core   0: 0x00001000 (0x00000297) auipc   t0, 0x0
core   0: 3 0x00001000 (0x00000297) x 5 0x00001000
core   0: 0x00001004 (0x02028593) addi    a1, t0, 32
core   0: 3 0x00001004 (0x02028593) x11 0x00001020
core   0: 0x00001008 (0xf1402573) csrr    a0, mhartid
core   0: 3 0x00001008 (0xf1402573) x10 0x00000000
core   0: 0x0000100c (0x0182a283) lw      t0, 24(t0)
core   0: 3 0x0000100c (0x0182a283) x 5 0x80000000 mem 0x00001018
core   0: 0x00001010 (0x00028067) jr      t0
core   0: 3 0x00001010 (0x00028067)
core   0: 0x80000000 (0xf14022f3) csrr    t0, mhartid
core   0: 3 0x80000000 (0xf14022f3) x 5 0x00000000
core   0: 0x80000004 (0x00000313) li      t1, 0
core   0: 3 0x80000004 (0x00000313) x 6 0x00000000
core   0: 0x80000008 (0x00628263) beq     t0, t1, pc + 4
core   0: 3 0x80000008 (0x00628263)
core   0: 0x8000000c (0x00000397) auipc   t2, 0x0
core   0: 3 0x8000000c (0x00000397) x 7 0x8000000c
core   0: 0x80000010 (0x00c38393) addi    t2, t2, 12
core   0: 3 0x80000010 (0x00c38393) x 7 0x80000018
core   0: 0x80000014 (0x00038067) jr      t2
core   0: 3 0x80000014 (0x00038067)
core   0: 0x80000018 (0x40000a37) lui     s4, 0x40000
core   0: 3 0x80000018 (0x40000a37) x20 0x40000000
core   0: 0x8000001c (0x100a0a13) addi    s4, s4, 256
core   0: 3 0x8000001c (0x100a0a13) x20 0x40000100
core   0: 0x80000020 (0x301a1073) csrw    misa, s4
core   0: 3 0x80000020 (0x301a1073) c769_misa 0x40140100
core   0: 0x80000024 (0x00015317) auipc   t1, 0x15
core   0: 3 0x80000024 (0x00015317) x 6 0x80015024
core   0: 0x80000028 (0xcc030313) addi    t1, t1, -832
core   0: 3 0x80000028 (0xcc030313) x 6 0x80014ce4
core   0: 0x8000002c (0x0000ba17) auipc   s4, 0xb
core   0: 3 0x8000002c (0x0000ba17) x20 0x8000b02c
core   0: 0x80000030 (0x2e0a0a13) addi    s4, s4, 736
core   0: 3 0x80000030 (0x2e0a0a13) x20 0x8000b30c
core   0: 0x80000034 (0x000a6a13) ori     s4, s4, 0
core   0: 3 0x80000034 (0x000a6a13) x20 0x8000b30c
core   0: 0x80000038 (0x305a1073) csrw    mtvec, s4
core   0: 3 0x80000038 (0x305a1073) c773_mtvec 0x8000b30c
core   0: 0x8000003c (0x00000a17) auipc   s4, 0x0
core   0: 3 0x8000003c (0x00000a17) x20 0x8000003c
core   0: 0x80000040 (0x028a0a13) addi    s4, s4, 40
core   0: 3 0x80000040 (0x028a0a13) x20 0x80000064
core   0: 0x80000044 (0x341a1073) csrw    mepc, s4
core   0: 3 0x80000044 (0x341a1073) c833_mepc 0x80000064
core   0: 0x80000048 (0x00000013) nop
core   0: 3 0x80000048 (0x00000013)
core   0: 0x8000004c (0x00002a37) lui     s4, 0x2
core   0: 3 0x8000004c (0x00002a37) x20 0x00002000
core   0: 0x80000050 (0x800a0a13) addi    s4, s4, -2048
core   0: 3 0x80000050 (0x800a0a13) x20 0x00001800
core   0: 0x80000054 (0x300a1073) csrw    mstatus, s4
core   0: 3 0x80000054 (0x300a1073) c768_mstatus 0x00001800
core   0: 0x80000058 (0x00000a13) li      s4, 0
core   0: 3 0x80000058 (0x00000a13) x20 0x00000000
core   0: 0x8000005c (0x304a1073) csrw    mie, s4
core   0: 3 0x8000005c (0x304a1073) c772_mie 0x00000000
core   0: 0x80000060 (0x30200073) mret
core   0: 3 0x80000060 (0x30200073) c768_mstatus 0x00000080
core   0: >>>>  init
core   0: 0x80000064 (0xfd0cc037) lui     zero, 0xfd0cc
core   0: 3 0x80000064 (0xfd0cc037)
core   0: 0x80000068 (0xada00013) li      zero, -1318
core   0: 3 0x80000068 (0xada00013)
core   0: 0x8000006c (0xfabe90b7) lui     ra, 0xfabe9
core   0: 3 0x8000006c (0xfabe90b7) x 1 0xfabe9000
core   0: 0x80000070 (0x97508093) addi    ra, ra, -1675
core   0: 3 0x80000070 (0x97508093) x 1 0xfabe8975
core   0: 0x80000074 (0x80000137) lui     sp, 0x80000
core   0: 3 0x80000074 (0x80000137) x 2 0x80000000
core   0: 0x80000078 (0x00000193) li      gp, 0
core   0: 3 0x80000078 (0x00000193) x 3 0x00000000
core   0: 0x8000007c (0x80000237) lui     tp, 0x80000
core   0: 3 0x8000007c (0x80000237) x 4 0x80000000
core   0: 0x80000080 (0x00200293) li      t0, 2
core   0: 3 0x80000080 (0x00200293) x 5 0x00000002
core   0: 0x80000084 (0x800003b7) lui     t2, 0x80000
core   0: 3 0x80000084 (0x800003b7) x 7 0x80000000
core   0: 0x80000088 (0x00b00413) li      s0, 11
core   0: 3 0x80000088 (0x00b00413) x 8 0x0000000b
core   0: 0x8000008c (0x800004b7) lui     s1, 0x80000
core   0: 3 0x8000008c (0x800004b7) x 9 0x80000000
core   0: 0x80000090 (0x800005b7) lui     a1, 0x80000
core   0: 3 0x80000090 (0x800005b7) x11 0x80000000
core   0: 0x80000094 (0x80000637) lui     a2, 0x80000
core   0: 3 0x80000094 (0x80000637) x12 0x80000000
core   0: 0x80000098 (0x4f2ef6b7) lui     a3, 0x4f2ef
core   0: 3 0x80000098 (0x4f2ef6b7) x13 0x4f2ef000
core   0: 0x8000009c (0x3ae68693) addi    a3, a3, 942
core   0: 3 0x8000009c (0x3ae68693) x13 0x4f2ef3ae
core   0: 0x800000a0 (0x80000737) lui     a4, 0x80000
core   0: 3 0x800000a0 (0x80000737) x14 0x80000000
core   0: 0x800000a4 (0x00200793) li      a5, 2
core   0: 3 0x800000a4 (0x00200793) x15 0x00000002
core   0: 0x800000a8 (0xf441f837) lui     a6, 0xf441f
core   0: 3 0x800000a8 (0xf441f837) x16 0xf441f000
core   0: 0x800000ac (0xc6880813) addi    a6, a6, -920
core   0: 3 0x800000ac (0xc6880813) x16 0xf441ec68
core   0: 0x800000b0 (0x800008b7) lui     a7, 0x80000
core   0: 3 0x800000b0 (0x800008b7) x17 0x80000000
core   0: 0x800000b4 (0x017db937) lui     s2, 0x17db
core   0: 3 0x800000b4 (0x017db937) x18 0x017db000
core   0: 0x800000b8 (0x11290913) addi    s2, s2, 274
core   0: 3 0x800000b8 (0x11290913) x18 0x017db112
core   0: 0x800000bc (0x800009b7) lui     s3, 0x80000
core   0: 3 0x800000bc (0x800009b7) x19 0x80000000
core   0: 0x800000c0 (0x80000a37) lui     s4, 0x80000
core   0: 3 0x800000c0 (0x80000a37) x20 0x80000000
core   0: 0x800000c4 (0xa5069ab7) lui     s5, 0xa5069
core   0: 3 0x800000c4 (0xa5069ab7) x21 0xa5069000
core   0: 0x800000c8 (0x25aa8a93) addi    s5, s5, 602
core   0: 3 0x800000c8 (0x25aa8a93) x21 0xa506925a
core   0: 0x800000cc (0x80000b37) lui     s6, 0x80000
core   0: 3 0x800000cc (0x80000b37) x22 0x80000000
core   0: 0x800000d0 (0xfc1c4bb7) lui     s7, 0xfc1c4
core   0: 3 0x800000d0 (0xfc1c4bb7) x23 0xfc1c4000
core   0: 0x800000d4 (0x258b8b93) addi    s7, s7, 600
core   0: 3 0x800000d4 (0x258b8b93) x23 0xfc1c4258
core   0: 0x800000d8 (0xf8cb0c37) lui     s8, 0xf8cb0
core   0: 3 0x800000d8 (0xf8cb0c37) x24 0xf8cb0000
core   0: 0x800000dc (0x1f1c0c13) addi    s8, s8, 497
core   0: 3 0x800000dc (0x1f1c0c13) x24 0xf8cb01f1
core   0: 0x800000e0 (0x01a81cb7) lui     s9, 0x1a81
core   0: 3 0x800000e0 (0x01a81cb7) x25 0x01a81000
core   0: 0x800000e4 (0xf13c8c93) addi    s9, s9, -237
core   0: 3 0x800000e4 (0xf13c8c93) x25 0x01a80f13
core   0: 0x800000e8 (0x80000d37) lui     s10, 0x80000
core   0: 3 0x800000e8 (0x80000d37) x26 0x80000000
core   0: 0x800000ec (0xbd768db7) lui     s11, 0xbd768
core   0: 3 0x800000ec (0xbd768db7) x27 0xbd768000
core   0: 0x800000f0 (0x28ad8d93) addi    s11, s11, 650
core   0: 3 0x800000f0 (0x28ad8d93) x27 0xbd76828a
core   0: 0x800000f4 (0xff1ede37) lui     t3, 0xff1ed
core   0: 3 0x800000f4 (0xff1ede37) x28 0xff1ed000
core   0: 0x800000f8 (0xc1ee0e13) addi    t3, t3, -994
core   0: 3 0x800000f8 (0xc1ee0e13) x28 0xff1ecc1e
core   0: 0x800000fc (0x00e00e93) li      t4, 14
core   0: 3 0x800000fc (0x00e00e93) x29 0x0000000e
core   0: 0x80000100 (0x96a24f37) lui     t5, 0x96a24
core   0: 3 0x80000100 (0x96a24f37) x30 0x96a24000
core   0: 0x80000104 (0x63df0f13) addi    t5, t5, 1597
core   0: 3 0x80000104 (0x63df0f13) x30 0x96a2463d
core   0: 0x80000108 (0x00000f93) li      t6, 0
core   0: 3 0x80000108 (0x00000f93) x31 0x00000000
core   0: 0x8000010c (0x00011517) auipc   a0, 0x11
core   0: 3 0x8000010c (0x00011517) x10 0x8001110c
core   0: 0x80000110 (0xd5850513) addi    a0, a0, -680
core   0: 3 0x80000110 (0xd5850513) x10 0x80010e64
core   0: 0x80000114 (0xfff00d93) li      s11, -1
core   0: 3 0x80000114 (0xfff00d93) x27 0xffffffff
core   0: 0x80000118 (0x00000493) li      s1, 0
core   0: 3 0x80000118 (0x00000493) x 9 0x00000000
core   0: 0x8000011c (0x800009b7) lui     s3, 0x80000
core   0: 3 0x8000011c (0x800009b7) x19 0x80000000
core   0: 0x80000120 (0x56ba80b7) lui     ra, 0x56ba8
core   0: 3 0x80000120 (0x56ba80b7) x 1 0x56ba8000
core   0: 0x80000124 (0x83108093) addi    ra, ra, -1999
core   0: 3 0x80000124 (0x83108093) x 1 0x56ba7831
core   0: 0x80000128 (0xfff00b13) li      s6, -1
core   0: 3 0x80000128 (0xfff00b13) x22 0xffffffff
core   0: 0x8000012c (0xfff00413) li      s0, -1
core   0: 3 0x8000012c (0xfff00413) x 8 0xffffffff
core   0: 0x80000130 (0x00000613) li      a2, 0
core   0: 3 0x80000130 (0x00000613) x12 0x00000000
core   0: 0x80000134 (0xfff00c93) li      s9, -1
core   0: 3 0x80000134 (0xfff00c93) x25 0xffffffff
core   0: 0x80000138 (0x800002b7) lui     t0, 0x80000
core   0: 3 0x80000138 (0x800002b7) x 5 0x80000000
core   0: 0x8000013c (0x00000913) li      s2, 0
core   0: 3 0x8000013c (0x00000913) x18 0x00000000
core   0: 0x80000140 (0x00000013) nop
core   0: 3 0x80000140 (0x00000013)
core   0: 0x80000144 (0xb4f23cb7) lui     s9, 0xb4f23
core   0: 3 0x80000144 (0xb4f23cb7) x25 0xb4f23000
core   0: 0x80000148 (0x57928093) addi    ra, t0, 1401
core   0: 3 0x80000148 (0x57928093) x 1 0x80000579
core   0: 0x8000014c (0x00000013) nop
core   0: 3 0x8000014c (0x00000013)
core   0: 0x80000150 (0x38602b17) auipc   s6, 0x38602
core   0: 3 0x80000150 (0x38602b17) x22 0xb8602150
core   0: 0x80000154 (0x4d4f7917) auipc   s2, 0x4d4f7
core   0: 3 0x80000154 (0x4d4f7917) x18 0xcd4f7154
core   0: 0x80000158 (0x401d8633) sub     a2, s11, ra
core   0: 3 0x80000158 (0x401d8633) x12 0x7ffffa86
core   0: 0x8000015c (0x1dac8613) addi    a2, s9, 474
core   0: 3 0x8000015c (0x1dac8613) x12 0xb4f231da
core   0: 0x80000160 (0x00000013) nop
core   0: 3 0x80000160 (0x00000013)
core   0: 0x80000164 (0x00000013) nop
core   0: 3 0x80000164 (0x00000013)
core   0: 0x80000168 (0x013902b3) add     t0, s2, s3
core   0: 3 0x80000168 (0x013902b3) x 5 0x4d4f7154
core   0: 0x8000016c (0x00000013) nop
core   0: 3 0x8000016c (0x00000013)
core   0: 0x80000170 (0x64590613) addi    a2, s2, 1605
core   0: 3 0x80000170 (0x64590613) x12 0xcd4f7799
core   0: 0x80000174 (0x078a4cb7) lui     s9, 0x78a4
core   0: 3 0x80000174 (0x078a4cb7) x25 0x078a4000
core   0: 0x80000178 (0x41bb02b3) sub     t0, s6, s11
core   0: 3 0x80000178 (0x41bb02b3) x 5 0xb8602151
core   0: 0x8000017c (0x6ee34c97) auipc   s9, 0x6ee34
core   0: 3 0x8000017c (0x6ee34c97) x25 0xeee3417c
core   0: 0x80000180 (0x00000013) nop
core   0: 3 0x80000180 (0x00000013)
core   0: 0x80000184 (0x18aa5d97) auipc   s11, 0x18aa5
core   0: 3 0x80000184 (0x18aa5d97) x27 0x98aa5184
core   0: 0x80000188 (0x343e5937) lui     s2, 0x343e5
core   0: 3 0x80000188 (0x343e5937) x18 0x343e5000
core   0: 0x8000018c (0x01b602b3) add     t0, a2, s11
core   0: 3 0x8000018c (0x01b602b3) x 5 0x65f9c91d
core   0: 0x80000190 (0x1275e4b7) lui     s1, 0x1275e
core   0: 3 0x80000190 (0x1275e4b7) x 9 0x1275e000
core   0: 0x80000194 (0x016b0cb3) add     s9, s6, s6
core   0: 3 0x80000194 (0x016b0cb3) x25 0x70c042a0
core   0: 0x80000198 (0x41bb00b3) sub     ra, s6, s11
core   0: 3 0x80000198 (0x41bb00b3) x 1 0x1fb5cfcc
core   0: 0x8000019c (0x2d694437) lui     s0, 0x2d694
core   0: 3 0x8000019c (0x2d694437) x 8 0x2d694000
core   0: 0x800001a0 (0xfff00493) li      s1, -1
core   0: 3 0x800001a0 (0xfff00493) x 9 0xffffffff
core   0: 0x800001a4 (0x80000137) lui     sp, 0x80000
core   0: 3 0x800001a4 (0x80000137) x 2 0x80000000
core   0: 0x800001a8 (0xfff00d13) li      s10, -1
core   0: 3 0x800001a8 (0xfff00d13) x26 0xffffffff
core   0: 0x800001ac (0xfff00f93) li      t6, -1
core   0: 3 0x800001ac (0xfff00f93) x31 0xffffffff
core   0: 0x800001b0 (0xcb31c9b7) lui     s3, 0xcb31c
core   0: 3 0x800001b0 (0xcb31c9b7) x19 0xcb31c000
core   0: 0x800001b4 (0x0ba98993) addi    s3, s3, 186
core   0: 3 0x800001b4 (0x0ba98993) x19 0xcb31c0ba
core   0: 0x800001b8 (0x800005b7) lui     a1, 0x80000
core   0: 3 0x800001b8 (0x800005b7) x11 0x80000000
core   0: 0x800001bc (0x00000f13) li      t5, 0
core   0: 3 0x800001bc (0x00000f13) x30 0x00000000
core   0: 0x800001c0 (0xfff00e13) li      t3, -1
core   0: 3 0x800001c0 (0xfff00e13) x28 0xffffffff
core   0: 0x800001c4 (0xf374e837) lui     a6, 0xf374e
core   0: 3 0x800001c4 (0xf374e837) x16 0xf374e000
core   0: 0x800001c8 (0xe1d80813) addi    a6, a6, -483
core   0: 3 0x800001c8 (0xe1d80813) x16 0xf374de1d
core   0: 0x800001cc (0x80000437) lui     s0, 0x80000
core   0: 3 0x800001cc (0x80000437) x 8 0x80000000
core   0: 0x800001d0 (0x029d0f13) addi    t5, s10, 41
core   0: 3 0x800001d0 (0x029d0f13) x30 0x00000028
core   0: 0x800001d4 (0x00000013) nop
core   0: 3 0x800001d4 (0x00000013)
core   0: 0x800001d8 (0x00000013) nop
core   0: 3 0x800001d8 (0x00000013)
core   0: 0x800001dc (0x41a80f33) sub     t5, a6, s10
core   0: 3 0x800001dc (0x41a80f33) x30 0xf374de1e
core   0: 0x800001e0 (0x41ed0133) sub     sp, s10, t5
core   0: 3 0x800001e0 (0x41ed0133) x 2 0x0c8b21e1
core   0: 0x800001e4 (0xc28daf97) auipc   t6, 0xc28da
core   0: 3 0x800001e4 (0xc28daf97) x31 0x428da1e4
core   0: 0x800001e8 (0xd841bfb7) lui     t6, 0xd841b
core   0: 3 0x800001e8 (0xd841bfb7) x31 0xd841b000
core   0: 0x800001ec (0x02095597) auipc   a1, 0x2095
core   0: 3 0x800001ec (0x02095597) x11 0x820951ec
core   0: 0x800001f0 (0xe6f1a497) auipc   s1, 0xe6f1a
core   0: 3 0x800001f0 (0xe6f1a497) x 9 0x66f1a1f0
core   0: 0x800001f4 (0x408d0d33) sub     s10, s10, s0
core   0: 3 0x800001f4 (0x408d0d33) x26 0x7fffffff
core   0: 0x800001f8 (0xb248afb7) lui     t6, 0xb248a
core   0: 3 0x800001f8 (0xb248afb7) x31 0xb248a000
core   0: 0x800001fc (0x7319ed17) auipc   s10, 0x7319e
core   0: 3 0x800001fc (0x7319ed17) x26 0xf319e1fc
core   0: 0x80000200 (0x009989b3) add     s3, s3, s1
core   0: 3 0x80000200 (0x009989b3) x19 0x322362aa
core   0: 0x80000204 (0x06510f93) addi    t6, sp, 101
core   0: 3 0x80000204 (0x06510f93) x31 0x0c8b2246
core   0: 0x80000208 (0x4f248813) addi    a6, s1, 1266
core   0: 3 0x80000208 (0x4f248813) x16 0x66f1a6e2
core   0: 0x8000020c (0x41c80133) sub     sp, a6, t3
core   0: 3 0x8000020c (0x41c80133) x 2 0x66f1a6e3
core   0: 0x80000210 (0x78ad0f93) addi    t6, s10, 1930
core   0: 3 0x80000210 (0x78ad0f93) x31 0xf319e986
core   0: 0x80000214 (0xb95d0413) addi    s0, s10, -1131
core   0: 3 0x80000214 (0xb95d0413) x 8 0xf319dd91
core   0: 0x80000218 (0x402f84b3) sub     s1, t6, sp
core   0: 3 0x80000218 (0x402f84b3) x 9 0x8c2842a3
core   0: 0x8000021c (0xc3f7f117) auipc   sp, 0xc3f7f
core   0: 3 0x8000021c (0xc3f7f117) x 2 0x43f7f21c
core   0: 0x80000220 (0x08304417) auipc   s0, 0x8304
core   0: 3 0x80000220 (0x08304417) x 8 0x88304220
core   0: 0x80000224 (0xda94ce37) lui     t3, 0xda94c
core   0: 3 0x80000224 (0xda94ce37) x28 0xda94c000
core   0: 0x80000228 (0x29ad0817) auipc   a6, 0x29ad0
core   0: 3 0x80000228 (0x29ad0817) x16 0xa9ad0228
core   0: 0x8000022c (0x01a98f33) add     t5, s3, s10
core   0: 3 0x8000022c (0x01a98f33) x30 0x253d44a6
core   0: 0x80000230 (0x00000013) nop
core   0: 3 0x80000230 (0x00000013)
core   0: 0x80000234 (0xe54efe37) lui     t3, 0xe54ef
core   0: 3 0x80000234 (0xe54efe37) x28 0xe54ef000
core   0: 0x80000238 (0x80000eb7) lui     t4, 0x80000
core   0: 3 0x80000238 (0x80000eb7) x29 0x80000000
core   0: 0x8000023c (0x80000137) lui     sp, 0x80000
core   0: 3 0x8000023c (0x80000137) x 2 0x80000000
core   0: 0x80000240 (0x91ad21b7) lui     gp, 0x91ad2
core   0: 3 0x80000240 (0x91ad21b7) x 3 0x91ad2000
core   0: 0x80000244 (0xc6618193) addi    gp, gp, -922
core   0: 3 0x80000244 (0xc6618193) x 3 0x91ad1c66
core   0: 0x80000248 (0x00000093) li      ra, 0
core   0: 3 0x80000248 (0x00000093) x 1 0x00000000
core   0: 0x8000024c (0x670579b7) lui     s3, 0x67057
core   0: 3 0x8000024c (0x670579b7) x19 0x67057000
core   0: 0x80000250 (0x55798993) addi    s3, s3, 1367
core   0: 3 0x80000250 (0x55798993) x19 0x67057557
core   0: 0x80000254 (0xf04655b7) lui     a1, 0xf0465
core   0: 3 0x80000254 (0xf04655b7) x11 0xf0465000
core   0: 0x80000258 (0x7ff58593) addi    a1, a1, 2047
core   0: 3 0x80000258 (0x7ff58593) x11 0xf04657ff
core   0: 0x8000025c (0x00000e13) li      t3, 0
core   0: 3 0x8000025c (0x00000e13) x28 0x00000000
core   0: 0x80000260 (0x800007b7) lui     a5, 0x80000
core   0: 3 0x80000260 (0x800007b7) x15 0x80000000
core   0: 0x80000264 (0xaa90bf37) lui     t5, 0xaa90b
core   0: 3 0x80000264 (0xaa90bf37) x30 0xaa90b000
core   0: 0x80000268 (0x3aaf0f13) addi    t5, t5, 938
core   0: 3 0x80000268 (0x3aaf0f13) x30 0xaa90b3aa
core   0: 0x8000026c (0x00000813) li      a6, 0
core   0: 3 0x8000026c (0x00000813) x16 0x00000000
core   0: 0x80000270 (0x2b1d5e37) lui     t3, 0x2b1d5
core   0: 3 0x80000270 (0x2b1d5e37) x28 0x2b1d5000
core   0: 0x80000274 (0x40b58833) sub     a6, a1, a1
core   0: 3 0x80000274 (0x40b58833) x16 0x00000000
core   0: 0x80000278 (0x00000013) nop
core   0: 3 0x80000278 (0x00000013)
core   0: 0x8000027c (0x389b4097) auipc   ra, 0x389b4
core   0: 3 0x8000027c (0x389b4097) x 1 0xb89b427c
core   0: 0x80000280 (0x00000013) nop
core   0: 3 0x80000280 (0x00000013)
core   0: 0x80000284 (0x78ff0993) addi    s3, t5, 1935
core   0: 3 0x80000284 (0x78ff0993) x19 0xaa90bb39
core   0: 0x80000288 (0x01d987b3) add     a5, s3, t4
core   0: 3 0x80000288 (0x01d987b3) x15 0x2a90bb39
core   0: 0x8000028c (0xd76e8e13) addi    t3, t4, -650
core   0: 3 0x8000028c (0xd76e8e13) x28 0x7ffffd76
core   0: 0x80000290 (0x01e08e33) add     t3, ra, t5
core   0: 3 0x80000290 (0x01e08e33) x28 0x632bf626
core   0: 0x80000294 (0x41c98133) sub     sp, s3, t3
core   0: 3 0x80000294 (0x41c98133) x 2 0x4764c513
core   0: 0x80000298 (0x0baf0593) addi    a1, t5, 186
core   0: 3 0x80000298 (0x0baf0593) x11 0xaa90b464
core   0: 0x8000029c (0x09e58093) addi    ra, a1, 158
core   0: 3 0x8000029c (0x09e58093) x 1 0xaa90b502
core   0: 0x800002a0 (0xde710e93) addi    t4, sp, -537
core   0: 3 0x800002a0 (0xde710e93) x29 0x4764c2fa
core   0: 0x800002a4 (0xd9693117) auipc   sp, 0xd9693
core   0: 3 0x800002a4 (0xd9693117) x 2 0x596932a4
core   0: 0x800002a8 (0x00000013) nop
core   0: 3 0x800002a8 (0x00000013)
core   0: 0x800002ac (0x00218133) add     sp, gp, sp
core   0: 3 0x800002ac (0x00218133) x 2 0xeb164f0a
core   0: 0x800002b0 (0xc6780593) addi    a1, a6, -921
core   0: 3 0x800002b0 (0xc6780593) x11 0xfffffc67
core   0: 0x800002b4 (0x4c6d7cb7) lui     s9, 0x4c6d7
core   0: 3 0x800002b4 (0x4c6d7cb7) x25 0x4c6d7000
core   0: 0x800002b8 (0x0ffc8c93) addi    s9, s9, 255
core   0: 3 0x800002b8 (0x0ffc8c93) x25 0x4c6d70ff
core   0: 0x800002bc (0x800007b7) lui     a5, 0x80000
core   0: 3 0x800002bc (0x800007b7) x15 0x80000000
core   0: 0x800002c0 (0x00000e13) li      t3, 0
core   0: 3 0x800002c0 (0x00000e13) x28 0x00000000
core   0: 0x800002c4 (0xfff00d93) li      s11, -1
core   0: 3 0x800002c4 (0xfff00d93) x27 0xffffffff
core   0: 0x800002c8 (0x00000e93) li      t4, 0
core   0: 3 0x800002c8 (0x00000e93) x29 0x00000000
core   0: 0x800002cc (0x00000613) li      a2, 0
core   0: 3 0x800002cc (0x00000613) x12 0x00000000
core   0: 0x800002d0 (0xfff00193) li      gp, -1
core   0: 3 0x800002d0 (0xfff00193) x 3 0xffffffff
core   0: 0x800002d4 (0x800000b7) lui     ra, 0x80000
core   0: 3 0x800002d4 (0x800000b7) x 1 0x80000000
core   0: 0x800002d8 (0xfff00893) li      a7, -1
core   0: 3 0x800002d8 (0xfff00893) x17 0xffffffff
core   0: 0x800002dc (0x8d27d9b7) lui     s3, 0x8d27d
core   0: 3 0x800002dc (0x8d27d9b7) x19 0x8d27d000
core   0: 0x800002e0 (0x0c298993) addi    s3, s3, 194
core   0: 3 0x800002e0 (0x0c298993) x19 0x8d27d0c2
core   0: 0x800002e4 (0x40cc8db3) sub     s11, s9, a2
core   0: 3 0x800002e4 (0x40cc8db3) x27 0x4c6d70ff
core   0: 0x800002e8 (0x3ba60193) addi    gp, a2, 954
core   0: 3 0x800002e8 (0x3ba60193) x 3 0x000003ba
core   0: 0x800002ec (0xf70ce7b7) lui     a5, 0xf70ce
core   0: 3 0x800002ec (0xf70ce7b7) x15 0xf70ce000
core   0: 0x800002f0 (0x00000013) nop
core   0: 3 0x800002f0 (0x00000013)
core   0: 0x800002f4 (0x8ade80b7) lui     ra, 0x8ade8
core   0: 3 0x800002f4 (0x8ade80b7) x 1 0x8ade8000
core   0: 0x800002f8 (0x31aae8b7) lui     a7, 0x31aae
core   0: 3 0x800002f8 (0x31aae8b7) x17 0x31aae000
core   0: 0x800002fc (0x957639b7) lui     s3, 0x95763
core   0: 3 0x800002fc (0x957639b7) x19 0x95763000
core   0: 0x80000300 (0x419609b3) sub     s3, a2, s9
core   0: 3 0x80000300 (0x419609b3) x19 0xb3928f01
core   0: 0x80000304 (0x2b337d97) auipc   s11, 0x2b337
core   0: 3 0x80000304 (0x2b337d97) x27 0xab337304
core   0: 0x80000308 (0xc0408893) addi    a7, ra, -1020
core   0: 3 0x80000308 (0xc0408893) x17 0x8ade7c04
core   0: 0x8000030c (0x58b35797) auipc   a5, 0x58b35
core   0: 3 0x8000030c (0x58b35797) x15 0xd8b3530c
core   0: 0x80000310 (0xc4778793) addi    a5, a5, -953
core   0: 3 0x80000310 (0xc4778793) x15 0xd8b34f53
core   0: 0x80000314 (0x6b223e97) auipc   t4, 0x6b223
core   0: 3 0x80000314 (0x6b223e97) x29 0xeb223314
core   0: 0x80000318 (0x00fd80b3) add     ra, s11, a5
core   0: 3 0x80000318 (0x00fd80b3) x 1 0x83e6c257
core   0: 0x8000031c (0x41118db3) sub     s11, gp, a7
core   0: 3 0x8000031c (0x41118db3) x27 0x752187b6
core   0: 0x80000320 (0x99aabe17) auipc   t3, 0x99aab
core   0: 3 0x80000320 (0x99aabe17) x28 0x19aab320
core   0: 0x80000324 (0x013d80b3) add     ra, s11, s3
core   0: 3 0x80000324 (0x013d80b3) x 1 0x28b416b7
core   0: 0x80000328 (0x01d60633) add     a2, a2, t4
core   0: 3 0x80000328 (0x01d60633) x12 0xeb223314
core   0: 0x8000032c (0x42818093) addi    ra, gp, 1064
core   0: 3 0x8000032c (0x42818093) x 1 0x000007e2
core   0: 0x80000330 (0x00000013) nop
core   0: 3 0x80000330 (0x00000013)
core   0: 0x80000334 (0x7f1e18b7) lui     a7, 0x7f1e1
core   0: 3 0x80000334 (0x7f1e18b7) x17 0x7f1e1000
core   0: 0x80000338 (0x48ed8e93) addi    t4, s11, 1166
core   0: 3 0x80000338 (0x48ed8e93) x29 0x75218c44
core   0: 0x8000033c (0x0fee0db7) lui     s11, 0xfee0
core   0: 3 0x8000033c (0x0fee0db7) x27 0x0fee0000
core   0: 0x80000340 (0x80000137) lui     sp, 0x80000
core   0: 3 0x80000340 (0x80000137) x 2 0x80000000
core   0: 0x80000344 (0xfff00d13) li      s10, -1
core   0: 3 0x80000344 (0xfff00d13) x26 0xffffffff
core   0: 0x80000348 (0xfff00813) li      a6, -1
core   0: 3 0x80000348 (0xfff00813) x16 0xffffffff
core   0: 0x8000034c (0xfff00c93) li      s9, -1
core   0: 3 0x8000034c (0xfff00c93) x25 0xffffffff
core   0: 0x80000350 (0xfff00b93) li      s7, -1
core   0: 3 0x80000350 (0xfff00b93) x23 0xffffffff
core   0: 0x80000354 (0xfff00893) li      a7, -1
core   0: 3 0x80000354 (0xfff00893) x17 0xffffffff
core   0: 0x80000358 (0x00000213) li      tp, 0
core   0: 3 0x80000358 (0x00000213) x 4 0x00000000
core   0: 0x8000035c (0xfff00093) li      ra, -1
core   0: 3 0x8000035c (0xfff00093) x 1 0xffffffff
core   0: 0x80000360 (0x80000437) lui     s0, 0x80000
core   0: 3 0x80000360 (0x80000437) x 8 0x80000000
core   0: 0x80000364 (0xfff00a13) li      s4, -1
core   0: 3 0x80000364 (0xfff00a13) x20 0xffffffff
core   0: 0x80000368 (0x8c780d13) addi    s10, a6, -1849
core   0: 3 0x80000368 (0x8c780d13) x26 0xfffff8c6
core   0: 0x8000036c (0xce867237) lui     tp, 0xce867
core   0: 3 0x8000036c (0xce867237) x 4 0xce867000
core   0: 0x80000370 (0xcae1cbb7) lui     s7, 0xcae1c
core   0: 3 0x80000370 (0xcae1cbb7) x23 0xcae1c000
core   0: 0x80000374 (0x404d0433) sub     s0, s10, tp
core   0: 3 0x80000374 (0x404d0433) x 8 0x317988c6
core   0: 0x80000378 (0x00000013) nop
core   0: 3 0x80000378 (0x00000013)
core   0: 0x8000037c (0x3e751b97) auipc   s7, 0x3e751
core   0: 3 0x8000037c (0x3e751b97) x23 0xbe75137c
core   0: 0x80000380 (0x41410433) sub     s0, sp, s4
core   0: 3 0x80000380 (0x41410433) x 8 0x80000001
core   0: 0x80000384 (0xd0fbc437) lui     s0, 0xd0fbc
core   0: 3 0x80000384 (0xd0fbc437) x 8 0xd0fbc000
core   0: 0x80000388 (0x40880133) sub     sp, a6, s0
core   0: 3 0x80000388 (0x40880133) x 2 0x2f043fff
core   0: 0x8000038c (0x01720cb3) add     s9, tp, s7
core   0: 3 0x8000038c (0x01720cb3) x25 0x8cfb837c
core   0: 0x80000390 (0x00108b97) auipc   s7, 0x108
core   0: 3 0x80000390 (0x00108b97) x23 0x80108390
core   0: 0x80000394 (0x41ece097) auipc   ra, 0x41ece
core   0: 3 0x80000394 (0x41ece097) x 1 0xc1ece394
core   0: 0x80000398 (0x00840133) add     sp, s0, s0
core   0: 3 0x80000398 (0x00840133) x 2 0xa1f78000
core   0: 0x8000039c (0x00000013) nop
core   0: 3 0x8000039c (0x00000013)
core   0: 0x800003a0 (0xd6c64b97) auipc   s7, 0xd6c64
core   0: 3 0x800003a0 (0xd6c64b97) x23 0x56c643a0
core   0: 0x800003a4 (0x00000013) nop
core   0: 3 0x800003a4 (0x00000013)
core   0: 0x800003a8 (0x20f4db97) auipc   s7, 0x20f4d
core   0: 3 0x800003a8 (0x20f4db97) x23 0xa0f4d3a8
core   0: 0x800003ac (0xc199d097) auipc   ra, 0xc199d
core   0: 3 0x800003ac (0xc199d097) x 1 0x4199d3ac
core   0: 0x800003b0 (0x00840d33) add     s10, s0, s0
core   0: 3 0x800003b0 (0x00840d33) x26 0xa1f78000
core   0: 0x800003b4 (0x402c80b3) sub     ra, s9, sp
core   0: 3 0x800003b4 (0x402c80b3) x 1 0xeb04037c
core   0: 0x800003b8 (0x41410cb3) sub     s9, sp, s4
core   0: 3 0x800003b8 (0x41410cb3) x25 0xa1f78001
core   0: 0x800003bc (0x008800b3) add     ra, a6, s0
core   0: 3 0x800003bc (0x008800b3) x 1 0xd0fbbfff
core   0: 0x800003c0 (0x1e4e7bb7) lui     s7, 0x1e4e7
core   0: 3 0x800003c0 (0x1e4e7bb7) x23 0x1e4e7000
core   0: 0x800003c4 (0x402b8233) sub     tp, s7, sp
core   0: 3 0x800003c4 (0x402b8233) x 4 0x7c56f000
core   0: 0x800003c8 (0x40840bb3) sub     s7, s0, s0
core   0: 3 0x800003c8 (0x40840bb3) x23 0x00000000
core   0: 0x800003cc (0x001c8233) add     tp, s9, ra
core   0: 3 0x800003cc (0x001c8233) x 4 0x72f34000
core   0: 0x800003d0 (0xfff00e93) li      t4, -1
core   0: 3 0x800003d0 (0xfff00e93) x29 0xffffffff
core   0: 0x800003d4 (0x800001b7) lui     gp, 0x80000
core   0: 3 0x800003d4 (0x800001b7) x 3 0x80000000
core   0: 0x800003d8 (0x00000813) li      a6, 0
core   0: 3 0x800003d8 (0x00000813) x16 0x00000000
core   0: 0x800003dc (0xfff00613) li      a2, -1
core   0: 3 0x800003dc (0xfff00613) x12 0xffffffff
core   0: 0x800003e0 (0x00000a93) li      s5, 0
core   0: 3 0x800003e0 (0x00000a93) x21 0x00000000
core   0: 0x800003e4 (0xfff00693) li      a3, -1
core   0: 3 0x800003e4 (0xfff00693) x13 0xffffffff
core   0: 0x800003e8 (0x00000d93) li      s11, 0
core   0: 3 0x800003e8 (0x00000d93) x27 0x00000000
core   0: 0x800003ec (0x80000d37) lui     s10, 0x80000
core   0: 3 0x800003ec (0x80000d37) x26 0x80000000
core   0: 0x800003f0 (0x4d6c4f37) lui     t5, 0x4d6c4
core   0: 3 0x800003f0 (0x4d6c4f37) x30 0x4d6c4000
core   0: 0x800003f4 (0xf8af0f13) addi    t5, t5, -118
core   0: 3 0x800003f4 (0xf8af0f13) x30 0x4d6c3f8a
core   0: 0x800003f8 (0x00000993) li      s3, 0
core   0: 3 0x800003f8 (0x00000993) x19 0x00000000
core   0: 0x800003fc (0x00000013) nop
core   0: 3 0x800003fc (0x00000013)
core   0: 0x80000400 (0x27943637) lui     a2, 0x27943
core   0: 3 0x80000400 (0x27943637) x12 0x27943000
core   0: 0x80000404 (0x010606b3) add     a3, a2, a6
core   0: 3 0x80000404 (0x010606b3) x13 0x27943000
core   0: 0x80000408 (0x00000013) nop
core   0: 3 0x80000408 (0x00000013)
core   0: 0x8000040c (0x70853d97) auipc   s11, 0x70853
core   0: 3 0x8000040c (0x70853d97) x27 0xf085340c
core   0: 0x80000410 (0x40c98ab3) sub     s5, s3, a2
core   0: 3 0x80000410 (0x40c98ab3) x21 0xd86bd000
core   0: 0x80000414 (0x25974697) auipc   a3, 0x25974
core   0: 3 0x80000414 (0x25974697) x13 0xa5974414
core   0: 0x80000418 (0x7eec0a97) auipc   s5, 0x7eec0
core   0: 3 0x80000418 (0x7eec0a97) x21 0xfeec0418
core   0: 0x8000041c (0x003a8633) add     a2, s5, gp
core   0: 3 0x8000041c (0x003a8633) x12 0x7eec0418
core   0: 0x80000420 (0xc9d18813) addi    a6, gp, -867
core   0: 3 0x80000420 (0xc9d18813) x16 0x7ffffc9d
core   0: 0x80000424 (0x00000013) nop
core   0: 3 0x80000424 (0x00000013)
core   0: 0x80000428 (0x0e218d13) addi    s10, gp, 226
core   0: 3 0x80000428 (0x0e218d13) x26 0x800000e2
core   0: 0x8000042c (0xc0d68693) addi    a3, a3, -1011
core   0: 3 0x8000042c (0xc0d68693) x13 0xa5974021
core   0: 0x80000430 (0x00000013) nop
core   0: 3 0x80000430 (0x00000013)
core   0: 0x80000434 (0x4177a197) auipc   gp, 0x4177a
core   0: 3 0x80000434 (0x4177a197) x 3 0xc177a434
core   0: 0x80000438 (0x9fe8de97) auipc   t4, 0x9fe8d
core   0: 3 0x80000438 (0x9fe8de97) x29 0x1fe8d438
core   0: 0x8000043c (0x90fd6617) auipc   a2, 0x90fd6
core   0: 3 0x8000043c (0x90fd6617) x12 0x10fd643c
core   0: 0x80000440 (0xc997fa97) auipc   s5, 0xc997f
core   0: 3 0x80000440 (0xc997fa97) x21 0x4997f440
core   0: 0x80000444 (0x00000013) nop
core   0: 3 0x80000444 (0x00000013)
core   0: 0x80000448 (0x00000013) nop
core   0: 3 0x80000448 (0x00000013)
core   0: 0x8000044c (0x00000013) nop
core   0: 3 0x8000044c (0x00000013)
core   0: 0x80000450 (0x40d186b3) sub     a3, gp, a3
core   0: 3 0x80000450 (0x40d186b3) x13 0x1be06413
core   0: 0x80000454 (0x31580697) auipc   a3, 0x31580
core   0: 3 0x80000454 (0x31580697) x13 0xb1580454
core   0: 0x80000458 (0x01e60d33) add     s10, a2, t5
core   0: 3 0x80000458 (0x01e60d33) x26 0x5e69a3c6
core   0: 0x8000045c (0x8ff68813) addi    a6, a3, -1793
core   0: 3 0x8000045c (0x8ff68813) x16 0xb157fd53
core   0: 0x80000460 (0x00c68f33) add     t5, a3, a2
core   0: 3 0x80000460 (0x00c68f33) x30 0xc2556890
core   0: 0x80000464 (0x41d80f33) sub     t5, a6, t4
core   0: 3 0x80000464 (0x41d80f33) x30 0x916f291b
core   0: 0x80000468 (0x00000c13) li      s8, 0
core   0: 3 0x80000468 (0x00000c13) x24 0x00000000
core   0: 0x8000046c (0x00000a13) li      s4, 0
core   0: 3 0x8000046c (0x00000a13) x20 0x00000000
core   0: 0x80000470 (0x800001b7) lui     gp, 0x80000
core   0: 3 0x80000470 (0x800001b7) x 3 0x80000000
core   0: 0x80000474 (0x00000293) li      t0, 0
core   0: 3 0x80000474 (0x00000293) x 5 0x00000000
core   0: 0x80000478 (0xa58a9437) lui     s0, 0xa58a9
core   0: 3 0x80000478 (0xa58a9437) x 8 0xa58a9000
core   0: 0x8000047c (0x1f640413) addi    s0, s0, 502
core   0: 3 0x8000047c (0x1f640413) x 8 0xa58a91f6
core   0: 0x80000480 (0x00000b13) li      s6, 0
core   0: 3 0x80000480 (0x00000b13) x22 0x00000000
core   0: 0x80000484 (0x00000e93) li      t4, 0
core   0: 3 0x80000484 (0x00000e93) x29 0x00000000
core   0: 0x80000488 (0x800000b7) lui     ra, 0x80000
core   0: 3 0x80000488 (0x800000b7) x 1 0x80000000
core   0: 0x8000048c (0xfff00593) li      a1, -1
core   0: 3 0x8000048c (0xfff00593) x11 0xffffffff
core   0: 0x80000490 (0x00000c93) li      s9, 0
core   0: 3 0x80000490 (0x00000c93) x25 0x00000000
core   0: 0x80000494 (0x003b0433) add     s0, s6, gp
core   0: 3 0x80000494 (0x003b0433) x 8 0x80000000
core   0: 0x80000498 (0x014e8b33) add     s6, t4, s4
core   0: 3 0x80000498 (0x014e8b33) x22 0x00000000
core   0: 0x8000049c (0x001582b3) add     t0, a1, ra
core   0: 3 0x8000049c (0x001582b3) x 5 0x7fffffff
core   0: 0x800004a0 (0x40858a33) sub     s4, a1, s0
core   0: 3 0x800004a0 (0x40858a33) x20 0x7fffffff
core   0: 0x800004a4 (0x00358433) add     s0, a1, gp
core   0: 3 0x800004a4 (0x00358433) x 8 0x7fffffff
core   0: 0x800004a8 (0x4a9b5c97) auipc   s9, 0x4a9b5
core   0: 3 0x800004a8 (0x4a9b5c97) x25 0xca9b54a8
core   0: 0x800004ac (0x5cb3b097) auipc   ra, 0x5cb3b
core   0: 3 0x800004ac (0x5cb3b097) x 1 0xdcb3b4ac
core   0: 0x800004b0 (0x2a018193) addi    gp, gp, 672
core   0: 3 0x800004b0 (0x2a018193) x 3 0x800002a0
core   0: 0x800004b4 (0x1c4a0593) addi    a1, s4, 452
core   0: 3 0x800004b4 (0x1c4a0593) x11 0x800001c3
core   0: 0x800004b8 (0x00000013) nop
core   0: 3 0x800004b8 (0x00000013)
core   0: 0x800004bc (0xba8e8b13) addi    s6, t4, -1112
core   0: 3 0x800004bc (0xba8e8b13) x22 0xfffffba8
core   0: 0x800004c0 (0x5ba930b7) lui     ra, 0x5ba93
core   0: 3 0x800004c0 (0x5ba930b7) x 1 0x5ba93000
core   0: 0x800004c4 (0x01440eb3) add     t4, s0, s4
core   0: 3 0x800004c4 (0x01440eb3) x29 0xfffffffe
core   0: 0x800004c8 (0x86be8e93) addi    t4, t4, -1941
core   0: 3 0x800004c8 (0x86be8e93) x29 0xfffff869
core   0: 0x800004cc (0x00000013) nop
core   0: 3 0x800004cc (0x00000013)
core   0: 0x800004d0 (0x00000013) nop
core   0: 3 0x800004d0 (0x00000013)
core   0: 0x800004d4 (0x00000013) nop
core   0: 3 0x800004d4 (0x00000013)
core   0: 0x800004d8 (0x40108eb3) sub     t4, ra, ra
core   0: 3 0x800004d8 (0x40108eb3) x29 0x00000000
core   0: 0x800004dc (0x7defd417) auipc   s0, 0x7defd
core   0: 3 0x800004dc (0x7defd417) x 8 0xfdefd4dc
core   0: 0x800004e0 (0x418c81b3) sub     gp, s9, s8
core   0: 3 0x800004e0 (0x418c81b3) x 3 0xca9b54a8
core   0: 0x800004e4 (0x01d40cb3) add     s9, s0, t4
core   0: 3 0x800004e4 (0x01d40cb3) x25 0xfdefd4dc
core   0: 0x800004e8 (0x40818cb3) sub     s9, gp, s0
core   0: 3 0x800004e8 (0x40818cb3) x25 0xccab7fcc
core   0: 0x800004ec (0x003185b3) add     a1, gp, gp
core   0: 3 0x800004ec (0x003185b3) x11 0x9536a950
core   0: 0x800004f0 (0x00000f93) li      t6, 0
core   0: 3 0x800004f0 (0x00000f93) x31 0x00000000
core   0: 0x800004f4 (0x6a4c95b7) lui     a1, 0x6a4c9
core   0: 3 0x800004f4 (0x6a4c95b7) x11 0x6a4c9000
core   0: 0x800004f8 (0x0e058593) addi    a1, a1, 224
core   0: 3 0x800004f8 (0x0e058593) x11 0x6a4c90e0
core   0: 0x800004fc (0xfff00b13) li      s6, -1
core   0: 3 0x800004fc (0xfff00b13) x22 0xffffffff
core   0: 0x80000500 (0x2ad82cb7) lui     s9, 0x2ad82
core   0: 3 0x80000500 (0x2ad82cb7) x25 0x2ad82000
core   0: 0x80000504 (0x981c8c93) addi    s9, s9, -1663
core   0: 3 0x80000504 (0x981c8c93) x25 0x2ad81981
core   0: 0x80000508 (0x00000913) li      s2, 0
core   0: 3 0x80000508 (0x00000913) x18 0x00000000
core   0: 0x8000050c (0x800009b7) lui     s3, 0x80000
core   0: 3 0x8000050c (0x800009b7) x19 0x80000000
core   0: 0x80000510 (0xfff00d93) li      s11, -1
core   0: 3 0x80000510 (0xfff00d93) x27 0xffffffff
core   0: 0x80000514 (0x00000713) li      a4, 0
core   0: 3 0x80000514 (0x00000713) x14 0x00000000
core   0: 0x80000518 (0x00000293) li      t0, 0
core   0: 3 0x80000518 (0x00000293) x 5 0x00000000
core   0: 0x8000051c (0xfff00a93) li      s5, -1
core   0: 3 0x8000051c (0xfff00a93) x21 0xffffffff
core   0: 0x80000520 (0x00000013) nop
core   0: 3 0x80000520 (0x00000013)
core   0: 0x80000524 (0x41370cb3) sub     s9, a4, s3
core   0: 3 0x80000524 (0x41370cb3) x25 0x80000000
core   0: 0x80000528 (0x40ba8cb3) sub     s9, s5, a1
core   0: 3 0x80000528 (0x40ba8cb3) x25 0x95b36f1f
core   0: 0x8000052c (0x1105c917) auipc   s2, 0x1105c
core   0: 3 0x8000052c (0x1105c917) x18 0x9105c52c
core   0: 0x80000530 (0x01b58db3) add     s11, a1, s11
core   0: 3 0x80000530 (0x01b58db3) x27 0x6a4c90df
core   0: 0x80000534 (0x00000013) nop
core   0: 3 0x80000534 (0x00000013)
core   0: 0x80000538 (0x00b282b3) add     t0, t0, a1
core   0: 3 0x80000538 (0x00b282b3) x 5 0x6a4c90e0
core   0: 0x8000053c (0x00000013) nop
core   0: 3 0x8000053c (0x00000013)
core   0: 0x80000540 (0xcf2dbb37) lui     s6, 0xcf2db
core   0: 3 0x80000540 (0xcf2dbb37) x22 0xcf2db000
core   0: 0x80000544 (0x7d1c8f93) addi    t6, s9, 2001
core   0: 3 0x80000544 (0x7d1c8f93) x31 0x95b376f0
core   0: 0x80000548 (0xb2e7eb37) lui     s6, 0xb2e7e
core   0: 3 0x80000548 (0xb2e7eb37) x22 0xb2e7e000
core   0: 0x8000054c (0x0c970913) addi    s2, a4, 201
core   0: 3 0x8000054c (0x0c970913) x18 0x000000c9
core   0: 0x80000550 (0x67fd8c93) addi    s9, s11, 1663
core   0: 3 0x80000550 (0x67fd8c93) x25 0x6a4c975e
core   0: 0x80000554 (0xf82b1997) auipc   s3, 0xf82b1
core   0: 3 0x80000554 (0xf82b1997) x19 0x782b1554
core   0: 0x80000558 (0x179deab7) lui     s5, 0x179de
core   0: 3 0x80000558 (0x179deab7) x21 0x179de000
core   0: 0x8000055c (0x1b8c8f93) addi    t6, s9, 440
core   0: 3 0x8000055c (0x1b8c8f93) x31 0x6a4c9916
core   0: 0x80000560 (0xfff00d13) li      s10, -1
core   0: 3 0x80000560 (0xfff00d13) x26 0xffffffff
core   0: 0x80000564 (0x383fb137) lui     sp, 0x383fb
core   0: 3 0x80000564 (0x383fb137) x 2 0x383fb000
core   0: 0x80000568 (0x3b110113) addi    sp, sp, 945
core   0: 3 0x80000568 (0x3b110113) x 2 0x383fb3b1
core   0: 0x8000056c (0x800000b7) lui     ra, 0x80000
core   0: 3 0x8000056c (0x800000b7) x 1 0x80000000
core   0: 0x80000570 (0x1a110c37) lui     s8, 0x1a110
core   0: 3 0x80000570 (0x1a110c37) x24 0x1a110000
core   0: 0x80000574 (0x884c0c13) addi    s8, s8, -1916
core   0: 3 0x80000574 (0x884c0c13) x24 0x1a10f884
core   0: 0x80000578 (0xfff00193) li      gp, -1
core   0: 3 0x80000578 (0xfff00193) x 3 0xffffffff
core   0: 0x8000057c (0x800002b7) lui     t0, 0x80000
core   0: 3 0x8000057c (0x800002b7) x 5 0x80000000
core   0: 0x80000580 (0xfff00c93) li      s9, -1
core   0: 3 0x80000580 (0xfff00c93) x25 0xffffffff
core   0: 0x80000584 (0x800006b7) lui     a3, 0x80000
core   0: 3 0x80000584 (0x800006b7) x13 0x80000000
core   0: 0x80000588 (0x17309a37) lui     s4, 0x17309
core   0: 3 0x80000588 (0x17309a37) x20 0x17309000
core   0: 0x8000058c (0x8afa0a13) addi    s4, s4, -1873
core   0: 3 0x8000058c (0x8afa0a13) x20 0x173088af
core   0: 0x80000590 (0x5eb3ceb7) lui     t4, 0x5eb3c
core   0: 3 0x80000590 (0x5eb3ceb7) x29 0x5eb3c000
core   0: 0x80000594 (0xcf3e8e93) addi    t4, t4, -781
core   0: 3 0x80000594 (0xcf3e8e93) x29 0x5eb3bcf3
core   0: 0x80000598 (0x001186b3) add     a3, gp, ra
core   0: 3 0x80000598 (0x001186b3) x13 0x7fffffff
core   0: 0x8000059c (0x13dc1297) auipc   t0, 0x13dc1
core   0: 3 0x8000059c (0x13dc1297) x 5 0x93dc159c
core   0: 0x800005a0 (0x01868a33) add     s4, a3, s8
core   0: 3 0x800005a0 (0x01868a33) x20 0x9a10f883
core   0: 0x800005a4 (0xb62cfcb7) lui     s9, 0xb62cf
core   0: 3 0x800005a4 (0xb62cfcb7) x25 0xb62cf000
core   0: 0x800005a8 (0xac259117) auipc   sp, 0xac259
core   0: 3 0x800005a8 (0xac259117) x 2 0x2c2595a8
core   0: 0x800005ac (0x960d0693) addi    a3, s10, -1696
core   0: 3 0x800005ac (0x960d0693) x13 0xfffff95f
core   0: 0x800005b0 (0x3a610e93) addi    t4, sp, 934
core   0: 3 0x800005b0 (0x3a610e93) x29 0x2c25994e
core   0: 0x800005b4 (0x401181b3) sub     gp, gp, ra
core   0: 3 0x800005b4 (0x401181b3) x 3 0x7fffffff
core   0: 0x800005b8 (0x4eb28d13) addi    s10, t0, 1259
core   0: 3 0x800005b8 (0x4eb28d13) x26 0x93dc1a87
core   0: 0x800005bc (0x01808cb3) add     s9, ra, s8
core   0: 3 0x800005bc (0x01808cb3) x25 0x9a10f884
core   0: 0x800005c0 (0x402e81b3) sub     gp, t4, sp
core   0: 3 0x800005c0 (0x402e81b3) x 3 0x000003a6
core   0: 0x800005c4 (0xa259c117) auipc   sp, 0xa259c
core   0: 3 0x800005c4 (0xa259c117) x 2 0x2259c5c4
core   0: 0x800005c8 (0x9e207117) auipc   sp, 0x9e207
core   0: 3 0x800005c8 (0x9e207117) x 2 0x1e2075c8
core   0: 0x800005cc (0xa35c0c13) addi    s8, s8, -1483
core   0: 3 0x800005cc (0xa35c0c13) x24 0x1a10f2b9
core   0: 0x800005d0 (0x00dc8c33) add     s8, s9, a3
core   0: 3 0x800005d0 (0x00dc8c33) x24 0x9a10f1e3
core   0: 0x800005d4 (0x00000013) nop
core   0: 3 0x800005d4 (0x00000013)
core   0: 0x800005d8 (0x40518d33) sub     s10, gp, t0
core   0: 3 0x800005d8 (0x40518d33) x26 0x6c23ee0a
core   0: 0x800005dc (0x8eb18693) addi    a3, gp, -1813
core   0: 3 0x800005dc (0x8eb18693) x13 0xfffffc91
core   0: 0x800005e0 (0x3c8eb197) auipc   gp, 0x3c8eb
core   0: 3 0x800005e0 (0x3c8eb197) x 3 0xbc8eb5e0
core   0: 0x800005e4 (0x052cea17) auipc   s4, 0x52ce
core   0: 3 0x800005e4 (0x052cea17) x20 0x852ce5e4
core   0: 0x800005e8 (0x4c418c13) addi    s8, gp, 1220
core   0: 3 0x800005e8 (0x4c418c13) x24 0xbc8ebaa4
core   0: 0x800005ec (0xc63a0cb7) lui     s9, 0xc63a0
core   0: 3 0x800005ec (0xc63a0cb7) x25 0xc63a0000
core   0: 0x800005f0 (0x79b3ca37) lui     s4, 0x79b3c
core   0: 3 0x800005f0 (0x79b3ca37) x20 0x79b3c000
core   0: 0x800005f4 (0x56b32a17) auipc   s4, 0x56b32
core   0: 3 0x800005f4 (0x56b32a17) x20 0xd6b325f4
core   0: 0x800005f8 (0xfff00793) li      a5, -1
core   0: 3 0x800005f8 (0xfff00793) x15 0xffffffff
core   0: 0x800005fc (0xfff00d13) li      s10, -1
core   0: 3 0x800005fc (0xfff00d13) x26 0xffffffff
core   0: 0x80000600 (0x80000b37) lui     s6, 0x80000
core   0: 3 0x80000600 (0x80000b37) x22 0x80000000
core   0: 0x80000604 (0xfff00213) li      tp, -1
core   0: 3 0x80000604 (0xfff00213) x 4 0xffffffff
core   0: 0x80000608 (0xfff00f93) li      t6, -1
core   0: 3 0x80000608 (0xfff00f93) x31 0xffffffff
core   0: 0x8000060c (0x00000d93) li      s11, 0
core   0: 3 0x8000060c (0x00000d93) x27 0x00000000
core   0: 0x80000610 (0x80000f37) lui     t5, 0x80000
core   0: 3 0x80000610 (0x80000f37) x30 0x80000000
core   0: 0x80000614 (0x7037de37) lui     t3, 0x7037d
core   0: 3 0x80000614 (0x7037de37) x28 0x7037d000
core   0: 0x80000618 (0xf61e0e13) addi    t3, t3, -159
core   0: 3 0x80000618 (0xf61e0e13) x28 0x7037cf61
core   0: 0x8000061c (0x00000593) li      a1, 0
core   0: 3 0x8000061c (0x00000593) x11 0x00000000
core   0: 0x80000620 (0x800008b7) lui     a7, 0x80000
core   0: 3 0x80000620 (0x800008b7) x17 0x80000000
core   0: 0x80000624 (0x41b58b33) sub     s6, a1, s11
core   0: 3 0x80000624 (0x41b58b33) x22 0x00000000
core   0: 0x80000628 (0x00000013) nop
core   0: 3 0x80000628 (0x00000013)
core   0: 0x8000062c (0x9cf3cdb7) lui     s11, 0x9cf3c
core   0: 3 0x8000062c (0x9cf3cdb7) x27 0x9cf3c000
core   0: 0x80000630 (0xf2a78b13) addi    s6, a5, -214
core   0: 3 0x80000630 (0xf2a78b13) x22 0xffffff29
core   0: 0x80000634 (0xf05d8893) addi    a7, s11, -251
core   0: 3 0x80000634 (0xf05d8893) x17 0x9cf3bf05
core   0: 0x80000638 (0x00000013) nop
core   0: 3 0x80000638 (0x00000013)
core   0: 0x8000063c (0x01b205b3) add     a1, tp, s11
core   0: 3 0x8000063c (0x01b205b3) x11 0x9cf3bfff
core   0: 0x80000640 (0x82291237) lui     tp, 0x82291
core   0: 3 0x80000640 (0x82291237) x 4 0x82291000
core   0: 0x80000644 (0x00000013) nop
core   0: 3 0x80000644 (0x00000013)
core   0: 0x80000648 (0x00000013) nop
core   0: 3 0x80000648 (0x00000013)
core   0: 0x8000064c (0xb96e0e13) addi    t3, t3, -1130
core   0: 3 0x8000064c (0xb96e0e13) x28 0x7037caf7
core   0: 0x80000650 (0x21b58b13) addi    s6, a1, 539
core   0: 3 0x80000650 (0x21b58b13) x22 0x9cf3c21a
core   0: 0x80000654 (0x40b785b3) sub     a1, a5, a1
core   0: 3 0x80000654 (0x40b785b3) x11 0x630c4000
core   0: 0x80000658 (0x00000013) nop
core   0: 3 0x80000658 (0x00000013)
core   0: 0x8000065c (0x33f8a797) auipc   a5, 0x33f8a
core   0: 3 0x8000065c (0x33f8a797) x15 0xb3f8a65c
core   0: 0x80000660 (0x41f88fb3) sub     t6, a7, t6
core   0: 3 0x80000660 (0x41f88fb3) x31 0x9cf3bf06
core   0: 0x80000664 (0x00000013) nop
core   0: 3 0x80000664 (0x00000013)
core   0: 0x80000668 (0x5d846217) auipc   tp, 0x5d846
core   0: 3 0x80000668 (0x5d846217) x 4 0xdd846668
core   0: 0x8000066c (0xc4443e17) auipc   t3, 0xc4443
core   0: 3 0x8000066c (0xc4443e17) x28 0x4444366c
core   0: 0x80000670 (0x51d6e217) auipc   tp, 0x51d6e
core   0: 3 0x80000670 (0x51d6e217) x 4 0xd1d6e670
core   0: 0x80000674 (0x99243217) auipc   tp, 0x99243
core   0: 3 0x80000674 (0x99243217) x 4 0x19243674
core   0: 0x80000678 (0xfff00413) li      s0, -1
core   0: 3 0x80000678 (0xfff00413) x 8 0xffffffff
core   0: 0x8000067c (0xfff00193) li      gp, -1
core   0: 3 0x8000067c (0xfff00193) x 3 0xffffffff
core   0: 0x80000680 (0x80000cb7) lui     s9, 0x80000
core   0: 3 0x80000680 (0x80000cb7) x25 0x80000000
core   0: 0x80000684 (0xfff00a93) li      s5, -1
core   0: 3 0x80000684 (0xfff00a93) x21 0xffffffff
core   0: 0x80000688 (0xfff00693) li      a3, -1
core   0: 3 0x80000688 (0xfff00693) x13 0xffffffff
core   0: 0x8000068c (0x80000fb7) lui     t6, 0x80000
core   0: 3 0x8000068c (0x80000fb7) x31 0x80000000
core   0: 0x80000690 (0x800000b7) lui     ra, 0x80000
core   0: 3 0x80000690 (0x800000b7) x 1 0x80000000
core   0: 0x80000694 (0x80000937) lui     s2, 0x80000
core   0: 3 0x80000694 (0x80000937) x18 0x80000000
core   0: 0x80000698 (0x80000737) lui     a4, 0x80000
core   0: 3 0x80000698 (0x80000737) x14 0x80000000
core   0: 0x8000069c (0x6773e9b7) lui     s3, 0x6773e
core   0: 3 0x8000069c (0x6773e9b7) x19 0x6773e000
core   0: 0x800006a0 (0x2d598993) addi    s3, s3, 725
core   0: 3 0x800006a0 (0x2d598993) x19 0x6773e2d5
core   0: 0x800006a4 (0x00e400b3) add     ra, s0, a4
core   0: 3 0x800006a4 (0x00e400b3) x 1 0x7fffffff
core   0: 0x800006a8 (0x01540933) add     s2, s0, s5
core   0: 3 0x800006a8 (0x01540933) x18 0xfffffffe
core   0: 0x800006ac (0x419a8933) sub     s2, s5, s9
core   0: 3 0x800006ac (0x419a8933) x18 0x7fffffff
core   0: 0x800006b0 (0x412909b3) sub     s3, s2, s2
core   0: 3 0x800006b0 (0x412909b3) x19 0x00000000
core   0: 0x800006b4 (0x00e08933) add     s2, ra, a4
core   0: 3 0x800006b4 (0x00e08933) x18 0xffffffff
core   0: 0x800006b8 (0xc0793997) auipc   s3, 0xc0793
core   0: 3 0x800006b8 (0xc0793997) x19 0x407936b8
core   0: 0x800006bc (0x00000013) nop
core   0: 3 0x800006bc (0x00000013)
core   0: 0x800006c0 (0x41208933) sub     s2, ra, s2
core   0: 3 0x800006c0 (0x41208933) x18 0x80000000
core   0: 0x800006c4 (0xa6f9f917) auipc   s2, 0xa6f9f
core   0: 3 0x800006c4 (0xa6f9f917) x18 0x26f9f6c4
core   0: 0x800006c8 (0x019706b3) add     a3, a4, s9
core   0: 3 0x800006c8 (0x019706b3) x13 0x00000000
core   0: 0x800006cc (0x015a8cb3) add     s9, s5, s5
core   0: 3 0x800006cc (0x015a8cb3) x25 0xfffffffe
core   0: 0x800006d0 (0x52da7fb7) lui     t6, 0x52da7
core   0: 3 0x800006d0 (0x52da7fb7) x31 0x52da7000
core   0: 0x800006d4 (0x051c8093) addi    ra, s9, 81
core   0: 3 0x800006d4 (0x051c8093) x 1 0x0000004f
core   0: 0x800006d8 (0x00000013) nop
core   0: 3 0x800006d8 (0x00000013)
core   0: 0x800006dc (0xb9d90413) addi    s0, s2, -1123
core   0: 3 0x800006dc (0xb9d90413) x 8 0x26f9f261
core   0: 0x800006e0 (0x9a5cf097) auipc   ra, 0x9a5cf
core   0: 3 0x800006e0 (0x9a5cf097) x 1 0x1a5cf6e0
core   0: 0x800006e4 (0x79790f93) addi    t6, s2, 1943
core   0: 3 0x800006e4 (0x79790f93) x31 0x26f9fe5b
core   0: 0x800006e8 (0x009e65b3) or      a1, t3, s1
core   0: 3 0x800006e8 (0x009e65b3) x11 0xcc6c76ef
core   0: 0x800006ec (0x015c9f13) slli    t5, s9, 21
core   0: 3 0x800006ec (0x015c9f13) x30 0xffc00000
core   0: 0x800006f0 (0x41b107b3) sub     a5, sp, s11
core   0: 3 0x800006f0 (0x41b107b3) x15 0x812cb5c8
core   0: 0x800006f4 (0x0155b4b3) sltu    s1, a1, s5
core   0: 3 0x800006f4 (0x0155b4b3) x 9 0x00000001
core   0: 0x800006f8 (0x006ae5b3) or      a1, s5, t1
core   0: 3 0x800006f8 (0x006ae5b3) x11 0xffffffff
core   0: 0x800006fc (0x00ac5293) srli    t0, s8, 10
core   0: 3 0x800006fc (0x00ac5293) x 5 0x002f23ae
core   0: 0x80000700 (0x015d8733) add     a4, s11, s5
core   0: 3 0x80000700 (0x015d8733) x14 0x9cf3bfff
core   0: 0x80000704 (0x417fd5b3) sra     a1, t6, s7
core   0: 3 0x80000704 (0x417fd5b3) x11 0x26f9fe5b
core   0: 0x80000708 (0x01c01b93) slli    s7, zero, 28
core   0: 3 0x80000708 (0x01c01b93) x23 0x00000000
core   0: 0x8000070c (0x59822213) slti    tp, tp, 1432
core   0: 3 0x8000070c (0x59822213) x 4 0x00000000
core   0: 0x80000710 (0xa073f013) andi    zero, t2, -1529
core   0: 3 0x80000710 (0xa073f013)
core   0: 0x80000714 (0x00000013) nop
core   0: 3 0x80000714 (0x00000013)
core   0: 0x80000718 (0x00475233) srl     tp, a4, tp
core   0: 3 0x80000718 (0x00475233) x 4 0x9cf3bfff
core   0: 0x8000071c (0xaa14f297) auipc   t0, 0xaa14f
core   0: 3 0x8000071c (0xaa14f297) x 5 0x2a14f71c
core   0: 0x80000720 (0x6902a713) slti    a4, t0, 1680
core   0: 3 0x80000720 (0x6902a713) x14 0x00000000
core   0: 0x80000724 (0x409bd733) sra     a4, s7, s1
core   0: 3 0x80000724 (0x409bd733) x14 0x00000000
core   0: 0x80000728 (0xf923a913) slti    s2, t2, -110
core   0: 3 0x80000728 (0xf923a913) x18 0x00000001
core   0: 0x8000072c (0x0026d8b3) srl     a7, a3, sp
core   0: 3 0x8000072c (0x0026d8b3) x17 0x00000000
core   0: 0x80000730 (0x00053cb3) sltu    s9, a0, zero
core   0: 3 0x80000730 (0x00053cb3) x25 0x00000000
core   0: 0x80000734 (0x000479b3) and     s3, s0, zero
core   0: 3 0x80000734 (0x000479b3) x19 0x00000000
core   0: 0x80000738 (0x00e206b3) add     a3, tp, a4
core   0: 3 0x80000738 (0x00e206b3) x13 0x9cf3bfff
core   0: 0x8000073c (0x019cd613) srli    a2, s9, 25
core   0: 3 0x8000073c (0x019cd613) x12 0x00000000
core   0: 0x80000740 (0x000fcc33) xor     s8, t6, zero
core   0: 3 0x80000740 (0x000fcc33) x24 0x26f9fe5b
core   0: 0x80000744 (0x01b6a433) slt     s0, a3, s11
core   0: 3 0x80000744 (0x01b6a433) x 8 0x00000001
core   0: 0x80000748 (0x412f8733) sub     a4, t6, s2
core   0: 3 0x80000748 (0x412f8733) x14 0x26f9fe5a
core   0: 0x8000074c (0x4088d013) srai    zero, a7, 8
core   0: 3 0x8000074c (0x4088d013)
core   0: 0x80000750 (0x015b8bb3) add     s7, s7, s5
core   0: 3 0x80000750 (0x015b8bb3) x23 0xffffffff
core   0: 0x80000754 (0x3bab7113) andi    sp, s6, 954
core   0: 3 0x80000754 (0x3bab7113) x 2 0x0000021a
core   0: 0x80000758 (0x5efb2c13) slti    s8, s6, 1519
core   0: 3 0x80000758 (0x5efb2c13) x24 0x00000001
core   0: 0x8000075c (0x0003b133) sltu    sp, t2, zero
core   0: 3 0x8000075c (0x0003b133) x 2 0x00000000
core   0: 0x80000760 (0x00907133) and     sp, zero, s1
core   0: 3 0x80000760 (0x00907133) x 2 0x00000000
core   0: 0x80000764 (0x03b6ca93) xori    s5, a3, 59
core   0: 3 0x80000764 (0x03b6ca93) x21 0x9cf3bfc4
core   0: 0x80000768 (0x65df4b17) auipc   s6, 0x65df4
core   0: 3 0x80000768 (0x65df4b17) x22 0xe5df4768
core   0: 0x8000076c (0x063deb93) ori     s7, s11, 99
core   0: 3 0x8000076c (0x063deb93) x23 0x9cf3c063
core   0: 0x80000770 (0x26c6f593) andi    a1, a3, 620
core   0: 3 0x80000770 (0x26c6f593) x11 0x0000026c
core   0: 0x80000774 (0x01350233) add     tp, a0, s3
core   0: 3 0x80000774 (0x01350233) x 4 0x80010e64
core   0: 0x80000778 (0x403fd133) sra     sp, t6, gp
core   0: 3 0x80000778 (0x403fd133) x 2 0x00000000
core   0: 0x8000077c (0x01d5fc33) and     s8, a1, t4
core   0: 3 0x8000077c (0x01d5fc33) x24 0x0000004c
core   0: 0x80000780 (0x017e4db3) xor     s11, t3, s7
core   0: 3 0x80000780 (0x017e4db3) x27 0xd8b7f60f
core   0: 0x80000784 (0xec6ab293) sltiu   t0, s5, -314
core   0: 3 0x80000784 (0xec6ab293) x 5 0x00000001
core   0: 0x80000788 (0xf43aeeb7) lui     t4, 0xf43ae
core   0: 3 0x80000788 (0xf43aeeb7) x29 0xf43ae000
core   0: 0x8000078c (0x00000013) nop
core   0: 3 0x8000078c (0x00000013)
core   0: 0x80000790 (0x01116eb3) or      t4, sp, a7
core   0: 3 0x80000790 (0x01116eb3) x29 0x00000000
core   0: 0x80000794 (0x00000013) nop
core   0: 3 0x80000794 (0x00000013)
core   0: 0x80000798 (0x019bfe33) and     t3, s7, s9
core   0: 3 0x80000798 (0x019bfe33) x28 0x00000000
core   0: 0x8000079c (0x00205e13) srli    t3, zero, 2
core   0: 3 0x8000079c (0x00205e13) x28 0x00000000
core   0: 0x800007a0 (0x01e73b33) sltu    s6, a4, t5
core   0: 3 0x800007a0 (0x01e73b33) x22 0x00000001
core   0: 0x800007a4 (0x00a95233) srl     tp, s2, a0
core   0: 3 0x800007a4 (0x00a95233) x 4 0x00000000
core   0: 0x800007a8 (0x00de1d33) sll     s10, t3, a3
core   0: 3 0x800007a8 (0x00de1d33) x26 0x00000000
core   0: 0x800007ac (0x00fd7db3) and     s11, s10, a5
core   0: 3 0x800007ac (0x00fd7db3) x27 0x00000000
core   0: 0x800007b0 (0x35fced93) ori     s11, s9, 863
core   0: 3 0x800007b0 (0x35fced93) x27 0x0000035f
core   0: 0x800007b4 (0x005012b3) sll     t0, zero, t0
core   0: 3 0x800007b4 (0x005012b3) x 5 0x00000000
core   0: 0x800007b8 (0x00b7edb3) or      s11, a5, a1
core   0: 3 0x800007b8 (0x00b7edb3) x27 0x812cb7ec
core   0: 0x800007bc (0x004cbab3) sltu    s5, s9, tp
core   0: 3 0x800007bc (0x004cbab3) x21 0x00000000
core   0: 0x800007c0 (0xa9e70e93) addi    t4, a4, -1378
core   0: 3 0x800007c0 (0xa9e70e93) x29 0x26f9f8f8
core   0: 0x800007c4 (0x01cbefb3) or      t6, s7, t3
core   0: 3 0x800007c4 (0x01cbefb3) x31 0x9cf3c063
core   0: 0x800007c8 (0x00c3beb3) sltu    t4, t2, a2
core   0: 3 0x800007c8 (0x00c3beb3) x29 0x00000000
core   0: 0x800007cc (0x224b8793) addi    a5, s7, 548
core   0: 3 0x800007cc (0x224b8793) x15 0x9cf3c287
core   0: 0x800007d0 (0x017bceb3) xor     t4, s7, s7
core   0: 3 0x800007d0 (0x017bceb3) x29 0x00000000
core   0: 0x800007d4 (0x403e5593) srai    a1, t3, 3
core   0: 3 0x800007d4 (0x403e5593) x11 0x00000000
core   0: 0x800007d8 (0x01039cb3) sll     s9, t2, a6
core   0: 3 0x800007d8 (0x01039cb3) x25 0x00000000
core   0: 0x800007dc (0x01a58a33) add     s4, a1, s10
core   0: 3 0x800007dc (0x01a58a33) x20 0x00000000
core   0: 0x800007e0 (0x00200633) add     a2, zero, sp
core   0: 3 0x800007e0 (0x00200633) x12 0x00000000
core   0: 0x800007e4 (0x0108f2b3) and     t0, a7, a6
core   0: 3 0x800007e4 (0x0108f2b3) x 5 0x00000000
core   0: 0x800007e8 (0x7ffa14b7) lui     s1, 0x7ffa1
core   0: 3 0x800007e8 (0x7ffa14b7) x 9 0x7ffa1000
core   0: 0x800007ec (0xf6dd2e13) slti    t3, s10, -147
core   0: 3 0x800007ec (0xf6dd2e13) x28 0x00000000
core   0: 0x800007f0 (0x4e1dc117) auipc   sp, 0x4e1dc
core   0: 3 0x800007f0 (0x4e1dc117) x 2 0xce1dc7f0
core   0: 0x800007f4 (0xab926793) ori     a5, tp, -1351
core   0: 3 0x800007f4 (0xab926793) x15 0xfffffab9
core   0: 0x800007f8 (0x01dfd813) srli    a6, t6, 29
core   0: 3 0x800007f8 (0x01dfd813) x16 0x00000004
core   0: 0x800007fc (0x4067d133) sra     sp, a5, t1
core   0: 3 0x800007fc (0x4067d133) x 2 0xffffffab
core   0: 0x80000800 (0x003c5bb3) srl     s7, s8, gp
core   0: 3 0x80000800 (0x003c5bb3) x23 0x00000000
core   0: 0x80000804 (0x018e4fb3) xor     t6, t3, s8
core   0: 3 0x80000804 (0x018e4fb3) x31 0x0000004c
core   0: 0x80000808 (0x27b54b97) auipc   s7, 0x27b54
core   0: 3 0x80000808 (0x27b54b97) x23 0xa7b54808
core   0: 0x8000080c (0x82732f13) slti    t5, t1, -2009
core   0: 3 0x8000080c (0x82732f13) x30 0x00000001
core   0: 0x80000810 (0x01221093) slli    ra, tp, 18
core   0: 3 0x80000810 (0x01221093) x 1 0x00000000
core   0: 0x80000814 (0x0002a2b3) slt     t0, t0, zero
core   0: 3 0x80000814 (0x0002a2b3) x 5 0x00000000
core   0: 0x80000818 (0x19da4f13) xori    t5, s4, 413
core   0: 3 0x80000818 (0x19da4f13) x30 0x0000019d
core   0: 0x8000081c (0x01b8c133) xor     sp, a7, s11
core   0: 3 0x8000081c (0x01b8c133) x 2 0x812cb7ec
core   0: 0x80000820 (0x79d97613) andi    a2, s2, 1949
core   0: 3 0x80000820 (0x79d97613) x12 0x00000001
core   0: 0x80000824 (0x40195933) sra     s2, s2, ra
core   0: 3 0x80000824 (0x40195933) x18 0x00000001
core   0: 0x80000828 (0x11c40f13) addi    t5, s0, 284
core   0: 3 0x80000828 (0x11c40f13) x30 0x0000011d
core   0: 0x8000082c (0x41f35113) srai    sp, t1, 31
core   0: 3 0x8000082c (0x41f35113) x 2 0xffffffff
core   0: 0x80000830 (0x00e0b1b3) sltu    gp, ra, a4
core   0: 3 0x80000830 (0x00e0b1b3) x 3 0x00000001
core   0: 0x80000834 (0x401655b3) sra     a1, a2, ra
core   0: 3 0x80000834 (0x401655b3) x11 0x00000001
core   0: 0x80000838 (0x01e9d813) srli    a6, s3, 30
core   0: 3 0x80000838 (0x01e9d813) x16 0x00000000
core   0: 0x8000083c (0x011c9013) slli    zero, s9, 17
core   0: 3 0x8000083c (0x011c9013)
core   0: 0x80000840 (0x32776813) ori     a6, a4, 807
core   0: 3 0x80000840 (0x32776813) x16 0x26f9ff7f
core   0: 0x80000844 (0x01ad1e13) slli    t3, s10, 26
core   0: 3 0x80000844 (0x01ad1e13) x28 0x00000000
core   0: 0x80000848 (0x41638d33) sub     s10, t2, s6
core   0: 3 0x80000848 (0x41638d33) x26 0x7fffffff
core   0: 0x8000084c (0x019e18b3) sll     a7, t3, s9
core   0: 3 0x8000084c (0x019e18b3) x17 0x00000000
core   0: 0x80000850 (0x018bd2b3) srl     t0, s7, s8
core   0: 3 0x80000850 (0x018bd2b3) x 5 0x000a7b54
core   0: 0x80000854 (0x35637b13) andi    s6, t1, 854
core   0: 3 0x80000854 (0x35637b13) x22 0x00000044
core   0: 0x80000858 (0x40715bb3) sra     s7, sp, t2
core   0: 3 0x80000858 (0x40715bb3) x23 0xffffffff
core   0: 0x8000085c (0xb8755437) lui     s0, 0xb8755
core   0: 3 0x8000085c (0xb8755437) x 8 0xb8755000
core   0: 0x80000860 (0x016b48b3) xor     a7, s6, s6
core   0: 3 0x80000860 (0x016b48b3) x17 0x00000000
core   0: 0x80000864 (0x8b541f37) lui     t5, 0x8b541
core   0: 3 0x80000864 (0x8b541f37) x30 0x8b541000
core   0: 0x80000868 (0x001e7a33) and     s4, t3, ra
core   0: 3 0x80000868 (0x001e7a33) x20 0x00000000
core   0: 0x8000086c (0xad507713) andi    a4, zero, -1323
core   0: 3 0x8000086c (0xad507713) x14 0x00000000
core   0: 0x80000870 (0x01ebff33) and     t5, s7, t5
core   0: 3 0x80000870 (0x01ebff33) x30 0x8b541000
core   0: 0x80000874 (0x01c26eb3) or      t4, tp, t3
core   0: 3 0x80000874 (0x01c26eb3) x29 0x00000000
core   0: 0x80000878 (0x00865413) srli    s0, a2, 8
core   0: 3 0x80000878 (0x00865413) x 8 0x00000000
core   0: 0x8000087c (0xa2abcf93) xori    t6, s7, -1494
core   0: 3 0x8000087c (0xa2abcf93) x31 0x000005d5
core   0: 0x80000880 (0xaafeccb7) lui     s9, 0xaafec
core   0: 3 0x80000880 (0xaafeccb7) x25 0xaafec000
core   0: 0x80000884 (0x028c6193) ori     gp, s8, 40
core   0: 3 0x80000884 (0x028c6193) x 3 0x0000006c
core   0: 0x80000888 (0xd6b90e93) addi    t4, s2, -661
core   0: 3 0x80000888 (0xd6b90e93) x29 0xfffffd6c
core   0: 0x8000088c (0xab34ce93) xori    t4, s1, -1357
core   0: 3 0x8000088c (0xab34ce93) x29 0x8005eab3
core   0: 0x80000890 (0x01509813) slli    a6, ra, 21
core   0: 3 0x80000890 (0x01509813) x16 0x00000000
core   0: 0x80000894 (0x62e24a93) xori    s5, tp, 1582
core   0: 3 0x80000894 (0x62e24a93) x21 0x0000062e
core   0: 0x80000898 (0x001ae033) or      zero, s5, ra
core   0: 3 0x80000898 (0x001ae033)
core   0: 0x8000089c (0x01f2e933) or      s2, t0, t6
core   0: 3 0x8000089c (0x01f2e933) x18 0x000a7fd5
core   0: 0x800008a0 (0xfa780f13) addi    t5, a6, -89
core   0: 3 0x800008a0 (0xfa780f13) x30 0xffffffa7
core   0: 0x800008a4 (0x01cdd193) srli    gp, s11, 28
core   0: 3 0x800008a4 (0x01cdd193) x 3 0x00000008
core   0: 0x800008a8 (0x40085cb3) sra     s9, a6, zero
core   0: 3 0x800008a8 (0x40085cb3) x25 0x00000000
core   0: 0x800008ac (0x00aca133) slt     sp, s9, a0
core   0: 3 0x800008ac (0x00aca133) x 2 0x00000000
core   0: 0x800008b0 (0x446c0093) addi    ra, s8, 1094
core   0: 3 0x800008b0 (0x446c0093) x 1 0x00000492
core   0: 0x800008b4 (0x011cf6b3) and     a3, s9, a7
core   0: 3 0x800008b4 (0x011cf6b3) x13 0x00000000
core   0: 0x800008b8 (0xeede4413) xori    s0, t3, -275
core   0: 3 0x800008b8 (0xeede4413) x 8 0xfffffeed
core   0: 0x800008bc (0x002cdd33) srl     s10, s9, sp
core   0: 3 0x800008bc (0x002cdd33) x26 0x00000000
core   0: 0x800008c0 (0x006b8033) add     zero, s7, t1
core   0: 3 0x800008c0 (0x006b8033)
core   0: 0x800008c4 (0x41d48d33) sub     s10, s1, t4
core   0: 3 0x800008c4 (0x41d48d33) x26 0xfff4254d
core   0: 0x800008c8 (0x01712c33) slt     s8, sp, s7
core   0: 3 0x800008c8 (0x01712c33) x24 0x00000000
core   0: 0x800008cc (0xcf6c0793) addi    a5, s8, -778
core   0: 3 0x800008cc (0xcf6c0793) x15 0xfffffcf6
core   0: 0x800008d0 (0x007ccf33) xor     t5, s9, t2
core   0: 3 0x800008d0 (0x007ccf33) x30 0x80000000
core   0: 0x800008d4 (0x00d59733) sll     a4, a1, a3
core   0: 3 0x800008d4 (0x00d59733) x14 0x00000001
core   0: 0x800008d8 (0x006be9b3) or      s3, s7, t1
core   0: 3 0x800008d8 (0x006be9b3) x19 0xffffffff
core   0: 0x800008dc (0x86d38b13) addi    s6, t2, -1939
core   0: 3 0x800008dc (0x86d38b13) x22 0x7ffff86d
core   0: 0x800008e0 (0x01a729b3) slt     s3, a4, s10
core   0: 3 0x800008e0 (0x01a729b3) x19 0x00000000
core   0: 0x800008e4 (0x017d49b3) xor     s3, s10, s7
core   0: 3 0x800008e4 (0x017d49b3) x19 0x000bdab2
core   0: 0x800008e8 (0x515df613) andi    a2, s11, 1301
core   0: 3 0x800008e8 (0x515df613) x12 0x00000504
core   0: 0x800008ec (0x01d09833) sll     a6, ra, t4
core   0: 3 0x800008ec (0x01d09833) x16 0x24900000
core   0: 0x800008f0 (0x01d41713) slli    a4, s0, 29
core   0: 3 0x800008f0 (0x01d41713) x14 0xa0000000
core   0: 0x800008f4 (0x01b3ff93) andi    t6, t2, 27
core   0: 3 0x800008f4 (0x01b3ff93) x31 0x00000000
core   0: 0x800008f8 (0x40e8d813) srai    a6, a7, 14
core   0: 3 0x800008f8 (0x40e8d813) x16 0x00000000
core   0: 0x800008fc (0xb87145b7) lui     a1, 0xb8714
core   0: 3 0x800008fc (0xb87145b7) x11 0xb8714000
core   0: 0x80000900 (0x01581e33) sll     t3, a6, s5
core   0: 3 0x80000900 (0x01581e33) x28 0x00000000
core   0: 0x80000904 (0x010587b3) add     a5, a1, a6
core   0: 3 0x80000904 (0x010587b3) x15 0xb8714000
core   0: 0x80000908 (0x711bc793) xori    a5, s7, 1809
core   0: 3 0x80000908 (0x711bc793) x15 0xfffff8ee
core   0: 0x8000090c (0x41325d13) srai    s10, tp, 19
core   0: 3 0x8000090c (0x41325d13) x26 0x00000000
core   0: 0x80000910 (0x01d90833) add     a6, s2, t4
core   0: 3 0x80000910 (0x01d90833) x16 0x80106a88
core   0: 0x80000914 (0x0c9b7b13) andi    s6, s6, 201
core   0: 3 0x80000914 (0x0c9b7b13) x22 0x00000049
core   0: 0x80000918 (0x3fe0a713) slti    a4, ra, 1022
core   0: 3 0x80000918 (0x3fe0a713) x14 0x00000000
core   0: 0x8000091c (0x38b97f13) andi    t5, s2, 907
core   0: 3 0x8000091c (0x38b97f13) x30 0x00000381
core   0: 0x80000920 (0x46f53c93) sltiu   s9, a0, 1135
core   0: 3 0x80000920 (0x46f53c93) x25 0x00000000
core   0: 0x80000924 (0x5103be13) sltiu   t3, t2, 1296
core   0: 3 0x80000924 (0x5103be13) x28 0x00000000
core   0: 0x80000928 (0x011ea733) slt     a4, t4, a7
core   0: 3 0x80000928 (0x011ea733) x14 0x00000001
core   0: 0x8000092c (0x00801f33) sll     t5, zero, s0
core   0: 3 0x8000092c (0x00801f33) x30 0x00000000
core   0: 0x80000930 (0x017a20b3) slt     ra, s4, s7
core   0: 3 0x80000930 (0x017a20b3) x 1 0x00000000
core   0: 0x80000934 (0x418f8eb3) sub     t4, t6, s8
core   0: 3 0x80000934 (0x418f8eb3) x29 0x00000000
core   0: 0x80000938 (0x002fd193) srli    gp, t6, 2
core   0: 3 0x80000938 (0x002fd193) x 3 0x00000000
core   0: 0x8000093c (0x40bb5913) srai    s2, s6, 11
core   0: 3 0x8000093c (0x40bb5913) x18 0x00000000
core   0: 0x80000940 (0x01d6efb3) or      t6, a3, t4
core   0: 3 0x80000940 (0x01d6efb3) x31 0x00000000
core   0: 0x80000944 (0x5690f013) andi    zero, ra, 1385
core   0: 3 0x80000944 (0x5690f013)
core   0: 0x80000948 (0x41cd5db3) sra     s11, s10, t3
core   0: 3 0x80000948 (0x41cd5db3) x27 0x00000000
core   0: 0x8000094c (0x00000013) nop
core   0: 3 0x8000094c (0x00000013)
core   0: 0x80000950 (0x108ec837) lui     a6, 0x108ec
core   0: 3 0x80000950 (0x108ec837) x16 0x108ec000
core   0: 0x80000954 (0x0f767113) andi    sp, a2, 247
core   0: 3 0x80000954 (0x0f767113) x 2 0x00000004
core   0: 0x80000958 (0x41ef8bb3) sub     s7, t6, t5
core   0: 3 0x80000958 (0x41ef8bb3) x23 0x00000000
core   0: 0x8000095c (0x4111db33) sra     s6, gp, a7
core   0: 3 0x8000095c (0x4111db33) x22 0x00000000
core   0: 0x80000960 (0x00ad7f33) and     t5, s10, a0
core   0: 3 0x80000960 (0x00ad7f33) x30 0x00000000
core   0: 0x80000964 (0x20f32bb7) lui     s7, 0x20f32
core   0: 3 0x80000964 (0x20f32bb7) x23 0x20f32000
core   0: 0x80000968 (0x01d734b3) sltu    s1, a4, t4
core   0: 3 0x80000968 (0x01d734b3) x 9 0x00000000
core   0: 0x8000096c (0x597eee13) ori     t3, t4, 1431
core   0: 3 0x8000096c (0x597eee13) x28 0x00000597
core   0: 0x80000970 (0x0adc6193) ori     gp, s8, 173
core   0: 3 0x80000970 (0x0adc6193) x 3 0x000000ad
core   0: 0x80000974 (0x00615193) srli    gp, sp, 6
core   0: 3 0x80000974 (0x00615193) x 3 0x00000000
core   0: 0x80000978 (0x34cd4d13) xori    s10, s10, 844
core   0: 3 0x80000978 (0x34cd4d13) x26 0x0000034c
core   0: 0x8000097c (0xdc29d8b7) lui     a7, 0xdc29d
core   0: 3 0x8000097c (0xdc29d8b7) x17 0xdc29d000
core   0: 0x80000980 (0x01203133) snez    sp, s2
core   0: 3 0x80000980 (0x01203133) x 2 0x00000000
core   0: 0x80000984 (0x01ba1833) sll     a6, s4, s11
core   0: 3 0x80000984 (0x01ba1833) x16 0x00000000
core   0: 0x80000988 (0x0194d793) srli    a5, s1, 25
core   0: 3 0x80000988 (0x0194d793) x15 0x00000000
core   0: 0x8000098c (0x6b137d93) andi    s11, t1, 1713
core   0: 3 0x8000098c (0x6b137d93) x27 0x000004a0
core   0: 0x80000990 (0x0051bd33) sltu    s10, gp, t0
core   0: 3 0x80000990 (0x0051bd33) x26 0x00000001
core   0: 0x80000994 (0xd51dec93) ori     s9, s11, -687
core   0: 3 0x80000994 (0xd51dec93) x25 0xfffffdf1
core   0: 0x80000998 (0xddb74093) xori    ra, a4, -549
core   0: 3 0x80000998 (0xddb74093) x 1 0xfffffdda
core   0: 0x8000099c (0x62b32593) slti    a1, t1, 1579
core   0: 3 0x8000099c (0x62b32593) x11 0x00000001
core   0: 0x800009a0 (0xce8b57b7) lui     a5, 0xce8b5
core   0: 3 0x800009a0 (0xce8b57b7) x15 0xce8b5000
core   0: 0x800009a4 (0x035f0593) addi    a1, t5, 53
core   0: 3 0x800009a4 (0x035f0593) x11 0x00000035
core   0: 0x800009a8 (0x0093d5b3) srl     a1, t2, s1
core   0: 3 0x800009a8 (0x0093d5b3) x11 0x80000000
core   0: 0x800009ac (0x01d3a733) slt     a4, t2, t4
core   0: 3 0x800009ac (0x01d3a733) x14 0x00000001
core   0: 0x800009b0 (0x00871bb3) sll     s7, a4, s0
core   0: 3 0x800009b0 (0x00871bb3) x23 0x00002000
core   0: 0x800009b4 (0x00000013) nop
core   0: 3 0x800009b4 (0x00000013)
core   0: 0x800009b8 (0x011e91b3) sll     gp, t4, a7
core   0: 3 0x800009b8 (0x011e91b3) x 3 0x00000000
core   0: 0x800009bc (0x01d8e793) ori     a5, a7, 29
core   0: 3 0x800009bc (0x01d8e793) x15 0xdc29d01d
core   0: 0x800009c0 (0xbc08ab97) auipc   s7, 0xbc08a
core   0: 3 0x800009c0 (0xbc08ab97) x23 0x3c08a9c0
core   0: 0x800009c4 (0xa8928693) addi    a3, t0, -1399
core   0: 3 0x800009c4 (0xa8928693) x13 0x000a75dd
core   0: 0x800009c8 (0x400ad7b3) sra     a5, s5, zero
core   0: 3 0x800009c8 (0x400ad7b3) x15 0x0000062e
core   0: 0x800009cc (0x261bb213) sltiu   tp, s7, 609
core   0: 3 0x800009cc (0x261bb213) x 4 0x00000000
core   0: 0x800009d0 (0x01d43cb3) sltu    s9, s0, t4
core   0: 3 0x800009d0 (0x01d43cb3) x25 0x00000000
core   0: 0x800009d4 (0x415b81b3) sub     gp, s7, s5
core   0: 3 0x800009d4 (0x415b81b3) x 3 0x3c08a392
core   0: 0x800009d8 (0x41cc0433) sub     s0, s8, t3
core   0: 3 0x800009d8 (0x41cc0433) x 8 0xfffffa69
core   0: 0x800009dc (0x00000013) nop
core   0: 3 0x800009dc (0x00000013)
core   0: 0x800009e0 (0x000689b3) add     s3, a3, zero
core   0: 3 0x800009e0 (0x000689b3) x19 0x000a75dd
core   0: 0x800009e4 (0x00a6f4b3) and     s1, a3, a0
core   0: 3 0x800009e4 (0x00a6f4b3) x 9 0x00000444
core   0: 0x800009e8 (0x00000013) nop
core   0: 3 0x800009e8 (0x00000013)
core   0: 0x800009ec (0x40510c33) sub     s8, sp, t0
core   0: 3 0x800009ec (0x40510c33) x24 0xfff584ac
core   0: 0x800009f0 (0x00d94bb3) xor     s7, s2, a3
core   0: 3 0x800009f0 (0x00d94bb3) x23 0x000a75dd
core   0: 0x800009f4 (0x40d40fb3) sub     t6, s0, a3
core   0: 3 0x800009f4 (0x40d40fb3) x31 0xfff5848c
core   0: 0x800009f8 (0x0131c133) xor     sp, gp, s3
core   0: 3 0x800009f8 (0x0131c133) x 2 0x3c02d64f
core   0: 0x800009fc (0x00b89f13) slli    t5, a7, 11
core   0: 3 0x800009fc (0x00b89f13) x30 0x4e800000
core   0: 0x80000a00 (0x0560ea13) ori     s4, ra, 86
core   0: 3 0x80000a00 (0x0560ea13) x20 0xfffffdde
core   0: 0x80000a04 (0x01056c33) or      s8, a0, a6
core   0: 3 0x80000a04 (0x01056c33) x24 0x80010e64
core   0: 0x80000a08 (0xed5e3793) sltiu   a5, t3, -299
core   0: 3 0x80000a08 (0xed5e3793) x15 0x00000001
core   0: 0x80000a0c (0x00fd3c33) sltu    s8, s10, a5
core   0: 3 0x80000a0c (0x00fd3c33) x24 0x00000000
core   0: 0x80000a10 (0xd25afe93) andi    t4, s5, -731
core   0: 3 0x80000a10 (0xd25afe93) x29 0x00000424
core   0: 0x80000a14 (0x01fcd4b3) srl     s1, s9, t6
core   0: 3 0x80000a14 (0x01fcd4b3) x 9 0x00000000
core   0: 0x80000a18 (0x01a7f9b3) and     s3, a5, s10
core   0: 3 0x80000a18 (0x01a7f9b3) x19 0x00000001
core   0: 0x80000a1c (0x00000013) nop
core   0: 3 0x80000a1c (0x00000013)
core   0: 0x80000a20 (0x000a5613) srli    a2, s4, 0
core   0: 3 0x80000a20 (0x000a5613) x12 0xfffffdde
core   0: 0x80000a24 (0x0113b1b3) sltu    gp, t2, a7
core   0: 3 0x80000a24 (0x0113b1b3) x 3 0x00000001
core   0: 0x80000a28 (0x00f299b3) sll     s3, t0, a5
core   0: 3 0x80000a28 (0x00f299b3) x19 0x0014f6a8
core   0: 0x80000a2c (0xbc59c093) xori    ra, s3, -1083
core   0: 3 0x80000a2c (0xbc59c093) x 1 0xffeb0d6d
core   0: 0x80000a30 (0xac7f8113) addi    sp, t6, -1337
core   0: 3 0x80000a30 (0xac7f8113) x 2 0xfff57f53
core   0: 0x80000a34 (0x412dd693) srai    a3, s11, 18
core   0: 3 0x80000a34 (0x412dd693) x13 0x00000000
core   0: 0x80000a38 (0x015b10b3) sll     ra, s6, s5
core   0: 3 0x80000a38 (0x015b10b3) x 1 0x00000000
core   0: 0x80000a3c (0x004e39b3) sltu    s3, t3, tp
core   0: 3 0x80000a3c (0x004e39b3) x19 0x00000000
core   0: 0x80000a40 (0x7517bc13) sltiu   s8, a5, 1873
core   0: 3 0x80000a40 (0x7517bc13) x24 0x00000001
core   0: 0x80000a44 (0x0bfdca17) auipc   s4, 0xbfdc
core   0: 3 0x80000a44 (0x0bfdca17) x20 0x8bfdca44
core   0: 0x80000a48 (0x11ea2293) slti    t0, s4, 286
core   0: 3 0x80000a48 (0x11ea2293) x 5 0x00000001
core   0: 0x80000a4c (0x27281937) lui     s2, 0x27281
core   0: 3 0x80000a4c (0x27281937) x18 0x27281000
core   0: 0x80000a50 (0x004a2133) slt     sp, s4, tp
core   0: 3 0x80000a50 (0x004a2133) x 2 0x00000001
core   0: 0x80000a54 (0xad8f5d17) auipc   s10, 0xad8f5
core   0: 3 0x80000a54 (0xad8f5d17) x26 0x2d8f5a54
core   0: 0x80000a58 (0x40aed713) srai    a4, t4, 10
core   0: 3 0x80000a58 (0x40aed713) x14 0x00000001
core   0: 0x80000a5c (0x4a907813) andi    a6, zero, 1193
core   0: 3 0x80000a5c (0x4a907813) x16 0x00000000
core   0: 0x80000a60 (0x011c9933) sll     s2, s9, a7
core   0: 3 0x80000a60 (0x011c9933) x18 0x00000000
core   0: 0x80000a64 (0x3b8d7013) andi    zero, s10, 952
core   0: 3 0x80000a64 (0x3b8d7013)
core   0: 0x80000a68 (0x01220cb3) add     s9, tp, s2
core   0: 3 0x80000a68 (0x01220cb3) x25 0x00000000
core   0: 0x80000a6c (0x01fe0c33) add     s8, t3, t6
core   0: 3 0x80000a6c (0x01fe0c33) x24 0xfff58a23
core   0: 0x80000a70 (0x01245413) srli    s0, s0, 18
core   0: 3 0x80000a70 (0x01245413) x 8 0x00003fff
core   0: 0x80000a74 (0x016055b3) srl     a1, zero, s6
core   0: 3 0x80000a74 (0x016055b3) x11 0x00000000
core   0: 0x80000a78 (0x01720933) add     s2, tp, s7
core   0: 3 0x80000a78 (0x01720933) x18 0x000a75dd
core   0: 0x80000a7c (0x01785033) srl     zero, a6, s7
core   0: 3 0x80000a7c (0x01785033)
core   0: 0x80000a80 (0x0168b9b3) sltu    s3, a7, s6
core   0: 3 0x80000a80 (0x0168b9b3) x19 0x00000000
core   0: 0x80000a84 (0x4109d6b3) sra     a3, s3, a6
core   0: 3 0x80000a84 (0x4109d6b3) x13 0x00000000
core   0: 0x80000a88 (0x206eac37) lui     s8, 0x206ea
core   0: 3 0x80000a88 (0x206eac37) x24 0x206ea000
core   0: 0x80000a8c (0x40466093) ori     ra, a2, 1028
core   0: 3 0x80000a8c (0x40466093) x 1 0xfffffdde
core   0: 0x80000a90 (0x5de38493) addi    s1, t2, 1502
core   0: 3 0x80000a90 (0x5de38493) x 9 0x800005de
core   0: 0x80000a94 (0x00000013) nop
core   0: 3 0x80000a94 (0x00000013)
core   0: 0x80000a98 (0x00537433) and     s0, t1, t0
core   0: 3 0x80000a98 (0x00537433) x 8 0x00000000
core   0: 0x80000a9c (0x01a92133) slt     sp, s2, s10
core   0: 3 0x80000a9c (0x01a92133) x 2 0x00000001
core   0: 0x80000aa0 (0x01a1df93) srli    t6, gp, 26
core   0: 3 0x80000aa0 (0x01a1df93) x31 0x00000000
core   0: 0x80000aa4 (0x41f28833) sub     a6, t0, t6
core   0: 3 0x80000aa4 (0x41f28833) x16 0x00000001
core   0: 0x80000aa8 (0x00000013) nop
core   0: 3 0x80000aa8 (0x00000013)
core   0: 0x80000aac (0x40ee0d33) sub     s10, t3, a4
core   0: 3 0x80000aac (0x40ee0d33) x26 0x00000596
core   0: 0x80000ab0 (0x01e98133) add     sp, s3, t5
core   0: 3 0x80000ab0 (0x01e98133) x 2 0x4e800000
core   0: 0x80000ab4 (0x007d5d33) srl     s10, s10, t2
core   0: 3 0x80000ab4 (0x007d5d33) x26 0x00000596
core   0: 0x80000ab8 (0x013a14b3) sll     s1, s4, s3
core   0: 3 0x80000ab8 (0x013a14b3) x 9 0x8bfdca44
core   0: 0x80000abc (0x014c1013) slli    zero, s8, 20
core   0: 3 0x80000abc (0x014c1013)
core   0: 0x80000ac0 (0x0100f2b3) and     t0, ra, a6
core   0: 3 0x80000ac0 (0x0100f2b3) x 5 0x00000000
core   0: 0x80000ac4 (0xbd0d0893) addi    a7, s10, -1072
core   0: 3 0x80000ac4 (0xbd0d0893) x17 0x00000166
core   0: 0x80000ac8 (0x4ae82c13) slti    s8, a6, 1198
core   0: 3 0x80000ac8 (0x4ae82c13) x24 0x00000001
core   0: 0x80000acc (0xd997da97) auipc   s5, 0xd997d
core   0: 3 0x80000acc (0xd997da97) x21 0x5997dacc
core   0: 0x80000ad0 (0x5da8c293) xori    t0, a7, 1498
core   0: 3 0x80000ad0 (0x5da8c293) x 5 0x000004bc
core   0: 0x80000ad4 (0x4123d493) srai    s1, t2, 18
core   0: 3 0x80000ad4 (0x4123d493) x 9 0xffffe000
core   0: 0x80000ad8 (0x003ba7b3) slt     a5, s7, gp
core   0: 3 0x80000ad8 (0x003ba7b3) x15 0x00000000
core   0: 0x80000adc (0x01f65913) srli    s2, a2, 31
core   0: 3 0x80000adc (0x01f65913) x18 0x00000001
core   0: 0x80000ae0 (0xfeb9a093) slti    ra, s3, -21
core   0: 3 0x80000ae0 (0xfeb9a093) x 1 0x00000000
core   0: 0x80000ae4 (0x48f6e213) ori     tp, a3, 1167
core   0: 3 0x80000ae4 (0x48f6e213) x 4 0x0000048f
core   0: 0x80000ae8 (0x645a0093) addi    ra, s4, 1605
core   0: 3 0x80000ae8 (0x645a0093) x 1 0x8bfdd089
core   0: 0x80000aec (0x01d91d33) sll     s10, s2, t4
core   0: 3 0x80000aec (0x01d91d33) x26 0x00000010
core   0: 0x80000af0 (0x00c696b3) sll     a3, a3, a2
core   0: 3 0x80000af0 (0x00c696b3) x13 0x00000000
core   0: 0x80000af4 (0x22d89197) auipc   gp, 0x22d89
core   0: 3 0x80000af4 (0x22d89197) x 3 0xa2d89af4
core   0: 0x80000af8 (0x41a18833) sub     a6, gp, s10
core   0: 3 0x80000af8 (0x41a18833) x16 0xa2d89ae4
core   0: 0x80000afc (0x41f6df93) srai    t6, a3, 31
core   0: 3 0x80000afc (0x41f6df93) x31 0x00000000
core   0: 0x80000b00 (0x6ac37113) andi    sp, t1, 1708
core   0: 3 0x80000b00 (0x6ac37113) x 2 0x000004a4
core   0: 0x80000b04 (0x0137e8b3) or      a7, a5, s3
core   0: 3 0x80000b04 (0x0137e8b3) x17 0x00000000
core   0: 0x80000b08 (0x41da5cb3) sra     s9, s4, t4
core   0: 3 0x80000b08 (0x41da5cb3) x25 0xf8bfdca4
core   0: 0x80000b0c (0x2faa6f13) ori     t5, s4, 762
core   0: 3 0x80000b0c (0x2faa6f13) x30 0x8bfdcafe
core   0: 0x80000b10 (0x88c6d797) auipc   a5, 0x88c6d
core   0: 3 0x80000b10 (0x88c6d797) x15 0x08c6db10
core   0: 0x80000b14 (0xf15aaa93) slti    s5, s5, -235
core   0: 3 0x80000b14 (0xf15aaa93) x21 0x00000000
core   0: 0x80000b18 (0x00b031b3) snez    gp, a1
core   0: 3 0x80000b18 (0x00b031b3) x 3 0x00000000
core   0: 0x80000b1c (0x0178ddb3) srl     s11, a7, s7
core   0: 3 0x80000b1c (0x0178ddb3) x27 0x00000000
core   0: 0x80000b20 (0x406b82b3) sub     t0, s7, t1
core   0: 3 0x80000b20 (0x406b82b3) x 5 0x800928f9
core   0: 0x80000b24 (0x04309637) lui     a2, 0x4309
core   0: 3 0x80000b24 (0x04309637) x12 0x04309000
core   0: 0x80000b28 (0x014e87b3) add     a5, t4, s4
core   0: 3 0x80000b28 (0x014e87b3) x15 0x8bfdce68
core   0: 0x80000b2c (0x3122d137) lui     sp, 0x3122d
core   0: 3 0x80000b2c (0x3122d137) x 2 0x3122d000
core   0: 0x80000b30 (0x75a17993) andi    s3, sp, 1882
core   0: 3 0x80000b30 (0x75a17993) x19 0x00000000
core   0: 0x80000b34 (0x00000013) nop
core   0: 3 0x80000b34 (0x00000013)
core   0: 0x80000b38 (0xe82bbf93) sltiu   t6, s7, -382
core   0: 3 0x80000b38 (0xe82bbf93) x31 0x00000001
core   0: 0x80000b3c (0x47f42b13) slti    s6, s0, 1151
core   0: 3 0x80000b3c (0x47f42b13) x22 0x00000001
core   0: 0x80000b40 (0x00000013) nop
core   0: 3 0x80000b40 (0x00000013)
core   0: 0x80000b44 (0xa94d9e17) auipc   t3, 0xa94d9
core   0: 3 0x80000b44 (0xa94d9e17) x28 0x294d9b44
core   0: 0x80000b48 (0x4069dd93) srai    s11, s3, 6
core   0: 3 0x80000b48 (0x4069dd93) x27 0x00000000
core   0: 0x80000b4c (0x411b5a33) sra     s4, s6, a7
core   0: 3 0x80000b4c (0x411b5a33) x20 0x00000001
core   0: 0x80000b50 (0x0054d033) srl     zero, s1, t0
core   0: 3 0x80000b50 (0x0054d033)
core   0: 0x80000b54 (0x000b9233) sll     tp, s7, zero
core   0: 3 0x80000b54 (0x000b9233) x 4 0x000a75dd
core   0: 0x80000b58 (0x005640b3) xor     ra, a2, t0
core   0: 3 0x80000b58 (0x005640b3) x 1 0x8439b8f9
core   0: 0x80000b5c (0x00349b33) sll     s6, s1, gp
core   0: 3 0x80000b5c (0x00349b33) x22 0xffffe000
core   0: 0x80000b60 (0x00000013) nop
core   0: 3 0x80000b60 (0x00000013)
core   0: 0x80000b64 (0x01c2d7b3) srl     a5, t0, t3
core   0: 3 0x80000b64 (0x01c2d7b3) x15 0x0800928f
core   0: 0x80000b68 (0x40e084b3) sub     s1, ra, a4
core   0: 3 0x80000b68 (0x40e084b3) x 9 0x8439b8f8
core   0: 0x80000b6c (0x015cec33) or      s8, s9, s5
core   0: 3 0x80000b6c (0x015cec33) x24 0xf8bfdca4
core   0: 0x80000b70 (0x01debe33) sltu    t3, t4, t4
core   0: 3 0x80000b70 (0x01debe33) x28 0x00000000
core   0: 0x80000b74 (0x005947b3) xor     a5, s2, t0
core   0: 3 0x80000b74 (0x005947b3) x15 0x800928f8
core   0: 0x80000b78 (0x00209cb3) sll     s9, ra, sp
core   0: 3 0x80000b78 (0x00209cb3) x25 0x8439b8f9
core   0: 0x80000b7c (0xf4c6ecb7) lui     s9, 0xf4c6e
core   0: 3 0x80000b7c (0xf4c6ecb7) x25 0xf4c6e000
core   0: 0x80000b80 (0x9aac4737) lui     a4, 0x9aac4
core   0: 3 0x80000b80 (0x9aac4737) x14 0x9aac4000
core   0: 0x80000b84 (0xf7ce8213) addi    tp, t4, -132
core   0: 3 0x80000b84 (0xf7ce8213) x 4 0x000003a0
core   0: 0x80000b88 (0x0d2b3d93) sltiu   s11, s6, 210
core   0: 3 0x80000b88 (0x0d2b3d93) x27 0x00000000
core   0: 0x80000b8c (0x497cb793) sltiu   a5, s9, 1175
core   0: 3 0x80000b8c (0x497cb793) x15 0x00000000
core   0: 0x80000b90 (0x267d7413) andi    s0, s10, 615
core   0: 3 0x80000b90 (0x267d7413) x 8 0x00000000
core   0: 0x80000b94 (0x01152bb3) slt     s7, a0, a7
core   0: 3 0x80000b94 (0x01152bb3) x23 0x00000001
core   0: 0x80000b98 (0x01f1a633) slt     a2, gp, t6
core   0: 3 0x80000b98 (0x01f1a633) x12 0x00000001
core   0: 0x80000b9c (0x52778013) addi    zero, a5, 1319
core   0: 3 0x80000b9c (0x52778013)
core   0: 0x80000ba0 (0x00b9a8b3) slt     a7, s3, a1
core   0: 3 0x80000ba0 (0x00b9a8b3) x17 0x00000000
core   0: 0x80000ba4 (0xd6830413) addi    s0, t1, -664
core   0: 3 0x80000ba4 (0xd6830413) x 8 0x80014a4c
core   0: 0x80000ba8 (0x00000013) nop
core   0: 3 0x80000ba8 (0x00000013)
core   0: 0x80000bac (0x35eb2293) slti    t0, s6, 862
core   0: 3 0x80000bac (0x35eb2293) x 5 0x00000001
core   0: 0x80000bb0 (0x414056b3) sra     a3, zero, s4
core   0: 3 0x80000bb0 (0x414056b3) x13 0x00000000
core   0: 0x80000bb4 (0x4b3d6093) ori     ra, s10, 1203
core   0: 3 0x80000bb4 (0x4b3d6093) x 1 0x000004b3
core   0: 0x80000bb8 (0x8de93a93) sltiu   s5, s2, -1826
core   0: 3 0x80000bb8 (0x8de93a93) x21 0x00000001
core   0: 0x80000bbc (0x409b5693) srai    a3, s6, 9
core   0: 3 0x80000bbc (0x409b5693) x13 0xfffffff0
core   0: 0x80000bc0 (0x01fbdbb3) srl     s7, s7, t6
core   0: 3 0x80000bc0 (0x01fbdbb3) x23 0x00000000
core   0: 0x80000bc4 (0x01839fb3) sll     t6, t2, s8
core   0: 3 0x80000bc4 (0x01839fb3) x31 0x00000000
core   0: 0x80000bc8 (0x41fd8c33) sub     s8, s11, t6
core   0: 3 0x80000bc8 (0x41fd8c33) x24 0x00000000
core   0: 0x80000bcc (0x01d9bb33) sltu    s6, s3, t4
core   0: 3 0x80000bcc (0x01d9bb33) x22 0x00000001
core   0: 0x80000bd0 (0x00728db3) add     s11, t0, t2
core   0: 3 0x80000bd0 (0x00728db3) x27 0x80000001
core   0: 0x80000bd4 (0x00f02f33) slt     t5, zero, a5
core   0: 3 0x80000bd4 (0x00f02f33) x30 0x00000000
core   0: 0x80000bd8 (0x01e28db3) add     s11, t0, t5
core   0: 3 0x80000bd8 (0x01e28db3) x27 0x00000001
core   0: 0x80000bdc (0x41c1da93) srai    s5, gp, 28
core   0: 3 0x80000bdc (0x41c1da93) x21 0x00000000
core   0: 0x80000be0 (0x009fe733) or      a4, t6, s1
core   0: 3 0x80000be0 (0x009fe733) x14 0x8439b8f8
core   0: 0x80000be4 (0xb0fd0213) addi    tp, s10, -1265
core   0: 3 0x80000be4 (0xb0fd0213) x 4 0xfffffb1f
core   0: 0x80000be8 (0x01c10b33) add     s6, sp, t3
core   0: 3 0x80000be8 (0x01c10b33) x22 0x3122d000
core   0: 0x80000bec (0xc278eab7) lui     s5, 0xc278e
core   0: 3 0x80000bec (0xc278eab7) x21 0xc278e000
core   0: 0x80000bf0 (0x40485e13) srai    t3, a6, 4
core   0: 3 0x80000bf0 (0x40485e13) x28 0xfa2d89ae
core   0: 0x80000bf4 (0x018f5693) srli    a3, t5, 24
core   0: 3 0x80000bf4 (0x018f5693) x13 0x00000000
core   0: 0x80000bf8 (0x75cdfb13) andi    s6, s11, 1884
core   0: 3 0x80000bf8 (0x75cdfb13) x22 0x00000000
core   0: 0x80000bfc (0x57da2113) slti    sp, s4, 1405
core   0: 3 0x80000bfc (0x57da2113) x 2 0x00000001
core   0: 0x80000c00 (0x01fb1033) sll     zero, s6, t6
core   0: 3 0x80000c00 (0x01fb1033)
core   0: 0x80000c04 (0xd1337d17) auipc   s10, 0xd1337
core   0: 3 0x80000c04 (0xd1337d17) x26 0x51337c04
core   0: 0x80000c08 (0xe566fe37) lui     t3, 0xe566f
core   0: 3 0x80000c08 (0xe566fe37) x28 0xe566f000
core   0: 0x80000c0c (0x0124adb3) slt     s11, s1, s2
core   0: 3 0x80000c0c (0x0124adb3) x27 0x00000001
core   0: 0x80000c10 (0x001c6b33) or      s6, s8, ra
core   0: 3 0x80000c10 (0x001c6b33) x22 0x000004b3
core   0: 0x80000c14 (0xf960e913) ori     s2, ra, -106
core   0: 3 0x80000c14 (0xf960e913) x18 0xffffffb7
core   0: 0x80000c18 (0xb3deef93) ori     t6, t4, -1219
core   0: 3 0x80000c18 (0xb3deef93) x31 0xffffff3d
core   0: 0x80000c1c (0xefb48993) addi    s3, s1, -261
core   0: 3 0x80000c1c (0xefb48993) x19 0x8439b7f3
core   0: 0x80000c20 (0x41d8d833) sra     a6, a7, t4
core   0: 3 0x80000c20 (0x41d8d833) x16 0x00000000
core   0: 0x80000c24 (0x40c1db33) sra     s6, gp, a2
core   0: 3 0x80000c24 (0x40c1db33) x22 0x00000000
core   0: 0x80000c28 (0x3fb0b093) sltiu   ra, ra, 1019
core   0: 3 0x80000c28 (0x3fb0b093) x 1 0x00000000
core   0: 0x80000c2c (0x40865593) srai    a1, a2, 8
core   0: 3 0x80000c2c (0x40865593) x11 0x00000000
core   0: 0x80000c30 (0x00e0f9b3) and     s3, ra, a4
core   0: 3 0x80000c30 (0x00e0f9b3) x19 0x00000000
core   0: 0x80000c34 (0x01b776b3) and     a3, a4, s11
core   0: 3 0x80000c34 (0x01b776b3) x13 0x00000000
core   0: 0x80000c38 (0x416e8e33) sub     t3, t4, s6
core   0: 3 0x80000c38 (0x416e8e33) x28 0x00000424
core   0: 0x80000c3c (0x00ab70b3) and     ra, s6, a0
core   0: 3 0x80000c3c (0x00ab70b3) x 1 0x00000000
core   0: 0x80000c40 (0x01462f33) slt     t5, a2, s4
core   0: 3 0x80000c40 (0x01462f33) x30 0x00000000
core   0: 0x80000c44 (0x00c76833) or      a6, a4, a2
core   0: 3 0x80000c44 (0x00c76833) x16 0x8439b8f9
core   0: 0x80000c48 (0x01d4e1b3) or      gp, s1, t4
core   0: 3 0x80000c48 (0x01d4e1b3) x 3 0x8439bcfc
core   0: 0x80000c4c (0x01095713) srli    a4, s2, 16
core   0: 3 0x80000c4c (0x01095713) x14 0x0000ffff
core   0: 0x80000c50 (0x1e5a2293) slti    t0, s4, 485
core   0: 3 0x80000c50 (0x1e5a2293) x 5 0x00000001
core   0: 0x80000c54 (0x724f2217) auipc   tp, 0x724f2
core   0: 3 0x80000c54 (0x724f2217) x 4 0xf24f2c54
core   0: 0x80000c58 (0x01db87b3) add     a5, s7, t4
core   0: 3 0x80000c58 (0x01db87b3) x15 0x00000424
core   0: 0x80000c5c (0x41f7d013) srai    zero, a5, 31
core   0: 3 0x80000c5c (0x41f7d013)
core   0: 0x80000c60 (0x6a814d97) auipc   s11, 0x6a814
core   0: 3 0x80000c60 (0x6a814d97) x27 0xea814c60
core   0: 0x80000c64 (0x2b2a7613) andi    a2, s4, 690
core   0: 3 0x80000c64 (0x2b2a7613) x12 0x00000000
core   0: 0x80000c68 (0x4199dfb3) sra     t6, s3, s9
core   0: 3 0x80000c68 (0x4199dfb3) x31 0x00000000
core   0: 0x80000c6c (0x014fd193) srli    gp, t6, 20
core   0: 3 0x80000c6c (0x014fd193) x 3 0x00000000
core   0: 0x80000c70 (0x01886d33) or      s10, a6, s8
core   0: 3 0x80000c70 (0x01886d33) x26 0x8439b8f9
core   0: 0x80000c74 (0xcbd5bd13) sltiu   s10, a1, -835
core   0: 3 0x80000c74 (0xcbd5bd13) x26 0x00000001
core   0: 0x80000c78 (0x32752a13) slti    s4, a0, 807
core   0: 3 0x80000c78 (0x32752a13) x20 0x00000001
core   0: 0x80000c7c (0x40735fb3) sra     t6, t1, t2
core   0: 3 0x80000c7c (0x40735fb3) x31 0x80014ce4
core   0: 0x80000c80 (0x9c9e6b93) ori     s7, t3, -1591
core   0: 3 0x80000c80 (0x9c9e6b93) x23 0xfffffded
core   0: 0x80000c84 (0x01b6fd33) and     s10, a3, s11
core   0: 3 0x80000c84 (0x01b6fd33) x26 0x00000000
core   0: 0x80000c88 (0x00ad8eb3) add     t4, s11, a0
core   0: 3 0x80000c88 (0x00ad8eb3) x29 0x6a825ac4
core   0: 0x80000c8c (0x50c72213) slti    tp, a4, 1292
core   0: 3 0x80000c8c (0x50c72213) x 4 0x00000000
core   0: 0x80000c90 (0x00011b13) slli    s6, sp, 0
core   0: 3 0x80000c90 (0x00011b13) x22 0x00000001
core   0: 0x80000c94 (0x0181d633) srl     a2, gp, s8
core   0: 3 0x80000c94 (0x0181d633) x12 0x00000000
core   0: 0x80000c98 (0x00d09a33) sll     s4, ra, a3
core   0: 3 0x80000c98 (0x00d09a33) x20 0x00000000
core   0: 0x80000c9c (0x015b9eb3) sll     t4, s7, s5
core   0: 3 0x80000c9c (0x015b9eb3) x29 0xfffffded
core   0: 0x80000ca0 (0x0103f633) and     a2, t2, a6
core   0: 3 0x80000ca0 (0x0103f633) x12 0x80000000
core   0: 0x80000ca4 (0x01142933) slt     s2, s0, a7
core   0: 3 0x80000ca4 (0x01142933) x18 0x00000001
core   0: 0x80000ca8 (0x015cd6b3) srl     a3, s9, s5
core   0: 3 0x80000ca8 (0x015cd6b3) x13 0xf4c6e000
core   0: 0x80000cac (0x40e05cb3) sra     s9, zero, a4
core   0: 3 0x80000cac (0x40e05cb3) x25 0x00000000
core   0: 0x80000cb0 (0x41bb6b13) ori     s6, s6, 1051
core   0: 3 0x80000cb0 (0x41bb6b13) x22 0x0000041b
core   0: 0x80000cb4 (0x400a5a33) sra     s4, s4, zero
core   0: 3 0x80000cb4 (0x400a5a33) x20 0x00000000
core   0: 0x80000cb8 (0x03034f13) xori    t5, t1, 48
core   0: 3 0x80000cb8 (0x03034f13) x30 0x80014cd4
core   0: 0x80000cbc (0x846c9197) auipc   gp, 0x846c9
core   0: 3 0x80000cbc (0x846c9197) x 3 0x046c9cbc
core   0: 0x80000cc0 (0x01124eb3) xor     t4, tp, a7
core   0: 3 0x80000cc0 (0x01124eb3) x29 0x00000000
core   0: 0x80000cc4 (0x4079df93) srai    t6, s3, 7
core   0: 3 0x80000cc4 (0x4079df93) x31 0x00000000
core   0: 0x80000cc8 (0x0138ca33) xor     s4, a7, s3
core   0: 3 0x80000cc8 (0x0138ca33) x20 0x00000000
core   0: 0x80000ccc (0x001275b3) and     a1, tp, ra
core   0: 3 0x80000ccc (0x001275b3) x11 0x00000000
core   0: 0x80000cd0 (0x000098b3) sll     a7, ra, zero
core   0: 3 0x80000cd0 (0x000098b3) x17 0x00000000
core   0: 0x80000cd4 (0x00000013) nop
core   0: 3 0x80000cd4 (0x00000013)
core   0: 0x80000cd8 (0x007a9bb3) sll     s7, s5, t2
core   0: 3 0x80000cd8 (0x007a9bb3) x23 0xc278e000
core   0: 0x80000cdc (0xd0e6f117) auipc   sp, 0xd0e6f
core   0: 3 0x80000cdc (0xd0e6f117) x 2 0x50e6fcdc
core   0: 0x80000ce0 (0x00000013) nop
core   0: 3 0x80000ce0 (0x00000013)
core   0: 0x80000ce4 (0x410b5413) srai    s0, s6, 16
core   0: 3 0x80000ce4 (0x410b5413) x 8 0x00000000
core   0: 0x80000ce8 (0x0a946693) ori     a3, s0, 169
core   0: 3 0x80000ce8 (0x0a946693) x13 0x000000a9
core   0: 0x80000cec (0x5e174c93) xori    s9, a4, 1505
core   0: 3 0x80000cec (0x5e174c93) x25 0x0000fa1e
core   0: 0x80000cf0 (0x01f1fcb3) and     s9, gp, t6
core   0: 3 0x80000cf0 (0x01f1fcb3) x25 0x00000000
core   0: 0x80000cf4 (0x014e0433) add     s0, t3, s4
core   0: 3 0x80000cf4 (0x014e0433) x 8 0x00000424
core   0: 0x80000cf8 (0xe2a91597) auipc   a1, 0xe2a91
core   0: 3 0x80000cf8 (0xe2a91597) x11 0x62a91cf8
core   0: 0x80000cfc (0x409e0093) addi    ra, t3, 1033
core   0: 3 0x80000cfc (0x409e0093) x 1 0x0000082d
core   0: 0x80000d00 (0x1c7cf793) andi    a5, s9, 455
core   0: 3 0x80000d00 (0x1c7cf793) x15 0x00000000
core   0: 0x80000d04 (0x01b91c13) slli    s8, s2, 27
core   0: 3 0x80000d04 (0x01b91c13) x24 0x08000000
core   0: 0x80000d08 (0x012f0833) add     a6, t5, s2
core   0: 3 0x80000d08 (0x012f0833) x16 0x80014cd5
core   0: 0x80000d0c (0x00000013) nop
core   0: 3 0x80000d0c (0x00000013)
core   0: 0x80000d10 (0x00bf1a13) slli    s4, t5, 11
core   0: 3 0x80000d10 (0x00bf1a13) x20 0x0a66a000
core   0: 0x80000d14 (0x410a5d33) sra     s10, s4, a6
core   0: 3 0x80000d14 (0x410a5d33) x26 0x00000053
core   0: 0x80000d18 (0xd8f52913) slti    s2, a0, -625
core   0: 3 0x80000d18 (0xd8f52913) x18 0x00000001
core   0: 0x80000d1c (0x00000013) nop
core   0: 3 0x80000d1c (0x00000013)
core   0: 0x80000d20 (0x00cb99b3) sll     s3, s7, a2
core   0: 3 0x80000d20 (0x00cb99b3) x19 0xc278e000
core   0: 0x80000d24 (0x00b71a13) slli    s4, a4, 11
core   0: 3 0x80000d24 (0x00b71a13) x20 0x07fff800
core   0: 0x80000d28 (0x403786b3) sub     a3, a5, gp
core   0: 3 0x80000d28 (0x403786b3) x13 0xfb936344
core   0: 0x80000d2c (0xb4d3c193) xori    gp, t2, -1203
core   0: 3 0x80000d2c (0xb4d3c193) x 3 0x7ffffb4d
core   0: 0x80000d30 (0x00094113) xori    sp, s2, 0
core   0: 3 0x80000d30 (0x00094113) x 2 0x00000001
core   0: 0x80000d34 (0xe9df3593) sltiu   a1, t5, -355
core   0: 3 0x80000d34 (0xe9df3593) x11 0x00000001
core   0: 0x80000d38 (0x1adcbc13) sltiu   s8, s9, 429
core   0: 3 0x80000d38 (0x1adcbc13) x24 0x00000001
core   0: 0x80000d3c (0x63e26f13) ori     t5, tp, 1598
core   0: 3 0x80000d3c (0x63e26f13) x30 0x0000063e
core   0: 0x80000d40 (0x01dfd133) srl     sp, t6, t4
core   0: 3 0x80000d40 (0x01dfd133) x 2 0x00000000
core   0: 0x80000d44 (0x807f6f37) lui     t5, 0x807f6
core   0: 3 0x80000d44 (0x807f6f37) x30 0x807f6000
core   0: 0x80000d48 (0x00bf5593) srli    a1, t5, 11
core   0: 3 0x80000d48 (0x00bf5593) x11 0x00100fec
core   0: 0x80000d4c (0x006f9593) slli    a1, t6, 6
core   0: 3 0x80000d4c (0x006f9593) x11 0x00000000
core   0: 0x80000d50 (0xd1411f37) lui     t5, 0xd1411
core   0: 3 0x80000d50 (0xd1411f37) x30 0xd1411000
core   0: 0x80000d54 (0xe01b3c93) sltiu   s9, s6, -511
core   0: 3 0x80000d54 (0xe01b3c93) x25 0x00000001
core   0: 0x80000d58 (0x941ad4b7) lui     s1, 0x941ad
core   0: 3 0x80000d58 (0x941ad4b7) x 9 0x941ad000
core   0: 0x80000d5c (0x008ce433) or      s0, s9, s0
core   0: 3 0x80000d5c (0x008ce433) x 8 0x00000425
core   0: 0x80000d60 (0xb9d53c93) sltiu   s9, a0, -1123
core   0: 3 0x80000d60 (0xb9d53c93) x25 0x00000001
core   0: 0x80000d64 (0x8ce60a93) addi    s5, a2, -1842
core   0: 3 0x80000d64 (0x8ce60a93) x21 0x7ffff8ce
core   0: 0x80000d68 (0x00000013) nop
core   0: 3 0x80000d68 (0x00000013)
core   0: 0x80000d6c (0x00000013) nop
core   0: 3 0x80000d6c (0x00000013)
core   0: 0x80000d70 (0xfbad7113) andi    sp, s10, -70
core   0: 3 0x80000d70 (0xfbad7113) x 2 0x00000012
core   0: 0x80000d74 (0x01a6ec33) or      s8, a3, s10
core   0: 3 0x80000d74 (0x01a6ec33) x24 0xfb936357
core   0: 0x80000d78 (0x00000013) nop
core   0: 3 0x80000d78 (0x00000013)
core   0: 0x80000d7c (0x284f4d93) xori    s11, t5, 644
core   0: 3 0x80000d7c (0x284f4d93) x27 0xd1411284
core   0: 0x80000d80 (0x4da50793) addi    a5, a0, 1242
core   0: 3 0x80000d80 (0x4da50793) x15 0x8001133e
core   0: 0x80000d84 (0x83ca0013) addi    zero, s4, -1988
core   0: 3 0x80000d84 (0x83ca0013)
core   0: 0x80000d88 (0x41aad5b3) sra     a1, s5, s10
core   0: 3 0x80000d88 (0x41aad5b3) x11 0x00000fff
core   0: 0x80000d8c (0x413e0633) sub     a2, t3, s3
core   0: 3 0x80000d8c (0x413e0633) x12 0x3d872424
core   0: 0x80000d90 (0xc8da0413) addi    s0, s4, -883
core   0: 3 0x80000d90 (0xc8da0413) x 8 0x07fff48d
core   0: 0x80000d94 (0xd82dc993) xori    s3, s11, -638
core   0: 3 0x80000d94 (0xd82dc993) x19 0x2ebeef06
core   0: 0x80000d98 (0xde5805b7) lui     a1, 0xde580
core   0: 3 0x80000d98 (0xde5805b7) x11 0xde580000
core   0: 0x80000d9c (0x00f11033) sll     zero, sp, a5
core   0: 3 0x80000d9c (0x00f11033)
core   0: 0x80000da0 (0x6c7a7697) auipc   a3, 0x6c7a7
core   0: 3 0x80000da0 (0x6c7a7697) x13 0xec7a7da0
core   0: 0x80000da4 (0x84e5f893) andi    a7, a1, -1970
core   0: 3 0x80000da4 (0x84e5f893) x17 0xde580000
core   0: 0x80000da8 (0xf21675b7) lui     a1, 0xf2167
core   0: 3 0x80000da8 (0xf21675b7) x11 0xf2167000
core   0: 0x80000dac (0x00000013) nop
core   0: 3 0x80000dac (0x00000013)
core   0: 0x80000db0 (0x00bf56b3) srl     a3, t5, a1
core   0: 3 0x80000db0 (0x00bf56b3) x13 0xd1411000
core   0: 0x80000db4 (0x0fb30a93) addi    s5, t1, 251
core   0: 3 0x80000db4 (0x0fb30a93) x21 0x80014ddf
core   0: 0x80000db8 (0x016636b3) sltu    a3, a2, s6
core   0: 3 0x80000db8 (0x016636b3) x13 0x00000000
core   0: 0x80000dbc (0x1b70b493) sltiu   s1, ra, 439
core   0: 3 0x80000dbc (0x1b70b493) x 9 0x00000000
core   0: 0x80000dc0 (0x00741f33) sll     t5, s0, t2
core   0: 3 0x80000dc0 (0x00741f33) x30 0x07fff48d
core   0: 0x80000dc4 (0xc9720f13) addi    t5, tp, -873
core   0: 3 0x80000dc4 (0xc9720f13) x30 0xfffffc97
core   0: 0x80000dc8 (0x9947fb93) andi    s7, a5, -1644
core   0: 3 0x80000dc8 (0x9947fb93) x23 0x80011114
core   0: 0x80000dcc (0x00d80033) add     zero, a6, a3
core   0: 3 0x80000dcc (0x00d80033)
core   0: 0x80000dd0 (0x011fdb33) srl     s6, t6, a7
core   0: 3 0x80000dd0 (0x011fdb33) x22 0x00000000
core   0: 0x80000dd4 (0x00cb17b3) sll     a5, s6, a2
core   0: 3 0x80000dd4 (0x00cb17b3) x15 0x00000000
core   0: 0x80000dd8 (0xf5383f13) sltiu   t5, a6, -173
core   0: 3 0x80000dd8 (0xf5383f13) x30 0x00000001
core   0: 0x80000ddc (0x6d3a6db7) lui     s11, 0x6d3a6
core   0: 3 0x80000ddc (0x6d3a6db7) x27 0x6d3a6000
core   0: 0x80000de0 (0x3d146797) auipc   a5, 0x3d146
core   0: 3 0x80000de0 (0x3d146797) x15 0xbd146de0
core   0: 0x80000de4 (0x0136cb13) xori    s6, a3, 19
core   0: 3 0x80000de4 (0x0136cb13) x22 0x00000013
core   0: 0x80000de8 (0xaabdfb93) andi    s7, s11, -1365
core   0: 3 0x80000de8 (0xaabdfb93) x23 0x6d3a6000
core   0: 0x80000dec (0xcaebfd13) andi    s10, s7, -850
core   0: 3 0x80000dec (0xcaebfd13) x26 0x6d3a6000
core   0: 0x80000df0 (0x216b0e93) addi    t4, s6, 534
core   0: 3 0x80000df0 (0x216b0e93) x29 0x00000229
core   0: 0x80000df4 (0x00ade233) or      tp, s11, a0
core   0: 3 0x80000df4 (0x00ade233) x 4 0xed3b6e64
core   0: 0x80000df8 (0x6ab30013) addi    zero, t1, 1707
core   0: 3 0x80000df8 (0x6ab30013)
core   0: 0x80000dfc (0x00000013) nop
core   0: 3 0x80000dfc (0x00000013)
core   0: 0x80000e00 (0x9eb9c493) xori    s1, s3, -1557
core   0: 3 0x80000e00 (0x9eb9c493) x 9 0xd14116ed
core   0: 0x80000e04 (0x009dd8b3) srl     a7, s11, s1
core   0: 3 0x80000e04 (0x009dd8b3) x17 0x000369d3
core   0: 0x80000e08 (0xb8c53f93) sltiu   t6, a0, -1140
core   0: 3 0x80000e08 (0xb8c53f93) x31 0x00000001
core   0: 0x80000e0c (0x5fa73693) sltiu   a3, a4, 1530
core   0: 3 0x80000e0c (0x5fa73693) x13 0x00000000
core   0: 0x80000e10 (0x727e3193) sltiu   gp, t3, 1831
core   0: 3 0x80000e10 (0x727e3193) x 3 0x00000001
core   0: 0x80000e14 (0x4be9ed37) lui     s10, 0x4be9e
core   0: 3 0x80000e14 (0x4be9ed37) x26 0x4be9e000
core   0: 0x80000e18 (0x11a2a617) auipc   a2, 0x11a2a
core   0: 3 0x80000e18 (0x11a2a617) x12 0x91a2ae18
core   0: 0x80000e1c (0x01377b33) and     s6, a4, s3
core   0: 3 0x80000e1c (0x01377b33) x22 0x0000ef06
core   0: 0x80000e20 (0x01d44c33) xor     s8, s0, t4
core   0: 3 0x80000e20 (0x01d44c33) x24 0x07fff6a4
core   0: 0x80000e24 (0xe39e4b13) xori    s6, t3, -455
core   0: 3 0x80000e24 (0xe39e4b13) x22 0xfffffa1d
core   0: 0x80000e28 (0x01b96433) or      s0, s2, s11
core   0: 3 0x80000e28 (0x01b96433) x 8 0x6d3a6001
core   0: 0x80000e2c (0x34362413) slti    s0, a2, 835
core   0: 3 0x80000e2c (0x34362413) x 8 0x00000001
core   0: 0x80000e30 (0x7b694193) xori    gp, s2, 1974
core   0: 3 0x80000e30 (0x7b694193) x 3 0x000007b7
core   0: 0x80000e34 (0x814d98b7) lui     a7, 0x814d9
core   0: 3 0x80000e34 (0x814d98b7) x17 0x814d9000
core   0: 0x80000e38 (0x01d9bcb3) sltu    s9, s3, t4
core   0: 3 0x80000e38 (0x01d9bcb3) x25 0x00000000
core   0: 0x80000e3c (0xee34a793) slti    a5, s1, -285
core   0: 3 0x80000e3c (0xee34a793) x15 0x00000001
core   0: 0x80000e40 (0x00f7da13) srli    s4, a5, 15
core   0: 3 0x80000e40 (0x00f7da13) x20 0x00000000
core   0: 0x80000e44 (0x00000013) nop
core   0: 3 0x80000e44 (0x00000013)
core   0: 0x80000e48 (0x00585633) srl     a2, a6, t0
core   0: 3 0x80000e48 (0x00585633) x12 0x4000a66a
core   0: 0x80000e4c (0x41d6d933) sra     s2, a3, t4
core   0: 3 0x80000e4c (0x41d6d933) x18 0x00000000
core   0: 0x80000e50 (0x006a2db3) slt     s11, s4, t1
core   0: 3 0x80000e50 (0x006a2db3) x27 0x00000000
core   0: 0x80000e54 (0x21938a13) addi    s4, t2, 537
core   0: 3 0x80000e54 (0x21938a13) x20 0x80000219
core   0: 0x80000e58 (0x01cbd993) srli    s3, s7, 28
core   0: 3 0x80000e58 (0x01cbd993) x19 0x00000006
core   0: 0x80000e5c (0x40b02093) slti    ra, zero, 1035
core   0: 3 0x80000e5c (0x40b02093) x 1 0x00000001
core   0: 0x80000e60 (0x01395733) srl     a4, s2, s3
core   0: 3 0x80000e60 (0x01395733) x14 0x00000000
core   0: 0x80000e64 (0x00eb88b3) add     a7, s7, a4
core   0: 3 0x80000e64 (0x00eb88b3) x17 0x6d3a6000
core   0: 0x80000e68 (0x0129ae33) slt     t3, s3, s2
core   0: 3 0x80000e68 (0x0129ae33) x28 0x00000000
core   0: 0x80000e6c (0x00cb9f93) slli    t6, s7, 12
core   0: 3 0x80000e6c (0x00cb9f93) x31 0xa6000000
core   0: 0x80000e70 (0x5ba57993) andi    s3, a0, 1466
core   0: 3 0x80000e70 (0x5ba57993) x19 0x00000420
core   0: 0x80000e74 (0x4046da13) srai    s4, a3, 4
core   0: 3 0x80000e74 (0x4046da13) x20 0x00000000
core   0: 0x80000e78 (0x7d0a2c93) slti    s9, s4, 2000
core   0: 3 0x80000e78 (0x7d0a2c93) x25 0x00000001
core   0: 0x80000e7c (0x40e38633) sub     a2, t2, a4
core   0: 3 0x80000e7c (0x40e38633) x12 0x80000000
core   0: 0x80000e80 (0x999b3f13) sltiu   t5, s6, -1639
core   0: 3 0x80000e80 (0x999b3f13) x30 0x00000000
core   0: 0x80000e84 (0x004b2a33) slt     s4, s6, tp
core   0: 3 0x80000e84 (0x004b2a33) x20 0x00000000
core   0: 0x80000e88 (0x5215b617) auipc   a2, 0x5215b
core   0: 3 0x80000e88 (0x5215b617) x12 0xd215be88
core   0: 0x80000e8c (0x896cc693) xori    a3, s9, -1898
core   0: 3 0x80000e8c (0x896cc693) x13 0xfffff897
core   0: 0x80000e90 (0x41820133) sub     sp, tp, s8
core   0: 3 0x80000e90 (0x41820133) x 2 0xe53b77c0
core   0: 0x80000e94 (0xb2b0b713) sltiu   a4, ra, -1237
core   0: 3 0x80000e94 (0xb2b0b713) x14 0x00000001
core   0: 0x80000e98 (0x01095093) srli    ra, s2, 16
core   0: 3 0x80000e98 (0x01095093) x 1 0x00000000
core   0: 0x80000e9c (0x00afbab3) sltu    s5, t6, a0
core   0: 3 0x80000e9c (0x00afbab3) x21 0x00000000
core   0: 0x80000ea0 (0x01139493) slli    s1, t2, 17
core   0: 3 0x80000ea0 (0x01139493) x 9 0x00000000
core   0: 0x80000ea4 (0x003e28b3) slt     a7, t3, gp
core   0: 3 0x80000ea4 (0x003e28b3) x17 0x00000001
core   0: 0x80000ea8 (0xc9ce0493) addi    s1, t3, -868
core   0: 3 0x80000ea8 (0xc9ce0493) x 9 0xfffffc9c
core   0: 0x80000eac (0x49db3eb7) lui     t4, 0x49db3
core   0: 3 0x80000eac (0x49db3eb7) x29 0x49db3000
core   0: 0x80000eb0 (0x792d0f93) addi    t6, s10, 1938
core   0: 3 0x80000eb0 (0x792d0f93) x31 0x4be9e792
core   0: 0x80000eb4 (0x01b6a5b3) slt     a1, a3, s11
core   0: 3 0x80000eb4 (0x01b6a5b3) x11 0x00000001
core   0: 0x80000eb8 (0x0124f0b3) and     ra, s1, s2
core   0: 3 0x80000eb8 (0x0124f0b3) x 1 0x00000000
core   0: 0x80000ebc (0x11ac6213) ori     tp, s8, 282
core   0: 3 0x80000ebc (0x11ac6213) x 4 0x07fff7be
core   0: 0x80000ec0 (0x1950eeb7) lui     t4, 0x1950e
core   0: 3 0x80000ec0 (0x1950eeb7) x29 0x1950e000
core   0: 0x80000ec4 (0x59913793) sltiu   a5, sp, 1433
core   0: 3 0x80000ec4 (0x59913793) x15 0x00000000
core   0: 0x80000ec8 (0xd5060d93) addi    s11, a2, -688
core   0: 3 0x80000ec8 (0xd5060d93) x27 0xd215bbd8
core   0: 0x80000ecc (0x8f388e93) addi    t4, a7, -1805
core   0: 3 0x80000ecc (0x8f388e93) x29 0xfffff8f4
core   0: 0x80000ed0 (0xcf5b7193) andi    gp, s6, -779
core   0: 3 0x80000ed0 (0xcf5b7193) x 3 0xfffff815
core   0: 0x80000ed4 (0x0197a633) slt     a2, a5, s9
core   0: 3 0x80000ed4 (0x0197a633) x12 0x00000001
core   0: 0x80000ed8 (0x40f15733) sra     a4, sp, a5
core   0: 3 0x80000ed8 (0x40f15733) x14 0xe53b77c0
core   0: 0x80000edc (0x009cd633) srl     a2, s9, s1
core   0: 3 0x80000edc (0x009cd633) x12 0x00000000
core   0: 0x80000ee0 (0x006a5f13) srli    t5, s4, 6
core   0: 3 0x80000ee0 (0x006a5f13) x30 0x00000000
core   0: 0x80000ee4 (0x400f57b3) sra     a5, t5, zero
core   0: 3 0x80000ee4 (0x400f57b3) x15 0x00000000
core   0: 0x80000ee8 (0x011eb9b3) sltu    s3, t4, a7
core   0: 3 0x80000ee8 (0x011eb9b3) x19 0x00000000
core   0: 0x80000eec (0x011f7133) and     sp, t5, a7
core   0: 3 0x80000eec (0x011f7133) x 2 0x00000000
core   0: 0x80000ef0 (0x0131cd33) xor     s10, gp, s3
core   0: 3 0x80000ef0 (0x0131cd33) x26 0xfffff815
core   0: 0x80000ef4 (0xd69a3837) lui     a6, 0xd69a3
core   0: 3 0x80000ef4 (0xd69a3837) x16 0xd69a3000
core   0: 0x80000ef8 (0x9363ab17) auipc   s6, 0x9363a
core   0: 3 0x80000ef8 (0x9363ab17) x22 0x1363aef8
core   0: 0x80000efc (0x0103a2b3) slt     t0, t2, a6
core   0: 3 0x80000efc (0x0103a2b3) x 5 0x00000001
core   0: 0x80000f00 (0x0198aeb3) slt     t4, a7, s9
core   0: 3 0x80000f00 (0x0198aeb3) x29 0x00000000
core   0: 0x80000f04 (0x001531b3) sltu    gp, a0, ra
core   0: 3 0x80000f04 (0x001531b3) x 3 0x00000000
core   0: 0x80000f08 (0x2283ce13) xori    t3, t2, 552
core   0: 3 0x80000f08 (0x2283ce13) x28 0x80000228
core   0: 0x80000f0c (0x013c5993) srli    s3, s8, 19
core   0: 3 0x80000f0c (0x013c5993) x19 0x000000ff
core   0: 0x80000f10 (0x01fe9193) slli    gp, t4, 31
core   0: 3 0x80000f10 (0x01fe9193) x 3 0x00000000
core   0: 0x80000f14 (0x011a9a93) slli    s5, s5, 17
core   0: 3 0x80000f14 (0x011a9a93) x21 0x00000000
core   0: 0x80000f18 (0x0090ec33) or      s8, ra, s1
core   0: 3 0x80000f18 (0x0090ec33) x24 0xfffffc9c
core   0: 0x80000f1c (0x00cfd233) srl     tp, t6, a2
core   0: 3 0x80000f1c (0x00cfd233) x 4 0x4be9e792
core   0: 0x80000f20 (0x28168d37) lui     s10, 0x28168
core   0: 3 0x80000f20 (0x28168d37) x26 0x28168000
core   0: 0x80000f24 (0xf4f74993) xori    s3, a4, -177
core   0: 3 0x80000f24 (0xf4f74993) x19 0x1ac4888f
core   0: 0x80000f28 (0x01bbd9b3) srl     s3, s7, s11
core   0: 3 0x80000f28 (0x01bbd9b3) x19 0x0000006d
core   0: 0x80000f2c (0x015a2833) slt     a6, s4, s5
core   0: 3 0x80000f2c (0x015a2833) x16 0x00000000
core   0: 0x80000f30 (0x00cb9013) slli    zero, s7, 12
core   0: 3 0x80000f30 (0x00cb9013)
core   0: 0x80000f34 (0x13260d93) addi    s11, a2, 306
core   0: 3 0x80000f34 (0x13260d93) x27 0x00000132
core   0: 0x80000f38 (0x00de9d33) sll     s10, t4, a3
core   0: 3 0x80000f38 (0x00de9d33) x26 0x00000000
core   0: 0x80000f3c (0x018f6f33) or      t5, t5, s8
core   0: 3 0x80000f3c (0x018f6f33) x30 0xfffffc9c
core   0: 0x80000f40 (0x0120d413) srli    s0, ra, 18
core   0: 3 0x80000f40 (0x0120d413) x 8 0x00000000
core   0: 0x80000f44 (0x000f48b3) xor     a7, t5, zero
core   0: 3 0x80000f44 (0x000f48b3) x17 0xfffffc9c
core   0: 0x80000f48 (0x01183033) sltu    zero, a6, a7
core   0: 3 0x80000f48 (0x01183033)
core   0: 0x80000f4c (0x00000013) nop
core   0: 3 0x80000f4c (0x00000013)
core   0: 0x80000f50 (0x018c4c33) xor     s8, s8, s8
core   0: 3 0x80000f50 (0x018c4c33) x24 0x00000000
core   0: 0x80000f54 (0x15618793) addi    a5, gp, 342
core   0: 3 0x80000f54 (0x15618793) x15 0x00000156
core   0: 0x80000f58 (0x41855713) srai    a4, a0, 24
core   0: 3 0x80000f58 (0x41855713) x14 0xffffff80
core   0: 0x80000f5c (0x40b6de13) srai    t3, a3, 11
core   0: 3 0x80000f5c (0x40b6de13) x28 0xffffffff
core   0: 0x80000f60 (0x019037b3) snez    a5, s9
core   0: 3 0x80000f60 (0x019037b3) x15 0x00000001
core   0: 0x80000f64 (0x00636733) or      a4, t1, t1
core   0: 3 0x80000f64 (0x00636733) x14 0x80014ce4
core   0: 0x80000f68 (0x009378b3) and     a7, t1, s1
core   0: 3 0x80000f68 (0x009378b3) x17 0x80014c84
core   0: 0x80000f6c (0xfcf24237) lui     tp, 0xfcf24
core   0: 3 0x80000f6c (0xfcf24237) x 4 0xfcf24000
core   0: 0x80000f70 (0x40fe8233) sub     tp, t4, a5
core   0: 3 0x80000f70 (0x40fe8233) x 4 0xffffffff
core   0: 0x80000f74 (0x00000013) nop
core   0: 3 0x80000f74 (0x00000013)
core   0: 0x80000f78 (0x00215133) srl     sp, sp, sp
core   0: 3 0x80000f78 (0x00215133) x 2 0x00000000
core   0: 0x80000f7c (0x018c29b3) slt     s3, s8, s8
core   0: 3 0x80000f7c (0x018c29b3) x19 0x00000000
core   0: 0x80000f80 (0x019d1413) slli    s0, s10, 25
core   0: 3 0x80000f80 (0x019d1413) x 8 0x00000000
core   0: 0x80000f84 (0x5b7c3f93) sltiu   t6, s8, 1463
core   0: 3 0x80000f84 (0x5b7c3f93) x31 0x00000001
core   0: 0x80000f88 (0x00000013) nop
core   0: 3 0x80000f88 (0x00000013)
core   0: 0x80000f8c (0xfb9aec13) ori     s8, s5, -71
core   0: 3 0x80000f8c (0xfb9aec13) x24 0xffffffb9
core   0: 0x80000f90 (0x00864eb3) xor     t4, a2, s0
core   0: 3 0x80000f90 (0x00864eb3) x29 0x00000000
core   0: 0x80000f94 (0x00416d33) or      s10, sp, tp
core   0: 3 0x80000f94 (0x00416d33) x26 0xffffffff
core   0: 0x80000f98 (0xb0663b13) sltiu   s6, a2, -1274
core   0: 3 0x80000f98 (0xb0663b13) x22 0x00000001
core   0: 0x80000f9c (0xdd082c13) slti    s8, a6, -560
core   0: 3 0x80000f9c (0xdd082c13) x24 0x00000000
core   0: 0x80000fa0 (0x014fb5b3) sltu    a1, t6, s4
core   0: 3 0x80000fa0 (0x014fb5b3) x11 0x00000000
core   0: 0x80000fa4 (0x014cf633) and     a2, s9, s4
core   0: 3 0x80000fa4 (0x014cf633) x12 0x00000000
core   0: 0x80000fa8 (0x01f1c2b3) xor     t0, gp, t6
core   0: 3 0x80000fa8 (0x01f1c2b3) x 5 0x00000001
core   0: 0x80000fac (0x1f51b293) sltiu   t0, gp, 501
core   0: 3 0x80000fac (0x1f51b293) x 5 0x00000001
core   0: 0x80000fb0 (0xcb520b93) addi    s7, tp, -843
core   0: 3 0x80000fb0 (0xcb520b93) x23 0xfffffcb4
core   0: 0x80000fb4 (0x5377fc93) andi    s9, a5, 1335
core   0: 3 0x80000fb4 (0x5377fc93) x25 0x00000001
core   0: 0x80000fb8 (0x01cd0733) add     a4, s10, t3
core   0: 3 0x80000fb8 (0x01cd0733) x14 0xfffffffe
core   0: 0x80000fbc (0x00f559b3) srl     s3, a0, a5
core   0: 3 0x80000fbc (0x00f559b3) x19 0x40008732
core   0: 0x80000fc0 (0x41c98433) sub     s0, s3, t3
core   0: 3 0x80000fc0 (0x41c98433) x 8 0x40008733
core   0: 0x80000fc4 (0x4089dbb3) sra     s7, s3, s0
core   0: 3 0x80000fc4 (0x4089dbb3) x23 0x00000800
core   0: 0x80000fc8 (0xdb7dee13) ori     t3, s11, -585
core   0: 3 0x80000fc8 (0xdb7dee13) x28 0xfffffdb7
core   0: 0x80000fcc (0xff183d93) sltiu   s11, a6, -15
core   0: 3 0x80000fcc (0xff183d93) x27 0x00000001
core   0: 0x80000fd0 (0x006a8933) add     s2, s5, t1
core   0: 3 0x80000fd0 (0x006a8933) x18 0x80014ce4
core   0: 0x80000fd4 (0x00204ab3) xor     s5, zero, sp
core   0: 3 0x80000fd4 (0x00204ab3) x21 0x00000000
core   0: 0x80000fd8 (0x9b91ce13) xori    t3, gp, -1607
core   0: 3 0x80000fd8 (0x9b91ce13) x28 0xfffff9b9
core   0: 0x80000fdc (0x41ff5593) srai    a1, t5, 31
core   0: 3 0x80000fdc (0x41ff5593) x11 0xffffffff
core   0: 0x80000fe0 (0x415fd633) sra     a2, t6, s5
core   0: 3 0x80000fe0 (0x415fd633) x12 0x00000001
core   0: 0x80000fe4 (0xc0631717) auipc   a4, 0xc0631
core   0: 3 0x80000fe4 (0xc0631717) x14 0x40631fe4
core   0: 0x80000fe8 (0x1564a793) slti    a5, s1, 342
core   0: 3 0x80000fe8 (0x1564a793) x15 0x00000001
core   0: 0x80000fec (0x010e5193) srli    gp, t3, 16
core   0: 3 0x80000fec (0x010e5193) x 3 0x0000ffff
core   0: 0x80000ff0 (0x46638793) addi    a5, t2, 1126
core   0: 3 0x80000ff0 (0x46638793) x15 0x80000466
core   0: 0x80000ff4 (0x00362e33) slt     t3, a2, gp
core   0: 3 0x80000ff4 (0x00362e33) x28 0x00000001
core   0: 0x80000ff8 (0x41d98b33) sub     s6, s3, t4
core   0: 3 0x80000ff8 (0x41d98b33) x22 0x40008732
core   0: 0x80000ffc (0x00eda833) slt     a6, s11, a4
core   0: 3 0x80000ffc (0x00eda833) x16 0x00000001
core   0: 0x80001000 (0x3956c213) xori    tp, a3, 917
core   0: 3 0x80001000 (0x3956c213) x 4 0xfffffb02
core   0: 0x80001004 (0x01f39433) sll     s0, t2, t6
core   0: 3 0x80001004 (0x01f39433) x 8 0x00000000
core   0: 0x80001008 (0x4051d093) srai    ra, gp, 5
core   0: 3 0x80001008 (0x4051d093) x 1 0x000007ff
core   0: 0x8000100c (0x00b09993) slli    s3, ra, 11
core   0: 3 0x8000100c (0x00b09993) x19 0x003ff800
core   0: 0x80001010 (0x01664933) xor     s2, a2, s6
core   0: 3 0x80001010 (0x01664933) x18 0x40008733
core   0: 0x80001014 (0xde4b8f93) addi    t6, s7, -540
core   0: 3 0x80001014 (0xde4b8f93) x31 0x000005e4
core   0: 0x80001018 (0xf8c116b7) lui     a3, 0xf8c11
core   0: 3 0x80001018 (0xf8c116b7) x13 0xf8c11000
core   0: 0x8000101c (0xa9d6e897) auipc   a7, 0xa9d6e
core   0: 3 0x8000101c (0xa9d6e897) x17 0x29d6f01c
core   0: 0x80001020 (0x00b22b33) slt     s6, tp, a1
core   0: 3 0x80001020 (0x00b22b33) x22 0x00000001
core   0: 0x80001024 (0x41350bb3) sub     s7, a0, s3
core   0: 3 0x80001024 (0x41350bb3) x23 0x7fc11664
core   0: 0x80001028 (0x3409bd93) sltiu   s11, s3, 832
core   0: 3 0x80001028 (0x3409bd93) x27 0x00000000
core   0: 0x8000102c (0x569e4813) xori    a6, t3, 1385
core   0: 3 0x8000102c (0x569e4813) x16 0x00000568
core   0: 0x80001030 (0x006b30b3) sltu    ra, s6, t1
core   0: 3 0x80001030 (0x006b30b3) x 1 0x00000001
core   0: 0x80001034 (0xc2593617) auipc   a2, 0xc2593
core   0: 3 0x80001034 (0xc2593617) x12 0x42594034
core   0: 0x80001038 (0x014f62b3) or      t0, t5, s4
core   0: 3 0x80001038 (0x014f62b3) x 5 0xfffffc9c
core   0: 0x8000103c (0x73490013) addi    zero, s2, 1844
core   0: 3 0x8000103c (0x73490013)
core   0: 0x80001040 (0x40748eb3) sub     t4, s1, t2
core   0: 3 0x80001040 (0x40748eb3) x29 0x7ffffc9c
core   0: 0x80001044 (0xf4fe3193) sltiu   gp, t3, -177
core   0: 3 0x80001044 (0xf4fe3193) x 3 0x00000001
core   0: 0x80001048 (0x01b91b13) slli    s6, s2, 27
core   0: 3 0x80001048 (0x01b91b13) x22 0x98000000
core   0: 0x8000104c (0x40c68633) sub     a2, a3, a2
core   0: 3 0x8000104c (0x40c68633) x12 0xb667cfcc
core   0: 0x80001050 (0xf3e3ca17) auipc   s4, 0xf3e3c
core   0: 3 0x80001050 (0xf3e3ca17) x20 0x73e3d050
core   0: 0x80001054 (0x000f5193) srli    gp, t5, 0
core   0: 3 0x80001054 (0x000f5193) x 3 0xfffffc9c
core   0: 0x80001058 (0x0048cdb3) xor     s11, a7, tp
core   0: 3 0x80001058 (0x0048cdb3) x27 0xd6290b1e
core   0: 0x8000105c (0x7e313213) sltiu   tp, sp, 2019
core   0: 3 0x8000105c (0x7e313213) x 4 0x00000001
core   0: 0x80001060 (0x00000493) li      s1, 0
core   0: 3 0x80001060 (0x00000493) x 9 0x00000000
core   0: 0x80001064 (0x80000937) lui     s2, 0x80000
core   0: 3 0x80001064 (0x80000937) x18 0x80000000
core   0: 0x80001068 (0x00000e13) li      t3, 0
core   0: 3 0x80001068 (0x00000e13) x28 0x00000000
core   0: 0x8000106c (0x00000f93) li      t6, 0
core   0: 3 0x8000106c (0x00000f93) x31 0x00000000
core   0: 0x80001070 (0x80000bb7) lui     s7, 0x80000
core   0: 3 0x80001070 (0x80000bb7) x23 0x80000000
core   0: 0x80001074 (0xfff00713) li      a4, -1
core   0: 3 0x80001074 (0xfff00713) x14 0xffffffff
core   0: 0x80001078 (0x00000d93) li      s11, 0
core   0: 3 0x80001078 (0x00000d93) x27 0x00000000
core   0: 0x8000107c (0x13d1b5b7) lui     a1, 0x13d1b
core   0: 3 0x8000107c (0x13d1b5b7) x11 0x13d1b000
core   0: 0x80001080 (0xe1058593) addi    a1, a1, -496
core   0: 3 0x80001080 (0xe1058593) x11 0x13d1ae10
core   0: 0x80001084 (0xb5e0a437) lui     s0, 0xb5e0a
core   0: 3 0x80001084 (0xb5e0a437) x 8 0xb5e0a000
core   0: 0x80001088 (0x22840413) addi    s0, s0, 552
core   0: 3 0x80001088 (0x22840413) x 8 0xb5e0a228
core   0: 0x8000108c (0x80000c37) lui     s8, 0x80000
core   0: 3 0x8000108c (0x80000c37) x24 0x80000000
core   0: 0x80001090 (0x00000013) nop
core   0: 3 0x80001090 (0x00000013)
core   0: 0x80001094 (0x3e8b8e13) addi    t3, s7, 1000
core   0: 3 0x80001094 (0x3e8b8e13) x28 0x800003e8
core   0: 0x80001098 (0x41cc04b3) sub     s1, s8, t3
core   0: 3 0x80001098 (0x41cc04b3) x 9 0xfffffc18
core   0: 0x8000109c (0x19b70d93) addi    s11, a4, 411
core   0: 3 0x8000109c (0x19b70d93) x27 0x0000019a
core   0: 0x800010a0 (0x00000013) nop
core   0: 3 0x800010a0 (0x00000013)
core   0: 0x800010a4 (0x40948bb3) sub     s7, s1, s1
core   0: 3 0x800010a4 (0x40948bb3) x23 0x00000000
core   0: 0x800010a8 (0x00000013) nop
core   0: 3 0x800010a8 (0x00000013)
core   0: 0x800010ac (0x01bb8e33) add     t3, s7, s11
core   0: 3 0x800010ac (0x01bb8e33) x28 0x0000019a
core   0: 0x800010b0 (0x01f40bb3) add     s7, s0, t6
core   0: 3 0x800010b0 (0x01f40bb3) x23 0xb5e0a228
core   0: 0x800010b4 (0xf354dbb7) lui     s7, 0xf354d
core   0: 3 0x800010b4 (0xf354dbb7) x23 0xf354d000
core   0: 0x800010b8 (0x009c0433) add     s0, s8, s1
core   0: 3 0x800010b8 (0x009c0433) x 8 0x7ffffc18
core   0: 0x800010bc (0x499f8d93) addi    s11, t6, 1177
core   0: 3 0x800010bc (0x499f8d93) x27 0x00000499
core   0: 0x800010c0 (0x4facf5b7) lui     a1, 0x4facf
core   0: 3 0x800010c0 (0x4facf5b7) x11 0x4facf000
core   0: 0x800010c4 (0x412c0933) sub     s2, s8, s2
core   0: 3 0x800010c4 (0x412c0933) x18 0x00000000
core   0: 0x800010c8 (0x963e0413) addi    s0, t3, -1693
core   0: 3 0x800010c8 (0x963e0413) x 8 0xfffffafd
core   0: 0x800010cc (0x09ef8593) addi    a1, t6, 158
core   0: 3 0x800010cc (0x09ef8593) x11 0x0000009e
core   0: 0x800010d0 (0x00000013) nop
core   0: 3 0x800010d0 (0x00000013)
core   0: 0x800010d4 (0x6fae0913) addi    s2, t3, 1786
core   0: 3 0x800010d4 (0x6fae0913) x18 0x00000894
core   0: 0x800010d8 (0x00ed8bb3) add     s7, s11, a4
core   0: 3 0x800010d8 (0x00ed8bb3) x23 0x00000498
core   0: 0x800010dc (0x00000013) nop
core   0: 3 0x800010dc (0x00000013)
core   0: 0x800010e0 (0x00184133) xor     sp, a6, ra
core   0: 3 0x800010e0 (0x00184133) x 2 0x00000569
core   0: 0x800010e4 (0x00c825b3) slt     a1, a6, a2
core   0: 3 0x800010e4 (0x00c825b3) x11 0x00000000
core   0: 0x800010e8 (0x01c91d33) sll     s10, s2, t3
core   0: 3 0x800010e8 (0x01c91d33) x26 0x50000000
core   0: 0x800010ec (0x002b6733) or      a4, s6, sp
core   0: 3 0x800010ec (0x002b6733) x14 0x98000569
core   0: 0x800010f0 (0xe0b9e493) ori     s1, s3, -501
core   0: 3 0x800010f0 (0xe0b9e493) x 9 0xfffffe0b
core   0: 0x800010f4 (0x481fbf37) lui     t5, 0x481fb
core   0: 3 0x800010f4 (0x481fbf37) x30 0x481fb000
core   0: 0x800010f8 (0x1fdb3293) sltiu   t0, s6, 509
core   0: 3 0x800010f8 (0x1fdb3293) x 5 0x00000000
core   0: 0x800010fc (0x015ec1b3) xor     gp, t4, s5
core   0: 3 0x800010fc (0x015ec1b3) x 3 0x7ffffc9c
core   0: 0x80001100 (0x133bc993) xori    s3, s7, 307
core   0: 3 0x80001100 (0x133bc993) x19 0x000005ab
core   0: 0x80001104 (0x013c0b33) add     s6, s8, s3
core   0: 3 0x80001104 (0x013c0b33) x22 0x800005ab
core   0: 0x80001108 (0x86c17417) auipc   s0, 0x86c17
core   0: 3 0x80001108 (0x86c17417) x 8 0x06c18108
core   0: 0x8000110c (0x618eb893) sltiu   a7, t4, 1560
core   0: 3 0x8000110c (0x618eb893) x17 0x00000000
core   0: 0x80001110 (0x7e33b497) auipc   s1, 0x7e33b
core   0: 3 0x80001110 (0x7e33b497) x 9 0xfe33c110
core   0: 0x80001114 (0x73bcc093) xori    ra, s9, 1851
core   0: 3 0x80001114 (0x73bcc093) x 1 0x0000073a
core   0: 0x80001118 (0x2a02b213) sltiu   tp, t0, 672
core   0: 3 0x80001118 (0x2a02b213) x 4 0x00000001
core   0: 0x8000111c (0x01642233) slt     tp, s0, s6
core   0: 3 0x8000111c (0x01642233) x 4 0x00000000
core   0: 0x80001120 (0x4124d6b3) sra     a3, s1, s2
core   0: 3 0x80001120 (0x4124d6b3) x13 0xffffffe3
core   0: 0x80001124 (0x00289293) slli    t0, a7, 2
core   0: 3 0x80001124 (0x00289293) x 5 0x00000000
core   0: 0x80001128 (0xe85f7037) lui     zero, 0xe85f7
core   0: 3 0x80001128 (0xe85f7037)
core   0: 0x8000112c (0x411309b3) sub     s3, t1, a7
core   0: 3 0x8000112c (0x411309b3) x19 0x80014ce4
core   0: 0x80001130 (0x01a8d113) srli    sp, a7, 26
core   0: 3 0x80001130 (0x01a8d113) x 2 0x00000000
core   0: 0x80001134 (0x008c9413) slli    s0, s9, 8
core   0: 3 0x80001134 (0x008c9413) x 8 0x00000100
core   0: 0x80001138 (0x00de2d33) slt     s10, t3, a3
core   0: 3 0x80001138 (0x00de2d33) x26 0x00000000
core   0: 0x8000113c (0x00b2d793) srli    a5, t0, 11
core   0: 3 0x8000113c (0x00b2d793) x15 0x00000000
core   0: 0x80001140 (0x2bd2a093) slti    ra, t0, 701
core   0: 3 0x80001140 (0x2bd2a093) x 1 0x00000001
core   0: 0x80001144 (0x01f4ba33) sltu    s4, s1, t6
core   0: 3 0x80001144 (0x01f4ba33) x20 0x00000000
core   0: 0x80001148 (0xeef62e13) slti    t3, a2, -273
core   0: 3 0x80001148 (0xeef62e13) x28 0x00000001
core   0: 0x8000114c (0x6d683693) sltiu   a3, a6, 1750
core   0: 3 0x8000114c (0x6d683693) x13 0x00000001
core   0: 0x80001150 (0x404c5593) srai    a1, s8, 4
core   0: 3 0x80001150 (0x404c5593) x11 0xf8000000
core   0: 0x80001154 (0x01101013) slli    zero, zero, 17
core   0: 3 0x80001154 (0x01101013)
core   0: 0x80001158 (0x00be2b33) slt     s6, t3, a1
core   0: 3 0x80001158 (0x00be2b33) x22 0x00000000
core   0: 0x8000115c (0x004d76b3) and     a3, s10, tp
core   0: 3 0x8000115c (0x004d76b3) x13 0x00000000
core   0: 0x80001160 (0xed382797) auipc   a5, 0xed382
core   0: 3 0x80001160 (0xed382797) x15 0x6d383160
core   0: 0x80001164 (0x01e9aa33) slt     s4, s3, t5
core   0: 3 0x80001164 (0x01e9aa33) x20 0x00000001
core   0: 0x80001168 (0x017a12b3) sll     t0, s4, s7
core   0: 3 0x80001168 (0x017a12b3) x 5 0x01000000
core   0: 0x8000116c (0x41ae5d33) sra     s10, t3, s10
core   0: 3 0x8000116c (0x41ae5d33) x26 0x00000001
core   0: 0x80001170 (0x011ef733) and     a4, t4, a7
core   0: 3 0x80001170 (0x011ef733) x14 0x00000000
core   0: 0x80001174 (0xa2ae0217) auipc   tp, 0xa2ae0
core   0: 3 0x80001174 (0xa2ae0217) x 4 0x22ae1174
core   0: 0x80001178 (0x0065a133) slt     sp, a1, t1
core   0: 3 0x80001178 (0x0065a133) x 2 0x00000000
core   0: 0x8000117c (0x580def13) ori     t5, s11, 1408
core   0: 3 0x8000117c (0x580def13) x30 0x00000599
core   0: 0x80001180 (0x40305113) srai    sp, zero, 3
core   0: 3 0x80001180 (0x40305113) x 2 0x00000000
core   0: 0x80001184 (0xb6b7ff17) auipc   t5, 0xb6b7f
core   0: 3 0x80001184 (0xb6b7ff17) x30 0x36b80184
core   0: 0x80001188 (0x00709b13) slli    s6, ra, 7
core   0: 3 0x80001188 (0x00709b13) x22 0x00000080
core   0: 0x8000118c (0xe6d50b13) addi    s6, a0, -403
core   0: 3 0x8000118c (0xe6d50b13) x22 0x80010cd1
core   0: 0x80001190 (0x009e9593) slli    a1, t4, 9
core   0: 3 0x80001190 (0x009e9593) x11 0xfff93800
core   0: 0x80001194 (0x01a357b3) srl     a5, t1, s10
core   0: 3 0x80001194 (0x01a357b3) x15 0x4000a672
core   0: 0x80001198 (0x00223a33) sltu    s4, tp, sp
core   0: 3 0x80001198 (0x00223a33) x20 0x00000000
core   0: 0x8000119c (0x0005ef33) or      t5, a1, zero
core   0: 3 0x8000119c (0x0005ef33) x30 0xfff93800
core   0: 0x800011a0 (0x009301b3) add     gp, t1, s1
core   0: 3 0x800011a0 (0x009301b3) x 3 0x7e350df4
core   0: 0x800011a4 (0x01010bb3) add     s7, sp, a6
core   0: 3 0x800011a4 (0x01010bb3) x23 0x00000568
core   0: 0x800011a8 (0x01bef733) and     a4, t4, s11
core   0: 3 0x800011a8 (0x01bef733) x14 0x00000498
core   0: 0x800011ac (0x194898b7) lui     a7, 0x19489
core   0: 3 0x800011ac (0x194898b7) x17 0x19489000
core   0: 0x800011b0 (0x6d7e4037) lui     zero, 0x6d7e4
core   0: 3 0x800011b0 (0x6d7e4037)
core   0: 0x800011b4 (0x01d5b5b3) sltu    a1, a1, t4
core   0: 3 0x800011b4 (0x01d5b5b3) x11 0x00000000
core   0: 0x800011b8 (0x014d42b3) xor     t0, s10, s4
core   0: 3 0x800011b8 (0x014d42b3) x 5 0x00000001
core   0: 0x800011bc (0x00000013) nop
core   0: 3 0x800011bc (0x00000013)
core   0: 0x800011c0 (0xbf6e16b7) lui     a3, 0xbf6e1
core   0: 3 0x800011c0 (0xbf6e16b7) x13 0xbf6e1000
core   0: 0x800011c4 (0xcfaa3993) sltiu   s3, s4, -774
core   0: 3 0x800011c4 (0xcfaa3993) x19 0x00000001
core   0: 0x800011c8 (0x00be6233) or      tp, t3, a1
core   0: 3 0x800011c8 (0x00be6233) x 4 0x00000001
core   0: 0x800011cc (0x013282b3) add     t0, t0, s3
core   0: 3 0x800011cc (0x013282b3) x 5 0x00000002
core   0: 0x800011d0 (0x00e50bb3) add     s7, a0, a4
core   0: 3 0x800011d0 (0x00e50bb3) x23 0x800112fc
core   0: 0x800011d4 (0x866d8893) addi    a7, s11, -1946
core   0: 3 0x800011d4 (0x866d8893) x17 0xfffffcff
core   0: 0x800011d8 (0x4d53a213) slti    tp, t2, 1237
core   0: 3 0x800011d8 (0x4d53a213) x 4 0x00000001
core   0: 0x800011dc (0x918b0f37) lui     t5, 0x918b0
core   0: 3 0x800011dc (0x918b0f37) x30 0x918b0000
core   0: 0x800011e0 (0x699b7f13) andi    t5, s6, 1689
core   0: 3 0x800011e0 (0x699b7f13) x30 0x00000491
core   0: 0x800011e4 (0x346b9b97) auipc   s7, 0x346b9
core   0: 3 0x800011e4 (0x346b9b97) x23 0xb46ba1e4
core   0: 0x800011e8 (0xdbd73593) sltiu   a1, a4, -579
core   0: 3 0x800011e8 (0xdbd73593) x11 0x00000001
core   0: 0x800011ec (0x249ec113) xori    sp, t4, 585
core   0: 3 0x800011ec (0x249ec113) x 2 0x7ffffed5
core   0: 0x800011f0 (0x9b7122b7) lui     t0, 0x9b712
core   0: 3 0x800011f0 (0x9b7122b7) x 5 0x9b712000
core   0: 0x800011f4 (0x41630b33) sub     s6, t1, s6
core   0: 3 0x800011f4 (0x41630b33) x22 0x00004013
core   0: 0x800011f8 (0x01f57db3) and     s11, a0, t6
core   0: 3 0x800011f8 (0x01f57db3) x27 0x00000000
core   0: 0x800011fc (0x41ac51b3) sra     gp, s8, s10
core   0: 3 0x800011fc (0x41ac51b3) x 3 0xc0000000
core   0: 0x80001200 (0x0189aab3) slt     s5, s3, s8
core   0: 3 0x80001200 (0x0189aab3) x21 0x00000000
core   0: 0x80001204 (0x61616113) ori     sp, sp, 1558
core   0: 3 0x80001204 (0x61616113) x 2 0x7ffffed7
core   0: 0x80001208 (0x41a2de13) srai    t3, t0, 26
core   0: 3 0x80001208 (0x41a2de13) x28 0xffffffe6
core   0: 0x8000120c (0x008a02b3) add     t0, s4, s0
core   0: 3 0x8000120c (0x008a02b3) x 5 0x00000100
core   0: 0x80001210 (0xfc6722b7) lui     t0, 0xfc672
core   0: 3 0x80001210 (0xfc6722b7) x 5 0xfc672000
core   0: 0x80001214 (0x00000013) nop
core   0: 3 0x80001214 (0x00000013)
core   0: 0x80001218 (0x011d9793) slli    a5, s11, 17
core   0: 3 0x80001218 (0x011d9793) x15 0x00000000
core   0: 0x8000121c (0x010a3633) sltu    a2, s4, a6
core   0: 3 0x8000121c (0x010a3633) x12 0x00000001
core   0: 0x80001220 (0xcaef8093) addi    ra, t6, -850
core   0: 3 0x80001220 (0xcaef8093) x 1 0xfffffcae
core   0: 0x80001224 (0x017a5133) srl     sp, s4, s7
core   0: 3 0x80001224 (0x017a5133) x 2 0x00000000
core   0: 0x80001228 (0x71473893) sltiu   a7, a4, 1812
core   0: 3 0x80001228 (0x71473893) x17 0x00000001
core   0: 0x8000122c (0x7ab6b593) sltiu   a1, a3, 1963
core   0: 3 0x8000122c (0x7ab6b593) x11 0x00000000
core   0: 0x80001230 (0x402a5593) srai    a1, s4, 2
core   0: 3 0x80001230 (0x402a5593) x11 0x00000000
core   0: 0x80001234 (0xf458dd17) auipc   s10, 0xf458d
core   0: 3 0x80001234 (0xf458dd17) x26 0x7458e234
core   0: 0x80001238 (0xceaf1637) lui     a2, 0xceaf1
core   0: 3 0x80001238 (0xceaf1637) x12 0xceaf1000
core   0: 0x8000123c (0x11bf8b13) addi    s6, t6, 283
core   0: 3 0x8000123c (0x11bf8b13) x22 0x0000011b
core   0: 0x80001240 (0x8a1b6c17) auipc   s8, 0x8a1b6
core   0: 3 0x80001240 (0x8a1b6c17) x24 0x0a1b7240
core   0: 0x80001244 (0x40d0df93) srai    t6, ra, 13
core   0: 3 0x80001244 (0x40d0df93) x31 0xffffffff
core   0: 0x80001248 (0x7e4b6217) auipc   tp, 0x7e4b6
core   0: 3 0x80001248 (0x7e4b6217) x 4 0xfe4b7248
core   0: 0x8000124c (0x41b35413) srai    s0, t1, 27
core   0: 3 0x8000124c (0x41b35413) x 8 0xfffffff0
core   0: 0x80001250 (0x00d89233) sll     tp, a7, a3
core   0: 3 0x80001250 (0x00d89233) x 4 0x00000001
core   0: 0x80001254 (0x40b8d9b3) sra     s3, a7, a1
core   0: 3 0x80001254 (0x40b8d9b3) x19 0x00000001
core   0: 0x80001258 (0x403f57b3) sra     a5, t5, gp
core   0: 3 0x80001258 (0x403f57b3) x15 0x00000491
core   0: 0x8000125c (0x0188c733) xor     a4, a7, s8
core   0: 3 0x8000125c (0x0188c733) x14 0x0a1b7241
core   0: 0x80001260 (0x001e8db3) add     s11, t4, ra
core   0: 3 0x80001260 (0x001e8db3) x27 0x7ffff94a
core   0: 0x80001264 (0x016fe2b3) or      t0, t6, s6
core   0: 3 0x80001264 (0x016fe2b3) x 5 0xffffffff
core   0: 0x80001268 (0x007d4eb3) xor     t4, s10, t2
core   0: 3 0x80001268 (0x007d4eb3) x29 0xf458e234
core   0: 0x8000126c (0x00bea633) slt     a2, t4, a1
core   0: 3 0x8000126c (0x00bea633) x12 0x00000001
core   0: 0x80001270 (0x006d9b13) slli    s6, s11, 6
core   0: 3 0x80001270 (0x006d9b13) x22 0xfffe5280
core   0: 0x80001274 (0x00852cb3) slt     s9, a0, s0
core   0: 3 0x80001274 (0x00852cb3) x25 0x00000001
core   0: 0x80001278 (0x404081b3) sub     gp, ra, tp
core   0: 3 0x80001278 (0x404081b3) x 3 0xfffffcad
core   0: 0x8000127c (0x016ef2b3) and     t0, t4, s6
core   0: 3 0x8000127c (0x016ef2b3) x 5 0xf4584200
core   0: 0x80001280 (0xd4cf2d13) slti    s10, t5, -692
core   0: 3 0x80001280 (0xd4cf2d13) x26 0x00000000
core   0: 0x80001284 (0x013a2bb3) slt     s7, s4, s3
core   0: 3 0x80001284 (0x013a2bb3) x23 0x00000001
core   0: 0x80001288 (0x019089b3) add     s3, ra, s9
core   0: 3 0x80001288 (0x019089b3) x19 0xfffffcaf
core   0: 0x8000128c (0xa8744693) xori    a3, s0, -1401
core   0: 3 0x8000128c (0xa8744693) x13 0x00000577
core   0: 0x80001290 (0x0116f733) and     a4, a3, a7
core   0: 3 0x80001290 (0x0116f733) x14 0x00000001
core   0: 0x80001294 (0x01131413) slli    s0, t1, 17
core   0: 3 0x80001294 (0x01131413) x 8 0x99c80000
core   0: 0x80001298 (0x10657893) andi    a7, a0, 262
core   0: 3 0x80001298 (0x10657893) x17 0x00000004
core   0: 0x8000129c (0xa4eee713) ori     a4, t4, -1458
core   0: 3 0x8000129c (0xa4eee713) x14 0xfffffa7e
core   0: 0x800012a0 (0x12b08013) addi    zero, ra, 299
core   0: 3 0x800012a0 (0x12b08013)
core   0: 0x800012a4 (0x013d8133) add     sp, s11, s3
core   0: 3 0x800012a4 (0x013d8133) x 2 0x7ffff5f9
core   0: 0x800012a8 (0x408d86b3) sub     a3, s11, s0
core   0: 3 0x800012a8 (0x408d86b3) x13 0xe637f94a
core   0: 0x800012ac (0x3a1f2437) lui     s0, 0x3a1f2
core   0: 3 0x800012ac (0x3a1f2437) x 8 0x3a1f2000
core   0: 0x800012b0 (0x40fe0b33) sub     s6, t3, a5
core   0: 3 0x800012b0 (0x40fe0b33) x22 0xfffffb55
core   0: 0x800012b4 (0x01efad33) slt     s10, t6, t5
core   0: 3 0x800012b4 (0x01efad33) x26 0x00000001
core   0: 0x800012b8 (0x00ed7633) and     a2, s10, a4
core   0: 3 0x800012b8 (0x00ed7633) x12 0x00000000
core   0: 0x800012bc (0x00966fb3) or      t6, a2, s1
core   0: 3 0x800012bc (0x00966fb3) x31 0xfe33c110
core   0: 0x800012c0 (0x2ad12217) auipc   tp, 0x2ad12
core   0: 3 0x800012c0 (0x2ad12217) x 4 0xaad132c0
core   0: 0x800012c4 (0x019f9033) sll     zero, t6, s9
core   0: 3 0x800012c4 (0x019f9033)
core   0: 0x800012c8 (0x017651b3) srl     gp, a2, s7
core   0: 3 0x800012c8 (0x017651b3) x 3 0x00000000
core   0: 0x800012cc (0x40ae0833) sub     a6, t3, a0
core   0: 3 0x800012cc (0x40ae0833) x16 0x7ffef182
core   0: 0x800012d0 (0x00b3d133) srl     sp, t2, a1
core   0: 3 0x800012d0 (0x00b3d133) x 2 0x80000000
core   0: 0x800012d4 (0x008d1193) slli    gp, s10, 8
core   0: 3 0x800012d4 (0x008d1193) x 3 0x00000100
core   0: 0x800012d8 (0x4087d9b3) sra     s3, a5, s0
core   0: 3 0x800012d8 (0x4087d9b3) x19 0x00000491
core   0: 0x800012dc (0x41775933) sra     s2, a4, s7
core   0: 3 0x800012dc (0x41775933) x18 0xfffffd3f
core   0: 0x800012e0 (0x66c12693) slti    a3, sp, 1644
core   0: 3 0x800012e0 (0x66c12693) x13 0x00000001
core   0: 0x800012e4 (0x01679833) sll     a6, a5, s6
core   0: 3 0x800012e4 (0x01679833) x16 0x92200000
core   0: 0x800012e8 (0x30d6c593) xori    a1, a3, 781
core   0: 3 0x800012e8 (0x30d6c593) x11 0x0000030c
core   0: 0x800012ec (0x01b142b3) xor     t0, sp, s11
core   0: 3 0x800012ec (0x01b142b3) x 5 0xfffff94a
core   0: 0x800012f0 (0x41dd0db3) sub     s11, s10, t4
core   0: 3 0x800012f0 (0x41dd0db3) x27 0x0ba71dcd
core   0: 0x800012f4 (0x5ec1a793) slti    a5, gp, 1516
core   0: 3 0x800012f4 (0x5ec1a793) x15 0x00000001
core   0: 0x800012f8 (0xa5316993) ori     s3, sp, -1453
core   0: 3 0x800012f8 (0xa5316993) x19 0xfffffa53
core   0: 0x800012fc (0x01a272b3) and     t0, tp, s10
core   0: 3 0x800012fc (0x01a272b3) x 5 0x00000000
core   0: 0x80001300 (0x15b78b13) addi    s6, a5, 347
core   0: 3 0x80001300 (0x15b78b13) x22 0x0000015c
core   0: 0x80001304 (0x01445b13) srli    s6, s0, 20
core   0: 3 0x80001304 (0x01445b13) x22 0x000003a1
core   0: 0x80001308 (0xa7d53e13) sltiu   t3, a0, -1411
core   0: 3 0x80001308 (0xa7d53e13) x28 0x00000001
core   0: 0x8000130c (0x00da9113) slli    sp, s5, 13
core   0: 3 0x8000130c (0x00da9113) x 2 0x00000000
core   0: 0x80001310 (0x41d3dfb3) sra     t6, t2, t4
core   0: 3 0x80001310 (0x41d3dfb3) x31 0xfffff800
core   0: 0x80001314 (0x40c80833) sub     a6, a6, a2
core   0: 3 0x80001314 (0x40c80833) x16 0x92200000
core   0: 0x80001318 (0xfe7d3493) sltiu   s1, s10, -25
core   0: 3 0x80001318 (0xfe7d3493) x 9 0x00000001
core   0: 0x8000131c (0x2ac8e213) ori     tp, a7, 684
core   0: 3 0x8000131c (0x2ac8e213) x 4 0x000002ac
core   0: 0x80001320 (0x00f62cb3) slt     s9, a2, a5
core   0: 3 0x80001320 (0x00f62cb3) x25 0x00000001
core   0: 0x80001324 (0x1929fa13) andi    s4, s3, 402
core   0: 3 0x80001324 (0x1929fa13) x20 0x00000012
core   0: 0x80001328 (0x013f1693) slli    a3, t5, 19
core   0: 3 0x80001328 (0x013f1693) x13 0x24880000
core   0: 0x8000132c (0x00f8e433) or      s0, a7, a5
core   0: 3 0x8000132c (0x00f8e433) x 8 0x00000005
core   0: 0x80001330 (0x0182b7b3) sltu    a5, t0, s8
core   0: 3 0x80001330 (0x0182b7b3) x15 0x00000001
core   0: 0x80001334 (0x00000013) nop
core   0: 3 0x80001334 (0x00000013)
core   0: 0x80001338 (0x004c9113) slli    sp, s9, 4
core   0: 3 0x80001338 (0x004c9113) x 2 0x00000010
core   0: 0x8000133c (0x013c5813) srli    a6, s8, 19
core   0: 3 0x8000133c (0x013c5813) x16 0x00000143
core   0: 0x80001340 (0x4ed44793) xori    a5, s0, 1261
core   0: 3 0x80001340 (0x4ed44793) x15 0x000004e8
core   0: 0x80001344 (0x4a78e093) ori     ra, a7, 1191
core   0: 3 0x80001344 (0x4a78e093) x 1 0x000004a7
core   0: 0x80001348 (0x008c1213) slli    tp, s8, 8
core   0: 3 0x80001348 (0x008c1213) x 4 0x1b724000
core   0: 0x8000134c (0x00d52d33) slt     s10, a0, a3
core   0: 3 0x8000134c (0x00d52d33) x26 0x00000001
core   0: 0x80001350 (0x1de17b93) andi    s7, sp, 478
core   0: 3 0x80001350 (0x1de17b93) x23 0x00000010
core   0: 0x80001354 (0x001e8cb3) add     s9, t4, ra
core   0: 3 0x80001354 (0x001e8cb3) x25 0xf458e6db
core   0: 0x80001358 (0x41a35613) srai    a2, t1, 26
core   0: 3 0x80001358 (0x41a35613) x12 0xffffffe0
core   0: 0x8000135c (0x404a5e93) srai    t4, s4, 4
core   0: 3 0x8000135c (0x404a5e93) x29 0x00000001
core   0: 0x80001360 (0x6ac48a93) addi    s5, s1, 1708
core   0: 3 0x80001360 (0x6ac48a93) x21 0x000006ad
core   0: 0x80001364 (0x40e454b3) sra     s1, s0, a4
core   0: 3 0x80001364 (0x40e454b3) x 9 0x00000000
core   0: 0x80001368 (0x36b12793) slti    a5, sp, 875
core   0: 3 0x80001368 (0x36b12793) x15 0x00000001
core   0: 0x8000136c (0x55608993) addi    s3, ra, 1366
core   0: 3 0x8000136c (0x55608993) x19 0x000009fd
core   0: 0x80001370 (0xcb523213) sltiu   tp, tp, -843
core   0: 3 0x80001370 (0xcb523213) x 4 0x00000001
core   0: 0x80001374 (0x01132e33) slt     t3, t1, a7
core   0: 3 0x80001374 (0x01132e33) x28 0x00000001
core   0: 0x80001378 (0xbaec7a93) andi    s5, s8, -1106
core   0: 3 0x80001378 (0xbaec7a93) x21 0x0a1b7200
core   0: 0x8000137c (0x017d9933) sll     s2, s11, s7
core   0: 3 0x8000137c (0x017d9933) x18 0x1dcd0000
core   0: 0x80001380 (0x01efa1b3) slt     gp, t6, t5
core   0: 3 0x80001380 (0x01efa1b3) x 3 0x00000001
core   0: 0x80001384 (0x014c2b33) slt     s6, s8, s4
core   0: 3 0x80001384 (0x014c2b33) x22 0x00000000
core   0: 0x80001388 (0x5a19f4b7) lui     s1, 0x5a19f
core   0: 3 0x80001388 (0x5a19f4b7) x 9 0x5a19f000
core   0: 0x8000138c (0x00ae4b33) xor     s6, t3, a0
core   0: 3 0x8000138c (0x00ae4b33) x22 0x80010e65
core   0: 0x80001390 (0x1cd94e13) xori    t3, s2, 461
core   0: 3 0x80001390 (0x1cd94e13) x28 0x1dcd01cd
core   0: 0x80001394 (0x01461193) slli    gp, a2, 20
core   0: 3 0x80001394 (0x01461193) x 3 0xfe000000
core   0: 0x80001398 (0xbf07a693) slti    a3, a5, -1040
core   0: 3 0x80001398 (0xbf07a693) x13 0x00000000
core   0: 0x8000139c (0x2bab2a93) slti    s5, s6, 698
core   0: 3 0x8000139c (0x2bab2a93) x21 0x00000001
core   0: 0x800013a0 (0x00bc9f93) slli    t6, s9, 11
core   0: 3 0x800013a0 (0x00bc9f93) x31 0xc736d800
core   0: 0x800013a4 (0x4022d193) srai    gp, t0, 2
core   0: 3 0x800013a4 (0x4022d193) x 3 0x00000000
core   0: 0x800013a8 (0x019901b3) add     gp, s2, s9
core   0: 3 0x800013a8 (0x019901b3) x 3 0x1225e6db
core   0: 0x800013ac (0xb030e613) ori     a2, ra, -1277
core   0: 3 0x800013ac (0xb030e613) x12 0xffffffa7
core   0: 0x800013b0 (0x01477933) and     s2, a4, s4
core   0: 3 0x800013b0 (0x01477933) x18 0x00000012
core   0: 0x800013b4 (0x00000013) nop
core   0: 3 0x800013b4 (0x00000013)
core   0: 0x800013b8 (0x00000013) nop
core   0: 3 0x800013b8 (0x00000013)
core   0: 0x800013bc (0x00e039b7) lui     s3, 0xe03
core   0: 3 0x800013bc (0x00e039b7) x19 0x00e03000
core   0: 0x800013c0 (0x000f1db3) sll     s11, t5, zero
core   0: 3 0x800013c0 (0x000f1db3) x27 0x00000491
core   0: 0x800013c4 (0x00b25593) srli    a1, tp, 11
core   0: 3 0x800013c4 (0x00b25593) x11 0x00000000
core   0: 0x800013c8 (0x4b2f3eb7) lui     t4, 0x4b2f3
core   0: 3 0x800013c8 (0x4b2f3eb7) x29 0x4b2f3000
core   0: 0x800013cc (0x41968033) sub     zero, a3, s9
core   0: 3 0x800013cc (0x41968033)
core   0: 0x800013d0 (0x93917a93) andi    s5, sp, -1735
core   0: 3 0x800013d0 (0x93917a93) x21 0x00000010
core   0: 0x800013d4 (0x01c207b3) add     a5, tp, t3
core   0: 3 0x800013d4 (0x01c207b3) x15 0x1dcd01ce
core   0: 0x800013d8 (0xd6dd9817) auipc   a6, 0xd6dd9
core   0: 3 0x800013d8 (0xd6dd9817) x16 0x56dda3d8
core   0: 0x800013dc (0x57890e13) addi    t3, s2, 1400
core   0: 3 0x800013dc (0x57890e13) x28 0x0000058a
core   0: 0x800013e0 (0x01e1bdb3) sltu    s11, gp, t5
core   0: 3 0x800013e0 (0x01e1bdb3) x27 0x00000000
core   0: 0x800013e4 (0x0160d833) srl     a6, ra, s6
core   0: 3 0x800013e4 (0x0160d833) x16 0x00000025
core   0: 0x800013e8 (0x00000013) nop
core   0: 3 0x800013e8 (0x00000013)
core   0: 0x800013ec (0x00a76833) or      a6, a4, a0
core   0: 3 0x800013ec (0x00a76833) x16 0xfffffe7e
core   0: 0x800013f0 (0x01e2a733) slt     a4, t0, t5
core   0: 3 0x800013f0 (0x01e2a733) x14 0x00000001
core   0: 0x800013f4 (0x006824b3) slt     s1, a6, t1
core   0: 3 0x800013f4 (0x006824b3) x 9 0x00000000
core   0: 0x800013f8 (0x00f1f1b3) and     gp, gp, a5
core   0: 3 0x800013f8 (0x00f1f1b3) x 3 0x100500ca
core   0: 0x800013fc (0x3549a837) lui     a6, 0x3549a
core   0: 3 0x800013fc (0x3549a837) x16 0x3549a000
core   0: 0x80001400 (0xcd042693) slti    a3, s0, -816
core   0: 3 0x80001400 (0xcd042693) x13 0x00000000
core   0: 0x80001404 (0xaa0c3497) auipc   s1, 0xaa0c3
core   0: 3 0x80001404 (0xaa0c3497) x 9 0x2a0c4404
core   0: 0x80001408 (0x00e684b3) add     s1, a3, a4
core   0: 3 0x80001408 (0x00e684b3) x 9 0x00000001
core   0: 0x8000140c (0x00155fb3) srl     t6, a0, ra
core   0: 3 0x8000140c (0x00155fb3) x31 0x0100021c
core   0: 0x80001410 (0x58db7a93) andi    s5, s6, 1421
core   0: 3 0x80001410 (0x58db7a93) x21 0x00000405
core   0: 0x80001414 (0x00a6db93) srli    s7, a3, 10
core   0: 3 0x80001414 (0x00a6db93) x23 0x00000000
core   0: 0x80001418 (0x01032eb3) slt     t4, t1, a6
core   0: 3 0x80001418 (0x01032eb3) x29 0x00000001
core   0: 0x8000141c (0x40d45193) srai    gp, s0, 13
core   0: 3 0x8000141c (0x40d45193) x 3 0x00000000
core   0: 0x80001420 (0x00aa1613) slli    a2, s4, 10
core   0: 3 0x80001420 (0x00aa1613) x12 0x00004800
core   0: 0x80001424 (0x407b8fb3) sub     t6, s7, t2
core   0: 3 0x80001424 (0x407b8fb3) x31 0x80000000
core   0: 0x80001428 (0x00779493) slli    s1, a5, 7
core   0: 3 0x80001428 (0x00779493) x 9 0xe680e700
core   0: 0x8000142c (0x404f0db3) sub     s11, t5, tp
core   0: 3 0x8000142c (0x404f0db3) x27 0x00000490
core   0: 0x80001430 (0x00e36b33) or      s6, t1, a4
core   0: 3 0x80001430 (0x00e36b33) x22 0x80014ce5
core   0: 0x80001434 (0x94d42437) lui     s0, 0x94d42
core   0: 3 0x80001434 (0x94d42437) x 8 0x94d42000
core   0: 0x80001438 (0x7436e713) ori     a4, a3, 1859
core   0: 3 0x80001438 (0x7436e713) x14 0x00000743
core   0: 0x8000143c (0x01c4ea33) or      s4, s1, t3
core   0: 3 0x8000143c (0x01c4ea33) x20 0xe680e78a
core   0: 0x80001440 (0x000a3b33) sltu    s6, s4, zero
core   0: 3 0x80001440 (0x000a3b33) x22 0x00000000
core   0: 0x80001444 (0x013296b3) sll     a3, t0, s3
core   0: 3 0x80001444 (0x013296b3) x13 0x00000000
core   0: 0x80001448 (0x8de67e93) andi    t4, a2, -1826
core   0: 3 0x80001448 (0x8de67e93) x29 0x00004800
core   0: 0x8000144c (0x00e84eb3) xor     t4, a6, a4
core   0: 3 0x8000144c (0x00e84eb3) x29 0x3549a743
core   0: 0x80001450 (0x00000013) nop
core   0: 3 0x80001450 (0x00000013)
core   0: 0x80001454 (0x4dce0d93) addi    s11, t3, 1244
core   0: 3 0x80001454 (0x4dce0d93) x27 0x00000a66
core   0: 0x80001458 (0x00e778b3) and     a7, a4, a4
core   0: 3 0x80001458 (0x00e778b3) x17 0x00000743
core   0: 0x8000145c (0x01fe5213) srli    tp, t3, 31
core   0: 3 0x8000145c (0x01fe5213) x 4 0x00000000
core   0: 0x80001460 (0x0cb02e93) slti    t4, zero, 203
core   0: 3 0x80001460 (0x0cb02e93) x29 0x00000001
core   0: 0x80001464 (0x00f1cbb3) xor     s7, gp, a5
core   0: 3 0x80001464 (0x00f1cbb3) x23 0x1dcd01ce
core   0: 0x80001468 (0x78cc3c13) sltiu   s8, s8, 1932
core   0: 3 0x80001468 (0x78cc3c13) x24 0x00000000
core   0: 0x8000146c (0x003ec933) xor     s2, t4, gp
core   0: 3 0x8000146c (0x003ec933) x18 0x00000001
core   0: 0x80001470 (0x00075093) srli    ra, a4, 0
core   0: 3 0x80001470 (0x00075093) x 1 0x00000743
core   0: 0x80001474 (0x0192d033) srl     zero, t0, s9
core   0: 3 0x80001474 (0x0192d033)
core   0: 0x80001478 (0x3d073613) sltiu   a2, a4, 976
core   0: 3 0x80001478 (0x3d073613) x12 0x00000000
core   0: 0x8000147c (0x002f9e93) slli    t4, t6, 2
core   0: 3 0x8000147c (0x002f9e93) x29 0x00000000
core   0: 0x80001480 (0x01d3d6b3) srl     a3, t2, t4
core   0: 3 0x80001480 (0x01d3d6b3) x13 0x80000000
core   0: 0x80001484 (0x412b5d33) sra     s10, s6, s2
core   0: 3 0x80001484 (0x412b5d33) x26 0x00000000
core   0: 0x80001488 (0x01995833) srl     a6, s2, s9
core   0: 3 0x80001488 (0x01995833) x16 0x00000000
core   0: 0x8000148c (0x00a8c7b3) xor     a5, a7, a0
core   0: 3 0x8000148c (0x00a8c7b3) x15 0x80010927
core   0: 0x80001490 (0x00a7cb33) xor     s6, a5, a0
core   0: 3 0x80001490 (0x00a7cb33) x22 0x00000743
core   0: 0x80001494 (0x487edbb7) lui     s7, 0x487ed
core   0: 3 0x80001494 (0x487edbb7) x23 0x487ed000
core   0: 0x80001498 (0x145e2113) slti    sp, t3, 325
core   0: 3 0x80001498 (0x145e2113) x 2 0x00000000
core   0: 0x8000149c (0x008519b3) sll     s3, a0, s0
core   0: 3 0x8000149c (0x008519b3) x19 0x80010e64
core   0: 0x800014a0 (0x00000013) nop
core   0: 3 0x800014a0 (0x00000013)
core   0: 0x800014a4 (0x00f7b133) sltu    sp, a5, a5
core   0: 3 0x800014a4 (0x00f7b133) x 2 0x00000000
core   0: 0x800014a8 (0x006aceb3) xor     t4, s5, t1
core   0: 3 0x800014a8 (0x006aceb3) x29 0x800148e1
core   0: 0x800014ac (0x01ec3133) sltu    sp, s8, t5
core   0: 3 0x800014ac (0x01ec3133) x 2 0x00000001
core   0: 0x800014b0 (0x93009217) auipc   tp, 0x93009
core   0: 3 0x800014b0 (0x93009217) x 4 0x1300a4b0
core   0: 0x800014b4 (0x002ba8b3) slt     a7, s7, sp
core   0: 3 0x800014b4 (0x002ba8b3) x17 0x00000000
core   0: 0x800014b8 (0x015cd833) srl     a6, s9, s5
core   0: 3 0x800014b8 (0x015cd833) x16 0x07a2c736
core   0: 0x800014bc (0x417a5233) sra     tp, s4, s7
core   0: 3 0x800014bc (0x417a5233) x 4 0xe680e78a
core   0: 0x800014c0 (0x01a738b3) sltu    a7, a4, s10
core   0: 3 0x800014c0 (0x01a738b3) x17 0x00000000
core   0: 0x800014c4 (0x2e46c293) xori    t0, a3, 740
core   0: 3 0x800014c4 (0x2e46c293) x 5 0x800002e4
core   0: 0x800014c8 (0x1715ec13) ori     s8, a1, 369
core   0: 3 0x800014c8 (0x1715ec13) x24 0x00000171
core   0: 0x800014cc (0x001135b3) sltu    a1, sp, ra
core   0: 3 0x800014cc (0x001135b3) x11 0x00000001
core   0: 0x800014d0 (0x0b144a93) xori    s5, s0, 177
core   0: 3 0x800014d0 (0x0b144a93) x21 0x94d420b1
core   0: 0x800014d4 (0xecf82713) slti    a4, a6, -305
core   0: 3 0x800014d4 (0xecf82713) x14 0x00000000
core   0: 0x800014d8 (0x01e98ab3) add     s5, s3, t5
core   0: 3 0x800014d8 (0x01e98ab3) x21 0x800112f5
core   0: 0x800014dc (0x4071da13) srai    s4, gp, 7
core   0: 3 0x800014dc (0x4071da13) x20 0x00000000
core   0: 0x800014e0 (0xafc34193) xori    gp, t1, -1284
core   0: 3 0x800014e0 (0xafc34193) x 3 0x7ffeb618
core   0: 0x800014e4 (0x41435693) srai    a3, t1, 20
core   0: 3 0x800014e4 (0x41435693) x13 0xfffff800
core   0: 0x800014e8 (0x0090f2b3) and     t0, ra, s1
core   0: 3 0x800014e8 (0x0090f2b3) x 5 0x00000700
core   0: 0x800014ec (0x4150da33) sra     s4, ra, s5
core   0: 3 0x800014ec (0x4150da33) x20 0x00000000
core   0: 0x800014f0 (0x01449bb3) sll     s7, s1, s4
core   0: 3 0x800014f0 (0x01449bb3) x23 0xe680e700
core   0: 0x800014f4 (0x01725f13) srli    t5, tp, 23
core   0: 3 0x800014f4 (0x01725f13) x30 0x000001cd
core   0: 0x800014f8 (0x00000013) nop
core   0: 3 0x800014f8 (0x00000013)
core   0: 0x800014fc (0x00000013) nop
core   0: 3 0x800014fc (0x00000013)
core   0: 0x80001500 (0x80000bb7) lui     s7, 0x80000
core   0: 3 0x80001500 (0x80000bb7) x23 0x80000000
core   0: 0x80001504 (0x80000eb7) lui     t4, 0x80000
core   0: 3 0x80001504 (0x80000eb7) x29 0x80000000
core   0: 0x80001508 (0xd6d6aa37) lui     s4, 0xd6d6a
core   0: 3 0x80001508 (0xd6d6aa37) x20 0xd6d6a000
core   0: 0x8000150c (0x51ca0a13) addi    s4, s4, 1308
core   0: 3 0x8000150c (0x51ca0a13) x20 0xd6d6a51c
core   0: 0x80001510 (0xfff00593) li      a1, -1
core   0: 3 0x80001510 (0xfff00593) x11 0xffffffff
core   0: 0x80001514 (0xfff00893) li      a7, -1
core   0: 3 0x80001514 (0xfff00893) x17 0xffffffff
core   0: 0x80001518 (0x70dfce37) lui     t3, 0x70dfc
core   0: 3 0x80001518 (0x70dfce37) x28 0x70dfc000
core   0: 0x8000151c (0x28de0e13) addi    t3, t3, 653
core   0: 3 0x8000151c (0x28de0e13) x28 0x70dfc28d
core   0: 0x80001520 (0xfff00813) li      a6, -1
core   0: 3 0x80001520 (0xfff00813) x16 0xffffffff
core   0: 0x80001524 (0x00000413) li      s0, 0
core   0: 3 0x80001524 (0x00000413) x 8 0x00000000
core   0: 0x80001528 (0xfff00913) li      s2, -1
core   0: 3 0x80001528 (0xfff00913) x18 0xffffffff
core   0: 0x8000152c (0x80000137) lui     sp, 0x80000
core   0: 3 0x8000152c (0x80000137) x 2 0x80000000
core   0: 0x80001530 (0x00000013) nop
core   0: 3 0x80001530 (0x00000013)
core   0: 0x80001534 (0x55102897) auipc   a7, 0x55102
core   0: 3 0x80001534 (0x55102897) x17 0xd5103534
core   0: 0x80001538 (0x00000013) nop
core   0: 3 0x80001538 (0x00000013)
core   0: 0x8000153c (0xfa590e93) addi    t4, s2, -91
core   0: 3 0x8000153c (0xfa590e93) x29 0xffffffa4
core   0: 0x80001540 (0x83909817) auipc   a6, 0x83909
core   0: 3 0x80001540 (0x83909817) x16 0x0390a540
core   0: 0x80001544 (0x00000013) nop
core   0: 3 0x80001544 (0x00000013)
core   0: 0x80001548 (0x002b8433) add     s0, s7, sp
core   0: 3 0x80001548 (0x002b8433) x 8 0x00000000
core   0: 0x8000154c (0x4627de97) auipc   t4, 0x4627d
core   0: 3 0x8000154c (0x4627de97) x29 0xc627e54c
core   0: 0x80001550 (0xdd6a0e13) addi    t3, s4, -554
core   0: 3 0x80001550 (0xdd6a0e13) x28 0xd6d6a2f2
core   0: 0x80001554 (0xfa158913) addi    s2, a1, -95
core   0: 3 0x80001554 (0xfa158913) x18 0xffffffa0
core   0: 0x80001558 (0x414585b3) sub     a1, a1, s4
core   0: 3 0x80001558 (0x414585b3) x11 0x29295ae3
core   0: 0x8000155c (0x01088e33) add     t3, a7, a6
core   0: 3 0x8000155c (0x01088e33) x28 0xd8a0da74
core   0: 0x80001560 (0x412585b3) sub     a1, a1, s2
core   0: 3 0x80001560 (0x412585b3) x11 0x29295b43
core   0: 0x80001564 (0x44340413) addi    s0, s0, 1091
core   0: 3 0x80001564 (0x44340413) x 8 0x00000443
core   0: 0x80001568 (0x01410433) add     s0, sp, s4
core   0: 3 0x80001568 (0x01410433) x 8 0x56d6a51c
core   0: 0x8000156c (0x93340b93) addi    s7, s0, -1741
core   0: 3 0x8000156c (0x93340b93) x23 0x56d69e4f
core   0: 0x80001570 (0x2c99fe97) auipc   t4, 0x2c99f
core   0: 3 0x80001570 (0x2c99fe97) x29 0xac9a0570
core   0: 0x80001574 (0xf8010413) addi    s0, sp, -128
core   0: 3 0x80001574 (0xf8010413) x 8 0x7fffff80
core   0: 0x80001578 (0xacb1b8b7) lui     a7, 0xacb1b
core   0: 3 0x80001578 (0xacb1b8b7) x17 0xacb1b000
core   0: 0x8000157c (0x00000013) nop
core   0: 3 0x8000157c (0x00000013)
core   0: 0x80001580 (0x99440113) addi    sp, s0, -1644
core   0: 3 0x80001580 (0x99440113) x 2 0x7ffff914
core   0: 0x80001584 (0xeff5c8b7) lui     a7, 0xeff5c
core   0: 3 0x80001584 (0xeff5c8b7) x17 0xeff5c000
core   0: 0x80001588 (0x023e0413) addi    s0, t3, 35
core   0: 3 0x80001588 (0x023e0413) x 8 0xd8a0da97
core   0: 0x8000158c (0x28090597) auipc   a1, 0x28090
core   0: 3 0x8000158c (0x28090597) x11 0xa809158c
core   0: 0x80001590 (0x00000013) nop
core   0: 3 0x80001590 (0x00000013)
core   0: 0x80001594 (0x00000013) nop
core   0: 3 0x80001594 (0x00000013)
core   0: 0x80001598 (0x010885b3) add     a1, a7, a6
core   0: 3 0x80001598 (0x010885b3) x11 0xf3866540
core   0: 0x8000159c (0x01490e33) add     t3, s2, s4
core   0: 3 0x8000159c (0x01490e33) x28 0xd6d6a4bc
core   0: 0x800015a0 (0x01de1613) slli    a2, t3, 29
core   0: 3 0x800015a0 (0x01de1613) x12 0x80000000
core   0: 0x800015a4 (0x4b78eb13) ori     s6, a7, 1207
core   0: 3 0x800015a4 (0x4b78eb13) x22 0xeff5c4b7
core   0: 0x800015a8 (0xff910093) addi    ra, sp, -7
core   0: 3 0x800015a8 (0xff910093) x 1 0x7ffff90d
core   0: 0x800015ac (0x0164d633) srl     a2, s1, s6
core   0: 3 0x800015ac (0x0164d633) x12 0x000001cd
core   0: 0x800015b0 (0x01a4f033) and     zero, s1, s10
core   0: 3 0x800015b0 (0x01a4f033)
core   0: 0x800015b4 (0x011cc933) xor     s2, s9, a7
core   0: 3 0x800015b4 (0x011cc933) x18 0x1bad26db
core   0: 0x800015b8 (0x894f0597) auipc   a1, 0x894f0
core   0: 3 0x800015b8 (0x894f0597) x11 0x094f15b8
core   0: 0x800015bc (0x2fa84293) xori    t0, a6, 762
core   0: 3 0x800015bc (0x2fa84293) x 5 0x0390a7ba
core   0: 0x800015c0 (0xb6b54293) xori    t0, a0, -1173
core   0: 3 0x800015c0 (0xb6b54293) x 5 0x7ffef50f
core   0: 0x800015c4 (0x003181b3) add     gp, gp, gp
core   0: 3 0x800015c4 (0x003181b3) x 3 0xfffd6c30
core   0: 0x800015c8 (0xdb4e2b93) slti    s7, t3, -588
core   0: 3 0x800015c8 (0xdb4e2b93) x23 0x00000001
core   0: 0x800015cc (0x4044d913) srai    s2, s1, 4
core   0: 3 0x800015cc (0x4044d913) x18 0xfe680e70
core   0: 0x800015d0 (0x40318033) sub     zero, gp, gp
core   0: 3 0x800015d0 (0x40318033)
core   0: 0x800015d4 (0x01445733) srl     a4, s0, s4
core   0: 3 0x800015d4 (0x01445733) x14 0x0000000d
core   0: 0x800015d8 (0x00dcd113) srli    sp, s9, 13
core   0: 3 0x800015d8 (0x00dcd113) x 2 0x0007a2c7
core   0: 0x800015dc (0x0154ac33) slt     s8, s1, s5
core   0: 3 0x800015dc (0x0154ac33) x24 0x00000000
core   0: 0x800015e0 (0x00d86133) or      sp, a6, a3
core   0: 3 0x800015e0 (0x00d86133) x 2 0xfffffd40
core   0: 0x800015e4 (0x4011d593) srai    a1, gp, 1
core   0: 3 0x800015e4 (0x4011d593) x11 0xfffeb618
core   0: 0x800015e8 (0x0086e5b3) or      a1, a3, s0
core   0: 3 0x800015e8 (0x0086e5b3) x11 0xfffffa97
core   0: 0x800015ec (0x4015d933) sra     s2, a1, ra
core   0: 3 0x800015ec (0x4015d933) x18 0xffffffff
core   0: 0x800015f0 (0x6f920113) addi    sp, tp, 1785
core   0: 3 0x800015f0 (0x6f920113) x 2 0xe680ee83
core   0: 0x800015f4 (0x00f0e633) or      a2, ra, a5
core   0: 3 0x800015f4 (0x00f0e633) x12 0xfffff92f
core   0: 0x800015f8 (0x41df82b3) sub     t0, t6, t4
core   0: 3 0x800015f8 (0x41df82b3) x 5 0xd365fa90
core   0: 0x800015fc (0xfd9eacb7) lui     s9, 0xfd9ea
core   0: 3 0x800015fc (0xfd9eacb7) x25 0xfd9ea000
core   0: 0x80001600 (0x01c59033) sll     zero, a1, t3
core   0: 3 0x80001600 (0x01c59033)
core   0: 0x80001604 (0x009d1ab3) sll     s5, s10, s1
core   0: 3 0x80001604 (0x009d1ab3) x21 0x00000000
core   0: 0x80001608 (0x0130c033) xor     zero, ra, s3
core   0: 3 0x80001608 (0x0130c033)
core   0: 0x8000160c (0x5e417713) andi    a4, sp, 1508
core   0: 3 0x8000160c (0x5e417713) x14 0x00000480
core   0: 0x80001610 (0xc511a893) slti    a7, gp, -943
core   0: 3 0x80001610 (0xc511a893) x17 0x00000001
core   0: 0x80001614 (0x40340433) sub     s0, s0, gp
core   0: 3 0x80001614 (0x40340433) x 8 0xd8a36e67
core   0: 0x80001618 (0x40755413) srai    s0, a0, 7
core   0: 3 0x80001618 (0x40755413) x 8 0xff00021c
core   0: 0x8000161c (0x414406b3) sub     a3, s0, s4
core   0: 3 0x8000161c (0x414406b3) x13 0x28295d00
core   0: 0x80001620 (0x011ed2b3) srl     t0, t4, a7
core   0: 3 0x80001620 (0x011ed2b3) x 5 0x564d02b8
core   0: 0x80001624 (0x408107b3) sub     a5, sp, s0
core   0: 3 0x80001624 (0x408107b3) x15 0xe780ec67
core   0: 0x80001628 (0x013fc433) xor     s0, t6, s3
core   0: 3 0x80001628 (0x013fc433) x 8 0x00010e64
core   0: 0x8000162c (0x0026df33) srl     t5, a3, sp
core   0: 3 0x8000162c (0x0026df33) x30 0x05052ba0
core   0: 0x80001630 (0x41c35fb3) sra     t6, t1, t3
core   0: 3 0x80001630 (0x41c35fb3) x31 0xfffffff8
core   0: 0x80001634 (0x96f1c593) xori    a1, gp, -1681
core   0: 3 0x80001634 (0x96f1c593) x11 0x0002955f
core   0: 0x80001638 (0x09f2e093) ori     ra, t0, 159
core   0: 3 0x80001638 (0x09f2e093) x 1 0x564d02bf
core   0: 0x8000163c (0x01063833) sltu    a6, a2, a6
core   0: 3 0x8000163c (0x01063833) x16 0x00000000
core   0: 0x80001640 (0x153d4793) xori    a5, s10, 339
core   0: 3 0x80001640 (0x153d4793) x15 0x00000153
core   0: 0x80001644 (0x00429bb3) sll     s7, t0, tp
core   0: 3 0x80001644 (0x00429bb3) x23 0x340ae000
core   0: 0x80001648 (0x41acdf33) sra     t5, s9, s10
core   0: 3 0x80001648 (0x41acdf33) x30 0xfd9ea000
core   0: 0x8000164c (0xf444bc13) sltiu   s8, s1, -188
core   0: 3 0x8000164c (0xf444bc13) x24 0x00000001
core   0: 0x80001650 (0xcd242713) slti    a4, s0, -814
core   0: 3 0x80001650 (0xcd242713) x14 0x00000000
core   0: 0x80001654 (0x0017a733) slt     a4, a5, ra
core   0: 3 0x80001654 (0x0017a733) x14 0x00000001
core   0: 0x80001658 (0x0158ee33) or      t3, a7, s5
core   0: 3 0x80001658 (0x0158ee33) x28 0x00000001
core   0: 0x8000165c (0x7e0a8493) addi    s1, s5, 2016
core   0: 3 0x8000165c (0x7e0a8493) x 9 0x000007e0
core   0: 0x80001660 (0x1a95a613) slti    a2, a1, 425
core   0: 3 0x80001660 (0x1a95a613) x12 0x00000000
core   0: 0x80001664 (0x00000013) nop
core   0: 3 0x80001664 (0x00000013)
core   0: 0x80001668 (0x15f74613) xori    a2, a4, 351
core   0: 3 0x80001668 (0x15f74613) x12 0x0000015e
core   0: 0x8000166c (0x89e06737) lui     a4, 0x89e06
core   0: 3 0x8000166c (0x89e06737) x14 0x89e06000
core   0: 0x80001670 (0x41350133) sub     sp, a0, s3
core   0: 3 0x80001670 (0x41350133) x 2 0x00000000
core   0: 0x80001674 (0x00fe58b3) srl     a7, t3, a5
core   0: 3 0x80001674 (0x00fe58b3) x17 0x00000000
core   0: 0x80001678 (0x7e7d0113) addi    sp, s10, 2023
core   0: 3 0x80001678 (0x7e7d0113) x 2 0x000007e7
core   0: 0x8000167c (0x40b18d33) sub     s10, gp, a1
core   0: 3 0x8000167c (0x40b18d33) x26 0xfffad6d1
core   0: 0x80001680 (0x52e8b613) sltiu   a2, a7, 1326
core   0: 3 0x80001680 (0x52e8b613) x12 0x00000001
core   0: 0x80001684 (0xd0df7d37) lui     s10, 0xd0df7
core   0: 3 0x80001684 (0xd0df7d37) x26 0xd0df7000
core   0: 0x80001688 (0x6574b1b7) lui     gp, 0x6574b
core   0: 3 0x80001688 (0x6574b1b7) x 3 0x6574b000
core   0: 0x8000168c (0x4d910a17) auipc   s4, 0x4d910
core   0: 3 0x8000168c (0x4d910a17) x20 0xcd91168c
core   0: 0x80001690 (0xbaf05917) auipc   s2, 0xbaf05
core   0: 3 0x80001690 (0xbaf05917) x18 0x3af06690
core   0: 0x80001694 (0x56a0fcb7) lui     s9, 0x56a0f
core   0: 3 0x80001694 (0x56a0fcb7) x25 0x56a0f000
core   0: 0x80001698 (0x0135e833) or      a6, a1, s3
core   0: 3 0x80001698 (0x0135e833) x16 0x80039f7f
core   0: 0x8000169c (0x000b2933) slt     s2, s6, zero
core   0: 3 0x8000169c (0x000b2933) x18 0x00000001
core   0: 0x800016a0 (0x01e38db3) add     s11, t2, t5
core   0: 3 0x800016a0 (0x01e38db3) x27 0x7d9ea000
core   0: 0x800016a4 (0x2627bc93) sltiu   s9, a5, 610
core   0: 3 0x800016a4 (0x2627bc93) x25 0x00000001
core   0: 0x800016a8 (0x00e92bb3) slt     s7, s2, a4
core   0: 3 0x800016a8 (0x00e92bb3) x23 0x00000000
core   0: 0x800016ac (0x0076d493) srli    s1, a3, 7
core   0: 3 0x800016ac (0x0076d493) x 9 0x005052ba
core   0: 0x800016b0 (0x00000013) nop
core   0: 3 0x800016b0 (0x00000013)
core   0: 0x800016b4 (0x00000013) nop
core   0: 3 0x800016b4 (0x00000013)
core   0: 0x800016b8 (0x0178b433) sltu    s0, a7, s7
core   0: 3 0x800016b8 (0x0178b433) x 8 0x00000000
core   0: 0x800016bc (0x2dd32b93) slti    s7, t1, 733
core   0: 3 0x800016bc (0x2dd32b93) x23 0x00000001
core   0: 0x800016c0 (0x11bcedb7) lui     s11, 0x11bce
core   0: 3 0x800016c0 (0x11bcedb7) x27 0x11bce000
core   0: 0x800016c4 (0x0027da13) srli    s4, a5, 2
core   0: 3 0x800016c4 (0x0027da13) x20 0x00000054
core   0: 0x800016c8 (0x4080d9b3) sra     s3, ra, s0
core   0: 3 0x800016c8 (0x4080d9b3) x19 0x564d02bf
core   0: 0x800016cc (0xe8884493) xori    s1, a6, -376
core   0: 3 0x800016cc (0xe8884493) x 9 0x7ffc61f7
core   0: 0x800016d0 (0x01394733) xor     a4, s2, s3
core   0: 3 0x800016d0 (0x01394733) x14 0x564d02be
core   0: 0x800016d4 (0x41fa06b3) sub     a3, s4, t6
core   0: 3 0x800016d4 (0x41fa06b3) x13 0x0000005c
core   0: 0x800016d8 (0xb2d50c13) addi    s8, a0, -1235
core   0: 3 0x800016d8 (0xb2d50c13) x24 0x80010991
core   0: 0x800016dc (0xc45f7b13) andi    s6, t5, -955
core   0: 3 0x800016dc (0xc45f7b13) x22 0xfd9ea000
core   0: 0x800016e0 (0x8b3c7c13) andi    s8, s8, -1869
core   0: 3 0x800016e0 (0x8b3c7c13) x24 0x80010891
core   0: 0x800016e4 (0x9e6e7813) andi    a6, t3, -1562
core   0: 3 0x800016e4 (0x9e6e7813) x16 0x00000000
core   0: 0x800016e8 (0x00000013) nop
core   0: 3 0x800016e8 (0x00000013)
core   0: 0x800016ec (0x0ba68493) addi    s1, a3, 186
core   0: 3 0x800016ec (0x0ba68493) x 9 0x00000116
core   0: 0x800016f0 (0xb9096f13) ori     t5, s2, -1136
core   0: 3 0x800016f0 (0xb9096f13) x30 0xfffffb91
core   0: 0x800016f4 (0x0122fb33) and     s6, t0, s2
core   0: 3 0x800016f4 (0x0122fb33) x22 0x00000000
core   0: 0x800016f8 (0x006eaab3) slt     s5, t4, t1
core   0: 3 0x800016f8 (0x006eaab3) x21 0x00000000
core   0: 0x800016fc (0x7d5b7037) lui     zero, 0x7d5b7
core   0: 3 0x800016fc (0x7d5b7037)
core   0: 0x80001700 (0x40f305b3) sub     a1, t1, a5
core   0: 3 0x80001700 (0x40f305b3) x11 0x80014b91
core   0: 0x80001704 (0x76e79a97) auipc   s5, 0x76e79
core   0: 3 0x80001704 (0x76e79a97) x21 0xf6e7a704
core   0: 0x80001708 (0x00fb1713) slli    a4, s6, 15
core   0: 3 0x80001708 (0x00fb1713) x14 0x00000000
core   0: 0x8000170c (0x8da72b13) slti    s6, a4, -1830
core   0: 3 0x8000170c (0x8da72b13) x22 0x00000000
core   0: 0x80001710 (0xc8dc8813) addi    a6, s9, -883
core   0: 3 0x80001710 (0xc8dc8813) x16 0xfffffc8e
core   0: 0x80001714 (0x41cdd793) srai    a5, s11, 28
core   0: 3 0x80001714 (0x41cdd793) x15 0x00000001
core   0: 0x80001718 (0x40675bb3) sra     s7, a4, t1
core   0: 3 0x80001718 (0x40675bb3) x23 0x00000000
core   0: 0x8000171c (0x3edc0093) addi    ra, s8, 1005
core   0: 3 0x8000171c (0x3edc0093) x 1 0x80010c7e
core   0: 0x80001720 (0xcc5ca637) lui     a2, 0xcc5ca
core   0: 3 0x80001720 (0xcc5ca637) x12 0xcc5ca000
core   0: 0x80001724 (0x019a2cb3) slt     s9, s4, s9
core   0: 3 0x80001724 (0x019a2cb3) x25 0x00000000
core   0: 0x80001728 (0xdfabb793) sltiu   a5, s7, -518
core   0: 3 0x80001728 (0xdfabb793) x15 0x00000001
core   0: 0x8000172c (0x8db66193) ori     gp, a2, -1829
core   0: 3 0x8000172c (0x8db66193) x 3 0xfffff8db
core   0: 0x80001730 (0x014e5593) srli    a1, t3, 20
core   0: 3 0x80001730 (0x014e5593) x11 0x00000000
core   0: 0x80001734 (0xda538493) addi    s1, t2, -603
core   0: 3 0x80001734 (0xda538493) x 9 0x7ffffda5
core   0: 0x80001738 (0x01201a13) slli    s4, zero, 18
core   0: 3 0x80001738 (0x01201a13) x20 0x00000000
core   0: 0x8000173c (0x00000013) nop
core   0: 3 0x8000173c (0x00000013)
core   0: 0x80001740 (0x3f6ba093) slti    ra, s7, 1014
core   0: 3 0x80001740 (0x3f6ba093) x 1 0x00000001
core   0: 0x80001744 (0xe89be213) ori     tp, s7, -375
core   0: 3 0x80001744 (0xe89be213) x 4 0xfffffe89
core   0: 0x80001748 (0x01a0c633) xor     a2, ra, s10
core   0: 3 0x80001748 (0x01a0c633) x12 0xd0df7001
core   0: 0x8000174c (0x38aac093) xori    ra, s5, 906
core   0: 3 0x8000174c (0x38aac093) x 1 0xf6e7a48e
core   0: 0x80001750 (0x0057a133) slt     sp, a5, t0
core   0: 3 0x80001750 (0x0057a133) x 2 0x00000001
core   0: 0x80001754 (0x00899cb3) sll     s9, s3, s0
core   0: 3 0x80001754 (0x00899cb3) x25 0x564d02bf
core   0: 0x80001758 (0x005abfb3) sltu    t6, s5, t0
core   0: 3 0x80001758 (0x005abfb3) x31 0x00000000
core   0: 0x8000175c (0x01e5dbb3) srl     s7, a1, t5
core   0: 3 0x8000175c (0x01e5dbb3) x23 0x00000000
core   0: 0x80001760 (0x00000013) nop
core   0: 3 0x80001760 (0x00000013)
core   0: 0x80001764 (0xa60d8193) addi    gp, s11, -1440
core   0: 3 0x80001764 (0xa60d8193) x 3 0x11bcda60
core   0: 0x80001768 (0x0155d2b3) srl     t0, a1, s5
core   0: 3 0x80001768 (0x0155d2b3) x 5 0x00000000
core   0: 0x8000176c (0x95104a93) xori    s5, zero, -1711
core   0: 3 0x8000176c (0x95104a93) x21 0xfffff951
core   0: 0x80001770 (0x9f98e293) ori     t0, a7, -1543
core   0: 3 0x80001770 (0x9f98e293) x 5 0xfffff9f9
core   0: 0x80001774 (0x4147d5b3) sra     a1, a5, s4
core   0: 3 0x80001774 (0x4147d5b3) x11 0x00000001
core   0: 0x80001778 (0x01d91e93) slli    t4, s2, 29
core   0: 3 0x80001778 (0x01d91e93) x29 0x20000000
core   0: 0x8000177c (0x01010133) add     sp, sp, a6
core   0: 3 0x8000177c (0x01010133) x 2 0xfffffc8f
core   0: 0x80001780 (0x1e55b493) sltiu   s1, a1, 485
core   0: 3 0x80001780 (0x1e55b493) x 9 0x00000001
core   0: 0x80001784 (0xf682a993) slti    s3, t0, -152
core   0: 3 0x80001784 (0xf682a993) x19 0x00000001
core   0: 0x80001788 (0xa6934893) xori    a7, t1, -1431
core   0: 3 0x80001788 (0xa6934893) x17 0x7ffeb68d
core   0: 0x8000178c (0x00cba5b3) slt     a1, s7, a2
core   0: 3 0x8000178c (0x00cba5b3) x11 0x00000000
core   0: 0x80001790 (0x011e8db3) add     s11, t4, a7
core   0: 3 0x80001790 (0x011e8db3) x27 0x9ffeb68d
core   0: 0x80001794 (0xbd228d13) addi    s10, t0, -1070
core   0: 3 0x80001794 (0xbd228d13) x26 0xfffff5cb
core   0: 0x80001798 (0x00651833) sll     a6, a0, t1
core   0: 3 0x80001798 (0x00651833) x16 0x0010e640
core   0: 0x8000179c (0x0159ee33) or      t3, s3, s5
core   0: 3 0x8000179c (0x0159ee33) x28 0xfffff951
core   0: 0x800017a0 (0x403c5433) sra     s0, s8, gp
core   0: 3 0x800017a0 (0x403c5433) x 8 0x80010891
core   0: 0x800017a4 (0x00a67d33) and     s10, a2, a0
core   0: 3 0x800017a4 (0x00a67d33) x26 0x80010000
core   0: 0x800017a8 (0x4046dab3) sra     s5, a3, tp
core   0: 3 0x800017a8 (0x4046dab3) x21 0x00000000
core   0: 0x800017ac (0xc6474993) xori    s3, a4, -924
core   0: 3 0x800017ac (0xc6474993) x19 0xfffffc64
core   0: 0x800017b0 (0x238a4193) xori    gp, s4, 568
core   0: 3 0x800017b0 (0x238a4193) x 3 0x00000238
core   0: 0x800017b4 (0x502c0713) addi    a4, s8, 1282
core   0: 3 0x800017b4 (0x502c0713) x14 0x80010d93
core   0: 0x800017b8 (0xcd044f13) xori    t5, s0, -816
core   0: 3 0x800017b8 (0xcd044f13) x30 0x7ffef441
core   0: 0x800017bc (0x00338a33) add     s4, t2, gp
core   0: 3 0x800017bc (0x00338a33) x20 0x80000238
core   0: 0x800017c0 (0x3eb3ea13) ori     s4, t2, 1003
core   0: 3 0x800017c0 (0x3eb3ea13) x20 0x800003eb
core   0: 0x800017c4 (0x01396ab3) or      s5, s2, s3
core   0: 3 0x800017c4 (0x01396ab3) x21 0xfffffc65
core   0: 0x800017c8 (0xf39fa113) slti    sp, t6, -199
core   0: 3 0x800017c8 (0xf39fa113) x 2 0x00000000
core   0: 0x800017cc (0x01640d33) add     s10, s0, s6
core   0: 3 0x800017cc (0x01640d33) x26 0x80010891
core   0: 0x800017d0 (0x01baadb3) slt     s11, s5, s11
core   0: 3 0x800017d0 (0x01baadb3) x27 0x00000000
core   0: 0x800017d4 (0x001b9093) slli    ra, s7, 1
core   0: 3 0x800017d4 (0x001b9093) x 1 0x00000000
core   0: 0x800017d8 (0x00c69e33) sll     t3, a3, a2
core   0: 3 0x800017d8 (0x00c69e33) x28 0x000000b8
core   0: 0x800017dc (0x00e22d33) slt     s10, tp, a4
core   0: 3 0x800017dc (0x00e22d33) x26 0x00000000
core   0: 0x800017e0 (0x00000013) nop
core   0: 3 0x800017e0 (0x00000013)
core   0: 0x800017e4 (0xfcd2fb13) andi    s6, t0, -51
core   0: 3 0x800017e4 (0xfcd2fb13) x22 0xfffff9c9
core   0: 0x800017e8 (0x002e9713) slli    a4, t4, 2
core   0: 3 0x800017e8 (0x002e9713) x14 0x80000000
core   0: 0x800017ec (0x00000013) nop
core   0: 3 0x800017ec (0x00000013)
core   0: 0x800017f0 (0xc59acf97) auipc   t6, 0xc59ac
core   0: 3 0x800017f0 (0xc59acf97) x31 0x459ad7f0
core   0: 0x800017f4 (0xffbb7f93) andi    t6, s6, -5
core   0: 3 0x800017f4 (0xffbb7f93) x31 0xfffff9c9
core   0: 0x800017f8 (0x2fa62893) slti    a7, a2, 762
core   0: 3 0x800017f8 (0x2fa62893) x17 0x00000001
core   0: 0x800017fc (0x4cbc8213) addi    tp, s9, 1227
core   0: 3 0x800017fc (0x4cbc8213) x 4 0x564d078a
core   0: 0x80001800 (0xb5066a93) ori     s5, a2, -1200
core   0: 3 0x80001800 (0xb5066a93) x21 0xfffffb51
core   0: 0x80001804 (0x005861b3) or      gp, a6, t0
core   0: 3 0x80001804 (0x005861b3) x 3 0xfffffff9
core   0: 0x80001808 (0xe52157b7) lui     a5, 0xe5215
core   0: 3 0x80001808 (0xe52157b7) x15 0xe5215000
core   0: 0x8000180c (0x4a9ac613) xori    a2, s5, 1193
core   0: 3 0x8000180c (0x4a9ac613) x12 0xfffffff8
core   0: 0x80001810 (0x00000013) nop
core   0: 3 0x80001810 (0x00000013)
core   0: 0x80001814 (0xfac3b017) auipc   zero, 0xfac3b
core   0: 3 0x80001814 (0xfac3b017)
core   0: 0x80001818 (0x00217a33) and     s4, sp, sp
core   0: 3 0x80001818 (0x00217a33) x20 0x00000000
core   0: 0x8000181c (0x0719f797) auipc   a5, 0x719f
core   0: 3 0x8000181c (0x0719f797) x15 0x871a081c
core   0: 0x80001820 (0x9270e813) ori     a6, ra, -1753
core   0: 3 0x80001820 (0x9270e813) x16 0xfffff927
core   0: 0x80001824 (0x016a42b3) xor     t0, s4, s6
core   0: 3 0x80001824 (0x016a42b3) x 5 0xfffff9c9
core   0: 0x80001828 (0x01234eb3) xor     t4, t1, s2
core   0: 3 0x80001828 (0x01234eb3) x29 0x80014ce5
core   0: 0x8000182c (0x4121d113) srai    sp, gp, 18
core   0: 3 0x8000182c (0x4121d113) x 2 0xffffffff
core   0: 0x80001830 (0x01144d33) xor     s10, s0, a7
core   0: 3 0x80001830 (0x01144d33) x26 0x80010890
core   0: 0x80001834 (0x000a9d13) slli    s10, s5, 0
core   0: 3 0x80001834 (0x000a9d13) x26 0xfffffb51
core   0: 0x80001838 (0xc6f6cb13) xori    s6, a3, -913
core   0: 3 0x80001838 (0xc6f6cb13) x22 0xfffffc33
core   0: 0x8000183c (0x006de2b3) or      t0, s11, t1
core   0: 3 0x8000183c (0x006de2b3) x 5 0x80014ce4
core   0: 0x80001840 (0x00000013) nop
core   0: 3 0x80001840 (0x00000013)
core   0: 0x80001844 (0x00be9a93) slli    s5, t4, 11
core   0: 3 0x80001844 (0x00be9a93) x21 0x0a672800
core   0: 0x80001848 (0x011e80b3) add     ra, t4, a7
core   0: 3 0x80001848 (0x011e80b3) x 1 0x80014ce6
core   0: 0x8000184c (0x0058bcb3) sltu    s9, a7, t0
core   0: 3 0x8000184c (0x0058bcb3) x25 0x00000001
core   0: 0x80001850 (0x0071fb33) and     s6, gp, t2
core   0: 3 0x80001850 (0x0071fb33) x22 0x80000000
core   0: 0x80001854 (0x004abf33) sltu    t5, s5, tp
core   0: 3 0x80001854 (0x004abf33) x30 0x00000001
core   0: 0x80001858 (0x659b9217) auipc   tp, 0x659b9
core   0: 3 0x80001858 (0x659b9217) x 4 0xe59ba858
core   0: 0x8000185c (0x000f5213) srli    tp, t5, 0
core   0: 3 0x8000185c (0x000f5213) x 4 0x00000001
core   0: 0x80001860 (0x08ceca93) xori    s5, t4, 140
core   0: 3 0x80001860 (0x08ceca93) x21 0x80014c69
core   0: 0x80001864 (0x40598ab3) sub     s5, s3, t0
core   0: 3 0x80001864 (0x40598ab3) x21 0x7ffeaf80
core   0: 0x80001868 (0x003c84b3) add     s1, s9, gp
core   0: 3 0x80001868 (0x003c84b3) x 9 0xfffffffa
core   0: 0x8000186c (0x6232e893) ori     a7, t0, 1571
core   0: 3 0x8000186c (0x6232e893) x17 0x80014ee7
core   0: 0x80001870 (0x0160b933) sltu    s2, ra, s6
core   0: 3 0x80001870 (0x0160b933) x18 0x00000000
core   0: 0x80001874 (0x18e68713) addi    a4, a3, 398
core   0: 3 0x80001874 (0x18e68713) x14 0x000001ea
core   0: 0x80001878 (0x00d567b3) or      a5, a0, a3
core   0: 3 0x80001878 (0x00d567b3) x15 0x80010e7c
core   0: 0x8000187c (0xa05ae913) ori     s2, s5, -1531
core   0: 3 0x8000187c (0xa05ae913) x18 0xffffff85
core   0: 0x80001880 (0x633a8d13) addi    s10, s5, 1587
core   0: 3 0x80001880 (0x633a8d13) x26 0x7ffeb5b3
core   0: 0x80001884 (0xfe006b93) ori     s7, zero, -32
core   0: 3 0x80001884 (0xfe006b93) x23 0xffffffe0
core   0: 0x80001888 (0x0128b8b3) sltu    a7, a7, s2
core   0: 3 0x80001888 (0x0128b8b3) x17 0x00000001
core   0: 0x8000188c (0x00086033) or      zero, a6, zero
core   0: 3 0x8000188c (0x00086033)
core   0: 0x80001890 (0x415e5b33) sra     s6, t3, s5
core   0: 3 0x80001890 (0x415e5b33) x22 0x000000b8
core   0: 0x80001894 (0x0174a833) slt     a6, s1, s7
core   0: 3 0x80001894 (0x0174a833) x16 0x00000000
core   0: 0x80001898 (0x015e5bb3) srl     s7, t3, s5
core   0: 3 0x80001898 (0x015e5bb3) x23 0x000000b8
core   0: 0x8000189c (0x00352433) slt     s0, a0, gp
core   0: 3 0x8000189c (0x00352433) x 8 0x00000001
core   0: 0x800018a0 (0x41be8233) sub     tp, t4, s11
core   0: 3 0x800018a0 (0x41be8233) x 4 0x80014ce5
core   0: 0x800018a4 (0x016a2033) slt     zero, s4, s6
core   0: 3 0x800018a4 (0x016a2033)
core   0: 0x800018a8 (0x01839893) slli    a7, t2, 24
core   0: 3 0x800018a8 (0x01839893) x17 0x00000000
core   0: 0x800018ac (0x41fe50b3) sra     ra, t3, t6
core   0: 3 0x800018ac (0x41fe50b3) x 1 0x00000000
core   0: 0x800018b0 (0x89a70093) addi    ra, a4, -1894
core   0: 3 0x800018b0 (0x89a70093) x 1 0xfffffa84
core   0: 0x800018b4 (0x00243433) sltu    s0, s0, sp
core   0: 3 0x800018b4 (0x00243433) x 8 0x00000001
core   0: 0x800018b8 (0x00eb02b3) add     t0, s6, a4
core   0: 3 0x800018b8 (0x00eb02b3) x 5 0x000002a2
core   0: 0x800018bc (0x01ee4c33) xor     s8, t3, t5
core   0: 3 0x800018bc (0x01ee4c33) x24 0x000000b9
core   0: 0x800018c0 (0x01eaecb3) or      s9, s5, t5
core   0: 3 0x800018c0 (0x01eaecb3) x25 0x7ffeaf81
core   0: 0x800018c4 (0x00000013) nop
core   0: 3 0x800018c4 (0x00000013)
core   0: 0x800018c8 (0x007675b3) and     a1, a2, t2
core   0: 3 0x800018c8 (0x007675b3) x11 0x80000000
core   0: 0x800018cc (0x405e5293) srai    t0, t3, 5
core   0: 3 0x800018cc (0x405e5293) x 5 0x00000005
core   0: 0x800018d0 (0xf676ba37) lui     s4, 0xf676b
core   0: 3 0x800018d0 (0xf676ba37) x20 0xf676b000
core   0: 0x800018d4 (0x8b74fc93) andi    s9, s1, -1865
core   0: 3 0x800018d4 (0x8b74fc93) x25 0xfffff8b2
core   0: 0x800018d8 (0x00d8ed33) or      s10, a7, a3
core   0: 3 0x800018d8 (0x00d8ed33) x26 0x0000005c
core   0: 0x800018dc (0x296f8c93) addi    s9, t6, 662
core   0: 3 0x800018dc (0x296f8c93) x25 0xfffffc5f
core   0: 0x800018e0 (0x13a8e793) ori     a5, a7, 314
core   0: 3 0x800018e0 (0x13a8e793) x15 0x0000013a
core   0: 0x800018e4 (0x8f85a113) slti    sp, a1, -1800
core   0: 3 0x800018e4 (0x8f85a113) x 2 0x00000001
core   0: 0x800018e8 (0x5aed3193) sltiu   gp, s10, 1454
core   0: 3 0x800018e8 (0x5aed3193) x 3 0x00000001
core   0: 0x800018ec (0xaf0cb713) sltiu   a4, s9, -1296
core   0: 3 0x800018ec (0xaf0cb713) x14 0x00000000
core   0: 0x800018f0 (0x00000013) nop
core   0: 3 0x800018f0 (0x00000013)
core   0: 0x800018f4 (0x4026d213) srai    tp, a3, 2
core   0: 3 0x800018f4 (0x4026d213) x 4 0x00000017
core   0: 0x800018f8 (0x40bd89b3) sub     s3, s11, a1
core   0: 3 0x800018f8 (0x40bd89b3) x19 0x80000000
core   0: 0x800018fc (0x40f68733) sub     a4, a3, a5
core   0: 3 0x800018fc (0x40f68733) x14 0xffffff22
core   0: 0x80001900 (0x41afd6b3) sra     a3, t6, s10
core   0: 3 0x80001900 (0x41afd6b3) x13 0xffffffff
core   0: 0x80001904 (0x549f4713) xori    a4, t5, 1353
core   0: 3 0x80001904 (0x549f4713) x14 0x00000548
core   0: 0x80001908 (0x0134fcb3) and     s9, s1, s3
core   0: 3 0x80001908 (0x0134fcb3) x25 0x80000000
core   0: 0x8000190c (0x0009fd33) and     s10, s3, zero
core   0: 3 0x8000190c (0x0009fd33) x26 0x00000000
core   0: 0x80001910 (0x6b59a993) slti    s3, s3, 1717
core   0: 3 0x80001910 (0x6b59a993) x19 0x00000001
core   0: 0x80001914 (0x01821a93) slli    s5, tp, 24
core   0: 3 0x80001914 (0x01821a93) x21 0x17000000
core   0: 0x80001918 (0x404f5093) srai    ra, t5, 4
core   0: 3 0x80001918 (0x404f5093) x 1 0x00000000
core   0: 0x8000191c (0x01f242b3) xor     t0, tp, t6
core   0: 3 0x8000191c (0x01f242b3) x 5 0xfffff9de
core   0: 0x80001920 (0x01042eb3) slt     t4, s0, a6
core   0: 3 0x80001920 (0x01042eb3) x29 0x00000000
core   0: 0x80001924 (0x00184a33) xor     s4, a6, ra
core   0: 3 0x80001924 (0x00184a33) x20 0x00000000
core   0: 0x80001928 (0x2421ab93) slti    s7, gp, 578
core   0: 3 0x80001928 (0x2421ab93) x23 0x00000001
core   0: 0x8000192c (0xee1ccc93) xori    s9, s9, -287
core   0: 3 0x8000192c (0xee1ccc93) x25 0x7ffffee1
core   0: 0x80001930 (0x00000013) nop
core   0: 3 0x80001930 (0x00000013)
core   0: 0x80001934 (0x012486b3) add     a3, s1, s2
core   0: 3 0x80001934 (0x012486b3) x13 0xffffff7f
core   0: 0x80001938 (0x65da4613) xori    a2, s4, 1629
core   0: 3 0x80001938 (0x65da4613) x12 0x0000065d
core   0: 0x8000193c (0x68097997) auipc   s3, 0x68097
core   0: 3 0x8000193c (0x68097997) x19 0xe809893c
core   0: 0x80001940 (0x00baf0b3) and     ra, s5, a1
core   0: 3 0x80001940 (0x00baf0b3) x 1 0x00000000
core   0: 0x80001944 (0x877cb413) sltiu   s0, s9, -1929
core   0: 3 0x80001944 (0x877cb413) x 8 0x00000001
core   0: 0x80001948 (0x23f6ea93) ori     s5, a3, 575
core   0: 3 0x80001948 (0x23f6ea93) x21 0xffffff7f
core   0: 0x8000194c (0x00462b33) slt     s6, a2, tp
core   0: 3 0x8000194c (0x00462b33) x22 0x00000000
core   0: 0x80001950 (0x2eab6d93) ori     s11, s6, 746
core   0: 3 0x80001950 (0x2eab6d93) x27 0x000002ea
core   0: 0x80001954 (0x05514b13) xori    s6, sp, 85
core   0: 3 0x80001954 (0x05514b13) x22 0x00000054
core   0: 0x80001958 (0x00909933) sll     s2, ra, s1
core   0: 3 0x80001958 (0x00909933) x18 0x00000000
core   0: 0x8000195c (0x004b30b3) sltu    ra, s6, tp
core   0: 3 0x8000195c (0x004b30b3) x 1 0x00000000
core   0: 0x80001960 (0x54c1b037) lui     zero, 0x54c1b
core   0: 3 0x80001960 (0x54c1b037)
core   0: 0x80001964 (0xb66a2493) slti    s1, s4, -1178
core   0: 3 0x80001964 (0xb66a2493) x 9 0x00000000
core   0: 0x80001968 (0xe64e2293) slti    t0, t3, -412
core   0: 3 0x80001968 (0xe64e2293) x 5 0x00000000
core   0: 0x8000196c (0x00da5b13) srli    s6, s4, 13
core   0: 3 0x8000196c (0x00da5b13) x22 0x00000000
core   0: 0x80001970 (0x3831c797) auipc   a5, 0x3831c
core   0: 3 0x80001970 (0x3831c797) x15 0xb831d970
core   0: 0x80001974 (0x00a7f1b3) and     gp, a5, a0
core   0: 3 0x80001974 (0x00a7f1b3) x 3 0x80010860
core   0: 0x80001978 (0x85b92d13) slti    s10, s2, -1957
core   0: 3 0x80001978 (0x85b92d13) x26 0x00000000
core   0: 0x8000197c (0x274d8a93) addi    s5, s11, 628
core   0: 3 0x8000197c (0x274d8a93) x21 0x0000055e
core   0: 0x80001980 (0x0038fbb3) and     s7, a7, gp
core   0: 3 0x80001980 (0x0038fbb3) x23 0x00000000
core   0: 0x80001984 (0x9abf11b7) lui     gp, 0x9abf1
core   0: 3 0x80001984 (0x9abf11b7) x 3 0x9abf1000
core   0: 0x80001988 (0xb9b8cc93) xori    s9, a7, -1125
core   0: 3 0x80001988 (0xb9b8cc93) x25 0xfffffb9b
core   0: 0x8000198c (0x00cb5233) srl     tp, s6, a2
core   0: 3 0x8000198c (0x00cb5233) x 4 0x00000000
core   0: 0x80001990 (0x01a95133) srl     sp, s2, s10
core   0: 3 0x80001990 (0x01a95133) x 2 0x00000000
core   0: 0x80001994 (0x014e5bb3) srl     s7, t3, s4
core   0: 3 0x80001994 (0x014e5bb3) x23 0x000000b8
core   0: 0x80001998 (0x00f0df93) srli    t6, ra, 15
core   0: 3 0x80001998 (0x00f0df93) x31 0x00000000
core   0: 0x8000199c (0x4120d033) sra     zero, ra, s2
core   0: 3 0x8000199c (0x4120d033)
core   0: 0x800019a0 (0x0164f633) and     a2, s1, s6
core   0: 3 0x800019a0 (0x0164f633) x12 0x00000000
core   0: 0x800019a4 (0x419e0093) addi    ra, t3, 1049
core   0: 3 0x800019a4 (0x419e0093) x 1 0x000004d1
core   0: 0x800019a8 (0x5a5cb713) sltiu   a4, s9, 1445
core   0: 3 0x800019a8 (0x5a5cb713) x14 0x00000000
core   0: 0x800019ac (0x1e025e17) auipc   t3, 0x1e025
core   0: 3 0x800019ac (0x1e025e17) x28 0x9e0269ac
core   0: 0x800019b0 (0x01de9233) sll     tp, t4, t4
core   0: 3 0x800019b0 (0x01de9233) x 4 0x00000000
core   0: 0x800019b4 (0x72c4fc93) andi    s9, s1, 1836
core   0: 3 0x800019b4 (0x72c4fc93) x25 0x00000000
core   0: 0x800019b8 (0x016d7433) and     s0, s10, s6
core   0: 3 0x800019b8 (0x016d7433) x 8 0x00000000
core   0: 0x800019bc (0x013bc733) xor     a4, s7, s3
core   0: 3 0x800019bc (0x013bc733) x14 0xe8098984
core   0: 0x800019c0 (0xfd95e813) ori     a6, a1, -39
core   0: 3 0x800019c0 (0xfd95e813) x16 0xffffffd9
core   0: 0x800019c4 (0x0173d833) srl     a6, t2, s7
core   0: 3 0x800019c4 (0x0173d833) x16 0x00000080
core   0: 0x800019c8 (0x0161d433) srl     s0, gp, s6
core   0: 3 0x800019c8 (0x0161d433) x 8 0x9abf1000
core   0: 0x800019cc (0x0053e4b3) or      s1, t2, t0
core   0: 3 0x800019cc (0x0053e4b3) x 9 0x80000000
core   0: 0x800019d0 (0x0011c6b3) xor     a3, gp, ra
core   0: 3 0x800019d0 (0x0011c6b3) x13 0x9abf14d1
core   0: 0x800019d4 (0x099aad93) slti    s11, s5, 153
core   0: 3 0x800019d4 (0x099aad93) x27 0x00000000
core   0: 0x800019d8 (0x40df5f33) sra     t5, t5, a3
core   0: 3 0x800019d8 (0x40df5f33) x30 0x00000000
core   0: 0x800019dc (0x01ac0db3) add     s11, s8, s10
core   0: 3 0x800019dc (0x01ac0db3) x27 0x000000b9
core   0: 0x800019e0 (0x015392b3) sll     t0, t2, s5
core   0: 3 0x800019e0 (0x015392b3) x 5 0x00000000
core   0: 0x800019e4 (0x6a2a6193) ori     gp, s4, 1698
core   0: 3 0x800019e4 (0x6a2a6193) x 3 0x000006a2
core   0: 0x800019e8 (0x00bb4fb3) xor     t6, s6, a1
core   0: 3 0x800019e8 (0x00bb4fb3) x31 0x80000000
core   0: 0x800019ec (0x40ac8933) sub     s2, s9, a0
core   0: 3 0x800019ec (0x40ac8933) x18 0x7ffef19c
core   0: 0x800019f0 (0x006ae5b3) or      a1, s5, t1
core   0: 3 0x800019f0 (0x006ae5b3) x11 0x80014dfe
core   0: 0x800019f4 (0x0079eab3) or      s5, s3, t2
core   0: 3 0x800019f4 (0x0079eab3) x21 0xe809893c
core   0: 0x800019f8 (0x01ceb6b3) sltu    a3, t4, t3
core   0: 3 0x800019f8 (0x01ceb6b3) x13 0x00000001
core   0: 0x800019fc (0x01f10133) add     sp, sp, t6
core   0: 3 0x800019fc (0x01f10133) x 2 0x80000000
core   0: 0x80001a00 (0x00076e33) or      t3, a4, zero
core   0: 3 0x80001a00 (0x00076e33) x28 0xe8098984
core   0: 0x80001a04 (0x0004abb3) slt     s7, s1, zero
core   0: 3 0x80001a04 (0x0004abb3) x23 0x00000001
core   0: 0x80001a08 (0x008c08b3) add     a7, s8, s0
core   0: 3 0x80001a08 (0x008c08b3) x17 0x9abf10b9
core   0: 0x80001a0c (0x408e81b3) sub     gp, t4, s0
core   0: 3 0x80001a0c (0x408e81b3) x 3 0x6540f000
core   0: 0x80001a10 (0x00c56db3) or      s11, a0, a2
core   0: 3 0x80001a10 (0x00c56db3) x27 0x80010e64
core   0: 0x80001a14 (0x4cb53193) sltiu   gp, a0, 1227
core   0: 3 0x80001a14 (0x4cb53193) x 3 0x00000000
core   0: 0x80001a18 (0x40d0d233) sra     tp, ra, a3
core   0: 3 0x80001a18 (0x40d0d233) x 4 0x00000268
core   0: 0x80001a1c (0xba8fc093) xori    ra, t6, -1112
core   0: 3 0x80001a1c (0xba8fc093) x 1 0x7ffffba8
core   0: 0x80001a20 (0x7f292c13) slti    s8, s2, 2034
core   0: 3 0x80001a20 (0x7f292c13) x24 0x00000000
core   0: 0x80001a24 (0x01c78a33) add     s4, a5, t3
core   0: 3 0x80001a24 (0x01c78a33) x20 0xa03b62f4
core   0: 0x80001a28 (0x00f565b3) or      a1, a0, a5
core   0: 3 0x80001a28 (0x00f565b3) x11 0xb831df74
core   0: 0x80001a2c (0xe2d64c93) xori    s9, a2, -467
core   0: 3 0x80001a2c (0xe2d64c93) x25 0xfffffe2d
core   0: 0x80001a30 (0x00000013) nop
core   0: 3 0x80001a30 (0x00000013)
core   0: 0x80001a34 (0x007f0b33) add     s6, t5, t2
core   0: 3 0x80001a34 (0x007f0b33) x22 0x80000000
core   0: 0x80001a38 (0x00df9f93) slli    t6, t6, 13
core   0: 3 0x80001a38 (0x00df9f93) x31 0x00000000
core   0: 0x80001a3c (0x00824733) xor     a4, tp, s0
core   0: 3 0x80001a3c (0x00824733) x14 0x9abf1268
core   0: 0x80001a40 (0xc7c10493) addi    s1, sp, -900
core   0: 3 0x80001a40 (0xc7c10493) x 9 0x7ffffc7c
core   0: 0x80001a44 (0xe06ae737) lui     a4, 0xe06ae
core   0: 3 0x80001a44 (0xe06ae737) x14 0xe06ae000
core   0: 0x80001a48 (0x00a59633) sll     a2, a1, a0
core   0: 3 0x80001a48 (0x00a59633) x12 0x831df740
core   0: 0x80001a4c (0x00ce2033) slt     zero, t3, a2
core   0: 3 0x80001a4c (0x00ce2033)
core   0: 0x80001a50 (0x01c05a93) srli    s5, zero, 28
core   0: 3 0x80001a50 (0x01c05a93) x21 0x00000000
core   0: 0x80001a54 (0xe332fc13) andi    s8, t0, -461
core   0: 3 0x80001a54 (0xe332fc13) x24 0x00000000
core   0: 0x80001a58 (0x686d8913) addi    s2, s11, 1670
core   0: 3 0x80001a58 (0x686d8913) x18 0x800114ea
core   0: 0x80001a5c (0x00fae6b3) or      a3, s5, a5
core   0: 3 0x80001a5c (0x00fae6b3) x13 0xb831d970
core   0: 0x80001a60 (0x401e6c93) ori     s9, t3, 1025
core   0: 3 0x80001a60 (0x401e6c93) x25 0xe8098d85
core   0: 0x80001a64 (0x4091d133) sra     sp, gp, s1
core   0: 3 0x80001a64 (0x4091d133) x 2 0x00000000
core   0: 0x80001a68 (0x87afaf13) slti    t5, t6, -1926
core   0: 3 0x80001a68 (0x87afaf13) x30 0x00000000
core   0: 0x80001a6c (0x01b11bb3) sll     s7, sp, s11
core   0: 3 0x80001a6c (0x01b11bb3) x23 0x00000000
core   0: 0x80001a70 (0x000d56b3) srl     a3, s10, zero
core   0: 3 0x80001a70 (0x000d56b3) x13 0x00000000
core   0: 0x80001a74 (0x410d88b3) sub     a7, s11, a6
core   0: 3 0x80001a74 (0x410d88b3) x17 0x80010de4
core   0: 0x80001a78 (0x40185833) sra     a6, a6, ra
core   0: 3 0x80001a78 (0x40185833) x16 0x00000000
core   0: 0x80001a7c (0xcd872093) slti    ra, a4, -808
core   0: 3 0x80001a7c (0xcd872093) x 1 0x00000001
core   0: 0x80001a80 (0x31c58e93) addi    t4, a1, 796
core   0: 3 0x80001a80 (0x31c58e93) x29 0xb831e290
core   0: 0x80001a84 (0x00f2d733) srl     a4, t0, a5
core   0: 3 0x80001a84 (0x00f2d733) x14 0x00000000
core   0: 0x80001a88 (0x00ed1133) sll     sp, s10, a4
core   0: 3 0x80001a88 (0x00ed1133) x 2 0x00000000
core   0: 0x80001a8c (0x00300bb3) add     s7, zero, gp
core   0: 3 0x80001a8c (0x00300bb3) x23 0x00000000
core   0: 0x80001a90 (0xc5a04113) xori    sp, zero, -934
core   0: 3 0x80001a90 (0xc5a04113) x 2 0xfffffc5a
core   0: 0x80001a94 (0x40da5d33) sra     s10, s4, a3
core   0: 3 0x80001a94 (0x40da5d33) x26 0xa03b62f4
core   0: 0x80001a98 (0x002b49b3) xor     s3, s6, sp
core   0: 3 0x80001a98 (0x002b49b3) x19 0x7ffffc5a
core   0: 0x80001a9c (0x013d10b3) sll     ra, s10, s3
core   0: 3 0x80001a9c (0x013d10b3) x 1 0xd0000000
core   0: 0x80001aa0 (0x27067793) andi    a5, a2, 624
core   0: 3 0x80001aa0 (0x27067793) x15 0x00000240
core   0: 0x80001aa4 (0x406d5a33) sra     s4, s10, t1
core   0: 3 0x80001aa4 (0x406d5a33) x20 0xfa03b62f
core   0: 0x80001aa8 (0x00e9dc93) srli    s9, s3, 14
core   0: 3 0x80001aa8 (0x00e9dc93) x25 0x0001ffff
core   0: 0x80001aac (0x00bc22b3) slt     t0, s8, a1
core   0: 3 0x80001aac (0x00bc22b3) x 5 0x00000000
core   0: 0x80001ab0 (0xc54abc13) sltiu   s8, s5, -940
core   0: 3 0x80001ab0 (0xc54abc13) x24 0x00000001
core   0: 0x80001ab4 (0xb204ef13) ori     t5, s1, -1248
core   0: 3 0x80001ab4 (0xb204ef13) x30 0xffffff7c
core   0: 0x80001ab8 (0x5f724293) xori    t0, tp, 1527
core   0: 3 0x80001ab8 (0x5f724293) x 5 0x0000079f
core   0: 0x80001abc (0x408a5833) sra     a6, s4, s0
core   0: 3 0x80001abc (0x408a5833) x16 0xfa03b62f
core   0: 0x80001ac0 (0x057aad93) slti    s11, s5, 87
core   0: 3 0x80001ac0 (0x057aad93) x27 0x00000001
core   0: 0x80001ac4 (0x21c13697) auipc   a3, 0x21c13
core   0: 3 0x80001ac4 (0x21c13697) x13 0xa1c14ac4
core   0: 0x80001ac8 (0x01796033) or      zero, s2, s7
core   0: 3 0x80001ac8 (0x01796033)
core   0: 0x80001acc (0x407e5713) srai    a4, t3, 7
core   0: 3 0x80001acc (0x407e5713) x14 0xffd01313
core   0: 0x80001ad0 (0x60d02d93) slti    s11, zero, 1549
core   0: 3 0x80001ad0 (0x60d02d93) x27 0x00000001
core   0: 0x80001ad4 (0x99d8a113) slti    sp, a7, -1635
core   0: 3 0x80001ad4 (0x99d8a113) x 2 0x00000001
core   0: 0x80001ad8 (0xc125fd93) andi    s11, a1, -1006
core   0: 3 0x80001ad8 (0xc125fd93) x27 0xb831dc10
core   0: 0x80001adc (0x40f3d0b3) sra     ra, t2, a5
core   0: 3 0x80001adc (0x40f3d0b3) x 1 0x80000000
core   0: 0x80001ae0 (0x008f1493) slli    s1, t5, 8
core   0: 3 0x80001ae0 (0x008f1493) x 9 0xffff7c00
core   0: 0x80001ae4 (0x01121693) slli    a3, tp, 17
core   0: 3 0x80001ae4 (0x01121693) x13 0x04d00000
core   0: 0x80001ae8 (0xebfce693) ori     a3, s9, -321
core   0: 3 0x80001ae8 (0xebfce693) x13 0xffffffff
core   0: 0x80001aec (0x00b1ae33) slt     t3, gp, a1
core   0: 3 0x80001aec (0x00b1ae33) x28 0x00000000
core   0: 0x80001af0 (0x6b770b93) addi    s7, a4, 1719
core   0: 3 0x80001af0 (0x6b770b93) x23 0xffd019ca
core   0: 0x80001af4 (0xb7d1b293) sltiu   t0, gp, -1155
core   0: 3 0x80001af4 (0xb7d1b293) x 5 0x00000001
core   0: 0x80001af8 (0x009855b3) srl     a1, a6, s1
core   0: 3 0x80001af8 (0x009855b3) x11 0xfa03b62f
core   0: 0x80001afc (0x0185cf33) xor     t5, a1, s8
core   0: 3 0x80001afc (0x0185cf33) x30 0xfa03b62e
core   0: 0x80001b00 (0x419b5b33) sra     s6, s6, s9
core   0: 3 0x80001b00 (0x419b5b33) x22 0xffffffff
core   0: 0x80001b04 (0x40bb0733) sub     a4, s6, a1
core   0: 3 0x80001b04 (0x40bb0733) x14 0x05fc49d0
core   0: 0x80001b08 (0xc6de3a13) sltiu   s4, t3, -915
core   0: 3 0x80001b08 (0xc6de3a13) x20 0x00000001
core   0: 0x80001b0c (0x013d1f13) slli    t5, s10, 19
core   0: 3 0x80001b0c (0x013d1f13) x30 0x17a00000
core   0: 0x80001b10 (0xdf4fe6b7) lui     a3, 0xdf4fe
core   0: 3 0x80001b10 (0xdf4fe6b7) x13 0xdf4fe000
core   0: 0x80001b14 (0xd0c84f17) auipc   t5, 0xd0c84
core   0: 3 0x80001b14 (0xd0c84f17) x30 0x50c85b14
core   0: 0x80001b18 (0x00e51993) slli    s3, a0, 14
core   0: 3 0x80001b18 (0x00e51993) x19 0x43990000
core   0: 0x80001b1c (0xab6dac13) slti    s8, s11, -1354
core   0: 3 0x80001b1c (0xab6dac13) x24 0x00000001
core   0: 0x80001b20 (0x0070e633) or      a2, ra, t2
core   0: 3 0x80001b20 (0x0070e633) x12 0x80000000
core   0: 0x80001b24 (0xb3376b37) lui     s6, 0xb3376
core   0: 3 0x80001b24 (0xb3376b37) x22 0xb3376000
core   0: 0x80001b28 (0x00000013) nop
core   0: 3 0x80001b28 (0x00000013)
core   0: 0x80001b2c (0xeb31f213) andi    tp, gp, -333
core   0: 3 0x80001b2c (0xeb31f213) x 4 0x00000000
core   0: 0x80001b30 (0x834fe493) ori     s1, t6, -1996
core   0: 3 0x80001b30 (0x834fe493) x 9 0xfffff834
core   0: 0x80001b34 (0x00000013) nop
core   0: 3 0x80001b34 (0x00000013)
core   0: 0x80001b38 (0x80000b37) lui     s6, 0x80000
core   0: 3 0x80001b38 (0x80000b37) x22 0x80000000
core   0: 0x80001b3c (0x80000f37) lui     t5, 0x80000
core   0: 3 0x80001b3c (0x80000f37) x30 0x80000000
core   0: 0x80001b40 (0x00000a93) li      s5, 0
core   0: 3 0x80001b40 (0x00000a93) x21 0x00000000
core   0: 0x80001b44 (0xfff00e93) li      t4, -1
core   0: 3 0x80001b44 (0xfff00e93) x29 0xffffffff
core   0: 0x80001b48 (0xb5dca937) lui     s2, 0xb5dca
core   0: 3 0x80001b48 (0xb5dca937) x18 0xb5dca000
core   0: 0x80001b4c (0x3ba90913) addi    s2, s2, 954
core   0: 3 0x80001b4c (0x3ba90913) x18 0xb5dca3ba
core   0: 0x80001b50 (0x80000db7) lui     s11, 0x80000
core   0: 3 0x80001b50 (0x80000db7) x27 0x80000000
core   0: 0x80001b54 (0x80000c37) lui     s8, 0x80000
core   0: 3 0x80001b54 (0x80000c37) x24 0x80000000
core   0: 0x80001b58 (0x6ee8e0b7) lui     ra, 0x6ee8e
core   0: 3 0x80001b58 (0x6ee8e0b7) x 1 0x6ee8e000
core   0: 0x80001b5c (0x74e08093) addi    ra, ra, 1870
core   0: 3 0x80001b5c (0x74e08093) x 1 0x6ee8e74e
core   0: 0x80001b60 (0xfff00813) li      a6, -1
core   0: 3 0x80001b60 (0xfff00813) x16 0xffffffff
core   0: 0x80001b64 (0x80000137) lui     sp, 0x80000
core   0: 3 0x80001b64 (0x80000137) x 2 0x80000000
core   0: 0x80001b68 (0x01ef0133) add     sp, t5, t5
core   0: 3 0x80001b68 (0x01ef0133) x 2 0x00000000
core   0: 0x80001b6c (0x41608133) sub     sp, ra, s6
core   0: 3 0x80001b6c (0x41608133) x 2 0xeee8e74e
core   0: 0x80001b70 (0x73cf5c17) auipc   s8, 0x73cf5
core   0: 3 0x80001b70 (0x73cf5c17) x24 0xf3cf6b70
core   0: 0x80001b74 (0x00000013) nop
core   0: 3 0x80001b74 (0x00000013)
core   0: 0x80001b78 (0x20d5e0b7) lui     ra, 0x20d5e
core   0: 3 0x80001b78 (0x20d5e0b7) x 1 0x20d5e000
core   0: 0x80001b7c (0x012e8ab3) add     s5, t4, s2
core   0: 3 0x80001b7c (0x012e8ab3) x21 0xb5dca3b9
core   0: 0x80001b80 (0x01bf0ab3) add     s5, t5, s11
core   0: 3 0x80001b80 (0x01bf0ab3) x21 0x00000000
core   0: 0x80001b84 (0x25e22917) auipc   s2, 0x25e22
core   0: 3 0x80001b84 (0x25e22917) x18 0xa5e23b84
core   0: 0x80001b88 (0xef47cf17) auipc   t5, 0xef47c
core   0: 3 0x80001b88 (0xef47cf17) x30 0x6f47db88
core   0: 0x80001b8c (0x018f00b3) add     ra, t5, s8
core   0: 3 0x80001b8c (0x018f00b3) x 1 0x631746f8
core   0: 0x80001b90 (0x28e08d93) addi    s11, ra, 654
core   0: 3 0x80001b90 (0x28e08d93) x27 0x63174986
core   0: 0x80001b94 (0x015d8eb3) add     t4, s11, s5
core   0: 3 0x80001b94 (0x015d8eb3) x29 0x63174986
core   0: 0x80001b98 (0xb686edb7) lui     s11, 0xb686e
core   0: 3 0x80001b98 (0xb686edb7) x27 0xb686e000
core   0: 0x80001b9c (0x00000013) nop
core   0: 3 0x80001b9c (0x00000013)
core   0: 0x80001ba0 (0xa840b117) auipc   sp, 0xa840b
core   0: 3 0x80001ba0 (0xa840b117) x 2 0x2840cba0
core   0: 0x80001ba4 (0x01e10ab3) add     s5, sp, t5
core   0: 3 0x80001ba4 (0x01e10ab3) x21 0x9788a728
core   0: 0x80001ba8 (0xa5a68f17) auipc   t5, 0xa5a68
core   0: 3 0x80001ba8 (0xa5a68f17) x30 0x25a69ba8
core   0: 0x80001bac (0x62e2ad97) auipc   s11, 0x62e2a
core   0: 3 0x80001bac (0x62e2ad97) x27 0xe2e2bbac
core   0: 0x80001bb0 (0x41de80b3) sub     ra, t4, t4
core   0: 3 0x80001bb0 (0x41de80b3) x 1 0x00000000
core   0: 0x80001bb4 (0xdae5bb37) lui     s6, 0xdae5b
core   0: 3 0x80001bb4 (0xdae5bb37) x22 0xdae5b000
core   0: 0x80001bb8 (0x98a16097) auipc   ra, 0x98a16
core   0: 3 0x80001bb8 (0x98a16097) x 1 0x18a17bb8
core   0: 0x80001bbc (0x947edd97) auipc   s11, 0x947ed
core   0: 3 0x80001bbc (0x947edd97) x27 0x147eebbc
core   0: 0x80001bc0 (0xa49e8913) addi    s2, t4, -1463
core   0: 3 0x80001bc0 (0xa49e8913) x18 0x631743cf
core   0: 0x80001bc4 (0x530fa937) lui     s2, 0x530fa
core   0: 3 0x80001bc4 (0x530fa937) x18 0x530fa000
core   0: 0x80001bc8 (0xbc5a8f13) addi    t5, s5, -1083
core   0: 3 0x80001bc8 (0xbc5a8f13) x30 0x9788a2ed
core   0: 0x80001bcc (0x0007e933) or      s2, a5, zero
core   0: 3 0x80001bcc (0x0007e933) x18 0x00000240
core   0: 0x80001bd0 (0x40dfd213) srai    tp, t6, 13
core   0: 3 0x80001bd0 (0x40dfd213) x 4 0x00000000
core   0: 0x80001bd4 (0x9fddbd93) sltiu   s11, s11, -1539
core   0: 3 0x80001bd4 (0x9fddbd93) x27 0x00000001
core   0: 0x80001bd8 (0x00fad633) srl     a2, s5, a5
core   0: 3 0x80001bd8 (0x00fad633) x12 0x9788a728
core   0: 0x80001bdc (0x1044f613) andi    a2, s1, 260
core   0: 3 0x80001bdc (0x1044f613) x12 0x00000004
core   0: 0x80001be0 (0x40aad193) srai    gp, s5, 10
core   0: 3 0x80001be0 (0x40aad193) x 3 0xffe5e229
core   0: 0x80001be4 (0x00b961b3) or      gp, s2, a1
core   0: 3 0x80001be4 (0x00b961b3) x 3 0xfa03b66f
core   0: 0x80001be8 (0x01f3b4b3) sltu    s1, t2, t6
core   0: 3 0x80001be8 (0x01f3b4b3) x 9 0x00000000
core   0: 0x80001bec (0x015af733) and     a4, s5, s5
core   0: 3 0x80001bec (0x015af733) x14 0x9788a728
core   0: 0x80001bf0 (0xfcdebb13) sltiu   s6, t4, -51
core   0: 3 0x80001bf0 (0xfcdebb13) x22 0x00000001
core   0: 0x80001bf4 (0x013a8c33) add     s8, s5, s3
core   0: 3 0x80001bf4 (0x013a8c33) x24 0xdb21a728
core   0: 0x80001bf8 (0x0114dcb3) srl     s9, s1, a7
core   0: 3 0x80001bf8 (0x0114dcb3) x25 0x00000000
core   0: 0x80001bfc (0x40480233) sub     tp, a6, tp
core   0: 3 0x80001bfc (0x40480233) x 4 0xffffffff
core   0: 0x80001c00 (0x01cd5913) srli    s2, s10, 28
core   0: 3 0x80001c00 (0x01cd5913) x18 0x0000000a
core   0: 0x80001c04 (0x71e6bb93) sltiu   s7, a3, 1822
core   0: 3 0x80001c04 (0x71e6bb93) x23 0x00000000
core   0: 0x80001c08 (0x01671db3) sll     s11, a4, s6
core   0: 3 0x80001c08 (0x01671db3) x27 0x2f114e50
core   0: 0x80001c0c (0x01b744b3) xor     s1, a4, s11
core   0: 3 0x80001c0c (0x01b744b3) x 9 0xb899e978
core   0: 0x80001c10 (0x00d8a6b3) slt     a3, a7, a3
core   0: 3 0x80001c10 (0x00d8a6b3) x13 0x00000001
core   0: 0x80001c14 (0x0072deb3) srl     t4, t0, t2
core   0: 3 0x80001c14 (0x0072deb3) x29 0x00000001
core   0: 0x80001c18 (0x00000013) nop
core   0: 3 0x80001c18 (0x00000013)
core   0: 0x80001c1c (0x581df097) auipc   ra, 0x581df
core   0: 3 0x80001c1c (0x581df097) x 1 0xd81e0c1c
core   0: 0x80001c20 (0xed9f0493) addi    s1, t5, -295
core   0: 3 0x80001c20 (0xed9f0493) x 9 0x9788a1c6
core   0: 0x80001c24 (0x475baa37) lui     s4, 0x475ba
core   0: 3 0x80001c24 (0x475baa37) x20 0x475ba000
core   0: 0x80001c28 (0x9ac83913) sltiu   s2, a6, -1620
core   0: 3 0x80001c28 (0x9ac83913) x18 0x00000000
core   0: 0x80001c2c (0x0026eb33) or      s6, a3, sp
core   0: 3 0x80001c2c (0x0026eb33) x22 0x2840cba1
core   0: 0x80001c30 (0x58d6bd93) sltiu   s11, a3, 1421
core   0: 3 0x80001c30 (0x58d6bd93) x27 0x00000001
core   0: 0x80001c34 (0x6a0b1c17) auipc   s8, 0x6a0b1
core   0: 3 0x80001c34 (0x6a0b1c17) x24 0xea0b2c34
core   0: 0x80001c38 (0x002695b3) sll     a1, a3, sp
core   0: 3 0x80001c38 (0x002695b3) x11 0x00000001
core   0: 0x80001c3c (0x0004cf33) xor     t5, s1, zero
core   0: 3 0x80001c3c (0x0004cf33) x30 0x9788a1c6
core   0: 0x80001c40 (0x01f1ed33) or      s10, gp, t6
core   0: 3 0x80001c40 (0x01f1ed33) x26 0xfa03b66f
core   0: 0x80001c44 (0x00a45ab3) srl     s5, s0, a0
core   0: 3 0x80001c44 (0x00a45ab3) x21 0x09abf100
core   0: 0x80001c48 (0xd058f613) andi    a2, a7, -763
core   0: 3 0x80001c48 (0xd058f613) x12 0x80010d04
core   0: 0x80001c4c (0x7ac18113) addi    sp, gp, 1964
core   0: 3 0x80001c4c (0x7ac18113) x 2 0xfa03be1b
core   0: 0x80001c50 (0x00d832b3) sltu    t0, a6, a3
core   0: 3 0x80001c50 (0x00d832b3) x 5 0x00000000
core   0: 0x80001c54 (0x0163a433) slt     s0, t2, s6
core   0: 3 0x80001c54 (0x0163a433) x 8 0x00000001
core   0: 0x80001c58 (0x41fa57b3) sra     a5, s4, t6
core   0: 3 0x80001c58 (0x41fa57b3) x15 0x475ba000
core   0: 0x80001c5c (0x01b15a13) srli    s4, sp, 27
core   0: 3 0x80001c5c (0x01b15a13) x20 0x0000001f
core   0: 0x80001c60 (0x6ba6bb13) sltiu   s6, a3, 1722
core   0: 3 0x80001c60 (0x6ba6bb13) x22 0x00000001
core   0: 0x80001c64 (0x4075d693) srai    a3, a1, 7
core   0: 3 0x80001c64 (0x4075d693) x13 0x00000000
core   0: 0x80001c68 (0xae5fc693) xori    a3, t6, -1307
core   0: 3 0x80001c68 (0xae5fc693) x13 0xfffffae5
core   0: 0x80001c6c (0x400f09b3) sub     s3, t5, zero
core   0: 3 0x80001c6c (0x400f09b3) x19 0x9788a1c6
core   0: 0x80001c70 (0x005574b3) and     s1, a0, t0
core   0: 3 0x80001c70 (0x005574b3) x 9 0x00000000
core   0: 0x80001c74 (0xd3022c93) slti    s9, tp, -720
core   0: 3 0x80001c74 (0xd3022c93) x25 0x00000000
core   0: 0x80001c78 (0x40605013) srai    zero, zero, 6
core   0: 3 0x80001c78 (0x40605013)
core   0: 0x80001c7c (0x01574433) xor     s0, a4, s5
core   0: 3 0x80001c7c (0x01574433) x 8 0x9e235628
core   0: 0x80001c80 (0x00e2cab3) xor     s5, t0, a4
core   0: 3 0x80001c80 (0x00e2cab3) x21 0x9788a728
core   0: 0x80001c84 (0x7b524293) xori    t0, tp, 1973
core   0: 3 0x80001c84 (0x7b524293) x 5 0xfffff84a
core   0: 0x80001c88 (0x23e67193) andi    gp, a2, 574
core   0: 3 0x80001c88 (0x23e67193) x 3 0x00000004
core   0: 0x80001c8c (0x01a16db3) or      s11, sp, s10
core   0: 3 0x80001c8c (0x01a16db3) x27 0xfa03be7f
core   0: 0x80001c90 (0x00000013) nop
core   0: 3 0x80001c90 (0x00000013)
core   0: 0x80001c94 (0x75654613) xori    a2, a0, 1878
core   0: 3 0x80001c94 (0x75654613) x12 0x80010932
core   0: 0x80001c98 (0x014aefb3) or      t6, s5, s4
core   0: 3 0x80001c98 (0x014aefb3) x31 0x9788a73f
core   0: 0x80001c9c (0x52f47813) andi    a6, s0, 1327
core   0: 3 0x80001c9c (0x52f47813) x16 0x00000428
core   0: 0x80001ca0 (0xa06b2b13) slti    s6, s6, -1530
core   0: 3 0x80001ca0 (0xa06b2b13) x22 0x00000000
core   0: 0x80001ca4 (0x21db8993) addi    s3, s7, 541
core   0: 3 0x80001ca4 (0x21db8993) x19 0x0000021d
core   0: 0x80001ca8 (0x00000013) nop
core   0: 3 0x80001ca8 (0x00000013)
core   0: 0x80001cac (0x01501213) slli    tp, zero, 21
core   0: 3 0x80001cac (0x01501213) x 4 0x00000000
core   0: 0x80001cb0 (0x01a89413) slli    s0, a7, 26
core   0: 3 0x80001cb0 (0x01a89413) x 8 0x90000000
core   0: 0x80001cb4 (0xed88fe93) andi    t4, a7, -296
core   0: 3 0x80001cb4 (0xed88fe93) x29 0x80010cc0
core   0: 0x80001cb8 (0x10818c13) addi    s8, gp, 264
core   0: 3 0x80001cb8 (0x10818c13) x24 0x0000010c
core   0: 0x80001cbc (0x000b1133) sll     sp, s6, zero
core   0: 3 0x80001cbc (0x000b1133) x 2 0x00000000
core   0: 0x80001cc0 (0x7105ae93) slti    t4, a1, 1808
core   0: 3 0x80001cc0 (0x7105ae93) x29 0x00000001
core   0: 0x80001cc4 (0x57a532b7) lui     t0, 0x57a53
core   0: 3 0x80001cc4 (0x57a532b7) x 5 0x57a53000
core   0: 0x80001cc8 (0x00263cb3) sltu    s9, a2, sp
core   0: 3 0x80001cc8 (0x00263cb3) x25 0x00000000
core   0: 0x80001ccc (0xb90032b7) lui     t0, 0xb9003
core   0: 3 0x80001ccc (0xb90032b7) x 5 0xb9003000
core   0: 0x80001cd0 (0x40128a33) sub     s4, t0, ra
core   0: 3 0x80001cd0 (0x40128a33) x20 0xe0e223e4
core   0: 0x80001cd4 (0x4266e493) ori     s1, a3, 1062
core   0: 3 0x80001cd4 (0x4266e493) x 9 0xfffffee7
core   0: 0x80001cd8 (0x51d38893) addi    a7, t2, 1309
core   0: 3 0x80001cd8 (0x51d38893) x17 0x8000051d
core   0: 0x80001cdc (0xc47ac613) xori    a2, s5, -953
core   0: 3 0x80001cdc (0xc47ac613) x12 0x68775b6f
core   0: 0x80001ce0 (0xfbcbc193) xori    gp, s7, -68
core   0: 3 0x80001ce0 (0xfbcbc193) x 3 0xffffffbc
core   0: 0x80001ce4 (0x006e2033) slt     zero, t3, t1
core   0: 3 0x80001ce4 (0x006e2033)
core   0: 0x80001ce8 (0x798ea713) slti    a4, t4, 1944
core   0: 3 0x80001ce8 (0x798ea713) x14 0x00000001
core   0: 0x80001cec (0x01c8ad33) slt     s10, a7, t3
core   0: 3 0x80001cec (0x01c8ad33) x26 0x00000001
core   0: 0x80001cf0 (0x9dd37493) andi    s1, t1, -1571
core   0: 3 0x80001cf0 (0x9dd37493) x 9 0x800148c4
core   0: 0x80001cf4 (0x00bbd933) srl     s2, s7, a1
core   0: 3 0x80001cf4 (0x00bbd933) x18 0x00000000
core   0: 0x80001cf8 (0x01a95893) srli    a7, s2, 26
core   0: 3 0x80001cf8 (0x01a95893) x17 0x00000000
core   0: 0x80001cfc (0x946bfe13) andi    t3, s7, -1722
core   0: 3 0x80001cfc (0x946bfe13) x28 0x00000000
core   0: 0x80001d00 (0x0a5e6d13) ori     s10, t3, 165
core   0: 3 0x80001d00 (0x0a5e6d13) x26 0x000000a5
core   0: 0x80001d04 (0xc8e00a13) li      s4, -882
core   0: 3 0x80001d04 (0xc8e00a13) x20 0xfffffc8e
core   0: 0x80001d08 (0x40ac5033) sra     zero, s8, a0
core   0: 3 0x80001d08 (0x40ac5033)
core   0: 0x80001d0c (0x638c7613) andi    a2, s8, 1592
core   0: 3 0x80001d0c (0x638c7613) x12 0x00000008
core   0: 0x80001d10 (0x50b12437) lui     s0, 0x50b12
core   0: 3 0x80001d10 (0x50b12437) x 8 0x50b12000
core   0: 0x80001d14 (0x00d031b3) snez    gp, a3
core   0: 3 0x80001d14 (0x00d031b3) x 3 0x00000001
core   0: 0x80001d18 (0x008a5b13) srli    s6, s4, 8
core   0: 3 0x80001d18 (0x008a5b13) x22 0x00fffffc
core   0: 0x80001d1c (0x00000013) nop
core   0: 3 0x80001d1c (0x00000013)
core   0: 0x80001d20 (0x019779b3) and     s3, a4, s9
core   0: 3 0x80001d20 (0x019779b3) x19 0x00000000
core   0: 0x80001d24 (0x00f09ab3) sll     s5, ra, a5
core   0: 3 0x80001d24 (0x00f09ab3) x21 0xd81e0c1c
core   0: 0x80001d28 (0xf7ddf213) andi    tp, s11, -131
core   0: 3 0x80001d28 (0xf7ddf213) x 4 0xfa03be7d
core   0: 0x80001d2c (0x0101e6b3) or      a3, gp, a6
core   0: 3 0x80001d2c (0x0101e6b3) x13 0x00000429
core   0: 0x80001d30 (0x23fa0f93) addi    t6, s4, 575
core   0: 3 0x80001d30 (0x23fa0f93) x31 0xfffffecd
core   0: 0x80001d34 (0x000d65b3) or      a1, s10, zero
core   0: 3 0x80001d34 (0x000d65b3) x11 0x000000a5
core   0: 0x80001d38 (0x632c6193) ori     gp, s8, 1586
core   0: 3 0x80001d38 (0x632c6193) x 3 0x0000073e
core   0: 0x80001d3c (0x00000013) nop
core   0: 3 0x80001d3c (0x00000013)
core   0: 0x80001d40 (0xce18d5b7) lui     a1, 0xce18d
core   0: 3 0x80001d40 (0xce18d5b7) x11 0xce18d000
core   0: 0x80001d44 (0xd3c1ec13) ori     s8, gp, -708
core   0: 3 0x80001d44 (0xd3c1ec13) x24 0xffffff3e
core   0: 0x80001d48 (0x00000013) nop
core   0: 3 0x80001d48 (0x00000013)
core   0: 0x80001d4c (0x9fac7b13) andi    s6, s8, -1542
core   0: 3 0x80001d4c (0x9fac7b13) x22 0xfffff93a
core   0: 0x80001d50 (0x01b29c33) sll     s8, t0, s11
core   0: 3 0x80001d50 (0x01b29c33) x24 0x00000000
core   0: 0x80001d54 (0x01885f13) srli    t5, a6, 24
core   0: 3 0x80001d54 (0x01885f13) x30 0x00000000
core   0: 0x80001d58 (0x01a99f13) slli    t5, s3, 26
core   0: 3 0x80001d58 (0x01a99f13) x30 0x00000000
core   0: 0x80001d5c (0xecb4cf17) auipc   t5, 0xecb4c
core   0: 3 0x80001d5c (0xecb4cf17) x30 0x6cb4dd5c
core   0: 0x80001d60 (0x405309b3) sub     s3, t1, t0
core   0: 3 0x80001d60 (0x405309b3) x19 0xc7011ce4
core   0: 0x80001d64 (0x010441b3) xor     gp, s0, a6
core   0: 3 0x80001d64 (0x010441b3) x 3 0x50b12428
core   0: 0x80001d68 (0x0169f733) and     a4, s3, s6
core   0: 3 0x80001d68 (0x0169f733) x14 0xc7011820
core   0: 0x80001d6c (0x004e1433) sll     s0, t3, tp
core   0: 3 0x80001d6c (0x004e1433) x 8 0x00000000
core   0: 0x80001d70 (0x5f3d6593) ori     a1, s10, 1523
core   0: 3 0x80001d70 (0x5f3d6593) x11 0x000005f7
core   0: 0x80001d74 (0x4152db13) srai    s6, t0, 21
core   0: 3 0x80001d74 (0x4152db13) x22 0xfffffdc8
core   0: 0x80001d78 (0x403902b3) sub     t0, s2, gp
core   0: 3 0x80001d78 (0x403902b3) x 5 0xaf4edbd8
core   0: 0x80001d7c (0x6b537093) andi    ra, t1, 1717
core   0: 3 0x80001d7c (0x6b537093) x 1 0x000004a4
core   0: 0x80001d80 (0x4082df93) srai    t6, t0, 8
core   0: 3 0x80001d80 (0x4082df93) x31 0xffaf4edb
core   0: 0x80001d84 (0x401e5733) sra     a4, t3, ra
core   0: 3 0x80001d84 (0x401e5733) x14 0x00000000
core   0: 0x80001d88 (0x413abc93) sltiu   s9, s5, 1043
core   0: 3 0x80001d88 (0x413abc93) x25 0x00000000
core   0: 0x80001d8c (0x0059a133) slt     sp, s3, t0
core   0: 3 0x80001d8c (0x0059a133) x 2 0x00000000
core   0: 0x80001d90 (0x00ee32b3) sltu    t0, t3, a4
core   0: 3 0x80001d90 (0x00ee32b3) x 5 0x00000000
core   0: 0x80001d94 (0x832c2897) auipc   a7, 0x832c2
core   0: 3 0x80001d94 (0x832c2897) x17 0x032c3d94
core   0: 0x80001d98 (0x01009a93) slli    s5, ra, 16
core   0: 3 0x80001d98 (0x01009a93) x21 0x04a40000
core   0: 0x80001d9c (0x002cb733) sltu    a4, s9, sp
core   0: 3 0x80001d9c (0x002cb733) x14 0x00000000
core   0: 0x80001da0 (0x013b2bb3) slt     s7, s6, s3
core   0: 3 0x80001da0 (0x013b2bb3) x23 0x00000000
core   0: 0x80001da4 (0xc445e613) ori     a2, a1, -956
core   0: 3 0x80001da4 (0xc445e613) x12 0xfffffdf7
core   0: 0x80001da8 (0xcca98a13) addi    s4, s3, -822
core   0: 3 0x80001da8 (0xcca98a13) x20 0xc70119ae
core   0: 0x80001dac (0x5eaac813) xori    a6, s5, 1514
core   0: 3 0x80001dac (0x5eaac813) x16 0x04a405ea
core   0: 0x80001db0 (0x00000013) nop
core   0: 3 0x80001db0 (0x00000013)
core   0: 0x80001db4 (0x00000013) nop
core   0: 3 0x80001db4 (0x00000013)
core   0: 0x80001db8 (0x00000013) nop
core   0: 3 0x80001db8 (0x00000013)
core   0: 0x80001dbc (0x7bdc1f17) auipc   t5, 0x7bdc1
core   0: 3 0x80001dbc (0x7bdc1f17) x30 0xfbdc2dbc
core   0: 0x80001dc0 (0x40305193) srai    gp, zero, 3
core   0: 3 0x80001dc0 (0x40305193) x 3 0x00000000
core   0: 0x80001dc4 (0x00e8bbb3) sltu    s7, a7, a4
core   0: 3 0x80001dc4 (0x00e8bbb3) x23 0x00000000
core   0: 0x80001dc8 (0x004a7433) and     s0, s4, tp
core   0: 3 0x80001dc8 (0x004a7433) x 8 0xc201182c
core   0: 0x80001dcc (0x0677be13) sltiu   t3, a5, 103
core   0: 3 0x80001dcc (0x0677be13) x28 0x00000000
core   0: 0x80001dd0 (0x412307b3) sub     a5, t1, s2
core   0: 3 0x80001dd0 (0x412307b3) x15 0x80014ce4
core   0: 0x80001dd4 (0x32116b93) ori     s7, sp, 801
core   0: 3 0x80001dd4 (0x32116b93) x23 0x00000321
core   0: 0x80001dd8 (0x01b9df33) srl     t5, s3, s11
core   0: 3 0x80001dd8 (0x01b9df33) x30 0x00000001
core   0: 0x80001ddc (0x00fe3b33) sltu    s6, t3, a5
core   0: 3 0x80001ddc (0x00fe3b33) x22 0x00000001
core   0: 0x80001de0 (0x01b21f93) slli    t6, tp, 27
core   0: 3 0x80001de0 (0x01b21f93) x31 0xe8000000
core   0: 0x80001de4 (0xfee57b93) andi    s7, a0, -18
core   0: 3 0x80001de4 (0xfee57b93) x23 0x80010e64
core   0: 0x80001de8 (0x28a99a17) auipc   s4, 0x28a99
core   0: 3 0x80001de8 (0x28a99a17) x20 0xa8a9ade8
core   0: 0x80001dec (0x011db7b3) sltu    a5, s11, a7
core   0: 3 0x80001dec (0x011db7b3) x15 0x00000000
core   0: 0x80001df0 (0x01c51eb3) sll     t4, a0, t3
core   0: 3 0x80001df0 (0x01c51eb3) x29 0x80010e64
core   0: 0x80001df4 (0x0050d7b3) srl     a5, ra, t0
core   0: 3 0x80001df4 (0x0050d7b3) x15 0x000004a4
core   0: 0x80001df8 (0x00e668b3) or      a7, a2, a4
core   0: 3 0x80001df8 (0x00e668b3) x17 0xfffffdf7
core   0: 0x80001dfc (0x00981213) slli    tp, a6, 9
core   0: 3 0x80001dfc (0x00981213) x 4 0x480bd400
core   0: 0x80001e00 (0xeb35cd17) auipc   s10, 0xeb35c
core   0: 3 0x80001e00 (0xeb35cd17) x26 0x6b35de00
core   0: 0x80001e04 (0x10580a93) addi    s5, a6, 261
core   0: 3 0x80001e04 (0x10580a93) x21 0x04a406ef
core   0: 0x80001e08 (0x0126aab3) slt     s5, a3, s2
core   0: 3 0x80001e08 (0x0126aab3) x21 0x00000000
core   0: 0x80001e0c (0x0f986b17) auipc   s6, 0xf986
core   0: 3 0x80001e0c (0x0f986b17) x22 0x8f987e0c
core   0: 0x80001e10 (0x40c3dbb3) sra     s7, t2, a2
core   0: 3 0x80001e10 (0x40c3dbb3) x23 0xffffff00
core   0: 0x80001e14 (0x00c89f33) sll     t5, a7, a2
core   0: 3 0x80001e14 (0x00c89f33) x30 0xfb800000
core   0: 0x80001e18 (0x00000013) nop
core   0: 3 0x80001e18 (0x00000013)
core   0: 0x80001e1c (0x85aaf613) andi    a2, s5, -1958
core   0: 3 0x80001e1c (0x85aaf613) x12 0x00000000
core   0: 0x80001e20 (0x000d5813) srli    a6, s10, 0
core   0: 3 0x80001e20 (0x000d5813) x16 0x6b35de00
core   0: 0x80001e24 (0x1986c193) xori    gp, a3, 408
core   0: 3 0x80001e24 (0x1986c193) x 3 0x000005b1
core   0: 0x80001e28 (0x00177db3) and     s11, a4, ra
core   0: 3 0x80001e28 (0x00177db3) x27 0x00000000
core   0: 0x80001e2c (0x00e17633) and     a2, sp, a4
core   0: 3 0x80001e2c (0x00e17633) x12 0x00000000
core   0: 0x80001e30 (0x01458233) add     tp, a1, s4
core   0: 3 0x80001e30 (0x01458233) x 4 0xa8a9b3df
core   0: 0x80001e34 (0x2dbc7d13) andi    s10, s8, 731
core   0: 3 0x80001e34 (0x2dbc7d13) x26 0x00000000
core   0: 0x80001e38 (0xf0f5ae93) slti    t4, a1, -241
core   0: 3 0x80001e38 (0xf0f5ae93) x29 0x00000000
core   0: 0x80001e3c (0x009112b3) sll     t0, sp, s1
core   0: 3 0x80001e3c (0x009112b3) x 5 0x00000000
core   0: 0x80001e40 (0x00aba833) slt     a6, s7, a0
core   0: 3 0x80001e40 (0x00aba833) x16 0x00000000
core   0: 0x80001e44 (0x72aad037) lui     zero, 0x72aad
core   0: 3 0x80001e44 (0x72aad037)
core   0: 0x80001e48 (0x00000013) nop
core   0: 3 0x80001e48 (0x00000013)
core   0: 0x80001e4c (0x08f84693) xori    a3, a6, 143
core   0: 3 0x80001e4c (0x08f84693) x13 0x0000008f
core   0: 0x80001e50 (0x98b12713) slti    a4, sp, -1653
core   0: 3 0x80001e50 (0x98b12713) x14 0x00000000
core   0: 0x80001e54 (0x41c1dc13) srai    s8, gp, 28
core   0: 3 0x80001e54 (0x41c1dc13) x24 0x00000000
core   0: 0x80001e58 (0x00da0bb3) add     s7, s4, a3
core   0: 3 0x80001e58 (0x00da0bb3) x23 0xa8a9ae77
core   0: 0x80001e5c (0x8860e193) ori     gp, ra, -1914
core   0: 3 0x80001e5c (0x8860e193) x 3 0xfffffca6
core   0: 0x80001e60 (0x00502133) slt     sp, zero, t0
core   0: 3 0x80001e60 (0x00502133) x 2 0x00000000
core   0: 0x80001e64 (0x00000013) nop
core   0: 3 0x80001e64 (0x00000013)
core   0: 0x80001e68 (0x01cc1293) slli    t0, s8, 28
core   0: 3 0x80001e68 (0x01cc1293) x 5 0x00000000
core   0: 0x80001e6c (0x007b7db3) and     s11, s6, t2
core   0: 3 0x80001e6c (0x007b7db3) x27 0x80000000
core   0: 0x80001e70 (0x4099da33) sra     s4, s3, s1
core   0: 3 0x80001e70 (0x4099da33) x20 0xfc7011ce
core   0: 0x80001e74 (0xa031b213) sltiu   tp, gp, -1533
core   0: 3 0x80001e74 (0xa031b213) x 4 0x00000000
core   0: 0x80001e78 (0x40818233) sub     tp, gp, s0
core   0: 3 0x80001e78 (0x40818233) x 4 0x3dfee47a
core   0: 0x80001e7c (0x008fbd33) sltu    s10, t6, s0
core   0: 3 0x80001e7c (0x008fbd33) x26 0x00000000
core   0: 0x80001e80 (0x00d11993) slli    s3, sp, 13
core   0: 3 0x80001e80 (0x00d11993) x19 0x00000000
core   0: 0x80001e84 (0x001f9293) slli    t0, t6, 1
core   0: 3 0x80001e84 (0x001f9293) x 5 0xd0000000
core   0: 0x80001e88 (0x01b25893) srli    a7, tp, 27
core   0: 3 0x80001e88 (0x01b25893) x17 0x00000007
core   0: 0x80001e8c (0xcb51b993) sltiu   s3, gp, -843
core   0: 3 0x80001e8c (0xcb51b993) x19 0x00000001
core   0: 0x80001e90 (0x00f862b3) or      t0, a6, a5
core   0: 3 0x80001e90 (0x00f862b3) x 5 0x000004a4
core   0: 0x80001e94 (0x00a43933) sltu    s2, s0, a0
core   0: 3 0x80001e94 (0x00a43933) x18 0x00000000
core   0: 0x80001e98 (0x419556b3) sra     a3, a0, s9
core   0: 3 0x80001e98 (0x419556b3) x13 0x80010e64
core   0: 0x80001e9c (0x013549b3) xor     s3, a0, s3
core   0: 3 0x80001e9c (0x013549b3) x19 0x80010e65
core   0: 0x80001ea0 (0x40f5d793) srai    a5, a1, 15
core   0: 3 0x80001ea0 (0x40f5d793) x15 0x00000000
core   0: 0x80001ea4 (0x5b184017) auipc   zero, 0x5b184
core   0: 3 0x80001ea4 (0x5b184017)
core   0: 0x80001ea8 (0x64c3f693) andi    a3, t2, 1612
core   0: 3 0x80001ea8 (0x64c3f693) x13 0x00000000
core   0: 0x80001eac (0x65147913) andi    s2, s0, 1617
core   0: 3 0x80001eac (0x65147913) x18 0x00000000
core   0: 0x80001eb0 (0x40690633) sub     a2, s2, t1
core   0: 3 0x80001eb0 (0x40690633) x12 0x7ffeb31c
core   0: 0x80001eb4 (0x138a2b93) slti    s7, s4, 312
core   0: 3 0x80001eb4 (0x138a2b93) x23 0x00000001
core   0: 0x80001eb8 (0x7e1c7cb7) lui     s9, 0x7e1c7
core   0: 3 0x80001eb8 (0x7e1c7cb7) x25 0x7e1c7000
core   0: 0x80001ebc (0x413d0f33) sub     t5, s10, s3
core   0: 3 0x80001ebc (0x413d0f33) x30 0x7ffef19b
core   0: 0x80001ec0 (0x001b5193) srli    gp, s6, 1
core   0: 3 0x80001ec0 (0x001b5193) x 3 0x47cc3f06
core   0: 0x80001ec4 (0xbf7b7613) andi    a2, s6, -1033
core   0: 3 0x80001ec4 (0xbf7b7613) x12 0x8f987a04
core   0: 0x80001ec8 (0x0075f8b3) and     a7, a1, t2
core   0: 3 0x80001ec8 (0x0075f8b3) x17 0x00000000
core   0: 0x80001ecc (0x8a62cd93) xori    s11, t0, -1882
core   0: 3 0x80001ecc (0x8a62cd93) x27 0xfffffc02
core   0: 0x80001ed0 (0xa7414113) xori    sp, sp, -1420
core   0: 3 0x80001ed0 (0xa7414113) x 2 0xfffffa74
core   0: 0x80001ed4 (0x002ccd33) xor     s10, s9, sp
core   0: 3 0x80001ed4 (0x002ccd33) x26 0x81e38a74
core   0: 0x80001ed8 (0xb8a2aa93) slti    s5, t0, -1142
core   0: 3 0x80001ed8 (0xb8a2aa93) x21 0x00000000
core   0: 0x80001edc (0xe76c2613) slti    a2, s8, -394
core   0: 3 0x80001edc (0xe76c2613) x12 0x00000000
core   0: 0x80001ee0 (0x00bca733) slt     a4, s9, a1
core   0: 3 0x80001ee0 (0x00bca733) x14 0x00000000
core   0: 0x80001ee4 (0x004fe833) or      a6, t6, tp
core   0: 3 0x80001ee4 (0x004fe833) x16 0xfdfee47a
core   0: 0x80001ee8 (0x8f0f7417) auipc   s0, 0x8f0f7
core   0: 3 0x80001ee8 (0x8f0f7417) x 8 0x0f0f8ee8
core   0: 0x80001eec (0x007d25b3) slt     a1, s10, t2
core   0: 3 0x80001eec (0x007d25b3) x11 0x00000000
core   0: 0x80001ef0 (0x0162dc33) srl     s8, t0, s6
core   0: 3 0x80001ef0 (0x0162dc33) x24 0x00000000
core   0: 0x80001ef4 (0x41338133) sub     sp, t2, s3
core   0: 3 0x80001ef4 (0x41338133) x 2 0xfffef19b
core   0: 0x80001ef8 (0x003696b3) sll     a3, a3, gp
core   0: 3 0x80001ef8 (0x003696b3) x13 0x00000000
core   0: 0x80001efc (0x10403413) sltiu   s0, zero, 260
core   0: 3 0x80001efc (0x10403413) x 8 0x00000001
core   0: 0x80001f00 (0xe67de113) ori     sp, s11, -409
core   0: 3 0x80001f00 (0xe67de113) x 2 0xfffffe67
core   0: 0x80001f04 (0x416f84b3) sub     s1, t6, s6
core   0: 3 0x80001f04 (0x416f84b3) x 9 0x586781f4
core   0: 0x80001f08 (0x0052d5b3) srl     a1, t0, t0
core   0: 3 0x80001f08 (0x0052d5b3) x11 0x0000004a
core   0: 0x80001f0c (0x01f76b33) or      s6, a4, t6
core   0: 3 0x80001f0c (0x01f76b33) x22 0xe8000000
core   0: 0x80001f10 (0x016fbc33) sltu    s8, t6, s6
core   0: 3 0x80001f10 (0x016fbc33) x24 0x00000000
core   0: 0x80001f14 (0x00191793) slli    a5, s2, 1
core   0: 3 0x80001f14 (0x00191793) x15 0x00000000
core   0: 0x80001f18 (0x40ad5ab3) sra     s5, s10, a0
core   0: 3 0x80001f18 (0x40ad5ab3) x21 0xf81e38a7
core   0: 0x80001f1c (0x00e54433) xor     s0, a0, a4
core   0: 3 0x80001f1c (0x00e54433) x 8 0x80010e64
core   0: 0x80001f20 (0xadd5ce17) auipc   t3, 0xadd5c
core   0: 3 0x80001f20 (0xadd5ce17) x28 0x2dd5df20
core   0: 0x80001f24 (0x5d6daa93) slti    s5, s11, 1494
core   0: 3 0x80001f24 (0x5d6daa93) x21 0x00000001
core   0: 0x80001f28 (0x40488ab3) sub     s5, a7, tp
core   0: 3 0x80001f28 (0x40488ab3) x21 0xc2011b86
core   0: 0x80001f2c (0x0098a2b3) slt     t0, a7, s1
core   0: 3 0x80001f2c (0x0098a2b3) x 5 0x00000001
core   0: 0x80001f30 (0x412e09b3) sub     s3, t3, s2
core   0: 3 0x80001f30 (0x412e09b3) x19 0x2dd5df20
core   0: 0x80001f34 (0x418a0433) sub     s0, s4, s8
core   0: 3 0x80001f34 (0x418a0433) x 8 0xfc7011ce
core   0: 0x80001f38 (0x00c279b3) and     s3, tp, a2
core   0: 3 0x80001f38 (0x00c279b3) x19 0x00000000
core   0: 0x80001f3c (0x018a7e33) and     t3, s4, s8
core   0: 3 0x80001f3c (0x018a7e33) x28 0x00000000
core   0: 0x80001f40 (0xbffcc113) xori    sp, s9, -1025
core   0: 3 0x80001f40 (0xbffcc113) x 2 0x81e38bff
core   0: 0x80001f44 (0x0068dd33) srl     s10, a7, t1
core   0: 3 0x80001f44 (0x0068dd33) x26 0x00000000
core   0: 0x80001f48 (0xad5f3b13) sltiu   s6, t5, -1323
core   0: 3 0x80001f48 (0xad5f3b13) x22 0x00000001
core   0: 0x80001f4c (0x00eb9493) slli    s1, s7, 14
core   0: 3 0x80001f4c (0x00eb9493) x 9 0x00004000
core   0: 0x80001f50 (0x6153b793) sltiu   a5, t2, 1557
core   0: 3 0x80001f50 (0x6153b793) x15 0x00000000
core   0: 0x80001f54 (0xc470aa93) slti    s5, ra, -953
core   0: 3 0x80001f54 (0xc470aa93) x21 0x00000000
core   0: 0x80001f58 (0x01695d13) srli    s10, s2, 22
core   0: 3 0x80001f58 (0x01695d13) x26 0x00000000
core   0: 0x80001f5c (0x006ecf33) xor     t5, t4, t1
core   0: 3 0x80001f5c (0x006ecf33) x30 0x80014ce4
core   0: 0x80001f60 (0x40bdd713) srai    a4, s11, 11
core   0: 3 0x80001f60 (0x40bdd713) x14 0xffffffff
core   0: 0x80001f64 (0x40aadfb3) sra     t6, s5, a0
core   0: 3 0x80001f64 (0x40aadfb3) x31 0x00000000
core   0: 0x80001f68 (0x41228833) sub     a6, t0, s2
core   0: 3 0x80001f68 (0x41228833) x16 0x00000001
core   0: 0x80001f6c (0xe0ac2b37) lui     s6, 0xe0ac2
core   0: 3 0x80001f6c (0xe0ac2b37) x22 0xe0ac2000
core   0: 0x80001f70 (0x01d7f433) and     s0, a5, t4
core   0: 3 0x80001f70 (0x01d7f433) x 8 0x00000000
core   0: 0x80001f74 (0x41965e93) srai    t4, a2, 25
core   0: 3 0x80001f74 (0x41965e93) x29 0x00000000
core   0: 0x80001f78 (0x7e280413) addi    s0, a6, 2018
core   0: 3 0x80001f78 (0x7e280413) x 8 0x000007e3
core   0: 0x80001f7c (0x00e82633) slt     a2, a6, a4
core   0: 3 0x80001f7c (0x00e82633) x12 0x00000000
core   0: 0x80001f80 (0x00a15b33) srl     s6, sp, a0
core   0: 3 0x80001f80 (0x00a15b33) x22 0x081e38bf
core   0: 0x80001f84 (0x40dbd233) sra     tp, s7, a3
core   0: 3 0x80001f84 (0x40dbd233) x 4 0x00000001
core   0: 0x80001f88 (0xf390e713) ori     a4, ra, -199
core   0: 3 0x80001f88 (0xf390e713) x14 0xffffffbd
core   0: 0x80001f8c (0x00d30cb3) add     s9, t1, a3
core   0: 3 0x80001f8c (0x00d30cb3) x25 0x80014ce4
core   0: 0x80001f90 (0xa3f08113) addi    sp, ra, -1473
core   0: 3 0x80001f90 (0xa3f08113) x 2 0xfffffee3
core   0: 0x80001f94 (0x9afaeb93) ori     s7, s5, -1617
core   0: 3 0x80001f94 (0x9afaeb93) x23 0xfffff9af
core   0: 0x80001f98 (0x01795733) srl     a4, s2, s7
core   0: 3 0x80001f98 (0x01795733) x14 0x00000000
core   0: 0x80001f9c (0x7e73fa13) andi    s4, t2, 2023
core   0: 3 0x80001f9c (0x7e73fa13) x20 0x00000000
core   0: 0x80001fa0 (0x01123a33) sltu    s4, tp, a7
core   0: 3 0x80001fa0 (0x01123a33) x20 0x00000000
core   0: 0x80001fa4 (0xb488e593) ori     a1, a7, -1208
core   0: 3 0x80001fa4 (0xb488e593) x11 0xfffffb48
core   0: 0x80001fa8 (0xfeb4f713) andi    a4, s1, -21
core   0: 3 0x80001fa8 (0xfeb4f713) x14 0x00004000
core   0: 0x80001fac (0x01681bb3) sll     s7, a6, s6
core   0: 3 0x80001fac (0x01681bb3) x23 0x80000000
core   0: 0x80001fb0 (0x01e0cbb3) xor     s7, ra, t5
core   0: 3 0x80001fb0 (0x01e0cbb3) x23 0x80014840
core   0: 0x80001fb4 (0x00672cb3) slt     s9, a4, t1
core   0: 3 0x80001fb4 (0x00672cb3) x25 0x00000000
core   0: 0x80001fb8 (0x416a5713) srai    a4, s4, 22
core   0: 3 0x80001fb8 (0x416a5713) x14 0x00000000
core   0: 0x80001fbc (0x01e742b3) xor     t0, a4, t5
core   0: 3 0x80001fbc (0x01e742b3) x 5 0x80014ce4
core   0: 0x80001fc0 (0x01c694b3) sll     s1, a3, t3
core   0: 3 0x80001fc0 (0x01c694b3) x 9 0x00000000
core   0: 0x80001fc4 (0x0048d7b3) srl     a5, a7, tp
core   0: 3 0x80001fc4 (0x0048d7b3) x15 0x00000000
core   0: 0x80001fc8 (0x00ef08b3) add     a7, t5, a4
core   0: 3 0x80001fc8 (0x00ef08b3) x17 0x80014ce4
core   0: 0x80001fcc (0x00fd5fb3) srl     t6, s10, a5
core   0: 3 0x80001fcc (0x00fd5fb3) x31 0x00000000
core   0: 0x80001fd0 (0x01792033) slt     zero, s2, s7
core   0: 3 0x80001fd0 (0x01792033)
core   0: 0x80001fd4 (0x01d60eb3) add     t4, a2, t4
core   0: 3 0x80001fd4 (0x01d60eb3) x29 0x00000000
core   0: 0x80001fd8 (0xae20f937) lui     s2, 0xae20f
core   0: 3 0x80001fd8 (0xae20f937) x18 0xae20f000
core   0: 0x80001fdc (0x00fee933) or      s2, t4, a5
core   0: 3 0x80001fdc (0x00fee933) x18 0x00000000
core   0: 0x80001fe0 (0xe1fa6813) ori     a6, s4, -481
core   0: 3 0x80001fe0 (0xe1fa6813) x16 0xfffffe1f
core   0: 0x80001fe4 (0x011d4ab3) xor     s5, s10, a7
core   0: 3 0x80001fe4 (0x011d4ab3) x21 0x80014ce4
core   0: 0x80001fe8 (0x40fe8033) sub     zero, t4, a5
core   0: 3 0x80001fe8 (0x40fe8033)
core   0: 0x80001fec (0x73406713) ori     a4, zero, 1844
core   0: 3 0x80001fec (0x73406713) x14 0x00000734
core   0: 0x80001ff0 (0x4054d133) sra     sp, s1, t0
core   0: 3 0x80001ff0 (0x4054d133) x 2 0x00000000
core   0: 0x80001ff4 (0x03e92113) slti    sp, s2, 62
core   0: 3 0x80001ff4 (0x03e92113) x 2 0x00000001
core   0: 0x80001ff8 (0x01ec65b3) or      a1, s8, t5
core   0: 3 0x80001ff8 (0x01ec65b3) x11 0x80014ce4
core   0: 0x80001ffc (0x6bf42917) auipc   s2, 0x6bf42
core   0: 3 0x80001ffc (0x6bf42917) x18 0xebf43ffc
core   0: 0x80002000 (0x00000013) nop
core   0: 3 0x80002000 (0x00000013)
core   0: 0x80002004 (0x00e42933) slt     s2, s0, a4
core   0: 3 0x80002004 (0x00e42933) x18 0x00000000
core   0: 0x80002008 (0x0068f5b3) and     a1, a7, t1
core   0: 3 0x80002008 (0x0068f5b3) x11 0x80014ce4
core   0: 0x8000200c (0xefb04d93) xori    s11, zero, -261
core   0: 3 0x8000200c (0xefb04d93) x27 0xfffffefb
core   0: 0x80002010 (0xd9e00b97) auipc   s7, 0xd9e00
core   0: 3 0x80002010 (0xd9e00b97) x23 0x59e02010
core   0: 0x80002014 (0xf0d34d13) xori    s10, t1, -243
core   0: 3 0x80002014 (0xf0d34d13) x26 0x7ffeb3e9
core   0: 0x80002018 (0xddec1697) auipc   a3, 0xddec1
core   0: 3 0x80002018 (0xddec1697) x13 0x5dec3018
core   0: 0x8000201c (0x01b515b3) sll     a1, a0, s11
core   0: 3 0x8000201c (0x01b515b3) x11 0x20000000
core   0: 0x80002020 (0x24ca4613) xori    a2, s4, 588
core   0: 3 0x80002020 (0x24ca4613) x12 0x0000024c
core   0: 0x80002024 (0x4db3bc13) sltiu   s8, t2, 1243
core   0: 3 0x80002024 (0x4db3bc13) x24 0x00000000
core   0: 0x80002028 (0xbac58113) addi    sp, a1, -1108
core   0: 3 0x80002028 (0xbac58113) x 2 0x1ffffbac
core   0: 0x8000202c (0x00176b33) or      s6, a4, ra
core   0: 3 0x8000202c (0x00176b33) x22 0x000007b4
core   0: 0x80002030 (0x0002e733) or      a4, t0, zero
core   0: 3 0x80002030 (0x0002e733) x14 0x80014ce4
core   0: 0x80002034 (0x008680b3) add     ra, a3, s0
core   0: 3 0x80002034 (0x008680b3) x 1 0x5dec37fb
core   0: 0x80002038 (0x00e0d233) srl     tp, ra, a4
core   0: 3 0x80002038 (0x00e0d233) x 4 0x05dec37f
core   0: 0x8000203c (0x7012ef13) ori     t5, t0, 1793
core   0: 3 0x8000203c (0x7012ef13) x30 0x80014fe5
core   0: 0x80002040 (0x0104dc13) srli    s8, s1, 16
core   0: 3 0x80002040 (0x0104dc13) x24 0x00000000
core   0: 0x80002044 (0x01d29b93) slli    s7, t0, 29
core   0: 3 0x80002044 (0x01d29b93) x23 0x80000000
core   0: 0x80002048 (0x2f890293) addi    t0, s2, 760
core   0: 3 0x80002048 (0x2f890293) x 5 0x000002f8
core   0: 0x8000204c (0xa3f7f613) andi    a2, a5, -1473
core   0: 3 0x8000204c (0xa3f7f613) x12 0x00000000
core   0: 0x80002050 (0x655d2b93) slti    s7, s10, 1621
core   0: 3 0x80002050 (0x655d2b93) x23 0x00000000
core   0: 0x80002054 (0x53997213) andi    tp, s2, 1337
core   0: 3 0x80002054 (0x53997213) x 4 0x00000000
core   0: 0x80002058 (0x011cd4b3) srl     s1, s9, a7
core   0: 3 0x80002058 (0x011cd4b3) x 9 0x00000000
core   0: 0x8000205c (0x014e5913) srli    s2, t3, 20
core   0: 3 0x8000205c (0x014e5913) x18 0x00000000
core   0: 0x80002060 (0x018140b3) xor     ra, sp, s8
core   0: 3 0x80002060 (0x018140b3) x 1 0x1ffffbac
core   0: 0x80002064 (0x170578b7) lui     a7, 0x17057
core   0: 3 0x80002064 (0x170578b7) x17 0x17057000
core   0: 0x80002068 (0x019c17b3) sll     a5, s8, s9
core   0: 3 0x80002068 (0x019c17b3) x15 0x00000000
core   0: 0x8000206c (0x30e757b7) lui     a5, 0x30e75
core   0: 3 0x8000206c (0x30e757b7) x15 0x30e75000
core   0: 0x80002070 (0x01d91b33) sll     s6, s2, t4
core   0: 3 0x80002070 (0x01d91b33) x22 0x00000000
core   0: 0x80002074 (0x40888133) sub     sp, a7, s0
core   0: 3 0x80002074 (0x40888133) x 2 0x1705681d
core   0: 0x80002078 (0x01fabfb3) sltu    t6, s5, t6
core   0: 3 0x80002078 (0x01fabfb3) x31 0x00000000
core   0: 0x8000207c (0x00e40433) add     s0, s0, a4
core   0: 3 0x8000207c (0x00e40433) x 8 0x800154c7
core   0: 0x80002080 (0x00205493) srli    s1, zero, 2
core   0: 3 0x80002080 (0x00205493) x 9 0x00000000
core   0: 0x80002084 (0x01da98b3) sll     a7, s5, t4
core   0: 3 0x80002084 (0x01da98b3) x17 0x80014ce4
core   0: 0x80002088 (0xb5654093) xori    ra, a0, -1194
core   0: 3 0x80002088 (0xb5654093) x 1 0x7ffef532
core   0: 0x8000208c (0x006418b3) sll     a7, s0, t1
core   0: 3 0x8000208c (0x006418b3) x17 0x00154c70
core   0: 0x80002090 (0x00f695b3) sll     a1, a3, a5
core   0: 3 0x80002090 (0x00f695b3) x11 0x5dec3018
core   0: 0x80002094 (0x00391f93) slli    t6, s2, 3
core   0: 3 0x80002094 (0x00391f93) x31 0x00000000
core   0: 0x80002098 (0xae0f8f93) addi    t6, t6, -1312
core   0: 3 0x80002098 (0xae0f8f93) x31 0xfffffae0
core   0: 0x8000209c (0x415c5133) sra     sp, s8, s5
core   0: 3 0x8000209c (0x415c5133) x 2 0x00000000
core   0: 0x800020a0 (0x00e2f8b3) and     a7, t0, a4
core   0: 3 0x800020a0 (0x00e2f8b3) x17 0x000000e0
core   0: 0x800020a4 (0x938b8c13) addi    s8, s7, -1736
core   0: 3 0x800020a4 (0x938b8c13) x24 0xfffff938
core   0: 0x800020a8 (0x67e66b93) ori     s7, a2, 1662
core   0: 3 0x800020a8 (0x67e66b93) x23 0x0000067e
core   0: 0x800020ac (0x5ff37a93) andi    s5, t1, 1535
core   0: 3 0x800020ac (0x5ff37a93) x21 0x000004e4
core   0: 0x800020b0 (0x00e8f233) and     tp, a7, a4
core   0: 3 0x800020b0 (0x00e8f233) x 4 0x000000e0
core   0: 0x800020b4 (0x01e832b3) sltu    t0, a6, t5
core   0: 3 0x800020b4 (0x01e832b3) x 5 0x00000000
core   0: 0x800020b8 (0x0147b133) sltu    sp, a5, s4
core   0: 3 0x800020b8 (0x0147b133) x 2 0x00000000
core   0: 0x800020bc (0x0067b233) sltu    tp, a5, t1
core   0: 3 0x800020bc (0x0067b233) x 4 0x00000001
core   0: 0x800020c0 (0x409e0c33) sub     s8, t3, s1
core   0: 3 0x800020c0 (0x409e0c33) x24 0x00000000
core   0: 0x800020c4 (0x00ae1033) sll     zero, t3, a0
core   0: 3 0x800020c4 (0x00ae1033)
core   0: 0x800020c8 (0x0052bab3) sltu    s5, t0, t0
core   0: 3 0x800020c8 (0x0052bab3) x21 0x00000000
core   0: 0x800020cc (0x402f54b3) sra     s1, t5, sp
core   0: 3 0x800020cc (0x402f54b3) x 9 0x80014fe5
core   0: 0x800020d0 (0x4a04c093) xori    ra, s1, 1184
core   0: 3 0x800020d0 (0x4a04c093) x 1 0x80014b45
core   0: 0x800020d4 (0x41925a13) srai    s4, tp, 25
core   0: 3 0x800020d4 (0x41925a13) x20 0x00000000
core   0: 0x800020d8 (0x0189d733) srl     a4, s3, s8
core   0: 3 0x800020d8 (0x0189d733) x14 0x00000000
core   0: 0x800020dc (0x40615113) srai    sp, sp, 6
core   0: 3 0x800020dc (0x40615113) x 2 0x00000000
core   0: 0x800020e0 (0x01ea27b3) slt     a5, s4, t5
core   0: 3 0x800020e0 (0x01ea27b3) x15 0x00000000
core   0: 0x800020e4 (0x41cc3e93) sltiu   t4, s8, 1052
core   0: 3 0x800020e4 (0x41cc3e93) x29 0x00000001
core   0: 0x800020e8 (0x4044d013) srai    zero, s1, 4
core   0: 3 0x800020e8 (0x4044d013)
core   0: 0x800020ec (0x00000013) nop
core   0: 3 0x800020ec (0x00000013)
core   0: 0x800020f0 (0x186d6913) ori     s2, s10, 390
core   0: 3 0x800020f0 (0x186d6913) x18 0x7ffeb3ef
core   0: 0x800020f4 (0x00000713) li      a4, 0
core   0: 3 0x800020f4 (0x00000713) x14 0x00000000
core   0: 0x800020f8 (0xf17ae1b7) lui     gp, 0xf17ae
core   0: 3 0x800020f8 (0xf17ae1b7) x 3 0xf17ae000
core   0: 0x800020fc (0x97018193) addi    gp, gp, -1680
core   0: 3 0x800020fc (0x97018193) x 3 0xf17ad970
core   0: 0x80002100 (0x80000bb7) lui     s7, 0x80000
core   0: 3 0x80002100 (0x80000bb7) x23 0x80000000
core   0: 0x80002104 (0x00000613) li      a2, 0
core   0: 3 0x80002104 (0x00000613) x12 0x00000000
core   0: 0x80002108 (0x00000293) li      t0, 0
core   0: 3 0x80002108 (0x00000293) x 5 0x00000000
core   0: 0x8000210c (0xfff00a93) li      s5, -1
core   0: 3 0x8000210c (0xfff00a93) x21 0xffffffff
core   0: 0x80002110 (0x00000493) li      s1, 0
core   0: 3 0x80002110 (0x00000493) x 9 0x00000000
core   0: 0x80002114 (0x80000fb7) lui     t6, 0x80000
core   0: 3 0x80002114 (0x80000fb7) x31 0x80000000
core   0: 0x80002118 (0x00000c13) li      s8, 0
core   0: 3 0x80002118 (0x00000c13) x24 0x00000000
core   0: 0x8000211c (0x80000237) lui     tp, 0x80000
core   0: 3 0x8000211c (0x80000237) x 4 0x80000000
core   0: 0x80002120 (0xd17c7c37) lui     s8, 0xd17c7
core   0: 3 0x80002120 (0xd17c7c37) x24 0xd17c7000
core   0: 0x80002124 (0x41f48633) sub     a2, s1, t6
core   0: 3 0x80002124 (0x41f48633) x12 0x80000000
core   0: 0x80002128 (0x01518733) add     a4, gp, s5
core   0: 3 0x80002128 (0x01518733) x14 0xf17ad96f
core   0: 0x8000212c (0x41828ab3) sub     s5, t0, s8
core   0: 3 0x8000212c (0x41828ab3) x21 0x2e839000
core   0: 0x80002130 (0x003601b3) add     gp, a2, gp
core   0: 3 0x80002130 (0x003601b3) x 3 0x717ad970
core   0: 0x80002134 (0xb3a0e197) auipc   gp, 0xb3a0e
core   0: 3 0x80002134 (0xb3a0e197) x 3 0x33a10134
core   0: 0x80002138 (0xea9a2737) lui     a4, 0xea9a2
core   0: 3 0x80002138 (0xea9a2737) x14 0xea9a2000
core   0: 0x8000213c (0x41fc0fb3) sub     t6, s8, t6
core   0: 3 0x8000213c (0x41fc0fb3) x31 0x517c7000
core   0: 0x80002140 (0x005a8ab3) add     s5, s5, t0
core   0: 3 0x80002140 (0x005a8ab3) x21 0x2e839000
core   0: 0x80002144 (0x092671b7) lui     gp, 0x9267
core   0: 3 0x80002144 (0x092671b7) x 3 0x09267000
core   0: 0x80002148 (0x9ce32a97) auipc   s5, 0x9ce32
core   0: 3 0x80002148 (0x9ce32a97) x21 0x1ce34148
core   0: 0x8000214c (0xbbb60a93) addi    s5, a2, -1093
core   0: 3 0x8000214c (0xbbb60a93) x21 0x7ffffbbb
core   0: 0x80002150 (0x00000013) nop
core   0: 3 0x80002150 (0x00000013)
core   0: 0x80002154 (0x415284b3) sub     s1, t0, s5
core   0: 3 0x80002154 (0x415284b3) x 9 0x80000445
core   0: 0x80002158 (0x00000013) nop
core   0: 3 0x80002158 (0x00000013)
core   0: 0x8000215c (0x409f84b3) sub     s1, t6, s1
core   0: 3 0x8000215c (0x409f84b3) x 9 0xd17c6bbb
core   0: 0x80002160 (0x00000013) nop
core   0: 3 0x80002160 (0x00000013)
core   0: 0x80002164 (0xeced5bb7) lui     s7, 0xeced5
core   0: 3 0x80002164 (0xeced5bb7) x23 0xeced5000
core   0: 0x80002168 (0x00000013) nop
core   0: 3 0x80002168 (0x00000013)
core   0: 0x8000216c (0x00000013) nop
core   0: 3 0x8000216c (0x00000013)
core   0: 0x80002170 (0x71c18c13) addi    s8, gp, 1820
core   0: 3 0x80002170 (0x71c18c13) x24 0x0926771c
core   0: 0x80002174 (0x6c372bb7) lui     s7, 0x6c372
core   0: 3 0x80002174 (0x6c372bb7) x23 0x6c372000
core   0: 0x80002178 (0x58216217) auipc   tp, 0x58216
core   0: 3 0x80002178 (0x58216217) x 4 0xd8218178
core   0: 0x8000217c (0x00000013) nop
core   0: 3 0x8000217c (0x00000013)
core   0: 0x80002180 (0x0c05f237) lui     tp, 0xc05f
core   0: 3 0x80002180 (0x0c05f237) x 4 0x0c05f000
core   0: 0x80002184 (0x01528233) add     tp, t0, s5
core   0: 3 0x80002184 (0x01528233) x 4 0x7ffffbbb
core   0: 0x80002188 (0xa8e5eb97) auipc   s7, 0xa8e5e
core   0: 3 0x80002188 (0xa8e5eb97) x23 0x28e60188
core   0: 0x8000218c (0xa9467217) auipc   tp, 0xa9467
core   0: 3 0x8000218c (0xa9467217) x 4 0x2946918c
core   0: 0x80002190 (0x24220493) addi    s1, tp, 578
core   0: 3 0x80002190 (0x24220493) x 9 0x294693ce
core   0: 0x80002194 (0xd4a052b7) lui     t0, 0xd4a05
core   0: 3 0x80002194 (0xd4a052b7) x 5 0xd4a05000
core   0: 0x80002198 (0x0162e033) or      zero, t0, s6
core   0: 3 0x80002198 (0x0162e033)
core   0: 0x8000219c (0x841a2213) slti    tp, s4, -1983
core   0: 3 0x8000219c (0x841a2213) x 4 0x00000000
core   0: 0x800021a0 (0xa4e51097) auipc   ra, 0xa4e51
core   0: 3 0x800021a0 (0xa4e51097) x 1 0x24e531a0
core   0: 0x800021a4 (0x01d92c33) slt     s8, s2, t4
core   0: 3 0x800021a4 (0x01d92c33) x24 0x00000000
core   0: 0x800021a8 (0x018a45b3) xor     a1, s4, s8
core   0: 3 0x800021a8 (0x018a45b3) x11 0x00000000
core   0: 0x800021ac (0x41705813) srai    a6, zero, 23
core   0: 3 0x800021ac (0x41705813) x16 0x00000000
core   0: 0x800021b0 (0x68d78a97) auipc   s5, 0x68d78
core   0: 3 0x800021b0 (0x68d78a97) x21 0xe8d7a1b0
core   0: 0x800021b4 (0x011bbab3) sltu    s5, s7, a7
core   0: 3 0x800021b4 (0x011bbab3) x21 0x00000000
core   0: 0x800021b8 (0x00000013) nop
core   0: 3 0x800021b8 (0x00000013)
core   0: 0x800021bc (0x9c85ff93) andi    t6, a1, -1592
core   0: 3 0x800021bc (0x9c85ff93) x31 0x00000000
core   0: 0x800021c0 (0x411f8c13) addi    s8, t6, 1041
core   0: 3 0x800021c0 (0x411f8c13) x24 0x00000411
core   0: 0x800021c4 (0x41ba8a33) sub     s4, s5, s11
core   0: 3 0x800021c4 (0x41ba8a33) x20 0x00000105
core   0: 0x800021c8 (0x41440633) sub     a2, s0, s4
core   0: 3 0x800021c8 (0x41440633) x12 0x800153c2
core   0: 0x800021cc (0x4038d013) srai    zero, a7, 3
core   0: 3 0x800021cc (0x4038d013)
core   0: 0x800021d0 (0x009a6133) or      sp, s4, s1
core   0: 3 0x800021d0 (0x009a6133) x 2 0x294693cf
core   0: 0x800021d4 (0x4086d2b3) sra     t0, a3, s0
core   0: 3 0x800021d4 (0x4086d2b3) x 5 0x00bbd860
core   0: 0x800021d8 (0x00000013) nop
core   0: 3 0x800021d8 (0x00000013)
core   0: 0x800021dc (0x00000013) nop
core   0: 3 0x800021dc (0x00000013)
core   0: 0x800021e0 (0x366df437) lui     s0, 0x366df
core   0: 3 0x800021e0 (0x366df437) x 8 0x366df000
core   0: 0x800021e4 (0x00c52e33) slt     t3, a0, a2
core   0: 3 0x800021e4 (0x00c52e33) x28 0x00000001
core   0: 0x800021e8 (0x40d65233) sra     tp, a2, a3
core   0: 3 0x800021e8 (0x40d65233) x 4 0xffffff80
core   0: 0x800021ec (0x002ee4b3) or      s1, t4, sp
core   0: 3 0x800021ec (0x002ee4b3) x 9 0x294693cf
core   0: 0x800021f0 (0x00d32d33) slt     s10, t1, a3
core   0: 3 0x800021f0 (0x00d32d33) x26 0x00000001
core   0: 0x800021f4 (0x00689b93) slli    s7, a7, 6
core   0: 3 0x800021f4 (0x00689b93) x23 0x00003800
core   0: 0x800021f8 (0x012dc033) xor     zero, s11, s2
core   0: 3 0x800021f8 (0x012dc033)
core   0: 0x800021fc (0x010eb7b3) sltu    a5, t4, a6
core   0: 3 0x800021fc (0x010eb7b3) x15 0x00000000
core   0: 0x80002200 (0x01d7b0b3) sltu    ra, a5, t4
core   0: 3 0x80002200 (0x01d7b0b3) x 1 0x00000001
core   0: 0x80002204 (0x019b1613) slli    a2, s6, 25
core   0: 3 0x80002204 (0x019b1613) x12 0x00000000
core   0: 0x80002208 (0x767f2613) slti    a2, t5, 1895
core   0: 3 0x80002208 (0x767f2613) x12 0x00000001
core   0: 0x8000220c (0x00e964b3) or      s1, s2, a4
core   0: 3 0x8000220c (0x00e964b3) x 9 0xfffeb3ef
core   0: 0x80002210 (0x012f1d33) sll     s10, t5, s2
core   0: 3 0x80002210 (0x012f1d33) x26 0xa7f28000
core   0: 0x80002214 (0x000dd893) srli    a7, s11, 0
core   0: 3 0x80002214 (0x000dd893) x17 0xfffffefb
core   0: 0x80002218 (0x35663937) lui     s2, 0x35663
core   0: 3 0x80002218 (0x35663937) x18 0x35663000
core   0: 0x8000221c (0x01b89913) slli    s2, a7, 27
core   0: 3 0x8000221c (0x01b89913) x18 0xd8000000
core   0: 0x80002220 (0xf7c69e37) lui     t3, 0xf7c69
core   0: 3 0x80002220 (0xf7c69e37) x28 0xf7c69000
core   0: 0x80002224 (0x2929bd93) sltiu   s11, s3, 658
core   0: 3 0x80002224 (0x2929bd93) x27 0x00000001
core   0: 0x80002228 (0x00000013) nop
core   0: 3 0x80002228 (0x00000013)
core   0: 0x8000222c (0x01c2fab3) and     s5, t0, t3
core   0: 3 0x8000222c (0x01c2fab3) x21 0x00829000
core   0: 0x80002230 (0x00e38133) add     sp, t2, a4
core   0: 3 0x80002230 (0x00e38133) x 2 0x6a9a2000
core   0: 0x80002234 (0x00031893) slli    a7, t1, 0
core   0: 3 0x80002234 (0x00031893) x17 0x80014ce4
core   0: 0x80002238 (0x01f5abb3) slt     s7, a1, t6
core   0: 3 0x80002238 (0x01f5abb3) x23 0x00000000
core   0: 0x8000223c (0x005d1213) slli    tp, s10, 5
core   0: 3 0x8000223c (0x005d1213) x 4 0xfe500000
core   0: 0x80002240 (0x2efe7013) andi    zero, t3, 751
core   0: 3 0x80002240 (0x2efe7013)
core   0: 0x80002244 (0x10206193) ori     gp, zero, 258
core   0: 3 0x80002244 (0x10206193) x 3 0x00000102
core   0: 0x80002248 (0x01751ab3) sll     s5, a0, s7
core   0: 3 0x80002248 (0x01751ab3) x21 0x80010e64
core   0: 0x8000224c (0x01c60233) add     tp, a2, t3
core   0: 3 0x8000224c (0x01c60233) x 4 0xf7c69001
core   0: 0x80002250 (0x40c88433) sub     s0, a7, a2
core   0: 3 0x80002250 (0x40c88433) x 8 0x80014ce3
core   0: 0x80002254 (0x4118dc93) srai    s9, a7, 17
core   0: 3 0x80002254 (0x4118dc93) x25 0xffffc000
core   0: 0x80002258 (0x01ebf2b3) and     t0, s7, t5
core   0: 3 0x80002258 (0x01ebf2b3) x 5 0x00000000
core   0: 0x8000225c (0x00f47833) and     a6, s0, a5
core   0: 3 0x8000225c (0x00f47833) x16 0x00000000
core   0: 0x80002260 (0x01539293) slli    t0, t2, 21
core   0: 3 0x80002260 (0x01539293) x 5 0x00000000
core   0: 0x80002264 (0x0061afb3) slt     t6, gp, t1
core   0: 3 0x80002264 (0x0061afb3) x31 0x00000000
core   0: 0x80002268 (0xcea53213) sltiu   tp, a0, -790
core   0: 3 0x80002268 (0xcea53213) x 4 0x00000001
core   0: 0x8000226c (0x00000013) nop
core   0: 3 0x8000226c (0x00000013)
core   0: 0x80002270 (0x01561613) slli    a2, a2, 21
core   0: 3 0x80002270 (0x01561613) x12 0x00200000
core   0: 0x80002274 (0x40d5d993) srai    s3, a1, 13
core   0: 3 0x80002274 (0x40d5d993) x19 0x00000000
core   0: 0x80002278 (0x0017fcb3) and     s9, a5, ra
core   0: 3 0x80002278 (0x0017fcb3) x25 0x00000000
core   0: 0x8000227c (0x007cb5b3) sltu    a1, s9, t2
core   0: 3 0x8000227c (0x007cb5b3) x11 0x00000001
core   0: 0x80002280 (0x4077d813) srai    a6, a5, 7
core   0: 3 0x80002280 (0x4077d813) x16 0x00000000
core   0: 0x80002284 (0x01c668b3) or      a7, a2, t3
core   0: 3 0x80002284 (0x01c668b3) x17 0xf7e69000
core   0: 0x80002288 (0x0e4639b7) lui     s3, 0xe463
core   0: 3 0x80002288 (0x0e4639b7) x19 0x0e463000
core   0: 0x8000228c (0x41ee2cb7) lui     s9, 0x41ee2
core   0: 3 0x8000228c (0x41ee2cb7) x25 0x41ee2000
core   0: 0x80002290 (0xa93c3d13) sltiu   s10, s8, -1389
core   0: 3 0x80002290 (0xa93c3d13) x26 0x00000001
core   0: 0x80002294 (0x50427997) auipc   s3, 0x50427
core   0: 3 0x80002294 (0x50427997) x19 0xd0429294
core   0: 0x80002298 (0xc111c793) xori    a5, gp, -1007
core   0: 3 0x80002298 (0xc111c793) x15 0xfffffd13
core   0: 0x8000229c (0xa5038593) addi    a1, t2, -1456
core   0: 3 0x8000229c (0xa5038593) x11 0x7ffffa50
core   0: 0x800022a0 (0x007f8cb3) add     s9, t6, t2
core   0: 3 0x800022a0 (0x007f8cb3) x25 0x80000000
core   0: 0x800022a4 (0x9d250093) addi    ra, a0, -1582
core   0: 3 0x800022a4 (0x9d250093) x 1 0x80010836
core   0: 0x800022a8 (0x183ce293) ori     t0, s9, 387
core   0: 3 0x800022a8 (0x183ce293) x 5 0x80000183
core   0: 0x800022ac (0x28281117) auipc   sp, 0x28281
core   0: 3 0x800022ac (0x28281117) x 2 0xa82832ac
core   0: 0x800022b0 (0x00c5dab3) srl     s5, a1, a2
core   0: 3 0x800022b0 (0x00c5dab3) x21 0x7ffffa50
core   0: 0x800022b4 (0x1054a1b7) lui     gp, 0x1054a
core   0: 3 0x800022b4 (0x1054a1b7) x 3 0x1054a000
core   0: 0x800022b8 (0x019a8bb3) add     s7, s5, s9
core   0: 3 0x800022b8 (0x019a8bb3) x23 0xfffffa50
core   0: 0x800022bc (0x8d343713) sltiu   a4, s0, -1837
core   0: 3 0x800022bc (0x8d343713) x14 0x00000001
core   0: 0x800022c0 (0x40bd8db3) sub     s11, s11, a1
core   0: 3 0x800022c0 (0x40bd8db3) x27 0x800005b1
core   0: 0x800022c4 (0x00108433) add     s0, ra, ra
core   0: 3 0x800022c4 (0x00108433) x 8 0x0002106c
core   0: 0x800022c8 (0x013fde93) srli    t4, t6, 19
core   0: 3 0x800022c8 (0x013fde93) x29 0x00000000
core   0: 0x800022cc (0x01b12433) slt     s0, sp, s11
core   0: 3 0x800022cc (0x01b12433) x 8 0x00000000
core   0: 0x800022d0 (0x41f7dc13) srai    s8, a5, 31
core   0: 3 0x800022d0 (0x41f7dc13) x24 0xffffffff
core   0: 0x800022d4 (0xd2f9f113) andi    sp, s3, -721
core   0: 3 0x800022d4 (0xd2f9f113) x 2 0xd0429004
core   0: 0x800022d8 (0x00408bb3) add     s7, ra, tp
core   0: 3 0x800022d8 (0x00408bb3) x23 0x80010837
core   0: 0x800022dc (0x01f135b3) sltu    a1, sp, t6
core   0: 3 0x800022dc (0x01f135b3) x11 0x00000000
core   0: 0x800022e0 (0x40668433) sub     s0, a3, t1
core   0: 3 0x800022e0 (0x40668433) x 8 0xddeae334
core   0: 0x800022e4 (0x009c0733) add     a4, s8, s1
core   0: 3 0x800022e4 (0x009c0733) x14 0xfffeb3ee
core   0: 0x800022e8 (0x000b9693) slli    a3, s7, 0
core   0: 3 0x800022e8 (0x000b9693) x13 0x80010837
core   0: 0x800022ec (0x0c4c8e13) addi    t3, s9, 196
core   0: 3 0x800022ec (0x0c4c8e13) x28 0x800000c4
core   0: 0x800022f0 (0x01fcb133) sltu    sp, s9, t6
core   0: 3 0x800022f0 (0x01fcb133) x 2 0x00000000
core   0: 0x800022f4 (0x1a46c813) xori    a6, a3, 420
core   0: 3 0x800022f4 (0x1a46c813) x16 0x80010993
core   0: 0x800022f8 (0x01bcb033) sltu    zero, s9, s11
core   0: 3 0x800022f8 (0x01bcb033)
core   0: 0x800022fc (0x013c1f33) sll     t5, s8, s3
core   0: 3 0x800022fc (0x013c1f33) x30 0xfff00000
core   0: 0x80002300 (0x40b88f33) sub     t5, a7, a1
core   0: 3 0x80002300 (0x40b88f33) x30 0xf7e69000
core   0: 0x80002304 (0x00505bb3) srl     s7, zero, t0
core   0: 3 0x80002304 (0x00505bb3) x23 0x00000000
core   0: 0x80002308 (0x00a2fcb3) and     s9, t0, a0
core   0: 3 0x80002308 (0x00a2fcb3) x25 0x80000000
core   0: 0x8000230c (0x015ffa33) and     s4, t6, s5
core   0: 3 0x8000230c (0x015ffa33) x20 0x00000000
core   0: 0x80002310 (0x00741293) slli    t0, s0, 7
core   0: 3 0x80002310 (0x00741293) x 5 0xf5719a00
core   0: 0x80002314 (0x41fd2213) slti    tp, s10, 1055
core   0: 3 0x80002314 (0x41fd2213) x 4 0x00000001
core   0: 0x80002318 (0x00b87eb3) and     t4, a6, a1
core   0: 3 0x80002318 (0x00b87eb3) x29 0x00000000
core   0: 0x8000231c (0x2a7f2093) slti    ra, t5, 679
core   0: 3 0x8000231c (0x2a7f2093) x 1 0x00000001
core   0: 0x80002320 (0x002620b3) slt     ra, a2, sp
core   0: 3 0x80002320 (0x002620b3) x 1 0x00000000
core   0: 0x80002324 (0xa2fdc613) xori    a2, s11, -1489
core   0: 3 0x80002324 (0xa2fdc613) x12 0x7fffff9e
core   0: 0x80002328 (0x01e85f93) srli    t6, a6, 30
core   0: 3 0x80002328 (0x01e85f93) x31 0x00000002
core   0: 0x8000232c (0x00277b33) and     s6, a4, sp
core   0: 3 0x8000232c (0x00277b33) x22 0x00000000
core   0: 0x80002330 (0x47978113) addi    sp, a5, 1145
core   0: 3 0x80002330 (0x47978113) x 2 0x0000018c
core   0: 0x80002334 (0x01a47733) and     a4, s0, s10
core   0: 3 0x80002334 (0x01a47733) x14 0x00000000
core   0: 0x80002338 (0x65da7a13) andi    s4, s4, 1629
core   0: 3 0x80002338 (0x65da7a13) x20 0x00000000
core   0: 0x8000233c (0x01281133) sll     sp, a6, s2
core   0: 3 0x8000233c (0x01281133) x 2 0x80010993
core   0: 0x80002340 (0x6f51b693) sltiu   a3, gp, 1781
core   0: 3 0x80002340 (0x6f51b693) x13 0x00000000
core   0: 0x80002344 (0xcfcb0137) lui     sp, 0xcfcb0
core   0: 3 0x80002344 (0xcfcb0137) x 2 0xcfcb0000
core   0: 0x80002348 (0x07b38713) addi    a4, t2, 123
core   0: 3 0x80002348 (0x07b38713) x14 0x8000007b
core   0: 0x8000234c (0x0199f733) and     a4, s3, s9
core   0: 3 0x8000234c (0x0199f733) x14 0x80000000
core   0: 0x80002350 (0xf423ec13) ori     s8, t2, -190
core   0: 3 0x80002350 (0xf423ec13) x24 0xffffff42
core   0: 0x80002354 (0x010ceeb3) or      t4, s9, a6
core   0: 3 0x80002354 (0x010ceeb3) x29 0x80010993
core   0: 0x80002358 (0x017c2e33) slt     t3, s8, s7
core   0: 3 0x80002358 (0x017c2e33) x28 0x00000001
core   0: 0x8000235c (0x00cc9bb3) sll     s7, s9, a2
core   0: 3 0x8000235c (0x00cc9bb3) x23 0x00000000
core   0: 0x80002360 (0x011355b3) srl     a1, t1, a7
core   0: 3 0x80002360 (0x011355b3) x11 0x80014ce4
core   0: 0x80002364 (0x0137d233) srl     tp, a5, s3
core   0: 3 0x80002364 (0x0137d233) x 4 0x00000fff
core   0: 0x80002368 (0x40b28733) sub     a4, t0, a1
core   0: 3 0x80002368 (0x40b28733) x14 0x75704d1c
core   0: 0x8000236c (0x015166b3) or      a3, sp, s5
core   0: 3 0x8000236c (0x015166b3) x13 0xfffffa50
core   0: 0x80002370 (0x00000013) nop
core   0: 3 0x80002370 (0x00000013)
core   0: 0x80002374 (0x01dbdf93) srli    t6, s7, 29
core   0: 3 0x80002374 (0x01dbdf93) x31 0x00000000
core   0: 0x80002378 (0x8951c737) lui     a4, 0x8951c
core   0: 3 0x80002378 (0x8951c737) x14 0x8951c000
core   0: 0x8000237c (0x01762433) slt     s0, a2, s7
core   0: 3 0x8000237c (0x01762433) x 8 0x00000000
core   0: 0x80002380 (0x559ec213) xori    tp, t4, 1369
core   0: 3 0x80002380 (0x559ec213) x 4 0x80010cca
core   0: 0x80002384 (0x00000013) nop
core   0: 3 0x80002384 (0x00000013)
core   0: 0x80002388 (0x0079ccb3) xor     s9, s3, t2
core   0: 3 0x80002388 (0x0079ccb3) x25 0x50429294
core   0: 0x8000238c (0x00a73833) sltu    a6, a4, a0
core   0: 3 0x8000238c (0x00a73833) x16 0x00000000
core   0: 0x80002390 (0x01184c33) xor     s8, a6, a7
core   0: 3 0x80002390 (0x01184c33) x24 0xf7e69000
core   0: 0x80002394 (0x40e1d133) sra     sp, gp, a4
core   0: 3 0x80002394 (0x40e1d133) x 2 0x1054a000
core   0: 0x80002398 (0x41dad433) sra     s0, s5, t4
core   0: 3 0x80002398 (0x41dad433) x 8 0x00000fff
core   0: 0x8000239c (0xf0c7c637) lui     a2, 0xf0c7c
core   0: 3 0x8000239c (0xf0c7c637) x12 0xf0c7c000
core   0: 0x800023a0 (0x0057b933) sltu    s2, a5, t0
core   0: 3 0x800023a0 (0x0057b933) x18 0x00000000
core   0: 0x800023a4 (0x01085f33) srl     t5, a6, a6
core   0: 3 0x800023a4 (0x01085f33) x30 0x00000000
core   0: 0x800023a8 (0x41b35193) srai    gp, t1, 27
core   0: 3 0x800023a8 (0x41b35193) x 3 0xfffffff0
core   0: 0x800023ac (0x41fc8b33) sub     s6, s9, t6
core   0: 3 0x800023ac (0x41fc8b33) x22 0x50429294
core   0: 0x800023b0 (0x01ab1d33) sll     s10, s6, s10
core   0: 3 0x800023b0 (0x01ab1d33) x26 0xa0852528
core   0: 0x800023b4 (0x00270c33) add     s8, a4, sp
core   0: 3 0x800023b4 (0x00270c33) x24 0x99a66000
core   0: 0x800023b8 (0x00000013) nop
core   0: 3 0x800023b8 (0x00000013)
core   0: 0x800023bc (0xc0948a13) addi    s4, s1, -1015
core   0: 3 0x800023bc (0xc0948a13) x20 0xfffeaff8
core   0: 0x800023c0 (0x8d5a38b7) lui     a7, 0x8d5a3
core   0: 3 0x800023c0 (0x8d5a38b7) x17 0x8d5a3000
core   0: 0x800023c4 (0xea04f093) andi    ra, s1, -352
core   0: 3 0x800023c4 (0xea04f093) x 1 0xfffeb2a0
core   0: 0x800023c8 (0x006eaab3) slt     s5, t4, t1
core   0: 3 0x800023c8 (0x006eaab3) x21 0x00000001
core   0: 0x800023cc (0x002522b3) slt     t0, a0, sp
core   0: 3 0x800023cc (0x002522b3) x 5 0x00000001
core   0: 0x800023d0 (0x015e66b3) or      a3, t3, s5
core   0: 3 0x800023d0 (0x015e66b3) x13 0x00000001
core   0: 0x800023d4 (0x00000013) nop
core   0: 3 0x800023d4 (0x00000013)
core   0: 0x800023d8 (0x3f897c93) andi    s9, s2, 1016
core   0: 3 0x800023d8 (0x3f897c93) x25 0x00000000
core   0: 0x800023dc (0x212cc693) xori    a3, s9, 530
core   0: 3 0x800023dc (0x212cc693) x13 0x00000212
core   0: 0x800023e0 (0x40b58eb3) sub     t4, a1, a1
core   0: 3 0x800023e0 (0x40b58eb3) x29 0x00000000
core   0: 0x800023e4 (0x495deb13) ori     s6, s11, 1173
core   0: 3 0x800023e4 (0x495deb13) x22 0x800005b5
core   0: 0x800023e8 (0x4a4c4137) lui     sp, 0x4a4c4
core   0: 3 0x800023e8 (0x4a4c4137) x 2 0x4a4c4000
core   0: 0x800023ec (0xd2800497) auipc   s1, 0xd2800
core   0: 3 0x800023ec (0xd2800497) x 9 0x528023ec
core   0: 0x800023f0 (0xa59cfc13) andi    s8, s9, -1447
core   0: 3 0x800023f0 (0xa59cfc13) x24 0x00000000
core   0: 0x800023f4 (0x0057d6b3) srl     a3, a5, t0
core   0: 3 0x800023f4 (0x0057d6b3) x13 0x7ffffe89
core   0: 0x800023f8 (0x40015493) srai    s1, sp, 0
core   0: 3 0x800023f8 (0x40015493) x 9 0x4a4c4000
core   0: 0x800023fc (0x157189b7) lui     s3, 0x15718
core   0: 3 0x800023fc (0x157189b7) x19 0x15718000
core   0: 0x80002400 (0xc65b9897) auipc   a7, 0xc65b9
core   0: 3 0x80002400 (0xc65b9897) x17 0x465bb400
core   0: 0x80002404 (0x406d5713) srai    a4, s10, 6
core   0: 3 0x80002404 (0x406d5713) x14 0xfe821494
core   0: 0x80002408 (0xcb17ac93) slti    s9, a5, -847
core   0: 3 0x80002408 (0xcb17ac93) x25 0x00000000
core   0: 0x8000240c (0x408a8933) sub     s2, s5, s0
core   0: 3 0x8000240c (0x408a8933) x18 0xfffff002
core   0: 0x80002410 (0x00d0eb33) or      s6, ra, a3
core   0: 3 0x80002410 (0x00d0eb33) x22 0xfffffea9
core   0: 0x80002414 (0x01e36133) or      sp, t1, t5
core   0: 3 0x80002414 (0x01e36133) x 2 0x80014ce4
core   0: 0x80002418 (0x97383a13) sltiu   s4, a6, -1677
core   0: 3 0x80002418 (0x97383a13) x20 0x00000001
core   0: 0x8000241c (0x8bfdf713) andi    a4, s11, -1857
core   0: 3 0x8000241c (0x8bfdf713) x14 0x800000b1
core   0: 0x80002420 (0x0127c2b3) xor     t0, a5, s2
core   0: 3 0x80002420 (0x0127c2b3) x 5 0x00000d11
core   0: 0x80002424 (0x50482193) slti    gp, a6, 1284
core   0: 3 0x80002424 (0x50482193) x 3 0x00000001
core   0: 0x80002428 (0x4172dc93) srai    s9, t0, 23
core   0: 3 0x80002428 (0x4172dc93) x25 0x00000000
core   0: 0x8000242c (0x012d1693) slli    a3, s10, 18
core   0: 3 0x8000242c (0x012d1693) x13 0x94a00000
core   0: 0x80002430 (0xa194ad13) slti    s10, s1, -1511
core   0: 3 0x80002430 (0xa194ad13) x26 0x00000000
core   0: 0x80002434 (0x00e6b0b3) sltu    ra, a3, a4
core   0: 3 0x80002434 (0x00e6b0b3) x 1 0x00000000
core   0: 0x80002438 (0xa27bfc97) auipc   s9, 0xa27bf
core   0: 3 0x80002438 (0xa27bfc97) x25 0x227c1438
core   0: 0x8000243c (0x8ab4cd13) xori    s10, s1, -1877
core   0: 3 0x8000243c (0x8ab4cd13) x26 0xb5b3b8ab
core   0: 0x80002440 (0x96ba6e13) ori     t3, s4, -1685
core   0: 3 0x80002440 (0x96ba6e13) x28 0xfffff96b
core   0: 0x80002444 (0xfd3160b7) lui     ra, 0xfd316
core   0: 3 0x80002444 (0xfd3160b7) x 1 0xfd316000
core   0: 0x80002448 (0x4042df93) srai    t6, t0, 4
core   0: 3 0x80002448 (0x4042df93) x31 0x000000d1
core   0: 0x8000244c (0x4118de93) srai    t4, a7, 17
core   0: 3 0x8000244c (0x4118de93) x29 0x0000232d
core   0: 0x80002450 (0x0065ae33) slt     t3, a1, t1
core   0: 3 0x80002450 (0x0065ae33) x28 0x00000000
core   0: 0x80002454 (0x6eb94293) xori    t0, s2, 1771
core   0: 3 0x80002454 (0x6eb94293) x 5 0xfffff6e9
core   0: 0x80002458 (0x01f9ea33) or      s4, s3, t6
core   0: 3 0x80002458 (0x01f9ea33) x20 0x157180d1
core   0: 0x8000245c (0x816c8013) addi    zero, s9, -2026
core   0: 3 0x8000245c (0x816c8013)
core   0: 0x80002460 (0x00c6c7b3) xor     a5, a3, a2
core   0: 3 0x80002460 (0x00c6c7b3) x15 0x6467c000
core   0: 0x80002464 (0x0073ca33) xor     s4, t2, t2
core   0: 3 0x80002464 (0x0073ca33) x20 0x00000000
core   0: 0x80002468 (0xff97f713) andi    a4, a5, -7
core   0: 3 0x80002468 (0xff97f713) x14 0x6467c000
core   0: 0x8000246c (0x014a5033) srl     zero, s4, s4
core   0: 3 0x8000246c (0x014a5033)
core   0: 0x80002470 (0xa261ed93) ori     s11, gp, -1498
core   0: 3 0x80002470 (0xa261ed93) x27 0xfffffa27
core   0: 0x80002474 (0xc1bb4993) xori    s3, s6, -997
core   0: 3 0x80002474 (0xc1bb4993) x19 0x000002b2
core   0: 0x80002478 (0x01765c33) srl     s8, a2, s7
core   0: 3 0x80002478 (0x01765c33) x24 0xf0c7c000
core   0: 0x8000247c (0xa119a913) slti    s2, s3, -1519
core   0: 3 0x8000247c (0xa119a913) x18 0x00000000
core   0: 0x80002480 (0x00675733) srl     a4, a4, t1
core   0: 3 0x80002480 (0x00675733) x14 0x06467c00
core   0: 0x80002484 (0x00000013) nop
core   0: 3 0x80002484 (0x00000013)
core   0: 0x80002488 (0x00ad45b3) xor     a1, s10, a0
core   0: 3 0x80002488 (0x00ad45b3) x11 0x35b2b6cf
core   0: 0x8000248c (0x0047cc33) xor     s8, a5, tp
core   0: 3 0x8000248c (0x0047cc33) x24 0xe466ccca
core   0: 0x80002490 (0x01e86933) or      s2, a6, t5
core   0: 3 0x80002490 (0x01e86933) x18 0x00000000
core   0: 0x80002494 (0x71983693) sltiu   a3, a6, 1817
core   0: 3 0x80002494 (0x71983693) x13 0x00000001
core   0: 0x80002498 (0xdda74f93) xori    t6, a4, -550
core   0: 3 0x80002498 (0xdda74f93) x31 0xf9b981da
core   0: 0x8000249c (0x01cf1913) slli    s2, t5, 28
core   0: 3 0x8000249c (0x01cf1913) x18 0x00000000
core   0: 0x800024a0 (0x00279cb3) sll     s9, a5, sp
core   0: 3 0x800024a0 (0x00279cb3) x25 0x467c0000
core   0: 0x800024a4 (0x00000013) nop
core   0: 3 0x800024a4 (0x00000013)
core   0: 0x800024a8 (0x00000013) nop
core   0: 3 0x800024a8 (0x00000013)
core   0: 0x800024ac (0x4007d2b3) sra     t0, a5, zero
core   0: 3 0x800024ac (0x4007d2b3) x 5 0x6467c000
core   0: 0x800024b0 (0x013b32b3) sltu    t0, s6, s3
core   0: 3 0x800024b0 (0x013b32b3) x 5 0x00000000
core   0: 0x800024b4 (0x01bcd833) srl     a6, s9, s11
core   0: 3 0x800024b4 (0x01bcd833) x16 0x008cf800
core   0: 0x800024b8 (0x007a7ab3) and     s5, s4, t2
core   0: 3 0x800024b8 (0x007a7ab3) x21 0x00000000
core   0: 0x800024bc (0x4021deb3) sra     t4, gp, sp
core   0: 3 0x800024bc (0x4021deb3) x29 0x00000000
core   0: 0x800024c0 (0x5530c917) auipc   s2, 0x5530c
core   0: 3 0x800024c0 (0x5530c917) x18 0xd530e4c0
core   0: 0x800024c4 (0x01e45893) srli    a7, s0, 30
core   0: 3 0x800024c4 (0x01e45893) x17 0x00000000
core   0: 0x800024c8 (0x007e1193) slli    gp, t3, 7
core   0: 3 0x800024c8 (0x007e1193) x 3 0x00000000
core   0: 0x800024cc (0x1fe0b813) sltiu   a6, ra, 510
core   0: 3 0x800024cc (0x1fe0b813) x16 0x00000000
core   0: 0x800024d0 (0x57640c13) addi    s8, s0, 1398
core   0: 3 0x800024d0 (0x57640c13) x24 0x00001575
core   0: 0x800024d4 (0x00143cb3) sltu    s9, s0, ra
core   0: 3 0x800024d4 (0x00143cb3) x25 0x00000001
core   0: 0x800024d8 (0xb6e27a17) auipc   s4, 0xb6e27
core   0: 3 0x800024d8 (0xb6e27a17) x20 0x36e294d8
core   0: 0x800024dc (0x0048b7b3) sltu    a5, a7, tp
core   0: 3 0x800024dc (0x0048b7b3) x15 0x00000001
core   0: 0x800024e0 (0x41f15833) sra     a6, sp, t6
core   0: 3 0x800024e0 (0x41f15833) x16 0xffffffe0
core   0: 0x800024e4 (0x0068dc33) srl     s8, a7, t1
core   0: 3 0x800024e4 (0x0068dc33) x24 0x00000000
core   0: 0x800024e8 (0x224ba013) slti    zero, s7, 548
core   0: 3 0x800024e8 (0x224ba013)
core   0: 0x800024ec (0xa5966f93) ori     t6, a2, -1447
core   0: 3 0x800024ec (0xa5966f93) x31 0xfffffa59
core   0: 0x800024f0 (0x0123e5b3) or      a1, t2, s2
core   0: 3 0x800024f0 (0x0123e5b3) x11 0xd530e4c0
core   0: 0x800024f4 (0x0d7e4413) xori    s0, t3, 215
core   0: 3 0x800024f4 (0x0d7e4413) x 8 0x000000d7
core   0: 0x800024f8 (0xa54eca13) xori    s4, t4, -1452
core   0: 3 0x800024f8 (0xa54eca13) x20 0xfffffa54
core   0: 0x800024fc (0x01ab41b3) xor     gp, s6, s10
core   0: 3 0x800024fc (0x01ab41b3) x 3 0x4a4c4602
core   0: 0x80002500 (0x40275d13) srai    s10, a4, 2
core   0: 3 0x80002500 (0x40275d13) x26 0x01919f00
core   0: 0x80002504 (0xd0510193) addi    gp, sp, -763
core   0: 3 0x80002504 (0xd0510193) x 3 0x800149e9
core   0: 0x80002508 (0xb4329297) auipc   t0, 0xb4329
core   0: 3 0x80002508 (0xb4329297) x 5 0x3432b508
core   0: 0x8000250c (0x923fa593) slti    a1, t6, -1757
core   0: 3 0x8000250c (0x923fa593) x11 0x00000000
core   0: 0x80002510 (0x004fb133) sltu    sp, t6, tp
core   0: 3 0x80002510 (0x004fb133) x 2 0x00000000
core   0: 0x80002514 (0x9208f193) andi    gp, a7, -1760
core   0: 3 0x80002514 (0x9208f193) x 3 0x00000000
core   0: 0x80002518 (0x015e9d33) sll     s10, t4, s5
core   0: 3 0x80002518 (0x015e9d33) x26 0x00000000
core   0: 0x8000251c (0xe01e8993) addi    s3, t4, -511
core   0: 3 0x8000251c (0xe01e8993) x19 0xfffffe01
core   0: 0x80002520 (0x414888b3) sub     a7, a7, s4
core   0: 3 0x80002520 (0x414888b3) x17 0x000005ac
core   0: 0x80002524 (0x00419833) sll     a6, gp, tp
core   0: 3 0x80002524 (0x00419833) x16 0x00000000
core   0: 0x80002528 (0x4b482a13) slti    s4, a6, 1204
core   0: 3 0x80002528 (0x4b482a13) x20 0x00000001
core   0: 0x8000252c (0x01188633) add     a2, a7, a7
core   0: 3 0x8000252c (0x01188633) x12 0x00000b58
core   0: 0x80002530 (0xe9b38413) addi    s0, t2, -357
core   0: 3 0x80002530 (0xe9b38413) x 8 0x7ffffe9b
core   0: 0x80002534 (0x0186f933) and     s2, a3, s8
core   0: 3 0x80002534 (0x0186f933) x18 0x00000000
core   0: 0x80002538 (0xee37a213) slti    tp, a5, -285
core   0: 3 0x80002538 (0xee37a213) x 4 0x00000000
core   0: 0x8000253c (0xa24b7193) andi    gp, s6, -1500
core   0: 3 0x8000253c (0xa24b7193) x 3 0xfffffa20
core   0: 0x80002540 (0x45938a17) auipc   s4, 0x45938
core   0: 3 0x80002540 (0x45938a17) x20 0xc593a540
core   0: 0x80002544 (0x009e1893) slli    a7, t3, 9
core   0: 3 0x80002544 (0x009e1893) x17 0x00000000
core   0: 0x80002548 (0x404c5f33) sra     t5, s8, tp
core   0: 3 0x80002548 (0x404c5f33) x30 0x00000000
core   0: 0x8000254c (0xa3916b93) ori     s7, sp, -1479
core   0: 3 0x8000254c (0xa3916b93) x23 0xfffffa39
core   0: 0x80002550 (0x01819093) slli    ra, gp, 24
core   0: 3 0x80002550 (0x01819093) x 1 0x20000000
core   0: 0x80002554 (0x00d45bb3) srl     s7, s0, a3
core   0: 3 0x80002554 (0x00d45bb3) x23 0x3fffff4d
core   0: 0x80002558 (0xe4cc0a17) auipc   s4, 0xe4cc0
core   0: 3 0x80002558 (0xe4cc0a17) x20 0x64cc2558
core   0: 0x8000255c (0xd822eb13) ori     s6, t0, -638
core   0: 3 0x8000255c (0xd822eb13) x22 0xfffffd8a
core   0: 0x80002560 (0x41f38133) sub     sp, t2, t6
core   0: 3 0x80002560 (0x41f38133) x 2 0x800005a7
core   0: 0x80002564 (0x00000013) nop
core   0: 3 0x80002564 (0x00000013)
core   0: 0x80002568 (0x400f5493) srai    s1, t5, 0
core   0: 3 0x80002568 (0x400f5493) x 9 0x00000000
core   0: 0x8000256c (0x015a1433) sll     s0, s4, s5
core   0: 3 0x8000256c (0x015a1433) x 8 0x64cc2558
core   0: 0x80002570 (0x006b65b3) or      a1, s6, t1
core   0: 3 0x80002570 (0x006b65b3) x11 0xfffffdee
core   0: 0x80002574 (0xf0306593) ori     a1, zero, -253
core   0: 3 0x80002574 (0xf0306593) x11 0xffffff03
core   0: 0x80002578 (0x01edf7b3) and     a5, s11, t5
core   0: 3 0x80002578 (0x01edf7b3) x15 0x00000000
core   0: 0x8000257c (0x00000013) nop
core   0: 3 0x8000257c (0x00000013)
core   0: 0x80002580 (0x7d518113) addi    sp, gp, 2005
core   0: 3 0x80002580 (0x7d518113) x 2 0x000001f5
core   0: 0x80002584 (0x2ec8fe93) andi    t4, a7, 748
core   0: 3 0x80002584 (0x2ec8fe93) x29 0x00000000
core   0: 0x80002588 (0x00000013) nop
core   0: 3 0x80002588 (0x00000013)
core   0: 0x8000258c (0x1c73b493) sltiu   s1, t2, 455
core   0: 3 0x8000258c (0x1c73b493) x 9 0x00000000
core   0: 0x80002590 (0x00000013) nop
core   0: 3 0x80002590 (0x00000013)
core   0: 0x80002594 (0x412a82b3) sub     t0, s5, s2
core   0: 3 0x80002594 (0x412a82b3) x 5 0x00000000
core   0: 0x80002598 (0x41c25d93) srai    s11, tp, 28
core   0: 3 0x80002598 (0x41c25d93) x27 0x00000000
core   0: 0x8000259c (0xf4632b13) slti    s6, t1, -186
core   0: 3 0x8000259c (0xf4632b13) x22 0x00000001
core   0: 0x800025a0 (0x00556933) or      s2, a0, t0
core   0: 3 0x800025a0 (0x00556933) x18 0x80010e64
core   0: 0x800025a4 (0x01401b33) sll     s6, zero, s4
core   0: 3 0x800025a4 (0x01401b33) x22 0x00000000
core   0: 0x800025a8 (0x008e7433) and     s0, t3, s0
core   0: 3 0x800025a8 (0x008e7433) x 8 0x00000000
core   0: 0x800025ac (0x00a01093) slli    ra, zero, 10
core   0: 3 0x800025ac (0x00a01093) x 1 0x00000000
core   0: 0x800025b0 (0x00665893) srli    a7, a2, 6
core   0: 3 0x800025b0 (0x00665893) x17 0x0000002d
core   0: 0x800025b4 (0x3f4f71b7) lui     gp, 0x3f4f7
core   0: 3 0x800025b4 (0x3f4f71b7) x 3 0x3f4f7000
core   0: 0x800025b8 (0x004e2733) slt     a4, t3, tp
core   0: 3 0x800025b8 (0x004e2733) x14 0x00000000
core   0: 0x800025bc (0x8de58013) addi    zero, a1, -1826
core   0: 3 0x800025bc (0x8de58013)
core   0: 0x800025c0 (0x017135b3) sltu    a1, sp, s7
core   0: 3 0x800025c0 (0x017135b3) x11 0x00000001
core   0: 0x800025c4 (0x6fe10d97) auipc   s11, 0x6fe10
core   0: 3 0x800025c4 (0x6fe10d97) x27 0xefe125c4
core   0: 0x800025c8 (0x00e01a93) slli    s5, zero, 14
core   0: 3 0x800025c8 (0x00e01a93) x21 0x00000000
core   0: 0x800025cc (0x27690213) addi    tp, s2, 630
core   0: 3 0x800025cc (0x27690213) x 4 0x800110da
core   0: 0x800025d0 (0x40778c33) sub     s8, a5, t2
core   0: 3 0x800025d0 (0x40778c33) x24 0x80000000
core   0: 0x800025d4 (0x0059dc93) srli    s9, s3, 5
core   0: 3 0x800025d4 (0x0059dc93) x25 0x07fffff0
core   0: 0x800025d8 (0x986ec193) xori    gp, t4, -1658
core   0: 3 0x800025d8 (0x986ec193) x 3 0xfffff986
core   0: 0x800025dc (0x322cfa13) andi    s4, s9, 802
core   0: 3 0x800025dc (0x322cfa13) x20 0x00000320
core   0: 0x800025e0 (0xae7d7f13) andi    t5, s10, -1305
core   0: 3 0x800025e0 (0xae7d7f13) x30 0x00000000
core   0: 0x800025e4 (0x01d3ea33) or      s4, t2, t4
core   0: 3 0x800025e4 (0x01d3ea33) x20 0x80000000
core   0: 0x800025e8 (0x00b79413) slli    s0, a5, 11
core   0: 3 0x800025e8 (0x00b79413) x 8 0x00000000
core   0: 0x800025ec (0x00796db3) or      s11, s2, t2
core   0: 3 0x800025ec (0x00796db3) x27 0x80010e64
core   0: 0x800025f0 (0x2ac4c113) xori    sp, s1, 684
core   0: 3 0x800025f0 (0x2ac4c113) x 2 0x000002ac
core   0: 0x800025f4 (0x00a9a4b3) slt     s1, s3, a0
core   0: 3 0x800025f4 (0x00a9a4b3) x 9 0x00000000
core   0: 0x800025f8 (0x0bf84693) xori    a3, a6, 191
core   0: 3 0x800025f8 (0x0bf84693) x13 0x000000bf
core   0: 0x800025fc (0x41038433) sub     s0, t2, a6
core   0: 3 0x800025fc (0x41038433) x 8 0x80000000
core   0: 0x80002600 (0x015fbb33) sltu    s6, t6, s5
core   0: 3 0x80002600 (0x015fbb33) x22 0x00000000
core   0: 0x80002604 (0x08e58093) addi    ra, a1, 142
core   0: 3 0x80002604 (0x08e58093) x 1 0x0000008f
core   0: 0x80002608 (0xe7814613) xori    a2, sp, -392
core   0: 3 0x80002608 (0xe7814613) x12 0xfffffcd4
core   0: 0x8000260c (0x703ccf13) xori    t5, s9, 1795
core   0: 3 0x8000260c (0x703ccf13) x30 0x07fff8f3
core   0: 0x80002610 (0x01035493) srli    s1, t1, 16
core   0: 3 0x80002610 (0x01035493) x 9 0x00008001
core   0: 0x80002614 (0x00f35eb3) srl     t4, t1, a5
core   0: 3 0x80002614 (0x00f35eb3) x29 0x80014ce4
core   0: 0x80002618 (0x01941d13) slli    s10, s0, 25
core   0: 3 0x80002618 (0x01941d13) x26 0x00000000
core   0: 0x8000261c (0x2b6d6213) ori     tp, s10, 694
core   0: 3 0x8000261c (0x2b6d6213) x 4 0x000002b6
core   0: 0x80002620 (0x01235813) srli    a6, t1, 18
core   0: 3 0x80002620 (0x01235813) x16 0x00002000
core   0: 0x80002624 (0x009668b3) or      a7, a2, s1
core   0: 3 0x80002624 (0x009668b3) x17 0xfffffcd5
core   0: 0x80002628 (0x006a92b3) sll     t0, s5, t1
core   0: 3 0x80002628 (0x006a92b3) x 5 0x00000000
core   0: 0x8000262c (0x5f853413) sltiu   s0, a0, 1528
core   0: 3 0x8000262c (0x5f853413) x 8 0x00000000
core   0: 0x80002630 (0x1743bc97) auipc   s9, 0x1743b
core   0: 3 0x80002630 (0x1743bc97) x25 0x9743d630
core   0: 0x80002634 (0x41d2dab3) sra     s5, t0, t4
core   0: 3 0x80002634 (0x41d2dab3) x21 0x00000000
core   0: 0x80002638 (0x01577633) and     a2, a4, s5
core   0: 3 0x80002638 (0x01577633) x12 0x00000000
core   0: 0x8000263c (0x01ffeeb3) or      t4, t6, t6
core   0: 3 0x8000263c (0x01ffeeb3) x29 0xfffffa59
core   0: 0x80002640 (0x0183dfb3) srl     t6, t2, s8
core   0: 3 0x80002640 (0x0183dfb3) x31 0x80000000
core   0: 0x80002644 (0x41498433) sub     s0, s3, s4
core   0: 3 0x80002644 (0x41498433) x 8 0x7ffffe01
core   0: 0x80002648 (0xd544f837) lui     a6, 0xd544f
core   0: 3 0x80002648 (0xd544f837) x16 0xd544f000
core   0: 0x8000264c (0x007499b3) sll     s3, s1, t2
core   0: 3 0x8000264c (0x007499b3) x19 0x00008001
core   0: 0x80002650 (0x01ee91b3) sll     gp, t4, t5
core   0: 3 0x80002650 (0x01ee91b3) x 3 0xd2c80000
core   0: 0x80002654 (0x001b25b3) slt     a1, s6, ra
core   0: 3 0x80002654 (0x001b25b3) x11 0x00000001
core   0: 0x80002658 (0xf94d4b13) xori    s6, s10, -108
core   0: 3 0x80002658 (0xf94d4b13) x22 0xffffff94
core   0: 0x8000265c (0xdb9bef93) ori     t6, s7, -583
core   0: 3 0x8000265c (0xdb9bef93) x31 0xfffffffd
core   0: 0x80002660 (0x00df1db3) sll     s11, t5, a3
core   0: 3 0x80002660 (0x00df1db3) x27 0x80000000
core   0: 0x80002664 (0xcc486993) ori     s3, a6, -828
core   0: 3 0x80002664 (0xcc486993) x19 0xfffffcc4
core   0: 0x80002668 (0x414a5013) srai    zero, s4, 20
core   0: 3 0x80002668 (0x414a5013)
core   0: 0x8000266c (0x4cb0ea13) ori     s4, ra, 1227
core   0: 3 0x8000266c (0x4cb0ea13) x20 0x000004cf
core   0: 0x80002670 (0x5dfe0d37) lui     s10, 0x5dfe0
core   0: 3 0x80002670 (0x5dfe0d37) x26 0x5dfe0000
core   0: 0x80002674 (0x1a712a13) slti    s4, sp, 423
core   0: 3 0x80002674 (0x1a712a13) x20 0x00000000
core   0: 0x80002678 (0x419f5e13) srai    t3, t5, 25
core   0: 3 0x80002678 (0x419f5e13) x28 0x00000003
core   0: 0x8000267c (0x8ef30613) addi    a2, t1, -1809
core   0: 3 0x8000267c (0x8ef30613) x12 0x800145d3
core   0: 0x80002680 (0x4146dcb3) sra     s9, a3, s4
core   0: 3 0x80002680 (0x4146dcb3) x25 0x000000bf
core   0: 0x80002684 (0x000a6933) or      s2, s4, zero
core   0: 3 0x80002684 (0x000a6933) x18 0x00000000
core   0: 0x80002688 (0x4dd121b7) lui     gp, 0x4dd12
core   0: 3 0x80002688 (0x4dd121b7) x 3 0x4dd12000
core   0: 0x8000268c (0x4c514093) xori    ra, sp, 1221
core   0: 3 0x8000268c (0x4c514093) x 1 0x00000669
core   0: 0x80002690 (0x415858b3) sra     a7, a6, s5
core   0: 3 0x80002690 (0x415858b3) x17 0xd544f000
core   0: 0x80002694 (0x406ddc13) srai    s8, s11, 6
core   0: 3 0x80002694 (0x406ddc13) x24 0xfe000000
core   0: 0x80002698 (0x00981cb3) sll     s9, a6, s1
core   0: 3 0x80002698 (0x00981cb3) x25 0xaa89e000
core   0: 0x8000269c (0xc5972e93) slti    t4, a4, -935
core   0: 3 0x8000269c (0xc5972e93) x29 0x00000000
core   0: 0x800026a0 (0x016982b3) add     t0, s3, s6
core   0: 3 0x800026a0 (0x016982b3) x 5 0xfffffc58
core   0: 0x800026a4 (0x00bf4c33) xor     s8, t5, a1
core   0: 3 0x800026a4 (0x00bf4c33) x24 0x07fff8f2
core   0: 0x800026a8 (0x0182e2b3) or      t0, t0, s8
core   0: 3 0x800026a8 (0x0182e2b3) x 5 0xfffffcfa
core   0: 0x800026ac (0x41f0d213) srai    tp, ra, 31
core   0: 3 0x800026ac (0x41f0d213) x 4 0x00000000
core   0: 0x800026b0 (0x00da4733) xor     a4, s4, a3
core   0: 3 0x800026b0 (0x00da4733) x14 0x000000bf
core   0: 0x800026b4 (0x404cd113) srai    sp, s9, 4
core   0: 3 0x800026b4 (0x404cd113) x 2 0xfaa89e00
core   0: 0x800026b8 (0x00000013) nop
core   0: 3 0x800026b8 (0x00000013)
core   0: 0x800026bc (0x00b204b3) add     s1, tp, a1
core   0: 3 0x800026bc (0x00b204b3) x 9 0x00000001
core   0: 0x800026c0 (0x2d16e717) auipc   a4, 0x2d16e
core   0: 3 0x800026c0 (0x2d16e717) x14 0xad1706c0
core   0: 0x800026c4 (0x002dabb3) slt     s7, s11, sp
core   0: 3 0x800026c4 (0x002dabb3) x23 0x00000001
core   0: 0x800026c8 (0x00000013) nop
core   0: 3 0x800026c8 (0x00000013)
core   0: 0x800026cc (0xef4af113) andi    sp, s5, -268
core   0: 3 0x800026cc (0xef4af113) x 2 0x00000000
core   0: 0x800026d0 (0x00e4d433) srl     s0, s1, a4
core   0: 3 0x800026d0 (0x00e4d433) x 8 0x00000001
core   0: 0x800026d4 (0x00000013) nop
core   0: 3 0x800026d4 (0x00000013)
core   0: 0x800026d8 (0x01cba133) slt     sp, s7, t3
core   0: 3 0x800026d8 (0x01cba133) x 2 0x00000001
core   0: 0x800026dc (0xa0b7b993) sltiu   s3, a5, -1525
core   0: 3 0x800026dc (0xa0b7b993) x19 0x00000001
core   0: 0x800026e0 (0x4107dc33) sra     s8, a5, a6
core   0: 3 0x800026e0 (0x4107dc33) x24 0x00000000
core   0: 0x800026e4 (0x00000013) nop
core   0: 3 0x800026e4 (0x00000013)
core   0: 0x800026e8 (0x00465493) srli    s1, a2, 4
core   0: 3 0x800026e8 (0x00465493) x 9 0x0800145d
core   0: 0x800026ec (0x01e7d2b3) srl     t0, a5, t5
core   0: 3 0x800026ec (0x01e7d2b3) x 5 0x00000000
core   0: 0x800026f0 (0x91802d37) lui     s10, 0x91802
core   0: 3 0x800026f0 (0x91802d37) x26 0x91802000
core   0: 0x800026f4 (0x009407b3) add     a5, s0, s1
core   0: 3 0x800026f4 (0x009407b3) x15 0x0800145e
core   0: 0x800026f8 (0x00a9b933) sltu    s2, s3, a0
core   0: 3 0x800026f8 (0x00a9b933) x18 0x00000001
core   0: 0x800026fc (0x017400b3) add     ra, s0, s7
core   0: 3 0x800026fc (0x017400b3) x 1 0x00000002
core   0: 0x80002700 (0x007edb13) srli    s6, t4, 7
core   0: 3 0x80002700 (0x007edb13) x22 0x00000000
core   0: 0x80002704 (0x0021d1b3) srl     gp, gp, sp
core   0: 3 0x80002704 (0x0021d1b3) x 3 0x26e89000
core   0: 0x80002708 (0xad2efa17) auipc   s4, 0xad2ef
core   0: 3 0x80002708 (0xad2efa17) x20 0x2d2f1708
core   0: 0x8000270c (0x01f8d8b3) srl     a7, a7, t6
core   0: 3 0x8000270c (0x01f8d8b3) x17 0x00000006
core   0: 0x80002710 (0x01d85eb3) srl     t4, a6, t4
core   0: 3 0x80002710 (0x01d85eb3) x29 0xd544f000
core   0: 0x80002714 (0x3f68ac93) slti    s9, a7, 1014
core   0: 3 0x80002714 (0x3f68ac93) x25 0x00000001
core   0: 0x80002718 (0x0122c233) xor     tp, t0, s2
core   0: 3 0x80002718 (0x0122c233) x 4 0x00000001
core   0: 0x8000271c (0x002dedb3) or      s11, s11, sp
core   0: 3 0x8000271c (0x002dedb3) x27 0x80000001
core   0: 0x80002720 (0x54343893) sltiu   a7, s0, 1347
core   0: 3 0x80002720 (0x54343893) x17 0x00000001
core   0: 0x80002724 (0xc2d64693) xori    a3, a2, -979
core   0: 3 0x80002724 (0xc2d64693) x13 0x7ffeb9fe
core   0: 0x80002728 (0x3ce3e593) ori     a1, t2, 974
core   0: 3 0x80002728 (0x3ce3e593) x11 0x800003ce
core   0: 0x8000272c (0x01e89d13) slli    s10, a7, 30
core   0: 3 0x8000272c (0x01e89d13) x26 0x40000000
core   0: 0x80002730 (0xba8b3813) sltiu   a6, s6, -1112
core   0: 3 0x80002730 (0xba8b3813) x16 0x00000001
core   0: 0x80002734 (0x016e1a33) sll     s4, t3, s6
core   0: 3 0x80002734 (0x016e1a33) x20 0x00000003
core   0: 0x80002738 (0xd8e5cb93) xori    s7, a1, -626
core   0: 3 0x80002738 (0xd8e5cb93) x23 0x7ffffe40
core   0: 0x8000273c (0x00677933) and     s2, a4, t1
core   0: 3 0x8000273c (0x00677933) x18 0x800104c0
core   0: 0x80002740 (0x01265b33) srl     s6, a2, s2
core   0: 3 0x80002740 (0x01265b33) x22 0x800145d3
core   0: 0x80002744 (0x019008b3) add     a7, zero, s9
core   0: 3 0x80002744 (0x019008b3) x17 0x00000001
core   0: 0x80002748 (0x010860b3) or      ra, a6, a6
core   0: 3 0x80002748 (0x010860b3) x 1 0x00000001
core   0: 0x8000274c (0x00ce8033) add     zero, t4, a2
core   0: 3 0x8000274c (0x00ce8033)
core   0: 0x80002750 (0x01cc0b33) add     s6, s8, t3
core   0: 3 0x80002750 (0x01cc0b33) x22 0x00000003
core   0: 0x80002754 (0x004ea5b3) slt     a1, t4, tp
core   0: 3 0x80002754 (0x004ea5b3) x11 0x00000001
core   0: 0x80002758 (0x007e1713) slli    a4, t3, 7
core   0: 3 0x80002758 (0x007e1713) x14 0x00000180
core   0: 0x8000275c (0x01a0d593) srli    a1, ra, 26
core   0: 3 0x8000275c (0x01a0d593) x11 0x00000000
core   0: 0x80002760 (0x00a752b3) srl     t0, a4, a0
core   0: 3 0x80002760 (0x00a752b3) x 5 0x00000018
core   0: 0x80002764 (0x2d82e913) ori     s2, t0, 728
core   0: 3 0x80002764 (0x2d82e913) x18 0x000002d8
core   0: 0x80002768 (0x0179ea33) or      s4, s3, s7
core   0: 3 0x80002768 (0x0179ea33) x20 0x7ffffe41
core   0: 0x8000276c (0x5dc56997) auipc   s3, 0x5dc56
core   0: 3 0x8000276c (0x5dc56997) x19 0xddc5876c
core   0: 0x80002770 (0x01f0dab3) srl     s5, ra, t6
core   0: 3 0x80002770 (0x01f0dab3) x21 0x00000000
core   0: 0x80002774 (0x01fc6e33) or      t3, s8, t6
core   0: 3 0x80002774 (0x01fc6e33) x28 0xfffffffd
core   0: 0x80002778 (0x00809713) slli    a4, ra, 8
core   0: 3 0x80002778 (0x00809713) x14 0x00000100
core   0: 0x8000277c (0xc1214413) xori    s0, sp, -1006
core   0: 3 0x8000277c (0xc1214413) x 8 0xfffffc13
core   0: 0x80002780 (0x00584733) xor     a4, a6, t0
core   0: 3 0x80002780 (0x00584733) x14 0x00000019
core   0: 0x80002784 (0x4115dfb3) sra     t6, a1, a7
core   0: 3 0x80002784 (0x4115dfb3) x31 0x00000000
core   0: 0x80002788 (0x00806433) or      s0, zero, s0
core   0: 3 0x80002788 (0x00806433) x 8 0xfffffc13
core   0: 0x8000278c (0x8b4b7713) andi    a4, s6, -1868
core   0: 3 0x8000278c (0x8b4b7713) x14 0x00000000
core   0: 0x80002790 (0x01383bb3) sltu    s7, a6, s3
core   0: 3 0x80002790 (0x01383bb3) x23 0x00000001
core   0: 0x80002794 (0x58094593) xori    a1, s2, 1408
core   0: 3 0x80002794 (0x58094593) x11 0x00000758
core   0: 0x80002798 (0x20ee7013) andi    zero, t3, 526
core   0: 3 0x80002798 (0x20ee7013)
core   0: 0x8000279c (0x00714bb3) xor     s7, sp, t2
core   0: 3 0x8000279c (0x00714bb3) x23 0x80000001
core   0: 0x800027a0 (0x00000013) nop
core   0: 3 0x800027a0 (0x00000013)
core   0: 0x800027a4 (0x00000013) nop
core   0: 3 0x800027a4 (0x00000013)
core   0: 0x800027a8 (0x580c3b93) sltiu   s7, s8, 1408
core   0: 3 0x800027a8 (0x580c3b93) x23 0x00000001
core   0: 0x800027ac (0xcf308a13) addi    s4, ra, -781
core   0: 3 0x800027ac (0xcf308a13) x20 0xfffffcf4
core   0: 0x800027b0 (0xcf48a193) slti    gp, a7, -780
core   0: 3 0x800027b0 (0xcf48a193) x 3 0x00000000
core   0: 0x800027b4 (0x015ce4b3) or      s1, s9, s5
core   0: 3 0x800027b4 (0x015ce4b3) x 9 0x00000001
core   0: 0x800027b8 (0x01a4ee33) or      t3, s1, s10
core   0: 3 0x800027b8 (0x01a4ee33) x28 0x40000001
core   0: 0x800027bc (0x01bc6d33) or      s10, s8, s11
core   0: 3 0x800027bc (0x01bc6d33) x26 0x80000001
core   0: 0x800027c0 (0x0093d133) srl     sp, t2, s1
core   0: 3 0x800027c0 (0x0093d133) x 2 0x40000000
core   0: 0x800027c4 (0x007abe33) sltu    t3, s5, t2
core   0: 3 0x800027c4 (0x007abe33) x28 0x00000001
core   0: 0x800027c8 (0x0fc1f993) andi    s3, gp, 252
core   0: 3 0x800027c8 (0x0fc1f993) x19 0x00000000
core   0: 0x800027cc (0x01c4f133) and     sp, s1, t3
core   0: 3 0x800027cc (0x01c4f133) x 2 0x00000001
core   0: 0x800027d0 (0x00000013) nop
core   0: 3 0x800027d0 (0x00000013)
core   0: 0x800027d4 (0x01f5ed33) or      s10, a1, t6
core   0: 3 0x800027d4 (0x01f5ed33) x26 0x00000758
core   0: 0x800027d8 (0x01bcbab3) sltu    s5, s9, s11
core   0: 3 0x800027d8 (0x01bcbab3) x21 0x00000001
core   0: 0x800027dc (0xb629e113) ori     sp, s3, -1182
core   0: 3 0x800027dc (0xb629e113) x 2 0xfffffb62
core   0: 0x800027e0 (0x2263f097) auipc   ra, 0x2263f
core   0: 3 0x800027e0 (0x2263f097) x 1 0xa26417e0
core   0: 0x800027e4 (0x0c014193) xori    gp, sp, 192
core   0: 3 0x800027e4 (0x0c014193) x 3 0xfffffba2
core   0: 0x800027e8 (0x0145b433) sltu    s0, a1, s4
core   0: 3 0x800027e8 (0x0145b433) x 8 0x00000001
core   0: 0x800027ec (0x4058db93) srai    s7, a7, 5
core   0: 3 0x800027ec (0x4058db93) x23 0x00000000
core   0: 0x800027f0 (0xd01f3413) sltiu   s0, t5, -767
core   0: 3 0x800027f0 (0xd01f3413) x 8 0x00000001
core   0: 0x800027f4 (0x0d67a813) slti    a6, a5, 214
core   0: 3 0x800027f4 (0x0d67a813) x16 0x00000000
core   0: 0x800027f8 (0x41da89b3) sub     s3, s5, t4
core   0: 3 0x800027f8 (0x41da89b3) x19 0x2abb1001
core   0: 0x800027fc (0x41b5d793) srai    a5, a1, 27
core   0: 3 0x800027fc (0x41b5d793) x15 0x00000000
core   0: 0x80002800 (0x00625a93) srli    s5, tp, 6
core   0: 3 0x80002800 (0x00625a93) x21 0x00000000
core   0: 0x80002804 (0x01a9c7b3) xor     a5, s3, s10
core   0: 3 0x80002804 (0x01a9c7b3) x15 0x2abb1759
core   0: 0x80002808 (0xb8968797) auipc   a5, 0xb8968
core   0: 3 0x80002808 (0xb8968797) x15 0x3896a808
core   0: 0x8000280c (0x9b613b13) sltiu   s6, sp, -1610
core   0: 3 0x8000280c (0x9b613b13) x22 0x00000000
core   0: 0x80002810 (0x40f6d233) sra     tp, a3, a5
core   0: 3 0x80002810 (0x40f6d233) x 4 0x007ffeb9
core   0: 0x80002814 (0x01e36433) or      s0, t1, t5
core   0: 3 0x80002814 (0x01e36433) x 8 0x87fffcf7
core   0: 0x80002818 (0x01651f13) slli    t5, a0, 22
core   0: 3 0x80002818 (0x01651f13) x30 0x99000000
core   0: 0x8000281c (0x01401093) slli    ra, zero, 20
core   0: 3 0x8000281c (0x01401093) x 1 0x00000000
core   0: 0x80002820 (0x40e657b3) sra     a5, a2, a4
core   0: 3 0x80002820 (0x40e657b3) x15 0x800145d3
core   0: 0x80002824 (0xe191e217) auipc   tp, 0xe191e
core   0: 3 0x80002824 (0xe191e217) x 4 0x61920824
core   0: 0x80002828 (0x0070c5b3) xor     a1, ra, t2
core   0: 3 0x80002828 (0x0070c5b3) x11 0x80000000
core   0: 0x8000282c (0x41b5d093) srai    ra, a1, 27
core   0: 3 0x8000282c (0x41b5d093) x 1 0xfffffff0
core   0: 0x80002830 (0x01487933) and     s2, a6, s4
core   0: 3 0x80002830 (0x01487933) x18 0x00000000
core   0: 0x80002834 (0x00d73833) sltu    a6, a4, a3
core   0: 3 0x80002834 (0x00d73833) x16 0x00000001
core   0: 0x80002838 (0x48f87e37) lui     t3, 0x48f87
core   0: 3 0x80002838 (0x48f87e37) x28 0x48f87000
core   0: 0x8000283c (0x51d46913) ori     s2, s0, 1309
core   0: 3 0x8000283c (0x51d46913) x18 0x87fffdff
core   0: 0x80002840 (0x0038d993) srli    s3, a7, 3
core   0: 3 0x80002840 (0x0038d993) x19 0x00000000
core   0: 0x80002844 (0x00000013) nop
core   0: 3 0x80002844 (0x00000013)
core   0: 0x80002848 (0x03936c93) ori     s9, t1, 57
core   0: 3 0x80002848 (0x03936c93) x25 0x80014cfd
core   0: 0x8000284c (0x2aee2493) slti    s1, t3, 686
core   0: 3 0x8000284c (0x2aee2493) x 9 0x00000000
core   0: 0x80002850 (0xf9bcf293) andi    t0, s9, -101
core   0: 3 0x80002850 (0xf9bcf293) x 5 0x80014c99
core   0: 0x80002854 (0x01cf9a93) slli    s5, t6, 28
core   0: 3 0x80002854 (0x01cf9a93) x21 0x00000000
core   0: 0x80002858 (0x016ab8b3) sltu    a7, s5, s6
core   0: 3 0x80002858 (0x016ab8b3) x17 0x00000000
core   0: 0x8000285c (0x41c95233) sra     tp, s2, t3
core   0: 3 0x8000285c (0x41c95233) x 4 0x87fffdff
core   0: 0x80002860 (0x855ea793) slti    a5, t4, -1963
core   0: 3 0x80002860 (0x855ea793) x15 0x00000001
core   0: 0x80002864 (0xb1953113) sltiu   sp, a0, -1255
core   0: 3 0x80002864 (0xb1953113) x 2 0x00000001
core   0: 0x80002868 (0x00e7fc33) and     s8, a5, a4
core   0: 3 0x80002868 (0x00e7fc33) x24 0x00000000
core   0: 0x8000286c (0xc76cbd93) sltiu   s11, s9, -906
core   0: 3 0x8000286c (0xc76cbd93) x27 0x00000001
core   0: 0x80002870 (0xdcb54017) auipc   zero, 0xdcb54
core   0: 3 0x80002870 (0xdcb54017)
core   0: 0x80002874 (0x00000013) nop
core   0: 3 0x80002874 (0x00000013)
core   0: 0x80002878 (0x003d9213) slli    tp, s11, 3
core   0: 3 0x80002878 (0x003d9213) x 4 0x00000008
core   0: 0x8000287c (0x00221a13) slli    s4, tp, 2
core   0: 3 0x8000287c (0x00221a13) x20 0x00000020
core   0: 0x80002880 (0x0b1d8993) addi    s3, s11, 177
core   0: 3 0x80002880 (0x0b1d8993) x19 0x000000b2
core   0: 0x80002884 (0x01248c33) add     s8, s1, s2
core   0: 3 0x80002884 (0x01248c33) x24 0x87fffdff
core   0: 0x80002888 (0x410b8db3) sub     s11, s7, a6
core   0: 3 0x80002888 (0x410b8db3) x27 0xffffffff
core   0: 0x8000288c (0x007f67b3) or      a5, t5, t2
core   0: 3 0x8000288c (0x007f67b3) x15 0x99000000
core   0: 0x80002890 (0x00630633) add     a2, t1, t1
core   0: 3 0x80002890 (0x00630633) x12 0x000299c8
core   0: 0x80002894 (0xf5018c13) addi    s8, gp, -176
core   0: 3 0x80002894 (0xf5018c13) x24 0xfffffaf2
core   0: 0x80002898 (0x41ca0f33) sub     t5, s4, t3
core   0: 3 0x80002898 (0x41ca0f33) x30 0xb7079020
core   0: 0x8000289c (0x00cbdf93) srli    t6, s7, 12
core   0: 3 0x8000289c (0x00cbdf93) x31 0x00000000
core   0: 0x800028a0 (0x00019633) sll     a2, gp, zero
core   0: 3 0x800028a0 (0x00019633) x12 0xfffffba2
core   0: 0x800028a4 (0x16e5e013) ori     zero, a1, 366
core   0: 3 0x800028a4 (0x16e5e013)
core   0: 0x800028a8 (0x017509b3) add     s3, a0, s7
core   0: 3 0x800028a8 (0x017509b3) x19 0x80010e64
core   0: 0x800028ac (0x5814cc13) xori    s8, s1, 1409
core   0: 3 0x800028ac (0x5814cc13) x24 0x00000581
core   0: 0x800028b0 (0x002fd733) srl     a4, t6, sp
core   0: 3 0x800028b0 (0x002fd733) x14 0x00000000
core   0: 0x800028b4 (0x01b45a13) srli    s4, s0, 27
core   0: 3 0x800028b4 (0x01b45a13) x20 0x00000010
core   0: 0x800028b8 (0xab97f713) andi    a4, a5, -1351
core   0: 3 0x800028b8 (0xab97f713) x14 0x99000000
core   0: 0x800028bc (0x000b8cb3) add     s9, s7, zero
core   0: 3 0x800028bc (0x000b8cb3) x25 0x00000000
core   0: 0x800028c0 (0x01f892b3) sll     t0, a7, t6
core   0: 3 0x800028c0 (0x01f892b3) x 5 0x00000000
core   0: 0x800028c4 (0x01238bb3) add     s7, t2, s2
core   0: 3 0x800028c4 (0x01238bb3) x23 0x07fffdff
core   0: 0x800028c8 (0x41240ab3) sub     s5, s0, s2
core   0: 3 0x800028c8 (0x41240ab3) x21 0xfffffef8
core   0: 0x800028cc (0xc41cc893) xori    a7, s9, -959
core   0: 3 0x800028cc (0xc41cc893) x17 0xfffffc41
core   0: 0x800028d0 (0x012f5f13) srli    t5, t5, 18
core   0: 3 0x800028d0 (0x012f5f13) x30 0x00002dc1
core   0: 0x800028d4 (0x018b5293) srli    t0, s6, 24
core   0: 3 0x800028d4 (0x018b5293) x 5 0x00000000
core   0: 0x800028d8 (0x012aa733) slt     a4, s5, s2
core   0: 3 0x800028d8 (0x012aa733) x14 0x00000000
core   0: 0x800028dc (0xc4d1c293) xori    t0, gp, -947
core   0: 3 0x800028dc (0xc4d1c293) x 5 0x000007ef
core   0: 0x800028e0 (0x0083ac33) slt     s8, t2, s0
core   0: 3 0x800028e0 (0x0083ac33) x24 0x00000001
core   0: 0x800028e4 (0x5d146713) ori     a4, s0, 1489
core   0: 3 0x800028e4 (0x5d146713) x14 0x87fffdf7
core   0: 0x800028e8 (0xe55b8e93) addi    t4, s7, -427
core   0: 3 0x800028e8 (0xe55b8e93) x29 0x07fffc54
core   0: 0x800028ec (0x21f5f917) auipc   s2, 0x21f5f
core   0: 3 0x800028ec (0x21f5f917) x18 0xa1f618ec
core   0: 0x800028f0 (0x0168adb3) slt     s11, a7, s6
core   0: 3 0x800028f0 (0x0168adb3) x27 0x00000001
core   0: 0x800028f4 (0x012544b3) xor     s1, a0, s2
core   0: 3 0x800028f4 (0x012544b3) x 9 0x21f71688
core   0: 0x800028f8 (0x79994713) xori    a4, s2, 1945
core   0: 3 0x800028f8 (0x79994713) x14 0xa1f61f75
core   0: 0x800028fc (0x009f7933) and     s2, t5, s1
core   0: 3 0x800028fc (0x009f7933) x18 0x00000480
core   0: 0x80002900 (0x00000013) nop
core   0: 3 0x80002900 (0x00000013)
core   0: 0x80002904 (0x00000013) nop
core   0: 3 0x80002904 (0x00000013)
core   0: 0x80002908 (0x010b5693) srli    a3, s6, 16
core   0: 3 0x80002908 (0x010b5693) x13 0x00000000
core   0: 0x8000290c (0x01b3cd33) xor     s10, t2, s11
core   0: 3 0x8000290c (0x01b3cd33) x26 0x80000001
core   0: 0x80002910 (0x00457433) and     s0, a0, tp
core   0: 3 0x80002910 (0x00457433) x 8 0x00000000
core   0: 0x80002914 (0x008079b3) and     s3, zero, s0
core   0: 3 0x80002914 (0x008079b3) x19 0x00000000
core   0: 0x80002918 (0x0061c4b3) xor     s1, gp, t1
core   0: 3 0x80002918 (0x0061c4b3) x 9 0x7ffeb746
core   0: 0x8000291c (0xac7cc737) lui     a4, 0xac7cc
core   0: 3 0x8000291c (0xac7cc737) x14 0xac7cc000
core   0: 0x80002920 (0x00f41033) sll     zero, s0, a5
core   0: 3 0x80002920 (0x00f41033)
core   0: 0x80002924 (0x00000013) nop
core   0: 3 0x80002924 (0x00000013)
core   0: 0x80002928 (0x00000013) nop
core   0: 3 0x80002928 (0x00000013)
core   0: 0x8000292c (0x415255b3) sra     a1, tp, s5
core   0: 3 0x8000292c (0x415255b3) x11 0x00000000
core   0: 0x80002930 (0x0069c433) xor     s0, s3, t1
core   0: 3 0x80002930 (0x0069c433) x 8 0x80014ce4
core   0: 0x80002934 (0x01509e13) slli    t3, ra, 21
core   0: 3 0x80002934 (0x01509e13) x28 0xfe000000
core   0: 0x80002938 (0x0077f7b3) and     a5, a5, t2
core   0: 3 0x80002938 (0x0077f7b3) x15 0x80000000
core   0: 0x8000293c (0x69237213) andi    tp, t1, 1682
core   0: 3 0x8000293c (0x69237213) x 4 0x00000480
core   0: 0x80002940 (0x41add4b3) sra     s1, s11, s10
core   0: 3 0x80002940 (0x41add4b3) x 9 0x00000000
core   0: 0x80002944 (0x00501613) slli    a2, zero, 5
core   0: 3 0x80002944 (0x00501613) x12 0x00000000
core   0: 0x80002948 (0x002c7db3) and     s11, s8, sp
core   0: 3 0x80002948 (0x002c7db3) x27 0x00000001
core   0: 0x8000294c (0x644a6193) ori     gp, s4, 1604
core   0: 3 0x8000294c (0x644a6193) x 3 0x00000654
core   0: 0x80002950 (0x00bc0d33) add     s10, s8, a1
core   0: 3 0x80002950 (0x00bc0d33) x26 0x00000001
core   0: 0x80002954 (0x013c7933) and     s2, s8, s3
core   0: 3 0x80002954 (0x013c7933) x18 0x00000000
core   0: 0x80002958 (0xc5d2e113) ori     sp, t0, -931
core   0: 3 0x80002958 (0xc5d2e113) x 2 0xffffffff
core   0: 0x8000295c (0x60c726b7) lui     a3, 0x60c72
core   0: 3 0x8000295c (0x60c726b7) x13 0x60c72000
core   0: 0x80002960 (0xbe5eb293) sltiu   t0, t4, -1051
core   0: 3 0x80002960 (0xbe5eb293) x 5 0x00000001
core   0: 0x80002964 (0xef916293) ori     t0, sp, -263
core   0: 3 0x80002964 (0xef916293) x 5 0xffffffff
core   0: 0x80002968 (0x014d2233) slt     tp, s10, s4
core   0: 3 0x80002968 (0x014d2233) x 4 0x00000001
core   0: 0x8000296c (0x401f0933) sub     s2, t5, ra
core   0: 3 0x8000296c (0x401f0933) x18 0x00002dd1
core   0: 0x80002970 (0x01e7df33) srl     t5, a5, t5
core   0: 3 0x80002970 (0x01e7df33) x30 0x40000000
core   0: 0x80002974 (0x40725a93) srai    s5, tp, 7
core   0: 3 0x80002974 (0x40725a93) x21 0x00000000
core   0: 0x80002978 (0x404e8133) sub     sp, t4, tp
core   0: 3 0x80002978 (0x404e8133) x 2 0x07fffc53
core   0: 0x8000297c (0x41048eb3) sub     t4, s1, a6
core   0: 3 0x8000297c (0x41048eb3) x29 0xffffffff
core   0: 0x80002980 (0x004347b3) xor     a5, t1, tp
core   0: 3 0x80002980 (0x004347b3) x15 0x80014ce5
core   0: 0x80002984 (0x471564b7) lui     s1, 0x47156
core   0: 3 0x80002984 (0x471564b7) x 9 0x47156000
core   0: 0x80002988 (0x00cbc233) xor     tp, s7, a2
core   0: 3 0x80002988 (0x00cbc233) x 4 0x07fffdff
core   0: 0x8000298c (0x01d45b33) srl     s6, s0, t4
core   0: 3 0x8000298c (0x01d45b33) x22 0x00000001
core   0: 0x80002990 (0x008996b3) sll     a3, s3, s0
core   0: 3 0x80002990 (0x008996b3) x13 0x00000000
core   0: 0x80002994 (0x8f7aa293) slti    t0, s5, -1801
core   0: 3 0x80002994 (0x8f7aa293) x 5 0x00000000
core   0: 0x80002998 (0x414c5693) srai    a3, s8, 20
core   0: 3 0x80002998 (0x414c5693) x13 0x00000000
core   0: 0x8000299c (0x01c9dab3) srl     s5, s3, t3
core   0: 3 0x8000299c (0x01c9dab3) x21 0x00000000
core   0: 0x800029a0 (0x017951b3) srl     gp, s2, s7
core   0: 3 0x800029a0 (0x017951b3) x 3 0x00000000
core   0: 0x800029a4 (0x002c2233) slt     tp, s8, sp
core   0: 3 0x800029a4 (0x002c2233) x 4 0x00000001
core   0: 0x800029a8 (0x000c8b33) add     s6, s9, zero
core   0: 3 0x800029a8 (0x000c8b33) x22 0x00000000
core   0: 0x800029ac (0x40e1d793) srai    a5, gp, 14
core   0: 3 0x800029ac (0x40e1d793) x15 0x00000000
core   0: 0x800029b0 (0x419158b3) sra     a7, sp, s9
core   0: 3 0x800029b0 (0x419158b3) x17 0x07fffc53
core   0: 0x800029b4 (0x00b0ffb3) and     t6, ra, a1
core   0: 3 0x800029b4 (0x00b0ffb3) x31 0x00000000
core   0: 0x800029b8 (0x00f1b2b3) sltu    t0, gp, a5
core   0: 3 0x800029b8 (0x00f1b2b3) x 5 0x00000000
core   0: 0x800029bc (0xd7410413) addi    s0, sp, -652
core   0: 3 0x800029bc (0xd7410413) x 8 0x07fff9c7
core   0: 0x800029c0 (0xc9f6c993) xori    s3, a3, -865
core   0: 3 0x800029c0 (0xc9f6c993) x19 0xfffffc9f
core   0: 0x800029c4 (0x00ff3bb3) sltu    s7, t5, a5
core   0: 3 0x800029c4 (0x00ff3bb3) x23 0x00000000
core   0: 0x800029c8 (0xcd4e7e93) andi    t4, t3, -812
core   0: 3 0x800029c8 (0xcd4e7e93) x29 0xfe000000
core   0: 0x800029cc (0x00000013) nop
core   0: 3 0x800029cc (0x00000013)
core   0: 0x800029d0 (0x80000437) lui     s0, 0x80000
core   0: 3 0x800029d0 (0x80000437) x 8 0x80000000
core   0: 0x800029d4 (0x80000cb7) lui     s9, 0x80000
core   0: 3 0x800029d4 (0x80000cb7) x25 0x80000000
core   0: 0x800029d8 (0x00000f13) li      t5, 0
core   0: 3 0x800029d8 (0x00000f13) x30 0x00000000
core   0: 0x800029dc (0x800001b7) lui     gp, 0x80000
core   0: 3 0x800029dc (0x800001b7) x 3 0x80000000
core   0: 0x800029e0 (0x800004b7) lui     s1, 0x80000
core   0: 3 0x800029e0 (0x800004b7) x 9 0x80000000
core   0: 0x800029e4 (0xfff00093) li      ra, -1
core   0: 3 0x800029e4 (0xfff00093) x 1 0xffffffff
core   0: 0x800029e8 (0x616b37b7) lui     a5, 0x616b3
core   0: 3 0x800029e8 (0x616b37b7) x15 0x616b3000
core   0: 0x800029ec (0x23c78793) addi    a5, a5, 572
core   0: 3 0x800029ec (0x23c78793) x15 0x616b323c
core   0: 0x800029f0 (0xfff00713) li      a4, -1
core   0: 3 0x800029f0 (0xfff00713) x14 0xffffffff
core   0: 0x800029f4 (0xfe8632b7) lui     t0, 0xfe863
core   0: 3 0x800029f4 (0xfe8632b7) x 5 0xfe863000
core   0: 0x800029f8 (0x61528293) addi    t0, t0, 1557
core   0: 3 0x800029f8 (0x61528293) x 5 0xfe863615
core   0: 0x800029fc (0x00000d13) li      s10, 0
core   0: 3 0x800029fc (0x00000d13) x26 0x00000000
core   0: 0x80002a00 (0x01e18d33) add     s10, gp, t5
core   0: 3 0x80002a00 (0x01e18d33) x26 0x80000000
core   0: 0x80002a04 (0x41978433) sub     s0, a5, s9
core   0: 3 0x80002a04 (0x41978433) x 8 0xe16b323c
core   0: 0x80002a08 (0xfcd2fcb7) lui     s9, 0xfcd2f
core   0: 3 0x80002a08 (0xfcd2fcb7) x25 0xfcd2f000
core   0: 0x80002a0c (0x42b88737) lui     a4, 0x42b88
core   0: 3 0x80002a0c (0x42b88737) x14 0x42b88000
core   0: 0x80002a10 (0x01940733) add     a4, s0, s9
core   0: 3 0x80002a10 (0x01940733) x14 0xde3e223c
core   0: 0x80002a14 (0x0d68d297) auipc   t0, 0xd68d
core   0: 3 0x80002a14 (0x0d68d297) x 5 0x8d68fa14
core   0: 0x80002a18 (0x7570bcb7) lui     s9, 0x7570b
core   0: 3 0x80002a18 (0x7570bcb7) x25 0x7570b000
core   0: 0x80002a1c (0x4f3d0cb7) lui     s9, 0x4f3d0
core   0: 3 0x80002a1c (0x4f3d0cb7) x25 0x4f3d0000
core   0: 0x80002a20 (0x57328413) addi    s0, t0, 1395
core   0: 3 0x80002a20 (0x57328413) x 8 0x8d68ff87
core   0: 0x80002a24 (0x00f78433) add     s0, a5, a5
core   0: 3 0x80002a24 (0x00f78433) x 8 0xc2d66478
core   0: 0x80002a28 (0xe1cacd37) lui     s10, 0xe1cac
core   0: 3 0x80002a28 (0xe1cacd37) x26 0xe1cac000
core   0: 0x80002a2c (0x0bcdff37) lui     t5, 0xbcdf
core   0: 3 0x80002a2c (0x0bcdff37) x30 0x0bcdf000
core   0: 0x80002a30 (0x405d0cb3) sub     s9, s10, t0
core   0: 3 0x80002a30 (0x405d0cb3) x25 0x5461c5ec
core   0: 0x80002a34 (0x3756dd37) lui     s10, 0x3756d
core   0: 3 0x80002a34 (0x3756dd37) x26 0x3756d000
core   0: 0x80002a38 (0x215084b7) lui     s1, 0x21508
core   0: 3 0x80002a38 (0x215084b7) x 9 0x21508000
core   0: 0x80002a3c (0x64430d37) lui     s10, 0x64430
core   0: 3 0x80002a3c (0x64430d37) x26 0x64430000
core   0: 0x80002a40 (0x409c8433) sub     s0, s9, s1
core   0: 3 0x80002a40 (0x409c8433) x 8 0x331145ec
core   0: 0x80002a44 (0xc02ac197) auipc   gp, 0xc02ac
core   0: 3 0x80002a44 (0xc02ac197) x 3 0x402aea44
core   0: 0x80002a48 (0x824fcdb7) lui     s11, 0x824fc
core   0: 3 0x80002a48 (0x824fcdb7) x27 0x824fc000
core   0: 0x80002a4c (0x02988d93) addi    s11, a7, 41
core   0: 3 0x80002a4c (0x02988d93) x27 0x07fffc7c
core   0: 0x80002a50 (0x314a7793) andi    a5, s4, 788
core   0: 3 0x80002a50 (0x314a7793) x15 0x00000010
core   0: 0x80002a54 (0x00c912b3) sll     t0, s2, a2
core   0: 3 0x80002a54 (0x00c912b3) x 5 0x00002dd1
core   0: 0x80002a58 (0x567abe13) sltiu   t3, s5, 1383
core   0: 3 0x80002a58 (0x567abe13) x28 0x00000001
core   0: 0x80002a5c (0x40e655b3) sra     a1, a2, a4
core   0: 3 0x80002a5c (0x40e655b3) x11 0x00000000
core   0: 0x80002a60 (0x017bf4b3) and     s1, s7, s7
core   0: 3 0x80002a60 (0x017bf4b3) x 9 0x00000000
core   0: 0x80002a64 (0x0560cb93) xori    s7, ra, 86
core   0: 3 0x80002a64 (0x0560cb93) x23 0xffffffa9
core   0: 0x80002a68 (0xa360be93) sltiu   t4, ra, -1482
core   0: 3 0x80002a68 (0xa360be93) x29 0x00000000
core   0: 0x80002a6c (0x013a8fb3) add     t6, s5, s3
core   0: 3 0x80002a6c (0x013a8fb3) x31 0xfffffc9f
core   0: 0x80002a70 (0x5f420013) addi    zero, tp, 1524
core   0: 3 0x80002a70 (0x5f420013)
core   0: 0x80002a74 (0x13bce593) ori     a1, s9, 315
core   0: 3 0x80002a74 (0x13bce593) x11 0x5461c5ff
core   0: 0x80002a78 (0x006a4433) xor     s0, s4, t1
core   0: 3 0x80002a78 (0x006a4433) x 8 0x80014cf4
core   0: 0x80002a7c (0x002ad193) srli    gp, s5, 2
core   0: 3 0x80002a7c (0x002ad193) x 3 0x00000000
core   0: 0x80002a80 (0x8c366793) ori     a5, a2, -1853
core   0: 3 0x80002a80 (0x8c366793) x15 0xfffff8c3
core   0: 0x80002a84 (0xa97e2c17) auipc   s8, 0xa97e2
core   0: 3 0x80002a84 (0xa97e2c17) x24 0x297e4a84
core   0: 0x80002a88 (0x00f8deb3) srl     t4, a7, a5
core   0: 3 0x80002a88 (0x00f8deb3) x29 0x00ffff8a
core   0: 0x80002a8c (0xf7d0fa93) andi    s5, ra, -131
core   0: 3 0x80002a8c (0xf7d0fa93) x21 0xffffff7d
core   0: 0x80002a90 (0x007ad893) srli    a7, s5, 7
core   0: 3 0x80002a90 (0x007ad893) x17 0x01fffffe
core   0: 0x80002a94 (0x40895b33) sra     s6, s2, s0
core   0: 3 0x80002a94 (0x40895b33) x22 0x00000000
core   0: 0x80002a98 (0x6d186137) lui     sp, 0x6d186
core   0: 3 0x80002a98 (0x6d186137) x 2 0x6d186000
core   0: 0x80002a9c (0x97236417) auipc   s0, 0x97236
core   0: 3 0x80002a9c (0x97236417) x 8 0x17238a9c
core   0: 0x80002aa0 (0x00102cb3) slt     s9, zero, ra
core   0: 3 0x80002aa0 (0x00102cb3) x25 0x00000000
core   0: 0x80002aa4 (0x364b0437) lui     s0, 0x364b0
core   0: 3 0x80002aa4 (0x364b0437) x 8 0x364b0000
core   0: 0x80002aa8 (0x01beb2b3) sltu    t0, t4, s11
core   0: 3 0x80002aa8 (0x01beb2b3) x 5 0x00000001
core   0: 0x80002aac (0x4081db33) sra     s6, gp, s0
core   0: 3 0x80002aac (0x4081db33) x22 0x00000000
core   0: 0x80002ab0 (0x016c6133) or      sp, s8, s6
core   0: 3 0x80002ab0 (0x016c6133) x 2 0x297e4a84
core   0: 0x80002ab4 (0x0140db33) srl     s6, ra, s4
core   0: 3 0x80002ab4 (0x0140db33) x22 0x0000ffff
core   0: 0x80002ab8 (0x006b21b3) slt     gp, s6, t1
core   0: 3 0x80002ab8 (0x006b21b3) x 3 0x00000000
core   0: 0x80002abc (0x00093ab3) sltu    s5, s2, zero
core   0: 3 0x80002abc (0x00093ab3) x21 0x00000000
core   0: 0x80002ac0 (0x78f43913) sltiu   s2, s0, 1935
core   0: 3 0x80002ac0 (0x78f43913) x18 0x00000000
core   0: 0x80002ac4 (0xe9b76713) ori     a4, a4, -357
core   0: 3 0x80002ac4 (0xe9b76713) x14 0xfffffebf
core   0: 0x80002ac8 (0x00c51113) slli    sp, a0, 12
core   0: 3 0x80002ac8 (0x00c51113) x 2 0x10e64000
core   0: 0x80002acc (0x639de713) ori     a4, s11, 1593
core   0: 3 0x80002acc (0x639de713) x14 0x07fffe7d
core   0: 0x80002ad0 (0x01c6c6b3) xor     a3, a3, t3
core   0: 3 0x80002ad0 (0x01c6c6b3) x13 0x00000001
core   0: 0x80002ad4 (0x00389d13) slli    s10, a7, 3
core   0: 3 0x80002ad4 (0x00389d13) x26 0x0ffffff0
core   0: 0x80002ad8 (0x4003d893) srai    a7, t2, 0
core   0: 3 0x80002ad8 (0x4003d893) x17 0x80000000
core   0: 0x80002adc (0x0073c033) xor     zero, t2, t2
core   0: 3 0x80002adc (0x0073c033)
core   0: 0x80002ae0 (0xc1b78413) addi    s0, a5, -997
core   0: 3 0x80002ae0 (0xc1b78413) x 8 0xfffff4de
core   0: 0x80002ae4 (0x01431fb3) sll     t6, t1, s4
core   0: 3 0x80002ae4 (0x01431fb3) x31 0x4ce40000
core   0: 0x80002ae8 (0x017e1013) slli    zero, t3, 23
core   0: 3 0x80002ae8 (0x017e1013)
core   0: 0x80002aec (0x00a85133) srl     sp, a6, a0
core   0: 3 0x80002aec (0x00a85133) x 2 0x00000000
core   0: 0x80002af0 (0x8da18813) addi    a6, gp, -1830
core   0: 3 0x80002af0 (0x8da18813) x16 0xfffff8da
core   0: 0x80002af4 (0x5a343b97) auipc   s7, 0x5a343
core   0: 3 0x80002af4 (0x5a343b97) x23 0xda345af4
core   0: 0x80002af8 (0x00ca7eb3) and     t4, s4, a2
core   0: 3 0x80002af8 (0x00ca7eb3) x29 0x00000000
core   0: 0x80002afc (0x00000013) nop
core   0: 3 0x80002afc (0x00000013)
core   0: 0x80002b00 (0x00000013) nop
core   0: 3 0x80002b00 (0x00000013)
core   0: 0x80002b04 (0x00a41e33) sll     t3, s0, a0
core   0: 3 0x80002b04 (0x00a41e33) x28 0xffff4de0
core   0: 0x80002b08 (0x86818713) addi    a4, gp, -1944
core   0: 3 0x80002b08 (0x86818713) x14 0xfffff868
core   0: 0x80002b0c (0x00e4bcb3) sltu    s9, s1, a4
core   0: 3 0x80002b0c (0x00e4bcb3) x25 0x00000001
core   0: 0x80002b10 (0x01937233) and     tp, t1, s9
core   0: 3 0x80002b10 (0x01937233) x 4 0x00000000
core   0: 0x80002b14 (0x007b5a13) srli    s4, s6, 7
core   0: 3 0x80002b14 (0x007b5a13) x20 0x000001ff
core   0: 0x80002b18 (0xf6425837) lui     a6, 0xf6425
core   0: 3 0x80002b18 (0xf6425837) x16 0xf6425000
core   0: 0x80002b1c (0x01f02e33) slt     t3, zero, t6
core   0: 3 0x80002b1c (0x01f02e33) x28 0x00000001
core   0: 0x80002b20 (0x60c37493) andi    s1, t1, 1548
core   0: 3 0x80002b20 (0x60c37493) x 9 0x00000404
core   0: 0x80002b24 (0x40e3deb3) sra     t4, t2, a4
core   0: 3 0x80002b24 (0x40e3deb3) x29 0xff800000
core   0: 0x80002b28 (0x017a5033) srl     zero, s4, s7
core   0: 3 0x80002b28 (0x017a5033)
core   0: 0x80002b2c (0x01b15bb3) srl     s7, sp, s11
core   0: 3 0x80002b2c (0x01b15bb3) x23 0x00000000
core   0: 0x80002b30 (0x007f9933) sll     s2, t6, t2
core   0: 3 0x80002b30 (0x007f9933) x18 0x4ce40000
core   0: 0x80002b34 (0x41e9dc33) sra     s8, s3, t5
core   0: 3 0x80002b34 (0x41e9dc33) x24 0xfffffc9f
core   0: 0x80002b38 (0x00000013) nop
core   0: 3 0x80002b38 (0x00000013)
core   0: 0x80002b3c (0x016d1a13) slli    s4, s10, 22
core   0: 3 0x80002b3c (0x016d1a13) x20 0xfc000000
core   0: 0x80002b40 (0x0180c133) xor     sp, ra, s8
core   0: 3 0x80002b40 (0x0180c133) x 2 0x00000360
core   0: 0x80002b44 (0x00361a13) slli    s4, a2, 3
core   0: 3 0x80002b44 (0x00361a13) x20 0x00000000
core   0: 0x80002b48 (0x41e40433) sub     s0, s0, t5
core   0: 3 0x80002b48 (0x41e40433) x 8 0xf43204de
core   0: 0x80002b4c (0x40750133) sub     sp, a0, t2
core   0: 3 0x80002b4c (0x40750133) x 2 0x00010e64
core   0: 0x80002b50 (0x003fbab3) sltu    s5, t6, gp
core   0: 3 0x80002b50 (0x003fbab3) x21 0x00000000
core   0: 0x80002b54 (0x2a437d93) andi    s11, t1, 676
core   0: 3 0x80002b54 (0x2a437d93) x27 0x000000a4
core   0: 0x80002b58 (0x017d44b3) xor     s1, s10, s7
core   0: 3 0x80002b58 (0x017d44b3) x 9 0x0ffffff0
core   0: 0x80002b5c (0x00cdcbb3) xor     s7, s11, a2
core   0: 3 0x80002b5c (0x00cdcbb3) x23 0x000000a4
core   0: 0x80002b60 (0x40b23817) auipc   a6, 0x40b23
core   0: 3 0x80002b60 (0x40b23817) x16 0xc0b25b60
core   0: 0x80002b64 (0x000596b3) sll     a3, a1, zero
core   0: 3 0x80002b64 (0x000596b3) x13 0x5461c5ff
core   0: 0x80002b68 (0x4de2b593) sltiu   a1, t0, 1246
core   0: 3 0x80002b68 (0x4de2b593) x11 0x00000001
core   0: 0x80002b6c (0x011e9c93) slli    s9, t4, 17
core   0: 3 0x80002b6c (0x011e9c93) x25 0x00000000
core   0: 0x80002b70 (0xbc3cbb93) sltiu   s7, s9, -1085
core   0: 3 0x80002b70 (0xbc3cbb93) x23 0x00000001
core   0: 0x80002b74 (0xe1287d97) auipc   s11, 0xe1287
core   0: 3 0x80002b74 (0xe1287d97) x27 0x61289b74
core   0: 0x80002b78 (0x40347a93) andi    s5, s0, 1027
core   0: 3 0x80002b78 (0x40347a93) x21 0x00000402
core   0: 0x80002b7c (0x16158c93) addi    s9, a1, 353
core   0: 3 0x80002b7c (0x16158c93) x25 0x00000162
core   0: 0x80002b80 (0x443a3013) sltiu   zero, s4, 1091
core   0: 3 0x80002b80 (0x443a3013)
core   0: 0x80002b84 (0xa2a4ff37) lui     t5, 0xa2a4f
core   0: 3 0x80002b84 (0xa2a4ff37) x30 0xa2a4f000
core   0: 0x80002b88 (0x001c44b3) xor     s1, s8, ra
core   0: 3 0x80002b88 (0x001c44b3) x 9 0x00000360
core   0: 0x80002b8c (0x00457033) and     zero, a0, tp
core   0: 3 0x80002b8c (0x00457033)
core   0: 0x80002b90 (0x6a185117) auipc   sp, 0x6a185
core   0: 3 0x80002b90 (0x6a185117) x 2 0xea187b90
core   0: 0x80002b94 (0x41cfd9b3) sra     s3, t6, t3
core   0: 3 0x80002b94 (0x41cfd9b3) x19 0x26720000
core   0: 0x80002b98 (0x00e692b3) sll     t0, a3, a4
core   0: 3 0x80002b98 (0x00e692b3) x 5 0x61c5ff00
core   0: 0x80002b9c (0x002e4fb3) xor     t6, t3, sp
core   0: 3 0x80002b9c (0x002e4fb3) x31 0xea187b91
core   0: 0x80002ba0 (0x5388c093) xori    ra, a7, 1336
core   0: 3 0x80002ba0 (0x5388c093) x 1 0x80000538
core   0: 0x80002ba4 (0x0181edb3) or      s11, gp, s8
core   0: 3 0x80002ba4 (0x0181edb3) x27 0xfffffc9f
core   0: 0x80002ba8 (0xc6977193) andi    gp, a4, -919
core   0: 3 0x80002ba8 (0xc6977193) x 3 0xfffff868
core   0: 0x80002bac (0xaef40813) addi    a6, s0, -1297
core   0: 3 0x80002bac (0xaef40813) x16 0xf431ffcd
core   0: 0x80002bb0 (0x00000013) nop
core   0: 3 0x80002bb0 (0x00000013)
core   0: 0x80002bb4 (0x003f5db3) srl     s11, t5, gp
core   0: 3 0x80002bb4 (0x003f5db3) x27 0x00a2a4f0
core   0: 0x80002bb8 (0x0061df13) srli    t5, gp, 6
core   0: 3 0x80002bb8 (0x0061df13) x30 0x03ffffe1
core   0: 0x80002bbc (0x0124d7b3) srl     a5, s1, s2
core   0: 3 0x80002bbc (0x0124d7b3) x15 0x00000360
core   0: 0x80002bc0 (0x001fddb3) srl     s11, t6, ra
core   0: 3 0x80002bc0 (0x001fddb3) x27 0x000000ea
core   0: 0x80002bc4 (0xbf244b13) xori    s6, s0, -1038
core   0: 3 0x80002bc4 (0xbf244b13) x22 0x0bcdff2c
core   0: 0x80002bc8 (0x402f05b3) sub     a1, t5, sp
core   0: 3 0x80002bc8 (0x402f05b3) x11 0x19e78451
core   0: 0x80002bcc (0x45444013) xori    zero, s0, 1108
core   0: 3 0x80002bcc (0x45444013)
core   0: 0x80002bd0 (0x84442b93) slti    s7, s0, -1980
core   0: 3 0x80002bd0 (0x84442b93) x23 0x00000001
core   0: 0x80002bd4 (0x00289e13) slli    t3, a7, 2
core   0: 3 0x80002bd4 (0x00289e13) x28 0x00000000
core   0: 0x80002bd8 (0x35dd3413) sltiu   s0, s10, 861
core   0: 3 0x80002bd8 (0x35dd3413) x 8 0x00000000
core   0: 0x80002bdc (0x01a462b3) or      t0, s0, s10
core   0: 3 0x80002bdc (0x01a462b3) x 5 0x0ffffff0
core   0: 0x80002be0 (0x3b673937) lui     s2, 0x3b673
core   0: 3 0x80002be0 (0x3b673937) x18 0x3b673000
core   0: 0x80002be4 (0x015f4cb3) xor     s9, t5, s5
core   0: 3 0x80002be4 (0x015f4cb3) x25 0x03fffbe3
core   0: 0x80002be8 (0x0025aa33) slt     s4, a1, sp
core   0: 3 0x80002be8 (0x0025aa33) x20 0x00000000
core   0: 0x80002bec (0x41c5dd33) sra     s10, a1, t3
core   0: 3 0x80002bec (0x41c5dd33) x26 0x19e78451
core   0: 0x80002bf0 (0xe7a2ec13) ori     s8, t0, -390
core   0: 3 0x80002bf0 (0xe7a2ec13) x24 0xfffffffa
core   0: 0x80002bf4 (0xbf74ab13) slti    s6, s1, -1033
core   0: 3 0x80002bf4 (0xbf74ab13) x22 0x00000000
core   0: 0x80002bf8 (0x00000013) nop
core   0: 3 0x80002bf8 (0x00000013)
core   0: 0x80002bfc (0xc82cf813) andi    a6, s9, -894
core   0: 3 0x80002bfc (0xc82cf813) x16 0x03fff882
core   0: 0x80002c00 (0x01b16a33) or      s4, sp, s11
core   0: 3 0x80002c00 (0x01b16a33) x20 0xea187bfa
core   0: 0x80002c04 (0x01028933) add     s2, t0, a6
core   0: 3 0x80002c04 (0x01028933) x18 0x13fff872
core   0: 0x80002c08 (0x00d0d293) srli    t0, ra, 13
core   0: 3 0x80002c08 (0x00d0d293) x 5 0x00040000
core   0: 0x80002c0c (0xfe616113) ori     sp, sp, -26
core   0: 3 0x80002c0c (0xfe616113) x 2 0xfffffff6
core   0: 0x80002c10 (0x9d7ae593) ori     a1, s5, -1577
core   0: 3 0x80002c10 (0x9d7ae593) x11 0xfffffdd7
core   0: 0x80002c14 (0x00000013) nop
core   0: 3 0x80002c14 (0x00000013)
core   0: 0x80002c18 (0x00e0e2b3) or      t0, ra, a4
core   0: 3 0x80002c18 (0x00e0e2b3) x 5 0xfffffd78
core   0: 0x80002c1c (0x01715993) srli    s3, sp, 23
core   0: 3 0x80002c1c (0x01715993) x19 0x000001ff
core   0: 0x80002c20 (0x448ee593) ori     a1, t4, 1096
core   0: 3 0x80002c20 (0x448ee593) x11 0xff800448
core   0: 0x80002c24 (0xf6f33e93) sltiu   t4, t1, -145
core   0: 3 0x80002c24 (0xf6f33e93) x29 0x00000001
core   0: 0x80002c28 (0x0170d813) srli    a6, ra, 23
core   0: 3 0x80002c28 (0x0170d813) x16 0x00000100
core   0: 0x80002c2c (0x419e0233) sub     tp, t3, s9
core   0: 3 0x80002c2c (0x419e0233) x 4 0xfc00041d
core   0: 0x80002c30 (0x00000013) nop
core   0: 3 0x80002c30 (0x00000013)
core   0: 0x80002c34 (0x4574f897) auipc   a7, 0x4574f
core   0: 3 0x80002c34 (0x4574f897) x17 0xc5751c34
core   0: 0x80002c38 (0x01167f33) and     t5, a2, a7
core   0: 3 0x80002c38 (0x01167f33) x30 0x00000000
core   0: 0x80002c3c (0x008974b3) and     s1, s2, s0
core   0: 3 0x80002c3c (0x008974b3) x 9 0x00000000
core   0: 0x80002c40 (0x5b9bb413) sltiu   s0, s7, 1465
core   0: 3 0x80002c40 (0x5b9bb413) x 8 0x00000001
core   0: 0x80002c44 (0x00869893) slli    a7, a3, 8
core   0: 3 0x80002c44 (0x00869893) x17 0x61c5ff00
core   0: 0x80002c48 (0x40140fb3) sub     t6, s0, ra
core   0: 3 0x80002c48 (0x40140fb3) x31 0x7ffffac9
core   0: 0x80002c4c (0x007ef133) and     sp, t4, t2
core   0: 3 0x80002c4c (0x007ef133) x 2 0x00000000
core   0: 0x80002c50 (0x0f8e4497) auipc   s1, 0xf8e4
core   0: 3 0x80002c50 (0x0f8e4497) x 9 0x8f8e6c50
core   0: 0x80002c54 (0x009e5b13) srli    s6, t3, 9
core   0: 3 0x80002c54 (0x009e5b13) x22 0x00000000
core   0: 0x80002c58 (0x0015eab3) or      s5, a1, ra
core   0: 3 0x80002c58 (0x0015eab3) x21 0xff800578
core   0: 0x80002c5c (0x015f9993) slli    s3, t6, 21
core   0: 3 0x80002c5c (0x015f9993) x19 0x59200000
core   0: 0x80002c60 (0x011f9593) slli    a1, t6, 17
core   0: 3 0x80002c60 (0x011f9593) x11 0xf5920000
core   0: 0x80002c64 (0x4024d233) sra     tp, s1, sp
core   0: 3 0x80002c64 (0x4024d233) x 4 0x8f8e6c50
core   0: 0x80002c68 (0xc4683293) sltiu   t0, a6, -954
core   0: 3 0x80002c68 (0xc4683293) x 5 0x00000001
core   0: 0x80002c6c (0x9143fdb7) lui     s11, 0x9143f
core   0: 3 0x80002c6c (0x9143fdb7) x27 0x9143f000
core   0: 0x80002c70 (0x00f76db3) or      s11, a4, a5
core   0: 3 0x80002c70 (0x00f76db3) x27 0xfffffb68
core   0: 0x80002c74 (0x9e5f4d13) xori    s10, t5, -1563
core   0: 3 0x80002c74 (0x9e5f4d13) x26 0xfffff9e5
core   0: 0x80002c78 (0x40975813) srai    a6, a4, 9
core   0: 3 0x80002c78 (0x40975813) x16 0xfffffffc
core   0: 0x80002c7c (0x000c0033) add     zero, s8, zero
core   0: 3 0x80002c7c (0x000c0033)
core   0: 0x80002c80 (0x3cd97a13) andi    s4, s2, 973
core   0: 3 0x80002c80 (0x3cd97a13) x20 0x00000040
core   0: 0x80002c84 (0x01107033) and     zero, zero, a7
core   0: 3 0x80002c84 (0x01107033)
core   0: 0x80002c88 (0x4143da93) srai    s5, t2, 20
core   0: 3 0x80002c88 (0x4143da93) x21 0xfffff800
core   0: 0x80002c8c (0xfc3e1f97) auipc   t6, 0xfc3e1
core   0: 3 0x80002c8c (0xfc3e1f97) x31 0x7c3e3c8c
core   0: 0x80002c90 (0x01d205b3) add     a1, tp, t4
core   0: 3 0x80002c90 (0x01d205b3) x11 0x8f8e6c51
core   0: 0x80002c94 (0x00000013) nop
core   0: 3 0x80002c94 (0x00000013)
core   0: 0x80002c98 (0x013db433) sltu    s0, s11, s3
core   0: 3 0x80002c98 (0x013db433) x 8 0x00000000
core   0: 0x80002c9c (0x11d78a97) auipc   s5, 0x11d78
core   0: 3 0x80002c9c (0x11d78a97) x21 0x91d7ac9c
core   0: 0x80002ca0 (0x74c43213) sltiu   tp, s0, 1868
core   0: 3 0x80002ca0 (0x74c43213) x 4 0x00000001
core   0: 0x80002ca4 (0x003a9013) slli    zero, s5, 3
core   0: 3 0x80002ca4 (0x003a9013)
core   0: 0x80002ca8 (0x96636593) ori     a1, t1, -1690
core   0: 3 0x80002ca8 (0x96636593) x11 0xfffffde6
core   0: 0x80002cac (0x00071d93) slli    s11, a4, 0
core   0: 3 0x80002cac (0x00071d93) x27 0xfffff868
core   0: 0x80002cb0 (0x00d6db33) srl     s6, a3, a3
core   0: 3 0x80002cb0 (0x00d6db33) x22 0x00000000
core   0: 0x80002cb4 (0x41d70633) sub     a2, a4, t4
core   0: 3 0x80002cb4 (0x41d70633) x12 0xfffff867
core   0: 0x80002cb8 (0x0c6d8593) addi    a1, s11, 198
core   0: 3 0x80002cb8 (0x0c6d8593) x11 0xfffff92e
core   0: 0x80002cbc (0x40565cb3) sra     s9, a2, t0
core   0: 3 0x80002cbc (0x40565cb3) x25 0xfffffc33
core   0: 0x80002cc0 (0x00cc2fb3) slt     t6, s8, a2
core   0: 3 0x80002cc0 (0x00cc2fb3) x31 0x00000000
core   0: 0x80002cc4 (0xe1a03713) sltiu   a4, zero, -486
core   0: 3 0x80002cc4 (0xe1a03713) x14 0x00000001
core   0: 0x80002cc8 (0x5dd7fd13) andi    s10, a5, 1501
core   0: 3 0x80002cc8 (0x5dd7fd13) x26 0x00000140
core   0: 0x80002ccc (0xc402c713) xori    a4, t0, -960
core   0: 3 0x80002ccc (0xc402c713) x14 0xfffffc41
core   0: 0x80002cd0 (0x010f09b3) add     s3, t5, a6
core   0: 3 0x80002cd0 (0x010f09b3) x19 0xfffffffc
core   0: 0x80002cd4 (0x0151c5b3) xor     a1, gp, s5
core   0: 3 0x80002cd4 (0x0151c5b3) x11 0x6e2854f4
core   0: 0x80002cd8 (0x01280d33) add     s10, a6, s2
core   0: 3 0x80002cd8 (0x01280d33) x26 0x13fff86e
core   0: 0x80002cdc (0x40afd7b3) sra     a5, t6, a0
core   0: 3 0x80002cdc (0x40afd7b3) x15 0x00000000
core   0: 0x80002ce0 (0x00a682b3) add     t0, a3, a0
core   0: 3 0x80002ce0 (0x00a682b3) x 5 0xd462d463
core   0: 0x80002ce4 (0x4b3f4713) xori    a4, t5, 1203
core   0: 3 0x80002ce4 (0x4b3f4713) x14 0x000004b3
core   0: 0x80002ce8 (0x018d4b33) xor     s6, s10, s8
core   0: 3 0x80002ce8 (0x018d4b33) x22 0xec000794
core   0: 0x80002cec (0x01ac8233) add     tp, s9, s10
core   0: 3 0x80002cec (0x01ac8233) x 4 0x13fff4a1
core   0: 0x80002cf0 (0x01374233) xor     tp, a4, s3
core   0: 3 0x80002cf0 (0x01374233) x 4 0xfffffb4f
core   0: 0x80002cf4 (0xa23aa713) slti    a4, s5, -1501
core   0: 3 0x80002cf4 (0xa23aa713) x14 0x00000001
core   0: 0x80002cf8 (0xd2c9ef93) ori     t6, s3, -724
core   0: 3 0x80002cf8 (0xd2c9ef93) x31 0xfffffffc
core   0: 0x80002cfc (0x0170a233) slt     tp, ra, s7
core   0: 3 0x80002cfc (0x0170a233) x 4 0x00000001
core   0: 0x80002d00 (0xa2bb2d13) slti    s10, s6, -1493
core   0: 3 0x80002d00 (0xa2bb2d13) x26 0x00000001
core   0: 0x80002d04 (0xdcb66c13) ori     s8, a2, -565
core   0: 3 0x80002d04 (0xdcb66c13) x24 0xfffffdef
core   0: 0x80002d08 (0x007d5193) srli    gp, s10, 7
core   0: 3 0x80002d08 (0x007d5193) x 3 0x00000000
core   0: 0x80002d0c (0x40de5933) sra     s2, t3, a3
core   0: 3 0x80002d0c (0x40de5933) x18 0x00000000
core   0: 0x80002d10 (0x94f4eb97) auipc   s7, 0x94f4e
core   0: 3 0x80002d10 (0x94f4eb97) x23 0x14f50d10
core   0: 0x80002d14 (0x01cf1413) slli    s0, t5, 28
core   0: 3 0x80002d14 (0x01cf1413) x 8 0x00000000
core   0: 0x80002d18 (0x0136c433) xor     s0, a3, s3
core   0: 3 0x80002d18 (0x0136c433) x 8 0xab9e3a03
core   0: 0x80002d1c (0xadd00193) li      gp, -1315
core   0: 3 0x80002d1c (0xadd00193) x 3 0xfffffadd
core   0: 0x80002d20 (0x00000013) nop
core   0: 3 0x80002d20 (0x00000013)
core   0: 0x80002d24 (0x00447133) and     sp, s0, tp
core   0: 3 0x80002d24 (0x00447133) x 2 0x00000001
core   0: 0x80002d28 (0xe0db4d13) xori    s10, s6, -499
core   0: 3 0x80002d28 (0xe0db4d13) x26 0x13fff999
core   0: 0x80002d2c (0x00000013) nop
core   0: 3 0x80002d2c (0x00000013)
core   0: 0x80002d30 (0x01909d93) slli    s11, ra, 25
core   0: 3 0x80002d30 (0x01909d93) x27 0x70000000
core   0: 0x80002d34 (0x4ebf3193) sltiu   gp, t5, 1259
core   0: 3 0x80002d34 (0x4ebf3193) x 3 0x00000001
core   0: 0x80002d38 (0x0118b033) sltu    zero, a7, a7
core   0: 3 0x80002d38 (0x0118b033)
core   0: 0x80002d3c (0x00735133) srl     sp, t1, t2
core   0: 3 0x80002d3c (0x00735133) x 2 0x80014ce4
core   0: 0x80002d40 (0x418ad713) srai    a4, s5, 24
core   0: 3 0x80002d40 (0x418ad713) x14 0xffffff91
core   0: 0x80002d44 (0x88960893) addi    a7, a2, -1911
core   0: 3 0x80002d44 (0x88960893) x17 0xfffff0f0
core   0: 0x80002d48 (0x00701a13) slli    s4, zero, 7
core   0: 3 0x80002d48 (0x00701a13) x20 0x00000000
core   0: 0x80002d4c (0x8188e093) ori     ra, a7, -2024
core   0: 3 0x80002d4c (0x8188e093) x 1 0xfffff8f8
core   0: 0x80002d50 (0x01d2adb3) slt     s11, t0, t4
core   0: 3 0x80002d50 (0x01d2adb3) x27 0x00000001
core   0: 0x80002d54 (0x01e49093) slli    ra, s1, 30
core   0: 3 0x80002d54 (0x01e49093) x 1 0x00000000
core   0: 0x80002d58 (0x002c9b13) slli    s6, s9, 2
core   0: 3 0x80002d58 (0x002c9b13) x22 0xfffff0cc
core   0: 0x80002d5c (0x001c2833) slt     a6, s8, ra
core   0: 3 0x80002d5c (0x001c2833) x16 0x00000001
core   0: 0x80002d60 (0x157cc013) xori    zero, s9, 343
core   0: 3 0x80002d60 (0x157cc013)
core   0: 0x80002d64 (0x003ccbb3) xor     s7, s9, gp
core   0: 3 0x80002d64 (0x003ccbb3) x23 0xfffffc32
core   0: 0x80002d68 (0x00000013) nop
core   0: 3 0x80002d68 (0x00000013)
core   0: 0x80002d6c (0x3caea293) slti    t0, t4, 970
core   0: 3 0x80002d6c (0x3caea293) x 5 0x00000001
core   0: 0x80002d70 (0x0d628c93) addi    s9, t0, 214
core   0: 3 0x80002d70 (0x0d628c93) x25 0x000000d7
core   0: 0x80002d74 (0x9916cb93) xori    s7, a3, -1647
core   0: 3 0x80002d74 (0x9916cb93) x23 0xab9e3c6e
core   0: 0x80002d78 (0x981fe693) ori     a3, t6, -1663
core   0: 3 0x80002d78 (0x981fe693) x13 0xfffffffd
core   0: 0x80002d7c (0x00914b33) xor     s6, sp, s1
core   0: 3 0x80002d7c (0x00914b33) x22 0x0f8f20b4
core   0: 0x80002d80 (0x0066d733) srl     a4, a3, t1
core   0: 3 0x80002d80 (0x0066d733) x14 0x0fffffff
core   0: 0x80002d84 (0x38d32113) slti    sp, t1, 909
core   0: 3 0x80002d84 (0x38d32113) x 2 0x00000001
core   0: 0x80002d88 (0x01371013) slli    zero, a4, 19
core   0: 3 0x80002d88 (0x01371013)
core   0: 0x80002d8c (0x01a49c33) sll     s8, s1, s10
core   0: 3 0x80002d8c (0x01a49c33) x24 0xa0000000
core   0: 0x80002d90 (0x00ef2cb3) slt     s9, t5, a4
core   0: 3 0x80002d90 (0x00ef2cb3) x25 0x00000001
core   0: 0x80002d94 (0x3646b893) sltiu   a7, a3, 868
core   0: 3 0x80002d94 (0x3646b893) x17 0x00000000
core   0: 0x80002d98 (0x00c377b3) and     a5, t1, a2
core   0: 3 0x80002d98 (0x00c377b3) x15 0x80014864
core   0: 0x80002d9c (0x01c8e033) or      zero, a7, t3
core   0: 3 0x80002d9c (0x01c8e033)
core   0: 0x80002da0 (0x00532bb3) slt     s7, t1, t0
core   0: 3 0x80002da0 (0x00532bb3) x23 0x00000001
core   0: 0x80002da4 (0x01c912b3) sll     t0, s2, t3
core   0: 3 0x80002da4 (0x01c912b3) x 5 0x00000000
core   0: 0x80002da8 (0x411d0fb3) sub     t6, s10, a7
core   0: 3 0x80002da8 (0x411d0fb3) x31 0x13fff999
core   0: 0x80002dac (0x6e108993) addi    s3, ra, 1761
core   0: 3 0x80002dac (0x6e108993) x19 0x000006e1
core   0: 0x80002db0 (0x01514133) xor     sp, sp, s5
core   0: 3 0x80002db0 (0x01514133) x 2 0x91d7ac9d
core   0: 0x80002db4 (0x008c02b3) add     t0, s8, s0
core   0: 3 0x80002db4 (0x008c02b3) x 5 0x4b9e3a03
core   0: 0x80002db8 (0xed787f97) auipc   t6, 0xed787
core   0: 3 0x80002db8 (0xed787f97) x31 0x6d789db8
core   0: 0x80002dbc (0x00ef8cb3) add     s9, t6, a4
core   0: 3 0x80002dbc (0x00ef8cb3) x25 0x7d789db7
core   0: 0x80002dc0 (0x48b82893) slti    a7, a6, 1163
core   0: 3 0x80002dc0 (0x48b82893) x17 0x00000001
core   0: 0x80002dc4 (0x00adccb3) xor     s9, s11, a0
core   0: 3 0x80002dc4 (0x00adccb3) x25 0x80010e65
core   0: 0x80002dc8 (0x00c01833) sll     a6, zero, a2
core   0: 3 0x80002dc8 (0x00c01833) x16 0x00000000
core   0: 0x80002dcc (0x00af9933) sll     s2, t6, a0
core   0: 3 0x80002dcc (0x00af9933) x18 0xd789db80
core   0: 0x80002dd0 (0x403105b3) sub     a1, sp, gp
core   0: 3 0x80002dd0 (0x403105b3) x11 0x91d7ac9c
core   0: 0x80002dd4 (0x405a5c93) srai    s9, s4, 5
core   0: 3 0x80002dd4 (0x405a5c93) x25 0x00000000
core   0: 0x80002dd8 (0x174e6d13) ori     s10, t3, 372
core   0: 3 0x80002dd8 (0x174e6d13) x26 0x00000174
core   0: 0x80002ddc (0x4039df33) sra     t5, s3, gp
core   0: 3 0x80002ddc (0x4039df33) x30 0x00000370
core   0: 0x80002de0 (0x003e8233) add     tp, t4, gp
core   0: 3 0x80002de0 (0x003e8233) x 4 0x00000002
core   0: 0x80002de4 (0x003fd793) srli    a5, t6, 3
core   0: 3 0x80002de4 (0x003fd793) x15 0x0daf13b7
core   0: 0x80002de8 (0x0033fd33) and     s10, t2, gp
core   0: 3 0x80002de8 (0x0033fd33) x26 0x00000000
core   0: 0x80002dec (0x01174033) xor     zero, a4, a7
core   0: 3 0x80002dec (0x01174033)
core   0: 0x80002df0 (0x0130ba33) sltu    s4, ra, s3
core   0: 3 0x80002df0 (0x0130ba33) x20 0x00000001
core   0: 0x80002df4 (0x403a5213) srai    tp, s4, 3
core   0: 3 0x80002df4 (0x403a5213) x 4 0x00000000
core   0: 0x80002df8 (0xe3b68c13) addi    s8, a3, -453
core   0: 3 0x80002df8 (0xe3b68c13) x24 0xfffffe38
core   0: 0x80002dfc (0xf20f5717) auipc   a4, 0xf20f5
core   0: 3 0x80002dfc (0xf20f5717) x14 0x720f7dfc
core   0: 0x80002e00 (0x01025ab3) srl     s5, tp, a6
core   0: 3 0x80002e00 (0x01025ab3) x21 0x00000000
core   0: 0x80002e04 (0x00039d33) sll     s10, t2, zero
core   0: 3 0x80002e04 (0x00039d33) x26 0x80000000
core   0: 0x80002e08 (0x00007733) and     a4, zero, zero
core   0: 3 0x80002e08 (0x00007733) x14 0x00000000
core   0: 0x80002e0c (0x007c5c33) srl     s8, s8, t2
core   0: 3 0x80002e0c (0x007c5c33) x24 0xfffffe38
core   0: 0x80002e10 (0x402a06b3) sub     a3, s4, sp
core   0: 3 0x80002e10 (0x402a06b3) x13 0x6e285364
core   0: 0x80002e14 (0x0030a033) slt     zero, ra, gp
core   0: 3 0x80002e14 (0x0030a033)
core   0: 0x80002e18 (0x00819e93) slli    t4, gp, 8
core   0: 3 0x80002e18 (0x00819e93) x29 0x00000100
core   0: 0x80002e1c (0x00704e33) xor     t3, zero, t2
core   0: 3 0x80002e1c (0x00704e33) x28 0x80000000
core   0: 0x80002e20 (0x41ed02b3) sub     t0, s10, t5
core   0: 3 0x80002e20 (0x41ed02b3) x 5 0x7ffffc90
core   0: 0x80002e24 (0xe8d1cb97) auipc   s7, 0xe8d1c
core   0: 3 0x80002e24 (0xe8d1cb97) x23 0x68d1ee24
core   0: 0x80002e28 (0x41ced293) srai    t0, t4, 28
core   0: 3 0x80002e28 (0x41ced293) x 5 0x00000000
core   0: 0x80002e2c (0x0098bc33) sltu    s8, a7, s1
core   0: 3 0x80002e2c (0x0098bc33) x24 0x00000001
core   0: 0x80002e30 (0x01ba8ab3) add     s5, s5, s11
core   0: 3 0x80002e30 (0x01ba8ab3) x21 0x00000001
core   0: 0x80002e34 (0x60c87913) andi    s2, a6, 1548
core   0: 3 0x80002e34 (0x60c87913) x18 0x00000000
core   0: 0x80002e38 (0x40618d33) sub     s10, gp, t1
core   0: 3 0x80002e38 (0x40618d33) x26 0x7ffeb31d
core   0: 0x80002e3c (0x5e66ba13) sltiu   s4, a3, 1510
core   0: 3 0x80002e3c (0x5e66ba13) x20 0x00000000
core   0: 0x80002e40 (0x00139a33) sll     s4, t2, ra
core   0: 3 0x80002e40 (0x00139a33) x20 0x80000000
core   0: 0x80002e44 (0x20c2f013) andi    zero, t0, 524
core   0: 3 0x80002e44 (0x20c2f013)
core   0: 0x80002e48 (0x00000013) nop
core   0: 3 0x80002e48 (0x00000013)
core   0: 0x80002e4c (0x01e5f5b3) and     a1, a1, t5
core   0: 3 0x80002e4c (0x01e5f5b3) x11 0x00000010
core   0: 0x80002e50 (0x017bcf33) xor     t5, s7, s7
core   0: 3 0x80002e50 (0x017bcf33) x30 0x00000000
core   0: 0x80002e54 (0x0040d413) srli    s0, ra, 4
core   0: 3 0x80002e54 (0x0040d413) x 8 0x00000000
core   0: 0x80002e58 (0x42df1137) lui     sp, 0x42df1
core   0: 3 0x80002e58 (0x42df1137) x 2 0x42df1000
core   0: 0x80002e5c (0x00991293) slli    t0, s2, 9
core   0: 3 0x80002e5c (0x00991293) x 5 0x00000000
core   0: 0x80002e60 (0x753f1b17) auipc   s6, 0x753f1
core   0: 3 0x80002e60 (0x753f1b17) x22 0xf53f3e60
core   0: 0x80002e64 (0x400e5133) sra     sp, t3, zero
core   0: 3 0x80002e64 (0x400e5133) x 2 0x80000000
core   0: 0x80002e68 (0x0165de33) srl     t3, a1, s6
core   0: 3 0x80002e68 (0x0165de33) x28 0x00000010
core   0: 0x80002e6c (0x013e9213) slli    tp, t4, 19
core   0: 3 0x80002e6c (0x013e9213) x 4 0x08000000
core   0: 0x80002e70 (0x017e1913) slli    s2, t3, 23
core   0: 3 0x80002e70 (0x017e1913) x18 0x08000000
core   0: 0x80002e74 (0x018b0bb3) add     s7, s6, s8
core   0: 3 0x80002e74 (0x018b0bb3) x23 0xf53f3e61
core   0: 0x80002e78 (0x40140733) sub     a4, s0, ra
core   0: 3 0x80002e78 (0x40140733) x14 0x00000000
core   0: 0x80002e7c (0x00e347b3) xor     a5, t1, a4
core   0: 3 0x80002e7c (0x00e347b3) x15 0x80014ce4
core   0: 0x80002e80 (0x8c32ac93) slti    s9, t0, -1853
core   0: 3 0x80002e80 (0x8c32ac93) x25 0x00000000
core   0: 0x80002e84 (0x00e214b3) sll     s1, tp, a4
core   0: 3 0x80002e84 (0x00e214b3) x 9 0x08000000
core   0: 0x80002e88 (0x49afb113) sltiu   sp, t6, 1178
core   0: 3 0x80002e88 (0x49afb113) x 2 0x00000000
core   0: 0x80002e8c (0x00819c93) slli    s9, gp, 8
core   0: 3 0x80002e8c (0x00819c93) x25 0x00000100
core   0: 0x80002e90 (0x417851b3) sra     gp, a6, s7
core   0: 3 0x80002e90 (0x417851b3) x 3 0x00000000
core   0: 0x80002e94 (0x01355613) srli    a2, a0, 19
core   0: 3 0x80002e94 (0x01355613) x12 0x00001000
core   0: 0x80002e98 (0x19b94437) lui     s0, 0x19b94
core   0: 3 0x80002e98 (0x19b94437) x 8 0x19b94000
core   0: 0x80002e9c (0x41245b13) srai    s6, s0, 18
core   0: 3 0x80002e9c (0x41245b13) x22 0x0000066e
core   0: 0x80002ea0 (0x737e7993) andi    s3, t3, 1847
core   0: 3 0x80002ea0 (0x737e7993) x19 0x00000010
core   0: 0x80002ea4 (0x008eb7b3) sltu    a5, t4, s0
core   0: 3 0x80002ea4 (0x008eb7b3) x15 0x00000001
core   0: 0x80002ea8 (0x33cacd93) xori    s11, s5, 828
core   0: 3 0x80002ea8 (0x33cacd93) x27 0x0000033d
core   0: 0x80002eac (0x410708b3) sub     a7, a4, a6
core   0: 3 0x80002eac (0x410708b3) x17 0x00000000
core   0: 0x80002eb0 (0x73f7fc13) andi    s8, a5, 1855
core   0: 3 0x80002eb0 (0x73f7fc13) x24 0x00000001
core   0: 0x80002eb4 (0x00438233) add     tp, t2, tp
core   0: 3 0x80002eb4 (0x00438233) x 4 0x88000000
core   0: 0x80002eb8 (0x407ed013) srai    zero, t4, 7
core   0: 3 0x80002eb8 (0x407ed013)
core   0: 0x80002ebc (0x01b367b3) or      a5, t1, s11
core   0: 3 0x80002ebc (0x01b367b3) x15 0x80014ffd
core   0: 0x80002ec0 (0x0d27e713) ori     a4, a5, 210
core   0: 3 0x80002ec0 (0x0d27e713) x14 0x80014fff
core   0: 0x80002ec4 (0x004e24b3) slt     s1, t3, tp
core   0: 3 0x80002ec4 (0x004e24b3) x 9 0x00000000
core   0: 0x80002ec8 (0x4190ddb3) sra     s11, ra, s9
core   0: 3 0x80002ec8 (0x4190ddb3) x27 0x00000000
core   0: 0x80002ecc (0x5e46f293) andi    t0, a3, 1508
core   0: 3 0x80002ecc (0x5e46f293) x 5 0x00000164
core   0: 0x80002ed0 (0x01b5a033) slt     zero, a1, s11
core   0: 3 0x80002ed0 (0x01b5a033)
core   0: 0x80002ed4 (0x01395f13) srli    t5, s2, 19
core   0: 3 0x80002ed4 (0x01395f13) x30 0x00000100
core   0: 0x80002ed8 (0x00649bb3) sll     s7, s1, t1
core   0: 3 0x80002ed8 (0x00649bb3) x23 0x00000000
core   0: 0x80002edc (0x01dde1b3) or      gp, s11, t4
core   0: 3 0x80002edc (0x01dde1b3) x 3 0x00000100
core   0: 0x80002ee0 (0xa8be4a93) xori    s5, t3, -1397
core   0: 3 0x80002ee0 (0xa8be4a93) x21 0xfffffa9b
core   0: 0x80002ee4 (0x403950b3) sra     ra, s2, gp
core   0: 3 0x80002ee4 (0x403950b3) x 1 0x08000000
core   0: 0x80002ee8 (0xdcd94e13) xori    t3, s2, -563
core   0: 3 0x80002ee8 (0xdcd94e13) x28 0xf7fffdcd
core   0: 0x80002eec (0x013a6a33) or      s4, s4, s3
core   0: 3 0x80002eec (0x013a6a33) x20 0x80000010
core   0: 0x80002ef0 (0x41d606b3) sub     a3, a2, t4
core   0: 3 0x80002ef0 (0x41d606b3) x13 0x00000f00
core   0: 0x80002ef4 (0x015e1113) slli    sp, t3, 21
core   0: 3 0x80002ef4 (0x015e1113) x 2 0xb9a00000
core   0: 0x80002ef8 (0x006b1013) slli    zero, s6, 6
core   0: 3 0x80002ef8 (0x006b1013)
core   0: 0x80002efc (0xb78dff93) andi    t6, s11, -1160
core   0: 3 0x80002efc (0xb78dff93) x31 0x00000000
core   0: 0x80002f00 (0x004afc33) and     s8, s5, tp
core   0: 3 0x80002f00 (0x004afc33) x24 0x88000000
core   0: 0x80002f04 (0x41965f13) srai    t5, a2, 25
core   0: 3 0x80002f04 (0x41965f13) x30 0x00000000
core   0: 0x80002f08 (0xeb3dcd13) xori    s10, s11, -333
core   0: 3 0x80002f08 (0xeb3dcd13) x26 0xfffffeb3
core   0: 0x80002f0c (0x00000013) nop
core   0: 3 0x80002f0c (0x00000013)
core   0: 0x80002f10 (0xa9c6f697) auipc   a3, 0xa9c6f
core   0: 3 0x80002f10 (0xa9c6f697) x13 0x29c71f10
core   0: 0x80002f14 (0x0116deb3) srl     t4, a3, a7
core   0: 3 0x80002f14 (0x0116deb3) x29 0x29c71f10
core   0: 0x80002f18 (0xf1517a17) auipc   s4, 0xf1517
core   0: 3 0x80002f18 (0xf1517a17) x20 0x71519f18
core   0: 0x80002f1c (0x0f23e913) ori     s2, t2, 242
core   0: 3 0x80002f1c (0x0f23e913) x18 0x800000f2
core   0: 0x80002f20 (0x01641833) sll     a6, s0, s6
core   0: 3 0x80002f20 (0x01641833) x16 0x50000000
core   0: 0x80002f24 (0x7baea893) slti    a7, t4, 1978
core   0: 3 0x80002f24 (0x7baea893) x17 0x00000000
core   0: 0x80002f28 (0x00f21613) slli    a2, tp, 15
core   0: 3 0x80002f28 (0x00f21613) x12 0x00000000
core   0: 0x80002f2c (0x01171233) sll     tp, a4, a7
core   0: 3 0x80002f2c (0x01171233) x 4 0x80014fff
core   0: 0x80002f30 (0x01af5133) srl     sp, t5, s10
core   0: 3 0x80002f30 (0x01af5133) x 2 0x00000000
core   0: 0x80002f34 (0xb709c197) auipc   gp, 0xb709c
core   0: 3 0x80002f34 (0xb709c197) x 3 0x3709ef34
core   0: 0x80002f38 (0x0b261137) lui     sp, 0xb261
core   0: 3 0x80002f38 (0x0b261137) x 2 0x0b261000
core   0: 0x80002f3c (0x52337117) auipc   sp, 0x52337
core   0: 3 0x80002f3c (0x52337117) x 2 0xd2339f3c
core   0: 0x80002f40 (0x41ea8933) sub     s2, s5, t5
core   0: 3 0x80002f40 (0x41ea8933) x18 0xfffffa9b
core   0: 0x80002f44 (0x0138d413) srli    s0, a7, 19
core   0: 3 0x80002f44 (0x0138d413) x 8 0x00000000
core   0: 0x80002f48 (0x01db5033) srl     zero, s6, t4
core   0: 3 0x80002f48 (0x01db5033)
core   0: 0x80002f4c (0x00f9dfb3) srl     t6, s3, a5
core   0: 3 0x80002f4c (0x00f9dfb3) x31 0x00000000
core   0: 0x80002f50 (0x10b00893) li      a7, 267
core   0: 3 0x80002f50 (0x10b00893) x17 0x0000010b
core   0: 0x80002f54 (0x9afee297) auipc   t0, 0x9afee
core   0: 3 0x80002f54 (0x9afee297) x 5 0x1aff0f54
core   0: 0x80002f58 (0x00add733) srl     a4, s11, a0
core   0: 3 0x80002f58 (0x00add733) x14 0x00000000
core   0: 0x80002f5c (0x1d4a4293) xori    t0, s4, 468
core   0: 3 0x80002f5c (0x1d4a4293) x 5 0x71519ecc
core   0: 0x80002f60 (0xc2ae6693) ori     a3, t3, -982
core   0: 3 0x80002f60 (0xc2ae6693) x13 0xfffffdef
core   0: 0x80002f64 (0x01dc5cb3) srl     s9, s8, t4
core   0: 3 0x80002f64 (0x01dc5cb3) x25 0x00008800
core   0: 0x80002f68 (0x01de5a13) srli    s4, t3, 29
core   0: 3 0x80002f68 (0x01de5a13) x20 0x00000007
core   0: 0x80002f6c (0xf4332193) slti    gp, t1, -189
core   0: 3 0x80002f6c (0xf4332193) x 3 0x00000001
core   0: 0x80002f70 (0xed69c493) xori    s1, s3, -298
core   0: 3 0x80002f70 (0xed69c493) x 9 0xfffffec6
core   0: 0x80002f74 (0x0144afb3) slt     t6, s1, s4
core   0: 3 0x80002f74 (0x0144afb3) x31 0x00000001
core   0: 0x80002f78 (0xe8f86993) ori     s3, a6, -369
core   0: 3 0x80002f78 (0xe8f86993) x19 0xfffffe8f
core   0: 0x80002f7c (0x01ee01b3) add     gp, t3, t5
core   0: 3 0x80002f7c (0x01ee01b3) x 3 0xf7fffdcd
core   0: 0x80002f80 (0xd3553d17) auipc   s10, 0xd3553
core   0: 3 0x80002f80 (0xd3553d17) x26 0x53555f80
core   0: 0x80002f84 (0x019451b3) srl     gp, s0, s9
core   0: 3 0x80002f84 (0x019451b3) x 3 0x00000000
core   0: 0x80002f88 (0x010ffb33) and     s6, t6, a6
core   0: 3 0x80002f88 (0x010ffb33) x22 0x00000000
core   0: 0x80002f8c (0x4067d733) sra     a4, a5, t1
core   0: 3 0x80002f8c (0x4067d733) x14 0xf80014ff
core   0: 0x80002f90 (0x8a6b6c93) ori     s9, s6, -1882
core   0: 3 0x80002f90 (0x8a6b6c93) x25 0xfffff8a6
core   0: 0x80002f94 (0x00540fb3) add     t6, s0, t0
core   0: 3 0x80002f94 (0x00540fb3) x31 0x71519ecc
core   0: 0x80002f98 (0x00453bb3) sltu    s7, a0, tp
core   0: 3 0x80002f98 (0x00453bb3) x23 0x00000001
core   0: 0x80002f9c (0x016c8a33) add     s4, s9, s6
core   0: 3 0x80002f9c (0x016c8a33) x20 0xfffff8a6
core   0: 0x80002fa0 (0x00d7ceb3) xor     t4, a5, a3
core   0: 3 0x80002fa0 (0x00d7ceb3) x29 0x7ffeb212
core   0: 0x80002fa4 (0x0139db93) srli    s7, s3, 19
core   0: 3 0x80002fa4 (0x0139db93) x23 0x00001fff
core   0: 0x80002fa8 (0x01fbb733) sltu    a4, s7, t6
core   0: 3 0x80002fa8 (0x01fbb733) x14 0x00000001
core   0: 0x80002fac (0x01fcd813) srli    a6, s9, 31
core   0: 3 0x80002fac (0x01fcd813) x16 0x00000001
core   0: 0x80002fb0 (0x0eaa1217) auipc   tp, 0xeaa1
core   0: 3 0x80002fb0 (0x0eaa1217) x 4 0x8eaa3fb0
core   0: 0x80002fb4 (0x00bc0bb3) add     s7, s8, a1
core   0: 3 0x80002fb4 (0x00bc0bb3) x23 0x88000010
core   0: 0x80002fb8 (0x00b1cd33) xor     s10, gp, a1
core   0: 3 0x80002fb8 (0x00b1cd33) x26 0x00000010
core   0: 0x80002fbc (0x41cc5213) srai    tp, s8, 28
core   0: 3 0x80002fbc (0x41cc5213) x 4 0xfffffff8
core   0: 0x80002fc0 (0xead46493) ori     s1, s0, -339
core   0: 3 0x80002fc0 (0xead46493) x 9 0xfffffead
core   0: 0x80002fc4 (0xb1373f97) auipc   t6, 0xb1373
core   0: 3 0x80002fc4 (0xb1373f97) x31 0x31375fc4
core   0: 0x80002fc8 (0x00299c13) slli    s8, s3, 2
core   0: 3 0x80002fc8 (0x00299c13) x24 0xfffffa3c
core   0: 0x80002fcc (0xb40212b7) lui     t0, 0xb4021
core   0: 3 0x80002fcc (0xb40212b7) x 5 0xb4021000
core   0: 0x80002fd0 (0x414cde33) sra     t3, s9, s4
core   0: 3 0x80002fd0 (0x414cde33) x28 0xffffffe2
core   0: 0x80002fd4 (0x001ad2b3) srl     t0, s5, ra
core   0: 3 0x80002fd4 (0x001ad2b3) x 5 0xfffffa9b
core   0: 0x80002fd8 (0x404184b3) sub     s1, gp, tp
core   0: 3 0x80002fd8 (0x404184b3) x 9 0x00000008
core   0: 0x80002fdc (0xdfbc8db7) lui     s11, 0xdfbc8
core   0: 3 0x80002fdc (0xdfbc8db7) x27 0xdfbc8000
core   0: 0x80002fe0 (0x0081b733) sltu    a4, gp, s0
core   0: 3 0x80002fe0 (0x0081b733) x14 0x00000000
core   0: 0x80002fe4 (0x002272b3) and     t0, tp, sp
core   0: 3 0x80002fe4 (0x002272b3) x 5 0xd2339f38
core   0: 0x80002fe8 (0x01421d13) slli    s10, tp, 20
core   0: 3 0x80002fe8 (0x01421d13) x26 0xff800000
core   0: 0x80002fec (0x01f75793) srli    a5, a4, 31
core   0: 3 0x80002fec (0x01f75793) x15 0x00000000
core   0: 0x80002ff0 (0x00453d33) sltu    s10, a0, tp
core   0: 3 0x80002ff0 (0x00453d33) x26 0x00000001
core   0: 0x80002ff4 (0x00777933) and     s2, a4, t2
core   0: 3 0x80002ff4 (0x00777933) x18 0x00000000
core   0: 0x80002ff8 (0xe6610a93) addi    s5, sp, -410
core   0: 3 0x80002ff8 (0xe6610a93) x21 0xd2339da2
core   0: 0x80002ffc (0xe8564d37) lui     s10, 0xe8564
core   0: 3 0x80002ffc (0xe8564d37) x26 0xe8564000
core   0: 0x80003000 (0x01fb0cb3) add     s9, s6, t6
core   0: 3 0x80003000 (0x01fb0cb3) x25 0x31375fc4
core   0: 0x80003004 (0x80960017) auipc   zero, 0x80960
core   0: 3 0x80003004 (0x80960017)
core   0: 0x80003008 (0x7bf30c97) auipc   s9, 0x7bf30
core   0: 3 0x80003008 (0x7bf30c97) x25 0xfbf33008
core   0: 0x8000300c (0x01caba33) sltu    s4, s5, t3
core   0: 3 0x8000300c (0x01caba33) x20 0x00000001
core   0: 0x80003010 (0x80fa3c13) sltiu   s8, s4, -2033
core   0: 3 0x80003010 (0x80fa3c13) x24 0x00000001
core   0: 0x80003014 (0x01c0cdb3) xor     s11, ra, t3
core   0: 3 0x80003014 (0x01c0cdb3) x27 0xf7ffffe2
core   0: 0x80003018 (0x0092bf33) sltu    t5, t0, s1
core   0: 3 0x80003018 (0x0092bf33) x30 0x00000000
core   0: 0x8000301c (0x40cf0eb3) sub     t4, t5, a2
core   0: 3 0x8000301c (0x40cf0eb3) x29 0x00000000
core   0: 0x80003020 (0x417fd793) srai    a5, t6, 23
core   0: 3 0x80003020 (0x417fd793) x15 0x00000062
core   0: 0x80003024 (0x00231233) sll     tp, t1, sp
core   0: 3 0x80003024 (0x00231233) x 4 0x40000000
core   0: 0x80003028 (0x01d65eb3) srl     t4, a2, t4
core   0: 3 0x80003028 (0x01d65eb3) x29 0x00000000
core   0: 0x8000302c (0x41a15433) sra     s0, sp, s10
core   0: 3 0x8000302c (0x41a15433) x 8 0xd2339f3c
core   0: 0x80003030 (0xd3067213) andi    tp, a2, -720
core   0: 3 0x80003030 (0xd3067213) x 4 0x00000000
core   0: 0x80003034 (0x8a92d1b7) lui     gp, 0x8a92d
core   0: 3 0x80003034 (0x8a92d1b7) x 3 0x8a92d000
core   0: 0x80003038 (0xb062cb17) auipc   s6, 0xb062c
core   0: 3 0x80003038 (0xb062cb17) x22 0x3062f038
core   0: 0x8000303c (0x00f7c6b3) xor     a3, a5, a5
core   0: 3 0x8000303c (0x00f7c6b3) x13 0x00000000
core   0: 0x80003040 (0x4ef89997) auipc   s3, 0x4ef89
core   0: 3 0x80003040 (0x4ef89997) x19 0xcef8c040
core   0: 0x80003044 (0x010a6633) or      a2, s4, a6
core   0: 3 0x80003044 (0x010a6633) x12 0x00000001
core   0: 0x80003048 (0x010b9c13) slli    s8, s7, 16
core   0: 3 0x80003048 (0x010b9c13) x24 0x00100000
core   0: 0x8000304c (0x4063d733) sra     a4, t2, t1
core   0: 3 0x8000304c (0x4063d733) x14 0xf8000000
core   0: 0x80003050 (0x404408b3) sub     a7, s0, tp
core   0: 3 0x80003050 (0x404408b3) x17 0xd2339f3c
core   0: 0x80003054 (0x1139b293) sltiu   t0, s3, 275
core   0: 3 0x80003054 (0x1139b293) x 5 0x00000000
core   0: 0x80003058 (0x00391e93) slli    t4, s2, 3
core   0: 3 0x80003058 (0x00391e93) x29 0x00000000
core   0: 0x8000305c (0x00000013) nop
core   0: 3 0x8000305c (0x00000013)
core   0: 0x80003060 (0x5267cc37) lui     s8, 0x5267c
core   0: 3 0x80003060 (0x5267cc37) x24 0x5267c000
core   0: 0x80003064 (0x0155e433) or      s0, a1, s5
core   0: 3 0x80003064 (0x0155e433) x 8 0xd2339db2
core   0: 0x80003068 (0x0104dc93) srli    s9, s1, 16
core   0: 3 0x80003068 (0x0104dc93) x25 0x00000000
core   0: 0x8000306c (0x00f69b33) sll     s6, a3, a5
core   0: 3 0x8000306c (0x00f69b33) x22 0x00000000
core   0: 0x80003070 (0x01234f33) xor     t5, t1, s2
core   0: 3 0x80003070 (0x01234f33) x30 0x80014ce4
core   0: 0x80003074 (0x016748b3) xor     a7, a4, s6
core   0: 3 0x80003074 (0x016748b3) x17 0xf8000000
core   0: 0x80003078 (0x31cbbf93) sltiu   t6, s7, 796
core   0: 3 0x80003078 (0x31cbbf93) x31 0x00000000
core   0: 0x8000307c (0x3a2ca693) slti    a3, s9, 930
core   0: 3 0x8000307c (0x3a2ca693) x13 0x00000001
core   0: 0x80003080 (0x41b48bb3) sub     s7, s1, s11
core   0: 3 0x80003080 (0x41b48bb3) x23 0x08000026
core   0: 0x80003084 (0x403058b3) sra     a7, zero, gp
core   0: 3 0x80003084 (0x403058b3) x17 0x00000000
core   0: 0x80003088 (0xbb54fb93) andi    s7, s1, -1099
core   0: 3 0x80003088 (0xbb54fb93) x23 0x00000000
core   0: 0x8000308c (0x01de5f13) srli    t5, t3, 29
core   0: 3 0x8000308c (0x01de5f13) x30 0x00000007
core   0: 0x80003090 (0x80fca993) slti    s3, s9, -2033
core   0: 3 0x80003090 (0x80fca993) x19 0x00000000
core   0: 0x80003094 (0x00c21133) sll     sp, tp, a2
core   0: 3 0x80003094 (0x00c21133) x 2 0x00000000
core   0: 0x80003098 (0x406bd113) srai    sp, s7, 6
core   0: 3 0x80003098 (0x406bd113) x 2 0x00000000
core   0: 0x8000309c (0x10cb6697) auipc   a3, 0x10cb6
core   0: 3 0x8000309c (0x10cb6697) x13 0x90cb909c
core   0: 0x800030a0 (0x0eaf8913) addi    s2, t6, 234
core   0: 3 0x800030a0 (0x0eaf8913) x18 0x000000ea
core   0: 0x800030a4 (0x0072f8b3) and     a7, t0, t2
core   0: 3 0x800030a4 (0x0072f8b3) x17 0x00000000
core   0: 0x800030a8 (0x38086893) ori     a7, a6, 896
core   0: 3 0x800030a8 (0x38086893) x17 0x00000381
core   0: 0x800030ac (0x7547fd93) andi    s11, a5, 1876
core   0: 3 0x800030ac (0x7547fd93) x27 0x00000040
core   0: 0x800030b0 (0x0183b2b3) sltu    t0, t2, s8
core   0: 3 0x800030b0 (0x0183b2b3) x 5 0x00000000
core   0: 0x800030b4 (0x410ad693) srai    a3, s5, 16
core   0: 3 0x800030b4 (0x410ad693) x13 0xffffd233
core   0: 0x800030b8 (0x00b3f133) and     sp, t2, a1
core   0: 3 0x800030b8 (0x00b3f133) x 2 0x00000000
core   0: 0x800030bc (0x002ebf33) sltu    t5, t4, sp
core   0: 3 0x800030bc (0x002ebf33) x30 0x00000000
core   0: 0x800030c0 (0xd5292b93) slti    s7, s2, -686
core   0: 3 0x800030c0 (0xd5292b93) x23 0x00000000
core   0: 0x800030c4 (0x40eedbb3) sra     s7, t4, a4
core   0: 3 0x800030c4 (0x40eedbb3) x23 0x00000000
core   0: 0x800030c8 (0x40e3d133) sra     sp, t2, a4
core   0: 3 0x800030c8 (0x40e3d133) x 2 0x80000000
core   0: 0x800030cc (0x015a7eb3) and     t4, s4, s5
core   0: 3 0x800030cc (0x015a7eb3) x29 0x00000000
core   0: 0x800030d0 (0xed7d3593) sltiu   a1, s10, -297
core   0: 3 0x800030d0 (0xed7d3593) x11 0x00000001
core   0: 0x800030d4 (0xb5f5aa13) slti    s4, a1, -1185
core   0: 3 0x800030d4 (0xb5f5aa13) x20 0x00000000
core   0: 0x800030d8 (0x01f66233) or      tp, a2, t6
core   0: 3 0x800030d8 (0x01f66233) x 4 0x00000001
core   0: 0x800030dc (0xb62ed197) auipc   gp, 0xb62ed
core   0: 3 0x800030dc (0xb62ed197) x 3 0x362f00dc
core   0: 0x800030e0 (0x4f2d8613) addi    a2, s11, 1266
core   0: 3 0x800030e0 (0x4f2d8613) x12 0x00000532
core   0: 0x800030e4 (0x38fb9c37) lui     s8, 0x38fb9
core   0: 3 0x800030e4 (0x38fb9c37) x24 0x38fb9000
core   0: 0x800030e8 (0x00823b33) sltu    s6, tp, s0
core   0: 3 0x800030e8 (0x00823b33) x22 0x00000001
core   0: 0x800030ec (0x00b4f933) and     s2, s1, a1
core   0: 3 0x800030ec (0x00b4f933) x18 0x00000000
core   0: 0x800030f0 (0x401cdc93) srai    s9, s9, 1
core   0: 3 0x800030f0 (0x401cdc93) x25 0x00000000
core   0: 0x800030f4 (0x6f040293) addi    t0, s0, 1776
core   0: 3 0x800030f4 (0x6f040293) x 5 0xd233a4a2
core   0: 0x800030f8 (0x00629833) sll     a6, t0, t1
core   0: 3 0x800030f8 (0x00629833) x16 0x233a4a20
core   0: 0x800030fc (0xaa456a93) ori     s5, a0, -1372
core   0: 3 0x800030fc (0xaa456a93) x21 0xfffffee4
core   0: 0x80003100 (0x6061ff93) andi    t6, gp, 1542
core   0: 3 0x80003100 (0x6061ff93) x31 0x00000004
core   0: 0x80003104 (0x01d00eb3) add     t4, zero, t4
core   0: 3 0x80003104 (0x01d00eb3) x29 0x00000000
core   0: 0x80003108 (0x0186a0b3) slt     ra, a3, s8
core   0: 3 0x80003108 (0x0186a0b3) x 1 0x00000001
core   0: 0x8000310c (0x403e5013) srai    zero, t3, 3
core   0: 3 0x8000310c (0x403e5013)
core   0: 0x80003110 (0x002430b3) sltu    ra, s0, sp
core   0: 3 0x80003110 (0x002430b3) x 1 0x00000000
core   0: 0x80003114 (0x1c5c3a93) sltiu   s5, s8, 453
core   0: 3 0x80003114 (0x1c5c3a93) x21 0x00000000
core   0: 0x80003118 (0x4059d013) srai    zero, s3, 5
core   0: 3 0x80003118 (0x4059d013)
core   0: 0x8000311c (0x7ac1f697) auipc   a3, 0x7ac1f
core   0: 3 0x8000311c (0x7ac1f697) x13 0xfac2211c
core   0: 0x80003120 (0x46f96413) ori     s0, s2, 1135
core   0: 3 0x80003120 (0x46f96413) x 8 0x0000046f
core   0: 0x80003124 (0x01c79893) slli    a7, a5, 28
core   0: 3 0x80003124 (0x01c79893) x17 0x20000000
core   0: 0x80003128 (0xc8c80e93) addi    t4, a6, -884
core   0: 3 0x80003128 (0xc8c80e93) x29 0x233a46ac
core   0: 0x8000312c (0x41bb5793) srai    a5, s6, 27
core   0: 3 0x8000312c (0x41bb5793) x15 0x00000000
core   0: 0x80003130 (0x00f9c1b3) xor     gp, s3, a5
core   0: 3 0x80003130 (0x00f9c1b3) x 3 0x00000000
core   0: 0x80003134 (0x3523f893) andi    a7, t2, 850
core   0: 3 0x80003134 (0x3523f893) x17 0x00000000
core   0: 0x80003138 (0x41e7d913) srai    s2, a5, 30
core   0: 3 0x80003138 (0x41e7d913) x18 0x00000000
core   0: 0x8000313c (0x0035a9b3) slt     s3, a1, gp
core   0: 3 0x8000313c (0x0035a9b3) x19 0x00000000
core   0: 0x80003140 (0x00b1ec33) or      s8, gp, a1
core   0: 3 0x80003140 (0x00b1ec33) x24 0x00000001
core   0: 0x80003144 (0x402509b3) sub     s3, a0, sp
core   0: 3 0x80003144 (0x402509b3) x19 0x00010e64
core   0: 0x80003148 (0x6d68e093) ori     ra, a7, 1750
core   0: 3 0x80003148 (0x6d68e093) x 1 0x000006d6
core   0: 0x8000314c (0x41e2d713) srai    a4, t0, 30
core   0: 3 0x8000314c (0x41e2d713) x14 0xffffffff
core   0: 0x80003150 (0x01631cb3) sll     s9, t1, s6
core   0: 3 0x80003150 (0x01631cb3) x25 0x000299c8
core   0: 0x80003154 (0x016c0d33) add     s10, s8, s6
core   0: 3 0x80003154 (0x016c0d33) x26 0x00000002
core   0: 0x80003158 (0x00b2eab3) or      s5, t0, a1
core   0: 3 0x80003158 (0x00b2eab3) x21 0xd233a4a3
core   0: 0x8000315c (0x01bdc5b3) xor     a1, s11, s11
core   0: 3 0x8000315c (0x01bdc5b3) x11 0x00000000
core   0: 0x80003160 (0x41f05f93) srai    t6, zero, 31
core   0: 3 0x80003160 (0x41f05f93) x31 0x00000000
core   0: 0x80003164 (0x00e57ab3) and     s5, a0, a4
core   0: 3 0x80003164 (0x00e57ab3) x21 0x80010e64
core   0: 0x80003168 (0xf8322713) slti    a4, tp, -125
core   0: 3 0x80003168 (0xf8322713) x14 0x00000000
core   0: 0x8000316c (0x78214813) xori    a6, sp, 1922
core   0: 3 0x8000316c (0x78214813) x16 0x80000782
core   0: 0x80003170 (0xeb433193) sltiu   gp, t1, -332
core   0: 3 0x80003170 (0xeb433193) x 3 0x00000001
core   0: 0x80003174 (0x01b39a93) slli    s5, t2, 27
core   0: 3 0x80003174 (0x01b39a93) x21 0x00000000
core   0: 0x80003178 (0x010f6233) or      tp, t5, a6
core   0: 3 0x80003178 (0x010f6233) x 4 0x80000782
core   0: 0x8000317c (0x41358433) sub     s0, a1, s3
core   0: 3 0x8000317c (0x41358433) x 8 0xfffef19c
core   0: 0x80003180 (0x29147f93) andi    t6, s0, 657
core   0: 3 0x80003180 (0x29147f93) x31 0x00000090
core   0: 0x80003184 (0x4130deb3) sra     t4, ra, s3
core   0: 3 0x80003184 (0x4130deb3) x29 0x0000006d
core   0: 0x80003188 (0x01095c13) srli    s8, s2, 16
core   0: 3 0x80003188 (0x01095c13) x24 0x00000000
core   0: 0x8000318c (0xd188b717) auipc   a4, 0xd188b
core   0: 3 0x8000318c (0xd188b717) x14 0x5188e18c
core   0: 0x80003190 (0x4b4df593) andi    a1, s11, 1204
core   0: 3 0x80003190 (0x4b4df593) x11 0x00000000
core   0: 0x80003194 (0x013899b3) sll     s3, a7, s3
core   0: 3 0x80003194 (0x013899b3) x19 0x00000000
core   0: 0x80003198 (0xed367113) andi    sp, a2, -301
core   0: 3 0x80003198 (0xed367113) x 2 0x00000412
core   0: 0x8000319c (0x6e568913) addi    s2, a3, 1765
core   0: 3 0x8000319c (0x6e568913) x18 0xfac22801
core   0: 0x800031a0 (0x01f32033) slt     zero, t1, t6
core   0: 3 0x800031a0 (0x01f32033)
core   0: 0x800031a4 (0x015d17b3) sll     a5, s10, s5
core   0: 3 0x800031a4 (0x015d17b3) x15 0x00000002
core   0: 0x800031a8 (0x002ebfb3) sltu    t6, t4, sp
core   0: 3 0x800031a8 (0x002ebfb3) x31 0x00000001
core   0: 0x800031ac (0x41b686b3) sub     a3, a3, s11
core   0: 3 0x800031ac (0x41b686b3) x13 0xfac220dc
core   0: 0x800031b0 (0x01220a33) add     s4, tp, s2
core   0: 3 0x800031b0 (0x01220a33) x20 0x7ac22f83
core   0: 0x800031b4 (0x00515613) srli    a2, sp, 5
core   0: 3 0x800031b4 (0x00515613) x12 0x00000020
core   0: 0x800031b8 (0x79f9a013) slti    zero, s3, 1951
core   0: 3 0x800031b8 (0x79f9a013)
core   0: 0x800031bc (0x01346633) or      a2, s0, s3
core   0: 3 0x800031bc (0x01346633) x12 0xfffef19c
core   0: 0x800031c0 (0x41155db3) sra     s11, a0, a7
core   0: 3 0x800031c0 (0x41155db3) x27 0x80010e64
core   0: 0x800031c4 (0x48023413) sltiu   s0, tp, 1152
core   0: 3 0x800031c4 (0x48023413) x 8 0x00000000
core   0: 0x800031c8 (0xe438c913) xori    s2, a7, -445
core   0: 3 0x800031c8 (0xe438c913) x18 0xfffffe43
core   0: 0x800031cc (0x0db4ac13) slti    s8, s1, 219
core   0: 3 0x800031cc (0x0db4ac13) x24 0x00000001
core   0: 0x800031d0 (0x42e0bc13) sltiu   s8, ra, 1070
core   0: 3 0x800031d0 (0x42e0bc13) x24 0x00000000
core   0: 0x800031d4 (0x4130d713) srai    a4, ra, 19
core   0: 3 0x800031d4 (0x4130d713) x14 0x00000000
core   0: 0x800031d8 (0x00b72eb3) slt     t4, a4, a1
core   0: 3 0x800031d8 (0x00b72eb3) x29 0x00000000
core   0: 0x800031dc (0x013ad713) srli    a4, s5, 19
core   0: 3 0x800031dc (0x013ad713) x14 0x00000000
core   0: 0x800031e0 (0x405b0f33) sub     t5, s6, t0
core   0: 3 0x800031e0 (0x405b0f33) x30 0x2dcc5b5f
core   0: 0x800031e4 (0x019ab8b3) sltu    a7, s5, s9
core   0: 3 0x800031e4 (0x019ab8b3) x17 0x00000001
core   0: 0x800031e8 (0x00cd24b3) slt     s1, s10, a2
core   0: 3 0x800031e8 (0x00cd24b3) x 9 0x00000000
core   0: 0x800031ec (0x0194af33) slt     t5, s1, s9
core   0: 3 0x800031ec (0x0194af33) x30 0x00000001
core   0: 0x800031f0 (0x404ade13) srai    t3, s5, 4
core   0: 3 0x800031f0 (0x404ade13) x28 0x00000000
core   0: 0x800031f4 (0x00320733) add     a4, tp, gp
core   0: 3 0x800031f4 (0x00320733) x14 0x80000783
core   0: 0x800031f8 (0x0044c133) xor     sp, s1, tp
core   0: 3 0x800031f8 (0x0044c133) x 2 0x80000782
core   0: 0x800031fc (0x406d0cb3) sub     s9, s10, t1
core   0: 3 0x800031fc (0x406d0cb3) x25 0x7ffeb31e
core   0: 0x80003200 (0x01defd33) and     s10, t4, t4
core   0: 3 0x80003200 (0x01defd33) x26 0x00000000
core   0: 0x80003204 (0x00c6f4b3) and     s1, a3, a2
core   0: 3 0x80003204 (0x00c6f4b3) x 9 0xfac2209c
core   0: 0x80003208 (0x0043e433) or      s0, t2, tp
core   0: 3 0x80003208 (0x0043e433) x 8 0x80000782
core   0: 0x8000320c (0x4130dcb3) sra     s9, ra, s3
core   0: 3 0x8000320c (0x4130dcb3) x25 0x000006d6
core   0: 0x80003210 (0x40265d93) srai    s11, a2, 2
core   0: 3 0x80003210 (0x40265d93) x27 0xffffbc67
core   0: 0x80003214 (0x40945593) srai    a1, s0, 9
core   0: 3 0x80003214 (0x40945593) x11 0xffc00003
core   0: 0x80003218 (0x00000013) nop
core   0: 3 0x80003218 (0x00000013)
core   0: 0x8000321c (0x4057df13) srai    t5, a5, 5
core   0: 3 0x8000321c (0x4057df13) x30 0x00000000
core   0: 0x80003220 (0x9cf9f413) andi    s0, s3, -1585
core   0: 3 0x80003220 (0x9cf9f413) x 8 0x00000000
core   0: 0x80003224 (0xddf4b893) sltiu   a7, s1, -545
core   0: 3 0x80003224 (0xddf4b893) x17 0x00000001
core   0: 0x80003228 (0x001c5113) srli    sp, s8, 1
core   0: 3 0x80003228 (0x001c5113) x 2 0x00000000
core   0: 0x8000322c (0x001c08b3) add     a7, s8, ra
core   0: 3 0x8000322c (0x001c08b3) x17 0x000006d6
core   0: 0x80003230 (0x014119b3) sll     s3, sp, s4
core   0: 3 0x80003230 (0x014119b3) x19 0x00000000
core   0: 0x80003234 (0xf7b0c2b7) lui     t0, 0xf7b0c
core   0: 3 0x80003234 (0xf7b0c2b7) x 5 0xf7b0c000
core   0: 0x80003238 (0x00c29b13) slli    s6, t0, 12
core   0: 3 0x80003238 (0x00c29b13) x22 0x0c000000
core   0: 0x8000323c (0x01c44033) xor     zero, s0, t3
core   0: 3 0x8000323c (0x01c44033)
core   0: 0x80003240 (0x8a6ae897) auipc   a7, 0x8a6ae
core   0: 3 0x80003240 (0x8a6ae897) x17 0x0a6b1240
core   0: 0x80003244 (0x0022e233) or      tp, t0, sp
core   0: 3 0x80003244 (0x0022e233) x 4 0xf7b0c000
core   0: 0x80003248 (0x006f8c33) add     s8, t6, t1
core   0: 3 0x80003248 (0x006f8c33) x24 0x80014ce5
core   0: 0x8000324c (0xfac83a93) sltiu   s5, a6, -84
core   0: 3 0x8000324c (0xfac83a93) x21 0x00000001
core   0: 0x80003250 (0x00420433) add     s0, tp, tp
core   0: 3 0x80003250 (0x00420433) x 8 0xef618000
core   0: 0x80003254 (0xfd800113) li      sp, -40
core   0: 3 0x80003254 (0xfd800113) x 2 0xffffffd8
core   0: 0x80003258 (0x41ded933) sra     s2, t4, t4
core   0: 3 0x80003258 (0x41ded933) x18 0x00000000
core   0: 0x8000325c (0x3b9cf193) andi    gp, s9, 953
core   0: 3 0x8000325c (0x3b9cf193) x 3 0x00000290
core   0: 0x80003260 (0x00000013) nop
core   0: 3 0x80003260 (0x00000013)
core   0: 0x80003264 (0x2894b013) sltiu   zero, s1, 649
core   0: 3 0x80003264 (0x2894b013)
core   0: 0x80003268 (0x009c7f33) and     t5, s8, s1
core   0: 3 0x80003268 (0x009c7f33) x30 0x80000084
core   0: 0x8000326c (0x8642dcb7) lui     s9, 0x8642d
core   0: 3 0x8000326c (0x8642dcb7) x25 0x8642d000
core   0: 0x80003270 (0x407eddb3) sra     s11, t4, t2
core   0: 3 0x80003270 (0x407eddb3) x27 0x00000000
core   0: 0x80003274 (0x010725b3) slt     a1, a4, a6
core   0: 3 0x80003274 (0x010725b3) x11 0x00000000
core   0: 0x80003278 (0x00000013) nop
core   0: 3 0x80003278 (0x00000013)
core   0: 0x8000327c (0x008a6d33) or      s10, s4, s0
core   0: 3 0x8000327c (0x008a6d33) x26 0xffe3af83
core   0: 0x80003280 (0x01a71893) slli    a7, a4, 26
core   0: 3 0x80003280 (0x01a71893) x17 0x0c000000
core   0: 0x80003284 (0x01381c93) slli    s9, a6, 19
core   0: 3 0x80003284 (0x01381c93) x25 0x3c100000
core   0: 0x80003288 (0xcabf8013) addi    zero, t6, -853
core   0: 3 0x80003288 (0xcabf8013)
core   0: 0x8000328c (0x01a1f633) and     a2, gp, s10
core   0: 3 0x8000328c (0x01a1f633) x12 0x00000280
core   0: 0x80003290 (0xa0500293) li      t0, -1531
core   0: 3 0x80003290 (0xa0500293) x 5 0xfffffa05
core   0: 0x80003294 (0x01645293) srli    t0, s0, 22
core   0: 3 0x80003294 (0x01645293) x 5 0x000003bd
core   0: 0x80003298 (0x5f180593) addi    a1, a6, 1521
core   0: 3 0x80003298 (0x5f180593) x11 0x80000d73
core   0: 0x8000329c (0x01b86233) or      tp, a6, s11
core   0: 3 0x8000329c (0x01b86233) x 4 0x80000782
core   0: 0x800032a0 (0x01255733) srl     a4, a0, s2
core   0: 3 0x800032a0 (0x01255733) x14 0x80010e64
core   0: 0x800032a4 (0x00335693) srli    a3, t1, 3
core   0: 3 0x800032a4 (0x00335693) x13 0x1000299c
core   0: 0x800032a8 (0x41a88c33) sub     s8, a7, s10
core   0: 3 0x800032a8 (0x41a88c33) x24 0x0c1c507d
core   0: 0x800032ac (0x0bd66e13) ori     t3, a2, 189
core   0: 3 0x800032ac (0x0bd66e13) x28 0x000002bd
core   0: 0x800032b0 (0x4108ddb3) sra     s11, a7, a6
core   0: 3 0x800032b0 (0x4108ddb3) x27 0x03000000
core   0: 0x800032b4 (0x542b4793) xori    a5, s6, 1346
core   0: 3 0x800032b4 (0x542b4793) x15 0x0c000542
core   0: 0x800032b8 (0x01fe5d93) srli    s11, t3, 31
core   0: 3 0x800032b8 (0x01fe5d93) x27 0x00000000
core   0: 0x800032bc (0x78c58f93) addi    t6, a1, 1932
core   0: 3 0x800032bc (0x78c58f93) x31 0x800014ff
core   0: 0x800032c0 (0x00b70e33) add     t3, a4, a1
core   0: 3 0x800032c0 (0x00b70e33) x28 0x00011bd7
core   0: 0x800032c4 (0x01de9e33) sll     t3, t4, t4
core   0: 3 0x800032c4 (0x01de9e33) x28 0x00000000
core   0: 0x800032c8 (0x4060d833) sra     a6, ra, t1
core   0: 3 0x800032c8 (0x4060d833) x16 0x0000006d
core   0: 0x800032cc (0x015a4733) xor     a4, s4, s5
core   0: 3 0x800032cc (0x015a4733) x14 0x7ac22f82
core   0: 0x800032d0 (0x00cfdb93) srli    s7, t6, 12
core   0: 3 0x800032d0 (0x00cfdb93) x23 0x00080001
core   0: 0x800032d4 (0x019272b3) and     t0, tp, s9
core   0: 3 0x800032d4 (0x019272b3) x 5 0x00000000
core   0: 0x800032d8 (0xb1f07e13) andi    t3, zero, -1249
core   0: 3 0x800032d8 (0xb1f07e13) x28 0x00000000
core   0: 0x800032dc (0xef4231b7) lui     gp, 0xef423
core   0: 3 0x800032dc (0xef4231b7) x 3 0xef423000
core   0: 0x800032e0 (0x40818633) sub     a2, gp, s0
core   0: 3 0x800032e0 (0x40818633) x12 0xffe0b000
core   0: 0x800032e4 (0xd61c3d93) sltiu   s11, s8, -671
core   0: 3 0x800032e4 (0xd61c3d93) x27 0x00000001
core   0: 0x800032e8 (0x00a1d6b3) srl     a3, gp, a0
core   0: 3 0x800032e8 (0x00a1d6b3) x13 0x0ef42300
core   0: 0x800032ec (0x4142df93) srai    t6, t0, 20
core   0: 3 0x800032ec (0x4142df93) x31 0x00000000
core   0: 0x800032f0 (0x419dd413) srai    s0, s11, 25
core   0: 3 0x800032f0 (0x419dd413) x 8 0x00000000
core   0: 0x800032f4 (0x00d58433) add     s0, a1, a3
core   0: 3 0x800032f4 (0x00d58433) x 8 0x8ef43073
core   0: 0x800032f8 (0x01a05033) srl     zero, zero, s10
core   0: 3 0x800032f8 (0x01a05033)
core   0: 0x800032fc (0x00ff42b3) xor     t0, t5, a5
core   0: 3 0x800032fc (0x00ff42b3) x 5 0x8c0005c6
core   0: 0x80003300 (0x55a6ae93) slti    t4, a3, 1370
core   0: 3 0x80003300 (0x55a6ae93) x29 0x00000000
core   0: 0x80003304 (0x00000013) nop
core   0: 3 0x80003304 (0x00000013)
core   0: 0x80003308 (0x00a71433) sll     s0, a4, a0
core   0: 3 0x80003308 (0x00a71433) x 8 0xac22f820
core   0: 0x8000330c (0x4f318917) auipc   s2, 0x4f318
core   0: 3 0x8000330c (0x4f318917) x18 0xcf31b30c
core   0: 0x80003310 (0x00000013) nop
core   0: 3 0x80003310 (0x00000013)
core   0: 0x80003314 (0x35822797) auipc   a5, 0x35822
core   0: 3 0x80003314 (0x35822797) x15 0xb5825314
core   0: 0x80003318 (0x20d13993) sltiu   s3, sp, 525
core   0: 3 0x80003318 (0x20d13993) x19 0x00000000
core   0: 0x8000331c (0x92a35d37) lui     s10, 0x92a35
core   0: 3 0x8000331c (0x92a35d37) x26 0x92a35000
core   0: 0x80003320 (0x00ad9c13) slli    s8, s11, 10
core   0: 3 0x80003320 (0x00ad9c13) x24 0x00000400
core   0: 0x80003324 (0x002ca4b3) slt     s1, s9, sp
core   0: 3 0x80003324 (0x002ca4b3) x 9 0x00000000
core   0: 0x80003328 (0x01e50633) add     a2, a0, t5
core   0: 3 0x80003328 (0x01e50633) x12 0x00010ee8
core   0: 0x8000332c (0x00000013) nop
core   0: 3 0x8000332c (0x00000013)
core   0: 0x80003330 (0x40618433) sub     s0, gp, t1
core   0: 3 0x80003330 (0x40618433) x 8 0x6f40e31c
core   0: 0x80003334 (0x011ff733) and     a4, t6, a7
core   0: 3 0x80003334 (0x011ff733) x14 0x00000000
core   0: 0x80003338 (0x0116d013) srli    zero, a3, 17
core   0: 3 0x80003338 (0x0116d013)
core   0: 0x8000333c (0x002b88b3) add     a7, s7, sp
core   0: 3 0x8000333c (0x002b88b3) x17 0x0007ffd9
core   0: 0x80003340 (0x62667193) andi    gp, a2, 1574
core   0: 3 0x80003340 (0x62667193) x 3 0x00000620
core   0: 0x80003344 (0x0138a433) slt     s0, a7, s3
core   0: 3 0x80003344 (0x0138a433) x 8 0x00000000
core   0: 0x80003348 (0x0119c1b3) xor     gp, s3, a7
core   0: 3 0x80003348 (0x0119c1b3) x 3 0x0007ffd9
core   0: 0x8000334c (0x01e857b3) srl     a5, a6, t5
core   0: 3 0x8000334c (0x01e857b3) x15 0x00000006
core   0: 0x80003350 (0x002a3033) sltu    zero, s4, sp
core   0: 3 0x80003350 (0x002a3033)
core   0: 0x80003354 (0x01d632b3) sltu    t0, a2, t4
core   0: 3 0x80003354 (0x01d632b3) x 5 0x00000000
core   0: 0x80003358 (0x00b31693) slli    a3, t1, 11
core   0: 3 0x80003358 (0x00b31693) x13 0x0a672000
core   0: 0x8000335c (0x810b6713) ori     a4, s6, -2032
core   0: 3 0x8000335c (0x810b6713) x14 0xfffff810
core   0: 0x80003360 (0x002e4cb3) xor     s9, t3, sp
core   0: 3 0x80003360 (0x002e4cb3) x25 0xffffffd8
core   0: 0x80003364 (0x00000013) nop
core   0: 3 0x80003364 (0x00000013)
core   0: 0x80003368 (0x4016da13) srai    s4, a3, 1
core   0: 3 0x80003368 (0x4016da13) x20 0x05339000
core   0: 0x8000336c (0x00000013) nop
core   0: 3 0x8000336c (0x00000013)
core   0: 0x80003370 (0x00c87c33) and     s8, a6, a2
core   0: 3 0x80003370 (0x00c87c33) x24 0x00000068
core   0: 0x80003374 (0xa9166637) lui     a2, 0xa9166
core   0: 3 0x80003374 (0xa9166637) x12 0xa9166000
core   0: 0x80003378 (0x016e5433) srl     s0, t3, s6
core   0: 3 0x80003378 (0x016e5433) x 8 0x00000000
core   0: 0x8000337c (0x01d07f33) and     t5, zero, t4
core   0: 3 0x8000337c (0x01d07f33) x30 0x00000000
core   0: 0x80003380 (0x41f28433) sub     s0, t0, t6
core   0: 3 0x80003380 (0x41f28433) x 8 0x00000000
core   0: 0x80003384 (0x01d4a8b3) slt     a7, s1, t4
core   0: 3 0x80003384 (0x01d4a8b3) x17 0x00000000
core   0: 0x80003388 (0x35c9a913) slti    s2, s3, 860
core   0: 3 0x80003388 (0x35c9a913) x18 0x00000001
core   0: 0x8000338c (0x0166e6b3) or      a3, a3, s6
core   0: 3 0x8000338c (0x0166e6b3) x13 0x0e672000
core   0: 0x80003390 (0x41cb56b3) sra     a3, s6, t3
core   0: 3 0x80003390 (0x41cb56b3) x13 0x0c000000
core   0: 0x80003394 (0x9478f9b7) lui     s3, 0x9478f
core   0: 3 0x80003394 (0x9478f9b7) x19 0x9478f000
core   0: 0x80003398 (0x015ee933) or      s2, t4, s5
core   0: 3 0x80003398 (0x015ee933) x18 0x00000001
core   0: 0x8000339c (0x2bdffd17) auipc   s10, 0x2bdff
core   0: 3 0x8000339c (0x2bdffd17) x26 0xabe0239c
core   0: 0x800033a0 (0x015df033) and     zero, s11, s5
core   0: 3 0x800033a0 (0x015df033)
core   0: 0x800033a4 (0x00c2db93) srli    s7, t0, 12
core   0: 3 0x800033a4 (0x00c2db93) x23 0x00000000
core   0: 0x800033a8 (0x41e15233) sra     tp, sp, t5
core   0: 3 0x800033a8 (0x41e15233) x 4 0xffffffd8
core   0: 0x800033ac (0x0096e6b3) or      a3, a3, s1
core   0: 3 0x800033ac (0x0096e6b3) x13 0x0c000000
core   0: 0x800033b0 (0x6b3fb893) sltiu   a7, t6, 1715
core   0: 3 0x800033b0 (0x6b3fb893) x17 0x00000001
core   0: 0x800033b4 (0x41ba0eb3) sub     t4, s4, s11
core   0: 3 0x800033b4 (0x41ba0eb3) x29 0x05338fff
core   0: 0x800033b8 (0x01368d33) add     s10, a3, s3
core   0: 3 0x800033b8 (0x01368d33) x26 0xa078f000
core   0: 0x800033bc (0x0089ea33) or      s4, s3, s0
core   0: 3 0x800033bc (0x0089ea33) x20 0x9478f000
core   0: 0x800033c0 (0x0018cfb3) xor     t6, a7, ra
core   0: 3 0x800033c0 (0x0018cfb3) x31 0x000006d7
core   0: 0x800033c4 (0x000acfb3) xor     t6, s5, zero
core   0: 3 0x800033c4 (0x000acfb3) x31 0x00000001
core   0: 0x800033c8 (0xc8281497) auipc   s1, 0xc8281
core   0: 3 0x800033c8 (0xc8281497) x 9 0x482843c8
core   0: 0x800033cc (0x0e124013) xori    zero, tp, 225
core   0: 3 0x800033cc (0x0e124013)
core   0: 0x800033d0 (0x0195dd93) srli    s11, a1, 25
core   0: 3 0x800033d0 (0x0195dd93) x27 0x00000040
core   0: 0x800033d4 (0xe99ec713) xori    a4, t4, -359
core   0: 3 0x800033d4 (0xe99ec713) x14 0xfacc7166
core   0: 0x800033d8 (0x1a0c0597) auipc   a1, 0x1a0c0
core   0: 3 0x800033d8 (0x1a0c0597) x11 0x9a0c33d8
core   0: 0x800033dc (0x005c6933) or      s2, s8, t0
core   0: 3 0x800033dc (0x005c6933) x18 0x00000068
core   0: 0x800033e0 (0x00000013) nop
core   0: 3 0x800033e0 (0x00000013)
core   0: 0x800033e4 (0x01326233) or      tp, tp, s3
core   0: 3 0x800033e4 (0x01326233) x 4 0xffffffd8
core   0: 0x800033e8 (0x00e8fc33) and     s8, a7, a4
core   0: 3 0x800033e8 (0x00e8fc33) x24 0x00000000
core   0: 0x800033ec (0x0101ff33) and     t5, gp, a6
core   0: 3 0x800033ec (0x0101ff33) x30 0x00000049
core   0: 0x800033f0 (0xdd5dbf13) sltiu   t5, s11, -555
core   0: 3 0x800033f0 (0xdd5dbf13) x30 0x00000001
core   0: 0x800033f4 (0x00000013) nop
core   0: 3 0x800033f4 (0x00000013)
core   0: 0x800033f8 (0x00000013) nop
core   0: 3 0x800033f8 (0x00000013)
core   0: 0x800033fc (0x0088f833) and     a6, a7, s0
core   0: 3 0x800033fc (0x0088f833) x16 0x00000000
core   0: 0x80003400 (0xa1347793) andi    a5, s0, -1517
core   0: 3 0x80003400 (0xa1347793) x15 0x00000000
core   0: 0x80003404 (0x41f509b3) sub     s3, a0, t6
core   0: 3 0x80003404 (0x41f509b3) x19 0x80010e63
core   0: 0x80003408 (0x01f55f13) srli    t5, a0, 31
core   0: 3 0x80003408 (0x01f55f13) x30 0x00000001
core   0: 0x8000340c (0x41b8d133) sra     sp, a7, s11
core   0: 3 0x8000340c (0x41b8d133) x 2 0x00000001
core   0: 0x80003410 (0xdcdcb1b7) lui     gp, 0xdcdcb
core   0: 3 0x80003410 (0xdcdcb1b7) x 3 0xdcdcb000
core   0: 0x80003414 (0x8e2d8713) addi    a4, s11, -1822
core   0: 3 0x80003414 (0x8e2d8713) x14 0xfffff922
core   0: 0x80003418 (0xdedfc593) xori    a1, t6, -531
core   0: 3 0x80003418 (0xdedfc593) x11 0xfffffdec
core   0: 0x8000341c (0x41ea5b33) sra     s6, s4, t5
core   0: 3 0x8000341c (0x41ea5b33) x22 0xca3c7800
core   0: 0x80003420 (0x0011da33) srl     s4, gp, ra
core   0: 3 0x80003420 (0x0011da33) x20 0x00000373
core   0: 0x80003424 (0x019e15b3) sll     a1, t3, s9
core   0: 3 0x80003424 (0x019e15b3) x11 0x00000000
core   0: 0x80003428 (0x00000013) nop
core   0: 3 0x80003428 (0x00000013)
core   0: 0x8000342c (0x4fd84a13) xori    s4, a6, 1277
core   0: 3 0x8000342c (0x4fd84a13) x20 0x000004fd
core   0: 0x80003430 (0x01c2a833) slt     a6, t0, t3
core   0: 3 0x80003430 (0x01c2a833) x16 0x00000000
core   0: 0x80003434 (0xaee6e613) ori     a2, a3, -1298
core   0: 3 0x80003434 (0xaee6e613) x12 0xfffffaee
core   0: 0x80003438 (0x01db96b3) sll     a3, s7, t4
core   0: 3 0x80003438 (0x01db96b3) x13 0x00000000
core   0: 0x8000343c (0x628ffc37) lui     s8, 0x628ff
core   0: 3 0x8000343c (0x628ffc37) x24 0x628ff000
core   0: 0x80003440 (0x0179aab3) slt     s5, s3, s7
core   0: 3 0x80003440 (0x0179aab3) x21 0x00000001
core   0: 0x80003444 (0x00869113) slli    sp, a3, 8
core   0: 3 0x80003444 (0x00869113) x 2 0x00000000
core   0: 0x80003448 (0xc90c0413) addi    s0, s8, -880
core   0: 3 0x80003448 (0xc90c0413) x 8 0x628fec90
core   0: 0x8000344c (0xaf934413) xori    s0, t1, -1287
core   0: 3 0x8000344c (0xaf934413) x 8 0x7ffeb61d
core   0: 0x80003450 (0x412cd9b3) sra     s3, s9, s2
core   0: 3 0x80003450 (0x412cd9b3) x19 0xffffffff
core   0: 0x80003454 (0x40395f33) sra     t5, s2, gp
core   0: 3 0x80003454 (0x40395f33) x30 0x00000068
core   0: 0x80003458 (0x005f0833) add     a6, t5, t0
core   0: 3 0x80003458 (0x005f0833) x16 0x00000068
core   0: 0x8000345c (0x3a706213) ori     tp, zero, 935
core   0: 3 0x8000345c (0x3a706213) x 4 0x000003a7
core   0: 0x80003460 (0x1fc1cf93) xori    t6, gp, 508
core   0: 3 0x80003460 (0x1fc1cf93) x31 0xdcdcb1fc
core   0: 0x80003464 (0x01067ab3) and     s5, a2, a6
core   0: 3 0x80003464 (0x01067ab3) x21 0x00000068
core   0: 0x80003468 (0x0053cfb3) xor     t6, t2, t0
core   0: 3 0x80003468 (0x0053cfb3) x31 0x80000000
core   0: 0x8000346c (0x01989d93) slli    s11, a7, 25
core   0: 3 0x8000346c (0x01989d93) x27 0x02000000
core   0: 0x80003470 (0x003edfb3) srl     t6, t4, gp
core   0: 3 0x80003470 (0x003edfb3) x31 0x05338fff
core   0: 0x80003474 (0x18186413) ori     s0, a6, 385
core   0: 3 0x80003474 (0x18186413) x 8 0x000001e9
core   0: 0x80003478 (0xe33a6693) ori     a3, s4, -461
core   0: 3 0x80003478 (0xe33a6693) x13 0xfffffeff
core   0: 0x8000347c (0x400a85b3) sub     a1, s5, zero
core   0: 3 0x8000347c (0x400a85b3) x11 0x00000068
core   0: 0x80003480 (0x001be9b3) or      s3, s7, ra
core   0: 3 0x80003480 (0x001be9b3) x19 0x000006d6
core   0: 0x80003484 (0x58422bb7) lui     s7, 0x58422
core   0: 3 0x80003484 (0x58422bb7) x23 0x58422000
core   0: 0x80003488 (0x0008dcb3) srl     s9, a7, zero
core   0: 3 0x80003488 (0x0008dcb3) x25 0x00000001
core   0: 0x8000348c (0x406207b3) sub     a5, tp, t1
core   0: 3 0x8000348c (0x406207b3) x15 0x7ffeb6c3
core   0: 0x80003490 (0x00ed1fb3) sll     t6, s10, a4
core   0: 3 0x80003490 (0x00ed1fb3) x31 0x81e3c000
core   0: 0x80003494 (0x00551713) slli    a4, a0, 5
core   0: 3 0x80003494 (0x00551713) x14 0x0021cc80
core   0: 0x80003498 (0x01943b33) sltu    s6, s0, s9
core   0: 3 0x80003498 (0x01943b33) x22 0x00000000
core   0: 0x8000349c (0x005232b3) sltu    t0, tp, t0
core   0: 3 0x8000349c (0x005232b3) x 5 0x00000000
core   0: 0x800034a0 (0x00831b33) sll     s6, t1, s0
core   0: 3 0x800034a0 (0x00831b33) x22 0x0299c800
core   0: 0x800034a4 (0x010487b3) add     a5, s1, a6
core   0: 3 0x800034a4 (0x010487b3) x15 0x48284430
core   0: 0x800034a8 (0x00045d13) srli    s10, s0, 0
core   0: 3 0x800034a8 (0x00045d13) x26 0x000001e9
core   0: 0x800034ac (0x50738c13) addi    s8, t2, 1287
core   0: 3 0x800034ac (0x50738c13) x24 0x80000507
core   0: 0x800034b0 (0x36ef0693) addi    a3, t5, 878
core   0: 3 0x800034b0 (0x36ef0693) x13 0x000003d6
core   0: 0x800034b4 (0x01444033) xor     zero, s0, s4
core   0: 3 0x800034b4 (0x01444033)
core   0: 0x800034b8 (0xf157f493) andi    s1, a5, -235
core   0: 3 0x800034b8 (0xf157f493) x 9 0x48284410
core   0: 0x800034bc (0xacd57a97) auipc   s5, 0xacd57
core   0: 3 0x800034bc (0xacd57a97) x21 0x2cd5a4bc
core   0: 0x800034c0 (0x011fdfb3) srl     t6, t6, a7
core   0: 3 0x800034c0 (0x011fdfb3) x31 0x40f1e000
core   0: 0x800034c4 (0x00481b13) slli    s6, a6, 4
core   0: 3 0x800034c4 (0x00481b13) x22 0x00000680
core   0: 0x800034c8 (0x004eeb33) or      s6, t4, tp
core   0: 3 0x800034c8 (0x004eeb33) x22 0x05338fff
core   0: 0x800034cc (0xa4564a37) lui     s4, 0xa4564
core   0: 3 0x800034cc (0xa4564a37) x20 0xa4564000
core   0: 0x800034d0 (0x00135733) srl     a4, t1, ra
core   0: 3 0x800034d0 (0x00135733) x14 0x00000200
core   0: 0x800034d4 (0x019ac6b3) xor     a3, s5, s9
core   0: 3 0x800034d4 (0x019ac6b3) x13 0x2cd5a4bd
core   0: 0x800034d8 (0x01e45bb3) srl     s7, s0, t5
core   0: 3 0x800034d8 (0x01e45bb3) x23 0x00000001
core   0: 0x800034dc (0x01d97bb3) and     s7, s2, t4
core   0: 3 0x800034dc (0x01d97bb3) x23 0x00000068
core   0: 0x800034e0 (0x41ef0133) sub     sp, t5, t5
core   0: 3 0x800034e0 (0x41ef0133) x 2 0x00000000
core   0: 0x800034e4 (0x416bd213) srai    tp, s7, 22
core   0: 3 0x800034e4 (0x416bd213) x 4 0x00000000
core   0: 0x800034e8 (0x00000013) nop
core   0: 3 0x800034e8 (0x00000013)
core   0: 0x800034ec (0x403152b3) sra     t0, sp, gp
core   0: 3 0x800034ec (0x403152b3) x 5 0x00000000
core   0: 0x800034f0 (0x0188beb3) sltu    t4, a7, s8
core   0: 3 0x800034f0 (0x0188beb3) x29 0x00000001
core   0: 0x800034f4 (0xe66dfe93) andi    t4, s11, -410
core   0: 3 0x800034f4 (0xe66dfe93) x29 0x02000000
core   0: 0x800034f8 (0x2be95b17) auipc   s6, 0x2be95
core   0: 3 0x800034f8 (0x2be95b17) x22 0xabe984f8
core   0: 0x800034fc (0x01442733) slt     a4, s0, s4
core   0: 3 0x800034fc (0x01442733) x14 0x00000000
core   0: 0x80003500 (0x019e4d33) xor     s10, t3, s9
core   0: 3 0x80003500 (0x019e4d33) x26 0x00000001
core   0: 0x80003504 (0x407d5e33) sra     t3, s10, t2
core   0: 3 0x80003504 (0x407d5e33) x28 0x00000001
core   0: 0x80003508 (0xe55454b7) lui     s1, 0xe5545
core   0: 3 0x80003508 (0xe55454b7) x 9 0xe5545000
core   0: 0x8000350c (0x00000013) nop
core   0: 3 0x8000350c (0x00000013)
core   0: 0x80003510 (0x0073d8b3) srl     a7, t2, t2
core   0: 3 0x80003510 (0x0073d8b3) x17 0x80000000
core   0: 0x80003514 (0x008972b3) and     t0, s2, s0
core   0: 3 0x80003514 (0x008972b3) x 5 0x00000068
core   0: 0x80003518 (0x10f47613) andi    a2, s0, 271
core   0: 3 0x80003518 (0x10f47613) x12 0x00000109
core   0: 0x8000351c (0x41c55713) srai    a4, a0, 28
core   0: 3 0x8000351c (0x41c55713) x14 0xfffffff8
core   0: 0x80003520 (0x402e8833) sub     a6, t4, sp
core   0: 3 0x80003520 (0x402e8833) x16 0x02000000
core   0: 0x80003524 (0xae22af37) lui     t5, 0xae22a
core   0: 3 0x80003524 (0xae22af37) x30 0xae22a000
core   0: 0x80003528 (0x01093433) sltu    s0, s2, a6
core   0: 3 0x80003528 (0x01093433) x 8 0x00000001
core   0: 0x8000352c (0x01698f33) add     t5, s3, s6
core   0: 3 0x8000352c (0x01698f33) x30 0xabe98bce
core   0: 0x80003530 (0x40148db3) sub     s11, s1, ra
core   0: 3 0x80003530 (0x40148db3) x27 0xe554492a
core   0: 0x80003534 (0xdf82a413) slti    s0, t0, -520
core   0: 3 0x80003534 (0xdf82a413) x 8 0x00000000
core   0: 0x80003538 (0x2b4a2d93) slti    s11, s4, 692
core   0: 3 0x80003538 (0x2b4a2d93) x27 0x00000001
core   0: 0x8000353c (0x41765033) sra     zero, a2, s7
core   0: 3 0x8000353c (0x41765033)
core   0: 0x80003540 (0x40f2de13) srai    t3, t0, 15
core   0: 3 0x80003540 (0x40f2de13) x28 0x00000000
core   0: 0x80003544 (0xe4a02e93) slti    t4, zero, -438
core   0: 3 0x80003544 (0xe4a02e93) x29 0x00000000
core   0: 0x80003548 (0x41465893) srai    a7, a2, 20
core   0: 3 0x80003548 (0x41465893) x17 0x00000000
core   0: 0x8000354c (0x40f1d2b3) sra     t0, gp, a5
core   0: 3 0x8000354c (0x40f1d2b3) x 5 0xffffdcdc
core   0: 0x80003550 (0x00000013) nop
core   0: 3 0x80003550 (0x00000013)
core   0: 0x80003554 (0x9a452013) slti    zero, a0, -1628
core   0: 3 0x80003554 (0x9a452013)
core   0: 0x80003558 (0x40f888b3) sub     a7, a7, a5
core   0: 3 0x80003558 (0x40f888b3) x17 0xb7d7bbd0
core   0: 0x8000355c (0x40d90bb3) sub     s7, s2, a3
core   0: 3 0x8000355c (0x40d90bb3) x23 0xd32a5bab
core   0: 0x80003560 (0x0040acb3) slt     s9, ra, tp
core   0: 3 0x80003560 (0x0040acb3) x25 0x00000000
core   0: 0x80003564 (0x925ec793) xori    a5, t4, -1755
core   0: 3 0x80003564 (0x925ec793) x15 0xfffff925
core   0: 0x80003568 (0x01aad4b3) srl     s1, s5, s10
core   0: 3 0x80003568 (0x01aad4b3) x 9 0x166ad25e
core   0: 0x8000356c (0xb3b38613) addi    a2, t2, -1221
core   0: 3 0x8000356c (0xb3b38613) x12 0x7ffffb3b
core   0: 0x80003570 (0x17dbaf13) slti    t5, s7, 381
core   0: 3 0x80003570 (0x17dbaf13) x30 0x00000001
core   0: 0x80003574 (0xd88a8a37) lui     s4, 0xd88a8
core   0: 3 0x80003574 (0xd88a8a37) x20 0xd88a8000
core   0: 0x80003578 (0x00e9d633) srl     a2, s3, a4
core   0: 3 0x80003578 (0x00e9d633) x12 0x00000000
core   0: 0x8000357c (0x926b0f93) addi    t6, s6, -1754
core   0: 3 0x8000357c (0x926b0f93) x31 0xabe97e1e
core   0: 0x80003580 (0x00395eb3) srl     t4, s2, gp
core   0: 3 0x80003580 (0x00395eb3) x29 0x00000068
core   0: 0x80003584 (0x01f65113) srli    sp, a2, 31
core   0: 3 0x80003584 (0x01f65113) x 2 0x00000000
core   0: 0x80003588 (0x01691f33) sll     t5, s2, s6
core   0: 3 0x80003588 (0x01691f33) x30 0x68000000
core   0: 0x8000358c (0xc91dad93) slti    s11, s11, -879
core   0: 3 0x8000358c (0xc91dad93) x27 0x00000000
core   0: 0x80003590 (0x0188cbb3) xor     s7, a7, s8
core   0: 3 0x80003590 (0x0188cbb3) x23 0x37d7bed7
core   0: 0x80003594 (0x014b1eb3) sll     t4, s6, s4
core   0: 3 0x80003594 (0x014b1eb3) x29 0xabe984f8
core   0: 0x80003598 (0x4156d493) srai    s1, a3, 21
core   0: 3 0x80003598 (0x4156d493) x 9 0x00000166
core   0: 0x8000359c (0x00359c13) slli    s8, a1, 3
core   0: 3 0x8000359c (0x00359c13) x24 0x00000340
core   0: 0x800035a0 (0x81c6c297) auipc   t0, 0x81c6c
core   0: 3 0x800035a0 (0x81c6c297) x 5 0x01c6f5a0
core   0: 0x800035a4 (0xa46e7217) auipc   tp, 0xa46e7
core   0: 3 0x800035a4 (0xa46e7217) x 4 0x246ea5a4
core   0: 0x800035a8 (0xdcec4a13) xori    s4, s8, -562
core   0: 3 0x800035a8 (0xdcec4a13) x20 0xfffffe8e
core   0: 0x800035ac (0xd5eea693) slti    a3, t4, -674
core   0: 3 0x800035ac (0xd5eea693) x13 0x00000001
core   0: 0x800035b0 (0x01344d33) xor     s10, s0, s3
core   0: 3 0x800035b0 (0x01344d33) x26 0x000006d6
core   0: 0x800035b4 (0xc61140b7) lui     ra, 0xc6114
core   0: 3 0x800035b4 (0xc61140b7) x 1 0xc6114000
core   0: 0x800035b8 (0x0bb08093) addi    ra, ra, 187
core   0: 3 0x800035b8 (0x0bb08093) x 1 0xc61140bb
core   0: 0x800035bc (0x80000d37) lui     s10, 0x80000
core   0: 3 0x800035bc (0x80000d37) x26 0x80000000
core   0: 0x800035c0 (0x80000b37) lui     s6, 0x80000
core   0: 3 0x800035c0 (0x80000b37) x22 0x80000000
core   0: 0x800035c4 (0x80000937) lui     s2, 0x80000
core   0: 3 0x800035c4 (0x80000937) x18 0x80000000
core   0: 0x800035c8 (0x80000837) lui     a6, 0x80000
core   0: 3 0x800035c8 (0x80000837) x16 0x80000000
core   0: 0x800035cc (0x80000db7) lui     s11, 0x80000
core   0: 3 0x800035cc (0x80000db7) x27 0x80000000
core   0: 0x800035d0 (0x80000ab7) lui     s5, 0x80000
core   0: 3 0x800035d0 (0x80000ab7) x21 0x80000000
core   0: 0x800035d4 (0x800007b7) lui     a5, 0x80000
core   0: 3 0x800035d4 (0x800007b7) x15 0x80000000
core   0: 0x800035d8 (0xfff00b93) li      s7, -1
core   0: 3 0x800035d8 (0xfff00b93) x23 0xffffffff
core   0: 0x800035dc (0x00000613) li      a2, 0
core   0: 3 0x800035dc (0x00000613) x12 0x00000000
core   0: 0x800035e0 (0x16fdcd17) auipc   s10, 0x16fdc
core   0: 3 0x800035e0 (0x16fdcd17) x26 0x96fdf5e0
core   0: 0x800035e4 (0xfa027637) lui     a2, 0xfa027
core   0: 3 0x800035e4 (0xfa027637) x12 0xfa027000
core   0: 0x800035e8 (0x416080b3) sub     ra, ra, s6
core   0: 3 0x800035e8 (0x416080b3) x 1 0x461140bb
core   0: 0x800035ec (0x01060bb3) add     s7, a2, a6
core   0: 3 0x800035ec (0x01060bb3) x23 0x7a027000
core   0: 0x800035f0 (0x00000013) nop
core   0: 3 0x800035f0 (0x00000013)
core   0: 0x800035f4 (0x01a08633) add     a2, ra, s10
core   0: 3 0x800035f4 (0x01a08633) x12 0xdd0f369b
core   0: 0x800035f8 (0x00000013) nop
core   0: 3 0x800035f8 (0x00000013)
core   0: 0x800035fc (0xab1d8613) addi    a2, s11, -1359
core   0: 3 0x800035fc (0xab1d8613) x12 0x7ffffab1
core   0: 0x80003600 (0x2931b797) auipc   a5, 0x2931b
core   0: 3 0x80003600 (0x2931b797) x15 0xa931e600
core   0: 0x80003604 (0x0bb2cab7) lui     s5, 0xbb2c
core   0: 3 0x80003604 (0x0bb2cab7) x21 0x0bb2c000
core   0: 0x80003608 (0x57199817) auipc   a6, 0x57199
core   0: 3 0x80003608 (0x57199817) x16 0xd719c608
core   0: 0x8000360c (0xf17b7637) lui     a2, 0xf17b7
core   0: 3 0x8000360c (0xf17b7637) x12 0xf17b7000
core   0: 0x80003610 (0x32150817) auipc   a6, 0x32150
core   0: 3 0x80003610 (0x32150817) x16 0xb2153610
core   0: 0x80003614 (0xf7f48817) auipc   a6, 0xf7f48
core   0: 3 0x80003614 (0xf7f48817) x16 0x77f4b614
core   0: 0x80003618 (0x00000013) nop
core   0: 3 0x80003618 (0x00000013)
core   0: 0x8000361c (0xc4696817) auipc   a6, 0xc4696
core   0: 3 0x8000361c (0xc4696817) x16 0x4469961c
core   0: 0x80003620 (0x33e08d13) addi    s10, ra, 830
core   0: 3 0x80003620 (0x33e08d13) x26 0x461143f9
core   0: 0x80003624 (0x00000013) nop
core   0: 3 0x80003624 (0x00000013)
core   0: 0x80003628 (0x00f60bb3) add     s7, a2, a5
core   0: 3 0x80003628 (0x00f60bb3) x23 0x9aad5600
core   0: 0x8000362c (0x40f080b3) sub     ra, ra, a5
core   0: 3 0x8000362c (0x40f080b3) x 1 0x9cdf5abb
core   0: 0x80003630 (0x15c56837) lui     a6, 0x15c56
core   0: 3 0x80003630 (0x15c56837) x16 0x15c56000
core   0: 0x80003634 (0x00000013) nop
core   0: 3 0x80003634 (0x00000013)
core   0: 0x80003638 (0x401b87b3) sub     a5, s7, ra
core   0: 3 0x80003638 (0x401b87b3) x15 0xfdcdfb45
core   0: 0x8000363c (0x00000013) nop
core   0: 3 0x8000363c (0x00000013)
core   0: 0x80003640 (0x01a80833) add     a6, a6, s10
core   0: 3 0x80003640 (0x01a80833) x16 0x5bd6a3f9
core   0: 0x80003644 (0x1b707293) andi    t0, zero, 439
core   0: 3 0x80003644 (0x1b707293) x 5 0x00000000
core   0: 0x80003648 (0x00449a33) sll     s4, s1, tp
core   0: 3 0x80003648 (0x00449a33) x20 0x00001660
core   0: 0x8000364c (0xfad74f13) xori    t5, a4, -83
core   0: 3 0x8000364c (0xfad74f13) x30 0x00000055
core   0: 0x80003650 (0x0022ffb3) and     t6, t0, sp
core   0: 3 0x80003650 (0x0022ffb3) x31 0x00000000
core   0: 0x80003654 (0x4025ddb3) sra     s11, a1, sp
core   0: 3 0x80003654 (0x4025ddb3) x27 0x00000068
core   0: 0x80003658 (0x0195ad33) slt     s10, a1, s9
core   0: 3 0x80003658 (0x0195ad33) x26 0x00000000
core   0: 0x8000365c (0x40c30413) addi    s0, t1, 1036
core   0: 3 0x8000365c (0x40c30413) x 8 0x800150f0
core   0: 0x80003660 (0xada8cb13) xori    s6, a7, -1318
core   0: 3 0x80003660 (0xada8cb13) x22 0x4828410a
core   0: 0x80003664 (0x62e00d13) li      s10, 1582
core   0: 3 0x80003664 (0x62e00d13) x26 0x0000062e
core   0: 0x80003668 (0x01c51e33) sll     t3, a0, t3
core   0: 3 0x80003668 (0x01c51e33) x28 0x80010e64
core   0: 0x8000366c (0x63764713) xori    a4, a2, 1591
core   0: 3 0x8000366c (0x63764713) x14 0xf17b7637
core   0: 0x80003670 (0x0106f033) and     zero, a3, a6
core   0: 3 0x80003670 (0x0106f033)
core   0: 0x80003674 (0x40e7dc33) sra     s8, a5, a4
core   0: 3 0x80003674 (0x40e7dc33) x24 0xfffffffb
core   0: 0x80003678 (0x341cb713) sltiu   a4, s9, 833
core   0: 3 0x80003678 (0x341cb713) x14 0x00000001
core   0: 0x8000367c (0x08ba7b37) lui     s6, 0x8ba7
core   0: 3 0x8000367c (0x08ba7b37) x22 0x08ba7000
core   0: 0x80003680 (0x01546433) or      s0, s0, s5
core   0: 3 0x80003680 (0x01546433) x 8 0x8bb3d0f0
core   0: 0x80003684 (0xd44a4913) xori    s2, s4, -700
core   0: 3 0x80003684 (0xd44a4913) x18 0xffffeb24
core   0: 0x80003688 (0x01019893) slli    a7, gp, 16
core   0: 3 0x80003688 (0x01019893) x17 0xb0000000
core   0: 0x8000368c (0x00f35b33) srl     s6, t1, a5
core   0: 3 0x8000368c (0x00f35b33) x22 0x04000a67
core   0: 0x80003690 (0xcb603d17) auipc   s10, 0xcb603
core   0: 3 0x80003690 (0xcb603d17) x26 0x4b606690
core   0: 0x80003694 (0x00fad833) srl     a6, s5, a5
core   0: 3 0x80003694 (0x00fad833) x16 0x005d9600
core   0: 0x80003698 (0x498d5297) auipc   t0, 0x498d5
core   0: 3 0x80003698 (0x498d5297) x 5 0xc98d8698
core   0: 0x8000369c (0x007b0db3) add     s11, s6, t2
core   0: 3 0x8000369c (0x007b0db3) x27 0x84000a67
core   0: 0x800036a0 (0x01afeeb3) or      t4, t6, s10
core   0: 3 0x800036a0 (0x01afeeb3) x29 0x4b606690
core   0: 0x800036a4 (0x01457fb3) and     t6, a0, s4
core   0: 3 0x800036a4 (0x01457fb3) x31 0x00000660
core   0: 0x800036a8 (0x00f61293) slli    t0, a2, 15
core   0: 3 0x800036a8 (0x00f61293) x 5 0xb8000000
core   0: 0x800036ac (0x071c7413) andi    s0, s8, 113
core   0: 3 0x800036ac (0x071c7413) x 8 0x00000071
core   0: 0x800036b0 (0x6f4f3713) sltiu   a4, t5, 1780
core   0: 3 0x800036b0 (0x6f4f3713) x14 0x00000001
core   0: 0x800036b4 (0x01cfcc33) xor     s8, t6, t3
core   0: 3 0x800036b4 (0x01cfcc33) x24 0x80010804
core   0: 0x800036b8 (0xeb06e597) auipc   a1, 0xeb06e
core   0: 3 0x800036b8 (0xeb06e597) x11 0x6b0716b8
core   0: 0x800036bc (0x00edeb33) or      s6, s11, a4
core   0: 3 0x800036bc (0x00edeb33) x22 0x84000a67
core   0: 0x800036c0 (0x01faac33) slt     s8, s5, t6
core   0: 3 0x800036c0 (0x01faac33) x24 0x00000000
core   0: 0x800036c4 (0x3bd47fb7) lui     t6, 0x3bd47
core   0: 3 0x800036c4 (0x3bd47fb7) x31 0x3bd47000
core   0: 0x800036c8 (0x40178e33) sub     t3, a5, ra
core   0: 3 0x800036c8 (0x40178e33) x28 0x60eea08a
core   0: 0x800036cc (0x008232b3) sltu    t0, tp, s0
core   0: 3 0x800036cc (0x008232b3) x 5 0x00000000
core   0: 0x800036d0 (0x00acb933) sltu    s2, s9, a0
core   0: 3 0x800036d0 (0x00acb933) x18 0x00000001
core   0: 0x800036d4 (0x003ba2b3) slt     t0, s7, gp
core   0: 3 0x800036d4 (0x003ba2b3) x 5 0x00000001
core   0: 0x800036d8 (0xbf4e4e97) auipc   t4, 0xbf4e4
core   0: 3 0x800036d8 (0xbf4e4e97) x29 0x3f4e76d8
core   0: 0x800036dc (0x01a09733) sll     a4, ra, s10
core   0: 3 0x800036dc (0x01a09733) x14 0x5abb0000
core   0: 0x800036e0 (0x00b946b3) xor     a3, s2, a1
core   0: 3 0x800036e0 (0x00b946b3) x13 0x6b0716b9
core   0: 0x800036e4 (0x4153d0b3) sra     ra, t2, s5
core   0: 3 0x800036e4 (0x4153d0b3) x 1 0x80000000
core   0: 0x800036e8 (0x01da37b3) sltu    a5, s4, t4
core   0: 3 0x800036e8 (0x01da37b3) x15 0x00000001
core   0: 0x800036ec (0x755efb93) andi    s7, t4, 1877
core   0: 3 0x800036ec (0x755efb93) x23 0x00000650
core   0: 0x800036f0 (0x41ffde93) srai    t4, t6, 31
core   0: 3 0x800036f0 (0x41ffde93) x29 0x00000000
core   0: 0x800036f4 (0xa8f4cb13) xori    s6, s1, -1393
core   0: 3 0x800036f4 (0xa8f4cb13) x22 0xfffffbe9
core   0: 0x800036f8 (0x001d1093) slli    ra, s10, 1
core   0: 3 0x800036f8 (0x001d1093) x 1 0x96c0cd20
core   0: 0x800036fc (0x9177b693) sltiu   a3, a5, -1769
core   0: 3 0x800036fc (0x9177b693) x13 0x00000001
core   0: 0x80003700 (0x01342b33) slt     s6, s0, s3
core   0: 3 0x80003700 (0x01342b33) x22 0x00000001
core   0: 0x80003704 (0x9f8024b7) lui     s1, 0x9f802
core   0: 3 0x80003704 (0x9f8024b7) x 9 0x9f802000
core   0: 0x80003708 (0x40105233) sra     tp, zero, ra
core   0: 3 0x80003708 (0x40105233) x 4 0x00000000
core   0: 0x8000370c (0xcf8bb613) sltiu   a2, s7, -776
core   0: 3 0x8000370c (0xcf8bb613) x12 0x00000001
core   0: 0x80003710 (0x01b39293) slli    t0, t2, 27
core   0: 3 0x80003710 (0x01b39293) x 5 0x00000000
core   0: 0x80003714 (0x0085bd33) sltu    s10, a1, s0
core   0: 3 0x80003714 (0x0085bd33) x26 0x00000000
core   0: 0x80003718 (0x01bc5a13) srli    s4, s8, 27
core   0: 3 0x80003718 (0x01bc5a13) x20 0x00000000
core   0: 0x8000371c (0x00000013) nop
core   0: 3 0x8000371c (0x00000013)
core   0: 0x80003720 (0xb35cf8b7) lui     a7, 0xb35cf
core   0: 3 0x80003720 (0xb35cf8b7) x17 0xb35cf000
core   0: 0x80003724 (0x3ad4b897) auipc   a7, 0x3ad4b
core   0: 3 0x80003724 (0x3ad4b897) x17 0xbad4e724
core   0: 0x80003728 (0x0c9e3213) sltiu   tp, t3, 201
core   0: 3 0x80003728 (0x0c9e3213) x 4 0x00000000
core   0: 0x8000372c (0x00adcf33) xor     t5, s11, a0
core   0: 3 0x8000372c (0x00adcf33) x30 0x04010403
core   0: 0x80003730 (0x63edda17) auipc   s4, 0x63edd
core   0: 3 0x80003730 (0x63edda17) x20 0xe3ee0730
core   0: 0x80003734 (0xc1e76413) ori     s0, a4, -994
core   0: 3 0x80003734 (0xc1e76413) x 8 0xfffffc1e
core   0: 0x80003738 (0x011ad113) srli    sp, s5, 17
core   0: 3 0x80003738 (0x011ad113) x 2 0x000005d9
core   0: 0x8000373c (0x4131d713) srai    a4, gp, 19
core   0: 3 0x8000373c (0x4131d713) x14 0xfffffb9b
core   0: 0x80003740 (0xa5030d13) addi    s10, t1, -1456
core   0: 3 0x80003740 (0xa5030d13) x26 0x80014734
core   0: 0x80003744 (0x1a8fca93) xori    s5, t6, 424
core   0: 3 0x80003744 (0x1a8fca93) x21 0x3bd471a8
core   0: 0x80003748 (0x011a9133) sll     sp, s5, a7
core   0: 3 0x80003748 (0x011a9133) x 2 0xbd471a80
core   0: 0x8000374c (0x8c7b0a93) addi    s5, s6, -1849
core   0: 3 0x8000374c (0x8c7b0a93) x21 0xfffff8c8
core   0: 0x80003750 (0x0005d113) srli    sp, a1, 0
core   0: 3 0x80003750 (0x0005d113) x 2 0x6b0716b8
core   0: 0x80003754 (0xac59ebb7) lui     s7, 0xac59e
core   0: 3 0x80003754 (0xac59ebb7) x23 0xac59e000
core   0: 0x80003758 (0xd2e25f37) lui     t5, 0xd2e25
core   0: 3 0x80003758 (0xd2e25f37) x30 0xd2e25000
core   0: 0x8000375c (0x4ed602b7) lui     t0, 0x4ed60
core   0: 3 0x8000375c (0x4ed602b7) x 5 0x4ed60000
core   0: 0x80003760 (0x01ce9593) slli    a1, t4, 28
core   0: 3 0x80003760 (0x01ce9593) x11 0x00000000
core   0: 0x80003764 (0xd2e2d597) auipc   a1, 0xd2e2d
core   0: 3 0x80003764 (0xd2e2d597) x11 0x52e30764
core   0: 0x80003768 (0x8619a813) slti    a6, s3, -1951
core   0: 3 0x80003768 (0x8619a813) x16 0x00000000
core   0: 0x8000376c (0x012f36b3) sltu    a3, t5, s2
core   0: 3 0x8000376c (0x012f36b3) x13 0x00000000
core   0: 0x80003770 (0x00000913) li      s2, 0
core   0: 3 0x80003770 (0x00000913) x18 0x00000000
core   0: 0x80003774 (0x80000737) lui     a4, 0x80000
core   0: 3 0x80003774 (0x80000737) x14 0x80000000
core   0: 0x80003778 (0xac0b3bb7) lui     s7, 0xac0b3
core   0: 3 0x80003778 (0xac0b3bb7) x23 0xac0b3000
core   0: 0x8000377c (0xcc7b8b93) addi    s7, s7, -825
core   0: 3 0x8000377c (0xcc7b8b93) x23 0xac0b2cc7
core   0: 0x80003780 (0x00000193) li      gp, 0
core   0: 3 0x80003780 (0x00000193) x 3 0x00000000
core   0: 0x80003784 (0x80000fb7) lui     t6, 0x80000
core   0: 3 0x80003784 (0x80000fb7) x31 0x80000000
core   0: 0x80003788 (0x800004b7) lui     s1, 0x80000
core   0: 3 0x80003788 (0x800004b7) x 9 0x80000000
core   0: 0x8000378c (0x00000e93) li      t4, 0
core   0: 3 0x8000378c (0x00000e93) x29 0x00000000
core   0: 0x80003790 (0x00000d13) li      s10, 0
core   0: 3 0x80003790 (0x00000d13) x26 0x00000000
core   0: 0x80003794 (0x00000793) li      a5, 0
core   0: 3 0x80003794 (0x00000793) x15 0x00000000
core   0: 0x80003798 (0x439de137) lui     sp, 0x439de
core   0: 3 0x80003798 (0x439de137) x 2 0x439de000
core   0: 0x8000379c (0xdaf10113) addi    sp, sp, -593
core   0: 3 0x8000379c (0xdaf10113) x 2 0x439dddaf
core   0: 0x800037a0 (0x50e39497) auipc   s1, 0x50e39
core   0: 3 0x800037a0 (0x50e39497) x 9 0xd0e3c7a0
core   0: 0x800037a4 (0xb11d1bb7) lui     s7, 0xb11d1
core   0: 3 0x800037a4 (0xb11d1bb7) x23 0xb11d1000
core   0: 0x800037a8 (0x00000013) nop
core   0: 3 0x800037a8 (0x00000013)
core   0: 0x800037ac (0x41f707b3) sub     a5, a4, t6
core   0: 3 0x800037ac (0x41f707b3) x15 0x00000000
core   0: 0x800037b0 (0x00e18fb3) add     t6, gp, a4
core   0: 3 0x800037b0 (0x00e18fb3) x31 0x80000000
core   0: 0x800037b4 (0x87f70e93) addi    t4, a4, -1921
core   0: 3 0x800037b4 (0x87f70e93) x29 0x7ffff87f
core   0: 0x800037b8 (0x41790bb3) sub     s7, s2, s7
core   0: 3 0x800037b8 (0x41790bb3) x23 0x4ee2f000
core   0: 0x800037bc (0xa0a42eb7) lui     t4, 0xa0a42
core   0: 3 0x800037bc (0xa0a42eb7) x29 0xa0a42000
core   0: 0x800037c0 (0x00000013) nop
core   0: 3 0x800037c0 (0x00000013)
core   0: 0x800037c4 (0x00e90933) add     s2, s2, a4
core   0: 3 0x800037c4 (0x00e90933) x18 0x80000000
core   0: 0x800037c8 (0x009b8733) add     a4, s7, s1
core   0: 3 0x800037c8 (0x009b8733) x14 0x1fc6b7a0
core   0: 0x800037cc (0x00000013) nop
core   0: 3 0x800037cc (0x00000013)
core   0: 0x800037d0 (0x002e8bb3) add     s7, t4, sp
core   0: 3 0x800037d0 (0x002e8bb3) x23 0xe441fdaf
core   0: 0x800037d4 (0x00000013) nop
core   0: 3 0x800037d4 (0x00000013)
core   0: 0x800037d8 (0x55a1cb97) auipc   s7, 0x55a1c
core   0: 3 0x800037d8 (0x55a1cb97) x23 0xd5a1f7d8
core   0: 0x800037dc (0x00000013) nop
core   0: 3 0x800037dc (0x00000013)
core   0: 0x800037e0 (0x40f481b3) sub     gp, s1, a5
core   0: 3 0x800037e0 (0x40f481b3) x 3 0xd0e3c7a0
core   0: 0x800037e4 (0x00000013) nop
core   0: 3 0x800037e4 (0x00000013)
core   0: 0x800037e8 (0x00e781b3) add     gp, a5, a4
core   0: 3 0x800037e8 (0x00e781b3) x 3 0x1fc6b7a0
core   0: 0x800037ec (0x001babb3) slt     s7, s7, ra
core   0: 3 0x800037ec (0x001babb3) x23 0x00000000
core   0: 0x800037f0 (0x000a1b33) sll     s6, s4, zero
core   0: 3 0x800037f0 (0x000a1b33) x22 0xe3ee0730
core   0: 0x800037f4 (0x00eedeb3) srl     t4, t4, a4
core   0: 3 0x800037f4 (0x00eedeb3) x29 0xa0a42000
core   0: 0x800037f8 (0x01386c33) or      s8, a6, s3
core   0: 3 0x800037f8 (0x01386c33) x24 0x000006d6
core   0: 0x800037fc (0x01421f33) sll     t5, tp, s4
core   0: 3 0x800037fc (0x01421f33) x30 0x00000000
core   0: 0x80003800 (0x321b7993) andi    s3, s6, 801
core   0: 3 0x80003800 (0x321b7993) x19 0x00000320
core   0: 0x80003804 (0x016bc433) xor     s0, s7, s6
core   0: 3 0x80003804 (0x016bc433) x 8 0xe3ee0730
core   0: 0x80003808 (0x41a0dab3) sra     s5, ra, s10
core   0: 3 0x80003808 (0x41a0dab3) x21 0x96c0cd20
core   0: 0x8000380c (0x4f294d13) xori    s10, s2, 1266
core   0: 3 0x8000380c (0x4f294d13) x26 0x800004f2
core   0: 0x80003810 (0x405d8133) sub     sp, s11, t0
core   0: 3 0x80003810 (0x405d8133) x 2 0x352a0a67
core   0: 0x80003814 (0x011a0733) add     a4, s4, a7
core   0: 3 0x80003814 (0x011a0733) x14 0x9ec2ee54
core   0: 0x80003818 (0x018bbcb3) sltu    s9, s7, s8
core   0: 3 0x80003818 (0x018bbcb3) x25 0x00000001
core   0: 0x8000381c (0x009d50b3) srl     ra, s10, s1
core   0: 3 0x8000381c (0x009d50b3) x 1 0x800004f2
core   0: 0x80003820 (0x40e80d33) sub     s10, a6, a4
core   0: 3 0x80003820 (0x40e80d33) x26 0x613d11ac
core   0: 0x80003824 (0xd00a59b7) lui     s3, 0xd00a5
core   0: 3 0x80003824 (0xd00a59b7) x19 0xd00a5000
core   0: 0x80003828 (0x00000013) nop
core   0: 3 0x80003828 (0x00000013)
core   0: 0x8000382c (0x4137d613) srai    a2, a5, 19
core   0: 3 0x8000382c (0x4137d613) x12 0x00000000
core   0: 0x80003830 (0x71467d13) andi    s10, a2, 1812
core   0: 3 0x80003830 (0x71467d13) x26 0x00000000
core   0: 0x80003834 (0x004d75b3) and     a1, s10, tp
core   0: 3 0x80003834 (0x004d75b3) x11 0x00000000
core   0: 0x80003838 (0xa2d4be93) sltiu   t4, s1, -1491
core   0: 3 0x80003838 (0xa2d4be93) x29 0x00000001
core   0: 0x8000383c (0x0194ea33) or      s4, s1, s9
core   0: 3 0x8000383c (0x0194ea33) x20 0xd0e3c7a1
core   0: 0x80003840 (0x00b04a33) xor     s4, zero, a1
core   0: 3 0x80003840 (0x00b04a33) x20 0x00000000
core   0: 0x80003844 (0x412c5213) srai    tp, s8, 18
core   0: 3 0x80003844 (0x412c5213) x 4 0x00000000
core   0: 0x80003848 (0x302e2813) slti    a6, t3, 770
core   0: 3 0x80003848 (0x302e2813) x16 0x00000000
core   0: 0x8000384c (0x00c09f13) slli    t5, ra, 12
core   0: 3 0x8000384c (0x00c09f13) x30 0x004f2000
core   0: 0x80003850 (0x5839ce93) xori    t4, s3, 1411
core   0: 3 0x80003850 (0x5839ce93) x29 0xd00a5583
core   0: 0x80003854 (0x6fe2ec17) auipc   s8, 0x6fe2e
core   0: 3 0x80003854 (0x6fe2ec17) x24 0xefe31854
core   0: 0x80003858 (0x01ca9093) slli    ra, s5, 28
core   0: 3 0x80003858 (0x01ca9093) x 1 0x00000000
core   0: 0x8000385c (0x00000013) nop
core   0: 3 0x8000385c (0x00000013)
core   0: 0x80003860 (0x0abd7a93) andi    s5, s10, 171
core   0: 3 0x80003860 (0x0abd7a93) x21 0x00000000
core   0: 0x80003864 (0x00000013) nop
core   0: 3 0x80003864 (0x00000013)
core   0: 0x80003868 (0x41a707b3) sub     a5, a4, s10
core   0: 3 0x80003868 (0x41a707b3) x15 0x9ec2ee54
core   0: 0x8000386c (0xa3500793) li      a5, -1483
core   0: 3 0x8000386c (0xa3500793) x15 0xfffffa35
core   0: 0x80003870 (0x01325d93) srli    s11, tp, 19
core   0: 3 0x80003870 (0x01325d93) x27 0x00000000
core   0: 0x80003874 (0x32bba817) auipc   a6, 0x32bba
core   0: 3 0x80003874 (0x32bba817) x16 0xb2bbd874
core   0: 0x80003878 (0xbb826f93) ori     t6, tp, -1096
core   0: 3 0x80003878 (0xbb826f93) x31 0xfffffbb8
core   0: 0x8000387c (0x00888733) add     a4, a7, s0
core   0: 3 0x8000387c (0x00888733) x14 0x9ec2ee54
core   0: 0x80003880 (0x415687b3) sub     a5, a3, s5
core   0: 3 0x80003880 (0x415687b3) x15 0x00000000
core   0: 0x80003884 (0x01b67e33) and     t3, a2, s11
core   0: 3 0x80003884 (0x01b67e33) x28 0x00000000
core   0: 0x80003888 (0x40eb5e93) srai    t4, s6, 14
core   0: 3 0x80003888 (0x40eb5e93) x29 0xffff8fb8
core   0: 0x8000388c (0x40c4dd93) srai    s11, s1, 12
core   0: 3 0x8000388c (0x40c4dd93) x27 0xfffd0e3c
core   0: 0x80003890 (0xef7bc413) xori    s0, s7, -265
core   0: 3 0x80003890 (0xef7bc413) x 8 0xfffffef7
core   0: 0x80003894 (0x004ed813) srli    a6, t4, 4
core   0: 3 0x80003894 (0x004ed813) x16 0x0ffff8fb
core   0: 0x80003898 (0x014121b3) slt     gp, sp, s4
core   0: 3 0x80003898 (0x014121b3) x 3 0x00000000
core   0: 0x8000389c (0x010898b3) sll     a7, a7, a6
core   0: 3 0x8000389c (0x010898b3) x17 0x20000000
core   0: 0x800038a0 (0x0139bbb3) sltu    s7, s3, s3
core   0: 3 0x800038a0 (0x0139bbb3) x23 0x00000000
core   0: 0x800038a4 (0x00066733) or      a4, a2, zero
core   0: 3 0x800038a4 (0x00066733) x14 0x00000000
core   0: 0x800038a8 (0x00e0d913) srli    s2, ra, 14
core   0: 3 0x800038a8 (0x00e0d913) x18 0x00000000
core   0: 0x800038ac (0x006e4733) xor     a4, t3, t1
core   0: 3 0x800038ac (0x006e4733) x14 0x80014ce4
core   0: 0x800038b0 (0x0191e1b3) or      gp, gp, s9
core   0: 3 0x800038b0 (0x0191e1b3) x 3 0x00000001
core   0: 0x800038b4 (0x004dca33) xor     s4, s11, tp
core   0: 3 0x800038b4 (0x004dca33) x20 0xfffd0e3c
core   0: 0x800038b8 (0x018d2733) slt     a4, s10, s8
core   0: 3 0x800038b8 (0x018d2733) x14 0x00000000
core   0: 0x800038bc (0xd344b093) sltiu   ra, s1, -716
core   0: 3 0x800038bc (0xd344b093) x 1 0x00000001
core   0: 0x800038c0 (0x00000013) nop
core   0: 3 0x800038c0 (0x00000013)
core   0: 0x800038c4 (0xd606e613) ori     a2, a3, -672
core   0: 3 0x800038c4 (0xd606e613) x12 0xfffffd60
core   0: 0x800038c8 (0x70bc6093) ori     ra, s8, 1803
core   0: 3 0x800038c8 (0x70bc6093) x 1 0xefe31f5f
core   0: 0x800038cc (0x75fe8f93) addi    t6, t4, 1887
core   0: 3 0x800038cc (0x75fe8f93) x31 0xffff9717
core   0: 0x800038d0 (0x15842613) slti    a2, s0, 344
core   0: 3 0x800038d0 (0x15842613) x12 0x00000001
core   0: 0x800038d4 (0xe92aab13) slti    s6, s5, -366
core   0: 3 0x800038d4 (0xe92aab13) x22 0x00000000
core   0: 0x800038d8 (0x00d15413) srli    s0, sp, 13
core   0: 3 0x800038d8 (0x00d15413) x 8 0x0001a950
core   0: 0x800038dc (0x41a55113) srai    sp, a0, 26
core   0: 3 0x800038dc (0x41a55113) x 2 0xffffffe0
core   0: 0x800038e0 (0x4132d9b3) sra     s3, t0, s3
core   0: 3 0x800038e0 (0x4132d9b3) x19 0x4ed60000
core   0: 0x800038e4 (0x006fef33) or      t5, t6, t1
core   0: 3 0x800038e4 (0x006fef33) x30 0xffffdff7
core   0: 0x800038e8 (0x00424d33) xor     s10, tp, tp
core   0: 3 0x800038e8 (0x00424d33) x26 0x00000000
core   0: 0x800038ec (0x1b73a113) slti    sp, t2, 439
core   0: 3 0x800038ec (0x1b73a113) x 2 0x00000001
core   0: 0x800038f0 (0x8184ef93) ori     t6, s1, -2024
core   0: 3 0x800038f0 (0x8184ef93) x31 0xffffffb8
core   0: 0x800038f4 (0x00000013) nop
core   0: 3 0x800038f4 (0x00000013)
core   0: 0x800038f8 (0x00fb1613) slli    a2, s6, 15
core   0: 3 0x800038f8 (0x00fb1613) x12 0x00000000
core   0: 0x800038fc (0x006a1d33) sll     s10, s4, t1
core   0: 3 0x800038fc (0x006a1d33) x26 0xffd0e3c0
core   0: 0x80003900 (0x01055b13) srli    s6, a0, 16
core   0: 3 0x80003900 (0x01055b13) x22 0x00008001
core   0: 0x80003904 (0xad8d1e97) auipc   t4, 0xad8d1
core   0: 3 0x80003904 (0xad8d1e97) x29 0x2d8d4904
core   0: 0x80003908 (0x0ede6b13) ori     s6, t3, 237
core   0: 3 0x80003908 (0x0ede6b13) x22 0x000000ed
core   0: 0x8000390c (0x41fada33) sra     s4, s5, t6
core   0: 3 0x8000390c (0x41fada33) x20 0x00000000
core   0: 0x80003910 (0x012aa0b3) slt     ra, s5, s2
core   0: 3 0x80003910 (0x012aa0b3) x 1 0x00000000
core   0: 0x80003914 (0xb8c8c113) xori    sp, a7, -1140
core   0: 3 0x80003914 (0xb8c8c113) x 2 0xdffffb8c
core   0: 0x80003918 (0x01463e33) sltu    t3, a2, s4
core   0: 3 0x80003918 (0x01463e33) x28 0x00000000
core   0: 0x8000391c (0x0c8dfd13) andi    s10, s11, 200
core   0: 3 0x8000391c (0x0c8dfd13) x26 0x00000008
core   0: 0x80003920 (0x7bf8e293) ori     t0, a7, 1983
core   0: 3 0x80003920 (0x7bf8e293) x 5 0x200007bf
core   0: 0x80003924 (0x01fef033) and     zero, t4, t6
core   0: 3 0x80003924 (0x01fef033)
core   0: 0x80003928 (0x0165bbb3) sltu    s7, a1, s6
core   0: 3 0x80003928 (0x0165bbb3) x23 0x00000001
core   0: 0x8000392c (0x007aebb3) or      s7, s5, t2
core   0: 3 0x8000392c (0x007aebb3) x23 0x80000000
core   0: 0x80003930 (0x0171d613) srli    a2, gp, 23
core   0: 3 0x80003930 (0x0171d613) x12 0x00000000
core   0: 0x80003934 (0xa1691b37) lui     s6, 0xa1691
core   0: 3 0x80003934 (0xa1691b37) x22 0xa1691000
core   0: 0x80003938 (0x00e51e93) slli    t4, a0, 14
core   0: 3 0x80003938 (0x00e51e93) x29 0x43990000
core   0: 0x8000393c (0x00a99133) sll     sp, s3, a0
core   0: 3 0x8000393c (0x00a99133) x 2 0xed600000
core   0: 0x80003940 (0x31220413) addi    s0, tp, 786
core   0: 3 0x80003940 (0x31220413) x 8 0x00000312
core   0: 0x80003944 (0x9cdb4093) xori    ra, s6, -1587
core   0: 3 0x80003944 (0x9cdb4093) x 1 0x5e96e9cd
core   0: 0x80003948 (0x41ac5293) srai    t0, s8, 26
core   0: 3 0x80003948 (0x41ac5293) x 5 0xfffffffb
core   0: 0x8000394c (0x0ba58613) addi    a2, a1, 186
core   0: 3 0x8000394c (0x0ba58613) x12 0x000000ba
core   0: 0x80003950 (0xfd49bf93) sltiu   t6, s3, -44
core   0: 3 0x80003950 (0xfd49bf93) x31 0x00000001
core   0: 0x80003954 (0x001e2733) slt     a4, t3, ra
core   0: 3 0x80003954 (0x001e2733) x14 0x00000001
core   0: 0x80003958 (0xdc3c8793) addi    a5, s9, -573
core   0: 3 0x80003958 (0xdc3c8793) x15 0xfffffdc4
core   0: 0x8000395c (0x41ec8eb3) sub     t4, s9, t5
core   0: 3 0x8000395c (0x41ec8eb3) x29 0x0000200a
core   0: 0x80003960 (0x41015f13) srai    t5, sp, 16
core   0: 3 0x80003960 (0x41015f13) x30 0xffffed60
core   0: 0x80003964 (0x76716297) auipc   t0, 0x76716
core   0: 3 0x80003964 (0x76716297) x 5 0xf6719964
core   0: 0x80003968 (0x001baab3) slt     s5, s7, ra
core   0: 3 0x80003968 (0x001baab3) x21 0x00000001
core   0: 0x8000396c (0x00a3c1b3) xor     gp, t2, a0
core   0: 3 0x8000396c (0x00a3c1b3) x 3 0x00010e64
core   0: 0x80003970 (0xacffd417) auipc   s0, 0xacffd
core   0: 3 0x80003970 (0xacffd417) x 8 0x2d000970
core   0: 0x80003974 (0x00275593) srli    a1, a4, 2
core   0: 3 0x80003974 (0x00275593) x11 0x00000000
core   0: 0x80003978 (0x00630e33) add     t3, t1, t1
core   0: 3 0x80003978 (0x00630e33) x28 0x000299c8
core   0: 0x8000397c (0x00831493) slli    s1, t1, 8
core   0: 3 0x8000397c (0x00831493) x 9 0x014ce400
core   0: 0x80003980 (0x9fa88f93) addi    t6, a7, -1542
core   0: 3 0x80003980 (0x9fa88f93) x31 0x1ffff9fa
core   0: 0x80003984 (0xed5d6a93) ori     s5, s10, -299
core   0: 3 0x80003984 (0xed5d6a93) x21 0xfffffedd
core   0: 0x80003988 (0x002dbb33) sltu    s6, s11, sp
core   0: 3 0x80003988 (0x002dbb33) x22 0x00000000
core   0: 0x8000398c (0x013818b3) sll     a7, a6, s3
core   0: 3 0x8000398c (0x013818b3) x17 0x0ffff8fb
core   0: 0x80003990 (0x00f11c93) slli    s9, sp, 15
core   0: 3 0x80003990 (0x00f11c93) x25 0x00000000
core   0: 0x80003994 (0x00c8d113) srli    sp, a7, 12
core   0: 3 0x80003994 (0x00c8d113) x 2 0x0000ffff
core   0: 0x80003998 (0x0055d8b3) srl     a7, a1, t0
core   0: 3 0x80003998 (0x0055d8b3) x17 0x00000000
core   0: 0x8000399c (0x4158da13) srai    s4, a7, 21
core   0: 3 0x8000399c (0x4158da13) x20 0x00000000
core   0: 0x800039a0 (0x011b5233) srl     tp, s6, a7
core   0: 3 0x800039a0 (0x011b5233) x 4 0x00000000
core   0: 0x800039a4 (0x005aaab3) slt     s5, s5, t0
core   0: 3 0x800039a4 (0x005aaab3) x21 0x00000000
core   0: 0x800039a8 (0x01074c33) xor     s8, a4, a6
core   0: 3 0x800039a8 (0x01074c33) x24 0x0ffff8fa
core   0: 0x800039ac (0x3d7d3e13) sltiu   t3, s10, 983
core   0: 3 0x800039ac (0x3d7d3e13) x28 0x00000001
core   0: 0x800039b0 (0x4125d493) srai    s1, a1, 18
core   0: 3 0x800039b0 (0x4125d493) x 9 0x00000000
core   0: 0x800039b4 (0x73bce6b7) lui     a3, 0x73bce
core   0: 3 0x800039b4 (0x73bce6b7) x13 0x73bce000
core   0: 0x800039b8 (0x7fbaa693) slti    a3, s5, 2043
core   0: 3 0x800039b8 (0x7fbaa693) x13 0x00000001
core   0: 0x800039bc (0x402cd633) sra     a2, s9, sp
core   0: 3 0x800039bc (0x402cd633) x12 0x00000000
core   0: 0x800039c0 (0x01f4dd33) srl     s10, s1, t6
core   0: 3 0x800039c0 (0x01f4dd33) x26 0x00000000
core   0: 0x800039c4 (0x405b5733) sra     a4, s6, t0
core   0: 3 0x800039c4 (0x405b5733) x14 0x00000000
core   0: 0x800039c8 (0xf06eb193) sltiu   gp, t4, -250
core   0: 3 0x800039c8 (0xf06eb193) x 3 0x00000001
core   0: 0x800039cc (0x4ea42e93) slti    t4, s0, 1258
core   0: 3 0x800039cc (0x4ea42e93) x29 0x00000000
core   0: 0x800039d0 (0x7f3be1b7) lui     gp, 0x7f3be
core   0: 3 0x800039d0 (0x7f3be1b7) x 3 0x7f3be000
core   0: 0x800039d4 (0x01c38f33) add     t5, t2, t3
core   0: 3 0x800039d4 (0x01c38f33) x30 0x80000001
core   0: 0x800039d8 (0xeed1ce13) xori    t3, gp, -275
core   0: 3 0x800039d8 (0xeed1ce13) x28 0x80c41eed
core   0: 0x800039dc (0x008e58b3) srl     a7, t3, s0
core   0: 3 0x800039dc (0x008e58b3) x17 0x000080c4
core   0: 0x800039e0 (0x31a20693) addi    a3, tp, 794
core   0: 3 0x800039e0 (0x31a20693) x13 0x0000031a
core   0: 0x800039e4 (0x00a09c13) slli    s8, ra, 10
core   0: 3 0x800039e4 (0x00a09c13) x24 0x5ba73400
core   0: 0x800039e8 (0x00065813) srli    a6, a2, 0
core   0: 3 0x800039e8 (0x00065813) x16 0x00000000
core   0: 0x800039ec (0x00358933) add     s2, a1, gp
core   0: 3 0x800039ec (0x00358933) x18 0x7f3be000
core   0: 0x800039f0 (0x4073d693) srai    a3, t2, 7
core   0: 3 0x800039f0 (0x4073d693) x13 0xff000000
core   0: 0x800039f4 (0x35a56913) ori     s2, a0, 858
core   0: 3 0x800039f4 (0x35a56913) x18 0x80010f7e
core   0: 0x800039f8 (0x41e65133) sra     sp, a2, t5
core   0: 3 0x800039f8 (0x41e65133) x 2 0x00000000
core   0: 0x800039fc (0x01509b33) sll     s6, ra, s5
core   0: 3 0x800039fc (0x01509b33) x22 0x5e96e9cd
core   0: 0x80003a00 (0x94cf2c93) slti    s9, t5, -1716
core   0: 3 0x80003a00 (0x94cf2c93) x25 0x00000001
core   0: 0x80003a04 (0x00000013) nop
core   0: 3 0x80003a04 (0x00000013)
core   0: 0x80003a08 (0x86ca4a93) xori    s5, s4, -1940
core   0: 3 0x80003a08 (0x86ca4a93) x21 0xfffff86c
core   0: 0x80003a0c (0x1dea2613) slti    a2, s4, 478
core   0: 3 0x80003a0c (0x1dea2613) x12 0x00000001
core   0: 0x80003a10 (0x4193d293) srai    t0, t2, 25
core   0: 3 0x80003a10 (0x4193d293) x 5 0xffffffc0
core   0: 0x80003a14 (0x00000013) nop
core   0: 3 0x80003a14 (0x00000013)
core   0: 0x80003a18 (0x00bd1713) slli    a4, s10, 11
core   0: 3 0x80003a18 (0x00bd1713) x14 0x00000000
core   0: 0x80003a1c (0x0054fbb3) and     s7, s1, t0
core   0: 3 0x80003a1c (0x0054fbb3) x23 0x00000000
core   0: 0x80003a20 (0x01c3ce33) xor     t3, t2, t3
core   0: 3 0x80003a20 (0x01c3ce33) x28 0x00c41eed
core   0: 0x80003a24 (0x01bcc0b3) xor     ra, s9, s11
core   0: 3 0x80003a24 (0x01bcc0b3) x 1 0xfffd0e3d
core   0: 0x80003a28 (0x00fbd2b3) srl     t0, s7, a5
core   0: 3 0x80003a28 (0x00fbd2b3) x 5 0x00000000
core   0: 0x80003a2c (0x01a7b8b3) sltu    a7, a5, s10
core   0: 3 0x80003a2c (0x01a7b8b3) x17 0x00000000
core   0: 0x80003a30 (0x6a1e7d93) andi    s11, t3, 1697
core   0: 3 0x80003a30 (0x6a1e7d93) x27 0x000006a1
core   0: 0x80003a34 (0xe5cafc13) andi    s8, s5, -420
core   0: 3 0x80003a34 (0xe5cafc13) x24 0xfffff84c
core   0: 0x80003a38 (0x00671793) slli    a5, a4, 6
core   0: 3 0x80003a38 (0x00671793) x15 0x00000000
core   0: 0x80003a3c (0x00685db3) srl     s11, a6, t1
core   0: 3 0x80003a3c (0x00685db3) x27 0x00000000
core   0: 0x80003a40 (0x41b581b3) sub     gp, a1, s11
core   0: 3 0x80003a40 (0x41b581b3) x 3 0x00000000
core   0: 0x80003a44 (0x41d00cb3) sub     s9, zero, t4
core   0: 3 0x80003a44 (0x41d00cb3) x25 0x00000000
core   0: 0x80003a48 (0x83387413) andi    s0, a6, -1997
core   0: 3 0x80003a48 (0x83387413) x 8 0x00000000
core   0: 0x80003a4c (0x40615893) srai    a7, sp, 6
core   0: 3 0x80003a4c (0x40615893) x17 0x00000000
core   0: 0x80003a50 (0x5f15c593) xori    a1, a1, 1521
core   0: 3 0x80003a50 (0x5f15c593) x11 0x000005f1
core   0: 0x80003a54 (0x32fe3b13) sltiu   s6, t3, 815
core   0: 3 0x80003a54 (0x32fe3b13) x22 0x00000000
core   0: 0x80003a58 (0x40e706b3) sub     a3, a4, a4
core   0: 3 0x80003a58 (0x40e706b3) x13 0x00000000
core   0: 0x80003a5c (0x01e5eab3) or      s5, a1, t5
core   0: 3 0x80003a5c (0x01e5eab3) x21 0x800005f1
core   0: 0x80003a60 (0x9cd1eb37) lui     s6, 0x9cd1e
core   0: 3 0x80003a60 (0x9cd1eb37) x22 0x9cd1e000
core   0: 0x80003a64 (0x00000013) nop
core   0: 3 0x80003a64 (0x00000013)
core   0: 0x80003a68 (0x0117ffb3) and     t6, a5, a7
core   0: 3 0x80003a68 (0x0117ffb3) x31 0x00000000
core   0: 0x80003a6c (0x00516d33) or      s10, sp, t0
core   0: 3 0x80003a6c (0x00516d33) x26 0x00000000
core   0: 0x80003a70 (0x00b31033) sll     zero, t1, a1
core   0: 3 0x80003a70 (0x00b31033)
core   0: 0x80003a74 (0x062eb113) sltiu   sp, t4, 98
core   0: 3 0x80003a74 (0x062eb113) x 2 0x00000001
core   0: 0x80003a78 (0x7d7da813) slti    a6, s11, 2007
core   0: 3 0x80003a78 (0x7d7da813) x16 0x00000001
core   0: 0x80003a7c (0x414fd993) srai    s3, t6, 20
core   0: 3 0x80003a7c (0x414fd993) x19 0x00000000
core   0: 0x80003a80 (0x8f610b13) addi    s6, sp, -1802
core   0: 3 0x80003a80 (0x8f610b13) x22 0xfffff8f7
core   0: 0x80003a84 (0x40f55cb3) sra     s9, a0, a5
core   0: 3 0x80003a84 (0x40f55cb3) x25 0x80010e64
core   0: 0x80003a88 (0x000c1813) slli    a6, s8, 0
core   0: 3 0x80003a88 (0x000c1813) x16 0xfffff84c
core   0: 0x80003a8c (0x83676a13) ori     s4, a4, -1994
core   0: 3 0x80003a8c (0x83676a13) x20 0xfffff836
core   0: 0x80003a90 (0x0279bf37) lui     t5, 0x279b
core   0: 3 0x80003a90 (0x0279bf37) x30 0x0279b000
core   0: 0x80003a94 (0xcf71fe93) andi    t4, gp, -777
core   0: 3 0x80003a94 (0xcf71fe93) x29 0x00000000
core   0: 0x80003a98 (0x897bb237) lui     tp, 0x897bb
core   0: 3 0x80003a98 (0x897bb237) x 4 0x897bb000
core   0: 0x80003a9c (0x709f2d13) slti    s10, t5, 1801
core   0: 3 0x80003a9c (0x709f2d13) x26 0x00000000
core   0: 0x80003aa0 (0x007732b3) sltu    t0, a4, t2
core   0: 3 0x80003aa0 (0x007732b3) x 5 0x00000001
core   0: 0x80003aa4 (0x414680b3) sub     ra, a3, s4
core   0: 3 0x80003aa4 (0x414680b3) x 1 0x000007ca
core   0: 0x80003aa8 (0x015511b3) sll     gp, a0, s5
core   0: 3 0x80003aa8 (0x015511b3) x 3 0x1cc80000
core   0: 0x80003aac (0x002bb0b3) sltu    ra, s7, sp
core   0: 3 0x80003aac (0x002bb0b3) x 1 0x00000001
core   0: 0x80003ab0 (0x009e7f33) and     t5, t3, s1
core   0: 3 0x80003ab0 (0x009e7f33) x30 0x00000000
core   0: 0x80003ab4 (0x414f8e33) sub     t3, t6, s4
core   0: 3 0x80003ab4 (0x414f8e33) x28 0x000007ca
core   0: 0x80003ab8 (0x00085a13) srli    s4, a6, 0
core   0: 3 0x80003ab8 (0x00085a13) x20 0xfffff84c
core   0: 0x80003abc (0x66460a13) addi    s4, a2, 1636
core   0: 3 0x80003abc (0x66460a13) x20 0x00000665
core   0: 0x80003ac0 (0x01621233) sll     tp, tp, s6
core   0: 3 0x80003ac0 (0x01621233) x 4 0x00000000
core   0: 0x80003ac4 (0x00000013) nop
core   0: 3 0x80003ac4 (0x00000013)
core   0: 0x80003ac8 (0x01da0b33) add     s6, s4, t4
core   0: 3 0x80003ac8 (0x01da0b33) x22 0x00000665
core   0: 0x80003acc (0x3bb5aab7) lui     s5, 0x3bb5a
core   0: 3 0x80003acc (0x3bb5aab7) x21 0x3bb5a000
core   0: 0x80003ad0 (0x187dbd93) sltiu   s11, s11, 391
core   0: 3 0x80003ad0 (0x187dbd93) x27 0x00000001
core   0: 0x80003ad4 (0xfd4ceb13) ori     s6, s9, -44
core   0: 3 0x80003ad4 (0xfd4ceb13) x22 0xfffffff4
core   0: 0x80003ad8 (0x013e8d33) add     s10, t4, s3
core   0: 3 0x80003ad8 (0x013e8d33) x26 0x00000000
core   0: 0x80003adc (0x49bd0193) addi    gp, s10, 1179
core   0: 3 0x80003adc (0x49bd0193) x 3 0x0000049b
core   0: 0x80003ae0 (0x01212c33) slt     s8, sp, s2
core   0: 3 0x80003ae0 (0x01212c33) x24 0x00000000
core   0: 0x80003ae4 (0xf75bcb93) xori    s7, s7, -139
core   0: 3 0x80003ae4 (0xf75bcb93) x23 0xffffff75
core   0: 0x80003ae8 (0xd3408d37) lui     s10, 0xd3408
core   0: 3 0x80003ae8 (0xd3408d37) x26 0xd3408000
core   0: 0x80003aec (0x55e0c437) lui     s0, 0x55e0c
core   0: 3 0x80003aec (0x55e0c437) x 8 0x55e0c000
core   0: 0x80003af0 (0x00f33b33) sltu    s6, t1, a5
core   0: 3 0x80003af0 (0x00f33b33) x22 0x00000000
core   0: 0x80003af4 (0x01883bb3) sltu    s7, a6, s8
core   0: 3 0x80003af4 (0x01883bb3) x23 0x00000000
core   0: 0x80003af8 (0x414d80b3) sub     ra, s11, s4
core   0: 3 0x80003af8 (0x414d80b3) x 1 0xfffff99c
core   0: 0x80003afc (0x1f3fe193) ori     gp, t6, 499
core   0: 3 0x80003afc (0x1f3fe193) x 3 0x000001f3
core   0: 0x80003b00 (0xe4184713) xori    a4, a6, -447
core   0: 3 0x80003b00 (0xe4184713) x14 0x0000060d
core   0: 0x80003b04 (0xbfade713) ori     a4, s11, -1030
core   0: 3 0x80003b04 (0xbfade713) x14 0xfffffbfb
core   0: 0x80003b08 (0x012dd593) srli    a1, s11, 18
core   0: 3 0x80003b08 (0x012dd593) x11 0x00000000
core   0: 0x80003b0c (0x086efb13) andi    s6, t4, 134
core   0: 3 0x80003b0c (0x086efb13) x22 0x00000000
core   0: 0x80003b10 (0x01938ab3) add     s5, t2, s9
core   0: 3 0x80003b10 (0x01938ab3) x21 0x00010e64
core   0: 0x80003b14 (0x2add2813) slti    a6, s10, 685
core   0: 3 0x80003b14 (0x2add2813) x16 0x00000001
core   0: 0x80003b18 (0xb5528c97) auipc   s9, 0xb5528
core   0: 3 0x80003b18 (0xb5528c97) x25 0x3552bb18
core   0: 0x80003b1c (0x41cb5c33) sra     s8, s6, t3
core   0: 3 0x80003b1c (0x41cb5c33) x24 0x00000000
core   0: 0x80003b20 (0x00e8d993) srli    s3, a7, 14
core   0: 3 0x80003b20 (0x00e8d993) x19 0x00000000
core   0: 0x80003b24 (0x00b6f133) and     sp, a3, a1
core   0: 3 0x80003b24 (0x00b6f133) x 2 0x00000000
core   0: 0x80003b28 (0x00553eb3) sltu    t4, a0, t0
core   0: 3 0x80003b28 (0x00553eb3) x29 0x00000000
core   0: 0x80003b2c (0x963ab793) sltiu   a5, s5, -1693
core   0: 3 0x80003b2c (0x963ab793) x15 0x00000001
core   0: 0x80003b30 (0x105e3093) sltiu   ra, t3, 261
core   0: 3 0x80003b30 (0x105e3093) x 1 0x00000000
core   0: 0x80003b34 (0x410bdbb3) sra     s7, s7, a6
core   0: 3 0x80003b34 (0x410bdbb3) x23 0x00000000
core   0: 0x80003b38 (0x410d0a33) sub     s4, s10, a6
core   0: 3 0x80003b38 (0x410d0a33) x20 0xd3407fff
core   0: 0x80003b3c (0xbb034b93) xori    s7, t1, -1104
core   0: 3 0x80003b3c (0xbb034b93) x23 0x7ffeb754
core   0: 0x80003b40 (0x1bfda413) slti    s0, s11, 447
core   0: 3 0x80003b40 (0x1bfda413) x 8 0x00000001
core   0: 0x80003b44 (0x01f718b3) sll     a7, a4, t6
core   0: 3 0x80003b44 (0x01f718b3) x17 0xfffffbfb
core   0: 0x80003b48 (0x00bb57b3) srl     a5, s6, a1
core   0: 3 0x80003b48 (0x00bb57b3) x15 0x00000000
core   0: 0x80003b4c (0x000a32b3) sltu    t0, s4, zero
core   0: 3 0x80003b4c (0x000a32b3) x 5 0x00000000
core   0: 0x80003b50 (0x4100d1b3) sra     gp, ra, a6
core   0: 3 0x80003b50 (0x4100d1b3) x 3 0x00000000
core   0: 0x80003b54 (0xb5ab6d13) ori     s10, s6, -1190
core   0: 3 0x80003b54 (0xb5ab6d13) x26 0xfffffb5a
core   0: 0x80003b58 (0x00d516b3) sll     a3, a0, a3
core   0: 3 0x80003b58 (0x00d516b3) x13 0x80010e64
core   0: 0x80003b5c (0xd2af6db7) lui     s11, 0xd2af6
core   0: 3 0x80003b5c (0xd2af6db7) x27 0xd2af6000
core   0: 0x80003b60 (0xcab87c13) andi    s8, a6, -853
core   0: 3 0x80003b60 (0xcab87c13) x24 0x00000001
core   0: 0x80003b64 (0x37093993) sltiu   s3, s2, 880
core   0: 3 0x80003b64 (0x37093993) x19 0x00000000
core   0: 0x80003b68 (0x7923e713) ori     a4, t2, 1938
core   0: 3 0x80003b68 (0x7923e713) x14 0x80000792
core   0: 0x80003b6c (0x00ada133) slt     sp, s11, a0
core   0: 3 0x80003b6c (0x00ada133) x 2 0x00000000
core   0: 0x80003b70 (0x403d52b3) sra     t0, s10, gp
core   0: 3 0x80003b70 (0x403d52b3) x 5 0xfffffb5a
core   0: 0x80003b74 (0x008e1833) sll     a6, t3, s0
core   0: 3 0x80003b74 (0x008e1833) x16 0x00000f94
core   0: 0x80003b78 (0x411851b3) sra     gp, a6, a7
core   0: 3 0x80003b78 (0x411851b3) x 3 0x00000000
core   0: 0x80003b7c (0x4e8dba93) sltiu   s5, s11, 1256
core   0: 3 0x80003b7c (0x4e8dba93) x21 0x00000000
core   0: 0x80003b80 (0x41ac0a33) sub     s4, s8, s10
core   0: 3 0x80003b80 (0x41ac0a33) x20 0x000004a7
core   0: 0x80003b84 (0x013e2c33) slt     s8, t3, s3
core   0: 3 0x80003b84 (0x013e2c33) x24 0x00000000
core   0: 0x80003b88 (0xc14be993) ori     s3, s7, -1004
core   0: 3 0x80003b88 (0xc14be993) x19 0xffffff54
core   0: 0x80003b8c (0xbcf06713) ori     a4, zero, -1073
core   0: 3 0x80003b8c (0xbcf06713) x14 0xfffffbcf
core   0: 0x80003b90 (0x008358b3) srl     a7, t1, s0
core   0: 3 0x80003b90 (0x008358b3) x17 0x4000a672
core   0: 0x80003b94 (0x01a3d433) srl     s0, t2, s10
core   0: 3 0x80003b94 (0x01a3d433) x 8 0x00000020
core   0: 0x80003b98 (0x1ee92493) slti    s1, s2, 494
core   0: 3 0x80003b98 (0x1ee92493) x 9 0x00000001
core   0: 0x80003b9c (0x017efd33) and     s10, t4, s7
core   0: 3 0x80003b9c (0x017efd33) x26 0x00000000
core   0: 0x80003ba0 (0x0199a9b3) slt     s3, s3, s9
core   0: 3 0x80003ba0 (0x0199a9b3) x19 0x00000001
core   0: 0x80003ba4 (0x418c5913) srai    s2, s8, 24
core   0: 3 0x80003ba4 (0x418c5913) x18 0x00000000
core   0: 0x80003ba8 (0x2561e113) ori     sp, gp, 598
core   0: 3 0x80003ba8 (0x2561e113) x 2 0x00000256
core   0: 0x80003bac (0x31573a13) sltiu   s4, a4, 789
core   0: 3 0x80003bac (0x31573a13) x20 0x00000000
core   0: 0x80003bb0 (0x4c987213) andi    tp, a6, 1225
core   0: 3 0x80003bb0 (0x4c987213) x 4 0x00000480
core   0: 0x80003bb4 (0x6d80c713) xori    a4, ra, 1752
core   0: 3 0x80003bb4 (0x6d80c713) x14 0x000006d8
core   0: 0x80003bb8 (0x8d846493) ori     s1, s0, -1832
core   0: 3 0x80003bb8 (0x8d846493) x 9 0xfffff8f8
core   0: 0x80003bbc (0x01612433) slt     s0, sp, s6
core   0: 3 0x80003bbc (0x01612433) x 8 0x00000000
core   0: 0x80003bc0 (0x158fe793) ori     a5, t6, 344
core   0: 3 0x80003bc0 (0x158fe793) x15 0x00000158
core   0: 0x80003bc4 (0xdb3ff793) andi    a5, t6, -589
core   0: 3 0x80003bc4 (0xdb3ff793) x15 0x00000000
core   0: 0x80003bc8 (0xa463cd17) auipc   s10, 0xa463c
core   0: 3 0x80003bc8 (0xa463cd17) x26 0x2463fbc8
core   0: 0x80003bcc (0xba438493) addi    s1, t2, -1116
core   0: 3 0x80003bcc (0xba438493) x 9 0x7ffffba4
core   0: 0x80003bd0 (0x402481b3) sub     gp, s1, sp
core   0: 3 0x80003bd0 (0x402481b3) x 3 0x7ffff94e
core   0: 0x80003bd4 (0x017d4233) xor     tp, s10, s7
core   0: 3 0x80003bd4 (0x017d4233) x 4 0x5b9d4c9c
core   0: 0x80003bd8 (0x0118a5b3) slt     a1, a7, a7
core   0: 3 0x80003bd8 (0x0118a5b3) x11 0x00000000
core   0: 0x80003bdc (0x00000013) nop
core   0: 3 0x80003bdc (0x00000013)
core   0: 0x80003be0 (0x00d44eb3) xor     t4, s0, a3
core   0: 3 0x80003be0 (0x00d44eb3) x29 0x80010e64
core   0: 0x80003be4 (0x40cbd013) srai    zero, s7, 12
core   0: 3 0x80003be4 (0x40cbd013)
core   0: 0x80003be8 (0x33efa737) lui     a4, 0x33efa
core   0: 3 0x80003be8 (0x33efa737) x14 0x33efa000
core   0: 0x80003bec (0x5d9c7993) andi    s3, s8, 1497
core   0: 3 0x80003bec (0x5d9c7993) x19 0x00000000
core   0: 0x80003bf0 (0x000517b3) sll     a5, a0, zero
core   0: 3 0x80003bf0 (0x000517b3) x15 0x80010e64
core   0: 0x80003bf4 (0x01b3b633) sltu    a2, t2, s11
core   0: 3 0x80003bf4 (0x01b3b633) x12 0x00000001
core   0: 0x80003bf8 (0x79b3f437) lui     s0, 0x79b3f
core   0: 3 0x80003bf8 (0x79b3f437) x 8 0x79b3f000
core   0: 0x80003bfc (0x41c18733) sub     a4, gp, t3
core   0: 3 0x80003bfc (0x41c18733) x14 0x7ffff184
core   0: 0x80003c00 (0x01dbc933) xor     s2, s7, t4
core   0: 3 0x80003c00 (0x01dbc933) x18 0xffffb930
core   0: 0x80003c04 (0xd3a32213) slti    tp, t1, -710
core   0: 3 0x80003c04 (0xd3a32213) x 4 0x00000001
core   0: 0x80003c08 (0x40d82293) slti    t0, a6, 1037
core   0: 3 0x80003c08 (0x40d82293) x 5 0x00000000
core   0: 0x80003c0c (0x013e6233) or      tp, t3, s3
core   0: 3 0x80003c0c (0x013e6233) x 4 0x000007ca
core   0: 0x80003c10 (0x01ba9213) slli    tp, s5, 27
core   0: 3 0x80003c10 (0x01ba9213) x 4 0x00000000
core   0: 0x80003c14 (0x0169cc33) xor     s8, s3, s6
core   0: 3 0x80003c14 (0x0169cc33) x24 0x00000000
core   0: 0x80003c18 (0x0021b133) sltu    sp, gp, sp
core   0: 3 0x80003c18 (0x0021b133) x 2 0x00000000
core   0: 0x80003c1c (0x016e5f33) srl     t5, t3, s6
core   0: 3 0x80003c1c (0x016e5f33) x30 0x000007ca
core   0: 0x80003c20 (0x012f44b3) xor     s1, t5, s2
core   0: 3 0x80003c20 (0x012f44b3) x 9 0xffffbefa
core   0: 0x80003c24 (0x007575b3) and     a1, a0, t2
core   0: 3 0x80003c24 (0x007575b3) x11 0x80000000
core   0: 0x80003c28 (0x1c0d3e93) sltiu   t4, s10, 448
core   0: 3 0x80003c28 (0x1c0d3e93) x29 0x00000000
core   0: 0x80003c2c (0x01c0df33) srl     t5, ra, t3
core   0: 3 0x80003c2c (0x01c0df33) x30 0x00000000
core   0: 0x80003c30 (0x00e031b3) snez    gp, a4
core   0: 3 0x80003c30 (0x00e031b3) x 3 0x00000001
core   0: 0x80003c34 (0x4dcf9497) auipc   s1, 0x4dcf9
core   0: 3 0x80003c34 (0x4dcf9497) x 9 0xcdcfcc34
core   0: 0x80003c38 (0x0145f833) and     a6, a1, s4
core   0: 3 0x80003c38 (0x0145f833) x16 0x00000000
core   0: 0x80003c3c (0x2ea22093) slti    ra, tp, 746
core   0: 3 0x80003c3c (0x2ea22093) x 1 0x00000001
core   0: 0x80003c40 (0x4027d293) srai    t0, a5, 2
core   0: 3 0x80003c40 (0x4027d293) x 5 0xe0004399
core   0: 0x80003c44 (0x01264033) xor     zero, a2, s2
core   0: 3 0x80003c44 (0x01264033)
core   0: 0x80003c48 (0x00a090b3) sll     ra, ra, a0
core   0: 3 0x80003c48 (0x00a090b3) x 1 0x00000010
core   0: 0x80003c4c (0x1e840297) auipc   t0, 0x1e840
core   0: 3 0x80003c4c (0x1e840297) x 5 0x9e843c4c
core   0: 0x80003c50 (0x00b21233) sll     tp, tp, a1
core   0: 3 0x80003c50 (0x00b21233) x 4 0x00000000
core   0: 0x80003c54 (0xbbb1e497) auipc   s1, 0xbbb1e
core   0: 3 0x80003c54 (0xbbb1e497) x 9 0x3bb21c54
core   0: 0x80003c58 (0xfb651637) lui     a2, 0xfb651
core   0: 3 0x80003c58 (0xfb651637) x12 0xfb651000
core   0: 0x80003c5c (0x30043413) sltiu   s0, s0, 768
core   0: 3 0x80003c5c (0x30043413) x 8 0x00000000
core   0: 0x80003c60 (0x01360ab3) add     s5, a2, s3
core   0: 3 0x80003c60 (0x01360ab3) x21 0xfb651000
core   0: 0x80003c64 (0x0140aa33) slt     s4, ra, s4
core   0: 3 0x80003c64 (0x0140aa33) x20 0x00000000
core   0: 0x80003c68 (0xd8ab7293) andi    t0, s6, -630
core   0: 3 0x80003c68 (0xd8ab7293) x 5 0x00000000
core   0: 0x80003c6c (0x00000013) nop
core   0: 3 0x80003c6c (0x00000013)
core   0: 0x80003c70 (0x017e37b3) sltu    a5, t3, s7
core   0: 3 0x80003c70 (0x017e37b3) x15 0x00000001
core   0: 0x80003c74 (0x4135d993) srai    s3, a1, 19
core   0: 3 0x80003c74 (0x4135d993) x19 0xfffff000
core   0: 0x80003c78 (0x0575f213) andi    tp, a1, 87
core   0: 3 0x80003c78 (0x0575f213) x 4 0x00000000
core   0: 0x80003c7c (0x4062d033) sra     zero, t0, t1
core   0: 3 0x80003c7c (0x4062d033)
core   0: 0x80003c80 (0x41978eb3) sub     t4, a5, s9
core   0: 3 0x80003c80 (0x41978eb3) x29 0xcaad44e9
core   0: 0x80003c84 (0x42137993) andi    s3, t1, 1057
core   0: 3 0x80003c84 (0x42137993) x19 0x00000420
core   0: 0x80003c88 (0x004b2ab3) slt     s5, s6, tp
core   0: 3 0x80003c88 (0x004b2ab3) x21 0x00000000
core   0: 0x80003c8c (0x0144d593) srli    a1, s1, 20
core   0: 3 0x80003c8c (0x0144d593) x11 0x000003bb
core   0: 0x80003c90 (0x01651e33) sll     t3, a0, s6
core   0: 3 0x80003c90 (0x01651e33) x28 0x80010e64
core   0: 0x80003c94 (0x6104bd13) sltiu   s10, s1, 1552
core   0: 3 0x80003c94 (0x6104bd13) x26 0x00000000
core   0: 0x80003c98 (0x6b948037) lui     zero, 0x6b948
core   0: 3 0x80003c98 (0x6b948037)
core   0: 0x80003c9c (0x00f05593) srli    a1, zero, 15
core   0: 3 0x80003c9c (0x00f05593) x11 0x00000000
core   0: 0x80003ca0 (0x40c909b3) sub     s3, s2, a2
core   0: 3 0x80003ca0 (0x40c909b3) x19 0x049aa930
core   0: 0x80003ca4 (0x21866737) lui     a4, 0x21866
core   0: 3 0x80003ca4 (0x21866737) x14 0x21866000
core   0: 0x80003ca8 (0x005d5593) srli    a1, s10, 5
core   0: 3 0x80003ca8 (0x005d5593) x11 0x00000000
core   0: 0x80003cac (0x4155d4b3) sra     s1, a1, s5
core   0: 3 0x80003cac (0x4155d4b3) x 9 0x00000000
core   0: 0x80003cb0 (0x000dde33) srl     t3, s11, zero
core   0: 3 0x80003cb0 (0x000dde33) x28 0xd2af6000
core   0: 0x80003cb4 (0x00924733) xor     a4, tp, s1
core   0: 3 0x80003cb4 (0x00924733) x14 0x00000000
core   0: 0x80003cb8 (0x4ef76237) lui     tp, 0x4ef76
core   0: 3 0x80003cb8 (0x4ef76237) x 4 0x4ef76000
core   0: 0x80003cbc (0x01d55433) srl     s0, a0, t4
core   0: 3 0x80003cbc (0x01d55433) x 8 0x00400087
core   0: 0x80003cc0 (0x233d4b93) xori    s7, s10, 563
core   0: 3 0x80003cc0 (0x233d4b93) x23 0x00000233
core   0: 0x80003cc4 (0x00000013) nop
core   0: 3 0x80003cc4 (0x00000013)
core   0: 0x80003cc8 (0x89e18f93) addi    t6, gp, -1890
core   0: 3 0x80003cc8 (0x89e18f93) x31 0xfffff89f
core   0: 0x80003ccc (0x340f0913) addi    s2, t5, 832
core   0: 3 0x80003ccc (0x340f0913) x18 0x00000340
core   0: 0x80003cd0 (0x0049ec33) or      s8, s3, tp
core   0: 3 0x80003cd0 (0x0049ec33) x24 0x4effe930
core   0: 0x80003cd4 (0x01ec6633) or      a2, s8, t5
core   0: 3 0x80003cd4 (0x01ec6633) x12 0x4effe930
core   0: 0x80003cd8 (0x408055b3) sra     a1, zero, s0
core   0: 3 0x80003cd8 (0x408055b3) x11 0x00000000
core   0: 0x80003cdc (0x00321933) sll     s2, tp, gp
core   0: 3 0x80003cdc (0x00321933) x18 0x9deec000
core   0: 0x80003ce0 (0x40965033) sra     zero, a2, s1
core   0: 3 0x80003ce0 (0x40965033)
core   0: 0x80003ce4 (0x01239993) slli    s3, t2, 18
core   0: 3 0x80003ce4 (0x01239993) x19 0x00000000
core   0: 0x80003ce8 (0x4c32fb93) andi    s7, t0, 1219
core   0: 3 0x80003ce8 (0x4c32fb93) x23 0x00000000
core   0: 0x80003cec (0x01a94433) xor     s0, s2, s10
core   0: 3 0x80003cec (0x01a94433) x 8 0x9deec000
core   0: 0x80003cf0 (0x00608ab3) add     s5, ra, t1
core   0: 3 0x80003cf0 (0x00608ab3) x21 0x80014cf4
core   0: 0x80003cf4 (0xad21ca13) xori    s4, gp, -1326
core   0: 3 0x80003cf4 (0xad21ca13) x20 0xfffffad3
core   0: 0x80003cf8 (0x40f1d5b3) sra     a1, gp, a5
core   0: 3 0x80003cf8 (0x40f1d5b3) x11 0x00000000
core   0: 0x80003cfc (0x757a4013) xori    zero, s4, 1879
core   0: 3 0x80003cfc (0x757a4013)
core   0: 0x80003d00 (0x00000013) nop
core   0: 3 0x80003d00 (0x00000013)
core   0: 0x80003d04 (0x0123d293) srli    t0, t2, 18
core   0: 3 0x80003d04 (0x0123d293) x 5 0x00002000
core   0: 0x80003d08 (0x61628093) addi    ra, t0, 1558
core   0: 3 0x80003d08 (0x61628093) x 1 0x00002616
core   0: 0x80003d0c (0x00493a33) sltu    s4, s2, tp
core   0: 3 0x80003d0c (0x00493a33) x20 0x00000000
core   0: 0x80003d10 (0x00e94933) xor     s2, s2, a4
core   0: 3 0x80003d10 (0x00e94933) x18 0x9deec000
core   0: 0x80003d14 (0x00741db3) sll     s11, s0, t2
core   0: 3 0x80003d14 (0x00741db3) x27 0x9deec000
core   0: 0x80003d18 (0x00fd6fb3) or      t6, s10, a5
core   0: 3 0x80003d18 (0x00fd6fb3) x31 0x00000001
core   0: 0x80003d1c (0x01826a33) or      s4, tp, s8
core   0: 3 0x80003d1c (0x01826a33) x20 0x4effe930
core   0: 0x80003d20 (0x002888b3) add     a7, a7, sp
core   0: 3 0x80003d20 (0x002888b3) x17 0x4000a672
core   0: 0x80003d24 (0x00f5b233) sltu    tp, a1, a5
core   0: 3 0x80003d24 (0x00f5b233) x 4 0x00000001
core   0: 0x80003d28 (0x4019d0b3) sra     ra, s3, ra
core   0: 3 0x80003d28 (0x4019d0b3) x 1 0x00000000
core   0: 0x80003d2c (0x019d8133) add     sp, s11, s9
core   0: 3 0x80003d2c (0x019d8133) x 2 0xd3417b18
core   0: 0x80003d30 (0x3fec2b13) slti    s6, s8, 1022
core   0: 3 0x80003d30 (0x3fec2b13) x22 0x00000000
core   0: 0x80003d34 (0x000a2ab3) slt     s5, s4, zero
core   0: 3 0x80003d34 (0x000a2ab3) x21 0x00000000
core   0: 0x80003d38 (0x00bb9233) sll     tp, s7, a1
core   0: 3 0x80003d38 (0x00bb9233) x 4 0x00000000
core   0: 0x80003d3c (0x00fb5733) srl     a4, s6, a5
core   0: 3 0x80003d3c (0x00fb5733) x14 0x00000000
core   0: 0x80003d40 (0x34497f93) andi    t6, s2, 836
core   0: 3 0x80003d40 (0x34497f93) x31 0x00000000
core   0: 0x80003d44 (0x54433713) sltiu   a4, t1, 1348
core   0: 3 0x80003d44 (0x54433713) x14 0x00000000
core   0: 0x80003d48 (0x01e8c7b3) xor     a5, a7, t5
core   0: 3 0x80003d48 (0x01e8c7b3) x15 0x4000a672
core   0: 0x80003d4c (0x6af9ce13) xori    t3, s3, 1711
core   0: 3 0x80003d4c (0x6af9ce13) x28 0x000006af
core   0: 0x80003d50 (0x9b110113) addi    sp, sp, -1615
core   0: 3 0x80003d50 (0x9b110113) x 2 0xd34174c9
core   0: 0x80003d54 (0x0103a933) slt     s2, t2, a6
core   0: 3 0x80003d54 (0x0103a933) x18 0x00000001
core   0: 0x80003d58 (0x33101ab7) lui     s5, 0x33101
core   0: 3 0x80003d58 (0x33101ab7) x21 0x33101000
core   0: 0x80003d5c (0x00a32fb3) slt     t6, t1, a0
core   0: 3 0x80003d5c (0x00a32fb3) x31 0x00000000
core   0: 0x80003d60 (0xce3dea13) ori     s4, s11, -797
core   0: 3 0x80003d60 (0xce3dea13) x20 0xfffffce3
core   0: 0x80003d64 (0x00de9e93) slli    t4, t4, 13
core   0: 3 0x80003d64 (0x00de9e93) x29 0xa89d2000
core   0: 0x80003d68 (0x00d62b33) slt     s6, a2, a3
core   0: 3 0x80003d68 (0x00d62b33) x22 0x00000000
core   0: 0x80003d6c (0x00170cb3) add     s9, a4, ra
core   0: 3 0x80003d6c (0x00170cb3) x25 0x00000000
core   0: 0x80003d70 (0x40a70bb3) sub     s7, a4, a0
core   0: 3 0x80003d70 (0x40a70bb3) x23 0x7ffef19c
core   0: 0x80003d74 (0x315b4c93) xori    s9, s6, 789
core   0: 3 0x80003d74 (0x315b4c93) x25 0x00000315
core   0: 0x80003d78 (0x001724b3) slt     s1, a4, ra
core   0: 3 0x80003d78 (0x001724b3) x 9 0x00000000
core   0: 0x80003d7c (0x00163633) sltu    a2, a2, ra
core   0: 3 0x80003d7c (0x00163633) x12 0x00000000
core   0: 0x80003d80 (0x018e1d13) slli    s10, t3, 24
core   0: 3 0x80003d80 (0x018e1d13) x26 0xaf000000
core   0: 0x80003d84 (0xf1d72037) lui     zero, 0xf1d72
core   0: 3 0x80003d84 (0xf1d72037)
core   0: 0x80003d88 (0x70f02413) slti    s0, zero, 1807
core   0: 3 0x80003d88 (0x70f02413) x 8 0x00000001
core   0: 0x80003d8c (0x7ef1ef13) ori     t5, gp, 2031
core   0: 3 0x80003d8c (0x7ef1ef13) x30 0x000007ef
core   0: 0x80003d90 (0x01790133) add     sp, s2, s7
core   0: 3 0x80003d90 (0x01790133) x 2 0x7ffef19d
core   0: 0x80003d94 (0x91864a93) xori    s5, a2, -1768
core   0: 3 0x80003d94 (0x91864a93) x21 0xfffff918
core   0: 0x80003d98 (0x00c8e933) or      s2, a7, a2
core   0: 3 0x80003d98 (0x00c8e933) x18 0x4000a672
core   0: 0x80003d9c (0xe1c7c013) xori    zero, a5, -484
core   0: 3 0x80003d9c (0xe1c7c013)
core   0: 0x80003da0 (0x0131e833) or      a6, gp, s3
core   0: 3 0x80003da0 (0x0131e833) x16 0x00000001
core   0: 0x80003da4 (0x41205d33) sra     s10, zero, s2
core   0: 3 0x80003da4 (0x41205d33) x26 0x00000000
core   0: 0x80003da8 (0x017e9f33) sll     t5, t4, s7
core   0: 3 0x80003da8 (0x017e9f33) x30 0x00000000
core   0: 0x80003dac (0x011087b3) add     a5, ra, a7
core   0: 3 0x80003dac (0x011087b3) x15 0x4000a672
core   0: 0x80003db0 (0x0132f5b3) and     a1, t0, s3
core   0: 3 0x80003db0 (0x0132f5b3) x11 0x00000000
core   0: 0x80003db4 (0xe5e37493) andi    s1, t1, -418
core   0: 3 0x80003db4 (0xe5e37493) x 9 0x80014c44
core   0: 0x80003db8 (0x00000013) nop
core   0: 3 0x80003db8 (0x00000013)
core   0: 0x80003dbc (0xcb45ee17) auipc   t3, 0xcb45e
core   0: 3 0x80003dbc (0xcb45ee17) x28 0x4b461dbc
core   0: 0x80003dc0 (0x01d7e933) or      s2, a5, t4
core   0: 3 0x80003dc0 (0x01d7e933) x18 0xe89da672
core   0: 0x80003dc4 (0x01afa033) slt     zero, t6, s10
core   0: 3 0x80003dc4 (0x01afa033)
core   0: 0x80003dc8 (0x00341633) sll     a2, s0, gp
core   0: 3 0x80003dc8 (0x00341633) x12 0x00000002
core   0: 0x80003dcc (0x00000013) nop
core   0: 3 0x80003dcc (0x00000013)
core   0: 0x80003dd0 (0x41935f93) srai    t6, t1, 25
core   0: 3 0x80003dd0 (0x41935f93) x31 0xffffffc0
core   0: 0x80003dd4 (0x8e596913) ori     s2, s2, -1819
core   0: 3 0x80003dd4 (0x8e596913) x18 0xfffffef7
core   0: 0x80003dd8 (0x4061dcb3) sra     s9, gp, t1
core   0: 3 0x80003dd8 (0x4061dcb3) x25 0x00000000
core   0: 0x80003ddc (0xc9d67c13) andi    s8, a2, -867
core   0: 3 0x80003ddc (0xc9d67c13) x24 0x00000000
core   0: 0x80003de0 (0x01c839b3) sltu    s3, a6, t3
core   0: 3 0x80003de0 (0x01c839b3) x19 0x00000001
core   0: 0x80003de4 (0x4354cb13) xori    s6, s1, 1077
core   0: 3 0x80003de4 (0x4354cb13) x22 0x80014871
core   0: 0x80003de8 (0x0061fe33) and     t3, gp, t1
core   0: 3 0x80003de8 (0x0061fe33) x28 0x00000000
core   0: 0x80003dec (0x00b95bb3) srl     s7, s2, a1
core   0: 3 0x80003dec (0x00b95bb3) x23 0xfffffef7
core   0: 0x80003df0 (0xe7720417) auipc   s0, 0xe7720
core   0: 3 0x80003df0 (0xe7720417) x 8 0x67723df0
core   0: 0x80003df4 (0xef544113) xori    sp, s0, -267
core   0: 3 0x80003df4 (0xef544113) x 2 0x988dc305
core   0: 0x80003df8 (0x41720db3) sub     s11, tp, s7
core   0: 3 0x80003df8 (0x41720db3) x27 0x00000109
core   0: 0x80003dfc (0x40280033) sub     zero, a6, sp
core   0: 3 0x80003dfc (0x40280033)
core   0: 0x80003e00 (0x271b2b93) slti    s7, s6, 625
core   0: 3 0x80003e00 (0x271b2b93) x23 0x00000001
core   0: 0x80003e04 (0x01692f33) slt     t5, s2, s6
core   0: 3 0x80003e04 (0x01692f33) x30 0x00000000
core   0: 0x80003e08 (0x00d01a93) slli    s5, zero, 13
core   0: 3 0x80003e08 (0x00d01a93) x21 0x00000000
core   0: 0x80003e0c (0x00bafc33) and     s8, s5, a1
core   0: 3 0x80003e0c (0x00bafc33) x24 0x00000000
core   0: 0x80003e10 (0x0180d293) srli    t0, ra, 24
core   0: 3 0x80003e10 (0x0180d293) x 5 0x00000000
core   0: 0x80003e14 (0x01e0a7b3) slt     a5, ra, t5
core   0: 3 0x80003e14 (0x01e0a7b3) x15 0x00000000
core   0: 0x80003e18 (0x001b9ab3) sll     s5, s7, ra
core   0: 3 0x80003e18 (0x001b9ab3) x21 0x00000001
core   0: 0x80003e1c (0x91fd7693) andi    a3, s10, -1761
core   0: 3 0x80003e1c (0x91fd7693) x13 0x00000000
core   0: 0x80003e20 (0x00a0e833) or      a6, ra, a0
core   0: 3 0x80003e20 (0x00a0e833) x16 0x80010e64
core   0: 0x80003e24 (0x40710433) sub     s0, sp, t2
core   0: 3 0x80003e24 (0x40710433) x 8 0x188dc305
core   0: 0x80003e28 (0x00f1d233) srl     tp, gp, a5
core   0: 3 0x80003e28 (0x00f1d233) x 4 0x00000001
core   0: 0x80003e2c (0x73aab913) sltiu   s2, s5, 1850
core   0: 3 0x80003e2c (0x73aab913) x18 0x00000001
core   0: 0x80003e30 (0x01a7d633) srl     a2, a5, s10
core   0: 3 0x80003e30 (0x01a7d633) x12 0x00000000
core   0: 0x80003e34 (0x01c746b3) xor     a3, a4, t3
core   0: 3 0x80003e34 (0x01c746b3) x13 0x00000000
core   0: 0x80003e38 (0xf4858693) addi    a3, a1, -184
core   0: 3 0x80003e38 (0xf4858693) x13 0xffffff48
core   0: 0x80003e3c (0xb2f8e893) ori     a7, a7, -1233
core   0: 3 0x80003e3c (0xb2f8e893) x17 0xffffff7f
core   0: 0x80003e40 (0x0873fc93) andi    s9, t2, 135
core   0: 3 0x80003e40 (0x0873fc93) x25 0x00000000
core   0: 0x80003e44 (0xfc770e13) addi    t3, a4, -57
core   0: 3 0x80003e44 (0xfc770e13) x28 0xffffffc7
core   0: 0x80003e48 (0x007b72b3) and     t0, s6, t2
core   0: 3 0x80003e48 (0x007b72b3) x 5 0x80000000
core   0: 0x80003e4c (0x00000013) nop
core   0: 3 0x80003e4c (0x00000013)
core   0: 0x80003e50 (0x0189e833) or      a6, s3, s8
core   0: 3 0x80003e50 (0x0189e833) x16 0x00000001
core   0: 0x80003e54 (0x01bc5833) srl     a6, s8, s11
core   0: 3 0x80003e54 (0x01bc5833) x16 0x00000000
core   0: 0x80003e58 (0x764b0f13) addi    t5, s6, 1892
core   0: 3 0x80003e58 (0x764b0f13) x30 0x80014fd5
core   0: 0x80003e5c (0xce517d93) andi    s11, sp, -795
core   0: 3 0x80003e5c (0xce517d93) x27 0x988dc005
core   0: 0x80003e60 (0x37973413) sltiu   s0, a4, 889
core   0: 3 0x80003e60 (0x37973413) x 8 0x00000001
core   0: 0x80003e64 (0x00775933) srl     s2, a4, t2
core   0: 3 0x80003e64 (0x00775933) x18 0x00000000
core   0: 0x80003e68 (0x403dd033) sra     zero, s11, gp
core   0: 3 0x80003e68 (0x403dd033)
core   0: 0x80003e6c (0x24400b13) li      s6, 580
core   0: 3 0x80003e6c (0x24400b13) x22 0x00000244
core   0: 0x80003e70 (0xadc97c93) andi    s9, s2, -1316
core   0: 3 0x80003e70 (0xadc97c93) x25 0x00000000
core   0: 0x80003e74 (0x41385db3) sra     s11, a6, s3
core   0: 3 0x80003e74 (0x41385db3) x27 0x00000000
core   0: 0x80003e78 (0xc8cfce93) xori    t4, t6, -884
core   0: 3 0x80003e78 (0xc8cfce93) x29 0x0000034c
core   0: 0x80003e7c (0x00c002b3) add     t0, zero, a2
core   0: 3 0x80003e7c (0x00c002b3) x 5 0x00000000
core   0: 0x80003e80 (0x347c8693) addi    a3, s9, 839
core   0: 3 0x80003e80 (0x347c8693) x13 0x00000347
core   0: 0x80003e84 (0x415ad9b3) sra     s3, s5, s5
core   0: 3 0x80003e84 (0x415ad9b3) x19 0x00000000
core   0: 0x80003e88 (0xc0b03613) sltiu   a2, zero, -1013
core   0: 3 0x80003e88 (0xc0b03613) x12 0x00000001
core   0: 0x80003e8c (0x0100e5b3) or      a1, ra, a6
core   0: 3 0x80003e8c (0x0100e5b3) x11 0x00000000
core   0: 0x80003e90 (0x017b9593) slli    a1, s7, 23
core   0: 3 0x80003e90 (0x017b9593) x11 0x00800000
core   0: 0x80003e94 (0x44b62193) slti    gp, a2, 1099
core   0: 3 0x80003e94 (0x44b62193) x 3 0x00000001
core   0: 0x80003e98 (0x00d45033) srl     zero, s0, a3
core   0: 3 0x80003e98 (0x00d45033)
core   0: 0x80003e9c (0x01f0bb33) sltu    s6, ra, t6
core   0: 3 0x80003e9c (0x01f0bb33) x22 0x00000001
core   0: 0x80003ea0 (0x00114d33) xor     s10, sp, ra
core   0: 3 0x80003ea0 (0x00114d33) x26 0x988dc305
core   0: 0x80003ea4 (0x000f9593) slli    a1, t6, 0
core   0: 3 0x80003ea4 (0x000f9593) x11 0xffffffc0
core   0: 0x80003ea8 (0x010d05b3) add     a1, s10, a6
core   0: 3 0x80003ea8 (0x010d05b3) x11 0x988dc305
core   0: 0x80003eac (0x33536f93) ori     t6, t1, 821
core   0: 3 0x80003eac (0x33536f93) x31 0x80014ff5
core   0: 0x80003eb0 (0x0cde4193) xori    gp, t3, 205
core   0: 3 0x80003eb0 (0x0cde4193) x 3 0xffffff0a
core   0: 0x80003eb4 (0x41125113) srai    sp, tp, 17
core   0: 3 0x80003eb4 (0x41125113) x 2 0x00000000
core   0: 0x80003eb8 (0xdb74f113) andi    sp, s1, -585
core   0: 3 0x80003eb8 (0xdb74f113) x 2 0x80014c04
core   0: 0x80003ebc (0xafd12737) lui     a4, 0xafd12
core   0: 3 0x80003ebc (0xafd12737) x14 0xafd12000
core   0: 0x80003ec0 (0x0026c7b3) xor     a5, a3, sp
core   0: 3 0x80003ec0 (0x0026c7b3) x15 0x80014f43
core   0: 0x80003ec4 (0x16cd99b7) lui     s3, 0x16cd9
core   0: 3 0x80003ec4 (0x16cd99b7) x19 0x16cd9000
core   0: 0x80003ec8 (0x01cf2a33) slt     s4, t5, t3
core   0: 3 0x80003ec8 (0x01cf2a33) x20 0x00000001
core   0: 0x80003ecc (0xc7b94a13) xori    s4, s2, -901
core   0: 3 0x80003ecc (0xc7b94a13) x20 0xfffffc7b
core   0: 0x80003ed0 (0x0053feb3) and     t4, t2, t0
core   0: 3 0x80003ed0 (0x0053feb3) x29 0x00000000
core   0: 0x80003ed4 (0xa7082593) slti    a1, a6, -1424
core   0: 3 0x80003ed4 (0xa7082593) x11 0x00000000
core   0: 0x80003ed8 (0x00f90d33) add     s10, s2, a5
core   0: 3 0x80003ed8 (0x00f90d33) x26 0x80014f43
core   0: 0x80003edc (0x4121dc13) srai    s8, gp, 18
core   0: 3 0x80003edc (0x4121dc13) x24 0xffffffff
core   0: 0x80003ee0 (0x00e9a2b3) slt     t0, s3, a4
core   0: 3 0x80003ee0 (0x00e9a2b3) x 5 0x00000000
core   0: 0x80003ee4 (0xebb2ce13) xori    t3, t0, -325
core   0: 3 0x80003ee4 (0xebb2ce13) x28 0xfffffebb
core   0: 0x80003ee8 (0x0f013893) sltiu   a7, sp, 240
core   0: 3 0x80003ee8 (0x0f013893) x17 0x00000000
core   0: 0x80003eec (0x00b8ccb3) xor     s9, a7, a1
core   0: 3 0x80003eec (0x00b8ccb3) x25 0x00000000
core   0: 0x80003ef0 (0x00eb92b3) sll     t0, s7, a4
core   0: 3 0x80003ef0 (0x00eb92b3) x 5 0x00000001
core   0: 0x80003ef4 (0x00000013) nop
core   0: 3 0x80003ef4 (0x00000013)
core   0: 0x80003ef8 (0x010eaf33) slt     t5, t4, a6
core   0: 3 0x80003ef8 (0x010eaf33) x30 0x00000000
core   0: 0x80003efc (0x00000013) nop
core   0: 3 0x80003efc (0x00000013)
core   0: 0x80003f00 (0x400c0433) sub     s0, s8, zero
core   0: 3 0x80003f00 (0x400c0433) x 8 0xffffffff
core   0: 0x80003f04 (0xdfc32e93) slti    t4, t1, -516
core   0: 3 0x80003f04 (0xdfc32e93) x29 0x00000001
core   0: 0x80003f08 (0x993eea93) ori     s5, t4, -1645
core   0: 3 0x80003f08 (0x993eea93) x21 0xfffff993
core   0: 0x80003f0c (0x00000013) nop
core   0: 3 0x80003f0c (0x00000013)
core   0: 0x80003f10 (0x00000013) nop
core   0: 3 0x80003f10 (0x00000013)
core   0: 0x80003f14 (0x8ef44b13) xori    s6, s0, -1809
core   0: 3 0x80003f14 (0x8ef44b13) x22 0x00000710
core   0: 0x80003f18 (0x00000013) nop
core   0: 3 0x80003f18 (0x00000013)
core   0: 0x80003f1c (0xbfc80713) addi    a4, a6, -1028
core   0: 3 0x80003f1c (0xbfc80713) x14 0xfffffbfc
core   0: 0x80003f20 (0x0040bbb3) sltu    s7, ra, tp
core   0: 3 0x80003f20 (0x0040bbb3) x23 0x00000001
core   0: 0x80003f24 (0x00fa5db3) srl     s11, s4, a5
core   0: 3 0x80003f24 (0x00fa5db3) x27 0x1fffff8f
core   0: 0x80003f28 (0xcdcf4b13) xori    s6, t5, -804
core   0: 3 0x80003f28 (0xcdcf4b13) x22 0xfffffcdc
core   0: 0x80003f2c (0x00000013) nop
core   0: 3 0x80003f2c (0x00000013)
core   0: 0x80003f30 (0x5727c413) xori    s0, a5, 1394
core   0: 3 0x80003f30 (0x5727c413) x 8 0x80014a31
core   0: 0x80003f34 (0x011e1f33) sll     t5, t3, a7
core   0: 3 0x80003f34 (0x011e1f33) x30 0xfffffebb
core   0: 0x80003f38 (0x01c81e33) sll     t3, a6, t3
core   0: 3 0x80003f38 (0x01c81e33) x28 0x00000000
core   0: 0x80003f3c (0x00492db3) slt     s11, s2, tp
core   0: 3 0x80003f3c (0x00492db3) x27 0x00000001
core   0: 0x80003f40 (0x57a1b713) sltiu   a4, gp, 1402
core   0: 3 0x80003f40 (0x57a1b713) x14 0x00000000
core   0: 0x80003f44 (0x00ca0fb3) add     t6, s4, a2
core   0: 3 0x80003f44 (0x00ca0fb3) x31 0xfffffc7c
core   0: 0x80003f48 (0x01ce1013) slli    zero, t3, 28
core   0: 3 0x80003f48 (0x01ce1013)
core   0: 0x80003f4c (0x01499a93) slli    s5, s3, 20
core   0: 3 0x80003f4c (0x01499a93) x21 0x00000000
core   0: 0x80003f50 (0x017be733) or      a4, s7, s7
core   0: 3 0x80003f50 (0x017be733) x14 0x00000001
core   0: 0x80003f54 (0x413b0b33) sub     s6, s6, s3
core   0: 3 0x80003f54 (0x413b0b33) x22 0xe9326cdc
core   0: 0x80003f58 (0x3df44813) xori    a6, s0, 991
core   0: 3 0x80003f58 (0x3df44813) x16 0x800149ee
core   0: 0x80003f5c (0x0115dd93) srli    s11, a1, 17
core   0: 3 0x80003f5c (0x0115dd93) x27 0x00000000
core   0: 0x80003f60 (0x006f4f33) xor     t5, t5, t1
core   0: 3 0x80003f60 (0x006f4f33) x30 0x7ffeb25f
core   0: 0x80003f64 (0x0008d633) srl     a2, a7, zero
core   0: 3 0x80003f64 (0x0008d633) x12 0x00000000
core   0: 0x80003f68 (0x41af5093) srai    ra, t5, 26
core   0: 3 0x80003f68 (0x41af5093) x 1 0x0000001f
core   0: 0x80003f6c (0x6813ac93) slti    s9, t2, 1665
core   0: 3 0x80003f6c (0x6813ac93) x25 0x00000001
core   0: 0x80003f70 (0x40acdf93) srai    t6, s9, 10
core   0: 3 0x80003f70 (0x40acdf93) x31 0x00000000
core   0: 0x80003f74 (0x07d8ca93) xori    s5, a7, 125
core   0: 3 0x80003f74 (0x07d8ca93) x21 0x0000007d
core   0: 0x80003f78 (0x004cb133) sltu    sp, s9, tp
core   0: 3 0x80003f78 (0x004cb133) x 2 0x00000000
core   0: 0x80003f7c (0x7e9a2613) slti    a2, s4, 2025
core   0: 3 0x80003f7c (0x7e9a2613) x12 0x00000001
core   0: 0x80003f80 (0xe070cc13) xori    s8, ra, -505
core   0: 3 0x80003f80 (0xe070cc13) x24 0xfffffe18
core   0: 0x80003f84 (0x769f2813) slti    a6, t5, 1897
core   0: 3 0x80003f84 (0x769f2813) x16 0x00000000
core   0: 0x80003f88 (0x00000013) nop
core   0: 3 0x80003f88 (0x00000013)
core   0: 0x80003f8c (0xd9f2e413) ori     s0, t0, -609
core   0: 3 0x80003f8c (0xd9f2e413) x 8 0xfffffd9f
core   0: 0x80003f90 (0x4d9af793) andi    a5, s5, 1241
core   0: 3 0x80003f90 (0x4d9af793) x15 0x00000059
core   0: 0x80003f94 (0x4049df93) srai    t6, s3, 4
core   0: 3 0x80003f94 (0x4049df93) x31 0x016cd900
core   0: 0x80003f98 (0x40abdfb3) sra     t6, s7, a0
core   0: 3 0x80003f98 (0x40abdfb3) x31 0x00000000
core   0: 0x80003f9c (0x04e7ff93) andi    t6, a5, 78
core   0: 3 0x80003f9c (0x04e7ff93) x31 0x00000048
core   0: 0x80003fa0 (0x00cba233) slt     tp, s7, a2
core   0: 3 0x80003fa0 (0x00cba233) x 4 0x00000000
core   0: 0x80003fa4 (0x9e144a97) auipc   s5, 0x9e144
core   0: 3 0x80003fa4 (0x9e144a97) x21 0x1e147fa4
core   0: 0x80003fa8 (0x00101d13) slli    s10, zero, 1
core   0: 3 0x80003fa8 (0x00101d13) x26 0x00000000
core   0: 0x80003fac (0xdd847c93) andi    s9, s0, -552
core   0: 3 0x80003fac (0xdd847c93) x25 0xfffffd98
core   0: 0x80003fb0 (0x401bd233) sra     tp, s7, ra
core   0: 3 0x80003fb0 (0x401bd233) x 4 0x00000000
core   0: 0x80003fb4 (0x9c557b97) auipc   s7, 0x9c557
core   0: 3 0x80003fb4 (0x9c557b97) x23 0x1c55afb4
core   0: 0x80003fb8 (0xafd77d13) andi    s10, a4, -1283
core   0: 3 0x80003fb8 (0xafd77d13) x26 0x00000001
core   0: 0x80003fbc (0x697dc493) xori    s1, s11, 1687
core   0: 3 0x80003fbc (0x697dc493) x 9 0x00000697
core   0: 0x80003fc0 (0x011f4833) xor     a6, t5, a7
core   0: 3 0x80003fc0 (0x011f4833) x16 0x7ffeb25f
core   0: 0x80003fc4 (0xbb3ea893) slti    a7, t4, -1101
core   0: 3 0x80003fc4 (0xbb3ea893) x17 0x00000000
core   0: 0x80003fc8 (0x00e37eb3) and     t4, t1, a4
core   0: 3 0x80003fc8 (0x00e37eb3) x29 0x00000000
core   0: 0x80003fcc (0x4169d093) srai    ra, s3, 22
core   0: 3 0x80003fcc (0x4169d093) x 1 0x0000005b
core   0: 0x80003fd0 (0x0140c133) xor     sp, ra, s4
core   0: 3 0x80003fd0 (0x0140c133) x 2 0xfffffc20
core   0: 0x80003fd4 (0x0042ef33) or      t5, t0, tp
core   0: 3 0x80003fd4 (0x0042ef33) x30 0x00000001
core   0: 0x80003fd8 (0x404cdc33) sra     s8, s9, tp
core   0: 3 0x80003fd8 (0x404cdc33) x24 0xfffffd98
core   0: 0x80003fdc (0x683a0f13) addi    t5, s4, 1667
core   0: 3 0x80003fdc (0x683a0f13) x30 0x000002fe
core   0: 0x80003fe0 (0x00caa0b3) slt     ra, s5, a2
core   0: 3 0x80003fe0 (0x00caa0b3) x 1 0x00000000
core   0: 0x80003fe4 (0x01ccecb3) or      s9, s9, t3
core   0: 3 0x80003fe4 (0x01ccecb3) x25 0xfffffd98
core   0: 0x80003fe8 (0xad5caf13) slti    t5, s9, -1323
core   0: 3 0x80003fe8 (0xad5caf13) x30 0x00000000
core   0: 0x80003fec (0xb394c693) xori    a3, s1, -1223
core   0: 3 0x80003fec (0xb394c693) x13 0xfffffdae
core   0: 0x80003ff0 (0xe2d7b593) sltiu   a1, a5, -467
core   0: 3 0x80003ff0 (0xe2d7b593) x11 0x00000001
core   0: 0x80003ff4 (0x01776233) or      tp, a4, s7
core   0: 3 0x80003ff4 (0x01776233) x 4 0x1c55afb5
core   0: 0x80003ff8 (0xf63d9cb7) lui     s9, 0xf63d9
core   0: 3 0x80003ff8 (0xf63d9cb7) x25 0xf63d9000
core   0: 0x80003ffc (0x0027e833) or      a6, a5, sp
core   0: 3 0x80003ffc (0x0027e833) x16 0xfffffc79
core   0: 0x80004000 (0x01a165b3) or      a1, sp, s10
core   0: 3 0x80004000 (0x01a165b3) x11 0xfffffc21
core   0: 0x80004004 (0x0147afb3) slt     t6, a5, s4
core   0: 3 0x80004004 (0x0147afb3) x31 0x00000000
core   0: 0x80004008 (0x00ac1c93) slli    s9, s8, 10
core   0: 3 0x80004008 (0x00ac1c93) x25 0xfff66000
core   0: 0x8000400c (0x014cd4b3) srl     s1, s9, s4
core   0: 3 0x8000400c (0x014cd4b3) x 9 0x0000001f
core   0: 0x80004010 (0x006c12b3) sll     t0, s8, t1
core   0: 3 0x80004010 (0x006c12b3) x 5 0xffffd980
core   0: 0x80004014 (0xaf106237) lui     tp, 0xaf106
core   0: 3 0x80004014 (0xaf106237) x 4 0xaf106000
core   0: 0x80004018 (0x6a67be13) sltiu   t3, a5, 1702
core   0: 3 0x80004018 (0x6a67be13) x28 0x00000001
core   0: 0x8000401c (0xba021d17) auipc   s10, 0xba021
core   0: 3 0x8000401c (0xba021d17) x26 0x3a02501c
core   0: 0x80004020 (0x417dd493) srai    s1, s11, 23
core   0: 3 0x80004020 (0x417dd493) x 9 0x00000000
core   0: 0x80004024 (0x012a68b3) or      a7, s4, s2
core   0: 3 0x80004024 (0x012a68b3) x17 0xfffffc7b
core   0: 0x80004028 (0x006ea4b3) slt     s1, t4, t1
core   0: 3 0x80004028 (0x006ea4b3) x 9 0x00000000
core   0: 0x8000402c (0x419f5f93) srai    t6, t5, 25
core   0: 3 0x8000402c (0x419f5f93) x31 0x00000000
core   0: 0x80004030 (0x00129b13) slli    s6, t0, 1
core   0: 3 0x80004030 (0x00129b13) x22 0xffffb300
core   0: 0x80004034 (0x40608bb3) sub     s7, ra, t1
core   0: 3 0x80004034 (0x40608bb3) x23 0x7ffeb31c
core   0: 0x80004038 (0x534baf13) slti    t5, s7, 1332
core   0: 3 0x80004038 (0x534baf13) x30 0x00000000
core   0: 0x8000403c (0xdc774193) xori    gp, a4, -569
core   0: 3 0x8000403c (0xdc774193) x 3 0xfffffdc6
core   0: 0x80004040 (0x00e85413) srli    s0, a6, 14
core   0: 3 0x80004040 (0x00e85413) x 8 0x0003ffff
core   0: 0x80004044 (0xfff00713) li      a4, -1
core   0: 3 0x80004044 (0xfff00713) x14 0xffffffff
core   0: 0x80004048 (0x80000e37) lui     t3, 0x80000
core   0: 3 0x80004048 (0x80000e37) x28 0x80000000
core   0: 0x8000404c (0xfff00c93) li      s9, -1
core   0: 3 0x8000404c (0xfff00c93) x25 0xffffffff
core   0: 0x80004050 (0xcacf0c37) lui     s8, 0xcacf0
core   0: 3 0x80004050 (0xcacf0c37) x24 0xcacf0000
core   0: 0x80004054 (0x150c0c13) addi    s8, s8, 336
core   0: 3 0x80004054 (0x150c0c13) x24 0xcacf0150
core   0: 0x80004058 (0x80000a37) lui     s4, 0x80000
core   0: 3 0x80004058 (0x80000a37) x20 0x80000000
core   0: 0x8000405c (0x80000237) lui     tp, 0x80000
core   0: 3 0x8000405c (0x80000237) x 4 0x80000000
core   0: 0x80004060 (0x00000e93) li      t4, 0
core   0: 3 0x80004060 (0x00000e93) x29 0x00000000
core   0: 0x80004064 (0x800008b7) lui     a7, 0x80000
core   0: 3 0x80004064 (0x800008b7) x17 0x80000000
core   0: 0x80004068 (0x80000637) lui     a2, 0x80000
core   0: 3 0x80004068 (0x80000637) x12 0x80000000
core   0: 0x8000406c (0x00000293) li      t0, 0
core   0: 3 0x8000406c (0x00000293) x 5 0x00000000
core   0: 0x80004070 (0x51777217) auipc   tp, 0x51777
core   0: 3 0x80004070 (0x51777217) x 4 0xd177b070
core   0: 0x80004074 (0x419708b3) sub     a7, a4, s9
core   0: 3 0x80004074 (0x419708b3) x17 0x00000000
core   0: 0x80004078 (0x40570733) sub     a4, a4, t0
core   0: 3 0x80004078 (0x40570733) x14 0xffffffff
core   0: 0x8000407c (0x40ea0633) sub     a2, s4, a4
core   0: 3 0x8000407c (0x40ea0633) x12 0x80000001
core   0: 0x80004080 (0x41828eb3) sub     t4, t0, s8
core   0: 3 0x80004080 (0x41828eb3) x29 0x3530feb0
core   0: 0x80004084 (0x218e8e93) addi    t4, t4, 536
core   0: 3 0x80004084 (0x218e8e93) x29 0x353100c8
core   0: 0x80004088 (0x414282b3) sub     t0, t0, s4
core   0: 3 0x80004088 (0x414282b3) x 5 0x80000000
core   0: 0x8000408c (0xfa8c0893) addi    a7, s8, -88
core   0: 3 0x8000408c (0xfa8c0893) x17 0xcacf00f8
core   0: 0x80004090 (0x00ce8233) add     tp, t4, a2
core   0: 3 0x80004090 (0x00ce8233) x 4 0xb53100c9
core   0: 0x80004094 (0x01ce82b3) add     t0, t4, t3
core   0: 3 0x80004094 (0x01ce82b3) x 5 0xb53100c8
core   0: 0x80004098 (0xa95f4737) lui     a4, 0xa95f4
core   0: 3 0x80004098 (0xa95f4737) x14 0xa95f4000
core   0: 0x8000409c (0xa0ed5297) auipc   t0, 0xa0ed5
core   0: 3 0x8000409c (0xa0ed5297) x 5 0x20ed909c
core   0: 0x800040a0 (0xb7188c13) addi    s8, a7, -1167
core   0: 3 0x800040a0 (0xb7188c13) x24 0xcacefc69
core   0: 0x800040a4 (0x01160cb3) add     s9, a2, a7
core   0: 3 0x800040a4 (0x01160cb3) x25 0x4acf00f9
core   0: 0x800040a8 (0x40cc8c33) sub     s8, s9, a2
core   0: 3 0x800040a8 (0x40cc8c33) x24 0xcacf00f8
core   0: 0x800040ac (0x41d28c33) sub     s8, t0, t4
core   0: 3 0x800040ac (0x41d28c33) x24 0xebbc8fd4
core   0: 0x800040b0 (0x01828cb3) add     s9, t0, s8
core   0: 3 0x800040b0 (0x01828cb3) x25 0x0caa2070
core   0: 0x800040b4 (0x405e8eb3) sub     t4, t4, t0
core   0: 3 0x800040b4 (0x405e8eb3) x29 0x1443702c
core   0: 0x800040b8 (0x41988cb3) sub     s9, a7, s9
core   0: 3 0x800040b8 (0x41988cb3) x25 0xbe24e088
core   0: 0x800040bc (0x00000013) nop
core   0: 3 0x800040bc (0x00000013)
core   0: 0x800040c0 (0x0c7fb737) lui     a4, 0xc7fb
core   0: 3 0x800040c0 (0x0c7fb737) x14 0x0c7fb000
core   0: 0x800040c4 (0x35399c97) auipc   s9, 0x35399
core   0: 3 0x800040c4 (0x35399c97) x25 0xb539d0c4
core   0: 0x800040c8 (0x414c8233) sub     tp, s9, s4
core   0: 3 0x800040c8 (0x414c8233) x 4 0x3539d0c4
core   0: 0x800040cc (0x419882b3) sub     t0, a7, s9
core   0: 3 0x800040cc (0x419882b3) x 5 0x15953034
core   0: 0x800040d0 (0x01928c33) add     s8, t0, s9
core   0: 3 0x800040d0 (0x01928c33) x24 0xcacf00f8
core   0: 0x800040d4 (0x41488c33) sub     s8, a7, s4
core   0: 3 0x800040d4 (0x41488c33) x24 0x4acf00f8
core   0: 0x800040d8 (0x3c4bbc37) lui     s8, 0x3c4bb
core   0: 3 0x800040d8 (0x3c4bbc37) x24 0x3c4bb000
core   0: 0x800040dc (0x00000013) nop
core   0: 3 0x800040dc (0x00000013)
core   0: 0x800040e0 (0x414282b3) sub     t0, t0, s4
core   0: 3 0x800040e0 (0x414282b3) x 5 0x95953034
core   0: 0x800040e4 (0x003c97b3) sll     a5, s9, gp
core   0: 3 0x800040e4 (0x003c97b3) x15 0x4e743100
core   0: 0x800040e8 (0x00c5ae33) slt     t3, a1, a2
core   0: 3 0x800040e8 (0x00c5ae33) x28 0x00000000
core   0: 0x800040ec (0x00000013) nop
core   0: 3 0x800040ec (0x00000013)
core   0: 0x800040f0 (0x000b4733) xor     a4, s6, zero
core   0: 3 0x800040f0 (0x000b4733) x14 0xffffb300
core   0: 0x800040f4 (0x00539793) slli    a5, t2, 5
core   0: 3 0x800040f4 (0x00539793) x15 0x00000000
core   0: 0x800040f8 (0x00000013) nop
core   0: 3 0x800040f8 (0x00000013)
core   0: 0x800040fc (0xd610a593) slti    a1, ra, -671
core   0: 3 0x800040fc (0xd610a593) x11 0x00000000
core   0: 0x80004100 (0xa8fbde17) auipc   t3, 0xa8fbd
core   0: 3 0x80004100 (0xa8fbde17) x28 0x28fc1100
core   0: 0x80004104 (0x54ee7a93) andi    s5, t3, 1358
core   0: 3 0x80004104 (0x54ee7a93) x21 0x00000100
core   0: 0x80004108 (0x00f264b3) or      s1, tp, a5
core   0: 3 0x80004108 (0x00f264b3) x 9 0x3539d0c4
core   0: 0x8000410c (0x010229b3) slt     s3, tp, a6
core   0: 3 0x8000410c (0x010229b3) x19 0x00000000
core   0: 0x80004110 (0x4ced50b7) lui     ra, 0x4ced5
core   0: 3 0x80004110 (0x4ced50b7) x 1 0x4ced5000
core   0: 0x80004114 (0xa48ff593) andi    a1, t6, -1464
core   0: 3 0x80004114 (0xa48ff593) x11 0x00000000
core   0: 0x80004118 (0x010b57b3) srl     a5, s6, a6
core   0: 3 0x80004118 (0x010b57b3) x15 0x0000007f
core   0: 0x8000411c (0x40b35a13) srai    s4, t1, 11
core   0: 3 0x8000411c (0x40b35a13) x20 0xfff00029
core   0: 0x80004120 (0x404f85b3) sub     a1, t6, tp
core   0: 3 0x80004120 (0x404f85b3) x11 0xcac62f3c
core   0: 0x80004124 (0x4099db13) srai    s6, s3, 9
core   0: 3 0x80004124 (0x4099db13) x22 0x00000000
core   0: 0x80004128 (0x0160f133) and     sp, ra, s6
core   0: 3 0x80004128 (0x0160f133) x 2 0x00000000
core   0: 0x8000412c (0x4039d293) srai    t0, s3, 3
core   0: 3 0x8000412c (0x4039d293) x 5 0x00000000
core   0: 0x80004130 (0x0011fdb3) and     s11, gp, ra
core   0: 3 0x80004130 (0x0011fdb3) x27 0x4ced5000
core   0: 0x80004134 (0xba56c713) xori    a4, a3, -1115
core   0: 3 0x80004134 (0xba56c713) x14 0x0000060b
core   0: 0x80004138 (0xf1148013) addi    zero, s1, -239
core   0: 3 0x80004138 (0xf1148013)
core   0: 0x8000413c (0x004e79b3) and     s3, t3, tp
core   0: 3 0x8000413c (0x004e79b3) x19 0x20381000
core   0: 0x80004140 (0x687abb93) sltiu   s7, s5, 1671
core   0: 3 0x80004140 (0x687abb93) x23 0x00000001
core   0: 0x80004144 (0x60dfff13) andi    t5, t6, 1549
core   0: 3 0x80004144 (0x60dfff13) x30 0x00000000
core   0: 0x80004148 (0x01493933) sltu    s2, s2, s4
core   0: 3 0x80004148 (0x01493933) x18 0x00000001
core   0: 0x8000414c (0x01f4deb3) srl     t4, s1, t6
core   0: 3 0x8000414c (0x01f4deb3) x29 0x3539d0c4
core   0: 0x80004150 (0x00000013) nop
core   0: 3 0x80004150 (0x00000013)
core   0: 0x80004154 (0x00000013) nop
core   0: 3 0x80004154 (0x00000013)
core   0: 0x80004158 (0x8a37e2b7) lui     t0, 0x8a37e
core   0: 3 0x80004158 (0x8a37e2b7) x 5 0x8a37e000
core   0: 0x8000415c (0xc075e213) ori     tp, a1, -1017
core   0: 3 0x8000415c (0xc075e213) x 4 0xffffff3f
core   0: 0x80004160 (0xacfc7c93) andi    s9, s8, -1329
core   0: 3 0x80004160 (0xacfc7c93) x25 0x3c4bb000
core   0: 0x80004164 (0x00000013) nop
core   0: 3 0x80004164 (0x00000013)
core   0: 0x80004168 (0x00000013) nop
core   0: 3 0x80004168 (0x00000013)
core   0: 0x8000416c (0x895ae813) ori     a6, s5, -1899
core   0: 3 0x8000416c (0x895ae813) x16 0xfffff995
core   0: 0x80004170 (0x40b38233) sub     tp, t2, a1
core   0: 3 0x80004170 (0x40b38233) x 4 0xb539d0c4
core   0: 0x80004174 (0x005a0db3) add     s11, s4, t0
core   0: 3 0x80004174 (0x005a0db3) x27 0x8a27e029
core   0: 0x80004178 (0x01c1e9b3) or      s3, gp, t3
core   0: 3 0x80004178 (0x01c1e9b3) x19 0xfffffdc6
core   0: 0x8000417c (0x00611713) slli    a4, sp, 6
core   0: 3 0x8000417c (0x00611713) x14 0x00000000
core   0: 0x80004180 (0xc57cfe13) andi    t3, s9, -937
core   0: 3 0x80004180 (0xc57cfe13) x28 0x3c4bb000
core   0: 0x80004184 (0x00000013) nop
core   0: 3 0x80004184 (0x00000013)
core   0: 0x80004188 (0x41c7dd33) sra     s10, a5, t3
core   0: 3 0x80004188 (0x41c7dd33) x26 0x0000007f
core   0: 0x8000418c (0xe7f53213) sltiu   tp, a0, -385
core   0: 3 0x8000418c (0xe7f53213) x 4 0x00000001
core   0: 0x80004190 (0x9e5201b7) lui     gp, 0x9e520
core   0: 3 0x80004190 (0x9e5201b7) x 3 0x9e520000
core   0: 0x80004194 (0x00515cb3) srl     s9, sp, t0
core   0: 3 0x80004194 (0x00515cb3) x25 0x00000000
core   0: 0x80004198 (0x017d5213) srli    tp, s10, 23
core   0: 3 0x80004198 (0x017d5213) x 4 0x00000000
core   0: 0x8000419c (0x001db2b3) sltu    t0, s11, ra
core   0: 3 0x8000419c (0x001db2b3) x 5 0x00000000
core   0: 0x800041a0 (0x79b1b013) sltiu   zero, gp, 1947
core   0: 3 0x800041a0 (0x79b1b013)
core   0: 0x800041a4 (0x00f9d993) srli    s3, s3, 15
core   0: 3 0x800041a4 (0x00f9d993) x19 0x0001ffff
core   0: 0x800041a8 (0x501f7813) andi    a6, t5, 1281
core   0: 3 0x800041a8 (0x501f7813) x16 0x00000000
core   0: 0x800041ac (0x53bdfc13) andi    s8, s11, 1339
core   0: 3 0x800041ac (0x53bdfc13) x24 0x00000029
core   0: 0x800041b0 (0x6c002e93) slti    t4, zero, 1728
core   0: 3 0x800041b0 (0x6c002e93) x29 0x00000001
core   0: 0x800041b4 (0x404b5993) srai    s3, s6, 4
core   0: 3 0x800041b4 (0x404b5993) x19 0x00000000
core   0: 0x800041b8 (0x012f5813) srli    a6, t5, 18
core   0: 3 0x800041b8 (0x012f5813) x16 0x00000000
core   0: 0x800041bc (0x002505b3) add     a1, a0, sp
core   0: 3 0x800041bc (0x002505b3) x11 0x80010e64
core   0: 0x800041c0 (0x00b6a5b3) slt     a1, a3, a1
core   0: 3 0x800041c0 (0x00b6a5b3) x11 0x00000000
core   0: 0x800041c4 (0x01880033) add     zero, a6, s8
core   0: 3 0x800041c4 (0x01880033)
core   0: 0x800041c8 (0xab0ac593) xori    a1, s5, -1360
core   0: 3 0x800041c8 (0xab0ac593) x11 0xfffffbb0
core   0: 0x800041cc (0x015ddf33) srl     t5, s11, s5
core   0: 3 0x800041cc (0x015ddf33) x30 0x8a27e029
core   0: 0x800041d0 (0xd4536c93) ori     s9, t1, -699
core   0: 3 0x800041d0 (0xd4536c93) x25 0xfffffde5
core   0: 0x800041d4 (0xa3f17893) andi    a7, sp, -1473
core   0: 3 0x800041d4 (0xa3f17893) x17 0x00000000
core   0: 0x800041d8 (0x12cbc093) xori    ra, s7, 300
core   0: 3 0x800041d8 (0x12cbc093) x 1 0x0000012d
core   0: 0x800041dc (0x0061fd33) and     s10, gp, t1
core   0: 3 0x800041dc (0x0061fd33) x26 0x80000000
core   0: 0x800041e0 (0x00000013) nop
core   0: 3 0x800041e0 (0x00000013)
core   0: 0x800041e4 (0x00790833) add     a6, s2, t2
core   0: 3 0x800041e4 (0x00790833) x16 0x80000001
core   0: 0x800041e8 (0xca49fd13) andi    s10, s3, -860
core   0: 3 0x800041e8 (0xca49fd13) x26 0x00000000
core   0: 0x800041ec (0x412157b3) sra     a5, sp, s2
core   0: 3 0x800041ec (0x412157b3) x15 0x00000000
core   0: 0x800041f0 (0x1ecbf913) andi    s2, s7, 492
core   0: 3 0x800041f0 (0x1ecbf913) x18 0x00000000
core   0: 0x800041f4 (0x0057e9b3) or      s3, a5, t0
core   0: 3 0x800041f4 (0x0057e9b3) x19 0x00000000
core   0: 0x800041f8 (0x0050fab3) and     s5, ra, t0
core   0: 3 0x800041f8 (0x0050fab3) x21 0x00000000
core   0: 0x800041fc (0x019a8db3) add     s11, s5, s9
core   0: 3 0x800041fc (0x019a8db3) x27 0xfffffde5
core   0: 0x80004200 (0x01dc6c33) or      s8, s8, t4
core   0: 3 0x80004200 (0x01dc6c33) x24 0x00000029
core   0: 0x80004204 (0x1ea3a793) slti    a5, t2, 490
core   0: 3 0x80004204 (0x1ea3a793) x15 0x00000001
core   0: 0x80004208 (0x403b57b3) sra     a5, s6, gp
core   0: 3 0x80004208 (0x403b57b3) x15 0x00000000
core   0: 0x8000420c (0x65d0f713) andi    a4, ra, 1629
core   0: 3 0x8000420c (0x65d0f713) x14 0x0000000d
core   0: 0x80004210 (0xc73b8eb7) lui     t4, 0xc73b8
core   0: 3 0x80004210 (0xc73b8eb7) x29 0xc73b8000
core   0: 0x80004214 (0x00430733) add     a4, t1, tp
core   0: 3 0x80004214 (0x00430733) x14 0x80014ce4
core   0: 0x80004218 (0x00b6d493) srli    s1, a3, 11
core   0: 3 0x80004218 (0x00b6d493) x 9 0x001fffff
core   0: 0x8000421c (0x5516b213) sltiu   tp, a3, 1361
core   0: 3 0x8000421c (0x5516b213) x 4 0x00000000
core   0: 0x80004220 (0x89266f93) ori     t6, a2, -1902
core   0: 3 0x80004220 (0x89266f93) x31 0xfffff893
core   0: 0x80004224 (0xd31aa913) slti    s2, s5, -719
core   0: 3 0x80004224 (0xd31aa913) x18 0x00000000
core   0: 0x80004228 (0xff3c6893) ori     a7, s8, -13
core   0: 3 0x80004228 (0xff3c6893) x17 0xfffffffb
core   0: 0x8000422c (0xcf9e3493) sltiu   s1, t3, -775
core   0: 3 0x8000422c (0xcf9e3493) x 9 0x00000001
core   0: 0x80004230 (0x648ff413) andi    s0, t6, 1608
core   0: 3 0x80004230 (0x648ff413) x 8 0x00000000
core   0: 0x80004234 (0x01b53233) sltu    tp, a0, s11
core   0: 3 0x80004234 (0x01b53233) x 4 0x00000001
core   0: 0x80004238 (0x00a7c7b3) xor     a5, a5, a0
core   0: 3 0x80004238 (0x00a7c7b3) x15 0x80010e64
core   0: 0x8000423c (0xca8307b7) lui     a5, 0xca830
core   0: 3 0x8000423c (0xca8307b7) x15 0xca830000
core   0: 0x80004240 (0x01a86b33) or      s6, a6, s10
core   0: 3 0x80004240 (0x01a86b33) x22 0x80000001
core   0: 0x80004244 (0x41c25d33) sra     s10, tp, t3
core   0: 3 0x80004244 (0x41c25d33) x26 0x00000001
core   0: 0x80004248 (0x93be3a93) sltiu   s5, t3, -1733
core   0: 3 0x80004248 (0x93be3a93) x21 0x00000001
core   0: 0x8000424c (0xb428e593) ori     a1, a7, -1214
core   0: 3 0x8000424c (0xb428e593) x11 0xfffffffb
core   0: 0x80004250 (0xc572ec93) ori     s9, t0, -937
core   0: 3 0x80004250 (0xc572ec93) x25 0xfffffc57
core   0: 0x80004254 (0x00178433) add     s0, a5, ra
core   0: 3 0x80004254 (0x00178433) x 8 0xca83012d
core   0: 0x80004258 (0x00ce5993) srli    s3, t3, 12
core   0: 3 0x80004258 (0x00ce5993) x19 0x0003c4bb
core   0: 0x8000425c (0x00000013) nop
core   0: 3 0x8000425c (0x00000013)
core   0: 0x80004260 (0x2c088a93) addi    s5, a7, 704
core   0: 3 0x80004260 (0x2c088a93) x21 0x000002bb
core   0: 0x80004264 (0x002f9d13) slli    s10, t6, 2
core   0: 3 0x80004264 (0x002f9d13) x26 0xffffe24c
core   0: 0x80004268 (0x00794eb3) xor     t4, s2, t2
core   0: 3 0x80004268 (0x00794eb3) x29 0x80000000
core   0: 0x8000426c (0x00a8d213) srli    tp, a7, 10
core   0: 3 0x8000426c (0x00a8d213) x 4 0x003fffff
core   0: 0x80004270 (0x8445cc13) xori    s8, a1, -1980
core   0: 3 0x80004270 (0x8445cc13) x24 0x000007bf
core   0: 0x80004274 (0xcdcaf713) andi    a4, s5, -804
core   0: 3 0x80004274 (0xcdcaf713) x14 0x00000098
core   0: 0x80004278 (0x372fa793) slti    a5, t6, 882
core   0: 3 0x80004278 (0x372fa793) x15 0x00000001
core   0: 0x8000427c (0x393e8c13) addi    s8, t4, 915
core   0: 3 0x8000427c (0x393e8c13) x24 0x80000393
core   0: 0x80004280 (0x00b602b3) add     t0, a2, a1
core   0: 3 0x80004280 (0x00b602b3) x 5 0x7ffffffc
core   0: 0x80004284 (0x41fed213) srai    tp, t4, 31
core   0: 3 0x80004284 (0x41fed213) x 4 0xffffffff
core   0: 0x80004288 (0x00000013) nop
core   0: 3 0x80004288 (0x00000013)
core   0: 0x8000428c (0x41a90bb3) sub     s7, s2, s10
core   0: 3 0x8000428c (0x41a90bb3) x23 0x00001db4
core   0: 0x80004290 (0x5045b913) sltiu   s2, a1, 1284
core   0: 3 0x80004290 (0x5045b913) x18 0x00000000
core   0: 0x80004294 (0x01514fb3) xor     t6, sp, s5
core   0: 3 0x80004294 (0x01514fb3) x31 0x000002bb
core   0: 0x80004298 (0xe6518293) addi    t0, gp, -411
core   0: 3 0x80004298 (0xe6518293) x 5 0x9e51fe65
core   0: 0x8000429c (0x01146633) or      a2, s0, a7
core   0: 3 0x8000429c (0x01146633) x12 0xffffffff
core   0: 0x800042a0 (0x39002793) slti    a5, zero, 912
core   0: 3 0x800042a0 (0x39002793) x15 0x00000001
core   0: 0x800042a4 (0x01e5b733) sltu    a4, a1, t5
core   0: 3 0x800042a4 (0x01e5b733) x14 0x00000000
core   0: 0x800042a8 (0x4aa0a593) slti    a1, ra, 1194
core   0: 3 0x800042a8 (0x4aa0a593) x11 0x00000001
core   0: 0x800042ac (0x010a0ab3) add     s5, s4, a6
core   0: 3 0x800042ac (0x010a0ab3) x21 0x7ff0002a
core   0: 0x800042b0 (0x00d3d1b3) srl     gp, t2, a3
core   0: 3 0x800042b0 (0x00d3d1b3) x 3 0x00020000
core   0: 0x800042b4 (0x01ddff33) and     t5, s11, t4
core   0: 3 0x800042b4 (0x01ddff33) x30 0x80000000
core   0: 0x800042b8 (0x00000013) nop
core   0: 3 0x800042b8 (0x00000013)
core   0: 0x800042bc (0x41a60f33) sub     t5, a2, s10
core   0: 3 0x800042bc (0x41a60f33) x30 0x00001db3
core   0: 0x800042c0 (0x00f83833) sltu    a6, a6, a5
core   0: 3 0x800042c0 (0x00f83833) x16 0x00000000
core   0: 0x800042c4 (0x98460813) addi    a6, a2, -1660
core   0: 3 0x800042c4 (0x98460813) x16 0xfffff983
core   0: 0x800042c8 (0x110ef593) andi    a1, t4, 272
core   0: 3 0x800042c8 (0x110ef593) x11 0x00000000
core   0: 0x800042cc (0x01731913) slli    s2, t1, 23
core   0: 3 0x800042cc (0x01731913) x18 0x72000000
core   0: 0x800042d0 (0x01919d93) slli    s11, gp, 25
core   0: 3 0x800042d0 (0x01919d93) x27 0x00000000
core   0: 0x800042d4 (0x41630733) sub     a4, t1, s6
core   0: 3 0x800042d4 (0x41630733) x14 0x00014ce3
core   0: 0x800042d8 (0x00685933) srl     s2, a6, t1
core   0: 3 0x800042d8 (0x00685933) x18 0x0fffff98
core   0: 0x800042dc (0x1b12e093) ori     ra, t0, 433
core   0: 3 0x800042dc (0x1b12e093) x 1 0x9e51fff5
core   0: 0x800042e0 (0x00760433) add     s0, a2, t2
core   0: 3 0x800042e0 (0x00760433) x 8 0x7fffffff
core   0: 0x800042e4 (0x01547f33) and     t5, s0, s5
core   0: 3 0x800042e4 (0x01547f33) x30 0x7ff0002a
core   0: 0x800042e8 (0x41e9dd13) srai    s10, s3, 30
core   0: 3 0x800042e8 (0x41e9dd13) x26 0x00000000
core   0: 0x800042ec (0x01bad5b3) srl     a1, s5, s11
core   0: 3 0x800042ec (0x01bad5b3) x11 0x7ff0002a
core   0: 0x800042f0 (0xdd718d13) addi    s10, gp, -553
core   0: 3 0x800042f0 (0xdd718d13) x26 0x0001fdd7
core   0: 0x800042f4 (0xead78c93) addi    s9, a5, -339
core   0: 3 0x800042f4 (0xead78c93) x25 0xfffffeae
core   0: 0x800042f8 (0xa4c3c293) xori    t0, t2, -1460
core   0: 3 0x800042f8 (0xa4c3c293) x 5 0x7ffffa4c
core   0: 0x800042fc (0x407d5793) srai    a5, s10, 7
core   0: 3 0x800042fc (0x407d5793) x15 0x000003fb
core   0: 0x80004300 (0xc8f7fb93) andi    s7, a5, -881
core   0: 3 0x80004300 (0xc8f7fb93) x23 0x0000008b
core   0: 0x80004304 (0x01f9f7b3) and     a5, s3, t6
core   0: 3 0x80004304 (0x01f9f7b3) x15 0x000000bb
core   0: 0x80004308 (0xb63b8693) addi    a3, s7, -1181
core   0: 3 0x80004308 (0xb63b8693) x13 0xfffffbee
core   0: 0x8000430c (0x00c84233) xor     tp, a6, a2
core   0: 3 0x8000430c (0x00c84233) x 4 0x0000067c
core   0: 0x80004310 (0x019e1013) slli    zero, t3, 25
core   0: 3 0x80004310 (0x019e1013)
core   0: 0x80004314 (0xd685c913) xori    s2, a1, -664
core   0: 3 0x80004314 (0xd685c913) x18 0x800ffd42
core   0: 0x80004318 (0x40805893) srai    a7, zero, 8
core   0: 3 0x80004318 (0x40805893) x17 0x00000000
core   0: 0x8000431c (0x0179c833) xor     a6, s3, s7
core   0: 3 0x8000431c (0x0179c833) x16 0x0003c430
core   0: 0x80004320 (0x45f28797) auipc   a5, 0x45f28
core   0: 3 0x80004320 (0x45f28797) x15 0xc5f2c320
core   0: 0x80004324 (0x401981b3) sub     gp, s3, ra
core   0: 3 0x80004324 (0x401981b3) x 3 0x61b1c4c6
core   0: 0x80004328 (0x3e63e813) ori     a6, t2, 998
core   0: 3 0x80004328 (0x3e63e813) x16 0x800003e6
core   0: 0x8000432c (0x002d0933) add     s2, s10, sp
core   0: 3 0x8000432c (0x002d0933) x18 0x0001fdd7
core   0: 0x80004330 (0x1f563837) lui     a6, 0x1f563
core   0: 3 0x80004330 (0x1f563837) x16 0x1f563000
core   0: 0x80004334 (0x017bdd93) srli    s11, s7, 23
core   0: 3 0x80004334 (0x017bdd93) x27 0x00000000
core   0: 0x80004338 (0x00321133) sll     sp, tp, gp
core   0: 3 0x80004338 (0x00321133) x 2 0x00019f00
core   0: 0x8000433c (0x39422093) slti    ra, tp, 916
core   0: 3 0x8000433c (0x39422093) x 1 0x00000000
core   0: 0x80004340 (0xc0882617) auipc   a2, 0xc0882
core   0: 3 0x80004340 (0xc0882617) x12 0x40886340
core   0: 0x80004344 (0x40365913) srai    s2, a2, 3
core   0: 3 0x80004344 (0x40365913) x18 0x08110c68
core   0: 0x80004348 (0x1ba9d997) auipc   s3, 0x1ba9d
core   0: 3 0x80004348 (0x1ba9d997) x19 0x9baa1348
core   0: 0x8000434c (0x01b35993) srli    s3, t1, 27
core   0: 3 0x8000434c (0x01b35993) x19 0x00000010
core   0: 0x80004350 (0x16acfc93) andi    s9, s9, 362
core   0: 3 0x80004350 (0x16acfc93) x25 0x0000002a
core   0: 0x80004354 (0x019b4fb3) xor     t6, s6, s9
core   0: 3 0x80004354 (0x019b4fb3) x31 0x8000002b
core   0: 0x80004358 (0x40d75bb3) sra     s7, a4, a3
core   0: 3 0x80004358 (0x40d75bb3) x23 0x00000005
core   0: 0x8000435c (0x01edda33) srl     s4, s11, t5
core   0: 3 0x8000435c (0x01edda33) x20 0x00000000
core   0: 0x80004360 (0x38be0713) addi    a4, t3, 907
core   0: 3 0x80004360 (0x38be0713) x14 0x3c4bb38b
core   0: 0x80004364 (0x012ffbb3) and     s7, t6, s2
core   0: 3 0x80004364 (0x012ffbb3) x23 0x00000028
core   0: 0x80004368 (0x21ed6693) ori     a3, s10, 542
core   0: 3 0x80004368 (0x21ed6693) x13 0x0001ffdf
core   0: 0x8000436c (0xa9978613) addi    a2, a5, -1383
core   0: 3 0x8000436c (0xa9978613) x12 0xc5f2bdb9
core   0: 0x80004370 (0x405edd93) srai    s11, t4, 5
core   0: 3 0x80004370 (0x405edd93) x27 0xfc000000
core   0: 0x80004374 (0x00c39693) slli    a3, t2, 12
core   0: 3 0x80004374 (0x00c39693) x13 0x00000000
core   0: 0x80004378 (0x0035d193) srli    gp, a1, 3
core   0: 3 0x80004378 (0x0035d193) x 3 0x0ffe0005
core   0: 0x8000437c (0xbb316f13) ori     t5, sp, -1101
core   0: 3 0x8000437c (0xbb316f13) x30 0xffffffb3
core   0: 0x80004380 (0xca678a97) auipc   s5, 0xca678
core   0: 3 0x80004380 (0xca678a97) x21 0x4a67c380
core   0: 0x80004384 (0xf9e78193) addi    gp, a5, -98
core   0: 3 0x80004384 (0xf9e78193) x 3 0xc5f2c2be
core   0: 0x80004388 (0xfdbbb593) sltiu   a1, s7, -37
core   0: 3 0x80004388 (0xfdbbb593) x11 0x00000001
core   0: 0x8000438c (0x0dba3913) sltiu   s2, s4, 219
core   0: 3 0x8000438c (0x0dba3913) x18 0x00000001
core   0: 0x80004390 (0x000aa933) slt     s2, s5, zero
core   0: 3 0x80004390 (0x000aa933) x18 0x00000000
core   0: 0x80004394 (0xc389aa13) slti    s4, s3, -968
core   0: 3 0x80004394 (0xc389aa13) x20 0x00000000
core   0: 0x80004398 (0x4141d5b3) sra     a1, gp, s4
core   0: 3 0x80004398 (0x4141d5b3) x11 0xc5f2c2be
core   0: 0x8000439c (0x9ec58793) addi    a5, a1, -1556
core   0: 3 0x8000439c (0x9ec58793) x15 0xc5f2bcaa
core   0: 0x800043a0 (0x6a320c97) auipc   s9, 0x6a320
core   0: 3 0x800043a0 (0x6a320c97) x25 0xea3243a0
core   0: 0x800043a4 (0x018abd33) sltu    s10, s5, s8
core   0: 3 0x800043a4 (0x018abd33) x26 0x00000001
core   0: 0x800043a8 (0x403002b3) sub     t0, zero, gp
core   0: 3 0x800043a8 (0x403002b3) x 5 0x3a0d3d42
core   0: 0x800043ac (0x0073eb33) or      s6, t2, t2
core   0: 3 0x800043ac (0x0073eb33) x22 0x80000000
core   0: 0x800043b0 (0x143acb93) xori    s7, s5, 323
core   0: 3 0x800043b0 (0x143acb93) x23 0x4a67c2c3
core   0: 0x800043b4 (0xcaaca613) slti    a2, s9, -854
core   0: 3 0x800043b4 (0xcaaca613) x12 0x00000001
core   0: 0x800043b8 (0xbbf16f93) ori     t6, sp, -1089
core   0: 3 0x800043b8 (0xbbf16f93) x31 0xffffffbf
core   0: 0x800043bc (0x0103d293) srli    t0, t2, 16
core   0: 3 0x800043bc (0x0103d293) x 5 0x00008000
core   0: 0x800043c0 (0xfcf04a13) xori    s4, zero, -49
core   0: 3 0x800043c0 (0xfcf04a13) x20 0xffffffcf
core   0: 0x800043c4 (0x00000013) nop
core   0: 3 0x800043c4 (0x00000013)
core   0: 0x800043c8 (0x01bf9693) slli    a3, t6, 27
core   0: 3 0x800043c8 (0x01bf9693) x13 0xf8000000
core   0: 0x800043cc (0x763e4913) xori    s2, t3, 1891
core   0: 3 0x800043cc (0x763e4913) x18 0x3c4bb763
core   0: 0x800043d0 (0x0152ce33) xor     t3, t0, s5
core   0: 3 0x800043d0 (0x0152ce33) x28 0x4a674380
core   0: 0x800043d4 (0xba894fb7) lui     t6, 0xba894
core   0: 3 0x800043d4 (0xba894fb7) x31 0xba894000
core   0: 0x800043d8 (0x214c0913) addi    s2, s8, 532
core   0: 3 0x800043d8 (0x214c0913) x18 0x800005a7
core   0: 0x800043dc (0x0096f2b3) and     t0, a3, s1
core   0: 3 0x800043dc (0x0096f2b3) x 5 0x00000000
core   0: 0x800043e0 (0xe937cd13) xori    s10, a5, -365
core   0: 3 0x800043e0 (0xe937cd13) x26 0x3a0d4239
core   0: 0x800043e4 (0x18cd4713) xori    a4, s10, 396
core   0: 3 0x800043e4 (0x18cd4713) x14 0x3a0d43b5
core   0: 0x800043e8 (0x007ebd33) sltu    s10, t4, t2
core   0: 3 0x800043e8 (0x007ebd33) x26 0x00000000
core   0: 0x800043ec (0x00ff5993) srli    s3, t5, 15
core   0: 3 0x800043ec (0x00ff5993) x19 0x0001ffff
core   0: 0x800043f0 (0x418b8d33) sub     s10, s7, s8
core   0: 3 0x800043f0 (0x418b8d33) x26 0xca67bf30
core   0: 0x800043f4 (0x9747b297) auipc   t0, 0x9747b
core   0: 3 0x800043f4 (0x9747b297) x 5 0x1747f3f4
core   0: 0x800043f8 (0x000f7433) and     s0, t5, zero
core   0: 3 0x800043f8 (0x000f7433) x 8 0x00000000
core   0: 0x800043fc (0x014874b3) and     s1, a6, s4
core   0: 3 0x800043fc (0x014874b3) x 9 0x1f563000
core   0: 0x80004400 (0x40208d33) sub     s10, ra, sp
core   0: 3 0x80004400 (0x40208d33) x26 0xfffe6100
core   0: 0x80004404 (0x2cf66237) lui     tp, 0x2cf66
core   0: 3 0x80004404 (0x2cf66237) x 4 0x2cf66000
core   0: 0x80004408 (0xcdc77d93) andi    s11, a4, -804
core   0: 3 0x80004408 (0xcdc77d93) x27 0x3a0d4094
core   0: 0x8000440c (0x26974793) xori    a5, a4, 617
core   0: 3 0x8000440c (0x26974793) x15 0x3a0d41dc
core   0: 0x80004410 (0x01669e33) sll     t3, a3, s6
core   0: 3 0x80004410 (0x01669e33) x28 0xf8000000
core   0: 0x80004414 (0x00000013) nop
core   0: 3 0x80004414 (0x00000013)
core   0: 0x80004418 (0x01874f33) xor     t5, a4, s8
core   0: 3 0x80004418 (0x01874f33) x30 0xba0d4026
core   0: 0x8000441c (0x277b7b93) andi    s7, s6, 631
core   0: 3 0x8000441c (0x277b7b93) x23 0x00000000
core   0: 0x80004420 (0x767af193) andi    gp, s5, 1895
core   0: 3 0x80004420 (0x767af193) x 3 0x00000300
core   0: 0x80004424 (0x84510213) addi    tp, sp, -1979
core   0: 3 0x80004424 (0x84510213) x 4 0x00019745
core   0: 0x80004428 (0x416c5593) srai    a1, s8, 22
core   0: 3 0x80004428 (0x416c5593) x11 0xfffffe00
core   0: 0x8000442c (0x1a892193) slti    gp, s2, 424
core   0: 3 0x8000442c (0x1a892193) x 3 0x00000001
core   0: 0x80004430 (0xf8e08493) addi    s1, ra, -114
core   0: 3 0x80004430 (0xf8e08493) x 9 0xffffff8e
core   0: 0x80004434 (0x000f96b3) sll     a3, t6, zero
core   0: 3 0x80004434 (0x000f96b3) x13 0xba894000
core   0: 0x80004438 (0x86690d93) addi    s11, s2, -1946
core   0: 3 0x80004438 (0x86690d93) x27 0x7ffffe0d
core   0: 0x8000443c (0x005b6233) or      tp, s6, t0
core   0: 3 0x8000443c (0x005b6233) x 4 0x9747f3f4
core   0: 0x80004440 (0x4dac0b13) addi    s6, s8, 1242
core   0: 3 0x80004440 (0x4dac0b13) x22 0x8000086d
core   0: 0x80004444 (0x01a4a1b3) slt     gp, s1, s10
core   0: 3 0x80004444 (0x01a4a1b3) x 3 0x00000000
core   0: 0x80004448 (0x40bf88b3) sub     a7, t6, a1
core   0: 3 0x80004448 (0x40bf88b3) x17 0xba894200
core   0: 0x8000444c (0x00688eb3) add     t4, a7, t1
core   0: 3 0x8000444c (0x00688eb3) x29 0x3a8a8ee4
core   0: 0x80004450 (0x00000013) nop
core   0: 3 0x80004450 (0x00000013)
core   0: 0x80004454 (0x00594633) xor     a2, s2, t0
core   0: 3 0x80004454 (0x00594633) x12 0x9747f653
core   0: 0x80004458 (0x0029f8b3) and     a7, s3, sp
core   0: 3 0x80004458 (0x0029f8b3) x17 0x00019f00
core   0: 0x8000445c (0x4043ddb3) sra     s11, t2, tp
core   0: 3 0x8000445c (0x4043ddb3) x27 0xfffff800
core   0: 0x80004460 (0x0fd83093) sltiu   ra, a6, 253
core   0: 3 0x80004460 (0x0fd83093) x 1 0x00000000
core   0: 0x80004464 (0x40e95713) srai    a4, s2, 14
core   0: 3 0x80004464 (0x40e95713) x14 0xfffe0000
core   0: 0x80004468 (0xc074aeb7) lui     t4, 0xc074a
core   0: 3 0x80004468 (0xc074aeb7) x29 0xc074a000
core   0: 0x8000446c (0x00631ab3) sll     s5, t1, t1
core   0: 3 0x8000446c (0x00631ab3) x21 0x0014ce40
core   0: 0x80004470 (0x01a35193) srli    gp, t1, 26
core   0: 3 0x80004470 (0x01a35193) x 3 0x00000020
core   0: 0x80004474 (0x09c32e13) slti    t3, t1, 156
core   0: 3 0x80004474 (0x09c32e13) x28 0x00000001
core   0: 0x80004478 (0x00c07fb3) and     t6, zero, a2
core   0: 3 0x80004478 (0x00c07fb3) x31 0x00000000
core   0: 0x8000447c (0x01038b33) add     s6, t2, a6
core   0: 3 0x8000447c (0x01038b33) x22 0x9f563000
core   0: 0x80004480 (0x013d9ab3) sll     s5, s11, s3
core   0: 3 0x80004480 (0x013d9ab3) x21 0x00000000
core   0: 0x80004484 (0x012b1113) slli    sp, s6, 18
core   0: 3 0x80004484 (0x012b1113) x 2 0xc0000000
core   0: 0x80004488 (0x01e61233) sll     tp, a2, t5
core   0: 3 0x80004488 (0x01e61233) x 4 0xd1fd94c0
core   0: 0x8000448c (0x41550db3) sub     s11, a0, s5
core   0: 3 0x8000448c (0x41550db3) x27 0x80010e64
core   0: 0x80004490 (0x419604b3) sub     s1, a2, s9
core   0: 3 0x80004490 (0x419604b3) x 9 0xad15b2b3
core   0: 0x80004494 (0x28d6a493) slti    s1, a3, 653
core   0: 3 0x80004494 (0x28d6a493) x 9 0x00000001
core   0: 0x80004498 (0x7a137737) lui     a4, 0x7a137
core   0: 3 0x80004498 (0x7a137737) x14 0x7a137000
core   0: 0x8000449c (0x00d5a4b3) slt     s1, a1, a3
core   0: 3 0x8000449c (0x00d5a4b3) x 9 0x00000000
core   0: 0x800044a0 (0x01776033) or      zero, a4, s7
core   0: 3 0x800044a0 (0x01776033)
core   0: 0x800044a4 (0x417dd7b3) sra     a5, s11, s7
core   0: 3 0x800044a4 (0x417dd7b3) x15 0x80010e64
core   0: 0x800044a8 (0xa0e38213) addi    tp, t2, -1522
core   0: 3 0x800044a8 (0xa0e38213) x 4 0x7ffffa0e
core   0: 0x800044ac (0x0150e833) or      a6, ra, s5
core   0: 3 0x800044ac (0x0150e833) x16 0x00000000
core   0: 0x800044b0 (0x00189893) slli    a7, a7, 1
core   0: 3 0x800044b0 (0x00189893) x17 0x00033e00
core   0: 0x800044b4 (0x00000013) nop
core   0: 3 0x800044b4 (0x00000013)
core   0: 0x800044b8 (0xd3fcf617) auipc   a2, 0xd3fcf
core   0: 3 0x800044b8 (0xd3fcf617) x12 0x53fd34b8
core   0: 0x800044bc (0xebfb8a13) addi    s4, s7, -321
core   0: 3 0x800044bc (0xebfb8a13) x20 0xfffffebf
core   0: 0x800044c0 (0x01784d33) xor     s10, a6, s7
core   0: 3 0x800044c0 (0x01784d33) x26 0x00000000
core   0: 0x800044c4 (0x01008fb3) add     t6, ra, a6
core   0: 3 0x800044c4 (0x01008fb3) x31 0x00000000
core   0: 0x800044c8 (0x0196d033) srl     zero, a3, s9
core   0: 3 0x800044c8 (0x0196d033)
core   0: 0x800044cc (0xce6d7c93) andi    s9, s10, -794
core   0: 3 0x800044cc (0xce6d7c93) x25 0x00000000
core   0: 0x800044d0 (0xf054a013) slti    zero, s1, -251
core   0: 3 0x800044d0 (0xf054a013)
core   0: 0x800044d4 (0x412988b3) sub     a7, s3, s2
core   0: 3 0x800044d4 (0x412988b3) x17 0x8001fa58
core   0: 0x800044d8 (0x00000013) nop
core   0: 3 0x800044d8 (0x00000013)
core   0: 0x800044dc (0x01deefb3) or      t6, t4, t4
core   0: 3 0x800044dc (0x01deefb3) x31 0xc074a000
core   0: 0x800044e0 (0x63d6f613) andi    a2, a3, 1597
core   0: 3 0x800044e0 (0x63d6f613) x12 0x00000000
core   0: 0x800044e4 (0x89c1b413) sltiu   s0, gp, -1892
core   0: 3 0x800044e4 (0x89c1b413) x 8 0x00000001
core   0: 0x800044e8 (0x001be5b3) or      a1, s7, ra
core   0: 3 0x800044e8 (0x001be5b3) x11 0x00000000
core   0: 0x800044ec (0x70517a17) auipc   s4, 0x70517
core   0: 3 0x800044ec (0x70517a17) x20 0xf051b4ec
core   0: 0x800044f0 (0x40ebda33) sra     s4, s7, a4
core   0: 3 0x800044f0 (0x40ebda33) x20 0x00000000
core   0: 0x800044f4 (0x00c1f133) and     sp, gp, a2
core   0: 3 0x800044f4 (0x00c1f133) x 2 0x00000000
core   0: 0x800044f8 (0x55d81f37) lui     t5, 0x55d81
core   0: 3 0x800044f8 (0x55d81f37) x30 0x55d81000
core   0: 0x800044fc (0x00eb5633) srl     a2, s6, a4
core   0: 3 0x800044fc (0x00eb5633) x12 0x9f563000
core   0: 0x80004500 (0x40cc00b3) sub     ra, s8, a2
core   0: 3 0x80004500 (0x40cc00b3) x 1 0xe0a9d393
core   0: 0x80004504 (0x01aa3c33) sltu    s8, s4, s10
core   0: 3 0x80004504 (0x01aa3c33) x24 0x00000000
core   0: 0x80004508 (0xf6715d97) auipc   s11, 0xf6715
core   0: 3 0x80004508 (0xf6715d97) x27 0x76719508
core   0: 0x8000450c (0xe4b90b93) addi    s7, s2, -437
core   0: 3 0x8000450c (0xe4b90b93) x23 0x800003f2
core   0: 0x80004510 (0x00099413) slli    s0, s3, 0
core   0: 3 0x80004510 (0x00099413) x 8 0x0001ffff
core   0: 0x80004514 (0x5cc3c097) auipc   ra, 0x5cc3c
core   0: 3 0x80004514 (0x5cc3c097) x 1 0xdcc40514
core   0: 0x80004518 (0x381ea013) slti    zero, t4, 897
core   0: 3 0x80004518 (0x381ea013)
core   0: 0x8000451c (0x00386eb3) or      t4, a6, gp
core   0: 3 0x8000451c (0x00386eb3) x29 0x00000020
core   0: 0x80004520 (0x41ef0c33) sub     s8, t5, t5
core   0: 3 0x80004520 (0x41ef0c33) x24 0x00000000
core   0: 0x80004524 (0x00000013) nop
core   0: 3 0x80004524 (0x00000013)
core   0: 0x80004528 (0x6f0ed9b7) lui     s3, 0x6f0ed
core   0: 3 0x80004528 (0x6f0ed9b7) x19 0x6f0ed000
core   0: 0x8000452c (0x00fcd593) srli    a1, s9, 15
core   0: 3 0x8000452c (0x00fcd593) x11 0x00000000
core   0: 0x80004530 (0x41b80cb3) sub     s9, a6, s11
core   0: 3 0x80004530 (0x41b80cb3) x25 0x898e6af8
core   0: 0x80004534 (0x10500b13) li      s6, 261
core   0: 3 0x80004534 (0x10500b13) x22 0x00000105
core   0: 0x80004538 (0x00d57d33) and     s10, a0, a3
core   0: 3 0x80004538 (0x00d57d33) x26 0x80010000
core   0: 0x8000453c (0x009a5933) srl     s2, s4, s1
core   0: 3 0x8000453c (0x009a5933) x18 0x00000000
core   0: 0x80004540 (0x765fc837) lui     a6, 0x765fc
core   0: 3 0x80004540 (0x765fc837) x16 0x765fc000
core   0: 0x80004544 (0x4074d5b3) sra     a1, s1, t2
core   0: 3 0x80004544 (0x4074d5b3) x11 0x00000000
core   0: 0x80004548 (0x065584b7) lui     s1, 0x6558
core   0: 3 0x80004548 (0x065584b7) x 9 0x06558000
core   0: 0x8000454c (0x4feb0113) addi    sp, s6, 1278
core   0: 3 0x8000454c (0x4feb0113) x 2 0x00000603
core   0: 0x80004550 (0x015dca33) xor     s4, s11, s5
core   0: 3 0x80004550 (0x015dca33) x20 0x76719508
core   0: 0x80004554 (0x40810bb3) sub     s7, sp, s0
core   0: 3 0x80004554 (0x40810bb3) x23 0xfffe0604
core   0: 0x80004558 (0x91084713) xori    a4, a6, -1776
core   0: 3 0x80004558 (0x91084713) x14 0x89a03910
core   0: 0x8000455c (0x0199b933) sltu    s2, s3, s9
core   0: 3 0x8000455c (0x0199b933) x18 0x00000001
core   0: 0x80004560 (0x6d5cbe93) sltiu   t4, s9, 1749
core   0: 3 0x80004560 (0x6d5cbe93) x29 0x00000000
core   0: 0x80004564 (0xaf732a93) slti    s5, t1, -1289
core   0: 3 0x80004564 (0xaf732a93) x21 0x00000001
core   0: 0x80004568 (0x543ce213) ori     tp, s9, 1347
core   0: 3 0x80004568 (0x543ce213) x 4 0x898e6ffb
core   0: 0x8000456c (0x009975b3) and     a1, s2, s1
core   0: 3 0x8000456c (0x009975b3) x11 0x00000000
core   0: 0x80004570 (0x403ed193) srai    gp, t4, 3
core   0: 3 0x80004570 (0x403ed193) x 3 0x00000000
core   0: 0x80004574 (0x01359633) sll     a2, a1, s3
core   0: 3 0x80004574 (0x01359633) x12 0x00000000
core   0: 0x80004578 (0x417c5e93) srai    t4, s8, 23
core   0: 3 0x80004578 (0x417c5e93) x29 0x00000000
core   0: 0x8000457c (0x3513cd13) xori    s10, t2, 849
core   0: 3 0x8000457c (0x3513cd13) x26 0x80000351
core   0: 0x80004580 (0x2b63c993) xori    s3, t2, 694
core   0: 3 0x80004580 (0x2b63c993) x19 0x800002b6
core   0: 0x80004584 (0x00000013) nop
core   0: 3 0x80004584 (0x00000013)
core   0: 0x80004588 (0x01593bb3) sltu    s7, s2, s5
core   0: 3 0x80004588 (0x01593bb3) x23 0x00000000
core   0: 0x8000458c (0x4006df33) sra     t5, a3, zero
core   0: 3 0x8000458c (0x4006df33) x30 0xba894000
core   0: 0x80004590 (0x41955ab3) sra     s5, a0, s9
core   0: 3 0x80004590 (0x41955ab3) x21 0xffffff80
core   0: 0x80004594 (0x0156e2b3) or      t0, a3, s5
core   0: 3 0x80004594 (0x0156e2b3) x 5 0xffffff80
core   0: 0x80004598 (0x00a91413) slli    s0, s2, 10
core   0: 3 0x80004598 (0x00a91413) x 8 0x00000400
core   0: 0x8000459c (0x01f5d4b3) srl     s1, a1, t6
core   0: 3 0x8000459c (0x01f5d4b3) x 9 0x00000000
core   0: 0x800045a0 (0xae218637) lui     a2, 0xae218
core   0: 3 0x800045a0 (0xae218637) x12 0xae218000
core   0: 0x800045a4 (0xfff00613) li      a2, -1
core   0: 3 0x800045a4 (0xfff00613) x12 0xffffffff
core   0: 0x800045a8 (0x800008b7) lui     a7, 0x80000
core   0: 3 0x800045a8 (0x800008b7) x17 0x80000000
core   0: 0x800045ac (0xfff00813) li      a6, -1
core   0: 3 0x800045ac (0xfff00813) x16 0xffffffff
core   0: 0x800045b0 (0x800005b7) lui     a1, 0x80000
core   0: 3 0x800045b0 (0x800005b7) x11 0x80000000
core   0: 0x800045b4 (0x757546b7) lui     a3, 0x75754
core   0: 3 0x800045b4 (0x757546b7) x13 0x75754000
core   0: 0x800045b8 (0x9ed68693) addi    a3, a3, -1555
core   0: 3 0x800045b8 (0x9ed68693) x13 0x757539ed
core   0: 0x800045bc (0xfff00b13) li      s6, -1
core   0: 3 0x800045bc (0xfff00b13) x22 0xffffffff
core   0: 0x800045c0 (0x00000d93) li      s11, 0
core   0: 3 0x800045c0 (0x00000d93) x27 0x00000000
core   0: 0x800045c4 (0xbcd4b0b7) lui     ra, 0xbcd4b
core   0: 3 0x800045c4 (0xbcd4b0b7) x 1 0xbcd4b000
core   0: 0x800045c8 (0xfc308093) addi    ra, ra, -61
core   0: 3 0x800045c8 (0xfc308093) x 1 0xbcd4afc3
core   0: 0x800045cc (0x800002b7) lui     t0, 0x80000
core   0: 3 0x800045cc (0x800002b7) x 5 0x80000000
core   0: 0x800045d0 (0xda74bfb7) lui     t6, 0xda74b
core   0: 3 0x800045d0 (0xda74bfb7) x31 0xda74b000
core   0: 0x800045d4 (0x696f8f93) addi    t6, t6, 1686
core   0: 3 0x800045d4 (0x696f8f93) x31 0xda74b696
core   0: 0x800045d8 (0xf0808613) addi    a2, ra, -248
core   0: 3 0x800045d8 (0xf0808613) x12 0xbcd4aecb
core   0: 0x800045dc (0x40c60833) sub     a6, a2, a2
core   0: 3 0x800045dc (0x40c60833) x16 0x00000000
core   0: 0x800045e0 (0x51480d93) addi    s11, a6, 1300
core   0: 3 0x800045e0 (0x51480d93) x27 0x00000514
core   0: 0x800045e4 (0x41180b33) sub     s6, a6, a7
core   0: 3 0x800045e4 (0x41180b33) x22 0x80000000
core   0: 0x800045e8 (0xefd08813) addi    a6, ra, -259
core   0: 3 0x800045e8 (0xefd08813) x16 0xbcd4aec0
core   0: 0x800045ec (0x00bf8fb3) add     t6, t6, a1
core   0: 3 0x800045ec (0x00bf8fb3) x31 0x5a74b696
core   0: 0x800045f0 (0x40c600b3) sub     ra, a2, a2
core   0: 3 0x800045f0 (0x40c600b3) x 1 0x00000000
core   0: 0x800045f4 (0xf640ab17) auipc   s6, 0xf640a
core   0: 3 0x800045f4 (0xf640ab17) x22 0x7640e5f4
core   0: 0x800045f8 (0x58af0697) auipc   a3, 0x58af0
core   0: 3 0x800045f8 (0x58af0697) x13 0xd8af45f8
core   0: 0x800045fc (0x41168633) sub     a2, a3, a7
core   0: 3 0x800045fc (0x41168633) x12 0x58af45f8
core   0: 0x80004600 (0x19fb8637) lui     a2, 0x19fb8
core   0: 3 0x80004600 (0x19fb8637) x12 0x19fb8000
core   0: 0x80004604 (0x71c6e6b7) lui     a3, 0x71c6e
core   0: 3 0x80004604 (0x71c6e6b7) x13 0x71c6e000
core   0: 0x80004608 (0x485f8d93) addi    s11, t6, 1157
core   0: 3 0x80004608 (0x485f8d93) x27 0x5a74bb1b
core   0: 0x8000460c (0x775ebd97) auipc   s11, 0x775eb
core   0: 3 0x8000460c (0x775ebd97) x27 0xf75ef60c
core   0: 0x80004610 (0x00000013) nop
core   0: 3 0x80004610 (0x00000013)
core   0: 0x80004614 (0x41fb00b3) sub     ra, s6, t6
core   0: 3 0x80004614 (0x41fb00b3) x 1 0x1bcc2f5e
core   0: 0x80004618 (0x00000013) nop
core   0: 3 0x80004618 (0x00000013)
core   0: 0x8000461c (0xa28a7b13) andi    s6, s4, -1496
core   0: 3 0x8000461c (0xa28a7b13) x22 0x76719008
core   0: 0x80004620 (0x00529493) slli    s1, t0, 5
core   0: 3 0x80004620 (0x00529493) x 9 0x00000000
core   0: 0x80004624 (0x01a81db3) sll     s11, a6, s10
core   0: 3 0x80004624 (0x01a81db3) x27 0x5d800000
core   0: 0x80004628 (0x00000013) nop
core   0: 3 0x80004628 (0x00000013)
core   0: 0x8000462c (0x01e470b3) and     ra, s0, t5
core   0: 3 0x8000462c (0x01e470b3) x 1 0x00000000
core   0: 0x80004630 (0x00000013) nop
core   0: 3 0x80004630 (0x00000013)
core   0: 0x80004634 (0x400a86b3) sub     a3, s5, zero
core   0: 3 0x80004634 (0x400a86b3) x13 0xffffff80
core   0: 0x80004638 (0x01a719b3) sll     s3, a4, s10
core   0: 3 0x80004638 (0x01a719b3) x19 0x72200000
core   0: 0x8000463c (0x40718433) sub     s0, gp, t2
core   0: 3 0x8000463c (0x40718433) x 8 0x80000000
core   0: 0x80004640 (0x7099cc13) xori    s8, s3, 1801
core   0: 3 0x80004640 (0x7099cc13) x24 0x72200709
core   0: 0x80004644 (0x002c7233) and     tp, s8, sp
core   0: 3 0x80004644 (0x002c7233) x 4 0x00000601
core   0: 0x80004648 (0x00a50933) add     s2, a0, a0
core   0: 3 0x80004648 (0x00a50933) x18 0x00021cc8
core   0: 0x8000464c (0x49d3ad13) slti    s10, t2, 1181
core   0: 3 0x8000464c (0x49d3ad13) x26 0x00000001
core   0: 0x80004650 (0x006de733) or      a4, s11, t1
core   0: 3 0x80004650 (0x006de733) x14 0xdd814ce4
core   0: 0x80004654 (0xba8b2093) slti    ra, s6, -1112
core   0: 3 0x80004654 (0xba8b2093) x 1 0x00000000
core   0: 0x80004658 (0x00c01e13) slli    t3, zero, 12
core   0: 3 0x80004658 (0x00c01e13) x28 0x00000000
core   0: 0x8000465c (0x00000013) nop
core   0: 3 0x8000465c (0x00000013)
core   0: 0x80004660 (0x00000013) nop
core   0: 3 0x80004660 (0x00000013)
core   0: 0x80004664 (0x29560d37) lui     s10, 0x29560
core   0: 3 0x80004664 (0x29560d37) x26 0x29560000
core   0: 0x80004668 (0xb3277413) andi    s0, a4, -1230
core   0: 3 0x80004668 (0xb3277413) x 8 0xdd814820
core   0: 0x8000466c (0x0141cfb3) xor     t6, gp, s4
core   0: 3 0x8000466c (0x0141cfb3) x31 0x76719508
core   0: 0x80004670 (0x409d85b3) sub     a1, s11, s1
core   0: 3 0x80004670 (0x409d85b3) x11 0x5d800000
core   0: 0x80004674 (0x94a02d93) slti    s11, zero, -1718
core   0: 3 0x80004674 (0x94a02d93) x27 0x00000000
core   0: 0x80004678 (0x3cc4ff13) andi    t5, s1, 972
core   0: 3 0x80004678 (0x3cc4ff13) x30 0x00000000
core   0: 0x8000467c (0x0015d113) srli    sp, a1, 1
core   0: 3 0x8000467c (0x0015d113) x 2 0x2ec00000
core   0: 0x80004680 (0x41b08ab3) sub     s5, ra, s11
core   0: 3 0x80004680 (0x41b08ab3) x21 0x00000000
core   0: 0x80004684 (0x40255113) srai    sp, a0, 2
core   0: 3 0x80004684 (0x40255113) x 2 0xe0004399
core   0: 0x80004688 (0x32382793) slti    a5, a6, 803
core   0: 3 0x80004688 (0x32382793) x15 0x00000001
core   0: 0x8000468c (0x00961413) slli    s0, a2, 9
core   0: 3 0x8000468c (0x00961413) x 8 0xf7000000
core   0: 0x80004690 (0x00768ab3) add     s5, a3, t2
core   0: 3 0x80004690 (0x00768ab3) x21 0x7fffff80
core   0: 0x80004694 (0x8634ef93) ori     t6, s1, -1949
core   0: 3 0x80004694 (0x8634ef93) x31 0xfffff863
core   0: 0x80004698 (0x403d54b3) sra     s1, s10, gp
core   0: 3 0x80004698 (0x403d54b3) x 9 0x29560000
core   0: 0x8000469c (0xbb25f013) andi    zero, a1, -1102
core   0: 3 0x8000469c (0xbb25f013)
core   0: 0x800046a0 (0x0072adb3) slt     s11, t0, t2
core   0: 3 0x800046a0 (0x0072adb3) x27 0x00000000
core   0: 0x800046a4 (0x014f75b3) and     a1, t5, s4
core   0: 3 0x800046a4 (0x014f75b3) x11 0x00000000
core   0: 0x800046a8 (0x014d6eb3) or      t4, s10, s4
core   0: 3 0x800046a8 (0x014d6eb3) x29 0x7f779508
core   0: 0x800046ac (0xc1edf593) andi    a1, s11, -994
core   0: 3 0x800046ac (0xc1edf593) x11 0x00000000
core   0: 0x800046b0 (0x21feec93) ori     s9, t4, 543
core   0: 3 0x800046b0 (0x21feec93) x25 0x7f77971f
core   0: 0x800046b4 (0x01d59433) sll     s0, a1, t4
core   0: 3 0x800046b4 (0x01d59433) x 8 0x00000000
core   0: 0x800046b8 (0x01add6b3) srl     a3, s11, s10
core   0: 3 0x800046b8 (0x01add6b3) x13 0x00000000
core   0: 0x800046bc (0x418fdfb3) sra     t6, t6, s8
core   0: 3 0x800046bc (0x418fdfb3) x31 0xfffffffc
core   0: 0x800046c0 (0x406280b3) sub     ra, t0, t1
core   0: 3 0x800046c0 (0x406280b3) x 1 0xfffeb31c
core   0: 0x800046c4 (0x4102dd33) sra     s10, t0, a6
core   0: 3 0x800046c4 (0x4102dd33) x26 0x80000000
core   0: 0x800046c8 (0xe368c793) xori    a5, a7, -458
core   0: 3 0x800046c8 (0xe368c793) x15 0x7ffffe36
core   0: 0x800046cc (0x00faabb3) slt     s7, s5, a5
core   0: 3 0x800046cc (0x00faabb3) x23 0x00000000
core   0: 0x800046d0 (0x00c23833) sltu    a6, tp, a2
core   0: 3 0x800046d0 (0x00c23833) x16 0x00000001
core   0: 0x800046d4 (0x9fc9e113) ori     sp, s3, -1540
core   0: 3 0x800046d4 (0x9fc9e113) x 2 0xfffff9fc
core   0: 0x800046d8 (0x016e9db3) sll     s11, t4, s6
core   0: 3 0x800046d8 (0x016e9db3) x27 0x77950800
core   0: 0x800046dc (0x01d27933) and     s2, tp, t4
core   0: 3 0x800046dc (0x01d27933) x18 0x00000400
core   0: 0x800046e0 (0x001fdf93) srli    t6, t6, 1
core   0: 3 0x800046e0 (0x001fdf93) x31 0x7ffffffe
core   0: 0x800046e4 (0x56526f37) lui     t5, 0x56526
core   0: 3 0x800046e4 (0x56526f37) x30 0x56526000
core   0: 0x800046e8 (0x95377793) andi    a5, a4, -1709
core   0: 3 0x800046e8 (0x95377793) x15 0xdd814840
core   0: 0x800046ec (0xe90a2f13) slti    t5, s4, -368
core   0: 3 0x800046ec (0xe90a2f13) x30 0x00000000
core   0: 0x800046f0 (0x019827b3) slt     a5, a6, s9
core   0: 3 0x800046f0 (0x019827b3) x15 0x00000001
core   0: 0x800046f4 (0x41605e33) sra     t3, zero, s6
core   0: 3 0x800046f4 (0x41605e33) x28 0x00000000
core   0: 0x800046f8 (0xeff1b213) sltiu   tp, gp, -257
core   0: 3 0x800046f8 (0xeff1b213) x 4 0x00000001
core   0: 0x800046fc (0x0148b2b3) sltu    t0, a7, s4
core   0: 3 0x800046fc (0x0148b2b3) x 5 0x00000000
core   0: 0x80004700 (0xdb2a2293) slti    t0, s4, -590
core   0: 3 0x80004700 (0xdb2a2293) x 5 0x00000000
core   0: 0x80004704 (0x41aed013) srai    zero, t4, 26
core   0: 3 0x80004704 (0x41aed013)
core   0: 0x80004708 (0x0193feb3) and     t4, t2, s9
core   0: 3 0x80004708 (0x0193feb3) x29 0x00000000
core   0: 0x8000470c (0x46510b93) addi    s7, sp, 1125
core   0: 3 0x8000470c (0x46510b93) x23 0xfffffe61
core   0: 0x80004710 (0x6c17ed13) ori     s10, a5, 1729
core   0: 3 0x80004710 (0x6c17ed13) x26 0x000006c1
core   0: 0x80004714 (0x01a7e9b3) or      s3, a5, s10
core   0: 3 0x80004714 (0x01a7e9b3) x19 0x000006c1
core   0: 0x80004718 (0xf6d8bc13) sltiu   s8, a7, -147
core   0: 3 0x80004718 (0xf6d8bc13) x24 0x00000001
core   0: 0x8000471c (0x7f54b113) sltiu   sp, s1, 2037
core   0: 3 0x8000471c (0x7f54b113) x 2 0x00000000
core   0: 0x80004720 (0xdb41ee93) ori     t4, gp, -588
core   0: 3 0x80004720 (0xdb41ee93) x29 0xfffffdb4
core   0: 0x80004724 (0x00000013) nop
core   0: 3 0x80004724 (0x00000013)
core   0: 0x80004728 (0x244bcc93) xori    s9, s7, 580
core   0: 3 0x80004728 (0x244bcc93) x25 0xfffffc25
core   0: 0x8000472c (0x40760433) sub     s0, a2, t2
core   0: 3 0x8000472c (0x40760433) x 8 0x99fb8000
core   0: 0x80004730 (0x1da8f913) andi    s2, a7, 474
core   0: 3 0x80004730 (0x1da8f913) x18 0x00000000
core   0: 0x80004734 (0x01be96b3) sll     a3, t4, s11
core   0: 3 0x80004734 (0x01be96b3) x13 0xfffffdb4
core   0: 0x80004738 (0x40958133) sub     sp, a1, s1
core   0: 3 0x80004738 (0x40958133) x 2 0xd6aa0000
core   0: 0x8000473c (0x014066b3) or      a3, zero, s4
core   0: 3 0x8000473c (0x014066b3) x13 0x76719508
core   0: 0x80004740 (0x01fbda33) srl     s4, s7, t6
core   0: 3 0x80004740 (0x01fbda33) x20 0x00000003
core   0: 0x80004744 (0x009dd8b3) srl     a7, s11, s1
core   0: 3 0x80004744 (0x009dd8b3) x17 0x77950800
core   0: 0x80004748 (0x40bade93) srai    t4, s5, 11
core   0: 3 0x80004748 (0x40bade93) x29 0x000fffff
core   0: 0x8000474c (0x40655433) sra     s0, a0, t1
core   0: 3 0x8000474c (0x40655433) x 8 0xf80010e6
core   0: 0x80004750 (0x0144ab33) slt     s6, s1, s4
core   0: 3 0x80004750 (0x0144ab33) x22 0x00000000
core   0: 0x80004754 (0x01df3ab3) sltu    s5, t5, t4
core   0: 3 0x80004754 (0x01df3ab3) x21 0x00000001
core   0: 0x80004758 (0xcd502c13) slti    s8, zero, -811
core   0: 3 0x80004758 (0xcd502c13) x24 0x00000000
core   0: 0x8000475c (0x01d1dd13) srli    s10, gp, 29
core   0: 3 0x8000475c (0x01d1dd13) x26 0x00000000
core   0: 0x80004760 (0x41f85db3) sra     s11, a6, t6
core   0: 3 0x80004760 (0x41f85db3) x27 0x00000000
core   0: 0x80004764 (0x3ce82413) slti    s0, a6, 974
core   0: 3 0x80004764 (0x3ce82413) x 8 0x00000001
core   0: 0x80004768 (0xaef0e713) ori     a4, ra, -1297
core   0: 3 0x80004768 (0xaef0e713) x14 0xfffffbff
core   0: 0x8000476c (0x01e668b3) or      a7, a2, t5
core   0: 3 0x8000476c (0x01e668b3) x17 0x19fb8000
core   0: 0x80004770 (0x0bb1c493) xori    s1, gp, 187
core   0: 3 0x80004770 (0x0bb1c493) x 9 0x000000bb
core   0: 0x80004774 (0xc536b413) sltiu   s0, a3, -941
core   0: 3 0x80004774 (0xc536b413) x 8 0x00000001
core   0: 0x80004778 (0xe839f613) andi    a2, s3, -381
core   0: 3 0x80004778 (0xe839f613) x12 0x00000681
core   0: 0x8000477c (0xcca9e993) ori     s3, s3, -822
core   0: 3 0x8000477c (0xcca9e993) x19 0xfffffecb
core   0: 0x80004780 (0x01f47b33) and     s6, s0, t6
core   0: 3 0x80004780 (0x01f47b33) x22 0x00000000
core   0: 0x80004784 (0x00000013) nop
core   0: 3 0x80004784 (0x00000013)
core   0: 0x80004788 (0x00da8ab3) add     s5, s5, a3
core   0: 3 0x80004788 (0x00da8ab3) x21 0x76719509
core   0: 0x8000478c (0x018fdc33) srl     s8, t6, s8
core   0: 3 0x8000478c (0x018fdc33) x24 0x7ffffffe
core   0: 0x80004790 (0x01ec1193) slli    gp, s8, 30
core   0: 3 0x80004790 (0x01ec1193) x 3 0x80000000
core   0: 0x80004794 (0x015b4133) xor     sp, s6, s5
core   0: 3 0x80004794 (0x015b4133) x 2 0x76719509
core   0: 0x80004798 (0x09d5d097) auipc   ra, 0x9d5d
core   0: 3 0x80004798 (0x09d5d097) x 1 0x89d61798
core   0: 0x8000479c (0x149071b7) lui     gp, 0x14907
core   0: 3 0x8000479c (0x149071b7) x 3 0x14907000
core   0: 0x800047a0 (0x01adec33) or      s8, s11, s10
core   0: 3 0x800047a0 (0x01adec33) x24 0x00000000
core   0: 0x800047a4 (0x01d301b3) add     gp, t1, t4
core   0: 3 0x800047a4 (0x01d301b3) x 3 0x80114ce3
core   0: 0x800047a8 (0x018251b3) srl     gp, tp, s8
core   0: 3 0x800047a8 (0x018251b3) x 3 0x00000001
core   0: 0x800047ac (0x49314f13) xori    t5, sp, 1171
core   0: 3 0x800047ac (0x49314f13) x30 0x7671919a
core   0: 0x800047b0 (0x0020c1b3) xor     gp, ra, sp
core   0: 3 0x800047b0 (0x0020c1b3) x 3 0xffa78291
core   0: 0x800047b4 (0x401450b3) sra     ra, s0, ra
core   0: 3 0x800047b4 (0x401450b3) x 1 0x00000000
core   0: 0x800047b8 (0x00831193) slli    gp, t1, 8
core   0: 3 0x800047b8 (0x00831193) x 3 0x014ce400
core   0: 0x800047bc (0x00ec3733) sltu    a4, s8, a4
core   0: 3 0x800047bc (0x00ec3733) x14 0x00000001
core   0: 0x800047c0 (0x00000013) nop
core   0: 3 0x800047c0 (0x00000013)
core   0: 0x800047c4 (0x01d754b3) srl     s1, a4, t4
core   0: 3 0x800047c4 (0x01d754b3) x 9 0x00000000
core   0: 0x800047c8 (0x402cd033) sra     zero, s9, sp
core   0: 3 0x800047c8 (0x402cd033)
core   0: 0x800047cc (0x6c046a93) ori     s5, s0, 1728
core   0: 3 0x800047cc (0x6c046a93) x21 0x000006c1
core   0: 0x800047d0 (0x81af9017) auipc   zero, 0x81af9
core   0: 3 0x800047d0 (0x81af9017)
core   0: 0x800047d4 (0x01543f33) sltu    t5, s0, s5
core   0: 3 0x800047d4 (0x01543f33) x30 0x00000001
core   0: 0x800047d8 (0x014d5433) srl     s0, s10, s4
core   0: 3 0x800047d8 (0x014d5433) x 8 0x00000000
core   0: 0x800047dc (0x8c1df617) auipc   a2, 0x8c1df
core   0: 3 0x800047dc (0x8c1df617) x12 0x0c1e37dc
core   0: 0x800047e0 (0x004a1293) slli    t0, s4, 4
core   0: 3 0x800047e0 (0x004a1293) x 5 0x00000030
core   0: 0x800047e4 (0x8a65e293) ori     t0, a1, -1882
core   0: 3 0x800047e4 (0x8a65e293) x 5 0xfffff8a6
core   0: 0x800047e8 (0x9495a193) slti    gp, a1, -1719
core   0: 3 0x800047e8 (0x9495a193) x 3 0x00000000
core   0: 0x800047ec (0xf1450893) addi    a7, a0, -236
core   0: 3 0x800047ec (0xf1450893) x17 0x80010d78
core   0: 0x800047f0 (0x0005f433) and     s0, a1, zero
core   0: 3 0x800047f0 (0x0005f433) x 8 0x00000000
core   0: 0x800047f4 (0x33306213) ori     tp, zero, 819
core   0: 3 0x800047f4 (0x33306213) x 4 0x00000333
core   0: 0x800047f8 (0x40b4dbb3) sra     s7, s1, a1
core   0: 3 0x800047f8 (0x40b4dbb3) x23 0x00000000
core   0: 0x800047fc (0xb9b85717) auipc   a4, 0xb9b85
core   0: 3 0x800047fc (0xb9b85717) x14 0x39b897fc
core   0: 0x80004800 (0x01b17133) and     sp, sp, s11
core   0: 3 0x80004800 (0x01b17133) x 2 0x00000000
core   0: 0x80004804 (0x19ad7f13) andi    t5, s10, 410
core   0: 3 0x80004804 (0x19ad7f13) x30 0x00000000
core   0: 0x80004808 (0x47843697) auipc   a3, 0x47843
core   0: 3 0x80004808 (0x47843697) x13 0xc7847808
core   0: 0x8000480c (0x0129d733) srl     a4, s3, s2
core   0: 3 0x8000480c (0x0129d733) x14 0xfffffecb
core   0: 0x80004810 (0x01f41d13) slli    s10, s0, 31
core   0: 3 0x80004810 (0x01f41d13) x26 0x00000000
core   0: 0x80004814 (0xc03dbe13) sltiu   t3, s11, -1021
core   0: 3 0x80004814 (0xc03dbe13) x28 0x00000001
core   0: 0x80004818 (0x402bd5b3) sra     a1, s7, sp
core   0: 3 0x80004818 (0x402bd5b3) x11 0x00000000
core   0: 0x8000481c (0xc5d53017) auipc   zero, 0xc5d53
core   0: 3 0x8000481c (0xc5d53017)
core   0: 0x80004820 (0x012b54b3) srl     s1, s6, s2
core   0: 3 0x80004820 (0x012b54b3) x 9 0x00000000
core   0: 0x80004824 (0x01f351b3) srl     gp, t1, t6
core   0: 3 0x80004824 (0x01f351b3) x 3 0x00000002
core   0: 0x80004828 (0x00b2e693) ori     a3, t0, 11
core   0: 3 0x80004828 (0x00b2e693) x13 0xfffff8af
core   0: 0x8000482c (0x018b1b13) slli    s6, s6, 24
core   0: 3 0x8000482c (0x018b1b13) x22 0x00000000
core   0: 0x80004830 (0x4180d293) srai    t0, ra, 24
core   0: 3 0x80004830 (0x4180d293) x 5 0x00000000
core   0: 0x80004834 (0x008ebb33) sltu    s6, t4, s0
core   0: 3 0x80004834 (0x008ebb33) x22 0x00000000
core   0: 0x80004838 (0x01a8a633) slt     a2, a7, s10
core   0: 3 0x80004838 (0x01a8a633) x12 0x00000001
core   0: 0x8000483c (0x40205893) srai    a7, zero, 2
core   0: 3 0x8000483c (0x40205893) x17 0x00000000
core   0: 0x80004840 (0x00ac25b3) slt     a1, s8, a0
core   0: 3 0x80004840 (0x00ac25b3) x11 0x00000000
core   0: 0x80004844 (0xe182b693) sltiu   a3, t0, -488
core   0: 3 0x80004844 (0xe182b693) x13 0x00000001
core   0: 0x80004848 (0x00f288b3) add     a7, t0, a5
core   0: 3 0x80004848 (0x00f288b3) x17 0x00000001
core   0: 0x8000484c (0x0111da13) srli    s4, gp, 17
core   0: 3 0x8000484c (0x0111da13) x20 0x00000000
core   0: 0x80004850 (0x0062cfb3) xor     t6, t0, t1
core   0: 3 0x80004850 (0x0062cfb3) x31 0x80014ce4
core   0: 0x80004854 (0x0116a9b3) slt     s3, a3, a7
core   0: 3 0x80004854 (0x0116a9b3) x19 0x00000000
core   0: 0x80004858 (0x000b2ab3) slt     s5, s6, zero
core   0: 3 0x80004858 (0x000b2ab3) x21 0x00000000
core   0: 0x8000485c (0x8cf53893) sltiu   a7, a0, -1841
core   0: 3 0x8000485c (0x8cf53893) x17 0x00000001
core   0: 0x80004860 (0xbc2be913) ori     s2, s7, -1086
core   0: 3 0x80004860 (0xbc2be913) x18 0xfffffbc2
core   0: 0x80004864 (0x01ec70b3) and     ra, s8, t5
core   0: 3 0x80004864 (0x01ec70b3) x 1 0x00000000
core   0: 0x80004868 (0x22c1c413) xori    s0, gp, 556
core   0: 3 0x80004868 (0x22c1c413) x 8 0x0000022e
core   0: 0x8000486c (0x003d0233) add     tp, s10, gp
core   0: 3 0x8000486c (0x003d0233) x 4 0x00000002
core   0: 0x80004870 (0x00000013) nop
core   0: 3 0x80004870 (0x00000013)
core   0: 0x80004874 (0x403edbb7) lui     s7, 0x403ed
core   0: 3 0x80004874 (0x403edbb7) x23 0x403ed000
core   0: 0x80004878 (0x00a29d13) slli    s10, t0, 10
core   0: 3 0x80004878 (0x00a29d13) x26 0x00000000
core   0: 0x8000487c (0x402c8733) sub     a4, s9, sp
core   0: 3 0x8000487c (0x402c8733) x14 0xfffffc25
core   0: 0x80004880 (0xa9cdb713) sltiu   a4, s11, -1380
core   0: 3 0x80004880 (0xa9cdb713) x14 0x00000001
core   0: 0x80004884 (0x00a2bcb3) sltu    s9, t0, a0
core   0: 3 0x80004884 (0x00a2bcb3) x25 0x00000001
core   0: 0x80004888 (0x405707b3) sub     a5, a4, t0
core   0: 3 0x80004888 (0x405707b3) x15 0x00000001
core   0: 0x8000488c (0xbfb85a37) lui     s4, 0xbfb85
core   0: 3 0x8000488c (0xbfb85a37) x20 0xbfb85000
core   0: 0x80004890 (0x1499b193) sltiu   gp, s3, 329
core   0: 3 0x80004890 (0x1499b193) x 3 0x00000001
core   0: 0x80004894 (0x0034dbb3) srl     s7, s1, gp
core   0: 3 0x80004894 (0x0034dbb3) x23 0x00000000
core   0: 0x80004898 (0x08222113) slti    sp, tp, 130
core   0: 3 0x80004898 (0x08222113) x 2 0x00000001
core   0: 0x8000489c (0x0171fcb3) and     s9, gp, s7
core   0: 3 0x8000489c (0x0171fcb3) x25 0x00000000
core   0: 0x800048a0 (0x00251b93) slli    s7, a0, 2
core   0: 3 0x800048a0 (0x00251b93) x23 0x00043990
core   0: 0x800048a4 (0x40bc5113) srai    sp, s8, 11
core   0: 3 0x800048a4 (0x40bc5113) x 2 0x00000000
core   0: 0x800048a8 (0x7b894c93) xori    s9, s2, 1976
core   0: 3 0x800048a8 (0x7b894c93) x25 0xfffffc7a
core   0: 0x800048ac (0xd7a7c813) xori    a6, a5, -646
core   0: 3 0x800048ac (0xd7a7c813) x16 0xfffffd7b
core   0: 0x800048b0 (0x00586db3) or      s11, a6, t0
core   0: 3 0x800048b0 (0x00586db3) x27 0xfffffd7b
core   0: 0x800048b4 (0x4cd02e13) slti    t3, zero, 1229
core   0: 3 0x800048b4 (0x4cd02e13) x28 0x00000001
core   0: 0x800048b8 (0x1f030f13) addi    t5, t1, 496
core   0: 3 0x800048b8 (0x1f030f13) x30 0x80014ed4
core   0: 0x800048bc (0x00349933) sll     s2, s1, gp
core   0: 3 0x800048bc (0x00349933) x18 0x00000000
core   0: 0x800048c0 (0xb6b1c093) xori    ra, gp, -1173
core   0: 3 0x800048c0 (0xb6b1c093) x 1 0xfffffb6a
core   0: 0x800048c4 (0x41b7d593) srai    a1, a5, 27
core   0: 3 0x800048c4 (0x41b7d593) x11 0x00000000
core   0: 0x800048c8 (0x40d20db3) sub     s11, tp, a3
core   0: 3 0x800048c8 (0x40d20db3) x27 0x00000001
core   0: 0x800048cc (0x00332233) slt     tp, t1, gp
core   0: 3 0x800048cc (0x00332233) x 4 0x00000001
core   0: 0x800048d0 (0x9832e013) ori     zero, t0, -1661
core   0: 3 0x800048d0 (0x9832e013)
core   0: 0x800048d4 (0xdc847013) andi    zero, s0, -568
core   0: 3 0x800048d4 (0xdc847013)
core   0: 0x800048d8 (0x4121dd33) sra     s10, gp, s2
core   0: 3 0x800048d8 (0x4121dd33) x26 0x00000001
core   0: 0x800048dc (0x002acc33) xor     s8, s5, sp
core   0: 3 0x800048dc (0x002acc33) x24 0x00000000
core   0: 0x800048e0 (0x41348433) sub     s0, s1, s3
core   0: 3 0x800048e0 (0x41348433) x 8 0x00000000
core   0: 0x800048e4 (0xa92dceb7) lui     t4, 0xa92dc
core   0: 3 0x800048e4 (0xa92dceb7) x29 0xa92dc000
core   0: 0x800048e8 (0x2bc2f913) andi    s2, t0, 700
core   0: 3 0x800048e8 (0x2bc2f913) x18 0x00000000
core   0: 0x800048ec (0x01d65733) srl     a4, a2, t4
core   0: 3 0x800048ec (0x01d65733) x14 0x00000001
core   0: 0x800048f0 (0x00dbdc93) srli    s9, s7, 13
core   0: 3 0x800048f0 (0x00dbdc93) x25 0x00000021
core   0: 0x800048f4 (0x00000013) nop
core   0: 3 0x800048f4 (0x00000013)
core   0: 0x800048f8 (0x001209b3) add     s3, tp, ra
core   0: 3 0x800048f8 (0x001209b3) x19 0xfffffb6b
core   0: 0x800048fc (0x418adfb7) lui     t6, 0x418ad
core   0: 3 0x800048fc (0x418adfb7) x31 0x418ad000
core   0: 0x80004900 (0x01edf833) and     a6, s11, t5
core   0: 3 0x80004900 (0x01edf833) x16 0x00000000
core   0: 0x80004904 (0x41fbda13) srai    s4, s7, 31
core   0: 3 0x80004904 (0x41fbda13) x20 0x00000000
core   0: 0x80004908 (0x010f2eb3) slt     t4, t5, a6
core   0: 3 0x80004908 (0x010f2eb3) x29 0x00000001
core   0: 0x8000490c (0xa677e893) ori     a7, a5, -1433
core   0: 3 0x8000490c (0xa677e893) x17 0xfffffa67
core   0: 0x80004910 (0xa11cb793) sltiu   a5, s9, -1519
core   0: 3 0x80004910 (0xa11cb793) x15 0x00000001
core   0: 0x80004914 (0x0025c033) xor     zero, a1, sp
core   0: 3 0x80004914 (0x0025c033)
core   0: 0x80004918 (0x0097f4b3) and     s1, a5, s1
core   0: 3 0x80004918 (0x0097f4b3) x 9 0x00000000
core   0: 0x8000491c (0x414ed693) srai    a3, t4, 20
core   0: 3 0x8000491c (0x414ed693) x13 0x00000000
core   0: 0x80004920 (0x41d78f33) sub     t5, a5, t4
core   0: 3 0x80004920 (0x41d78f33) x30 0x00000000
core   0: 0x80004924 (0x015810b3) sll     ra, a6, s5
core   0: 3 0x80004924 (0x015810b3) x 1 0x00000000
core   0: 0x80004928 (0x0173c433) xor     s0, t2, s7
core   0: 3 0x80004928 (0x0173c433) x 8 0x80043990
core   0: 0x8000492c (0x019a42b3) xor     t0, s4, s9
core   0: 3 0x8000492c (0x019a42b3) x 5 0x00000021
core   0: 0x80004930 (0x1eeb2f13) slti    t5, s6, 494
core   0: 3 0x80004930 (0x1eeb2f13) x30 0x00000001
core   0: 0x80004934 (0x00299eb3) sll     t4, s3, sp
core   0: 3 0x80004934 (0x00299eb3) x29 0xfffffb6b
core   0: 0x80004938 (0x3ed0c213) xori    tp, ra, 1005
core   0: 3 0x80004938 (0x3ed0c213) x 4 0x000003ed
core   0: 0x8000493c (0x013e5c33) srl     s8, t3, s3
core   0: 3 0x8000493c (0x013e5c33) x24 0x00000000
core   0: 0x80004940 (0xdcd6bdb7) lui     s11, 0xdcd6b
core   0: 3 0x80004940 (0xdcd6bdb7) x27 0xdcd6b000
core   0: 0x80004944 (0xd2807e93) andi    t4, zero, -728
core   0: 3 0x80004944 (0xd2807e93) x29 0x00000000
core   0: 0x80004948 (0x40a282b3) sub     t0, t0, a0
core   0: 3 0x80004948 (0x40a282b3) x 5 0x7ffef1bd
core   0: 0x8000494c (0x43056d13) ori     s10, a0, 1072
core   0: 3 0x8000494c (0x43056d13) x26 0x80010e74
core   0: 0x80004950 (0x40b98cb3) sub     s9, s3, a1
core   0: 3 0x80004950 (0x40b98cb3) x25 0xfffffb6b
core   0: 0x80004954 (0x40db5c33) sra     s8, s6, a3
core   0: 3 0x80004954 (0x40db5c33) x24 0x00000000
core   0: 0x80004958 (0x005a27b3) slt     a5, s4, t0
core   0: 3 0x80004958 (0x005a27b3) x15 0x00000001
core   0: 0x8000495c (0x00be5f13) srli    t5, t3, 11
core   0: 3 0x8000495c (0x00be5f13) x30 0x00000000
core   0: 0x80004960 (0x4180d213) srai    tp, ra, 24
core   0: 3 0x80004960 (0x4180d213) x 4 0x00000000
core   0: 0x80004964 (0x9a896f13) ori     t5, s2, -1624
core   0: 3 0x80004964 (0x9a896f13) x30 0xfffff9a8
core   0: 0x80004968 (0x597eb093) sltiu   ra, t4, 1431
core   0: 3 0x80004968 (0x597eb093) x 1 0x00000001
core   0: 0x8000496c (0x807a2893) slti    a7, s4, -2041
core   0: 3 0x8000496c (0x807a2893) x17 0x00000000
core   0: 0x80004970 (0x00c99033) sll     zero, s3, a2
core   0: 3 0x80004970 (0x00c99033)
core   0: 0x80004974 (0x00b8f933) and     s2, a7, a1
core   0: 3 0x80004974 (0x00b8f933) x18 0x00000000
core   0: 0x80004978 (0xe1e5b193) sltiu   gp, a1, -482
core   0: 3 0x80004978 (0xe1e5b193) x 3 0x00000001
core   0: 0x8000497c (0x01051fb3) sll     t6, a0, a6
core   0: 3 0x8000497c (0x01051fb3) x31 0x80010e64
core   0: 0x80004980 (0x018d3d33) sltu    s10, s10, s8
core   0: 3 0x80004980 (0x018d3d33) x26 0x00000000
core   0: 0x80004984 (0x002746b3) xor     a3, a4, sp
core   0: 3 0x80004984 (0x002746b3) x13 0x00000001
core   0: 0x80004988 (0x78f3eb97) auipc   s7, 0x78f3e
core   0: 3 0x80004988 (0x78f3eb97) x23 0xf8f42988
core   0: 0x8000498c (0x403804b3) sub     s1, a6, gp
core   0: 3 0x8000498c (0x403804b3) x 9 0xffffffff
core   0: 0x80004990 (0x01df98b3) sll     a7, t6, t4
core   0: 3 0x80004990 (0x01df98b3) x17 0x80010e64
core   0: 0x80004994 (0x01c99d93) slli    s11, s3, 28
core   0: 3 0x80004994 (0x01c99d93) x27 0xb0000000
core   0: 0x80004998 (0x410400b3) sub     ra, s0, a6
core   0: 3 0x80004998 (0x410400b3) x 1 0x80043990
core   0: 0x8000499c (0x41b6d193) srai    gp, a3, 27
core   0: 3 0x8000499c (0x41b6d193) x 3 0x00000000
core   0: 0x800049a0 (0x00f129b3) slt     s3, sp, a5
core   0: 3 0x800049a0 (0x00f129b3) x19 0x00000001
core   0: 0x800049a4 (0x18c42713) slti    a4, s0, 396
core   0: 3 0x800049a4 (0x18c42713) x14 0x00000001
core   0: 0x800049a8 (0x27bac297) auipc   t0, 0x27bac
core   0: 3 0x800049a8 (0x27bac297) x 5 0xa7bb09a8
core   0: 0x800049ac (0x0080c733) xor     a4, ra, s0
core   0: 3 0x800049ac (0x0080c733) x14 0x00000000
core   0: 0x800049b0 (0x409c5593) srai    a1, s8, 9
core   0: 3 0x800049b0 (0x409c5593) x11 0x00000000
core   0: 0x800049b4 (0x411bd793) srai    a5, s7, 17
core   0: 3 0x800049b4 (0x411bd793) x15 0xfffffc7a
core   0: 0x800049b8 (0x0014ce33) xor     t3, s1, ra
core   0: 3 0x800049b8 (0x0014ce33) x28 0x7ffbc66f
core   0: 0x800049bc (0xcc02c1b7) lui     gp, 0xcc02c
core   0: 3 0x800049bc (0xcc02c1b7) x 3 0xcc02c000
core   0: 0x800049c0 (0x901a7e13) andi    t3, s4, -1791
core   0: 3 0x800049c0 (0x901a7e13) x28 0x00000000
core   0: 0x800049c4 (0x93fde493) ori     s1, s11, -1729
core   0: 3 0x800049c4 (0x93fde493) x 9 0xfffff93f
core   0: 0x800049c8 (0x46b03013) sltiu   zero, zero, 1131
core   0: 3 0x800049c8 (0x46b03013)
core   0: 0x800049cc (0x014922b3) slt     t0, s2, s4
core   0: 3 0x800049cc (0x014922b3) x 5 0x00000000
core   0: 0x800049d0 (0xb25cec13) ori     s8, s9, -1243
core   0: 3 0x800049d0 (0xb25cec13) x24 0xfffffb6f
core   0: 0x800049d4 (0x416f5d13) srai    s10, t5, 22
core   0: 3 0x800049d4 (0x416f5d13) x26 0xffffffff
core   0: 0x800049d8 (0x61cda437) lui     s0, 0x61cda
core   0: 3 0x800049d8 (0x61cda437) x 8 0x61cda000
core   0: 0x800049dc (0xbb353993) sltiu   s3, a0, -1101
core   0: 3 0x800049dc (0xbb353993) x19 0x00000001
core   0: 0x800049e0 (0x4145d4b3) sra     s1, a1, s4
core   0: 3 0x800049e0 (0x4145d4b3) x 9 0x00000000
core   0: 0x800049e4 (0x01c1e633) or      a2, gp, t3
core   0: 3 0x800049e4 (0x01c1e633) x12 0xcc02c000
core   0: 0x800049e8 (0x014149b3) xor     s3, sp, s4
core   0: 3 0x800049e8 (0x014149b3) x19 0x00000000
core   0: 0x800049ec (0x41eb5f33) sra     t5, s6, t5
core   0: 3 0x800049ec (0x41eb5f33) x30 0x00000000
core   0: 0x800049f0 (0xa02f3293) sltiu   t0, t5, -1534
core   0: 3 0x800049f0 (0xa02f3293) x 5 0x00000001
core   0: 0x800049f4 (0x00000013) nop
core   0: 3 0x800049f4 (0x00000013)
core   0: 0x800049f8 (0x01251813) slli    a6, a0, 18
core   0: 3 0x800049f8 (0x01251813) x16 0x39900000
core   0: 0x800049fc (0x02f46837) lui     a6, 0x2f46
core   0: 3 0x800049fc (0x02f46837) x16 0x02f46000
core   0: 0x80004a00 (0x41d086b3) sub     a3, ra, t4
core   0: 3 0x80004a00 (0x41d086b3) x13 0x80043990
core   0: 0x80004a04 (0x6292eb13) ori     s6, t0, 1577
core   0: 3 0x80004a04 (0x6292eb13) x22 0x00000629
core   0: 0x80004a08 (0xf00b8c13) addi    s8, s7, -256
core   0: 3 0x80004a08 (0xf00b8c13) x24 0xf8f42888
core   0: 0x80004a0c (0x3e394813) xori    a6, s2, 995
core   0: 3 0x80004a0c (0x3e394813) x16 0x000003e3
core   0: 0x80004a10 (0x01134e33) xor     t3, t1, a7
core   0: 3 0x80004a10 (0x01134e33) x28 0x00004280
core   0: 0x80004a14 (0x01d33bb3) sltu    s7, t1, t4
core   0: 3 0x80004a14 (0x01d33bb3) x23 0x00000000
core   0: 0x80004a18 (0x00f26eb3) or      t4, tp, a5
core   0: 3 0x80004a18 (0x00f26eb3) x29 0xfffffc7a
core   0: 0x80004a1c (0x41d9df13) srai    t5, s3, 29
core   0: 3 0x80004a1c (0x41d9df13) x30 0x00000000
core   0: 0x80004a20 (0x018ebdb3) sltu    s11, t4, s8
core   0: 3 0x80004a20 (0x018ebdb3) x27 0x00000000
core   0: 0x80004a24 (0x4122d033) sra     zero, t0, s2
core   0: 3 0x80004a24 (0x4122d033)
core   0: 0x80004a28 (0x01eec433) xor     s0, t4, t5
core   0: 3 0x80004a28 (0x01eec433) x 8 0xfffffc7a
core   0: 0x80004a2c (0x00000013) nop
core   0: 3 0x80004a2c (0x00000013)
core   0: 0x80004a30 (0x8c40f693) andi    a3, ra, -1852
core   0: 3 0x80004a30 (0x8c40f693) x13 0x80043880
core   0: 0x80004a34 (0x016768b3) or      a7, a4, s6
core   0: 3 0x80004a34 (0x016768b3) x17 0x00000629
core   0: 0x80004a38 (0x009292b3) sll     t0, t0, s1
core   0: 3 0x80004a38 (0x009292b3) x 5 0x00000001
core   0: 0x80004a3c (0xcd228593) addi    a1, t0, -814
core   0: 3 0x80004a3c (0xcd228593) x11 0xfffffcd3
core   0: 0x80004a40 (0x006e6633) or      a2, t3, t1
core   0: 3 0x80004a40 (0x006e6633) x12 0x80014ee4
core   0: 0x80004a44 (0x00e39013) slli    zero, t2, 14
core   0: 3 0x80004a44 (0x00e39013)
core   0: 0x80004a48 (0xfe1a9837) lui     a6, 0xfe1a9
core   0: 3 0x80004a48 (0xfe1a9837) x16 0xfe1a9000
core   0: 0x80004a4c (0x01d9ff33) and     t5, s3, t4
core   0: 3 0x80004a4c (0x01d9ff33) x30 0x00000000
core   0: 0x80004a50 (0xcefe3917) auipc   s2, 0xcefe3
core   0: 3 0x80004a50 (0xcefe3917) x18 0x4efe7a50
core   0: 0x80004a54 (0x00ad5d13) srli    s10, s10, 10
core   0: 3 0x80004a54 (0x00ad5d13) x26 0x003fffff
core   0: 0x80004a58 (0x410dd833) sra     a6, s11, a6
core   0: 3 0x80004a58 (0x410dd833) x16 0x00000000
core   0: 0x80004a5c (0x01198133) add     sp, s3, a7
core   0: 3 0x80004a5c (0x01198133) x 2 0x00000629
core   0: 0x80004a60 (0x825aad13) slti    s10, s5, -2011
core   0: 3 0x80004a60 (0x825aad13) x26 0x00000000
core   0: 0x80004a64 (0x400989b3) sub     s3, s3, zero
core   0: 3 0x80004a64 (0x400989b3) x19 0x00000000
core   0: 0x80004a68 (0x3b4f4593) xori    a1, t5, 948
core   0: 3 0x80004a68 (0x3b4f4593) x11 0x000003b4
core   0: 0x80004a6c (0x01cf1213) slli    tp, t5, 28
core   0: 3 0x80004a6c (0x01cf1213) x 4 0x00000000
core   0: 0x80004a70 (0x5b4d3993) sltiu   s3, s10, 1460
core   0: 3 0x80004a70 (0x5b4d3993) x19 0x00000001
core   0: 0x80004a74 (0x22ffb713) sltiu   a4, t6, 559
core   0: 3 0x80004a74 (0x22ffb713) x14 0x00000000
core   0: 0x80004a78 (0x8039ab97) auipc   s7, 0x8039a
core   0: 3 0x80004a78 (0x8039ab97) x23 0x0039ea78
core   0: 0x80004a7c (0x01113c33) sltu    s8, sp, a7
core   0: 3 0x80004a7c (0x01113c33) x24 0x00000000
core   0: 0x80004a80 (0x0160dc13) srli    s8, ra, 22
core   0: 3 0x80004a80 (0x0160dc13) x24 0x00000200
core   0: 0x80004a84 (0x0003c5b3) xor     a1, t2, zero
core   0: 3 0x80004a84 (0x0003c5b3) x11 0x80000000
core   0: 0x80004a88 (0x01081bb3) sll     s7, a6, a6
core   0: 3 0x80004a88 (0x01081bb3) x23 0x00000000
core   0: 0x80004a8c (0xf2ca7b13) andi    s6, s4, -212
core   0: 3 0x80004a8c (0xf2ca7b13) x22 0x00000000
core   0: 0x80004a90 (0xa7736893) ori     a7, t1, -1417
core   0: 3 0x80004a90 (0xa7736893) x17 0xfffffef7
core   0: 0x80004a94 (0x4977bc13) sltiu   s8, a5, 1175
core   0: 3 0x80004a94 (0x4977bc13) x24 0x00000000
core   0: 0x80004a98 (0x011c2433) slt     s0, s8, a7
core   0: 3 0x80004a98 (0x011c2433) x 8 0x00000000
core   0: 0x80004a9c (0x018cbb33) sltu    s6, s9, s8
core   0: 3 0x80004a9c (0x018cbb33) x22 0x00000000
core   0: 0x80004aa0 (0xf45fbd17) auipc   s10, 0xf45fb
core   0: 3 0x80004aa0 (0xf45fbd17) x26 0x745ffaa0
core   0: 0x80004aa4 (0x01601133) sll     sp, zero, s6
core   0: 3 0x80004aa4 (0x01601133) x 2 0x00000000
core   0: 0x80004aa8 (0x007b6bb3) or      s7, s6, t2
core   0: 3 0x80004aa8 (0x007b6bb3) x23 0x80000000
core   0: 0x80004aac (0xe0b1b193) sltiu   gp, gp, -501
core   0: 3 0x80004aac (0xe0b1b193) x 3 0x00000001
core   0: 0x80004ab0 (0x01c95b13) srli    s6, s2, 28
core   0: 3 0x80004ab0 (0x01c95b13) x22 0x00000004
core   0: 0x80004ab4 (0x01793033) sltu    zero, s2, s7
core   0: 3 0x80004ab4 (0x01793033)
core   0: 0x80004ab8 (0x00895f33) srl     t5, s2, s0
core   0: 3 0x80004ab8 (0x00895f33) x30 0x4efe7a50
core   0: 0x80004abc (0x49ff4a93) xori    s5, t5, 1183
core   0: 3 0x80004abc (0x49ff4a93) x21 0x4efe7ecf
core   0: 0x80004ac0 (0x41cf0cb3) sub     s9, t5, t3
core   0: 3 0x80004ac0 (0x41cf0cb3) x25 0x4efe37d0
core   0: 0x80004ac4 (0x40d9de13) srai    t3, s3, 13
core   0: 3 0x80004ac4 (0x40d9de13) x28 0x00000000
core   0: 0x80004ac8 (0x005bf733) and     a4, s7, t0
core   0: 3 0x80004ac8 (0x005bf733) x14 0x00000000
core   0: 0x80004acc (0x415d8433) sub     s0, s11, s5
core   0: 3 0x80004acc (0x415d8433) x 8 0xb1018131
core   0: 0x80004ad0 (0xe27ca493) slti    s1, s9, -473
core   0: 3 0x80004ad0 (0xe27ca493) x 9 0x00000000
core   0: 0x80004ad4 (0xf4cf0913) addi    s2, t5, -180
core   0: 3 0x80004ad4 (0xf4cf0913) x18 0x4efe799c
core   0: 0x80004ad8 (0x01899833) sll     a6, s3, s8
core   0: 3 0x80004ad8 (0x01899833) x16 0x00000001
core   0: 0x80004adc (0x00000013) nop
core   0: 3 0x80004adc (0x00000013)
core   0: 0x80004ae0 (0x7785b213) sltiu   tp, a1, 1912
core   0: 3 0x80004ae0 (0x7785b213) x 4 0x00000000
core   0: 0x80004ae4 (0x007d1a93) slli    s5, s10, 7
core   0: 3 0x80004ae4 (0x007d1a93) x21 0x2ffd5000
core   0: 0x80004ae8 (0x41ea01b3) sub     gp, s4, t5
core   0: 3 0x80004ae8 (0x41ea01b3) x 3 0xb10185b0
core   0: 0x80004aec (0x411c85b3) sub     a1, s9, a7
core   0: 3 0x80004aec (0x411c85b3) x11 0x4efe38d9
core   0: 0x80004af0 (0x00b0db13) srli    s6, ra, 11
core   0: 3 0x80004af0 (0x00b0db13) x22 0x00100087
core   0: 0x80004af4 (0x00413033) sltu    zero, sp, tp
core   0: 3 0x80004af4 (0x00413033)
core   0: 0x80004af8 (0x00c78133) add     sp, a5, a2
core   0: 3 0x80004af8 (0x00c78133) x 2 0x80014b5e
core   0: 0x80004afc (0x400d8db3) sub     s11, s11, zero
core   0: 3 0x80004afc (0x400d8db3) x27 0x00000000
core   0: 0x80004b00 (0x41e159b3) sra     s3, sp, t5
core   0: 3 0x80004b00 (0x41e159b3) x19 0xffff8001
core   0: 0x80004b04 (0x0083bab3) sltu    s5, t2, s0
core   0: 3 0x80004b04 (0x0083bab3) x21 0x00000001
core   0: 0x80004b08 (0x4070db13) srai    s6, ra, 7
core   0: 3 0x80004b08 (0x4070db13) x22 0xff000873
core   0: 0x80004b0c (0xcab4af93) slti    t6, s1, -853
core   0: 3 0x80004b0c (0xcab4af93) x31 0x00000000
core   0: 0x80004b10 (0x01fa4a33) xor     s4, s4, t6
core   0: 3 0x80004b10 (0x01fa4a33) x20 0x00000000
core   0: 0x80004b14 (0x19d0a737) lui     a4, 0x19d0a
core   0: 3 0x80004b14 (0x19d0a737) x14 0x19d0a000
core   0: 0x80004b18 (0x00d138b3) sltu    a7, sp, a3
core   0: 3 0x80004b18 (0x00d138b3) x17 0x00000001
core   0: 0x80004b1c (0x017c1493) slli    s1, s8, 23
core   0: 3 0x80004b1c (0x017c1493) x 9 0x00000000
core   0: 0x80004b20 (0x00362cb3) slt     s9, a2, gp
core   0: 3 0x80004b20 (0x00362cb3) x25 0x00000001
core   0: 0x80004b24 (0x00c03cb3) snez    s9, a2
core   0: 3 0x80004b24 (0x00c03cb3) x25 0x00000001
core   0: 0x80004b28 (0x40865fb3) sra     t6, a2, s0
core   0: 3 0x80004b28 (0x40865fb3) x31 0xffffc000
core   0: 0x80004b2c (0x40bcd9b3) sra     s3, s9, a1
core   0: 3 0x80004b2c (0x40bcd9b3) x19 0x00000000
core   0: 0x80004b30 (0x01a81db3) sll     s11, a6, s10
core   0: 3 0x80004b30 (0x01a81db3) x27 0x00000001
core   0: 0x80004b34 (0x00000013) nop
core   0: 3 0x80004b34 (0x00000013)
core   0: 0x80004b38 (0x40dc5133) sra     sp, s8, a3
core   0: 3 0x80004b38 (0x40dc5133) x 2 0x00000000
core   0: 0x80004b3c (0x01e2feb3) and     t4, t0, t5
core   0: 3 0x80004b3c (0x01e2feb3) x29 0x00000000
core   0: 0x80004b40 (0x322a4cb7) lui     s9, 0x322a4
core   0: 3 0x80004b40 (0x322a4cb7) x25 0x322a4000
core   0: 0x80004b44 (0x41a455b3) sra     a1, s0, s10
core   0: 3 0x80004b44 (0x41a455b3) x11 0xb1018131
core   0: 0x80004b48 (0xf0294c93) xori    s9, s2, -254
core   0: 3 0x80004b48 (0xf0294c93) x25 0xb101869e
core   0: 0x80004b4c (0xeb293b97) auipc   s7, 0xeb293
core   0: 3 0x80004b4c (0xeb293b97) x23 0x6b297b4c
core   0: 0x80004b50 (0x01c6dbb3) srl     s7, a3, t3
core   0: 3 0x80004b50 (0x01c6dbb3) x23 0x80043880
core   0: 0x80004b54 (0x00000013) nop
core   0: 3 0x80004b54 (0x00000013)
core   0: 0x80004b58 (0x0181b733) sltu    a4, gp, s8
core   0: 3 0x80004b58 (0x0181b733) x14 0x00000000
core   0: 0x80004b5c (0x00000013) nop
core   0: 3 0x80004b5c (0x00000013)
core   0: 0x80004b60 (0x01d962b3) or      t0, s2, t4
core   0: 3 0x80004b60 (0x01d962b3) x 5 0x4efe799c
core   0: 0x80004b64 (0x20ff8013) addi    zero, t6, 527
core   0: 3 0x80004b64 (0x20ff8013)
core   0: 0x80004b68 (0x002a07b3) add     a5, s4, sp
core   0: 3 0x80004b68 (0x002a07b3) x15 0x00000000
core   0: 0x80004b6c (0xba5a6713) ori     a4, s4, -1115
core   0: 3 0x80004b6c (0xba5a6713) x14 0xfffffba5
core   0: 0x80004b70 (0x00942133) slt     sp, s0, s1
core   0: 3 0x80004b70 (0x00942133) x 2 0x00000001
core   0: 0x80004b74 (0x006d67b3) or      a5, s10, t1
core   0: 3 0x80004b74 (0x006d67b3) x15 0xf45ffee4
core   0: 0x80004b78 (0x0088b633) sltu    a2, a7, s0
core   0: 3 0x80004b78 (0x0088b633) x12 0x00000001
core   0: 0x80004b7c (0x00799593) slli    a1, s3, 7
core   0: 3 0x80004b7c (0x00799593) x11 0x00000000
core   0: 0x80004b80 (0x01051913) slli    s2, a0, 16
core   0: 3 0x80004b80 (0x01051913) x18 0x0e640000
core   0: 0x80004b84 (0xdcd26b93) ori     s7, tp, -563
core   0: 3 0x80004b84 (0xdcd26b93) x23 0xfffffdcd
core   0: 0x80004b88 (0x81163f13) sltiu   t5, a2, -2031
core   0: 3 0x80004b88 (0x81163f13) x30 0x00000001
core   0: 0x80004b8c (0x00388b33) add     s6, a7, gp
core   0: 3 0x80004b8c (0x00388b33) x22 0xb10185b1
core   0: 0x80004b90 (0x534a2693) slti    a3, s4, 1332
core   0: 3 0x80004b90 (0x534a2693) x13 0x00000001
core   0: 0x80004b94 (0x00bc50b3) srl     ra, s8, a1
core   0: 3 0x80004b94 (0x00bc50b3) x 1 0x00000000
core   0: 0x80004b98 (0x00be0c33) add     s8, t3, a1
core   0: 3 0x80004b98 (0x00be0c33) x24 0x00000000
core   0: 0x80004b9c (0x011a1793) slli    a5, s4, 17
core   0: 3 0x80004b9c (0x011a1793) x15 0x00000000
core   0: 0x80004ba0 (0xde082093) slti    ra, a6, -544
core   0: 3 0x80004ba0 (0xde082093) x 1 0x00000000
core   0: 0x80004ba4 (0x2326e013) ori     zero, a3, 562
core   0: 3 0x80004ba4 (0x2326e013)
core   0: 0x80004ba8 (0x00e1feb3) and     t4, gp, a4
core   0: 3 0x80004ba8 (0x00e1feb3) x29 0xb10181a0
core   0: 0x80004bac (0x01c6e2b3) or      t0, a3, t3
core   0: 3 0x80004bac (0x01c6e2b3) x 5 0x00000001
core   0: 0x80004bb0 (0x00c90133) add     sp, s2, a2
core   0: 3 0x80004bb0 (0x00c90133) x 2 0x0e640001
core   0: 0x80004bb4 (0x01929a13) slli    s4, t0, 25
core   0: 3 0x80004bb4 (0x01929a13) x20 0x02000000
core   0: 0x80004bb8 (0x00f94f33) xor     t5, s2, a5
core   0: 3 0x80004bb8 (0x00f94f33) x30 0x0e640000
core   0: 0x80004bbc (0x006e1613) slli    a2, t3, 6
core   0: 3 0x80004bbc (0x006e1613) x12 0x00000000
core   0: 0x80004bc0 (0x018c8633) add     a2, s9, s8
core   0: 3 0x80004bc0 (0x018c8633) x12 0xb101869e
core   0: 0x80004bc4 (0x0048ec33) or      s8, a7, tp
core   0: 3 0x80004bc4 (0x0048ec33) x24 0x00000001
core   0: 0x80004bc8 (0x685112b7) lui     t0, 0x68511
core   0: 3 0x80004bc8 (0x685112b7) x 5 0x68511000
core   0: 0x80004bcc (0x006b1133) sll     sp, s6, t1
core   0: 3 0x80004bcc (0x006b1133) x 2 0x10185b10
core   0: 0x80004bd0 (0x00000013) nop
core   0: 3 0x80004bd0 (0x00000013)
core   0: 0x80004bd4 (0x7a2d0893) addi    a7, s10, 1954
core   0: 3 0x80004bd4 (0x7a2d0893) x17 0x74600242
core   0: 0x80004bd8 (0x41c75b33) sra     s6, a4, t3
core   0: 3 0x80004bd8 (0x41c75b33) x22 0xfffffba5
core   0: 0x80004bdc (0x00c11f33) sll     t5, sp, a2
core   0: 3 0x80004bdc (0x00c11f33) x30 0x00000000
core   0: 0x80004be0 (0x001364b3) or      s1, t1, ra
core   0: 3 0x80004be0 (0x001364b3) x 9 0x80014ce4
core   0: 0x80004be4 (0x00cb1713) slli    a4, s6, 12
core   0: 3 0x80004be4 (0x00cb1713) x14 0xffba5000
core   0: 0x80004be8 (0x408c5793) srai    a5, s8, 8
core   0: 3 0x80004be8 (0x408c5793) x15 0x00000000
core   0: 0x80004bec (0xfdc84897) auipc   a7, 0xfdc84
core   0: 3 0x80004bec (0xfdc84897) x17 0x7dc88bec
core   0: 0x80004bf0 (0x40db5b33) sra     s6, s6, a3
core   0: 3 0x80004bf0 (0x40db5b33) x22 0xfffffdd2
core   0: 0x80004bf4 (0x01759f13) slli    t5, a1, 23
core   0: 3 0x80004bf4 (0x01759f13) x30 0x00000000
core   0: 0x80004bf8 (0x00994933) xor     s2, s2, s1
core   0: 3 0x80004bf8 (0x00994933) x18 0x8e654ce4
core   0: 0x80004bfc (0x012efeb3) and     t4, t4, s2
core   0: 3 0x80004bfc (0x012efeb3) x29 0x800100a0
core   0: 0x80004c00 (0x4019dab3) sra     s5, s3, ra
core   0: 3 0x80004c00 (0x4019dab3) x21 0x00000000
core   0: 0x80004c04 (0x0091fdb3) and     s11, gp, s1
core   0: 3 0x80004c04 (0x0091fdb3) x27 0x800104a0
core   0: 0x80004c08 (0x01538133) add     sp, t2, s5
core   0: 3 0x80004c08 (0x01538133) x 2 0x80000000
core   0: 0x80004c0c (0x00b49d13) slli    s10, s1, 11
core   0: 3 0x80004c0c (0x00b49d13) x26 0x0a672000
core   0: 0x80004c10 (0x00276433) or      s0, a4, sp
core   0: 3 0x80004c10 (0x00276433) x 8 0xffba5000
core   0: 0x80004c14 (0x0016afb3) slt     t6, a3, ra
core   0: 3 0x80004c14 (0x0016afb3) x31 0x00000000
core   0: 0x80004c18 (0x40d5d633) sra     a2, a1, a3
core   0: 3 0x80004c18 (0x40d5d633) x12 0x00000000
core   0: 0x80004c1c (0x00d0dc33) srl     s8, ra, a3
core   0: 3 0x80004c1c (0x00d0dc33) x24 0x00000000
core   0: 0x80004c20 (0xb093d237) lui     tp, 0xb093d
core   0: 3 0x80004c20 (0xb093d237) x 4 0xb093d000
core   0: 0x80004c24 (0xacb2e593) ori     a1, t0, -1333
core   0: 3 0x80004c24 (0xacb2e593) x11 0xfffffacb
core   0: 0x80004c28 (0x00c545b3) xor     a1, a0, a2
core   0: 3 0x80004c28 (0x00c545b3) x11 0x80010e64
core   0: 0x80004c2c (0xcb579897) auipc   a7, 0xcb579
core   0: 3 0x80004c2c (0xcb579897) x17 0x4b57dc2c
core   0: 0x80004c30 (0x2faf4613) xori    a2, t5, 762
core   0: 3 0x80004c30 (0x2faf4613) x12 0x000002fa
core   0: 0x80004c34 (0x00701893) slli    a7, zero, 7
core   0: 3 0x80004c34 (0x00701893) x17 0x00000000
core   0: 0x80004c38 (0x40f5d113) srai    sp, a1, 15
core   0: 3 0x80004c38 (0x40f5d113) x 2 0xffff0002
core   0: 0x80004c3c (0x01d4ddb3) srl     s11, s1, t4
core   0: 3 0x80004c3c (0x01d4ddb3) x27 0x80014ce4
core   0: 0x80004c40 (0x0125fb33) and     s6, a1, s2
core   0: 3 0x80004c40 (0x0125fb33) x22 0x80010c64
core   0: 0x80004c44 (0x83716737) lui     a4, 0x83716
core   0: 3 0x80004c44 (0x83716737) x14 0x83716000
core   0: 0x80004c48 (0x00506733) or      a4, zero, t0
core   0: 3 0x80004c48 (0x00506733) x14 0x68511000
core   0: 0x80004c4c (0x01c9e7b3) or      a5, s3, t3
core   0: 3 0x80004c4c (0x01c9e7b3) x15 0x00000000
core   0: 0x80004c50 (0x01d14ab3) xor     s5, sp, t4
core   0: 3 0x80004c50 (0x01d14ab3) x21 0x7ffe00a2
core   0: 0x80004c54 (0x41085133) sra     sp, a6, a6
core   0: 3 0x80004c54 (0x41085133) x 2 0x00000000
core   0: 0x80004c58 (0x01d3b033) sltu    zero, t2, t4
core   0: 3 0x80004c58 (0x01d3b033)
core   0: 0x80004c5c (0x016547b3) xor     a5, a0, s6
core   0: 3 0x80004c5c (0x016547b3) x15 0x00000200
core   0: 0x80004c60 (0x00000013) nop
core   0: 3 0x80004c60 (0x00000013)
core   0: 0x80004c64 (0x41195213) srai    tp, s2, 17
core   0: 3 0x80004c64 (0x41195213) x 4 0xffffc732
core   0: 0x80004c68 (0x01361613) slli    a2, a2, 19
core   0: 3 0x80004c68 (0x01361613) x12 0x17d00000
core   0: 0x80004c6c (0x007a5c93) srli    s9, s4, 7
core   0: 3 0x80004c6c (0x007a5c93) x25 0x00040000
core   0: 0x80004c70 (0xc7258cb7) lui     s9, 0xc7258
core   0: 3 0x80004c70 (0xc7258cb7) x25 0xc7258000
core   0: 0x80004c74 (0xf17f8993) addi    s3, t6, -233
core   0: 3 0x80004c74 (0xf17f8993) x19 0xffffff17
core   0: 0x80004c78 (0x4cc10913) addi    s2, sp, 1228
core   0: 3 0x80004c78 (0x4cc10913) x18 0x000004cc
core   0: 0x80004c7c (0x005f1d93) slli    s11, t5, 5
core   0: 3 0x80004c7c (0x005f1d93) x27 0x00000000
core   0: 0x80004c80 (0xbc05a037) lui     zero, 0xbc05a
core   0: 3 0x80004c80 (0xbc05a037)
core   0: 0x80004c84 (0x21e7ba13) sltiu   s4, a5, 542
core   0: 3 0x80004c84 (0x21e7ba13) x20 0x00000001
core   0: 0x80004c88 (0x00d75593) srli    a1, a4, 13
core   0: 3 0x80004c88 (0x00d75593) x11 0x00034288
core   0: 0x80004c8c (0xcc0d4db7) lui     s11, 0xcc0d4
core   0: 3 0x80004c8c (0xcc0d4db7) x27 0xcc0d4000
core   0: 0x80004c90 (0x00d19c33) sll     s8, gp, a3
core   0: 3 0x80004c90 (0x00d19c33) x24 0x62030b60
core   0: 0x80004c94 (0x00535db3) srl     s11, t1, t0
core   0: 3 0x80004c94 (0x00535db3) x27 0x80014ce4
core   0: 0x80004c98 (0x00f4d113) srli    sp, s1, 15
core   0: 3 0x80004c98 (0x00f4d113) x 2 0x00010002
core   0: 0x80004c9c (0x00c38133) add     sp, t2, a2
core   0: 3 0x80004c9c (0x00c38133) x 2 0x97d00000
core   0: 0x80004ca0 (0x0198f9b3) and     s3, a7, s9
core   0: 3 0x80004ca0 (0x0198f9b3) x19 0x00000000
core   0: 0x80004ca4 (0x4136da33) sra     s4, a3, s3
core   0: 3 0x80004ca4 (0x4136da33) x20 0x00000001
core   0: 0x80004ca8 (0x01f81db3) sll     s11, a6, t6
core   0: 3 0x80004ca8 (0x01f81db3) x27 0x00000001
core   0: 0x80004cac (0x0136cb33) xor     s6, a3, s3
core   0: 3 0x80004cac (0x0136cb33) x22 0x00000001
core   0: 0x80004cb0 (0x4ef2be13) sltiu   t3, t0, 1263
core   0: 3 0x80004cb0 (0x4ef2be13) x28 0x00000000
core   0: 0x80004cb4 (0x00ef6db3) or      s11, t5, a4
core   0: 3 0x80004cb4 (0x00ef6db3) x27 0x68511000
core   0: 0x80004cb8 (0x01082733) slt     a4, a6, a6
core   0: 3 0x80004cb8 (0x01082733) x14 0x00000000
core   0: 0x80004cbc (0x59c68593) addi    a1, a3, 1436
core   0: 3 0x80004cbc (0x59c68593) x11 0x0000059d
core   0: 0x80004cc0 (0xc89eab93) slti    s7, t4, -887
core   0: 3 0x80004cc0 (0xc89eab93) x23 0x00000001
core   0: 0x80004cc4 (0x011a86b3) add     a3, s5, a7
core   0: 3 0x80004cc4 (0x011a86b3) x13 0x7ffe00a2
core   0: 0x80004cc8 (0x00c15233) srl     tp, sp, a2
core   0: 3 0x80004cc8 (0x00c15233) x 4 0x97d00000
core   0: 0x80004ccc (0x9fe0a417) auipc   s0, 0x9fe0a
core   0: 3 0x80004ccc (0x9fe0a417) x 8 0x1fe0eccc
core   0: 0x80004cd0 (0xed92fe93) andi    t4, t0, -295
core   0: 3 0x80004cd0 (0xed92fe93) x29 0x68511000
core   0: 0x80004cd4 (0x01934fb3) xor     t6, t1, s9
core   0: 3 0x80004cd4 (0x01934fb3) x31 0x4724cce4
core   0: 0x80004cd8 (0xb30e2b13) slti    s6, t3, -1232
core   0: 3 0x80004cd8 (0xb30e2b13) x22 0x00000000
core   0: 0x80004cdc (0x007b3433) sltu    s0, s6, t2
core   0: 3 0x80004cdc (0x007b3433) x 8 0x00000001
core   0: 0x80004ce0 (0xd3f3a793) slti    a5, t2, -705
core   0: 3 0x80004ce0 (0xd3f3a793) x15 0x00000001
core   0: 0x80004ce4 (0x9d5e6a97) auipc   s5, 0x9d5e6
core   0: 3 0x80004ce4 (0x9d5e6a97) x21 0x1d5eace4
core   0: 0x80004ce8 (0x41a70733) sub     a4, a4, s10
core   0: 3 0x80004ce8 (0x41a70733) x14 0xf598e000
core   0: 0x80004cec (0x00ee1c33) sll     s8, t3, a4
core   0: 3 0x80004cec (0x00ee1c33) x24 0x00000000
core   0: 0x80004cf0 (0x01594e33) xor     t3, s2, s5
core   0: 3 0x80004cf0 (0x01594e33) x28 0x1d5ea828
core   0: 0x80004cf4 (0xd3fe0a13) addi    s4, t3, -705
core   0: 3 0x80004cf4 (0xd3fe0a13) x20 0x1d5ea567
core   0: 0x80004cf8 (0x0126e633) or      a2, a3, s2
core   0: 3 0x80004cf8 (0x0126e633) x12 0x7ffe04ee
core   0: 0x80004cfc (0xc2c13793) sltiu   a5, sp, -980
core   0: 3 0x80004cfc (0xc2c13793) x15 0x00000001
core   0: 0x80004d00 (0x3b178997) auipc   s3, 0x3b178
core   0: 3 0x80004d00 (0x3b178997) x19 0xbb17cd00
core   0: 0x80004d04 (0xc4e24e97) auipc   t4, 0xc4e24
core   0: 3 0x80004d04 (0xc4e24e97) x29 0x44e28d04
core   0: 0x80004d08 (0x4e308413) addi    s0, ra, 1251
core   0: 3 0x80004d08 (0x4e308413) x 8 0x000004e3
core   0: 0x80004d0c (0x69fcd897) auipc   a7, 0x69fcd
core   0: 3 0x80004d0c (0x69fcd897) x17 0xe9fd1d0c
core   0: 0x80004d10 (0xf8816f93) ori     t6, sp, -120
core   0: 3 0x80004d10 (0xf8816f93) x31 0xffffff88
core   0: 0x80004d14 (0x0077b733) sltu    a4, a5, t2
core   0: 3 0x80004d14 (0x0077b733) x14 0x00000001
core   0: 0x80004d18 (0x002fbbb3) sltu    s7, t6, sp
core   0: 3 0x80004d18 (0x002fbbb3) x23 0x00000000
core   0: 0x80004d1c (0x11c92f93) slti    t6, s2, 284
core   0: 3 0x80004d1c (0x11c92f93) x31 0x00000000
core   0: 0x80004d20 (0x96bcb793) sltiu   a5, s9, -1685
core   0: 3 0x80004d20 (0x96bcb793) x15 0x00000001
core   0: 0x80004d24 (0xaa607eb7) lui     t4, 0xaa607
core   0: 3 0x80004d24 (0xaa607eb7) x29 0xaa607000
core   0: 0x80004d28 (0x00eb9b33) sll     s6, s7, a4
core   0: 3 0x80004d28 (0x00eb9b33) x22 0x00000000
core   0: 0x80004d2c (0x40615713) srai    a4, sp, 6
core   0: 3 0x80004d2c (0x40615713) x14 0xfe5f4000
core   0: 0x80004d30 (0x01f2b633) sltu    a2, t0, t6
core   0: 3 0x80004d30 (0x01f2b633) x12 0x00000000
core   0: 0x80004d34 (0x41560bb3) sub     s7, a2, s5
core   0: 3 0x80004d34 (0x41560bb3) x23 0xe2a1531c
core   0: 0x80004d38 (0x00c5e733) or      a4, a1, a2
core   0: 3 0x80004d38 (0x00c5e733) x14 0x0000059d
core   0: 0x80004d3c (0xc9454497) auipc   s1, 0xc9454
core   0: 3 0x80004d3c (0xc9454497) x 9 0x49458d3c
core   0: 0x80004d40 (0x00aa7db3) and     s11, s4, a0
core   0: 3 0x80004d40 (0x00aa7db3) x27 0x00000464
core   0: 0x80004d44 (0x00a42ab3) slt     s5, s0, a0
core   0: 3 0x80004d44 (0x00a42ab3) x21 0x00000000
core   0: 0x80004d48 (0x013f9913) slli    s2, t6, 19
core   0: 3 0x80004d48 (0x013f9913) x18 0x00000000
core   0: 0x80004d4c (0x41fe56b3) sra     a3, t3, t6
core   0: 3 0x80004d4c (0x41fe56b3) x13 0x1d5ea828
core   0: 0x80004d50 (0x0082d5b3) srl     a1, t0, s0
core   0: 3 0x80004d50 (0x0082d5b3) x11 0x0d0a2200
core   0: 0x80004d54 (0x01c8f0b3) and     ra, a7, t3
core   0: 3 0x80004d54 (0x01c8f0b3) x 1 0x095c0808
core   0: 0x80004d58 (0x009aaeb3) slt     t4, s5, s1
core   0: 3 0x80004d58 (0x009aaeb3) x29 0x00000001
core   0: 0x80004d5c (0x402ed693) srai    a3, t4, 2
core   0: 3 0x80004d5c (0x402ed693) x13 0x00000000
core   0: 0x80004d60 (0x09366613) ori     a2, a2, 147
core   0: 3 0x80004d60 (0x09366613) x12 0x00000093
core   0: 0x80004d64 (0x4013dc13) srai    s8, t2, 1
core   0: 3 0x80004d64 (0x4013dc13) x24 0xc0000000
core   0: 0x80004d68 (0xe8817f93) andi    t6, sp, -376
core   0: 3 0x80004d68 (0xe8817f93) x31 0x97d00000
core   0: 0x80004d6c (0xe0ebc793) xori    a5, s7, -498
core   0: 3 0x80004d6c (0xe0ebc793) x15 0x1d5ead12
core   0: 0x80004d70 (0x2ff6f013) andi    zero, a3, 767
core   0: 3 0x80004d70 (0x2ff6f013)
core   0: 0x80004d74 (0x41ff81b3) sub     gp, t6, t6
core   0: 3 0x80004d74 (0x41ff81b3) x 3 0x00000000
core   0: 0x80004d78 (0x94447293) andi    t0, s0, -1724
core   0: 3 0x80004d78 (0x94447293) x 5 0x00000040
core   0: 0x80004d7c (0xe778c213) xori    tp, a7, -393
core   0: 3 0x80004d7c (0xe778c213) x 4 0x1602e37b
core   0: 0x80004d80 (0x014f17b3) sll     a5, t5, s4
core   0: 3 0x80004d80 (0x014f17b3) x15 0x00000000
core   0: 0x80004d84 (0x00b56033) or      zero, a0, a1
core   0: 3 0x80004d84 (0x00b56033)
core   0: 0x80004d88 (0x01bbd833) srl     a6, s7, s11
core   0: 3 0x80004d88 (0x01bbd833) x16 0x0e2a1531
core   0: 0x80004d8c (0x2cf90e93) addi    t4, s2, 719
core   0: 3 0x80004d8c (0x2cf90e93) x29 0x000002cf
core   0: 0x80004d90 (0x94ce7993) andi    s3, t3, -1716
core   0: 3 0x80004d90 (0x94ce7993) x19 0x1d5ea808
core   0: 0x80004d94 (0x00c9ef33) or      t5, s3, a2
core   0: 3 0x80004d94 (0x00c9ef33) x30 0x1d5ea89b
core   0: 0x80004d98 (0x75a5fb93) andi    s7, a1, 1882
core   0: 3 0x80004d98 (0x75a5fb93) x23 0x00000200
core   0: 0x80004d9c (0x0082d733) srl     a4, t0, s0
core   0: 3 0x80004d9c (0x0082d733) x14 0x00000008
core   0: 0x80004da0 (0x99b01917) auipc   s2, 0x99b01
core   0: 3 0x80004da0 (0x99b01917) x18 0x19b05da0
core   0: 0x80004da4 (0x40acd713) srai    a4, s9, 10
core   0: 3 0x80004da4 (0x40acd713) x14 0xfff1c960
core   0: 0x80004da8 (0x72758e13) addi    t3, a1, 1831
core   0: 3 0x80004da8 (0x72758e13) x28 0x0d0a2927
core   0: 0x80004dac (0x010e70b3) and     ra, t3, a6
core   0: 3 0x80004dac (0x010e70b3) x 1 0x0c0a0121
core   0: 0x80004db0 (0xc40e3713) sltiu   a4, t3, -960
core   0: 3 0x80004db0 (0xc40e3713) x14 0x00000001
core   0: 0x80004db4 (0x405dd5b3) sra     a1, s11, t0
core   0: 3 0x80004db4 (0x405dd5b3) x11 0x00000464
core   0: 0x80004db8 (0x413cdb33) sra     s6, s9, s3
core   0: 3 0x80004db8 (0x413cdb33) x22 0xffc72580
core   0: 0x80004dbc (0x40bdd913) srai    s2, s11, 11
core   0: 3 0x80004dbc (0x40bdd913) x18 0x00000000
core   0: 0x80004dc0 (0x71d84693) xori    a3, a6, 1821
core   0: 3 0x80004dc0 (0x71d84693) x13 0x0e2a122c
core   0: 0x80004dc4 (0x0043e0b3) or      ra, t2, tp
core   0: 3 0x80004dc4 (0x0043e0b3) x 1 0x9602e37b
core   0: 0x80004dc8 (0x01b85113) srli    sp, a6, 27
core   0: 3 0x80004dc8 (0x01b85113) x 2 0x00000001
core   0: 0x80004dcc (0x4045d793) srai    a5, a1, 4
core   0: 3 0x80004dcc (0x4045d793) x15 0x00000046
core   0: 0x80004dd0 (0x0196d993) srli    s3, a3, 25
core   0: 3 0x80004dd0 (0x0196d993) x19 0x00000007
core   0: 0x80004dd4 (0x01d76833) or      a6, a4, t4
core   0: 3 0x80004dd4 (0x01d76833) x16 0x000002cf
core   0: 0x80004dd8 (0x01b0ba33) sltu    s4, ra, s11
core   0: 3 0x80004dd8 (0x01b0ba33) x20 0x00000000
core   0: 0x80004ddc (0x1688bc13) sltiu   s8, a7, 360
core   0: 3 0x80004ddc (0x1688bc13) x24 0x00000000
core   0: 0x80004de0 (0x00000c13) li      s8, 0
core   0: 3 0x80004de0 (0x00000c13) x24 0x00000000
core   0: 0x80004de4 (0x80000eb7) lui     t4, 0x80000
core   0: 3 0x80004de4 (0x80000eb7) x29 0x80000000
core   0: 0x80004de8 (0x800009b7) lui     s3, 0x80000
core   0: 3 0x80004de8 (0x800009b7) x19 0x80000000
core   0: 0x80004dec (0x800007b7) lui     a5, 0x80000
core   0: 3 0x80004dec (0x800007b7) x15 0x80000000
core   0: 0x80004df0 (0x80000e37) lui     t3, 0x80000
core   0: 3 0x80004df0 (0x80000e37) x28 0x80000000
core   0: 0x80004df4 (0x800001b7) lui     gp, 0x80000
core   0: 3 0x80004df4 (0x800001b7) x 3 0x80000000
core   0: 0x80004df8 (0x800000b7) lui     ra, 0x80000
core   0: 3 0x80004df8 (0x800000b7) x 1 0x80000000
core   0: 0x80004dfc (0xfff00a93) li      s5, -1
core   0: 3 0x80004dfc (0xfff00a93) x21 0xffffffff
core   0: 0x80004e00 (0x00000913) li      s2, 0
core   0: 3 0x80004e00 (0x00000913) x18 0x00000000
core   0: 0x80004e04 (0x80000cb7) lui     s9, 0x80000
core   0: 3 0x80004e04 (0x80000cb7) x25 0x80000000
core   0: 0x80004e08 (0x43608093) addi    ra, ra, 1078
core   0: 3 0x80004e08 (0x43608093) x 1 0x80000436
core   0: 0x80004e0c (0xaecf19b7) lui     s3, 0xaecf1
core   0: 3 0x80004e0c (0xaecf19b7) x19 0xaecf1000
core   0: 0x80004e10 (0x59e90993) addi    s3, s2, 1438
core   0: 3 0x80004e10 (0x59e90993) x19 0x0000059e
core   0: 0x80004e14 (0x00000013) nop
core   0: 3 0x80004e14 (0x00000013)
core   0: 0x80004e18 (0xbfc7e097) auipc   ra, 0xbfc7e
core   0: 3 0x80004e18 (0xbfc7e097) x 1 0x3fc82e18
core   0: 0x80004e1c (0x00000013) nop
core   0: 3 0x80004e1c (0x00000013)
core   0: 0x80004e20 (0x5a5f9e37) lui     t3, 0x5a5f9
core   0: 3 0x80004e20 (0x5a5f9e37) x28 0x5a5f9000
core   0: 0x80004e24 (0x7d311e37) lui     t3, 0x7d311
core   0: 3 0x80004e24 (0x7d311e37) x28 0x7d311000
core   0: 0x80004e28 (0xc7be8093) addi    ra, t4, -901
core   0: 3 0x80004e28 (0xc7be8093) x 1 0x7ffffc7b
core   0: 0x80004e2c (0x00000013) nop
core   0: 3 0x80004e2c (0x00000013)
core   0: 0x80004e30 (0x77e589b7) lui     s3, 0x77e58
core   0: 3 0x80004e30 (0x77e589b7) x19 0x77e58000
core   0: 0x80004e34 (0x86778993) addi    s3, a5, -1945
core   0: 3 0x80004e34 (0x86778993) x19 0x7ffff867
core   0: 0x80004e38 (0xd23a4c17) auipc   s8, 0xd23a4
core   0: 3 0x80004e38 (0xd23a4c17) x24 0x523a8e38
core   0: 0x80004e3c (0x458247b7) lui     a5, 0x45824
core   0: 3 0x80004e3c (0x458247b7) x15 0x45824000
core   0: 0x80004e40 (0x00000013) nop
core   0: 3 0x80004e40 (0x00000013)
core   0: 0x80004e44 (0xab2a8793) addi    a5, s5, -1358
core   0: 3 0x80004e44 (0xab2a8793) x15 0xfffffab1
core   0: 0x80004e48 (0x43190093) addi    ra, s2, 1073
core   0: 3 0x80004e48 (0x43190093) x 1 0x00000431
core   0: 0x80004e4c (0x40f78c33) sub     s8, a5, a5
core   0: 3 0x80004e4c (0x40f78c33) x24 0x00000000
core   0: 0x80004e50 (0xe2e06797) auipc   a5, 0xe2e06
core   0: 3 0x80004e50 (0xe2e06797) x15 0x62e0ae50
core   0: 0x80004e54 (0x00390ab3) add     s5, s2, gp
core   0: 3 0x80004e54 (0x00390ab3) x21 0x80000000
core   0: 0x80004e58 (0x4dd90093) addi    ra, s2, 1245
core   0: 3 0x80004e58 (0x4dd90093) x 1 0x000004dd
core   0: 0x80004e5c (0x6a979ab7) lui     s5, 0x6a979
core   0: 3 0x80004e5c (0x6a979ab7) x21 0x6a979000
core   0: 0x80004e60 (0x01578cb3) add     s9, a5, s5
core   0: 3 0x80004e60 (0x01578cb3) x25 0xcd783e50
core   0: 0x80004e64 (0xc81e8093) addi    ra, t4, -895
core   0: 3 0x80004e64 (0xc81e8093) x 1 0x7ffffc81
core   0: 0x80004e68 (0x01508cb3) add     s9, ra, s5
core   0: 3 0x80004e68 (0x01508cb3) x25 0xea978c81
core   0: 0x80004e6c (0xb4ac8793) addi    a5, s9, -1206
core   0: 3 0x80004e6c (0xb4ac8793) x15 0xea9787cb
core   0: 0x80004e70 (0x83890993) addi    s3, s2, -1992
core   0: 3 0x80004e70 (0x83890993) x19 0xfffff838
core   0: 0x80004e74 (0x01bcb1b3) sltu    gp, s9, s11
core   0: 3 0x80004e74 (0x01bcb1b3) x 3 0x00000000
core   0: 0x80004e78 (0xdd9db197) auipc   gp, 0xdd9db
core   0: 3 0x80004e78 (0xdd9db197) x 3 0x5d9dfe78
core   0: 0x80004e7c (0x9c25b817) auipc   a6, 0x9c25b
core   0: 3 0x80004e7c (0x9c25b817) x16 0x1c25fe7c
core   0: 0x80004e80 (0x01d75293) srli    t0, a4, 29
core   0: 3 0x80004e80 (0x01d75293) x 5 0x00000000
core   0: 0x80004e84 (0x8f697a93) andi    s5, s2, -1802
core   0: 3 0x80004e84 (0x8f697a93) x21 0x00000000
core   0: 0x80004e88 (0x01e277b3) and     a5, tp, t5
core   0: 3 0x80004e88 (0x01e277b3) x15 0x1402a01b
core   0: 0x80004e8c (0x00bc5013) srli    zero, s8, 11
core   0: 3 0x80004e8c (0x00bc5013)
core   0: 0x80004e90 (0x009d5033) srl     zero, s10, s1
core   0: 3 0x80004e90 (0x009d5033)
core   0: 0x80004e94 (0x41285933) sra     s2, a6, s2
core   0: 3 0x80004e94 (0x41285933) x18 0x1c25fe7c
core   0: 0x80004e98 (0x00216233) or      tp, sp, sp
core   0: 3 0x80004e98 (0x00216233) x 4 0x00000001
core   0: 0x80004e9c (0x0019c133) xor     sp, s3, ra
core   0: 3 0x80004e9c (0x0019c133) x 2 0x800004b9
core   0: 0x80004ea0 (0xd840bc93) sltiu   s9, ra, -636
core   0: 3 0x80004ea0 (0xd840bc93) x25 0x00000001
core   0: 0x80004ea4 (0x01d847b3) xor     a5, a6, t4
core   0: 3 0x80004ea4 (0x01d847b3) x15 0x9c25fe7c
core   0: 0x80004ea8 (0x40015733) sra     a4, sp, zero
core   0: 3 0x80004ea8 (0x40015733) x14 0x800004b9
core   0: 0x80004eac (0x38045717) auipc   a4, 0x38045
core   0: 3 0x80004eac (0x38045717) x14 0xb8049eac
core   0: 0x80004eb0 (0x01b8f433) and     s0, a7, s11
core   0: 3 0x80004eb0 (0x01b8f433) x 8 0x00000404
core   0: 0x80004eb4 (0x4120d893) srai    a7, ra, 18
core   0: 3 0x80004eb4 (0x4120d893) x17 0x00001fff
core   0: 0x80004eb8 (0x01016033) or      zero, sp, a6
core   0: 3 0x80004eb8 (0x01016033)
core   0: 0x80004ebc (0x41478f33) sub     t5, a5, s4
core   0: 3 0x80004ebc (0x41478f33) x30 0x9c25fe7c
core   0: 0x80004ec0 (0xef3bcc13) xori    s8, s7, -269
core   0: 3 0x80004ec0 (0xef3bcc13) x24 0xfffffcf3
core   0: 0x80004ec4 (0x40ed5413) srai    s0, s10, 14
core   0: 3 0x80004ec4 (0x40ed5413) x 8 0x0000299c
core   0: 0x80004ec8 (0x00e81d13) slli    s10, a6, 14
core   0: 3 0x80004ec8 (0x00e81d13) x26 0x7f9f0000
core   0: 0x80004ecc (0x01131993) slli    s3, t1, 17
core   0: 3 0x80004ecc (0x01131993) x19 0x99c80000
core   0: 0x80004ed0 (0x00000013) nop
core   0: 3 0x80004ed0 (0x00000013)
core   0: 0x80004ed4 (0x00a944b3) xor     s1, s2, a0
core   0: 3 0x80004ed4 (0x00a944b3) x 9 0x9c24f018
core   0: 0x80004ed8 (0x01aa6eb3) or      t4, s4, s10
core   0: 3 0x80004ed8 (0x01aa6eb3) x29 0x7f9f0000
core   0: 0x80004edc (0xa22c8693) addi    a3, s9, -1502
core   0: 3 0x80004edc (0xa22c8693) x13 0xfffffa23
core   0: 0x80004ee0 (0x01b474b3) and     s1, s0, s11
core   0: 3 0x80004ee0 (0x01b474b3) x 9 0x00000004
core   0: 0x80004ee4 (0x8a703a13) sltiu   s4, zero, -1881
core   0: 3 0x80004ee4 (0x8a703a13) x20 0x00000001
core   0: 0x80004ee8 (0xce448113) addi    sp, s1, -796
core   0: 3 0x80004ee8 (0xce448113) x 2 0xfffffce8
core   0: 0x80004eec (0x01d45433) srl     s0, s0, t4
core   0: 3 0x80004eec (0x01d45433) x 8 0x0000299c
core   0: 0x80004ef0 (0x41e28e33) sub     t3, t0, t5
core   0: 3 0x80004ef0 (0x41e28e33) x28 0x63da0184
core   0: 0x80004ef4 (0x01379db3) sll     s11, a5, s3
core   0: 3 0x80004ef4 (0x01379db3) x27 0x9c25fe7c
core   0: 0x80004ef8 (0x9c056013) ori     zero, a0, -1600
core   0: 3 0x80004ef8 (0x9c056013)
core   0: 0x80004efc (0xa9c12a17) auipc   s4, 0xa9c12
core   0: 3 0x80004efc (0xa9c12a17) x20 0x29c16efc
core   0: 0x80004f00 (0x40acd993) srai    s3, s9, 10
core   0: 3 0x80004f00 (0x40acd993) x19 0x00000000
core   0: 0x80004f04 (0xd888c813) xori    a6, a7, -632
core   0: 3 0x80004f04 (0xd888c813) x16 0xffffe277
core   0: 0x80004f08 (0x40930cb3) sub     s9, t1, s1
core   0: 3 0x80004f08 (0x40930cb3) x25 0x80014ce0
core   0: 0x80004f0c (0xc720bd93) sltiu   s11, ra, -910
core   0: 3 0x80004f0c (0xc720bd93) x27 0x00000001
core   0: 0x80004f10 (0x012e3033) sltu    zero, t3, s2
core   0: 3 0x80004f10 (0x012e3033)
core   0: 0x80004f14 (0x002f44b3) xor     s1, t5, sp
core   0: 3 0x80004f14 (0x002f44b3) x 9 0x63da0294
core   0: 0x80004f18 (0x4005dc93) srai    s9, a1, 0
core   0: 3 0x80004f18 (0x4005dc93) x25 0x00000464
core   0: 0x80004f1c (0x20e43497) auipc   s1, 0x20e43
core   0: 3 0x80004f1c (0x20e43497) x 9 0xa0e47f1c
core   0: 0x80004f20 (0xc1ef4413) xori    s0, t5, -994
core   0: 3 0x80004f20 (0xc1ef4413) x 8 0x63da0262
core   0: 0x80004f24 (0x4011db13) srai    s6, gp, 1
core   0: 3 0x80004f24 (0x4011db13) x22 0x2eceff3c
core   0: 0x80004f28 (0x6295ca13) xori    s4, a1, 1577
core   0: 3 0x80004f28 (0x6295ca13) x20 0x0000024d
core   0: 0x80004f2c (0x00e16133) or      sp, sp, a4
core   0: 3 0x80004f2c (0x00e16133) x 2 0xfffffeec
core   0: 0x80004f30 (0x005a55b3) srl     a1, s4, t0
core   0: 3 0x80004f30 (0x005a55b3) x11 0x0000024d
core   0: 0x80004f34 (0x0c662697) auipc   a3, 0xc662
core   0: 3 0x80004f34 (0x0c662697) x13 0x8c666f34
core   0: 0x80004f38 (0x01d4f233) and     tp, s1, t4
core   0: 3 0x80004f38 (0x01d4f233) x 4 0x20840000
core   0: 0x80004f3c (0x0012c033) xor     zero, t0, ra
core   0: 3 0x80004f3c (0x0012c033)
core   0: 0x80004f40 (0x01deb633) sltu    a2, t4, t4
core   0: 3 0x80004f40 (0x01deb633) x12 0x00000000
core   0: 0x80004f44 (0x7e58c913) xori    s2, a7, 2021
core   0: 3 0x80004f44 (0x7e58c913) x18 0x0000181a
core   0: 0x80004f48 (0x40878033) sub     zero, a5, s0
core   0: 3 0x80004f48 (0x40878033)
core   0: 0x80004f4c (0xaf5b2093) slti    ra, s6, -1291
core   0: 3 0x80004f4c (0xaf5b2093) x 1 0x00000000
core   0: 0x80004f50 (0x417900b3) sub     ra, s2, s7
core   0: 3 0x80004f50 (0x417900b3) x 1 0x0000161a
core   0: 0x80004f54 (0x1a0a8693) addi    a3, s5, 416
core   0: 3 0x80004f54 (0x1a0a8693) x13 0x000001a0
core   0: 0x80004f58 (0x01c75d13) srli    s10, a4, 28
core   0: 3 0x80004f58 (0x01c75d13) x26 0x0000000b
core   0: 0x80004f5c (0x4ff496b7) lui     a3, 0x4ff49
core   0: 3 0x80004f5c (0x4ff496b7) x13 0x4ff49000
core   0: 0x80004f60 (0xac50c297) auipc   t0, 0xac50c
core   0: 3 0x80004f60 (0xac50c297) x 5 0x2c510f60
core   0: 0x80004f64 (0x01915033) srl     zero, sp, s9
core   0: 3 0x80004f64 (0x01915033)
core   0: 0x80004f68 (0x464af913) andi    s2, s5, 1124
core   0: 3 0x80004f68 (0x464af913) x18 0x00000000
core   0: 0x80004f6c (0x31a18413) addi    s0, gp, 794
core   0: 3 0x80004f6c (0x31a18413) x 8 0x5d9e0192
core   0: 0x80004f70 (0x6ac26793) ori     a5, tp, 1708
core   0: 3 0x80004f70 (0x6ac26793) x15 0x208406ac
core   0: 0x80004f74 (0x011bc4b3) xor     s1, s7, a7
core   0: 3 0x80004f74 (0x011bc4b3) x 9 0x00001dff
core   0: 0x80004f78 (0x01f75093) srli    ra, a4, 31
core   0: 3 0x80004f78 (0x01f75093) x 1 0x00000001
core   0: 0x80004f7c (0x41aed793) srai    a5, t4, 26
core   0: 3 0x80004f7c (0x41aed793) x15 0x0000001f
core   0: 0x80004f80 (0xbebea413) slti    s0, t4, -1045
core   0: 3 0x80004f80 (0xbebea413) x 8 0x00000000
core   0: 0x80004f84 (0x4da82413) slti    s0, a6, 1242
core   0: 3 0x80004f84 (0x4da82413) x 8 0x00000001
core   0: 0x80004f88 (0x41250fb3) sub     t6, a0, s2
core   0: 3 0x80004f88 (0x41250fb3) x31 0x80010e64
core   0: 0x80004f8c (0x00d4dc93) srli    s9, s1, 13
core   0: 3 0x80004f8c (0x00d4dc93) x25 0x00000000
core   0: 0x80004f90 (0x0000a233) slt     tp, ra, zero
core   0: 3 0x80004f90 (0x0000a233) x 4 0x00000000
core   0: 0x80004f94 (0x903df197) auipc   gp, 0x903df
core   0: 3 0x80004f94 (0x903df197) x 3 0x103e3f94
core   0: 0x80004f98 (0x00d0feb3) and     t4, ra, a3
core   0: 3 0x80004f98 (0x00d0feb3) x29 0x00000000
core   0: 0x80004f9c (0x50ca3993) sltiu   s3, s4, 1292
core   0: 3 0x80004f9c (0x50ca3993) x19 0x00000001
core   0: 0x80004fa0 (0x019b87b3) add     a5, s7, s9
core   0: 3 0x80004fa0 (0x019b87b3) x15 0x00000200
core   0: 0x80004fa4 (0x005155b3) srl     a1, sp, t0
core   0: 3 0x80004fa4 (0x005155b3) x11 0xfffffeec
core   0: 0x80004fa8 (0x41d9dc33) sra     s8, s3, t4
core   0: 3 0x80004fa8 (0x41d9dc33) x24 0x00000001
core   0: 0x80004fac (0x4111dab3) sra     s5, gp, a7
core   0: 3 0x80004fac (0x4111dab3) x21 0x00000000
core   0: 0x80004fb0 (0x01ebc233) xor     tp, s7, t5
core   0: 3 0x80004fb0 (0x01ebc233) x 4 0x9c25fc7c
core   0: 0x80004fb4 (0xba280ab7) lui     s5, 0xba280
core   0: 3 0x80004fb4 (0xba280ab7) x21 0xba280000
core   0: 0x80004fb8 (0x00000013) nop
core   0: 3 0x80004fb8 (0x00000013)
core   0: 0x80004fbc (0x18c0c137) lui     sp, 0x18c0c
core   0: 3 0x80004fbc (0x18c0c137) x 2 0x18c0c000
core   0: 0x80004fc0 (0x00070133) add     sp, a4, zero
core   0: 3 0x80004fc0 (0x00070133) x 2 0xb8049eac
core   0: 0x80004fc4 (0xddb3c793) xori    a5, t2, -549
core   0: 3 0x80004fc4 (0xddb3c793) x15 0x7ffffddb
core   0: 0x80004fc8 (0x6e15db37) lui     s6, 0x6e15d
core   0: 3 0x80004fc8 (0x6e15db37) x22 0x6e15d000
core   0: 0x80004fcc (0x4c708e13) addi    t3, ra, 1223
core   0: 3 0x80004fcc (0x4c708e13) x28 0x000004c8
core   0: 0x80004fd0 (0x9b32a293) slti    t0, t0, -1613
core   0: 3 0x80004fd0 (0x9b32a293) x 5 0x00000000
core   0: 0x80004fd4 (0x67e14893) xori    a7, sp, 1662
core   0: 3 0x80004fd4 (0x67e14893) x17 0xb80498d2
core   0: 0x80004fd8 (0x003a2bb3) slt     s7, s4, gp
core   0: 3 0x80004fd8 (0x003a2bb3) x23 0x00000001
core   0: 0x80004fdc (0x415204b3) sub     s1, tp, s5
core   0: 3 0x80004fdc (0x415204b3) x 9 0xe1fdfc7c
core   0: 0x80004fe0 (0x410e5713) srai    a4, t3, 16
core   0: 3 0x80004fe0 (0x410e5713) x14 0x00000000
core   0: 0x80004fe4 (0xf2d6cc93) xori    s9, a3, -211
core   0: 3 0x80004fe4 (0xf2d6cc93) x25 0xb00b6f2d
core   0: 0x80004fe8 (0x005e1593) slli    a1, t3, 5
core   0: 3 0x80004fe8 (0x005e1593) x11 0x00009900
core   0: 0x80004fec (0x5f7a3293) sltiu   t0, s4, 1527
core   0: 3 0x80004fec (0x5f7a3293) x 5 0x00000001
core   0: 0x80004ff0 (0x407d0a33) sub     s4, s10, t2
core   0: 3 0x80004ff0 (0x407d0a33) x20 0x8000000b
core   0: 0x80004ff4 (0x013290b3) sll     ra, t0, s3
core   0: 3 0x80004ff4 (0x013290b3) x 1 0x00000002
core   0: 0x80004ff8 (0x1e4a4593) xori    a1, s4, 484
core   0: 3 0x80004ff8 (0x1e4a4593) x11 0x800001ef
core   0: 0x80004ffc (0x00a6af33) slt     t5, a3, a0
core   0: 3 0x80004ffc (0x00a6af33) x30 0x00000000
core   0: 0x80005000 (0x269111b7) lui     gp, 0x26911
core   0: 3 0x80005000 (0x269111b7) x 3 0x26911000
core   0: 0x80005004 (0x4102ddb3) sra     s11, t0, a6
core   0: 3 0x80005004 (0x4102ddb3) x27 0x00000000
core   0: 0x80005008 (0x36f86e93) ori     t4, a6, 879
core   0: 3 0x80005008 (0x36f86e93) x29 0xffffe37f
core   0: 0x8000500c (0x00d0c9b3) xor     s3, ra, a3
core   0: 3 0x8000500c (0x00d0c9b3) x19 0x4ff49002
core   0: 0x80005010 (0x41e25cb3) sra     s9, tp, t5
core   0: 3 0x80005010 (0x41e25cb3) x25 0x9c25fc7c
core   0: 0x80005014 (0x04f56213) ori     tp, a0, 79
core   0: 3 0x80005014 (0x04f56213) x 4 0x80010e6f
core   0: 0x80005018 (0x012069b3) or      s3, zero, s2
core   0: 3 0x80005018 (0x012069b3) x19 0x00000000
core   0: 0x8000501c (0x01788b33) add     s6, a7, s7
core   0: 3 0x8000501c (0x01788b33) x22 0xb80498d3
core   0: 0x80005020 (0xd8534413) xori    s0, t1, -635
core   0: 3 0x80005020 (0xd8534413) x 8 0x7ffeb161
core   0: 0x80005024 (0x019191b3) sll     gp, gp, s9
core   0: 3 0x80005024 (0x019191b3) x 3 0x00000000
core   0: 0x80005028 (0x0189da13) srli    s4, s3, 24
core   0: 3 0x80005028 (0x0189da13) x20 0x00000000
core   0: 0x8000502c (0x01d8cf33) xor     t5, a7, t4
core   0: 3 0x8000502c (0x01d8cf33) x30 0x47fb7bad
core   0: 0x80005030 (0xda1e3493) sltiu   s1, t3, -607
core   0: 3 0x80005030 (0xda1e3493) x 9 0x00000001
core   0: 0x80005034 (0x00978433) add     s0, a5, s1
core   0: 3 0x80005034 (0x00978433) x 8 0x7ffffddc
core   0: 0x80005038 (0x0165cc33) xor     s8, a1, s6
core   0: 3 0x80005038 (0x0165cc33) x24 0x3804993c
core   0: 0x8000503c (0x41925793) srai    a5, tp, 25
core   0: 3 0x8000503c (0x41925793) x15 0xffffffc0
core   0: 0x80005040 (0xbc693413) sltiu   s0, s2, -1082
core   0: 3 0x80005040 (0xbc693413) x 8 0x00000001
core   0: 0x80005044 (0x1503a013) slti    zero, t2, 336
core   0: 3 0x80005044 (0x1503a013)
core   0: 0x80005048 (0x00209293) slli    t0, ra, 2
core   0: 3 0x80005048 (0x00209293) x 5 0x00000008
core   0: 0x8000504c (0xf72dc613) xori    a2, s11, -142
core   0: 3 0x8000504c (0xf72dc613) x12 0xffffff72
core   0: 0x80005050 (0x41ee8233) sub     tp, t4, t5
core   0: 3 0x80005050 (0x41ee8233) x 4 0xb80467d2
core   0: 0x80005054 (0x015a6fb3) or      t6, s4, s5
core   0: 3 0x80005054 (0x015a6fb3) x31 0xba280000
core   0: 0x80005058 (0x63d8e213) ori     tp, a7, 1597
core   0: 3 0x80005058 (0x63d8e213) x 4 0xb8049eff
core   0: 0x8000505c (0x1a333a93) sltiu   s5, t1, 419
core   0: 3 0x8000505c (0x1a333a93) x21 0x00000000
core   0: 0x80005060 (0x018c6213) ori     tp, s8, 24
core   0: 3 0x80005060 (0x018c6213) x 4 0x3804993c
core   0: 0x80005064 (0x79ae8917) auipc   s2, 0x79ae8
core   0: 3 0x80005064 (0x79ae8917) x18 0xf9aed064
core   0: 0x80005068 (0x41d1d9b3) sra     s3, gp, t4
core   0: 3 0x80005068 (0x41d1d9b3) x19 0x00000000
core   0: 0x8000506c (0xa6d3c213) xori    tp, t2, -1427
core   0: 3 0x8000506c (0xa6d3c213) x 4 0x7ffffa6d
core   0: 0x80005070 (0x195efb13) andi    s6, t4, 405
core   0: 3 0x80005070 (0x195efb13) x22 0x00000115
core   0: 0x80005074 (0xbb4f9117) auipc   sp, 0xbb4f9
core   0: 3 0x80005074 (0xbb4f9117) x 2 0x3b4fe074
core   0: 0x80005078 (0x418d8633) sub     a2, s11, s8
core   0: 3 0x80005078 (0x418d8633) x12 0xc7fb66c4
core   0: 0x8000507c (0x77d43593) sltiu   a1, s0, 1917
core   0: 3 0x8000507c (0x77d43593) x11 0x00000001
core   0: 0x80005080 (0x01645193) srli    gp, s0, 22
core   0: 3 0x80005080 (0x01645193) x 3 0x00000000
core   0: 0x80005084 (0x014c2e33) slt     t3, s8, s4
core   0: 3 0x80005084 (0x014c2e33) x28 0x00000000
core   0: 0x80005088 (0x7c3e4a93) xori    s5, t3, 1987
core   0: 3 0x80005088 (0x7c3e4a93) x21 0x000007c3
core   0: 0x8000508c (0xd1182613) slti    a2, a6, -751
core   0: 3 0x8000508c (0xd1182613) x12 0x00000001
core   0: 0x80005090 (0x00c99913) slli    s2, s3, 12
core   0: 3 0x80005090 (0x00c99913) x18 0x00000000
core   0: 0x80005094 (0x00fb6733) or      a4, s6, a5
core   0: 3 0x80005094 (0x00fb6733) x14 0xffffffd5
core   0: 0x80005098 (0x414dd213) srai    tp, s11, 20
core   0: 3 0x80005098 (0x414dd213) x 4 0x00000000
core   0: 0x8000509c (0x40acd1b3) sra     gp, s9, a0
core   0: 3 0x8000509c (0x40acd1b3) x 3 0xf9c25fc7
core   0: 0x800050a0 (0x417c85b3) sub     a1, s9, s7
core   0: 3 0x800050a0 (0x417c85b3) x11 0x9c25fc7b
core   0: 0x800050a4 (0x0157da13) srli    s4, a5, 21
core   0: 3 0x800050a4 (0x0157da13) x20 0x000007ff
core   0: 0x800050a8 (0x10f21417) auipc   s0, 0x10f21
core   0: 3 0x800050a8 (0x10f21417) x 8 0x90f260a8
core   0: 0x800050ac (0x01e88233) add     tp, a7, t5
core   0: 3 0x800050ac (0x01e88233) x 4 0x0000147f
core   0: 0x800050b0 (0x010ab7b3) sltu    a5, s5, a6
core   0: 3 0x800050b0 (0x010ab7b3) x15 0x00000001
core   0: 0x800050b4 (0xf12a0c93) addi    s9, s4, -238
core   0: 3 0x800050b4 (0xf12a0c93) x25 0x00000711
core   0: 0x800050b8 (0xfe2db293) sltiu   t0, s11, -30
core   0: 3 0x800050b8 (0xfe2db293) x 5 0x00000001
core   0: 0x800050bc (0x0003af33) slt     t5, t2, zero
core   0: 3 0x800050bc (0x0003af33) x30 0x00000001
core   0: 0x800050c0 (0x003857b3) srl     a5, a6, gp
core   0: 3 0x800050c0 (0x003857b3) x15 0x01ffffc4
core   0: 0x800050c4 (0xc3ad6713) ori     a4, s10, -966
core   0: 3 0x800050c4 (0xc3ad6713) x14 0xfffffc3b
core   0: 0x800050c8 (0x01d827b3) slt     a5, a6, t4
core   0: 3 0x800050c8 (0x01d827b3) x15 0x00000001
core   0: 0x800050cc (0x00a89633) sll     a2, a7, a0
core   0: 3 0x800050cc (0x00a89633) x12 0x80498d20
core   0: 0x800050d0 (0x004bd233) srl     tp, s7, tp
core   0: 3 0x800050d0 (0x004bd233) x 4 0x00000000
core   0: 0x800050d4 (0x01ed5fb3) srl     t6, s10, t5
core   0: 3 0x800050d4 (0x01ed5fb3) x31 0x00000005
core   0: 0x800050d8 (0x00000013) nop
core   0: 3 0x800050d8 (0x00000013)
core   0: 0x800050dc (0x017afb33) and     s6, s5, s7
core   0: 3 0x800050dc (0x017afb33) x22 0x00000001
core   0: 0x800050e0 (0xb427f493) andi    s1, a5, -1214
core   0: 3 0x800050e0 (0xb427f493) x 9 0x00000000
core   0: 0x800050e4 (0x015fa0b3) slt     ra, t6, s5
core   0: 3 0x800050e4 (0x015fa0b3) x 1 0x00000001
core   0: 0x800050e8 (0x405808b3) sub     a7, a6, t0
core   0: 3 0x800050e8 (0x405808b3) x17 0xffffe276
core   0: 0x800050ec (0x2f21b193) sltiu   gp, gp, 754
core   0: 3 0x800050ec (0x2f21b193) x 3 0x00000000
core   0: 0x800050f0 (0x54d83917) auipc   s2, 0x54d83
core   0: 3 0x800050f0 (0x54d83917) x18 0xd4d880f0
core   0: 0x800050f4 (0x404dd833) sra     a6, s11, tp
core   0: 3 0x800050f4 (0x404dd833) x16 0x00000000
core   0: 0x800050f8 (0x00b6f1b3) and     gp, a3, a1
core   0: 3 0x800050f8 (0x00b6f1b3) x 3 0x0c249000
core   0: 0x800050fc (0x00ed2b33) slt     s6, s10, a4
core   0: 3 0x800050fc (0x00ed2b33) x22 0x00000000
core   0: 0x80005100 (0xfd086f93) ori     t6, a6, -48
core   0: 3 0x80005100 (0xfd086f93) x31 0xffffffd0
core   0: 0x80005104 (0x582c6e93) ori     t4, s8, 1410
core   0: 3 0x80005104 (0x582c6e93) x29 0x38049dbe
core   0: 0x80005108 (0xb5813713) sltiu   a4, sp, -1192
core   0: 3 0x80005108 (0xb5813713) x14 0x00000001
core   0: 0x8000510c (0x2bbeef13) ori     t5, t4, 699
core   0: 3 0x8000510c (0x2bbeef13) x30 0x38049fbf
core   0: 0x80005110 (0x40c7deb3) sra     t4, a5, a2
core   0: 3 0x80005110 (0x40c7deb3) x29 0x00000001
core   0: 0x80005114 (0x40c58fb3) sub     t6, a1, a2
core   0: 3 0x80005114 (0x40c58fb3) x31 0x1bdc6f5b
core   0: 0x80005118 (0x00a9d593) srli    a1, s3, 10
core   0: 3 0x80005118 (0x00a9d593) x11 0x00000000
core   0: 0x8000511c (0x01215213) srli    tp, sp, 18
core   0: 3 0x8000511c (0x01215213) x 4 0x00000ed3
core   0: 0x80005120 (0x01da6933) or      s2, s4, t4
core   0: 3 0x80005120 (0x01da6933) x18 0x000007ff
core   0: 0x80005124 (0x0105db13) srli    s6, a1, 16
core   0: 3 0x80005124 (0x0105db13) x22 0x00000000
core   0: 0x80005128 (0x404504b3) sub     s1, a0, tp
core   0: 3 0x80005128 (0x404504b3) x 9 0x8000ff91
core   0: 0x8000512c (0x00000013) nop
core   0: 3 0x8000512c (0x00000013)
core   0: 0x80005130 (0x5e874c93) xori    s9, a4, 1512
core   0: 3 0x80005130 (0x5e874c93) x25 0x000005e9
core   0: 0x80005134 (0x0188a0b3) slt     ra, a7, s8
core   0: 3 0x80005134 (0x0188a0b3) x 1 0x00000001
core   0: 0x80005138 (0x0138d613) srli    a2, a7, 19
core   0: 3 0x80005138 (0x0138d613) x12 0x00001fff
core   0: 0x8000513c (0xf863c0b7) lui     ra, 0xf863c
core   0: 3 0x8000513c (0xf863c0b7) x 1 0xf863c000
core   0: 0x80005140 (0x344a2f13) slti    t5, s4, 836
core   0: 3 0x80005140 (0x344a2f13) x30 0x00000000
core   0: 0x80005144 (0x87e10713) addi    a4, sp, -1922
core   0: 3 0x80005144 (0x87e10713) x14 0x3b4fd8f2
core   0: 0x80005148 (0xd09c7d17) auipc   s10, 0xd09c7
core   0: 3 0x80005148 (0xd09c7d17) x26 0x509cc148
core   0: 0x8000514c (0x4117dd93) srai    s11, a5, 17
core   0: 3 0x8000514c (0x4117dd93) x27 0x00000000
core   0: 0x80005150 (0x8f7ba893) slti    a7, s7, -1801
core   0: 3 0x80005150 (0x8f7ba893) x17 0x00000000
core   0: 0x80005154 (0xdaaf2b13) slti    s6, t5, -598
core   0: 3 0x80005154 (0xdaaf2b13) x22 0x00000000
core   0: 0x80005158 (0x01925eb3) srl     t4, tp, s9
core   0: 3 0x80005158 (0x01925eb3) x29 0x00000007
core   0: 0x8000515c (0x01a74933) xor     s2, a4, s10
core   0: 3 0x8000515c (0x01a74933) x18 0x6bd319ba
core   0: 0x80005160 (0x41eb5f33) sra     t5, s6, t5
core   0: 3 0x80005160 (0x41eb5f33) x30 0x00000000
core   0: 0x80005164 (0x00000013) nop
core   0: 3 0x80005164 (0x00000013)
core   0: 0x80005168 (0x014492b3) sll     t0, s1, s4
core   0: 3 0x80005168 (0x014492b3) x 5 0x80000000
core   0: 0x8000516c (0x01746bb3) or      s7, s0, s7
core   0: 3 0x8000516c (0x01746bb3) x23 0x90f260a9
core   0: 0x80005170 (0x00e4da33) srl     s4, s1, a4
core   0: 3 0x80005170 (0x00e4da33) x20 0x00002000
core   0: 0x80005174 (0x003631b3) sltu    gp, a2, gp
core   0: 3 0x80005174 (0x003631b3) x 3 0x00000001
core   0: 0x80005178 (0x40975293) srai    t0, a4, 9
core   0: 3 0x80005178 (0x40975293) x 5 0x001da7ec
core   0: 0x8000517c (0xf095f593) andi    a1, a1, -247
core   0: 3 0x8000517c (0xf095f593) x11 0x00000000
core   0: 0x80005180 (0x00bb5213) srli    tp, s6, 11
core   0: 3 0x80005180 (0x00bb5213) x 4 0x00000000
core   0: 0x80005184 (0x40ecdbb3) sra     s7, s9, a4
core   0: 3 0x80005184 (0x40ecdbb3) x23 0x00000000
core   0: 0x80005188 (0x0147a4b3) slt     s1, a5, s4
core   0: 3 0x80005188 (0x0147a4b3) x 9 0x00000001
core   0: 0x8000518c (0x00dd51b3) srl     gp, s10, a3
core   0: 3 0x8000518c (0x00dd51b3) x 3 0x509cc148
core   0: 0x80005190 (0x01805213) srli    tp, zero, 24
core   0: 3 0x80005190 (0x01805213) x 4 0x00000000
core   0: 0x80005194 (0xeac10b93) addi    s7, sp, -340
core   0: 3 0x80005194 (0xeac10b93) x23 0x3b4fdf20
core   0: 0x80005198 (0x0173b9b3) sltu    s3, t2, s7
core   0: 3 0x80005198 (0x0173b9b3) x19 0x00000000
core   0: 0x8000519c (0x0022fe33) and     t3, t0, sp
core   0: 3 0x8000519c (0x0022fe33) x28 0x000da064
core   0: 0x800051a0 (0x19554497) auipc   s1, 0x19554
core   0: 3 0x800051a0 (0x19554497) x 9 0x995591a0
core   0: 0x800051a4 (0x00a91c13) slli    s8, s2, 10
core   0: 3 0x800051a4 (0x00a91c13) x24 0x4c66e800
core   0: 0x800051a8 (0x00000013) nop
core   0: 3 0x800051a8 (0x00000013)
core   0: 0x800051ac (0x60d5a797) auipc   a5, 0x60d5a
core   0: 3 0x800051ac (0x60d5a797) x15 0xe0d5f1ac
core   0: 0x800051b0 (0x00626233) or      tp, tp, t1
core   0: 3 0x800051b0 (0x00626233) x 4 0x80014ce4
core   0: 0x800051b4 (0x4107de93) srai    t4, a5, 16
core   0: 3 0x800051b4 (0x4107de93) x29 0xffffe0d5
core   0: 0x800051b8 (0x0037acb3) slt     s9, a5, gp
core   0: 3 0x800051b8 (0x0037acb3) x25 0x00000001
core   0: 0x800051bc (0x00000013) nop
core   0: 3 0x800051bc (0x00000013)
core   0: 0x800051c0 (0x4105d993) srai    s3, a1, 16
core   0: 3 0x800051c0 (0x4105d993) x19 0x00000000
core   0: 0x800051c4 (0x502b8437) lui     s0, 0x502b8
core   0: 3 0x800051c4 (0x502b8437) x 8 0x502b8000
core   0: 0x800051c8 (0x018851b3) srl     gp, a6, s8
core   0: 3 0x800051c8 (0x018851b3) x 3 0x00000000
core   0: 0x800051cc (0xc6da0c13) addi    s8, s4, -915
core   0: 3 0x800051cc (0xc6da0c13) x24 0x00001c6d
core   0: 0x800051d0 (0x00675eb3) srl     t4, a4, t1
core   0: 3 0x800051d0 (0x00675eb3) x29 0x03b4fd8f
core   0: 0x800051d4 (0x41f45633) sra     a2, s0, t6
core   0: 3 0x800051d4 (0x41f45633) x12 0x0000000a
core   0: 0x800051d8 (0x01e524b7) lui     s1, 0x1e52
core   0: 3 0x800051d8 (0x01e524b7) x 9 0x01e52000
core   0: 0x800051dc (0x00000013) nop
core   0: 3 0x800051dc (0x00000013)
core   0: 0x800051e0 (0x01064bb3) xor     s7, a2, a6
core   0: 3 0x800051e0 (0x01064bb3) x23 0x0000000a
core   0: 0x800051e4 (0xb8b05737) lui     a4, 0xb8b05
core   0: 3 0x800051e4 (0xb8b05737) x14 0xb8b05000
core   0: 0x800051e8 (0x01d85733) srl     a4, a6, t4
core   0: 3 0x800051e8 (0x01d85733) x14 0x00000000
core   0: 0x800051ec (0x00edfbb3) and     s7, s11, a4
core   0: 3 0x800051ec (0x00edfbb3) x23 0x00000000
core   0: 0x800051f0 (0x415c57b3) sra     a5, s8, s5
core   0: 3 0x800051f0 (0x415c57b3) x15 0x0000038d
core   0: 0x800051f4 (0xe26dad13) slti    s10, s11, -474
core   0: 3 0x800051f4 (0xe26dad13) x26 0x00000000
core   0: 0x800051f8 (0x869df293) andi    t0, s11, -1943
core   0: 3 0x800051f8 (0x869df293) x 5 0x00000000
core   0: 0x800051fc (0x6fa16c13) ori     s8, sp, 1786
core   0: 3 0x800051fc (0x6fa16c13) x24 0x3b4fe6fe
core   0: 0x80005200 (0x67ce15b7) lui     a1, 0x67ce1
core   0: 3 0x80005200 (0x67ce15b7) x11 0x67ce1000
core   0: 0x80005204 (0x007902b3) add     t0, s2, t2
core   0: 3 0x80005204 (0x007902b3) x 5 0xebd319ba
core   0: 0x80005208 (0x01f33ab3) sltu    s5, t1, t6
core   0: 3 0x80005208 (0x01f33ab3) x21 0x00000000
core   0: 0x8000520c (0xc6302213) slti    tp, zero, -925
core   0: 3 0x8000520c (0xc6302213) x 4 0x00000000
core   0: 0x80005210 (0x40108e33) sub     t3, ra, ra
core   0: 3 0x80005210 (0x40108e33) x28 0x00000000
core   0: 0x80005214 (0x886d4193) xori    gp, s10, -1914
core   0: 3 0x80005214 (0x886d4193) x 3 0xfffff886
core   0: 0x80005218 (0x40acd4b3) sra     s1, s9, a0
core   0: 3 0x80005218 (0x40acd4b3) x 9 0x00000000
core   0: 0x8000521c (0x005fcbb3) xor     s7, t6, t0
core   0: 3 0x8000521c (0x005fcbb3) x23 0xf00f76e1
core   0: 0x80005220 (0xa6579117) auipc   sp, 0xa6579
core   0: 3 0x80005220 (0xa6579117) x 2 0x2657e220
core   0: 0x80005224 (0x001b2733) slt     a4, s6, ra
core   0: 3 0x80005224 (0x001b2733) x14 0x00000000
core   0: 0x80005228 (0x01c8ca33) xor     s4, a7, t3
core   0: 3 0x80005228 (0x01c8ca33) x20 0x00000000
core   0: 0x8000522c (0x00151d13) slli    s10, a0, 1
core   0: 3 0x8000522c (0x00151d13) x26 0x00021cc8
core   0: 0x80005230 (0x01215233) srl     tp, sp, s2
core   0: 3 0x80005230 (0x01215233) x 4 0x00000009
core   0: 0x80005234 (0x013d9d13) slli    s10, s11, 19
core   0: 3 0x80005234 (0x013d9d13) x26 0x00000000
core   0: 0x80005238 (0x0079e7b3) or      a5, s3, t2
core   0: 3 0x80005238 (0x0079e7b3) x15 0x80000000
core   0: 0x8000523c (0x014a6833) or      a6, s4, s4
core   0: 3 0x8000523c (0x014a6833) x16 0x00000000
core   0: 0x80005240 (0x01ed1893) slli    a7, s10, 30
core   0: 3 0x80005240 (0x01ed1893) x17 0x00000000
core   0: 0x80005244 (0xaff77113) andi    sp, a4, -1281
core   0: 3 0x80005244 (0xaff77113) x 2 0x00000000
core   0: 0x80005248 (0x00000013) nop
core   0: 3 0x80005248 (0x00000013)
core   0: 0x8000524c (0x008fa633) slt     a2, t6, s0
core   0: 3 0x8000524c (0x008fa633) x12 0x00000001
core   0: 0x80005250 (0x008e5093) srli    ra, t3, 8
core   0: 3 0x80005250 (0x008e5093) x 1 0x00000000
core   0: 0x80005254 (0xe9326213) ori     tp, tp, -365
core   0: 3 0x80005254 (0xe9326213) x 4 0xfffffe9b
core   0: 0x80005258 (0x00000013) nop
core   0: 3 0x80005258 (0x00000013)
core   0: 0x8000525c (0xaad68d13) addi    s10, a3, -1363
core   0: 3 0x8000525c (0xaad68d13) x26 0x4ff48aad
core   0: 0x80005260 (0x016e8733) add     a4, t4, s6
core   0: 3 0x80005260 (0x016e8733) x14 0x03b4fd8f
core   0: 0x80005264 (0x01ec8233) add     tp, s9, t5
core   0: 3 0x80005264 (0x01ec8233) x 4 0x00000001
core   0: 0x80005268 (0x01f476b3) and     a3, s0, t6
core   0: 3 0x80005268 (0x01f476b3) x13 0x10080000
core   0: 0x8000526c (0x0028beb3) sltu    t4, a7, sp
core   0: 3 0x8000526c (0x0028beb3) x29 0x00000000
core   0: 0x80005270 (0x00805933) srl     s2, zero, s0
core   0: 3 0x80005270 (0x00805933) x18 0x00000000
core   0: 0x80005274 (0x9b9c1f97) auipc   t6, 0x9b9c1
core   0: 3 0x80005274 (0x9b9c1f97) x31 0x1b9c6274
core   0: 0x80005278 (0x82991097) auipc   ra, 0x82991
core   0: 3 0x80005278 (0x82991097) x 1 0x02996278
core   0: 0x8000527c (0x01dbd813) srli    a6, s7, 29
core   0: 3 0x8000527c (0x01dbd813) x16 0x00000007
core   0: 0x80005280 (0xe09ebd13) sltiu   s10, t4, -503
core   0: 3 0x80005280 (0xe09ebd13) x26 0x00000001
core   0: 0x80005284 (0x0079a9b3) slt     s3, s3, t2
core   0: 3 0x80005284 (0x0079a9b3) x19 0x00000000
core   0: 0x80005288 (0x41f35f13) srai    t5, t1, 31
core   0: 3 0x80005288 (0x41f35f13) x30 0xffffffff
core   0: 0x8000528c (0x007af833) and     a6, s5, t2
core   0: 3 0x8000528c (0x007af833) x16 0x00000000
core   0: 0x80005290 (0xb0e14c13) xori    s8, sp, -1266
core   0: 3 0x80005290 (0xb0e14c13) x24 0xfffffb0e
core   0: 0x80005294 (0xe3c7b293) sltiu   t0, a5, -452
core   0: 3 0x80005294 (0xe3c7b293) x 5 0x00000001
core   0: 0x80005298 (0x418b0133) sub     sp, s6, s8
core   0: 3 0x80005298 (0x418b0133) x 2 0x000004f2
core   0: 0x8000529c (0x5f412eb7) lui     t4, 0x5f412
core   0: 3 0x8000529c (0x5f412eb7) x29 0x5f412000
core   0: 0x800052a0 (0x00c4d193) srli    gp, s1, 12
core   0: 3 0x800052a0 (0x00c4d193) x 3 0x00000000
core   0: 0x800052a4 (0x00000013) nop
core   0: 3 0x800052a4 (0x00000013)
core   0: 0x800052a8 (0x00b24633) xor     a2, tp, a1
core   0: 3 0x800052a8 (0x00b24633) x12 0x67ce1001
core   0: 0x800052ac (0x40e95013) srai    zero, s2, 14
core   0: 3 0x800052ac (0x40e95013)
core   0: 0x800052b0 (0x0075a033) slt     zero, a1, t2
core   0: 3 0x800052b0 (0x0075a033)
core   0: 0x800052b4 (0x01659713) slli    a4, a1, 22
core   0: 3 0x800052b4 (0x01659713) x14 0x00000000
core   0: 0x800052b8 (0x004a05b3) add     a1, s4, tp
core   0: 3 0x800052b8 (0x004a05b3) x11 0x00000001
core   0: 0x800052bc (0x00ee27b3) slt     a5, t3, a4
core   0: 3 0x800052bc (0x00ee27b3) x15 0x00000000
core   0: 0x800052c0 (0x40eb5ab3) sra     s5, s6, a4
core   0: 3 0x800052c0 (0x40eb5ab3) x21 0x00000000
core   0: 0x800052c4 (0x42b10913) addi    s2, sp, 1067
core   0: 3 0x800052c4 (0x42b10913) x18 0x0000091d
core   0: 0x800052c8 (0x003dda93) srli    s5, s11, 3
core   0: 3 0x800052c8 (0x003dda93) x21 0x00000000
core   0: 0x800052cc (0x01a37d33) and     s10, t1, s10
core   0: 3 0x800052cc (0x01a37d33) x26 0x00000000
core   0: 0x800052d0 (0x0162d733) srl     a4, t0, s6
core   0: 3 0x800052d0 (0x0162d733) x14 0x00000001
core   0: 0x800052d4 (0x009bbe33) sltu    t3, s7, s1
core   0: 3 0x800052d4 (0x009bbe33) x28 0x00000000
core   0: 0x800052d8 (0x01136133) or      sp, t1, a7
core   0: 3 0x800052d8 (0x01136133) x 2 0x80014ce4
core   0: 0x800052dc (0xa7b5f813) andi    a6, a1, -1413
core   0: 3 0x800052dc (0xa7b5f813) x16 0x00000001
core   0: 0x800052e0 (0x00d51fb3) sll     t6, a0, a3
core   0: 3 0x800052e0 (0x00d51fb3) x31 0x80010e64
core   0: 0x800052e4 (0xc6e8b813) sltiu   a6, a7, -914
core   0: 3 0x800052e4 (0xc6e8b813) x16 0x00000001
core   0: 0x800052e8 (0x00000013) nop
core   0: 3 0x800052e8 (0x00000013)
core   0: 0x800052ec (0x01af3cb3) sltu    s9, t5, s10
core   0: 3 0x800052ec (0x01af3cb3) x25 0x00000000
core   0: 0x800052f0 (0x01cf9793) slli    a5, t6, 28
core   0: 3 0x800052f0 (0x01cf9793) x15 0x40000000
core   0: 0x800052f4 (0x4103da93) srai    s5, t2, 16
core   0: 3 0x800052f4 (0x4103da93) x21 0xffff8000
core   0: 0x800052f8 (0x00000013) nop
core   0: 3 0x800052f8 (0x00000013)
core   0: 0x800052fc (0x40af5e13) srai    t3, t5, 10
core   0: 3 0x800052fc (0x40af5e13) x28 0xffffffff
core   0: 0x80005300 (0x015158b3) srl     a7, sp, s5
core   0: 3 0x80005300 (0x015158b3) x17 0x80014ce4
core   0: 0x80005304 (0x01fb9bb3) sll     s7, s7, t6
core   0: 3 0x80005304 (0x01fb9bb3) x23 0x00f76e10
core   0: 0x80005308 (0x57710117) auipc   sp, 0x57710
core   0: 3 0x80005308 (0x57710117) x 2 0xd7715308
core   0: 0x8000530c (0x1146bc97) auipc   s9, 0x1146b
core   0: 3 0x8000530c (0x1146bc97) x25 0x9147030c
core   0: 0x80005310 (0x7a328c37) lui     s8, 0x7a328
core   0: 3 0x80005310 (0x7a328c37) x24 0x7a328000
core   0: 0x80005314 (0xc4482a13) slti    s4, a6, -956
core   0: 3 0x80005314 (0xc4482a13) x20 0x00000000
core   0: 0x80005318 (0x020657b7) lui     a5, 0x2065
core   0: 3 0x80005318 (0x020657b7) x15 0x02065000
core   0: 0x8000531c (0x001a8bb3) add     s7, s5, ra
core   0: 3 0x8000531c (0x001a8bb3) x23 0x0298e278
core   0: 0x80005320 (0x011b19b3) sll     s3, s6, a7
core   0: 3 0x80005320 (0x011b19b3) x19 0x00000000
core   0: 0x80005324 (0xd11fc693) xori    a3, t6, -751
core   0: 3 0x80005324 (0xd11fc693) x13 0x7ffef375
core   0: 0x80005328 (0x00ff8e33) add     t3, t6, a5
core   0: 3 0x80005328 (0x00ff8e33) x28 0x82075e64
core   0: 0x8000532c (0x009cfcb3) and     s9, s9, s1
core   0: 3 0x8000532c (0x009cfcb3) x25 0x00000000
core   0: 0x80005330 (0x3a776693) ori     a3, a4, 935
core   0: 3 0x80005330 (0x3a776693) x13 0x000003a7
core   0: 0x80005334 (0x94224b13) xori    s6, tp, -1726
core   0: 3 0x80005334 (0x94224b13) x22 0xfffff943
core   0: 0x80005338 (0x40d80633) sub     a2, a6, a3
core   0: 3 0x80005338 (0x40d80633) x12 0xfffffc5a
core   0: 0x8000533c (0x008fe733) or      a4, t6, s0
core   0: 3 0x8000533c (0x008fe733) x14 0xd02b8e64
core   0: 0x80005340 (0x24f70f37) lui     t5, 0x24f70
core   0: 3 0x80005340 (0x24f70f37) x30 0x24f70000
core   0: 0x80005344 (0x002c67b3) or      a5, s8, sp
core   0: 3 0x80005344 (0x002c67b3) x15 0xff73d308
core   0: 0x80005348 (0x00000013) nop
core   0: 3 0x80005348 (0x00000013)
core   0: 0x8000534c (0x410dd193) srai    gp, s11, 16
core   0: 3 0x8000534c (0x410dd193) x 3 0x00000000
core   0: 0x80005350 (0xb04f8b17) auipc   s6, 0xb04f8
core   0: 3 0x80005350 (0xb04f8b17) x22 0x304fd350
core   0: 0x80005354 (0xf6b4a013) slti    zero, s1, -149
core   0: 3 0x80005354 (0xf6b4a013)
core   0: 0x80005358 (0xcbd73593) sltiu   a1, a4, -835
core   0: 3 0x80005358 (0xcbd73593) x11 0x00000001
core   0: 0x8000535c (0x01741a33) sll     s4, s0, s7
core   0: 3 0x8000535c (0x01741a33) x20 0x00000000
core   0: 0x80005360 (0x17aa3c93) sltiu   s9, s4, 378
core   0: 3 0x80005360 (0x17aa3c93) x25 0x00000001
core   0: 0x80005364 (0x7b2c7f13) andi    t5, s8, 1970
core   0: 3 0x80005364 (0x7b2c7f13) x30 0x00000000
core   0: 0x80005368 (0x40555733) sra     a4, a0, t0
core   0: 3 0x80005368 (0x40555733) x14 0xc0008732
core   0: 0x8000536c (0x80000d37) lui     s10, 0x80000
core   0: 3 0x8000536c (0x80000d37) x26 0x80000000
core   0: 0x80005370 (0x80000fb7) lui     t6, 0x80000
core   0: 3 0x80005370 (0x80000fb7) x31 0x80000000
core   0: 0x80005374 (0x00000913) li      s2, 0
core   0: 3 0x80005374 (0x00000913) x18 0x00000000
core   0: 0x80005378 (0x35a411b7) lui     gp, 0x35a41
core   0: 3 0x80005378 (0x35a411b7) x 3 0x35a41000
core   0: 0x8000537c (0x98e18193) addi    gp, gp, -1650
core   0: 3 0x8000537c (0x98e18193) x 3 0x35a4098e
core   0: 0x80005380 (0x00000e13) li      t3, 0
core   0: 3 0x80005380 (0x00000e13) x28 0x00000000
core   0: 0x80005384 (0x800000b7) lui     ra, 0x80000
core   0: 3 0x80005384 (0x800000b7) x 1 0x80000000
core   0: 0x80005388 (0xfff00413) li      s0, -1
core   0: 3 0x80005388 (0xfff00413) x 8 0xffffffff
core   0: 0x8000538c (0x00000213) li      tp, 0
core   0: 3 0x8000538c (0x00000213) x 4 0x00000000
core   0: 0x80005390 (0x800002b7) lui     t0, 0x80000
core   0: 3 0x80005390 (0x800002b7) x 5 0x80000000
core   0: 0x80005394 (0xfff00b13) li      s6, -1
core   0: 3 0x80005394 (0xfff00b13) x22 0xffffffff
core   0: 0x80005398 (0x003b0933) add     s2, s6, gp
core   0: 3 0x80005398 (0x003b0933) x18 0x35a4098d
core   0: 0x8000539c (0x401e0433) sub     s0, t3, ra
core   0: 3 0x8000539c (0x401e0433) x 8 0x80000000
core   0: 0x800053a0 (0x41c280b3) sub     ra, t0, t3
core   0: 3 0x800053a0 (0x41c280b3) x 1 0x80000000
core   0: 0x800053a4 (0x00000013) nop
core   0: 3 0x800053a4 (0x00000013)
core   0: 0x800053a8 (0x00000013) nop
core   0: 3 0x800053a8 (0x00000013)
core   0: 0x800053ac (0x004b0933) add     s2, s6, tp
core   0: 3 0x800053ac (0x004b0933) x18 0xffffffff
core   0: 0x800053b0 (0x1a920d13) addi    s10, tp, 425
core   0: 3 0x800053b0 (0x1a920d13) x26 0x000001a9
core   0: 0x800053b4 (0xf5894917) auipc   s2, 0xf5894
core   0: 3 0x800053b4 (0xf5894917) x18 0x758993b4
core   0: 0x800053b8 (0x868b1f97) auipc   t6, 0x868b1
core   0: 3 0x800053b8 (0x868b1f97) x31 0x068b63b8
core   0: 0x800053bc (0xdb728213) addi    tp, t0, -585
core   0: 3 0x800053bc (0xdb728213) x 4 0x7ffffdb7
core   0: 0x800053c0 (0x00000013) nop
core   0: 3 0x800053c0 (0x00000013)
core   0: 0x800053c4 (0x98acae37) lui     t3, 0x98aca
core   0: 3 0x800053c4 (0x98acae37) x28 0x98aca000
core   0: 0x800053c8 (0x408f81b3) sub     gp, t6, s0
core   0: 3 0x800053c8 (0x408f81b3) x 3 0x868b63b8
core   0: 0x800053cc (0xa33e0f93) addi    t6, t3, -1485
core   0: 3 0x800053cc (0xa33e0f93) x31 0x98ac9a33
core   0: 0x800053d0 (0xdb261297) auipc   t0, 0xdb261
core   0: 3 0x800053d0 (0xdb261297) x 5 0x5b2663d0
core   0: 0x800053d4 (0x40190fb3) sub     t6, s2, ra
core   0: 3 0x800053d4 (0x40190fb3) x31 0xf58993b4
core   0: 0x800053d8 (0x1c618e13) addi    t3, gp, 454
core   0: 3 0x800053d8 (0x1c618e13) x28 0x868b657e
core   0: 0x800053dc (0x00000013) nop
core   0: 3 0x800053dc (0x00000013)
core   0: 0x800053e0 (0x005e01b3) add     gp, t3, t0
core   0: 3 0x800053e0 (0x005e01b3) x 3 0xe1b1c94e
core   0: 0x800053e4 (0x4e170437) lui     s0, 0x4e170
core   0: 3 0x800053e4 (0x4e170437) x 8 0x4e170000
core   0: 0x800053e8 (0x016282b3) add     t0, t0, s6
core   0: 3 0x800053e8 (0x016282b3) x 5 0x5b2663cf
core   0: 0x800053ec (0x00a43633) sltu    a2, s0, a0
core   0: 3 0x800053ec (0x00a43633) x12 0x00000001
core   0: 0x800053f0 (0xc82d0717) auipc   a4, 0xc82d0
core   0: 3 0x800053f0 (0xc82d0717) x14 0x482d53f0
core   0: 0x800053f4 (0x00191f13) slli    t5, s2, 1
core   0: 3 0x800053f4 (0x00191f13) x30 0xeb132768
core   0: 0x800053f8 (0x4196dc33) sra     s8, a3, s9
core   0: 3 0x800053f8 (0x4196dc33) x24 0x000001d3
core   0: 0x800053fc (0xc6cd4693) xori    a3, s10, -916
core   0: 3 0x800053fc (0xc6cd4693) x13 0xfffffdc5
core   0: 0x80005400 (0x46f98c97) auipc   s9, 0x46f98
core   0: 3 0x80005400 (0x46f98c97) x25 0xc6f9d400
core   0: 0x80005404 (0x01367fb3) and     t6, a2, s3
core   0: 3 0x80005404 (0x01367fb3) x31 0x00000000
core   0: 0x80005408 (0x40d18cb3) sub     s9, gp, a3
core   0: 3 0x80005408 (0x40d18cb3) x25 0xe1b1cb89
core   0: 0x8000540c (0x4df4b293) sltiu   t0, s1, 1247
core   0: 3 0x8000540c (0x4df4b293) x 5 0x00000001
core   0: 0x80005410 (0x15daff13) andi    t5, s5, 349
core   0: 3 0x80005410 (0x15daff13) x30 0x00000000
core   0: 0x80005414 (0x88617193) andi    gp, sp, -1914
core   0: 3 0x80005414 (0x88617193) x 3 0xd7715000
core   0: 0x80005418 (0x001a0eb3) add     t4, s4, ra
core   0: 3 0x80005418 (0x001a0eb3) x29 0x80000000
core   0: 0x8000541c (0x40a852b3) sra     t0, a6, a0
core   0: 3 0x8000541c (0x40a852b3) x 5 0x00000000
core   0: 0x80005420 (0x00b108b3) add     a7, sp, a1
core   0: 3 0x80005420 (0x00b108b3) x17 0xd7715309
core   0: 0x80005424 (0x0078c9b3) xor     s3, a7, t2
core   0: 3 0x80005424 (0x0078c9b3) x19 0x57715309
core   0: 0x80005428 (0x61353817) auipc   a6, 0x61353
core   0: 3 0x80005428 (0x61353817) x16 0xe1358428
core   0: 0x8000542c (0x01086a33) or      s4, a6, a6
core   0: 3 0x8000542c (0x01086a33) x20 0xe1358428
core   0: 0x80005430 (0x00705bb3) srl     s7, zero, t2
core   0: 3 0x80005430 (0x00705bb3) x23 0x00000000
core   0: 0x80005434 (0x431890b7) lui     ra, 0x43189
core   0: 3 0x80005434 (0x431890b7) x 1 0x43189000
core   0: 0x80005438 (0x00aa32b3) sltu    t0, s4, a0
core   0: 3 0x80005438 (0x00aa32b3) x 5 0x00000000
core   0: 0x8000543c (0x0009e833) or      a6, s3, zero
core   0: 3 0x8000543c (0x0009e833) x16 0x57715309
core   0: 0x80005440 (0x6ba84217) auipc   tp, 0x6ba84
core   0: 3 0x80005440 (0x6ba84217) x 4 0xeba89440
core   0: 0x80005444 (0x01590db3) add     s11, s2, s5
core   0: 3 0x80005444 (0x01590db3) x27 0x758913b4
core   0: 0x80005448 (0xd6810293) addi    t0, sp, -664
core   0: 3 0x80005448 (0xd6810293) x 5 0xd7715070
core   0: 0x8000544c (0x00213bb3) sltu    s7, sp, sp
core   0: 3 0x8000544c (0x00213bb3) x23 0x00000000
core   0: 0x80005450 (0x87d420b7) lui     ra, 0x87d42
core   0: 3 0x80005450 (0x87d420b7) x 1 0x87d42000
core   0: 0x80005454 (0x00000013) nop
core   0: 3 0x80005454 (0x00000013)
core   0: 0x80005458 (0x410ed493) srai    s1, t4, 16
core   0: 3 0x80005458 (0x410ed493) x 9 0xffff8000
core   0: 0x8000545c (0x8447a493) slti    s1, a5, -1980
core   0: 3 0x8000545c (0x8447a493) x 9 0x00000001
core   0: 0x80005460 (0x007d7133) and     sp, s10, t2
core   0: 3 0x80005460 (0x007d7133) x 2 0x00000000
core   0: 0x80005464 (0x4806ca13) xori    s4, a3, 1152
core   0: 3 0x80005464 (0x4806ca13) x20 0xfffff945
core   0: 0x80005468 (0x348dd117) auipc   sp, 0x348dd
core   0: 3 0x80005468 (0x348dd117) x 2 0xb48e2468
core   0: 0x8000546c (0xe4867b13) andi    s6, a2, -440
core   0: 3 0x8000546c (0xe4867b13) x22 0x00000000
core   0: 0x80005470 (0x01e1deb3) srl     t4, gp, t5
core   0: 3 0x80005470 (0x01e1deb3) x29 0xd7715000
core   0: 0x80005474 (0x0102de13) srli    t3, t0, 16
core   0: 3 0x80005474 (0x0102de13) x28 0x0000d771
core   0: 0x80005478 (0x4165d2b3) sra     t0, a1, s6
core   0: 3 0x80005478 (0x4165d2b3) x 5 0x00000001
core   0: 0x8000547c (0x010e9033) sll     zero, t4, a6
core   0: 3 0x8000547c (0x010e9033)
core   0: 0x80005480 (0x403cdc93) srai    s9, s9, 3
core   0: 3 0x80005480 (0x403cdc93) x25 0xfc363971
core   0: 0x80005484 (0x008b5013) srli    zero, s6, 8
core   0: 3 0x80005484 (0x008b5013)
core   0: 0x80005488 (0x00225b33) srl     s6, tp, sp
core   0: 3 0x80005488 (0x00225b33) x22 0x00eba894
core   0: 0x8000548c (0xf9aea693) slti    a3, t4, -102
core   0: 3 0x8000548c (0xf9aea693) x13 0x00000001
core   0: 0x80005490 (0x00c34b33) xor     s6, t1, a2
core   0: 3 0x80005490 (0x00c34b33) x22 0x80014ce5
core   0: 0x80005494 (0x00f311b3) sll     gp, t1, a5
core   0: 3 0x80005494 (0x00f311b3) x 3 0x014ce400
core   0: 0x80005498 (0xd2fba693) slti    a3, s7, -721
core   0: 3 0x80005498 (0xd2fba693) x13 0x00000000
core   0: 0x8000549c (0x000e9cb3) sll     s9, t4, zero
core   0: 3 0x8000549c (0x000e9cb3) x25 0xd7715000
core   0: 0x800054a0 (0x01dfaeb3) slt     t4, t6, t4
core   0: 3 0x800054a0 (0x01dfaeb3) x29 0x00000000
core   0: 0x800054a4 (0x00000013) nop
core   0: 3 0x800054a4 (0x00000013)
core   0: 0x800054a8 (0x40a25c93) srai    s9, tp, 10
core   0: 3 0x800054a8 (0x40a25c93) x25 0xfffaea25
core   0: 0x800054ac (0x00741a33) sll     s4, s0, t2
core   0: 3 0x800054ac (0x00741a33) x20 0x4e170000
core   0: 0x800054b0 (0xb0c9ad37) lui     s10, 0xb0c9a
core   0: 3 0x800054b0 (0xb0c9ad37) x26 0xb0c9a000
core   0: 0x800054b4 (0x41f05693) srai    a3, zero, 31
core   0: 3 0x800054b4 (0x41f05693) x13 0x00000000
core   0: 0x800054b8 (0x3b896713) ori     a4, s2, 952
core   0: 3 0x800054b8 (0x3b896713) x14 0x758993bc
core   0: 0x800054bc (0x40a25b33) sra     s6, tp, a0
core   0: 3 0x800054bc (0x40a25b33) x22 0xfeba8944
core   0: 0x800054c0 (0xba16f937) lui     s2, 0xba16f
core   0: 3 0x800054c0 (0xba16f937) x18 0xba16f000
core   0: 0x800054c4 (0xa905ca13) xori    s4, a1, -1392
core   0: 3 0x800054c4 (0xa905ca13) x20 0xfffffa91
core   0: 0x800054c8 (0x01a81413) slli    s0, a6, 26
core   0: 3 0x800054c8 (0x01a81413) x 8 0x24000000
core   0: 0x800054cc (0x22fdee13) ori     t3, s11, 559
core   0: 3 0x800054cc (0x22fdee13) x28 0x758913bf
core   0: 0x800054d0 (0x01134bb3) xor     s7, t1, a7
core   0: 3 0x800054d0 (0x01134bb3) x23 0x57701fed
core   0: 0x800054d4 (0x01772733) slt     a4, a4, s7
core   0: 3 0x800054d4 (0x01772733) x14 0x00000000
core   0: 0x800054d8 (0x00000013) nop
core   0: 3 0x800054d8 (0x00000013)
core   0: 0x800054dc (0x40915e93) srai    t4, sp, 9
core   0: 3 0x800054dc (0x40915e93) x29 0xffda4712
core   0: 0x800054e0 (0x36e4f717) auipc   a4, 0x36e4f
core   0: 3 0x800054e0 (0x36e4f717) x14 0xb6e544e0
core   0: 0x800054e4 (0x46460193) addi    gp, a2, 1124
core   0: 3 0x800054e4 (0x46460193) x 3 0x00000465
core   0: 0x800054e8 (0xc5bf8613) addi    a2, t6, -933
core   0: 3 0x800054e8 (0xc5bf8613) x12 0xfffffc5b
core   0: 0x800054ec (0x40e5dc33) sra     s8, a1, a4
core   0: 3 0x800054ec (0x40e5dc33) x24 0x00000001
core   0: 0x800054f0 (0x4125d793) srai    a5, a1, 18
core   0: 3 0x800054f0 (0x4125d793) x15 0x00000000
core   0: 0x800054f4 (0x69a48b13) addi    s6, s1, 1690
core   0: 3 0x800054f4 (0x69a48b13) x22 0x0000069b
core   0: 0x800054f8 (0x01e76033) or      zero, a4, t5
core   0: 3 0x800054f8 (0x01e76033)
core   0: 0x800054fc (0xd6a546b7) lui     a3, 0xd6a54
core   0: 3 0x800054fc (0xd6a546b7) x13 0xd6a54000
core   0: 0x80005500 (0x00f11b93) slli    s7, sp, 15
core   0: 3 0x80005500 (0x00f11b93) x23 0x12340000
core   0: 0x80005504 (0x40c70e33) sub     t3, a4, a2
core   0: 3 0x80005504 (0x40c70e33) x28 0xb6e54885
core   0: 0x80005508 (0x41c95993) srai    s3, s2, 28
core   0: 3 0x80005508 (0x41c95993) x19 0xfffffffb
core   0: 0x8000550c (0x50cbf013) andi    zero, s7, 1292
core   0: 3 0x8000550c (0x50cbf013)
core   0: 0x80005510 (0x8fc5b797) auipc   a5, 0x8fc5b
core   0: 3 0x80005510 (0x8fc5b797) x15 0x0fc60510
core   0: 0x80005514 (0xd6d33193) sltiu   gp, t1, -659
core   0: 3 0x80005514 (0xd6d33193) x 3 0x00000001
core   0: 0x80005518 (0x015a8733) add     a4, s5, s5
core   0: 3 0x80005518 (0x015a8733) x14 0xffff0000
core   0: 0x8000551c (0x006babb3) slt     s7, s7, t1
core   0: 3 0x8000551c (0x006babb3) x23 0x00000000
core   0: 0x80005520 (0x0102bb33) sltu    s6, t0, a6
core   0: 3 0x80005520 (0x0102bb33) x22 0x00000001
core   0: 0x80005524 (0x00000013) nop
core   0: 3 0x80005524 (0x00000013)
core   0: 0x80005528 (0x1dc7ae93) slti    t4, a5, 476
core   0: 3 0x80005528 (0x1dc7ae93) x29 0x00000000
core   0: 0x8000552c (0x2fb42713) slti    a4, s0, 763
core   0: 3 0x8000552c (0x2fb42713) x14 0x00000000
core   0: 0x80005530 (0xd9233d13) sltiu   s10, t1, -622
core   0: 3 0x80005530 (0xd9233d13) x26 0x00000001
core   0: 0x80005534 (0x01f5b2b3) sltu    t0, a1, t6
core   0: 3 0x80005534 (0x01f5b2b3) x 5 0x00000000
core   0: 0x80005538 (0x00206eb3) or      t4, zero, sp
core   0: 3 0x80005538 (0x00206eb3) x29 0xb48e2468
core   0: 0x8000553c (0x2c4b3417) auipc   s0, 0x2c4b3
core   0: 3 0x8000553c (0x2c4b3417) x 8 0xac4b853c
core   0: 0x80005540 (0x3de42193) slti    gp, s0, 990
core   0: 3 0x80005540 (0x3de42193) x 3 0x00000001
core   0: 0x80005544 (0x00bbe033) or      zero, s7, a1
core   0: 3 0x80005544 (0x00bbe033)
core   0: 0x80005548 (0xe63ae093) ori     ra, s5, -413
core   0: 3 0x80005548 (0xe63ae093) x 1 0xfffffe63
core   0: 0x8000554c (0x01705133) srl     sp, zero, s7
core   0: 3 0x8000554c (0x01705133) x 2 0x00000000
core   0: 0x80005550 (0xa4990113) addi    sp, s2, -1463
core   0: 3 0x80005550 (0xa4990113) x 2 0xba16ea49
core   0: 0x80005554 (0x00b0c133) xor     sp, ra, a1
core   0: 3 0x80005554 (0x00b0c133) x 2 0xfffffe62
core   0: 0x80005558 (0x40b20bb3) sub     s7, tp, a1
core   0: 3 0x80005558 (0x40b20bb3) x23 0xeba8943f
core   0: 0x8000555c (0xe761c593) xori    a1, gp, -394
core   0: 3 0x8000555c (0xe761c593) x11 0xfffffe77
core   0: 0x80005560 (0x40ff5d93) srai    s11, t5, 15
core   0: 3 0x80005560 (0x40ff5d93) x27 0x00000000
core   0: 0x80005564 (0xa2e83193) sltiu   gp, a6, -1490
core   0: 3 0x80005564 (0xa2e83193) x 3 0x00000001
core   0: 0x80005568 (0x011c0eb3) add     t4, s8, a7
core   0: 3 0x80005568 (0x011c0eb3) x29 0xd771530a
core   0: 0x8000556c (0xb28ec613) xori    a2, t4, -1240
core   0: 3 0x8000556c (0xb28ec613) x12 0x288ea822
core   0: 0x80005570 (0x409edc93) srai    s9, t4, 9
core   0: 3 0x80005570 (0x409edc93) x25 0xffebb8a9
core   0: 0x80005574 (0x357ae297) auipc   t0, 0x357ae
core   0: 3 0x80005574 (0x357ae297) x 5 0xb57b3574
core   0: 0x80005578 (0x08396913) ori     s2, s2, 131
core   0: 3 0x80005578 (0x08396913) x18 0xba16f083
core   0: 0x8000557c (0x4e857037) lui     zero, 0x4e857
core   0: 3 0x8000557c (0x4e857037)
core   0: 0x80005580 (0x2abd8b93) addi    s7, s11, 683
core   0: 3 0x80005580 (0x2abd8b93) x23 0x000002ab
core   0: 0x80005584 (0x00f4d593) srli    a1, s1, 15
core   0: 3 0x80005584 (0x00f4d593) x11 0x00000000
core   0: 0x80005588 (0xff424493) xori    s1, tp, -12
core   0: 3 0x80005588 (0xff424493) x 9 0x14576bb4
core   0: 0x8000558c (0x00297fb3) and     t6, s2, sp
core   0: 3 0x8000558c (0x00297fb3) x31 0xba16f002
core   0: 0x80005590 (0x00000013) nop
core   0: 3 0x80005590 (0x00000013)
core   0: 0x80005594 (0x003c9113) slli    sp, s9, 3
core   0: 3 0x80005594 (0x003c9113) x 2 0xff5dc548
core   0: 0x80005598 (0x08ae8d93) addi    s11, t4, 138
core   0: 3 0x80005598 (0x08ae8d93) x27 0xd7715394
core   0: 0x8000559c (0x00000013) nop
core   0: 3 0x8000559c (0x00000013)
core   0: 0x800055a0 (0x016dd893) srli    a7, s11, 22
core   0: 3 0x800055a0 (0x016dd893) x17 0x0000035d
core   0: 0x800055a4 (0x00671f33) sll     t5, a4, t1
core   0: 3 0x800055a4 (0x00671f33) x30 0x00000000
core   0: 0x800055a8 (0x00f3a033) slt     zero, t2, a5
core   0: 3 0x800055a8 (0x00f3a033)
core   0: 0x800055ac (0x003f9e33) sll     t3, t6, gp
core   0: 3 0x800055ac (0x003f9e33) x28 0x742de004
core   0: 0x800055b0 (0x00000013) nop
core   0: 3 0x800055b0 (0x00000013)
core   0: 0x800055b4 (0x41505993) srai    s3, zero, 21
core   0: 3 0x800055b4 (0x41505993) x19 0x00000000
core   0: 0x800055b8 (0x06f21817) auipc   a6, 0x6f21
core   0: 3 0x800055b8 (0x06f21817) x16 0x86f265b8
core   0: 0x800055bc (0x00eab733) sltu    a4, s5, a4
core   0: 3 0x800055bc (0x00eab733) x14 0x00000000
core   0: 0x800055c0 (0xf9b05a97) auipc   s5, 0xf9b05
core   0: 3 0x800055c0 (0xf9b05a97) x21 0x79b0a5c0
core   0: 0x800055c4 (0x2252aa93) slti    s5, t0, 549
core   0: 3 0x800055c4 (0x2252aa93) x21 0x00000001
core   0: 0x800055c8 (0x2298ce17) auipc   t3, 0x2298c
core   0: 3 0x800055c8 (0x2298ce17) x28 0xa29915c8
core   0: 0x800055cc (0x00161013) slli    zero, a2, 1
core   0: 3 0x800055cc (0x00161013)
core   0: 0x800055d0 (0x017fad33) slt     s10, t6, s7
core   0: 3 0x800055d0 (0x017fad33) x26 0x00000001
core   0: 0x800055d4 (0x004f11b3) sll     gp, t5, tp
core   0: 3 0x800055d4 (0x004f11b3) x 3 0x00000000
core   0: 0x800055d8 (0xd5de5db7) lui     s11, 0xd5de5
core   0: 3 0x800055d8 (0xd5de5db7) x27 0xd5de5000
core   0: 0x800055dc (0x01f092b3) sll     t0, ra, t6
core   0: 3 0x800055dc (0x01f092b3) x 5 0xfffff98c
core   0: 0x800055e0 (0x01331a93) slli    s5, t1, 19
core   0: 3 0x800055e0 (0x01331a93) x21 0x67200000
core   0: 0x800055e4 (0x0096cbb3) xor     s7, a3, s1
core   0: 3 0x800055e4 (0x0096cbb3) x23 0xc2f22bb4
core   0: 0x800055e8 (0xeeeaab93) slti    s7, s5, -274
core   0: 3 0x800055e8 (0xeeeaab93) x23 0x00000000
core   0: 0x800055ec (0x014c9b13) slli    s6, s9, 20
core   0: 3 0x800055ec (0x014c9b13) x22 0x8a900000
core   0: 0x800055f0 (0x0107c433) xor     s0, a5, a6
core   0: 3 0x800055f0 (0x0107c433) x 8 0x893460a8
core   0: 0x800055f4 (0xf5f50093) addi    ra, a0, -161
core   0: 3 0x800055f4 (0xf5f50093) x 1 0x80010dc3
core   0: 0x800055f8 (0x72cf0a93) addi    s5, t5, 1836
core   0: 3 0x800055f8 (0x72cf0a93) x21 0x0000072c
core   0: 0x800055fc (0x00b454b3) srl     s1, s0, a1
core   0: 3 0x800055fc (0x00b454b3) x 9 0x893460a8
core   0: 0x80005600 (0x018151b3) srl     gp, sp, s8
core   0: 3 0x80005600 (0x018151b3) x 3 0x7faee2a4
core   0: 0x80005604 (0x0e3f74b7) lui     s1, 0xe3f7
core   0: 3 0x80005604 (0x0e3f74b7) x 9 0x0e3f7000
core   0: 0x80005608 (0xbb7d3e93) sltiu   t4, s10, -1097
core   0: 3 0x80005608 (0xbb7d3e93) x29 0x00000001
core   0: 0x8000560c (0x9dc23713) sltiu   a4, tp, -1572
core   0: 3 0x8000560c (0x9dc23713) x14 0x00000001
core   0: 0x80005610 (0x002f9233) sll     tp, t6, sp
core   0: 3 0x80005610 (0x002f9233) x 4 0x16f00200
core   0: 0x80005614 (0x01b902b3) add     t0, s2, s11
core   0: 3 0x80005614 (0x01b902b3) x 5 0x8ff54083
core   0: 0x80005618 (0x37bf2613) slti    a2, t5, 891
core   0: 3 0x80005618 (0x37bf2613) x12 0x00000001
core   0: 0x8000561c (0xf0308497) auipc   s1, 0xf0308
core   0: 3 0x8000561c (0xf0308497) x 9 0x7030d61c
core   0: 0x80005620 (0x0106a133) slt     sp, a3, a6
core   0: 3 0x80005620 (0x0106a133) x 2 0x00000000
core   0: 0x80005624 (0x009767b3) or      a5, a4, s1
core   0: 3 0x80005624 (0x009767b3) x15 0x7030d61d
core   0: 0x80005628 (0x01689bb3) sll     s7, a7, s6
core   0: 3 0x80005628 (0x01689bb3) x23 0x0000035d
core   0: 0x8000562c (0x00faa133) slt     sp, s5, a5
core   0: 3 0x8000562c (0x00faa133) x 2 0x00000001
core   0: 0x80005630 (0x00c395b3) sll     a1, t2, a2
core   0: 3 0x80005630 (0x00c395b3) x11 0x00000000
core   0: 0x80005634 (0x01327eb3) and     t4, tp, s3
core   0: 3 0x80005634 (0x01327eb3) x29 0x00000000
core   0: 0x80005638 (0x0113af33) slt     t5, t2, a7
core   0: 3 0x80005638 (0x0113af33) x30 0x00000001
core   0: 0x8000563c (0x2ca82793) slti    a5, a6, 714
core   0: 3 0x8000563c (0x2ca82793) x15 0x00000001
core   0: 0x80005640 (0x01d09613) slli    a2, ra, 29
core   0: 3 0x80005640 (0x01d09613) x12 0x60000000
core   0: 0x80005644 (0x630b3917) auipc   s2, 0x630b3
core   0: 3 0x80005644 (0x630b3917) x18 0xe30b8644
core   0: 0x80005648 (0x01aa5a93) srli    s5, s4, 26
core   0: 3 0x80005648 (0x01aa5a93) x21 0x0000003f
core   0: 0x8000564c (0x404e8fb3) sub     t6, t4, tp
core   0: 3 0x8000564c (0x404e8fb3) x31 0xe90ffe00
core   0: 0x80005650 (0x01059a13) slli    s4, a1, 16
core   0: 3 0x80005650 (0x01059a13) x20 0x00000000
core   0: 0x80005654 (0x01d49933) sll     s2, s1, t4
core   0: 3 0x80005654 (0x01d49933) x18 0x7030d61c
core   0: 0x80005658 (0x00000013) nop
core   0: 3 0x80005658 (0x00000013)
core   0: 0x8000565c (0x007f5b93) srli    s7, t5, 7
core   0: 3 0x8000565c (0x007f5b93) x23 0x00000000
core   0: 0x80005660 (0x409d5a33) sra     s4, s10, s1
core   0: 3 0x80005660 (0x409d5a33) x20 0x00000000
core   0: 0x80005664 (0xe5d88a97) auipc   s5, 0xe5d88
core   0: 3 0x80005664 (0xe5d88a97) x21 0x65d8d664
core   0: 0x80005668 (0x41968b17) auipc   s6, 0x41968
core   0: 3 0x80005668 (0x41968b17) x22 0xc196d668
core   0: 0x8000566c (0x41918bb3) sub     s7, gp, s9
core   0: 3 0x8000566c (0x41918bb3) x23 0x7fc329fb
core   0: 0x80005670 (0x0d7e3593) sltiu   a1, t3, 215
core   0: 3 0x80005670 (0x0d7e3593) x11 0x00000000
core   0: 0x80005674 (0x3e32ed17) auipc   s10, 0x3e32e
core   0: 3 0x80005674 (0x3e32ed17) x26 0xbe333674
core   0: 0x80005678 (0x402ed213) srai    tp, t4, 2
core   0: 3 0x80005678 (0x402ed213) x 4 0x00000000
core   0: 0x8000567c (0x25583713) sltiu   a4, a6, 597
core   0: 3 0x8000567c (0x25583713) x14 0x00000000
core   0: 0x80005680 (0x40835633) sra     a2, t1, s0
core   0: 3 0x80005680 (0x40835633) x12 0xff80014c
core   0: 0x80005684 (0x01a0a433) slt     s0, ra, s10
core   0: 3 0x80005684 (0x01a0a433) x 8 0x00000001
core   0: 0x80005688 (0x4027d913) srai    s2, a5, 2
core   0: 3 0x80005688 (0x4027d913) x18 0x00000000
core   0: 0x8000568c (0x407c8633) sub     a2, s9, t2
core   0: 3 0x8000568c (0x407c8633) x12 0x7febb8a9
core   0: 0x80005690 (0x40bdd933) sra     s2, s11, a1
core   0: 3 0x80005690 (0x40bdd933) x18 0xd5de5000
core   0: 0x80005694 (0x453dfa13) andi    s4, s11, 1107
core   0: 3 0x80005694 (0x453dfa13) x20 0x00000000
core   0: 0x80005698 (0x4192d293) srai    t0, t0, 25
core   0: 3 0x80005698 (0x4192d293) x 5 0xffffffc7
core   0: 0x8000569c (0x002524b3) slt     s1, a0, sp
core   0: 3 0x8000569c (0x002524b3) x 9 0x00000001
core   0: 0x800056a0 (0xacc37693) andi    a3, t1, -1332
core   0: 3 0x800056a0 (0xacc37693) x13 0x800148c4
core   0: 0x800056a4 (0x00000013) nop
core   0: 3 0x800056a4 (0x00000013)
core   0: 0x800056a8 (0x01d66ab3) or      s5, a2, t4
core   0: 3 0x800056a8 (0x01d66ab3) x21 0x7febb8a9
core   0: 0x800056ac (0x0b1fe693) ori     a3, t6, 177
core   0: 3 0x800056ac (0x0b1fe693) x13 0xe90ffeb1
core   0: 0x800056b0 (0x8e29fc17) auipc   s8, 0x8e29f
core   0: 3 0x800056b0 (0x8e29fc17) x24 0x0e2a46b0
core   0: 0x800056b4 (0x6251ee13) ori     t3, gp, 1573
core   0: 3 0x800056b4 (0x6251ee13) x28 0x7faee6a5
core   0: 0x800056b8 (0x432ce493) ori     s1, s9, 1074
core   0: 3 0x800056b8 (0x432ce493) x 9 0xffebbcbb
core   0: 0x800056bc (0x00950433) add     s0, a0, s1
core   0: 3 0x800056bc (0x00950433) x 8 0x7feccb1f
core   0: 0x800056c0 (0x14787c93) andi    s9, a6, 327
core   0: 3 0x800056c0 (0x14787c93) x25 0x00000100
core   0: 0x800056c4 (0x00c9b833) sltu    a6, s3, a2
core   0: 3 0x800056c4 (0x00c9b833) x16 0x00000001
core   0: 0x800056c8 (0x01ddc133) xor     sp, s11, t4
core   0: 3 0x800056c8 (0x01ddc133) x 2 0xd5de5000
core   0: 0x800056cc (0xe81f2d13) slti    s10, t5, -383
core   0: 3 0x800056cc (0xe81f2d13) x26 0x00000000
core   0: 0x800056d0 (0x00280e33) add     t3, a6, sp
core   0: 3 0x800056d0 (0x00280e33) x28 0xd5de5001
core   0: 0x800056d4 (0xef280e93) addi    t4, a6, -270
core   0: 3 0x800056d4 (0xef280e93) x29 0xfffffef3
core   0: 0x800056d8 (0x01587133) and     sp, a6, s5
core   0: 3 0x800056d8 (0x01587133) x 2 0x00000001
core   0: 0x800056dc (0x00fffc33) and     s8, t6, a5
core   0: 3 0x800056dc (0x00fffc33) x24 0x00000000
core   0: 0x800056e0 (0x4051d013) srai    zero, gp, 5
core   0: 3 0x800056e0 (0x4051d013)
core   0: 0x800056e4 (0xcf0db137) lui     sp, 0xcf0db
core   0: 3 0x800056e4 (0xcf0db137) x 2 0xcf0db000
core   0: 0x800056e8 (0x00aa1d93) slli    s11, s4, 10
core   0: 3 0x800056e8 (0x00aa1d93) x27 0x00000000
core   0: 0x800056ec (0x68607897) auipc   a7, 0x68607
core   0: 3 0x800056ec (0x68607897) x17 0xe860c6ec
core   0: 0x800056f0 (0x402e5813) srai    a6, t3, 2
core   0: 3 0x800056f0 (0x402e5813) x16 0xf5779400
core   0: 0x800056f4 (0x00fa2ab3) slt     s5, s4, a5
core   0: 3 0x800056f4 (0x00fa2ab3) x21 0x00000001
core   0: 0x800056f8 (0x878d4893) xori    a7, s10, -1928
core   0: 3 0x800056f8 (0x878d4893) x17 0xfffff878
core   0: 0x800056fc (0x00e43733) sltu    a4, s0, a4
core   0: 3 0x800056fc (0x00e43733) x14 0x00000000
core   0: 0x80005700 (0x014d9213) slli    tp, s11, 20
core   0: 3 0x80005700 (0x014d9213) x 4 0x00000000
core   0: 0x80005704 (0x960eed97) auipc   s11, 0x960ee
core   0: 3 0x80005704 (0x960eed97) x27 0x160f3704
core   0: 0x80005708 (0x71416497) auipc   s1, 0x71416
core   0: 3 0x80005708 (0x71416497) x 9 0xf141b708
core   0: 0x8000570c (0x0168d7b3) srl     a5, a7, s6
core   0: 3 0x8000570c (0x0168d7b3) x15 0x00fffff8
core   0: 0x80005710 (0xfff9f493) andi    s1, s3, -1
core   0: 3 0x80005710 (0xfff9f493) x 9 0x00000000
core   0: 0x80005714 (0x01d7a433) slt     s0, a5, t4
core   0: 3 0x80005714 (0x01d7a433) x 8 0x00000000
core   0: 0x80005718 (0xcc086c93) ori     s9, a6, -832
core   0: 3 0x80005718 (0xcc086c93) x25 0xfffffcc0
core   0: 0x8000571c (0x40305833) sra     a6, zero, gp
core   0: 3 0x8000571c (0x40305833) x16 0x00000000
core   0: 0x80005720 (0x01a98e33) add     t3, s3, s10
core   0: 3 0x80005720 (0x01a98e33) x28 0x00000000
core   0: 0x80005724 (0x0078edb3) or      s11, a7, t2
core   0: 3 0x80005724 (0x0078edb3) x27 0xfffff878
core   0: 0x80005728 (0xfff00d13) li      s10, -1
core   0: 3 0x80005728 (0xfff00d13) x26 0xffffffff
core   0: 0x8000572c (0xfff00f13) li      t5, -1
core   0: 3 0x8000572c (0xfff00f13) x30 0xffffffff
core   0: 0x80005730 (0xfff00613) li      a2, -1
core   0: 3 0x80005730 (0xfff00613) x12 0xffffffff
core   0: 0x80005734 (0x2b7eb1b7) lui     gp, 0x2b7eb
core   0: 3 0x80005734 (0x2b7eb1b7) x 3 0x2b7eb000
core   0: 0x80005738 (0x90a18193) addi    gp, gp, -1782
core   0: 3 0x80005738 (0x90a18193) x 3 0x2b7ea90a
core   0: 0x8000573c (0x80000b37) lui     s6, 0x80000
core   0: 3 0x8000573c (0x80000b37) x22 0x80000000
core   0: 0x80005740 (0xfff00a13) li      s4, -1
core   0: 3 0x80005740 (0xfff00a13) x20 0xffffffff
core   0: 0x80005744 (0x800009b7) lui     s3, 0x80000
core   0: 3 0x80005744 (0x800009b7) x19 0x80000000
core   0: 0x80005748 (0xfff00913) li      s2, -1
core   0: 3 0x80005748 (0xfff00913) x18 0xffffffff
core   0: 0x8000574c (0x00000893) li      a7, 0
core   0: 3 0x8000574c (0x00000893) x17 0x00000000
core   0: 0x80005750 (0x65ec74b7) lui     s1, 0x65ec7
core   0: 3 0x80005750 (0x65ec74b7) x 9 0x65ec7000
core   0: 0x80005754 (0xeef48493) addi    s1, s1, -273
core   0: 3 0x80005754 (0xeef48493) x 9 0x65ec6eef
core   0: 0x80005758 (0xae448d13) addi    s10, s1, -1308
core   0: 3 0x80005758 (0xae448d13) x26 0x65ec69d3
core   0: 0x8000575c (0x00000013) nop
core   0: 3 0x8000575c (0x00000013)
core   0: 0x80005760 (0x412988b3) sub     a7, s3, s2
core   0: 3 0x80005760 (0x412988b3) x17 0x80000001
core   0: 0x80005764 (0xb5318193) addi    gp, gp, -1197
core   0: 3 0x80005764 (0xb5318193) x 3 0x2b7ea45d
core   0: 0x80005768 (0x409a04b3) sub     s1, s4, s1
core   0: 3 0x80005768 (0x409a04b3) x 9 0x9a139110
core   0: 0x8000576c (0x01388633) add     a2, a7, s3
core   0: 3 0x8000576c (0x01388633) x12 0x00000001
core   0: 0x80005770 (0x116d0a13) addi    s4, s10, 278
core   0: 3 0x80005770 (0x116d0a13) x20 0x65ec6ae9
core   0: 0x80005774 (0x00000013) nop
core   0: 3 0x80005774 (0x00000013)
core   0: 0x80005778 (0x6ea818b7) lui     a7, 0x6ea81
core   0: 3 0x80005778 (0x6ea818b7) x17 0x6ea81000
core   0: 0x8000577c (0x5e97e4b7) lui     s1, 0x5e97e
core   0: 3 0x8000577c (0x5e97e4b7) x 9 0x5e97e000
core   0: 0x80005780 (0x32b081b7) lui     gp, 0x32b08
core   0: 3 0x80005780 (0x32b081b7) x 3 0x32b08000
core   0: 0x80005784 (0x41e601b3) sub     gp, a2, t5
core   0: 3 0x80005784 (0x41e601b3) x 3 0x00000002
core   0: 0x80005788 (0x00000013) nop
core   0: 3 0x80005788 (0x00000013)
core   0: 0x8000578c (0x5f497497) auipc   s1, 0x5f497
core   0: 3 0x8000578c (0x5f497497) x 9 0xdf49c78c
core   0: 0x80005790 (0x41388f33) sub     t5, a7, s3
core   0: 3 0x80005790 (0x41388f33) x30 0xeea81000
core   0: 0x80005794 (0x01e889b3) add     s3, a7, t5
core   0: 3 0x80005794 (0x01e889b3) x19 0x5d502000
core   0: 0x80005798 (0xbe8c8197) auipc   gp, 0xbe8c8
core   0: 3 0x80005798 (0xbe8c8197) x 3 0x3e8cd798
core   0: 0x8000579c (0x00000013) nop
core   0: 3 0x8000579c (0x00000013)
core   0: 0x800057a0 (0x00c48a33) add     s4, s1, a2
core   0: 3 0x800057a0 (0x00c48a33) x20 0xdf49c78d
core   0: 0x800057a4 (0xc653b197) auipc   gp, 0xc653b
core   0: 3 0x800057a4 (0xc653b197) x 3 0x465407a4
core   0: 0x800057a8 (0xe22f0f13) addi    t5, t5, -478
core   0: 3 0x800057a8 (0xe22f0f13) x30 0xeea80e22
core   0: 0x800057ac (0x00000013) nop
core   0: 3 0x800057ac (0x00000013)
core   0: 0x800057b0 (0x00efdab3) srl     s5, t6, a4
core   0: 3 0x800057b0 (0x00efdab3) x21 0xe90ffe00
core   0: 0x800057b4 (0x00289a33) sll     s4, a7, sp
core   0: 3 0x800057b4 (0x00289a33) x20 0x6ea81000
core   0: 0x800057b8 (0x01f5ac33) slt     s8, a1, t6
core   0: 3 0x800057b8 (0x01f5ac33) x24 0x00000000
core   0: 0x800057bc (0x4171d033) sra     zero, gp, s7
core   0: 3 0x800057bc (0x4171d033)
core   0: 0x800057c0 (0x00f4d133) srl     sp, s1, a5
core   0: 3 0x800057c0 (0x00f4d133) x 2 0x000000df
core   0: 0x800057c4 (0x01acdd13) srli    s10, s9, 26
core   0: 3 0x800057c4 (0x01acdd13) x26 0x0000003f
core   0: 0x800057c8 (0x017a2eb3) slt     t4, s4, s7
core   0: 3 0x800057c8 (0x017a2eb3) x29 0x00000001
core   0: 0x800057cc (0x00451b93) slli    s7, a0, 4
core   0: 3 0x800057cc (0x00451b93) x23 0x0010e640
core   0: 0x800057d0 (0x0027fcb3) and     s9, a5, sp
core   0: 3 0x800057d0 (0x0027fcb3) x25 0x000000d8
core   0: 0x800057d4 (0x41e9c713) xori    a4, s3, 1054
core   0: 3 0x800057d4 (0x41e9c713) x14 0x5d50241e
core   0: 0x800057d8 (0x0696f593) andi    a1, a3, 105
core   0: 3 0x800057d8 (0x0696f593) x11 0x00000021
core   0: 0x800057dc (0x00ea19b3) sll     s3, s4, a4
core   0: 3 0x800057dc (0x00ea19b3) x19 0x00000000
core   0: 0x800057e0 (0x007afc33) and     s8, s5, t2
core   0: 3 0x800057e0 (0x007afc33) x24 0x80000000
core   0: 0x800057e4 (0x004ed733) srl     a4, t4, tp
core   0: 3 0x800057e4 (0x004ed733) x14 0x00000001
core   0: 0x800057e8 (0x41c0dbb3) sra     s7, ra, t3
core   0: 3 0x800057e8 (0x41c0dbb3) x23 0x80010dc3
core   0: 0x800057ec (0x0155bdb3) sltu    s11, a1, s5
core   0: 3 0x800057ec (0x0155bdb3) x27 0x00000001
core   0: 0x800057f0 (0xb9c18c37) lui     s8, 0xb9c18
core   0: 3 0x800057f0 (0xb9c18c37) x24 0xb9c18000
core   0: 0x800057f4 (0x3ae27693) andi    a3, tp, 942
core   0: 3 0x800057f4 (0x3ae27693) x13 0x00000000
core   0: 0x800057f8 (0x1f8da097) auipc   ra, 0x1f8da
core   0: 3 0x800057f8 (0x1f8da097) x 1 0x9f8df7f8
core   0: 0x800057fc (0x40afdc33) sra     s8, t6, a0
core   0: 3 0x800057fc (0x40afdc33) x24 0xfe90ffe0
core   0: 0x80005800 (0x00f1b8b3) sltu    a7, gp, a5
core   0: 3 0x80005800 (0x00f1b8b3) x17 0x00000000
core   0: 0x80005804 (0x014620b3) slt     ra, a2, s4
core   0: 3 0x80005804 (0x014620b3) x 1 0x00000001
core   0: 0x80005808 (0x1e21f013) andi    zero, gp, 482
core   0: 3 0x80005808 (0x1e21f013)
core   0: 0x8000580c (0x00551633) sll     a2, a0, t0
core   0: 3 0x8000580c (0x00551633) x12 0x00873200
core   0: 0x80005810 (0x1bbf5d17) auipc   s10, 0x1bbf5
core   0: 3 0x80005810 (0x1bbf5d17) x26 0x9bbfa810
core   0: 0x80005814 (0x017af933) and     s2, s5, s7
core   0: 3 0x80005814 (0x017af933) x18 0x80010c00
core   0: 0x80005818 (0xe997d9b7) lui     s3, 0xe997d
core   0: 3 0x80005818 (0xe997d9b7) x19 0xe997d000
core   0: 0x8000581c (0x01dc1d33) sll     s10, s8, t4
core   0: 3 0x8000581c (0x01dc1d33) x26 0xfd21ffc0
core   0: 0x80005820 (0x005ca733) slt     a4, s9, t0
core   0: 3 0x80005820 (0x005ca733) x14 0x00000000
core   0: 0x80005824 (0x00000013) nop
core   0: 3 0x80005824 (0x00000013)
core   0: 0x80005828 (0x008b4db3) xor     s11, s6, s0
core   0: 3 0x80005828 (0x008b4db3) x27 0x80000000
core   0: 0x8000582c (0x01490bb3) add     s7, s2, s4
core   0: 3 0x8000582c (0x01490bb3) x23 0xeea91c00
core   0: 0x80005830 (0xebc68717) auipc   a4, 0xebc68
core   0: 3 0x80005830 (0xebc68717) x14 0x6bc6d830
core   0: 0x80005834 (0x4127de93) srai    t4, a5, 18
core   0: 3 0x80005834 (0x4127de93) x29 0x0000003f
core   0: 0x80005838 (0x406f0b33) sub     s6, t5, t1
core   0: 3 0x80005838 (0x406f0b33) x22 0x6ea6c13e
core   0: 0x8000583c (0x00000013) nop
core   0: 3 0x8000583c (0x00000013)
core   0: 0x80005840 (0x01eb5b13) srli    s6, s6, 30
core   0: 3 0x80005840 (0x01eb5b13) x22 0x00000001
core   0: 0x80005844 (0x36fb2893) slti    a7, s6, 879
core   0: 3 0x80005844 (0x36fb2893) x17 0x00000001
core   0: 0x80005848 (0x00895413) srli    s0, s2, 8
core   0: 3 0x80005848 (0x00895413) x 8 0x0080010c
core   0: 0x8000584c (0x40d7d113) srai    sp, a5, 13
core   0: 3 0x8000584c (0x40d7d113) x 2 0x000007ff
core   0: 0x80005850 (0x00a42933) slt     s2, s0, a0
core   0: 3 0x80005850 (0x00a42933) x18 0x00000000
core   0: 0x80005854 (0x01cd9db3) sll     s11, s11, t3
core   0: 3 0x80005854 (0x01cd9db3) x27 0x80000000
core   0: 0x80005858 (0x415d88b3) sub     a7, s11, s5
core   0: 3 0x80005858 (0x415d88b3) x17 0x96f00200
core   0: 0x8000585c (0x789b0a13) addi    s4, s6, 1929
core   0: 3 0x8000585c (0x789b0a13) x20 0x0000078a
core   0: 0x80005860 (0x00d30a33) add     s4, t1, a3
core   0: 3 0x80005860 (0x00d30a33) x20 0x80014ce4
core   0: 0x80005864 (0x42950d13) addi    s10, a0, 1065
core   0: 3 0x80005864 (0x42950d13) x26 0x8001128d
core   0: 0x80005868 (0x00d30bb3) add     s7, t1, a3
core   0: 3 0x80005868 (0x00d30bb3) x23 0x80014ce4
core   0: 0x8000586c (0x00ccc133) xor     sp, s9, a2
core   0: 3 0x8000586c (0x00ccc133) x 2 0x008732d8
core   0: 0x80005870 (0x00ffb4b3) sltu    s1, t6, a5
core   0: 3 0x80005870 (0x00ffb4b3) x 9 0x00000000
core   0: 0x80005874 (0x00e1a133) slt     sp, gp, a4
core   0: 3 0x80005874 (0x00e1a133) x 2 0x00000001
core   0: 0x80005878 (0x011338b3) sltu    a7, t1, a7
core   0: 3 0x80005878 (0x011338b3) x17 0x00000001
core   0: 0x8000587c (0x40040b33) sub     s6, s0, zero
core   0: 3 0x8000587c (0x40040b33) x22 0x0080010c
core   0: 0x80005880 (0xe53a0213) addi    tp, s4, -429
core   0: 3 0x80005880 (0xe53a0213) x 4 0x80014b37
core   0: 0x80005884 (0x0131b9b3) sltu    s3, gp, s3
core   0: 3 0x80005884 (0x0131b9b3) x19 0x00000001
core   0: 0x80005888 (0x015a56b3) srl     a3, s4, s5
core   0: 3 0x80005888 (0x015a56b3) x13 0x80014ce4
core   0: 0x8000588c (0x00000013) nop
core   0: 3 0x8000588c (0x00000013)
core   0: 0x80005890 (0xa07e2093) slti    ra, t3, -1529
core   0: 3 0x80005890 (0xa07e2093) x 1 0x00000000
core   0: 0x80005894 (0x00f12433) slt     s0, sp, a5
core   0: 3 0x80005894 (0x00f12433) x 8 0x00000001
core   0: 0x80005898 (0x00e3b233) sltu    tp, t2, a4
core   0: 3 0x80005898 (0x00e3b233) x 4 0x00000000
core   0: 0x8000589c (0x2e6fa193) slti    gp, t6, 742
core   0: 3 0x8000589c (0x2e6fa193) x 3 0x00000001
core   0: 0x800058a0 (0x00e8c4b3) xor     s1, a7, a4
core   0: 3 0x800058a0 (0x00e8c4b3) x 9 0x6bc6d831
core   0: 0x800058a4 (0x007ed5b3) srl     a1, t4, t2
core   0: 3 0x800058a4 (0x007ed5b3) x11 0x0000003f
core   0: 0x800058a8 (0x00a6d9b3) srl     s3, a3, a0
core   0: 3 0x800058a8 (0x00a6d9b3) x19 0x080014ce
core   0: 0x800058ac (0x017a6233) or      tp, s4, s7
core   0: 3 0x800058ac (0x017a6233) x 4 0x80014ce4
core   0: 0x800058b0 (0x40fb81b3) sub     gp, s7, a5
core   0: 3 0x800058b0 (0x40fb81b3) x 3 0x7f014cec
core   0: 0x800058b4 (0x40ea06b3) sub     a3, s4, a4
core   0: 3 0x800058b4 (0x40ea06b3) x13 0x143a74b4
core   0: 0x800058b8 (0xa7ea2913) slti    s2, s4, -1410
core   0: 3 0x800058b8 (0xa7ea2913) x18 0x00000001
core   0: 0x800058bc (0x00000013) nop
core   0: 3 0x800058bc (0x00000013)
core   0: 0x800058c0 (0x012610b3) sll     ra, a2, s2
core   0: 3 0x800058c0 (0x012610b3) x 1 0x010e6400
core   0: 0x800058c4 (0x0798fe13) andi    t3, a7, 121
core   0: 3 0x800058c4 (0x0798fe13) x28 0x00000001
core   0: 0x800058c8 (0x402cdfb3) sra     t6, s9, sp
core   0: 3 0x800058c8 (0x402cdfb3) x31 0x0000006c
core   0: 0x800058cc (0x44ebcb17) auipc   s6, 0x44ebc
core   0: 3 0x800058cc (0x44ebcb17) x22 0xc4ec18cc
core   0: 0x800058d0 (0x00000013) nop
core   0: 3 0x800058d0 (0x00000013)
core   0: 0x800058d4 (0x00215e93) srli    t4, sp, 2
core   0: 3 0x800058d4 (0x00215e93) x29 0x00000000
core   0: 0x800058d8 (0x8c680d93) addi    s11, a6, -1850
core   0: 3 0x800058d8 (0x8c680d93) x27 0xfffff8c6
core   0: 0x800058dc (0x0084fb33) and     s6, s1, s0
core   0: 3 0x800058dc (0x0084fb33) x22 0x00000001
core   0: 0x800058e0 (0xd908e693) ori     a3, a7, -624
core   0: 3 0x800058e0 (0xd908e693) x13 0xfffffd91
core   0: 0x800058e4 (0x009d76b3) and     a3, s10, s1
core   0: 3 0x800058e4 (0x009d76b3) x13 0x00001001
core   0: 0x800058e8 (0x0149f433) and     s0, s3, s4
core   0: 3 0x800058e8 (0x0149f433) x 8 0x000004c4
core   0: 0x800058ec (0x00b6e2b3) or      t0, a3, a1
core   0: 3 0x800058ec (0x00b6e2b3) x 5 0x0000103f
core   0: 0x800058f0 (0x41b95933) sra     s2, s2, s11
core   0: 3 0x800058f0 (0x41b95933) x18 0x00000000
core   0: 0x800058f4 (0xec95a137) lui     sp, 0xec95a
core   0: 3 0x800058f4 (0xec95a137) x 2 0xec95a000
core   0: 0x800058f8 (0x01669413) slli    s0, a3, 22
core   0: 3 0x800058f8 (0x01669413) x 8 0x00400000
core   0: 0x800058fc (0x00a09193) slli    gp, ra, 10
core   0: 3 0x800058fc (0x00a09193) x 3 0x39900000
core   0: 0x80005900 (0x0042d733) srl     a4, t0, tp
core   0: 3 0x80005900 (0x0042d733) x14 0x00000103
core   0: 0x80005904 (0x01ced9b3) srl     s3, t4, t3
core   0: 3 0x80005904 (0x01ced9b3) x19 0x00000000
core   0: 0x80005908 (0xcc720a97) auipc   s5, 0xcc720
core   0: 3 0x80005908 (0xcc720a97) x21 0x4c725908
core   0: 0x8000590c (0x00cbad33) slt     s10, s7, a2
core   0: 3 0x8000590c (0x00cbad33) x26 0x00000001
core   0: 0x80005910 (0x0e4d8993) addi    s3, s11, 228
core   0: 3 0x80005910 (0x0e4d8993) x19 0xfffff9aa
core   0: 0x80005914 (0x41a40d33) sub     s10, s0, s10
core   0: 3 0x80005914 (0x41a40d33) x26 0x003fffff
core   0: 0x80005918 (0xb7006293) ori     t0, zero, -1168
core   0: 3 0x80005918 (0xb7006293) x 5 0xfffffb70
core   0: 0x8000591c (0x01f8d833) srl     a6, a7, t6
core   0: 3 0x8000591c (0x01f8d833) x16 0x00000000
core   0: 0x80005920 (0x8cd46c13) ori     s8, s0, -1843
core   0: 3 0x80005920 (0x8cd46c13) x24 0xfffff8cd
core   0: 0x80005924 (0x001b1033) sll     zero, s6, ra
core   0: 3 0x80005924 (0x001b1033)
core   0: 0x80005928 (0x18fca413) slti    s0, s9, 399
core   0: 3 0x80005928 (0x18fca413) x 8 0x00000001
core   0: 0x8000592c (0x00000013) nop
core   0: 3 0x8000592c (0x00000013)
core   0: 0x80005930 (0x4196d813) srai    a6, a3, 25
core   0: 3 0x80005930 (0x4196d813) x16 0x00000000
core   0: 0x80005934 (0x015ba0b3) slt     ra, s7, s5
core   0: 3 0x80005934 (0x015ba0b3) x 1 0x00000001
core   0: 0x80005938 (0x400607b3) sub     a5, a2, zero
core   0: 3 0x80005938 (0x400607b3) x15 0x00873200
core   0: 0x8000593c (0x40400b33) sub     s6, zero, tp
core   0: 3 0x8000593c (0x40400b33) x22 0x7ffeb31c
core   0: 0x80005940 (0x41c9de93) srai    t4, s3, 28
core   0: 3 0x80005940 (0x41c9de93) x29 0xffffffff
core   0: 0x80005944 (0x4052d8b3) sra     a7, t0, t0
core   0: 3 0x80005944 (0x4052d8b3) x17 0xffffffff
core   0: 0x80005948 (0x409f5e33) sra     t3, t5, s1
core   0: 3 0x80005948 (0x409f5e33) x28 0xfffff754
core   0: 0x8000594c (0x008f9d33) sll     s10, t6, s0
core   0: 3 0x8000594c (0x008f9d33) x26 0x000000d8
core   0: 0x80005950 (0x005f76b3) and     a3, t5, t0
core   0: 3 0x80005950 (0x005f76b3) x13 0xeea80a20
core   0: 0x80005954 (0xd40bb413) sltiu   s0, s7, -704
core   0: 3 0x80005954 (0xd40bb413) x 8 0x00000001
core   0: 0x80005958 (0x00669f13) slli    t5, a3, 6
core   0: 3 0x80005958 (0x00669f13) x30 0xaa028800
core   0: 0x8000595c (0xdacffc93) andi    s9, t6, -596
core   0: 3 0x8000595c (0xdacffc93) x25 0x0000002c
core   0: 0x80005960 (0xe8621d17) auipc   s10, 0xe8621
core   0: 3 0x80005960 (0xe8621d17) x26 0x68626960
core   0: 0x80005964 (0x007c1193) slli    gp, s8, 7
core   0: 3 0x80005964 (0x007c1193) x 3 0xfffc6680
core   0: 0x80005968 (0x83bece13) xori    t3, t4, -1989
core   0: 3 0x80005968 (0x83bece13) x28 0x000007c4
core   0: 0x8000596c (0x016ed8b3) srl     a7, t4, s6
core   0: 3 0x8000596c (0x016ed8b3) x17 0x0000000f
core   0: 0x80005970 (0xaf2d6093) ori     ra, s10, -1294
core   0: 3 0x80005970 (0xaf2d6093) x 1 0xfffffbf2
core   0: 0x80005974 (0xfea44c97) auipc   s9, 0xfea44
core   0: 3 0x80005974 (0xfea44c97) x25 0x7ea49974
core   0: 0x80005978 (0xfc8aa713) slti    a4, s5, -56
core   0: 3 0x80005978 (0xfc8aa713) x14 0x00000000
core   0: 0x8000597c (0x01278633) add     a2, a5, s2
core   0: 3 0x8000597c (0x01278633) x12 0x00873200
core   0: 0x80005980 (0xab39fa13) andi    s4, s3, -1357
core   0: 3 0x80005980 (0xab39fa13) x20 0xfffff8a2
core   0: 0x80005984 (0x00f80033) add     zero, a6, a5
core   0: 3 0x80005984 (0x00f80033)
core   0: 0x80005988 (0x018a8bb3) add     s7, s5, s8
core   0: 3 0x80005988 (0x018a8bb3) x23 0x4c7251d5
core   0: 0x8000598c (0x99888113) addi    sp, a7, -1640
core   0: 3 0x8000598c (0x99888113) x 2 0xfffff9a7
core   0: 0x80005990 (0x41728833) sub     a6, t0, s7
core   0: 3 0x80005990 (0x41728833) x16 0xb38da99b
core   0: 0x80005994 (0x00a8d8b3) srl     a7, a7, a0
core   0: 3 0x80005994 (0x00a8d8b3) x17 0x00000000
core   0: 0x80005998 (0x01279b13) slli    s6, a5, 18
core   0: 3 0x80005998 (0x01279b13) x22 0xc8000000
core   0: 0x8000599c (0x40b6d133) sra     sp, a3, a1
core   0: 3 0x8000599c (0x40b6d133) x 2 0xffffffff
core   0: 0x800059a0 (0xc92f6893) ori     a7, t5, -878
core   0: 3 0x800059a0 (0xc92f6893) x17 0xfffffc92
core   0: 0x800059a4 (0x01400933) add     s2, zero, s4
core   0: 3 0x800059a4 (0x01400933) x18 0xfffff8a2
core   0: 0x800059a8 (0x00c5fa33) and     s4, a1, a2
core   0: 3 0x800059a8 (0x00c5fa33) x20 0x00000000
core   0: 0x800059ac (0x1cacf193) andi    gp, s9, 458
core   0: 3 0x800059ac (0x1cacf193) x 3 0x00000140
core   0: 0x800059b0 (0x51c40eb7) lui     t4, 0x51c40
core   0: 3 0x800059b0 (0x51c40eb7) x29 0x51c40000
core   0: 0x800059b4 (0x696a4c13) xori    s8, s4, 1686
core   0: 3 0x800059b4 (0x696a4c13) x24 0x00000696
core   0: 0x800059b8 (0xbde56d37) lui     s10, 0xbde56
core   0: 3 0x800059b8 (0xbde56d37) x26 0xbde56000
core   0: 0x800059bc (0x01d9ccb3) xor     s9, s3, t4
core   0: 3 0x800059bc (0x01d9ccb3) x25 0xae3bf9aa
core   0: 0x800059c0 (0x40155d13) srai    s10, a0, 1
core   0: 3 0x800059c0 (0x40155d13) x26 0xc0008732
core   0: 0x800059c4 (0x00539b13) slli    s6, t2, 5
core   0: 3 0x800059c4 (0x00539b13) x22 0x00000000
core   0: 0x800059c8 (0xf2194013) xori    zero, s2, -223
core   0: 3 0x800059c8 (0xf2194013)
core   0: 0x800059cc (0x00000013) nop
core   0: 3 0x800059cc (0x00000013)
core   0: 0x800059d0 (0x80000737) lui     a4, 0x80000
core   0: 3 0x800059d0 (0x80000737) x14 0x80000000
core   0: 0x800059d4 (0x82dc35b7) lui     a1, 0x82dc3
core   0: 3 0x800059d4 (0x82dc35b7) x11 0x82dc3000
core   0: 0x800059d8 (0x07558593) addi    a1, a1, 117
core   0: 3 0x800059d8 (0x07558593) x11 0x82dc3075
core   0: 0x800059dc (0xa57414b7) lui     s1, 0xa5741
core   0: 3 0x800059dc (0xa57414b7) x 9 0xa5741000
core   0: 0x800059e0 (0xc3848493) addi    s1, s1, -968
core   0: 3 0x800059e0 (0xc3848493) x 9 0xa5740c38
core   0: 0x800059e4 (0x00000693) li      a3, 0
core   0: 3 0x800059e4 (0x00000693) x13 0x00000000
core   0: 0x800059e8 (0xfff00093) li      ra, -1
core   0: 3 0x800059e8 (0xfff00093) x 1 0xffffffff
core   0: 0x800059ec (0xfff00c93) li      s9, -1
core   0: 3 0x800059ec (0xfff00c93) x25 0xffffffff
core   0: 0x800059f0 (0x80000a37) lui     s4, 0x80000
core   0: 3 0x800059f0 (0x80000a37) x20 0x80000000
core   0: 0x800059f4 (0xfff00d13) li      s10, -1
core   0: 3 0x800059f4 (0xfff00d13) x26 0xffffffff
core   0: 0x800059f8 (0x00000f93) li      t6, 0
core   0: 3 0x800059f8 (0x00000f93) x31 0x00000000
core   0: 0x800059fc (0x00000413) li      s0, 0
core   0: 3 0x800059fc (0x00000413) x 8 0x00000000
core   0: 0x80005a00 (0x00958733) add     a4, a1, s1
core   0: 3 0x80005a00 (0x00958733) x14 0x28503cad
core   0: 0x80005a04 (0x001a06b3) add     a3, s4, ra
core   0: 3 0x80005a04 (0x001a06b3) x13 0x7fffffff
core   0: 0x80005a08 (0x00d48cb3) add     s9, s1, a3
core   0: 3 0x80005a08 (0x00d48cb3) x25 0x25740c37
core   0: 0x80005a0c (0x4d79f717) auipc   a4, 0x4d79f
core   0: 3 0x80005a0c (0x4d79f717) x14 0xcd7a4a0c
core   0: 0x80005a10 (0x700a8d37) lui     s10, 0x700a8
core   0: 3 0x80005a10 (0x700a8d37) x26 0x700a8000
core   0: 0x80005a14 (0xbb9d0d13) addi    s10, s10, -1095
core   0: 3 0x80005a14 (0xbb9d0d13) x26 0x700a7bb9
core   0: 0x80005a18 (0xa54560b7) lui     ra, 0xa5456
core   0: 3 0x80005a18 (0xa54560b7) x 1 0xa5456000
core   0: 0x80005a1c (0x01a68a33) add     s4, a3, s10
core   0: 3 0x80005a1c (0x01a68a33) x20 0xf00a7bb8
core   0: 0x80005a20 (0x00000013) nop
core   0: 3 0x80005a20 (0x00000013)
core   0: 0x80005a24 (0xdc8c8f93) addi    t6, s9, -568
core   0: 3 0x80005a24 (0xdc8c8f93) x31 0x257409ff
core   0: 0x80005a28 (0x82340c93) addi    s9, s0, -2013
core   0: 3 0x80005a28 (0x82340c93) x25 0xfffff823
core   0: 0x80005a2c (0xa8bf8693) addi    a3, t6, -1397
core   0: 3 0x80005a2c (0xa8bf8693) x13 0x2574048a
core   0: 0x80005a30 (0x7c36ad37) lui     s10, 0x7c36a
core   0: 3 0x80005a30 (0x7c36ad37) x26 0x7c36a000
core   0: 0x80005a34 (0x878df697) auipc   a3, 0x878df
core   0: 3 0x80005a34 (0x878df697) x13 0x078e4a34
core   0: 0x80005a38 (0x01970433) add     s0, a4, s9
core   0: 3 0x80005a38 (0x01970433) x 8 0xcd7a422f
core   0: 0x80005a3c (0x40e586b3) sub     a3, a1, a4
core   0: 3 0x80005a3c (0x40e586b3) x13 0xb561e669
core   0: 0x80005a40 (0x414d0d33) sub     s10, s10, s4
core   0: 3 0x80005a40 (0x414d0d33) x26 0x8c2c2448
core   0: 0x80005a44 (0x8562a993) slti    s3, t0, -1962
core   0: 3 0x80005a44 (0x8562a993) x19 0x00000000
core   0: 0x80005a48 (0x0044d033) srl     zero, s1, tp
core   0: 3 0x80005a48 (0x0044d033)
core   0: 0x80005a4c (0x00519413) slli    s0, gp, 5
core   0: 3 0x80005a4c (0x00519413) x 8 0x00002800
core   0: 0x80005a50 (0x01f8a833) slt     a6, a7, t6
core   0: 3 0x80005a50 (0x01f8a833) x16 0x00000001
core   0: 0x80005a54 (0x3c83b413) sltiu   s0, t2, 968
core   0: 3 0x80005a54 (0x3c83b413) x 8 0x00000000
core   0: 0x80005a58 (0x01ecdbb3) srl     s7, s9, t5
core   0: 3 0x80005a58 (0x01ecdbb3) x23 0xfffff823
core   0: 0x80005a5c (0x55df0d93) addi    s11, t5, 1373
core   0: 3 0x80005a5c (0x55df0d93) x27 0xaa028d5d
core   0: 0x80005a60 (0x401cd033) sra     zero, s9, ra
core   0: 3 0x80005a60 (0x401cd033)
core   0: 0x80005a64 (0x00283d33) sltu    s10, a6, sp
core   0: 3 0x80005a64 (0x00283d33) x26 0x00000001
core   0: 0x80005a68 (0x409059b3) sra     s3, zero, s1
core   0: 3 0x80005a68 (0x409059b3) x19 0x00000000
core   0: 0x80005a6c (0xd20ee417) auipc   s0, 0xd20ee
core   0: 3 0x80005a6c (0xd20ee417) x 8 0x520f3a6c
core   0: 0x80005a70 (0x3ba96d17) auipc   s10, 0x3ba96
core   0: 3 0x80005a70 (0x3ba96d17) x26 0xbba9ba70
core   0: 0x80005a74 (0x416081b3) sub     gp, ra, s6
core   0: 3 0x80005a74 (0x416081b3) x 3 0xa5456000
core   0: 0x80005a78 (0xa741d037) lui     zero, 0xa741d
core   0: 3 0x80005a78 (0xa741d037)
core   0: 0x80005a7c (0x5884f493) andi    s1, s1, 1416
core   0: 3 0x80005a7c (0x5884f493) x 9 0x00000408
core   0: 0x80005a80 (0x41095a33) sra     s4, s2, a6
core   0: 3 0x80005a80 (0x41095a33) x20 0xfffffc51
core   0: 0x80005a84 (0x5f04b237) lui     tp, 0x5f04b
core   0: 3 0x80005a84 (0x5f04b237) x 4 0x5f04b000
core   0: 0x80005a88 (0x01081f13) slli    t5, a6, 16
core   0: 3 0x80005a88 (0x01081f13) x30 0x00010000
core   0: 0x80005a8c (0x0178d713) srli    a4, a7, 23
core   0: 3 0x80005a8c (0x0178d713) x14 0x000001ff
core   0: 0x80005a90 (0x01270fb3) add     t6, a4, s2
core   0: 3 0x80005a90 (0x01270fb3) x31 0xfffffaa1
core   0: 0x80005a94 (0x80b56d13) ori     s10, a0, -2037
core   0: 3 0x80005a94 (0x80b56d13) x26 0xfffffe6f
core   0: 0x80005a98 (0x41388433) sub     s0, a7, s3
core   0: 3 0x80005a98 (0x41388433) x 8 0xfffffc92
core   0: 0x80005a9c (0x01510133) add     sp, sp, s5
core   0: 3 0x80005a9c (0x01510133) x 2 0x4c725907
core   0: 0x80005aa0 (0x00031c93) slli    s9, t1, 0
core   0: 3 0x80005aa0 (0x00031c93) x25 0x80014ce4
core   0: 0x80005aa4 (0x40b7d933) sra     s2, a5, a1
core   0: 3 0x80005aa4 (0x40b7d933) x18 0x00000004
core   0: 0x80005aa8 (0x403cdb93) srai    s7, s9, 3
core   0: 3 0x80005aa8 (0x403cdb93) x23 0xf000299c
core   0: 0x80005aac (0x0e06e013) ori     zero, a3, 224
core   0: 3 0x80005aac (0x0e06e013)
core   0: 0x80005ab0 (0x00b37eb3) and     t4, t1, a1
core   0: 3 0x80005ab0 (0x00b37eb3) x29 0x80000064
core   0: 0x80005ab4 (0x01052ab3) slt     s5, a0, a6
core   0: 3 0x80005ab4 (0x01052ab3) x21 0x00000001
core   0: 0x80005ab8 (0xddb2a7b7) lui     a5, 0xddb2a
core   0: 3 0x80005ab8 (0xddb2a7b7) x15 0xddb2a000
core   0: 0x80005abc (0x00000013) nop
core   0: 3 0x80005abc (0x00000013)
core   0: 0x80005ac0 (0x00bf72b3) and     t0, t5, a1
core   0: 3 0x80005ac0 (0x00bf72b3) x 5 0x00000000
core   0: 0x80005ac4 (0xc0386413) ori     s0, a6, -1021
core   0: 3 0x80005ac4 (0xc0386413) x 8 0xfffffc03
core   0: 0x80005ac8 (0x00374f33) xor     t5, a4, gp
core   0: 3 0x80005ac8 (0x00374f33) x30 0xa54561ff
core   0: 0x80005acc (0x7bcbbe93) sltiu   t4, s7, 1980
core   0: 3 0x80005acc (0x7bcbbe93) x29 0x00000000
core   0: 0x80005ad0 (0xf4f18c17) auipc   s8, 0xf4f18
core   0: 3 0x80005ad0 (0xf4f18c17) x24 0x74f1dad0
core   0: 0x80005ad4 (0x40d68c33) sub     s8, a3, a3
core   0: 3 0x80005ad4 (0x40d68c33) x24 0x00000000
core   0: 0x80005ad8 (0x00000013) nop
core   0: 3 0x80005ad8 (0x00000013)
core   0: 0x80005adc (0x00a6afb3) slt     t6, a3, a0
core   0: 3 0x80005adc (0x00a6afb3) x31 0x00000000
core   0: 0x80005ae0 (0x001bf6b3) and     a3, s7, ra
core   0: 3 0x80005ae0 (0x001bf6b3) x13 0xa0002000
core   0: 0x80005ae4 (0xf4254c13) xori    s8, a0, -190
core   0: 3 0x80005ae4 (0xf4254c13) x24 0x7ffef126
core   0: 0x80005ae8 (0x01956833) or      a6, a0, s9
core   0: 3 0x80005ae8 (0x01956833) x16 0x80014ee4
core   0: 0x80005aec (0x2c312713) slti    a4, sp, 707
core   0: 3 0x80005aec (0x2c312713) x14 0x00000000
core   0: 0x80005af0 (0x0088e433) or      s0, a7, s0
core   0: 3 0x80005af0 (0x0088e433) x 8 0xfffffc93
core   0: 0x80005af4 (0x016b1813) slli    a6, s6, 22
core   0: 3 0x80005af4 (0x016b1813) x16 0x00000000
core   0: 0x80005af8 (0x415e5b33) sra     s6, t3, s5
core   0: 3 0x80005af8 (0x415e5b33) x22 0x000003e2
core   0: 0x80005afc (0xabf03c13) sltiu   s8, zero, -1345
core   0: 3 0x80005afc (0xabf03c13) x24 0x00000001
core   0: 0x80005b00 (0x118b31b7) lui     gp, 0x118b3
core   0: 3 0x80005b00 (0x118b31b7) x 3 0x118b3000
core   0: 0x80005b04 (0x00e7d193) srli    gp, a5, 14
core   0: 3 0x80005b04 (0x00e7d193) x 3 0x000376ca
core   0: 0x80005b08 (0x5888a213) slti    tp, a7, 1416
core   0: 3 0x80005b08 (0x5888a213) x 4 0x00000001
core   0: 0x80005b0c (0x00000013) nop
core   0: 3 0x80005b0c (0x00000013)
core   0: 0x80005b10 (0x002e5193) srli    gp, t3, 2
core   0: 3 0x80005b10 (0x002e5193) x 3 0x000001f1
core   0: 0x80005b14 (0x0199ca33) xor     s4, s3, s9
core   0: 3 0x80005b14 (0x0199ca33) x20 0x80014ce4
core   0: 0x80005b18 (0x009232b3) sltu    t0, tp, s1
core   0: 3 0x80005b18 (0x009232b3) x 5 0x00000001
core   0: 0x80005b1c (0x41bf0233) sub     tp, t5, s11
core   0: 3 0x80005b1c (0x41bf0233) x 4 0xfb42d4a2
core   0: 0x80005b20 (0x417cdb33) sra     s6, s9, s7
core   0: 3 0x80005b20 (0x417cdb33) x22 0xfffffff8
core   0: 0x80005b24 (0x0125c6b3) xor     a3, a1, s2
core   0: 3 0x80005b24 (0x0125c6b3) x13 0x82dc3071
core   0: 0x80005b28 (0xbd8d2a13) slti    s4, s10, -1064
core   0: 3 0x80005b28 (0xbd8d2a13) x20 0x00000000
core   0: 0x80005b2c (0xd3e18193) addi    gp, gp, -706
core   0: 3 0x80005b2c (0xd3e18193) x 3 0xffffff2f
core   0: 0x80005b30 (0x007f8d33) add     s10, t6, t2
core   0: 3 0x80005b30 (0x007f8d33) x26 0x80000000
core   0: 0x80005b34 (0x01269a13) slli    s4, a3, 18
core   0: 3 0x80005b34 (0x01269a13) x20 0xc1c40000
core   0: 0x80005b38 (0x01819f33) sll     t5, gp, s8
core   0: 3 0x80005b38 (0x01819f33) x30 0xfffffe5e
core   0: 0x80005b3c (0x406ed193) srai    gp, t4, 6
core   0: 3 0x80005b3c (0x406ed193) x 3 0x00000000
core   0: 0x80005b40 (0x004d4db3) xor     s11, s10, tp
core   0: 3 0x80005b40 (0x004d4db3) x27 0x7b42d4a2
core   0: 0x80005b44 (0x008a3233) sltu    tp, s4, s0
core   0: 3 0x80005b44 (0x008a3233) x 4 0x00000001
core   0: 0x80005b48 (0x00f6d993) srli    s3, a3, 15
core   0: 3 0x80005b48 (0x00f6d993) x19 0x000105b8
core   0: 0x80005b4c (0x004ed2b3) srl     t0, t4, tp
core   0: 3 0x80005b4c (0x004ed2b3) x 5 0x00000000
core   0: 0x80005b50 (0x00a39033) sll     zero, t2, a0
core   0: 3 0x80005b50 (0x00a39033)
core   0: 0x80005b54 (0xfff00693) li      a3, -1
core   0: 3 0x80005b54 (0xfff00693) x13 0xffffffff
core   0: 0x80005b58 (0x636f0437) lui     s0, 0x636f0
core   0: 3 0x80005b58 (0x636f0437) x 8 0x636f0000
core   0: 0x80005b5c (0xd6440413) addi    s0, s0, -668
core   0: 3 0x80005b5c (0xd6440413) x 8 0x636efd64
core   0: 0x80005b60 (0x800008b7) lui     a7, 0x80000
core   0: 3 0x80005b60 (0x800008b7) x17 0x80000000
core   0: 0x80005b64 (0xfff00993) li      s3, -1
core   0: 3 0x80005b64 (0xfff00993) x19 0xffffffff
core   0: 0x80005b68 (0x00000a93) li      s5, 0
core   0: 3 0x80005b68 (0x00000a93) x21 0x00000000
core   0: 0x80005b6c (0x00000593) li      a1, 0
core   0: 3 0x80005b6c (0x00000593) x11 0x00000000
core   0: 0x80005b70 (0x00000c13) li      s8, 0
core   0: 3 0x80005b70 (0x00000c13) x24 0x00000000
core   0: 0x80005b74 (0x80000bb7) lui     s7, 0x80000
core   0: 3 0x80005b74 (0x80000bb7) x23 0x80000000
core   0: 0x80005b78 (0xfff00813) li      a6, -1
core   0: 3 0x80005b78 (0xfff00813) x16 0xffffffff
core   0: 0x80005b7c (0xfff00d93) li      s11, -1
core   0: 3 0x80005b7c (0xfff00d93) x27 0xffffffff
core   0: 0x80005b80 (0x2d8c0ab7) lui     s5, 0x2d8c0
core   0: 3 0x80005b80 (0x2d8c0ab7) x21 0x2d8c0000
core   0: 0x80005b84 (0x413a8bb3) sub     s7, s5, s3
core   0: 3 0x80005b84 (0x413a8bb3) x23 0x2d8c0001
core   0: 0x80005b88 (0x41540db3) sub     s11, s0, s5
core   0: 3 0x80005b88 (0x41540db3) x27 0x35e2fd64
core   0: 0x80005b8c (0x00000013) nop
core   0: 3 0x80005b8c (0x00000013)
core   0: 0x80005b90 (0xcd398b93) addi    s7, s3, -813
core   0: 3 0x80005b90 (0xcd398b93) x23 0xfffffcd2
core   0: 0x80005b94 (0x01840db3) add     s11, s0, s8
core   0: 3 0x80005b94 (0x01840db3) x27 0x636efd64
core   0: 0x80005b98 (0x017c0433) add     s0, s8, s7
core   0: 3 0x80005b98 (0x017c0433) x 8 0xfffffcd2
core   0: 0x80005b9c (0x1ceb8813) addi    a6, s7, 462
core   0: 3 0x80005b9c (0x1ceb8813) x16 0xfffffea0
core   0: 0x80005ba0 (0xd918d837) lui     a6, 0xd918d
core   0: 3 0x80005ba0 (0xd918d837) x16 0xd918d000
core   0: 0x80005ba4 (0x8ebbe697) auipc   a3, 0x8ebbe
core   0: 3 0x80005ba4 (0x8ebbe697) x13 0x0ebc3ba4
core   0: 0x80005ba8 (0x8b9b8893) addi    a7, s7, -1863
core   0: 3 0x80005ba8 (0x8b9b8893) x17 0xfffff58b
core   0: 0x80005bac (0xa2a2b6b7) lui     a3, 0xa2a2b
core   0: 3 0x80005bac (0xa2a2b6b7) x13 0xa2a2b000
core   0: 0x80005bb0 (0x00000013) nop
core   0: 3 0x80005bb0 (0x00000013)
core   0: 0x80005bb4 (0x013408b3) add     a7, s0, s3
core   0: 3 0x80005bb4 (0x013408b3) x17 0xfffffcd1
core   0: 0x80005bb8 (0x011586b3) add     a3, a1, a7
core   0: 3 0x80005bb8 (0x011586b3) x13 0xfffffcd1
core   0: 0x80005bbc (0x40dc0ab3) sub     s5, s8, a3
core   0: 3 0x80005bbc (0x40dc0ab3) x21 0x0000032f
core   0: 0x80005bc0 (0x54671db7) lui     s11, 0x54671
core   0: 3 0x80005bc0 (0x54671db7) x27 0x54671000
core   0: 0x80005bc4 (0x58144597) auipc   a1, 0x58144
core   0: 3 0x80005bc4 (0x58144597) x11 0xd8149bc4
core   0: 0x80005bc8 (0x00000013) nop
core   0: 3 0x80005bc8 (0x00000013)
core   0: 0x80005bcc (0x721a4417) auipc   s0, 0x721a4
core   0: 3 0x80005bcc (0x721a4417) x 8 0xf21a9bcc
core   0: 0x80005bd0 (0xe3a33db7) lui     s11, 0xe3a33
core   0: 3 0x80005bd0 (0xe3a33db7) x27 0xe3a33000
core   0: 0x80005bd4 (0x00000013) nop
core   0: 3 0x80005bd4 (0x00000013)
core   0: 0x80005bd8 (0x00000013) nop
core   0: 3 0x80005bd8 (0x00000013)
core   0: 0x80005bdc (0xb9bc0893) addi    a7, s8, -1125
core   0: 3 0x80005bdc (0xb9bc0893) x17 0xfffffb9b
core   0: 0x80005be0 (0xcd188a93) addi    s5, a7, -815
core   0: 3 0x80005be0 (0xcd188a93) x21 0xfffff86c
core   0: 0x80005be4 (0x017b86b3) add     a3, s7, s7
core   0: 3 0x80005be4 (0x017b86b3) x13 0xfffff9a4
core   0: 0x80005be8 (0x018685b3) add     a1, a3, s8
core   0: 3 0x80005be8 (0x018685b3) x11 0xfffff9a4
core   0: 0x80005bec (0x01428e33) add     t3, t0, s4
core   0: 3 0x80005bec (0x01428e33) x28 0xc1c40000
core   0: 0x80005bf0 (0x577c7d13) andi    s10, s8, 1399
core   0: 3 0x80005bf0 (0x577c7d13) x26 0x00000000
core   0: 0x80005bf4 (0x01fc59b3) srl     s3, s8, t6
core   0: 3 0x80005bf4 (0x01fc59b3) x19 0x00000000
core   0: 0x80005bf8 (0x5e09ad93) slti    s11, s3, 1504
core   0: 3 0x80005bf8 (0x5e09ad93) x27 0x00000001
core   0: 0x80005bfc (0x00189e93) slli    t4, a7, 1
core   0: 3 0x80005bfc (0x00189e93) x29 0xfffff736
core   0: 0x80005c00 (0x40f2dc13) srai    s8, t0, 15
core   0: 3 0x80005c00 (0x40f2dc13) x24 0x00000000
core   0: 0x80005c04 (0xf1836237) lui     tp, 0xf1836
core   0: 3 0x80005c04 (0xf1836237) x 4 0xf1836000
core   0: 0x80005c08 (0xca38f713) andi    a4, a7, -861
core   0: 3 0x80005c08 (0xca38f713) x14 0xfffff883
core   0: 0x80005c0c (0xb839ac37) lui     s8, 0xb839a
core   0: 3 0x80005c0c (0xb839ac37) x24 0xb839a000
core   0: 0x80005c10 (0x40d20833) sub     a6, tp, a3
core   0: 3 0x80005c10 (0x40d20833) x16 0xf183665c
core   0: 0x80005c14 (0xfa8ca613) slti    a2, s9, -88
core   0: 3 0x80005c14 (0xfa8ca613) x12 0x00000001
core   0: 0x80005c18 (0xd5892413) slti    s0, s2, -680
core   0: 3 0x80005c18 (0xd5892413) x 8 0x00000000
core   0: 0x80005c1c (0x014474b3) and     s1, s0, s4
core   0: 3 0x80005c1c (0x014474b3) x 9 0x00000000
core   0: 0x80005c20 (0x39a76e13) ori     t3, a4, 922
core   0: 3 0x80005c20 (0x39a76e13) x28 0xfffffb9b
core   0: 0x80005c24 (0x0175da33) srl     s4, a1, s7
core   0: 3 0x80005c24 (0x0175da33) x20 0x00003fff
core   0: 0x80005c28 (0x0095d693) srli    a3, a1, 9
core   0: 3 0x80005c28 (0x0095d693) x13 0x007ffffc
core   0: 0x80005c2c (0x01bbd893) srli    a7, s7, 27
core   0: 3 0x80005c2c (0x01bbd893) x17 0x0000001f
core   0: 0x80005c30 (0x007bac33) slt     s8, s7, t2
core   0: 3 0x80005c30 (0x007bac33) x24 0x00000000
core   0: 0x80005c34 (0x006bcfb3) xor     t6, s7, t1
core   0: 3 0x80005c34 (0x006bcfb3) x31 0x7ffeb036
core   0: 0x80005c38 (0x00b61c13) slli    s8, a2, 11
core   0: 3 0x80005c38 (0x00b61c13) x24 0x00000800
core   0: 0x80005c3c (0x00f9c6b3) xor     a3, s3, a5
core   0: 3 0x80005c3c (0x00f9c6b3) x13 0xddb2a000
core   0: 0x80005c40 (0x00000013) nop
core   0: 3 0x80005c40 (0x00000013)
core   0: 0x80005c44 (0x01132ab3) slt     s5, t1, a7
core   0: 3 0x80005c44 (0x01132ab3) x21 0x00000001
core   0: 0x80005c48 (0x35366893) ori     a7, a2, 851
core   0: 3 0x80005c48 (0x35366893) x17 0x00000353
core   0: 0x80005c4c (0x006489b3) add     s3, s1, t1
core   0: 3 0x80005c4c (0x006489b3) x19 0x80014ce4
core   0: 0x80005c50 (0x00000013) nop
core   0: 3 0x80005c50 (0x00000013)
core   0: 0x80005c54 (0x00fa9293) slli    t0, s5, 15
core   0: 3 0x80005c54 (0x00fa9293) x 5 0x00008000
core   0: 0x80005c58 (0x01cb8033) add     zero, s7, t3
core   0: 3 0x80005c58 (0x01cb8033)
core   0: 0x80005c5c (0xc4e74e13) xori    t3, a4, -946
core   0: 3 0x80005c5c (0xc4e74e13) x28 0x000004cd
core   0: 0x80005c60 (0x01721e13) slli    t3, tp, 23
core   0: 3 0x80005c60 (0x01721e13) x28 0x00000000
core   0: 0x80005c64 (0x00000013) nop
core   0: 3 0x80005c64 (0x00000013)
core   0: 0x80005c68 (0x25788b13) addi    s6, a7, 599
core   0: 3 0x80005c68 (0x25788b13) x22 0x000005aa
core   0: 0x80005c6c (0x82f9ca97) auipc   s5, 0x82f9c
core   0: 3 0x80005c6c (0x82f9ca97) x21 0x02fa1c6c
core   0: 0x80005c70 (0x41290fb3) sub     t6, s2, s2
core   0: 3 0x80005c70 (0x41290fb3) x31 0x00000000
core   0: 0x80005c74 (0x00000013) nop
core   0: 3 0x80005c74 (0x00000013)
core   0: 0x80005c78 (0x015bdb33) srl     s6, s7, s5
core   0: 3 0x80005c78 (0x015bdb33) x22 0x000fffff
core   0: 0x80005c7c (0x003d5bb3) srl     s7, s10, gp
core   0: 3 0x80005c7c (0x003d5bb3) x23 0x00000000
core   0: 0x80005c80 (0x01fb1b33) sll     s6, s6, t6
core   0: 3 0x80005c80 (0x01fb1b33) x22 0x000fffff
core   0: 0x80005c84 (0x0092b433) sltu    s0, t0, s1
core   0: 3 0x80005c84 (0x0092b433) x 8 0x00000000
core   0: 0x80005c88 (0xe93e6fb7) lui     t6, 0xe93e6
core   0: 3 0x80005c88 (0xe93e6fb7) x31 0xe93e6000
core   0: 0x80005c8c (0x62cc2a13) slti    s4, s8, 1580
core   0: 3 0x80005c8c (0x62cc2a13) x20 0x00000000
core   0: 0x80005c90 (0x009a5d93) srli    s11, s4, 9
core   0: 3 0x80005c90 (0x009a5d93) x27 0x00000000
core   0: 0x80005c94 (0x01aae633) or      a2, s5, s10
core   0: 3 0x80005c94 (0x01aae633) x12 0x02fa1c6c
core   0: 0x80005c98 (0x00c68db3) add     s11, a3, a2
core   0: 3 0x80005c98 (0x00c68db3) x27 0xe0acbc6c
core   0: 0x80005c9c (0x40c5db33) sra     s6, a1, a2
core   0: 3 0x80005c9c (0x40c5db33) x22 0xffffffff
core   0: 0x80005ca0 (0x010985b3) add     a1, s3, a6
core   0: 3 0x80005ca0 (0x010985b3) x11 0x7184b340
core   0: 0x80005ca4 (0xc118ad13) slti    s10, a7, -1007
core   0: 3 0x80005ca4 (0xc118ad13) x26 0x00000000
core   0: 0x80005ca8 (0x014634b3) sltu    s1, a2, s4
core   0: 3 0x80005ca8 (0x014634b3) x 9 0x00000000
core   0: 0x80005cac (0x00f49293) slli    t0, s1, 15
core   0: 3 0x80005cac (0x00f49293) x 5 0x00000000
core   0: 0x80005cb0 (0x6b47ee93) ori     t4, a5, 1716
core   0: 3 0x80005cb0 (0x6b47ee93) x29 0xddb2a6b4
core   0: 0x80005cb4 (0xac6eb2b7) lui     t0, 0xac6eb
core   0: 3 0x80005cb4 (0xac6eb2b7) x 5 0xac6eb000
core   0: 0x80005cb8 (0x00072133) slt     sp, a4, zero
core   0: 3 0x80005cb8 (0x00072133) x 2 0x00000001
core   0: 0x80005cbc (0x0fedc093) xori    ra, s11, 254
core   0: 3 0x80005cbc (0x0fedc093) x 1 0xe0acbc92
core   0: 0x80005cc0 (0x00000013) nop
core   0: 3 0x80005cc0 (0x00000013)
core   0: 0x80005cc4 (0x01f0d493) srli    s1, ra, 31
core   0: 3 0x80005cc4 (0x01f0d493) x 9 0x00000001
core   0: 0x80005cc8 (0x34532ab7) lui     s5, 0x34532
core   0: 3 0x80005cc8 (0x34532ab7) x21 0x34532000
core   0: 0x80005ccc (0x01d6f7b3) and     a5, a3, t4
core   0: 3 0x80005ccc (0x01d6f7b3) x15 0xddb2a000
core   0: 0x80005cd0 (0x018f1013) slli    zero, t5, 24
core   0: 3 0x80005cd0 (0x018f1013)
core   0: 0x80005cd4 (0x07f8aa13) slti    s4, a7, 127
core   0: 3 0x80005cd4 (0x07f8aa13) x20 0x00000000
core   0: 0x80005cd8 (0x545be213) ori     tp, s7, 1349
core   0: 3 0x80005cd8 (0x545be213) x 4 0x00000545
core   0: 0x80005cdc (0x01543c33) sltu    s8, s0, s5
core   0: 3 0x80005cdc (0x01543c33) x24 0x00000001
core   0: 0x80005ce0 (0x9ec58e93) addi    t4, a1, -1556
core   0: 3 0x80005ce0 (0x9ec58e93) x29 0x7184ad2c
core   0: 0x80005ce4 (0x235cddb7) lui     s11, 0x235cd
core   0: 3 0x80005ce4 (0x235cddb7) x27 0x235cd000
core   0: 0x80005ce8 (0x00e2ee33) or      t3, t0, a4
core   0: 3 0x80005ce8 (0x00e2ee33) x28 0xfffff883
core   0: 0x80005cec (0x01f4fb33) and     s6, s1, t6
core   0: 3 0x80005cec (0x01f4fb33) x22 0x00000000
core   0: 0x80005cf0 (0x40255593) srai    a1, a0, 2
core   0: 3 0x80005cf0 (0x40255593) x11 0xe0004399
core   0: 0x80005cf4 (0x88e29137) lui     sp, 0x88e29
core   0: 3 0x80005cf4 (0x88e29137) x 2 0x88e29000
core   0: 0x80005cf8 (0x0157cc33) xor     s8, a5, s5
core   0: 3 0x80005cf8 (0x0157cc33) x24 0xe9e18000
core   0: 0x80005cfc (0xbe88c493) xori    s1, a7, -1048
core   0: 3 0x80005cfc (0xbe88c493) x 9 0xfffff8bb
core   0: 0x80005d00 (0xf10e5ab7) lui     s5, 0xf10e5
core   0: 3 0x80005d00 (0xf10e5ab7) x21 0xf10e5000
core   0: 0x80005d04 (0x012de9b3) or      s3, s11, s2
core   0: 3 0x80005d04 (0x012de9b3) x19 0x235cd004
core   0: 0x80005d08 (0x00ef5593) srli    a1, t5, 14
core   0: 3 0x80005d08 (0x00ef5593) x11 0x0003ffff
core   0: 0x80005d0c (0x2b76b493) sltiu   s1, a3, 695
core   0: 3 0x80005d0c (0x2b76b493) x 9 0x00000000
core   0: 0x80005d10 (0x95b62d13) slti    s10, a2, -1701
core   0: 3 0x80005d10 (0x95b62d13) x26 0x00000000
core   0: 0x80005d14 (0x016d74b3) and     s1, s10, s6
core   0: 3 0x80005d14 (0x016d74b3) x 9 0x00000000
core   0: 0x80005d18 (0x01cc95b3) sll     a1, s9, t3
core   0: 3 0x80005d18 (0x01cc95b3) x11 0x000a6720
core   0: 0x80005d1c (0x40e752b3) sra     t0, a4, a4
core   0: 3 0x80005d1c (0x40e752b3) x 5 0xffffff10
core   0: 0x80005d20 (0x476cd7b7) lui     a5, 0x476cd
core   0: 3 0x80005d20 (0x476cd7b7) x15 0x476cd000
core   0: 0x80005d24 (0x4070d0b3) sra     ra, ra, t2
core   0: 3 0x80005d24 (0x4070d0b3) x 1 0xe0acbc92
core   0: 0x80005d28 (0x40efdf93) srai    t6, t6, 14
core   0: 3 0x80005d28 (0x40efdf93) x31 0xffffa4f9
core   0: 0x80005d2c (0x0146ab33) slt     s6, a3, s4
core   0: 3 0x80005d2c (0x0146ab33) x22 0x00000001
core   0: 0x80005d30 (0x1fcb6893) ori     a7, s6, 508
core   0: 3 0x80005d30 (0x1fcb6893) x17 0x000001fd
core   0: 0x80005d34 (0x00000013) nop
core   0: 3 0x80005d34 (0x00000013)
core   0: 0x80005d38 (0xae078093) addi    ra, a5, -1312
core   0: 3 0x80005d38 (0xae078093) x 1 0x476ccae0
core   0: 0x80005d3c (0x40b4da13) srai    s4, s1, 11
core   0: 3 0x80005d3c (0x40b4da13) x20 0x00000000
core   0: 0x80005d40 (0x01a1e1b3) or      gp, gp, s10
core   0: 3 0x80005d40 (0x01a1e1b3) x 3 0x00000000
core   0: 0x80005d44 (0x00449833) sll     a6, s1, tp
core   0: 3 0x80005d44 (0x00449833) x16 0x00000000
core   0: 0x80005d48 (0x00d7f5b3) and     a1, a5, a3
core   0: 3 0x80005d48 (0x00d7f5b3) x11 0x45208000
core   0: 0x80005d4c (0xaf9f4497) auipc   s1, 0xaf9f4
core   0: 3 0x80005d4c (0xaf9f4497) x 9 0x2f9f9d4c
core   0: 0x80005d50 (0x00849ab3) sll     s5, s1, s0
core   0: 3 0x80005d50 (0x00849ab3) x21 0x2f9f9d4c
core   0: 0x80005d54 (0x00efcc33) xor     s8, t6, a4
core   0: 3 0x80005d54 (0x00efcc33) x24 0x00005c7a
core   0: 0x80005d58 (0x4159d833) sra     a6, s3, s5
core   0: 3 0x80005d58 (0x4159d833) x16 0x000235cd
core   0: 0x80005d5c (0x00000013) nop
core   0: 3 0x80005d5c (0x00000013)
core   0: 0x80005d60 (0x01a030b3) snez    ra, s10
core   0: 3 0x80005d60 (0x01a030b3) x 1 0x00000000
core   0: 0x80005d64 (0x41005713) srai    a4, zero, 16
core   0: 3 0x80005d64 (0x41005713) x14 0x00000000
core   0: 0x80005d68 (0x16026813) ori     a6, tp, 352
core   0: 3 0x80005d68 (0x16026813) x16 0x00000565
core   0: 0x80005d6c (0x41db08b3) sub     a7, s6, t4
core   0: 3 0x80005d6c (0x41db08b3) x17 0x8e7b52d5
core   0: 0x80005d70 (0x017992b3) sll     t0, s3, s7
core   0: 3 0x80005d70 (0x017992b3) x 5 0x235cd004
core   0: 0x80005d74 (0x406a5f33) sra     t5, s4, t1
core   0: 3 0x80005d74 (0x406a5f33) x30 0x00000000
core   0: 0x80005d78 (0x016db933) sltu    s2, s11, s6
core   0: 3 0x80005d78 (0x016db933) x18 0x00000000
core   0: 0x80005d7c (0x831b7593) andi    a1, s6, -1999
core   0: 3 0x80005d7c (0x831b7593) x11 0x00000001
core   0: 0x80005d80 (0x5d448e13) addi    t3, s1, 1492
core   0: 3 0x80005d80 (0x5d448e13) x28 0x2f9fa320
core   0: 0x80005d84 (0x00122c33) slt     s8, tp, ra
core   0: 3 0x80005d84 (0x00122c33) x24 0x00000000
core   0: 0x80005d88 (0x6c2be113) ori     sp, s7, 1730
core   0: 3 0x80005d88 (0x6c2be113) x 2 0x000006c2
core   0: 0x80005d8c (0x01bcd7b3) srl     a5, s9, s11
core   0: 3 0x80005d8c (0x01bcd7b3) x15 0x80014ce4
core   0: 0x80005d90 (0x31859297) auipc   t0, 0x31859
core   0: 3 0x80005d90 (0x31859297) x 5 0xb185ed90
core   0: 0x80005d94 (0x01e9f433) and     s0, s3, t5
core   0: 3 0x80005d94 (0x01e9f433) x 8 0x00000000
core   0: 0x80005d98 (0x00000013) nop
core   0: 3 0x80005d98 (0x00000013)
core   0: 0x80005d9c (0xc198b897) auipc   a7, 0xc198b
core   0: 3 0x80005d9c (0xc198b897) x17 0x41990d9c
core   0: 0x80005da0 (0x1b8a6037) lui     zero, 0x1b8a6
core   0: 3 0x80005da0 (0x1b8a6037)
core   0: 0x80005da4 (0x003cdb33) srl     s6, s9, gp
core   0: 3 0x80005da4 (0x003cdb33) x22 0x80014ce4
core   0: 0x80005da8 (0x5a46c417) auipc   s0, 0x5a46c
core   0: 3 0x80005da8 (0x5a46c417) x 8 0xda471da8
core   0: 0x80005dac (0x5dcd0213) addi    tp, s10, 1500
core   0: 3 0x80005dac (0x5dcd0213) x 4 0x000005dc
core   0: 0x80005db0 (0x83d32493) slti    s1, t1, -1987
core   0: 3 0x80005db0 (0x83d32493) x 9 0x00000001
core   0: 0x80005db4 (0x00781113) slli    sp, a6, 7
core   0: 3 0x80005db4 (0x00781113) x 2 0x0002b280
core   0: 0x80005db8 (0x90373b13) sltiu   s6, a4, -1789
core   0: 3 0x80005db8 (0x90373b13) x22 0x00000001
core   0: 0x80005dbc (0xb6578e93) addi    t4, a5, -1179
core   0: 3 0x80005dbc (0xb6578e93) x29 0x80014849
core   0: 0x80005dc0 (0x514cc613) xori    a2, s9, 1300
core   0: 3 0x80005dc0 (0x514cc613) x12 0x800149f0
core   0: 0x80005dc4 (0x0064b633) sltu    a2, s1, t1
core   0: 3 0x80005dc4 (0x0064b633) x12 0x00000001
core   0: 0x80005dc8 (0x00000013) nop
core   0: 3 0x80005dc8 (0x00000013)
core   0: 0x80005dcc (0x5a97b713) sltiu   a4, a5, 1449
core   0: 3 0x80005dcc (0x5a97b713) x14 0x00000000
core   0: 0x80005dd0 (0x00871eb3) sll     t4, a4, s0
core   0: 3 0x80005dd0 (0x00871eb3) x29 0x00000000
core   0: 0x80005dd4 (0x738cce13) xori    t3, s9, 1848
core   0: 3 0x80005dd4 (0x738cce13) x28 0x80014bdc
core   0: 0x80005dd8 (0x00bb7fb3) and     t6, s6, a1
core   0: 3 0x80005dd8 (0x00bb7fb3) x31 0x00000001
core   0: 0x80005ddc (0x93f04013) xori    zero, zero, -1729
core   0: 3 0x80005ddc (0x93f04013)
core   0: 0x80005de0 (0x01dfc833) xor     a6, t6, t4
core   0: 3 0x80005de0 (0x01dfc833) x16 0x00000001
core   0: 0x80005de4 (0x00640833) add     a6, s0, t1
core   0: 3 0x80005de4 (0x00640833) x16 0x5a486a8c
core   0: 0x80005de8 (0x1bfeb613) sltiu   a2, t4, 447
core   0: 3 0x80005de8 (0x1bfeb613) x12 0x00000001
core   0: 0x80005dec (0x01a992b3) sll     t0, s3, s10
core   0: 3 0x80005dec (0x01a992b3) x 5 0x235cd004
core   0: 0x80005df0 (0x3b5947b7) lui     a5, 0x3b594
core   0: 3 0x80005df0 (0x3b5947b7) x15 0x3b594000
core   0: 0x80005df4 (0x4f18da97) auipc   s5, 0x4f18d
core   0: 3 0x80005df4 (0x4f18da97) x21 0xcf192df4
core   0: 0x80005df8 (0x01f9ca33) xor     s4, s3, t6
core   0: 3 0x80005df8 (0x01f9ca33) x20 0x235cd005
core   0: 0x80005dfc (0xb25d6293) ori     t0, s10, -1243
core   0: 3 0x80005dfc (0xb25d6293) x 5 0xfffffb25
core   0: 0x80005e00 (0x0047a4b3) slt     s1, a5, tp
core   0: 3 0x80005e00 (0x0047a4b3) x 9 0x00000000
core   0: 0x80005e04 (0x210a5db7) lui     s11, 0x210a5
core   0: 3 0x80005e04 (0x210a5db7) x27 0x210a5000
core   0: 0x80005e08 (0x05fbe093) ori     ra, s7, 95
core   0: 3 0x80005e08 (0x05fbe093) x 1 0x0000005f
core   0: 0x80005e0c (0x412a5233) sra     tp, s4, s2
core   0: 3 0x80005e0c (0x412a5233) x 4 0x235cd005
core   0: 0x80005e10 (0x4075dc13) srai    s8, a1, 7
core   0: 3 0x80005e10 (0x4075dc13) x24 0x00000000
core   0: 0x80005e14 (0xe5198237) lui     tp, 0xe5198
core   0: 3 0x80005e14 (0xe5198237) x 4 0xe5198000
core   0: 0x80005e18 (0x019487b3) add     a5, s1, s9
core   0: 3 0x80005e18 (0x019487b3) x15 0x80014ce4
core   0: 0x80005e1c (0x006136b3) sltu    a3, sp, t1
core   0: 3 0x80005e1c (0x006136b3) x13 0x00000001
core   0: 0x80005e20 (0x26c47013) andi    zero, s0, 620
core   0: 3 0x80005e20 (0x26c47013)
core   0: 0x80005e24 (0x07b3f917) auipc   s2, 0x7b3f
core   0: 3 0x80005e24 (0x07b3f917) x18 0x87b44e24
core   0: 0x80005e28 (0xc9ec3017) auipc   zero, 0xc9ec3
core   0: 3 0x80005e28 (0xc9ec3017)
core   0: 0x80005e2c (0x012a3433) sltu    s0, s4, s2
core   0: 3 0x80005e2c (0x012a3433) x 8 0x00000001
core   0: 0x80005e30 (0x01978e33) add     t3, a5, s9
core   0: 3 0x80005e30 (0x01978e33) x28 0x000299c8
core   0: 0x80005e34 (0x04324993) xori    s3, tp, 67
core   0: 3 0x80005e34 (0x04324993) x19 0xe5198043
core   0: 0x80005e38 (0x1b90f993) andi    s3, ra, 441
core   0: 3 0x80005e38 (0x1b90f993) x19 0x00000019
core   0: 0x80005e3c (0x008b21b3) slt     gp, s6, s0
core   0: 3 0x80005e3c (0x008b21b3) x 3 0x00000000
core   0: 0x80005e40 (0x00699813) slli    a6, s3, 6
core   0: 3 0x80005e40 (0x00699813) x16 0x00000640
core   0: 0x80005e44 (0x010cf133) and     sp, s9, a6
core   0: 3 0x80005e44 (0x010cf133) x 2 0x00000440
core   0: 0x80005e48 (0x00c39893) slli    a7, t2, 12
core   0: 3 0x80005e48 (0x00c39893) x17 0x00000000
core   0: 0x80005e4c (0x002037b3) snez    a5, sp
core   0: 3 0x80005e4c (0x002037b3) x15 0x00000001
core   0: 0x80005e50 (0x00ae9c33) sll     s8, t4, a0
core   0: 3 0x80005e50 (0x00ae9c33) x24 0x00000000
core   0: 0x80005e54 (0x41c35c93) srai    s9, t1, 28
core   0: 3 0x80005e54 (0x41c35c93) x25 0xfffffff8
core   0: 0x80005e58 (0x01151b33) sll     s6, a0, a7
core   0: 3 0x80005e58 (0x01151b33) x22 0x80010e64
core   0: 0x80005e5c (0x013e51b3) srl     gp, t3, s3
core   0: 3 0x80005e5c (0x013e51b3) x 3 0x00000000
core   0: 0x80005e60 (0x400002b3) sub     t0, zero, zero
core   0: 3 0x80005e60 (0x400002b3) x 5 0x00000000
core   0: 0x80005e64 (0x00976a33) or      s4, a4, s1
core   0: 3 0x80005e64 (0x00976a33) x20 0x00000000
core   0: 0x80005e68 (0x8f3f8f13) addi    t5, t6, -1805
core   0: 3 0x80005e68 (0x8f3f8f13) x30 0xfffff8f4
core   0: 0x80005e6c (0x9f01b593) sltiu   a1, gp, -1552
core   0: 3 0x80005e6c (0x9f01b593) x11 0x00000001
core   0: 0x80005e70 (0x01f74eb3) xor     t4, a4, t6
core   0: 3 0x80005e70 (0x01f74eb3) x29 0x00000001
core   0: 0x80005e74 (0x0129cfb3) xor     t6, s3, s2
core   0: 3 0x80005e74 (0x0129cfb3) x31 0x87b44e3d
core   0: 0x80005e78 (0x3cf00f13) li      t5, 975
core   0: 3 0x80005e78 (0x3cf00f13) x30 0x000003cf
core   0: 0x80005e7c (0x00106ab3) or      s5, zero, ra
core   0: 3 0x80005e7c (0x00106ab3) x21 0x0000005f
core   0: 0x80005e80 (0x11ff3693) sltiu   a3, t5, 287
core   0: 3 0x80005e80 (0x11ff3693) x13 0x00000000
core   0: 0x80005e84 (0x005a90b3) sll     ra, s5, t0
core   0: 3 0x80005e84 (0x005a90b3) x 1 0x0000005f
core   0: 0x80005e88 (0x015e3cb3) sltu    s9, t3, s5
core   0: 3 0x80005e88 (0x015e3cb3) x25 0x00000000
core   0: 0x80005e8c (0x013c9013) slli    zero, s9, 19
core   0: 3 0x80005e8c (0x013c9013)
core   0: 0x80005e90 (0xd5db9037) lui     zero, 0xd5db9
core   0: 3 0x80005e90 (0xd5db9037)
core   0: 0x80005e94 (0xfd4e6c93) ori     s9, t3, -44
core   0: 3 0x80005e94 (0xfd4e6c93) x25 0xffffffdc
core   0: 0x80005e98 (0x41dcdeb3) sra     t4, s9, t4
core   0: 3 0x80005e98 (0x41dcdeb3) x29 0xffffffee
core   0: 0x80005e9c (0x00368233) add     tp, a3, gp
core   0: 3 0x80005e9c (0x00368233) x 4 0x00000000
core   0: 0x80005ea0 (0xe7b16f13) ori     t5, sp, -389
core   0: 3 0x80005ea0 (0xe7b16f13) x30 0xfffffe7b
core   0: 0x80005ea4 (0x417f8433) sub     s0, t6, s7
core   0: 3 0x80005ea4 (0x417f8433) x 8 0x87b44e3d
core   0: 0x80005ea8 (0x4fa4a597) auipc   a1, 0x4fa4a
core   0: 3 0x80005ea8 (0x4fa4a597) x11 0xcfa4fea8
core   0: 0x80005eac (0x00a50033) add     zero, a0, a0
core   0: 3 0x80005eac (0x00a50033)
core   0: 0x80005eb0 (0x750bbb13) sltiu   s6, s7, 1872
core   0: 3 0x80005eb0 (0x750bbb13) x22 0x00000001
core   0: 0x80005eb4 (0x00895933) srl     s2, s2, s0
core   0: 3 0x80005eb4 (0x00895933) x18 0x00000004
core   0: 0x80005eb8 (0x0039d093) srli    ra, s3, 3
core   0: 3 0x80005eb8 (0x0039d093) x 1 0x00000003
core   0: 0x80005ebc (0x00000013) nop
core   0: 3 0x80005ebc (0x00000013)
core   0: 0x80005ec0 (0x7baaee13) ori     t3, s5, 1978
core   0: 3 0x80005ec0 (0x7baaee13) x28 0x000007ff
core   0: 0x80005ec4 (0x41858ab3) sub     s5, a1, s8
core   0: 3 0x80005ec4 (0x41858ab3) x21 0xcfa4fea8
core   0: 0x80005ec8 (0x001b1f93) slli    t6, s6, 1
core   0: 3 0x80005ec8 (0x001b1f93) x31 0x00000002
core   0: 0x80005ecc (0x590efb13) andi    s6, t4, 1424
core   0: 3 0x80005ecc (0x590efb13) x22 0x00000580
core   0: 0x80005ed0 (0x01ce3b33) sltu    s6, t3, t3
core   0: 3 0x80005ed0 (0x01ce3b33) x22 0x00000000
core   0: 0x80005ed4 (0x002f6fb3) or      t6, t5, sp
core   0: 3 0x80005ed4 (0x002f6fb3) x31 0xfffffe7b
core   0: 0x80005ed8 (0x69f14413) xori    s0, sp, 1695
core   0: 3 0x80005ed8 (0x69f14413) x 8 0x000002df
core   0: 0x80005edc (0x45328193) addi    gp, t0, 1107
core   0: 3 0x80005edc (0x45328193) x 3 0x00000453
core   0: 0x80005ee0 (0xc35c8737) lui     a4, 0xc35c8
core   0: 3 0x80005ee0 (0xc35c8737) x14 0xc35c8000
core   0: 0x80005ee4 (0x40be0d33) sub     s10, t3, a1
core   0: 3 0x80005ee4 (0x40be0d33) x26 0x305b0957
core   0: 0x80005ee8 (0x6d350793) addi    a5, a0, 1747
core   0: 3 0x80005ee8 (0x6d350793) x15 0x80011537
core   0: 0x80005eec (0xeb7ae813) ori     a6, s5, -329
core   0: 3 0x80005eec (0xeb7ae813) x16 0xfffffebf
core   0: 0x80005ef0 (0x0a497a13) andi    s4, s2, 164
core   0: 3 0x80005ef0 (0x0a497a13) x20 0x00000004
core   0: 0x80005ef4 (0x00c27433) and     s0, tp, a2
core   0: 3 0x80005ef4 (0x00c27433) x 8 0x00000000
core   0: 0x80005ef8 (0x414d02b3) sub     t0, s10, s4
core   0: 3 0x80005ef8 (0x414d02b3) x 5 0x305b0953
core   0: 0x80005efc (0x01652db3) slt     s11, a0, s6
core   0: 3 0x80005efc (0x01652db3) x27 0x00000001
core   0: 0x80005f00 (0xaeac2b13) slti    s6, s8, -1302
core   0: 3 0x80005f00 (0xaeac2b13) x22 0x00000000
core   0: 0x80005f04 (0x410a55b3) sra     a1, s4, a6
core   0: 3 0x80005f04 (0x410a55b3) x11 0x00000000
core   0: 0x80005f08 (0xa525b993) sltiu   s3, a1, -1454
core   0: 3 0x80005f08 (0xa525b993) x19 0x00000001
core   0: 0x80005f0c (0x40e35113) srai    sp, t1, 14
core   0: 3 0x80005f0c (0x40e35113) x 2 0xfffe0005
core   0: 0x80005f10 (0xbe923b93) sltiu   s7, tp, -1047
core   0: 3 0x80005f10 (0xbe923b93) x23 0x00000001
core   0: 0x80005f14 (0x00794fb3) xor     t6, s2, t2
core   0: 3 0x80005f14 (0x00794fb3) x31 0x80000004
core   0: 0x80005f18 (0x01ca41b3) xor     gp, s4, t3
core   0: 3 0x80005f18 (0x01ca41b3) x 3 0x000007fb
core   0: 0x80005f1c (0x2bdeb613) sltiu   a2, t4, 701
core   0: 3 0x80005f1c (0x2bdeb613) x12 0x00000000
core   0: 0x80005f20 (0x5c2262b7) lui     t0, 0x5c226
core   0: 3 0x80005f20 (0x5c2262b7) x 5 0x5c226000
core   0: 0x80005f24 (0x4f7215b7) lui     a1, 0x4f721
core   0: 3 0x80005f24 (0x4f7215b7) x11 0x4f721000
core   0: 0x80005f28 (0x4b025db7) lui     s11, 0x4b025
core   0: 3 0x80005f28 (0x4b025db7) x27 0x4b025000
core   0: 0x80005f2c (0x3ab9cf93) xori    t6, s3, 939
core   0: 3 0x80005f2c (0x3ab9cf93) x31 0x000003aa
core   0: 0x80005f30 (0x009b9793) slli    a5, s7, 9
core   0: 3 0x80005f30 (0x009b9793) x15 0x00000200
core   0: 0x80005f34 (0x4166d1b3) sra     gp, a3, s6
core   0: 3 0x80005f34 (0x4166d1b3) x 3 0x00000000
core   0: 0x80005f38 (0x00cd17b3) sll     a5, s10, a2
core   0: 3 0x80005f38 (0x00cd17b3) x15 0x305b0957
core   0: 0x80005f3c (0x6a6f1f97) auipc   t6, 0x6a6f1
core   0: 3 0x80005f3c (0x6a6f1f97) x31 0xea6f6f3c
core   0: 0x80005f40 (0x01df0833) add     a6, t5, t4
core   0: 3 0x80005f40 (0x01df0833) x16 0xfffffe69
core   0: 0x80005f44 (0x0095d4b3) srl     s1, a1, s1
core   0: 3 0x80005f44 (0x0095d4b3) x 9 0x4f721000
core   0: 0x80005f48 (0x6e464c93) xori    s9, a2, 1764
core   0: 3 0x80005f48 (0x6e464c93) x25 0x000006e4
core   0: 0x80005f4c (0x09156593) ori     a1, a0, 145
core   0: 3 0x80005f4c (0x09156593) x11 0x80010ef5
core   0: 0x80005f50 (0x54d825b7) lui     a1, 0x54d82
core   0: 3 0x80005f50 (0x54d825b7) x11 0x54d82000
core   0: 0x80005f54 (0x2ab6f813) andi    a6, a3, 683
core   0: 3 0x80005f54 (0x2ab6f813) x16 0x00000000
core   0: 0x80005f58 (0x01657933) and     s2, a0, s6
core   0: 3 0x80005f58 (0x01657933) x18 0x00000000
core   0: 0x80005f5c (0x006bb9b3) sltu    s3, s7, t1
core   0: 3 0x80005f5c (0x006bb9b3) x19 0x00000001
core   0: 0x80005f60 (0x00c156b3) srl     a3, sp, a2
core   0: 3 0x80005f60 (0x00c156b3) x13 0xfffe0005
core   0: 0x80005f64 (0x00fc5f13) srli    t5, s8, 15
core   0: 3 0x80005f64 (0x00fc5f13) x30 0x00000000
core   0: 0x80005f68 (0x00682133) slt     sp, a6, t1
core   0: 3 0x80005f68 (0x00682133) x 2 0x00000000
core   0: 0x80005f6c (0x00000013) nop
core   0: 3 0x80005f6c (0x00000013)
core   0: 0x80005f70 (0x01eea7b3) slt     a5, t4, t5
core   0: 3 0x80005f70 (0x01eea7b3) x15 0x00000001
core   0: 0x80005f74 (0x4099ddb3) sra     s11, s3, s1
core   0: 3 0x80005f74 (0x4099ddb3) x27 0x00000001
core   0: 0x80005f78 (0xb7bc8793) addi    a5, s9, -1157
core   0: 3 0x80005f78 (0xb7bc8793) x15 0x0000025f
core   0: 0x80005f7c (0x00311eb3) sll     t4, sp, gp
core   0: 3 0x80005f7c (0x00311eb3) x29 0x00000000
core   0: 0x80005f80 (0x005d2fb3) slt     t6, s10, t0
core   0: 3 0x80005f80 (0x005d2fb3) x31 0x00000001
core   0: 0x80005f84 (0x31b13693) sltiu   a3, sp, 795
core   0: 3 0x80005f84 (0x31b13693) x13 0x00000001
core   0: 0x80005f88 (0x00000013) nop
core   0: 3 0x80005f88 (0x00000013)
core   0: 0x80005f8c (0x00f1f6b3) and     a3, gp, a5
core   0: 3 0x80005f8c (0x00f1f6b3) x13 0x00000000
core   0: 0x80005f90 (0x01a267b3) or      a5, tp, s10
core   0: 3 0x80005f90 (0x01a267b3) x15 0x305b0957
core   0: 0x80005f94 (0x419c0933) sub     s2, s8, s9
core   0: 3 0x80005f94 (0x419c0933) x18 0xfffff91c
core   0: 0x80005f98 (0x00742c33) slt     s8, s0, t2
core   0: 3 0x80005f98 (0x00742c33) x24 0x00000000
core   0: 0x80005f9c (0x74131997) auipc   s3, 0x74131
core   0: 3 0x80005f9c (0x74131997) x19 0xf4136f9c
core   0: 0x80005fa0 (0x402ad413) srai    s0, s5, 2
core   0: 3 0x80005fa0 (0x402ad413) x 8 0xf3e93faa
core   0: 0x80005fa4 (0x01518eb3) add     t4, gp, s5
core   0: 3 0x80005fa4 (0x01518eb3) x29 0xcfa4fea8
core   0: 0x80005fa8 (0x20173c93) sltiu   s9, a4, 513
core   0: 3 0x80005fa8 (0x20173c93) x25 0x00000000
core   0: 0x80005fac (0xcabb0b93) addi    s7, s6, -853
core   0: 3 0x80005fac (0xcabb0b93) x23 0xfffffcab
core   0: 0x80005fb0 (0x82342613) slti    a2, s0, -2013
core   0: 3 0x80005fb0 (0x82342613) x12 0x00000001
core   0: 0x80005fb4 (0x004812b3) sll     t0, a6, tp
core   0: 3 0x80005fb4 (0x004812b3) x 5 0x00000000
core   0: 0x80005fb8 (0x007b1633) sll     a2, s6, t2
core   0: 3 0x80005fb8 (0x007b1633) x12 0x00000000
core   0: 0x80005fbc (0x00c43833) sltu    a6, s0, a2
core   0: 3 0x80005fbc (0x00c43833) x16 0x00000000
core   0: 0x80005fc0 (0x4128d813) srai    a6, a7, 18
core   0: 3 0x80005fc0 (0x4128d813) x16 0x00000000
core   0: 0x80005fc4 (0x00b166b3) or      a3, sp, a1
core   0: 3 0x80005fc4 (0x00b166b3) x13 0x54d82000
core   0: 0x80005fc8 (0xaf147813) andi    a6, s0, -1295
core   0: 3 0x80005fc8 (0xaf147813) x16 0xf3e93aa0
core   0: 0x80005fcc (0x4184d193) srai    gp, s1, 24
core   0: 3 0x80005fcc (0x4184d193) x 3 0x0000004f
core   0: 0x80005fd0 (0xe3dacb93) xori    s7, s5, -451
core   0: 3 0x80005fd0 (0xe3dacb93) x23 0x305b0095
core   0: 0x80005fd4 (0x00e6c8b3) xor     a7, a3, a4
core   0: 3 0x80005fd4 (0x00e6c8b3) x17 0x9784a000
core   0: 0x80005fd8 (0x011c3933) sltu    s2, s8, a7
core   0: 3 0x80005fd8 (0x011c3933) x18 0x00000001
core   0: 0x80005fdc (0x74bb7b93) andi    s7, s6, 1867
core   0: 3 0x80005fdc (0x74bb7b93) x23 0x00000000
core   0: 0x80005fe0 (0x40985833) sra     a6, a6, s1
core   0: 3 0x80005fe0 (0x40985833) x16 0xf3e93aa0
core   0: 0x80005fe4 (0x01c2b7b3) sltu    a5, t0, t3
core   0: 3 0x80005fe4 (0x01c2b7b3) x15 0x00000001
core   0: 0x80005fe8 (0x00e36bb3) or      s7, t1, a4
core   0: 3 0x80005fe8 (0x00e36bb3) x23 0xc35dcce4
core   0: 0x80005fec (0xeec4b593) sltiu   a1, s1, -276
core   0: 3 0x80005fec (0xeec4b593) x11 0x00000001
core   0: 0x80005ff0 (0x753b8493) addi    s1, s7, 1875
core   0: 3 0x80005ff0 (0x753b8493) x 9 0xc35dd437
core   0: 0x80005ff4 (0x01eda7b3) slt     a5, s11, t5
core   0: 3 0x80005ff4 (0x01eda7b3) x15 0x00000000
core   0: 0x80005ff8 (0x24d68c93) addi    s9, a3, 589
core   0: 3 0x80005ff8 (0x24d68c93) x25 0x54d8224d
core   0: 0x80005ffc (0x013f3733) sltu    a4, t5, s3
core   0: 3 0x80005ffc (0x013f3733) x14 0x00000001
core   0: 0x80006000 (0x019ceab3) or      s5, s9, s9
core   0: 3 0x80006000 (0x019ceab3) x21 0x54d8224d
core   0: 0x80006004 (0x01c76db3) or      s11, a4, t3
core   0: 3 0x80006004 (0x01c76db3) x27 0x000007ff
core   0: 0x80006008 (0xe6aca797) auipc   a5, 0xe6aca
core   0: 3 0x80006008 (0xe6aca797) x15 0x66ad0008
core   0: 0x8000600c (0x000f2233) slt     tp, t5, zero
core   0: 3 0x8000600c (0x000f2233) x 4 0x00000000
core   0: 0x80006010 (0x407d8e33) sub     t3, s11, t2
core   0: 3 0x80006010 (0x407d8e33) x28 0x800007ff
core   0: 0x80006014 (0x43358cb7) lui     s9, 0x43358
core   0: 3 0x80006014 (0x43358cb7) x25 0x43358000
core   0: 0x80006018 (0xb4dc6d93) ori     s11, s8, -1203
core   0: 3 0x80006018 (0xb4dc6d93) x27 0xfffffb4d
core   0: 0x8000601c (0x00b644b3) xor     s1, a2, a1
core   0: 3 0x8000601c (0x00b644b3) x 9 0x00000001
core   0: 0x80006020 (0xc3d28993) addi    s3, t0, -963
core   0: 3 0x80006020 (0xc3d28993) x19 0xfffffc3d
core   0: 0x80006024 (0xb0e9c713) xori    a4, s3, -1266
core   0: 3 0x80006024 (0xb0e9c713) x14 0x00000733
core   0: 0x80006028 (0x64bc7d37) lui     s10, 0x64bc7
core   0: 3 0x80006028 (0x64bc7d37) x26 0x64bc7000
core   0: 0x8000602c (0x0014b433) sltu    s0, s1, ra
core   0: 3 0x8000602c (0x0014b433) x 8 0x00000001
core   0: 0x80006030 (0x004a6cb3) or      s9, s4, tp
core   0: 3 0x80006030 (0x004a6cb3) x25 0x00000004
core   0: 0x80006034 (0x01ade233) or      tp, s11, s10
core   0: 3 0x80006034 (0x01ade233) x 4 0xfffffb4d
core   0: 0x80006038 (0x004f37b3) sltu    a5, t5, tp
core   0: 3 0x80006038 (0x004f37b3) x15 0x00000001
core   0: 0x8000603c (0xf000fcb7) lui     s9, 0xf000f
core   0: 3 0x8000603c (0xf000fcb7) x25 0xf000f000
core   0: 0x80006040 (0x39992613) slti    a2, s2, 921
core   0: 3 0x80006040 (0x39992613) x12 0x00000001
core   0: 0x80006044 (0x8eafb437) lui     s0, 0x8eafb
core   0: 3 0x80006044 (0x8eafb437) x 8 0x8eafb000
core   0: 0x80006048 (0x1cd3e413) ori     s0, t2, 461
core   0: 3 0x80006048 (0x1cd3e413) x 8 0x800001cd
core   0: 0x8000604c (0x4150d113) srai    sp, ra, 21
core   0: 3 0x8000604c (0x4150d113) x 2 0x00000000
core   0: 0x80006050 (0x00d9de13) srli    t3, s3, 13
core   0: 3 0x80006050 (0x00d9de13) x28 0x0007ffff
core   0: 0x80006054 (0x41ca0c33) sub     s8, s4, t3
core   0: 3 0x80006054 (0x41ca0c33) x24 0xfff80005
core   0: 0x80006058 (0x8da8ed13) ori     s10, a7, -1830
core   0: 3 0x80006058 (0x8da8ed13) x26 0xfffff8da
core   0: 0x8000605c (0x014836b3) sltu    a3, a6, s4
core   0: 3 0x8000605c (0x014836b3) x13 0x00000000
core   0: 0x80006060 (0xcc7c4d13) xori    s10, s8, -825
core   0: 3 0x80006060 (0xcc7c4d13) x26 0x0007fcc2
core   0: 0x80006064 (0x8d437c13) andi    s8, t1, -1836
core   0: 3 0x80006064 (0x8d437c13) x24 0x800148c4
core   0: 0x80006068 (0x41c35ab3) sra     s5, t1, t3
core   0: 3 0x80006068 (0x41c35ab3) x21 0xffffffff
core   0: 0x8000606c (0x00645d93) srli    s11, s0, 6
core   0: 3 0x8000606c (0x00645d93) x27 0x02000007
core   0: 0x80006070 (0xaf988913) addi    s2, a7, -1287
core   0: 3 0x80006070 (0xaf988913) x18 0x97849af9
core   0: 0x80006074 (0x0185b8b3) sltu    a7, a1, s8
core   0: 3 0x80006074 (0x0185b8b3) x17 0x00000001
core   0: 0x80006078 (0x01486ab3) or      s5, a6, s4
core   0: 3 0x80006078 (0x01486ab3) x21 0xf3e93aa4
core   0: 0x8000607c (0x40d2df33) sra     t5, t0, a3
core   0: 3 0x8000607c (0x40d2df33) x30 0x00000000
core   0: 0x80006080 (0x41ab8e33) sub     t3, s7, s10
core   0: 3 0x80006080 (0x41ab8e33) x28 0xc355d022
core   0: 0x80006084 (0x01fc5613) srli    a2, s8, 31
core   0: 3 0x80006084 (0x01fc5613) x12 0x00000001
core   0: 0x80006088 (0x015bbb33) sltu    s6, s7, s5
core   0: 3 0x80006088 (0x015bbb33) x22 0x00000001
core   0: 0x8000608c (0x00053f33) sltu    t5, a0, zero
core   0: 3 0x8000608c (0x00053f33) x30 0x00000000
core   0: 0x80006090 (0x00bd0433) add     s0, s10, a1
core   0: 3 0x80006090 (0x00bd0433) x 8 0x0007fcc3
core   0: 0x80006094 (0x40340233) sub     tp, s0, gp
core   0: 3 0x80006094 (0x40340233) x 4 0x0007fc74
core   0: 0x80006098 (0x00d6c4b3) xor     s1, a3, a3
core   0: 3 0x80006098 (0x00d6c4b3) x 9 0x00000000
core   0: 0x8000609c (0x011bcbb3) xor     s7, s7, a7
core   0: 3 0x8000609c (0x011bcbb3) x23 0xc35dcce5
core   0: 0x800060a0 (0x41f78933) sub     s2, a5, t6
core   0: 3 0x800060a0 (0x41f78933) x18 0x00000000
core   0: 0x800060a4 (0xfb030793) addi    a5, t1, -80
core   0: 3 0x800060a4 (0xfb030793) x15 0x80014c94
core   0: 0x800060a8 (0x42b74693) xori    a3, a4, 1067
core   0: 3 0x800060a8 (0x42b74693) x13 0x00000318
core   0: 0x800060ac (0x000282b3) add     t0, t0, zero
core   0: 3 0x800060ac (0x000282b3) x 5 0x00000000
core   0: 0x800060b0 (0x01718d33) add     s10, gp, s7
core   0: 3 0x800060b0 (0x01718d33) x26 0xc35dcd34
core   0: 0x800060b4 (0x00a0a1b3) slt     gp, ra, a0
core   0: 3 0x800060b4 (0x00a0a1b3) x 3 0x00000000
core   0: 0x800060b8 (0x75abee93) ori     t4, s7, 1882
core   0: 3 0x800060b8 (0x75abee93) x29 0xc35dcfff
core   0: 0x800060bc (0x05836c13) ori     s8, t1, 88
core   0: 3 0x800060bc (0x05836c13) x24 0x80014cfc
core   0: 0x800060c0 (0xeb4f99b7) lui     s3, 0xeb4f9
core   0: 3 0x800060c0 (0xeb4f99b7) x19 0xeb4f9000
core   0: 0x800060c4 (0x54c97f13) andi    t5, s2, 1356
core   0: 3 0x800060c4 (0x54c97f13) x30 0x00000000
core   0: 0x800060c8 (0xe05ca613) slti    a2, s9, -507
core   0: 3 0x800060c8 (0xe05ca613) x12 0x00000001
core   0: 0x800060cc (0x015dde93) srli    t4, s11, 21
core   0: 3 0x800060cc (0x015dde93) x29 0x00000010
core   0: 0x800060d0 (0x00a77933) and     s2, a4, a0
core   0: 3 0x800060d0 (0x00a77933) x18 0x00000620
core   0: 0x800060d4 (0x78bdf797) auipc   a5, 0x78bdf
core   0: 3 0x800060d4 (0x78bdf797) x15 0xf8be50d4
core   0: 0x800060d8 (0x008861b3) or      gp, a6, s0
core   0: 3 0x800060d8 (0x008861b3) x 3 0xf3effee3
core   0: 0x800060dc (0x83490f93) addi    t6, s2, -1996
core   0: 3 0x800060dc (0x83490f93) x31 0xfffffe54
core   0: 0x800060e0 (0x34b93b37) lui     s6, 0x34b93
core   0: 3 0x800060e0 (0x34b93b37) x22 0x34b93000
core   0: 0x800060e4 (0x989a0293) addi    t0, s4, -1655
core   0: 3 0x800060e4 (0x989a0293) x 5 0xfffff98d
core   0: 0x800060e8 (0x00950633) add     a2, a0, s1
core   0: 3 0x800060e8 (0x00950633) x12 0x80010e64
core   0: 0x800060ec (0x404b07b3) sub     a5, s6, tp
core   0: 3 0x800060ec (0x404b07b3) x15 0x34b1338c
core   0: 0x800060f0 (0x003705b3) add     a1, a4, gp
core   0: 3 0x800060f0 (0x003705b3) x11 0xf3f00616
core   0: 0x800060f4 (0x5b997f93) andi    t6, s2, 1465
core   0: 3 0x800060f4 (0x5b997f93) x31 0x00000420
core   0: 0x800060f8 (0xb0cce713) ori     a4, s9, -1268
core   0: 3 0x800060f8 (0xb0cce713) x14 0xfffffb0c
core   0: 0x800060fc (0x00935893) srli    a7, t1, 9
core   0: 3 0x800060fc (0x00935893) x17 0x004000a6
core   0: 0x80006100 (0x01c0ad33) slt     s10, ra, t3
core   0: 3 0x80006100 (0x01c0ad33) x26 0x00000000
core   0: 0x80006104 (0xc9034113) xori    sp, t1, -880
core   0: 3 0x80006104 (0xc9034113) x 2 0x7ffeb074
core   0: 0x80006108 (0x01bcd633) srl     a2, s9, s11
core   0: 3 0x80006108 (0x01bcd633) x12 0x01e001e0
core   0: 0x8000610c (0x00fe3633) sltu    a2, t3, a5
core   0: 3 0x8000610c (0x00fe3633) x12 0x00000000
core   0: 0x80006110 (0x2415b993) sltiu   s3, a1, 577
core   0: 3 0x80006110 (0x2415b993) x19 0x00000000
core   0: 0x80006114 (0x0033a5b3) slt     a1, t2, gp
core   0: 3 0x80006114 (0x0033a5b3) x11 0x00000001
core   0: 0x80006118 (0x006b46b3) xor     a3, s6, t1
core   0: 3 0x80006118 (0x006b46b3) x13 0xb4b87ce4
core   0: 0x8000611c (0x011ea933) slt     s2, t4, a7
core   0: 3 0x8000611c (0x011ea933) x18 0x00000001
core   0: 0x80006120 (0x56e63a13) sltiu   s4, a2, 1390
core   0: 3 0x80006120 (0x56e63a13) x20 0x00000001
core   0: 0x80006124 (0x00000013) nop
core   0: 3 0x80006124 (0x00000013)
core   0: 0x80006128 (0xc6a866b7) lui     a3, 0xc6a86
core   0: 3 0x80006128 (0xc6a866b7) x13 0xc6a86000
core   0: 0x8000612c (0x01185713) srli    a4, a6, 17
core   0: 3 0x8000612c (0x01185713) x14 0x000079f4
core   0: 0x80006130 (0x2deaa113) slti    sp, s5, 734
core   0: 3 0x80006130 (0x2deaa113) x 2 0x00000001
core   0: 0x80006134 (0x01d12f33) slt     t5, sp, t4
core   0: 3 0x80006134 (0x01d12f33) x30 0x00000001
core   0: 0x80006138 (0x019c2833) slt     a6, s8, s9
core   0: 3 0x80006138 (0x019c2833) x16 0x00000001
core   0: 0x8000613c (0x41b406b3) sub     a3, s0, s11
core   0: 3 0x8000613c (0x41b406b3) x13 0xfe07fcbc
core   0: 0x80006140 (0x002966b3) or      a3, s2, sp
core   0: 3 0x80006140 (0x002966b3) x13 0x00000001
core   0: 0x80006144 (0x01ee2bb3) slt     s7, t3, t5
core   0: 3 0x80006144 (0x01ee2bb3) x23 0x00000001
core   0: 0x80006148 (0x01083cb3) sltu    s9, a6, a6
core   0: 3 0x80006148 (0x01083cb3) x25 0x00000000
core   0: 0x8000614c (0x4136db13) srai    s6, a3, 19
core   0: 3 0x8000614c (0x4136db13) x22 0x00000000
core   0: 0x80006150 (0xd4f1f713) andi    a4, gp, -689
core   0: 3 0x80006150 (0xd4f1f713) x14 0xf3effc43
core   0: 0x80006154 (0x00fc0233) add     tp, s8, a5
core   0: 3 0x80006154 (0x00fc0233) x 4 0xb4b28088
core   0: 0x80006158 (0x0181efb3) or      t6, gp, s8
core   0: 3 0x80006158 (0x0181efb3) x31 0xf3effeff
core   0: 0x8000615c (0x40b9d213) srai    tp, s3, 11
core   0: 3 0x8000615c (0x40b9d213) x 4 0x00000000
core   0: 0x80006160 (0x24497213) andi    tp, s2, 580
core   0: 3 0x80006160 (0x24497213) x 4 0x00000000
core   0: 0x80006164 (0x02837c13) andi    s8, t1, 40
core   0: 3 0x80006164 (0x02837c13) x24 0x00000020
core   0: 0x80006168 (0x00841193) slli    gp, s0, 8
core   0: 3 0x80006168 (0x00841193) x 3 0x07fcc300
core   0: 0x8000616c (0x006dfbb3) and     s7, s11, t1
core   0: 3 0x8000616c (0x006dfbb3) x23 0x00000004
core   0: 0x80006170 (0x01e28a33) add     s4, t0, t5
core   0: 3 0x80006170 (0x01e28a33) x20 0xfffff98e
core   0: 0x80006174 (0x01dacc33) xor     s8, s5, t4
core   0: 3 0x80006174 (0x01dacc33) x24 0xf3e93ab4
core   0: 0x80006178 (0x01979b13) slli    s6, a5, 25
core   0: 3 0x80006178 (0x01979b13) x22 0x18000000
core   0: 0x8000617c (0x40ccd013) srai    zero, s9, 12
core   0: 3 0x8000617c (0x40ccd013)
core   0: 0x80006180 (0xcffb2197) auipc   gp, 0xcffb2
core   0: 3 0x80006180 (0xcffb2197) x 3 0x4ffb8180
core   0: 0x80006184 (0xc21e0413) addi    s0, t3, -991
core   0: 3 0x80006184 (0xc21e0413) x 8 0xc355cc43
core   0: 0x80006188 (0x01302db3) slt     s11, zero, s3
core   0: 3 0x80006188 (0x01302db3) x27 0x00000000
core   0: 0x8000618c (0xfff00413) li      s0, -1
core   0: 3 0x8000618c (0xfff00413) x 8 0xffffffff
core   0: 0x80006190 (0x800001b7) lui     gp, 0x80000
core   0: 3 0x80006190 (0x800001b7) x 3 0x80000000
core   0: 0x80006194 (0x00000113) li      sp, 0
core   0: 3 0x80006194 (0x00000113) x 2 0x00000000
core   0: 0x80006198 (0x38689d37) lui     s10, 0x38689
core   0: 3 0x80006198 (0x38689d37) x26 0x38689000
core   0: 0x8000619c (0x8d7d0d13) addi    s10, s10, -1833
core   0: 3 0x8000619c (0x8d7d0d13) x26 0x386888d7
core   0: 0x800061a0 (0x5b9be8b7) lui     a7, 0x5b9be
core   0: 3 0x800061a0 (0x5b9be8b7) x17 0x5b9be000
core   0: 0x800061a4 (0x28188893) addi    a7, a7, 641
core   0: 3 0x800061a4 (0x28188893) x17 0x5b9be281
core   0: 0x800061a8 (0x80000e37) lui     t3, 0x80000
core   0: 3 0x800061a8 (0x80000e37) x28 0x80000000
core   0: 0x800061ac (0xfff00e93) li      t4, -1
core   0: 3 0x800061ac (0xfff00e93) x29 0xffffffff
core   0: 0x800061b0 (0x490284b7) lui     s1, 0x49028
core   0: 3 0x800061b0 (0x490284b7) x 9 0x49028000
core   0: 0x800061b4 (0xde848493) addi    s1, s1, -536
core   0: 3 0x800061b4 (0xde848493) x 9 0x49027de8
core   0: 0x800061b8 (0xfff00f13) li      t5, -1
core   0: 3 0x800061b8 (0xfff00f13) x30 0xffffffff
core   0: 0x800061bc (0xda03e837) lui     a6, 0xda03e
core   0: 3 0x800061bc (0xda03e837) x16 0xda03e000
core   0: 0x800061c0 (0xa4b80813) addi    a6, a6, -1461
core   0: 3 0x800061c0 (0xa4b80813) x16 0xda03da4b
core   0: 0x800061c4 (0x14318d13) addi    s10, gp, 323
core   0: 3 0x800061c4 (0x14318d13) x26 0x80000143
core   0: 0x800061c8 (0x01de84b3) add     s1, t4, t4
core   0: 3 0x800061c8 (0x01de84b3) x 9 0xfffffffe
core   0: 0x800061cc (0x7de511b7) lui     gp, 0x7de51
core   0: 3 0x800061cc (0x7de511b7) x 3 0x7de51000
core   0: 0x800061d0 (0xb1515d37) lui     s10, 0xb1515
core   0: 3 0x800061d0 (0xb1515d37) x26 0xb1515000
core   0: 0x800061d4 (0xae57f117) auipc   sp, 0xae57f
core   0: 3 0x800061d4 (0xae57f117) x 2 0x2e5851d4
core   0: 0x800061d8 (0x541cb837) lui     a6, 0x541cb
core   0: 3 0x800061d8 (0x541cb837) x16 0x541cb000
core   0: 0x800061dc (0x00000013) nop
core   0: 3 0x800061dc (0x00000013)
core   0: 0x800061e0 (0x00000013) nop
core   0: 3 0x800061e0 (0x00000013)
core   0: 0x800061e4 (0xd4d0ae37) lui     t3, 0xd4d0a
core   0: 3 0x800061e4 (0xd4d0ae37) x28 0xd4d0a000
core   0: 0x800061e8 (0xc3980813) addi    a6, a6, -967
core   0: 3 0x800061e8 (0xc3980813) x16 0x541cac39
core   0: 0x800061ec (0x00000013) nop
core   0: 3 0x800061ec (0x00000013)
core   0: 0x800061f0 (0x01ce81b3) add     gp, t4, t3
core   0: 3 0x800061f0 (0x01ce81b3) x 3 0xd4d09fff
core   0: 0x800061f4 (0x00000013) nop
core   0: 3 0x800061f4 (0x00000013)
core   0: 0x800061f8 (0x00000013) nop
core   0: 3 0x800061f8 (0x00000013)
core   0: 0x800061fc (0x410808b3) sub     a7, a6, a6
core   0: 3 0x800061fc (0x410808b3) x17 0x00000000
core   0: 0x80006200 (0x40840833) sub     a6, s0, s0
core   0: 3 0x80006200 (0x40840833) x16 0x00000000
core   0: 0x80006204 (0x4093c137) lui     sp, 0x4093c
core   0: 3 0x80006204 (0x4093c137) x 2 0x4093c000
core   0: 0x80006208 (0x152e8193) addi    gp, t4, 338
core   0: 3 0x80006208 (0x152e8193) x 3 0x00000151
core   0: 0x8000620c (0x411e0d33) sub     s10, t3, a7
core   0: 3 0x8000620c (0x411e0d33) x26 0xd4d0a000
core   0: 0x80006210 (0xba067d13) andi    s10, a2, -1120
core   0: 3 0x80006210 (0xba067d13) x26 0x00000000
core   0: 0x80006214 (0x01377c33) and     s8, a4, s3
core   0: 3 0x80006214 (0x01377c33) x24 0x00000000
core   0: 0x80006218 (0x0c2b8b93) addi    s7, s7, 194
core   0: 3 0x80006218 (0x0c2b8b93) x23 0x000000c6
core   0: 0x8000621c (0x37e10193) addi    gp, sp, 894
core   0: 3 0x8000621c (0x37e10193) x 3 0x4093c37e
core   0: 0x80006220 (0x9f65a413) slti    s0, a1, -1546
core   0: 3 0x80006220 (0x9f65a413) x 8 0x00000000
core   0: 0x80006224 (0x01aa9593) slli    a1, s5, 26
core   0: 3 0x80006224 (0x01aa9593) x11 0x90000000
core   0: 0x80006228 (0x1f3ae093) ori     ra, s5, 499
core   0: 3 0x80006228 (0x1f3ae093) x 1 0xf3e93bf7
core   0: 0x8000622c (0x019b7e33) and     t3, s6, s9
core   0: 3 0x8000622c (0x019b7e33) x28 0x00000000
core   0: 0x80006230 (0x7a2c0017) auipc   zero, 0x7a2c0
core   0: 3 0x80006230 (0x7a2c0017)
core   0: 0x80006234 (0x01335d33) srl     s10, t1, s3
core   0: 3 0x80006234 (0x01335d33) x26 0x80014ce4
core   0: 0x80006238 (0x00655633) srl     a2, a0, t1
core   0: 3 0x80006238 (0x00655633) x12 0x080010e6
core   0: 0x8000623c (0x96e57113) andi    sp, a0, -1682
core   0: 3 0x8000623c (0x96e57113) x 2 0x80010864
core   0: 0x80006240 (0x006c2b33) slt     s6, s8, t1
core   0: 3 0x80006240 (0x006c2b33) x22 0x00000000
core   0: 0x80006244 (0x01649093) slli    ra, s1, 22
core   0: 3 0x80006244 (0x01649093) x 1 0xff800000
core   0: 0x80006248 (0xc995a093) slti    ra, a1, -871
core   0: 3 0x80006248 (0xc995a093) x 1 0x00000001
core   0: 0x8000624c (0x4a4d2e13) slti    t3, s10, 1188
core   0: 3 0x8000624c (0x4a4d2e13) x28 0x00000001
core   0: 0x80006250 (0x01209c13) slli    s8, ra, 18
core   0: 3 0x80006250 (0x01209c13) x24 0x00040000
core   0: 0x80006254 (0x4129d7b3) sra     a5, s3, s2
core   0: 3 0x80006254 (0x4129d7b3) x15 0x00000000
core   0: 0x80006258 (0x00000013) nop
core   0: 3 0x80006258 (0x00000013)
core   0: 0x8000625c (0x417d8033) sub     zero, s11, s7
core   0: 3 0x8000625c (0x417d8033)
core   0: 0x80006260 (0xde864e17) auipc   t3, 0xde864
core   0: 3 0x80006260 (0xde864e17) x28 0x5e86a260
core   0: 0x80006264 (0x0137a4b3) slt     s1, a5, s3
core   0: 3 0x80006264 (0x0137a4b3) x 9 0x00000000
core   0: 0x80006268 (0x00fbf2b3) and     t0, s7, a5
core   0: 3 0x80006268 (0x00fbf2b3) x 5 0x00000000
core   0: 0x8000626c (0x00020a33) add     s4, tp, zero
core   0: 3 0x8000626c (0x00020a33) x20 0x00000000
core   0: 0x80006270 (0x016cc133) xor     sp, s9, s6
core   0: 3 0x80006270 (0x016cc133) x 2 0x00000000
core   0: 0x80006274 (0x00000013) nop
core   0: 3 0x80006274 (0x00000013)
core   0: 0x80006278 (0x00cdfb33) and     s6, s11, a2
core   0: 3 0x80006278 (0x00cdfb33) x22 0x00000000
core   0: 0x8000627c (0x00129b13) slli    s6, t0, 1
core   0: 3 0x8000627c (0x00129b13) x22 0x00000000
core   0: 0x80006280 (0x01d0d833) srl     a6, ra, t4
core   0: 3 0x80006280 (0x01d0d833) x16 0x00000000
core   0: 0x80006284 (0xdc32ce93) xori    t4, t0, -573
core   0: 3 0x80006284 (0xdc32ce93) x29 0xfffffdc3
core   0: 0x80006288 (0xe7dab8b7) lui     a7, 0xe7dab
core   0: 3 0x80006288 (0xe7dab8b7) x17 0xe7dab000
core   0: 0x8000628c (0x423cbb17) auipc   s6, 0x423cb
core   0: 3 0x8000628c (0x423cbb17) x22 0xc23d128c
core   0: 0x80006290 (0x0109d1b3) srl     gp, s3, a6
core   0: 3 0x80006290 (0x0109d1b3) x 3 0x00000000
core   0: 0x80006294 (0x00b3a7b3) slt     a5, t2, a1
core   0: 3 0x80006294 (0x00b3a7b3) x15 0x00000001
core   0: 0x80006298 (0x5edaa897) auipc   a7, 0x5edaa
core   0: 3 0x80006298 (0x5edaa897) x17 0xdedb0298
core   0: 0x8000629c (0x00ee9433) sll     s0, t4, a4
core   0: 3 0x8000629c (0x00ee9433) x 8 0xffffee18
core   0: 0x800062a0 (0x0043eeb3) or      t4, t2, tp
core   0: 3 0x800062a0 (0x0043eeb3) x29 0x80000000
core   0: 0x800062a4 (0x00000013) nop
core   0: 3 0x800062a4 (0x00000013)
core   0: 0x800062a8 (0x001bd233) srl     tp, s7, ra
core   0: 3 0x800062a8 (0x001bd233) x 4 0x00000063
core   0: 0x800062ac (0x00b05d93) srli    s11, zero, 11
core   0: 3 0x800062ac (0x00b05d93) x27 0x00000000
core   0: 0x800062b0 (0x7b43fb13) andi    s6, t2, 1972
core   0: 3 0x800062b0 (0x7b43fb13) x22 0x00000000
core   0: 0x800062b4 (0x00a4d713) srli    a4, s1, 10
core   0: 3 0x800062b4 (0x00a4d713) x14 0x00000000
core   0: 0x800062b8 (0x41358cb3) sub     s9, a1, s3
core   0: 3 0x800062b8 (0x41358cb3) x25 0x90000000
core   0: 0x800062bc (0xf7acc113) xori    sp, s9, -134
core   0: 3 0x800062bc (0xf7acc113) x 2 0x6fffff7a
core   0: 0x800062c0 (0x37703797) auipc   a5, 0x37703
core   0: 3 0x800062c0 (0x37703797) x15 0xb77092c0
core   0: 0x800062c4 (0x00000013) nop
core   0: 3 0x800062c4 (0x00000013)
core   0: 0x800062c8 (0x4b42c793) xori    a5, t0, 1204
core   0: 3 0x800062c8 (0x4b42c793) x15 0x000004b4
core   0: 0x800062cc (0x7af25717) auipc   a4, 0x7af25
core   0: 3 0x800062cc (0x7af25717) x14 0xfaf2b2cc
core   0: 0x800062d0 (0x40615e13) srai    t3, sp, 6
core   0: 3 0x800062d0 (0x40615e13) x28 0x01bffffd
core   0: 0x800062d4 (0x0135db13) srli    s6, a1, 19
core   0: 3 0x800062d4 (0x0135db13) x22 0x00001200
core   0: 0x800062d8 (0x00cb9433) sll     s0, s7, a2
core   0: 3 0x800062d8 (0x00cb9433) x 8 0x00003180
core   0: 0x800062dc (0x409fd213) srai    tp, t6, 9
core   0: 3 0x800062dc (0x409fd213) x 4 0xfff9f7ff
core   0: 0x800062e0 (0x01ed5f13) srli    t5, s10, 30
core   0: 3 0x800062e0 (0x01ed5f13) x30 0x00000002
core   0: 0x800062e4 (0x40b48b33) sub     s6, s1, a1
core   0: 3 0x800062e4 (0x40b48b33) x22 0x70000000
core   0: 0x800062e8 (0x40e35193) srai    gp, t1, 14
core   0: 3 0x800062e8 (0x40e35193) x 3 0xfffe0005
core   0: 0x800062ec (0x007b4bb3) xor     s7, s6, t2
core   0: 3 0x800062ec (0x007b4bb3) x23 0xf0000000
core   0: 0x800062f0 (0x01822633) slt     a2, tp, s8
core   0: 3 0x800062f0 (0x01822633) x12 0x00000001
core   0: 0x800062f4 (0x00641733) sll     a4, s0, t1
core   0: 3 0x800062f4 (0x00641733) x14 0x00031800
core   0: 0x800062f8 (0x00c71713) slli    a4, a4, 12
core   0: 3 0x800062f8 (0x00c71713) x14 0x31800000
core   0: 0x800062fc (0x007105b3) add     a1, sp, t2
core   0: 3 0x800062fc (0x007105b3) x11 0xefffff7a
core   0: 0x80006300 (0xf50a6e13) ori     t3, s4, -176
core   0: 3 0x80006300 (0xf50a6e13) x28 0xffffff50
core   0: 0x80006304 (0x0075b633) sltu    a2, a1, t2
core   0: 3 0x80006304 (0x0075b633) x12 0x00000000
core   0: 0x80006308 (0x580ec597) auipc   a1, 0x580ec
core   0: 3 0x80006308 (0x580ec597) x11 0xd80f2308
core   0: 0x8000630c (0x01cb4433) xor     s0, s6, t3
core   0: 3 0x8000630c (0x01cb4433) x 8 0x8fffff50
core   0: 0x80006310 (0x47b2e013) ori     zero, t0, 1147
core   0: 3 0x80006310 (0x47b2e013)
core   0: 0x80006314 (0x01ea2ab3) slt     s5, s4, t5
core   0: 3 0x80006314 (0x01ea2ab3) x21 0x00000001
core   0: 0x80006318 (0x31053013) sltiu   zero, a0, 784
core   0: 3 0x80006318 (0x31053013)
core   0: 0x8000631c (0x27476713) ori     a4, a4, 628
core   0: 3 0x8000631c (0x27476713) x14 0x31800274
core   0: 0x80006320 (0x012779b3) and     s3, a4, s2
core   0: 3 0x80006320 (0x012779b3) x19 0x00000000
core   0: 0x80006324 (0x1888ae93) slti    t4, a7, 392
core   0: 3 0x80006324 (0x1888ae93) x29 0x00000001
core   0: 0x80006328 (0x00fa3733) sltu    a4, s4, a5
core   0: 3 0x80006328 (0x00fa3733) x14 0x00000001
core   0: 0x8000632c (0x01ca7c33) and     s8, s4, t3
core   0: 3 0x8000632c (0x01ca7c33) x24 0x00000000
core   0: 0x80006330 (0x3f2c7893) andi    a7, s8, 1010
core   0: 3 0x80006330 (0x3f2c7893) x17 0x00000000
core   0: 0x80006334 (0x5dc87917) auipc   s2, 0x5dc87
core   0: 3 0x80006334 (0x5dc87917) x18 0xddc8d334
core   0: 0x80006338 (0x860a6293) ori     t0, s4, -1952
core   0: 3 0x80006338 (0x860a6293) x 5 0xfffff860
core   0: 0x8000633c (0x410dd933) sra     s2, s11, a6
core   0: 3 0x8000633c (0x410dd933) x18 0x00000000
core   0: 0x80006340 (0x53160597) auipc   a1, 0x53160
core   0: 3 0x80006340 (0x53160597) x11 0xd3166340
core   0: 0x80006344 (0x011bde13) srli    t3, s7, 17
core   0: 3 0x80006344 (0x011bde13) x28 0x00007800
core   0: 0x80006348 (0x01f26db3) or      s11, tp, t6
core   0: 3 0x80006348 (0x01f26db3) x27 0xffffffff
core   0: 0x8000634c (0x7de66913) ori     s2, a2, 2014
core   0: 3 0x8000634c (0x7de66913) x18 0x000007de
core   0: 0x80006350 (0xacc2df37) lui     t5, 0xacc2d
core   0: 3 0x80006350 (0xacc2df37) x30 0xacc2d000
core   0: 0x80006354 (0x1d5a8e97) auipc   t4, 0x1d5a8
core   0: 3 0x80006354 (0x1d5a8e97) x29 0x9d5ae354
core   0: 0x80006358 (0x1486f813) andi    a6, a3, 328
core   0: 3 0x80006358 (0x1486f813) x16 0x00000000
core   0: 0x8000635c (0x013f0233) add     tp, t5, s3
core   0: 3 0x8000635c (0x013f0233) x 4 0xacc2d000
core   0: 0x80006360 (0x41d85893) srai    a7, a6, 29
core   0: 3 0x80006360 (0x41d85893) x17 0x00000000
core   0: 0x80006364 (0x00000013) nop
core   0: 3 0x80006364 (0x00000013)
core   0: 0x80006368 (0x00249593) slli    a1, s1, 2
core   0: 3 0x80006368 (0x00249593) x11 0x00000000
core   0: 0x8000636c (0xc510ee13) ori     t3, ra, -943
core   0: 3 0x8000636c (0xc510ee13) x28 0xfffffc51
core   0: 0x80006370 (0x40948b33) sub     s6, s1, s1
core   0: 3 0x80006370 (0x40948b33) x22 0x00000000
core   0: 0x80006374 (0x410adf13) srai    t5, s5, 16
core   0: 3 0x80006374 (0x410adf13) x30 0x00000000
core   0: 0x80006378 (0x00cf45b3) xor     a1, t5, a2
core   0: 3 0x80006378 (0x00cf45b3) x11 0x00000000
core   0: 0x8000637c (0x018fddb3) srl     s11, t6, s8
core   0: 3 0x8000637c (0x018fddb3) x27 0xf3effeff
core   0: 0x80006380 (0x00a99e93) slli    t4, s3, 10
core   0: 3 0x80006380 (0x00a99e93) x29 0x00000000
core   0: 0x80006384 (0x00000013) nop
core   0: 3 0x80006384 (0x00000013)
core   0: 0x80006388 (0x41c9dbb3) sra     s7, s3, t3
core   0: 3 0x80006388 (0x41c9dbb3) x23 0x00000000
core   0: 0x8000638c (0x40b38a33) sub     s4, t2, a1
core   0: 3 0x8000638c (0x40b38a33) x20 0x80000000
core   0: 0x80006390 (0x053c8b13) addi    s6, s9, 83
core   0: 3 0x80006390 (0x053c8b13) x22 0x90000053
core   0: 0x80006394 (0x01c85db3) srl     s11, a6, t3
core   0: 3 0x80006394 (0x01c85db3) x27 0x00000000
core   0: 0x80006398 (0x014824b3) slt     s1, a6, s4
core   0: 3 0x80006398 (0x014824b3) x 9 0x00000000
core   0: 0x8000639c (0x0054bf33) sltu    t5, s1, t0
core   0: 3 0x8000639c (0x0054bf33) x30 0x00000001
core   0: 0x800063a0 (0x41d5db93) srai    s7, a1, 29
core   0: 3 0x800063a0 (0x41d5db93) x23 0x00000000
core   0: 0x800063a4 (0x011666b3) or      a3, a2, a7
core   0: 3 0x800063a4 (0x011666b3) x13 0x00000000
core   0: 0x800063a8 (0x011702b3) add     t0, a4, a7
core   0: 3 0x800063a8 (0x011702b3) x 5 0x00000001
core   0: 0x800063ac (0x01c559b3) srl     s3, a0, t3
core   0: 3 0x800063ac (0x01c559b3) x19 0x00004000
core   0: 0x800063b0 (0x00dcd093) srli    ra, s9, 13
core   0: 3 0x800063b0 (0x00dcd093) x 1 0x00048000
core   0: 0x800063b4 (0x00fd9933) sll     s2, s11, a5
core   0: 3 0x800063b4 (0x00fd9933) x18 0x00000000
core   0: 0x800063b8 (0x00a0f2b3) and     t0, ra, a0
core   0: 3 0x800063b8 (0x00a0f2b3) x 5 0x00000000
core   0: 0x800063bc (0x41d85733) sra     a4, a6, t4
core   0: 3 0x800063bc (0x41d85733) x14 0x00000000
core   0: 0x800063c0 (0x001dbf33) sltu    t5, s11, ra
core   0: 3 0x800063c0 (0x001dbf33) x30 0x00000001
core   0: 0x800063c4 (0x01e55933) srl     s2, a0, t5
core   0: 3 0x800063c4 (0x01e55933) x18 0x40008732
core   0: 0x800063c8 (0x00000013) nop
core   0: 3 0x800063c8 (0x00000013)
core   0: 0x800063cc (0x00e71093) slli    ra, a4, 14
core   0: 3 0x800063cc (0x00e71093) x 1 0x00000000
core   0: 0x800063d0 (0x00155033) srl     zero, a0, ra
core   0: 3 0x800063d0 (0x00155033)
core   0: 0x800063d4 (0x0034da13) srli    s4, s1, 3
core   0: 3 0x800063d4 (0x0034da13) x20 0x00000000
core   0: 0x800063d8 (0x0132d113) srli    sp, t0, 19
core   0: 3 0x800063d8 (0x0132d113) x 2 0x00000000
core   0: 0x800063dc (0x01ae8eb3) add     t4, t4, s10
core   0: 3 0x800063dc (0x01ae8eb3) x29 0x80014ce4
core   0: 0x800063e0 (0x01fb5a33) srl     s4, s6, t6
core   0: 3 0x800063e0 (0x01fb5a33) x20 0x00000001
core   0: 0x800063e4 (0x2bf5e693) ori     a3, a1, 703
core   0: 3 0x800063e4 (0x2bf5e693) x13 0x000002bf
core   0: 0x800063e8 (0x00acf233) and     tp, s9, a0
core   0: 3 0x800063e8 (0x00acf233) x 4 0x80000000
core   0: 0x800063ec (0x00000013) nop
core   0: 3 0x800063ec (0x00000013)
core   0: 0x800063f0 (0x4de9fe17) auipc   t3, 0x4de9f
core   0: 3 0x800063f0 (0x4de9fe17) x28 0xcdea53f0
core   0: 0x800063f4 (0x980c0693) addi    a3, s8, -1664
core   0: 3 0x800063f4 (0x980c0693) x13 0xfffff980
core   0: 0x800063f8 (0xf02fe497) auipc   s1, 0xf02fe
core   0: 3 0x800063f8 (0xf02fe497) x 9 0x703043f8
core   0: 0x800063fc (0x00ec1193) slli    gp, s8, 14
core   0: 3 0x800063fc (0x00ec1193) x 3 0x00000000
core   0: 0x80006400 (0x018c01b3) add     gp, s8, s8
core   0: 3 0x80006400 (0x018c01b3) x 3 0x00000000
core   0: 0x80006404 (0x1a60f413) andi    s0, ra, 422
core   0: 3 0x80006404 (0x1a60f413) x 8 0x00000000
core   0: 0x80006408 (0x01941033) sll     zero, s0, s9
core   0: 3 0x80006408 (0x01941033)
core   0: 0x8000640c (0x4c6564b7) lui     s1, 0x4c656
core   0: 3 0x8000640c (0x4c6564b7) x 9 0x4c656000
core   0: 0x80006410 (0x7f9bce93) xori    t4, s7, 2041
core   0: 3 0x80006410 (0x7f9bce93) x29 0x000007f9
core   0: 0x80006414 (0x3ff72f13) slti    t5, a4, 1023
core   0: 3 0x80006414 (0x3ff72f13) x30 0x00000001
core   0: 0x80006418 (0x006a52b3) srl     t0, s4, t1
core   0: 3 0x80006418 (0x006a52b3) x 5 0x00000000
core   0: 0x8000641c (0x0067c933) xor     s2, a5, t1
core   0: 3 0x8000641c (0x0067c933) x18 0x80014850
core   0: 0x80006420 (0x00000013) nop
core   0: 3 0x80006420 (0x00000013)
core   0: 0x80006424 (0x01def4b3) and     s1, t4, t4
core   0: 3 0x80006424 (0x01def4b3) x 9 0x000007f9
core   0: 0x80006428 (0x01819133) sll     sp, gp, s8
core   0: 3 0x80006428 (0x01819133) x 2 0x00000000
core   0: 0x8000642c (0x9f1b0c13) addi    s8, s6, -1551
core   0: 3 0x8000642c (0x9f1b0c13) x24 0x8ffffa44
core   0: 0x80006430 (0x00d06ab3) or      s5, zero, a3
core   0: 3 0x80006430 (0x00d06ab3) x21 0xfffff980
core   0: 0x80006434 (0x00a33e33) sltu    t3, t1, a0
core   0: 3 0x80006434 (0x00a33e33) x28 0x00000000
core   0: 0x80006438 (0x00968d33) add     s10, a3, s1
core   0: 3 0x80006438 (0x00968d33) x26 0x00000179
core   0: 0x8000643c (0x00dc1b13) slli    s6, s8, 13
core   0: 3 0x8000643c (0x00dc1b13) x22 0xff488000
core   0: 0x80006440 (0x01f67033) and     zero, a2, t6
core   0: 3 0x80006440 (0x01f67033)
core   0: 0x80006444 (0xb068af93) slti    t6, a7, -1274
core   0: 3 0x80006444 (0xb068af93) x31 0x00000000
core   0: 0x80006448 (0x00000013) nop
core   0: 3 0x80006448 (0x00000013)
core   0: 0x8000644c (0x01c9b6b3) sltu    a3, s3, t3
core   0: 3 0x8000644c (0x01c9b6b3) x13 0x00000000
core   0: 0x80006450 (0x012a3733) sltu    a4, s4, s2
core   0: 3 0x80006450 (0x012a3733) x14 0x00000001
core   0: 0x80006454 (0x4106d593) srai    a1, a3, 16
core   0: 3 0x80006454 (0x4106d593) x11 0x00000000
core   0: 0x80006458 (0x0017d093) srli    ra, a5, 1
core   0: 3 0x80006458 (0x0017d093) x 1 0x0000025a
core   0: 0x8000645c (0x15ba7993) andi    s3, s4, 347
core   0: 3 0x8000645c (0x15ba7993) x19 0x00000001
core   0: 0x80006460 (0x01e02933) slt     s2, zero, t5
core   0: 3 0x80006460 (0x01e02933) x18 0x00000001
core   0: 0x80006464 (0x01de5493) srli    s1, t3, 29
core   0: 3 0x80006464 (0x01de5493) x 9 0x00000000
core   0: 0x80006468 (0x0169e0b3) or      ra, s3, s6
core   0: 3 0x80006468 (0x0169e0b3) x 1 0xff488001
core   0: 0x8000646c (0x15f8c193) xori    gp, a7, 351
core   0: 3 0x8000646c (0x15f8c193) x 3 0x0000015f
core   0: 0x80006470 (0x5d0df913) andi    s2, s11, 1488
core   0: 3 0x80006470 (0x5d0df913) x18 0x00000000
core   0: 0x80006474 (0x119d6b17) auipc   s6, 0x119d6
core   0: 3 0x80006474 (0x119d6b17) x22 0x919dc474
core   0: 0x80006478 (0x00a34733) xor     a4, t1, a0
core   0: 3 0x80006478 (0x00a34733) x14 0x00004280
core   0: 0x8000647c (0xc34dcb13) xori    s6, s11, -972
core   0: 3 0x8000647c (0xc34dcb13) x22 0xfffffc34
core   0: 0x80006480 (0x41a5d113) srai    sp, a1, 26
core   0: 3 0x80006480 (0x41a5d113) x 2 0x00000000
core   0: 0x80006484 (0x016a8fb3) add     t6, s5, s6
core   0: 3 0x80006484 (0x016a8fb3) x31 0xfffff5b4
core   0: 0x80006488 (0xf70cca13) xori    s4, s9, -144
core   0: 3 0x80006488 (0xf70cca13) x20 0x6fffff70
core   0: 0x8000648c (0x01d91c13) slli    s8, s2, 29
core   0: 3 0x8000648c (0x01d91c13) x24 0x00000000
core   0: 0x80006490 (0x0198a033) slt     zero, a7, s9
core   0: 3 0x80006490 (0x0198a033)
core   0: 0x80006494 (0x01c2a4b3) slt     s1, t0, t3
core   0: 3 0x80006494 (0x01c2a4b3) x 9 0x00000000
core   0: 0x80006498 (0x00f4ba33) sltu    s4, s1, a5
core   0: 3 0x80006498 (0x00f4ba33) x20 0x00000001
core   0: 0x8000649c (0x29153e93) sltiu   t4, a0, 657
core   0: 3 0x8000649c (0x29153e93) x29 0x00000000
core   0: 0x800064a0 (0x00a8ec33) or      s8, a7, a0
core   0: 3 0x800064a0 (0x00a8ec33) x24 0x80010e64
core   0: 0x800064a4 (0x01d374b3) and     s1, t1, t4
core   0: 3 0x800064a4 (0x01d374b3) x 9 0x00000000
core   0: 0x800064a8 (0x01ea4d33) xor     s10, s4, t5
core   0: 3 0x800064a8 (0x01ea4d33) x26 0x00000000
core   0: 0x800064ac (0x00e726b3) slt     a3, a4, a4
core   0: 3 0x800064ac (0x00e726b3) x13 0x00000000
core   0: 0x800064b0 (0x27666c93) ori     s9, a2, 630
core   0: 3 0x800064b0 (0x27666c93) x25 0x00000276
core   0: 0x800064b4 (0x00000013) nop
core   0: 3 0x800064b4 (0x00000013)
core   0: 0x800064b8 (0x00ced993) srli    s3, t4, 12
core   0: 3 0x800064b8 (0x00ced993) x19 0x00000000
core   0: 0x800064bc (0x0141be33) sltu    t3, gp, s4
core   0: 3 0x800064bc (0x0141be33) x28 0x00000000
core   0: 0x800064c0 (0x006c0633) add     a2, s8, t1
core   0: 3 0x800064c0 (0x006c0633) x12 0x00025b48
core   0: 0x800064c4 (0xbb70ce13) xori    t3, ra, -1097
core   0: 3 0x800064c4 (0xbb70ce13) x28 0x00b77bb6
core   0: 0x800064c8 (0x01167eb3) and     t4, a2, a7
core   0: 3 0x800064c8 (0x01167eb3) x29 0x00000000
core   0: 0x800064cc (0x019c1233) sll     tp, s8, s9
core   0: 3 0x800064cc (0x019c1233) x 4 0x99000000
core   0: 0x800064d0 (0xeb9aa417) auipc   s0, 0xeb9aa
core   0: 3 0x800064d0 (0xeb9aa417) x 8 0x6b9b04d0
core   0: 0x800064d4 (0x4182da93) srai    s5, t0, 24
core   0: 3 0x800064d4 (0x4182da93) x21 0x00000000
core   0: 0x800064d8 (0x405b5fb3) sra     t6, s6, t0
core   0: 3 0x800064d8 (0x405b5fb3) x31 0xfffffc34
core   0: 0x800064dc (0x01471613) slli    a2, a4, 20
core   0: 3 0x800064dc (0x01471613) x12 0x28000000
core   0: 0x800064e0 (0x01076db3) or      s11, a4, a6
core   0: 3 0x800064e0 (0x01076db3) x27 0x00004280
core   0: 0x800064e4 (0x404387b3) sub     a5, t2, tp
core   0: 3 0x800064e4 (0x404387b3) x15 0xe7000000
core   0: 0x800064e8 (0x40dedc93) srai    s9, t4, 13
core   0: 3 0x800064e8 (0x40dedc93) x25 0x00000000
core   0: 0x800064ec (0x419d0433) sub     s0, s10, s9
core   0: 3 0x800064ec (0x419d0433) x 8 0x00000000
core   0: 0x800064f0 (0xa57e7693) andi    a3, t3, -1449
core   0: 3 0x800064f0 (0xa57e7693) x13 0x00b77a16
core   0: 0x800064f4 (0x2914f493) andi    s1, s1, 657
core   0: 3 0x800064f4 (0x2914f493) x 9 0x00000000
core   0: 0x800064f8 (0x0180ecb3) or      s9, ra, s8
core   0: 3 0x800064f8 (0x0180ecb3) x25 0xff498e65
core   0: 0x800064fc (0x40e48233) sub     tp, s1, a4
core   0: 3 0x800064fc (0x40e48233) x 4 0xffffbd80
core   0: 0x80006500 (0x9b2db113) sltiu   sp, s11, -1614
core   0: 3 0x80006500 (0x9b2db113) x 2 0x00000001
core   0: 0x80006504 (0x52668793) addi    a5, a3, 1318
core   0: 3 0x80006504 (0x52668793) x15 0x00b77f3c
core   0: 0x80006508 (0x0156cc33) xor     s8, a3, s5
core   0: 3 0x80006508 (0x0156cc33) x24 0x00b77a16
core   0: 0x8000650c (0x2fb74a93) xori    s5, a4, 763
core   0: 3 0x8000650c (0x2fb74a93) x21 0x0000407b
core   0: 0x80006510 (0x005ffb33) and     s6, t6, t0
core   0: 3 0x80006510 (0x005ffb33) x22 0x00000000
core   0: 0x80006514 (0x00661cb3) sll     s9, a2, t1
core   0: 3 0x80006514 (0x00661cb3) x25 0x80000000
core   0: 0x80006518 (0x52358113) addi    sp, a1, 1315
core   0: 3 0x80006518 (0x52358113) x 2 0x00000523
core   0: 0x8000651c (0x008b7833) and     a6, s6, s0
core   0: 3 0x8000651c (0x008b7833) x16 0x00000000
core   0: 0x80006520 (0x40c982b3) sub     t0, s3, a2
core   0: 3 0x80006520 (0x40c982b3) x 5 0xd8000000
core   0: 0x80006524 (0x410681b3) sub     gp, a3, a6
core   0: 3 0x80006524 (0x410681b3) x 3 0x00b77a16
core   0: 0x80006528 (0x1b0ee013) ori     zero, t4, 432
core   0: 3 0x80006528 (0x1b0ee013)
core   0: 0x8000652c (0x402ddf33) sra     t5, s11, sp
core   0: 3 0x8000652c (0x402ddf33) x30 0x00000850
core   0: 0x80006530 (0x01d2c6b3) xor     a3, t0, t4
core   0: 3 0x80006530 (0x01d2c6b3) x13 0xd8000000
core   0: 0x80006534 (0x006079b3) and     s3, zero, t1
core   0: 3 0x80006534 (0x006079b3) x19 0x00000000
core   0: 0x80006538 (0x26577713) andi    a4, a4, 613
core   0: 3 0x80006538 (0x26577713) x14 0x00000200
core   0: 0x8000653c (0x019489b3) add     s3, s1, s9
core   0: 3 0x8000653c (0x019489b3) x19 0x80000000
core   0: 0x80006540 (0x41175893) srai    a7, a4, 17
core   0: 3 0x80006540 (0x41175893) x17 0x00000000
core   0: 0x80006544 (0x41618733) sub     a4, gp, s6
core   0: 3 0x80006544 (0x41618733) x14 0x00b77a16
core   0: 0x80006548 (0x0060b133) sltu    sp, ra, t1
core   0: 3 0x80006548 (0x0060b133) x 2 0x00000000
core   0: 0x8000654c (0x5beb8c17) auipc   s8, 0x5beb8
core   0: 3 0x8000654c (0x5beb8c17) x24 0xdbebe54c
core   0: 0x80006550 (0x01327a33) and     s4, tp, s3
core   0: 3 0x80006550 (0x01327a33) x20 0x80000000
core   0: 0x80006554 (0x41280fb3) sub     t6, a6, s2
core   0: 3 0x80006554 (0x41280fb3) x31 0x00000000
core   0: 0x80006558 (0x002468b3) or      a7, s0, sp
core   0: 3 0x80006558 (0x002468b3) x17 0x00000000
core   0: 0x8000655c (0x01ffa9b3) slt     s3, t6, t6
core   0: 3 0x8000655c (0x01ffa9b3) x19 0x00000000
core   0: 0x80006560 (0xde2a2013) slti    zero, s4, -542
core   0: 3 0x80006560 (0xde2a2013)
core   0: 0x80006564 (0x9128a797) auipc   a5, 0x9128a
core   0: 3 0x80006564 (0x9128a797) x15 0x11290564
core   0: 0x80006568 (0x40b85633) sra     a2, a6, a1
core   0: 3 0x80006568 (0x40b85633) x12 0x00000000
core   0: 0x8000656c (0xd092e213) ori     tp, t0, -759
core   0: 3 0x8000656c (0xd092e213) x 4 0xfffffd09
core   0: 0x80006570 (0x015c4c33) xor     s8, s8, s5
core   0: 3 0x80006570 (0x015c4c33) x24 0xdbeba537
core   0: 0x80006574 (0x41985933) sra     s2, a6, s9
core   0: 3 0x80006574 (0x41985933) x18 0x00000000
core   0: 0x80006578 (0x01f545b3) xor     a1, a0, t6
core   0: 3 0x80006578 (0x01f545b3) x11 0x80010e64
core   0: 0x8000657c (0xdd5464b7) lui     s1, 0xdd546
core   0: 3 0x8000657c (0xdd5464b7) x 9 0xdd546000
core   0: 0x80006580 (0x0031cbb3) xor     s7, gp, gp
core   0: 3 0x80006580 (0x0031cbb3) x23 0x00000000
core   0: 0x80006584 (0x1c87f713) andi    a4, a5, 456
core   0: 3 0x80006584 (0x1c87f713) x14 0x00000140
core   0: 0x80006588 (0x00705793) srli    a5, zero, 7
core   0: 3 0x80006588 (0x00705793) x15 0x00000000
core   0: 0x8000658c (0x01689bb3) sll     s7, a7, s6
core   0: 3 0x8000658c (0x01689bb3) x23 0x00000000
core   0: 0x80006590 (0x40d45c13) srai    s8, s0, 13
core   0: 3 0x80006590 (0x40d45c13) x24 0x00000000
core   0: 0x80006594 (0x01891933) sll     s2, s2, s8
core   0: 3 0x80006594 (0x01891933) x18 0x00000000
core   0: 0x80006598 (0x04510a97) auipc   s5, 0x4510
core   0: 3 0x80006598 (0x04510a97) x21 0x84516598
core   0: 0x8000659c (0x68551897) auipc   a7, 0x68551
core   0: 3 0x8000659c (0x68551897) x17 0xe855759c
core   0: 0x800065a0 (0x00ac9b33) sll     s6, s9, a0
core   0: 3 0x800065a0 (0x00ac9b33) x22 0x00000000
core   0: 0x800065a4 (0x9923f713) andi    a4, t2, -1646
core   0: 3 0x800065a4 (0x9923f713) x14 0x80000000
core   0: 0x800065a8 (0xed988793) addi    a5, a7, -295
core   0: 3 0x800065a8 (0xed988793) x15 0xe8557475
core   0: 0x800065ac (0x61c474b7) lui     s1, 0x61c47
core   0: 3 0x800065ac (0x61c474b7) x 9 0x61c47000
core   0: 0x800065b0 (0x002e9033) sll     zero, t4, sp
core   0: 3 0x800065b0 (0x002e9033)
core   0: 0x800065b4 (0x010958b3) srl     a7, s2, a6
core   0: 3 0x800065b4 (0x010958b3) x17 0x00000000
core   0: 0x800065b8 (0x003fd933) srl     s2, t6, gp
core   0: 3 0x800065b8 (0x003fd933) x18 0x00000000
core   0: 0x800065bc (0x9fd8e713) ori     a4, a7, -1539
core   0: 3 0x800065bc (0x9fd8e713) x14 0xfffff9fd
core   0: 0x800065c0 (0x1f02f217) auipc   tp, 0x1f02f
core   0: 3 0x800065c0 (0x1f02f217) x 4 0x9f0355c0
core   0: 0x800065c4 (0x40a0d4b3) sra     s1, ra, a0
core   0: 3 0x800065c4 (0x40a0d4b3) x 9 0xfff48800
core   0: 0x800065c8 (0x01a492b3) sll     t0, s1, s10
core   0: 3 0x800065c8 (0x01a492b3) x 5 0xfff48800
core   0: 0x800065cc (0xcdbe6713) ori     a4, t3, -805
core   0: 3 0x800065cc (0xcdbe6713) x14 0xffffffff
core   0: 0x800065d0 (0x01265433) srl     s0, a2, s2
core   0: 3 0x800065d0 (0x01265433) x 8 0x00000000
core   0: 0x800065d4 (0x406706b3) sub     a3, a4, t1
core   0: 3 0x800065d4 (0x406706b3) x13 0x7ffeb31b
core   0: 0x800065d8 (0xceb7e913) ori     s2, a5, -789
core   0: 3 0x800065d8 (0xceb7e913) x18 0xfffffcff
core   0: 0x800065dc (0x01779833) sll     a6, a5, s7
core   0: 3 0x800065dc (0x01779833) x16 0xe8557475
core   0: 0x800065e0 (0x41060cb3) sub     s9, a2, a6
core   0: 3 0x800065e0 (0x41060cb3) x25 0x17aa8b8b
core   0: 0x800065e4 (0x2f116a37) lui     s4, 0x2f116
core   0: 3 0x800065e4 (0x2f116a37) x20 0x2f116000
core   0: 0x800065e8 (0x1b528e13) addi    t3, t0, 437
core   0: 3 0x800065e8 (0x1b528e13) x28 0xfff489b5
core   0: 0x800065ec (0x006556b3) srl     a3, a0, t1
core   0: 3 0x800065ec (0x006556b3) x13 0x080010e6
core   0: 0x800065f0 (0x09947d37) lui     s10, 0x9947
core   0: 3 0x800065f0 (0x09947d37) x26 0x09947000
core   0: 0x800065f4 (0x5e066597) auipc   a1, 0x5e066
core   0: 3 0x800065f4 (0x5e066597) x11 0xde06c5f4
core   0: 0x800065f8 (0x01361d13) slli    s10, a2, 19
core   0: 3 0x800065f8 (0x01361d13) x26 0x00000000
core   0: 0x800065fc (0x4e458213) addi    tp, a1, 1252
core   0: 3 0x800065fc (0x4e458213) x 4 0xde06cad8
core   0: 0x80006600 (0x40c35e93) srai    t4, t1, 12
core   0: 3 0x80006600 (0x40c35e93) x29 0xfff80014
core   0: 0x80006604 (0x436d3193) sltiu   gp, s10, 1078
core   0: 3 0x80006604 (0x436d3193) x 3 0x00000001
core   0: 0x80006608 (0x0153e133) or      sp, t2, s5
core   0: 3 0x80006608 (0x0153e133) x 2 0x84516598
core   0: 0x8000660c (0x00bb5b93) srli    s7, s6, 11
core   0: 3 0x8000660c (0x00bb5b93) x23 0x00000000
core   0: 0x80006610 (0x004e0a33) add     s4, t3, tp
core   0: 3 0x80006610 (0x004e0a33) x20 0xddfb548d
core   0: 0x80006614 (0x3b1307b7) lui     a5, 0x3b130
core   0: 3 0x80006614 (0x3b1307b7) x15 0x3b130000
core   0: 0x80006618 (0x27a14d17) auipc   s10, 0x27a14
core   0: 3 0x80006618 (0x27a14d17) x26 0xa7a1a618
core   0: 0x8000661c (0x00bf4933) xor     s2, t5, a1
core   0: 3 0x8000661c (0x00bf4933) x18 0xde06cda4
core   0: 0x80006620 (0x41cbd213) srai    tp, s7, 28
core   0: 3 0x80006620 (0x41cbd213) x 4 0x00000000
core   0: 0x80006624 (0x00d752b3) srl     t0, a4, a3
core   0: 3 0x80006624 (0x00d752b3) x 5 0x03ffffff
core   0: 0x80006628 (0x00000013) nop
core   0: 3 0x80006628 (0x00000013)
core   0: 0x8000662c (0x0178e933) or      s2, a7, s7
core   0: 3 0x8000662c (0x0178e933) x18 0x00000000
core   0: 0x80006630 (0x120f7a37) lui     s4, 0x120f7
core   0: 3 0x80006630 (0x120f7a37) x20 0x120f7000
core   0: 0x80006634 (0xa2434c17) auipc   s8, 0xa2434
core   0: 3 0x80006634 (0xa2434c17) x24 0x2243a634
core   0: 0x80006638 (0x40d1d993) srai    s3, gp, 13
core   0: 3 0x80006638 (0x40d1d993) x19 0x00000000
core   0: 0x8000663c (0x0071cb33) xor     s6, gp, t2
core   0: 3 0x8000663c (0x0071cb33) x22 0x80000001
core   0: 0x80006640 (0x00b221b3) slt     gp, tp, a1
core   0: 3 0x80006640 (0x00b221b3) x 3 0x00000000
core   0: 0x80006644 (0x0084b1b3) sltu    gp, s1, s0
core   0: 3 0x80006644 (0x0084b1b3) x 3 0x00000000
core   0: 0x80006648 (0x94272a93) slti    s5, a4, -1726
core   0: 3 0x80006648 (0x94272a93) x21 0x00000000
core   0: 0x8000664c (0x00779193) slli    gp, a5, 7
core   0: 3 0x8000664c (0x00779193) x 3 0x89800000
core   0: 0x80006650 (0xfb0157b7) lui     a5, 0xfb015
core   0: 3 0x80006650 (0xfb0157b7) x15 0xfb015000
core   0: 0x80006654 (0x007d9913) slli    s2, s11, 7
core   0: 3 0x80006654 (0x007d9913) x18 0x00214000
core   0: 0x80006658 (0x009c86b3) add     a3, s9, s1
core   0: 3 0x80006658 (0x009c86b3) x13 0x179f138b
core   0: 0x8000665c (0xedf22f13) slti    t5, tp, -289
core   0: 3 0x8000665c (0xedf22f13) x30 0x00000000
core   0: 0x80006660 (0xd1447c13) andi    s8, s0, -748
core   0: 3 0x80006660 (0xd1447c13) x24 0x00000000
core   0: 0x80006664 (0xafda3413) sltiu   s0, s4, -1283
core   0: 3 0x80006664 (0xafda3413) x 8 0x00000001
core   0: 0x80006668 (0x00896bb3) or      s7, s2, s0
core   0: 3 0x80006668 (0x00896bb3) x23 0x00214001
core   0: 0x8000666c (0x118a3113) sltiu   sp, s4, 280
core   0: 3 0x8000666c (0x118a3113) x 2 0x00000000
core   0: 0x80006670 (0x01642033) slt     zero, s0, s6
core   0: 3 0x80006670 (0x01642033)
core   0: 0x80006674 (0x40368e33) sub     t3, a3, gp
core   0: 3 0x80006674 (0x40368e33) x28 0x8e1f138b
core   0: 0x80006678 (0xfff00613) li      a2, -1
core   0: 3 0x80006678 (0xfff00613) x12 0xffffffff
core   0: 0x8000667c (0xfff00293) li      t0, -1
core   0: 3 0x8000667c (0xfff00293) x 5 0xffffffff
core   0: 0x80006680 (0x5cca6bb7) lui     s7, 0x5cca6
core   0: 3 0x80006680 (0x5cca6bb7) x23 0x5cca6000
core   0: 0x80006684 (0x6ccb8b93) addi    s7, s7, 1740
core   0: 3 0x80006684 (0x6ccb8b93) x23 0x5cca66cc
core   0: 0x80006688 (0x00000f93) li      t6, 0
core   0: 3 0x80006688 (0x00000f93) x31 0x00000000
core   0: 0x8000668c (0xe378ef37) lui     t5, 0xe378e
core   0: 3 0x8000668c (0xe378ef37) x30 0xe378e000
core   0: 0x80006690 (0x802f0f13) addi    t5, t5, -2046
core   0: 3 0x80006690 (0x802f0f13) x30 0xe378d802
core   0: 0x80006694 (0x80000d37) lui     s10, 0x80000
core   0: 3 0x80006694 (0x80000d37) x26 0x80000000
core   0: 0x80006698 (0xfff00d93) li      s11, -1
core   0: 3 0x80006698 (0xfff00d93) x27 0xffffffff
core   0: 0x8000669c (0x6b7a79b7) lui     s3, 0x6b7a7
core   0: 3 0x8000669c (0x6b7a79b7) x19 0x6b7a7000
core   0: 0x800066a0 (0xaff98993) addi    s3, s3, -1281
core   0: 3 0x800066a0 (0xaff98993) x19 0x6b7a6aff
core   0: 0x800066a4 (0x0b772c37) lui     s8, 0xb772
core   0: 3 0x800066a4 (0x0b772c37) x24 0x0b772000
core   0: 0x800066a8 (0x2f7c0c13) addi    s8, s8, 759
core   0: 3 0x800066a8 (0x2f7c0c13) x24 0x0b7722f7
core   0: 0x800066ac (0xae1f8437) lui     s0, 0xae1f8
core   0: 3 0x800066ac (0xae1f8437) x 8 0xae1f8000
core   0: 0x800066b0 (0xbcc40413) addi    s0, s0, -1076
core   0: 3 0x800066b0 (0xbcc40413) x 8 0xae1f7bcc
core   0: 0x800066b4 (0x00000013) nop
core   0: 3 0x800066b4 (0x00000013)
core   0: 0x800066b8 (0x1676a2b7) lui     t0, 0x1676a
core   0: 3 0x800066b8 (0x1676a2b7) x 5 0x1676a000
core   0: 0x800066bc (0x00828433) add     s0, t0, s0
core   0: 3 0x800066bc (0x00828433) x 8 0xc4961bcc
core   0: 0x800066c0 (0xd242b617) auipc   a2, 0xd242b
core   0: 3 0x800066c0 (0xd242b617) x12 0x524316c0
core   0: 0x800066c4 (0x09261297) auipc   t0, 0x9261
core   0: 3 0x800066c4 (0x09261297) x 5 0x892676c4
core   0: 0x800066c8 (0x1eaf1db7) lui     s11, 0x1eaf1
core   0: 3 0x800066c8 (0x1eaf1db7) x27 0x1eaf1000
core   0: 0x800066cc (0x00000013) nop
core   0: 3 0x800066cc (0x00000013)
core   0: 0x800066d0 (0xf91c0293) addi    t0, s8, -111
core   0: 3 0x800066d0 (0xf91c0293) x 5 0x0b772288
core   0: 0x800066d4 (0x66e60993) addi    s3, a2, 1646
core   0: 3 0x800066d4 (0x66e60993) x19 0x52431d2e
core   0: 0x800066d8 (0x0666abb7) lui     s7, 0x666a
core   0: 3 0x800066d8 (0x0666abb7) x23 0x0666a000
core   0: 0x800066dc (0x6366c417) auipc   s0, 0x6366c
core   0: 3 0x800066dc (0x6366c417) x 8 0xe36726dc
core   0: 0x800066e0 (0x405282b3) sub     t0, t0, t0
core   0: 3 0x800066e0 (0x405282b3) x 5 0x00000000
core   0: 0x800066e4 (0x01af0db3) add     s11, t5, s10
core   0: 3 0x800066e4 (0x01af0db3) x27 0x6378d802
core   0: 0x800066e8 (0x860c0c13) addi    s8, s8, -1952
core   0: 3 0x800066e8 (0x860c0c13) x24 0x0b771b57
core   0: 0x800066ec (0x92a43c17) auipc   s8, 0x92a43
core   0: 3 0x800066ec (0x92a43c17) x24 0x12a496ec
core   0: 0x800066f0 (0xa2c732b7) lui     t0, 0xa2c73
core   0: 3 0x800066f0 (0xa2c732b7) x 5 0xa2c73000
core   0: 0x800066f4 (0x010581b3) add     gp, a1, a6
core   0: 3 0x800066f4 (0x010581b3) x 3 0xc65c3a69
core   0: 0x800066f8 (0x0103d5b3) srl     a1, t2, a6
core   0: 3 0x800066f8 (0x0103d5b3) x11 0x00000400
core   0: 0x800066fc (0x01fafcb3) and     s9, s5, t6
core   0: 3 0x800066fc (0x01fafcb3) x25 0x00000000
core   0: 0x80006700 (0x6bfc1837) lui     a6, 0x6bfc1
core   0: 3 0x80006700 (0x6bfc1837) x16 0x6bfc1000
core   0: 0x80006704 (0xe2b3d017) auipc   zero, 0xe2b3d
core   0: 3 0x80006704 (0xe2b3d017)
core   0: 0x80006708 (0x79dca113) slti    sp, s9, 1949
core   0: 3 0x80006708 (0x79dca113) x 2 0x00000001
core   0: 0x8000670c (0x015c22b3) slt     t0, s8, s5
core   0: 3 0x8000670c (0x015c22b3) x 5 0x00000000
core   0: 0x80006710 (0x01b26f33) or      t5, tp, s11
core   0: 3 0x80006710 (0x01b26f33) x30 0x6378d802
core   0: 0x80006714 (0x00766cb3) or      s9, a2, t2
core   0: 3 0x80006714 (0x00766cb3) x25 0xd24316c0
core   0: 0x80006718 (0xe5da6293) ori     t0, s4, -419
core   0: 3 0x80006718 (0xe5da6293) x 5 0xfffffe5d
core   0: 0x8000671c (0x00000013) nop
core   0: 3 0x8000671c (0x00000013)
core   0: 0x80006720 (0x01641a93) slli    s5, s0, 22
core   0: 3 0x80006720 (0x01641a93) x21 0xb7000000
core   0: 0x80006724 (0x402c8033) sub     zero, s9, sp
core   0: 3 0x80006724 (0x402c8033)
core   0: 0x80006728 (0x01101193) slli    gp, zero, 17
core   0: 3 0x80006728 (0x01101193) x 3 0x00000000
core   0: 0x8000672c (0x41090bb3) sub     s7, s2, a6
core   0: 3 0x8000672c (0x41090bb3) x23 0x94253000
core   0: 0x80006730 (0x01f39f33) sll     t5, t2, t6
core   0: 3 0x80006730 (0x01f39f33) x30 0x80000000
core   0: 0x80006734 (0x5ea1a613) slti    a2, gp, 1514
core   0: 3 0x80006734 (0x5ea1a613) x12 0x00000001
core   0: 0x80006738 (0x00007eb3) and     t4, zero, zero
core   0: 3 0x80006738 (0x00007eb3) x29 0x00000000
core   0: 0x8000673c (0x40205613) srai    a2, zero, 2
core   0: 3 0x8000673c (0x40205613) x12 0x00000000
core   0: 0x80006740 (0x41508133) sub     sp, ra, s5
core   0: 3 0x80006740 (0x41508133) x 2 0x48488001
core   0: 0x80006744 (0x41c15713) srai    a4, sp, 28
core   0: 3 0x80006744 (0x41c15713) x14 0x00000004
core   0: 0x80006748 (0x00b935b3) sltu    a1, s2, a1
core   0: 3 0x80006748 (0x00b935b3) x11 0x00000000
core   0: 0x8000674c (0x008b5bb3) srl     s7, s6, s0
core   0: 3 0x8000674c (0x008b5bb3) x23 0x00000008
core   0: 0x80006750 (0x003c5793) srli    a5, s8, 3
core   0: 3 0x80006750 (0x003c5793) x15 0x025492dd
core   0: 0x80006754 (0x005c6a33) or      s4, s8, t0
core   0: 3 0x80006754 (0x005c6a33) x20 0xfffffefd
core   0: 0x80006758 (0xb876f693) andi    a3, a3, -1145
core   0: 3 0x80006758 (0xb876f693) x13 0x179f1383
core   0: 0x8000675c (0x008a91b3) sll     gp, s5, s0
core   0: 3 0x8000675c (0x008a91b3) x 3 0x00000000
core   0: 0x80006760 (0x3bca3f93) sltiu   t6, s4, 956
core   0: 3 0x80006760 (0x3bca3f93) x31 0x00000000
core   0: 0x80006764 (0x00000013) nop
core   0: 3 0x80006764 (0x00000013)
core   0: 0x80006768 (0x0091d2b3) srl     t0, gp, s1
core   0: 3 0x80006768 (0x0091d2b3) x 5 0x00000000
core   0: 0x8000676c (0x617b6017) auipc   zero, 0x617b6
core   0: 3 0x8000676c (0x617b6017)
core   0: 0x80006770 (0x00000013) nop
core   0: 3 0x80006770 (0x00000013)
core   0: 0x80006774 (0xdde52c13) slti    s8, a0, -546
core   0: 3 0x80006774 (0xdde52c13) x24 0x00000001
core   0: 0x80006778 (0x01ad3b33) sltu    s6, s10, s10
core   0: 3 0x80006778 (0x01ad3b33) x22 0x00000000
core   0: 0x8000677c (0x01cc3033) sltu    zero, s8, t3
core   0: 3 0x8000677c (0x01cc3033)
core   0: 0x80006780 (0x14d47913) andi    s2, s0, 333
core   0: 3 0x80006780 (0x14d47913) x18 0x0000004c
core   0: 0x80006784 (0x00e77ab3) and     s5, a4, a4
core   0: 3 0x80006784 (0x00e77ab3) x21 0x00000004
core   0: 0x80006788 (0x40665993) srai    s3, a2, 6
core   0: 3 0x80006788 (0x40665993) x19 0x00000000
core   0: 0x8000678c (0x6ec37297) auipc   t0, 0x6ec37
core   0: 3 0x8000678c (0x6ec37297) x 5 0xeec3d78c
core   0: 0x80006790 (0x40ed0cb3) sub     s9, s10, a4
core   0: 3 0x80006790 (0x40ed0cb3) x25 0x7ffffffc
core   0: 0x80006794 (0x89a2c193) xori    gp, t0, -1894
core   0: 3 0x80006794 (0x89a2c193) x 3 0x113c2f16
core   0: 0x80006798 (0x0023df93) srli    t6, t2, 2
core   0: 3 0x80006798 (0x0023df93) x31 0x20000000
core   0: 0x8000679c (0x00470233) add     tp, a4, tp
core   0: 3 0x8000679c (0x00470233) x 4 0x00000004
core   0: 0x800067a0 (0x00145293) srli    t0, s0, 1
core   0: 3 0x800067a0 (0x00145293) x 5 0x71b3936e
core   0: 0x800067a4 (0x009bffb3) and     t6, s7, s1
core   0: 3 0x800067a4 (0x009bffb3) x31 0x00000000
core   0: 0x800067a8 (0x40e0d693) srai    a3, ra, 14
core   0: 3 0x800067a8 (0x40e0d693) x13 0xfffffd22
core   0: 0x800067ac (0x008e1ab3) sll     s5, t3, s0
core   0: 3 0x800067ac (0x008e1ab3) x21 0xb0000000
core   0: 0x800067b0 (0x5733b493) sltiu   s1, t2, 1395
core   0: 3 0x800067b0 (0x5733b493) x 9 0x00000000
core   0: 0x800067b4 (0x8d61b5b7) lui     a1, 0x8d61b
core   0: 3 0x800067b4 (0x8d61b5b7) x11 0x8d61b000
core   0: 0x800067b8 (0x0022f133) and     sp, t0, sp
core   0: 3 0x800067b8 (0x0022f133) x 2 0x40008000
core   0: 0x800067bc (0x00000013) nop
core   0: 3 0x800067bc (0x00000013)
core   0: 0x800067c0 (0x01bd9713) slli    a4, s11, 27
core   0: 3 0x800067c0 (0x01bd9713) x14 0x10000000
core   0: 0x800067c4 (0x40e48133) sub     sp, s1, a4
core   0: 3 0x800067c4 (0x40e48133) x 2 0xf0000000
core   0: 0x800067c8 (0x010bbeb3) sltu    t4, s7, a6
core   0: 3 0x800067c8 (0x010bbeb3) x29 0x00000001
core   0: 0x800067cc (0x4fd4ac13) slti    s8, s1, 1277
core   0: 3 0x800067cc (0x4fd4ac13) x24 0x00000001
core   0: 0x800067d0 (0x4099d813) srai    a6, s3, 9
core   0: 3 0x800067d0 (0x4099d813) x16 0x00000000
core   0: 0x800067d4 (0x0c687e13) andi    t3, a6, 198
core   0: 3 0x800067d4 (0x0c687e13) x28 0x00000000
core   0: 0x800067d8 (0x30956793) ori     a5, a0, 777
core   0: 3 0x800067d8 (0x30956793) x15 0x80010f6d
core   0: 0x800067dc (0x0cdca713) slti    a4, s9, 205
core   0: 3 0x800067dc (0x0cdca713) x14 0x00000000
core   0: 0x800067e0 (0x002db833) sltu    a6, s11, sp
core   0: 3 0x800067e0 (0x002db833) x16 0x00000001
core   0: 0x800067e4 (0x00a19a93) slli    s5, gp, 10
core   0: 3 0x800067e4 (0x00a19a93) x21 0xf0bc5800
core   0: 0x800067e8 (0x00a3dcb3) srl     s9, t2, a0
core   0: 3 0x800067e8 (0x00a3dcb3) x25 0x08000000
core   0: 0x800067ec (0xfa9bdcb7) lui     s9, 0xfa9bd
core   0: 3 0x800067ec (0xfa9bdcb7) x25 0xfa9bd000
core   0: 0x800067f0 (0x00000013) nop
core   0: 3 0x800067f0 (0x00000013)
core   0: 0x800067f4 (0xbddf0793) addi    a5, t5, -1059
core   0: 3 0x800067f4 (0xbddf0793) x15 0x7ffffbdd
core   0: 0x800067f8 (0x006cab33) slt     s6, s9, t1
core   0: 3 0x800067f8 (0x006cab33) x22 0x00000000
core   0: 0x800067fc (0x01619bb3) sll     s7, gp, s6
core   0: 3 0x800067fc (0x01619bb3) x23 0x113c2f16
core   0: 0x80006800 (0xbf847637) lui     a2, 0xbf847
core   0: 3 0x80006800 (0xbf847637) x12 0xbf847000
core   0: 0x80006804 (0xaa79fe93) andi    t4, s3, -1369
core   0: 3 0x80006804 (0xaa79fe93) x29 0x00000000
core   0: 0x80006808 (0x0011cbb3) xor     s7, gp, ra
core   0: 3 0x80006808 (0x0011cbb3) x23 0xee74af17
core   0: 0x8000680c (0x010a5e13) srli    t3, s4, 16
core   0: 3 0x8000680c (0x010a5e13) x28 0x0000ffff
core   0: 0x80006810 (0x4044dab3) sra     s5, s1, tp
core   0: 3 0x80006810 (0x4044dab3) x21 0x00000000
core   0: 0x80006814 (0x1f3b6713) ori     a4, s6, 499
core   0: 3 0x80006814 (0x1f3b6713) x14 0x000001f3
core   0: 0x80006818 (0x94d5f113) andi    sp, a1, -1715
core   0: 3 0x80006818 (0x94d5f113) x 2 0x8d61b000
core   0: 0x8000681c (0x0093f933) and     s2, t2, s1
core   0: 3 0x8000681c (0x0093f933) x18 0x00000000
core   0: 0x80006820 (0x00bc0193) addi    gp, s8, 11
core   0: 3 0x80006820 (0x00bc0193) x 3 0x0000000c
core   0: 0x80006824 (0xa76e2293) slti    t0, t3, -1418
core   0: 3 0x80006824 (0xa76e2293) x 5 0x00000000
core   0: 0x80006828 (0x01facd33) xor     s10, s5, t6
core   0: 3 0x80006828 (0x01facd33) x26 0x00000000
core   0: 0x8000682c (0x0102a6b3) slt     a3, t0, a6
core   0: 3 0x8000682c (0x0102a6b3) x13 0x00000001
core   0: 0x80006830 (0x00461f13) slli    t5, a2, 4
core   0: 3 0x80006830 (0x00461f13) x30 0xf8470000
core   0: 0x80006834 (0x01b38633) add     a2, t2, s11
core   0: 3 0x80006834 (0x01b38633) x12 0xe378d802
core   0: 0x80006838 (0x017941b3) xor     gp, s2, s7
core   0: 3 0x80006838 (0x017941b3) x 3 0xee74af17
core   0: 0x8000683c (0x01199d13) slli    s10, s3, 17
core   0: 3 0x8000683c (0x01199d13) x26 0x00000000
core   0: 0x80006840 (0x014b8c33) add     s8, s7, s4
core   0: 3 0x80006840 (0x014b8c33) x24 0xee74ae14
core   0: 0x80006844 (0x01792633) slt     a2, s2, s7
core   0: 3 0x80006844 (0x01792633) x12 0x00000000
core   0: 0x80006848 (0x5920f793) andi    a5, ra, 1426
core   0: 3 0x80006848 (0x5920f793) x15 0x00000000
core   0: 0x8000684c (0x00000013) nop
core   0: 3 0x8000684c (0x00000013)
core   0: 0x80006850 (0x2efb7013) andi    zero, s6, 751
core   0: 3 0x80006850 (0x2efb7013)
core   0: 0x80006854 (0x00fb5193) srli    gp, s6, 15
core   0: 3 0x80006854 (0x00fb5193) x 3 0x00000000
core   0: 0x80006858 (0x01105733) srl     a4, zero, a7
core   0: 3 0x80006858 (0x01105733) x14 0x00000000
core   0: 0x8000685c (0x01a31eb3) sll     t4, t1, s10
core   0: 3 0x8000685c (0x01a31eb3) x29 0x80014ce4
core   0: 0x80006860 (0x00d8adb3) slt     s11, a7, a3
core   0: 3 0x80006860 (0x00d8adb3) x27 0x00000001
core   0: 0x80006864 (0x1662e617) auipc   a2, 0x1662e
core   0: 3 0x80006864 (0x1662e617) x12 0x96634864
core   0: 0x80006868 (0x0027c7b3) xor     a5, a5, sp
core   0: 3 0x80006868 (0x0027c7b3) x15 0x8d61b000
core   0: 0x8000686c (0x0037cf33) xor     t5, a5, gp
core   0: 3 0x8000686c (0x0037cf33) x30 0x8d61b000
core   0: 0x80006870 (0x013d32b3) sltu    t0, s10, s3
core   0: 3 0x80006870 (0x013d32b3) x 5 0x00000000
core   0: 0x80006874 (0x00000013) nop
core   0: 3 0x80006874 (0x00000013)
core   0: 0x80006878 (0x412e58b3) sra     a7, t3, s2
core   0: 3 0x80006878 (0x412e58b3) x17 0x0000ffff
core   0: 0x8000687c (0x00fc9f33) sll     t5, s9, a5
core   0: 3 0x8000687c (0x00fc9f33) x30 0xfa9bd000
core   0: 0x80006880 (0x00d41593) slli    a1, s0, 13
core   0: 3 0x80006880 (0x00d41593) x11 0xe4db8000
core   0: 0x80006884 (0x008d2ab3) slt     s5, s10, s0
core   0: 3 0x80006884 (0x008d2ab3) x21 0x00000000
core   0: 0x80006888 (0x00d5c933) xor     s2, a1, a3
core   0: 3 0x80006888 (0x00d5c933) x18 0xe4db8001
core   0: 0x8000688c (0x41565f93) srai    t6, a2, 21
core   0: 3 0x8000688c (0x41565f93) x31 0xfffffcb3
core   0: 0x80006890 (0xc4214093) xori    ra, sp, -958
core   0: 3 0x80006890 (0xc4214093) x 1 0x729e4c42
core   0: 0x80006894 (0x39908693) addi    a3, ra, 921
core   0: 3 0x80006894 (0x39908693) x13 0x729e4fdb
core   0: 0x80006898 (0x0149dbb3) srl     s7, s3, s4
core   0: 3 0x80006898 (0x0149dbb3) x23 0x00000000
core   0: 0x8000689c (0xcab37b97) auipc   s7, 0xcab37
core   0: 3 0x8000689c (0xcab37b97) x23 0x4ab3d89c
core   0: 0x800068a0 (0x003e28b3) slt     a7, t3, gp
core   0: 3 0x800068a0 (0x003e28b3) x17 0x00000000
core   0: 0x800068a4 (0x01d3d293) srli    t0, t2, 29
core   0: 3 0x800068a4 (0x01d3d293) x 5 0x00000004
core   0: 0x800068a8 (0x00721eb3) sll     t4, tp, t2
core   0: 3 0x800068a8 (0x00721eb3) x29 0x00000004
core   0: 0x800068ac (0xd9d5cf13) xori    t5, a1, -611
core   0: 3 0x800068ac (0xd9d5cf13) x30 0x1b247d9d
core   0: 0x800068b0 (0x000381b3) add     gp, t2, zero
core   0: 3 0x800068b0 (0x000381b3) x 3 0x80000000
core   0: 0x800068b4 (0x00000013) nop
core   0: 3 0x800068b4 (0x00000013)
core   0: 0x800068b8 (0x60808493) addi    s1, ra, 1544
core   0: 3 0x800068b8 (0x60808493) x 9 0x729e524a
core   0: 0x800068bc (0x0192adb3) slt     s11, t0, s9
core   0: 3 0x800068bc (0x0192adb3) x27 0x00000000
core   0: 0x800068c0 (0x01229d93) slli    s11, t0, 18
core   0: 3 0x800068c0 (0x01229d93) x27 0x00100000
core   0: 0x800068c4 (0x00f09f13) slli    t5, ra, 15
core   0: 3 0x800068c4 (0x00f09f13) x30 0x26210000
core   0: 0x800068c8 (0x0104af33) slt     t5, s1, a6
core   0: 3 0x800068c8 (0x0104af33) x30 0x00000000
core   0: 0x800068cc (0xfc3a8893) addi    a7, s5, -61
core   0: 3 0x800068cc (0xfc3a8893) x17 0xffffffc3
core   0: 0x800068d0 (0xa8f13793) sltiu   a5, sp, -1393
core   0: 3 0x800068d0 (0xa8f13793) x15 0x00000001
core   0: 0x800068d4 (0x3d55ea13) ori     s4, a1, 981
core   0: 3 0x800068d4 (0x3d55ea13) x20 0xe4db83d5
core   0: 0x800068d8 (0xf1740217) auipc   tp, 0xf1740
core   0: 3 0x800068d8 (0xf1740217) x 4 0x717468d8
core   0: 0x800068dc (0x34e5f493) andi    s1, a1, 846
core   0: 3 0x800068dc (0x34e5f493) x 9 0x00000000
core   0: 0x800068e0 (0xc794fd93) andi    s11, s1, -903
core   0: 3 0x800068e0 (0xc794fd93) x27 0x00000000
core   0: 0x800068e4 (0x01aec7b3) xor     a5, t4, s10
core   0: 3 0x800068e4 (0x01aec7b3) x15 0x00000004
core   0: 0x800068e8 (0x40b2dc93) srai    s9, t0, 11
core   0: 3 0x800068e8 (0x40b2dc93) x25 0x00000000
core   0: 0x800068ec (0xf6e5c493) xori    s1, a1, -146
core   0: 3 0x800068ec (0xf6e5c493) x 9 0x1b247f6e
core   0: 0x800068f0 (0x99efcd93) xori    s11, t6, -1634
core   0: 3 0x800068f0 (0x99efcd93) x27 0x0000052d
core   0: 0x800068f4 (0x01097733) and     a4, s2, a6
core   0: 3 0x800068f4 (0x01097733) x14 0x00000001
core   0: 0x800068f8 (0x018d2733) slt     a4, s10, s8
core   0: 3 0x800068f8 (0x018d2733) x14 0x00000000
core   0: 0x800068fc (0x006bd2b3) srl     t0, s7, t1
core   0: 3 0x800068fc (0x006bd2b3) x 5 0x04ab3d89
core   0: 0x80006900 (0x408ad033) sra     zero, s5, s0
core   0: 3 0x80006900 (0x408ad033)
core   0: 0x80006904 (0x00511cb3) sll     s9, sp, t0
core   0: 3 0x80006904 (0x00511cb3) x25 0xc3600000
core   0: 0x80006908 (0x019e5733) srl     a4, t3, s9
core   0: 3 0x80006908 (0x019e5733) x14 0x0000ffff
core   0: 0x8000690c (0x00601b93) slli    s7, zero, 6
core   0: 3 0x8000690c (0x00601b93) x23 0x00000000
core   0: 0x80006910 (0xb58c3813) sltiu   a6, s8, -1192
core   0: 3 0x80006910 (0xb58c3813) x16 0x00000001
core   0: 0x80006914 (0x017716b3) sll     a3, a4, s7
core   0: 3 0x80006914 (0x017716b3) x13 0x0000ffff
core   0: 0x80006918 (0x019099b3) sll     s3, ra, s9
core   0: 3 0x80006918 (0x019099b3) x19 0x729e4c42
core   0: 0x8000691c (0x012ac133) xor     sp, s5, s2
core   0: 3 0x8000691c (0x012ac133) x 2 0xe4db8001
core   0: 0x80006920 (0x0172a233) slt     tp, t0, s7
core   0: 3 0x80006920 (0x0172a233) x 4 0x00000000
core   0: 0x80006924 (0x004f2633) slt     a2, t5, tp
core   0: 3 0x80006924 (0x004f2633) x12 0x00000000
core   0: 0x80006928 (0xc85d4f93) xori    t6, s10, -891
core   0: 3 0x80006928 (0xc85d4f93) x31 0xfffffc85
core   0: 0x8000692c (0xf115a693) slti    a3, a1, -239
core   0: 3 0x8000692c (0xf115a693) x13 0x00000001
core   0: 0x80006930 (0x00d0dab3) srl     s5, ra, a3
core   0: 3 0x80006930 (0x00d0dab3) x21 0x394f2621
core   0: 0x80006934 (0x00db5e93) srli    t4, s6, 13
core   0: 3 0x80006934 (0x00db5e93) x29 0x00000000
core   0: 0x80006938 (0x00000013) nop
core   0: 3 0x80006938 (0x00000013)
core   0: 0x8000693c (0x91efb713) sltiu   a4, t6, -1762
core   0: 3 0x8000693c (0x91efb713) x14 0x00000000
core   0: 0x80006940 (0x00c5f7b3) and     a5, a1, a2
core   0: 3 0x80006940 (0x00c5f7b3) x15 0x00000000
core   0: 0x80006944 (0x20717613) andi    a2, sp, 519
core   0: 3 0x80006944 (0x20717613) x12 0x00000001
core   0: 0x80006948 (0x00a572b3) and     t0, a0, a0
core   0: 3 0x80006948 (0x00a572b3) x 5 0x80010e64
core   0: 0x8000694c (0x01a75b93) srli    s7, a4, 26
core   0: 3 0x8000694c (0x01a75b93) x23 0x00000000
core   0: 0x80006950 (0x006c76b3) and     a3, s8, t1
core   0: 3 0x80006950 (0x006c76b3) x13 0x80000c04
core   0: 0x80006954 (0x0144c633) xor     a2, s1, s4
core   0: 3 0x80006954 (0x0144c633) x12 0xfffffcbb
core   0: 0x80006958 (0x38510037) lui     zero, 0x38510
core   0: 3 0x80006958 (0x38510037)
core   0: 0x8000695c (0xb775f113) andi    sp, a1, -1161
core   0: 3 0x8000695c (0xb775f113) x 2 0xe4db8000
core   0: 0x80006960 (0x44053413) sltiu   s0, a0, 1088
core   0: 3 0x80006960 (0x44053413) x 8 0x00000000
core   0: 0x80006964 (0x8f0f3437) lui     s0, 0x8f0f3
core   0: 3 0x80006964 (0x8f0f3437) x 8 0x8f0f3000
core   0: 0x80006968 (0x6c1b6193) ori     gp, s6, 1729
core   0: 3 0x80006968 (0x6c1b6193) x 3 0x000006c1
core   0: 0x8000696c (0x004f1e93) slli    t4, t5, 4
core   0: 3 0x8000696c (0x004f1e93) x29 0x00000000
core   0: 0x80006970 (0xcfb85a97) auipc   s5, 0xcfb85
core   0: 3 0x80006970 (0xcfb85a97) x21 0x4fb8b970
core   0: 0x80006974 (0x00a11f33) sll     t5, sp, a0
core   0: 3 0x80006974 (0x00a11f33) x30 0x4db80000
core   0: 0x80006978 (0x00463d33) sltu    s10, a2, tp
core   0: 3 0x80006978 (0x00463d33) x26 0x00000000
core   0: 0x8000697c (0x0043afb3) slt     t6, t2, tp
core   0: 3 0x8000697c (0x0043afb3) x31 0x00000001
core   0: 0x80006980 (0xc5553893) sltiu   a7, a0, -939
core   0: 3 0x80006980 (0xc5553893) x17 0x00000001
core   0: 0x80006984 (0x019c5133) srl     sp, s8, s9
core   0: 3 0x80006984 (0x019c5133) x 2 0xee74ae14
core   0: 0x80006988 (0x5dfd7b13) andi    s6, s10, 1503
core   0: 3 0x80006988 (0x5dfd7b13) x22 0x00000000
core   0: 0x8000698c (0x40f15013) srai    zero, sp, 15
core   0: 3 0x8000698c (0x40f15013)
core   0: 0x80006990 (0x0a7adcb7) lui     s9, 0xa7ad
core   0: 3 0x80006990 (0x0a7adcb7) x25 0x0a7ad000
core   0: 0x80006994 (0x0010a733) slt     a4, ra, ra
core   0: 3 0x80006994 (0x0010a733) x14 0x00000000
core   0: 0x80006998 (0x40755033) sra     zero, a0, t2
core   0: 3 0x80006998 (0x40755033)
core   0: 0x8000699c (0x00b607b3) add     a5, a2, a1
core   0: 3 0x8000699c (0x00b607b3) x15 0xe4db7cbb
core   0: 0x800069a0 (0x003e8933) add     s2, t4, gp
core   0: 3 0x800069a0 (0x003e8933) x18 0x000006c1
core   0: 0x800069a4 (0x4efc2d93) slti    s11, s8, 1263
core   0: 3 0x800069a4 (0x4efc2d93) x27 0x00000001
core   0: 0x800069a8 (0xb77dc013) xori    zero, s11, -1161
core   0: 3 0x800069a8 (0xb77dc013)
core   0: 0x800069ac (0x97c06f93) ori     t6, zero, -1668
core   0: 3 0x800069ac (0x97c06f93) x31 0xfffff97c
core   0: 0x800069b0 (0x00a96c33) or      s8, s2, a0
core   0: 3 0x800069b0 (0x00a96c33) x24 0x80010ee5
core   0: 0x800069b4 (0xb434a213) slti    tp, s1, -1213
core   0: 3 0x800069b4 (0xb434a213) x 4 0x00000000
core   0: 0x800069b8 (0x42743593) sltiu   a1, s0, 1063
core   0: 3 0x800069b8 (0x42743593) x11 0x00000000
core   0: 0x800069bc (0x00612833) slt     a6, sp, t1
core   0: 3 0x800069bc (0x00612833) x16 0x00000000
core   0: 0x800069c0 (0x0176d833) srl     a6, a3, s7
core   0: 3 0x800069c0 (0x0176d833) x16 0x80000c04
core   0: 0x800069c4 (0x433c8f93) addi    t6, s9, 1075
core   0: 3 0x800069c4 (0x433c8f93) x31 0x0a7ad433
core   0: 0x800069c8 (0x00ae04b3) add     s1, t3, a0
core   0: 3 0x800069c8 (0x00ae04b3) x 9 0x80020e63
core   0: 0x800069cc (0x01cf7c33) and     s8, t5, t3
core   0: 3 0x800069cc (0x01cf7c33) x24 0x00000000
core   0: 0x800069d0 (0x008b19b3) sll     s3, s6, s0
core   0: 3 0x800069d0 (0x008b19b3) x19 0x00000000
core   0: 0x800069d4 (0x5ef50693) addi    a3, a0, 1519
core   0: 3 0x800069d4 (0x5ef50693) x13 0x80011453
core   0: 0x800069d8 (0x009d7933) and     s2, s10, s1
core   0: 3 0x800069d8 (0x009d7933) x18 0x00000000
core   0: 0x800069dc (0x4121dfb3) sra     t6, gp, s2
core   0: 3 0x800069dc (0x4121dfb3) x31 0x000006c1
core   0: 0x800069e0 (0x19f2f493) andi    s1, t0, 415
core   0: 3 0x800069e0 (0x19f2f493) x 9 0x00000004
core   0: 0x800069e4 (0x0067d933) srl     s2, a5, t1
core   0: 3 0x800069e4 (0x0067d933) x18 0x0e4db7cb
core   0: 0x800069e8 (0x0108b2b3) sltu    t0, a7, a6
core   0: 3 0x800069e8 (0x0108b2b3) x 5 0x00000001
core   0: 0x800069ec (0xfb552237) lui     tp, 0xfb552
core   0: 3 0x800069ec (0xfb552237) x 4 0xfb552000
core   0: 0x800069f0 (0xf8fa4193) xori    gp, s4, -113
core   0: 3 0x800069f0 (0xf8fa4193) x 3 0x1b247c5a
core   0: 0x800069f4 (0x60c56113) ori     sp, a0, 1548
core   0: 3 0x800069f4 (0x60c56113) x 2 0x80010e6c
core   0: 0x800069f8 (0x41e055b3) sra     a1, zero, t5
core   0: 3 0x800069f8 (0x41e055b3) x11 0x00000000
core   0: 0x800069fc (0x4140d0b3) sra     ra, ra, s4
core   0: 3 0x800069fc (0x4140d0b3) x 1 0x00000394
core   0: 0x80006a00 (0x40360d33) sub     s10, a2, gp
core   0: 3 0x80006a00 (0x40360d33) x26 0xe4db8061
core   0: 0x80006a04 (0x9dfb6193) ori     gp, s6, -1569
core   0: 3 0x80006a04 (0x9dfb6193) x 3 0xfffff9df
core   0: 0x80006a08 (0x00000013) nop
core   0: 3 0x80006a08 (0x00000013)
core   0: 0x80006a0c (0x0091de93) srli    t4, gp, 9
core   0: 3 0x80006a0c (0x0091de93) x29 0x007ffffc
core   0: 0x80006a10 (0x001b6b33) or      s6, s6, ra
core   0: 3 0x80006a10 (0x001b6b33) x22 0x00000394
core   0: 0x80006a14 (0x49904197) auipc   gp, 0x49904
core   0: 3 0x80006a14 (0x49904197) x 3 0xc990aa14
core   0: 0x80006a18 (0x4399f413) andi    s0, s3, 1081
core   0: 3 0x80006a18 (0x4399f413) x 8 0x00000000
core   0: 0x80006a1c (0x01c3e1b3) or      gp, t2, t3
core   0: 3 0x80006a1c (0x01c3e1b3) x 3 0x8000ffff
core   0: 0x80006a20 (0x5a407293) andi    t0, zero, 1444
core   0: 3 0x80006a20 (0x5a407293) x 5 0x00000000
core   0: 0x80006a24 (0x01df1833) sll     a6, t5, t4
core   0: 3 0x80006a24 (0x01df1833) x16 0x00000000
core   0: 0x80006a28 (0x87a77e93) andi    t4, a4, -1926
core   0: 3 0x80006a28 (0x87a77e93) x29 0x00000000
core   0: 0x80006a2c (0x01d31d13) slli    s10, t1, 29
core   0: 3 0x80006a2c (0x01d31d13) x26 0x80000000
core   0: 0x80006a30 (0x0056f9b3) and     s3, a3, t0
core   0: 3 0x80006a30 (0x0056f9b3) x19 0x00000000
core   0: 0x80006a34 (0x00e84933) xor     s2, a6, a4
core   0: 3 0x80006a34 (0x00e84933) x18 0x00000000
core   0: 0x80006a38 (0x0036de93) srli    t4, a3, 3
core   0: 3 0x80006a38 (0x0036de93) x29 0x1000228a
core   0: 0x80006a3c (0x40c40c33) sub     s8, s0, a2
core   0: 3 0x80006a3c (0x40c40c33) x24 0x00000345
core   0: 0x80006a40 (0x006d52b3) srl     t0, s10, t1
core   0: 3 0x80006a40 (0x006d52b3) x 5 0x08000000
core   0: 0x80006a44 (0x002a5213) srli    tp, s4, 2
core   0: 3 0x80006a44 (0x002a5213) x 4 0x3936e0f5
core   0: 0x80006a48 (0x0021d5b3) srl     a1, gp, sp
core   0: 3 0x80006a48 (0x0021d5b3) x11 0x0008000f
core   0: 0x80006a4c (0x416d87b3) sub     a5, s11, s6
core   0: 3 0x80006a4c (0x416d87b3) x15 0xfffffc6d
core   0: 0x80006a50 (0xa1a96713) ori     a4, s2, -1510
core   0: 3 0x80006a50 (0xa1a96713) x14 0xfffffa1a
core   0: 0x80006a54 (0x00000013) nop
core   0: 3 0x80006a54 (0x00000013)
core   0: 0x80006a58 (0x00e8b933) sltu    s2, a7, a4
core   0: 3 0x80006a58 (0x00e8b933) x18 0x00000001
core   0: 0x80006a5c (0x410802b3) sub     t0, a6, a6
core   0: 3 0x80006a5c (0x410802b3) x 5 0x00000000
core   0: 0x80006a60 (0xb86bbf93) sltiu   t6, s7, -1146
core   0: 3 0x80006a60 (0xb86bbf93) x31 0x00000001
core   0: 0x80006a64 (0x7b5b6a13) ori     s4, s6, 1973
core   0: 3 0x80006a64 (0x7b5b6a13) x20 0x000007b5
core   0: 0x80006a68 (0x01e044b3) xor     s1, zero, t5
core   0: 3 0x80006a68 (0x01e044b3) x 9 0x4db80000
core   0: 0x80006a6c (0x01a04133) xor     sp, zero, s10
core   0: 3 0x80006a6c (0x01a04133) x 2 0x80000000
core   0: 0x80006a70 (0xc363b413) sltiu   s0, t2, -970
core   0: 3 0x80006a70 (0xc363b413) x 8 0x00000001
core   0: 0x80006a74 (0x366ce913) ori     s2, s9, 870
core   0: 3 0x80006a74 (0x366ce913) x18 0x0a7ad366
core   0: 0x80006a78 (0x6efde093) ori     ra, s11, 1775
core   0: 3 0x80006a78 (0x6efde093) x 1 0x000006ef
core   0: 0x80006a7c (0x00000013) nop
core   0: 3 0x80006a7c (0x00000013)
core   0: 0x80006a80 (0x01965b13) srli    s6, a2, 25
core   0: 3 0x80006a80 (0x01965b13) x22 0x0000007f
core   0: 0x80006a84 (0x6bd22797) auipc   a5, 0x6bd22
core   0: 3 0x80006a84 (0x6bd22797) x15 0xebd28a84
core   0: 0x80006a88 (0xd261ca93) xori    s5, gp, -730
core   0: 3 0x80006a88 (0xd261ca93) x21 0x7fff02d9
core   0: 0x80006a8c (0x00190ab3) add     s5, s2, ra
core   0: 3 0x80006a8c (0x00190ab3) x21 0x0a7ada55
core   0: 0x80006a90 (0x01d49993) slli    s3, s1, 29
core   0: 3 0x80006a90 (0x01d49993) x19 0x00000000
core   0: 0x80006a94 (0x009ca5b3) slt     a1, s9, s1
core   0: 3 0x80006a94 (0x009ca5b3) x11 0x00000001
core   0: 0x80006a98 (0x019e9913) slli    s2, t4, 25
core   0: 3 0x80006a98 (0x019e9913) x18 0x14000000
core   0: 0x80006a9c (0x0018b0b3) sltu    ra, a7, ra
core   0: 3 0x80006a9c (0x0018b0b3) x 1 0x00000001
core   0: 0x80006aa0 (0x6290ab93) slti    s7, ra, 1577
core   0: 3 0x80006aa0 (0x6290ab93) x23 0x00000001
core   0: 0x80006aa4 (0x40b65ab3) sra     s5, a2, a1
core   0: 3 0x80006aa4 (0x40b65ab3) x21 0xfffffe5d
core   0: 0x80006aa8 (0x00387a33) and     s4, a6, gp
core   0: 3 0x80006aa8 (0x00387a33) x20 0x00000000
core   0: 0x80006aac (0x015d1bb3) sll     s7, s10, s5
core   0: 3 0x80006aac (0x015d1bb3) x23 0x00000000
core   0: 0x80006ab0 (0x6c0c5117) auipc   sp, 0x6c0c5
core   0: 3 0x80006ab0 (0x6c0c5117) x 2 0xec0cbab0
core   0: 0x80006ab4 (0x00f5b433) sltu    s0, a1, a5
core   0: 3 0x80006ab4 (0x00f5b433) x 8 0x00000001
core   0: 0x80006ab8 (0x200b4b13) xori    s6, s6, 512
core   0: 3 0x80006ab8 (0x200b4b13) x22 0x0000027f
core   0: 0x80006abc (0x006c9833) sll     a6, s9, t1
core   0: 3 0x80006abc (0x006c9833) x16 0xa7ad0000
core   0: 0x80006ac0 (0x40dd0633) sub     a2, s10, a3
core   0: 3 0x80006ac0 (0x40dd0633) x12 0xfffeebad
core   0: 0x80006ac4 (0x01375e33) srl     t3, a4, s3
core   0: 3 0x80006ac4 (0x01375e33) x28 0xfffffa1a
core   0: 0x80006ac8 (0xc9fef113) andi    sp, t4, -865
core   0: 3 0x80006ac8 (0xc9fef113) x 2 0x1000208a
core   0: 0x80006acc (0x74b94b93) xori    s7, s2, 1867
core   0: 3 0x80006acc (0x74b94b93) x23 0x1400074b
core   0: 0x80006ad0 (0xf139cd13) xori    s10, s3, -237
core   0: 3 0x80006ad0 (0xf139cd13) x26 0xffffff13
core   0: 0x80006ad4 (0xecbf7b93) andi    s7, t5, -309
core   0: 3 0x80006ad4 (0xecbf7b93) x23 0x4db80000
core   0: 0x80006ad8 (0x415681b3) sub     gp, a3, s5
core   0: 3 0x80006ad8 (0x415681b3) x 3 0x800115f6
core   0: 0x80006adc (0x410e5033) sra     zero, t3, a6
core   0: 3 0x80006adc (0x410e5033)
core   0: 0x80006ae0 (0x50864413) xori    s0, a2, 1288
core   0: 3 0x80006ae0 (0x50864413) x 8 0xfffeeea5
core   0: 0x80006ae4 (0x978f6113) ori     sp, t5, -1672
core   0: 3 0x80006ae4 (0x978f6113) x 2 0xfffff978
core   0: 0x80006ae8 (0x00722c33) slt     s8, tp, t2
core   0: 3 0x80006ae8 (0x00722c33) x24 0x00000000
core   0: 0x80006aec (0x0118c8b3) xor     a7, a7, a7
core   0: 3 0x80006aec (0x0118c8b3) x17 0x00000000
core   0: 0x80006af0 (0x41965033) sra     zero, a2, s9
core   0: 3 0x80006af0 (0x41965033)
core   0: 0x80006af4 (0xe598e813) ori     a6, a7, -423
core   0: 3 0x80006af4 (0xe598e813) x16 0xfffffe59
core   0: 0x80006af8 (0x9e872193) slti    gp, a4, -1560
core   0: 3 0x80006af8 (0x9e872193) x 3 0x00000000
core   0: 0x80006afc (0xca0a9ab7) lui     s5, 0xca0a9
core   0: 3 0x80006afc (0xca0a9ab7) x21 0xca0a9000
core   0: 0x80006b00 (0x0029dab3) srl     s5, s3, sp
core   0: 3 0x80006b00 (0x0029dab3) x21 0x00000000
core   0: 0x80006b04 (0x004cc033) xor     zero, s9, tp
core   0: 3 0x80006b04 (0x004cc033)
core   0: 0x80006b08 (0xcb03e713) ori     a4, t2, -848
core   0: 3 0x80006b08 (0xcb03e713) x14 0xfffffcb0
core   0: 0x80006b0c (0x01c294b3) sll     s1, t0, t3
core   0: 3 0x80006b0c (0x01c294b3) x 9 0x00000000
core   0: 0x80006b10 (0x5a1a7093) andi    ra, s4, 1441
core   0: 3 0x80006b10 (0x5a1a7093) x 1 0x00000000
core   0: 0x80006b14 (0x7af32f13) slti    t5, t1, 1967
core   0: 3 0x80006b14 (0x7af32f13) x30 0x00000001
core   0: 0x80006b18 (0xee5c0e13) addi    t3, s8, -283
core   0: 3 0x80006b18 (0xee5c0e13) x28 0xfffffee5
core   0: 0x80006b1c (0x40785593) srai    a1, a6, 7
core   0: 3 0x80006b1c (0x40785593) x11 0xfffffffc
core   0: 0x80006b20 (0x4a9d3137) lui     sp, 0x4a9d3
core   0: 3 0x80006b20 (0x4a9d3137) x 2 0x4a9d3000
core   0: 0x80006b24 (0x00000013) nop
core   0: 3 0x80006b24 (0x00000013)
core   0: 0x80006b28 (0x017bc433) xor     s0, s7, s7
core   0: 3 0x80006b28 (0x017bc433) x 8 0x00000000
core   0: 0x80006b2c (0x40ee5b33) sra     s6, t3, a4
core   0: 3 0x80006b2c (0x40ee5b33) x22 0xffffffff
core   0: 0x80006b30 (0x0081e6b3) or      a3, gp, s0
core   0: 3 0x80006b30 (0x0081e6b3) x13 0x00000000
core   0: 0x80006b34 (0x01931013) slli    zero, t1, 25
core   0: 3 0x80006b34 (0x01931013)
core   0: 0x80006b38 (0x04d5a213) slti    tp, a1, 77
core   0: 3 0x80006b38 (0x04d5a213) x 4 0x00000001
core   0: 0x80006b3c (0x019a98b3) sll     a7, s5, s9
core   0: 3 0x80006b3c (0x019a98b3) x17 0x00000000
core   0: 0x80006b40 (0x008438b3) sltu    a7, s0, s0
core   0: 3 0x80006b40 (0x008438b3) x17 0x00000000
core   0: 0x80006b44 (0x012dcc33) xor     s8, s11, s2
core   0: 3 0x80006b44 (0x012dcc33) x24 0x14000001
core   0: 0x80006b48 (0x00000013) nop
core   0: 3 0x80006b48 (0x00000013)
core   0: 0x80006b4c (0x00715db3) srl     s11, sp, t2
core   0: 3 0x80006b4c (0x00715db3) x27 0x4a9d3000
core   0: 0x80006b50 (0x00e297b3) sll     a5, t0, a4
core   0: 3 0x80006b50 (0x00e297b3) x15 0x00000000
core   0: 0x80006b54 (0x00e097b3) sll     a5, ra, a4
core   0: 3 0x80006b54 (0x00e097b3) x15 0x00000000
core   0: 0x80006b58 (0x408fd4b3) sra     s1, t6, s0
core   0: 3 0x80006b58 (0x408fd4b3) x 9 0x00000001
core   0: 0x80006b5c (0x919fa297) auipc   t0, 0x919fa
core   0: 3 0x80006b5c (0x919fa297) x 5 0x11a00b5c
core   0: 0x80006b60 (0x00eb77b3) and     a5, s6, a4
core   0: 3 0x80006b60 (0x00eb77b3) x15 0xfffffcb0
core   0: 0x80006b64 (0x297e12b7) lui     t0, 0x297e1
core   0: 3 0x80006b64 (0x297e12b7) x 5 0x297e1000
core   0: 0x80006b68 (0x01810db3) add     s11, sp, s8
core   0: 3 0x80006b68 (0x01810db3) x27 0x5e9d3001
core   0: 0x80006b6c (0xb7882893) slti    a7, a6, -1160
core   0: 3 0x80006b6c (0xb7882893) x17 0x00000000
core   0: 0x80006b70 (0x00dbf233) and     tp, s7, a3
core   0: 3 0x80006b70 (0x00dbf233) x 4 0x00000000
core   0: 0x80006b74 (0x01bd0fb3) add     t6, s10, s11
core   0: 3 0x80006b74 (0x01bd0fb3) x31 0x5e9d2f14
core   0: 0x80006b78 (0x00000013) nop
core   0: 3 0x80006b78 (0x00000013)
core   0: 0x80006b7c (0x01c6c0b3) xor     ra, a3, t3
core   0: 3 0x80006b7c (0x01c6c0b3) x 1 0xfffffee5
core   0: 0x80006b80 (0x01459013) slli    zero, a1, 20
core   0: 3 0x80006b80 (0x01459013)
core   0: 0x80006b84 (0x018bc733) xor     a4, s7, s8
core   0: 3 0x80006b84 (0x018bc733) x14 0x59b80001
core   0: 0x80006b88 (0x01a646b3) xor     a3, a2, s10
core   0: 3 0x80006b88 (0x01a646b3) x13 0x000114be
core   0: 0x80006b8c (0x0127ab33) slt     s6, a5, s2
core   0: 3 0x80006b8c (0x0127ab33) x22 0x00000001
core   0: 0x80006b90 (0x002a37b3) sltu    a5, s4, sp
core   0: 3 0x80006b90 (0x002a37b3) x15 0x00000001
core   0: 0x80006b94 (0x01b13233) sltu    tp, sp, s11
core   0: 3 0x80006b94 (0x01b13233) x 4 0x00000001
core   0: 0x80006b98 (0x00fc1433) sll     s0, s8, a5
core   0: 3 0x80006b98 (0x00fc1433) x 8 0x28000002
core   0: 0x80006b9c (0x4075da93) srai    s5, a1, 7
core   0: 3 0x80006b9c (0x4075da93) x21 0xffffffff
core   0: 0x80006ba0 (0x11a97db7) lui     s11, 0x11a97
core   0: 3 0x80006ba0 (0x11a97db7) x27 0x11a97000
core   0: 0x80006ba4 (0x409a5bb3) sra     s7, s4, s1
core   0: 3 0x80006ba4 (0x409a5bb3) x23 0x00000000
core   0: 0x80006ba8 (0xd010b413) sltiu   s0, ra, -767
core   0: 3 0x80006ba8 (0xd010b413) x 8 0x00000000
core   0: 0x80006bac (0x01f1eab3) or      s5, gp, t6
core   0: 3 0x80006bac (0x01f1eab3) x21 0x5e9d2f14
core   0: 0x80006bb0 (0x00000013) nop
core   0: 3 0x80006bb0 (0x00000013)
core   0: 0x80006bb4 (0x00000013) nop
core   0: 3 0x80006bb4 (0x00000013)
core   0: 0x80006bb8 (0x9096f9b7) lui     s3, 0x9096f
core   0: 3 0x80006bb8 (0x9096f9b7) x19 0x9096f000
core   0: 0x80006bbc (0x0ae9b093) sltiu   ra, s3, 174
core   0: 3 0x80006bbc (0x0ae9b093) x 1 0x00000000
core   0: 0x80006bc0 (0x00000013) nop
core   0: 3 0x80006bc0 (0x00000013)
core   0: 0x80006bc4 (0x30e2ba13) sltiu   s4, t0, 782
core   0: 3 0x80006bc4 (0x30e2ba13) x20 0x00000000
core   0: 0x80006bc8 (0xbd08f893) andi    a7, a7, -1072
core   0: 3 0x80006bc8 (0xbd08f893) x17 0x00000000
core   0: 0x80006bcc (0x01f81193) slli    gp, a6, 31
core   0: 3 0x80006bcc (0x01f81193) x 3 0x80000000
core   0: 0x80006bd0 (0x00db0d33) add     s10, s6, a3
core   0: 3 0x80006bd0 (0x00db0d33) x26 0x000114bf
core   0: 0x80006bd4 (0x01723133) sltu    sp, tp, s7
core   0: 3 0x80006bd4 (0x01723133) x 2 0x00000000
core   0: 0x80006bd8 (0x01e56cb3) or      s9, a0, t5
core   0: 3 0x80006bd8 (0x01e56cb3) x25 0x80010e65
core   0: 0x80006bdc (0x0c321f37) lui     t5, 0xc321
core   0: 3 0x80006bdc (0x0c321f37) x30 0x0c321000
core   0: 0x80006be0 (0xaf45f013) andi    zero, a1, -1292
core   0: 3 0x80006be0 (0xaf45f013)
core   0: 0x80006be4 (0x00426b33) or      s6, tp, tp
core   0: 3 0x80006be4 (0x00426b33) x22 0x00000001
core   0: 0x80006be8 (0x01dbcdb3) xor     s11, s7, t4
core   0: 3 0x80006be8 (0x01dbcdb3) x27 0x1000228a
core   0: 0x80006bec (0x91dea993) slti    s3, t4, -1763
core   0: 3 0x80006bec (0x91dea993) x19 0x00000000
core   0: 0x80006bf0 (0x00941a13) slli    s4, s0, 9
core   0: 3 0x80006bf0 (0x00941a13) x20 0x00000000
core   0: 0x80006bf4 (0x004c10b3) sll     ra, s8, tp
core   0: 3 0x80006bf4 (0x004c10b3) x 1 0x28000002
core   0: 0x80006bf8 (0x610097b7) lui     a5, 0x61009
core   0: 3 0x80006bf8 (0x610097b7) x15 0x61009000
core   0: 0x80006bfc (0x01d2d113) srli    sp, t0, 29
core   0: 3 0x80006bfc (0x01d2d113) x 2 0x00000001
core   0: 0x80006c00 (0x40ec57b3) sra     a5, s8, a4
core   0: 3 0x80006c00 (0x40ec57b3) x15 0x0a000000
core   0: 0x80006c04 (0x016dcc33) xor     s8, s11, s6
core   0: 3 0x80006c04 (0x016dcc33) x24 0x1000228b
core   0: 0x80006c08 (0x41eedf13) srai    t5, t4, 30
core   0: 3 0x80006c08 (0x41eedf13) x30 0x00000000
core   0: 0x80006c0c (0x00e6b733) sltu    a4, a3, a4
core   0: 3 0x80006c0c (0x00e6b733) x14 0x00000001
core   0: 0x80006c10 (0x41265293) srai    t0, a2, 18
core   0: 3 0x80006c10 (0x41265293) x 5 0xffffffff
core   0: 0x80006c14 (0x002ad693) srli    a3, s5, 2
core   0: 3 0x80006c14 (0x002ad693) x13 0x17a74bc5
core   0: 0x80006c18 (0x4039dc33) sra     s8, s3, gp
core   0: 3 0x80006c18 (0x4039dc33) x24 0x00000000
core   0: 0x80006c1c (0x000bef33) or      t5, s7, zero
core   0: 3 0x80006c1c (0x000bef33) x30 0x00000000
core   0: 0x80006c20 (0x41a05833) sra     a6, zero, s10
core   0: 3 0x80006c20 (0x41a05833) x16 0x00000000
core   0: 0x80006c24 (0x014aff33) and     t5, s5, s4
core   0: 3 0x80006c24 (0x014aff33) x30 0x00000000
core   0: 0x80006c28 (0x6defaa17) auipc   s4, 0x6defa
core   0: 3 0x80006c28 (0x6defaa17) x20 0xedf00c28
core   0: 0x80006c2c (0x0155b933) sltu    s2, a1, s5
core   0: 3 0x80006c2c (0x0155b933) x18 0x00000000
core   0: 0x80006c30 (0xbc667c13) andi    s8, a2, -1082
core   0: 3 0x80006c30 (0xbc667c13) x24 0xfffeeb84
core   0: 0x80006c34 (0x74998193) addi    gp, s3, 1865
core   0: 3 0x80006c34 (0x74998193) x 3 0x00000749
core   0: 0x80006c38 (0x013dda33) srl     s4, s11, s3
core   0: 3 0x80006c38 (0x013dda33) x20 0x1000228a
core   0: 0x80006c3c (0x01a4d133) srl     sp, s1, s10
core   0: 3 0x80006c3c (0x01a4d133) x 2 0x00000000
core   0: 0x80006c40 (0x01ba5033) srl     zero, s4, s11
core   0: 3 0x80006c40 (0x01ba5033)
core   0: 0x80006c44 (0x0076e4b3) or      s1, a3, t2
core   0: 3 0x80006c44 (0x0076e4b3) x 9 0x97a74bc5
core   0: 0x80006c48 (0x01b615b3) sll     a1, a2, s11
core   0: 3 0x80006c48 (0x01b615b3) x11 0xfbaeb400
core   0: 0x80006c4c (0xe88c0113) addi    sp, s8, -376
core   0: 3 0x80006c4c (0xe88c0113) x 2 0xfffeea0c
core   0: 0x80006c50 (0x00791db3) sll     s11, s2, t2
core   0: 3 0x80006c50 (0x00791db3) x27 0x00000000
core   0: 0x80006c54 (0x0054b2b3) sltu    t0, s1, t0
core   0: 3 0x80006c54 (0x0054b2b3) x 5 0x00000001
core   0: 0x80006c58 (0x004c61b3) or      gp, s8, tp
core   0: 3 0x80006c58 (0x004c61b3) x 3 0xfffeeb85
core   0: 0x80006c5c (0x21477913) andi    s2, a4, 532
core   0: 3 0x80006c5c (0x21477913) x18 0x00000000
core   0: 0x80006c60 (0x9b313a17) auipc   s4, 0x9b313
core   0: 3 0x80006c60 (0x9b313a17) x20 0x1b319c60
core   0: 0x80006c64 (0x01d85093) srli    ra, a6, 29
core   0: 3 0x80006c64 (0x01d85093) x 1 0x00000000
core   0: 0x80006c68 (0x01473233) sltu    tp, a4, s4
core   0: 3 0x80006c68 (0x01473233) x 4 0x00000001
core   0: 0x80006c6c (0x7c508993) addi    s3, ra, 1989
core   0: 3 0x80006c6c (0x7c508993) x19 0x000007c5
core   0: 0x80006c70 (0x000b6b33) or      s6, s6, zero
core   0: 3 0x80006c70 (0x000b6b33) x22 0x00000001
core   0: 0x80006c74 (0x0105db13) srli    s6, a1, 16
core   0: 3 0x80006c74 (0x0105db13) x22 0x0000fbae
core   0: 0x80006c78 (0x2af26d13) ori     s10, tp, 687
core   0: 3 0x80006c78 (0x2af26d13) x26 0x000002af
core   0: 0x80006c7c (0x01611233) sll     tp, sp, s6
core   0: 3 0x80006c7c (0x01611233) x 4 0xba830000
core   0: 0x80006c80 (0x01289e13) slli    t3, a7, 18
core   0: 3 0x80006c80 (0x01289e13) x28 0x00000000
core   0: 0x80006c84 (0x80f3c593) xori    a1, t2, -2033
core   0: 3 0x80006c84 (0x80f3c593) x11 0x7ffff80f
core   0: 0x80006c88 (0x0084d9b3) srl     s3, s1, s0
core   0: 3 0x80006c88 (0x0084d9b3) x19 0x97a74bc5
core   0: 0x80006c8c (0x41e45cb3) sra     s9, s0, t5
core   0: 3 0x80006c8c (0x41e45cb3) x25 0x00000000
core   0: 0x80006c90 (0x00b89d93) slli    s11, a7, 11
core   0: 3 0x80006c90 (0x00b89d93) x27 0x00000000
core   0: 0x80006c94 (0x007705b3) add     a1, a4, t2
core   0: 3 0x80006c94 (0x007705b3) x11 0x80000001
core   0: 0x80006c98 (0x008bbfb3) sltu    t6, s7, s0
core   0: 3 0x80006c98 (0x008bbfb3) x31 0x00000000
core   0: 0x80006c9c (0x0195c833) xor     a6, a1, s9
core   0: 3 0x80006c9c (0x0195c833) x16 0x80000001
core   0: 0x80006ca0 (0x50336f93) ori     t6, t1, 1283
core   0: 3 0x80006ca0 (0x50336f93) x31 0x80014de7
core   0: 0x80006ca4 (0x41ec07b3) sub     a5, s8, t5
core   0: 3 0x80006ca4 (0x41ec07b3) x15 0xfffeeb84
core   0: 0x80006ca8 (0x01abff33) and     t5, s7, s10
core   0: 3 0x80006ca8 (0x01abff33) x30 0x00000000
core   0: 0x80006cac (0x9061f813) andi    a6, gp, -1786
core   0: 3 0x80006cac (0x9061f813) x16 0xfffee904
core   0: 0x80006cb0 (0xbe2fb9b7) lui     s3, 0xbe2fb
core   0: 3 0x80006cb0 (0xbe2fb9b7) x19 0xbe2fb000
core   0: 0x80006cb4 (0x0014ee33) or      t3, s1, ra
core   0: 3 0x80006cb4 (0x0014ee33) x28 0x97a74bc5
core   0: 0x80006cb8 (0xc17dab93) slti    s7, s11, -1001
core   0: 3 0x80006cb8 (0xc17dab93) x23 0x00000000
core   0: 0x80006cbc (0x016c5033) srl     zero, s8, s6
core   0: 3 0x80006cbc (0x016c5033)
core   0: 0x80006cc0 (0x0044fe33) and     t3, s1, tp
core   0: 3 0x80006cc0 (0x0044fe33) x28 0x92830000
core   0: 0x80006cc4 (0xd3096913) ori     s2, s2, -720
core   0: 3 0x80006cc4 (0xd3096913) x18 0xfffffd30
core   0: 0x80006cc8 (0x00bf1d33) sll     s10, t5, a1
core   0: 3 0x80006cc8 (0x00bf1d33) x26 0x00000000
core   0: 0x80006ccc (0x00465433) srl     s0, a2, tp
core   0: 3 0x80006ccc (0x00465433) x 8 0xfffeebad
core   0: 0x80006cd0 (0x00c62c33) slt     s8, a2, a2
core   0: 3 0x80006cd0 (0x00c62c33) x24 0x00000000
core   0: 0x80006cd4 (0xe6a8ee93) ori     t4, a7, -406
core   0: 3 0x80006cd4 (0xe6a8ee93) x29 0xfffffe6a
core   0: 0x80006cd8 (0x2d35c193) xori    gp, a1, 723
core   0: 3 0x80006cd8 (0x2d35c193) x 3 0x800002d2
core   0: 0x80006cdc (0xca4b7213) andi    tp, s6, -860
core   0: 3 0x80006cdc (0xca4b7213) x 4 0x0000f8a4
core   0: 0x80006ce0 (0x00afb6b3) sltu    a3, t6, a0
core   0: 3 0x80006ce0 (0x00afb6b3) x13 0x00000000
core   0: 0x80006ce4 (0xc3a7ae37) lui     t3, 0xc3a7a
core   0: 3 0x80006ce4 (0xc3a7ae37) x28 0xc3a7a000
core   0: 0x80006ce8 (0x017b35b3) sltu    a1, s6, s7
core   0: 3 0x80006ce8 (0x017b35b3) x11 0x00000000
core   0: 0x80006cec (0x01a38133) add     sp, t2, s10
core   0: 3 0x80006cec (0x01a38133) x 2 0x80000000
core   0: 0x80006cf0 (0x41e55913) srai    s2, a0, 30
core   0: 3 0x80006cf0 (0x41e55913) x18 0xfffffffe
core   0: 0x80006cf4 (0x9a26e593) ori     a1, a3, -1630
core   0: 3 0x80006cf4 (0x9a26e593) x11 0xfffff9a2
core   0: 0x80006cf8 (0x01debe33) sltu    t3, t4, t4
core   0: 3 0x80006cf8 (0x01debe33) x28 0x00000000
core   0: 0x80006cfc (0x00ea5413) srli    s0, s4, 14
core   0: 3 0x80006cfc (0x00ea5413) x 8 0x00006cc6
core   0: 0x80006d00 (0x00805e33) srl     t3, zero, s0
core   0: 3 0x80006d00 (0x00805e33) x28 0x00000000
core   0: 0x80006d04 (0x0096cdb3) xor     s11, a3, s1
core   0: 3 0x80006d04 (0x0096cdb3) x27 0x97a74bc5
core   0: 0x80006d08 (0x409b0cb3) sub     s9, s6, s1
core   0: 3 0x80006d08 (0x409b0cb3) x25 0x6859afe9
core   0: 0x80006d0c (0x41995113) srai    sp, s2, 25
core   0: 3 0x80006d0c (0x41995113) x 2 0xffffffff
core   0: 0x80006d10 (0x01280233) add     tp, a6, s2
core   0: 3 0x80006d10 (0x01280233) x 4 0xfffee902
core   0: 0x80006d14 (0x0013db33) srl     s6, t2, ra
core   0: 3 0x80006d14 (0x0013db33) x22 0x80000000
core   0: 0x80006d18 (0x015bd113) srli    sp, s7, 21
core   0: 3 0x80006d18 (0x015bd113) x 2 0x00000000
core   0: 0x80006d1c (0x00520733) add     a4, tp, t0
core   0: 3 0x80006d1c (0x00520733) x14 0xfffee903
core   0: 0x80006d20 (0x7f72a113) slti    sp, t0, 2039
core   0: 3 0x80006d20 (0x7f72a113) x 2 0x00000001
core   0: 0x80006d24 (0xd3ec4993) xori    s3, s8, -706
core   0: 3 0x80006d24 (0xd3ec4993) x19 0xfffffd3e
core   0: 0x80006d28 (0x01c6c4b3) xor     s1, a3, t3
core   0: 3 0x80006d28 (0x01c6c4b3) x 9 0x00000000
core   0: 0x80006d2c (0x00ab8c33) add     s8, s7, a0
core   0: 3 0x80006d2c (0x00ab8c33) x24 0x80010e64
core   0: 0x80006d30 (0x01b02db3) slt     s11, zero, s11
core   0: 3 0x80006d30 (0x01b02db3) x27 0x00000000
core   0: 0x80006d34 (0x007c9113) slli    sp, s9, 7
core   0: 3 0x80006d34 (0x007c9113) x 2 0x2cd7f480
core   0: 0x80006d38 (0x4188dbb3) sra     s7, a7, s8
core   0: 3 0x80006d38 (0x4188dbb3) x23 0x00000000
core   0: 0x80006d3c (0x419a08b3) sub     a7, s4, s9
core   0: 3 0x80006d3c (0x419a08b3) x17 0xb2d7ec77
core   0: 0x80006d40 (0x5cd1eb93) ori     s7, gp, 1485
core   0: 3 0x80006d40 (0x5cd1eb93) x23 0x800007df
core   0: 0x80006d44 (0xdd9ae7b7) lui     a5, 0xdd9ae
core   0: 3 0x80006d44 (0xdd9ae7b7) x15 0xdd9ae000
core   0: 0x80006d48 (0x012b92b3) sll     t0, s7, s2
core   0: 3 0x80006d48 (0x012b92b3) x 5 0xc0000000
core   0: 0x80006d4c (0x001339b3) sltu    s3, t1, ra
core   0: 3 0x80006d4c (0x001339b3) x19 0x00000000
core   0: 0x80006d50 (0x00b55793) srli    a5, a0, 11
core   0: 3 0x80006d50 (0x00b55793) x15 0x00100021
core   0: 0x80006d54 (0x403fd713) srai    a4, t6, 3
core   0: 3 0x80006d54 (0x403fd713) x14 0xf00029bc
core   0: 0x80006d58 (0x15cfb713) sltiu   a4, t6, 348
core   0: 3 0x80006d58 (0x15cfb713) x14 0x00000000
core   0: 0x80006d5c (0x00000013) nop
core   0: 3 0x80006d5c (0x00000013)
core   0: 0x80006d60 (0x3854a193) slti    gp, s1, 901
core   0: 3 0x80006d60 (0x3854a193) x 3 0x00000001
core   0: 0x80006d64 (0x00bc80b3) add     ra, s9, a1
core   0: 3 0x80006d64 (0x00bc80b3) x 1 0x6859a98b
core   0: 0x80006d68 (0x52036737) lui     a4, 0x52036
core   0: 3 0x80006d68 (0x52036737) x14 0x52036000
core   0: 0x80006d6c (0x01a5a6b3) slt     a3, a1, s10
core   0: 3 0x80006d6c (0x01a5a6b3) x13 0x00000001
core   0: 0x80006d70 (0x401f8433) sub     s0, t6, ra
core   0: 3 0x80006d70 (0x401f8433) x 8 0x17a7a45c
core   0: 0x80006d74 (0x00000013) nop
core   0: 3 0x80006d74 (0x00000013)
core   0: 0x80006d78 (0x0041e133) or      sp, gp, tp
core   0: 3 0x80006d78 (0x0041e133) x 2 0xfffee903
core   0: 0x80006d7c (0x41b8da33) sra     s4, a7, s11
core   0: 3 0x80006d7c (0x41b8da33) x20 0xb2d7ec77
core   0: 0x80006d80 (0x41f55613) srai    a2, a0, 31
core   0: 3 0x80006d80 (0x41f55613) x12 0xffffffff
core   0: 0x80006d84 (0x00ab2b33) slt     s6, s6, a0
core   0: 3 0x80006d84 (0x00ab2b33) x22 0x00000001
core   0: 0x80006d88 (0x001b65b3) or      a1, s6, ra
core   0: 3 0x80006d88 (0x001b65b3) x11 0x6859a98b
core   0: 0x80006d8c (0x0072c933) xor     s2, t0, t2
core   0: 3 0x80006d8c (0x0072c933) x18 0x40000000
core   0: 0x80006d90 (0x18a1b793) sltiu   a5, gp, 394
core   0: 3 0x80006d90 (0x18a1b793) x15 0x00000001
core   0: 0x80006d94 (0xebe75b37) lui     s6, 0xebe75
core   0: 3 0x80006d94 (0xebe75b37) x22 0xebe75000
core   0: 0x80006d98 (0xc2956c93) ori     s9, a0, -983
core   0: 3 0x80006d98 (0xc2956c93) x25 0xfffffe6d
core   0: 0x80006d9c (0xc8cebd37) lui     s10, 0xc8ceb
core   0: 3 0x80006d9c (0xc8cebd37) x26 0xc8ceb000
core   0: 0x80006da0 (0x00d506b3) add     a3, a0, a3
core   0: 3 0x80006da0 (0x00d506b3) x13 0x80010e65
core   0: 0x80006da4 (0x8e510693) addi    a3, sp, -1819
core   0: 3 0x80006da4 (0x8e510693) x13 0xfffee1e8
core   0: 0x80006da8 (0x002e1bb3) sll     s7, t3, sp
core   0: 3 0x80006da8 (0x002e1bb3) x23 0x00000000
core   0: 0x80006dac (0x01ec1993) slli    s3, s8, 30
core   0: 3 0x80006dac (0x01ec1993) x19 0x00000000
core   0: 0x80006db0 (0x6c81a717) auipc   a4, 0x6c81a
core   0: 3 0x80006db0 (0x6c81a717) x14 0xec820db0
core   0: 0x80006db4 (0x001dc2b3) xor     t0, s11, ra
core   0: 3 0x80006db4 (0x001dc2b3) x 5 0x6859a98b
core   0: 0x80006db8 (0x83444b13) xori    s6, s0, -1996
core   0: 3 0x80006db8 (0x83444b13) x22 0xe8585c68
core   0: 0x80006dbc (0xc0a43b93) sltiu   s7, s0, -1014
core   0: 3 0x80006dbc (0xc0a43b93) x23 0x00000001
core   0: 0x80006dc0 (0x413c8d33) sub     s10, s9, s3
core   0: 3 0x80006dc0 (0x413c8d33) x26 0xfffffe6d
core   0: 0x80006dc4 (0x01979a33) sll     s4, a5, s9
core   0: 3 0x80006dc4 (0x01979a33) x20 0x00002000
core   0: 0x80006dc8 (0xe548f213) andi    tp, a7, -428
core   0: 3 0x80006dc8 (0xe548f213) x 4 0xb2d7ec54
core   0: 0x80006dcc (0x33673413) sltiu   s0, a4, 822
core   0: 3 0x80006dcc (0x33673413) x 8 0x00000000
core   0: 0x80006dd0 (0xb515ab93) slti    s7, a1, -1199
core   0: 3 0x80006dd0 (0xb515ab93) x23 0x00000000
core   0: 0x80006dd4 (0x00000013) nop
core   0: 3 0x80006dd4 (0x00000013)
core   0: 0x80006dd8 (0x95a82c93) slti    s9, a6, -1702
core   0: 3 0x80006dd8 (0x95a82c93) x25 0x00000001
core   0: 0x80006ddc (0x478698b7) lui     a7, 0x47869
core   0: 3 0x80006ddc (0x478698b7) x17 0x47869000
core   0: 0x80006de0 (0x418f56b3) sra     a3, t5, s8
core   0: 3 0x80006de0 (0x418f56b3) x13 0x00000000
core   0: 0x80006de4 (0x00000013) nop
core   0: 3 0x80006de4 (0x00000013)
core   0: 0x80006de8 (0x0044d413) srli    s0, s1, 4
core   0: 3 0x80006de8 (0x0044d413) x 8 0x00000000
core   0: 0x80006dec (0x01f31d13) slli    s10, t1, 31
core   0: 3 0x80006dec (0x01f31d13) x26 0x00000000
core   0: 0x80006df0 (0x403c8bb3) sub     s7, s9, gp
core   0: 3 0x80006df0 (0x403c8bb3) x23 0x00000000
core   0: 0x80006df4 (0xfcec2293) slti    t0, s8, -50
core   0: 3 0x80006df4 (0xfcec2293) x 5 0x00000001
core   0: 0x80006df8 (0x41f4d813) srai    a6, s1, 31
core   0: 3 0x80006df8 (0x41f4d813) x16 0x00000000
core   0: 0x80006dfc (0x00000013) nop
core   0: 3 0x80006dfc (0x00000013)
core   0: 0x80006e00 (0x00000013) nop
core   0: 3 0x80006e00 (0x00000013)
core   0: 0x80006e04 (0x00000013) nop
core   0: 3 0x80006e04 (0x00000013)
core   0: 0x80006e08 (0xc483b493) sltiu   s1, t2, -952
core   0: 3 0x80006e08 (0xc483b493) x 9 0x00000001
core   0: 0x80006e0c (0x20697a13) andi    s4, s2, 518
core   0: 3 0x80006e0c (0x20697a13) x20 0x00000000
core   0: 0x80006e10 (0x6fa2f893) andi    a7, t0, 1786
core   0: 3 0x80006e10 (0x6fa2f893) x17 0x00000000
core   0: 0x80006e14 (0x7fba1f37) lui     t5, 0x7fba1
core   0: 3 0x80006e14 (0x7fba1f37) x30 0x7fba1000
core   0: 0x80006e18 (0x40d5d233) sra     tp, a1, a3
core   0: 3 0x80006e18 (0x40d5d233) x 4 0x6859a98b
core   0: 0x80006e1c (0xc6ab4813) xori    a6, s6, -918
core   0: 3 0x80006e1c (0xc6ab4813) x16 0x17a7a002
core   0: 0x80006e20 (0x00e72cb3) slt     s9, a4, a4
core   0: 3 0x80006e20 (0x00e72cb3) x25 0x00000000
core   0: 0x80006e24 (0x015f18b3) sll     a7, t5, s5
core   0: 3 0x80006e24 (0x015f18b3) x17 0x00000000
core   0: 0x80006e28 (0x00c2aeb3) slt     t4, t0, a2
core   0: 3 0x80006e28 (0x00c2aeb3) x29 0x00000000
core   0: 0x80006e2c (0x407c08b3) sub     a7, s8, t2
core   0: 3 0x80006e2c (0x407c08b3) x17 0x00010e64
core   0: 0x80006e30 (0x00314d33) xor     s10, sp, gp
core   0: 3 0x80006e30 (0x00314d33) x26 0xfffee902
core   0: 0x80006e34 (0x01ca6133) or      sp, s4, t3
core   0: 3 0x80006e34 (0x01ca6133) x 2 0x00000000
core   0: 0x80006e38 (0x01a072b3) and     t0, zero, s10
core   0: 3 0x80006e38 (0x01a072b3) x 5 0x00000000
core   0: 0x80006e3c (0x1025f613) andi    a2, a1, 258
core   0: 3 0x80006e3c (0x1025f613) x12 0x00000102
core   0: 0x80006e40 (0x001bfeb3) and     t4, s7, ra
core   0: 3 0x80006e40 (0x001bfeb3) x29 0x00000000
core   0: 0x80006e44 (0x0196dc93) srli    s9, a3, 25
core   0: 3 0x80006e44 (0x0196dc93) x25 0x00000000
core   0: 0x80006e48 (0x1d2d8c13) addi    s8, s11, 466
core   0: 3 0x80006e48 (0x1d2d8c13) x24 0x000001d2
core   0: 0x80006e4c (0x3067f793) andi    a5, a5, 774
core   0: 3 0x80006e4c (0x3067f793) x15 0x00000000
core   0: 0x80006e50 (0x00895db3) srl     s11, s2, s0
core   0: 3 0x80006e50 (0x00895db3) x27 0x40000000
core   0: 0x80006e54 (0x41368733) sub     a4, a3, s3
core   0: 3 0x80006e54 (0x41368733) x14 0x00000000
core   0: 0x80006e58 (0x7cb72f13) slti    t5, a4, 1995
core   0: 3 0x80006e58 (0x7cb72f13) x30 0x00000001
core   0: 0x80006e5c (0x7593bc13) sltiu   s8, t2, 1881
core   0: 3 0x80006e5c (0x7593bc13) x24 0x00000000
core   0: 0x80006e60 (0x00000013) nop
core   0: 3 0x80006e60 (0x00000013)
core   0: 0x80006e64 (0x95806e93) ori     t4, zero, -1704
core   0: 3 0x80006e64 (0x95806e93) x29 0xfffff958
core   0: 0x80006e68 (0x40e05193) srai    gp, zero, 14
core   0: 3 0x80006e68 (0x40e05193) x 3 0x00000000
core   0: 0x80006e6c (0x61262a93) slti    s5, a2, 1554
core   0: 3 0x80006e6c (0x61262a93) x21 0x00000001
core   0: 0x80006e70 (0x01afdd33) srl     s10, t6, s10
core   0: 3 0x80006e70 (0x01afdd33) x26 0x20005379
core   0: 0x80006e74 (0x0008c4b3) xor     s1, a7, zero
core   0: 3 0x80006e74 (0x0008c4b3) x 9 0x00010e64
core   0: 0x80006e78 (0xc957dc37) lui     s8, 0xc957d
core   0: 3 0x80006e78 (0xc957dc37) x24 0xc957d000
core   0: 0x80006e7c (0x4114dc93) srai    s9, s1, 17
core   0: 3 0x80006e7c (0x4114dc93) x25 0x00000000
core   0: 0x80006e80 (0x0153b7b3) sltu    a5, t2, s5
core   0: 3 0x80006e80 (0x0153b7b3) x15 0x00000000
core   0: 0x80006e84 (0x55228113) addi    sp, t0, 1362
core   0: 3 0x80006e84 (0x55228113) x 2 0x00000552
core   0: 0x80006e88 (0x01e23133) sltu    sp, tp, t5
core   0: 3 0x80006e88 (0x01e23133) x 2 0x00000000
core   0: 0x80006e8c (0xfa150293) addi    t0, a0, -95
core   0: 3 0x80006e8c (0xfa150293) x 5 0x80010e05
core   0: 0x80006e90 (0x0157bab3) sltu    s5, a5, s5
core   0: 3 0x80006e90 (0x0157bab3) x21 0x00000001
core   0: 0x80006e94 (0x012d8433) add     s0, s11, s2
core   0: 3 0x80006e94 (0x012d8433) x 8 0x80000000
core   0: 0x80006e98 (0x0195a633) slt     a2, a1, s9
core   0: 3 0x80006e98 (0x0195a633) x12 0x00000000
core   0: 0x80006e9c (0x410fd833) sra     a6, t6, a6
core   0: 3 0x80006e9c (0x410fd833) x16 0xe0005379
core   0: 0x80006ea0 (0x01a69693) slli    a3, a3, 26
core   0: 3 0x80006ea0 (0x01a69693) x13 0x00000000
core   0: 0x80006ea4 (0x00b211b3) sll     gp, tp, a1
core   0: 3 0x80006ea4 (0x00b211b3) x 3 0xcd4c5800
core   0: 0x80006ea8 (0x016e0bb3) add     s7, t3, s6
core   0: 3 0x80006ea8 (0x016e0bb3) x23 0xe8585c68
core   0: 0x80006eac (0x007a4b33) xor     s6, s4, t2
core   0: 3 0x80006eac (0x007a4b33) x22 0x80000000
core   0: 0x80006eb0 (0xda5127b7) lui     a5, 0xda512
core   0: 3 0x80006eb0 (0xda5127b7) x15 0xda512000
core   0: 0x80006eb4 (0x00f61eb3) sll     t4, a2, a5
core   0: 3 0x80006eb4 (0x00f61eb3) x29 0x00000000
core   0: 0x80006eb8 (0x01d76633) or      a2, a4, t4
core   0: 3 0x80006eb8 (0x01d76633) x12 0x00000000
core   0: 0x80006ebc (0x40d78933) sub     s2, a5, a3
core   0: 3 0x80006ebc (0x40d78933) x18 0xda512000
core   0: 0x80006ec0 (0x00000013) nop
core   0: 3 0x80006ec0 (0x00000013)
core   0: 0x80006ec4 (0x71720a37) lui     s4, 0x71720
core   0: 3 0x80006ec4 (0x71720a37) x20 0x71720000
core   0: 0x80006ec8 (0x7824be17) auipc   t3, 0x7824b
core   0: 3 0x80006ec8 (0x7824be17) x28 0xf8251ec8
core   0: 0x80006ecc (0x10c7fe13) andi    t3, a5, 268
core   0: 3 0x80006ecc (0x10c7fe13) x28 0x00000000
core   0: 0x80006ed0 (0xac8ca013) slti    zero, s9, -1336
core   0: 3 0x80006ed0 (0xac8ca013)
core   0: 0x80006ed4 (0x41638433) sub     s0, t2, s6
core   0: 3 0x80006ed4 (0x41638433) x 8 0x00000000
core   0: 0x80006ed8 (0x019c38b3) sltu    a7, s8, s9
core   0: 3 0x80006ed8 (0x019c38b3) x17 0x00000000
core   0: 0x80006edc (0x00c09413) slli    s0, ra, 12
core   0: 3 0x80006edc (0x00c09413) x 8 0x9a98b000
core   0: 0x80006ee0 (0x00aed813) srli    a6, t4, 10
core   0: 3 0x80006ee0 (0x00aed813) x16 0x00000000
core   0: 0x80006ee4 (0xc309fb13) andi    s6, s3, -976
core   0: 3 0x80006ee4 (0xc309fb13) x22 0x00000000
core   0: 0x80006ee8 (0x01659713) slli    a4, a1, 22
core   0: 3 0x80006ee8 (0x01659713) x14 0x62c00000
core   0: 0x80006eec (0x8d42a193) slti    gp, t0, -1836
core   0: 3 0x80006eec (0x8d42a193) x 3 0x00000001
core   0: 0x80006ef0 (0x86a02b93) slti    s7, zero, -1942
core   0: 3 0x80006ef0 (0x86a02b93) x23 0x00000000
core   0: 0x80006ef4 (0x48476013) ori     zero, a4, 1156
core   0: 3 0x80006ef4 (0x48476013)
core   0: 0x80006ef8 (0x41648733) sub     a4, s1, s6
core   0: 3 0x80006ef8 (0x41648733) x14 0x00010e64
core   0: 0x80006efc (0x40838d33) sub     s10, t2, s0
core   0: 3 0x80006efc (0x40838d33) x26 0xe5675000
core   0: 0x80006f00 (0x7ffc8237) lui     tp, 0x7ffc8
core   0: 3 0x80006f00 (0x7ffc8237) x 4 0x7ffc8000
core   0: 0x80006f04 (0x01157233) and     tp, a0, a7
core   0: 3 0x80006f04 (0x01157233) x 4 0x00000000
core   0: 0x80006f08 (0x4098dbb3) sra     s7, a7, s1
core   0: 3 0x80006f08 (0x4098dbb3) x23 0x00000000
core   0: 0x80006f0c (0x0188e033) or      zero, a7, s8
core   0: 3 0x80006f0c (0x0188e033)
core   0: 0x80006f10 (0xabd2e213) ori     tp, t0, -1347
core   0: 3 0x80006f10 (0xabd2e213) x 4 0xfffffebd
core   0: 0x80006f14 (0xd982bb13) sltiu   s6, t0, -616
core   0: 3 0x80006f14 (0xd982bb13) x22 0x00000001
core   0: 0x80006f18 (0x00839693) slli    a3, t2, 8
core   0: 3 0x80006f18 (0x00839693) x13 0x00000000
core   0: 0x80006f1c (0x186ba817) auipc   a6, 0x186ba
core   0: 3 0x80006f1c (0x186ba817) x16 0x986c0f1c
core   0: 0x80006f20 (0x54fb7917) auipc   s2, 0x54fb7
core   0: 3 0x80006f20 (0x54fb7917) x18 0xd4fbdf20
core   0: 0x80006f24 (0x5fcd6193) ori     gp, s10, 1532
core   0: 3 0x80006f24 (0x5fcd6193) x 3 0xe56755fc
core   0: 0x80006f28 (0x002aeab3) or      s5, s5, sp
core   0: 3 0x80006f28 (0x002aeab3) x21 0x00000001
core   0: 0x80006f2c (0x2fefa113) slti    sp, t6, 766
core   0: 3 0x80006f2c (0x2fefa113) x 2 0x00000001
core   0: 0x80006f30 (0xe53eb413) sltiu   s0, t4, -429
core   0: 3 0x80006f30 (0xe53eb413) x 8 0x00000001
core   0: 0x80006f34 (0xcbc11d37) lui     s10, 0xcbc11
core   0: 3 0x80006f34 (0xcbc11d37) x26 0xcbc11000
core   0: 0x80006f38 (0x00798e97) auipc   t4, 0x798
core   0: 3 0x80006f38 (0x00798e97) x29 0x8079ef38
core   0: 0x80006f3c (0x41f3dc33) sra     s8, t2, t6
core   0: 3 0x80006f3c (0x41f3dc33) x24 0xff000000
core   0: 0x80006f40 (0x41045c93) srai    s9, s0, 16
core   0: 3 0x80006f40 (0x41045c93) x25 0x00000000
core   0: 0x80006f44 (0xfe697a13) andi    s4, s2, -26
core   0: 3 0x80006f44 (0xfe697a13) x20 0xd4fbdf20
core   0: 0x80006f48 (0x2f7acf13) xori    t5, s5, 759
core   0: 3 0x80006f48 (0x2f7acf13) x30 0x000002f6
core   0: 0x80006f4c (0x00217ab3) and     s5, sp, sp
core   0: 3 0x80006f4c (0x00217ab3) x21 0x00000001
core   0: 0x80006f50 (0x002b8b33) add     s6, s7, sp
core   0: 3 0x80006f50 (0x002b8b33) x22 0x00000001
core   0: 0x80006f54 (0x00e0c4b3) xor     s1, ra, a4
core   0: 3 0x80006f54 (0x00e0c4b3) x 9 0x6858a7ef
core   0: 0x80006f58 (0x00000013) nop
core   0: 3 0x80006f58 (0x00000013)
core   0: 0x80006f5c (0x3eb48d13) addi    s10, s1, 1003
core   0: 3 0x80006f5c (0x3eb48d13) x26 0x6858abda
core   0: 0x80006f60 (0x913c8e37) lui     t3, 0x913c8
core   0: 3 0x80006f60 (0x913c8e37) x28 0x913c8000
core   0: 0x80006f64 (0x13da7f93) andi    t6, s4, 317
core   0: 3 0x80006f64 (0x13da7f93) x31 0x00000120
core   0: 0x80006f68 (0x01b22eb3) slt     t4, tp, s11
core   0: 3 0x80006f68 (0x01b22eb3) x29 0x00000001
core   0: 0x80006f6c (0x887acf17) auipc   t5, 0x887ac
core   0: 3 0x80006f6c (0x887acf17) x30 0x087b2f6c
core   0: 0x80006f70 (0x01409193) slli    gp, ra, 20
core   0: 3 0x80006f70 (0x01409193) x 3 0x98b00000
core   0: 0x80006f74 (0x01c9d6b3) srl     a3, s3, t3
core   0: 3 0x80006f74 (0x01c9d6b3) x13 0x00000000
core   0: 0x80006f78 (0xf877fa93) andi    s5, a5, -121
core   0: 3 0x80006f78 (0xf877fa93) x21 0xda512000
core   0: 0x80006f7c (0x54424713) xori    a4, tp, 1348
core   0: 3 0x80006f7c (0x54424713) x14 0xfffffbf9
core   0: 0x80006f80 (0x414edb13) srai    s6, t4, 20
core   0: 3 0x80006f80 (0x414edb13) x22 0x00000000
core   0: 0x80006f84 (0x41f80eb3) sub     t4, a6, t6
core   0: 3 0x80006f84 (0x41f80eb3) x29 0x986c0dfc
core   0: 0x80006f88 (0x016b9f33) sll     t5, s7, s6
core   0: 3 0x80006f88 (0x016b9f33) x30 0x00000000
core   0: 0x80006f8c (0x019a59b3) srl     s3, s4, s9
core   0: 3 0x80006f8c (0x019a59b3) x19 0xd4fbdf20
core   0: 0x80006f90 (0x00c38b33) add     s6, t2, a2
core   0: 3 0x80006f90 (0x00c38b33) x22 0x80000000
core   0: 0x80006f94 (0x015802b3) add     t0, a6, s5
core   0: 3 0x80006f94 (0x015802b3) x 5 0x72bd2f1c
core   0: 0x80006f98 (0x00488c33) add     s8, a7, tp
core   0: 3 0x80006f98 (0x00488c33) x24 0xfffffebd
core   0: 0x80006f9c (0xe9837593) andi    a1, t1, -360
core   0: 3 0x80006f9c (0xe9837593) x11 0x80014c80
core   0: 0x80006fa0 (0xdd0a4193) xori    gp, s4, -560
core   0: 3 0x80006fa0 (0xdd0a4193) x 3 0x2b0422f0
core   0: 0x80006fa4 (0x0138cab3) xor     s5, a7, s3
core   0: 3 0x80006fa4 (0x0138cab3) x21 0xd4fbdf20
core   0: 0x80006fa8 (0x2baf7413) andi    s0, t5, 698
core   0: 3 0x80006fa8 (0x2baf7413) x 8 0x00000000
core   0: 0x80006fac (0x014d50b3) srl     ra, s10, s4
core   0: 3 0x80006fac (0x014d50b3) x 1 0x6858abda
core   0: 0x80006fb0 (0x0cfc0913) addi    s2, s8, 207
core   0: 3 0x80006fb0 (0x0cfc0913) x18 0xffffff8c
core   0: 0x80006fb4 (0x13627413) andi    s0, tp, 310
core   0: 3 0x80006fb4 (0x13627413) x 8 0x00000034
core   0: 0x80006fb8 (0x4553e0b7) lui     ra, 0x4553e
core   0: 3 0x80006fb8 (0x4553e0b7) x 1 0x4553e000
core   0: 0x80006fbc (0x00e9d237) lui     tp, 0xe9d
core   0: 3 0x80006fbc (0x00e9d237) x 4 0x00e9d000
core   0: 0x80006fc0 (0x40556593) ori     a1, a0, 1029
core   0: 3 0x80006fc0 (0x40556593) x11 0x80010e65
core   0: 0x80006fc4 (0xf8f00b93) li      s7, -113
core   0: 3 0x80006fc4 (0xf8f00b93) x23 0xffffff8f
core   0: 0x80006fc8 (0x702c44b7) lui     s1, 0x702c4
core   0: 3 0x80006fc8 (0x702c44b7) x 9 0x702c4000
core   0: 0x80006fcc (0x00a8e133) or      sp, a7, a0
core   0: 3 0x80006fcc (0x00a8e133) x 2 0x80010e64
core   0: 0x80006fd0 (0x88ad79b7) lui     s3, 0x88ad7
core   0: 3 0x80006fd0 (0x88ad79b7) x19 0x88ad7000
core   0: 0x80006fd4 (0x00ad1f13) slli    t5, s10, 10
core   0: 3 0x80006fd4 (0x00ad1f13) x30 0x62af6800
core   0: 0x80006fd8 (0xe1ecc497) auipc   s1, 0xe1ecc
core   0: 3 0x80006fd8 (0xe1ecc497) x 9 0x61ed2fd8
core   0: 0x80006fdc (0x7b988213) addi    tp, a7, 1977
core   0: 3 0x80006fdc (0x7b988213) x 4 0x000007b9
core   0: 0x80006fe0 (0x0129c033) xor     zero, s3, s2
core   0: 3 0x80006fe0 (0x0129c033)
core   0: 0x80006fe4 (0x00000013) nop
core   0: 3 0x80006fe4 (0x00000013)
core   0: 0x80006fe8 (0x004242b3) xor     t0, tp, tp
core   0: 3 0x80006fe8 (0x004242b3) x 5 0x00000000
core   0: 0x80006fec (0x018ba1b3) slt     gp, s7, s8
core   0: 3 0x80006fec (0x018ba1b3) x 3 0x00000000
core   0: 0x80006ff0 (0x1adc7a93) andi    s5, s8, 429
core   0: 3 0x80006ff0 (0x1adc7a93) x21 0x000000ad
core   0: 0x80006ff4 (0x65f10113) addi    sp, sp, 1631
core   0: 3 0x80006ff4 (0x65f10113) x 2 0x800114c3
core   0: 0x80006ff8 (0x0101feb3) and     t4, gp, a6
core   0: 3 0x80006ff8 (0x0101feb3) x29 0x00000000
core   0: 0x80006ffc (0x9ac7e413) ori     s0, a5, -1620
core   0: 3 0x80006ffc (0x9ac7e413) x 8 0xfffff9ac
core   0: 0x80007000 (0xfe9e8993) addi    s3, t4, -23
core   0: 3 0x80007000 (0xfe9e8993) x19 0xffffffe9
core   0: 0x80007004 (0x0171f433) and     s0, gp, s7
core   0: 3 0x80007004 (0x0171f433) x 8 0x00000000
core   0: 0x80007008 (0x851c86b7) lui     a3, 0x851c8
core   0: 3 0x80007008 (0x851c86b7) x13 0x851c8000
core   0: 0x8000700c (0x0166bcb3) sltu    s9, a3, s6
core   0: 3 0x8000700c (0x0166bcb3) x25 0x00000000
core   0: 0x80007010 (0x2150a993) slti    s3, ra, 533
core   0: 3 0x80007010 (0x2150a993) x19 0x00000000
core   0: 0x80007014 (0x00aac693) xori    a3, s5, 10
core   0: 3 0x80007014 (0x00aac693) x13 0x000000a7
core   0: 0x80007018 (0x008008b3) add     a7, zero, s0
core   0: 3 0x80007018 (0x008008b3) x17 0x00000000
core   0: 0x8000701c (0x6727aa93) slti    s5, a5, 1650
core   0: 3 0x8000701c (0x6727aa93) x21 0x00000001
core   0: 0x80007020 (0x410d8ab3) sub     s5, s11, a6
core   0: 3 0x80007020 (0x410d8ab3) x21 0xa793f0e4
core   0: 0x80007024 (0xfffa7d93) andi    s11, s4, -1
core   0: 3 0x80007024 (0xfffa7d93) x27 0xd4fbdf20
core   0: 0x80007028 (0xadec7813) andi    a6, s8, -1314
core   0: 3 0x80007028 (0xadec7813) x16 0xfffffa9c
core   0: 0x8000702c (0x00cc9593) slli    a1, s9, 12
core   0: 3 0x8000702c (0x00cc9593) x11 0x00000000
core   0: 0x80007030 (0x014fd593) srli    a1, t6, 20
core   0: 3 0x80007030 (0x014fd593) x11 0x00000000
core   0: 0x80007034 (0x00fd5c93) srli    s9, s10, 15
core   0: 3 0x80007034 (0x00fd5c93) x25 0x0000d0b1
core   0: 0x80007038 (0x286110b7) lui     ra, 0x28611
core   0: 3 0x80007038 (0x286110b7) x 1 0x28611000
core   0: 0x8000703c (0xf81ca717) auipc   a4, 0xf81ca
core   0: 3 0x8000703c (0xf81ca717) x14 0x781d103c
core   0: 0x80007040 (0xac184b93) xori    s7, a6, -1343
core   0: 3 0x80007040 (0xac184b93) x23 0x0000005d
core   0: 0x80007044 (0x41185bb3) sra     s7, a6, a7
core   0: 3 0x80007044 (0x41185bb3) x23 0xfffffa9c
core   0: 0x80007048 (0x010d2e33) slt     t3, s10, a6
core   0: 3 0x80007048 (0x010d2e33) x28 0x00000000
core   0: 0x8000704c (0xe3f9e293) ori     t0, s3, -449
core   0: 3 0x8000704c (0xe3f9e293) x 5 0xfffffe3f
core   0: 0x80007050 (0xa8564613) xori    a2, a2, -1403
core   0: 3 0x80007050 (0xa8564613) x12 0xfffffa85
core   0: 0x80007054 (0x41d65c93) srai    s9, a2, 29
core   0: 3 0x80007054 (0x41d65c93) x25 0xffffffff
core   0: 0x80007058 (0xdedfe213) ori     tp, t6, -531
core   0: 3 0x80007058 (0xdedfe213) x 4 0xfffffded
core   0: 0x8000705c (0x00d78bb3) add     s7, a5, a3
core   0: 3 0x8000705c (0x00d78bb3) x23 0xda5120a7
core   0: 0x80007060 (0x00f87db3) and     s11, a6, a5
core   0: 3 0x80007060 (0x00f87db3) x27 0xda512000
core   0: 0x80007064 (0x410d5db3) sra     s11, s10, a6
core   0: 3 0x80007064 (0x410d5db3) x27 0x00000006
core   0: 0x80007068 (0x0032abb3) slt     s7, t0, gp
core   0: 3 0x80007068 (0x0032abb3) x23 0x00000001
core   0: 0x8000706c (0x40e05933) sra     s2, zero, a4
core   0: 3 0x8000706c (0x40e05933) x18 0x00000000
core   0: 0x80007070 (0x2adbaa13) slti    s4, s7, 685
core   0: 3 0x80007070 (0x2adbaa13) x20 0x00000001
core   0: 0x80007074 (0xc87ceab7) lui     s5, 0xc87ce
core   0: 3 0x80007074 (0xc87ceab7) x21 0xc87ce000
core   0: 0x80007078 (0x006aefb3) or      t6, s5, t1
core   0: 3 0x80007078 (0x006aefb3) x31 0xc87dece4
core   0: 0x8000707c (0x62529837) lui     a6, 0x62529
core   0: 3 0x8000707c (0x62529837) x16 0x62529000
core   0: 0x80007080 (0x01cc77b3) and     a5, s8, t3
core   0: 3 0x80007080 (0x01cc77b3) x15 0x00000000
core   0: 0x80007084 (0x58118613) addi    a2, gp, 1409
core   0: 3 0x80007084 (0x58118613) x12 0x00000581
core   0: 0x80007088 (0x54a58193) addi    gp, a1, 1354
core   0: 3 0x80007088 (0x54a58193) x 3 0x0000054a
core   0: 0x8000708c (0x01286cb3) or      s9, a6, s2
core   0: 3 0x8000708c (0x01286cb3) x25 0x62529000
core   0: 0x80007090 (0x01f55b33) srl     s6, a0, t6
core   0: 3 0x80007090 (0x01f55b33) x22 0x080010e6
core   0: 0x80007094 (0x4a684b93) xori    s7, a6, 1190
core   0: 3 0x80007094 (0x4a684b93) x23 0x625294a6
core   0: 0x80007098 (0xb9c86293) ori     t0, a6, -1124
core   0: 3 0x80007098 (0xb9c86293) x 5 0xfffffb9c
core   0: 0x8000709c (0xb66f8993) addi    s3, t6, -1178
core   0: 3 0x8000709c (0xb66f8993) x19 0xc87de84a
core   0: 0x800070a0 (0x51eb3a93) sltiu   s5, s6, 1310
core   0: 3 0x800070a0 (0x51eb3a93) x21 0x00000000
core   0: 0x800070a4 (0x0113c033) xor     zero, t2, a7
core   0: 3 0x800070a4 (0x0113c033)
core   0: 0x800070a8 (0xa314a413) slti    s0, s1, -1487
core   0: 3 0x800070a8 (0xa314a413) x 8 0x00000000
core   0: 0x800070ac (0xa5b5ae13) slti    t3, a1, -1445
core   0: 3 0x800070ac (0xa5b5ae13) x28 0x00000000
core   0: 0x800070b0 (0xba08cc93) xori    s9, a7, -1120
core   0: 3 0x800070b0 (0xba08cc93) x25 0xfffffba0
core   0: 0x800070b4 (0x409000b3) sub     ra, zero, s1
core   0: 3 0x800070b4 (0x409000b3) x 1 0x9e12d028
core   0: 0x800070b8 (0x01cbab33) slt     s6, s7, t3
core   0: 3 0x800070b8 (0x01cbab33) x22 0x00000000
core   0: 0x800070bc (0x00eb87b3) add     a5, s7, a4
core   0: 3 0x800070bc (0x00eb87b3) x15 0xda6fa4e2
core   0: 0x800070c0 (0x001c1fb3) sll     t6, s8, ra
core   0: 3 0x800070c0 (0x001c1fb3) x31 0xfffebd00
core   0: 0x800070c4 (0x00000013) nop
core   0: 3 0x800070c4 (0x00000013)
core   0: 0x800070c8 (0x002295b3) sll     a1, t0, sp
core   0: 3 0x800070c8 (0x002295b3) x11 0xffffdce0
core   0: 0x800070cc (0x41a45cb3) sra     s9, s0, s10
core   0: 3 0x800070cc (0x41a45cb3) x25 0x00000000
core   0: 0x800070d0 (0x40a957b3) sra     a5, s2, a0
core   0: 3 0x800070d0 (0x40a957b3) x15 0x00000000
core   0: 0x800070d4 (0xb52a9797) auipc   a5, 0xb52a9
core   0: 3 0x800070d4 (0xb52a9797) x15 0x352b00d4
core   0: 0x800070d8 (0x00bab133) sltu    sp, s5, a1
core   0: 3 0x800070d8 (0x00bab133) x 2 0x00000001
core   0: 0x800070dc (0xc1c67293) andi    t0, a2, -996
core   0: 3 0x800070dc (0xc1c67293) x 5 0x00000400
core   0: 0x800070e0 (0x4193d293) srai    t0, t2, 25
core   0: 3 0x800070e0 (0x4193d293) x 5 0xffffffc0
core   0: 0x800070e4 (0x01de4233) xor     tp, t3, t4
core   0: 3 0x800070e4 (0x01de4233) x 4 0x00000000
core   0: 0x800070e8 (0x01ace733) or      a4, s9, s10
core   0: 3 0x800070e8 (0x01ace733) x14 0x6858abda
core   0: 0x800070ec (0x01b59d13) slli    s10, a1, 27
core   0: 3 0x800070ec (0x01b59d13) x26 0x00000000
core   0: 0x800070f0 (0x01f0d493) srli    s1, ra, 31
core   0: 3 0x800070f0 (0x01f0d493) x 9 0x00000001
core   0: 0x800070f4 (0x027b8e13) addi    t3, s7, 39
core   0: 3 0x800070f4 (0x027b8e13) x28 0x625294cd
core   0: 0x800070f8 (0x1f470a93) addi    s5, a4, 500
core   0: 3 0x800070f8 (0x1f470a93) x21 0x6858adce
core   0: 0x800070fc (0x00000013) nop
core   0: 3 0x800070fc (0x00000013)
core   0: 0x80007100 (0x407d8633) sub     a2, s11, t2
core   0: 3 0x80007100 (0x407d8633) x12 0x80000006
core   0: 0x80007104 (0xbafae593) ori     a1, s5, -1105
core   0: 3 0x80007104 (0xbafae593) x11 0xffffffef
core   0: 0x80007108 (0x784a0713) addi    a4, s4, 1924
core   0: 3 0x80007108 (0x784a0713) x14 0x00000785
core   0: 0x8000710c (0x03043593) sltiu   a1, s0, 48
core   0: 3 0x8000710c (0x03043593) x11 0x00000001
core   0: 0x80007110 (0x9d8e6e93) ori     t4, t3, -1576
core   0: 3 0x80007110 (0x9d8e6e93) x29 0xfffffddd
core   0: 0x80007114 (0x012f81b3) add     gp, t6, s2
core   0: 3 0x80007114 (0x012f81b3) x 3 0xfffebd00
core   0: 0x80007118 (0x4072d793) srai    a5, t0, 7
core   0: 3 0x80007118 (0x4072d793) x15 0xffffffff
core   0: 0x8000711c (0x4796fe93) andi    t4, a3, 1145
core   0: 3 0x8000711c (0x4796fe93) x29 0x00000021
core   0: 0x80007120 (0xdf8bcb13) xori    s6, s7, -520
core   0: 3 0x80007120 (0xdf8bcb13) x22 0x9dad695e
core   0: 0x80007124 (0x016921b3) slt     gp, s2, s6
core   0: 3 0x80007124 (0x016921b3) x 3 0x00000000
core   0: 0x80007128 (0x01a8b2b3) sltu    t0, a7, s10
core   0: 3 0x80007128 (0x01a8b2b3) x 5 0x00000000
core   0: 0x8000712c (0x01b15eb3) srl     t4, sp, s11
core   0: 3 0x8000712c (0x01b15eb3) x29 0x00000000
core   0: 0x80007130 (0x01384d33) xor     s10, a6, s3
core   0: 3 0x80007130 (0x01384d33) x26 0xaa2f784a
core   0: 0x80007134 (0x0063d133) srl     sp, t2, t1
core   0: 3 0x80007134 (0x0063d133) x 2 0x08000000
core   0: 0x80007138 (0x003bc7b3) xor     a5, s7, gp
core   0: 3 0x80007138 (0x003bc7b3) x15 0x625294a6
core   0: 0x8000713c (0x0069bcb3) sltu    s9, s3, t1
core   0: 3 0x8000713c (0x0069bcb3) x25 0x00000000
core   0: 0x80007140 (0x01cc9b13) slli    s6, s9, 28
core   0: 3 0x80007140 (0x01cc9b13) x22 0x00000000
core   0: 0x80007144 (0x0062a0b3) slt     ra, t0, t1
core   0: 3 0x80007144 (0x0062a0b3) x 1 0x00000000
core   0: 0x80007148 (0x011942b3) xor     t0, s2, a7
core   0: 3 0x80007148 (0x011942b3) x 5 0x00000000
core   0: 0x8000714c (0x01acb033) sltu    zero, s9, s10
core   0: 3 0x8000714c (0x01acb033)
core   0: 0x80007150 (0x4146dc13) srai    s8, a3, 20
core   0: 3 0x80007150 (0x4146dc13) x24 0x00000000
core   0: 0x80007154 (0x50c7b813) sltiu   a6, a5, 1292
core   0: 3 0x80007154 (0x50c7b813) x16 0x00000000
core   0: 0x80007158 (0x40dc0db3) sub     s11, s8, a3
core   0: 3 0x80007158 (0x40dc0db3) x27 0xffffff59
core   0: 0x8000715c (0x00521c33) sll     s8, tp, t0
core   0: 3 0x8000715c (0x00521c33) x24 0x00000000
core   0: 0x80007160 (0xe5800113) li      sp, -424
core   0: 3 0x80007160 (0xe5800113) x 2 0xfffffe58
core   0: 0x80007164 (0xc433ae13) slti    t3, t2, -957
core   0: 3 0x80007164 (0xc433ae13) x28 0x00000001
core   0: 0x80007168 (0x01a09613) slli    a2, ra, 26
core   0: 3 0x80007168 (0x01a09613) x12 0x00000000
core   0: 0x8000716c (0x00e851b3) srl     gp, a6, a4
core   0: 3 0x8000716c (0x00e851b3) x 3 0x00000000
core   0: 0x80007170 (0x41f7dc93) srai    s9, a5, 31
core   0: 3 0x80007170 (0x41f7dc93) x25 0x00000000
core   0: 0x80007174 (0x009a5d33) srl     s10, s4, s1
core   0: 3 0x80007174 (0x009a5d33) x26 0x00000000
core   0: 0x80007178 (0x10748e93) addi    t4, s1, 263
core   0: 3 0x80007178 (0x10748e93) x29 0x00000108
core   0: 0x8000717c (0x4f2d6193) ori     gp, s10, 1266
core   0: 3 0x8000717c (0x4f2d6193) x 3 0x000004f2
core   0: 0x80007180 (0x00d9d493) srli    s1, s3, 13
core   0: 3 0x80007180 (0x00d9d493) x 9 0x000643ef
core   0: 0x80007184 (0x416d5c13) srai    s8, s10, 22
core   0: 3 0x80007184 (0x416d5c13) x24 0x00000000
core   0: 0x80007188 (0x009181b3) add     gp, gp, s1
core   0: 3 0x80007188 (0x009181b3) x 3 0x000648e1
core   0: 0x8000718c (0xcbc98e93) addi    t4, s3, -836
core   0: 3 0x8000718c (0xcbc98e93) x29 0xc87de506
core   0: 0x80007190 (0x000b3f33) sltu    t5, s6, zero
core   0: 3 0x80007190 (0x000b3f33) x30 0x00000000
core   0: 0x80007194 (0x00a63813) sltiu   a6, a2, 10
core   0: 3 0x80007194 (0x00a63813) x16 0x00000001
core   0: 0x80007198 (0x40898db3) sub     s11, s3, s0
core   0: 3 0x80007198 (0x40898db3) x27 0xc87de84a
core   0: 0x8000719c (0x0009a033) slt     zero, s3, zero
core   0: 3 0x8000719c (0x0009a033)
core   0: 0x800071a0 (0x00000013) nop
core   0: 3 0x800071a0 (0x00000013)
core   0: 0x800071a4 (0x99a34293) xori    t0, t1, -1638
core   0: 3 0x800071a4 (0x99a34293) x 5 0x7ffeb57e
core   0: 0x800071a8 (0xc1a24b93) xori    s7, tp, -998
core   0: 3 0x800071a8 (0xc1a24b93) x23 0xfffffc1a
core   0: 0x800071ac (0x0055e0b3) or      ra, a1, t0
core   0: 3 0x800071ac (0x0055e0b3) x 1 0x7ffeb57f
core   0: 0x800071b0 (0x015048b3) xor     a7, zero, s5
core   0: 3 0x800071b0 (0x015048b3) x17 0x6858adce
core   0: 0x800071b4 (0x7313f293) andi    t0, t2, 1841
core   0: 3 0x800071b4 (0x7313f293) x 5 0x00000000
core   0: 0x800071b8 (0x00399e13) slli    t3, s3, 3
core   0: 3 0x800071b8 (0x00399e13) x28 0x43ef4250
core   0: 0x800071bc (0x0138ca33) xor     s4, a7, s3
core   0: 3 0x800071bc (0x0138ca33) x20 0xa0254584
core   0: 0x800071c0 (0xcebe0293) addi    t0, t3, -789
core   0: 3 0x800071c0 (0xcebe0293) x 5 0x43ef3f3b
core   0: 0x800071c4 (0xfc07fd93) andi    s11, a5, -64
core   0: 3 0x800071c4 (0xfc07fd93) x27 0x62529480
core   0: 0x800071c8 (0x00000013) nop
core   0: 3 0x800071c8 (0x00000013)
core   0: 0x800071cc (0x00d4a033) slt     zero, s1, a3
core   0: 3 0x800071cc (0x00d4a033)
core   0: 0x800071d0 (0xfee47113) andi    sp, s0, -18
core   0: 3 0x800071d0 (0xfee47113) x 2 0x00000000
core   0: 0x800071d4 (0x00000013) nop
core   0: 3 0x800071d4 (0x00000013)
core   0: 0x800071d8 (0x88cee613) ori     a2, t4, -1908
core   0: 3 0x800071d8 (0x88cee613) x12 0xfffffd8e
core   0: 0x800071dc (0x00b6b793) sltiu   a5, a3, 11
core   0: 3 0x800071dc (0x00b6b793) x15 0x00000000
core   0: 0x800071e0 (0x006f52b3) srl     t0, t5, t1
core   0: 3 0x800071e0 (0x006f52b3) x 5 0x00000000
core   0: 0x800071e4 (0x8690eb13) ori     s6, ra, -1943
core   0: 3 0x800071e4 (0x8690eb13) x22 0xfffffd7f
core   0: 0x800071e8 (0x463e8093) addi    ra, t4, 1123
core   0: 3 0x800071e8 (0x463e8093) x 1 0xc87de969
core   0: 0x800071ec (0x01304633) xor     a2, zero, s3
core   0: 3 0x800071ec (0x01304633) x12 0xc87de84a
core   0: 0x800071f0 (0x0045d593) srli    a1, a1, 4
core   0: 3 0x800071f0 (0x0045d593) x11 0x00000000
core   0: 0x800071f4 (0xbb30e413) ori     s0, ra, -1101
core   0: 3 0x800071f4 (0xbb30e413) x 8 0xfffffbfb
core   0: 0x800071f8 (0x0c010213) addi    tp, sp, 192
core   0: 3 0x800071f8 (0x0c010213) x 4 0x000000c0
core   0: 0x800071fc (0x68ea5717) auipc   a4, 0x68ea5
core   0: 3 0x800071fc (0x68ea5717) x14 0xe8eac1fc
core   0: 0x80007200 (0x7c81a713) slti    a4, gp, 1992
core   0: 3 0x80007200 (0x7c81a713) x14 0x00000000
core   0: 0x80007204 (0x005dd813) srli    a6, s11, 5
core   0: 3 0x80007204 (0x005dd813) x16 0x031294a4
core   0: 0x80007208 (0x0020ef33) or      t5, ra, sp
core   0: 3 0x80007208 (0x0020ef33) x30 0xc87de969
core   0: 0x8000720c (0x0030ee33) or      t3, ra, gp
core   0: 3 0x8000720c (0x0030ee33) x28 0xc87fe9e9
core   0: 0x80007210 (0x008c1613) slli    a2, s8, 8
core   0: 3 0x80007210 (0x008c1613) x12 0x00000000
core   0: 0x80007214 (0x006f8033) add     zero, t6, t1
core   0: 3 0x80007214 (0x006f8033)
core   0: 0x80007218 (0xda886e93) ori     t4, a6, -600
core   0: 3 0x80007218 (0xda886e93) x29 0xfffffdac
core   0: 0x8000721c (0xd30a0617) auipc   a2, 0xd30a0
core   0: 3 0x8000721c (0xd30a0617) x12 0x530a721c
core   0: 0x80007220 (0x3d1d6293) ori     t0, s10, 977
core   0: 3 0x80007220 (0x3d1d6293) x 5 0x000003d1
core   0: 0x80007224 (0x01c8c4b3) xor     s1, a7, t3
core   0: 3 0x80007224 (0x01c8c4b3) x 9 0xa0274427
core   0: 0x80007228 (0x00b0ce33) xor     t3, ra, a1
core   0: 3 0x80007228 (0x00b0ce33) x28 0xc87de969
core   0: 0x8000722c (0xbd84ed37) lui     s10, 0xbd84e
core   0: 3 0x8000722c (0xbd84ed37) x26 0xbd84e000
core   0: 0x80007230 (0x019ca933) slt     s2, s9, s9
core   0: 3 0x80007230 (0x019ca933) x18 0x00000000
core   0: 0x80007234 (0xea116713) ori     a4, sp, -351
core   0: 3 0x80007234 (0xea116713) x14 0xfffffea1
core   0: 0x80007238 (0xcaa17a17) auipc   s4, 0xcaa17
core   0: 3 0x80007238 (0xcaa17a17) x20 0x4aa1e238
core   0: 0x8000723c (0x0033eab3) or      s5, t2, gp
core   0: 3 0x8000723c (0x0033eab3) x21 0x800648e1
core   0: 0x80007240 (0x01421713) slli    a4, tp, 20
core   0: 3 0x80007240 (0x01421713) x14 0x0c000000
core   0: 0x80007244 (0x01188db3) add     s11, a7, a7
core   0: 3 0x80007244 (0x01188db3) x27 0xd0b15b9c
core   0: 0x80007248 (0x0063cab3) xor     s5, t2, t1
core   0: 3 0x80007248 (0x0063cab3) x21 0x00014ce4
core   0: 0x8000724c (0xe56de193) ori     gp, s11, -426
core   0: 3 0x8000724c (0xe56de193) x 3 0xffffffde
core   0: 0x80007250 (0x411bd133) sra     sp, s7, a7
core   0: 3 0x80007250 (0x411bd133) x 2 0xffffffff
core   0: 0x80007254 (0xa7992d13) slti    s10, s2, -1415
core   0: 3 0x80007254 (0xa7992d13) x26 0x00000000
core   0: 0x80007258 (0xc69aa4b7) lui     s1, 0xc69aa
core   0: 3 0x80007258 (0xc69aa4b7) x 9 0xc69aa000
core   0: 0x8000725c (0x00000013) nop
core   0: 3 0x8000725c (0x00000013)
core   0: 0x80007260 (0x579ce137) lui     sp, 0x579ce
core   0: 3 0x80007260 (0x579ce137) x 2 0x579ce000
core   0: 0x80007264 (0x00cb7c33) and     s8, s6, a2
core   0: 3 0x80007264 (0x00cb7c33) x24 0x530a701c
core   0: 0x80007268 (0x00569813) slli    a6, a3, 5
core   0: 3 0x80007268 (0x00569813) x16 0x000014e0
core   0: 0x8000726c (0xed656613) ori     a2, a0, -298
core   0: 3 0x8000726c (0xed656613) x12 0xfffffef6
core   0: 0x80007270 (0xc81ad937) lui     s2, 0xc81ad
core   0: 3 0x80007270 (0xc81ad937) x18 0xc81ad000
core   0: 0x80007274 (0x865dfe93) andi    t4, s11, -1947
core   0: 3 0x80007274 (0x865dfe93) x29 0xd0b15804
core   0: 0x80007278 (0x00819a93) slli    s5, gp, 8
core   0: 3 0x80007278 (0x00819a93) x21 0xffffde00
core   0: 0x8000727c (0x012cc9b3) xor     s3, s9, s2
core   0: 3 0x8000727c (0x012cc9b3) x19 0xc81ad000
core   0: 0x80007280 (0x92d6eb13) ori     s6, a3, -1747
core   0: 3 0x80007280 (0x92d6eb13) x22 0xfffff9af
core   0: 0x80007284 (0x40b5f0b7) lui     ra, 0x40b5f
core   0: 3 0x80007284 (0x40b5f0b7) x 1 0x40b5f000
core   0: 0x80007288 (0x9a55ae93) slti    t4, a1, -1627
core   0: 3 0x80007288 (0x9a55ae93) x29 0x00000000
core   0: 0x8000728c (0x01d3d133) srl     sp, t2, t4
core   0: 3 0x8000728c (0x01d3d133) x 2 0x80000000
core   0: 0x80007290 (0x00fdd833) srl     a6, s11, a5
core   0: 3 0x80007290 (0x00fdd833) x16 0xd0b15b9c
core   0: 0x80007294 (0x40a55033) sra     zero, a0, a0
core   0: 3 0x80007294 (0x40a55033)
core   0: 0x80007298 (0x2651b593) sltiu   a1, gp, 613
core   0: 3 0x80007298 (0x2651b593) x11 0x00000000
core   0: 0x8000729c (0x00ade733) or      a4, s11, a0
core   0: 3 0x8000729c (0x00ade733) x14 0xd0b15ffc
core   0: 0x800072a0 (0xd6bea093) slti    ra, t4, -661
core   0: 3 0x800072a0 (0xd6bea093) x 1 0x00000000
core   0: 0x800072a4 (0x00000013) nop
core   0: 3 0x800072a4 (0x00000013)
core   0: 0x800072a8 (0x411850b3) sra     ra, a6, a7
core   0: 3 0x800072a8 (0x411850b3) x 1 0xffff42c5
core   0: 0x800072ac (0x017a4fb3) xor     t6, s4, s7
core   0: 3 0x800072ac (0x017a4fb3) x31 0xb55e1e22
core   0: 0x800072b0 (0x0109d833) srl     a6, s3, a6
core   0: 3 0x800072b0 (0x0109d833) x16 0x0000000c
core   0: 0x800072b4 (0x0004b233) sltu    tp, s1, zero
core   0: 3 0x800072b4 (0x0004b233) x 4 0x00000000
core   0: 0x800072b8 (0x5eef3693) sltiu   a3, t5, 1518
core   0: 3 0x800072b8 (0x5eef3693) x13 0x00000000
core   0: 0x800072bc (0x7e2a6d13) ori     s10, s4, 2018
core   0: 3 0x800072bc (0x7e2a6d13) x26 0x4aa1e7fa
core   0: 0x800072c0 (0x00a8d733) srl     a4, a7, a0
core   0: 3 0x800072c0 (0x00a8d733) x14 0x06858adc
core   0: 0x800072c4 (0x00470033) add     zero, a4, tp
core   0: 3 0x800072c4 (0x00470033)
core   0: 0x800072c8 (0x93d0c213) xori    tp, ra, -1731
core   0: 3 0x800072c8 (0x93d0c213) x 4 0x0000bbf8
core   0: 0x800072cc (0x6166db17) auipc   s6, 0x6166d
core   0: 3 0x800072cc (0x6166db17) x22 0xe16742cc
core   0: 0x800072d0 (0x012b1b13) slli    s6, s6, 18
core   0: 3 0x800072d0 (0x012b1b13) x22 0x0b300000
core   0: 0x800072d4 (0x4003d1b3) sra     gp, t2, zero
core   0: 3 0x800072d4 (0x4003d1b3) x 3 0x80000000
core   0: 0x800072d8 (0xd978b293) sltiu   t0, a7, -617
core   0: 3 0x800072d8 (0xd978b293) x 5 0x00000001
core   0: 0x800072dc (0x01227733) and     a4, tp, s2
core   0: 3 0x800072dc (0x01227733) x14 0x00009000
core   0: 0x800072e0 (0x00140e33) add     t3, s0, ra
core   0: 3 0x800072e0 (0x00140e33) x28 0xffff3ec0
core   0: 0x800072e4 (0xc0b4c037) lui     zero, 0xc0b4c
core   0: 3 0x800072e4 (0xc0b4c037)
core   0: 0x800072e8 (0x01707a33) and     s4, zero, s7
core   0: 3 0x800072e8 (0x01707a33) x20 0x00000000
core   0: 0x800072ec (0x41e7d713) srai    a4, a5, 30
core   0: 3 0x800072ec (0x41e7d713) x14 0x00000000
core   0: 0x800072f0 (0xc4968b93) addi    s7, a3, -951
core   0: 3 0x800072f0 (0xc4968b93) x23 0xfffffc49
core   0: 0x800072f4 (0x00ce6a33) or      s4, t3, a2
core   0: 3 0x800072f4 (0x00ce6a33) x20 0xfffffef6
core   0: 0x800072f8 (0x01cee5b3) or      a1, t4, t3
core   0: 3 0x800072f8 (0x01cee5b3) x11 0xffff3ec0
core   0: 0x800072fc (0x40f85793) srai    a5, a6, 15
core   0: 3 0x800072fc (0x40f85793) x15 0x00000000
core   0: 0x80007300 (0x00c94c33) xor     s8, s2, a2
core   0: 3 0x80007300 (0x00c94c33) x24 0x37e52ef6
core   0: 0x80007304 (0x59af2693) slti    a3, t5, 1434
core   0: 3 0x80007304 (0x59af2693) x13 0x00000001
core   0: 0x80007308 (0x4353ea97) auipc   s5, 0x4353e
core   0: 3 0x80007308 (0x4353ea97) x21 0xc3545308
core   0: 0x8000730c (0x41a70133) sub     sp, a4, s10
core   0: 3 0x8000730c (0x41a70133) x 2 0xb55e1806
core   0: 0x80007310 (0x01d1f7b3) and     a5, gp, t4
core   0: 3 0x80007310 (0x01d1f7b3) x15 0x00000000
core   0: 0x80007314 (0xdfc66eb7) lui     t4, 0xdfc66
core   0: 3 0x80007314 (0xdfc66eb7) x29 0xdfc66000
core   0: 0x80007318 (0x4181de13) srai    t3, gp, 24
core   0: 3 0x80007318 (0x4181de13) x28 0xffffff80
core   0: 0x8000731c (0x0062d913) srli    s2, t0, 6
core   0: 3 0x8000731c (0x0062d913) x18 0x00000000
core   0: 0x80007320 (0xda0d64b7) lui     s1, 0xda0d6
core   0: 3 0x80007320 (0xda0d64b7) x 9 0xda0d6000
core   0: 0x80007324 (0x01ff9713) slli    a4, t6, 31
core   0: 3 0x80007324 (0x01ff9713) x14 0x00000000
core   0: 0x80007328 (0x40bde813) ori     a6, s11, 1035
core   0: 3 0x80007328 (0x40bde813) x16 0xd0b15f9f
core   0: 0x8000732c (0x01389713) slli    a4, a7, 19
core   0: 3 0x8000732c (0x01389713) x14 0x6e700000
core   0: 0x80007330 (0xe8a1e293) ori     t0, gp, -374
core   0: 3 0x80007330 (0xe8a1e293) x 5 0xfffffe8a
core   0: 0x80007334 (0x00a33db3) sltu    s11, t1, a0
core   0: 3 0x80007334 (0x00a33db3) x27 0x00000000
core   0: 0x80007338 (0x84fca613) slti    a2, s9, -1969
core   0: 3 0x80007338 (0x84fca613) x12 0x00000000
core   0: 0x8000733c (0x01bc9933) sll     s2, s9, s11
core   0: 3 0x8000733c (0x01bc9933) x18 0x00000000
core   0: 0x80007340 (0x3691a793) slti    a5, gp, 873
core   0: 3 0x80007340 (0x3691a793) x15 0x00000001
core   0: 0x80007344 (0x32425b37) lui     s6, 0x32425
core   0: 3 0x80007344 (0x32425b37) x22 0x32425000
core   0: 0x80007348 (0x5b89cc93) xori    s9, s3, 1464
core   0: 3 0x80007348 (0x5b89cc93) x25 0xc81ad5b8
core   0: 0x8000734c (0xf9b73813) sltiu   a6, a4, -101
core   0: 3 0x8000734c (0xf9b73813) x16 0x00000001
core   0: 0x80007350 (0x01803033) snez    zero, s8
core   0: 3 0x80007350 (0x01803033)
core   0: 0x80007354 (0x003dc0b3) xor     ra, s11, gp
core   0: 3 0x80007354 (0x003dc0b3) x 1 0x80000000
core   0: 0x80007358 (0x00da9c13) slli    s8, s5, 13
core   0: 3 0x80007358 (0x00da9c13) x24 0x8a610000
core   0: 0x8000735c (0x40915613) srai    a2, sp, 9
core   0: 3 0x8000735c (0x40915613) x12 0xffdaaf0c
core   0: 0x80007360 (0x91a08f13) addi    t5, ra, -1766
core   0: 3 0x80007360 (0x91a08f13) x30 0x7ffff91a
core   0: 0x80007364 (0x01f13833) sltu    a6, sp, t6
core   0: 3 0x80007364 (0x01f13833) x16 0x00000001
core   0: 0x80007368 (0x10aea737) lui     a4, 0x10aea
core   0: 3 0x80007368 (0x10aea737) x14 0x10aea000
core   0: 0x8000736c (0x04c16593) ori     a1, sp, 76
core   0: 3 0x8000736c (0x04c16593) x11 0xb55e184e
core   0: 0x80007370 (0xbc980e93) addi    t4, a6, -1079
core   0: 3 0x80007370 (0xbc980e93) x29 0xfffffbca
core   0: 0x80007374 (0x49b56d97) auipc   s11, 0x49b56
core   0: 3 0x80007374 (0x49b56d97) x27 0xc9b5d374
core   0: 0x80007378 (0x0158a833) slt     a6, a7, s5
core   0: 3 0x80007378 (0x0158a833) x16 0x00000000
core   0: 0x8000737c (0xf2158993) addi    s3, a1, -223
core   0: 3 0x8000737c (0xf2158993) x19 0xb55e176f
core   0: 0x80007380 (0x010b3833) sltu    a6, s6, a6
core   0: 3 0x80007380 (0x010b3833) x16 0x00000000
core   0: 0x80007384 (0x80bf8993) addi    s3, t6, -2037
core   0: 3 0x80007384 (0x80bf8993) x19 0xb55e162d
core   0: 0x80007388 (0x00a83433) sltu    s0, a6, a0
core   0: 3 0x80007388 (0x00a83433) x 8 0x00000001
core   0: 0x8000738c (0x01271b13) slli    s6, a4, 18
core   0: 3 0x8000738c (0x01271b13) x22 0x80000000
core   0: 0x80007390 (0x017632b3) sltu    t0, a2, s7
core   0: 3 0x80007390 (0x017632b3) x 5 0x00000001
core   0: 0x80007394 (0x018a5b33) srl     s6, s4, s8
core   0: 3 0x80007394 (0x018a5b33) x22 0xfffffef6
core   0: 0x80007398 (0x00000013) nop
core   0: 3 0x80007398 (0x00000013)
core   0: 0x8000739c (0x63f9ba13) sltiu   s4, s3, 1599
core   0: 3 0x8000739c (0x63f9ba13) x20 0x00000000
core   0: 0x800073a0 (0x00b0b033) sltu    zero, ra, a1
core   0: 3 0x800073a0 (0x00b0b033)
core   0: 0x800073a4 (0x012f87b3) add     a5, t6, s2
core   0: 3 0x800073a4 (0x012f87b3) x15 0xb55e1e22
core   0: 0x800073a8 (0x01be9013) slli    zero, t4, 27
core   0: 3 0x800073a8 (0x01be9013)
core   0: 0x800073ac (0x72ea0897) auipc   a7, 0x72ea0
core   0: 3 0x800073ac (0x72ea0897) x17 0xf2ea73ac
core   0: 0x800073b0 (0x00d885b3) add     a1, a7, a3
core   0: 3 0x800073b0 (0x00d885b3) x11 0xf2ea73ad
core   0: 0x800073b4 (0x00e0b933) sltu    s2, ra, a4
core   0: 3 0x800073b4 (0x00e0b933) x18 0x00000000
core   0: 0x800073b8 (0x3a2d7697) auipc   a3, 0x3a2d7
core   0: 3 0x800073b8 (0x3a2d7697) x13 0xba2de3b8
core   0: 0x800073bc (0x00000013) nop
core   0: 3 0x800073bc (0x00000013)
core   0: 0x800073c0 (0x2d7e7817) auipc   a6, 0x2d7e7
core   0: 3 0x800073c0 (0x2d7e7817) x16 0xad7ee3c0
core   0: 0x800073c4 (0x00f1d633) srl     a2, gp, a5
core   0: 3 0x800073c4 (0x00f1d633) x12 0x20000000
core   0: 0x800073c8 (0xe6f77297) auipc   t0, 0xe6f77
core   0: 3 0x800073c8 (0xe6f77297) x 5 0x66f7e3c8
core   0: 0x800073cc (0x007c6bb3) or      s7, s8, t2
core   0: 3 0x800073cc (0x007c6bb3) x23 0x8a610000
core   0: 0x800073d0 (0x00a1f133) and     sp, gp, a0
core   0: 3 0x800073d0 (0x00a1f133) x 2 0x80000000
core   0: 0x800073d4 (0x01e09a13) slli    s4, ra, 30
core   0: 3 0x800073d4 (0x01e09a13) x20 0x00000000
core   0: 0x800073d8 (0x003dbbb3) sltu    s7, s11, gp
core   0: 3 0x800073d8 (0x003dbbb3) x23 0x00000000
core   0: 0x800073dc (0x008e2833) slt     a6, t3, s0
core   0: 3 0x800073dc (0x008e2833) x16 0x00000001
core   0: 0x800073e0 (0x018dd193) srli    gp, s11, 24
core   0: 3 0x800073e0 (0x018dd193) x 3 0x000000c9
core   0: 0x800073e4 (0x89d37c93) andi    s9, t1, -1891
core   0: 3 0x800073e4 (0x89d37c93) x25 0x80014884
core   0: 0x800073e8 (0x00477bb3) and     s7, a4, tp
core   0: 3 0x800073e8 (0x00477bb3) x23 0x0000a000
core   0: 0x800073ec (0x71cb8a13) addi    s4, s7, 1820
core   0: 3 0x800073ec (0x71cb8a13) x20 0x0000a71c
core   0: 0x800073f0 (0x402084b3) sub     s1, ra, sp
core   0: 3 0x800073f0 (0x402084b3) x 9 0x00000000
core   0: 0x800073f4 (0x5b452937) lui     s2, 0x5b452
core   0: 3 0x800073f4 (0x5b452937) x18 0x5b452000
core   0: 0x800073f8 (0x00a49d13) slli    s10, s1, 10
core   0: 3 0x800073f8 (0x00a49d13) x26 0x00000000
core   0: 0x800073fc (0x97cfed13) ori     s10, t6, -1668
core   0: 3 0x800073fc (0x97cfed13) x26 0xffffff7e
core   0: 0x80007400 (0x5ed63813) sltiu   a6, a2, 1517
core   0: 3 0x80007400 (0x5ed63813) x16 0x00000000
core   0: 0x80007404 (0x00f314b3) sll     s1, t1, a5
core   0: 3 0x80007404 (0x00f314b3) x 9 0x00053390
core   0: 0x80007408 (0x017a7db3) and     s11, s4, s7
core   0: 3 0x80007408 (0x017a7db3) x27 0x0000a000
core   0: 0x8000740c (0xc6fdab93) slti    s7, s11, -913
core   0: 3 0x8000740c (0xc6fdab93) x23 0x00000000
core   0: 0x80007410 (0x00000013) nop
core   0: 3 0x80007410 (0x00000013)
core   0: 0x80007414 (0x00828bb3) add     s7, t0, s0
core   0: 3 0x80007414 (0x00828bb3) x23 0x66f7e3c9
core   0: 0x80007418 (0x6ed87293) andi    t0, a6, 1773
core   0: 3 0x80007418 (0x6ed87293) x 5 0x00000000
core   0: 0x8000741c (0x0090fd33) and     s10, ra, s1
core   0: 3 0x8000741c (0x0090fd33) x26 0x00000000
core   0: 0x80007420 (0x41b7d413) srai    s0, a5, 27
core   0: 3 0x80007420 (0x41b7d413) x 8 0xfffffff6
core   0: 0x80007424 (0x002a44b3) xor     s1, s4, sp
core   0: 3 0x80007424 (0x002a44b3) x 9 0x8000a71c
core   0: 0x80007428 (0x41795bb3) sra     s7, s2, s7
core   0: 3 0x80007428 (0x41795bb3) x23 0x002da290
core   0: 0x8000742c (0x38b6ad93) slti    s11, a3, 907
core   0: 3 0x8000742c (0x38b6ad93) x27 0x00000001
core   0: 0x80007430 (0xfa0e8c93) addi    s9, t4, -96
core   0: 3 0x80007430 (0xfa0e8c93) x25 0xfffffb6a
core   0: 0x80007434 (0x015e4bb3) xor     s7, t3, s5
core   0: 3 0x80007434 (0x015e4bb3) x23 0x3cabac88
core   0: 0x80007438 (0x40c38733) sub     a4, t2, a2
core   0: 3 0x80007438 (0x40c38733) x14 0x60000000
core   0: 0x8000743c (0xedd65917) auipc   s2, 0xedd65
core   0: 3 0x8000743c (0xedd65917) x18 0x6dd6c43c
core   0: 0x80007440 (0x5a00e193) ori     gp, ra, 1440
core   0: 3 0x80007440 (0x5a00e193) x 3 0x800005a0
core   0: 0x80007444 (0x0058feb3) and     t4, a7, t0
core   0: 3 0x80007444 (0x0058feb3) x29 0x00000000
core   0: 0x80007448 (0xfd5df113) andi    sp, s11, -43
core   0: 3 0x80007448 (0xfd5df113) x 2 0x00000001
core   0: 0x8000744c (0x002b9b93) slli    s7, s7, 2
core   0: 3 0x8000744c (0x002b9b93) x23 0xf2aeb220
core   0: 0x80007450 (0x00681593) slli    a1, a6, 6
core   0: 3 0x80007450 (0x00681593) x11 0x00000000
core   0: 0x80007454 (0x00a0e133) or      sp, ra, a0
core   0: 3 0x80007454 (0x00a0e133) x 2 0x80010e64
core   0: 0x80007458 (0x52bf2037) lui     zero, 0x52bf2
core   0: 3 0x80007458 (0x52bf2037)
core   0: 0x8000745c (0x6c610993) addi    s3, sp, 1734
core   0: 3 0x8000745c (0x6c610993) x19 0x8001152a
core   0: 0x80007460 (0x01ed0613) addi    a2, s10, 30
core   0: 3 0x80007460 (0x01ed0613) x12 0x0000001e
core   0: 0x80007464 (0x00b95b33) srl     s6, s2, a1
core   0: 3 0x80007464 (0x00b95b33) x22 0x6dd6c43c
core   0: 0x80007468 (0x40035713) srai    a4, t1, 0
core   0: 3 0x80007468 (0x40035713) x14 0x80014ce4
core   0: 0x8000746c (0x0006dc93) srli    s9, a3, 0
core   0: 3 0x8000746c (0x0006dc93) x25 0xba2de3b8
core   0: 0x80007470 (0x00af5733) srl     a4, t5, a0
core   0: 3 0x80007470 (0x00af5733) x14 0x07ffff91
core   0: 0x80007474 (0x3ff2c093) xori    ra, t0, 1023
core   0: 3 0x80007474 (0x3ff2c093) x 1 0x000003ff
core   0: 0x80007478 (0x01e11bb3) sll     s7, sp, t5
core   0: 3 0x80007478 (0x01e11bb3) x23 0x90000000
core   0: 0x8000747c (0xbffc6417) auipc   s0, 0xbffc6
core   0: 3 0x8000747c (0xbffc6417) x 8 0x3ffcd47c
core   0: 0x80007480 (0x5fe70893) addi    a7, a4, 1534
core   0: 3 0x80007480 (0x5fe70893) x17 0x0800058f
core   0: 0x80007484 (0x00c34d33) xor     s10, t1, a2
core   0: 3 0x80007484 (0x00c34d33) x26 0x80014cfa
core   0: 0x80007488 (0x62842113) slti    sp, s0, 1576
core   0: 3 0x80007488 (0x62842113) x 2 0x00000000
core   0: 0x8000748c (0x00000013) nop
core   0: 3 0x8000748c (0x00000013)
core   0: 0x80007490 (0x4017dc33) sra     s8, a5, ra
core   0: 3 0x80007490 (0x4017dc33) x24 0xffffffff
core   0: 0x80007494 (0x40e0de93) srai    t4, ra, 14
core   0: 3 0x80007494 (0x40e0de93) x29 0x00000000
core   0: 0x80007498 (0x06c66493) ori     s1, a2, 108
core   0: 3 0x80007498 (0x06c66493) x 9 0x0000007e
core   0: 0x8000749c (0x00911db3) sll     s11, sp, s1
core   0: 3 0x8000749c (0x00911db3) x27 0x00000000
core   0: 0x800074a0 (0x005c6133) or      sp, s8, t0
core   0: 3 0x800074a0 (0x005c6133) x 2 0xffffffff
core   0: 0x800074a4 (0x002d9193) slli    gp, s11, 2
core   0: 3 0x800074a4 (0x002d9193) x 3 0x00000000
core   0: 0x800074a8 (0x1678af93) slti    t6, a7, 359
core   0: 3 0x800074a8 (0x1678af93) x31 0x00000000
core   0: 0x800074ac (0x019d26b3) slt     a3, s10, s9
core   0: 3 0x800074ac (0x019d26b3) x13 0x00000001
core   0: 0x800074b0 (0xb1c20c93) addi    s9, tp, -1252
core   0: 3 0x800074b0 (0xb1c20c93) x25 0x0000b714
core   0: 0x800074b4 (0x01f1b5b3) sltu    a1, gp, t6
core   0: 3 0x800074b4 (0x01f1b5b3) x11 0x00000000
core   0: 0x800074b8 (0x0196d5b3) srl     a1, a3, s9
core   0: 3 0x800074b8 (0x0196d5b3) x11 0x00000000
core   0: 0x800074bc (0x40f00fb3) sub     t6, zero, a5
core   0: 3 0x800074bc (0x40f00fb3) x31 0x4aa1e1de
core   0: 0x800074c0 (0x00aad633) srl     a2, s5, a0
core   0: 3 0x800074c0 (0x00aad633) x12 0x0c354530
core   0: 0x800074c4 (0x00b210b3) sll     ra, tp, a1
core   0: 3 0x800074c4 (0x00b210b3) x 1 0x0000bbf8
core   0: 0x800074c8 (0x00000013) nop
core   0: 3 0x800074c8 (0x00000013)
core   0: 0x800074cc (0x2ed15bb7) lui     s7, 0x2ed15
core   0: 3 0x800074cc (0x2ed15bb7) x23 0x2ed15000
core   0: 0x800074d0 (0x002b9813) slli    a6, s7, 2
core   0: 3 0x800074d0 (0x002b9813) x16 0xbb454000
core   0: 0x800074d4 (0x00ea9833) sll     a6, s5, a4
core   0: 3 0x800074d4 (0x00ea9833) x16 0xa6100000
core   0: 0x800074d8 (0x00d69193) slli    gp, a3, 13
core   0: 3 0x800074d8 (0x00d69193) x 3 0x00002000
core   0: 0x800074dc (0x686bc693) xori    a3, s7, 1670
core   0: 3 0x800074dc (0x686bc693) x13 0x2ed15686
core   0: 0x800074e0 (0x01935fb3) srl     t6, t1, s9
core   0: 3 0x800074e0 (0x01935fb3) x31 0x00000800
core   0: 0x800074e4 (0x9f2abb17) auipc   s6, 0x9f2ab
core   0: 3 0x800074e4 (0x9f2abb17) x22 0x1f2b24e4
core   0: 0x800074e8 (0x01b22db3) slt     s11, tp, s11
core   0: 3 0x800074e8 (0x01b22db3) x27 0x00000000
core   0: 0x800074ec (0x41b756b3) sra     a3, a4, s11
core   0: 3 0x800074ec (0x41b756b3) x13 0x07ffff91
core   0: 0x800074f0 (0x40f00833) sub     a6, zero, a5
core   0: 3 0x800074f0 (0x40f00833) x16 0x4aa1e1de
core   0: 0x800074f4 (0x40200c33) sub     s8, zero, sp
core   0: 3 0x800074f4 (0x40200c33) x24 0x00000001
core   0: 0x800074f8 (0x4221eb13) ori     s6, gp, 1058
core   0: 3 0x800074f8 (0x4221eb13) x22 0x00002422
core   0: 0x800074fc (0x4f3dd417) auipc   s0, 0x4f3dd
core   0: 3 0x800074fc (0x4f3dd417) x 8 0xcf3e44fc
core   0: 0x80007500 (0x011d1793) slli    a5, s10, 17
core   0: 3 0x80007500 (0x011d1793) x15 0x99f40000
core   0: 0x80007504 (0x407edb13) srai    s6, t4, 7
core   0: 3 0x80007504 (0x407edb13) x22 0x00000000
core   0: 0x80007508 (0x00000013) nop
core   0: 3 0x80007508 (0x00000013)
core   0: 0x8000750c (0x77fd81b7) lui     gp, 0x77fd8
core   0: 3 0x8000750c (0x77fd81b7) x 3 0x77fd8000
core   0: 0x80007510 (0x00000013) nop
core   0: 3 0x80007510 (0x00000013)
core   0: 0x80007514 (0x01d3da93) srli    s5, t2, 29
core   0: 3 0x80007514 (0x01d3da93) x21 0x00000004
core   0: 0x80007518 (0x213cb593) sltiu   a1, s9, 531
core   0: 3 0x80007518 (0x213cb593) x11 0x00000000
core   0: 0x8000751c (0x4073df33) sra     t5, t2, t2
core   0: 3 0x8000751c (0x4073df33) x30 0x80000000
core   0: 0x80007520 (0x40895ab3) sra     s5, s2, s0
core   0: 3 0x80007520 (0x40895ab3) x21 0x00000006
core   0: 0x80007524 (0x984e1db7) lui     s11, 0x984e1
core   0: 3 0x80007524 (0x984e1db7) x27 0x984e1000
core   0: 0x80007528 (0x2e433c93) sltiu   s9, t1, 740
core   0: 3 0x80007528 (0x2e433c93) x25 0x00000000
core   0: 0x8000752c (0x01af3633) sltu    a2, t5, s10
core   0: 3 0x8000752c (0x01af3633) x12 0x00000001
core   0: 0x80007530 (0x2447fc93) andi    s9, a5, 580
core   0: 3 0x80007530 (0x2447fc93) x25 0x00000000
core   0: 0x80007534 (0x01da2e33) slt     t3, s4, t4
core   0: 3 0x80007534 (0x01da2e33) x28 0x00000000
core   0: 0x80007538 (0xe6348d13) addi    s10, s1, -413
core   0: 3 0x80007538 (0xe6348d13) x26 0xfffffee1
core   0: 0x8000753c (0x413f54b3) sra     s1, t5, s3
core   0: 3 0x8000753c (0x413f54b3) x 9 0xffe00000
core   0: 0x80007540 (0x407ed713) srai    a4, t4, 7
core   0: 3 0x80007540 (0x407ed713) x14 0x00000000
core   0: 0x80007544 (0x010c2b33) slt     s6, s8, a6
core   0: 3 0x80007544 (0x010c2b33) x22 0x00000001
core   0: 0x80007548 (0x40cfde13) srai    t3, t6, 12
core   0: 3 0x80007548 (0x40cfde13) x28 0x00000000
core   0: 0x8000754c (0x2c88b193) sltiu   gp, a7, 712
core   0: 3 0x8000754c (0x2c88b193) x 3 0x00000000
core   0: 0x80007550 (0x219b3d13) sltiu   s10, s6, 537
core   0: 3 0x80007550 (0x219b3d13) x26 0x00000001
core   0: 0x80007554 (0x0087ddb3) srl     s11, a5, s0
core   0: 3 0x80007554 (0x0087ddb3) x27 0x00000009
core   0: 0x80007558 (0xfccec193) xori    gp, t4, -52
core   0: 3 0x80007558 (0xfccec193) x 3 0xffffffcc
core   0: 0x8000755c (0x00548d33) add     s10, s1, t0
core   0: 3 0x8000755c (0x00548d33) x26 0xffe00000
core   0: 0x80007560 (0xdfaee793) ori     a5, t4, -518
core   0: 3 0x80007560 (0xdfaee793) x15 0xfffffdfa
core   0: 0x80007564 (0x1e1fb213) sltiu   tp, t6, 481
core   0: 3 0x80007564 (0x1e1fb213) x 4 0x00000000
core   0: 0x80007568 (0x008984b3) add     s1, s3, s0
core   0: 3 0x80007568 (0x008984b3) x 9 0x4f3f5a26
core   0: 0x8000756c (0xc4677d93) andi    s11, a4, -954
core   0: 3 0x8000756c (0xc4677d93) x27 0x00000000
core   0: 0x80007570 (0x224b8a13) addi    s4, s7, 548
core   0: 3 0x80007570 (0x224b8a13) x20 0x2ed15224
core   0: 0x80007574 (0x000a81b3) add     gp, s5, zero
core   0: 3 0x80007574 (0x000a81b3) x 3 0x00000006
core   0: 0x80007578 (0x001c8033) add     zero, s9, ra
core   0: 3 0x80007578 (0x001c8033)
core   0: 0x8000757c (0xe883a593) slti    a1, t2, -376
core   0: 3 0x8000757c (0xe883a593) x11 0x00000001
core   0: 0x80007580 (0x937b2d93) slti    s11, s6, -1737
core   0: 3 0x80007580 (0x937b2d93) x27 0x00000000
core   0: 0x80007584 (0x00e75693) srli    a3, a4, 14
core   0: 3 0x80007584 (0x00e75693) x13 0x00000000
core   0: 0x80007588 (0x4164d233) sra     tp, s1, s6
core   0: 3 0x80007588 (0x4164d233) x 4 0x279fad13
core   0: 0x8000758c (0x01e73cb3) sltu    s9, a4, t5
core   0: 3 0x8000758c (0x01e73cb3) x25 0x00000001
core   0: 0x80007590 (0x005bc4b3) xor     s1, s7, t0
core   0: 3 0x80007590 (0x005bc4b3) x 9 0x2ed15000
core   0: 0x80007594 (0x0043b7b3) sltu    a5, t2, tp
core   0: 3 0x80007594 (0x0043b7b3) x15 0x00000000
core   0: 0x80007598 (0x838ed597) auipc   a1, 0x838ed
core   0: 3 0x80007598 (0x838ed597) x11 0x038f4598
core   0: 0x8000759c (0x01f9d2b3) srl     t0, s3, t6
core   0: 3 0x8000759c (0x01f9d2b3) x 5 0x8001152a
core   0: 0x800075a0 (0x0095ec33) or      s8, a1, s1
core   0: 3 0x800075a0 (0x0095ec33) x24 0x2fdf5598
core   0: 0x800075a4 (0x4b72f113) andi    sp, t0, 1207
core   0: 3 0x800075a4 (0x4b72f113) x 2 0x00000422
core   0: 0x800075a8 (0xfda81f37) lui     t5, 0xfda81
core   0: 3 0x800075a8 (0xfda81f37) x30 0xfda81000
core   0: 0x800075ac (0x429f4593) xori    a1, t5, 1065
core   0: 3 0x800075ac (0x429f4593) x11 0xfda81429
core   0: 0x800075b0 (0x013cf733) and     a4, s9, s3
core   0: 3 0x800075b0 (0x013cf733) x14 0x00000000
core   0: 0x800075b4 (0x000121b3) slt     gp, sp, zero
core   0: 3 0x800075b4 (0x000121b3) x 3 0x00000000
core   0: 0x800075b8 (0x94832693) slti    a3, t1, -1720
core   0: 3 0x800075b8 (0x94832693) x13 0x00000001
core   0: 0x800075bc (0x07ac8fb7) lui     t6, 0x7ac8
core   0: 3 0x800075bc (0x07ac8fb7) x31 0x07ac8000
core   0: 0x800075c0 (0x001336b3) sltu    a3, t1, ra
core   0: 3 0x800075c0 (0x001336b3) x13 0x00000000
core   0: 0x800075c4 (0x012a1033) sll     zero, s4, s2
core   0: 3 0x800075c4 (0x012a1033)
core   0: 0x800075c8 (0x104f7f93) andi    t6, t5, 260
core   0: 3 0x800075c8 (0x104f7f93) x31 0x00000000
core   0: 0x800075cc (0x48b5f593) andi    a1, a1, 1163
core   0: 3 0x800075cc (0x48b5f593) x11 0x00000409
core   0: 0x800075d0 (0xd078e693) ori     a3, a7, -761
core   0: 3 0x800075d0 (0xd078e693) x13 0xfffffd8f
core   0: 0x800075d4 (0xbe64e413) ori     s0, s1, -1050
core   0: 3 0x800075d4 (0xbe64e413) x 8 0xfffffbe6
core   0: 0x800075d8 (0x01bbecb3) or      s9, s7, s11
core   0: 3 0x800075d8 (0x01bbecb3) x25 0x2ed15000
core   0: 0x800075dc (0x01cc65b3) or      a1, s8, t3
core   0: 3 0x800075dc (0x01cc65b3) x11 0x2fdf5598
core   0: 0x800075e0 (0x8801c613) xori    a2, gp, -1920
core   0: 3 0x800075e0 (0x8801c613) x12 0xfffff880
core   0: 0x800075e4 (0x60e4fa93) andi    s5, s1, 1550
core   0: 3 0x800075e4 (0x60e4fa93) x21 0x00000000
core   0: 0x800075e8 (0xc5974c93) xori    s9, a4, -935
core   0: 3 0x800075e8 (0xc5974c93) x25 0xfffffc59
core   0: 0x800075ec (0x01651eb3) sll     t4, a0, s6
core   0: 3 0x800075ec (0x01651eb3) x29 0x00021cc8
core   0: 0x800075f0 (0xe2e88d93) addi    s11, a7, -466
core   0: 3 0x800075f0 (0xe2e88d93) x27 0x080003bd
core   0: 0x800075f4 (0x411eda33) sra     s4, t4, a7
core   0: 3 0x800075f4 (0x411eda33) x20 0x00000004
core   0: 0x800075f8 (0x003e4f33) xor     t5, t3, gp
core   0: 3 0x800075f8 (0x003e4f33) x30 0x00000000
core   0: 0x800075fc (0x409407b3) sub     a5, s0, s1
core   0: 3 0x800075fc (0x409407b3) x15 0xd12eabe6
core   0: 0x80007600 (0x407008b3) sub     a7, zero, t2
core   0: 3 0x80007600 (0x407008b3) x17 0x80000000
core   0: 0x80007604 (0x10eb6193) ori     gp, s6, 270
core   0: 3 0x80007604 (0x10eb6193) x 3 0x0000010f
core   0: 0x80007608 (0x0153e933) or      s2, t2, s5
core   0: 3 0x80007608 (0x0153e933) x18 0x80000000
core   0: 0x8000760c (0x015edc93) srli    s9, t4, 21
core   0: 3 0x8000760c (0x015edc93) x25 0x00000000
core   0: 0x80007610 (0x74072913) slti    s2, a4, 1856
core   0: 3 0x80007610 (0x74072913) x18 0x00000001
core   0: 0x80007614 (0x405b5c13) srai    s8, s6, 5
core   0: 3 0x80007614 (0x405b5c13) x24 0x00000000
core   0: 0x80007618 (0x9a11d097) auipc   ra, 0x9a11d
core   0: 3 0x80007618 (0x9a11d097) x 1 0x1a124618
core   0: 0x8000761c (0x00eca7b3) slt     a5, s9, a4
core   0: 3 0x8000761c (0x00eca7b3) x15 0x00000000
core   0: 0x80007620 (0x01a8ca33) xor     s4, a7, s10
core   0: 3 0x80007620 (0x01a8ca33) x20 0x7fe00000
core   0: 0x80007624 (0x4144dc13) srai    s8, s1, 20
core   0: 3 0x80007624 (0x4144dc13) x24 0x000002ed
core   0: 0x80007628 (0x00000013) nop
core   0: 3 0x80007628 (0x00000013)
core   0: 0x8000762c (0x7917fa97) auipc   s5, 0x7917f
core   0: 3 0x8000762c (0x7917fa97) x21 0xf918662c
core   0: 0x80007630 (0x65b94913) xori    s2, s2, 1627
core   0: 3 0x80007630 (0x65b94913) x18 0x0000065a
core   0: 0x80007634 (0x06c1e793) ori     a5, gp, 108
core   0: 3 0x80007634 (0x06c1e793) x15 0x0000016f
core   0: 0x80007638 (0x28c45b37) lui     s6, 0x28c45
core   0: 3 0x80007638 (0x28c45b37) x22 0x28c45000
core   0: 0x8000763c (0x68634593) xori    a1, t1, 1670
core   0: 3 0x8000763c (0x68634593) x11 0x80014a62
core   0: 0x80007640 (0x0024a433) slt     s0, s1, sp
core   0: 3 0x80007640 (0x0024a433) x 8 0x00000000
core   0: 0x80007644 (0x407b80b3) sub     ra, s7, t2
core   0: 3 0x80007644 (0x407b80b3) x 1 0xaed15000
core   0: 0x80007648 (0x01206db3) or      s11, zero, s2
core   0: 3 0x80007648 (0x01206db3) x27 0x0000065a
core   0: 0x8000764c (0x003d9633) sll     a2, s11, gp
core   0: 3 0x8000764c (0x003d9633) x12 0x032d0000
core   0: 0x80007650 (0xf1f0a093) slti    ra, ra, -225
core   0: 3 0x80007650 (0xf1f0a093) x 1 0x00000001
core   0: 0x80007654 (0x21a2bf93) sltiu   t6, t0, 538
core   0: 3 0x80007654 (0x21a2bf93) x31 0x00000000
core   0: 0x80007658 (0x0152a233) slt     tp, t0, s5
core   0: 3 0x80007658 (0x0152a233) x 4 0x00000001
core   0: 0x8000765c (0x016a59b3) srl     s3, s4, s6
core   0: 3 0x8000765c (0x016a59b3) x19 0x7fe00000
core   0: 0x80007660 (0x408458b3) sra     a7, s0, s0
core   0: 3 0x80007660 (0x408458b3) x17 0x00000000
core   0: 0x80007664 (0x7bbd8b17) auipc   s6, 0x7bbd8
core   0: 3 0x80007664 (0x7bbd8b17) x22 0xfbbdf664
core   0: 0x80007668 (0x00bfad33) slt     s10, t6, a1
core   0: 3 0x80007668 (0x00bfad33) x26 0x00000000
core   0: 0x8000766c (0x00a84933) xor     s2, a6, a0
core   0: 3 0x8000766c (0x00a84933) x18 0xcaa0efba
core   0: 0x80007670 (0x41d05c33) sra     s8, zero, t4
core   0: 3 0x80007670 (0x41d05c33) x24 0x00000000
core   0: 0x80007674 (0x00427633) and     a2, tp, tp
core   0: 3 0x80007674 (0x00427633) x12 0x00000001
core   0: 0x80007678 (0x5b1339b7) lui     s3, 0x5b133
core   0: 3 0x80007678 (0x5b1339b7) x19 0x5b133000
core   0: 0x8000767c (0x41cad713) srai    a4, s5, 28
core   0: 3 0x8000767c (0x41cad713) x14 0xffffffff
core   0: 0x80007680 (0x41d25993) srai    s3, tp, 29
core   0: 3 0x80007680 (0x41d25993) x19 0x00000000
core   0: 0x80007684 (0x5e897e37) lui     t3, 0x5e897
core   0: 3 0x80007684 (0x5e897e37) x28 0x5e897000
core   0: 0x80007688 (0x01427033) and     zero, tp, s4
core   0: 3 0x80007688 (0x01427033)
core   0: 0x8000768c (0xe8e6e893) ori     a7, a3, -370
core   0: 3 0x8000768c (0xe8e6e893) x17 0xffffff8f
core   0: 0x80007690 (0x019d6cb3) or      s9, s10, s9
core   0: 3 0x80007690 (0x019d6cb3) x25 0x00000000
core   0: 0x80007694 (0x6969fe93) andi    t4, s3, 1686
core   0: 3 0x80007694 (0x6969fe93) x29 0x00000000
core   0: 0x80007698 (0x84eecf13) xori    t5, t4, -1970
core   0: 3 0x80007698 (0x84eecf13) x30 0xfffff84e
core   0: 0x8000769c (0xf4eb4637) lui     a2, 0xf4eb4
core   0: 3 0x8000769c (0xf4eb4637) x12 0xf4eb4000
core   0: 0x800076a0 (0x51496917) auipc   s2, 0x51496
core   0: 3 0x800076a0 (0x51496917) x18 0xd149d6a0
core   0: 0x800076a4 (0x4273e793) ori     a5, t2, 1063
core   0: 3 0x800076a4 (0x4273e793) x15 0x80000427
core   0: 0x800076a8 (0x00277433) and     s0, a4, sp
core   0: 3 0x800076a8 (0x00277433) x 8 0x00000422
core   0: 0x800076ac (0x004c5b13) srli    s6, s8, 4
core   0: 3 0x800076ac (0x004c5b13) x22 0x00000000
core   0: 0x800076b0 (0x016cdbb3) srl     s7, s9, s6
core   0: 3 0x800076b0 (0x016cdbb3) x23 0x00000000
core   0: 0x800076b4 (0x014a4433) xor     s0, s4, s4
core   0: 3 0x800076b4 (0x014a4433) x 8 0x00000000
core   0: 0x800076b8 (0x41a40433) sub     s0, s0, s10
core   0: 3 0x800076b8 (0x41a40433) x 8 0x00000000
core   0: 0x800076bc (0x41c40033) sub     zero, s0, t3
core   0: 3 0x800076bc (0x41c40033)
core   0: 0x800076c0 (0x60626013) ori     zero, tp, 1542
core   0: 3 0x800076c0 (0x60626013)
core   0: 0x800076c4 (0x48543413) sltiu   s0, s0, 1157
core   0: 3 0x800076c4 (0x48543413) x 8 0x00000001
core   0: 0x800076c8 (0x011f3133) sltu    sp, t5, a7
core   0: 3 0x800076c8 (0x011f3133) x 2 0x00000001
core   0: 0x800076cc (0x00148b33) add     s6, s1, ra
core   0: 3 0x800076cc (0x00148b33) x22 0x2ed15001
core   0: 0x800076d0 (0x40af5f13) srai    t5, t5, 10
core   0: 3 0x800076d0 (0x40af5f13) x30 0xfffffffe
core   0: 0x800076d4 (0x012ad133) srl     sp, s5, s2
core   0: 3 0x800076d4 (0x012ad133) x 2 0xf918662c
core   0: 0x800076d8 (0x00b7e833) or      a6, a5, a1
core   0: 3 0x800076d8 (0x00b7e833) x16 0x80014e67
core   0: 0x800076dc (0xafeaa7b7) lui     a5, 0xafeaa
core   0: 3 0x800076dc (0xafeaa7b7) x15 0xafeaa000
core   0: 0x800076e0 (0x01e24f33) xor     t5, tp, t5
core   0: 3 0x800076e0 (0x01e24f33) x30 0xffffffff
core   0: 0x800076e4 (0x010de733) or      a4, s11, a6
core   0: 3 0x800076e4 (0x010de733) x14 0x80014e7f
core   0: 0x800076e8 (0x015872b3) and     t0, a6, s5
core   0: 3 0x800076e8 (0x015872b3) x 5 0x80004624
core   0: 0x800076ec (0x01128db3) add     s11, t0, a7
core   0: 3 0x800076ec (0x01128db3) x27 0x800045b3
core   0: 0x800076f0 (0x00a32433) slt     s0, t1, a0
core   0: 3 0x800076f0 (0x00a32433) x 8 0x00000000
core   0: 0x800076f4 (0x9c345c17) auipc   s8, 0x9c345
core   0: 3 0x800076f4 (0x9c345c17) x24 0x1c34c6f4
core   0: 0x800076f8 (0x412fd913) srai    s2, t6, 18
core   0: 3 0x800076f8 (0x412fd913) x18 0x00000000
core   0: 0x800076fc (0x01c3d093) srli    ra, t2, 28
core   0: 3 0x800076fc (0x01c3d093) x 1 0x00000008
core   0: 0x80007700 (0x012e0cb3) add     s9, t3, s2
core   0: 3 0x80007700 (0x012e0cb3) x25 0x5e897000
core   0: 0x80007704 (0x01a41eb3) sll     t4, s0, s10
core   0: 3 0x80007704 (0x01a41eb3) x29 0x00000000
core   0: 0x80007708 (0x56568713) addi    a4, a3, 1381
core   0: 3 0x80007708 (0x56568713) x14 0x000002f4
core   0: 0x8000770c (0x0032d2b3) srl     t0, t0, gp
core   0: 3 0x8000770c (0x0032d2b3) x 5 0x00010000
core   0: 0x80007710 (0x01abd633) srl     a2, s7, s10
core   0: 3 0x80007710 (0x01abd633) x12 0x00000000
core   0: 0x80007714 (0xdeec2837) lui     a6, 0xdeec2
core   0: 3 0x80007714 (0xdeec2837) x16 0xdeec2000
core   0: 0x80007718 (0x40ca5733) sra     a4, s4, a2
core   0: 3 0x80007718 (0x40ca5733) x14 0x7fe00000
core   0: 0x8000771c (0x01a31893) slli    a7, t1, 26
core   0: 3 0x8000771c (0x01a31893) x17 0x90000000
core   0: 0x80007720 (0x01cc1133) sll     sp, s8, t3
core   0: 3 0x80007720 (0x01cc1133) x 2 0x1c34c6f4
core   0: 0x80007724 (0x00259233) sll     tp, a1, sp
core   0: 3 0x80007724 (0x00259233) x 4 0xa6200000
core   0: 0x80007728 (0x0025b2b3) sltu    t0, a1, sp
core   0: 3 0x80007728 (0x0025b2b3) x 5 0x00000000
core   0: 0x8000772c (0xc3cc6293) ori     t0, s8, -964
core   0: 3 0x8000772c (0xc3cc6293) x 5 0xfffffefc
core   0: 0x80007730 (0x013c1f93) slli    t6, s8, 19
core   0: 3 0x80007730 (0x013c1f93) x31 0x37a00000
core   0: 0x80007734 (0x35748c13) addi    s8, s1, 855
core   0: 3 0x80007734 (0x35748c13) x24 0x2ed15357
core   0: 0x80007738 (0x1aa3be13) sltiu   t3, t2, 426
core   0: 3 0x80007738 (0x1aa3be13) x28 0x00000000
core   0: 0x8000773c (0x0002ec33) or      s8, t0, zero
core   0: 3 0x8000773c (0x0002ec33) x24 0xfffffefc
core   0: 0x80007740 (0x01ae8917) auipc   s2, 0x1ae8
core   0: 3 0x80007740 (0x01ae8917) x18 0x81aef740
core   0: 0x80007744 (0x0194b833) sltu    a6, s1, s9
core   0: 3 0x80007744 (0x0194b833) x16 0x00000001
core   0: 0x80007748 (0x01b9d133) srl     sp, s3, s11
core   0: 3 0x80007748 (0x01b9d133) x 2 0x00000000
core   0: 0x8000774c (0x404254b3) sra     s1, tp, tp
core   0: 3 0x8000774c (0x404254b3) x 9 0xa6200000
core   0: 0x80007750 (0x019c7033) and     zero, s8, s9
core   0: 3 0x80007750 (0x019c7033)
core   0: 0x80007754 (0x41ec8eb3) sub     t4, s9, t5
core   0: 3 0x80007754 (0x41ec8eb3) x29 0x5e897001
core   0: 0x80007758 (0x037a0c17) auipc   s8, 0x37a0
core   0: 3 0x80007758 (0x037a0c17) x24 0x837a7758
core   0: 0x8000775c (0x4a72c597) auipc   a1, 0x4a72c
core   0: 3 0x8000775c (0x4a72c597) x11 0xca73375c
core   0: 0x80007760 (0x01ca57b3) srl     a5, s4, t3
core   0: 3 0x80007760 (0x01ca57b3) x15 0x7fe00000
core   0: 0x80007764 (0xdc3fcb93) xori    s7, t6, -573
core   0: 3 0x80007764 (0xdc3fcb93) x23 0xc85ffdc3
core   0: 0x80007768 (0x0056db93) srli    s7, a3, 5
core   0: 3 0x80007768 (0x0056db93) x23 0x07ffffec
core   0: 0x8000776c (0x018d0a33) add     s4, s10, s8
core   0: 3 0x8000776c (0x018d0a33) x20 0x837a7758
core   0: 0x80007770 (0x01177833) and     a6, a4, a7
core   0: 3 0x80007770 (0x01177833) x16 0x10000000
core   0: 0x80007774 (0x41a6db33) sra     s6, a3, s10
core   0: 3 0x80007774 (0x41a6db33) x22 0xfffffd8f
core   0: 0x80007778 (0x003aa233) slt     tp, s5, gp
core   0: 3 0x80007778 (0x003aa233) x 4 0x00000001
core   0: 0x8000777c (0x005abeb3) sltu    t4, s5, t0
core   0: 3 0x8000777c (0x005abeb3) x29 0x00000001
core   0: 0x80007780 (0x006dcbb3) xor     s7, s11, t1
core   0: 3 0x80007780 (0x006dcbb3) x23 0x00010957
core   0: 0x80007784 (0x00d87e33) and     t3, a6, a3
core   0: 3 0x80007784 (0x00d87e33) x28 0x10000000
core   0: 0x80007788 (0x0030ee33) or      t3, ra, gp
core   0: 3 0x80007788 (0x0030ee33) x28 0x0000010f
core   0: 0x8000778c (0x00a116b3) sll     a3, sp, a0
core   0: 3 0x8000778c (0x00a116b3) x13 0x00000000
core   0: 0x80007790 (0xdf4cee93) ori     t4, s9, -524
core   0: 3 0x80007790 (0xdf4cee93) x29 0xfffffdf4
core   0: 0x80007794 (0x45bffa93) andi    s5, t6, 1115
core   0: 3 0x80007794 (0x45bffa93) x21 0x00000000
core   0: 0x80007798 (0x7e6b3c13) sltiu   s8, s6, 2022
core   0: 3 0x80007798 (0x7e6b3c13) x24 0x00000000
core   0: 0x8000779c (0x4c194293) xori    t0, s2, 1217
core   0: 3 0x8000779c (0x4c194293) x 5 0x81aef381
core   0: 0x800077a0 (0x68886e13) ori     t3, a6, 1672
core   0: 3 0x800077a0 (0x68886e13) x28 0x10000688
core   0: 0x800077a4 (0x00f367b3) or      a5, t1, a5
core   0: 3 0x800077a4 (0x00f367b3) x15 0xffe14ce4
core   0: 0x800077a8 (0x00000013) nop
core   0: 3 0x800077a8 (0x00000013)
core   0: 0x800077ac (0x0026b933) sltu    s2, a3, sp
core   0: 3 0x800077ac (0x0026b933) x18 0x00000000
core   0: 0x800077b0 (0xa3552493) slti    s1, a0, -1483
core   0: 3 0x800077b0 (0xa3552493) x 9 0x00000001
core   0: 0x800077b4 (0xfb6cad93) slti    s11, s9, -74
core   0: 3 0x800077b4 (0xfb6cad93) x27 0x00000000
core   0: 0x800077b8 (0x01c61b93) slli    s7, a2, 28
core   0: 3 0x800077b8 (0x01c61b93) x23 0x00000000
core   0: 0x800077bc (0xc52f8793) addi    a5, t6, -942
core   0: 3 0x800077bc (0xc52f8793) x15 0x379ffc52
core   0: 0x800077c0 (0xc8d5a613) slti    a2, a1, -883
core   0: 3 0x800077c0 (0xc8d5a613) x12 0x00000001
core   0: 0x800077c4 (0x015742b3) xor     t0, a4, s5
core   0: 3 0x800077c4 (0x015742b3) x 5 0x7fe00000
core   0: 0x800077c8 (0x01e50733) add     a4, a0, t5
core   0: 3 0x800077c8 (0x01e50733) x14 0x80010e63
core   0: 0x800077cc (0x0179aab3) slt     s5, s3, s7
core   0: 3 0x800077cc (0x0179aab3) x21 0x00000000
core   0: 0x800077d0 (0x0030b233) sltu    tp, ra, gp
core   0: 3 0x800077d0 (0x0030b233) x 4 0x00000001
core   0: 0x800077d4 (0x743d8097) auipc   ra, 0x743d8
core   0: 3 0x800077d4 (0x743d8097) x 1 0xf43df7d4
core   0: 0x800077d8 (0x413bda33) sra     s4, s7, s3
core   0: 3 0x800077d8 (0x413bda33) x20 0x00000000
core   0: 0x800077dc (0x5146f013) andi    zero, a3, 1300
core   0: 3 0x800077dc (0x5146f013)
core   0: 0x800077e0 (0x016220b3) slt     ra, tp, s6
core   0: 3 0x800077e0 (0x016220b3) x 1 0x00000000
core   0: 0x800077e4 (0x405584b3) sub     s1, a1, t0
core   0: 3 0x800077e4 (0x405584b3) x 9 0x4a93375c
core   0: 0x800077e8 (0x00b805b3) add     a1, a6, a1
core   0: 3 0x800077e8 (0x00b805b3) x11 0xda73375c
core   0: 0x800077ec (0x0026da93) srli    s5, a3, 2
core   0: 3 0x800077ec (0x0026da93) x21 0x00000000
core   0: 0x800077f0 (0x00000013) nop
core   0: 3 0x800077f0 (0x00000013)
core   0: 0x800077f4 (0x0179d033) srl     zero, s3, s7
core   0: 3 0x800077f4 (0x0179d033)
core   0: 0x800077f8 (0x00000013) nop
core   0: 3 0x800077f8 (0x00000013)
core   0: 0x800077fc (0xaeb83a13) sltiu   s4, a6, -1301
core   0: 3 0x800077fc (0xaeb83a13) x20 0x00000001
core   0: 0x80007800 (0x00b4ceb3) xor     t4, s1, a1
core   0: 3 0x80007800 (0x00b4ceb3) x29 0x90e00000
core   0: 0x80007804 (0x004910b3) sll     ra, s2, tp
core   0: 3 0x80007804 (0x004910b3) x 1 0x00000000
core   0: 0x80007808 (0x40c5da93) srai    s5, a1, 12
core   0: 3 0x80007808 (0x40c5da93) x21 0xfffda733
core   0: 0x8000780c (0x2cd8c997) auipc   s3, 0x2cd8c
core   0: 3 0x8000780c (0x2cd8c997) x19 0xacd9380c
core   0: 0x80007810 (0x415fddb3) sra     s11, t6, s5
core   0: 3 0x80007810 (0x415fddb3) x27 0x000006f4
core   0: 0x80007814 (0x00279493) slli    s1, a5, 2
core   0: 3 0x80007814 (0x00279493) x 9 0xde7ff148
core   0: 0x80007818 (0x00000013) nop
core   0: 3 0x80007818 (0x00000013)
core   0: 0x8000781c (0x41bd8433) sub     s0, s11, s11
core   0: 3 0x8000781c (0x41bd8433) x 8 0x00000000
core   0: 0x80007820 (0xfe4ad4b7) lui     s1, 0xfe4ad
core   0: 3 0x80007820 (0xfe4ad4b7) x 9 0xfe4ad000
core   0: 0x80007824 (0x3a448493) addi    s1, s1, 932
core   0: 3 0x80007824 (0x3a448493) x 9 0xfe4ad3a4
core   0: 0x80007828 (0x00000413) li      s0, 0
core   0: 3 0x80007828 (0x00000413) x 8 0x00000000
core   0: 0x8000782c (0x80000fb7) lui     t6, 0x80000
core   0: 3 0x8000782c (0x80000fb7) x31 0x80000000
core   0: 0x80007830 (0xfff00113) li      sp, -1
core   0: 3 0x80007830 (0xfff00113) x 2 0xffffffff
core   0: 0x80007834 (0x6d7957b7) lui     a5, 0x6d795
core   0: 3 0x80007834 (0x6d7957b7) x15 0x6d795000
core   0: 0x80007838 (0xd3478793) addi    a5, a5, -716
core   0: 3 0x80007838 (0xd3478793) x15 0x6d794d34
core   0: 0x8000783c (0x80000c37) lui     s8, 0x80000
core   0: 3 0x8000783c (0x80000c37) x24 0x80000000
core   0: 0x80007840 (0x2e5d2bb7) lui     s7, 0x2e5d2
core   0: 3 0x80007840 (0x2e5d2bb7) x23 0x2e5d2000
core   0: 0x80007844 (0x20cb8b93) addi    s7, s7, 524
core   0: 3 0x80007844 (0x20cb8b93) x23 0x2e5d220c
core   0: 0x80007848 (0x80000e37) lui     t3, 0x80000
core   0: 3 0x80007848 (0x80000e37) x28 0x80000000
core   0: 0x8000784c (0xd3b15237) lui     tp, 0xd3b15
core   0: 3 0x8000784c (0xd3b15237) x 4 0xd3b15000
core   0: 0x80007850 (0xa6a20213) addi    tp, tp, -1430
core   0: 3 0x80007850 (0xa6a20213) x 4 0xd3b14a6a
core   0: 0x80007854 (0xd3040db7) lui     s11, 0xd3040
core   0: 3 0x80007854 (0xd3040db7) x27 0xd3040000
core   0: 0x80007858 (0x6c0d8d93) addi    s11, s11, 1728
core   0: 3 0x80007858 (0x6c0d8d93) x27 0xd30406c0
core   0: 0x8000785c (0x30fe0b93) addi    s7, t3, 783
core   0: 3 0x8000785c (0x30fe0b93) x23 0x8000030f
core   0: 0x80007860 (0xe00e1137) lui     sp, 0xe00e1
core   0: 3 0x80007860 (0xe00e1137) x 2 0xe00e1000
core   0: 0x80007864 (0x408b8fb3) sub     t6, s7, s0
core   0: 3 0x80007864 (0x408b8fb3) x31 0x8000030f
core   0: 0x80007868 (0x3d64d137) lui     sp, 0x3d64d
core   0: 3 0x80007868 (0x3d64d137) x 2 0x3d64d000
core   0: 0x8000786c (0x963e3c37) lui     s8, 0x963e3
core   0: 3 0x8000786c (0x963e3c37) x24 0x963e3000
core   0: 0x80007870 (0x00840c33) add     s8, s0, s0
core   0: 3 0x80007870 (0x00840c33) x24 0x00000000
core   0: 0x80007874 (0xb0c20413) addi    s0, tp, -1268
core   0: 3 0x80007874 (0xb0c20413) x 8 0xd3b14576
core   0: 0x80007878 (0xa6c56f97) auipc   t6, 0xa6c56
core   0: 3 0x80007878 (0xa6c56f97) x31 0x26c5d878
core   0: 0x8000787c (0x00000013) nop
core   0: 3 0x8000787c (0x00000013)
core   0: 0x80007880 (0x01bd8fb3) add     t6, s11, s11
core   0: 3 0x80007880 (0x01bd8fb3) x31 0xa6080d80
core   0: 0x80007884 (0x17cd8113) addi    sp, s11, 380
core   0: 3 0x80007884 (0x17cd8113) x 2 0xd304083c
core   0: 0x80007888 (0x00878fb3) add     t6, a5, s0
core   0: 3 0x80007888 (0x00878fb3) x31 0x412a92aa
core   0: 0x8000788c (0x41c404b3) sub     s1, s0, t3
core   0: 3 0x8000788c (0x41c404b3) x 9 0x53b14576
core   0: 0x80007890 (0x44ed8493) addi    s1, s11, 1102
core   0: 3 0x80007890 (0x44ed8493) x 9 0xd3040b0e
core   0: 0x80007894 (0x0e810f93) addi    t6, sp, 232
core   0: 3 0x80007894 (0x0e810f93) x31 0xd3040924
core   0: 0x80007898 (0x27a03797) auipc   a5, 0x27a03
core   0: 3 0x80007898 (0x27a03797) x15 0xa7a0a898
core   0: 0x8000789c (0xdb2154b7) lui     s1, 0xdb215
core   0: 3 0x8000789c (0xdb2154b7) x 9 0xdb215000
core   0: 0x800078a0 (0xc8979137) lui     sp, 0xc8979
core   0: 3 0x800078a0 (0xc8979137) x 2 0xc8979000
core   0: 0x800078a4 (0x87538237) lui     tp, 0x87538
core   0: 3 0x800078a4 (0x87538237) x 4 0x87538000
core   0: 0x800078a8 (0x408e0133) sub     sp, t3, s0
core   0: 3 0x800078a8 (0x408e0133) x 2 0xac4eba8a
core   0: 0x800078ac (0x00fc0fb3) add     t6, s8, a5
core   0: 3 0x800078ac (0x00fc0fb3) x31 0xa7a0a898
core   0: 0x800078b0 (0x00000013) nop
core   0: 3 0x800078b0 (0x00000013)
core   0: 0x800078b4 (0x00000013) nop
core   0: 3 0x800078b4 (0x00000013)
core   0: 0x800078b8 (0xdbee8217) auipc   tp, 0xdbee8
core   0: 3 0x800078b8 (0xdbee8217) x 4 0x5beef8b8
core   0: 0x800078bc (0x0bb2bc17) auipc   s8, 0xbb2b
core   0: 3 0x800078bc (0x0bb2bc17) x24 0x8bb328bc
core   0: 0x800078c0 (0x010e1bb3) sll     s7, t3, a6
core   0: 3 0x800078c0 (0x010e1bb3) x23 0x80000000
core   0: 0x800078c4 (0x11836f37) lui     t5, 0x11836
core   0: 3 0x800078c4 (0x11836f37) x30 0x11836000
core   0: 0x800078c8 (0x01dd4db3) xor     s11, s10, t4
core   0: 3 0x800078c8 (0x01dd4db3) x27 0x90e00000
core   0: 0x800078cc (0x6a51d737) lui     a4, 0x6a51d
core   0: 3 0x800078cc (0x6a51d737) x14 0x6a51d000
core   0: 0x800078d0 (0x94577093) andi    ra, a4, -1723
core   0: 3 0x800078d0 (0x94577093) x 1 0x6a51d000
core   0: 0x800078d4 (0x489be493) ori     s1, s7, 1161
core   0: 3 0x800078d4 (0x489be493) x 9 0x80000489
core   0: 0x800078d8 (0xb2a48593) addi    a1, s1, -1238
core   0: 3 0x800078d8 (0xb2a48593) x11 0x7fffffb3
core   0: 0x800078dc (0x00d221b3) slt     gp, tp, a3
core   0: 3 0x800078dc (0x00d221b3) x 3 0x00000000
core   0: 0x800078e0 (0x01568d33) add     s10, a3, s5
core   0: 3 0x800078e0 (0x01568d33) x26 0xfffda733
core   0: 0x800078e4 (0xf639f493) andi    s1, s3, -157
core   0: 3 0x800078e4 (0xf639f493) x 9 0xacd93800
core   0: 0x800078e8 (0x68b4b413) sltiu   s0, s1, 1675
core   0: 3 0x800078e8 (0x68b4b413) x 8 0x00000000
core   0: 0x800078ec (0x84ce0113) addi    sp, t3, -1972
core   0: 3 0x800078ec (0x84ce0113) x 2 0x7ffff84c
core   0: 0x800078f0 (0x00000013) nop
core   0: 3 0x800078f0 (0x00000013)
core   0: 0x800078f4 (0x40a0d433) sra     s0, ra, a0
core   0: 3 0x800078f4 (0x40a0d433) x 8 0x06a51d00
core   0: 0x800078f8 (0x413e80b3) sub     ra, t4, s3
core   0: 3 0x800078f8 (0x413e80b3) x 1 0xe406c7f4
core   0: 0x800078fc (0x414cd933) sra     s2, s9, s4
core   0: 3 0x800078fc (0x414cd933) x18 0x2f44b800
core   0: 0x80007900 (0x012d99b3) sll     s3, s11, s2
core   0: 3 0x80007900 (0x012d99b3) x19 0x90e00000
core   0: 0x80007904 (0x018ede33) srl     t3, t4, s8
core   0: 3 0x80007904 (0x018ede33) x28 0x00000009
core   0: 0x80007908 (0x41b85b93) srai    s7, a6, 27
core   0: 3 0x80007908 (0x41b85b93) x23 0x00000002
core   0: 0x8000790c (0xfaad7c93) andi    s9, s10, -86
core   0: 3 0x8000790c (0xfaad7c93) x25 0xfffda722
core   0: 0x80007910 (0x0018b6b3) sltu    a3, a7, ra
core   0: 3 0x80007910 (0x0018b6b3) x13 0x00000001
core   0: 0x80007914 (0x018c9ab3) sll     s5, s9, s8
core   0: 3 0x80007914 (0x018c9ab3) x21 0x20000000
core   0: 0x80007918 (0x018c01b3) add     gp, s8, s8
core   0: 3 0x80007918 (0x018c01b3) x 3 0x17665178
core   0: 0x8000791c (0x00afd113) srli    sp, t6, 10
core   0: 3 0x8000791c (0x00afd113) x 2 0x0029e82a
core   0: 0x80007920 (0x00e87db3) and     s11, a6, a4
core   0: 3 0x80007920 (0x00e87db3) x27 0x00000000
core   0: 0x80007924 (0x0137e5b3) or      a1, a5, s3
core   0: 3 0x80007924 (0x0137e5b3) x11 0xb7e0a898
core   0: 0x80007928 (0x4043db93) srai    s7, t2, 4
core   0: 3 0x80007928 (0x4043db93) x23 0xf8000000
core   0: 0x8000792c (0x6189b4b7) lui     s1, 0x6189b
core   0: 3 0x8000792c (0x6189b4b7) x 9 0x6189b000
core   0: 0x80007930 (0x00e692b3) sll     t0, a3, a4
core   0: 3 0x80007930 (0x00e692b3) x 5 0x00000001
core   0: 0x80007934 (0x51208f13) addi    t5, ra, 1298
core   0: 3 0x80007934 (0x51208f13) x30 0xe406cd06
core   0: 0x80007938 (0xe633ee93) ori     t4, t2, -413
core   0: 3 0x80007938 (0xe633ee93) x29 0xfffffe63
core   0: 0x8000793c (0xf55ab593) sltiu   a1, s5, -171
core   0: 3 0x8000793c (0xf55ab593) x11 0x00000001
core   0: 0x80007940 (0x49220813) addi    a6, tp, 1170
core   0: 3 0x80007940 (0x49220813) x16 0x5beefd4a
core   0: 0x80007944 (0x014eeb33) or      s6, t4, s4
core   0: 3 0x80007944 (0x014eeb33) x22 0xfffffe63
core   0: 0x80007948 (0x90429817) auipc   a6, 0x90429
core   0: 3 0x80007948 (0x90429817) x16 0x10430948
core   0: 0x8000794c (0x00d04d33) xor     s10, zero, a3
core   0: 3 0x8000794c (0x00d04d33) x26 0x00000001
core   0: 0x80007950 (0x00317d33) and     s10, sp, gp
core   0: 3 0x80007950 (0x00317d33) x26 0x00204028
core   0: 0x80007954 (0xc8784993) xori    s3, a6, -889
core   0: 3 0x80007954 (0xc8784993) x19 0xefbcf5cf
core   0: 0x80007958 (0x40d3d5b3) sra     a1, t2, a3
core   0: 3 0x80007958 (0x40d3d5b3) x11 0xc0000000
core   0: 0x8000795c (0x40ee5813) srai    a6, t3, 14
core   0: 3 0x8000795c (0x40ee5813) x16 0x00000000
core   0: 0x80007960 (0x01fa1e93) slli    t4, s4, 31
core   0: 3 0x80007960 (0x01fa1e93) x29 0x80000000
core   0: 0x80007964 (0x01af76b3) and     a3, t5, s10
core   0: 3 0x80007964 (0x01af76b3) x13 0x00004000
core   0: 0x80007968 (0x9f682993) slti    s3, a6, -1546
core   0: 3 0x80007968 (0x9f682993) x19 0x00000000
core   0: 0x8000796c (0x01361633) sll     a2, a2, s3
core   0: 3 0x8000796c (0x01361633) x12 0x00000001
core   0: 0x80007970 (0x0130d733) srl     a4, ra, s3
core   0: 3 0x80007970 (0x0130d733) x14 0xe406c7f4
core   0: 0x80007974 (0xf7bc2497) auipc   s1, 0xf7bc2
core   0: 3 0x80007974 (0xf7bc2497) x 9 0x77bc9974
core   0: 0x80007978 (0x2f3eaf97) auipc   t6, 0x2f3ea
core   0: 3 0x80007978 (0x2f3eaf97) x31 0xaf3f1978
core   0: 0x8000797c (0x00f896b3) sll     a3, a7, a5
core   0: 3 0x8000797c (0x00f896b3) x13 0x00000000
core   0: 0x80007980 (0x4095d0b3) sra     ra, a1, s1
core   0: 3 0x80007980 (0x4095d0b3) x 1 0xfffffc00
core   0: 0x80007984 (0x40a80cb3) sub     s9, a6, a0
core   0: 3 0x80007984 (0x40a80cb3) x25 0x7ffef19c
core   0: 0x80007988 (0x4087d813) srai    a6, a5, 8
core   0: 3 0x80007988 (0x4087d813) x16 0xffa7a0a8
core   0: 0x8000798c (0x00ddf233) and     tp, s11, a3
core   0: 3 0x8000798c (0x00ddf233) x 4 0x00000000
core   0: 0x80007990 (0x94368f13) addi    t5, a3, -1725
core   0: 3 0x80007990 (0x94368f13) x30 0xfffff943
core   0: 0x80007994 (0x01841ab3) sll     s5, s0, s8
core   0: 3 0x80007994 (0x01841ab3) x21 0x00000000
core   0: 0x80007998 (0x4f1aacb7) lui     s9, 0x4f1aa
core   0: 3 0x80007998 (0x4f1aacb7) x25 0x4f1aa000
core   0: 0x8000799c (0xf68f1b17) auipc   s6, 0xf68f1
core   0: 3 0x8000799c (0xf68f1b17) x22 0x768f899c
core   0: 0x800079a0 (0x00a027b3) slt     a5, zero, a0
core   0: 3 0x800079a0 (0x00a027b3) x15 0x00000000
core   0: 0x800079a4 (0x013d6113) ori     sp, s10, 19
core   0: 3 0x800079a4 (0x013d6113) x 2 0x0020403b
core   0: 0x800079a8 (0x8e5e0b93) addi    s7, t3, -1819
core   0: 3 0x800079a8 (0x8e5e0b93) x23 0xfffff8ee
core   0: 0x800079ac (0x0141d593) srli    a1, gp, 20
core   0: 3 0x800079ac (0x0141d593) x11 0x00000176
core   0: 0x800079b0 (0x006d5833) srl     a6, s10, t1
core   0: 3 0x800079b0 (0x006d5833) x16 0x00020402
core   0: 0x800079b4 (0x00000013) nop
core   0: 3 0x800079b4 (0x00000013)
core   0: 0x800079b8 (0x00433fb3) sltu    t6, t1, tp
core   0: 3 0x800079b8 (0x00433fb3) x31 0x00000000
core   0: 0x800079bc (0x01c41c93) slli    s9, s0, 28
core   0: 3 0x800079bc (0x01c41c93) x25 0x00000000
core   0: 0x800079c0 (0xd0df2193) slti    gp, t5, -755
core   0: 3 0x800079c0 (0xd0df2193) x 3 0x00000001
core   0: 0x800079c4 (0x01189f93) slli    t6, a7, 17
core   0: 3 0x800079c4 (0x01189f93) x31 0x00000000
core   0: 0x800079c8 (0x00f29d93) slli    s11, t0, 15
core   0: 3 0x800079c8 (0x00f29d93) x27 0x00008000
core   0: 0x800079cc (0x00504993) xori    s3, zero, 5
core   0: 3 0x800079cc (0x00504993) x19 0x00000005
core   0: 0x800079d0 (0x06f32b13) slti    s6, t1, 111
core   0: 3 0x800079d0 (0x06f32b13) x22 0x00000001
core   0: 0x800079d4 (0xac074893) xori    a7, a4, -1344
core   0: 3 0x800079d4 (0xac074893) x17 0x1bf93d34
core   0: 0x800079d8 (0xe1cbbc93) sltiu   s9, s7, -484
core   0: 3 0x800079d8 (0xe1cbbc93) x25 0x00000001
core   0: 0x800079dc (0x417a5213) srai    tp, s4, 23
core   0: 3 0x800079dc (0x417a5213) x 4 0x00000000
core   0: 0x800079e0 (0x01c8b8b3) sltu    a7, a7, t3
core   0: 3 0x800079e0 (0x01c8b8b3) x17 0x00000000
core   0: 0x800079e4 (0xaf3ec213) xori    tp, t4, -1293
core   0: 3 0x800079e4 (0xaf3ec213) x 4 0x7ffffaf3
core   0: 0x800079e8 (0x8440a713) slti    a4, ra, -1980
core   0: 3 0x800079e8 (0x8440a713) x14 0x00000000
core   0: 0x800079ec (0x01920933) add     s2, tp, s9
core   0: 3 0x800079ec (0x01920933) x18 0x7ffffaf4
core   0: 0x800079f0 (0x00000013) nop
core   0: 3 0x800079f0 (0x00000013)
core   0: 0x800079f4 (0x40490b33) sub     s6, s2, tp
core   0: 3 0x800079f4 (0x40490b33) x22 0x00000001
core   0: 0x800079f8 (0x00bb4cb3) xor     s9, s6, a1
core   0: 3 0x800079f8 (0x00bb4cb3) x25 0x00000177
core   0: 0x800079fc (0x40b4d793) srai    a5, s1, 11
core   0: 3 0x800079fc (0x40b4d793) x15 0x000ef793
core   0: 0x80007a00 (0x00000013) nop
core   0: 3 0x80007a00 (0x00000013)
core   0: 0x80007a04 (0xe347a693) slti    a3, a5, -460
core   0: 3 0x80007a04 (0xe347a693) x13 0x00000000
core   0: 0x80007a08 (0x0084bd33) sltu    s10, s1, s0
core   0: 3 0x80007a08 (0x0084bd33) x26 0x00000000
core   0: 0x80007a0c (0x0007d213) srli    tp, a5, 0
core   0: 3 0x80007a0c (0x0007d213) x 4 0x000ef793
core   0: 0x80007a10 (0x3e816c37) lui     s8, 0x3e816
core   0: 3 0x80007a10 (0x3e816c37) x24 0x3e816000
core   0: 0x80007a14 (0xdbfecd13) xori    s10, t4, -577
core   0: 3 0x80007a14 (0xdbfecd13) x26 0x7ffffdbf
core   0: 0x80007a18 (0x00000013) nop
core   0: 3 0x80007a18 (0x00000013)
core   0: 0x80007a1c (0x01a3fc33) and     s8, t2, s10
core   0: 3 0x80007a1c (0x01a3fc33) x24 0x00000000
core   0: 0x80007a20 (0x00000013) nop
core   0: 3 0x80007a20 (0x00000013)
core   0: 0x80007a24 (0x011a9133) sll     sp, s5, a7
core   0: 3 0x80007a24 (0x011a9133) x 2 0x00000000
core   0: 0x80007a28 (0x002bf2b3) and     t0, s7, sp
core   0: 3 0x80007a28 (0x002bf2b3) x 5 0x00000000
core   0: 0x80007a2c (0xc7fefd97) auipc   s11, 0xc7fef
core   0: 3 0x80007a2c (0xc7fefd97) x27 0x47ff6a2c
core   0: 0x80007a30 (0x01685813) srli    a6, a6, 22
core   0: 3 0x80007a30 (0x01685813) x16 0x00000000
core   0: 0x80007a34 (0x0f4b3293) sltiu   t0, s6, 244
core   0: 3 0x80007a34 (0x0f4b3293) x 5 0x00000001
core   0: 0x80007a38 (0xbd54ac13) slti    s8, s1, -1067
core   0: 3 0x80007a38 (0xbd54ac13) x24 0x00000000
core   0: 0x80007a3c (0x01ec7a33) and     s4, s8, t5
core   0: 3 0x80007a3c (0x01ec7a33) x20 0x00000000
core   0: 0x80007a40 (0x41825bb3) sra     s7, tp, s8
core   0: 3 0x80007a40 (0x41825bb3) x23 0x000ef793
core   0: 0x80007a44 (0x01b59a93) slli    s5, a1, 27
core   0: 3 0x80007a44 (0x01b59a93) x21 0xb0000000
core   0: 0x80007a48 (0x01e62633) slt     a2, a2, t5
core   0: 3 0x80007a48 (0x01e62633) x12 0x00000000
core   0: 0x80007a4c (0x84273f37) lui     t5, 0x84273
core   0: 3 0x80007a4c (0x84273f37) x30 0x84273000
core   0: 0x80007a50 (0x01d96eb3) or      t4, s2, t4
core   0: 3 0x80007a50 (0x01d96eb3) x29 0xfffffaf4
core   0: 0x80007a54 (0x00a4a833) slt     a6, s1, a0
core   0: 3 0x80007a54 (0x00a4a833) x16 0x00000000
core   0: 0x80007a58 (0x00000013) nop
core   0: 3 0x80007a58 (0x00000013)
core   0: 0x80007a5c (0x0a7a8f13) addi    t5, s5, 167
core   0: 3 0x80007a5c (0x0a7a8f13) x30 0xb00000a7
core   0: 0x80007a60 (0x6e2e1597) auipc   a1, 0x6e2e1
core   0: 3 0x80007a60 (0x6e2e1597) x11 0xee2e8a60
core   0: 0x80007a64 (0x0119b133) sltu    sp, s3, a7
core   0: 3 0x80007a64 (0x0119b133) x 2 0x00000000
core   0: 0x80007a68 (0xd981e913) ori     s2, gp, -616
core   0: 3 0x80007a68 (0xd981e913) x18 0xfffffd99
core   0: 0x80007a6c (0x0045a133) slt     sp, a1, tp
core   0: 3 0x80007a6c (0x0045a133) x 2 0x00000001
core   0: 0x80007a70 (0x00fb6133) or      sp, s6, a5
core   0: 3 0x80007a70 (0x00fb6133) x 2 0x000ef793
core   0: 0x80007a74 (0x00e7d6b3) srl     a3, a5, a4
core   0: 3 0x80007a74 (0x00e7d6b3) x13 0x000ef793
core   0: 0x80007a78 (0x010d7933) and     s2, s10, a6
core   0: 3 0x80007a78 (0x010d7933) x18 0x00000000
core   0: 0x80007a7c (0xfff00c93) li      s9, -1
core   0: 3 0x80007a7c (0xfff00c93) x25 0xffffffff
core   0: 0x80007a80 (0xeb61d937) lui     s2, 0xeb61d
core   0: 3 0x80007a80 (0xeb61d937) x18 0xeb61d000
core   0: 0x80007a84 (0x7d090913) addi    s2, s2, 2000
core   0: 3 0x80007a84 (0x7d090913) x18 0xeb61d7d0
core   0: 0x80007a88 (0x4e2b0ab7) lui     s5, 0x4e2b0
core   0: 3 0x80007a88 (0x4e2b0ab7) x21 0x4e2b0000
core   0: 0x80007a8c (0x4efa8a93) addi    s5, s5, 1263
core   0: 3 0x80007a8c (0x4efa8a93) x21 0x4e2b04ef
core   0: 0x80007a90 (0x00000113) li      sp, 0
core   0: 3 0x80007a90 (0x00000113) x 2 0x00000000
core   0: 0x80007a94 (0x8f7832b7) lui     t0, 0x8f783
core   0: 3 0x80007a94 (0x8f7832b7) x 5 0x8f783000
core   0: 0x80007a98 (0x42628293) addi    t0, t0, 1062
core   0: 3 0x80007a98 (0x42628293) x 5 0x8f783426
core   0: 0x80007a9c (0xfff00093) li      ra, -1
core   0: 3 0x80007a9c (0xfff00093) x 1 0xffffffff
core   0: 0x80007aa0 (0x58a4e9b7) lui     s3, 0x58a4e
core   0: 3 0x80007aa0 (0x58a4e9b7) x19 0x58a4e000
core   0: 0x80007aa4 (0x1e198993) addi    s3, s3, 481
core   0: 3 0x80007aa4 (0x1e198993) x19 0x58a4e1e1
core   0: 0x80007aa8 (0x4fc061b7) lui     gp, 0x4fc06
core   0: 3 0x80007aa8 (0x4fc061b7) x 3 0x4fc06000
core   0: 0x80007aac (0x56818193) addi    gp, gp, 1384
core   0: 3 0x80007aac (0x56818193) x 3 0x4fc06568
core   0: 0x80007ab0 (0xe8370a37) lui     s4, 0xe8370
core   0: 3 0x80007ab0 (0xe8370a37) x20 0xe8370000
core   0: 0x80007ab4 (0x00fa0a13) addi    s4, s4, 15
core   0: 3 0x80007ab4 (0x00fa0a13) x20 0xe837000f
core   0: 0x80007ab8 (0x00000f13) li      t5, 0
core   0: 3 0x80007ab8 (0x00000f13) x30 0x00000000
core   0: 0x80007abc (0x12818293) addi    t0, gp, 296
core   0: 3 0x80007abc (0x12818293) x 5 0x4fc06690
core   0: 0x80007ac0 (0x01528a33) add     s4, t0, s5
core   0: 3 0x80007ac0 (0x01528a33) x20 0x9deb6b7f
core   0: 0x80007ac4 (0x003289b3) add     s3, t0, gp
core   0: 3 0x80007ac4 (0x003289b3) x19 0x9f80cbf8
core   0: 0x80007ac8 (0x5a85af37) lui     t5, 0x5a85a
core   0: 3 0x80007ac8 (0x5a85af37) x30 0x5a85a000
core   0: 0x80007acc (0x1a877c97) auipc   s9, 0x1a877
core   0: 3 0x80007acc (0x1a877c97) x25 0x9a87eacc
core   0: 0x80007ad0 (0xb4610a13) addi    s4, sp, -1210
core   0: 3 0x80007ad0 (0xb4610a13) x20 0xfffffb46
core   0: 0x80007ad4 (0xf3ff0c93) addi    s9, t5, -193
core   0: 3 0x80007ad4 (0xf3ff0c93) x25 0x5a859f3f
core   0: 0x80007ad8 (0x005f00b3) add     ra, t5, t0
core   0: 3 0x80007ad8 (0x005f00b3) x 1 0xaa460690
core   0: 0x80007adc (0x1b6f22b7) lui     t0, 0x1b6f2
core   0: 3 0x80007adc (0x1b6f22b7) x 5 0x1b6f2000
core   0: 0x80007ae0 (0x00398cb3) add     s9, s3, gp
core   0: 3 0x80007ae0 (0x00398cb3) x25 0xef413160
core   0: 0x80007ae4 (0x403a89b3) sub     s3, s5, gp
core   0: 3 0x80007ae4 (0x403a89b3) x19 0xfe6a9f87
core   0: 0x80007ae8 (0xbf3501b7) lui     gp, 0xbf350
core   0: 3 0x80007ae8 (0xbf3501b7) x 3 0xbf350000
core   0: 0x80007aec (0x41490a33) sub     s4, s2, s4
core   0: 3 0x80007aec (0x41490a33) x20 0xeb61dc8a
core   0: 0x80007af0 (0x5d608f13) addi    t5, ra, 1494
core   0: 3 0x80007af0 (0x5d608f13) x30 0xaa460c66
core   0: 0x80007af4 (0x00000013) nop
core   0: 3 0x80007af4 (0x00000013)
core   0: 0x80007af8 (0xe4df0193) addi    gp, t5, -435
core   0: 3 0x80007af8 (0xe4df0193) x 3 0xaa460ab3
core   0: 0x80007afc (0x00000013) nop
core   0: 3 0x80007afc (0x00000013)
core   0: 0x80007b00 (0xf4232117) auipc   sp, 0xf4232
core   0: 3 0x80007b00 (0xf4232117) x 2 0x74239b00
core   0: 0x80007b04 (0x40198133) sub     sp, s3, ra
core   0: 3 0x80007b04 (0x40198133) x 2 0x542498f7
core   0: 0x80007b08 (0x00000013) nop
core   0: 3 0x80007b08 (0x00000013)
core   0: 0x80007b0c (0x01057f33) and     t5, a0, a6
core   0: 3 0x80007b0c (0x01057f33) x30 0x00000000
core   0: 0x80007b10 (0x00520fb3) add     t6, tp, t0
core   0: 3 0x80007b10 (0x00520fb3) x31 0x1b7e1793
core   0: 0x80007b14 (0x019a5893) srli    a7, s4, 25
core   0: 3 0x80007b14 (0x019a5893) x17 0x00000075
core   0: 0x80007b18 (0x41afd693) srai    a3, t6, 26
core   0: 3 0x80007b18 (0x41afd693) x13 0x00000006
core   0: 0x80007b1c (0x00e8d8b3) srl     a7, a7, a4
core   0: 3 0x80007b1c (0x00e8d8b3) x17 0x00000075
core   0: 0x80007b20 (0x419481b3) sub     gp, s1, s9
core   0: 3 0x80007b20 (0x419481b3) x 3 0x887b6814
core   0: 0x80007b24 (0x00585013) srli    zero, a6, 5
core   0: 3 0x80007b24 (0x00585013)
core   0: 0x80007b28 (0x50ec4493) xori    s1, s8, 1294
core   0: 3 0x80007b28 (0x50ec4493) x 9 0x0000050e
core   0: 0x80007b2c (0x00b37bb3) and     s7, t1, a1
core   0: 3 0x80007b2c (0x00b37bb3) x23 0x80000860
core   0: 0x80007b30 (0x00000013) nop
core   0: 3 0x80007b30 (0x00000013)
core   0: 0x80007b34 (0x01ba0933) add     s2, s4, s11
core   0: 3 0x80007b34 (0x01ba0933) x18 0x336146b6
core   0: 0x80007b38 (0x8fab0693) addi    a3, s6, -1798
core   0: 3 0x80007b38 (0x8fab0693) x13 0xfffff8fb
core   0: 0x80007b3c (0x00000013) nop
core   0: 3 0x80007b3c (0x00000013)
core   0: 0x80007b40 (0x002c15b3) sll     a1, s8, sp
core   0: 3 0x80007b40 (0x002c15b3) x11 0x00000000
core   0: 0x80007b44 (0x0034cab3) xor     s5, s1, gp
core   0: 3 0x80007b44 (0x0034cab3) x21 0x887b6d1a
core   0: 0x80007b48 (0x00ea9013) slli    zero, s5, 14
core   0: 3 0x80007b48 (0x00ea9013)
core   0: 0x80007b4c (0x41cbd113) srai    sp, s7, 28
core   0: 3 0x80007b4c (0x41cbd113) x 2 0xfffffff8
core   0: 0x80007b50 (0x409859b3) sra     s3, a6, s1
core   0: 3 0x80007b50 (0x409859b3) x19 0x00000000
core   0: 0x80007b54 (0xd80e7693) andi    a3, t3, -640
core   0: 3 0x80007b54 (0xd80e7693) x13 0x00000000
core   0: 0x80007b58 (0x00083733) sltu    a4, a6, zero
core   0: 3 0x80007b58 (0x00083733) x14 0x00000000
core   0: 0x80007b5c (0x5f048d93) addi    s11, s1, 1520
core   0: 3 0x80007b5c (0x5f048d93) x27 0x00000afe
core   0: 0x80007b60 (0x0088c133) xor     sp, a7, s0
core   0: 3 0x80007b60 (0x0088c133) x 2 0x06a51d75
core   0: 0x80007b64 (0x00f65113) srli    sp, a2, 15
core   0: 3 0x80007b64 (0x00f65113) x 2 0x00000000
core   0: 0x80007b68 (0x40c7dc33) sra     s8, a5, a2
core   0: 3 0x80007b68 (0x40c7dc33) x24 0x000ef793
core   0: 0x80007b6c (0x6047bc93) sltiu   s9, a5, 1540
core   0: 3 0x80007b6c (0x6047bc93) x25 0x00000000
core   0: 0x80007b70 (0x3a6ee913) ori     s2, t4, 934
core   0: 3 0x80007b70 (0x3a6ee913) x18 0xfffffbf6
core   0: 0x80007b74 (0x40d98b33) sub     s6, s3, a3
core   0: 3 0x80007b74 (0x40d98b33) x22 0x00000000
core   0: 0x80007b78 (0x01d39413) slli    s0, t2, 29
core   0: 3 0x80007b78 (0x01d39413) x 8 0x00000000
core   0: 0x80007b7c (0x00405713) srli    a4, zero, 4
core   0: 3 0x80007b7c (0x00405713) x14 0x00000000
core   0: 0x80007b80 (0x01d91793) slli    a5, s2, 29
core   0: 3 0x80007b80 (0x01d91793) x15 0xc0000000
core   0: 0x80007b84 (0x019ba4b3) slt     s1, s7, s9
core   0: 3 0x80007b84 (0x019ba4b3) x 9 0x00000001
core   0: 0x80007b88 (0x4132d133) sra     sp, t0, s3
core   0: 3 0x80007b88 (0x4132d133) x 2 0x1b6f2000
core   0: 0x80007b8c (0x00e26133) or      sp, tp, a4
core   0: 3 0x80007b8c (0x00e26133) x 2 0x000ef793
core   0: 0x80007b90 (0x01c68d33) add     s10, a3, t3
core   0: 3 0x80007b90 (0x01c68d33) x26 0x00000009
core   0: 0x80007b94 (0x00a24d33) xor     s10, tp, a0
core   0: 3 0x80007b94 (0x00a24d33) x26 0x800ff9f7
core   0: 0x80007b98 (0x016d05b3) add     a1, s10, s6
core   0: 3 0x80007b98 (0x016d05b3) x11 0x800ff9f7
core   0: 0x80007b9c (0x00809f13) slli    t5, ra, 8
core   0: 3 0x80007b9c (0x00809f13) x30 0x46069000
core   0: 0x80007ba0 (0x00635593) srli    a1, t1, 6
core   0: 3 0x80007ba0 (0x00635593) x11 0x02000533
core   0: 0x80007ba4 (0xa3bd0813) addi    a6, s10, -1477
core   0: 3 0x80007ba4 (0xa3bd0813) x16 0x800ff432
core   0: 0x80007ba8 (0x00eb47b3) xor     a5, s6, a4
core   0: 3 0x80007ba8 (0x00eb47b3) x15 0x00000000
core   0: 0x80007bac (0x00dcdab3) srl     s5, s9, a3
core   0: 3 0x80007bac (0x00dcdab3) x21 0x00000000
core   0: 0x80007bb0 (0x00000013) nop
core   0: 3 0x80007bb0 (0x00000013)
core   0: 0x80007bb4 (0x00d4e133) or      sp, s1, a3
core   0: 3 0x80007bb4 (0x00d4e133) x 2 0x00000001
core   0: 0x80007bb8 (0x446c4417) auipc   s0, 0x446c4
core   0: 3 0x80007bb8 (0x446c4417) x 8 0xc46cbbb8
core   0: 0x80007bbc (0x00020233) add     tp, tp, zero
core   0: 3 0x80007bbc (0x00020233) x 4 0x000ef793
core   0: 0x80007bc0 (0x00bd76b3) and     a3, s10, a1
core   0: 3 0x80007bc0 (0x00bd76b3) x13 0x00000133
core   0: 0x80007bc4 (0x01a220b3) slt     ra, tp, s10
core   0: 3 0x80007bc4 (0x01a220b3) x 1 0x00000000
core   0: 0x80007bc8 (0x00000013) nop
core   0: 3 0x80007bc8 (0x00000013)
core   0: 0x80007bcc (0x016548b3) xor     a7, a0, s6
core   0: 3 0x80007bcc (0x016548b3) x17 0x80010e64
core   0: 0x80007bd0 (0x25294813) xori    a6, s2, 594
core   0: 3 0x80007bd0 (0x25294813) x16 0xfffff9a4
core   0: 0x80007bd4 (0x00bff233) and     tp, t6, a1
core   0: 3 0x80007bd4 (0x00bff233) x 4 0x02000513
core   0: 0x80007bd8 (0x00714733) xor     a4, sp, t2
core   0: 3 0x80007bd8 (0x00714733) x14 0x80000001
core   0: 0x80007bdc (0x00000013) nop
core   0: 3 0x80007bdc (0x00000013)
core   0: 0x80007be0 (0x4147d4b3) sra     s1, a5, s4
core   0: 3 0x80007be0 (0x4147d4b3) x 9 0x00000000
core   0: 0x80007be4 (0x01e5c733) xor     a4, a1, t5
core   0: 3 0x80007be4 (0x01e5c733) x14 0x44069533
core   0: 0x80007be8 (0x4064df13) srai    t5, s1, 6
core   0: 3 0x80007be8 (0x4064df13) x30 0x00000000
core   0: 0x80007bec (0x3c4d2e13) slti    t3, s10, 964
core   0: 3 0x80007bec (0x3c4d2e13) x28 0x00000001
core   0: 0x80007bf0 (0xa0bbae13) slti    t3, s7, -1525
core   0: 3 0x80007bf0 (0xa0bbae13) x28 0x00000001
core   0: 0x80007bf4 (0x0107bf33) sltu    t5, a5, a6
core   0: 3 0x80007bf4 (0x0107bf33) x30 0x00000001
core   0: 0x80007bf8 (0x01875413) srli    s0, a4, 24
core   0: 3 0x80007bf8 (0x01875413) x 8 0x00000044
core   0: 0x80007bfc (0x01a1f933) and     s2, gp, s10
core   0: 3 0x80007bfc (0x01a1f933) x18 0x800b6814
core   0: 0x80007c00 (0x00c3d733) srl     a4, t2, a2
core   0: 3 0x80007c00 (0x00c3d733) x14 0x80000000
core   0: 0x80007c04 (0x00114733) xor     a4, sp, ra
core   0: 3 0x80007c04 (0x00114733) x14 0x00000001
core   0: 0x80007c08 (0x01d49933) sll     s2, s1, t4
core   0: 3 0x80007c08 (0x01d49933) x18 0x00000000
core   0: 0x80007c0c (0x5e330d13) addi    s10, t1, 1507
core   0: 3 0x80007c0c (0x5e330d13) x26 0x800152c7
core   0: 0x80007c10 (0x00e51a13) slli    s4, a0, 14
core   0: 3 0x80007c10 (0x00e51a13) x20 0x43990000
core   0: 0x80007c14 (0xbc378193) addi    gp, a5, -1085
core   0: 3 0x80007c14 (0xbc378193) x 3 0xfffffbc3
core   0: 0x80007c18 (0x3104c493) xori    s1, s1, 784
core   0: 3 0x80007c18 (0x3104c493) x 9 0x00000310
core   0: 0x80007c1c (0x00000013) nop
core   0: 3 0x80007c1c (0x00000013)
core   0: 0x80007c20 (0x00000013) nop
core   0: 3 0x80007c20 (0x00000013)
core   0: 0x80007c24 (0x00e6c833) xor     a6, a3, a4
core   0: 3 0x80007c24 (0x00e6c833) x16 0x00000132
core   0: 0x80007c28 (0x00fc5233) srl     tp, s8, a5
core   0: 3 0x80007c28 (0x00fc5233) x 4 0x000ef793
core   0: 0x80007c2c (0x00dd9fb3) sll     t6, s11, a3
core   0: 3 0x80007c2c (0x00dd9fb3) x31 0x57f00000
core   0: 0x80007c30 (0xe3014d13) xori    s10, sp, -464
core   0: 3 0x80007c30 (0xe3014d13) x26 0xfffffe31
core   0: 0x80007c34 (0x40abda93) srai    s5, s7, 10
core   0: 3 0x80007c34 (0x40abda93) x21 0xffe00002
core   0: 0x80007c38 (0x00499993) slli    s3, s3, 4
core   0: 3 0x80007c38 (0x00499993) x19 0x00000000
core   0: 0x80007c3c (0x0012cbb3) xor     s7, t0, ra
core   0: 3 0x80007c3c (0x0012cbb3) x23 0x1b6f2000
core   0: 0x80007c40 (0x000b2b33) slt     s6, s6, zero
core   0: 3 0x80007c40 (0x000b2b33) x22 0x00000000
core   0: 0x80007c44 (0x40cad1b3) sra     gp, s5, a2
core   0: 3 0x80007c44 (0x40cad1b3) x 3 0xffe00002
core   0: 0x80007c48 (0xbcbc3e13) sltiu   t3, s8, -1077
core   0: 3 0x80007c48 (0xbcbc3e13) x28 0x00000001
core   0: 0x80007c4c (0x00321293) slli    t0, tp, 3
core   0: 3 0x80007c4c (0x00321293) x 5 0x0077bc98
core   0: 0x80007c50 (0x0145dc13) srli    s8, a1, 20
core   0: 3 0x80007c50 (0x0145dc13) x24 0x00000020
core   0: 0x80007c54 (0xd3350bb7) lui     s7, 0xd3350
core   0: 3 0x80007c54 (0xd3350bb7) x23 0xd3350000
core   0: 0x80007c58 (0xd736f737) lui     a4, 0xd736f
core   0: 3 0x80007c58 (0xd736f737) x14 0xd736f000
core   0: 0x80007c5c (0x00eb8db3) add     s11, s7, a4
core   0: 3 0x80007c5c (0x00eb8db3) x27 0xaa6bf000
core   0: 0x80007c60 (0x00d6d2b3) srl     t0, a3, a3
core   0: 3 0x80007c60 (0x00d6d2b3) x 5 0x00000000
core   0: 0x80007c64 (0x0051fbb3) and     s7, gp, t0
core   0: 3 0x80007c64 (0x0051fbb3) x23 0x00000000
core   0: 0x80007c68 (0x006c9893) slli    a7, s9, 6
core   0: 3 0x80007c68 (0x006c9893) x17 0x00000000
core   0: 0x80007c6c (0x009177b3) and     a5, sp, s1
core   0: 3 0x80007c6c (0x009177b3) x15 0x00000000
core   0: 0x80007c70 (0xc6c3e113) ori     sp, t2, -916
core   0: 3 0x80007c70 (0xc6c3e113) x 2 0xfffffc6c
core   0: 0x80007c74 (0x0180a833) slt     a6, ra, s8
core   0: 3 0x80007c74 (0x0180a833) x16 0x00000001
core   0: 0x80007c78 (0x0017b0b3) sltu    ra, a5, ra
core   0: 3 0x80007c78 (0x0017b0b3) x 1 0x00000000
core   0: 0x80007c7c (0x01264db3) xor     s11, a2, s2
core   0: 3 0x80007c7c (0x01264db3) x27 0x00000000
core   0: 0x80007c80 (0x01873db3) sltu    s11, a4, s8
core   0: 3 0x80007c80 (0x01873db3) x27 0x00000000
core   0: 0x80007c84 (0x708cb437) lui     s0, 0x708cb
core   0: 3 0x80007c84 (0x708cb437) x 8 0x708cb000
core   0: 0x80007c88 (0x01fc3d33) sltu    s10, s8, t6
core   0: 3 0x80007c88 (0x01fc3d33) x26 0x00000001
core   0: 0x80007c8c (0x64233c93) sltiu   s9, t1, 1602
core   0: 3 0x80007c8c (0x64233c93) x25 0x00000000
core   0: 0x80007c90 (0x001061b3) or      gp, zero, ra
core   0: 3 0x80007c90 (0x001061b3) x 3 0x00000000
core   0: 0x80007c94 (0x011fcdb3) xor     s11, t6, a7
core   0: 3 0x80007c94 (0x011fcdb3) x27 0x57f00000
core   0: 0x80007c98 (0x7d522593) slti    a1, tp, 2005
core   0: 3 0x80007c98 (0x7d522593) x11 0x00000000
core   0: 0x80007c9c (0xd5d67813) andi    a6, a2, -675
core   0: 3 0x80007c9c (0xd5d67813) x16 0x00000000
core   0: 0x80007ca0 (0x01898133) add     sp, s3, s8
core   0: 3 0x80007ca0 (0x01898133) x 2 0x00000020
core   0: 0x80007ca4 (0x01afd433) srl     s0, t6, s10
core   0: 3 0x80007ca4 (0x01afd433) x 8 0x2bf80000
core   0: 0x80007ca8 (0x00c95733) srl     a4, s2, a2
core   0: 3 0x80007ca8 (0x00c95733) x14 0x00000000
core   0: 0x80007cac (0x008e5133) srl     sp, t3, s0
core   0: 3 0x80007cac (0x008e5133) x 2 0x00000001
core   0: 0x80007cb0 (0x4dac6137) lui     sp, 0x4dac6
core   0: 3 0x80007cb0 (0x4dac6137) x 2 0x4dac6000
core   0: 0x80007cb4 (0x0008ab33) slt     s6, a7, zero
core   0: 3 0x80007cb4 (0x0008ab33) x22 0x00000000
core   0: 0x80007cb8 (0x00c2b1b3) sltu    gp, t0, a2
core   0: 3 0x80007cb8 (0x00c2b1b3) x 3 0x00000000
core   0: 0x80007cbc (0x00620933) add     s2, tp, t1
core   0: 3 0x80007cbc (0x00620933) x18 0x80104477
core   0: 0x80007cc0 (0x00738f33) add     t5, t2, t2
core   0: 3 0x80007cc0 (0x00738f33) x30 0x00000000
core   0: 0x80007cc4 (0x41e55a93) srai    s5, a0, 30
core   0: 3 0x80007cc4 (0x41e55a93) x21 0xfffffffe
core   0: 0x80007cc8 (0x01ac92b3) sll     t0, s9, s10
core   0: 3 0x80007cc8 (0x01ac92b3) x 5 0x00000000
core   0: 0x80007ccc (0xc2c26993) ori     s3, tp, -980
core   0: 3 0x80007ccc (0xc2c26993) x19 0xffffffbf
core   0: 0x80007cd0 (0x40428fb3) sub     t6, t0, tp
core   0: 3 0x80007cd0 (0x40428fb3) x31 0xfff1086d
core   0: 0x80007cd4 (0x0063b1b3) sltu    gp, t2, t1
core   0: 3 0x80007cd4 (0x0063b1b3) x 3 0x00000001
core   0: 0x80007cd8 (0x00436733) or      a4, t1, tp
core   0: 3 0x80007cd8 (0x00436733) x14 0x800ffff7
core   0: 0x80007cdc (0x002d30b3) sltu    ra, s10, sp
core   0: 3 0x80007cdc (0x002d30b3) x 1 0x00000001
core   0: 0x80007ce0 (0xe3796d93) ori     s11, s2, -457
core   0: 3 0x80007ce0 (0xe3796d93) x27 0xfffffe77
core   0: 0x80007ce4 (0x40d38fb3) sub     t6, t2, a3
core   0: 3 0x80007ce4 (0x40d38fb3) x31 0x7ffffecd
core   0: 0x80007ce8 (0x003227b3) slt     a5, tp, gp
core   0: 3 0x80007ce8 (0x003227b3) x15 0x00000000
core   0: 0x80007cec (0x0088e1b3) or      gp, a7, s0
core   0: 3 0x80007cec (0x0088e1b3) x 3 0x2bf80000
core   0: 0x80007cf0 (0x00835813) srli    a6, t1, 8
core   0: 3 0x80007cf0 (0x00835813) x16 0x0080014c
core   0: 0x80007cf4 (0x00fbd1b3) srl     gp, s7, a5
core   0: 3 0x80007cf4 (0x00fbd1b3) x 3 0x00000000
core   0: 0x80007cf8 (0x00b095b3) sll     a1, ra, a1
core   0: 3 0x80007cf8 (0x00b095b3) x11 0x00000001
core   0: 0x80007cfc (0x00021793) slli    a5, tp, 0
core   0: 3 0x80007cfc (0x00021793) x15 0x000ef793
core   0: 0x80007d00 (0x452eb193) sltiu   gp, t4, 1106
core   0: 3 0x80007d00 (0x452eb193) x 3 0x00000000
core   0: 0x80007d04 (0x76a240b7) lui     ra, 0x76a24
core   0: 3 0x80007d04 (0x76a240b7) x 1 0x76a24000
core   0: 0x80007d08 (0x00bf46b3) xor     a3, t5, a1
core   0: 3 0x80007d08 (0x00bf46b3) x13 0x00000001
core   0: 0x80007d0c (0x016a87b3) add     a5, s5, s6
core   0: 3 0x80007d0c (0x016a87b3) x15 0xfffffffe
core   0: 0x80007d10 (0xc0089137) lui     sp, 0xc0089
core   0: 3 0x80007d10 (0xc0089137) x 2 0xc0089000
core   0: 0x80007d14 (0x7c7159b7) lui     s3, 0x7c715
core   0: 3 0x80007d14 (0x7c7159b7) x19 0x7c715000
core   0: 0x80007d18 (0x4074d5b3) sra     a1, s1, t2
core   0: 3 0x80007d18 (0x4074d5b3) x11 0x00000310
core   0: 0x80007d1c (0x0057c6b3) xor     a3, a5, t0
core   0: 3 0x80007d1c (0x0057c6b3) x13 0xfffffffe
core   0: 0x80007d20 (0x3cb5b913) sltiu   s2, a1, 971
core   0: 3 0x80007d20 (0x3cb5b913) x18 0x00000001
core   0: 0x80007d24 (0x00000013) nop
core   0: 3 0x80007d24 (0x00000013)
core   0: 0x80007d28 (0x5fd22c13) slti    s8, tp, 1533
core   0: 3 0x80007d28 (0x5fd22c13) x24 0x00000000
core   0: 0x80007d2c (0x01eadbb3) srl     s7, s5, t5
core   0: 3 0x80007d2c (0x01eadbb3) x23 0xfffffffe
core   0: 0x80007d30 (0x01142133) slt     sp, s0, a7
core   0: 3 0x80007d30 (0x01142133) x 2 0x00000000
core   0: 0x80007d34 (0x01615e93) srli    t4, sp, 22
core   0: 3 0x80007d34 (0x01615e93) x29 0x00000000
core   0: 0x80007d38 (0x00aeaeb3) slt     t4, t4, a0
core   0: 3 0x80007d38 (0x00aeaeb3) x29 0x00000000
core   0: 0x80007d3c (0xb5218693) addi    a3, gp, -1198
core   0: 3 0x80007d3c (0xb5218693) x13 0xfffffb52
core   0: 0x80007d40 (0x01669013) slli    zero, a3, 22
core   0: 3 0x80007d40 (0x01669013)
core   0: 0x80007d44 (0x28d16b93) ori     s7, sp, 653
core   0: 3 0x80007d44 (0x28d16b93) x23 0x0000028d
core   0: 0x80007d48 (0xf093ee93) ori     t4, t2, -247
core   0: 3 0x80007d48 (0xf093ee93) x29 0xffffff09
core   0: 0x80007d4c (0xa16e7c13) andi    s8, t3, -1514
core   0: 3 0x80007d4c (0xa16e7c13) x24 0x00000000
core   0: 0x80007d50 (0x01246bb3) or      s7, s0, s2
core   0: 3 0x80007d50 (0x01246bb3) x23 0x2bf80001
core   0: 0x80007d54 (0xacdd7013) andi    zero, s10, -1331
core   0: 3 0x80007d54 (0xacdd7013)
core   0: 0x80007d58 (0x16a1cc13) xori    s8, gp, 362
core   0: 3 0x80007d58 (0x16a1cc13) x24 0x0000016a
core   0: 0x80007d5c (0x01b39133) sll     sp, t2, s11
core   0: 3 0x80007d5c (0x01b39133) x 2 0x00000000
core   0: 0x80007d60 (0x014b2a33) slt     s4, s6, s4
core   0: 3 0x80007d60 (0x014b2a33) x20 0x00000001
core   0: 0x80007d64 (0x01d85eb3) srl     t4, a6, t4
core   0: 3 0x80007d64 (0x01d85eb3) x29 0x00004000
core   0: 0x80007d68 (0x00000013) nop
core   0: 3 0x80007d68 (0x00000013)
core   0: 0x80007d6c (0x0190af33) slt     t5, ra, s9
core   0: 3 0x80007d6c (0x0190af33) x30 0x00000000
core   0: 0x80007d70 (0x00bc1b93) slli    s7, s8, 11
core   0: 3 0x80007d70 (0x00bc1b93) x23 0x000b5000
core   0: 0x80007d74 (0x01869733) sll     a4, a3, s8
core   0: 3 0x80007d74 (0x01869733) x14 0xffed4800
core   0: 0x80007d78 (0x401fd013) srai    zero, t6, 1
core   0: 3 0x80007d78 (0x401fd013)
core   0: 0x80007d7c (0x00000013) nop
core   0: 3 0x80007d7c (0x00000013)
core   0: 0x80007d80 (0x00fa1ab3) sll     s5, s4, a5
core   0: 3 0x80007d80 (0x00fa1ab3) x21 0x40000000
core   0: 0x80007d84 (0x018da8b3) slt     a7, s11, s8
core   0: 3 0x80007d84 (0x018da8b3) x17 0x00000001
core   0: 0x80007d88 (0xfcadef13) ori     t5, s11, -54
core   0: 3 0x80007d88 (0xfcadef13) x30 0xffffffff
core   0: 0x80007d8c (0x014020b3) slt     ra, zero, s4
core   0: 3 0x80007d8c (0x014020b3) x 1 0x00000001
core   0: 0x80007d90 (0x414dd1b3) sra     gp, s11, s4
core   0: 3 0x80007d90 (0x414dd1b3) x 3 0xffffff3b
core   0: 0x80007d94 (0xf343f213) andi    tp, t2, -204
core   0: 3 0x80007d94 (0xf343f213) x 4 0x80000000
core   0: 0x80007d98 (0x408c86b3) sub     a3, s9, s0
core   0: 3 0x80007d98 (0x408c86b3) x13 0xd4080000
core   0: 0x80007d9c (0x64423993) sltiu   s3, tp, 1604
core   0: 3 0x80007d9c (0x64423993) x19 0x00000000
core   0: 0x80007da0 (0x01f951b3) srl     gp, s2, t6
core   0: 3 0x80007da0 (0x01f951b3) x 3 0x00000000
core   0: 0x80007da4 (0x02af6297) auipc   t0, 0x2af6
core   0: 3 0x80007da4 (0x02af6297) x 5 0x82afdda4
core   0: 0x80007da8 (0x405adb93) srai    s7, s5, 5
core   0: 3 0x80007da8 (0x405adb93) x23 0x02000000
core   0: 0x80007dac (0x46370913) addi    s2, a4, 1123
core   0: 3 0x80007dac (0x46370913) x18 0xffed4c63
core   0: 0x80007db0 (0x01a290b3) sll     ra, t0, s10
core   0: 3 0x80007db0 (0x01a290b3) x 1 0x055fbb48
core   0: 0x80007db4 (0x002aa9b3) slt     s3, s5, sp
core   0: 3 0x80007db4 (0x002aa9b3) x19 0x00000000
core   0: 0x80007db8 (0x00a37433) and     s0, t1, a0
core   0: 3 0x80007db8 (0x00a37433) x 8 0x80010c64
core   0: 0x80007dbc (0x009a2d33) slt     s10, s4, s1
core   0: 3 0x80007dbc (0x009a2d33) x26 0x00000001
core   0: 0x80007dc0 (0x01861193) slli    gp, a2, 24
core   0: 3 0x80007dc0 (0x01861193) x 3 0x00000000
core   0: 0x80007dc4 (0x00b66433) or      s0, a2, a1
core   0: 3 0x80007dc4 (0x00b66433) x 8 0x00000310
core   0: 0x80007dc8 (0x4066d993) srai    s3, a3, 6
core   0: 3 0x80007dc8 (0x4066d993) x19 0xff502000
core   0: 0x80007dcc (0xd9560d13) addi    s10, a2, -619
core   0: 3 0x80007dcc (0xd9560d13) x26 0xfffffd95
core   0: 0x80007dd0 (0x00a36ab3) or      s5, t1, a0
core   0: 3 0x80007dd0 (0x00a36ab3) x21 0x80014ee4
core   0: 0x80007dd4 (0x00db5633) srl     a2, s6, a3
core   0: 3 0x80007dd4 (0x00db5633) x12 0x00000000
core   0: 0x80007dd8 (0x014f3433) sltu    s0, t5, s4
core   0: 3 0x80007dd8 (0x014f3433) x 8 0x00000000
core   0: 0x80007ddc (0x00a89d13) slli    s10, a7, 10
core   0: 3 0x80007ddc (0x00a89d13) x26 0x00000400
core   0: 0x80007de0 (0x00097d33) and     s10, s2, zero
core   0: 3 0x80007de0 (0x00097d33) x26 0x00000000
core   0: 0x80007de4 (0x00000013) nop
core   0: 3 0x80007de4 (0x00000013)
core   0: 0x80007de8 (0x0e1b6413) ori     s0, s6, 225
core   0: 3 0x80007de8 (0x0e1b6413) x 8 0x000000e1
core   0: 0x80007dec (0x01499cb3) sll     s9, s3, s4
core   0: 3 0x80007dec (0x01499cb3) x25 0xfea04000
core   0: 0x80007df0 (0x00000d93) li      s11, 0
core   0: 3 0x80007df0 (0x00000d93) x27 0x00000000
core   0: 0x80007df4 (0xfff00b93) li      s7, -1
core   0: 3 0x80007df4 (0xfff00b93) x23 0xffffffff
core   0: 0x80007df8 (0x00000093) li      ra, 0
core   0: 3 0x80007df8 (0x00000093) x 1 0x00000000
core   0: 0x80007dfc (0x27a63137) lui     sp, 0x27a63
core   0: 3 0x80007dfc (0x27a63137) x 2 0x27a63000
core   0: 0x80007e00 (0x13910113) addi    sp, sp, 313
core   0: 3 0x80007e00 (0x13910113) x 2 0x27a63139
core   0: 0x80007e04 (0x00000c13) li      s8, 0
core   0: 3 0x80007e04 (0x00000c13) x24 0x00000000
core   0: 0x80007e08 (0x86196b37) lui     s6, 0x86196
core   0: 3 0x80007e08 (0x86196b37) x22 0x86196000
core   0: 0x80007e0c (0xfdab0b13) addi    s6, s6, -38
core   0: 3 0x80007e0c (0xfdab0b13) x22 0x86195fda
core   0: 0x80007e10 (0xfff00413) li      s0, -1
core   0: 3 0x80007e10 (0xfff00413) x 8 0xffffffff
core   0: 0x80007e14 (0xd5f03ab7) lui     s5, 0xd5f03
core   0: 3 0x80007e14 (0xd5f03ab7) x21 0xd5f03000
core   0: 0x80007e18 (0x62da8a93) addi    s5, s5, 1581
core   0: 3 0x80007e18 (0x62da8a93) x21 0xd5f0362d
core   0: 0x80007e1c (0x6a211737) lui     a4, 0x6a211
core   0: 3 0x80007e1c (0x6a211737) x14 0x6a211000
core   0: 0x80007e20 (0xda570713) addi    a4, a4, -603
core   0: 3 0x80007e20 (0xda570713) x14 0x6a210da5
core   0: 0x80007e24 (0x80000d37) lui     s10, 0x80000
core   0: 3 0x80007e24 (0x80000d37) x26 0x80000000
core   0: 0x80007e28 (0x41bb0b33) sub     s6, s6, s11
core   0: 3 0x80007e28 (0x41bb0b33) x22 0x86195fda
core   0: 0x80007e2c (0x00240433) add     s0, s0, sp
core   0: 3 0x80007e2c (0x00240433) x 8 0x27a63138
core   0: 0x80007e30 (0x2c354097) auipc   ra, 0x2c354
core   0: 3 0x80007e30 (0x2c354097) x 1 0xac35be30
core   0: 0x80007e34 (0x52340713) addi    a4, s0, 1315
core   0: 3 0x80007e34 (0x52340713) x14 0x27a6365b
core   0: 0x80007e38 (0x676cfb37) lui     s6, 0x676cf
core   0: 3 0x80007e38 (0x676cfb37) x22 0x676cf000
core   0: 0x80007e3c (0x401700b3) sub     ra, a4, ra
core   0: 3 0x80007e3c (0x401700b3) x 1 0x7b70782b
core   0: 0x80007e40 (0x00000013) nop
core   0: 3 0x80007e40 (0x00000013)
core   0: 0x80007e44 (0x00000013) nop
core   0: 3 0x80007e44 (0x00000013)
core   0: 0x80007e48 (0x222ce097) auipc   ra, 0x222ce
core   0: 3 0x80007e48 (0x222ce097) x 1 0xa22d5e48
core   0: 0x80007e4c (0x41ad8b33) sub     s6, s11, s10
core   0: 3 0x80007e4c (0x41ad8b33) x22 0x80000000
core   0: 0x80007e50 (0x1d539a97) auipc   s5, 0x1d539
core   0: 3 0x80007e50 (0x1d539a97) x21 0x9d540e50
core   0: 0x80007e54 (0x00000013) nop
core   0: 3 0x80007e54 (0x00000013)
core   0: 0x80007e58 (0xfcd520b7) lui     ra, 0xfcd52
core   0: 3 0x80007e58 (0xfcd520b7) x 1 0xfcd52000
core   0: 0x80007e5c (0x364a8713) addi    a4, s5, 868
core   0: 3 0x80007e5c (0x364a8713) x14 0x9d5411b4
core   0: 0x80007e60 (0x008d00b3) add     ra, s10, s0
core   0: 3 0x80007e60 (0x008d00b3) x 1 0xa7a63138
core   0: 0x80007e64 (0xb5d70713) addi    a4, a4, -1187
core   0: 3 0x80007e64 (0xb5d70713) x14 0x9d540d11
core   0: 0x80007e68 (0x41a10db3) sub     s11, sp, s10
core   0: 3 0x80007e68 (0x41a10db3) x27 0xa7a63139
core   0: 0x80007e6c (0x00000013) nop
core   0: 3 0x80007e6c (0x00000013)
core   0: 0x80007e70 (0x01840ab3) add     s5, s0, s8
core   0: 3 0x80007e70 (0x01840ab3) x21 0x27a63138
core   0: 0x80007e74 (0x415b0ab3) sub     s5, s6, s5
core   0: 3 0x80007e74 (0x415b0ab3) x21 0x5859cec8
core   0: 0x80007e78 (0x04cc0d37) lui     s10, 0x4cc0
core   0: 3 0x80007e78 (0x04cc0d37) x26 0x04cc0000
core   0: 0x80007e7c (0x00170db3) add     s11, a4, ra
core   0: 3 0x80007e7c (0x00170db3) x27 0x44fa3e49
core   0: 0x80007e80 (0x40810b33) sub     s6, sp, s0
core   0: 3 0x80007e80 (0x40810b33) x22 0x00000001
core   0: 0x80007e84 (0x7a8edb97) auipc   s7, 0x7a8ed
core   0: 3 0x80007e84 (0x7a8edb97) x23 0xfa8f4e84
core   0: 0x80007e88 (0x553a8b13) addi    s6, s5, 1363
core   0: 3 0x80007e88 (0x553a8b13) x22 0x5859d41b
core   0: 0x80007e8c (0x1c826d13) ori     s10, tp, 456
core   0: 3 0x80007e8c (0x1c826d13) x26 0x800001c8
core   0: 0x80007e90 (0x01edc1b3) xor     gp, s11, t5
core   0: 3 0x80007e90 (0x01edc1b3) x 3 0xbb05c1b6
core   0: 0x80007e94 (0x00c1e293) ori     t0, gp, 12
core   0: 3 0x80007e94 (0x00c1e293) x 5 0xbb05c1be
core   0: 0x80007e98 (0x58337113) andi    sp, t1, 1411
core   0: 3 0x80007e98 (0x58337113) x 2 0x00000480
core   0: 0x80007e9c (0x0187a6b3) slt     a3, a5, s8
core   0: 3 0x80007e9c (0x0187a6b3) x13 0x00000001
core   0: 0x80007ea0 (0x405a5433) sra     s0, s4, t0
core   0: 3 0x80007ea0 (0x405a5433) x 8 0x00000000
core   0: 0x80007ea4 (0x413c8033) sub     zero, s9, s3
core   0: 3 0x80007ea4 (0x413c8033)
core   0: 0x80007ea8 (0x01e3d833) srl     a6, t2, t5
core   0: 3 0x80007ea8 (0x01e3d833) x16 0x00000001
core   0: 0x80007eac (0x91ee19b7) lui     s3, 0x91ee1
core   0: 3 0x80007eac (0x91ee19b7) x19 0x91ee1000
core   0: 0x80007eb0 (0x019f09b3) add     s3, t5, s9
core   0: 3 0x80007eb0 (0x019f09b3) x19 0xfea03fff
core   0: 0x80007eb4 (0xa04ea193) slti    gp, t4, -1532
core   0: 3 0x80007eb4 (0xa04ea193) x 3 0x00000000
core   0: 0x80007eb8 (0x0c8e6413) ori     s0, t3, 200
core   0: 3 0x80007eb8 (0x0c8e6413) x 8 0x000000c9
core   0: 0x80007ebc (0x2cceb413) sltiu   s0, t4, 716
core   0: 3 0x80007ebc (0x2cceb413) x 8 0x00000000
core   0: 0x80007ec0 (0x01456833) or      a6, a0, s4
core   0: 3 0x80007ec0 (0x01456833) x16 0x80010e65
core   0: 0x80007ec4 (0x0172aa33) slt     s4, t0, s7
core   0: 3 0x80007ec4 (0x0172aa33) x20 0x00000001
core   0: 0x80007ec8 (0xe9b60a93) addi    s5, a2, -357
core   0: 3 0x80007ec8 (0xe9b60a93) x21 0xfffffe9b
core   0: 0x80007ecc (0x5b778e37) lui     t3, 0x5b778
core   0: 3 0x80007ecc (0x5b778e37) x28 0x5b778000
core   0: 0x80007ed0 (0xa899cf97) auipc   t6, 0xa899c
core   0: 3 0x80007ed0 (0xa899cf97) x31 0x289a3ed0
core   0: 0x80007ed4 (0x90b6eb93) ori     s7, a3, -1781
core   0: 3 0x80007ed4 (0x90b6eb93) x23 0xfffff90b
core   0: 0x80007ed8 (0x01a99593) slli    a1, s3, 26
core   0: 3 0x80007ed8 (0x01a99593) x11 0xfc000000
core   0: 0x80007edc (0x00f54c33) xor     s8, a0, a5
core   0: 3 0x80007edc (0x00f54c33) x24 0x7ffef19a
core   0: 0x80007ee0 (0x01c09893) slli    a7, ra, 28
core   0: 3 0x80007ee0 (0x01c09893) x17 0x80000000
core   0: 0x80007ee4 (0xc5d83913) sltiu   s2, a6, -931
core   0: 3 0x80007ee4 (0xc5d83913) x18 0x00000001
core   0: 0x80007ee8 (0x01e260b3) or      ra, tp, t5
core   0: 3 0x80007ee8 (0x01e260b3) x 1 0xffffffff
core   0: 0x80007eec (0x00000013) nop
core   0: 3 0x80007eec (0x00000013)
core   0: 0x80007ef0 (0x5e830b13) addi    s6, t1, 1512
core   0: 3 0x80007ef0 (0x5e830b13) x22 0x800152cc
core   0: 0x80007ef4 (0x0175bb33) sltu    s6, a1, s7
core   0: 3 0x80007ef4 (0x0175bb33) x22 0x00000001
core   0: 0x80007ef8 (0x00ee70b3) and     ra, t3, a4
core   0: 3 0x80007ef8 (0x00ee70b3) x 1 0x19540000
core   0: 0x80007efc (0x41a95933) sra     s2, s2, s10
core   0: 3 0x80007efc (0x41a95933) x18 0x00000000
core   0: 0x80007f00 (0x6af40a13) addi    s4, s0, 1711
core   0: 3 0x80007f00 (0x6af40a13) x20 0x000006af
core   0: 0x80007f04 (0x3edaa893) slti    a7, s5, 1005
core   0: 3 0x80007f04 (0x3edaa893) x17 0x00000001
core   0: 0x80007f08 (0xcc4defb7) lui     t6, 0xcc4de
core   0: 3 0x80007f08 (0xcc4defb7) x31 0xcc4de000
core   0: 0x80007f0c (0xa5ea7713) andi    a4, s4, -1442
core   0: 3 0x80007f0c (0xa5ea7713) x14 0x0000020e
core   0: 0x80007f10 (0x004b5133) srl     sp, s6, tp
core   0: 3 0x80007f10 (0x004b5133) x 2 0x00000001
core   0: 0x80007f14 (0x00000013) nop
core   0: 3 0x80007f14 (0x00000013)
core   0: 0x80007f18 (0x416b0133) sub     sp, s6, s6
core   0: 3 0x80007f18 (0x416b0133) x 2 0x00000000
core   0: 0x80007f1c (0x01415f13) srli    t5, sp, 20
core   0: 3 0x80007f1c (0x01415f13) x30 0x00000000
core   0: 0x80007f20 (0x00ce3f33) sltu    t5, t3, a2
core   0: 3 0x80007f20 (0x00ce3f33) x30 0x00000000
core   0: 0x80007f24 (0x40860933) sub     s2, a2, s0
core   0: 3 0x80007f24 (0x40860933) x18 0x00000000
core   0: 0x80007f28 (0x003bb8b3) sltu    a7, s7, gp
core   0: 3 0x80007f28 (0x003bb8b3) x17 0x00000000
core   0: 0x80007f2c (0x001bdeb3) srl     t4, s7, ra
core   0: 3 0x80007f2c (0x001bdeb3) x29 0xfffff90b
core   0: 0x80007f30 (0x01ab5493) srli    s1, s6, 26
core   0: 3 0x80007f30 (0x01ab5493) x 9 0x00000000
core   0: 0x80007f34 (0x3eb46797) auipc   a5, 0x3eb46
core   0: 3 0x80007f34 (0x3eb46797) x15 0xbeb4df34
core   0: 0x80007f38 (0xec85cb37) lui     s6, 0xec85c
core   0: 3 0x80007f38 (0xec85cb37) x22 0xec85c000
core   0: 0x80007f3c (0x004aaeb3) slt     t4, s5, tp
core   0: 3 0x80007f3c (0x004aaeb3) x29 0x00000000
core   0: 0x80007f40 (0x01092033) slt     zero, s2, a6
core   0: 3 0x80007f40 (0x01092033)
core   0: 0x80007f44 (0x00f692b3) sll     t0, a3, a5
core   0: 3 0x80007f44 (0x00f692b3) x 5 0x00100000
core   0: 0x80007f48 (0x01155bb3) srl     s7, a0, a7
core   0: 3 0x80007f48 (0x01155bb3) x23 0x80010e64
core   0: 0x80007f4c (0x41e8d093) srai    ra, a7, 30
core   0: 3 0x80007f4c (0x41e8d093) x 1 0x00000000
core   0: 0x80007f50 (0x00ca4bb3) xor     s7, s4, a2
core   0: 3 0x80007f50 (0x00ca4bb3) x23 0x000006af
core   0: 0x80007f54 (0xf289ff93) andi    t6, s3, -216
core   0: 3 0x80007f54 (0xf289ff93) x31 0xfea03f28
core   0: 0x80007f58 (0x41a6de33) sra     t3, a3, s10
core   0: 3 0x80007f58 (0x41a6de33) x28 0x00000000
core   0: 0x80007f5c (0x00d618b3) sll     a7, a2, a3
core   0: 3 0x80007f5c (0x00d618b3) x17 0x00000000
core   0: 0x80007f60 (0x51d23f13) sltiu   t5, tp, 1309
core   0: 3 0x80007f60 (0x51d23f13) x30 0x00000000
core   0: 0x80007f64 (0x00000013) nop
core   0: 3 0x80007f64 (0x00000013)
core   0: 0x80007f68 (0x93257d13) andi    s10, a0, -1742
core   0: 3 0x80007f68 (0x93257d13) x26 0x80010820
core   0: 0x80007f6c (0x006d1493) slli    s1, s10, 6
core   0: 3 0x80007f6c (0x006d1493) x 9 0x00420800
core   0: 0x80007f70 (0x01193933) sltu    s2, s2, a7
core   0: 3 0x80007f70 (0x01193933) x18 0x00000000
core   0: 0x80007f74 (0x00865493) srli    s1, a2, 8
core   0: 3 0x80007f74 (0x00865493) x 9 0x00000000
core   0: 0x80007f78 (0x0030c833) xor     a6, ra, gp
core   0: 3 0x80007f78 (0x0030c833) x16 0x00000000
core   0: 0x80007f7c (0x507ae993) ori     s3, s5, 1287
core   0: 3 0x80007f7c (0x507ae993) x19 0xffffff9f
core   0: 0x80007f80 (0x8cc9a113) slti    sp, s3, -1844
core   0: 3 0x80007f80 (0x8cc9a113) x 2 0x00000000
core   0: 0x80007f84 (0x01ee4b33) xor     s6, t3, t5
core   0: 3 0x80007f84 (0x01ee4b33) x22 0x00000000
core   0: 0x80007f88 (0x71f53193) sltiu   gp, a0, 1823
core   0: 3 0x80007f88 (0x71f53193) x 3 0x00000000
core   0: 0x80007f8c (0x00000013) nop
core   0: 3 0x80007f8c (0x00000013)
core   0: 0x80007f90 (0x00960633) add     a2, a2, s1
core   0: 3 0x80007f90 (0x00960633) x12 0x00000000
core   0: 0x80007f94 (0x00c8a233) slt     tp, a7, a2
core   0: 3 0x80007f94 (0x00c8a233) x 4 0x00000000
core   0: 0x80007f98 (0x6c37cb13) xori    s6, a5, 1731
core   0: 3 0x80007f98 (0x6c37cb13) x22 0xbeb4d9f7
core   0: 0x80007f9c (0x0007da33) srl     s4, a5, zero
core   0: 3 0x80007f9c (0x0007da33) x20 0xbeb4df34
core   0: 0x80007fa0 (0x33b7cf93) xori    t6, a5, 827
core   0: 3 0x80007fa0 (0x33b7cf93) x31 0xbeb4dc0f
core   0: 0x80007fa4 (0x404e51b3) sra     gp, t3, tp
core   0: 3 0x80007fa4 (0x404e51b3) x 3 0x00000000
core   0: 0x80007fa8 (0x0045e7b3) or      a5, a1, tp
core   0: 3 0x80007fa8 (0x0045e7b3) x15 0xfc000000
core   0: 0x80007fac (0x01797133) and     sp, s2, s7
core   0: 3 0x80007fac (0x01797133) x 2 0x00000000
core   0: 0x80007fb0 (0x418bda93) srai    s5, s7, 24
core   0: 3 0x80007fb0 (0x418bda93) x21 0x00000000
core   0: 0x80007fb4 (0x0e026713) ori     a4, tp, 224
core   0: 3 0x80007fb4 (0x0e026713) x14 0x000000e0
core   0: 0x80007fb8 (0x7fc07a93) andi    s5, zero, 2044
core   0: 3 0x80007fb8 (0x7fc07a93) x21 0x00000000
core   0: 0x80007fbc (0x01e90f33) add     t5, s2, t5
core   0: 3 0x80007fbc (0x01e90f33) x30 0x00000000
core   0: 0x80007fc0 (0xcbb08213) addi    tp, ra, -837
core   0: 3 0x80007fc0 (0xcbb08213) x 4 0xfffffcbb
core   0: 0x80007fc4 (0x00000013) nop
core   0: 3 0x80007fc4 (0x00000013)
core   0: 0x80007fc8 (0x00a7df93) srli    t6, a5, 10
core   0: 3 0x80007fc8 (0x00a7df93) x31 0x003f0000
core   0: 0x80007fcc (0x0056b633) sltu    a2, a3, t0
core   0: 3 0x80007fcc (0x0056b633) x12 0x00000001
core   0: 0x80007fd0 (0x00f27db3) and     s11, tp, a5
core   0: 3 0x80007fd0 (0x00f27db3) x27 0xfc000000
core   0: 0x80007fd4 (0x41055eb3) sra     t4, a0, a6
core   0: 3 0x80007fd4 (0x41055eb3) x29 0x80010e64
core   0: 0x80007fd8 (0x8167a993) slti    s3, a5, -2026
core   0: 3 0x80007fd8 (0x8167a993) x19 0x00000001
core   0: 0x80007fdc (0x4194de93) srai    t4, s1, 25
core   0: 3 0x80007fdc (0x4194de93) x29 0x00000000
core   0: 0x80007fe0 (0x00b10cb3) add     s9, sp, a1
core   0: 3 0x80007fe0 (0x00b10cb3) x25 0xfc000000
core   0: 0x80007fe4 (0x00409f33) sll     t5, ra, tp
core   0: 3 0x80007fe4 (0x00409f33) x30 0x00000000
core   0: 0x80007fe8 (0x00d37bb3) and     s7, t1, a3
core   0: 3 0x80007fe8 (0x00d37bb3) x23 0x00000000
core   0: 0x80007fec (0x3b6ccd17) auipc   s10, 0x3b6cc
core   0: 3 0x80007fec (0x3b6ccd17) x26 0xbb6d3fec
core   0: 0x80007ff0 (0x01dbc8b3) xor     a7, s7, t4
core   0: 3 0x80007ff0 (0x01dbc8b3) x17 0x00000000
core   0: 0x80007ff4 (0xce31ea13) ori     s4, gp, -797
core   0: 3 0x80007ff4 (0xce31ea13) x20 0xfffffce3
core   0: 0x80007ff8 (0x413f55b3) sra     a1, t5, s3
core   0: 3 0x80007ff8 (0x413f55b3) x11 0x00000000
core   0: 0x80007ffc (0x6f770c93) addi    s9, a4, 1783
core   0: 3 0x80007ffc (0x6f770c93) x25 0x000007d7
core   0: 0x80008000 (0xd015f237) lui     tp, 0xd015f
core   0: 3 0x80008000 (0xd015f237) x 4 0xd015f000
core   0: 0x80008004 (0x004cee33) or      t3, s9, tp
core   0: 3 0x80008004 (0x004cee33) x28 0xd015f7d7
core   0: 0x80008008 (0xe90dcd13) xori    s10, s11, -368
core   0: 3 0x80008008 (0xe90dcd13) x26 0x03fffe90
core   0: 0x8000800c (0x4160df13) srai    t5, ra, 22
core   0: 3 0x8000800c (0x4160df13) x30 0x00000000
core   0: 0x80008010 (0x00787bb3) and     s7, a6, t2
core   0: 3 0x80008010 (0x00787bb3) x23 0x00000000
core   0: 0x80008014 (0x40b25413) srai    s0, tp, 11
core   0: 3 0x80008014 (0x40b25413) x 8 0xfffa02be
core   0: 0x80008018 (0x01ec9ab3) sll     s5, s9, t5
core   0: 3 0x80008018 (0x01ec9ab3) x21 0x000007d7
core   0: 0x8000801c (0xf134bb93) sltiu   s7, s1, -237
core   0: 3 0x8000801c (0xf134bb93) x23 0x00000001
core   0: 0x80008020 (0x1f5e20b7) lui     ra, 0x1f5e2
core   0: 3 0x80008020 (0x1f5e20b7) x 1 0x1f5e2000
core   0: 0x80008024 (0x7022ac93) slti    s9, t0, 1794
core   0: 3 0x80008024 (0x7022ac93) x25 0x00000000
core   0: 0x80008028 (0x00de3133) sltu    sp, t3, a3
core   0: 3 0x80008028 (0x00de3133) x 2 0x00000000
core   0: 0x8000802c (0xdae53993) sltiu   s3, a0, -594
core   0: 3 0x8000802c (0xdae53993) x19 0x00000001
core   0: 0x80008030 (0x00945093) srli    ra, s0, 9
core   0: 3 0x80008030 (0x00945093) x 1 0x007ffd01
core   0: 0x80008034 (0x003cda93) srli    s5, s9, 3
core   0: 3 0x80008034 (0x003cda93) x21 0x00000000
core   0: 0x80008038 (0x2388eb97) auipc   s7, 0x2388e
core   0: 3 0x80008038 (0x2388eb97) x23 0xa3896038
core   0: 0x8000803c (0x00fe2633) slt     a2, t3, a5
core   0: 3 0x8000803c (0x00fe2633) x12 0x00000001
core   0: 0x80008040 (0x00487a33) and     s4, a6, tp
core   0: 3 0x80008040 (0x00487a33) x20 0x00000000
core   0: 0x80008044 (0x003d7633) and     a2, s10, gp
core   0: 3 0x80008044 (0x003d7633) x12 0x00000000
core   0: 0x80008048 (0x01444233) xor     tp, s0, s4
core   0: 3 0x80008048 (0x01444233) x 4 0xfffa02be
core   0: 0x8000804c (0x9f0faf13) slti    t5, t6, -1552
core   0: 3 0x8000804c (0x9f0faf13) x30 0x00000000
core   0: 0x80008050 (0x01c83b33) sltu    s6, a6, t3
core   0: 3 0x80008050 (0x01c83b33) x22 0x00000001
core   0: 0x80008054 (0x01321113) slli    sp, tp, 19
core   0: 3 0x80008054 (0x01321113) x 2 0x15f00000
core   0: 0x80008058 (0x92d44793) xori    a5, s0, -1747
core   0: 3 0x80008058 (0x92d44793) x15 0x0005fb93
core   0: 0x8000805c (0x4025d733) sra     a4, a1, sp
core   0: 3 0x8000805c (0x4025d733) x14 0x00000000
core   0: 0x80008060 (0xc4600993) li      s3, -954
core   0: 3 0x80008060 (0xc4600993) x19 0xfffffc46
core   0: 0x80008064 (0x4038d933) sra     s2, a7, gp
core   0: 3 0x80008064 (0x4038d933) x18 0x00000000
core   0: 0x80008068 (0x01bae1b3) or      gp, s5, s11
core   0: 3 0x80008068 (0x01bae1b3) x 3 0xfc000000
core   0: 0x8000806c (0xb7cc6013) ori     zero, s8, -1156
core   0: 3 0x8000806c (0xb7cc6013)
core   0: 0x80008070 (0xfb6b0e13) addi    t3, s6, -74
core   0: 3 0x80008070 (0xfb6b0e13) x28 0xffffffb7
core   0: 0x80008074 (0x01c20433) add     s0, tp, t3
core   0: 3 0x80008074 (0x01c20433) x 8 0xfffa0275
core   0: 0x80008078 (0x8f423413) sltiu   s0, tp, -1804
core   0: 3 0x80008078 (0x8f423413) x 8 0x00000001
core   0: 0x8000807c (0x00000013) nop
core   0: 3 0x8000807c (0x00000013)
core   0: 0x80008080 (0x0728e1b7) lui     gp, 0x728e
core   0: 3 0x80008080 (0x0728e1b7) x 3 0x0728e000
core   0: 0x80008084 (0xa2628413) addi    s0, t0, -1498
core   0: 3 0x80008084 (0xa2628413) x 8 0x000ffa26
core   0: 0x80008088 (0x41fe0db3) sub     s11, t3, t6
core   0: 3 0x80008088 (0x41fe0db3) x27 0xffc0ffb7
core   0: 0x8000808c (0xf129ad13) slti    s10, s3, -238
core   0: 3 0x8000808c (0xf129ad13) x26 0x00000001
core   0: 0x80008090 (0x00ccda13) srli    s4, s9, 12
core   0: 3 0x80008090 (0x00ccda13) x20 0x00000000
core   0: 0x80008094 (0x003f8d33) add     s10, t6, gp
core   0: 3 0x80008094 (0x003f8d33) x26 0x0767e000
core   0: 0x80008098 (0x018298b3) sll     a7, t0, s8
core   0: 3 0x80008098 (0x018298b3) x17 0x00000000
core   0: 0x8000809c (0x5498f817) auipc   a6, 0x5498f
core   0: 3 0x8000809c (0x5498f817) x16 0xd499709c
core   0: 0x800080a0 (0x0076d593) srli    a1, a3, 7
core   0: 3 0x800080a0 (0x0076d593) x11 0x00000000
core   0: 0x800080a4 (0xee2d6113) ori     sp, s10, -286
core   0: 3 0x800080a4 (0xee2d6113) x 2 0xfffffee2
core   0: 0x800080a8 (0xc35c3893) sltiu   a7, s8, -971
core   0: 3 0x800080a8 (0xc35c3893) x17 0x00000001
core   0: 0x800080ac (0xc20b8697) auipc   a3, 0xc20b8
core   0: 3 0x800080ac (0xc20b8697) x13 0x420c00ac
core   0: 0x800080b0 (0x415c8c33) sub     s8, s9, s5
core   0: 3 0x800080b0 (0x415c8c33) x24 0x00000000
core   0: 0x800080b4 (0xfb8c7613) andi    a2, s8, -72
core   0: 3 0x800080b4 (0xfb8c7613) x12 0x00000000
core   0: 0x800080b8 (0x01ab5fb3) srl     t6, s6, s10
core   0: 3 0x800080b8 (0x01ab5fb3) x31 0x00000001
core   0: 0x800080bc (0x008b5433) srl     s0, s6, s0
core   0: 3 0x800080bc (0x008b5433) x 8 0x00000000
core   0: 0x800080c0 (0x404c5713) srai    a4, s8, 4
core   0: 3 0x800080c0 (0x404c5713) x14 0x00000000
core   0: 0x800080c4 (0xb6564913) xori    s2, a2, -1179
core   0: 3 0x800080c4 (0xb6564913) x18 0xfffffb65
core   0: 0x800080c8 (0x415ad193) srai    gp, s5, 21
core   0: 3 0x800080c8 (0x415ad193) x 3 0x00000000
core   0: 0x800080cc (0x01129d33) sll     s10, t0, a7
core   0: 3 0x800080cc (0x01129d33) x26 0x00200000
core   0: 0x800080d0 (0x01a5b5b3) sltu    a1, a1, s10
core   0: 3 0x800080d0 (0x01a5b5b3) x11 0x00000001
core   0: 0x800080d4 (0x005c4eb3) xor     t4, s8, t0
core   0: 3 0x800080d4 (0x005c4eb3) x29 0x00100000
core   0: 0x800080d8 (0x00d7f133) and     sp, a5, a3
core   0: 3 0x800080d8 (0x00d7f133) x 2 0x00040080
core   0: 0x800080dc (0x009fbb33) sltu    s6, t6, s1
core   0: 3 0x800080dc (0x009fbb33) x22 0x00000000
core   0: 0x800080e0 (0x00ff0033) add     zero, t5, a5
core   0: 3 0x800080e0 (0x00ff0033)
core   0: 0x800080e4 (0x009747b3) xor     a5, a4, s1
core   0: 3 0x800080e4 (0x009747b3) x15 0x00000000
core   0: 0x800080e8 (0x01a8af33) slt     t5, a7, s10
core   0: 3 0x800080e8 (0x01a8af33) x30 0x00000001
core   0: 0x800080ec (0x007d32b3) sltu    t0, s10, t2
core   0: 3 0x800080ec (0x007d32b3) x 5 0x00000001
core   0: 0x800080f0 (0x012ac633) xor     a2, s5, s2
core   0: 3 0x800080f0 (0x012ac633) x12 0xfffffb65
core   0: 0x800080f4 (0x01d7d4b3) srl     s1, a5, t4
core   0: 3 0x800080f4 (0x01d7d4b3) x 9 0x00000000
core   0: 0x800080f8 (0x40c4deb3) sra     t4, s1, a2
core   0: 3 0x800080f8 (0x40c4deb3) x29 0x00000000
core   0: 0x800080fc (0x00861eb3) sll     t4, a2, s0
core   0: 3 0x800080fc (0x00861eb3) x29 0xfffffb65
core   0: 0x80008100 (0x05b56e13) ori     t3, a0, 91
core   0: 3 0x80008100 (0x05b56e13) x28 0x80010e7f
core   0: 0x80008104 (0x2c953a93) sltiu   s5, a0, 713
core   0: 3 0x80008104 (0x2c953a93) x21 0x00000000
core   0: 0x80008108 (0x00851e33) sll     t3, a0, s0
core   0: 3 0x80008108 (0x00851e33) x28 0x80010e64
core   0: 0x8000810c (0x00b64b33) xor     s6, a2, a1
core   0: 3 0x8000810c (0x00b64b33) x22 0xfffffb64
core   0: 0x80008110 (0x00000013) nop
core   0: 3 0x80008110 (0x00000013)
core   0: 0x80008114 (0x40e00633) sub     a2, zero, a4
core   0: 3 0x80008114 (0x40e00633) x12 0x00000000
core   0: 0x80008118 (0x0021dc13) srli    s8, gp, 2
core   0: 3 0x80008118 (0x0021dc13) x24 0x00000000
core   0: 0x8000811c (0x6143ea13) ori     s4, t2, 1556
core   0: 3 0x8000811c (0x6143ea13) x20 0x80000614
core   0: 0x80008120 (0x00000013) nop
core   0: 3 0x80008120 (0x00000013)
core   0: 0x80008124 (0x00000013) nop
core   0: 3 0x80008124 (0x00000013)
core   0: 0x80008128 (0x482e4d93) xori    s11, t3, 1154
core   0: 3 0x80008128 (0x482e4d93) x27 0x80010ae6
core   0: 0x8000812c (0x011a9833) sll     a6, s5, a7
core   0: 3 0x8000812c (0x011a9833) x16 0x00000000
core   0: 0x80008130 (0x011e6eb3) or      t4, t3, a7
core   0: 3 0x80008130 (0x011e6eb3) x29 0x80010e65
core   0: 0x80008134 (0x01a015b3) sll     a1, zero, s10
core   0: 3 0x80008134 (0x01a015b3) x11 0x00000000
core   0: 0x80008138 (0x4178db13) srai    s6, a7, 23
core   0: 3 0x80008138 (0x4178db13) x22 0x00000000
core   0: 0x8000813c (0x78738c97) auipc   s9, 0x78738
core   0: 3 0x8000813c (0x78738c97) x25 0xf874013c
core   0: 0x80008140 (0x00000013) nop
core   0: 3 0x80008140 (0x00000013)
core   0: 0x80008144 (0x8ba3e217) auipc   tp, 0x8ba3e
core   0: 3 0x80008144 (0x8ba3e217) x 4 0x0ba46144
core   0: 0x80008148 (0x01d1ebb3) or      s7, gp, t4
core   0: 3 0x80008148 (0x01d1ebb3) x23 0x80010e65
core   0: 0x8000814c (0x57ff3b13) sltiu   s6, t5, 1407
core   0: 3 0x8000814c (0x57ff3b13) x22 0x00000001
core   0: 0x80008150 (0x008111b3) sll     gp, sp, s0
core   0: 3 0x80008150 (0x008111b3) x 3 0x00040080
core   0: 0x80008154 (0x403758b3) sra     a7, a4, gp
core   0: 3 0x80008154 (0x403758b3) x17 0x00000000
core   0: 0x80008158 (0x4000f013) andi    zero, ra, 1024
core   0: 3 0x80008158 (0x4000f013)
core   0: 0x8000815c (0x00000013) nop
core   0: 3 0x8000815c (0x00000013)
core   0: 0x80008160 (0x00797f33) and     t5, s2, t2
core   0: 3 0x80008160 (0x00797f33) x30 0x80000000
core   0: 0x80008164 (0x7c1fa693) slti    a3, t6, 1985
core   0: 3 0x80008164 (0x7c1fa693) x13 0x00000001
core   0: 0x80008168 (0x015240b3) xor     ra, tp, s5
core   0: 3 0x80008168 (0x015240b3) x 1 0x0ba46144
core   0: 0x8000816c (0x35f1fd93) andi    s11, gp, 863
core   0: 3 0x8000816c (0x35f1fd93) x27 0x00000000
core   0: 0x80008170 (0x007d0133) add     sp, s10, t2
core   0: 3 0x80008170 (0x007d0133) x 2 0x80200000
core   0: 0x80008174 (0x002ed6b3) srl     a3, t4, sp
core   0: 3 0x80008174 (0x002ed6b3) x13 0x80010e65
core   0: 0x80008178 (0x40f8d713) srai    a4, a7, 15
core   0: 3 0x80008178 (0x40f8d713) x14 0x00000000
core   0: 0x8000817c (0x5b5ca913) slti    s2, s9, 1461
core   0: 3 0x8000817c (0x5b5ca913) x18 0x00000001
core   0: 0x80008180 (0x48ec7237) lui     tp, 0x48ec7
core   0: 3 0x80008180 (0x48ec7237) x 4 0x48ec7000
core   0: 0x80008184 (0x00000013) nop
core   0: 3 0x80008184 (0x00000013)
core   0: 0x80008188 (0x24c87937) lui     s2, 0x24c87
core   0: 3 0x80008188 (0x24c87937) x18 0x24c87000
core   0: 0x8000818c (0x008d5e33) srl     t3, s10, s0
core   0: 3 0x8000818c (0x008d5e33) x28 0x00200000
core   0: 0x80008190 (0x00beb0b3) sltu    ra, t4, a1
core   0: 3 0x80008190 (0x00beb0b3) x 1 0x00000000
core   0: 0x80008194 (0x007e39b3) sltu    s3, t3, t2
core   0: 3 0x80008194 (0x007e39b3) x19 0x00000001
core   0: 0x80008198 (0x0d95bb13) sltiu   s6, a1, 217
core   0: 3 0x80008198 (0x0d95bb13) x22 0x00000001
core   0: 0x8000819c (0x5a8ae293) ori     t0, s5, 1448
core   0: 3 0x8000819c (0x5a8ae293) x 5 0x000005a8
core   0: 0x800081a0 (0x00b59c33) sll     s8, a1, a1
core   0: 3 0x800081a0 (0x00b59c33) x24 0x00000000
core   0: 0x800081a4 (0xb513ae13) slti    t3, t2, -1199
core   0: 3 0x800081a4 (0xb513ae13) x28 0x00000001
core   0: 0x800081a8 (0x00089113) slli    sp, a7, 0
core   0: 3 0x800081a8 (0x00089113) x 2 0x00000000
core   0: 0x800081ac (0x01bc56b3) srl     a3, s8, s11
core   0: 3 0x800081ac (0x01bc56b3) x13 0x00000000
core   0: 0x800081b0 (0xd71c8693) addi    a3, s9, -655
core   0: 3 0x800081b0 (0xd71c8693) x13 0xf873fead
core   0: 0x800081b4 (0xd27cac93) slti    s9, s9, -729
core   0: 3 0x800081b4 (0xd27cac93) x25 0x00000001
core   0: 0x800081b8 (0x01759eb3) sll     t4, a1, s7
core   0: 3 0x800081b8 (0x01759eb3) x29 0x00000000
core   0: 0x800081bc (0xd98cf493) andi    s1, s9, -616
core   0: 3 0x800081bc (0xd98cf493) x 9 0x00000000
core   0: 0x800081c0 (0x40430b33) sub     s6, t1, tp
core   0: 3 0x800081c0 (0x40430b33) x22 0x3714dce4
core   0: 0x800081c4 (0x24cae613) ori     a2, s5, 588
core   0: 3 0x800081c4 (0x24cae613) x12 0x0000024c
core   0: 0x800081c8 (0x530a8a13) addi    s4, s5, 1328
core   0: 3 0x800081c8 (0x530a8a13) x20 0x00000530
core   0: 0x800081cc (0xba0cfd93) andi    s11, s9, -1120
core   0: 3 0x800081cc (0xba0cfd93) x27 0x00000000
core   0: 0x800081d0 (0x419b59b3) sra     s3, s6, s9
core   0: 3 0x800081d0 (0x419b59b3) x19 0x1b8a6e72
core   0: 0x800081d4 (0x00726733) or      a4, tp, t2
core   0: 3 0x800081d4 (0x00726733) x14 0xc8ec7000
core   0: 0x800081d8 (0x018a4033) xor     zero, s4, s8
core   0: 3 0x800081d8 (0x018a4033)
core   0: 0x800081dc (0x965a3b13) sltiu   s6, s4, -1691
core   0: 3 0x800081dc (0x965a3b13) x22 0x00000001
core   0: 0x800081e0 (0xe36cc713) xori    a4, s9, -458
core   0: 3 0x800081e0 (0xe36cc713) x14 0xfffffe37
core   0: 0x800081e4 (0x402d81b3) sub     gp, s11, sp
core   0: 3 0x800081e4 (0x402d81b3) x 3 0x00000000
core   0: 0x800081e8 (0x00e657b3) srl     a5, a2, a4
core   0: 3 0x800081e8 (0x00e657b3) x15 0x00000000
core   0: 0x800081ec (0x8d293013) sltiu   zero, s2, -1838
core   0: 3 0x800081ec (0x8d293013)
core   0: 0x800081f0 (0x00cd5933) srl     s2, s10, a2
core   0: 3 0x800081f0 (0x00cd5933) x18 0x00000200
core   0: 0x800081f4 (0xaf8f2297) auipc   t0, 0xaf8f2
core   0: 3 0x800081f4 (0xaf8f2297) x 5 0x2f8fa1f4
core   0: 0x800081f8 (0x41615d33) sra     s10, sp, s6
core   0: 3 0x800081f8 (0x41615d33) x26 0x00000000
core   0: 0x800081fc (0x4032d933) sra     s2, t0, gp
core   0: 3 0x800081fc (0x4032d933) x18 0x2f8fa1f4
core   0: 0x80008200 (0x3924f713) andi    a4, s1, 914
core   0: 3 0x80008200 (0x3924f713) x14 0x00000000
core   0: 0x80008204 (0x00000013) nop
core   0: 3 0x80008204 (0x00000013)
core   0: 0x80008208 (0x0068d0b3) srl     ra, a7, t1
core   0: 3 0x80008208 (0x0068d0b3) x 1 0x00000000
core   0: 0x8000820c (0x41910fb3) sub     t6, sp, s9
core   0: 3 0x8000820c (0x41910fb3) x31 0xffffffff
core   0: 0x80008210 (0x6cb5e113) ori     sp, a1, 1739
core   0: 3 0x80008210 (0x6cb5e113) x 2 0x000006cb
core   0: 0x80008214 (0x015827b3) slt     a5, a6, s5
core   0: 3 0x80008214 (0x015827b3) x15 0x00000000
core   0: 0x80008218 (0xb67368b7) lui     a7, 0xb6736
core   0: 3 0x80008218 (0xb67368b7) x17 0xb6736000
core   0: 0x8000821c (0x00791b93) slli    s7, s2, 7
core   0: 3 0x8000821c (0x00791b93) x23 0xc7d0fa00
core   0: 0x80008220 (0x01435a93) srli    s5, t1, 20
core   0: 3 0x80008220 (0x01435a93) x21 0x00000800
core   0: 0x80008224 (0x771b8cb7) lui     s9, 0x771b8
core   0: 3 0x80008224 (0x771b8cb7) x25 0x771b8000
core   0: 0x80008228 (0x01ee9733) sll     a4, t4, t5
core   0: 3 0x80008228 (0x01ee9733) x14 0x00000000
core   0: 0x8000822c (0x264a6413) ori     s0, s4, 612
core   0: 3 0x8000822c (0x264a6413) x 8 0x00000774
core   0: 0x80008230 (0xb2d52013) slti    zero, a0, -1235
core   0: 3 0x80008230 (0xb2d52013)
core   0: 0x80008234 (0x00567cb3) and     s9, a2, t0
core   0: 3 0x80008234 (0x00567cb3) x25 0x00000044
core   0: 0x80008238 (0x00000013) nop
core   0: 3 0x80008238 (0x00000013)
core   0: 0x8000823c (0x01e528b3) slt     a7, a0, t5
core   0: 3 0x8000823c (0x01e528b3) x17 0x00000000
core   0: 0x80008240 (0x00000013) nop
core   0: 3 0x80008240 (0x00000013)
core   0: 0x80008244 (0x000df7b3) and     a5, s11, zero
core   0: 3 0x80008244 (0x000df7b3) x15 0x00000000
core   0: 0x80008248 (0x00dfdb93) srli    s7, t6, 13
core   0: 3 0x80008248 (0x00dfdb93) x23 0x0007ffff
core   0: 0x8000824c (0x00000013) nop
core   0: 3 0x8000824c (0x00000013)
core   0: 0x80008250 (0x00000013) nop
core   0: 3 0x80008250 (0x00000013)
core   0: 0x80008254 (0x00280633) add     a2, a6, sp
core   0: 3 0x80008254 (0x00280633) x12 0x000006cb
core   0: 0x80008258 (0x01c7d933) srl     s2, a5, t3
core   0: 3 0x80008258 (0x01c7d933) x18 0x00000000
core   0: 0x8000825c (0xb239be13) sltiu   t3, s3, -1245
core   0: 3 0x8000825c (0xb239be13) x28 0x00000001
core   0: 0x80008260 (0x011787b3) add     a5, a5, a7
core   0: 3 0x80008260 (0x011787b3) x15 0x00000000
core   0: 0x80008264 (0x019342b3) xor     t0, t1, s9
core   0: 3 0x80008264 (0x019342b3) x 5 0x80014ca0
core   0: 0x80008268 (0x01b18eb3) add     t4, gp, s11
core   0: 3 0x80008268 (0x01b18eb3) x29 0x00000000
core   0: 0x8000826c (0x01ceb733) sltu    a4, t4, t3
core   0: 3 0x8000826c (0x01ceb733) x14 0x00000001
core   0: 0x80008270 (0x01e261b3) or      gp, tp, t5
core   0: 3 0x80008270 (0x01e261b3) x 3 0xc8ec7000
core   0: 0x80008274 (0x40665933) sra     s2, a2, t1
core   0: 3 0x80008274 (0x40665933) x18 0x0000006c
core   0: 0x80008278 (0x6a9e7793) andi    a5, t3, 1705
core   0: 3 0x80008278 (0x6a9e7793) x15 0x00000001
core   0: 0x8000827c (0x00000013) nop
core   0: 3 0x8000827c (0x00000013)
core   0: 0x80008280 (0x40b352b3) sra     t0, t1, a1
core   0: 3 0x80008280 (0x40b352b3) x 5 0x80014ce4
core   0: 0x80008284 (0x6c4a3013) sltiu   zero, s4, 1732
core   0: 3 0x80008284 (0x6c4a3013)
core   0: 0x80008288 (0x29f68093) addi    ra, a3, 671
core   0: 3 0x80008288 (0x29f68093) x 1 0xf874014c
core   0: 0x8000828c (0x00b7dc93) srli    s9, a5, 11
core   0: 3 0x8000828c (0x00b7dc93) x25 0x00000000
core   0: 0x80008290 (0x40a65f33) sra     t5, a2, a0
core   0: 3 0x80008290 (0x40a65f33) x30 0x0000006c
core   0: 0x80008294 (0x00610733) add     a4, sp, t1
core   0: 3 0x80008294 (0x00610733) x14 0x800153af
core   0: 0x80008298 (0x1f987b93) andi    s7, a6, 505
core   0: 3 0x80008298 (0x1f987b93) x23 0x00000000
core   0: 0x8000829c (0x41e1d2b3) sra     t0, gp, t5
core   0: 3 0x8000829c (0x41e1d2b3) x 5 0xfffc8ec7
core   0: 0x800082a0 (0x014510b3) sll     ra, a0, s4
core   0: 3 0x800082a0 (0x014510b3) x 1 0x0e640000
core   0: 0x800082a4 (0x012cbfb3) sltu    t6, s9, s2
core   0: 3 0x800082a4 (0x012cbfb3) x31 0x00000001
core   0: 0x800082a8 (0x5ec64713) xori    a4, a2, 1516
core   0: 3 0x800082a8 (0x5ec64713) x14 0x00000327
core   0: 0x800082ac (0x01408db3) add     s11, ra, s4
core   0: 3 0x800082ac (0x01408db3) x27 0x0e640530
core   0: 0x800082b0 (0x41600b33) sub     s6, zero, s6
core   0: 3 0x800082b0 (0x41600b33) x22 0xffffffff
core   0: 0x800082b4 (0x001d42b3) xor     t0, s10, ra
core   0: 3 0x800082b4 (0x001d42b3) x 5 0x0e640000
core   0: 0x800082b8 (0x5b4d0a93) addi    s5, s10, 1460
core   0: 3 0x800082b8 (0x5b4d0a93) x21 0x000005b4
core   0: 0x800082bc (0x0141de13) srli    t3, gp, 20
core   0: 3 0x800082bc (0x0141de13) x28 0x00000c8e
core   0: 0x800082c0 (0xe1d86593) ori     a1, a6, -483
core   0: 3 0x800082c0 (0xe1d86593) x11 0xfffffe1d
core   0: 0x800082c4 (0x40845d13) srai    s10, s0, 8
core   0: 3 0x800082c4 (0x40845d13) x26 0x00000007
core   0: 0x800082c8 (0xd753ed37) lui     s10, 0xd753e
core   0: 3 0x800082c8 (0xd753ed37) x26 0xd753e000
core   0: 0x800082cc (0x006c92b3) sll     t0, s9, t1
core   0: 3 0x800082cc (0x006c92b3) x 5 0x00000000
core   0: 0x800082d0 (0x0141ccb3) xor     s9, gp, s4
core   0: 3 0x800082d0 (0x0141ccb3) x25 0xc8ec7530
core   0: 0x800082d4 (0x00046833) or      a6, s0, zero
core   0: 3 0x800082d4 (0x00046833) x16 0x00000774
core   0: 0x800082d8 (0x0177b5b3) sltu    a1, a5, s7
core   0: 3 0x800082d8 (0x0177b5b3) x11 0x00000000
core   0: 0x800082dc (0x40a55413) srai    s0, a0, 10
core   0: 3 0x800082dc (0x40a55413) x 8 0xffe00043
core   0: 0x800082e0 (0x01f0bbb3) sltu    s7, ra, t6
core   0: 3 0x800082e0 (0x01f0bbb3) x23 0x00000000
core   0: 0x800082e4 (0x01bdda33) srl     s4, s11, s11
core   0: 3 0x800082e4 (0x01bdda33) x20 0x00000e64
core   0: 0x800082e8 (0x2598fb37) lui     s6, 0x2598f
core   0: 3 0x800082e8 (0x2598fb37) x22 0x2598f000
core   0: 0x800082ec (0x41035b33) sra     s6, t1, a6
core   0: 3 0x800082ec (0x41035b33) x22 0xfffff800
core   0: 0x800082f0 (0x00cecd33) xor     s10, t4, a2
core   0: 3 0x800082f0 (0x00cecd33) x26 0x000006cb
core   0: 0x800082f4 (0x412ede33) sra     t3, t4, s2
core   0: 3 0x800082f4 (0x412ede33) x28 0x00000000
core   0: 0x800082f8 (0x019b0eb3) add     t4, s6, s9
core   0: 3 0x800082f8 (0x019b0eb3) x29 0xc8ec6d30
core   0: 0x800082fc (0x01b31613) slli    a2, t1, 27
core   0: 3 0x800082fc (0x01b31613) x12 0x20000000
core   0: 0x80008300 (0x0045c733) xor     a4, a1, tp
core   0: 3 0x80008300 (0x0045c733) x14 0x48ec7000
core   0: 0x80008304 (0x017a42b3) xor     t0, s4, s7
core   0: 3 0x80008304 (0x017a42b3) x 5 0x00000e64
core   0: 0x80008308 (0x0016e633) or      a2, a3, ra
core   0: 3 0x80008308 (0x0016e633) x12 0xfe77fead
core   0: 0x8000830c (0x0033deb3) srl     t4, t2, gp
core   0: 3 0x8000830c (0x0033deb3) x29 0x80000000
core   0: 0x80008310 (0x41fed613) srai    a2, t4, 31
core   0: 3 0x80008310 (0x41fed613) x12 0xffffffff
core   0: 0x80008314 (0x000ec1b3) xor     gp, t4, zero
core   0: 3 0x80008314 (0x000ec1b3) x 3 0x80000000
core   0: 0x80008318 (0xfe83af93) slti    t6, t2, -24
core   0: 3 0x80008318 (0xfe83af93) x31 0x00000001
core   0: 0x8000831c (0x02f54b93) xori    s7, a0, 47
core   0: 3 0x8000831c (0x02f54b93) x23 0x80010e4b
core   0: 0x80008320 (0x01229d93) slli    s11, t0, 18
core   0: 3 0x80008320 (0x01229d93) x27 0x39900000
core   0: 0x80008324 (0x40c001b3) sub     gp, zero, a2
core   0: 3 0x80008324 (0x40c001b3) x 3 0x00000001
core   0: 0x80008328 (0xb7ecb813) sltiu   a6, s9, -1154
core   0: 3 0x80008328 (0xb7ecb813) x16 0x00000001
core   0: 0x8000832c (0x00c3fdb3) and     s11, t2, a2
core   0: 3 0x8000832c (0x00c3fdb3) x27 0x80000000
core   0: 0x80008330 (0x00617733) and     a4, sp, t1
core   0: 3 0x80008330 (0x00617733) x14 0x000004c0
core   0: 0x80008334 (0x01063e33) sltu    t3, a2, a6
core   0: 3 0x80008334 (0x01063e33) x28 0x00000000
core   0: 0x80008338 (0x01041eb3) sll     t4, s0, a6
core   0: 3 0x80008338 (0x01041eb3) x29 0xffc00086
core   0: 0x8000833c (0x13a2e2b7) lui     t0, 0x13a2e
core   0: 3 0x8000833c (0x13a2e2b7) x 5 0x13a2e000
core   0: 0x80008340 (0x7d4e2b93) slti    s7, t3, 2004
core   0: 3 0x80008340 (0x7d4e2b93) x23 0x00000001
core   0: 0x80008344 (0xc0bcbc93) sltiu   s9, s9, -1013
core   0: 3 0x80008344 (0xc0bcbc93) x25 0x00000001
core   0: 0x80008348 (0xb7d1be93) sltiu   t4, gp, -1155
core   0: 3 0x80008348 (0xb7d1be93) x29 0x00000001
core   0: 0x8000834c (0x01974733) xor     a4, a4, s9
core   0: 3 0x8000834c (0x01974733) x14 0x000004c1
core   0: 0x80008350 (0x0147b7b3) sltu    a5, a5, s4
core   0: 3 0x80008350 (0x0147b7b3) x15 0x00000001
core   0: 0x80008354 (0xab78c4b7) lui     s1, 0xab78c
core   0: 3 0x80008354 (0xab78c4b7) x 9 0xab78c000
core   0: 0x80008358 (0x00000013) nop
core   0: 3 0x80008358 (0x00000013)
core   0: 0x8000835c (0x00149c13) slli    s8, s1, 1
core   0: 3 0x8000835c (0x00149c13) x24 0x56f18000
core   0: 0x80008360 (0x38df8593) addi    a1, t6, 909
core   0: 3 0x80008360 (0x38df8593) x11 0x0000038e
core   0: 0x80008364 (0x0110a7b3) slt     a5, ra, a7
core   0: 3 0x80008364 (0x0110a7b3) x15 0x00000000
core   0: 0x80008368 (0x00000013) nop
core   0: 3 0x80008368 (0x00000013)
core   0: 0x8000836c (0x007f10b3) sll     ra, t5, t2
core   0: 3 0x8000836c (0x007f10b3) x 1 0x0000006c
core   0: 0x80008370 (0x003ee733) or      a4, t4, gp
core   0: 3 0x80008370 (0x003ee733) x14 0x00000001
core   0: 0x80008374 (0x4085dbb3) sra     s7, a1, s0
core   0: 3 0x80008374 (0x4085dbb3) x23 0x00000071
core   0: 0x80008378 (0x0012c5b3) xor     a1, t0, ra
core   0: 3 0x80008378 (0x0012c5b3) x11 0x13a2e06c
core   0: 0x8000837c (0x01720133) add     sp, tp, s7
core   0: 3 0x8000837c (0x01720133) x 2 0x48ec7071
core   0: 0x80008380 (0x40dd5093) srai    ra, s10, 13
core   0: 3 0x80008380 (0x40dd5093) x 1 0x00000000
core   0: 0x80008384 (0x01eba9b3) slt     s3, s7, t5
core   0: 3 0x80008384 (0x01eba9b3) x19 0x00000000
core   0: 0x80008388 (0x00000013) nop
core   0: 3 0x80008388 (0x00000013)
core   0: 0x8000838c (0x54916413) ori     s0, sp, 1353
core   0: 3 0x8000838c (0x54916413) x 8 0x48ec7579
core   0: 0x80008390 (0xda0b2e93) slti    t4, s6, -608
core   0: 3 0x80008390 (0xda0b2e93) x29 0x00000001
core   0: 0x80008394 (0x010951b3) srl     gp, s2, a6
core   0: 3 0x80008394 (0x010951b3) x 3 0x00000036
core   0: 0x80008398 (0xfa9b3d17) auipc   s10, 0xfa9b3
core   0: 3 0x80008398 (0xfa9b3d17) x26 0x7a9bb398
core   0: 0x8000839c (0x01b69013) slli    zero, a3, 27
core   0: 3 0x8000839c (0x01b69013)
core   0: 0x800083a0 (0x00129493) slli    s1, t0, 1
core   0: 3 0x800083a0 (0x00129493) x 9 0x2745c000
core   0: 0x800083a4 (0x0148eeb3) or      t4, a7, s4
core   0: 3 0x800083a4 (0x0148eeb3) x29 0x00000e64
core   0: 0x800083a8 (0x41ec8a33) sub     s4, s9, t5
core   0: 3 0x800083a8 (0x41ec8a33) x20 0xffffff95
core   0: 0x800083ac (0x006a7f33) and     t5, s4, t1
core   0: 3 0x800083ac (0x006a7f33) x30 0x80014c84
core   0: 0x800083b0 (0x4121d113) srai    sp, gp, 18
core   0: 3 0x800083b0 (0x4121d113) x 2 0x00000000
core   0: 0x800083b4 (0x39317d93) andi    s11, sp, 915
core   0: 3 0x800083b4 (0x39317d93) x27 0x00000000
core   0: 0x800083b8 (0x7b292197) auipc   gp, 0x7b292
core   0: 3 0x800083b8 (0x7b292197) x 3 0xfb29a3b8
core   0: 0x800083bc (0x15585fb7) lui     t6, 0x15585
core   0: 3 0x800083bc (0x15585fb7) x31 0x15585000
core   0: 0x800083c0 (0x00000013) nop
core   0: 3 0x800083c0 (0x00000013)
core   0: 0x800083c4 (0x01e850b3) srl     ra, a6, t5
core   0: 3 0x800083c4 (0x01e850b3) x 1 0x00000000
core   0: 0x800083c8 (0x4112da13) srai    s4, t0, 17
core   0: 3 0x800083c8 (0x4112da13) x20 0x000009d1
core   0: 0x800083cc (0x00b335b3) sltu    a1, t1, a1
core   0: 3 0x800083cc (0x00b335b3) x11 0x00000000
core   0: 0x800083d0 (0x40fd5b13) srai    s6, s10, 15
core   0: 3 0x800083d0 (0x40fd5b13) x22 0x0000f537
core   0: 0x800083d4 (0x2db63f13) sltiu   t5, a2, 731
core   0: 3 0x800083d4 (0x2db63f13) x30 0x00000000
core   0: 0x800083d8 (0xa865ae93) slti    t4, a1, -1402
core   0: 3 0x800083d8 (0xa865ae93) x29 0x00000000
core   0: 0x800083dc (0x006b6033) or      zero, s6, t1
core   0: 3 0x800083dc (0x006b6033)
core   0: 0x800083e0 (0x5f29ed13) ori     s10, s3, 1522
core   0: 3 0x800083e0 (0x5f29ed13) x26 0x000005f2
core   0: 0x800083e4 (0xc3066217) auipc   tp, 0xc3066
core   0: 3 0x800083e4 (0xc3066217) x 4 0x4306e3e4
core   0: 0x800083e8 (0x1d72fe93) andi    t4, t0, 471
core   0: 3 0x800083e8 (0x1d72fe93) x29 0x00000000
core   0: 0x800083ec (0x01b8da93) srli    s5, a7, 27
core   0: 3 0x800083ec (0x01b8da93) x21 0x00000000
core   0: 0x800083f0 (0x00000013) nop
core   0: 3 0x800083f0 (0x00000013)
core   0: 0x800083f4 (0x006d3833) sltu    a6, s10, t1
core   0: 3 0x800083f4 (0x006d3833) x16 0x00000001
core   0: 0x800083f8 (0x00d76133) or      sp, a4, a3
core   0: 3 0x800083f8 (0x00d76133) x 2 0xf873fead
core   0: 0x800083fc (0x13e7f213) andi    tp, a5, 318
core   0: 3 0x800083fc (0x13e7f213) x 4 0x00000000
core   0: 0x80008400 (0xc435eb93) ori     s7, a1, -957
core   0: 3 0x80008400 (0xc435eb93) x23 0xfffffc43
core   0: 0x80008404 (0x5a6d3f17) auipc   t5, 0x5a6d3
core   0: 3 0x80008404 (0x5a6d3f17) x30 0xda6db404
core   0: 0x80008408 (0xe06f0913) addi    s2, t5, -506
core   0: 3 0x80008408 (0xe06f0913) x18 0xda6db20a
core   0: 0x8000840c (0x00000013) nop
core   0: 3 0x8000840c (0x00000013)
core   0: 0x80008410 (0x017a6e33) or      t3, s4, s7
core   0: 3 0x80008410 (0x017a6e33) x28 0xfffffdd3
core   0: 0x80008414 (0xfe7ac613) xori    a2, s5, -25
core   0: 3 0x80008414 (0xfe7ac613) x12 0xffffffe7
core   0: 0x80008418 (0xfb03e7b7) lui     a5, 0xfb03e
core   0: 3 0x80008418 (0xfb03e7b7) x15 0xfb03e000
core   0: 0x8000841c (0x40fd0133) sub     sp, s10, a5
core   0: 3 0x8000841c (0x40fd0133) x 2 0x04fc25f2
core   0: 0x80008420 (0x40d152b3) sra     t0, sp, a3
core   0: 3 0x80008420 (0x40d152b3) x 5 0x000027e1
core   0: 0x80008424 (0x40555033) sra     zero, a0, t0
core   0: 3 0x80008424 (0x40555033)
core   0: 0x80008428 (0xa0317593) andi    a1, sp, -1533
core   0: 3 0x80008428 (0xa0317593) x11 0x04fc2002
core   0: 0x8000842c (0x01d74fb3) xor     t6, a4, t4
core   0: 3 0x8000842c (0x01d74fb3) x31 0x00000001
core   0: 0x80008430 (0x0c8c2493) slti    s1, s8, 200
core   0: 3 0x80008430 (0x0c8c2493) x 9 0x00000000
core   0: 0x80008434 (0x017a0cb3) add     s9, s4, s7
core   0: 3 0x80008434 (0x017a0cb3) x25 0x00000614
core   0: 0x80008438 (0x40650633) sub     a2, a0, t1
core   0: 3 0x80008438 (0x40650633) x12 0xffffc180
core   0: 0x8000843c (0x00a171b3) and     gp, sp, a0
core   0: 3 0x8000843c (0x00a171b3) x 3 0x00000460
core   0: 0x80008440 (0xaacebe37) lui     t3, 0xaaceb
core   0: 3 0x80008440 (0xaacebe37) x28 0xaaceb000
core   0: 0x80008444 (0x019491b3) sll     gp, s1, s9
core   0: 3 0x80008444 (0x019491b3) x 3 0x00000000
core   0: 0x80008448 (0x40550933) sub     s2, a0, t0
core   0: 3 0x80008448 (0x40550933) x18 0x8000e683
core   0: 0x8000844c (0x017952b3) srl     t0, s2, s7
core   0: 3 0x8000844c (0x017952b3) x 5 0x10001cd0
core   0: 0x80008450 (0x400152b3) sra     t0, sp, zero
core   0: 3 0x80008450 (0x400152b3) x 5 0x04fc25f2
core   0: 0x80008454 (0x00158f33) add     t5, a1, ra
core   0: 3 0x80008454 (0x00158f33) x30 0x04fc2002
core   0: 0x80008458 (0x019b47b3) xor     a5, s6, s9
core   0: 3 0x80008458 (0x019b47b3) x15 0x0000f323
core   0: 0x8000845c (0xb47eb2b7) lui     t0, 0xb47eb
core   0: 3 0x8000845c (0xb47eb2b7) x 5 0xb47eb000
core   0: 0x80008460 (0x3d0d8f93) addi    t6, s11, 976
core   0: 3 0x80008460 (0x3d0d8f93) x31 0x000003d0
core   0: 0x80008464 (0xf66fe717) auipc   a4, 0xf66fe
core   0: 3 0x80008464 (0xf66fe717) x14 0x76706464
core   0: 0x80008468 (0x40085cb3) sra     s9, a6, zero
core   0: 3 0x80008468 (0x40085cb3) x25 0x00000001
core   0: 0x8000846c (0x00000013) nop
core   0: 3 0x8000846c (0x00000013)
core   0: 0x80008470 (0xe8da7413) andi    s0, s4, -371
core   0: 3 0x80008470 (0xe8da7413) x 8 0x00000881
core   0: 0x80008474 (0xe2326e93) ori     t4, tp, -477
core   0: 3 0x80008474 (0xe2326e93) x29 0xfffffe23
core   0: 0x80008478 (0x01561d13) slli    s10, a2, 21
core   0: 3 0x80008478 (0x01561d13) x26 0x30000000
core   0: 0x8000847c (0x0003ba33) sltu    s4, t2, zero
core   0: 3 0x8000847c (0x0003ba33) x20 0x00000000
core   0: 0x80008480 (0x0099cf33) xor     t5, s3, s1
core   0: 3 0x80008480 (0x0099cf33) x30 0x00000000
core   0: 0x80008484 (0x000477b3) and     a5, s0, zero
core   0: 3 0x80008484 (0x000477b3) x15 0x00000000
core   0: 0x80008488 (0x93c8e9b7) lui     s3, 0x93c8e
core   0: 3 0x80008488 (0x93c8e9b7) x19 0x93c8e000
core   0: 0x8000848c (0x00d1e8b3) or      a7, gp, a3
core   0: 3 0x8000848c (0x00d1e8b3) x17 0xf873fead
core   0: 0x80008490 (0x002e87b3) add     a5, t4, sp
core   0: 3 0x80008490 (0x002e87b3) x15 0x04fc2415
core   0: 0x80008494 (0x32ad6e13) ori     t3, s10, 810
core   0: 3 0x80008494 (0x32ad6e13) x28 0x3000032a
core   0: 0x80008498 (0x00ce0733) add     a4, t3, a2
core   0: 3 0x80008498 (0x00ce0733) x14 0x2fffc4aa
core   0: 0x8000849c (0x35edc893) xori    a7, s11, 862
core   0: 3 0x8000849c (0x35edc893) x17 0x0000035e
core   0: 0x800084a0 (0xd52dc713) xori    a4, s11, -686
core   0: 3 0x800084a0 (0xd52dc713) x14 0xfffffd52
core   0: 0x800084a4 (0x00b879b3) and     s3, a6, a1
core   0: 3 0x800084a4 (0x00b879b3) x19 0x00000000
core   0: 0x800084a8 (0xa351ce13) xori    t3, gp, -1483
core   0: 3 0x800084a8 (0xa351ce13) x28 0xfffffa35
core   0: 0x800084ac (0x6ce82813) slti    a6, a6, 1742
core   0: 3 0x800084ac (0x6ce82813) x16 0x00000001
core   0: 0x800084b0 (0x37a6dc97) auipc   s9, 0x37a6d
core   0: 3 0x800084b0 (0x37a6dc97) x25 0xb7a754b0
core   0: 0x800084b4 (0x01dfcab3) xor     s5, t6, t4
core   0: 3 0x800084b4 (0x01dfcab3) x21 0xfffffdf3
core   0: 0x800084b8 (0xc37c94b7) lui     s1, 0xc37c9
core   0: 3 0x800084b8 (0xc37c94b7) x 9 0xc37c9000
core   0: 0x800084bc (0x006c5e93) srli    t4, s8, 6
core   0: 3 0x800084bc (0x006c5e93) x29 0x015bc600
core   0: 0x800084c0 (0x00283a33) sltu    s4, a6, sp
core   0: 3 0x800084c0 (0x00283a33) x20 0x00000001
core   0: 0x800084c4 (0x00726233) or      tp, tp, t2
core   0: 3 0x800084c4 (0x00726233) x 4 0x80000000
core   0: 0x800084c8 (0x934aa913) slti    s2, s5, -1740
core   0: 3 0x800084c8 (0x934aa913) x18 0x00000000
core   0: 0x800084cc (0x6dfc9eb7) lui     t4, 0x6dfc9
core   0: 3 0x800084cc (0x6dfc9eb7) x29 0x6dfc9000
core   0: 0x800084d0 (0x417bdc13) srai    s8, s7, 23
core   0: 3 0x800084d0 (0x417bdc13) x24 0xffffffff
core   0: 0x800084d4 (0x40475213) srai    tp, a4, 4
core   0: 3 0x800084d4 (0x40475213) x 4 0xffffffd5
core   0: 0x800084d8 (0x3ac6e617) auipc   a2, 0x3ac6e
core   0: 3 0x800084d8 (0x3ac6e617) x12 0xbac764d8
core   0: 0x800084dc (0x00000013) nop
core   0: 3 0x800084dc (0x00000013)
core   0: 0x800084e0 (0x01445833) srl     a6, s0, s4
core   0: 3 0x800084e0 (0x01445833) x16 0x00000440
core   0: 0x800084e4 (0xfffeaa37) lui     s4, 0xfffea
core   0: 3 0x800084e4 (0xfffeaa37) x20 0xfffea000
core   0: 0x800084e8 (0xfc3a0a13) addi    s4, s4, -61
core   0: 3 0x800084e8 (0xfc3a0a13) x20 0xfffe9fc3
core   0: 0x800084ec (0x00000f93) li      t6, 0
core   0: 3 0x800084ec (0x00000f93) x31 0x00000000
core   0: 0x800084f0 (0x80000137) lui     sp, 0x80000
core   0: 3 0x800084f0 (0x80000137) x 2 0x80000000
core   0: 0x800084f4 (0xfff00b93) li      s7, -1
core   0: 3 0x800084f4 (0xfff00b93) x23 0xffffffff
core   0: 0x800084f8 (0xbcc428b7) lui     a7, 0xbcc42
core   0: 3 0x800084f8 (0xbcc428b7) x17 0xbcc42000
core   0: 0x800084fc (0x8d088893) addi    a7, a7, -1840
core   0: 3 0x800084fc (0x8d088893) x17 0xbcc418d0
core   0: 0x80008500 (0x80000cb7) lui     s9, 0x80000
core   0: 3 0x80008500 (0x80000cb7) x25 0x80000000
core   0: 0x80008504 (0x1fa2b1b7) lui     gp, 0x1fa2b
core   0: 3 0x80008504 (0x1fa2b1b7) x 3 0x1fa2b000
core   0: 0x80008508 (0x68f18193) addi    gp, gp, 1679
core   0: 3 0x80008508 (0x68f18193) x 3 0x1fa2b68f
core   0: 0x8000850c (0x80000237) lui     tp, 0x80000
core   0: 3 0x8000850c (0x80000237) x 4 0x80000000
core   0: 0x80008510 (0x00000b13) li      s6, 0
core   0: 3 0x80008510 (0x00000b13) x22 0x00000000
core   0: 0x80008514 (0x00000913) li      s2, 0
core   0: 3 0x80008514 (0x00000913) x18 0x00000000
core   0: 0x80008518 (0x01fa0bb3) add     s7, s4, t6
core   0: 3 0x80008518 (0x01fa0bb3) x23 0xfffe9fc3
core   0: 0x8000851c (0x404c8b33) sub     s6, s9, tp
core   0: 3 0x8000851c (0x404c8b33) x22 0x00000000
core   0: 0x80008520 (0xe2df8113) addi    sp, t6, -467
core   0: 3 0x80008520 (0xe2df8113) x 2 0xfffffe2d
core   0: 0x80008524 (0x936a0f93) addi    t6, s4, -1738
core   0: 3 0x80008524 (0x936a0f93) x31 0xfffe98f9
core   0: 0x80008528 (0x7c923897) auipc   a7, 0x7c923
core   0: 3 0x80008528 (0x7c923897) x17 0xfc92b528
core   0: 0x8000852c (0xe897eb37) lui     s6, 0xe897e
core   0: 3 0x8000852c (0xe897eb37) x22 0xe897e000
core   0: 0x80008530 (0x01790cb3) add     s9, s2, s7
core   0: 3 0x80008530 (0x01790cb3) x25 0xfffe9fc3
core   0: 0x80008534 (0x416f8fb3) sub     t6, t6, s6
core   0: 3 0x80008534 (0x416f8fb3) x31 0x1766b8f9
core   0: 0x80008538 (0xa8af9c97) auipc   s9, 0xa8af9
core   0: 3 0x80008538 (0xa8af9c97) x25 0x28b01538
core   0: 0x8000853c (0x3b736217) auipc   tp, 0x3b736
core   0: 3 0x8000853c (0x3b736217) x 4 0xbb73e53c
core   0: 0x80008540 (0x01910bb3) add     s7, sp, s9
core   0: 3 0x80008540 (0x01910bb3) x23 0x28b01365
core   0: 0x80008544 (0x5d8d4197) auipc   gp, 0x5d8d4
core   0: 3 0x80008544 (0x5d8d4197) x 3 0xdd8dc544
core   0: 0x80008548 (0x016188b3) add     a7, gp, s6
core   0: 3 0x80008548 (0x016188b3) x17 0xc625a544
core   0: 0x8000854c (0x21aca897) auipc   a7, 0x21aca
core   0: 3 0x8000854c (0x21aca897) x17 0xa1ad254c
core   0: 0x80008550 (0x66ee6197) auipc   gp, 0x66ee6
core   0: 3 0x80008550 (0x66ee6197) x 3 0xe6eee550
core   0: 0x80008554 (0x830311b7) lui     gp, 0x83031
core   0: 3 0x80008554 (0x830311b7) x 3 0x83031000
core   0: 0x80008558 (0x019c8a33) add     s4, s9, s9
core   0: 3 0x80008558 (0x019c8a33) x20 0x51602a70
core   0: 0x8000855c (0x416b0b33) sub     s6, s6, s6
core   0: 3 0x8000855c (0x416b0b33) x22 0x00000000
core   0: 0x80008560 (0x003c8cb3) add     s9, s9, gp
core   0: 3 0x80008560 (0x003c8cb3) x25 0xabb32538
core   0: 0x80008564 (0x08a5bb17) auipc   s6, 0x8a5b
core   0: 3 0x80008564 (0x08a5bb17) x22 0x88a63564
core   0: 0x80008568 (0x017c8cb3) add     s9, s9, s7
core   0: 3 0x80008568 (0x017c8cb3) x25 0xd463389d
core   0: 0x8000856c (0xf2ed61b7) lui     gp, 0xf2ed6
core   0: 3 0x8000856c (0xf2ed61b7) x 3 0xf2ed6000
core   0: 0x80008570 (0xb71e3197) auipc   gp, 0xb71e3
core   0: 3 0x80008570 (0xb71e3197) x 3 0x371eb570
core   0: 0x80008574 (0x016a16b3) sll     a3, s4, s6
core   0: 3 0x80008574 (0x016a16b3) x13 0x1602a700
core   0: 0x80008578 (0x54e74c13) xori    s8, a4, 1358
core   0: 3 0x80008578 (0x54e74c13) x24 0xfffff81c
core   0: 0x8000857c (0x0066d113) srli    sp, a3, 6
core   0: 3 0x8000857c (0x0066d113) x 2 0x00580a9c
core   0: 0x80008580 (0x01b6ef33) or      t5, a3, s11
core   0: 3 0x80008580 (0x01b6ef33) x30 0x1602a700
core   0: 0x80008584 (0x4112dbb3) sra     s7, t0, a7
core   0: 3 0x80008584 (0x4112dbb3) x23 0xfffb47eb
core   0: 0x80008588 (0x01df2fb3) slt     t6, t5, t4
core   0: 3 0x80008588 (0x01df2fb3) x31 0x00000001
core   0: 0x8000858c (0x002e9113) slli    sp, t4, 2
core   0: 3 0x8000858c (0x002e9113) x 2 0xb7f24000
core   0: 0x80008590 (0x01059b93) slli    s7, a1, 16
core   0: 3 0x80008590 (0x01059b93) x23 0x20020000
core   0: 0x80008594 (0x00a524b3) slt     s1, a0, a0
core   0: 3 0x80008594 (0x00a524b3) x 9 0x00000000
core   0: 0x80008598 (0xfbf34893) xori    a7, t1, -65
core   0: 3 0x80008598 (0xfbf34893) x17 0x7ffeb35b
core   0: 0x8000859c (0x01634433) xor     s0, t1, s6
core   0: 3 0x8000859c (0x01634433) x 8 0x08a77980
core   0: 0x800085a0 (0x001b5793) srli    a5, s6, 1
core   0: 3 0x800085a0 (0x001b5793) x15 0x44531ab2
core   0: 0x800085a4 (0x0165d2b3) srl     t0, a1, s6
core   0: 3 0x800085a4 (0x0165d2b3) x 5 0x004fc200
core   0: 0x800085a8 (0x409fd813) srai    a6, t6, 9
core   0: 3 0x800085a8 (0x409fd813) x16 0x00000000
core   0: 0x800085ac (0x015ee933) or      s2, t4, s5
core   0: 3 0x800085ac (0x015ee933) x18 0xfffffdf3
core   0: 0x800085b0 (0x408e82b3) sub     t0, t4, s0
core   0: 3 0x800085b0 (0x408e82b3) x 5 0x65551680
core   0: 0x800085b4 (0x40c44c13) xori    s8, s0, 1036
core   0: 3 0x800085b4 (0x40c44c13) x24 0x08a77d8c
core   0: 0x800085b8 (0x00261933) sll     s2, a2, sp
core   0: 3 0x800085b8 (0x00261933) x18 0xbac764d8
core   0: 0x800085bc (0xe3450693) addi    a3, a0, -460
core   0: 3 0x800085bc (0xe3450693) x13 0x80010c98
core   0: 0x800085c0 (0x00881c13) slli    s8, a6, 8
core   0: 3 0x800085c0 (0x00881c13) x24 0x00000000
core   0: 0x800085c4 (0x9ba1c113) xori    sp, gp, -1606
core   0: 3 0x800085c4 (0x9ba1c113) x 2 0xc8e14cca
core   0: 0x800085c8 (0x05a2cc93) xori    s9, t0, 90
core   0: 3 0x800085c8 (0x05a2cc93) x25 0x655516da
core   0: 0x800085cc (0x00000013) nop
core   0: 3 0x800085cc (0x00000013)
core   0: 0x800085d0 (0xefeb4e13) xori    t3, s6, -258
core   0: 3 0x800085d0 (0xefeb4e13) x28 0x7759cb9a
core   0: 0x800085d4 (0x04fca093) slti    ra, s9, 79
core   0: 3 0x800085d4 (0x04fca093) x 1 0x00000000
core   0: 0x800085d8 (0xdfa54593) xori    a1, a0, -518
core   0: 3 0x800085d8 (0xdfa54593) x11 0x7ffef39e
core   0: 0x800085dc (0x00000013) nop
core   0: 3 0x800085dc (0x00000013)
core   0: 0x800085e0 (0x003afab3) and     s5, s5, gp
core   0: 3 0x800085e0 (0x003afab3) x21 0x371eb570
core   0: 0x800085e4 (0x00885433) srl     s0, a6, s0
core   0: 3 0x800085e4 (0x00885433) x 8 0x00000000
core   0: 0x800085e8 (0xc74c7193) andi    gp, s8, -908
core   0: 3 0x800085e8 (0xc74c7193) x 3 0x00000000
core   0: 0x800085ec (0x00392933) slt     s2, s2, gp
core   0: 3 0x800085ec (0x00392933) x18 0x00000001
core   0: 0x800085f0 (0x408c5713) srai    a4, s8, 8
core   0: 3 0x800085f0 (0x408c5713) x14 0x00000000
core   0: 0x800085f4 (0x68aa4c93) xori    s9, s4, 1674
core   0: 3 0x800085f4 (0x68aa4c93) x25 0x51602cfa
core   0: 0x800085f8 (0x003aea33) or      s4, s5, gp
core   0: 3 0x800085f8 (0x003aea33) x20 0x371eb570
core   0: 0x800085fc (0x41f4d133) sra     sp, s1, t6
core   0: 3 0x800085fc (0x41f4d133) x 2 0x00000000
core   0: 0x80008600 (0x43228d13) addi    s10, t0, 1074
core   0: 3 0x80008600 (0x43228d13) x26 0x65551ab2
core   0: 0x80008604 (0x40788d33) sub     s10, a7, t2
core   0: 3 0x80008604 (0x40788d33) x26 0xfffeb35b
core   0: 0x80008608 (0x01159eb3) sll     t4, a1, a7
core   0: 3 0x80008608 (0x01159eb3) x29 0xf0000000
core   0: 0x8000860c (0x00000013) nop
core   0: 3 0x8000860c (0x00000013)
core   0: 0x80008610 (0xea85c193) xori    gp, a1, -344
core   0: 3 0x80008610 (0xea85c193) x 3 0x80010d36
core   0: 0x80008614 (0x01128cb3) add     s9, t0, a7
core   0: 3 0x80008614 (0x01128cb3) x25 0xe553c9db
core   0: 0x80008618 (0x01f93e33) sltu    t3, s2, t6
core   0: 3 0x80008618 (0x01f93e33) x28 0x00000000
core   0: 0x8000861c (0x41635733) sra     a4, t1, s6
core   0: 3 0x8000861c (0x41635733) x14 0xf80014ce
core   0: 0x80008620 (0xe71fd917) auipc   s2, 0xe71fd
core   0: 3 0x80008620 (0xe71fd917) x18 0x67205620
core   0: 0x80008624 (0x49cd4b93) xori    s7, s10, 1180
core   0: 3 0x80008624 (0x49cd4b93) x23 0xfffeb7c7
core   0: 0x80008628 (0xca12e2b7) lui     t0, 0xca12e
core   0: 3 0x80008628 (0xca12e2b7) x 5 0xca12e000
core   0: 0x8000862c (0x40a0d133) sra     sp, ra, a0
core   0: 3 0x8000862c (0x40a0d133) x 2 0x00000000
core   0: 0x80008630 (0x4174d733) sra     a4, s1, s7
core   0: 3 0x80008630 (0x4174d733) x14 0x00000000
core   0: 0x80008634 (0x74de0fb7) lui     t6, 0x74de0
core   0: 3 0x80008634 (0x74de0fb7) x31 0x74de0000
core   0: 0x80008638 (0x94170a17) auipc   s4, 0x94170
core   0: 3 0x80008638 (0x94170a17) x20 0x14178638
core   0: 0x8000863c (0x001e7b33) and     s6, t3, ra
core   0: 3 0x8000863c (0x001e7b33) x22 0x00000000
core   0: 0x80008640 (0x40bbdb13) srai    s6, s7, 11
core   0: 3 0x80008640 (0x40bbdb13) x22 0xffffffd6
core   0: 0x80008644 (0x0012cbb3) xor     s7, t0, ra
core   0: 3 0x80008644 (0x0012cbb3) x23 0xca12e000
core   0: 0x80008648 (0x41c2dab3) sra     s5, t0, t3
core   0: 3 0x80008648 (0x41c2dab3) x21 0xca12e000
core   0: 0x8000864c (0xf536b713) sltiu   a4, a3, -173
core   0: 3 0x8000864c (0xf536b713) x14 0x00000001
core   0: 0x80008650 (0xa81c8713) addi    a4, s9, -1407
core   0: 3 0x80008650 (0xa81c8713) x14 0xe553c45c
core   0: 0x80008654 (0xdb9b8c97) auipc   s9, 0xdb9b8
core   0: 3 0x80008654 (0xdb9b8c97) x25 0x5b9c0654
core   0: 0x80008658 (0x41395d33) sra     s10, s2, s3
core   0: 3 0x80008658 (0x41395d33) x26 0x67205620
core   0: 0x8000865c (0x013fa7b3) slt     a5, t6, s3
core   0: 3 0x8000865c (0x013fa7b3) x15 0x00000000
core   0: 0x80008660 (0x01949413) slli    s0, s1, 25
core   0: 3 0x80008660 (0x01949413) x 8 0x00000000
core   0: 0x80008664 (0x41135293) srai    t0, t1, 17
core   0: 3 0x80008664 (0x41135293) x 5 0xffffc000
core   0: 0x80008668 (0x01739bb3) sll     s7, t2, s7
core   0: 3 0x80008668 (0x01739bb3) x23 0x80000000
core   0: 0x8000866c (0x01113733) sltu    a4, sp, a7
core   0: 3 0x8000866c (0x01113733) x14 0x00000001
core   0: 0x80008670 (0x40c9d893) srai    a7, s3, 12
core   0: 3 0x80008670 (0x40c9d893) x17 0x00000000
core   0: 0x80008674 (0xc1197c13) andi    s8, s2, -1007
core   0: 3 0x80008674 (0xc1197c13) x24 0x67205400
core   0: 0x80008678 (0x48f63813) sltiu   a6, a2, 1167
core   0: 3 0x80008678 (0x48f63813) x16 0x00000000
core   0: 0x8000867c (0x2575f193) andi    gp, a1, 599
core   0: 3 0x8000867c (0x2575f193) x 3 0x00000216
core   0: 0x80008680 (0x01d69933) sll     s2, a3, t4
core   0: 3 0x80008680 (0x01d69933) x18 0x80010c98
core   0: 0x80008684 (0x9e0f7793) andi    a5, t5, -1568
core   0: 3 0x80008684 (0x9e0f7793) x15 0x1602a100
core   0: 0x80008688 (0xbfaf8993) addi    s3, t6, -1030
core   0: 3 0x80008688 (0xbfaf8993) x19 0x74ddfbfa
core   0: 0x8000868c (0x00304e33) xor     t3, zero, gp
core   0: 3 0x8000868c (0x00304e33) x28 0x00000216
core   0: 0x80008690 (0xa8070113) addi    sp, a4, -1408
core   0: 3 0x80008690 (0xa8070113) x 2 0xfffffa81
core   0: 0x80008694 (0x032f2d93) slti    s11, t5, 50
core   0: 3 0x80008694 (0x032f2d93) x27 0x00000000
core   0: 0x80008698 (0x00000013) nop
core   0: 3 0x80008698 (0x00000013)
core   0: 0x8000869c (0xc6de2113) slti    sp, t3, -915
core   0: 3 0x8000869c (0xc6de2113) x 2 0x00000000
core   0: 0x800086a0 (0x876abc97) auipc   s9, 0x876ab
core   0: 3 0x800086a0 (0x876abc97) x25 0x076b36a0
core   0: 0x800086a4 (0x00cda0b3) slt     ra, s11, a2
core   0: 3 0x800086a4 (0x00cda0b3) x 1 0x00000000
core   0: 0x800086a8 (0x41530033) sub     zero, t1, s5
core   0: 3 0x800086a8 (0x41530033)
core   0: 0x800086ac (0x411bd193) srai    gp, s7, 17
core   0: 3 0x800086ac (0x411bd193) x 3 0xffffc000
core   0: 0x800086b0 (0x00263033) sltu    zero, a2, sp
core   0: 3 0x800086b0 (0x00263033)
core   0: 0x800086b4 (0x016c5613) srli    a2, s8, 22
core   0: 3 0x800086b4 (0x016c5613) x12 0x0000019c
core   0: 0x800086b8 (0x01266eb3) or      t4, a2, s2
core   0: 3 0x800086b8 (0x01266eb3) x29 0x80010d9c
core   0: 0x800086bc (0x00100833) add     a6, zero, ra
core   0: 3 0x800086bc (0x00100833) x16 0x00000000
core   0: 0x800086c0 (0x01c19793) slli    a5, gp, 28
core   0: 3 0x800086c0 (0x01c19793) x15 0x00000000
core   0: 0x800086c4 (0xe81cea93) ori     s5, s9, -383
core   0: 3 0x800086c4 (0xe81cea93) x21 0xfffffea1
core   0: 0x800086c8 (0x305e4b17) auipc   s6, 0x305e4
core   0: 3 0x800086c8 (0x305e4b17) x22 0xb05ec6c8
core   0: 0x800086cc (0x01a752b3) srl     t0, a4, s10
core   0: 3 0x800086cc (0x01a752b3) x 5 0x00000001
core   0: 0x800086d0 (0x01fe2bb3) slt     s7, t3, t6
core   0: 3 0x800086d0 (0x01fe2bb3) x23 0x00000001
core   0: 0x800086d4 (0x0001b433) sltu    s0, gp, zero
core   0: 3 0x800086d4 (0x0001b433) x 8 0x00000000
core   0: 0x800086d8 (0x20b9b013) sltiu   zero, s3, 523
core   0: 3 0x800086d8 (0x20b9b013)
core   0: 0x800086dc (0x01c226b3) slt     a3, tp, t3
core   0: 3 0x800086dc (0x01c226b3) x13 0x00000001
core   0: 0x800086e0 (0x61feaa93) slti    s5, t4, 1567
core   0: 3 0x800086e0 (0x61feaa93) x21 0x00000001
core   0: 0x800086e4 (0x6549c793) xori    a5, s3, 1620
core   0: 3 0x800086e4 (0x6549c793) x15 0x74ddfdae
core   0: 0x800086e8 (0x012f24b3) slt     s1, t5, s2
core   0: 3 0x800086e8 (0x012f24b3) x 9 0x00000000
core   0: 0x800086ec (0xdcc12193) slti    gp, sp, -564
core   0: 3 0x800086ec (0xdcc12193) x 3 0x00000000
core   0: 0x800086f0 (0x7f10af93) slti    t6, ra, 2033
core   0: 3 0x800086f0 (0x7f10af93) x31 0x00000001
core   0: 0x800086f4 (0x00dbb833) sltu    a6, s7, a3
core   0: 3 0x800086f4 (0x00dbb833) x16 0x00000000
core   0: 0x800086f8 (0x70fbb693) sltiu   a3, s7, 1807
core   0: 3 0x800086f8 (0x70fbb693) x13 0x00000001
core   0: 0x800086fc (0x004adc93) srli    s9, s5, 4
core   0: 3 0x800086fc (0x004adc93) x25 0x00000000
core   0: 0x80008700 (0x7c2ae713) ori     a4, s5, 1986
core   0: 3 0x80008700 (0x7c2ae713) x14 0x000007c3
core   0: 0x80008704 (0x00ab6eb3) or      t4, s6, a0
core   0: 3 0x80008704 (0x00ab6eb3) x29 0xb05fceec
core   0: 0x80008708 (0x402f84b3) sub     s1, t6, sp
core   0: 3 0x80008708 (0x402f84b3) x 9 0x00000001
core   0: 0x8000870c (0x01939b93) slli    s7, t2, 25
core   0: 3 0x8000870c (0x01939b93) x23 0x00000000
core   0: 0x80008710 (0x015d34b3) sltu    s1, s10, s5
core   0: 3 0x80008710 (0x015d34b3) x 9 0x00000000
core   0: 0x80008714 (0x91f56b93) ori     s7, a0, -1761
core   0: 3 0x80008714 (0x91f56b93) x23 0xffffff7f
core   0: 0x80008718 (0x42e7f593) andi    a1, a5, 1070
core   0: 3 0x80008718 (0x42e7f593) x11 0x0000042e
core   0: 0x8000871c (0x401504b3) sub     s1, a0, ra
core   0: 3 0x8000871c (0x401504b3) x 9 0x80010e64
core   0: 0x80008720 (0x004ce8b3) or      a7, s9, tp
core   0: 3 0x80008720 (0x004ce8b3) x17 0xbb73e53c
core   0: 0x80008724 (0x5763a013) slti    zero, t2, 1398
core   0: 3 0x80008724 (0x5763a013)
core   0: 0x80008728 (0xcf803593) sltiu   a1, zero, -776
core   0: 3 0x80008728 (0xcf803593) x11 0x00000001
core   0: 0x8000872c (0x0185da33) srl     s4, a1, s8
core   0: 3 0x8000872c (0x0185da33) x20 0x00000001
core   0: 0x80008730 (0xad8a5197) auipc   gp, 0xad8a5
core   0: 3 0x80008730 (0xad8a5197) x 3 0x2d8ad730
core   0: 0x80008734 (0x923b8993) addi    s3, s7, -1757
core   0: 3 0x80008734 (0x923b8993) x19 0xfffff8a2
core   0: 0x80008738 (0x0026d413) srli    s0, a3, 2
core   0: 3 0x80008738 (0x0026d413) x 8 0x00000000
core   0: 0x8000873c (0x00cbe6b3) or      a3, s7, a2
core   0: 3 0x8000873c (0x00cbe6b3) x13 0xffffffff
core   0: 0x80008740 (0x00611b93) slli    s7, sp, 6
core   0: 3 0x80008740 (0x00611b93) x23 0x00000000
core   0: 0x80008744 (0xf43ecdb7) lui     s11, 0xf43ec
core   0: 3 0x80008744 (0xf43ecdb7) x27 0xf43ec000
core   0: 0x80008748 (0x002a1e93) slli    t4, s4, 2
core   0: 3 0x80008748 (0x002a1e93) x29 0x00000004
core   0: 0x8000874c (0xa650ba13) sltiu   s4, ra, -1435
core   0: 3 0x8000874c (0xa650ba13) x20 0x00000001
core   0: 0x80008750 (0x00313933) sltu    s2, sp, gp
core   0: 3 0x80008750 (0x00313933) x18 0x00000001
core   0: 0x80008754 (0x01048e33) add     t3, s1, a6
core   0: 3 0x80008754 (0x01048e33) x28 0x80010e64
core   0: 0x80008758 (0x01f6f8b3) and     a7, a3, t6
core   0: 3 0x80008758 (0x01f6f8b3) x17 0x00000001
core   0: 0x8000875c (0x27524293) xori    t0, tp, 629
core   0: 3 0x8000875c (0x27524293) x 5 0xbb73e749
core   0: 0x80008760 (0x2fddb013) sltiu   zero, s11, 765
core   0: 3 0x80008760 (0x2fddb013)
core   0: 0x80008764 (0xe447c037) lui     zero, 0xe447c
core   0: 3 0x80008764 (0xe447c037)
core   0: 0x80008768 (0x0189e8b3) or      a7, s3, s8
core   0: 3 0x80008768 (0x0189e8b3) x17 0xfffffca2
core   0: 0x8000876c (0x402105b3) sub     a1, sp, sp
core   0: 3 0x8000876c (0x402105b3) x11 0x00000000
core   0: 0x80008770 (0xe887e093) ori     ra, a5, -376
core   0: 3 0x80008770 (0xe887e093) x 1 0xffffffae
core   0: 0x80008774 (0x40e78fb3) sub     t6, a5, a4
core   0: 3 0x80008774 (0x40e78fb3) x31 0x74ddf5eb
core   0: 0x80008778 (0x00c182b3) add     t0, gp, a2
core   0: 3 0x80008778 (0x00c182b3) x 5 0x2d8ad8cc
core   0: 0x8000877c (0x000f9fb3) sll     t6, t6, zero
core   0: 3 0x8000877c (0x000f9fb3) x31 0x74ddf5eb
core   0: 0x80008780 (0x68fd48b7) lui     a7, 0x68fd4
core   0: 3 0x80008780 (0x68fd48b7) x17 0x68fd4000
core   0: 0x80008784 (0x00950db3) add     s11, a0, s1
core   0: 3 0x80008784 (0x00950db3) x27 0x00021cc8
core   0: 0x80008788 (0x20908597) auipc   a1, 0x20908
core   0: 3 0x80008788 (0x20908597) x11 0xa0910788
core   0: 0x8000878c (0x01665233) srl     tp, a2, s6
core   0: 3 0x8000878c (0x01665233) x 4 0x00000001
core   0: 0x80008790 (0x9fc72d13) slti    s10, a4, -1540
core   0: 3 0x80008790 (0x9fc72d13) x26 0x00000000
core   0: 0x80008794 (0x413dd813) srai    a6, s11, 19
core   0: 3 0x80008794 (0x413dd813) x16 0x00000000
core   0: 0x80008798 (0x011a1633) sll     a2, s4, a7
core   0: 3 0x80008798 (0x011a1633) x12 0x00000001
core   0: 0x8000879c (0x01f041b3) xor     gp, zero, t6
core   0: 3 0x8000879c (0x01f041b3) x 3 0x74ddf5eb
core   0: 0x800087a0 (0xcfa76c13) ori     s8, a4, -774
core   0: 3 0x800087a0 (0xcfa76c13) x24 0xfffffffb
core   0: 0x800087a4 (0x01a82fb3) slt     t6, a6, s10
core   0: 3 0x800087a4 (0x01a82fb3) x31 0x00000000
core   0: 0x800087a8 (0xc6e6ceb7) lui     t4, 0xc6e6c
core   0: 3 0x800087a8 (0xc6e6ceb7) x29 0xc6e6c000
core   0: 0x800087ac (0x0083db13) srli    s6, t2, 8
core   0: 3 0x800087ac (0x0083db13) x22 0x00800000
core   0: 0x800087b0 (0x0103ae33) slt     t3, t2, a6
core   0: 3 0x800087b0 (0x0103ae33) x28 0x00000001
core   0: 0x800087b4 (0x01935833) srl     a6, t1, s9
core   0: 3 0x800087b4 (0x01935833) x16 0x80014ce4
core   0: 0x800087b8 (0x0aa4f713) andi    a4, s1, 170
core   0: 3 0x800087b8 (0x0aa4f713) x14 0x00000020
core   0: 0x800087bc (0x418ed933) sra     s2, t4, s8
core   0: 3 0x800087bc (0x418ed933) x18 0xfffffff8
core   0: 0x800087c0 (0x97a60013) addi    zero, a2, -1670
core   0: 3 0x800087c0 (0x97a60013)
core   0: 0x800087c4 (0x00000013) nop
core   0: 3 0x800087c4 (0x00000013)
core   0: 0x800087c8 (0x004486b3) add     a3, s1, tp
core   0: 3 0x800087c8 (0x004486b3) x13 0x80010e65
core   0: 0x800087cc (0x7ca84793) xori    a5, a6, 1994
core   0: 3 0x800087cc (0x7ca84793) x15 0x80014b2e
core   0: 0x800087d0 (0x00000013) nop
core   0: 3 0x800087d0 (0x00000013)
core   0: 0x800087d4 (0xd26b25b7) lui     a1, 0xd26b2
core   0: 3 0x800087d4 (0xd26b25b7) x11 0xd26b2000
core   0: 0x800087d8 (0x00cb6cb3) or      s9, s6, a2
core   0: 3 0x800087d8 (0x00cb6cb3) x25 0x00800001
core   0: 0x800087dc (0xc8608093) addi    ra, ra, -890
core   0: 3 0x800087dc (0xc8608093) x 1 0xfffffc34
core   0: 0x800087e0 (0x1e7d3037) lui     zero, 0x1e7d3
core   0: 3 0x800087e0 (0x1e7d3037)
core   0: 0x800087e4 (0xa8310093) addi    ra, sp, -1405
core   0: 3 0x800087e4 (0xa8310093) x 1 0xfffffa83
core   0: 0x800087e8 (0x01e12733) slt     a4, sp, t5
core   0: 3 0x800087e8 (0x01e12733) x14 0x00000001
core   0: 0x800087ec (0x01ca4b33) xor     s6, s4, t3
core   0: 3 0x800087ec (0x01ca4b33) x22 0x00000000
core   0: 0x800087f0 (0x83f0ec13) ori     s8, ra, -1985
core   0: 3 0x800087f0 (0x83f0ec13) x24 0xfffffabf
core   0: 0x800087f4 (0xd10eec13) ori     s8, t4, -752
core   0: 3 0x800087f4 (0xd10eec13) x24 0xfffffd10
core   0: 0x800087f8 (0x0043da33) srl     s4, t2, tp
core   0: 3 0x800087f8 (0x0043da33) x20 0x40000000
core   0: 0x800087fc (0xdac5fa13) andi    s4, a1, -596
core   0: 3 0x800087fc (0xdac5fa13) x20 0xd26b2000
core   0: 0x80008800 (0x0110e633) or      a2, ra, a7
core   0: 3 0x80008800 (0x0110e633) x12 0xfffffa83
core   0: 0x80008804 (0x007e5293) srli    t0, t3, 7
core   0: 3 0x80008804 (0x007e5293) x 5 0x00000000
core   0: 0x80008808 (0x001a5113) srli    sp, s4, 1
core   0: 3 0x80008808 (0x001a5113) x 2 0x69359000
core   0: 0x8000880c (0xcad8b6b7) lui     a3, 0xcad8b
core   0: 3 0x8000880c (0xcad8b6b7) x13 0xcad8b000
core   0: 0x80008810 (0x01cd2e33) slt     t3, s10, t3
core   0: 3 0x80008810 (0x01cd2e33) x28 0x00000001
core   0: 0x80008814 (0x00dfc7b3) xor     a5, t6, a3
core   0: 3 0x80008814 (0x00dfc7b3) x15 0xcad8b000
core   0: 0x80008818 (0x00e297b3) sll     a5, t0, a4
core   0: 3 0x80008818 (0x00e297b3) x15 0x00000000
core   0: 0x8000881c (0x0d13e693) ori     a3, t2, 209
core   0: 3 0x8000881c (0x0d13e693) x13 0x800000d1
core   0: 0x80008820 (0x00000013) nop
core   0: 3 0x80008820 (0x00000013)
core   0: 0x80008824 (0x00413933) sltu    s2, sp, tp
core   0: 3 0x80008824 (0x00413933) x18 0x00000000
core   0: 0x80008828 (0x01a0dc93) srli    s9, ra, 26
core   0: 3 0x80008828 (0x01a0dc93) x25 0x0000003f
core   0: 0x8000882c (0x00acd033) srl     zero, s9, a0
core   0: 3 0x8000882c (0x00acd033)
core   0: 0x80008830 (0x488eba93) sltiu   s5, t4, 1160
core   0: 3 0x80008830 (0x488eba93) x21 0x00000000
core   0: 0x80008834 (0x87022d13) slti    s10, tp, -1936
core   0: 3 0x80008834 (0x87022d13) x26 0x00000000
core   0: 0x80008838 (0x00727fb3) and     t6, tp, t2
core   0: 3 0x80008838 (0x00727fb3) x31 0x00000000
core   0: 0x8000883c (0x40388d33) sub     s10, a7, gp
core   0: 3 0x8000883c (0x40388d33) x26 0xf41f4a15
core   0: 0x80008840 (0xe74c8b13) addi    s6, s9, -396
core   0: 3 0x80008840 (0xe74c8b13) x22 0xfffffeb3
core   0: 0x80008844 (0x00966e33) or      t3, a2, s1
core   0: 3 0x80008844 (0x00966e33) x28 0xfffffee7
core   0: 0x80008848 (0x015b1013) slli    zero, s6, 21
core   0: 3 0x80008848 (0x015b1013)
core   0: 0x8000884c (0x40ed5593) srai    a1, s10, 14
core   0: 3 0x8000884c (0x40ed5593) x11 0xffffd07d
core   0: 0x80008850 (0x0060f7b3) and     a5, ra, t1
core   0: 3 0x80008850 (0x0060f7b3) x15 0x80014880
core   0: 0x80008854 (0x4079d913) srai    s2, s3, 7
core   0: 3 0x80008854 (0x4079d913) x18 0xfffffff1
core   0: 0x80008858 (0x01f660b3) or      ra, a2, t6
core   0: 3 0x80008858 (0x01f660b3) x 1 0xfffffa83
core   0: 0x8000885c (0x00000013) nop
core   0: 3 0x8000885c (0x00000013)
core   0: 0x80008860 (0xa2abef93) ori     t6, s7, -1494
core   0: 3 0x80008860 (0xa2abef93) x31 0xfffffa2a
core   0: 0x80008864 (0xd27bbc93) sltiu   s9, s7, -729
core   0: 3 0x80008864 (0xd27bbc93) x25 0x00000001
core   0: 0x80008868 (0x00e104b3) add     s1, sp, a4
core   0: 3 0x80008868 (0x00e104b3) x 9 0x69359001
core   0: 0x8000886c (0x012f5193) srli    gp, t5, 18
core   0: 3 0x8000886c (0x012f5193) x 3 0x00000580
core   0: 0x80008870 (0x82b4eb13) ori     s6, s1, -2005
core   0: 3 0x80008870 (0x82b4eb13) x22 0xfffff82b
core   0: 0x80008874 (0x009f1bb3) sll     s7, t5, s1
core   0: 3 0x80008874 (0x009f1bb3) x23 0x2c054e00
core   0: 0x80008878 (0x3e87e813) ori     a6, a5, 1000
core   0: 3 0x80008878 (0x3e87e813) x16 0x80014be8
core   0: 0x8000887c (0x408c8eb3) sub     t4, s9, s0
core   0: 3 0x8000887c (0x408c8eb3) x29 0x00000001
core   0: 0x80008880 (0x40508a33) sub     s4, ra, t0
core   0: 3 0x80008880 (0x40508a33) x20 0xfffffa83
core   0: 0x80008884 (0x4b1d6213) ori     tp, s10, 1201
core   0: 3 0x80008884 (0x4b1d6213) x 4 0xf41f4eb5
core   0: 0x80008888 (0x01756833) or      a6, a0, s7
core   0: 3 0x80008888 (0x01756833) x16 0xac054e64
core   0: 0x8000888c (0x4c5f6693) ori     a3, t5, 1221
core   0: 3 0x8000888c (0x4c5f6693) x13 0x1602a7c5
core   0: 0x80008890 (0xe7086e97) auipc   t4, 0xe7086
core   0: 3 0x80008890 (0xe7086e97) x29 0x6708e890
core   0: 0x80008894 (0xd1c56413) ori     s0, a0, -740
core   0: 3 0x80008894 (0xd1c56413) x 8 0xffffff7c
core   0: 0x80008898 (0x00c994b3) sll     s1, s3, a2
core   0: 3 0x80008898 (0x00c994b3) x 9 0xffffc510
core   0: 0x8000889c (0xf9103093) sltiu   ra, zero, -111
core   0: 3 0x8000889c (0xf9103093) x 1 0x00000001
core   0: 0x800088a0 (0xfa186a13) ori     s4, a6, -95
core   0: 3 0x800088a0 (0xfa186a13) x20 0xffffffe5
core   0: 0x800088a4 (0x006f9a93) slli    s5, t6, 6
core   0: 3 0x800088a4 (0x006f9a93) x21 0xfffe8a80
core   0: 0x800088a8 (0x416bd233) sra     tp, s7, s6
core   0: 3 0x800088a8 (0x416bd233) x 4 0x000580a9
core   0: 0x800088ac (0x82092e13) slti    t3, s2, -2016
core   0: 3 0x800088ac (0x82092e13) x28 0x00000000
core   0: 0x800088b0 (0x007bd933) srl     s2, s7, t2
core   0: 3 0x800088b0 (0x007bd933) x18 0x2c054e00
core   0: 0x800088b4 (0x014dd493) srli    s1, s11, 20
core   0: 3 0x800088b4 (0x014dd493) x 9 0x00000000
core   0: 0x800088b8 (0xde557893) andi    a7, a0, -539
core   0: 3 0x800088b8 (0xde557893) x17 0x80010c64
core   0: 0x800088bc (0x00eb3c33) sltu    s8, s6, a4
core   0: 3 0x800088bc (0x00eb3c33) x24 0x00000000
core   0: 0x800088c0 (0x4f9d41b7) lui     gp, 0x4f9d4
core   0: 3 0x800088c0 (0x4f9d41b7) x 3 0x4f9d4000
core   0: 0x800088c4 (0x00b6dc93) srli    s9, a3, 11
core   0: 3 0x800088c4 (0x00b6dc93) x25 0x0002c054
core   0: 0x800088c8 (0x41385f33) sra     t5, a6, s3
core   0: 3 0x800088c8 (0x41385f33) x30 0xeb015399
core   0: 0x800088cc (0x0179f1b3) and     gp, s3, s7
core   0: 3 0x800088cc (0x0179f1b3) x 3 0x2c054800
core   0: 0x800088d0 (0x00905433) srl     s0, zero, s1
core   0: 3 0x800088d0 (0x00905433) x 8 0x00000000
core   0: 0x800088d4 (0xa750e197) auipc   gp, 0xa750e
core   0: 3 0x800088d4 (0xa750e197) x 3 0x275168d4
core   0: 0x800088d8 (0xddbb7b37) lui     s6, 0xddbb7
core   0: 3 0x800088d8 (0xddbb7b37) x22 0xddbb7000
core   0: 0x800088dc (0xd7c9fa13) andi    s4, s3, -644
core   0: 3 0x800088dc (0xd7c9fa13) x20 0xfffff820
core   0: 0x800088e0 (0x00c3a4b3) slt     s1, t2, a2
core   0: 3 0x800088e0 (0x00c3a4b3) x 9 0x00000001
core   0: 0x800088e4 (0x006d1b33) sll     s6, s10, t1
core   0: 3 0x800088e4 (0x006d1b33) x22 0x41f4a150
core   0: 0x800088e8 (0x00eee133) or      sp, t4, a4
core   0: 3 0x800088e8 (0x00eee133) x 2 0x6708e891
core   0: 0x800088ec (0x003c29b3) slt     s3, s8, gp
core   0: 3 0x800088ec (0x003c29b3) x19 0x00000001
core   0: 0x800088f0 (0x402bdc33) sra     s8, s7, sp
core   0: 3 0x800088f0 (0x402bdc33) x24 0x00001602
core   0: 0x800088f4 (0x13f48213) addi    tp, s1, 319
core   0: 3 0x800088f4 (0x13f48213) x 4 0x00000140
core   0: 0x800088f8 (0x0102da13) srli    s4, t0, 16
core   0: 3 0x800088f8 (0x0102da13) x20 0x00000000
core   0: 0x800088fc (0x78218293) addi    t0, gp, 1922
core   0: 3 0x800088fc (0x78218293) x 5 0x27517056
core   0: 0x80008900 (0x00523cb3) sltu    s9, tp, t0
core   0: 3 0x80008900 (0x00523cb3) x25 0x00000001
core   0: 0x80008904 (0x006174b3) and     s1, sp, t1
core   0: 3 0x80008904 (0x006174b3) x 9 0x00004880
core   0: 0x80008908 (0x003cc433) xor     s0, s9, gp
core   0: 3 0x80008908 (0x003cc433) x 8 0x275168d5
core   0: 0x8000890c (0x0028fbb3) and     s7, a7, sp
core   0: 3 0x8000890c (0x0028fbb3) x23 0x00000800
core   0: 0x80008910 (0x798fabb7) lui     s7, 0x798fa
core   0: 3 0x80008910 (0x798fabb7) x23 0x798fa000
core   0: 0x80008914 (0x015ba733) slt     a4, s7, s5
core   0: 3 0x80008914 (0x015ba733) x14 0x00000000
core   0: 0x80008918 (0x00601c93) slli    s9, zero, 6
core   0: 3 0x80008918 (0x00601c93) x25 0x00000000
core   0: 0x8000891c (0x0fbdfa13) andi    s4, s11, 251
core   0: 3 0x8000891c (0x0fbdfa13) x20 0x000000c8
core   0: 0x80008920 (0x6f20af97) auipc   t6, 0x6f20a
core   0: 3 0x80008920 (0x6f20af97) x31 0xef212920
core   0: 0x80008924 (0x002d9f33) sll     t5, s11, sp
core   0: 3 0x80008924 (0x002d9f33) x30 0x39900000
core   0: 0x80008928 (0xa9d00e13) li      t3, -1379
core   0: 3 0x80008928 (0xa9d00e13) x28 0xfffffa9d
core   0: 0x8000892c (0x003131b3) sltu    gp, sp, gp
core   0: 3 0x8000892c (0x003131b3) x 3 0x00000000
core   0: 0x80008930 (0x3cc04f13) xori    t5, zero, 972
core   0: 3 0x80008930 (0x3cc04f13) x30 0x000003cc
core   0: 0x80008934 (0x00761ab3) sll     s5, a2, t2
core   0: 3 0x80008934 (0x00761ab3) x21 0xfffffa83
core   0: 0x80008938 (0x6a9222b7) lui     t0, 0x6a922
core   0: 3 0x80008938 (0x6a9222b7) x 5 0x6a922000
core   0: 0x8000893c (0x40af0eb3) sub     t4, t5, a0
core   0: 3 0x8000893c (0x40af0eb3) x29 0x7ffef568
core   0: 0x80008940 (0x2e256717) auipc   a4, 0x2e256
core   0: 3 0x80008940 (0x2e256717) x14 0xae25e940
core   0: 0x80008944 (0x00bcd633) srl     a2, s9, a1
core   0: 3 0x80008944 (0x00bcd633) x12 0x00000000
core   0: 0x80008948 (0x6d69e713) ori     a4, s3, 1750
core   0: 3 0x80008948 (0x6d69e713) x14 0x000006d7
core   0: 0x8000894c (0x01ea9e33) sll     t3, s5, t5
core   0: 3 0x8000894c (0x01ea9e33) x28 0xffa83000
core   0: 0x80008950 (0x40578bb3) sub     s7, a5, t0
core   0: 3 0x80008950 (0x40578bb3) x23 0x156f2880
core   0: 0x80008954 (0x3a76ea37) lui     s4, 0x3a76e
core   0: 3 0x80008954 (0x3a76ea37) x20 0x3a76e000
core   0: 0x80008958 (0x41b3d193) srai    gp, t2, 27
core   0: 3 0x80008958 (0x41b3d193) x 3 0xfffffff0
core   0: 0x8000895c (0x0144b7b3) sltu    a5, s1, s4
core   0: 3 0x8000895c (0x0144b7b3) x15 0x00000001
core   0: 0x80008960 (0x005468b3) or      a7, s0, t0
core   0: 3 0x80008960 (0x005468b3) x17 0x6fd368d5
core   0: 0x80008964 (0x00b8ec33) or      s8, a7, a1
core   0: 3 0x80008964 (0x00b8ec33) x24 0xfffff8fd
core   0: 0x80008968 (0x01455b13) srli    s6, a0, 20
core   0: 3 0x80008968 (0x01455b13) x22 0x00000800
core   0: 0x8000896c (0x40d50133) sub     sp, a0, a3
core   0: 3 0x8000896c (0x40d50133) x 2 0x69fe669f
core   0: 0x80008970 (0x004970b3) and     ra, s2, tp
core   0: 3 0x80008970 (0x004970b3) x 1 0x00000000
core   0: 0x80008974 (0x001321b3) slt     gp, t1, ra
core   0: 3 0x80008974 (0x001321b3) x 3 0x00000001
core   0: 0x80008978 (0xd0d0f993) andi    s3, ra, -755
core   0: 3 0x80008978 (0xd0d0f993) x19 0x00000000
core   0: 0x8000897c (0x41bb82b7) lui     t0, 0x41bb8
core   0: 3 0x8000897c (0x41bb82b7) x 5 0x41bb8000
core   0: 0x80008980 (0x01926933) or      s2, tp, s9
core   0: 3 0x80008980 (0x01926933) x18 0x00000140
core   0: 0x80008984 (0x0172b1b3) sltu    gp, t0, s7
core   0: 3 0x80008984 (0x0172b1b3) x 3 0x00000000
core   0: 0x80008988 (0x70e48937) lui     s2, 0x70e48
core   0: 3 0x80008988 (0x70e48937) x18 0x70e48000
core   0: 0x8000898c (0x0037e0b3) or      ra, a5, gp
core   0: 3 0x8000898c (0x0037e0b3) x 1 0x00000001
core   0: 0x80008990 (0x40a487b3) sub     a5, s1, a0
core   0: 3 0x80008990 (0x40a487b3) x15 0x7fff3a1c
core   0: 0x80008994 (0xc3fda213) slti    tp, s11, -961
core   0: 3 0x80008994 (0xc3fda213) x 4 0x00000000
core   0: 0x80008998 (0x007ba8b3) slt     a7, s7, t2
core   0: 3 0x80008998 (0x007ba8b3) x17 0x00000000
core   0: 0x8000899c (0x0112cab3) xor     s5, t0, a7
core   0: 3 0x8000899c (0x0112cab3) x21 0x41bb8000
core   0: 0x800089a0 (0x65702f13) slti    t5, zero, 1623
core   0: 3 0x800089a0 (0x65702f13) x30 0x00000001
core   0: 0x800089a4 (0x013f75b3) and     a1, t5, s3
core   0: 3 0x800089a4 (0x013f75b3) x11 0x00000000
core   0: 0x800089a8 (0x00034e33) xor     t3, t1, zero
core   0: 3 0x800089a8 (0x00034e33) x28 0x80014ce4
core   0: 0x800089ac (0x010d87b3) add     a5, s11, a6
core   0: 3 0x800089ac (0x010d87b3) x15 0xac076b2c
core   0: 0x800089b0 (0x003e0bb3) add     s7, t3, gp
core   0: 3 0x800089b0 (0x003e0bb3) x23 0x80014ce4
core   0: 0x800089b4 (0x11f67b93) andi    s7, a2, 287
core   0: 3 0x800089b4 (0x11f67b93) x23 0x00000000
core   0: 0x800089b8 (0x00000013) nop
core   0: 3 0x800089b8 (0x00000013)
core   0: 0x800089bc (0x8d204693) xori    a3, zero, -1838
core   0: 3 0x800089bc (0x8d204693) x13 0xfffff8d2
core   0: 0x800089c0 (0x0137e133) or      sp, a5, s3
core   0: 3 0x800089c0 (0x0137e133) x 2 0xac076b2c
core   0: 0x800089c4 (0x4b986793) ori     a5, a6, 1209
core   0: 3 0x800089c4 (0x4b986793) x15 0xac054efd
core   0: 0x800089c8 (0x467c3b93) sltiu   s7, s8, 1127
core   0: 3 0x800089c8 (0x467c3b93) x23 0x00000000
core   0: 0x800089cc (0x0055dc13) srli    s8, a1, 5
core   0: 3 0x800089cc (0x0055dc13) x24 0x00000000
core   0: 0x800089d0 (0xdeb0c693) xori    a3, ra, -533
core   0: 3 0x800089d0 (0xdeb0c693) x13 0xfffffdea
core   0: 0x800089d4 (0x8b4e9097) auipc   ra, 0x8b4e9
core   0: 3 0x800089d4 (0x8b4e9097) x 1 0x0b4f19d4
core   0: 0x800089d8 (0xd5560213) addi    tp, a2, -683
core   0: 3 0x800089d8 (0xd5560213) x 4 0xfffffd55
core   0: 0x800089dc (0x409fda33) sra     s4, t6, s1
core   0: 3 0x800089dc (0x409fda33) x20 0xef212920
core   0: 0x800089e0 (0x008d1933) sll     s2, s10, s0
core   0: 3 0x800089e0 (0x008d1933) x18 0x42a00000
core   0: 0x800089e4 (0xe3d321b7) lui     gp, 0xe3d32
core   0: 3 0x800089e4 (0xe3d321b7) x 3 0xe3d32000
core   0: 0x800089e8 (0x01f95cb3) srl     s9, s2, t6
core   0: 3 0x800089e8 (0x01f95cb3) x25 0x42a00000
core   0: 0x800089ec (0x0074cab3) xor     s5, s1, t2
core   0: 3 0x800089ec (0x0074cab3) x21 0x80004880
core   0: 0x800089f0 (0xea1b4797) auipc   a5, 0xea1b4
core   0: 3 0x800089f0 (0xea1b4797) x15 0x6a1bc9f0
core   0: 0x800089f4 (0x62603c93) sltiu   s9, zero, 1574
core   0: 3 0x800089f4 (0x62603c93) x25 0x00000001
core   0: 0x800089f8 (0x00000013) nop
core   0: 3 0x800089f8 (0x00000013)
core   0: 0x800089fc (0x40a4df33) sra     t5, s1, a0
core   0: 3 0x800089fc (0x40a4df33) x30 0x00000488
core   0: 0x80008a00 (0x00d1d1b3) srl     gp, gp, a3
core   0: 3 0x80008a00 (0x00d1d1b3) x 3 0x0038f4c8
core   0: 0x80008a04 (0x00da9133) sll     sp, s5, a3
core   0: 3 0x80008a04 (0x00da9133) x 2 0x01220000
core   0: 0x80008a08 (0x018a36b3) sltu    a3, s4, s8
core   0: 3 0x80008a08 (0x018a36b3) x13 0x00000000
core   0: 0x80008a0c (0x018cfbb3) and     s7, s9, s8
core   0: 3 0x80008a0c (0x018cfbb3) x23 0x00000000
core   0: 0x80008a10 (0x7368cb93) xori    s7, a7, 1846
core   0: 3 0x80008a10 (0x7368cb93) x23 0x00000736
core   0: 0x80008a14 (0x40da5eb3) sra     t4, s4, a3
core   0: 3 0x80008a14 (0x40da5eb3) x29 0xef212920
core   0: 0x80008a18 (0x00000013) nop
core   0: 3 0x80008a18 (0x00000013)
core   0: 0x80008a1c (0x4107d233) sra     tp, a5, a6
core   0: 3 0x80008a1c (0x4107d233) x 4 0x06a1bc9f
core   0: 0x80008a20 (0xcb256113) ori     sp, a0, -846
core   0: 3 0x80008a20 (0xcb256113) x 2 0xfffffef6
core   0: 0x80008a24 (0x004d0ab3) add     s5, s10, tp
core   0: 3 0x80008a24 (0x004d0ab3) x21 0xfac106b4
core   0: 0x80008a28 (0x00e35e13) srli    t3, t1, 14
core   0: 3 0x80008a28 (0x00e35e13) x28 0x00020005
core   0: 0x80008a2c (0x014175b3) and     a1, sp, s4
core   0: 3 0x80008a2c (0x014175b3) x11 0xef212820
core   0: 0x80008a30 (0x0096a2b3) slt     t0, a3, s1
core   0: 3 0x80008a30 (0x0096a2b3) x 5 0x00000001
core   0: 0x80008a34 (0x7a58f493) andi    s1, a7, 1957
core   0: 3 0x80008a34 (0x7a58f493) x 9 0x00000000
core   0: 0x80008a38 (0x40945f93) srai    t6, s0, 9
core   0: 3 0x80008a38 (0x40945f93) x31 0x0013a8b4
core   0: 0x80008a3c (0x000d5813) srli    a6, s10, 0
core   0: 3 0x80008a3c (0x000d5813) x16 0xf41f4a15
core   0: 0x80008a40 (0x018fe2b3) or      t0, t6, s8
core   0: 3 0x80008a40 (0x018fe2b3) x 5 0x0013a8b4
core   0: 0x80008a44 (0x017307b3) add     a5, t1, s7
core   0: 3 0x80008a44 (0x017307b3) x15 0x8001541a
core   0: 0x80008a48 (0x0015f433) and     s0, a1, ra
core   0: 3 0x80008a48 (0x0015f433) x 8 0x0b010800
core   0: 0x80008a4c (0xc04b4293) xori    t0, s6, -1020
core   0: 3 0x80008a4c (0xc04b4293) x 5 0xfffff404
core   0: 0x80008a50 (0x3c3cc093) xori    ra, s9, 963
core   0: 3 0x80008a50 (0x3c3cc093) x 1 0x000003c2
core   0: 0x80008a54 (0xb11c6d13) ori     s10, s8, -1263
core   0: 3 0x80008a54 (0xb11c6d13) x26 0xfffffb11
core   0: 0x80008a58 (0x02d16d93) ori     s11, sp, 45
core   0: 3 0x80008a58 (0x02d16d93) x27 0xfffffeff
core   0: 0x80008a5c (0x005972b3) and     t0, s2, t0
core   0: 3 0x80008a5c (0x005972b3) x 5 0x42a00000
core   0: 0x80008a60 (0x50d06f93) ori     t6, zero, 1293
core   0: 3 0x80008a60 (0x50d06f93) x31 0x0000050d
core   0: 0x80008a64 (0xedcfe993) ori     s3, t6, -292
core   0: 3 0x80008a64 (0xedcfe993) x19 0xffffffdd
core   0: 0x80008a68 (0x00000013) nop
core   0: 3 0x80008a68 (0x00000013)
core   0: 0x80008a6c (0xf2c9c297) auipc   t0, 0xf2c9c
core   0: 3 0x80008a6c (0xf2c9c297) x 5 0x72ca4a6c
core   0: 0x80008a70 (0xdf1f6193) ori     gp, t5, -527
core   0: 3 0x80008a70 (0xdf1f6193) x 3 0xfffffdf9
core   0: 0x80008a74 (0x0021c833) xor     a6, gp, sp
core   0: 3 0x80008a74 (0x0021c833) x16 0x0000030f
core   0: 0x80008a78 (0xc23f4113) xori    sp, t5, -989
core   0: 3 0x80008a78 (0xc23f4113) x 2 0xfffff8ab
core   0: 0x80008a7c (0x01bc1c33) sll     s8, s8, s11
core   0: 3 0x80008a7c (0x01bc1c33) x24 0x00000000
core   0: 0x80008a80 (0x45edb413) sltiu   s0, s11, 1118
core   0: 3 0x80008a80 (0x45edb413) x 8 0x00000000
core   0: 0x80008a84 (0x0140d813) srli    a6, ra, 20
core   0: 3 0x80008a84 (0x0140d813) x16 0x00000000
core   0: 0x80008a88 (0xf7e50a13) addi    s4, a0, -130
core   0: 3 0x80008a88 (0xf7e50a13) x20 0x80010de2
core   0: 0x80008a8c (0x4a338d13) addi    s10, t2, 1187
core   0: 3 0x80008a8c (0x4a338d13) x26 0x800004a3
core   0: 0x80008a90 (0xbbbef693) andi    a3, t4, -1093
core   0: 3 0x80008a90 (0xbbbef693) x13 0xef212920
core   0: 0x80008a94 (0x002c9e33) sll     t3, s9, sp
core   0: 3 0x80008a94 (0x002c9e33) x28 0x00000800
core   0: 0x80008a98 (0x00274fb3) xor     t6, a4, sp
core   0: 3 0x80008a98 (0x00274fb3) x31 0xfffffe7c
core   0: 0x80008a9c (0x005c57b3) srl     a5, s8, t0
core   0: 3 0x80008a9c (0x005c57b3) x15 0x00000000
core   0: 0x80008aa0 (0xbd527713) andi    a4, tp, -1067
core   0: 3 0x80008aa0 (0xbd527713) x14 0x06a1b895
core   0: 0x80008aa4 (0x308c7a93) andi    s5, s8, 776
core   0: 3 0x80008aa4 (0x308c7a93) x21 0x00000000
core   0: 0x80008aa8 (0x64273e93) sltiu   t4, a4, 1602
core   0: 3 0x80008aa8 (0x64273e93) x29 0x00000000
core   0: 0x80008aac (0x00000013) nop
core   0: 3 0x80008aac (0x00000013)
core   0: 0x80008ab0 (0x00aaba33) sltu    s4, s5, a0
core   0: 3 0x80008ab0 (0x00aaba33) x20 0x00000001
core   0: 0x80008ab4 (0xc96ace13) xori    t3, s5, -874
core   0: 3 0x80008ab4 (0xc96ace13) x28 0xfffffc96
core   0: 0x80008ab8 (0xc8af6913) ori     s2, t5, -886
core   0: 3 0x80008ab8 (0xc8af6913) x18 0xfffffc8a
core   0: 0x80008abc (0x6d417c93) andi    s9, sp, 1748
core   0: 3 0x80008abc (0x6d417c93) x25 0x00000080
core   0: 0x80008ac0 (0x1c254f93) xori    t6, a0, 450
core   0: 3 0x80008ac0 (0x1c254f93) x31 0x80010fa6
core   0: 0x80008ac4 (0x008d8933) add     s2, s11, s0
core   0: 3 0x80008ac4 (0x008d8933) x18 0xfffffeff
core   0: 0x80008ac8 (0x403d5233) sra     tp, s10, gp
core   0: 3 0x80008ac8 (0x403d5233) x 4 0xffffffc0
core   0: 0x80008acc (0x01021b33) sll     s6, tp, a6
core   0: 3 0x80008acc (0x01021b33) x22 0xffffffc0
core   0: 0x80008ad0 (0x00d22633) slt     a2, tp, a3
core   0: 3 0x80008ad0 (0x00d22633) x12 0x00000000
core   0: 0x80008ad4 (0x1a674bb7) lui     s7, 0x1a674
core   0: 3 0x80008ad4 (0x1a674bb7) x23 0x1a674000
core   0: 0x80008ad8 (0x011444b3) xor     s1, s0, a7
core   0: 3 0x80008ad8 (0x011444b3) x 9 0x00000000
core   0: 0x80008adc (0x010a0733) add     a4, s4, a6
core   0: 3 0x80008adc (0x010a0733) x14 0x00000001
core   0: 0x80008ae0 (0x00e752b3) srl     t0, a4, a4
core   0: 3 0x80008ae0 (0x00e752b3) x 5 0x00000000
core   0: 0x80008ae4 (0x013feb33) or      s6, t6, s3
core   0: 3 0x80008ae4 (0x013feb33) x22 0xffffffff
core   0: 0x80008ae8 (0x0077bdb3) sltu    s11, a5, t2
core   0: 3 0x80008ae8 (0x0077bdb3) x27 0x00000001
core   0: 0x80008aec (0x004fad33) slt     s10, t6, tp
core   0: 3 0x80008aec (0x004fad33) x26 0x00000001
core   0: 0x80008af0 (0x0007dab3) srl     s5, a5, zero
core   0: 3 0x80008af0 (0x0007dab3) x21 0x00000000
core   0: 0x80008af4 (0x016401b3) add     gp, s0, s6
core   0: 3 0x80008af4 (0x016401b3) x 3 0xffffffff
core   0: 0x80008af8 (0x00000013) nop
core   0: 3 0x80008af8 (0x00000013)
core   0: 0x80008afc (0x00a39bb3) sll     s7, t2, a0
core   0: 3 0x80008afc (0x00a39bb3) x23 0x00000000
core   0: 0x80008b00 (0x016391b3) sll     gp, t2, s6
core   0: 3 0x80008b00 (0x016391b3) x 3 0x00000000
core   0: 0x80008b04 (0x006a1713) slli    a4, s4, 6
core   0: 3 0x80008b04 (0x006a1713) x14 0x00000040
core   0: 0x80008b08 (0x41bed0b3) sra     ra, t4, s11
core   0: 3 0x80008b08 (0x41bed0b3) x 1 0x00000000
core   0: 0x80008b0c (0xf366c117) auipc   sp, 0xf366c
core   0: 3 0x80008b0c (0xf366c117) x 2 0x73674b0c
core   0: 0x80008b10 (0x01969093) slli    ra, a3, 25
core   0: 3 0x80008b10 (0x01969093) x 1 0x40000000
core   0: 0x80008b14 (0x63f94897) auipc   a7, 0x63f94
core   0: 3 0x80008b14 (0x63f94897) x17 0xe3f9cb14
core   0: 0x80008b18 (0x00e0f6b3) and     a3, ra, a4
core   0: 3 0x80008b18 (0x00e0f6b3) x13 0x00000000
core   0: 0x80008b1c (0x0a842b13) slti    s6, s0, 168
core   0: 3 0x80008b1c (0x0a842b13) x22 0x00000001
core   0: 0x80008b20 (0x40908c33) sub     s8, ra, s1
core   0: 3 0x80008b20 (0x40908c33) x24 0x40000000
core   0: 0x80008b24 (0x41c68bb3) sub     s7, a3, t3
core   0: 3 0x80008b24 (0x41c68bb3) x23 0x0000036a
core   0: 0x80008b28 (0x000a54b3) srl     s1, s4, zero
core   0: 3 0x80008b28 (0x000a54b3) x 9 0x00000001
core   0: 0x80008b2c (0xbacba193) slti    gp, s7, -1108
core   0: 3 0x80008b2c (0xbacba193) x 3 0x00000000
core   0: 0x80008b30 (0x018057b3) srl     a5, zero, s8
core   0: 3 0x80008b30 (0x018057b3) x15 0x00000000
core   0: 0x80008b34 (0x0a88c017) auipc   zero, 0xa88c
core   0: 3 0x80008b34 (0x0a88c017)
core   0: 0x80008b38 (0x411c06b3) sub     a3, s8, a7
core   0: 3 0x80008b38 (0x411c06b3) x13 0x5c0634ec
core   0: 0x80008b3c (0x41f654b3) sra     s1, a2, t6
core   0: 3 0x80008b3c (0x41f654b3) x 9 0x00000000
core   0: 0x80008b40 (0x23b8c737) lui     a4, 0x23b8c
core   0: 3 0x80008b40 (0x23b8c737) x14 0x23b8c000
core   0: 0x80008b44 (0x40885d13) srai    s10, a6, 8
core   0: 3 0x80008b44 (0x40885d13) x26 0x00000000
core   0: 0x80008b48 (0x41c7d833) sra     a6, a5, t3
core   0: 3 0x80008b48 (0x41c7d833) x16 0x00000000
core   0: 0x80008b4c (0x00000013) nop
core   0: 3 0x80008b4c (0x00000013)
core   0: 0x80008b50 (0x405351b3) sra     gp, t1, t0
core   0: 3 0x80008b50 (0x405351b3) x 3 0x80014ce4
core   0: 0x80008b54 (0x00400e33) add     t3, zero, tp
core   0: 3 0x80008b54 (0x00400e33) x28 0xffffffc0
core   0: 0x80008b58 (0x00a8fab3) and     s5, a7, a0
core   0: 3 0x80008b58 (0x00a8fab3) x21 0x80010a04
core   0: 0x80008b5c (0x0a3b4e93) xori    t4, s6, 163
core   0: 3 0x80008b5c (0x0a3b4e93) x29 0x000000a2
core   0: 0x80008b60 (0x44f48037) lui     zero, 0x44f48
core   0: 3 0x80008b60 (0x44f48037)
core   0: 0x80008b64 (0xea1c3913) sltiu   s2, s8, -351
core   0: 3 0x80008b64 (0xea1c3913) x18 0x00000001
core   0: 0x80008b68 (0x00c51db3) sll     s11, a0, a2
core   0: 3 0x80008b68 (0x00c51db3) x27 0x80010e64
core   0: 0x80008b6c (0x8738ba13) sltiu   s4, a7, -1933
core   0: 3 0x80008b6c (0x8738ba13) x20 0x00000001
core   0: 0x80008b70 (0x6092a5b7) lui     a1, 0x6092a
core   0: 3 0x80008b70 (0x6092a5b7) x11 0x6092a000
core   0: 0x80008b74 (0xb502b2b7) lui     t0, 0xb502b
core   0: 3 0x80008b74 (0xb502b2b7) x 5 0xb502b000
core   0: 0x80008b78 (0x017337b3) sltu    a5, t1, s7
core   0: 3 0x80008b78 (0x017337b3) x15 0x00000000
core   0: 0x80008b7c (0x40155bb3) sra     s7, a0, ra
core   0: 3 0x80008b7c (0x40155bb3) x23 0x80010e64
core   0: 0x80008b80 (0x40fa8733) sub     a4, s5, a5
core   0: 3 0x80008b80 (0x40fa8733) x14 0x80010a04
core   0: 0x80008b84 (0x41c75813) srai    a6, a4, 28
core   0: 3 0x80008b84 (0x41c75813) x16 0xfffffff8
core   0: 0x80008b88 (0x14def717) auipc   a4, 0x14def
core   0: 3 0x80008b88 (0x14def717) x14 0x94df7b88
core   0: 0x80008b8c (0x86642713) slti    a4, s0, -1946
core   0: 3 0x80008b8c (0x86642713) x14 0x00000000
core   0: 0x80008b90 (0x010d9233) sll     tp, s11, a6
core   0: 3 0x80008b90 (0x010d9233) x 4 0x64000000
core   0: 0x80008b94 (0x3dbe6213) ori     tp, t3, 987
core   0: 3 0x80008b94 (0x3dbe6213) x 4 0xffffffdb
core   0: 0x80008b98 (0x7b270213) addi    tp, a4, 1970
core   0: 3 0x80008b98 (0x7b270213) x 4 0x000007b2
core   0: 0x80008b9c (0x015ad933) srl     s2, s5, s5
core   0: 3 0x80008b9c (0x015ad933) x18 0x080010a0
core   0: 0x80008ba0 (0x00b59813) slli    a6, a1, 11
core   0: 3 0x80008ba0 (0x00b59813) x16 0x95000000
core   0: 0x80008ba4 (0x001bec33) or      s8, s7, ra
core   0: 3 0x80008ba4 (0x001bec33) x24 0xc0010e64
core   0: 0x80008ba8 (0x018f4733) xor     a4, t5, s8
core   0: 3 0x80008ba8 (0x018f4733) x14 0xc0010aec
core   0: 0x80008bac (0x00a7c9b3) xor     s3, a5, a0
core   0: 3 0x80008bac (0x00a7c9b3) x19 0x80010e64
core   0: 0x80008bb0 (0x017d3fb3) sltu    t6, s10, s7
core   0: 3 0x80008bb0 (0x017d3fb3) x31 0x00000001
core   0: 0x80008bb4 (0x40b7ddb3) sra     s11, a5, a1
core   0: 3 0x80008bb4 (0x40b7ddb3) x27 0x00000000
core   0: 0x80008bb8 (0x0126dc13) srli    s8, a3, 18
core   0: 3 0x80008bb8 (0x0126dc13) x24 0x00001701
core   0: 0x80008bbc (0x00677a93) andi    s5, a4, 6
core   0: 3 0x80008bbc (0x00677a93) x21 0x00000004
core   0: 0x80008bc0 (0x40d25d93) srai    s11, tp, 13
core   0: 3 0x80008bc0 (0x40d25d93) x27 0x00000000
core   0: 0x80008bc4 (0x00000013) nop
core   0: 3 0x80008bc4 (0x00000013)
core   0: 0x80008bc8 (0x0068bdb3) sltu    s11, a7, t1
core   0: 3 0x80008bc8 (0x0068bdb3) x27 0x00000000
core   0: 0x80008bcc (0x019cc633) xor     a2, s9, s9
core   0: 3 0x80008bcc (0x019cc633) x12 0x00000000
core   0: 0x80008bd0 (0x01ab0eb3) add     t4, s6, s10
core   0: 3 0x80008bd0 (0x01ab0eb3) x29 0x00000001
core   0: 0x80008bd4 (0x017534b3) sltu    s1, a0, s7
core   0: 3 0x80008bd4 (0x017534b3) x 9 0x00000000
core   0: 0x80008bd8 (0x00000013) nop
core   0: 3 0x80008bd8 (0x00000013)
core   0: 0x80008bdc (0x00e05fb3) srl     t6, zero, a4
core   0: 3 0x80008bdc (0x00e05fb3) x31 0x00000000
core   0: 0x80008be0 (0x00503133) snez    sp, t0
core   0: 3 0x80008be0 (0x00503133) x 2 0x00000001
core   0: 0x80008be4 (0xe26f8b93) addi    s7, t6, -474
core   0: 3 0x80008be4 (0xe26f8b93) x23 0xfffffe26
core   0: 0x80008be8 (0xca991497) auipc   s1, 0xca991
core   0: 3 0x80008be8 (0xca991497) x 9 0x4a999be8
core   0: 0x80008bec (0x4c2dc8b7) lui     a7, 0x4c2dc
core   0: 3 0x80008bec (0x4c2dc8b7) x17 0x4c2dc000
core   0: 0x80008bf0 (0x800007b7) lui     a5, 0x80000
core   0: 3 0x80008bf0 (0x800007b7) x15 0x80000000
core   0: 0x80008bf4 (0x4a28d137) lui     sp, 0x4a28d
core   0: 3 0x80008bf4 (0x4a28d137) x 2 0x4a28d000
core   0: 0x80008bf8 (0xd9b10113) addi    sp, sp, -613
core   0: 3 0x80008bf8 (0xd9b10113) x 2 0x4a28cd9b
core   0: 0x80008bfc (0x00000713) li      a4, 0
core   0: 3 0x80008bfc (0x00000713) x14 0x00000000
core   0: 0x80008c00 (0xfff00193) li      gp, -1
core   0: 3 0x80008c00 (0xfff00193) x 3 0xffffffff
core   0: 0x80008c04 (0x80000f37) lui     t5, 0x80000
core   0: 3 0x80008c04 (0x80000f37) x30 0x80000000
core   0: 0x80008c08 (0x800004b7) lui     s1, 0x80000
core   0: 3 0x80008c08 (0x800004b7) x 9 0x80000000
core   0: 0x80008c0c (0x00000e13) li      t3, 0
core   0: 3 0x80008c0c (0x00000e13) x28 0x00000000
core   0: 0x80008c10 (0x800006b7) lui     a3, 0x80000
core   0: 3 0x80008c10 (0x800006b7) x13 0x80000000
core   0: 0x80008c14 (0x80000bb7) lui     s7, 0x80000
core   0: 3 0x80008c14 (0x80000bb7) x23 0x80000000
core   0: 0x80008c18 (0x80000eb7) lui     t4, 0x80000
core   0: 3 0x80008c18 (0x80000eb7) x29 0x80000000
core   0: 0x80008c1c (0x45148113) addi    sp, s1, 1105
core   0: 3 0x80008c1c (0x45148113) x 2 0x80000451
core   0: 0x80008c20 (0x55e48713) addi    a4, s1, 1374
core   0: 3 0x80008c20 (0x55e48713) x14 0x8000055e
core   0: 0x80008c24 (0x9027f197) auipc   gp, 0x9027f
core   0: 3 0x80008c24 (0x9027f197) x 3 0x10287c24
core   0: 0x80008c28 (0xc4b74e97) auipc   t4, 0xc4b74
core   0: 3 0x80008c28 (0xc4b74e97) x29 0x44b7cc28
core   0: 0x80008c2c (0x47e18713) addi    a4, gp, 1150
core   0: 3 0x80008c2c (0x47e18713) x14 0x102880a2
core   0: 0x80008c30 (0x00000013) nop
core   0: 3 0x80008c30 (0x00000013)
core   0: 0x80008c34 (0x00000013) nop
core   0: 3 0x80008c34 (0x00000013)
core   0: 0x80008c38 (0x40f48e33) sub     t3, s1, a5
core   0: 3 0x80008c38 (0x40f48e33) x28 0x00000000
core   0: 0x80008c3c (0xa1d2a7b7) lui     a5, 0xa1d2a
core   0: 3 0x80008c3c (0xa1d2a7b7) x15 0xa1d2a000
core   0: 0x80008c40 (0x84be9e97) auipc   t4, 0x84be9
core   0: 3 0x80008c40 (0x84be9e97) x29 0x04bf1c40
core   0: 0x80008c44 (0x00000013) nop
core   0: 3 0x80008c44 (0x00000013)
core   0: 0x80008c48 (0x00000013) nop
core   0: 3 0x80008c48 (0x00000013)
core   0: 0x80008c4c (0x00000013) nop
core   0: 3 0x80008c4c (0x00000013)
core   0: 0x80008c50 (0x900b36b7) lui     a3, 0x900b3
core   0: 3 0x80008c50 (0x900b36b7) x13 0x900b3000
core   0: 0x80008c54 (0x2b998797) auipc   a5, 0x2b998
core   0: 3 0x80008c54 (0x2b998797) x15 0xab9a0c54
core   0: 0x80008c58 (0xd5b6ba13) sltiu   s4, a3, -677
core   0: 3 0x80008c58 (0xd5b6ba13) x20 0x00000001
core   0: 0x80008c5c (0x012e97b3) sll     a5, t4, s2
core   0: 3 0x80008c5c (0x012e97b3) x15 0x04bf1c40
core   0: 0x80008c60 (0x00000013) nop
core   0: 3 0x80008c60 (0x00000013)
core   0: 0x80008c64 (0xfff00413) li      s0, -1
core   0: 3 0x80008c64 (0xfff00413) x 8 0xffffffff
core   0: 0x80008c68 (0x80000e37) lui     t3, 0x80000
core   0: 3 0x80008c68 (0x80000e37) x28 0x80000000
core   0: 0x80008c6c (0x926fc837) lui     a6, 0x926fc
core   0: 3 0x80008c6c (0x926fc837) x16 0x926fc000
core   0: 0x80008c70 (0xf2f80813) addi    a6, a6, -209
core   0: 3 0x80008c70 (0xf2f80813) x16 0x926fbf2f
core   0: 0x80008c74 (0xfff00113) li      sp, -1
core   0: 3 0x80008c74 (0xfff00113) x 2 0xffffffff
core   0: 0x80008c78 (0x00000693) li      a3, 0
core   0: 3 0x80008c78 (0x00000693) x13 0x00000000
core   0: 0x80008c7c (0x00000293) li      t0, 0
core   0: 3 0x80008c7c (0x00000293) x 5 0x00000000
core   0: 0x80008c80 (0xfff00f13) li      t5, -1
core   0: 3 0x80008c80 (0xfff00f13) x30 0xffffffff
core   0: 0x80008c84 (0x00000d93) li      s11, 0
core   0: 3 0x80008c84 (0x00000d93) x27 0x00000000
core   0: 0x80008c88 (0x00000993) li      s3, 0
core   0: 3 0x80008c88 (0x00000993) x19 0x00000000
core   0: 0x80008c8c (0x80000ab7) lui     s5, 0x80000
core   0: 3 0x80008c8c (0x80000ab7) x21 0x80000000
core   0: 0x80008c90 (0x00d10833) add     a6, sp, a3
core   0: 3 0x80008c90 (0x00d10833) x16 0xffffffff
core   0: 0x80008c94 (0x00540433) add     s0, s0, t0
core   0: 3 0x80008c94 (0x00540433) x 8 0xffffffff
core   0: 0x80008c98 (0x00000013) nop
core   0: 3 0x80008c98 (0x00000013)
core   0: 0x80008c9c (0x015f0ab3) add     s5, t5, s5
core   0: 3 0x80008c9c (0x015f0ab3) x21 0x7fffffff
core   0: 0x80008ca0 (0x01bd8133) add     sp, s11, s11
core   0: 3 0x80008ca0 (0x01bd8133) x 2 0x00000000
core   0: 0x80008ca4 (0xc392be17) auipc   t3, 0xc392b
core   0: 3 0x80008ca4 (0xc392be17) x28 0x43933ca4
core   0: 0x80008ca8 (0x41b802b3) sub     t0, a6, s11
core   0: 3 0x80008ca8 (0x41b802b3) x 5 0xffffffff
core   0: 0x80008cac (0x01540ab3) add     s5, s0, s5
core   0: 3 0x80008cac (0x01540ab3) x21 0x7ffffffe
core   0: 0x80008cb0 (0x6eba8993) addi    s3, s5, 1771
core   0: 3 0x80008cb0 (0x6eba8993) x19 0x800006e9
core   0: 0x80008cb4 (0x82e28f13) addi    t5, t0, -2002
core   0: 3 0x80008cb4 (0x82e28f13) x30 0xfffff82d
core   0: 0x80008cb8 (0x00268ab3) add     s5, a3, sp
core   0: 3 0x80008cb8 (0x00268ab3) x21 0x00000000
core   0: 0x80008cbc (0x083e0293) addi    t0, t3, 131
core   0: 3 0x80008cbc (0x083e0293) x 5 0x43933d27
core   0: 0x80008cc0 (0xb4c98993) addi    s3, s3, -1204
core   0: 3 0x80008cc0 (0xb4c98993) x19 0x80000235
core   0: 0x80008cc4 (0xf178f437) lui     s0, 0xf178f
core   0: 3 0x80008cc4 (0xf178f437) x 8 0xf178f000
core   0: 0x80008cc8 (0x008a8e33) add     t3, s5, s0
core   0: 3 0x80008cc8 (0x008a8e33) x28 0xf178f000
core   0: 0x80008ccc (0x00000013) nop
core   0: 3 0x80008ccc (0x00000013)
core   0: 0x80008cd0 (0x405e0833) sub     a6, t3, t0
core   0: 3 0x80008cd0 (0x405e0833) x16 0xade5b2d9
core   0: 0x80008cd4 (0x00000013) nop
core   0: 3 0x80008cd4 (0x00000013)
core   0: 0x80008cd8 (0x41380f33) sub     t5, a6, s3
core   0: 3 0x80008cd8 (0x41380f33) x30 0x2de5b0a4
core   0: 0x80008cdc (0x9e902117) auipc   sp, 0x9e902
core   0: 3 0x80008cdc (0x9e902117) x 2 0x1e90acdc
core   0: 0x80008ce0 (0x005d8f33) add     t5, s11, t0
core   0: 3 0x80008ce0 (0x005d8f33) x30 0x43933d27
core   0: 0x80008ce4 (0x00000013) nop
core   0: 3 0x80008ce4 (0x00000013)
core   0: 0x80008ce8 (0x01c80993) addi    s3, a6, 28
core   0: 3 0x80008ce8 (0x01c80993) x19 0xade5b2f5
core   0: 0x80008cec (0x01731997) auipc   s3, 0x1731
core   0: 3 0x80008cec (0x01731997) x19 0x81739cec
core   0: 0x80008cf0 (0x01344933) xor     s2, s0, s3
core   0: 3 0x80008cf0 (0x01344933) x18 0x700b6cec
core   0: 0x80008cf4 (0x00765733) srl     a4, a2, t2
core   0: 3 0x80008cf4 (0x00765733) x14 0x00000000
core   0: 0x80008cf8 (0x01f89293) slli    t0, a7, 31
core   0: 3 0x80008cf8 (0x01f89293) x 5 0x00000000
core   0: 0x80008cfc (0x81ad4213) xori    tp, s10, -2022
core   0: 3 0x80008cfc (0x81ad4213) x 4 0xfffff81a
core   0: 0x80008d00 (0x410c5b33) sra     s6, s8, a6
core   0: 3 0x80008d00 (0x410c5b33) x22 0x00000000
core   0: 0x80008d04 (0x00d8c733) xor     a4, a7, a3
core   0: 3 0x80008d04 (0x00d8c733) x14 0x4c2dc000
core   0: 0x80008d08 (0x8d3cff93) andi    t6, s9, -1837
core   0: 3 0x80008d08 (0x8d3cff93) x31 0x00000080
core   0: 0x80008d0c (0x42944813) xori    a6, s0, 1065
core   0: 3 0x80008d0c (0x42944813) x16 0xf178f429
core   0: 0x80008d10 (0xa6f3f713) andi    a4, t2, -1425
core   0: 3 0x80008d10 (0xa6f3f713) x14 0x80000000
core   0: 0x80008d14 (0x01316f33) or      t5, sp, s3
core   0: 3 0x80008d14 (0x01316f33) x30 0x9ff3bcfc
core   0: 0x80008d18 (0x0120f7b3) and     a5, ra, s2
core   0: 3 0x80008d18 (0x0120f7b3) x15 0x40000000
core   0: 0x80008d1c (0xf6adeb13) ori     s6, s11, -150
core   0: 3 0x80008d1c (0xf6adeb13) x22 0xffffff6a
core   0: 0x80008d20 (0x1f013013) sltiu   zero, sp, 496
core   0: 3 0x80008d20 (0x1f013013)
core   0: 0x80008d24 (0x00dd8433) add     s0, s11, a3
core   0: 3 0x80008d24 (0x00dd8433) x 8 0x00000000
core   0: 0x80008d28 (0x0156d713) srli    a4, a3, 21
core   0: 3 0x80008d28 (0x0156d713) x14 0x00000000
core   0: 0x80008d2c (0x41a60233) sub     tp, a2, s10
core   0: 3 0x80008d2c (0x41a60233) x 4 0x00000000
core   0: 0x80008d30 (0x813ca113) slti    sp, s9, -2029
core   0: 3 0x80008d30 (0x813ca113) x 2 0x00000000
core   0: 0x80008d34 (0x0123d733) srl     a4, t2, s2
core   0: 3 0x80008d34 (0x0123d733) x14 0x00080000
core   0: 0x80008d38 (0x418d0933) sub     s2, s10, s8
core   0: 3 0x80008d38 (0x418d0933) x18 0xffffe8ff
core   0: 0x80008d3c (0x8d914e93) xori    t4, sp, -1831
core   0: 3 0x80008d3c (0x8d914e93) x29 0xfffff8d9
core   0: 0x80008d40 (0x00ec3433) sltu    s0, s8, a4
core   0: 3 0x80008d40 (0x00ec3433) x 8 0x00000001
core   0: 0x80008d44 (0x00000013) nop
core   0: 3 0x80008d44 (0x00000013)
core   0: 0x80008d48 (0xe9e73613) sltiu   a2, a4, -354
core   0: 3 0x80008d48 (0xe9e73613) x12 0x00000001
core   0: 0x80008d4c (0xcf162893) slti    a7, a2, -783
core   0: 3 0x80008d4c (0xcf162893) x17 0x00000000
core   0: 0x80008d50 (0x0029ecb3) or      s9, s3, sp
core   0: 3 0x80008d50 (0x0029ecb3) x25 0x81739cec
core   0: 0x80008d54 (0xd0fef693) andi    a3, t4, -753
core   0: 3 0x80008d54 (0xd0fef693) x13 0xfffff809
core   0: 0x80008d58 (0x0110fd33) and     s10, ra, a7
core   0: 3 0x80008d58 (0x0110fd33) x26 0x00000000
core   0: 0x80008d5c (0xaf3012b7) lui     t0, 0xaf301
core   0: 3 0x80008d5c (0xaf3012b7) x 5 0xaf301000
core   0: 0x80008d60 (0x005cda33) srl     s4, s9, t0
core   0: 3 0x80008d60 (0x005cda33) x20 0x81739cec
core   0: 0x80008d64 (0x01f74b33) xor     s6, a4, t6
core   0: 3 0x80008d64 (0x01f74b33) x22 0x00080080
core   0: 0x80008d68 (0x00591033) sll     zero, s2, t0
core   0: 3 0x80008d68 (0x00591033)
core   0: 0x80008d6c (0x01778833) add     a6, a5, s7
core   0: 3 0x80008d6c (0x01778833) x16 0xc0000000
core   0: 0x80008d70 (0x29d6c013) xori    zero, a3, 669
core   0: 3 0x80008d70 (0x29d6c013)
core   0: 0x80008d74 (0x00d17033) and     zero, sp, a3
core   0: 3 0x80008d74 (0x00d17033)
core   0: 0x80008d78 (0x00eb9933) sll     s2, s7, a4
core   0: 3 0x80008d78 (0x00eb9933) x18 0x80000000
core   0: 0x80008d7c (0x008c3433) sltu    s0, s8, s0
core   0: 3 0x80008d7c (0x008c3433) x 8 0x00000000
core   0: 0x80008d80 (0x40e55f33) sra     t5, a0, a4
core   0: 3 0x80008d80 (0x40e55f33) x30 0x80010e64
core   0: 0x80008d84 (0x00ea6eb3) or      t4, s4, a4
core   0: 3 0x80008d84 (0x00ea6eb3) x29 0x817b9cec
core   0: 0x80008d88 (0x0146d613) srli    a2, a3, 20
core   0: 3 0x80008d88 (0x0146d613) x12 0x00000fff
core   0: 0x80008d8c (0x0190cf33) xor     t5, ra, s9
core   0: 3 0x80008d8c (0x0190cf33) x30 0xc1739cec
core   0: 0x80008d90 (0x417455b3) sra     a1, s0, s7
core   0: 3 0x80008d90 (0x417455b3) x11 0x00000000
core   0: 0x80008d94 (0x00fe4db3) xor     s11, t3, a5
core   0: 3 0x80008d94 (0x00fe4db3) x27 0xb178f000
core   0: 0x80008d98 (0x01622733) slt     a4, tp, s6
core   0: 3 0x80008d98 (0x01622733) x14 0x00000001
core   0: 0x80008d9c (0x00d67733) and     a4, a2, a3
core   0: 3 0x80008d9c (0x00d67733) x14 0x00000809
core   0: 0x80008da0 (0x00bcdd93) srli    s11, s9, 11
core   0: 3 0x80008da0 (0x00bcdd93) x27 0x00102e73
core   0: 0x80008da4 (0x65459e97) auipc   t4, 0x65459
core   0: 3 0x80008da4 (0x65459e97) x29 0xe5461da4
core   0: 0x80008da8 (0xb3f6b913) sltiu   s2, a3, -1217
core   0: 3 0x80008da8 (0xb3f6b913) x18 0x00000001
core   0: 0x80008dac (0x002cf633) and     a2, s9, sp
core   0: 3 0x80008dac (0x002cf633) x12 0x00000000
core   0: 0x80008db0 (0x019fec33) or      s8, t6, s9
core   0: 3 0x80008db0 (0x019fec33) x24 0x81739cec
core   0: 0x80008db4 (0x0008c1b3) xor     gp, a7, zero
core   0: 3 0x80008db4 (0x0008c1b3) x 3 0x00000000
core   0: 0x80008db8 (0x00000013) nop
core   0: 3 0x80008db8 (0x00000013)
core   0: 0x80008dbc (0x00c38733) add     a4, t2, a2
core   0: 3 0x80008dbc (0x00c38733) x14 0x80000000
core   0: 0x80008dc0 (0x019f29b3) slt     s3, t5, s9
core   0: 3 0x80008dc0 (0x019f29b3) x19 0x00000000
core   0: 0x80008dc4 (0x67422993) slti    s3, tp, 1652
core   0: 3 0x80008dc4 (0x67422993) x19 0x00000001
core   0: 0x80008dc8 (0x0026a733) slt     a4, a3, sp
core   0: 3 0x80008dc8 (0x0026a733) x14 0x00000001
core   0: 0x80008dcc (0x01749c93) slli    s9, s1, 23
core   0: 3 0x80008dcc (0x01749c93) x25 0x00000000
core   0: 0x80008dd0 (0x411bdc33) sra     s8, s7, a7
core   0: 3 0x80008dd0 (0x411bdc33) x24 0x80000000
core   0: 0x80008dd4 (0x39feeb37) lui     s6, 0x39fee
core   0: 3 0x80008dd4 (0x39feeb37) x22 0x39fee000
core   0: 0x80008dd8 (0x00536833) or      a6, t1, t0
core   0: 3 0x80008dd8 (0x00536833) x16 0xaf315ce4
core   0: 0x80008ddc (0x41ee05b3) sub     a1, t3, t5
core   0: 3 0x80008ddc (0x41ee05b3) x11 0x30055314
core   0: 0x80008de0 (0x4038dab3) sra     s5, a7, gp
core   0: 3 0x80008de0 (0x4038dab3) x21 0x00000000
core   0: 0x80008de4 (0x005cdbb3) srl     s7, s9, t0
core   0: 3 0x80008de4 (0x005cdbb3) x23 0x00000000
core   0: 0x80008de8 (0x019e2933) slt     s2, t3, s9
core   0: 3 0x80008de8 (0x019e2933) x18 0x00000001
core   0: 0x80008dec (0x00792a33) slt     s4, s2, t2
core   0: 3 0x80008dec (0x00792a33) x20 0x00000000
core   0: 0x80008df0 (0x0110ddb3) srl     s11, ra, a7
core   0: 3 0x80008df0 (0x0110ddb3) x27 0x40000000
core   0: 0x80008df4 (0x40ae6f13) ori     t5, t3, 1034
core   0: 3 0x80008df4 (0x40ae6f13) x30 0xf178f40a
core   0: 0x80008df8 (0x07f14213) xori    tp, sp, 127
core   0: 3 0x80008df8 (0x07f14213) x 4 0x0000007f
core   0: 0x80008dfc (0x01036db3) or      s11, t1, a6
core   0: 3 0x80008dfc (0x01036db3) x27 0xaf315ce4
core   0: 0x80008e00 (0x01352a33) slt     s4, a0, s3
core   0: 3 0x80008e00 (0x01352a33) x20 0x00000001
core   0: 0x80008e04 (0x002f0ab3) add     s5, t5, sp
core   0: 3 0x80008e04 (0x002f0ab3) x21 0xf178f40a
core   0: 0x80008e08 (0xb02a8193) addi    gp, s5, -1278
core   0: 3 0x80008e08 (0xb02a8193) x 3 0xf178ef0c
core   0: 0x80008e0c (0x416282b3) sub     t0, t0, s6
core   0: 3 0x80008e0c (0x416282b3) x 5 0x75313000
core   0: 0x80008e10 (0xd4c6c913) xori    s2, a3, -692
core   0: 3 0x80008e10 (0xd4c6c913) x18 0x00000545
core   0: 0x80008e14 (0x00c75c33) srl     s8, a4, a2
core   0: 3 0x80008e14 (0x00c75c33) x24 0x00000001
core   0: 0x80008e18 (0x000e46b3) xor     a3, t3, zero
core   0: 3 0x80008e18 (0x000e46b3) x13 0xf178f000
core   0: 0x80008e1c (0x00fcf133) and     sp, s9, a5
core   0: 3 0x80008e1c (0x00fcf133) x 2 0x00000000
core   0: 0x80008e20 (0xf6a26d93) ori     s11, tp, -150
core   0: 3 0x80008e20 (0xf6a26d93) x27 0xffffff7f
core   0: 0x80008e24 (0x088d3997) auipc   s3, 0x88d3
core   0: 3 0x80008e24 (0x088d3997) x19 0x888dbe24
core   0: 0x80008e28 (0xbfeafeb7) lui     t4, 0xbfeaf
core   0: 3 0x80008e28 (0xbfeafeb7) x29 0xbfeaf000
core   0: 0x80008e2c (0xfdd6af13) slti    t5, a3, -35
core   0: 3 0x80008e2c (0xfdd6af13) x30 0x00000001
core   0: 0x80008e30 (0xd3d34717) auipc   a4, 0xd3d34
core   0: 3 0x80008e30 (0xd3d34717) x14 0x53d3ce30
core   0: 0x80008e34 (0x0117e133) or      sp, a5, a7
core   0: 3 0x80008e34 (0x0117e133) x 2 0x40000000
core   0: 0x80008e38 (0x00dbc0b3) xor     ra, s7, a3
core   0: 3 0x80008e38 (0x00dbc0b3) x 1 0xf178f000
core   0: 0x80008e3c (0x00339d13) slli    s10, t2, 3
core   0: 3 0x80008e3c (0x00339d13) x26 0x00000000
core   0: 0x80008e40 (0xc93a4e93) xori    t4, s4, -877
core   0: 3 0x80008e40 (0xc93a4e93) x29 0xfffffc92
core   0: 0x80008e44 (0x019d5893) srli    a7, s10, 25
core   0: 3 0x80008e44 (0x019d5893) x17 0x00000000
core   0: 0x80008e48 (0x8c0ea113) slti    sp, t4, -1856
core   0: 3 0x80008e48 (0x8c0ea113) x 2 0x00000000
core   0: 0x80008e4c (0x007ced33) or      s10, s9, t2
core   0: 3 0x80008e4c (0x007ced33) x26 0x80000000
core   0: 0x80008e50 (0xe98e7e97) auipc   t4, 0xe98e7
core   0: 3 0x80008e50 (0xe98e7e97) x29 0x698efe50
core   0: 0x80008e54 (0x409bdc33) sra     s8, s7, s1
core   0: 3 0x80008e54 (0x409bdc33) x24 0x00000000
core   0: 0x80008e58 (0x0168dd33) srl     s10, a7, s6
core   0: 3 0x80008e58 (0x0168dd33) x26 0x00000000
core   0: 0x80008e5c (0xba8d3e13) sltiu   t3, s10, -1112
core   0: 3 0x80008e5c (0xba8d3e13) x28 0x00000001
core   0: 0x80008e60 (0x01681793) slli    a5, a6, 22
core   0: 3 0x80008e60 (0x01681793) x15 0x39000000
core   0: 0x80008e64 (0xea2bef13) ori     t5, s7, -350
core   0: 3 0x80008e64 (0xea2bef13) x30 0xfffffea2
core   0: 0x80008e68 (0x40ee8cb3) sub     s9, t4, a4
core   0: 3 0x80008e68 (0x40ee8cb3) x25 0x15bb3020
core   0: 0x80008e6c (0x40095d93) srai    s11, s2, 0
core   0: 3 0x80008e6c (0x40095d93) x27 0x00000545
core   0: 0x80008e70 (0x01a67bb3) and     s7, a2, s10
core   0: 3 0x80008e70 (0x01a67bb3) x23 0x00000000
core   0: 0x80008e74 (0x000121b3) slt     gp, sp, zero
core   0: 3 0x80008e74 (0x000121b3) x 3 0x00000000
core   0: 0x80008e78 (0x007db9b3) sltu    s3, s11, t2
core   0: 3 0x80008e78 (0x007db9b3) x19 0x00000001
core   0: 0x80008e7c (0x0065d693) srli    a3, a1, 6
core   0: 3 0x80008e7c (0x0065d693) x13 0x00c0154c
core   0: 0x80008e80 (0x00000013) nop
core   0: 3 0x80008e80 (0x00000013)
core   0: 0x80008e84 (0x016696b3) sll     a3, a3, s6
core   0: 3 0x80008e84 (0x016696b3) x13 0x00c0154c
core   0: 0x80008e88 (0x0036d793) srli    a5, a3, 3
core   0: 3 0x80008e88 (0x0036d793) x15 0x001802a9
core   0: 0x80008e8c (0x00351b93) slli    s7, a0, 3
core   0: 3 0x80008e8c (0x00351b93) x23 0x00087320
core   0: 0x80008e90 (0x01be4f33) xor     t5, t3, s11
core   0: 3 0x80008e90 (0x01be4f33) x30 0x00000544
core   0: 0x80008e94 (0x00cfd9b3) srl     s3, t6, a2
core   0: 3 0x80008e94 (0x00cfd9b3) x19 0x00000080
core   0: 0x80008e98 (0x0180f2b3) and     t0, ra, s8
core   0: 3 0x80008e98 (0x0180f2b3) x 5 0x00000000
core   0: 0x80008e9c (0x375de093) ori     ra, s11, 885
core   0: 3 0x80008e9c (0x375de093) x 1 0x00000775
core   0: 0x80008ea0 (0x004fec33) or      s8, t6, tp
core   0: 3 0x80008ea0 (0x004fec33) x24 0x000000ff
core   0: 0x80008ea4 (0x01a8c833) xor     a6, a7, s10
core   0: 3 0x80008ea4 (0x01a8c833) x16 0x00000000
core   0: 0x80008ea8 (0x757ef497) auipc   s1, 0x757ef
core   0: 3 0x80008ea8 (0x757ef497) x 9 0xf57f7ea8
core   0: 0x80008eac (0x005b07b3) add     a5, s6, t0
core   0: 3 0x80008eac (0x005b07b3) x15 0x39fee000
core   0: 0x80008eb0 (0x0008f5b3) and     a1, a7, zero
core   0: 3 0x80008eb0 (0x0008f5b3) x11 0x00000000
core   0: 0x80008eb4 (0xd0ba1d17) auipc   s10, 0xd0ba1
core   0: 3 0x80008eb4 (0xd0ba1d17) x26 0x50ba9eb4
core   0: 0x80008eb8 (0x00e0a633) slt     a2, ra, a4
core   0: 3 0x80008eb8 (0x00e0a633) x12 0x00000001
core   0: 0x80008ebc (0x012ef2b3) and     t0, t4, s2
core   0: 3 0x80008ebc (0x012ef2b3) x 5 0x00000440
core   0: 0x80008ec0 (0x016e5f93) srli    t6, t3, 22
core   0: 3 0x80008ec0 (0x016e5f93) x31 0x00000000
core   0: 0x80008ec4 (0xd066bb13) sltiu   s6, a3, -762
core   0: 3 0x80008ec4 (0xd066bb13) x22 0x00000001
core   0: 0x80008ec8 (0x3da33b17) auipc   s6, 0x3da33
core   0: 3 0x80008ec8 (0x3da33b17) x22 0xbda3bec8
core   0: 0x80008ecc (0x01e15893) srli    a7, sp, 30
core   0: 3 0x80008ecc (0x01e15893) x17 0x00000000
core   0: 0x80008ed0 (0x01d19db3) sll     s11, gp, t4
core   0: 3 0x80008ed0 (0x01d19db3) x27 0x00000000
core   0: 0x80008ed4 (0x00000013) nop
core   0: 3 0x80008ed4 (0x00000013)
core   0: 0x80008ed8 (0x4029d493) srai    s1, s3, 2
core   0: 3 0x80008ed8 (0x4029d493) x 9 0x00000020
core   0: 0x80008edc (0x01041eb3) sll     t4, s0, a6
core   0: 3 0x80008edc (0x01041eb3) x29 0x00000000
core   0: 0x80008ee0 (0x2bdf5837) lui     a6, 0x2bdf5
core   0: 3 0x80008ee0 (0x2bdf5837) x16 0x2bdf5000
core   0: 0x80008ee4 (0x4ab80813) addi    a6, a6, 1195
core   0: 3 0x80008ee4 (0x4ab80813) x16 0x2bdf54ab
core   0: 0x80008ee8 (0x00000213) li      tp, 0
core   0: 3 0x80008ee8 (0x00000213) x 4 0x00000000
core   0: 0x80008eec (0x5a224a37) lui     s4, 0x5a224
core   0: 3 0x80008eec (0x5a224a37) x20 0x5a224000
core   0: 0x80008ef0 (0x0b4a0a13) addi    s4, s4, 180
core   0: 3 0x80008ef0 (0x0b4a0a13) x20 0x5a2240b4
core   0: 0x80008ef4 (0x80000937) lui     s2, 0x80000
core   0: 3 0x80008ef4 (0x80000937) x18 0x80000000
core   0: 0x80008ef8 (0x00000693) li      a3, 0
core   0: 3 0x80008ef8 (0x00000693) x13 0x00000000
core   0: 0x80008efc (0x00000193) li      gp, 0
core   0: 3 0x80008efc (0x00000193) x 3 0x00000000
core   0: 0x80008f00 (0x00000793) li      a5, 0
core   0: 3 0x80008f00 (0x00000793) x15 0x00000000
core   0: 0x80008f04 (0x1c2f1d37) lui     s10, 0x1c2f1
core   0: 3 0x80008f04 (0x1c2f1d37) x26 0x1c2f1000
core   0: 0x80008f08 (0x0a2d0d13) addi    s10, s10, 162
core   0: 3 0x80008f08 (0x0a2d0d13) x26 0x1c2f10a2
core   0: 0x80008f0c (0x00000293) li      t0, 0
core   0: 3 0x80008f0c (0x00000293) x 5 0x00000000
core   0: 0x80008f10 (0xfff00f93) li      t6, -1
core   0: 3 0x80008f10 (0xfff00f93) x31 0xffffffff
core   0: 0x80008f14 (0x1335c237) lui     tp, 0x1335c
core   0: 3 0x80008f14 (0x1335c237) x 4 0x1335c000
core   0: 0x80008f18 (0x00000013) nop
core   0: 3 0x80008f18 (0x00000013)
core   0: 0x80008f1c (0xa9d34fb7) lui     t6, 0xa9d34
core   0: 3 0x80008f1c (0xa9d34fb7) x31 0xa9d34000
core   0: 0x80008f20 (0x01a181b3) add     gp, gp, s10
core   0: 3 0x80008f20 (0x01a181b3) x 3 0x1c2f10a2
core   0: 0x80008f24 (0x00000013) nop
core   0: 3 0x80008f24 (0x00000013)
core   0: 0x80008f28 (0x40d18d33) sub     s10, gp, a3
core   0: 3 0x80008f28 (0x40d18d33) x26 0x1c2f10a2
core   0: 0x80008f2c (0x1a087d37) lui     s10, 0x1a087
core   0: 3 0x80008f2c (0x1a087d37) x26 0x1a087000
core   0: 0x80008f30 (0x322aba37) lui     s4, 0x322ab
core   0: 3 0x80008f30 (0x322aba37) x20 0x322ab000
core   0: 0x80008f34 (0x01a181b3) add     gp, gp, s10
core   0: 3 0x80008f34 (0x01a181b3) x 3 0x363780a2
core   0: 0x80008f38 (0x01a68d33) add     s10, a3, s10
core   0: 3 0x80008f38 (0x01a68d33) x26 0x1a087000
core   0: 0x80008f3c (0x54d42f97) auipc   t6, 0x54d42
core   0: 3 0x80008f3c (0x54d42f97) x31 0xd4d4af3c
core   0: 0x80008f40 (0x30e15797) auipc   a5, 0x30e15
core   0: 3 0x80008f40 (0x30e15797) x15 0xb0e1df40
core   0: 0x80008f44 (0x9a42c237) lui     tp, 0x9a42c
core   0: 3 0x80008f44 (0x9a42c237) x 4 0x9a42c000
core   0: 0x80008f48 (0x00568fb3) add     t6, a3, t0
core   0: 3 0x80008f48 (0x00568fb3) x31 0x00000000
core   0: 0x80008f4c (0x41f281b3) sub     gp, t0, t6
core   0: 3 0x80008f4c (0x41f281b3) x 3 0x00000000
core   0: 0x80008f50 (0x00000013) nop
core   0: 3 0x80008f50 (0x00000013)
core   0: 0x80008f54 (0x5ffe51b7) lui     gp, 0x5ffe5
core   0: 3 0x80008f54 (0x5ffe51b7) x 3 0x5ffe5000
core   0: 0x80008f58 (0x835c0fb7) lui     t6, 0x835c0
core   0: 3 0x80008f58 (0x835c0fb7) x31 0x835c0000
core   0: 0x80008f5c (0x00000013) nop
core   0: 3 0x80008f5c (0x00000013)
core   0: 0x80008f60 (0x00000013) nop
core   0: 3 0x80008f60 (0x00000013)
core   0: 0x80008f64 (0x00000013) nop
core   0: 3 0x80008f64 (0x00000013)
core   0: 0x80008f68 (0x5516e237) lui     tp, 0x5516e
core   0: 3 0x80008f68 (0x5516e237) x 4 0x5516e000
core   0: 0x80008f6c (0xa2bf8d13) addi    s10, t6, -1493
core   0: 3 0x80008f6c (0xa2bf8d13) x26 0x835bfa2b
core   0: 0x80008f70 (0x41f186b3) sub     a3, gp, t6
core   0: 3 0x80008f70 (0x41f186b3) x13 0xdca25000
core   0: 0x80008f74 (0x00000013) nop
core   0: 3 0x80008f74 (0x00000013)
core   0: 0x80008f78 (0x00000013) nop
core   0: 3 0x80008f78 (0x00000013)
core   0: 0x80008f7c (0xf27c7837) lui     a6, 0xf27c7
core   0: 3 0x80008f7c (0xf27c7837) x16 0xf27c7000
core   0: 0x80008f80 (0x01e02f33) slt     t5, zero, t5
core   0: 3 0x80008f80 (0x01e02f33) x30 0x00000001
core   0: 0x80008f84 (0x01847d33) and     s10, s0, s8
core   0: 3 0x80008f84 (0x01847d33) x26 0x00000000
core   0: 0x80008f88 (0xdafdb7b7) lui     a5, 0xdafdb
core   0: 3 0x80008f88 (0xdafdb7b7) x15 0xdafdb000
core   0: 0x80008f8c (0xd4f83413) sltiu   s0, a6, -689
core   0: 3 0x80008f8c (0xd4f83413) x 8 0x00000001
core   0: 0x80008f90 (0x0184ea33) or      s4, s1, s8
core   0: 3 0x80008f90 (0x0184ea33) x20 0x000000ff
core   0: 0x80008f94 (0x00bd5033) srl     zero, s10, a1
core   0: 3 0x80008f94 (0x00bd5033)
core   0: 0x80008f98 (0x013ff733) and     a4, t6, s3
core   0: 3 0x80008f98 (0x013ff733) x14 0x00000000
core   0: 0x80008f9c (0x0ff78b93) addi    s7, a5, 255
core   0: 3 0x80008f9c (0x0ff78b93) x23 0xdafdb0ff
core   0: 0x80008fa0 (0x007e4933) xor     s2, t3, t2
core   0: 3 0x80008fa0 (0x007e4933) x18 0x80000001
core   0: 0x80008fa4 (0xd81b7693) andi    a3, s6, -639
core   0: 3 0x80008fa4 (0xd81b7693) x13 0xbda3bc80
core   0: 0x80008fa8 (0x413000b3) sub     ra, zero, s3
core   0: 3 0x80008fa8 (0x413000b3) x 1 0xffffff80
core   0: 0x80008fac (0x00c4ffb3) and     t6, s1, a2
core   0: 3 0x80008fac (0x00c4ffb3) x31 0x00000000
core   0: 0x80008fb0 (0xbb1185b7) lui     a1, 0xbb118
core   0: 3 0x80008fb0 (0xbb1185b7) x11 0xbb118000
core   0: 0x80008fb4 (0x00b31cb3) sll     s9, t1, a1
core   0: 3 0x80008fb4 (0x00b31cb3) x25 0x80014ce4
core   0: 0x80008fb8 (0x41e2df13) srai    t5, t0, 30
core   0: 3 0x80008fb8 (0x41e2df13) x30 0x00000000
core   0: 0x80008fbc (0x008c5413) srli    s0, s8, 8
core   0: 3 0x80008fbc (0x008c5413) x 8 0x00000000
core   0: 0x80008fc0 (0x64b20113) addi    sp, tp, 1611
core   0: 3 0x80008fc0 (0x64b20113) x 2 0x5516e64b
core   0: 0x80008fc4 (0x01730d33) add     s10, t1, s7
core   0: 3 0x80008fc4 (0x01730d33) x26 0x5afefde3
core   0: 0x80008fc8 (0xa0b90b13) addi    s6, s2, -1525
core   0: 3 0x80008fc8 (0xa0b90b13) x22 0x7ffffa0c
core   0: 0x80008fcc (0x013192b3) sll     t0, gp, s3
core   0: 3 0x80008fcc (0x013192b3) x 5 0x5ffe5000
core   0: 0x80008fd0 (0x019cdf93) srli    t6, s9, 25
core   0: 3 0x80008fd0 (0x019cdf93) x31 0x00000040
core   0: 0x80008fd4 (0x54fef113) andi    sp, t4, 1359
core   0: 3 0x80008fd4 (0x54fef113) x 2 0x00000000
core   0: 0x80008fd8 (0x0cf4ed13) ori     s10, s1, 207
core   0: 3 0x80008fd8 (0x0cf4ed13) x26 0x000000ef
core   0: 0x80008fdc (0x4107c493) xori    s1, a5, 1040
core   0: 3 0x80008fdc (0x4107c493) x 9 0xdafdb410
core   0: 0x80008fe0 (0x8814a693) slti    a3, s1, -1919
core   0: 3 0x80008fe0 (0x8814a693) x13 0x00000001
core   0: 0x80008fe4 (0xeb170293) addi    t0, a4, -335
core   0: 3 0x80008fe4 (0xeb170293) x 5 0xfffffeb1
core   0: 0x80008fe8 (0x01843a33) sltu    s4, s0, s8
core   0: 3 0x80008fe8 (0x01843a33) x20 0x00000001
core   0: 0x80008fec (0xf1b29917) auipc   s2, 0xf1b29
core   0: 3 0x80008fec (0xf1b29917) x18 0x71b31fec
core   0: 0x80008ff0 (0xc9bdc017) auipc   zero, 0xc9bdc
core   0: 3 0x80008ff0 (0xc9bdc017)
core   0: 0x80008ff4 (0x01c28933) add     s2, t0, t3
core   0: 3 0x80008ff4 (0x01c28933) x18 0xfffffeb2
core   0: 0x80008ff8 (0x004271b3) and     gp, tp, tp
core   0: 3 0x80008ff8 (0x004271b3) x 3 0x5516e000
core   0: 0x80008ffc (0x294fea93) ori     s5, t6, 660
core   0: 3 0x80008ffc (0x294fea93) x21 0x000002d4
core   0: 0x80009000 (0x01b4bfb3) sltu    t6, s1, s11
core   0: 3 0x80009000 (0x01b4bfb3) x31 0x00000000
core   0: 0x80009004 (0x14f88293) addi    t0, a7, 335
core   0: 3 0x80009004 (0x14f88293) x 5 0x0000014f
core   0: 0x80009008 (0x4135deb3) sra     t4, a1, s3
core   0: 3 0x80009008 (0x4135deb3) x29 0xbb118000
core   0: 0x8000900c (0x012a3833) sltu    a6, s4, s2
core   0: 3 0x8000900c (0x012a3833) x16 0x00000001
core   0: 0x80009010 (0x01ce87b3) add     a5, t4, t3
core   0: 3 0x80009010 (0x01ce87b3) x15 0xbb118001
core   0: 0x80009014 (0xcf787113) andi    sp, a6, -777
core   0: 3 0x80009014 (0xcf787113) x 2 0x00000001
core   0: 0x80009018 (0x40fd5493) srai    s1, s10, 15
core   0: 3 0x80009018 (0x40fd5493) x 9 0x00000000
core   0: 0x8000901c (0x00385d13) srli    s10, a6, 3
core   0: 3 0x8000901c (0x00385d13) x26 0x00000000
core   0: 0x80009020 (0x4139c437) lui     s0, 0x4139c
core   0: 3 0x80009020 (0x4139c437) x 8 0x4139c000
core   0: 0x80009024 (0xea0a2813) slti    a6, s4, -352
core   0: 3 0x80009024 (0xea0a2813) x16 0x00000000
core   0: 0x80009028 (0x0152a6b3) slt     a3, t0, s5
core   0: 3 0x80009028 (0x0152a6b3) x13 0x00000001
core   0: 0x8000902c (0xeb934693) xori    a3, t1, -327
core   0: 3 0x8000902c (0xeb934693) x13 0x7ffeb25d
core   0: 0x80009030 (0x027b6693) ori     a3, s6, 39
core   0: 3 0x80009030 (0x027b6693) x13 0x7ffffa2f
core   0: 0x80009034 (0x1a0f2e93) slti    t4, t5, 416
core   0: 3 0x80009034 (0x1a0f2e93) x29 0x00000001
core   0: 0x80009038 (0x012e47b3) xor     a5, t3, s2
core   0: 3 0x80009038 (0x012e47b3) x15 0xfffffeb3
core   0: 0x8000903c (0x13144d17) auipc   s10, 0x13144
core   0: 3 0x8000903c (0x13144d17) x26 0x9314d03c
core   0: 0x80009040 (0x819e9097) auipc   ra, 0x819e9
core   0: 3 0x80009040 (0x819e9097) x 1 0x019f2040
core   0: 0x80009044 (0xf06f0d93) addi    s11, t5, -250
core   0: 3 0x80009044 (0xf06f0d93) x27 0xffffff06
core   0: 0x80009048 (0xc7879e37) lui     t3, 0xc7879
core   0: 3 0x80009048 (0xc7879e37) x28 0xc7879000
core   0: 0x8000904c (0x017409b3) add     s3, s0, s7
core   0: 3 0x8000904c (0x017409b3) x19 0x1c3770ff
core   0: 0x80009050 (0x019408b3) add     a7, s0, s9
core   0: 3 0x80009050 (0x019408b3) x17 0xc13b0ce4
core   0: 0x80009054 (0x00256233) or      tp, a0, sp
core   0: 3 0x80009054 (0x00256233) x 4 0x80010e65
core   0: 0x80009058 (0x009ea833) slt     a6, t4, s1
core   0: 3 0x80009058 (0x009ea833) x16 0x00000000
core   0: 0x8000905c (0x00da3bb3) sltu    s7, s4, a3
core   0: 3 0x8000905c (0x00da3bb3) x23 0x00000001
core   0: 0x80009060 (0x002a7433) and     s0, s4, sp
core   0: 3 0x80009060 (0x002a7433) x 8 0x00000001
core   0: 0x80009064 (0x014e7a33) and     s4, t3, s4
core   0: 3 0x80009064 (0x014e7a33) x20 0x00000000
core   0: 0x80009068 (0x413257b3) sra     a5, tp, s3
core   0: 3 0x80009068 (0x413257b3) x15 0xffffffff
core   0: 0x8000906c (0x5ac5ac37) lui     s8, 0x5ac5a
core   0: 3 0x8000906c (0x5ac5ac37) x24 0x5ac5a000
core   0: 0x80009070 (0x41bb5a13) srai    s4, s6, 27
core   0: 3 0x80009070 (0x41bb5a13) x20 0x0000000f
core   0: 0x80009074 (0x9ac79eb7) lui     t4, 0x9ac79
core   0: 3 0x80009074 (0x9ac79eb7) x29 0x9ac79000
core   0: 0x80009078 (0xbfbe8e93) addi    t4, t4, -1029
core   0: 3 0x80009078 (0xbfbe8e93) x29 0x9ac78bfb
core   0: 0x8000907c (0x0ce52fb7) lui     t6, 0xce52
core   0: 3 0x8000907c (0x0ce52fb7) x31 0x0ce52000
core   0: 0x80009080 (0x66ff8f93) addi    t6, t6, 1647
core   0: 3 0x80009080 (0x66ff8f93) x31 0x0ce5266f
core   0: 0x80009084 (0xfff00493) li      s1, -1
core   0: 3 0x80009084 (0xfff00493) x 9 0xffffffff
core   0: 0x80009088 (0xfff00413) li      s0, -1
core   0: 3 0x80009088 (0xfff00413) x 8 0xffffffff
core   0: 0x8000908c (0x899b06b7) lui     a3, 0x899b0
core   0: 3 0x8000908c (0x899b06b7) x13 0x899b0000
core   0: 0x80009090 (0x93a68693) addi    a3, a3, -1734
core   0: 3 0x80009090 (0x93a68693) x13 0x899af93a
core   0: 0x80009094 (0x800000b7) lui     ra, 0x80000
core   0: 3 0x80009094 (0x800000b7) x 1 0x80000000
core   0: 0x80009098 (0x00000c93) li      s9, 0
core   0: 3 0x80009098 (0x00000c93) x25 0x00000000
core   0: 0x8000909c (0x00000a93) li      s5, 0
core   0: 3 0x8000909c (0x00000a93) x21 0x00000000
core   0: 0x800090a0 (0x80000a37) lui     s4, 0x80000
core   0: 3 0x800090a0 (0x80000a37) x20 0x80000000
core   0: 0x800090a4 (0x00000e13) li      t3, 0
core   0: 3 0x800090a4 (0x00000e13) x28 0x00000000
core   0: 0x800090a8 (0x49108413) addi    s0, ra, 1169
core   0: 3 0x800090a8 (0x49108413) x 8 0x80000491
core   0: 0x800090ac (0x87ec2e37) lui     t3, 0x87ec2
core   0: 3 0x800090ac (0x87ec2e37) x28 0x87ec2000
core   0: 0x800090b0 (0x40d08fb3) sub     t6, ra, a3
core   0: 3 0x800090b0 (0x40d08fb3) x31 0xf66506c6
core   0: 0x800090b4 (0x00000013) nop
core   0: 3 0x800090b4 (0x00000013)
core   0: 0x800090b8 (0x00000013) nop
core   0: 3 0x800090b8 (0x00000013)
core   0: 0x800090bc (0x75740093) addi    ra, s0, 1879
core   0: 3 0x800090bc (0x75740093) x 1 0x80000be8
core   0: 0x800090c0 (0x40d08a33) sub     s4, ra, a3
core   0: 3 0x800090c0 (0x40d08a33) x20 0xf66512ae
core   0: 0x800090c4 (0x014f8433) add     s0, t6, s4
core   0: 3 0x800090c4 (0x014f8433) x 8 0xecca1974
core   0: 0x800090c8 (0x00808cb3) add     s9, ra, s0
core   0: 3 0x800090c8 (0x00808cb3) x25 0x6cca255c
core   0: 0x800090cc (0x41468a33) sub     s4, a3, s4
core   0: 3 0x800090cc (0x41468a33) x20 0x9335e68c
core   0: 0x800090d0 (0x00da0fb3) add     t6, s4, a3
core   0: 3 0x800090d0 (0x00da0fb3) x31 0x1cd0dfc6
core   0: 0x800090d4 (0x60d40417) auipc   s0, 0x60d40
core   0: 3 0x800090d4 (0x60d40417) x 8 0xe0d490d4
core   0: 0x800090d8 (0xc8b5ccb7) lui     s9, 0xc8b5c
core   0: 3 0x800090d8 (0xc8b5ccb7) x25 0xc8b5c000
core   0: 0x800090dc (0x6aec8c93) addi    s9, s9, 1710
core   0: 3 0x800090dc (0x6aec8c93) x25 0xc8b5c6ae
core   0: 0x800090e0 (0x752a1697) auipc   a3, 0x752a1
core   0: 3 0x800090e0 (0x752a1697) x13 0xf52aa0e0
core   0: 0x800090e4 (0x01408e33) add     t3, ra, s4
core   0: 3 0x800090e4 (0x01408e33) x28 0x1335f274
core   0: 0x800090e8 (0xb4d40413) addi    s0, s0, -1203
core   0: 3 0x800090e8 (0xb4d40413) x 8 0xe0d48c21
core   0: 0x800090ec (0x7ba68e93) addi    t4, a3, 1978
core   0: 3 0x800090ec (0x7ba68e93) x29 0xf52aa89a
core   0: 0x800090f0 (0x00000013) nop
core   0: 3 0x800090f0 (0x00000013)
core   0: 0x800090f4 (0x00000013) nop
core   0: 3 0x800090f4 (0x00000013)
core   0: 0x800090f8 (0x638a0493) addi    s1, s4, 1592
core   0: 3 0x800090f8 (0x638a0493) x 9 0x9335ecc4
core   0: 0x800090fc (0xee7c8413) addi    s0, s9, -281
core   0: 3 0x800090fc (0xee7c8413) x 8 0xc8b5c595
core   0: 0x80009100 (0xb75a44b7) lui     s1, 0xb75a4
core   0: 3 0x80009100 (0xb75a44b7) x 9 0xb75a4000
core   0: 0x80009104 (0x7c848a13) addi    s4, s1, 1992
core   0: 3 0x80009104 (0x7c848a13) x20 0xb75a47c8
core   0: 0x80009108 (0x01d40fb3) add     t6, s0, t4
core   0: 3 0x80009108 (0x01d40fb3) x31 0xbde06e2f
core   0: 0x8000910c (0x41c08ab3) sub     s5, ra, t3
core   0: 3 0x8000910c (0x41c08ab3) x21 0x6cca1974
core   0: 0x80009110 (0xa78ebe13) sltiu   t3, t4, -1416
core   0: 3 0x80009110 (0xa78ebe13) x28 0x00000001
core   0: 0x80009114 (0x95d8e493) ori     s1, a7, -1699
core   0: 3 0x80009114 (0x95d8e493) x 9 0xfffffdfd
core   0: 0x80009118 (0x00a55493) srli    s1, a0, 10
core   0: 3 0x80009118 (0x00a55493) x 9 0x00200043
core   0: 0x8000911c (0x41ddd7b3) sra     a5, s11, t4
core   0: 3 0x8000911c (0x41ddd7b3) x15 0xffffffff
core   0: 0x80009120 (0x69bab793) sltiu   a5, s5, 1691
core   0: 3 0x80009120 (0x69bab793) x15 0x00000000
core   0: 0x80009124 (0x26817d93) andi    s11, sp, 616
core   0: 3 0x80009124 (0x26817d93) x27 0x00000000
core   0: 0x80009128 (0x41a0d493) srai    s1, ra, 26
core   0: 3 0x80009128 (0x41a0d493) x 9 0xffffffe0
core   0: 0x8000912c (0x41eb5133) sra     sp, s6, t5
core   0: 3 0x8000912c (0x41eb5133) x 2 0x7ffffa0c
core   0: 0x80009130 (0x00fb41b3) xor     gp, s6, a5
core   0: 3 0x80009130 (0x00fb41b3) x 3 0x7ffffa0c
core   0: 0x80009134 (0x82dc6a13) ori     s4, s8, -2003
core   0: 3 0x80009134 (0x82dc6a13) x20 0xfffff82d
core   0: 0x80009138 (0x01f4fc33) and     s8, s1, t6
core   0: 3 0x80009138 (0x01f4fc33) x24 0xbde06e20
core   0: 0x8000913c (0x36b3cb93) xori    s7, t2, 875
core   0: 3 0x8000913c (0x36b3cb93) x23 0x8000036b
core   0: 0x80009140 (0x0119e0b3) or      ra, s3, a7
core   0: 3 0x80009140 (0x0119e0b3) x 1 0xdd3f7cff
core   0: 0x80009144 (0x29dc7e13) andi    t3, s8, 669
core   0: 3 0x80009144 (0x29dc7e13) x28 0x00000200
core   0: 0x80009148 (0xc69ac213) xori    tp, s5, -919
core   0: 3 0x80009148 (0xc69ac213) x 4 0x9335e51d
core   0: 0x8000914c (0x38bd6637) lui     a2, 0x38bd6
core   0: 3 0x8000914c (0x38bd6637) x12 0x38bd6000
core   0: 0x80009150 (0x01146033) or      zero, s0, a7
core   0: 3 0x80009150 (0x01146033)
core   0: 0x80009154 (0x000cfcb3) and     s9, s9, zero
core   0: 3 0x80009154 (0x000cfcb3) x25 0x00000000
core   0: 0x80009158 (0x01e784b3) add     s1, a5, t5
core   0: 3 0x80009158 (0x01e784b3) x 9 0x00000000
core   0: 0x8000915c (0x410b5b33) sra     s6, s6, a6
core   0: 3 0x8000915c (0x410b5b33) x22 0x7ffffa0c
core   0: 0x80009160 (0x01cbbbb3) sltu    s7, s7, t3
core   0: 3 0x80009160 (0x01cbbbb3) x23 0x00000000
core   0: 0x80009164 (0x12f1e117) auipc   sp, 0x12f1e
core   0: 3 0x80009164 (0x12f1e117) x 2 0x92f27164
core   0: 0x80009168 (0xe4db7913) andi    s2, s6, -435
core   0: 3 0x80009168 (0xe4db7913) x18 0x7ffffa0c
core   0: 0x8000916c (0x00ac1413) slli    s0, s8, 10
core   0: 3 0x8000916c (0x00ac1413) x 8 0x81b88000
core   0: 0x80009170 (0x2b40e613) ori     a2, ra, 692
core   0: 3 0x80009170 (0x2b40e613) x12 0xdd3f7eff
core   0: 0x80009174 (0x00c16eb3) or      t4, sp, a2
core   0: 3 0x80009174 (0x00c16eb3) x29 0xdfff7fff
core   0: 0x80009178 (0x013238b3) sltu    a7, tp, s3
core   0: 3 0x80009178 (0x013238b3) x17 0x00000000
core   0: 0x8000917c (0x01d23cb3) sltu    s9, tp, t4
core   0: 3 0x8000917c (0x01d23cb3) x25 0x00000001
core   0: 0x80009180 (0xa1977e93) andi    t4, a4, -1511
core   0: 3 0x80009180 (0xa1977e93) x29 0x00000000
core   0: 0x80009184 (0x405b7e93) andi    t4, s6, 1029
core   0: 3 0x80009184 (0x405b7e93) x29 0x00000004
core   0: 0x80009188 (0x01521013) slli    zero, tp, 21
core   0: 3 0x80009188 (0x01521013)
core   0: 0x8000918c (0x681f3137) lui     sp, 0x681f3
core   0: 3 0x8000918c (0x681f3137) x 2 0x681f3000
core   0: 0x80009190 (0x401254b3) sra     s1, tp, ra
core   0: 3 0x80009190 (0x401254b3) x 9 0xffffffff
core   0: 0x80009194 (0x00345493) srli    s1, s0, 3
core   0: 3 0x80009194 (0x00345493) x 9 0x10371000
core   0: 0x80009198 (0x013d1413) slli    s0, s10, 19
core   0: 3 0x80009198 (0x013d1413) x 8 0x81e00000
core   0: 0x8000919c (0xb169ef97) auipc   t6, 0xb169e
core   0: 3 0x8000919c (0xb169ef97) x31 0x316a719c
core   0: 0x800091a0 (0x8d9017b7) lui     a5, 0x8d901
core   0: 3 0x800091a0 (0x8d9017b7) x15 0x8d901000
core   0: 0x800091a4 (0x41c5dfb3) sra     t6, a1, t3
core   0: 3 0x800091a4 (0x41c5dfb3) x31 0xbb118000
core   0: 0x800091a8 (0x00697133) and     sp, s2, t1
core   0: 3 0x800091a8 (0x00697133) x 2 0x00014804
core   0: 0x800091ac (0x5f39f713) andi    a4, s3, 1523
core   0: 3 0x800091ac (0x5f39f713) x14 0x000000f3
core   0: 0x800091b0 (0xd793c813) xori    a6, t2, -647
core   0: 3 0x800091b0 (0xd793c813) x16 0x7ffffd79
core   0: 0x800091b4 (0x01597cb3) and     s9, s2, s5
core   0: 3 0x800091b4 (0x01597cb3) x25 0x6cca1804
core   0: 0x800091b8 (0x00119633) sll     a2, gp, ra
core   0: 3 0x800091b8 (0x00119633) x12 0x00000000
core   0: 0x800091bc (0x019e3a33) sltu    s4, t3, s9
core   0: 3 0x800091bc (0x019e3a33) x20 0x00000001
core   0: 0x800091c0 (0x9871a613) slti    a2, gp, -1657
core   0: 3 0x800091c0 (0x9871a613) x12 0x00000000
core   0: 0x800091c4 (0x01dd6ab3) or      s5, s10, t4
core   0: 3 0x800091c4 (0x01dd6ab3) x21 0x9314d03c
core   0: 0x800091c8 (0x408c5133) sra     sp, s8, s0
core   0: 3 0x800091c8 (0x408c5133) x 2 0xbde06e20
core   0: 0x800091cc (0x0009e9b3) or      s3, s3, zero
core   0: 3 0x800091cc (0x0009e9b3) x19 0x1c3770ff
core   0: 0x800091d0 (0xe185e293) ori     t0, a1, -488
core   0: 3 0x800091d0 (0xe185e293) x 5 0xfffffe18
core   0: 0x800091d4 (0x00e77933) and     s2, a4, a4
core   0: 3 0x800091d4 (0x00e77933) x18 0x000000f3
core   0: 0x800091d8 (0x0d34a613) slti    a2, s1, 211
core   0: 3 0x800091d8 (0x0d34a613) x12 0x00000000
core   0: 0x800091dc (0x01d90fb3) add     t6, s2, t4
core   0: 3 0x800091dc (0x01d90fb3) x31 0x000000f7
core   0: 0x800091e0 (0x00000013) nop
core   0: 3 0x800091e0 (0x00000013)
core   0: 0x800091e4 (0x00bd50b3) srl     ra, s10, a1
core   0: 3 0x800091e4 (0x00bd50b3) x 1 0x9314d03c
core   0: 0x800091e8 (0x00a9a2b3) slt     t0, s3, a0
core   0: 3 0x800091e8 (0x00a9a2b3) x 5 0x00000000
core   0: 0x800091ec (0x00b79233) sll     tp, a5, a1
core   0: 3 0x800091ec (0x00b79233) x 4 0x8d901000
core   0: 0x800091f0 (0x05ca9a17) auipc   s4, 0x5ca9
core   0: 3 0x800091f0 (0x05ca9a17) x20 0x85cb21f0
core   0: 0x800091f4 (0x00000013) nop
core   0: 3 0x800091f4 (0x00000013)
core   0: 0x800091f8 (0x00000013) nop
core   0: 3 0x800091f8 (0x00000013)
core   0: 0x800091fc (0x0028fe33) and     t3, a7, sp
core   0: 3 0x800091fc (0x0028fe33) x28 0x00000000
core   0: 0x80009200 (0x0025ee33) or      t3, a1, sp
core   0: 3 0x80009200 (0x0025ee33) x28 0xbff1ee20
core   0: 0x80009204 (0x41370033) sub     zero, a4, s3
core   0: 3 0x80009204 (0x41370033)
core   0: 0x80009208 (0x01471e93) slli    t4, a4, 20
core   0: 3 0x80009208 (0x01471e93) x29 0x0f300000
core   0: 0x8000920c (0x0189dd33) srl     s10, s3, s8
core   0: 3 0x8000920c (0x0189dd33) x26 0x1c3770ff
core   0: 0x80009210 (0x12584997) auipc   s3, 0x12584
core   0: 3 0x80009210 (0x12584997) x19 0x9258d210
core   0: 0x80009214 (0x004621b3) slt     gp, a2, tp
core   0: 3 0x80009214 (0x004621b3) x 3 0x00000000
core   0: 0x80009218 (0x0967cc93) xori    s9, a5, 150
core   0: 3 0x80009218 (0x0967cc93) x25 0x8d901096
core   0: 0x8000921c (0x0e2ab793) sltiu   a5, s5, 226
core   0: 3 0x8000921c (0x0e2ab793) x15 0x00000000
core   0: 0x80009220 (0x8daa4793) xori    a5, s4, -1830
core   0: 3 0x80009220 (0x8daa4793) x15 0x7a34d92a
core   0: 0x80009224 (0x414ed593) srai    a1, t4, 20
core   0: 3 0x80009224 (0x414ed593) x11 0x000000f3
core   0: 0x80009228 (0xc8987fb7) lui     t6, 0xc8987
core   0: 3 0x80009228 (0xc8987fb7) x31 0xc8987000
core   0: 0x8000922c (0x411359b3) sra     s3, t1, a7
core   0: 3 0x8000922c (0x411359b3) x19 0x80014ce4
core   0: 0x80009230 (0x00000013) nop
core   0: 3 0x80009230 (0x00000013)
core   0: 0x80009234 (0x4d0688b7) lui     a7, 0x4d068
core   0: 3 0x80009234 (0x4d0688b7) x17 0x4d068000
core   0: 0x80009238 (0x1f288893) addi    a7, a7, 498
core   0: 3 0x80009238 (0x1f288893) x17 0x4d0681f2
core   0: 0x8000923c (0xb772b5b7) lui     a1, 0xb772b
core   0: 3 0x8000923c (0xb772b5b7) x11 0xb772b000
core   0: 0x80009240 (0xe1f58593) addi    a1, a1, -481
core   0: 3 0x80009240 (0xe1f58593) x11 0xb772ae1f
core   0: 0x80009244 (0x00000213) li      tp, 0
core   0: 3 0x80009244 (0x00000213) x 4 0x00000000
core   0: 0x80009248 (0xc2ef4bb7) lui     s7, 0xc2ef4
core   0: 3 0x80009248 (0xc2ef4bb7) x23 0xc2ef4000
core   0: 0x8000924c (0xeb2b8b93) addi    s7, s7, -334
core   0: 3 0x8000924c (0xeb2b8b93) x23 0xc2ef3eb2
core   0: 0x80009250 (0xfff00a93) li      s5, -1
core   0: 3 0x80009250 (0xfff00a93) x21 0xffffffff
core   0: 0x80009254 (0x00000093) li      ra, 0
core   0: 3 0x80009254 (0x00000093) x 1 0x00000000
core   0: 0x80009258 (0xe9e9cc37) lui     s8, 0xe9e9c
core   0: 3 0x80009258 (0xe9e9cc37) x24 0xe9e9c000
core   0: 0x8000925c (0x487c0c13) addi    s8, s8, 1159
core   0: 3 0x8000925c (0x487c0c13) x24 0xe9e9c487
core   0: 0x80009260 (0x0e96cdb7) lui     s11, 0xe96c
core   0: 3 0x80009260 (0x0e96cdb7) x27 0x0e96c000
core   0: 0x80009264 (0x643d8d93) addi    s11, s11, 1603
core   0: 3 0x80009264 (0x643d8d93) x27 0x0e96c643
core   0: 0x80009268 (0x80000f37) lui     t5, 0x80000
core   0: 3 0x80009268 (0x80000f37) x30 0x80000000
core   0: 0x8000926c (0x80000137) lui     sp, 0x80000
core   0: 3 0x8000926c (0x80000137) x 2 0x80000000
core   0: 0x80009270 (0x00000013) nop
core   0: 3 0x80009270 (0x00000013)
core   0: 0x80009274 (0x40bc05b3) sub     a1, s8, a1
core   0: 3 0x80009274 (0x40bc05b3) x11 0x32771668
core   0: 0x80009278 (0x00288c33) add     s8, a7, sp
core   0: 3 0x80009278 (0x00288c33) x24 0xcd0681f2
core   0: 0x8000927c (0x857a35b7) lui     a1, 0x857a3
core   0: 3 0x8000927c (0x857a35b7) x11 0x857a3000
core   0: 0x80009280 (0x00000013) nop
core   0: 3 0x80009280 (0x00000013)
core   0: 0x80009284 (0x00000013) nop
core   0: 3 0x80009284 (0x00000013)
core   0: 0x80009288 (0x00000013) nop
core   0: 3 0x80009288 (0x00000013)
core   0: 0x8000928c (0x404a8233) sub     tp, s5, tp
core   0: 3 0x8000928c (0x404a8233) x 4 0xffffffff
core   0: 0x80009290 (0x417a8133) sub     sp, s5, s7
core   0: 3 0x80009290 (0x417a8133) x 2 0x3d10c14d
core   0: 0x80009294 (0xe48c2c17) auipc   s8, 0xe48c2
core   0: 3 0x80009294 (0xe48c2c17) x24 0x648cb294
core   0: 0x80009298 (0x00000013) nop
core   0: 3 0x80009298 (0x00000013)
core   0: 0x8000929c (0xb322bc17) auipc   s8, 0xb322b
core   0: 3 0x8000929c (0xb322bc17) x24 0x3323429c
core   0: 0x800092a0 (0x504f0113) addi    sp, t5, 1284
core   0: 3 0x800092a0 (0x504f0113) x 2 0x80000504
core   0: 0x800092a4 (0xd032dc37) lui     s8, 0xd032d
core   0: 3 0x800092a4 (0xd032dc37) x24 0xd032d000
core   0: 0x800092a8 (0x417a8db3) sub     s11, s5, s7
core   0: 3 0x800092a8 (0x417a8db3) x27 0x3d10c14d
core   0: 0x800092ac (0x00b20db3) add     s11, tp, a1
core   0: 3 0x800092ac (0x00b20db3) x27 0x857a2fff
core   0: 0x800092b0 (0x00ba4bb3) xor     s7, s4, a1
core   0: 3 0x800092b0 (0x00ba4bb3) x23 0x00b111f0
core   0: 0x800092b4 (0x01b01b13) slli    s6, zero, 27
core   0: 3 0x800092b4 (0x01b01b13) x22 0x00000000
core   0: 0x800092b8 (0x32c93b97) auipc   s7, 0x32c93
core   0: 3 0x800092b8 (0x32c93b97) x23 0xb2c9c2b8
core   0: 0x800092bc (0x00bd4233) xor     tp, s10, a1
core   0: 3 0x800092bc (0x00bd4233) x 4 0x994d40ff
core   0: 0x800092c0 (0x54b2d217) auipc   tp, 0x54b2d
core   0: 3 0x800092c0 (0x54b2d217) x 4 0xd4b362c0
core   0: 0x800092c4 (0x02ad6413) ori     s0, s10, 42
core   0: 3 0x800092c4 (0x02ad6413) x 8 0x1c3770ff
core   0: 0x800092c8 (0x01fbe1b3) or      gp, s7, t6
core   0: 3 0x800092c8 (0x01fbe1b3) x 3 0xfad9f2b8
core   0: 0x800092cc (0x06c53813) sltiu   a6, a0, 108
core   0: 3 0x800092cc (0x06c53813) x16 0x00000000
core   0: 0x800092d0 (0x418e5233) sra     tp, t3, s8
core   0: 3 0x800092d0 (0x418e5233) x 4 0xbff1ee20
core   0: 0x800092d4 (0x010ae1b3) or      gp, s5, a6
core   0: 3 0x800092d4 (0x010ae1b3) x 3 0xffffffff
core   0: 0x800092d8 (0x40975c13) srai    s8, a4, 9
core   0: 3 0x800092d8 (0x40975c13) x24 0x00000000
core   0: 0x800092dc (0x015d1b13) slli    s6, s10, 21
core   0: 3 0x800092dc (0x015d1b13) x22 0x1fe00000
core   0: 0x800092e0 (0x015037b3) snez    a5, s5
core   0: 3 0x800092e0 (0x015037b3) x15 0x00000001
core   0: 0x800092e4 (0xc2e83217) auipc   tp, 0xc2e83
core   0: 3 0x800092e4 (0xc2e83217) x 4 0x42e8c2e4
core   0: 0x800092e8 (0x00af1d93) slli    s11, t5, 10
core   0: 3 0x800092e8 (0x00af1d93) x27 0x00000000
core   0: 0x800092ec (0x00c5bc33) sltu    s8, a1, a2
core   0: 3 0x800092ec (0x00c5bc33) x24 0x00000000
core   0: 0x800092f0 (0x01200bb3) add     s7, zero, s2
core   0: 3 0x800092f0 (0x01200bb3) x23 0x000000f3
core   0: 0x800092f4 (0x00c9f8b3) and     a7, s3, a2
core   0: 3 0x800092f4 (0x00c9f8b3) x17 0x00000000
core   0: 0x800092f8 (0x00db2d33) slt     s10, s6, a3
core   0: 3 0x800092f8 (0x00db2d33) x26 0x00000000
core   0: 0x800092fc (0x00cf31b3) sltu    gp, t5, a2
core   0: 3 0x800092fc (0x00cf31b3) x 3 0x00000000
core   0: 0x80009300 (0x0133b933) sltu    s2, t2, s3
core   0: 3 0x80009300 (0x0133b933) x18 0x00000001
core   0: 0x80009304 (0x40e1dd93) srai    s11, gp, 14
core   0: 3 0x80009304 (0x40e1dd93) x27 0x00000000
core   0: 0x80009308 (0x58d7e893) ori     a7, a5, 1421
core   0: 3 0x80009308 (0x58d7e893) x17 0x0000058d
core   0: 0x8000930c (0x373fc613) xori    a2, t6, 883
core   0: 3 0x8000930c (0x373fc613) x12 0xc8987373
core   0: 0x80009310 (0x00189e33) sll     t3, a7, ra
core   0: 3 0x80009310 (0x00189e33) x28 0x0000058d
core   0: 0x80009314 (0xc5770b97) auipc   s7, 0xc5770
core   0: 3 0x80009314 (0xc5770b97) x23 0x45779314
core   0: 0x80009318 (0x008f9c33) sll     s8, t6, s0
core   0: 3 0x80009318 (0x008f9c33) x24 0x00000000
core   0: 0x8000931c (0x41f8dfb3) sra     t6, a7, t6
core   0: 3 0x8000931c (0x41f8dfb3) x31 0x0000058d
core   0: 0x80009320 (0xba02b013) sltiu   zero, t0, -1120
core   0: 3 0x80009320 (0xba02b013)
core   0: 0x80009324 (0x000c2233) slt     tp, s8, zero
core   0: 3 0x80009324 (0x000c2233) x 4 0x00000000
core   0: 0x80009328 (0x40d20733) sub     a4, tp, a3
core   0: 3 0x80009328 (0x40d20733) x14 0x0ad55f20
core   0: 0x8000932c (0x4de73f13) sltiu   t5, a4, 1246
core   0: 3 0x8000932c (0x4de73f13) x30 0x00000000
core   0: 0x80009330 (0x41375a13) srai    s4, a4, 19
core   0: 3 0x80009330 (0x41375a13) x20 0x0000015a
core   0: 0x80009334 (0x5741a1b7) lui     gp, 0x5741a
core   0: 3 0x80009334 (0x5741a1b7) x 3 0x5741a000
core   0: 0x80009338 (0x01504733) xor     a4, zero, s5
core   0: 3 0x80009338 (0x01504733) x14 0xffffffff
core   0: 0x8000933c (0x01045233) srl     tp, s0, a6
core   0: 3 0x8000933c (0x01045233) x 4 0x1c3770ff
core   0: 0x80009340 (0xb8967017) auipc   zero, 0xb8967
core   0: 3 0x80009340 (0xb8967017)
core   0: 0x80009344 (0x012fffb3) and     t6, t6, s2
core   0: 3 0x80009344 (0x012fffb3) x31 0x00000001
core   0: 0x80009348 (0x015dc933) xor     s2, s11, s5
core   0: 3 0x80009348 (0x015dc933) x18 0xffffffff
core   0: 0x8000934c (0x9c94de17) auipc   t3, 0x9c94d
core   0: 3 0x8000934c (0x9c94de17) x28 0x1c95634c
core   0: 0x80009350 (0x00f9a733) slt     a4, s3, a5
core   0: 3 0x80009350 (0x00f9a733) x14 0x00000001
core   0: 0x80009354 (0x9a8ba613) slti    a2, s7, -1624
core   0: 3 0x80009354 (0x9a8ba613) x12 0x00000000
core   0: 0x80009358 (0x400dd6b3) sra     a3, s11, zero
core   0: 3 0x80009358 (0x400dd6b3) x13 0x00000000
core   0: 0x8000935c (0x01d35d13) srli    s10, t1, 29
core   0: 3 0x8000935c (0x01d35d13) x26 0x00000004
core   0: 0x80009360 (0x0189dcb3) srl     s9, s3, s8
core   0: 3 0x80009360 (0x0189dcb3) x25 0x80014ce4
core   0: 0x80009364 (0x00907ab3) and     s5, zero, s1
core   0: 3 0x80009364 (0x00907ab3) x21 0x00000000
core   0: 0x80009368 (0x01029d13) slli    s10, t0, 16
core   0: 3 0x80009368 (0x01029d13) x26 0x00000000
core   0: 0x8000936c (0x403f8433) sub     s0, t6, gp
core   0: 3 0x8000936c (0x403f8433) x 8 0xa8be6001
core   0: 0x80009370 (0x43938213) addi    tp, t2, 1081
core   0: 3 0x80009370 (0x43938213) x 4 0x80000439
core   0: 0x80009374 (0xdd063093) sltiu   ra, a2, -560
core   0: 3 0x80009374 (0xdd063093) x 1 0x00000001
core   0: 0x80009378 (0xe3129117) auipc   sp, 0xe3129
core   0: 3 0x80009378 (0xe3129117) x 2 0x63132378
core   0: 0x8000937c (0x00000013) nop
core   0: 3 0x8000937c (0x00000013)
core   0: 0x80009380 (0x017784b3) add     s1, a5, s7
core   0: 3 0x80009380 (0x017784b3) x 9 0x45779315
core   0: 0x80009384 (0x007f8c33) add     s8, t6, t2
core   0: 3 0x80009384 (0x007f8c33) x24 0x80000001
core   0: 0x80009388 (0x008d5113) srli    sp, s10, 8
core   0: 3 0x80009388 (0x008d5113) x 2 0x00000000
core   0: 0x8000938c (0x1481f093) andi    ra, gp, 328
core   0: 3 0x8000938c (0x1481f093) x 1 0x00000000
core   0: 0x80009390 (0x00cc6933) or      s2, s8, a2
core   0: 3 0x80009390 (0x00cc6933) x18 0x80000001
core   0: 0x80009394 (0xb715fc13) andi    s8, a1, -1167
core   0: 3 0x80009394 (0xb715fc13) x24 0x857a3000
core   0: 0x80009398 (0x41bb3f37) lui     t5, 0x41bb3
core   0: 3 0x80009398 (0x41bb3f37) x30 0x41bb3000
core   0: 0x8000939c (0x310b7f13) andi    t5, s6, 784
core   0: 3 0x8000939c (0x310b7f13) x30 0x00000000
core   0: 0x800093a0 (0x00000013) nop
core   0: 3 0x800093a0 (0x00000013)
core   0: 0x800093a4 (0x0134e5b3) or      a1, s1, s3
core   0: 3 0x800093a4 (0x0134e5b3) x11 0xc577dff5
core   0: 0x800093a8 (0x0156de13) srli    t3, a3, 21
core   0: 3 0x800093a8 (0x0156de13) x28 0x00000000
core   0: 0x800093ac (0x48083413) sltiu   s0, a6, 1152
core   0: 3 0x800093ac (0x48083413) x 8 0x00000001
core   0: 0x800093b0 (0x018e08b3) add     a7, t3, s8
core   0: 3 0x800093b0 (0x018e08b3) x17 0x857a3000
core   0: 0x800093b4 (0x004cbb33) sltu    s6, s9, tp
core   0: 3 0x800093b4 (0x004cbb33) x22 0x00000000
core   0: 0x800093b8 (0x40e20e33) sub     t3, tp, a4
core   0: 3 0x800093b8 (0x40e20e33) x28 0x80000438
core   0: 0x800093bc (0xd2463497) auipc   s1, 0xd2463
core   0: 3 0x800093bc (0xd2463497) x 9 0x5246c3bc
core   0: 0x800093c0 (0x000f4d33) xor     s10, t5, zero
core   0: 3 0x800093c0 (0x000f4d33) x26 0x00000000
core   0: 0x800093c4 (0x41858733) sub     a4, a1, s8
core   0: 3 0x800093c4 (0x41858733) x14 0x3ffdaff5
core   0: 0x800093c8 (0x83fd4213) xori    tp, s10, -1985
core   0: 3 0x800093c8 (0x83fd4213) x 4 0xfffff83f
core   0: 0x800093cc (0x4042d4b3) sra     s1, t0, tp
core   0: 3 0x800093cc (0x4042d4b3) x 9 0x00000000
core   0: 0x800093d0 (0x01d9c2b3) xor     t0, s3, t4
core   0: 3 0x800093d0 (0x01d9c2b3) x 5 0x8f314ce4
core   0: 0x800093d4 (0x00000013) nop
core   0: 3 0x800093d4 (0x00000013)
core   0: 0x800093d8 (0x46a9ca93) xori    s5, s3, 1130
core   0: 3 0x800093d8 (0x46a9ca93) x21 0x8001488e
core   0: 0x800093dc (0x0141dbb3) srl     s7, gp, s4
core   0: 3 0x800093dc (0x0141dbb3) x23 0x00000015
core   0: 0x800093e0 (0x00d575b3) and     a1, a0, a3
core   0: 3 0x800093e0 (0x00d575b3) x11 0x00000000
core   0: 0x800093e4 (0x00a4d993) srli    s3, s1, 10
core   0: 3 0x800093e4 (0x00a4d993) x19 0x00000000
core   0: 0x800093e8 (0x010f4113) xori    sp, t5, 16
core   0: 3 0x800093e8 (0x010f4113) x 2 0x00000010
core   0: 0x800093ec (0xc1f42213) slti    tp, s0, -993
core   0: 3 0x800093ec (0xc1f42213) x 4 0x00000000
core   0: 0x800093f0 (0x64d6a813) slti    a6, a3, 1613
core   0: 3 0x800093f0 (0x64d6a813) x16 0x00000001
core   0: 0x800093f4 (0x41585733) sra     a4, a6, s5
core   0: 3 0x800093f4 (0x41585733) x14 0x00000000
core   0: 0x800093f8 (0xbf9b4a17) auipc   s4, 0xbf9b4
core   0: 3 0x800093f8 (0xbf9b4a17) x20 0x3f9bd3f8
core   0: 0x800093fc (0x00d8af33) slt     t5, a7, a3
core   0: 3 0x800093fc (0x00d8af33) x30 0x00000001
core   0: 0x80009400 (0xa80bb913) sltiu   s2, s7, -1408
core   0: 3 0x80009400 (0xa80bb913) x18 0x00000001
core   0: 0x80009404 (0xdc89c713) xori    a4, s3, -568
core   0: 3 0x80009404 (0xdc89c713) x14 0xfffffdc8
core   0: 0x80009408 (0x017c81b3) add     gp, s9, s7
core   0: 3 0x80009408 (0x017c81b3) x 3 0x80014cf9
core   0: 0x8000940c (0x00d92433) slt     s0, s2, a3
core   0: 3 0x8000940c (0x00d92433) x 8 0x00000000
core   0: 0x80009410 (0x013eb133) sltu    sp, t4, s3
core   0: 3 0x80009410 (0x013eb133) x 2 0x00000000
core   0: 0x80009414 (0x00000013) nop
core   0: 3 0x80009414 (0x00000013)
core   0: 0x80009418 (0x0049dcb3) srl     s9, s3, tp
core   0: 3 0x80009418 (0x0049dcb3) x25 0x00000000
core   0: 0x8000941c (0xa5933613) sltiu   a2, t1, -1447
core   0: 3 0x8000941c (0xa5933613) x12 0x00000001
core   0: 0x80009420 (0x010d84b3) add     s1, s11, a6
core   0: 3 0x80009420 (0x010d84b3) x 9 0x00000001
core   0: 0x80009424 (0x006e4d33) xor     s10, t3, t1
core   0: 3 0x80009424 (0x006e4d33) x26 0x000148dc
core   0: 0x80009428 (0x1322e713) ori     a4, t0, 306
core   0: 3 0x80009428 (0x1322e713) x14 0x8f314df6
core   0: 0x8000942c (0x009c4fb3) xor     t6, s8, s1
core   0: 3 0x8000942c (0x009c4fb3) x31 0x857a3001
core   0: 0x80009430 (0x006ffd33) and     s10, t6, t1
core   0: 3 0x80009430 (0x006ffd33) x26 0x80000000
core   0: 0x80009434 (0x00d592b3) sll     t0, a1, a3
core   0: 3 0x80009434 (0x00d592b3) x 5 0x00000000
core   0: 0x80009438 (0x7add0117) auipc   sp, 0x7add0
core   0: 3 0x80009438 (0x7add0117) x 2 0xfadd9438
core   0: 0x8000943c (0x40c80233) sub     tp, a6, a2
core   0: 3 0x8000943c (0x40c80233) x 4 0x00000000
core   0: 0x80009440 (0x411d5d33) sra     s10, s10, a7
core   0: 3 0x80009440 (0x411d5d33) x26 0x80000000
core   0: 0x80009444 (0xd61c6293) ori     t0, s8, -671
core   0: 3 0x80009444 (0xd61c6293) x 5 0xfffffd61
core   0: 0x80009448 (0x010f72b3) and     t0, t5, a6
core   0: 3 0x80009448 (0x010f72b3) x 5 0x00000001
core   0: 0x8000944c (0x008c0b33) add     s6, s8, s0
core   0: 3 0x8000944c (0x008c0b33) x22 0x857a3000
core   0: 0x80009450 (0x010a6033) or      zero, s4, a6
core   0: 3 0x80009450 (0x010a6033)
core   0: 0x80009454 (0x01d7c2b3) xor     t0, a5, t4
core   0: 3 0x80009454 (0x01d7c2b3) x 5 0x0f300001
core   0: 0x80009458 (0x009940b3) xor     ra, s2, s1
core   0: 3 0x80009458 (0x009940b3) x 1 0x00000000
core   0: 0x8000945c (0x5cad6e93) ori     t4, s10, 1482
core   0: 3 0x8000945c (0x5cad6e93) x29 0x800005ca
core   0: 0x80009460 (0x00ad1433) sll     s0, s10, a0
core   0: 3 0x80009460 (0x00ad1433) x 8 0x00000000
core   0: 0x80009464 (0x0134e233) or      tp, s1, s3
core   0: 3 0x80009464 (0x0134e233) x 4 0x00000001
core   0: 0x80009468 (0x01eb9493) slli    s1, s7, 30
core   0: 3 0x80009468 (0x01eb9493) x 9 0x40000000
core   0: 0x8000946c (0x01d55013) srli    zero, a0, 29
core   0: 3 0x8000946c (0x01d55013)
core   0: 0x80009470 (0x00e6b2b3) sltu    t0, a3, a4
core   0: 3 0x80009470 (0x00e6b2b3) x 5 0x00000001
core   0: 0x80009474 (0x014cde33) srl     t3, s9, s4
core   0: 3 0x80009474 (0x014cde33) x28 0x00000000
core   0: 0x80009478 (0x00000013) nop
core   0: 3 0x80009478 (0x00000013)
core   0: 0x8000947c (0x0080fdb3) and     s11, ra, s0
core   0: 3 0x8000947c (0x0080fdb3) x27 0x00000000
core   0: 0x80009480 (0x01f70033) add     zero, a4, t6
core   0: 3 0x80009480 (0x01f70033)
core   0: 0x80009484 (0xd7e08813) addi    a6, ra, -642
core   0: 3 0x80009484 (0xd7e08813) x16 0xfffffd7e
core   0: 0x80009488 (0x41fe59b3) sra     s3, t3, t6
core   0: 3 0x80009488 (0x41fe59b3) x19 0x00000000
core   0: 0x8000948c (0x00de57b3) srl     a5, t3, a3
core   0: 3 0x8000948c (0x00de57b3) x15 0x00000000
core   0: 0x80009490 (0xf1d834b7) lui     s1, 0xf1d83
core   0: 3 0x80009490 (0xf1d834b7) x 9 0xf1d83000
core   0: 0x80009494 (0x83dc0597) auipc   a1, 0x83dc0
core   0: 3 0x80009494 (0x83dc0597) x11 0x03dc9494
core   0: 0x80009498 (0xbd396093) ori     ra, s2, -1069
core   0: 3 0x80009498 (0xbd396093) x 1 0xfffffbd3
core   0: 0x8000949c (0x01c6e7b3) or      a5, a3, t3
core   0: 3 0x8000949c (0x01c6e7b3) x15 0x00000000
core   0: 0x800094a0 (0x017b0f33) add     t5, s6, s7
core   0: 3 0x800094a0 (0x017b0f33) x30 0x857a3015
core   0: 0x800094a4 (0x7fd0ce13) xori    t3, ra, 2045
core   0: 3 0x800094a4 (0x7fd0ce13) x28 0xfffffc2e
core   0: 0x800094a8 (0x2d5fab13) slti    s6, t6, 725
core   0: 3 0x800094a8 (0x2d5fab13) x22 0x00000001
core   0: 0x800094ac (0x79d8f593) andi    a1, a7, 1949
core   0: 3 0x800094ac (0x79d8f593) x11 0x00000000
core   0: 0x800094b0 (0x0003a133) slt     sp, t2, zero
core   0: 3 0x800094b0 (0x0003a133) x 2 0x00000001
core   0: 0x800094b4 (0x00341033) sll     zero, s0, gp
core   0: 3 0x800094b4 (0x00341033)
core   0: 0x800094b8 (0x82c58137) lui     sp, 0x82c58
core   0: 3 0x800094b8 (0x82c58137) x 2 0x82c58000
core   0: 0x800094bc (0x01109433) sll     s0, ra, a7
core   0: 3 0x800094bc (0x01109433) x 8 0xfffffbd3
core   0: 0x800094c0 (0x00bd49b3) xor     s3, s10, a1
core   0: 3 0x800094c0 (0x00bd49b3) x19 0x80000000
core   0: 0x800094c4 (0x00000013) nop
core   0: 3 0x800094c4 (0x00000013)
core   0: 0x800094c8 (0x40b300b3) sub     ra, t1, a1
core   0: 3 0x800094c8 (0x40b300b3) x 1 0x80014ce4
core   0: 0x800094cc (0x01145833) srl     a6, s0, a7
core   0: 3 0x800094cc (0x01145833) x16 0xfffffbd3
core   0: 0x800094d0 (0x01555d33) srl     s10, a0, s5
core   0: 3 0x800094d0 (0x01555d33) x26 0x00020004
core   0: 0x800094d4 (0x00291b93) slli    s7, s2, 2
core   0: 3 0x800094d4 (0x00291b93) x23 0x00000004
core   0: 0x800094d8 (0x005b32b3) sltu    t0, s6, t0
core   0: 3 0x800094d8 (0x005b32b3) x 5 0x00000000
core   0: 0x800094dc (0x00b61cb3) sll     s9, a2, a1
core   0: 3 0x800094dc (0x00b61cb3) x25 0x00000001
core   0: 0x800094e0 (0x00000213) li      tp, 0
core   0: 3 0x800094e0 (0x00000213) x 4 0x00000000
core   0: 0x800094e4 (0x00000c13) li      s8, 0
core   0: 3 0x800094e4 (0x00000c13) x24 0x00000000
core   0: 0x800094e8 (0xfff00a13) li      s4, -1
core   0: 3 0x800094e8 (0xfff00a13) x20 0xffffffff
core   0: 0x800094ec (0x00000693) li      a3, 0
core   0: 3 0x800094ec (0x00000693) x13 0x00000000
core   0: 0x800094f0 (0xfff00293) li      t0, -1
core   0: 3 0x800094f0 (0xfff00293) x 5 0xffffffff
core   0: 0x800094f4 (0x800004b7) lui     s1, 0x80000
core   0: 3 0x800094f4 (0x800004b7) x 9 0x80000000
core   0: 0x800094f8 (0xfff00613) li      a2, -1
core   0: 3 0x800094f8 (0xfff00613) x12 0xffffffff
core   0: 0x800094fc (0xb106b837) lui     a6, 0xb106b
core   0: 3 0x800094fc (0xb106b837) x16 0xb106b000
core   0: 0x80009500 (0x78180813) addi    a6, a6, 1921
core   0: 3 0x80009500 (0x78180813) x16 0xb106b781
core   0: 0x80009504 (0x00000413) li      s0, 0
core   0: 3 0x80009504 (0x00000413) x 8 0x00000000
core   0: 0x80009508 (0x00000b13) li      s6, 0
core   0: 3 0x80009508 (0x00000b13) x22 0x00000000
core   0: 0x8000950c (0x38d042b7) lui     t0, 0x38d04
core   0: 3 0x8000950c (0x38d042b7) x 5 0x38d04000
core   0: 0x80009510 (0x018282b3) add     t0, t0, s8
core   0: 3 0x80009510 (0x018282b3) x 5 0x38d04000
core   0: 0x80009514 (0x38720b13) addi    s6, tp, 903
core   0: 3 0x80009514 (0x38720b13) x22 0x00000387
core   0: 0x80009518 (0x0d780293) addi    t0, a6, 215
core   0: 3 0x80009518 (0x0d780293) x 5 0xb106b858
core   0: 0x8000951c (0x01428b33) add     s6, t0, s4
core   0: 3 0x8000951c (0x01428b33) x22 0xb106b857
core   0: 0x80009520 (0xa4b814b7) lui     s1, 0xa4b81
core   0: 3 0x80009520 (0xa4b814b7) x 9 0xa4b81000
core   0: 0x80009524 (0x016284b3) add     s1, t0, s6
core   0: 3 0x80009524 (0x016284b3) x 9 0x620d70af
core   0: 0x80009528 (0xd1788417) auipc   s0, 0xd1788
core   0: 3 0x80009528 (0xd1788417) x 8 0x51791528
core   0: 0x8000952c (0x00000013) nop
core   0: 3 0x8000952c (0x00000013)
core   0: 0x80009530 (0xf3748613) addi    a2, s1, -201
core   0: 3 0x80009530 (0xf3748613) x12 0x620d6fe6
core   0: 0x80009534 (0x018604b3) add     s1, a2, s8
core   0: 3 0x80009534 (0x018604b3) x 9 0x620d6fe6
core   0: 0x80009538 (0x004f0b17) auipc   s6, 0x4f0
core   0: 3 0x80009538 (0x004f0b17) x22 0x804f9538
core   0: 0x8000953c (0x00000013) nop
core   0: 3 0x8000953c (0x00000013)
core   0: 0x80009540 (0x25776297) auipc   t0, 0x25776
core   0: 3 0x80009540 (0x25776297) x 5 0xa577f540
core   0: 0x80009544 (0x5ef4cb37) lui     s6, 0x5ef4c
core   0: 3 0x80009544 (0x5ef4cb37) x22 0x5ef4c000
core   0: 0x80009548 (0x418206b3) sub     a3, tp, s8
core   0: 3 0x80009548 (0x418206b3) x13 0x00000000
core   0: 0x8000954c (0x2de28493) addi    s1, t0, 734
core   0: 3 0x8000954c (0x2de28493) x 9 0xa577f81e
core   0: 0x80009550 (0x418604b3) sub     s1, a2, s8
core   0: 3 0x80009550 (0x418604b3) x 9 0x620d6fe6
core   0: 0x80009554 (0x418b0833) sub     a6, s6, s8
core   0: 3 0x80009554 (0x418b0833) x16 0x5ef4c000
core   0: 0x80009558 (0xd06c92b7) lui     t0, 0xd06c9
core   0: 3 0x80009558 (0xd06c92b7) x 5 0xd06c9000
core   0: 0x8000955c (0x4064d493) srai    s1, s1, 6
core   0: 3 0x8000955c (0x4064d493) x 9 0x018835bf
core   0: 0x80009560 (0xd799af37) lui     t5, 0xd799a
core   0: 3 0x80009560 (0xd799af37) x30 0xd799a000
core   0: 0x80009564 (0x00eaa9b3) slt     s3, s5, a4
core   0: 3 0x80009564 (0x00eaa9b3) x19 0x00000001
core   0: 0x80009568 (0x41d65913) srai    s2, a2, 29
core   0: 3 0x80009568 (0x41d65913) x18 0x00000003
core   0: 0x8000956c (0x01fce0b3) or      ra, s9, t6
core   0: 3 0x8000956c (0x01fce0b3) x 1 0x857a3001
core   0: 0x80009570 (0x27320f93) addi    t6, tp, 627
core   0: 3 0x80009570 (0x27320f93) x31 0x00000273
core   0: 0x80009574 (0x00c664b3) or      s1, a2, a2
core   0: 3 0x80009574 (0x00c664b3) x 9 0x620d6fe6
core   0: 0x80009578 (0x0022d013) srli    zero, t0, 2
core   0: 3 0x80009578 (0x0022d013)
core   0: 0x8000957c (0x00b4b933) sltu    s2, s1, a1
core   0: 3 0x8000957c (0x00b4b933) x18 0x00000000
core   0: 0x80009580 (0x01c69133) sll     sp, a3, t3
core   0: 3 0x80009580 (0x01c69133) x 2 0x00000000
core   0: 0x80009584 (0xe69fe893) ori     a7, t6, -407
core   0: 3 0x80009584 (0xe69fe893) x17 0xfffffe7b
core   0: 0x80009588 (0x01e2ccb3) xor     s9, t0, t5
core   0: 3 0x80009588 (0x01e2ccb3) x25 0x07f53000
core   0: 0x8000958c (0x40a9d233) sra     tp, s3, a0
core   0: 3 0x8000958c (0x40a9d233) x 4 0x00000000
core   0: 0x80009590 (0x39794837) lui     a6, 0x39794
core   0: 3 0x80009590 (0x39794837) x16 0x39794000
core   0: 0x80009594 (0x01be1113) slli    sp, t3, 27
core   0: 3 0x80009594 (0x01be1113) x 2 0x70000000
core   0: 0x80009598 (0x00f16eb3) or      t4, sp, a5
core   0: 3 0x80009598 (0x00f16eb3) x29 0x70000000
core   0: 0x8000959c (0xe5382893) slti    a7, a6, -429
core   0: 3 0x8000959c (0xe5382893) x17 0x00000000
core   0: 0x800095a0 (0x019a1993) slli    s3, s4, 25
core   0: 3 0x800095a0 (0x019a1993) x19 0xfe000000
core   0: 0x800095a4 (0x00000013) nop
core   0: 3 0x800095a4 (0x00000013)
core   0: 0x800095a8 (0xad71a693) slti    a3, gp, -1321
core   0: 3 0x800095a8 (0xad71a693) x13 0x00000001
core   0: 0x800095ac (0xc85b2e97) auipc   t4, 0xc85b2
core   0: 3 0x800095ac (0xc85b2e97) x29 0x485bb5ac
core   0: 0x800095b0 (0x409155b3) sra     a1, sp, s1
core   0: 3 0x800095b0 (0x409155b3) x11 0x01c00000
core   0: 0x800095b4 (0x7a6fc913) xori    s2, t6, 1958
core   0: 3 0x800095b4 (0x7a6fc913) x18 0x000005d5
core   0: 0x800095b8 (0x01071cb3) sll     s9, a4, a6
core   0: 3 0x800095b8 (0x01071cb3) x25 0x8f314df6
core   0: 0x800095bc (0x0196f433) and     s0, a3, s9
core   0: 3 0x800095bc (0x0196f433) x 8 0x00000000
core   0: 0x800095c0 (0xf3fa3713) sltiu   a4, s4, -193
core   0: 3 0x800095c0 (0xf3fa3713) x14 0x00000000
core   0: 0x800095c4 (0x41e0d793) srai    a5, ra, 30
core   0: 3 0x800095c4 (0x41e0d793) x15 0xfffffffe
core   0: 0x800095c8 (0x41ead733) sra     a4, s5, t5
core   0: 3 0x800095c8 (0x41ead733) x14 0x8001488e
core   0: 0x800095cc (0xb25f4f13) xori    t5, t5, -1243
core   0: 3 0x800095cc (0xb25f4f13) x30 0x28665b25
core   0: 0x800095d0 (0xb2687d93) andi    s11, a6, -1242
core   0: 3 0x800095d0 (0xb2687d93) x27 0x39794000
core   0: 0x800095d4 (0x62fce493) ori     s1, s9, 1583
core   0: 3 0x800095d4 (0x62fce493) x 9 0x8f314fff
core   0: 0x800095d8 (0x41c705b3) sub     a1, a4, t3
core   0: 3 0x800095d8 (0x41c705b3) x11 0x80014c60
core   0: 0x800095dc (0x6ec5a593) slti    a1, a1, 1772
core   0: 3 0x800095dc (0x6ec5a593) x11 0x00000001
core   0: 0x800095e0 (0x419cd113) srai    sp, s9, 25
core   0: 3 0x800095e0 (0x419cd113) x 2 0xffffffc7
core   0: 0x800095e4 (0x00797cb3) and     s9, s2, t2
core   0: 3 0x800095e4 (0x00797cb3) x25 0x00000000
core   0: 0x800095e8 (0xe6553293) sltiu   t0, a0, -411
core   0: 3 0x800095e8 (0xe6553293) x 5 0x00000001
core   0: 0x800095ec (0xc782ce13) xori    t3, t0, -904
core   0: 3 0x800095ec (0xc782ce13) x28 0xfffffc79
core   0: 0x800095f0 (0xb78e2697) auipc   a3, 0xb78e2
core   0: 3 0x800095f0 (0xb78e2697) x13 0x378eb5f0
core   0: 0x800095f4 (0x00ae5cb3) srl     s9, t3, a0
core   0: 3 0x800095f4 (0x00ae5cb3) x25 0x0fffffc7
core   0: 0x800095f8 (0xec74b913) sltiu   s2, s1, -313
core   0: 3 0x800095f8 (0xec74b913) x18 0x00000001
core   0: 0x800095fc (0x41968fb3) sub     t6, a3, s9
core   0: 3 0x800095fc (0x41968fb3) x31 0x278eb629
core   0: 0x80009600 (0x414d0c33) sub     s8, s10, s4
core   0: 3 0x80009600 (0x414d0c33) x24 0x00020005
core   0: 0x80009604 (0x00d05c93) srli    s9, zero, 13
core   0: 3 0x80009604 (0x00d05c93) x25 0x00000000
core   0: 0x80009608 (0x4189d233) sra     tp, s3, s8
core   0: 3 0x80009608 (0x4189d233) x 4 0xfff00000
core   0: 0x8000960c (0x8929f593) andi    a1, s3, -1902
core   0: 3 0x8000960c (0x8929f593) x11 0xfe000000
core   0: 0x80009610 (0x40e55193) srai    gp, a0, 14
core   0: 3 0x80009610 (0x40e55193) x 3 0xfffe0004
core   0: 0x80009614 (0x00dcf133) and     sp, s9, a3
core   0: 3 0x80009614 (0x00dcf133) x 2 0x00000000
core   0: 0x80009618 (0x00499cb3) sll     s9, s3, tp
core   0: 3 0x80009618 (0x00499cb3) x25 0xfe000000
core   0: 0x8000961c (0x400759b3) sra     s3, a4, zero
core   0: 3 0x8000961c (0x400759b3) x19 0x8001488e
core   0: 0x80009620 (0xe8a8c193) xori    gp, a7, -374
core   0: 3 0x80009620 (0xe8a8c193) x 3 0xfffffe8a
core   0: 0x80009624 (0x01278db3) add     s11, a5, s2
core   0: 3 0x80009624 (0x01278db3) x27 0xffffffff
core   0: 0x80009628 (0x00000013) nop
core   0: 3 0x80009628 (0x00000013)
core   0: 0x8000962c (0x01f59033) sll     zero, a1, t6
core   0: 3 0x8000962c (0x01f59033)
core   0: 0x80009630 (0x16a6ba93) sltiu   s5, a3, 362
core   0: 3 0x80009630 (0x16a6ba93) x21 0x00000000
core   0: 0x80009634 (0x0079e0b3) or      ra, s3, t2
core   0: 3 0x80009634 (0x0079e0b3) x 1 0x8001488e
core   0: 0x80009638 (0x00d60bb3) add     s7, a2, a3
core   0: 3 0x80009638 (0x00d60bb3) x23 0x999c25d6
core   0: 0x8000963c (0x40895093) srai    ra, s2, 8
core   0: 3 0x8000963c (0x40895093) x 1 0x00000000
core   0: 0x80009640 (0x019ff133) and     sp, t6, s9
core   0: 3 0x80009640 (0x019ff133) x 2 0x26000000
core   0: 0x80009644 (0x560ab593) sltiu   a1, s5, 1376
core   0: 3 0x80009644 (0x560ab593) x11 0x00000001
core   0: 0x80009648 (0x3b8e3e93) sltiu   t4, t3, 952
core   0: 3 0x80009648 (0x3b8e3e93) x29 0x00000000
core   0: 0x8000964c (0x00d10633) add     a2, sp, a3
core   0: 3 0x8000964c (0x00d10633) x12 0x5d8eb5f0
core   0: 0x80009650 (0xfd6b6217) auipc   tp, 0xfd6b6
core   0: 3 0x80009650 (0xfd6b6217) x 4 0x7d6bf650
core   0: 0x80009654 (0x40d50fb3) sub     t6, a0, a3
core   0: 3 0x80009654 (0x40d50fb3) x31 0x48725874
core   0: 0x80009658 (0x01aa9013) slli    zero, s5, 26
core   0: 3 0x80009658 (0x01aa9013)
core   0: 0x8000965c (0x00b7bd33) sltu    s10, a5, a1
core   0: 3 0x8000965c (0x00b7bd33) x26 0x00000000
core   0: 0x80009660 (0x59315e17) auipc   t3, 0x59315
core   0: 3 0x80009660 (0x59315e17) x28 0xd931e660
core   0: 0x80009664 (0x016d17b3) sll     a5, s10, s6
core   0: 3 0x80009664 (0x016d17b3) x15 0x00000000
core   0: 0x80009668 (0x27a4bd17) auipc   s10, 0x27a4b
core   0: 3 0x80009668 (0x27a4bd17) x26 0xa7a54668
core   0: 0x8000966c (0x0107e9b3) or      s3, a5, a6
core   0: 3 0x8000966c (0x0107e9b3) x19 0x39794000
core   0: 0x80009670 (0x01aba8b3) slt     a7, s7, s10
core   0: 3 0x80009670 (0x01aba8b3) x17 0x00000001
core   0: 0x80009674 (0x53a12097) auipc   ra, 0x53a12
core   0: 3 0x80009674 (0x53a12097) x 1 0xd3a1b674
core   0: 0x80009678 (0x7dee6c13) ori     s8, t3, 2014
core   0: 3 0x80009678 (0x7dee6c13) x24 0xd931e7fe
core   0: 0x8000967c (0x9e1f7a93) andi    s5, t5, -1567
core   0: 3 0x8000967c (0x9e1f7a93) x21 0x28665921
core   0: 0x80009680 (0x3b67fe97) auipc   t4, 0x3b67f
core   0: 3 0x80009680 (0x3b67fe97) x29 0xbb688680
core   0: 0x80009684 (0x01e66433) or      s0, a2, t5
core   0: 3 0x80009684 (0x01e66433) x 8 0x7deefff5
core   0: 0x80009688 (0x007a1113) slli    sp, s4, 7
core   0: 3 0x80009688 (0x007a1113) x 2 0xffffff80
core   0: 0x8000968c (0xc2040093) addi    ra, s0, -992
core   0: 3 0x8000968c (0xc2040093) x 1 0x7deefc15
core   0: 0x80009690 (0x008596b3) sll     a3, a1, s0
core   0: 3 0x80009690 (0x008596b3) x13 0x00200000
core   0: 0x80009694 (0x00173f33) sltu    t5, a4, ra
core   0: 3 0x80009694 (0x00173f33) x30 0x00000000
core   0: 0x80009698 (0x01d2b833) sltu    a6, t0, t4
core   0: 3 0x80009698 (0x01d2b833) x16 0x00000001
core   0: 0x8000969c (0x2c722e13) slti    t3, tp, 711
core   0: 3 0x8000969c (0x2c722e13) x28 0x00000000
core   0: 0x800096a0 (0x04e66993) ori     s3, a2, 78
core   0: 3 0x800096a0 (0x04e66993) x19 0x5d8eb5fe
core   0: 0x800096a4 (0x018f0a33) add     s4, t5, s8
core   0: 3 0x800096a4 (0x018f0a33) x20 0xd931e7fe
core   0: 0x800096a8 (0x765ca493) slti    s1, s9, 1893
core   0: 3 0x800096a8 (0x765ca493) x 9 0x00000001
core   0: 0x800096ac (0x4157da13) srai    s4, a5, 21
core   0: 3 0x800096ac (0x4157da13) x20 0x00000000
core   0: 0x800096b0 (0x01b34bb3) xor     s7, t1, s11
core   0: 3 0x800096b0 (0x01b34bb3) x23 0x7ffeb31b
core   0: 0x800096b4 (0x00b9cd33) xor     s10, s3, a1
core   0: 3 0x800096b4 (0x00b9cd33) x26 0x5d8eb5ff
core   0: 0x800096b8 (0xd1785917) auipc   s2, 0xd1785
core   0: 3 0x800096b8 (0xd1785917) x18 0x5178e6b8
core   0: 0x800096bc (0x40695013) srai    zero, s2, 6
core   0: 3 0x800096bc (0x40695013)
core   0: 0x800096c0 (0xdf764693) xori    a3, a2, -521
core   0: 3 0x800096c0 (0xdf764693) x13 0xa2714807
core   0: 0x800096c4 (0x00278733) add     a4, a5, sp
core   0: 3 0x800096c4 (0x00278733) x14 0xffffff80
core   0: 0x800096c8 (0x00a1f6b3) and     a3, gp, a0
core   0: 3 0x800096c8 (0x00a1f6b3) x13 0x80010e00
core   0: 0x800096cc (0x8c544d93) xori    s11, s0, -1851
core   0: 3 0x800096cc (0x8c544d93) x27 0x82110730
core   0: 0x800096d0 (0x5db74a13) xori    s4, a4, 1499
core   0: 3 0x800096d0 (0x5db74a13) x20 0xfffffa5b
core   0: 0x800096d4 (0x01510133) add     sp, sp, s5
core   0: 3 0x800096d4 (0x01510133) x 2 0x286658a1
core   0: 0x800096d8 (0x9c873b13) sltiu   s6, a4, -1592
core   0: 3 0x800096d8 (0x9c873b13) x22 0x00000000
core   0: 0x800096dc (0xdad0c193) xori    gp, ra, -595
core   0: 3 0x800096dc (0xdad0c193) x 3 0x821101b8
core   0: 0x800096e0 (0x00c1de13) srli    t3, gp, 12
core   0: 3 0x800096e0 (0x00c1de13) x28 0x00082110
core   0: 0x800096e4 (0x00b84c33) xor     s8, a6, a1
core   0: 3 0x800096e4 (0x00b84c33) x24 0x00000000
core   0: 0x800096e8 (0xaaf10793) addi    a5, sp, -1361
core   0: 3 0x800096e8 (0xaaf10793) x15 0x28665350
core   0: 0x800096ec (0x00115713) srli    a4, sp, 1
core   0: 3 0x800096ec (0x00115713) x14 0x14332c50
core   0: 0x800096f0 (0x004838b3) sltu    a7, a6, tp
core   0: 3 0x800096f0 (0x004838b3) x17 0x00000001
core   0: 0x800096f4 (0x00ce27b3) slt     a5, t3, a2
core   0: 3 0x800096f4 (0x00ce27b3) x15 0x00000001
core   0: 0x800096f8 (0x40792413) slti    s0, s2, 1031
core   0: 3 0x800096f8 (0x40792413) x 8 0x00000000
core   0: 0x800096fc (0x7bb99937) lui     s2, 0x7bb99
core   0: 3 0x800096fc (0x7bb99937) x18 0x7bb99000
core   0: 0x80009700 (0x40dddd13) srai    s10, s11, 13
core   0: 3 0x80009700 (0x40dddd13) x26 0xfffc1088
core   0: 0x80009704 (0x01c708b3) add     a7, a4, t3
core   0: 3 0x80009704 (0x01c708b3) x17 0x143b4d60
core   0: 0x80009708 (0x01194033) xor     zero, s2, a7
core   0: 3 0x80009708 (0x01194033)
core   0: 0x8000970c (0x42d6ee93) ori     t4, a3, 1069
core   0: 3 0x8000970c (0x42d6ee93) x29 0x80010e2d
core   0: 0x80009710 (0xfd30d5b7) lui     a1, 0xfd30d
core   0: 3 0x80009710 (0xfd30d5b7) x11 0xfd30d000
core   0: 0x80009714 (0x7e158593) addi    a1, a1, 2017
core   0: 3 0x80009714 (0x7e158593) x11 0xfd30d7e1
core   0: 0x80009718 (0xfff00213) li      tp, -1
core   0: 3 0x80009718 (0xfff00213) x 4 0xffffffff
core   0: 0x8000971c (0x00000293) li      t0, 0
core   0: 3 0x8000971c (0x00000293) x 5 0x00000000
core   0: 0x80009720 (0xfff00113) li      sp, -1
core   0: 3 0x80009720 (0xfff00113) x 2 0xffffffff
core   0: 0x80009724 (0xfff00413) li      s0, -1
core   0: 3 0x80009724 (0xfff00413) x 8 0xffffffff
core   0: 0x80009728 (0x0716f4b7) lui     s1, 0x716f
core   0: 3 0x80009728 (0x0716f4b7) x 9 0x0716f000
core   0: 0x8000972c (0x46e48493) addi    s1, s1, 1134
core   0: 3 0x8000972c (0x46e48493) x 9 0x0716f46e
core   0: 0x80009730 (0xfff00a13) li      s4, -1
core   0: 3 0x80009730 (0xfff00a13) x20 0xffffffff
core   0: 0x80009734 (0xfff00913) li      s2, -1
core   0: 3 0x80009734 (0xfff00913) x18 0xffffffff
core   0: 0x80009738 (0xfff00d93) li      s11, -1
core   0: 3 0x80009738 (0xfff00d93) x27 0xffffffff
core   0: 0x8000973c (0x12259fb7) lui     t6, 0x12259
core   0: 3 0x8000973c (0x12259fb7) x31 0x12259000
core   0: 0x80009740 (0xcaaf8f93) addi    t6, t6, -854
core   0: 3 0x80009740 (0xcaaf8f93) x31 0x12258caa
core   0: 0x80009744 (0x6540d417) auipc   s0, 0x6540d
core   0: 3 0x80009744 (0x6540d417) x 8 0xe5416744
core   0: 0x80009748 (0x00b20db3) add     s11, tp, a1
core   0: 3 0x80009748 (0x00b20db3) x27 0xfd30d7e0
core   0: 0x8000974c (0x717f8293) addi    t0, t6, 1815
core   0: 3 0x8000974c (0x717f8293) x 5 0x122593c1
core   0: 0x80009750 (0xa5d40113) addi    sp, s0, -1443
core   0: 3 0x80009750 (0xa5d40113) x 2 0xe54161a1
core   0: 0x80009754 (0x005f8db3) add     s11, t6, t0
core   0: 3 0x80009754 (0x005f8db3) x27 0x244b206b
core   0: 0x80009758 (0x408d8133) sub     sp, s11, s0
core   0: 3 0x80009758 (0x408d8133) x 2 0x3f09b927
core   0: 0x8000975c (0x41bf8133) sub     sp, t6, s11
core   0: 3 0x8000975c (0x41bf8133) x 2 0xedda6c3f
core   0: 0x80009760 (0x402a0db3) sub     s11, s4, sp
core   0: 3 0x80009760 (0x402a0db3) x27 0x122593c0
core   0: 0x80009764 (0x00448a33) add     s4, s1, tp
core   0: 3 0x80009764 (0x00448a33) x20 0x0716f46d
core   0: 0x80009768 (0x42e99437) lui     s0, 0x42e99
core   0: 3 0x80009768 (0x42e99437) x 8 0x42e99000
core   0: 0x8000976c (0x41b58133) sub     sp, a1, s11
core   0: 3 0x8000976c (0x41b58133) x 2 0xeb0b4421
core   0: 0x80009770 (0x553f8d93) addi    s11, t6, 1363
core   0: 3 0x80009770 (0x553f8d93) x27 0x122591fd
core   0: 0x80009774 (0x00848db3) add     s11, s1, s0
core   0: 3 0x80009774 (0x00848db3) x27 0x4a00846e
core   0: 0x80009778 (0x0e92f2b7) lui     t0, 0xe92f
core   0: 3 0x80009778 (0x0e92f2b7) x 5 0x0e92f000
core   0: 0x8000977c (0x17010f93) addi    t6, sp, 368
core   0: 3 0x8000977c (0x17010f93) x31 0xeb0b4591
core   0: 0x80009780 (0x00000013) nop
core   0: 3 0x80009780 (0x00000013)
core   0: 0x80009784 (0x009f8fb3) add     t6, t6, s1
core   0: 3 0x80009784 (0x009f8fb3) x31 0xf22239ff
core   0: 0x80009788 (0x121ec2b7) lui     t0, 0x121ec
core   0: 3 0x80009788 (0x121ec2b7) x 5 0x121ec000
core   0: 0x8000978c (0x6854bfb7) lui     t6, 0x6854b
core   0: 3 0x8000978c (0x6854bfb7) x31 0x6854b000
core   0: 0x80009790 (0x24ff0597) auipc   a1, 0x24ff0
core   0: 3 0x80009790 (0x24ff0597) x11 0xa4ff9790
core   0: 0x80009794 (0x8f613db7) lui     s11, 0x8f613
core   0: 3 0x80009794 (0x8f613db7) x27 0x8f613000
core   0: 0x80009798 (0x223b15b7) lui     a1, 0x223b1
core   0: 3 0x80009798 (0x223b15b7) x11 0x223b1000
core   0: 0x8000979c (0x00428233) add     tp, t0, tp
core   0: 3 0x8000979c (0x00428233) x 4 0x121ebfff
core   0: 0x800097a0 (0x402d8933) sub     s2, s11, sp
core   0: 3 0x800097a0 (0x402d8933) x18 0xa455ebdf
core   0: 0x800097a4 (0x1daf8113) addi    sp, t6, 474
core   0: 3 0x800097a4 (0x1daf8113) x 2 0x6854b1da
core   0: 0x800097a8 (0x3e8d8a93) addi    s5, s11, 1000
core   0: 3 0x800097a8 (0x3e8d8a93) x21 0x8f6133e8
core   0: 0x800097ac (0x41618c33) sub     s8, gp, s6
core   0: 3 0x800097ac (0x41618c33) x24 0x821101b8
core   0: 0x800097b0 (0x0136ad33) slt     s10, a3, s3
core   0: 3 0x800097b0 (0x0136ad33) x26 0x00000001
core   0: 0x800097b4 (0x01765793) srli    a5, a2, 23
core   0: 3 0x800097b4 (0x01765793) x15 0x000000bb
core   0: 0x800097b8 (0x51c60f93) addi    t6, a2, 1308
core   0: 3 0x800097b8 (0x51c60f93) x31 0x5d8ebb0c
core   0: 0x800097bc (0x7c270c13) addi    s8, a4, 1986
core   0: 3 0x800097bc (0x7c270c13) x24 0x14333412
core   0: 0x800097c0 (0x0159abb3) slt     s7, s3, s5
core   0: 3 0x800097c0 (0x0159abb3) x23 0x00000000
core   0: 0x800097c4 (0x00df4833) xor     a6, t5, a3
core   0: 3 0x800097c4 (0x00df4833) x16 0x80010e00
core   0: 0x800097c8 (0x90ec2eb7) lui     t4, 0x90ec2
core   0: 3 0x800097c8 (0x90ec2eb7) x29 0x90ec2000
core   0: 0x800097cc (0x597df993) andi    s3, s11, 1431
core   0: 3 0x800097cc (0x597df993) x19 0x00000000
core   0: 0x800097d0 (0x404d5c33) sra     s8, s10, tp
core   0: 3 0x800097d0 (0x404d5c33) x24 0x00000000
core   0: 0x800097d4 (0x40135033) sra     zero, t1, ra
core   0: 3 0x800097d4 (0x40135033)
core   0: 0x800097d8 (0x014d5e93) srli    t4, s10, 20
core   0: 3 0x800097d8 (0x014d5e93) x29 0x00000000
core   0: 0x800097dc (0x00193933) sltu    s2, s2, ra
core   0: 3 0x800097dc (0x00193933) x18 0x00000000
core   0: 0x800097e0 (0x0198da33) srl     s4, a7, s9
core   0: 3 0x800097e0 (0x0198da33) x20 0x143b4d60
core   0: 0x800097e4 (0x9ab9b413) sltiu   s0, s3, -1621
core   0: 3 0x800097e4 (0x9ab9b413) x 8 0x00000001
core   0: 0x800097e8 (0x0f8cdab7) lui     s5, 0xf8cd
core   0: 3 0x800097e8 (0x0f8cdab7) x21 0x0f8cd000
core   0: 0x800097ec (0x00692d33) slt     s10, s2, t1
core   0: 3 0x800097ec (0x00692d33) x26 0x00000000
core   0: 0x800097f0 (0x0009a833) slt     a6, s3, zero
core   0: 3 0x800097f0 (0x0009a833) x16 0x00000000
core   0: 0x800097f4 (0x01d49a33) sll     s4, s1, t4
core   0: 3 0x800097f4 (0x01d49a33) x20 0x0716f46e
core   0: 0x800097f8 (0x419cd5b3) sra     a1, s9, s9
core   0: 3 0x800097f8 (0x419cd5b3) x11 0xfe000000
core   0: 0x800097fc (0x00145013) srli    zero, s0, 1
core   0: 3 0x800097fc (0x00145013)
core   0: 0x80009800 (0x0093ac33) slt     s8, t2, s1
core   0: 3 0x80009800 (0x0093ac33) x24 0x00000001
core   0: 0x80009804 (0x00861733) sll     a4, a2, s0
core   0: 3 0x80009804 (0x00861733) x14 0xbb1d6be0
core   0: 0x80009808 (0x007608b3) add     a7, a2, t2
core   0: 3 0x80009808 (0x007608b3) x17 0xdd8eb5f0
core   0: 0x8000980c (0x003b1413) slli    s0, s6, 3
core   0: 3 0x8000980c (0x003b1413) x 8 0x00000000
core   0: 0x80009810 (0x417801b3) sub     gp, a6, s7
core   0: 3 0x80009810 (0x417801b3) x 3 0x00000000
core   0: 0x80009814 (0x01e1d193) srli    gp, gp, 30
core   0: 3 0x80009814 (0x01e1d193) x 3 0x00000000
core   0: 0x80009818 (0x011d8fb3) add     t6, s11, a7
core   0: 3 0x80009818 (0x011d8fb3) x31 0x6cefe5f0
core   0: 0x8000981c (0x3119bc37) lui     s8, 0x3119b
core   0: 3 0x8000981c (0x3119bc37) x24 0x3119b000
core   0: 0x80009820 (0x3b286213) ori     tp, a6, 946
core   0: 3 0x80009820 (0x3b286213) x 4 0x000003b2
core   0: 0x80009824 (0xfe16cc93) xori    s9, a3, -31
core   0: 3 0x80009824 (0xfe16cc93) x25 0x7ffef1e1
core   0: 0x80009828 (0x58c62197) auipc   gp, 0x58c62
core   0: 3 0x80009828 (0x58c62197) x 3 0xd8c6b828
core   0: 0x8000982c (0x01521c93) slli    s9, tp, 21
core   0: 3 0x8000982c (0x01521c93) x25 0x76400000
core   0: 0x80009830 (0x41e98e33) sub     t3, s3, t5
core   0: 3 0x80009830 (0x41e98e33) x28 0x00000000
core   0: 0x80009834 (0xc9e0bb13) sltiu   s6, ra, -866
core   0: 3 0x80009834 (0xc9e0bb13) x22 0x00000001
core   0: 0x80009838 (0x01482ab3) slt     s5, a6, s4
core   0: 3 0x80009838 (0x01482ab3) x21 0x00000001
core   0: 0x8000983c (0x414350b3) sra     ra, t1, s4
core   0: 3 0x8000983c (0x414350b3) x 1 0xfffe0005
core   0: 0x80009840 (0x0004b4b3) sltu    s1, s1, zero
core   0: 3 0x80009840 (0x0004b4b3) x 9 0x00000000
core   0: 0x80009844 (0x00e29693) slli    a3, t0, 14
core   0: 3 0x80009844 (0x00e29693) x13 0xb0000000
core   0: 0x80009848 (0x00000013) nop
core   0: 3 0x80009848 (0x00000013)
core   0: 0x8000984c (0x000b1293) slli    t0, s6, 0
core   0: 3 0x8000984c (0x000b1293) x 5 0x00000001
core   0: 0x80009850 (0x017a38b3) sltu    a7, s4, s7
core   0: 3 0x80009850 (0x017a38b3) x17 0x00000000
core   0: 0x80009854 (0x0115adb3) slt     s11, a1, a7
core   0: 3 0x80009854 (0x0115adb3) x27 0x00000001
core   0: 0x80009858 (0xef7def97) auipc   t6, 0xef7de
core   0: 3 0x80009858 (0xef7def97) x31 0x6f7e7858
core   0: 0x8000985c (0xd0b4ceb7) lui     t4, 0xd0b4c
core   0: 3 0x8000985c (0xd0b4ceb7) x29 0xd0b4c000
core   0: 0x80009860 (0x19aba593) slti    a1, s7, 410
core   0: 3 0x80009860 (0x19aba593) x11 0x00000001
core   0: 0x80009864 (0xca18ce93) xori    t4, a7, -863
core   0: 3 0x80009864 (0xca18ce93) x29 0xfffffca1
core   0: 0x80009868 (0x40af5913) srai    s2, t5, 10
core   0: 3 0x80009868 (0x40af5913) x18 0x00000000
core   0: 0x8000986c (0x3e626197) auipc   gp, 0x3e626
core   0: 3 0x8000986c (0x3e626197) x 3 0xbe62f86c
core   0: 0x80009870 (0xe2ecfb93) andi    s7, s9, -466
core   0: 3 0x80009870 (0xe2ecfb93) x23 0x76400000
core   0: 0x80009874 (0x2be94c13) xori    s8, s2, 702
core   0: 3 0x80009874 (0x2be94c13) x24 0x000002be
core   0: 0x80009878 (0x68a3cc93) xori    s9, t2, 1674
core   0: 3 0x80009878 (0x68a3cc93) x25 0x8000068a
core   0: 0x8000987c (0x01c62f33) slt     t5, a2, t3
core   0: 3 0x8000987c (0x01c62f33) x30 0x00000000
core   0: 0x80009880 (0xcd5d2613) slti    a2, s10, -811
core   0: 3 0x80009880 (0xcd5d2613) x12 0x00000000
core   0: 0x80009884 (0x00305833) srl     a6, zero, gp
core   0: 3 0x80009884 (0x00305833) x16 0x00000000
core   0: 0x80009888 (0x010b8d33) add     s10, s7, a6
core   0: 3 0x80009888 (0x010b8d33) x26 0x76400000
core   0: 0x8000988c (0x01179093) slli    ra, a5, 17
core   0: 3 0x8000988c (0x01179093) x 1 0x01760000
core   0: 0x80009890 (0xaff3cb13) xori    s6, t2, -1281
core   0: 3 0x80009890 (0xaff3cb13) x22 0x7ffffaff
core   0: 0x80009894 (0x41aa8b33) sub     s6, s5, s10
core   0: 3 0x80009894 (0x41aa8b33) x22 0x89c00001
core   0: 0x80009898 (0x44038a93) addi    s5, t2, 1088
core   0: 3 0x80009898 (0x44038a93) x21 0x80000440
core   0: 0x8000989c (0x40b2da13) srai    s4, t0, 11
core   0: 3 0x8000989c (0x40b2da13) x20 0x00000000
core   0: 0x800098a0 (0xf9d9e917) auipc   s2, 0xf9d9e
core   0: 3 0x800098a0 (0xf9d9e917) x18 0x79da78a0
core   0: 0x800098a4 (0x01be4ab3) xor     s5, t3, s11
core   0: 3 0x800098a4 (0x01be4ab3) x21 0x00000001
core   0: 0x800098a8 (0x017bd1b3) srl     gp, s7, s7
core   0: 3 0x800098a8 (0x017bd1b3) x 3 0x76400000
core   0: 0x800098ac (0x40315a93) srai    s5, sp, 3
core   0: 3 0x800098ac (0x40315a93) x21 0x0d0a963b
core   0: 0x800098b0 (0x2072bb13) sltiu   s6, t0, 519
core   0: 3 0x800098b0 (0x2072bb13) x22 0x00000001
core   0: 0x800098b4 (0x01c34733) xor     a4, t1, t3
core   0: 3 0x800098b4 (0x01c34733) x14 0x80014ce4
core   0: 0x800098b8 (0xf1b6cdb7) lui     s11, 0xf1b6c
core   0: 3 0x800098b8 (0xf1b6cdb7) x27 0xf1b6c000
core   0: 0x800098bc (0x00afd893) srli    a7, t6, 10
core   0: 3 0x800098bc (0x00afd893) x17 0x001bdf9e
core   0: 0x800098c0 (0x00e65113) srli    sp, a2, 14
core   0: 3 0x800098c0 (0x00e65113) x 2 0x00000000
core   0: 0x800098c4 (0x00b53e33) sltu    t3, a0, a1
core   0: 3 0x800098c4 (0x00b53e33) x28 0x00000000
core   0: 0x800098c8 (0x003f50b3) srl     ra, t5, gp
core   0: 3 0x800098c8 (0x003f50b3) x 1 0x00000000
core   0: 0x800098cc (0x00000013) nop
core   0: 3 0x800098cc (0x00000013)
core   0: 0x800098d0 (0x61320193) addi    gp, tp, 1555
core   0: 3 0x800098d0 (0x61320193) x 3 0x000009c5
core   0: 0x800098d4 (0x005505b3) add     a1, a0, t0
core   0: 3 0x800098d4 (0x005505b3) x11 0x80010e65
core   0: 0x800098d8 (0x1961b613) sltiu   a2, gp, 406
core   0: 3 0x800098d8 (0x1961b613) x12 0x00000000
core   0: 0x800098dc (0x00c34633) xor     a2, t1, a2
core   0: 3 0x800098dc (0x00c34633) x12 0x80014ce4
core   0: 0x800098e0 (0xedf62f13) slti    t5, a2, -289
core   0: 3 0x800098e0 (0xedf62f13) x30 0x00000001
core   0: 0x800098e4 (0x1d0aa913) slti    s2, s5, 464
core   0: 3 0x800098e4 (0x1d0aa913) x18 0x00000000
core   0: 0x800098e8 (0x85ef0e17) auipc   t3, 0x85ef0
core   0: 3 0x800098e8 (0x85ef0e17) x28 0x05ef98e8
core   0: 0x800098ec (0x77a6b593) sltiu   a1, a3, 1914
core   0: 3 0x800098ec (0x77a6b593) x11 0x00000000
core   0: 0x800098f0 (0x00000013) nop
core   0: 3 0x800098f0 (0x00000013)
core   0: 0x800098f4 (0x00e8dd33) srl     s10, a7, a4
core   0: 3 0x800098f4 (0x00e8dd33) x26 0x0001bdf9
core   0: 0x800098f8 (0x0060ebb3) or      s7, ra, t1
core   0: 3 0x800098f8 (0x0060ebb3) x23 0x80014ce4
core   0: 0x800098fc (0x40fbdb13) srai    s6, s7, 15
core   0: 3 0x800098fc (0x40fbdb13) x22 0xffff0002
core   0: 0x80009900 (0x01893133) sltu    sp, s2, s8
core   0: 3 0x80009900 (0x01893133) x 2 0x00000001
core   0: 0x80009904 (0x41e35113) srai    sp, t1, 30
core   0: 3 0x80009904 (0x41e35113) x 2 0xfffffffe
core   0: 0x80009908 (0x00dd19b3) sll     s3, s10, a3
core   0: 3 0x80009908 (0x00dd19b3) x19 0x0001bdf9
core   0: 0x8000990c (0xe3854813) xori    a6, a0, -456
core   0: 3 0x8000990c (0xe3854813) x16 0x7ffef05c
core   0: 0x80009910 (0x409c0833) sub     a6, s8, s1
core   0: 3 0x80009910 (0x409c0833) x16 0x000002be
core   0: 0x80009914 (0x01531193) slli    gp, t1, 21
core   0: 3 0x80009914 (0x01531193) x 3 0x9c800000
core   0: 0x80009918 (0x4ef4fe97) auipc   t4, 0x4ef4f
core   0: 3 0x80009918 (0x4ef4fe97) x29 0xcef58918
core   0: 0x8000991c (0xbb4d68b7) lui     a7, 0xbb4d6
core   0: 3 0x8000991c (0xbb4d68b7) x17 0xbb4d6000
core   0: 0x80009920 (0x4167d693) srai    a3, a5, 22
core   0: 3 0x80009920 (0x4167d693) x13 0x00000000
core   0: 0x80009924 (0x009e4033) xor     zero, t3, s1
core   0: 3 0x80009924 (0x009e4033)
core   0: 0x80009928 (0x0134f4b3) and     s1, s1, s3
core   0: 3 0x80009928 (0x0134f4b3) x 9 0x00000000
core   0: 0x8000992c (0x01291213) slli    tp, s2, 18
core   0: 3 0x8000992c (0x01291213) x 4 0x00000000
core   0: 0x80009930 (0x01451593) slli    a1, a0, 20
core   0: 3 0x80009930 (0x01451593) x11 0xe6400000
core   0: 0x80009934 (0x01caa137) lui     sp, 0x1caa
core   0: 3 0x80009934 (0x01caa137) x 2 0x01caa000
core   0: 0x80009938 (0x4000d133) sra     sp, ra, zero
core   0: 3 0x80009938 (0x4000d133) x 2 0x00000000
core   0: 0x8000993c (0x0038f1b3) and     gp, a7, gp
core   0: 3 0x8000993c (0x0038f1b3) x 3 0x98000000
core   0: 0x80009940 (0x00e75597) auipc   a1, 0xe75
core   0: 3 0x80009940 (0x00e75597) x11 0x80e7e940
core   0: 0x80009944 (0x007030b3) snez    ra, t2
core   0: 3 0x80009944 (0x007030b3) x 1 0x00000001
core   0: 0x80009948 (0x39e90b17) auipc   s6, 0x39e90
core   0: 3 0x80009948 (0x39e90b17) x22 0xb9e99948
core   0: 0x8000994c (0x4180d833) sra     a6, ra, s8
core   0: 3 0x8000994c (0x4180d833) x16 0x00000000
core   0: 0x80009950 (0x009d4433) xor     s0, s10, s1
core   0: 3 0x80009950 (0x009d4433) x 8 0x0001bdf9
core   0: 0x80009954 (0x041fbe13) sltiu   t3, t6, 65
core   0: 3 0x80009954 (0x041fbe13) x28 0x00000000
core   0: 0x80009958 (0x7f316e13) ori     t3, sp, 2035
core   0: 3 0x80009958 (0x7f316e13) x28 0x000007f3
core   0: 0x8000995c (0x01d7da13) srli    s4, a5, 29
core   0: 3 0x8000995c (0x01d7da13) x20 0x00000000
core   0: 0x80009960 (0xcebf3b93) sltiu   s7, t5, -789
core   0: 3 0x80009960 (0xcebf3b93) x23 0x00000001
core   0: 0x80009964 (0x0038d9b3) srl     s3, a7, gp
core   0: 3 0x80009964 (0x0038d9b3) x19 0xbb4d6000
core   0: 0x80009968 (0x00056733) or      a4, a0, zero
core   0: 3 0x80009968 (0x00056733) x14 0x80010e64
core   0: 0x8000996c (0x014109b3) add     s3, sp, s4
core   0: 3 0x8000996c (0x014109b3) x19 0x00000000
core   0: 0x80009970 (0x40498733) sub     a4, s3, tp
core   0: 3 0x80009970 (0x40498733) x14 0x00000000
core   0: 0x80009974 (0x015be033) or      zero, s7, s5
core   0: 3 0x80009974 (0x015be033)
core   0: 0x80009978 (0x00b35c33) srl     s8, t1, a1
core   0: 3 0x80009978 (0x00b35c33) x24 0x80014ce4
core   0: 0x8000997c (0x006684b3) add     s1, a3, t1
core   0: 3 0x8000997c (0x006684b3) x 9 0x80014ce4
core   0: 0x80009980 (0x410ad033) sra     zero, s5, a6
core   0: 3 0x80009980 (0x410ad033)
core   0: 0x80009984 (0x00d18cb3) add     s9, gp, a3
core   0: 3 0x80009984 (0x00d18cb3) x25 0x98000000
core   0: 0x80009988 (0x4ea2bb13) sltiu   s6, t0, 1258
core   0: 3 0x80009988 (0x4ea2bb13) x22 0x00000001
core   0: 0x8000998c (0x49c34c93) xori    s9, t1, 1180
core   0: 3 0x8000998c (0x49c34c93) x25 0x80014878
core   0: 0x80009990 (0x440ff413) andi    s0, t6, 1088
core   0: 3 0x80009990 (0x440ff413) x 8 0x00000040
core   0: 0x80009994 (0x003f95b3) sll     a1, t6, gp
core   0: 3 0x80009994 (0x003f95b3) x11 0x6f7e7858
core   0: 0x80009998 (0x018596b3) sll     a3, a1, s8
core   0: 3 0x80009998 (0x018596b3) x13 0xf7e78580
core   0: 0x8000999c (0x3fbaf013) andi    zero, s5, 1019
core   0: 3 0x8000999c (0x3fbaf013)
core   0: 0x800099a0 (0x238ec593) xori    a1, t4, 568
core   0: 3 0x800099a0 (0x238ec593) x11 0xcef58b20
core   0: 0x800099a4 (0x30b6c7b7) lui     a5, 0x30b6c
core   0: 3 0x800099a4 (0x30b6c7b7) x15 0x30b6c000
core   0: 0x800099a8 (0x00000013) nop
core   0: 3 0x800099a8 (0x00000013)
core   0: 0x800099ac (0x3d883d93) sltiu   s11, a6, 984
core   0: 3 0x800099ac (0x3d883d93) x27 0x00000001
core   0: 0x800099b0 (0x5818ce93) xori    t4, a7, 1409
core   0: 3 0x800099b0 (0x5818ce93) x29 0xbb4d6581
core   0: 0x800099b4 (0x047d2593) slti    a1, s10, 71
core   0: 3 0x800099b4 (0x047d2593) x11 0x00000000
core   0: 0x800099b8 (0x007506b3) add     a3, a0, t2
core   0: 3 0x800099b8 (0x007506b3) x13 0x00010e64
core   0: 0x800099bc (0x1046cf93) xori    t6, a3, 260
core   0: 3 0x800099bc (0x1046cf93) x31 0x00010f60
core   0: 0x800099c0 (0x7d123113) sltiu   sp, tp, 2001
core   0: 3 0x800099c0 (0x7d123113) x 2 0x00000001
core   0: 0x800099c4 (0x01e29fb3) sll     t6, t0, t5
core   0: 3 0x800099c4 (0x01e29fb3) x31 0x00000002
core   0: 0x800099c8 (0x4050df13) srai    t5, ra, 5
core   0: 3 0x800099c8 (0x4050df13) x30 0x00000000
core   0: 0x800099cc (0x4de46793) ori     a5, s0, 1246
core   0: 3 0x800099cc (0x4de46793) x15 0x000004de
core   0: 0x800099d0 (0x7b49e417) auipc   s0, 0x7b49e
core   0: 3 0x800099d0 (0x7b49e417) x 8 0xfb4a79d0
core   0: 0x800099d4 (0x00000013) nop
core   0: 3 0x800099d4 (0x00000013)
core   0: 0x800099d8 (0x0087eb13) ori     s6, a5, 8
core   0: 3 0x800099d8 (0x0087eb13) x22 0x000004de
core   0: 0x800099dc (0x01947033) and     zero, s0, s9
core   0: 3 0x800099dc (0x01947033)
core   0: 0x800099e0 (0x410ad493) srai    s1, s5, 16
core   0: 3 0x800099e0 (0x410ad493) x 9 0x00000d0a
core   0: 0x800099e4 (0x41fedab3) sra     s5, t4, t6
core   0: 3 0x800099e4 (0x41fedab3) x21 0xeed35960
core   0: 0x800099e8 (0x57c62293) slti    t0, a2, 1404
core   0: 3 0x800099e8 (0x57c62293) x 5 0x00000001
core   0: 0x800099ec (0x0001efb3) or      t6, gp, zero
core   0: 3 0x800099ec (0x0001efb3) x31 0x98000000
core   0: 0x800099f0 (0x9b087017) auipc   zero, 0x9b087
core   0: 3 0x800099f0 (0x9b087017)
core   0: 0x800099f4 (0x41060613) addi    a2, a2, 1040
core   0: 3 0x800099f4 (0x41060613) x12 0x800150f4
core   0: 0x800099f8 (0xc4338c93) addi    s9, t2, -957
core   0: 3 0x800099f8 (0xc4338c93) x25 0x7ffffc43
core   0: 0x800099fc (0x03b6f193) andi    gp, a3, 59
core   0: 3 0x800099fc (0x03b6f193) x 3 0x00000020
core   0: 0x80009a00 (0x984d8b93) addi    s7, s11, -1660
core   0: 3 0x80009a00 (0x984d8b93) x23 0xfffff985
core   0: 0x80009a04 (0x00648bb3) add     s7, s1, t1
core   0: 3 0x80009a04 (0x00648bb3) x23 0x800159ee
core   0: 0x80009a08 (0x006fd493) srli    s1, t6, 6
core   0: 3 0x80009a08 (0x006fd493) x 9 0x02600000
core   0: 0x80009a0c (0x7561b717) auipc   a4, 0x7561b
core   0: 3 0x80009a0c (0x7561b717) x14 0xf5624a0c
core   0: 0x80009a10 (0x00c8b6b3) sltu    a3, a7, a2
core   0: 3 0x80009a10 (0x00c8b6b3) x13 0x00000000
core   0: 0x80009a14 (0x4161d833) sra     a6, gp, s6
core   0: 3 0x80009a14 (0x4161d833) x16 0x00000000
core   0: 0x80009a18 (0x72d2ba13) sltiu   s4, t0, 1837
core   0: 3 0x80009a18 (0x72d2ba13) x20 0x00000001
core   0: 0x80009a1c (0x8c23fa93) andi    s5, t2, -1854
core   0: 3 0x80009a1c (0x8c23fa93) x21 0x80000000
core   0: 0x80009a20 (0x7e7faf93) slti    t6, t6, 2023
core   0: 3 0x80009a20 (0x7e7faf93) x31 0x00000001
core   0: 0x80009a24 (0x00000013) nop
core   0: 3 0x80009a24 (0x00000013)
core   0: 0x80009a28 (0xd2e73a37) lui     s4, 0xd2e73
core   0: 3 0x80009a28 (0xd2e73a37) x20 0xd2e73000
core   0: 0x80009a2c (0x00000013) nop
core   0: 3 0x80009a2c (0x00000013)
core   0: 0x80009a30 (0x01293b33) sltu    s6, s2, s2
core   0: 3 0x80009a30 (0x01293b33) x22 0x00000000
core   0: 0x80009a34 (0x011fb4b3) sltu    s1, t6, a7
core   0: 3 0x80009a34 (0x011fb4b3) x 9 0x00000001
core   0: 0x80009a38 (0x01308e33) add     t3, ra, s3
core   0: 3 0x80009a38 (0x01308e33) x28 0x00000001
core   0: 0x80009a3c (0x41018d33) sub     s10, gp, a6
core   0: 3 0x80009a3c (0x41018d33) x26 0x00000020
core   0: 0x80009a40 (0x00084633) xor     a2, a6, zero
core   0: 3 0x80009a40 (0x00084633) x12 0x00000000
core   0: 0x80009a44 (0x573f0193) addi    gp, t5, 1395
core   0: 3 0x80009a44 (0x573f0193) x 3 0x00000573
core   0: 0x80009a48 (0x001a4433) xor     s0, s4, ra
core   0: 3 0x80009a48 (0x001a4433) x 8 0xd2e73001
core   0: 0x80009a4c (0x012c16b3) sll     a3, s8, s2
core   0: 3 0x80009a4c (0x012c16b3) x13 0x80014ce4
core   0: 0x80009a50 (0x01a2a433) slt     s0, t0, s10
core   0: 3 0x80009a50 (0x01a2a433) x 8 0x00000001
core   0: 0x80009a54 (0x8f058d37) lui     s10, 0x8f058
core   0: 3 0x80009a54 (0x8f058d37) x26 0x8f058000
core   0: 0x80009a58 (0xe139c113) xori    sp, s3, -493
core   0: 3 0x80009a58 (0xe139c113) x 2 0xfffffe13
core   0: 0x80009a5c (0x010c70b3) and     ra, s8, a6
core   0: 3 0x80009a5c (0x010c70b3) x 1 0x00000000
core   0: 0x80009a60 (0x01f8db33) srl     s6, a7, t6
core   0: 3 0x80009a60 (0x01f8db33) x22 0x5da6b000
core   0: 0x80009a64 (0x83b42093) slti    ra, s0, -1989
core   0: 3 0x80009a64 (0x83b42093) x 1 0x00000000
core   0: 0x80009a68 (0xfcb3ec93) ori     s9, t2, -53
core   0: 3 0x80009a68 (0xfcb3ec93) x25 0xffffffcb
core   0: 0x80009a6c (0xe4fd0b93) addi    s7, s10, -433
core   0: 3 0x80009a6c (0xe4fd0b93) x23 0x8f057e4f
core   0: 0x80009a70 (0xc5387693) andi    a3, a6, -941
core   0: 3 0x80009a70 (0xc5387693) x13 0x00000000
core   0: 0x80009a74 (0x003661b3) or      gp, a2, gp
core   0: 3 0x80009a74 (0x003661b3) x 3 0x00000573
core   0: 0x80009a78 (0x016d8b33) add     s6, s11, s6
core   0: 3 0x80009a78 (0x016d8b33) x22 0x5da6b001
core   0: 0x80009a7c (0x01497d33) and     s10, s2, s4
core   0: 3 0x80009a7c (0x01497d33) x26 0x00000000
core   0: 0x80009a80 (0xb2cbc437) lui     s0, 0xb2cbc
core   0: 3 0x80009a80 (0xb2cbc437) x 8 0xb2cbc000
core   0: 0x80009a84 (0x01e436b3) sltu    a3, s0, t5
core   0: 3 0x80009a84 (0x01e436b3) x13 0x00000000
core   0: 0x80009a88 (0x00b0ddb3) srl     s11, ra, a1
core   0: 3 0x80009a88 (0x00b0ddb3) x27 0x00000000
core   0: 0x80009a8c (0x00dc8833) add     a6, s9, a3
core   0: 3 0x80009a8c (0x00dc8833) x16 0xffffffcb
core   0: 0x80009a90 (0x005884b3) add     s1, a7, t0
core   0: 3 0x80009a90 (0x005884b3) x 9 0xbb4d6001
core   0: 0x80009a94 (0x407d0233) sub     tp, s10, t2
core   0: 3 0x80009a94 (0x407d0233) x 4 0x80000000
core   0: 0x80009a98 (0x402ddb93) srai    s7, s11, 2
core   0: 3 0x80009a98 (0x402ddb93) x23 0x00000000
core   0: 0x80009a9c (0x7a65a137) lui     sp, 0x7a65a
core   0: 3 0x80009a9c (0x7a65a137) x 2 0x7a65a000
core   0: 0x80009aa0 (0x48d1c113) xori    sp, gp, 1165
core   0: 3 0x80009aa0 (0x48d1c113) x 2 0x000001fe
core   0: 0x80009aa4 (0x006105b3) add     a1, sp, t1
core   0: 3 0x80009aa4 (0x006105b3) x11 0x80014ee2
core   0: 0x80009aa8 (0x9fdc2b93) slti    s7, s8, -1539
core   0: 3 0x80009aa8 (0x9fdc2b93) x23 0x00000001
core   0: 0x80009aac (0xbc677713) andi    a4, a4, -1082
core   0: 3 0x80009aac (0xbc677713) x14 0xf5624a04
core   0: 0x80009ab0 (0x6277bb17) auipc   s6, 0x6277b
core   0: 3 0x80009ab0 (0x6277bb17) x22 0xe2784ab0
core   0: 0x80009ab4 (0x00fbeab3) or      s5, s7, a5
core   0: 3 0x80009ab4 (0x00fbeab3) x21 0x000004df
core   0: 0x80009ab8 (0x04b5f713) andi    a4, a1, 75
core   0: 3 0x80009ab8 (0x04b5f713) x14 0x00000042
core   0: 0x80009abc (0x00f26633) or      a2, tp, a5
core   0: 3 0x80009abc (0x00f26633) x12 0x800004de
core   0: 0x80009ac0 (0x008fbb33) sltu    s6, t6, s0
core   0: 3 0x80009ac0 (0x008fbb33) x22 0x00000001
core   0: 0x80009ac4 (0x40a65f13) srai    t5, a2, 10
core   0: 3 0x80009ac4 (0x40a65f13) x30 0xffe00001
core   0: 0x80009ac8 (0x01f20233) add     tp, tp, t6
core   0: 3 0x80009ac8 (0x01f20233) x 4 0x80000001
core   0: 0x80009acc (0x0144a7b3) slt     a5, s1, s4
core   0: 3 0x80009acc (0x0144a7b3) x15 0x00000001
core   0: 0x80009ad0 (0x01068033) add     zero, a3, a6
core   0: 3 0x80009ad0 (0x01068033)
core   0: 0x80009ad4 (0x40b15c33) sra     s8, sp, a1
core   0: 3 0x80009ad4 (0x40b15c33) x24 0x0000007f
core   0: 0x80009ad8 (0x4c344137) lui     sp, 0x4c344
core   0: 3 0x80009ad8 (0x4c344137) x 2 0x4c344000
core   0: 0x80009adc (0x3323ea13) ori     s4, t2, 818
core   0: 3 0x80009adc (0x3323ea13) x20 0x80000332
core   0: 0x80009ae0 (0x00cb59b3) srl     s3, s6, a2
core   0: 3 0x80009ae0 (0x00cb59b3) x19 0x00000000
core   0: 0x80009ae4 (0x00392733) slt     a4, s2, gp
core   0: 3 0x80009ae4 (0x00392733) x14 0x00000001
core   0: 0x80009ae8 (0x00d6ffb3) and     t6, a3, a3
core   0: 3 0x80009ae8 (0x00d6ffb3) x31 0x00000000
core   0: 0x80009aec (0xe568e093) ori     ra, a7, -426
core   0: 3 0x80009aec (0xe568e093) x 1 0xfffffe56
core   0: 0x80009af0 (0x4f1f7213) andi    tp, t5, 1265
core   0: 3 0x80009af0 (0x4f1f7213) x 4 0x00000001
core   0: 0x80009af4 (0x00d8f233) and     tp, a7, a3
core   0: 3 0x80009af4 (0x00d8f233) x 4 0x00000000
core   0: 0x80009af8 (0x00880933) add     s2, a6, s0
core   0: 3 0x80009af8 (0x00880933) x18 0xb2cbbfcb
core   0: 0x80009afc (0x01d0cab3) xor     s5, ra, t4
core   0: 3 0x80009afc (0x01d0cab3) x21 0x44b29bd7
core   0: 0x80009b00 (0x019a6d33) or      s10, s4, s9
core   0: 3 0x80009b00 (0x019a6d33) x26 0xfffffffb
core   0: 0x80009b04 (0xdd2df793) andi    a5, s11, -558
core   0: 3 0x80009b04 (0xdd2df793) x15 0x00000000
core   0: 0x80009b08 (0x01c53d33) sltu    s10, a0, t3
core   0: 3 0x80009b08 (0x01c53d33) x26 0x00000000
core   0: 0x80009b0c (0x64ee7a93) andi    s5, t3, 1614
core   0: 3 0x80009b0c (0x64ee7a93) x21 0x00000000
core   0: 0x80009b10 (0xb1d97137) lui     sp, 0xb1d97
core   0: 3 0x80009b10 (0xb1d97137) x 2 0xb1d97000
core   0: 0x80009b14 (0x01765113) srli    sp, a2, 23
core   0: 3 0x80009b14 (0x01765113) x 2 0x00000100
core   0: 0x80009b18 (0xe1494293) xori    t0, s2, -492
core   0: 3 0x80009b18 (0xe1494293) x 5 0x4d3441df
core   0: 0x80009b1c (0x014f9293) slli    t0, t6, 20
core   0: 3 0x80009b1c (0x014f9293) x 5 0x00000000
core   0: 0x80009b20 (0x23fd3193) sltiu   gp, s10, 575
core   0: 3 0x80009b20 (0x23fd3193) x 3 0x00000001
core   0: 0x80009b24 (0x1a948093) addi    ra, s1, 425
core   0: 3 0x80009b24 (0x1a948093) x 1 0xbb4d61aa
core   0: 0x80009b28 (0x4652cc17) auipc   s8, 0x4652c
core   0: 3 0x80009b28 (0x4652cc17) x24 0xc6535b28
core   0: 0x80009b2c (0x01b97733) and     a4, s2, s11
core   0: 3 0x80009b2c (0x01b97733) x14 0x00000000
core   0: 0x80009b30 (0xce184793) xori    a5, a6, -799
core   0: 3 0x80009b30 (0xce184793) x15 0x0000032a
core   0: 0x80009b34 (0x42a26213) ori     tp, tp, 1066
core   0: 3 0x80009b34 (0x42a26213) x 4 0x0000042a
core   0: 0x80009b38 (0x2987fbb7) lui     s7, 0x2987f
core   0: 3 0x80009b38 (0x2987fbb7) x23 0x2987f000
core   0: 0x80009b3c (0x851ccb93) xori    s7, s9, -1967
core   0: 3 0x80009b3c (0x851ccb93) x23 0x0000079a
core   0: 0x80009b40 (0xa38ef493) andi    s1, t4, -1480
core   0: 3 0x80009b40 (0xa38ef493) x 9 0xbb4d6000
core   0: 0x80009b44 (0x8a24c193) xori    gp, s1, -1886
core   0: 3 0x80009b44 (0x8a24c193) x 3 0x44b298a2
core   0: 0x80009b48 (0x0122e633) or      a2, t0, s2
core   0: 3 0x80009b48 (0x0122e633) x12 0xb2cbbfcb
core   0: 0x80009b4c (0x41ccdb13) srai    s6, s9, 28
core   0: 3 0x80009b4c (0x41ccdb13) x22 0xffffffff
core   0: 0x80009b50 (0x4726b193) sltiu   gp, a3, 1138
core   0: 3 0x80009b50 (0x4726b193) x 3 0x00000001
core   0: 0x80009b54 (0x01c0ddb3) srl     s11, ra, t3
core   0: 3 0x80009b54 (0x01c0ddb3) x27 0x5da6b0d5
core   0: 0x80009b58 (0x005f9b33) sll     s6, t6, t0
core   0: 3 0x80009b58 (0x005f9b33) x22 0x00000000
core   0: 0x80009b5c (0x71e535b7) lui     a1, 0x71e53
core   0: 3 0x80009b5c (0x71e535b7) x11 0x71e53000
core   0: 0x80009b60 (0x00f17433) and     s0, sp, a5
core   0: 3 0x80009b60 (0x00f17433) x 8 0x00000100
core   0: 0x80009b64 (0x90896693) ori     a3, s2, -1784
core   0: 3 0x80009b64 (0x90896693) x13 0xffffffcb
core   0: 0x80009b68 (0x6de17a93) andi    s5, sp, 1758
core   0: 3 0x80009b68 (0x6de17a93) x21 0x00000000
core   0: 0x80009b6c (0x8ba77593) andi    a1, a4, -1862
core   0: 3 0x80009b6c (0x8ba77593) x11 0x00000000
core   0: 0x80009b70 (0x13815497) auipc   s1, 0x13815
core   0: 3 0x80009b70 (0x13815497) x 9 0x9381eb70
core   0: 0x80009b74 (0x010d3733) sltu    a4, s10, a6
core   0: 3 0x80009b74 (0x010d3733) x14 0x00000001
core   0: 0x80009b78 (0x0dc52b97) auipc   s7, 0xdc52
core   0: 3 0x80009b78 (0x0dc52b97) x23 0x8dc5bb78
core   0: 0x80009b7c (0x011505b3) add     a1, a0, a7
core   0: 3 0x80009b7c (0x011505b3) x11 0x3b4e6e64
core   0: 0x80009b80 (0x00000013) nop
core   0: 3 0x80009b80 (0x00000013)
core   0: 0x80009b84 (0x0007f933) and     s2, a5, zero
core   0: 3 0x80009b84 (0x0007f933) x18 0x00000000
core   0: 0x80009b88 (0x00ccdb93) srli    s7, s9, 12
core   0: 3 0x80009b88 (0x00ccdb93) x23 0x000fffff
core   0: 0x80009b8c (0x01b51433) sll     s0, a0, s11
core   0: 3 0x80009b8c (0x01b51433) x 8 0xcc800000
core   0: 0x80009b90 (0x01bf1f13) slli    t5, t5, 27
core   0: 3 0x80009b90 (0x01bf1f13) x30 0x08000000
core   0: 0x80009b94 (0x41f05f93) srai    t6, zero, 31
core   0: 3 0x80009b94 (0x41f05f93) x31 0x00000000
core   0: 0x80009b98 (0x00000013) nop
core   0: 3 0x80009b98 (0x00000013)
core   0: 0x80009b9c (0x01f43b33) sltu    s6, s0, t6
core   0: 3 0x80009b9c (0x01f43b33) x22 0x00000000
core   0: 0x80009ba0 (0xe1fc0b93) addi    s7, s8, -481
core   0: 3 0x80009ba0 (0xe1fc0b93) x23 0xc6535947
core   0: 0x80009ba4 (0x5c12b713) sltiu   a4, t0, 1473
core   0: 3 0x80009ba4 (0x5c12b713) x14 0x00000001
core   0: 0x80009ba8 (0x96c76893) ori     a7, a4, -1684
core   0: 3 0x80009ba8 (0x96c76893) x17 0xfffff96d
core   0: 0x80009bac (0x00d29a33) sll     s4, t0, a3
core   0: 3 0x80009bac (0x00d29a33) x20 0x00000000
core   0: 0x80009bb0 (0xf6053637) lui     a2, 0xf6053
core   0: 3 0x80009bb0 (0xf6053637) x12 0xf6053000
core   0: 0x80009bb4 (0x92ce4013) xori    zero, t3, -1748
core   0: 3 0x80009bb4 (0x92ce4013)
core   0: 0x80009bb8 (0x00000013) nop
core   0: 3 0x80009bb8 (0x00000013)
core   0: 0x80009bbc (0x01c6d4b3) srl     s1, a3, t3
core   0: 3 0x80009bbc (0x01c6d4b3) x 9 0x7fffffe5
core   0: 0x80009bc0 (0x0170fd33) and     s10, ra, s7
core   0: 3 0x80009bc0 (0x0170fd33) x26 0x82414102
core   0: 0x80009bc4 (0x00000013) nop
core   0: 3 0x80009bc4 (0x00000013)
core   0: 0x80009bc8 (0x0040d9b3) srl     s3, ra, tp
core   0: 3 0x80009bc8 (0x0040d9b3) x19 0x002ed358
core   0: 0x80009bcc (0x410eda33) sra     s4, t4, a6
core   0: 3 0x80009bcc (0x410eda33) x20 0xfff769ac
core   0: 0x80009bd0 (0x94b5fd93) andi    s11, a1, -1717
core   0: 3 0x80009bd0 (0x94b5fd93) x27 0x3b4e6840
core   0: 0x80009bd4 (0x0090d713) srli    a4, ra, 9
core   0: 3 0x80009bd4 (0x0090d713) x14 0x005da6b0
core   0: 0x80009bd8 (0x01f769b3) or      s3, a4, t6
core   0: 3 0x80009bd8 (0x01f769b3) x19 0x005da6b0
core   0: 0x80009bdc (0x54da8613) addi    a2, s5, 1357
core   0: 3 0x80009bdc (0x54da8613) x12 0x0000054d
core   0: 0x80009be0 (0x0030dd93) srli    s11, ra, 3
core   0: 3 0x80009be0 (0x0030dd93) x27 0x1769ac35
core   0: 0x80009be4 (0x415ad733) sra     a4, s5, s5
core   0: 3 0x80009be4 (0x415ad733) x14 0x00000000
core   0: 0x80009be8 (0x016f1593) slli    a1, t5, 22
core   0: 3 0x80009be8 (0x016f1593) x11 0x00000000
core   0: 0x80009bec (0xb2e58c93) addi    s9, a1, -1234
core   0: 3 0x80009bec (0xb2e58c93) x25 0xfffffb2e
core   0: 0x80009bf0 (0x40568633) sub     a2, a3, t0
core   0: 3 0x80009bf0 (0x40568633) x12 0xffffffcb
core   0: 0x80009bf4 (0x01d01db3) sll     s11, zero, t4
core   0: 3 0x80009bf4 (0x01d01db3) x27 0x00000000
core   0: 0x80009bf8 (0x013ca1b3) slt     gp, s9, s3
core   0: 3 0x80009bf8 (0x013ca1b3) x 3 0x00000001
core   0: 0x80009bfc (0x012b1993) slli    s3, s6, 18
core   0: 3 0x80009bfc (0x012b1993) x19 0x00000000
core   0: 0x80009c00 (0xd81f8993) addi    s3, t6, -639
core   0: 3 0x80009c00 (0xd81f8993) x19 0xfffffd81
core   0: 0x80009c04 (0x00ff51b3) srl     gp, t5, a5
core   0: 3 0x80009c04 (0x00ff51b3) x 3 0x00020000
core   0: 0x80009c08 (0x72ff0a13) addi    s4, t5, 1839
core   0: 3 0x80009c08 (0x72ff0a13) x20 0x0800072f
core   0: 0x80009c0c (0xca142417) auipc   s0, 0xca142
core   0: 3 0x80009c0c (0xca142417) x 8 0x4a14bc0c
core   0: 0x80009c10 (0xe1928493) addi    s1, t0, -487
core   0: 3 0x80009c10 (0xe1928493) x 9 0xfffffe19
core   0: 0x80009c14 (0xc6e56193) ori     gp, a0, -914
core   0: 3 0x80009c14 (0xc6e56193) x 3 0xfffffe6e
core   0: 0x80009c18 (0xb7eccb93) xori    s7, s9, -1154
core   0: 3 0x80009c18 (0xb7eccb93) x23 0x00000050
core   0: 0x80009c1c (0x013b70b3) and     ra, s6, s3
core   0: 3 0x80009c1c (0x013b70b3) x 1 0x00000000
core   0: 0x80009c20 (0x40e9d093) srai    ra, s3, 14
core   0: 3 0x80009c20 (0x40e9d093) x 1 0xffffffff
core   0: 0x80009c24 (0x5490c293) xori    t0, ra, 1353
core   0: 3 0x80009c24 (0x5490c293) x 5 0xfffffab6
core   0: 0x80009c28 (0x40f6d793) srai    a5, a3, 15
core   0: 3 0x80009c28 (0x40f6d793) x15 0xffffffff
core   0: 0x80009c2c (0xf22cbd13) sltiu   s10, s9, -222
core   0: 3 0x80009c2c (0xf22cbd13) x26 0x00000001
core   0: 0x80009c30 (0x004decb3) or      s9, s11, tp
core   0: 3 0x80009c30 (0x004decb3) x25 0x0000042a
core   0: 0x80009c34 (0x00f4fab3) and     s5, s1, a5
core   0: 3 0x80009c34 (0x00f4fab3) x21 0xfffffe19
core   0: 0x80009c38 (0x40ca5433) sra     s0, s4, a2
core   0: 3 0x80009c38 (0x40ca5433) x 8 0x00010000
core   0: 0x80009c3c (0x01d4b033) sltu    zero, s1, t4
core   0: 3 0x80009c3c (0x01d4b033)
core   0: 0x80009c40 (0x00090833) add     a6, s2, zero
core   0: 3 0x80009c40 (0x00090833) x16 0x00000000
core   0: 0x80009c44 (0x00000013) nop
core   0: 3 0x80009c44 (0x00000013)
core   0: 0x80009c48 (0x00808e33) add     t3, ra, s0
core   0: 3 0x80009c48 (0x00808e33) x28 0x0000ffff
core   0: 0x80009c4c (0x008dddb3) srl     s11, s11, s0
core   0: 3 0x80009c4c (0x008dddb3) x27 0x00000000
core   0: 0x80009c50 (0xdcac8013) addi    zero, s9, -566
core   0: 3 0x80009c50 (0xdcac8013)
core   0: 0x80009c54 (0x40080bb3) sub     s7, a6, zero
core   0: 3 0x80009c54 (0x40080bb3) x23 0x00000000
core   0: 0x80009c58 (0x00875593) srli    a1, a4, 8
core   0: 3 0x80009c58 (0x00875593) x11 0x00000000
core   0: 0x80009c5c (0x41d95113) srai    sp, s2, 29
core   0: 3 0x80009c5c (0x41d95113) x 2 0x00000000
core   0: 0x80009c60 (0x00000013) nop
core   0: 3 0x80009c60 (0x00000013)
core   0: 0x80009c64 (0x982b0193) addi    gp, s6, -1662
core   0: 3 0x80009c64 (0x982b0193) x 3 0xfffff982
core   0: 0x80009c68 (0x410d8ab3) sub     s5, s11, a6
core   0: 3 0x80009c68 (0x410d8ab3) x21 0x00000000
core   0: 0x80009c6c (0x00000013) nop
core   0: 3 0x80009c6c (0x00000013)
core   0: 0x80009c70 (0x414d8933) sub     s2, s11, s4
core   0: 3 0x80009c70 (0x414d8933) x18 0xf7fff8d1
core   0: 0x80009c74 (0x2441e013) ori     zero, gp, 580
core   0: 3 0x80009c74 (0x2441e013)
core   0: 0x80009c78 (0x9b543093) sltiu   ra, s0, -1611
core   0: 3 0x80009c78 (0x9b543093) x 1 0x00000001
core   0: 0x80009c7c (0x00000013) nop
core   0: 3 0x80009c7c (0x00000013)
core   0: 0x80009c80 (0x009016b3) sll     a3, zero, s1
core   0: 3 0x80009c80 (0x009016b3) x13 0x00000000
core   0: 0x80009c84 (0x01854a13) xori    s4, a0, 24
core   0: 3 0x80009c84 (0x01854a13) x20 0x80010e7c
core   0: 0x80009c88 (0x933da813) slti    a6, s11, -1741
core   0: 3 0x80009c88 (0x933da813) x16 0x00000000
core   0: 0x80009c8c (0x010ed413) srli    s0, t4, 16
core   0: 3 0x80009c8c (0x010ed413) x 8 0x0000bb4d
core   0: 0x80009c90 (0x4bcf28b7) lui     a7, 0x4bcf2
core   0: 3 0x80009c90 (0x4bcf28b7) x17 0x4bcf2000
core   0: 0x80009c94 (0xfbea4b13) xori    s6, s4, -66
core   0: 3 0x80009c94 (0xfbea4b13) x22 0x7ffef1c2
core   0: 0x80009c98 (0x72236093) ori     ra, t1, 1826
core   0: 3 0x80009c98 (0x72236093) x 1 0x80014fe6
core   0: 0x80009c9c (0x00000013) nop
core   0: 3 0x80009c9c (0x00000013)
core   0: 0x80009ca0 (0x04057893) andi    a7, a0, 64
core   0: 3 0x80009ca0 (0x04057893) x17 0x00000040
core   0: 0x80009ca4 (0x40f55eb3) sra     t4, a0, a5
core   0: 3 0x80009ca4 (0x40f55eb3) x29 0xffffffff
core   0: 0x80009ca8 (0xc40eb993) sltiu   s3, t4, -960
core   0: 3 0x80009ca8 (0xc40eb993) x19 0x00000000
core   0: 0x80009cac (0xa64b2113) slti    sp, s6, -1436
core   0: 3 0x80009cac (0xa64b2113) x 2 0x00000000
core   0: 0x80009cb0 (0x005c9c33) sll     s8, s9, t0
core   0: 3 0x80009cb0 (0x005c9c33) x24 0x0a800000
core   0: 0x80009cb4 (0x405f5b93) srai    s7, t5, 5
core   0: 3 0x80009cb4 (0x405f5b93) x23 0x00400000
core   0: 0x80009cb8 (0xa1808693) addi    a3, ra, -1512
core   0: 3 0x80009cb8 (0xa1808693) x13 0x800149fe
core   0: 0x80009cbc (0x4150d233) sra     tp, ra, s5
core   0: 3 0x80009cbc (0x4150d233) x 4 0x80014fe6
core   0: 0x80009cc0 (0xdfbe4413) xori    s0, t3, -517
core   0: 3 0x80009cc0 (0xdfbe4413) x 8 0xffff0204
core   0: 0x80009cc4 (0x01b3ee33) or      t3, t2, s11
core   0: 3 0x80009cc4 (0x01b3ee33) x28 0x80000000
core   0: 0x80009cc8 (0x00a95a33) srl     s4, s2, a0
core   0: 3 0x80009cc8 (0x00a95a33) x20 0x0f7fff8d
core   0: 0x80009ccc (0x401f5b93) srai    s7, t5, 1
core   0: 3 0x80009ccc (0x401f5b93) x23 0x04000000
core   0: 0x80009cd0 (0xe2ae2d93) slti    s11, t3, -470
core   0: 3 0x80009cd0 (0xe2ae2d93) x27 0x00000001
core   0: 0x80009cd4 (0x41a9d593) srai    a1, s3, 26
core   0: 3 0x80009cd4 (0x41a9d593) x11 0x00000000
core   0: 0x80009cd8 (0x41048433) sub     s0, s1, a6
core   0: 3 0x80009cd8 (0x41048433) x 8 0xfffffe19
core   0: 0x80009cdc (0x01c9dc93) srli    s9, s3, 28
core   0: 3 0x80009cdc (0x01c9dc93) x25 0x00000000
core   0: 0x80009ce0 (0x40285bb3) sra     s7, a6, sp
core   0: 3 0x80009ce0 (0x40285bb3) x23 0x00000000
core   0: 0x80009ce4 (0x0697ef13) ori     t5, a5, 105
core   0: 3 0x80009ce4 (0x0697ef13) x30 0xffffffff
core   0: 0x80009ce8 (0x403b5b13) srai    s6, s6, 3
core   0: 3 0x80009ce8 (0x403b5b13) x22 0x0fffde38
core   0: 0x80009cec (0x60f6e993) ori     s3, a3, 1551
core   0: 3 0x80009cec (0x60f6e993) x19 0x80014fff
core   0: 0x80009cf0 (0x00000013) nop
core   0: 3 0x80009cf0 (0x00000013)
core   0: 0x80009cf4 (0x01085693) srli    a3, a6, 16
core   0: 3 0x80009cf4 (0x01085693) x13 0x00000000
core   0: 0x80009cf8 (0xe859f913) andi    s2, s3, -379
core   0: 3 0x80009cf8 (0xe859f913) x18 0x80014e85
core   0: 0x80009cfc (0x40b25093) srai    ra, tp, 11
core   0: 3 0x80009cfc (0x40b25093) x 1 0xfff00029
core   0: 0x80009d00 (0x41580d33) sub     s10, a6, s5
core   0: 3 0x80009d00 (0x41580d33) x26 0x00000000
core   0: 0x80009d04 (0x4062d593) srai    a1, t0, 6
core   0: 3 0x80009d04 (0x4062d593) x11 0xffffffea
core   0: 0x80009d08 (0x00000013) nop
core   0: 3 0x80009d08 (0x00000013)
core   0: 0x80009d0c (0x41b8d6b3) sra     a3, a7, s11
core   0: 3 0x80009d0c (0x41b8d6b3) x13 0x00000020
core   0: 0x80009d10 (0x008d2f33) slt     t5, s10, s0
core   0: 3 0x80009d10 (0x008d2f33) x30 0x00000000
core   0: 0x80009d14 (0x00fb7f33) and     t5, s6, a5
core   0: 3 0x80009d14 (0x00fb7f33) x30 0x0fffde38
core   0: 0x80009d18 (0x00d02fb3) slt     t6, zero, a3
core   0: 3 0x80009d18 (0x00d02fb3) x31 0x00000001
core   0: 0x80009d1c (0x01841b13) slli    s6, s0, 24
core   0: 3 0x80009d1c (0x01841b13) x22 0x19000000
core   0: 0x80009d20 (0x011f5913) srli    s2, t5, 17
core   0: 3 0x80009d20 (0x011f5913) x18 0x000007ff
core   0: 0x80009d24 (0x011c2133) slt     sp, s8, a7
core   0: 3 0x80009d24 (0x011c2133) x 2 0x00000000
core   0: 0x80009d28 (0x721a4993) xori    s3, s4, 1825
core   0: 3 0x80009d28 (0x721a4993) x19 0x0f7ff8ac
core   0: 0x80009d2c (0xbd10e713) ori     a4, ra, -1071
core   0: 3 0x80009d2c (0xbd10e713) x14 0xfffffbf9
core   0: 0x80009d30 (0x4020dbb3) sra     s7, ra, sp
core   0: 3 0x80009d30 (0x4020dbb3) x23 0xfff00029
core   0: 0x80009d34 (0xcc18fc93) andi    s9, a7, -831
core   0: 3 0x80009d34 (0xcc18fc93) x25 0x00000040
core   0: 0x80009d38 (0x00000013) nop
core   0: 3 0x80009d38 (0x00000013)
core   0: 0x80009d3c (0x012606b3) add     a3, a2, s2
core   0: 3 0x80009d3c (0x012606b3) x13 0x000007ca
core   0: 0x80009d40 (0x01ae1933) sll     s2, t3, s10
core   0: 3 0x80009d40 (0x01ae1933) x18 0x80000000
core   0: 0x80009d44 (0x0182d113) srli    sp, t0, 24
core   0: 3 0x80009d44 (0x0182d113) x 2 0x000000ff
core   0: 0x80009d48 (0x01ee0bb3) add     s7, t3, t5
core   0: 3 0x80009d48 (0x01ee0bb3) x23 0x8fffde38
core   0: 0x80009d4c (0x30188413) addi    s0, a7, 769
core   0: 3 0x80009d4c (0x30188413) x 8 0x00000341
core   0: 0x80009d50 (0x01ef1033) sll     zero, t5, t5
core   0: 3 0x80009d50 (0x01ef1033)
core   0: 0x80009d54 (0x6f28e113) ori     sp, a7, 1778
core   0: 3 0x80009d54 (0x6f28e113) x 2 0x000006f2
core   0: 0x80009d58 (0x003dcdb3) xor     s11, s11, gp
core   0: 3 0x80009d58 (0x003dcdb3) x27 0xfffff983
core   0: 0x80009d5c (0x20d44a13) xori    s4, s0, 525
core   0: 3 0x80009d5c (0x20d44a13) x20 0x0000014c
core   0: 0x80009d60 (0x019df433) and     s0, s11, s9
core   0: 3 0x80009d60 (0x019df433) x 8 0x00000000
core   0: 0x80009d64 (0x0051ecb3) or      s9, gp, t0
core   0: 3 0x80009d64 (0x0051ecb3) x25 0xfffffbb6
core   0: 0x80009d68 (0xcaf1c413) xori    s0, gp, -849
core   0: 3 0x80009d68 (0xcaf1c413) x 8 0x0000052d
core   0: 0x80009d6c (0x001e3e33) sltu    t3, t3, ra
core   0: 3 0x80009d6c (0x001e3e33) x28 0x00000001
core   0: 0x80009d70 (0xcdf26a13) ori     s4, tp, -801
core   0: 3 0x80009d70 (0xcdf26a13) x20 0xffffffff
core   0: 0x80009d74 (0xafe16d93) ori     s11, sp, -1282
core   0: 3 0x80009d74 (0xafe16d93) x27 0xfffffefe
core   0: 0x80009d78 (0x01ddc833) xor     a6, s11, t4
core   0: 3 0x80009d78 (0x01ddc833) x16 0x00000101
core   0: 0x80009d7c (0x01e0b733) sltu    a4, ra, t5
core   0: 3 0x80009d7c (0x01e0b733) x14 0x00000000
core   0: 0x80009d80 (0x00ad1033) sll     zero, s10, a0
core   0: 3 0x80009d80 (0x00ad1033)
core   0: 0x80009d84 (0x0077f033) and     zero, a5, t2
core   0: 3 0x80009d84 (0x0077f033)
core   0: 0x80009d88 (0xcd8a7193) andi    gp, s4, -808
core   0: 3 0x80009d88 (0xcd8a7193) x 3 0xfffffcd8
core   0: 0x80009d8c (0x412bd733) sra     a4, s7, s2
core   0: 3 0x80009d8c (0x412bd733) x14 0x8fffde38
core   0: 0x80009d90 (0x000f6133) or      sp, t5, zero
core   0: 3 0x80009d90 (0x000f6133) x 2 0x0fffde38
core   0: 0x80009d94 (0x4139d793) srai    a5, s3, 19
core   0: 3 0x80009d94 (0x4139d793) x15 0x000001ef
core   0: 0x80009d98 (0x00635eb3) srl     t4, t1, t1
core   0: 3 0x80009d98 (0x00635eb3) x29 0x080014ce
core   0: 0x80009d9c (0x01be89b3) add     s3, t4, s11
core   0: 3 0x80009d9c (0x01be89b3) x19 0x080013cc
core   0: 0x80009da0 (0xf8cb2693) slti    a3, s6, -116
core   0: 3 0x80009da0 (0xf8cb2693) x13 0x00000000
core   0: 0x80009da4 (0x014c6733) or      a4, s8, s4
core   0: 3 0x80009da4 (0x014c6733) x14 0xffffffff
core   0: 0x80009da8 (0x00000013) nop
core   0: 3 0x80009da8 (0x00000013)
core   0: 0x80009dac (0x01f1e1b3) or      gp, gp, t6
core   0: 3 0x80009dac (0x01f1e1b3) x 3 0xfffffcd9
core   0: 0x80009db0 (0x23a34013) xori    zero, t1, 570
core   0: 3 0x80009db0 (0x23a34013)
core   0: 0x80009db4 (0x01c3d893) srli    a7, t2, 28
core   0: 3 0x80009db4 (0x01c3d893) x17 0x00000008
core   0: 0x80009db8 (0x0ca4eb37) lui     s6, 0xca4e
core   0: 3 0x80009db8 (0x0ca4eb37) x22 0x0ca4e000
core   0: 0x80009dbc (0x01f7bcb3) sltu    s9, a5, t6
core   0: 3 0x80009dbc (0x01f7bcb3) x25 0x00000000
core   0: 0x80009dc0 (0x00f156b3) srl     a3, sp, a5
core   0: 3 0x80009dc0 (0x00f156b3) x13 0x00001fff
core   0: 0x80009dc4 (0x01f09913) slli    s2, ra, 31
core   0: 3 0x80009dc4 (0x01f09913) x18 0x80000000
core   0: 0x80009dc8 (0x40e85913) srai    s2, a6, 14
core   0: 3 0x80009dc8 (0x40e85913) x18 0x00000000
core   0: 0x80009dcc (0x0059e033) or      zero, s3, t0
core   0: 3 0x80009dcc (0x0059e033)
core   0: 0x80009dd0 (0x00000013) nop
core   0: 3 0x80009dd0 (0x00000013)
core   0: 0x80009dd4 (0x010c06b3) add     a3, s8, a6
core   0: 3 0x80009dd4 (0x010c06b3) x13 0x0a800101
core   0: 0x80009dd8 (0xbad92113) slti    sp, s2, -1107
core   0: 3 0x80009dd8 (0xbad92113) x 2 0x00000000
core   0: 0x80009ddc (0xe14cf717) auipc   a4, 0xe14cf
core   0: 3 0x80009ddc (0xe14cf717) x14 0x614d8ddc
core   0: 0x80009de0 (0x0095d9b3) srl     s3, a1, s1
core   0: 3 0x80009de0 (0x0095d9b3) x19 0x0000007f
core   0: 0x80009de4 (0x38182793) slti    a5, a6, 897
core   0: 3 0x80009de4 (0x38182793) x15 0x00000001
core   0: 0x80009de8 (0x417752b3) sra     t0, a4, s7
core   0: 3 0x80009de8 (0x417752b3) x 5 0x00000061
core   0: 0x80009dec (0x01d442b3) xor     t0, s0, t4
core   0: 3 0x80009dec (0x01d442b3) x 5 0x080011e3
core   0: 0x80009df0 (0x315a6b97) auipc   s7, 0x315a6
core   0: 3 0x80009df0 (0x315a6b97) x23 0xb15afdf0
core   0: 0x80009df4 (0x01757833) and     a6, a0, s7
core   0: 3 0x80009df4 (0x01757833) x16 0x80000c60
core   0: 0x80009df8 (0x012b94b3) sll     s1, s7, s2
core   0: 3 0x80009df8 (0x012b94b3) x 9 0xb15afdf0
core   0: 0x80009dfc (0xb3db3b17) auipc   s6, 0xb3db3
core   0: 3 0x80009dfc (0xb3db3b17) x22 0x33dbcdfc
core   0: 0x80009e00 (0xe94fba13) sltiu   s4, t6, -364
core   0: 3 0x80009e00 (0xe94fba13) x20 0x00000001
core   0: 0x80009e04 (0x00a3d433) srl     s0, t2, a0
core   0: 3 0x80009e04 (0x00a3d433) x 8 0x08000000
core   0: 0x80009e08 (0x41c70b33) sub     s6, a4, t3
core   0: 3 0x80009e08 (0x41c70b33) x22 0x614d8ddb
core   0: 0x80009e0c (0x01ac4133) xor     sp, s8, s10
core   0: 3 0x80009e0c (0x01ac4133) x 2 0x0a800000
core   0: 0x80009e10 (0x016709b3) add     s3, a4, s6
core   0: 3 0x80009e10 (0x016709b3) x19 0xc29b1bb7
core   0: 0x80009e14 (0x418852b3) sra     t0, a6, s8
core   0: 3 0x80009e14 (0x418852b3) x 5 0x80000c60
core   0: 0x80009e18 (0x00ab0133) add     sp, s6, a0
core   0: 3 0x80009e18 (0x00ab0133) x 2 0xe14e9c3f
core   0: 0x80009e1c (0xd4faea13) ori     s4, s5, -689
core   0: 3 0x80009e1c (0xd4faea13) x20 0xfffffd4f
core   0: 0x80009e20 (0x01d55e13) srli    t3, a0, 29
core   0: 3 0x80009e20 (0x01d55e13) x28 0x00000004
core   0: 0x80009e24 (0x00601b33) sll     s6, zero, t1
core   0: 3 0x80009e24 (0x00601b33) x22 0x00000000
core   0: 0x80009e28 (0x00000013) nop
core   0: 3 0x80009e28 (0x00000013)
core   0: 0x80009e2c (0x00000013) nop
core   0: 3 0x80009e2c (0x00000013)
core   0: 0x80009e30 (0x6dbd8713) addi    a4, s11, 1755
core   0: 3 0x80009e30 (0x6dbd8713) x14 0x000005d9
core   0: 0x80009e34 (0x403cddb3) sra     s11, s9, gp
core   0: 3 0x80009e34 (0x403cddb3) x27 0x00000000
core   0: 0x80009e38 (0x41cc5893) srai    a7, s8, 28
core   0: 3 0x80009e38 (0x41cc5893) x17 0x00000000
core   0: 0x80009e3c (0x00248033) add     zero, s1, sp
core   0: 3 0x80009e3c (0x00248033)
core   0: 0x80009e40 (0x1603ed13) ori     s10, t2, 352
core   0: 3 0x80009e40 (0x1603ed13) x26 0x80000160
core   0: 0x80009e44 (0x00d16f33) or      t5, sp, a3
core   0: 3 0x80009e44 (0x00d16f33) x30 0xebce9d3f
core   0: 0x80009e48 (0x4f217cb7) lui     s9, 0x4f217
core   0: 3 0x80009e48 (0x4f217cb7) x25 0x4f217000
core   0: 0x80009e4c (0x4023d7b3) sra     a5, t2, sp
core   0: 3 0x80009e4c (0x4023d7b3) x15 0xffffffff
core   0: 0x80009e50 (0x4c4c4693) xori    a3, s8, 1220
core   0: 3 0x80009e50 (0x4c4c4693) x13 0x0a8004c4
core   0: 0x80009e54 (0x016a37b3) sltu    a5, s4, s6
core   0: 3 0x80009e54 (0x016a37b3) x15 0x00000000
core   0: 0x80009e58 (0xe7f12917) auipc   s2, 0xe7f12
core   0: 3 0x80009e58 (0xe7f12917) x18 0x67f1be58
core   0: 0x80009e5c (0x004cc033) xor     zero, s9, tp
core   0: 3 0x80009e5c (0x004cc033)
core   0: 0x80009e60 (0x01aca7b3) slt     a5, s9, s10
core   0: 3 0x80009e60 (0x01aca7b3) x15 0x00000000
core   0: 0x80009e64 (0x41275d13) srai    s10, a4, 18
core   0: 3 0x80009e64 (0x41275d13) x26 0x00000000
core   0: 0x80009e68 (0x000ad913) srli    s2, s5, 0
core   0: 3 0x80009e68 (0x000ad913) x18 0x00000000
core   0: 0x80009e6c (0x00954933) xor     s2, a0, s1
core   0: 3 0x80009e6c (0x00954933) x18 0x315bf394
core   0: 0x80009e70 (0x003490b3) sll     ra, s1, gp
core   0: 3 0x80009e70 (0x003490b3) x 1 0xe0000000
core   0: 0x80009e74 (0x20e6c293) xori    t0, a3, 526
core   0: 3 0x80009e74 (0x20e6c293) x 5 0x0a8006ca
core   0: 0x80009e78 (0x0012d6b3) srl     a3, t0, ra
core   0: 3 0x80009e78 (0x0012d6b3) x13 0x0a8006ca
core   0: 0x80009e7c (0x40e88ab3) sub     s5, a7, a4
core   0: 3 0x80009e7c (0x40e88ab3) x21 0xfffffa27
core   0: 0x80009e80 (0x940697b7) lui     a5, 0x94069
core   0: 3 0x80009e80 (0x940697b7) x15 0x94069000
core   0: 0x80009e84 (0x2e1df293) andi    t0, s11, 737
core   0: 3 0x80009e84 (0x2e1df293) x 5 0x00000000
core   0: 0x80009e88 (0xc54e8a93) addi    s5, t4, -940
core   0: 3 0x80009e88 (0xc54e8a93) x21 0x08001122
core   0: 0x80009e8c (0x00000013) nop
core   0: 3 0x80009e8c (0x00000013)
core   0: 0x80009e90 (0xbd06a613) slti    a2, a3, -1072
core   0: 3 0x80009e90 (0xbd06a613) x12 0x00000000
core   0: 0x80009e94 (0x00e3ffb3) and     t6, t2, a4
core   0: 3 0x80009e94 (0x00e3ffb3) x31 0x00000000
core   0: 0x80009e98 (0x01272f33) slt     t5, a4, s2
core   0: 3 0x80009e98 (0x01272f33) x30 0x00000001
core   0: 0x80009e9c (0xa890b813) sltiu   a6, ra, -1399
core   0: 3 0x80009e9c (0xa890b813) x16 0x00000001
core   0: 0x80009ea0 (0x01ab5db3) srl     s11, s6, s10
core   0: 3 0x80009ea0 (0x01ab5db3) x27 0x00000000
core   0: 0x80009ea4 (0x183acb13) xori    s6, s5, 387
core   0: 3 0x80009ea4 (0x183acb13) x22 0x080010a1
core   0: 0x80009ea8 (0x41a35e13) srai    t3, t1, 26
core   0: 3 0x80009ea8 (0x41a35e13) x28 0xffffffe0
core   0: 0x80009eac (0x008528b3) slt     a7, a0, s0
core   0: 3 0x80009eac (0x008528b3) x17 0x00000001
core   0: 0x80009eb0 (0x0043fab3) and     s5, t2, tp
core   0: 3 0x80009eb0 (0x0043fab3) x21 0x80000000
core   0: 0x80009eb4 (0x000d42b3) xor     t0, s10, zero
core   0: 3 0x80009eb4 (0x000d42b3) x 5 0x00000000
core   0: 0x80009eb8 (0x00a79b33) sll     s6, a5, a0
core   0: 3 0x80009eb8 (0x00a79b33) x22 0x40690000
core   0: 0x80009ebc (0xbf47dcb7) lui     s9, 0xbf47d
core   0: 3 0x80009ebc (0xbf47dcb7) x25 0xbf47d000
core   0: 0x80009ec0 (0x47820117) auipc   sp, 0x47820
core   0: 3 0x80009ec0 (0x47820117) x 2 0xc7829ec0
core   0: 0x80009ec4 (0x41c6d893) srai    a7, a3, 28
core   0: 3 0x80009ec4 (0x41c6d893) x17 0x00000000
core   0: 0x80009ec8 (0x007217b3) sll     a5, tp, t2
core   0: 3 0x80009ec8 (0x007217b3) x15 0x80014fe6
core   0: 0x80009ecc (0x013e5e33) srl     t3, t3, s3
core   0: 3 0x80009ecc (0x013e5e33) x28 0x000001ff
core   0: 0x80009ed0 (0x000c30b3) sltu    ra, s8, zero
core   0: 3 0x80009ed0 (0x000c30b3) x 1 0x00000000
core   0: 0x80009ed4 (0xdabf7c93) andi    s9, t5, -597
core   0: 3 0x80009ed4 (0xdabf7c93) x25 0x00000001
core   0: 0x80009ed8 (0x01f32133) slt     sp, t1, t6
core   0: 3 0x80009ed8 (0x01f32133) x 2 0x00000001
core   0: 0x80009edc (0xab38ed13) ori     s10, a7, -1357
core   0: 3 0x80009edc (0xab38ed13) x26 0xfffffab3
core   0: 0x80009ee0 (0x01e11f93) slli    t6, sp, 30
core   0: 3 0x80009ee0 (0x01e11f93) x31 0x40000000
core   0: 0x80009ee4 (0xd8f8a213) slti    tp, a7, -625
core   0: 3 0x80009ee4 (0xd8f8a213) x 4 0x00000000
core   0: 0x80009ee8 (0x15bdc593) xori    a1, s11, 347
core   0: 3 0x80009ee8 (0x15bdc593) x11 0x0000015b
core   0: 0x80009eec (0x0083cc33) xor     s8, t2, s0
core   0: 3 0x80009eec (0x0083cc33) x24 0x88000000
core   0: 0x80009ef0 (0x00431033) sll     zero, t1, tp
core   0: 3 0x80009ef0 (0x00431033)
core   0: 0x80009ef4 (0x9430ab17) auipc   s6, 0x9430a
core   0: 3 0x80009ef4 (0x9430ab17) x22 0x14313ef4
core   0: 0x80009ef8 (0x0087cbb3) xor     s7, a5, s0
core   0: 3 0x80009ef8 (0x0087cbb3) x23 0x88014fe6
core   0: 0x80009efc (0x0113c2b3) xor     t0, t2, a7
core   0: 3 0x80009efc (0x0113c2b3) x 5 0x80000000
core   0: 0x80009f00 (0x008d1633) sll     a2, s10, s0
core   0: 3 0x80009f00 (0x008d1633) x12 0xfffffab3
core   0: 0x80009f04 (0x41f65913) srai    s2, a2, 31
core   0: 3 0x80009f04 (0x41f65913) x18 0xffffffff
core   0: 0x80009f08 (0x01c62f33) slt     t5, a2, t3
core   0: 3 0x80009f08 (0x01c62f33) x30 0x00000001
core   0: 0x80009f0c (0x00a63633) sltu    a2, a2, a0
core   0: 3 0x80009f0c (0x00a63633) x12 0x00000000
core   0: 0x80009f10 (0x415b5293) srai    t0, s6, 21
core   0: 3 0x80009f10 (0x415b5293) x 5 0x000000a1
core   0: 0x80009f14 (0xfdbe4117) auipc   sp, 0xfdbe4
core   0: 3 0x80009f14 (0xfdbe4117) x 2 0x7dbedf14
core   0: 0x80009f18 (0x40ff88b3) sub     a7, t6, a5
core   0: 3 0x80009f18 (0x40ff88b3) x17 0xbffeb01a
core   0: 0x80009f1c (0x01b9d5b3) srl     a1, s3, s11
core   0: 3 0x80009f1c (0x01b9d5b3) x11 0xc29b1bb7
core   0: 0x80009f20 (0x4082d933) sra     s2, t0, s0
core   0: 3 0x80009f20 (0x4082d933) x18 0x000000a1
core   0: 0x80009f24 (0x011bcb33) xor     s6, s7, a7
core   0: 3 0x80009f24 (0x011bcb33) x22 0x37fffffc
core   0: 0x80009f28 (0x80678b93) addi    s7, a5, -2042
core   0: 3 0x80009f28 (0x80678b93) x23 0x800147ec
core   0: 0x80009f2c (0x9d303913) sltiu   s2, zero, -1581
core   0: 3 0x80009f2c (0x9d303913) x18 0x00000001
core   0: 0x80009f30 (0x41958fb3) sub     t6, a1, s9
core   0: 3 0x80009f30 (0x41958fb3) x31 0xc29b1bb6
core   0: 0x80009f34 (0x41ced7b3) sra     a5, t4, t3
core   0: 3 0x80009f34 (0x41ced7b3) x15 0x00000000
core   0: 0x80009f38 (0x9c8b7713) andi    a4, s6, -1592
core   0: 3 0x80009f38 (0x9c8b7713) x14 0x37fff9c8
core   0: 0x80009f3c (0x000699b3) sll     s3, a3, zero
core   0: 3 0x80009f3c (0x000699b3) x19 0x0a8006ca
core   0: 0x80009f40 (0xff0f62b7) lui     t0, 0xff0f6
core   0: 3 0x80009f40 (0xff0f62b7) x 5 0xff0f6000
core   0: 0x80009f44 (0x01bbedb3) or      s11, s7, s11
core   0: 3 0x80009f44 (0x01bbedb3) x27 0x800147ec
core   0: 0x80009f48 (0x016d5b93) srli    s7, s10, 22
core   0: 3 0x80009f48 (0x016d5b93) x23 0x000003ff
core   0: 0x80009f4c (0x00675eb3) srl     t4, a4, t1
core   0: 3 0x80009f4c (0x00675eb3) x29 0x037fff9c
core   0: 0x80009f50 (0x01fbf4b3) and     s1, s7, t6
core   0: 3 0x80009f50 (0x01fbf4b3) x 9 0x000003b6
core   0: 0x80009f54 (0x74adf113) andi    sp, s11, 1866
core   0: 3 0x80009f54 (0x74adf113) x 2 0x00000748
core   0: 0x80009f58 (0x019777b3) and     a5, a4, s9
core   0: 3 0x80009f58 (0x019777b3) x15 0x00000000
core   0: 0x80009f5c (0xb2708c13) addi    s8, ra, -1241
core   0: 3 0x80009f5c (0xb2708c13) x24 0xfffffb27
core   0: 0x80009f60 (0x017cb033) sltu    zero, s9, s7
core   0: 3 0x80009f60 (0x017cb033)
core   0: 0x80009f64 (0x95804593) xori    a1, zero, -1704
core   0: 3 0x80009f64 (0x95804593) x11 0xfffff958
core   0: 0x80009f68 (0x05893893) sltiu   a7, s2, 88
core   0: 3 0x80009f68 (0x05893893) x17 0x00000001
core   0: 0x80009f6c (0x412d52b3) sra     t0, s10, s2
core   0: 3 0x80009f6c (0x412d52b3) x 5 0xfffffd59
core   0: 0x80009f70 (0x4006d933) sra     s2, a3, zero
core   0: 3 0x80009f70 (0x4006d933) x18 0x0a8006ca
core   0: 0x80009f74 (0x01a02133) slt     sp, zero, s10
core   0: 3 0x80009f74 (0x01a02133) x 2 0x00000000
core   0: 0x80009f78 (0x00000013) nop
core   0: 3 0x80009f78 (0x00000013)
core   0: 0x80009f7c (0x667c8a13) addi    s4, s9, 1639
core   0: 3 0x80009f7c (0x667c8a13) x20 0x00000668
core   0: 0x80009f80 (0x011d5a93) srli    s5, s10, 17
core   0: 3 0x80009f80 (0x011d5a93) x21 0x00007fff
core   0: 0x80009f84 (0x019c9cb3) sll     s9, s9, s9
core   0: 3 0x80009f84 (0x019c9cb3) x25 0x00000002
core   0: 0x80009f88 (0x813b7713) andi    a4, s6, -2029
core   0: 3 0x80009f88 (0x813b7713) x14 0x37fff810
core   0: 0x80009f8c (0x00000013) nop
core   0: 3 0x80009f8c (0x00000013)
core   0: 0x80009f90 (0xe38e6d13) ori     s10, t3, -456
core   0: 3 0x80009f90 (0xe38e6d13) x26 0xffffffff
core   0: 0x80009f94 (0x53a08b13) addi    s6, ra, 1338
core   0: 3 0x80009f94 (0x53a08b13) x22 0x0000053a
core   0: 0x80009f98 (0x00781ab3) sll     s5, a6, t2
core   0: 3 0x80009f98 (0x00781ab3) x21 0x00000001
core   0: 0x80009f9c (0x0122a133) slt     sp, t0, s2
core   0: 3 0x80009f9c (0x0122a133) x 2 0x00000001
core   0: 0x80009fa0 (0x799af493) andi    s1, s5, 1945
core   0: 3 0x80009fa0 (0x799af493) x 9 0x00000001
core   0: 0x80009fa4 (0x37c58613) addi    a2, a1, 892
core   0: 3 0x80009fa4 (0x37c58613) x12 0xfffffcd4
core   0: 0x80009fa8 (0x006edc13) srli    s8, t4, 6
core   0: 3 0x80009fa8 (0x006edc13) x24 0x000dfffe
core   0: 0x80009fac (0x015a9b93) slli    s7, s5, 21
core   0: 3 0x80009fac (0x015a9b93) x23 0x00200000
core   0: 0x80009fb0 (0x0168a633) slt     a2, a7, s6
core   0: 3 0x80009fb0 (0x0168a633) x12 0x00000001
core   0: 0x80009fb4 (0x01c99c33) sll     s8, s3, t3
core   0: 3 0x80009fb4 (0x01c99c33) x24 0x00000000
core   0: 0x80009fb8 (0x68704713) xori    a4, zero, 1671
core   0: 3 0x80009fb8 (0x68704713) x14 0x00000687
core   0: 0x80009fbc (0x005ccdb3) xor     s11, s9, t0
core   0: 3 0x80009fbc (0x005ccdb3) x27 0xfffffd5b
core   0: 0x80009fc0 (0x01af86b3) add     a3, t6, s10
core   0: 3 0x80009fc0 (0x01af86b3) x13 0xc29b1bb5
core   0: 0x80009fc4 (0x015bf033) and     zero, s7, s5
core   0: 3 0x80009fc4 (0x015bf033)
core   0: 0x80009fc8 (0x41c88ab3) sub     s5, a7, t3
core   0: 3 0x80009fc8 (0x41c88ab3) x21 0xfffffe02
core   0: 0x80009fcc (0x0051d133) srl     sp, gp, t0
core   0: 3 0x80009fcc (0x0051d133) x 2 0x0000007f
core   0: 0x80009fd0 (0x414652b3) sra     t0, a2, s4
core   0: 3 0x80009fd0 (0x414652b3) x 5 0x00000000
core   0: 0x80009fd4 (0x415dd033) sra     zero, s11, s5
core   0: 3 0x80009fd4 (0x415dd033)
core   0: 0x80009fd8 (0x407a8233) sub     tp, s5, t2
core   0: 3 0x80009fd8 (0x407a8233) x 4 0x7ffffe02
core   0: 0x80009fdc (0x0194d813) srli    a6, s1, 25
core   0: 3 0x80009fdc (0x0194d813) x16 0x00000000
core   0: 0x80009fe0 (0x01a24ab3) xor     s5, tp, s10
core   0: 3 0x80009fe0 (0x01a24ab3) x21 0x800001fd
core   0: 0x80009fe4 (0x01603133) snez    sp, s6
core   0: 3 0x80009fe4 (0x01603133) x 2 0x00000001
core   0: 0x80009fe8 (0x79f9ac93) slti    s9, s3, 1951
core   0: 3 0x80009fe8 (0x79f9ac93) x25 0x00000000
core   0: 0x80009fec (0xc4934a13) xori    s4, t1, -951
core   0: 3 0x80009fec (0xc4934a13) x20 0x7ffeb0ad
core   0: 0x80009ff0 (0x011738b3) sltu    a7, a4, a7
core   0: 3 0x80009ff0 (0x011738b3) x17 0x00000000
core   0: 0x80009ff4 (0x75ecce13) xori    t3, s9, 1886
core   0: 3 0x80009ff4 (0x75ecce13) x28 0x0000075e
core   0: 0x80009ff8 (0x940ffbb7) lui     s7, 0x940ff
core   0: 3 0x80009ff8 (0x940ffbb7) x23 0x940ff000
core   0: 0x80009ffc (0x01c027b3) slt     a5, zero, t3
core   0: 3 0x80009ffc (0x01c027b3) x15 0x00000001
core   0: 0x8000a000 (0x0180c233) xor     tp, ra, s8
core   0: 3 0x8000a000 (0x0180c233) x 4 0x00000000
core   0: 0x8000a004 (0x01e39db3) sll     s11, t2, t5
core   0: 3 0x8000a004 (0x01e39db3) x27 0x00000000
core   0: 0x8000a008 (0x009282b3) add     t0, t0, s1
core   0: 3 0x8000a008 (0x009282b3) x 5 0x00000001
core   0: 0x8000a00c (0x012a38b3) sltu    a7, s4, s2
core   0: 3 0x8000a00c (0x012a38b3) x17 0x00000000
core   0: 0x8000a010 (0x01a7b4b3) sltu    s1, a5, s10
core   0: 3 0x8000a010 (0x01a7b4b3) x 9 0x00000001
core   0: 0x8000a014 (0x4059dab3) sra     s5, s3, t0
core   0: 3 0x8000a014 (0x4059dab3) x21 0x05400365
core   0: 0x8000a018 (0x7ac78913) addi    s2, a5, 1964
core   0: 3 0x8000a018 (0x7ac78913) x18 0x000007ad
core   0: 0x8000a01c (0x00851f33) sll     t5, a0, s0
core   0: 3 0x8000a01c (0x00851f33) x30 0x80010e64
core   0: 0x8000a020 (0x2e778f93) addi    t6, a5, 743
core   0: 3 0x8000a020 (0x2e778f93) x31 0x000002e8
core   0: 0x8000a024 (0x012dc033) xor     zero, s11, s2
core   0: 3 0x8000a024 (0x012dc033)
core   0: 0x8000a028 (0x014f8233) add     tp, t6, s4
core   0: 3 0x8000a028 (0x014f8233) x 4 0x7ffeb395
core   0: 0x8000a02c (0x01b97433) and     s0, s2, s11
core   0: 3 0x8000a02c (0x01b97433) x 8 0x00000000
core   0: 0x8000a030 (0x00c48f33) add     t5, s1, a2
core   0: 3 0x8000a030 (0x00c48f33) x30 0x00000002
core   0: 0x8000a034 (0x41cd5493) srai    s1, s10, 28
core   0: 3 0x8000a034 (0x41cd5493) x 9 0xffffffff
core   0: 0x8000a038 (0x00a4c033) xor     zero, s1, a0
core   0: 3 0x8000a038 (0x00a4c033)
core   0: 0x8000a03c (0x8796e293) ori     t0, a3, -1927
core   0: 3 0x8000a03c (0x8796e293) x 5 0xfffffbfd
core   0: 0x8000a040 (0x45d6c993) xori    s3, a3, 1117
core   0: 3 0x8000a040 (0x45d6c993) x19 0xc29b1fe8
core   0: 0x8000a044 (0x00509db3) sll     s11, ra, t0
core   0: 3 0x8000a044 (0x00509db3) x27 0x00000000
core   0: 0x8000a048 (0x5c642093) slti    ra, s0, 1478
core   0: 3 0x8000a048 (0x5c642093) x 1 0x00000001
core   0: 0x8000a04c (0x4a2a0113) addi    sp, s4, 1186
core   0: 3 0x8000a04c (0x4a2a0113) x 2 0x7ffeb54f
core   0: 0x8000a050 (0x01fae9b3) or      s3, s5, t6
core   0: 3 0x8000a050 (0x01fae9b3) x19 0x054003ed
core   0: 0x8000a054 (0x406f0bb3) sub     s7, t5, t1
core   0: 3 0x8000a054 (0x406f0bb3) x23 0x7ffeb31e
core   0: 0x8000a058 (0x01c27633) and     a2, tp, t3
core   0: 3 0x8000a058 (0x01c27633) x12 0x00000314
core   0: 0x8000a05c (0x009a1db3) sll     s11, s4, s1
core   0: 3 0x8000a05c (0x009a1db3) x27 0x80000000
core   0: 0x8000a060 (0x357efe13) andi    t3, t4, 855
core   0: 3 0x8000a060 (0x357efe13) x28 0x00000314
core   0: 0x8000a064 (0x010dbf33) sltu    t5, s11, a6
core   0: 3 0x8000a064 (0x010dbf33) x30 0x00000000
core   0: 0x8000a068 (0x003ce2b3) or      t0, s9, gp
core   0: 3 0x8000a068 (0x003ce2b3) x 5 0xfffffcd9
core   0: 0x8000a06c (0x0132f633) and     a2, t0, s3
core   0: 3 0x8000a06c (0x0132f633) x12 0x054000c9
core   0: 0x8000a070 (0x000eeb33) or      s6, t4, zero
core   0: 3 0x8000a070 (0x000eeb33) x22 0x037fff9c
core   0: 0x8000a074 (0xf9523a93) sltiu   s5, tp, -107
core   0: 3 0x8000a074 (0xf9523a93) x21 0x00000001
core   0: 0x8000a078 (0x09174093) xori    ra, a4, 145
core   0: 3 0x8000a078 (0x09174093) x 1 0x00000616
core   0: 0x8000a07c (0x84c3a113) slti    sp, t2, -1972
core   0: 3 0x8000a07c (0x84c3a113) x 2 0x00000001
core   0: 0x8000a080 (0x00dd4b33) xor     s6, s10, a3
core   0: 3 0x8000a080 (0x00dd4b33) x22 0x3d64e44a
core   0: 0x8000a084 (0x01749213) slli    tp, s1, 23
core   0: 3 0x8000a084 (0x01749213) x 4 0xff800000
core   0: 0x8000a088 (0x00fb26b3) slt     a3, s6, a5
core   0: 3 0x8000a088 (0x00fb26b3) x13 0x00000000
core   0: 0x8000a08c (0x00000013) nop
core   0: 3 0x8000a08c (0x00000013)
core   0: 0x8000a090 (0x016831b3) sltu    gp, a6, s6
core   0: 3 0x8000a090 (0x016831b3) x 3 0x00000001
core   0: 0x8000a094 (0xf3abe137) lui     sp, 0xf3abe
core   0: 3 0x8000a094 (0xf3abe137) x 2 0xf3abe000
core   0: 0x8000a098 (0x00939613) slli    a2, t2, 9
core   0: 3 0x8000a098 (0x00939613) x12 0x00000000
core   0: 0x8000a09c (0x2e920c17) auipc   s8, 0x2e920
core   0: 3 0x8000a09c (0x2e920c17) x24 0xae92a09c
core   0: 0x8000a0a0 (0x014d2db3) slt     s11, s10, s4
core   0: 3 0x8000a0a0 (0x014d2db3) x27 0x00000001
core   0: 0x8000a0a4 (0x30022913) slti    s2, tp, 768
core   0: 3 0x8000a0a4 (0x30022913) x18 0x00000001
core   0: 0x8000a0a8 (0x418d04b3) sub     s1, s10, s8
core   0: 3 0x8000a0a8 (0x418d04b3) x 9 0x516d5f63
core   0: 0x8000a0ac (0x00c20f33) add     t5, tp, a2
core   0: 3 0x8000a0ac (0x00c20f33) x30 0xff800000
core   0: 0x8000a0b0 (0xfff00093) li      ra, -1
core   0: 3 0x8000a0b0 (0xfff00093) x 1 0xffffffff
core   0: 0x8000a0b4 (0x35ade7b7) lui     a5, 0x35ade
core   0: 3 0x8000a0b4 (0x35ade7b7) x15 0x35ade000
core   0: 0x8000a0b8 (0x83f78793) addi    a5, a5, -1985
core   0: 3 0x8000a0b8 (0x83f78793) x15 0x35add83f
core   0: 0x8000a0bc (0xfff00d13) li      s10, -1
core   0: 3 0x8000a0bc (0xfff00d13) x26 0xffffffff
core   0: 0x8000a0c0 (0x00000213) li      tp, 0
core   0: 3 0x8000a0c0 (0x00000213) x 4 0x00000000
core   0: 0x8000a0c4 (0x5c88b937) lui     s2, 0x5c88b
core   0: 3 0x8000a0c4 (0x5c88b937) x18 0x5c88b000
core   0: 0x8000a0c8 (0x88e90913) addi    s2, s2, -1906
core   0: 3 0x8000a0c8 (0x88e90913) x18 0x5c88a88e
core   0: 0x8000a0cc (0x80000db7) lui     s11, 0x80000
core   0: 3 0x8000a0cc (0x80000db7) x27 0x80000000
core   0: 0x8000a0d0 (0x00000113) li      sp, 0
core   0: 3 0x8000a0d0 (0x00000113) x 2 0x00000000
core   0: 0x8000a0d4 (0xd56c3bb7) lui     s7, 0xd56c3
core   0: 3 0x8000a0d4 (0xd56c3bb7) x23 0xd56c3000
core   0: 0x8000a0d8 (0x44cb8b93) addi    s7, s7, 1100
core   0: 3 0x8000a0d8 (0x44cb8b93) x23 0xd56c344c
core   0: 0x8000a0dc (0xfff00e13) li      t3, -1
core   0: 3 0x8000a0dc (0xfff00e13) x28 0xffffffff
core   0: 0x8000a0e0 (0x00000713) li      a4, 0
core   0: 3 0x8000a0e0 (0x00000713) x14 0x00000000
core   0: 0x8000a0e4 (0xbdb6c137) lui     sp, 0xbdb6c
core   0: 3 0x8000a0e4 (0xbdb6c137) x 2 0xbdb6c000
core   0: 0x8000a0e8 (0x59f72217) auipc   tp, 0x59f72
core   0: 3 0x8000a0e8 (0x59f72217) x 4 0xd9f7c0e8
core   0: 0x8000a0ec (0x017e0e33) add     t3, t3, s7
core   0: 3 0x8000a0ec (0x017e0e33) x28 0xd56c344b
core   0: 0x8000a0f0 (0x01220733) add     a4, tp, s2
core   0: 3 0x8000a0f0 (0x01220733) x14 0x36806976
core   0: 0x8000a0f4 (0x412e0933) sub     s2, t3, s2
core   0: 3 0x8000a0f4 (0x412e0933) x18 0x78e38bbd
core   0: 0x8000a0f8 (0xf37c00b7) lui     ra, 0xf37c0
core   0: 3 0x8000a0f8 (0xf37c00b7) x 1 0xf37c0000
core   0: 0x8000a0fc (0x84aca717) auipc   a4, 0x84aca
core   0: 3 0x8000a0fc (0x84aca717) x14 0x04ad40fc
core   0: 0x8000a100 (0xd5cb8d93) addi    s11, s7, -676
core   0: 3 0x8000a100 (0xd5cb8d93) x27 0xd56c31a8
core   0: 0x8000a104 (0x40fd00b3) sub     ra, s10, a5
core   0: 3 0x8000a104 (0x40fd00b3) x 1 0xca5227c0
core   0: 0x8000a108 (0x41c78e33) sub     t3, a5, t3
core   0: 3 0x8000a108 (0x41c78e33) x28 0x6041a3f4
core   0: 0x8000a10c (0x00000013) nop
core   0: 3 0x8000a10c (0x00000013)
core   0: 0x8000a110 (0x002087b3) add     a5, ra, sp
core   0: 3 0x8000a110 (0x002087b3) x15 0x8808e7c0
core   0: 0x8000a114 (0x00000013) nop
core   0: 3 0x8000a114 (0x00000013)
core   0: 0x8000a118 (0x6ef45e17) auipc   t3, 0x6ef45
core   0: 3 0x8000a118 (0x6ef45e17) x28 0xeef4f118
core   0: 0x8000a11c (0x24de0d13) addi    s10, t3, 589
core   0: 3 0x8000a11c (0x24de0d13) x26 0xeef4f365
core   0: 0x8000a120 (0x8073fd37) lui     s10, 0x8073f
core   0: 3 0x8000a120 (0x8073fd37) x26 0x8073f000
core   0: 0x8000a124 (0x01720d33) add     s10, tp, s7
core   0: 3 0x8000a124 (0x01720d33) x26 0xaf63f534
core   0: 0x8000a128 (0x01a10733) add     a4, sp, s10
core   0: 3 0x8000a128 (0x01a10733) x14 0x6d1ab534
core   0: 0x8000a12c (0x4cf93e17) auipc   t3, 0x4cf93
core   0: 3 0x8000a12c (0x4cf93e17) x28 0xccf9d12c
core   0: 0x8000a130 (0x402080b3) sub     ra, ra, sp
core   0: 3 0x8000a130 (0x402080b3) x 1 0x0c9b67c0
core   0: 0x8000a134 (0x00000013) nop
core   0: 3 0x8000a134 (0x00000013)
core   0: 0x8000a138 (0x79fd8e13) addi    t3, s11, 1951
core   0: 3 0x8000a138 (0x79fd8e13) x28 0xd56c3947
core   0: 0x8000a13c (0xa5932213) slti    tp, t1, -1447
core   0: 3 0x8000a13c (0xa5932213) x 4 0x00000001
core   0: 0x8000a140 (0x410e54b3) sra     s1, t3, a6
core   0: 3 0x8000a140 (0x410e54b3) x 9 0xd56c3947
core   0: 0x8000a144 (0x01b97033) and     zero, s2, s11
core   0: 3 0x8000a144 (0x01b97033)
core   0: 0x8000a148 (0x32257793) andi    a5, a0, 802
core   0: 3 0x8000a148 (0x32257793) x15 0x00000220
core   0: 0x8000a14c (0x4b707d13) andi    s10, zero, 1207
core   0: 3 0x8000a14c (0x4b707d13) x26 0x00000000
core   0: 0x8000a150 (0x26bf8413) addi    s0, t6, 619
core   0: 3 0x8000a150 (0x26bf8413) x 8 0x00000553
core   0: 0x8000a154 (0x22a9b193) sltiu   gp, s3, 554
core   0: 3 0x8000a154 (0x22a9b193) x 3 0x00000000
core   0: 0x8000a158 (0xa80b7eb7) lui     t4, 0xa80b7
core   0: 3 0x8000a158 (0xa80b7eb7) x29 0xa80b7000
core   0: 0x8000a15c (0x00fbd113) srli    sp, s7, 15
core   0: 3 0x8000a15c (0x00fbd113) x 2 0x0001aad8
core   0: 0x8000a160 (0x9d0e8d13) addi    s10, t4, -1584
core   0: 3 0x8000a160 (0x9d0e8d13) x26 0xa80b69d0
core   0: 0x8000a164 (0x006b5093) srli    ra, s6, 6
core   0: 3 0x8000a164 (0x006b5093) x 1 0x00f59391
core   0: 0x8000a168 (0x00154133) xor     sp, a0, ra
core   0: 3 0x8000a168 (0x00154133) x 2 0x80f49df5
core   0: 0x8000a16c (0x012a72b3) and     t0, s4, s2
core   0: 3 0x8000a16c (0x012a72b3) x 5 0x78e280ad
core   0: 0x8000a170 (0x78884b13) xori    s6, a6, 1928
core   0: 3 0x8000a170 (0x78884b13) x22 0x00000788
core   0: 0x8000a174 (0x570d6f93) ori     t6, s10, 1392
core   0: 3 0x8000a174 (0x570d6f93) x31 0xa80b6df0
core   0: 0x8000a178 (0x60972913) slti    s2, a4, 1545
core   0: 3 0x8000a178 (0x60972913) x18 0x00000000
core   0: 0x8000a17c (0xdf166693) ori     a3, a2, -527
core   0: 3 0x8000a17c (0xdf166693) x13 0xfffffdf1
core   0: 0x8000a180 (0x0075b733) sltu    a4, a1, t2
core   0: 3 0x8000a180 (0x0075b733) x14 0x00000000
core   0: 0x8000a184 (0x00f44233) xor     tp, s0, a5
core   0: 3 0x8000a184 (0x00f44233) x 4 0x00000773
core   0: 0x8000a188 (0xe284ec93) ori     s9, s1, -472
core   0: 3 0x8000a188 (0xe284ec93) x25 0xffffff6f
core   0: 0x8000a18c (0xf00afb13) andi    s6, s5, -256
core   0: 3 0x8000a18c (0xf00afb13) x22 0x00000000
core   0: 0x8000a190 (0x2ec48e13) addi    t3, s1, 748
core   0: 3 0x8000a190 (0x2ec48e13) x28 0xd56c3c33
core   0: 0x8000a194 (0x00f7d033) srl     zero, a5, a5
core   0: 3 0x8000a194 (0x00f7d033)
core   0: 0x8000a198 (0x41d50e33) sub     t3, a0, t4
core   0: 3 0x8000a198 (0x41d50e33) x28 0xd7f59e64
core   0: 0x8000a19c (0x01fdc033) xor     zero, s11, t6
core   0: 3 0x8000a19c (0x01fdc033)
core   0: 0x8000a1a0 (0x00497f33) and     t5, s2, tp
core   0: 3 0x8000a1a0 (0x00497f33) x30 0x00000000
core   0: 0x8000a1a4 (0x003b1cb3) sll     s9, s6, gp
core   0: 3 0x8000a1a4 (0x003b1cb3) x25 0x00000000
core   0: 0x8000a1a8 (0x6915e193) ori     gp, a1, 1681
core   0: 3 0x8000a1a8 (0x6915e193) x 3 0xffffffd9
core   0: 0x8000a1ac (0x41115a13) srai    s4, sp, 17
core   0: 3 0x8000a1ac (0x41115a13) x20 0xffffc07a
core   0: 0x8000a1b0 (0x00d096b3) sll     a3, ra, a3
core   0: 3 0x8000a1b0 (0x00d096b3) x13 0x27220000
core   0: 0x8000a1b4 (0xb03b7593) andi    a1, s6, -1277
core   0: 3 0x8000a1b4 (0xb03b7593) x11 0x00000000
core   0: 0x8000a1b8 (0x01e59793) slli    a5, a1, 30
core   0: 3 0x8000a1b8 (0x01e59793) x15 0x00000000
core   0: 0x8000a1bc (0x1b463e13) sltiu   t3, a2, 436
core   0: 3 0x8000a1bc (0x1b463e13) x28 0x00000001
core   0: 0x8000a1c0 (0x41e25213) srai    tp, tp, 30
core   0: 3 0x8000a1c0 (0x41e25213) x 4 0x00000000
core   0: 0x8000a1c4 (0x7eb78b93) addi    s7, a5, 2027
core   0: 3 0x8000a1c4 (0x7eb78b93) x23 0x000007eb
core   0: 0x8000a1c8 (0x00000013) nop
core   0: 3 0x8000a1c8 (0x00000013)
core   0: 0x8000a1cc (0x40c18a33) sub     s4, gp, a2
core   0: 3 0x8000a1cc (0x40c18a33) x20 0xffffffd9
core   0: 0x8000a1d0 (0x004fc8b3) xor     a7, t6, tp
core   0: 3 0x8000a1d0 (0x004fc8b3) x17 0xa80b6df0
core   0: 0x8000a1d4 (0x407559b3) sra     s3, a0, t2
core   0: 3 0x8000a1d4 (0x407559b3) x19 0x80010e64
core   0: 0x8000a1d8 (0x013864b3) or      s1, a6, s3
core   0: 3 0x8000a1d8 (0x013864b3) x 9 0x80010e64
core   0: 0x8000a1dc (0x41cd5913) srai    s2, s10, 28
core   0: 3 0x8000a1dc (0x41cd5913) x18 0xfffffffa
core   0: 0x8000a1e0 (0x00ff2f33) slt     t5, t5, a5
core   0: 3 0x8000a1e0 (0x00ff2f33) x30 0x00000000
core   0: 0x8000a1e4 (0x3425ac13) slti    s8, a1, 834
core   0: 3 0x8000a1e4 (0x3425ac13) x24 0x00000001
core   0: 0x8000a1e8 (0xb4874b17) auipc   s6, 0xb4874
core   0: 3 0x8000a1e8 (0xb4874b17) x22 0x3487e1e8
core   0: 0x8000a1ec (0x00000013) nop
core   0: 3 0x8000a1ec (0x00000013)
core   0: 0x8000a1f0 (0x01af2133) slt     sp, t5, s10
core   0: 3 0x8000a1f0 (0x01af2133) x 2 0x00000000
core   0: 0x8000a1f4 (0x018bbfb3) sltu    t6, s7, s8
core   0: 3 0x8000a1f4 (0x018bbfb3) x31 0x00000000
core   0: 0x8000a1f8 (0x21108913) addi    s2, ra, 529
core   0: 3 0x8000a1f8 (0x21108913) x18 0x00f595a2
core   0: 0x8000a1fc (0xc51921b7) lui     gp, 0xc5192
core   0: 3 0x8000a1fc (0xc51921b7) x 3 0xc5192000
core   0: 0x8000a200 (0x39ac4a37) lui     s4, 0x39ac4
core   0: 3 0x8000a200 (0x39ac4a37) x20 0x39ac4000
core   0: 0x8000a204 (0x00443433) sltu    s0, s0, tp
core   0: 3 0x8000a204 (0x00443433) x 8 0x00000000
core   0: 0x8000a208 (0xecfd2213) slti    tp, s10, -305
core   0: 3 0x8000a208 (0xecfd2213) x 4 0x00000001
core   0: 0x8000a20c (0x01a09633) sll     a2, ra, s10
core   0: 3 0x8000a20c (0x01a09633) x12 0x93910000
core   0: 0x8000a210 (0x946c6013) ori     zero, s8, -1722
core   0: 3 0x8000a210 (0x946c6013)
core   0: 0x8000a214 (0x77587937) lui     s2, 0x77587
core   0: 3 0x8000a214 (0x77587937) x18 0x77587000
core   0: 0x8000a218 (0x59dc4593) xori    a1, s8, 1437
core   0: 3 0x8000a218 (0x59dc4593) x11 0x0000059c
core   0: 0x8000a21c (0x01af0d33) add     s10, t5, s10
core   0: 3 0x8000a21c (0x01af0d33) x26 0xa80b69d0
core   0: 0x8000a220 (0x8740b013) sltiu   zero, ra, -1932
core   0: 3 0x8000a220 (0x8740b013)
core   0: 0x8000a224 (0x52e8ee97) auipc   t4, 0x52e8e
core   0: 3 0x8000a224 (0x52e8ee97) x29 0xd2e98224
core   0: 0x8000a228 (0x941bc713) xori    a4, s7, -1727
core   0: 3 0x8000a228 (0x941bc713) x14 0xfffffeaa
core   0: 0x8000a22c (0x019102b3) add     t0, sp, s9
core   0: 3 0x8000a22c (0x019102b3) x 5 0x00000000
core   0: 0x8000a230 (0x01f2dd33) srl     s10, t0, t6
core   0: 3 0x8000a230 (0x01f2dd33) x26 0x00000000
core   0: 0x8000a234 (0x008c10b3) sll     ra, s8, s0
core   0: 3 0x8000a234 (0x008c10b3) x 1 0x00000001
core   0: 0x8000a238 (0xe710ab17) auipc   s6, 0xe710a
core   0: 3 0x8000a238 (0xe710ab17) x22 0x67114238
core   0: 0x8000a23c (0x00859793) slli    a5, a1, 8
core   0: 3 0x8000a23c (0x00859793) x15 0x00059c00
core   0: 0x8000a240 (0xebe2f993) andi    s3, t0, -322
core   0: 3 0x8000a240 (0xebe2f993) x19 0x00000000
core   0: 0x8000a244 (0x00423d33) sltu    s10, tp, tp
core   0: 3 0x8000a244 (0x00423d33) x26 0x00000000
core   0: 0x8000a248 (0x00be9bb3) sll     s7, t4, a1
core   0: 3 0x8000a248 (0x00be9bb3) x23 0x40000000
core   0: 0x8000a24c (0x001f25b3) slt     a1, t5, ra
core   0: 3 0x8000a24c (0x001f25b3) x11 0x00000001
core   0: 0x8000a250 (0x001c5013) srli    zero, s8, 1
core   0: 3 0x8000a250 (0x001c5013)
core   0: 0x8000a254 (0x3c4b3493) sltiu   s1, s6, 964
core   0: 3 0x8000a254 (0x3c4b3493) x 9 0x00000000
core   0: 0x8000a258 (0x0190ef33) or      t5, ra, s9
core   0: 3 0x8000a258 (0x0190ef33) x30 0x00000001
core   0: 0x8000a25c (0x005b5613) srli    a2, s6, 5
core   0: 3 0x8000a25c (0x005b5613) x12 0x03388a11
core   0: 0x8000a260 (0x01889d13) slli    s10, a7, 24
core   0: 3 0x8000a260 (0x01889d13) x26 0xf0000000
core   0: 0x8000a264 (0x00151713) slli    a4, a0, 1
core   0: 3 0x8000a264 (0x00151713) x14 0x00021cc8
core   0: 0x8000a268 (0x00599db3) sll     s11, s3, t0
core   0: 3 0x8000a268 (0x00599db3) x27 0x00000000
core   0: 0x8000a26c (0x003fe933) or      s2, t6, gp
core   0: 3 0x8000a26c (0x003fe933) x18 0xc5192000
core   0: 0x8000a270 (0xfb13c893) xori    a7, t2, -79
core   0: 3 0x8000a270 (0xfb13c893) x17 0x7fffffb1
core   0: 0x8000a274 (0x40d0da93) srai    s5, ra, 13
core   0: 3 0x8000a274 (0x40d0da93) x21 0x00000000
core   0: 0x8000a278 (0x0ca5ba93) sltiu   s5, a1, 202
core   0: 3 0x8000a278 (0x0ca5ba93) x21 0x00000001
core   0: 0x8000a27c (0x417a8ab3) sub     s5, s5, s7
core   0: 3 0x8000a27c (0x417a8ab3) x21 0xc0000001
core   0: 0x8000a280 (0xd2182193) slti    gp, a6, -735
core   0: 3 0x8000a280 (0xd2182193) x 3 0x00000000
core   0: 0x8000a284 (0x00000013) nop
core   0: 3 0x8000a284 (0x00000013)
core   0: 0x8000a288 (0x00c69693) slli    a3, a3, 12
core   0: 3 0x8000a288 (0x00c69693) x13 0x20000000
core   0: 0x8000a28c (0xb53e2013) slti    zero, t3, -1197
core   0: 3 0x8000a28c (0xb53e2013)
core   0: 0x8000a290 (0x01484e33) xor     t3, a6, s4
core   0: 3 0x8000a290 (0x01484e33) x28 0x39ac4000
core   0: 0x8000a294 (0xadf16997) auipc   s3, 0xadf16
core   0: 3 0x8000a294 (0xadf16997) x19 0x2df20294
core   0: 0x8000a298 (0x859fac13) slti    s8, t6, -1959
core   0: 3 0x8000a298 (0x859fac13) x24 0x00000000
core   0: 0x8000a29c (0x000de7b3) or      a5, s11, zero
core   0: 3 0x8000a29c (0x000de7b3) x15 0x00000000
core   0: 0x8000a2a0 (0xa7596713) ori     a4, s2, -1419
core   0: 3 0x8000a2a0 (0xa7596713) x14 0xfffffa75
core   0: 0x8000a2a4 (0x41e10633) sub     a2, sp, t5
core   0: 3 0x8000a2a4 (0x41e10633) x12 0xffffffff
core   0: 0x8000a2a8 (0x00ba85b3) add     a1, s5, a1
core   0: 3 0x8000a2a8 (0x00ba85b3) x11 0xc0000002
core   0: 0x8000a2ac (0x0103e4b3) or      s1, t2, a6
core   0: 3 0x8000a2ac (0x0103e4b3) x 9 0x80000000
core   0: 0x8000a2b0 (0x00cb4bb3) xor     s7, s6, a2
core   0: 3 0x8000a2b0 (0x00cb4bb3) x23 0x98eebdc7
core   0: 0x8000a2b4 (0x0017ccb3) xor     s9, a5, ra
core   0: 3 0x8000a2b4 (0x0017ccb3) x25 0x00000001
core   0: 0x8000a2b8 (0x006bd593) srli    a1, s7, 6
core   0: 3 0x8000a2b8 (0x006bd593) x11 0x0263baf7
core   0: 0x8000a2bc (0x73c84817) auipc   a6, 0x73c84
core   0: 3 0x8000a2bc (0x73c84817) x16 0xf3c8e2bc
core   0: 0x8000a2c0 (0x404856b3) sra     a3, a6, tp
core   0: 3 0x8000a2c0 (0x404856b3) x13 0xf9e4715e
core   0: 0x8000a2c4 (0x018a6433) or      s0, s4, s8
core   0: 3 0x8000a2c4 (0x018a6433) x 8 0x39ac4000
core   0: 0x8000a2c8 (0xa647b117) auipc   sp, 0xa647b
core   0: 3 0x8000a2c8 (0xa647b117) x 2 0x264852c8
core   0: 0x8000a2cc (0x00ecfcb3) and     s9, s9, a4
core   0: 3 0x8000a2cc (0x00ecfcb3) x25 0x00000001
core   0: 0x8000a2d0 (0x00a63c33) sltu    s8, a2, a0
core   0: 3 0x8000a2d0 (0x00a63c33) x24 0x00000000
core   0: 0x8000a2d4 (0x00ece5b3) or      a1, s9, a4
core   0: 3 0x8000a2d4 (0x00ece5b3) x11 0xfffffa75
core   0: 0x8000a2d8 (0x4cd62e13) slti    t3, a2, 1229
core   0: 3 0x8000a2d8 (0x4cd62e13) x28 0x00000001
core   0: 0x8000a2dc (0xa6d38a37) lui     s4, 0xa6d38
core   0: 3 0x8000a2dc (0xa6d38a37) x20 0xa6d38000
core   0: 0x8000a2e0 (0x00dc8733) add     a4, s9, a3
core   0: 3 0x8000a2e0 (0x00dc8733) x14 0xf9e4715f
core   0: 0x8000a2e4 (0x01999f13) slli    t5, s3, 25
core   0: 3 0x8000a2e4 (0x01999f13) x30 0x28000000
core   0: 0x8000a2e8 (0x0110a733) slt     a4, ra, a7
core   0: 3 0x8000a2e8 (0x0110a733) x14 0x00000001
core   0: 0x8000a2ec (0x0aeea493) slti    s1, t4, 174
core   0: 3 0x8000a2ec (0x0aeea493) x 9 0x00000001
core   0: 0x8000a2f0 (0x4cf8b813) sltiu   a6, a7, 1231
core   0: 3 0x8000a2f0 (0x4cf8b813) x16 0x00000000
core   0: 0x8000a2f4 (0x41962593) slti    a1, a2, 1049
core   0: 3 0x8000a2f4 (0x41962593) x11 0x00000001
core   0: 0x8000a2f8 (0x2d667813) andi    a6, a2, 726
core   0: 3 0x8000a2f8 (0x2d667813) x16 0x000002d6
core   0: 0x8000a2fc (0xfbed21b7) lui     gp, 0xfbed2
core   0: 3 0x8000a2fc (0xfbed21b7) x 3 0xfbed2000
core   0: 0x8000a300 (0xeac4b113) sltiu   sp, s1, -340
core   0: 3 0x8000a300 (0xeac4b113) x 2 0x00000001
core   0: 0x8000a304 (0x0022d7b3) srl     a5, t0, sp
core   0: 3 0x8000a304 (0x0022d7b3) x15 0x00000000
core   0: 0x8000a308 (0x01e4ae33) slt     t3, s1, t5
core   0: 3 0x8000a308 (0x01e4ae33) x28 0x00000001
core   0: 0x8000a30c (0x4186d433) sra     s0, a3, s8
core   0: 3 0x8000a30c (0x4186d433) x 8 0xf9e4715e
core   0: 0x8000a310 (0x407558b3) sra     a7, a0, t2
core   0: 3 0x8000a310 (0x407558b3) x17 0x80010e64
core   0: 0x8000a314 (0xc6c66b93) ori     s7, a2, -916
core   0: 3 0x8000a314 (0xc6c66b93) x23 0xffffffff
core   0: 0x8000a318 (0xe93dcb13) xori    s6, s11, -365
core   0: 3 0x8000a318 (0xe93dcb13) x22 0xfffffe93
core   0: 0x8000a31c (0x1aaf8d93) addi    s11, t6, 426
core   0: 3 0x8000a31c (0x1aaf8d93) x27 0x000001aa
core   0: 0x8000a320 (0x00375913) srli    s2, a4, 3
core   0: 3 0x8000a320 (0x00375913) x18 0x00000000
core   0: 0x8000a324 (0xc0b92593) slti    a1, s2, -1013
core   0: 3 0x8000a324 (0xc0b92593) x11 0x00000000
core   0: 0x8000a328 (0x01782db3) slt     s11, a6, s7
core   0: 3 0x8000a328 (0x01782db3) x27 0x00000000
core   0: 0x8000a32c (0x00ae0cb3) add     s9, t3, a0
core   0: 3 0x8000a32c (0x00ae0cb3) x25 0x80010e65
core   0: 0x8000a330 (0xf90c4613) xori    a2, s8, -112
core   0: 3 0x8000a330 (0xf90c4613) x12 0xffffff90
core   0: 0x8000a334 (0x0143ebb3) or      s7, t2, s4
core   0: 3 0x8000a334 (0x0143ebb3) x23 0xa6d38000
core   0: 0x8000a338 (0x0b31fd93) andi    s11, gp, 179
core   0: 3 0x8000a338 (0x0b31fd93) x27 0x00000000
core   0: 0x8000a33c (0x009ff2b3) and     t0, t6, s1
core   0: 3 0x8000a33c (0x009ff2b3) x 5 0x00000000
core   0: 0x8000a340 (0x3a11f213) andi    tp, gp, 929
core   0: 3 0x8000a340 (0x3a11f213) x 4 0x00000000
core   0: 0x8000a344 (0x00dca133) slt     sp, s9, a3
core   0: 3 0x8000a344 (0x00dca133) x 2 0x00000001
core   0: 0x8000a348 (0x00365993) srli    s3, a2, 3
core   0: 3 0x8000a348 (0x00365993) x19 0x1ffffff2
core   0: 0x8000a34c (0x0067a433) slt     s0, a5, t1
core   0: 3 0x8000a34c (0x0067a433) x 8 0x00000000
core   0: 0x8000a350 (0x0054c8b3) xor     a7, s1, t0
core   0: 3 0x8000a350 (0x0054c8b3) x17 0x00000001
core   0: 0x8000a354 (0x0089adb3) slt     s11, s3, s0
core   0: 3 0x8000a354 (0x0089adb3) x27 0x00000000
core   0: 0x8000a358 (0x0f2b6193) ori     gp, s6, 242
core   0: 3 0x8000a358 (0x0f2b6193) x 3 0xfffffef3
core   0: 0x8000a35c (0x018a0db3) add     s11, s4, s8
core   0: 3 0x8000a35c (0x018a0db3) x27 0xa6d38000
core   0: 0x8000a360 (0x45443413) sltiu   s0, s0, 1108
core   0: 3 0x8000a360 (0x45443413) x 8 0x00000001
core   0: 0x8000a364 (0x003080b3) add     ra, ra, gp
core   0: 3 0x8000a364 (0x003080b3) x 1 0xfffffef4
core   0: 0x8000a368 (0x9dadb113) sltiu   sp, s11, -1574
core   0: 3 0x8000a368 (0x9dadb113) x 2 0x00000001
core   0: 0x8000a36c (0xfec5fc13) andi    s8, a1, -20
core   0: 3 0x8000a36c (0xfec5fc13) x24 0x00000000
core   0: 0x8000a370 (0x00a54ab3) xor     s5, a0, a0
core   0: 3 0x8000a370 (0x00a54ab3) x21 0x00000000
core   0: 0x8000a374 (0x40ac0b33) sub     s6, s8, a0
core   0: 3 0x8000a374 (0x40ac0b33) x22 0x7ffef19c
core   0: 0x8000a378 (0x2d14a713) slti    a4, s1, 721
core   0: 3 0x8000a378 (0x2d14a713) x14 0x00000001
core   0: 0x8000a37c (0xbfdbaa13) slti    s4, s7, -1027
core   0: 3 0x8000a37c (0xbfdbaa13) x20 0x00000001
core   0: 0x8000a380 (0x40bd55b3) sra     a1, s10, a1
core   0: 3 0x8000a380 (0x40bd55b3) x11 0xf0000000
core   0: 0x8000a384 (0x00062fb3) slt     t6, a2, zero
core   0: 3 0x8000a384 (0x00062fb3) x31 0x00000001
core   0: 0x8000a388 (0x000bd6b3) srl     a3, s7, zero
core   0: 3 0x8000a388 (0x000bd6b3) x13 0xa6d38000
core   0: 0x8000a38c (0xf1853113) sltiu   sp, a0, -232
core   0: 3 0x8000a38c (0xf1853113) x 2 0x00000001
core   0: 0x8000a390 (0x24b5e613) ori     a2, a1, 587
core   0: 3 0x8000a390 (0x24b5e613) x12 0xf000024b
core   0: 0x8000a394 (0x00000013) nop
core   0: 3 0x8000a394 (0x00000013)
core   0: 0x8000a398 (0x69980493) addi    s1, a6, 1689
core   0: 3 0x8000a398 (0x69980493) x 9 0x0000096f
core   0: 0x8000a39c (0xfbee8213) addi    tp, t4, -66
core   0: 3 0x8000a39c (0xfbee8213) x 4 0xd2e981e2
core   0: 0x8000a3a0 (0x012599b3) sll     s3, a1, s2
core   0: 3 0x8000a3a0 (0x012599b3) x19 0xf0000000
core   0: 0x8000a3a4 (0x0171abb3) slt     s7, gp, s7
core   0: 3 0x8000a3a4 (0x0171abb3) x23 0x00000000
core   0: 0x8000a3a8 (0x4063d9b3) sra     s3, t2, t1
core   0: 3 0x8000a3a8 (0x4063d9b3) x19 0xf8000000
core   0: 0x8000a3ac (0xe0d6dc17) auipc   s8, 0xe0d6d
core   0: 3 0x8000a3ac (0xe0d6dc17) x24 0x60d773ac
core   0: 0x8000a3b0 (0x0080fbb3) and     s7, ra, s0
core   0: 3 0x8000a3b0 (0x0080fbb3) x23 0x00000000
core   0: 0x8000a3b4 (0x01e89e33) sll     t3, a7, t5
core   0: 3 0x8000a3b4 (0x01e89e33) x28 0x00000001
core   0: 0x8000a3b8 (0xb7e27d17) auipc   s10, 0xb7e27
core   0: 3 0x8000a3b8 (0xb7e27d17) x26 0x37e313b8
core   0: 0x8000a3bc (0x01a13fb3) sltu    t6, sp, s10
core   0: 3 0x8000a3bc (0x01a13fb3) x31 0x00000001
core   0: 0x8000a3c0 (0x01071433) sll     s0, a4, a6
core   0: 3 0x8000a3c0 (0x01071433) x 8 0x00400000
core   0: 0x8000a3c4 (0x41e68233) sub     tp, a3, t5
core   0: 3 0x8000a3c4 (0x41e68233) x 4 0x7ed38000
core   0: 0x8000a3c8 (0xc44456b7) lui     a3, 0xc4445
core   0: 3 0x8000a3c8 (0xc44456b7) x13 0xc4445000
core   0: 0x8000a3cc (0x40dcd293) srai    t0, s9, 13
core   0: 3 0x8000a3cc (0x40dcd293) x 5 0xfffc0008
core   0: 0x8000a3d0 (0x00fcd7b3) srl     a5, s9, a5
core   0: 3 0x8000a3d0 (0x00fcd7b3) x15 0x80010e65
core   0: 0x8000a3d4 (0xcc71c693) xori    a3, gp, -825
core   0: 3 0x8000a3d4 (0xcc71c693) x13 0x00000234
core   0: 0x8000a3d8 (0x00ce5113) srli    sp, t3, 12
core   0: 3 0x8000a3d8 (0x00ce5113) x 2 0x00000000
core   0: 0x8000a3dc (0x012e0bb3) add     s7, t3, s2
core   0: 3 0x8000a3dc (0x012e0bb3) x23 0x00000001
core   0: 0x8000a3e0 (0x01c71113) slli    sp, a4, 28
core   0: 3 0x8000a3e0 (0x01c71113) x 2 0x10000000
core   0: 0x8000a3e4 (0xa244af37) lui     t5, 0xa244a
core   0: 3 0x8000a3e4 (0xa244af37) x30 0xa244a000
core   0: 0x8000a3e8 (0x69442193) slti    gp, s0, 1684
core   0: 3 0x8000a3e8 (0x69442193) x 3 0x00000000
core   0: 0x8000a3ec (0xd7016613) ori     a2, sp, -656
core   0: 3 0x8000a3ec (0xd7016613) x12 0xfffffd70
core   0: 0x8000a3f0 (0x8b25be13) sltiu   t3, a1, -1870
core   0: 3 0x8000a3f0 (0x8b25be13) x28 0x00000001
core   0: 0x8000a3f4 (0x019b1d33) sll     s10, s6, s9
core   0: 3 0x8000a3f4 (0x019b1d33) x26 0xffde3380
core   0: 0x8000a3f8 (0x00e45233) srl     tp, s0, a4
core   0: 3 0x8000a3f8 (0x00e45233) x 4 0x00200000
core   0: 0x8000a3fc (0xd49dae93) slti    t4, s11, -695
core   0: 3 0x8000a3fc (0xd49dae93) x29 0x00000001
core   0: 0x8000a400 (0x017a9813) slli    a6, s5, 23
core   0: 3 0x8000a400 (0x017a9813) x16 0x00000000
core   0: 0x8000a404 (0xded38613) addi    a2, t2, -531
core   0: 3 0x8000a404 (0xded38613) x12 0x7ffffded
core   0: 0x8000a408 (0x9eb06093) ori     ra, zero, -1557
core   0: 3 0x8000a408 (0x9eb06093) x 1 0xfffff9eb
core   0: 0x8000a40c (0x5aa28293) addi    t0, t0, 1450
core   0: 3 0x8000a40c (0x5aa28293) x 5 0xfffc05b2
core   0: 0x8000a410 (0xe6372193) slti    gp, a4, -413
core   0: 3 0x8000a410 (0xe6372193) x 3 0x00000000
core   0: 0x8000a414 (0x56764713) xori    a4, a2, 1383
core   0: 3 0x8000a414 (0x56764713) x14 0x7ffff88a
core   0: 0x8000a418 (0x41075a93) srai    s5, a4, 16
core   0: 3 0x8000a418 (0x41075a93) x21 0x00007fff
core   0: 0x8000a41c (0x00d22733) slt     a4, tp, a3
core   0: 3 0x8000a41c (0x00d22733) x14 0x00000000
core   0: 0x8000a420 (0x00b3cc33) xor     s8, t2, a1
core   0: 3 0x8000a420 (0x00b3cc33) x24 0x70000000
core   0: 0x8000a424 (0x00787e33) and     t3, a6, t2
core   0: 3 0x8000a424 (0x00787e33) x28 0x00000000
core   0: 0x8000a428 (0x7d3faa97) auipc   s5, 0x7d3fa
core   0: 3 0x8000a428 (0x7d3faa97) x21 0xfd404428
core   0: 0x8000a42c (0xa7e92c13) slti    s8, s2, -1410
core   0: 3 0x8000a42c (0xa7e92c13) x24 0x00000000
core   0: 0x8000a430 (0x01e7cbb3) xor     s7, a5, t5
core   0: 3 0x8000a430 (0x01e7cbb3) x23 0x2245ae65
core   0: 0x8000a434 (0x6011ca93) xori    s5, gp, 1537
core   0: 3 0x8000a434 (0x6011ca93) x21 0x00000601
core   0: 0x8000a438 (0x01bbdd13) srli    s10, s7, 27
core   0: 3 0x8000a438 (0x01bbdd13) x26 0x00000004
core   0: 0x8000a43c (0x40dfd733) sra     a4, t6, a3
core   0: 3 0x8000a43c (0x40dfd733) x14 0x00000000
core   0: 0x8000a440 (0x85220713) addi    a4, tp, -1966
core   0: 3 0x8000a440 (0x85220713) x14 0x001ff852
core   0: 0x8000a444 (0xb1ffdb37) lui     s6, 0xb1ffd
core   0: 3 0x8000a444 (0xb1ffdb37) x22 0xb1ffd000
core   0: 0x8000a448 (0x01141113) slli    sp, s0, 17
core   0: 3 0x8000a448 (0x01141113) x 2 0x00000000
core   0: 0x8000a44c (0x40b1d113) srai    sp, gp, 11
core   0: 3 0x8000a44c (0x40b1d113) x 2 0x00000000
core   0: 0x8000a450 (0x00e19293) slli    t0, gp, 14
core   0: 3 0x8000a450 (0x00e19293) x 5 0x00000000
core   0: 0x8000a454 (0x00dbbeb3) sltu    t4, s7, a3
core   0: 3 0x8000a454 (0x00dbbeb3) x29 0x00000000
core   0: 0x8000a458 (0xf87c4693) xori    a3, s8, -121
core   0: 3 0x8000a458 (0xf87c4693) x13 0xffffff87
core   0: 0x8000a45c (0xd88066b7) lui     a3, 0xd8806
core   0: 3 0x8000a45c (0xd88066b7) x13 0xd8806000
core   0: 0x8000a460 (0x2cb10693) addi    a3, sp, 715
core   0: 3 0x8000a460 (0x2cb10693) x13 0x000002cb
core   0: 0x8000a464 (0x00ff5993) srli    s3, t5, 15
core   0: 3 0x8000a464 (0x00ff5993) x19 0x00014489
core   0: 0x8000a468 (0x00155413) srli    s0, a0, 1
core   0: 3 0x8000a468 (0x00155413) x 8 0x40008732
core   0: 0x8000a46c (0x40f80733) sub     a4, a6, a5
core   0: 3 0x8000a46c (0x40f80733) x14 0x7ffef19b
core   0: 0x8000a470 (0x00000013) nop
core   0: 3 0x8000a470 (0x00000013)
core   0: 0x8000a474 (0x40b702b3) sub     t0, a4, a1
core   0: 3 0x8000a474 (0x40b702b3) x 5 0x8ffef19b
core   0: 0x8000a478 (0x00000013) nop
core   0: 3 0x8000a478 (0x00000013)
core   0: 0x8000a47c (0x00bb7133) and     sp, s6, a1
core   0: 3 0x8000a47c (0x00bb7133) x 2 0xb0000000
core   0: 0x8000a480 (0x009ba033) slt     zero, s7, s1
core   0: 3 0x8000a480 (0x009ba033)
core   0: 0x8000a484 (0x01855013) srli    zero, a0, 24
core   0: 3 0x8000a484 (0x01855013)
core   0: 0x8000a488 (0x0034a933) slt     s2, s1, gp
core   0: 3 0x8000a488 (0x0034a933) x18 0x00000000
core   0: 0x8000a48c (0x015c9033) sll     zero, s9, s5
core   0: 3 0x8000a48c (0x015c9033)
core   0: 0x8000a490 (0x00000013) nop
core   0: 3 0x8000a490 (0x00000013)
core   0: 0x8000a494 (0x18f51f17) auipc   t5, 0x18f51
core   0: 3 0x8000a494 (0x18f51f17) x30 0x98f5b494
core   0: 0x8000a498 (0x00aeb5b3) sltu    a1, t4, a0
core   0: 3 0x8000a498 (0x00aeb5b3) x11 0x00000001
core   0: 0x8000a49c (0x943c4293) xori    t0, s8, -1725
core   0: 3 0x8000a49c (0x943c4293) x 5 0xfffff943
core   0: 0x8000a4a0 (0x40f38a33) sub     s4, t2, a5
core   0: 3 0x8000a4a0 (0x40f38a33) x20 0xfffef19b
core   0: 0x8000a4a4 (0x00194fb3) xor     t6, s2, ra
core   0: 3 0x8000a4a4 (0x00194fb3) x31 0xfffff9eb
core   0: 0x8000a4a8 (0x40a70f33) sub     t5, a4, a0
core   0: 3 0x8000a4a8 (0x40a70f33) x30 0xfffde337
core   0: 0x8000a4ac (0x014bf833) and     a6, s7, s4
core   0: 3 0x8000a4ac (0x014bf833) x16 0x2244a001
core   0: 0x8000a4b0 (0x58836b93) ori     s7, t1, 1416
core   0: 3 0x8000a4b0 (0x58836b93) x23 0x80014dec
core   0: 0x8000a4b4 (0x01aed433) srl     s0, t4, s10
core   0: 3 0x8000a4b4 (0x01aed433) x 8 0x00000000
core   0: 0x8000a4b8 (0x010e79b3) and     s3, t3, a6
core   0: 3 0x8000a4b8 (0x010e79b3) x19 0x00000000
core   0: 0x8000a4bc (0x003bef33) or      t5, s7, gp
core   0: 3 0x8000a4bc (0x003bef33) x30 0x80014dec
core   0: 0x8000a4c0 (0x018f8ab3) add     s5, t6, s8
core   0: 3 0x8000a4c0 (0x018f8ab3) x21 0xfffff9eb
core   0: 0x8000a4c4 (0x012c5e13) srli    t3, s8, 18
core   0: 3 0x8000a4c4 (0x012c5e13) x28 0x00000000
core   0: 0x8000a4c8 (0xc8878217) auipc   tp, 0xc8878
core   0: 3 0x8000a4c8 (0xc8878217) x 4 0x488824c8
core   0: 0x8000a4cc (0x00a8c133) xor     sp, a7, a0
core   0: 3 0x8000a4cc (0x00a8c133) x 2 0x80010e65
core   0: 0x8000a4d0 (0x006a8f33) add     t5, s5, t1
core   0: 3 0x8000a4d0 (0x006a8f33) x30 0x800146cf
core   0: 0x8000a4d4 (0x27506813) ori     a6, zero, 629
core   0: 3 0x8000a4d4 (0x27506813) x16 0x00000275
core   0: 0x8000a4d8 (0x14a87613) andi    a2, a6, 330
core   0: 3 0x8000a4d8 (0x14a87613) x12 0x00000040
core   0: 0x8000a4dc (0x00f185b3) add     a1, gp, a5
core   0: 3 0x8000a4dc (0x00f185b3) x11 0x80010e65
core   0: 0x8000a4e0 (0x00000013) nop
core   0: 3 0x8000a4e0 (0x00000013)
core   0: 0x8000a4e4 (0x0bb48813) addi    a6, s1, 187
core   0: 3 0x8000a4e4 (0x0bb48813) x16 0x00000a2a
core   0: 0x8000a4e8 (0x174ec793) xori    a5, t4, 372
core   0: 3 0x8000a4e8 (0x174ec793) x15 0x00000174
core   0: 0x8000a4ec (0x7bf66613) ori     a2, a2, 1983
core   0: 3 0x8000a4ec (0x7bf66613) x12 0x000007ff
core   0: 0x8000a4f0 (0x4451a493) slti    s1, gp, 1093
core   0: 3 0x8000a4f0 (0x4451a493) x 9 0x00000001
core   0: 0x8000a4f4 (0x0165c6b3) xor     a3, a1, s6
core   0: 3 0x8000a4f4 (0x0165c6b3) x13 0x31fede65
core   0: 0x8000a4f8 (0x41aed633) sra     a2, t4, s10
core   0: 3 0x8000a4f8 (0x41aed633) x12 0x00000000
core   0: 0x8000a4fc (0xf47ba293) slti    t0, s7, -185
core   0: 3 0x8000a4fc (0xf47ba293) x 5 0x00000001
core   0: 0x8000a500 (0x002e27b3) slt     a5, t3, sp
core   0: 3 0x8000a500 (0x002e27b3) x15 0x00000000
core   0: 0x8000a504 (0xee508113) addi    sp, ra, -283
core   0: 3 0x8000a504 (0xee508113) x 2 0xfffff8d0
core   0: 0x8000a508 (0x013db833) sltu    a6, s11, s3
core   0: 3 0x8000a508 (0x013db833) x16 0x00000000
core   0: 0x8000a50c (0x0090f433) and     s0, ra, s1
core   0: 3 0x8000a50c (0x0090f433) x 8 0x00000001
core   0: 0x8000a510 (0x41095d93) srai    s11, s2, 16
core   0: 3 0x8000a510 (0x41095d93) x27 0x00000000
core   0: 0x8000a514 (0x00000013) nop
core   0: 3 0x8000a514 (0x00000013)
core   0: 0x8000a518 (0x01fd85b3) add     a1, s11, t6
core   0: 3 0x8000a518 (0x01fd85b3) x11 0xfffff9eb
core   0: 0x8000a51c (0x0066a7b3) slt     a5, a3, t1
core   0: 3 0x8000a51c (0x0066a7b3) x15 0x00000000
core   0: 0x8000a520 (0x416e5633) sra     a2, t3, s6
core   0: 3 0x8000a520 (0x416e5633) x12 0x00000000
core   0: 0x8000a524 (0x2a85a717) auipc   a4, 0x2a85a
core   0: 3 0x8000a524 (0x2a85a717) x14 0xaa864524
core   0: 0x8000a528 (0xc6d66b93) ori     s7, a2, -915
core   0: 3 0x8000a528 (0xc6d66b93) x23 0xfffffc6d
core   0: 0x8000a52c (0x01518e33) add     t3, gp, s5
core   0: 3 0x8000a52c (0x01518e33) x28 0xfffff9eb
core   0: 0x8000a530 (0x011a9a33) sll     s4, s5, a7
core   0: 3 0x8000a530 (0x011a9a33) x20 0xfffff3d6
core   0: 0x8000a534 (0x005ef2b3) and     t0, t4, t0
core   0: 3 0x8000a534 (0x005ef2b3) x 5 0x00000000
core   0: 0x8000a538 (0x011c9993) slli    s3, s9, 17
core   0: 3 0x8000a538 (0x011c9993) x19 0x1cca0000
core   0: 0x8000a53c (0x00a6d833) srl     a6, a3, a0
core   0: 3 0x8000a53c (0x00a6d833) x16 0x031fede6
core   0: 0x8000a540 (0x01cd4a33) xor     s4, s10, t3
core   0: 3 0x8000a540 (0x01cd4a33) x20 0xfffff9ef
core   0: 0x8000a544 (0xdb602897) auipc   a7, 0xdb602
core   0: 3 0x8000a544 (0xdb602897) x17 0x5b60c544
core   0: 0x8000a548 (0xcf9b6c17) auipc   s8, 0xcf9b6
core   0: 3 0x8000a548 (0xcf9b6c17) x24 0x4f9c0548
core   0: 0x8000a54c (0xf05de413) ori     s0, s11, -251
core   0: 3 0x8000a54c (0xf05de413) x 8 0xffffff05
core   0: 0x8000a550 (0x7384db17) auipc   s6, 0x7384d
core   0: 3 0x8000a550 (0x7384db17) x22 0xf3857550
core   0: 0x8000a554 (0x00cc2bb3) slt     s7, s8, a2
core   0: 3 0x8000a554 (0x00cc2bb3) x23 0x00000000
core   0: 0x8000a558 (0x01105ab3) srl     s5, zero, a7
core   0: 3 0x8000a558 (0x01105ab3) x21 0x00000000
core   0: 0x8000a55c (0x93d80113) addi    sp, a6, -1731
core   0: 3 0x8000a55c (0x93d80113) x 2 0x031fe723
core   0: 0x8000a560 (0x005fe5b3) or      a1, t6, t0
core   0: 3 0x8000a560 (0x005fe5b3) x11 0xfffff9eb
core   0: 0x8000a564 (0x40538933) sub     s2, t2, t0
core   0: 3 0x8000a564 (0x40538933) x18 0x80000000
core   0: 0x8000a568 (0xb2a77d13) andi    s10, a4, -1238
core   0: 3 0x8000a568 (0xb2a77d13) x26 0xaa864120
core   0: 0x8000a56c (0x7c972713) slti    a4, a4, 1993
core   0: 3 0x8000a56c (0x7c972713) x14 0x00000001
core   0: 0x8000a570 (0x4099ddb3) sra     s11, s3, s1
core   0: 3 0x8000a570 (0x4099ddb3) x27 0x0e650000
core   0: 0x8000a574 (0x4db0e193) ori     gp, ra, 1243
core   0: 3 0x8000a574 (0x4db0e193) x 3 0xfffffdfb
core   0: 0x8000a578 (0x9655e193) ori     gp, a1, -1691
core   0: 3 0x8000a578 (0x9655e193) x 3 0xfffff9ef
core   0: 0x8000a57c (0x00789293) slli    t0, a7, 7
core   0: 3 0x8000a57c (0x00789293) x 5 0xb062a200
core   0: 0x8000a580 (0x41718233) sub     tp, gp, s7
core   0: 3 0x8000a580 (0x41718233) x 4 0xfffff9ef
core   0: 0x8000a584 (0x6485e993) ori     s3, a1, 1608
core   0: 3 0x8000a584 (0x6485e993) x19 0xffffffeb
core   0: 0x8000a588 (0x00df4eb3) xor     t4, t5, a3
core   0: 3 0x8000a588 (0x00df4eb3) x29 0xb1ff98aa
core   0: 0x8000a58c (0x0032f733) and     a4, t0, gp
core   0: 3 0x8000a58c (0x0032f733) x14 0xb062a000
core   0: 0x8000a590 (0x00000013) nop
core   0: 3 0x8000a590 (0x00000013)
core   0: 0x8000a594 (0x00b81813) slli    a6, a6, 11
core   0: 3 0x8000a594 (0x00b81813) x16 0xff6f3000
core   0: 0x8000a598 (0x0d1c6d37) lui     s10, 0xd1c6
core   0: 3 0x8000a598 (0x0d1c6d37) x26 0x0d1c6000
core   0: 0x8000a59c (0x010d1293) slli    t0, s10, 16
core   0: 3 0x8000a59c (0x010d1293) x 5 0x60000000
core   0: 0x8000a5a0 (0x00000013) nop
core   0: 3 0x8000a5a0 (0x00000013)
core   0: 0x8000a5a4 (0x0023f833) and     a6, t2, sp
core   0: 3 0x8000a5a4 (0x0023f833) x16 0x00000000
core   0: 0x8000a5a8 (0x004c9933) sll     s2, s9, tp
core   0: 3 0x8000a5a8 (0x004c9933) x18 0x87328000
core   0: 0x8000a5ac (0x6470e813) ori     a6, ra, 1607
core   0: 3 0x8000a5ac (0x6470e813) x16 0xffffffef
core   0: 0x8000a5b0 (0x00239b13) slli    s6, t2, 2
core   0: 3 0x8000a5b0 (0x00239b13) x22 0x00000000
core   0: 0x8000a5b4 (0x00cdf033) and     zero, s11, a2
core   0: 3 0x8000a5b4 (0x00cdf033)
core   0: 0x8000a5b8 (0x40e45eb3) sra     t4, s0, a4
core   0: 3 0x8000a5b8 (0x40e45eb3) x29 0xffffff05
core   0: 0x8000a5bc (0xe6da64b7) lui     s1, 0xe6da6
core   0: 3 0x8000a5bc (0xe6da64b7) x 9 0xe6da6000
core   0: 0x8000a5c0 (0x01075033) srl     zero, a4, a6
core   0: 3 0x8000a5c0 (0x01075033)
core   0: 0x8000a5c4 (0xfa287293) andi    t0, a6, -94
core   0: 3 0x8000a5c4 (0xfa287293) x 5 0xffffffa2
core   0: 0x8000a5c8 (0x0011d833) srl     a6, gp, ra
core   0: 3 0x8000a5c8 (0x0011d833) x16 0x001fffff
core   0: 0x8000a5cc (0x060aee13) ori     t3, s5, 96
core   0: 3 0x8000a5cc (0x060aee13) x28 0x00000060
core   0: 0x8000a5d0 (0x01c20433) add     s0, tp, t3
core   0: 3 0x8000a5d0 (0x01c20433) x 8 0xfffffa4f
core   0: 0x8000a5d4 (0x29a0e913) ori     s2, ra, 666
core   0: 3 0x8000a5d4 (0x29a0e913) x18 0xfffffbfb
core   0: 0x8000a5d8 (0x52028f13) addi    t5, t0, 1312
core   0: 3 0x8000a5d8 (0x52028f13) x30 0x000004c2
core   0: 0x8000a5dc (0x00d0b4b3) sltu    s1, ra, a3
core   0: 3 0x8000a5dc (0x00d0b4b3) x 9 0x00000000
core   0: 0x8000a5e0 (0x406c09b3) sub     s3, s8, t1
core   0: 3 0x8000a5e0 (0x406c09b3) x19 0xcf9ab864
core   0: 0x8000a5e4 (0x01d9c0b3) xor     ra, s3, t4
core   0: 3 0x8000a5e4 (0x01d9c0b3) x 1 0x30654761
core   0: 0x8000a5e8 (0x010184b3) add     s1, gp, a6
core   0: 3 0x8000a5e8 (0x010184b3) x 9 0x001ff9ee
core   0: 0x8000a5ec (0x88560a13) addi    s4, a2, -1915
core   0: 3 0x8000a5ec (0x88560a13) x20 0xfffff885
core   0: 0x8000a5f0 (0x80026c17) auipc   s8, 0x80026
core   0: 3 0x8000a5f0 (0x80026c17) x24 0x000305f0
core   0: 0x8000a5f4 (0x01cd7133) and     sp, s10, t3
core   0: 3 0x8000a5f4 (0x01cd7133) x 2 0x00000000
core   0: 0x8000a5f8 (0x000dc9b3) xor     s3, s11, zero
core   0: 3 0x8000a5f8 (0x000dc9b3) x19 0x0e650000
core   0: 0x8000a5fc (0x01e6a4b3) slt     s1, a3, t5
core   0: 3 0x8000a5fc (0x01e6a4b3) x 9 0x00000000
core   0: 0x8000a600 (0x01580833) add     a6, a6, s5
core   0: 3 0x8000a600 (0x01580833) x16 0x001fffff
core   0: 0x8000a604 (0xdd03bc93) sltiu   s9, t2, -560
core   0: 3 0x8000a604 (0xdd03bc93) x25 0x00000001
core   0: 0x8000a608 (0x003abc33) sltu    s8, s5, gp
core   0: 3 0x8000a608 (0x003abc33) x24 0x00000001
core   0: 0x8000a60c (0x2ed94913) xori    s2, s2, 749
core   0: 3 0x8000a60c (0x2ed94913) x18 0xfffff916
core   0: 0x8000a610 (0x410f8e33) sub     t3, t6, a6
core   0: 3 0x8000a610 (0x410f8e33) x28 0xffdff9ec
core   0: 0x8000a614 (0x851afc93) andi    s9, s5, -1967
core   0: 3 0x8000a614 (0x851afc93) x25 0x00000000
core   0: 0x8000a618 (0x37affe93) andi    t4, t6, 890
core   0: 3 0x8000a618 (0x37affe93) x29 0x0000016a
core   0: 0x8000a61c (0x01d3bfb3) sltu    t6, t2, t4
core   0: 3 0x8000a61c (0x01d3bfb3) x31 0x00000000
core   0: 0x8000a620 (0x01422c33) slt     s8, tp, s4
core   0: 3 0x8000a620 (0x01422c33) x24 0x00000000
core   0: 0x8000a624 (0xc7f48413) addi    s0, s1, -897
core   0: 3 0x8000a624 (0xc7f48413) x 8 0xfffffc7f
core   0: 0x8000a628 (0x016bd9b3) srl     s3, s7, s6
core   0: 3 0x8000a628 (0x016bd9b3) x19 0x00000000
core   0: 0x8000a62c (0xef856893) ori     a7, a0, -264
core   0: 3 0x8000a62c (0xef856893) x17 0xfffffefc
core   0: 0x8000a630 (0x41e0d1b3) sra     gp, ra, t5
core   0: 3 0x8000a630 (0x41e0d1b3) x 3 0x0c1951d8
core   0: 0x8000a634 (0x40815933) sra     s2, sp, s0
core   0: 3 0x8000a634 (0x40815933) x18 0x00000000
core   0: 0x8000a638 (0x3df77c13) andi    s8, a4, 991
core   0: 3 0x8000a638 (0x3df77c13) x24 0x00000000
core   0: 0x8000a63c (0x4144d4b3) sra     s1, s1, s4
core   0: 3 0x8000a63c (0x4144d4b3) x 9 0x00000000
core   0: 0x8000a640 (0x0041d633) srl     a2, gp, tp
core   0: 3 0x8000a640 (0x0041d633) x12 0x00001832
core   0: 0x8000a644 (0x4065da33) sra     s4, a1, t1
core   0: 3 0x8000a644 (0x4065da33) x20 0xffffff9e
core   0: 0x8000a648 (0x00921833) sll     a6, tp, s1
core   0: 3 0x8000a648 (0x00921833) x16 0xfffff9ef
core   0: 0x8000a64c (0x5ff68593) addi    a1, a3, 1535
core   0: 3 0x8000a64c (0x5ff68593) x11 0x31fee464
core   0: 0x8000a650 (0xc2f5b993) sltiu   s3, a1, -977
core   0: 3 0x8000a650 (0xc2f5b993) x19 0x00000001
core   0: 0x8000a654 (0xb7440597) auipc   a1, 0xb7440
core   0: 3 0x8000a654 (0xb7440597) x11 0x3744a654
core   0: 0x8000a658 (0x00dfc1b3) xor     gp, t6, a3
core   0: 3 0x8000a658 (0x00dfc1b3) x 3 0x31fede65
core   0: 0x8000a65c (0x01f0d5b3) srl     a1, ra, t6
core   0: 3 0x8000a65c (0x01f0d5b3) x11 0x30654761
core   0: 0x8000a660 (0xb1f53893) sltiu   a7, a0, -1249
core   0: 3 0x8000a660 (0xb1f53893) x17 0x00000001
core   0: 0x8000a664 (0x00e73833) sltu    a6, a4, a4
core   0: 3 0x8000a664 (0x00e73833) x16 0x00000000
core   0: 0x8000a668 (0xbfaa8797) auipc   a5, 0xbfaa8
core   0: 3 0x8000a668 (0xbfaa8797) x15 0x3fab2668
core   0: 0x8000a66c (0x40385213) srai    tp, a6, 3
core   0: 3 0x8000a66c (0x40385213) x 4 0x00000000
core   0: 0x8000a670 (0xfbbfbc93) sltiu   s9, t6, -69
core   0: 3 0x8000a670 (0xfbbfbc93) x25 0x00000001
core   0: 0x8000a674 (0x41b855b3) sra     a1, a6, s11
core   0: 3 0x8000a674 (0x41b855b3) x11 0x00000000
core   0: 0x8000a678 (0xc6c50293) addi    t0, a0, -916
core   0: 3 0x8000a678 (0xc6c50293) x 5 0x80010ad0
core   0: 0x8000a67c (0x01129e13) slli    t3, t0, 17
core   0: 3 0x8000a67c (0x01129e13) x28 0x15a00000
core   0: 0x8000a680 (0x41465193) srai    gp, a2, 20
core   0: 3 0x8000a680 (0x41465193) x 3 0x00000000
core   0: 0x8000a684 (0x0128dfb3) srl     t6, a7, s2
core   0: 3 0x8000a684 (0x0128dfb3) x31 0x00000001
core   0: 0x8000a688 (0x00b0f1b3) and     gp, ra, a1
core   0: 3 0x8000a688 (0x00b0f1b3) x 3 0x00000000
core   0: 0x8000a68c (0xfa92e993) ori     s3, t0, -87
core   0: 3 0x8000a68c (0xfa92e993) x19 0xfffffff9
core   0: 0x8000a690 (0x6d848b93) addi    s7, s1, 1752
core   0: 3 0x8000a690 (0x6d848b93) x23 0x000006d8
core   0: 0x8000a694 (0x00000013) nop
core   0: 3 0x8000a694 (0x00000013)
core   0: 0x8000a698 (0xb88a3213) sltiu   tp, s4, -1144
core   0: 3 0x8000a698 (0xb88a3213) x 4 0x00000000
core   0: 0x8000a69c (0x00bfde33) srl     t3, t6, a1
core   0: 3 0x8000a69c (0x00bfde33) x28 0x00000001
core   0: 0x8000a6a0 (0x21333c93) sltiu   s9, t1, 531
core   0: 3 0x8000a6a0 (0x21333c93) x25 0x00000000
core   0: 0x8000a6a4 (0x0018ad33) slt     s10, a7, ra
core   0: 3 0x8000a6a4 (0x0018ad33) x26 0x00000001
core   0: 0x8000a6a8 (0x40bb5233) sra     tp, s6, a1
core   0: 3 0x8000a6a8 (0x40bb5233) x 4 0x00000000
core   0: 0x8000a6ac (0x00b69a33) sll     s4, a3, a1
core   0: 3 0x8000a6ac (0x00b69a33) x20 0x31fede65
core   0: 0x8000a6b0 (0x00e27eb3) and     t4, tp, a4
core   0: 3 0x8000a6b0 (0x00e27eb3) x29 0x00000000
core   0: 0x8000a6b4 (0x01654733) xor     a4, a0, s6
core   0: 3 0x8000a6b4 (0x01654733) x14 0x80010e64
core   0: 0x8000a6b8 (0x417355b3) sra     a1, t1, s7
core   0: 3 0x8000a6b8 (0x417355b3) x11 0xffffff80
core   0: 0x8000a6bc (0x40c2d993) srai    s3, t0, 12
core   0: 3 0x8000a6bc (0x40c2d993) x19 0xfff80010
core   0: 0x8000a6c0 (0x41af8133) sub     sp, t6, s10
core   0: 3 0x8000a6c0 (0x41af8133) x 2 0x00000000
core   0: 0x8000a6c4 (0x10f839b7) lui     s3, 0x10f83
core   0: 3 0x8000a6c4 (0x10f839b7) x19 0x10f83000
core   0: 0x8000a6c8 (0x108d0793) addi    a5, s10, 264
core   0: 3 0x8000a6c8 (0x108d0793) x15 0x00000109
core   0: 0x8000a6cc (0x861b7213) andi    tp, s6, -1951
core   0: 3 0x8000a6cc (0x861b7213) x 4 0x00000000
core   0: 0x8000a6d0 (0x018e45b3) xor     a1, t3, s8
core   0: 3 0x8000a6d0 (0x018e45b3) x11 0x00000001
core   0: 0x8000a6d4 (0x007930b3) sltu    ra, s2, t2
core   0: 3 0x8000a6d4 (0x007930b3) x 1 0x00000001
core   0: 0x8000a6d8 (0x006fb933) sltu    s2, t6, t1
core   0: 3 0x8000a6d8 (0x006fb933) x18 0x00000001
core   0: 0x8000a6dc (0x000189b3) add     s3, gp, zero
core   0: 3 0x8000a6dc (0x000189b3) x19 0x00000000
core   0: 0x8000a6e0 (0x005ede33) srl     t3, t4, t0
core   0: 3 0x8000a6e0 (0x005ede33) x28 0x00000000
core   0: 0x8000a6e4 (0x00af06b3) add     a3, t5, a0
core   0: 3 0x8000a6e4 (0x00af06b3) x13 0x80011326
core   0: 0x8000a6e8 (0x00000013) nop
core   0: 3 0x8000a6e8 (0x00000013)
core   0: 0x8000a6ec (0x001b50b3) srl     ra, s6, ra
core   0: 3 0x8000a6ec (0x001b50b3) x 1 0x00000000
core   0: 0x8000a6f0 (0x011ffe33) and     t3, t6, a7
core   0: 3 0x8000a6f0 (0x011ffe33) x28 0x00000001
core   0: 0x8000a6f4 (0x48ae7413) andi    s0, t3, 1162
core   0: 3 0x8000a6f4 (0x48ae7413) x 8 0x00000000
core   0: 0x8000a6f8 (0xbfc15117) auipc   sp, 0xbfc15
core   0: 3 0x8000a6f8 (0xbfc15117) x 2 0x3fc1f6f8
core   0: 0x8000a6fc (0x01180d33) add     s10, a6, a7
core   0: 3 0x8000a6fc (0x01180d33) x26 0x00000001
core   0: 0x8000a700 (0x408c5033) sra     zero, s8, s0
core   0: 3 0x8000a700 (0x408c5033)
core   0: 0x8000a704 (0xae2f0297) auipc   t0, 0xae2f0
core   0: 3 0x8000a704 (0xae2f0297) x 5 0x2e2fa704
core   0: 0x8000a708 (0x41c35d33) sra     s10, t1, t3
core   0: 3 0x8000a708 (0x41c35d33) x26 0xc000a672
core   0: 0x8000a70c (0x7f3a8d13) addi    s10, s5, 2035
core   0: 3 0x8000a70c (0x7f3a8d13) x26 0x000007f3
core   0: 0x8000a710 (0x4005dbb3) sra     s7, a1, zero
core   0: 3 0x8000a710 (0x4005dbb3) x23 0x00000001
core   0: 0x8000a714 (0x0147f633) and     a2, a5, s4
core   0: 3 0x8000a714 (0x0147f633) x12 0x00000001
core   0: 0x8000a718 (0xd7b97693) andi    a3, s2, -645
core   0: 3 0x8000a718 (0xd7b97693) x13 0x00000001
core   0: 0x8000a71c (0x6fc98593) addi    a1, s3, 1788
core   0: 3 0x8000a71c (0x6fc98593) x11 0x000006fc
core   0: 0x8000a720 (0xabccae13) slti    t3, s9, -1348
core   0: 3 0x8000a720 (0xabccae13) x28 0x00000000
core   0: 0x8000a724 (0x994ac993) xori    s3, s5, -1644
core   0: 3 0x8000a724 (0x994ac993) x19 0xfffff994
core   0: 0x8000a728 (0x01238f33) add     t5, t2, s2
core   0: 3 0x8000a728 (0x01238f33) x30 0x80000001
core   0: 0x8000a72c (0x3907c293) xori    t0, a5, 912
core   0: 3 0x8000a72c (0x3907c293) x 5 0x00000299
core   0: 0x8000a730 (0x014b9093) slli    ra, s7, 20
core   0: 3 0x8000a730 (0x014b9093) x 1 0x00100000
core   0: 0x8000a734 (0x00000013) nop
core   0: 3 0x8000a734 (0x00000013)
core   0: 0x8000a738 (0x144a3113) sltiu   sp, s4, 324
core   0: 3 0x8000a738 (0x144a3113) x 2 0x00000000
core   0: 0x8000a73c (0x15d07713) andi    a4, zero, 349
core   0: 3 0x8000a73c (0x15d07713) x14 0x00000000
core   0: 0x8000a740 (0x41065e33) sra     t3, a2, a6
core   0: 3 0x8000a740 (0x41065e33) x28 0x00000001
core   0: 0x8000a744 (0x01f17933) and     s2, sp, t6
core   0: 3 0x8000a744 (0x01f17933) x18 0x00000000
core   0: 0x8000a748 (0x400ddfb3) sra     t6, s11, zero
core   0: 3 0x8000a748 (0x400ddfb3) x31 0x0e650000
core   0: 0x8000a74c (0x00755d13) srli    s10, a0, 7
core   0: 3 0x8000a74c (0x00755d13) x26 0x0100021c
core   0: 0x8000a750 (0x41f702b3) sub     t0, a4, t6
core   0: 3 0x8000a750 (0x41f702b3) x 5 0xf19b0000
core   0: 0x8000a754 (0x00000013) nop
core   0: 3 0x8000a754 (0x00000013)
core   0: 0x8000a758 (0x01dad733) srl     a4, s5, t4
core   0: 3 0x8000a758 (0x01dad733) x14 0x00000000
core   0: 0x8000a75c (0x40d1da93) srai    s5, gp, 13
core   0: 3 0x8000a75c (0x40d1da93) x21 0x00000000
core   0: 0x8000a760 (0x00000013) nop
core   0: 3 0x8000a760 (0x00000013)
core   0: 0x8000a764 (0x00bd7293) andi    t0, s10, 11
core   0: 3 0x8000a764 (0x00bd7293) x 5 0x00000008
core   0: 0x8000a768 (0x2f48cf13) xori    t5, a7, 756
core   0: 3 0x8000a768 (0x2f48cf13) x30 0x000002f5
core   0: 0x8000a76c (0x003f0233) add     tp, t5, gp
core   0: 3 0x8000a76c (0x003f0233) x 4 0x000002f5
core   0: 0x8000a770 (0x016c9c33) sll     s8, s9, s6
core   0: 3 0x8000a770 (0x016c9c33) x24 0x00000000
core   0: 0x8000a774 (0xa6638993) addi    s3, t2, -1434
core   0: 3 0x8000a774 (0xa6638993) x19 0x7ffffa66
core   0: 0x8000a778 (0x01a99f93) slli    t6, s3, 26
core   0: 3 0x8000a778 (0x01a99f93) x31 0x98000000
core   0: 0x8000a77c (0x014ddc13) srli    s8, s11, 20
core   0: 3 0x8000a77c (0x014ddc13) x24 0x000000e6
core   0: 0x8000a780 (0x016ab233) sltu    tp, s5, s6
core   0: 3 0x8000a780 (0x016ab233) x 4 0x00000000
core   0: 0x8000a784 (0x01b99813) slli    a6, s3, 27
core   0: 3 0x8000a784 (0x01b99813) x16 0x30000000
core   0: 0x8000a788 (0x5ae755b7) lui     a1, 0x5ae75
core   0: 3 0x8000a788 (0x5ae755b7) x11 0x5ae75000
core   0: 0x8000a78c (0x40db5933) sra     s2, s6, a3
core   0: 3 0x8000a78c (0x40db5933) x18 0x00000000
core   0: 0x8000a790 (0x0169e233) or      tp, s3, s6
core   0: 3 0x8000a790 (0x0169e233) x 4 0x7ffffa66
core   0: 0x8000a794 (0x0152cf33) xor     t5, t0, s5
core   0: 3 0x8000a794 (0x0152cf33) x30 0x00000008
core   0: 0x8000a798 (0x000822b3) slt     t0, a6, zero
core   0: 3 0x8000a798 (0x000822b3) x 5 0x00000000
core   0: 0x8000a79c (0x7a87ca17) auipc   s4, 0x7a87c
core   0: 3 0x8000a79c (0x7a87ca17) x20 0xfa88679c
core   0: 0x8000a7a0 (0x0129bd33) sltu    s10, s3, s2
core   0: 3 0x8000a7a0 (0x0129bd33) x26 0x00000000
core   0: 0x8000a7a4 (0x01894eb3) xor     t4, s2, s8
core   0: 3 0x8000a7a4 (0x01894eb3) x29 0x000000e6
core   0: 0x8000a7a8 (0x1cf74a17) auipc   s4, 0x1cf74
core   0: 3 0x8000a7a8 (0x1cf74a17) x20 0x9cf7e7a8
core   0: 0x8000a7ac (0x00000013) nop
core   0: 3 0x8000a7ac (0x00000013)
core   0: 0x8000a7b0 (0xd5b78797) auipc   a5, 0xd5b78
core   0: 3 0x8000a7b0 (0xd5b78797) x15 0x55b827b0
core   0: 0x8000a7b4 (0x01498033) add     zero, s3, s4
core   0: 3 0x8000a7b4 (0x01498033)
core   0: 0x8000a7b8 (0x004c92b3) sll     t0, s9, tp
core   0: 3 0x8000a7b8 (0x004c92b3) x 5 0x00000000
core   0: 0x8000a7bc (0x2e8b8613) addi    a2, s7, 744
core   0: 3 0x8000a7bc (0x2e8b8613) x12 0x000002e9
core   0: 0x8000a7c0 (0x005f1c13) slli    s8, t5, 5
core   0: 3 0x8000a7c0 (0x005f1c13) x24 0x00000100
core   0: 0x8000a7c4 (0x107ceb13) ori     s6, s9, 263
core   0: 3 0x8000a7c4 (0x107ceb13) x22 0x00000107
core   0: 0x8000a7c8 (0x80000f37) lui     t5, 0x80000
core   0: 3 0x8000a7c8 (0x80000f37) x30 0x80000000
core   0: 0x8000a7cc (0x3d2ea937) lui     s2, 0x3d2ea
core   0: 3 0x8000a7cc (0x3d2ea937) x18 0x3d2ea000
core   0: 0x8000a7d0 (0x26590913) addi    s2, s2, 613
core   0: 3 0x8000a7d0 (0x26590913) x18 0x3d2ea265
core   0: 0x8000a7d4 (0xf1fe38b7) lui     a7, 0xf1fe3
core   0: 3 0x8000a7d4 (0xf1fe38b7) x17 0xf1fe3000
core   0: 0x8000a7d8 (0xa8388893) addi    a7, a7, -1405
core   0: 3 0x8000a7d8 (0xa8388893) x17 0xf1fe2a83
core   0: 0x8000a7dc (0x80000737) lui     a4, 0x80000
core   0: 3 0x8000a7dc (0x80000737) x14 0x80000000
core   0: 0x8000a7e0 (0xfff00993) li      s3, -1
core   0: 3 0x8000a7e0 (0xfff00993) x19 0xffffffff
core   0: 0x8000a7e4 (0xfff00193) li      gp, -1
core   0: 3 0x8000a7e4 (0xfff00193) x 3 0xffffffff
core   0: 0x8000a7e8 (0x80000db7) lui     s11, 0x80000
core   0: 3 0x8000a7e8 (0x80000db7) x27 0x80000000
core   0: 0x8000a7ec (0x80000d37) lui     s10, 0x80000
core   0: 3 0x8000a7ec (0x80000d37) x26 0x80000000
core   0: 0x8000a7f0 (0x80000fb7) lui     t6, 0x80000
core   0: 3 0x8000a7f0 (0x80000fb7) x31 0x80000000
core   0: 0x8000a7f4 (0x00000593) li      a1, 0
core   0: 3 0x8000a7f4 (0x00000593) x11 0x00000000
core   0: 0x8000a7f8 (0x41e90fb3) sub     t6, s2, t5
core   0: 3 0x8000a7f8 (0x41e90fb3) x31 0xbd2ea265
core   0: 0x8000a7fc (0x01a708b3) add     a7, a4, s10
core   0: 3 0x8000a7fc (0x01a708b3) x17 0x00000000
core   0: 0x8000a800 (0x1c70d897) auipc   a7, 0x1c70d
core   0: 3 0x8000a800 (0x1c70d897) x17 0x9c717800
core   0: 0x8000a804 (0x18758713) addi    a4, a1, 391
core   0: 3 0x8000a804 (0x18758713) x14 0x00000187
core   0: 0x8000a808 (0xaa801f97) auipc   t6, 0xaa801
core   0: 3 0x8000a808 (0xaa801f97) x31 0x2a80b808
core   0: 0x8000a80c (0x00000013) nop
core   0: 3 0x8000a80c (0x00000013)
core   0: 0x8000a810 (0xbfe0ad37) lui     s10, 0xbfe0a
core   0: 3 0x8000a810 (0xbfe0ad37) x26 0xbfe0a000
core   0: 0x8000a814 (0xaf20c737) lui     a4, 0xaf20c
core   0: 3 0x8000a814 (0xaf20c737) x14 0xaf20c000
core   0: 0x8000a818 (0x412d8933) sub     s2, s11, s2
core   0: 3 0x8000a818 (0x412d8933) x18 0x42d15d9b
core   0: 0x8000a81c (0x562d0f13) addi    t5, s10, 1378
core   0: 3 0x8000a81c (0x562d0f13) x30 0xbfe0a562
core   0: 0x8000a820 (0x00000013) nop
core   0: 3 0x8000a820 (0x00000013)
core   0: 0x8000a824 (0x412f85b3) sub     a1, t6, s2
core   0: 3 0x8000a824 (0x412f85b3) x11 0xe7af5a6d
core   0: 0x8000a828 (0x41b70fb3) sub     t6, a4, s11
core   0: 3 0x8000a828 (0x41b70fb3) x31 0x2f20c000
core   0: 0x8000a82c (0x41f58733) sub     a4, a1, t6
core   0: 3 0x8000a82c (0x41f58733) x14 0xb88e9a6d
core   0: 0x8000a830 (0x677fcd17) auipc   s10, 0x677fc
core   0: 3 0x8000a830 (0x677fcd17) x26 0xe7806830
core   0: 0x8000a834 (0xe28f0713) addi    a4, t5, -472
core   0: 3 0x8000a834 (0xe28f0713) x14 0xbfe0a38a
core   0: 0x8000a838 (0x41f58593) addi    a1, a1, 1055
core   0: 3 0x8000a838 (0x41f58593) x11 0xe7af5e8c
core   0: 0x8000a83c (0x41fd05b3) sub     a1, s10, t6
core   0: 3 0x8000a83c (0x41fd05b3) x11 0xb85fa830
core   0: 0x8000a840 (0x71e06717) auipc   a4, 0x71e06
core   0: 3 0x8000a840 (0x71e06717) x14 0xf1e10840
core   0: 0x8000a844 (0x00b90733) add     a4, s2, a1
core   0: 3 0x8000a844 (0x00b90733) x14 0xfb3105cb
core   0: 0x8000a848 (0x01659213) slli    tp, a1, 22
core   0: 3 0x8000a848 (0x01659213) x 4 0x0c000000
core   0: 0x8000a84c (0x9ae18693) addi    a3, gp, -1618
core   0: 3 0x8000a84c (0x9ae18693) x13 0xfffff9ad
core   0: 0x8000a850 (0x00000013) nop
core   0: 3 0x8000a850 (0x00000013)
core   0: 0x8000a854 (0x00483033) sltu    zero, a6, tp
core   0: 3 0x8000a854 (0x00483033)
core   0: 0x8000a858 (0x013c72b3) and     t0, s8, s3
core   0: 3 0x8000a858 (0x013c72b3) x 5 0x00000100
core   0: 0x8000a85c (0x015c1093) slli    ra, s8, 21
core   0: 3 0x8000a85c (0x015c1093) x 1 0x20000000
core   0: 0x8000a860 (0x14b7aa13) slti    s4, a5, 331
core   0: 3 0x8000a860 (0x14b7aa13) x20 0x00000000
core   0: 0x8000a864 (0x00000013) nop
core   0: 3 0x8000a864 (0x00000013)
core   0: 0x8000a868 (0xdd68e913) ori     s2, a7, -554
core   0: 3 0x8000a868 (0xdd68e913) x18 0xfffffdd6
core   0: 0x8000a86c (0x014b9c93) slli    s9, s7, 20
core   0: 3 0x8000a86c (0x014b9c93) x25 0x00100000
core   0: 0x8000a870 (0x4145da33) sra     s4, a1, s4
core   0: 3 0x8000a870 (0x4145da33) x20 0xb85fa830
core   0: 0x8000a874 (0x415ed233) sra     tp, t4, s5
core   0: 3 0x8000a874 (0x415ed233) x 4 0x000000e6
core   0: 0x8000a878 (0x2a367b93) andi    s7, a2, 675
core   0: 3 0x8000a878 (0x2a367b93) x23 0x000002a1
core   0: 0x8000a87c (0x00000013) nop
core   0: 3 0x8000a87c (0x00000013)
core   0: 0x8000a880 (0x1faca493) slti    s1, s9, 506
core   0: 3 0x8000a880 (0x1faca493) x 9 0x00000000
core   0: 0x8000a884 (0x019576b3) and     a3, a0, s9
core   0: 3 0x8000a884 (0x019576b3) x13 0x00000000
core   0: 0x8000a888 (0x00d092b3) sll     t0, ra, a3
core   0: 3 0x8000a888 (0x00d092b3) x 5 0x20000000
core   0: 0x8000a88c (0x01a6ceb3) xor     t4, a3, s10
core   0: 3 0x8000a88c (0x01a6ceb3) x29 0xe7806830
core   0: 0x8000a890 (0x46f86eb7) lui     t4, 0x46f86
core   0: 3 0x8000a890 (0x46f86eb7) x29 0x46f86000
core   0: 0x8000a894 (0x1eabe793) ori     a5, s7, 490
core   0: 3 0x8000a894 (0x1eabe793) x15 0x000003eb
core   0: 0x8000a898 (0x0166b5b3) sltu    a1, a3, s6
core   0: 3 0x8000a898 (0x0166b5b3) x11 0x00000001
core   0: 0x8000a89c (0x0ebd3a37) lui     s4, 0xebd3
core   0: 3 0x8000a89c (0x0ebd3a37) x20 0x0ebd3000
core   0: 0x8000a8a0 (0x570cf693) andi    a3, s9, 1392
core   0: 3 0x8000a8a0 (0x570cf693) x13 0x00000000
core   0: 0x8000a8a4 (0x01f4d4b3) srl     s1, s1, t6
core   0: 3 0x8000a8a4 (0x01f4d4b3) x 9 0x00000000
core   0: 0x8000a8a8 (0x41165b33) sra     s6, a2, a7
core   0: 3 0x8000a8a8 (0x41165b33) x22 0x000002e9
core   0: 0x8000a8ac (0x650164b7) lui     s1, 0x65016
core   0: 3 0x8000a8ac (0x650164b7) x 9 0x65016000
core   0: 0x8000a8b0 (0xbe240937) lui     s2, 0xbe240
core   0: 3 0x8000a8b0 (0xbe240937) x18 0xbe240000
core   0: 0x8000a8b4 (0x009db5b3) sltu    a1, s11, s1
core   0: 3 0x8000a8b4 (0x009db5b3) x11 0x00000000
core   0: 0x8000a8b8 (0x018a8ab3) add     s5, s5, s8
core   0: 3 0x8000a8b8 (0x018a8ab3) x21 0x00000100
core   0: 0x8000a8bc (0x00000013) nop
core   0: 3 0x8000a8bc (0x00000013)
core   0: 0x8000a8c0 (0xaa60b213) sltiu   tp, ra, -1370
core   0: 3 0x8000a8c0 (0xaa60b213) x 4 0x00000001
core   0: 0x8000a8c4 (0x94a7cc93) xori    s9, a5, -1718
core   0: 3 0x8000a8c4 (0x94a7cc93) x25 0xfffffaa1
core   0: 0x8000a8c8 (0x003ddb33) srl     s6, s11, gp
core   0: 3 0x8000a8c8 (0x003ddb33) x22 0x00000001
core   0: 0x8000a8cc (0x01171bb3) sll     s7, a4, a7
core   0: 3 0x8000a8cc (0x01171bb3) x23 0xfb3105cb
core   0: 0x8000a8d0 (0x010efb33) and     s6, t4, a6
core   0: 3 0x8000a8d0 (0x010efb33) x22 0x00000000
core   0: 0x8000a8d4 (0x0f72c193) xori    gp, t0, 247
core   0: 3 0x8000a8d4 (0x0f72c193) x 3 0x200000f7
core   0: 0x8000a8d8 (0x37e80b13) addi    s6, a6, 894
core   0: 3 0x8000a8d8 (0x37e80b13) x22 0x3000037e
core   0: 0x8000a8dc (0x012d98b3) sll     a7, s11, s2
core   0: 3 0x8000a8dc (0x012d98b3) x17 0x80000000
core   0: 0x8000a8e0 (0x0122db13) srli    s6, t0, 18
core   0: 3 0x8000a8e0 (0x0122db13) x22 0x00000800
core   0: 0x8000a8e4 (0xd1fa16b7) lui     a3, 0xd1fa1
core   0: 3 0x8000a8e4 (0xd1fa16b7) x13 0xd1fa1000
core   0: 0x8000a8e8 (0x414f05b3) sub     a1, t5, s4
core   0: 3 0x8000a8e8 (0x414f05b3) x11 0xb1237562
core   0: 0x8000a8ec (0x01fde2b3) or      t0, s11, t6
core   0: 3 0x8000a8ec (0x01fde2b3) x 5 0xaf20c000
core   0: 0x8000a8f0 (0x94bfc213) xori    tp, t6, -1717
core   0: 3 0x8000a8f0 (0x94bfc213) x 4 0xd0df394b
core   0: 0x8000a8f4 (0x0035f9b3) and     s3, a1, gp
core   0: 3 0x8000a8f4 (0x0035f9b3) x19 0x20000062
core   0: 0x8000a8f8 (0x92437597) auipc   a1, 0x92437
core   0: 3 0x8000a8f8 (0x92437597) x11 0x124418f8
core   0: 0x8000a8fc (0x00f61b33) sll     s6, a2, a5
core   0: 3 0x8000a8fc (0x00f61b33) x22 0x00174800
core   0: 0x8000a900 (0x014dfbb3) and     s7, s11, s4
core   0: 3 0x8000a900 (0x014dfbb3) x23 0x00000000
core   0: 0x8000a904 (0x40905113) srai    sp, zero, 9
core   0: 3 0x8000a904 (0x40905113) x 2 0x00000000
core   0: 0x8000a908 (0x015a3b33) sltu    s6, s4, s5
core   0: 3 0x8000a908 (0x015a3b33) x22 0x00000000
core   0: 0x8000a90c (0x017d5b93) srli    s7, s10, 23
core   0: 3 0x8000a90c (0x017d5b93) x23 0x000001cf
core   0: 0x8000a910 (0x00baac33) slt     s8, s5, a1
core   0: 3 0x8000a910 (0x00baac33) x24 0x00000001
core   0: 0x8000a914 (0x00b73433) sltu    s0, a4, a1
core   0: 3 0x8000a914 (0x00b73433) x 8 0x00000000
core   0: 0x8000a918 (0x62d7d817) auipc   a6, 0x62d7d
core   0: 3 0x8000a918 (0x62d7d817) x16 0xe2d87918
core   0: 0x8000a91c (0x40668b33) sub     s6, a3, t1
core   0: 3 0x8000a91c (0x40668b33) x22 0x51f8c31c
core   0: 0x8000a920 (0x000c2133) slt     sp, s8, zero
core   0: 3 0x8000a920 (0x000c2133) x 2 0x00000000
core   0: 0x8000a924 (0x410155b3) sra     a1, sp, a6
core   0: 3 0x8000a924 (0x410155b3) x11 0x00000000
core   0: 0x8000a928 (0x01ff7cb3) and     s9, t5, t6
core   0: 3 0x8000a928 (0x01ff7cb3) x25 0x2f208000
core   0: 0x8000a92c (0x60f6c613) xori    a2, a3, 1551
core   0: 3 0x8000a92c (0x60f6c613) x12 0xd1fa160f
core   0: 0x8000a930 (0x013ffdb3) and     s11, t6, s3
core   0: 3 0x8000a930 (0x013ffdb3) x27 0x20000000
core   0: 0x8000a934 (0x01b31b33) sll     s6, t1, s11
core   0: 3 0x8000a934 (0x01b31b33) x22 0x80014ce4
core   0: 0x8000a938 (0x01432eb3) slt     t4, t1, s4
core   0: 3 0x8000a938 (0x01432eb3) x29 0x00000001
core   0: 0x8000a93c (0x01fa9b93) slli    s7, s5, 31
core   0: 3 0x8000a93c (0x01fa9b93) x23 0x00000000
core   0: 0x8000a940 (0xc70989b7) lui     s3, 0xc7098
core   0: 3 0x8000a940 (0xc70989b7) x19 0xc7098000
core   0: 0x8000a944 (0x007096b3) sll     a3, ra, t2
core   0: 3 0x8000a944 (0x007096b3) x13 0x20000000
core   0: 0x8000a948 (0x00c751b3) srl     gp, a4, a2
core   0: 3 0x8000a948 (0x00c751b3) x 3 0x0001f662
core   0: 0x8000a94c (0x001a5193) srli    gp, s4, 1
core   0: 3 0x8000a94c (0x001a5193) x 3 0x075e9800
core   0: 0x8000a950 (0x01cbb033) sltu    zero, s7, t3
core   0: 3 0x8000a950 (0x01cbb033)
core   0: 0x8000a954 (0x00000013) nop
core   0: 3 0x8000a954 (0x00000013)
core   0: 0x8000a958 (0x005334b3) sltu    s1, t1, t0
core   0: 3 0x8000a958 (0x005334b3) x 9 0x00000001
core   0: 0x8000a95c (0x9aae7f93) andi    t6, t3, -1622
core   0: 3 0x8000a95c (0x9aae7f93) x31 0x00000000
core   0: 0x8000a960 (0x01001733) sll     a4, zero, a6
core   0: 3 0x8000a960 (0x01001733) x14 0x00000000
core   0: 0x8000a964 (0x27b3ea93) ori     s5, t2, 635
core   0: 3 0x8000a964 (0x27b3ea93) x21 0x8000027b
core   0: 0x8000a968 (0xf0eceb97) auipc   s7, 0xf0ece
core   0: 3 0x8000a968 (0xf0eceb97) x23 0x70ed8968
core   0: 0x8000a96c (0x01f942b3) xor     t0, s2, t6
core   0: 3 0x8000a96c (0x01f942b3) x 5 0xbe240000
core   0: 0x8000a970 (0x5bdff913) andi    s2, t6, 1469
core   0: 3 0x8000a970 (0x5bdff913) x18 0x00000000
core   0: 0x8000a974 (0x00391fb3) sll     t6, s2, gp
core   0: 3 0x8000a974 (0x00391fb3) x31 0x00000000
core   0: 0x8000a978 (0xe086b713) sltiu   a4, a3, -504
core   0: 3 0x8000a978 (0xe086b713) x14 0x00000001
core   0: 0x8000a97c (0x0142d193) srli    gp, t0, 20
core   0: 3 0x8000a97c (0x0142d193) x 3 0x00000be2
core   0: 0x8000a980 (0x56cb3437) lui     s0, 0x56cb3
core   0: 3 0x8000a980 (0x56cb3437) x 8 0x56cb3000
core   0: 0x8000a984 (0x01ad5233) srl     tp, s10, s10
core   0: 3 0x8000a984 (0x01ad5233) x 4 0x0000e780
core   0: 0x8000a988 (0x00a5b5b3) sltu    a1, a1, a0
core   0: 3 0x8000a988 (0x00a5b5b3) x11 0x00000001
core   0: 0x8000a98c (0x01f1f2b3) and     t0, gp, t6
core   0: 3 0x8000a98c (0x01f1f2b3) x 5 0x00000000
core   0: 0x8000a990 (0xd5e00013) li      zero, -674
core   0: 3 0x8000a990 (0xd5e00013)
core   0: 0x8000a994 (0x40e382b3) sub     t0, t2, a4
core   0: 3 0x8000a994 (0x40e382b3) x 5 0x7fffffff
core   0: 0x8000a998 (0x986abd93) sltiu   s11, s5, -1658
core   0: 3 0x8000a998 (0x986abd93) x27 0x00000001
core   0: 0x8000a99c (0x00000013) nop
core   0: 3 0x8000a99c (0x00000013)
core   0: 0x8000a9a0 (0x00b12b33) slt     s6, sp, a1
core   0: 3 0x8000a9a0 (0x00b12b33) x22 0x00000001
core   0: 0x8000a9a4 (0x001f86b3) add     a3, t6, ra
core   0: 3 0x8000a9a4 (0x001f86b3) x13 0x20000000
core   0: 0x8000a9a8 (0x319f8893) addi    a7, t6, 793
core   0: 3 0x8000a9a8 (0x319f8893) x17 0x00000319
core   0: 0x8000a9ac (0x00000013) nop
core   0: 3 0x8000a9ac (0x00000013)
core   0: 0x8000a9b0 (0x9e3e7a13) andi    s4, t3, -1565
core   0: 3 0x8000a9b0 (0x9e3e7a13) x20 0x00000001
core   0: 0x8000a9b4 (0x015f45b3) xor     a1, t5, s5
core   0: 3 0x8000a9b4 (0x015f45b3) x11 0x3fe0a719
core   0: 0x8000a9b8 (0xa3627f13) andi    t5, tp, -1482
core   0: 3 0x8000a9b8 (0xa3627f13) x30 0x0000e200
core   0: 0x8000a9bc (0xe417e613) ori     a2, a5, -447
core   0: 3 0x8000a9bc (0xe417e613) x12 0xffffffeb
core   0: 0x8000a9c0 (0x00859613) slli    a2, a1, 8
core   0: 3 0x8000a9c0 (0x00859613) x12 0xe0a71900
core   0: 0x8000a9c4 (0x70733013) sltiu   zero, t1, 1799
core   0: 3 0x8000a9c4 (0x70733013)
core   0: 0x8000a9c8 (0x01d80bb3) add     s7, a6, t4
core   0: 3 0x8000a9c8 (0x01d80bb3) x23 0xe2d87919
core   0: 0x8000a9cc (0x00b4edb3) or      s11, s1, a1
core   0: 3 0x8000a9cc (0x00b4edb3) x27 0x3fe0a719
core   0: 0x8000a9d0 (0x262fe037) lui     zero, 0x262fe
core   0: 3 0x8000a9d0 (0x262fe037)
core   0: 0x8000a9d4 (0x4161d1b3) sra     gp, gp, s6
core   0: 3 0x8000a9d4 (0x4161d1b3) x 3 0x000005f1
core   0: 0x8000a9d8 (0x01847db3) and     s11, s0, s8
core   0: 3 0x8000a9d8 (0x01847db3) x27 0x00000000
core   0: 0x8000a9dc (0x005d1c13) slli    s8, s10, 5
core   0: 3 0x8000a9dc (0x005d1c13) x24 0xf00d0600
core   0: 0x8000a9e0 (0x01d578b3) and     a7, a0, t4
core   0: 3 0x8000a9e0 (0x01d578b3) x17 0x00000000
core   0: 0x8000a9e4 (0x41e88433) sub     s0, a7, t5
core   0: 3 0x8000a9e4 (0x41e88433) x 8 0xffff1e00
core   0: 0x8000a9e8 (0x01181093) slli    ra, a6, 17
core   0: 3 0x8000a9e8 (0x01181093) x 1 0xf2300000
core   0: 0x8000a9ec (0xd421f493) andi    s1, gp, -702
core   0: 3 0x8000a9ec (0xd421f493) x 9 0x00000540
core   0: 0x8000a9f0 (0x1cc005b7) lui     a1, 0x1cc00
core   0: 3 0x8000a9f0 (0x1cc005b7) x11 0x1cc00000
core   0: 0x8000a9f4 (0x00931b13) slli    s6, t1, 9
core   0: 3 0x8000a9f4 (0x00931b13) x22 0x0299c800
core   0: 0x8000a9f8 (0x00beb5b3) sltu    a1, t4, a1
core   0: 3 0x8000a9f8 (0x00beb5b3) x11 0x00000001
core   0: 0x8000a9fc (0x00b55013) srli    zero, a0, 11
core   0: 3 0x8000a9fc (0x00b55013)
core   0: 0x8000aa00 (0x406c5793) srai    a5, s8, 6
core   0: 3 0x8000aa00 (0x406c5793) x15 0xffc03418
core   0: 0x8000aa04 (0xb2f43cb7) lui     s9, 0xb2f43
core   0: 3 0x8000aa04 (0xb2f43cb7) x25 0xb2f43000
core   0: 0x8000aa08 (0xaac4e117) auipc   sp, 0xaac4e
core   0: 3 0x8000aa08 (0xaac4e117) x 2 0x2ac58a08
core   0: 0x8000aa0c (0x001ad633) srl     a2, s5, ra
core   0: 3 0x8000aa0c (0x001ad633) x12 0x8000027b
core   0: 0x8000aa10 (0x0084d213) srli    tp, s1, 8
core   0: 3 0x8000aa10 (0x0084d213) x 4 0x00000005
core   0: 0x8000aa14 (0x0180ce33) xor     t3, ra, s8
core   0: 3 0x8000aa14 (0x0180ce33) x28 0x023d0600
core   0: 0x8000aa18 (0x7a98a793) slti    a5, a7, 1961
core   0: 3 0x8000aa18 (0x7a98a793) x15 0x00000001
core   0: 0x8000aa1c (0x00495433) srl     s0, s2, tp
core   0: 3 0x8000aa1c (0x00495433) x 8 0x00000000
core   0: 0x8000aa20 (0x19eeee93) ori     t4, t4, 414
core   0: 3 0x8000aa20 (0x19eeee93) x29 0x0000019f
core   0: 0x8000aa24 (0xb7137013) andi    zero, t1, -1167
core   0: 3 0x8000aa24 (0xb7137013)
core   0: 0x8000aa28 (0x003cf2b3) and     t0, s9, gp
core   0: 3 0x8000aa28 (0x003cf2b3) x 5 0x00000000
core   0: 0x8000aa2c (0xcd18a093) slti    ra, a7, -815
core   0: 3 0x8000aa2c (0xcd18a093) x 1 0x00000000
core   0: 0x8000aa30 (0x409b5213) srai    tp, s6, 9
core   0: 3 0x8000aa30 (0x409b5213) x 4 0x00014ce4
core   0: 0x8000aa34 (0xd0393c93) sltiu   s9, s2, -765
core   0: 3 0x8000aa34 (0xd0393c93) x25 0x00000001
core   0: 0x8000aa38 (0x01008833) add     a6, ra, a6
core   0: 3 0x8000aa38 (0x01008833) x16 0xe2d87918
core   0: 0x8000aa3c (0x0127e233) or      tp, a5, s2
core   0: 3 0x8000aa3c (0x0127e233) x 4 0x00000001
core   0: 0x8000aa40 (0x412380b3) sub     ra, t2, s2
core   0: 3 0x8000aa40 (0x412380b3) x 1 0x80000000
core   0: 0x8000aa44 (0x41b65a13) srai    s4, a2, 27
core   0: 3 0x8000aa44 (0x41b65a13) x20 0xfffffff0
core   0: 0x8000aa48 (0x00000013) nop
core   0: 3 0x8000aa48 (0x00000013)
core   0: 0x8000aa4c (0x0a442b13) slti    s6, s0, 164
core   0: 3 0x8000aa4c (0x0a442b13) x22 0x00000001
core   0: 0x8000aa50 (0x00f76433) or      s0, a4, a5
core   0: 3 0x8000aa50 (0x00f76433) x 8 0x00000001
core   0: 0x8000aa54 (0xe58c57b7) lui     a5, 0xe58c5
core   0: 3 0x8000aa54 (0xe58c57b7) x15 0xe58c5000
core   0: 0x8000aa58 (0xe6738f93) addi    t6, t2, -409
core   0: 3 0x8000aa58 (0xe6738f93) x31 0x7ffffe67
core   0: 0x8000aa5c (0x018cabb3) slt     s7, s9, s8
core   0: 3 0x8000aa5c (0x018cabb3) x23 0x00000000
core   0: 0x8000aa60 (0x0014c133) xor     sp, s1, ra
core   0: 3 0x8000aa60 (0x0014c133) x 2 0x80000540
core   0: 0x8000aa64 (0x0114dd33) srl     s10, s1, a7
core   0: 3 0x8000aa64 (0x0114dd33) x26 0x00000540
core   0: 0x8000aa68 (0x0091a7b3) slt     a5, gp, s1
core   0: 3 0x8000aa68 (0x0091a7b3) x15 0x00000000
core   0: 0x8000aa6c (0x00a94f33) xor     t5, s2, a0
core   0: 3 0x8000aa6c (0x00a94f33) x30 0x80010e64
core   0: 0x8000aa70 (0x00000013) nop
core   0: 3 0x8000aa70 (0x00000013)
core   0: 0x8000aa74 (0x49622593) slti    a1, tp, 1174
core   0: 3 0x8000aa74 (0x49622593) x11 0x00000001
core   0: 0x8000aa78 (0x01b01213) slli    tp, zero, 27
core   0: 3 0x8000aa78 (0x01b01213) x 4 0x00000000
core   0: 0x8000aa7c (0x00b3c433) xor     s0, t2, a1
core   0: 3 0x8000aa7c (0x00b3c433) x 8 0x80000001
core   0: 0x8000aa80 (0x00000013) nop
core   0: 3 0x8000aa80 (0x00000013)
core   0: 0x8000aa84 (0x407cd9b3) sra     s3, s9, t2
core   0: 3 0x8000aa84 (0x407cd9b3) x19 0x00000001
core   0: 0x8000aa88 (0x40ad86b3) sub     a3, s11, a0
core   0: 3 0x8000aa88 (0x40ad86b3) x13 0x7ffef19c
core   0: 0x8000aa8c (0x43147f13) andi    t5, s0, 1073
core   0: 3 0x8000aa8c (0x43147f13) x30 0x00000001
core   0: 0x8000aa90 (0x00f0b8b3) sltu    a7, ra, a5
core   0: 3 0x8000aa90 (0x00f0b8b3) x17 0x00000000
core   0: 0x8000aa94 (0x00000013) nop
core   0: 3 0x8000aa94 (0x00000013)
core   0: 0x8000aa98 (0xe7db4a13) xori    s4, s6, -387
core   0: 3 0x8000aa98 (0xe7db4a13) x20 0xfffffe7c
core   0: 0x8000aa9c (0x496a7413) andi    s0, s4, 1174
core   0: 3 0x8000aa9c (0x496a7413) x 8 0x00000414
core   0: 0x8000aaa0 (0xfb373213) sltiu   tp, a4, -77
core   0: 3 0x8000aaa0 (0xfb373213) x 4 0x00000001
core   0: 0x8000aaa4 (0x006c95b3) sll     a1, s9, t1
core   0: 3 0x8000aaa4 (0x006c95b3) x11 0x00000010
core   0: 0x8000aaa8 (0x3edb8793) addi    a5, s7, 1005
core   0: 3 0x8000aaa8 (0x3edb8793) x15 0x000003ed
core   0: 0x8000aaac (0x5ff9fa93) andi    s5, s3, 1535
core   0: 3 0x8000aaac (0x5ff9fa93) x21 0x00000001
core   0: 0x8000aab0 (0x174a8713) addi    a4, s5, 372
core   0: 3 0x8000aab0 (0x174a8713) x14 0x00000175
core   0: 0x8000aab4 (0x4ffce113) ori     sp, s9, 1279
core   0: 3 0x8000aab4 (0x4ffce113) x 2 0x000004ff
core   0: 0x8000aab8 (0x0014fe33) and     t3, s1, ra
core   0: 3 0x8000aab8 (0x0014fe33) x28 0x00000000
core   0: 0x8000aabc (0x0befc693) xori    a3, t6, 190
core   0: 3 0x8000aabc (0x0befc693) x13 0x7ffffed9
core   0: 0x8000aac0 (0xfea851b7) lui     gp, 0xfea85
core   0: 3 0x8000aac0 (0xfea851b7) x 3 0xfea85000
core   0: 0x8000aac4 (0x00e526b3) slt     a3, a0, a4
core   0: 3 0x8000aac4 (0x00e526b3) x13 0x00000001
core   0: 0x8000aac8 (0x011e9a93) slli    s5, t4, 17
core   0: 3 0x8000aac8 (0x011e9a93) x21 0x033e0000
core   0: 0x8000aacc (0x0ffe2b13) slti    s6, t3, 255
core   0: 3 0x8000aacc (0x0ffe2b13) x22 0x00000001
core   0: 0x8000aad0 (0x00bf9693) slli    a3, t6, 11
core   0: 3 0x8000aad0 (0x00bf9693) x13 0xfff33800
core   0: 0x8000aad4 (0x001cdbb3) srl     s7, s9, ra
core   0: 3 0x8000aad4 (0x001cdbb3) x23 0x00000001
core   0: 0x8000aad8 (0xeeabf113) andi    sp, s7, -278
core   0: 3 0x8000aad8 (0xeeabf113) x 2 0x00000000
core   0: 0x8000aadc (0x8cc3c117) auipc   sp, 0x8cc3c
core   0: 3 0x8000aadc (0x8cc3c117) x 2 0x0cc46adc
core   0: 0x8000aae0 (0xad244893) xori    a7, s0, -1326
core   0: 3 0x8000aae0 (0xad244893) x17 0xfffffec6
core   0: 0x8000aae4 (0x403904b3) sub     s1, s2, gp
core   0: 3 0x8000aae4 (0x403904b3) x 9 0x0157b000
core   0: 0x8000aae8 (0x0141afb3) slt     t6, gp, s4
core   0: 3 0x8000aae8 (0x0141afb3) x31 0x00000001
core   0: 0x8000aaec (0x32a04e13) xori    t3, zero, 810
core   0: 3 0x8000aaec (0x32a04e13) x28 0x0000032a
core   0: 0x8000aaf0 (0x00db06b3) add     a3, s6, a3
core   0: 3 0x8000aaf0 (0x00db06b3) x13 0xfff33801
core   0: 0x8000aaf4 (0x011e8eb3) add     t4, t4, a7
core   0: 3 0x8000aaf4 (0x011e8eb3) x29 0x00000065
core   0: 0x8000aaf8 (0x39436cb7) lui     s9, 0x39436
core   0: 3 0x8000aaf8 (0x39436cb7) x25 0x39436000
core   0: 0x8000aafc (0xaf1294b7) lui     s1, 0xaf129
core   0: 3 0x8000aafc (0xaf1294b7) x 9 0xaf129000
core   0: 0x8000ab00 (0x0103d133) srl     sp, t2, a6
core   0: 3 0x8000ab00 (0x0103d133) x 2 0x00000080
core   0: 0x8000ab04 (0x00499013) slli    zero, s3, 4
core   0: 3 0x8000ab04 (0x00499013)
core   0: 0x8000ab08 (0x00eb4433) xor     s0, s6, a4
core   0: 3 0x8000ab08 (0x00eb4433) x 8 0x00000174
core   0: 0x8000ab0c (0x405807b3) sub     a5, a6, t0
core   0: 3 0x8000ab0c (0x405807b3) x15 0xe2d87918
core   0: 0x8000ab10 (0xf2383b93) sltiu   s7, a6, -221
core   0: 3 0x8000ab10 (0xf2383b93) x23 0x00000001
core   0: 0x8000ab14 (0xd50aa413) slti    s0, s5, -688
core   0: 3 0x8000ab14 (0xd50aa413) x 8 0x00000000
core   0: 0x8000ab18 (0x03333993) sltiu   s3, t1, 51
core   0: 3 0x8000ab18 (0x03333993) x19 0x00000000
core   0: 0x8000ab1c (0x41625a93) srai    s5, tp, 22
core   0: 3 0x8000ab1c (0x41625a93) x21 0x00000000
core   0: 0x8000ab20 (0x22c87193) andi    gp, a6, 556
core   0: 3 0x8000ab20 (0x22c87193) x 3 0x00000008
core   0: 0x8000ab24 (0x80f8e413) ori     s0, a7, -2033
core   0: 3 0x8000ab24 (0x80f8e413) x 8 0xfffffecf
core   0: 0x8000ab28 (0x409b5d13) srai    s10, s6, 9
core   0: 3 0x8000ab28 (0x409b5d13) x26 0x00000000
core   0: 0x8000ab2c (0x1ccc7893) andi    a7, s8, 460
core   0: 3 0x8000ab2c (0x1ccc7893) x17 0x00000000
core   0: 0x8000ab30 (0x01b72f33) slt     t5, a4, s11
core   0: 3 0x8000ab30 (0x01b72f33) x30 0x00000000
core   0: 0x8000ab34 (0x2a59b617) auipc   a2, 0x2a59b
core   0: 3 0x8000ab34 (0x2a59b617) x12 0xaa5a5b34
core   0: 0x8000ab38 (0x01f79733) sll     a4, a5, t6
core   0: 3 0x8000ab38 (0x01f79733) x14 0xc5b0f230
core   0: 0x8000ab3c (0x01eb9113) slli    sp, s7, 30
core   0: 3 0x8000ab3c (0x01eb9113) x 2 0x40000000
core   0: 0x8000ab40 (0x64ebc113) xori    sp, s7, 1614
core   0: 3 0x8000ab40 (0x64ebc113) x 2 0x0000064f
core   0: 0x8000ab44 (0x016082b3) add     t0, ra, s6
core   0: 3 0x8000ab44 (0x016082b3) x 5 0x80000001
core   0: 0x8000ab48 (0x00000013) nop
core   0: 3 0x8000ab48 (0x00000013)
core   0: 0x8000ab4c (0x00088a33) add     s4, a7, zero
core   0: 3 0x8000ab4c (0x00088a33) x20 0x00000000
core   0: 0x8000ab50 (0x005286b3) add     a3, t0, t0
core   0: 3 0x8000ab50 (0x005286b3) x13 0x00000002
core   0: 0x8000ab54 (0x01a16eb3) or      t4, sp, s10
core   0: 3 0x8000ab54 (0x01a16eb3) x29 0x0000064f
core   0: 0x8000ab58 (0x01186833) or      a6, a6, a7
core   0: 3 0x8000ab58 (0x01186833) x16 0xe2d87918
core   0: 0x8000ab5c (0xd57fa497) auipc   s1, 0xd57fa
core   0: 3 0x8000ab5c (0xd57fa497) x 9 0x55804b5c
core   0: 0x8000ab60 (0xc18b2293) slti    t0, s6, -1000
core   0: 3 0x8000ab60 (0xc18b2293) x 5 0x00000000
core   0: 0x8000ab64 (0x015a0133) add     sp, s4, s5
core   0: 3 0x8000ab64 (0x015a0133) x 2 0x00000000
core   0: 0x8000ab68 (0x00000013) nop
core   0: 3 0x8000ab68 (0x00000013)
core   0: 0x8000ab6c (0xa29f7137) lui     sp, 0xa29f7
core   0: 3 0x8000ab6c (0xa29f7137) x 2 0xa29f7000
core   0: 0x8000ab70 (0x7a43a197) auipc   gp, 0x7a43a
core   0: 3 0x8000ab70 (0x7a43a197) x 3 0xfa444b70
core   0: 0x8000ab74 (0x01da88b3) add     a7, s5, t4
core   0: 3 0x8000ab74 (0x01da88b3) x17 0x0000064f
core   0: 0x8000ab78 (0x01ec6b33) or      s6, s8, t5
core   0: 3 0x8000ab78 (0x01ec6b33) x22 0xf00d0600
core   0: 0x8000ab7c (0x82462793) slti    a5, a2, -2012
core   0: 3 0x8000ab7c (0x82462793) x15 0x00000001
core   0: 0x8000ab80 (0x406cd133) sra     sp, s9, t1
core   0: 3 0x8000ab80 (0x406cd133) x 2 0x03943600
core   0: 0x8000ab84 (0x4221d697) auipc   a3, 0x4221d
core   0: 3 0x8000ab84 (0x4221d697) x13 0xc2227b84
core   0: 0x8000ab88 (0x00e18933) add     s2, gp, a4
core   0: 3 0x8000ab88 (0x00e18933) x18 0xbff53da0
core   0: 0x8000ab8c (0x01359713) slli    a4, a1, 19
core   0: 3 0x8000ab8c (0x01359713) x14 0x00800000
core   0: 0x8000ab90 (0x410752b3) sra     t0, a4, a6
core   0: 3 0x8000ab90 (0x410752b3) x 5 0x00000000
core   0: 0x8000ab94 (0xa4c47b93) andi    s7, s0, -1460
core   0: 3 0x8000ab94 (0xa4c47b93) x23 0xfffffa4c
core   0: 0x8000ab98 (0x0191feb3) and     t4, gp, s9
core   0: 3 0x8000ab98 (0x0191feb3) x29 0x38404000
core   0: 0x8000ab9c (0x405d5093) srai    ra, s10, 5
core   0: 3 0x8000ab9c (0x405d5093) x 1 0x00000000
core   0: 0x8000aba0 (0x116ce913) ori     s2, s9, 278
core   0: 3 0x8000aba0 (0x116ce913) x18 0x39436116
core   0: 0x8000aba4 (0x01233733) sltu    a4, t1, s2
core   0: 3 0x8000aba4 (0x01233733) x14 0x00000000
core   0: 0x8000aba8 (0x41b58fb3) sub     t6, a1, s11
core   0: 3 0x8000aba8 (0x41b58fb3) x31 0x00000010
core   0: 0x8000abac (0x0080a9b3) slt     s3, ra, s0
core   0: 3 0x8000abac (0x0080a9b3) x19 0x00000000
core   0: 0x8000abb0 (0x414b85b3) sub     a1, s7, s4
core   0: 3 0x8000abb0 (0x414b85b3) x11 0xfffffa4c
core   0: 0x8000abb4 (0x4051dcb3) sra     s9, gp, t0
core   0: 3 0x8000abb4 (0x4051dcb3) x25 0xfa444b70
core   0: 0x8000abb8 (0x01bc4c33) xor     s8, s8, s11
core   0: 3 0x8000abb8 (0x01bc4c33) x24 0xf00d0600
core   0: 0x8000abbc (0x0096cc33) xor     s8, a3, s1
core   0: 3 0x8000abbc (0x0096cc33) x24 0x97a230d8
core   0: 0x8000abc0 (0x00ff25b3) slt     a1, t5, a5
core   0: 3 0x8000abc0 (0x00ff25b3) x11 0x00000001
core   0: 0x8000abc4 (0x40f08933) sub     s2, ra, a5
core   0: 3 0x8000abc4 (0x40f08933) x18 0xffffffff
core   0: 0x8000abc8 (0x01496233) or      tp, s2, s4
core   0: 3 0x8000abc8 (0x01496233) x 4 0xffffffff
core   0: 0x8000abcc (0x016a5993) srli    s3, s4, 22
core   0: 3 0x8000abcc (0x016a5993) x19 0x00000000
core   0: 0x8000abd0 (0x019dabb3) slt     s7, s11, s9
core   0: 3 0x8000abd0 (0x019dabb3) x23 0x00000000
core   0: 0x8000abd4 (0x00f5ecb3) or      s9, a1, a5
core   0: 3 0x8000abd4 (0x00f5ecb3) x25 0x00000001
core   0: 0x8000abd8 (0x0094de93) srli    t4, s1, 9
core   0: 3 0x8000abd8 (0x0094de93) x29 0x002ac025
core   0: 0x8000abdc (0x08871b97) auipc   s7, 0x8871
core   0: 3 0x8000abdc (0x08871b97) x23 0x8887bbdc
core   0: 0x8000abe0 (0x40b4da93) srai    s5, s1, 11
core   0: 3 0x8000abe0 (0x40b4da93) x21 0x000ab009
core   0: 0x8000abe4 (0x01ff0bb3) add     s7, t5, t6
core   0: 3 0x8000abe4 (0x01ff0bb3) x23 0x00000010
core   0: 0x8000abe8 (0x08dbf813) andi    a6, s7, 141
core   0: 3 0x8000abe8 (0x08dbf813) x16 0x00000000
core   0: 0x8000abec (0x5eed6f93) ori     t6, s10, 1518
core   0: 3 0x8000abec (0x5eed6f93) x31 0x000005ee
core   0: 0x8000abf0 (0x004d4db3) xor     s11, s10, tp
core   0: 3 0x8000abf0 (0x004d4db3) x27 0xffffffff
core   0: 0x8000abf4 (0x013d1493) slli    s1, s10, 19
core   0: 3 0x8000abf4 (0x013d1493) x 9 0x00000000
core   0: 0x8000abf8 (0x04798617) auipc   a2, 0x4798
core   0: 3 0x8000abf8 (0x04798617) x12 0x847a2bf8
core   0: 0x8000abfc (0x0193db13) srli    s6, t2, 25
core   0: 3 0x8000abfc (0x0193db13) x22 0x00000040
core   0: 0x8000ac00 (0x003d1db3) sll     s11, s10, gp
core   0: 3 0x8000ac00 (0x003d1db3) x27 0x00000000
core   0: 0x8000ac04 (0x2e427213) andi    tp, tp, 740
core   0: 3 0x8000ac04 (0x2e427213) x 4 0x000002e4
core   0: 0x8000ac08 (0x01f3d493) srli    s1, t2, 31
core   0: 3 0x8000ac08 (0x01f3d493) x 9 0x00000001
core   0: 0x8000ac0c (0x786b4193) xori    gp, s6, 1926
core   0: 3 0x8000ac0c (0x786b4193) x 3 0x000007c6
core   0: 0x8000ac10 (0x01f6dc93) srli    s9, a3, 31
core   0: 3 0x8000ac10 (0x01f6dc93) x25 0x00000001
core   0: 0x8000ac14 (0x01229f33) sll     t5, t0, s2
core   0: 3 0x8000ac14 (0x01229f33) x30 0x00000000
core   0: 0x8000ac18 (0x01c9c1b3) xor     gp, s3, t3
core   0: 3 0x8000ac18 (0x01c9c1b3) x 3 0x0000032a
core   0: 0x8000ac1c (0xa7030e13) addi    t3, t1, -1424
core   0: 3 0x8000ac1c (0xa7030e13) x28 0x80014754
core   0: 0x8000ac20 (0x01148eb3) add     t4, s1, a7
core   0: 3 0x8000ac20 (0x01148eb3) x29 0x00000650
core   0: 0x8000ac24 (0x8cde6913) ori     s2, t3, -1843
core   0: 3 0x8000ac24 (0x8cde6913) x18 0xffffffdd
core   0: 0x8000ac28 (0x41160033) sub     zero, a2, a7
core   0: 3 0x8000ac28 (0x41160033)
core   0: 0x8000ac2c (0x404f5413) srai    s0, t5, 4
core   0: 3 0x8000ac2c (0x404f5413) x 8 0x00000000
core   0: 0x8000ac30 (0x00baf5b3) and     a1, s5, a1
core   0: 3 0x8000ac30 (0x00baf5b3) x11 0x00000001
core   0: 0x8000ac34 (0x01ee1d93) slli    s11, t3, 30
core   0: 3 0x8000ac34 (0x01ee1d93) x27 0x00000000
core   0: 0x8000ac38 (0x01070133) add     sp, a4, a6
core   0: 3 0x8000ac38 (0x01070133) x 2 0x00000000
core   0: 0x8000ac3c (0x00033c33) sltu    s8, t1, zero
core   0: 3 0x8000ac3c (0x00033c33) x24 0x00000000
core   0: 0x8000ac40 (0xf36d7897) auipc   a7, 0xf36d7
core   0: 3 0x8000ac40 (0xf36d7897) x17 0x736e1c40
core   0: 0x8000ac44 (0x8f8a2c93) slti    s9, s4, -1800
core   0: 3 0x8000ac44 (0x8f8a2c93) x25 0x00000000
core   0: 0x8000ac48 (0x01b30f33) add     t5, t1, s11
core   0: 3 0x8000ac48 (0x01b30f33) x30 0x80014ce4
core   0: 0x8000ac4c (0xbe960d13) addi    s10, a2, -1047
core   0: 3 0x8000ac4c (0xbe960d13) x26 0x847a27e1
core   0: 0x8000ac50 (0x4000dfb3) sra     t6, ra, zero
core   0: 3 0x8000ac50 (0x4000dfb3) x31 0x00000000
core   0: 0x8000ac54 (0x00801933) sll     s2, zero, s0
core   0: 3 0x8000ac54 (0x00801933) x18 0x00000000
core   0: 0x8000ac58 (0xa67c8093) addi    ra, s9, -1433
core   0: 3 0x8000ac58 (0xa67c8093) x 1 0xfffffa67
core   0: 0x8000ac5c (0x017331b3) sltu    gp, t1, s7
core   0: 3 0x8000ac5c (0x017331b3) x 3 0x00000000
core   0: 0x8000ac60 (0x0ca9f413) andi    s0, s3, 202
core   0: 3 0x8000ac60 (0x0ca9f413) x 8 0x00000000
core   0: 0x8000ac64 (0x409d5933) sra     s2, s10, s1
core   0: 3 0x8000ac64 (0x409d5933) x18 0xc23d13f0
core   0: 0x8000ac68 (0x07863b93) sltiu   s7, a2, 120
core   0: 3 0x8000ac68 (0x07863b93) x23 0x00000000
core   0: 0x8000ac6c (0x41864493) xori    s1, a2, 1048
core   0: 3 0x8000ac6c (0x41864493) x 9 0x847a2fe0
core   0: 0x8000ac70 (0x00ff9c33) sll     s8, t6, a5
core   0: 3 0x8000ac70 (0x00ff9c33) x24 0x00000000
core   0: 0x8000ac74 (0x0127a933) slt     s2, a5, s2
core   0: 3 0x8000ac74 (0x0127a933) x18 0x00000000
core   0: 0x8000ac78 (0xf213f893) andi    a7, t2, -223
core   0: 3 0x8000ac78 (0xf213f893) x17 0x80000000
core   0: 0x8000ac7c (0x00000013) nop
core   0: 3 0x8000ac7c (0x00000013)
core   0: 0x8000ac80 (0x4d0a3d13) sltiu   s10, s4, 1232
core   0: 3 0x8000ac80 (0x4d0a3d13) x26 0x00000001
core   0: 0x8000ac84 (0x00000013) nop
core   0: 3 0x8000ac84 (0x00000013)
core   0: 0x8000ac88 (0x005a96b3) sll     a3, s5, t0
core   0: 3 0x8000ac88 (0x005a96b3) x13 0x000ab009
core   0: 0x8000ac8c (0x4a2e8493) addi    s1, t4, 1186
core   0: 3 0x8000ac8c (0x4a2e8493) x 9 0x00000af2
core   0: 0x8000ac90 (0x00791833) sll     a6, s2, t2
core   0: 3 0x8000ac90 (0x00791833) x16 0x00000000
core   0: 0x8000ac94 (0x00000013) nop
core   0: 3 0x8000ac94 (0x00000013)
core   0: 0x8000ac98 (0x015f96b3) sll     a3, t6, s5
core   0: 3 0x8000ac98 (0x015f96b3) x13 0x00000000
core   0: 0x8000ac9c (0x00faa833) slt     a6, s5, a5
core   0: 3 0x8000ac9c (0x00faa833) x16 0x00000000
core   0: 0x8000aca0 (0x01c87eb3) and     t4, a6, t3
core   0: 3 0x8000aca0 (0x01c87eb3) x29 0x00000000
core   0: 0x8000aca4 (0x403fd8b3) sra     a7, t6, gp
core   0: 3 0x8000aca4 (0x403fd8b3) x17 0x00000000
core   0: 0x8000aca8 (0x00e3cf33) xor     t5, t2, a4
core   0: 3 0x8000aca8 (0x00e3cf33) x30 0x80000000
core   0: 0x8000acac (0xb51c4bb7) lui     s7, 0xb51c4
core   0: 3 0x8000acac (0xb51c4bb7) x23 0xb51c4000
core   0: 0x8000acb0 (0xc8202113) slti    sp, zero, -894
core   0: 3 0x8000acb0 (0xc8202113) x 2 0x00000000
core   0: 0x8000acb4 (0x00129c13) slli    s8, t0, 1
core   0: 3 0x8000acb4 (0x00129c13) x24 0x00000000
core   0: 0x8000acb8 (0x40e9de13) srai    t3, s3, 14
core   0: 3 0x8000acb8 (0x40e9de13) x28 0x00000000
core   0: 0x8000acbc (0x011a9793) slli    a5, s5, 17
core   0: 3 0x8000acbc (0x011a9793) x15 0x60120000
core   0: 0x8000acc0 (0x01e51833) sll     a6, a0, t5
core   0: 3 0x8000acc0 (0x01e51833) x16 0x80010e64
core   0: 0x8000acc4 (0x01f812b3) sll     t0, a6, t6
core   0: 3 0x8000acc4 (0x01f812b3) x 5 0x80010e64
core   0: 0x8000acc8 (0xf40e94b7) lui     s1, 0xf40e9
core   0: 3 0x8000acc8 (0xf40e94b7) x 9 0xf40e9000
core   0: 0x8000accc (0x9b463213) sltiu   tp, a2, -1612
core   0: 3 0x8000accc (0x9b463213) x 4 0x00000001
core   0: 0x8000acd0 (0x012440b3) xor     ra, s0, s2
core   0: 3 0x8000acd0 (0x012440b3) x 1 0x00000000
core   0: 0x8000acd4 (0x006431b3) sltu    gp, s0, t1
core   0: 3 0x8000acd4 (0x006431b3) x 3 0x00000001
core   0: 0x8000acd8 (0x00796cb3) or      s9, s2, t2
core   0: 3 0x8000acd8 (0x00796cb3) x25 0x80000000
core   0: 0x8000acdc (0x40f35893) srai    a7, t1, 15
core   0: 3 0x8000acdc (0x40f35893) x17 0xffff0002
core   0: 0x8000ace0 (0x867a3d93) sltiu   s11, s4, -1945
core   0: 3 0x8000ace0 (0x867a3d93) x27 0x00000001
core   0: 0x8000ace4 (0x00ca9b13) slli    s6, s5, 12
core   0: 3 0x8000ace4 (0x00ca9b13) x22 0xab009000
core   0: 0x8000ace8 (0xa8bc9837) lui     a6, 0xa8bc9
core   0: 3 0x8000ace8 (0xa8bc9837) x16 0xa8bc9000
core   0: 0x8000acec (0x019de733) or      a4, s11, s9
core   0: 3 0x8000acec (0x019de733) x14 0x80000001
core   0: 0x8000acf0 (0x56e7c493) xori    s1, a5, 1390
core   0: 3 0x8000acf0 (0x56e7c493) x 9 0x6012056e
core   0: 0x8000acf4 (0x30b7cf13) xori    t5, a5, 779
core   0: 3 0x8000acf4 (0x30b7cf13) x30 0x6012030b
core   0: 0x8000acf8 (0x012bda93) srli    s5, s7, 18
core   0: 3 0x8000acf8 (0x012bda93) x21 0x00002d47
core   0: 0x8000acfc (0x00920733) add     a4, tp, s1
core   0: 3 0x8000acfc (0x00920733) x14 0x6012056f
core   0: 0x8000ad00 (0x00486133) or      sp, a6, tp
core   0: 3 0x8000ad00 (0x00486133) x 2 0xa8bc9001
core   0: 0x8000ad04 (0x00e555b3) srl     a1, a0, a4
core   0: 3 0x8000ad04 (0x00e555b3) x11 0x00010002
core   0: 0x8000ad08 (0x00125733) srl     a4, tp, ra
core   0: 3 0x8000ad08 (0x00125733) x14 0x00000001
core   0: 0x8000ad0c (0x01ece5b3) or      a1, s9, t5
core   0: 3 0x8000ad0c (0x01ece5b3) x11 0xe012030b
core   0: 0x8000ad10 (0x003fab33) slt     s6, t6, gp
core   0: 3 0x8000ad10 (0x003fab33) x22 0x00000001
core   0: 0x8000ad14 (0x00e21033) sll     zero, tp, a4
core   0: 3 0x8000ad14 (0x00e21033)
core   0: 0x8000ad18 (0x00a854b3) srl     s1, a6, a0
core   0: 3 0x8000ad18 (0x00a854b3) x 9 0x0a8bc900
core   0: 0x8000ad1c (0x0047bc33) sltu    s8, a5, tp
core   0: 3 0x8000ad1c (0x0047bc33) x24 0x00000000
core   0: 0x8000ad20 (0x40a85713) srai    a4, a6, 10
core   0: 3 0x8000ad20 (0x40a85713) x14 0xffea2f24
core   0: 0x8000ad24 (0x01afa0b3) slt     ra, t6, s10
core   0: 3 0x8000ad24 (0x01afa0b3) x 1 0x00000001
core   0: 0x8000ad28 (0x01d0d2b3) srl     t0, ra, t4
core   0: 3 0x8000ad28 (0x01d0d2b3) x 5 0x00000001
core   0: 0x8000ad2c (0x00ba5593) srli    a1, s4, 11
core   0: 3 0x8000ad2c (0x00ba5593) x11 0x00000000
core   0: 0x8000ad30 (0x01c176b3) and     a3, sp, t3
core   0: 3 0x8000ad30 (0x01c176b3) x13 0x00000000
core   0: 0x8000ad34 (0x015b19b3) sll     s3, s6, s5
core   0: 3 0x8000ad34 (0x015b19b3) x19 0x00000080
core   0: 0x8000ad38 (0x87b44c37) lui     s8, 0x87b44
core   0: 3 0x8000ad38 (0x87b44c37) x24 0x87b44000
core   0: 0x8000ad3c (0x08e36d13) ori     s10, t1, 142
core   0: 3 0x8000ad3c (0x08e36d13) x26 0x80014cee
core   0: 0x8000ad40 (0x40105c33) sra     s8, zero, ra
core   0: 3 0x8000ad40 (0x40105c33) x24 0x00000000
core   0: 0x8000ad44 (0xc1452293) slti    t0, a0, -1004
core   0: 3 0x8000ad44 (0xc1452293) x 5 0x00000001
core   0: 0x8000ad48 (0x002356b3) srl     a3, t1, sp
core   0: 3 0x8000ad48 (0x002356b3) x13 0x4000a672
core   0: 0x8000ad4c (0x003ad713) srli    a4, s5, 3
core   0: 3 0x8000ad4c (0x003ad713) x14 0x000005a8
core   0: 0x8000ad50 (0xb19dfc37) lui     s8, 0xb19df
core   0: 3 0x8000ad50 (0xb19dfc37) x24 0xb19df000
core   0: 0x8000ad54 (0x39728793) addi    a5, t0, 919
core   0: 3 0x8000ad54 (0x39728793) x15 0x00000398
core   0: 0x8000ad58 (0x41318133) sub     sp, gp, s3
core   0: 3 0x8000ad58 (0x41318133) x 2 0xffffff81
core   0: 0x8000ad5c (0x014cf1b3) and     gp, s9, s4
core   0: 3 0x8000ad5c (0x014cf1b3) x 3 0x00000000
core   0: 0x8000ad60 (0x00b8a033) slt     zero, a7, a1
core   0: 3 0x8000ad60 (0x00b8a033)
core   0: 0x8000ad64 (0x09997017) auipc   zero, 0x9997
core   0: 3 0x8000ad64 (0x09997017)
core   0: 0x8000ad68 (0x67ecc593) xori    a1, s9, 1662
core   0: 3 0x8000ad68 (0x67ecc593) x11 0x8000067e
core   0: 0x8000ad6c (0x01fbd833) srl     a6, s7, t6
core   0: 3 0x8000ad6c (0x01fbd833) x16 0xb51c4000
core   0: 0x8000ad70 (0xff7ea493) slti    s1, t4, -9
core   0: 3 0x8000ad70 (0xff7ea493) x 9 0x00000000
core   0: 0x8000ad74 (0x011a2ab3) slt     s5, s4, a7
core   0: 3 0x8000ad74 (0x011a2ab3) x21 0x00000000
core   0: 0x8000ad78 (0x0d8da413) slti    s0, s11, 216
core   0: 3 0x8000ad78 (0x0d8da413) x 8 0x00000001
core   0: 0x8000ad7c (0x01906933) or      s2, zero, s9
core   0: 3 0x8000ad7c (0x01906933) x18 0x80000000
core   0: 0x8000ad80 (0x00000013) nop
core   0: 3 0x8000ad80 (0x00000013)
core   0: 0x8000ad84 (0xedf5ab93) slti    s7, a1, -289
core   0: 3 0x8000ad84 (0xedf5ab93) x23 0x00000001
core   0: 0x8000ad88 (0x1c58bb93) sltiu   s7, a7, 453
core   0: 3 0x8000ad88 (0x1c58bb93) x23 0x00000000
core   0: 0x8000ad8c (0x01b03eb3) snez    t4, s11
core   0: 3 0x8000ad8c (0x01b03eb3) x29 0x00000001
core   0: 0x8000ad90 (0x413a85b3) sub     a1, s5, s3
core   0: 3 0x8000ad90 (0x413a85b3) x11 0xffffff80
core   0: 0x8000ad94 (0x00000013) nop
core   0: 3 0x8000ad94 (0x00000013)
core   0: 0x8000ad98 (0x01923833) sltu    a6, tp, s9
core   0: 3 0x8000ad98 (0x01923833) x16 0x00000001
core   0: 0x8000ad9c (0x016f36b3) sltu    a3, t5, s6
core   0: 3 0x8000ad9c (0x016f36b3) x13 0x00000000
core   0: 0x8000ada0 (0x0055afb3) slt     t6, a1, t0
core   0: 3 0x8000ada0 (0x0055afb3) x31 0x00000001
core   0: 0x8000ada4 (0x418cd613) srai    a2, s9, 24
core   0: 3 0x8000ada4 (0x418cd613) x12 0xffffff80
core   0: 0x8000ada8 (0x00736d33) or      s10, t1, t2
core   0: 3 0x8000ada8 (0x00736d33) x26 0x80014ce4
core   0: 0x8000adac (0x40288ab3) sub     s5, a7, sp
core   0: 3 0x8000adac (0x40288ab3) x21 0xffff0081
core   0: 0x8000adb0 (0x00eab433) sltu    s0, s5, a4
core   0: 3 0x8000adb0 (0x00eab433) x 8 0x00000000
core   0: 0x8000adb4 (0x00acb633) sltu    a2, s9, a0
core   0: 3 0x8000adb4 (0x00acb633) x12 0x00000001
core   0: 0x8000adb8 (0x01250bb3) add     s7, a0, s2
core   0: 3 0x8000adb8 (0x01250bb3) x23 0x00010e64
core   0: 0x8000adbc (0xe7bddb97) auipc   s7, 0xe7bdd
core   0: 3 0x8000adbc (0xe7bddb97) x23 0x67be7dbc
core   0: 0x8000adc0 (0x017efbb3) and     s7, t4, s7
core   0: 3 0x8000adc0 (0x017efbb3) x23 0x00000000
core   0: 0x8000adc4 (0x40c6d2b3) sra     t0, a3, a2
core   0: 3 0x8000adc4 (0x40c6d2b3) x 5 0x00000000
core   0: 0x8000adc8 (0x00bab433) sltu    s0, s5, a1
core   0: 3 0x8000adc8 (0x00bab433) x 8 0x00000001
core   0: 0x8000adcc (0x00570c33) add     s8, a4, t0
core   0: 3 0x8000adcc (0x00570c33) x24 0x000005a8
core   0: 0x8000add0 (0x001d49b3) xor     s3, s10, ra
core   0: 3 0x8000add0 (0x001d49b3) x19 0x80014ce5
core   0: 0x8000add4 (0x4179fa93) andi    s5, s3, 1047
core   0: 3 0x8000add4 (0x4179fa93) x21 0x00000405
core   0: 0x8000add8 (0x013851b3) srl     gp, a6, s3
core   0: 3 0x8000add8 (0x013851b3) x 3 0x00000000
core   0: 0x8000addc (0x34ea8913) addi    s2, s5, 846
core   0: 3 0x8000addc (0x34ea8913) x18 0x00000753
core   0: 0x8000ade0 (0x012ed413) srli    s0, t4, 18
core   0: 3 0x8000ade0 (0x012ed413) x 8 0x00000000
core   0: 0x8000ade4 (0x01d52eb3) slt     t4, a0, t4
core   0: 3 0x8000ade4 (0x01d52eb3) x29 0x00000001
core   0: 0x8000ade8 (0x6f313113) sltiu   sp, sp, 1779
core   0: 3 0x8000ade8 (0x6f313113) x 2 0x00000000
core   0: 0x8000adec (0x00000013) nop
core   0: 3 0x8000adec (0x00000013)
core   0: 0x8000adf0 (0x41995733) sra     a4, s2, s9
core   0: 3 0x8000adf0 (0x41995733) x14 0x00000753
core   0: 0x8000adf4 (0x70fa6613) ori     a2, s4, 1807
core   0: 3 0x8000adf4 (0x70fa6613) x12 0x0000070f
core   0: 0x8000adf8 (0x01e69e13) slli    t3, a3, 30
core   0: 3 0x8000adf8 (0x01e69e13) x28 0x00000000
core   0: 0x8000adfc (0x4158dd93) srai    s11, a7, 21
core   0: 3 0x8000adfc (0x4158dd93) x27 0xffffffff
core   0: 0x8000ae00 (0x414a80b3) sub     ra, s5, s4
core   0: 3 0x8000ae00 (0x414a80b3) x 1 0x00000405
core   0: 0x8000ae04 (0x01448d33) add     s10, s1, s4
core   0: 3 0x8000ae04 (0x01448d33) x26 0x00000000
core   0: 0x8000ae08 (0x0179c2b3) xor     t0, s3, s7
core   0: 3 0x8000ae08 (0x0179c2b3) x 5 0x80014ce5
core   0: 0x8000ae0c (0x015e5ab3) srl     s5, t3, s5
core   0: 3 0x8000ae0c (0x015e5ab3) x21 0x00000000
core   0: 0x8000ae10 (0xa2bdc613) xori    a2, s11, -1493
core   0: 3 0x8000ae10 (0xa2bdc613) x12 0x000005d4
core   0: 0x8000ae14 (0x004690b3) sll     ra, a3, tp
core   0: 3 0x8000ae14 (0x004690b3) x 1 0x00000000
core   0: 0x8000ae18 (0x405cdb13) srai    s6, s9, 5
core   0: 3 0x8000ae18 (0x405cdb13) x22 0xfc000000
core   0: 0x8000ae1c (0x81bb7013) andi    zero, s6, -2021
core   0: 3 0x8000ae1c (0x81bb7013)
core   0: 0x8000ae20 (0x91abc793) xori    a5, s7, -1766
core   0: 3 0x8000ae20 (0x91abc793) x15 0xfffff91a
core   0: 0x8000ae24 (0x73064e13) xori    t3, a2, 1840
core   0: 3 0x8000ae24 (0x73064e13) x28 0x000002e4
core   0: 0x8000ae28 (0x41b88db3) sub     s11, a7, s11
core   0: 3 0x8000ae28 (0x41b88db3) x27 0xffff0003
core   0: 0x8000ae2c (0x00105693) srli    a3, zero, 1
core   0: 3 0x8000ae2c (0x00105693) x13 0x00000000
core   0: 0x8000ae30 (0xbdf53993) sltiu   s3, a0, -1057
core   0: 3 0x8000ae30 (0xbdf53993) x19 0x00000001
core   0: 0x8000ae34 (0x000c47b3) xor     a5, s8, zero
core   0: 3 0x8000ae34 (0x000c47b3) x15 0x000005a8
core   0: 0x8000ae38 (0xe90cc593) xori    a1, s9, -368
core   0: 3 0x8000ae38 (0xe90cc593) x11 0x7ffffe90
core   0: 0x8000ae3c (0x90e84693) xori    a3, a6, -1778
core   0: 3 0x8000ae3c (0x90e84693) x13 0xfffff90f
core   0: 0x8000ae40 (0x405b8d33) sub     s10, s7, t0
core   0: 3 0x8000ae40 (0x405b8d33) x26 0x7ffeb31b
core   0: 0x8000ae44 (0xd90fcb13) xori    s6, t6, -624
core   0: 3 0x8000ae44 (0xd90fcb13) x22 0xfffffd91
core   0: 0x8000ae48 (0x00000013) nop
core   0: 3 0x8000ae48 (0x00000013)
core   0: 0x8000ae4c (0x40590233) sub     tp, s2, t0
core   0: 3 0x8000ae4c (0x40590233) x 4 0x7ffeba6e
core   0: 0x8000ae50 (0x40475fb3) sra     t6, a4, tp
core   0: 3 0x8000ae50 (0x40475fb3) x31 0x00000000
core   0: 0x8000ae54 (0x00941d33) sll     s10, s0, s1
core   0: 3 0x8000ae54 (0x00941d33) x26 0x00000000
core   0: 0x8000ae58 (0x59d92413) slti    s0, s2, 1437
core   0: 3 0x8000ae58 (0x59d92413) x 8 0x00000000
core   0: 0x8000ae5c (0x00d685b3) add     a1, a3, a3
core   0: 3 0x8000ae5c (0x00d685b3) x11 0xfffff21e
core   0: 0x8000ae60 (0x40de5733) sra     a4, t3, a3
core   0: 3 0x8000ae60 (0x40de5733) x14 0x00000000
core   0: 0x8000ae64 (0x407ddb13) srai    s6, s11, 7
core   0: 3 0x8000ae64 (0x407ddb13) x22 0xfffffe00
core   0: 0x8000ae68 (0x00b42733) slt     a4, s0, a1
core   0: 3 0x8000ae68 (0x00b42733) x14 0x00000000
core   0: 0x8000ae6c (0x00f96433) or      s0, s2, a5
core   0: 3 0x8000ae6c (0x00f96433) x 8 0x000007fb
core   0: 0x8000ae70 (0x003c5013) srli    zero, s8, 3
core   0: 3 0x8000ae70 (0x003c5013)
core   0: 0x8000ae74 (0x7422b593) sltiu   a1, t0, 1858
core   0: 3 0x8000ae74 (0x7422b593) x11 0x00000000
core   0: 0x8000ae78 (0x8e160413) addi    s0, a2, -1823
core   0: 3 0x8000ae78 (0x8e160413) x 8 0xfffffeb5
core   0: 0x8000ae7c (0x007b1293) slli    t0, s6, 7
core   0: 3 0x8000ae7c (0x007b1293) x 5 0xffff0000
core   0: 0x8000ae80 (0x00be9133) sll     sp, t4, a1
core   0: 3 0x8000ae80 (0x00be9133) x 2 0x00000001
core   0: 0x8000ae84 (0xc386b413) sltiu   s0, a3, -968
core   0: 3 0x8000ae84 (0xc386b413) x 8 0x00000001
core   0: 0x8000ae88 (0x01378133) add     sp, a5, s3
core   0: 3 0x8000ae88 (0x01378133) x 2 0x000005a9
core   0: 0x8000ae8c (0x01c967b3) or      a5, s2, t3
core   0: 3 0x8000ae8c (0x01c967b3) x15 0x000007f7
core   0: 0x8000ae90 (0x5204ef93) ori     t6, s1, 1312
core   0: 3 0x8000ae90 (0x5204ef93) x31 0x00000520
core   0: 0x8000ae94 (0x01bb6033) or      zero, s6, s11
core   0: 3 0x8000ae94 (0x01bb6033)
core   0: 0x8000ae98 (0x4dd7f797) auipc   a5, 0x4dd7f
core   0: 3 0x8000ae98 (0x4dd7f797) x15 0xcdd89e98
core   0: 0x8000ae9c (0x786e3a93) sltiu   s5, t3, 1926
core   0: 3 0x8000ae9c (0x786e3a93) x21 0x00000001
core   0: 0x8000aea0 (0x8942a597) auipc   a1, 0x8942a
core   0: 3 0x8000aea0 (0x8942a597) x11 0x09434ea0
core   0: 0x8000aea4 (0x01ed0cb3) add     s9, s10, t5
core   0: 3 0x8000aea4 (0x01ed0cb3) x25 0x6012030b
core   0: 0x8000aea8 (0x00921ab3) sll     s5, tp, s1
core   0: 3 0x8000aea8 (0x00921ab3) x21 0x7ffeba6e
core   0: 0x8000aeac (0x01a326b3) slt     a3, t1, s10
core   0: 3 0x8000aeac (0x01a326b3) x13 0x00000001
core   0: 0x8000aeb0 (0x01111133) sll     sp, sp, a7
core   0: 3 0x8000aeb0 (0x01111133) x 2 0x000016a4
core   0: 0x8000aeb4 (0x00e39c13) slli    s8, t2, 14
core   0: 3 0x8000aeb4 (0x00e39c13) x24 0x00000000
core   0: 0x8000aeb8 (0x01057933) and     s2, a0, a6
core   0: 3 0x8000aeb8 (0x01057933) x18 0x00000000
core   0: 0x8000aebc (0x04924a17) auipc   s4, 0x4924
core   0: 3 0x8000aebc (0x04924a17) x20 0x8492eebc
core   0: 0x8000aec0 (0x01d580b3) add     ra, a1, t4
core   0: 3 0x8000aec0 (0x01d580b3) x 1 0x09434ea1
core   0: 0x8000aec4 (0xbf313e13) sltiu   t3, sp, -1037
core   0: 3 0x8000aec4 (0xbf313e13) x28 0x00000001
core   0: 0x8000aec8 (0x0b33a593) slti    a1, t2, 179
core   0: 3 0x8000aec8 (0x0b33a593) x11 0x00000001
core   0: 0x8000aecc (0x5f227f93) andi    t6, tp, 1522
core   0: 3 0x8000aecc (0x5f227f93) x31 0x00000062
core   0: 0x8000aed0 (0x00cc5493) srli    s1, s8, 12
core   0: 3 0x8000aed0 (0x00cc5493) x 9 0x00000000
core   0: 0x8000aed4 (0x86c28d93) addi    s11, t0, -1940
core   0: 3 0x8000aed4 (0x86c28d93) x27 0xfffef86c
core   0: 0x8000aed8 (0x001eca33) xor     s4, t4, ra
core   0: 3 0x8000aed8 (0x001eca33) x20 0x09434ea0
core   0: 0x8000aedc (0x0168cdb3) xor     s11, a7, s6
core   0: 3 0x8000aedc (0x0168cdb3) x27 0x0000fe02
core   0: 0x8000aee0 (0x2324c793) xori    a5, s1, 562
core   0: 3 0x8000aee0 (0x2324c793) x15 0x00000232
core   0: 0x8000aee4 (0xd2ed0013) addi    zero, s10, -722
core   0: 3 0x8000aee4 (0xd2ed0013)
core   0: 0x8000aee8 (0x000c1293) slli    t0, s8, 0
core   0: 3 0x8000aee8 (0x000c1293) x 5 0x00000000
core   0: 0x8000aeec (0x00890eb3) add     t4, s2, s0
core   0: 3 0x8000aeec (0x00890eb3) x29 0x00000001
core   0: 0x8000aef0 (0x01e57833) and     a6, a0, t5
core   0: 3 0x8000aef0 (0x01e57833) x16 0x00000200
core   0: 0x8000aef4 (0x41fa0fb3) sub     t6, s4, t6
core   0: 3 0x8000aef4 (0x41fa0fb3) x31 0x09434e3e
core   0: 0x8000aef8 (0xfbf26993) ori     s3, tp, -65
core   0: 3 0x8000aef8 (0xfbf26993) x19 0xffffffff
core   0: 0x8000aefc (0x844f7f13) andi    t5, t5, -1980
core   0: 3 0x8000aefc (0x844f7f13) x30 0x60120000
core   0: 0x8000af00 (0x68217713) andi    a4, sp, 1666
core   0: 3 0x8000af00 (0x68217713) x14 0x00000680
core   0: 0x8000af04 (0xc67ab093) sltiu   ra, s5, -921
core   0: 3 0x8000af04 (0xc67ab093) x 1 0x00000001
core   0: 0x8000af08 (0x011378b3) and     a7, t1, a7
core   0: 3 0x8000af08 (0x011378b3) x17 0x80010000
core   0: 0x8000af0c (0x005979b3) and     s3, s2, t0
core   0: 3 0x8000af0c (0x005979b3) x19 0x00000000
core   0: 0x8000af10 (0x00ff62b3) or      t0, t5, a5
core   0: 3 0x8000af10 (0x00ff62b3) x 5 0x60120232
core   0: 0x8000af14 (0x0150da93) srli    s5, ra, 21
core   0: 3 0x8000af14 (0x0150da93) x21 0x00000000
core   0: 0x8000af18 (0x93dc3b93) sltiu   s7, s8, -1731
core   0: 3 0x8000af18 (0x93dc3b93) x23 0x00000001
core   0: 0x8000af1c (0xbb06a793) slti    a5, a3, -1104
core   0: 3 0x8000af1c (0xbb06a793) x15 0x00000000
core   0: 0x8000af20 (0x01080db3) add     s11, a6, a6
core   0: 3 0x8000af20 (0x01080db3) x27 0x00000400
core   0: 0x8000af24 (0x4085d633) sra     a2, a1, s0
core   0: 3 0x8000af24 (0x4085d633) x12 0x00000000
core   0: 0x8000af28 (0x40b85a93) srai    s5, a6, 11
core   0: 3 0x8000af28 (0x40b85a93) x21 0x00000000
core   0: 0x8000af2c (0x41568a33) sub     s4, a3, s5
core   0: 3 0x8000af2c (0x41568a33) x20 0x00000001
core   0: 0x8000af30 (0x00bfe9b3) or      s3, t6, a1
core   0: 3 0x8000af30 (0x00bfe9b3) x19 0x09434e3f
core   0: 0x8000af34 (0x20e38b13) addi    s6, t2, 526
core   0: 3 0x8000af34 (0x20e38b13) x22 0x8000020e
core   0: 0x8000af38 (0x01df79b3) and     s3, t5, t4
core   0: 3 0x8000af38 (0x01df79b3) x19 0x00000000
core   0: 0x8000af3c (0xbe9e6297) auipc   t0, 0xbe9e6
core   0: 3 0x8000af3c (0xbe9e6297) x 5 0x3e9f0f3c
core   0: 0x8000af40 (0x00615b13) srli    s6, sp, 6
core   0: 3 0x8000af40 (0x00615b13) x22 0x0000005a
core   0: 0x8000af44 (0x0195dc93) srli    s9, a1, 25
core   0: 3 0x8000af44 (0x0195dc93) x25 0x00000000
core   0: 0x8000af48 (0xcc223713) sltiu   a4, tp, -830
core   0: 3 0x8000af48 (0xcc223713) x14 0x00000001
core   0: 0x8000af4c (0x411a0f33) sub     t5, s4, a7
core   0: 3 0x8000af4c (0x411a0f33) x30 0x7fff0001
core   0: 0x8000af50 (0x0041e933) or      s2, gp, tp
core   0: 3 0x8000af50 (0x0041e933) x18 0x7ffeba6e
core   0: 0x8000af54 (0xb86bb013) sltiu   zero, s7, -1146
core   0: 3 0x8000af54 (0xb86bb013)
core   0: 0x8000af58 (0x402f5e33) sra     t3, t5, sp
core   0: 3 0x8000af58 (0x402f5e33) x28 0x07fff000
core   0: 0x8000af5c (0x0c3db6b7) lui     a3, 0xc3db
core   0: 3 0x8000af5c (0x0c3db6b7) x13 0x0c3db000
core   0: 0x8000af60 (0x019d27b3) slt     a5, s10, s9
core   0: 3 0x8000af60 (0x019d27b3) x15 0x00000000
core   0: 0x8000af64 (0x016cf9b3) and     s3, s9, s6
core   0: 3 0x8000af64 (0x016cf9b3) x19 0x00000000
core   0: 0x8000af68 (0x00289593) slli    a1, a7, 2
core   0: 3 0x8000af68 (0x00289593) x11 0x00040000
core   0: 0x8000af6c (0x00000013) nop
core   0: 3 0x8000af6c (0x00000013)
core   0: 0x8000af70 (0x411edc93) srai    s9, t4, 17
core   0: 3 0x8000af70 (0x411edc93) x25 0x00000000
core   0: 0x8000af74 (0x01d7af33) slt     t5, a5, t4
core   0: 3 0x8000af74 (0x01d7af33) x30 0x00000001
core   0: 0x8000af78 (0x010a1993) slli    s3, s4, 16
core   0: 3 0x8000af78 (0x010a1993) x19 0x00010000
core   0: 0x8000af7c (0xb1c1ac13) slti    s8, gp, -1252
core   0: 3 0x8000af7c (0xb1c1ac13) x24 0x00000000
core   0: 0x8000af80 (0x006f0cb3) add     s9, t5, t1
core   0: 3 0x8000af80 (0x006f0cb3) x25 0x80014ce5
core   0: 0x8000af84 (0x01ce1893) slli    a7, t3, 28
core   0: 3 0x8000af84 (0x01ce1893) x17 0x00000000
core   0: 0x8000af88 (0xcfc2ce13) xori    t3, t0, -772
core   0: 3 0x8000af88 (0xcfc2ce13) x28 0xc160f3c0
core   0: 0x8000af8c (0x00000013) nop
core   0: 3 0x8000af8c (0x00000013)
core   0: 0x8000af90 (0x00027133) and     sp, tp, zero
core   0: 3 0x8000af90 (0x00027133) x 2 0x00000000
core   0: 0x8000af94 (0x404ed813) srai    a6, t4, 4
core   0: 3 0x8000af94 (0x404ed813) x16 0x00000000
core   0: 0x8000af98 (0x017ed013) srli    zero, t4, 23
core   0: 3 0x8000af98 (0x017ed013)
core   0: 0x8000af9c (0x01c72633) slt     a2, a4, t3
core   0: 3 0x8000af9c (0x01c72633) x12 0x00000000
core   0: 0x8000afa0 (0x0158bcb3) sltu    s9, a7, s5
core   0: 3 0x8000afa0 (0x0158bcb3) x25 0x00000000
core   0: 0x8000afa4 (0x5cde2193) slti    gp, t3, 1485
core   0: 3 0x8000afa4 (0x5cde2193) x 3 0x00000001
core   0: 0x8000afa8 (0x01281a33) sll     s4, a6, s2
core   0: 3 0x8000afa8 (0x01281a33) x20 0x00000000
core   0: 0x8000afac (0x1061a113) slti    sp, gp, 262
core   0: 3 0x8000afac (0x1061a113) x 2 0x00000001
core   0: 0x8000afb0 (0x00000013) nop
core   0: 3 0x8000afb0 (0x00000013)
core   0: 0x8000afb4 (0x0169e1b3) or      gp, s3, s6
core   0: 3 0x8000afb4 (0x0169e1b3) x 3 0x0001005a
core   0: 0x8000afb8 (0x00af1bb3) sll     s7, t5, a0
core   0: 3 0x8000afb8 (0x00af1bb3) x23 0x00000010
core   0: 0x8000afbc (0x018edfb3) srl     t6, t4, s8
core   0: 3 0x8000afbc (0x018edfb3) x31 0x00000001
core   0: 0x8000afc0 (0xc8710a93) addi    s5, sp, -889
core   0: 3 0x8000afc0 (0xc8710a93) x21 0xfffffc88
core   0: 0x8000afc4 (0x10dcbc93) sltiu   s9, s9, 269
core   0: 3 0x8000afc4 (0x10dcbc93) x25 0x00000001
core   0: 0x8000afc8 (0x01ac6ab3) or      s5, s8, s10
core   0: 3 0x8000afc8 (0x01ac6ab3) x21 0x00000000
core   0: 0x8000afcc (0x4108db33) sra     s6, a7, a6
core   0: 3 0x8000afcc (0x4108db33) x22 0x00000000
core   0: 0x8000afd0 (0x0110c733) xor     a4, ra, a7
core   0: 3 0x8000afd0 (0x0110c733) x14 0x00000001
core   0: 0x8000afd4 (0x40568c33) sub     s8, a3, t0
core   0: 3 0x8000afd4 (0x40568c33) x24 0xcd9ea0c4
core   0: 0x8000afd8 (0xd24540b7) lui     ra, 0xd2454
core   0: 3 0x8000afd8 (0xd24540b7) x 1 0xd2454000
core   0: 0x8000afdc (0x6a1a8013) addi    zero, s5, 1697
core   0: 3 0x8000afdc (0x6a1a8013)
core   0: 0x8000afe0 (0x00aa52b3) srl     t0, s4, a0
core   0: 3 0x8000afe0 (0x00aa52b3) x 5 0x00000000
core   0: 0x8000afe4 (0x00000013) nop
core   0: 3 0x8000afe4 (0x00000013)
core   0: 0x8000afe8 (0x40f3d933) sra     s2, t2, a5
core   0: 3 0x8000afe8 (0x40f3d933) x18 0x80000000
core   0: 0x8000afec (0x1e7c4a13) xori    s4, s8, 487
core   0: 3 0x8000afec (0x1e7c4a13) x20 0xcd9ea123
core   0: 0x8000aff0 (0x00eea4b3) slt     s1, t4, a4
core   0: 3 0x8000aff0 (0x00eea4b3) x 9 0x00000000
core   0: 0x8000aff4 (0x41c8d133) sra     sp, a7, t3
core   0: 3 0x8000aff4 (0x41c8d133) x 2 0x00000000
core   0: 0x8000aff8 (0x80493793) sltiu   a5, s2, -2044
core   0: 3 0x8000aff8 (0x80493793) x15 0x00000001
core   0: 0x8000affc (0x41e3dab3) sra     s5, t2, t5
core   0: 3 0x8000affc (0x41e3dab3) x21 0xc0000000
core   0: 0x8000b000 (0xc977fd97) auipc   s11, 0xc977f
core   0: 3 0x8000b000 (0xc977fd97) x27 0x4978a000
core   0: 0x8000b004 (0x00f772b3) and     t0, a4, a5
core   0: 3 0x8000b004 (0x00f772b3) x 5 0x00000001
core   0: 0x8000b008 (0x00000013) nop
core   0: 3 0x8000b008 (0x00000013)
core   0: 0x8000b00c (0x40615913) srai    s2, sp, 6
core   0: 3 0x8000b00c (0x40615913) x18 0x00000000
core   0: 0x8000b010 (0x015a12b3) sll     t0, s4, s5
core   0: 3 0x8000b010 (0x015a12b3) x 5 0xcd9ea123
core   0: 0x8000b014 (0x0127efb3) or      t6, a5, s2
core   0: 3 0x8000b014 (0x0127efb3) x31 0x00000001
core   0: 0x8000b018 (0x00b444b3) xor     s1, s0, a1
core   0: 3 0x8000b018 (0x00b444b3) x 9 0x00040001
core   0: 0x8000b01c (0x015cf233) and     tp, s9, s5
core   0: 3 0x8000b01c (0x015cf233) x 4 0x00000000
core   0: 0x8000b020 (0x00a45e93) srli    t4, s0, 10
core   0: 3 0x8000b020 (0x00a45e93) x29 0x00000000
core   0: 0x8000b024 (0x407b0633) sub     a2, s6, t2
core   0: 3 0x8000b024 (0x407b0633) x12 0x80000000
core   0: 0x8000b028 (0x00cc6733) or      a4, s8, a2
core   0: 3 0x8000b028 (0x00cc6733) x14 0xcd9ea0c4
core   0: 0x8000b02c (0x7b5c8713) addi    a4, s9, 1973
core   0: 3 0x8000b02c (0x7b5c8713) x14 0x000007b6
core   0: 0x8000b030 (0x01577733) and     a4, a4, s5
core   0: 3 0x8000b030 (0x01577733) x14 0x00000000
core   0: 0x8000b034 (0x000ce733) or      a4, s9, zero
core   0: 3 0x8000b034 (0x000ce733) x14 0x00000001
core   0: 0x8000b038 (0x402e5933) sra     s2, t3, sp
core   0: 3 0x8000b038 (0x402e5933) x18 0xc160f3c0
core   0: 0x8000b03c (0x41c75a13) srai    s4, a4, 28
core   0: 3 0x8000b03c (0x41c75a13) x20 0x00000000
core   0: 0x8000b040 (0x0019cd33) xor     s10, s3, ra
core   0: 3 0x8000b040 (0x0019cd33) x26 0xd2444000
core   0: 0x8000b044 (0x00479493) slli    s1, a5, 4
core   0: 3 0x8000b044 (0x00479493) x 9 0x00000010
core   0: 0x8000b048 (0x00000013) nop
core   0: 3 0x8000b048 (0x00000013)
core   0: 0x8000b04c (0x00000013) nop
core   0: 3 0x8000b04c (0x00000013)
core   0: 0x8000b050 (0x01c5b6b3) sltu    a3, a1, t3
core   0: 3 0x8000b050 (0x01c5b6b3) x13 0x00000001
core   0: 0x8000b054 (0x6d6fbe93) sltiu   t4, t6, 1750
core   0: 3 0x8000b054 (0x6d6fbe93) x29 0x00000001
core   0: 0x8000b058 (0x014ca033) slt     zero, s9, s4
core   0: 3 0x8000b058 (0x014ca033)
core   0: 0x8000b05c (0x00000013) nop
core   0: 3 0x8000b05c (0x00000013)
core   0: 0x8000b060 (0x012bd193) srli    gp, s7, 18
core   0: 3 0x8000b060 (0x012bd193) x 3 0x00000000
core   0: 0x8000b064 (0x7860c5b7) lui     a1, 0x7860c
core   0: 3 0x8000b064 (0x7860c5b7) x11 0x7860c000
core   0: 0x8000b068 (0x39a56093) ori     ra, a0, 922
core   0: 3 0x8000b068 (0x39a56093) x 1 0x80010ffe
core   0: 0x8000b06c (0x413d0433) sub     s0, s10, s3
core   0: 3 0x8000b06c (0x413d0433) x 8 0xd2434000
core   0: 0x8000b070 (0x00e258b3) srl     a7, tp, a4
core   0: 3 0x8000b070 (0x00e258b3) x17 0x00000000
core   0: 0x8000b074 (0x00aa9713) slli    a4, s5, 10
core   0: 3 0x8000b074 (0x00aa9713) x14 0x00000000
core   0: 0x8000b078 (0x006c5c33) srl     s8, s8, t1
core   0: 3 0x8000b078 (0x006c5c33) x24 0x0cd9ea0c
core   0: 0x8000b07c (0x411eddb3) sra     s11, t4, a7
core   0: 3 0x8000b07c (0x411eddb3) x27 0x00000001
core   0: 0x8000b080 (0x005ae733) or      a4, s5, t0
core   0: 3 0x8000b080 (0x005ae733) x14 0xcd9ea123
core   0: 0x8000b084 (0x41908833) sub     a6, ra, s9
core   0: 3 0x8000b084 (0x41908833) x16 0x80010ffd
core   0: 0x8000b088 (0xc79f6b13) ori     s6, t5, -903
core   0: 3 0x8000b088 (0xc79f6b13) x22 0xfffffc79
core   0: 0x8000b08c (0x0028edb3) or      s11, a7, sp
core   0: 3 0x8000b08c (0x0028edb3) x27 0x00000000
core   0: 0x8000b090 (0x018b37b3) sltu    a5, s6, s8
core   0: 3 0x8000b090 (0x018b37b3) x15 0x00000000
core   0: 0x8000b094 (0x00635833) srl     a6, t1, t1
core   0: 3 0x8000b094 (0x00635833) x16 0x080014ce
core   0: 0x8000b098 (0x008e6a33) or      s4, t3, s0
core   0: 3 0x8000b098 (0x008e6a33) x20 0xd363f3c0
core   0: 0x8000b09c (0x40b656b3) sra     a3, a2, a1
core   0: 3 0x8000b09c (0x40b656b3) x13 0x80000000
core   0: 0x8000b0a0 (0xa938f113) andi    sp, a7, -1389
core   0: 3 0x8000b0a0 (0xa938f113) x 2 0x00000000
core   0: 0x8000b0a4 (0x00d54fb3) xor     t6, a0, a3
core   0: 3 0x8000b0a4 (0x00d54fb3) x31 0x00010e64
core   0: 0x8000b0a8 (0x016dfb33) and     s6, s11, s6
core   0: 3 0x8000b0a8 (0x016dfb33) x22 0x00000000
core   0: 0x8000b0ac (0x014696b3) sll     a3, a3, s4
core   0: 3 0x8000b0ac (0x014696b3) x13 0x80000000
core   0: 0x8000b0b0 (0xbe902e93) slti    t4, zero, -1047
core   0: 3 0x8000b0b0 (0xbe902e93) x29 0x00000000
core   0: 0x8000b0b4 (0x00000013) nop
core   0: 3 0x8000b0b4 (0x00000013)
core   0: 0x8000b0b8 (0x015dd7b3) srl     a5, s11, s5
core   0: 3 0x8000b0b8 (0x015dd7b3) x15 0x00000000
core   0: 0x8000b0bc (0x0082db93) srli    s7, t0, 8
core   0: 3 0x8000b0bc (0x0082db93) x23 0x00cd9ea1
core   0: 0x8000b0c0 (0x0168fb33) and     s6, a7, s6
core   0: 3 0x8000b0c0 (0x0168fb33) x22 0x00000000
core   0: 0x8000b0c4 (0x64243c93) sltiu   s9, s0, 1602
core   0: 3 0x8000b0c4 (0x64243c93) x25 0x00000000
core   0: 0x8000b0c8 (0x34d2d297) auipc   t0, 0x34d2d
core   0: 3 0x8000b0c8 (0x34d2d297) x 5 0xb4d380c8
core   0: 0x8000b0cc (0x4125e113) ori     sp, a1, 1042
core   0: 3 0x8000b0cc (0x4125e113) x 2 0x7860c412
core   0: 0x8000b0d0 (0x4064d2b3) sra     t0, s1, t1
core   0: 3 0x8000b0d0 (0x4064d2b3) x 5 0x00000001
core   0: 0x8000b0d4 (0x000d9593) slli    a1, s11, 0
core   0: 3 0x8000b0d4 (0x000d9593) x11 0x00000000
core   0: 0x8000b0d8 (0x004ec833) xor     a6, t4, tp
core   0: 3 0x8000b0d8 (0x004ec833) x16 0x00000000
core   0: 0x8000b0dc (0x40af0b33) sub     s6, t5, a0
core   0: 3 0x8000b0dc (0x40af0b33) x22 0x7ffef19d
core   0: 0x8000b0e0 (0x919e00b7) lui     ra, 0x919e0
core   0: 3 0x8000b0e0 (0x919e00b7) x 1 0x919e0000
core   0: 0x8000b0e4 (0x00cf5e93) srli    t4, t5, 12
core   0: 3 0x8000b0e4 (0x00cf5e93) x29 0x00000000
core   0: 0x8000b0e8 (0x55927813) andi    a6, tp, 1369
core   0: 3 0x8000b0e8 (0x55927813) x16 0x00000000
core   0: 0x8000b0ec (0x01217233) and     tp, sp, s2
core   0: 3 0x8000b0ec (0x01217233) x 4 0x4060c000
core   0: 0x8000b0f0 (0x40725293) srai    t0, tp, 7
core   0: 3 0x8000b0f0 (0x40725293) x 5 0x0080c180
core   0: 0x8000b0f4 (0xb1096b93) ori     s7, s2, -1264
core   0: 3 0x8000b0f4 (0xb1096b93) x23 0xfffffbd0
core   0: 0x8000b0f8 (0x01a2eab3) or      s5, t0, s10
core   0: 3 0x8000b0f8 (0x01a2eab3) x21 0xd2c4c180
core   0: 0x8000b0fc (0x00122db3) slt     s11, tp, ra
core   0: 3 0x8000b0fc (0x00122db3) x27 0x00000000
core   0: 0x8000b100 (0x019f0717) auipc   a4, 0x19f0
core   0: 3 0x8000b100 (0x019f0717) x14 0x819fb100
core   0: 0x8000b104 (0x0112d133) srl     sp, t0, a7
core   0: 3 0x8000b104 (0x0112d133) x 2 0x0080c180
core   0: 0x8000b108 (0x0011cd33) xor     s10, gp, ra
core   0: 3 0x8000b108 (0x0011cd33) x26 0x919e0000
core   0: 0x8000b10c (0x00000013) nop
core   0: 3 0x8000b10c (0x00000013)
core   0: 0x8000b110 (0x0079d113) srli    sp, s3, 7
core   0: 3 0x8000b110 (0x0079d113) x 2 0x00000200
core   0: 0x8000b114 (0x00f64733) xor     a4, a2, a5
core   0: 3 0x8000b114 (0x00f64733) x14 0x80000000
core   0: 0x8000b118 (0x2803c093) xori    ra, t2, 640
core   0: 3 0x8000b118 (0x2803c093) x 1 0x80000280
core   0: 0x8000b11c (0x41d90e33) sub     t3, s2, t4
core   0: 3 0x8000b11c (0x41d90e33) x28 0xc160f3c0
core   0: 0x8000b120 (0xaef8ef13) ori     t5, a7, -1297
core   0: 3 0x8000b120 (0xaef8ef13) x30 0xfffffaef
core   0: 0x8000b124 (0x00000013) nop
core   0: 3 0x8000b124 (0x00000013)
core   0: 0x8000b128 (0x004660b3) or      ra, a2, tp
core   0: 3 0x8000b128 (0x004660b3) x 1 0xc060c000
core   0: 0x8000b12c (0x18ac6c13) ori     s8, s8, 394
core   0: 3 0x8000b12c (0x18ac6c13) x24 0x0cd9eb8e
core   0: 0x8000b130 (0x00955a33) srl     s4, a0, s1
core   0: 3 0x8000b130 (0x00955a33) x20 0x00008001
core   0: 0x8000b134 (0x001532b3) sltu    t0, a0, ra
core   0: 3 0x8000b134 (0x001532b3) x 5 0x00000001
core   0: 0x8000b138 (0x00a13bb3) sltu    s7, sp, a0
core   0: 3 0x8000b138 (0x00a13bb3) x23 0x00000001
core   0: 0x8000b13c (0x009df833) and     a6, s11, s1
core   0: 3 0x8000b13c (0x009df833) x16 0x00000000
core   0: 0x8000b140 (0x0088b813) sltiu   a6, a7, 8
core   0: 3 0x8000b140 (0x0088b813) x16 0x00000001
core   0: 0x8000b144 (0xcf89b793) sltiu   a5, s3, -776
core   0: 3 0x8000b144 (0xcf89b793) x15 0x00000001
core   0: 0x8000b148 (0x01a98c33) add     s8, s3, s10
core   0: 3 0x8000b148 (0x01a98c33) x24 0x919f0000
core   0: 0x8000b14c (0x0134b6b3) sltu    a3, s1, s3
core   0: 3 0x8000b14c (0x0134b6b3) x13 0x00000001
core   0: 0x8000b150 (0x018f32b3) sltu    t0, t5, s8
core   0: 3 0x8000b150 (0x018f32b3) x 5 0x00000000
core   0: 0x8000b154 (0x009cbc33) sltu    s8, s9, s1
core   0: 3 0x8000b154 (0x009cbc33) x24 0x00000001
core   0: 0x8000b158 (0x0149d733) srl     a4, s3, s4
core   0: 3 0x8000b158 (0x0149d733) x14 0x00008000
core   0: 0x8000b15c (0x40a05a93) srai    s5, zero, 10
core   0: 3 0x8000b15c (0x40a05a93) x21 0x00000000
core   0: 0x8000b160 (0x41898433) sub     s0, s3, s8
core   0: 3 0x8000b160 (0x41898433) x 8 0x0000ffff
core   0: 0x8000b164 (0x74edc137) lui     sp, 0x74edc
core   0: 3 0x8000b164 (0x74edc137) x 2 0x74edc000
core   0: 0x8000b168 (0x8c59ce97) auipc   t4, 0x8c59c
core   0: 3 0x8000b168 (0x8c59ce97) x29 0x0c5a7168
core   0: 0x8000b16c (0x009f07b3) add     a5, t5, s1
core   0: 3 0x8000b16c (0x009f07b3) x15 0xfffffaff
core   0: 0x8000b170 (0x4043d113) srai    sp, t2, 4
core   0: 3 0x8000b170 (0x4043d113) x 2 0xf8000000
core   0: 0x8000b174 (0xf2a02693) slti    a3, zero, -214
core   0: 3 0x8000b174 (0xf2a02693) x13 0x00000000
core   0: 0x8000b178 (0x01699933) sll     s2, s3, s6
core   0: 3 0x8000b178 (0x01699933) x18 0x00000000
core   0: 0x8000b17c (0x016c1b33) sll     s6, s8, s6
core   0: 3 0x8000b17c (0x016c1b33) x22 0x20000000
core   0: 0x8000b180 (0x417adf33) sra     t5, s5, s7
core   0: 3 0x8000b180 (0x417adf33) x30 0x00000000
core   0: 0x8000b184 (0x004edb93) srli    s7, t4, 4
core   0: 3 0x8000b184 (0x004edb93) x23 0x00c5a716
core   0: 0x8000b188 (0x01d2ed33) or      s10, t0, t4
core   0: 3 0x8000b188 (0x01d2ed33) x26 0x0c5a7168
core   0: 0x8000b18c (0x9453e693) ori     a3, t2, -1723
core   0: 3 0x8000b18c (0x9453e693) x13 0xfffff945
core   0: 0x8000b190 (0x274a3493) sltiu   s1, s4, 628
core   0: 3 0x8000b190 (0x274a3493) x 9 0x00000000
core   0: 0x8000b194 (0x00000013) nop
core   0: 3 0x8000b194 (0x00000013)
core   0: 0x8000b198 (0x005d62b3) or      t0, s10, t0
core   0: 3 0x8000b198 (0x005d62b3) x 5 0x0c5a7168
core   0: 0x8000b19c (0x00874033) xor     zero, a4, s0
core   0: 3 0x8000b19c (0x00874033)
core   0: 0x8000b1a0 (0xa07b2a13) slti    s4, s6, -1529
core   0: 3 0x8000b1a0 (0xa07b2a13) x20 0x00000000
core   0: 0x8000b1a4 (0x01ae1d33) sll     s10, t3, s10
core   0: 3 0x8000b1a4 (0x01ae1d33) x26 0x60f3c000
core   0: 0x8000b1a8 (0x0117e7b3) or      a5, a5, a7
core   0: 3 0x8000b1a8 (0x0117e7b3) x15 0xfffffaff
core   0: 0x8000b1ac (0x9f0bf093) andi    ra, s7, -1552
core   0: 3 0x8000b1ac (0x9f0bf093) x 1 0x00c5a110
core   0: 0x8000b1b0 (0xc912e413) ori     s0, t0, -879
core   0: 3 0x8000b1b0 (0xc912e413) x 8 0xfffffdf9
core   0: 0x8000b1b4 (0x01008433) add     s0, ra, a6
core   0: 3 0x8000b1b4 (0x01008433) x 8 0x00c5a111
core   0: 0x8000b1b8 (0x41cb9117) auipc   sp, 0x41cb9
core   0: 3 0x8000b1b8 (0x41cb9117) x 2 0xc1cc41b8
core   0: 0x8000b1bc (0x01eded33) or      s10, s11, t5
core   0: 3 0x8000b1bc (0x01eded33) x26 0x00000000
core   0: 0x8000b1c0 (0x4fc54593) xori    a1, a0, 1276
core   0: 3 0x8000b1c0 (0x4fc54593) x11 0x80010a98
core   0: 0x8000b1c4 (0x001c12b3) sll     t0, s8, ra
core   0: 3 0x8000b1c4 (0x001c12b3) x 5 0x00010000
core   0: 0x8000b1c8 (0x011ab4b3) sltu    s1, s5, a7
core   0: 3 0x8000b1c8 (0x011ab4b3) x 9 0x00000000
core   0: 0x8000b1cc (0x011125b3) slt     a1, sp, a7
core   0: 3 0x8000b1cc (0x011125b3) x11 0x00000001
core   0: 0x8000b1d0 (0x00ea1d33) sll     s10, s4, a4
core   0: 3 0x8000b1d0 (0x00ea1d33) x26 0x00000000
core   0: 0x8000b1d4 (0xe2a5bc93) sltiu   s9, a1, -470
core   0: 3 0x8000b1d4 (0xe2a5bc93) x25 0x00000001
core   0: 0x8000b1d8 (0x00bd8e33) add     t3, s11, a1
core   0: 3 0x8000b1d8 (0x00bd8e33) x28 0x00000001
core   0: 0x8000b1dc (0x01834bb3) xor     s7, t1, s8
core   0: 3 0x8000b1dc (0x01834bb3) x23 0x80014ce5
core   0: 0x8000b1e0 (0x409f5a93) srai    s5, t5, 9
core   0: 3 0x8000b1e0 (0x409f5a93) x21 0x00000000
core   0: 0x8000b1e4 (0x5d957f93) andi    t6, a0, 1497
core   0: 3 0x8000b1e4 (0x5d957f93) x31 0x00000440
core   0: 0x8000b1e8 (0x00e154b3) srl     s1, sp, a4
core   0: 3 0x8000b1e8 (0x00e154b3) x 9 0xc1cc41b8
core   0: 0x8000b1ec (0x433ea913) slti    s2, t4, 1075
core   0: 3 0x8000b1ec (0x433ea913) x18 0x00000000
core   0: 0x8000b1f0 (0x1341fc93) andi    s9, gp, 308
core   0: 3 0x8000b1f0 (0x1341fc93) x25 0x00000000
core   0: 0x8000b1f4 (0x0040d0b3) srl     ra, ra, tp
core   0: 3 0x8000b1f4 (0x0040d0b3) x 1 0x00c5a110
core   0: 0x8000b1f8 (0x01517eb3) and     t4, sp, s5
core   0: 3 0x8000b1f8 (0x01517eb3) x29 0x00000000
core   0: 0x8000b1fc (0x40e48233) sub     tp, s1, a4
core   0: 3 0x8000b1fc (0x40e48233) x 4 0xc1cbc1b8
core   0: 0x8000b200 (0x405ad493) srai    s1, s5, 5
core   0: 3 0x8000b200 (0x405ad493) x 9 0x00000000
core   0: 0x8000b204 (0x00372cb3) slt     s9, a4, gp
core   0: 3 0x8000b204 (0x00372cb3) x25 0x00000000
core   0: 0x8000b208 (0x01ce7133) and     sp, t3, t3
core   0: 3 0x8000b208 (0x01ce7133) x 2 0x00000001
core   0: 0x8000b20c (0x00bf9bb3) sll     s7, t6, a1
core   0: 3 0x8000b20c (0x00bf9bb3) x23 0x00000880
core   0: 0x8000b210 (0x86b04293) xori    t0, zero, -1941
core   0: 3 0x8000b210 (0x86b04293) x 5 0xfffff86b
core   0: 0x8000b214 (0x40295013) srai    zero, s2, 2
core   0: 3 0x8000b214 (0x40295013)
core   0: 0x8000b218 (0x00df1b33) sll     s6, t5, a3
core   0: 3 0x8000b218 (0x00df1b33) x22 0x00000000
core   0: 0x8000b21c (0xe0764913) xori    s2, a2, -505
core   0: 3 0x8000b21c (0xe0764913) x18 0x7ffffe07
core   0: 0x8000b220 (0x01861713) slli    a4, a2, 24
core   0: 3 0x8000b220 (0x01861713) x14 0x00000000
core   0: 0x8000b224 (0xd4425e97) auipc   t4, 0xd4425
core   0: 3 0x8000b224 (0xd4425e97) x29 0x54430224
core   0: 0x8000b228 (0x543f0d37) lui     s10, 0x543f0
core   0: 3 0x8000b228 (0x543f0d37) x26 0x543f0000
core   0: 0x8000b22c (0x0140cb33) xor     s6, ra, s4
core   0: 3 0x8000b22c (0x0140cb33) x22 0x00c5a110
core   0: 0x8000b230 (0x00d4b233) sltu    tp, s1, a3
core   0: 3 0x8000b230 (0x00d4b233) x 4 0x00000001
core   0: 0x8000b234 (0x007f1b93) slli    s7, t5, 7
core   0: 3 0x8000b234 (0x007f1b93) x23 0x00000000
core   0: 0x8000b238 (0x0004fc33) and     s8, s1, zero
core   0: 3 0x8000b238 (0x0004fc33) x24 0x00000000
core   0: 0x8000b23c (0x41175793) srai    a5, a4, 17
core   0: 3 0x8000b23c (0x41175793) x15 0x00000000
core   0: 0x8000b240 (0xacdb2793) slti    a5, s6, -1331
core   0: 3 0x8000b240 (0xacdb2793) x15 0x00000000
core   0: 0x8000b244 (0x2d3a3d13) sltiu   s10, s4, 723
core   0: 3 0x8000b244 (0x2d3a3d13) x26 0x00000001
core   0: 0x8000b248 (0x41c0d7b3) sra     a5, ra, t3
core   0: 3 0x8000b248 (0x41c0d7b3) x15 0x0062d088
core   0: 0x8000b24c (0x8432b013) sltiu   zero, t0, -1981
core   0: 3 0x8000b24c (0x8432b013)
core   0: 0x8000b250 (0x00000013) nop
core   0: 3 0x8000b250 (0x00000013)
core   0: 0x8000b254 (0x00a5b1b3) sltu    gp, a1, a0
core   0: 3 0x8000b254 (0x00a5b1b3) x 3 0x00000001
core   0: 0x8000b258 (0x01f87833) and     a6, a6, t6
core   0: 3 0x8000b258 (0x01f87833) x16 0x00000000
core   0: 0x8000b25c (0x88dbf693) andi    a3, s7, -1907
core   0: 3 0x8000b25c (0x88dbf693) x13 0x00000000
core   0: 0x8000b260 (0x42dbf593) andi    a1, s7, 1069
core   0: 3 0x8000b260 (0x42dbf593) x11 0x00000000
core   0: 0x8000b264 (0x41c05233) sra     tp, zero, t3
core   0: 3 0x8000b264 (0x41c05233) x 4 0x00000000
core   0: 0x8000b268 (0x006705b3) add     a1, a4, t1
core   0: 3 0x8000b268 (0x006705b3) x11 0x80014ce4
core   0: 0x8000b26c (0x8190b213) sltiu   tp, ra, -2023
core   0: 3 0x8000b26c (0x8190b213) x 4 0x00000001
core   0: 0x8000b270 (0x40c60b33) sub     s6, a2, a2
core   0: 3 0x8000b270 (0x40c60b33) x22 0x00000000
core   0: 0x8000b274 (0x00e86fb3) or      t6, a6, a4
core   0: 3 0x8000b274 (0x00e86fb3) x31 0x00000000
core   0: 0x8000b278 (0x935bb193) sltiu   gp, s7, -1739
core   0: 3 0x8000b278 (0x935bb193) x 3 0x00000001
core   0: 0x8000b27c (0x009d5b33) srl     s6, s10, s1
core   0: 3 0x8000b27c (0x009d5b33) x22 0x00000001
core   0: 0x8000b280 (0x00572e33) slt     t3, a4, t0
core   0: 3 0x8000b280 (0x00572e33) x28 0x00000000
core   0: 0x8000b284 (0x00000013) nop
core   0: 3 0x8000b284 (0x00000013)
core   0: 0x8000b288 (0x00d7a633) slt     a2, a5, a3
core   0: 3 0x8000b288 (0x00d7a633) x12 0x00000000
core   0: 0x8000b28c (0x00e95f33) srl     t5, s2, a4
core   0: 3 0x8000b28c (0x00e95f33) x30 0x7ffffe07
core   0: 0x8000b290 (0x0002bd33) sltu    s10, t0, zero
core   0: 3 0x8000b290 (0x0002bd33) x26 0x00000000
core   0: 0x8000b294 (0x41575793) srai    a5, a4, 21
core   0: 3 0x8000b294 (0x41575793) x15 0x00000000
core   0: 0x8000b298 (0x00935013) srli    zero, t1, 9
core   0: 3 0x8000b298 (0x00935013)
core   0: 0x8000b29c (0x430d3f13) sltiu   t5, s10, 1072
core   0: 3 0x8000b29c (0x430d3f13) x30 0x00000001
core   0: 0x8000b2a0 (0x004e7633) and     a2, t3, tp
core   0: 3 0x8000b2a0 (0x004e7633) x12 0x00000000
core   0: 0x8000b2a4 (0x009bdc93) srli    s9, s7, 9
core   0: 3 0x8000b2a4 (0x009bdc93) x25 0x00000000
core   0: 0x8000b2a8 (0x45cac793) xori    a5, s5, 1116
core   0: 3 0x8000b2a8 (0x45cac793) x15 0x0000045c
core   0: 0x8000b2ac (0x00d1c6b3) xor     a3, gp, a3
core   0: 3 0x8000b2ac (0x00d1c6b3) x13 0x00000001
core   0: 0x8000b2b0 (0x4161d1b3) sra     gp, gp, s6
core   0: 3 0x8000b2b0 (0x4161d1b3) x 3 0x00000000
core   0: 0x8000b2b4 (0x3c891297) auipc   t0, 0x3c891
core   0: 3 0x8000b2b4 (0x3c891297) x 5 0xbc89c2b4
core   0: 0x8000b2b8 (0x005f4cb3) xor     s9, t5, t0
core   0: 3 0x8000b2b8 (0x005f4cb3) x25 0xbc89c2b5
core   0: 0x8000b2bc (0x00f9f7b3) and     a5, s3, a5
core   0: 3 0x8000b2bc (0x00f9f7b3) x15 0x00000000
core   0: 0x8000b2c0 (0x0135d4b3) srl     s1, a1, s3
core   0: 3 0x8000b2c0 (0x0135d4b3) x 9 0x80014ce4
core   0: 0x8000b2c4 (0x90cf3b93) sltiu   s7, t5, -1780
core   0: 3 0x8000b2c4 (0x90cf3b93) x23 0x00000001
core   0: 0x8000b2c8 (0xd8e6f613) andi    a2, a3, -626
core   0: 3 0x8000b2c8 (0xd8e6f613) x12 0x00000000
core   0: 0x8000b2cc (0x016c9bb3) sll     s7, s9, s6
core   0: 3 0x8000b2cc (0x016c9bb3) x23 0x7913856a
core   0: 0x8000b2d0 (0x00000013) nop
core   0: 3 0x8000b2d0 (0x00000013)
core   0: 0x8000b2d4 (0x97aa4893) xori    a7, s4, -1670
core   0: 3 0x8000b2d4 (0x97aa4893) x17 0xfffff97a
core   0: 0x8000b2d8 (0xc0b1ac13) slti    s8, gp, -1013
core   0: 3 0x8000b2d8 (0xc0b1ac13) x24 0x00000000
core   0: 0x8000b2dc (0x93e8f213) andi    tp, a7, -1730
core   0: 3 0x8000b2dc (0x93e8f213) x 4 0xfffff93a
core   0: 0x8000b2e0 (0x1799c413) xori    s0, s3, 377
core   0: 3 0x8000b2e0 (0x1799c413) x 8 0x00010179
core   0: 0x8000b2e4 (0x00000013) nop
core   0: 3 0x8000b2e4 (0x00000013)
core   0: 0x8000b2e8 (0x00000397) auipc   t2, 0x0
core   0: 3 0x8000b2e8 (0x00000397) x 7 0x8000b2e8
core   0: 0x8000b2ec (0x00c38393) addi    t2, t2, 12
core   0: 3 0x8000b2ec (0x00c38393) x 7 0x8000b2f4
core   0: 0x8000b2f0 (0x00038067) jr      t2
core   0: 3 0x8000b2f0 (0x00038067)
core   0: 0x8000b2f4 (0x00100193) li      gp, 1
core   0: 3 0x8000b2f4 (0x00100193) x 3 0x00000001
core   0: 0x8000b2f8 (0x00000073) ecall
core   0: exception trap_machine_ecall, epc 0x8000b2f8
core   0: >>>>  mtvec_handler
core   0: 0x8000b30c (0xffc30313) addi    t1, t1, -4
core   0: 3 0x8000b30c (0xffc30313) x 6 0x80014ce0
core   0: 0x8000b310 (0x00a32023) sw      a0, 0(t1)
core   0: 3 0x8000b310 (0x00a32023) mem 0x80014ce0 0x80010e64
core   0: 0x8000b314 (0x00030533) add     a0, t1, zero
core   0: 3 0x8000b314 (0x00030533) x10 0x80014ce0
core   0: 0x8000b318 (0xf8050513) addi    a0, a0, -128
core   0: 3 0x8000b318 (0xf8050513) x10 0x80014c60
core   0: 0x8000b31c (0x00152223) sw      ra, 4(a0)
core   0: 3 0x8000b31c (0x00152223) mem 0x80014c64 0x00c5a110
core   0: 0x8000b320 (0x00252423) sw      sp, 8(a0)
core   0: 3 0x8000b320 (0x00252423) mem 0x80014c68 0x00000001
core   0: 0x8000b324 (0x00352623) sw      gp, 12(a0)
core   0: 3 0x8000b324 (0x00352623) mem 0x80014c6c 0x00000001
core   0: 0x8000b328 (0x00452823) sw      tp, 16(a0)
core   0: 3 0x8000b328 (0x00452823) mem 0x80014c70 0xfffff93a
core   0: 0x8000b32c (0x00552a23) sw      t0, 20(a0)
core   0: 3 0x8000b32c (0x00552a23) mem 0x80014c74 0xbc89c2b4
core   0: 0x8000b330 (0x00652c23) sw      t1, 24(a0)
core   0: 3 0x8000b330 (0x00652c23) mem 0x80014c78 0x80014ce0
core   0: 0x8000b334 (0x00752e23) sw      t2, 28(a0)
core   0: 3 0x8000b334 (0x00752e23) mem 0x80014c7c 0x8000b2f4
core   0: 0x8000b338 (0x02852023) sw      s0, 32(a0)
core   0: 3 0x8000b338 (0x02852023) mem 0x80014c80 0x00010179
core   0: 0x8000b33c (0x02952223) sw      s1, 36(a0)
core   0: 3 0x8000b33c (0x02952223) mem 0x80014c84 0x80014ce4
core   0: 0x8000b340 (0x02a52423) sw      a0, 40(a0)
core   0: 3 0x8000b340 (0x02a52423) mem 0x80014c88 0x80014c60
core   0: 0x8000b344 (0x02b52623) sw      a1, 44(a0)
core   0: 3 0x8000b344 (0x02b52623) mem 0x80014c8c 0x80014ce4
core   0: 0x8000b348 (0x02c52823) sw      a2, 48(a0)
core   0: 3 0x8000b348 (0x02c52823) mem 0x80014c90 0x00000000
core   0: 0x8000b34c (0x02d52a23) sw      a3, 52(a0)
core   0: 3 0x8000b34c (0x02d52a23) mem 0x80014c94 0x00000001
core   0: 0x8000b350 (0x02e52c23) sw      a4, 56(a0)
core   0: 3 0x8000b350 (0x02e52c23) mem 0x80014c98 0x00000000
core   0: 0x8000b354 (0x02f52e23) sw      a5, 60(a0)
core   0: 3 0x8000b354 (0x02f52e23) mem 0x80014c9c 0x00000000
core   0: 0x8000b358 (0x05052023) sw      a6, 64(a0)
core   0: 3 0x8000b358 (0x05052023) mem 0x80014ca0 0x00000000
core   0: 0x8000b35c (0x05152223) sw      a7, 68(a0)
core   0: 3 0x8000b35c (0x05152223) mem 0x80014ca4 0xfffff97a
core   0: 0x8000b360 (0x05252423) sw      s2, 72(a0)
core   0: 3 0x8000b360 (0x05252423) mem 0x80014ca8 0x7ffffe07
core   0: 0x8000b364 (0x05352623) sw      s3, 76(a0)
core   0: 3 0x8000b364 (0x05352623) mem 0x80014cac 0x00010000
core   0: 0x8000b368 (0x05452823) sw      s4, 80(a0)
core   0: 3 0x8000b368 (0x05452823) mem 0x80014cb0 0x00000000
core   0: 0x8000b36c (0x05552a23) sw      s5, 84(a0)
core   0: 3 0x8000b36c (0x05552a23) mem 0x80014cb4 0x00000000
core   0: 0x8000b370 (0x05652c23) sw      s6, 88(a0)
core   0: 3 0x8000b370 (0x05652c23) mem 0x80014cb8 0x00000001
core   0: 0x8000b374 (0x05752e23) sw      s7, 92(a0)
core   0: 3 0x8000b374 (0x05752e23) mem 0x80014cbc 0x7913856a
core   0: 0x8000b378 (0x07852023) sw      s8, 96(a0)
core   0: 3 0x8000b378 (0x07852023) mem 0x80014cc0 0x00000000
core   0: 0x8000b37c (0x07952223) sw      s9, 100(a0)
core   0: 3 0x8000b37c (0x07952223) mem 0x80014cc4 0xbc89c2b5
core   0: 0x8000b380 (0x07a52423) sw      s10, 104(a0)
core   0: 3 0x8000b380 (0x07a52423) mem 0x80014cc8 0x00000000
core   0: 0x8000b384 (0x07b52623) sw      s11, 108(a0)
core   0: 3 0x8000b384 (0x07b52623) mem 0x80014ccc 0x00000000
core   0: 0x8000b388 (0x07c52823) sw      t3, 112(a0)
core   0: 3 0x8000b388 (0x07c52823) mem 0x80014cd0 0x00000000
core   0: 0x8000b38c (0x07d52a23) sw      t4, 116(a0)
core   0: 3 0x8000b38c (0x07d52a23) mem 0x80014cd4 0x54430224
core   0: 0x8000b390 (0x07e52c23) sw      t5, 120(a0)
core   0: 3 0x8000b390 (0x07e52c23) mem 0x80014cd8 0x00000001
core   0: 0x8000b394 (0x07f52e23) sw      t6, 124(a0)
core   0: 3 0x8000b394 (0x07f52e23) mem 0x80014cdc 0x00000000
core   0: 0x8000b398 (0x00050333) add     t1, a0, zero
core   0: 3 0x8000b398 (0x00050333) x 6 0x80014c60
core   0: 0x8000b39c (0x30002a73) csrr    s4, mstatus
core   0: 3 0x8000b39c (0x30002a73) x20 0x00001800
core   0: 0x8000b3a0 (0x34202a73) csrr    s4, mcause
core   0: 3 0x8000b3a0 (0x34202a73) x20 0x0000000b
core   0: 0x8000b3a4 (0x01fa5a13) srli    s4, s4, 31
core   0: 3 0x8000b3a4 (0x01fa5a13) x20 0x00000000
core   0: 0x8000b3a8 (0x400a1463) bnez    s4, pc + 1032
core   0: 3 0x8000b3a8 (0x400a1463)
core   0: 0x8000b3ac (0x34102a73) csrr    s4, mepc
core   0: 3 0x8000b3ac (0x34102a73) x20 0x8000b2f8
core   0: 0x8000b3b0 (0x34202a73) csrr    s4, mcause
core   0: 3 0x8000b3b0 (0x34202a73) x20 0x0000000b
core   0: 0x8000b3b4 (0x00300113) li      sp, 3
core   0: 3 0x8000b3b4 (0x00300113) x 2 0x00000003
core   0: 0x8000b3b8 (0x2a2a0a63) beq     s4, sp, pc + 692
core   0: 3 0x8000b3b8 (0x2a2a0a63)
core   0: 0x8000b3bc (0x00800113) li      sp, 8
core   0: 3 0x8000b3bc (0x00800113) x 2 0x00000008
core   0: 0x8000b3c0 (0x042a0e63) beq     s4, sp, pc + 92
core   0: 3 0x8000b3c0 (0x042a0e63)
core   0: 0x8000b3c4 (0x00900113) li      sp, 9
core   0: 3 0x8000b3c4 (0x00900113) x 2 0x00000009
core   0: 0x8000b3c8 (0x042a0a63) beq     s4, sp, pc + 84
core   0: 3 0x8000b3c8 (0x042a0a63)
core   0: 0x8000b3cc (0x00b00113) li      sp, 11
core   0: 3 0x8000b3cc (0x00b00113) x 2 0x0000000b
core   0: 0x8000b3d0 (0x042a0663) beq     s4, sp, pc + 76
core   0: 3 0x8000b3d0 (0x042a0663)
core   0: 0x8000b41c (0xffff5a17) auipc   s4, 0xffff5
core   0: 3 0x8000b41c (0xffff5a17) x20 0x8000041c
core   0: 0x8000b420 (0xbe4a0a13) addi    s4, s4, -1052
core   0: 3 0x8000b420 (0xbe4a0a13) x20 0x80000000
core   0: 0x8000b424 (0x000a2023) sw      zero, 0(s4)
core   0: 3 0x8000b424 (0x000a2023) mem 0x80000000 0x00000000
core   0: 0x8000b428 (0x001a2223) sw      ra, 4(s4)
core   0: 3 0x8000b428 (0x001a2223) mem 0x80000004 0x00c5a110
core   0: 0x8000b42c (0x002a2423) sw      sp, 8(s4)
core   0: 3 0x8000b42c (0x002a2423) mem 0x80000008 0x0000000b
core   0: 0x8000b430 (0x003a2623) sw      gp, 12(s4)
core   0: 3 0x8000b430 (0x003a2623) mem 0x8000000c 0x00000001
core   0: 0x8000b434 (0x004a2823) sw      tp, 16(s4)
core   0: 3 0x8000b434 (0x004a2823) mem 0x80000010 0xfffff93a
core   0: 0x8000b438 (0x005a2a23) sw      t0, 20(s4)
core   0: 3 0x8000b438 (0x005a2a23) mem 0x80000014 0xbc89c2b4
core   0: 0x8000b43c (0x006a2c23) sw      t1, 24(s4)
core   0: 3 0x8000b43c (0x006a2c23) mem 0x80000018 0x80014c60
core   0: 0x8000b440 (0x007a2e23) sw      t2, 28(s4)
core   0: 3 0x8000b440 (0x007a2e23) mem 0x8000001c 0x8000b2f4
core   0: 0x8000b444 (0x028a2023) sw      s0, 32(s4)
core   0: 3 0x8000b444 (0x028a2023) mem 0x80000020 0x00010179
core   0: 0x8000b448 (0x029a2223) sw      s1, 36(s4)
core   0: 3 0x8000b448 (0x029a2223) mem 0x80000024 0x80014ce4
core   0: 0x8000b44c (0x02aa2423) sw      a0, 40(s4)
core   0: 3 0x8000b44c (0x02aa2423) mem 0x80000028 0x80014c60
core   0: 0x8000b450 (0x02ba2623) sw      a1, 44(s4)
core   0: 3 0x8000b450 (0x02ba2623) mem 0x8000002c 0x80014ce4
core   0: 0x8000b454 (0x02ca2823) sw      a2, 48(s4)
core   0: 3 0x8000b454 (0x02ca2823) mem 0x80000030 0x00000000
core   0: 0x8000b458 (0x02da2a23) sw      a3, 52(s4)
core   0: 3 0x8000b458 (0x02da2a23) mem 0x80000034 0x00000001
core   0: 0x8000b45c (0x02ea2c23) sw      a4, 56(s4)
core   0: 3 0x8000b45c (0x02ea2c23) mem 0x80000038 0x00000000
core   0: 0x8000b460 (0x02fa2e23) sw      a5, 60(s4)
core   0: 3 0x8000b460 (0x02fa2e23) mem 0x8000003c 0x00000000
core   0: 0x8000b464 (0x050a2023) sw      a6, 64(s4)
core   0: 3 0x8000b464 (0x050a2023) mem 0x80000040 0x00000000
core   0: 0x8000b468 (0x051a2223) sw      a7, 68(s4)
core   0: 3 0x8000b468 (0x051a2223) mem 0x80000044 0xfffff97a
core   0: 0x8000b46c (0x052a2423) sw      s2, 72(s4)
core   0: 3 0x8000b46c (0x052a2423) mem 0x80000048 0x7ffffe07
core   0: 0x8000b470 (0x053a2623) sw      s3, 76(s4)
core   0: 3 0x8000b470 (0x053a2623) mem 0x8000004c 0x00010000
core   0: 0x8000b474 (0x054a2823) sw      s4, 80(s4)
core   0: 3 0x8000b474 (0x054a2823) mem 0x80000050 0x80000000
core   0: 0x8000b478 (0x055a2a23) sw      s5, 84(s4)
core   0: 3 0x8000b478 (0x055a2a23) mem 0x80000054 0x00000000
core   0: 0x8000b47c (0x056a2c23) sw      s6, 88(s4)
core   0: 3 0x8000b47c (0x056a2c23) mem 0x80000058 0x00000001
core   0: 0x8000b480 (0x057a2e23) sw      s7, 92(s4)
core   0: 3 0x8000b480 (0x057a2e23) mem 0x8000005c 0x7913856a
core   0: 0x8000b484 (0x078a2023) sw      s8, 96(s4)
core   0: 3 0x8000b484 (0x078a2023) mem 0x80000060 0x00000000
core   0: 0x8000b488 (0x079a2223) sw      s9, 100(s4)
core   0: 3 0x8000b488 (0x079a2223) mem 0x80000064 0xbc89c2b5
core   0: 0x8000b48c (0x07aa2423) sw      s10, 104(s4)
core   0: 3 0x8000b48c (0x07aa2423) mem 0x80000068 0x00000000
core   0: 0x8000b490 (0x07ba2623) sw      s11, 108(s4)
core   0: 3 0x8000b490 (0x07ba2623) mem 0x8000006c 0x00000000
core   0: 0x8000b494 (0x07ca2823) sw      t3, 112(s4)
core   0: 3 0x8000b494 (0x07ca2823) mem 0x80000070 0x00000000
core   0: 0x8000b498 (0x07da2a23) sw      t4, 116(s4)
core   0: 3 0x8000b498 (0x07da2a23) mem 0x80000074 0x54430224
core   0: 0x8000b49c (0x07ea2c23) sw      t5, 120(s4)
core   0: 3 0x8000b49c (0x07ea2c23) mem 0x80000078 0x00000001
core   0: 0x8000b4a0 (0x07fa2e23) sw      t6, 124(s4)
core   0: 3 0x8000b4a0 (0x07fa2e23) mem 0x8000007c 0x00000000
core   0: 0x8000b4a4 (0x00000397) auipc   t2, 0x0
core   0: 3 0x8000b4a4 (0x00000397) x 7 0x8000b4a4
core   0: 0x8000b4a8 (0xe5838393) addi    t2, t2, -424
core   0: 3 0x8000b4a8 (0xe5838393) x 7 0x8000b2fc
core   0: 0x8000b4ac (0x00038067) jr      t2
core   0: 3 0x8000b4ac (0x00038067)
core   0: 0x8000b2fc (0x00001f17) auipc   t5, 0x1
core   0: 3 0x8000b2fc (0x00001f17) x30 0x8000c2fc
core   0: 0x8000b300 (0xd03f2223) sw      gp, -764(t5)
core   0: 3 0x8000b300 (0xd03f2223) mem 0x8000c000 0x00000001
core   0: 0x8000b304 (0xff9ff06f) j       pc - 0x8
core   0: 3 0x8000b304 (0xff9ff06f)
core   0: 0x8000b2fc (0x00001f17) auipc   t5, 0x1
core   0: 3 0x8000b2fc (0x00001f17) x30 0x8000c2fc
core   0: 0x8000b300 (0xd03f2223) sw      gp, -764(t5)
core   0: 3 0x8000b300 (0xd03f2223) mem 0x8000c000 0x00000001
core   0: 0x8000b304 (0xff9ff06f) j       pc - 0x8
core   0: 3 0x8000b304 (0xff9ff06f)
core   0: 0x8000b2fc (0x00001f17) auipc   t5, 0x1
core   0: 3 0x8000b2fc (0x00001f17) x30 0x8000c2fc
core   0: 0x8000b300 (0xd03f2223) sw      gp, -764(t5)
core   0: 3 0x8000b300 (0xd03f2223) mem 0x8000c000 0x00000001
core   0: 0x8000b304 (0xff9ff06f) j       pc - 0x8
core   0: 3 0x8000b304 (0xff9ff06f)
core   0: 0x8000b2fc (0x00001f17) auipc   t5, 0x1
core   0: 3 0x8000b2fc (0x00001f17) x30 0x8000c2fc
core   0: 0x8000b300 (0xd03f2223) sw      gp, -764(t5)
core   0: 3 0x8000b300 (0xd03f2223) mem 0x8000c000 0x00000001
core   0: 0x8000b304 (0xff9ff06f) j       pc - 0x8
core   0: 3 0x8000b304 (0xff9ff06f)
core   0: 0x8000b2fc (0x00001f17) auipc   t5, 0x1
core   0: 3 0x8000b2fc (0x00001f17) x30 0x8000c2fc
core   0: 0x8000b300 (0xd03f2223) sw      gp, -764(t5)
core   0: 3 0x8000b300 (0xd03f2223) mem 0x8000c000 0x00000001
core   0: 0x8000b304 (0xff9ff06f) j       pc - 0x8
core   0: 3 0x8000b304 (0xff9ff06f)
core   0: 0x8000b2fc (0x00001f17) auipc   t5, 0x1
core   0: 3 0x8000b2fc (0x00001f17) x30 0x8000c2fc
core   0: 0x8000b300 (0xd03f2223) sw      gp, -764(t5)
core   0: 3 0x8000b300 (0xd03f2223) mem 0x8000c000 0x00000001
core   0: 0x8000b304 (0xff9ff06f) j       pc - 0x8
core   0: 3 0x8000b304 (0xff9ff06f)
core   0: 0x8000b2fc (0x00001f17) auipc   t5, 0x1
core   0: 3 0x8000b2fc (0x00001f17) x30 0x8000c2fc
core   0: 0x8000b300 (0xd03f2223) sw      gp, -764(t5)
core   0: 3 0x8000b300 (0xd03f2223) mem 0x8000c000 0x00000001
core   0: 0x8000b304 (0xff9ff06f) j       pc - 0x8
core   0: 3 0x8000b304 (0xff9ff06f)
core   0: 0x8000b2fc (0x00001f17) auipc   t5, 0x1
core   0: 3 0x8000b2fc (0x00001f17) x30 0x8000c2fc
core   0: 0x8000b300 (0xd03f2223) sw      gp, -764(t5)
core   0: 3 0x8000b300 (0xd03f2223) mem 0x8000c000 0x00000001
core   0: 0x8000b304 (0xff9ff06f) j       pc - 0x8
core   0: 3 0x8000b304 (0xff9ff06f)
core   0: 0x8000b2fc (0x00001f17) auipc   t5, 0x1
core   0: 3 0x8000b2fc (0x00001f17) x30 0x8000c2fc
core   0: 0x8000b300 (0xd03f2223) sw      gp, -764(t5)
core   0: 3 0x8000b300 (0xd03f2223) mem 0x8000c000 0x00000001
core   0: 0x8000b304 (0xff9ff06f) j       pc - 0x8
core   0: 3 0x8000b304 (0xff9ff06f)
core   0: 0x8000b2fc (0x00001f17) auipc   t5, 0x1
core   0: 3 0x8000b2fc (0x00001f17) x30 0x8000c2fc
core   0: 0x8000b300 (0xd03f2223) sw      gp, -764(t5)
core   0: 3 0x8000b300 (0xd03f2223) mem 0x8000c000 0x00000001
core   0: 0x8000b304 (0xff9ff06f) j       pc - 0x8
core   0: 3 0x8000b304 (0xff9ff06f)
core   0: 0x8000b2fc (0x00001f17) auipc   t5, 0x1
core   0: 3 0x8000b2fc (0x00001f17) x30 0x8000c2fc
core   0: 0x8000b300 (0xd03f2223) sw      gp, -764(t5)
core   0: 3 0x8000b300 (0xd03f2223) mem 0x8000c000 0x00000001
core   0: 0x8000b304 (0xff9ff06f) j       pc - 0x8
core   0: 3 0x8000b304 (0xff9ff06f)
core   0: 0x8000b2fc (0x00001f17) auipc   t5, 0x1
core   0: 3 0x8000b2fc (0x00001f17) x30 0x8000c2fc
core   0: 0x8000b300 (0xd03f2223) sw      gp, -764(t5)
core   0: 3 0x8000b300 (0xd03f2223) mem 0x8000c000 0x00000001
core   0: 0x8000b304 (0xff9ff06f) j       pc - 0x8
core   0: 3 0x8000b304 (0xff9ff06f)
core   0: 0x8000b2fc (0x00001f17) auipc   t5, 0x1
core   0: 3 0x8000b2fc (0x00001f17) x30 0x8000c2fc
core   0: 0x8000b300 (0xd03f2223) sw      gp, -764(t5)
core   0: 3 0x8000b300 (0xd03f2223) mem 0x8000c000 0x00000001
core   0: 0x8000b304 (0xff9ff06f) j       pc - 0x8
core   0: 3 0x8000b304 (0xff9ff06f)
core   0: 0x8000b2fc (0x00001f17) auipc   t5, 0x1
core   0: 3 0x8000b2fc (0x00001f17) x30 0x8000c2fc
core   0: 0x8000b300 (0xd03f2223) sw      gp, -764(t5)
core   0: 3 0x8000b300 (0xd03f2223) mem 0x8000c000 0x00000001
core   0: 0x8000b304 (0xff9ff06f) j       pc - 0x8
core   0: 3 0x8000b304 (0xff9ff06f)
core   0: 0x8000b2fc (0x00001f17) auipc   t5, 0x1
core   0: 3 0x8000b2fc (0x00001f17) x30 0x8000c2fc
core   0: 0x8000b300 (0xd03f2223) sw      gp, -764(t5)
core   0: 3 0x8000b300 (0xd03f2223) mem 0x8000c000 0x00000001
core   0: 0x8000b304 (0xff9ff06f) j       pc - 0x8
core   0: 3 0x8000b304 (0xff9ff06f)
core   0: 0x8000b2fc (0x00001f17) auipc   t5, 0x1
core   0: 3 0x8000b2fc (0x00001f17) x30 0x8000c2fc
core   0: 0x8000b300 (0xd03f2223) sw      gp, -764(t5)
core   0: 3 0x8000b300 (0xd03f2223) mem 0x8000c000 0x00000001
core   0: 0x8000b304 (0xff9ff06f) j       pc - 0x8
core   0: 3 0x8000b304 (0xff9ff06f)
core   0: 0x8000b2fc (0x00001f17) auipc   t5, 0x1
core   0: 3 0x8000b2fc (0x00001f17) x30 0x8000c2fc
core   0: 0x8000b300 (0xd03f2223) sw      gp, -764(t5)
core   0: 3 0x8000b300 (0xd03f2223) mem 0x8000c000 0x00000001
core   0: 0x8000b304 (0xff9ff06f) j       pc - 0x8
core   0: 3 0x8000b304 (0xff9ff06f)
core   0: 0x8000b2fc (0x00001f17) auipc   t5, 0x1
core   0: 3 0x8000b2fc (0x00001f17) x30 0x8000c2fc
core   0: 0x8000b300 (0xd03f2223) sw      gp, -764(t5)
core   0: 3 0x8000b300 (0xd03f2223) mem 0x8000c000 0x00000001
core   0: 0x8000b304 (0xff9ff06f) j       pc - 0x8
core   0: 3 0x8000b304 (0xff9ff06f)
core   0: 0x8000b2fc (0x00001f17) auipc   t5, 0x1
core   0: 3 0x8000b2fc (0x00001f17) x30 0x8000c2fc
core   0: 0x8000b300 (0xd03f2223) sw      gp, -764(t5)
core   0: 3 0x8000b300 (0xd03f2223) mem 0x8000c000 0x00000001
core   0: 0x8000b304 (0xff9ff06f) j       pc - 0x8
core   0: 3 0x8000b304 (0xff9ff06f)
core   0: 0x8000b2fc (0x00001f17) auipc   t5, 0x1
core   0: 3 0x8000b2fc (0x00001f17) x30 0x8000c2fc
core   0: 0x8000b300 (0xd03f2223) sw      gp, -764(t5)
core   0: 3 0x8000b300 (0xd03f2223) mem 0x8000c000 0x00000001
core   0: 0x8000b304 (0xff9ff06f) j       pc - 0x8
core   0: 3 0x8000b304 (0xff9ff06f)
core   0: 0x8000b2fc (0x00001f17) auipc   t5, 0x1
core   0: 3 0x8000b2fc (0x00001f17) x30 0x8000c2fc
core   0: 0x8000b300 (0xd03f2223) sw      gp, -764(t5)
core   0: 3 0x8000b300 (0xd03f2223) mem 0x8000c000 0x00000001
core   0: 0x8000b304 (0xff9ff06f) j       pc - 0x8
core   0: 3 0x8000b304 (0xff9ff06f)
core   0: 0x8000b2fc (0x00001f17) auipc   t5, 0x1
core   0: 3 0x8000b2fc (0x00001f17) x30 0x8000c2fc
core   0: 0x8000b300 (0xd03f2223) sw      gp, -764(t5)
core   0: 3 0x8000b300 (0xd03f2223) mem 0x8000c000 0x00000001
core   0: 0x8000b304 (0xff9ff06f) j       pc - 0x8
core   0: 3 0x8000b304 (0xff9ff06f)
core   0: 0x8000b2fc (0x00001f17) auipc   t5, 0x1
core   0: 3 0x8000b2fc (0x00001f17) x30 0x8000c2fc
core   0: 0x8000b300 (0xd03f2223) sw      gp, -764(t5)
core   0: 3 0x8000b300 (0xd03f2223) mem 0x8000c000 0x00000001
core   0: 0x8000b304 (0xff9ff06f) j       pc - 0x8
core   0: 3 0x8000b304 (0xff9ff06f)
core   0: 0x8000b2fc (0x00001f17) auipc   t5, 0x1
core   0: 3 0x8000b2fc (0x00001f17) x30 0x8000c2fc
core   0: 0x8000b300 (0xd03f2223) sw      gp, -764(t5)
core   0: 3 0x8000b300 (0xd03f2223) mem 0x8000c000 0x00000001
core   0: 0x8000b304 (0xff9ff06f) j       pc - 0x8
core   0: 3 0x8000b304 (0xff9ff06f)
core   0: 0x8000b2fc (0x00001f17) auipc   t5, 0x1
core   0: 3 0x8000b2fc (0x00001f17) x30 0x8000c2fc
core   0: 0x8000b300 (0xd03f2223) sw      gp, -764(t5)
core   0: 3 0x8000b300 (0xd03f2223) mem 0x8000c000 0x00000001
core   0: 0x8000b304 (0xff9ff06f) j       pc - 0x8
core   0: 3 0x8000b304 (0xff9ff06f)
core   0: 0x8000b2fc (0x00001f17) auipc   t5, 0x1
core   0: 3 0x8000b2fc (0x00001f17) x30 0x8000c2fc
core   0: 0x8000b300 (0xd03f2223) sw      gp, -764(t5)
core   0: 3 0x8000b300 (0xd03f2223) mem 0x8000c000 0x00000001
core   0: 0x8000b304 (0xff9ff06f) j       pc - 0x8
core   0: 3 0x8000b304 (0xff9ff06f)
core   0: 0x8000b2fc (0x00001f17) auipc   t5, 0x1
core   0: 3 0x8000b2fc (0x00001f17) x30 0x8000c2fc
core   0: 0x8000b300 (0xd03f2223) sw      gp, -764(t5)
core   0: 3 0x8000b300 (0xd03f2223) mem 0x8000c000 0x00000001
core   0: 0x8000b304 (0xff9ff06f) j       pc - 0x8
core   0: 3 0x8000b304 (0xff9ff06f)
core   0: 0x8000b2fc (0x00001f17) auipc   t5, 0x1
core   0: 3 0x8000b2fc (0x00001f17) x30 0x8000c2fc
core   0: 0x8000b300 (0xd03f2223) sw      gp, -764(t5)
core   0: 3 0x8000b300 (0xd03f2223) mem 0x8000c000 0x00000001
core   0: 0x8000b304 (0xff9ff06f) j       pc - 0x8
core   0: 3 0x8000b304 (0xff9ff06f)
core   0: 0x8000b2fc (0x00001f17) auipc   t5, 0x1
core   0: 3 0x8000b2fc (0x00001f17) x30 0x8000c2fc
core   0: 0x8000b300 (0xd03f2223) sw      gp, -764(t5)
core   0: 3 0x8000b300 (0xd03f2223) mem 0x8000c000 0x00000001
core   0: 0x8000b304 (0xff9ff06f) j       pc - 0x8
core   0: 3 0x8000b304 (0xff9ff06f)
core   0: 0x8000b2fc (0x00001f17) auipc   t5, 0x1
core   0: 3 0x8000b2fc (0x00001f17) x30 0x8000c2fc
core   0: 0x8000b300 (0xd03f2223) sw      gp, -764(t5)
core   0: 3 0x8000b300 (0xd03f2223) mem 0x8000c000 0x00000001
core   0: 0x8000b304 (0xff9ff06f) j       pc - 0x8
core   0: 3 0x8000b304 (0xff9ff06f)
core   0: 0x8000b2fc (0x00001f17) auipc   t5, 0x1
core   0: 3 0x8000b2fc (0x00001f17) x30 0x8000c2fc
core   0: 0x8000b300 (0xd03f2223) sw      gp, -764(t5)
core   0: 3 0x8000b300 (0xd03f2223) mem 0x8000c000 0x00000001
core   0: 0x8000b304 (0xff9ff06f) j       pc - 0x8
core   0: 3 0x8000b304 (0xff9ff06f)
core   0: 0x8000b2fc (0x00001f17) auipc   t5, 0x1
core   0: 3 0x8000b2fc (0x00001f17) x30 0x8000c2fc
core   0: 0x8000b300 (0xd03f2223) sw      gp, -764(t5)
core   0: 3 0x8000b300 (0xd03f2223) mem 0x8000c000 0x00000001
core   0: 0x8000b304 (0xff9ff06f) j       pc - 0x8
core   0: 3 0x8000b304 (0xff9ff06f)
core   0: 0x8000b2fc (0x00001f17) auipc   t5, 0x1
core   0: 3 0x8000b2fc (0x00001f17) x30 0x8000c2fc
core   0: 0x8000b300 (0xd03f2223) sw      gp, -764(t5)
core   0: 3 0x8000b300 (0xd03f2223) mem 0x8000c000 0x00000001
core   0: 0x8000b304 (0xff9ff06f) j       pc - 0x8
core   0: 3 0x8000b304 (0xff9ff06f)
core   0: 0x8000b2fc (0x00001f17) auipc   t5, 0x1
core   0: 3 0x8000b2fc (0x00001f17) x30 0x8000c2fc
core   0: 0x8000b300 (0xd03f2223) sw      gp, -764(t5)
core   0: 3 0x8000b300 (0xd03f2223) mem 0x8000c000 0x00000001
core   0: 0x8000b304 (0xff9ff06f) j       pc - 0x8
core   0: 3 0x8000b304 (0xff9ff06f)
core   0: 0x8000b2fc (0x00001f17) auipc   t5, 0x1
core   0: 3 0x8000b2fc (0x00001f17) x30 0x8000c2fc
core   0: 0x8000b300 (0xd03f2223) sw      gp, -764(t5)
core   0: 3 0x8000b300 (0xd03f2223) mem 0x8000c000 0x00000001
core   0: 0x8000b304 (0xff9ff06f) j       pc - 0x8
core   0: 3 0x8000b304 (0xff9ff06f)
core   0: 0x8000b2fc (0x00001f17) auipc   t5, 0x1
core   0: 3 0x8000b2fc (0x00001f17) x30 0x8000c2fc
core   0: 0x8000b300 (0xd03f2223) sw      gp, -764(t5)
core   0: 3 0x8000b300 (0xd03f2223) mem 0x8000c000 0x00000001
core   0: 0x8000b304 (0xff9ff06f) j       pc - 0x8
core   0: 3 0x8000b304 (0xff9ff06f)
core   0: 0x8000b2fc (0x00001f17) auipc   t5, 0x1
core   0: 3 0x8000b2fc (0x00001f17) x30 0x8000c2fc
core   0: 0x8000b300 (0xd03f2223) sw      gp, -764(t5)
core   0: 3 0x8000b300 (0xd03f2223) mem 0x8000c000 0x00000001
core   0: 0x8000b304 (0xff9ff06f) j       pc - 0x8
core   0: 3 0x8000b304 (0xff9ff06f)
core   0: 0x8000b2fc (0x00001f17) auipc   t5, 0x1
core   0: 3 0x8000b2fc (0x00001f17) x30 0x8000c2fc
core   0: 0x8000b300 (0xd03f2223) sw      gp, -764(t5)
core   0: 3 0x8000b300 (0xd03f2223) mem 0x8000c000 0x00000001
core   0: 0x8000b304 (0xff9ff06f) j       pc - 0x8
core   0: 3 0x8000b304 (0xff9ff06f)
core   0: 0x8000b2fc (0x00001f17) auipc   t5, 0x1
core   0: 3 0x8000b2fc (0x00001f17) x30 0x8000c2fc
core   0: 0x8000b300 (0xd03f2223) sw      gp, -764(t5)
core   0: 3 0x8000b300 (0xd03f2223) mem 0x8000c000 0x00000001
core   0: 0x8000b304 (0xff9ff06f) j       pc - 0x8
core   0: 3 0x8000b304 (0xff9ff06f)
core   0: 0x8000b2fc (0x00001f17) auipc   t5, 0x1
core   0: 3 0x8000b2fc (0x00001f17) x30 0x8000c2fc
core   0: 0x8000b300 (0xd03f2223) sw      gp, -764(t5)
core   0: 3 0x8000b300 (0xd03f2223) mem 0x8000c000 0x00000001
core   0: 0x8000b304 (0xff9ff06f) j       pc - 0x8
core   0: 3 0x8000b304 (0xff9ff06f)
core   0: 0x8000b2fc (0x00001f17) auipc   t5, 0x1
core   0: 3 0x8000b2fc (0x00001f17) x30 0x8000c2fc
core   0: 0x8000b300 (0xd03f2223) sw      gp, -764(t5)
core   0: 3 0x8000b300 (0xd03f2223) mem 0x8000c000 0x00000001
core   0: 0x8000b304 (0xff9ff06f) j       pc - 0x8
core   0: 3 0x8000b304 (0xff9ff06f)
core   0: 0x8000b2fc (0x00001f17) auipc   t5, 0x1
core   0: 3 0x8000b2fc (0x00001f17) x30 0x8000c2fc
core   0: 0x8000b300 (0xd03f2223) sw      gp, -764(t5)
core   0: 3 0x8000b300 (0xd03f2223) mem 0x8000c000 0x00000001
core   0: 0x8000b304 (0xff9ff06f) j       pc - 0x8
core   0: 3 0x8000b304 (0xff9ff06f)
core   0: 0x8000b2fc (0x00001f17) auipc   t5, 0x1
core   0: 3 0x8000b2fc (0x00001f17) x30 0x8000c2fc
core   0: 0x8000b300 (0xd03f2223) sw      gp, -764(t5)
core   0: 3 0x8000b300 (0xd03f2223) mem 0x8000c000 0x00000001
core   0: 0x8000b304 (0xff9ff06f) j       pc - 0x8
core   0: 3 0x8000b304 (0xff9ff06f)
core   0: 0x8000b2fc (0x00001f17) auipc   t5, 0x1
core   0: 3 0x8000b2fc (0x00001f17) x30 0x8000c2fc
core   0: 0x8000b300 (0xd03f2223) sw      gp, -764(t5)
core   0: 3 0x8000b300 (0xd03f2223) mem 0x8000c000 0x00000001
core   0: 0x8000b304 (0xff9ff06f) j       pc - 0x8
core   0: 3 0x8000b304 (0xff9ff06f)
core   0: 0x8000b2fc (0x00001f17) auipc   t5, 0x1
core   0: 3 0x8000b2fc (0x00001f17) x30 0x8000c2fc
core   0: 0x8000b300 (0xd03f2223) sw      gp, -764(t5)
core   0: 3 0x8000b300 (0xd03f2223) mem 0x8000c000 0x00000001
core   0: 0x8000b304 (0xff9ff06f) j       pc - 0x8
core   0: 3 0x8000b304 (0xff9ff06f)
core   0: 0x8000b2fc (0x00001f17) auipc   t5, 0x1
core   0: 3 0x8000b2fc (0x00001f17) x30 0x8000c2fc
core   0: 0x8000b300 (0xd03f2223) sw      gp, -764(t5)
core   0: 3 0x8000b300 (0xd03f2223) mem 0x8000c000 0x00000001
core   0: 0x8000b304 (0xff9ff06f) j       pc - 0x8
core   0: 3 0x8000b304 (0xff9ff06f)
core   0: 0x8000b2fc (0x00001f17) auipc   t5, 0x1
core   0: 3 0x8000b2fc (0x00001f17) x30 0x8000c2fc
core   0: 0x8000b300 (0xd03f2223) sw      gp, -764(t5)
core   0: 3 0x8000b300 (0xd03f2223) mem 0x8000c000 0x00000001
core   0: 0x8000b304 (0xff9ff06f) j       pc - 0x8
core   0: 3 0x8000b304 (0xff9ff06f)
core   0: 0x8000b2fc (0x00001f17) auipc   t5, 0x1
core   0: 3 0x8000b2fc (0x00001f17) x30 0x8000c2fc
core   0: 0x8000b300 (0xd03f2223) sw      gp, -764(t5)
core   0: 3 0x8000b300 (0xd03f2223) mem 0x8000c000 0x00000001
core   0: 0x8000b304 (0xff9ff06f) j       pc - 0x8
core   0: 3 0x8000b304 (0xff9ff06f)
core   0: 0x8000b2fc (0x00001f17) auipc   t5, 0x1
core   0: 3 0x8000b2fc (0x00001f17) x30 0x8000c2fc
core   0: 0x8000b300 (0xd03f2223) sw      gp, -764(t5)
core   0: 3 0x8000b300 (0xd03f2223) mem 0x8000c000 0x00000001
core   0: 0x8000b304 (0xff9ff06f) j       pc - 0x8
core   0: 3 0x8000b304 (0xff9ff06f)
core   0: 0x8000b2fc (0x00001f17) auipc   t5, 0x1
core   0: 3 0x8000b2fc (0x00001f17) x30 0x8000c2fc
core   0: 0x8000b300 (0xd03f2223) sw      gp, -764(t5)
core   0: 3 0x8000b300 (0xd03f2223) mem 0x8000c000 0x00000001
core   0: 0x8000b304 (0xff9ff06f) j       pc - 0x8
core   0: 3 0x8000b304 (0xff9ff06f)
core   0: 0x8000b2fc (0x00001f17) auipc   t5, 0x1
core   0: 3 0x8000b2fc (0x00001f17) x30 0x8000c2fc
core   0: 0x8000b300 (0xd03f2223) sw      gp, -764(t5)
core   0: 3 0x8000b300 (0xd03f2223) mem 0x8000c000 0x00000001
core   0: 0x8000b304 (0xff9ff06f) j       pc - 0x8
core   0: 3 0x8000b304 (0xff9ff06f)
core   0: 0x8000b2fc (0x00001f17) auipc   t5, 0x1
core   0: 3 0x8000b2fc (0x00001f17) x30 0x8000c2fc
core   0: 0x8000b300 (0xd03f2223) sw      gp, -764(t5)
core   0: 3 0x8000b300 (0xd03f2223) mem 0x8000c000 0x00000001
core   0: 0x8000b304 (0xff9ff06f) j       pc - 0x8
core   0: 3 0x8000b304 (0xff9ff06f)
core   0: 0x8000b2fc (0x00001f17) auipc   t5, 0x1
core   0: 3 0x8000b2fc (0x00001f17) x30 0x8000c2fc
core   0: 0x8000b300 (0xd03f2223) sw      gp, -764(t5)
core   0: 3 0x8000b300 (0xd03f2223) mem 0x8000c000 0x00000001
core   0: 0x8000b304 (0xff9ff06f) j       pc - 0x8
core   0: 3 0x8000b304 (0xff9ff06f)
core   0: 0x8000b2fc (0x00001f17) auipc   t5, 0x1
core   0: 3 0x8000b2fc (0x00001f17) x30 0x8000c2fc
core   0: 0x8000b300 (0xd03f2223) sw      gp, -764(t5)
core   0: 3 0x8000b300 (0xd03f2223) mem 0x8000c000 0x00000001
core   0: 0x8000b304 (0xff9ff06f) j       pc - 0x8
core   0: 3 0x8000b304 (0xff9ff06f)
core   0: 0x8000b2fc (0x00001f17) auipc   t5, 0x1
core   0: 3 0x8000b2fc (0x00001f17) x30 0x8000c2fc
core   0: 0x8000b300 (0xd03f2223) sw      gp, -764(t5)
core   0: 3 0x8000b300 (0xd03f2223) mem 0x8000c000 0x00000001
core   0: 0x8000b304 (0xff9ff06f) j       pc - 0x8
core   0: 3 0x8000b304 (0xff9ff06f)
core   0: 0x8000b2fc (0x00001f17) auipc   t5, 0x1
core   0: 3 0x8000b2fc (0x00001f17) x30 0x8000c2fc
core   0: 0x8000b300 (0xd03f2223) sw      gp, -764(t5)
core   0: 3 0x8000b300 (0xd03f2223) mem 0x8000c000 0x00000001
core   0: 0x8000b304 (0xff9ff06f) j       pc - 0x8
core   0: 3 0x8000b304 (0xff9ff06f)
core   0: 0x8000b2fc (0x00001f17) auipc   t5, 0x1
core   0: 3 0x8000b2fc (0x00001f17) x30 0x8000c2fc
core   0: 0x8000b300 (0xd03f2223) sw      gp, -764(t5)
core   0: 3 0x8000b300 (0xd03f2223) mem 0x8000c000 0x00000001
core   0: 0x8000b304 (0xff9ff06f) j       pc - 0x8
core   0: 3 0x8000b304 (0xff9ff06f)
core   0: 0x8000b2fc (0x00001f17) auipc   t5, 0x1
core   0: 3 0x8000b2fc (0x00001f17) x30 0x8000c2fc
core   0: 0x8000b300 (0xd03f2223) sw      gp, -764(t5)
core   0: 3 0x8000b300 (0xd03f2223) mem 0x8000c000 0x00000001
core   0: 0x8000b304 (0xff9ff06f) j       pc - 0x8
core   0: 3 0x8000b304 (0xff9ff06f)
core   0: 0x8000b2fc (0x00001f17) auipc   t5, 0x1
core   0: 3 0x8000b2fc (0x00001f17) x30 0x8000c2fc
core   0: 0x8000b300 (0xd03f2223) sw      gp, -764(t5)
core   0: 3 0x8000b300 (0xd03f2223) mem 0x8000c000 0x00000001
core   0: 0x8000b304 (0xff9ff06f) j       pc - 0x8
core   0: 3 0x8000b304 (0xff9ff06f)
core   0: 0x8000b2fc (0x00001f17) auipc   t5, 0x1
core   0: 3 0x8000b2fc (0x00001f17) x30 0x8000c2fc
core   0: 0x8000b300 (0xd03f2223) sw      gp, -764(t5)
core   0: 3 0x8000b300 (0xd03f2223) mem 0x8000c000 0x00000001
core   0: 0x8000b304 (0xff9ff06f) j       pc - 0x8
core   0: 3 0x8000b304 (0xff9ff06f)
core   0: 0x8000b2fc (0x00001f17) auipc   t5, 0x1
core   0: 3 0x8000b2fc (0x00001f17) x30 0x8000c2fc
core   0: 0x8000b300 (0xd03f2223) sw      gp, -764(t5)
core   0: 3 0x8000b300 (0xd03f2223) mem 0x8000c000 0x00000001
core   0: 0x8000b304 (0xff9ff06f) j       pc - 0x8
core   0: 3 0x8000b304 (0xff9ff06f)
core   0: 0x8000b2fc (0x00001f17) auipc   t5, 0x1
core   0: 3 0x8000b2fc (0x00001f17) x30 0x8000c2fc
core   0: 0x8000b300 (0xd03f2223) sw      gp, -764(t5)
core   0: 3 0x8000b300 (0xd03f2223) mem 0x8000c000 0x00000001
core   0: 0x8000b304 (0xff9ff06f) j       pc - 0x8
core   0: 3 0x8000b304 (0xff9ff06f)
core   0: 0x8000b2fc (0x00001f17) auipc   t5, 0x1
core   0: 3 0x8000b2fc (0x00001f17) x30 0x8000c2fc
core   0: 0x8000b300 (0xd03f2223) sw      gp, -764(t5)
core   0: 3 0x8000b300 (0xd03f2223) mem 0x8000c000 0x00000001
core   0: 0x8000b304 (0xff9ff06f) j       pc - 0x8
core   0: 3 0x8000b304 (0xff9ff06f)
core   0: 0x8000b2fc (0x00001f17) auipc   t5, 0x1
core   0: 3 0x8000b2fc (0x00001f17) x30 0x8000c2fc
core   0: 0x8000b300 (0xd03f2223) sw      gp, -764(t5)
core   0: 3 0x8000b300 (0xd03f2223) mem 0x8000c000 0x00000001
core   0: 0x8000b304 (0xff9ff06f) j       pc - 0x8
core   0: 3 0x8000b304 (0xff9ff06f)
core   0: 0x8000b2fc (0x00001f17) auipc   t5, 0x1
core   0: 3 0x8000b2fc (0x00001f17) x30 0x8000c2fc
core   0: 0x8000b300 (0xd03f2223) sw      gp, -764(t5)
core   0: 3 0x8000b300 (0xd03f2223) mem 0x8000c000 0x00000001
core   0: 0x8000b304 (0xff9ff06f) j       pc - 0x8
core   0: 3 0x8000b304 (0xff9ff06f)
core   0: 0x8000b2fc (0x00001f17) auipc   t5, 0x1
core   0: 3 0x8000b2fc (0x00001f17) x30 0x8000c2fc
core   0: 0x8000b300 (0xd03f2223) sw      gp, -764(t5)
core   0: 3 0x8000b300 (0xd03f2223) mem 0x8000c000 0x00000001
core   0: 0x8000b304 (0xff9ff06f) j       pc - 0x8
core   0: 3 0x8000b304 (0xff9ff06f)
core   0: 0x8000b2fc (0x00001f17) auipc   t5, 0x1
core   0: 3 0x8000b2fc (0x00001f17) x30 0x8000c2fc
core   0: 0x8000b300 (0xd03f2223) sw      gp, -764(t5)
core   0: 3 0x8000b300 (0xd03f2223) mem 0x8000c000 0x00000001
core   0: 0x8000b304 (0xff9ff06f) j       pc - 0x8
core   0: 3 0x8000b304 (0xff9ff06f)
core   0: 0x8000b2fc (0x00001f17) auipc   t5, 0x1
core   0: 3 0x8000b2fc (0x00001f17) x30 0x8000c2fc
core   0: 0x8000b300 (0xd03f2223) sw      gp, -764(t5)
core   0: 3 0x8000b300 (0xd03f2223) mem 0x8000c000 0x00000001
core   0: 0x8000b304 (0xff9ff06f) j       pc - 0x8
core   0: 3 0x8000b304 (0xff9ff06f)
core   0: 0x8000b2fc (0x00001f17) auipc   t5, 0x1
core   0: 3 0x8000b2fc (0x00001f17) x30 0x8000c2fc
core   0: 0x8000b300 (0xd03f2223) sw      gp, -764(t5)
core   0: 3 0x8000b300 (0xd03f2223) mem 0x8000c000 0x00000001
core   0: 0x8000b304 (0xff9ff06f) j       pc - 0x8
core   0: 3 0x8000b304 (0xff9ff06f)
core   0: 0x8000b2fc (0x00001f17) auipc   t5, 0x1
core   0: 3 0x8000b2fc (0x00001f17) x30 0x8000c2fc
core   0: 0x8000b300 (0xd03f2223) sw      gp, -764(t5)
core   0: 3 0x8000b300 (0xd03f2223) mem 0x8000c000 0x00000001
core   0: 0x8000b304 (0xff9ff06f) j       pc - 0x8
core   0: 3 0x8000b304 (0xff9ff06f)
core   0: 0x8000b2fc (0x00001f17) auipc   t5, 0x1
core   0: 3 0x8000b2fc (0x00001f17) x30 0x8000c2fc
core   0: 0x8000b300 (0xd03f2223) sw      gp, -764(t5)
core   0: 3 0x8000b300 (0xd03f2223) mem 0x8000c000 0x00000001
core   0: 0x8000b304 (0xff9ff06f) j       pc - 0x8
core   0: 3 0x8000b304 (0xff9ff06f)
core   0: 0x8000b2fc (0x00001f17) auipc   t5, 0x1
core   0: 3 0x8000b2fc (0x00001f17) x30 0x8000c2fc
core   0: 0x8000b300 (0xd03f2223) sw      gp, -764(t5)
core   0: 3 0x8000b300 (0xd03f2223) mem 0x8000c000 0x00000001
core   0: 0x8000b304 (0xff9ff06f) j       pc - 0x8
core   0: 3 0x8000b304 (0xff9ff06f)
core   0: 0x8000b2fc (0x00001f17) auipc   t5, 0x1
core   0: 3 0x8000b2fc (0x00001f17) x30 0x8000c2fc
core   0: 0x8000b300 (0xd03f2223) sw      gp, -764(t5)
core   0: 3 0x8000b300 (0xd03f2223) mem 0x8000c000 0x00000001
core   0: 0x8000b304 (0xff9ff06f) j       pc - 0x8
core   0: 3 0x8000b304 (0xff9ff06f)
core   0: 0x8000b2fc (0x00001f17) auipc   t5, 0x1
core   0: 3 0x8000b2fc (0x00001f17) x30 0x8000c2fc
core   0: 0x8000b300 (0xd03f2223) sw      gp, -764(t5)
core   0: 3 0x8000b300 (0xd03f2223) mem 0x8000c000 0x00000001
core   0: 0x8000b304 (0xff9ff06f) j       pc - 0x8
core   0: 3 0x8000b304 (0xff9ff06f)
core   0: 0x8000b2fc (0x00001f17) auipc   t5, 0x1
core   0: 3 0x8000b2fc (0x00001f17) x30 0x8000c2fc
core   0: 0x8000b300 (0xd03f2223) sw      gp, -764(t5)
core   0: 3 0x8000b300 (0xd03f2223) mem 0x8000c000 0x00000001
core   0: 0x8000b304 (0xff9ff06f) j       pc - 0x8
core   0: 3 0x8000b304 (0xff9ff06f)
core   0: 0x8000b2fc (0x00001f17) auipc   t5, 0x1
core   0: 3 0x8000b2fc (0x00001f17) x30 0x8000c2fc
core   0: 0x8000b300 (0xd03f2223) sw      gp, -764(t5)
core   0: 3 0x8000b300 (0xd03f2223) mem 0x8000c000 0x00000001
core   0: 0x8000b304 (0xff9ff06f) j       pc - 0x8
core   0: 3 0x8000b304 (0xff9ff06f)
core   0: 0x8000b2fc (0x00001f17) auipc   t5, 0x1
core   0: 3 0x8000b2fc (0x00001f17) x30 0x8000c2fc
core   0: 0x8000b300 (0xd03f2223) sw      gp, -764(t5)
core   0: 3 0x8000b300 (0xd03f2223) mem 0x8000c000 0x00000001
core   0: 0x8000b304 (0xff9ff06f) j       pc - 0x8
core   0: 3 0x8000b304 (0xff9ff06f)
core   0: 0x8000b2fc (0x00001f17) auipc   t5, 0x1
core   0: 3 0x8000b2fc (0x00001f17) x30 0x8000c2fc
core   0: 0x8000b300 (0xd03f2223) sw      gp, -764(t5)
core   0: 3 0x8000b300 (0xd03f2223) mem 0x8000c000 0x00000001
core   0: 0x8000b304 (0xff9ff06f) j       pc - 0x8
core   0: 3 0x8000b304 (0xff9ff06f)
core   0: 0x8000b2fc (0x00001f17) auipc   t5, 0x1
core   0: 3 0x8000b2fc (0x00001f17) x30 0x8000c2fc
core   0: 0x8000b300 (0xd03f2223) sw      gp, -764(t5)
core   0: 3 0x8000b300 (0xd03f2223) mem 0x8000c000 0x00000001
core   0: 0x8000b304 (0xff9ff06f) j       pc - 0x8
core   0: 3 0x8000b304 (0xff9ff06f)
core   0: 0x8000b2fc (0x00001f17) auipc   t5, 0x1
core   0: 3 0x8000b2fc (0x00001f17) x30 0x8000c2fc
core   0: 0x8000b300 (0xd03f2223) sw      gp, -764(t5)
core   0: 3 0x8000b300 (0xd03f2223) mem 0x8000c000 0x00000001
core   0: 0x8000b304 (0xff9ff06f) j       pc - 0x8
core   0: 3 0x8000b304 (0xff9ff06f)
core   0: 0x8000b2fc (0x00001f17) auipc   t5, 0x1
core   0: 3 0x8000b2fc (0x00001f17) x30 0x8000c2fc
core   0: 0x8000b300 (0xd03f2223) sw      gp, -764(t5)
core   0: 3 0x8000b300 (0xd03f2223) mem 0x8000c000 0x00000001
core   0: 0x8000b304 (0xff9ff06f) j       pc - 0x8
core   0: 3 0x8000b304 (0xff9ff06f)
core   0: 0x8000b2fc (0x00001f17) auipc   t5, 0x1
core   0: 3 0x8000b2fc (0x00001f17) x30 0x8000c2fc
core   0: 0x8000b300 (0xd03f2223) sw      gp, -764(t5)
core   0: 3 0x8000b300 (0xd03f2223) mem 0x8000c000 0x00000001
core   0: 0x8000b304 (0xff9ff06f) j       pc - 0x8
core   0: 3 0x8000b304 (0xff9ff06f)
core   0: 0x8000b2fc (0x00001f17) auipc   t5, 0x1
core   0: 3 0x8000b2fc (0x00001f17) x30 0x8000c2fc
core   0: 0x8000b300 (0xd03f2223) sw      gp, -764(t5)
core   0: 3 0x8000b300 (0xd03f2223) mem 0x8000c000 0x00000001
core   0: 0x8000b304 (0xff9ff06f) j       pc - 0x8
core   0: 3 0x8000b304 (0xff9ff06f)
core   0: 0x8000b2fc (0x00001f17) auipc   t5, 0x1
core   0: 3 0x8000b2fc (0x00001f17) x30 0x8000c2fc
core   0: 0x8000b300 (0xd03f2223) sw      gp, -764(t5)
core   0: 3 0x8000b300 (0xd03f2223) mem 0x8000c000 0x00000001
core   0: 0x8000b304 (0xff9ff06f) j       pc - 0x8
core   0: 3 0x8000b304 (0xff9ff06f)
core   0: 0x8000b2fc (0x00001f17) auipc   t5, 0x1
core   0: 3 0x8000b2fc (0x00001f17) x30 0x8000c2fc
core   0: 0x8000b300 (0xd03f2223) sw      gp, -764(t5)
core   0: 3 0x8000b300 (0xd03f2223) mem 0x8000c000 0x00000001
core   0: 0x8000b304 (0xff9ff06f) j       pc - 0x8
core   0: 3 0x8000b304 (0xff9ff06f)
core   0: 0x8000b2fc (0x00001f17) auipc   t5, 0x1
core   0: 3 0x8000b2fc (0x00001f17) x30 0x8000c2fc
core   0: 0x8000b300 (0xd03f2223) sw      gp, -764(t5)
core   0: 3 0x8000b300 (0xd03f2223) mem 0x8000c000 0x00000001
core   0: 0x8000b304 (0xff9ff06f) j       pc - 0x8
core   0: 3 0x8000b304 (0xff9ff06f)
core   0: 0x8000b2fc (0x00001f17) auipc   t5, 0x1
core   0: 3 0x8000b2fc (0x00001f17) x30 0x8000c2fc
core   0: 0x8000b300 (0xd03f2223) sw      gp, -764(t5)
core   0: 3 0x8000b300 (0xd03f2223) mem 0x8000c000 0x00000001
core   0: 0x8000b304 (0xff9ff06f) j       pc - 0x8
core   0: 3 0x8000b304 (0xff9ff06f)
core   0: 0x8000b2fc (0x00001f17) auipc   t5, 0x1
core   0: 3 0x8000b2fc (0x00001f17) x30 0x8000c2fc
core   0: 0x8000b300 (0xd03f2223) sw      gp, -764(t5)
core   0: 3 0x8000b300 (0xd03f2223) mem 0x8000c000 0x00000001
core   0: 0x8000b304 (0xff9ff06f) j       pc - 0x8
core   0: 3 0x8000b304 (0xff9ff06f)
core   0: 0x8000b2fc (0x00001f17) auipc   t5, 0x1
core   0: 3 0x8000b2fc (0x00001f17) x30 0x8000c2fc
core   0: 0x8000b300 (0xd03f2223) sw      gp, -764(t5)
core   0: 3 0x8000b300 (0xd03f2223) mem 0x8000c000 0x00000001
core   0: 0x8000b304 (0xff9ff06f) j       pc - 0x8
core   0: 3 0x8000b304 (0xff9ff06f)
core   0: 0x8000b2fc (0x00001f17) auipc   t5, 0x1
core   0: 3 0x8000b2fc (0x00001f17) x30 0x8000c2fc
core   0: 0x8000b300 (0xd03f2223) sw      gp, -764(t5)
core   0: 3 0x8000b300 (0xd03f2223) mem 0x8000c000 0x00000001
core   0: 0x8000b304 (0xff9ff06f) j       pc - 0x8
core   0: 3 0x8000b304 (0xff9ff06f)
core   0: 0x8000b2fc (0x00001f17) auipc   t5, 0x1
core   0: 3 0x8000b2fc (0x00001f17) x30 0x8000c2fc
core   0: 0x8000b300 (0xd03f2223) sw      gp, -764(t5)
core   0: 3 0x8000b300 (0xd03f2223) mem 0x8000c000 0x00000001
core   0: 0x8000b304 (0xff9ff06f) j       pc - 0x8
core   0: 3 0x8000b304 (0xff9ff06f)
core   0: 0x8000b2fc (0x00001f17) auipc   t5, 0x1
core   0: 3 0x8000b2fc (0x00001f17) x30 0x8000c2fc
core   0: 0x8000b300 (0xd03f2223) sw      gp, -764(t5)
core   0: 3 0x8000b300 (0xd03f2223) mem 0x8000c000 0x00000001
core   0: 0x8000b304 (0xff9ff06f) j       pc - 0x8
core   0: 3 0x8000b304 (0xff9ff06f)
core   0: 0x8000b2fc (0x00001f17) auipc   t5, 0x1
core   0: 3 0x8000b2fc (0x00001f17) x30 0x8000c2fc
core   0: 0x8000b300 (0xd03f2223) sw      gp, -764(t5)
core   0: 3 0x8000b300 (0xd03f2223) mem 0x8000c000 0x00000001
core   0: 0x8000b304 (0xff9ff06f) j       pc - 0x8
core   0: 3 0x8000b304 (0xff9ff06f)
core   0: 0x8000b2fc (0x00001f17) auipc   t5, 0x1
core   0: 3 0x8000b2fc (0x00001f17) x30 0x8000c2fc
core   0: 0x8000b300 (0xd03f2223) sw      gp, -764(t5)
core   0: 3 0x8000b300 (0xd03f2223) mem 0x8000c000 0x00000001
core   0: 0x8000b304 (0xff9ff06f) j       pc - 0x8
core   0: 3 0x8000b304 (0xff9ff06f)
core   0: 0x8000b2fc (0x00001f17) auipc   t5, 0x1
core   0: 3 0x8000b2fc (0x00001f17) x30 0x8000c2fc
core   0: 0x8000b300 (0xd03f2223) sw      gp, -764(t5)
core   0: 3 0x8000b300 (0xd03f2223) mem 0x8000c000 0x00000001
core   0: 0x8000b304 (0xff9ff06f) j       pc - 0x8
core   0: 3 0x8000b304 (0xff9ff06f)
core   0: 0x8000b2fc (0x00001f17) auipc   t5, 0x1
core   0: 3 0x8000b2fc (0x00001f17) x30 0x8000c2fc
core   0: 0x8000b300 (0xd03f2223) sw      gp, -764(t5)
core   0: 3 0x8000b300 (0xd03f2223) mem 0x8000c000 0x00000001
core   0: 0x8000b304 (0xff9ff06f) j       pc - 0x8
core   0: 3 0x8000b304 (0xff9ff06f)
core   0: 0x8000b2fc (0x00001f17) auipc   t5, 0x1
core   0: 3 0x8000b2fc (0x00001f17) x30 0x8000c2fc
core   0: 0x8000b300 (0xd03f2223) sw      gp, -764(t5)
core   0: 3 0x8000b300 (0xd03f2223) mem 0x8000c000 0x00000001
core   0: 0x8000b304 (0xff9ff06f) j       pc - 0x8
core   0: 3 0x8000b304 (0xff9ff06f)
core   0: 0x8000b2fc (0x00001f17) auipc   t5, 0x1
core   0: 3 0x8000b2fc (0x00001f17) x30 0x8000c2fc
core   0: 0x8000b300 (0xd03f2223) sw      gp, -764(t5)
core   0: 3 0x8000b300 (0xd03f2223) mem 0x8000c000 0x00000001
core   0: 0x8000b304 (0xff9ff06f) j       pc - 0x8
core   0: 3 0x8000b304 (0xff9ff06f)
core   0: 0x8000b2fc (0x00001f17) auipc   t5, 0x1
core   0: 3 0x8000b2fc (0x00001f17) x30 0x8000c2fc
core   0: 0x8000b300 (0xd03f2223) sw      gp, -764(t5)
core   0: 3 0x8000b300 (0xd03f2223) mem 0x8000c000 0x00000001
core   0: 0x8000b304 (0xff9ff06f) j       pc - 0x8
core   0: 3 0x8000b304 (0xff9ff06f)
core   0: 0x8000b2fc (0x00001f17) auipc   t5, 0x1
core   0: 3 0x8000b2fc (0x00001f17) x30 0x8000c2fc
core   0: 0x8000b300 (0xd03f2223) sw      gp, -764(t5)
core   0: 3 0x8000b300 (0xd03f2223) mem 0x8000c000 0x00000001
core   0: 0x8000b304 (0xff9ff06f) j       pc - 0x8
core   0: 3 0x8000b304 (0xff9ff06f)
core   0: 0x8000b2fc (0x00001f17) auipc   t5, 0x1
core   0: 3 0x8000b2fc (0x00001f17) x30 0x8000c2fc
core   0: 0x8000b300 (0xd03f2223) sw      gp, -764(t5)
core   0: 3 0x8000b300 (0xd03f2223) mem 0x8000c000 0x00000001
core   0: 0x8000b304 (0xff9ff06f) j       pc - 0x8
core   0: 3 0x8000b304 (0xff9ff06f)
core   0: 0x8000b2fc (0x00001f17) auipc   t5, 0x1
core   0: 3 0x8000b2fc (0x00001f17) x30 0x8000c2fc
core   0: 0x8000b300 (0xd03f2223) sw      gp, -764(t5)
core   0: 3 0x8000b300 (0xd03f2223) mem 0x8000c000 0x00000001
core   0: 0x8000b304 (0xff9ff06f) j       pc - 0x8
core   0: 3 0x8000b304 (0xff9ff06f)
core   0: 0x8000b2fc (0x00001f17) auipc   t5, 0x1
core   0: 3 0x8000b2fc (0x00001f17) x30 0x8000c2fc
core   0: 0x8000b300 (0xd03f2223) sw      gp, -764(t5)
core   0: 3 0x8000b300 (0xd03f2223) mem 0x8000c000 0x00000001
core   0: 0x8000b304 (0xff9ff06f) j       pc - 0x8
core   0: 3 0x8000b304 (0xff9ff06f)
core   0: 0x8000b2fc (0x00001f17) auipc   t5, 0x1
core   0: 3 0x8000b2fc (0x00001f17) x30 0x8000c2fc
core   0: 0x8000b300 (0xd03f2223) sw      gp, -764(t5)
core   0: 3 0x8000b300 (0xd03f2223) mem 0x8000c000 0x00000001
core   0: 0x8000b304 (0xff9ff06f) j       pc - 0x8
core   0: 3 0x8000b304 (0xff9ff06f)
core   0: 0x8000b2fc (0x00001f17) auipc   t5, 0x1
core   0: 3 0x8000b2fc (0x00001f17) x30 0x8000c2fc
core   0: 0x8000b300 (0xd03f2223) sw      gp, -764(t5)
core   0: 3 0x8000b300 (0xd03f2223) mem 0x8000c000 0x00000001
core   0: 0x8000b304 (0xff9ff06f) j       pc - 0x8
core   0: 3 0x8000b304 (0xff9ff06f)
core   0: 0x8000b2fc (0x00001f17) auipc   t5, 0x1
core   0: 3 0x8000b2fc (0x00001f17) x30 0x8000c2fc
core   0: 0x8000b300 (0xd03f2223) sw      gp, -764(t5)
core   0: 3 0x8000b300 (0xd03f2223) mem 0x8000c000 0x00000001
core   0: 0x8000b304 (0xff9ff06f) j       pc - 0x8
core   0: 3 0x8000b304 (0xff9ff06f)
core   0: 0x8000b2fc (0x00001f17) auipc   t5, 0x1
core   0: 3 0x8000b2fc (0x00001f17) x30 0x8000c2fc
core   0: 0x8000b300 (0xd03f2223) sw      gp, -764(t5)
core   0: 3 0x8000b300 (0xd03f2223) mem 0x8000c000 0x00000001
core   0: 0x8000b304 (0xff9ff06f) j       pc - 0x8
core   0: 3 0x8000b304 (0xff9ff06f)
core   0: 0x8000b2fc (0x00001f17) auipc   t5, 0x1
core   0: 3 0x8000b2fc (0x00001f17) x30 0x8000c2fc
core   0: 0x8000b300 (0xd03f2223) sw      gp, -764(t5)
core   0: 3 0x8000b300 (0xd03f2223) mem 0x8000c000 0x00000001
core   0: 0x8000b304 (0xff9ff06f) j       pc - 0x8
core   0: 3 0x8000b304 (0xff9ff06f)
core   0: 0x8000b2fc (0x00001f17) auipc   t5, 0x1
core   0: 3 0x8000b2fc (0x00001f17) x30 0x8000c2fc
core   0: 0x8000b300 (0xd03f2223) sw      gp, -764(t5)
core   0: 3 0x8000b300 (0xd03f2223) mem 0x8000c000 0x00000001
core   0: 0x8000b304 (0xff9ff06f) j       pc - 0x8
core   0: 3 0x8000b304 (0xff9ff06f)
core   0: 0x8000b2fc (0x00001f17) auipc   t5, 0x1
core   0: 3 0x8000b2fc (0x00001f17) x30 0x8000c2fc
core   0: 0x8000b300 (0xd03f2223) sw      gp, -764(t5)
core   0: 3 0x8000b300 (0xd03f2223) mem 0x8000c000 0x00000001
core   0: 0x8000b304 (0xff9ff06f) j       pc - 0x8
core   0: 3 0x8000b304 (0xff9ff06f)
core   0: 0x8000b2fc (0x00001f17) auipc   t5, 0x1
core   0: 3 0x8000b2fc (0x00001f17) x30 0x8000c2fc
core   0: 0x8000b300 (0xd03f2223) sw      gp, -764(t5)
core   0: 3 0x8000b300 (0xd03f2223) mem 0x8000c000 0x00000001
core   0: 0x8000b304 (0xff9ff06f) j       pc - 0x8
core   0: 3 0x8000b304 (0xff9ff06f)
core   0: 0x8000b2fc (0x00001f17) auipc   t5, 0x1
core   0: 3 0x8000b2fc (0x00001f17) x30 0x8000c2fc
core   0: 0x8000b300 (0xd03f2223) sw      gp, -764(t5)
core   0: 3 0x8000b300 (0xd03f2223) mem 0x8000c000 0x00000001
core   0: 0x8000b304 (0xff9ff06f) j       pc - 0x8
core   0: 3 0x8000b304 (0xff9ff06f)
core   0: 0x8000b2fc (0x00001f17) auipc   t5, 0x1
core   0: 3 0x8000b2fc (0x00001f17) x30 0x8000c2fc
core   0: 0x8000b300 (0xd03f2223) sw      gp, -764(t5)
core   0: 3 0x8000b300 (0xd03f2223) mem 0x8000c000 0x00000001
core   0: 0x8000b304 (0xff9ff06f) j       pc - 0x8
core   0: 3 0x8000b304 (0xff9ff06f)
core   0: 0x8000b2fc (0x00001f17) auipc   t5, 0x1
core   0: 3 0x8000b2fc (0x00001f17) x30 0x8000c2fc
core   0: 0x8000b300 (0xd03f2223) sw      gp, -764(t5)
core   0: 3 0x8000b300 (0xd03f2223) mem 0x8000c000 0x00000001
core   0: 0x8000b304 (0xff9ff06f) j       pc - 0x8
core   0: 3 0x8000b304 (0xff9ff06f)
core   0: 0x8000b2fc (0x00001f17) auipc   t5, 0x1
core   0: 3 0x8000b2fc (0x00001f17) x30 0x8000c2fc
core   0: 0x8000b300 (0xd03f2223) sw      gp, -764(t5)
core   0: 3 0x8000b300 (0xd03f2223) mem 0x8000c000 0x00000001
core   0: 0x8000b304 (0xff9ff06f) j       pc - 0x8
core   0: 3 0x8000b304 (0xff9ff06f)
core   0: 0x8000b2fc (0x00001f17) auipc   t5, 0x1
core   0: 3 0x8000b2fc (0x00001f17) x30 0x8000c2fc
core   0: 0x8000b300 (0xd03f2223) sw      gp, -764(t5)
core   0: 3 0x8000b300 (0xd03f2223) mem 0x8000c000 0x00000001
core   0: 0x8000b304 (0xff9ff06f) j       pc - 0x8
core   0: 3 0x8000b304 (0xff9ff06f)
core   0: 0x8000b2fc (0x00001f17) auipc   t5, 0x1
core   0: 3 0x8000b2fc (0x00001f17) x30 0x8000c2fc
core   0: 0x8000b300 (0xd03f2223) sw      gp, -764(t5)
core   0: 3 0x8000b300 (0xd03f2223) mem 0x8000c000 0x00000001
core   0: 0x8000b304 (0xff9ff06f) j       pc - 0x8
core   0: 3 0x8000b304 (0xff9ff06f)
core   0: 0x8000b2fc (0x00001f17) auipc   t5, 0x1
core   0: 3 0x8000b2fc (0x00001f17) x30 0x8000c2fc
core   0: 0x8000b300 (0xd03f2223) sw      gp, -764(t5)
core   0: 3 0x8000b300 (0xd03f2223) mem 0x8000c000 0x00000001
core   0: 0x8000b304 (0xff9ff06f) j       pc - 0x8
core   0: 3 0x8000b304 (0xff9ff06f)
core   0: 0x8000b2fc (0x00001f17) auipc   t5, 0x1
core   0: 3 0x8000b2fc (0x00001f17) x30 0x8000c2fc
core   0: 0x8000b300 (0xd03f2223) sw      gp, -764(t5)
core   0: 3 0x8000b300 (0xd03f2223) mem 0x8000c000 0x00000001
core   0: 0x8000b304 (0xff9ff06f) j       pc - 0x8
core   0: 3 0x8000b304 (0xff9ff06f)
core   0: 0x8000b2fc (0x00001f17) auipc   t5, 0x1
core   0: 3 0x8000b2fc (0x00001f17) x30 0x8000c2fc
core   0: 0x8000b300 (0xd03f2223) sw      gp, -764(t5)
core   0: 3 0x8000b300 (0xd03f2223) mem 0x8000c000 0x00000001
core   0: 0x8000b304 (0xff9ff06f) j       pc - 0x8
core   0: 3 0x8000b304 (0xff9ff06f)
core   0: 0x8000b2fc (0x00001f17) auipc   t5, 0x1
core   0: 3 0x8000b2fc (0x00001f17) x30 0x8000c2fc
core   0: 0x8000b300 (0xd03f2223) sw      gp, -764(t5)
core   0: 3 0x8000b300 (0xd03f2223) mem 0x8000c000 0x00000001
core   0: 0x8000b304 (0xff9ff06f) j       pc - 0x8
core   0: 3 0x8000b304 (0xff9ff06f)
core   0: 0x8000b2fc (0x00001f17) auipc   t5, 0x1
core   0: 3 0x8000b2fc (0x00001f17) x30 0x8000c2fc
core   0: 0x8000b300 (0xd03f2223) sw      gp, -764(t5)
core   0: 3 0x8000b300 (0xd03f2223) mem 0x8000c000 0x00000001
core   0: 0x8000b304 (0xff9ff06f) j       pc - 0x8
core   0: 3 0x8000b304 (0xff9ff06f)
core   0: 0x8000b2fc (0x00001f17) auipc   t5, 0x1
core   0: 3 0x8000b2fc (0x00001f17) x30 0x8000c2fc
core   0: 0x8000b300 (0xd03f2223) sw      gp, -764(t5)
core   0: 3 0x8000b300 (0xd03f2223) mem 0x8000c000 0x00000001
core   0: 0x8000b304 (0xff9ff06f) j       pc - 0x8
core   0: 3 0x8000b304 (0xff9ff06f)
core   0: 0x8000b2fc (0x00001f17) auipc   t5, 0x1
core   0: 3 0x8000b2fc (0x00001f17) x30 0x8000c2fc
core   0: 0x8000b300 (0xd03f2223) sw      gp, -764(t5)
core   0: 3 0x8000b300 (0xd03f2223) mem 0x8000c000 0x00000001
core   0: 0x8000b304 (0xff9ff06f) j       pc - 0x8
core   0: 3 0x8000b304 (0xff9ff06f)
core   0: 0x8000b2fc (0x00001f17) auipc   t5, 0x1
core   0: 3 0x8000b2fc (0x00001f17) x30 0x8000c2fc
core   0: 0x8000b300 (0xd03f2223) sw      gp, -764(t5)
core   0: 3 0x8000b300 (0xd03f2223) mem 0x8000c000 0x00000001
core   0: 0x8000b304 (0xff9ff06f) j       pc - 0x8
core   0: 3 0x8000b304 (0xff9ff06f)
core   0: 0x8000b2fc (0x00001f17) auipc   t5, 0x1
core   0: 3 0x8000b2fc (0x00001f17) x30 0x8000c2fc
core   0: 0x8000b300 (0xd03f2223) sw      gp, -764(t5)
core   0: 3 0x8000b300 (0xd03f2223) mem 0x8000c000 0x00000001
core   0: 0x8000b304 (0xff9ff06f) j       pc - 0x8
core   0: 3 0x8000b304 (0xff9ff06f)
core   0: 0x8000b2fc (0x00001f17) auipc   t5, 0x1
core   0: 3 0x8000b2fc (0x00001f17) x30 0x8000c2fc
core   0: 0x8000b300 (0xd03f2223) sw      gp, -764(t5)
core   0: 3 0x8000b300 (0xd03f2223) mem 0x8000c000 0x00000001
core   0: 0x8000b304 (0xff9ff06f) j       pc - 0x8
core   0: 3 0x8000b304 (0xff9ff06f)
core   0: 0x8000b2fc (0x00001f17) auipc   t5, 0x1
core   0: 3 0x8000b2fc (0x00001f17) x30 0x8000c2fc
core   0: 0x8000b300 (0xd03f2223) sw      gp, -764(t5)
core   0: 3 0x8000b300 (0xd03f2223) mem 0x8000c000 0x00000001
core   0: 0x8000b304 (0xff9ff06f) j       pc - 0x8
core   0: 3 0x8000b304 (0xff9ff06f)
core   0: 0x8000b2fc (0x00001f17) auipc   t5, 0x1
core   0: 3 0x8000b2fc (0x00001f17) x30 0x8000c2fc
core   0: 0x8000b300 (0xd03f2223) sw      gp, -764(t5)
core   0: 3 0x8000b300 (0xd03f2223) mem 0x8000c000 0x00000001
core   0: 0x8000b304 (0xff9ff06f) j       pc - 0x8
core   0: 3 0x8000b304 (0xff9ff06f)
core   0: 0x8000b2fc (0x00001f17) auipc   t5, 0x1
core   0: 3 0x8000b2fc (0x00001f17) x30 0x8000c2fc
core   0: 0x8000b300 (0xd03f2223) sw      gp, -764(t5)
core   0: 3 0x8000b300 (0xd03f2223) mem 0x8000c000 0x00000001
core   0: 0x8000b304 (0xff9ff06f) j       pc - 0x8
core   0: 3 0x8000b304 (0xff9ff06f)
core   0: 0x8000b2fc (0x00001f17) auipc   t5, 0x1
core   0: 3 0x8000b2fc (0x00001f17) x30 0x8000c2fc
core   0: 0x8000b300 (0xd03f2223) sw      gp, -764(t5)
core   0: 3 0x8000b300 (0xd03f2223) mem 0x8000c000 0x00000001
core   0: 0x8000b304 (0xff9ff06f) j       pc - 0x8
core   0: 3 0x8000b304 (0xff9ff06f)
core   0: 0x8000b2fc (0x00001f17) auipc   t5, 0x1
core   0: 3 0x8000b2fc (0x00001f17) x30 0x8000c2fc
core   0: 0x8000b300 (0xd03f2223) sw      gp, -764(t5)
core   0: 3 0x8000b300 (0xd03f2223) mem 0x8000c000 0x00000001
core   0: 0x8000b304 (0xff9ff06f) j       pc - 0x8
core   0: 3 0x8000b304 (0xff9ff06f)
core   0: 0x8000b2fc (0x00001f17) auipc   t5, 0x1
core   0: 3 0x8000b2fc (0x00001f17) x30 0x8000c2fc
core   0: 0x8000b300 (0xd03f2223) sw      gp, -764(t5)
core   0: 3 0x8000b300 (0xd03f2223) mem 0x8000c000 0x00000001
core   0: 0x8000b304 (0xff9ff06f) j       pc - 0x8
core   0: 3 0x8000b304 (0xff9ff06f)
core   0: 0x8000b2fc (0x00001f17) auipc   t5, 0x1
core   0: 3 0x8000b2fc (0x00001f17) x30 0x8000c2fc
core   0: 0x8000b300 (0xd03f2223) sw      gp, -764(t5)
core   0: 3 0x8000b300 (0xd03f2223) mem 0x8000c000 0x00000001
core   0: 0x8000b304 (0xff9ff06f) j       pc - 0x8
core   0: 3 0x8000b304 (0xff9ff06f)
core   0: 0x8000b2fc (0x00001f17) auipc   t5, 0x1
core   0: 3 0x8000b2fc (0x00001f17) x30 0x8000c2fc
core   0: 0x8000b300 (0xd03f2223) sw      gp, -764(t5)
core   0: 3 0x8000b300 (0xd03f2223) mem 0x8000c000 0x00000001
core   0: 0x8000b304 (0xff9ff06f) j       pc - 0x8
core   0: 3 0x8000b304 (0xff9ff06f)
core   0: 0x8000b2fc (0x00001f17) auipc   t5, 0x1
core   0: 3 0x8000b2fc (0x00001f17) x30 0x8000c2fc
core   0: 0x8000b300 (0xd03f2223) sw      gp, -764(t5)
core   0: 3 0x8000b300 (0xd03f2223) mem 0x8000c000 0x00000001
core   0: 0x8000b304 (0xff9ff06f) j       pc - 0x8
core   0: 3 0x8000b304 (0xff9ff06f)
core   0: 0x8000b2fc (0x00001f17) auipc   t5, 0x1
core   0: 3 0x8000b2fc (0x00001f17) x30 0x8000c2fc
core   0: 0x8000b300 (0xd03f2223) sw      gp, -764(t5)
core   0: 3 0x8000b300 (0xd03f2223) mem 0x8000c000 0x00000001
core   0: 0x8000b304 (0xff9ff06f) j       pc - 0x8
core   0: 3 0x8000b304 (0xff9ff06f)
core   0: 0x8000b2fc (0x00001f17) auipc   t5, 0x1
core   0: 3 0x8000b2fc (0x00001f17) x30 0x8000c2fc
core   0: 0x8000b300 (0xd03f2223) sw      gp, -764(t5)
core   0: 3 0x8000b300 (0xd03f2223) mem 0x8000c000 0x00000001
core   0: 0x8000b304 (0xff9ff06f) j       pc - 0x8
core   0: 3 0x8000b304 (0xff9ff06f)
core   0: 0x8000b2fc (0x00001f17) auipc   t5, 0x1
core   0: 3 0x8000b2fc (0x00001f17) x30 0x8000c2fc
core   0: 0x8000b300 (0xd03f2223) sw      gp, -764(t5)
core   0: 3 0x8000b300 (0xd03f2223) mem 0x8000c000 0x00000001
core   0: 0x8000b304 (0xff9ff06f) j       pc - 0x8
core   0: 3 0x8000b304 (0xff9ff06f)
core   0: 0x8000b2fc (0x00001f17) auipc   t5, 0x1
core   0: 3 0x8000b2fc (0x00001f17) x30 0x8000c2fc
core   0: 0x8000b300 (0xd03f2223) sw      gp, -764(t5)
core   0: 3 0x8000b300 (0xd03f2223) mem 0x8000c000 0x00000001
core   0: 0x8000b304 (0xff9ff06f) j       pc - 0x8
core   0: 3 0x8000b304 (0xff9ff06f)
core   0: 0x8000b2fc (0x00001f17) auipc   t5, 0x1
core   0: 3 0x8000b2fc (0x00001f17) x30 0x8000c2fc
core   0: 0x8000b300 (0xd03f2223) sw      gp, -764(t5)
core   0: 3 0x8000b300 (0xd03f2223) mem 0x8000c000 0x00000001
core   0: 0x8000b304 (0xff9ff06f) j       pc - 0x8
core   0: 3 0x8000b304 (0xff9ff06f)
core   0: 0x8000b2fc (0x00001f17) auipc   t5, 0x1
core   0: 3 0x8000b2fc (0x00001f17) x30 0x8000c2fc
core   0: 0x8000b300 (0xd03f2223) sw      gp, -764(t5)
core   0: 3 0x8000b300 (0xd03f2223) mem 0x8000c000 0x00000001
core   0: 0x8000b304 (0xff9ff06f) j       pc - 0x8
core   0: 3 0x8000b304 (0xff9ff06f)
core   0: 0x8000b2fc (0x00001f17) auipc   t5, 0x1
core   0: 3 0x8000b2fc (0x00001f17) x30 0x8000c2fc
core   0: 0x8000b300 (0xd03f2223) sw      gp, -764(t5)
core   0: 3 0x8000b300 (0xd03f2223) mem 0x8000c000 0x00000001
core   0: 0x8000b304 (0xff9ff06f) j       pc - 0x8
core   0: 3 0x8000b304 (0xff9ff06f)
core   0: 0x8000b2fc (0x00001f17) auipc   t5, 0x1
core   0: 3 0x8000b2fc (0x00001f17) x30 0x8000c2fc
core   0: 0x8000b300 (0xd03f2223) sw      gp, -764(t5)
core   0: 3 0x8000b300 (0xd03f2223) mem 0x8000c000 0x00000001
core   0: 0x8000b304 (0xff9ff06f) j       pc - 0x8
core   0: 3 0x8000b304 (0xff9ff06f)
core   0: 0x8000b2fc (0x00001f17) auipc   t5, 0x1
core   0: 3 0x8000b2fc (0x00001f17) x30 0x8000c2fc
core   0: 0x8000b300 (0xd03f2223) sw      gp, -764(t5)
core   0: 3 0x8000b300 (0xd03f2223) mem 0x8000c000 0x00000001
core   0: 0x8000b304 (0xff9ff06f) j       pc - 0x8
core   0: 3 0x8000b304 (0xff9ff06f)
core   0: 0x8000b2fc (0x00001f17) auipc   t5, 0x1
core   0: 3 0x8000b2fc (0x00001f17) x30 0x8000c2fc
core   0: 0x8000b300 (0xd03f2223) sw      gp, -764(t5)
core   0: 3 0x8000b300 (0xd03f2223) mem 0x8000c000 0x00000001
core   0: 0x8000b304 (0xff9ff06f) j       pc - 0x8
core   0: 3 0x8000b304 (0xff9ff06f)
core   0: 0x8000b2fc (0x00001f17) auipc   t5, 0x1
core   0: 3 0x8000b2fc (0x00001f17) x30 0x8000c2fc
core   0: 0x8000b300 (0xd03f2223) sw      gp, -764(t5)
core   0: 3 0x8000b300 (0xd03f2223) mem 0x8000c000 0x00000001
core   0: 0x8000b304 (0xff9ff06f) j       pc - 0x8
core   0: 3 0x8000b304 (0xff9ff06f)
core   0: 0x8000b2fc (0x00001f17) auipc   t5, 0x1
core   0: 3 0x8000b2fc (0x00001f17) x30 0x8000c2fc
core   0: 0x8000b300 (0xd03f2223) sw      gp, -764(t5)
core   0: 3 0x8000b300 (0xd03f2223) mem 0x8000c000 0x00000001
core   0: 0x8000b304 (0xff9ff06f) j       pc - 0x8
core   0: 3 0x8000b304 (0xff9ff06f)
core   0: 0x8000b2fc (0x00001f17) auipc   t5, 0x1
core   0: 3 0x8000b2fc (0x00001f17) x30 0x8000c2fc
core   0: 0x8000b300 (0xd03f2223) sw      gp, -764(t5)
core   0: 3 0x8000b300 (0xd03f2223) mem 0x8000c000 0x00000001
core   0: 0x8000b304 (0xff9ff06f) j       pc - 0x8
core   0: 3 0x8000b304 (0xff9ff06f)
core   0: 0x8000b2fc (0x00001f17) auipc   t5, 0x1
core   0: 3 0x8000b2fc (0x00001f17) x30 0x8000c2fc
core   0: 0x8000b300 (0xd03f2223) sw      gp, -764(t5)
core   0: 3 0x8000b300 (0xd03f2223) mem 0x8000c000 0x00000001
core   0: 0x8000b304 (0xff9ff06f) j       pc - 0x8
core   0: 3 0x8000b304 (0xff9ff06f)
core   0: 0x8000b2fc (0x00001f17) auipc   t5, 0x1
core   0: 3 0x8000b2fc (0x00001f17) x30 0x8000c2fc
core   0: 0x8000b300 (0xd03f2223) sw      gp, -764(t5)
core   0: 3 0x8000b300 (0xd03f2223) mem 0x8000c000 0x00000001
core   0: 0x8000b304 (0xff9ff06f) j       pc - 0x8
core   0: 3 0x8000b304 (0xff9ff06f)
core   0: 0x8000b2fc (0x00001f17) auipc   t5, 0x1
core   0: 3 0x8000b2fc (0x00001f17) x30 0x8000c2fc
core   0: 0x8000b300 (0xd03f2223) sw      gp, -764(t5)
core   0: 3 0x8000b300 (0xd03f2223) mem 0x8000c000 0x00000001
core   0: 0x8000b304 (0xff9ff06f) j       pc - 0x8
core   0: 3 0x8000b304 (0xff9ff06f)
core   0: 0x8000b2fc (0x00001f17) auipc   t5, 0x1
core   0: 3 0x8000b2fc (0x00001f17) x30 0x8000c2fc
core   0: 0x8000b300 (0xd03f2223) sw      gp, -764(t5)
core   0: 3 0x8000b300 (0xd03f2223) mem 0x8000c000 0x00000001
core   0: 0x8000b304 (0xff9ff06f) j       pc - 0x8
core   0: 3 0x8000b304 (0xff9ff06f)
core   0: 0x8000b2fc (0x00001f17) auipc   t5, 0x1
core   0: 3 0x8000b2fc (0x00001f17) x30 0x8000c2fc
core   0: 0x8000b300 (0xd03f2223) sw      gp, -764(t5)
core   0: 3 0x8000b300 (0xd03f2223) mem 0x8000c000 0x00000001
core   0: 0x8000b304 (0xff9ff06f) j       pc - 0x8
core   0: 3 0x8000b304 (0xff9ff06f)
core   0: 0x8000b2fc (0x00001f17) auipc   t5, 0x1
core   0: 3 0x8000b2fc (0x00001f17) x30 0x8000c2fc
core   0: 0x8000b300 (0xd03f2223) sw      gp, -764(t5)
core   0: 3 0x8000b300 (0xd03f2223) mem 0x8000c000 0x00000001
core   0: 0x8000b304 (0xff9ff06f) j       pc - 0x8
core   0: 3 0x8000b304 (0xff9ff06f)
core   0: 0x8000b2fc (0x00001f17) auipc   t5, 0x1
core   0: 3 0x8000b2fc (0x00001f17) x30 0x8000c2fc
core   0: 0x8000b300 (0xd03f2223) sw      gp, -764(t5)
core   0: 3 0x8000b300 (0xd03f2223) mem 0x8000c000 0x00000001
core   0: 0x8000b304 (0xff9ff06f) j       pc - 0x8
core   0: 3 0x8000b304 (0xff9ff06f)
core   0: 0x8000b2fc (0x00001f17) auipc   t5, 0x1
core   0: 3 0x8000b2fc (0x00001f17) x30 0x8000c2fc
core   0: 0x8000b300 (0xd03f2223) sw      gp, -764(t5)
core   0: 3 0x8000b300 (0xd03f2223) mem 0x8000c000 0x00000001
core   0: 0x8000b304 (0xff9ff06f) j       pc - 0x8
core   0: 3 0x8000b304 (0xff9ff06f)
core   0: 0x8000b2fc (0x00001f17) auipc   t5, 0x1
core   0: 3 0x8000b2fc (0x00001f17) x30 0x8000c2fc
core   0: 0x8000b300 (0xd03f2223) sw      gp, -764(t5)
core   0: 3 0x8000b300 (0xd03f2223) mem 0x8000c000 0x00000001
core   0: 0x8000b304 (0xff9ff06f) j       pc - 0x8
core   0: 3 0x8000b304 (0xff9ff06f)
core   0: 0x8000b2fc (0x00001f17) auipc   t5, 0x1
core   0: 3 0x8000b2fc (0x00001f17) x30 0x8000c2fc
core   0: 0x8000b300 (0xd03f2223) sw      gp, -764(t5)
core   0: 3 0x8000b300 (0xd03f2223) mem 0x8000c000 0x00000001
core   0: 0x8000b304 (0xff9ff06f) j       pc - 0x8
core   0: 3 0x8000b304 (0xff9ff06f)
core   0: 0x8000b2fc (0x00001f17) auipc   t5, 0x1
core   0: 3 0x8000b2fc (0x00001f17) x30 0x8000c2fc
core   0: 0x8000b300 (0xd03f2223) sw      gp, -764(t5)
core   0: 3 0x8000b300 (0xd03f2223) mem 0x8000c000 0x00000001
core   0: 0x8000b304 (0xff9ff06f) j       pc - 0x8
core   0: 3 0x8000b304 (0xff9ff06f)
core   0: 0x8000b2fc (0x00001f17) auipc   t5, 0x1
core   0: 3 0x8000b2fc (0x00001f17) x30 0x8000c2fc
core   0: 0x8000b300 (0xd03f2223) sw      gp, -764(t5)
core   0: 3 0x8000b300 (0xd03f2223) mem 0x8000c000 0x00000001
core   0: 0x8000b304 (0xff9ff06f) j       pc - 0x8
core   0: 3 0x8000b304 (0xff9ff06f)
core   0: 0x8000b2fc (0x00001f17) auipc   t5, 0x1
core   0: 3 0x8000b2fc (0x00001f17) x30 0x8000c2fc
core   0: 0x8000b300 (0xd03f2223) sw      gp, -764(t5)
core   0: 3 0x8000b300 (0xd03f2223) mem 0x8000c000 0x00000001
core   0: 0x8000b304 (0xff9ff06f) j       pc - 0x8
core   0: 3 0x8000b304 (0xff9ff06f)
core   0: 0x8000b2fc (0x00001f17) auipc   t5, 0x1
core   0: 3 0x8000b2fc (0x00001f17) x30 0x8000c2fc
core   0: 0x8000b300 (0xd03f2223) sw      gp, -764(t5)
core   0: 3 0x8000b300 (0xd03f2223) mem 0x8000c000 0x00000001
core   0: 0x8000b304 (0xff9ff06f) j       pc - 0x8
core   0: 3 0x8000b304 (0xff9ff06f)
core   0: 0x8000b2fc (0x00001f17) auipc   t5, 0x1
core   0: 3 0x8000b2fc (0x00001f17) x30 0x8000c2fc
core   0: 0x8000b300 (0xd03f2223) sw      gp, -764(t5)
core   0: 3 0x8000b300 (0xd03f2223) mem 0x8000c000 0x00000001
core   0: 0x8000b304 (0xff9ff06f) j       pc - 0x8
core   0: 3 0x8000b304 (0xff9ff06f)
core   0: 0x8000b2fc (0x00001f17) auipc   t5, 0x1
core   0: 3 0x8000b2fc (0x00001f17) x30 0x8000c2fc
core   0: 0x8000b300 (0xd03f2223) sw      gp, -764(t5)
core   0: 3 0x8000b300 (0xd03f2223) mem 0x8000c000 0x00000001
core   0: 0x8000b304 (0xff9ff06f) j       pc - 0x8
core   0: 3 0x8000b304 (0xff9ff06f)
core   0: 0x8000b2fc (0x00001f17) auipc   t5, 0x1
core   0: 3 0x8000b2fc (0x00001f17) x30 0x8000c2fc
core   0: 0x8000b300 (0xd03f2223) sw      gp, -764(t5)
core   0: 3 0x8000b300 (0xd03f2223) mem 0x8000c000 0x00000001
core   0: 0x8000b304 (0xff9ff06f) j       pc - 0x8
core   0: 3 0x8000b304 (0xff9ff06f)
core   0: 0x8000b2fc (0x00001f17) auipc   t5, 0x1
core   0: 3 0x8000b2fc (0x00001f17) x30 0x8000c2fc
core   0: 0x8000b300 (0xd03f2223) sw      gp, -764(t5)
core   0: 3 0x8000b300 (0xd03f2223) mem 0x8000c000 0x00000001
core   0: 0x8000b304 (0xff9ff06f) j       pc - 0x8
core   0: 3 0x8000b304 (0xff9ff06f)
core   0: 0x8000b2fc (0x00001f17) auipc   t5, 0x1
core   0: 3 0x8000b2fc (0x00001f17) x30 0x8000c2fc
core   0: 0x8000b300 (0xd03f2223) sw      gp, -764(t5)
core   0: 3 0x8000b300 (0xd03f2223) mem 0x8000c000 0x00000001
core   0: 0x8000b304 (0xff9ff06f) j       pc - 0x8
core   0: 3 0x8000b304 (0xff9ff06f)
core   0: 0x8000b2fc (0x00001f17) auipc   t5, 0x1
core   0: 3 0x8000b2fc (0x00001f17) x30 0x8000c2fc
core   0: 0x8000b300 (0xd03f2223) sw      gp, -764(t5)
core   0: 3 0x8000b300 (0xd03f2223) mem 0x8000c000 0x00000001
core   0: 0x8000b304 (0xff9ff06f) j       pc - 0x8
core   0: 3 0x8000b304 (0xff9ff06f)
core   0: 0x8000b2fc (0x00001f17) auipc   t5, 0x1
core   0: 3 0x8000b2fc (0x00001f17) x30 0x8000c2fc
core   0: 0x8000b300 (0xd03f2223) sw      gp, -764(t5)
core   0: 3 0x8000b300 (0xd03f2223) mem 0x8000c000 0x00000001
core   0: 0x8000b304 (0xff9ff06f) j       pc - 0x8
core   0: 3 0x8000b304 (0xff9ff06f)
core   0: 0x8000b2fc (0x00001f17) auipc   t5, 0x1
core   0: 3 0x8000b2fc (0x00001f17) x30 0x8000c2fc
core   0: 0x8000b300 (0xd03f2223) sw      gp, -764(t5)
core   0: 3 0x8000b300 (0xd03f2223) mem 0x8000c000 0x00000001
core   0: 0x8000b304 (0xff9ff06f) j       pc - 0x8
core   0: 3 0x8000b304 (0xff9ff06f)
core   0: 0x8000b2fc (0x00001f17) auipc   t5, 0x1
core   0: 3 0x8000b2fc (0x00001f17) x30 0x8000c2fc
core   0: 0x8000b300 (0xd03f2223) sw      gp, -764(t5)
core   0: 3 0x8000b300 (0xd03f2223) mem 0x8000c000 0x00000001
core   0: 0x8000b304 (0xff9ff06f) j       pc - 0x8
core   0: 3 0x8000b304 (0xff9ff06f)
core   0: 0x8000b2fc (0x00001f17) auipc   t5, 0x1
core   0: 3 0x8000b2fc (0x00001f17) x30 0x8000c2fc
core   0: 0x8000b300 (0xd03f2223) sw      gp, -764(t5)
core   0: 3 0x8000b300 (0xd03f2223) mem 0x8000c000 0x00000001
core   0: 0x8000b304 (0xff9ff06f) j       pc - 0x8
core   0: 3 0x8000b304 (0xff9ff06f)
core   0: 0x8000b2fc (0x00001f17) auipc   t5, 0x1
core   0: 3 0x8000b2fc (0x00001f17) x30 0x8000c2fc
core   0: 0x8000b300 (0xd03f2223) sw      gp, -764(t5)
core   0: 3 0x8000b300 (0xd03f2223) mem 0x8000c000 0x00000001
core   0: 0x8000b304 (0xff9ff06f) j       pc - 0x8
core   0: 3 0x8000b304 (0xff9ff06f)
core   0: 0x8000b2fc (0x00001f17) auipc   t5, 0x1
core   0: 3 0x8000b2fc (0x00001f17) x30 0x8000c2fc
core   0: 0x8000b300 (0xd03f2223) sw      gp, -764(t5)
core   0: 3 0x8000b300 (0xd03f2223) mem 0x8000c000 0x00000001
core   0: 0x8000b304 (0xff9ff06f) j       pc - 0x8
core   0: 3 0x8000b304 (0xff9ff06f)
core   0: 0x8000b2fc (0x00001f17) auipc   t5, 0x1
core   0: 3 0x8000b2fc (0x00001f17) x30 0x8000c2fc
core   0: 0x8000b300 (0xd03f2223) sw      gp, -764(t5)
core   0: 3 0x8000b300 (0xd03f2223) mem 0x8000c000 0x00000001
core   0: 0x8000b304 (0xff9ff06f) j       pc - 0x8
core   0: 3 0x8000b304 (0xff9ff06f)
core   0: 0x8000b2fc (0x00001f17) auipc   t5, 0x1
core   0: 3 0x8000b2fc (0x00001f17) x30 0x8000c2fc
core   0: 0x8000b300 (0xd03f2223) sw      gp, -764(t5)
core   0: 3 0x8000b300 (0xd03f2223) mem 0x8000c000 0x00000001
core   0: 0x8000b304 (0xff9ff06f) j       pc - 0x8
core   0: 3 0x8000b304 (0xff9ff06f)
core   0: 0x8000b2fc (0x00001f17) auipc   t5, 0x1
core   0: 3 0x8000b2fc (0x00001f17) x30 0x8000c2fc
core   0: 0x8000b300 (0xd03f2223) sw      gp, -764(t5)
core   0: 3 0x8000b300 (0xd03f2223) mem 0x8000c000 0x00000001
core   0: 0x8000b304 (0xff9ff06f) j       pc - 0x8
core   0: 3 0x8000b304 (0xff9ff06f)
core   0: 0x8000b2fc (0x00001f17) auipc   t5, 0x1
core   0: 3 0x8000b2fc (0x00001f17) x30 0x8000c2fc
core   0: 0x8000b300 (0xd03f2223) sw      gp, -764(t5)
core   0: 3 0x8000b300 (0xd03f2223) mem 0x8000c000 0x00000001
core   0: 0x8000b304 (0xff9ff06f) j       pc - 0x8
core   0: 3 0x8000b304 (0xff9ff06f)
core   0: 0x8000b2fc (0x00001f17) auipc   t5, 0x1
core   0: 3 0x8000b2fc (0x00001f17) x30 0x8000c2fc
core   0: 0x8000b300 (0xd03f2223) sw      gp, -764(t5)
core   0: 3 0x8000b300 (0xd03f2223) mem 0x8000c000 0x00000001
core   0: 0x8000b304 (0xff9ff06f) j       pc - 0x8
core   0: 3 0x8000b304 (0xff9ff06f)
core   0: 0x8000b2fc (0x00001f17) auipc   t5, 0x1
core   0: 3 0x8000b2fc (0x00001f17) x30 0x8000c2fc
core   0: 0x8000b300 (0xd03f2223) sw      gp, -764(t5)
core   0: 3 0x8000b300 (0xd03f2223) mem 0x8000c000 0x00000001
core   0: 0x8000b304 (0xff9ff06f) j       pc - 0x8
core   0: 3 0x8000b304 (0xff9ff06f)
core   0: 0x8000b2fc (0x00001f17) auipc   t5, 0x1
core   0: 3 0x8000b2fc (0x00001f17) x30 0x8000c2fc
core   0: 0x8000b300 (0xd03f2223) sw      gp, -764(t5)
core   0: 3 0x8000b300 (0xd03f2223) mem 0x8000c000 0x00000001
core   0: 0x8000b304 (0xff9ff06f) j       pc - 0x8
core   0: 3 0x8000b304 (0xff9ff06f)
core   0: 0x8000b2fc (0x00001f17) auipc   t5, 0x1
core   0: 3 0x8000b2fc (0x00001f17) x30 0x8000c2fc
core   0: 0x8000b300 (0xd03f2223) sw      gp, -764(t5)
core   0: 3 0x8000b300 (0xd03f2223) mem 0x8000c000 0x00000001
core   0: 0x8000b304 (0xff9ff06f) j       pc - 0x8
core   0: 3 0x8000b304 (0xff9ff06f)
core   0: 0x8000b2fc (0x00001f17) auipc   t5, 0x1
core   0: 3 0x8000b2fc (0x00001f17) x30 0x8000c2fc
core   0: 0x8000b300 (0xd03f2223) sw      gp, -764(t5)
core   0: 3 0x8000b300 (0xd03f2223) mem 0x8000c000 0x00000001
core   0: 0x8000b304 (0xff9ff06f) j       pc - 0x8
core   0: 3 0x8000b304 (0xff9ff06f)
core   0: 0x8000b2fc (0x00001f17) auipc   t5, 0x1
core   0: 3 0x8000b2fc (0x00001f17) x30 0x8000c2fc
core   0: 0x8000b300 (0xd03f2223) sw      gp, -764(t5)
core   0: 3 0x8000b300 (0xd03f2223) mem 0x8000c000 0x00000001
core   0: 0x8000b304 (0xff9ff06f) j       pc - 0x8
core   0: 3 0x8000b304 (0xff9ff06f)
core   0: 0x8000b2fc (0x00001f17) auipc   t5, 0x1
core   0: 3 0x8000b2fc (0x00001f17) x30 0x8000c2fc
core   0: 0x8000b300 (0xd03f2223) sw      gp, -764(t5)
core   0: 3 0x8000b300 (0xd03f2223) mem 0x8000c000 0x00000001
core   0: 0x8000b304 (0xff9ff06f) j       pc - 0x8
core   0: 3 0x8000b304 (0xff9ff06f)
core   0: 0x8000b2fc (0x00001f17) auipc   t5, 0x1
core   0: 3 0x8000b2fc (0x00001f17) x30 0x8000c2fc
core   0: 0x8000b300 (0xd03f2223) sw      gp, -764(t5)
core   0: 3 0x8000b300 (0xd03f2223) mem 0x8000c000 0x00000001
core   0: 0x8000b304 (0xff9ff06f) j       pc - 0x8
core   0: 3 0x8000b304 (0xff9ff06f)
core   0: 0x8000b2fc (0x00001f17) auipc   t5, 0x1
core   0: 3 0x8000b2fc (0x00001f17) x30 0x8000c2fc
core   0: 0x8000b300 (0xd03f2223) sw      gp, -764(t5)
core   0: 3 0x8000b300 (0xd03f2223) mem 0x8000c000 0x00000001
core   0: 0x8000b304 (0xff9ff06f) j       pc - 0x8
core   0: 3 0x8000b304 (0xff9ff06f)
core   0: 0x8000b2fc (0x00001f17) auipc   t5, 0x1
core   0: 3 0x8000b2fc (0x00001f17) x30 0x8000c2fc
core   0: 0x8000b300 (0xd03f2223) sw      gp, -764(t5)
core   0: 3 0x8000b300 (0xd03f2223) mem 0x8000c000 0x00000001
core   0: 0x8000b304 (0xff9ff06f) j       pc - 0x8
core   0: 3 0x8000b304 (0xff9ff06f)
core   0: 0x8000b2fc (0x00001f17) auipc   t5, 0x1
core   0: 3 0x8000b2fc (0x00001f17) x30 0x8000c2fc
core   0: 0x8000b300 (0xd03f2223) sw      gp, -764(t5)
core   0: 3 0x8000b300 (0xd03f2223) mem 0x8000c000 0x00000001
core   0: 0x8000b304 (0xff9ff06f) j       pc - 0x8
core   0: 3 0x8000b304 (0xff9ff06f)
core   0: 0x8000b2fc (0x00001f17) auipc   t5, 0x1
core   0: 3 0x8000b2fc (0x00001f17) x30 0x8000c2fc
core   0: 0x8000b300 (0xd03f2223) sw      gp, -764(t5)
core   0: 3 0x8000b300 (0xd03f2223) mem 0x8000c000 0x00000001
core   0: 0x8000b304 (0xff9ff06f) j       pc - 0x8
core   0: 3 0x8000b304 (0xff9ff06f)
core   0: 0x8000b2fc (0x00001f17) auipc   t5, 0x1
core   0: 3 0x8000b2fc (0x00001f17) x30 0x8000c2fc
core   0: 0x8000b300 (0xd03f2223) sw      gp, -764(t5)
core   0: 3 0x8000b300 (0xd03f2223) mem 0x8000c000 0x00000001
core   0: 0x8000b304 (0xff9ff06f) j       pc - 0x8
core   0: 3 0x8000b304 (0xff9ff06f)
core   0: 0x8000b2fc (0x00001f17) auipc   t5, 0x1
core   0: 3 0x8000b2fc (0x00001f17) x30 0x8000c2fc
core   0: 0x8000b300 (0xd03f2223) sw      gp, -764(t5)
core   0: 3 0x8000b300 (0xd03f2223) mem 0x8000c000 0x00000001
core   0: 0x8000b304 (0xff9ff06f) j       pc - 0x8
core   0: 3 0x8000b304 (0xff9ff06f)
core   0: 0x8000b2fc (0x00001f17) auipc   t5, 0x1
core   0: 3 0x8000b2fc (0x00001f17) x30 0x8000c2fc
core   0: 0x8000b300 (0xd03f2223) sw      gp, -764(t5)
core   0: 3 0x8000b300 (0xd03f2223) mem 0x8000c000 0x00000001
core   0: 0x8000b304 (0xff9ff06f) j       pc - 0x8
core   0: 3 0x8000b304 (0xff9ff06f)
core   0: 0x8000b2fc (0x00001f17) auipc   t5, 0x1
core   0: 3 0x8000b2fc (0x00001f17) x30 0x8000c2fc
core   0: 0x8000b300 (0xd03f2223) sw      gp, -764(t5)
core   0: 3 0x8000b300 (0xd03f2223) mem 0x8000c000 0x00000001
core   0: 0x8000b304 (0xff9ff06f) j       pc - 0x8
core   0: 3 0x8000b304 (0xff9ff06f)
core   0: 0x8000b2fc (0x00001f17) auipc   t5, 0x1
core   0: 3 0x8000b2fc (0x00001f17) x30 0x8000c2fc
core   0: 0x8000b300 (0xd03f2223) sw      gp, -764(t5)
core   0: 3 0x8000b300 (0xd03f2223) mem 0x8000c000 0x00000001
core   0: 0x8000b304 (0xff9ff06f) j       pc - 0x8
core   0: 3 0x8000b304 (0xff9ff06f)
core   0: 0x8000b2fc (0x00001f17) auipc   t5, 0x1
core   0: 3 0x8000b2fc (0x00001f17) x30 0x8000c2fc
core   0: 0x8000b300 (0xd03f2223) sw      gp, -764(t5)
core   0: 3 0x8000b300 (0xd03f2223) mem 0x8000c000 0x00000001
core   0: 0x8000b304 (0xff9ff06f) j       pc - 0x8
core   0: 3 0x8000b304 (0xff9ff06f)
core   0: 0x8000b2fc (0x00001f17) auipc   t5, 0x1
core   0: 3 0x8000b2fc (0x00001f17) x30 0x8000c2fc
core   0: 0x8000b300 (0xd03f2223) sw      gp, -764(t5)
core   0: 3 0x8000b300 (0xd03f2223) mem 0x8000c000 0x00000001
core   0: 0x8000b304 (0xff9ff06f) j       pc - 0x8
core   0: 3 0x8000b304 (0xff9ff06f)
core   0: 0x8000b2fc (0x00001f17) auipc   t5, 0x1
core   0: 3 0x8000b2fc (0x00001f17) x30 0x8000c2fc
core   0: 0x8000b300 (0xd03f2223) sw      gp, -764(t5)
core   0: 3 0x8000b300 (0xd03f2223) mem 0x8000c000 0x00000001
core   0: 0x8000b304 (0xff9ff06f) j       pc - 0x8
core   0: 3 0x8000b304 (0xff9ff06f)
core   0: 0x8000b2fc (0x00001f17) auipc   t5, 0x1
core   0: 3 0x8000b2fc (0x00001f17) x30 0x8000c2fc
core   0: 0x8000b300 (0xd03f2223) sw      gp, -764(t5)
core   0: 3 0x8000b300 (0xd03f2223) mem 0x8000c000 0x00000001
core   0: 0x8000b304 (0xff9ff06f) j       pc - 0x8
core   0: 3 0x8000b304 (0xff9ff06f)
core   0: 0x8000b2fc (0x00001f17) auipc   t5, 0x1
core   0: 3 0x8000b2fc (0x00001f17) x30 0x8000c2fc
core   0: 0x8000b300 (0xd03f2223) sw      gp, -764(t5)
core   0: 3 0x8000b300 (0xd03f2223) mem 0x8000c000 0x00000001
core   0: 0x8000b304 (0xff9ff06f) j       pc - 0x8
core   0: 3 0x8000b304 (0xff9ff06f)
core   0: 0x8000b2fc (0x00001f17) auipc   t5, 0x1
core   0: 3 0x8000b2fc (0x00001f17) x30 0x8000c2fc
core   0: 0x8000b300 (0xd03f2223) sw      gp, -764(t5)
core   0: 3 0x8000b300 (0xd03f2223) mem 0x8000c000 0x00000001
core   0: 0x8000b304 (0xff9ff06f) j       pc - 0x8
core   0: 3 0x8000b304 (0xff9ff06f)
core   0: 0x8000b2fc (0x00001f17) auipc   t5, 0x1
core   0: 3 0x8000b2fc (0x00001f17) x30 0x8000c2fc
core   0: 0x8000b300 (0xd03f2223) sw      gp, -764(t5)
core   0: 3 0x8000b300 (0xd03f2223) mem 0x8000c000 0x00000001
core   0: 0x8000b304 (0xff9ff06f) j       pc - 0x8
core   0: 3 0x8000b304 (0xff9ff06f)
core   0: 0x8000b2fc (0x00001f17) auipc   t5, 0x1
core   0: 3 0x8000b2fc (0x00001f17) x30 0x8000c2fc
core   0: 0x8000b300 (0xd03f2223) sw      gp, -764(t5)
core   0: 3 0x8000b300 (0xd03f2223) mem 0x8000c000 0x00000001
core   0: 0x8000b304 (0xff9ff06f) j       pc - 0x8
core   0: 3 0x8000b304 (0xff9ff06f)
core   0: 0x8000b2fc (0x00001f17) auipc   t5, 0x1
core   0: 3 0x8000b2fc (0x00001f17) x30 0x8000c2fc
core   0: 0x8000b300 (0xd03f2223) sw      gp, -764(t5)
core   0: 3 0x8000b300 (0xd03f2223) mem 0x8000c000 0x00000001
core   0: 0x8000b304 (0xff9ff06f) j       pc - 0x8
core   0: 3 0x8000b304 (0xff9ff06f)
core   0: 0x8000b2fc (0x00001f17) auipc   t5, 0x1
core   0: 3 0x8000b2fc (0x00001f17) x30 0x8000c2fc
core   0: 0x8000b300 (0xd03f2223) sw      gp, -764(t5)
core   0: 3 0x8000b300 (0xd03f2223) mem 0x8000c000 0x00000001
core   0: 0x8000b304 (0xff9ff06f) j       pc - 0x8
core   0: 3 0x8000b304 (0xff9ff06f)
core   0: 0x8000b2fc (0x00001f17) auipc   t5, 0x1
core   0: 3 0x8000b2fc (0x00001f17) x30 0x8000c2fc
core   0: 0x8000b300 (0xd03f2223) sw      gp, -764(t5)
core   0: 3 0x8000b300 (0xd03f2223) mem 0x8000c000 0x00000001
core   0: 0x8000b304 (0xff9ff06f) j       pc - 0x8
core   0: 3 0x8000b304 (0xff9ff06f)
core   0: 0x8000b2fc (0x00001f17) auipc   t5, 0x1
core   0: 3 0x8000b2fc (0x00001f17) x30 0x8000c2fc
core   0: 0x8000b300 (0xd03f2223) sw      gp, -764(t5)
core   0: 3 0x8000b300 (0xd03f2223) mem 0x8000c000 0x00000001
core   0: 0x8000b304 (0xff9ff06f) j       pc - 0x8
core   0: 3 0x8000b304 (0xff9ff06f)
core   0: 0x8000b2fc (0x00001f17) auipc   t5, 0x1
core   0: 3 0x8000b2fc (0x00001f17) x30 0x8000c2fc
core   0: 0x8000b300 (0xd03f2223) sw      gp, -764(t5)
core   0: 3 0x8000b300 (0xd03f2223) mem 0x8000c000 0x00000001
core   0: 0x8000b304 (0xff9ff06f) j       pc - 0x8
core   0: 3 0x8000b304 (0xff9ff06f)
core   0: 0x8000b2fc (0x00001f17) auipc   t5, 0x1
core   0: 3 0x8000b2fc (0x00001f17) x30 0x8000c2fc
core   0: 0x8000b300 (0xd03f2223) sw      gp, -764(t5)
core   0: 3 0x8000b300 (0xd03f2223) mem 0x8000c000 0x00000001
core   0: 0x8000b304 (0xff9ff06f) j       pc - 0x8
core   0: 3 0x8000b304 (0xff9ff06f)
core   0: 0x8000b2fc (0x00001f17) auipc   t5, 0x1
core   0: 3 0x8000b2fc (0x00001f17) x30 0x8000c2fc
core   0: 0x8000b300 (0xd03f2223) sw      gp, -764(t5)
core   0: 3 0x8000b300 (0xd03f2223) mem 0x8000c000 0x00000001
core   0: 0x8000b304 (0xff9ff06f) j       pc - 0x8
core   0: 3 0x8000b304 (0xff9ff06f)
core   0: 0x8000b2fc (0x00001f17) auipc   t5, 0x1
core   0: 3 0x8000b2fc (0x00001f17) x30 0x8000c2fc
core   0: 0x8000b300 (0xd03f2223) sw      gp, -764(t5)
core   0: 3 0x8000b300 (0xd03f2223) mem 0x8000c000 0x00000001
core   0: 0x8000b304 (0xff9ff06f) j       pc - 0x8
core   0: 3 0x8000b304 (0xff9ff06f)
core   0: 0x8000b2fc (0x00001f17) auipc   t5, 0x1
core   0: 3 0x8000b2fc (0x00001f17) x30 0x8000c2fc
core   0: 0x8000b300 (0xd03f2223) sw      gp, -764(t5)
core   0: 3 0x8000b300 (0xd03f2223) mem 0x8000c000 0x00000001
core   0: 0x8000b304 (0xff9ff06f) j       pc - 0x8
core   0: 3 0x8000b304 (0xff9ff06f)
core   0: 0x8000b2fc (0x00001f17) auipc   t5, 0x1
core   0: 3 0x8000b2fc (0x00001f17) x30 0x8000c2fc
core   0: 0x8000b300 (0xd03f2223) sw      gp, -764(t5)
core   0: 3 0x8000b300 (0xd03f2223) mem 0x8000c000 0x00000001
core   0: 0x8000b304 (0xff9ff06f) j       pc - 0x8
core   0: 3 0x8000b304 (0xff9ff06f)
core   0: 0x8000b2fc (0x00001f17) auipc   t5, 0x1
core   0: 3 0x8000b2fc (0x00001f17) x30 0x8000c2fc
core   0: 0x8000b300 (0xd03f2223) sw      gp, -764(t5)
core   0: 3 0x8000b300 (0xd03f2223) mem 0x8000c000 0x00000001
core   0: 0x8000b304 (0xff9ff06f) j       pc - 0x8
core   0: 3 0x8000b304 (0xff9ff06f)
core   0: 0x8000b2fc (0x00001f17) auipc   t5, 0x1
core   0: 3 0x8000b2fc (0x00001f17) x30 0x8000c2fc
core   0: 0x8000b300 (0xd03f2223) sw      gp, -764(t5)
core   0: 3 0x8000b300 (0xd03f2223) mem 0x8000c000 0x00000001
core   0: 0x8000b304 (0xff9ff06f) j       pc - 0x8
core   0: 3 0x8000b304 (0xff9ff06f)
core   0: 0x8000b2fc (0x00001f17) auipc   t5, 0x1
core   0: 3 0x8000b2fc (0x00001f17) x30 0x8000c2fc
core   0: 0x8000b300 (0xd03f2223) sw      gp, -764(t5)
core   0: 3 0x8000b300 (0xd03f2223) mem 0x8000c000 0x00000001
core   0: 0x8000b304 (0xff9ff06f) j       pc - 0x8
core   0: 3 0x8000b304 (0xff9ff06f)
core   0: 0x8000b2fc (0x00001f17) auipc   t5, 0x1
core   0: 3 0x8000b2fc (0x00001f17) x30 0x8000c2fc
core   0: 0x8000b300 (0xd03f2223) sw      gp, -764(t5)
core   0: 3 0x8000b300 (0xd03f2223) mem 0x8000c000 0x00000001
core   0: 0x8000b304 (0xff9ff06f) j       pc - 0x8
core   0: 3 0x8000b304 (0xff9ff06f)
core   0: 0x8000b2fc (0x00001f17) auipc   t5, 0x1
core   0: 3 0x8000b2fc (0x00001f17) x30 0x8000c2fc
core   0: 0x8000b300 (0xd03f2223) sw      gp, -764(t5)
core   0: 3 0x8000b300 (0xd03f2223) mem 0x8000c000 0x00000001
core   0: 0x8000b304 (0xff9ff06f) j       pc - 0x8
core   0: 3 0x8000b304 (0xff9ff06f)
core   0: 0x8000b2fc (0x00001f17) auipc   t5, 0x1
core   0: 3 0x8000b2fc (0x00001f17) x30 0x8000c2fc
core   0: 0x8000b300 (0xd03f2223) sw      gp, -764(t5)
core   0: 3 0x8000b300 (0xd03f2223) mem 0x8000c000 0x00000001
core   0: 0x8000b304 (0xff9ff06f) j       pc - 0x8
core   0: 3 0x8000b304 (0xff9ff06f)
core   0: 0x8000b2fc (0x00001f17) auipc   t5, 0x1
core   0: 3 0x8000b2fc (0x00001f17) x30 0x8000c2fc
core   0: 0x8000b300 (0xd03f2223) sw      gp, -764(t5)
core   0: 3 0x8000b300 (0xd03f2223) mem 0x8000c000 0x00000001
core   0: 0x8000b304 (0xff9ff06f) j       pc - 0x8
core   0: 3 0x8000b304 (0xff9ff06f)
core   0: 0x8000b2fc (0x00001f17) auipc   t5, 0x1
core   0: 3 0x8000b2fc (0x00001f17) x30 0x8000c2fc
core   0: 0x8000b300 (0xd03f2223) sw      gp, -764(t5)
core   0: 3 0x8000b300 (0xd03f2223) mem 0x8000c000 0x00000001
core   0: 0x8000b304 (0xff9ff06f) j       pc - 0x8
core   0: 3 0x8000b304 (0xff9ff06f)
core   0: 0x8000b2fc (0x00001f17) auipc   t5, 0x1
core   0: 3 0x8000b2fc (0x00001f17) x30 0x8000c2fc
core   0: 0x8000b300 (0xd03f2223) sw      gp, -764(t5)
core   0: 3 0x8000b300 (0xd03f2223) mem 0x8000c000 0x00000001
core   0: 0x8000b304 (0xff9ff06f) j       pc - 0x8
core   0: 3 0x8000b304 (0xff9ff06f)
core   0: 0x8000b2fc (0x00001f17) auipc   t5, 0x1
core   0: 3 0x8000b2fc (0x00001f17) x30 0x8000c2fc
core   0: 0x8000b300 (0xd03f2223) sw      gp, -764(t5)
core   0: 3 0x8000b300 (0xd03f2223) mem 0x8000c000 0x00000001
core   0: 0x8000b304 (0xff9ff06f) j       pc - 0x8
core   0: 3 0x8000b304 (0xff9ff06f)
core   0: 0x8000b2fc (0x00001f17) auipc   t5, 0x1
core   0: 3 0x8000b2fc (0x00001f17) x30 0x8000c2fc
core   0: 0x8000b300 (0xd03f2223) sw      gp, -764(t5)
core   0: 3 0x8000b300 (0xd03f2223) mem 0x8000c000 0x00000001
core   0: 0x8000b304 (0xff9ff06f) j       pc - 0x8
core   0: 3 0x8000b304 (0xff9ff06f)
core   0: 0x8000b2fc (0x00001f17) auipc   t5, 0x1
core   0: 3 0x8000b2fc (0x00001f17) x30 0x8000c2fc
core   0: 0x8000b300 (0xd03f2223) sw      gp, -764(t5)
core   0: 3 0x8000b300 (0xd03f2223) mem 0x8000c000 0x00000001
core   0: 0x8000b304 (0xff9ff06f) j       pc - 0x8
core   0: 3 0x8000b304 (0xff9ff06f)
core   0: 0x8000b2fc (0x00001f17) auipc   t5, 0x1
core   0: 3 0x8000b2fc (0x00001f17) x30 0x8000c2fc
core   0: 0x8000b300 (0xd03f2223) sw      gp, -764(t5)
core   0: 3 0x8000b300 (0xd03f2223) mem 0x8000c000 0x00000001
core   0: 0x8000b304 (0xff9ff06f) j       pc - 0x8
core   0: 3 0x8000b304 (0xff9ff06f)
core   0: 0x8000b2fc (0x00001f17) auipc   t5, 0x1
core   0: 3 0x8000b2fc (0x00001f17) x30 0x8000c2fc
core   0: 0x8000b300 (0xd03f2223) sw      gp, -764(t5)
core   0: 3 0x8000b300 (0xd03f2223) mem 0x8000c000 0x00000001
core   0: 0x8000b304 (0xff9ff06f) j       pc - 0x8
core   0: 3 0x8000b304 (0xff9ff06f)
core   0: 0x8000b2fc (0x00001f17) auipc   t5, 0x1
core   0: 3 0x8000b2fc (0x00001f17) x30 0x8000c2fc
core   0: 0x8000b300 (0xd03f2223) sw      gp, -764(t5)
core   0: 3 0x8000b300 (0xd03f2223) mem 0x8000c000 0x00000001
core   0: 0x8000b304 (0xff9ff06f) j       pc - 0x8
core   0: 3 0x8000b304 (0xff9ff06f)
core   0: 0x8000b2fc (0x00001f17) auipc   t5, 0x1
core   0: 3 0x8000b2fc (0x00001f17) x30 0x8000c2fc
core   0: 0x8000b300 (0xd03f2223) sw      gp, -764(t5)
core   0: 3 0x8000b300 (0xd03f2223) mem 0x8000c000 0x00000001
core   0: 0x8000b304 (0xff9ff06f) j       pc - 0x8
core   0: 3 0x8000b304 (0xff9ff06f)
core   0: 0x8000b2fc (0x00001f17) auipc   t5, 0x1
core   0: 3 0x8000b2fc (0x00001f17) x30 0x8000c2fc
core   0: 0x8000b300 (0xd03f2223) sw      gp, -764(t5)
core   0: 3 0x8000b300 (0xd03f2223) mem 0x8000c000 0x00000001
core   0: 0x8000b304 (0xff9ff06f) j       pc - 0x8
core   0: 3 0x8000b304 (0xff9ff06f)
core   0: 0x8000b2fc (0x00001f17) auipc   t5, 0x1
core   0: 3 0x8000b2fc (0x00001f17) x30 0x8000c2fc
core   0: 0x8000b300 (0xd03f2223) sw      gp, -764(t5)
core   0: 3 0x8000b300 (0xd03f2223) mem 0x8000c000 0x00000001
core   0: 0x8000b304 (0xff9ff06f) j       pc - 0x8
core   0: 3 0x8000b304 (0xff9ff06f)
core   0: 0x8000b2fc (0x00001f17) auipc   t5, 0x1
core   0: 3 0x8000b2fc (0x00001f17) x30 0x8000c2fc
core   0: 0x8000b300 (0xd03f2223) sw      gp, -764(t5)
core   0: 3 0x8000b300 (0xd03f2223) mem 0x8000c000 0x00000001
core   0: 0x8000b304 (0xff9ff06f) j       pc - 0x8
core   0: 3 0x8000b304 (0xff9ff06f)
core   0: 0x8000b2fc (0x00001f17) auipc   t5, 0x1
core   0: 3 0x8000b2fc (0x00001f17) x30 0x8000c2fc
core   0: 0x8000b300 (0xd03f2223) sw      gp, -764(t5)
core   0: 3 0x8000b300 (0xd03f2223) mem 0x8000c000 0x00000001
core   0: 0x8000b304 (0xff9ff06f) j       pc - 0x8
core   0: 3 0x8000b304 (0xff9ff06f)
core   0: 0x8000b2fc (0x00001f17) auipc   t5, 0x1
core   0: 3 0x8000b2fc (0x00001f17) x30 0x8000c2fc
core   0: 0x8000b300 (0xd03f2223) sw      gp, -764(t5)
core   0: 3 0x8000b300 (0xd03f2223) mem 0x8000c000 0x00000001
core   0: 0x8000b304 (0xff9ff06f) j       pc - 0x8
core   0: 3 0x8000b304 (0xff9ff06f)
core   0: 0x8000b2fc (0x00001f17) auipc   t5, 0x1
core   0: 3 0x8000b2fc (0x00001f17) x30 0x8000c2fc
core   0: 0x8000b300 (0xd03f2223) sw      gp, -764(t5)
core   0: 3 0x8000b300 (0xd03f2223) mem 0x8000c000 0x00000001
core   0: 0x8000b304 (0xff9ff06f) j       pc - 0x8
core   0: 3 0x8000b304 (0xff9ff06f)
core   0: 0x8000b2fc (0x00001f17) auipc   t5, 0x1
core   0: 3 0x8000b2fc (0x00001f17) x30 0x8000c2fc
core   0: 0x8000b300 (0xd03f2223) sw      gp, -764(t5)
core   0: 3 0x8000b300 (0xd03f2223) mem 0x8000c000 0x00000001
core   0: 0x8000b304 (0xff9ff06f) j       pc - 0x8
core   0: 3 0x8000b304 (0xff9ff06f)
core   0: 0x8000b2fc (0x00001f17) auipc   t5, 0x1
core   0: 3 0x8000b2fc (0x00001f17) x30 0x8000c2fc
core   0: 0x8000b300 (0xd03f2223) sw      gp, -764(t5)
core   0: 3 0x8000b300 (0xd03f2223) mem 0x8000c000 0x00000001
core   0: 0x8000b304 (0xff9ff06f) j       pc - 0x8
core   0: 3 0x8000b304 (0xff9ff06f)
core   0: 0x8000b2fc (0x00001f17) auipc   t5, 0x1
core   0: 3 0x8000b2fc (0x00001f17) x30 0x8000c2fc
core   0: 0x8000b300 (0xd03f2223) sw      gp, -764(t5)
core   0: 3 0x8000b300 (0xd03f2223) mem 0x8000c000 0x00000001
core   0: 0x8000b304 (0xff9ff06f) j       pc - 0x8
core   0: 3 0x8000b304 (0xff9ff06f)
core   0: 0x8000b2fc (0x00001f17) auipc   t5, 0x1
core   0: 3 0x8000b2fc (0x00001f17) x30 0x8000c2fc
core   0: 0x8000b300 (0xd03f2223) sw      gp, -764(t5)
core   0: 3 0x8000b300 (0xd03f2223) mem 0x8000c000 0x00000001
core   0: 0x8000b304 (0xff9ff06f) j       pc - 0x8
core   0: 3 0x8000b304 (0xff9ff06f)
core   0: 0x8000b2fc (0x00001f17) auipc   t5, 0x1
core   0: 3 0x8000b2fc (0x00001f17) x30 0x8000c2fc
core   0: 0x8000b300 (0xd03f2223) sw      gp, -764(t5)
core   0: 3 0x8000b300 (0xd03f2223) mem 0x8000c000 0x00000001
core   0: 0x8000b304 (0xff9ff06f) j       pc - 0x8
core   0: 3 0x8000b304 (0xff9ff06f)
core   0: 0x8000b2fc (0x00001f17) auipc   t5, 0x1
core   0: 3 0x8000b2fc (0x00001f17) x30 0x8000c2fc
core   0: 0x8000b300 (0xd03f2223) sw      gp, -764(t5)
core   0: 3 0x8000b300 (0xd03f2223) mem 0x8000c000 0x00000001
core   0: 0x8000b304 (0xff9ff06f) j       pc - 0x8
core   0: 3 0x8000b304 (0xff9ff06f)
core   0: 0x8000b2fc (0x00001f17) auipc   t5, 0x1
core   0: 3 0x8000b2fc (0x00001f17) x30 0x8000c2fc
core   0: 0x8000b300 (0xd03f2223) sw      gp, -764(t5)
core   0: 3 0x8000b300 (0xd03f2223) mem 0x8000c000 0x00000001
core   0: 0x8000b304 (0xff9ff06f) j       pc - 0x8
core   0: 3 0x8000b304 (0xff9ff06f)
core   0: 0x8000b2fc (0x00001f17) auipc   t5, 0x1
core   0: 3 0x8000b2fc (0x00001f17) x30 0x8000c2fc
core   0: 0x8000b300 (0xd03f2223) sw      gp, -764(t5)
core   0: 3 0x8000b300 (0xd03f2223) mem 0x8000c000 0x00000001
core   0: 0x8000b304 (0xff9ff06f) j       pc - 0x8
core   0: 3 0x8000b304 (0xff9ff06f)
core   0: 0x8000b2fc (0x00001f17) auipc   t5, 0x1
core   0: 3 0x8000b2fc (0x00001f17) x30 0x8000c2fc
core   0: 0x8000b300 (0xd03f2223) sw      gp, -764(t5)
core   0: 3 0x8000b300 (0xd03f2223) mem 0x8000c000 0x00000001
core   0: 0x8000b304 (0xff9ff06f) j       pc - 0x8
core   0: 3 0x8000b304 (0xff9ff06f)
core   0: 0x8000b2fc (0x00001f17) auipc   t5, 0x1
core   0: 3 0x8000b2fc (0x00001f17) x30 0x8000c2fc
core   0: 0x8000b300 (0xd03f2223) sw      gp, -764(t5)
core   0: 3 0x8000b300 (0xd03f2223) mem 0x8000c000 0x00000001
core   0: 0x8000b304 (0xff9ff06f) j       pc - 0x8
core   0: 3 0x8000b304 (0xff9ff06f)
core   0: 0x8000b2fc (0x00001f17) auipc   t5, 0x1
core   0: 3 0x8000b2fc (0x00001f17) x30 0x8000c2fc
core   0: 0x8000b300 (0xd03f2223) sw      gp, -764(t5)
core   0: 3 0x8000b300 (0xd03f2223) mem 0x8000c000 0x00000001
core   0: 0x8000b304 (0xff9ff06f) j       pc - 0x8
core   0: 3 0x8000b304 (0xff9ff06f)
core   0: 0x8000b2fc (0x00001f17) auipc   t5, 0x1
core   0: 3 0x8000b2fc (0x00001f17) x30 0x8000c2fc
core   0: 0x8000b300 (0xd03f2223) sw      gp, -764(t5)
core   0: 3 0x8000b300 (0xd03f2223) mem 0x8000c000 0x00000001
core   0: 0x8000b304 (0xff9ff06f) j       pc - 0x8
core   0: 3 0x8000b304 (0xff9ff06f)
core   0: 0x8000b2fc (0x00001f17) auipc   t5, 0x1
core   0: 3 0x8000b2fc (0x00001f17) x30 0x8000c2fc
core   0: 0x8000b300 (0xd03f2223) sw      gp, -764(t5)
core   0: 3 0x8000b300 (0xd03f2223) mem 0x8000c000 0x00000001
core   0: 0x8000b304 (0xff9ff06f) j       pc - 0x8
core   0: 3 0x8000b304 (0xff9ff06f)
core   0: 0x8000b2fc (0x00001f17) auipc   t5, 0x1
core   0: 3 0x8000b2fc (0x00001f17) x30 0x8000c2fc
core   0: 0x8000b300 (0xd03f2223) sw      gp, -764(t5)
core   0: 3 0x8000b300 (0xd03f2223) mem 0x8000c000 0x00000001
core   0: 0x8000b304 (0xff9ff06f) j       pc - 0x8
core   0: 3 0x8000b304 (0xff9ff06f)
core   0: 0x8000b2fc (0x00001f17) auipc   t5, 0x1
core   0: 3 0x8000b2fc (0x00001f17) x30 0x8000c2fc
core   0: 0x8000b300 (0xd03f2223) sw      gp, -764(t5)
core   0: 3 0x8000b300 (0xd03f2223) mem 0x8000c000 0x00000001
core   0: 0x8000b304 (0xff9ff06f) j       pc - 0x8
core   0: 3 0x8000b304 (0xff9ff06f)
core   0: 0x8000b2fc (0x00001f17) auipc   t5, 0x1
core   0: 3 0x8000b2fc (0x00001f17) x30 0x8000c2fc
core   0: 0x8000b300 (0xd03f2223) sw      gp, -764(t5)
core   0: 3 0x8000b300 (0xd03f2223) mem 0x8000c000 0x00000001
core   0: 0x8000b304 (0xff9ff06f) j       pc - 0x8
core   0: 3 0x8000b304 (0xff9ff06f)
core   0: 0x8000b2fc (0x00001f17) auipc   t5, 0x1
core   0: 3 0x8000b2fc (0x00001f17) x30 0x8000c2fc
core   0: 0x8000b300 (0xd03f2223) sw      gp, -764(t5)
core   0: 3 0x8000b300 (0xd03f2223) mem 0x8000c000 0x00000001
core   0: 0x8000b304 (0xff9ff06f) j       pc - 0x8
core   0: 3 0x8000b304 (0xff9ff06f)
core   0: 0x8000b2fc (0x00001f17) auipc   t5, 0x1
core   0: 3 0x8000b2fc (0x00001f17) x30 0x8000c2fc
core   0: 0x8000b300 (0xd03f2223) sw      gp, -764(t5)
core   0: 3 0x8000b300 (0xd03f2223) mem 0x8000c000 0x00000001
core   0: 0x8000b304 (0xff9ff06f) j       pc - 0x8
core   0: 3 0x8000b304 (0xff9ff06f)
core   0: 0x8000b2fc (0x00001f17) auipc   t5, 0x1
core   0: 3 0x8000b2fc (0x00001f17) x30 0x8000c2fc
core   0: 0x8000b300 (0xd03f2223) sw      gp, -764(t5)
core   0: 3 0x8000b300 (0xd03f2223) mem 0x8000c000 0x00000001
core   0: 0x8000b304 (0xff9ff06f) j       pc - 0x8
core   0: 3 0x8000b304 (0xff9ff06f)
core   0: 0x8000b2fc (0x00001f17) auipc   t5, 0x1
core   0: 3 0x8000b2fc (0x00001f17) x30 0x8000c2fc
core   0: 0x8000b300 (0xd03f2223) sw      gp, -764(t5)
core   0: 3 0x8000b300 (0xd03f2223) mem 0x8000c000 0x00000001
core   0: 0x8000b304 (0xff9ff06f) j       pc - 0x8
core   0: 3 0x8000b304 (0xff9ff06f)
core   0: 0x8000b2fc (0x00001f17) auipc   t5, 0x1
core   0: 3 0x8000b2fc (0x00001f17) x30 0x8000c2fc
core   0: 0x8000b300 (0xd03f2223) sw      gp, -764(t5)
core   0: 3 0x8000b300 (0xd03f2223) mem 0x8000c000 0x00000001
core   0: 0x8000b304 (0xff9ff06f) j       pc - 0x8
core   0: 3 0x8000b304 (0xff9ff06f)
core   0: 0x8000b2fc (0x00001f17) auipc   t5, 0x1
core   0: 3 0x8000b2fc (0x00001f17) x30 0x8000c2fc
core   0: 0x8000b300 (0xd03f2223) sw      gp, -764(t5)
core   0: 3 0x8000b300 (0xd03f2223) mem 0x8000c000 0x00000001
core   0: 0x8000b304 (0xff9ff06f) j       pc - 0x8
core   0: 3 0x8000b304 (0xff9ff06f)
core   0: 0x8000b2fc (0x00001f17) auipc   t5, 0x1
core   0: 3 0x8000b2fc (0x00001f17) x30 0x8000c2fc
core   0: 0x8000b300 (0xd03f2223) sw      gp, -764(t5)
core   0: 3 0x8000b300 (0xd03f2223) mem 0x8000c000 0x00000001
core   0: 0x8000b304 (0xff9ff06f) j       pc - 0x8
core   0: 3 0x8000b304 (0xff9ff06f)
core   0: 0x8000b2fc (0x00001f17) auipc   t5, 0x1
core   0: 3 0x8000b2fc (0x00001f17) x30 0x8000c2fc
core   0: 0x8000b300 (0xd03f2223) sw      gp, -764(t5)
core   0: 3 0x8000b300 (0xd03f2223) mem 0x8000c000 0x00000001
core   0: 0x8000b304 (0xff9ff06f) j       pc - 0x8
core   0: 3 0x8000b304 (0xff9ff06f)
core   0: 0x8000b2fc (0x00001f17) auipc   t5, 0x1
core   0: 3 0x8000b2fc (0x00001f17) x30 0x8000c2fc
core   0: 0x8000b300 (0xd03f2223) sw      gp, -764(t5)
core   0: 3 0x8000b300 (0xd03f2223) mem 0x8000c000 0x00000001
core   0: 0x8000b304 (0xff9ff06f) j       pc - 0x8
core   0: 3 0x8000b304 (0xff9ff06f)
core   0: 0x8000b2fc (0x00001f17) auipc   t5, 0x1
core   0: 3 0x8000b2fc (0x00001f17) x30 0x8000c2fc
core   0: 0x8000b300 (0xd03f2223) sw      gp, -764(t5)
core   0: 3 0x8000b300 (0xd03f2223) mem 0x8000c000 0x00000001
core   0: 0x8000b304 (0xff9ff06f) j       pc - 0x8
core   0: 3 0x8000b304 (0xff9ff06f)
core   0: 0x8000b2fc (0x00001f17) auipc   t5, 0x1
core   0: 3 0x8000b2fc (0x00001f17) x30 0x8000c2fc
core   0: 0x8000b300 (0xd03f2223) sw      gp, -764(t5)
core   0: 3 0x8000b300 (0xd03f2223) mem 0x8000c000 0x00000001
core   0: 0x8000b304 (0xff9ff06f) j       pc - 0x8
core   0: 3 0x8000b304 (0xff9ff06f)
core   0: 0x8000b2fc (0x00001f17) auipc   t5, 0x1
core   0: 3 0x8000b2fc (0x00001f17) x30 0x8000c2fc
core   0: 0x8000b300 (0xd03f2223) sw      gp, -764(t5)
core   0: 3 0x8000b300 (0xd03f2223) mem 0x8000c000 0x00000001
core   0: 0x8000b304 (0xff9ff06f) j       pc - 0x8
core   0: 3 0x8000b304 (0xff9ff06f)
core   0: 0x8000b2fc (0x00001f17) auipc   t5, 0x1
core   0: 3 0x8000b2fc (0x00001f17) x30 0x8000c2fc
core   0: 0x8000b300 (0xd03f2223) sw      gp, -764(t5)
core   0: 3 0x8000b300 (0xd03f2223) mem 0x8000c000 0x00000001
core   0: 0x8000b304 (0xff9ff06f) j       pc - 0x8
core   0: 3 0x8000b304 (0xff9ff06f)
core   0: 0x8000b2fc (0x00001f17) auipc   t5, 0x1
core   0: 3 0x8000b2fc (0x00001f17) x30 0x8000c2fc
core   0: 0x8000b300 (0xd03f2223) sw      gp, -764(t5)
core   0: 3 0x8000b300 (0xd03f2223) mem 0x8000c000 0x00000001
core   0: 0x8000b304 (0xff9ff06f) j       pc - 0x8
core   0: 3 0x8000b304 (0xff9ff06f)
core   0: 0x8000b2fc (0x00001f17) auipc   t5, 0x1
core   0: 3 0x8000b2fc (0x00001f17) x30 0x8000c2fc
core   0: 0x8000b300 (0xd03f2223) sw      gp, -764(t5)
core   0: 3 0x8000b300 (0xd03f2223) mem 0x8000c000 0x00000001
core   0: 0x8000b304 (0xff9ff06f) j       pc - 0x8
core   0: 3 0x8000b304 (0xff9ff06f)
core   0: 0x8000b2fc (0x00001f17) auipc   t5, 0x1
core   0: 3 0x8000b2fc (0x00001f17) x30 0x8000c2fc
core   0: 0x8000b300 (0xd03f2223) sw      gp, -764(t5)
core   0: 3 0x8000b300 (0xd03f2223) mem 0x8000c000 0x00000001
core   0: 0x8000b304 (0xff9ff06f) j       pc - 0x8
core   0: 3 0x8000b304 (0xff9ff06f)
core   0: 0x8000b2fc (0x00001f17) auipc   t5, 0x1
core   0: 3 0x8000b2fc (0x00001f17) x30 0x8000c2fc
core   0: 0x8000b300 (0xd03f2223) sw      gp, -764(t5)
core   0: 3 0x8000b300 (0xd03f2223) mem 0x8000c000 0x00000001
core   0: 0x8000b304 (0xff9ff06f) j       pc - 0x8
core   0: 3 0x8000b304 (0xff9ff06f)
core   0: 0x8000b2fc (0x00001f17) auipc   t5, 0x1
core   0: 3 0x8000b2fc (0x00001f17) x30 0x8000c2fc
core   0: 0x8000b300 (0xd03f2223) sw      gp, -764(t5)
core   0: 3 0x8000b300 (0xd03f2223) mem 0x8000c000 0x00000001
core   0: 0x8000b304 (0xff9ff06f) j       pc - 0x8
core   0: 3 0x8000b304 (0xff9ff06f)
core   0: 0x8000b2fc (0x00001f17) auipc   t5, 0x1
core   0: 3 0x8000b2fc (0x00001f17) x30 0x8000c2fc
core   0: 0x8000b300 (0xd03f2223) sw      gp, -764(t5)
core   0: 3 0x8000b300 (0xd03f2223) mem 0x8000c000 0x00000001
core   0: 0x8000b304 (0xff9ff06f) j       pc - 0x8
core   0: 3 0x8000b304 (0xff9ff06f)
core   0: 0x8000b2fc (0x00001f17) auipc   t5, 0x1
core   0: 3 0x8000b2fc (0x00001f17) x30 0x8000c2fc
core   0: 0x8000b300 (0xd03f2223) sw      gp, -764(t5)
core   0: 3 0x8000b300 (0xd03f2223) mem 0x8000c000 0x00000001
core   0: 0x8000b304 (0xff9ff06f) j       pc - 0x8
core   0: 3 0x8000b304 (0xff9ff06f)
core   0: 0x8000b2fc (0x00001f17) auipc   t5, 0x1
core   0: 3 0x8000b2fc (0x00001f17) x30 0x8000c2fc
core   0: 0x8000b300 (0xd03f2223) sw      gp, -764(t5)
core   0: 3 0x8000b300 (0xd03f2223) mem 0x8000c000 0x00000001
core   0: 0x8000b304 (0xff9ff06f) j       pc - 0x8
core   0: 3 0x8000b304 (0xff9ff06f)
core   0: 0x8000b2fc (0x00001f17) auipc   t5, 0x1
core   0: 3 0x8000b2fc (0x00001f17) x30 0x8000c2fc
core   0: 0x8000b300 (0xd03f2223) sw      gp, -764(t5)
core   0: 3 0x8000b300 (0xd03f2223) mem 0x8000c000 0x00000001
core   0: 0x8000b304 (0xff9ff06f) j       pc - 0x8
core   0: 3 0x8000b304 (0xff9ff06f)
core   0: 0x8000b2fc (0x00001f17) auipc   t5, 0x1
core   0: 3 0x8000b2fc (0x00001f17) x30 0x8000c2fc
core   0: 0x8000b300 (0xd03f2223) sw      gp, -764(t5)
core   0: 3 0x8000b300 (0xd03f2223) mem 0x8000c000 0x00000001
core   0: 0x8000b304 (0xff9ff06f) j       pc - 0x8
core   0: 3 0x8000b304 (0xff9ff06f)
core   0: 0x8000b2fc (0x00001f17) auipc   t5, 0x1
core   0: 3 0x8000b2fc (0x00001f17) x30 0x8000c2fc
core   0: 0x8000b300 (0xd03f2223) sw      gp, -764(t5)
core   0: 3 0x8000b300 (0xd03f2223) mem 0x8000c000 0x00000001
core   0: 0x8000b304 (0xff9ff06f) j       pc - 0x8
core   0: 3 0x8000b304 (0xff9ff06f)
core   0: 0x8000b2fc (0x00001f17) auipc   t5, 0x1
core   0: 3 0x8000b2fc (0x00001f17) x30 0x8000c2fc
core   0: 0x8000b300 (0xd03f2223) sw      gp, -764(t5)
core   0: 3 0x8000b300 (0xd03f2223) mem 0x8000c000 0x00000001
core   0: 0x8000b304 (0xff9ff06f) j       pc - 0x8
core   0: 3 0x8000b304 (0xff9ff06f)
core   0: 0x8000b2fc (0x00001f17) auipc   t5, 0x1
core   0: 3 0x8000b2fc (0x00001f17) x30 0x8000c2fc
core   0: 0x8000b300 (0xd03f2223) sw      gp, -764(t5)
core   0: 3 0x8000b300 (0xd03f2223) mem 0x8000c000 0x00000001
core   0: 0x8000b304 (0xff9ff06f) j       pc - 0x8
core   0: 3 0x8000b304 (0xff9ff06f)
core   0: 0x8000b2fc (0x00001f17) auipc   t5, 0x1
core   0: 3 0x8000b2fc (0x00001f17) x30 0x8000c2fc
core   0: 0x8000b300 (0xd03f2223) sw      gp, -764(t5)
core   0: 3 0x8000b300 (0xd03f2223) mem 0x8000c000 0x00000001
core   0: 0x8000b304 (0xff9ff06f) j       pc - 0x8
core   0: 3 0x8000b304 (0xff9ff06f)
core   0: 0x8000b2fc (0x00001f17) auipc   t5, 0x1
core   0: 3 0x8000b2fc (0x00001f17) x30 0x8000c2fc
core   0: 0x8000b300 (0xd03f2223) sw      gp, -764(t5)
core   0: 3 0x8000b300 (0xd03f2223) mem 0x8000c000 0x00000001
core   0: 0x8000b304 (0xff9ff06f) j       pc - 0x8
core   0: 3 0x8000b304 (0xff9ff06f)
core   0: 0x8000b2fc (0x00001f17) auipc   t5, 0x1
core   0: 3 0x8000b2fc (0x00001f17) x30 0x8000c2fc
core   0: 0x8000b300 (0xd03f2223) sw      gp, -764(t5)
core   0: 3 0x8000b300 (0xd03f2223) mem 0x8000c000 0x00000001
core   0: 0x8000b304 (0xff9ff06f) j       pc - 0x8
core   0: 3 0x8000b304 (0xff9ff06f)
core   0: 0x8000b2fc (0x00001f17) auipc   t5, 0x1
core   0: 3 0x8000b2fc (0x00001f17) x30 0x8000c2fc
core   0: 0x8000b300 (0xd03f2223) sw      gp, -764(t5)
core   0: 3 0x8000b300 (0xd03f2223) mem 0x8000c000 0x00000001
core   0: 0x8000b304 (0xff9ff06f) j       pc - 0x8
core   0: 3 0x8000b304 (0xff9ff06f)
core   0: 0x8000b2fc (0x00001f17) auipc   t5, 0x1
core   0: 3 0x8000b2fc (0x00001f17) x30 0x8000c2fc
core   0: 0x8000b300 (0xd03f2223) sw      gp, -764(t5)
core   0: 3 0x8000b300 (0xd03f2223) mem 0x8000c000 0x00000001
core   0: 0x8000b304 (0xff9ff06f) j       pc - 0x8
core   0: 3 0x8000b304 (0xff9ff06f)
core   0: 0x8000b2fc (0x00001f17) auipc   t5, 0x1
core   0: 3 0x8000b2fc (0x00001f17) x30 0x8000c2fc
core   0: 0x8000b300 (0xd03f2223) sw      gp, -764(t5)
core   0: 3 0x8000b300 (0xd03f2223) mem 0x8000c000 0x00000001
core   0: 0x8000b304 (0xff9ff06f) j       pc - 0x8
core   0: 3 0x8000b304 (0xff9ff06f)
core   0: 0x8000b2fc (0x00001f17) auipc   t5, 0x1
core   0: 3 0x8000b2fc (0x00001f17) x30 0x8000c2fc
core   0: 0x8000b300 (0xd03f2223) sw      gp, -764(t5)
core   0: 3 0x8000b300 (0xd03f2223) mem 0x8000c000 0x00000001
core   0: 0x8000b304 (0xff9ff06f) j       pc - 0x8
core   0: 3 0x8000b304 (0xff9ff06f)
core   0: 0x8000b2fc (0x00001f17) auipc   t5, 0x1
core   0: 3 0x8000b2fc (0x00001f17) x30 0x8000c2fc
core   0: 0x8000b300 (0xd03f2223) sw      gp, -764(t5)
core   0: 3 0x8000b300 (0xd03f2223) mem 0x8000c000 0x00000001
core   0: 0x8000b304 (0xff9ff06f) j       pc - 0x8
core   0: 3 0x8000b304 (0xff9ff06f)
core   0: 0x8000b2fc (0x00001f17) auipc   t5, 0x1
core   0: 3 0x8000b2fc (0x00001f17) x30 0x8000c2fc
core   0: 0x8000b300 (0xd03f2223) sw      gp, -764(t5)
core   0: 3 0x8000b300 (0xd03f2223) mem 0x8000c000 0x00000001
core   0: 0x8000b304 (0xff9ff06f) j       pc - 0x8
core   0: 3 0x8000b304 (0xff9ff06f)
core   0: 0x8000b2fc (0x00001f17) auipc   t5, 0x1
core   0: 3 0x8000b2fc (0x00001f17) x30 0x8000c2fc
core   0: 0x8000b300 (0xd03f2223) sw      gp, -764(t5)
core   0: 3 0x8000b300 (0xd03f2223) mem 0x8000c000 0x00000001
core   0: 0x8000b304 (0xff9ff06f) j       pc - 0x8
core   0: 3 0x8000b304 (0xff9ff06f)
core   0: 0x8000b2fc (0x00001f17) auipc   t5, 0x1
core   0: 3 0x8000b2fc (0x00001f17) x30 0x8000c2fc
core   0: 0x8000b300 (0xd03f2223) sw      gp, -764(t5)
core   0: 3 0x8000b300 (0xd03f2223) mem 0x8000c000 0x00000001
core   0: 0x8000b304 (0xff9ff06f) j       pc - 0x8
core   0: 3 0x8000b304 (0xff9ff06f)
core   0: 0x8000b2fc (0x00001f17) auipc   t5, 0x1
core   0: 3 0x8000b2fc (0x00001f17) x30 0x8000c2fc
core   0: 0x8000b300 (0xd03f2223) sw      gp, -764(t5)
core   0: 3 0x8000b300 (0xd03f2223) mem 0x8000c000 0x00000001
core   0: 0x8000b304 (0xff9ff06f) j       pc - 0x8
core   0: 3 0x8000b304 (0xff9ff06f)
core   0: 0x8000b2fc (0x00001f17) auipc   t5, 0x1
core   0: 3 0x8000b2fc (0x00001f17) x30 0x8000c2fc
core   0: 0x8000b300 (0xd03f2223) sw      gp, -764(t5)
core   0: 3 0x8000b300 (0xd03f2223) mem 0x8000c000 0x00000001
core   0: 0x8000b304 (0xff9ff06f) j       pc - 0x8
core   0: 3 0x8000b304 (0xff9ff06f)
core   0: 0x8000b2fc (0x00001f17) auipc   t5, 0x1
core   0: 3 0x8000b2fc (0x00001f17) x30 0x8000c2fc
core   0: 0x8000b300 (0xd03f2223) sw      gp, -764(t5)
core   0: 3 0x8000b300 (0xd03f2223) mem 0x8000c000 0x00000001
core   0: 0x8000b304 (0xff9ff06f) j       pc - 0x8
core   0: 3 0x8000b304 (0xff9ff06f)
core   0: 0x8000b2fc (0x00001f17) auipc   t5, 0x1
core   0: 3 0x8000b2fc (0x00001f17) x30 0x8000c2fc
core   0: 0x8000b300 (0xd03f2223) sw      gp, -764(t5)
core   0: 3 0x8000b300 (0xd03f2223) mem 0x8000c000 0x00000001
core   0: 0x8000b304 (0xff9ff06f) j       pc - 0x8
core   0: 3 0x8000b304 (0xff9ff06f)
core   0: 0x8000b2fc (0x00001f17) auipc   t5, 0x1
core   0: 3 0x8000b2fc (0x00001f17) x30 0x8000c2fc
core   0: 0x8000b300 (0xd03f2223) sw      gp, -764(t5)
core   0: 3 0x8000b300 (0xd03f2223) mem 0x8000c000 0x00000001
core   0: 0x8000b304 (0xff9ff06f) j       pc - 0x8
core   0: 3 0x8000b304 (0xff9ff06f)
core   0: 0x8000b2fc (0x00001f17) auipc   t5, 0x1
core   0: 3 0x8000b2fc (0x00001f17) x30 0x8000c2fc
core   0: 0x8000b300 (0xd03f2223) sw      gp, -764(t5)
core   0: 3 0x8000b300 (0xd03f2223) mem 0x8000c000 0x00000001
core   0: 0x8000b304 (0xff9ff06f) j       pc - 0x8
core   0: 3 0x8000b304 (0xff9ff06f)
core   0: 0x8000b2fc (0x00001f17) auipc   t5, 0x1
core   0: 3 0x8000b2fc (0x00001f17) x30 0x8000c2fc
core   0: 0x8000b300 (0xd03f2223) sw      gp, -764(t5)
core   0: 3 0x8000b300 (0xd03f2223) mem 0x8000c000 0x00000001
core   0: 0x8000b304 (0xff9ff06f) j       pc - 0x8
core   0: 3 0x8000b304 (0xff9ff06f)
core   0: 0x8000b2fc (0x00001f17) auipc   t5, 0x1
core   0: 3 0x8000b2fc (0x00001f17) x30 0x8000c2fc
core   0: 0x8000b300 (0xd03f2223) sw      gp, -764(t5)
core   0: 3 0x8000b300 (0xd03f2223) mem 0x8000c000 0x00000001
core   0: 0x8000b304 (0xff9ff06f) j       pc - 0x8
core   0: 3 0x8000b304 (0xff9ff06f)
core   0: 0x8000b2fc (0x00001f17) auipc   t5, 0x1
core   0: 3 0x8000b2fc (0x00001f17) x30 0x8000c2fc
core   0: 0x8000b300 (0xd03f2223) sw      gp, -764(t5)
core   0: 3 0x8000b300 (0xd03f2223) mem 0x8000c000 0x00000001
core   0: 0x8000b304 (0xff9ff06f) j       pc - 0x8
core   0: 3 0x8000b304 (0xff9ff06f)
core   0: 0x8000b2fc (0x00001f17) auipc   t5, 0x1
core   0: 3 0x8000b2fc (0x00001f17) x30 0x8000c2fc
core   0: 0x8000b300 (0xd03f2223) sw      gp, -764(t5)
core   0: 3 0x8000b300 (0xd03f2223) mem 0x8000c000 0x00000001
core   0: 0x8000b304 (0xff9ff06f) j       pc - 0x8
core   0: 3 0x8000b304 (0xff9ff06f)
core   0: 0x8000b2fc (0x00001f17) auipc   t5, 0x1
core   0: 3 0x8000b2fc (0x00001f17) x30 0x8000c2fc
core   0: 0x8000b300 (0xd03f2223) sw      gp, -764(t5)
core   0: 3 0x8000b300 (0xd03f2223) mem 0x8000c000 0x00000001
core   0: 0x8000b304 (0xff9ff06f) j       pc - 0x8
core   0: 3 0x8000b304 (0xff9ff06f)
core   0: 0x8000b2fc (0x00001f17) auipc   t5, 0x1
core   0: 3 0x8000b2fc (0x00001f17) x30 0x8000c2fc
core   0: 0x8000b300 (0xd03f2223) sw      gp, -764(t5)
core   0: 3 0x8000b300 (0xd03f2223) mem 0x8000c000 0x00000001
core   0: 0x8000b304 (0xff9ff06f) j       pc - 0x8
core   0: 3 0x8000b304 (0xff9ff06f)
core   0: 0x8000b2fc (0x00001f17) auipc   t5, 0x1
core   0: 3 0x8000b2fc (0x00001f17) x30 0x8000c2fc
core   0: 0x8000b300 (0xd03f2223) sw      gp, -764(t5)
core   0: 3 0x8000b300 (0xd03f2223) mem 0x8000c000 0x00000001
core   0: 0x8000b304 (0xff9ff06f) j       pc - 0x8
core   0: 3 0x8000b304 (0xff9ff06f)
core   0: 0x8000b2fc (0x00001f17) auipc   t5, 0x1
core   0: 3 0x8000b2fc (0x00001f17) x30 0x8000c2fc
core   0: 0x8000b300 (0xd03f2223) sw      gp, -764(t5)
core   0: 3 0x8000b300 (0xd03f2223) mem 0x8000c000 0x00000001
core   0: 0x8000b304 (0xff9ff06f) j       pc - 0x8
core   0: 3 0x8000b304 (0xff9ff06f)
core   0: 0x8000b2fc (0x00001f17) auipc   t5, 0x1
core   0: 3 0x8000b2fc (0x00001f17) x30 0x8000c2fc
core   0: 0x8000b300 (0xd03f2223) sw      gp, -764(t5)
core   0: 3 0x8000b300 (0xd03f2223) mem 0x8000c000 0x00000001
core   0: 0x8000b304 (0xff9ff06f) j       pc - 0x8
core   0: 3 0x8000b304 (0xff9ff06f)
core   0: 0x8000b2fc (0x00001f17) auipc   t5, 0x1
core   0: 3 0x8000b2fc (0x00001f17) x30 0x8000c2fc
core   0: 0x8000b300 (0xd03f2223) sw      gp, -764(t5)
core   0: 3 0x8000b300 (0xd03f2223) mem 0x8000c000 0x00000001
core   0: 0x8000b304 (0xff9ff06f) j       pc - 0x8
core   0: 3 0x8000b304 (0xff9ff06f)
core   0: 0x8000b2fc (0x00001f17) auipc   t5, 0x1
core   0: 3 0x8000b2fc (0x00001f17) x30 0x8000c2fc
core   0: 0x8000b300 (0xd03f2223) sw      gp, -764(t5)
core   0: 3 0x8000b300 (0xd03f2223) mem 0x8000c000 0x00000001
core   0: 0x8000b304 (0xff9ff06f) j       pc - 0x8
core   0: 3 0x8000b304 (0xff9ff06f)
core   0: 0x8000b2fc (0x00001f17) auipc   t5, 0x1
core   0: 3 0x8000b2fc (0x00001f17) x30 0x8000c2fc
core   0: 0x8000b300 (0xd03f2223) sw      gp, -764(t5)
core   0: 3 0x8000b300 (0xd03f2223) mem 0x8000c000 0x00000001
core   0: 0x8000b304 (0xff9ff06f) j       pc - 0x8
core   0: 3 0x8000b304 (0xff9ff06f)
core   0: 0x8000b2fc (0x00001f17) auipc   t5, 0x1
core   0: 3 0x8000b2fc (0x00001f17) x30 0x8000c2fc
core   0: 0x8000b300 (0xd03f2223) sw      gp, -764(t5)
core   0: 3 0x8000b300 (0xd03f2223) mem 0x8000c000 0x00000001
core   0: 0x8000b304 (0xff9ff06f) j       pc - 0x8
core   0: 3 0x8000b304 (0xff9ff06f)
core   0: 0x8000b2fc (0x00001f17) auipc   t5, 0x1
core   0: 3 0x8000b2fc (0x00001f17) x30 0x8000c2fc
core   0: 0x8000b300 (0xd03f2223) sw      gp, -764(t5)
core   0: 3 0x8000b300 (0xd03f2223) mem 0x8000c000 0x00000001
core   0: 0x8000b304 (0xff9ff06f) j       pc - 0x8
core   0: 3 0x8000b304 (0xff9ff06f)
core   0: 0x8000b2fc (0x00001f17) auipc   t5, 0x1
core   0: 3 0x8000b2fc (0x00001f17) x30 0x8000c2fc
core   0: 0x8000b300 (0xd03f2223) sw      gp, -764(t5)
core   0: 3 0x8000b300 (0xd03f2223) mem 0x8000c000 0x00000001
core   0: 0x8000b304 (0xff9ff06f) j       pc - 0x8
core   0: 3 0x8000b304 (0xff9ff06f)
core   0: 0x8000b2fc (0x00001f17) auipc   t5, 0x1
core   0: 3 0x8000b2fc (0x00001f17) x30 0x8000c2fc
core   0: 0x8000b300 (0xd03f2223) sw      gp, -764(t5)
core   0: 3 0x8000b300 (0xd03f2223) mem 0x8000c000 0x00000001
core   0: 0x8000b304 (0xff9ff06f) j       pc - 0x8
core   0: 3 0x8000b304 (0xff9ff06f)
core   0: 0x8000b2fc (0x00001f17) auipc   t5, 0x1
core   0: 3 0x8000b2fc (0x00001f17) x30 0x8000c2fc
core   0: 0x8000b300 (0xd03f2223) sw      gp, -764(t5)
core   0: 3 0x8000b300 (0xd03f2223) mem 0x8000c000 0x00000001
core   0: 0x8000b304 (0xff9ff06f) j       pc - 0x8
core   0: 3 0x8000b304 (0xff9ff06f)
core   0: 0x8000b2fc (0x00001f17) auipc   t5, 0x1
core   0: 3 0x8000b2fc (0x00001f17) x30 0x8000c2fc
core   0: 0x8000b300 (0xd03f2223) sw      gp, -764(t5)
core   0: 3 0x8000b300 (0xd03f2223) mem 0x8000c000 0x00000001
core   0: 0x8000b304 (0xff9ff06f) j       pc - 0x8
core   0: 3 0x8000b304 (0xff9ff06f)
core   0: 0x8000b2fc (0x00001f17) auipc   t5, 0x1
core   0: 3 0x8000b2fc (0x00001f17) x30 0x8000c2fc
core   0: 0x8000b300 (0xd03f2223) sw      gp, -764(t5)
core   0: 3 0x8000b300 (0xd03f2223) mem 0x8000c000 0x00000001
core   0: 0x8000b304 (0xff9ff06f) j       pc - 0x8
core   0: 3 0x8000b304 (0xff9ff06f)
core   0: 0x8000b2fc (0x00001f17) auipc   t5, 0x1
core   0: 3 0x8000b2fc (0x00001f17) x30 0x8000c2fc
core   0: 0x8000b300 (0xd03f2223) sw      gp, -764(t5)
core   0: 3 0x8000b300 (0xd03f2223) mem 0x8000c000 0x00000001
core   0: 0x8000b304 (0xff9ff06f) j       pc - 0x8
core   0: 3 0x8000b304 (0xff9ff06f)
core   0: 0x8000b2fc (0x00001f17) auipc   t5, 0x1
core   0: 3 0x8000b2fc (0x00001f17) x30 0x8000c2fc
core   0: 0x8000b300 (0xd03f2223) sw      gp, -764(t5)
core   0: 3 0x8000b300 (0xd03f2223) mem 0x8000c000 0x00000001
core   0: 0x8000b304 (0xff9ff06f) j       pc - 0x8
core   0: 3 0x8000b304 (0xff9ff06f)
core   0: 0x8000b2fc (0x00001f17) auipc   t5, 0x1
core   0: 3 0x8000b2fc (0x00001f17) x30 0x8000c2fc
core   0: 0x8000b300 (0xd03f2223) sw      gp, -764(t5)
core   0: 3 0x8000b300 (0xd03f2223) mem 0x8000c000 0x00000001
core   0: 0x8000b304 (0xff9ff06f) j       pc - 0x8
core   0: 3 0x8000b304 (0xff9ff06f)
core   0: 0x8000b2fc (0x00001f17) auipc   t5, 0x1
core   0: 3 0x8000b2fc (0x00001f17) x30 0x8000c2fc
core   0: 0x8000b300 (0xd03f2223) sw      gp, -764(t5)
core   0: 3 0x8000b300 (0xd03f2223) mem 0x8000c000 0x00000001
core   0: 0x8000b304 (0xff9ff06f) j       pc - 0x8
core   0: 3 0x8000b304 (0xff9ff06f)
core   0: 0x8000b2fc (0x00001f17) auipc   t5, 0x1
core   0: 3 0x8000b2fc (0x00001f17) x30 0x8000c2fc
core   0: 0x8000b300 (0xd03f2223) sw      gp, -764(t5)
core   0: 3 0x8000b300 (0xd03f2223) mem 0x8000c000 0x00000001
core   0: 0x8000b304 (0xff9ff06f) j       pc - 0x8
core   0: 3 0x8000b304 (0xff9ff06f)
core   0: 0x8000b2fc (0x00001f17) auipc   t5, 0x1
core   0: 3 0x8000b2fc (0x00001f17) x30 0x8000c2fc
core   0: 0x8000b300 (0xd03f2223) sw      gp, -764(t5)
core   0: 3 0x8000b300 (0xd03f2223) mem 0x8000c000 0x00000001
core   0: 0x8000b304 (0xff9ff06f) j       pc - 0x8
core   0: 3 0x8000b304 (0xff9ff06f)
core   0: 0x8000b2fc (0x00001f17) auipc   t5, 0x1
core   0: 3 0x8000b2fc (0x00001f17) x30 0x8000c2fc
core   0: 0x8000b300 (0xd03f2223) sw      gp, -764(t5)
core   0: 3 0x8000b300 (0xd03f2223) mem 0x8000c000 0x00000001
core   0: 0x8000b304 (0xff9ff06f) j       pc - 0x8
core   0: 3 0x8000b304 (0xff9ff06f)
core   0: 0x8000b2fc (0x00001f17) auipc   t5, 0x1
core   0: 3 0x8000b2fc (0x00001f17) x30 0x8000c2fc
core   0: 0x8000b300 (0xd03f2223) sw      gp, -764(t5)
core   0: 3 0x8000b300 (0xd03f2223) mem 0x8000c000 0x00000001
core   0: 0x8000b304 (0xff9ff06f) j       pc - 0x8
core   0: 3 0x8000b304 (0xff9ff06f)
core   0: 0x8000b2fc (0x00001f17) auipc   t5, 0x1
core   0: 3 0x8000b2fc (0x00001f17) x30 0x8000c2fc
core   0: 0x8000b300 (0xd03f2223) sw      gp, -764(t5)
core   0: 3 0x8000b300 (0xd03f2223) mem 0x8000c000 0x00000001
core   0: 0x8000b304 (0xff9ff06f) j       pc - 0x8
core   0: 3 0x8000b304 (0xff9ff06f)
core   0: 0x8000b2fc (0x00001f17) auipc   t5, 0x1
core   0: 3 0x8000b2fc (0x00001f17) x30 0x8000c2fc
core   0: 0x8000b300 (0xd03f2223) sw      gp, -764(t5)
core   0: 3 0x8000b300 (0xd03f2223) mem 0x8000c000 0x00000001
core   0: 0x8000b304 (0xff9ff06f) j       pc - 0x8
core   0: 3 0x8000b304 (0xff9ff06f)
core   0: 0x8000b2fc (0x00001f17) auipc   t5, 0x1
core   0: 3 0x8000b2fc (0x00001f17) x30 0x8000c2fc
core   0: 0x8000b300 (0xd03f2223) sw      gp, -764(t5)
core   0: 3 0x8000b300 (0xd03f2223) mem 0x8000c000 0x00000001
core   0: 0x8000b304 (0xff9ff06f) j       pc - 0x8
core   0: 3 0x8000b304 (0xff9ff06f)
core   0: 0x8000b2fc (0x00001f17) auipc   t5, 0x1
core   0: 3 0x8000b2fc (0x00001f17) x30 0x8000c2fc
core   0: 0x8000b300 (0xd03f2223) sw      gp, -764(t5)
core   0: 3 0x8000b300 (0xd03f2223) mem 0x8000c000 0x00000001
core   0: 0x8000b304 (0xff9ff06f) j       pc - 0x8
core   0: 3 0x8000b304 (0xff9ff06f)
core   0: 0x8000b2fc (0x00001f17) auipc   t5, 0x1
core   0: 3 0x8000b2fc (0x00001f17) x30 0x8000c2fc
core   0: 0x8000b300 (0xd03f2223) sw      gp, -764(t5)
core   0: 3 0x8000b300 (0xd03f2223) mem 0x8000c000 0x00000001
core   0: 0x8000b304 (0xff9ff06f) j       pc - 0x8
core   0: 3 0x8000b304 (0xff9ff06f)
core   0: 0x8000b2fc (0x00001f17) auipc   t5, 0x1
core   0: 3 0x8000b2fc (0x00001f17) x30 0x8000c2fc
core   0: 0x8000b300 (0xd03f2223) sw      gp, -764(t5)
core   0: 3 0x8000b300 (0xd03f2223) mem 0x8000c000 0x00000001
core   0: 0x8000b304 (0xff9ff06f) j       pc - 0x8
core   0: 3 0x8000b304 (0xff9ff06f)
core   0: 0x8000b2fc (0x00001f17) auipc   t5, 0x1
core   0: 3 0x8000b2fc (0x00001f17) x30 0x8000c2fc
core   0: 0x8000b300 (0xd03f2223) sw      gp, -764(t5)
core   0: 3 0x8000b300 (0xd03f2223) mem 0x8000c000 0x00000001
core   0: 0x8000b304 (0xff9ff06f) j       pc - 0x8
core   0: 3 0x8000b304 (0xff9ff06f)
core   0: 0x8000b2fc (0x00001f17) auipc   t5, 0x1
core   0: 3 0x8000b2fc (0x00001f17) x30 0x8000c2fc
core   0: 0x8000b300 (0xd03f2223) sw      gp, -764(t5)
core   0: 3 0x8000b300 (0xd03f2223) mem 0x8000c000 0x00000001
core   0: 0x8000b304 (0xff9ff06f) j       pc - 0x8
core   0: 3 0x8000b304 (0xff9ff06f)
core   0: 0x8000b2fc (0x00001f17) auipc   t5, 0x1
core   0: 3 0x8000b2fc (0x00001f17) x30 0x8000c2fc
core   0: 0x8000b300 (0xd03f2223) sw      gp, -764(t5)
core   0: 3 0x8000b300 (0xd03f2223) mem 0x8000c000 0x00000001
core   0: 0x8000b304 (0xff9ff06f) j       pc - 0x8
core   0: 3 0x8000b304 (0xff9ff06f)
core   0: 0x8000b2fc (0x00001f17) auipc   t5, 0x1
core   0: 3 0x8000b2fc (0x00001f17) x30 0x8000c2fc
core   0: 0x8000b300 (0xd03f2223) sw      gp, -764(t5)
core   0: 3 0x8000b300 (0xd03f2223) mem 0x8000c000 0x00000001
core   0: 0x8000b304 (0xff9ff06f) j       pc - 0x8
core   0: 3 0x8000b304 (0xff9ff06f)
core   0: 0x8000b2fc (0x00001f17) auipc   t5, 0x1
core   0: 3 0x8000b2fc (0x00001f17) x30 0x8000c2fc
core   0: 0x8000b300 (0xd03f2223) sw      gp, -764(t5)
core   0: 3 0x8000b300 (0xd03f2223) mem 0x8000c000 0x00000001
core   0: 0x8000b304 (0xff9ff06f) j       pc - 0x8
core   0: 3 0x8000b304 (0xff9ff06f)
core   0: 0x8000b2fc (0x00001f17) auipc   t5, 0x1
core   0: 3 0x8000b2fc (0x00001f17) x30 0x8000c2fc
core   0: 0x8000b300 (0xd03f2223) sw      gp, -764(t5)
core   0: 3 0x8000b300 (0xd03f2223) mem 0x8000c000 0x00000001
core   0: 0x8000b304 (0xff9ff06f) j       pc - 0x8
core   0: 3 0x8000b304 (0xff9ff06f)
core   0: 0x8000b2fc (0x00001f17) auipc   t5, 0x1
core   0: 3 0x8000b2fc (0x00001f17) x30 0x8000c2fc
core   0: 0x8000b300 (0xd03f2223) sw      gp, -764(t5)
core   0: 3 0x8000b300 (0xd03f2223) mem 0x8000c000 0x00000001
core   0: 0x8000b304 (0xff9ff06f) j       pc - 0x8
core   0: 3 0x8000b304 (0xff9ff06f)
core   0: 0x8000b2fc (0x00001f17) auipc   t5, 0x1
core   0: 3 0x8000b2fc (0x00001f17) x30 0x8000c2fc
core   0: 0x8000b300 (0xd03f2223) sw      gp, -764(t5)
core   0: 3 0x8000b300 (0xd03f2223) mem 0x8000c000 0x00000001
core   0: 0x8000b304 (0xff9ff06f) j       pc - 0x8
core   0: 3 0x8000b304 (0xff9ff06f)
core   0: 0x8000b2fc (0x00001f17) auipc   t5, 0x1
core   0: 3 0x8000b2fc (0x00001f17) x30 0x8000c2fc
core   0: 0x8000b300 (0xd03f2223) sw      gp, -764(t5)
core   0: 3 0x8000b300 (0xd03f2223) mem 0x8000c000 0x00000001
core   0: 0x8000b304 (0xff9ff06f) j       pc - 0x8
core   0: 3 0x8000b304 (0xff9ff06f)
core   0: 0x8000b2fc (0x00001f17) auipc   t5, 0x1
core   0: 3 0x8000b2fc (0x00001f17) x30 0x8000c2fc
core   0: 0x8000b300 (0xd03f2223) sw      gp, -764(t5)
core   0: 3 0x8000b300 (0xd03f2223) mem 0x8000c000 0x00000001
core   0: 0x8000b304 (0xff9ff06f) j       pc - 0x8
core   0: 3 0x8000b304 (0xff9ff06f)
core   0: 0x8000b2fc (0x00001f17) auipc   t5, 0x1
core   0: 3 0x8000b2fc (0x00001f17) x30 0x8000c2fc
core   0: 0x8000b300 (0xd03f2223) sw      gp, -764(t5)
core   0: 3 0x8000b300 (0xd03f2223) mem 0x8000c000 0x00000001
core   0: 0x8000b304 (0xff9ff06f) j       pc - 0x8
core   0: 3 0x8000b304 (0xff9ff06f)
core   0: 0x8000b2fc (0x00001f17) auipc   t5, 0x1
core   0: 3 0x8000b2fc (0x00001f17) x30 0x8000c2fc
core   0: 0x8000b300 (0xd03f2223) sw      gp, -764(t5)
core   0: 3 0x8000b300 (0xd03f2223) mem 0x8000c000 0x00000001
core   0: 0x8000b304 (0xff9ff06f) j       pc - 0x8
core   0: 3 0x8000b304 (0xff9ff06f)
core   0: 0x8000b2fc (0x00001f17) auipc   t5, 0x1
core   0: 3 0x8000b2fc (0x00001f17) x30 0x8000c2fc
core   0: 0x8000b300 (0xd03f2223) sw      gp, -764(t5)
core   0: 3 0x8000b300 (0xd03f2223) mem 0x8000c000 0x00000001
core   0: 0x8000b304 (0xff9ff06f) j       pc - 0x8
core   0: 3 0x8000b304 (0xff9ff06f)
core   0: 0x8000b2fc (0x00001f17) auipc   t5, 0x1
core   0: 3 0x8000b2fc (0x00001f17) x30 0x8000c2fc
core   0: 0x8000b300 (0xd03f2223) sw      gp, -764(t5)
core   0: 3 0x8000b300 (0xd03f2223) mem 0x8000c000 0x00000001
core   0: 0x8000b304 (0xff9ff06f) j       pc - 0x8
core   0: 3 0x8000b304 (0xff9ff06f)
core   0: 0x8000b2fc (0x00001f17) auipc   t5, 0x1
core   0: 3 0x8000b2fc (0x00001f17) x30 0x8000c2fc
core   0: 0x8000b300 (0xd03f2223) sw      gp, -764(t5)
core   0: 3 0x8000b300 (0xd03f2223) mem 0x8000c000 0x00000001
core   0: 0x8000b304 (0xff9ff06f) j       pc - 0x8
core   0: 3 0x8000b304 (0xff9ff06f)
core   0: 0x8000b2fc (0x00001f17) auipc   t5, 0x1
core   0: 3 0x8000b2fc (0x00001f17) x30 0x8000c2fc
core   0: 0x8000b300 (0xd03f2223) sw      gp, -764(t5)
core   0: 3 0x8000b300 (0xd03f2223) mem 0x8000c000 0x00000001
core   0: 0x8000b304 (0xff9ff06f) j       pc - 0x8
core   0: 3 0x8000b304 (0xff9ff06f)
core   0: 0x8000b2fc (0x00001f17) auipc   t5, 0x1
core   0: 3 0x8000b2fc (0x00001f17) x30 0x8000c2fc
core   0: 0x8000b300 (0xd03f2223) sw      gp, -764(t5)
core   0: 3 0x8000b300 (0xd03f2223) mem 0x8000c000 0x00000001
core   0: 0x8000b304 (0xff9ff06f) j       pc - 0x8
core   0: 3 0x8000b304 (0xff9ff06f)
core   0: 0x8000b2fc (0x00001f17) auipc   t5, 0x1
core   0: 3 0x8000b2fc (0x00001f17) x30 0x8000c2fc
core   0: 0x8000b300 (0xd03f2223) sw      gp, -764(t5)
core   0: 3 0x8000b300 (0xd03f2223) mem 0x8000c000 0x00000001
core   0: 0x8000b304 (0xff9ff06f) j       pc - 0x8
core   0: 3 0x8000b304 (0xff9ff06f)
core   0: 0x8000b2fc (0x00001f17) auipc   t5, 0x1
core   0: 3 0x8000b2fc (0x00001f17) x30 0x8000c2fc
core   0: 0x8000b300 (0xd03f2223) sw      gp, -764(t5)
core   0: 3 0x8000b300 (0xd03f2223) mem 0x8000c000 0x00000001
core   0: 0x8000b304 (0xff9ff06f) j       pc - 0x8
core   0: 3 0x8000b304 (0xff9ff06f)
core   0: 0x8000b2fc (0x00001f17) auipc   t5, 0x1
core   0: 3 0x8000b2fc (0x00001f17) x30 0x8000c2fc
core   0: 0x8000b300 (0xd03f2223) sw      gp, -764(t5)
core   0: 3 0x8000b300 (0xd03f2223) mem 0x8000c000 0x00000001
core   0: 0x8000b304 (0xff9ff06f) j       pc - 0x8
core   0: 3 0x8000b304 (0xff9ff06f)
core   0: 0x8000b2fc (0x00001f17) auipc   t5, 0x1
core   0: 3 0x8000b2fc (0x00001f17) x30 0x8000c2fc
core   0: 0x8000b300 (0xd03f2223) sw      gp, -764(t5)
core   0: 3 0x8000b300 (0xd03f2223) mem 0x8000c000 0x00000001
core   0: 0x8000b304 (0xff9ff06f) j       pc - 0x8
core   0: 3 0x8000b304 (0xff9ff06f)
core   0: 0x8000b2fc (0x00001f17) auipc   t5, 0x1
core   0: 3 0x8000b2fc (0x00001f17) x30 0x8000c2fc
core   0: 0x8000b300 (0xd03f2223) sw      gp, -764(t5)
core   0: 3 0x8000b300 (0xd03f2223) mem 0x8000c000 0x00000001
core   0: 0x8000b304 (0xff9ff06f) j       pc - 0x8
core   0: 3 0x8000b304 (0xff9ff06f)
core   0: 0x8000b2fc (0x00001f17) auipc   t5, 0x1
core   0: 3 0x8000b2fc (0x00001f17) x30 0x8000c2fc
core   0: 0x8000b300 (0xd03f2223) sw      gp, -764(t5)
core   0: 3 0x8000b300 (0xd03f2223) mem 0x8000c000 0x00000001
core   0: 0x8000b304 (0xff9ff06f) j       pc - 0x8
core   0: 3 0x8000b304 (0xff9ff06f)
core   0: 0x8000b2fc (0x00001f17) auipc   t5, 0x1
core   0: 3 0x8000b2fc (0x00001f17) x30 0x8000c2fc
core   0: 0x8000b300 (0xd03f2223) sw      gp, -764(t5)
core   0: 3 0x8000b300 (0xd03f2223) mem 0x8000c000 0x00000001
core   0: 0x8000b304 (0xff9ff06f) j       pc - 0x8
core   0: 3 0x8000b304 (0xff9ff06f)
core   0: 0x8000b2fc (0x00001f17) auipc   t5, 0x1
core   0: 3 0x8000b2fc (0x00001f17) x30 0x8000c2fc
core   0: 0x8000b300 (0xd03f2223) sw      gp, -764(t5)
core   0: 3 0x8000b300 (0xd03f2223) mem 0x8000c000 0x00000001
core   0: 0x8000b304 (0xff9ff06f) j       pc - 0x8
core   0: 3 0x8000b304 (0xff9ff06f)
core   0: 0x8000b2fc (0x00001f17) auipc   t5, 0x1
core   0: 3 0x8000b2fc (0x00001f17) x30 0x8000c2fc
core   0: 0x8000b300 (0xd03f2223) sw      gp, -764(t5)
core   0: 3 0x8000b300 (0xd03f2223) mem 0x8000c000 0x00000001
core   0: 0x8000b304 (0xff9ff06f) j       pc - 0x8
core   0: 3 0x8000b304 (0xff9ff06f)
core   0: 0x8000b2fc (0x00001f17) auipc   t5, 0x1
core   0: 3 0x8000b2fc (0x00001f17) x30 0x8000c2fc
core   0: 0x8000b300 (0xd03f2223) sw      gp, -764(t5)
core   0: 3 0x8000b300 (0xd03f2223) mem 0x8000c000 0x00000001
core   0: 0x8000b304 (0xff9ff06f) j       pc - 0x8
core   0: 3 0x8000b304 (0xff9ff06f)
core   0: 0x8000b2fc (0x00001f17) auipc   t5, 0x1
core   0: 3 0x8000b2fc (0x00001f17) x30 0x8000c2fc
core   0: 0x8000b300 (0xd03f2223) sw      gp, -764(t5)
core   0: 3 0x8000b300 (0xd03f2223) mem 0x8000c000 0x00000001
core   0: 0x8000b304 (0xff9ff06f) j       pc - 0x8
core   0: 3 0x8000b304 (0xff9ff06f)
core   0: 0x8000b2fc (0x00001f17) auipc   t5, 0x1
core   0: 3 0x8000b2fc (0x00001f17) x30 0x8000c2fc
core   0: 0x8000b300 (0xd03f2223) sw      gp, -764(t5)
core   0: 3 0x8000b300 (0xd03f2223) mem 0x8000c000 0x00000001
core   0: 0x8000b304 (0xff9ff06f) j       pc - 0x8
core   0: 3 0x8000b304 (0xff9ff06f)
core   0: 0x8000b2fc (0x00001f17) auipc   t5, 0x1
core   0: 3 0x8000b2fc (0x00001f17) x30 0x8000c2fc
core   0: 0x8000b300 (0xd03f2223) sw      gp, -764(t5)
core   0: 3 0x8000b300 (0xd03f2223) mem 0x8000c000 0x00000001
core   0: 0x8000b304 (0xff9ff06f) j       pc - 0x8
core   0: 3 0x8000b304 (0xff9ff06f)
core   0: 0x8000b2fc (0x00001f17) auipc   t5, 0x1
core   0: 3 0x8000b2fc (0x00001f17) x30 0x8000c2fc
core   0: 0x8000b300 (0xd03f2223) sw      gp, -764(t5)
core   0: 3 0x8000b300 (0xd03f2223) mem 0x8000c000 0x00000001
core   0: 0x8000b304 (0xff9ff06f) j       pc - 0x8
core   0: 3 0x8000b304 (0xff9ff06f)
core   0: 0x8000b2fc (0x00001f17) auipc   t5, 0x1
core   0: 3 0x8000b2fc (0x00001f17) x30 0x8000c2fc
core   0: 0x8000b300 (0xd03f2223) sw      gp, -764(t5)
core   0: 3 0x8000b300 (0xd03f2223) mem 0x8000c000 0x00000001
core   0: 0x8000b304 (0xff9ff06f) j       pc - 0x8
core   0: 3 0x8000b304 (0xff9ff06f)
core   0: 0x8000b2fc (0x00001f17) auipc   t5, 0x1
core   0: 3 0x8000b2fc (0x00001f17) x30 0x8000c2fc
core   0: 0x8000b300 (0xd03f2223) sw      gp, -764(t5)
core   0: 3 0x8000b300 (0xd03f2223) mem 0x8000c000 0x00000001
core   0: 0x8000b304 (0xff9ff06f) j       pc - 0x8
core   0: 3 0x8000b304 (0xff9ff06f)
core   0: 0x8000b2fc (0x00001f17) auipc   t5, 0x1
core   0: 3 0x8000b2fc (0x00001f17) x30 0x8000c2fc
core   0: 0x8000b300 (0xd03f2223) sw      gp, -764(t5)
core   0: 3 0x8000b300 (0xd03f2223) mem 0x8000c000 0x00000001
core   0: 0x8000b304 (0xff9ff06f) j       pc - 0x8
core   0: 3 0x8000b304 (0xff9ff06f)
core   0: 0x8000b2fc (0x00001f17) auipc   t5, 0x1
core   0: 3 0x8000b2fc (0x00001f17) x30 0x8000c2fc
core   0: 0x8000b300 (0xd03f2223) sw      gp, -764(t5)
core   0: 3 0x8000b300 (0xd03f2223) mem 0x8000c000 0x00000001
core   0: 0x8000b304 (0xff9ff06f) j       pc - 0x8
core   0: 3 0x8000b304 (0xff9ff06f)
core   0: 0x8000b2fc (0x00001f17) auipc   t5, 0x1
core   0: 3 0x8000b2fc (0x00001f17) x30 0x8000c2fc
core   0: 0x8000b300 (0xd03f2223) sw      gp, -764(t5)
core   0: 3 0x8000b300 (0xd03f2223) mem 0x8000c000 0x00000001
core   0: 0x8000b304 (0xff9ff06f) j       pc - 0x8
core   0: 3 0x8000b304 (0xff9ff06f)
core   0: 0x8000b2fc (0x00001f17) auipc   t5, 0x1
core   0: 3 0x8000b2fc (0x00001f17) x30 0x8000c2fc
core   0: 0x8000b300 (0xd03f2223) sw      gp, -764(t5)
core   0: 3 0x8000b300 (0xd03f2223) mem 0x8000c000 0x00000001
core   0: 0x8000b304 (0xff9ff06f) j       pc - 0x8
core   0: 3 0x8000b304 (0xff9ff06f)
core   0: 0x8000b2fc (0x00001f17) auipc   t5, 0x1
core   0: 3 0x8000b2fc (0x00001f17) x30 0x8000c2fc
core   0: 0x8000b300 (0xd03f2223) sw      gp, -764(t5)
core   0: 3 0x8000b300 (0xd03f2223) mem 0x8000c000 0x00000001
core   0: 0x8000b304 (0xff9ff06f) j       pc - 0x8
core   0: 3 0x8000b304 (0xff9ff06f)
core   0: 0x8000b2fc (0x00001f17) auipc   t5, 0x1
core   0: 3 0x8000b2fc (0x00001f17) x30 0x8000c2fc
core   0: 0x8000b300 (0xd03f2223) sw      gp, -764(t5)
core   0: 3 0x8000b300 (0xd03f2223) mem 0x8000c000 0x00000001
core   0: 0x8000b304 (0xff9ff06f) j       pc - 0x8
core   0: 3 0x8000b304 (0xff9ff06f)
core   0: 0x8000b2fc (0x00001f17) auipc   t5, 0x1
core   0: 3 0x8000b2fc (0x00001f17) x30 0x8000c2fc
core   0: 0x8000b300 (0xd03f2223) sw      gp, -764(t5)
core   0: 3 0x8000b300 (0xd03f2223) mem 0x8000c000 0x00000001
core   0: 0x8000b304 (0xff9ff06f) j       pc - 0x8
core   0: 3 0x8000b304 (0xff9ff06f)
core   0: 0x8000b2fc (0x00001f17) auipc   t5, 0x1
core   0: 3 0x8000b2fc (0x00001f17) x30 0x8000c2fc
core   0: 0x8000b300 (0xd03f2223) sw      gp, -764(t5)
core   0: 3 0x8000b300 (0xd03f2223) mem 0x8000c000 0x00000001
core   0: 0x8000b304 (0xff9ff06f) j       pc - 0x8
core   0: 3 0x8000b304 (0xff9ff06f)
core   0: 0x8000b2fc (0x00001f17) auipc   t5, 0x1
core   0: 3 0x8000b2fc (0x00001f17) x30 0x8000c2fc
core   0: 0x8000b300 (0xd03f2223) sw      gp, -764(t5)
core   0: 3 0x8000b300 (0xd03f2223) mem 0x8000c000 0x00000001
core   0: 0x8000b304 (0xff9ff06f) j       pc - 0x8
core   0: 3 0x8000b304 (0xff9ff06f)
core   0: 0x8000b2fc (0x00001f17) auipc   t5, 0x1
core   0: 3 0x8000b2fc (0x00001f17) x30 0x8000c2fc
core   0: 0x8000b300 (0xd03f2223) sw      gp, -764(t5)
core   0: 3 0x8000b300 (0xd03f2223) mem 0x8000c000 0x00000001
core   0: 0x8000b304 (0xff9ff06f) j       pc - 0x8
core   0: 3 0x8000b304 (0xff9ff06f)
core   0: 0x8000b2fc (0x00001f17) auipc   t5, 0x1
core   0: 3 0x8000b2fc (0x00001f17) x30 0x8000c2fc
core   0: 0x8000b300 (0xd03f2223) sw      gp, -764(t5)
core   0: 3 0x8000b300 (0xd03f2223) mem 0x8000c000 0x00000001
core   0: 0x8000b304 (0xff9ff06f) j       pc - 0x8
core   0: 3 0x8000b304 (0xff9ff06f)
core   0: 0x8000b2fc (0x00001f17) auipc   t5, 0x1
core   0: 3 0x8000b2fc (0x00001f17) x30 0x8000c2fc
core   0: 0x8000b300 (0xd03f2223) sw      gp, -764(t5)
core   0: 3 0x8000b300 (0xd03f2223) mem 0x8000c000 0x00000001
core   0: 0x8000b304 (0xff9ff06f) j       pc - 0x8
core   0: 3 0x8000b304 (0xff9ff06f)
core   0: 0x8000b2fc (0x00001f17) auipc   t5, 0x1
core   0: 3 0x8000b2fc (0x00001f17) x30 0x8000c2fc
core   0: 0x8000b300 (0xd03f2223) sw      gp, -764(t5)
core   0: 3 0x8000b300 (0xd03f2223) mem 0x8000c000 0x00000001
core   0: 0x8000b304 (0xff9ff06f) j       pc - 0x8
core   0: 3 0x8000b304 (0xff9ff06f)
core   0: 0x8000b2fc (0x00001f17) auipc   t5, 0x1
core   0: 3 0x8000b2fc (0x00001f17) x30 0x8000c2fc
core   0: 0x8000b300 (0xd03f2223) sw      gp, -764(t5)
core   0: 3 0x8000b300 (0xd03f2223) mem 0x8000c000 0x00000001
core   0: 0x8000b304 (0xff9ff06f) j       pc - 0x8
core   0: 3 0x8000b304 (0xff9ff06f)
core   0: 0x8000b2fc (0x00001f17) auipc   t5, 0x1
core   0: 3 0x8000b2fc (0x00001f17) x30 0x8000c2fc
core   0: 0x8000b300 (0xd03f2223) sw      gp, -764(t5)
core   0: 3 0x8000b300 (0xd03f2223) mem 0x8000c000 0x00000001
core   0: 0x8000b304 (0xff9ff06f) j       pc - 0x8
core   0: 3 0x8000b304 (0xff9ff06f)
core   0: 0x8000b2fc (0x00001f17) auipc   t5, 0x1
core   0: 3 0x8000b2fc (0x00001f17) x30 0x8000c2fc
core   0: 0x8000b300 (0xd03f2223) sw      gp, -764(t5)
core   0: 3 0x8000b300 (0xd03f2223) mem 0x8000c000 0x00000001
core   0: 0x8000b304 (0xff9ff06f) j       pc - 0x8
core   0: 3 0x8000b304 (0xff9ff06f)
core   0: 0x8000b2fc (0x00001f17) auipc   t5, 0x1
core   0: 3 0x8000b2fc (0x00001f17) x30 0x8000c2fc
core   0: 0x8000b300 (0xd03f2223) sw      gp, -764(t5)
core   0: 3 0x8000b300 (0xd03f2223) mem 0x8000c000 0x00000001
core   0: 0x8000b304 (0xff9ff06f) j       pc - 0x8
core   0: 3 0x8000b304 (0xff9ff06f)
core   0: 0x8000b2fc (0x00001f17) auipc   t5, 0x1
core   0: 3 0x8000b2fc (0x00001f17) x30 0x8000c2fc
core   0: 0x8000b300 (0xd03f2223) sw      gp, -764(t5)
core   0: 3 0x8000b300 (0xd03f2223) mem 0x8000c000 0x00000001
core   0: 0x8000b304 (0xff9ff06f) j       pc - 0x8
core   0: 3 0x8000b304 (0xff9ff06f)
core   0: 0x8000b2fc (0x00001f17) auipc   t5, 0x1
core   0: 3 0x8000b2fc (0x00001f17) x30 0x8000c2fc
core   0: 0x8000b300 (0xd03f2223) sw      gp, -764(t5)
core   0: 3 0x8000b300 (0xd03f2223) mem 0x8000c000 0x00000001
core   0: 0x8000b304 (0xff9ff06f) j       pc - 0x8
core   0: 3 0x8000b304 (0xff9ff06f)
core   0: 0x8000b2fc (0x00001f17) auipc   t5, 0x1
core   0: 3 0x8000b2fc (0x00001f17) x30 0x8000c2fc
core   0: 0x8000b300 (0xd03f2223) sw      gp, -764(t5)
core   0: 3 0x8000b300 (0xd03f2223) mem 0x8000c000 0x00000001
core   0: 0x8000b304 (0xff9ff06f) j       pc - 0x8
core   0: 3 0x8000b304 (0xff9ff06f)
core   0: 0x8000b2fc (0x00001f17) auipc   t5, 0x1
core   0: 3 0x8000b2fc (0x00001f17) x30 0x8000c2fc
core   0: 0x8000b300 (0xd03f2223) sw      gp, -764(t5)
core   0: 3 0x8000b300 (0xd03f2223) mem 0x8000c000 0x00000001
core   0: 0x8000b304 (0xff9ff06f) j       pc - 0x8
core   0: 3 0x8000b304 (0xff9ff06f)
core   0: 0x8000b2fc (0x00001f17) auipc   t5, 0x1
core   0: 3 0x8000b2fc (0x00001f17) x30 0x8000c2fc
core   0: 0x8000b300 (0xd03f2223) sw      gp, -764(t5)
core   0: 3 0x8000b300 (0xd03f2223) mem 0x8000c000 0x00000001
core   0: 0x8000b304 (0xff9ff06f) j       pc - 0x8
core   0: 3 0x8000b304 (0xff9ff06f)
core   0: 0x8000b2fc (0x00001f17) auipc   t5, 0x1
core   0: 3 0x8000b2fc (0x00001f17) x30 0x8000c2fc
core   0: 0x8000b300 (0xd03f2223) sw      gp, -764(t5)
core   0: 3 0x8000b300 (0xd03f2223) mem 0x8000c000 0x00000001
core   0: 0x8000b304 (0xff9ff06f) j       pc - 0x8
core   0: 3 0x8000b304 (0xff9ff06f)
core   0: 0x8000b2fc (0x00001f17) auipc   t5, 0x1
core   0: 3 0x8000b2fc (0x00001f17) x30 0x8000c2fc
core   0: 0x8000b300 (0xd03f2223) sw      gp, -764(t5)
core   0: 3 0x8000b300 (0xd03f2223) mem 0x8000c000 0x00000001
core   0: 0x8000b304 (0xff9ff06f) j       pc - 0x8
core   0: 3 0x8000b304 (0xff9ff06f)
core   0: 0x8000b2fc (0x00001f17) auipc   t5, 0x1
core   0: 3 0x8000b2fc (0x00001f17) x30 0x8000c2fc
core   0: 0x8000b300 (0xd03f2223) sw      gp, -764(t5)
core   0: 3 0x8000b300 (0xd03f2223) mem 0x8000c000 0x00000001
core   0: 0x8000b304 (0xff9ff06f) j       pc - 0x8
core   0: 3 0x8000b304 (0xff9ff06f)
core   0: 0x8000b2fc (0x00001f17) auipc   t5, 0x1
core   0: 3 0x8000b2fc (0x00001f17) x30 0x8000c2fc
core   0: 0x8000b300 (0xd03f2223) sw      gp, -764(t5)
core   0: 3 0x8000b300 (0xd03f2223) mem 0x8000c000 0x00000001
core   0: 0x8000b304 (0xff9ff06f) j       pc - 0x8
core   0: 3 0x8000b304 (0xff9ff06f)
core   0: 0x8000b2fc (0x00001f17) auipc   t5, 0x1
core   0: 3 0x8000b2fc (0x00001f17) x30 0x8000c2fc
core   0: 0x8000b300 (0xd03f2223) sw      gp, -764(t5)
core   0: 3 0x8000b300 (0xd03f2223) mem 0x8000c000 0x00000001
core   0: 0x8000b304 (0xff9ff06f) j       pc - 0x8
core   0: 3 0x8000b304 (0xff9ff06f)
core   0: 0x8000b2fc (0x00001f17) auipc   t5, 0x1
core   0: 3 0x8000b2fc (0x00001f17) x30 0x8000c2fc
core   0: 0x8000b300 (0xd03f2223) sw      gp, -764(t5)
core   0: 3 0x8000b300 (0xd03f2223) mem 0x8000c000 0x00000001
core   0: 0x8000b304 (0xff9ff06f) j       pc - 0x8
core   0: 3 0x8000b304 (0xff9ff06f)
core   0: 0x8000b2fc (0x00001f17) auipc   t5, 0x1
core   0: 3 0x8000b2fc (0x00001f17) x30 0x8000c2fc
core   0: 0x8000b300 (0xd03f2223) sw      gp, -764(t5)
core   0: 3 0x8000b300 (0xd03f2223) mem 0x8000c000 0x00000001
core   0: 0x8000b304 (0xff9ff06f) j       pc - 0x8
core   0: 3 0x8000b304 (0xff9ff06f)
core   0: 0x8000b2fc (0x00001f17) auipc   t5, 0x1
core   0: 3 0x8000b2fc (0x00001f17) x30 0x8000c2fc
core   0: 0x8000b300 (0xd03f2223) sw      gp, -764(t5)
core   0: 3 0x8000b300 (0xd03f2223) mem 0x8000c000 0x00000001
core   0: 0x8000b304 (0xff9ff06f) j       pc - 0x8
core   0: 3 0x8000b304 (0xff9ff06f)
core   0: 0x8000b2fc (0x00001f17) auipc   t5, 0x1
core   0: 3 0x8000b2fc (0x00001f17) x30 0x8000c2fc
core   0: 0x8000b300 (0xd03f2223) sw      gp, -764(t5)
core   0: 3 0x8000b300 (0xd03f2223) mem 0x8000c000 0x00000001
core   0: 0x8000b304 (0xff9ff06f) j       pc - 0x8
core   0: 3 0x8000b304 (0xff9ff06f)
core   0: 0x8000b2fc (0x00001f17) auipc   t5, 0x1
core   0: 3 0x8000b2fc (0x00001f17) x30 0x8000c2fc
core   0: 0x8000b300 (0xd03f2223) sw      gp, -764(t5)
core   0: 3 0x8000b300 (0xd03f2223) mem 0x8000c000 0x00000001
core   0: 0x8000b304 (0xff9ff06f) j       pc - 0x8
core   0: 3 0x8000b304 (0xff9ff06f)
core   0: 0x8000b2fc (0x00001f17) auipc   t5, 0x1
core   0: 3 0x8000b2fc (0x00001f17) x30 0x8000c2fc
core   0: 0x8000b300 (0xd03f2223) sw      gp, -764(t5)
core   0: 3 0x8000b300 (0xd03f2223) mem 0x8000c000 0x00000001
core   0: 0x8000b304 (0xff9ff06f) j       pc - 0x8
core   0: 3 0x8000b304 (0xff9ff06f)
core   0: 0x8000b2fc (0x00001f17) auipc   t5, 0x1
core   0: 3 0x8000b2fc (0x00001f17) x30 0x8000c2fc
core   0: 0x8000b300 (0xd03f2223) sw      gp, -764(t5)
core   0: 3 0x8000b300 (0xd03f2223) mem 0x8000c000 0x00000001
core   0: 0x8000b304 (0xff9ff06f) j       pc - 0x8
core   0: 3 0x8000b304 (0xff9ff06f)
core   0: 0x8000b2fc (0x00001f17) auipc   t5, 0x1
core   0: 3 0x8000b2fc (0x00001f17) x30 0x8000c2fc
core   0: 0x8000b300 (0xd03f2223) sw      gp, -764(t5)
core   0: 3 0x8000b300 (0xd03f2223) mem 0x8000c000 0x00000001
core   0: 0x8000b304 (0xff9ff06f) j       pc - 0x8
core   0: 3 0x8000b304 (0xff9ff06f)
core   0: 0x8000b2fc (0x00001f17) auipc   t5, 0x1
core   0: 3 0x8000b2fc (0x00001f17) x30 0x8000c2fc
core   0: 0x8000b300 (0xd03f2223) sw      gp, -764(t5)
core   0: 3 0x8000b300 (0xd03f2223) mem 0x8000c000 0x00000001
core   0: 0x8000b304 (0xff9ff06f) j       pc - 0x8
core   0: 3 0x8000b304 (0xff9ff06f)
core   0: 0x8000b2fc (0x00001f17) auipc   t5, 0x1
core   0: 3 0x8000b2fc (0x00001f17) x30 0x8000c2fc
core   0: 0x8000b300 (0xd03f2223) sw      gp, -764(t5)
core   0: 3 0x8000b300 (0xd03f2223) mem 0x8000c000 0x00000001
core   0: 0x8000b304 (0xff9ff06f) j       pc - 0x8
core   0: 3 0x8000b304 (0xff9ff06f)
core   0: 0x8000b2fc (0x00001f17) auipc   t5, 0x1
core   0: 3 0x8000b2fc (0x00001f17) x30 0x8000c2fc
core   0: 0x8000b300 (0xd03f2223) sw      gp, -764(t5)
core   0: 3 0x8000b300 (0xd03f2223) mem 0x8000c000 0x00000001
core   0: 0x8000b304 (0xff9ff06f) j       pc - 0x8
core   0: 3 0x8000b304 (0xff9ff06f)
core   0: 0x8000b2fc (0x00001f17) auipc   t5, 0x1
core   0: 3 0x8000b2fc (0x00001f17) x30 0x8000c2fc
core   0: 0x8000b300 (0xd03f2223) sw      gp, -764(t5)
core   0: 3 0x8000b300 (0xd03f2223) mem 0x8000c000 0x00000001
core   0: 0x8000b304 (0xff9ff06f) j       pc - 0x8
core   0: 3 0x8000b304 (0xff9ff06f)
core   0: 0x8000b2fc (0x00001f17) auipc   t5, 0x1
core   0: 3 0x8000b2fc (0x00001f17) x30 0x8000c2fc
core   0: 0x8000b300 (0xd03f2223) sw      gp, -764(t5)
core   0: 3 0x8000b300 (0xd03f2223) mem 0x8000c000 0x00000001
core   0: 0x8000b304 (0xff9ff06f) j       pc - 0x8
core   0: 3 0x8000b304 (0xff9ff06f)
core   0: 0x8000b2fc (0x00001f17) auipc   t5, 0x1
core   0: 3 0x8000b2fc (0x00001f17) x30 0x8000c2fc
core   0: 0x8000b300 (0xd03f2223) sw      gp, -764(t5)
core   0: 3 0x8000b300 (0xd03f2223) mem 0x8000c000 0x00000001
core   0: 0x8000b304 (0xff9ff06f) j       pc - 0x8
core   0: 3 0x8000b304 (0xff9ff06f)
core   0: 0x8000b2fc (0x00001f17) auipc   t5, 0x1
core   0: 3 0x8000b2fc (0x00001f17) x30 0x8000c2fc
core   0: 0x8000b300 (0xd03f2223) sw      gp, -764(t5)
core   0: 3 0x8000b300 (0xd03f2223) mem 0x8000c000 0x00000001
core   0: 0x8000b304 (0xff9ff06f) j       pc - 0x8
core   0: 3 0x8000b304 (0xff9ff06f)
core   0: 0x8000b2fc (0x00001f17) auipc   t5, 0x1
core   0: 3 0x8000b2fc (0x00001f17) x30 0x8000c2fc
core   0: 0x8000b300 (0xd03f2223) sw      gp, -764(t5)
core   0: 3 0x8000b300 (0xd03f2223) mem 0x8000c000 0x00000001
core   0: 0x8000b304 (0xff9ff06f) j       pc - 0x8
core   0: 3 0x8000b304 (0xff9ff06f)
core   0: 0x8000b2fc (0x00001f17) auipc   t5, 0x1
core   0: 3 0x8000b2fc (0x00001f17) x30 0x8000c2fc
core   0: 0x8000b300 (0xd03f2223) sw      gp, -764(t5)
core   0: 3 0x8000b300 (0xd03f2223) mem 0x8000c000 0x00000001
core   0: 0x8000b304 (0xff9ff06f) j       pc - 0x8
core   0: 3 0x8000b304 (0xff9ff06f)
core   0: 0x8000b2fc (0x00001f17) auipc   t5, 0x1
core   0: 3 0x8000b2fc (0x00001f17) x30 0x8000c2fc
core   0: 0x8000b300 (0xd03f2223) sw      gp, -764(t5)
core   0: 3 0x8000b300 (0xd03f2223) mem 0x8000c000 0x00000001
core   0: 0x8000b304 (0xff9ff06f) j       pc - 0x8
core   0: 3 0x8000b304 (0xff9ff06f)
core   0: 0x8000b2fc (0x00001f17) auipc   t5, 0x1
core   0: 3 0x8000b2fc (0x00001f17) x30 0x8000c2fc
core   0: 0x8000b300 (0xd03f2223) sw      gp, -764(t5)
core   0: 3 0x8000b300 (0xd03f2223) mem 0x8000c000 0x00000001
core   0: 0x8000b304 (0xff9ff06f) j       pc - 0x8
core   0: 3 0x8000b304 (0xff9ff06f)
core   0: 0x8000b2fc (0x00001f17) auipc   t5, 0x1
core   0: 3 0x8000b2fc (0x00001f17) x30 0x8000c2fc
core   0: 0x8000b300 (0xd03f2223) sw      gp, -764(t5)
core   0: 3 0x8000b300 (0xd03f2223) mem 0x8000c000 0x00000001
core   0: 0x8000b304 (0xff9ff06f) j       pc - 0x8
core   0: 3 0x8000b304 (0xff9ff06f)
core   0: 0x8000b2fc (0x00001f17) auipc   t5, 0x1
core   0: 3 0x8000b2fc (0x00001f17) x30 0x8000c2fc
core   0: 0x8000b300 (0xd03f2223) sw      gp, -764(t5)
core   0: 3 0x8000b300 (0xd03f2223) mem 0x8000c000 0x00000001
core   0: 0x8000b304 (0xff9ff06f) j       pc - 0x8
core   0: 3 0x8000b304 (0xff9ff06f)
core   0: 0x8000b2fc (0x00001f17) auipc   t5, 0x1
core   0: 3 0x8000b2fc (0x00001f17) x30 0x8000c2fc
core   0: 0x8000b300 (0xd03f2223) sw      gp, -764(t5)
core   0: 3 0x8000b300 (0xd03f2223) mem 0x8000c000 0x00000001
core   0: 0x8000b304 (0xff9ff06f) j       pc - 0x8
core   0: 3 0x8000b304 (0xff9ff06f)
core   0: 0x8000b2fc (0x00001f17) auipc   t5, 0x1
core   0: 3 0x8000b2fc (0x00001f17) x30 0x8000c2fc
core   0: 0x8000b300 (0xd03f2223) sw      gp, -764(t5)
core   0: 3 0x8000b300 (0xd03f2223) mem 0x8000c000 0x00000001
core   0: 0x8000b304 (0xff9ff06f) j       pc - 0x8
core   0: 3 0x8000b304 (0xff9ff06f)
core   0: 0x8000b2fc (0x00001f17) auipc   t5, 0x1
core   0: 3 0x8000b2fc (0x00001f17) x30 0x8000c2fc
core   0: 0x8000b300 (0xd03f2223) sw      gp, -764(t5)
core   0: 3 0x8000b300 (0xd03f2223) mem 0x8000c000 0x00000001
core   0: 0x8000b304 (0xff9ff06f) j       pc - 0x8
core   0: 3 0x8000b304 (0xff9ff06f)
core   0: 0x8000b2fc (0x00001f17) auipc   t5, 0x1
core   0: 3 0x8000b2fc (0x00001f17) x30 0x8000c2fc
core   0: 0x8000b300 (0xd03f2223) sw      gp, -764(t5)
core   0: 3 0x8000b300 (0xd03f2223) mem 0x8000c000 0x00000001
core   0: 0x8000b304 (0xff9ff06f) j       pc - 0x8
core   0: 3 0x8000b304 (0xff9ff06f)
core   0: 0x8000b2fc (0x00001f17) auipc   t5, 0x1
core   0: 3 0x8000b2fc (0x00001f17) x30 0x8000c2fc
core   0: 0x8000b300 (0xd03f2223) sw      gp, -764(t5)
core   0: 3 0x8000b300 (0xd03f2223) mem 0x8000c000 0x00000001
core   0: 0x8000b304 (0xff9ff06f) j       pc - 0x8
core   0: 3 0x8000b304 (0xff9ff06f)
core   0: 0x8000b2fc (0x00001f17) auipc   t5, 0x1
core   0: 3 0x8000b2fc (0x00001f17) x30 0x8000c2fc
core   0: 0x8000b300 (0xd03f2223) sw      gp, -764(t5)
core   0: 3 0x8000b300 (0xd03f2223) mem 0x8000c000 0x00000001
core   0: 0x8000b304 (0xff9ff06f) j       pc - 0x8
core   0: 3 0x8000b304 (0xff9ff06f)
core   0: 0x8000b2fc (0x00001f17) auipc   t5, 0x1
core   0: 3 0x8000b2fc (0x00001f17) x30 0x8000c2fc
core   0: 0x8000b300 (0xd03f2223) sw      gp, -764(t5)
core   0: 3 0x8000b300 (0xd03f2223) mem 0x8000c000 0x00000001
core   0: 0x8000b304 (0xff9ff06f) j       pc - 0x8
core   0: 3 0x8000b304 (0xff9ff06f)
core   0: 0x8000b2fc (0x00001f17) auipc   t5, 0x1
core   0: 3 0x8000b2fc (0x00001f17) x30 0x8000c2fc
core   0: 0x8000b300 (0xd03f2223) sw      gp, -764(t5)
core   0: 3 0x8000b300 (0xd03f2223) mem 0x8000c000 0x00000001
core   0: 0x8000b304 (0xff9ff06f) j       pc - 0x8
core   0: 3 0x8000b304 (0xff9ff06f)
core   0: 0x8000b2fc (0x00001f17) auipc   t5, 0x1
core   0: 3 0x8000b2fc (0x00001f17) x30 0x8000c2fc
core   0: 0x8000b300 (0xd03f2223) sw      gp, -764(t5)
core   0: 3 0x8000b300 (0xd03f2223) mem 0x8000c000 0x00000001
core   0: 0x8000b304 (0xff9ff06f) j       pc - 0x8
core   0: 3 0x8000b304 (0xff9ff06f)
core   0: 0x8000b2fc (0x00001f17) auipc   t5, 0x1
core   0: 3 0x8000b2fc (0x00001f17) x30 0x8000c2fc
core   0: 0x8000b300 (0xd03f2223) sw      gp, -764(t5)
core   0: 3 0x8000b300 (0xd03f2223) mem 0x8000c000 0x00000001
core   0: 0x8000b304 (0xff9ff06f) j       pc - 0x8
core   0: 3 0x8000b304 (0xff9ff06f)
core   0: 0x8000b2fc (0x00001f17) auipc   t5, 0x1
core   0: 3 0x8000b2fc (0x00001f17) x30 0x8000c2fc
core   0: 0x8000b300 (0xd03f2223) sw      gp, -764(t5)
core   0: 3 0x8000b300 (0xd03f2223) mem 0x8000c000 0x00000001
core   0: 0x8000b304 (0xff9ff06f) j       pc - 0x8
core   0: 3 0x8000b304 (0xff9ff06f)
core   0: 0x8000b2fc (0x00001f17) auipc   t5, 0x1
core   0: 3 0x8000b2fc (0x00001f17) x30 0x8000c2fc
core   0: 0x8000b300 (0xd03f2223) sw      gp, -764(t5)
core   0: 3 0x8000b300 (0xd03f2223) mem 0x8000c000 0x00000001
core   0: 0x8000b304 (0xff9ff06f) j       pc - 0x8
core   0: 3 0x8000b304 (0xff9ff06f)
core   0: 0x8000b2fc (0x00001f17) auipc   t5, 0x1
core   0: 3 0x8000b2fc (0x00001f17) x30 0x8000c2fc
core   0: 0x8000b300 (0xd03f2223) sw      gp, -764(t5)
core   0: 3 0x8000b300 (0xd03f2223) mem 0x8000c000 0x00000001
core   0: 0x8000b304 (0xff9ff06f) j       pc - 0x8
core   0: 3 0x8000b304 (0xff9ff06f)
core   0: 0x8000b2fc (0x00001f17) auipc   t5, 0x1
core   0: 3 0x8000b2fc (0x00001f17) x30 0x8000c2fc
core   0: 0x8000b300 (0xd03f2223) sw      gp, -764(t5)
core   0: 3 0x8000b300 (0xd03f2223) mem 0x8000c000 0x00000001
core   0: 0x8000b304 (0xff9ff06f) j       pc - 0x8
core   0: 3 0x8000b304 (0xff9ff06f)
core   0: 0x8000b2fc (0x00001f17) auipc   t5, 0x1
core   0: 3 0x8000b2fc (0x00001f17) x30 0x8000c2fc
core   0: 0x8000b300 (0xd03f2223) sw      gp, -764(t5)
core   0: 3 0x8000b300 (0xd03f2223) mem 0x8000c000 0x00000001
core   0: 0x8000b304 (0xff9ff06f) j       pc - 0x8
core   0: 3 0x8000b304 (0xff9ff06f)
core   0: 0x8000b2fc (0x00001f17) auipc   t5, 0x1
core   0: 3 0x8000b2fc (0x00001f17) x30 0x8000c2fc
core   0: 0x8000b300 (0xd03f2223) sw      gp, -764(t5)
core   0: 3 0x8000b300 (0xd03f2223) mem 0x8000c000 0x00000001
core   0: 0x8000b304 (0xff9ff06f) j       pc - 0x8
core   0: 3 0x8000b304 (0xff9ff06f)
core   0: 0x8000b2fc (0x00001f17) auipc   t5, 0x1
core   0: 3 0x8000b2fc (0x00001f17) x30 0x8000c2fc
core   0: 0x8000b300 (0xd03f2223) sw      gp, -764(t5)
core   0: 3 0x8000b300 (0xd03f2223) mem 0x8000c000 0x00000001
core   0: 0x8000b304 (0xff9ff06f) j       pc - 0x8
core   0: 3 0x8000b304 (0xff9ff06f)
core   0: 0x8000b2fc (0x00001f17) auipc   t5, 0x1
core   0: 3 0x8000b2fc (0x00001f17) x30 0x8000c2fc
core   0: 0x8000b300 (0xd03f2223) sw      gp, -764(t5)
core   0: 3 0x8000b300 (0xd03f2223) mem 0x8000c000 0x00000001
core   0: 0x8000b304 (0xff9ff06f) j       pc - 0x8
core   0: 3 0x8000b304 (0xff9ff06f)
core   0: 0x8000b2fc (0x00001f17) auipc   t5, 0x1
core   0: 3 0x8000b2fc (0x00001f17) x30 0x8000c2fc
core   0: 0x8000b300 (0xd03f2223) sw      gp, -764(t5)
core   0: 3 0x8000b300 (0xd03f2223) mem 0x8000c000 0x00000001
core   0: 0x8000b304 (0xff9ff06f) j       pc - 0x8
core   0: 3 0x8000b304 (0xff9ff06f)
core   0: 0x8000b2fc (0x00001f17) auipc   t5, 0x1
core   0: 3 0x8000b2fc (0x00001f17) x30 0x8000c2fc
core   0: 0x8000b300 (0xd03f2223) sw      gp, -764(t5)
core   0: 3 0x8000b300 (0xd03f2223) mem 0x8000c000 0x00000001
core   0: 0x8000b304 (0xff9ff06f) j       pc - 0x8
core   0: 3 0x8000b304 (0xff9ff06f)
core   0: 0x8000b2fc (0x00001f17) auipc   t5, 0x1
core   0: 3 0x8000b2fc (0x00001f17) x30 0x8000c2fc
core   0: 0x8000b300 (0xd03f2223) sw      gp, -764(t5)
core   0: 3 0x8000b300 (0xd03f2223) mem 0x8000c000 0x00000001
core   0: 0x8000b304 (0xff9ff06f) j       pc - 0x8
core   0: 3 0x8000b304 (0xff9ff06f)
core   0: 0x8000b2fc (0x00001f17) auipc   t5, 0x1
core   0: 3 0x8000b2fc (0x00001f17) x30 0x8000c2fc
core   0: 0x8000b300 (0xd03f2223) sw      gp, -764(t5)
core   0: 3 0x8000b300 (0xd03f2223) mem 0x8000c000 0x00000001
core   0: 0x8000b304 (0xff9ff06f) j       pc - 0x8
core   0: 3 0x8000b304 (0xff9ff06f)
core   0: 0x8000b2fc (0x00001f17) auipc   t5, 0x1
core   0: 3 0x8000b2fc (0x00001f17) x30 0x8000c2fc
core   0: 0x8000b300 (0xd03f2223) sw      gp, -764(t5)
core   0: 3 0x8000b300 (0xd03f2223) mem 0x8000c000 0x00000001
core   0: 0x8000b304 (0xff9ff06f) j       pc - 0x8
core   0: 3 0x8000b304 (0xff9ff06f)
core   0: 0x8000b2fc (0x00001f17) auipc   t5, 0x1
core   0: 3 0x8000b2fc (0x00001f17) x30 0x8000c2fc
core   0: 0x8000b300 (0xd03f2223) sw      gp, -764(t5)
core   0: 3 0x8000b300 (0xd03f2223) mem 0x8000c000 0x00000001
core   0: 0x8000b304 (0xff9ff06f) j       pc - 0x8
core   0: 3 0x8000b304 (0xff9ff06f)
core   0: 0x8000b2fc (0x00001f17) auipc   t5, 0x1
core   0: 3 0x8000b2fc (0x00001f17) x30 0x8000c2fc
core   0: 0x8000b300 (0xd03f2223) sw      gp, -764(t5)
core   0: 3 0x8000b300 (0xd03f2223) mem 0x8000c000 0x00000001
core   0: 0x8000b304 (0xff9ff06f) j       pc - 0x8
core   0: 3 0x8000b304 (0xff9ff06f)
core   0: 0x8000b2fc (0x00001f17) auipc   t5, 0x1
core   0: 3 0x8000b2fc (0x00001f17) x30 0x8000c2fc
core   0: 0x8000b300 (0xd03f2223) sw      gp, -764(t5)
core   0: 3 0x8000b300 (0xd03f2223) mem 0x8000c000 0x00000001
core   0: 0x8000b304 (0xff9ff06f) j       pc - 0x8
core   0: 3 0x8000b304 (0xff9ff06f)
core   0: 0x8000b2fc (0x00001f17) auipc   t5, 0x1
core   0: 3 0x8000b2fc (0x00001f17) x30 0x8000c2fc
core   0: 0x8000b300 (0xd03f2223) sw      gp, -764(t5)
core   0: 3 0x8000b300 (0xd03f2223) mem 0x8000c000 0x00000001
core   0: 0x8000b304 (0xff9ff06f) j       pc - 0x8
core   0: 3 0x8000b304 (0xff9ff06f)
core   0: 0x8000b2fc (0x00001f17) auipc   t5, 0x1
core   0: 3 0x8000b2fc (0x00001f17) x30 0x8000c2fc
core   0: 0x8000b300 (0xd03f2223) sw      gp, -764(t5)
core   0: 3 0x8000b300 (0xd03f2223) mem 0x8000c000 0x00000001
core   0: 0x8000b304 (0xff9ff06f) j       pc - 0x8
core   0: 3 0x8000b304 (0xff9ff06f)
core   0: 0x8000b2fc (0x00001f17) auipc   t5, 0x1
core   0: 3 0x8000b2fc (0x00001f17) x30 0x8000c2fc
core   0: 0x8000b300 (0xd03f2223) sw      gp, -764(t5)
core   0: 3 0x8000b300 (0xd03f2223) mem 0x8000c000 0x00000001
core   0: 0x8000b304 (0xff9ff06f) j       pc - 0x8
core   0: 3 0x8000b304 (0xff9ff06f)
core   0: 0x8000b2fc (0x00001f17) auipc   t5, 0x1
core   0: 3 0x8000b2fc (0x00001f17) x30 0x8000c2fc
core   0: 0x8000b300 (0xd03f2223) sw      gp, -764(t5)
core   0: 3 0x8000b300 (0xd03f2223) mem 0x8000c000 0x00000001
core   0: 0x8000b304 (0xff9ff06f) j       pc - 0x8
core   0: 3 0x8000b304 (0xff9ff06f)
core   0: 0x8000b2fc (0x00001f17) auipc   t5, 0x1
core   0: 3 0x8000b2fc (0x00001f17) x30 0x8000c2fc
core   0: 0x8000b300 (0xd03f2223) sw      gp, -764(t5)
core   0: 3 0x8000b300 (0xd03f2223) mem 0x8000c000 0x00000001
core   0: 0x8000b304 (0xff9ff06f) j       pc - 0x8
core   0: 3 0x8000b304 (0xff9ff06f)
core   0: 0x8000b2fc (0x00001f17) auipc   t5, 0x1
core   0: 3 0x8000b2fc (0x00001f17) x30 0x8000c2fc
core   0: 0x8000b300 (0xd03f2223) sw      gp, -764(t5)
core   0: 3 0x8000b300 (0xd03f2223) mem 0x8000c000 0x00000001
core   0: 0x8000b304 (0xff9ff06f) j       pc - 0x8
core   0: 3 0x8000b304 (0xff9ff06f)
core   0: 0x8000b2fc (0x00001f17) auipc   t5, 0x1
core   0: 3 0x8000b2fc (0x00001f17) x30 0x8000c2fc
core   0: 0x8000b300 (0xd03f2223) sw      gp, -764(t5)
core   0: 3 0x8000b300 (0xd03f2223) mem 0x8000c000 0x00000001
core   0: 0x8000b304 (0xff9ff06f) j       pc - 0x8
core   0: 3 0x8000b304 (0xff9ff06f)
core   0: 0x8000b2fc (0x00001f17) auipc   t5, 0x1
core   0: 3 0x8000b2fc (0x00001f17) x30 0x8000c2fc
core   0: 0x8000b300 (0xd03f2223) sw      gp, -764(t5)
core   0: 3 0x8000b300 (0xd03f2223) mem 0x8000c000 0x00000001
core   0: 0x8000b304 (0xff9ff06f) j       pc - 0x8
core   0: 3 0x8000b304 (0xff9ff06f)
core   0: 0x8000b2fc (0x00001f17) auipc   t5, 0x1
core   0: 3 0x8000b2fc (0x00001f17) x30 0x8000c2fc
core   0: 0x8000b300 (0xd03f2223) sw      gp, -764(t5)
core   0: 3 0x8000b300 (0xd03f2223) mem 0x8000c000 0x00000001
core   0: 0x8000b304 (0xff9ff06f) j       pc - 0x8
core   0: 3 0x8000b304 (0xff9ff06f)
core   0: 0x8000b2fc (0x00001f17) auipc   t5, 0x1
core   0: 3 0x8000b2fc (0x00001f17) x30 0x8000c2fc
core   0: 0x8000b300 (0xd03f2223) sw      gp, -764(t5)
core   0: 3 0x8000b300 (0xd03f2223) mem 0x8000c000 0x00000001
core   0: 0x8000b304 (0xff9ff06f) j       pc - 0x8
core   0: 3 0x8000b304 (0xff9ff06f)
core   0: 0x8000b2fc (0x00001f17) auipc   t5, 0x1
core   0: 3 0x8000b2fc (0x00001f17) x30 0x8000c2fc
core   0: 0x8000b300 (0xd03f2223) sw      gp, -764(t5)
core   0: 3 0x8000b300 (0xd03f2223) mem 0x8000c000 0x00000001
core   0: 0x8000b304 (0xff9ff06f) j       pc - 0x8
core   0: 3 0x8000b304 (0xff9ff06f)
core   0: 0x8000b2fc (0x00001f17) auipc   t5, 0x1
core   0: 3 0x8000b2fc (0x00001f17) x30 0x8000c2fc
core   0: 0x8000b300 (0xd03f2223) sw      gp, -764(t5)
core   0: 3 0x8000b300 (0xd03f2223) mem 0x8000c000 0x00000001
core   0: 0x8000b304 (0xff9ff06f) j       pc - 0x8
core   0: 3 0x8000b304 (0xff9ff06f)
core   0: 0x8000b2fc (0x00001f17) auipc   t5, 0x1
core   0: 3 0x8000b2fc (0x00001f17) x30 0x8000c2fc
core   0: 0x8000b300 (0xd03f2223) sw      gp, -764(t5)
core   0: 3 0x8000b300 (0xd03f2223) mem 0x8000c000 0x00000001
core   0: 0x8000b304 (0xff9ff06f) j       pc - 0x8
core   0: 3 0x8000b304 (0xff9ff06f)
core   0: 0x8000b2fc (0x00001f17) auipc   t5, 0x1
core   0: 3 0x8000b2fc (0x00001f17) x30 0x8000c2fc
core   0: 0x8000b300 (0xd03f2223) sw      gp, -764(t5)
core   0: 3 0x8000b300 (0xd03f2223) mem 0x8000c000 0x00000001
core   0: 0x8000b304 (0xff9ff06f) j       pc - 0x8
core   0: 3 0x8000b304 (0xff9ff06f)
core   0: 0x8000b2fc (0x00001f17) auipc   t5, 0x1
core   0: 3 0x8000b2fc (0x00001f17) x30 0x8000c2fc
core   0: 0x8000b300 (0xd03f2223) sw      gp, -764(t5)
core   0: 3 0x8000b300 (0xd03f2223) mem 0x8000c000 0x00000001
core   0: 0x8000b304 (0xff9ff06f) j       pc - 0x8
core   0: 3 0x8000b304 (0xff9ff06f)
core   0: 0x8000b2fc (0x00001f17) auipc   t5, 0x1
core   0: 3 0x8000b2fc (0x00001f17) x30 0x8000c2fc
core   0: 0x8000b300 (0xd03f2223) sw      gp, -764(t5)
core   0: 3 0x8000b300 (0xd03f2223) mem 0x8000c000 0x00000001
core   0: 0x8000b304 (0xff9ff06f) j       pc - 0x8
core   0: 3 0x8000b304 (0xff9ff06f)
core   0: 0x8000b2fc (0x00001f17) auipc   t5, 0x1
core   0: 3 0x8000b2fc (0x00001f17) x30 0x8000c2fc
core   0: 0x8000b300 (0xd03f2223) sw      gp, -764(t5)
core   0: 3 0x8000b300 (0xd03f2223) mem 0x8000c000 0x00000001
core   0: 0x8000b304 (0xff9ff06f) j       pc - 0x8
core   0: 3 0x8000b304 (0xff9ff06f)
core   0: 0x8000b2fc (0x00001f17) auipc   t5, 0x1
core   0: 3 0x8000b2fc (0x00001f17) x30 0x8000c2fc
core   0: 0x8000b300 (0xd03f2223) sw      gp, -764(t5)
core   0: 3 0x8000b300 (0xd03f2223) mem 0x8000c000 0x00000001
core   0: 0x8000b304 (0xff9ff06f) j       pc - 0x8
core   0: 3 0x8000b304 (0xff9ff06f)
core   0: 0x8000b2fc (0x00001f17) auipc   t5, 0x1
core   0: 3 0x8000b2fc (0x00001f17) x30 0x8000c2fc
core   0: 0x8000b300 (0xd03f2223) sw      gp, -764(t5)
core   0: 3 0x8000b300 (0xd03f2223) mem 0x8000c000 0x00000001
core   0: 0x8000b304 (0xff9ff06f) j       pc - 0x8
core   0: 3 0x8000b304 (0xff9ff06f)
core   0: 0x8000b2fc (0x00001f17) auipc   t5, 0x1
core   0: 3 0x8000b2fc (0x00001f17) x30 0x8000c2fc
core   0: 0x8000b300 (0xd03f2223) sw      gp, -764(t5)
core   0: 3 0x8000b300 (0xd03f2223) mem 0x8000c000 0x00000001
core   0: 0x8000b304 (0xff9ff06f) j       pc - 0x8
core   0: 3 0x8000b304 (0xff9ff06f)
core   0: 0x8000b2fc (0x00001f17) auipc   t5, 0x1
core   0: 3 0x8000b2fc (0x00001f17) x30 0x8000c2fc
core   0: 0x8000b300 (0xd03f2223) sw      gp, -764(t5)
core   0: 3 0x8000b300 (0xd03f2223) mem 0x8000c000 0x00000001
core   0: 0x8000b304 (0xff9ff06f) j       pc - 0x8
core   0: 3 0x8000b304 (0xff9ff06f)
core   0: 0x8000b2fc (0x00001f17) auipc   t5, 0x1
core   0: 3 0x8000b2fc (0x00001f17) x30 0x8000c2fc
core   0: 0x8000b300 (0xd03f2223) sw      gp, -764(t5)
core   0: 3 0x8000b300 (0xd03f2223) mem 0x8000c000 0x00000001
core   0: 0x8000b304 (0xff9ff06f) j       pc - 0x8
core   0: 3 0x8000b304 (0xff9ff06f)
core   0: 0x8000b2fc (0x00001f17) auipc   t5, 0x1
core   0: 3 0x8000b2fc (0x00001f17) x30 0x8000c2fc
core   0: 0x8000b300 (0xd03f2223) sw      gp, -764(t5)
core   0: 3 0x8000b300 (0xd03f2223) mem 0x8000c000 0x00000001
core   0: 0x8000b304 (0xff9ff06f) j       pc - 0x8
core   0: 3 0x8000b304 (0xff9ff06f)
core   0: 0x8000b2fc (0x00001f17) auipc   t5, 0x1
core   0: 3 0x8000b2fc (0x00001f17) x30 0x8000c2fc
core   0: 0x8000b300 (0xd03f2223) sw      gp, -764(t5)
core   0: 3 0x8000b300 (0xd03f2223) mem 0x8000c000 0x00000001
core   0: 0x8000b304 (0xff9ff06f) j       pc - 0x8
core   0: 3 0x8000b304 (0xff9ff06f)
core   0: 0x8000b2fc (0x00001f17) auipc   t5, 0x1
core   0: 3 0x8000b2fc (0x00001f17) x30 0x8000c2fc
core   0: 0x8000b300 (0xd03f2223) sw      gp, -764(t5)
core   0: 3 0x8000b300 (0xd03f2223) mem 0x8000c000 0x00000001
core   0: 0x8000b304 (0xff9ff06f) j       pc - 0x8
core   0: 3 0x8000b304 (0xff9ff06f)
core   0: 0x8000b2fc (0x00001f17) auipc   t5, 0x1
core   0: 3 0x8000b2fc (0x00001f17) x30 0x8000c2fc
core   0: 0x8000b300 (0xd03f2223) sw      gp, -764(t5)
core   0: 3 0x8000b300 (0xd03f2223) mem 0x8000c000 0x00000001
core   0: 0x8000b304 (0xff9ff06f) j       pc - 0x8
core   0: 3 0x8000b304 (0xff9ff06f)
core   0: 0x8000b2fc (0x00001f17) auipc   t5, 0x1
core   0: 3 0x8000b2fc (0x00001f17) x30 0x8000c2fc
core   0: 0x8000b300 (0xd03f2223) sw      gp, -764(t5)
core   0: 3 0x8000b300 (0xd03f2223) mem 0x8000c000 0x00000001
core   0: 0x8000b304 (0xff9ff06f) j       pc - 0x8
core   0: 3 0x8000b304 (0xff9ff06f)
core   0: 0x8000b2fc (0x00001f17) auipc   t5, 0x1
core   0: 3 0x8000b2fc (0x00001f17) x30 0x8000c2fc
core   0: 0x8000b300 (0xd03f2223) sw      gp, -764(t5)
core   0: 3 0x8000b300 (0xd03f2223) mem 0x8000c000 0x00000001
core   0: 0x8000b304 (0xff9ff06f) j       pc - 0x8
core   0: 3 0x8000b304 (0xff9ff06f)
core   0: 0x8000b2fc (0x00001f17) auipc   t5, 0x1
core   0: 3 0x8000b2fc (0x00001f17) x30 0x8000c2fc
core   0: 0x8000b300 (0xd03f2223) sw      gp, -764(t5)
core   0: 3 0x8000b300 (0xd03f2223) mem 0x8000c000 0x00000001
core   0: 0x8000b304 (0xff9ff06f) j       pc - 0x8
core   0: 3 0x8000b304 (0xff9ff06f)
core   0: 0x8000b2fc (0x00001f17) auipc   t5, 0x1
core   0: 3 0x8000b2fc (0x00001f17) x30 0x8000c2fc
core   0: 0x8000b300 (0xd03f2223) sw      gp, -764(t5)
core   0: 3 0x8000b300 (0xd03f2223) mem 0x8000c000 0x00000001
core   0: 0x8000b304 (0xff9ff06f) j       pc - 0x8
core   0: 3 0x8000b304 (0xff9ff06f)
core   0: 0x8000b2fc (0x00001f17) auipc   t5, 0x1
core   0: 3 0x8000b2fc (0x00001f17) x30 0x8000c2fc
core   0: 0x8000b300 (0xd03f2223) sw      gp, -764(t5)
core   0: 3 0x8000b300 (0xd03f2223) mem 0x8000c000 0x00000001
core   0: 0x8000b304 (0xff9ff06f) j       pc - 0x8
core   0: 3 0x8000b304 (0xff9ff06f)
core   0: 0x8000b2fc (0x00001f17) auipc   t5, 0x1
core   0: 3 0x8000b2fc (0x00001f17) x30 0x8000c2fc
core   0: 0x8000b300 (0xd03f2223) sw      gp, -764(t5)
core   0: 3 0x8000b300 (0xd03f2223) mem 0x8000c000 0x00000001
core   0: 0x8000b304 (0xff9ff06f) j       pc - 0x8
core   0: 3 0x8000b304 (0xff9ff06f)
core   0: 0x8000b2fc (0x00001f17) auipc   t5, 0x1
core   0: 3 0x8000b2fc (0x00001f17) x30 0x8000c2fc
core   0: 0x8000b300 (0xd03f2223) sw      gp, -764(t5)
core   0: 3 0x8000b300 (0xd03f2223) mem 0x8000c000 0x00000001
core   0: 0x8000b304 (0xff9ff06f) j       pc - 0x8
core   0: 3 0x8000b304 (0xff9ff06f)
core   0: 0x8000b2fc (0x00001f17) auipc   t5, 0x1
core   0: 3 0x8000b2fc (0x00001f17) x30 0x8000c2fc
core   0: 0x8000b300 (0xd03f2223) sw      gp, -764(t5)
core   0: 3 0x8000b300 (0xd03f2223) mem 0x8000c000 0x00000001
core   0: 0x8000b304 (0xff9ff06f) j       pc - 0x8
core   0: 3 0x8000b304 (0xff9ff06f)
core   0: 0x8000b2fc (0x00001f17) auipc   t5, 0x1
core   0: 3 0x8000b2fc (0x00001f17) x30 0x8000c2fc
core   0: 0x8000b300 (0xd03f2223) sw      gp, -764(t5)
core   0: 3 0x8000b300 (0xd03f2223) mem 0x8000c000 0x00000001
core   0: 0x8000b304 (0xff9ff06f) j       pc - 0x8
core   0: 3 0x8000b304 (0xff9ff06f)
core   0: 0x8000b2fc (0x00001f17) auipc   t5, 0x1
core   0: 3 0x8000b2fc (0x00001f17) x30 0x8000c2fc
core   0: 0x8000b300 (0xd03f2223) sw      gp, -764(t5)
core   0: 3 0x8000b300 (0xd03f2223) mem 0x8000c000 0x00000001
core   0: 0x8000b304 (0xff9ff06f) j       pc - 0x8
core   0: 3 0x8000b304 (0xff9ff06f)
core   0: 0x8000b2fc (0x00001f17) auipc   t5, 0x1
core   0: 3 0x8000b2fc (0x00001f17) x30 0x8000c2fc
core   0: 0x8000b300 (0xd03f2223) sw      gp, -764(t5)
core   0: 3 0x8000b300 (0xd03f2223) mem 0x8000c000 0x00000001
core   0: 0x8000b304 (0xff9ff06f) j       pc - 0x8
core   0: 3 0x8000b304 (0xff9ff06f)
core   0: 0x8000b2fc (0x00001f17) auipc   t5, 0x1
core   0: 3 0x8000b2fc (0x00001f17) x30 0x8000c2fc
core   0: 0x8000b300 (0xd03f2223) sw      gp, -764(t5)
core   0: 3 0x8000b300 (0xd03f2223) mem 0x8000c000 0x00000001
core   0: 0x8000b304 (0xff9ff06f) j       pc - 0x8
core   0: 3 0x8000b304 (0xff9ff06f)
core   0: 0x8000b2fc (0x00001f17) auipc   t5, 0x1
core   0: 3 0x8000b2fc (0x00001f17) x30 0x8000c2fc
core   0: 0x8000b300 (0xd03f2223) sw      gp, -764(t5)
core   0: 3 0x8000b300 (0xd03f2223) mem 0x8000c000 0x00000001
core   0: 0x8000b304 (0xff9ff06f) j       pc - 0x8
core   0: 3 0x8000b304 (0xff9ff06f)
core   0: 0x8000b2fc (0x00001f17) auipc   t5, 0x1
core   0: 3 0x8000b2fc (0x00001f17) x30 0x8000c2fc
core   0: 0x8000b300 (0xd03f2223) sw      gp, -764(t5)
core   0: 3 0x8000b300 (0xd03f2223) mem 0x8000c000 0x00000001
core   0: 0x8000b304 (0xff9ff06f) j       pc - 0x8
core   0: 3 0x8000b304 (0xff9ff06f)
core   0: 0x8000b2fc (0x00001f17) auipc   t5, 0x1
core   0: 3 0x8000b2fc (0x00001f17) x30 0x8000c2fc
core   0: 0x8000b300 (0xd03f2223) sw      gp, -764(t5)
core   0: 3 0x8000b300 (0xd03f2223) mem 0x8000c000 0x00000001
core   0: 0x8000b304 (0xff9ff06f) j       pc - 0x8
core   0: 3 0x8000b304 (0xff9ff06f)
core   0: 0x8000b2fc (0x00001f17) auipc   t5, 0x1
core   0: 3 0x8000b2fc (0x00001f17) x30 0x8000c2fc
core   0: 0x8000b300 (0xd03f2223) sw      gp, -764(t5)
core   0: 3 0x8000b300 (0xd03f2223) mem 0x8000c000 0x00000001
core   0: 0x8000b304 (0xff9ff06f) j       pc - 0x8
core   0: 3 0x8000b304 (0xff9ff06f)
core   0: 0x8000b2fc (0x00001f17) auipc   t5, 0x1
core   0: 3 0x8000b2fc (0x00001f17) x30 0x8000c2fc
core   0: 0x8000b300 (0xd03f2223) sw      gp, -764(t5)
core   0: 3 0x8000b300 (0xd03f2223) mem 0x8000c000 0x00000001
core   0: 0x8000b304 (0xff9ff06f) j       pc - 0x8
core   0: 3 0x8000b304 (0xff9ff06f)
core   0: 0x8000b2fc (0x00001f17) auipc   t5, 0x1
core   0: 3 0x8000b2fc (0x00001f17) x30 0x8000c2fc
core   0: 0x8000b300 (0xd03f2223) sw      gp, -764(t5)
core   0: 3 0x8000b300 (0xd03f2223) mem 0x8000c000 0x00000001
core   0: 0x8000b304 (0xff9ff06f) j       pc - 0x8
core   0: 3 0x8000b304 (0xff9ff06f)
core   0: 0x8000b2fc (0x00001f17) auipc   t5, 0x1
core   0: 3 0x8000b2fc (0x00001f17) x30 0x8000c2fc
core   0: 0x8000b300 (0xd03f2223) sw      gp, -764(t5)
core   0: 3 0x8000b300 (0xd03f2223) mem 0x8000c000 0x00000001
core   0: 0x8000b304 (0xff9ff06f) j       pc - 0x8
core   0: 3 0x8000b304 (0xff9ff06f)
core   0: 0x8000b2fc (0x00001f17) auipc   t5, 0x1
core   0: 3 0x8000b2fc (0x00001f17) x30 0x8000c2fc
core   0: 0x8000b300 (0xd03f2223) sw      gp, -764(t5)
core   0: 3 0x8000b300 (0xd03f2223) mem 0x8000c000 0x00000001
core   0: 0x8000b304 (0xff9ff06f) j       pc - 0x8
core   0: 3 0x8000b304 (0xff9ff06f)
core   0: 0x8000b2fc (0x00001f17) auipc   t5, 0x1
core   0: 3 0x8000b2fc (0x00001f17) x30 0x8000c2fc
core   0: 0x8000b300 (0xd03f2223) sw      gp, -764(t5)
core   0: 3 0x8000b300 (0xd03f2223) mem 0x8000c000 0x00000001
core   0: 0x8000b304 (0xff9ff06f) j       pc - 0x8
core   0: 3 0x8000b304 (0xff9ff06f)
core   0: 0x8000b2fc (0x00001f17) auipc   t5, 0x1
core   0: 3 0x8000b2fc (0x00001f17) x30 0x8000c2fc
core   0: 0x8000b300 (0xd03f2223) sw      gp, -764(t5)
core   0: 3 0x8000b300 (0xd03f2223) mem 0x8000c000 0x00000001
core   0: 0x8000b304 (0xff9ff06f) j       pc - 0x8
core   0: 3 0x8000b304 (0xff9ff06f)
core   0: 0x8000b2fc (0x00001f17) auipc   t5, 0x1
core   0: 3 0x8000b2fc (0x00001f17) x30 0x8000c2fc
core   0: 0x8000b300 (0xd03f2223) sw      gp, -764(t5)
core   0: 3 0x8000b300 (0xd03f2223) mem 0x8000c000 0x00000001
core   0: 0x8000b304 (0xff9ff06f) j       pc - 0x8
core   0: 3 0x8000b304 (0xff9ff06f)
core   0: 0x8000b2fc (0x00001f17) auipc   t5, 0x1
core   0: 3 0x8000b2fc (0x00001f17) x30 0x8000c2fc
core   0: 0x8000b300 (0xd03f2223) sw      gp, -764(t5)
core   0: 3 0x8000b300 (0xd03f2223) mem 0x8000c000 0x00000001
core   0: 0x8000b304 (0xff9ff06f) j       pc - 0x8
core   0: 3 0x8000b304 (0xff9ff06f)
core   0: 0x8000b2fc (0x00001f17) auipc   t5, 0x1
core   0: 3 0x8000b2fc (0x00001f17) x30 0x8000c2fc
core   0: 0x8000b300 (0xd03f2223) sw      gp, -764(t5)
core   0: 3 0x8000b300 (0xd03f2223) mem 0x8000c000 0x00000001
core   0: 0x8000b304 (0xff9ff06f) j       pc - 0x8
core   0: 3 0x8000b304 (0xff9ff06f)
core   0: 0x8000b2fc (0x00001f17) auipc   t5, 0x1
core   0: 3 0x8000b2fc (0x00001f17) x30 0x8000c2fc
core   0: 0x8000b300 (0xd03f2223) sw      gp, -764(t5)
core   0: 3 0x8000b300 (0xd03f2223) mem 0x8000c000 0x00000001
core   0: 0x8000b304 (0xff9ff06f) j       pc - 0x8
core   0: 3 0x8000b304 (0xff9ff06f)
core   0: 0x8000b2fc (0x00001f17) auipc   t5, 0x1
core   0: 3 0x8000b2fc (0x00001f17) x30 0x8000c2fc
core   0: 0x8000b300 (0xd03f2223) sw      gp, -764(t5)
core   0: 3 0x8000b300 (0xd03f2223) mem 0x8000c000 0x00000001
core   0: 0x8000b304 (0xff9ff06f) j       pc - 0x8
core   0: 3 0x8000b304 (0xff9ff06f)
core   0: 0x8000b2fc (0x00001f17) auipc   t5, 0x1
core   0: 3 0x8000b2fc (0x00001f17) x30 0x8000c2fc
core   0: 0x8000b300 (0xd03f2223) sw      gp, -764(t5)
core   0: 3 0x8000b300 (0xd03f2223) mem 0x8000c000 0x00000001
core   0: 0x8000b304 (0xff9ff06f) j       pc - 0x8
core   0: 3 0x8000b304 (0xff9ff06f)
core   0: 0x8000b2fc (0x00001f17) auipc   t5, 0x1
core   0: 3 0x8000b2fc (0x00001f17) x30 0x8000c2fc
core   0: 0x8000b300 (0xd03f2223) sw      gp, -764(t5)
core   0: 3 0x8000b300 (0xd03f2223) mem 0x8000c000 0x00000001
core   0: 0x8000b304 (0xff9ff06f) j       pc - 0x8
core   0: 3 0x8000b304 (0xff9ff06f)
core   0: 0x8000b2fc (0x00001f17) auipc   t5, 0x1
core   0: 3 0x8000b2fc (0x00001f17) x30 0x8000c2fc
core   0: 0x8000b300 (0xd03f2223) sw      gp, -764(t5)
core   0: 3 0x8000b300 (0xd03f2223) mem 0x8000c000 0x00000001
core   0: 0x8000b304 (0xff9ff06f) j       pc - 0x8
core   0: 3 0x8000b304 (0xff9ff06f)
core   0: 0x8000b2fc (0x00001f17) auipc   t5, 0x1
core   0: 3 0x8000b2fc (0x00001f17) x30 0x8000c2fc
core   0: 0x8000b300 (0xd03f2223) sw      gp, -764(t5)
core   0: 3 0x8000b300 (0xd03f2223) mem 0x8000c000 0x00000001
core   0: 0x8000b304 (0xff9ff06f) j       pc - 0x8
core   0: 3 0x8000b304 (0xff9ff06f)
core   0: 0x8000b2fc (0x00001f17) auipc   t5, 0x1
core   0: 3 0x8000b2fc (0x00001f17) x30 0x8000c2fc
core   0: 0x8000b300 (0xd03f2223) sw      gp, -764(t5)
core   0: 3 0x8000b300 (0xd03f2223) mem 0x8000c000 0x00000001
core   0: 0x8000b304 (0xff9ff06f) j       pc - 0x8
core   0: 3 0x8000b304 (0xff9ff06f)
core   0: 0x8000b2fc (0x00001f17) auipc   t5, 0x1
core   0: 3 0x8000b2fc (0x00001f17) x30 0x8000c2fc
core   0: 0x8000b300 (0xd03f2223) sw      gp, -764(t5)
core   0: 3 0x8000b300 (0xd03f2223) mem 0x8000c000 0x00000001
core   0: 0x8000b304 (0xff9ff06f) j       pc - 0x8
core   0: 3 0x8000b304 (0xff9ff06f)
core   0: 0x8000b2fc (0x00001f17) auipc   t5, 0x1
core   0: 3 0x8000b2fc (0x00001f17) x30 0x8000c2fc
core   0: 0x8000b300 (0xd03f2223) sw      gp, -764(t5)
core   0: 3 0x8000b300 (0xd03f2223) mem 0x8000c000 0x00000001
core   0: 0x8000b304 (0xff9ff06f) j       pc - 0x8
core   0: 3 0x8000b304 (0xff9ff06f)
core   0: 0x8000b2fc (0x00001f17) auipc   t5, 0x1
core   0: 3 0x8000b2fc (0x00001f17) x30 0x8000c2fc
core   0: 0x8000b300 (0xd03f2223) sw      gp, -764(t5)
core   0: 3 0x8000b300 (0xd03f2223) mem 0x8000c000 0x00000001
core   0: 0x8000b304 (0xff9ff06f) j       pc - 0x8
core   0: 3 0x8000b304 (0xff9ff06f)
core   0: 0x8000b2fc (0x00001f17) auipc   t5, 0x1
core   0: 3 0x8000b2fc (0x00001f17) x30 0x8000c2fc
core   0: 0x8000b300 (0xd03f2223) sw      gp, -764(t5)
core   0: 3 0x8000b300 (0xd03f2223) mem 0x8000c000 0x00000001
core   0: 0x8000b304 (0xff9ff06f) j       pc - 0x8
core   0: 3 0x8000b304 (0xff9ff06f)
core   0: 0x8000b2fc (0x00001f17) auipc   t5, 0x1
core   0: 3 0x8000b2fc (0x00001f17) x30 0x8000c2fc
core   0: 0x8000b300 (0xd03f2223) sw      gp, -764(t5)
core   0: 3 0x8000b300 (0xd03f2223) mem 0x8000c000 0x00000001
core   0: 0x8000b304 (0xff9ff06f) j       pc - 0x8
core   0: 3 0x8000b304 (0xff9ff06f)
core   0: 0x8000b2fc (0x00001f17) auipc   t5, 0x1
core   0: 3 0x8000b2fc (0x00001f17) x30 0x8000c2fc
core   0: 0x8000b300 (0xd03f2223) sw      gp, -764(t5)
core   0: 3 0x8000b300 (0xd03f2223) mem 0x8000c000 0x00000001
core   0: 0x8000b304 (0xff9ff06f) j       pc - 0x8
core   0: 3 0x8000b304 (0xff9ff06f)
core   0: 0x8000b2fc (0x00001f17) auipc   t5, 0x1
core   0: 3 0x8000b2fc (0x00001f17) x30 0x8000c2fc
core   0: 0x8000b300 (0xd03f2223) sw      gp, -764(t5)
core   0: 3 0x8000b300 (0xd03f2223) mem 0x8000c000 0x00000001
core   0: 0x8000b304 (0xff9ff06f) j       pc - 0x8
core   0: 3 0x8000b304 (0xff9ff06f)
core   0: 0x8000b2fc (0x00001f17) auipc   t5, 0x1
core   0: 3 0x8000b2fc (0x00001f17) x30 0x8000c2fc
core   0: 0x8000b300 (0xd03f2223) sw      gp, -764(t5)
core   0: 3 0x8000b300 (0xd03f2223) mem 0x8000c000 0x00000001
core   0: 0x8000b304 (0xff9ff06f) j       pc - 0x8
core   0: 3 0x8000b304 (0xff9ff06f)
core   0: 0x8000b2fc (0x00001f17) auipc   t5, 0x1
core   0: 3 0x8000b2fc (0x00001f17) x30 0x8000c2fc
core   0: 0x8000b300 (0xd03f2223) sw      gp, -764(t5)
core   0: 3 0x8000b300 (0xd03f2223) mem 0x8000c000 0x00000001
core   0: 0x8000b304 (0xff9ff06f) j       pc - 0x8
core   0: 3 0x8000b304 (0xff9ff06f)
core   0: 0x8000b2fc (0x00001f17) auipc   t5, 0x1
core   0: 3 0x8000b2fc (0x00001f17) x30 0x8000c2fc
core   0: 0x8000b300 (0xd03f2223) sw      gp, -764(t5)
core   0: 3 0x8000b300 (0xd03f2223) mem 0x8000c000 0x00000001
core   0: 0x8000b304 (0xff9ff06f) j       pc - 0x8
core   0: 3 0x8000b304 (0xff9ff06f)
core   0: 0x8000b2fc (0x00001f17) auipc   t5, 0x1
core   0: 3 0x8000b2fc (0x00001f17) x30 0x8000c2fc
core   0: 0x8000b300 (0xd03f2223) sw      gp, -764(t5)
core   0: 3 0x8000b300 (0xd03f2223) mem 0x8000c000 0x00000001
core   0: 0x8000b304 (0xff9ff06f) j       pc - 0x8
core   0: 3 0x8000b304 (0xff9ff06f)
core   0: 0x8000b2fc (0x00001f17) auipc   t5, 0x1
core   0: 3 0x8000b2fc (0x00001f17) x30 0x8000c2fc
core   0: 0x8000b300 (0xd03f2223) sw      gp, -764(t5)
core   0: 3 0x8000b300 (0xd03f2223) mem 0x8000c000 0x00000001
core   0: 0x8000b304 (0xff9ff06f) j       pc - 0x8
core   0: 3 0x8000b304 (0xff9ff06f)
core   0: 0x8000b2fc (0x00001f17) auipc   t5, 0x1
core   0: 3 0x8000b2fc (0x00001f17) x30 0x8000c2fc
core   0: 0x8000b300 (0xd03f2223) sw      gp, -764(t5)
core   0: 3 0x8000b300 (0xd03f2223) mem 0x8000c000 0x00000001
core   0: 0x8000b304 (0xff9ff06f) j       pc - 0x8
core   0: 3 0x8000b304 (0xff9ff06f)
core   0: 0x8000b2fc (0x00001f17) auipc   t5, 0x1
core   0: 3 0x8000b2fc (0x00001f17) x30 0x8000c2fc
core   0: 0x8000b300 (0xd03f2223) sw      gp, -764(t5)
core   0: 3 0x8000b300 (0xd03f2223) mem 0x8000c000 0x00000001
core   0: 0x8000b304 (0xff9ff06f) j       pc - 0x8
core   0: 3 0x8000b304 (0xff9ff06f)
core   0: 0x8000b2fc (0x00001f17) auipc   t5, 0x1
core   0: 3 0x8000b2fc (0x00001f17) x30 0x8000c2fc
core   0: 0x8000b300 (0xd03f2223) sw      gp, -764(t5)
core   0: 3 0x8000b300 (0xd03f2223) mem 0x8000c000 0x00000001
core   0: 0x8000b304 (0xff9ff06f) j       pc - 0x8
core   0: 3 0x8000b304 (0xff9ff06f)
core   0: 0x8000b2fc (0x00001f17) auipc   t5, 0x1
core   0: 3 0x8000b2fc (0x00001f17) x30 0x8000c2fc
core   0: 0x8000b300 (0xd03f2223) sw      gp, -764(t5)
core   0: 3 0x8000b300 (0xd03f2223) mem 0x8000c000 0x00000001
core   0: 0x8000b304 (0xff9ff06f) j       pc - 0x8
core   0: 3 0x8000b304 (0xff9ff06f)
core   0: 0x8000b2fc (0x00001f17) auipc   t5, 0x1
core   0: 3 0x8000b2fc (0x00001f17) x30 0x8000c2fc
core   0: 0x8000b300 (0xd03f2223) sw      gp, -764(t5)
core   0: 3 0x8000b300 (0xd03f2223) mem 0x8000c000 0x00000001
core   0: 0x8000b304 (0xff9ff06f) j       pc - 0x8
core   0: 3 0x8000b304 (0xff9ff06f)
core   0: 0x8000b2fc (0x00001f17) auipc   t5, 0x1
core   0: 3 0x8000b2fc (0x00001f17) x30 0x8000c2fc
core   0: 0x8000b300 (0xd03f2223) sw      gp, -764(t5)
core   0: 3 0x8000b300 (0xd03f2223) mem 0x8000c000 0x00000001
core   0: 0x8000b304 (0xff9ff06f) j       pc - 0x8
core   0: 3 0x8000b304 (0xff9ff06f)
core   0: 0x8000b2fc (0x00001f17) auipc   t5, 0x1
core   0: 3 0x8000b2fc (0x00001f17) x30 0x8000c2fc
core   0: 0x8000b300 (0xd03f2223) sw      gp, -764(t5)
core   0: 3 0x8000b300 (0xd03f2223) mem 0x8000c000 0x00000001
core   0: 0x8000b304 (0xff9ff06f) j       pc - 0x8
core   0: 3 0x8000b304 (0xff9ff06f)
core   0: 0x8000b2fc (0x00001f17) auipc   t5, 0x1
core   0: 3 0x8000b2fc (0x00001f17) x30 0x8000c2fc
core   0: 0x8000b300 (0xd03f2223) sw      gp, -764(t5)
core   0: 3 0x8000b300 (0xd03f2223) mem 0x8000c000 0x00000001
core   0: 0x8000b304 (0xff9ff06f) j       pc - 0x8
core   0: 3 0x8000b304 (0xff9ff06f)
core   0: 0x8000b2fc (0x00001f17) auipc   t5, 0x1
core   0: 3 0x8000b2fc (0x00001f17) x30 0x8000c2fc
core   0: 0x8000b300 (0xd03f2223) sw      gp, -764(t5)
core   0: 3 0x8000b300 (0xd03f2223) mem 0x8000c000 0x00000001
core   0: 0x8000b304 (0xff9ff06f) j       pc - 0x8
core   0: 3 0x8000b304 (0xff9ff06f)
core   0: 0x8000b2fc (0x00001f17) auipc   t5, 0x1
core   0: 3 0x8000b2fc (0x00001f17) x30 0x8000c2fc
core   0: 0x8000b300 (0xd03f2223) sw      gp, -764(t5)
core   0: 3 0x8000b300 (0xd03f2223) mem 0x8000c000 0x00000001
core   0: 0x8000b304 (0xff9ff06f) j       pc - 0x8
core   0: 3 0x8000b304 (0xff9ff06f)
core   0: 0x8000b2fc (0x00001f17) auipc   t5, 0x1
core   0: 3 0x8000b2fc (0x00001f17) x30 0x8000c2fc
core   0: 0x8000b300 (0xd03f2223) sw      gp, -764(t5)
core   0: 3 0x8000b300 (0xd03f2223) mem 0x8000c000 0x00000001
core   0: 0x8000b304 (0xff9ff06f) j       pc - 0x8
core   0: 3 0x8000b304 (0xff9ff06f)
core   0: 0x8000b2fc (0x00001f17) auipc   t5, 0x1
core   0: 3 0x8000b2fc (0x00001f17) x30 0x8000c2fc
core   0: 0x8000b300 (0xd03f2223) sw      gp, -764(t5)
core   0: 3 0x8000b300 (0xd03f2223) mem 0x8000c000 0x00000001
core   0: 0x8000b304 (0xff9ff06f) j       pc - 0x8
core   0: 3 0x8000b304 (0xff9ff06f)
core   0: 0x8000b2fc (0x00001f17) auipc   t5, 0x1
core   0: 3 0x8000b2fc (0x00001f17) x30 0x8000c2fc
core   0: 0x8000b300 (0xd03f2223) sw      gp, -764(t5)
core   0: 3 0x8000b300 (0xd03f2223) mem 0x8000c000 0x00000001
core   0: 0x8000b304 (0xff9ff06f) j       pc - 0x8
core   0: 3 0x8000b304 (0xff9ff06f)
core   0: 0x8000b2fc (0x00001f17) auipc   t5, 0x1
core   0: 3 0x8000b2fc (0x00001f17) x30 0x8000c2fc
core   0: 0x8000b300 (0xd03f2223) sw      gp, -764(t5)
core   0: 3 0x8000b300 (0xd03f2223) mem 0x8000c000 0x00000001
core   0: 0x8000b304 (0xff9ff06f) j       pc - 0x8
core   0: 3 0x8000b304 (0xff9ff06f)
core   0: 0x8000b2fc (0x00001f17) auipc   t5, 0x1
core   0: 3 0x8000b2fc (0x00001f17) x30 0x8000c2fc
core   0: 0x8000b300 (0xd03f2223) sw      gp, -764(t5)
core   0: 3 0x8000b300 (0xd03f2223) mem 0x8000c000 0x00000001
core   0: 0x8000b304 (0xff9ff06f) j       pc - 0x8
core   0: 3 0x8000b304 (0xff9ff06f)
core   0: 0x8000b2fc (0x00001f17) auipc   t5, 0x1
core   0: 3 0x8000b2fc (0x00001f17) x30 0x8000c2fc
core   0: 0x8000b300 (0xd03f2223) sw      gp, -764(t5)
core   0: 3 0x8000b300 (0xd03f2223) mem 0x8000c000 0x00000001
core   0: 0x8000b304 (0xff9ff06f) j       pc - 0x8
core   0: 3 0x8000b304 (0xff9ff06f)
core   0: 0x8000b2fc (0x00001f17) auipc   t5, 0x1
core   0: 3 0x8000b2fc (0x00001f17) x30 0x8000c2fc
core   0: 0x8000b300 (0xd03f2223) sw      gp, -764(t5)
core   0: 3 0x8000b300 (0xd03f2223) mem 0x8000c000 0x00000001
core   0: 0x8000b304 (0xff9ff06f) j       pc - 0x8
core   0: 3 0x8000b304 (0xff9ff06f)
core   0: 0x8000b2fc (0x00001f17) auipc   t5, 0x1
core   0: 3 0x8000b2fc (0x00001f17) x30 0x8000c2fc
core   0: 0x8000b300 (0xd03f2223) sw      gp, -764(t5)
core   0: 3 0x8000b300 (0xd03f2223) mem 0x8000c000 0x00000001
core   0: 0x8000b304 (0xff9ff06f) j       pc - 0x8
core   0: 3 0x8000b304 (0xff9ff06f)
core   0: 0x8000b2fc (0x00001f17) auipc   t5, 0x1
core   0: 3 0x8000b2fc (0x00001f17) x30 0x8000c2fc
core   0: 0x8000b300 (0xd03f2223) sw      gp, -764(t5)
core   0: 3 0x8000b300 (0xd03f2223) mem 0x8000c000 0x00000001
core   0: 0x8000b304 (0xff9ff06f) j       pc - 0x8
core   0: 3 0x8000b304 (0xff9ff06f)
core   0: 0x8000b2fc (0x00001f17) auipc   t5, 0x1
core   0: 3 0x8000b2fc (0x00001f17) x30 0x8000c2fc
core   0: 0x8000b300 (0xd03f2223) sw      gp, -764(t5)
core   0: 3 0x8000b300 (0xd03f2223) mem 0x8000c000 0x00000001
core   0: 0x8000b304 (0xff9ff06f) j       pc - 0x8
core   0: 3 0x8000b304 (0xff9ff06f)
core   0: 0x8000b2fc (0x00001f17) auipc   t5, 0x1
core   0: 3 0x8000b2fc (0x00001f17) x30 0x8000c2fc
core   0: 0x8000b300 (0xd03f2223) sw      gp, -764(t5)
core   0: 3 0x8000b300 (0xd03f2223) mem 0x8000c000 0x00000001
core   0: 0x8000b304 (0xff9ff06f) j       pc - 0x8
core   0: 3 0x8000b304 (0xff9ff06f)
core   0: 0x8000b2fc (0x00001f17) auipc   t5, 0x1
core   0: 3 0x8000b2fc (0x00001f17) x30 0x8000c2fc
core   0: 0x8000b300 (0xd03f2223) sw      gp, -764(t5)
core   0: 3 0x8000b300 (0xd03f2223) mem 0x8000c000 0x00000001
core   0: 0x8000b304 (0xff9ff06f) j       pc - 0x8
core   0: 3 0x8000b304 (0xff9ff06f)
core   0: 0x8000b2fc (0x00001f17) auipc   t5, 0x1
core   0: 3 0x8000b2fc (0x00001f17) x30 0x8000c2fc
core   0: 0x8000b300 (0xd03f2223) sw      gp, -764(t5)
core   0: 3 0x8000b300 (0xd03f2223) mem 0x8000c000 0x00000001
core   0: 0x8000b304 (0xff9ff06f) j       pc - 0x8
core   0: 3 0x8000b304 (0xff9ff06f)
core   0: 0x8000b2fc (0x00001f17) auipc   t5, 0x1
core   0: 3 0x8000b2fc (0x00001f17) x30 0x8000c2fc
core   0: 0x8000b300 (0xd03f2223) sw      gp, -764(t5)
core   0: 3 0x8000b300 (0xd03f2223) mem 0x8000c000 0x00000001
core   0: 0x8000b304 (0xff9ff06f) j       pc - 0x8
core   0: 3 0x8000b304 (0xff9ff06f)
core   0: 0x8000b2fc (0x00001f17) auipc   t5, 0x1
core   0: 3 0x8000b2fc (0x00001f17) x30 0x8000c2fc
core   0: 0x8000b300 (0xd03f2223) sw      gp, -764(t5)
core   0: 3 0x8000b300 (0xd03f2223) mem 0x8000c000 0x00000001
core   0: 0x8000b304 (0xff9ff06f) j       pc - 0x8
core   0: 3 0x8000b304 (0xff9ff06f)
core   0: 0x8000b2fc (0x00001f17) auipc   t5, 0x1
core   0: 3 0x8000b2fc (0x00001f17) x30 0x8000c2fc
core   0: 0x8000b300 (0xd03f2223) sw      gp, -764(t5)
core   0: 3 0x8000b300 (0xd03f2223) mem 0x8000c000 0x00000001
core   0: 0x8000b304 (0xff9ff06f) j       pc - 0x8
core   0: 3 0x8000b304 (0xff9ff06f)
core   0: 0x8000b2fc (0x00001f17) auipc   t5, 0x1
core   0: 3 0x8000b2fc (0x00001f17) x30 0x8000c2fc
core   0: 0x8000b300 (0xd03f2223) sw      gp, -764(t5)
core   0: 3 0x8000b300 (0xd03f2223) mem 0x8000c000 0x00000001
core   0: 0x8000b304 (0xff9ff06f) j       pc - 0x8
core   0: 3 0x8000b304 (0xff9ff06f)
core   0: 0x8000b2fc (0x00001f17) auipc   t5, 0x1
core   0: 3 0x8000b2fc (0x00001f17) x30 0x8000c2fc
core   0: 0x8000b300 (0xd03f2223) sw      gp, -764(t5)
core   0: 3 0x8000b300 (0xd03f2223) mem 0x8000c000 0x00000001
core   0: 0x8000b304 (0xff9ff06f) j       pc - 0x8
core   0: 3 0x8000b304 (0xff9ff06f)
core   0: 0x8000b2fc (0x00001f17) auipc   t5, 0x1
core   0: 3 0x8000b2fc (0x00001f17) x30 0x8000c2fc
core   0: 0x8000b300 (0xd03f2223) sw      gp, -764(t5)
core   0: 3 0x8000b300 (0xd03f2223) mem 0x8000c000 0x00000001
core   0: 0x8000b304 (0xff9ff06f) j       pc - 0x8
core   0: 3 0x8000b304 (0xff9ff06f)
core   0: 0x8000b2fc (0x00001f17) auipc   t5, 0x1
core   0: 3 0x8000b2fc (0x00001f17) x30 0x8000c2fc
core   0: 0x8000b300 (0xd03f2223) sw      gp, -764(t5)
core   0: 3 0x8000b300 (0xd03f2223) mem 0x8000c000 0x00000001
core   0: 0x8000b304 (0xff9ff06f) j       pc - 0x8
core   0: 3 0x8000b304 (0xff9ff06f)
core   0: 0x8000b2fc (0x00001f17) auipc   t5, 0x1
core   0: 3 0x8000b2fc (0x00001f17) x30 0x8000c2fc
core   0: 0x8000b300 (0xd03f2223) sw      gp, -764(t5)
core   0: 3 0x8000b300 (0xd03f2223) mem 0x8000c000 0x00000001
core   0: 0x8000b304 (0xff9ff06f) j       pc - 0x8
core   0: 3 0x8000b304 (0xff9ff06f)
core   0: 0x8000b2fc (0x00001f17) auipc   t5, 0x1
core   0: 3 0x8000b2fc (0x00001f17) x30 0x8000c2fc
core   0: 0x8000b300 (0xd03f2223) sw      gp, -764(t5)
core   0: 3 0x8000b300 (0xd03f2223) mem 0x8000c000 0x00000001
core   0: 0x8000b304 (0xff9ff06f) j       pc - 0x8
core   0: 3 0x8000b304 (0xff9ff06f)
core   0: 0x8000b2fc (0x00001f17) auipc   t5, 0x1
core   0: 3 0x8000b2fc (0x00001f17) x30 0x8000c2fc
core   0: 0x8000b300 (0xd03f2223) sw      gp, -764(t5)
core   0: 3 0x8000b300 (0xd03f2223) mem 0x8000c000 0x00000001
core   0: 0x8000b304 (0xff9ff06f) j       pc - 0x8
core   0: 3 0x8000b304 (0xff9ff06f)
core   0: 0x8000b2fc (0x00001f17) auipc   t5, 0x1
core   0: 3 0x8000b2fc (0x00001f17) x30 0x8000c2fc
core   0: 0x8000b300 (0xd03f2223) sw      gp, -764(t5)
core   0: 3 0x8000b300 (0xd03f2223) mem 0x8000c000 0x00000001
core   0: 0x8000b304 (0xff9ff06f) j       pc - 0x8
core   0: 3 0x8000b304 (0xff9ff06f)
core   0: 0x8000b2fc (0x00001f17) auipc   t5, 0x1
core   0: 3 0x8000b2fc (0x00001f17) x30 0x8000c2fc
core   0: 0x8000b300 (0xd03f2223) sw      gp, -764(t5)
core   0: 3 0x8000b300 (0xd03f2223) mem 0x8000c000 0x00000001
core   0: 0x8000b304 (0xff9ff06f) j       pc - 0x8
core   0: 3 0x8000b304 (0xff9ff06f)
core   0: 0x8000b2fc (0x00001f17) auipc   t5, 0x1
core   0: 3 0x8000b2fc (0x00001f17) x30 0x8000c2fc
core   0: 0x8000b300 (0xd03f2223) sw      gp, -764(t5)
core   0: 3 0x8000b300 (0xd03f2223) mem 0x8000c000 0x00000001
core   0: 0x8000b304 (0xff9ff06f) j       pc - 0x8
core   0: 3 0x8000b304 (0xff9ff06f)
core   0: 0x8000b2fc (0x00001f17) auipc   t5, 0x1
core   0: 3 0x8000b2fc (0x00001f17) x30 0x8000c2fc
core   0: 0x8000b300 (0xd03f2223) sw      gp, -764(t5)
core   0: 3 0x8000b300 (0xd03f2223) mem 0x8000c000 0x00000001
core   0: 0x8000b304 (0xff9ff06f) j       pc - 0x8
core   0: 3 0x8000b304 (0xff9ff06f)
core   0: 0x8000b2fc (0x00001f17) auipc   t5, 0x1
core   0: 3 0x8000b2fc (0x00001f17) x30 0x8000c2fc
core   0: 0x8000b300 (0xd03f2223) sw      gp, -764(t5)
core   0: 3 0x8000b300 (0xd03f2223) mem 0x8000c000 0x00000001
core   0: 0x8000b304 (0xff9ff06f) j       pc - 0x8
core   0: 3 0x8000b304 (0xff9ff06f)
core   0: 0x8000b2fc (0x00001f17) auipc   t5, 0x1
core   0: 3 0x8000b2fc (0x00001f17) x30 0x8000c2fc
core   0: 0x8000b300 (0xd03f2223) sw      gp, -764(t5)
core   0: 3 0x8000b300 (0xd03f2223) mem 0x8000c000 0x00000001
core   0: 0x8000b304 (0xff9ff06f) j       pc - 0x8
core   0: 3 0x8000b304 (0xff9ff06f)
core   0: 0x8000b2fc (0x00001f17) auipc   t5, 0x1
core   0: 3 0x8000b2fc (0x00001f17) x30 0x8000c2fc
core   0: 0x8000b300 (0xd03f2223) sw      gp, -764(t5)
core   0: 3 0x8000b300 (0xd03f2223) mem 0x8000c000 0x00000001
core   0: 0x8000b304 (0xff9ff06f) j       pc - 0x8
core   0: 3 0x8000b304 (0xff9ff06f)
core   0: 0x8000b2fc (0x00001f17) auipc   t5, 0x1
core   0: 3 0x8000b2fc (0x00001f17) x30 0x8000c2fc
core   0: 0x8000b300 (0xd03f2223) sw      gp, -764(t5)
core   0: 3 0x8000b300 (0xd03f2223) mem 0x8000c000 0x00000001
core   0: 0x8000b304 (0xff9ff06f) j       pc - 0x8
core   0: 3 0x8000b304 (0xff9ff06f)
core   0: 0x8000b2fc (0x00001f17) auipc   t5, 0x1
core   0: 3 0x8000b2fc (0x00001f17) x30 0x8000c2fc
core   0: 0x8000b300 (0xd03f2223) sw      gp, -764(t5)
core   0: 3 0x8000b300 (0xd03f2223) mem 0x8000c000 0x00000001
core   0: 0x8000b304 (0xff9ff06f) j       pc - 0x8
core   0: 3 0x8000b304 (0xff9ff06f)
core   0: 0x8000b2fc (0x00001f17) auipc   t5, 0x1
core   0: 3 0x8000b2fc (0x00001f17) x30 0x8000c2fc
core   0: 0x8000b300 (0xd03f2223) sw      gp, -764(t5)
core   0: 3 0x8000b300 (0xd03f2223) mem 0x8000c000 0x00000001
core   0: 0x8000b304 (0xff9ff06f) j       pc - 0x8
core   0: 3 0x8000b304 (0xff9ff06f)
core   0: 0x8000b2fc (0x00001f17) auipc   t5, 0x1
core   0: 3 0x8000b2fc (0x00001f17) x30 0x8000c2fc
core   0: 0x8000b300 (0xd03f2223) sw      gp, -764(t5)
core   0: 3 0x8000b300 (0xd03f2223) mem 0x8000c000 0x00000001
core   0: 0x8000b304 (0xff9ff06f) j       pc - 0x8
core   0: 3 0x8000b304 (0xff9ff06f)
core   0: 0x8000b2fc (0x00001f17) auipc   t5, 0x1
core   0: 3 0x8000b2fc (0x00001f17) x30 0x8000c2fc
core   0: 0x8000b300 (0xd03f2223) sw      gp, -764(t5)
core   0: 3 0x8000b300 (0xd03f2223) mem 0x8000c000 0x00000001
core   0: 0x8000b304 (0xff9ff06f) j       pc - 0x8
core   0: 3 0x8000b304 (0xff9ff06f)
core   0: 0x8000b2fc (0x00001f17) auipc   t5, 0x1
core   0: 3 0x8000b2fc (0x00001f17) x30 0x8000c2fc
core   0: 0x8000b300 (0xd03f2223) sw      gp, -764(t5)
core   0: 3 0x8000b300 (0xd03f2223) mem 0x8000c000 0x00000001
core   0: 0x8000b304 (0xff9ff06f) j       pc - 0x8
core   0: 3 0x8000b304 (0xff9ff06f)
core   0: 0x8000b2fc (0x00001f17) auipc   t5, 0x1
core   0: 3 0x8000b2fc (0x00001f17) x30 0x8000c2fc
core   0: 0x8000b300 (0xd03f2223) sw      gp, -764(t5)
core   0: 3 0x8000b300 (0xd03f2223) mem 0x8000c000 0x00000001
core   0: 0x8000b304 (0xff9ff06f) j       pc - 0x8
core   0: 3 0x8000b304 (0xff9ff06f)
core   0: 0x8000b2fc (0x00001f17) auipc   t5, 0x1
core   0: 3 0x8000b2fc (0x00001f17) x30 0x8000c2fc
core   0: 0x8000b300 (0xd03f2223) sw      gp, -764(t5)
core   0: 3 0x8000b300 (0xd03f2223) mem 0x8000c000 0x00000001
core   0: 0x8000b304 (0xff9ff06f) j       pc - 0x8
core   0: 3 0x8000b304 (0xff9ff06f)
core   0: 0x8000b2fc (0x00001f17) auipc   t5, 0x1
core   0: 3 0x8000b2fc (0x00001f17) x30 0x8000c2fc
core   0: 0x8000b300 (0xd03f2223) sw      gp, -764(t5)
core   0: 3 0x8000b300 (0xd03f2223) mem 0x8000c000 0x00000001
core   0: 0x8000b304 (0xff9ff06f) j       pc - 0x8
core   0: 3 0x8000b304 (0xff9ff06f)
core   0: 0x8000b2fc (0x00001f17) auipc   t5, 0x1
core   0: 3 0x8000b2fc (0x00001f17) x30 0x8000c2fc
core   0: 0x8000b300 (0xd03f2223) sw      gp, -764(t5)
core   0: 3 0x8000b300 (0xd03f2223) mem 0x8000c000 0x00000001
core   0: 0x8000b304 (0xff9ff06f) j       pc - 0x8
core   0: 3 0x8000b304 (0xff9ff06f)
core   0: 0x8000b2fc (0x00001f17) auipc   t5, 0x1
core   0: 3 0x8000b2fc (0x00001f17) x30 0x8000c2fc
core   0: 0x8000b300 (0xd03f2223) sw      gp, -764(t5)
core   0: 3 0x8000b300 (0xd03f2223) mem 0x8000c000 0x00000001
core   0: 0x8000b304 (0xff9ff06f) j       pc - 0x8
core   0: 3 0x8000b304 (0xff9ff06f)
core   0: 0x8000b2fc (0x00001f17) auipc   t5, 0x1
core   0: 3 0x8000b2fc (0x00001f17) x30 0x8000c2fc
core   0: 0x8000b300 (0xd03f2223) sw      gp, -764(t5)
core   0: 3 0x8000b300 (0xd03f2223) mem 0x8000c000 0x00000001
core   0: 0x8000b304 (0xff9ff06f) j       pc - 0x8
core   0: 3 0x8000b304 (0xff9ff06f)
core   0: 0x8000b2fc (0x00001f17) auipc   t5, 0x1
core   0: 3 0x8000b2fc (0x00001f17) x30 0x8000c2fc
core   0: 0x8000b300 (0xd03f2223) sw      gp, -764(t5)
core   0: 3 0x8000b300 (0xd03f2223) mem 0x8000c000 0x00000001
core   0: 0x8000b304 (0xff9ff06f) j       pc - 0x8
core   0: 3 0x8000b304 (0xff9ff06f)
core   0: 0x8000b2fc (0x00001f17) auipc   t5, 0x1
core   0: 3 0x8000b2fc (0x00001f17) x30 0x8000c2fc
core   0: 0x8000b300 (0xd03f2223) sw      gp, -764(t5)
core   0: 3 0x8000b300 (0xd03f2223) mem 0x8000c000 0x00000001
core   0: 0x8000b304 (0xff9ff06f) j       pc - 0x8
core   0: 3 0x8000b304 (0xff9ff06f)
core   0: 0x8000b2fc (0x00001f17) auipc   t5, 0x1
core   0: 3 0x8000b2fc (0x00001f17) x30 0x8000c2fc
core   0: 0x8000b300 (0xd03f2223) sw      gp, -764(t5)
core   0: 3 0x8000b300 (0xd03f2223) mem 0x8000c000 0x00000001
core   0: 0x8000b304 (0xff9ff06f) j       pc - 0x8
core   0: 3 0x8000b304 (0xff9ff06f)
core   0: 0x8000b2fc (0x00001f17) auipc   t5, 0x1
core   0: 3 0x8000b2fc (0x00001f17) x30 0x8000c2fc
core   0: 0x8000b300 (0xd03f2223) sw      gp, -764(t5)
core   0: 3 0x8000b300 (0xd03f2223) mem 0x8000c000 0x00000001
core   0: 0x8000b304 (0xff9ff06f) j       pc - 0x8
core   0: 3 0x8000b304 (0xff9ff06f)
core   0: 0x8000b2fc (0x00001f17) auipc   t5, 0x1
core   0: 3 0x8000b2fc (0x00001f17) x30 0x8000c2fc
core   0: 0x8000b300 (0xd03f2223) sw      gp, -764(t5)
core   0: 3 0x8000b300 (0xd03f2223) mem 0x8000c000 0x00000001
core   0: 0x8000b304 (0xff9ff06f) j       pc - 0x8
core   0: 3 0x8000b304 (0xff9ff06f)
core   0: 0x8000b2fc (0x00001f17) auipc   t5, 0x1
core   0: 3 0x8000b2fc (0x00001f17) x30 0x8000c2fc
core   0: 0x8000b300 (0xd03f2223) sw      gp, -764(t5)
core   0: 3 0x8000b300 (0xd03f2223) mem 0x8000c000 0x00000001
core   0: 0x8000b304 (0xff9ff06f) j       pc - 0x8
core   0: 3 0x8000b304 (0xff9ff06f)
core   0: 0x8000b2fc (0x00001f17) auipc   t5, 0x1
core   0: 3 0x8000b2fc (0x00001f17) x30 0x8000c2fc
core   0: 0x8000b300 (0xd03f2223) sw      gp, -764(t5)
core   0: 3 0x8000b300 (0xd03f2223) mem 0x8000c000 0x00000001
core   0: 0x8000b304 (0xff9ff06f) j       pc - 0x8
core   0: 3 0x8000b304 (0xff9ff06f)
core   0: 0x8000b2fc (0x00001f17) auipc   t5, 0x1
core   0: 3 0x8000b2fc (0x00001f17) x30 0x8000c2fc
core   0: 0x8000b300 (0xd03f2223) sw      gp, -764(t5)
core   0: 3 0x8000b300 (0xd03f2223) mem 0x8000c000 0x00000001
core   0: 0x8000b304 (0xff9ff06f) j       pc - 0x8
core   0: 3 0x8000b304 (0xff9ff06f)
core   0: 0x8000b2fc (0x00001f17) auipc   t5, 0x1
core   0: 3 0x8000b2fc (0x00001f17) x30 0x8000c2fc
core   0: 0x8000b300 (0xd03f2223) sw      gp, -764(t5)
core   0: 3 0x8000b300 (0xd03f2223) mem 0x8000c000 0x00000001
core   0: 0x8000b304 (0xff9ff06f) j       pc - 0x8
core   0: 3 0x8000b304 (0xff9ff06f)
core   0: 0x8000b2fc (0x00001f17) auipc   t5, 0x1
core   0: 3 0x8000b2fc (0x00001f17) x30 0x8000c2fc
core   0: 0x8000b300 (0xd03f2223) sw      gp, -764(t5)
core   0: 3 0x8000b300 (0xd03f2223) mem 0x8000c000 0x00000001
core   0: 0x8000b304 (0xff9ff06f) j       pc - 0x8
core   0: 3 0x8000b304 (0xff9ff06f)
core   0: 0x8000b2fc (0x00001f17) auipc   t5, 0x1
core   0: 3 0x8000b2fc (0x00001f17) x30 0x8000c2fc
core   0: 0x8000b300 (0xd03f2223) sw      gp, -764(t5)
core   0: 3 0x8000b300 (0xd03f2223) mem 0x8000c000 0x00000001
core   0: 0x8000b304 (0xff9ff06f) j       pc - 0x8
core   0: 3 0x8000b304 (0xff9ff06f)
core   0: 0x8000b2fc (0x00001f17) auipc   t5, 0x1
core   0: 3 0x8000b2fc (0x00001f17) x30 0x8000c2fc
core   0: 0x8000b300 (0xd03f2223) sw      gp, -764(t5)
core   0: 3 0x8000b300 (0xd03f2223) mem 0x8000c000 0x00000001
core   0: 0x8000b304 (0xff9ff06f) j       pc - 0x8
core   0: 3 0x8000b304 (0xff9ff06f)
core   0: 0x8000b2fc (0x00001f17) auipc   t5, 0x1
core   0: 3 0x8000b2fc (0x00001f17) x30 0x8000c2fc
core   0: 0x8000b300 (0xd03f2223) sw      gp, -764(t5)
core   0: 3 0x8000b300 (0xd03f2223) mem 0x8000c000 0x00000001
core   0: 0x8000b304 (0xff9ff06f) j       pc - 0x8
core   0: 3 0x8000b304 (0xff9ff06f)
core   0: 0x8000b2fc (0x00001f17) auipc   t5, 0x1
core   0: 3 0x8000b2fc (0x00001f17) x30 0x8000c2fc
core   0: 0x8000b300 (0xd03f2223) sw      gp, -764(t5)
core   0: 3 0x8000b300 (0xd03f2223) mem 0x8000c000 0x00000001
core   0: 0x8000b304 (0xff9ff06f) j       pc - 0x8
core   0: 3 0x8000b304 (0xff9ff06f)
core   0: 0x8000b2fc (0x00001f17) auipc   t5, 0x1
core   0: 3 0x8000b2fc (0x00001f17) x30 0x8000c2fc
core   0: 0x8000b300 (0xd03f2223) sw      gp, -764(t5)
core   0: 3 0x8000b300 (0xd03f2223) mem 0x8000c000 0x00000001
core   0: 0x8000b304 (0xff9ff06f) j       pc - 0x8
core   0: 3 0x8000b304 (0xff9ff06f)
core   0: 0x8000b2fc (0x00001f17) auipc   t5, 0x1
core   0: 3 0x8000b2fc (0x00001f17) x30 0x8000c2fc
core   0: 0x8000b300 (0xd03f2223) sw      gp, -764(t5)
core   0: 3 0x8000b300 (0xd03f2223) mem 0x8000c000 0x00000001
core   0: 0x8000b304 (0xff9ff06f) j       pc - 0x8
core   0: 3 0x8000b304 (0xff9ff06f)
core   0: 0x8000b2fc (0x00001f17) auipc   t5, 0x1
core   0: 3 0x8000b2fc (0x00001f17) x30 0x8000c2fc
core   0: 0x8000b300 (0xd03f2223) sw      gp, -764(t5)
core   0: 3 0x8000b300 (0xd03f2223) mem 0x8000c000 0x00000001
core   0: 0x8000b304 (0xff9ff06f) j       pc - 0x8
core   0: 3 0x8000b304 (0xff9ff06f)
core   0: 0x8000b2fc (0x00001f17) auipc   t5, 0x1
core   0: 3 0x8000b2fc (0x00001f17) x30 0x8000c2fc
core   0: 0x8000b300 (0xd03f2223) sw      gp, -764(t5)
core   0: 3 0x8000b300 (0xd03f2223) mem 0x8000c000 0x00000001
core   0: 0x8000b304 (0xff9ff06f) j       pc - 0x8
core   0: 3 0x8000b304 (0xff9ff06f)
core   0: 0x8000b2fc (0x00001f17) auipc   t5, 0x1
core   0: 3 0x8000b2fc (0x00001f17) x30 0x8000c2fc
core   0: 0x8000b300 (0xd03f2223) sw      gp, -764(t5)
core   0: 3 0x8000b300 (0xd03f2223) mem 0x8000c000 0x00000001
core   0: 0x8000b304 (0xff9ff06f) j       pc - 0x8
core   0: 3 0x8000b304 (0xff9ff06f)
core   0: 0x8000b2fc (0x00001f17) auipc   t5, 0x1
core   0: 3 0x8000b2fc (0x00001f17) x30 0x8000c2fc
core   0: 0x8000b300 (0xd03f2223) sw      gp, -764(t5)
core   0: 3 0x8000b300 (0xd03f2223) mem 0x8000c000 0x00000001
core   0: 0x8000b304 (0xff9ff06f) j       pc - 0x8
core   0: 3 0x8000b304 (0xff9ff06f)
core   0: 0x8000b2fc (0x00001f17) auipc   t5, 0x1
core   0: 3 0x8000b2fc (0x00001f17) x30 0x8000c2fc
core   0: 0x8000b300 (0xd03f2223) sw      gp, -764(t5)
core   0: 3 0x8000b300 (0xd03f2223) mem 0x8000c000 0x00000001
core   0: 0x8000b304 (0xff9ff06f) j       pc - 0x8
core   0: 3 0x8000b304 (0xff9ff06f)
core   0: 0x8000b2fc (0x00001f17) auipc   t5, 0x1
core   0: 3 0x8000b2fc (0x00001f17) x30 0x8000c2fc
core   0: 0x8000b300 (0xd03f2223) sw      gp, -764(t5)
core   0: 3 0x8000b300 (0xd03f2223) mem 0x8000c000 0x00000001
core   0: 0x8000b304 (0xff9ff06f) j       pc - 0x8
core   0: 3 0x8000b304 (0xff9ff06f)
core   0: 0x8000b2fc (0x00001f17) auipc   t5, 0x1
core   0: 3 0x8000b2fc (0x00001f17) x30 0x8000c2fc
core   0: 0x8000b300 (0xd03f2223) sw      gp, -764(t5)
core   0: 3 0x8000b300 (0xd03f2223) mem 0x8000c000 0x00000001
core   0: 0x8000b304 (0xff9ff06f) j       pc - 0x8
core   0: 3 0x8000b304 (0xff9ff06f)
core   0: 0x8000b2fc (0x00001f17) auipc   t5, 0x1
core   0: 3 0x8000b2fc (0x00001f17) x30 0x8000c2fc
core   0: 0x8000b300 (0xd03f2223) sw      gp, -764(t5)
core   0: 3 0x8000b300 (0xd03f2223) mem 0x8000c000 0x00000001
core   0: 0x8000b304 (0xff9ff06f) j       pc - 0x8
core   0: 3 0x8000b304 (0xff9ff06f)
core   0: 0x8000b2fc (0x00001f17) auipc   t5, 0x1
core   0: 3 0x8000b2fc (0x00001f17) x30 0x8000c2fc
core   0: 0x8000b300 (0xd03f2223) sw      gp, -764(t5)
core   0: 3 0x8000b300 (0xd03f2223) mem 0x8000c000 0x00000001
core   0: 0x8000b304 (0xff9ff06f) j       pc - 0x8
core   0: 3 0x8000b304 (0xff9ff06f)
core   0: 0x8000b2fc (0x00001f17) auipc   t5, 0x1
core   0: 3 0x8000b2fc (0x00001f17) x30 0x8000c2fc
core   0: 0x8000b300 (0xd03f2223) sw      gp, -764(t5)
core   0: 3 0x8000b300 (0xd03f2223) mem 0x8000c000 0x00000001
core   0: 0x8000b304 (0xff9ff06f) j       pc - 0x8
core   0: 3 0x8000b304 (0xff9ff06f)
core   0: 0x8000b2fc (0x00001f17) auipc   t5, 0x1
core   0: 3 0x8000b2fc (0x00001f17) x30 0x8000c2fc
core   0: 0x8000b300 (0xd03f2223) sw      gp, -764(t5)
core   0: 3 0x8000b300 (0xd03f2223) mem 0x8000c000 0x00000001
core   0: 0x8000b304 (0xff9ff06f) j       pc - 0x8
core   0: 3 0x8000b304 (0xff9ff06f)
core   0: 0x8000b2fc (0x00001f17) auipc   t5, 0x1
core   0: 3 0x8000b2fc (0x00001f17) x30 0x8000c2fc
core   0: 0x8000b300 (0xd03f2223) sw      gp, -764(t5)
core   0: 3 0x8000b300 (0xd03f2223) mem 0x8000c000 0x00000001
core   0: 0x8000b304 (0xff9ff06f) j       pc - 0x8
core   0: 3 0x8000b304 (0xff9ff06f)
core   0: 0x8000b2fc (0x00001f17) auipc   t5, 0x1
core   0: 3 0x8000b2fc (0x00001f17) x30 0x8000c2fc
core   0: 0x8000b300 (0xd03f2223) sw      gp, -764(t5)
core   0: 3 0x8000b300 (0xd03f2223) mem 0x8000c000 0x00000001
core   0: 0x8000b304 (0xff9ff06f) j       pc - 0x8
core   0: 3 0x8000b304 (0xff9ff06f)
core   0: 0x8000b2fc (0x00001f17) auipc   t5, 0x1
core   0: 3 0x8000b2fc (0x00001f17) x30 0x8000c2fc
core   0: 0x8000b300 (0xd03f2223) sw      gp, -764(t5)
core   0: 3 0x8000b300 (0xd03f2223) mem 0x8000c000 0x00000001
core   0: 0x8000b304 (0xff9ff06f) j       pc - 0x8
core   0: 3 0x8000b304 (0xff9ff06f)
core   0: 0x8000b2fc (0x00001f17) auipc   t5, 0x1
core   0: 3 0x8000b2fc (0x00001f17) x30 0x8000c2fc
core   0: 0x8000b300 (0xd03f2223) sw      gp, -764(t5)
core   0: 3 0x8000b300 (0xd03f2223) mem 0x8000c000 0x00000001
core   0: 0x8000b304 (0xff9ff06f) j       pc - 0x8
core   0: 3 0x8000b304 (0xff9ff06f)
core   0: 0x8000b2fc (0x00001f17) auipc   t5, 0x1
core   0: 3 0x8000b2fc (0x00001f17) x30 0x8000c2fc
core   0: 0x8000b300 (0xd03f2223) sw      gp, -764(t5)
core   0: 3 0x8000b300 (0xd03f2223) mem 0x8000c000 0x00000001
core   0: 0x8000b304 (0xff9ff06f) j       pc - 0x8
core   0: 3 0x8000b304 (0xff9ff06f)
core   0: 0x8000b2fc (0x00001f17) auipc   t5, 0x1
core   0: 3 0x8000b2fc (0x00001f17) x30 0x8000c2fc
core   0: 0x8000b300 (0xd03f2223) sw      gp, -764(t5)
core   0: 3 0x8000b300 (0xd03f2223) mem 0x8000c000 0x00000001
core   0: 0x8000b304 (0xff9ff06f) j       pc - 0x8
core   0: 3 0x8000b304 (0xff9ff06f)
core   0: 0x8000b2fc (0x00001f17) auipc   t5, 0x1
core   0: 3 0x8000b2fc (0x00001f17) x30 0x8000c2fc
core   0: 0x8000b300 (0xd03f2223) sw      gp, -764(t5)
core   0: 3 0x8000b300 (0xd03f2223) mem 0x8000c000 0x00000001
core   0: 0x8000b304 (0xff9ff06f) j       pc - 0x8
core   0: 3 0x8000b304 (0xff9ff06f)
core   0: 0x8000b2fc (0x00001f17) auipc   t5, 0x1
core   0: 3 0x8000b2fc (0x00001f17) x30 0x8000c2fc
core   0: 0x8000b300 (0xd03f2223) sw      gp, -764(t5)
core   0: 3 0x8000b300 (0xd03f2223) mem 0x8000c000 0x00000001
core   0: 0x8000b304 (0xff9ff06f) j       pc - 0x8
core   0: 3 0x8000b304 (0xff9ff06f)
core   0: 0x8000b2fc (0x00001f17) auipc   t5, 0x1
core   0: 3 0x8000b2fc (0x00001f17) x30 0x8000c2fc
core   0: 0x8000b300 (0xd03f2223) sw      gp, -764(t5)
core   0: 3 0x8000b300 (0xd03f2223) mem 0x8000c000 0x00000001
core   0: 0x8000b304 (0xff9ff06f) j       pc - 0x8
core   0: 3 0x8000b304 (0xff9ff06f)
core   0: 0x8000b2fc (0x00001f17) auipc   t5, 0x1
core   0: 3 0x8000b2fc (0x00001f17) x30 0x8000c2fc
core   0: 0x8000b300 (0xd03f2223) sw      gp, -764(t5)
core   0: 3 0x8000b300 (0xd03f2223) mem 0x8000c000 0x00000001
core   0: 0x8000b304 (0xff9ff06f) j       pc - 0x8
core   0: 3 0x8000b304 (0xff9ff06f)
core   0: 0x8000b2fc (0x00001f17) auipc   t5, 0x1
core   0: 3 0x8000b2fc (0x00001f17) x30 0x8000c2fc
core   0: 0x8000b300 (0xd03f2223) sw      gp, -764(t5)
core   0: 3 0x8000b300 (0xd03f2223) mem 0x8000c000 0x00000001
core   0: 0x8000b304 (0xff9ff06f) j       pc - 0x8
core   0: 3 0x8000b304 (0xff9ff06f)
core   0: 0x8000b2fc (0x00001f17) auipc   t5, 0x1
core   0: 3 0x8000b2fc (0x00001f17) x30 0x8000c2fc
core   0: 0x8000b300 (0xd03f2223) sw      gp, -764(t5)
core   0: 3 0x8000b300 (0xd03f2223) mem 0x8000c000 0x00000001
core   0: 0x8000b304 (0xff9ff06f) j       pc - 0x8
core   0: 3 0x8000b304 (0xff9ff06f)
core   0: 0x8000b2fc (0x00001f17) auipc   t5, 0x1
core   0: 3 0x8000b2fc (0x00001f17) x30 0x8000c2fc
core   0: 0x8000b300 (0xd03f2223) sw      gp, -764(t5)
core   0: 3 0x8000b300 (0xd03f2223) mem 0x8000c000 0x00000001
core   0: 0x8000b304 (0xff9ff06f) j       pc - 0x8
core   0: 3 0x8000b304 (0xff9ff06f)
core   0: 0x8000b2fc (0x00001f17) auipc   t5, 0x1
core   0: 3 0x8000b2fc (0x00001f17) x30 0x8000c2fc
core   0: 0x8000b300 (0xd03f2223) sw      gp, -764(t5)
core   0: 3 0x8000b300 (0xd03f2223) mem 0x8000c000 0x00000001
core   0: 0x8000b304 (0xff9ff06f) j       pc - 0x8
core   0: 3 0x8000b304 (0xff9ff06f)
core   0: 0x8000b2fc (0x00001f17) auipc   t5, 0x1
core   0: 3 0x8000b2fc (0x00001f17) x30 0x8000c2fc
core   0: 0x8000b300 (0xd03f2223) sw      gp, -764(t5)
core   0: 3 0x8000b300 (0xd03f2223) mem 0x8000c000 0x00000001
core   0: 0x8000b304 (0xff9ff06f) j       pc - 0x8
core   0: 3 0x8000b304 (0xff9ff06f)
core   0: 0x8000b2fc (0x00001f17) auipc   t5, 0x1
core   0: 3 0x8000b2fc (0x00001f17) x30 0x8000c2fc
core   0: 0x8000b300 (0xd03f2223) sw      gp, -764(t5)
core   0: 3 0x8000b300 (0xd03f2223) mem 0x8000c000 0x00000001
core   0: 0x8000b304 (0xff9ff06f) j       pc - 0x8
core   0: 3 0x8000b304 (0xff9ff06f)
core   0: 0x8000b2fc (0x00001f17) auipc   t5, 0x1
core   0: 3 0x8000b2fc (0x00001f17) x30 0x8000c2fc
core   0: 0x8000b300 (0xd03f2223) sw      gp, -764(t5)
core   0: 3 0x8000b300 (0xd03f2223) mem 0x8000c000 0x00000001
core   0: 0x8000b304 (0xff9ff06f) j       pc - 0x8
core   0: 3 0x8000b304 (0xff9ff06f)
core   0: 0x8000b2fc (0x00001f17) auipc   t5, 0x1
core   0: 3 0x8000b2fc (0x00001f17) x30 0x8000c2fc
core   0: 0x8000b300 (0xd03f2223) sw      gp, -764(t5)
core   0: 3 0x8000b300 (0xd03f2223) mem 0x8000c000 0x00000001
core   0: 0x8000b304 (0xff9ff06f) j       pc - 0x8
core   0: 3 0x8000b304 (0xff9ff06f)
core   0: 0x8000b2fc (0x00001f17) auipc   t5, 0x1
core   0: 3 0x8000b2fc (0x00001f17) x30 0x8000c2fc
core   0: 0x8000b300 (0xd03f2223) sw      gp, -764(t5)
core   0: 3 0x8000b300 (0xd03f2223) mem 0x8000c000 0x00000001
core   0: 0x8000b304 (0xff9ff06f) j       pc - 0x8
core   0: 3 0x8000b304 (0xff9ff06f)
core   0: 0x8000b2fc (0x00001f17) auipc   t5, 0x1
core   0: 3 0x8000b2fc (0x00001f17) x30 0x8000c2fc
core   0: 0x8000b300 (0xd03f2223) sw      gp, -764(t5)
core   0: 3 0x8000b300 (0xd03f2223) mem 0x8000c000 0x00000001
core   0: 0x8000b304 (0xff9ff06f) j       pc - 0x8
core   0: 3 0x8000b304 (0xff9ff06f)
core   0: 0x8000b2fc (0x00001f17) auipc   t5, 0x1
core   0: 3 0x8000b2fc (0x00001f17) x30 0x8000c2fc
core   0: 0x8000b300 (0xd03f2223) sw      gp, -764(t5)
core   0: 3 0x8000b300 (0xd03f2223) mem 0x8000c000 0x00000001
core   0: 0x8000b304 (0xff9ff06f) j       pc - 0x8
core   0: 3 0x8000b304 (0xff9ff06f)
core   0: 0x8000b2fc (0x00001f17) auipc   t5, 0x1
core   0: 3 0x8000b2fc (0x00001f17) x30 0x8000c2fc
core   0: 0x8000b300 (0xd03f2223) sw      gp, -764(t5)
core   0: 3 0x8000b300 (0xd03f2223) mem 0x8000c000 0x00000001
core   0: 0x8000b304 (0xff9ff06f) j       pc - 0x8
core   0: 3 0x8000b304 (0xff9ff06f)
core   0: 0x8000b2fc (0x00001f17) auipc   t5, 0x1
core   0: 3 0x8000b2fc (0x00001f17) x30 0x8000c2fc
core   0: 0x8000b300 (0xd03f2223) sw      gp, -764(t5)
core   0: 3 0x8000b300 (0xd03f2223) mem 0x8000c000 0x00000001
core   0: 0x8000b304 (0xff9ff06f) j       pc - 0x8
core   0: 3 0x8000b304 (0xff9ff06f)
core   0: 0x8000b2fc (0x00001f17) auipc   t5, 0x1
core   0: 3 0x8000b2fc (0x00001f17) x30 0x8000c2fc
core   0: 0x8000b300 (0xd03f2223) sw      gp, -764(t5)
core   0: 3 0x8000b300 (0xd03f2223) mem 0x8000c000 0x00000001
core   0: 0x8000b304 (0xff9ff06f) j       pc - 0x8
core   0: 3 0x8000b304 (0xff9ff06f)
core   0: 0x8000b2fc (0x00001f17) auipc   t5, 0x1
core   0: 3 0x8000b2fc (0x00001f17) x30 0x8000c2fc
core   0: 0x8000b300 (0xd03f2223) sw      gp, -764(t5)
core   0: 3 0x8000b300 (0xd03f2223) mem 0x8000c000 0x00000001
core   0: 0x8000b304 (0xff9ff06f) j       pc - 0x8
core   0: 3 0x8000b304 (0xff9ff06f)
core   0: 0x8000b2fc (0x00001f17) auipc   t5, 0x1
core   0: 3 0x8000b2fc (0x00001f17) x30 0x8000c2fc
core   0: 0x8000b300 (0xd03f2223) sw      gp, -764(t5)
core   0: 3 0x8000b300 (0xd03f2223) mem 0x8000c000 0x00000001
core   0: 0x8000b304 (0xff9ff06f) j       pc - 0x8
core   0: 3 0x8000b304 (0xff9ff06f)
core   0: 0x8000b2fc (0x00001f17) auipc   t5, 0x1
core   0: 3 0x8000b2fc (0x00001f17) x30 0x8000c2fc
core   0: 0x8000b300 (0xd03f2223) sw      gp, -764(t5)
core   0: 3 0x8000b300 (0xd03f2223) mem 0x8000c000 0x00000001
core   0: 0x8000b304 (0xff9ff06f) j       pc - 0x8
core   0: 3 0x8000b304 (0xff9ff06f)
core   0: 0x8000b2fc (0x00001f17) auipc   t5, 0x1
core   0: 3 0x8000b2fc (0x00001f17) x30 0x8000c2fc
core   0: 0x8000b300 (0xd03f2223) sw      gp, -764(t5)
core   0: 3 0x8000b300 (0xd03f2223) mem 0x8000c000 0x00000001
core   0: 0x8000b304 (0xff9ff06f) j       pc - 0x8
core   0: 3 0x8000b304 (0xff9ff06f)
core   0: 0x8000b2fc (0x00001f17) auipc   t5, 0x1
core   0: 3 0x8000b2fc (0x00001f17) x30 0x8000c2fc
core   0: 0x8000b300 (0xd03f2223) sw      gp, -764(t5)
core   0: 3 0x8000b300 (0xd03f2223) mem 0x8000c000 0x00000001
core   0: 0x8000b304 (0xff9ff06f) j       pc - 0x8
core   0: 3 0x8000b304 (0xff9ff06f)
core   0: 0x8000b2fc (0x00001f17) auipc   t5, 0x1
core   0: 3 0x8000b2fc (0x00001f17) x30 0x8000c2fc
core   0: 0x8000b300 (0xd03f2223) sw      gp, -764(t5)
core   0: 3 0x8000b300 (0xd03f2223) mem 0x8000c000 0x00000001
core   0: 0x8000b304 (0xff9ff06f) j       pc - 0x8
core   0: 3 0x8000b304 (0xff9ff06f)
core   0: 0x8000b2fc (0x00001f17) auipc   t5, 0x1
core   0: 3 0x8000b2fc (0x00001f17) x30 0x8000c2fc
core   0: 0x8000b300 (0xd03f2223) sw      gp, -764(t5)
core   0: 3 0x8000b300 (0xd03f2223) mem 0x8000c000 0x00000001
core   0: 0x8000b304 (0xff9ff06f) j       pc - 0x8
core   0: 3 0x8000b304 (0xff9ff06f)
core   0: 0x8000b2fc (0x00001f17) auipc   t5, 0x1
core   0: 3 0x8000b2fc (0x00001f17) x30 0x8000c2fc
core   0: 0x8000b300 (0xd03f2223) sw      gp, -764(t5)
core   0: 3 0x8000b300 (0xd03f2223) mem 0x8000c000 0x00000001
core   0: 0x8000b304 (0xff9ff06f) j       pc - 0x8
core   0: 3 0x8000b304 (0xff9ff06f)
core   0: 0x8000b2fc (0x00001f17) auipc   t5, 0x1
core   0: 3 0x8000b2fc (0x00001f17) x30 0x8000c2fc
core   0: 0x8000b300 (0xd03f2223) sw      gp, -764(t5)
core   0: 3 0x8000b300 (0xd03f2223) mem 0x8000c000 0x00000001
core   0: 0x8000b304 (0xff9ff06f) j       pc - 0x8
core   0: 3 0x8000b304 (0xff9ff06f)
core   0: 0x8000b2fc (0x00001f17) auipc   t5, 0x1
core   0: 3 0x8000b2fc (0x00001f17) x30 0x8000c2fc
core   0: 0x8000b300 (0xd03f2223) sw      gp, -764(t5)
core   0: 3 0x8000b300 (0xd03f2223) mem 0x8000c000 0x00000001
core   0: 0x8000b304 (0xff9ff06f) j       pc - 0x8
core   0: 3 0x8000b304 (0xff9ff06f)
core   0: 0x8000b2fc (0x00001f17) auipc   t5, 0x1
core   0: 3 0x8000b2fc (0x00001f17) x30 0x8000c2fc
core   0: 0x8000b300 (0xd03f2223) sw      gp, -764(t5)
core   0: 3 0x8000b300 (0xd03f2223) mem 0x8000c000 0x00000001
core   0: 0x8000b304 (0xff9ff06f) j       pc - 0x8
core   0: 3 0x8000b304 (0xff9ff06f)
core   0: 0x8000b2fc (0x00001f17) auipc   t5, 0x1
core   0: 3 0x8000b2fc (0x00001f17) x30 0x8000c2fc
core   0: 0x8000b300 (0xd03f2223) sw      gp, -764(t5)
core   0: 3 0x8000b300 (0xd03f2223) mem 0x8000c000 0x00000001
core   0: 0x8000b304 (0xff9ff06f) j       pc - 0x8
core   0: 3 0x8000b304 (0xff9ff06f)
core   0: 0x8000b2fc (0x00001f17) auipc   t5, 0x1
core   0: 3 0x8000b2fc (0x00001f17) x30 0x8000c2fc
core   0: 0x8000b300 (0xd03f2223) sw      gp, -764(t5)
core   0: 3 0x8000b300 (0xd03f2223) mem 0x8000c000 0x00000001
core   0: 0x8000b304 (0xff9ff06f) j       pc - 0x8
core   0: 3 0x8000b304 (0xff9ff06f)
core   0: 0x8000b2fc (0x00001f17) auipc   t5, 0x1
core   0: 3 0x8000b2fc (0x00001f17) x30 0x8000c2fc
core   0: 0x8000b300 (0xd03f2223) sw      gp, -764(t5)
core   0: 3 0x8000b300 (0xd03f2223) mem 0x8000c000 0x00000001
core   0: 0x8000b304 (0xff9ff06f) j       pc - 0x8
core   0: 3 0x8000b304 (0xff9ff06f)
core   0: 0x8000b2fc (0x00001f17) auipc   t5, 0x1
core   0: 3 0x8000b2fc (0x00001f17) x30 0x8000c2fc
core   0: 0x8000b300 (0xd03f2223) sw      gp, -764(t5)
core   0: 3 0x8000b300 (0xd03f2223) mem 0x8000c000 0x00000001
core   0: 0x8000b304 (0xff9ff06f) j       pc - 0x8
core   0: 3 0x8000b304 (0xff9ff06f)
core   0: 0x8000b2fc (0x00001f17) auipc   t5, 0x1
core   0: 3 0x8000b2fc (0x00001f17) x30 0x8000c2fc
core   0: 0x8000b300 (0xd03f2223) sw      gp, -764(t5)
core   0: 3 0x8000b300 (0xd03f2223) mem 0x8000c000 0x00000001
core   0: 0x8000b304 (0xff9ff06f) j       pc - 0x8
core   0: 3 0x8000b304 (0xff9ff06f)
core   0: 0x8000b2fc (0x00001f17) auipc   t5, 0x1
core   0: 3 0x8000b2fc (0x00001f17) x30 0x8000c2fc
core   0: 0x8000b300 (0xd03f2223) sw      gp, -764(t5)
core   0: 3 0x8000b300 (0xd03f2223) mem 0x8000c000 0x00000001
core   0: 0x8000b304 (0xff9ff06f) j       pc - 0x8
core   0: 3 0x8000b304 (0xff9ff06f)
core   0: 0x8000b2fc (0x00001f17) auipc   t5, 0x1
core   0: 3 0x8000b2fc (0x00001f17) x30 0x8000c2fc
core   0: 0x8000b300 (0xd03f2223) sw      gp, -764(t5)
core   0: 3 0x8000b300 (0xd03f2223) mem 0x8000c000 0x00000001
core   0: 0x8000b304 (0xff9ff06f) j       pc - 0x8
core   0: 3 0x8000b304 (0xff9ff06f)
core   0: 0x8000b2fc (0x00001f17) auipc   t5, 0x1
core   0: 3 0x8000b2fc (0x00001f17) x30 0x8000c2fc
core   0: 0x8000b300 (0xd03f2223) sw      gp, -764(t5)
core   0: 3 0x8000b300 (0xd03f2223) mem 0x8000c000 0x00000001
core   0: 0x8000b304 (0xff9ff06f) j       pc - 0x8
core   0: 3 0x8000b304 (0xff9ff06f)
core   0: 0x8000b2fc (0x00001f17) auipc   t5, 0x1
core   0: 3 0x8000b2fc (0x00001f17) x30 0x8000c2fc
core   0: 0x8000b300 (0xd03f2223) sw      gp, -764(t5)
core   0: 3 0x8000b300 (0xd03f2223) mem 0x8000c000 0x00000001
core   0: 0x8000b304 (0xff9ff06f) j       pc - 0x8
core   0: 3 0x8000b304 (0xff9ff06f)
core   0: 0x8000b2fc (0x00001f17) auipc   t5, 0x1
core   0: 3 0x8000b2fc (0x00001f17) x30 0x8000c2fc
core   0: 0x8000b300 (0xd03f2223) sw      gp, -764(t5)
core   0: 3 0x8000b300 (0xd03f2223) mem 0x8000c000 0x00000001
core   0: 0x8000b304 (0xff9ff06f) j       pc - 0x8
core   0: 3 0x8000b304 (0xff9ff06f)
core   0: 0x8000b2fc (0x00001f17) auipc   t5, 0x1
core   0: 3 0x8000b2fc (0x00001f17) x30 0x8000c2fc
core   0: 0x8000b300 (0xd03f2223) sw      gp, -764(t5)
core   0: 3 0x8000b300 (0xd03f2223) mem 0x8000c000 0x00000001
core   0: 0x8000b304 (0xff9ff06f) j       pc - 0x8
core   0: 3 0x8000b304 (0xff9ff06f)
core   0: 0x8000b2fc (0x00001f17) auipc   t5, 0x1
core   0: 3 0x8000b2fc (0x00001f17) x30 0x8000c2fc
core   0: 0x8000b300 (0xd03f2223) sw      gp, -764(t5)
core   0: 3 0x8000b300 (0xd03f2223) mem 0x8000c000 0x00000001
core   0: 0x8000b304 (0xff9ff06f) j       pc - 0x8
core   0: 3 0x8000b304 (0xff9ff06f)
core   0: 0x8000b2fc (0x00001f17) auipc   t5, 0x1
core   0: 3 0x8000b2fc (0x00001f17) x30 0x8000c2fc
core   0: 0x8000b300 (0xd03f2223) sw      gp, -764(t5)
core   0: 3 0x8000b300 (0xd03f2223) mem 0x8000c000 0x00000001
core   0: 0x8000b304 (0xff9ff06f) j       pc - 0x8
core   0: 3 0x8000b304 (0xff9ff06f)
core   0: 0x8000b2fc (0x00001f17) auipc   t5, 0x1
core   0: 3 0x8000b2fc (0x00001f17) x30 0x8000c2fc
core   0: 0x8000b300 (0xd03f2223) sw      gp, -764(t5)
core   0: 3 0x8000b300 (0xd03f2223) mem 0x8000c000 0x00000001
core   0: 0x8000b304 (0xff9ff06f) j       pc - 0x8
core   0: 3 0x8000b304 (0xff9ff06f)
core   0: 0x8000b2fc (0x00001f17) auipc   t5, 0x1
core   0: 3 0x8000b2fc (0x00001f17) x30 0x8000c2fc
core   0: 0x8000b300 (0xd03f2223) sw      gp, -764(t5)
core   0: 3 0x8000b300 (0xd03f2223) mem 0x8000c000 0x00000001
core   0: 0x8000b304 (0xff9ff06f) j       pc - 0x8
core   0: 3 0x8000b304 (0xff9ff06f)
core   0: 0x8000b2fc (0x00001f17) auipc   t5, 0x1
core   0: 3 0x8000b2fc (0x00001f17) x30 0x8000c2fc
core   0: 0x8000b300 (0xd03f2223) sw      gp, -764(t5)
core   0: 3 0x8000b300 (0xd03f2223) mem 0x8000c000 0x00000001
core   0: 0x8000b304 (0xff9ff06f) j       pc - 0x8
core   0: 3 0x8000b304 (0xff9ff06f)
core   0: 0x8000b2fc (0x00001f17) auipc   t5, 0x1
core   0: 3 0x8000b2fc (0x00001f17) x30 0x8000c2fc
core   0: 0x8000b300 (0xd03f2223) sw      gp, -764(t5)
core   0: 3 0x8000b300 (0xd03f2223) mem 0x8000c000 0x00000001
core   0: 0x8000b304 (0xff9ff06f) j       pc - 0x8
core   0: 3 0x8000b304 (0xff9ff06f)
core   0: 0x8000b2fc (0x00001f17) auipc   t5, 0x1
core   0: 3 0x8000b2fc (0x00001f17) x30 0x8000c2fc
core   0: 0x8000b300 (0xd03f2223) sw      gp, -764(t5)
core   0: 3 0x8000b300 (0xd03f2223) mem 0x8000c000 0x00000001
core   0: 0x8000b304 (0xff9ff06f) j       pc - 0x8
core   0: 3 0x8000b304 (0xff9ff06f)
core   0: 0x8000b2fc (0x00001f17) auipc   t5, 0x1
core   0: 3 0x8000b2fc (0x00001f17) x30 0x8000c2fc
core   0: 0x8000b300 (0xd03f2223) sw      gp, -764(t5)
core   0: 3 0x8000b300 (0xd03f2223) mem 0x8000c000 0x00000001
core   0: 0x8000b304 (0xff9ff06f) j       pc - 0x8
core   0: 3 0x8000b304 (0xff9ff06f)
core   0: 0x8000b2fc (0x00001f17) auipc   t5, 0x1
core   0: 3 0x8000b2fc (0x00001f17) x30 0x8000c2fc
core   0: 0x8000b300 (0xd03f2223) sw      gp, -764(t5)
core   0: 3 0x8000b300 (0xd03f2223) mem 0x8000c000 0x00000001
core   0: 0x8000b304 (0xff9ff06f) j       pc - 0x8
core   0: 3 0x8000b304 (0xff9ff06f)
core   0: 0x8000b2fc (0x00001f17) auipc   t5, 0x1
core   0: 3 0x8000b2fc (0x00001f17) x30 0x8000c2fc
core   0: 0x8000b300 (0xd03f2223) sw      gp, -764(t5)
core   0: 3 0x8000b300 (0xd03f2223) mem 0x8000c000 0x00000001
core   0: 0x8000b304 (0xff9ff06f) j       pc - 0x8
core   0: 3 0x8000b304 (0xff9ff06f)
core   0: 0x8000b2fc (0x00001f17) auipc   t5, 0x1
core   0: 3 0x8000b2fc (0x00001f17) x30 0x8000c2fc
core   0: 0x8000b300 (0xd03f2223) sw      gp, -764(t5)
core   0: 3 0x8000b300 (0xd03f2223) mem 0x8000c000 0x00000001
core   0: 0x8000b304 (0xff9ff06f) j       pc - 0x8
core   0: 3 0x8000b304 (0xff9ff06f)
core   0: 0x8000b2fc (0x00001f17) auipc   t5, 0x1
core   0: 3 0x8000b2fc (0x00001f17) x30 0x8000c2fc
core   0: 0x8000b300 (0xd03f2223) sw      gp, -764(t5)
core   0: 3 0x8000b300 (0xd03f2223) mem 0x8000c000 0x00000001
core   0: 0x8000b304 (0xff9ff06f) j       pc - 0x8
core   0: 3 0x8000b304 (0xff9ff06f)
core   0: 0x8000b2fc (0x00001f17) auipc   t5, 0x1
core   0: 3 0x8000b2fc (0x00001f17) x30 0x8000c2fc
core   0: 0x8000b300 (0xd03f2223) sw      gp, -764(t5)
core   0: 3 0x8000b300 (0xd03f2223) mem 0x8000c000 0x00000001
core   0: 0x8000b304 (0xff9ff06f) j       pc - 0x8
core   0: 3 0x8000b304 (0xff9ff06f)
core   0: 0x8000b2fc (0x00001f17) auipc   t5, 0x1
core   0: 3 0x8000b2fc (0x00001f17) x30 0x8000c2fc
core   0: 0x8000b300 (0xd03f2223) sw      gp, -764(t5)
core   0: 3 0x8000b300 (0xd03f2223) mem 0x8000c000 0x00000001
core   0: 0x8000b304 (0xff9ff06f) j       pc - 0x8
core   0: 3 0x8000b304 (0xff9ff06f)
core   0: 0x8000b2fc (0x00001f17) auipc   t5, 0x1
core   0: 3 0x8000b2fc (0x00001f17) x30 0x8000c2fc
core   0: 0x8000b300 (0xd03f2223) sw      gp, -764(t5)
core   0: 3 0x8000b300 (0xd03f2223) mem 0x8000c000 0x00000001
core   0: 0x8000b304 (0xff9ff06f) j       pc - 0x8
core   0: 3 0x8000b304 (0xff9ff06f)
core   0: 0x8000b2fc (0x00001f17) auipc   t5, 0x1
core   0: 3 0x8000b2fc (0x00001f17) x30 0x8000c2fc
core   0: 0x8000b300 (0xd03f2223) sw      gp, -764(t5)
core   0: 3 0x8000b300 (0xd03f2223) mem 0x8000c000 0x00000001
core   0: 0x8000b304 (0xff9ff06f) j       pc - 0x8
core   0: 3 0x8000b304 (0xff9ff06f)
core   0: 0x8000b2fc (0x00001f17) auipc   t5, 0x1
core   0: 3 0x8000b2fc (0x00001f17) x30 0x8000c2fc
core   0: 0x8000b300 (0xd03f2223) sw      gp, -764(t5)
core   0: 3 0x8000b300 (0xd03f2223) mem 0x8000c000 0x00000001
core   0: 0x8000b304 (0xff9ff06f) j       pc - 0x8
core   0: 3 0x8000b304 (0xff9ff06f)
core   0: 0x8000b2fc (0x00001f17) auipc   t5, 0x1
core   0: 3 0x8000b2fc (0x00001f17) x30 0x8000c2fc
core   0: 0x8000b300 (0xd03f2223) sw      gp, -764(t5)
core   0: 3 0x8000b300 (0xd03f2223) mem 0x8000c000 0x00000001
core   0: 0x8000b304 (0xff9ff06f) j       pc - 0x8
core   0: 3 0x8000b304 (0xff9ff06f)
core   0: 0x8000b2fc (0x00001f17) auipc   t5, 0x1
core   0: 3 0x8000b2fc (0x00001f17) x30 0x8000c2fc
core   0: 0x8000b300 (0xd03f2223) sw      gp, -764(t5)
core   0: 3 0x8000b300 (0xd03f2223) mem 0x8000c000 0x00000001
core   0: 0x8000b304 (0xff9ff06f) j       pc - 0x8
core   0: 3 0x8000b304 (0xff9ff06f)
core   0: 0x8000b2fc (0x00001f17) auipc   t5, 0x1
core   0: 3 0x8000b2fc (0x00001f17) x30 0x8000c2fc
core   0: 0x8000b300 (0xd03f2223) sw      gp, -764(t5)
core   0: 3 0x8000b300 (0xd03f2223) mem 0x8000c000 0x00000001
core   0: 0x8000b304 (0xff9ff06f) j       pc - 0x8
core   0: 3 0x8000b304 (0xff9ff06f)
core   0: 0x8000b2fc (0x00001f17) auipc   t5, 0x1
core   0: 3 0x8000b2fc (0x00001f17) x30 0x8000c2fc
core   0: 0x8000b300 (0xd03f2223) sw      gp, -764(t5)
core   0: 3 0x8000b300 (0xd03f2223) mem 0x8000c000 0x00000001
core   0: 0x8000b304 (0xff9ff06f) j       pc - 0x8
core   0: 3 0x8000b304 (0xff9ff06f)
core   0: 0x8000b2fc (0x00001f17) auipc   t5, 0x1
core   0: 3 0x8000b2fc (0x00001f17) x30 0x8000c2fc
core   0: 0x8000b300 (0xd03f2223) sw      gp, -764(t5)
core   0: 3 0x8000b300 (0xd03f2223) mem 0x8000c000 0x00000001
core   0: 0x8000b304 (0xff9ff06f) j       pc - 0x8
core   0: 3 0x8000b304 (0xff9ff06f)
core   0: 0x8000b2fc (0x00001f17) auipc   t5, 0x1
core   0: 3 0x8000b2fc (0x00001f17) x30 0x8000c2fc
core   0: 0x8000b300 (0xd03f2223) sw      gp, -764(t5)
core   0: 3 0x8000b300 (0xd03f2223) mem 0x8000c000 0x00000001
core   0: 0x8000b304 (0xff9ff06f) j       pc - 0x8
core   0: 3 0x8000b304 (0xff9ff06f)
core   0: 0x8000b2fc (0x00001f17) auipc   t5, 0x1
core   0: 3 0x8000b2fc (0x00001f17) x30 0x8000c2fc
core   0: 0x8000b300 (0xd03f2223) sw      gp, -764(t5)
core   0: 3 0x8000b300 (0xd03f2223) mem 0x8000c000 0x00000001
core   0: 0x8000b304 (0xff9ff06f) j       pc - 0x8
core   0: 3 0x8000b304 (0xff9ff06f)
core   0: 0x8000b2fc (0x00001f17) auipc   t5, 0x1
core   0: 3 0x8000b2fc (0x00001f17) x30 0x8000c2fc
core   0: 0x8000b300 (0xd03f2223) sw      gp, -764(t5)
core   0: 3 0x8000b300 (0xd03f2223) mem 0x8000c000 0x00000001
core   0: 0x8000b304 (0xff9ff06f) j       pc - 0x8
core   0: 3 0x8000b304 (0xff9ff06f)
core   0: 0x8000b2fc (0x00001f17) auipc   t5, 0x1
core   0: 3 0x8000b2fc (0x00001f17) x30 0x8000c2fc
core   0: 0x8000b300 (0xd03f2223) sw      gp, -764(t5)
core   0: 3 0x8000b300 (0xd03f2223) mem 0x8000c000 0x00000001
core   0: 0x8000b304 (0xff9ff06f) j       pc - 0x8
core   0: 3 0x8000b304 (0xff9ff06f)
core   0: 0x8000b2fc (0x00001f17) auipc   t5, 0x1
core   0: 3 0x8000b2fc (0x00001f17) x30 0x8000c2fc
core   0: 0x8000b300 (0xd03f2223) sw      gp, -764(t5)
core   0: 3 0x8000b300 (0xd03f2223) mem 0x8000c000 0x00000001
core   0: 0x8000b304 (0xff9ff06f) j       pc - 0x8
core   0: 3 0x8000b304 (0xff9ff06f)
core   0: 0x8000b2fc (0x00001f17) auipc   t5, 0x1
core   0: 3 0x8000b2fc (0x00001f17) x30 0x8000c2fc
core   0: 0x8000b300 (0xd03f2223) sw      gp, -764(t5)
core   0: 3 0x8000b300 (0xd03f2223) mem 0x8000c000 0x00000001
core   0: 0x8000b304 (0xff9ff06f) j       pc - 0x8
core   0: 3 0x8000b304 (0xff9ff06f)
core   0: 0x8000b2fc (0x00001f17) auipc   t5, 0x1
core   0: 3 0x8000b2fc (0x00001f17) x30 0x8000c2fc
core   0: 0x8000b300 (0xd03f2223) sw      gp, -764(t5)
core   0: 3 0x8000b300 (0xd03f2223) mem 0x8000c000 0x00000001
core   0: 0x8000b304 (0xff9ff06f) j       pc - 0x8
core   0: 3 0x8000b304 (0xff9ff06f)
core   0: 0x8000b2fc (0x00001f17) auipc   t5, 0x1
core   0: 3 0x8000b2fc (0x00001f17) x30 0x8000c2fc
core   0: 0x8000b300 (0xd03f2223) sw      gp, -764(t5)
core   0: 3 0x8000b300 (0xd03f2223) mem 0x8000c000 0x00000001
core   0: 0x8000b304 (0xff9ff06f) j       pc - 0x8
core   0: 3 0x8000b304 (0xff9ff06f)
core   0: 0x8000b2fc (0x00001f17) auipc   t5, 0x1
core   0: 3 0x8000b2fc (0x00001f17) x30 0x8000c2fc
core   0: 0x8000b300 (0xd03f2223) sw      gp, -764(t5)
core   0: 3 0x8000b300 (0xd03f2223) mem 0x8000c000 0x00000001
core   0: 0x8000b304 (0xff9ff06f) j       pc - 0x8
core   0: 3 0x8000b304 (0xff9ff06f)
core   0: 0x8000b2fc (0x00001f17) auipc   t5, 0x1
core   0: 3 0x8000b2fc (0x00001f17) x30 0x8000c2fc
core   0: 0x8000b300 (0xd03f2223) sw      gp, -764(t5)
core   0: 3 0x8000b300 (0xd03f2223) mem 0x8000c000 0x00000001
core   0: 0x8000b304 (0xff9ff06f) j       pc - 0x8
core   0: 3 0x8000b304 (0xff9ff06f)
core   0: 0x8000b2fc (0x00001f17) auipc   t5, 0x1
core   0: 3 0x8000b2fc (0x00001f17) x30 0x8000c2fc
core   0: 0x8000b300 (0xd03f2223) sw      gp, -764(t5)
core   0: 3 0x8000b300 (0xd03f2223) mem 0x8000c000 0x00000001
core   0: 0x8000b304 (0xff9ff06f) j       pc - 0x8
core   0: 3 0x8000b304 (0xff9ff06f)
core   0: 0x8000b2fc (0x00001f17) auipc   t5, 0x1
core   0: 3 0x8000b2fc (0x00001f17) x30 0x8000c2fc
core   0: 0x8000b300 (0xd03f2223) sw      gp, -764(t5)
core   0: 3 0x8000b300 (0xd03f2223) mem 0x8000c000 0x00000001
core   0: 0x8000b304 (0xff9ff06f) j       pc - 0x8
core   0: 3 0x8000b304 (0xff9ff06f)
core   0: 0x8000b2fc (0x00001f17) auipc   t5, 0x1
core   0: 3 0x8000b2fc (0x00001f17) x30 0x8000c2fc
core   0: 0x8000b300 (0xd03f2223) sw      gp, -764(t5)
core   0: 3 0x8000b300 (0xd03f2223) mem 0x8000c000 0x00000001
core   0: 0x8000b304 (0xff9ff06f) j       pc - 0x8
core   0: 3 0x8000b304 (0xff9ff06f)
core   0: 0x8000b2fc (0x00001f17) auipc   t5, 0x1
core   0: 3 0x8000b2fc (0x00001f17) x30 0x8000c2fc
core   0: 0x8000b300 (0xd03f2223) sw      gp, -764(t5)
core   0: 3 0x8000b300 (0xd03f2223) mem 0x8000c000 0x00000001
core   0: 0x8000b304 (0xff9ff06f) j       pc - 0x8
core   0: 3 0x8000b304 (0xff9ff06f)
core   0: 0x8000b2fc (0x00001f17) auipc   t5, 0x1
core   0: 3 0x8000b2fc (0x00001f17) x30 0x8000c2fc
core   0: 0x8000b300 (0xd03f2223) sw      gp, -764(t5)
core   0: 3 0x8000b300 (0xd03f2223) mem 0x8000c000 0x00000001
core   0: 0x8000b304 (0xff9ff06f) j       pc - 0x8
core   0: 3 0x8000b304 (0xff9ff06f)
core   0: 0x8000b2fc (0x00001f17) auipc   t5, 0x1
core   0: 3 0x8000b2fc (0x00001f17) x30 0x8000c2fc
core   0: 0x8000b300 (0xd03f2223) sw      gp, -764(t5)
core   0: 3 0x8000b300 (0xd03f2223) mem 0x8000c000 0x00000001
core   0: 0x8000b304 (0xff9ff06f) j       pc - 0x8
core   0: 3 0x8000b304 (0xff9ff06f)
core   0: 0x8000b2fc (0x00001f17) auipc   t5, 0x1
core   0: 3 0x8000b2fc (0x00001f17) x30 0x8000c2fc
core   0: 0x8000b300 (0xd03f2223) sw      gp, -764(t5)
core   0: 3 0x8000b300 (0xd03f2223) mem 0x8000c000 0x00000001
core   0: 0x8000b304 (0xff9ff06f) j       pc - 0x8
core   0: 3 0x8000b304 (0xff9ff06f)
core   0: 0x8000b2fc (0x00001f17) auipc   t5, 0x1
core   0: 3 0x8000b2fc (0x00001f17) x30 0x8000c2fc
core   0: 0x8000b300 (0xd03f2223) sw      gp, -764(t5)
core   0: 3 0x8000b300 (0xd03f2223) mem 0x8000c000 0x00000001
core   0: 0x8000b304 (0xff9ff06f) j       pc - 0x8
core   0: 3 0x8000b304 (0xff9ff06f)
core   0: 0x8000b2fc (0x00001f17) auipc   t5, 0x1
core   0: 3 0x8000b2fc (0x00001f17) x30 0x8000c2fc
core   0: 0x8000b300 (0xd03f2223) sw      gp, -764(t5)
core   0: 3 0x8000b300 (0xd03f2223) mem 0x8000c000 0x00000001
core   0: 0x8000b304 (0xff9ff06f) j       pc - 0x8
core   0: 3 0x8000b304 (0xff9ff06f)
core   0: 0x8000b2fc (0x00001f17) auipc   t5, 0x1
core   0: 3 0x8000b2fc (0x00001f17) x30 0x8000c2fc
core   0: 0x8000b300 (0xd03f2223) sw      gp, -764(t5)
core   0: 3 0x8000b300 (0xd03f2223) mem 0x8000c000 0x00000001
core   0: 0x8000b304 (0xff9ff06f) j       pc - 0x8
core   0: 3 0x8000b304 (0xff9ff06f)
core   0: 0x8000b2fc (0x00001f17) auipc   t5, 0x1
core   0: 3 0x8000b2fc (0x00001f17) x30 0x8000c2fc
core   0: 0x8000b300 (0xd03f2223) sw      gp, -764(t5)
core   0: 3 0x8000b300 (0xd03f2223) mem 0x8000c000 0x00000001
core   0: 0x8000b304 (0xff9ff06f) j       pc - 0x8
core   0: 3 0x8000b304 (0xff9ff06f)
core   0: 0x8000b2fc (0x00001f17) auipc   t5, 0x1
core   0: 3 0x8000b2fc (0x00001f17) x30 0x8000c2fc
core   0: 0x8000b300 (0xd03f2223) sw      gp, -764(t5)
core   0: 3 0x8000b300 (0xd03f2223) mem 0x8000c000 0x00000001
core   0: 0x8000b304 (0xff9ff06f) j       pc - 0x8
core   0: 3 0x8000b304 (0xff9ff06f)
core   0: 0x8000b2fc (0x00001f17) auipc   t5, 0x1
core   0: 3 0x8000b2fc (0x00001f17) x30 0x8000c2fc
core   0: 0x8000b300 (0xd03f2223) sw      gp, -764(t5)
core   0: 3 0x8000b300 (0xd03f2223) mem 0x8000c000 0x00000001
core   0: 0x8000b304 (0xff9ff06f) j       pc - 0x8
core   0: 3 0x8000b304 (0xff9ff06f)
core   0: 0x8000b2fc (0x00001f17) auipc   t5, 0x1
core   0: 3 0x8000b2fc (0x00001f17) x30 0x8000c2fc
core   0: 0x8000b300 (0xd03f2223) sw      gp, -764(t5)
core   0: 3 0x8000b300 (0xd03f2223) mem 0x8000c000 0x00000001
core   0: 0x8000b304 (0xff9ff06f) j       pc - 0x8
core   0: 3 0x8000b304 (0xff9ff06f)
core   0: 0x8000b2fc (0x00001f17) auipc   t5, 0x1
core   0: 3 0x8000b2fc (0x00001f17) x30 0x8000c2fc
core   0: 0x8000b300 (0xd03f2223) sw      gp, -764(t5)
core   0: 3 0x8000b300 (0xd03f2223) mem 0x8000c000 0x00000001
core   0: 0x8000b304 (0xff9ff06f) j       pc - 0x8
core   0: 3 0x8000b304 (0xff9ff06f)
core   0: 0x8000b2fc (0x00001f17) auipc   t5, 0x1
core   0: 3 0x8000b2fc (0x00001f17) x30 0x8000c2fc
core   0: 0x8000b300 (0xd03f2223) sw      gp, -764(t5)
core   0: 3 0x8000b300 (0xd03f2223) mem 0x8000c000 0x00000001
core   0: 0x8000b304 (0xff9ff06f) j       pc - 0x8
core   0: 3 0x8000b304 (0xff9ff06f)
core   0: 0x8000b2fc (0x00001f17) auipc   t5, 0x1
core   0: 3 0x8000b2fc (0x00001f17) x30 0x8000c2fc
core   0: 0x8000b300 (0xd03f2223) sw      gp, -764(t5)
core   0: 3 0x8000b300 (0xd03f2223) mem 0x8000c000 0x00000001
core   0: 0x8000b304 (0xff9ff06f) j       pc - 0x8
core   0: 3 0x8000b304 (0xff9ff06f)
core   0: 0x8000b2fc (0x00001f17) auipc   t5, 0x1
core   0: 3 0x8000b2fc (0x00001f17) x30 0x8000c2fc
core   0: 0x8000b300 (0xd03f2223) sw      gp, -764(t5)
core   0: 3 0x8000b300 (0xd03f2223) mem 0x8000c000 0x00000001
core   0: 0x8000b304 (0xff9ff06f) j       pc - 0x8
core   0: 3 0x8000b304 (0xff9ff06f)
core   0: 0x8000b2fc (0x00001f17) auipc   t5, 0x1
core   0: 3 0x8000b2fc (0x00001f17) x30 0x8000c2fc
core   0: 0x8000b300 (0xd03f2223) sw      gp, -764(t5)
core   0: 3 0x8000b300 (0xd03f2223) mem 0x8000c000 0x00000001
core   0: 0x8000b304 (0xff9ff06f) j       pc - 0x8
core   0: 3 0x8000b304 (0xff9ff06f)
core   0: 0x8000b2fc (0x00001f17) auipc   t5, 0x1
core   0: 3 0x8000b2fc (0x00001f17) x30 0x8000c2fc
core   0: 0x8000b300 (0xd03f2223) sw      gp, -764(t5)
core   0: 3 0x8000b300 (0xd03f2223) mem 0x8000c000 0x00000001
core   0: 0x8000b304 (0xff9ff06f) j       pc - 0x8
core   0: 3 0x8000b304 (0xff9ff06f)
core   0: 0x8000b2fc (0x00001f17) auipc   t5, 0x1
core   0: 3 0x8000b2fc (0x00001f17) x30 0x8000c2fc
core   0: 0x8000b300 (0xd03f2223) sw      gp, -764(t5)
core   0: 3 0x8000b300 (0xd03f2223) mem 0x8000c000 0x00000001
core   0: 0x8000b304 (0xff9ff06f) j       pc - 0x8
core   0: 3 0x8000b304 (0xff9ff06f)
core   0: 0x8000b2fc (0x00001f17) auipc   t5, 0x1
core   0: 3 0x8000b2fc (0x00001f17) x30 0x8000c2fc
core   0: 0x8000b300 (0xd03f2223) sw      gp, -764(t5)
core   0: 3 0x8000b300 (0xd03f2223) mem 0x8000c000 0x00000001
core   0: 0x8000b304 (0xff9ff06f) j       pc - 0x8
core   0: 3 0x8000b304 (0xff9ff06f)
core   0: 0x8000b2fc (0x00001f17) auipc   t5, 0x1
core   0: 3 0x8000b2fc (0x00001f17) x30 0x8000c2fc
core   0: 0x8000b300 (0xd03f2223) sw      gp, -764(t5)
core   0: 3 0x8000b300 (0xd03f2223) mem 0x8000c000 0x00000001
core   0: 0x8000b304 (0xff9ff06f) j       pc - 0x8
core   0: 3 0x8000b304 (0xff9ff06f)
core   0: 0x8000b2fc (0x00001f17) auipc   t5, 0x1
core   0: 3 0x8000b2fc (0x00001f17) x30 0x8000c2fc
core   0: 0x8000b300 (0xd03f2223) sw      gp, -764(t5)
core   0: 3 0x8000b300 (0xd03f2223) mem 0x8000c000 0x00000001
core   0: 0x8000b304 (0xff9ff06f) j       pc - 0x8
core   0: 3 0x8000b304 (0xff9ff06f)
core   0: 0x8000b2fc (0x00001f17) auipc   t5, 0x1
core   0: 3 0x8000b2fc (0x00001f17) x30 0x8000c2fc
core   0: 0x8000b300 (0xd03f2223) sw      gp, -764(t5)
core   0: 3 0x8000b300 (0xd03f2223) mem 0x8000c000 0x00000001
core   0: 0x8000b304 (0xff9ff06f) j       pc - 0x8
core   0: 3 0x8000b304 (0xff9ff06f)
core   0: 0x8000b2fc (0x00001f17) auipc   t5, 0x1
core   0: 3 0x8000b2fc (0x00001f17) x30 0x8000c2fc
core   0: 0x8000b300 (0xd03f2223) sw      gp, -764(t5)
core   0: 3 0x8000b300 (0xd03f2223) mem 0x8000c000 0x00000001
core   0: 0x8000b304 (0xff9ff06f) j       pc - 0x8
core   0: 3 0x8000b304 (0xff9ff06f)
core   0: 0x8000b2fc (0x00001f17) auipc   t5, 0x1
core   0: 3 0x8000b2fc (0x00001f17) x30 0x8000c2fc
core   0: 0x8000b300 (0xd03f2223) sw      gp, -764(t5)
core   0: 3 0x8000b300 (0xd03f2223) mem 0x8000c000 0x00000001
core   0: 0x8000b304 (0xff9ff06f) j       pc - 0x8
core   0: 3 0x8000b304 (0xff9ff06f)
core   0: 0x8000b2fc (0x00001f17) auipc   t5, 0x1
core   0: 3 0x8000b2fc (0x00001f17) x30 0x8000c2fc
core   0: 0x8000b300 (0xd03f2223) sw      gp, -764(t5)
core   0: 3 0x8000b300 (0xd03f2223) mem 0x8000c000 0x00000001
core   0: 0x8000b304 (0xff9ff06f) j       pc - 0x8
core   0: 3 0x8000b304 (0xff9ff06f)
core   0: 0x8000b2fc (0x00001f17) auipc   t5, 0x1
core   0: 3 0x8000b2fc (0x00001f17) x30 0x8000c2fc
core   0: 0x8000b300 (0xd03f2223) sw      gp, -764(t5)
core   0: 3 0x8000b300 (0xd03f2223) mem 0x8000c000 0x00000001
core   0: 0x8000b304 (0xff9ff06f) j       pc - 0x8
core   0: 3 0x8000b304 (0xff9ff06f)
core   0: 0x8000b2fc (0x00001f17) auipc   t5, 0x1
core   0: 3 0x8000b2fc (0x00001f17) x30 0x8000c2fc
core   0: 0x8000b300 (0xd03f2223) sw      gp, -764(t5)
core   0: 3 0x8000b300 (0xd03f2223) mem 0x8000c000 0x00000001
core   0: 0x8000b304 (0xff9ff06f) j       pc - 0x8
core   0: 3 0x8000b304 (0xff9ff06f)
core   0: 0x8000b2fc (0x00001f17) auipc   t5, 0x1
core   0: 3 0x8000b2fc (0x00001f17) x30 0x8000c2fc
core   0: 0x8000b300 (0xd03f2223) sw      gp, -764(t5)
core   0: 3 0x8000b300 (0xd03f2223) mem 0x8000c000 0x00000001
core   0: 0x8000b304 (0xff9ff06f) j       pc - 0x8
core   0: 3 0x8000b304 (0xff9ff06f)
core   0: 0x8000b2fc (0x00001f17) auipc   t5, 0x1
core   0: 3 0x8000b2fc (0x00001f17) x30 0x8000c2fc
core   0: 0x8000b300 (0xd03f2223) sw      gp, -764(t5)
core   0: 3 0x8000b300 (0xd03f2223) mem 0x8000c000 0x00000001
core   0: 0x8000b304 (0xff9ff06f) j       pc - 0x8
core   0: 3 0x8000b304 (0xff9ff06f)
core   0: 0x8000b2fc (0x00001f17) auipc   t5, 0x1
core   0: 3 0x8000b2fc (0x00001f17) x30 0x8000c2fc
core   0: 0x8000b300 (0xd03f2223) sw      gp, -764(t5)
core   0: 3 0x8000b300 (0xd03f2223) mem 0x8000c000 0x00000001
core   0: 0x8000b304 (0xff9ff06f) j       pc - 0x8
core   0: 3 0x8000b304 (0xff9ff06f)
core   0: 0x8000b2fc (0x00001f17) auipc   t5, 0x1
core   0: 3 0x8000b2fc (0x00001f17) x30 0x8000c2fc
core   0: 0x8000b300 (0xd03f2223) sw      gp, -764(t5)
core   0: 3 0x8000b300 (0xd03f2223) mem 0x8000c000 0x00000001
core   0: 0x8000b304 (0xff9ff06f) j       pc - 0x8
core   0: 3 0x8000b304 (0xff9ff06f)
core   0: 0x8000b2fc (0x00001f17) auipc   t5, 0x1
core   0: 3 0x8000b2fc (0x00001f17) x30 0x8000c2fc
core   0: 0x8000b300 (0xd03f2223) sw      gp, -764(t5)
core   0: 3 0x8000b300 (0xd03f2223) mem 0x8000c000 0x00000001
core   0: 0x8000b304 (0xff9ff06f) j       pc - 0x8
core   0: 3 0x8000b304 (0xff9ff06f)
core   0: 0x8000b2fc (0x00001f17) auipc   t5, 0x1
core   0: 3 0x8000b2fc (0x00001f17) x30 0x8000c2fc
core   0: 0x8000b300 (0xd03f2223) sw      gp, -764(t5)
core   0: 3 0x8000b300 (0xd03f2223) mem 0x8000c000 0x00000001
core   0: 0x8000b304 (0xff9ff06f) j       pc - 0x8
core   0: 3 0x8000b304 (0xff9ff06f)
core   0: 0x8000b2fc (0x00001f17) auipc   t5, 0x1
core   0: 3 0x8000b2fc (0x00001f17) x30 0x8000c2fc
core   0: 0x8000b300 (0xd03f2223) sw      gp, -764(t5)
core   0: 3 0x8000b300 (0xd03f2223) mem 0x8000c000 0x00000001
core   0: 0x8000b304 (0xff9ff06f) j       pc - 0x8
core   0: 3 0x8000b304 (0xff9ff06f)
core   0: 0x8000b2fc (0x00001f17) auipc   t5, 0x1
core   0: 3 0x8000b2fc (0x00001f17) x30 0x8000c2fc
core   0: 0x8000b300 (0xd03f2223) sw      gp, -764(t5)
core   0: 3 0x8000b300 (0xd03f2223) mem 0x8000c000 0x00000001
core   0: 0x8000b304 (0xff9ff06f) j       pc - 0x8
core   0: 3 0x8000b304 (0xff9ff06f)
core   0: 0x8000b2fc (0x00001f17) auipc   t5, 0x1
core   0: 3 0x8000b2fc (0x00001f17) x30 0x8000c2fc
core   0: 0x8000b300 (0xd03f2223) sw      gp, -764(t5)
core   0: 3 0x8000b300 (0xd03f2223) mem 0x8000c000 0x00000001
core   0: 0x8000b304 (0xff9ff06f) j       pc - 0x8
core   0: 3 0x8000b304 (0xff9ff06f)
core   0: 0x8000b2fc (0x00001f17) auipc   t5, 0x1
core   0: 3 0x8000b2fc (0x00001f17) x30 0x8000c2fc
core   0: 0x8000b300 (0xd03f2223) sw      gp, -764(t5)
core   0: 3 0x8000b300 (0xd03f2223) mem 0x8000c000 0x00000001
core   0: 0x8000b304 (0xff9ff06f) j       pc - 0x8
core   0: 3 0x8000b304 (0xff9ff06f)
core   0: 0x8000b2fc (0x00001f17) auipc   t5, 0x1
core   0: 3 0x8000b2fc (0x00001f17) x30 0x8000c2fc
core   0: 0x8000b300 (0xd03f2223) sw      gp, -764(t5)
core   0: 3 0x8000b300 (0xd03f2223) mem 0x8000c000 0x00000001
core   0: 0x8000b304 (0xff9ff06f) j       pc - 0x8
core   0: 3 0x8000b304 (0xff9ff06f)
core   0: 0x8000b2fc (0x00001f17) auipc   t5, 0x1
core   0: 3 0x8000b2fc (0x00001f17) x30 0x8000c2fc
core   0: 0x8000b300 (0xd03f2223) sw      gp, -764(t5)
core   0: 3 0x8000b300 (0xd03f2223) mem 0x8000c000 0x00000001
core   0: 0x8000b304 (0xff9ff06f) j       pc - 0x8
core   0: 3 0x8000b304 (0xff9ff06f)
core   0: 0x8000b2fc (0x00001f17) auipc   t5, 0x1
core   0: 3 0x8000b2fc (0x00001f17) x30 0x8000c2fc
core   0: 0x8000b300 (0xd03f2223) sw      gp, -764(t5)
core   0: 3 0x8000b300 (0xd03f2223) mem 0x8000c000 0x00000001
core   0: 0x8000b304 (0xff9ff06f) j       pc - 0x8
core   0: 3 0x8000b304 (0xff9ff06f)
core   0: 0x8000b2fc (0x00001f17) auipc   t5, 0x1
core   0: 3 0x8000b2fc (0x00001f17) x30 0x8000c2fc
core   0: 0x8000b300 (0xd03f2223) sw      gp, -764(t5)
core   0: 3 0x8000b300 (0xd03f2223) mem 0x8000c000 0x00000001
core   0: 0x8000b304 (0xff9ff06f) j       pc - 0x8
core   0: 3 0x8000b304 (0xff9ff06f)
core   0: 0x8000b2fc (0x00001f17) auipc   t5, 0x1
core   0: 3 0x8000b2fc (0x00001f17) x30 0x8000c2fc
core   0: 0x8000b300 (0xd03f2223) sw      gp, -764(t5)
core   0: 3 0x8000b300 (0xd03f2223) mem 0x8000c000 0x00000001
core   0: 0x8000b304 (0xff9ff06f) j       pc - 0x8
core   0: 3 0x8000b304 (0xff9ff06f)
core   0: 0x8000b2fc (0x00001f17) auipc   t5, 0x1
core   0: 3 0x8000b2fc (0x00001f17) x30 0x8000c2fc
core   0: 0x8000b300 (0xd03f2223) sw      gp, -764(t5)
core   0: 3 0x8000b300 (0xd03f2223) mem 0x8000c000 0x00000001
core   0: 0x8000b304 (0xff9ff06f) j       pc - 0x8
core   0: 3 0x8000b304 (0xff9ff06f)
core   0: 0x8000b2fc (0x00001f17) auipc   t5, 0x1
core   0: 3 0x8000b2fc (0x00001f17) x30 0x8000c2fc
core   0: 0x8000b300 (0xd03f2223) sw      gp, -764(t5)
core   0: 3 0x8000b300 (0xd03f2223) mem 0x8000c000 0x00000001
core   0: 0x8000b304 (0xff9ff06f) j       pc - 0x8
core   0: 3 0x8000b304 (0xff9ff06f)
core   0: 0x8000b2fc (0x00001f17) auipc   t5, 0x1
core   0: 3 0x8000b2fc (0x00001f17) x30 0x8000c2fc
core   0: 0x8000b300 (0xd03f2223) sw      gp, -764(t5)
core   0: 3 0x8000b300 (0xd03f2223) mem 0x8000c000 0x00000001
core   0: 0x8000b304 (0xff9ff06f) j       pc - 0x8
core   0: 3 0x8000b304 (0xff9ff06f)
core   0: 0x8000b2fc (0x00001f17) auipc   t5, 0x1
core   0: 3 0x8000b2fc (0x00001f17) x30 0x8000c2fc
core   0: 0x8000b300 (0xd03f2223) sw      gp, -764(t5)
core   0: 3 0x8000b300 (0xd03f2223) mem 0x8000c000 0x00000001
core   0: 0x8000b304 (0xff9ff06f) j       pc - 0x8
core   0: 3 0x8000b304 (0xff9ff06f)
core   0: 0x8000b2fc (0x00001f17) auipc   t5, 0x1
core   0: 3 0x8000b2fc (0x00001f17) x30 0x8000c2fc
core   0: 0x8000b300 (0xd03f2223) sw      gp, -764(t5)
core   0: 3 0x8000b300 (0xd03f2223) mem 0x8000c000 0x00000001
core   0: 0x8000b304 (0xff9ff06f) j       pc - 0x8
core   0: 3 0x8000b304 (0xff9ff06f)
core   0: 0x8000b2fc (0x00001f17) auipc   t5, 0x1
core   0: 3 0x8000b2fc (0x00001f17) x30 0x8000c2fc
core   0: 0x8000b300 (0xd03f2223) sw      gp, -764(t5)
core   0: 3 0x8000b300 (0xd03f2223) mem 0x8000c000 0x00000001
core   0: 0x8000b304 (0xff9ff06f) j       pc - 0x8
core   0: 3 0x8000b304 (0xff9ff06f)
core   0: 0x8000b2fc (0x00001f17) auipc   t5, 0x1
core   0: 3 0x8000b2fc (0x00001f17) x30 0x8000c2fc
core   0: 0x8000b300 (0xd03f2223) sw      gp, -764(t5)
core   0: 3 0x8000b300 (0xd03f2223) mem 0x8000c000 0x00000001
core   0: 0x8000b304 (0xff9ff06f) j       pc - 0x8
core   0: 3 0x8000b304 (0xff9ff06f)
core   0: 0x8000b2fc (0x00001f17) auipc   t5, 0x1
core   0: 3 0x8000b2fc (0x00001f17) x30 0x8000c2fc
core   0: 0x8000b300 (0xd03f2223) sw      gp, -764(t5)
core   0: 3 0x8000b300 (0xd03f2223) mem 0x8000c000 0x00000001
core   0: 0x8000b304 (0xff9ff06f) j       pc - 0x8
core   0: 3 0x8000b304 (0xff9ff06f)
core   0: 0x8000b2fc (0x00001f17) auipc   t5, 0x1
core   0: 3 0x8000b2fc (0x00001f17) x30 0x8000c2fc
core   0: 0x8000b300 (0xd03f2223) sw      gp, -764(t5)
core   0: 3 0x8000b300 (0xd03f2223) mem 0x8000c000 0x00000001
core   0: 0x8000b304 (0xff9ff06f) j       pc - 0x8
core   0: 3 0x8000b304 (0xff9ff06f)
core   0: 0x8000b2fc (0x00001f17) auipc   t5, 0x1
core   0: 3 0x8000b2fc (0x00001f17) x30 0x8000c2fc
core   0: 0x8000b300 (0xd03f2223) sw      gp, -764(t5)
core   0: 3 0x8000b300 (0xd03f2223) mem 0x8000c000 0x00000001
core   0: 0x8000b304 (0xff9ff06f) j       pc - 0x8
core   0: 3 0x8000b304 (0xff9ff06f)
core   0: 0x8000b2fc (0x00001f17) auipc   t5, 0x1
core   0: 3 0x8000b2fc (0x00001f17) x30 0x8000c2fc
core   0: 0x8000b300 (0xd03f2223) sw      gp, -764(t5)
core   0: 3 0x8000b300 (0xd03f2223) mem 0x8000c000 0x00000001
core   0: 0x8000b304 (0xff9ff06f) j       pc - 0x8
core   0: 3 0x8000b304 (0xff9ff06f)
core   0: 0x8000b2fc (0x00001f17) auipc   t5, 0x1
core   0: 3 0x8000b2fc (0x00001f17) x30 0x8000c2fc
core   0: 0x8000b300 (0xd03f2223) sw      gp, -764(t5)
core   0: 3 0x8000b300 (0xd03f2223) mem 0x8000c000 0x00000001
core   0: 0x8000b304 (0xff9ff06f) j       pc - 0x8
core   0: 3 0x8000b304 (0xff9ff06f)
core   0: 0x8000b2fc (0x00001f17) auipc   t5, 0x1
core   0: 3 0x8000b2fc (0x00001f17) x30 0x8000c2fc
core   0: 0x8000b300 (0xd03f2223) sw      gp, -764(t5)
core   0: 3 0x8000b300 (0xd03f2223) mem 0x8000c000 0x00000001
core   0: 0x8000b304 (0xff9ff06f) j       pc - 0x8
core   0: 3 0x8000b304 (0xff9ff06f)
core   0: 0x8000b2fc (0x00001f17) auipc   t5, 0x1
core   0: 3 0x8000b2fc (0x00001f17) x30 0x8000c2fc
core   0: 0x8000b300 (0xd03f2223) sw      gp, -764(t5)
core   0: 3 0x8000b300 (0xd03f2223) mem 0x8000c000 0x00000001
core   0: 0x8000b304 (0xff9ff06f) j       pc - 0x8
core   0: 3 0x8000b304 (0xff9ff06f)
core   0: 0x8000b2fc (0x00001f17) auipc   t5, 0x1
core   0: 3 0x8000b2fc (0x00001f17) x30 0x8000c2fc
core   0: 0x8000b300 (0xd03f2223) sw      gp, -764(t5)
core   0: 3 0x8000b300 (0xd03f2223) mem 0x8000c000 0x00000001
core   0: 0x8000b304 (0xff9ff06f) j       pc - 0x8
core   0: 3 0x8000b304 (0xff9ff06f)
core   0: 0x8000b2fc (0x00001f17) auipc   t5, 0x1
core   0: 3 0x8000b2fc (0x00001f17) x30 0x8000c2fc
core   0: 0x8000b300 (0xd03f2223) sw      gp, -764(t5)
core   0: 3 0x8000b300 (0xd03f2223) mem 0x8000c000 0x00000001
core   0: 0x8000b304 (0xff9ff06f) j       pc - 0x8
core   0: 3 0x8000b304 (0xff9ff06f)
core   0: 0x8000b2fc (0x00001f17) auipc   t5, 0x1
core   0: 3 0x8000b2fc (0x00001f17) x30 0x8000c2fc
core   0: 0x8000b300 (0xd03f2223) sw      gp, -764(t5)
core   0: 3 0x8000b300 (0xd03f2223) mem 0x8000c000 0x00000001
core   0: 0x8000b304 (0xff9ff06f) j       pc - 0x8
core   0: 3 0x8000b304 (0xff9ff06f)
core   0: 0x8000b2fc (0x00001f17) auipc   t5, 0x1
core   0: 3 0x8000b2fc (0x00001f17) x30 0x8000c2fc
core   0: 0x8000b300 (0xd03f2223) sw      gp, -764(t5)
core   0: 3 0x8000b300 (0xd03f2223) mem 0x8000c000 0x00000001
core   0: 0x8000b304 (0xff9ff06f) j       pc - 0x8
core   0: 3 0x8000b304 (0xff9ff06f)
core   0: 0x8000b2fc (0x00001f17) auipc   t5, 0x1
core   0: 3 0x8000b2fc (0x00001f17) x30 0x8000c2fc
core   0: 0x8000b300 (0xd03f2223) sw      gp, -764(t5)
core   0: 3 0x8000b300 (0xd03f2223) mem 0x8000c000 0x00000001
core   0: 0x8000b304 (0xff9ff06f) j       pc - 0x8
core   0: 3 0x8000b304 (0xff9ff06f)
core   0: 0x8000b2fc (0x00001f17) auipc   t5, 0x1
core   0: 3 0x8000b2fc (0x00001f17) x30 0x8000c2fc
core   0: 0x8000b300 (0xd03f2223) sw      gp, -764(t5)
core   0: 3 0x8000b300 (0xd03f2223) mem 0x8000c000 0x00000001
core   0: 0x8000b304 (0xff9ff06f) j       pc - 0x8
core   0: 3 0x8000b304 (0xff9ff06f)
core   0: 0x8000b2fc (0x00001f17) auipc   t5, 0x1
core   0: 3 0x8000b2fc (0x00001f17) x30 0x8000c2fc
core   0: 0x8000b300 (0xd03f2223) sw      gp, -764(t5)
core   0: 3 0x8000b300 (0xd03f2223) mem 0x8000c000 0x00000001
core   0: 0x8000b304 (0xff9ff06f) j       pc - 0x8
core   0: 3 0x8000b304 (0xff9ff06f)
core   0: 0x8000b2fc (0x00001f17) auipc   t5, 0x1
core   0: 3 0x8000b2fc (0x00001f17) x30 0x8000c2fc
core   0: 0x8000b300 (0xd03f2223) sw      gp, -764(t5)
core   0: 3 0x8000b300 (0xd03f2223) mem 0x8000c000 0x00000001
core   0: 0x8000b304 (0xff9ff06f) j       pc - 0x8
core   0: 3 0x8000b304 (0xff9ff06f)
core   0: 0x8000b2fc (0x00001f17) auipc   t5, 0x1
core   0: 3 0x8000b2fc (0x00001f17) x30 0x8000c2fc
core   0: 0x8000b300 (0xd03f2223) sw      gp, -764(t5)
core   0: 3 0x8000b300 (0xd03f2223) mem 0x8000c000 0x00000001
core   0: 0x8000b304 (0xff9ff06f) j       pc - 0x8
core   0: 3 0x8000b304 (0xff9ff06f)
core   0: 0x8000b2fc (0x00001f17) auipc   t5, 0x1
core   0: 3 0x8000b2fc (0x00001f17) x30 0x8000c2fc
core   0: 0x8000b300 (0xd03f2223) sw      gp, -764(t5)
core   0: 3 0x8000b300 (0xd03f2223) mem 0x8000c000 0x00000001
core   0: 0x8000b304 (0xff9ff06f) j       pc - 0x8
core   0: 3 0x8000b304 (0xff9ff06f)
core   0: 0x8000b2fc (0x00001f17) auipc   t5, 0x1
core   0: 3 0x8000b2fc (0x00001f17) x30 0x8000c2fc
core   0: 0x8000b300 (0xd03f2223) sw      gp, -764(t5)
core   0: 3 0x8000b300 (0xd03f2223) mem 0x8000c000 0x00000001
core   0: 0x8000b304 (0xff9ff06f) j       pc - 0x8
core   0: 3 0x8000b304 (0xff9ff06f)
core   0: 0x8000b2fc (0x00001f17) auipc   t5, 0x1
core   0: 3 0x8000b2fc (0x00001f17) x30 0x8000c2fc
core   0: 0x8000b300 (0xd03f2223) sw      gp, -764(t5)
core   0: 3 0x8000b300 (0xd03f2223) mem 0x8000c000 0x00000001
core   0: 0x8000b304 (0xff9ff06f) j       pc - 0x8
core   0: 3 0x8000b304 (0xff9ff06f)
core   0: 0x8000b2fc (0x00001f17) auipc   t5, 0x1
core   0: 3 0x8000b2fc (0x00001f17) x30 0x8000c2fc
core   0: 0x8000b300 (0xd03f2223) sw      gp, -764(t5)
core   0: 3 0x8000b300 (0xd03f2223) mem 0x8000c000 0x00000001
core   0: 0x8000b304 (0xff9ff06f) j       pc - 0x8
core   0: 3 0x8000b304 (0xff9ff06f)
core   0: 0x8000b2fc (0x00001f17) auipc   t5, 0x1
core   0: 3 0x8000b2fc (0x00001f17) x30 0x8000c2fc
core   0: 0x8000b300 (0xd03f2223) sw      gp, -764(t5)
core   0: 3 0x8000b300 (0xd03f2223) mem 0x8000c000 0x00000001
core   0: 0x8000b304 (0xff9ff06f) j       pc - 0x8
core   0: 3 0x8000b304 (0xff9ff06f)
core   0: 0x8000b2fc (0x00001f17) auipc   t5, 0x1
core   0: 3 0x8000b2fc (0x00001f17) x30 0x8000c2fc
core   0: 0x8000b300 (0xd03f2223) sw      gp, -764(t5)
core   0: 3 0x8000b300 (0xd03f2223) mem 0x8000c000 0x00000001
core   0: 0x8000b304 (0xff9ff06f) j       pc - 0x8
core   0: 3 0x8000b304 (0xff9ff06f)
core   0: 0x8000b2fc (0x00001f17) auipc   t5, 0x1
core   0: 3 0x8000b2fc (0x00001f17) x30 0x8000c2fc
core   0: 0x8000b300 (0xd03f2223) sw      gp, -764(t5)
core   0: 3 0x8000b300 (0xd03f2223) mem 0x8000c000 0x00000001
core   0: 0x8000b304 (0xff9ff06f) j       pc - 0x8
core   0: 3 0x8000b304 (0xff9ff06f)
core   0: 0x8000b2fc (0x00001f17) auipc   t5, 0x1
core   0: 3 0x8000b2fc (0x00001f17) x30 0x8000c2fc
core   0: 0x8000b300 (0xd03f2223) sw      gp, -764(t5)
core   0: 3 0x8000b300 (0xd03f2223) mem 0x8000c000 0x00000001
core   0: 0x8000b304 (0xff9ff06f) j       pc - 0x8
core   0: 3 0x8000b304 (0xff9ff06f)
core   0: 0x8000b2fc (0x00001f17) auipc   t5, 0x1
core   0: 3 0x8000b2fc (0x00001f17) x30 0x8000c2fc
core   0: 0x8000b300 (0xd03f2223) sw      gp, -764(t5)
core   0: 3 0x8000b300 (0xd03f2223) mem 0x8000c000 0x00000001
core   0: 0x8000b304 (0xff9ff06f) j       pc - 0x8
core   0: 3 0x8000b304 (0xff9ff06f)
core   0: 0x8000b2fc (0x00001f17) auipc   t5, 0x1
core   0: 3 0x8000b2fc (0x00001f17) x30 0x8000c2fc
core   0: 0x8000b300 (0xd03f2223) sw      gp, -764(t5)
core   0: 3 0x8000b300 (0xd03f2223) mem 0x8000c000 0x00000001
core   0: 0x8000b304 (0xff9ff06f) j       pc - 0x8
core   0: 3 0x8000b304 (0xff9ff06f)
core   0: 0x8000b2fc (0x00001f17) auipc   t5, 0x1
core   0: 3 0x8000b2fc (0x00001f17) x30 0x8000c2fc
core   0: 0x8000b300 (0xd03f2223) sw      gp, -764(t5)
core   0: 3 0x8000b300 (0xd03f2223) mem 0x8000c000 0x00000001
core   0: 0x8000b304 (0xff9ff06f) j       pc - 0x8
core   0: 3 0x8000b304 (0xff9ff06f)
core   0: 0x8000b2fc (0x00001f17) auipc   t5, 0x1
core   0: 3 0x8000b2fc (0x00001f17) x30 0x8000c2fc
core   0: 0x8000b300 (0xd03f2223) sw      gp, -764(t5)
core   0: 3 0x8000b300 (0xd03f2223) mem 0x8000c000 0x00000001
core   0: 0x8000b304 (0xff9ff06f) j       pc - 0x8
core   0: 3 0x8000b304 (0xff9ff06f)
core   0: 0x8000b2fc (0x00001f17) auipc   t5, 0x1
core   0: 3 0x8000b2fc (0x00001f17) x30 0x8000c2fc
core   0: 0x8000b300 (0xd03f2223) sw      gp, -764(t5)
core   0: 3 0x8000b300 (0xd03f2223) mem 0x8000c000 0x00000001
core   0: 0x8000b304 (0xff9ff06f) j       pc - 0x8
core   0: 3 0x8000b304 (0xff9ff06f)
core   0: 0x8000b2fc (0x00001f17) auipc   t5, 0x1
core   0: 3 0x8000b2fc (0x00001f17) x30 0x8000c2fc
core   0: 0x8000b300 (0xd03f2223) sw      gp, -764(t5)
core   0: 3 0x8000b300 (0xd03f2223) mem 0x8000c000 0x00000001
core   0: 0x8000b304 (0xff9ff06f) j       pc - 0x8
core   0: 3 0x8000b304 (0xff9ff06f)
core   0: 0x8000b2fc (0x00001f17) auipc   t5, 0x1
core   0: 3 0x8000b2fc (0x00001f17) x30 0x8000c2fc
core   0: 0x8000b300 (0xd03f2223) sw      gp, -764(t5)
core   0: 3 0x8000b300 (0xd03f2223) mem 0x8000c000 0x00000001
core   0: 0x8000b304 (0xff9ff06f) j       pc - 0x8
core   0: 3 0x8000b304 (0xff9ff06f)
core   0: 0x8000b2fc (0x00001f17) auipc   t5, 0x1
core   0: 3 0x8000b2fc (0x00001f17) x30 0x8000c2fc
core   0: 0x8000b300 (0xd03f2223) sw      gp, -764(t5)
core   0: 3 0x8000b300 (0xd03f2223) mem 0x8000c000 0x00000001
core   0: 0x8000b304 (0xff9ff06f) j       pc - 0x8
core   0: 3 0x8000b304 (0xff9ff06f)
core   0: 0x8000b2fc (0x00001f17) auipc   t5, 0x1
core   0: 3 0x8000b2fc (0x00001f17) x30 0x8000c2fc
core   0: 0x8000b300 (0xd03f2223) sw      gp, -764(t5)
core   0: 3 0x8000b300 (0xd03f2223) mem 0x8000c000 0x00000001
core   0: 0x8000b304 (0xff9ff06f) j       pc - 0x8
core   0: 3 0x8000b304 (0xff9ff06f)
core   0: 0x8000b2fc (0x00001f17) auipc   t5, 0x1
core   0: 3 0x8000b2fc (0x00001f17) x30 0x8000c2fc
core   0: 0x8000b300 (0xd03f2223) sw      gp, -764(t5)
core   0: 3 0x8000b300 (0xd03f2223) mem 0x8000c000 0x00000001
core   0: 0x8000b304 (0xff9ff06f) j       pc - 0x8
core   0: 3 0x8000b304 (0xff9ff06f)
core   0: 0x8000b2fc (0x00001f17) auipc   t5, 0x1
core   0: 3 0x8000b2fc (0x00001f17) x30 0x8000c2fc
core   0: 0x8000b300 (0xd03f2223) sw      gp, -764(t5)
core   0: 3 0x8000b300 (0xd03f2223) mem 0x8000c000 0x00000001
core   0: 0x8000b304 (0xff9ff06f) j       pc - 0x8
core   0: 3 0x8000b304 (0xff9ff06f)
core   0: 0x8000b2fc (0x00001f17) auipc   t5, 0x1
core   0: 3 0x8000b2fc (0x00001f17) x30 0x8000c2fc
core   0: 0x8000b300 (0xd03f2223) sw      gp, -764(t5)
core   0: 3 0x8000b300 (0xd03f2223) mem 0x8000c000 0x00000001
core   0: 0x8000b304 (0xff9ff06f) j       pc - 0x8
core   0: 3 0x8000b304 (0xff9ff06f)
core   0: 0x8000b2fc (0x00001f17) auipc   t5, 0x1
core   0: 3 0x8000b2fc (0x00001f17) x30 0x8000c2fc
core   0: 0x8000b300 (0xd03f2223) sw      gp, -764(t5)
core   0: 3 0x8000b300 (0xd03f2223) mem 0x8000c000 0x00000001
core   0: 0x8000b304 (0xff9ff06f) j       pc - 0x8
core   0: 3 0x8000b304 (0xff9ff06f)
core   0: 0x8000b2fc (0x00001f17) auipc   t5, 0x1
core   0: 3 0x8000b2fc (0x00001f17) x30 0x8000c2fc
core   0: 0x8000b300 (0xd03f2223) sw      gp, -764(t5)
core   0: 3 0x8000b300 (0xd03f2223) mem 0x8000c000 0x00000001
core   0: 0x8000b304 (0xff9ff06f) j       pc - 0x8
core   0: 3 0x8000b304 (0xff9ff06f)
core   0: 0x8000b2fc (0x00001f17) auipc   t5, 0x1
core   0: 3 0x8000b2fc (0x00001f17) x30 0x8000c2fc
core   0: 0x8000b300 (0xd03f2223) sw      gp, -764(t5)
core   0: 3 0x8000b300 (0xd03f2223) mem 0x8000c000 0x00000001
core   0: 0x8000b304 (0xff9ff06f) j       pc - 0x8
core   0: 3 0x8000b304 (0xff9ff06f)
core   0: 0x8000b2fc (0x00001f17) auipc   t5, 0x1
core   0: 3 0x8000b2fc (0x00001f17) x30 0x8000c2fc
core   0: 0x8000b300 (0xd03f2223) sw      gp, -764(t5)
core   0: 3 0x8000b300 (0xd03f2223) mem 0x8000c000 0x00000001
core   0: 0x8000b304 (0xff9ff06f) j       pc - 0x8
core   0: 3 0x8000b304 (0xff9ff06f)
core   0: 0x8000b2fc (0x00001f17) auipc   t5, 0x1
core   0: 3 0x8000b2fc (0x00001f17) x30 0x8000c2fc
core   0: 0x8000b300 (0xd03f2223) sw      gp, -764(t5)
core   0: 3 0x8000b300 (0xd03f2223) mem 0x8000c000 0x00000001
core   0: 0x8000b304 (0xff9ff06f) j       pc - 0x8
core   0: 3 0x8000b304 (0xff9ff06f)
core   0: 0x8000b2fc (0x00001f17) auipc   t5, 0x1
core   0: 3 0x8000b2fc (0x00001f17) x30 0x8000c2fc
core   0: 0x8000b300 (0xd03f2223) sw      gp, -764(t5)
core   0: 3 0x8000b300 (0xd03f2223) mem 0x8000c000 0x00000001
core   0: 0x8000b304 (0xff9ff06f) j       pc - 0x8
core   0: 3 0x8000b304 (0xff9ff06f)
core   0: 0x8000b2fc (0x00001f17) auipc   t5, 0x1
core   0: 3 0x8000b2fc (0x00001f17) x30 0x8000c2fc
core   0: 0x8000b300 (0xd03f2223) sw      gp, -764(t5)
core   0: 3 0x8000b300 (0xd03f2223) mem 0x8000c000 0x00000001
core   0: 0x8000b304 (0xff9ff06f) j       pc - 0x8
core   0: 3 0x8000b304 (0xff9ff06f)
core   0: 0x8000b2fc (0x00001f17) auipc   t5, 0x1
core   0: 3 0x8000b2fc (0x00001f17) x30 0x8000c2fc
core   0: 0x8000b300 (0xd03f2223) sw      gp, -764(t5)
core   0: 3 0x8000b300 (0xd03f2223) mem 0x8000c000 0x00000001
core   0: 0x8000b304 (0xff9ff06f) j       pc - 0x8
core   0: 3 0x8000b304 (0xff9ff06f)
core   0: 0x8000b2fc (0x00001f17) auipc   t5, 0x1
core   0: 3 0x8000b2fc (0x00001f17) x30 0x8000c2fc
core   0: 0x8000b300 (0xd03f2223) sw      gp, -764(t5)
core   0: 3 0x8000b300 (0xd03f2223) mem 0x8000c000 0x00000001
core   0: 0x8000b304 (0xff9ff06f) j       pc - 0x8
core   0: 3 0x8000b304 (0xff9ff06f)
core   0: 0x8000b2fc (0x00001f17) auipc   t5, 0x1
core   0: 3 0x8000b2fc (0x00001f17) x30 0x8000c2fc
core   0: 0x8000b300 (0xd03f2223) sw      gp, -764(t5)
core   0: 3 0x8000b300 (0xd03f2223) mem 0x8000c000 0x00000001
core   0: 0x8000b304 (0xff9ff06f) j       pc - 0x8
core   0: 3 0x8000b304 (0xff9ff06f)
core   0: 0x8000b2fc (0x00001f17) auipc   t5, 0x1
core   0: 3 0x8000b2fc (0x00001f17) x30 0x8000c2fc
core   0: 0x8000b300 (0xd03f2223) sw      gp, -764(t5)
core   0: 3 0x8000b300 (0xd03f2223) mem 0x8000c000 0x00000001
core   0: 0x8000b304 (0xff9ff06f) j       pc - 0x8
core   0: 3 0x8000b304 (0xff9ff06f)
core   0: 0x8000b2fc (0x00001f17) auipc   t5, 0x1
core   0: 3 0x8000b2fc (0x00001f17) x30 0x8000c2fc
core   0: 0x8000b300 (0xd03f2223) sw      gp, -764(t5)
core   0: 3 0x8000b300 (0xd03f2223) mem 0x8000c000 0x00000001
core   0: 0x8000b304 (0xff9ff06f) j       pc - 0x8
core   0: 3 0x8000b304 (0xff9ff06f)
core   0: 0x8000b2fc (0x00001f17) auipc   t5, 0x1
core   0: 3 0x8000b2fc (0x00001f17) x30 0x8000c2fc
core   0: 0x8000b300 (0xd03f2223) sw      gp, -764(t5)
core   0: 3 0x8000b300 (0xd03f2223) mem 0x8000c000 0x00000001
core   0: 0x8000b304 (0xff9ff06f) j       pc - 0x8
core   0: 3 0x8000b304 (0xff9ff06f)
core   0: 0x8000b2fc (0x00001f17) auipc   t5, 0x1
core   0: 3 0x8000b2fc (0x00001f17) x30 0x8000c2fc
core   0: 0x8000b300 (0xd03f2223) sw      gp, -764(t5)
core   0: 3 0x8000b300 (0xd03f2223) mem 0x8000c000 0x00000001
core   0: 0x8000b304 (0xff9ff06f) j       pc - 0x8
core   0: 3 0x8000b304 (0xff9ff06f)
core   0: 0x8000b2fc (0x00001f17) auipc   t5, 0x1
core   0: 3 0x8000b2fc (0x00001f17) x30 0x8000c2fc
core   0: 0x8000b300 (0xd03f2223) sw      gp, -764(t5)
core   0: 3 0x8000b300 (0xd03f2223) mem 0x8000c000 0x00000001
core   0: 0x8000b304 (0xff9ff06f) j       pc - 0x8
core   0: 3 0x8000b304 (0xff9ff06f)
core   0: 0x8000b2fc (0x00001f17) auipc   t5, 0x1
core   0: 3 0x8000b2fc (0x00001f17) x30 0x8000c2fc
core   0: 0x8000b300 (0xd03f2223) sw      gp, -764(t5)
core   0: 3 0x8000b300 (0xd03f2223) mem 0x8000c000 0x00000001
core   0: 0x8000b304 (0xff9ff06f) j       pc - 0x8
core   0: 3 0x8000b304 (0xff9ff06f)
core   0: 0x8000b2fc (0x00001f17) auipc   t5, 0x1
core   0: 3 0x8000b2fc (0x00001f17) x30 0x8000c2fc
core   0: 0x8000b300 (0xd03f2223) sw      gp, -764(t5)
core   0: 3 0x8000b300 (0xd03f2223) mem 0x8000c000 0x00000001
core   0: 0x8000b304 (0xff9ff06f) j       pc - 0x8
core   0: 3 0x8000b304 (0xff9ff06f)
core   0: 0x8000b2fc (0x00001f17) auipc   t5, 0x1
core   0: 3 0x8000b2fc (0x00001f17) x30 0x8000c2fc
core   0: 0x8000b300 (0xd03f2223) sw      gp, -764(t5)
core   0: 3 0x8000b300 (0xd03f2223) mem 0x8000c000 0x00000001
core   0: 0x8000b304 (0xff9ff06f) j       pc - 0x8
core   0: 3 0x8000b304 (0xff9ff06f)
core   0: 0x8000b2fc (0x00001f17) auipc   t5, 0x1
core   0: 3 0x8000b2fc (0x00001f17) x30 0x8000c2fc
core   0: 0x8000b300 (0xd03f2223) sw      gp, -764(t5)
core   0: 3 0x8000b300 (0xd03f2223) mem 0x8000c000 0x00000001
core   0: 0x8000b304 (0xff9ff06f) j       pc - 0x8
core   0: 3 0x8000b304 (0xff9ff06f)
core   0: 0x8000b2fc (0x00001f17) auipc   t5, 0x1
core   0: 3 0x8000b2fc (0x00001f17) x30 0x8000c2fc
core   0: 0x8000b300 (0xd03f2223) sw      gp, -764(t5)
core   0: 3 0x8000b300 (0xd03f2223) mem 0x8000c000 0x00000001
core   0: 0x8000b304 (0xff9ff06f) j       pc - 0x8
core   0: 3 0x8000b304 (0xff9ff06f)
core   0: 0x8000b2fc (0x00001f17) auipc   t5, 0x1
core   0: 3 0x8000b2fc (0x00001f17) x30 0x8000c2fc
core   0: 0x8000b300 (0xd03f2223) sw      gp, -764(t5)
core   0: 3 0x8000b300 (0xd03f2223) mem 0x8000c000 0x00000001
core   0: 0x8000b304 (0xff9ff06f) j       pc - 0x8
core   0: 3 0x8000b304 (0xff9ff06f)
core   0: 0x8000b2fc (0x00001f17) auipc   t5, 0x1
core   0: 3 0x8000b2fc (0x00001f17) x30 0x8000c2fc
core   0: 0x8000b300 (0xd03f2223) sw      gp, -764(t5)
core   0: 3 0x8000b300 (0xd03f2223) mem 0x8000c000 0x00000001
core   0: 0x8000b304 (0xff9ff06f) j       pc - 0x8
core   0: 3 0x8000b304 (0xff9ff06f)
core   0: 0x8000b2fc (0x00001f17) auipc   t5, 0x1
core   0: 3 0x8000b2fc (0x00001f17) x30 0x8000c2fc
core   0: 0x8000b300 (0xd03f2223) sw      gp, -764(t5)
core   0: 3 0x8000b300 (0xd03f2223) mem 0x8000c000 0x00000001
core   0: 0x8000b304 (0xff9ff06f) j       pc - 0x8
core   0: 3 0x8000b304 (0xff9ff06f)
core   0: 0x8000b2fc (0x00001f17) auipc   t5, 0x1
core   0: 3 0x8000b2fc (0x00001f17) x30 0x8000c2fc
core   0: 0x8000b300 (0xd03f2223) sw      gp, -764(t5)
core   0: 3 0x8000b300 (0xd03f2223) mem 0x8000c000 0x00000001
core   0: 0x8000b304 (0xff9ff06f) j       pc - 0x8
core   0: 3 0x8000b304 (0xff9ff06f)
core   0: 0x8000b2fc (0x00001f17) auipc   t5, 0x1
core   0: 3 0x8000b2fc (0x00001f17) x30 0x8000c2fc
core   0: 0x8000b300 (0xd03f2223) sw      gp, -764(t5)
core   0: 3 0x8000b300 (0xd03f2223) mem 0x8000c000 0x00000001
core   0: 0x8000b304 (0xff9ff06f) j       pc - 0x8
core   0: 3 0x8000b304 (0xff9ff06f)
core   0: 0x8000b2fc (0x00001f17) auipc   t5, 0x1
core   0: 3 0x8000b2fc (0x00001f17) x30 0x8000c2fc
core   0: 0x8000b300 (0xd03f2223) sw      gp, -764(t5)
core   0: 3 0x8000b300 (0xd03f2223) mem 0x8000c000 0x00000001
core   0: 0x8000b304 (0xff9ff06f) j       pc - 0x8
core   0: 3 0x8000b304 (0xff9ff06f)
core   0: 0x8000b2fc (0x00001f17) auipc   t5, 0x1
core   0: 3 0x8000b2fc (0x00001f17) x30 0x8000c2fc
core   0: 0x8000b300 (0xd03f2223) sw      gp, -764(t5)
core   0: 3 0x8000b300 (0xd03f2223) mem 0x8000c000 0x00000001
core   0: 0x8000b304 (0xff9ff06f) j       pc - 0x8
core   0: 3 0x8000b304 (0xff9ff06f)
core   0: 0x8000b2fc (0x00001f17) auipc   t5, 0x1
core   0: 3 0x8000b2fc (0x00001f17) x30 0x8000c2fc
core   0: 0x8000b300 (0xd03f2223) sw      gp, -764(t5)
core   0: 3 0x8000b300 (0xd03f2223) mem 0x8000c000 0x00000001
core   0: 0x8000b304 (0xff9ff06f) j       pc - 0x8
core   0: 3 0x8000b304 (0xff9ff06f)
core   0: 0x8000b2fc (0x00001f17) auipc   t5, 0x1
core   0: 3 0x8000b2fc (0x00001f17) x30 0x8000c2fc
core   0: 0x8000b300 (0xd03f2223) sw      gp, -764(t5)
core   0: 3 0x8000b300 (0xd03f2223) mem 0x8000c000 0x00000001
core   0: 0x8000b304 (0xff9ff06f) j       pc - 0x8
core   0: 3 0x8000b304 (0xff9ff06f)
core   0: 0x8000b2fc (0x00001f17) auipc   t5, 0x1
core   0: 3 0x8000b2fc (0x00001f17) x30 0x8000c2fc
core   0: 0x8000b300 (0xd03f2223) sw      gp, -764(t5)
core   0: 3 0x8000b300 (0xd03f2223) mem 0x8000c000 0x00000001
core   0: 0x8000b304 (0xff9ff06f) j       pc - 0x8
core   0: 3 0x8000b304 (0xff9ff06f)
core   0: 0x8000b2fc (0x00001f17) auipc   t5, 0x1
core   0: 3 0x8000b2fc (0x00001f17) x30 0x8000c2fc
core   0: 0x8000b300 (0xd03f2223) sw      gp, -764(t5)
core   0: 3 0x8000b300 (0xd03f2223) mem 0x8000c000 0x00000001
core   0: 0x8000b304 (0xff9ff06f) j       pc - 0x8
core   0: 3 0x8000b304 (0xff9ff06f)
core   0: 0x8000b2fc (0x00001f17) auipc   t5, 0x1
core   0: 3 0x8000b2fc (0x00001f17) x30 0x8000c2fc
core   0: 0x8000b300 (0xd03f2223) sw      gp, -764(t5)
core   0: 3 0x8000b300 (0xd03f2223) mem 0x8000c000 0x00000001
core   0: 0x8000b304 (0xff9ff06f) j       pc - 0x8
core   0: 3 0x8000b304 (0xff9ff06f)
core   0: 0x8000b2fc (0x00001f17) auipc   t5, 0x1
core   0: 3 0x8000b2fc (0x00001f17) x30 0x8000c2fc
core   0: 0x8000b300 (0xd03f2223) sw      gp, -764(t5)
core   0: 3 0x8000b300 (0xd03f2223) mem 0x8000c000 0x00000001
core   0: 0x8000b304 (0xff9ff06f) j       pc - 0x8
core   0: 3 0x8000b304 (0xff9ff06f)
core   0: 0x8000b2fc (0x00001f17) auipc   t5, 0x1
core   0: 3 0x8000b2fc (0x00001f17) x30 0x8000c2fc
core   0: 0x8000b300 (0xd03f2223) sw      gp, -764(t5)
core   0: 3 0x8000b300 (0xd03f2223) mem 0x8000c000 0x00000001
core   0: 0x8000b304 (0xff9ff06f) j       pc - 0x8
core   0: 3 0x8000b304 (0xff9ff06f)
core   0: 0x8000b2fc (0x00001f17) auipc   t5, 0x1
core   0: 3 0x8000b2fc (0x00001f17) x30 0x8000c2fc
core   0: 0x8000b300 (0xd03f2223) sw      gp, -764(t5)
core   0: 3 0x8000b300 (0xd03f2223) mem 0x8000c000 0x00000001
core   0: 0x8000b304 (0xff9ff06f) j       pc - 0x8
core   0: 3 0x8000b304 (0xff9ff06f)
core   0: 0x8000b2fc (0x00001f17) auipc   t5, 0x1
core   0: 3 0x8000b2fc (0x00001f17) x30 0x8000c2fc
core   0: 0x8000b300 (0xd03f2223) sw      gp, -764(t5)
core   0: 3 0x8000b300 (0xd03f2223) mem 0x8000c000 0x00000001
core   0: 0x8000b304 (0xff9ff06f) j       pc - 0x8
core   0: 3 0x8000b304 (0xff9ff06f)
core   0: 0x8000b2fc (0x00001f17) auipc   t5, 0x1
core   0: 3 0x8000b2fc (0x00001f17) x30 0x8000c2fc
core   0: 0x8000b300 (0xd03f2223) sw      gp, -764(t5)
core   0: 3 0x8000b300 (0xd03f2223) mem 0x8000c000 0x00000001
core   0: 0x8000b304 (0xff9ff06f) j       pc - 0x8
core   0: 3 0x8000b304 (0xff9ff06f)
core   0: 0x8000b2fc (0x00001f17) auipc   t5, 0x1
core   0: 3 0x8000b2fc (0x00001f17) x30 0x8000c2fc
core   0: 0x8000b300 (0xd03f2223) sw      gp, -764(t5)
core   0: 3 0x8000b300 (0xd03f2223) mem 0x8000c000 0x00000001
core   0: 0x8000b304 (0xff9ff06f) j       pc - 0x8
core   0: 3 0x8000b304 (0xff9ff06f)
core   0: 0x8000b2fc (0x00001f17) auipc   t5, 0x1
core   0: 3 0x8000b2fc (0x00001f17) x30 0x8000c2fc
core   0: 0x8000b300 (0xd03f2223) sw      gp, -764(t5)
core   0: 3 0x8000b300 (0xd03f2223) mem 0x8000c000 0x00000001
core   0: 0x8000b304 (0xff9ff06f) j       pc - 0x8
core   0: 3 0x8000b304 (0xff9ff06f)
core   0: 0x8000b2fc (0x00001f17) auipc   t5, 0x1
core   0: 3 0x8000b2fc (0x00001f17) x30 0x8000c2fc
core   0: 0x8000b300 (0xd03f2223) sw      gp, -764(t5)
core   0: 3 0x8000b300 (0xd03f2223) mem 0x8000c000 0x00000001
core   0: 0x8000b304 (0xff9ff06f) j       pc - 0x8
core   0: 3 0x8000b304 (0xff9ff06f)
core   0: 0x8000b2fc (0x00001f17) auipc   t5, 0x1
core   0: 3 0x8000b2fc (0x00001f17) x30 0x8000c2fc
core   0: 0x8000b300 (0xd03f2223) sw      gp, -764(t5)
core   0: 3 0x8000b300 (0xd03f2223) mem 0x8000c000 0x00000001
core   0: 0x8000b304 (0xff9ff06f) j       pc - 0x8
core   0: 3 0x8000b304 (0xff9ff06f)
core   0: 0x8000b2fc (0x00001f17) auipc   t5, 0x1
core   0: 3 0x8000b2fc (0x00001f17) x30 0x8000c2fc
core   0: 0x8000b300 (0xd03f2223) sw      gp, -764(t5)
core   0: 3 0x8000b300 (0xd03f2223) mem 0x8000c000 0x00000001
core   0: 0x8000b304 (0xff9ff06f) j       pc - 0x8
core   0: 3 0x8000b304 (0xff9ff06f)
core   0: 0x8000b2fc (0x00001f17) auipc   t5, 0x1
core   0: 3 0x8000b2fc (0x00001f17) x30 0x8000c2fc
core   0: 0x8000b300 (0xd03f2223) sw      gp, -764(t5)
core   0: 3 0x8000b300 (0xd03f2223) mem 0x8000c000 0x00000001
core   0: 0x8000b304 (0xff9ff06f) j       pc - 0x8
core   0: 3 0x8000b304 (0xff9ff06f)
core   0: 0x8000b2fc (0x00001f17) auipc   t5, 0x1
core   0: 3 0x8000b2fc (0x00001f17) x30 0x8000c2fc
core   0: 0x8000b300 (0xd03f2223) sw      gp, -764(t5)
core   0: 3 0x8000b300 (0xd03f2223) mem 0x8000c000 0x00000001
core   0: 0x8000b304 (0xff9ff06f) j       pc - 0x8
core   0: 3 0x8000b304 (0xff9ff06f)
core   0: 0x8000b2fc (0x00001f17) auipc   t5, 0x1
core   0: 3 0x8000b2fc (0x00001f17) x30 0x8000c2fc
core   0: 0x8000b300 (0xd03f2223) sw      gp, -764(t5)
core   0: 3 0x8000b300 (0xd03f2223) mem 0x8000c000 0x00000001
core   0: 0x8000b304 (0xff9ff06f) j       pc - 0x8
core   0: 3 0x8000b304 (0xff9ff06f)
core   0: 0x8000b2fc (0x00001f17) auipc   t5, 0x1
core   0: 3 0x8000b2fc (0x00001f17) x30 0x8000c2fc
core   0: 0x8000b300 (0xd03f2223) sw      gp, -764(t5)
core   0: 3 0x8000b300 (0xd03f2223) mem 0x8000c000 0x00000001
core   0: 0x8000b304 (0xff9ff06f) j       pc - 0x8
core   0: 3 0x8000b304 (0xff9ff06f)
core   0: 0x8000b2fc (0x00001f17) auipc   t5, 0x1
core   0: 3 0x8000b2fc (0x00001f17) x30 0x8000c2fc
core   0: 0x8000b300 (0xd03f2223) sw      gp, -764(t5)
core   0: 3 0x8000b300 (0xd03f2223) mem 0x8000c000 0x00000001
core   0: 0x8000b304 (0xff9ff06f) j       pc - 0x8
core   0: 3 0x8000b304 (0xff9ff06f)
core   0: 0x8000b2fc (0x00001f17) auipc   t5, 0x1
core   0: 3 0x8000b2fc (0x00001f17) x30 0x8000c2fc
core   0: 0x8000b300 (0xd03f2223) sw      gp, -764(t5)
core   0: 3 0x8000b300 (0xd03f2223) mem 0x8000c000 0x00000001
core   0: 0x8000b304 (0xff9ff06f) j       pc - 0x8
core   0: 3 0x8000b304 (0xff9ff06f)
core   0: 0x8000b2fc (0x00001f17) auipc   t5, 0x1
core   0: 3 0x8000b2fc (0x00001f17) x30 0x8000c2fc
core   0: 0x8000b300 (0xd03f2223) sw      gp, -764(t5)
core   0: 3 0x8000b300 (0xd03f2223) mem 0x8000c000 0x00000001
core   0: 0x8000b304 (0xff9ff06f) j       pc - 0x8
core   0: 3 0x8000b304 (0xff9ff06f)
core   0: 0x8000b2fc (0x00001f17) auipc   t5, 0x1
core   0: 3 0x8000b2fc (0x00001f17) x30 0x8000c2fc
core   0: 0x8000b300 (0xd03f2223) sw      gp, -764(t5)
core   0: 3 0x8000b300 (0xd03f2223) mem 0x8000c000 0x00000001
core   0: 0x8000b304 (0xff9ff06f) j       pc - 0x8
core   0: 3 0x8000b304 (0xff9ff06f)
core   0: 0x8000b2fc (0x00001f17) auipc   t5, 0x1
core   0: 3 0x8000b2fc (0x00001f17) x30 0x8000c2fc
core   0: 0x8000b300 (0xd03f2223) sw      gp, -764(t5)
core   0: 3 0x8000b300 (0xd03f2223) mem 0x8000c000 0x00000001
core   0: 0x8000b304 (0xff9ff06f) j       pc - 0x8
core   0: 3 0x8000b304 (0xff9ff06f)
core   0: 0x8000b2fc (0x00001f17) auipc   t5, 0x1
core   0: 3 0x8000b2fc (0x00001f17) x30 0x8000c2fc
core   0: 0x8000b300 (0xd03f2223) sw      gp, -764(t5)
core   0: 3 0x8000b300 (0xd03f2223) mem 0x8000c000 0x00000001
core   0: 0x8000b304 (0xff9ff06f) j       pc - 0x8
core   0: 3 0x8000b304 (0xff9ff06f)
core   0: 0x8000b2fc (0x00001f17) auipc   t5, 0x1
core   0: 3 0x8000b2fc (0x00001f17) x30 0x8000c2fc
core   0: 0x8000b300 (0xd03f2223) sw      gp, -764(t5)
core   0: 3 0x8000b300 (0xd03f2223) mem 0x8000c000 0x00000001
core   0: 0x8000b304 (0xff9ff06f) j       pc - 0x8
core   0: 3 0x8000b304 (0xff9ff06f)
core   0: 0x8000b2fc (0x00001f17) auipc   t5, 0x1
core   0: 3 0x8000b2fc (0x00001f17) x30 0x8000c2fc
core   0: 0x8000b300 (0xd03f2223) sw      gp, -764(t5)
core   0: 3 0x8000b300 (0xd03f2223) mem 0x8000c000 0x00000001
core   0: 0x8000b304 (0xff9ff06f) j       pc - 0x8
core   0: 3 0x8000b304 (0xff9ff06f)
core   0: 0x8000b2fc (0x00001f17) auipc   t5, 0x1
core   0: 3 0x8000b2fc (0x00001f17) x30 0x8000c2fc
core   0: 0x8000b300 (0xd03f2223) sw      gp, -764(t5)
core   0: 3 0x8000b300 (0xd03f2223) mem 0x8000c000 0x00000001
core   0: 0x8000b304 (0xff9ff06f) j       pc - 0x8
core   0: 3 0x8000b304 (0xff9ff06f)
core   0: 0x8000b2fc (0x00001f17) auipc   t5, 0x1
core   0: 3 0x8000b2fc (0x00001f17) x30 0x8000c2fc
core   0: 0x8000b300 (0xd03f2223) sw      gp, -764(t5)
core   0: 3 0x8000b300 (0xd03f2223) mem 0x8000c000 0x00000001
core   0: 0x8000b304 (0xff9ff06f) j       pc - 0x8
core   0: 3 0x8000b304 (0xff9ff06f)
core   0: 0x8000b2fc (0x00001f17) auipc   t5, 0x1
core   0: 3 0x8000b2fc (0x00001f17) x30 0x8000c2fc
core   0: 0x8000b300 (0xd03f2223) sw      gp, -764(t5)
core   0: 3 0x8000b300 (0xd03f2223) mem 0x8000c000 0x00000001
core   0: 0x8000b304 (0xff9ff06f) j       pc - 0x8
core   0: 3 0x8000b304 (0xff9ff06f)
core   0: 0x8000b2fc (0x00001f17) auipc   t5, 0x1
core   0: 3 0x8000b2fc (0x00001f17) x30 0x8000c2fc
core   0: 0x8000b300 (0xd03f2223) sw      gp, -764(t5)
core   0: 3 0x8000b300 (0xd03f2223) mem 0x8000c000 0x00000001
core   0: 0x8000b304 (0xff9ff06f) j       pc - 0x8
core   0: 3 0x8000b304 (0xff9ff06f)
core   0: 0x8000b2fc (0x00001f17) auipc   t5, 0x1
core   0: 3 0x8000b2fc (0x00001f17) x30 0x8000c2fc
core   0: 0x8000b300 (0xd03f2223) sw      gp, -764(t5)
core   0: 3 0x8000b300 (0xd03f2223) mem 0x8000c000 0x00000001
core   0: 0x8000b304 (0xff9ff06f) j       pc - 0x8
core   0: 3 0x8000b304 (0xff9ff06f)
core   0: 0x8000b2fc (0x00001f17) auipc   t5, 0x1
core   0: 3 0x8000b2fc (0x00001f17) x30 0x8000c2fc
core   0: 0x8000b300 (0xd03f2223) sw      gp, -764(t5)
core   0: 3 0x8000b300 (0xd03f2223) mem 0x8000c000 0x00000001
core   0: 0x8000b304 (0xff9ff06f) j       pc - 0x8
core   0: 3 0x8000b304 (0xff9ff06f)
core   0: 0x8000b2fc (0x00001f17) auipc   t5, 0x1
core   0: 3 0x8000b2fc (0x00001f17) x30 0x8000c2fc
core   0: 0x8000b300 (0xd03f2223) sw      gp, -764(t5)
core   0: 3 0x8000b300 (0xd03f2223) mem 0x8000c000 0x00000001
core   0: 0x8000b304 (0xff9ff06f) j       pc - 0x8
core   0: 3 0x8000b304 (0xff9ff06f)
core   0: 0x8000b2fc (0x00001f17) auipc   t5, 0x1
core   0: 3 0x8000b2fc (0x00001f17) x30 0x8000c2fc
core   0: 0x8000b300 (0xd03f2223) sw      gp, -764(t5)
core   0: 3 0x8000b300 (0xd03f2223) mem 0x8000c000 0x00000001
core   0: 0x8000b304 (0xff9ff06f) j       pc - 0x8
core   0: 3 0x8000b304 (0xff9ff06f)
core   0: 0x8000b2fc (0x00001f17) auipc   t5, 0x1
core   0: 3 0x8000b2fc (0x00001f17) x30 0x8000c2fc
core   0: 0x8000b300 (0xd03f2223) sw      gp, -764(t5)
core   0: 3 0x8000b300 (0xd03f2223) mem 0x8000c000 0x00000001
core   0: 0x8000b304 (0xff9ff06f) j       pc - 0x8
core   0: 3 0x8000b304 (0xff9ff06f)
core   0: 0x8000b2fc (0x00001f17) auipc   t5, 0x1
core   0: 3 0x8000b2fc (0x00001f17) x30 0x8000c2fc
core   0: 0x8000b300 (0xd03f2223) sw      gp, -764(t5)
core   0: 3 0x8000b300 (0xd03f2223) mem 0x8000c000 0x00000001
core   0: 0x8000b304 (0xff9ff06f) j       pc - 0x8
core   0: 3 0x8000b304 (0xff9ff06f)
core   0: 0x8000b2fc (0x00001f17) auipc   t5, 0x1
core   0: 3 0x8000b2fc (0x00001f17) x30 0x8000c2fc
core   0: 0x8000b300 (0xd03f2223) sw      gp, -764(t5)
core   0: 3 0x8000b300 (0xd03f2223) mem 0x8000c000 0x00000001
core   0: 0x8000b304 (0xff9ff06f) j       pc - 0x8
core   0: 3 0x8000b304 (0xff9ff06f)
core   0: 0x8000b2fc (0x00001f17) auipc   t5, 0x1
core   0: 3 0x8000b2fc (0x00001f17) x30 0x8000c2fc
core   0: 0x8000b300 (0xd03f2223) sw      gp, -764(t5)
core   0: 3 0x8000b300 (0xd03f2223) mem 0x8000c000 0x00000001
core   0: 0x8000b304 (0xff9ff06f) j       pc - 0x8
core   0: 3 0x8000b304 (0xff9ff06f)
core   0: 0x8000b2fc (0x00001f17) auipc   t5, 0x1
core   0: 3 0x8000b2fc (0x00001f17) x30 0x8000c2fc
core   0: 0x8000b300 (0xd03f2223) sw      gp, -764(t5)
core   0: 3 0x8000b300 (0xd03f2223) mem 0x8000c000 0x00000001
core   0: 0x8000b304 (0xff9ff06f) j       pc - 0x8
core   0: 3 0x8000b304 (0xff9ff06f)
core   0: 0x8000b2fc (0x00001f17) auipc   t5, 0x1
core   0: 3 0x8000b2fc (0x00001f17) x30 0x8000c2fc
core   0: 0x8000b300 (0xd03f2223) sw      gp, -764(t5)
core   0: 3 0x8000b300 (0xd03f2223) mem 0x8000c000 0x00000001
core   0: 0x8000b304 (0xff9ff06f) j       pc - 0x8
core   0: 3 0x8000b304 (0xff9ff06f)
core   0: 0x8000b2fc (0x00001f17) auipc   t5, 0x1
core   0: 3 0x8000b2fc (0x00001f17) x30 0x8000c2fc
core   0: 0x8000b300 (0xd03f2223) sw      gp, -764(t5)
core   0: 3 0x8000b300 (0xd03f2223) mem 0x8000c000 0x00000001
core   0: 0x8000b304 (0xff9ff06f) j       pc - 0x8
core   0: 3 0x8000b304 (0xff9ff06f)
core   0: 0x8000b2fc (0x00001f17) auipc   t5, 0x1
core   0: 3 0x8000b2fc (0x00001f17) x30 0x8000c2fc
core   0: 0x8000b300 (0xd03f2223) sw      gp, -764(t5)
core   0: 3 0x8000b300 (0xd03f2223) mem 0x8000c000 0x00000001
core   0: 0x8000b304 (0xff9ff06f) j       pc - 0x8
core   0: 3 0x8000b304 (0xff9ff06f)
core   0: 0x8000b2fc (0x00001f17) auipc   t5, 0x1
core   0: 3 0x8000b2fc (0x00001f17) x30 0x8000c2fc
core   0: 0x8000b300 (0xd03f2223) sw      gp, -764(t5)
core   0: 3 0x8000b300 (0xd03f2223) mem 0x8000c000 0x00000001
core   0: 0x8000b304 (0xff9ff06f) j       pc - 0x8
core   0: 3 0x8000b304 (0xff9ff06f)
core   0: 0x8000b2fc (0x00001f17) auipc   t5, 0x1
core   0: 3 0x8000b2fc (0x00001f17) x30 0x8000c2fc
core   0: 0x8000b300 (0xd03f2223) sw      gp, -764(t5)
core   0: 3 0x8000b300 (0xd03f2223) mem 0x8000c000 0x00000001
core   0: 0x8000b304 (0xff9ff06f) j       pc - 0x8
core   0: 3 0x8000b304 (0xff9ff06f)
core   0: 0x8000b2fc (0x00001f17) auipc   t5, 0x1
core   0: 3 0x8000b2fc (0x00001f17) x30 0x8000c2fc
core   0: 0x8000b300 (0xd03f2223) sw      gp, -764(t5)
core   0: 3 0x8000b300 (0xd03f2223) mem 0x8000c000 0x00000001
core   0: 0x8000b304 (0xff9ff06f) j       pc - 0x8
core   0: 3 0x8000b304 (0xff9ff06f)
core   0: 0x8000b2fc (0x00001f17) auipc   t5, 0x1
core   0: 3 0x8000b2fc (0x00001f17) x30 0x8000c2fc
core   0: 0x8000b300 (0xd03f2223) sw      gp, -764(t5)
core   0: 3 0x8000b300 (0xd03f2223) mem 0x8000c000 0x00000001
core   0: 0x8000b304 (0xff9ff06f) j       pc - 0x8
core   0: 3 0x8000b304 (0xff9ff06f)
core   0: 0x8000b2fc (0x00001f17) auipc   t5, 0x1
core   0: 3 0x8000b2fc (0x00001f17) x30 0x8000c2fc
core   0: 0x8000b300 (0xd03f2223) sw      gp, -764(t5)
core   0: 3 0x8000b300 (0xd03f2223) mem 0x8000c000 0x00000001
core   0: 0x8000b304 (0xff9ff06f) j       pc - 0x8
core   0: 3 0x8000b304 (0xff9ff06f)
core   0: 0x8000b2fc (0x00001f17) auipc   t5, 0x1
core   0: 3 0x8000b2fc (0x00001f17) x30 0x8000c2fc
core   0: 0x8000b300 (0xd03f2223) sw      gp, -764(t5)
core   0: 3 0x8000b300 (0xd03f2223) mem 0x8000c000 0x00000001
core   0: 0x8000b304 (0xff9ff06f) j       pc - 0x8
core   0: 3 0x8000b304 (0xff9ff06f)
core   0: 0x8000b2fc (0x00001f17) auipc   t5, 0x1
core   0: 3 0x8000b2fc (0x00001f17) x30 0x8000c2fc
core   0: 0x8000b300 (0xd03f2223) sw      gp, -764(t5)
core   0: 3 0x8000b300 (0xd03f2223) mem 0x8000c000 0x00000001
core   0: 0x8000b304 (0xff9ff06f) j       pc - 0x8
core   0: 3 0x8000b304 (0xff9ff06f)
core   0: 0x8000b2fc (0x00001f17) auipc   t5, 0x1
core   0: 3 0x8000b2fc (0x00001f17) x30 0x8000c2fc
core   0: 0x8000b300 (0xd03f2223) sw      gp, -764(t5)
core   0: 3 0x8000b300 (0xd03f2223) mem 0x8000c000 0x00000001
core   0: 0x8000b304 (0xff9ff06f) j       pc - 0x8
core   0: 3 0x8000b304 (0xff9ff06f)
core   0: 0x8000b2fc (0x00001f17) auipc   t5, 0x1
core   0: 3 0x8000b2fc (0x00001f17) x30 0x8000c2fc
core   0: 0x8000b300 (0xd03f2223) sw      gp, -764(t5)
core   0: 3 0x8000b300 (0xd03f2223) mem 0x8000c000 0x00000001
core   0: 0x8000b304 (0xff9ff06f) j       pc - 0x8
core   0: 3 0x8000b304 (0xff9ff06f)
core   0: 0x8000b2fc (0x00001f17) auipc   t5, 0x1
core   0: 3 0x8000b2fc (0x00001f17) x30 0x8000c2fc
core   0: 0x8000b300 (0xd03f2223) sw      gp, -764(t5)
core   0: 3 0x8000b300 (0xd03f2223) mem 0x8000c000 0x00000001
core   0: 0x8000b304 (0xff9ff06f) j       pc - 0x8
core   0: 3 0x8000b304 (0xff9ff06f)
core   0: 0x8000b2fc (0x00001f17) auipc   t5, 0x1
core   0: 3 0x8000b2fc (0x00001f17) x30 0x8000c2fc
core   0: 0x8000b300 (0xd03f2223) sw      gp, -764(t5)
core   0: 3 0x8000b300 (0xd03f2223) mem 0x8000c000 0x00000001
core   0: 0x8000b304 (0xff9ff06f) j       pc - 0x8
core   0: 3 0x8000b304 (0xff9ff06f)
core   0: 0x8000b2fc (0x00001f17) auipc   t5, 0x1
core   0: 3 0x8000b2fc (0x00001f17) x30 0x8000c2fc
core   0: 0x8000b300 (0xd03f2223) sw      gp, -764(t5)
core   0: 3 0x8000b300 (0xd03f2223) mem 0x8000c000 0x00000001
core   0: 0x8000b304 (0xff9ff06f) j       pc - 0x8
core   0: 3 0x8000b304 (0xff9ff06f)
core   0: 0x8000b2fc (0x00001f17) auipc   t5, 0x1
core   0: 3 0x8000b2fc (0x00001f17) x30 0x8000c2fc
core   0: 0x8000b300 (0xd03f2223) sw      gp, -764(t5)
core   0: 3 0x8000b300 (0xd03f2223) mem 0x8000c000 0x00000001
core   0: 0x8000b304 (0xff9ff06f) j       pc - 0x8
core   0: 3 0x8000b304 (0xff9ff06f)
core   0: 0x8000b2fc (0x00001f17) auipc   t5, 0x1
core   0: 3 0x8000b2fc (0x00001f17) x30 0x8000c2fc
core   0: 0x8000b300 (0xd03f2223) sw      gp, -764(t5)
core   0: 3 0x8000b300 (0xd03f2223) mem 0x8000c000 0x00000001
core   0: 0x8000b304 (0xff9ff06f) j       pc - 0x8
core   0: 3 0x8000b304 (0xff9ff06f)
core   0: 0x8000b2fc (0x00001f17) auipc   t5, 0x1
core   0: 3 0x8000b2fc (0x00001f17) x30 0x8000c2fc
core   0: 0x8000b300 (0xd03f2223) sw      gp, -764(t5)
core   0: 3 0x8000b300 (0xd03f2223) mem 0x8000c000 0x00000001
core   0: 0x8000b304 (0xff9ff06f) j       pc - 0x8
core   0: 3 0x8000b304 (0xff9ff06f)
core   0: 0x8000b2fc (0x00001f17) auipc   t5, 0x1
core   0: 3 0x8000b2fc (0x00001f17) x30 0x8000c2fc
core   0: 0x8000b300 (0xd03f2223) sw      gp, -764(t5)
core   0: 3 0x8000b300 (0xd03f2223) mem 0x8000c000 0x00000001
core   0: 0x8000b304 (0xff9ff06f) j       pc - 0x8
core   0: 3 0x8000b304 (0xff9ff06f)
core   0: 0x8000b2fc (0x00001f17) auipc   t5, 0x1
core   0: 3 0x8000b2fc (0x00001f17) x30 0x8000c2fc
core   0: 0x8000b300 (0xd03f2223) sw      gp, -764(t5)
core   0: 3 0x8000b300 (0xd03f2223) mem 0x8000c000 0x00000001
core   0: 0x8000b304 (0xff9ff06f) j       pc - 0x8
core   0: 3 0x8000b304 (0xff9ff06f)
core   0: 0x8000b2fc (0x00001f17) auipc   t5, 0x1
core   0: 3 0x8000b2fc (0x00001f17) x30 0x8000c2fc
core   0: 0x8000b300 (0xd03f2223) sw      gp, -764(t5)
core   0: 3 0x8000b300 (0xd03f2223) mem 0x8000c000 0x00000001
core   0: 0x8000b304 (0xff9ff06f) j       pc - 0x8
core   0: 3 0x8000b304 (0xff9ff06f)
core   0: 0x8000b2fc (0x00001f17) auipc   t5, 0x1
core   0: 3 0x8000b2fc (0x00001f17) x30 0x8000c2fc
core   0: 0x8000b300 (0xd03f2223) sw      gp, -764(t5)
core   0: 3 0x8000b300 (0xd03f2223) mem 0x8000c000 0x00000001
core   0: 0x8000b304 (0xff9ff06f) j       pc - 0x8
core   0: 3 0x8000b304 (0xff9ff06f)
core   0: 0x8000b2fc (0x00001f17) auipc   t5, 0x1
core   0: 3 0x8000b2fc (0x00001f17) x30 0x8000c2fc
core   0: 0x8000b300 (0xd03f2223) sw      gp, -764(t5)
core   0: 3 0x8000b300 (0xd03f2223) mem 0x8000c000 0x00000001
core   0: 0x8000b304 (0xff9ff06f) j       pc - 0x8
core   0: 3 0x8000b304 (0xff9ff06f)
core   0: 0x8000b2fc (0x00001f17) auipc   t5, 0x1
core   0: 3 0x8000b2fc (0x00001f17) x30 0x8000c2fc
core   0: 0x8000b300 (0xd03f2223) sw      gp, -764(t5)
core   0: 3 0x8000b300 (0xd03f2223) mem 0x8000c000 0x00000001
core   0: 0x8000b304 (0xff9ff06f) j       pc - 0x8
core   0: 3 0x8000b304 (0xff9ff06f)
core   0: 0x8000b2fc (0x00001f17) auipc   t5, 0x1
core   0: 3 0x8000b2fc (0x00001f17) x30 0x8000c2fc
core   0: 0x8000b300 (0xd03f2223) sw      gp, -764(t5)
core   0: 3 0x8000b300 (0xd03f2223) mem 0x8000c000 0x00000001
core   0: 0x8000b304 (0xff9ff06f) j       pc - 0x8
core   0: 3 0x8000b304 (0xff9ff06f)
core   0: 0x8000b2fc (0x00001f17) auipc   t5, 0x1
core   0: 3 0x8000b2fc (0x00001f17) x30 0x8000c2fc
core   0: 0x8000b300 (0xd03f2223) sw      gp, -764(t5)
core   0: 3 0x8000b300 (0xd03f2223) mem 0x8000c000 0x00000001
core   0: 0x8000b304 (0xff9ff06f) j       pc - 0x8
core   0: 3 0x8000b304 (0xff9ff06f)
core   0: 0x8000b2fc (0x00001f17) auipc   t5, 0x1
core   0: 3 0x8000b2fc (0x00001f17) x30 0x8000c2fc
core   0: 0x8000b300 (0xd03f2223) sw      gp, -764(t5)
core   0: 3 0x8000b300 (0xd03f2223) mem 0x8000c000 0x00000001
core   0: 0x8000b304 (0xff9ff06f) j       pc - 0x8
core   0: 3 0x8000b304 (0xff9ff06f)
core   0: 0x8000b2fc (0x00001f17) auipc   t5, 0x1
core   0: 3 0x8000b2fc (0x00001f17) x30 0x8000c2fc
core   0: 0x8000b300 (0xd03f2223) sw      gp, -764(t5)
core   0: 3 0x8000b300 (0xd03f2223) mem 0x8000c000 0x00000001
core   0: 0x8000b304 (0xff9ff06f) j       pc - 0x8
core   0: 3 0x8000b304 (0xff9ff06f)
core   0: 0x8000b2fc (0x00001f17) auipc   t5, 0x1
core   0: 3 0x8000b2fc (0x00001f17) x30 0x8000c2fc
core   0: 0x8000b300 (0xd03f2223) sw      gp, -764(t5)
core   0: 3 0x8000b300 (0xd03f2223) mem 0x8000c000 0x00000001
core   0: 0x8000b304 (0xff9ff06f) j       pc - 0x8
core   0: 3 0x8000b304 (0xff9ff06f)
core   0: 0x8000b2fc (0x00001f17) auipc   t5, 0x1
core   0: 3 0x8000b2fc (0x00001f17) x30 0x8000c2fc
core   0: 0x8000b300 (0xd03f2223) sw      gp, -764(t5)
core   0: 3 0x8000b300 (0xd03f2223) mem 0x8000c000 0x00000001
core   0: 0x8000b304 (0xff9ff06f) j       pc - 0x8
core   0: 3 0x8000b304 (0xff9ff06f)
core   0: 0x8000b2fc (0x00001f17) auipc   t5, 0x1
core   0: 3 0x8000b2fc (0x00001f17) x30 0x8000c2fc
core   0: 0x8000b300 (0xd03f2223) sw      gp, -764(t5)
core   0: 3 0x8000b300 (0xd03f2223) mem 0x8000c000 0x00000001
core   0: 0x8000b304 (0xff9ff06f) j       pc - 0x8
core   0: 3 0x8000b304 (0xff9ff06f)
core   0: 0x8000b2fc (0x00001f17) auipc   t5, 0x1
core   0: 3 0x8000b2fc (0x00001f17) x30 0x8000c2fc
core   0: 0x8000b300 (0xd03f2223) sw      gp, -764(t5)
core   0: 3 0x8000b300 (0xd03f2223) mem 0x8000c000 0x00000001
core   0: 0x8000b304 (0xff9ff06f) j       pc - 0x8
core   0: 3 0x8000b304 (0xff9ff06f)
core   0: 0x8000b2fc (0x00001f17) auipc   t5, 0x1
core   0: 3 0x8000b2fc (0x00001f17) x30 0x8000c2fc
core   0: 0x8000b300 (0xd03f2223) sw      gp, -764(t5)
core   0: 3 0x8000b300 (0xd03f2223) mem 0x8000c000 0x00000001
core   0: 0x8000b304 (0xff9ff06f) j       pc - 0x8
core   0: 3 0x8000b304 (0xff9ff06f)
core   0: 0x8000b2fc (0x00001f17) auipc   t5, 0x1
core   0: 3 0x8000b2fc (0x00001f17) x30 0x8000c2fc
core   0: 0x8000b300 (0xd03f2223) sw      gp, -764(t5)
core   0: 3 0x8000b300 (0xd03f2223) mem 0x8000c000 0x00000001
core   0: 0x8000b304 (0xff9ff06f) j       pc - 0x8
core   0: 3 0x8000b304 (0xff9ff06f)
core   0: 0x8000b2fc (0x00001f17) auipc   t5, 0x1
core   0: 3 0x8000b2fc (0x00001f17) x30 0x8000c2fc
core   0: 0x8000b300 (0xd03f2223) sw      gp, -764(t5)
core   0: 3 0x8000b300 (0xd03f2223) mem 0x8000c000 0x00000001
core   0: 0x8000b304 (0xff9ff06f) j       pc - 0x8
core   0: 3 0x8000b304 (0xff9ff06f)
core   0: 0x8000b2fc (0x00001f17) auipc   t5, 0x1
core   0: 3 0x8000b2fc (0x00001f17) x30 0x8000c2fc
core   0: 0x8000b300 (0xd03f2223) sw      gp, -764(t5)
core   0: 3 0x8000b300 (0xd03f2223) mem 0x8000c000 0x00000001
core   0: 0x8000b304 (0xff9ff06f) j       pc - 0x8
core   0: 3 0x8000b304 (0xff9ff06f)
core   0: 0x8000b2fc (0x00001f17) auipc   t5, 0x1
core   0: 3 0x8000b2fc (0x00001f17) x30 0x8000c2fc
core   0: 0x8000b300 (0xd03f2223) sw      gp, -764(t5)
core   0: 3 0x8000b300 (0xd03f2223) mem 0x8000c000 0x00000001
core   0: 0x8000b304 (0xff9ff06f) j       pc - 0x8
core   0: 3 0x8000b304 (0xff9ff06f)
core   0: 0x8000b2fc (0x00001f17) auipc   t5, 0x1
core   0: 3 0x8000b2fc (0x00001f17) x30 0x8000c2fc
core   0: 0x8000b300 (0xd03f2223) sw      gp, -764(t5)
core   0: 3 0x8000b300 (0xd03f2223) mem 0x8000c000 0x00000001
core   0: 0x8000b304 (0xff9ff06f) j       pc - 0x8
core   0: 3 0x8000b304 (0xff9ff06f)
core   0: 0x8000b2fc (0x00001f17) auipc   t5, 0x1
core   0: 3 0x8000b2fc (0x00001f17) x30 0x8000c2fc
core   0: 0x8000b300 (0xd03f2223) sw      gp, -764(t5)
core   0: 3 0x8000b300 (0xd03f2223) mem 0x8000c000 0x00000001
core   0: 0x8000b304 (0xff9ff06f) j       pc - 0x8
core   0: 3 0x8000b304 (0xff9ff06f)
core   0: 0x8000b2fc (0x00001f17) auipc   t5, 0x1
core   0: 3 0x8000b2fc (0x00001f17) x30 0x8000c2fc
core   0: 0x8000b300 (0xd03f2223) sw      gp, -764(t5)
core   0: 3 0x8000b300 (0xd03f2223) mem 0x8000c000 0x00000001
core   0: 0x8000b304 (0xff9ff06f) j       pc - 0x8
core   0: 3 0x8000b304 (0xff9ff06f)
core   0: 0x8000b2fc (0x00001f17) auipc   t5, 0x1
core   0: 3 0x8000b2fc (0x00001f17) x30 0x8000c2fc
core   0: 0x8000b300 (0xd03f2223) sw      gp, -764(t5)
core   0: 3 0x8000b300 (0xd03f2223) mem 0x8000c000 0x00000001
core   0: 0x8000b304 (0xff9ff06f) j       pc - 0x8
core   0: 3 0x8000b304 (0xff9ff06f)
core   0: 0x8000b2fc (0x00001f17) auipc   t5, 0x1
core   0: 3 0x8000b2fc (0x00001f17) x30 0x8000c2fc
core   0: 0x8000b300 (0xd03f2223) sw      gp, -764(t5)
core   0: 3 0x8000b300 (0xd03f2223) mem 0x8000c000 0x00000001
core   0: 0x8000b304 (0xff9ff06f) j       pc - 0x8
core   0: 3 0x8000b304 (0xff9ff06f)
core   0: 0x8000b2fc (0x00001f17) auipc   t5, 0x1
core   0: 3 0x8000b2fc (0x00001f17) x30 0x8000c2fc
core   0: 0x8000b300 (0xd03f2223) sw      gp, -764(t5)
core   0: 3 0x8000b300 (0xd03f2223) mem 0x8000c000 0x00000001
core   0: 0x8000b304 (0xff9ff06f) j       pc - 0x8
core   0: 3 0x8000b304 (0xff9ff06f)
core   0: 0x8000b2fc (0x00001f17) auipc   t5, 0x1
core   0: 3 0x8000b2fc (0x00001f17) x30 0x8000c2fc
core   0: 0x8000b300 (0xd03f2223) sw      gp, -764(t5)
core   0: 3 0x8000b300 (0xd03f2223) mem 0x8000c000 0x00000001
core   0: 0x8000b304 (0xff9ff06f) j       pc - 0x8
core   0: 3 0x8000b304 (0xff9ff06f)
core   0: 0x8000b2fc (0x00001f17) auipc   t5, 0x1
core   0: 3 0x8000b2fc (0x00001f17) x30 0x8000c2fc
core   0: 0x8000b300 (0xd03f2223) sw      gp, -764(t5)
core   0: 3 0x8000b300 (0xd03f2223) mem 0x8000c000 0x00000001
core   0: 0x8000b304 (0xff9ff06f) j       pc - 0x8
core   0: 3 0x8000b304 (0xff9ff06f)
core   0: 0x8000b2fc (0x00001f17) auipc   t5, 0x1
core   0: 3 0x8000b2fc (0x00001f17) x30 0x8000c2fc
core   0: 0x8000b300 (0xd03f2223) sw      gp, -764(t5)
core   0: 3 0x8000b300 (0xd03f2223) mem 0x8000c000 0x00000001
core   0: 0x8000b304 (0xff9ff06f) j       pc - 0x8
core   0: 3 0x8000b304 (0xff9ff06f)
core   0: 0x8000b2fc (0x00001f17) auipc   t5, 0x1
core   0: 3 0x8000b2fc (0x00001f17) x30 0x8000c2fc
core   0: 0x8000b300 (0xd03f2223) sw      gp, -764(t5)
core   0: 3 0x8000b300 (0xd03f2223) mem 0x8000c000 0x00000001
core   0: 0x8000b304 (0xff9ff06f) j       pc - 0x8
core   0: 3 0x8000b304 (0xff9ff06f)
core   0: 0x8000b2fc (0x00001f17) auipc   t5, 0x1
core   0: 3 0x8000b2fc (0x00001f17) x30 0x8000c2fc
core   0: 0x8000b300 (0xd03f2223) sw      gp, -764(t5)
core   0: 3 0x8000b300 (0xd03f2223) mem 0x8000c000 0x00000001
core   0: 0x8000b304 (0xff9ff06f) j       pc - 0x8
core   0: 3 0x8000b304 (0xff9ff06f)
core   0: 0x8000b2fc (0x00001f17) auipc   t5, 0x1
core   0: 3 0x8000b2fc (0x00001f17) x30 0x8000c2fc
core   0: 0x8000b300 (0xd03f2223) sw      gp, -764(t5)
core   0: 3 0x8000b300 (0xd03f2223) mem 0x8000c000 0x00000001
core   0: 0x8000b304 (0xff9ff06f) j       pc - 0x8
core   0: 3 0x8000b304 (0xff9ff06f)
core   0: 0x8000b2fc (0x00001f17) auipc   t5, 0x1
core   0: 3 0x8000b2fc (0x00001f17) x30 0x8000c2fc
core   0: 0x8000b300 (0xd03f2223) sw      gp, -764(t5)
core   0: 3 0x8000b300 (0xd03f2223) mem 0x8000c000 0x00000001
core   0: 0x8000b304 (0xff9ff06f) j       pc - 0x8
core   0: 3 0x8000b304 (0xff9ff06f)
core   0: 0x8000b2fc (0x00001f17) auipc   t5, 0x1
core   0: 3 0x8000b2fc (0x00001f17) x30 0x8000c2fc
core   0: 0x8000b300 (0xd03f2223) sw      gp, -764(t5)
core   0: 3 0x8000b300 (0xd03f2223) mem 0x8000c000 0x00000001
core   0: 0x8000b304 (0xff9ff06f) j       pc - 0x8
core   0: 3 0x8000b304 (0xff9ff06f)
core   0: 0x8000b2fc (0x00001f17) auipc   t5, 0x1
core   0: 3 0x8000b2fc (0x00001f17) x30 0x8000c2fc
core   0: 0x8000b300 (0xd03f2223) sw      gp, -764(t5)
core   0: 3 0x8000b300 (0xd03f2223) mem 0x8000c000 0x00000001
core   0: 0x8000b304 (0xff9ff06f) j       pc - 0x8
core   0: 3 0x8000b304 (0xff9ff06f)
core   0: 0x8000b2fc (0x00001f17) auipc   t5, 0x1
core   0: 3 0x8000b2fc (0x00001f17) x30 0x8000c2fc
core   0: 0x8000b300 (0xd03f2223) sw      gp, -764(t5)
core   0: 3 0x8000b300 (0xd03f2223) mem 0x8000c000 0x00000001
core   0: 0x8000b304 (0xff9ff06f) j       pc - 0x8
core   0: 3 0x8000b304 (0xff9ff06f)
core   0: 0x8000b2fc (0x00001f17) auipc   t5, 0x1
core   0: 3 0x8000b2fc (0x00001f17) x30 0x8000c2fc
core   0: 0x8000b300 (0xd03f2223) sw      gp, -764(t5)
core   0: 3 0x8000b300 (0xd03f2223) mem 0x8000c000 0x00000001
core   0: 0x8000b304 (0xff9ff06f) j       pc - 0x8
core   0: 3 0x8000b304 (0xff9ff06f)
core   0: 0x8000b2fc (0x00001f17) auipc   t5, 0x1
core   0: 3 0x8000b2fc (0x00001f17) x30 0x8000c2fc
core   0: 0x8000b300 (0xd03f2223) sw      gp, -764(t5)
core   0: 3 0x8000b300 (0xd03f2223) mem 0x8000c000 0x00000001
core   0: 0x8000b304 (0xff9ff06f) j       pc - 0x8
core   0: 3 0x8000b304 (0xff9ff06f)
core   0: 0x8000b2fc (0x00001f17) auipc   t5, 0x1
core   0: 3 0x8000b2fc (0x00001f17) x30 0x8000c2fc
core   0: 0x8000b300 (0xd03f2223) sw      gp, -764(t5)
core   0: 3 0x8000b300 (0xd03f2223) mem 0x8000c000 0x00000001
core   0: 0x8000b304 (0xff9ff06f) j       pc - 0x8
core   0: 3 0x8000b304 (0xff9ff06f)
core   0: 0x8000b2fc (0x00001f17) auipc   t5, 0x1
core   0: 3 0x8000b2fc (0x00001f17) x30 0x8000c2fc
core   0: 0x8000b300 (0xd03f2223) sw      gp, -764(t5)
core   0: 3 0x8000b300 (0xd03f2223) mem 0x8000c000 0x00000001
core   0: 0x8000b304 (0xff9ff06f) j       pc - 0x8
core   0: 3 0x8000b304 (0xff9ff06f)
core   0: 0x8000b2fc (0x00001f17) auipc   t5, 0x1
core   0: 3 0x8000b2fc (0x00001f17) x30 0x8000c2fc
core   0: 0x8000b300 (0xd03f2223) sw      gp, -764(t5)
core   0: 3 0x8000b300 (0xd03f2223) mem 0x8000c000 0x00000001
core   0: 0x8000b304 (0xff9ff06f) j       pc - 0x8
core   0: 3 0x8000b304 (0xff9ff06f)
core   0: 0x8000b2fc (0x00001f17) auipc   t5, 0x1
core   0: 3 0x8000b2fc (0x00001f17) x30 0x8000c2fc
core   0: 0x8000b300 (0xd03f2223) sw      gp, -764(t5)
core   0: 3 0x8000b300 (0xd03f2223) mem 0x8000c000 0x00000001
core   0: 0x8000b304 (0xff9ff06f) j       pc - 0x8
core   0: 3 0x8000b304 (0xff9ff06f)
core   0: 0x8000b2fc (0x00001f17) auipc   t5, 0x1
core   0: 3 0x8000b2fc (0x00001f17) x30 0x8000c2fc
core   0: 0x8000b300 (0xd03f2223) sw      gp, -764(t5)
core   0: 3 0x8000b300 (0xd03f2223) mem 0x8000c000 0x00000001
core   0: 0x8000b304 (0xff9ff06f) j       pc - 0x8
core   0: 3 0x8000b304 (0xff9ff06f)
core   0: 0x8000b2fc (0x00001f17) auipc   t5, 0x1
core   0: 3 0x8000b2fc (0x00001f17) x30 0x8000c2fc
core   0: 0x8000b300 (0xd03f2223) sw      gp, -764(t5)
core   0: 3 0x8000b300 (0xd03f2223) mem 0x8000c000 0x00000001
core   0: 0x8000b304 (0xff9ff06f) j       pc - 0x8
core   0: 3 0x8000b304 (0xff9ff06f)
core   0: 0x8000b2fc (0x00001f17) auipc   t5, 0x1
core   0: 3 0x8000b2fc (0x00001f17) x30 0x8000c2fc
core   0: 0x8000b300 (0xd03f2223) sw      gp, -764(t5)
core   0: 3 0x8000b300 (0xd03f2223) mem 0x8000c000 0x00000001
core   0: 0x8000b304 (0xff9ff06f) j       pc - 0x8
core   0: 3 0x8000b304 (0xff9ff06f)
core   0: 0x8000b2fc (0x00001f17) auipc   t5, 0x1
core   0: 3 0x8000b2fc (0x00001f17) x30 0x8000c2fc
core   0: 0x8000b300 (0xd03f2223) sw      gp, -764(t5)
core   0: 3 0x8000b300 (0xd03f2223) mem 0x8000c000 0x00000001
core   0: 0x8000b304 (0xff9ff06f) j       pc - 0x8
core   0: 3 0x8000b304 (0xff9ff06f)
core   0: 0x8000b2fc (0x00001f17) auipc   t5, 0x1
core   0: 3 0x8000b2fc (0x00001f17) x30 0x8000c2fc
core   0: 0x8000b300 (0xd03f2223) sw      gp, -764(t5)
core   0: 3 0x8000b300 (0xd03f2223) mem 0x8000c000 0x00000001
core   0: 0x8000b304 (0xff9ff06f) j       pc - 0x8
core   0: 3 0x8000b304 (0xff9ff06f)
core   0: 0x8000b2fc (0x00001f17) auipc   t5, 0x1
core   0: 3 0x8000b2fc (0x00001f17) x30 0x8000c2fc
core   0: 0x8000b300 (0xd03f2223) sw      gp, -764(t5)
core   0: 3 0x8000b300 (0xd03f2223) mem 0x8000c000 0x00000001
core   0: 0x8000b304 (0xff9ff06f) j       pc - 0x8
core   0: 3 0x8000b304 (0xff9ff06f)
core   0: 0x8000b2fc (0x00001f17) auipc   t5, 0x1
core   0: 3 0x8000b2fc (0x00001f17) x30 0x8000c2fc
core   0: 0x8000b300 (0xd03f2223) sw      gp, -764(t5)
core   0: 3 0x8000b300 (0xd03f2223) mem 0x8000c000 0x00000001
core   0: 0x8000b304 (0xff9ff06f) j       pc - 0x8
core   0: 3 0x8000b304 (0xff9ff06f)
core   0: 0x8000b2fc (0x00001f17) auipc   t5, 0x1
core   0: 3 0x8000b2fc (0x00001f17) x30 0x8000c2fc
core   0: 0x8000b300 (0xd03f2223) sw      gp, -764(t5)
core   0: 3 0x8000b300 (0xd03f2223) mem 0x8000c000 0x00000001
core   0: 0x8000b304 (0xff9ff06f) j       pc - 0x8
core   0: 3 0x8000b304 (0xff9ff06f)
core   0: 0x8000b2fc (0x00001f17) auipc   t5, 0x1
core   0: 3 0x8000b2fc (0x00001f17) x30 0x8000c2fc
core   0: 0x8000b300 (0xd03f2223) sw      gp, -764(t5)
core   0: 3 0x8000b300 (0xd03f2223) mem 0x8000c000 0x00000001
core   0: 0x8000b304 (0xff9ff06f) j       pc - 0x8
core   0: 3 0x8000b304 (0xff9ff06f)
core   0: 0x8000b2fc (0x00001f17) auipc   t5, 0x1
core   0: 3 0x8000b2fc (0x00001f17) x30 0x8000c2fc
core   0: 0x8000b300 (0xd03f2223) sw      gp, -764(t5)
core   0: 3 0x8000b300 (0xd03f2223) mem 0x8000c000 0x00000001
core   0: 0x8000b304 (0xff9ff06f) j       pc - 0x8
core   0: 3 0x8000b304 (0xff9ff06f)
core   0: 0x8000b2fc (0x00001f17) auipc   t5, 0x1
core   0: 3 0x8000b2fc (0x00001f17) x30 0x8000c2fc
core   0: 0x8000b300 (0xd03f2223) sw      gp, -764(t5)
core   0: 3 0x8000b300 (0xd03f2223) mem 0x8000c000 0x00000001
core   0: 0x8000b304 (0xff9ff06f) j       pc - 0x8
core   0: 3 0x8000b304 (0xff9ff06f)
core   0: 0x8000b2fc (0x00001f17) auipc   t5, 0x1
core   0: 3 0x8000b2fc (0x00001f17) x30 0x8000c2fc
core   0: 0x8000b300 (0xd03f2223) sw      gp, -764(t5)
core   0: 3 0x8000b300 (0xd03f2223) mem 0x8000c000 0x00000001
core   0: 0x8000b304 (0xff9ff06f) j       pc - 0x8
core   0: 3 0x8000b304 (0xff9ff06f)
core   0: 0x8000b2fc (0x00001f17) auipc   t5, 0x1
core   0: 3 0x8000b2fc (0x00001f17) x30 0x8000c2fc
core   0: 0x8000b300 (0xd03f2223) sw      gp, -764(t5)
core   0: 3 0x8000b300 (0xd03f2223) mem 0x8000c000 0x00000001
core   0: 0x8000b304 (0xff9ff06f) j       pc - 0x8
core   0: 3 0x8000b304 (0xff9ff06f)
core   0: 0x8000b2fc (0x00001f17) auipc   t5, 0x1
core   0: 3 0x8000b2fc (0x00001f17) x30 0x8000c2fc
core   0: 0x8000b300 (0xd03f2223) sw      gp, -764(t5)
core   0: 3 0x8000b300 (0xd03f2223) mem 0x8000c000 0x00000001
core   0: 0x8000b304 (0xff9ff06f) j       pc - 0x8
core   0: 3 0x8000b304 (0xff9ff06f)
core   0: 0x8000b2fc (0x00001f17) auipc   t5, 0x1
core   0: 3 0x8000b2fc (0x00001f17) x30 0x8000c2fc
core   0: 0x8000b300 (0xd03f2223) sw      gp, -764(t5)
core   0: 3 0x8000b300 (0xd03f2223) mem 0x8000c000 0x00000001
core   0: 0x8000b304 (0xff9ff06f) j       pc - 0x8
core   0: 3 0x8000b304 (0xff9ff06f)
core   0: 0x8000b2fc (0x00001f17) auipc   t5, 0x1
core   0: 3 0x8000b2fc (0x00001f17) x30 0x8000c2fc
core   0: 0x8000b300 (0xd03f2223) sw      gp, -764(t5)
core   0: 3 0x8000b300 (0xd03f2223) mem 0x8000c000 0x00000001
core   0: 0x8000b304 (0xff9ff06f) j       pc - 0x8
core   0: 3 0x8000b304 (0xff9ff06f)
core   0: 0x8000b2fc (0x00001f17) auipc   t5, 0x1
core   0: 3 0x8000b2fc (0x00001f17) x30 0x8000c2fc
core   0: 0x8000b300 (0xd03f2223) sw      gp, -764(t5)
core   0: 3 0x8000b300 (0xd03f2223) mem 0x8000c000 0x00000001
core   0: 0x8000b304 (0xff9ff06f) j       pc - 0x8
core   0: 3 0x8000b304 (0xff9ff06f)
core   0: 0x8000b2fc (0x00001f17) auipc   t5, 0x1
core   0: 3 0x8000b2fc (0x00001f17) x30 0x8000c2fc
core   0: 0x8000b300 (0xd03f2223) sw      gp, -764(t5)
core   0: 3 0x8000b300 (0xd03f2223) mem 0x8000c000 0x00000001
core   0: 0x8000b304 (0xff9ff06f) j       pc - 0x8
core   0: 3 0x8000b304 (0xff9ff06f)
core   0: 0x8000b2fc (0x00001f17) auipc   t5, 0x1
core   0: 3 0x8000b2fc (0x00001f17) x30 0x8000c2fc
core   0: 0x8000b300 (0xd03f2223) sw      gp, -764(t5)
core   0: 3 0x8000b300 (0xd03f2223) mem 0x8000c000 0x00000001
core   0: 0x8000b304 (0xff9ff06f) j       pc - 0x8
core   0: 3 0x8000b304 (0xff9ff06f)
core   0: 0x8000b2fc (0x00001f17) auipc   t5, 0x1
core   0: 3 0x8000b2fc (0x00001f17) x30 0x8000c2fc
core   0: 0x8000b300 (0xd03f2223) sw      gp, -764(t5)
core   0: 3 0x8000b300 (0xd03f2223) mem 0x8000c000 0x00000001
core   0: 0x8000b304 (0xff9ff06f) j       pc - 0x8
core   0: 3 0x8000b304 (0xff9ff06f)
core   0: 0x8000b2fc (0x00001f17) auipc   t5, 0x1
core   0: 3 0x8000b2fc (0x00001f17) x30 0x8000c2fc
core   0: 0x8000b300 (0xd03f2223) sw      gp, -764(t5)
core   0: 3 0x8000b300 (0xd03f2223) mem 0x8000c000 0x00000001
core   0: 0x8000b304 (0xff9ff06f) j       pc - 0x8
core   0: 3 0x8000b304 (0xff9ff06f)
core   0: 0x8000b2fc (0x00001f17) auipc   t5, 0x1
core   0: 3 0x8000b2fc (0x00001f17) x30 0x8000c2fc
core   0: 0x8000b300 (0xd03f2223) sw      gp, -764(t5)
core   0: 3 0x8000b300 (0xd03f2223) mem 0x8000c000 0x00000001
core   0: 0x8000b304 (0xff9ff06f) j       pc - 0x8
core   0: 3 0x8000b304 (0xff9ff06f)
core   0: 0x8000b2fc (0x00001f17) auipc   t5, 0x1
core   0: 3 0x8000b2fc (0x00001f17) x30 0x8000c2fc
core   0: 0x8000b300 (0xd03f2223) sw      gp, -764(t5)
core   0: 3 0x8000b300 (0xd03f2223) mem 0x8000c000 0x00000001
core   0: 0x8000b304 (0xff9ff06f) j       pc - 0x8
core   0: 3 0x8000b304 (0xff9ff06f)
core   0: 0x8000b2fc (0x00001f17) auipc   t5, 0x1
core   0: 3 0x8000b2fc (0x00001f17) x30 0x8000c2fc
core   0: 0x8000b300 (0xd03f2223) sw      gp, -764(t5)
core   0: 3 0x8000b300 (0xd03f2223) mem 0x8000c000 0x00000001
core   0: 0x8000b304 (0xff9ff06f) j       pc - 0x8
core   0: 3 0x8000b304 (0xff9ff06f)
core   0: 0x8000b2fc (0x00001f17) auipc   t5, 0x1
core   0: 3 0x8000b2fc (0x00001f17) x30 0x8000c2fc
core   0: 0x8000b300 (0xd03f2223) sw      gp, -764(t5)
core   0: 3 0x8000b300 (0xd03f2223) mem 0x8000c000 0x00000001
core   0: 0x8000b304 (0xff9ff06f) j       pc - 0x8
core   0: 3 0x8000b304 (0xff9ff06f)
core   0: 0x8000b2fc (0x00001f17) auipc   t5, 0x1
core   0: 3 0x8000b2fc (0x00001f17) x30 0x8000c2fc
core   0: 0x8000b300 (0xd03f2223) sw      gp, -764(t5)
core   0: 3 0x8000b300 (0xd03f2223) mem 0x8000c000 0x00000001
core   0: 0x8000b304 (0xff9ff06f) j       pc - 0x8
core   0: 3 0x8000b304 (0xff9ff06f)
core   0: 0x8000b2fc (0x00001f17) auipc   t5, 0x1
core   0: 3 0x8000b2fc (0x00001f17) x30 0x8000c2fc
core   0: 0x8000b300 (0xd03f2223) sw      gp, -764(t5)
core   0: 3 0x8000b300 (0xd03f2223) mem 0x8000c000 0x00000001
core   0: 0x8000b304 (0xff9ff06f) j       pc - 0x8
core   0: 3 0x8000b304 (0xff9ff06f)
core   0: 0x8000b2fc (0x00001f17) auipc   t5, 0x1
core   0: 3 0x8000b2fc (0x00001f17) x30 0x8000c2fc
core   0: 0x8000b300 (0xd03f2223) sw      gp, -764(t5)
core   0: 3 0x8000b300 (0xd03f2223) mem 0x8000c000 0x00000001
core   0: 0x8000b304 (0xff9ff06f) j       pc - 0x8
core   0: 3 0x8000b304 (0xff9ff06f)
core   0: 0x8000b2fc (0x00001f17) auipc   t5, 0x1
core   0: 3 0x8000b2fc (0x00001f17) x30 0x8000c2fc
core   0: 0x8000b300 (0xd03f2223) sw      gp, -764(t5)
core   0: 3 0x8000b300 (0xd03f2223) mem 0x8000c000 0x00000001
core   0: 0x8000b304 (0xff9ff06f) j       pc - 0x8
core   0: 3 0x8000b304 (0xff9ff06f)
core   0: 0x8000b2fc (0x00001f17) auipc   t5, 0x1
core   0: 3 0x8000b2fc (0x00001f17) x30 0x8000c2fc
core   0: 0x8000b300 (0xd03f2223) sw      gp, -764(t5)
core   0: 3 0x8000b300 (0xd03f2223) mem 0x8000c000 0x00000001
core   0: 0x8000b304 (0xff9ff06f) j       pc - 0x8
core   0: 3 0x8000b304 (0xff9ff06f)
core   0: 0x8000b2fc (0x00001f17) auipc   t5, 0x1
core   0: 3 0x8000b2fc (0x00001f17) x30 0x8000c2fc
core   0: 0x8000b300 (0xd03f2223) sw      gp, -764(t5)
core   0: 3 0x8000b300 (0xd03f2223) mem 0x8000c000 0x00000001
core   0: 0x8000b304 (0xff9ff06f) j       pc - 0x8
core   0: 3 0x8000b304 (0xff9ff06f)
core   0: 0x8000b2fc (0x00001f17) auipc   t5, 0x1
core   0: 3 0x8000b2fc (0x00001f17) x30 0x8000c2fc
core   0: 0x8000b300 (0xd03f2223) sw      gp, -764(t5)
core   0: 3 0x8000b300 (0xd03f2223) mem 0x8000c000 0x00000001
core   0: 0x8000b304 (0xff9ff06f) j       pc - 0x8
core   0: 3 0x8000b304 (0xff9ff06f)
core   0: 0x8000b2fc (0x00001f17) auipc   t5, 0x1
core   0: 3 0x8000b2fc (0x00001f17) x30 0x8000c2fc
core   0: 0x8000b300 (0xd03f2223) sw      gp, -764(t5)
core   0: 3 0x8000b300 (0xd03f2223) mem 0x8000c000 0x00000001
core   0: 0x8000b304 (0xff9ff06f) j       pc - 0x8
core   0: 3 0x8000b304 (0xff9ff06f)
core   0: 0x8000b2fc (0x00001f17) auipc   t5, 0x1
core   0: 3 0x8000b2fc (0x00001f17) x30 0x8000c2fc
core   0: 0x8000b300 (0xd03f2223) sw      gp, -764(t5)
core   0: 3 0x8000b300 (0xd03f2223) mem 0x8000c000 0x00000001
core   0: 0x8000b304 (0xff9ff06f) j       pc - 0x8
core   0: 3 0x8000b304 (0xff9ff06f)
core   0: 0x8000b2fc (0x00001f17) auipc   t5, 0x1
core   0: 3 0x8000b2fc (0x00001f17) x30 0x8000c2fc
core   0: 0x8000b300 (0xd03f2223) sw      gp, -764(t5)
core   0: 3 0x8000b300 (0xd03f2223) mem 0x8000c000 0x00000001
core   0: 0x8000b304 (0xff9ff06f) j       pc - 0x8
core   0: 3 0x8000b304 (0xff9ff06f)
core   0: 0x8000b2fc (0x00001f17) auipc   t5, 0x1
core   0: 3 0x8000b2fc (0x00001f17) x30 0x8000c2fc
core   0: 0x8000b300 (0xd03f2223) sw      gp, -764(t5)
core   0: 3 0x8000b300 (0xd03f2223) mem 0x8000c000 0x00000001
core   0: 0x8000b304 (0xff9ff06f) j       pc - 0x8
core   0: 3 0x8000b304 (0xff9ff06f)
core   0: 0x8000b2fc (0x00001f17) auipc   t5, 0x1
core   0: 3 0x8000b2fc (0x00001f17) x30 0x8000c2fc
core   0: 0x8000b300 (0xd03f2223) sw      gp, -764(t5)
core   0: 3 0x8000b300 (0xd03f2223) mem 0x8000c000 0x00000001
core   0: 0x8000b304 (0xff9ff06f) j       pc - 0x8
core   0: 3 0x8000b304 (0xff9ff06f)
core   0: 0x8000b2fc (0x00001f17) auipc   t5, 0x1
core   0: 3 0x8000b2fc (0x00001f17) x30 0x8000c2fc
core   0: 0x8000b300 (0xd03f2223) sw      gp, -764(t5)
core   0: 3 0x8000b300 (0xd03f2223) mem 0x8000c000 0x00000001
core   0: 0x8000b304 (0xff9ff06f) j       pc - 0x8
core   0: 3 0x8000b304 (0xff9ff06f)
core   0: 0x8000b2fc (0x00001f17) auipc   t5, 0x1
core   0: 3 0x8000b2fc (0x00001f17) x30 0x8000c2fc
core   0: 0x8000b300 (0xd03f2223) sw      gp, -764(t5)
core   0: 3 0x8000b300 (0xd03f2223) mem 0x8000c000 0x00000001
core   0: 0x8000b304 (0xff9ff06f) j       pc - 0x8
core   0: 3 0x8000b304 (0xff9ff06f)
core   0: 0x8000b2fc (0x00001f17) auipc   t5, 0x1
core   0: 3 0x8000b2fc (0x00001f17) x30 0x8000c2fc
core   0: 0x8000b300 (0xd03f2223) sw      gp, -764(t5)
core   0: 3 0x8000b300 (0xd03f2223) mem 0x8000c000 0x00000001
core   0: 0x8000b304 (0xff9ff06f) j       pc - 0x8
core   0: 3 0x8000b304 (0xff9ff06f)
core   0: 0x8000b2fc (0x00001f17) auipc   t5, 0x1
core   0: 3 0x8000b2fc (0x00001f17) x30 0x8000c2fc
core   0: 0x8000b300 (0xd03f2223) sw      gp, -764(t5)
core   0: 3 0x8000b300 (0xd03f2223) mem 0x8000c000 0x00000001
core   0: 0x8000b304 (0xff9ff06f) j       pc - 0x8
core   0: 3 0x8000b304 (0xff9ff06f)
core   0: 0x8000b2fc (0x00001f17) auipc   t5, 0x1
core   0: 3 0x8000b2fc (0x00001f17) x30 0x8000c2fc
core   0: 0x8000b300 (0xd03f2223) sw      gp, -764(t5)
core   0: 3 0x8000b300 (0xd03f2223) mem 0x8000c000 0x00000001
core   0: 0x8000b304 (0xff9ff06f) j       pc - 0x8
core   0: 3 0x8000b304 (0xff9ff06f)
core   0: 0x8000b2fc (0x00001f17) auipc   t5, 0x1
core   0: 3 0x8000b2fc (0x00001f17) x30 0x8000c2fc
core   0: 0x8000b300 (0xd03f2223) sw      gp, -764(t5)
core   0: 3 0x8000b300 (0xd03f2223) mem 0x8000c000 0x00000001
core   0: 0x8000b304 (0xff9ff06f) j       pc - 0x8
core   0: 3 0x8000b304 (0xff9ff06f)
core   0: 0x8000b2fc (0x00001f17) auipc   t5, 0x1
core   0: 3 0x8000b2fc (0x00001f17) x30 0x8000c2fc
core   0: 0x8000b300 (0xd03f2223) sw      gp, -764(t5)
core   0: 3 0x8000b300 (0xd03f2223) mem 0x8000c000 0x00000001
core   0: 0x8000b304 (0xff9ff06f) j       pc - 0x8
core   0: 3 0x8000b304 (0xff9ff06f)
core   0: 0x8000b2fc (0x00001f17) auipc   t5, 0x1
core   0: 3 0x8000b2fc (0x00001f17) x30 0x8000c2fc
core   0: 0x8000b300 (0xd03f2223) sw      gp, -764(t5)
core   0: 3 0x8000b300 (0xd03f2223) mem 0x8000c000 0x00000001
core   0: 0x8000b304 (0xff9ff06f) j       pc - 0x8
core   0: 3 0x8000b304 (0xff9ff06f)
core   0: 0x8000b2fc (0x00001f17) auipc   t5, 0x1
core   0: 3 0x8000b2fc (0x00001f17) x30 0x8000c2fc
core   0: 0x8000b300 (0xd03f2223) sw      gp, -764(t5)
core   0: 3 0x8000b300 (0xd03f2223) mem 0x8000c000 0x00000001
core   0: 0x8000b304 (0xff9ff06f) j       pc - 0x8
core   0: 3 0x8000b304 (0xff9ff06f)
core   0: 0x8000b2fc (0x00001f17) auipc   t5, 0x1
core   0: 3 0x8000b2fc (0x00001f17) x30 0x8000c2fc
core   0: 0x8000b300 (0xd03f2223) sw      gp, -764(t5)
core   0: 3 0x8000b300 (0xd03f2223) mem 0x8000c000 0x00000001
core   0: 0x8000b304 (0xff9ff06f) j       pc - 0x8
core   0: 3 0x8000b304 (0xff9ff06f)
core   0: 0x8000b2fc (0x00001f17) auipc   t5, 0x1
core   0: 3 0x8000b2fc (0x00001f17) x30 0x8000c2fc
core   0: 0x8000b300 (0xd03f2223) sw      gp, -764(t5)
core   0: 3 0x8000b300 (0xd03f2223) mem 0x8000c000 0x00000001
core   0: 0x8000b304 (0xff9ff06f) j       pc - 0x8
core   0: 3 0x8000b304 (0xff9ff06f)
core   0: 0x8000b2fc (0x00001f17) auipc   t5, 0x1
core   0: 3 0x8000b2fc (0x00001f17) x30 0x8000c2fc
core   0: 0x8000b300 (0xd03f2223) sw      gp, -764(t5)
core   0: 3 0x8000b300 (0xd03f2223) mem 0x8000c000 0x00000001
core   0: 0x8000b304 (0xff9ff06f) j       pc - 0x8
core   0: 3 0x8000b304 (0xff9ff06f)
core   0: 0x8000b2fc (0x00001f17) auipc   t5, 0x1
core   0: 3 0x8000b2fc (0x00001f17) x30 0x8000c2fc
core   0: 0x8000b300 (0xd03f2223) sw      gp, -764(t5)
core   0: 3 0x8000b300 (0xd03f2223) mem 0x8000c000 0x00000001
core   0: 0x8000b304 (0xff9ff06f) j       pc - 0x8
core   0: 3 0x8000b304 (0xff9ff06f)
core   0: 0x8000b2fc (0x00001f17) auipc   t5, 0x1
core   0: 3 0x8000b2fc (0x00001f17) x30 0x8000c2fc
core   0: 0x8000b300 (0xd03f2223) sw      gp, -764(t5)
core   0: 3 0x8000b300 (0xd03f2223) mem 0x8000c000 0x00000001
core   0: 0x8000b304 (0xff9ff06f) j       pc - 0x8
core   0: 3 0x8000b304 (0xff9ff06f)
core   0: 0x8000b2fc (0x00001f17) auipc   t5, 0x1
core   0: 3 0x8000b2fc (0x00001f17) x30 0x8000c2fc
core   0: 0x8000b300 (0xd03f2223) sw      gp, -764(t5)
core   0: 3 0x8000b300 (0xd03f2223) mem 0x8000c000 0x00000001
core   0: 0x8000b304 (0xff9ff06f) j       pc - 0x8
core   0: 3 0x8000b304 (0xff9ff06f)
core   0: 0x8000b2fc (0x00001f17) auipc   t5, 0x1
core   0: 3 0x8000b2fc (0x00001f17) x30 0x8000c2fc
core   0: 0x8000b300 (0xd03f2223) sw      gp, -764(t5)
core   0: 3 0x8000b300 (0xd03f2223) mem 0x8000c000 0x00000001
core   0: 0x8000b304 (0xff9ff06f) j       pc - 0x8
core   0: 3 0x8000b304 (0xff9ff06f)
core   0: 0x8000b2fc (0x00001f17) auipc   t5, 0x1
core   0: 3 0x8000b2fc (0x00001f17) x30 0x8000c2fc
core   0: 0x8000b300 (0xd03f2223) sw      gp, -764(t5)
core   0: 3 0x8000b300 (0xd03f2223) mem 0x8000c000 0x00000001
core   0: 0x8000b304 (0xff9ff06f) j       pc - 0x8
core   0: 3 0x8000b304 (0xff9ff06f)
core   0: 0x8000b2fc (0x00001f17) auipc   t5, 0x1
core   0: 3 0x8000b2fc (0x00001f17) x30 0x8000c2fc
core   0: 0x8000b300 (0xd03f2223) sw      gp, -764(t5)
core   0: 3 0x8000b300 (0xd03f2223) mem 0x8000c000 0x00000001
core   0: 0x8000b304 (0xff9ff06f) j       pc - 0x8
core   0: 3 0x8000b304 (0xff9ff06f)
core   0: 0x8000b2fc (0x00001f17) auipc   t5, 0x1
core   0: 3 0x8000b2fc (0x00001f17) x30 0x8000c2fc
core   0: 0x8000b300 (0xd03f2223) sw      gp, -764(t5)
core   0: 3 0x8000b300 (0xd03f2223) mem 0x8000c000 0x00000001
core   0: 0x8000b304 (0xff9ff06f) j       pc - 0x8
core   0: 3 0x8000b304 (0xff9ff06f)
core   0: 0x8000b2fc (0x00001f17) auipc   t5, 0x1
core   0: 3 0x8000b2fc (0x00001f17) x30 0x8000c2fc
core   0: 0x8000b300 (0xd03f2223) sw      gp, -764(t5)
core   0: 3 0x8000b300 (0xd03f2223) mem 0x8000c000 0x00000001
core   0: 0x8000b304 (0xff9ff06f) j       pc - 0x8
core   0: 3 0x8000b304 (0xff9ff06f)
core   0: 0x8000b2fc (0x00001f17) auipc   t5, 0x1
core   0: 3 0x8000b2fc (0x00001f17) x30 0x8000c2fc
core   0: 0x8000b300 (0xd03f2223) sw      gp, -764(t5)
core   0: 3 0x8000b300 (0xd03f2223) mem 0x8000c000 0x00000001
core   0: 0x8000b304 (0xff9ff06f) j       pc - 0x8
core   0: 3 0x8000b304 (0xff9ff06f)
core   0: 0x8000b2fc (0x00001f17) auipc   t5, 0x1
core   0: 3 0x8000b2fc (0x00001f17) x30 0x8000c2fc
core   0: 0x8000b300 (0xd03f2223) sw      gp, -764(t5)
core   0: 3 0x8000b300 (0xd03f2223) mem 0x8000c000 0x00000001
core   0: 0x8000b304 (0xff9ff06f) j       pc - 0x8
core   0: 3 0x8000b304 (0xff9ff06f)
core   0: 0x8000b2fc (0x00001f17) auipc   t5, 0x1
core   0: 3 0x8000b2fc (0x00001f17) x30 0x8000c2fc
core   0: 0x8000b300 (0xd03f2223) sw      gp, -764(t5)
core   0: 3 0x8000b300 (0xd03f2223) mem 0x8000c000 0x00000001
core   0: 0x8000b304 (0xff9ff06f) j       pc - 0x8
core   0: 3 0x8000b304 (0xff9ff06f)
core   0: 0x8000b2fc (0x00001f17) auipc   t5, 0x1
core   0: 3 0x8000b2fc (0x00001f17) x30 0x8000c2fc
core   0: 0x8000b300 (0xd03f2223) sw      gp, -764(t5)
core   0: 3 0x8000b300 (0xd03f2223) mem 0x8000c000 0x00000001
core   0: 0x8000b304 (0xff9ff06f) j       pc - 0x8
core   0: 3 0x8000b304 (0xff9ff06f)
core   0: 0x8000b2fc (0x00001f17) auipc   t5, 0x1
core   0: 3 0x8000b2fc (0x00001f17) x30 0x8000c2fc
core   0: 0x8000b300 (0xd03f2223) sw      gp, -764(t5)
core   0: 3 0x8000b300 (0xd03f2223) mem 0x8000c000 0x00000001
core   0: 0x8000b304 (0xff9ff06f) j       pc - 0x8
core   0: 3 0x8000b304 (0xff9ff06f)
core   0: 0x8000b2fc (0x00001f17) auipc   t5, 0x1
core   0: 3 0x8000b2fc (0x00001f17) x30 0x8000c2fc
core   0: 0x8000b300 (0xd03f2223) sw      gp, -764(t5)
core   0: 3 0x8000b300 (0xd03f2223) mem 0x8000c000 0x00000001
core   0: 0x8000b304 (0xff9ff06f) j       pc - 0x8
core   0: 3 0x8000b304 (0xff9ff06f)
core   0: 0x8000b2fc (0x00001f17) auipc   t5, 0x1
core   0: 3 0x8000b2fc (0x00001f17) x30 0x8000c2fc
core   0: 0x8000b300 (0xd03f2223) sw      gp, -764(t5)
core   0: 3 0x8000b300 (0xd03f2223) mem 0x8000c000 0x00000001
core   0: 0x8000b304 (0xff9ff06f) j       pc - 0x8
core   0: 3 0x8000b304 (0xff9ff06f)
core   0: 0x8000b2fc (0x00001f17) auipc   t5, 0x1
core   0: 3 0x8000b2fc (0x00001f17) x30 0x8000c2fc
core   0: 0x8000b300 (0xd03f2223) sw      gp, -764(t5)
core   0: 3 0x8000b300 (0xd03f2223) mem 0x8000c000 0x00000001
core   0: 0x8000b304 (0xff9ff06f) j       pc - 0x8
core   0: 3 0x8000b304 (0xff9ff06f)
core   0: 0x8000b2fc (0x00001f17) auipc   t5, 0x1
core   0: 3 0x8000b2fc (0x00001f17) x30 0x8000c2fc
core   0: 0x8000b300 (0xd03f2223) sw      gp, -764(t5)
core   0: 3 0x8000b300 (0xd03f2223) mem 0x8000c000 0x00000001
core   0: 0x8000b304 (0xff9ff06f) j       pc - 0x8
core   0: 3 0x8000b304 (0xff9ff06f)
core   0: 0x8000b2fc (0x00001f17) auipc   t5, 0x1
core   0: 3 0x8000b2fc (0x00001f17) x30 0x8000c2fc
core   0: 0x8000b300 (0xd03f2223) sw      gp, -764(t5)
core   0: 3 0x8000b300 (0xd03f2223) mem 0x8000c000 0x00000001
core   0: 0x8000b304 (0xff9ff06f) j       pc - 0x8
core   0: 3 0x8000b304 (0xff9ff06f)
core   0: 0x8000b2fc (0x00001f17) auipc   t5, 0x1
core   0: 3 0x8000b2fc (0x00001f17) x30 0x8000c2fc
core   0: 0x8000b300 (0xd03f2223) sw      gp, -764(t5)
core   0: 3 0x8000b300 (0xd03f2223) mem 0x8000c000 0x00000001
core   0: 0x8000b304 (0xff9ff06f) j       pc - 0x8
core   0: 3 0x8000b304 (0xff9ff06f)
core   0: 0x8000b2fc (0x00001f17) auipc   t5, 0x1
core   0: 3 0x8000b2fc (0x00001f17) x30 0x8000c2fc
core   0: 0x8000b300 (0xd03f2223) sw      gp, -764(t5)
core   0: 3 0x8000b300 (0xd03f2223) mem 0x8000c000 0x00000001
core   0: 0x8000b304 (0xff9ff06f) j       pc - 0x8
core   0: 3 0x8000b304 (0xff9ff06f)
core   0: 0x8000b2fc (0x00001f17) auipc   t5, 0x1
core   0: 3 0x8000b2fc (0x00001f17) x30 0x8000c2fc
core   0: 0x8000b300 (0xd03f2223) sw      gp, -764(t5)
core   0: 3 0x8000b300 (0xd03f2223) mem 0x8000c000 0x00000001
core   0: 0x8000b304 (0xff9ff06f) j       pc - 0x8
core   0: 3 0x8000b304 (0xff9ff06f)
core   0: 0x8000b2fc (0x00001f17) auipc   t5, 0x1
core   0: 3 0x8000b2fc (0x00001f17) x30 0x8000c2fc
core   0: 0x8000b300 (0xd03f2223) sw      gp, -764(t5)
core   0: 3 0x8000b300 (0xd03f2223) mem 0x8000c000 0x00000001
core   0: 0x8000b304 (0xff9ff06f) j       pc - 0x8
core   0: 3 0x8000b304 (0xff9ff06f)
core   0: 0x8000b2fc (0x00001f17) auipc   t5, 0x1
core   0: 3 0x8000b2fc (0x00001f17) x30 0x8000c2fc
core   0: 0x8000b300 (0xd03f2223) sw      gp, -764(t5)
core   0: 3 0x8000b300 (0xd03f2223) mem 0x8000c000 0x00000001
core   0: 0x8000b304 (0xff9ff06f) j       pc - 0x8
core   0: 3 0x8000b304 (0xff9ff06f)
core   0: 0x8000b2fc (0x00001f17) auipc   t5, 0x1
core   0: 3 0x8000b2fc (0x00001f17) x30 0x8000c2fc
core   0: 0x8000b300 (0xd03f2223) sw      gp, -764(t5)
core   0: 3 0x8000b300 (0xd03f2223) mem 0x8000c000 0x00000001
core   0: 0x8000b304 (0xff9ff06f) j       pc - 0x8
core   0: 3 0x8000b304 (0xff9ff06f)
core   0: 0x8000b2fc (0x00001f17) auipc   t5, 0x1
core   0: 3 0x8000b2fc (0x00001f17) x30 0x8000c2fc
core   0: 0x8000b300 (0xd03f2223) sw      gp, -764(t5)
core   0: 3 0x8000b300 (0xd03f2223) mem 0x8000c000 0x00000001
core   0: 0x8000b304 (0xff9ff06f) j       pc - 0x8
core   0: 3 0x8000b304 (0xff9ff06f)
core   0: 0x8000b2fc (0x00001f17) auipc   t5, 0x1
core   0: 3 0x8000b2fc (0x00001f17) x30 0x8000c2fc
core   0: 0x8000b300 (0xd03f2223) sw      gp, -764(t5)
core   0: 3 0x8000b300 (0xd03f2223) mem 0x8000c000 0x00000001
core   0: 0x8000b304 (0xff9ff06f) j       pc - 0x8
core   0: 3 0x8000b304 (0xff9ff06f)
core   0: 0x8000b2fc (0x00001f17) auipc   t5, 0x1
core   0: 3 0x8000b2fc (0x00001f17) x30 0x8000c2fc
core   0: 0x8000b300 (0xd03f2223) sw      gp, -764(t5)
core   0: 3 0x8000b300 (0xd03f2223) mem 0x8000c000 0x00000001
core   0: 0x8000b304 (0xff9ff06f) j       pc - 0x8
core   0: 3 0x8000b304 (0xff9ff06f)
core   0: 0x8000b2fc (0x00001f17) auipc   t5, 0x1
core   0: 3 0x8000b2fc (0x00001f17) x30 0x8000c2fc
core   0: 0x8000b300 (0xd03f2223) sw      gp, -764(t5)
core   0: 3 0x8000b300 (0xd03f2223) mem 0x8000c000 0x00000001
core   0: 0x8000b304 (0xff9ff06f) j       pc - 0x8
core   0: 3 0x8000b304 (0xff9ff06f)
core   0: 0x8000b2fc (0x00001f17) auipc   t5, 0x1
core   0: 3 0x8000b2fc (0x00001f17) x30 0x8000c2fc
core   0: 0x8000b300 (0xd03f2223) sw      gp, -764(t5)
core   0: 3 0x8000b300 (0xd03f2223) mem 0x8000c000 0x00000001
core   0: 0x8000b304 (0xff9ff06f) j       pc - 0x8
core   0: 3 0x8000b304 (0xff9ff06f)
core   0: 0x8000b2fc (0x00001f17) auipc   t5, 0x1
core   0: 3 0x8000b2fc (0x00001f17) x30 0x8000c2fc
core   0: 0x8000b300 (0xd03f2223) sw      gp, -764(t5)
core   0: 3 0x8000b300 (0xd03f2223) mem 0x8000c000 0x00000001
core   0: 0x8000b304 (0xff9ff06f) j       pc - 0x8
core   0: 3 0x8000b304 (0xff9ff06f)
core   0: 0x8000b2fc (0x00001f17) auipc   t5, 0x1
core   0: 3 0x8000b2fc (0x00001f17) x30 0x8000c2fc
core   0: 0x8000b300 (0xd03f2223) sw      gp, -764(t5)
core   0: 3 0x8000b300 (0xd03f2223) mem 0x8000c000 0x00000001
core   0: 0x8000b304 (0xff9ff06f) j       pc - 0x8
core   0: 3 0x8000b304 (0xff9ff06f)
core   0: 0x8000b2fc (0x00001f17) auipc   t5, 0x1
core   0: 3 0x8000b2fc (0x00001f17) x30 0x8000c2fc
core   0: 0x8000b300 (0xd03f2223) sw      gp, -764(t5)
core   0: 3 0x8000b300 (0xd03f2223) mem 0x8000c000 0x00000001
core   0: 0x8000b304 (0xff9ff06f) j       pc - 0x8
core   0: 3 0x8000b304 (0xff9ff06f)
core   0: 0x8000b2fc (0x00001f17) auipc   t5, 0x1
core   0: 3 0x8000b2fc (0x00001f17) x30 0x8000c2fc
core   0: 0x8000b300 (0xd03f2223) sw      gp, -764(t5)
core   0: 3 0x8000b300 (0xd03f2223) mem 0x8000c000 0x00000001
core   0: 0x8000b304 (0xff9ff06f) j       pc - 0x8
core   0: 3 0x8000b304 (0xff9ff06f)
core   0: 0x8000b2fc (0x00001f17) auipc   t5, 0x1
core   0: 3 0x8000b2fc (0x00001f17) x30 0x8000c2fc
core   0: 0x8000b300 (0xd03f2223) sw      gp, -764(t5)
core   0: 3 0x8000b300 (0xd03f2223) mem 0x8000c000 0x00000001
core   0: 0x8000b304 (0xff9ff06f) j       pc - 0x8
core   0: 3 0x8000b304 (0xff9ff06f)
core   0: 0x8000b2fc (0x00001f17) auipc   t5, 0x1
core   0: 3 0x8000b2fc (0x00001f17) x30 0x8000c2fc
core   0: 0x8000b300 (0xd03f2223) sw      gp, -764(t5)
core   0: 3 0x8000b300 (0xd03f2223) mem 0x8000c000 0x00000001
core   0: 0x8000b304 (0xff9ff06f) j       pc - 0x8
core   0: 3 0x8000b304 (0xff9ff06f)
core   0: 0x8000b2fc (0x00001f17) auipc   t5, 0x1
core   0: 3 0x8000b2fc (0x00001f17) x30 0x8000c2fc
core   0: 0x8000b300 (0xd03f2223) sw      gp, -764(t5)
core   0: 3 0x8000b300 (0xd03f2223) mem 0x8000c000 0x00000001
core   0: 0x8000b304 (0xff9ff06f) j       pc - 0x8
core   0: 3 0x8000b304 (0xff9ff06f)
core   0: 0x8000b2fc (0x00001f17) auipc   t5, 0x1
core   0: 3 0x8000b2fc (0x00001f17) x30 0x8000c2fc
core   0: 0x8000b300 (0xd03f2223) sw      gp, -764(t5)
core   0: 3 0x8000b300 (0xd03f2223) mem 0x8000c000 0x00000001
core   0: 0x8000b304 (0xff9ff06f) j       pc - 0x8
core   0: 3 0x8000b304 (0xff9ff06f)
core   0: 0x8000b2fc (0x00001f17) auipc   t5, 0x1
core   0: 3 0x8000b2fc (0x00001f17) x30 0x8000c2fc
core   0: 0x8000b300 (0xd03f2223) sw      gp, -764(t5)
core   0: 3 0x8000b300 (0xd03f2223) mem 0x8000c000 0x00000001
core   0: 0x8000b304 (0xff9ff06f) j       pc - 0x8
core   0: 3 0x8000b304 (0xff9ff06f)
core   0: 0x8000b2fc (0x00001f17) auipc   t5, 0x1
core   0: 3 0x8000b2fc (0x00001f17) x30 0x8000c2fc
core   0: 0x8000b300 (0xd03f2223) sw      gp, -764(t5)
core   0: 3 0x8000b300 (0xd03f2223) mem 0x8000c000 0x00000001
core   0: 0x8000b304 (0xff9ff06f) j       pc - 0x8
core   0: 3 0x8000b304 (0xff9ff06f)
core   0: 0x8000b2fc (0x00001f17) auipc   t5, 0x1
core   0: 3 0x8000b2fc (0x00001f17) x30 0x8000c2fc
core   0: 0x8000b300 (0xd03f2223) sw      gp, -764(t5)
core   0: 3 0x8000b300 (0xd03f2223) mem 0x8000c000 0x00000001
core   0: 0x8000b304 (0xff9ff06f) j       pc - 0x8
core   0: 3 0x8000b304 (0xff9ff06f)
core   0: 0x8000b2fc (0x00001f17) auipc   t5, 0x1
core   0: 3 0x8000b2fc (0x00001f17) x30 0x8000c2fc
core   0: 0x8000b300 (0xd03f2223) sw      gp, -764(t5)
core   0: 3 0x8000b300 (0xd03f2223) mem 0x8000c000 0x00000001
core   0: 0x8000b304 (0xff9ff06f) j       pc - 0x8
core   0: 3 0x8000b304 (0xff9ff06f)
core   0: 0x8000b2fc (0x00001f17) auipc   t5, 0x1
core   0: 3 0x8000b2fc (0x00001f17) x30 0x8000c2fc
core   0: 0x8000b300 (0xd03f2223) sw      gp, -764(t5)
core   0: 3 0x8000b300 (0xd03f2223) mem 0x8000c000 0x00000001
core   0: 0x8000b304 (0xff9ff06f) j       pc - 0x8
core   0: 3 0x8000b304 (0xff9ff06f)
core   0: 0x8000b2fc (0x00001f17) auipc   t5, 0x1
core   0: 3 0x8000b2fc (0x00001f17) x30 0x8000c2fc
core   0: 0x8000b300 (0xd03f2223) sw      gp, -764(t5)
core   0: 3 0x8000b300 (0xd03f2223) mem 0x8000c000 0x00000001
core   0: 0x8000b304 (0xff9ff06f) j       pc - 0x8
core   0: 3 0x8000b304 (0xff9ff06f)
core   0: 0x8000b2fc (0x00001f17) auipc   t5, 0x1
core   0: 3 0x8000b2fc (0x00001f17) x30 0x8000c2fc
core   0: 0x8000b300 (0xd03f2223) sw      gp, -764(t5)
core   0: 3 0x8000b300 (0xd03f2223) mem 0x8000c000 0x00000001
core   0: 0x8000b304 (0xff9ff06f) j       pc - 0x8
core   0: 3 0x8000b304 (0xff9ff06f)
core   0: 0x8000b2fc (0x00001f17) auipc   t5, 0x1
core   0: 3 0x8000b2fc (0x00001f17) x30 0x8000c2fc
core   0: 0x8000b300 (0xd03f2223) sw      gp, -764(t5)
core   0: 3 0x8000b300 (0xd03f2223) mem 0x8000c000 0x00000001
core   0: 0x8000b304 (0xff9ff06f) j       pc - 0x8
core   0: 3 0x8000b304 (0xff9ff06f)
core   0: 0x8000b2fc (0x00001f17) auipc   t5, 0x1
core   0: 3 0x8000b2fc (0x00001f17) x30 0x8000c2fc
core   0: 0x8000b300 (0xd03f2223) sw      gp, -764(t5)
core   0: 3 0x8000b300 (0xd03f2223) mem 0x8000c000 0x00000001
core   0: 0x8000b304 (0xff9ff06f) j       pc - 0x8
core   0: 3 0x8000b304 (0xff9ff06f)
core   0: 0x8000b2fc (0x00001f17) auipc   t5, 0x1
core   0: 3 0x8000b2fc (0x00001f17) x30 0x8000c2fc
core   0: 0x8000b300 (0xd03f2223) sw      gp, -764(t5)
core   0: 3 0x8000b300 (0xd03f2223) mem 0x8000c000 0x00000001
core   0: 0x8000b304 (0xff9ff06f) j       pc - 0x8
core   0: 3 0x8000b304 (0xff9ff06f)
core   0: 0x8000b2fc (0x00001f17) auipc   t5, 0x1
core   0: 3 0x8000b2fc (0x00001f17) x30 0x8000c2fc
core   0: 0x8000b300 (0xd03f2223) sw      gp, -764(t5)
core   0: 3 0x8000b300 (0xd03f2223) mem 0x8000c000 0x00000001
core   0: 0x8000b304 (0xff9ff06f) j       pc - 0x8
core   0: 3 0x8000b304 (0xff9ff06f)
core   0: 0x8000b2fc (0x00001f17) auipc   t5, 0x1
core   0: 3 0x8000b2fc (0x00001f17) x30 0x8000c2fc
core   0: 0x8000b300 (0xd03f2223) sw      gp, -764(t5)
core   0: 3 0x8000b300 (0xd03f2223) mem 0x8000c000 0x00000001
core   0: 0x8000b304 (0xff9ff06f) j       pc - 0x8
core   0: 3 0x8000b304 (0xff9ff06f)
core   0: 0x8000b2fc (0x00001f17) auipc   t5, 0x1
core   0: 3 0x8000b2fc (0x00001f17) x30 0x8000c2fc
core   0: 0x8000b300 (0xd03f2223) sw      gp, -764(t5)
core   0: 3 0x8000b300 (0xd03f2223) mem 0x8000c000 0x00000001
core   0: 0x8000b304 (0xff9ff06f) j       pc - 0x8
core   0: 3 0x8000b304 (0xff9ff06f)
core   0: 0x8000b2fc (0x00001f17) auipc   t5, 0x1
core   0: 3 0x8000b2fc (0x00001f17) x30 0x8000c2fc
core   0: 0x8000b300 (0xd03f2223) sw      gp, -764(t5)
core   0: 3 0x8000b300 (0xd03f2223) mem 0x8000c000 0x00000001
core   0: 0x8000b304 (0xff9ff06f) j       pc - 0x8
core   0: 3 0x8000b304 (0xff9ff06f)
core   0: 0x8000b2fc (0x00001f17) auipc   t5, 0x1
core   0: 3 0x8000b2fc (0x00001f17) x30 0x8000c2fc
core   0: 0x8000b300 (0xd03f2223) sw      gp, -764(t5)
core   0: 3 0x8000b300 (0xd03f2223) mem 0x8000c000 0x00000001
core   0: 0x8000b304 (0xff9ff06f) j       pc - 0x8
core   0: 3 0x8000b304 (0xff9ff06f)
core   0: 0x8000b2fc (0x00001f17) auipc   t5, 0x1
core   0: 3 0x8000b2fc (0x00001f17) x30 0x8000c2fc
core   0: 0x8000b300 (0xd03f2223) sw      gp, -764(t5)
core   0: 3 0x8000b300 (0xd03f2223) mem 0x8000c000 0x00000001
core   0: 0x8000b304 (0xff9ff06f) j       pc - 0x8
core   0: 3 0x8000b304 (0xff9ff06f)
core   0: 0x8000b2fc (0x00001f17) auipc   t5, 0x1
core   0: 3 0x8000b2fc (0x00001f17) x30 0x8000c2fc
core   0: 0x8000b300 (0xd03f2223) sw      gp, -764(t5)
core   0: 3 0x8000b300 (0xd03f2223) mem 0x8000c000 0x00000001
core   0: 0x8000b304 (0xff9ff06f) j       pc - 0x8
core   0: 3 0x8000b304 (0xff9ff06f)
core   0: 0x8000b2fc (0x00001f17) auipc   t5, 0x1
core   0: 3 0x8000b2fc (0x00001f17) x30 0x8000c2fc
core   0: 0x8000b300 (0xd03f2223) sw      gp, -764(t5)
core   0: 3 0x8000b300 (0xd03f2223) mem 0x8000c000 0x00000001
core   0: 0x8000b304 (0xff9ff06f) j       pc - 0x8
core   0: 3 0x8000b304 (0xff9ff06f)
core   0: 0x8000b2fc (0x00001f17) auipc   t5, 0x1
core   0: 3 0x8000b2fc (0x00001f17) x30 0x8000c2fc
core   0: 0x8000b300 (0xd03f2223) sw      gp, -764(t5)
core   0: 3 0x8000b300 (0xd03f2223) mem 0x8000c000 0x00000001
core   0: 0x8000b304 (0xff9ff06f) j       pc - 0x8
core   0: 3 0x8000b304 (0xff9ff06f)
core   0: 0x8000b2fc (0x00001f17) auipc   t5, 0x1
core   0: 3 0x8000b2fc (0x00001f17) x30 0x8000c2fc
core   0: 0x8000b300 (0xd03f2223) sw      gp, -764(t5)
core   0: 3 0x8000b300 (0xd03f2223) mem 0x8000c000 0x00000001
core   0: 0x8000b304 (0xff9ff06f) j       pc - 0x8
core   0: 3 0x8000b304 (0xff9ff06f)
core   0: 0x8000b2fc (0x00001f17) auipc   t5, 0x1
core   0: 3 0x8000b2fc (0x00001f17) x30 0x8000c2fc
core   0: 0x8000b300 (0xd03f2223) sw      gp, -764(t5)
core   0: 3 0x8000b300 (0xd03f2223) mem 0x8000c000 0x00000001
core   0: 0x8000b304 (0xff9ff06f) j       pc - 0x8
core   0: 3 0x8000b304 (0xff9ff06f)
core   0: 0x8000b2fc (0x00001f17) auipc   t5, 0x1
core   0: 3 0x8000b2fc (0x00001f17) x30 0x8000c2fc
core   0: 0x8000b300 (0xd03f2223) sw      gp, -764(t5)
core   0: 3 0x8000b300 (0xd03f2223) mem 0x8000c000 0x00000001
core   0: 0x8000b304 (0xff9ff06f) j       pc - 0x8
core   0: 3 0x8000b304 (0xff9ff06f)
core   0: 0x8000b2fc (0x00001f17) auipc   t5, 0x1
core   0: 3 0x8000b2fc (0x00001f17) x30 0x8000c2fc
core   0: 0x8000b300 (0xd03f2223) sw      gp, -764(t5)
core   0: 3 0x8000b300 (0xd03f2223) mem 0x8000c000 0x00000001
core   0: 0x8000b304 (0xff9ff06f) j       pc - 0x8
core   0: 3 0x8000b304 (0xff9ff06f)
core   0: 0x8000b2fc (0x00001f17) auipc   t5, 0x1
core   0: 3 0x8000b2fc (0x00001f17) x30 0x8000c2fc
core   0: 0x8000b300 (0xd03f2223) sw      gp, -764(t5)
core   0: 3 0x8000b300 (0xd03f2223) mem 0x8000c000 0x00000001
core   0: 0x8000b304 (0xff9ff06f) j       pc - 0x8
core   0: 3 0x8000b304 (0xff9ff06f)
core   0: 0x8000b2fc (0x00001f17) auipc   t5, 0x1
core   0: 3 0x8000b2fc (0x00001f17) x30 0x8000c2fc
core   0: 0x8000b300 (0xd03f2223) sw      gp, -764(t5)
core   0: 3 0x8000b300 (0xd03f2223) mem 0x8000c000 0x00000001
core   0: 0x8000b304 (0xff9ff06f) j       pc - 0x8
core   0: 3 0x8000b304 (0xff9ff06f)
core   0: 0x8000b2fc (0x00001f17) auipc   t5, 0x1
core   0: 3 0x8000b2fc (0x00001f17) x30 0x8000c2fc
core   0: 0x8000b300 (0xd03f2223) sw      gp, -764(t5)
core   0: 3 0x8000b300 (0xd03f2223) mem 0x8000c000 0x00000001
core   0: 0x8000b304 (0xff9ff06f) j       pc - 0x8
core   0: 3 0x8000b304 (0xff9ff06f)
core   0: 0x8000b2fc (0x00001f17) auipc   t5, 0x1
core   0: 3 0x8000b2fc (0x00001f17) x30 0x8000c2fc
core   0: 0x8000b300 (0xd03f2223) sw      gp, -764(t5)
core   0: 3 0x8000b300 (0xd03f2223) mem 0x8000c000 0x00000001
core   0: 0x8000b304 (0xff9ff06f) j       pc - 0x8
core   0: 3 0x8000b304 (0xff9ff06f)
core   0: 0x8000b2fc (0x00001f17) auipc   t5, 0x1
core   0: 3 0x8000b2fc (0x00001f17) x30 0x8000c2fc
core   0: 0x8000b300 (0xd03f2223) sw      gp, -764(t5)
core   0: 3 0x8000b300 (0xd03f2223) mem 0x8000c000 0x00000001
core   0: 0x8000b304 (0xff9ff06f) j       pc - 0x8
core   0: 3 0x8000b304 (0xff9ff06f)
core   0: 0x8000b2fc (0x00001f17) auipc   t5, 0x1
core   0: 3 0x8000b2fc (0x00001f17) x30 0x8000c2fc
core   0: 0x8000b300 (0xd03f2223) sw      gp, -764(t5)
core   0: 3 0x8000b300 (0xd03f2223) mem 0x8000c000 0x00000001
core   0: 0x8000b304 (0xff9ff06f) j       pc - 0x8
core   0: 3 0x8000b304 (0xff9ff06f)
core   0: 0x8000b2fc (0x00001f17) auipc   t5, 0x1
core   0: 3 0x8000b2fc (0x00001f17) x30 0x8000c2fc
core   0: 0x8000b300 (0xd03f2223) sw      gp, -764(t5)
core   0: 3 0x8000b300 (0xd03f2223) mem 0x8000c000 0x00000001
core   0: 0x8000b304 (0xff9ff06f) j       pc - 0x8
core   0: 3 0x8000b304 (0xff9ff06f)
core   0: 0x8000b2fc (0x00001f17) auipc   t5, 0x1
core   0: 3 0x8000b2fc (0x00001f17) x30 0x8000c2fc
core   0: 0x8000b300 (0xd03f2223) sw      gp, -764(t5)
core   0: 3 0x8000b300 (0xd03f2223) mem 0x8000c000 0x00000001
core   0: 0x8000b304 (0xff9ff06f) j       pc - 0x8
core   0: 3 0x8000b304 (0xff9ff06f)
core   0: 0x8000b2fc (0x00001f17) auipc   t5, 0x1
core   0: 3 0x8000b2fc (0x00001f17) x30 0x8000c2fc
core   0: 0x8000b300 (0xd03f2223) sw      gp, -764(t5)
core   0: 3 0x8000b300 (0xd03f2223) mem 0x8000c000 0x00000001
core   0: 0x8000b304 (0xff9ff06f) j       pc - 0x8
core   0: 3 0x8000b304 (0xff9ff06f)
core   0: 0x8000b2fc (0x00001f17) auipc   t5, 0x1
core   0: 3 0x8000b2fc (0x00001f17) x30 0x8000c2fc
core   0: 0x8000b300 (0xd03f2223) sw      gp, -764(t5)
core   0: 3 0x8000b300 (0xd03f2223) mem 0x8000c000 0x00000001
core   0: 0x8000b304 (0xff9ff06f) j       pc - 0x8
core   0: 3 0x8000b304 (0xff9ff06f)
core   0: 0x8000b2fc (0x00001f17) auipc   t5, 0x1
core   0: 3 0x8000b2fc (0x00001f17) x30 0x8000c2fc
core   0: 0x8000b300 (0xd03f2223) sw      gp, -764(t5)
core   0: 3 0x8000b300 (0xd03f2223) mem 0x8000c000 0x00000001
core   0: 0x8000b304 (0xff9ff06f) j       pc - 0x8
core   0: 3 0x8000b304 (0xff9ff06f)
core   0: 0x8000b2fc (0x00001f17) auipc   t5, 0x1
core   0: 3 0x8000b2fc (0x00001f17) x30 0x8000c2fc
core   0: 0x8000b300 (0xd03f2223) sw      gp, -764(t5)
core   0: 3 0x8000b300 (0xd03f2223) mem 0x8000c000 0x00000001
core   0: 0x8000b304 (0xff9ff06f) j       pc - 0x8
core   0: 3 0x8000b304 (0xff9ff06f)
core   0: 0x8000b2fc (0x00001f17) auipc   t5, 0x1
core   0: 3 0x8000b2fc (0x00001f17) x30 0x8000c2fc
core   0: 0x8000b300 (0xd03f2223) sw      gp, -764(t5)
core   0: 3 0x8000b300 (0xd03f2223) mem 0x8000c000 0x00000001
core   0: 0x8000b304 (0xff9ff06f) j       pc - 0x8
core   0: 3 0x8000b304 (0xff9ff06f)
core   0: 0x8000b2fc (0x00001f17) auipc   t5, 0x1
core   0: 3 0x8000b2fc (0x00001f17) x30 0x8000c2fc
core   0: 0x8000b300 (0xd03f2223) sw      gp, -764(t5)
core   0: 3 0x8000b300 (0xd03f2223) mem 0x8000c000 0x00000001
core   0: 0x8000b304 (0xff9ff06f) j       pc - 0x8
core   0: 3 0x8000b304 (0xff9ff06f)
core   0: 0x8000b2fc (0x00001f17) auipc   t5, 0x1
core   0: 3 0x8000b2fc (0x00001f17) x30 0x8000c2fc
core   0: 0x8000b300 (0xd03f2223) sw      gp, -764(t5)
core   0: 3 0x8000b300 (0xd03f2223) mem 0x8000c000 0x00000001
core   0: 0x8000b304 (0xff9ff06f) j       pc - 0x8
core   0: 3 0x8000b304 (0xff9ff06f)
core   0: 0x8000b2fc (0x00001f17) auipc   t5, 0x1
core   0: 3 0x8000b2fc (0x00001f17) x30 0x8000c2fc
core   0: 0x8000b300 (0xd03f2223) sw      gp, -764(t5)
core   0: 3 0x8000b300 (0xd03f2223) mem 0x8000c000 0x00000001
core   0: 0x8000b304 (0xff9ff06f) j       pc - 0x8
core   0: 3 0x8000b304 (0xff9ff06f)
core   0: 0x8000b2fc (0x00001f17) auipc   t5, 0x1
core   0: 3 0x8000b2fc (0x00001f17) x30 0x8000c2fc
core   0: 0x8000b300 (0xd03f2223) sw      gp, -764(t5)
core   0: 3 0x8000b300 (0xd03f2223) mem 0x8000c000 0x00000001
core   0: 0x8000b304 (0xff9ff06f) j       pc - 0x8
core   0: 3 0x8000b304 (0xff9ff06f)
core   0: 0x8000b2fc (0x00001f17) auipc   t5, 0x1
core   0: 3 0x8000b2fc (0x00001f17) x30 0x8000c2fc
core   0: 0x8000b300 (0xd03f2223) sw      gp, -764(t5)
core   0: 3 0x8000b300 (0xd03f2223) mem 0x8000c000 0x00000001
core   0: 0x8000b304 (0xff9ff06f) j       pc - 0x8
core   0: 3 0x8000b304 (0xff9ff06f)
core   0: 0x8000b2fc (0x00001f17) auipc   t5, 0x1
core   0: 3 0x8000b2fc (0x00001f17) x30 0x8000c2fc
core   0: 0x8000b300 (0xd03f2223) sw      gp, -764(t5)
core   0: 3 0x8000b300 (0xd03f2223) mem 0x8000c000 0x00000001
core   0: 0x8000b304 (0xff9ff06f) j       pc - 0x8
core   0: 3 0x8000b304 (0xff9ff06f)
core   0: 0x8000b2fc (0x00001f17) auipc   t5, 0x1
core   0: 3 0x8000b2fc (0x00001f17) x30 0x8000c2fc
core   0: 0x8000b300 (0xd03f2223) sw      gp, -764(t5)
core   0: 3 0x8000b300 (0xd03f2223) mem 0x8000c000 0x00000001
core   0: 0x8000b304 (0xff9ff06f) j       pc - 0x8
core   0: 3 0x8000b304 (0xff9ff06f)
core   0: 0x8000b2fc (0x00001f17) auipc   t5, 0x1
core   0: 3 0x8000b2fc (0x00001f17) x30 0x8000c2fc
core   0: 0x8000b300 (0xd03f2223) sw      gp, -764(t5)
core   0: 3 0x8000b300 (0xd03f2223) mem 0x8000c000 0x00000001
core   0: 0x8000b304 (0xff9ff06f) j       pc - 0x8
core   0: 3 0x8000b304 (0xff9ff06f)
core   0: 0x8000b2fc (0x00001f17) auipc   t5, 0x1
core   0: 3 0x8000b2fc (0x00001f17) x30 0x8000c2fc
core   0: 0x8000b300 (0xd03f2223) sw      gp, -764(t5)
core   0: 3 0x8000b300 (0xd03f2223) mem 0x8000c000 0x00000001
core   0: 0x8000b304 (0xff9ff06f) j       pc - 0x8
core   0: 3 0x8000b304 (0xff9ff06f)
core   0: 0x8000b2fc (0x00001f17) auipc   t5, 0x1
core   0: 3 0x8000b2fc (0x00001f17) x30 0x8000c2fc
core   0: 0x8000b300 (0xd03f2223) sw      gp, -764(t5)
core   0: 3 0x8000b300 (0xd03f2223) mem 0x8000c000 0x00000001
core   0: 0x8000b304 (0xff9ff06f) j       pc - 0x8
core   0: 3 0x8000b304 (0xff9ff06f)
core   0: 0x8000b2fc (0x00001f17) auipc   t5, 0x1
core   0: 3 0x8000b2fc (0x00001f17) x30 0x8000c2fc
core   0: 0x8000b300 (0xd03f2223) sw      gp, -764(t5)
core   0: 3 0x8000b300 (0xd03f2223) mem 0x8000c000 0x00000001
core   0: 0x8000b304 (0xff9ff06f) j       pc - 0x8
core   0: 3 0x8000b304 (0xff9ff06f)
core   0: 0x8000b2fc (0x00001f17) auipc   t5, 0x1
core   0: 3 0x8000b2fc (0x00001f17) x30 0x8000c2fc
core   0: 0x8000b300 (0xd03f2223) sw      gp, -764(t5)
core   0: 3 0x8000b300 (0xd03f2223) mem 0x8000c000 0x00000001
core   0: 0x8000b304 (0xff9ff06f) j       pc - 0x8
core   0: 3 0x8000b304 (0xff9ff06f)
core   0: 0x8000b2fc (0x00001f17) auipc   t5, 0x1
core   0: 3 0x8000b2fc (0x00001f17) x30 0x8000c2fc
core   0: 0x8000b300 (0xd03f2223) sw      gp, -764(t5)
core   0: 3 0x8000b300 (0xd03f2223) mem 0x8000c000 0x00000001
core   0: 0x8000b304 (0xff9ff06f) j       pc - 0x8
core   0: 3 0x8000b304 (0xff9ff06f)
core   0: 0x8000b2fc (0x00001f17) auipc   t5, 0x1
core   0: 3 0x8000b2fc (0x00001f17) x30 0x8000c2fc
core   0: 0x8000b300 (0xd03f2223) sw      gp, -764(t5)
core   0: 3 0x8000b300 (0xd03f2223) mem 0x8000c000 0x00000001
core   0: 0x8000b304 (0xff9ff06f) j       pc - 0x8
core   0: 3 0x8000b304 (0xff9ff06f)
core   0: 0x8000b2fc (0x00001f17) auipc   t5, 0x1
core   0: 3 0x8000b2fc (0x00001f17) x30 0x8000c2fc
core   0: 0x8000b300 (0xd03f2223) sw      gp, -764(t5)
core   0: 3 0x8000b300 (0xd03f2223) mem 0x8000c000 0x00000001
core   0: 0x8000b304 (0xff9ff06f) j       pc - 0x8
core   0: 3 0x8000b304 (0xff9ff06f)
core   0: 0x8000b2fc (0x00001f17) auipc   t5, 0x1
core   0: 3 0x8000b2fc (0x00001f17) x30 0x8000c2fc
core   0: 0x8000b300 (0xd03f2223) sw      gp, -764(t5)
core   0: 3 0x8000b300 (0xd03f2223) mem 0x8000c000 0x00000001
core   0: 0x8000b304 (0xff9ff06f) j       pc - 0x8
core   0: 3 0x8000b304 (0xff9ff06f)
core   0: 0x8000b2fc (0x00001f17) auipc   t5, 0x1
core   0: 3 0x8000b2fc (0x00001f17) x30 0x8000c2fc
core   0: 0x8000b300 (0xd03f2223) sw      gp, -764(t5)
core   0: 3 0x8000b300 (0xd03f2223) mem 0x8000c000 0x00000001
core   0: 0x8000b304 (0xff9ff06f) j       pc - 0x8
core   0: 3 0x8000b304 (0xff9ff06f)
core   0: 0x8000b2fc (0x00001f17) auipc   t5, 0x1
core   0: 3 0x8000b2fc (0x00001f17) x30 0x8000c2fc
core   0: 0x8000b300 (0xd03f2223) sw      gp, -764(t5)
core   0: 3 0x8000b300 (0xd03f2223) mem 0x8000c000 0x00000001
core   0: 0x8000b304 (0xff9ff06f) j       pc - 0x8
core   0: 3 0x8000b304 (0xff9ff06f)
core   0: 0x8000b2fc (0x00001f17) auipc   t5, 0x1
core   0: 3 0x8000b2fc (0x00001f17) x30 0x8000c2fc
core   0: 0x8000b300 (0xd03f2223) sw      gp, -764(t5)
core   0: 3 0x8000b300 (0xd03f2223) mem 0x8000c000 0x00000001
core   0: 0x8000b304 (0xff9ff06f) j       pc - 0x8
core   0: 3 0x8000b304 (0xff9ff06f)
core   0: 0x8000b2fc (0x00001f17) auipc   t5, 0x1
core   0: 3 0x8000b2fc (0x00001f17) x30 0x8000c2fc
core   0: 0x8000b300 (0xd03f2223) sw      gp, -764(t5)
core   0: 3 0x8000b300 (0xd03f2223) mem 0x8000c000 0x00000001
core   0: 0x8000b304 (0xff9ff06f) j       pc - 0x8
core   0: 3 0x8000b304 (0xff9ff06f)
core   0: 0x8000b2fc (0x00001f17) auipc   t5, 0x1
core   0: 3 0x8000b2fc (0x00001f17) x30 0x8000c2fc
core   0: 0x8000b300 (0xd03f2223) sw      gp, -764(t5)
core   0: 3 0x8000b300 (0xd03f2223) mem 0x8000c000 0x00000001
core   0: 0x8000b304 (0xff9ff06f) j       pc - 0x8
core   0: 3 0x8000b304 (0xff9ff06f)
core   0: 0x8000b2fc (0x00001f17) auipc   t5, 0x1
core   0: 3 0x8000b2fc (0x00001f17) x30 0x8000c2fc
core   0: 0x8000b300 (0xd03f2223) sw      gp, -764(t5)
core   0: 3 0x8000b300 (0xd03f2223) mem 0x8000c000 0x00000001
core   0: 0x8000b304 (0xff9ff06f) j       pc - 0x8
core   0: 3 0x8000b304 (0xff9ff06f)
core   0: 0x8000b2fc (0x00001f17) auipc   t5, 0x1
core   0: 3 0x8000b2fc (0x00001f17) x30 0x8000c2fc
core   0: 0x8000b300 (0xd03f2223) sw      gp, -764(t5)
core   0: 3 0x8000b300 (0xd03f2223) mem 0x8000c000 0x00000001
core   0: 0x8000b304 (0xff9ff06f) j       pc - 0x8
core   0: 3 0x8000b304 (0xff9ff06f)
core   0: 0x8000b2fc (0x00001f17) auipc   t5, 0x1
core   0: 3 0x8000b2fc (0x00001f17) x30 0x8000c2fc
core   0: 0x8000b300 (0xd03f2223) sw      gp, -764(t5)
core   0: 3 0x8000b300 (0xd03f2223) mem 0x8000c000 0x00000001
core   0: 0x8000b304 (0xff9ff06f) j       pc - 0x8
core   0: 3 0x8000b304 (0xff9ff06f)
core   0: 0x8000b2fc (0x00001f17) auipc   t5, 0x1
core   0: 3 0x8000b2fc (0x00001f17) x30 0x8000c2fc
core   0: 0x8000b300 (0xd03f2223) sw      gp, -764(t5)
core   0: 3 0x8000b300 (0xd03f2223) mem 0x8000c000 0x00000001
core   0: 0x8000b304 (0xff9ff06f) j       pc - 0x8
core   0: 3 0x8000b304 (0xff9ff06f)
core   0: 0x8000b2fc (0x00001f17) auipc   t5, 0x1
core   0: 3 0x8000b2fc (0x00001f17) x30 0x8000c2fc
core   0: 0x8000b300 (0xd03f2223) sw      gp, -764(t5)
core   0: 3 0x8000b300 (0xd03f2223) mem 0x8000c000 0x00000001
core   0: 0x8000b304 (0xff9ff06f) j       pc - 0x8
core   0: 3 0x8000b304 (0xff9ff06f)
core   0: 0x8000b2fc (0x00001f17) auipc   t5, 0x1
core   0: 3 0x8000b2fc (0x00001f17) x30 0x8000c2fc
core   0: 0x8000b300 (0xd03f2223) sw      gp, -764(t5)
core   0: 3 0x8000b300 (0xd03f2223) mem 0x8000c000 0x00000001
core   0: 0x8000b304 (0xff9ff06f) j       pc - 0x8
core   0: 3 0x8000b304 (0xff9ff06f)
core   0: 0x8000b2fc (0x00001f17) auipc   t5, 0x1
core   0: 3 0x8000b2fc (0x00001f17) x30 0x8000c2fc
core   0: 0x8000b300 (0xd03f2223) sw      gp, -764(t5)
core   0: 3 0x8000b300 (0xd03f2223) mem 0x8000c000 0x00000001
core   0: 0x8000b304 (0xff9ff06f) j       pc - 0x8
core   0: 3 0x8000b304 (0xff9ff06f)
core   0: 0x8000b2fc (0x00001f17) auipc   t5, 0x1
core   0: 3 0x8000b2fc (0x00001f17) x30 0x8000c2fc
core   0: 0x8000b300 (0xd03f2223) sw      gp, -764(t5)
core   0: 3 0x8000b300 (0xd03f2223) mem 0x8000c000 0x00000001
core   0: 0x8000b304 (0xff9ff06f) j       pc - 0x8
core   0: 3 0x8000b304 (0xff9ff06f)
core   0: 0x8000b2fc (0x00001f17) auipc   t5, 0x1
core   0: 3 0x8000b2fc (0x00001f17) x30 0x8000c2fc
core   0: 0x8000b300 (0xd03f2223) sw      gp, -764(t5)
core   0: 3 0x8000b300 (0xd03f2223) mem 0x8000c000 0x00000001
core   0: 0x8000b304 (0xff9ff06f) j       pc - 0x8
core   0: 3 0x8000b304 (0xff9ff06f)
core   0: 0x8000b2fc (0x00001f17) auipc   t5, 0x1
core   0: 3 0x8000b2fc (0x00001f17) x30 0x8000c2fc
core   0: 0x8000b300 (0xd03f2223) sw      gp, -764(t5)
core   0: 3 0x8000b300 (0xd03f2223) mem 0x8000c000 0x00000001
core   0: 0x8000b304 (0xff9ff06f) j       pc - 0x8
core   0: 3 0x8000b304 (0xff9ff06f)
core   0: 0x8000b2fc (0x00001f17) auipc   t5, 0x1
core   0: 3 0x8000b2fc (0x00001f17) x30 0x8000c2fc
core   0: 0x8000b300 (0xd03f2223) sw      gp, -764(t5)
core   0: 3 0x8000b300 (0xd03f2223) mem 0x8000c000 0x00000001
core   0: 0x8000b304 (0xff9ff06f) j       pc - 0x8
core   0: 3 0x8000b304 (0xff9ff06f)
core   0: 0x8000b2fc (0x00001f17) auipc   t5, 0x1
core   0: 3 0x8000b2fc (0x00001f17) x30 0x8000c2fc
core   0: 0x8000b300 (0xd03f2223) sw      gp, -764(t5)
core   0: 3 0x8000b300 (0xd03f2223) mem 0x8000c000 0x00000001
core   0: 0x8000b304 (0xff9ff06f) j       pc - 0x8
core   0: 3 0x8000b304 (0xff9ff06f)
core   0: 0x8000b2fc (0x00001f17) auipc   t5, 0x1
core   0: 3 0x8000b2fc (0x00001f17) x30 0x8000c2fc
core   0: 0x8000b300 (0xd03f2223) sw      gp, -764(t5)
core   0: 3 0x8000b300 (0xd03f2223) mem 0x8000c000 0x00000001
core   0: 0x8000b304 (0xff9ff06f) j       pc - 0x8
core   0: 3 0x8000b304 (0xff9ff06f)
core   0: 0x8000b2fc (0x00001f17) auipc   t5, 0x1
core   0: 3 0x8000b2fc (0x00001f17) x30 0x8000c2fc
core   0: 0x8000b300 (0xd03f2223) sw      gp, -764(t5)
core   0: 3 0x8000b300 (0xd03f2223) mem 0x8000c000 0x00000001
core   0: 0x8000b304 (0xff9ff06f) j       pc - 0x8
core   0: 3 0x8000b304 (0xff9ff06f)
core   0: 0x8000b2fc (0x00001f17) auipc   t5, 0x1
core   0: 3 0x8000b2fc (0x00001f17) x30 0x8000c2fc
core   0: 0x8000b300 (0xd03f2223) sw      gp, -764(t5)
core   0: 3 0x8000b300 (0xd03f2223) mem 0x8000c000 0x00000001
core   0: 0x8000b304 (0xff9ff06f) j       pc - 0x8
core   0: 3 0x8000b304 (0xff9ff06f)
core   0: 0x8000b2fc (0x00001f17) auipc   t5, 0x1
core   0: 3 0x8000b2fc (0x00001f17) x30 0x8000c2fc
core   0: 0x8000b300 (0xd03f2223) sw      gp, -764(t5)
core   0: 3 0x8000b300 (0xd03f2223) mem 0x8000c000 0x00000001
core   0: 0x8000b304 (0xff9ff06f) j       pc - 0x8
core   0: 3 0x8000b304 (0xff9ff06f)
core   0: 0x8000b2fc (0x00001f17) auipc   t5, 0x1
core   0: 3 0x8000b2fc (0x00001f17) x30 0x8000c2fc
core   0: 0x8000b300 (0xd03f2223) sw      gp, -764(t5)
core   0: 3 0x8000b300 (0xd03f2223) mem 0x8000c000 0x00000001
core   0: 0x8000b304 (0xff9ff06f) j       pc - 0x8
core   0: 3 0x8000b304 (0xff9ff06f)
core   0: 0x8000b2fc (0x00001f17) auipc   t5, 0x1
core   0: 3 0x8000b2fc (0x00001f17) x30 0x8000c2fc
core   0: 0x8000b300 (0xd03f2223) sw      gp, -764(t5)
core   0: 3 0x8000b300 (0xd03f2223) mem 0x8000c000 0x00000001
core   0: 0x8000b304 (0xff9ff06f) j       pc - 0x8
core   0: 3 0x8000b304 (0xff9ff06f)
core   0: 0x8000b2fc (0x00001f17) auipc   t5, 0x1
core   0: 3 0x8000b2fc (0x00001f17) x30 0x8000c2fc
core   0: 0x8000b300 (0xd03f2223) sw      gp, -764(t5)
core   0: 3 0x8000b300 (0xd03f2223) mem 0x8000c000 0x00000001
core   0: 0x8000b304 (0xff9ff06f) j       pc - 0x8
core   0: 3 0x8000b304 (0xff9ff06f)
core   0: 0x8000b2fc (0x00001f17) auipc   t5, 0x1
core   0: 3 0x8000b2fc (0x00001f17) x30 0x8000c2fc
core   0: 0x8000b300 (0xd03f2223) sw      gp, -764(t5)
core   0: 3 0x8000b300 (0xd03f2223) mem 0x8000c000 0x00000001
core   0: 0x8000b304 (0xff9ff06f) j       pc - 0x8
core   0: 3 0x8000b304 (0xff9ff06f)
core   0: 0x8000b2fc (0x00001f17) auipc   t5, 0x1
core   0: 3 0x8000b2fc (0x00001f17) x30 0x8000c2fc
core   0: 0x8000b300 (0xd03f2223) sw      gp, -764(t5)
core   0: 3 0x8000b300 (0xd03f2223) mem 0x8000c000 0x00000001
core   0: 0x8000b304 (0xff9ff06f) j       pc - 0x8
core   0: 3 0x8000b304 (0xff9ff06f)
core   0: 0x8000b2fc (0x00001f17) auipc   t5, 0x1
core   0: 3 0x8000b2fc (0x00001f17) x30 0x8000c2fc
core   0: 0x8000b300 (0xd03f2223) sw      gp, -764(t5)
core   0: 3 0x8000b300 (0xd03f2223) mem 0x8000c000 0x00000001
core   0: 0x8000b304 (0xff9ff06f) j       pc - 0x8
core   0: 3 0x8000b304 (0xff9ff06f)
core   0: 0x8000b2fc (0x00001f17) auipc   t5, 0x1
core   0: 3 0x8000b2fc (0x00001f17) x30 0x8000c2fc
core   0: 0x8000b300 (0xd03f2223) sw      gp, -764(t5)
core   0: 3 0x8000b300 (0xd03f2223) mem 0x8000c000 0x00000001
core   0: 0x8000b304 (0xff9ff06f) j       pc - 0x8
core   0: 3 0x8000b304 (0xff9ff06f)
core   0: 0x8000b2fc (0x00001f17) auipc   t5, 0x1
core   0: 3 0x8000b2fc (0x00001f17) x30 0x8000c2fc
core   0: 0x8000b300 (0xd03f2223) sw      gp, -764(t5)
core   0: 3 0x8000b300 (0xd03f2223) mem 0x8000c000 0x00000001
core   0: 0x8000b304 (0xff9ff06f) j       pc - 0x8
core   0: 3 0x8000b304 (0xff9ff06f)
core   0: 0x8000b2fc (0x00001f17) auipc   t5, 0x1
core   0: 3 0x8000b2fc (0x00001f17) x30 0x8000c2fc
core   0: 0x8000b300 (0xd03f2223) sw      gp, -764(t5)
core   0: 3 0x8000b300 (0xd03f2223) mem 0x8000c000 0x00000001
core   0: 0x8000b304 (0xff9ff06f) j       pc - 0x8
core   0: 3 0x8000b304 (0xff9ff06f)
core   0: 0x8000b2fc (0x00001f17) auipc   t5, 0x1
core   0: 3 0x8000b2fc (0x00001f17) x30 0x8000c2fc
core   0: 0x8000b300 (0xd03f2223) sw      gp, -764(t5)
core   0: 3 0x8000b300 (0xd03f2223) mem 0x8000c000 0x00000001
core   0: 0x8000b304 (0xff9ff06f) j       pc - 0x8
core   0: 3 0x8000b304 (0xff9ff06f)
core   0: 0x8000b2fc (0x00001f17) auipc   t5, 0x1
core   0: 3 0x8000b2fc (0x00001f17) x30 0x8000c2fc
core   0: 0x8000b300 (0xd03f2223) sw      gp, -764(t5)
core   0: 3 0x8000b300 (0xd03f2223) mem 0x8000c000 0x00000001
core   0: 0x8000b304 (0xff9ff06f) j       pc - 0x8
core   0: 3 0x8000b304 (0xff9ff06f)
core   0: 0x8000b2fc (0x00001f17) auipc   t5, 0x1
core   0: 3 0x8000b2fc (0x00001f17) x30 0x8000c2fc
core   0: 0x8000b300 (0xd03f2223) sw      gp, -764(t5)
core   0: 3 0x8000b300 (0xd03f2223) mem 0x8000c000 0x00000001
core   0: 0x8000b304 (0xff9ff06f) j       pc - 0x8
core   0: 3 0x8000b304 (0xff9ff06f)
core   0: 0x8000b2fc (0x00001f17) auipc   t5, 0x1
core   0: 3 0x8000b2fc (0x00001f17) x30 0x8000c2fc
core   0: 0x8000b300 (0xd03f2223) sw      gp, -764(t5)
core   0: 3 0x8000b300 (0xd03f2223) mem 0x8000c000 0x00000001
core   0: 0x8000b304 (0xff9ff06f) j       pc - 0x8
core   0: 3 0x8000b304 (0xff9ff06f)
core   0: 0x8000b2fc (0x00001f17) auipc   t5, 0x1
core   0: 3 0x8000b2fc (0x00001f17) x30 0x8000c2fc
core   0: 0x8000b300 (0xd03f2223) sw      gp, -764(t5)
core   0: 3 0x8000b300 (0xd03f2223) mem 0x8000c000 0x00000001
core   0: 0x8000b304 (0xff9ff06f) j       pc - 0x8
core   0: 3 0x8000b304 (0xff9ff06f)
core   0: 0x8000b2fc (0x00001f17) auipc   t5, 0x1
core   0: 3 0x8000b2fc (0x00001f17) x30 0x8000c2fc
core   0: 0x8000b300 (0xd03f2223) sw      gp, -764(t5)
core   0: 3 0x8000b300 (0xd03f2223) mem 0x8000c000 0x00000001
core   0: 0x8000b304 (0xff9ff06f) j       pc - 0x8
core   0: 3 0x8000b304 (0xff9ff06f)
core   0: 0x8000b2fc (0x00001f17) auipc   t5, 0x1
core   0: 3 0x8000b2fc (0x00001f17) x30 0x8000c2fc
core   0: 0x8000b300 (0xd03f2223) sw      gp, -764(t5)
core   0: 3 0x8000b300 (0xd03f2223) mem 0x8000c000 0x00000001
core   0: 0x8000b304 (0xff9ff06f) j       pc - 0x8
core   0: 3 0x8000b304 (0xff9ff06f)
core   0: 0x8000b2fc (0x00001f17) auipc   t5, 0x1
core   0: 3 0x8000b2fc (0x00001f17) x30 0x8000c2fc
core   0: 0x8000b300 (0xd03f2223) sw      gp, -764(t5)
core   0: 3 0x8000b300 (0xd03f2223) mem 0x8000c000 0x00000001
core   0: 0x8000b304 (0xff9ff06f) j       pc - 0x8
core   0: 3 0x8000b304 (0xff9ff06f)
core   0: 0x8000b2fc (0x00001f17) auipc   t5, 0x1
core   0: 3 0x8000b2fc (0x00001f17) x30 0x8000c2fc
core   0: 0x8000b300 (0xd03f2223) sw      gp, -764(t5)
core   0: 3 0x8000b300 (0xd03f2223) mem 0x8000c000 0x00000001
core   0: 0x8000b304 (0xff9ff06f) j       pc - 0x8
core   0: 3 0x8000b304 (0xff9ff06f)
core   0: 0x8000b2fc (0x00001f17) auipc   t5, 0x1
core   0: 3 0x8000b2fc (0x00001f17) x30 0x8000c2fc
core   0: 0x8000b300 (0xd03f2223) sw      gp, -764(t5)
core   0: 3 0x8000b300 (0xd03f2223) mem 0x8000c000 0x00000001
core   0: 0x8000b304 (0xff9ff06f) j       pc - 0x8
core   0: 3 0x8000b304 (0xff9ff06f)
core   0: 0x8000b2fc (0x00001f17) auipc   t5, 0x1
core   0: 3 0x8000b2fc (0x00001f17) x30 0x8000c2fc
core   0: 0x8000b300 (0xd03f2223) sw      gp, -764(t5)
core   0: 3 0x8000b300 (0xd03f2223) mem 0x8000c000 0x00000001
core   0: 0x8000b304 (0xff9ff06f) j       pc - 0x8
core   0: 3 0x8000b304 (0xff9ff06f)
core   0: 0x8000b2fc (0x00001f17) auipc   t5, 0x1
core   0: 3 0x8000b2fc (0x00001f17) x30 0x8000c2fc
core   0: 0x8000b300 (0xd03f2223) sw      gp, -764(t5)
core   0: 3 0x8000b300 (0xd03f2223) mem 0x8000c000 0x00000001
core   0: 0x8000b304 (0xff9ff06f) j       pc - 0x8
core   0: 3 0x8000b304 (0xff9ff06f)
core   0: 0x8000b2fc (0x00001f17) auipc   t5, 0x1
core   0: 3 0x8000b2fc (0x00001f17) x30 0x8000c2fc
core   0: 0x8000b300 (0xd03f2223) sw      gp, -764(t5)
core   0: 3 0x8000b300 (0xd03f2223) mem 0x8000c000 0x00000001
core   0: 0x8000b304 (0xff9ff06f) j       pc - 0x8
core   0: 3 0x8000b304 (0xff9ff06f)
core   0: 0x8000b2fc (0x00001f17) auipc   t5, 0x1
core   0: 3 0x8000b2fc (0x00001f17) x30 0x8000c2fc
core   0: 0x8000b300 (0xd03f2223) sw      gp, -764(t5)
core   0: 3 0x8000b300 (0xd03f2223) mem 0x8000c000 0x00000001
core   0: 0x8000b304 (0xff9ff06f) j       pc - 0x8
core   0: 3 0x8000b304 (0xff9ff06f)
core   0: 0x8000b2fc (0x00001f17) auipc   t5, 0x1
core   0: 3 0x8000b2fc (0x00001f17) x30 0x8000c2fc
core   0: 0x8000b300 (0xd03f2223) sw      gp, -764(t5)
core   0: 3 0x8000b300 (0xd03f2223) mem 0x8000c000 0x00000001
core   0: 0x8000b304 (0xff9ff06f) j       pc - 0x8
core   0: 3 0x8000b304 (0xff9ff06f)
core   0: 0x8000b2fc (0x00001f17) auipc   t5, 0x1
core   0: 3 0x8000b2fc (0x00001f17) x30 0x8000c2fc
core   0: 0x8000b300 (0xd03f2223) sw      gp, -764(t5)
core   0: 3 0x8000b300 (0xd03f2223) mem 0x8000c000 0x00000001
core   0: 0x8000b304 (0xff9ff06f) j       pc - 0x8
core   0: 3 0x8000b304 (0xff9ff06f)
core   0: 0x8000b2fc (0x00001f17) auipc   t5, 0x1
core   0: 3 0x8000b2fc (0x00001f17) x30 0x8000c2fc
core   0: 0x8000b300 (0xd03f2223) sw      gp, -764(t5)
core   0: 3 0x8000b300 (0xd03f2223) mem 0x8000c000 0x00000001
core   0: 0x8000b304 (0xff9ff06f) j       pc - 0x8
core   0: 3 0x8000b304 (0xff9ff06f)
core   0: 0x8000b2fc (0x00001f17) auipc   t5, 0x1
core   0: 3 0x8000b2fc (0x00001f17) x30 0x8000c2fc
core   0: 0x8000b300 (0xd03f2223) sw      gp, -764(t5)
core   0: 3 0x8000b300 (0xd03f2223) mem 0x8000c000 0x00000001
core   0: 0x8000b304 (0xff9ff06f) j       pc - 0x8
core   0: 3 0x8000b304 (0xff9ff06f)
core   0: 0x8000b2fc (0x00001f17) auipc   t5, 0x1
core   0: 3 0x8000b2fc (0x00001f17) x30 0x8000c2fc
core   0: 0x8000b300 (0xd03f2223) sw      gp, -764(t5)
core   0: 3 0x8000b300 (0xd03f2223) mem 0x8000c000 0x00000001
core   0: 0x8000b304 (0xff9ff06f) j       pc - 0x8
core   0: 3 0x8000b304 (0xff9ff06f)
core   0: 0x8000b2fc (0x00001f17) auipc   t5, 0x1
core   0: 3 0x8000b2fc (0x00001f17) x30 0x8000c2fc
core   0: 0x8000b300 (0xd03f2223) sw      gp, -764(t5)
core   0: 3 0x8000b300 (0xd03f2223) mem 0x8000c000 0x00000001
core   0: 0x8000b304 (0xff9ff06f) j       pc - 0x8
core   0: 3 0x8000b304 (0xff9ff06f)
core   0: 0x8000b2fc (0x00001f17) auipc   t5, 0x1
core   0: 3 0x8000b2fc (0x00001f17) x30 0x8000c2fc
core   0: 0x8000b300 (0xd03f2223) sw      gp, -764(t5)
core   0: 3 0x8000b300 (0xd03f2223) mem 0x8000c000 0x00000001
core   0: 0x8000b304 (0xff9ff06f) j       pc - 0x8
core   0: 3 0x8000b304 (0xff9ff06f)
core   0: 0x8000b2fc (0x00001f17) auipc   t5, 0x1
core   0: 3 0x8000b2fc (0x00001f17) x30 0x8000c2fc
core   0: 0x8000b300 (0xd03f2223) sw      gp, -764(t5)
core   0: 3 0x8000b300 (0xd03f2223) mem 0x8000c000 0x00000001
core   0: 0x8000b304 (0xff9ff06f) j       pc - 0x8
core   0: 3 0x8000b304 (0xff9ff06f)
core   0: 0x8000b2fc (0x00001f17) auipc   t5, 0x1
core   0: 3 0x8000b2fc (0x00001f17) x30 0x8000c2fc
core   0: 0x8000b300 (0xd03f2223) sw      gp, -764(t5)
core   0: 3 0x8000b300 (0xd03f2223) mem 0x8000c000 0x00000001
core   0: 0x8000b304 (0xff9ff06f) j       pc - 0x8
core   0: 3 0x8000b304 (0xff9ff06f)
core   0: 0x8000b2fc (0x00001f17) auipc   t5, 0x1
core   0: 3 0x8000b2fc (0x00001f17) x30 0x8000c2fc
core   0: 0x8000b300 (0xd03f2223) sw      gp, -764(t5)
core   0: 3 0x8000b300 (0xd03f2223) mem 0x8000c000 0x00000001
core   0: 0x8000b304 (0xff9ff06f) j       pc - 0x8
core   0: 3 0x8000b304 (0xff9ff06f)
core   0: 0x8000b2fc (0x00001f17) auipc   t5, 0x1
core   0: 3 0x8000b2fc (0x00001f17) x30 0x8000c2fc
core   0: 0x8000b300 (0xd03f2223) sw      gp, -764(t5)
core   0: 3 0x8000b300 (0xd03f2223) mem 0x8000c000 0x00000001
core   0: 0x8000b304 (0xff9ff06f) j       pc - 0x8
core   0: 3 0x8000b304 (0xff9ff06f)
core   0: 0x8000b2fc (0x00001f17) auipc   t5, 0x1
core   0: 3 0x8000b2fc (0x00001f17) x30 0x8000c2fc
core   0: 0x8000b300 (0xd03f2223) sw      gp, -764(t5)
core   0: 3 0x8000b300 (0xd03f2223) mem 0x8000c000 0x00000001
core   0: 0x8000b304 (0xff9ff06f) j       pc - 0x8
core   0: 3 0x8000b304 (0xff9ff06f)
core   0: 0x8000b2fc (0x00001f17) auipc   t5, 0x1
core   0: 3 0x8000b2fc (0x00001f17) x30 0x8000c2fc
core   0: 0x8000b300 (0xd03f2223) sw      gp, -764(t5)
core   0: 3 0x8000b300 (0xd03f2223) mem 0x8000c000 0x00000001
core   0: 0x8000b304 (0xff9ff06f) j       pc - 0x8
core   0: 3 0x8000b304 (0xff9ff06f)
core   0: 0x8000b2fc (0x00001f17) auipc   t5, 0x1
core   0: 3 0x8000b2fc (0x00001f17) x30 0x8000c2fc
core   0: 0x8000b300 (0xd03f2223) sw      gp, -764(t5)
core   0: 3 0x8000b300 (0xd03f2223) mem 0x8000c000 0x00000001
core   0: 0x8000b304 (0xff9ff06f) j       pc - 0x8
core   0: 3 0x8000b304 (0xff9ff06f)
core   0: 0x8000b2fc (0x00001f17) auipc   t5, 0x1
core   0: 3 0x8000b2fc (0x00001f17) x30 0x8000c2fc
core   0: 0x8000b300 (0xd03f2223) sw      gp, -764(t5)
core   0: 3 0x8000b300 (0xd03f2223) mem 0x8000c000 0x00000001
core   0: 0x8000b304 (0xff9ff06f) j       pc - 0x8
core   0: 3 0x8000b304 (0xff9ff06f)
core   0: 0x8000b2fc (0x00001f17) auipc   t5, 0x1
core   0: 3 0x8000b2fc (0x00001f17) x30 0x8000c2fc
core   0: 0x8000b300 (0xd03f2223) sw      gp, -764(t5)
core   0: 3 0x8000b300 (0xd03f2223) mem 0x8000c000 0x00000001
core   0: 0x8000b304 (0xff9ff06f) j       pc - 0x8
core   0: 3 0x8000b304 (0xff9ff06f)
core   0: 0x8000b2fc (0x00001f17) auipc   t5, 0x1
core   0: 3 0x8000b2fc (0x00001f17) x30 0x8000c2fc
core   0: 0x8000b300 (0xd03f2223) sw      gp, -764(t5)
core   0: 3 0x8000b300 (0xd03f2223) mem 0x8000c000 0x00000001
core   0: 0x8000b304 (0xff9ff06f) j       pc - 0x8
core   0: 3 0x8000b304 (0xff9ff06f)
core   0: 0x8000b2fc (0x00001f17) auipc   t5, 0x1
core   0: 3 0x8000b2fc (0x00001f17) x30 0x8000c2fc
core   0: 0x8000b300 (0xd03f2223) sw      gp, -764(t5)
core   0: 3 0x8000b300 (0xd03f2223) mem 0x8000c000 0x00000001
core   0: 0x8000b304 (0xff9ff06f) j       pc - 0x8
core   0: 3 0x8000b304 (0xff9ff06f)
core   0: 0x8000b2fc (0x00001f17) auipc   t5, 0x1
core   0: 3 0x8000b2fc (0x00001f17) x30 0x8000c2fc
core   0: 0x8000b300 (0xd03f2223) sw      gp, -764(t5)
core   0: 3 0x8000b300 (0xd03f2223) mem 0x8000c000 0x00000001
core   0: 0x8000b304 (0xff9ff06f) j       pc - 0x8
core   0: 3 0x8000b304 (0xff9ff06f)
core   0: 0x8000b2fc (0x00001f17) auipc   t5, 0x1
core   0: 3 0x8000b2fc (0x00001f17) x30 0x8000c2fc
core   0: 0x8000b300 (0xd03f2223) sw      gp, -764(t5)
core   0: 3 0x8000b300 (0xd03f2223) mem 0x8000c000 0x00000001
core   0: 0x8000b304 (0xff9ff06f) j       pc - 0x8
core   0: 3 0x8000b304 (0xff9ff06f)
core   0: 0x8000b2fc (0x00001f17) auipc   t5, 0x1
core   0: 3 0x8000b2fc (0x00001f17) x30 0x8000c2fc
core   0: 0x8000b300 (0xd03f2223) sw      gp, -764(t5)
core   0: 3 0x8000b300 (0xd03f2223) mem 0x8000c000 0x00000001
core   0: 0x8000b304 (0xff9ff06f) j       pc - 0x8
core   0: 3 0x8000b304 (0xff9ff06f)
core   0: 0x8000b2fc (0x00001f17) auipc   t5, 0x1
core   0: 3 0x8000b2fc (0x00001f17) x30 0x8000c2fc
core   0: 0x8000b300 (0xd03f2223) sw      gp, -764(t5)
core   0: 3 0x8000b300 (0xd03f2223) mem 0x8000c000 0x00000001
core   0: 0x8000b304 (0xff9ff06f) j       pc - 0x8
core   0: 3 0x8000b304 (0xff9ff06f)
core   0: 0x8000b2fc (0x00001f17) auipc   t5, 0x1
core   0: 3 0x8000b2fc (0x00001f17) x30 0x8000c2fc
core   0: 0x8000b300 (0xd03f2223) sw      gp, -764(t5)
core   0: 3 0x8000b300 (0xd03f2223) mem 0x8000c000 0x00000001
core   0: 0x8000b304 (0xff9ff06f) j       pc - 0x8
core   0: 3 0x8000b304 (0xff9ff06f)
core   0: 0x8000b2fc (0x00001f17) auipc   t5, 0x1
core   0: 3 0x8000b2fc (0x00001f17) x30 0x8000c2fc
core   0: 0x8000b300 (0xd03f2223) sw      gp, -764(t5)
core   0: 3 0x8000b300 (0xd03f2223) mem 0x8000c000 0x00000001
core   0: 0x8000b304 (0xff9ff06f) j       pc - 0x8
core   0: 3 0x8000b304 (0xff9ff06f)
core   0: 0x8000b2fc (0x00001f17) auipc   t5, 0x1
core   0: 3 0x8000b2fc (0x00001f17) x30 0x8000c2fc
core   0: 0x8000b300 (0xd03f2223) sw      gp, -764(t5)
core   0: 3 0x8000b300 (0xd03f2223) mem 0x8000c000 0x00000001
core   0: 0x8000b304 (0xff9ff06f) j       pc - 0x8
core   0: 3 0x8000b304 (0xff9ff06f)
core   0: 0x8000b2fc (0x00001f17) auipc   t5, 0x1
core   0: 3 0x8000b2fc (0x00001f17) x30 0x8000c2fc
core   0: 0x8000b300 (0xd03f2223) sw      gp, -764(t5)
core   0: 3 0x8000b300 (0xd03f2223) mem 0x8000c000 0x00000001
core   0: 0x8000b304 (0xff9ff06f) j       pc - 0x8
core   0: 3 0x8000b304 (0xff9ff06f)
core   0: 0x8000b2fc (0x00001f17) auipc   t5, 0x1
core   0: 3 0x8000b2fc (0x00001f17) x30 0x8000c2fc
core   0: 0x8000b300 (0xd03f2223) sw      gp, -764(t5)
core   0: 3 0x8000b300 (0xd03f2223) mem 0x8000c000 0x00000001
core   0: 0x8000b304 (0xff9ff06f) j       pc - 0x8
core   0: 3 0x8000b304 (0xff9ff06f)
core   0: 0x8000b2fc (0x00001f17) auipc   t5, 0x1
core   0: 3 0x8000b2fc (0x00001f17) x30 0x8000c2fc
core   0: 0x8000b300 (0xd03f2223) sw      gp, -764(t5)
core   0: 3 0x8000b300 (0xd03f2223) mem 0x8000c000 0x00000001
core   0: 0x8000b304 (0xff9ff06f) j       pc - 0x8
core   0: 3 0x8000b304 (0xff9ff06f)
core   0: 0x8000b2fc (0x00001f17) auipc   t5, 0x1
core   0: 3 0x8000b2fc (0x00001f17) x30 0x8000c2fc
core   0: 0x8000b300 (0xd03f2223) sw      gp, -764(t5)
core   0: 3 0x8000b300 (0xd03f2223) mem 0x8000c000 0x00000001
core   0: 0x8000b304 (0xff9ff06f) j       pc - 0x8
core   0: 3 0x8000b304 (0xff9ff06f)
core   0: 0x8000b2fc (0x00001f17) auipc   t5, 0x1
core   0: 3 0x8000b2fc (0x00001f17) x30 0x8000c2fc
core   0: 0x8000b300 (0xd03f2223) sw      gp, -764(t5)
core   0: 3 0x8000b300 (0xd03f2223) mem 0x8000c000 0x00000001
core   0: 0x8000b304 (0xff9ff06f) j       pc - 0x8
core   0: 3 0x8000b304 (0xff9ff06f)
core   0: 0x8000b2fc (0x00001f17) auipc   t5, 0x1
core   0: 3 0x8000b2fc (0x00001f17) x30 0x8000c2fc
core   0: 0x8000b300 (0xd03f2223) sw      gp, -764(t5)
core   0: 3 0x8000b300 (0xd03f2223) mem 0x8000c000 0x00000001
core   0: 0x8000b304 (0xff9ff06f) j       pc - 0x8
core   0: 3 0x8000b304 (0xff9ff06f)
core   0: 0x8000b2fc (0x00001f17) auipc   t5, 0x1
core   0: 3 0x8000b2fc (0x00001f17) x30 0x8000c2fc
core   0: 0x8000b300 (0xd03f2223) sw      gp, -764(t5)
core   0: 3 0x8000b300 (0xd03f2223) mem 0x8000c000 0x00000001
core   0: 0x8000b304 (0xff9ff06f) j       pc - 0x8
core   0: 3 0x8000b304 (0xff9ff06f)
core   0: 0x8000b2fc (0x00001f17) auipc   t5, 0x1
core   0: 3 0x8000b2fc (0x00001f17) x30 0x8000c2fc
core   0: 0x8000b300 (0xd03f2223) sw      gp, -764(t5)
core   0: 3 0x8000b300 (0xd03f2223) mem 0x8000c000 0x00000001
core   0: 0x8000b304 (0xff9ff06f) j       pc - 0x8
core   0: 3 0x8000b304 (0xff9ff06f)
core   0: 0x8000b2fc (0x00001f17) auipc   t5, 0x1
core   0: 3 0x8000b2fc (0x00001f17) x30 0x8000c2fc
core   0: 0x8000b300 (0xd03f2223) sw      gp, -764(t5)
core   0: 3 0x8000b300 (0xd03f2223) mem 0x8000c000 0x00000001
core   0: 0x8000b304 (0xff9ff06f) j       pc - 0x8
core   0: 3 0x8000b304 (0xff9ff06f)
core   0: 0x8000b2fc (0x00001f17) auipc   t5, 0x1
core   0: 3 0x8000b2fc (0x00001f17) x30 0x8000c2fc
core   0: 0x8000b300 (0xd03f2223) sw      gp, -764(t5)
core   0: 3 0x8000b300 (0xd03f2223) mem 0x8000c000 0x00000001
core   0: 0x8000b304 (0xff9ff06f) j       pc - 0x8
core   0: 3 0x8000b304 (0xff9ff06f)
core   0: 0x8000b2fc (0x00001f17) auipc   t5, 0x1
core   0: 3 0x8000b2fc (0x00001f17) x30 0x8000c2fc
core   0: 0x8000b300 (0xd03f2223) sw      gp, -764(t5)
core   0: 3 0x8000b300 (0xd03f2223) mem 0x8000c000 0x00000001
core   0: 0x8000b304 (0xff9ff06f) j       pc - 0x8
core   0: 3 0x8000b304 (0xff9ff06f)
core   0: 0x8000b2fc (0x00001f17) auipc   t5, 0x1
core   0: 3 0x8000b2fc (0x00001f17) x30 0x8000c2fc
core   0: 0x8000b300 (0xd03f2223) sw      gp, -764(t5)
core   0: 3 0x8000b300 (0xd03f2223) mem 0x8000c000 0x00000001
core   0: 0x8000b304 (0xff9ff06f) j       pc - 0x8
core   0: 3 0x8000b304 (0xff9ff06f)
core   0: 0x8000b2fc (0x00001f17) auipc   t5, 0x1
core   0: 3 0x8000b2fc (0x00001f17) x30 0x8000c2fc
core   0: 0x8000b300 (0xd03f2223) sw      gp, -764(t5)
core   0: 3 0x8000b300 (0xd03f2223) mem 0x8000c000 0x00000001
core   0: 0x8000b304 (0xff9ff06f) j       pc - 0x8
core   0: 3 0x8000b304 (0xff9ff06f)
core   0: 0x8000b2fc (0x00001f17) auipc   t5, 0x1
core   0: 3 0x8000b2fc (0x00001f17) x30 0x8000c2fc
core   0: 0x8000b300 (0xd03f2223) sw      gp, -764(t5)
core   0: 3 0x8000b300 (0xd03f2223) mem 0x8000c000 0x00000001
core   0: 0x8000b304 (0xff9ff06f) j       pc - 0x8
core   0: 3 0x8000b304 (0xff9ff06f)
core   0: 0x8000b2fc (0x00001f17) auipc   t5, 0x1
core   0: 3 0x8000b2fc (0x00001f17) x30 0x8000c2fc
core   0: 0x8000b300 (0xd03f2223) sw      gp, -764(t5)
core   0: 3 0x8000b300 (0xd03f2223) mem 0x8000c000 0x00000001
core   0: 0x8000b304 (0xff9ff06f) j       pc - 0x8
core   0: 3 0x8000b304 (0xff9ff06f)
core   0: 0x8000b2fc (0x00001f17) auipc   t5, 0x1
core   0: 3 0x8000b2fc (0x00001f17) x30 0x8000c2fc
core   0: 0x8000b300 (0xd03f2223) sw      gp, -764(t5)
core   0: 3 0x8000b300 (0xd03f2223) mem 0x8000c000 0x00000001
core   0: 0x8000b304 (0xff9ff06f) j       pc - 0x8
core   0: 3 0x8000b304 (0xff9ff06f)
core   0: 0x8000b2fc (0x00001f17) auipc   t5, 0x1
core   0: 3 0x8000b2fc (0x00001f17) x30 0x8000c2fc
core   0: 0x8000b300 (0xd03f2223) sw      gp, -764(t5)
core   0: 3 0x8000b300 (0xd03f2223) mem 0x8000c000 0x00000001
core   0: 0x8000b304 (0xff9ff06f) j       pc - 0x8
core   0: 3 0x8000b304 (0xff9ff06f)
core   0: 0x8000b2fc (0x00001f17) auipc   t5, 0x1
core   0: 3 0x8000b2fc (0x00001f17) x30 0x8000c2fc
core   0: 0x8000b300 (0xd03f2223) sw      gp, -764(t5)
core   0: 3 0x8000b300 (0xd03f2223) mem 0x8000c000 0x00000001
core   0: 0x8000b304 (0xff9ff06f) j       pc - 0x8
core   0: 3 0x8000b304 (0xff9ff06f)
core   0: 0x8000b2fc (0x00001f17) auipc   t5, 0x1
core   0: 3 0x8000b2fc (0x00001f17) x30 0x8000c2fc
core   0: 0x8000b300 (0xd03f2223) sw      gp, -764(t5)
core   0: 3 0x8000b300 (0xd03f2223) mem 0x8000c000 0x00000001
core   0: 0x8000b304 (0xff9ff06f) j       pc - 0x8
core   0: 3 0x8000b304 (0xff9ff06f)
core   0: 0x8000b2fc (0x00001f17) auipc   t5, 0x1
core   0: 3 0x8000b2fc (0x00001f17) x30 0x8000c2fc
core   0: 0x8000b300 (0xd03f2223) sw      gp, -764(t5)
core   0: 3 0x8000b300 (0xd03f2223) mem 0x8000c000 0x00000001
core   0: 0x8000b304 (0xff9ff06f) j       pc - 0x8
core   0: 3 0x8000b304 (0xff9ff06f)
core   0: 0x8000b2fc (0x00001f17) auipc   t5, 0x1
core   0: 3 0x8000b2fc (0x00001f17) x30 0x8000c2fc
core   0: 0x8000b300 (0xd03f2223) sw      gp, -764(t5)
core   0: 3 0x8000b300 (0xd03f2223) mem 0x8000c000 0x00000001
core   0: 0x8000b304 (0xff9ff06f) j       pc - 0x8
core   0: 3 0x8000b304 (0xff9ff06f)
core   0: 0x8000b2fc (0x00001f17) auipc   t5, 0x1
core   0: 3 0x8000b2fc (0x00001f17) x30 0x8000c2fc
core   0: 0x8000b300 (0xd03f2223) sw      gp, -764(t5)
core   0: 3 0x8000b300 (0xd03f2223) mem 0x8000c000 0x00000001
core   0: 0x8000b304 (0xff9ff06f) j       pc - 0x8
core   0: 3 0x8000b304 (0xff9ff06f)
core   0: 0x8000b2fc (0x00001f17) auipc   t5, 0x1
core   0: 3 0x8000b2fc (0x00001f17) x30 0x8000c2fc
core   0: 0x8000b300 (0xd03f2223) sw      gp, -764(t5)
core   0: 3 0x8000b300 (0xd03f2223) mem 0x8000c000 0x00000001
core   0: 0x8000b304 (0xff9ff06f) j       pc - 0x8
core   0: 3 0x8000b304 (0xff9ff06f)
core   0: 0x8000b2fc (0x00001f17) auipc   t5, 0x1
core   0: 3 0x8000b2fc (0x00001f17) x30 0x8000c2fc
core   0: 0x8000b300 (0xd03f2223) sw      gp, -764(t5)
core   0: 3 0x8000b300 (0xd03f2223) mem 0x8000c000 0x00000001
core   0: 0x8000b304 (0xff9ff06f) j       pc - 0x8
core   0: 3 0x8000b304 (0xff9ff06f)
core   0: 0x8000b2fc (0x00001f17) auipc   t5, 0x1
core   0: 3 0x8000b2fc (0x00001f17) x30 0x8000c2fc
core   0: 0x8000b300 (0xd03f2223) sw      gp, -764(t5)
core   0: 3 0x8000b300 (0xd03f2223) mem 0x8000c000 0x00000001
core   0: 0x8000b304 (0xff9ff06f) j       pc - 0x8
core   0: 3 0x8000b304 (0xff9ff06f)
core   0: 0x8000b2fc (0x00001f17) auipc   t5, 0x1
core   0: 3 0x8000b2fc (0x00001f17) x30 0x8000c2fc
core   0: 0x8000b300 (0xd03f2223) sw      gp, -764(t5)
core   0: 3 0x8000b300 (0xd03f2223) mem 0x8000c000 0x00000001
core   0: 0x8000b304 (0xff9ff06f) j       pc - 0x8
core   0: 3 0x8000b304 (0xff9ff06f)
core   0: 0x8000b2fc (0x00001f17) auipc   t5, 0x1
core   0: 3 0x8000b2fc (0x00001f17) x30 0x8000c2fc
core   0: 0x8000b300 (0xd03f2223) sw      gp, -764(t5)
core   0: 3 0x8000b300 (0xd03f2223) mem 0x8000c000 0x00000001
core   0: 0x8000b304 (0xff9ff06f) j       pc - 0x8
core   0: 3 0x8000b304 (0xff9ff06f)
core   0: 0x8000b2fc (0x00001f17) auipc   t5, 0x1
core   0: 3 0x8000b2fc (0x00001f17) x30 0x8000c2fc
core   0: 0x8000b300 (0xd03f2223) sw      gp, -764(t5)
core   0: 3 0x8000b300 (0xd03f2223) mem 0x8000c000 0x00000001
core   0: 0x8000b304 (0xff9ff06f) j       pc - 0x8
core   0: 3 0x8000b304 (0xff9ff06f)
core   0: 0x8000b2fc (0x00001f17) auipc   t5, 0x1
core   0: 3 0x8000b2fc (0x00001f17) x30 0x8000c2fc
core   0: 0x8000b300 (0xd03f2223) sw      gp, -764(t5)
core   0: 3 0x8000b300 (0xd03f2223) mem 0x8000c000 0x00000001
core   0: 0x8000b304 (0xff9ff06f) j       pc - 0x8
core   0: 3 0x8000b304 (0xff9ff06f)
core   0: 0x8000b2fc (0x00001f17) auipc   t5, 0x1
core   0: 3 0x8000b2fc (0x00001f17) x30 0x8000c2fc
core   0: 0x8000b300 (0xd03f2223) sw      gp, -764(t5)
core   0: 3 0x8000b300 (0xd03f2223) mem 0x8000c000 0x00000001
core   0: 0x8000b304 (0xff9ff06f) j       pc - 0x8
core   0: 3 0x8000b304 (0xff9ff06f)
core   0: 0x8000b2fc (0x00001f17) auipc   t5, 0x1
core   0: 3 0x8000b2fc (0x00001f17) x30 0x8000c2fc
core   0: 0x8000b300 (0xd03f2223) sw      gp, -764(t5)
core   0: 3 0x8000b300 (0xd03f2223) mem 0x8000c000 0x00000001
core   0: 0x8000b304 (0xff9ff06f) j       pc - 0x8
core   0: 3 0x8000b304 (0xff9ff06f)
core   0: 0x8000b2fc (0x00001f17) auipc   t5, 0x1
core   0: 3 0x8000b2fc (0x00001f17) x30 0x8000c2fc
core   0: 0x8000b300 (0xd03f2223) sw      gp, -764(t5)
core   0: 3 0x8000b300 (0xd03f2223) mem 0x8000c000 0x00000001
core   0: 0x8000b304 (0xff9ff06f) j       pc - 0x8
core   0: 3 0x8000b304 (0xff9ff06f)
core   0: 0x8000b2fc (0x00001f17) auipc   t5, 0x1
core   0: 3 0x8000b2fc (0x00001f17) x30 0x8000c2fc
core   0: 0x8000b300 (0xd03f2223) sw      gp, -764(t5)
core   0: 3 0x8000b300 (0xd03f2223) mem 0x8000c000 0x00000001
core   0: 0x8000b304 (0xff9ff06f) j       pc - 0x8
core   0: 3 0x8000b304 (0xff9ff06f)
core   0: 0x8000b2fc (0x00001f17) auipc   t5, 0x1
core   0: 3 0x8000b2fc (0x00001f17) x30 0x8000c2fc
core   0: 0x8000b300 (0xd03f2223) sw      gp, -764(t5)
core   0: 3 0x8000b300 (0xd03f2223) mem 0x8000c000 0x00000001
core   0: 0x8000b304 (0xff9ff06f) j       pc - 0x8
core   0: 3 0x8000b304 (0xff9ff06f)
core   0: 0x8000b2fc (0x00001f17) auipc   t5, 0x1
core   0: 3 0x8000b2fc (0x00001f17) x30 0x8000c2fc
core   0: 0x8000b300 (0xd03f2223) sw      gp, -764(t5)
core   0: 3 0x8000b300 (0xd03f2223) mem 0x8000c000 0x00000001
core   0: 0x8000b304 (0xff9ff06f) j       pc - 0x8
core   0: 3 0x8000b304 (0xff9ff06f)
core   0: 0x8000b2fc (0x00001f17) auipc   t5, 0x1
core   0: 3 0x8000b2fc (0x00001f17) x30 0x8000c2fc
core   0: 0x8000b300 (0xd03f2223) sw      gp, -764(t5)
core   0: 3 0x8000b300 (0xd03f2223) mem 0x8000c000 0x00000001
core   0: 0x8000b304 (0xff9ff06f) j       pc - 0x8
core   0: 3 0x8000b304 (0xff9ff06f)
core   0: 0x8000b2fc (0x00001f17) auipc   t5, 0x1
core   0: 3 0x8000b2fc (0x00001f17) x30 0x8000c2fc
core   0: 0x8000b300 (0xd03f2223) sw      gp, -764(t5)
core   0: 3 0x8000b300 (0xd03f2223) mem 0x8000c000 0x00000001
core   0: 0x8000b304 (0xff9ff06f) j       pc - 0x8
core   0: 3 0x8000b304 (0xff9ff06f)
core   0: 0x8000b2fc (0x00001f17) auipc   t5, 0x1
core   0: 3 0x8000b2fc (0x00001f17) x30 0x8000c2fc
core   0: 0x8000b300 (0xd03f2223) sw      gp, -764(t5)
core   0: 3 0x8000b300 (0xd03f2223) mem 0x8000c000 0x00000001
core   0: 0x8000b304 (0xff9ff06f) j       pc - 0x8
core   0: 3 0x8000b304 (0xff9ff06f)
core   0: 0x8000b2fc (0x00001f17) auipc   t5, 0x1
core   0: 3 0x8000b2fc (0x00001f17) x30 0x8000c2fc
core   0: 0x8000b300 (0xd03f2223) sw      gp, -764(t5)
core   0: 3 0x8000b300 (0xd03f2223) mem 0x8000c000 0x00000001
core   0: 0x8000b304 (0xff9ff06f) j       pc - 0x8
core   0: 3 0x8000b304 (0xff9ff06f)
core   0: 0x8000b2fc (0x00001f17) auipc   t5, 0x1
core   0: 3 0x8000b2fc (0x00001f17) x30 0x8000c2fc
core   0: 0x8000b300 (0xd03f2223) sw      gp, -764(t5)
core   0: 3 0x8000b300 (0xd03f2223) mem 0x8000c000 0x00000001
core   0: 0x8000b304 (0xff9ff06f) j       pc - 0x8
core   0: 3 0x8000b304 (0xff9ff06f)
core   0: 0x8000b2fc (0x00001f17) auipc   t5, 0x1
core   0: 3 0x8000b2fc (0x00001f17) x30 0x8000c2fc
core   0: 0x8000b300 (0xd03f2223) sw      gp, -764(t5)
core   0: 3 0x8000b300 (0xd03f2223) mem 0x8000c000 0x00000001
core   0: 0x8000b304 (0xff9ff06f) j       pc - 0x8
core   0: 3 0x8000b304 (0xff9ff06f)
core   0: 0x8000b2fc (0x00001f17) auipc   t5, 0x1
core   0: 3 0x8000b2fc (0x00001f17) x30 0x8000c2fc
core   0: 0x8000b300 (0xd03f2223) sw      gp, -764(t5)
core   0: 3 0x8000b300 (0xd03f2223) mem 0x8000c000 0x00000001
core   0: 0x8000b304 (0xff9ff06f) j       pc - 0x8
core   0: 3 0x8000b304 (0xff9ff06f)
core   0: 0x8000b2fc (0x00001f17) auipc   t5, 0x1
core   0: 3 0x8000b2fc (0x00001f17) x30 0x8000c2fc
core   0: 0x8000b300 (0xd03f2223) sw      gp, -764(t5)
core   0: 3 0x8000b300 (0xd03f2223) mem 0x8000c000 0x00000001
core   0: 0x8000b304 (0xff9ff06f) j       pc - 0x8
core   0: 3 0x8000b304 (0xff9ff06f)
core   0: 0x8000b2fc (0x00001f17) auipc   t5, 0x1
core   0: 3 0x8000b2fc (0x00001f17) x30 0x8000c2fc
core   0: 0x8000b300 (0xd03f2223) sw      gp, -764(t5)
core   0: 3 0x8000b300 (0xd03f2223) mem 0x8000c000 0x00000001
core   0: 0x8000b304 (0xff9ff06f) j       pc - 0x8
core   0: 3 0x8000b304 (0xff9ff06f)
core   0: 0x8000b2fc (0x00001f17) auipc   t5, 0x1
core   0: 3 0x8000b2fc (0x00001f17) x30 0x8000c2fc
core   0: 0x8000b300 (0xd03f2223) sw      gp, -764(t5)
core   0: 3 0x8000b300 (0xd03f2223) mem 0x8000c000 0x00000001
core   0: 0x8000b304 (0xff9ff06f) j       pc - 0x8
core   0: 3 0x8000b304 (0xff9ff06f)
core   0: 0x8000b2fc (0x00001f17) auipc   t5, 0x1
core   0: 3 0x8000b2fc (0x00001f17) x30 0x8000c2fc
core   0: 0x8000b300 (0xd03f2223) sw      gp, -764(t5)
core   0: 3 0x8000b300 (0xd03f2223) mem 0x8000c000 0x00000001
core   0: 0x8000b304 (0xff9ff06f) j       pc - 0x8
core   0: 3 0x8000b304 (0xff9ff06f)
core   0: 0x8000b2fc (0x00001f17) auipc   t5, 0x1
core   0: 3 0x8000b2fc (0x00001f17) x30 0x8000c2fc
core   0: 0x8000b300 (0xd03f2223) sw      gp, -764(t5)
core   0: 3 0x8000b300 (0xd03f2223) mem 0x8000c000 0x00000001
core   0: 0x8000b304 (0xff9ff06f) j       pc - 0x8
core   0: 3 0x8000b304 (0xff9ff06f)
core   0: 0x8000b2fc (0x00001f17) auipc   t5, 0x1
core   0: 3 0x8000b2fc (0x00001f17) x30 0x8000c2fc
core   0: 0x8000b300 (0xd03f2223) sw      gp, -764(t5)
core   0: 3 0x8000b300 (0xd03f2223) mem 0x8000c000 0x00000001
core   0: 0x8000b304 (0xff9ff06f) j       pc - 0x8
core   0: 3 0x8000b304 (0xff9ff06f)
core   0: 0x8000b2fc (0x00001f17) auipc   t5, 0x1
core   0: 3 0x8000b2fc (0x00001f17) x30 0x8000c2fc
core   0: 0x8000b300 (0xd03f2223) sw      gp, -764(t5)
core   0: 3 0x8000b300 (0xd03f2223) mem 0x8000c000 0x00000001
core   0: 0x8000b304 (0xff9ff06f) j       pc - 0x8
core   0: 3 0x8000b304 (0xff9ff06f)
core   0: 0x8000b2fc (0x00001f17) auipc   t5, 0x1
core   0: 3 0x8000b2fc (0x00001f17) x30 0x8000c2fc
core   0: 0x8000b300 (0xd03f2223) sw      gp, -764(t5)
core   0: 3 0x8000b300 (0xd03f2223) mem 0x8000c000 0x00000001
core   0: 0x8000b304 (0xff9ff06f) j       pc - 0x8
core   0: 3 0x8000b304 (0xff9ff06f)
core   0: 0x8000b2fc (0x00001f17) auipc   t5, 0x1
core   0: 3 0x8000b2fc (0x00001f17) x30 0x8000c2fc
core   0: 0x8000b300 (0xd03f2223) sw      gp, -764(t5)
core   0: 3 0x8000b300 (0xd03f2223) mem 0x8000c000 0x00000001
core   0: 0x8000b304 (0xff9ff06f) j       pc - 0x8
core   0: 3 0x8000b304 (0xff9ff06f)
core   0: 0x8000b2fc (0x00001f17) auipc   t5, 0x1
core   0: 3 0x8000b2fc (0x00001f17) x30 0x8000c2fc
core   0: 0x8000b300 (0xd03f2223) sw      gp, -764(t5)
core   0: 3 0x8000b300 (0xd03f2223) mem 0x8000c000 0x00000001
core   0: 0x8000b304 (0xff9ff06f) j       pc - 0x8
core   0: 3 0x8000b304 (0xff9ff06f)
core   0: 0x8000b2fc (0x00001f17) auipc   t5, 0x1
core   0: 3 0x8000b2fc (0x00001f17) x30 0x8000c2fc
core   0: 0x8000b300 (0xd03f2223) sw      gp, -764(t5)
core   0: 3 0x8000b300 (0xd03f2223) mem 0x8000c000 0x00000001
core   0: 0x8000b304 (0xff9ff06f) j       pc - 0x8
core   0: 3 0x8000b304 (0xff9ff06f)
core   0: 0x8000b2fc (0x00001f17) auipc   t5, 0x1
core   0: 3 0x8000b2fc (0x00001f17) x30 0x8000c2fc
core   0: 0x8000b300 (0xd03f2223) sw      gp, -764(t5)
core   0: 3 0x8000b300 (0xd03f2223) mem 0x8000c000 0x00000001
core   0: 0x8000b304 (0xff9ff06f) j       pc - 0x8
core   0: 3 0x8000b304 (0xff9ff06f)
core   0: 0x8000b2fc (0x00001f17) auipc   t5, 0x1
core   0: 3 0x8000b2fc (0x00001f17) x30 0x8000c2fc
core   0: 0x8000b300 (0xd03f2223) sw      gp, -764(t5)
core   0: 3 0x8000b300 (0xd03f2223) mem 0x8000c000 0x00000001
core   0: 0x8000b304 (0xff9ff06f) j       pc - 0x8
core   0: 3 0x8000b304 (0xff9ff06f)
core   0: 0x8000b2fc (0x00001f17) auipc   t5, 0x1
core   0: 3 0x8000b2fc (0x00001f17) x30 0x8000c2fc
core   0: 0x8000b300 (0xd03f2223) sw      gp, -764(t5)
core   0: 3 0x8000b300 (0xd03f2223) mem 0x8000c000 0x00000001
core   0: 0x8000b304 (0xff9ff06f) j       pc - 0x8
core   0: 3 0x8000b304 (0xff9ff06f)
core   0: 0x8000b2fc (0x00001f17) auipc   t5, 0x1
core   0: 3 0x8000b2fc (0x00001f17) x30 0x8000c2fc
core   0: 0x8000b300 (0xd03f2223) sw      gp, -764(t5)
core   0: 3 0x8000b300 (0xd03f2223) mem 0x8000c000 0x00000001
core   0: 0x8000b304 (0xff9ff06f) j       pc - 0x8
core   0: 3 0x8000b304 (0xff9ff06f)
core   0: 0x8000b2fc (0x00001f17) auipc   t5, 0x1
core   0: 3 0x8000b2fc (0x00001f17) x30 0x8000c2fc
core   0: 0x8000b300 (0xd03f2223) sw      gp, -764(t5)
core   0: 3 0x8000b300 (0xd03f2223) mem 0x8000c000 0x00000001
core   0: 0x8000b304 (0xff9ff06f) j       pc - 0x8
core   0: 3 0x8000b304 (0xff9ff06f)
core   0: 0x8000b2fc (0x00001f17) auipc   t5, 0x1
core   0: 3 0x8000b2fc (0x00001f17) x30 0x8000c2fc
core   0: 0x8000b300 (0xd03f2223) sw      gp, -764(t5)
core   0: 3 0x8000b300 (0xd03f2223) mem 0x8000c000 0x00000001
core   0: 0x8000b304 (0xff9ff06f) j       pc - 0x8
core   0: 3 0x8000b304 (0xff9ff06f)
core   0: 0x8000b2fc (0x00001f17) auipc   t5, 0x1
core   0: 3 0x8000b2fc (0x00001f17) x30 0x8000c2fc
core   0: 0x8000b300 (0xd03f2223) sw      gp, -764(t5)
core   0: 3 0x8000b300 (0xd03f2223) mem 0x8000c000 0x00000001
core   0: 0x8000b304 (0xff9ff06f) j       pc - 0x8
core   0: 3 0x8000b304 (0xff9ff06f)
core   0: 0x8000b2fc (0x00001f17) auipc   t5, 0x1
core   0: 3 0x8000b2fc (0x00001f17) x30 0x8000c2fc
core   0: 0x8000b300 (0xd03f2223) sw      gp, -764(t5)
core   0: 3 0x8000b300 (0xd03f2223) mem 0x8000c000 0x00000001
core   0: 0x8000b304 (0xff9ff06f) j       pc - 0x8
core   0: 3 0x8000b304 (0xff9ff06f)
core   0: 0x8000b2fc (0x00001f17) auipc   t5, 0x1
core   0: 3 0x8000b2fc (0x00001f17) x30 0x8000c2fc
core   0: 0x8000b300 (0xd03f2223) sw      gp, -764(t5)
core   0: 3 0x8000b300 (0xd03f2223) mem 0x8000c000 0x00000001
core   0: 0x8000b304 (0xff9ff06f) j       pc - 0x8
core   0: 3 0x8000b304 (0xff9ff06f)
core   0: 0x8000b2fc (0x00001f17) auipc   t5, 0x1
core   0: 3 0x8000b2fc (0x00001f17) x30 0x8000c2fc
core   0: 0x8000b300 (0xd03f2223) sw      gp, -764(t5)
core   0: 3 0x8000b300 (0xd03f2223) mem 0x8000c000 0x00000001
core   0: 0x8000b304 (0xff9ff06f) j       pc - 0x8
core   0: 3 0x8000b304 (0xff9ff06f)
core   0: 0x8000b2fc (0x00001f17) auipc   t5, 0x1
core   0: 3 0x8000b2fc (0x00001f17) x30 0x8000c2fc
core   0: 0x8000b300 (0xd03f2223) sw      gp, -764(t5)
core   0: 3 0x8000b300 (0xd03f2223) mem 0x8000c000 0x00000001
core   0: 0x8000b304 (0xff9ff06f) j       pc - 0x8
core   0: 3 0x8000b304 (0xff9ff06f)
core   0: 0x8000b2fc (0x00001f17) auipc   t5, 0x1
core   0: 3 0x8000b2fc (0x00001f17) x30 0x8000c2fc
core   0: 0x8000b300 (0xd03f2223) sw      gp, -764(t5)
core   0: 3 0x8000b300 (0xd03f2223) mem 0x8000c000 0x00000001
core   0: 0x8000b304 (0xff9ff06f) j       pc - 0x8
core   0: 3 0x8000b304 (0xff9ff06f)
core   0: 0x8000b2fc (0x00001f17) auipc   t5, 0x1
core   0: 3 0x8000b2fc (0x00001f17) x30 0x8000c2fc
core   0: 0x8000b300 (0xd03f2223) sw      gp, -764(t5)
core   0: 3 0x8000b300 (0xd03f2223) mem 0x8000c000 0x00000001
core   0: 0x8000b304 (0xff9ff06f) j       pc - 0x8
core   0: 3 0x8000b304 (0xff9ff06f)
core   0: 0x8000b2fc (0x00001f17) auipc   t5, 0x1
core   0: 3 0x8000b2fc (0x00001f17) x30 0x8000c2fc
core   0: 0x8000b300 (0xd03f2223) sw      gp, -764(t5)
core   0: 3 0x8000b300 (0xd03f2223) mem 0x8000c000 0x00000001
core   0: 0x8000b304 (0xff9ff06f) j       pc - 0x8
core   0: 3 0x8000b304 (0xff9ff06f)
core   0: 0x8000b2fc (0x00001f17) auipc   t5, 0x1
core   0: 3 0x8000b2fc (0x00001f17) x30 0x8000c2fc
core   0: 0x8000b300 (0xd03f2223) sw      gp, -764(t5)
core   0: 3 0x8000b300 (0xd03f2223) mem 0x8000c000 0x00000001
core   0: 0x8000b304 (0xff9ff06f) j       pc - 0x8
core   0: 3 0x8000b304 (0xff9ff06f)
core   0: 0x8000b2fc (0x00001f17) auipc   t5, 0x1
core   0: 3 0x8000b2fc (0x00001f17) x30 0x8000c2fc
core   0: 0x8000b300 (0xd03f2223) sw      gp, -764(t5)
core   0: 3 0x8000b300 (0xd03f2223) mem 0x8000c000 0x00000001
core   0: 0x8000b304 (0xff9ff06f) j       pc - 0x8
core   0: 3 0x8000b304 (0xff9ff06f)
core   0: 0x8000b2fc (0x00001f17) auipc   t5, 0x1
core   0: 3 0x8000b2fc (0x00001f17) x30 0x8000c2fc
core   0: 0x8000b300 (0xd03f2223) sw      gp, -764(t5)
core   0: 3 0x8000b300 (0xd03f2223) mem 0x8000c000 0x00000001
core   0: 0x8000b304 (0xff9ff06f) j       pc - 0x8
core   0: 3 0x8000b304 (0xff9ff06f)
core   0: 0x8000b2fc (0x00001f17) auipc   t5, 0x1
core   0: 3 0x8000b2fc (0x00001f17) x30 0x8000c2fc
core   0: 0x8000b300 (0xd03f2223) sw      gp, -764(t5)
core   0: 3 0x8000b300 (0xd03f2223) mem 0x8000c000 0x00000001
core   0: 0x8000b304 (0xff9ff06f) j       pc - 0x8
core   0: 3 0x8000b304 (0xff9ff06f)
core   0: 0x8000b2fc (0x00001f17) auipc   t5, 0x1
core   0: 3 0x8000b2fc (0x00001f17) x30 0x8000c2fc
core   0: 0x8000b300 (0xd03f2223) sw      gp, -764(t5)
core   0: 3 0x8000b300 (0xd03f2223) mem 0x8000c000 0x00000001
core   0: 0x8000b304 (0xff9ff06f) j       pc - 0x8
core   0: 3 0x8000b304 (0xff9ff06f)
core   0: 0x8000b2fc (0x00001f17) auipc   t5, 0x1
core   0: 3 0x8000b2fc (0x00001f17) x30 0x8000c2fc
core   0: 0x8000b300 (0xd03f2223) sw      gp, -764(t5)
core   0: 3 0x8000b300 (0xd03f2223) mem 0x8000c000 0x00000001
core   0: 0x8000b304 (0xff9ff06f) j       pc - 0x8
core   0: 3 0x8000b304 (0xff9ff06f)
core   0: 0x8000b2fc (0x00001f17) auipc   t5, 0x1
core   0: 3 0x8000b2fc (0x00001f17) x30 0x8000c2fc
core   0: 0x8000b300 (0xd03f2223) sw      gp, -764(t5)
core   0: 3 0x8000b300 (0xd03f2223) mem 0x8000c000 0x00000001
core   0: 0x8000b304 (0xff9ff06f) j       pc - 0x8
core   0: 3 0x8000b304 (0xff9ff06f)
core   0: 0x8000b2fc (0x00001f17) auipc   t5, 0x1
core   0: 3 0x8000b2fc (0x00001f17) x30 0x8000c2fc
core   0: 0x8000b300 (0xd03f2223) sw      gp, -764(t5)
core   0: 3 0x8000b300 (0xd03f2223) mem 0x8000c000 0x00000001
core   0: 0x8000b304 (0xff9ff06f) j       pc - 0x8
core   0: 3 0x8000b304 (0xff9ff06f)
core   0: 0x8000b2fc (0x00001f17) auipc   t5, 0x1
core   0: 3 0x8000b2fc (0x00001f17) x30 0x8000c2fc
core   0: 0x8000b300 (0xd03f2223) sw      gp, -764(t5)
core   0: 3 0x8000b300 (0xd03f2223) mem 0x8000c000 0x00000001
core   0: 0x8000b304 (0xff9ff06f) j       pc - 0x8
core   0: 3 0x8000b304 (0xff9ff06f)
core   0: 0x8000b2fc (0x00001f17) auipc   t5, 0x1
core   0: 3 0x8000b2fc (0x00001f17) x30 0x8000c2fc
core   0: 0x8000b300 (0xd03f2223) sw      gp, -764(t5)
core   0: 3 0x8000b300 (0xd03f2223) mem 0x8000c000 0x00000001
core   0: 0x8000b304 (0xff9ff06f) j       pc - 0x8
core   0: 3 0x8000b304 (0xff9ff06f)
core   0: 0x8000b2fc (0x00001f17) auipc   t5, 0x1
core   0: 3 0x8000b2fc (0x00001f17) x30 0x8000c2fc
core   0: 0x8000b300 (0xd03f2223) sw      gp, -764(t5)
core   0: 3 0x8000b300 (0xd03f2223) mem 0x8000c000 0x00000001
core   0: 0x8000b304 (0xff9ff06f) j       pc - 0x8
core   0: 3 0x8000b304 (0xff9ff06f)
core   0: 0x8000b2fc (0x00001f17) auipc   t5, 0x1
core   0: 3 0x8000b2fc (0x00001f17) x30 0x8000c2fc
core   0: 0x8000b300 (0xd03f2223) sw      gp, -764(t5)
core   0: 3 0x8000b300 (0xd03f2223) mem 0x8000c000 0x00000001
core   0: 0x8000b304 (0xff9ff06f) j       pc - 0x8
core   0: 3 0x8000b304 (0xff9ff06f)
core   0: 0x8000b2fc (0x00001f17) auipc   t5, 0x1
core   0: 3 0x8000b2fc (0x00001f17) x30 0x8000c2fc
core   0: 0x8000b300 (0xd03f2223) sw      gp, -764(t5)
core   0: 3 0x8000b300 (0xd03f2223) mem 0x8000c000 0x00000001
core   0: 0x8000b304 (0xff9ff06f) j       pc - 0x8
core   0: 3 0x8000b304 (0xff9ff06f)
core   0: 0x8000b2fc (0x00001f17) auipc   t5, 0x1
core   0: 3 0x8000b2fc (0x00001f17) x30 0x8000c2fc
core   0: 0x8000b300 (0xd03f2223) sw      gp, -764(t5)
core   0: 3 0x8000b300 (0xd03f2223) mem 0x8000c000 0x00000001
core   0: 0x8000b304 (0xff9ff06f) j       pc - 0x8
core   0: 3 0x8000b304 (0xff9ff06f)
core   0: 0x8000b2fc (0x00001f17) auipc   t5, 0x1
core   0: 3 0x8000b2fc (0x00001f17) x30 0x8000c2fc
core   0: 0x8000b300 (0xd03f2223) sw      gp, -764(t5)
core   0: 3 0x8000b300 (0xd03f2223) mem 0x8000c000 0x00000001
core   0: 0x8000b304 (0xff9ff06f) j       pc - 0x8
core   0: 3 0x8000b304 (0xff9ff06f)
core   0: 0x8000b2fc (0x00001f17) auipc   t5, 0x1
core   0: 3 0x8000b2fc (0x00001f17) x30 0x8000c2fc
core   0: 0x8000b300 (0xd03f2223) sw      gp, -764(t5)
core   0: 3 0x8000b300 (0xd03f2223) mem 0x8000c000 0x00000001
core   0: 0x8000b304 (0xff9ff06f) j       pc - 0x8
core   0: 3 0x8000b304 (0xff9ff06f)
core   0: 0x8000b2fc (0x00001f17) auipc   t5, 0x1
core   0: 3 0x8000b2fc (0x00001f17) x30 0x8000c2fc
core   0: 0x8000b300 (0xd03f2223) sw      gp, -764(t5)
core   0: 3 0x8000b300 (0xd03f2223) mem 0x8000c000 0x00000001
core   0: 0x8000b304 (0xff9ff06f) j       pc - 0x8
core   0: 3 0x8000b304 (0xff9ff06f)
core   0: 0x8000b2fc (0x00001f17) auipc   t5, 0x1
core   0: 3 0x8000b2fc (0x00001f17) x30 0x8000c2fc
core   0: 0x8000b300 (0xd03f2223) sw      gp, -764(t5)
core   0: 3 0x8000b300 (0xd03f2223) mem 0x8000c000 0x00000001
core   0: 0x8000b304 (0xff9ff06f) j       pc - 0x8
core   0: 3 0x8000b304 (0xff9ff06f)
core   0: 0x8000b2fc (0x00001f17) auipc   t5, 0x1
core   0: 3 0x8000b2fc (0x00001f17) x30 0x8000c2fc
core   0: 0x8000b300 (0xd03f2223) sw      gp, -764(t5)
core   0: 3 0x8000b300 (0xd03f2223) mem 0x8000c000 0x00000001
core   0: 0x8000b304 (0xff9ff06f) j       pc - 0x8
core   0: 3 0x8000b304 (0xff9ff06f)
core   0: 0x8000b2fc (0x00001f17) auipc   t5, 0x1
core   0: 3 0x8000b2fc (0x00001f17) x30 0x8000c2fc
core   0: 0x8000b300 (0xd03f2223) sw      gp, -764(t5)
core   0: 3 0x8000b300 (0xd03f2223) mem 0x8000c000 0x00000001
core   0: 0x8000b304 (0xff9ff06f) j       pc - 0x8
core   0: 3 0x8000b304 (0xff9ff06f)
core   0: 0x8000b2fc (0x00001f17) auipc   t5, 0x1
core   0: 3 0x8000b2fc (0x00001f17) x30 0x8000c2fc
core   0: 0x8000b300 (0xd03f2223) sw      gp, -764(t5)
core   0: 3 0x8000b300 (0xd03f2223) mem 0x8000c000 0x00000001
core   0: 0x8000b304 (0xff9ff06f) j       pc - 0x8
core   0: 3 0x8000b304 (0xff9ff06f)
core   0: 0x8000b2fc (0x00001f17) auipc   t5, 0x1
core   0: 3 0x8000b2fc (0x00001f17) x30 0x8000c2fc
core   0: 0x8000b300 (0xd03f2223) sw      gp, -764(t5)
core   0: 3 0x8000b300 (0xd03f2223) mem 0x8000c000 0x00000001
core   0: 0x8000b304 (0xff9ff06f) j       pc - 0x8
core   0: 3 0x8000b304 (0xff9ff06f)
core   0: 0x8000b2fc (0x00001f17) auipc   t5, 0x1
core   0: 3 0x8000b2fc (0x00001f17) x30 0x8000c2fc
core   0: 0x8000b300 (0xd03f2223) sw      gp, -764(t5)
core   0: 3 0x8000b300 (0xd03f2223) mem 0x8000c000 0x00000001
core   0: 0x8000b304 (0xff9ff06f) j       pc - 0x8
core   0: 3 0x8000b304 (0xff9ff06f)
core   0: 0x8000b2fc (0x00001f17) auipc   t5, 0x1
core   0: 3 0x8000b2fc (0x00001f17) x30 0x8000c2fc
core   0: 0x8000b300 (0xd03f2223) sw      gp, -764(t5)
core   0: 3 0x8000b300 (0xd03f2223) mem 0x8000c000 0x00000001
core   0: 0x8000b304 (0xff9ff06f) j       pc - 0x8
core   0: 3 0x8000b304 (0xff9ff06f)
core   0: 0x8000b2fc (0x00001f17) auipc   t5, 0x1
core   0: 3 0x8000b2fc (0x00001f17) x30 0x8000c2fc
core   0: 0x8000b300 (0xd03f2223) sw      gp, -764(t5)
core   0: 3 0x8000b300 (0xd03f2223) mem 0x8000c000 0x00000001
core   0: 0x8000b304 (0xff9ff06f) j       pc - 0x8
core   0: 3 0x8000b304 (0xff9ff06f)
core   0: 0x8000b2fc (0x00001f17) auipc   t5, 0x1
core   0: 3 0x8000b2fc (0x00001f17) x30 0x8000c2fc
core   0: 0x8000b300 (0xd03f2223) sw      gp, -764(t5)
core   0: 3 0x8000b300 (0xd03f2223) mem 0x8000c000 0x00000001
core   0: 0x8000b304 (0xff9ff06f) j       pc - 0x8
core   0: 3 0x8000b304 (0xff9ff06f)
core   0: 0x8000b2fc (0x00001f17) auipc   t5, 0x1
core   0: 3 0x8000b2fc (0x00001f17) x30 0x8000c2fc
core   0: 0x8000b300 (0xd03f2223) sw      gp, -764(t5)
core   0: 3 0x8000b300 (0xd03f2223) mem 0x8000c000 0x00000001
core   0: 0x8000b304 (0xff9ff06f) j       pc - 0x8
core   0: 3 0x8000b304 (0xff9ff06f)
core   0: 0x8000b2fc (0x00001f17) auipc   t5, 0x1
core   0: 3 0x8000b2fc (0x00001f17) x30 0x8000c2fc
core   0: 0x8000b300 (0xd03f2223) sw      gp, -764(t5)
core   0: 3 0x8000b300 (0xd03f2223) mem 0x8000c000 0x00000001
core   0: 0x8000b304 (0xff9ff06f) j       pc - 0x8
core   0: 3 0x8000b304 (0xff9ff06f)
core   0: 0x8000b2fc (0x00001f17) auipc   t5, 0x1
core   0: 3 0x8000b2fc (0x00001f17) x30 0x8000c2fc
core   0: 0x8000b300 (0xd03f2223) sw      gp, -764(t5)
core   0: 3 0x8000b300 (0xd03f2223) mem 0x8000c000 0x00000001
core   0: 0x8000b304 (0xff9ff06f) j       pc - 0x8
core   0: 3 0x8000b304 (0xff9ff06f)
core   0: 0x8000b2fc (0x00001f17) auipc   t5, 0x1
core   0: 3 0x8000b2fc (0x00001f17) x30 0x8000c2fc
core   0: 0x8000b300 (0xd03f2223) sw      gp, -764(t5)
core   0: 3 0x8000b300 (0xd03f2223) mem 0x8000c000 0x00000001
core   0: 0x8000b304 (0xff9ff06f) j       pc - 0x8
core   0: 3 0x8000b304 (0xff9ff06f)
core   0: 0x8000b2fc (0x00001f17) auipc   t5, 0x1
core   0: 3 0x8000b2fc (0x00001f17) x30 0x8000c2fc
core   0: 0x8000b300 (0xd03f2223) sw      gp, -764(t5)
core   0: 3 0x8000b300 (0xd03f2223) mem 0x8000c000 0x00000001
core   0: 0x8000b304 (0xff9ff06f) j       pc - 0x8
core   0: 3 0x8000b304 (0xff9ff06f)
core   0: 0x8000b2fc (0x00001f17) auipc   t5, 0x1
core   0: 3 0x8000b2fc (0x00001f17) x30 0x8000c2fc
core   0: 0x8000b300 (0xd03f2223) sw      gp, -764(t5)
core   0: 3 0x8000b300 (0xd03f2223) mem 0x8000c000 0x00000001
core   0: 0x8000b304 (0xff9ff06f) j       pc - 0x8
core   0: 3 0x8000b304 (0xff9ff06f)
core   0: 0x8000b2fc (0x00001f17) auipc   t5, 0x1
core   0: 3 0x8000b2fc (0x00001f17) x30 0x8000c2fc
core   0: 0x8000b300 (0xd03f2223) sw      gp, -764(t5)
core   0: 3 0x8000b300 (0xd03f2223) mem 0x8000c000 0x00000001
core   0: 0x8000b304 (0xff9ff06f) j       pc - 0x8
core   0: 3 0x8000b304 (0xff9ff06f)
core   0: 0x8000b2fc (0x00001f17) auipc   t5, 0x1
core   0: 3 0x8000b2fc (0x00001f17) x30 0x8000c2fc
core   0: 0x8000b300 (0xd03f2223) sw      gp, -764(t5)
core   0: 3 0x8000b300 (0xd03f2223) mem 0x8000c000 0x00000001
core   0: 0x8000b304 (0xff9ff06f) j       pc - 0x8
core   0: 3 0x8000b304 (0xff9ff06f)
core   0: 0x8000b2fc (0x00001f17) auipc   t5, 0x1
core   0: 3 0x8000b2fc (0x00001f17) x30 0x8000c2fc
core   0: 0x8000b300 (0xd03f2223) sw      gp, -764(t5)
core   0: 3 0x8000b300 (0xd03f2223) mem 0x8000c000 0x00000001
core   0: 0x8000b304 (0xff9ff06f) j       pc - 0x8
core   0: 3 0x8000b304 (0xff9ff06f)
core   0: 0x8000b2fc (0x00001f17) auipc   t5, 0x1
core   0: 3 0x8000b2fc (0x00001f17) x30 0x8000c2fc
core   0: 0x8000b300 (0xd03f2223) sw      gp, -764(t5)
core   0: 3 0x8000b300 (0xd03f2223) mem 0x8000c000 0x00000001
core   0: 0x8000b304 (0xff9ff06f) j       pc - 0x8
core   0: 3 0x8000b304 (0xff9ff06f)
core   0: 0x8000b2fc (0x00001f17) auipc   t5, 0x1
core   0: 3 0x8000b2fc (0x00001f17) x30 0x8000c2fc
core   0: 0x8000b300 (0xd03f2223) sw      gp, -764(t5)
core   0: 3 0x8000b300 (0xd03f2223) mem 0x8000c000 0x00000001
core   0: 0x8000b304 (0xff9ff06f) j       pc - 0x8
core   0: 3 0x8000b304 (0xff9ff06f)
core   0: 0x8000b2fc (0x00001f17) auipc   t5, 0x1
core   0: 3 0x8000b2fc (0x00001f17) x30 0x8000c2fc
core   0: 0x8000b300 (0xd03f2223) sw      gp, -764(t5)
core   0: 3 0x8000b300 (0xd03f2223) mem 0x8000c000 0x00000001
core   0: 0x8000b304 (0xff9ff06f) j       pc - 0x8
core   0: 3 0x8000b304 (0xff9ff06f)
core   0: 0x8000b2fc (0x00001f17) auipc   t5, 0x1
core   0: 3 0x8000b2fc (0x00001f17) x30 0x8000c2fc
core   0: 0x8000b300 (0xd03f2223) sw      gp, -764(t5)
core   0: 3 0x8000b300 (0xd03f2223) mem 0x8000c000 0x00000001
core   0: 0x8000b304 (0xff9ff06f) j       pc - 0x8
core   0: 3 0x8000b304 (0xff9ff06f)
core   0: 0x8000b2fc (0x00001f17) auipc   t5, 0x1
core   0: 3 0x8000b2fc (0x00001f17) x30 0x8000c2fc
core   0: 0x8000b300 (0xd03f2223) sw      gp, -764(t5)
core   0: 3 0x8000b300 (0xd03f2223) mem 0x8000c000 0x00000001
core   0: 0x8000b304 (0xff9ff06f) j       pc - 0x8
core   0: 3 0x8000b304 (0xff9ff06f)
core   0: 0x8000b2fc (0x00001f17) auipc   t5, 0x1
core   0: 3 0x8000b2fc (0x00001f17) x30 0x8000c2fc
core   0: 0x8000b300 (0xd03f2223) sw      gp, -764(t5)
core   0: 3 0x8000b300 (0xd03f2223) mem 0x8000c000 0x00000001
core   0: 0x8000b304 (0xff9ff06f) j       pc - 0x8
core   0: 3 0x8000b304 (0xff9ff06f)
core   0: 0x8000b2fc (0x00001f17) auipc   t5, 0x1
core   0: 3 0x8000b2fc (0x00001f17) x30 0x8000c2fc
core   0: 0x8000b300 (0xd03f2223) sw      gp, -764(t5)
core   0: 3 0x8000b300 (0xd03f2223) mem 0x8000c000 0x00000001
core   0: 0x8000b304 (0xff9ff06f) j       pc - 0x8
core   0: 3 0x8000b304 (0xff9ff06f)
core   0: 0x8000b2fc (0x00001f17) auipc   t5, 0x1
core   0: 3 0x8000b2fc (0x00001f17) x30 0x8000c2fc
core   0: 0x8000b300 (0xd03f2223) sw      gp, -764(t5)
core   0: 3 0x8000b300 (0xd03f2223) mem 0x8000c000 0x00000001
core   0: 0x8000b304 (0xff9ff06f) j       pc - 0x8
core   0: 3 0x8000b304 (0xff9ff06f)
core   0: 0x8000b2fc (0x00001f17) auipc   t5, 0x1
core   0: 3 0x8000b2fc (0x00001f17) x30 0x8000c2fc
core   0: 0x8000b300 (0xd03f2223) sw      gp, -764(t5)
core   0: 3 0x8000b300 (0xd03f2223) mem 0x8000c000 0x00000001
core   0: 0x8000b304 (0xff9ff06f) j       pc - 0x8
core   0: 3 0x8000b304 (0xff9ff06f)
core   0: 0x8000b2fc (0x00001f17) auipc   t5, 0x1
core   0: 3 0x8000b2fc (0x00001f17) x30 0x8000c2fc
core   0: 0x8000b300 (0xd03f2223) sw      gp, -764(t5)
core   0: 3 0x8000b300 (0xd03f2223) mem 0x8000c000 0x00000001
core   0: 0x8000b304 (0xff9ff06f) j       pc - 0x8
core   0: 3 0x8000b304 (0xff9ff06f)
core   0: 0x8000b2fc (0x00001f17) auipc   t5, 0x1
core   0: 3 0x8000b2fc (0x00001f17) x30 0x8000c2fc
core   0: 0x8000b300 (0xd03f2223) sw      gp, -764(t5)
core   0: 3 0x8000b300 (0xd03f2223) mem 0x8000c000 0x00000001
core   0: 0x8000b304 (0xff9ff06f) j       pc - 0x8
core   0: 3 0x8000b304 (0xff9ff06f)
core   0: 0x8000b2fc (0x00001f17) auipc   t5, 0x1
core   0: 3 0x8000b2fc (0x00001f17) x30 0x8000c2fc
core   0: 0x8000b300 (0xd03f2223) sw      gp, -764(t5)
core   0: 3 0x8000b300 (0xd03f2223) mem 0x8000c000 0x00000001
core   0: 0x8000b304 (0xff9ff06f) j       pc - 0x8
core   0: 3 0x8000b304 (0xff9ff06f)
core   0: 0x8000b2fc (0x00001f17) auipc   t5, 0x1
core   0: 3 0x8000b2fc (0x00001f17) x30 0x8000c2fc
core   0: 0x8000b300 (0xd03f2223) sw      gp, -764(t5)
core   0: 3 0x8000b300 (0xd03f2223) mem 0x8000c000 0x00000001
core   0: 0x8000b304 (0xff9ff06f) j       pc - 0x8
core   0: 3 0x8000b304 (0xff9ff06f)
core   0: 0x8000b2fc (0x00001f17) auipc   t5, 0x1
core   0: 3 0x8000b2fc (0x00001f17) x30 0x8000c2fc
core   0: 0x8000b300 (0xd03f2223) sw      gp, -764(t5)
core   0: 3 0x8000b300 (0xd03f2223) mem 0x8000c000 0x00000001
core   0: 0x8000b304 (0xff9ff06f) j       pc - 0x8
core   0: 3 0x8000b304 (0xff9ff06f)
core   0: 0x8000b2fc (0x00001f17) auipc   t5, 0x1
core   0: 3 0x8000b2fc (0x00001f17) x30 0x8000c2fc
core   0: 0x8000b300 (0xd03f2223) sw      gp, -764(t5)
core   0: 3 0x8000b300 (0xd03f2223) mem 0x8000c000 0x00000001
core   0: 0x8000b304 (0xff9ff06f) j       pc - 0x8
core   0: 3 0x8000b304 (0xff9ff06f)
core   0: 0x8000b2fc (0x00001f17) auipc   t5, 0x1
core   0: 3 0x8000b2fc (0x00001f17) x30 0x8000c2fc
core   0: 0x8000b300 (0xd03f2223) sw      gp, -764(t5)
core   0: 3 0x8000b300 (0xd03f2223) mem 0x8000c000 0x00000001
core   0: 0x8000b304 (0xff9ff06f) j       pc - 0x8
core   0: 3 0x8000b304 (0xff9ff06f)
core   0: 0x8000b2fc (0x00001f17) auipc   t5, 0x1
core   0: 3 0x8000b2fc (0x00001f17) x30 0x8000c2fc
core   0: 0x8000b300 (0xd03f2223) sw      gp, -764(t5)
core   0: 3 0x8000b300 (0xd03f2223) mem 0x8000c000 0x00000001
core   0: 0x8000b304 (0xff9ff06f) j       pc - 0x8
core   0: 3 0x8000b304 (0xff9ff06f)
core   0: 0x8000b2fc (0x00001f17) auipc   t5, 0x1
core   0: 3 0x8000b2fc (0x00001f17) x30 0x8000c2fc
core   0: 0x8000b300 (0xd03f2223) sw      gp, -764(t5)
core   0: 3 0x8000b300 (0xd03f2223) mem 0x8000c000 0x00000001
core   0: 0x8000b304 (0xff9ff06f) j       pc - 0x8
core   0: 3 0x8000b304 (0xff9ff06f)
core   0: 0x8000b2fc (0x00001f17) auipc   t5, 0x1
core   0: 3 0x8000b2fc (0x00001f17) x30 0x8000c2fc
core   0: 0x8000b300 (0xd03f2223) sw      gp, -764(t5)
core   0: 3 0x8000b300 (0xd03f2223) mem 0x8000c000 0x00000001
core   0: 0x8000b304 (0xff9ff06f) j       pc - 0x8
core   0: 3 0x8000b304 (0xff9ff06f)
core   0: 0x8000b2fc (0x00001f17) auipc   t5, 0x1
core   0: 3 0x8000b2fc (0x00001f17) x30 0x8000c2fc
core   0: 0x8000b300 (0xd03f2223) sw      gp, -764(t5)
core   0: 3 0x8000b300 (0xd03f2223) mem 0x8000c000 0x00000001
core   0: 0x8000b304 (0xff9ff06f) j       pc - 0x8
core   0: 3 0x8000b304 (0xff9ff06f)
core   0: 0x8000b2fc (0x00001f17) auipc   t5, 0x1
core   0: 3 0x8000b2fc (0x00001f17) x30 0x8000c2fc
core   0: 0x8000b300 (0xd03f2223) sw      gp, -764(t5)
core   0: 3 0x8000b300 (0xd03f2223) mem 0x8000c000 0x00000001
core   0: 0x8000b304 (0xff9ff06f) j       pc - 0x8
core   0: 3 0x8000b304 (0xff9ff06f)
core   0: 0x8000b2fc (0x00001f17) auipc   t5, 0x1
core   0: 3 0x8000b2fc (0x00001f17) x30 0x8000c2fc
core   0: 0x8000b300 (0xd03f2223) sw      gp, -764(t5)
core   0: 3 0x8000b300 (0xd03f2223) mem 0x8000c000 0x00000001
core   0: 0x8000b304 (0xff9ff06f) j       pc - 0x8
core   0: 3 0x8000b304 (0xff9ff06f)
core   0: 0x8000b2fc (0x00001f17) auipc   t5, 0x1
core   0: 3 0x8000b2fc (0x00001f17) x30 0x8000c2fc
core   0: 0x8000b300 (0xd03f2223) sw      gp, -764(t5)
core   0: 3 0x8000b300 (0xd03f2223) mem 0x8000c000 0x00000001
core   0: 0x8000b304 (0xff9ff06f) j       pc - 0x8
core   0: 3 0x8000b304 (0xff9ff06f)
core   0: 0x8000b2fc (0x00001f17) auipc   t5, 0x1
core   0: 3 0x8000b2fc (0x00001f17) x30 0x8000c2fc
core   0: 0x8000b300 (0xd03f2223) sw      gp, -764(t5)
core   0: 3 0x8000b300 (0xd03f2223) mem 0x8000c000 0x00000001
core   0: 0x8000b304 (0xff9ff06f) j       pc - 0x8
core   0: 3 0x8000b304 (0xff9ff06f)
core   0: 0x8000b2fc (0x00001f17) auipc   t5, 0x1
core   0: 3 0x8000b2fc (0x00001f17) x30 0x8000c2fc
core   0: 0x8000b300 (0xd03f2223) sw      gp, -764(t5)
core   0: 3 0x8000b300 (0xd03f2223) mem 0x8000c000 0x00000001
core   0: 0x8000b304 (0xff9ff06f) j       pc - 0x8
core   0: 3 0x8000b304 (0xff9ff06f)
core   0: 0x8000b2fc (0x00001f17) auipc   t5, 0x1
core   0: 3 0x8000b2fc (0x00001f17) x30 0x8000c2fc
core   0: 0x8000b300 (0xd03f2223) sw      gp, -764(t5)
core   0: 3 0x8000b300 (0xd03f2223) mem 0x8000c000 0x00000001
core   0: 0x8000b304 (0xff9ff06f) j       pc - 0x8
core   0: 3 0x8000b304 (0xff9ff06f)
core   0: 0x8000b2fc (0x00001f17) auipc   t5, 0x1
core   0: 3 0x8000b2fc (0x00001f17) x30 0x8000c2fc
core   0: 0x8000b300 (0xd03f2223) sw      gp, -764(t5)
core   0: 3 0x8000b300 (0xd03f2223) mem 0x8000c000 0x00000001
core   0: 0x8000b304 (0xff9ff06f) j       pc - 0x8
core   0: 3 0x8000b304 (0xff9ff06f)
core   0: 0x8000b2fc (0x00001f17) auipc   t5, 0x1
core   0: 3 0x8000b2fc (0x00001f17) x30 0x8000c2fc
core   0: 0x8000b300 (0xd03f2223) sw      gp, -764(t5)
core   0: 3 0x8000b300 (0xd03f2223) mem 0x8000c000 0x00000001
core   0: 0x8000b304 (0xff9ff06f) j       pc - 0x8
core   0: 3 0x8000b304 (0xff9ff06f)
core   0: 0x8000b2fc (0x00001f17) auipc   t5, 0x1
core   0: 3 0x8000b2fc (0x00001f17) x30 0x8000c2fc
core   0: 0x8000b300 (0xd03f2223) sw      gp, -764(t5)
core   0: 3 0x8000b300 (0xd03f2223) mem 0x8000c000 0x00000001
core   0: 0x8000b304 (0xff9ff06f) j       pc - 0x8
core   0: 3 0x8000b304 (0xff9ff06f)
core   0: 0x8000b2fc (0x00001f17) auipc   t5, 0x1
core   0: 3 0x8000b2fc (0x00001f17) x30 0x8000c2fc
core   0: 0x8000b300 (0xd03f2223) sw      gp, -764(t5)
core   0: 3 0x8000b300 (0xd03f2223) mem 0x8000c000 0x00000001
core   0: 0x8000b304 (0xff9ff06f) j       pc - 0x8
core   0: 3 0x8000b304 (0xff9ff06f)
core   0: 0x8000b2fc (0x00001f17) auipc   t5, 0x1
core   0: 3 0x8000b2fc (0x00001f17) x30 0x8000c2fc
core   0: 0x8000b300 (0xd03f2223) sw      gp, -764(t5)
core   0: 3 0x8000b300 (0xd03f2223) mem 0x8000c000 0x00000001
core   0: 0x8000b304 (0xff9ff06f) j       pc - 0x8
core   0: 3 0x8000b304 (0xff9ff06f)
core   0: 0x8000b2fc (0x00001f17) auipc   t5, 0x1
core   0: 3 0x8000b2fc (0x00001f17) x30 0x8000c2fc
core   0: 0x8000b300 (0xd03f2223) sw      gp, -764(t5)
core   0: 3 0x8000b300 (0xd03f2223) mem 0x8000c000 0x00000001
core   0: 0x8000b304 (0xff9ff06f) j       pc - 0x8
core   0: 3 0x8000b304 (0xff9ff06f)
core   0: 0x8000b2fc (0x00001f17) auipc   t5, 0x1
core   0: 3 0x8000b2fc (0x00001f17) x30 0x8000c2fc
core   0: 0x8000b300 (0xd03f2223) sw      gp, -764(t5)
core   0: 3 0x8000b300 (0xd03f2223) mem 0x8000c000 0x00000001
core   0: 0x8000b304 (0xff9ff06f) j       pc - 0x8
core   0: 3 0x8000b304 (0xff9ff06f)
core   0: 0x8000b2fc (0x00001f17) auipc   t5, 0x1
core   0: 3 0x8000b2fc (0x00001f17) x30 0x8000c2fc
core   0: 0x8000b300 (0xd03f2223) sw      gp, -764(t5)
core   0: 3 0x8000b300 (0xd03f2223) mem 0x8000c000 0x00000001
core   0: 0x8000b304 (0xff9ff06f) j       pc - 0x8
core   0: 3 0x8000b304 (0xff9ff06f)
core   0: 0x8000b2fc (0x00001f17) auipc   t5, 0x1
core   0: 3 0x8000b2fc (0x00001f17) x30 0x8000c2fc
core   0: 0x8000b300 (0xd03f2223) sw      gp, -764(t5)
core   0: 3 0x8000b300 (0xd03f2223) mem 0x8000c000 0x00000001
core   0: 0x8000b304 (0xff9ff06f) j       pc - 0x8
core   0: 3 0x8000b304 (0xff9ff06f)
core   0: 0x8000b2fc (0x00001f17) auipc   t5, 0x1
core   0: 3 0x8000b2fc (0x00001f17) x30 0x8000c2fc
core   0: 0x8000b300 (0xd03f2223) sw      gp, -764(t5)
core   0: 3 0x8000b300 (0xd03f2223) mem 0x8000c000 0x00000001
core   0: 0x8000b304 (0xff9ff06f) j       pc - 0x8
core   0: 3 0x8000b304 (0xff9ff06f)
core   0: 0x8000b2fc (0x00001f17) auipc   t5, 0x1
core   0: 3 0x8000b2fc (0x00001f17) x30 0x8000c2fc
core   0: 0x8000b300 (0xd03f2223) sw      gp, -764(t5)
core   0: 3 0x8000b300 (0xd03f2223) mem 0x8000c000 0x00000001
core   0: 0x8000b304 (0xff9ff06f) j       pc - 0x8
core   0: 3 0x8000b304 (0xff9ff06f)
core   0: 0x8000b2fc (0x00001f17) auipc   t5, 0x1
core   0: 3 0x8000b2fc (0x00001f17) x30 0x8000c2fc
core   0: 0x8000b300 (0xd03f2223) sw      gp, -764(t5)
core   0: 3 0x8000b300 (0xd03f2223) mem 0x8000c000 0x00000001
core   0: 0x8000b304 (0xff9ff06f) j       pc - 0x8
core   0: 3 0x8000b304 (0xff9ff06f)
core   0: 0x8000b2fc (0x00001f17) auipc   t5, 0x1
core   0: 3 0x8000b2fc (0x00001f17) x30 0x8000c2fc
core   0: 0x8000b300 (0xd03f2223) sw      gp, -764(t5)
core   0: 3 0x8000b300 (0xd03f2223) mem 0x8000c000 0x00000001
core   0: 0x8000b304 (0xff9ff06f) j       pc - 0x8
core   0: 3 0x8000b304 (0xff9ff06f)
core   0: 0x8000b2fc (0x00001f17) auipc   t5, 0x1
core   0: 3 0x8000b2fc (0x00001f17) x30 0x8000c2fc
core   0: 0x8000b300 (0xd03f2223) sw      gp, -764(t5)
core   0: 3 0x8000b300 (0xd03f2223) mem 0x8000c000 0x00000001
core   0: 0x8000b304 (0xff9ff06f) j       pc - 0x8
core   0: 3 0x8000b304 (0xff9ff06f)
core   0: 0x8000b2fc (0x00001f17) auipc   t5, 0x1
core   0: 3 0x8000b2fc (0x00001f17) x30 0x8000c2fc
core   0: 0x8000b300 (0xd03f2223) sw      gp, -764(t5)
core   0: 3 0x8000b300 (0xd03f2223) mem 0x8000c000 0x00000001
core   0: 0x8000b304 (0xff9ff06f) j       pc - 0x8
core   0: 3 0x8000b304 (0xff9ff06f)
core   0: 0x8000b2fc (0x00001f17) auipc   t5, 0x1
core   0: 3 0x8000b2fc (0x00001f17) x30 0x8000c2fc
core   0: 0x8000b300 (0xd03f2223) sw      gp, -764(t5)
core   0: 3 0x8000b300 (0xd03f2223) mem 0x8000c000 0x00000001
core   0: 0x8000b304 (0xff9ff06f) j       pc - 0x8
core   0: 3 0x8000b304 (0xff9ff06f)
core   0: 0x8000b2fc (0x00001f17) auipc   t5, 0x1
core   0: 3 0x8000b2fc (0x00001f17) x30 0x8000c2fc
core   0: 0x8000b300 (0xd03f2223) sw      gp, -764(t5)
core   0: 3 0x8000b300 (0xd03f2223) mem 0x8000c000 0x00000001
core   0: 0x8000b304 (0xff9ff06f) j       pc - 0x8
core   0: 3 0x8000b304 (0xff9ff06f)
core   0: 0x8000b2fc (0x00001f17) auipc   t5, 0x1
core   0: 3 0x8000b2fc (0x00001f17) x30 0x8000c2fc
core   0: 0x8000b300 (0xd03f2223) sw      gp, -764(t5)
core   0: 3 0x8000b300 (0xd03f2223) mem 0x8000c000 0x00000001
core   0: 0x8000b304 (0xff9ff06f) j       pc - 0x8
core   0: 3 0x8000b304 (0xff9ff06f)
core   0: 0x8000b2fc (0x00001f17) auipc   t5, 0x1
core   0: 3 0x8000b2fc (0x00001f17) x30 0x8000c2fc
core   0: 0x8000b300 (0xd03f2223) sw      gp, -764(t5)
core   0: 3 0x8000b300 (0xd03f2223) mem 0x8000c000 0x00000001
core   0: 0x8000b304 (0xff9ff06f) j       pc - 0x8
core   0: 3 0x8000b304 (0xff9ff06f)
core   0: 0x8000b2fc (0x00001f17) auipc   t5, 0x1
core   0: 3 0x8000b2fc (0x00001f17) x30 0x8000c2fc
core   0: 0x8000b300 (0xd03f2223) sw      gp, -764(t5)
core   0: 3 0x8000b300 (0xd03f2223) mem 0x8000c000 0x00000001
core   0: 0x8000b304 (0xff9ff06f) j       pc - 0x8
core   0: 3 0x8000b304 (0xff9ff06f)
core   0: 0x8000b2fc (0x00001f17) auipc   t5, 0x1
core   0: 3 0x8000b2fc (0x00001f17) x30 0x8000c2fc
core   0: 0x8000b300 (0xd03f2223) sw      gp, -764(t5)
core   0: 3 0x8000b300 (0xd03f2223) mem 0x8000c000 0x00000001
core   0: 0x8000b304 (0xff9ff06f) j       pc - 0x8
core   0: 3 0x8000b304 (0xff9ff06f)
core   0: 0x8000b2fc (0x00001f17) auipc   t5, 0x1
core   0: 3 0x8000b2fc (0x00001f17) x30 0x8000c2fc
core   0: 0x8000b300 (0xd03f2223) sw      gp, -764(t5)
core   0: 3 0x8000b300 (0xd03f2223) mem 0x8000c000 0x00000001
core   0: 0x8000b304 (0xff9ff06f) j       pc - 0x8
core   0: 3 0x8000b304 (0xff9ff06f)
core   0: 0x8000b2fc (0x00001f17) auipc   t5, 0x1
core   0: 3 0x8000b2fc (0x00001f17) x30 0x8000c2fc
core   0: 0x8000b300 (0xd03f2223) sw      gp, -764(t5)
core   0: 3 0x8000b300 (0xd03f2223) mem 0x8000c000 0x00000001
core   0: 0x8000b304 (0xff9ff06f) j       pc - 0x8
core   0: 3 0x8000b304 (0xff9ff06f)
core   0: 0x8000b2fc (0x00001f17) auipc   t5, 0x1
core   0: 3 0x8000b2fc (0x00001f17) x30 0x8000c2fc
core   0: 0x8000b300 (0xd03f2223) sw      gp, -764(t5)
core   0: 3 0x8000b300 (0xd03f2223) mem 0x8000c000 0x00000001
core   0: 0x8000b304 (0xff9ff06f) j       pc - 0x8
core   0: 3 0x8000b304 (0xff9ff06f)
core   0: 0x8000b2fc (0x00001f17) auipc   t5, 0x1
core   0: 3 0x8000b2fc (0x00001f17) x30 0x8000c2fc
core   0: 0x8000b300 (0xd03f2223) sw      gp, -764(t5)
core   0: 3 0x8000b300 (0xd03f2223) mem 0x8000c000 0x00000001
core   0: 0x8000b304 (0xff9ff06f) j       pc - 0x8
core   0: 3 0x8000b304 (0xff9ff06f)
core   0: 0x8000b2fc (0x00001f17) auipc   t5, 0x1
core   0: 3 0x8000b2fc (0x00001f17) x30 0x8000c2fc
core   0: 0x8000b300 (0xd03f2223) sw      gp, -764(t5)
core   0: 3 0x8000b300 (0xd03f2223) mem 0x8000c000 0x00000001
core   0: 0x8000b304 (0xff9ff06f) j       pc - 0x8
core   0: 3 0x8000b304 (0xff9ff06f)
core   0: 0x8000b2fc (0x00001f17) auipc   t5, 0x1
core   0: 3 0x8000b2fc (0x00001f17) x30 0x8000c2fc
core   0: 0x8000b300 (0xd03f2223) sw      gp, -764(t5)
core   0: 3 0x8000b300 (0xd03f2223) mem 0x8000c000 0x00000001
core   0: 0x8000b304 (0xff9ff06f) j       pc - 0x8
core   0: 3 0x8000b304 (0xff9ff06f)
core   0: 0x8000b2fc (0x00001f17) auipc   t5, 0x1
core   0: 3 0x8000b2fc (0x00001f17) x30 0x8000c2fc
core   0: 0x8000b300 (0xd03f2223) sw      gp, -764(t5)
core   0: 3 0x8000b300 (0xd03f2223) mem 0x8000c000 0x00000001
core   0: 0x8000b304 (0xff9ff06f) j       pc - 0x8
core   0: 3 0x8000b304 (0xff9ff06f)
core   0: 0x8000b2fc (0x00001f17) auipc   t5, 0x1
core   0: 3 0x8000b2fc (0x00001f17) x30 0x8000c2fc
core   0: 0x8000b300 (0xd03f2223) sw      gp, -764(t5)
core   0: 3 0x8000b300 (0xd03f2223) mem 0x8000c000 0x00000001
core   0: 0x8000b304 (0xff9ff06f) j       pc - 0x8
core   0: 3 0x8000b304 (0xff9ff06f)
core   0: 0x8000b2fc (0x00001f17) auipc   t5, 0x1
core   0: 3 0x8000b2fc (0x00001f17) x30 0x8000c2fc
core   0: 0x8000b300 (0xd03f2223) sw      gp, -764(t5)
core   0: 3 0x8000b300 (0xd03f2223) mem 0x8000c000 0x00000001
core   0: 0x8000b304 (0xff9ff06f) j       pc - 0x8
core   0: 3 0x8000b304 (0xff9ff06f)
core   0: 0x8000b2fc (0x00001f17) auipc   t5, 0x1
core   0: 3 0x8000b2fc (0x00001f17) x30 0x8000c2fc
core   0: 0x8000b300 (0xd03f2223) sw      gp, -764(t5)
core   0: 3 0x8000b300 (0xd03f2223) mem 0x8000c000 0x00000001
core   0: 0x8000b304 (0xff9ff06f) j       pc - 0x8
core   0: 3 0x8000b304 (0xff9ff06f)
core   0: 0x8000b2fc (0x00001f17) auipc   t5, 0x1
core   0: 3 0x8000b2fc (0x00001f17) x30 0x8000c2fc
core   0: 0x8000b300 (0xd03f2223) sw      gp, -764(t5)
core   0: 3 0x8000b300 (0xd03f2223) mem 0x8000c000 0x00000001
core   0: 0x8000b304 (0xff9ff06f) j       pc - 0x8
core   0: 3 0x8000b304 (0xff9ff06f)
core   0: 0x8000b2fc (0x00001f17) auipc   t5, 0x1
core   0: 3 0x8000b2fc (0x00001f17) x30 0x8000c2fc
core   0: 0x8000b300 (0xd03f2223) sw      gp, -764(t5)
core   0: 3 0x8000b300 (0xd03f2223) mem 0x8000c000 0x00000001
core   0: 0x8000b304 (0xff9ff06f) j       pc - 0x8
core   0: 3 0x8000b304 (0xff9ff06f)
core   0: 0x8000b2fc (0x00001f17) auipc   t5, 0x1
core   0: 3 0x8000b2fc (0x00001f17) x30 0x8000c2fc
core   0: 0x8000b300 (0xd03f2223) sw      gp, -764(t5)
core   0: 3 0x8000b300 (0xd03f2223) mem 0x8000c000 0x00000001
core   0: 0x8000b304 (0xff9ff06f) j       pc - 0x8
core   0: 3 0x8000b304 (0xff9ff06f)
core   0: 0x8000b2fc (0x00001f17) auipc   t5, 0x1
core   0: 3 0x8000b2fc (0x00001f17) x30 0x8000c2fc
core   0: 0x8000b300 (0xd03f2223) sw      gp, -764(t5)
core   0: 3 0x8000b300 (0xd03f2223) mem 0x8000c000 0x00000001
core   0: 0x8000b304 (0xff9ff06f) j       pc - 0x8
core   0: 3 0x8000b304 (0xff9ff06f)
core   0: 0x8000b2fc (0x00001f17) auipc   t5, 0x1
core   0: 3 0x8000b2fc (0x00001f17) x30 0x8000c2fc
core   0: 0x8000b300 (0xd03f2223) sw      gp, -764(t5)
core   0: 3 0x8000b300 (0xd03f2223) mem 0x8000c000 0x00000001
core   0: 0x8000b304 (0xff9ff06f) j       pc - 0x8
core   0: 3 0x8000b304 (0xff9ff06f)
core   0: 0x8000b2fc (0x00001f17) auipc   t5, 0x1
core   0: 3 0x8000b2fc (0x00001f17) x30 0x8000c2fc
core   0: 0x8000b300 (0xd03f2223) sw      gp, -764(t5)
core   0: 3 0x8000b300 (0xd03f2223) mem 0x8000c000 0x00000001
core   0: 0x8000b304 (0xff9ff06f) j       pc - 0x8
core   0: 3 0x8000b304 (0xff9ff06f)
core   0: 0x8000b2fc (0x00001f17) auipc   t5, 0x1
core   0: 3 0x8000b2fc (0x00001f17) x30 0x8000c2fc
core   0: 0x8000b300 (0xd03f2223) sw      gp, -764(t5)
core   0: 3 0x8000b300 (0xd03f2223) mem 0x8000c000 0x00000001
core   0: 0x8000b304 (0xff9ff06f) j       pc - 0x8
core   0: 3 0x8000b304 (0xff9ff06f)
core   0: 0x8000b2fc (0x00001f17) auipc   t5, 0x1
core   0: 3 0x8000b2fc (0x00001f17) x30 0x8000c2fc
core   0: 0x8000b300 (0xd03f2223) sw      gp, -764(t5)
core   0: 3 0x8000b300 (0xd03f2223) mem 0x8000c000 0x00000001
core   0: 0x8000b304 (0xff9ff06f) j       pc - 0x8
core   0: 3 0x8000b304 (0xff9ff06f)
core   0: 0x8000b2fc (0x00001f17) auipc   t5, 0x1
core   0: 3 0x8000b2fc (0x00001f17) x30 0x8000c2fc
core   0: 0x8000b300 (0xd03f2223) sw      gp, -764(t5)
core   0: 3 0x8000b300 (0xd03f2223) mem 0x8000c000 0x00000001
core   0: 0x8000b304 (0xff9ff06f) j       pc - 0x8
core   0: 3 0x8000b304 (0xff9ff06f)
core   0: 0x8000b2fc (0x00001f17) auipc   t5, 0x1
core   0: 3 0x8000b2fc (0x00001f17) x30 0x8000c2fc
core   0: 0x8000b300 (0xd03f2223) sw      gp, -764(t5)
core   0: 3 0x8000b300 (0xd03f2223) mem 0x8000c000 0x00000001
core   0: 0x8000b304 (0xff9ff06f) j       pc - 0x8
core   0: 3 0x8000b304 (0xff9ff06f)
core   0: 0x8000b2fc (0x00001f17) auipc   t5, 0x1
core   0: 3 0x8000b2fc (0x00001f17) x30 0x8000c2fc
core   0: 0x8000b300 (0xd03f2223) sw      gp, -764(t5)
core   0: 3 0x8000b300 (0xd03f2223) mem 0x8000c000 0x00000001
core   0: 0x8000b304 (0xff9ff06f) j       pc - 0x8
core   0: 3 0x8000b304 (0xff9ff06f)
core   0: 0x8000b2fc (0x00001f17) auipc   t5, 0x1
core   0: 3 0x8000b2fc (0x00001f17) x30 0x8000c2fc
core   0: 0x8000b300 (0xd03f2223) sw      gp, -764(t5)
core   0: 3 0x8000b300 (0xd03f2223) mem 0x8000c000 0x00000001
core   0: 0x8000b304 (0xff9ff06f) j       pc - 0x8
core   0: 3 0x8000b304 (0xff9ff06f)
core   0: 0x8000b2fc (0x00001f17) auipc   t5, 0x1
core   0: 3 0x8000b2fc (0x00001f17) x30 0x8000c2fc
core   0: 0x8000b300 (0xd03f2223) sw      gp, -764(t5)
core   0: 3 0x8000b300 (0xd03f2223) mem 0x8000c000 0x00000001
core   0: 0x8000b304 (0xff9ff06f) j       pc - 0x8
core   0: 3 0x8000b304 (0xff9ff06f)
core   0: 0x8000b2fc (0x00001f17) auipc   t5, 0x1
core   0: 3 0x8000b2fc (0x00001f17) x30 0x8000c2fc
core   0: 0x8000b300 (0xd03f2223) sw      gp, -764(t5)
core   0: 3 0x8000b300 (0xd03f2223) mem 0x8000c000 0x00000001
core   0: 0x8000b304 (0xff9ff06f) j       pc - 0x8
core   0: 3 0x8000b304 (0xff9ff06f)
core   0: 0x8000b2fc (0x00001f17) auipc   t5, 0x1
core   0: 3 0x8000b2fc (0x00001f17) x30 0x8000c2fc
core   0: 0x8000b300 (0xd03f2223) sw      gp, -764(t5)
core   0: 3 0x8000b300 (0xd03f2223) mem 0x8000c000 0x00000001
core   0: 0x8000b304 (0xff9ff06f) j       pc - 0x8
core   0: 3 0x8000b304 (0xff9ff06f)
core   0: 0x8000b2fc (0x00001f17) auipc   t5, 0x1
core   0: 3 0x8000b2fc (0x00001f17) x30 0x8000c2fc
core   0: 0x8000b300 (0xd03f2223) sw      gp, -764(t5)
core   0: 3 0x8000b300 (0xd03f2223) mem 0x8000c000 0x00000001
core   0: 0x8000b304 (0xff9ff06f) j       pc - 0x8
core   0: 3 0x8000b304 (0xff9ff06f)
core   0: 0x8000b2fc (0x00001f17) auipc   t5, 0x1
core   0: 3 0x8000b2fc (0x00001f17) x30 0x8000c2fc
core   0: 0x8000b300 (0xd03f2223) sw      gp, -764(t5)
core   0: 3 0x8000b300 (0xd03f2223) mem 0x8000c000 0x00000001
core   0: 0x8000b304 (0xff9ff06f) j       pc - 0x8
core   0: 3 0x8000b304 (0xff9ff06f)
core   0: 0x8000b2fc (0x00001f17) auipc   t5, 0x1
core   0: 3 0x8000b2fc (0x00001f17) x30 0x8000c2fc
core   0: 0x8000b300 (0xd03f2223) sw      gp, -764(t5)
core   0: 3 0x8000b300 (0xd03f2223) mem 0x8000c000 0x00000001
core   0: 0x8000b304 (0xff9ff06f) j       pc - 0x8
core   0: 3 0x8000b304 (0xff9ff06f)
core   0: 0x8000b2fc (0x00001f17) auipc   t5, 0x1
core   0: 3 0x8000b2fc (0x00001f17) x30 0x8000c2fc
core   0: 0x8000b300 (0xd03f2223) sw      gp, -764(t5)
core   0: 3 0x8000b300 (0xd03f2223) mem 0x8000c000 0x00000001
core   0: 0x8000b304 (0xff9ff06f) j       pc - 0x8
core   0: 3 0x8000b304 (0xff9ff06f)
core   0: 0x8000b2fc (0x00001f17) auipc   t5, 0x1
core   0: 3 0x8000b2fc (0x00001f17) x30 0x8000c2fc
core   0: 0x8000b300 (0xd03f2223) sw      gp, -764(t5)
core   0: 3 0x8000b300 (0xd03f2223) mem 0x8000c000 0x00000001
core   0: 0x8000b304 (0xff9ff06f) j       pc - 0x8
core   0: 3 0x8000b304 (0xff9ff06f)
core   0: 0x8000b2fc (0x00001f17) auipc   t5, 0x1
core   0: 3 0x8000b2fc (0x00001f17) x30 0x8000c2fc
core   0: 0x8000b300 (0xd03f2223) sw      gp, -764(t5)
core   0: 3 0x8000b300 (0xd03f2223) mem 0x8000c000 0x00000001
core   0: 0x8000b304 (0xff9ff06f) j       pc - 0x8
core   0: 3 0x8000b304 (0xff9ff06f)
core   0: 0x8000b2fc (0x00001f17) auipc   t5, 0x1
core   0: 3 0x8000b2fc (0x00001f17) x30 0x8000c2fc
core   0: 0x8000b300 (0xd03f2223) sw      gp, -764(t5)
core   0: 3 0x8000b300 (0xd03f2223) mem 0x8000c000 0x00000001
core   0: 0x8000b304 (0xff9ff06f) j       pc - 0x8
core   0: 3 0x8000b304 (0xff9ff06f)
core   0: 0x8000b2fc (0x00001f17) auipc   t5, 0x1
core   0: 3 0x8000b2fc (0x00001f17) x30 0x8000c2fc
core   0: 0x8000b300 (0xd03f2223) sw      gp, -764(t5)
core   0: 3 0x8000b300 (0xd03f2223) mem 0x8000c000 0x00000001
core   0: 0x8000b304 (0xff9ff06f) j       pc - 0x8
core   0: 3 0x8000b304 (0xff9ff06f)
core   0: 0x8000b2fc (0x00001f17) auipc   t5, 0x1
core   0: 3 0x8000b2fc (0x00001f17) x30 0x8000c2fc
core   0: 0x8000b300 (0xd03f2223) sw      gp, -764(t5)
core   0: 3 0x8000b300 (0xd03f2223) mem 0x8000c000 0x00000001
core   0: 0x8000b304 (0xff9ff06f) j       pc - 0x8
core   0: 3 0x8000b304 (0xff9ff06f)
core   0: 0x8000b2fc (0x00001f17) auipc   t5, 0x1
core   0: 3 0x8000b2fc (0x00001f17) x30 0x8000c2fc
core   0: 0x8000b300 (0xd03f2223) sw      gp, -764(t5)
core   0: 3 0x8000b300 (0xd03f2223) mem 0x8000c000 0x00000001
core   0: 0x8000b304 (0xff9ff06f) j       pc - 0x8
core   0: 3 0x8000b304 (0xff9ff06f)
core   0: 0x8000b2fc (0x00001f17) auipc   t5, 0x1
core   0: 3 0x8000b2fc (0x00001f17) x30 0x8000c2fc
core   0: 0x8000b300 (0xd03f2223) sw      gp, -764(t5)
core   0: 3 0x8000b300 (0xd03f2223) mem 0x8000c000 0x00000001
core   0: 0x8000b304 (0xff9ff06f) j       pc - 0x8
core   0: 3 0x8000b304 (0xff9ff06f)
core   0: 0x8000b2fc (0x00001f17) auipc   t5, 0x1
core   0: 3 0x8000b2fc (0x00001f17) x30 0x8000c2fc
core   0: 0x8000b300 (0xd03f2223) sw      gp, -764(t5)
core   0: 3 0x8000b300 (0xd03f2223) mem 0x8000c000 0x00000001
core   0: 0x8000b304 (0xff9ff06f) j       pc - 0x8
core   0: 3 0x8000b304 (0xff9ff06f)
core   0: 0x8000b2fc (0x00001f17) auipc   t5, 0x1
core   0: 3 0x8000b2fc (0x00001f17) x30 0x8000c2fc
core   0: 0x8000b300 (0xd03f2223) sw      gp, -764(t5)
core   0: 3 0x8000b300 (0xd03f2223) mem 0x8000c000 0x00000001
core   0: 0x8000b304 (0xff9ff06f) j       pc - 0x8
core   0: 3 0x8000b304 (0xff9ff06f)
core   0: 0x8000b2fc (0x00001f17) auipc   t5, 0x1
core   0: 3 0x8000b2fc (0x00001f17) x30 0x8000c2fc
core   0: 0x8000b300 (0xd03f2223) sw      gp, -764(t5)
core   0: 3 0x8000b300 (0xd03f2223) mem 0x8000c000 0x00000001
core   0: 0x8000b304 (0xff9ff06f) j       pc - 0x8
core   0: 3 0x8000b304 (0xff9ff06f)
core   0: 0x8000b2fc (0x00001f17) auipc   t5, 0x1
core   0: 3 0x8000b2fc (0x00001f17) x30 0x8000c2fc
core   0: 0x8000b300 (0xd03f2223) sw      gp, -764(t5)
core   0: 3 0x8000b300 (0xd03f2223) mem 0x8000c000 0x00000001
core   0: 0x8000b304 (0xff9ff06f) j       pc - 0x8
core   0: 3 0x8000b304 (0xff9ff06f)
core   0: 0x8000b2fc (0x00001f17) auipc   t5, 0x1
core   0: 3 0x8000b2fc (0x00001f17) x30 0x8000c2fc
core   0: 0x8000b300 (0xd03f2223) sw      gp, -764(t5)
core   0: 3 0x8000b300 (0xd03f2223) mem 0x8000c000 0x00000001
core   0: 0x8000b304 (0xff9ff06f) j       pc - 0x8
core   0: 3 0x8000b304 (0xff9ff06f)
core   0: 0x8000b2fc (0x00001f17) auipc   t5, 0x1
core   0: 3 0x8000b2fc (0x00001f17) x30 0x8000c2fc
core   0: 0x8000b300 (0xd03f2223) sw      gp, -764(t5)
core   0: 3 0x8000b300 (0xd03f2223) mem 0x8000c000 0x00000001
core   0: 0x8000b304 (0xff9ff06f) j       pc - 0x8
core   0: 3 0x8000b304 (0xff9ff06f)
core   0: 0x8000b2fc (0x00001f17) auipc   t5, 0x1
core   0: 3 0x8000b2fc (0x00001f17) x30 0x8000c2fc
core   0: 0x8000b300 (0xd03f2223) sw      gp, -764(t5)
core   0: 3 0x8000b300 (0xd03f2223) mem 0x8000c000 0x00000001
core   0: 0x8000b304 (0xff9ff06f) j       pc - 0x8
core   0: 3 0x8000b304 (0xff9ff06f)
core   0: 0x8000b2fc (0x00001f17) auipc   t5, 0x1
core   0: 3 0x8000b2fc (0x00001f17) x30 0x8000c2fc
core   0: 0x8000b300 (0xd03f2223) sw      gp, -764(t5)
core   0: 3 0x8000b300 (0xd03f2223) mem 0x8000c000 0x00000001
core   0: 0x8000b304 (0xff9ff06f) j       pc - 0x8
core   0: 3 0x8000b304 (0xff9ff06f)
core   0: 0x8000b2fc (0x00001f17) auipc   t5, 0x1
core   0: 3 0x8000b2fc (0x00001f17) x30 0x8000c2fc
core   0: 0x8000b300 (0xd03f2223) sw      gp, -764(t5)
core   0: 3 0x8000b300 (0xd03f2223) mem 0x8000c000 0x00000001
core   0: 0x8000b304 (0xff9ff06f) j       pc - 0x8
core   0: 3 0x8000b304 (0xff9ff06f)
core   0: 0x8000b2fc (0x00001f17) auipc   t5, 0x1
core   0: 3 0x8000b2fc (0x00001f17) x30 0x8000c2fc
core   0: 0x8000b300 (0xd03f2223) sw      gp, -764(t5)
core   0: 3 0x8000b300 (0xd03f2223) mem 0x8000c000 0x00000001
core   0: 0x8000b304 (0xff9ff06f) j       pc - 0x8
core   0: 3 0x8000b304 (0xff9ff06f)
core   0: 0x8000b2fc (0x00001f17) auipc   t5, 0x1
core   0: 3 0x8000b2fc (0x00001f17) x30 0x8000c2fc
core   0: 0x8000b300 (0xd03f2223) sw      gp, -764(t5)
core   0: 3 0x8000b300 (0xd03f2223) mem 0x8000c000 0x00000001
core   0: 0x8000b304 (0xff9ff06f) j       pc - 0x8
core   0: 3 0x8000b304 (0xff9ff06f)
core   0: 0x8000b2fc (0x00001f17) auipc   t5, 0x1
core   0: 3 0x8000b2fc (0x00001f17) x30 0x8000c2fc
core   0: 0x8000b300 (0xd03f2223) sw      gp, -764(t5)
core   0: 3 0x8000b300 (0xd03f2223) mem 0x8000c000 0x00000001
core   0: 0x8000b304 (0xff9ff06f) j       pc - 0x8
core   0: 3 0x8000b304 (0xff9ff06f)
core   0: 0x8000b2fc (0x00001f17) auipc   t5, 0x1
core   0: 3 0x8000b2fc (0x00001f17) x30 0x8000c2fc
core   0: 0x8000b300 (0xd03f2223) sw      gp, -764(t5)
core   0: 3 0x8000b300 (0xd03f2223) mem 0x8000c000 0x00000001
core   0: 0x8000b304 (0xff9ff06f) j       pc - 0x8
core   0: 3 0x8000b304 (0xff9ff06f)
core   0: 0x8000b2fc (0x00001f17) auipc   t5, 0x1
core   0: 3 0x8000b2fc (0x00001f17) x30 0x8000c2fc
core   0: 0x8000b300 (0xd03f2223) sw      gp, -764(t5)
core   0: 3 0x8000b300 (0xd03f2223) mem 0x8000c000 0x00000001
core   0: 0x8000b304 (0xff9ff06f) j       pc - 0x8
core   0: 3 0x8000b304 (0xff9ff06f)
core   0: 0x8000b2fc (0x00001f17) auipc   t5, 0x1
core   0: 3 0x8000b2fc (0x00001f17) x30 0x8000c2fc
core   0: 0x8000b300 (0xd03f2223) sw      gp, -764(t5)
core   0: 3 0x8000b300 (0xd03f2223) mem 0x8000c000 0x00000001
core   0: 0x8000b304 (0xff9ff06f) j       pc - 0x8
core   0: 3 0x8000b304 (0xff9ff06f)
core   0: 0x8000b2fc (0x00001f17) auipc   t5, 0x1
core   0: 3 0x8000b2fc (0x00001f17) x30 0x8000c2fc
core   0: 0x8000b300 (0xd03f2223) sw      gp, -764(t5)
core   0: 3 0x8000b300 (0xd03f2223) mem 0x8000c000 0x00000001
core   0: 0x8000b304 (0xff9ff06f) j       pc - 0x8
core   0: 3 0x8000b304 (0xff9ff06f)
core   0: 0x8000b2fc (0x00001f17) auipc   t5, 0x1
core   0: 3 0x8000b2fc (0x00001f17) x30 0x8000c2fc
core   0: 0x8000b300 (0xd03f2223) sw      gp, -764(t5)
core   0: 3 0x8000b300 (0xd03f2223) mem 0x8000c000 0x00000001
core   0: 0x8000b304 (0xff9ff06f) j       pc - 0x8
core   0: 3 0x8000b304 (0xff9ff06f)
core   0: 0x8000b2fc (0x00001f17) auipc   t5, 0x1
core   0: 3 0x8000b2fc (0x00001f17) x30 0x8000c2fc
core   0: 0x8000b300 (0xd03f2223) sw      gp, -764(t5)
core   0: 3 0x8000b300 (0xd03f2223) mem 0x8000c000 0x00000001
core   0: 0x8000b304 (0xff9ff06f) j       pc - 0x8
core   0: 3 0x8000b304 (0xff9ff06f)
core   0: 0x8000b2fc (0x00001f17) auipc   t5, 0x1
core   0: 3 0x8000b2fc (0x00001f17) x30 0x8000c2fc
core   0: 0x8000b300 (0xd03f2223) sw      gp, -764(t5)
core   0: 3 0x8000b300 (0xd03f2223) mem 0x8000c000 0x00000001
core   0: 0x8000b304 (0xff9ff06f) j       pc - 0x8
core   0: 3 0x8000b304 (0xff9ff06f)
core   0: 0x8000b2fc (0x00001f17) auipc   t5, 0x1
core   0: 3 0x8000b2fc (0x00001f17) x30 0x8000c2fc
core   0: 0x8000b300 (0xd03f2223) sw      gp, -764(t5)
core   0: 3 0x8000b300 (0xd03f2223) mem 0x8000c000 0x00000001
core   0: 0x8000b304 (0xff9ff06f) j       pc - 0x8
core   0: 3 0x8000b304 (0xff9ff06f)
core   0: 0x8000b2fc (0x00001f17) auipc   t5, 0x1
core   0: 3 0x8000b2fc (0x00001f17) x30 0x8000c2fc
core   0: 0x8000b300 (0xd03f2223) sw      gp, -764(t5)
core   0: 3 0x8000b300 (0xd03f2223) mem 0x8000c000 0x00000001
core   0: 0x8000b304 (0xff9ff06f) j       pc - 0x8
core   0: 3 0x8000b304 (0xff9ff06f)
core   0: 0x8000b2fc (0x00001f17) auipc   t5, 0x1
core   0: 3 0x8000b2fc (0x00001f17) x30 0x8000c2fc
core   0: 0x8000b300 (0xd03f2223) sw      gp, -764(t5)
core   0: 3 0x8000b300 (0xd03f2223) mem 0x8000c000 0x00000001
core   0: 0x8000b304 (0xff9ff06f) j       pc - 0x8
core   0: 3 0x8000b304 (0xff9ff06f)
core   0: 0x8000b2fc (0x00001f17) auipc   t5, 0x1
core   0: 3 0x8000b2fc (0x00001f17) x30 0x8000c2fc
core   0: 0x8000b300 (0xd03f2223) sw      gp, -764(t5)
core   0: 3 0x8000b300 (0xd03f2223) mem 0x8000c000 0x00000001
core   0: 0x8000b304 (0xff9ff06f) j       pc - 0x8
core   0: 3 0x8000b304 (0xff9ff06f)
core   0: 0x8000b2fc (0x00001f17) auipc   t5, 0x1
core   0: 3 0x8000b2fc (0x00001f17) x30 0x8000c2fc
core   0: 0x8000b300 (0xd03f2223) sw      gp, -764(t5)
core   0: 3 0x8000b300 (0xd03f2223) mem 0x8000c000 0x00000001
core   0: 0x8000b304 (0xff9ff06f) j       pc - 0x8
core   0: 3 0x8000b304 (0xff9ff06f)
core   0: 0x8000b2fc (0x00001f17) auipc   t5, 0x1
core   0: 3 0x8000b2fc (0x00001f17) x30 0x8000c2fc
core   0: 0x8000b300 (0xd03f2223) sw      gp, -764(t5)
core   0: 3 0x8000b300 (0xd03f2223) mem 0x8000c000 0x00000001
core   0: 0x8000b304 (0xff9ff06f) j       pc - 0x8
core   0: 3 0x8000b304 (0xff9ff06f)
core   0: 0x8000b2fc (0x00001f17) auipc   t5, 0x1
core   0: 3 0x8000b2fc (0x00001f17) x30 0x8000c2fc
core   0: 0x8000b300 (0xd03f2223) sw      gp, -764(t5)
core   0: 3 0x8000b300 (0xd03f2223) mem 0x8000c000 0x00000001
core   0: 0x8000b304 (0xff9ff06f) j       pc - 0x8
core   0: 3 0x8000b304 (0xff9ff06f)
core   0: 0x8000b2fc (0x00001f17) auipc   t5, 0x1
core   0: 3 0x8000b2fc (0x00001f17) x30 0x8000c2fc
core   0: 0x8000b300 (0xd03f2223) sw      gp, -764(t5)
core   0: 3 0x8000b300 (0xd03f2223) mem 0x8000c000 0x00000001
core   0: 0x8000b304 (0xff9ff06f) j       pc - 0x8
core   0: 3 0x8000b304 (0xff9ff06f)
core   0: 0x8000b2fc (0x00001f17) auipc   t5, 0x1
core   0: 3 0x8000b2fc (0x00001f17) x30 0x8000c2fc
core   0: 0x8000b300 (0xd03f2223) sw      gp, -764(t5)
core   0: 3 0x8000b300 (0xd03f2223) mem 0x8000c000 0x00000001
core   0: 0x8000b304 (0xff9ff06f) j       pc - 0x8
core   0: 3 0x8000b304 (0xff9ff06f)
core   0: 0x8000b2fc (0x00001f17) auipc   t5, 0x1
core   0: 3 0x8000b2fc (0x00001f17) x30 0x8000c2fc
core   0: 0x8000b300 (0xd03f2223) sw      gp, -764(t5)
core   0: 3 0x8000b300 (0xd03f2223) mem 0x8000c000 0x00000001
core   0: 0x8000b304 (0xff9ff06f) j       pc - 0x8
core   0: 3 0x8000b304 (0xff9ff06f)
core   0: 0x8000b2fc (0x00001f17) auipc   t5, 0x1
core   0: 3 0x8000b2fc (0x00001f17) x30 0x8000c2fc
core   0: 0x8000b300 (0xd03f2223) sw      gp, -764(t5)
core   0: 3 0x8000b300 (0xd03f2223) mem 0x8000c000 0x00000001
core   0: 0x8000b304 (0xff9ff06f) j       pc - 0x8
core   0: 3 0x8000b304 (0xff9ff06f)
core   0: 0x8000b2fc (0x00001f17) auipc   t5, 0x1
core   0: 3 0x8000b2fc (0x00001f17) x30 0x8000c2fc
core   0: 0x8000b300 (0xd03f2223) sw      gp, -764(t5)
core   0: 3 0x8000b300 (0xd03f2223) mem 0x8000c000 0x00000001
core   0: 0x8000b304 (0xff9ff06f) j       pc - 0x8
core   0: 3 0x8000b304 (0xff9ff06f)
core   0: 0x8000b2fc (0x00001f17) auipc   t5, 0x1
core   0: 3 0x8000b2fc (0x00001f17) x30 0x8000c2fc
core   0: 0x8000b300 (0xd03f2223) sw      gp, -764(t5)
core   0: 3 0x8000b300 (0xd03f2223) mem 0x8000c000 0x00000001
core   0: 0x8000b304 (0xff9ff06f) j       pc - 0x8
core   0: 3 0x8000b304 (0xff9ff06f)
core   0: 0x8000b2fc (0x00001f17) auipc   t5, 0x1
core   0: 3 0x8000b2fc (0x00001f17) x30 0x8000c2fc
core   0: 0x8000b300 (0xd03f2223) sw      gp, -764(t5)
core   0: 3 0x8000b300 (0xd03f2223) mem 0x8000c000 0x00000001
core   0: 0x8000b304 (0xff9ff06f) j       pc - 0x8
core   0: 3 0x8000b304 (0xff9ff06f)
core   0: 0x8000b2fc (0x00001f17) auipc   t5, 0x1
core   0: 3 0x8000b2fc (0x00001f17) x30 0x8000c2fc
core   0: 0x8000b300 (0xd03f2223) sw      gp, -764(t5)
core   0: 3 0x8000b300 (0xd03f2223) mem 0x8000c000 0x00000001
core   0: 0x8000b304 (0xff9ff06f) j       pc - 0x8
core   0: 3 0x8000b304 (0xff9ff06f)
core   0: 0x8000b2fc (0x00001f17) auipc   t5, 0x1
core   0: 3 0x8000b2fc (0x00001f17) x30 0x8000c2fc
core   0: 0x8000b300 (0xd03f2223) sw      gp, -764(t5)
core   0: 3 0x8000b300 (0xd03f2223) mem 0x8000c000 0x00000001
core   0: 0x8000b304 (0xff9ff06f) j       pc - 0x8
core   0: 3 0x8000b304 (0xff9ff06f)
core   0: 0x8000b2fc (0x00001f17) auipc   t5, 0x1
core   0: 3 0x8000b2fc (0x00001f17) x30 0x8000c2fc
core   0: 0x8000b300 (0xd03f2223) sw      gp, -764(t5)
core   0: 3 0x8000b300 (0xd03f2223) mem 0x8000c000 0x00000001
core   0: 0x8000b304 (0xff9ff06f) j       pc - 0x8
core   0: 3 0x8000b304 (0xff9ff06f)
core   0: 0x8000b2fc (0x00001f17) auipc   t5, 0x1
core   0: 3 0x8000b2fc (0x00001f17) x30 0x8000c2fc
core   0: 0x8000b300 (0xd03f2223) sw      gp, -764(t5)
core   0: 3 0x8000b300 (0xd03f2223) mem 0x8000c000 0x00000001
core   0: 0x8000b304 (0xff9ff06f) j       pc - 0x8
core   0: 3 0x8000b304 (0xff9ff06f)
core   0: 0x8000b2fc (0x00001f17) auipc   t5, 0x1
core   0: 3 0x8000b2fc (0x00001f17) x30 0x8000c2fc
core   0: 0x8000b300 (0xd03f2223) sw      gp, -764(t5)
core   0: 3 0x8000b300 (0xd03f2223) mem 0x8000c000 0x00000001
core   0: 0x8000b304 (0xff9ff06f) j       pc - 0x8
core   0: 3 0x8000b304 (0xff9ff06f)
core   0: 0x8000b2fc (0x00001f17) auipc   t5, 0x1
core   0: 3 0x8000b2fc (0x00001f17) x30 0x8000c2fc
core   0: 0x8000b300 (0xd03f2223) sw      gp, -764(t5)
core   0: 3 0x8000b300 (0xd03f2223) mem 0x8000c000 0x00000001
core   0: 0x8000b304 (0xff9ff06f) j       pc - 0x8
core   0: 3 0x8000b304 (0xff9ff06f)
core   0: 0x8000b2fc (0x00001f17) auipc   t5, 0x1
core   0: 3 0x8000b2fc (0x00001f17) x30 0x8000c2fc
core   0: 0x8000b300 (0xd03f2223) sw      gp, -764(t5)
core   0: 3 0x8000b300 (0xd03f2223) mem 0x8000c000 0x00000001
core   0: 0x8000b304 (0xff9ff06f) j       pc - 0x8
core   0: 3 0x8000b304 (0xff9ff06f)
core   0: 0x8000b2fc (0x00001f17) auipc   t5, 0x1
core   0: 3 0x8000b2fc (0x00001f17) x30 0x8000c2fc
core   0: 0x8000b300 (0xd03f2223) sw      gp, -764(t5)
core   0: 3 0x8000b300 (0xd03f2223) mem 0x8000c000 0x00000001
core   0: 0x8000b304 (0xff9ff06f) j       pc - 0x8
core   0: 3 0x8000b304 (0xff9ff06f)
core   0: 0x8000b2fc (0x00001f17) auipc   t5, 0x1
core   0: 3 0x8000b2fc (0x00001f17) x30 0x8000c2fc
core   0: 0x8000b300 (0xd03f2223) sw      gp, -764(t5)
core   0: 3 0x8000b300 (0xd03f2223) mem 0x8000c000 0x00000001
core   0: 0x8000b304 (0xff9ff06f) j       pc - 0x8
core   0: 3 0x8000b304 (0xff9ff06f)
core   0: 0x8000b2fc (0x00001f17) auipc   t5, 0x1
core   0: 3 0x8000b2fc (0x00001f17) x30 0x8000c2fc
core   0: 0x8000b300 (0xd03f2223) sw      gp, -764(t5)
core   0: 3 0x8000b300 (0xd03f2223) mem 0x8000c000 0x00000001
core   0: 0x8000b304 (0xff9ff06f) j       pc - 0x8
core   0: 3 0x8000b304 (0xff9ff06f)
core   0: 0x8000b2fc (0x00001f17) auipc   t5, 0x1
core   0: 3 0x8000b2fc (0x00001f17) x30 0x8000c2fc
core   0: 0x8000b300 (0xd03f2223) sw      gp, -764(t5)
core   0: 3 0x8000b300 (0xd03f2223) mem 0x8000c000 0x00000001
core   0: 0x8000b304 (0xff9ff06f) j       pc - 0x8
core   0: 3 0x8000b304 (0xff9ff06f)
core   0: 0x8000b2fc (0x00001f17) auipc   t5, 0x1
core   0: 3 0x8000b2fc (0x00001f17) x30 0x8000c2fc
core   0: 0x8000b300 (0xd03f2223) sw      gp, -764(t5)
core   0: 3 0x8000b300 (0xd03f2223) mem 0x8000c000 0x00000001
core   0: 0x8000b304 (0xff9ff06f) j       pc - 0x8
core   0: 3 0x8000b304 (0xff9ff06f)
core   0: 0x8000b2fc (0x00001f17) auipc   t5, 0x1
core   0: 3 0x8000b2fc (0x00001f17) x30 0x8000c2fc
core   0: 0x8000b300 (0xd03f2223) sw      gp, -764(t5)
core   0: 3 0x8000b300 (0xd03f2223) mem 0x8000c000 0x00000001
core   0: 0x8000b304 (0xff9ff06f) j       pc - 0x8
core   0: 3 0x8000b304 (0xff9ff06f)
core   0: 0x8000b2fc (0x00001f17) auipc   t5, 0x1
core   0: 3 0x8000b2fc (0x00001f17) x30 0x8000c2fc
core   0: 0x8000b300 (0xd03f2223) sw      gp, -764(t5)
core   0: 3 0x8000b300 (0xd03f2223) mem 0x8000c000 0x00000001
core   0: 0x8000b304 (0xff9ff06f) j       pc - 0x8
core   0: 3 0x8000b304 (0xff9ff06f)
core   0: 0x8000b2fc (0x00001f17) auipc   t5, 0x1
core   0: 3 0x8000b2fc (0x00001f17) x30 0x8000c2fc
core   0: 0x8000b300 (0xd03f2223) sw      gp, -764(t5)
core   0: 3 0x8000b300 (0xd03f2223) mem 0x8000c000 0x00000001
core   0: 0x8000b304 (0xff9ff06f) j       pc - 0x8
core   0: 3 0x8000b304 (0xff9ff06f)
core   0: 0x8000b2fc (0x00001f17) auipc   t5, 0x1
core   0: 3 0x8000b2fc (0x00001f17) x30 0x8000c2fc
core   0: 0x8000b300 (0xd03f2223) sw      gp, -764(t5)
core   0: 3 0x8000b300 (0xd03f2223) mem 0x8000c000 0x00000001
core   0: 0x8000b304 (0xff9ff06f) j       pc - 0x8
core   0: 3 0x8000b304 (0xff9ff06f)
core   0: 0x8000b2fc (0x00001f17) auipc   t5, 0x1
core   0: 3 0x8000b2fc (0x00001f17) x30 0x8000c2fc
core   0: 0x8000b300 (0xd03f2223) sw      gp, -764(t5)
core   0: 3 0x8000b300 (0xd03f2223) mem 0x8000c000 0x00000001
core   0: 0x8000b304 (0xff9ff06f) j       pc - 0x8
core   0: 3 0x8000b304 (0xff9ff06f)
core   0: 0x8000b2fc (0x00001f17) auipc   t5, 0x1
core   0: 3 0x8000b2fc (0x00001f17) x30 0x8000c2fc
core   0: 0x8000b300 (0xd03f2223) sw      gp, -764(t5)
core   0: 3 0x8000b300 (0xd03f2223) mem 0x8000c000 0x00000001
core   0: 0x8000b304 (0xff9ff06f) j       pc - 0x8
core   0: 3 0x8000b304 (0xff9ff06f)
core   0: 0x8000b2fc (0x00001f17) auipc   t5, 0x1
core   0: 3 0x8000b2fc (0x00001f17) x30 0x8000c2fc
core   0: 0x8000b300 (0xd03f2223) sw      gp, -764(t5)
core   0: 3 0x8000b300 (0xd03f2223) mem 0x8000c000 0x00000001
core   0: 0x8000b304 (0xff9ff06f) j       pc - 0x8
core   0: 3 0x8000b304 (0xff9ff06f)
core   0: 0x8000b2fc (0x00001f17) auipc   t5, 0x1
core   0: 3 0x8000b2fc (0x00001f17) x30 0x8000c2fc
core   0: 0x8000b300 (0xd03f2223) sw      gp, -764(t5)
core   0: 3 0x8000b300 (0xd03f2223) mem 0x8000c000 0x00000001
core   0: 0x8000b304 (0xff9ff06f) j       pc - 0x8
core   0: 3 0x8000b304 (0xff9ff06f)
core   0: 0x8000b2fc (0x00001f17) auipc   t5, 0x1
core   0: 3 0x8000b2fc (0x00001f17) x30 0x8000c2fc
core   0: 0x8000b300 (0xd03f2223) sw      gp, -764(t5)
core   0: 3 0x8000b300 (0xd03f2223) mem 0x8000c000 0x00000001
core   0: 0x8000b304 (0xff9ff06f) j       pc - 0x8
core   0: 3 0x8000b304 (0xff9ff06f)
core   0: 0x8000b2fc (0x00001f17) auipc   t5, 0x1
core   0: 3 0x8000b2fc (0x00001f17) x30 0x8000c2fc
core   0: 0x8000b300 (0xd03f2223) sw      gp, -764(t5)
core   0: 3 0x8000b300 (0xd03f2223) mem 0x8000c000 0x00000001
core   0: 0x8000b304 (0xff9ff06f) j       pc - 0x8
core   0: 3 0x8000b304 (0xff9ff06f)
core   0: 0x8000b2fc (0x00001f17) auipc   t5, 0x1
core   0: 3 0x8000b2fc (0x00001f17) x30 0x8000c2fc
core   0: 0x8000b300 (0xd03f2223) sw      gp, -764(t5)
core   0: 3 0x8000b300 (0xd03f2223) mem 0x8000c000 0x00000001
core   0: 0x8000b304 (0xff9ff06f) j       pc - 0x8
core   0: 3 0x8000b304 (0xff9ff06f)
core   0: 0x8000b2fc (0x00001f17) auipc   t5, 0x1
core   0: 3 0x8000b2fc (0x00001f17) x30 0x8000c2fc
core   0: 0x8000b300 (0xd03f2223) sw      gp, -764(t5)
core   0: 3 0x8000b300 (0xd03f2223) mem 0x8000c000 0x00000001
core   0: 0x8000b304 (0xff9ff06f) j       pc - 0x8
core   0: 3 0x8000b304 (0xff9ff06f)
core   0: 0x8000b2fc (0x00001f17) auipc   t5, 0x1
core   0: 3 0x8000b2fc (0x00001f17) x30 0x8000c2fc
core   0: 0x8000b300 (0xd03f2223) sw      gp, -764(t5)
core   0: 3 0x8000b300 (0xd03f2223) mem 0x8000c000 0x00000001
core   0: 0x8000b304 (0xff9ff06f) j       pc - 0x8
core   0: 3 0x8000b304 (0xff9ff06f)
core   0: 0x8000b2fc (0x00001f17) auipc   t5, 0x1
core   0: 3 0x8000b2fc (0x00001f17) x30 0x8000c2fc
core   0: 0x8000b300 (0xd03f2223) sw      gp, -764(t5)
core   0: 3 0x8000b300 (0xd03f2223) mem 0x8000c000 0x00000001
core   0: 0x8000b304 (0xff9ff06f) j       pc - 0x8
core   0: 3 0x8000b304 (0xff9ff06f)
core   0: 0x8000b2fc (0x00001f17) auipc   t5, 0x1
core   0: 3 0x8000b2fc (0x00001f17) x30 0x8000c2fc
core   0: 0x8000b300 (0xd03f2223) sw      gp, -764(t5)
core   0: 3 0x8000b300 (0xd03f2223) mem 0x8000c000 0x00000001
core   0: 0x8000b304 (0xff9ff06f) j       pc - 0x8
core   0: 3 0x8000b304 (0xff9ff06f)
core   0: 0x8000b2fc (0x00001f17) auipc   t5, 0x1
core   0: 3 0x8000b2fc (0x00001f17) x30 0x8000c2fc
core   0: 0x8000b300 (0xd03f2223) sw      gp, -764(t5)
core   0: 3 0x8000b300 (0xd03f2223) mem 0x8000c000 0x00000001
core   0: 0x8000b304 (0xff9ff06f) j       pc - 0x8
core   0: 3 0x8000b304 (0xff9ff06f)
core   0: 0x8000b2fc (0x00001f17) auipc   t5, 0x1
core   0: 3 0x8000b2fc (0x00001f17) x30 0x8000c2fc
core   0: 0x8000b300 (0xd03f2223) sw      gp, -764(t5)
core   0: 3 0x8000b300 (0xd03f2223) mem 0x8000c000 0x00000001
core   0: 0x8000b304 (0xff9ff06f) j       pc - 0x8
core   0: 3 0x8000b304 (0xff9ff06f)
core   0: 0x8000b2fc (0x00001f17) auipc   t5, 0x1
core   0: 3 0x8000b2fc (0x00001f17) x30 0x8000c2fc
core   0: 0x8000b300 (0xd03f2223) sw      gp, -764(t5)
core   0: 3 0x8000b300 (0xd03f2223) mem 0x8000c000 0x00000001
core   0: 0x8000b304 (0xff9ff06f) j       pc - 0x8
core   0: 3 0x8000b304 (0xff9ff06f)
core   0: 0x8000b2fc (0x00001f17) auipc   t5, 0x1
core   0: 3 0x8000b2fc (0x00001f17) x30 0x8000c2fc
core   0: 0x8000b300 (0xd03f2223) sw      gp, -764(t5)
core   0: 3 0x8000b300 (0xd03f2223) mem 0x8000c000 0x00000001
core   0: 0x8000b304 (0xff9ff06f) j       pc - 0x8
core   0: 3 0x8000b304 (0xff9ff06f)
core   0: 0x8000b2fc (0x00001f17) auipc   t5, 0x1
core   0: 3 0x8000b2fc (0x00001f17) x30 0x8000c2fc
core   0: 0x8000b300 (0xd03f2223) sw      gp, -764(t5)
core   0: 3 0x8000b300 (0xd03f2223) mem 0x8000c000 0x00000001
core   0: 0x8000b304 (0xff9ff06f) j       pc - 0x8
core   0: 3 0x8000b304 (0xff9ff06f)
core   0: 0x8000b2fc (0x00001f17) auipc   t5, 0x1
core   0: 3 0x8000b2fc (0x00001f17) x30 0x8000c2fc
core   0: 0x8000b300 (0xd03f2223) sw      gp, -764(t5)
core   0: 3 0x8000b300 (0xd03f2223) mem 0x8000c000 0x00000001
core   0: 0x8000b304 (0xff9ff06f) j       pc - 0x8
core   0: 3 0x8000b304 (0xff9ff06f)
core   0: 0x8000b2fc (0x00001f17) auipc   t5, 0x1
core   0: 3 0x8000b2fc (0x00001f17) x30 0x8000c2fc
core   0: 0x8000b300 (0xd03f2223) sw      gp, -764(t5)
core   0: 3 0x8000b300 (0xd03f2223) mem 0x8000c000 0x00000001
core   0: 0x8000b304 (0xff9ff06f) j       pc - 0x8
core   0: 3 0x8000b304 (0xff9ff06f)
core   0: 0x8000b2fc (0x00001f17) auipc   t5, 0x1
core   0: 3 0x8000b2fc (0x00001f17) x30 0x8000c2fc
core   0: 0x8000b300 (0xd03f2223) sw      gp, -764(t5)
core   0: 3 0x8000b300 (0xd03f2223) mem 0x8000c000 0x00000001
core   0: 0x8000b304 (0xff9ff06f) j       pc - 0x8
core   0: 3 0x8000b304 (0xff9ff06f)
core   0: 0x8000b2fc (0x00001f17) auipc   t5, 0x1
core   0: 3 0x8000b2fc (0x00001f17) x30 0x8000c2fc
core   0: 0x8000b300 (0xd03f2223) sw      gp, -764(t5)
core   0: 3 0x8000b300 (0xd03f2223) mem 0x8000c000 0x00000001
core   0: 0x8000b304 (0xff9ff06f) j       pc - 0x8
core   0: 3 0x8000b304 (0xff9ff06f)
core   0: 0x8000b2fc (0x00001f17) auipc   t5, 0x1
core   0: 3 0x8000b2fc (0x00001f17) x30 0x8000c2fc
core   0: 0x8000b300 (0xd03f2223) sw      gp, -764(t5)
core   0: 3 0x8000b300 (0xd03f2223) mem 0x8000c000 0x00000001
core   0: 0x8000b304 (0xff9ff06f) j       pc - 0x8
core   0: 3 0x8000b304 (0xff9ff06f)
core   0: 0x8000b2fc (0x00001f17) auipc   t5, 0x1
core   0: 3 0x8000b2fc (0x00001f17) x30 0x8000c2fc
core   0: 0x8000b300 (0xd03f2223) sw      gp, -764(t5)
core   0: 3 0x8000b300 (0xd03f2223) mem 0x8000c000 0x00000001
core   0: 0x8000b304 (0xff9ff06f) j       pc - 0x8
core   0: 3 0x8000b304 (0xff9ff06f)
core   0: 0x8000b2fc (0x00001f17) auipc   t5, 0x1
core   0: 3 0x8000b2fc (0x00001f17) x30 0x8000c2fc
core   0: 0x8000b300 (0xd03f2223) sw      gp, -764(t5)
core   0: 3 0x8000b300 (0xd03f2223) mem 0x8000c000 0x00000001
core   0: 0x8000b304 (0xff9ff06f) j       pc - 0x8
core   0: 3 0x8000b304 (0xff9ff06f)
core   0: 0x8000b2fc (0x00001f17) auipc   t5, 0x1
core   0: 3 0x8000b2fc (0x00001f17) x30 0x8000c2fc
core   0: 0x8000b300 (0xd03f2223) sw      gp, -764(t5)
core   0: 3 0x8000b300 (0xd03f2223) mem 0x8000c000 0x00000001
core   0: 0x8000b304 (0xff9ff06f) j       pc - 0x8
core   0: 3 0x8000b304 (0xff9ff06f)
core   0: 0x8000b2fc (0x00001f17) auipc   t5, 0x1
core   0: 3 0x8000b2fc (0x00001f17) x30 0x8000c2fc
core   0: 0x8000b300 (0xd03f2223) sw      gp, -764(t5)
core   0: 3 0x8000b300 (0xd03f2223) mem 0x8000c000 0x00000001
core   0: 0x8000b304 (0xff9ff06f) j       pc - 0x8
core   0: 3 0x8000b304 (0xff9ff06f)
core   0: 0x8000b2fc (0x00001f17) auipc   t5, 0x1
core   0: 3 0x8000b2fc (0x00001f17) x30 0x8000c2fc
core   0: 0x8000b300 (0xd03f2223) sw      gp, -764(t5)
core   0: 3 0x8000b300 (0xd03f2223) mem 0x8000c000 0x00000001
core   0: 0x8000b304 (0xff9ff06f) j       pc - 0x8
core   0: 3 0x8000b304 (0xff9ff06f)
core   0: 0x8000b2fc (0x00001f17) auipc   t5, 0x1
core   0: 3 0x8000b2fc (0x00001f17) x30 0x8000c2fc
core   0: 0x8000b300 (0xd03f2223) sw      gp, -764(t5)
core   0: 3 0x8000b300 (0xd03f2223) mem 0x8000c000 0x00000001
core   0: 0x8000b304 (0xff9ff06f) j       pc - 0x8
core   0: 3 0x8000b304 (0xff9ff06f)
core   0: 0x8000b2fc (0x00001f17) auipc   t5, 0x1
core   0: 3 0x8000b2fc (0x00001f17) x30 0x8000c2fc
core   0: 0x8000b300 (0xd03f2223) sw      gp, -764(t5)
core   0: 3 0x8000b300 (0xd03f2223) mem 0x8000c000 0x00000001
core   0: 0x8000b304 (0xff9ff06f) j       pc - 0x8
core   0: 3 0x8000b304 (0xff9ff06f)
core   0: 0x8000b2fc (0x00001f17) auipc   t5, 0x1
core   0: 3 0x8000b2fc (0x00001f17) x30 0x8000c2fc
core   0: 0x8000b300 (0xd03f2223) sw      gp, -764(t5)
core   0: 3 0x8000b300 (0xd03f2223) mem 0x8000c000 0x00000001
core   0: 0x8000b304 (0xff9ff06f) j       pc - 0x8
core   0: 3 0x8000b304 (0xff9ff06f)
core   0: 0x8000b2fc (0x00001f17) auipc   t5, 0x1
core   0: 3 0x8000b2fc (0x00001f17) x30 0x8000c2fc
core   0: 0x8000b300 (0xd03f2223) sw      gp, -764(t5)
core   0: 3 0x8000b300 (0xd03f2223) mem 0x8000c000 0x00000001
core   0: 0x8000b304 (0xff9ff06f) j       pc - 0x8
core   0: 3 0x8000b304 (0xff9ff06f)
core   0: 0x8000b2fc (0x00001f17) auipc   t5, 0x1
core   0: 3 0x8000b2fc (0x00001f17) x30 0x8000c2fc
core   0: 0x8000b300 (0xd03f2223) sw      gp, -764(t5)
core   0: 3 0x8000b300 (0xd03f2223) mem 0x8000c000 0x00000001
core   0: 0x8000b304 (0xff9ff06f) j       pc - 0x8
core   0: 3 0x8000b304 (0xff9ff06f)
core   0: 0x8000b2fc (0x00001f17) auipc   t5, 0x1
core   0: 3 0x8000b2fc (0x00001f17) x30 0x8000c2fc
core   0: 0x8000b300 (0xd03f2223) sw      gp, -764(t5)
core   0: 3 0x8000b300 (0xd03f2223) mem 0x8000c000 0x00000001
core   0: 0x8000b304 (0xff9ff06f) j       pc - 0x8
core   0: 3 0x8000b304 (0xff9ff06f)
core   0: 0x8000b2fc (0x00001f17) auipc   t5, 0x1
core   0: 3 0x8000b2fc (0x00001f17) x30 0x8000c2fc
core   0: 0x8000b300 (0xd03f2223) sw      gp, -764(t5)
core   0: 3 0x8000b300 (0xd03f2223) mem 0x8000c000 0x00000001
core   0: 0x8000b304 (0xff9ff06f) j       pc - 0x8
core   0: 3 0x8000b304 (0xff9ff06f)
core   0: 0x8000b2fc (0x00001f17) auipc   t5, 0x1
core   0: 3 0x8000b2fc (0x00001f17) x30 0x8000c2fc
core   0: 0x8000b300 (0xd03f2223) sw      gp, -764(t5)
core   0: 3 0x8000b300 (0xd03f2223) mem 0x8000c000 0x00000001
core   0: 0x8000b304 (0xff9ff06f) j       pc - 0x8
core   0: 3 0x8000b304 (0xff9ff06f)
core   0: 0x8000b2fc (0x00001f17) auipc   t5, 0x1
core   0: 3 0x8000b2fc (0x00001f17) x30 0x8000c2fc
core   0: 0x8000b300 (0xd03f2223) sw      gp, -764(t5)
core   0: 3 0x8000b300 (0xd03f2223) mem 0x8000c000 0x00000001
core   0: 0x8000b304 (0xff9ff06f) j       pc - 0x8
core   0: 3 0x8000b304 (0xff9ff06f)
core   0: 0x8000b2fc (0x00001f17) auipc   t5, 0x1
core   0: 3 0x8000b2fc (0x00001f17) x30 0x8000c2fc
core   0: 0x8000b300 (0xd03f2223) sw      gp, -764(t5)
core   0: 3 0x8000b300 (0xd03f2223) mem 0x8000c000 0x00000001
core   0: 0x8000b304 (0xff9ff06f) j       pc - 0x8
core   0: 3 0x8000b304 (0xff9ff06f)
core   0: 0x8000b2fc (0x00001f17) auipc   t5, 0x1
core   0: 3 0x8000b2fc (0x00001f17) x30 0x8000c2fc
core   0: 0x8000b300 (0xd03f2223) sw      gp, -764(t5)
core   0: 3 0x8000b300 (0xd03f2223) mem 0x8000c000 0x00000001
core   0: 0x8000b304 (0xff9ff06f) j       pc - 0x8
core   0: 3 0x8000b304 (0xff9ff06f)
core   0: 0x8000b2fc (0x00001f17) auipc   t5, 0x1
core   0: 3 0x8000b2fc (0x00001f17) x30 0x8000c2fc
core   0: 0x8000b300 (0xd03f2223) sw      gp, -764(t5)
core   0: 3 0x8000b300 (0xd03f2223) mem 0x8000c000 0x00000001
core   0: 0x8000b304 (0xff9ff06f) j       pc - 0x8
core   0: 3 0x8000b304 (0xff9ff06f)
core   0: 0x8000b2fc (0x00001f17) auipc   t5, 0x1
core   0: 3 0x8000b2fc (0x00001f17) x30 0x8000c2fc
core   0: 0x8000b300 (0xd03f2223) sw      gp, -764(t5)
core   0: 3 0x8000b300 (0xd03f2223) mem 0x8000c000 0x00000001
core   0: 0x8000b304 (0xff9ff06f) j       pc - 0x8
core   0: 3 0x8000b304 (0xff9ff06f)
core   0: 0x8000b2fc (0x00001f17) auipc   t5, 0x1
core   0: 3 0x8000b2fc (0x00001f17) x30 0x8000c2fc
core   0: 0x8000b300 (0xd03f2223) sw      gp, -764(t5)
core   0: 3 0x8000b300 (0xd03f2223) mem 0x8000c000 0x00000001
core   0: 0x8000b304 (0xff9ff06f) j       pc - 0x8
core   0: 3 0x8000b304 (0xff9ff06f)
core   0: 0x8000b2fc (0x00001f17) auipc   t5, 0x1
core   0: 3 0x8000b2fc (0x00001f17) x30 0x8000c2fc
core   0: 0x8000b300 (0xd03f2223) sw      gp, -764(t5)
core   0: 3 0x8000b300 (0xd03f2223) mem 0x8000c000 0x00000001
core   0: 0x8000b304 (0xff9ff06f) j       pc - 0x8
core   0: 3 0x8000b304 (0xff9ff06f)
core   0: 0x8000b2fc (0x00001f17) auipc   t5, 0x1
core   0: 3 0x8000b2fc (0x00001f17) x30 0x8000c2fc
core   0: 0x8000b300 (0xd03f2223) sw      gp, -764(t5)
core   0: 3 0x8000b300 (0xd03f2223) mem 0x8000c000 0x00000001
core   0: 0x8000b304 (0xff9ff06f) j       pc - 0x8
core   0: 3 0x8000b304 (0xff9ff06f)
core   0: 0x8000b2fc (0x00001f17) auipc   t5, 0x1
core   0: 3 0x8000b2fc (0x00001f17) x30 0x8000c2fc
core   0: 0x8000b300 (0xd03f2223) sw      gp, -764(t5)
core   0: 3 0x8000b300 (0xd03f2223) mem 0x8000c000 0x00000001
core   0: 0x8000b304 (0xff9ff06f) j       pc - 0x8
core   0: 3 0x8000b304 (0xff9ff06f)
core   0: 0x8000b2fc (0x00001f17) auipc   t5, 0x1
core   0: 3 0x8000b2fc (0x00001f17) x30 0x8000c2fc
core   0: 0x8000b300 (0xd03f2223) sw      gp, -764(t5)
core   0: 3 0x8000b300 (0xd03f2223) mem 0x8000c000 0x00000001
core   0: 0x8000b304 (0xff9ff06f) j       pc - 0x8
core   0: 3 0x8000b304 (0xff9ff06f)
core   0: 0x8000b2fc (0x00001f17) auipc   t5, 0x1
core   0: 3 0x8000b2fc (0x00001f17) x30 0x8000c2fc
core   0: 0x8000b300 (0xd03f2223) sw      gp, -764(t5)
core   0: 3 0x8000b300 (0xd03f2223) mem 0x8000c000 0x00000001
core   0: 0x8000b304 (0xff9ff06f) j       pc - 0x8
core   0: 3 0x8000b304 (0xff9ff06f)
core   0: 0x8000b2fc (0x00001f17) auipc   t5, 0x1
core   0: 3 0x8000b2fc (0x00001f17) x30 0x8000c2fc
core   0: 0x8000b300 (0xd03f2223) sw      gp, -764(t5)
core   0: 3 0x8000b300 (0xd03f2223) mem 0x8000c000 0x00000001
core   0: 0x8000b304 (0xff9ff06f) j       pc - 0x8
core   0: 3 0x8000b304 (0xff9ff06f)
core   0: 0x8000b2fc (0x00001f17) auipc   t5, 0x1
core   0: 3 0x8000b2fc (0x00001f17) x30 0x8000c2fc
core   0: 0x8000b300 (0xd03f2223) sw      gp, -764(t5)
core   0: 3 0x8000b300 (0xd03f2223) mem 0x8000c000 0x00000001
core   0: 0x8000b304 (0xff9ff06f) j       pc - 0x8
core   0: 3 0x8000b304 (0xff9ff06f)
core   0: 0x8000b2fc (0x00001f17) auipc   t5, 0x1
core   0: 3 0x8000b2fc (0x00001f17) x30 0x8000c2fc
core   0: 0x8000b300 (0xd03f2223) sw      gp, -764(t5)
core   0: 3 0x8000b300 (0xd03f2223) mem 0x8000c000 0x00000001
core   0: 0x8000b304 (0xff9ff06f) j       pc - 0x8
core   0: 3 0x8000b304 (0xff9ff06f)
core   0: 0x8000b2fc (0x00001f17) auipc   t5, 0x1
core   0: 3 0x8000b2fc (0x00001f17) x30 0x8000c2fc
core   0: 0x8000b300 (0xd03f2223) sw      gp, -764(t5)
core   0: 3 0x8000b300 (0xd03f2223) mem 0x8000c000 0x00000001
core   0: 0x8000b304 (0xff9ff06f) j       pc - 0x8
core   0: 3 0x8000b304 (0xff9ff06f)
core   0: 0x8000b2fc (0x00001f17) auipc   t5, 0x1
core   0: 3 0x8000b2fc (0x00001f17) x30 0x8000c2fc
core   0: 0x8000b300 (0xd03f2223) sw      gp, -764(t5)
core   0: 3 0x8000b300 (0xd03f2223) mem 0x8000c000 0x00000001
core   0: 0x8000b304 (0xff9ff06f) j       pc - 0x8
core   0: 3 0x8000b304 (0xff9ff06f)
core   0: 0x8000b2fc (0x00001f17) auipc   t5, 0x1
core   0: 3 0x8000b2fc (0x00001f17) x30 0x8000c2fc
core   0: 0x8000b300 (0xd03f2223) sw      gp, -764(t5)
core   0: 3 0x8000b300 (0xd03f2223) mem 0x8000c000 0x00000001
core   0: 0x8000b304 (0xff9ff06f) j       pc - 0x8
core   0: 3 0x8000b304 (0xff9ff06f)
core   0: 0x8000b2fc (0x00001f17) auipc   t5, 0x1
core   0: 3 0x8000b2fc (0x00001f17) x30 0x8000c2fc
core   0: 0x8000b300 (0xd03f2223) sw      gp, -764(t5)
core   0: 3 0x8000b300 (0xd03f2223) mem 0x8000c000 0x00000001
core   0: 0x8000b304 (0xff9ff06f) j       pc - 0x8
core   0: 3 0x8000b304 (0xff9ff06f)
core   0: 0x8000b2fc (0x00001f17) auipc   t5, 0x1
core   0: 3 0x8000b2fc (0x00001f17) x30 0x8000c2fc
core   0: 0x8000b300 (0xd03f2223) sw      gp, -764(t5)
core   0: 3 0x8000b300 (0xd03f2223) mem 0x8000c000 0x00000001
core   0: 0x8000b304 (0xff9ff06f) j       pc - 0x8
core   0: 3 0x8000b304 (0xff9ff06f)
core   0: 0x8000b2fc (0x00001f17) auipc   t5, 0x1
core   0: 3 0x8000b2fc (0x00001f17) x30 0x8000c2fc
core   0: 0x8000b300 (0xd03f2223) sw      gp, -764(t5)
core   0: 3 0x8000b300 (0xd03f2223) mem 0x8000c000 0x00000001
core   0: 0x8000b304 (0xff9ff06f) j       pc - 0x8
core   0: 3 0x8000b304 (0xff9ff06f)
core   0: 0x8000b2fc (0x00001f17) auipc   t5, 0x1
core   0: 3 0x8000b2fc (0x00001f17) x30 0x8000c2fc
core   0: 0x8000b300 (0xd03f2223) sw      gp, -764(t5)
core   0: 3 0x8000b300 (0xd03f2223) mem 0x8000c000 0x00000001
core   0: 0x8000b304 (0xff9ff06f) j       pc - 0x8
core   0: 3 0x8000b304 (0xff9ff06f)
core   0: 0x8000b2fc (0x00001f17) auipc   t5, 0x1
core   0: 3 0x8000b2fc (0x00001f17) x30 0x8000c2fc
core   0: 0x8000b300 (0xd03f2223) sw      gp, -764(t5)
core   0: 3 0x8000b300 (0xd03f2223) mem 0x8000c000 0x00000001
core   0: 0x8000b304 (0xff9ff06f) j       pc - 0x8
core   0: 3 0x8000b304 (0xff9ff06f)
core   0: 0x8000b2fc (0x00001f17) auipc   t5, 0x1
core   0: 3 0x8000b2fc (0x00001f17) x30 0x8000c2fc
core   0: 0x8000b300 (0xd03f2223) sw      gp, -764(t5)
core   0: 3 0x8000b300 (0xd03f2223) mem 0x8000c000 0x00000001
core   0: 0x8000b304 (0xff9ff06f) j       pc - 0x8
core   0: 3 0x8000b304 (0xff9ff06f)
core   0: 0x8000b2fc (0x00001f17) auipc   t5, 0x1
core   0: 3 0x8000b2fc (0x00001f17) x30 0x8000c2fc
core   0: 0x8000b300 (0xd03f2223) sw      gp, -764(t5)
core   0: 3 0x8000b300 (0xd03f2223) mem 0x8000c000 0x00000001
core   0: 0x8000b304 (0xff9ff06f) j       pc - 0x8
core   0: 3 0x8000b304 (0xff9ff06f)
core   0: 0x8000b2fc (0x00001f17) auipc   t5, 0x1
core   0: 3 0x8000b2fc (0x00001f17) x30 0x8000c2fc
core   0: 0x8000b300 (0xd03f2223) sw      gp, -764(t5)
core   0: 3 0x8000b300 (0xd03f2223) mem 0x8000c000 0x00000001
core   0: 0x8000b304 (0xff9ff06f) j       pc - 0x8
core   0: 3 0x8000b304 (0xff9ff06f)
core   0: 0x8000b2fc (0x00001f17) auipc   t5, 0x1
core   0: 3 0x8000b2fc (0x00001f17) x30 0x8000c2fc
core   0: 0x8000b300 (0xd03f2223) sw      gp, -764(t5)
core   0: 3 0x8000b300 (0xd03f2223) mem 0x8000c000 0x00000001
core   0: 0x8000b304 (0xff9ff06f) j       pc - 0x8
core   0: 3 0x8000b304 (0xff9ff06f)
core   0: 0x8000b2fc (0x00001f17) auipc   t5, 0x1
core   0: 3 0x8000b2fc (0x00001f17) x30 0x8000c2fc
core   0: 0x8000b300 (0xd03f2223) sw      gp, -764(t5)
core   0: 3 0x8000b300 (0xd03f2223) mem 0x8000c000 0x00000001
core   0: 0x8000b304 (0xff9ff06f) j       pc - 0x8
core   0: 3 0x8000b304 (0xff9ff06f)
core   0: 0x8000b2fc (0x00001f17) auipc   t5, 0x1
core   0: 3 0x8000b2fc (0x00001f17) x30 0x8000c2fc
core   0: 0x8000b300 (0xd03f2223) sw      gp, -764(t5)
core   0: 3 0x8000b300 (0xd03f2223) mem 0x8000c000 0x00000001
core   0: 0x8000b304 (0xff9ff06f) j       pc - 0x8
core   0: 3 0x8000b304 (0xff9ff06f)
core   0: 0x8000b2fc (0x00001f17) auipc   t5, 0x1
core   0: 3 0x8000b2fc (0x00001f17) x30 0x8000c2fc
core   0: 0x8000b300 (0xd03f2223) sw      gp, -764(t5)
core   0: 3 0x8000b300 (0xd03f2223) mem 0x8000c000 0x00000001
core   0: 0x8000b304 (0xff9ff06f) j       pc - 0x8
core   0: 3 0x8000b304 (0xff9ff06f)
core   0: 0x8000b2fc (0x00001f17) auipc   t5, 0x1
core   0: 3 0x8000b2fc (0x00001f17) x30 0x8000c2fc
core   0: 0x8000b300 (0xd03f2223) sw      gp, -764(t5)
core   0: 3 0x8000b300 (0xd03f2223) mem 0x8000c000 0x00000001
core   0: 0x8000b304 (0xff9ff06f) j       pc - 0x8
core   0: 3 0x8000b304 (0xff9ff06f)
core   0: 0x8000b2fc (0x00001f17) auipc   t5, 0x1
core   0: 3 0x8000b2fc (0x00001f17) x30 0x8000c2fc
core   0: 0x8000b300 (0xd03f2223) sw      gp, -764(t5)
core   0: 3 0x8000b300 (0xd03f2223) mem 0x8000c000 0x00000001
core   0: 0x8000b304 (0xff9ff06f) j       pc - 0x8
core   0: 3 0x8000b304 (0xff9ff06f)
core   0: 0x8000b2fc (0x00001f17) auipc   t5, 0x1
core   0: 3 0x8000b2fc (0x00001f17) x30 0x8000c2fc
core   0: 0x8000b300 (0xd03f2223) sw      gp, -764(t5)
core   0: 3 0x8000b300 (0xd03f2223) mem 0x8000c000 0x00000001
core   0: 0x8000b304 (0xff9ff06f) j       pc - 0x8
core   0: 3 0x8000b304 (0xff9ff06f)
core   0: 0x8000b2fc (0x00001f17) auipc   t5, 0x1
core   0: 3 0x8000b2fc (0x00001f17) x30 0x8000c2fc
core   0: 0x8000b300 (0xd03f2223) sw      gp, -764(t5)
core   0: 3 0x8000b300 (0xd03f2223) mem 0x8000c000 0x00000001
core   0: 0x8000b304 (0xff9ff06f) j       pc - 0x8
core   0: 3 0x8000b304 (0xff9ff06f)
core   0: 0x8000b2fc (0x00001f17) auipc   t5, 0x1
core   0: 3 0x8000b2fc (0x00001f17) x30 0x8000c2fc
core   0: 0x8000b300 (0xd03f2223) sw      gp, -764(t5)
core   0: 3 0x8000b300 (0xd03f2223) mem 0x8000c000 0x00000001
core   0: 0x8000b304 (0xff9ff06f) j       pc - 0x8
core   0: 3 0x8000b304 (0xff9ff06f)
core   0: 0x8000b2fc (0x00001f17) auipc   t5, 0x1
core   0: 3 0x8000b2fc (0x00001f17) x30 0x8000c2fc
core   0: 0x8000b300 (0xd03f2223) sw      gp, -764(t5)
core   0: 3 0x8000b300 (0xd03f2223) mem 0x8000c000 0x00000001
core   0: 0x8000b304 (0xff9ff06f) j       pc - 0x8
core   0: 3 0x8000b304 (0xff9ff06f)
core   0: 0x8000b2fc (0x00001f17) auipc   t5, 0x1
core   0: 3 0x8000b2fc (0x00001f17) x30 0x8000c2fc
core   0: 0x8000b300 (0xd03f2223) sw      gp, -764(t5)
core   0: 3 0x8000b300 (0xd03f2223) mem 0x8000c000 0x00000001
core   0: 0x8000b304 (0xff9ff06f) j       pc - 0x8
core   0: 3 0x8000b304 (0xff9ff06f)
core   0: 0x8000b2fc (0x00001f17) auipc   t5, 0x1
core   0: 3 0x8000b2fc (0x00001f17) x30 0x8000c2fc
core   0: 0x8000b300 (0xd03f2223) sw      gp, -764(t5)
core   0: 3 0x8000b300 (0xd03f2223) mem 0x8000c000 0x00000001
core   0: 0x8000b304 (0xff9ff06f) j       pc - 0x8
core   0: 3 0x8000b304 (0xff9ff06f)
core   0: 0x8000b2fc (0x00001f17) auipc   t5, 0x1
core   0: 3 0x8000b2fc (0x00001f17) x30 0x8000c2fc
core   0: 0x8000b300 (0xd03f2223) sw      gp, -764(t5)
core   0: 3 0x8000b300 (0xd03f2223) mem 0x8000c000 0x00000001
core   0: 0x8000b304 (0xff9ff06f) j       pc - 0x8
core   0: 3 0x8000b304 (0xff9ff06f)
core   0: 0x8000b2fc (0x00001f17) auipc   t5, 0x1
core   0: 3 0x8000b2fc (0x00001f17) x30 0x8000c2fc
core   0: 0x8000b300 (0xd03f2223) sw      gp, -764(t5)
core   0: 3 0x8000b300 (0xd03f2223) mem 0x8000c000 0x00000001
core   0: 0x8000b304 (0xff9ff06f) j       pc - 0x8
core   0: 3 0x8000b304 (0xff9ff06f)
core   0: 0x8000b2fc (0x00001f17) auipc   t5, 0x1
core   0: 3 0x8000b2fc (0x00001f17) x30 0x8000c2fc
core   0: 0x8000b300 (0xd03f2223) sw      gp, -764(t5)
core   0: 3 0x8000b300 (0xd03f2223) mem 0x8000c000 0x00000001
core   0: 0x8000b304 (0xff9ff06f) j       pc - 0x8
core   0: 3 0x8000b304 (0xff9ff06f)
core   0: 0x8000b2fc (0x00001f17) auipc   t5, 0x1
core   0: 3 0x8000b2fc (0x00001f17) x30 0x8000c2fc
core   0: 0x8000b300 (0xd03f2223) sw      gp, -764(t5)
core   0: 3 0x8000b300 (0xd03f2223) mem 0x8000c000 0x00000001
core   0: 0x8000b304 (0xff9ff06f) j       pc - 0x8
core   0: 3 0x8000b304 (0xff9ff06f)
core   0: 0x8000b2fc (0x00001f17) auipc   t5, 0x1
core   0: 3 0x8000b2fc (0x00001f17) x30 0x8000c2fc
core   0: 0x8000b300 (0xd03f2223) sw      gp, -764(t5)
core   0: 3 0x8000b300 (0xd03f2223) mem 0x8000c000 0x00000001
core   0: 0x8000b304 (0xff9ff06f) j       pc - 0x8
core   0: 3 0x8000b304 (0xff9ff06f)
core   0: 0x8000b2fc (0x00001f17) auipc   t5, 0x1
core   0: 3 0x8000b2fc (0x00001f17) x30 0x8000c2fc
core   0: 0x8000b300 (0xd03f2223) sw      gp, -764(t5)
core   0: 3 0x8000b300 (0xd03f2223) mem 0x8000c000 0x00000001
core   0: 0x8000b304 (0xff9ff06f) j       pc - 0x8
core   0: 3 0x8000b304 (0xff9ff06f)
core   0: 0x8000b2fc (0x00001f17) auipc   t5, 0x1
core   0: 3 0x8000b2fc (0x00001f17) x30 0x8000c2fc
core   0: 0x8000b300 (0xd03f2223) sw      gp, -764(t5)
core   0: 3 0x8000b300 (0xd03f2223) mem 0x8000c000 0x00000001
core   0: 0x8000b304 (0xff9ff06f) j       pc - 0x8
core   0: 3 0x8000b304 (0xff9ff06f)
core   0: 0x8000b2fc (0x00001f17) auipc   t5, 0x1
core   0: 3 0x8000b2fc (0x00001f17) x30 0x8000c2fc
core   0: 0x8000b300 (0xd03f2223) sw      gp, -764(t5)
core   0: 3 0x8000b300 (0xd03f2223) mem 0x8000c000 0x00000001
core   0: 0x8000b304 (0xff9ff06f) j       pc - 0x8
core   0: 3 0x8000b304 (0xff9ff06f)
core   0: 0x8000b2fc (0x00001f17) auipc   t5, 0x1
core   0: 3 0x8000b2fc (0x00001f17) x30 0x8000c2fc
core   0: 0x8000b300 (0xd03f2223) sw      gp, -764(t5)
core   0: 3 0x8000b300 (0xd03f2223) mem 0x8000c000 0x00000001
core   0: 0x8000b304 (0xff9ff06f) j       pc - 0x8
core   0: 3 0x8000b304 (0xff9ff06f)
core   0: 0x8000b2fc (0x00001f17) auipc   t5, 0x1
core   0: 3 0x8000b2fc (0x00001f17) x30 0x8000c2fc
core   0: 0x8000b300 (0xd03f2223) sw      gp, -764(t5)
core   0: 3 0x8000b300 (0xd03f2223) mem 0x8000c000 0x00000001
core   0: 0x8000b304 (0xff9ff06f) j       pc - 0x8
core   0: 3 0x8000b304 (0xff9ff06f)
core   0: 0x8000b2fc (0x00001f17) auipc   t5, 0x1
core   0: 3 0x8000b2fc (0x00001f17) x30 0x8000c2fc
core   0: 0x8000b300 (0xd03f2223) sw      gp, -764(t5)
core   0: 3 0x8000b300 (0xd03f2223) mem 0x8000c000 0x00000001
core   0: 0x8000b304 (0xff9ff06f) j       pc - 0x8
core   0: 3 0x8000b304 (0xff9ff06f)
core   0: 0x8000b2fc (0x00001f17) auipc   t5, 0x1
core   0: 3 0x8000b2fc (0x00001f17) x30 0x8000c2fc
core   0: 0x8000b300 (0xd03f2223) sw      gp, -764(t5)
core   0: 3 0x8000b300 (0xd03f2223) mem 0x8000c000 0x00000001
core   0: 0x8000b304 (0xff9ff06f) j       pc - 0x8
core   0: 3 0x8000b304 (0xff9ff06f)
core   0: 0x8000b2fc (0x00001f17) auipc   t5, 0x1
core   0: 3 0x8000b2fc (0x00001f17) x30 0x8000c2fc
core   0: 0x8000b300 (0xd03f2223) sw      gp, -764(t5)
core   0: 3 0x8000b300 (0xd03f2223) mem 0x8000c000 0x00000001
core   0: 0x8000b304 (0xff9ff06f) j       pc - 0x8
core   0: 3 0x8000b304 (0xff9ff06f)
core   0: 0x8000b2fc (0x00001f17) auipc   t5, 0x1
core   0: 3 0x8000b2fc (0x00001f17) x30 0x8000c2fc
core   0: 0x8000b300 (0xd03f2223) sw      gp, -764(t5)
core   0: 3 0x8000b300 (0xd03f2223) mem 0x8000c000 0x00000001
core   0: 0x8000b304 (0xff9ff06f) j       pc - 0x8
core   0: 3 0x8000b304 (0xff9ff06f)
core   0: 0x8000b2fc (0x00001f17) auipc   t5, 0x1
core   0: 3 0x8000b2fc (0x00001f17) x30 0x8000c2fc
core   0: 0x8000b300 (0xd03f2223) sw      gp, -764(t5)
core   0: 3 0x8000b300 (0xd03f2223) mem 0x8000c000 0x00000001
core   0: 0x8000b304 (0xff9ff06f) j       pc - 0x8
core   0: 3 0x8000b304 (0xff9ff06f)
core   0: 0x8000b2fc (0x00001f17) auipc   t5, 0x1
core   0: 3 0x8000b2fc (0x00001f17) x30 0x8000c2fc
core   0: 0x8000b300 (0xd03f2223) sw      gp, -764(t5)
core   0: 3 0x8000b300 (0xd03f2223) mem 0x8000c000 0x00000001
core   0: 0x8000b304 (0xff9ff06f) j       pc - 0x8
core   0: 3 0x8000b304 (0xff9ff06f)
core   0: 0x8000b2fc (0x00001f17) auipc   t5, 0x1
core   0: 3 0x8000b2fc (0x00001f17) x30 0x8000c2fc
core   0: 0x8000b300 (0xd03f2223) sw      gp, -764(t5)
core   0: 3 0x8000b300 (0xd03f2223) mem 0x8000c000 0x00000001
core   0: 0x8000b304 (0xff9ff06f) j       pc - 0x8
core   0: 3 0x8000b304 (0xff9ff06f)
core   0: 0x8000b2fc (0x00001f17) auipc   t5, 0x1
core   0: 3 0x8000b2fc (0x00001f17) x30 0x8000c2fc
core   0: 0x8000b300 (0xd03f2223) sw      gp, -764(t5)
core   0: 3 0x8000b300 (0xd03f2223) mem 0x8000c000 0x00000001
core   0: 0x8000b304 (0xff9ff06f) j       pc - 0x8
core   0: 3 0x8000b304 (0xff9ff06f)
core   0: 0x8000b2fc (0x00001f17) auipc   t5, 0x1
core   0: 3 0x8000b2fc (0x00001f17) x30 0x8000c2fc
core   0: 0x8000b300 (0xd03f2223) sw      gp, -764(t5)
core   0: 3 0x8000b300 (0xd03f2223) mem 0x8000c000 0x00000001
core   0: 0x8000b304 (0xff9ff06f) j       pc - 0x8
core   0: 3 0x8000b304 (0xff9ff06f)
core   0: 0x8000b2fc (0x00001f17) auipc   t5, 0x1
core   0: 3 0x8000b2fc (0x00001f17) x30 0x8000c2fc
core   0: 0x8000b300 (0xd03f2223) sw      gp, -764(t5)
core   0: 3 0x8000b300 (0xd03f2223) mem 0x8000c000 0x00000001
core   0: 0x8000b304 (0xff9ff06f) j       pc - 0x8
core   0: 3 0x8000b304 (0xff9ff06f)
core   0: 0x8000b2fc (0x00001f17) auipc   t5, 0x1
core   0: 3 0x8000b2fc (0x00001f17) x30 0x8000c2fc
core   0: 0x8000b300 (0xd03f2223) sw      gp, -764(t5)
core   0: 3 0x8000b300 (0xd03f2223) mem 0x8000c000 0x00000001
core   0: 0x8000b304 (0xff9ff06f) j       pc - 0x8
core   0: 3 0x8000b304 (0xff9ff06f)
core   0: 0x8000b2fc (0x00001f17) auipc   t5, 0x1
core   0: 3 0x8000b2fc (0x00001f17) x30 0x8000c2fc
core   0: 0x8000b300 (0xd03f2223) sw      gp, -764(t5)
core   0: 3 0x8000b300 (0xd03f2223) mem 0x8000c000 0x00000001
core   0: 0x8000b304 (0xff9ff06f) j       pc - 0x8
core   0: 3 0x8000b304 (0xff9ff06f)
core   0: 0x8000b2fc (0x00001f17) auipc   t5, 0x1
core   0: 3 0x8000b2fc (0x00001f17) x30 0x8000c2fc
core   0: 0x8000b300 (0xd03f2223) sw      gp, -764(t5)
core   0: 3 0x8000b300 (0xd03f2223) mem 0x8000c000 0x00000001
core   0: 0x8000b304 (0xff9ff06f) j       pc - 0x8
core   0: 3 0x8000b304 (0xff9ff06f)
core   0: 0x8000b2fc (0x00001f17) auipc   t5, 0x1
core   0: 3 0x8000b2fc (0x00001f17) x30 0x8000c2fc
core   0: 0x8000b300 (0xd03f2223) sw      gp, -764(t5)
core   0: 3 0x8000b300 (0xd03f2223) mem 0x8000c000 0x00000001
core   0: 0x8000b304 (0xff9ff06f) j       pc - 0x8
core   0: 3 0x8000b304 (0xff9ff06f)
core   0: 0x8000b2fc (0x00001f17) auipc   t5, 0x1
core   0: 3 0x8000b2fc (0x00001f17) x30 0x8000c2fc
core   0: 0x8000b300 (0xd03f2223) sw      gp, -764(t5)
core   0: 3 0x8000b300 (0xd03f2223) mem 0x8000c000 0x00000001
core   0: 0x8000b304 (0xff9ff06f) j       pc - 0x8
core   0: 3 0x8000b304 (0xff9ff06f)
core   0: 0x8000b2fc (0x00001f17) auipc   t5, 0x1
core   0: 3 0x8000b2fc (0x00001f17) x30 0x8000c2fc
core   0: 0x8000b300 (0xd03f2223) sw      gp, -764(t5)
core   0: 3 0x8000b300 (0xd03f2223) mem 0x8000c000 0x00000001
core   0: 0x8000b304 (0xff9ff06f) j       pc - 0x8
core   0: 3 0x8000b304 (0xff9ff06f)
core   0: 0x8000b2fc (0x00001f17) auipc   t5, 0x1
core   0: 3 0x8000b2fc (0x00001f17) x30 0x8000c2fc
core   0: 0x8000b300 (0xd03f2223) sw      gp, -764(t5)
core   0: 3 0x8000b300 (0xd03f2223) mem 0x8000c000 0x00000001
core   0: 0x8000b304 (0xff9ff06f) j       pc - 0x8
core   0: 3 0x8000b304 (0xff9ff06f)
core   0: 0x8000b2fc (0x00001f17) auipc   t5, 0x1
core   0: 3 0x8000b2fc (0x00001f17) x30 0x8000c2fc
core   0: 0x8000b300 (0xd03f2223) sw      gp, -764(t5)
core   0: 3 0x8000b300 (0xd03f2223) mem 0x8000c000 0x00000001
core   0: 0x8000b304 (0xff9ff06f) j       pc - 0x8
core   0: 3 0x8000b304 (0xff9ff06f)
core   0: 0x8000b2fc (0x00001f17) auipc   t5, 0x1
core   0: 3 0x8000b2fc (0x00001f17) x30 0x8000c2fc
core   0: 0x8000b300 (0xd03f2223) sw      gp, -764(t5)
core   0: 3 0x8000b300 (0xd03f2223) mem 0x8000c000 0x00000001
core   0: 0x8000b304 (0xff9ff06f) j       pc - 0x8
core   0: 3 0x8000b304 (0xff9ff06f)
core   0: 0x8000b2fc (0x00001f17) auipc   t5, 0x1
core   0: 3 0x8000b2fc (0x00001f17) x30 0x8000c2fc
core   0: 0x8000b300 (0xd03f2223) sw      gp, -764(t5)
core   0: 3 0x8000b300 (0xd03f2223) mem 0x8000c000 0x00000001
core   0: 0x8000b304 (0xff9ff06f) j       pc - 0x8
core   0: 3 0x8000b304 (0xff9ff06f)
core   0: 0x8000b2fc (0x00001f17) auipc   t5, 0x1
core   0: 3 0x8000b2fc (0x00001f17) x30 0x8000c2fc
core   0: 0x8000b300 (0xd03f2223) sw      gp, -764(t5)
core   0: 3 0x8000b300 (0xd03f2223) mem 0x8000c000 0x00000001
core   0: 0x8000b304 (0xff9ff06f) j       pc - 0x8
core   0: 3 0x8000b304 (0xff9ff06f)
core   0: 0x8000b2fc (0x00001f17) auipc   t5, 0x1
core   0: 3 0x8000b2fc (0x00001f17) x30 0x8000c2fc
core   0: 0x8000b300 (0xd03f2223) sw      gp, -764(t5)
core   0: 3 0x8000b300 (0xd03f2223) mem 0x8000c000 0x00000001
core   0: 0x8000b304 (0xff9ff06f) j       pc - 0x8
core   0: 3 0x8000b304 (0xff9ff06f)
core   0: 0x8000b2fc (0x00001f17) auipc   t5, 0x1
core   0: 3 0x8000b2fc (0x00001f17) x30 0x8000c2fc
core   0: 0x8000b300 (0xd03f2223) sw      gp, -764(t5)
core   0: 3 0x8000b300 (0xd03f2223) mem 0x8000c000 0x00000001
core   0: 0x8000b304 (0xff9ff06f) j       pc - 0x8
core   0: 3 0x8000b304 (0xff9ff06f)
core   0: 0x8000b2fc (0x00001f17) auipc   t5, 0x1
core   0: 3 0x8000b2fc (0x00001f17) x30 0x8000c2fc
core   0: 0x8000b300 (0xd03f2223) sw      gp, -764(t5)
core   0: 3 0x8000b300 (0xd03f2223) mem 0x8000c000 0x00000001
core   0: 0x8000b304 (0xff9ff06f) j       pc - 0x8
core   0: 3 0x8000b304 (0xff9ff06f)
core   0: 0x8000b2fc (0x00001f17) auipc   t5, 0x1
core   0: 3 0x8000b2fc (0x00001f17) x30 0x8000c2fc
core   0: 0x8000b300 (0xd03f2223) sw      gp, -764(t5)
core   0: 3 0x8000b300 (0xd03f2223) mem 0x8000c000 0x00000001
core   0: 0x8000b304 (0xff9ff06f) j       pc - 0x8
core   0: 3 0x8000b304 (0xff9ff06f)
core   0: 0x8000b2fc (0x00001f17) auipc   t5, 0x1
core   0: 3 0x8000b2fc (0x00001f17) x30 0x8000c2fc
core   0: 0x8000b300 (0xd03f2223) sw      gp, -764(t5)
core   0: 3 0x8000b300 (0xd03f2223) mem 0x8000c000 0x00000001
core   0: 0x8000b304 (0xff9ff06f) j       pc - 0x8
core   0: 3 0x8000b304 (0xff9ff06f)
core   0: 0x8000b2fc (0x00001f17) auipc   t5, 0x1
core   0: 3 0x8000b2fc (0x00001f17) x30 0x8000c2fc
core   0: 0x8000b300 (0xd03f2223) sw      gp, -764(t5)
core   0: 3 0x8000b300 (0xd03f2223) mem 0x8000c000 0x00000001
core   0: 0x8000b304 (0xff9ff06f) j       pc - 0x8
core   0: 3 0x8000b304 (0xff9ff06f)
core   0: 0x8000b2fc (0x00001f17) auipc   t5, 0x1
core   0: 3 0x8000b2fc (0x00001f17) x30 0x8000c2fc
core   0: 0x8000b300 (0xd03f2223) sw      gp, -764(t5)
core   0: 3 0x8000b300 (0xd03f2223) mem 0x8000c000 0x00000001
core   0: 0x8000b304 (0xff9ff06f) j       pc - 0x8
core   0: 3 0x8000b304 (0xff9ff06f)
core   0: 0x8000b2fc (0x00001f17) auipc   t5, 0x1
core   0: 3 0x8000b2fc (0x00001f17) x30 0x8000c2fc
core   0: 0x8000b300 (0xd03f2223) sw      gp, -764(t5)
core   0: 3 0x8000b300 (0xd03f2223) mem 0x8000c000 0x00000001
core   0: 0x8000b304 (0xff9ff06f) j       pc - 0x8
core   0: 3 0x8000b304 (0xff9ff06f)
core   0: 0x8000b2fc (0x00001f17) auipc   t5, 0x1
core   0: 3 0x8000b2fc (0x00001f17) x30 0x8000c2fc
core   0: 0x8000b300 (0xd03f2223) sw      gp, -764(t5)
core   0: 3 0x8000b300 (0xd03f2223) mem 0x8000c000 0x00000001
core   0: 0x8000b304 (0xff9ff06f) j       pc - 0x8
core   0: 3 0x8000b304 (0xff9ff06f)
core   0: 0x8000b2fc (0x00001f17) auipc   t5, 0x1
core   0: 3 0x8000b2fc (0x00001f17) x30 0x8000c2fc
core   0: 0x8000b300 (0xd03f2223) sw      gp, -764(t5)
core   0: 3 0x8000b300 (0xd03f2223) mem 0x8000c000 0x00000001
core   0: 0x8000b304 (0xff9ff06f) j       pc - 0x8
core   0: 3 0x8000b304 (0xff9ff06f)
core   0: 0x8000b2fc (0x00001f17) auipc   t5, 0x1
core   0: 3 0x8000b2fc (0x00001f17) x30 0x8000c2fc
core   0: 0x8000b300 (0xd03f2223) sw      gp, -764(t5)
core   0: 3 0x8000b300 (0xd03f2223) mem 0x8000c000 0x00000001
core   0: 0x8000b304 (0xff9ff06f) j       pc - 0x8
core   0: 3 0x8000b304 (0xff9ff06f)
core   0: 0x8000b2fc (0x00001f17) auipc   t5, 0x1
core   0: 3 0x8000b2fc (0x00001f17) x30 0x8000c2fc
core   0: 0x8000b300 (0xd03f2223) sw      gp, -764(t5)
core   0: 3 0x8000b300 (0xd03f2223) mem 0x8000c000 0x00000001
core   0: 0x8000b304 (0xff9ff06f) j       pc - 0x8
core   0: 3 0x8000b304 (0xff9ff06f)
core   0: 0x8000b2fc (0x00001f17) auipc   t5, 0x1
core   0: 3 0x8000b2fc (0x00001f17) x30 0x8000c2fc
core   0: 0x8000b300 (0xd03f2223) sw      gp, -764(t5)
core   0: 3 0x8000b300 (0xd03f2223) mem 0x8000c000 0x00000001
core   0: 0x8000b304 (0xff9ff06f) j       pc - 0x8
core   0: 3 0x8000b304 (0xff9ff06f)
core   0: 0x8000b2fc (0x00001f17) auipc   t5, 0x1
core   0: 3 0x8000b2fc (0x00001f17) x30 0x8000c2fc
core   0: 0x8000b300 (0xd03f2223) sw      gp, -764(t5)
core   0: 3 0x8000b300 (0xd03f2223) mem 0x8000c000 0x00000001
core   0: 0x8000b304 (0xff9ff06f) j       pc - 0x8
core   0: 3 0x8000b304 (0xff9ff06f)
core   0: 0x8000b2fc (0x00001f17) auipc   t5, 0x1
core   0: 3 0x8000b2fc (0x00001f17) x30 0x8000c2fc
core   0: 0x8000b300 (0xd03f2223) sw      gp, -764(t5)
core   0: 3 0x8000b300 (0xd03f2223) mem 0x8000c000 0x00000001
core   0: 0x8000b304 (0xff9ff06f) j       pc - 0x8
core   0: 3 0x8000b304 (0xff9ff06f)
core   0: 0x8000b2fc (0x00001f17) auipc   t5, 0x1
core   0: 3 0x8000b2fc (0x00001f17) x30 0x8000c2fc
core   0: 0x8000b300 (0xd03f2223) sw      gp, -764(t5)
core   0: 3 0x8000b300 (0xd03f2223) mem 0x8000c000 0x00000001
core   0: 0x8000b304 (0xff9ff06f) j       pc - 0x8
core   0: 3 0x8000b304 (0xff9ff06f)
core   0: 0x8000b2fc (0x00001f17) auipc   t5, 0x1
core   0: 3 0x8000b2fc (0x00001f17) x30 0x8000c2fc
core   0: 0x8000b300 (0xd03f2223) sw      gp, -764(t5)
core   0: 3 0x8000b300 (0xd03f2223) mem 0x8000c000 0x00000001
core   0: 0x8000b304 (0xff9ff06f) j       pc - 0x8
core   0: 3 0x8000b304 (0xff9ff06f)
core   0: 0x8000b2fc (0x00001f17) auipc   t5, 0x1
core   0: 3 0x8000b2fc (0x00001f17) x30 0x8000c2fc
core   0: 0x8000b300 (0xd03f2223) sw      gp, -764(t5)
core   0: 3 0x8000b300 (0xd03f2223) mem 0x8000c000 0x00000001
core   0: 0x8000b304 (0xff9ff06f) j       pc - 0x8
core   0: 3 0x8000b304 (0xff9ff06f)
core   0: 0x8000b2fc (0x00001f17) auipc   t5, 0x1
core   0: 3 0x8000b2fc (0x00001f17) x30 0x8000c2fc
core   0: 0x8000b300 (0xd03f2223) sw      gp, -764(t5)
core   0: 3 0x8000b300 (0xd03f2223) mem 0x8000c000 0x00000001
core   0: 0x8000b304 (0xff9ff06f) j       pc - 0x8
core   0: 3 0x8000b304 (0xff9ff06f)
core   0: 0x8000b2fc (0x00001f17) auipc   t5, 0x1
core   0: 3 0x8000b2fc (0x00001f17) x30 0x8000c2fc
core   0: 0x8000b300 (0xd03f2223) sw      gp, -764(t5)
core   0: 3 0x8000b300 (0xd03f2223) mem 0x8000c000 0x00000001
core   0: 0x8000b304 (0xff9ff06f) j       pc - 0x8
core   0: 3 0x8000b304 (0xff9ff06f)
core   0: 0x8000b2fc (0x00001f17) auipc   t5, 0x1
core   0: 3 0x8000b2fc (0x00001f17) x30 0x8000c2fc
core   0: 0x8000b300 (0xd03f2223) sw      gp, -764(t5)
core   0: 3 0x8000b300 (0xd03f2223) mem 0x8000c000 0x00000001
core   0: 0x8000b304 (0xff9ff06f) j       pc - 0x8
core   0: 3 0x8000b304 (0xff9ff06f)
core   0: 0x8000b2fc (0x00001f17) auipc   t5, 0x1
core   0: 3 0x8000b2fc (0x00001f17) x30 0x8000c2fc
core   0: 0x8000b300 (0xd03f2223) sw      gp, -764(t5)
core   0: 3 0x8000b300 (0xd03f2223) mem 0x8000c000 0x00000001
core   0: 0x8000b304 (0xff9ff06f) j       pc - 0x8
core   0: 3 0x8000b304 (0xff9ff06f)
core   0: 0x8000b2fc (0x00001f17) auipc   t5, 0x1
core   0: 3 0x8000b2fc (0x00001f17) x30 0x8000c2fc
core   0: 0x8000b300 (0xd03f2223) sw      gp, -764(t5)
core   0: 3 0x8000b300 (0xd03f2223) mem 0x8000c000 0x00000001
core   0: 0x8000b304 (0xff9ff06f) j       pc - 0x8
core   0: 3 0x8000b304 (0xff9ff06f)
core   0: 0x8000b2fc (0x00001f17) auipc   t5, 0x1
core   0: 3 0x8000b2fc (0x00001f17) x30 0x8000c2fc
core   0: 0x8000b300 (0xd03f2223) sw      gp, -764(t5)
core   0: 3 0x8000b300 (0xd03f2223) mem 0x8000c000 0x00000001
core   0: 0x8000b304 (0xff9ff06f) j       pc - 0x8
core   0: 3 0x8000b304 (0xff9ff06f)
core   0: 0x8000b2fc (0x00001f17) auipc   t5, 0x1
core   0: 3 0x8000b2fc (0x00001f17) x30 0x8000c2fc
core   0: 0x8000b300 (0xd03f2223) sw      gp, -764(t5)
core   0: 3 0x8000b300 (0xd03f2223) mem 0x8000c000 0x00000001
core   0: 0x8000b304 (0xff9ff06f) j       pc - 0x8
core   0: 3 0x8000b304 (0xff9ff06f)
core   0: 0x8000b2fc (0x00001f17) auipc   t5, 0x1
core   0: 3 0x8000b2fc (0x00001f17) x30 0x8000c2fc
core   0: 0x8000b300 (0xd03f2223) sw      gp, -764(t5)
core   0: 3 0x8000b300 (0xd03f2223) mem 0x8000c000 0x00000001
core   0: 0x8000b304 (0xff9ff06f) j       pc - 0x8
core   0: 3 0x8000b304 (0xff9ff06f)
core   0: 0x8000b2fc (0x00001f17) auipc   t5, 0x1
core   0: 3 0x8000b2fc (0x00001f17) x30 0x8000c2fc
core   0: 0x8000b300 (0xd03f2223) sw      gp, -764(t5)
core   0: 3 0x8000b300 (0xd03f2223) mem 0x8000c000 0x00000001
core   0: 0x8000b304 (0xff9ff06f) j       pc - 0x8
core   0: 3 0x8000b304 (0xff9ff06f)
core   0: 0x8000b2fc (0x00001f17) auipc   t5, 0x1
core   0: 3 0x8000b2fc (0x00001f17) x30 0x8000c2fc
core   0: 0x8000b300 (0xd03f2223) sw      gp, -764(t5)
core   0: 3 0x8000b300 (0xd03f2223) mem 0x8000c000 0x00000001
core   0: 0x8000b304 (0xff9ff06f) j       pc - 0x8
core   0: 3 0x8000b304 (0xff9ff06f)
core   0: 0x8000b2fc (0x00001f17) auipc   t5, 0x1
core   0: 3 0x8000b2fc (0x00001f17) x30 0x8000c2fc
core   0: 0x8000b300 (0xd03f2223) sw      gp, -764(t5)
core   0: 3 0x8000b300 (0xd03f2223) mem 0x8000c000 0x00000001
core   0: 0x8000b304 (0xff9ff06f) j       pc - 0x8
core   0: 3 0x8000b304 (0xff9ff06f)
core   0: 0x8000b2fc (0x00001f17) auipc   t5, 0x1
core   0: 3 0x8000b2fc (0x00001f17) x30 0x8000c2fc
core   0: 0x8000b300 (0xd03f2223) sw      gp, -764(t5)
core   0: 3 0x8000b300 (0xd03f2223) mem 0x8000c000 0x00000001
core   0: 0x8000b304 (0xff9ff06f) j       pc - 0x8
core   0: 3 0x8000b304 (0xff9ff06f)
core   0: 0x8000b2fc (0x00001f17) auipc   t5, 0x1
core   0: 3 0x8000b2fc (0x00001f17) x30 0x8000c2fc
core   0: 0x8000b300 (0xd03f2223) sw      gp, -764(t5)
core   0: 3 0x8000b300 (0xd03f2223) mem 0x8000c000 0x00000001
core   0: 0x8000b304 (0xff9ff06f) j       pc - 0x8
core   0: 3 0x8000b304 (0xff9ff06f)
core   0: 0x8000b2fc (0x00001f17) auipc   t5, 0x1
core   0: 3 0x8000b2fc (0x00001f17) x30 0x8000c2fc
core   0: 0x8000b300 (0xd03f2223) sw      gp, -764(t5)
core   0: 3 0x8000b300 (0xd03f2223) mem 0x8000c000 0x00000001
core   0: 0x8000b304 (0xff9ff06f) j       pc - 0x8
core   0: 3 0x8000b304 (0xff9ff06f)
core   0: 0x8000b2fc (0x00001f17) auipc   t5, 0x1
core   0: 3 0x8000b2fc (0x00001f17) x30 0x8000c2fc
core   0: 0x8000b300 (0xd03f2223) sw      gp, -764(t5)
core   0: 3 0x8000b300 (0xd03f2223) mem 0x8000c000 0x00000001
core   0: 0x8000b304 (0xff9ff06f) j       pc - 0x8
core   0: 3 0x8000b304 (0xff9ff06f)
core   0: 0x8000b2fc (0x00001f17) auipc   t5, 0x1
core   0: 3 0x8000b2fc (0x00001f17) x30 0x8000c2fc
core   0: 0x8000b300 (0xd03f2223) sw      gp, -764(t5)
core   0: 3 0x8000b300 (0xd03f2223) mem 0x8000c000 0x00000001
core   0: 0x8000b304 (0xff9ff06f) j       pc - 0x8
core   0: 3 0x8000b304 (0xff9ff06f)
core   0: 0x8000b2fc (0x00001f17) auipc   t5, 0x1
core   0: 3 0x8000b2fc (0x00001f17) x30 0x8000c2fc
core   0: 0x8000b300 (0xd03f2223) sw      gp, -764(t5)
core   0: 3 0x8000b300 (0xd03f2223) mem 0x8000c000 0x00000001
core   0: 0x8000b304 (0xff9ff06f) j       pc - 0x8
core   0: 3 0x8000b304 (0xff9ff06f)
core   0: 0x8000b2fc (0x00001f17) auipc   t5, 0x1
core   0: 3 0x8000b2fc (0x00001f17) x30 0x8000c2fc
core   0: 0x8000b300 (0xd03f2223) sw      gp, -764(t5)
core   0: 3 0x8000b300 (0xd03f2223) mem 0x8000c000 0x00000001
core   0: 0x8000b304 (0xff9ff06f) j       pc - 0x8
core   0: 3 0x8000b304 (0xff9ff06f)
core   0: 0x8000b2fc (0x00001f17) auipc   t5, 0x1
core   0: 3 0x8000b2fc (0x00001f17) x30 0x8000c2fc
core   0: 0x8000b300 (0xd03f2223) sw      gp, -764(t5)
core   0: 3 0x8000b300 (0xd03f2223) mem 0x8000c000 0x00000001
core   0: 0x8000b304 (0xff9ff06f) j       pc - 0x8
core   0: 3 0x8000b304 (0xff9ff06f)
core   0: 0x8000b2fc (0x00001f17) auipc   t5, 0x1
core   0: 3 0x8000b2fc (0x00001f17) x30 0x8000c2fc
core   0: 0x8000b300 (0xd03f2223) sw      gp, -764(t5)
core   0: 3 0x8000b300 (0xd03f2223) mem 0x8000c000 0x00000001
core   0: 0x8000b304 (0xff9ff06f) j       pc - 0x8
core   0: 3 0x8000b304 (0xff9ff06f)
core   0: 0x8000b2fc (0x00001f17) auipc   t5, 0x1
core   0: 3 0x8000b2fc (0x00001f17) x30 0x8000c2fc
core   0: 0x8000b300 (0xd03f2223) sw      gp, -764(t5)
core   0: 3 0x8000b300 (0xd03f2223) mem 0x8000c000 0x00000001
core   0: 0x8000b304 (0xff9ff06f) j       pc - 0x8
core   0: 3 0x8000b304 (0xff9ff06f)
core   0: 0x8000b2fc (0x00001f17) auipc   t5, 0x1
core   0: 3 0x8000b2fc (0x00001f17) x30 0x8000c2fc
core   0: 0x8000b300 (0xd03f2223) sw      gp, -764(t5)
core   0: 3 0x8000b300 (0xd03f2223) mem 0x8000c000 0x00000001
core   0: 0x8000b304 (0xff9ff06f) j       pc - 0x8
core   0: 3 0x8000b304 (0xff9ff06f)
core   0: 0x8000b2fc (0x00001f17) auipc   t5, 0x1
core   0: 3 0x8000b2fc (0x00001f17) x30 0x8000c2fc
core   0: 0x8000b300 (0xd03f2223) sw      gp, -764(t5)
core   0: 3 0x8000b300 (0xd03f2223) mem 0x8000c000 0x00000001
core   0: 0x8000b304 (0xff9ff06f) j       pc - 0x8
core   0: 3 0x8000b304 (0xff9ff06f)
core   0: 0x8000b2fc (0x00001f17) auipc   t5, 0x1
core   0: 3 0x8000b2fc (0x00001f17) x30 0x8000c2fc
core   0: 0x8000b300 (0xd03f2223) sw      gp, -764(t5)
core   0: 3 0x8000b300 (0xd03f2223) mem 0x8000c000 0x00000001
core   0: 0x8000b304 (0xff9ff06f) j       pc - 0x8
core   0: 3 0x8000b304 (0xff9ff06f)
core   0: 0x8000b2fc (0x00001f17) auipc   t5, 0x1
core   0: 3 0x8000b2fc (0x00001f17) x30 0x8000c2fc
core   0: 0x8000b300 (0xd03f2223) sw      gp, -764(t5)
core   0: 3 0x8000b300 (0xd03f2223) mem 0x8000c000 0x00000001
core   0: 0x8000b304 (0xff9ff06f) j       pc - 0x8
core   0: 3 0x8000b304 (0xff9ff06f)
core   0: 0x8000b2fc (0x00001f17) auipc   t5, 0x1
core   0: 3 0x8000b2fc (0x00001f17) x30 0x8000c2fc
core   0: 0x8000b300 (0xd03f2223) sw      gp, -764(t5)
core   0: 3 0x8000b300 (0xd03f2223) mem 0x8000c000 0x00000001
core   0: 0x8000b304 (0xff9ff06f) j       pc - 0x8
core   0: 3 0x8000b304 (0xff9ff06f)
core   0: 0x8000b2fc (0x00001f17) auipc   t5, 0x1
core   0: 3 0x8000b2fc (0x00001f17) x30 0x8000c2fc
core   0: 0x8000b300 (0xd03f2223) sw      gp, -764(t5)
core   0: 3 0x8000b300 (0xd03f2223) mem 0x8000c000 0x00000001
core   0: 0x8000b304 (0xff9ff06f) j       pc - 0x8
core   0: 3 0x8000b304 (0xff9ff06f)
core   0: 0x8000b2fc (0x00001f17) auipc   t5, 0x1
core   0: 3 0x8000b2fc (0x00001f17) x30 0x8000c2fc
core   0: 0x8000b300 (0xd03f2223) sw      gp, -764(t5)
core   0: 3 0x8000b300 (0xd03f2223) mem 0x8000c000 0x00000001
core   0: 0x8000b304 (0xff9ff06f) j       pc - 0x8
core   0: 3 0x8000b304 (0xff9ff06f)
core   0: 0x8000b2fc (0x00001f17) auipc   t5, 0x1
core   0: 3 0x8000b2fc (0x00001f17) x30 0x8000c2fc
core   0: 0x8000b300 (0xd03f2223) sw      gp, -764(t5)
core   0: 3 0x8000b300 (0xd03f2223) mem 0x8000c000 0x00000001
core   0: 0x8000b304 (0xff9ff06f) j       pc - 0x8
core   0: 3 0x8000b304 (0xff9ff06f)
core   0: 0x8000b2fc (0x00001f17) auipc   t5, 0x1
core   0: 3 0x8000b2fc (0x00001f17) x30 0x8000c2fc
core   0: 0x8000b300 (0xd03f2223) sw      gp, -764(t5)
core   0: 3 0x8000b300 (0xd03f2223) mem 0x8000c000 0x00000001
core   0: 0x8000b304 (0xff9ff06f) j       pc - 0x8
core   0: 3 0x8000b304 (0xff9ff06f)
core   0: 0x8000b2fc (0x00001f17) auipc   t5, 0x1
core   0: 3 0x8000b2fc (0x00001f17) x30 0x8000c2fc
core   0: 0x8000b300 (0xd03f2223) sw      gp, -764(t5)
core   0: 3 0x8000b300 (0xd03f2223) mem 0x8000c000 0x00000001
core   0: 0x8000b304 (0xff9ff06f) j       pc - 0x8
core   0: 3 0x8000b304 (0xff9ff06f)
core   0: 0x8000b2fc (0x00001f17) auipc   t5, 0x1
core   0: 3 0x8000b2fc (0x00001f17) x30 0x8000c2fc
core   0: 0x8000b300 (0xd03f2223) sw      gp, -764(t5)
core   0: 3 0x8000b300 (0xd03f2223) mem 0x8000c000 0x00000001
core   0: 0x8000b304 (0xff9ff06f) j       pc - 0x8
core   0: 3 0x8000b304 (0xff9ff06f)
core   0: 0x8000b2fc (0x00001f17) auipc   t5, 0x1
core   0: 3 0x8000b2fc (0x00001f17) x30 0x8000c2fc
core   0: 0x8000b300 (0xd03f2223) sw      gp, -764(t5)
core   0: 3 0x8000b300 (0xd03f2223) mem 0x8000c000 0x00000001
core   0: 0x8000b304 (0xff9ff06f) j       pc - 0x8
core   0: 3 0x8000b304 (0xff9ff06f)
core   0: 0x8000b2fc (0x00001f17) auipc   t5, 0x1
core   0: 3 0x8000b2fc (0x00001f17) x30 0x8000c2fc
core   0: 0x8000b300 (0xd03f2223) sw      gp, -764(t5)
core   0: 3 0x8000b300 (0xd03f2223) mem 0x8000c000 0x00000001
core   0: 0x8000b304 (0xff9ff06f) j       pc - 0x8
core   0: 3 0x8000b304 (0xff9ff06f)
core   0: 0x8000b2fc (0x00001f17) auipc   t5, 0x1
core   0: 3 0x8000b2fc (0x00001f17) x30 0x8000c2fc
core   0: 0x8000b300 (0xd03f2223) sw      gp, -764(t5)
core   0: 3 0x8000b300 (0xd03f2223) mem 0x8000c000 0x00000001
core   0: 0x8000b304 (0xff9ff06f) j       pc - 0x8
core   0: 3 0x8000b304 (0xff9ff06f)
core   0: 0x8000b2fc (0x00001f17) auipc   t5, 0x1
core   0: 3 0x8000b2fc (0x00001f17) x30 0x8000c2fc
core   0: 0x8000b300 (0xd03f2223) sw      gp, -764(t5)
core   0: 3 0x8000b300 (0xd03f2223) mem 0x8000c000 0x00000001
core   0: 0x8000b304 (0xff9ff06f) j       pc - 0x8
core   0: 3 0x8000b304 (0xff9ff06f)
core   0: 0x8000b2fc (0x00001f17) auipc   t5, 0x1
core   0: 3 0x8000b2fc (0x00001f17) x30 0x8000c2fc
core   0: 0x8000b300 (0xd03f2223) sw      gp, -764(t5)
core   0: 3 0x8000b300 (0xd03f2223) mem 0x8000c000 0x00000001
core   0: 0x8000b304 (0xff9ff06f) j       pc - 0x8
core   0: 3 0x8000b304 (0xff9ff06f)
core   0: 0x8000b2fc (0x00001f17) auipc   t5, 0x1
core   0: 3 0x8000b2fc (0x00001f17) x30 0x8000c2fc
core   0: 0x8000b300 (0xd03f2223) sw      gp, -764(t5)
core   0: 3 0x8000b300 (0xd03f2223) mem 0x8000c000 0x00000001
core   0: 0x8000b304 (0xff9ff06f) j       pc - 0x8
core   0: 3 0x8000b304 (0xff9ff06f)
core   0: 0x8000b2fc (0x00001f17) auipc   t5, 0x1
core   0: 3 0x8000b2fc (0x00001f17) x30 0x8000c2fc
core   0: 0x8000b300 (0xd03f2223) sw      gp, -764(t5)
core   0: 3 0x8000b300 (0xd03f2223) mem 0x8000c000 0x00000001
core   0: 0x8000b304 (0xff9ff06f) j       pc - 0x8
core   0: 3 0x8000b304 (0xff9ff06f)
core   0: 0x8000b2fc (0x00001f17) auipc   t5, 0x1
core   0: 3 0x8000b2fc (0x00001f17) x30 0x8000c2fc
core   0: 0x8000b300 (0xd03f2223) sw      gp, -764(t5)
core   0: 3 0x8000b300 (0xd03f2223) mem 0x8000c000 0x00000001
core   0: 0x8000b304 (0xff9ff06f) j       pc - 0x8
core   0: 3 0x8000b304 (0xff9ff06f)
core   0: 0x8000b2fc (0x00001f17) auipc   t5, 0x1
core   0: 3 0x8000b2fc (0x00001f17) x30 0x8000c2fc
core   0: 0x8000b300 (0xd03f2223) sw      gp, -764(t5)
core   0: 3 0x8000b300 (0xd03f2223) mem 0x8000c000 0x00000001
core   0: 0x8000b304 (0xff9ff06f) j       pc - 0x8
core   0: 3 0x8000b304 (0xff9ff06f)
core   0: 0x8000b2fc (0x00001f17) auipc   t5, 0x1
core   0: 3 0x8000b2fc (0x00001f17) x30 0x8000c2fc
core   0: 0x8000b300 (0xd03f2223) sw      gp, -764(t5)
core   0: 3 0x8000b300 (0xd03f2223) mem 0x8000c000 0x00000001
core   0: 0x8000b304 (0xff9ff06f) j       pc - 0x8
core   0: 3 0x8000b304 (0xff9ff06f)
core   0: 0x8000b2fc (0x00001f17) auipc   t5, 0x1
core   0: 3 0x8000b2fc (0x00001f17) x30 0x8000c2fc
core   0: 0x8000b300 (0xd03f2223) sw      gp, -764(t5)
core   0: 3 0x8000b300 (0xd03f2223) mem 0x8000c000 0x00000001
core   0: 0x8000b304 (0xff9ff06f) j       pc - 0x8
core   0: 3 0x8000b304 (0xff9ff06f)
core   0: 0x8000b2fc (0x00001f17) auipc   t5, 0x1
core   0: 3 0x8000b2fc (0x00001f17) x30 0x8000c2fc
core   0: 0x8000b300 (0xd03f2223) sw      gp, -764(t5)
core   0: 3 0x8000b300 (0xd03f2223) mem 0x8000c000 0x00000001
core   0: 0x8000b304 (0xff9ff06f) j       pc - 0x8
core   0: 3 0x8000b304 (0xff9ff06f)
core   0: 0x8000b2fc (0x00001f17) auipc   t5, 0x1
core   0: 3 0x8000b2fc (0x00001f17) x30 0x8000c2fc
core   0: 0x8000b300 (0xd03f2223) sw      gp, -764(t5)
core   0: 3 0x8000b300 (0xd03f2223) mem 0x8000c000 0x00000001
core   0: 0x8000b304 (0xff9ff06f) j       pc - 0x8
core   0: 3 0x8000b304 (0xff9ff06f)
core   0: 0x8000b2fc (0x00001f17) auipc   t5, 0x1
core   0: 3 0x8000b2fc (0x00001f17) x30 0x8000c2fc
core   0: 0x8000b300 (0xd03f2223) sw      gp, -764(t5)
core   0: 3 0x8000b300 (0xd03f2223) mem 0x8000c000 0x00000001
core   0: 0x8000b304 (0xff9ff06f) j       pc - 0x8
core   0: 3 0x8000b304 (0xff9ff06f)
core   0: 0x8000b2fc (0x00001f17) auipc   t5, 0x1
core   0: 3 0x8000b2fc (0x00001f17) x30 0x8000c2fc
core   0: 0x8000b300 (0xd03f2223) sw      gp, -764(t5)
core   0: 3 0x8000b300 (0xd03f2223) mem 0x8000c000 0x00000001
core   0: 0x8000b304 (0xff9ff06f) j       pc - 0x8
core   0: 3 0x8000b304 (0xff9ff06f)
core   0: 0x8000b2fc (0x00001f17) auipc   t5, 0x1
core   0: 3 0x8000b2fc (0x00001f17) x30 0x8000c2fc
core   0: 0x8000b300 (0xd03f2223) sw      gp, -764(t5)
core   0: 3 0x8000b300 (0xd03f2223) mem 0x8000c000 0x00000001
core   0: 0x8000b304 (0xff9ff06f) j       pc - 0x8
core   0: 3 0x8000b304 (0xff9ff06f)
core   0: 0x8000b2fc (0x00001f17) auipc   t5, 0x1
core   0: 3 0x8000b2fc (0x00001f17) x30 0x8000c2fc
core   0: 0x8000b300 (0xd03f2223) sw      gp, -764(t5)
core   0: 3 0x8000b300 (0xd03f2223) mem 0x8000c000 0x00000001
core   0: 0x8000b304 (0xff9ff06f) j       pc - 0x8
core   0: 3 0x8000b304 (0xff9ff06f)
core   0: 0x8000b2fc (0x00001f17) auipc   t5, 0x1
core   0: 3 0x8000b2fc (0x00001f17) x30 0x8000c2fc
core   0: 0x8000b300 (0xd03f2223) sw      gp, -764(t5)
core   0: 3 0x8000b300 (0xd03f2223) mem 0x8000c000 0x00000001
core   0: 0x8000b304 (0xff9ff06f) j       pc - 0x8
core   0: 3 0x8000b304 (0xff9ff06f)
core   0: 0x8000b2fc (0x00001f17) auipc   t5, 0x1
core   0: 3 0x8000b2fc (0x00001f17) x30 0x8000c2fc
core   0: 0x8000b300 (0xd03f2223) sw      gp, -764(t5)
core   0: 3 0x8000b300 (0xd03f2223) mem 0x8000c000 0x00000001
core   0: 0x8000b304 (0xff9ff06f) j       pc - 0x8
core   0: 3 0x8000b304 (0xff9ff06f)
core   0: 0x8000b2fc (0x00001f17) auipc   t5, 0x1
core   0: 3 0x8000b2fc (0x00001f17) x30 0x8000c2fc
core   0: 0x8000b300 (0xd03f2223) sw      gp, -764(t5)
core   0: 3 0x8000b300 (0xd03f2223) mem 0x8000c000 0x00000001
core   0: 0x8000b304 (0xff9ff06f) j       pc - 0x8
core   0: 3 0x8000b304 (0xff9ff06f)
core   0: 0x8000b2fc (0x00001f17) auipc   t5, 0x1
core   0: 3 0x8000b2fc (0x00001f17) x30 0x8000c2fc
core   0: 0x8000b300 (0xd03f2223) sw      gp, -764(t5)
core   0: 3 0x8000b300 (0xd03f2223) mem 0x8000c000 0x00000001
core   0: 0x8000b304 (0xff9ff06f) j       pc - 0x8
core   0: 3 0x8000b304 (0xff9ff06f)
core   0: 0x8000b2fc (0x00001f17) auipc   t5, 0x1
core   0: 3 0x8000b2fc (0x00001f17) x30 0x8000c2fc
core   0: 0x8000b300 (0xd03f2223) sw      gp, -764(t5)
core   0: 3 0x8000b300 (0xd03f2223) mem 0x8000c000 0x00000001
core   0: 0x8000b304 (0xff9ff06f) j       pc - 0x8
core   0: 3 0x8000b304 (0xff9ff06f)
core   0: 0x8000b2fc (0x00001f17) auipc   t5, 0x1
core   0: 3 0x8000b2fc (0x00001f17) x30 0x8000c2fc
core   0: 0x8000b300 (0xd03f2223) sw      gp, -764(t5)
core   0: 3 0x8000b300 (0xd03f2223) mem 0x8000c000 0x00000001
core   0: 0x8000b304 (0xff9ff06f) j       pc - 0x8
core   0: 3 0x8000b304 (0xff9ff06f)
core   0: 0x8000b2fc (0x00001f17) auipc   t5, 0x1
core   0: 3 0x8000b2fc (0x00001f17) x30 0x8000c2fc
core   0: 0x8000b300 (0xd03f2223) sw      gp, -764(t5)
core   0: 3 0x8000b300 (0xd03f2223) mem 0x8000c000 0x00000001
core   0: 0x8000b304 (0xff9ff06f) j       pc - 0x8
core   0: 3 0x8000b304 (0xff9ff06f)
core   0: 0x8000b2fc (0x00001f17) auipc   t5, 0x1
core   0: 3 0x8000b2fc (0x00001f17) x30 0x8000c2fc
core   0: 0x8000b300 (0xd03f2223) sw      gp, -764(t5)
core   0: 3 0x8000b300 (0xd03f2223) mem 0x8000c000 0x00000001
core   0: 0x8000b304 (0xff9ff06f) j       pc - 0x8
core   0: 3 0x8000b304 (0xff9ff06f)
core   0: 0x8000b2fc (0x00001f17) auipc   t5, 0x1
core   0: 3 0x8000b2fc (0x00001f17) x30 0x8000c2fc
core   0: 0x8000b300 (0xd03f2223) sw      gp, -764(t5)
core   0: 3 0x8000b300 (0xd03f2223) mem 0x8000c000 0x00000001
core   0: 0x8000b304 (0xff9ff06f) j       pc - 0x8
core   0: 3 0x8000b304 (0xff9ff06f)
core   0: 0x8000b2fc (0x00001f17) auipc   t5, 0x1
core   0: 3 0x8000b2fc (0x00001f17) x30 0x8000c2fc
core   0: 0x8000b300 (0xd03f2223) sw      gp, -764(t5)
core   0: 3 0x8000b300 (0xd03f2223) mem 0x8000c000 0x00000001
core   0: 0x8000b304 (0xff9ff06f) j       pc - 0x8
core   0: 3 0x8000b304 (0xff9ff06f)
core   0: 0x8000b2fc (0x00001f17) auipc   t5, 0x1
core   0: 3 0x8000b2fc (0x00001f17) x30 0x8000c2fc
core   0: 0x8000b300 (0xd03f2223) sw      gp, -764(t5)
core   0: 3 0x8000b300 (0xd03f2223) mem 0x8000c000 0x00000001
core   0: 0x8000b304 (0xff9ff06f) j       pc - 0x8
core   0: 3 0x8000b304 (0xff9ff06f)
core   0: 0x8000b2fc (0x00001f17) auipc   t5, 0x1
core   0: 3 0x8000b2fc (0x00001f17) x30 0x8000c2fc
core   0: 0x8000b300 (0xd03f2223) sw      gp, -764(t5)
core   0: 3 0x8000b300 (0xd03f2223) mem 0x8000c000 0x00000001
core   0: 0x8000b304 (0xff9ff06f) j       pc - 0x8
core   0: 3 0x8000b304 (0xff9ff06f)
core   0: 0x8000b2fc (0x00001f17) auipc   t5, 0x1
core   0: 3 0x8000b2fc (0x00001f17) x30 0x8000c2fc
core   0: 0x8000b300 (0xd03f2223) sw      gp, -764(t5)
core   0: 3 0x8000b300 (0xd03f2223) mem 0x8000c000 0x00000001
core   0: 0x8000b304 (0xff9ff06f) j       pc - 0x8
core   0: 3 0x8000b304 (0xff9ff06f)
core   0: 0x8000b2fc (0x00001f17) auipc   t5, 0x1
core   0: 3 0x8000b2fc (0x00001f17) x30 0x8000c2fc
core   0: 0x8000b300 (0xd03f2223) sw      gp, -764(t5)
core   0: 3 0x8000b300 (0xd03f2223) mem 0x8000c000 0x00000001
core   0: 0x8000b304 (0xff9ff06f) j       pc - 0x8
core   0: 3 0x8000b304 (0xff9ff06f)
core   0: 0x8000b2fc (0x00001f17) auipc   t5, 0x1
core   0: 3 0x8000b2fc (0x00001f17) x30 0x8000c2fc
core   0: 0x8000b300 (0xd03f2223) sw      gp, -764(t5)
core   0: 3 0x8000b300 (0xd03f2223) mem 0x8000c000 0x00000001
core   0: 0x8000b304 (0xff9ff06f) j       pc - 0x8
core   0: 3 0x8000b304 (0xff9ff06f)
core   0: 0x8000b2fc (0x00001f17) auipc   t5, 0x1
core   0: 3 0x8000b2fc (0x00001f17) x30 0x8000c2fc
core   0: 0x8000b300 (0xd03f2223) sw      gp, -764(t5)
core   0: 3 0x8000b300 (0xd03f2223) mem 0x8000c000 0x00000001
core   0: 0x8000b304 (0xff9ff06f) j       pc - 0x8
core   0: 3 0x8000b304 (0xff9ff06f)
core   0: 0x8000b2fc (0x00001f17) auipc   t5, 0x1
core   0: 3 0x8000b2fc (0x00001f17) x30 0x8000c2fc
core   0: 0x8000b300 (0xd03f2223) sw      gp, -764(t5)
core   0: 3 0x8000b300 (0xd03f2223) mem 0x8000c000 0x00000001
core   0: 0x8000b304 (0xff9ff06f) j       pc - 0x8
core   0: 3 0x8000b304 (0xff9ff06f)
core   0: 0x8000b2fc (0x00001f17) auipc   t5, 0x1
core   0: 3 0x8000b2fc (0x00001f17) x30 0x8000c2fc
core   0: 0x8000b300 (0xd03f2223) sw      gp, -764(t5)
core   0: 3 0x8000b300 (0xd03f2223) mem 0x8000c000 0x00000001
core   0: 0x8000b304 (0xff9ff06f) j       pc - 0x8
core   0: 3 0x8000b304 (0xff9ff06f)
core   0: 0x8000b2fc (0x00001f17) auipc   t5, 0x1
core   0: 3 0x8000b2fc (0x00001f17) x30 0x8000c2fc
core   0: 0x8000b300 (0xd03f2223) sw      gp, -764(t5)
core   0: 3 0x8000b300 (0xd03f2223) mem 0x8000c000 0x00000001
core   0: 0x8000b304 (0xff9ff06f) j       pc - 0x8
core   0: 3 0x8000b304 (0xff9ff06f)
core   0: 0x8000b2fc (0x00001f17) auipc   t5, 0x1
core   0: 3 0x8000b2fc (0x00001f17) x30 0x8000c2fc
core   0: 0x8000b300 (0xd03f2223) sw      gp, -764(t5)
core   0: 3 0x8000b300 (0xd03f2223) mem 0x8000c000 0x00000001
core   0: 0x8000b304 (0xff9ff06f) j       pc - 0x8
core   0: 3 0x8000b304 (0xff9ff06f)
core   0: 0x8000b2fc (0x00001f17) auipc   t5, 0x1
core   0: 3 0x8000b2fc (0x00001f17) x30 0x8000c2fc
core   0: 0x8000b300 (0xd03f2223) sw      gp, -764(t5)
core   0: 3 0x8000b300 (0xd03f2223) mem 0x8000c000 0x00000001
core   0: 0x8000b304 (0xff9ff06f) j       pc - 0x8
core   0: 3 0x8000b304 (0xff9ff06f)
core   0: 0x8000b2fc (0x00001f17) auipc   t5, 0x1
core   0: 3 0x8000b2fc (0x00001f17) x30 0x8000c2fc
core   0: 0x8000b300 (0xd03f2223) sw      gp, -764(t5)
core   0: 3 0x8000b300 (0xd03f2223) mem 0x8000c000 0x00000001
core   0: 0x8000b304 (0xff9ff06f) j       pc - 0x8
core   0: 3 0x8000b304 (0xff9ff06f)
core   0: 0x8000b2fc (0x00001f17) auipc   t5, 0x1
core   0: 3 0x8000b2fc (0x00001f17) x30 0x8000c2fc
core   0: 0x8000b300 (0xd03f2223) sw      gp, -764(t5)
core   0: 3 0x8000b300 (0xd03f2223) mem 0x8000c000 0x00000001
core   0: 0x8000b304 (0xff9ff06f) j       pc - 0x8
core   0: 3 0x8000b304 (0xff9ff06f)
core   0: 0x8000b2fc (0x00001f17) auipc   t5, 0x1
core   0: 3 0x8000b2fc (0x00001f17) x30 0x8000c2fc
core   0: 0x8000b300 (0xd03f2223) sw      gp, -764(t5)
core   0: 3 0x8000b300 (0xd03f2223) mem 0x8000c000 0x00000001
core   0: 0x8000b304 (0xff9ff06f) j       pc - 0x8
core   0: 3 0x8000b304 (0xff9ff06f)
core   0: 0x8000b2fc (0x00001f17) auipc   t5, 0x1
core   0: 3 0x8000b2fc (0x00001f17) x30 0x8000c2fc
core   0: 0x8000b300 (0xd03f2223) sw      gp, -764(t5)
core   0: 3 0x8000b300 (0xd03f2223) mem 0x8000c000 0x00000001
core   0: 0x8000b304 (0xff9ff06f) j       pc - 0x8
core   0: 3 0x8000b304 (0xff9ff06f)
core   0: 0x8000b2fc (0x00001f17) auipc   t5, 0x1
core   0: 3 0x8000b2fc (0x00001f17) x30 0x8000c2fc
core   0: 0x8000b300 (0xd03f2223) sw      gp, -764(t5)
core   0: 3 0x8000b300 (0xd03f2223) mem 0x8000c000 0x00000001
core   0: 0x8000b304 (0xff9ff06f) j       pc - 0x8
core   0: 3 0x8000b304 (0xff9ff06f)
core   0: 0x8000b2fc (0x00001f17) auipc   t5, 0x1
core   0: 3 0x8000b2fc (0x00001f17) x30 0x8000c2fc
core   0: 0x8000b300 (0xd03f2223) sw      gp, -764(t5)
core   0: 3 0x8000b300 (0xd03f2223) mem 0x8000c000 0x00000001
core   0: 0x8000b304 (0xff9ff06f) j       pc - 0x8
core   0: 3 0x8000b304 (0xff9ff06f)
core   0: 0x8000b2fc (0x00001f17) auipc   t5, 0x1
core   0: 3 0x8000b2fc (0x00001f17) x30 0x8000c2fc
core   0: 0x8000b300 (0xd03f2223) sw      gp, -764(t5)
core   0: 3 0x8000b300 (0xd03f2223) mem 0x8000c000 0x00000001
core   0: 0x8000b304 (0xff9ff06f) j       pc - 0x8
core   0: 3 0x8000b304 (0xff9ff06f)
core   0: 0x8000b2fc (0x00001f17) auipc   t5, 0x1
core   0: 3 0x8000b2fc (0x00001f17) x30 0x8000c2fc
core   0: 0x8000b300 (0xd03f2223) sw      gp, -764(t5)
core   0: 3 0x8000b300 (0xd03f2223) mem 0x8000c000 0x00000001
core   0: 0x8000b304 (0xff9ff06f) j       pc - 0x8
core   0: 3 0x8000b304 (0xff9ff06f)
core   0: 0x8000b2fc (0x00001f17) auipc   t5, 0x1
core   0: 3 0x8000b2fc (0x00001f17) x30 0x8000c2fc
core   0: 0x8000b300 (0xd03f2223) sw      gp, -764(t5)
core   0: 3 0x8000b300 (0xd03f2223) mem 0x8000c000 0x00000001
core   0: 0x8000b304 (0xff9ff06f) j       pc - 0x8
core   0: 3 0x8000b304 (0xff9ff06f)
core   0: 0x8000b2fc (0x00001f17) auipc   t5, 0x1
core   0: 3 0x8000b2fc (0x00001f17) x30 0x8000c2fc
core   0: 0x8000b300 (0xd03f2223) sw      gp, -764(t5)
core   0: 3 0x8000b300 (0xd03f2223) mem 0x8000c000 0x00000001
core   0: 0x8000b304 (0xff9ff06f) j       pc - 0x8
core   0: 3 0x8000b304 (0xff9ff06f)
core   0: 0x8000b2fc (0x00001f17) auipc   t5, 0x1
core   0: 3 0x8000b2fc (0x00001f17) x30 0x8000c2fc
core   0: 0x8000b300 (0xd03f2223) sw      gp, -764(t5)
core   0: 3 0x8000b300 (0xd03f2223) mem 0x8000c000 0x00000001
core   0: 0x8000b304 (0xff9ff06f) j       pc - 0x8
core   0: 3 0x8000b304 (0xff9ff06f)
core   0: 0x8000b2fc (0x00001f17) auipc   t5, 0x1
core   0: 3 0x8000b2fc (0x00001f17) x30 0x8000c2fc
core   0: 0x8000b300 (0xd03f2223) sw      gp, -764(t5)
core   0: 3 0x8000b300 (0xd03f2223) mem 0x8000c000 0x00000001
core   0: 0x8000b304 (0xff9ff06f) j       pc - 0x8
core   0: 3 0x8000b304 (0xff9ff06f)
core   0: 0x8000b2fc (0x00001f17) auipc   t5, 0x1
core   0: 3 0x8000b2fc (0x00001f17) x30 0x8000c2fc
core   0: 0x8000b300 (0xd03f2223) sw      gp, -764(t5)
core   0: 3 0x8000b300 (0xd03f2223) mem 0x8000c000 0x00000001
core   0: 0x8000b304 (0xff9ff06f) j       pc - 0x8
core   0: 3 0x8000b304 (0xff9ff06f)
core   0: 0x8000b2fc (0x00001f17) auipc   t5, 0x1
core   0: 3 0x8000b2fc (0x00001f17) x30 0x8000c2fc
core   0: 0x8000b300 (0xd03f2223) sw      gp, -764(t5)
core   0: 3 0x8000b300 (0xd03f2223) mem 0x8000c000 0x00000001
core   0: 0x8000b304 (0xff9ff06f) j       pc - 0x8
core   0: 3 0x8000b304 (0xff9ff06f)
core   0: 0x8000b2fc (0x00001f17) auipc   t5, 0x1
core   0: 3 0x8000b2fc (0x00001f17) x30 0x8000c2fc
core   0: 0x8000b300 (0xd03f2223) sw      gp, -764(t5)
core   0: 3 0x8000b300 (0xd03f2223) mem 0x8000c000 0x00000001
core   0: 0x8000b304 (0xff9ff06f) j       pc - 0x8
core   0: 3 0x8000b304 (0xff9ff06f)
core   0: 0x8000b2fc (0x00001f17) auipc   t5, 0x1
core   0: 3 0x8000b2fc (0x00001f17) x30 0x8000c2fc
core   0: 0x8000b300 (0xd03f2223) sw      gp, -764(t5)
core   0: 3 0x8000b300 (0xd03f2223) mem 0x8000c000 0x00000001
core   0: 0x8000b304 (0xff9ff06f) j       pc - 0x8
core   0: 3 0x8000b304 (0xff9ff06f)
core   0: 0x8000b2fc (0x00001f17) auipc   t5, 0x1
core   0: 3 0x8000b2fc (0x00001f17) x30 0x8000c2fc
core   0: 0x8000b300 (0xd03f2223) sw      gp, -764(t5)
core   0: 3 0x8000b300 (0xd03f2223) mem 0x8000c000 0x00000001
core   0: 0x8000b304 (0xff9ff06f) j       pc - 0x8
core   0: 3 0x8000b304 (0xff9ff06f)
core   0: 0x8000b2fc (0x00001f17) auipc   t5, 0x1
core   0: 3 0x8000b2fc (0x00001f17) x30 0x8000c2fc
core   0: 0x8000b300 (0xd03f2223) sw      gp, -764(t5)
core   0: 3 0x8000b300 (0xd03f2223) mem 0x8000c000 0x00000001
core   0: 0x8000b304 (0xff9ff06f) j       pc - 0x8
core   0: 3 0x8000b304 (0xff9ff06f)
core   0: 0x8000b2fc (0x00001f17) auipc   t5, 0x1
core   0: 3 0x8000b2fc (0x00001f17) x30 0x8000c2fc
core   0: 0x8000b300 (0xd03f2223) sw      gp, -764(t5)
core   0: 3 0x8000b300 (0xd03f2223) mem 0x8000c000 0x00000001
core   0: 0x8000b304 (0xff9ff06f) j       pc - 0x8
core   0: 3 0x8000b304 (0xff9ff06f)
core   0: 0x8000b2fc (0x00001f17) auipc   t5, 0x1
core   0: 3 0x8000b2fc (0x00001f17) x30 0x8000c2fc
core   0: 0x8000b300 (0xd03f2223) sw      gp, -764(t5)
core   0: 3 0x8000b300 (0xd03f2223) mem 0x8000c000 0x00000001
core   0: 0x8000b304 (0xff9ff06f) j       pc - 0x8
core   0: 3 0x8000b304 (0xff9ff06f)
core   0: 0x8000b2fc (0x00001f17) auipc   t5, 0x1
core   0: 3 0x8000b2fc (0x00001f17) x30 0x8000c2fc
core   0: 0x8000b300 (0xd03f2223) sw      gp, -764(t5)
core   0: 3 0x8000b300 (0xd03f2223) mem 0x8000c000 0x00000001
core   0: 0x8000b304 (0xff9ff06f) j       pc - 0x8
core   0: 3 0x8000b304 (0xff9ff06f)
core   0: 0x8000b2fc (0x00001f17) auipc   t5, 0x1
core   0: 3 0x8000b2fc (0x00001f17) x30 0x8000c2fc
core   0: 0x8000b300 (0xd03f2223) sw      gp, -764(t5)
core   0: 3 0x8000b300 (0xd03f2223) mem 0x8000c000 0x00000001
core   0: 0x8000b304 (0xff9ff06f) j       pc - 0x8
core   0: 3 0x8000b304 (0xff9ff06f)
core   0: 0x8000b2fc (0x00001f17) auipc   t5, 0x1
core   0: 3 0x8000b2fc (0x00001f17) x30 0x8000c2fc
core   0: 0x8000b300 (0xd03f2223) sw      gp, -764(t5)
core   0: 3 0x8000b300 (0xd03f2223) mem 0x8000c000 0x00000001
core   0: 0x8000b304 (0xff9ff06f) j       pc - 0x8
core   0: 3 0x8000b304 (0xff9ff06f)
core   0: 0x8000b2fc (0x00001f17) auipc   t5, 0x1
core   0: 3 0x8000b2fc (0x00001f17) x30 0x8000c2fc
core   0: 0x8000b300 (0xd03f2223) sw      gp, -764(t5)
core   0: 3 0x8000b300 (0xd03f2223) mem 0x8000c000 0x00000001
core   0: 0x8000b304 (0xff9ff06f) j       pc - 0x8
core   0: 3 0x8000b304 (0xff9ff06f)
core   0: 0x8000b2fc (0x00001f17) auipc   t5, 0x1
core   0: 3 0x8000b2fc (0x00001f17) x30 0x8000c2fc
core   0: 0x8000b300 (0xd03f2223) sw      gp, -764(t5)
core   0: 3 0x8000b300 (0xd03f2223) mem 0x8000c000 0x00000001
core   0: 0x8000b304 (0xff9ff06f) j       pc - 0x8
core   0: 3 0x8000b304 (0xff9ff06f)
core   0: 0x8000b2fc (0x00001f17) auipc   t5, 0x1
core   0: 3 0x8000b2fc (0x00001f17) x30 0x8000c2fc
core   0: 0x8000b300 (0xd03f2223) sw      gp, -764(t5)
core   0: 3 0x8000b300 (0xd03f2223) mem 0x8000c000 0x00000001
core   0: 0x8000b304 (0xff9ff06f) j       pc - 0x8
core   0: 3 0x8000b304 (0xff9ff06f)
core   0: 0x8000b2fc (0x00001f17) auipc   t5, 0x1
core   0: 3 0x8000b2fc (0x00001f17) x30 0x8000c2fc
core   0: 0x8000b300 (0xd03f2223) sw      gp, -764(t5)
core   0: 3 0x8000b300 (0xd03f2223) mem 0x8000c000 0x00000001
core   0: 0x8000b304 (0xff9ff06f) j       pc - 0x8
core   0: 3 0x8000b304 (0xff9ff06f)
core   0: 0x8000b2fc (0x00001f17) auipc   t5, 0x1
core   0: 3 0x8000b2fc (0x00001f17) x30 0x8000c2fc
core   0: 0x8000b300 (0xd03f2223) sw      gp, -764(t5)
core   0: 3 0x8000b300 (0xd03f2223) mem 0x8000c000 0x00000001
core   0: 0x8000b304 (0xff9ff06f) j       pc - 0x8
core   0: 3 0x8000b304 (0xff9ff06f)
core   0: 0x8000b2fc (0x00001f17) auipc   t5, 0x1
core   0: 3 0x8000b2fc (0x00001f17) x30 0x8000c2fc
core   0: 0x8000b300 (0xd03f2223) sw      gp, -764(t5)
core   0: 3 0x8000b300 (0xd03f2223) mem 0x8000c000 0x00000001
core   0: 0x8000b304 (0xff9ff06f) j       pc - 0x8
core   0: 3 0x8000b304 (0xff9ff06f)
core   0: 0x8000b2fc (0x00001f17) auipc   t5, 0x1
core   0: 3 0x8000b2fc (0x00001f17) x30 0x8000c2fc
core   0: 0x8000b300 (0xd03f2223) sw      gp, -764(t5)
core   0: 3 0x8000b300 (0xd03f2223) mem 0x8000c000 0x00000001
core   0: 0x8000b304 (0xff9ff06f) j       pc - 0x8
core   0: 3 0x8000b304 (0xff9ff06f)
core   0: 0x8000b2fc (0x00001f17) auipc   t5, 0x1
core   0: 3 0x8000b2fc (0x00001f17) x30 0x8000c2fc
core   0: 0x8000b300 (0xd03f2223) sw      gp, -764(t5)
core   0: 3 0x8000b300 (0xd03f2223) mem 0x8000c000 0x00000001
core   0: 0x8000b304 (0xff9ff06f) j       pc - 0x8
core   0: 3 0x8000b304 (0xff9ff06f)
core   0: 0x8000b2fc (0x00001f17) auipc   t5, 0x1
core   0: 3 0x8000b2fc (0x00001f17) x30 0x8000c2fc
core   0: 0x8000b300 (0xd03f2223) sw      gp, -764(t5)
core   0: 3 0x8000b300 (0xd03f2223) mem 0x8000c000 0x00000001
core   0: 0x8000b304 (0xff9ff06f) j       pc - 0x8
core   0: 3 0x8000b304 (0xff9ff06f)
core   0: 0x8000b2fc (0x00001f17) auipc   t5, 0x1
core   0: 3 0x8000b2fc (0x00001f17) x30 0x8000c2fc
core   0: 0x8000b300 (0xd03f2223) sw      gp, -764(t5)
core   0: 3 0x8000b300 (0xd03f2223) mem 0x8000c000 0x00000001
core   0: 0x8000b304 (0xff9ff06f) j       pc - 0x8
core   0: 3 0x8000b304 (0xff9ff06f)
core   0: 0x8000b2fc (0x00001f17) auipc   t5, 0x1
core   0: 3 0x8000b2fc (0x00001f17) x30 0x8000c2fc
core   0: 0x8000b300 (0xd03f2223) sw      gp, -764(t5)
core   0: 3 0x8000b300 (0xd03f2223) mem 0x8000c000 0x00000001
core   0: 0x8000b304 (0xff9ff06f) j       pc - 0x8
core   0: 3 0x8000b304 (0xff9ff06f)
core   0: 0x8000b2fc (0x00001f17) auipc   t5, 0x1
core   0: 3 0x8000b2fc (0x00001f17) x30 0x8000c2fc
core   0: 0x8000b300 (0xd03f2223) sw      gp, -764(t5)
core   0: 3 0x8000b300 (0xd03f2223) mem 0x8000c000 0x00000001
core   0: 0x8000b304 (0xff9ff06f) j       pc - 0x8
core   0: 3 0x8000b304 (0xff9ff06f)
core   0: 0x8000b2fc (0x00001f17) auipc   t5, 0x1
core   0: 3 0x8000b2fc (0x00001f17) x30 0x8000c2fc
core   0: 0x8000b300 (0xd03f2223) sw      gp, -764(t5)
core   0: 3 0x8000b300 (0xd03f2223) mem 0x8000c000 0x00000001
core   0: 0x8000b304 (0xff9ff06f) j       pc - 0x8
core   0: 3 0x8000b304 (0xff9ff06f)
core   0: 0x8000b2fc (0x00001f17) auipc   t5, 0x1
core   0: 3 0x8000b2fc (0x00001f17) x30 0x8000c2fc
core   0: 0x8000b300 (0xd03f2223) sw      gp, -764(t5)
core   0: 3 0x8000b300 (0xd03f2223) mem 0x8000c000 0x00000001
core   0: 0x8000b304 (0xff9ff06f) j       pc - 0x8
core   0: 3 0x8000b304 (0xff9ff06f)
core   0: 0x8000b2fc (0x00001f17) auipc   t5, 0x1
core   0: 3 0x8000b2fc (0x00001f17) x30 0x8000c2fc
core   0: 0x8000b300 (0xd03f2223) sw      gp, -764(t5)
core   0: 3 0x8000b300 (0xd03f2223) mem 0x8000c000 0x00000001
core   0: 0x8000b304 (0xff9ff06f) j       pc - 0x8
core   0: 3 0x8000b304 (0xff9ff06f)
core   0: 0x8000b2fc (0x00001f17) auipc   t5, 0x1
core   0: 3 0x8000b2fc (0x00001f17) x30 0x8000c2fc
core   0: 0x8000b300 (0xd03f2223) sw      gp, -764(t5)
core   0: 3 0x8000b300 (0xd03f2223) mem 0x8000c000 0x00000001
core   0: 0x8000b304 (0xff9ff06f) j       pc - 0x8
core   0: 3 0x8000b304 (0xff9ff06f)
core   0: 0x8000b2fc (0x00001f17) auipc   t5, 0x1
core   0: 3 0x8000b2fc (0x00001f17) x30 0x8000c2fc
core   0: 0x8000b300 (0xd03f2223) sw      gp, -764(t5)
core   0: 3 0x8000b300 (0xd03f2223) mem 0x8000c000 0x00000001
core   0: 0x8000b304 (0xff9ff06f) j       pc - 0x8
core   0: 3 0x8000b304 (0xff9ff06f)
core   0: 0x8000b2fc (0x00001f17) auipc   t5, 0x1
core   0: 3 0x8000b2fc (0x00001f17) x30 0x8000c2fc
core   0: 0x8000b300 (0xd03f2223) sw      gp, -764(t5)
core   0: 3 0x8000b300 (0xd03f2223) mem 0x8000c000 0x00000001
core   0: 0x8000b304 (0xff9ff06f) j       pc - 0x8
core   0: 3 0x8000b304 (0xff9ff06f)
core   0: 0x8000b2fc (0x00001f17) auipc   t5, 0x1
core   0: 3 0x8000b2fc (0x00001f17) x30 0x8000c2fc
core   0: 0x8000b300 (0xd03f2223) sw      gp, -764(t5)
core   0: 3 0x8000b300 (0xd03f2223) mem 0x8000c000 0x00000001
core   0: 0x8000b304 (0xff9ff06f) j       pc - 0x8
core   0: 3 0x8000b304 (0xff9ff06f)
core   0: 0x8000b2fc (0x00001f17) auipc   t5, 0x1
core   0: 3 0x8000b2fc (0x00001f17) x30 0x8000c2fc
core   0: 0x8000b300 (0xd03f2223) sw      gp, -764(t5)
core   0: 3 0x8000b300 (0xd03f2223) mem 0x8000c000 0x00000001
core   0: 0x8000b304 (0xff9ff06f) j       pc - 0x8
core   0: 3 0x8000b304 (0xff9ff06f)
core   0: 0x8000b2fc (0x00001f17) auipc   t5, 0x1
core   0: 3 0x8000b2fc (0x00001f17) x30 0x8000c2fc
core   0: 0x8000b300 (0xd03f2223) sw      gp, -764(t5)
core   0: 3 0x8000b300 (0xd03f2223) mem 0x8000c000 0x00000001
core   0: 0x8000b304 (0xff9ff06f) j       pc - 0x8
core   0: 3 0x8000b304 (0xff9ff06f)
core   0: 0x8000b2fc (0x00001f17) auipc   t5, 0x1
core   0: 3 0x8000b2fc (0x00001f17) x30 0x8000c2fc
core   0: 0x8000b300 (0xd03f2223) sw      gp, -764(t5)
core   0: 3 0x8000b300 (0xd03f2223) mem 0x8000c000 0x00000001
core   0: 0x8000b304 (0xff9ff06f) j       pc - 0x8
core   0: 3 0x8000b304 (0xff9ff06f)
core   0: 0x8000b2fc (0x00001f17) auipc   t5, 0x1
core   0: 3 0x8000b2fc (0x00001f17) x30 0x8000c2fc
core   0: 0x8000b300 (0xd03f2223) sw      gp, -764(t5)
core   0: 3 0x8000b300 (0xd03f2223) mem 0x8000c000 0x00000001
core   0: 0x8000b304 (0xff9ff06f) j       pc - 0x8
core   0: 3 0x8000b304 (0xff9ff06f)
core   0: 0x8000b2fc (0x00001f17) auipc   t5, 0x1
core   0: 3 0x8000b2fc (0x00001f17) x30 0x8000c2fc
core   0: 0x8000b300 (0xd03f2223) sw      gp, -764(t5)
core   0: 3 0x8000b300 (0xd03f2223) mem 0x8000c000 0x00000001
core   0: 0x8000b304 (0xff9ff06f) j       pc - 0x8
core   0: 3 0x8000b304 (0xff9ff06f)
core   0: 0x8000b2fc (0x00001f17) auipc   t5, 0x1
core   0: 3 0x8000b2fc (0x00001f17) x30 0x8000c2fc
core   0: 0x8000b300 (0xd03f2223) sw      gp, -764(t5)
core   0: 3 0x8000b300 (0xd03f2223) mem 0x8000c000 0x00000001
core   0: 0x8000b304 (0xff9ff06f) j       pc - 0x8
core   0: 3 0x8000b304 (0xff9ff06f)
core   0: 0x8000b2fc (0x00001f17) auipc   t5, 0x1
core   0: 3 0x8000b2fc (0x00001f17) x30 0x8000c2fc
core   0: 0x8000b300 (0xd03f2223) sw      gp, -764(t5)
core   0: 3 0x8000b300 (0xd03f2223) mem 0x8000c000 0x00000001
core   0: 0x8000b304 (0xff9ff06f) j       pc - 0x8
core   0: 3 0x8000b304 (0xff9ff06f)
core   0: 0x8000b2fc (0x00001f17) auipc   t5, 0x1
core   0: 3 0x8000b2fc (0x00001f17) x30 0x8000c2fc
core   0: 0x8000b300 (0xd03f2223) sw      gp, -764(t5)
core   0: 3 0x8000b300 (0xd03f2223) mem 0x8000c000 0x00000001
core   0: 0x8000b304 (0xff9ff06f) j       pc - 0x8
core   0: 3 0x8000b304 (0xff9ff06f)
core   0: 0x8000b2fc (0x00001f17) auipc   t5, 0x1
core   0: 3 0x8000b2fc (0x00001f17) x30 0x8000c2fc
core   0: 0x8000b300 (0xd03f2223) sw      gp, -764(t5)
core   0: 3 0x8000b300 (0xd03f2223) mem 0x8000c000 0x00000001
core   0: 0x8000b304 (0xff9ff06f) j       pc - 0x8
core   0: 3 0x8000b304 (0xff9ff06f)
core   0: 0x8000b2fc (0x00001f17) auipc   t5, 0x1
core   0: 3 0x8000b2fc (0x00001f17) x30 0x8000c2fc
core   0: 0x8000b300 (0xd03f2223) sw      gp, -764(t5)
core   0: 3 0x8000b300 (0xd03f2223) mem 0x8000c000 0x00000001
core   0: 0x8000b304 (0xff9ff06f) j       pc - 0x8
core   0: 3 0x8000b304 (0xff9ff06f)
core   0: 0x8000b2fc (0x00001f17) auipc   t5, 0x1
core   0: 3 0x8000b2fc (0x00001f17) x30 0x8000c2fc
core   0: 0x8000b300 (0xd03f2223) sw      gp, -764(t5)
core   0: 3 0x8000b300 (0xd03f2223) mem 0x8000c000 0x00000001
core   0: 0x8000b304 (0xff9ff06f) j       pc - 0x8
core   0: 3 0x8000b304 (0xff9ff06f)
core   0: 0x8000b2fc (0x00001f17) auipc   t5, 0x1
core   0: 3 0x8000b2fc (0x00001f17) x30 0x8000c2fc
core   0: 0x8000b300 (0xd03f2223) sw      gp, -764(t5)
core   0: 3 0x8000b300 (0xd03f2223) mem 0x8000c000 0x00000001
core   0: 0x8000b304 (0xff9ff06f) j       pc - 0x8
core   0: 3 0x8000b304 (0xff9ff06f)
core   0: 0x8000b2fc (0x00001f17) auipc   t5, 0x1
core   0: 3 0x8000b2fc (0x00001f17) x30 0x8000c2fc
core   0: 0x8000b300 (0xd03f2223) sw      gp, -764(t5)
core   0: 3 0x8000b300 (0xd03f2223) mem 0x8000c000 0x00000001
core   0: 0x8000b304 (0xff9ff06f) j       pc - 0x8
core   0: 3 0x8000b304 (0xff9ff06f)
core   0: 0x8000b2fc (0x00001f17) auipc   t5, 0x1
core   0: 3 0x8000b2fc (0x00001f17) x30 0x8000c2fc
core   0: 0x8000b300 (0xd03f2223) sw      gp, -764(t5)
core   0: 3 0x8000b300 (0xd03f2223) mem 0x8000c000 0x00000001
core   0: 0x8000b304 (0xff9ff06f) j       pc - 0x8
core   0: 3 0x8000b304 (0xff9ff06f)
core   0: 0x8000b2fc (0x00001f17) auipc   t5, 0x1
core   0: 3 0x8000b2fc (0x00001f17) x30 0x8000c2fc
core   0: 0x8000b300 (0xd03f2223) sw      gp, -764(t5)
core   0: 3 0x8000b300 (0xd03f2223) mem 0x8000c000 0x00000001
core   0: 0x8000b304 (0xff9ff06f) j       pc - 0x8
core   0: 3 0x8000b304 (0xff9ff06f)
core   0: 0x8000b2fc (0x00001f17) auipc   t5, 0x1
core   0: 3 0x8000b2fc (0x00001f17) x30 0x8000c2fc
core   0: 0x8000b300 (0xd03f2223) sw      gp, -764(t5)
core   0: 3 0x8000b300 (0xd03f2223) mem 0x8000c000 0x00000001
core   0: 0x8000b304 (0xff9ff06f) j       pc - 0x8
core   0: 3 0x8000b304 (0xff9ff06f)
core   0: 0x8000b2fc (0x00001f17) auipc   t5, 0x1
core   0: 3 0x8000b2fc (0x00001f17) x30 0x8000c2fc
core   0: 0x8000b300 (0xd03f2223) sw      gp, -764(t5)
core   0: 3 0x8000b300 (0xd03f2223) mem 0x8000c000 0x00000001
core   0: 0x8000b304 (0xff9ff06f) j       pc - 0x8
core   0: 3 0x8000b304 (0xff9ff06f)
core   0: 0x8000b2fc (0x00001f17) auipc   t5, 0x1
core   0: 3 0x8000b2fc (0x00001f17) x30 0x8000c2fc
core   0: 0x8000b300 (0xd03f2223) sw      gp, -764(t5)
core   0: 3 0x8000b300 (0xd03f2223) mem 0x8000c000 0x00000001
core   0: 0x8000b304 (0xff9ff06f) j       pc - 0x8
core   0: 3 0x8000b304 (0xff9ff06f)
core   0: 0x8000b2fc (0x00001f17) auipc   t5, 0x1
core   0: 3 0x8000b2fc (0x00001f17) x30 0x8000c2fc
core   0: 0x8000b300 (0xd03f2223) sw      gp, -764(t5)
core   0: 3 0x8000b300 (0xd03f2223) mem 0x8000c000 0x00000001
core   0: 0x8000b304 (0xff9ff06f) j       pc - 0x8
core   0: 3 0x8000b304 (0xff9ff06f)
core   0: 0x8000b2fc (0x00001f17) auipc   t5, 0x1
core   0: 3 0x8000b2fc (0x00001f17) x30 0x8000c2fc
core   0: 0x8000b300 (0xd03f2223) sw      gp, -764(t5)
core   0: 3 0x8000b300 (0xd03f2223) mem 0x8000c000 0x00000001
core   0: 0x8000b304 (0xff9ff06f) j       pc - 0x8
core   0: 3 0x8000b304 (0xff9ff06f)
core   0: 0x8000b2fc (0x00001f17) auipc   t5, 0x1
core   0: 3 0x8000b2fc (0x00001f17) x30 0x8000c2fc
core   0: 0x8000b300 (0xd03f2223) sw      gp, -764(t5)
core   0: 3 0x8000b300 (0xd03f2223) mem 0x8000c000 0x00000001
core   0: 0x8000b304 (0xff9ff06f) j       pc - 0x8
core   0: 3 0x8000b304 (0xff9ff06f)
core   0: 0x8000b2fc (0x00001f17) auipc   t5, 0x1
core   0: 3 0x8000b2fc (0x00001f17) x30 0x8000c2fc
core   0: 0x8000b300 (0xd03f2223) sw      gp, -764(t5)
core   0: 3 0x8000b300 (0xd03f2223) mem 0x8000c000 0x00000001
core   0: 0x8000b304 (0xff9ff06f) j       pc - 0x8
core   0: 3 0x8000b304 (0xff9ff06f)
core   0: 0x8000b2fc (0x00001f17) auipc   t5, 0x1
core   0: 3 0x8000b2fc (0x00001f17) x30 0x8000c2fc
core   0: 0x8000b300 (0xd03f2223) sw      gp, -764(t5)
core   0: 3 0x8000b300 (0xd03f2223) mem 0x8000c000 0x00000001
core   0: 0x8000b304 (0xff9ff06f) j       pc - 0x8
core   0: 3 0x8000b304 (0xff9ff06f)
core   0: 0x8000b2fc (0x00001f17) auipc   t5, 0x1
core   0: 3 0x8000b2fc (0x00001f17) x30 0x8000c2fc
core   0: 0x8000b300 (0xd03f2223) sw      gp, -764(t5)
core   0: 3 0x8000b300 (0xd03f2223) mem 0x8000c000 0x00000001
core   0: 0x8000b304 (0xff9ff06f) j       pc - 0x8
core   0: 3 0x8000b304 (0xff9ff06f)
core   0: 0x8000b2fc (0x00001f17) auipc   t5, 0x1
core   0: 3 0x8000b2fc (0x00001f17) x30 0x8000c2fc
core   0: 0x8000b300 (0xd03f2223) sw      gp, -764(t5)
core   0: 3 0x8000b300 (0xd03f2223) mem 0x8000c000 0x00000001
core   0: 0x8000b304 (0xff9ff06f) j       pc - 0x8
core   0: 3 0x8000b304 (0xff9ff06f)
core   0: 0x8000b2fc (0x00001f17) auipc   t5, 0x1
core   0: 3 0x8000b2fc (0x00001f17) x30 0x8000c2fc
core   0: 0x8000b300 (0xd03f2223) sw      gp, -764(t5)
core   0: 3 0x8000b300 (0xd03f2223) mem 0x8000c000 0x00000001
core   0: 0x8000b304 (0xff9ff06f) j       pc - 0x8
core   0: 3 0x8000b304 (0xff9ff06f)
core   0: 0x8000b2fc (0x00001f17) auipc   t5, 0x1
core   0: 3 0x8000b2fc (0x00001f17) x30 0x8000c2fc
core   0: 0x8000b300 (0xd03f2223) sw      gp, -764(t5)
core   0: 3 0x8000b300 (0xd03f2223) mem 0x8000c000 0x00000001
core   0: 0x8000b304 (0xff9ff06f) j       pc - 0x8
core   0: 3 0x8000b304 (0xff9ff06f)
core   0: 0x8000b2fc (0x00001f17) auipc   t5, 0x1
core   0: 3 0x8000b2fc (0x00001f17) x30 0x8000c2fc
core   0: 0x8000b300 (0xd03f2223) sw      gp, -764(t5)
core   0: 3 0x8000b300 (0xd03f2223) mem 0x8000c000 0x00000001
core   0: 0x8000b304 (0xff9ff06f) j       pc - 0x8
core   0: 3 0x8000b304 (0xff9ff06f)
core   0: 0x8000b2fc (0x00001f17) auipc   t5, 0x1
core   0: 3 0x8000b2fc (0x00001f17) x30 0x8000c2fc
core   0: 0x8000b300 (0xd03f2223) sw      gp, -764(t5)
core   0: 3 0x8000b300 (0xd03f2223) mem 0x8000c000 0x00000001
core   0: 0x8000b304 (0xff9ff06f) j       pc - 0x8
core   0: 3 0x8000b304 (0xff9ff06f)
core   0: 0x8000b2fc (0x00001f17) auipc   t5, 0x1
core   0: 3 0x8000b2fc (0x00001f17) x30 0x8000c2fc
core   0: 0x8000b300 (0xd03f2223) sw      gp, -764(t5)
core   0: 3 0x8000b300 (0xd03f2223) mem 0x8000c000 0x00000001
core   0: 0x8000b304 (0xff9ff06f) j       pc - 0x8
core   0: 3 0x8000b304 (0xff9ff06f)
core   0: 0x8000b2fc (0x00001f17) auipc   t5, 0x1
core   0: 3 0x8000b2fc (0x00001f17) x30 0x8000c2fc
core   0: 0x8000b300 (0xd03f2223) sw      gp, -764(t5)
core   0: 3 0x8000b300 (0xd03f2223) mem 0x8000c000 0x00000001
core   0: 0x8000b304 (0xff9ff06f) j       pc - 0x8
core   0: 3 0x8000b304 (0xff9ff06f)
core   0: 0x8000b2fc (0x00001f17) auipc   t5, 0x1
core   0: 3 0x8000b2fc (0x00001f17) x30 0x8000c2fc
core   0: 0x8000b300 (0xd03f2223) sw      gp, -764(t5)
core   0: 3 0x8000b300 (0xd03f2223) mem 0x8000c000 0x00000001
core   0: 0x8000b304 (0xff9ff06f) j       pc - 0x8
core   0: 3 0x8000b304 (0xff9ff06f)
core   0: 0x8000b2fc (0x00001f17) auipc   t5, 0x1
core   0: 3 0x8000b2fc (0x00001f17) x30 0x8000c2fc
core   0: 0x8000b300 (0xd03f2223) sw      gp, -764(t5)
core   0: 3 0x8000b300 (0xd03f2223) mem 0x8000c000 0x00000001
core   0: 0x8000b304 (0xff9ff06f) j       pc - 0x8
core   0: 3 0x8000b304 (0xff9ff06f)
core   0: 0x8000b2fc (0x00001f17) auipc   t5, 0x1
core   0: 3 0x8000b2fc (0x00001f17) x30 0x8000c2fc
core   0: 0x8000b300 (0xd03f2223) sw      gp, -764(t5)
core   0: 3 0x8000b300 (0xd03f2223) mem 0x8000c000 0x00000001
core   0: 0x8000b304 (0xff9ff06f) j       pc - 0x8
core   0: 3 0x8000b304 (0xff9ff06f)
core   0: 0x8000b2fc (0x00001f17) auipc   t5, 0x1
core   0: 3 0x8000b2fc (0x00001f17) x30 0x8000c2fc
core   0: 0x8000b300 (0xd03f2223) sw      gp, -764(t5)
core   0: 3 0x8000b300 (0xd03f2223) mem 0x8000c000 0x00000001
core   0: 0x8000b304 (0xff9ff06f) j       pc - 0x8
core   0: 3 0x8000b304 (0xff9ff06f)
core   0: 0x8000b2fc (0x00001f17) auipc   t5, 0x1
core   0: 3 0x8000b2fc (0x00001f17) x30 0x8000c2fc
core   0: 0x8000b300 (0xd03f2223) sw      gp, -764(t5)
core   0: 3 0x8000b300 (0xd03f2223) mem 0x8000c000 0x00000001
core   0: 0x8000b304 (0xff9ff06f) j       pc - 0x8
core   0: 3 0x8000b304 (0xff9ff06f)
core   0: 0x8000b2fc (0x00001f17) auipc   t5, 0x1
core   0: 3 0x8000b2fc (0x00001f17) x30 0x8000c2fc
core   0: 0x8000b300 (0xd03f2223) sw      gp, -764(t5)
core   0: 3 0x8000b300 (0xd03f2223) mem 0x8000c000 0x00000001
core   0: 0x8000b304 (0xff9ff06f) j       pc - 0x8
core   0: 3 0x8000b304 (0xff9ff06f)
core   0: 0x8000b2fc (0x00001f17) auipc   t5, 0x1
core   0: 3 0x8000b2fc (0x00001f17) x30 0x8000c2fc
core   0: 0x8000b300 (0xd03f2223) sw      gp, -764(t5)
core   0: 3 0x8000b300 (0xd03f2223) mem 0x8000c000 0x00000001
core   0: 0x8000b304 (0xff9ff06f) j       pc - 0x8
core   0: 3 0x8000b304 (0xff9ff06f)
core   0: 0x8000b2fc (0x00001f17) auipc   t5, 0x1
core   0: 3 0x8000b2fc (0x00001f17) x30 0x8000c2fc
core   0: 0x8000b300 (0xd03f2223) sw      gp, -764(t5)
core   0: 3 0x8000b300 (0xd03f2223) mem 0x8000c000 0x00000001
core   0: 0x8000b304 (0xff9ff06f) j       pc - 0x8
core   0: 3 0x8000b304 (0xff9ff06f)
core   0: 0x8000b2fc (0x00001f17) auipc   t5, 0x1
core   0: 3 0x8000b2fc (0x00001f17) x30 0x8000c2fc
core   0: 0x8000b300 (0xd03f2223) sw      gp, -764(t5)
core   0: 3 0x8000b300 (0xd03f2223) mem 0x8000c000 0x00000001
core   0: 0x8000b304 (0xff9ff06f) j       pc - 0x8
core   0: 3 0x8000b304 (0xff9ff06f)
core   0: 0x8000b2fc (0x00001f17) auipc   t5, 0x1
core   0: 3 0x8000b2fc (0x00001f17) x30 0x8000c2fc
core   0: 0x8000b300 (0xd03f2223) sw      gp, -764(t5)
core   0: 3 0x8000b300 (0xd03f2223) mem 0x8000c000 0x00000001
core   0: 0x8000b304 (0xff9ff06f) j       pc - 0x8
core   0: 3 0x8000b304 (0xff9ff06f)
core   0: 0x8000b2fc (0x00001f17) auipc   t5, 0x1
core   0: 3 0x8000b2fc (0x00001f17) x30 0x8000c2fc
core   0: 0x8000b300 (0xd03f2223) sw      gp, -764(t5)
core   0: 3 0x8000b300 (0xd03f2223) mem 0x8000c000 0x00000001
core   0: 0x8000b304 (0xff9ff06f) j       pc - 0x8
core   0: 3 0x8000b304 (0xff9ff06f)
core   0: 0x8000b2fc (0x00001f17) auipc   t5, 0x1
core   0: 3 0x8000b2fc (0x00001f17) x30 0x8000c2fc
core   0: 0x8000b300 (0xd03f2223) sw      gp, -764(t5)
core   0: 3 0x8000b300 (0xd03f2223) mem 0x8000c000 0x00000001
core   0: 0x8000b304 (0xff9ff06f) j       pc - 0x8
core   0: 3 0x8000b304 (0xff9ff06f)
core   0: 0x8000b2fc (0x00001f17) auipc   t5, 0x1
core   0: 3 0x8000b2fc (0x00001f17) x30 0x8000c2fc
core   0: 0x8000b300 (0xd03f2223) sw      gp, -764(t5)
core   0: 3 0x8000b300 (0xd03f2223) mem 0x8000c000 0x00000001
core   0: 0x8000b304 (0xff9ff06f) j       pc - 0x8
core   0: 3 0x8000b304 (0xff9ff06f)
core   0: 0x8000b2fc (0x00001f17) auipc   t5, 0x1
core   0: 3 0x8000b2fc (0x00001f17) x30 0x8000c2fc
core   0: 0x8000b300 (0xd03f2223) sw      gp, -764(t5)
core   0: 3 0x8000b300 (0xd03f2223) mem 0x8000c000 0x00000001
core   0: 0x8000b304 (0xff9ff06f) j       pc - 0x8
core   0: 3 0x8000b304 (0xff9ff06f)
core   0: 0x8000b2fc (0x00001f17) auipc   t5, 0x1
core   0: 3 0x8000b2fc (0x00001f17) x30 0x8000c2fc
core   0: 0x8000b300 (0xd03f2223) sw      gp, -764(t5)
core   0: 3 0x8000b300 (0xd03f2223) mem 0x8000c000 0x00000001
core   0: 0x8000b304 (0xff9ff06f) j       pc - 0x8
core   0: 3 0x8000b304 (0xff9ff06f)
core   0: 0x8000b2fc (0x00001f17) auipc   t5, 0x1
core   0: 3 0x8000b2fc (0x00001f17) x30 0x8000c2fc
core   0: 0x8000b300 (0xd03f2223) sw      gp, -764(t5)
core   0: 3 0x8000b300 (0xd03f2223) mem 0x8000c000 0x00000001
core   0: 0x8000b304 (0xff9ff06f) j       pc - 0x8
core   0: 3 0x8000b304 (0xff9ff06f)
core   0: 0x8000b2fc (0x00001f17) auipc   t5, 0x1
core   0: 3 0x8000b2fc (0x00001f17) x30 0x8000c2fc
core   0: 0x8000b300 (0xd03f2223) sw      gp, -764(t5)
core   0: 3 0x8000b300 (0xd03f2223) mem 0x8000c000 0x00000001
core   0: 0x8000b304 (0xff9ff06f) j       pc - 0x8
core   0: 3 0x8000b304 (0xff9ff06f)
core   0: 0x8000b2fc (0x00001f17) auipc   t5, 0x1
core   0: 3 0x8000b2fc (0x00001f17) x30 0x8000c2fc
core   0: 0x8000b300 (0xd03f2223) sw      gp, -764(t5)
core   0: 3 0x8000b300 (0xd03f2223) mem 0x8000c000 0x00000001
core   0: 0x8000b304 (0xff9ff06f) j       pc - 0x8
core   0: 3 0x8000b304 (0xff9ff06f)
core   0: 0x8000b2fc (0x00001f17) auipc   t5, 0x1
core   0: 3 0x8000b2fc (0x00001f17) x30 0x8000c2fc
core   0: 0x8000b300 (0xd03f2223) sw      gp, -764(t5)
core   0: 3 0x8000b300 (0xd03f2223) mem 0x8000c000 0x00000001
core   0: 0x8000b304 (0xff9ff06f) j       pc - 0x8
core   0: 3 0x8000b304 (0xff9ff06f)
core   0: 0x8000b2fc (0x00001f17) auipc   t5, 0x1
core   0: 3 0x8000b2fc (0x00001f17) x30 0x8000c2fc
core   0: 0x8000b300 (0xd03f2223) sw      gp, -764(t5)
core   0: 3 0x8000b300 (0xd03f2223) mem 0x8000c000 0x00000001
core   0: 0x8000b304 (0xff9ff06f) j       pc - 0x8
core   0: 3 0x8000b304 (0xff9ff06f)
core   0: 0x8000b2fc (0x00001f17) auipc   t5, 0x1
core   0: 3 0x8000b2fc (0x00001f17) x30 0x8000c2fc
core   0: 0x8000b300 (0xd03f2223) sw      gp, -764(t5)
core   0: 3 0x8000b300 (0xd03f2223) mem 0x8000c000 0x00000001
core   0: 0x8000b304 (0xff9ff06f) j       pc - 0x8
core   0: 3 0x8000b304 (0xff9ff06f)
core   0: 0x8000b2fc (0x00001f17) auipc   t5, 0x1
core   0: 3 0x8000b2fc (0x00001f17) x30 0x8000c2fc
core   0: 0x8000b300 (0xd03f2223) sw      gp, -764(t5)
core   0: 3 0x8000b300 (0xd03f2223) mem 0x8000c000 0x00000001
core   0: 0x8000b304 (0xff9ff06f) j       pc - 0x8
core   0: 3 0x8000b304 (0xff9ff06f)
core   0: 0x8000b2fc (0x00001f17) auipc   t5, 0x1
core   0: 3 0x8000b2fc (0x00001f17) x30 0x8000c2fc
core   0: 0x8000b300 (0xd03f2223) sw      gp, -764(t5)
core   0: 3 0x8000b300 (0xd03f2223) mem 0x8000c000 0x00000001
core   0: 0x8000b304 (0xff9ff06f) j       pc - 0x8
core   0: 3 0x8000b304 (0xff9ff06f)
core   0: 0x8000b2fc (0x00001f17) auipc   t5, 0x1
core   0: 3 0x8000b2fc (0x00001f17) x30 0x8000c2fc
core   0: 0x8000b300 (0xd03f2223) sw      gp, -764(t5)
core   0: 3 0x8000b300 (0xd03f2223) mem 0x8000c000 0x00000001
core   0: 0x8000b304 (0xff9ff06f) j       pc - 0x8
core   0: 3 0x8000b304 (0xff9ff06f)
core   0: 0x8000b2fc (0x00001f17) auipc   t5, 0x1
core   0: 3 0x8000b2fc (0x00001f17) x30 0x8000c2fc
core   0: 0x8000b300 (0xd03f2223) sw      gp, -764(t5)
core   0: 3 0x8000b300 (0xd03f2223) mem 0x8000c000 0x00000001
core   0: 0x8000b304 (0xff9ff06f) j       pc - 0x8
core   0: 3 0x8000b304 (0xff9ff06f)
core   0: 0x8000b2fc (0x00001f17) auipc   t5, 0x1
core   0: 3 0x8000b2fc (0x00001f17) x30 0x8000c2fc
core   0: 0x8000b300 (0xd03f2223) sw      gp, -764(t5)
core   0: 3 0x8000b300 (0xd03f2223) mem 0x8000c000 0x00000001
core   0: 0x8000b304 (0xff9ff06f) j       pc - 0x8
core   0: 3 0x8000b304 (0xff9ff06f)
core   0: 0x8000b2fc (0x00001f17) auipc   t5, 0x1
core   0: 3 0x8000b2fc (0x00001f17) x30 0x8000c2fc
core   0: 0x8000b300 (0xd03f2223) sw      gp, -764(t5)
core   0: 3 0x8000b300 (0xd03f2223) mem 0x8000c000 0x00000001
core   0: 0x8000b304 (0xff9ff06f) j       pc - 0x8
core   0: 3 0x8000b304 (0xff9ff06f)
core   0: 0x8000b2fc (0x00001f17) auipc   t5, 0x1
core   0: 3 0x8000b2fc (0x00001f17) x30 0x8000c2fc
core   0: 0x8000b300 (0xd03f2223) sw      gp, -764(t5)
core   0: 3 0x8000b300 (0xd03f2223) mem 0x8000c000 0x00000001
core   0: 0x8000b304 (0xff9ff06f) j       pc - 0x8
core   0: 3 0x8000b304 (0xff9ff06f)
core   0: 0x8000b2fc (0x00001f17) auipc   t5, 0x1
core   0: 3 0x8000b2fc (0x00001f17) x30 0x8000c2fc
core   0: 0x8000b300 (0xd03f2223) sw      gp, -764(t5)
core   0: 3 0x8000b300 (0xd03f2223) mem 0x8000c000 0x00000001
core   0: 0x8000b304 (0xff9ff06f) j       pc - 0x8
core   0: 3 0x8000b304 (0xff9ff06f)
core   0: 0x8000b2fc (0x00001f17) auipc   t5, 0x1
core   0: 3 0x8000b2fc (0x00001f17) x30 0x8000c2fc
core   0: 0x8000b300 (0xd03f2223) sw      gp, -764(t5)
core   0: 3 0x8000b300 (0xd03f2223) mem 0x8000c000 0x00000001
core   0: 0x8000b304 (0xff9ff06f) j       pc - 0x8
core   0: 3 0x8000b304 (0xff9ff06f)
core   0: 0x8000b2fc (0x00001f17) auipc   t5, 0x1
core   0: 3 0x8000b2fc (0x00001f17) x30 0x8000c2fc
core   0: 0x8000b300 (0xd03f2223) sw      gp, -764(t5)
core   0: 3 0x8000b300 (0xd03f2223) mem 0x8000c000 0x00000001
core   0: 0x8000b304 (0xff9ff06f) j       pc - 0x8
core   0: 3 0x8000b304 (0xff9ff06f)
core   0: 0x8000b2fc (0x00001f17) auipc   t5, 0x1
core   0: 3 0x8000b2fc (0x00001f17) x30 0x8000c2fc
core   0: 0x8000b300 (0xd03f2223) sw      gp, -764(t5)
core   0: 3 0x8000b300 (0xd03f2223) mem 0x8000c000 0x00000001
core   0: 0x8000b304 (0xff9ff06f) j       pc - 0x8
core   0: 3 0x8000b304 (0xff9ff06f)
core   0: 0x8000b2fc (0x00001f17) auipc   t5, 0x1
core   0: 3 0x8000b2fc (0x00001f17) x30 0x8000c2fc
core   0: 0x8000b300 (0xd03f2223) sw      gp, -764(t5)
core   0: 3 0x8000b300 (0xd03f2223) mem 0x8000c000 0x00000001
core   0: 0x8000b304 (0xff9ff06f) j       pc - 0x8
core   0: 3 0x8000b304 (0xff9ff06f)
core   0: 0x8000b2fc (0x00001f17) auipc   t5, 0x1
core   0: 3 0x8000b2fc (0x00001f17) x30 0x8000c2fc
core   0: 0x8000b300 (0xd03f2223) sw      gp, -764(t5)
core   0: 3 0x8000b300 (0xd03f2223) mem 0x8000c000 0x00000001
core   0: 0x8000b304 (0xff9ff06f) j       pc - 0x8
core   0: 3 0x8000b304 (0xff9ff06f)
core   0: 0x8000b2fc (0x00001f17) auipc   t5, 0x1
core   0: 3 0x8000b2fc (0x00001f17) x30 0x8000c2fc
core   0: 0x8000b300 (0xd03f2223) sw      gp, -764(t5)
core   0: 3 0x8000b300 (0xd03f2223) mem 0x8000c000 0x00000001
core   0: 0x8000b304 (0xff9ff06f) j       pc - 0x8
core   0: 3 0x8000b304 (0xff9ff06f)
core   0: 0x8000b2fc (0x00001f17) auipc   t5, 0x1
core   0: 3 0x8000b2fc (0x00001f17) x30 0x8000c2fc
core   0: 0x8000b300 (0xd03f2223) sw      gp, -764(t5)
core   0: 3 0x8000b300 (0xd03f2223) mem 0x8000c000 0x00000001
core   0: 0x8000b304 (0xff9ff06f) j       pc - 0x8
core   0: 3 0x8000b304 (0xff9ff06f)
core   0: 0x8000b2fc (0x00001f17) auipc   t5, 0x1
core   0: 3 0x8000b2fc (0x00001f17) x30 0x8000c2fc
core   0: 0x8000b300 (0xd03f2223) sw      gp, -764(t5)
core   0: 3 0x8000b300 (0xd03f2223) mem 0x8000c000 0x00000001
core   0: 0x8000b304 (0xff9ff06f) j       pc - 0x8
core   0: 3 0x8000b304 (0xff9ff06f)
core   0: 0x8000b2fc (0x00001f17) auipc   t5, 0x1
core   0: 3 0x8000b2fc (0x00001f17) x30 0x8000c2fc
core   0: 0x8000b300 (0xd03f2223) sw      gp, -764(t5)
core   0: 3 0x8000b300 (0xd03f2223) mem 0x8000c000 0x00000001
core   0: 0x8000b304 (0xff9ff06f) j       pc - 0x8
core   0: 3 0x8000b304 (0xff9ff06f)
core   0: 0x8000b2fc (0x00001f17) auipc   t5, 0x1
core   0: 3 0x8000b2fc (0x00001f17) x30 0x8000c2fc
core   0: 0x8000b300 (0xd03f2223) sw      gp, -764(t5)
core   0: 3 0x8000b300 (0xd03f2223) mem 0x8000c000 0x00000001
core   0: 0x8000b304 (0xff9ff06f) j       pc - 0x8
core   0: 3 0x8000b304 (0xff9ff06f)
core   0: 0x8000b2fc (0x00001f17) auipc   t5, 0x1
core   0: 3 0x8000b2fc (0x00001f17) x30 0x8000c2fc
core   0: 0x8000b300 (0xd03f2223) sw      gp, -764(t5)
core   0: 3 0x8000b300 (0xd03f2223) mem 0x8000c000 0x00000001
core   0: 0x8000b304 (0xff9ff06f) j       pc - 0x8
core   0: 3 0x8000b304 (0xff9ff06f)
core   0: 0x8000b2fc (0x00001f17) auipc   t5, 0x1
core   0: 3 0x8000b2fc (0x00001f17) x30 0x8000c2fc
core   0: 0x8000b300 (0xd03f2223) sw      gp, -764(t5)
core   0: 3 0x8000b300 (0xd03f2223) mem 0x8000c000 0x00000001
core   0: 0x8000b304 (0xff9ff06f) j       pc - 0x8
core   0: 3 0x8000b304 (0xff9ff06f)
core   0: 0x8000b2fc (0x00001f17) auipc   t5, 0x1
core   0: 3 0x8000b2fc (0x00001f17) x30 0x8000c2fc
core   0: 0x8000b300 (0xd03f2223) sw      gp, -764(t5)
core   0: 3 0x8000b300 (0xd03f2223) mem 0x8000c000 0x00000001
core   0: 0x8000b304 (0xff9ff06f) j       pc - 0x8
core   0: 3 0x8000b304 (0xff9ff06f)
core   0: 0x8000b2fc (0x00001f17) auipc   t5, 0x1
core   0: 3 0x8000b2fc (0x00001f17) x30 0x8000c2fc
core   0: 0x8000b300 (0xd03f2223) sw      gp, -764(t5)
core   0: 3 0x8000b300 (0xd03f2223) mem 0x8000c000 0x00000001
core   0: 0x8000b304 (0xff9ff06f) j       pc - 0x8
core   0: 3 0x8000b304 (0xff9ff06f)
core   0: 0x8000b2fc (0x00001f17) auipc   t5, 0x1
core   0: 3 0x8000b2fc (0x00001f17) x30 0x8000c2fc
core   0: 0x8000b300 (0xd03f2223) sw      gp, -764(t5)
core   0: 3 0x8000b300 (0xd03f2223) mem 0x8000c000 0x00000001
core   0: 0x8000b304 (0xff9ff06f) j       pc - 0x8
core   0: 3 0x8000b304 (0xff9ff06f)
core   0: 0x8000b2fc (0x00001f17) auipc   t5, 0x1
core   0: 3 0x8000b2fc (0x00001f17) x30 0x8000c2fc
core   0: 0x8000b300 (0xd03f2223) sw      gp, -764(t5)
core   0: 3 0x8000b300 (0xd03f2223) mem 0x8000c000 0x00000001
core   0: 0x8000b304 (0xff9ff06f) j       pc - 0x8
core   0: 3 0x8000b304 (0xff9ff06f)
core   0: 0x8000b2fc (0x00001f17) auipc   t5, 0x1
core   0: 3 0x8000b2fc (0x00001f17) x30 0x8000c2fc
core   0: 0x8000b300 (0xd03f2223) sw      gp, -764(t5)
core   0: 3 0x8000b300 (0xd03f2223) mem 0x8000c000 0x00000001
core   0: 0x8000b304 (0xff9ff06f) j       pc - 0x8
core   0: 3 0x8000b304 (0xff9ff06f)
core   0: 0x8000b2fc (0x00001f17) auipc   t5, 0x1
core   0: 3 0x8000b2fc (0x00001f17) x30 0x8000c2fc
core   0: 0x8000b300 (0xd03f2223) sw      gp, -764(t5)
core   0: 3 0x8000b300 (0xd03f2223) mem 0x8000c000 0x00000001
core   0: 0x8000b304 (0xff9ff06f) j       pc - 0x8
core   0: 3 0x8000b304 (0xff9ff06f)
core   0: 0x8000b2fc (0x00001f17) auipc   t5, 0x1
core   0: 3 0x8000b2fc (0x00001f17) x30 0x8000c2fc
core   0: 0x8000b300 (0xd03f2223) sw      gp, -764(t5)
core   0: 3 0x8000b300 (0xd03f2223) mem 0x8000c000 0x00000001
core   0: 0x8000b304 (0xff9ff06f) j       pc - 0x8
core   0: 3 0x8000b304 (0xff9ff06f)
core   0: 0x8000b2fc (0x00001f17) auipc   t5, 0x1
core   0: 3 0x8000b2fc (0x00001f17) x30 0x8000c2fc
core   0: 0x8000b300 (0xd03f2223) sw      gp, -764(t5)
core   0: 3 0x8000b300 (0xd03f2223) mem 0x8000c000 0x00000001
core   0: 0x8000b304 (0xff9ff06f) j       pc - 0x8
core   0: 3 0x8000b304 (0xff9ff06f)
core   0: 0x8000b2fc (0x00001f17) auipc   t5, 0x1
core   0: 3 0x8000b2fc (0x00001f17) x30 0x8000c2fc
core   0: 0x8000b300 (0xd03f2223) sw      gp, -764(t5)
core   0: 3 0x8000b300 (0xd03f2223) mem 0x8000c000 0x00000001
core   0: 0x8000b304 (0xff9ff06f) j       pc - 0x8
core   0: 3 0x8000b304 (0xff9ff06f)
core   0: 0x8000b2fc (0x00001f17) auipc   t5, 0x1
core   0: 3 0x8000b2fc (0x00001f17) x30 0x8000c2fc
core   0: 0x8000b300 (0xd03f2223) sw      gp, -764(t5)
core   0: 3 0x8000b300 (0xd03f2223) mem 0x8000c000 0x00000001
core   0: 0x8000b304 (0xff9ff06f) j       pc - 0x8
core   0: 3 0x8000b304 (0xff9ff06f)
core   0: 0x8000b2fc (0x00001f17) auipc   t5, 0x1
core   0: 3 0x8000b2fc (0x00001f17) x30 0x8000c2fc
core   0: 0x8000b300 (0xd03f2223) sw      gp, -764(t5)
core   0: 3 0x8000b300 (0xd03f2223) mem 0x8000c000 0x00000001
core   0: 0x8000b304 (0xff9ff06f) j       pc - 0x8
core   0: 3 0x8000b304 (0xff9ff06f)
core   0: 0x8000b2fc (0x00001f17) auipc   t5, 0x1
core   0: 3 0x8000b2fc (0x00001f17) x30 0x8000c2fc
core   0: 0x8000b300 (0xd03f2223) sw      gp, -764(t5)
core   0: 3 0x8000b300 (0xd03f2223) mem 0x8000c000 0x00000001
core   0: 0x8000b304 (0xff9ff06f) j       pc - 0x8
core   0: 3 0x8000b304 (0xff9ff06f)
core   0: 0x8000b2fc (0x00001f17) auipc   t5, 0x1
core   0: 3 0x8000b2fc (0x00001f17) x30 0x8000c2fc
core   0: 0x8000b300 (0xd03f2223) sw      gp, -764(t5)
core   0: 3 0x8000b300 (0xd03f2223) mem 0x8000c000 0x00000001
core   0: 0x8000b304 (0xff9ff06f) j       pc - 0x8
core   0: 3 0x8000b304 (0xff9ff06f)
core   0: 0x8000b2fc (0x00001f17) auipc   t5, 0x1
core   0: 3 0x8000b2fc (0x00001f17) x30 0x8000c2fc
core   0: 0x8000b300 (0xd03f2223) sw      gp, -764(t5)
core   0: 3 0x8000b300 (0xd03f2223) mem 0x8000c000 0x00000001
core   0: 0x8000b304 (0xff9ff06f) j       pc - 0x8
core   0: 3 0x8000b304 (0xff9ff06f)
core   0: 0x8000b2fc (0x00001f17) auipc   t5, 0x1
core   0: 3 0x8000b2fc (0x00001f17) x30 0x8000c2fc
core   0: 0x8000b300 (0xd03f2223) sw      gp, -764(t5)
core   0: 3 0x8000b300 (0xd03f2223) mem 0x8000c000 0x00000001
core   0: 0x8000b304 (0xff9ff06f) j       pc - 0x8
core   0: 3 0x8000b304 (0xff9ff06f)
core   0: 0x8000b2fc (0x00001f17) auipc   t5, 0x1
core   0: 3 0x8000b2fc (0x00001f17) x30 0x8000c2fc
core   0: 0x8000b300 (0xd03f2223) sw      gp, -764(t5)
core   0: 3 0x8000b300 (0xd03f2223) mem 0x8000c000 0x00000001
core   0: 0x8000b304 (0xff9ff06f) j       pc - 0x8
core   0: 3 0x8000b304 (0xff9ff06f)
core   0: 0x8000b2fc (0x00001f17) auipc   t5, 0x1
core   0: 3 0x8000b2fc (0x00001f17) x30 0x8000c2fc
core   0: 0x8000b300 (0xd03f2223) sw      gp, -764(t5)
core   0: 3 0x8000b300 (0xd03f2223) mem 0x8000c000 0x00000001
