core   0: 0x00001000 (0x00000297) auipc   t0, 0x0
core   0: 3 0x00001000 (0x00000297) x 5 0x00001000
core   0: 0x00001004 (0x02028593) addi    a1, t0, 32
core   0: 3 0x00001004 (0x02028593) x11 0x00001020
core   0: 0x00001008 (0xf1402573) csrr    a0, mhartid
core   0: 3 0x00001008 (0xf1402573) x10 0x00000000
core   0: 0x0000100c (0x0182a283) lw      t0, 24(t0)
core   0: 3 0x0000100c (0x0182a283) x 5 0x80000000 mem 0x00001018
core   0: 0x00001010 (0x00028067) jr      t0
core   0: 3 0x00001010 (0x00028067)
core   0: 0x80000000 (0xf14022f3) csrr    t0, mhartid
core   0: 3 0x80000000 (0xf14022f3) x 5 0x00000000
core   0: 0x80000004 (0x00000313) li      t1, 0
core   0: 3 0x80000004 (0x00000313) x 6 0x00000000
core   0: 0x80000008 (0x00628263) beq     t0, t1, pc + 4
core   0: 3 0x80000008 (0x00628263)
core   0: 0x8000000c (0x00000b97) auipc   s7, 0x0
core   0: 3 0x8000000c (0x00000b97) x23 0x8000000c
core   0: 0x80000010 (0x00cb8b93) addi    s7, s7, 12
core   0: 3 0x80000010 (0x00cb8b93) x23 0x80000018
core   0: 0x80000014 (0x000b8067) jr      s7
core   0: 3 0x80000014 (0x000b8067)
core   0: 0x80000018 (0x40000db7) lui     s11, 0x40000
core   0: 3 0x80000018 (0x40000db7) x27 0x40000000
core   0: 0x8000001c (0x100d8d93) addi    s11, s11, 256
core   0: 3 0x8000001c (0x100d8d93) x27 0x40000100
core   0: 0x80000020 (0x301d9073) csrw    misa, s11
core   0: 3 0x80000020 (0x301d9073) c769_misa 0x40140100
core   0: 0x80000024 (0x0002f517) auipc   a0, 0x2f
core   0: 3 0x80000024 (0x0002f517) x10 0x8002f024
core   0: 0x80000028 (0xcc050513) addi    a0, a0, -832
core   0: 3 0x80000028 (0xcc050513) x10 0x8002ece4
core   0: 0x8000002c (0x00015d97) auipc   s11, 0x15
core   0: 3 0x8000002c (0x00015d97) x27 0x8001502c
core   0: 0x80000030 (0x814d8d93) addi    s11, s11, -2028
core   0: 3 0x80000030 (0x814d8d93) x27 0x80014840
core   0: 0x80000034 (0x001ded93) ori     s11, s11, 1
core   0: 3 0x80000034 (0x001ded93) x27 0x80014841
core   0: 0x80000038 (0x305d9073) csrw    mtvec, s11
core   0: 3 0x80000038 (0x305d9073) c773_mtvec 0x80014841
core   0: 0x8000003c (0x00000d97) auipc   s11, 0x0
core   0: 3 0x8000003c (0x00000d97) x27 0x8000003c
core   0: 0x80000040 (0x028d8d93) addi    s11, s11, 40
core   0: 3 0x80000040 (0x028d8d93) x27 0x80000064
core   0: 0x80000044 (0x341d9073) csrw    mepc, s11
core   0: 3 0x80000044 (0x341d9073) c833_mepc 0x80000064
core   0: 0x80000048 (0x00000013) nop
core   0: 3 0x80000048 (0x00000013)
core   0: 0x8000004c (0x00002db7) lui     s11, 0x2
core   0: 3 0x8000004c (0x00002db7) x27 0x00002000
core   0: 0x80000050 (0x800d8d93) addi    s11, s11, -2048
core   0: 3 0x80000050 (0x800d8d93) x27 0x00001800
core   0: 0x80000054 (0x300d9073) csrw    mstatus, s11
core   0: 3 0x80000054 (0x300d9073) c768_mstatus 0x00001800
core   0: 0x80000058 (0x00000d93) li      s11, 0
core   0: 3 0x80000058 (0x00000d93) x27 0x00000000
core   0: 0x8000005c (0x304d9073) csrw    mie, s11
core   0: 3 0x8000005c (0x304d9073) c772_mie 0x00000000
core   0: 0x80000060 (0x30200073) mret
core   0: 3 0x80000060 (0x30200073) c768_mstatus 0x00000080
core   0: >>>>  init
core   0: 0x80000064 (0x00300013) li      zero, 3
core   0: 3 0x80000064 (0x00300013)
core   0: 0x80000068 (0x00700093) li      ra, 7
core   0: 3 0x80000068 (0x00700093) x 1 0x00000007
core   0: 0x8000006c (0x800001b7) lui     gp, 0x80000
core   0: 3 0x8000006c (0x800001b7) x 3 0x80000000
core   0: 0x80000070 (0x00e00213) li      tp, 14
core   0: 3 0x80000070 (0x00e00213) x 4 0x0000000e
core   0: 0x80000074 (0x00000293) li      t0, 0
core   0: 3 0x80000074 (0x00000293) x 5 0x00000000
core   0: 0x80000078 (0x80000337) lui     t1, 0x80000
core   0: 3 0x80000078 (0x80000337) x 6 0x80000000
core   0: 0x8000007c (0x00e00393) li      t2, 14
core   0: 3 0x8000007c (0x00e00393) x 7 0x0000000e
core   0: 0x80000080 (0x80000437) lui     s0, 0x80000
core   0: 3 0x80000080 (0x80000437) x 8 0x80000000
core   0: 0x80000084 (0x800004b7) lui     s1, 0x80000
core   0: 3 0x80000084 (0x800004b7) x 9 0x80000000
core   0: 0x80000088 (0x800005b7) lui     a1, 0x80000
core   0: 3 0x80000088 (0x800005b7) x11 0x80000000
core   0: 0x8000008c (0x00000613) li      a2, 0
core   0: 3 0x8000008c (0x00000613) x12 0x00000000
core   0: 0x80000090 (0x800006b7) lui     a3, 0x80000
core   0: 3 0x80000090 (0x800006b7) x13 0x80000000
core   0: 0x80000094 (0xef027737) lui     a4, 0xef027
core   0: 3 0x80000094 (0xef027737) x14 0xef027000
core   0: 0x80000098 (0xaee70713) addi    a4, a4, -1298
core   0: 3 0x80000098 (0xaee70713) x14 0xef026aee
core   0: 0x8000009c (0x00000793) li      a5, 0
core   0: 3 0x8000009c (0x00000793) x15 0x00000000
core   0: 0x800000a0 (0xe5804837) lui     a6, 0xe5804
core   0: 3 0x800000a0 (0xe5804837) x16 0xe5804000
core   0: 0x800000a4 (0x2db80813) addi    a6, a6, 731
core   0: 3 0x800000a4 (0x2db80813) x16 0xe58042db
core   0: 0x800000a8 (0x800008b7) lui     a7, 0x80000
core   0: 3 0x800000a8 (0x800008b7) x17 0x80000000
core   0: 0x800000ac (0x00300913) li      s2, 3
core   0: 3 0x800000ac (0x00300913) x18 0x00000003
core   0: 0x800000b0 (0xe7e239b7) lui     s3, 0xe7e23
core   0: 3 0x800000b0 (0xe7e239b7) x19 0xe7e23000
core   0: 0x800000b4 (0xedf98993) addi    s3, s3, -289
core   0: 3 0x800000b4 (0xedf98993) x19 0xe7e22edf
core   0: 0x800000b8 (0x80000a37) lui     s4, 0x80000
core   0: 3 0x800000b8 (0x80000a37) x20 0x80000000
core   0: 0x800000bc (0x00000a93) li      s5, 0
core   0: 3 0x800000bc (0x00000a93) x21 0x00000000
core   0: 0x800000c0 (0x80000b37) lui     s6, 0x80000
core   0: 3 0x800000c0 (0x80000b37) x22 0x80000000
core   0: 0x800000c4 (0xd1eebbb7) lui     s7, 0xd1eeb
core   0: 3 0x800000c4 (0xd1eebbb7) x23 0xd1eeb000
core   0: 0x800000c8 (0xab3b8b93) addi    s7, s7, -1357
core   0: 3 0x800000c8 (0xab3b8b93) x23 0xd1eeaab3
core   0: 0x800000cc (0xfc9c9c37) lui     s8, 0xfc9c9
core   0: 3 0x800000cc (0xfc9c9c37) x24 0xfc9c9000
core   0: 0x800000d0 (0x4d9c0c13) addi    s8, s8, 1241
core   0: 3 0x800000d0 (0x4d9c0c13) x24 0xfc9c94d9
core   0: 0x800000d4 (0x80000cb7) lui     s9, 0x80000
core   0: 3 0x800000d4 (0x80000cb7) x25 0x80000000
core   0: 0x800000d8 (0x80000d37) lui     s10, 0x80000
core   0: 3 0x800000d8 (0x80000d37) x26 0x80000000
core   0: 0x800000dc (0x00d00d93) li      s11, 13
core   0: 3 0x800000dc (0x00d00d93) x27 0x0000000d
core   0: 0x800000e0 (0x00000e13) li      t3, 0
core   0: 3 0x800000e0 (0x00000e13) x28 0x00000000
core   0: 0x800000e4 (0x00000e93) li      t4, 0
core   0: 3 0x800000e4 (0x00000e93) x29 0x00000000
core   0: 0x800000e8 (0xf4129f37) lui     t5, 0xf4129
core   0: 3 0x800000e8 (0xf4129f37) x30 0xf4129000
core   0: 0x800000ec (0xc28f0f13) addi    t5, t5, -984
core   0: 3 0x800000ec (0xc28f0f13) x30 0xf4128c28
core   0: 0x800000f0 (0x0f795fb7) lui     t6, 0xf795
core   0: 3 0x800000f0 (0x0f795fb7) x31 0x0f795000
core   0: 0x800000f4 (0x31ef8f93) addi    t6, t6, 798
core   0: 3 0x800000f4 (0x31ef8f93) x31 0x0f79531e
core   0: 0x800000f8 (0x0002b117) auipc   sp, 0x2b
core   0: 3 0x800000f8 (0x0002b117) x 2 0x8002b0f8
core   0: 0x800000fc (0xd6c10113) addi    sp, sp, -660
core   0: 3 0x800000fc (0xd6c10113) x 2 0x8002ae64
core   0: 0x80000100 (0x0001c797) auipc   a5, 0x1c
core   0: 3 0x80000100 (0x0001c797) x15 0x8001c100
core   0: 0x80000104 (0x50f78793) addi    a5, a5, 1295
core   0: 3 0x80000104 (0x50f78793) x15 0x8001c60f
core   0: 0x80000108 (0x0188d6b3) srl     a3, a7, s8
core   0: 3 0x80000108 (0x0188d6b3) x13 0x00000040
core   0: 0x8000010c (0x01e7cb03) lbu     s6, 30(a5)
core   0: 3 0x8000010c (0x01e7cb03) x22 0x00000000 mem 0x8001c62d
core   0: 0x80000110 (0x00ded913) srli    s2, t4, 13
core   0: 3 0x80000110 (0x00ded913) x18 0x00000000
core   0: 0x80000114 (0x00878f23) sb      s0, 30(a5)
core   0: 3 0x80000114 (0x00878f23) mem 0x8001c62d 0x0
core   0: 0x80000118 (0x01249833) sll     a6, s1, s2
core   0: 3 0x80000118 (0x01249833) x16 0x80000000
core   0: 0x8000011c (0xf2779e83) lh      t4, -217(a5)
core   0: 3 0x8000011c (0xf2779e83) x29 0x00000000 mem 0x8001c536
core   0: 0x80000120 (0xf1578403) lb      s0, -235(a5)
core   0: 3 0x80000120 (0xf1578403) x 8 0x00000000 mem 0x8001c524
core   0: 0x80000124 (0x01d959b3) srl     s3, s2, t4
core   0: 3 0x80000124 (0x01d959b3) x19 0x00000000
core   0: 0x80000128 (0xf0678003) lb      zero, -250(a5)
core   0: 3 0x80000128 (0xf0678003) mem 0x8001c515
core   0: 0x8000012c (0x0857dd83) lhu     s11, 133(a5)
core   0: 3 0x8000012c (0x0857dd83) x27 0x00000000 mem 0x8001c694
core   0: 0x80000130 (0x0a778723) sb      t2, 174(a5)
core   0: 3 0x80000130 (0x0a778723) mem 0x8001c6bd 0xe
core   0: 0x80000134 (0xf8e78703) lb      a4, -114(a5)
core   0: 3 0x80000134 (0xf8e78703) x14 0x00000000 mem 0x8001c59d
core   0: 0x80000138 (0x09878fa3) sb      s8, 159(a5)
core   0: 3 0x80000138 (0x09878fa3) mem 0x8001c6ae 0xd9
core   0: 0x8000013c (0xf4779003) lh      zero, -185(a5)
core   0: 3 0x8000013c (0xf4779003) mem 0x8001c556
core   0: 0x80000140 (0x00015797) auipc   a5, 0x15
core   0: 3 0x80000140 (0x00015797) x15 0x80015140
core   0: 0x80000144 (0x7bd78793) addi    a5, a5, 1981
core   0: 3 0x80000144 (0x7bd78793) x15 0x800158fd
core   0: 0x80000148 (0x1ad38013) addi    zero, t2, 429
core   0: 3 0x80000148 (0x1ad38013)
core   0: 0x8000014c (0x00140c33) add     s8, s0, ra
core   0: 3 0x8000014c (0x00140c33) x24 0x00000007
core   0: 0x80000150 (0x02878f23) sb      s0, 62(a5)
core   0: 3 0x80000150 (0x02878f23) mem 0x8001593b 0x0
core   0: 0x80000154 (0x03a7c203) lbu     tp, 58(a5)
core   0: 3 0x80000154 (0x03a7c203) x 4 0x00000000 mem 0x80015937
core   0: 0x80000158 (0x0ff0000f) fence   iorw,iorw
core   0: 3 0x80000158 (0x0ff0000f)
core   0: 0x8000015c (0x387aaa93) slti    s5, s5, 903
core   0: 3 0x8000015c (0x387aaa93) x21 0x00000001
core   0: 0x80000160 (0xfff7c883) lbu     a7, -1(a5)
core   0: 3 0x80000160 (0xfff7c883) x17 0x00000000 mem 0x800158fc
core   0: 0x80000164 (0x00deef33) or      t5, t4, a3
core   0: 3 0x80000164 (0x00deef33) x30 0x00000040
core   0: 0x80000168 (0x01c20db3) add     s11, tp, t3
core   0: 3 0x80000168 (0x01c20db3) x27 0x00000000
core   0: 0x8000016c (0x00b7a683) lw      a3, 11(a5)
core   0: 3 0x8000016c (0x00b7a683) x13 0x00000000 mem 0x80015908
core   0: 0x80000170 (0x02b784a3) sb      a1, 41(a5)
core   0: 3 0x80000170 (0x02b784a3) mem 0x80015926 0x0
core   0: 0x80000174 (0x01478403) lb      s0, 20(a5)
core   0: 3 0x80000174 (0x01478403) x 8 0x00000000 mem 0x80015911
core   0: 0x80000178 (0xfe478423) sb      tp, -24(a5)
core   0: 3 0x80000178 (0xfe478423) mem 0x800158e5 0x0
core   0: 0x8000017c (0xfd678b03) lb      s6, -42(a5)
core   0: 3 0x8000017c (0xfd678b03) x22 0x00000000 mem 0x800158d3
core   0: 0x80000180 (0xfd87ca03) lbu     s4, -40(a5)
core   0: 3 0x80000180 (0xfd87ca03) x20 0x00000000 mem 0x800158d5
core   0: 0x80000184 (0x02f79583) lh      a1, 47(a5)
core   0: 3 0x80000184 (0x02f79583) x11 0x00000000 mem 0x8001592c
core   0: 0x80000188 (0x014b63b3) or      t2, s6, s4
core   0: 3 0x80000188 (0x014b63b3) x 7 0x00000000
core   0: 0x8000018c (0xfe87c683) lbu     a3, -24(a5)
core   0: 3 0x8000018c (0xfe87c683) x13 0x00000000 mem 0x800158e5
core   0: 0x80000190 (0x96e2bf13) sltiu   t5, t0, -1682
core   0: 3 0x80000190 (0x96e2bf13) x30 0x00000001
core   0: 0x80000194 (0x417402b3) sub     t0, s0, s7
core   0: 3 0x80000194 (0x417402b3) x 5 0x2e11554d
core   0: 0x80000198 (0xfe878803) lb      a6, -24(a5)
core   0: 3 0x80000198 (0xfe878803) x16 0x00000000 mem 0x800158e5
core   0: 0x8000019c (0x0111bb33) sltu    s6, gp, a7
core   0: 3 0x8000019c (0x0111bb33) x22 0x00000000
core   0: 0x800001a0 (0x77026913) ori     s2, tp, 1904
core   0: 3 0x800001a0 (0x77026913) x18 0x00000770
core   0: 0x800001a4 (0x757d3913) sltiu   s2, s10, 1879
core   0: 3 0x800001a4 (0x757d3913) x18 0x00000000
core   0: 0x800001a8 (0x94342d93) slti    s11, s0, -1725
core   0: 3 0x800001a8 (0x94342d93) x27 0x00000000
core   0: 0x800001ac (0xfc278e83) lb      t4, -62(a5)
core   0: 3 0x800001ac (0xfc278e83) x29 0x00000000 mem 0x800158bf
core   0: 0x800001b0 (0x00795733) srl     a4, s2, t2
core   0: 3 0x800001b0 (0x00795733) x14 0x00000000
core   0: 0x800001b4 (0xfe678d23) sb      t1, -6(a5)
core   0: 3 0x800001b4 (0xfe678d23) mem 0x800158f7 0x0
core   0: 0x800001b8 (0x0000100f) fence.i
core   0: 3 0x800001b8 (0x0000100f)
core   0: 0x800001bc (0x01d79403) lh      s0, 29(a5)
core   0: 3 0x800001bc (0x01d79403) x 8 0x00000000 mem 0x8001591a
core   0: 0x800001c0 (0x59870f37) lui     t5, 0x59870
core   0: 3 0x800001c0 (0x59870f37) x30 0x59870000
core   0: 0x800001c4 (0x40518833) sub     a6, gp, t0
core   0: 3 0x800001c4 (0x40518833) x16 0x51eeaab3
core   0: 0x800001c8 (0xfef7a303) lw      t1, -17(a5)
core   0: 3 0x800001c8 (0xfef7a303) x 6 0x00000000 mem 0x800158ec
core   0: 0x800001cc (0x00011693) slli    a3, sp, 0
core   0: 3 0x800001cc (0x00011693) x13 0x8002ae64
core   0: 0x800001d0 (0x00379c13) slli    s8, a5, 3
core   0: 3 0x800001d0 (0x00379c13) x24 0x000ac7e8
core   0: 0x800001d4 (0xfe878123) sb      s0, -30(a5)
core   0: 3 0x800001d4 (0xfe878123) mem 0x800158df 0x0
core   0: 0x800001d8 (0xff97df03) lhu     t5, -7(a5)
core   0: 3 0x800001d8 (0xff97df03) x30 0x00000000 mem 0x800158f6
core   0: 0x800001dc (0xf1c8cc13) xori    s8, a7, -228
core   0: 3 0x800001dc (0xf1c8cc13) x24 0xffffff1c
core   0: 0x800001e0 (0x00a786a3) sb      a0, 13(a5)
core   0: 3 0x800001e0 (0x00a786a3) mem 0x8001590a 0xe4
core   0: 0x800001e4 (0xff3785a3) sb      s3, -21(a5)
core   0: 3 0x800001e4 (0xff3785a3) mem 0x800158e8 0x0
core   0: 0x800001e8 (0x012cf633) and     a2, s9, s2
core   0: 3 0x800001e8 (0x012cf633) x12 0x00000000
core   0: 0x800001ec (0x012bcd33) xor     s10, s7, s2
core   0: 3 0x800001ec (0x012bcd33) x26 0xd1eeaab3
core   0: 0x800001f0 (0xfca78e83) lb      t4, -54(a5)
core   0: 3 0x800001f0 (0xfca78e83) x29 0x00000000 mem 0x800158c7
core   0: 0x800001f4 (0xdd777e93) andi    t4, a4, -553
core   0: 3 0x800001f4 (0xdd777e93) x29 0x00000000
core   0: 0x800001f8 (0xfff78a23) sb      t6, -12(a5)
core   0: 3 0x800001f8 (0xfff78a23) mem 0x800158f1 0x1e
core   0: 0x800001fc (0xfde78723) sb      t5, -50(a5)
core   0: 3 0x800001fc (0xfde78723) mem 0x800158cb 0x0
core   0: 0x80000200 (0x00015497) auipc   s1, 0x15
core   0: 3 0x80000200 (0x00015497) x 9 0x80015200
core   0: 0x80000204 (0x0fa48493) addi    s1, s1, 250
core   0: 3 0x80000204 (0x0fa48493) x 9 0x800152fa
core   0: 0x80000208 (0x6e44c603) lbu     a2, 1764(s1)
core   0: 3 0x80000208 (0x6e44c603) x12 0x00000000 mem 0x800159de
core   0: 0x8000020c (0x6e44d083) lhu     ra, 1764(s1)
core   0: 3 0x8000020c (0x6e44d083) x 1 0x00000000 mem 0x800159de
core   0: 0x80000210 (0x32f12b13) slti    s6, sp, 815
core   0: 3 0x80000210 (0x32f12b13) x22 0x00000001
core   0: 0x80000214 (0x6e449903) lh      s2, 1764(s1)
core   0: 3 0x80000214 (0x6e449903) x18 0x00000000 mem 0x800159de
core   0: 0x80000218 (0x1234c883) lbu     a7, 291(s1)
core   0: 3 0x80000218 (0x1234c883) x17 0x00000000 mem 0x8001541d
core   0: 0x8000021c (0x12348903) lb      s2, 291(s1)
core   0: 3 0x8000021c (0x12348903) x18 0x00000000 mem 0x8001541d
core   0: 0x80000220 (0x12348c83) lb      s9, 291(s1)
core   0: 3 0x80000220 (0x12348c83) x25 0x00000000 mem 0x8001541d
core   0: 0x80000224 (0x1234cf83) lbu     t6, 291(s1)
core   0: 3 0x80000224 (0x1234cf83) x31 0x00000000 mem 0x8001541d
core   0: 0x80000228 (0x015411b3) sll     gp, s0, s5
core   0: 3 0x80000228 (0x015411b3) x 3 0x00000000
core   0: 0x8000022c (0x1234cd83) lbu     s11, 291(s1)
core   0: 3 0x8000022c (0x1234cd83) x27 0x00000000 mem 0x8001541d
core   0: 0x80000230 (0x953dfc93) andi    s9, s11, -1709
core   0: 3 0x80000230 (0x953dfc93) x25 0x00000000
core   0: 0x80000234 (0x1234ce83) lbu     t4, 291(s1)
core   0: 3 0x80000234 (0x1234ce83) x29 0x00000000 mem 0x8001541d
core   0: 0x80000238 (0x12348803) lb      a6, 291(s1)
core   0: 3 0x80000238 (0x12348803) x16 0x00000000 mem 0x8001541d
core   0: 0x8000023c (0x1234c383) lbu     t2, 291(s1)
core   0: 3 0x8000023c (0x1234c383) x 7 0x00000000 mem 0x8001541d
core   0: 0x80000240 (0x12348983) lb      s3, 291(s1)
core   0: 3 0x80000240 (0x12348983) x19 0x00000000 mem 0x8001541d
core   0: 0x80000244 (0x130481a3) sb      a6, 291(s1)
core   0: 3 0x80000244 (0x130481a3) mem 0x8001541d 0x0
core   0: 0x80000248 (0x129481a3) sb      s1, 291(s1)
core   0: 3 0x80000248 (0x129481a3) mem 0x8001541d 0xfa
core   0: 0x8000024c (0x120481a3) sb      zero, 291(s1)
core   0: 3 0x8000024c (0x120481a3) mem 0x8001541d 0x0
core   0: 0x80000250 (0x136481a3) sb      s6, 291(s1)
core   0: 3 0x80000250 (0x136481a3) mem 0x8001541d 0x1
core   0: 0x80000254 (0x12348083) lb      ra, 291(s1)
core   0: 3 0x80000254 (0x12348083) x 1 0x00000001 mem 0x8001541d
core   0: 0x80000258 (0x009ea333) slt     t1, t4, s1
core   0: 3 0x80000258 (0x009ea333) x 6 0x00000000
core   0: 0x8000025c (0x00861d13) slli    s10, a2, 8
core   0: 3 0x8000025c (0x00861d13) x26 0x00000000
core   0: 0x80000260 (0x1234c283) lbu     t0, 291(s1)
core   0: 3 0x80000260 (0x1234c283) x 5 0x00000001 mem 0x8001541d
core   0: 0x80000264 (0x40e50d33) sub     s10, a0, a4
core   0: 3 0x80000264 (0x40e50d33) x26 0x8002ece4
core   0: 0x80000268 (0x1234c703) lbu     a4, 291(s1)
core   0: 3 0x80000268 (0x1234c703) x14 0x00000001 mem 0x8001541d
core   0: 0x8000026c (0x00015917) auipc   s2, 0x15
core   0: 3 0x8000026c (0x00015917) x18 0x8001526c
core   0: 0x80000270 (0x49890913) addi    s2, s2, 1176
core   0: 3 0x80000270 (0x49890913) x18 0x80015704
core   0: 0x80000274 (0xf3994f83) lbu     t6, -199(s2)
core   0: 3 0x80000274 (0xf3994f83) x31 0x00000000 mem 0x8001563d
core   0: 0x80000278 (0x00a35b33) srl     s6, t1, a0
core   0: 3 0x80000278 (0x00a35b33) x22 0x00000000
core   0: 0x8000027c (0x07990003) lb      zero, 121(s2)
core   0: 3 0x8000027c (0x07990003) mem 0x8001577d
core   0: 0x80000280 (0x00000013) nop
core   0: 3 0x80000280 (0x00000013)
core   0: 0x80000284 (0x00000013) nop
core   0: 3 0x80000284 (0x00000013)
core   0: 0x80000288 (0x07890403) lb      s0, 120(s2)
core   0: 3 0x80000288 (0x07890403) x 8 0x00000000 mem 0x8001577c
core   0: 0x8000028c (0xf7790d83) lb      s11, -137(s2)
core   0: 3 0x8000028c (0xf7790d83) x27 0x00000000 mem 0x8001567b
core   0: 0x80000290 (0x5f3b8d13) addi    s10, s7, 1523
core   0: 3 0x80000290 (0x5f3b8d13) x26 0xd1eeb0a6
core   0: 0x80000294 (0xfd591e23) sh      s5, -36(s2)
core   0: 3 0x80000294 (0xfd591e23) mem 0x800156e0 0x0001
core   0: 0x80000298 (0x0ef91523) sh      a5, 234(s2)
core   0: 3 0x80000298 (0x0ef91523) mem 0x800157ee 0x58fd
core   0: 0x8000029c (0x0000100f) fence.i
core   0: 3 0x8000029c (0x0000100f)
core   0: 0x800002a0 (0x0ce95083) lhu     ra, 206(s2)
core   0: 3 0x800002a0 (0x0ce95083) x 1 0x00000000 mem 0x800157d2
core   0: 0x800002a4 (0x08590183) lb      gp, 133(s2)
core   0: 3 0x800002a4 (0x08590183) x 3 0x00000000 mem 0x80015789
core   0: 0x800002a8 (0x01e8b333) sltu    t1, a7, t5
core   0: 3 0x800002a8 (0x01e8b333) x 6 0x00000000
core   0: 0x800002ac (0x00429d13) slli    s10, t0, 4
core   0: 3 0x800002ac (0x00429d13) x26 0x00000010
core   0: 0x800002b0 (0x402e0433) sub     s0, t3, sp
core   0: 3 0x800002b0 (0x402e0433) x 8 0x7ffd519c
core   0: 0x800002b4 (0x40795593) srai    a1, s2, 7
core   0: 3 0x800002b4 (0x40795593) x11 0xff0002ae
core   0: 0x800002b8 (0xfd895d03) lhu     s10, -40(s2)
core   0: 3 0x800002b8 (0xfd895d03) x26 0x00000000 mem 0x800156dc
core   0: 0x800002bc (0xf3c900a3) sb      t3, -223(s2)
core   0: 3 0x800002bc (0xf3c900a3) mem 0x80015625 0x0
core   0: 0x800002c0 (0x010e70b3) and     ra, t3, a6
core   0: 3 0x800002c0 (0x010e70b3) x 1 0x00000000
core   0: 0x800002c4 (0xeab0ff93) andi    t6, ra, -341
core   0: 3 0x800002c4 (0xeab0ff93) x31 0x00000000
core   0: 0x800002c8 (0x019acd33) xor     s10, s5, s9
core   0: 3 0x800002c8 (0x019acd33) x26 0x00000001
core   0: 0x800002cc (0x01be9633) sll     a2, t4, s11
core   0: 3 0x800002cc (0x01be9633) x12 0x00000000
core   0: 0x800002d0 (0x0ff0000f) fence   iorw,iorw
core   0: 3 0x800002d0 (0x0ff0000f)
core   0: 0x800002d4 (0x00000013) nop
core   0: 3 0x800002d4 (0x00000013)
core   0: 0x800002d8 (0xfe794203) lbu     tp, -25(s2)
core   0: 3 0x800002d8 (0xfe794203) x 4 0x00000000 mem 0x800156eb
core   0: 0x800002dc (0x09a91623) sh      s10, 140(s2)
core   0: 3 0x800002dc (0x09a91623) mem 0x80015790 0x0001
core   0: 0x800002e0 (0x012f3833) sltu    a6, t5, s2
core   0: 3 0x800002e0 (0x012f3833) x16 0x00000001
core   0: 0x800002e4 (0xf9394683) lbu     a3, -109(s2)
core   0: 3 0x800002e4 (0xf9394683) x13 0x00000000 mem 0x80015697
core   0: 0x800002e8 (0xf8a90283) lb      t0, -118(s2)
core   0: 3 0x800002e8 (0xf8a90283) x 5 0x00000000 mem 0x8001568e
core   0: 0x800002ec (0x01fe1233) sll     tp, t3, t6
core   0: 3 0x800002ec (0x01fe1233) x 4 0x00000000
core   0: 0x800002f0 (0x066908a3) sb      t1, 113(s2)
core   0: 3 0x800002f0 (0x066908a3) mem 0x80015775 0x0
core   0: 0x800002f4 (0x0dd91423) sh      t4, 200(s2)
core   0: 3 0x800002f4 (0x0dd91423) mem 0x800157cc 0x0000
core   0: 0x800002f8 (0x016da8b3) slt     a7, s11, s6
core   0: 3 0x800002f8 (0x016da8b3) x17 0x00000000
core   0: 0x800002fc (0x013622b3) slt     t0, a2, s3
core   0: 3 0x800002fc (0x013622b3) x 5 0x00000000
core   0: 0x80000300 (0xf0092c83) lw      s9, -256(s2)
core   0: 3 0x80000300 (0xf0092c83) x25 0x00000000 mem 0x80015604
core   0: 0x80000304 (0x07790923) sb      s7, 114(s2)
core   0: 3 0x80000304 (0x07790923) mem 0x80015776 0xb3
core   0: 0x80000308 (0x00016597) auipc   a1, 0x16
core   0: 3 0x80000308 (0x00016597) x11 0x80016308
core   0: 0x8000030c (0xb4758593) addi    a1, a1, -1209
core   0: 3 0x8000030c (0xb4758593) x11 0x80015e4f
core   0: 0x80000310 (0x0385cb03) lbu     s6, 56(a1)
core   0: 3 0x80000310 (0x0385cb03) x22 0x00000000 mem 0x80015e87
core   0: 0x80000314 (0x03858e83) lb      t4, 56(a1)
core   0: 3 0x80000314 (0x03858e83) x29 0x00000000 mem 0x80015e87
core   0: 0x80000318 (0x03258c23) sb      s2, 56(a1)
core   0: 3 0x80000318 (0x03258c23) mem 0x80015e87 0x4
core   0: 0x8000031c (0x0385c603) lbu     a2, 56(a1)
core   0: 3 0x8000031c (0x0385c603) x12 0x00000004 mem 0x80015e87
core   0: 0x80000320 (0x0385c083) lbu     ra, 56(a1)
core   0: 3 0x80000320 (0x0385c083) x 1 0x00000004 mem 0x80015e87
core   0: 0x80000324 (0xfff5c283) lbu     t0, -1(a1)
core   0: 3 0x80000324 (0xfff5c283) x 5 0x00000000 mem 0x80015e4e
core   0: 0x80000328 (0xff659fa3) sh      s6, -1(a1)
core   0: 3 0x80000328 (0xff659fa3) mem 0x80015e4e 0x0000
core   0: 0x8000032c (0xfcb5c483) lbu     s1, -53(a1)
core   0: 3 0x8000032c (0xfcb5c483) x 9 0x00000000 mem 0x80015e1a
core   0: 0x80000330 (0xfcb5dd03) lhu     s10, -53(a1)
core   0: 3 0x80000330 (0xfcb5dd03) x26 0x00000000 mem 0x80015e1a
core   0: 0x80000334 (0x390b7913) andi    s2, s6, 912
core   0: 3 0x80000334 (0x390b7913) x18 0x00000000
core   0: 0x80000338 (0xfcb5ce83) lbu     t4, -53(a1)
core   0: 3 0x80000338 (0xfcb5ce83) x29 0x00000000 mem 0x80015e1a
core   0: 0x8000033c (0xfcb58083) lb      ra, -53(a1)
core   0: 3 0x8000033c (0xfcb58083) x 1 0x00000000 mem 0x80015e1a
core   0: 0x80000340 (0xfcb59f03) lh      t5, -53(a1)
core   0: 3 0x80000340 (0xfcb59f03) x30 0x00000000 mem 0x80015e1a
core   0: 0x80000344 (0xfd1595a3) sh      a7, -53(a1)
core   0: 3 0x80000344 (0xfd1595a3) mem 0x80015e1a 0x0000
core   0: 0x80000348 (0xfc5585a3) sb      t0, -53(a1)
core   0: 3 0x80000348 (0xfc5585a3) mem 0x80015e1a 0x0
core   0: 0x8000034c (0x0001c597) auipc   a1, 0x1c
core   0: 3 0x8000034c (0x0001c597) x11 0x8001c34c
core   0: 0x80000350 (0x0f458593) addi    a1, a1, 244
core   0: 3 0x80000350 (0x0f458593) x11 0x8001c440
core   0: 0x80000354 (0x0001ca17) auipc   s4, 0x1c
core   0: 3 0x80000354 (0x0001ca17) x20 0x8001c354
core   0: 0x80000358 (0x256a0a13) addi    s4, s4, 598
core   0: 3 0x80000358 (0x256a0a13) x20 0x8001c5aa
core   0: 0x8000035c (0x3c859203) lh      tp, 968(a1)
core   0: 3 0x8000035c (0x3c859203) x 4 0x00000000 mem 0x8001c808
core   0: 0x80000360 (0x00020317) auipc   t1, 0x20
core   0: 3 0x80000360 (0x00020317) x 6 0x80020360
core   0: 0x80000364 (0xa6330313) addi    t1, t1, -1437
core   0: 3 0x80000364 (0xa6330313) x 6 0x8001fdc3
core   0: 0x80000368 (0x05e34e83) lbu     t4, 94(t1)
core   0: 3 0x80000368 (0x05e34e83) x29 0x00000000 mem 0x8001fe21
core   0: 0x8000036c (0x0001e917) auipc   s2, 0x1e
core   0: 3 0x8000036c (0x0001e917) x18 0x8001e36c
core   0: 0x80000370 (0xecd90913) addi    s2, s2, -307
core   0: 3 0x80000370 (0xecd90913) x18 0x8001e239
core   0: 0x80000374 (0xff994e83) lbu     t4, -7(s2)
core   0: 3 0x80000374 (0xff994e83) x29 0x00000000 mem 0x8001e232
core   0: 0x80000378 (0x08d34703) lbu     a4, 141(t1)
core   0: 3 0x80000378 (0x08d34703) x14 0x00000000 mem 0x8001fe50
core   0: 0x8000037c (0x00019a97) auipc   s5, 0x19
core   0: 3 0x8000037c (0x00019a97) x21 0x8001937c
core   0: 0x80000380 (0x80da8a93) addi    s5, s5, -2035
core   0: 3 0x80000380 (0x80da8a93) x21 0x80018b89
core   0: 0x80000384 (0x00890723) sb      s0, 14(s2)
core   0: 3 0x80000384 (0x00890723) mem 0x8001e247 0x9c
core   0: 0x80000388 (0xff5ade03) lhu     t3, -11(s5)
core   0: 3 0x80000388 (0xff5ade03) x28 0x00000000 mem 0x80018b7e
core   0: 0x8000038c (0xff791b03) lh      s6, -9(s2)
core   0: 3 0x8000038c (0xff791b03) x22 0x00000000 mem 0x8001e230
core   0: 0x80000390 (0x064308a3) sb      tp, 113(t1)
core   0: 3 0x80000390 (0x064308a3) mem 0x8001fe34 0x0
core   0: 0x80000394 (0x567584a3) sb      t2, 1385(a1)
core   0: 3 0x80000394 (0x567584a3) mem 0x8001c9a9 0x0
core   0: 0x80000398 (0x00fa06a3) sb      a5, 13(s4)
core   0: 3 0x80000398 (0x00fa06a3) mem 0x8001c5b7 0xfd
core   0: 0x8000039c (0x01094883) lbu     a7, 16(s2)
core   0: 3 0x8000039c (0x01094883) x17 0x00000000 mem 0x8001e249
core   0: 0x800003a0 (0xec85a283) lw      t0, -312(a1)
core   0: 3 0x800003a0 (0xec85a283) x 5 0x00000000 mem 0x8001c308
core   0: 0x800003a4 (0xfc0a4983) lbu     s3, -64(s4)
core   0: 3 0x800003a4 (0xfc0a4983) x19 0x00000000 mem 0x8001c56a
core   0: 0x800003a8 (0x032a2d03) lw      s10, 50(s4)
core   0: 3 0x800003a8 (0x032a2d03) x26 0x00000000 mem 0x8001c5dc
core   0: 0x800003ac (0x5c158183) lb      gp, 1473(a1)
core   0: 3 0x800003ac (0x5c158183) x 3 0x00000000 mem 0x8001ca01
core   0: 0x800003b0 (0xfa034f83) lbu     t6, -96(t1)
core   0: 3 0x800003b0 (0xfa034f83) x31 0x00000000 mem 0x8001fd63
core   0: 0x800003b4 (0x017a8d03) lb      s10, 23(s5)
core   0: 3 0x800003b4 (0x017a8d03) x26 0x00000000 mem 0x80018ba0
core   0: 0x800003b8 (0xfc330283) lb      t0, -61(t1)
core   0: 3 0x800003b8 (0xfc330283) x 5 0x00000000 mem 0x8001fd86
core   0: 0x800003bc (0x02130383) lb      t2, 33(t1)
core   0: 3 0x800003bc (0x02130383) x 7 0x00000000 mem 0x8001fde4
core   0: 0x800003c0 (0xfc4a0523) sb      tp, -54(s4)
core   0: 3 0x800003c0 (0xfc4a0523) mem 0x8001c574 0x0
core   0: 0x800003c4 (0xfe630023) sb      t1, -32(t1)
core   0: 3 0x800003c4 (0xfe630023) mem 0x8001fda3 0xc3
core   0: 0x800003c8 (0x0cd58403) lb      s0, 205(a1)
core   0: 3 0x800003c8 (0x0cd58403) x 8 0x00000000 mem 0x8001c50d
core   0: 0x800003cc (0xc18589a3) sb      s8, -1005(a1)
core   0: 3 0x800003cc (0xc18589a3) mem 0x8001c053 0x1c
core   0: 0x800003d0 (0x00294e03) lbu     t3, 2(s2)
core   0: 3 0x800003d0 (0x00294e03) x28 0x00000000 mem 0x8001e23b
core   0: 0x800003d4 (0xfc9a0383) lb      t2, -55(s4)
core   0: 3 0x800003d4 (0xfc9a0383) x 7 0x00000000 mem 0x8001c573
core   0: 0x800003d8 (0xfbc583a3) sb      t3, -89(a1)
core   0: 3 0x800003d8 (0xfbc583a3) mem 0x8001c3e7 0x0
core   0: 0x800003dc (0xffd303a3) sb      t4, -25(t1)
core   0: 3 0x800003dc (0xffd303a3) mem 0x8001fdaa 0x0
core   0: 0x800003e0 (0xfcaa8c03) lb      s8, -54(s5)
core   0: 3 0x800003e0 (0xfcaa8c03) x24 0x00000000 mem 0x80018b53
core   0: 0x800003e4 (0xfeda2f23) sw      a3, -2(s4)
core   0: 3 0x800003e4 (0xfeda2f23) mem 0x8001c5a8 0x00000000
core   0: 0x800003e8 (0x6615c203) lbu     tp, 1633(a1)
core   0: 3 0x800003e8 (0x6615c203) x 4 0x00000000 mem 0x8001caa1
core   0: 0x800003ec (0xf6f34003) lbu     zero, -145(t1)
core   0: 3 0x800003ec (0xf6f34003) mem 0x8001fd32
core   0: 0x800003f0 (0xffd90c23) sb      t4, -8(s2)
core   0: 3 0x800003f0 (0xffd90c23) mem 0x8001e231 0x0
core   0: 0x800003f4 (0xff4a1e83) lh      t4, -12(s4)
core   0: 3 0x800003f4 (0xff4a1e83) x29 0x00000000 mem 0x8001c59e
core   0: 0x800003f8 (0x6dc58003) lb      zero, 1756(a1)
core   0: 3 0x800003f8 (0x6dc58003) mem 0x8001cb1c
core   0: 0x800003fc (0xfd0a0723) sb      a6, -50(s4)
core   0: 3 0x800003fc (0xfd0a0723) mem 0x8001c578 0x1
core   0: 0x80000400 (0xa7059223) sh      a6, -1436(a1)
core   0: 3 0x80000400 (0xa7059223) mem 0x8001bea4 0x0001
core   0: 0x80000404 (0x011ad183) lhu     gp, 17(s5)
core   0: 3 0x80000404 (0x011ad183) x 3 0x00000000 mem 0x80018b9a
core   0: 0x80000408 (0x039a8823) sb      s9, 48(s5)
core   0: 3 0x80000408 (0x039a8823) mem 0x80018bb9 0x0
core   0: 0x8000040c (0x01aa8283) lb      t0, 26(s5)
core   0: 3 0x8000040c (0x01aa8283) x 5 0x00000000 mem 0x80018ba3
core   0: 0x80000410 (0x00015e97) auipc   t4, 0x15
core   0: 3 0x80000410 (0x00015e97) x29 0x80015410
core   0: 0x80000414 (0xcb4e8e93) addi    t4, t4, -844
core   0: 3 0x80000414 (0xcb4e8e93) x29 0x800150c4
core   0: 0x80000418 (0x00be9623) sh      a1, 12(t4)
core   0: 3 0x80000418 (0x00be9623) mem 0x800150d0 0xc440
core   0: 0x8000041c (0x2db90b17) auipc   s6, 0x2db90
core   0: 3 0x8000041c (0x2db90b17) x22 0xadb9041c
core   0: 0x80000420 (0x01525033) srl     zero, tp, s5
core   0: 3 0x80000420 (0x01525033)
core   0: 0x80000424 (0x017ec483) lbu     s1, 23(t4)
core   0: 3 0x80000424 (0x017ec483) x 9 0x00000000 mem 0x800150db
core   0: 0x80000428 (0xff1e8983) lb      s3, -15(t4)
core   0: 3 0x80000428 (0xff1e8983) x19 0x00000000 mem 0x800150b5
core   0: 0x8000042c (0x33920993) addi    s3, tp, 825
core   0: 3 0x8000042c (0x33920993) x19 0x00000339
core   0: 0x80000430 (0x6c6cf593) andi    a1, s9, 1734
core   0: 3 0x80000430 (0x6c6cf593) x11 0x00000000
core   0: 0x80000434 (0xfe8e8723) sb      s0, -18(t4)
core   0: 3 0x80000434 (0xfe8e8723) mem 0x800150b2 0x0
core   0: 0x80000438 (0xfccea423) sw      a2, -56(t4)
core   0: 3 0x80000438 (0xfccea423) mem 0x8001508c 0x00000004
core   0: 0x8000043c (0x00267d33) and     s10, a2, sp
core   0: 3 0x8000043c (0x00267d33) x26 0x00000004
core   0: 0x80000440 (0x00fe8983) lb      s3, 15(t4)
core   0: 3 0x80000440 (0x00fe8983) x19 0x00000000 mem 0x800150d3
core   0: 0x80000444 (0x00000013) nop
core   0: 3 0x80000444 (0x00000013)
core   0: 0x80000448 (0x76c24d13) xori    s10, tp, 1900
core   0: 3 0x80000448 (0x76c24d13) x26 0x0000076c
core   0: 0x8000044c (0x0134b033) sltu    zero, s1, s3
core   0: 3 0x8000044c (0x0134b033)
core   0: 0x80000450 (0xfc1e8003) lb      zero, -63(t4)
core   0: 3 0x80000450 (0xfc1e8003) mem 0x80015085
core   0: 0x80000454 (0x003e8f03) lb      t5, 3(t4)
core   0: 3 0x80000454 (0x003e8f03) x30 0x00000000 mem 0x800150c7
core   0: 0x80000458 (0xffbe8583) lb      a1, -5(t4)
core   0: 3 0x80000458 (0xffbe8583) x11 0x00000000 mem 0x800150bf
core   0: 0x8000045c (0xfd2e9523) sh      s2, -54(t4)
core   0: 3 0x8000045c (0xfd2e9523) mem 0x8001508e 0xe239
core   0: 0x80000460 (0x039eca83) lbu     s5, 57(t4)
core   0: 3 0x80000460 (0x039eca83) x21 0x00000000 mem 0x800150fd
core   0: 0x80000464 (0x2a9cd897) auipc   a7, 0x2a9cd
core   0: 3 0x80000464 (0x2a9cd897) x17 0xaa9cd464
core   0: 0x80000468 (0x00d0f033) and     zero, ra, a3
core   0: 3 0x80000468 (0x00d0f033)
core   0: 0x8000046c (0x00eed883) lhu     a7, 14(t4)
core   0: 3 0x8000046c (0x00eed883) x17 0x00000000 mem 0x800150d2
core   0: 0x80000470 (0x01f1ad33) slt     s10, gp, t6
core   0: 3 0x80000470 (0x01f1ad33) x26 0x00000000
core   0: 0x80000474 (0x00a3ad33) slt     s10, t2, a0
core   0: 3 0x80000474 (0x00a3ad33) x26 0x00000000
core   0: 0x80000478 (0x0ff0000f) fence   iorw,iorw
core   0: 3 0x80000478 (0x0ff0000f)
core   0: 0x8000047c (0xfede8083) lb      ra, -19(t4)
core   0: 3 0x8000047c (0xfede8083) x 1 0x00000000 mem 0x800150b1
core   0: 0x80000480 (0x01afacb3) slt     s9, t6, s10
core   0: 3 0x80000480 (0x01afacb3) x25 0x00000000
core   0: 0x80000484 (0xfc1e8c03) lb      s8, -63(t4)
core   0: 3 0x80000484 (0xfc1e8c03) x24 0x00000000 mem 0x80015085
core   0: 0x80000488 (0x00480fb3) add     t6, a6, tp
core   0: 3 0x80000488 (0x00480fb3) x31 0x00000001
core   0: 0x8000048c (0xfe0e9183) lh      gp, -32(t4)
core   0: 3 0x8000048c (0xfe0e9183) x 3 0x00000000 mem 0x800150a4
core   0: 0x80000490 (0x0ff0000f) fence   iorw,iorw
core   0: 3 0x80000490 (0x0ff0000f)
core   0: 0x80000494 (0xfe6e88a3) sb      t1, -15(t4)
core   0: 3 0x80000494 (0xfe6e88a3) mem 0x800150b5 0xc3
core   0: 0x80000498 (0x008e8223) sb      s0, 4(t4)
core   0: 3 0x80000498 (0x008e8223) mem 0x800150c8 0x0
core   0: 0x8000049c (0x400300b3) sub     ra, t1, zero
core   0: 3 0x8000049c (0x400300b3) x 1 0x8001fdc3
core   0: 0x800004a0 (0x41a2d933) sra     s2, t0, s10
core   0: 3 0x800004a0 (0x41a2d933) x18 0x00000000
core   0: 0x800004a4 (0xfcae9623) sh      a0, -52(t4)
core   0: 3 0x800004a4 (0xfcae9623) mem 0x80015090 0xece4
core   0: 0x800004a8 (0x22ea6737) lui     a4, 0x22ea6
core   0: 3 0x800004a8 (0x22ea6737) x14 0x22ea6000
core   0: 0x800004ac (0x41be0833) sub     a6, t3, s11
core   0: 3 0x800004ac (0x41be0833) x16 0x00000000
core   0: 0x800004b0 (0x0ff0000f) fence   iorw,iorw
core   0: 3 0x800004b0 (0x0ff0000f)
core   0: 0x800004b4 (0xfd4e86a3) sb      s4, -51(t4)
core   0: 3 0x800004b4 (0xfd4e86a3) mem 0x80015091 0xaa
core   0: 0x800004b8 (0xfcbe80a3) sb      a1, -63(t4)
core   0: 3 0x800004b8 (0xfcbe80a3) mem 0x80015085 0x0
core   0: 0x800004bc (0x0ff0000f) fence   iorw,iorw
core   0: 3 0x800004bc (0x0ff0000f)
core   0: 0x800004c0 (0x0ff0000f) fence   iorw,iorw
core   0: 3 0x800004c0 (0x0ff0000f)
core   0: 0x800004c4 (0x41cad813) srai    a6, s5, 28
core   0: 3 0x800004c4 (0x41cad813) x16 0x00000000
core   0: 0x800004c8 (0x01ce8703) lb      a4, 28(t4)
core   0: 3 0x800004c8 (0x01ce8703) x14 0x00000000 mem 0x800150e0
core   0: 0x800004cc (0x0000100f) fence.i
core   0: 3 0x800004cc (0x0000100f)
core   0: 0x800004d0 (0x006365b3) or      a1, t1, t1
core   0: 3 0x800004d0 (0x006365b3) x11 0x8001fdc3
core   0: 0x800004d4 (0x014beb33) or      s6, s7, s4
core   0: 3 0x800004d4 (0x014beb33) x22 0xd1efefbb
core   0: 0x800004d8 (0x01bec083) lbu     ra, 27(t4)
core   0: 3 0x800004d8 (0x01bec083) x 1 0x00000000 mem 0x800150df
core   0: 0x800004dc (0x01de8983) lb      s3, 29(t4)
core   0: 3 0x800004dc (0x01de8983) x19 0x00000000 mem 0x800150e1
core   0: 0x800004e0 (0x00b6eab3) or      s5, a3, a1
core   0: 3 0x800004e0 (0x00b6eab3) x21 0x8001fdc3
core   0: 0x800004e4 (0xdb1e3693) sltiu   a3, t3, -591
core   0: 3 0x800004e4 (0xdb1e3693) x13 0x00000001
core   0: 0x800004e8 (0x00de81a3) sb      a3, 3(t4)
core   0: 3 0x800004e8 (0x00de81a3) mem 0x800150c7 0x1
core   0: 0x800004ec (0x0001af97) auipc   t6, 0x1a
core   0: 3 0x800004ec (0x0001af97) x31 0x8001a4ec
core   0: 0x800004f0 (0xf07f8f93) addi    t6, t6, -249
core   0: 3 0x800004f0 (0xf07f8f93) x31 0x8001a3f3
core   0: 0x800004f4 (0x0000100f) fence.i
core   0: 3 0x800004f4 (0x0000100f)
core   0: 0x800004f8 (0xffbfc583) lbu     a1, -5(t6)
core   0: 3 0x800004f8 (0xffbfc583) x11 0x00000000 mem 0x8001a3ee
core   0: 0x800004fc (0xff5f8b03) lb      s6, -11(t6)
core   0: 3 0x800004fc (0xff5f8b03) x22 0x00000000 mem 0x8001a3e8
core   0: 0x80000500 (0xff5fae83) lw      t4, -11(t6)
core   0: 3 0x80000500 (0xff5fae83) x29 0x00000000 mem 0x8001a3e8
core   0: 0x80000504 (0xffaf9aa3) sh      s10, -11(t6)
core   0: 3 0x80000504 (0xffaf9aa3) mem 0x8001a3e8 0x0000
core   0: 0x80000508 (0x00f3eab3) or      s5, t2, a5
core   0: 3 0x80000508 (0x00f3eab3) x21 0x800158fd
core   0: 0x8000050c (0x009990b3) sll     ra, s3, s1
core   0: 3 0x8000050c (0x009990b3) x 1 0x00000000
core   0: 0x80000510 (0x407a5b33) sra     s6, s4, t2
core   0: 3 0x80000510 (0x407a5b33) x22 0x8001c5aa
core   0: 0x80000514 (0xff5fad03) lw      s10, -11(t6)
core   0: 3 0x80000514 (0xff5fad03) x26 0x00000000 mem 0x8001a3e8
core   0: 0x80000518 (0xff5fdd83) lhu     s11, -11(t6)
core   0: 3 0x80000518 (0xff5fdd83) x27 0x00000000 mem 0x8001a3e8
core   0: 0x8000051c (0xff5fac83) lw      s9, -11(t6)
core   0: 3 0x8000051c (0xff5fac83) x25 0x00000000 mem 0x8001a3e8
core   0: 0x80000520 (0xfe5f8aa3) sb      t0, -11(t6)
core   0: 3 0x80000520 (0xfe5f8aa3) mem 0x8001a3e8 0x0
core   0: 0x80000524 (0xff5f9a83) lh      s5, -11(t6)
core   0: 3 0x80000524 (0xff5f9a83) x21 0x00000000 mem 0x8001a3e8
core   0: 0x80000528 (0xfeef9aa3) sh      a4, -11(t6)
core   0: 3 0x80000528 (0xfeef9aa3) mem 0x8001a3e8 0x0000
core   0: 0x8000052c (0xffff9283) lh      t0, -1(t6)
core   0: 3 0x8000052c (0xffff9283) x 5 0x00000000 mem 0x8001a3f2
core   0: 0x80000530 (0x00af8c03) lb      s8, 10(t6)
core   0: 3 0x80000530 (0x00af8c03) x24 0x00000000 mem 0x8001a3fd
core   0: 0x80000534 (0x00af8e83) lb      t4, 10(t6)
core   0: 3 0x80000534 (0x00af8e83) x29 0x00000000 mem 0x8001a3fd
core   0: 0x80000538 (0x01931493) slli    s1, t1, 25
core   0: 3 0x80000538 (0x01931493) x 9 0x86000000
core   0: 0x8000053c (0x7377b417) auipc   s0, 0x7377b
core   0: 3 0x8000053c (0x7377b417) x 8 0xf377b53c
core   0: 0x80000540 (0x009f8523) sb      s1, 10(t6)
core   0: 3 0x80000540 (0x009f8523) mem 0x8001a3fd 0x0
core   0: 0x80000544 (0x00af8f03) lb      t5, 10(t6)
core   0: 3 0x80000544 (0x00af8f03) x30 0x00000000 mem 0x8001a3fd
core   0: 0x80000548 (0x0001b897) auipc   a7, 0x1b
core   0: 3 0x80000548 (0x0001b897) x17 0x8001b548
core   0: 0x8000054c (0x71088893) addi    a7, a7, 1808
core   0: 3 0x8000054c (0x71088893) x17 0x8001bc58
core   0: 0x80000550 (0x00f88a03) lb      s4, 15(a7)
core   0: 3 0x80000550 (0x00f88a03) x20 0x00000000 mem 0x8001bc67
core   0: 0x80000554 (0x01b89923) sh      s11, 18(a7)
core   0: 3 0x80000554 (0x01b89923) mem 0x8001bc6a 0x0000
core   0: 0x80000558 (0x00988e23) sb      s1, 28(a7)
core   0: 3 0x80000558 (0x00988e23) mem 0x8001bc74 0x0
core   0: 0x8000055c (0xff6880a3) sb      s6, -31(a7)
core   0: 3 0x8000055c (0xff6880a3) mem 0x8001bc39 0xaa
core   0: 0x80000560 (0x02088903) lb      s2, 32(a7)
core   0: 3 0x80000560 (0x02088903) x18 0x00000000 mem 0x8001bc78
core   0: 0x80000564 (0x00209fb3) sll     t6, ra, sp
core   0: 3 0x80000564 (0x00209fb3) x31 0x00000000
core   0: 0x80000568 (0xfc188c03) lb      s8, -63(a7)
core   0: 3 0x80000568 (0xfc188c03) x24 0x00000000 mem 0x8001bc19
core   0: 0x8000056c (0x0000100f) fence.i
core   0: 3 0x8000056c (0x0000100f)
core   0: 0x80000570 (0x01722eb3) slt     t4, tp, s7
core   0: 3 0x80000570 (0x01722eb3) x29 0x00000000
core   0: 0x80000574 (0x00000013) nop
core   0: 3 0x80000574 (0x00000013)
core   0: 0x80000578 (0x0000100f) fence.i
core   0: 3 0x80000578 (0x0000100f)
core   0: 0x8000057c (0x0098c603) lbu     a2, 9(a7)
core   0: 3 0x8000057c (0x0098c603) x12 0x00000000 mem 0x8001bc61
core   0: 0x80000580 (0xfd48a483) lw      s1, -44(a7)
core   0: 3 0x80000580 (0xfd48a483) x 9 0x00000000 mem 0x8001bc2c
core   0: 0x80000584 (0xfe488fa3) sb      tp, -1(a7)
core   0: 3 0x80000584 (0xfe488fa3) mem 0x8001bc57 0x0
core   0: 0x80000588 (0x0000100f) fence.i
core   0: 3 0x80000588 (0x0000100f)
core   0: 0x8000058c (0x01888623) sb      s8, 12(a7)
core   0: 3 0x8000058c (0x01888623) mem 0x8001bc64 0x0
core   0: 0x80000590 (0x00089a83) lh      s5, 0(a7)
core   0: 3 0x80000590 (0x00089a83) x21 0x00000000 mem 0x8001bc58
core   0: 0x80000594 (0xffd88d83) lb      s11, -3(a7)
core   0: 3 0x80000594 (0xffd88d83) x27 0x00000000 mem 0x8001bc55
core   0: 0x80000598 (0x05d89023) sh      t4, 64(a7)
core   0: 3 0x80000598 (0x05d89023) mem 0x8001bc98 0x0000
core   0: 0x8000059c (0xfcb88f83) lb      t6, -53(a7)
core   0: 3 0x8000059c (0xfcb88f83) x31 0x00000000 mem 0x8001bc23
core   0: 0x800005a0 (0x4151d833) sra     a6, gp, s5
core   0: 3 0x800005a0 (0x4151d833) x16 0x00000000
core   0: 0x800005a4 (0x011c9eb3) sll     t4, s9, a7
core   0: 3 0x800005a4 (0x011c9eb3) x29 0x00000000
core   0: 0x800005a8 (0xfd28cc83) lbu     s9, -46(a7)
core   0: 3 0x800005a8 (0xfd28cc83) x25 0x00000000 mem 0x8001bc2a
core   0: 0x800005ac (0x7bc52013) slti    zero, a0, 1980
core   0: 3 0x800005ac (0x7bc52013)
core   0: 0x800005b0 (0xfc588203) lb      tp, -59(a7)
core   0: 3 0x800005b0 (0xfc588203) x 4 0x00000000 mem 0x8001bc1d
core   0: 0x800005b4 (0x00000013) nop
core   0: 3 0x800005b4 (0x00000013)
core   0: 0x800005b8 (0x01f8c203) lbu     tp, 31(a7)
core   0: 3 0x800005b8 (0x01f8c203) x 4 0x00000000 mem 0x8001bc77
core   0: 0x800005bc (0xfc48d903) lhu     s2, -60(a7)
core   0: 3 0x800005bc (0xfc48d903) x18 0x00000000 mem 0x8001bc1c
core   0: 0x800005c0 (0x01a88783) lb      a5, 26(a7)
core   0: 3 0x800005c0 (0x01a88783) x15 0x00000000 mem 0x8001bc72
core   0: 0x800005c4 (0x8a40b713) sltiu   a4, ra, -1884
core   0: 3 0x800005c4 (0x8a40b713) x14 0x00000001
core   0: 0x800005c8 (0x0190b933) sltu    s2, ra, s9
core   0: 3 0x800005c8 (0x0190b933) x18 0x00000000
core   0: 0x800005cc (0x0133fd33) and     s10, t2, s3
core   0: 3 0x800005cc (0x0133fd33) x26 0x00000000
core   0: 0x800005d0 (0x03f88083) lb      ra, 63(a7)
core   0: 3 0x800005d0 (0x03f88083) x 1 0x00000000 mem 0x8001bc97
core   0: 0x800005d4 (0x409d8c33) sub     s8, s11, s1
core   0: 3 0x800005d4 (0x409d8c33) x24 0x00000000
core   0: 0x800005d8 (0xf22dbc13) sltiu   s8, s11, -222
core   0: 3 0x800005d8 (0xf22dbc13) x24 0x00000001
core   0: 0x800005dc (0x03d8c783) lbu     a5, 61(a7)
core   0: 3 0x800005dc (0x03d8c783) x15 0x00000000 mem 0x8001bc95
core   0: 0x800005e0 (0x40b45393) srai    t2, s0, 11
core   0: 3 0x800005e0 (0x40b45393) x 7 0xfffe6ef6
core   0: 0x800005e4 (0xfdc89a83) lh      s5, -36(a7)
core   0: 3 0x800005e4 (0xfdc89a83) x21 0x00000000 mem 0x8001bc34
core   0: 0x800005e8 (0x0ff0000f) fence   iorw,iorw
core   0: 3 0x800005e8 (0x0ff0000f)
core   0: 0x800005ec (0xfec88183) lb      gp, -20(a7)
core   0: 3 0x800005ec (0xfec88183) x 3 0x00000000 mem 0x8001bc44
core   0: 0x800005f0 (0xfdb88183) lb      gp, -37(a7)
core   0: 3 0x800005f0 (0xfdb88183) x 3 0x00000000 mem 0x8001bc33
core   0: 0x800005f4 (0x64338613) addi    a2, t2, 1603
core   0: 3 0x800005f4 (0x64338613) x12 0xfffe7539
core   0: 0x800005f8 (0xfee88323) sb      a4, -26(a7)
core   0: 3 0x800005f8 (0xfee88323) mem 0x8001bc3e 0x1
core   0: 0x800005fc (0x00015b17) auipc   s6, 0x15
core   0: 3 0x800005fc (0x00015b17) x22 0x800155fc
core   0: 0x80000600 (0xbf8b0b13) addi    s6, s6, -1032
core   0: 3 0x80000600 (0xbf8b0b13) x22 0x800151f4
core   0: 0x80000604 (0xfe5b2e23) sw      t0, -4(s6)
core   0: 3 0x80000604 (0xfe5b2e23) mem 0x800151f0 0x00000000
core   0: 0x80000608 (0x01bce833) or      a6, s9, s11
core   0: 3 0x80000608 (0x01bce833) x16 0x00000000
core   0: 0x8000060c (0xfffb0ba3) sb      t6, -9(s6)
core   0: 3 0x8000060c (0xfffb0ba3) mem 0x800151eb 0x0
core   0: 0x80000610 (0xfe0b0ba3) sb      zero, -9(s6)
core   0: 3 0x80000610 (0xfe0b0ba3) mem 0x800151eb 0x0
core   0: 0x80000614 (0x019b0523) sb      s9, 10(s6)
core   0: 3 0x80000614 (0x019b0523) mem 0x800151fe 0x0
core   0: 0x80000618 (0xb77b13b7) lui     t2, 0xb77b1
core   0: 3 0x80000618 (0xb77b13b7) x 7 0xb77b1000
core   0: 0x8000061c (0x000b1c83) lh      s9, 0(s6)
core   0: 3 0x8000061c (0x000b1c83) x25 0x00000000 mem 0x800151f4
core   0: 0x80000620 (0x009b4903) lbu     s2, 9(s6)
core   0: 3 0x80000620 (0x009b4903) x18 0x00000000 mem 0x800151fd
core   0: 0x80000624 (0xff7b0c03) lb      s8, -9(s6)
core   0: 3 0x80000624 (0xff7b0c03) x24 0x00000000 mem 0x800151eb
core   0: 0x80000628 (0xfe1b1c23) sh      ra, -8(s6)
core   0: 3 0x80000628 (0xfe1b1c23) mem 0x800151ec 0x0000
core   0: 0x8000062c (0xff8b4c03) lbu     s8, -8(s6)
core   0: 3 0x8000062c (0xff8b4c03) x24 0x00000000 mem 0x800151ec
core   0: 0x80000630 (0x01177433) and     s0, a4, a7
core   0: 3 0x80000630 (0x01177433) x 8 0x00000000
core   0: 0x80000634 (0x0000100f) fence.i
core   0: 3 0x80000634 (0x0000100f)
core   0: 0x80000638 (0x019b1823) sh      s9, 16(s6)
core   0: 3 0x80000638 (0x019b1823) mem 0x80015204 0x0000
core   0: 0x8000063c (0x001b4383) lbu     t2, 1(s6)
core   0: 3 0x8000063c (0x001b4383) x 7 0x00000000 mem 0x800151f5
core   0: 0x80000640 (0x003b01a3) sb      gp, 3(s6)
core   0: 3 0x80000640 (0x003b01a3) mem 0x800151f7 0x0
core   0: 0x80000644 (0x006b5e83) lhu     t4, 6(s6)
core   0: 3 0x80000644 (0x006b5e83) x29 0x00000000 mem 0x800151fa
core   0: 0x80000648 (0xff8b0ca3) sb      s8, -7(s6)
core   0: 3 0x80000648 (0xff8b0ca3) mem 0x800151ed 0x0
core   0: 0x8000064c (0x00fb4683) lbu     a3, 15(s6)
core   0: 3 0x8000064c (0x00fb4683) x13 0x00000000 mem 0x80015203
core   0: 0x80000650 (0x00fb4a83) lbu     s5, 15(s6)
core   0: 3 0x80000650 (0x00fb4a83) x21 0x00000000 mem 0x80015203
core   0: 0x80000654 (0x40bc0a33) sub     s4, s8, a1
core   0: 3 0x80000654 (0x40bc0a33) x20 0x00000000
core   0: 0x80000658 (0x0000100f) fence.i
core   0: 3 0x80000658 (0x0000100f)
core   0: 0x8000065c (0xfe7b0ba3) sb      t2, -9(s6)
core   0: 3 0x8000065c (0xfe7b0ba3) mem 0x800151eb 0x0
core   0: 0x80000660 (0x00015b17) auipc   s6, 0x15
core   0: 3 0x80000660 (0x00015b17) x22 0x80015660
core   0: 0x80000664 (0x563b0b13) addi    s6, s6, 1379
core   0: 3 0x80000664 (0x563b0b13) x22 0x80015bc3
core   0: 0x80000668 (0xfe6b19a3) sh      t1, -13(s6)
core   0: 3 0x80000668 (0xfe6b19a3) mem 0x80015bb6 0xfdc3
core   0: 0x8000066c (0x00015097) auipc   ra, 0x15
core   0: 3 0x8000066c (0x00015097) x 1 0x8001566c
core   0: 0x80000670 (0x7bd08093) addi    ra, ra, 1981
core   0: 3 0x80000670 (0x7bd08093) x 1 0x80015e29
core   0: 0x80000674 (0xfe709da3) sh      t2, -5(ra)
core   0: 3 0x80000674 (0xfe709da3) mem 0x80015e24 0x0000
core   0: 0x80000678 (0x00016597) auipc   a1, 0x16
core   0: 3 0x80000678 (0x00016597) x11 0x80016678
core   0: 0x8000067c (0x8f158593) addi    a1, a1, -1807
core   0: 3 0x8000067c (0x8f158593) x11 0x80015f69
core   0: 0x80000680 (0xfeab08a3) sb      a0, -15(s6)
core   0: 3 0x80000680 (0xfeab08a3) mem 0x80015bb4 0xe4
core   0: 0x80000684 (0xff90c183) lbu     gp, -7(ra)
core   0: 3 0x80000684 (0xff90c183) x 3 0x00000000 mem 0x80015e22
core   0: 0x80000688 (0xfec58e03) lb      t3, -20(a1)
core   0: 3 0x80000688 (0xfec58e03) x28 0x00000000 mem 0x80015f55
core   0: 0x8000068c (0x0035ada3) sw      gp, 27(a1)
core   0: 3 0x8000068c (0x0035ada3) mem 0x80015f84 0x00000000
core   0: 0x80000690 (0x005093a3) sh      t0, 7(ra)
core   0: 3 0x80000690 (0x005093a3) mem 0x80015e30 0x0000
core   0: 0x80000694 (0xfdcb4c03) lbu     s8, -36(s6)
core   0: 3 0x80000694 (0xfdcb4c03) x24 0x00000000 mem 0x80015b9f
core   0: 0x80000698 (0x027b0a03) lb      s4, 39(s6)
core   0: 3 0x80000698 (0x027b0a03) x20 0x00000000 mem 0x80015bea
core   0: 0x8000069c (0x00808003) lb      zero, 8(ra)
core   0: 3 0x8000069c (0x00808003) mem 0x80015e31
core   0: 0x800006a0 (0xff709a83) lh      s5, -9(ra)
core   0: 3 0x800006a0 (0xff709a83) x21 0x00000000 mem 0x80015e20
core   0: 0x800006a4 (0xfec58e03) lb      t3, -20(a1)
core   0: 3 0x800006a4 (0xfec58e03) x28 0x00000000 mem 0x80015f55
core   0: 0x800006a8 (0xff008983) lb      s3, -16(ra)
core   0: 3 0x800006a8 (0xff008983) x19 0x00000000 mem 0x80015e19
core   0: 0x800006ac (0x00cb4d03) lbu     s10, 12(s6)
core   0: 3 0x800006ac (0x00cb4d03) x26 0x00000000 mem 0x80015bcf
core   0: 0x800006b0 (0xffcb4a03) lbu     s4, -4(s6)
core   0: 3 0x800006b0 (0xffcb4a03) x20 0x00000000 mem 0x80015bbf
core   0: 0x800006b4 (0xffd09883) lh      a7, -3(ra)
core   0: 3 0x800006b4 (0xffd09883) x17 0x00000000 mem 0x80015e26
core   0: 0x800006b8 (0x01eb4703) lbu     a4, 30(s6)
core   0: 3 0x800006b8 (0x01eb4703) x14 0x00000000 mem 0x80015be1
core   0: 0x800006bc (0x01b5a7a3) sw      s11, 15(a1)
core   0: 3 0x800006bc (0x01b5a7a3) mem 0x80015f78 0x00000000
core   0: 0x800006c0 (0x016b4883) lbu     a7, 22(s6)
core   0: 3 0x800006c0 (0x016b4883) x17 0x00000000 mem 0x80015bd9
core   0: 0x800006c4 (0x0070d003) lhu     zero, 7(ra)
core   0: 3 0x800006c4 (0x0070d003) mem 0x80015e30
core   0: 0x800006c8 (0xfc65ca83) lbu     s5, -58(a1)
core   0: 3 0x800006c8 (0xfc65ca83) x21 0x00000000 mem 0x80015f2f
core   0: 0x800006cc (0xffbb1183) lh      gp, -5(s6)
core   0: 3 0x800006cc (0xffbb1183) x 3 0x00000000 mem 0x80015bbe
core   0: 0x800006d0 (0xfedb1803) lh      a6, -19(s6)
core   0: 3 0x800006d0 (0xfedb1803) x16 0x00000000 mem 0x80015bb0
core   0: 0x800006d4 (0x03759983) lh      s3, 55(a1)
core   0: 3 0x800006d4 (0x03759983) x19 0x00000000 mem 0x80015fa0
core   0: 0x800006d8 (0x00015317) auipc   t1, 0x15
core   0: 3 0x800006d8 (0x00015317) x 6 0x800156d8
core   0: 0x800006dc (0xdfa30313) addi    t1, t1, -518
core   0: 3 0x800006dc (0xdfa30313) x 6 0x800154d2
core   0: 0x800006e0 (0x09731f23) sh      s7, 158(t1)
core   0: 3 0x800006e0 (0x09731f23) mem 0x80015570 0xaab3
core   0: 0x800006e4 (0x0da35983) lhu     s3, 218(t1)
core   0: 3 0x800006e4 (0x0da35983) x19 0x00000000 mem 0x800155ac
core   0: 0x800006e8 (0x008b39b3) sltu    s3, s6, s0
core   0: 3 0x800006e8 (0x008b39b3) x19 0x00000000
core   0: 0x800006ec (0xf7f30623) sb      t6, -148(t1)
core   0: 3 0x800006ec (0xf7f30623) mem 0x8001543e 0x0
core   0: 0x800006f0 (0x09f30aa3) sb      t6, 149(t1)
core   0: 3 0x800006f0 (0x09f30aa3) mem 0x80015567 0x0
core   0: 0x800006f4 (0x00f0f233) and     tp, ra, a5
core   0: 3 0x800006f4 (0x00f0f233) x 4 0x00000000
core   0: 0x800006f8 (0x09534e83) lbu     t4, 149(t1)
core   0: 3 0x800006f8 (0x09534e83) x29 0x00000000 mem 0x80015567
core   0: 0x800006fc (0x09030aa3) sb      a6, 149(t1)
core   0: 3 0x800006fc (0x09030aa3) mem 0x80015567 0x0
core   0: 0x80000700 (0x08e34d83) lbu     s11, 142(t1)
core   0: 3 0x80000700 (0x08e34d83) x27 0x00000000 mem 0x80015560
core   0: 0x80000704 (0x40c58b33) sub     s6, a1, a2
core   0: 3 0x80000704 (0x40c58b33) x22 0x8002ea30
core   0: 0x80000708 (0xf5035e83) lhu     t4, -176(t1)
core   0: 3 0x80000708 (0xf5035e83) x29 0x00000000 mem 0x80015422
core   0: 0x8000070c (0x73fef613) andi    a2, t4, 1855
core   0: 3 0x8000070c (0x73fef613) x12 0x00000000
core   0: 0x80000710 (0xf4031823) sh      zero, -176(t1)
core   0: 3 0x80000710 (0xf4031823) mem 0x80015422 0x0000
core   0: 0x80000714 (0x0a430e83) lb      t4, 164(t1)
core   0: 3 0x80000714 (0x0a430e83) x29 0x00000000 mem 0x80015576
core   0: 0x80000718 (0x0a431283) lh      t0, 164(t1)
core   0: 3 0x80000718 (0x0a431283) x 5 0x00000000 mem 0x80015576
core   0: 0x8000071c (0xf4888a93) addi    s5, a7, -184
core   0: 3 0x8000071c (0xf4888a93) x21 0xffffff48
core   0: 0x80000720 (0x00339393) slli    t2, t2, 3
core   0: 3 0x80000720 (0x00339393) x 7 0x00000000
core   0: 0x80000724 (0xfaa31383) lh      t2, -86(t1)
core   0: 3 0x80000724 (0xfaa31383) x 7 0x00000000 mem 0x8001547c
core   0: 0x80000728 (0x0157f233) and     tp, a5, s5
core   0: 3 0x80000728 (0x0157f233) x 4 0x00000000
core   0: 0x8000072c (0x0e430583) lb      a1, 228(t1)
core   0: 3 0x8000072c (0x0e430583) x11 0x00000000 mem 0x800155b6
core   0: 0x80000730 (0xf0330ca3) sb      gp, -231(t1)
core   0: 3 0x80000730 (0xf0330ca3) mem 0x800153eb 0x0
core   0: 0x80000734 (0x023308a3) sb      gp, 49(t1)
core   0: 3 0x80000734 (0x023308a3) mem 0x80015503 0x0
core   0: 0x80000738 (0x02d30c83) lb      s9, 45(t1)
core   0: 3 0x80000738 (0x02d30c83) x25 0x00000000 mem 0x800154ff
core   0: 0x8000073c (0x02d34683) lbu     a3, 45(t1)
core   0: 3 0x8000073c (0x02d34683) x13 0x00000000 mem 0x800154ff
core   0: 0x80000740 (0x0e334383) lbu     t2, 227(t1)
core   0: 3 0x80000740 (0x0e334383) x 7 0x00000000 mem 0x800155b5
core   0: 0x80000744 (0x05f34b03) lbu     s6, 95(t1)
core   0: 3 0x80000744 (0x05f34b03) x22 0x00000000 mem 0x80015531
core   0: 0x80000748 (0x00015717) auipc   a4, 0x15
core   0: 3 0x80000748 (0x00015717) x14 0x80015748
core   0: 0x8000074c (0x28470713) addi    a4, a4, 644
core   0: 3 0x8000074c (0x28470713) x14 0x800159cc
core   0: 0x80000750 (0xe6174603) lbu     a2, -415(a4)
core   0: 3 0x80000750 (0xe6174603) x12 0x00000000 mem 0x8001582d
core   0: 0x80000754 (0x4f770303) lb      t1, 1271(a4)
core   0: 3 0x80000754 (0x4f770303) x 6 0x00000000 mem 0x80015ec3
core   0: 0x80000758 (0x13770b23) sb      s7, 310(a4)
core   0: 3 0x80000758 (0x13770b23) mem 0x80015b02 0xb3
core   0: 0x8000075c (0x0152a4b3) slt     s1, t0, s5
core   0: 3 0x8000075c (0x0152a4b3) x 9 0x00000000
core   0: 0x80000760 (0x005d1793) slli    a5, s10, 5
core   0: 3 0x80000760 (0x005d1793) x15 0x00000000
core   0: 0x80000764 (0xa5e71a03) lh      s4, -1442(a4)
core   0: 3 0x80000764 (0xa5e71a03) x20 0x00000000 mem 0x8001542a
core   0: 0x80000768 (0x014d97b3) sll     a5, s11, s4
core   0: 3 0x80000768 (0x014d97b3) x15 0x00000000
core   0: 0x8000076c (0xb5170aa3) sb      a7, -1195(a4)
core   0: 3 0x8000076c (0xb5170aa3) mem 0x80015521 0x0
core   0: 0x80000770 (0x06c02d13) slti    s10, zero, 108
core   0: 3 0x80000770 (0x06c02d13) x26 0x00000001
core   0: 0x80000774 (0xcf4704a3) sb      s4, -791(a4)
core   0: 3 0x80000774 (0xcf4704a3) mem 0x800156b5 0x0
core   0: 0x80000778 (0x8db70183) lb      gp, -1829(a4)
core   0: 3 0x80000778 (0x8db70183) x 3 0x00000000 mem 0x800152a7
core   0: 0x8000077c (0x62370883) lb      a7, 1571(a4)
core   0: 3 0x8000077c (0x62370883) x17 0x00000000 mem 0x80015fef
core   0: 0x80000780 (0x00b6cb33) xor     s6, a3, a1
core   0: 3 0x80000780 (0x00b6cb33) x22 0x00000000
core   0: 0x80000784 (0x01269893) slli    a7, a3, 18
core   0: 3 0x80000784 (0x01269893) x17 0x00000000
core   0: 0x80000788 (0xc3771923) sh      s7, -974(a4)
core   0: 3 0x80000788 (0xc3771923) mem 0x800155fe 0xaab3
core   0: 0x8000078c (0xbba74d83) lbu     s11, -1094(a4)
core   0: 3 0x8000078c (0xbba74d83) x27 0x00000000 mem 0x80015586
core   0: 0x80000790 (0xa6c75883) lhu     a7, -1428(a4)
core   0: 3 0x80000790 (0xa6c75883) x17 0x00000000 mem 0x80015438
core   0: 0x80000794 (0x00251cb3) sll     s9, a0, sp
core   0: 3 0x80000794 (0x00251cb3) x25 0x002ece40
core   0: 0x80000798 (0xb243ff93) andi    t6, t2, -1244
core   0: 3 0x80000798 (0xb243ff93) x31 0x00000000
core   0: 0x8000079c (0x0f3700a3) sb      s3, 225(a4)
core   0: 3 0x8000079c (0x0f3700a3) mem 0x80015aad 0x0
core   0: 0x800007a0 (0x87574183) lbu     gp, -1931(a4)
core   0: 3 0x800007a0 (0x87574183) x 3 0x00000000 mem 0x80015241
core   0: 0x800007a4 (0xd3c71c83) lh      s9, -708(a4)
core   0: 3 0x800007a4 (0xd3c71c83) x25 0x00000000 mem 0x80015708
core   0: 0x800007a8 (0x12370303) lb      t1, 291(a4)
core   0: 3 0x800007a8 (0x12370303) x 6 0x00000000 mem 0x80015aef
core   0: 0x800007ac (0x40d10e33) sub     t3, sp, a3
core   0: 3 0x800007ac (0x40d10e33) x28 0x8002ae64
core   0: 0x800007b0 (0x0000100f) fence.i
core   0: 3 0x800007b0 (0x0000100f)
core   0: 0x800007b4 (0xb9170483) lb      s1, -1135(a4)
core   0: 3 0x800007b4 (0xb9170483) x 9 0x00000000 mem 0x8001555d
core   0: 0x800007b8 (0x00d8d393) srli    t2, a7, 13
core   0: 3 0x800007b8 (0x00d8d393) x 7 0x00000000
core   0: 0x800007bc (0xa6370ea3) sb      gp, -1411(a4)
core   0: 3 0x800007bc (0xa6370ea3) mem 0x80015449 0x0
core   0: 0x800007c0 (0x01f36033) or      zero, t1, t6
core   0: 3 0x800007c0 (0x01f36033)
core   0: 0x800007c4 (0x419207b3) sub     a5, tp, s9
core   0: 3 0x800007c4 (0x419207b3) x15 0x00000000
core   0: 0x800007c8 (0x00ccb4b3) sltu    s1, s9, a2
core   0: 3 0x800007c8 (0x00ccb4b3) x 9 0x00000000
core   0: 0x800007cc (0x414fd3b3) sra     t2, t6, s4
core   0: 3 0x800007cc (0x414fd3b3) x 7 0x00000000
core   0: 0x800007d0 (0x80570e03) lb      t3, -2043(a4)
core   0: 3 0x800007d0 (0x80570e03) x28 0x00000000 mem 0x800151d1
core   0: 0x800007d4 (0x2ff70903) lb      s2, 767(a4)
core   0: 3 0x800007d4 (0x2ff70903) x18 0x00000000 mem 0x80015ccb
core   0: 0x800007d8 (0x00c29213) slli    tp, t0, 12
core   0: 3 0x800007d8 (0x00c29213) x 4 0x00000000
core   0: 0x800007dc (0xcfe74f83) lbu     t6, -770(a4)
core   0: 3 0x800007dc (0xcfe74f83) x31 0x00000000 mem 0x800156ca
core   0: 0x800007e0 (0x43214917) auipc   s2, 0x43214
core   0: 3 0x800007e0 (0x43214917) x18 0xc32147e0
core   0: 0x800007e4 (0x017f9313) slli    t1, t6, 23
core   0: 3 0x800007e4 (0x017f9313) x 6 0x00000000
core   0: 0x800007e8 (0xdc570c23) sb      t0, -552(a4)
core   0: 3 0x800007e8 (0xdc570c23) mem 0x800157a4 0x0
core   0: 0x800007ec (0x010e3333) sltu    t1, t3, a6
core   0: 3 0x800007ec (0x010e3333) x 6 0x00000000
core   0: 0x800007f0 (0x50158193) addi    gp, a1, 1281
core   0: 3 0x800007f0 (0x50158193) x 3 0x00000501
core   0: 0x800007f4 (0xdf350213) addi    tp, a0, -525
core   0: 3 0x800007f4 (0xdf350213) x 4 0x8002ead7
core   0: 0x800007f8 (0x11b71223) sh      s11, 260(a4)
core   0: 3 0x800007f8 (0x11b71223) mem 0x80015ad0 0x0000
core   0: 0x800007fc (0x04be92b7) lui     t0, 0x4be9
core   0: 3 0x800007fc (0x04be92b7) x 5 0x04be9000
core   0: 0x80000800 (0x0192adb3) slt     s11, t0, s9
core   0: 3 0x80000800 (0x0192adb3) x27 0x00000000
core   0: 0x80000804 (0x018fe1b3) or      gp, t6, s8
core   0: 3 0x80000804 (0x018fe1b3) x 3 0x00000000
core   0: 0x80000808 (0xd5670323) sb      s6, -698(a4)
core   0: 3 0x80000808 (0xd5670323) mem 0x80015712 0x0
core   0: 0x8000080c (0xe6d74383) lbu     t2, -403(a4)
core   0: 3 0x8000080c (0xe6d74383) x 7 0x00000000 mem 0x80015839
core   0: 0x80000810 (0x99770c03) lb      s8, -1641(a4)
core   0: 3 0x80000810 (0x99770c03) x24 0x00000000 mem 0x80015363
core   0: 0x80000814 (0x60471623) sh      tp, 1548(a4)
core   0: 3 0x80000814 (0x60471623) mem 0x80015fd8 0xead7
core   0: 0x80000818 (0x0001e297) auipc   t0, 0x1e
core   0: 3 0x80000818 (0x0001e297) x 5 0x8001e818
core   0: 0x8000081c (0x0e828293) addi    t0, t0, 232
core   0: 3 0x8000081c (0x0e828293) x 5 0x8001e900
core   0: 0x80000820 (0x01fb1093) slli    ra, s6, 31
core   0: 3 0x80000820 (0x01fb1093) x 1 0x00000000
core   0: 0x80000824 (0x3f1adcb7) lui     s9, 0x3f1ad
core   0: 3 0x80000824 (0x3f1adcb7) x25 0x3f1ad000
core   0: 0x80000828 (0x1014cf13) xori    t5, s1, 257
core   0: 3 0x80000828 (0x1014cf13) x30 0x00000101
core   0: 0x8000082c (0x012ee6b3) or      a3, t4, s2
core   0: 3 0x8000082c (0x012ee6b3) x13 0xc32147e0
core   0: 0x80000830 (0x0102b333) sltu    t1, t0, a6
core   0: 3 0x80000830 (0x0102b333) x 6 0x00000000
core   0: 0x80000834 (0xff828da3) sb      s8, -5(t0)
core   0: 3 0x80000834 (0xff828da3) mem 0x8001e8fb 0x0
core   0: 0x80000838 (0x00f87a33) and     s4, a6, a5
core   0: 3 0x80000838 (0x00f87a33) x20 0x00000000
core   0: 0x8000083c (0x41aa5e33) sra     t3, s4, s10
core   0: 3 0x8000083c (0x41aa5e33) x28 0x00000000
core   0: 0x80000840 (0xfec29823) sh      a2, -16(t0)
core   0: 3 0x80000840 (0xfec29823) mem 0x8001e8f0 0x0000
core   0: 0x80000844 (0x0058c8b3) xor     a7, a7, t0
core   0: 3 0x80000844 (0x0058c8b3) x17 0x8001e900
core   0: 0x80000848 (0x4d8fc793) xori    a5, t6, 1240
core   0: 3 0x80000848 (0x4d8fc793) x15 0x000004d8
core   0: 0x8000084c (0x0012cc83) lbu     s9, 1(t0)
core   0: 3 0x8000084c (0x0012cc83) x25 0x00000000 mem 0x8001e901
core   0: 0x80000850 (0x00f69db3) sll     s11, a3, a5
core   0: 3 0x80000850 (0x00f69db3) x27 0xe0000000
core   0: 0x80000854 (0x0000100f) fence.i
core   0: 3 0x80000854 (0x0000100f)
core   0: 0x80000858 (0x00f0db33) srl     s6, ra, a5
core   0: 3 0x80000858 (0x00f0db33) x22 0x00000000
core   0: 0x8000085c (0x00e19fb3) sll     t6, gp, a4
core   0: 3 0x8000085c (0x00e19fb3) x31 0x00000000
core   0: 0x80000860 (0xfe428da3) sb      tp, -5(t0)
core   0: 3 0x80000860 (0xfe428da3) mem 0x8001e8fb 0xd7
core   0: 0x80000864 (0xae5b3f13) sltiu   t5, s6, -1307
core   0: 3 0x80000864 (0xae5b3f13) x30 0x00000001
core   0: 0x80000868 (0xffd28fa3) sb      t4, -1(t0)
core   0: 3 0x80000868 (0xffd28fa3) mem 0x8001e8ff 0x0
core   0: 0x8000086c (0xff028ea3) sb      a6, -3(t0)
core   0: 3 0x8000086c (0xff028ea3) mem 0x8001e8fd 0x0
core   0: 0x80000870 (0xfff28603) lb      a2, -1(t0)
core   0: 3 0x80000870 (0xfff28603) x12 0x00000000 mem 0x8001e8ff
core   0: 0x80000874 (0x0092c303) lbu     t1, 9(t0)
core   0: 3 0x80000874 (0x0092c303) x 6 0x00000000 mem 0x8001e909
core   0: 0x80000878 (0xff528083) lb      ra, -11(t0)
core   0: 3 0x80000878 (0xff528083) x 1 0x00000000 mem 0x8001e8f5
core   0: 0x8000087c (0x0062c203) lbu     tp, 6(t0)
core   0: 3 0x8000087c (0x0062c203) x 4 0x00000000 mem 0x8001e906
core   0: 0x80000880 (0x00181cb3) sll     s9, a6, ra
core   0: 3 0x80000880 (0x00181cb3) x25 0x00000000
core   0: 0x80000884 (0xc24ec093) xori    ra, t4, -988
core   0: 3 0x80000884 (0xc24ec093) x 1 0xfffffc24
core   0: 0x80000888 (0xf5f62e93) slti    t4, a2, -161
core   0: 3 0x80000888 (0xf5f62e93) x29 0x00000000
core   0: 0x8000088c (0x6912b6b7) lui     a3, 0x6912b
core   0: 3 0x8000088c (0x6912b6b7) x13 0x6912b000
core   0: 0x80000890 (0xff02a883) lw      a7, -16(t0)
core   0: 3 0x80000890 (0xff02a883) x17 0x00000000 mem 0x8001e8f0
core   0: 0x80000894 (0x00020917) auipc   s2, 0x20
core   0: 3 0x80000894 (0x00020917) x18 0x80020894
core   0: 0x80000898 (0xcf090913) addi    s2, s2, -784
core   0: 3 0x80000898 (0xcf090913) x18 0x80020584
core   0: 0x8000089c (0x00015317) auipc   t1, 0x15
core   0: 3 0x8000089c (0x00015317) x 6 0x8001589c
core   0: 0x800008a0 (0x35b30313) addi    t1, t1, 859
core   0: 3 0x800008a0 (0x35b30313) x 6 0x80015bf7
core   0: 0x800008a4 (0xfd090283) lb      t0, -48(s2)
core   0: 3 0x800008a4 (0xfd090283) x 5 0x00000000 mem 0x80020554
core   0: 0x800008a8 (0x02390f83) lb      t6, 35(s2)
core   0: 3 0x800008a8 (0x02390f83) x31 0x00000000 mem 0x800205a7
core   0: 0x800008ac (0x34034a03) lbu     s4, 832(t1)
core   0: 3 0x800008ac (0x34034a03) x20 0x00000000 mem 0x80015f37
core   0: 0x800008b0 (0xca734a83) lbu     s5, -857(t1)
core   0: 3 0x800008b0 (0xca734a83) x21 0x00000000 mem 0x8001589e
core   0: 0x800008b4 (0xf6e34203) lbu     tp, -146(t1)
core   0: 3 0x800008b4 (0xf6e34203) x 4 0x00000000 mem 0x80015b65
core   0: 0x800008b8 (0xa6e34c03) lbu     s8, -1426(t1)
core   0: 3 0x800008b8 (0xa6e34c03) x24 0x00000000 mem 0x80015665
core   0: 0x800008bc (0xfc8905a3) sb      s0, -53(s2)
core   0: 3 0x800008bc (0xfc8905a3) mem 0x8002054f 0x0
core   0: 0x800008c0 (0x80a30623) sb      a0, -2036(t1)
core   0: 3 0x800008c0 (0x80a30623) mem 0x80015403 0xe4
core   0: 0x800008c4 (0x01594b03) lbu     s6, 21(s2)
core   0: 3 0x800008c4 (0x01594b03) x22 0x00000000 mem 0x80020599
core   0: 0x800008c8 (0x009903a3) sb      s1, 7(s2)
core   0: 3 0x800008c8 (0x009903a3) mem 0x8002058b 0x0
core   0: 0x800008cc (0x39131203) lh      tp, 913(t1)
core   0: 3 0x800008cc (0x39131203) x 4 0x00000000 mem 0x80015f88
core   0: 0x800008d0 (0xfea91a83) lh      s5, -22(s2)
core   0: 3 0x800008d0 (0xfea91a83) x21 0x00000000 mem 0x8002056e
core   0: 0x800008d4 (0x852301a3) sb      s2, -1981(t1)
core   0: 3 0x800008d4 (0x852301a3) mem 0x8001543a 0x84
core   0: 0x800008d8 (0x386304a3) sb      t1, 905(t1)
core   0: 3 0x800008d8 (0x386304a3) mem 0x80015f80 0xf7
core   0: 0x800008dc (0x03830e23) sb      s8, 60(t1)
core   0: 3 0x800008dc (0x03830e23) mem 0x80015c33 0x0
core   0: 0x800008e0 (0x00015e17) auipc   t3, 0x15
core   0: 3 0x800008e0 (0x00015e17) x28 0x800158e0
core   0: 0x800008e4 (0x0c1e0e13) addi    t3, t3, 193
core   0: 3 0x800008e4 (0x0c1e0e13) x28 0x800159a1
core   0: 0x800008e8 (0xffbe4803) lbu     a6, -5(t3)
core   0: 3 0x800008e8 (0xffbe4803) x16 0x00000000 mem 0x8001599c
core   0: 0x800008ec (0xff7e29a3) sw      s7, -13(t3)
core   0: 3 0x800008ec (0xff7e29a3) mem 0x80015994 0xd1eeaab3
core   0: 0x800008f0 (0x009e5603) lhu     a2, 9(t3)
core   0: 3 0x800008f0 (0x009e5603) x12 0x00000000 mem 0x800159aa
core   0: 0x800008f4 (0x009e1a03) lh      s4, 9(t3)
core   0: 3 0x800008f4 (0x009e1a03) x20 0x00000000 mem 0x800159aa
core   0: 0x800008f8 (0x008e0823) sb      s0, 16(t3)
core   0: 3 0x800008f8 (0x008e0823) mem 0x800159b1 0x0
core   0: 0x800008fc (0xfeee0823) sb      a4, -16(t3)
core   0: 3 0x800008fc (0xfeee0823) mem 0x80015991 0xcc
core   0: 0x80000900 (0x010e0023) sb      a6, 0(t3)
core   0: 3 0x80000900 (0x010e0023) mem 0x800159a1 0x0
core   0: 0x80000904 (0x000e4d03) lbu     s10, 0(t3)
core   0: 3 0x80000904 (0x000e4d03) x26 0x00000000 mem 0x800159a1
core   0: 0x80000908 (0x010e0023) sb      a6, 0(t3)
core   0: 3 0x80000908 (0x010e0023) mem 0x800159a1 0x0
core   0: 0x8000090c (0x000e0b03) lb      s6, 0(t3)
core   0: 3 0x8000090c (0x000e0b03) x22 0x00000000 mem 0x800159a1
core   0: 0x80000910 (0x007e5f83) lhu     t6, 7(t3)
core   0: 3 0x80000910 (0x007e5f83) x31 0x00000000 mem 0x800159a8
core   0: 0x80000914 (0xff9e4f83) lbu     t6, -7(t3)
core   0: 3 0x80000914 (0xff9e4f83) x31 0x00000000 mem 0x8001599a
core   0: 0x80000918 (0x00000013) nop
core   0: 3 0x80000918 (0x00000013)
core   0: 0x8000091c (0xffae4603) lbu     a2, -6(t3)
core   0: 3 0x8000091c (0xffae4603) x12 0x00000000 mem 0x8001599b
core   0: 0x80000920 (0xffae4a83) lbu     s5, -6(t3)
core   0: 3 0x80000920 (0xffae4a83) x21 0x00000000 mem 0x8001599b
core   0: 0x80000924 (0xff1e4b03) lbu     s6, -15(t3)
core   0: 3 0x80000924 (0xff1e4b03) x22 0x00000000 mem 0x80015992
core   0: 0x80000928 (0xffce18a3) sh      t3, -15(t3)
core   0: 3 0x80000928 (0xffce18a3) mem 0x80015992 0x59a1
core   0: 0x8000092c (0xff1e4d03) lbu     s10, -15(t3)
core   0: 3 0x8000092c (0xff1e4d03) x26 0x000000a1 mem 0x80015992
core   0: 0x80000930 (0xff6e4403) lbu     s0, -10(t3)
core   0: 3 0x80000930 (0xff6e4403) x 8 0x000000d1 mem 0x80015997
core   0: 0x80000934 (0x01b35013) srli    zero, t1, 27
core   0: 3 0x80000934 (0x01b35013)
core   0: 0x80000938 (0xfe7e0b23) sb      t2, -10(t3)
core   0: 3 0x80000938 (0xfe7e0b23) mem 0x80015997 0x0
core   0: 0x8000093c (0xfe7e0b23) sb      t2, -10(t3)
core   0: 3 0x8000093c (0xfe7e0b23) mem 0x80015997 0x0
core   0: 0x80000940 (0x00015817) auipc   a6, 0x15
core   0: 3 0x80000940 (0x00015817) x16 0x80015940
core   0: 0x80000944 (0x15880813) addi    a6, a6, 344
core   0: 3 0x80000944 (0x15880813) x16 0x80015a98
core   0: 0x80000948 (0x00a89713) slli    a4, a7, 10
core   0: 3 0x80000948 (0x00a89713) x14 0x00000000
core   0: 0x8000094c (0x41eb5713) srai    a4, s6, 30
core   0: 3 0x8000094c (0x41eb5713) x14 0x00000000
core   0: 0x80000950 (0x0a380183) lb      gp, 163(a6)
core   0: 3 0x80000950 (0x0a380183) x 3 0x00000000 mem 0x80015b3b
core   0: 0x80000954 (0x77c04213) xori    tp, zero, 1916
core   0: 3 0x80000954 (0x77c04213) x 4 0x0000077c
core   0: 0x80000958 (0x0a384b03) lbu     s6, 163(a6)
core   0: 3 0x80000958 (0x0a384b03) x22 0x00000000 mem 0x80015b3b
core   0: 0x8000095c (0x0a380883) lb      a7, 163(a6)
core   0: 3 0x8000095c (0x0a380883) x17 0x00000000 mem 0x80015b3b
core   0: 0x80000960 (0x0a380383) lb      t2, 163(a6)
core   0: 3 0x80000960 (0x0a380383) x 7 0x00000000 mem 0x80015b3b
core   0: 0x80000964 (0x003967b3) or      a5, s2, gp
core   0: 3 0x80000964 (0x003967b3) x15 0x80020584
core   0: 0x80000968 (0x0b5801a3) sb      s5, 163(a6)
core   0: 3 0x80000968 (0x0b5801a3) mem 0x80015b3b 0x0
core   0: 0x8000096c (0x0e984303) lbu     t1, 233(a6)
core   0: 3 0x8000096c (0x0e984303) x 6 0x00000000 mem 0x80015b81
core   0: 0x80000970 (0x0050cdb3) xor     s11, ra, t0
core   0: 3 0x80000970 (0x0050cdb3) x27 0xfffffc24
core   0: 0x80000974 (0x0e984903) lbu     s2, 233(a6)
core   0: 3 0x80000974 (0x0e984903) x18 0x00000000 mem 0x80015b81
core   0: 0x80000978 (0x0f8804a3) sb      s8, 233(a6)
core   0: 3 0x80000978 (0x0f8804a3) mem 0x80015b81 0x0
core   0: 0x8000097c (0x0e984e03) lbu     t3, 233(a6)
core   0: 3 0x8000097c (0x0e984e03) x28 0x00000000 mem 0x80015b81
core   0: 0x80000980 (0x0e1804a3) sb      ra, 233(a6)
core   0: 3 0x80000980 (0x0e1804a3) mem 0x80015b81 0x24
core   0: 0x80000984 (0x0fe804a3) sb      t5, 233(a6)
core   0: 3 0x80000984 (0x0fe804a3) mem 0x80015b81 0x1
core   0: 0x80000988 (0x087802a3) sb      t2, 133(a6)
core   0: 3 0x80000988 (0x087802a3) mem 0x80015b1d 0x0
core   0: 0x8000098c (0x08f80b03) lb      s6, 143(a6)
core   0: 3 0x8000098c (0x08f80b03) x22 0x00000000 mem 0x80015b27
core   0: 0x80000990 (0x09d807a3) sb      t4, 143(a6)
core   0: 3 0x80000990 (0x09d807a3) mem 0x80015b27 0x0
core   0: 0x80000994 (0x00021197) auipc   gp, 0x21
core   0: 3 0x80000994 (0x00021197) x 3 0x80021994
core   0: 0x80000998 (0x0d018193) addi    gp, gp, 208
core   0: 3 0x80000998 (0x0d018193) x 3 0x80021a64
core   0: 0x8000099c (0x6741a903) lw      s2, 1652(gp)
core   0: 3 0x8000099c (0x6741a903) x18 0x00000000 mem 0x800220d8
core   0: 0x800009a0 (0x0ff0000f) fence   iorw,iorw
core   0: 3 0x800009a0 (0x0ff0000f)
core   0: 0x800009a4 (0x67419403) lh      s0, 1652(gp)
core   0: 3 0x800009a4 (0x67419403) x 8 0x00000000 mem 0x800220d8
core   0: 0x800009a8 (0x6741a703) lw      a4, 1652(gp)
core   0: 3 0x800009a8 (0x6741a703) x14 0x00000000 mem 0x800220d8
core   0: 0x800009ac (0x6741d903) lhu     s2, 1652(gp)
core   0: 3 0x800009ac (0x6741d903) x18 0x00000000 mem 0x800220d8
core   0: 0x800009b0 (0x67418483) lb      s1, 1652(gp)
core   0: 3 0x800009b0 (0x67418483) x 9 0x00000000 mem 0x800220d8
core   0: 0x800009b4 (0x7a41a403) lw      s0, 1956(gp)
core   0: 3 0x800009b4 (0x7a41a403) x 8 0x00000000 mem 0x80022208
core   0: 0x800009b8 (0x82818e03) lb      t3, -2008(gp)
core   0: 3 0x800009b8 (0x82818e03) x28 0x00000000 mem 0x8002128c
core   0: 0x800009bc (0x3881a403) lw      s0, 904(gp)
core   0: 3 0x800009bc (0x3881a403) x 8 0x00000000 mem 0x80021dec
core   0: 0x800009c0 (0x2bb1c903) lbu     s2, 699(gp)
core   0: 3 0x800009c0 (0x2bb1c903) x18 0x00000000 mem 0x80021d1f
core   0: 0x800009c4 (0x2bb1c203) lbu     tp, 699(gp)
core   0: 3 0x800009c4 (0x2bb1c203) x 4 0x00000000 mem 0x80021d1f
core   0: 0x800009c8 (0x2bb18f03) lb      t5, 699(gp)
core   0: 3 0x800009c8 (0x2bb18f03) x30 0x00000000 mem 0x80021d1f
core   0: 0x800009cc (0x008188a3) sb      s0, 17(gp)
core   0: 3 0x800009cc (0x008188a3) mem 0x80021a75 0x0
core   0: 0x800009d0 (0xad228b13) addi    s6, t0, -1326
core   0: 3 0x800009d0 (0xad228b13) x22 0xfffffad2
core   0: 0x800009d4 (0x00fcb333) sltu    t1, s9, a5
core   0: 3 0x800009d4 (0x00fcb333) x 6 0x00000001
core   0: 0x800009d8 (0x1c90b993) sltiu   s3, ra, 457
core   0: 3 0x800009d8 (0x1c90b993) x19 0x00000000
core   0: 0x800009dc (0x1fa1d903) lhu     s2, 506(gp)
core   0: 3 0x800009dc (0x1fa1d903) x18 0x00000000 mem 0x80021c5e
core   0: 0x800009e0 (0x0e018703) lb      a4, 224(gp)
core   0: 3 0x800009e0 (0x0e018703) x14 0x00000000 mem 0x80021b44
core   0: 0x800009e4 (0x0f619023) sh      s6, 224(gp)
core   0: 3 0x800009e4 (0x0f619023) mem 0x80021b44 0xfad2
core   0: 0x800009e8 (0xd3018f03) lb      t5, -720(gp)
core   0: 3 0x800009e8 (0xd3018f03) x30 0x00000000 mem 0x80021794
core   0: 0x800009ec (0x00e0da93) srli    s5, ra, 14
core   0: 3 0x800009ec (0x00e0da93) x21 0x0003ffff
core   0: 0x800009f0 (0x7ba93a93) sltiu   s5, s2, 1978
core   0: 3 0x800009f0 (0x7ba93a93) x21 0x00000001
core   0: 0x800009f4 (0xc101d783) lhu     a5, -1008(gp)
core   0: 3 0x800009f4 (0xc101d783) x15 0x00000000 mem 0x80021674
core   0: 0x800009f8 (0xc0b1a823) sw      a1, -1008(gp)
core   0: 3 0x800009f8 (0xc0b1a823) mem 0x80021674 0x00000000
core   0: 0x800009fc (0x00015f17) auipc   t5, 0x15
core   0: 3 0x800009fc (0x00015f17) x30 0x800159fc
core   0: 0x80000a00 (0x3b6f0f13) addi    t5, t5, 950
core   0: 3 0x80000a00 (0x3b6f0f13) x30 0x80015db2
core   0: 0x80000a04 (0x02ff4183) lbu     gp, 47(t5)
core   0: 3 0x80000a04 (0x02ff4183) x 3 0x00000000 mem 0x80015de1
core   0: 0x80000a08 (0xff0f1f83) lh      t6, -16(t5)
core   0: 3 0x80000a08 (0xff0f1f83) x31 0x00000000 mem 0x80015da2
core   0: 0x80000a0c (0x40ef5cb3) sra     s9, t5, a4
core   0: 3 0x80000a0c (0x40ef5cb3) x25 0x80015db2
core   0: 0x80000a10 (0x03cf0983) lb      s3, 60(t5)
core   0: 3 0x80000a10 (0x03cf0983) x19 0x00000000 mem 0x80015dee
core   0: 0x80000a14 (0x012f4803) lbu     a6, 18(t5)
core   0: 3 0x80000a14 (0x012f4803) x16 0x00000000 mem 0x80015dc4
core   0: 0x80000a18 (0x02cf1483) lh      s1, 44(t5)
core   0: 3 0x80000a18 (0x02cf1483) x 9 0x00000000 mem 0x80015dde
core   0: 0x80000a1c (0x008f0883) lb      a7, 8(t5)
core   0: 3 0x80000a1c (0x008f0883) x17 0x00000000 mem 0x80015dba
core   0: 0x80000a20 (0x008f1e03) lh      t3, 8(t5)
core   0: 3 0x80000a20 (0x008f1e03) x28 0x00000000 mem 0x80015dba
core   0: 0x80000a24 (0xfcff0583) lb      a1, -49(t5)
core   0: 3 0x80000a24 (0xfcff0583) x11 0x00000000 mem 0x80015d81
core   0: 0x80000a28 (0xfdff08a3) sb      t6, -47(t5)
core   0: 3 0x80000a28 (0xfdff08a3) mem 0x80015d83 0x0
core   0: 0x80000a2c (0xfd0f08a3) sb      a6, -47(t5)
core   0: 3 0x80000a2c (0xfd0f08a3) mem 0x80015d83 0x0
core   0: 0x80000a30 (0xfe8f1903) lh      s2, -24(t5)
core   0: 3 0x80000a30 (0xfe8f1903) x18 0x00000000 mem 0x80015d9a
core   0: 0x80000a34 (0x010f5303) lhu     t1, 16(t5)
core   0: 3 0x80000a34 (0x010f5303) x 6 0x00000000 mem 0x80015dc2
core   0: 0x80000a38 (0x019f07a3) sb      s9, 15(t5)
core   0: 3 0x80000a38 (0x019f07a3) mem 0x80015dc1 0xb2
core   0: 0x80000a3c (0x00019797) auipc   a5, 0x19
core   0: 3 0x80000a3c (0x00019797) x15 0x80019a3c
core   0: 0x80000a40 (0xede78793) addi    a5, a5, -290
core   0: 3 0x80000a40 (0xede78793) x15 0x8001991a
core   0: 0x80000a44 (0xfc178023) sb      ra, -64(a5)
core   0: 3 0x80000a44 (0xfc178023) mem 0x800198da 0x24
core   0: 0x80000a48 (0xfdf78023) sb      t6, -64(a5)
core   0: 3 0x80000a48 (0xfdf78023) mem 0x800198da 0x0
core   0: 0x80000a4c (0xc0e8a393) slti    t2, a7, -1010
core   0: 3 0x80000a4c (0xc0e8a393) x 7 0x00000000
core   0: 0x80000a50 (0xfc079d03) lh      s10, -64(a5)
core   0: 3 0x80000a50 (0xfc079d03) x26 0x00000000 mem 0x800198da
core   0: 0x80000a54 (0x0377ce03) lbu     t3, 55(a5)
core   0: 3 0x80000a54 (0x0377ce03) x28 0x00000000 mem 0x80019951
core   0: 0x80000a58 (0x03778683) lb      a3, 55(a5)
core   0: 3 0x80000a58 (0x03778683) x13 0x00000000 mem 0x80019951
core   0: 0x80000a5c (0x00da11b3) sll     gp, s4, a3
core   0: 3 0x80000a5c (0x00da11b3) x 3 0x00000000
core   0: 0x80000a60 (0x03678ba3) sb      s6, 55(a5)
core   0: 3 0x80000a60 (0x03678ba3) mem 0x80019951 0xd2
core   0: 0x80000a64 (0xff479a03) lh      s4, -12(a5)
core   0: 3 0x80000a64 (0xff479a03) x20 0x00000000 mem 0x8001990e
core   0: 0x80000a68 (0x03b78e03) lb      t3, 59(a5)
core   0: 3 0x80000a68 (0x03b78e03) x28 0x00000000 mem 0x80019955
core   0: 0x80000a6c (0xfc178f03) lb      t5, -63(a5)
core   0: 3 0x80000a6c (0xfc178f03) x30 0x00000000 mem 0x800198db
core   0: 0x80000a70 (0x00c79283) lh      t0, 12(a5)
core   0: 3 0x80000a70 (0x00c79283) x 5 0x00000000 mem 0x80019926
core   0: 0x80000a74 (0x404b5493) srai    s1, s6, 4
core   0: 3 0x80000a74 (0x404b5493) x 9 0xffffffad
core   0: 0x80000a78 (0xfed78403) lb      s0, -19(a5)
core   0: 3 0x80000a78 (0xfed78403) x 8 0x00000000 mem 0x80019907
core   0: 0x80000a7c (0xfe07d003) lhu     zero, -32(a5)
core   0: 3 0x80000a7c (0xfe07d003) mem 0x800198fa
core   0: 0x80000a80 (0x03278ea3) sb      s2, 61(a5)
core   0: 3 0x80000a80 (0x03278ea3) mem 0x80019957 0x0
core   0: 0x80000a84 (0xffb78683) lb      a3, -5(a5)
core   0: 3 0x80000a84 (0xffb78683) x13 0x00000000 mem 0x80019915
core   0: 0x80000a88 (0x408d5813) srai    a6, s10, 8
core   0: 3 0x80000a88 (0x408d5813) x16 0x00000000
core   0: 0x80000a8c (0x0247cb03) lbu     s6, 36(a5)
core   0: 3 0x80000a8c (0x0247cb03) x22 0x00000000 mem 0x8001993e
core   0: 0x80000a90 (0xfd978ba3) sb      s9, -41(a5)
core   0: 3 0x80000a90 (0xfd978ba3) mem 0x800198f1 0xb2
core   0: 0x80000a94 (0x00021d97) auipc   s11, 0x21
core   0: 3 0x80000a94 (0x00021d97) x27 0x80021a94
core   0: 0x80000a98 (0xbf3d8d93) addi    s11, s11, -1037
core   0: 3 0x80000a98 (0xbf3d8d93) x27 0x80021687
core   0: 0x80000a9c (0x241ddf83) lhu     t6, 577(s11)
core   0: 3 0x80000a9c (0x241ddf83) x31 0x00000000 mem 0x800218c8
core   0: 0x80000aa0 (0x00022797) auipc   a5, 0x22
core   0: 3 0x80000aa0 (0x00022797) x15 0x80022aa0
core   0: 0x80000aa4 (0xea678793) addi    a5, a5, -346
core   0: 3 0x80000aa4 (0xea678793) x15 0x80022946
core   0: 0x80000aa8 (0x0001d997) auipc   s3, 0x1d
core   0: 3 0x80000aa8 (0x0001d997) x19 0x8001daa8
core   0: 0x80000aac (0xd7198993) addi    s3, s3, -655
core   0: 3 0x80000aac (0xd7198993) x19 0x8001d819
core   0: 0x80000ab0 (0x01878623) sb      s8, 12(a5)
core   0: 3 0x80000ab0 (0x01878623) mem 0x80022952 0x0
core   0: 0x80000ab4 (0x0001a597) auipc   a1, 0x1a
core   0: 3 0x80000ab4 (0x0001a597) x11 0x8001aab4
core   0: 0x80000ab8 (0x6a058593) addi    a1, a1, 1696
core   0: 3 0x80000ab8 (0x6a058593) x11 0x8001b154
core   0: 0x80000abc (0xff698f23) sb      s6, -2(s3)
core   0: 3 0x80000abc (0xff698f23) mem 0x8001d817 0x0
core   0: 0x80000ac0 (0xff198603) lb      a2, -15(s3)
core   0: 3 0x80000ac0 (0xff198603) x12 0x00000000 mem 0x8001d80a
core   0: 0x80000ac4 (0xfdf58683) lb      a3, -33(a1)
core   0: 3 0x80000ac4 (0xfdf58683) x13 0x00000000 mem 0x8001b133
core   0: 0x80000ac8 (0xf40dcf03) lbu     t5, -192(s11)
core   0: 3 0x80000ac8 (0xf40dcf03) x30 0x00000000 mem 0x800215c7
core   0: 0x80000acc (0x0065d303) lhu     t1, 6(a1)
core   0: 3 0x80000acc (0x0065d303) x 6 0x00000000 mem 0x8001b15a
core   0: 0x80000ad0 (0x01998123) sb      s9, 2(s3)
core   0: 3 0x80000ad0 (0x01998123) mem 0x8001d81b 0xb2
core   0: 0x80000ad4 (0x6c1dd303) lhu     t1, 1729(s11)
core   0: 3 0x80000ad4 (0x6c1dd303) x 6 0x00000000 mem 0x80021d48
core   0: 0x80000ad8 (0x0365d683) lhu     a3, 54(a1)
core   0: 3 0x80000ad8 (0x0365d683) x13 0x00000000 mem 0x8001b18a
core   0: 0x80000adc (0x96bdc683) lbu     a3, -1685(s11)
core   0: 3 0x80000adc (0x96bdc683) x13 0x00000000 mem 0x80020ff2
core   0: 0x80000ae0 (0x03958183) lb      gp, 57(a1)
core   0: 3 0x80000ae0 (0x03958183) x 3 0x00000000 mem 0x8001b18d
core   0: 0x80000ae4 (0x191d8e23) sb      a7, 412(s11)
core   0: 3 0x80000ae4 (0x191d8e23) mem 0x80021823 0x0
core   0: 0x80000ae8 (0x0049cf03) lbu     t5, 4(s3)
core   0: 3 0x80000ae8 (0x0049cf03) x30 0x00000000 mem 0x8001d81d
core   0: 0x80000aec (0xff979d23) sh      s9, -6(a5)
core   0: 3 0x80000aec (0xff979d23) mem 0x80022940 0x5db2
core   0: 0x80000af0 (0x984d8023) sb      tp, -1664(s11)
core   0: 3 0x80000af0 (0x984d8023) mem 0x80021007 0x0
core   0: 0x80000af4 (0xff978023) sb      s9, -32(a5)
core   0: 3 0x80000af4 (0xff978023) mem 0x80022926 0xb2
core   0: 0x80000af8 (0x529d8723) sb      s1, 1326(s11)
core   0: 3 0x80000af8 (0x529d8723) mem 0x80021bb5 0xad
core   0: 0x80000afc (0xff158003) lb      zero, -15(a1)
core   0: 3 0x80000afc (0xff158003) mem 0x8001b145
core   0: 0x80000b00 (0xffe98f83) lb      t6, -2(s3)
core   0: 3 0x80000b00 (0xffe98f83) x31 0x00000000 mem 0x8001d817
core   0: 0x80000b04 (0xfe199da3) sh      ra, -5(s3)
core   0: 3 0x80000b04 (0xfe199da3) mem 0x8001d814 0xfc24
core   0: 0x80000b08 (0x0007d183) lhu     gp, 0(a5)
core   0: 3 0x80000b08 (0x0007d183) x 3 0x00000000 mem 0x80022946
core   0: 0x80000b0c (0xfc0581a3) sb      zero, -61(a1)
core   0: 3 0x80000b0c (0xfc0581a3) mem 0x8001b117 0x0
core   0: 0x80000b10 (0x01a98623) sb      s10, 12(s3)
core   0: 3 0x80000b10 (0x01a98623) mem 0x8001d825 0x0
core   0: 0x80000b14 (0x7dad8d23) sb      s10, 2010(s11)
core   0: 3 0x80000b14 (0x7dad8d23) mem 0x80021e61 0x0
core   0: 0x80000b18 (0xff29cf83) lbu     t6, -14(s3)
core   0: 3 0x80000b18 (0xff29cf83) x31 0x00000000 mem 0x8001d80b
core   0: 0x80000b1c (0x0325df03) lhu     t5, 50(a1)
core   0: 3 0x80000b1c (0x0325df03) x30 0x00000000 mem 0x8001b186
core   0: 0x80000b20 (0x0097cf83) lbu     t6, 9(a5)
core   0: 3 0x80000b20 (0x0097cf83) x31 0x00000000 mem 0x8002294f
core   0: 0x80000b24 (0x03c79c83) lh      s9, 60(a5)
core   0: 3 0x80000b24 (0x03c79c83) x25 0x00000000 mem 0x80022982
core   0: 0x80000b28 (0xfeb5cc03) lbu     s8, -21(a1)
core   0: 3 0x80000b28 (0xfeb5cc03) x24 0x00000000 mem 0x8001b13f
core   0: 0x80000b2c (0x00015597) auipc   a1, 0x15
core   0: 3 0x80000b2c (0x00015597) x11 0x80015b2c
core   0: 0x80000b30 (0x51958593) addi    a1, a1, 1305
core   0: 3 0x80000b30 (0x51958593) x11 0x80016045
core   0: 0x80000b34 (0x00015817) auipc   a6, 0x15
core   0: 3 0x80000b34 (0x00015817) x16 0x80015b34
core   0: 0x80000b38 (0x8f880813) addi    a6, a6, -1800
core   0: 3 0x80000b38 (0x8f880813) x16 0x8001542c
core   0: 0x80000b3c (0xffd5c383) lbu     t2, -3(a1)
core   0: 3 0x80000b3c (0xffd5c383) x 7 0x00000000 mem 0x80016042
core   0: 0x80000b40 (0x01c58023) sb      t3, 0(a1)
core   0: 3 0x80000b40 (0x01c58023) mem 0x80016045 0x0
core   0: 0x80000b44 (0xffc5c703) lbu     a4, -4(a1)
core   0: 3 0x80000b44 (0xffc5c703) x14 0x00000000 mem 0x80016041
core   0: 0x80000b48 (0x00015f97) auipc   t6, 0x15
core   0: 3 0x80000b48 (0x00015f97) x31 0x80015b48
core   0: 0x80000b4c (0x2b8f8f93) addi    t6, t6, 696
core   0: 3 0x80000b4c (0x2b8f8f93) x31 0x80015e00
core   0: 0x80000b50 (0x00015c17) auipc   s8, 0x15
core   0: 3 0x80000b50 (0x00015c17) x24 0x80015b50
core   0: 0x80000b54 (0xfecc0c13) addi    s8, s8, -20
core   0: 3 0x80000b54 (0xfecc0c13) x24 0x80015b3c
core   0: 0x80000b58 (0xf8981923) sh      s1, -110(a6)
core   0: 3 0x80000b58 (0xf8981923) mem 0x800153be 0xffad
core   0: 0x80000b5c (0xffe58783) lb      a5, -2(a1)
core   0: 3 0x80000b5c (0xffe58783) x15 0x00000000 mem 0x80016043
core   0: 0x80000b60 (0xfeb5ada3) sw      a1, -5(a1)
core   0: 3 0x80000b60 (0xfeb5ada3) mem 0x80016040 0x80016045
core   0: 0x80000b64 (0x0eac1d03) lh      s10, 234(s8)
core   0: 3 0x80000b64 (0x0eac1d03) x26 0x00000000 mem 0x80015c26
core   0: 0x80000b68 (0xffb5cd83) lbu     s11, -5(a1)
core   0: 3 0x80000b68 (0xffb5cd83) x27 0x00000045 mem 0x80016040
core   0: 0x80000b6c (0xff882b03) lw      s6, -8(a6)
core   0: 3 0x80000b6c (0xff882b03) x22 0x00000000 mem 0x80015424
core   0: 0x80000b70 (0xfe5f9823) sh      t0, -16(t6)
core   0: 3 0x80000b70 (0xfe5f9823) mem 0x80015df0 0x0000
core   0: 0x80000b74 (0x009f8a03) lb      s4, 9(t6)
core   0: 3 0x80000b74 (0x009f8a03) x20 0x00000000 mem 0x80015e09
core   0: 0x80000b78 (0x0e6c0ea3) sb      t1, 253(s8)
core   0: 3 0x80000b78 (0x0e6c0ea3) mem 0x80015c39 0x0
core   0: 0x80000b7c (0xff4fdd83) lhu     s11, -12(t6)
core   0: 3 0x80000b7c (0xff4fdd83) x27 0x00000000 mem 0x80015df4
core   0: 0x80000b80 (0x015c0c83) lb      s9, 21(s8)
core   0: 3 0x80000b80 (0x015c0c83) x25 0x00000000 mem 0x80015b51
core   0: 0x80000b84 (0x73d80f23) sb      t4, 1854(a6)
core   0: 3 0x80000b84 (0x73d80f23) mem 0x80015b6a 0x0
core   0: 0x80000b88 (0xfff58383) lb      t2, -1(a1)
core   0: 3 0x80000b88 (0xfff58383) x 7 0x00000000 mem 0x80016044
core   0: 0x80000b8c (0x08bc4b03) lbu     s6, 139(s8)
core   0: 3 0x80000b8c (0x08bc4b03) x22 0x00000000 mem 0x80015bc7
core   0: 0x80000b90 (0xfed5aba3) sw      a3, -9(a1)
core   0: 3 0x80000b90 (0xfed5aba3) mem 0x8001603c 0x00000000
core   0: 0x80000b94 (0xfbfc05a3) sb      t6, -85(s8)
core   0: 3 0x80000b94 (0xfbfc05a3) mem 0x80015ae7 0x0
core   0: 0x80000b98 (0xf9fc0203) lb      tp, -97(s8)
core   0: 3 0x80000b98 (0xf9fc0203) x 4 0x00000000 mem 0x80015adb
core   0: 0x80000b9c (0x2b780b03) lb      s6, 695(a6)
core   0: 3 0x80000b9c (0x2b780b03) x22 0x00000000 mem 0x800156e3
core   0: 0x80000ba0 (0x76084003) lbu     zero, 1888(a6)
core   0: 3 0x80000ba0 (0x76084003) mem 0x80015b8c
core   0: 0x80000ba4 (0xff45ce03) lbu     t3, -12(a1)
core   0: 3 0x80000ba4 (0xff45ce03) x28 0x00000000 mem 0x80016039
core   0: 0x80000ba8 (0xff6f8983) lb      s3, -10(t6)
core   0: 3 0x80000ba8 (0xff6f8983) x19 0x00000000 mem 0x80015df6
core   0: 0x80000bac (0xfeaf8923) sb      a0, -14(t6)
core   0: 3 0x80000bac (0xfeaf8923) mem 0x80015df2 0xe4
core   0: 0x80000bb0 (0x59281303) lh      t1, 1426(a6)
core   0: 3 0x80000bb0 (0x59281303) x 6 0x00000000 mem 0x800159be
core   0: 0x80000bb4 (0xffcfde03) lhu     t3, -4(t6)
core   0: 3 0x80000bb4 (0xffcfde03) x28 0x00000000 mem 0x80015dfc
core   0: 0x80000bb8 (0xff5fc983) lbu     s3, -11(t6)
core   0: 3 0x80000bb8 (0xff5fc983) x19 0x00000000 mem 0x80015df5
core   0: 0x80000bbc (0x00015c97) auipc   s9, 0x15
core   0: 3 0x80000bbc (0x00015c97) x25 0x80015bbc
core   0: 0x80000bc0 (0xcf2c8c93) addi    s9, s9, -782
core   0: 3 0x80000bc0 (0xcf2c8c93) x25 0x800158ae
core   0: 0x80000bc4 (0x00ac8f03) lb      t5, 10(s9)
core   0: 3 0x80000bc4 (0x00ac8f03) x30 0x00000000 mem 0x800158b8
core   0: 0x80000bc8 (0x00acd003) lhu     zero, 10(s9)
core   0: 3 0x80000bc8 (0x00acd003) mem 0x800158b8
core   0: 0x80000bcc (0x00aca583) lw      a1, 10(s9)
core   0: 3 0x80000bcc (0x00aca583) x11 0x00000000 mem 0x800158b8
core   0: 0x80000bd0 (0x000ca523) sw      zero, 10(s9)
core   0: 3 0x80000bd0 (0x000ca523) mem 0x800158b8 0x00000000
core   0: 0x80000bd4 (0x37f66293) ori     t0, a2, 895
core   0: 3 0x80000bd4 (0x37f66293) x 5 0x0000037f
core   0: 0x80000bd8 (0x03fcc003) lbu     zero, 63(s9)
core   0: 3 0x80000bd8 (0x03fcc003) mem 0x800158ed
core   0: 0x80000bdc (0x03dc81a3) sb      t4, 35(s9)
core   0: 3 0x80000bdc (0x03dc81a3) mem 0x800158d1 0x0
core   0: 0x80000be0 (0x01c31913) slli    s2, t1, 28
core   0: 3 0x80000be0 (0x01c31913) x18 0x00000000
core   0: 0x80000be4 (0x023ccc03) lbu     s8, 35(s9)
core   0: 3 0x80000be4 (0x023ccc03) x24 0x00000000 mem 0x800158d1
core   0: 0x80000be8 (0x035c81a3) sb      s5, 35(s9)
core   0: 3 0x80000be8 (0x035c81a3) mem 0x800158d1 0x1
core   0: 0x80000bec (0x01a9d2b3) srl     t0, s3, s10
core   0: 3 0x80000bec (0x01a9d2b3) x 5 0x00000000
core   0: 0x80000bf0 (0x00f11413) slli    s0, sp, 15
core   0: 3 0x80000bf0 (0x00f11413) x 8 0x57320000
core   0: 0x80000bf4 (0xfc6caf03) lw      t5, -58(s9)
core   0: 3 0x80000bf4 (0xfc6caf03) x30 0x00000000 mem 0x80015874
core   0: 0x80000bf8 (0xfd0c9323) sh      a6, -58(s9)
core   0: 3 0x80000bf8 (0xfd0c9323) mem 0x80015874 0x542c
core   0: 0x80000bfc (0xfc6cd803) lhu     a6, -58(s9)
core   0: 3 0x80000bfc (0xfc6cd803) x16 0x0000542c mem 0x80015874
core   0: 0x80000c00 (0xd50230b7) lui     ra, 0xd5023
core   0: 3 0x80000c00 (0xd50230b7) x 1 0xd5023000
core   0: 0x80000c04 (0xfc6c9b03) lh      s6, -58(s9)
core   0: 3 0x80000c04 (0xfc6c9b03) x22 0x0000542c mem 0x80015874
core   0: 0x80000c08 (0x01cca523) sw      t3, 10(s9)
core   0: 3 0x80000c08 (0x01cca523) mem 0x800158b8 0x00000000
core   0: 0x80000c0c (0x001644b3) xor     s1, a2, ra
core   0: 3 0x80000c0c (0x001644b3) x 9 0xd5023000
core   0: 0x80000c10 (0xfebccd83) lbu     s11, -21(s9)
core   0: 3 0x80000c10 (0xfebccd83) x27 0x00000000 mem 0x80015899
core   0: 0x80000c14 (0xfebc8a83) lb      s5, -21(s9)
core   0: 3 0x80000c14 (0xfebc8a83) x21 0x00000000 mem 0x80015899
core   0: 0x80000c18 (0x00015897) auipc   a7, 0x15
core   0: 3 0x80000c18 (0x00015897) x17 0x80015c18
core   0: 0x80000c1c (0x8e588893) addi    a7, a7, -1819
core   0: 3 0x80000c1c (0x8e588893) x17 0x800154fd
core   0: 0x80000c20 (0x03688f23) sb      s6, 62(a7)
core   0: 3 0x80000c20 (0x03688f23) mem 0x8001553b 0x2c
core   0: 0x80000c24 (0xff88a9a3) sw      s8, -13(a7)
core   0: 3 0x80000c24 (0xff88a9a3) mem 0x800154f0 0x00000000
core   0: 0x80000c28 (0x00888783) lb      a5, 8(a7)
core   0: 3 0x80000c28 (0x00888783) x15 0x00000000 mem 0x80015505
core   0: 0x80000c2c (0x015895a3) sh      s5, 11(a7)
core   0: 3 0x80000c2c (0x015895a3) mem 0x80015508 0x0000
core   0: 0x80000c30 (0xfe48c983) lbu     s3, -28(a7)
core   0: 3 0x80000c30 (0xfe48c983) x19 0x00000000 mem 0x800154e1
core   0: 0x80000c34 (0x94916293) ori     t0, sp, -1719
core   0: 3 0x80000c34 (0x94916293) x 5 0xffffff6d
core   0: 0x80000c38 (0x0168cc83) lbu     s9, 22(a7)
core   0: 3 0x80000c38 (0x0168cc83) x25 0x00000000 mem 0x80015513
core   0: 0x80000c3c (0x3af2fa13) andi    s4, t0, 943
core   0: 3 0x80000c3c (0x3af2fa13) x20 0x0000032d
core   0: 0x80000c40 (0x003f5833) srl     a6, t5, gp
core   0: 3 0x80000c40 (0x003f5833) x16 0x00000000
core   0: 0x80000c44 (0x75622793) slti    a5, tp, 1878
core   0: 3 0x80000c44 (0x75622793) x15 0x00000001
core   0: 0x80000c48 (0xfec8c003) lbu     zero, -20(a7)
core   0: 3 0x80000c48 (0xfec8c003) mem 0x800154e9
core   0: 0x80000c4c (0x0000100f) fence.i
core   0: 3 0x80000c4c (0x0000100f)
core   0: 0x80000c50 (0xef76b2b7) lui     t0, 0xef76b
core   0: 3 0x80000c50 (0xef76b2b7) x 5 0xef76b000
core   0: 0x80000c54 (0x009896b3) sll     a3, a7, s1
core   0: 3 0x80000c54 (0x009896b3) x13 0x800154fd
core   0: 0x80000c58 (0xfcf89383) lh      t2, -49(a7)
core   0: 3 0x80000c58 (0xfcf89383) x 7 0x00000000 mem 0x800154cc
core   0: 0x80000c5c (0xfc98c083) lbu     ra, -55(a7)
core   0: 3 0x80000c5c (0xfc98c083) x 1 0x00000000 mem 0x800154c6
core   0: 0x80000c60 (0x5c94a393) slti    t2, s1, 1481
core   0: 3 0x80000c60 (0x5c94a393) x 7 0x00000001
core   0: 0x80000c64 (0x04088303) lb      t1, 64(a7)
core   0: 3 0x80000c64 (0x04088303) x 6 0x00000000 mem 0x8001553d
core   0: 0x80000c68 (0xc106f313) andi    t1, a3, -1008
core   0: 3 0x80000c68 (0xc106f313) x 6 0x80015410
core   0: 0x80000c6c (0xf5a757b7) lui     a5, 0xf5a75
core   0: 3 0x80000c6c (0xf5a757b7) x15 0xf5a75000
core   0: 0x80000c70 (0x00c865b3) or      a1, a6, a2
core   0: 3 0x80000c70 (0x00c865b3) x11 0x00000000
core   0: 0x80000c74 (0x34493413) sltiu   s0, s2, 836
core   0: 3 0x80000c74 (0x34493413) x 8 0x00000001
core   0: 0x80000c78 (0x38fa0193) addi    gp, s4, 911
core   0: 3 0x80000c78 (0x38fa0193) x 3 0x000006bc
core   0: 0x80000c7c (0x02c8c803) lbu     a6, 44(a7)
core   0: 3 0x80000c7c (0x02c8c803) x16 0x00000000 mem 0x80015529
core   0: 0x80000c80 (0xfc88ca83) lbu     s5, -56(a7)
core   0: 3 0x80000c80 (0xfc88ca83) x21 0x00000000 mem 0x800154c5
core   0: 0x80000c84 (0x2e190337) lui     t1, 0x2e190
core   0: 3 0x80000c84 (0x2e190337) x 6 0x2e190000
core   0: 0x80000c88 (0x01374633) xor     a2, a4, s3
core   0: 3 0x80000c88 (0x01374633) x12 0x00000000
core   0: 0x80000c8c (0x57f7c593) xori    a1, a5, 1407
core   0: 3 0x80000c8c (0x57f7c593) x11 0xf5a7557f
core   0: 0x80000c90 (0x0192fd33) and     s10, t0, s9
core   0: 3 0x80000c90 (0x0192fd33) x26 0x00000000
core   0: 0x80000c94 (0x03188283) lb      t0, 49(a7)
core   0: 3 0x80000c94 (0x03188283) x 5 0x00000000 mem 0x8001552e
core   0: 0x80000c98 (0x025899a3) sh      t0, 51(a7)
core   0: 3 0x80000c98 (0x025899a3) mem 0x80015530 0x0000
core   0: 0x80000c9c (0x01629f93) slli    t6, t0, 22
core   0: 3 0x80000c9c (0x01629f93) x31 0x00000000
core   0: 0x80000ca0 (0x41008ab3) sub     s5, ra, a6
core   0: 3 0x80000ca0 (0x41008ab3) x21 0x00000000
core   0: 0x80000ca4 (0x0278a903) lw      s2, 39(a7)
core   0: 3 0x80000ca4 (0x0278a903) x18 0x00000000 mem 0x80015524
core   0: 0x80000ca8 (0x401dd913) srai    s2, s11, 1
core   0: 3 0x80000ca8 (0x401dd913) x18 0x00000000
core   0: 0x80000cac (0x36c18997) auipc   s3, 0x36c18
core   0: 3 0x80000cac (0x36c18997) x19 0xb6c18cac
core   0: 0x80000cb0 (0x03a88d83) lb      s11, 58(a7)
core   0: 3 0x80000cb0 (0x03a88d83) x27 0x00000000 mem 0x80015537
core   0: 0x80000cb4 (0xfd488403) lb      s0, -44(a7)
core   0: 3 0x80000cb4 (0xfd488403) x 8 0x00000000 mem 0x800154d1
core   0: 0x80000cb8 (0x00014f97) auipc   t6, 0x14
core   0: 3 0x80000cb8 (0x00014f97) x31 0x80014cb8
core   0: 0x80000cbc (0x3e7f8f93) addi    t6, t6, 999
core   0: 3 0x80000cbc (0x3e7f8f93) x31 0x8001509f
core   0: 0x80000cc0 (0xffaf8f23) sb      s10, -2(t6)
core   0: 3 0x80000cc0 (0xffaf8f23) mem 0x8001509d 0x0
core   0: 0x80000cc4 (0x403a0633) sub     a2, s4, gp
core   0: 3 0x80000cc4 (0x403a0633) x12 0xfffffc71
core   0: 0x80000cc8 (0x0011bdb3) sltu    s11, gp, ra
core   0: 3 0x80000cc8 (0x0011bdb3) x27 0x00000000
core   0: 0x80000ccc (0x6dd54313) xori    t1, a0, 1757
core   0: 3 0x80000ccc (0x6dd54313) x 6 0x8002ea39
core   0: 0x80000cd0 (0xffefc783) lbu     a5, -2(t6)
core   0: 3 0x80000cd0 (0xffefc783) x15 0x00000000 mem 0x8001509d
core   0: 0x80000cd4 (0x01d6a937) lui     s2, 0x1d6a
core   0: 3 0x80000cd4 (0x01d6a937) x18 0x01d6a000
core   0: 0x80000cd8 (0xffdfa8a3) sw      t4, -15(t6)
core   0: 3 0x80000cd8 (0xffdfa8a3) mem 0x80015090 0x00000000
core   0: 0x80000cdc (0xff7f88a3) sb      s7, -15(t6)
core   0: 3 0x80000cdc (0xff7f88a3) mem 0x80015090 0xb3
core   0: 0x80000ce0 (0x003c0f33) add     t5, s8, gp
core   0: 3 0x80000ce0 (0x003c0f33) x30 0x000006bc
core   0: 0x80000ce4 (0x00ef8803) lb      a6, 14(t6)
core   0: 3 0x80000ce4 (0x00ef8803) x16 0x00000000 mem 0x800150ad
core   0: 0x80000ce8 (0x010f8983) lb      s3, 16(t6)
core   0: 3 0x80000ce8 (0x010f8983) x19 0x00000000 mem 0x800150af
core   0: 0x80000cec (0x646ffc93) andi    s9, t6, 1606
core   0: 3 0x80000cec (0x646ffc93) x25 0x00000006
core   0: 0x80000cf0 (0x010fc803) lbu     a6, 16(t6)
core   0: 3 0x80000cf0 (0x010fc803) x16 0x00000000 mem 0x800150af
core   0: 0x80000cf4 (0x010fc003) lbu     zero, 16(t6)
core   0: 3 0x80000cf4 (0x010fc003) mem 0x800150af
core   0: 0x80000cf8 (0x8473ec93) ori     s9, t2, -1977
core   0: 3 0x80000cf8 (0x8473ec93) x25 0xfffff847
core   0: 0x80000cfc (0x001f8823) sb      ra, 16(t6)
core   0: 3 0x80000cfc (0x001f8823) mem 0x800150af 0x0
core   0: 0x80000d00 (0x00af8523) sb      a0, 10(t6)
core   0: 3 0x80000d00 (0x00af8523) mem 0x800150a9 0xe4
core   0: 0x80000d04 (0xff5fdb03) lhu     s6, -11(t6)
core   0: 3 0x80000d04 (0xff5fdb03) x22 0x00000000 mem 0x80015094
core   0: 0x80000d08 (0x00015597) auipc   a1, 0x15
core   0: 3 0x80000d08 (0x00015597) x11 0x80015d08
core   0: 0x80000d0c (0x72d58593) addi    a1, a1, 1837
core   0: 3 0x80000d0c (0x72d58593) x11 0x80016435
core   0: 0x80000d10 (0x01c14ab3) xor     s5, sp, t3
core   0: 3 0x80000d10 (0x01c14ab3) x21 0x8002ae64
core   0: 0x80000d14 (0xfdf5a403) lw      s0, -33(a1)
core   0: 3 0x80000d14 (0xfdf5a403) x 8 0x00000000 mem 0x80016414
core   0: 0x80000d18 (0xfed59fa3) sh      a3, -1(a1)
core   0: 3 0x80000d18 (0xfed59fa3) mem 0x80016434 0x54fd
core   0: 0x80000d1c (0x017ddc33) srl     s8, s11, s7
core   0: 3 0x80000d1c (0x017ddc33) x24 0x00000000
core   0: 0x80000d20 (0x41788b33) sub     s6, a7, s7
core   0: 3 0x80000d20 (0x41788b33) x22 0xae12aa4a
core   0: 0x80000d24 (0x01b5d703) lhu     a4, 27(a1)
core   0: 3 0x80000d24 (0x01b5d703) x14 0x00000000 mem 0x80016450
core   0: 0x80000d28 (0xfc158323) sb      ra, -58(a1)
core   0: 3 0x80000d28 (0xfc158323) mem 0x800163fb 0x0
core   0: 0x80000d2c (0x8c4fa993) slti    s3, t6, -1852
core   0: 3 0x80000d2c (0x8c4fa993) x19 0x00000001
core   0: 0x80000d30 (0x00b59da3) sh      a1, 27(a1)
core   0: 3 0x80000d30 (0x00b59da3) mem 0x80016450 0x6435
core   0: 0x80000d34 (0x01d26733) or      a4, tp, t4
core   0: 3 0x80000d34 (0x01d26733) x14 0x00000000
core   0: 0x80000d38 (0xfe058183) lb      gp, -32(a1)
core   0: 3 0x80000d38 (0xfe058183) x 3 0x00000000 mem 0x80016415
core   0: 0x80000d3c (0xfd15cc83) lbu     s9, -47(a1)
core   0: 3 0x80000d3c (0xfd15cc83) x25 0x00000000 mem 0x80016406
core   0: 0x80000d40 (0xcf073913) sltiu   s2, a4, -784
core   0: 3 0x80000d40 (0xcf073913) x18 0x00000001
core   0: 0x80000d44 (0x41f2db13) srai    s6, t0, 31
core   0: 3 0x80000d44 (0x41f2db13) x22 0x00000000
core   0: 0x80000d48 (0x00058003) lb      zero, 0(a1)
core   0: 3 0x80000d48 (0x00058003) mem 0x80016435
core   0: 0x80000d4c (0x00000013) nop
core   0: 3 0x80000d4c (0x00000013)
core   0: 0x80000d50 (0x39f86293) ori     t0, a6, 927
core   0: 3 0x80000d50 (0x39f86293) x 5 0x0000039f
core   0: 0x80000d54 (0xfd458ea3) sb      s4, -35(a1)
core   0: 3 0x80000d54 (0xfd458ea3) mem 0x80016412 0x2d
core   0: 0x80000d58 (0x02c58123) sb      a2, 34(a1)
core   0: 3 0x80000d58 (0x02c58123) mem 0x80016457 0x71
core   0: 0x80000d5c (0xffd58403) lb      s0, -3(a1)
core   0: 3 0x80000d5c (0xffd58403) x 8 0x00000000 mem 0x80016432
core   0: 0x80000d60 (0x010593a3) sh      a6, 7(a1)
core   0: 3 0x80000d60 (0x010593a3) mem 0x8001643c 0x0000
core   0: 0x80000d64 (0xcf446393) ori     t2, s0, -780
core   0: 3 0x80000d64 (0xcf446393) x 7 0xfffffcf4
core   0: 0x80000d68 (0x01a727b3) slt     a5, a4, s10
core   0: 3 0x80000d68 (0x01a727b3) x15 0x00000000
core   0: 0x80000d6c (0x0335d403) lhu     s0, 51(a1)
core   0: 3 0x80000d6c (0x0335d403) x 8 0x00000000 mem 0x80016468
core   0: 0x80000d70 (0xfd8588a3) sb      s8, -47(a1)
core   0: 3 0x80000d70 (0xfd8588a3) mem 0x80016406 0x0
core   0: 0x80000d74 (0xffd593a3) sh      t4, -25(a1)
core   0: 3 0x80000d74 (0xffd593a3) mem 0x8001641c 0x0000
core   0: 0x80000d78 (0x00c68933) add     s2, a3, a2
core   0: 3 0x80000d78 (0x00c68933) x18 0x8001516e
core   0: 0x80000d7c (0x0065d793) srli    a5, a1, 6
core   0: 3 0x80000d7c (0x0065d793) x15 0x02000590
core   0: 0x80000d80 (0x0045c183) lbu     gp, 4(a1)
core   0: 3 0x80000d80 (0x0045c183) x 3 0x00000000 mem 0x80016439
core   0: 0x80000d84 (0x0075c183) lbu     gp, 7(a1)
core   0: 3 0x80000d84 (0x0075c183) x 3 0x00000000 mem 0x8001643c
core   0: 0x80000d88 (0x016584a3) sb      s6, 9(a1)
core   0: 3 0x80000d88 (0x016584a3) mem 0x8001643e 0x0
core   0: 0x80000d8c (0x8467ca17) auipc   s4, 0x8467c
core   0: 3 0x80000d8c (0x8467ca17) x20 0x0467cd8c
core   0: 0x80000d90 (0x03958623) sb      s9, 44(a1)
core   0: 3 0x80000d90 (0x03958623) mem 0x80016461 0x0
core   0: 0x80000d94 (0x00c58483) lb      s1, 12(a1)
core   0: 3 0x80000d94 (0x00c58483) x 9 0x00000000 mem 0x80016441
core   0: 0x80000d98 (0x6f917393) andi    t2, sp, 1785
core   0: 3 0x80000d98 (0x6f917393) x 7 0x00000660
core   0: 0x80000d9c (0x00458c83) lb      s9, 4(a1)
core   0: 3 0x80000d9c (0x00458c83) x25 0x00000000 mem 0x80016439
core   0: 0x80000da0 (0x01613b33) sltu    s6, sp, s6
core   0: 3 0x80000da0 (0x01613b33) x22 0x00000000
core   0: 0x80000da4 (0xfe858623) sb      s0, -20(a1)
core   0: 3 0x80000da4 (0xfe858623) mem 0x80016421 0x0
core   0: 0x80000da8 (0x017fa7b3) slt     a5, t6, s7
core   0: 3 0x80000da8 (0x017fa7b3) x15 0x00000001
core   0: 0x80000dac (0x013059b3) srl     s3, zero, s3
core   0: 3 0x80000dac (0x013059b3) x19 0x00000000
core   0: 0x80000db0 (0xfd75c703) lbu     a4, -41(a1)
core   0: 3 0x80000db0 (0xfd75c703) x14 0x00000000 mem 0x8001640c
core   0: 0x80000db4 (0x01d408b3) add     a7, s0, t4
core   0: 3 0x80000db4 (0x01d408b3) x17 0x00000000
core   0: 0x80000db8 (0x01b35393) srli    t2, t1, 27
core   0: 3 0x80000db8 (0x01b35393) x 7 0x00000010
core   0: 0x80000dbc (0x003eafb3) slt     t6, t4, gp
core   0: 3 0x80000dbc (0x003eafb3) x31 0x00000000
core   0: 0x80000dc0 (0xfd75a283) lw      t0, -41(a1)
core   0: 3 0x80000dc0 (0xfd75a283) x 5 0x00000000 mem 0x8001640c
core   0: 0x80000dc4 (0xfc758023) sb      t2, -64(a1)
core   0: 3 0x80000dc4 (0xfc758023) mem 0x800163f5 0x10
core   0: 0x80000dc8 (0x00e25d37) lui     s10, 0xe25
core   0: 3 0x80000dc8 (0x00e25d37) x26 0x00e25000
core   0: 0x80000dcc (0x00b22333) slt     t1, tp, a1
core   0: 3 0x80000dcc (0x00b22333) x 6 0x00000000
core   0: 0x80000dd0 (0x01485c33) srl     s8, a6, s4
core   0: 3 0x80000dd0 (0x01485c33) x24 0x00000000
core   0: 0x80000dd4 (0xfe45c203) lbu     tp, -28(a1)
core   0: 3 0x80000dd4 (0xfe45c203) x 4 0x00000000 mem 0x80016419
core   0: 0x80000dd8 (0x00015e97) auipc   t4, 0x15
core   0: 3 0x80000dd8 (0x00015e97) x29 0x80015dd8
core   0: 0x80000ddc (0x162e8e93) addi    t4, t4, 354
core   0: 3 0x80000ddc (0x162e8e93) x29 0x80015f3a
core   0: 0x80000de0 (0xfefea923) sw      a5, -14(t4)
core   0: 3 0x80000de0 (0xfefea923) mem 0x80015f2c 0x00000001
core   0: 0x80000de4 (0x00fee0b3) or      ra, t4, a5
core   0: 3 0x80000de4 (0x00fee0b3) x 1 0x80015f3b
core   0: 0x80000de8 (0xc9a8f3b7) lui     t2, 0xc9a8f
core   0: 3 0x80000de8 (0xc9a8f3b7) x 7 0xc9a8f000
core   0: 0x80000dec (0x00000013) nop
core   0: 3 0x80000dec (0x00000013)
core   0: 0x80000df0 (0x0ff0000f) fence   iorw,iorw
core   0: 3 0x80000df0 (0x0ff0000f)
core   0: 0x80000df4 (0x0000100f) fence.i
core   0: 3 0x80000df4 (0x0000100f)
core   0: 0x80000df8 (0xff7e8383) lb      t2, -9(t4)
core   0: 3 0x80000df8 (0xff7e8383) x 7 0x00000000 mem 0x80015f31
core   0: 0x80000dfc (0x00325c13) srli    s8, tp, 3
core   0: 3 0x80000dfc (0x00325c13) x24 0x00000000
core   0: 0x80000e00 (0x359cc013) xori    zero, s9, 857
core   0: 3 0x80000e00 (0x359cc013)
core   0: 0x80000e04 (0xf58cc193) xori    gp, s9, -168
core   0: 3 0x80000e04 (0xf58cc193) x 3 0xffffff58
core   0: 0x80000e08 (0x009e8903) lb      s2, 9(t4)
core   0: 3 0x80000e08 (0x009e8903) x18 0x00000000 mem 0x80015f43
core   0: 0x80000e0c (0x4034dc13) srai    s8, s1, 3
core   0: 3 0x80000e0c (0x4034dc13) x24 0x00000000
core   0: 0x80000e10 (0x015d8833) add     a6, s11, s5
core   0: 3 0x80000e10 (0x015d8833) x16 0x8002ae64
core   0: 0x80000e14 (0xff5ec383) lbu     t2, -11(t4)
core   0: 3 0x80000e14 (0xff5ec383) x 7 0x00000000 mem 0x80015f2f
core   0: 0x80000e18 (0x00a19693) slli    a3, gp, 10
core   0: 3 0x80000e18 (0x00a19693) x13 0xfffd6000
core   0: 0x80000e1c (0xff0ed903) lhu     s2, -16(t4)
core   0: 3 0x80000e1c (0xff0ed903) x18 0x00000000 mem 0x80015f2a
core   0: 0x80000e20 (0x30a0cf37) lui     t5, 0x30a0c
core   0: 3 0x80000e20 (0x30a0cf37) x30 0x30a0c000
core   0: 0x80000e24 (0xffcec603) lbu     a2, -4(t4)
core   0: 3 0x80000e24 (0xffcec603) x12 0x00000000 mem 0x80015f36
core   0: 0x80000e28 (0x414b06b3) sub     a3, s6, s4
core   0: 3 0x80000e28 (0x414b06b3) x13 0xfb983274
core   0: 0x80000e2c (0xffbecf83) lbu     t6, -5(t4)
core   0: 3 0x80000e2c (0xffbecf83) x31 0x00000000 mem 0x80015f35
core   0: 0x80000e30 (0x0ff0000f) fence   iorw,iorw
core   0: 3 0x80000e30 (0x0ff0000f)
core   0: 0x80000e34 (0xff6e9303) lh      t1, -10(t4)
core   0: 3 0x80000e34 (0xff6e9303) x 6 0x00000000 mem 0x80015f30
core   0: 0x80000e38 (0x010e8423) sb      a6, 8(t4)
core   0: 3 0x80000e38 (0x010e8423) mem 0x80015f42 0x64
core   0: 0x80000e3c (0xff8edf83) lhu     t6, -8(t4)
core   0: 3 0x80000e3c (0xff8edf83) x31 0x00000000 mem 0x80015f32
core   0: 0x80000e40 (0x227601b7) lui     gp, 0x22760
core   0: 3 0x80000e40 (0x227601b7) x 3 0x22760000
core   0: 0x80000e44 (0x01b607b3) add     a5, a2, s11
core   0: 3 0x80000e44 (0x01b607b3) x15 0x00000000
core   0: 0x80000e48 (0x01be84a3) sb      s11, 9(t4)
core   0: 3 0x80000e48 (0x01be84a3) mem 0x80015f43 0x0
core   0: 0x80000e4c (0x11172e13) slti    t3, a4, 273
core   0: 3 0x80000e4c (0x11172e13) x28 0x00000001
core   0: 0x80000e50 (0xff2e8b23) sb      s2, -10(t4)
core   0: 3 0x80000e50 (0xff2e8b23) mem 0x80015f30 0x0
core   0: 0x80000e54 (0x011bdd13) srli    s10, s7, 17
core   0: 3 0x80000e54 (0x011bdd13) x26 0x000068f7
core   0: 0x80000e58 (0x01dc9613) slli    a2, s9, 29
core   0: 3 0x80000e58 (0x01dc9613) x12 0x00000000
core   0: 0x80000e5c (0x009e8d83) lb      s11, 9(t4)
core   0: 3 0x80000e5c (0x009e8d83) x27 0x00000000 mem 0x80015f43
core   0: 0x80000e60 (0xffae9e03) lh      t3, -6(t4)
core   0: 3 0x80000e60 (0xffae9e03) x28 0x00000000 mem 0x80015f34
core   0: 0x80000e64 (0x41530933) sub     s2, t1, s5
core   0: 3 0x80000e64 (0x41530933) x18 0x7ffd519c
core   0: 0x80000e68 (0x009e9523) sh      s1, 10(t4)
core   0: 3 0x80000e68 (0x009e9523) mem 0x80015f44 0x0000
core   0: 0x80000e6c (0x019ea123) sw      s9, 2(t4)
core   0: 3 0x80000e6c (0x019ea123) mem 0x80015f3c 0x00000000
core   0: 0x80000e70 (0x01f05013) srli    zero, zero, 31
core   0: 3 0x80000e70 (0x01f05013)
core   0: 0x80000e74 (0x004ed703) lhu     a4, 4(t4)
core   0: 3 0x80000e74 (0x004ed703) x14 0x00000000 mem 0x80015f3e
core   0: 0x80000e78 (0xa7b8ca93) xori    s5, a7, -1413
core   0: 3 0x80000e78 (0xa7b8ca93) x21 0xfffffa7b
core   0: 0x80000e7c (0x00ce9683) lh      a3, 12(t4)
core   0: 3 0x80000e7c (0x00ce9683) x13 0x00000000 mem 0x80015f46
core   0: 0x80000e80 (0x018e87a3) sb      s8, 15(t4)
core   0: 3 0x80000e80 (0x018e87a3) mem 0x80015f49 0x0
core   0: 0x80000e84 (0x000ecd03) lbu     s10, 0(t4)
core   0: 3 0x80000e84 (0x000ecd03) x26 0x00000000 mem 0x80015f3a
core   0: 0x80000e88 (0x00dec383) lbu     t2, 13(t4)
core   0: 3 0x80000e88 (0x00dec383) x 7 0x00000000 mem 0x80015f47
core   0: 0x80000e8c (0xff5e8da3) sb      s5, -5(t4)
core   0: 3 0x80000e8c (0xff5e8da3) mem 0x80015f35 0x7b
core   0: 0x80000e90 (0xff2ece03) lbu     t3, -14(t4)
core   0: 3 0x80000e90 (0xff2ece03) x28 0x00000001 mem 0x80015f2c
core   0: 0x80000e94 (0x01b4f6b3) and     a3, s1, s11
core   0: 3 0x80000e94 (0x01b4f6b3) x13 0x00000000
core   0: 0x80000e98 (0x001ea323) sw      ra, 6(t4)
core   0: 3 0x80000e98 (0x001ea323) mem 0x80015f40 0x80015f3b
core   0: 0x80000e9c (0xff0edf03) lhu     t5, -16(t4)
core   0: 3 0x80000e9c (0xff0edf03) x30 0x00000000 mem 0x80015f2a
core   0: 0x80000ea0 (0x40d1d6b3) sra     a3, gp, a3
core   0: 3 0x80000ea0 (0x40d1d6b3) x13 0x22760000
core   0: 0x80000ea4 (0x004e83a3) sb      tp, 7(t4)
core   0: 3 0x80000ea4 (0x004e83a3) mem 0x80015f41 0x0
core   0: 0x80000ea8 (0xfffec703) lbu     a4, -1(t4)
core   0: 3 0x80000ea8 (0xfffec703) x14 0x00000000 mem 0x80015f39
core   0: 0x80000eac (0x00ac0fb3) add     t6, s8, a0
core   0: 3 0x80000eac (0x00ac0fb3) x31 0x8002ece4
core   0: 0x80000eb0 (0xffce9a83) lh      s5, -4(t4)
core   0: 3 0x80000eb0 (0xffce9a83) x21 0x00000000 mem 0x80015f36
core   0: 0x80000eb4 (0x01fc5a93) srli    s5, s8, 31
core   0: 3 0x80000eb4 (0x01fc5a93) x21 0x00000000
core   0: 0x80000eb8 (0xfe4e9c23) sh      tp, -8(t4)
core   0: 3 0x80000eb8 (0xfe4e9c23) mem 0x80015f32 0x0000
core   0: 0x80000ebc (0xfe7ead23) sw      t2, -6(t4)
core   0: 3 0x80000ebc (0xfe7ead23) mem 0x80015f34 0x00000000
core   0: 0x80000ec0 (0x00024d97) auipc   s11, 0x24
core   0: 3 0x80000ec0 (0x00024d97) x27 0x80024ec0
core   0: 0x80000ec4 (0x20bd8d93) addi    s11, s11, 523
core   0: 3 0x80000ec4 (0x20bd8d93) x27 0x800250cb
core   0: 0x80000ec8 (0x00015417) auipc   s0, 0x15
core   0: 3 0x80000ec8 (0x00015417) x 8 0x80015ec8
core   0: 0x80000ecc (0x94b40413) addi    s0, s0, -1717
core   0: 3 0x80000ecc (0x94b40413) x 8 0x80015813
core   0: 0x80000ed0 (0xff2d89a3) sb      s2, -13(s11)
core   0: 3 0x80000ed0 (0xff2d89a3) mem 0x800250be 0x9c
core   0: 0x80000ed4 (0x74f40923) sb      a5, 1874(s0)
core   0: 3 0x80000ed4 (0x74f40923) mem 0x80015f65 0x0
core   0: 0x80000ed8 (0x00bd8083) lb      ra, 11(s11)
core   0: 3 0x80000ed8 (0x00bd8083) x 1 0x00000000 mem 0x800250d6
core   0: 0x80000edc (0x0f040c83) lb      s9, 240(s0)
core   0: 3 0x80000edc (0x0f040c83) x25 0x00000000 mem 0x80015903
core   0: 0x80000ee0 (0x43140623) sb      a7, 1068(s0)
core   0: 3 0x80000ee0 (0x43140623) mem 0x80015c3f 0x0
core   0: 0x80000ee4 (0x00bdd083) lhu     ra, 11(s11)
core   0: 3 0x80000ee4 (0x00bdd083) x 1 0x00000000 mem 0x800250d6
core   0: 0x80000ee8 (0xff3dca03) lbu     s4, -13(s11)
core   0: 3 0x80000ee8 (0xff3dca03) x20 0x0000009c mem 0x800250be
core   0: 0x80000eec (0x6f240683) lb      a3, 1778(s0)
core   0: 3 0x80000eec (0x6f240683) x13 0x00000000 mem 0x80015f05
core   0: 0x80000ef0 (0x004dce03) lbu     t3, 4(s11)
core   0: 3 0x80000ef0 (0x004dce03) x28 0x00000000 mem 0x800250cf
core   0: 0x80000ef4 (0xff9d9f83) lh      t6, -7(s11)
core   0: 3 0x80000ef4 (0xff9d9f83) x31 0x00000000 mem 0x800250c4
core   0: 0x80000ef8 (0x4f740c03) lb      s8, 1271(s0)
core   0: 3 0x80000ef8 (0x4f740c03) x24 0x00000000 mem 0x80015d0a
core   0: 0x80000efc (0xfe9d8da3) sb      s1, -5(s11)
core   0: 3 0x80000efc (0xfe9d8da3) mem 0x800250c6 0x0
core   0: 0x80000f00 (0xff1dd703) lhu     a4, -15(s11)
core   0: 3 0x80000f00 (0xff1dd703) x14 0x00000000 mem 0x800250bc
core   0: 0x80000f04 (0x493415a3) sh      s3, 1163(s0)
core   0: 3 0x80000f04 (0x493415a3) mem 0x80015c9e 0x0000
core   0: 0x80000f08 (0x00014e17) auipc   t3, 0x14
core   0: 3 0x80000f08 (0x00014e17) x28 0x80014f08
core   0: 0x80000f0c (0x32ee0e13) addi    t3, t3, 814
core   0: 3 0x80000f0c (0x32ee0e13) x28 0x80015236
core   0: 0x80000f10 (0xfd8e0283) lb      t0, -40(t3)
core   0: 3 0x80000f10 (0xfd8e0283) x 5 0x00000000 mem 0x8001520e
core   0: 0x80000f14 (0xfd6e0c23) sb      s6, -40(t3)
core   0: 3 0x80000f14 (0xfd6e0c23) mem 0x8001520e 0x0
core   0: 0x80000f18 (0xfd8e1c23) sh      s8, -40(t3)
core   0: 3 0x80000f18 (0xfd8e1c23) mem 0x8001520e 0x0000
core   0: 0x80000f1c (0x03be4c03) lbu     s8, 59(t3)
core   0: 3 0x80000f1c (0x03be4c03) x24 0x00000000 mem 0x80015271
core   0: 0x80000f20 (0x01d95013) srli    zero, s2, 29
core   0: 3 0x80000f20 (0x01d95013)
core   0: 0x80000f24 (0x47b27213) andi    tp, tp, 1147
core   0: 3 0x80000f24 (0x47b27213) x 4 0x00000000
core   0: 0x80000f28 (0x03de0da3) sb      t4, 59(t3)
core   0: 3 0x80000f28 (0x03de0da3) mem 0x80015271 0x3a
core   0: 0x80000f2c (0x03be0903) lb      s2, 59(t3)
core   0: 3 0x80000f2c (0x03be0903) x18 0x0000003a mem 0x80015271
core   0: 0x80000f30 (0x002dba33) sltu    s4, s11, sp
core   0: 3 0x80000f30 (0x002dba33) x20 0x00000001
core   0: 0x80000f34 (0x0000100f) fence.i
core   0: 3 0x80000f34 (0x0000100f)
core   0: 0x80000f38 (0x00be0903) lb      s2, 11(t3)
core   0: 3 0x80000f38 (0x00be0903) x18 0x00000000 mem 0x80015241
core   0: 0x80000f3c (0x0ff0000f) fence   iorw,iorw
core   0: 3 0x80000f3c (0x0ff0000f)
core   0: 0x80000f40 (0xfd4e0da3) sb      s4, -37(t3)
core   0: 3 0x80000f40 (0xfd4e0da3) mem 0x80015211 0x1
core   0: 0x80000f44 (0xfc7e0da3) sb      t2, -37(t3)
core   0: 3 0x80000f44 (0xfc7e0da3) mem 0x80015211 0x0
core   0: 0x80000f48 (0xfcee0da3) sb      a4, -37(t3)
core   0: 3 0x80000f48 (0xfcee0da3) mem 0x80015211 0x0
core   0: 0x80000f4c (0xfdbe4183) lbu     gp, -37(t3)
core   0: 3 0x80000f4c (0xfdbe4183) x 3 0x00000000 mem 0x80015211
core   0: 0x80000f50 (0xfc8e0da3) sb      s0, -37(t3)
core   0: 3 0x80000f50 (0xfc8e0da3) mem 0x80015211 0x13
core   0: 0x80000f54 (0xfd3e0da3) sb      s3, -37(t3)
core   0: 3 0x80000f54 (0xfd3e0da3) mem 0x80015211 0x0
core   0: 0x80000f58 (0x040e0083) lb      ra, 64(t3)
core   0: 3 0x80000f58 (0x040e0083) x 1 0x00000000 mem 0x80015276
core   0: 0x80000f5c (0x00015a97) auipc   s5, 0x15
core   0: 3 0x80000f5c (0x00015a97) x21 0x80015f5c
core   0: 0x80000f60 (0xb66a8a93) addi    s5, s5, -1178
core   0: 3 0x80000f60 (0xb66a8a93) x21 0x80015ac2
core   0: 0x80000f64 (0xf77a8303) lb      t1, -137(s5)
core   0: 3 0x80000f64 (0xf77a8303) x 6 0x00000000 mem 0x80015a39
core   0: 0x80000f68 (0x0efaab23) sw      a5, 246(s5)
core   0: 3 0x80000f68 (0x0efaab23) mem 0x80015bb8 0x00000000
core   0: 0x80000f6c (0xf33a86a3) sb      s3, -211(s5)
core   0: 3 0x80000f6c (0xf33a86a3) mem 0x800159ef 0x0
core   0: 0x80000f70 (0xf9ea83a3) sb      t5, -121(s5)
core   0: 3 0x80000f70 (0xf9ea83a3) mem 0x80015a49 0x0
core   0: 0x80000f74 (0xf87a8e03) lb      t3, -121(s5)
core   0: 3 0x80000f74 (0xf87a8e03) x28 0x00000000 mem 0x80015a49
core   0: 0x80000f78 (0x010c4333) xor     t1, s8, a6
core   0: 3 0x80000f78 (0x010c4333) x 6 0x8002ae64
core   0: 0x80000f7c (0x00f173b3) and     t2, sp, a5
core   0: 3 0x80000f7c (0x00f173b3) x 7 0x00000000
core   0: 0x80000f80 (0x7078cd93) xori    s11, a7, 1799
core   0: 3 0x80000f80 (0x7078cd93) x27 0x00000707
core   0: 0x80000f84 (0xf91a83a3) sb      a7, -121(s5)
core   0: 3 0x80000f84 (0xf91a83a3) mem 0x80015a49 0x0
core   0: 0x80000f88 (0x0ffac283) lbu     t0, 255(s5)
core   0: 3 0x80000f88 (0x0ffac283) x 5 0x00000000 mem 0x80015bc1
core   0: 0x80000f8c (0xf11aad23) sw      a7, -230(s5)
core   0: 3 0x80000f8c (0xf11aad23) mem 0x800159dc 0x00000000
core   0: 0x80000f90 (0x4027df93) srai    t6, a5, 2
core   0: 3 0x80000f90 (0x4027df93) x31 0x00000000
core   0: 0x80000f94 (0x00000013) nop
core   0: 3 0x80000f94 (0x00000013)
core   0: 0x80000f98 (0xf1fa9d23) sh      t6, -230(s5)
core   0: 3 0x80000f98 (0xf1fa9d23) mem 0x800159dc 0x0000
core   0: 0x80000f9c (0xf1aac203) lbu     tp, -230(s5)
core   0: 3 0x80000f9c (0xf1aac203) x 4 0x00000000 mem 0x800159dc
core   0: 0x80000fa0 (0xf77a8c03) lb      s8, -137(s5)
core   0: 3 0x80000fa0 (0xf77a8c03) x24 0x00000000 mem 0x80015a39
core   0: 0x80000fa4 (0xf9fa8c83) lb      s9, -97(s5)
core   0: 3 0x80000fa4 (0xf9fa8c83) x25 0x00000000 mem 0x80015a61
core   0: 0x80000fa8 (0x00015e17) auipc   t3, 0x15
core   0: 3 0x80000fa8 (0x00015e17) x28 0x80015fa8
core   0: 0x80000fac (0x9c1e0e13) addi    t3, t3, -1599
core   0: 3 0x80000fac (0x9c1e0e13) x28 0x80015969
core   0: 0x80000fb0 (0x53d72493) slti    s1, a4, 1341
core   0: 3 0x80000fb0 (0x53d72493) x 9 0x00000001
core   0: 0x80000fb4 (0x7eae7e93) andi    t4, t3, 2026
core   0: 3 0x80000fb4 (0x7eae7e93) x29 0x00000168
core   0: 0x80000fb8 (0x9d724317) auipc   t1, 0x9d724
core   0: 3 0x80000fb8 (0x9d724317) x 6 0x1d724fb8
core   0: 0x80000fbc (0x0000100f) fence.i
core   0: 3 0x80000fbc (0x0000100f)
core   0: 0x80000fc0 (0x112e0023) sb      s2, 256(t3)
core   0: 3 0x80000fc0 (0x112e0023) mem 0x80015a69 0x0
core   0: 0x80000fc4 (0x0103ba33) sltu    s4, t2, a6
core   0: 3 0x80000fc4 (0x0103ba33) x20 0x00000001
core   0: 0x80000fc8 (0x301e1483) lh      s1, 769(t3)
core   0: 3 0x80000fc8 (0x301e1483) x 9 0x00000000 mem 0x80015c6a
core   0: 0x80000fcc (0x000ed5b3) srl     a1, t4, zero
core   0: 3 0x80000fcc (0x000ed5b3) x11 0x00000168
core   0: 0x80000fd0 (0x8dae00a3) sb      s10, -1855(t3)
core   0: 3 0x80000fd0 (0x8dae00a3) mem 0x8001522a 0x0
core   0: 0x80000fd4 (0x5052ea93) ori     s5, t0, 1285
core   0: 3 0x80000fd4 (0x5052ea93) x21 0x00000505
core   0: 0x80000fd8 (0x0089a033) slt     zero, s3, s0
core   0: 3 0x80000fd8 (0x0089a033)
core   0: 0x80000fdc (0x94e7f193) andi    gp, a5, -1714
core   0: 3 0x80000fdc (0x94e7f193) x 3 0x00000000
core   0: 0x80000fe0 (0x117b4393) xori    t2, s6, 279
core   0: 3 0x80000fe0 (0x117b4393) x 7 0x00000117
core   0: 0x80000fe4 (0xd52e04a3) sb      s2, -695(t3)
core   0: 3 0x80000fe4 (0xd52e04a3) mem 0x800156b2 0x0
core   0: 0x80000fe8 (0x075e0283) lb      t0, 117(t3)
core   0: 3 0x80000fe8 (0x075e0283) x 5 0x00000000 mem 0x800159de
core   0: 0x80000fec (0xca8e4583) lbu     a1, -856(t3)
core   0: 3 0x80000fec (0xca8e4583) x11 0x00000000 mem 0x80015611
core   0: 0x80000ff0 (0x0ff0000f) fence   iorw,iorw
core   0: 3 0x80000ff0 (0x0ff0000f)
core   0: 0x80000ff4 (0x9b2e0923) sb      s2, -1614(t3)
core   0: 3 0x80000ff4 (0x9b2e0923) mem 0x8001531b 0x0
core   0: 0x80000ff8 (0x0ff0000f) fence   iorw,iorw
core   0: 3 0x80000ff8 (0x0ff0000f)
core   0: 0x80000ffc (0x001fa9b3) slt     s3, t6, ra
core   0: 3 0x80000ffc (0x001fa9b3) x19 0x00000000
core   0: 0x80001000 (0x865e1aa3) sh      t0, -1931(t3)
core   0: 3 0x80001000 (0x865e1aa3) mem 0x800151de 0x0000
core   0: 0x80001004 (0x6cde1ca3) sh      a3, 1753(t3)
core   0: 3 0x80001004 (0x6cde1ca3) mem 0x80016042 0x0000
core   0: 0x80001008 (0x0000100f) fence.i
core   0: 3 0x80001008 (0x0000100f)
core   0: 0x8000100c (0x886e0403) lb      s0, -1914(t3)
core   0: 3 0x8000100c (0x886e0403) x 8 0x00000000 mem 0x800151ef
core   0: 0x80001010 (0x374e4b03) lbu     s6, 884(t3)
core   0: 3 0x80001010 (0x374e4b03) x22 0x00000000 mem 0x80015cdd
core   0: 0x80001014 (0xc5be1003) lh      zero, -933(t3)
core   0: 3 0x80001014 (0xc5be1003) mem 0x800155c4
core   0: 0x80001018 (0x0000100f) fence.i
core   0: 3 0x80001018 (0x0000100f)
core   0: 0x8000101c (0x007f52b3) srl     t0, t5, t2
core   0: 3 0x8000101c (0x007f52b3) x 5 0x00000000
core   0: 0x80001020 (0x00f0a9b3) slt     s3, ra, a5
core   0: 3 0x80001020 (0x00f0a9b3) x19 0x00000000
core   0: 0x80001024 (0x017799b3) sll     s3, a5, s7
core   0: 3 0x80001024 (0x017799b3) x19 0x00000000
core   0: 0x80001028 (0x00091a33) sll     s4, s2, zero
core   0: 3 0x80001028 (0x00091a33) x20 0x00000000
core   0: 0x8000102c (0x010122b3) slt     t0, sp, a6
core   0: 3 0x8000102c (0x010122b3) x 5 0x00000000
core   0: 0x80001030 (0x004e2d33) slt     s10, t3, tp
core   0: 3 0x80001030 (0x004e2d33) x26 0x00000001
core   0: 0x80001034 (0x9eee0ca3) sb      a4, -1543(t3)
core   0: 3 0x80001034 (0x9eee0ca3) mem 0x80015362 0x0
core   0: 0x80001038 (0x0000100f) fence.i
core   0: 3 0x80001038 (0x0000100f)
core   0: 0x8000103c (0x939e17a3) sh      s9, -1745(t3)
core   0: 3 0x8000103c (0x939e17a3) mem 0x80015298 0x0000
core   0: 0x80001040 (0xb431ff13) andi    t5, gp, -1213
core   0: 3 0x80001040 (0xb431ff13) x30 0x00000000
core   0: 0x80001044 (0x4040d193) srai    gp, ra, 4
core   0: 3 0x80001044 (0x4040d193) x 3 0x00000000
core   0: 0x80001048 (0x1734b993) sltiu   s3, s1, 371
core   0: 3 0x80001048 (0x1734b993) x19 0x00000001
core   0: 0x8000104c (0xff7e4403) lbu     s0, -9(t3)
core   0: 3 0x8000104c (0xff7e4403) x 8 0x00000000 mem 0x80015960
core   0: 0x80001050 (0x0001cc17) auipc   s8, 0x1c
core   0: 3 0x80001050 (0x0001cc17) x24 0x8001d050
core   0: 0x80001054 (0x220c0c13) addi    s8, s8, 544
core   0: 3 0x80001054 (0x220c0c13) x24 0x8001d270
core   0: 0x80001058 (0x4a07f997) auipc   s3, 0x4a07f
core   0: 3 0x80001058 (0x4a07f997) x19 0xca080058
core   0: 0x8000105c (0x14a4c893) xori    a7, s1, 330
core   0: 3 0x8000105c (0x14a4c893) x17 0x0000014a
core   0: 0x80001060 (0x00c11cb3) sll     s9, sp, a2
core   0: 3 0x80001060 (0x00c11cb3) x25 0x8002ae64
core   0: 0x80001064 (0xd18fab17) auipc   s6, 0xd18fa
core   0: 3 0x80001064 (0xd18fab17) x22 0x518fb064
core   0: 0x80001068 (0x40215fb3) sra     t6, sp, sp
core   0: 3 0x80001068 (0x40215fb3) x31 0xf8002ae6
core   0: 0x8000106c (0x00bc0383) lb      t2, 11(s8)
core   0: 3 0x8000106c (0x00bc0383) x 7 0x00000000 mem 0x8001d27b
core   0: 0x80001070 (0x00bc0d03) lb      s10, 11(s8)
core   0: 3 0x80001070 (0x00bc0d03) x26 0x00000000 mem 0x8001d27b
core   0: 0x80001074 (0x00bc4f83) lbu     t6, 11(s8)
core   0: 3 0x80001074 (0x00bc4f83) x31 0x00000000 mem 0x8001d27b
core   0: 0x80001078 (0x002c05a3) sb      sp, 11(s8)
core   0: 3 0x80001078 (0x002c05a3) mem 0x8001d27b 0x64
core   0: 0x8000107c (0x00bc0383) lb      t2, 11(s8)
core   0: 3 0x8000107c (0x00bc0383) x 7 0x00000064 mem 0x8001d27b
core   0: 0x80001080 (0x00bc4283) lbu     t0, 11(s8)
core   0: 3 0x80001080 (0x00bc4283) x 5 0x00000064 mem 0x8001d27b
core   0: 0x80001084 (0x00bc4883) lbu     a7, 11(s8)
core   0: 3 0x80001084 (0x00bc4883) x17 0x00000064 mem 0x8001d27b
core   0: 0x80001088 (0x00bc4603) lbu     a2, 11(s8)
core   0: 3 0x80001088 (0x00bc4603) x12 0x00000064 mem 0x8001d27b
core   0: 0x8000108c (0xffac1003) lh      zero, -6(s8)
core   0: 3 0x8000108c (0xffac1003) mem 0x8001d26a
core   0: 0x80001090 (0xfe2c1d23) sh      sp, -6(s8)
core   0: 3 0x80001090 (0xfe2c1d23) mem 0x8001d26a 0xae64
core   0: 0x80001094 (0xfeec1d23) sh      a4, -6(s8)
core   0: 3 0x80001094 (0xfeec1d23) mem 0x8001d26a 0x0000
core   0: 0x80001098 (0xffac0e83) lb      t4, -6(s8)
core   0: 3 0x80001098 (0xffac0e83) x29 0x00000000 mem 0x8001d26a
core   0: 0x8000109c (0x363aba37) lui     s4, 0x363ab
core   0: 3 0x8000109c (0x363aba37) x20 0x363ab000
core   0: 0x800010a0 (0xffac4403) lbu     s0, -6(s8)
core   0: 3 0x800010a0 (0xffac4403) x 8 0x00000000 mem 0x8001d26a
core   0: 0x800010a4 (0xffac5c83) lhu     s9, -6(s8)
core   0: 3 0x800010a4 (0xffac5c83) x25 0x00000000 mem 0x8001d26a
core   0: 0x800010a8 (0xffac0a03) lb      s4, -6(s8)
core   0: 3 0x800010a8 (0xffac0a03) x20 0x00000000 mem 0x8001d26a
core   0: 0x800010ac (0xffac5003) lhu     zero, -6(s8)
core   0: 3 0x800010ac (0xffac5003) mem 0x8001d26a
core   0: 0x800010b0 (0x01447d33) and     s10, s0, s4
core   0: 3 0x800010b0 (0x01447d33) x26 0x00000000
core   0: 0x800010b4 (0xffac5a03) lhu     s4, -6(s8)
core   0: 3 0x800010b4 (0xffac5a03) x20 0x00000000 mem 0x8001d26a
core   0: 0x800010b8 (0x00014397) auipc   t2, 0x14
core   0: 3 0x800010b8 (0x00014397) x 7 0x800150b8
core   0: 0x800010bc (0x7b338393) addi    t2, t2, 1971
core   0: 3 0x800010bc (0x7b338393) x 7 0x8001586b
core   0: 0x800010c0 (0x41a1d913) srai    s2, gp, 26
core   0: 3 0x800010c0 (0x41a1d913) x18 0x00000000
core   0: 0x800010c4 (0xfdb3ce83) lbu     t4, -37(t2)
core   0: 3 0x800010c4 (0xfdb3ce83) x29 0x00000000 mem 0x80015846
core   0: 0x800010c8 (0xff138283) lb      t0, -15(t2)
core   0: 3 0x800010c8 (0xff138283) x 5 0x00000000 mem 0x8001585c
core   0: 0x800010cc (0x00000013) nop
core   0: 3 0x800010cc (0x00000013)
core   0: 0x800010d0 (0xfdd38483) lb      s1, -35(t2)
core   0: 3 0x800010d0 (0xfdd38483) x 9 0x00000000 mem 0x80015848
core   0: 0x800010d4 (0x0000100f) fence.i
core   0: 3 0x800010d4 (0x0000100f)
core   0: 0x800010d8 (0x1a0f6593) ori     a1, t5, 416
core   0: 3 0x800010d8 (0x1a0f6593) x11 0x000001a0
core   0: 0x800010dc (0x41108433) sub     s0, ra, a7
core   0: 3 0x800010dc (0x41108433) x 8 0xffffff9c
core   0: 0x800010e0 (0x02a3ce83) lbu     t4, 42(t2)
core   0: 3 0x800010e0 (0x02a3ce83) x29 0x00000000 mem 0x80015895
core   0: 0x800010e4 (0x01d95c93) srli    s9, s2, 29
core   0: 3 0x800010e4 (0x01d95c93) x25 0x00000000
core   0: 0x800010e8 (0x4f30bd93) sltiu   s11, ra, 1267
core   0: 3 0x800010e8 (0x4f30bd93) x27 0x00000001
core   0: 0x800010ec (0x00338c23) sb      gp, 24(t2)
core   0: 3 0x800010ec (0x00338c23) mem 0x80015883 0x0
core   0: 0x800010f0 (0x41815793) srai    a5, sp, 24
core   0: 3 0x800010f0 (0x41815793) x15 0xffffff80
core   0: 0x800010f4 (0x01df19b3) sll     s3, t5, t4
core   0: 3 0x800010f4 (0x01df19b3) x19 0x00000000
core   0: 0x800010f8 (0x02a3aca3) sw      a0, 57(t2)
core   0: 3 0x800010f8 (0x02a3aca3) mem 0x800158a4 0x8002ece4
core   0: 0x800010fc (0x0373d583) lhu     a1, 55(t2)
core   0: 3 0x800010fc (0x0373d583) x11 0x00000000 mem 0x800158a2
core   0: 0x80001100 (0x01e7f333) and     t1, a5, t5
core   0: 3 0x80001100 (0x01e7f333) x 6 0x00000000
core   0: 0x80001104 (0x00000013) nop
core   0: 3 0x80001104 (0x00000013)
core   0: 0x80001108 (0x01a59b13) slli    s6, a1, 26
core   0: 3 0x80001108 (0x01a59b13) x22 0x00000000
core   0: 0x8000110c (0xff1387a3) sb      a7, -17(t2)
core   0: 3 0x8000110c (0xff1387a3) mem 0x8001585a 0x64
core   0: 0x80001110 (0xffd398a3) sh      t4, -15(t2)
core   0: 3 0x80001110 (0xffd398a3) mem 0x8001585c 0x0000
core   0: 0x80001114 (0xf0970937) lui     s2, 0xf0970
core   0: 3 0x80001114 (0xf0970937) x18 0xf0970000
core   0: 0x80001118 (0x01738723) sb      s7, 14(t2)
core   0: 3 0x80001118 (0x01738723) mem 0x80015879 0xb3
core   0: 0x8000111c (0x1570f493) andi    s1, ra, 343
core   0: 3 0x8000111c (0x1570f493) x 9 0x00000000
core   0: 0x80001120 (0x005d6fb3) or      t6, s10, t0
core   0: 3 0x80001120 (0x005d6fb3) x31 0x00000000
core   0: 0x80001124 (0x37437c17) auipc   s8, 0x37437
core   0: 3 0x80001124 (0x37437c17) x24 0xb7438124
core   0: 0x80001128 (0x03f39ca3) sh      t6, 57(t2)
core   0: 3 0x80001128 (0x03f39ca3) mem 0x800158a4 0x0000
core   0: 0x8000112c (0x0ff0000f) fence   iorw,iorw
core   0: 3 0x8000112c (0x0ff0000f)
core   0: 0x80001130 (0xe4286337) lui     t1, 0xe4286
core   0: 3 0x80001130 (0xe4286337) x 6 0xe4286000
core   0: 0x80001134 (0x00957ab3) and     s5, a0, s1
core   0: 3 0x80001134 (0x00957ab3) x21 0x00000000
core   0: 0x80001138 (0x01d4ee33) or      t3, s1, t4
core   0: 3 0x80001138 (0x01d4ee33) x28 0x00000000
core   0: 0x8000113c (0x0aa12a93) slti    s5, sp, 170
core   0: 3 0x8000113c (0x0aa12a93) x21 0x00000001
core   0: 0x80001140 (0x0ff0000f) fence   iorw,iorw
core   0: 3 0x80001140 (0x0ff0000f)
core   0: 0x80001144 (0x53440917) auipc   s2, 0x53440
core   0: 3 0x80001144 (0x53440917) x18 0xd3441144
core   0: 0x80001148 (0x01e6e433) or      s0, a3, t5
core   0: 3 0x80001148 (0x01e6e433) x 8 0x00000000
core   0: 0x8000114c (0x0273c403) lbu     s0, 39(t2)
core   0: 3 0x8000114c (0x0273c403) x 8 0x00000000 mem 0x80015892
core   0: 0x80001150 (0x00014717) auipc   a4, 0x14
core   0: 3 0x80001150 (0x00014717) x14 0x80015150
core   0: 0x80001154 (0x21a70713) addi    a4, a4, 538
core   0: 3 0x80001154 (0x21a70713) x14 0x8001536a
core   0: 0x80001158 (0xf6f74403) lbu     s0, -145(a4)
core   0: 3 0x80001158 (0xf6f74403) x 8 0x00000000 mem 0x800152d9
core   0: 0x8000115c (0x0a270d83) lb      s11, 162(a4)
core   0: 3 0x8000115c (0x0a270d83) x27 0x00000000 mem 0x8001540c
core   0: 0x80001160 (0x0a271f83) lh      t6, 162(a4)
core   0: 3 0x80001160 (0x0a271f83) x31 0x00000000 mem 0x8001540c
core   0: 0x80001164 (0x0c474f03) lbu     t5, 196(a4)
core   0: 3 0x80001164 (0x0c474f03) x30 0x00000000 mem 0x8001542e
core   0: 0x80001168 (0x0a374f83) lbu     t6, 163(a4)
core   0: 3 0x80001168 (0x0a374f83) x31 0x00000000 mem 0x8001540d
core   0: 0x8000116c (0xf3570d03) lb      s10, -203(a4)
core   0: 3 0x8000116c (0xf3570d03) x26 0x00000000 mem 0x8001529f
core   0: 0x80001170 (0xf3574983) lbu     s3, -203(a4)
core   0: 3 0x80001170 (0xf3574983) x19 0x00000000 mem 0x8001529f
core   0: 0x80001174 (0x02871603) lh      a2, 40(a4)
core   0: 3 0x80001174 (0x02871603) x12 0x00000000 mem 0x80015392
core   0: 0x80001178 (0xf1b70403) lb      s0, -229(a4)
core   0: 3 0x80001178 (0xf1b70403) x 8 0x00000000 mem 0x80015285
core   0: 0x8000117c (0x0ae70ba3) sb      a4, 183(a4)
core   0: 3 0x8000117c (0x0ae70ba3) mem 0x80015421 0x6a
core   0: 0x80001180 (0x0b770283) lb      t0, 183(a4)
core   0: 3 0x80001180 (0x0b770283) x 5 0x0000006a mem 0x80015421
core   0: 0x80001184 (0x0b370ba3) sb      s3, 183(a4)
core   0: 3 0x80001184 (0x0b370ba3) mem 0x80015421 0x0
core   0: 0x80001188 (0xfd875a03) lhu     s4, -40(a4)
core   0: 3 0x80001188 (0xfd875a03) x20 0x00000000 mem 0x80015342
core   0: 0x8000118c (0x01063c33) sltu    s8, a2, a6
core   0: 3 0x8000118c (0x01063c33) x24 0x00000001
core   0: 0x80001190 (0xf7070203) lb      tp, -144(a4)
core   0: 3 0x80001190 (0xf7070203) x 4 0x00000000 mem 0x800152da
core   0: 0x80001194 (0xf6e71823) sh      a4, -144(a4)
core   0: 3 0x80001194 (0xf6e71823) mem 0x800152da 0x536a
core   0: 0x80001198 (0x08a71303) lh      t1, 138(a4)
core   0: 3 0x80001198 (0x08a71303) x 6 0x00000000 mem 0x800153f4
core   0: 0x8000119c (0x08c70523) sb      a2, 138(a4)
core   0: 3 0x8000119c (0x08c70523) mem 0x800153f4 0x0
core   0: 0x800011a0 (0x03472523) sw      s4, 42(a4)
core   0: 3 0x800011a0 (0x03472523) mem 0x80015394 0x00000000
core   0: 0x800011a4 (0xf3974a83) lbu     s5, -199(a4)
core   0: 3 0x800011a4 (0xf3974a83) x21 0x00000000 mem 0x800152a3
core   0: 0x800011a8 (0x00015697) auipc   a3, 0x15
core   0: 3 0x800011a8 (0x00015697) x13 0x800161a8
core   0: 0x800011ac (0xdf168693) addi    a3, a3, -527
core   0: 3 0x800011ac (0xdf168693) x13 0x80015f99
core   0: 0x800011b0 (0x00768483) lb      s1, 7(a3)
core   0: 3 0x800011b0 (0x00768483) x 9 0x00000000 mem 0x80015fa0
core   0: 0x800011b4 (0xffc68083) lb      ra, -4(a3)
core   0: 3 0x800011b4 (0xffc68083) x 1 0x00000000 mem 0x80015f95
core   0: 0x800011b8 (0xb75d8793) addi    a5, s11, -1163
core   0: 3 0x800011b8 (0xb75d8793) x15 0xfffffb75
core   0: 0x800011bc (0x00fe5033) srl     zero, t3, a5
core   0: 3 0x800011bc (0x00fe5033)
core   0: 0x800011c0 (0xa5614793) xori    a5, sp, -1450
core   0: 3 0x800011c0 (0xa5614793) x15 0x7ffd5432
core   0: 0x800011c4 (0x01ce3e33) sltu    t3, t3, t3
core   0: 3 0x800011c4 (0x01ce3e33) x28 0x00000000
core   0: 0x800011c8 (0x0127f7b3) and     a5, a5, s2
core   0: 3 0x800011c8 (0x0127f7b3) x15 0x53441000
core   0: 0x800011cc (0xff868083) lb      ra, -8(a3)
core   0: 3 0x800011cc (0xff868083) x 1 0x00000000 mem 0x80015f91
core   0: 0x800011d0 (0x547bb393) sltiu   t2, s7, 1351
core   0: 3 0x800011d0 (0x547bb393) x 7 0x00000000
core   0: 0x800011d4 (0x00000013) nop
core   0: 3 0x800011d4 (0x00000013)
core   0: 0x800011d8 (0xff968083) lb      ra, -7(a3)
core   0: 3 0x800011d8 (0xff968083) x 1 0x00000000 mem 0x80015f92
core   0: 0x800011dc (0x59d2a793) slti    a5, t0, 1437
core   0: 3 0x800011dc (0x59d2a793) x15 0x00000001
core   0: 0x800011e0 (0x01d62333) slt     t1, a2, t4
core   0: 3 0x800011e0 (0x01d62333) x 6 0x00000000
core   0: 0x800011e4 (0xff76a403) lw      s0, -9(a3)
core   0: 3 0x800011e4 (0xff76a403) x 8 0x00000000 mem 0x80015f90
core   0: 0x800011e8 (0xff068483) lb      s1, -16(a3)
core   0: 3 0x800011e8 (0xff068483) x 9 0x00000000 mem 0x80015f89
core   0: 0x800011ec (0xff369603) lh      a2, -13(a3)
core   0: 3 0x800011ec (0xff369603) x12 0x00000000 mem 0x80015f8c
core   0: 0x800011f0 (0xff068303) lb      t1, -16(a3)
core   0: 3 0x800011f0 (0xff068303) x 6 0x00000000 mem 0x80015f89
core   0: 0x800011f4 (0x005f3d33) sltu    s10, t5, t0
core   0: 3 0x800011f4 (0x005f3d33) x26 0x00000001
core   0: 0x800011f8 (0x00569183) lh      gp, 5(a3)
core   0: 3 0x800011f8 (0x00569183) x 3 0x00000000 mem 0x80015f9e
core   0: 0x800011fc (0x00b68823) sb      a1, 16(a3)
core   0: 3 0x800011fc (0x00b68823) mem 0x80015fa9 0x0
core   0: 0x80001200 (0xa66b6217) auipc   tp, 0xa66b6
core   0: 3 0x80001200 (0xa66b6217) x 4 0x266b7200
core   0: 0x80001204 (0x24ada213) slti    tp, s11, 586
core   0: 3 0x80001204 (0x24ada213) x 4 0x00000001
core   0: 0x80001208 (0xfff69183) lh      gp, -1(a3)
core   0: 3 0x80001208 (0xfff69183) x 3 0x00000000 mem 0x80015f98
core   0: 0x8000120c (0x9396ac17) auipc   s8, 0x9396a
core   0: 3 0x8000120c (0x9396ac17) x24 0x1396b20c
core   0: 0x80001210 (0x90756213) ori     tp, a0, -1785
core   0: 3 0x80001210 (0x90756213) x 4 0xfffffde7
core   0: 0x80001214 (0xff568f23) sb      s5, -2(a3)
core   0: 3 0x80001214 (0xff568f23) mem 0x80015f97 0x0
core   0: 0x80001218 (0x82a03f93) sltiu   t6, zero, -2006
core   0: 3 0x80001218 (0x82a03f93) x31 0x00000001
core   0: 0x8000121c (0x25d66013) ori     zero, a2, 605
core   0: 3 0x8000121c (0x25d66013)
core   0: 0x80001220 (0x0a75ce93) xori    t4, a1, 167
core   0: 3 0x80001220 (0x0a75ce93) x29 0x000000a7
core   0: 0x80001224 (0x01140837) lui     a6, 0x1140
core   0: 3 0x80001224 (0x01140837) x16 0x01140000
core   0: 0x80001228 (0xffd68803) lb      a6, -3(a3)
core   0: 3 0x80001228 (0xffd68803) x16 0x00000000 mem 0x80015f96
core   0: 0x8000122c (0x00015597) auipc   a1, 0x15
core   0: 3 0x8000122c (0x00015597) x11 0x8001622c
core   0: 0x80001230 (0x82658593) addi    a1, a1, -2010
core   0: 3 0x80001230 (0x82658593) x11 0x80015a52
core   0: 0x80001234 (0x00016e17) auipc   t3, 0x16
core   0: 3 0x80001234 (0x00016e17) x28 0x80017234
core   0: 0x80001238 (0x20ae0e13) addi    t3, t3, 522
core   0: 3 0x80001238 (0x20ae0e13) x28 0x8001743e
core   0: 0x8000123c (0xf005c903) lbu     s2, -256(a1)
core   0: 3 0x8000123c (0xf005c903) x18 0x00000000 mem 0x80015952
core   0: 0x80001240 (0x05758523) sb      s7, 74(a1)
core   0: 3 0x80001240 (0x05758523) mem 0x80015a9c 0xb3
core   0: 0x80001244 (0xf9c59c03) lh      s8, -100(a1)
core   0: 3 0x80001244 (0xf9c59c03) x24 0x00000000 mem 0x800159ee
core   0: 0x80001248 (0x0e059183) lh      gp, 224(a1)
core   0: 3 0x80001248 (0x0e059183) x 3 0x00000000 mem 0x80015b32
core   0: 0x8000124c (0xf34587a3) sb      s4, -209(a1)
core   0: 3 0x8000124c (0xf34587a3) mem 0x80015981 0x0
core   0: 0x80001250 (0x030e5b03) lhu     s6, 48(t3)
core   0: 3 0x80001250 (0x030e5b03) x22 0x00000000 mem 0x8001746e
core   0: 0x80001254 (0xfd1e2123) sw      a7, -62(t3)
core   0: 3 0x80001254 (0xfd1e2123) mem 0x80017400 0x00000064
core   0: 0x80001258 (0x003e4b03) lbu     s6, 3(t3)
core   0: 3 0x80001258 (0x003e4b03) x22 0x00000000 mem 0x80017441
core   0: 0x8000125c (0xf2e5ac83) lw      s9, -210(a1)
core   0: 3 0x8000125c (0xf2e5ac83) x25 0x00000000 mem 0x80015980
core   0: 0x80001260 (0xfe2e5983) lhu     s3, -30(t3)
core   0: 3 0x80001260 (0xfe2e5983) x19 0x00000000 mem 0x80017420
core   0: 0x80001264 (0xfe5e4f83) lbu     t6, -27(t3)
core   0: 3 0x80001264 (0xfe5e4f83) x31 0x00000000 mem 0x80017423
core   0: 0x80001268 (0xfaa5c003) lbu     zero, -86(a1)
core   0: 3 0x80001268 (0xfaa5c003) mem 0x800159fc
core   0: 0x8000126c (0xf2158c03) lb      s8, -223(a1)
core   0: 3 0x8000126c (0xf2158c03) x24 0x00000000 mem 0x80015973
core   0: 0x80001270 (0xff8e0b23) sb      s8, -10(t3)
core   0: 3 0x80001270 (0xff8e0b23) mem 0x80017434 0x0
core   0: 0x80001274 (0x0ee5a283) lw      t0, 238(a1)
core   0: 3 0x80001274 (0x0ee5a283) x 5 0x00000000 mem 0x80015b40
core   0: 0x80001278 (0x00015497) auipc   s1, 0x15
core   0: 3 0x80001278 (0x00015497) x 9 0x80016278
core   0: 0x8000127c (0xd9948493) addi    s1, s1, -615
core   0: 3 0x8000127c (0xd9948493) x 9 0x80016011
core   0: 0x80001280 (0x0184cf83) lbu     t6, 24(s1)
core   0: 3 0x80001280 (0x0184cf83) x31 0x00000000 mem 0x80016029
core   0: 0x80001284 (0xb80f2893) slti    a7, t5, -1152
core   0: 3 0x80001284 (0xb80f2893) x17 0x00000000
core   0: 0x80001288 (0xfc848603) lb      a2, -56(s1)
core   0: 3 0x80001288 (0xfc848603) x12 0xffffffea mem 0x80015fd9
core   0: 0x8000128c (0x7590a993) slti    s3, ra, 1881
core   0: 3 0x8000128c (0x7590a993) x19 0x00000001
core   0: 0x80001290 (0x00c48583) lb      a1, 12(s1)
core   0: 3 0x80001290 (0x00c48583) x11 0x00000000 mem 0x8001601d
core   0: 0x80001294 (0xfc74c383) lbu     t2, -57(s1)
core   0: 3 0x80001294 (0xfc74c383) x 7 0x000000d7 mem 0x80015fd8
core   0: 0x80001298 (0x34338d13) addi    s10, t2, 835
core   0: 3 0x80001298 (0x34338d13) x26 0x0000041a
core   0: 0x8000129c (0x0000100f) fence.i
core   0: 3 0x8000129c (0x0000100f)
core   0: 0x800012a0 (0xfed4d883) lhu     a7, -19(s1)
core   0: 3 0x800012a0 (0xfed4d883) x17 0x00000000 mem 0x80015ffe
core   0: 0x800012a4 (0x03648023) sb      s6, 32(s1)
core   0: 3 0x800012a4 (0x03648023) mem 0x80016031 0x0
core   0: 0x800012a8 (0x01ef1013) slli    zero, t5, 30
core   0: 3 0x800012a8 (0x01ef1013)
core   0: 0x800012ac (0x2c98b293) sltiu   t0, a7, 713
core   0: 3 0x800012ac (0x2c98b293) x 5 0x00000001
core   0: 0x800012b0 (0xffb4ca03) lbu     s4, -5(s1)
core   0: 3 0x800012b0 (0xffb4ca03) x20 0x00000000 mem 0x8001600c
core   0: 0x800012b4 (0xa9140793) addi    a5, s0, -1391
core   0: 3 0x800012b4 (0xa9140793) x15 0xfffffa91
core   0: 0x800012b8 (0x006a5633) srl     a2, s4, t1
core   0: 3 0x800012b8 (0x006a5633) x12 0x00000000
core   0: 0x800012bc (0x410c5313) srai    t1, s8, 16
core   0: 3 0x800012bc (0x410c5313) x 6 0x00000000
core   0: 0x800012c0 (0x00000013) nop
core   0: 3 0x800012c0 (0x00000013)
core   0: 0x800012c4 (0xfdf4c603) lbu     a2, -33(s1)
core   0: 3 0x800012c4 (0xfdf4c603) x12 0x00000000 mem 0x80015ff0
core   0: 0x800012c8 (0x0304c903) lbu     s2, 48(s1)
core   0: 3 0x800012c8 (0x0304c903) x18 0x00000060 mem 0x80016041
core   0: 0x800012cc (0x00127d33) and     s10, tp, ra
core   0: 3 0x800012cc (0x00127d33) x26 0x00000000
core   0: 0x800012d0 (0xff748c23) sb      s7, -8(s1)
core   0: 3 0x800012d0 (0xff748c23) mem 0x80016009 0xb3
core   0: 0x800012d4 (0xfd94c703) lbu     a4, -39(s1)
core   0: 3 0x800012d4 (0xfd94c703) x14 0x00000000 mem 0x80015fea
core   0: 0x800012d8 (0xfc848323) sb      s0, -58(s1)
core   0: 3 0x800012d8 (0xfc848323) mem 0x80015fd7 0x0
core   0: 0x800012dc (0x00000013) nop
core   0: 3 0x800012dc (0x00000013)
core   0: 0x800012e0 (0x41e451b3) sra     gp, s0, t5
core   0: 3 0x800012e0 (0x41e451b3) x 3 0x00000000
core   0: 0x800012e4 (0x00248f83) lb      t6, 2(s1)
core   0: 3 0x800012e4 (0x00248f83) x31 0x00000000 mem 0x80016013
core   0: 0x800012e8 (0x008dd9b3) srl     s3, s11, s0
core   0: 3 0x800012e8 (0x008dd9b3) x19 0x00000000
core   0: 0x800012ec (0x00f65a33) srl     s4, a2, a5
core   0: 3 0x800012ec (0x00f65a33) x20 0x00000000
core   0: 0x800012f0 (0x00bf4933) xor     s2, t5, a1
core   0: 3 0x800012f0 (0x00bf4933) x18 0x00000000
core   0: 0x800012f4 (0xfee4c583) lbu     a1, -18(s1)
core   0: 3 0x800012f4 (0xfee4c583) x11 0x00000000 mem 0x80015fff
core   0: 0x800012f8 (0x03748a23) sb      s7, 52(s1)
core   0: 3 0x800012f8 (0x03748a23) mem 0x80016045 0xb3
core   0: 0x800012fc (0x00014f17) auipc   t5, 0x14
core   0: 3 0x800012fc (0x00014f17) x30 0x800152fc
core   0: 0x80001300 (0x3def0f13) addi    t5, t5, 990
core   0: 3 0x80001300 (0x3def0f13) x30 0x800156da
core   0: 0x80001304 (0xf63f0fa3) sb      gp, -129(t5)
core   0: 3 0x80001304 (0xf63f0fa3) mem 0x80015659 0x0
core   0: 0x80001308 (0x47ff4c83) lbu     s9, 1151(t5)
core   0: 3 0x80001308 (0x47ff4c83) x25 0x00000000 mem 0x80015b59
core   0: 0x8000130c (0x01a1c9b3) xor     s3, gp, s10
core   0: 3 0x8000130c (0x01a1c9b3) x19 0x00000000
core   0: 0x80001310 (0x466f0fa3) sb      t1, 1151(t5)
core   0: 3 0x80001310 (0x466f0fa3) mem 0x80015b59 0x0
core   0: 0x80001314 (0x7edf4403) lbu     s0, 2029(t5)
core   0: 3 0x80001314 (0x7edf4403) x 8 0x00000000 mem 0x80015ec7
core   0: 0x80001318 (0x223f0583) lb      a1, 547(t5)
core   0: 3 0x80001318 (0x223f0583) x11 0x00000000 mem 0x800158fd
core   0: 0x8000131c (0x00c83733) sltu    a4, a6, a2
core   0: 3 0x8000131c (0x00c83733) x14 0x00000000
core   0: 0x80001320 (0xe1df4d03) lbu     s10, -483(t5)
core   0: 3 0x80001320 (0xe1df4d03) x26 0x00000000 mem 0x800154f7
core   0: 0x80001324 (0xad6f1703) lh      a4, -1322(t5)
core   0: 3 0x80001324 (0xad6f1703) x14 0x00000000 mem 0x800151b0
core   0: 0x80001328 (0xad6f2083) lw      ra, -1322(t5)
core   0: 3 0x80001328 (0xad6f2083) x 1 0x00000000 mem 0x800151b0
core   0: 0x8000132c (0xcf3f0803) lb      a6, -781(t5)
core   0: 3 0x8000132c (0xcf3f0803) x16 0x00000000 mem 0x800153cd
core   0: 0x80001330 (0xcf1f09a3) sb      a7, -781(t5)
core   0: 3 0x80001330 (0xcf1f09a3) mem 0x800153cd 0x0
core   0: 0x80001334 (0x40145493) srai    s1, s0, 1
core   0: 3 0x80001334 (0x40145493) x 9 0x00000000
core   0: 0x80001338 (0xe16f1e83) lh      t4, -490(t5)
core   0: 3 0x80001338 (0xe16f1e83) x29 0x00000000 mem 0x800154f0
core   0: 0x8000133c (0x093f0983) lb      s3, 147(t5)
core   0: 3 0x8000133c (0x093f0983) x19 0x00000000 mem 0x8001576d
core   0: 0x80001340 (0x61ef0803) lb      a6, 1566(t5)
core   0: 3 0x80001340 (0x61ef0803) x16 0x00000000 mem 0x80015cf8
core   0: 0x80001344 (0xa6ef0c03) lb      s8, -1426(t5)
core   0: 3 0x80001344 (0xa6ef0c03) x24 0x00000000 mem 0x80015148
core   0: 0x80001348 (0x00015997) auipc   s3, 0x15
core   0: 3 0x80001348 (0x00015997) x19 0x80016348
core   0: 0x8000134c (0xc8e98993) addi    s3, s3, -882
core   0: 3 0x8000134c (0xc8e98993) x19 0x80015fd6
core   0: 0x80001350 (0x0173c2b3) xor     t0, t2, s7
core   0: 3 0x80001350 (0x0173c2b3) x 5 0xd1eeaa64
core   0: 0x80001354 (0x018eb933) sltu    s2, t4, s8
core   0: 3 0x80001354 (0x018eb933) x18 0x00000000
core   0: 0x80001358 (0xfdc9d703) lhu     a4, -36(s3)
core   0: 3 0x80001358 (0xfdc9d703) x14 0x00000000 mem 0x80015fb2
core   0: 0x8000135c (0x6037bd93) sltiu   s11, a5, 1539
core   0: 3 0x8000135c (0x6037bd93) x27 0x00000000
core   0: 0x80001360 (0xfdb9c903) lbu     s2, -37(s3)
core   0: 3 0x80001360 (0xfdb9c903) x18 0x00000000 mem 0x80015fb1
core   0: 0x80001364 (0x41420cb3) sub     s9, tp, s4
core   0: 3 0x80001364 (0x41420cb3) x25 0xfffffde7
core   0: 0x80001368 (0x017caeb3) slt     t4, s9, s7
core   0: 3 0x80001368 (0x017caeb3) x29 0x00000000
core   0: 0x8000136c (0x0851e613) ori     a2, gp, 133
core   0: 3 0x8000136c (0x0851e613) x12 0x00000085
core   0: 0x80001370 (0x006e74b3) and     s1, t3, t1
core   0: 3 0x80001370 (0x006e74b3) x 9 0x00000000
core   0: 0x80001374 (0x00860833) add     a6, a2, s0
core   0: 3 0x80001374 (0x00860833) x16 0x00000085
core   0: 0x80001378 (0x0e2bf797) auipc   a5, 0xe2bf
core   0: 3 0x80001378 (0x0e2bf797) x15 0x8e2c0378
core   0: 0x8000137c (0x36dd4b13) xori    s6, s10, 877
core   0: 3 0x8000137c (0x36dd4b13) x22 0x0000036d
core   0: 0x80001380 (0x28210e13) addi    t3, sp, 642
core   0: 3 0x80001380 (0x28210e13) x28 0x8002b0e6
core   0: 0x80001384 (0xfed986a3) sb      a3, -19(s3)
core   0: 3 0x80001384 (0xfed986a3) mem 0x80015fc3 0x99
core   0: 0x80001388 (0xf059cc03) lbu     s8, -251(s3)
core   0: 3 0x80001388 (0xf059cc03) x24 0x00000000 mem 0x80015edb
core   0: 0x8000138c (0x00991cb3) sll     s9, s2, s1
core   0: 3 0x8000138c (0x00991cb3) x25 0x00000000
core   0: 0x80001390 (0x05499623) sh      s4, 76(s3)
core   0: 3 0x80001390 (0x05499623) mem 0x80016022 0x0000
core   0: 0x80001394 (0xf8b9cf03) lbu     t5, -117(s3)
core   0: 3 0x80001394 (0xf8b9cf03) x30 0x00000000 mem 0x80015f61
core   0: 0x80001398 (0xf449db03) lhu     s6, -188(s3)
core   0: 3 0x80001398 (0xf449db03) x22 0x00000000 mem 0x80015f1a
core   0: 0x8000139c (0xf499c183) lbu     gp, -183(s3)
core   0: 3 0x8000139c (0xf499c183) x 3 0x00000000 mem 0x80015f1f
core   0: 0x800013a0 (0x0439c303) lbu     t1, 67(s3)
core   0: 3 0x800013a0 (0x0439c303) x 6 0x00000000 mem 0x80016019
core   0: 0x800013a4 (0x00000013) nop
core   0: 3 0x800013a4 (0x00000013)
core   0: 0x800013a8 (0xef674cb7) lui     s9, 0xef674
core   0: 3 0x800013a8 (0xef674cb7) x25 0xef674000
core   0: 0x800013ac (0x02d9c003) lbu     zero, 45(s3)
core   0: 3 0x800013ac (0x02d9c003) mem 0x80016003
core   0: 0x800013b0 (0xf729a603) lw      a2, -142(s3)
core   0: 3 0x800013b0 (0xf729a603) x12 0x00000000 mem 0x80015f48
core   0: 0x800013b4 (0xfc998903) lb      s2, -55(s3)
core   0: 3 0x800013b4 (0xfc998903) x18 0x00000000 mem 0x80015f9f
core   0: 0x800013b8 (0x0ff0000f) fence   iorw,iorw
core   0: 3 0x800013b8 (0x0ff0000f)
core   0: 0x800013bc (0x00839a93) slli    s5, t2, 8
core   0: 3 0x800013bc (0x00839a93) x21 0x0000d700
core   0: 0x800013c0 (0x01c98783) lb      a5, 28(s3)
core   0: 3 0x800013c0 (0x01c98783) x15 0x00000000 mem 0x80015ff2
core   0: 0x800013c4 (0xfcc99c23) sh      a2, -40(s3)
core   0: 3 0x800013c4 (0xfcc99c23) mem 0x80015fae 0x0000
core   0: 0x800013c8 (0x011e6a33) or      s4, t3, a7
core   0: 3 0x800013c8 (0x011e6a33) x20 0x8002b0e6
core   0: 0x800013cc (0xf83980a3) sb      gp, -127(s3)
core   0: 3 0x800013cc (0xf83980a3) mem 0x80015f57 0x0
core   0: 0x800013d0 (0x01f453b3) srl     t2, s0, t6
core   0: 3 0x800013d0 (0x01f453b3) x 7 0x00000000
core   0: 0x800013d4 (0xf1f9c803) lbu     a6, -225(s3)
core   0: 3 0x800013d4 (0xf1f9c803) x16 0x00000000 mem 0x80015ef5
core   0: 0x800013d8 (0x01b41f13) slli    t5, s0, 27
core   0: 3 0x800013d8 (0x01b41f13) x30 0x00000000
core   0: 0x800013dc (0x01a980a3) sb      s10, 1(s3)
core   0: 3 0x800013dc (0x01a980a3) mem 0x80015fd7 0x0
core   0: 0x800013e0 (0x41d103b3) sub     t2, sp, t4
core   0: 3 0x800013e0 (0x41d103b3) x 7 0x8002ae64
core   0: 0x800013e4 (0xff998703) lb      a4, -7(s3)
core   0: 3 0x800013e4 (0xff998703) x14 0x00000000 mem 0x80015fcf
core   0: 0x800013e8 (0x0001be17) auipc   t3, 0x1b
core   0: 3 0x800013e8 (0x0001be17) x28 0x8001c3e8
core   0: 0x800013ec (0xa98e0e13) addi    t3, t3, -1384
core   0: 3 0x800013ec (0xa98e0e13) x28 0x8001be80
core   0: 0x800013f0 (0x0191f433) and     s0, gp, s9
core   0: 3 0x800013f0 (0x0191f433) x 8 0x00000000
core   0: 0x800013f4 (0xff2e1a83) lh      s5, -14(t3)
core   0: 3 0x800013f4 (0xff2e1a83) x21 0x00000000 mem 0x8001be72
core   0: 0x800013f8 (0x005e03a3) sb      t0, 7(t3)
core   0: 3 0x800013f8 (0x005e03a3) mem 0x8001be87 0x64
core   0: 0x800013fc (0x00ce4683) lbu     a3, 12(t3)
core   0: 3 0x800013fc (0x00ce4683) x13 0x00000000 mem 0x8001be8c
core   0: 0x80001400 (0x008e2483) lw      s1, 8(t3)
core   0: 3 0x80001400 (0x008e2483) x 9 0x00000000 mem 0x8001be88
core   0: 0x80001404 (0x01d172b3) and     t0, sp, t4
core   0: 3 0x80001404 (0x01d172b3) x 5 0x00000000
core   0: 0x80001408 (0x7cf80213) addi    tp, a6, 1999
core   0: 3 0x80001408 (0x7cf80213) x 4 0x000007cf
core   0: 0x8000140c (0xfe8e2823) sw      s0, -16(t3)
core   0: 3 0x8000140c (0xfe8e2823) mem 0x8001be70 0x00000000
core   0: 0x80001410 (0xff0e1f83) lh      t6, -16(t3)
core   0: 3 0x80001410 (0xff0e1f83) x31 0x00000000 mem 0x8001be70
core   0: 0x80001414 (0xfe8e0aa3) sb      s0, -11(t3)
core   0: 3 0x80001414 (0xfe8e0aa3) mem 0x8001be75 0x0
core   0: 0x80001418 (0x0115cf93) xori    t6, a1, 17
core   0: 3 0x80001418 (0x0115cf93) x31 0x00000011
core   0: 0x8000141c (0x007e4c03) lbu     s8, 7(t3)
core   0: 3 0x8000141c (0x007e4c03) x24 0x00000064 mem 0x8001be87
core   0: 0x80001420 (0x01c12633) slt     a2, sp, t3
core   0: 3 0x80001420 (0x01c12633) x12 0x00000000
core   0: 0x80001424 (0x00fe4283) lbu     t0, 15(t3)
core   0: 3 0x80001424 (0x00fe4283) x 5 0x00000000 mem 0x8001be8f
core   0: 0x80001428 (0x00277233) and     tp, a4, sp
core   0: 3 0x80001428 (0x00277233) x 4 0x00000000
core   0: 0x8000142c (0x072bac37) lui     s8, 0x72ba
core   0: 3 0x8000142c (0x072bac37) x24 0x072ba000
core   0: 0x80001430 (0x00ee4703) lbu     a4, 14(t3)
core   0: 3 0x80001430 (0x00ee4703) x14 0x00000000 mem 0x8001be8e
core   0: 0x80001434 (0xce06e613) ori     a2, a3, -800
core   0: 3 0x80001434 (0xce06e613) x12 0xfffffce0
core   0: 0x80001438 (0x002e06a3) sb      sp, 13(t3)
core   0: 3 0x80001438 (0x002e06a3) mem 0x8001be8d 0x64
core   0: 0x8000143c (0xff9e0983) lb      s3, -7(t3)
core   0: 3 0x8000143c (0xff9e0983) x19 0x00000000 mem 0x8001be79
core   0: 0x80001440 (0x3d393f93) sltiu   t6, s2, 979
core   0: 3 0x80001440 (0x3d393f93) x31 0x00000001
core   0: 0x80001444 (0x0000100f) fence.i
core   0: 3 0x80001444 (0x0000100f)
core   0: 0x80001448 (0xff7e0883) lb      a7, -9(t3)
core   0: 3 0x80001448 (0xff7e0883) x17 0x00000000 mem 0x8001be77
core   0: 0x8000144c (0x0000100f) fence.i
core   0: 3 0x8000144c (0x0000100f)
core   0: 0x80001450 (0xff7e0f83) lb      t6, -9(t3)
core   0: 3 0x80001450 (0xff7e0f83) x31 0x00000000 mem 0x8001be77
core   0: 0x80001454 (0x2a5aac93) slti    s9, s5, 677
core   0: 3 0x80001454 (0x2a5aac93) x25 0x00000001
core   0: 0x80001458 (0x014e1323) sh      s4, 6(t3)
core   0: 3 0x80001458 (0x014e1323) mem 0x8001be86 0xb0e6
core   0: 0x8000145c (0x00ae5383) lhu     t2, 10(t3)
core   0: 3 0x8000145c (0x00ae5383) x 7 0x00000000 mem 0x8001be8a
core   0: 0x80001460 (0xff3e0ba3) sb      s3, -9(t3)
core   0: 3 0x80001460 (0xff3e0ba3) mem 0x8001be77 0x0
core   0: 0x80001464 (0x00de00a3) sb      a3, 1(t3)
core   0: 3 0x80001464 (0x00de00a3) mem 0x8001be81 0x0
core   0: 0x80001468 (0xff0e1803) lh      a6, -16(t3)
core   0: 3 0x80001468 (0xff0e1803) x16 0x00000000 mem 0x8001be70
core   0: 0x8000146c (0xffde0c03) lb      s8, -3(t3)
core   0: 3 0x8000146c (0xffde0c03) x24 0x00000000 mem 0x8001be7d
core   0: 0x80001470 (0x009e0703) lb      a4, 9(t3)
core   0: 3 0x80001470 (0x009e0703) x14 0x00000000 mem 0x8001be89
core   0: 0x80001474 (0x00fe4303) lbu     t1, 15(t3)
core   0: 3 0x80001474 (0x00fe4303) x 6 0x00000000 mem 0x8001be8f
core   0: 0x80001478 (0xff3e0203) lb      tp, -13(t3)
core   0: 3 0x80001478 (0xff3e0203) x 4 0x00000000 mem 0x8001be73
core   0: 0x8000147c (0xff6e4003) lbu     zero, -10(t3)
core   0: 3 0x8000147c (0xff6e4003) mem 0x8001be76
core   0: 0x80001480 (0x004e0c03) lb      s8, 4(t3)
core   0: 3 0x80001480 (0x004e0c03) x24 0x00000000 mem 0x8001be84
core   0: 0x80001484 (0x00ce5403) lhu     s0, 12(t3)
core   0: 3 0x80001484 (0x00ce5403) x 8 0x00006400 mem 0x8001be8c
core   0: 0x80001488 (0x00ae4f83) lbu     t6, 10(t3)
core   0: 3 0x80001488 (0x00ae4f83) x31 0x00000000 mem 0x8001be8a
core   0: 0x8000148c (0x00ab80b3) add     ra, s7, a0
core   0: 3 0x8000148c (0x00ab80b3) x 1 0x51f19797
core   0: 0x80001490 (0x007e4d03) lbu     s10, 7(t3)
core   0: 3 0x80001490 (0x007e4d03) x26 0x000000b0 mem 0x8001be87
core   0: 0x80001494 (0x55d18913) addi    s2, gp, 1373
core   0: 3 0x80001494 (0x55d18913) x18 0x0000055d
core   0: 0x80001498 (0xffce1403) lh      s0, -4(t3)
core   0: 3 0x80001498 (0xffce1403) x 8 0x00000000 mem 0x8001be7c
core   0: 0x8000149c (0xff2e1c23) sh      s2, -8(t3)
core   0: 3 0x8000149c (0xff2e1c23) mem 0x8001be78 0x055d
core   0: 0x800014a0 (0x00014c17) auipc   s8, 0x14
core   0: 3 0x800014a0 (0x00014c17) x24 0x800154a0
core   0: 0x800014a4 (0xbecc0c13) addi    s8, s8, -1044
core   0: 3 0x800014a4 (0xbecc0c13) x24 0x8001508c
core   0: 0x800014a8 (0x072c4683) lbu     a3, 114(s8)
core   0: 3 0x800014a8 (0x072c4683) x13 0x00000000 mem 0x800150fe
core   0: 0x800014ac (0x072c0803) lb      a6, 114(s8)
core   0: 3 0x800014ac (0x072c0803) x16 0x00000000 mem 0x800150fe
core   0: 0x800014b0 (0x063c1923) sh      gp, 114(s8)
core   0: 3 0x800014b0 (0x063c1923) mem 0x800150fe 0x0000
core   0: 0x800014b4 (0x008c5e13) srli    t3, s8, 8
core   0: 3 0x800014b4 (0x008c5e13) x28 0x00800150
core   0: 0x800014b8 (0x072c4883) lbu     a7, 114(s8)
core   0: 3 0x800014b8 (0x072c4883) x17 0x00000000 mem 0x800150fe
core   0: 0x800014bc (0x072c1e83) lh      t4, 114(s8)
core   0: 3 0x800014bc (0x072c1e83) x29 0x00000000 mem 0x800150fe
core   0: 0x800014c0 (0x072c5d83) lhu     s11, 114(s8)
core   0: 3 0x800014c0 (0x072c5d83) x27 0x00000000 mem 0x800150fe
core   0: 0x800014c4 (0x07ac1923) sh      s10, 114(s8)
core   0: 3 0x800014c4 (0x07ac1923) mem 0x800150fe 0x00b0
core   0: 0x800014c8 (0x07cc0923) sb      t3, 114(s8)
core   0: 3 0x800014c8 (0x07cc0923) mem 0x800150fe 0x50
core   0: 0x800014cc (0x072c5883) lhu     a7, 114(s8)
core   0: 3 0x800014cc (0x072c5883) x17 0x00000050 mem 0x800150fe
core   0: 0x800014d0 (0x073c0923) sb      s3, 114(s8)
core   0: 3 0x800014d0 (0x073c0923) mem 0x800150fe 0x0
core   0: 0x800014d4 (0x072c4903) lbu     s2, 114(s8)
core   0: 3 0x800014d4 (0x072c4903) x18 0x00000000 mem 0x800150fe
core   0: 0x800014d8 (0x072c0083) lb      ra, 114(s8)
core   0: 3 0x800014d8 (0x072c0083) x 1 0x00000000 mem 0x800150fe
core   0: 0x800014dc (0x072c4303) lbu     t1, 114(s8)
core   0: 3 0x800014dc (0x072c4303) x 6 0x00000000 mem 0x800150fe
core   0: 0x800014e0 (0x066c0923) sb      t1, 114(s8)
core   0: 3 0x800014e0 (0x066c0923) mem 0x800150fe 0x0
core   0: 0x800014e4 (0xefff4993) xori    s3, t5, -257
core   0: 3 0x800014e4 (0xefff4993) x19 0xfffffeff
core   0: 0x800014e8 (0x072c0083) lb      ra, 114(s8)
core   0: 3 0x800014e8 (0x072c0083) x 1 0x00000000 mem 0x800150fe
core   0: 0x800014ec (0x072c0003) lb      zero, 114(s8)
core   0: 3 0x800014ec (0x072c0003) mem 0x800150fe
core   0: 0x800014f0 (0x063c1923) sh      gp, 114(s8)
core   0: 3 0x800014f0 (0x063c1923) mem 0x800150fe 0x0000
core   0: 0x800014f4 (0x072c0a83) lb      s5, 114(s8)
core   0: 3 0x800014f4 (0x072c0a83) x21 0x00000000 mem 0x800150fe
core   0: 0x800014f8 (0x072c0a83) lb      s5, 114(s8)
core   0: 3 0x800014f8 (0x072c0a83) x21 0x00000000 mem 0x800150fe
core   0: 0x800014fc (0x00014997) auipc   s3, 0x14
core   0: 3 0x800014fc (0x00014997) x19 0x800154fc
core   0: 0x80001500 (0x02d98993) addi    s3, s3, 45
core   0: 3 0x80001500 (0x02d98993) x19 0x80015529
core   0: 0x80001504 (0xe016ef13) ori     t5, a3, -511
core   0: 3 0x80001504 (0xe016ef13) x30 0xfffffe01
core   0: 0x80001508 (0x5409a5a3) sw      zero, 1355(s3)
core   0: 3 0x80001508 (0x5409a5a3) mem 0x80015a74 0x00000000
core   0: 0x8000150c (0x70998a83) lb      s5, 1801(s3)
core   0: 3 0x8000150c (0x70998a83) x21 0x00000000 mem 0x80015c32
core   0: 0x80001510 (0x2b99c483) lbu     s1, 697(s3)
core   0: 3 0x80001510 (0x2b99c483) x 9 0x00000000 mem 0x800157e2
core   0: 0x80001514 (0x2b99dd03) lhu     s10, 697(s3)
core   0: 3 0x80001514 (0x2b99dd03) x26 0x00000000 mem 0x800157e2
core   0: 0x80001518 (0x1c19da83) lhu     s5, 449(s3)
core   0: 3 0x80001518 (0x1c19da83) x21 0x00000000 mem 0x800156ea
core   0: 0x8000151c (0x1c19da03) lhu     s4, 449(s3)
core   0: 3 0x8000151c (0x1c19da03) x20 0x00000000 mem 0x800156ea
core   0: 0x80001520 (0x0ff0000f) fence   iorw,iorw
core   0: 3 0x80001520 (0x0ff0000f)
core   0: 0x80001524 (0x6f398083) lb      ra, 1779(s3)
core   0: 3 0x80001524 (0x6f398083) x 1 0x00000000 mem 0x80015c1c
core   0: 0x80001528 (0x3c198ca3) sb      ra, 985(s3)
core   0: 3 0x80001528 (0x3c198ca3) mem 0x80015902 0x0
core   0: 0x8000152c (0x34e98d23) sb      a4, 858(s3)
core   0: 3 0x8000152c (0x34e98d23) mem 0x80015883 0x0
core   0: 0x80001530 (0x49e98323) sb      t5, 1158(s3)
core   0: 3 0x80001530 (0x49e98323) mem 0x800159af 0x1
core   0: 0x80001534 (0xd1c98523) sb      t3, -758(s3)
core   0: 3 0x80001534 (0xd1c98523) mem 0x80015233 0x50
core   0: 0x80001538 (0xd0a98783) lb      a5, -758(s3)
core   0: 3 0x80001538 (0xd0a98783) x15 0x00000050 mem 0x80015233
core   0: 0x8000153c (0x0399cc03) lbu     s8, 57(s3)
core   0: 3 0x8000153c (0x0399cc03) x24 0x00000000 mem 0x80015562
core   0: 0x80001540 (0x3079c083) lbu     ra, 775(s3)
core   0: 3 0x80001540 (0x3079c083) x 1 0x00000000 mem 0x80015830
core   0: 0x80001544 (0x004542b3) xor     t0, a0, tp
core   0: 3 0x80001544 (0x004542b3) x 5 0x8002ece4
core   0: 0x80001548 (0x11698683) lb      a3, 278(s3)
core   0: 3 0x80001548 (0x11698683) x13 0x00000000 mem 0x8001563f
core   0: 0x8000154c (0x00018e17) auipc   t3, 0x18
core   0: 3 0x8000154c (0x00018e17) x28 0x8001954c
core   0: 0x80001550 (0x7afe0e13) addi    t3, t3, 1967
core   0: 3 0x80001550 (0x7afe0e13) x28 0x80019cfb
core   0: 0x80001554 (0x02fe4403) lbu     s0, 47(t3)
core   0: 3 0x80001554 (0x02fe4403) x 8 0x00000000 mem 0x80019d2a
core   0: 0x80001558 (0xfe6e4e83) lbu     t4, -26(t3)
core   0: 3 0x80001558 (0xfe6e4e83) x29 0x00000000 mem 0x80019ce1
core   0: 0x8000155c (0x02fe02a3) sb      a5, 37(t3)
core   0: 3 0x8000155c (0x02fe02a3) mem 0x80019d20 0x50
core   0: 0x80001560 (0x024e1fa3) sh      tp, 63(t3)
core   0: 3 0x80001560 (0x024e1fa3) mem 0x80019d3a 0x0000
core   0: 0x80001564 (0x013ab0b3) sltu    ra, s5, s3
core   0: 3 0x80001564 (0x013ab0b3) x 1 0x00000001
core   0: 0x80001568 (0x0092ba33) sltu    s4, t0, s1
core   0: 3 0x80001568 (0x0092ba33) x20 0x00000000
core   0: 0x8000156c (0x0000100f) fence.i
core   0: 3 0x8000156c (0x0000100f)
core   0: 0x80001570 (0xfdde08a3) sb      t4, -47(t3)
core   0: 3 0x80001570 (0xfdde08a3) mem 0x80019ccc 0x0
core   0: 0x80001574 (0x03be0f23) sb      s11, 62(t3)
core   0: 3 0x80001574 (0x03be0f23) mem 0x80019d39 0x0
core   0: 0x80001578 (0x40e20ab3) sub     s5, tp, a4
core   0: 3 0x80001578 (0x40e20ab3) x21 0x00000000
core   0: 0x8000157c (0xd1bee413) ori     s0, t4, -741
core   0: 3 0x8000157c (0xd1bee413) x 8 0xfffffd1b
core   0: 0x80001580 (0x01be5c03) lhu     s8, 27(t3)
core   0: 3 0x80001580 (0x01be5c03) x24 0x00000000 mem 0x80019d16
core   0: 0x80001584 (0x011e9293) slli    t0, t4, 17
core   0: 3 0x80001584 (0x011e9293) x 5 0x00000000
core   0: 0x80001588 (0x00be0903) lb      s2, 11(t3)
core   0: 3 0x80001588 (0x00be0903) x18 0x00000000 mem 0x80019d06
core   0: 0x8000158c (0x40e25a33) sra     s4, tp, a4
core   0: 3 0x8000158c (0x40e25a33) x20 0x00000000
core   0: 0x80001590 (0x01c01033) sll     zero, zero, t3
core   0: 3 0x80001590 (0x01c01033)
core   0: 0x80001594 (0xfe3e1b03) lh      s6, -29(t3)
core   0: 3 0x80001594 (0xfe3e1b03) x22 0x00000000 mem 0x80019cde
core   0: 0x80001598 (0x023e09a3) sb      gp, 51(t3)
core   0: 3 0x80001598 (0x023e09a3) mem 0x80019d2e 0x0
core   0: 0x8000159c (0xfe4e0823) sb      tp, -16(t3)
core   0: 3 0x8000159c (0xfe4e0823) mem 0x80019ceb 0x0
core   0: 0x800015a0 (0xa9888293) addi    t0, a7, -1384
core   0: 3 0x800015a0 (0xa9888293) x 5 0xfffffae8
core   0: 0x800015a4 (0x03cb7093) andi    ra, s6, 60
core   0: 3 0x800015a4 (0x03cb7093) x 1 0x00000000
core   0: 0x800015a8 (0x003dfeb3) and     t4, s11, gp
core   0: 3 0x800015a8 (0x003dfeb3) x29 0x00000000
core   0: 0x800015ac (0x00b836b3) sltu    a3, a6, a1
core   0: 3 0x800015ac (0x00b836b3) x13 0x00000000
core   0: 0x800015b0 (0x0000100f) fence.i
core   0: 3 0x800015b0 (0x0000100f)
core   0: 0x800015b4 (0x7854ff93) andi    t6, s1, 1925
core   0: 3 0x800015b4 (0x7854ff93) x31 0x00000000
core   0: 0x800015b8 (0xfd6e0303) lb      t1, -42(t3)
core   0: 3 0x800015b8 (0xfd6e0303) x 6 0x00000000 mem 0x80019cd1
core   0: 0x800015bc (0x00de0583) lb      a1, 13(t3)
core   0: 3 0x800015bc (0x00de0583) x11 0x00000000 mem 0x80019d08
core   0: 0x800015c0 (0xd8490597) auipc   a1, 0xd8490
core   0: 3 0x800015c0 (0xd8490597) x11 0x584915c0
core   0: 0x800015c4 (0x029e11a3) sh      s1, 35(t3)
core   0: 3 0x800015c4 (0x029e11a3) mem 0x80019d1e 0x0000
core   0: 0x800015c8 (0xd78a2493) slti    s1, s4, -648
core   0: 3 0x800015c8 (0xd78a2493) x 9 0x00000000
core   0: 0x800015cc (0x01e8a333) slt     t1, a7, t5
core   0: 3 0x800015cc (0x01e8a333) x 6 0x00000000
core   0: 0x800015d0 (0xffde0f23) sb      t4, -2(t3)
core   0: 3 0x800015d0 (0xffde0f23) mem 0x80019cf9 0x0
core   0: 0x800015d4 (0x004c5293) srli    t0, s8, 4
core   0: 3 0x800015d4 (0x004c5293) x 5 0x00000000
core   0: 0x800015d8 (0xf652a9b7) lui     s3, 0xf652a
core   0: 3 0x800015d8 (0xf652a9b7) x19 0xf652a000
core   0: 0x800015dc (0x00ae0783) lb      a5, 10(t3)
core   0: 3 0x800015dc (0x00ae0783) x15 0x00000000 mem 0x80019d05
core   0: 0x800015e0 (0x010ef233) and     tp, t4, a6
core   0: 3 0x800015e0 (0x010ef233) x 4 0x00000000
core   0: 0x800015e4 (0x003be2b3) or      t0, s7, gp
core   0: 3 0x800015e4 (0x003be2b3) x 5 0xd1eeaab3
core   0: 0x800015e8 (0x011c2ab3) slt     s5, s8, a7
core   0: 3 0x800015e8 (0x011c2ab3) x21 0x00000001
core   0: 0x800015ec (0x03ae4a83) lbu     s5, 58(t3)
core   0: 3 0x800015ec (0x03ae4a83) x21 0x00000000 mem 0x80019d35
core   0: 0x800015f0 (0x00859693) slli    a3, a1, 8
core   0: 3 0x800015f0 (0x00859693) x13 0x4915c000
core   0: 0x800015f4 (0x020e0da3) sb      zero, 59(t3)
core   0: 3 0x800015f4 (0x020e0da3) mem 0x80019d36 0x0
core   0: 0x800015f8 (0x03fe0603) lb      a2, 63(t3)
core   0: 3 0x800015f8 (0x03fe0603) x12 0x00000000 mem 0x80019d3a
core   0: 0x800015fc (0xfcbe1683) lh      a3, -53(t3)
core   0: 3 0x800015fc (0xfcbe1683) x13 0x00000000 mem 0x80019cc6
core   0: 0x80001600 (0x03ee15a3) sh      t5, 43(t3)
core   0: 3 0x80001600 (0x03ee15a3) mem 0x80019d26 0xfe01
core   0: 0x80001604 (0xfe3e0523) sb      gp, -22(t3)
core   0: 3 0x80001604 (0xfe3e0523) mem 0x80019ce5 0x0
core   0: 0x80001608 (0x039e4b03) lbu     s6, 57(t3)
core   0: 3 0x80001608 (0x039e4b03) x22 0x00000000 mem 0x80019d34
core   0: 0x8000160c (0xfdce4403) lbu     s0, -36(t3)
core   0: 3 0x8000160c (0xfdce4403) x 8 0x00000000 mem 0x80019cd7
core   0: 0x80001610 (0x00881d13) slli    s10, a6, 8
core   0: 3 0x80001610 (0x00881d13) x26 0x00000000
core   0: 0x80001614 (0x02ae0583) lb      a1, 42(t3)
core   0: 3 0x80001614 (0x02ae0583) x11 0x00000000 mem 0x80019d25
core   0: 0x80001618 (0xfcbe14a3) sh      a1, -55(t3)
core   0: 3 0x80001618 (0xfcbe14a3) mem 0x80019cc4 0x0000
core   0: 0x8000161c (0x025e4c03) lbu     s8, 37(t3)
core   0: 3 0x8000161c (0x025e4c03) x24 0x00000050 mem 0x80019d20
core   0: 0x80001620 (0x00023a17) auipc   s4, 0x23
core   0: 3 0x80001620 (0x00023a17) x20 0x80024620
core   0: 0x80001624 (0x2aaa0a13) addi    s4, s4, 682
core   0: 3 0x80001624 (0x2aaa0a13) x20 0x800248ca
core   0: 0x80001628 (0xfc9a05a3) sb      s1, -53(s4)
core   0: 3 0x80001628 (0xfc9a05a3) mem 0x80024895 0x0
core   0: 0x8000162c (0xfcba0183) lb      gp, -53(s4)
core   0: 3 0x8000162c (0xfcba0183) x 3 0x00000000 mem 0x80024895
core   0: 0x80001630 (0xd053ec93) ori     s9, t2, -763
core   0: 3 0x80001630 (0xd053ec93) x25 0xfffffd05
core   0: 0x80001634 (0xfcba4603) lbu     a2, -53(s4)
core   0: 3 0x80001634 (0xfcba4603) x12 0x00000000 mem 0x80024895
core   0: 0x80001638 (0xfcba0183) lb      gp, -53(s4)
core   0: 3 0x80001638 (0xfcba0183) x 3 0x00000000 mem 0x80024895
core   0: 0x8000163c (0x3f2773b7) lui     t2, 0x3f277
core   0: 3 0x8000163c (0x3f2773b7) x 7 0x3f277000
core   0: 0x80001640 (0x0124cc33) xor     s8, s1, s2
core   0: 3 0x80001640 (0x0124cc33) x24 0x00000000
core   0: 0x80001644 (0x00000013) nop
core   0: 3 0x80001644 (0x00000013)
core   0: 0x80001648 (0xfcba4a83) lbu     s5, -53(s4)
core   0: 3 0x80001648 (0xfcba4a83) x21 0x00000000 mem 0x80024895
core   0: 0x8000164c (0xfc3a05a3) sb      gp, -53(s4)
core   0: 3 0x8000164c (0xfc3a05a3) mem 0x80024895 0x0
core   0: 0x80001650 (0x0132bb33) sltu    s6, t0, s3
core   0: 3 0x80001650 (0x0132bb33) x22 0x00000001
core   0: 0x80001654 (0xfcba0003) lb      zero, -53(s4)
core   0: 3 0x80001654 (0xfcba0003) mem 0x80024895
core   0: 0x80001658 (0xfcba0e03) lb      t3, -53(s4)
core   0: 3 0x80001658 (0xfcba0e03) x28 0x00000000 mem 0x80024895
core   0: 0x8000165c (0xfd1a05a3) sb      a7, -53(s4)
core   0: 3 0x8000165c (0xfd1a05a3) mem 0x80024895 0x50
core   0: 0x80001660 (0xfc4a05a3) sb      tp, -53(s4)
core   0: 3 0x80001660 (0xfc4a05a3) mem 0x80024895 0x0
core   0: 0x80001664 (0xfdaa05a3) sb      s10, -53(s4)
core   0: 3 0x80001664 (0xfdaa05a3) mem 0x80024895 0x0
core   0: 0x80001668 (0x0001e817) auipc   a6, 0x1e
core   0: 3 0x80001668 (0x0001e817) x16 0x8001f668
core   0: 0x8000166c (0x2b280813) addi    a6, a6, 690
core   0: 3 0x8000166c (0x2b280813) x16 0x8001f91a
core   0: 0x80001670 (0x018803a3) sb      s8, 7(a6)
core   0: 3 0x80001670 (0x018803a3) mem 0x8001f921 0x0
core   0: 0x80001674 (0x414fdeb3) sra     t4, t6, s4
core   0: 3 0x80001674 (0x414fdeb3) x29 0x00000000
core   0: 0x80001678 (0x00784683) lbu     a3, 7(a6)
core   0: 3 0x80001678 (0x00784683) x13 0x00000000 mem 0x8001f921
core   0: 0x8000167c (0x012803a3) sb      s2, 7(a6)
core   0: 3 0x8000167c (0x012803a3) mem 0x8001f921 0x0
core   0: 0x80001680 (0xfed82923) sw      a3, -14(a6)
core   0: 3 0x80001680 (0xfed82923) mem 0x8001f90c 0x00000000
core   0: 0x80001684 (0xfef82923) sw      a5, -14(a6)
core   0: 3 0x80001684 (0xfef82923) mem 0x8001f90c 0x00000000
core   0: 0x80001688 (0x2b9a6c37) lui     s8, 0x2b9a6
core   0: 3 0x80001688 (0x2b9a6c37) x24 0x2b9a6000
core   0: 0x8000168c (0xff282583) lw      a1, -14(a6)
core   0: 3 0x8000168c (0xff282583) x11 0x00000000 mem 0x8001f90c
core   0: 0x80001690 (0x00000013) nop
core   0: 3 0x80001690 (0x00000013)
core   0: 0x80001694 (0xff580003) lb      zero, -11(a6)
core   0: 3 0x80001694 (0xff580003) mem 0x8001f90f
core   0: 0x80001698 (0x01235713) srli    a4, t1, 18
core   0: 3 0x80001698 (0x01235713) x14 0x00000000
core   0: 0x8000169c (0xff584383) lbu     t2, -11(a6)
core   0: 3 0x8000169c (0xff584383) x 7 0x00000000 mem 0x8001f90f
core   0: 0x800016a0 (0xff580b03) lb      s6, -11(a6)
core   0: 3 0x800016a0 (0xff580b03) x22 0x00000000 mem 0x8001f90f
core   0: 0x800016a4 (0xff584b03) lbu     s6, -11(a6)
core   0: 3 0x800016a4 (0xff584b03) x22 0x00000000 mem 0x8001f90f
core   0: 0x800016a8 (0xff580183) lb      gp, -11(a6)
core   0: 3 0x800016a8 (0xff580183) x 3 0x00000000 mem 0x8001f90f
core   0: 0x800016ac (0xff580aa3) sb      s5, -11(a6)
core   0: 3 0x800016ac (0xff580aa3) mem 0x8001f90f 0x0
core   0: 0x800016b0 (0xff580a83) lb      s5, -11(a6)
core   0: 3 0x800016b0 (0xff580a83) x21 0x00000000 mem 0x8001f90f
core   0: 0x800016b4 (0xff680aa3) sb      s6, -11(a6)
core   0: 3 0x800016b4 (0xff680aa3) mem 0x8001f90f 0x0
core   0: 0x800016b8 (0xff584603) lbu     a2, -11(a6)
core   0: 3 0x800016b8 (0xff584603) x12 0x00000000 mem 0x8001f90f
core   0: 0x800016bc (0xff584d83) lbu     s11, -11(a6)
core   0: 3 0x800016bc (0xff584d83) x27 0x00000000 mem 0x8001f90f
core   0: 0x800016c0 (0xff580083) lb      ra, -11(a6)
core   0: 3 0x800016c0 (0xff580083) x 1 0x00000000 mem 0x8001f90f
core   0: 0x800016c4 (0x00017617) auipc   a2, 0x17
core   0: 3 0x800016c4 (0x00017617) x12 0x800186c4
core   0: 0x800016c8 (0xe6160613) addi    a2, a2, -415
core   0: 3 0x800016c8 (0xe6160613) x12 0x80018525
core   0: 0x800016cc (0x00017397) auipc   t2, 0x17
core   0: 3 0x800016cc (0x00017397) x 7 0x800186cc
core   0: 0x800016d0 (0xbfe38393) addi    t2, t2, -1026
core   0: 3 0x800016d0 (0xbfe38393) x 7 0x800182ca
core   0: 0x800016d4 (0xfe038a03) lb      s4, -32(t2)
core   0: 3 0x800016d4 (0xfe038a03) x20 0x00000000 mem 0x800182aa
core   0: 0x800016d8 (0xfd6385a3) sb      s6, -53(t2)
core   0: 3 0x800016d8 (0xfd6385a3) mem 0x80018295 0x0
core   0: 0x800016dc (0x69a60003) lb      zero, 1690(a2)
core   0: 3 0x800016dc (0x69a60003) mem 0x80018bbf
core   0: 0x800016e0 (0x03c3c303) lbu     t1, 60(t2)
core   0: 3 0x800016e0 (0x03c3c303) x 6 0x00000000 mem 0x80018306
core   0: 0x800016e4 (0x038386a3) sb      s8, 45(t2)
core   0: 3 0x800016e4 (0x038386a3) mem 0x800182f7 0x0
core   0: 0x800016e8 (0xdee60d03) lb      s10, -530(a2)
core   0: 3 0x800016e8 (0xdee60d03) x26 0x00000000 mem 0x80018313
core   0: 0x800016ec (0xfcc39483) lh      s1, -52(t2)
core   0: 3 0x800016ec (0xfcc39483) x 9 0x00000000 mem 0x80018296
core   0: 0x800016f0 (0x73561303) lh      t1, 1845(a2)
core   0: 3 0x800016f0 (0x73561303) x 6 0x00000000 mem 0x80018c5a
core   0: 0x800016f4 (0xf0460c83) lb      s9, -252(a2)
core   0: 3 0x800016f4 (0xf0460c83) x25 0x00000000 mem 0x80018429
core   0: 0x800016f8 (0xff33c883) lbu     a7, -13(t2)
core   0: 3 0x800016f8 (0xff33c883) x17 0x00000000 mem 0x800182bd
core   0: 0x800016fc (0x0183c403) lbu     s0, 24(t2)
core   0: 3 0x800016fc (0x0183c403) x 8 0x00000000 mem 0x800182e2
core   0: 0x80001700 (0x01638023) sb      s6, 0(t2)
core   0: 3 0x80001700 (0x01638023) mem 0x800182ca 0x0
core   0: 0x80001704 (0x01838483) lb      s1, 24(t2)
core   0: 3 0x80001704 (0x01838483) x 9 0x00000000 mem 0x800182e2
core   0: 0x80001708 (0x95264983) lbu     s3, -1710(a2)
core   0: 3 0x80001708 (0x95264983) x19 0x00000000 mem 0x80017e77
core   0: 0x8000170c (0x01c385a3) sb      t3, 11(t2)
core   0: 3 0x8000170c (0x01c385a3) mem 0x800182d5 0x0
core   0: 0x80001710 (0x00014297) auipc   t0, 0x14
core   0: 3 0x80001710 (0x00014297) x 5 0x80015710
core   0: 0x80001714 (0x03a28293) addi    t0, t0, 58
core   0: 3 0x80001714 (0x03a28293) x 5 0x8001574a
core   0: 0x80001718 (0x02728aa3) sb      t2, 53(t0)
core   0: 3 0x80001718 (0x02728aa3) mem 0x8001577f 0xca
core   0: 0x8000171c (0x03628583) lb      a1, 54(t0)
core   0: 3 0x8000171c (0x03628583) x11 0x00000000 mem 0x80015780
core   0: 0x80001720 (0xff928c23) sb      s9, -8(t0)
core   0: 3 0x80001720 (0xff928c23) mem 0x80015742 0x0
core   0: 0x80001724 (0x00009eb3) sll     t4, ra, zero
core   0: 3 0x80001724 (0x00009eb3) x29 0x00000000
core   0: 0x80001728 (0x7157f913) andi    s2, a5, 1813
core   0: 3 0x80001728 (0x7157f913) x18 0x00000000
core   0: 0x8000172c (0xfef28e83) lb      t4, -17(t0)
core   0: 3 0x8000172c (0xfef28e83) x29 0x00000000 mem 0x80015739
core   0: 0x80001730 (0x0192c083) lbu     ra, 25(t0)
core   0: 3 0x80001730 (0x0192c083) x 1 0x00000000 mem 0x80015763
core   0: 0x80001734 (0xfdf283a3) sb      t6, -57(t0)
core   0: 3 0x80001734 (0xfdf283a3) mem 0x80015711 0x0
core   0: 0x80001738 (0x00649593) slli    a1, s1, 6
core   0: 3 0x80001738 (0x00649593) x11 0x00000000
core   0: 0x8000173c (0xfec2c983) lbu     s3, -20(t0)
core   0: 3 0x8000173c (0xfec2c983) x19 0x00000000 mem 0x80015736
core   0: 0x80001740 (0x403b5613) srai    a2, s6, 3
core   0: 3 0x80001740 (0x403b5613) x12 0x00000000
core   0: 0x80001744 (0x01028983) lb      s3, 16(t0)
core   0: 3 0x80001744 (0x01028983) x19 0x00000000 mem 0x8001575a
core   0: 0x80001748 (0x01028903) lb      s2, 16(t0)
core   0: 3 0x80001748 (0x01028903) x18 0x00000000 mem 0x8001575a
core   0: 0x8000174c (0x01165233) srl     tp, a2, a7
core   0: 3 0x8000174c (0x01165233) x 4 0x00000000
core   0: 0x80001750 (0xfd62dc03) lhu     s8, -42(t0)
core   0: 3 0x80001750 (0xfd62dc03) x24 0x00000000 mem 0x80015720
core   0: 0x80001754 (0x0022d303) lhu     t1, 2(t0)
core   0: 3 0x80001754 (0x0022d303) x 6 0x00000000 mem 0x8001574c
core   0: 0x80001758 (0x00229e83) lh      t4, 2(t0)
core   0: 3 0x80001758 (0x00229e83) x29 0x00000000 mem 0x8001574c
core   0: 0x8000175c (0x00b2ce83) lbu     t4, 11(t0)
core   0: 3 0x8000175c (0x00b2ce83) x29 0x00000000 mem 0x80015755
core   0: 0x80001760 (0x00b2c903) lbu     s2, 11(t0)
core   0: 3 0x80001760 (0x00b2c903) x18 0x00000000 mem 0x80015755
core   0: 0x80001764 (0x02d2c603) lbu     a2, 45(t0)
core   0: 3 0x80001764 (0x02d2c603) x12 0x00000000 mem 0x80015777
core   0: 0x80001768 (0x0162a323) sw      s6, 6(t0)
core   0: 3 0x80001768 (0x0162a323) mem 0x80015750 0x00000000
core   0: 0x8000176c (0x0062d683) lhu     a3, 6(t0)
core   0: 3 0x8000176c (0x0062d683) x13 0x00000000 mem 0x80015750
core   0: 0x80001770 (0x00022797) auipc   a5, 0x22
core   0: 3 0x80001770 (0x00022797) x15 0x80023770
core   0: 0x80001774 (0x03478793) addi    a5, a5, 52
core   0: 3 0x80001774 (0x03478793) x15 0x800237a4
core   0: 0x80001778 (0x011c2eb3) slt     t4, s8, a7
core   0: 3 0x80001778 (0x011c2eb3) x29 0x00000000
core   0: 0x8000177c (0x67978a03) lb      s4, 1657(a5)
core   0: 3 0x8000177c (0x67978a03) x20 0x00000000 mem 0x80023e1d
core   0: 0x80001780 (0x88e79d83) lh      s11, -1906(a5)
core   0: 3 0x80001780 (0x88e79d83) x27 0x00000000 mem 0x80023032
core   0: 0x80001784 (0x0ff0000f) fence   iorw,iorw
core   0: 3 0x80001784 (0x0ff0000f)
core   0: 0x80001788 (0xc0f79923) sh      a5, -1006(a5)
core   0: 3 0x80001788 (0xc0f79923) mem 0x800233b6 0x37a4
core   0: 0x8000178c (0x1c97c703) lbu     a4, 457(a5)
core   0: 3 0x8000178c (0x1c97c703) x14 0x00000000 mem 0x8002396d
core   0: 0x80001790 (0xa0d87f13) andi    t5, a6, -1523
core   0: 3 0x80001790 (0xa0d87f13) x30 0x8001f808
core   0: 0x80001794 (0x0000100f) fence.i
core   0: 3 0x80001794 (0x0000100f)
core   0: 0x80001798 (0xef879903) lh      s2, -264(a5)
core   0: 3 0x80001798 (0xef879903) x18 0x00000000 mem 0x8002369c
core   0: 0x8000179c (0x0ff0000f) fence   iorw,iorw
core   0: 3 0x8000179c (0x0ff0000f)
core   0: 0x800017a0 (0x12978e23) sb      s1, 316(a5)
core   0: 3 0x800017a0 (0x12978e23) mem 0x800238e0 0x0
core   0: 0x800017a4 (0xea678403) lb      s0, -346(a5)
core   0: 3 0x800017a4 (0xea678403) x 8 0x00000000 mem 0x8002364a
core   0: 0x800017a8 (0x013c7fb3) and     t6, s8, s3
core   0: 3 0x800017a8 (0x013c7fb3) x31 0x00000000
core   0: 0x800017ac (0x9361f913) andi    s2, gp, -1738
core   0: 3 0x800017ac (0x9361f913) x18 0x00000000
core   0: 0x800017b0 (0x0162c033) xor     zero, t0, s6
core   0: 3 0x800017b0 (0x0162c033)
core   0: 0x800017b4 (0xe1e1b213) sltiu   tp, gp, -482
core   0: 3 0x800017b4 (0xe1e1b213) x 4 0x00000001
core   0: 0x800017b8 (0x410bd733) sra     a4, s7, a6
core   0: 3 0x800017b8 (0x410bd733) x14 0xfffffff4
core   0: 0x800017bc (0x41dd8c33) sub     s8, s11, t4
core   0: 3 0x800017bc (0x41dd8c33) x24 0x00000000
core   0: 0x800017c0 (0x55c48293) addi    t0, s1, 1372
core   0: 3 0x800017c0 (0x55c48293) x 5 0x0000055c
core   0: 0x800017c4 (0xfc3262b7) lui     t0, 0xfc326
core   0: 3 0x800017c4 (0xfc3262b7) x 5 0xfc326000
core   0: 0x800017c8 (0x00000013) nop
core   0: 3 0x800017c8 (0x00000013)
core   0: 0x800017cc (0xf6b8d5b7) lui     a1, 0xf6b8d
core   0: 3 0x800017cc (0xf6b8d5b7) x11 0xf6b8d000
core   0: 0x800017d0 (0x4d768493) addi    s1, a3, 1239
core   0: 3 0x800017d0 (0x4d768493) x 9 0x000004d7
core   0: 0x800017d4 (0x3417c403) lbu     s0, 833(a5)
core   0: 3 0x800017d4 (0x3417c403) x 8 0x00000000 mem 0x80023ae5
core   0: 0x800017d8 (0x00dc1693) slli    a3, s8, 13
core   0: 3 0x800017d8 (0x00dc1693) x13 0x00000000
core   0: 0x800017dc (0xec778983) lb      s3, -313(a5)
core   0: 3 0x800017dc (0xec778983) x19 0x00000000 mem 0x8002366b
core   0: 0x800017e0 (0xe5b78283) lb      t0, -421(a5)
core   0: 3 0x800017e0 (0xe5b78283) x 5 0x00000000 mem 0x800235ff
core   0: 0x800017e4 (0x414a5c93) srai    s9, s4, 20
core   0: 3 0x800017e4 (0x414a5c93) x25 0x00000000
core   0: 0x800017e8 (0xe914e393) ori     t2, s1, -367
core   0: 3 0x800017e8 (0xe914e393) x 7 0xfffffed7
core   0: 0x800017ec (0x49f78923) sb      t6, 1170(a5)
core   0: 3 0x800017ec (0x49f78923) mem 0x80023c36 0x0
core   0: 0x800017f0 (0x096aee13) ori     t3, s5, 150
core   0: 3 0x800017f0 (0x096aee13) x28 0x00000096
core   0: 0x800017f4 (0x011e7d33) and     s10, t3, a7
core   0: 3 0x800017f4 (0x011e7d33) x26 0x00000000
core   0: 0x800017f8 (0x0ff0000f) fence   iorw,iorw
core   0: 3 0x800017f8 (0x0ff0000f)
core   0: 0x800017fc (0xfed78903) lb      s2, -19(a5)
core   0: 3 0x800017fc (0xfed78903) x18 0x00000000 mem 0x80023791
core   0: 0x80001800 (0x4a079a83) lh      s5, 1184(a5)
core   0: 3 0x80001800 (0x4a079a83) x21 0x00000000 mem 0x80023c44
core   0: 0x80001804 (0x00fd91b3) sll     gp, s11, a5
core   0: 3 0x80001804 (0x00fd91b3) x 3 0x00000000
core   0: 0x80001808 (0x4437c303) lbu     t1, 1091(a5)
core   0: 3 0x80001808 (0x4437c303) x 6 0x00000000 mem 0x80023be7
core   0: 0x8000180c (0xa69cc937) lui     s2, 0xa69cc
core   0: 3 0x8000180c (0xa69cc937) x18 0xa69cc000
core   0: 0x80001810 (0x29c783a3) sb      t3, 647(a5)
core   0: 3 0x80001810 (0x29c783a3) mem 0x80023a2b 0x96
core   0: 0x80001814 (0x58179f23) sh      ra, 1438(a5)
core   0: 3 0x80001814 (0x58179f23) mem 0x80023d42 0x0000
core   0: 0x80001818 (0xb6a781a3) sb      a0, -1181(a5)
core   0: 3 0x80001818 (0xb6a781a3) mem 0x80023307 0xe4
core   0: 0x8000181c (0x86d78703) lb      a4, -1939(a5)
core   0: 3 0x8000181c (0x86d78703) x14 0x00000000 mem 0x80023011
core   0: 0x80001820 (0xc14f7093) andi    ra, t5, -1004
core   0: 3 0x80001820 (0xc14f7093) x 1 0x8001f800
core   0: 0x80001824 (0xce287313) andi    t1, a6, -798
core   0: 3 0x80001824 (0xce287313) x 6 0x8001f802
core   0: 0x80001828 (0x01d79db3) sll     s11, a5, t4
core   0: 3 0x80001828 (0x01d79db3) x27 0x800237a4
core   0: 0x8000182c (0x5037c903) lbu     s2, 1283(a5)
core   0: 3 0x8000182c (0x5037c903) x18 0x00000000 mem 0x80023ca7
core   0: 0x80001830 (0xd5078ba3) sb      a6, -681(a5)
core   0: 3 0x80001830 (0xd5078ba3) mem 0x800234fb 0x1a
core   0: 0x80001834 (0x8bf7c803) lbu     a6, -1857(a5)
core   0: 3 0x80001834 (0x8bf7c803) x16 0x00000000 mem 0x80023063
core   0: 0x80001838 (0x0ff0000f) fence   iorw,iorw
core   0: 3 0x80001838 (0x0ff0000f)
core   0: 0x8000183c (0x4fc7c303) lbu     t1, 1276(a5)
core   0: 3 0x8000183c (0x4fc7c303) x 6 0x00000000 mem 0x80023ca0
core   0: 0x80001840 (0x41565f33) sra     t5, a2, s5
core   0: 3 0x80001840 (0x41565f33) x30 0x00000000
core   0: 0x80001844 (0x21b78323) sb      s11, 518(a5)
core   0: 3 0x80001844 (0x21b78323) mem 0x800239aa 0xa4
core   0: 0x80001848 (0x99e79d23) sh      t5, -1638(a5)
core   0: 3 0x80001848 (0x99e79d23) mem 0x8002313e 0x0000
core   0: 0x8000184c (0x4c07dd03) lhu     s10, 1216(a5)
core   0: 3 0x8000184c (0x4c07dd03) x26 0x00000000 mem 0x80023c64
core   0: 0x80001850 (0x0a578603) lb      a2, 165(a5)
core   0: 3 0x80001850 (0x0a578603) x12 0x00000000 mem 0x80023849
core   0: 0x80001854 (0x40f78603) lb      a2, 1039(a5)
core   0: 3 0x80001854 (0x40f78603) x12 0x00000000 mem 0x80023bb3
core   0: 0x80001858 (0x0001cc17) auipc   s8, 0x1c
core   0: 3 0x80001858 (0x0001cc17) x24 0x8001d858
core   0: 0x8000185c (0xde1c0c13) addi    s8, s8, -543
core   0: 3 0x8000185c (0xde1c0c13) x24 0x8001d639
core   0: 0x80001860 (0x00f4b733) sltu    a4, s1, a5
core   0: 3 0x80001860 (0x00f4b733) x14 0x00000001
core   0: 0x80001864 (0x57fc4603) lbu     a2, 1407(s8)
core   0: 3 0x80001864 (0x57fc4603) x12 0x00000000 mem 0x8001dbb8
core   0: 0x80001868 (0x381c0a23) sb      ra, 916(s8)
core   0: 3 0x80001868 (0x381c0a23) mem 0x8001d9cd 0x0
core   0: 0x8000186c (0xdca46d13) ori     s10, s0, -566
core   0: 3 0x8000186c (0xdca46d13) x26 0xfffffdca
core   0: 0x80001870 (0x0ff0000f) fence   iorw,iorw
core   0: 3 0x80001870 (0x0ff0000f)
core   0: 0x80001874 (0xc5dc0583) lb      a1, -931(s8)
core   0: 3 0x80001874 (0xc5dc0583) x11 0x00000000 mem 0x8001d296
core   0: 0x80001878 (0xf56c0583) lb      a1, -170(s8)
core   0: 3 0x80001878 (0xf56c0583) x11 0x00000000 mem 0x8001d58f
core   0: 0x8000187c (0xf335b593) sltiu   a1, a1, -205
core   0: 3 0x8000187c (0xf335b593) x11 0x00000001
core   0: 0x80001880 (0x1fac0703) lb      a4, 506(s8)
core   0: 3 0x80001880 (0x1fac0703) x14 0x00000000 mem 0x8001d833
core   0: 0x80001884 (0x013a2733) slt     a4, s4, s3
core   0: 3 0x80001884 (0x013a2733) x14 0x00000000
core   0: 0x80001888 (0x2ef4bf93) sltiu   t6, s1, 751
core   0: 3 0x80001888 (0x2ef4bf93) x31 0x00000000
core   0: 0x8000188c (0x0ff0000f) fence   iorw,iorw
core   0: 3 0x8000188c (0x0ff0000f)
core   0: 0x80001890 (0x01420d33) add     s10, tp, s4
core   0: 3 0x80001890 (0x01420d33) x26 0x00000001
core   0: 0x80001894 (0xe8c12a13) slti    s4, sp, -372
core   0: 3 0x80001894 (0xe8c12a13) x20 0x00000001
core   0: 0x80001898 (0x7d0c4583) lbu     a1, 2000(s8)
core   0: 3 0x80001898 (0x7d0c4583) x11 0x00000000 mem 0x8001de09
core   0: 0x8000189c (0x00753733) sltu    a4, a0, t2
core   0: 3 0x8000189c (0x00753733) x14 0x00000001
core   0: 0x800018a0 (0x127c5983) lhu     s3, 295(s8)
core   0: 3 0x800018a0 (0x127c5983) x19 0x00000000 mem 0x8001d760
core   0: 0x800018a4 (0x0000100f) fence.i
core   0: 3 0x800018a4 (0x0000100f)
core   0: 0x800018a8 (0xb87c0a03) lb      s4, -1145(s8)
core   0: 3 0x800018a8 (0xb87c0a03) x20 0x00000000 mem 0x8001d1c0
core   0: 0x800018ac (0x02ac1da3) sh      a0, 59(s8)
core   0: 3 0x800018ac (0x02ac1da3) mem 0x8001d674 0xece4
core   0: 0x800018b0 (0xce0c1da3) sh      zero, -773(s8)
core   0: 3 0x800018b0 (0xce0c1da3) mem 0x8001d334 0x0000
core   0: 0x800018b4 (0x4a6c0183) lb      gp, 1190(s8)
core   0: 3 0x800018b4 (0x4a6c0183) x 3 0x00000000 mem 0x8001dadf
core   0: 0x800018b8 (0xd48c4683) lbu     a3, -696(s8)
core   0: 3 0x800018b8 (0xd48c4683) x13 0x00000000 mem 0x8001d381
core   0: 0x800018bc (0x00014f97) auipc   t6, 0x14
core   0: 3 0x800018bc (0x00014f97) x31 0x800158bc
core   0: 0x800018c0 (0x834f8f93) addi    t6, t6, -1996
core   0: 3 0x800018c0 (0x834f8f93) x31 0x800150f0
core   0: 0x800018c4 (0x00014d17) auipc   s10, 0x14
core   0: 3 0x800018c4 (0x00014d17) x26 0x800158c4
core   0: 0x800018c8 (0x6e2d0d13) addi    s10, s10, 1762
core   0: 3 0x800018c8 (0x6e2d0d13) x26 0x80015fa6
core   0: 0x800018cc (0xfedd0d23) sb      a3, -6(s10)
core   0: 3 0x800018cc (0xfedd0d23) mem 0x80015fa0 0x0
core   0: 0x800018d0 (0xff6d08a3) sb      s6, -15(s10)
core   0: 3 0x800018d0 (0xff6d08a3) mem 0x80015f97 0x0
core   0: 0x800018d4 (0x223fa423) sw      gp, 552(t6)
core   0: 3 0x800018d4 (0x223fa423) mem 0x80015318 0x00000000
core   0: 0x800018d8 (0x00014a17) auipc   s4, 0x14
core   0: 3 0x800018d8 (0x00014a17) x20 0x800158d8
core   0: 0x800018dc (0xb6aa0a13) addi    s4, s4, -1174
core   0: 3 0x800018dc (0xb6aa0a13) x20 0x80015442
core   0: 0x800018e0 (0xf45a4683) lbu     a3, -187(s4)
core   0: 3 0x800018e0 (0xf45a4683) x13 0x00000000 mem 0x80015387
core   0: 0x800018e4 (0x010d0203) lb      tp, 16(s10)
core   0: 3 0x800018e4 (0x010d0203) x 4 0x00000000 mem 0x80015fb6
core   0: 0x800018e8 (0x4a4f9b03) lh      s6, 1188(t6)
core   0: 3 0x800018e8 (0x4a4f9b03) x22 0x00000000 mem 0x80015594
core   0: 0x800018ec (0xfe9d0fa3) sb      s1, -1(s10)
core   0: 3 0x800018ec (0xfe9d0fa3) mem 0x80015fa5 0xd7
core   0: 0x800018f0 (0x16bf8523) sb      a1, 362(t6)
core   0: 3 0x800018f0 (0x16bf8523) mem 0x8001525a 0x0
core   0: 0x800018f4 (0xf1ea4203) lbu     tp, -226(s4)
core   0: 3 0x800018f4 (0xf1ea4203) x 4 0x00000000 mem 0x80015360
core   0: 0x800018f8 (0x29bfc603) lbu     a2, 667(t6)
core   0: 3 0x800018f8 (0x29bfc603) x12 0x00000000 mem 0x8001538b
core   0: 0x800018fc (0xfe7a0383) lb      t2, -25(s4)
core   0: 3 0x800018fc (0xfe7a0383) x 7 0x00000000 mem 0x80015429
core   0: 0x80001900 (0xff6d1383) lh      t2, -10(s10)
core   0: 3 0x80001900 (0xff6d1383) x 7 0x00000000 mem 0x80015f9c
core   0: 0x80001904 (0x063a0c83) lb      s9, 99(s4)
core   0: 3 0x80001904 (0x063a0c83) x25 0x00000000 mem 0x800154a5
core   0: 0x80001908 (0x58df8783) lb      a5, 1421(t6)
core   0: 3 0x80001908 (0x58df8783) x15 0x00000000 mem 0x8001567d
core   0: 0x8000190c (0x48bf82a3) sb      a1, 1157(t6)
core   0: 3 0x8000190c (0x48bf82a3) mem 0x80015575 0x0
core   0: 0x80001910 (0x002d05a3) sb      sp, 11(s10)
core   0: 3 0x80001910 (0x002d05a3) mem 0x80015fb1 0x64
core   0: 0x80001914 (0xf9da0e03) lb      t3, -99(s4)
core   0: 3 0x80001914 (0xf9da0e03) x28 0x00000000 mem 0x800153df
core   0: 0x80001918 (0x003d4383) lbu     t2, 3(s10)
core   0: 3 0x80001918 (0x003d4383) x 7 0x00000000 mem 0x80015fa9
core   0: 0x8000191c (0xfffa0323) sb      t6, -26(s4)
core   0: 3 0x8000191c (0xfffa0323) mem 0x80015428 0xf0
core   0: 0x80001920 (0x0b9a04a3) sb      s9, 169(s4)
core   0: 3 0x80001920 (0x0b9a04a3) mem 0x800154eb 0x0
core   0: 0x80001924 (0x737f82a3) sb      s7, 1829(t6)
core   0: 3 0x80001924 (0x737f82a3) mem 0x80015815 0xb3
core   0: 0x80001928 (0xf92a1723) sh      s2, -114(s4)
core   0: 3 0x80001928 (0xf92a1723) mem 0x800153d0 0x0000
core   0: 0x8000192c (0x00017d97) auipc   s11, 0x17
core   0: 3 0x8000192c (0x00017d97) x27 0x8001892c
core   0: 0x80001930 (0x01bd8d93) addi    s11, s11, 27
core   0: 3 0x80001930 (0x01bd8d93) x27 0x80018947
core   0: 0x80001934 (0x68bd9203) lh      tp, 1675(s11)
core   0: 3 0x80001934 (0x68bd9203) x 4 0x00000000 mem 0x80018fd2
core   0: 0x80001938 (0x400506b3) sub     a3, a0, zero
core   0: 3 0x80001938 (0x400506b3) x13 0x8002ece4
core   0: 0x8000193c (0x40f9d4b3) sra     s1, s3, a5
core   0: 3 0x8000193c (0x40f9d4b3) x 9 0x00000000
core   0: 0x80001940 (0x4017dfb3) sra     t6, a5, ra
core   0: 3 0x80001940 (0x4017dfb3) x31 0x00000000
core   0: 0x80001944 (0xcaedc783) lbu     a5, -850(s11)
core   0: 3 0x80001944 (0xcaedc783) x15 0x00000000 mem 0x800185f5
core   0: 0x80001948 (0x019c5b33) srl     s6, s8, s9
core   0: 3 0x80001948 (0x019c5b33) x22 0x8001d639
core   0: 0x8000194c (0x05ddce03) lbu     t3, 93(s11)
core   0: 3 0x8000194c (0x05ddce03) x28 0x00000000 mem 0x800189a4
core   0: 0x80001950 (0x00dd7833) and     a6, s10, a3
core   0: 3 0x80001950 (0x00dd7833) x16 0x80004ca4
core   0: 0x80001954 (0xe1fdca03) lbu     s4, -481(s11)
core   0: 3 0x80001954 (0xe1fdca03) x20 0x00000000 mem 0x80018766
core   0: 0x80001958 (0x00a49033) sll     zero, s1, a0
core   0: 3 0x80001958 (0x00a49033)
core   0: 0x8000195c (0x6e5d0e13) addi    t3, s10, 1765
core   0: 3 0x8000195c (0x6e5d0e13) x28 0x8001668b
core   0: 0x80001960 (0xcf6d8823) sb      s6, -784(s11)
core   0: 3 0x80001960 (0xcf6d8823) mem 0x80018637 0x39
core   0: 0x80001964 (0x414bde93) srai    t4, s7, 20
core   0: 3 0x80001964 (0x414bde93) x29 0xfffffd1e
core   0: 0x80001968 (0x0f7d9ea3) sh      s7, 253(s11)
core   0: 3 0x80001968 (0x0f7d9ea3) mem 0x80018a44 0xaab3
core   0: 0x8000196c (0x257dde03) lhu     t3, 599(s11)
core   0: 3 0x8000196c (0x257dde03) x28 0x00000000 mem 0x80018b9e
core   0: 0x80001970 (0x0185a733) slt     a4, a1, s8
core   0: 3 0x80001970 (0x0185a733) x14 0x00000000
core   0: 0x80001974 (0x00563f33) sltu    t5, a2, t0
core   0: 3 0x80001974 (0x00563f33) x30 0x00000000
core   0: 0x80001978 (0xeebd9fa3) sh      a1, -257(s11)
core   0: 3 0x80001978 (0xeebd9fa3) mem 0x80018846 0x0000
core   0: 0x8000197c (0xf5fd9b03) lh      s6, -161(s11)
core   0: 3 0x8000197c (0xf5fd9b03) x22 0x00000000 mem 0x800188a6
core   0: 0x80001980 (0x50c27013) andi    zero, tp, 1292
core   0: 3 0x80001980 (0x50c27013)
core   0: 0x80001984 (0xb0e32a93) slti    s5, t1, -1266
core   0: 3 0x80001984 (0xb0e32a93) x21 0x00000000
core   0: 0x80001988 (0x0ff0000f) fence   iorw,iorw
core   0: 3 0x80001988 (0x0ff0000f)
core   0: 0x8000198c (0x4c2d8203) lb      tp, 1218(s11)
core   0: 3 0x8000198c (0x4c2d8203) x 4 0x00000000 mem 0x80018e09
core   0: 0x80001990 (0x04cffb17) auipc   s6, 0x4cff
core   0: 3 0x80001990 (0x04cffb17) x22 0x84d00990
core   0: 0x80001994 (0x195d9c83) lh      s9, 405(s11)
core   0: 3 0x80001994 (0x195d9c83) x25 0x00000000 mem 0x80018adc
core   0: 0x80001998 (0xe4bdda03) lhu     s4, -437(s11)
core   0: 3 0x80001998 (0xe4bdda03) x20 0x00000000 mem 0x80018792
core   0: 0x8000199c (0x00fc6e33) or      t3, s8, a5
core   0: 3 0x8000199c (0x00fc6e33) x28 0x8001d639
core   0: 0x800019a0 (0x894dcb03) lbu     s6, -1900(s11)
core   0: 3 0x800019a0 (0x894dcb03) x22 0x00000000 mem 0x800181db
core   0: 0x800019a4 (0x1afd8183) lb      gp, 431(s11)
core   0: 3 0x800019a4 (0x1afd8183) x 3 0x00000000 mem 0x80018af6
core   0: 0x800019a8 (0x268d8283) lb      t0, 616(s11)
core   0: 3 0x800019a8 (0x268d8283) x 5 0x00000000 mem 0x80018baf
core   0: 0x800019ac (0x01da1713) slli    a4, s4, 29
core   0: 3 0x800019ac (0x01da1713) x14 0x00000000
core   0: 0x800019b0 (0x004f15b3) sll     a1, t5, tp
core   0: 3 0x800019b0 (0x004f15b3) x11 0x00000000
core   0: 0x800019b4 (0xd13dc383) lbu     t2, -749(s11)
core   0: 3 0x800019b4 (0xd13dc383) x 7 0x00000000 mem 0x8001865a
core   0: 0x800019b8 (0xb9adc683) lbu     a3, -1126(s11)
core   0: 3 0x800019b8 (0xb9adc683) x13 0x00000000 mem 0x800184e1
core   0: 0x800019bc (0x42bdc183) lbu     gp, 1067(s11)
core   0: 3 0x800019bc (0x42bdc183) x 3 0x00000000 mem 0x80018d72
core   0: 0x800019c0 (0xcc7d8a03) lb      s4, -825(s11)
core   0: 3 0x800019c0 (0xcc7d8a03) x20 0x00000000 mem 0x8001860e
core   0: 0x800019c4 (0x00014997) auipc   s3, 0x14
core   0: 3 0x800019c4 (0x00014997) x19 0x800159c4
core   0: 0x800019c8 (0xeb898993) addi    s3, s3, -328
core   0: 3 0x800019c8 (0xeb898993) x19 0x8001587c
core   0: 0x800019cc (0x0ff0000f) fence   iorw,iorw
core   0: 3 0x800019cc (0x0ff0000f)
core   0: 0x800019d0 (0x82292393) slti    t2, s2, -2014
core   0: 3 0x800019d0 (0x82292393) x 7 0x00000000
core   0: 0x800019d4 (0x0039cf83) lbu     t6, 3(s3)
core   0: 3 0x800019d4 (0x0039cf83) x31 0x00000000 mem 0x8001587f
core   0: 0x800019d8 (0x01698123) sb      s6, 2(s3)
core   0: 3 0x800019d8 (0x01698123) mem 0x8001587e 0x0
core   0: 0x800019dc (0x01399123) sh      s3, 2(s3)
core   0: 3 0x800019dc (0x01399123) mem 0x8001587e 0x587c
core   0: 0x800019e0 (0x01998123) sb      s9, 2(s3)
core   0: 3 0x800019e0 (0x01998123) mem 0x8001587e 0x0
core   0: 0x800019e4 (0x004e1e13) slli    t3, t3, 4
core   0: 3 0x800019e4 (0x004e1e13) x28 0x001d6390
core   0: 0x800019e8 (0x00299483) lh      s1, 2(s3)
core   0: 3 0x800019e8 (0x00299483) x 9 0x00005800 mem 0x8001587e
core   0: 0x800019ec (0x0029cc03) lbu     s8, 2(s3)
core   0: 3 0x800019ec (0x0029cc03) x24 0x00000000 mem 0x8001587e
core   0: 0x800019f0 (0x00b76db3) or      s11, a4, a1
core   0: 3 0x800019f0 (0x00b76db3) x27 0x00000000
core   0: 0x800019f4 (0x0029d303) lhu     t1, 2(s3)
core   0: 3 0x800019f4 (0x0029d303) x 6 0x00005800 mem 0x8001587e
core   0: 0x800019f8 (0x00898123) sb      s0, 2(s3)
core   0: 3 0x800019f8 (0x00898123) mem 0x8001587e 0x0
core   0: 0x800019fc (0x00f98123) sb      a5, 2(s3)
core   0: 3 0x800019fc (0x00f98123) mem 0x8001587e 0x0
core   0: 0x80001a00 (0x00299083) lh      ra, 2(s3)
core   0: 3 0x80001a00 (0x00299083) x 1 0x00005800 mem 0x8001587e
core   0: 0x80001a04 (0x0029de03) lhu     t3, 2(s3)
core   0: 3 0x80001a04 (0x0029de03) x28 0x00005800 mem 0x8001587e
core   0: 0x80001a08 (0x015e1b33) sll     s6, t3, s5
core   0: 3 0x80001a08 (0x015e1b33) x22 0x00005800
core   0: 0x80001a0c (0x0029d083) lhu     ra, 2(s3)
core   0: 3 0x80001a0c (0x0029d083) x 1 0x00005800 mem 0x8001587e
core   0: 0x80001a10 (0x00298b03) lb      s6, 2(s3)
core   0: 3 0x80001a10 (0x00298b03) x22 0x00000000 mem 0x8001587e
core   0: 0x80001a14 (0x00024217) auipc   tp, 0x24
core   0: 3 0x80001a14 (0x00024217) x 4 0x80025a14
core   0: 0x80001a18 (0x41120213) addi    tp, tp, 1041
core   0: 3 0x80001a18 (0x41120213) x 4 0x80025e25
core   0: 0x80001a1c (0x01d20803) lb      a6, 29(tp)
core   0: 3 0x80001a1c (0x01d20803) x16 0x00000000 mem 0x80025e42
core   0: 0x80001a20 (0x1a2fc393) xori    t2, t6, 418
core   0: 3 0x80001a20 (0x1a2fc393) x 7 0x000001a2
core   0: 0x80001a24 (0x00932e33) slt     t3, t1, s1
core   0: 3 0x80001a24 (0x00932e33) x28 0x00000000
core   0: 0x80001a28 (0x06e213a3) sh      a4, 103(tp)
core   0: 3 0x80001a28 (0x06e213a3) mem 0x80025e8c 0x0000
core   0: 0x80001a2c (0x00000013) nop
core   0: 3 0x80001a2c (0x00000013)
core   0: 0x80001a30 (0x00925f03) lhu     t5, 9(tp)
core   0: 3 0x80001a30 (0x00925f03) x30 0x00000000 mem 0x80025e2e
core   0: 0x80001a34 (0xb04d0993) addi    s3, s10, -1276
core   0: 3 0x80001a34 (0xb04d0993) x19 0x80015aaa
core   0: 0x80001a38 (0xf69204a3) sb      s1, -151(tp)
core   0: 3 0x80001a38 (0xf69204a3) mem 0x80025d8e 0x0
core   0: 0x80001a3c (0x01d201b3) add     gp, tp, t4
core   0: 3 0x80001a3c (0x01d201b3) x 3 0x80025b43
core   0: 0x80001a40 (0x5a824917) auipc   s2, 0x5a824
core   0: 3 0x80001a40 (0x5a824917) x18 0xda825a40
core   0: 0x80001a44 (0x011bbe33) sltu    t3, s7, a7
core   0: 3 0x80001a44 (0x011bbe33) x28 0x00000000
core   0: 0x80001a48 (0x40008d33) sub     s10, ra, zero
core   0: 3 0x80001a48 (0x40008d33) x26 0x00005800
core   0: 0x80001a4c (0x05424303) lbu     t1, 84(tp)
core   0: 3 0x80001a4c (0x05424303) x 6 0x00000000 mem 0x80025e79
core   0: 0x80001a50 (0x9bdc7c93) andi    s9, s8, -1603
core   0: 3 0x80001a50 (0x9bdc7c93) x25 0x00000000
core   0: 0x80001a54 (0x0da202a3) sb      s10, 197(tp)
core   0: 3 0x80001a54 (0x0da202a3) mem 0x80025eea 0x0
core   0: 0x80001a58 (0x41f3da13) srai    s4, t2, 31
core   0: 3 0x80001a58 (0x41f3da13) x20 0x00000000
core   0: 0x80001a5c (0x0a724303) lbu     t1, 167(tp)
core   0: 3 0x80001a5c (0x0a724303) x 6 0x00000000 mem 0x80025ecc
core   0: 0x80001a60 (0xfbe20483) lb      s1, -66(tp)
core   0: 3 0x80001a60 (0xfbe20483) x 9 0x00000000 mem 0x80025de3
core   0: 0x80001a64 (0x34646c13) ori     s8, s0, 838
core   0: 3 0x80001a64 (0x34646c13) x24 0x00000346
core   0: 0x80001a68 (0x00000013) nop
core   0: 3 0x80001a68 (0x00000013)
core   0: 0x80001a6c (0xf2324f83) lbu     t6, -221(tp)
core   0: 3 0x80001a6c (0xf2324f83) x31 0x00000000 mem 0x80025d48
core   0: 0x80001a70 (0x59bbdeb7) lui     t4, 0x59bbd
core   0: 3 0x80001a70 (0x59bbdeb7) x29 0x59bbd000
core   0: 0x80001a74 (0xf6120aa3) sb      ra, -139(tp)
core   0: 3 0x80001a74 (0xf6120aa3) mem 0x80025d9a 0x0
core   0: 0x80001a78 (0x41408433) sub     s0, ra, s4
core   0: 3 0x80001a78 (0x41408433) x 8 0x00005800
core   0: 0x80001a7c (0x08820d03) lb      s10, 136(tp)
core   0: 3 0x80001a7c (0x08820d03) x26 0x00000000 mem 0x80025ead
core   0: 0x80001a80 (0x0c720283) lb      t0, 199(tp)
core   0: 3 0x80001a80 (0x0c720283) x 5 0x00000000 mem 0x80025eec
core   0: 0x80001a84 (0x03c20f83) lb      t6, 60(tp)
core   0: 3 0x80001a84 (0x03c20f83) x31 0x00000000 mem 0x80025e61
core   0: 0x80001a88 (0x0ff0000f) fence   iorw,iorw
core   0: 3 0x80001a88 (0x0ff0000f)
core   0: 0x80001a8c (0x0ab20d83) lb      s11, 171(tp)
core   0: 3 0x80001a8c (0x0ab20d83) x27 0x00000000 mem 0x80025ed0
core   0: 0x80001a90 (0xb6a0e193) ori     gp, ra, -1174
core   0: 3 0x80001a90 (0xb6a0e193) x 3 0xfffffb6a
core   0: 0x80001a94 (0x06f200a3) sb      a5, 97(tp)
core   0: 3 0x80001a94 (0x06f200a3) mem 0x80025e86 0x0
core   0: 0x80001a98 (0x0141dc13) srli    s8, gp, 20
core   0: 3 0x80001a98 (0x0141dc13) x24 0x00000fff
core   0: 0x80001a9c (0xf0120303) lb      t1, -255(tp)
core   0: 3 0x80001a9c (0xf0120303) x 6 0x00000000 mem 0x80025d26
core   0: 0x80001aa0 (0x0f520123) sb      s5, 226(tp)
core   0: 3 0x80001aa0 (0x0f520123) mem 0x80025f07 0x0
core   0: 0x80001aa4 (0xe3096093) ori     ra, s2, -464
core   0: 3 0x80001aa4 (0xe3096093) x 1 0xfffffe70
core   0: 0x80001aa8 (0x00925b03) lhu     s6, 9(tp)
core   0: 3 0x80001aa8 (0x00925b03) x22 0x00000000 mem 0x80025e2e
core   0: 0x80001aac (0x00034eb3) xor     t4, t1, zero
core   0: 3 0x80001aac (0x00034eb3) x29 0x00000000
core   0: 0x80001ab0 (0xf4220783) lb      a5, -190(tp)
core   0: 3 0x80001ab0 (0xf4220783) x15 0x00000000 mem 0x80025d67
core   0: 0x80001ab4 (0x01b24e03) lbu     t3, 27(tp)
core   0: 3 0x80001ab4 (0x01b24e03) x28 0x00000000 mem 0x80025e40
core   0: 0x80001ab8 (0x00014f17) auipc   t5, 0x14
core   0: 3 0x80001ab8 (0x00014f17) x30 0x80015ab8
core   0: 0x80001abc (0x1f0f0f13) addi    t5, t5, 496
core   0: 3 0x80001abc (0x1f0f0f13) x30 0x80015ca8
core   0: 0x80001ac0 (0x00000013) nop
core   0: 3 0x80001ac0 (0x00000013)
core   0: 0x80001ac4 (0x00381b33) sll     s6, a6, gp
core   0: 3 0x80001ac4 (0x00381b33) x22 0x00000000
core   0: 0x80001ac8 (0xb48f1823) sh      s0, -1200(t5)
core   0: 3 0x80001ac8 (0xb48f1823) mem 0x800157f8 0x5800
core   0: 0x80001acc (0xc15e7893) andi    a7, t3, -1003
core   0: 3 0x80001acc (0xc15e7893) x17 0x00000000
core   0: 0x80001ad0 (0x55970b13) addi    s6, a4, 1369
core   0: 3 0x80001ad0 (0x55970b13) x22 0x00000559
core   0: 0x80001ad4 (0x00e2eb33) or      s6, t0, a4
core   0: 3 0x80001ad4 (0x00e2eb33) x22 0x00000000
core   0: 0x80001ad8 (0x2ee0bc13) sltiu   s8, ra, 750
core   0: 3 0x80001ad8 (0x2ee0bc13) x24 0x00000000
core   0: 0x80001adc (0xad2f0523) sb      s2, -1334(t5)
core   0: 3 0x80001adc (0xad2f0523) mem 0x80015772 0x40
core   0: 0x80001ae0 (0x9e8f2783) lw      a5, -1560(t5)
core   0: 3 0x80001ae0 (0x9e8f2783) x15 0x00000000 mem 0x80015690
core   0: 0x80001ae4 (0x00000013) nop
core   0: 3 0x80001ae4 (0x00000013)
core   0: 0x80001ae8 (0xea1f1c23) sh      ra, -328(t5)
core   0: 3 0x80001ae8 (0xea1f1c23) mem 0x80015b60 0xfe70
core   0: 0x80001aec (0x13af0e83) lb      t4, 314(t5)
core   0: 3 0x80001aec (0x13af0e83) x29 0x00000000 mem 0x80015de2
core   0: 0x80001af0 (0x982263b7) lui     t2, 0x98226
core   0: 3 0x80001af0 (0x982263b7) x 7 0x98226000
core   0: 0x80001af4 (0xb7af0ea3) sb      s10, -1155(t5)
core   0: 3 0x80001af4 (0xb7af0ea3) mem 0x80015825 0x0
core   0: 0x80001af8 (0x044f4983) lbu     s3, 68(t5)
core   0: 3 0x80001af8 (0x044f4983) x19 0x00000000 mem 0x80015cec
core   0: 0x80001afc (0x0108fb33) and     s6, a7, a6
core   0: 3 0x80001afc (0x0108fb33) x22 0x00000000
core   0: 0x80001b00 (0x1fcf2223) sw      t3, 484(t5)
core   0: 3 0x80001b00 (0x1fcf2223) mem 0x80015e8c 0x00000000
core   0: 0x80001b04 (0x868f2703) lw      a4, -1944(t5)
core   0: 3 0x80001b04 (0x868f2703) x14 0x00000000 mem 0x80015510
core   0: 0x80001b08 (0x72daa1b7) lui     gp, 0x72daa
core   0: 3 0x80001b08 (0x72daa1b7) x 3 0x72daa000
core   0: 0x80001b0c (0xb8ff4083) lbu     ra, -1137(t5)
core   0: 3 0x80001b0c (0xb8ff4083) x 1 0x00000000 mem 0x80015837
core   0: 0x80001b10 (0x01efbb33) sltu    s6, t6, t5
core   0: 3 0x80001b10 (0x01efbb33) x22 0x00000001
core   0: 0x80001b14 (0x00000013) nop
core   0: 3 0x80001b14 (0x00000013)
core   0: 0x80001b18 (0x40c85d33) sra     s10, a6, a2
core   0: 3 0x80001b18 (0x40c85d33) x26 0x00000000
core   0: 0x80001b1c (0x01c112b3) sll     t0, sp, t3
core   0: 3 0x80001b1c (0x01c112b3) x 5 0x8002ae64
core   0: 0x80001b20 (0xf21f0e83) lb      t4, -223(t5)
core   0: 3 0x80001b20 (0xf21f0e83) x29 0x00000000 mem 0x80015bc9
core   0: 0x80001b24 (0x00014b17) auipc   s6, 0x14
core   0: 3 0x80001b24 (0x00014b17) x22 0x80015b24
core   0: 0x80001b28 (0x51eb0b13) addi    s6, s6, 1310
core   0: 3 0x80001b28 (0x51eb0b13) x22 0x80016042
core   0: 0x80001b2c (0xe1bb0c83) lb      s9, -485(s6)
core   0: 3 0x80001b2c (0xe1bb0c83) x25 0x00000000 mem 0x80015e5d
core   0: 0x80001b30 (0xbec22e93) slti    t4, tp, -1044
core   0: 3 0x80001b30 (0xbec22e93) x29 0x00000001
core   0: 0x80001b34 (0x40f6dc13) srai    s8, a3, 15
core   0: 3 0x80001b34 (0x40f6dc13) x24 0x00000000
core   0: 0x80001b38 (0x805b0603) lb      a2, -2043(s6)
core   0: 3 0x80001b38 (0x805b0603) x12 0x00000000 mem 0x80015847
core   0: 0x80001b3c (0x9b8b5583) lhu     a1, -1608(s6)
core   0: 3 0x80001b3c (0x9b8b5583) x11 0x00000000 mem 0x800159fa
core   0: 0x80001b40 (0x95236e93) ori     t4, t1, -1710
core   0: 3 0x80001b40 (0x95236e93) x29 0xfffff952
core   0: 0x80001b44 (0x00cbdc33) srl     s8, s7, a2
core   0: 3 0x80001b44 (0x00cbdc33) x24 0xd1eeaab3
core   0: 0x80001b48 (0xab2b0783) lb      a5, -1358(s6)
core   0: 3 0x80001b48 (0xab2b0783) x15 0x00000000 mem 0x80015af4
core   0: 0x80001b4c (0x872b1683) lh      a3, -1934(s6)
core   0: 3 0x80001b4c (0x872b1683) x13 0x00000000 mem 0x800158b4
core   0: 0x80001b50 (0xb14b0603) lb      a2, -1260(s6)
core   0: 3 0x80001b50 (0xb14b0603) x12 0x00000000 mem 0x80015b56
core   0: 0x80001b54 (0xd05b0803) lb      a6, -763(s6)
core   0: 3 0x80001b54 (0xd05b0803) x16 0x00000000 mem 0x80015d47
core   0: 0x80001b58 (0xbd6b05a3) sb      s6, -1077(s6)
core   0: 3 0x80001b58 (0xbd6b05a3) mem 0x80015c0d 0x42
core   0: 0x80001b5c (0xe6eb2183) lw      gp, -402(s6)
core   0: 3 0x80001b5c (0xe6eb2183) x 3 0x00000000 mem 0x80015eb0
core   0: 0x80001b60 (0xf18b0ca3) sb      s8, -231(s6)
core   0: 3 0x80001b60 (0xf18b0ca3) mem 0x80015f5b 0xb3
core   0: 0x80001b64 (0x01d79d93) slli    s11, a5, 29
core   0: 3 0x80001b64 (0x01d79d93) x27 0x00000000
core   0: 0x80001b68 (0x9a6b01a3) sb      t1, -1629(s6)
core   0: 3 0x80001b68 (0x9a6b01a3) mem 0x800159e5 0x0
core   0: 0x80001b6c (0x572d35b7) lui     a1, 0x572d3
core   0: 3 0x80001b6c (0x572d35b7) x11 0x572d3000
core   0: 0x80001b70 (0xa42b2d03) lw      s10, -1470(s6)
core   0: 3 0x80001b70 (0xa42b2d03) x26 0x00000000 mem 0x80015a84
core   0: 0x80001b74 (0x016a7733) and     a4, s4, s6
core   0: 3 0x80001b74 (0x016a7733) x14 0x00000000
core   0: 0x80001b78 (0x2b54b713) sltiu   a4, s1, 693
core   0: 3 0x80001b78 (0x2b54b713) x14 0x00000001
core   0: 0x80001b7c (0x055dc213) xori    tp, s11, 85
core   0: 3 0x80001b7c (0x055dc213) x 4 0x00000055
core   0: 0x80001b80 (0xf03b0983) lb      s3, -253(s6)
core   0: 3 0x80001b80 (0xf03b0983) x19 0x00000000 mem 0x80015f45
core   0: 0x80001b84 (0x0ff0000f) fence   iorw,iorw
core   0: 3 0x80001b84 (0x0ff0000f)
core   0: 0x80001b88 (0x9fab0e83) lb      t4, -1542(s6)
core   0: 3 0x80001b88 (0x9fab0e83) x29 0x00000000 mem 0x80015a3c
core   0: 0x80001b8c (0x00014297) auipc   t0, 0x14
core   0: 3 0x80001b8c (0x00014297) x 5 0x80015b8c
core   0: 0x80001b90 (0xf5128293) addi    t0, t0, -175
core   0: 3 0x80001b90 (0xf5128293) x 5 0x80015add
core   0: 0x80001b94 (0x93768d93) addi    s11, a3, -1737
core   0: 3 0x80001b94 (0x93768d93) x27 0xfffff937
core   0: 0x80001b98 (0x00080e33) add     t3, a6, zero
core   0: 3 0x80001b98 (0x00080e33) x28 0x00000000
core   0: 0x80001b9c (0xfc42ce03) lbu     t3, -60(t0)
core   0: 3 0x80001b9c (0xfc42ce03) x28 0x00000000 mem 0x80015aa1
core   0: 0x80001ba0 (0xf57291a3) sh      s7, -189(t0)
core   0: 3 0x80001ba0 (0xf57291a3) mem 0x80015a20 0xaab3
core   0: 0x80001ba4 (0x011aa733) slt     a4, s5, a7
core   0: 3 0x80001ba4 (0x011aa733) x14 0x00000000
core   0: 0x80001ba8 (0xf222cb03) lbu     s6, -222(t0)
core   0: 3 0x80001ba8 (0xf222cb03) x22 0x00000000 mem 0x800159ff
core   0: 0x80001bac (0x00e2a7a3) sw      a4, 15(t0)
core   0: 3 0x80001bac (0x00e2a7a3) mem 0x80015aec 0x00000000
core   0: 0x80001bb0 (0xf58286a3) sb      s8, -179(t0)
core   0: 3 0x80001bb0 (0xf58286a3) mem 0x80015a2a 0xb3
core   0: 0x80001bb4 (0xe35af413) andi    s0, s5, -459
core   0: 3 0x80001bb4 (0xe35af413) x 8 0x00000000
core   0: 0x80001bb8 (0x02128703) lb      a4, 33(t0)
core   0: 3 0x80001bb8 (0x02128703) x14 0x00000000 mem 0x80015afe
core   0: 0x80001bbc (0x00e9c733) xor     a4, s3, a4
core   0: 3 0x80001bbc (0x00e9c733) x14 0x00000000
core   0: 0x80001bc0 (0x0014f433) and     s0, s1, ra
core   0: 3 0x80001bc0 (0x0014f433) x 8 0x00000000
core   0: 0x80001bc4 (0x417f0933) sub     s2, t5, s7
core   0: 3 0x80001bc4 (0x417f0933) x18 0xae12b1f5
core   0: 0x80001bc8 (0x40ac5c93) srai    s9, s8, 10
core   0: 3 0x80001bc8 (0x40ac5c93) x25 0xfff47baa
core   0: 0x80001bcc (0x0612c683) lbu     a3, 97(t0)
core   0: 3 0x80001bcc (0x0612c683) x13 0x00000000 mem 0x80015b3e
core   0: 0x80001bd0 (0x08a2a9a3) sw      a0, 147(t0)
core   0: 3 0x80001bd0 (0x08a2a9a3) mem 0x80015b70 0x8002ece4
core   0: 0x80001bd4 (0x013ceab3) or      s5, s9, s3
core   0: 3 0x80001bd4 (0x013ceab3) x21 0xfff47baa
core   0: 0x80001bd8 (0x0de2cc03) lbu     s8, 222(t0)
core   0: 3 0x80001bd8 (0x0de2cc03) x24 0x00000000 mem 0x80015bbb
core   0: 0x80001bdc (0x07a28d83) lb      s11, 122(t0)
core   0: 3 0x80001bdc (0x07a28d83) x27 0x00000000 mem 0x80015b57
core   0: 0x80001be0 (0x4131deb3) sra     t4, gp, s3
core   0: 3 0x80001be0 (0x4131deb3) x29 0x00000000
core   0: 0x80001be4 (0xb2413593) sltiu   a1, sp, -1244
core   0: 3 0x80001be4 (0xb2413593) x11 0x00000001
core   0: 0x80001be8 (0x0162cf83) lbu     t6, 22(t0)
core   0: 3 0x80001be8 (0x0162cf83) x31 0x00000000 mem 0x80015af3
core   0: 0x80001bec (0x01a01733) sll     a4, zero, s10
core   0: 3 0x80001bec (0x01a01733) x14 0x00000000
core   0: 0x80001bf0 (0x005661b3) or      gp, a2, t0
core   0: 3 0x80001bf0 (0x005661b3) x 3 0x80015add
core   0: 0x80001bf4 (0x07b2c783) lbu     a5, 123(t0)
core   0: 3 0x80001bf4 (0x07b2c783) x15 0x00000000 mem 0x80015b58
core   0: 0x80001bf8 (0xf4b29703) lh      a4, -181(t0)
core   0: 3 0x80001bf8 (0xf4b29703) x14 0x00000000 mem 0x80015a28
core   0: 0x80001bfc (0x0e428d83) lb      s11, 228(t0)
core   0: 3 0x80001bfc (0x0e428d83) x27 0x00000000 mem 0x80015bc1
core   0: 0x80001c00 (0x0282c083) lbu     ra, 40(t0)
core   0: 3 0x80001c00 (0x0282c083) x 1 0x00000000 mem 0x80015b05
core   0: 0x80001c04 (0x01668b33) add     s6, a3, s6
core   0: 3 0x80001c04 (0x01668b33) x22 0x00000000
core   0: 0x80001c08 (0xa30dea13) ori     s4, s11, -1488
core   0: 3 0x80001c08 (0xa30dea13) x20 0xfffffa30
core   0: 0x80001c0c (0x0102c903) lbu     s2, 16(t0)
core   0: 3 0x80001c0c (0x0102c903) x18 0x00000000 mem 0x80015aed
core   0: 0x80001c10 (0xf572a083) lw      ra, -169(t0)
core   0: 3 0x80001c10 (0xf572a083) x 1 0x00000000 mem 0x80015a34
core   0: 0x80001c14 (0x00017f97) auipc   t6, 0x17
core   0: 3 0x80001c14 (0x00017f97) x31 0x80018c14
core   0: 0x80001c18 (0x1d7f8f93) addi    t6, t6, 471
core   0: 3 0x80001c18 (0x1d7f8f93) x31 0x80018deb
core   0: 0x80001c1c (0x0001f097) auipc   ra, 0x1f
core   0: 3 0x80001c1c (0x0001f097) x 1 0x80020c1c
core   0: 0x80001c20 (0x9c008093) addi    ra, ra, -1600
core   0: 3 0x80001c20 (0x9c008093) x 1 0x800205dc
core   0: 0x80001c24 (0xfc7f83a3) sb      t2, -57(t6)
core   0: 3 0x80001c24 (0xfc7f83a3) mem 0x80018db2 0x0
core   0: 0x80001c28 (0x00015997) auipc   s3, 0x15
core   0: 3 0x80001c28 (0x00015997) x19 0x80016c28
core   0: 0x80001c2c (0xe3f98993) addi    s3, s3, -449
core   0: 3 0x80001c2c (0xe3f98993) x19 0x80016a67
core   0: 0x80001c30 (0x00022417) auipc   s0, 0x22
core   0: 3 0x80001c30 (0x00022417) x 8 0x80023c30
core   0: 0x80001c34 (0xaed40413) addi    s0, s0, -1299
core   0: 3 0x80001c34 (0xaed40413) x 8 0x8002371d
core   0: 0x80001c38 (0x0001e317) auipc   t1, 0x1e
core   0: 3 0x80001c38 (0x0001e317) x 6 0x8001fc38
core   0: 0x80001c3c (0xacb30313) addi    t1, t1, -1333
core   0: 3 0x80001c3c (0xacb30313) x 6 0x8001f703
core   0: 0x80001c40 (0x0e298483) lb      s1, 226(s3)
core   0: 3 0x80001c40 (0x0e298483) x 9 0x00000000 mem 0x80016b49
core   0: 0x80001c44 (0xff008f23) sb      a6, -2(ra)
core   0: 3 0x80001c44 (0xff008f23) mem 0x800205da 0x0
core   0: 0x80001c48 (0x00b08423) sb      a1, 8(ra)
core   0: 3 0x80001c48 (0x00b08423) mem 0x800205e4 0x1
core   0: 0x80001c4c (0x0e9fcd83) lbu     s11, 233(t6)
core   0: 3 0x80001c4c (0x0e9fcd83) x27 0x00000000 mem 0x80018ed4
core   0: 0x80001c50 (0x01c083a3) sb      t3, 7(ra)
core   0: 3 0x80001c50 (0x01c083a3) mem 0x800205e3 0x0
core   0: 0x80001c54 (0xff840723) sb      s8, -18(s0)
core   0: 3 0x80001c54 (0xff840723) mem 0x8002370b 0x0
core   0: 0x80001c58 (0x098f8f03) lb      t5, 152(t6)
core   0: 3 0x80001c58 (0x098f8f03) x30 0x00000000 mem 0x80018e83
core   0: 0x80001c5c (0xfe830d03) lb      s10, -24(t1)
core   0: 3 0x80001c5c (0xfe830d03) x26 0x00000000 mem 0x8001f6eb
core   0: 0x80001c60 (0xfdd34683) lbu     a3, -35(t1)
core   0: 3 0x80001c60 (0xfdd34683) x13 0x00000000 mem 0x8001f6e0
core   0: 0x80001c64 (0x0849c903) lbu     s2, 132(s3)
core   0: 3 0x80001c64 (0x0849c903) x18 0x00000000 mem 0x80016aeb
core   0: 0x80001c68 (0xff2400a3) sb      s2, -31(s0)
core   0: 3 0x80001c68 (0xff2400a3) mem 0x800236fe 0x0
core   0: 0x80001c6c (0xfad9ac83) lw      s9, -83(s3)
core   0: 3 0x80001c6c (0xfad9ac83) x25 0x00000000 mem 0x80016a14
core   0: 0x80001c70 (0xfe831da3) sh      s0, -5(t1)
core   0: 3 0x80001c70 (0xfe831da3) mem 0x8001f6fe 0x371d
core   0: 0x80001c74 (0x026415a3) sh      t1, 43(s0)
core   0: 3 0x80001c74 (0x026415a3) mem 0x80023748 0xf703
core   0: 0x80001c78 (0x00cf8903) lb      s2, 12(t6)
core   0: 3 0x80001c78 (0x00cf8903) x18 0x00000000 mem 0x80018df7
core   0: 0x80001c7c (0xfcc30383) lb      t2, -52(t1)
core   0: 3 0x80001c7c (0xfcc30383) x 7 0x00000000 mem 0x8001f6cf
core   0: 0x80001c80 (0x00809703) lh      a4, 8(ra)
core   0: 3 0x80001c80 (0x00809703) x14 0x00000001 mem 0x800205e4
core   0: 0x80001c84 (0xfecf8803) lb      a6, -20(t6)
core   0: 3 0x80001c84 (0xfecf8803) x16 0x00000000 mem 0x80018dd7
core   0: 0x80001c88 (0xff308683) lb      a3, -13(ra)
core   0: 3 0x80001c88 (0xff308683) x13 0x00000000 mem 0x800205cf
core   0: 0x80001c8c (0x00d9cb03) lbu     s6, 13(s3)
core   0: 3 0x80001c8c (0x00d9cb03) x22 0x00000000 mem 0x80016a74
core   0: 0x80001c90 (0x0000a423) sw      zero, 8(ra)
core   0: 3 0x80001c90 (0x0000a423) mem 0x800205e4 0x00000000
core   0: 0x80001c94 (0xfc9423a3) sw      s1, -57(s0)
core   0: 3 0x80001c94 (0xfc9423a3) mem 0x800236e4 0x00000000
core   0: 0x80001c98 (0x091fac03) lw      s8, 145(t6)
core   0: 3 0x80001c98 (0x091fac03) x24 0x00000000 mem 0x80018e7c
core   0: 0x80001c9c (0xf119c903) lbu     s2, -239(s3)
core   0: 3 0x80001c9c (0xf119c903) x18 0x00000000 mem 0x80016978
core   0: 0x80001ca0 (0xfc744f03) lbu     t5, -57(s0)
core   0: 3 0x80001ca0 (0xfc744f03) x30 0x00000000 mem 0x800236e4
core   0: 0x80001ca4 (0xfa2f8a23) sb      sp, -76(t6)
core   0: 3 0x80001ca4 (0xfa2f8a23) mem 0x80018d9f 0x64
core   0: 0x80001ca8 (0xfd740c23) sb      s7, -40(s0)
core   0: 3 0x80001ca8 (0xfd740c23) mem 0x800236f5 0xb3
core   0: 0x80001cac (0xff608703) lb      a4, -10(ra)
core   0: 3 0x80001cac (0xff608703) x14 0x00000000 mem 0x800205d2
core   0: 0x80001cb0 (0x08898c23) sb      s0, 152(s3)
core   0: 3 0x80001cb0 (0x08898c23) mem 0x80016aff 0x1d
core   0: 0x80001cb4 (0xfee30823) sb      a4, -16(t1)
core   0: 3 0x80001cb4 (0xfee30823) mem 0x8001f6f3 0x0
core   0: 0x80001cb8 (0xfce34b03) lbu     s6, -50(t1)
core   0: 3 0x80001cb8 (0xfce34b03) x22 0x00000000 mem 0x8001f6d1
core   0: 0x80001cbc (0x00014617) auipc   a2, 0x14
core   0: 3 0x80001cbc (0x00014617) x12 0x80015cbc
core   0: 0x80001cc0 (0xc2d60613) addi    a2, a2, -979
core   0: 3 0x80001cc0 (0xc2d60613) x12 0x800158e9
core   0: 0x80001cc4 (0xff464783) lbu     a5, -12(a2)
core   0: 3 0x80001cc4 (0xff464783) x15 0x00000000 mem 0x800158dd
core   0: 0x80001cc8 (0xff664803) lbu     a6, -10(a2)
core   0: 3 0x80001cc8 (0xff664803) x16 0x00000000 mem 0x800158df
core   0: 0x80001ccc (0x014acf33) xor     t5, s5, s4
core   0: 3 0x80001ccc (0x014acf33) x30 0x000b819a
core   0: 0x80001cd0 (0x00128733) add     a4, t0, ra
core   0: 3 0x80001cd0 (0x00128733) x14 0x000360b9
core   0: 0x80001cd4 (0xff664903) lbu     s2, -10(a2)
core   0: 3 0x80001cd4 (0xff664903) x18 0x00000000 mem 0x800158df
core   0: 0x80001cd8 (0xff660383) lb      t2, -10(a2)
core   0: 3 0x80001cd8 (0xff660383) x 7 0x00000000 mem 0x800158df
core   0: 0x80001cdc (0xff464183) lbu     gp, -12(a2)
core   0: 3 0x80001cdc (0xff464183) x 3 0x00000000 mem 0x800158dd
core   0: 0x80001ce0 (0xff460583) lb      a1, -12(a2)
core   0: 3 0x80001ce0 (0xff460583) x11 0x00000000 mem 0x800158dd
core   0: 0x80001ce4 (0xfec60a23) sb      a2, -12(a2)
core   0: 3 0x80001ce4 (0xfec60a23) mem 0x800158dd 0xe9
core   0: 0x80001ce8 (0x00764803) lbu     a6, 7(a2)
core   0: 3 0x80001ce8 (0x00764803) x16 0x00000000 mem 0x800158f0
core   0: 0x80001cec (0x00d613a3) sh      a3, 7(a2)
core   0: 3 0x80001cec (0x00d613a3) mem 0x800158f0 0x0000
core   0: 0x80001cf0 (0x006623a3) sw      t1, 7(a2)
core   0: 3 0x80001cf0 (0x006623a3) mem 0x800158f0 0x8001f703
core   0: 0x80001cf4 (0x00014397) auipc   t2, 0x14
core   0: 3 0x80001cf4 (0x00014397) x 7 0x80015cf4
core   0: 0x80001cf8 (0xe2038393) addi    t2, t2, -480
core   0: 3 0x80001cf8 (0xe2038393) x 7 0x80015b14
core   0: 0x80001cfc (0xf2620c93) addi    s9, tp, -218
core   0: 3 0x80001cfc (0xf2620c93) x25 0xffffff7b
core   0: 0x80001d00 (0x01c38823) sb      t3, 16(t2)
core   0: 3 0x80001d00 (0x01c38823) mem 0x80015b24 0x0
core   0: 0x80001d04 (0x00f3c303) lbu     t1, 15(t2)
core   0: 3 0x80001d04 (0x00f3c303) x 6 0x00000000 mem 0x80015b23
core   0: 0x80001d08 (0x00c3aa83) lw      s5, 12(t2)
core   0: 3 0x80001d08 (0x00c3aa83) x21 0x00000000 mem 0x80015b20
core   0: 0x80001d0c (0x804a3593) sltiu   a1, s4, -2044
core   0: 3 0x80001d0c (0x804a3593) x11 0x00000000
core   0: 0x80001d10 (0x01663eb3) sltu    t4, a2, s6
core   0: 3 0x80001d10 (0x01663eb3) x29 0x00000000
core   0: 0x80001d14 (0x1bd80213) addi    tp, a6, 445
core   0: 3 0x80001d14 (0x1bd80213) x 4 0x000001bd
core   0: 0x80001d18 (0xffb38f83) lb      t6, -5(t2)
core   0: 3 0x80001d18 (0xffb38f83) x31 0x00000000 mem 0x80015b0f
core   0: 0x80001d1c (0x0003aa03) lw      s4, 0(t2)
core   0: 3 0x80001d1c (0x0003aa03) x20 0x00000000 mem 0x80015b14
core   0: 0x80001d20 (0x0d987c17) auipc   s8, 0xd987
core   0: 3 0x80001d20 (0x0d987c17) x24 0x8d988d20
core   0: 0x80001d24 (0xffe38283) lb      t0, -2(t2)
core   0: 3 0x80001d24 (0xffe38283) x 5 0x00000000 mem 0x80015b12
core   0: 0x80001d28 (0xfec38ca3) sb      a2, -7(t2)
core   0: 3 0x80001d28 (0xfec38ca3) mem 0x80015b0d 0xe9
core   0: 0x80001d2c (0x0013cd83) lbu     s11, 1(t2)
core   0: 3 0x80001d2c (0x0013cd83) x27 0x00000000 mem 0x80015b15
core   0: 0x80001d30 (0xffc38a83) lb      s5, -4(t2)
core   0: 3 0x80001d30 (0xffc38a83) x21 0x00000000 mem 0x80015b10
core   0: 0x80001d34 (0xffd38ba3) sb      t4, -9(t2)
core   0: 3 0x80001d34 (0xffd38ba3) mem 0x80015b0b 0x0
core   0: 0x80001d38 (0x01a38723) sb      s10, 14(t2)
core   0: 3 0x80001d38 (0x01a38723) mem 0x80015b22 0x0
core   0: 0x80001d3c (0x00369b13) slli    s6, a3, 3
core   0: 3 0x80001d3c (0x00369b13) x22 0x00000000
core   0: 0x80001d40 (0x00456ab3) or      s5, a0, tp
core   0: 3 0x80001d40 (0x00456ab3) x21 0x8002edfd
core   0: 0x80001d44 (0x4e833713) sltiu   a4, t1, 1256
core   0: 3 0x80001d44 (0x4e833713) x14 0x00000001
core   0: 0x80001d48 (0x00d97633) and     a2, s2, a3
core   0: 3 0x80001d48 (0x00d97633) x12 0x00000000
core   0: 0x80001d4c (0x31f0c2b7) lui     t0, 0x31f0c
core   0: 3 0x80001d4c (0x31f0c2b7) x 5 0x31f0c000
core   0: 0x80001d50 (0xffc3c583) lbu     a1, -4(t2)
core   0: 3 0x80001d50 (0xffc3c583) x11 0x00000000 mem 0x80015b10
core   0: 0x80001d54 (0x00e38f83) lb      t6, 14(t2)
core   0: 3 0x80001d54 (0x00e38f83) x31 0x00000000 mem 0x80015b22
core   0: 0x80001d58 (0xff538d83) lb      s11, -11(t2)
core   0: 3 0x80001d58 (0xff538d83) x27 0x00000000 mem 0x80015b09
core   0: 0x80001d5c (0x00838983) lb      s3, 8(t2)
core   0: 3 0x80001d5c (0x00838983) x19 0x00000000 mem 0x80015b1c
core   0: 0x80001d60 (0x01d3a423) sw      t4, 8(t2)
core   0: 3 0x80001d60 (0x01d3a423) mem 0x80015b1c 0x00000000
core   0: 0x80001d64 (0x005f2eb3) slt     t4, t5, t0
core   0: 3 0x80001d64 (0x005f2eb3) x29 0x00000001
core   0: 0x80001d68 (0x01991a93) slli    s5, s2, 25
core   0: 3 0x80001d68 (0x01991a93) x21 0x00000000
core   0: 0x80001d6c (0x00671033) sll     zero, a4, t1
core   0: 3 0x80001d6c (0x00671033)
core   0: 0x80001d70 (0xff338d03) lb      s10, -13(t2)
core   0: 3 0x80001d70 (0xff338d03) x26 0x00000000 mem 0x80015b07
core   0: 0x80001d74 (0x00aadc13) srli    s8, s5, 10
core   0: 3 0x80001d74 (0x00aadc13) x24 0x00000000
core   0: 0x80001d78 (0x56693093) sltiu   ra, s2, 1382
core   0: 3 0x80001d78 (0x56693093) x 1 0x00000001
core   0: 0x80001d7c (0x01d3a023) sw      t4, 0(t2)
core   0: 3 0x80001d7c (0x01d3a023) mem 0x80015b14 0x00000001
core   0: 0x80001d80 (0x00c3d303) lhu     t1, 12(t2)
core   0: 3 0x80001d80 (0x00c3d303) x 6 0x00000000 mem 0x80015b20
core   0: 0x80001d84 (0xff5388a3) sb      s5, -15(t2)
core   0: 3 0x80001d84 (0xff5388a3) mem 0x80015b05 0x0
core   0: 0x80001d88 (0x70a6db37) lui     s6, 0x70a6d
core   0: 3 0x80001d88 (0x70a6db37) x22 0x70a6d000
core   0: 0x80001d8c (0x008be6b3) or      a3, s7, s0
core   0: 3 0x80001d8c (0x008be6b3) x13 0xd1eebfbf
core   0: 0x80001d90 (0xff3389a3) sb      s3, -13(t2)
core   0: 3 0x80001d90 (0xff3389a3) mem 0x80015b07 0x0
core   0: 0x80001d94 (0x413c5d13) srai    s10, s8, 19
core   0: 3 0x80001d94 (0x413c5d13) x26 0x00000000
core   0: 0x80001d98 (0x00338583) lb      a1, 3(t2)
core   0: 3 0x80001d98 (0x00338583) x11 0x00000000 mem 0x80015b17
core   0: 0x80001d9c (0xff138da3) sb      a7, -5(t2)
core   0: 3 0x80001d9c (0xff138da3) mem 0x80015b0f 0x0
core   0: 0x80001da0 (0x6d274313) xori    t1, a4, 1746
core   0: 3 0x80001da0 (0x6d274313) x 6 0x000006d3
core   0: 0x80001da4 (0xfff3c683) lbu     a3, -1(t2)
core   0: 3 0x80001da4 (0xfff3c683) x13 0x00000000 mem 0x80015b13
core   0: 0x80001da8 (0xaf53cb13) xori    s6, t2, -1291
core   0: 3 0x80001da8 (0xaf53cb13) x22 0x7ffea1e1
core   0: 0x80001dac (0x00138723) sb      ra, 14(t2)
core   0: 3 0x80001dac (0x00138723) mem 0x80015b22 0x1
core   0: 0x80001db0 (0x4078d493) srai    s1, a7, 7
core   0: 3 0x80001db0 (0x4078d493) x 9 0x00000000
core   0: 0x80001db4 (0x0ff0000f) fence   iorw,iorw
core   0: 3 0x80001db4 (0x0ff0000f)
core   0: 0x80001db8 (0x0103d683) lhu     a3, 16(t2)
core   0: 3 0x80001db8 (0x0103d683) x13 0x00000000 mem 0x80015b24
core   0: 0x80001dbc (0xffe3cd83) lbu     s11, -2(t2)
core   0: 3 0x80001dbc (0xffe3cd83) x27 0x00000000 mem 0x80015b12
core   0: 0x80001dc0 (0xff63c083) lbu     ra, -10(t2)
core   0: 3 0x80001dc0 (0xff63c083) x 1 0x00000000 mem 0x80015b0a
core   0: 0x80001dc4 (0x0148e733) or      a4, a7, s4
core   0: 3 0x80001dc4 (0x0148e733) x14 0x00000000
core   0: 0x80001dc8 (0x00a3d003) lhu     zero, 10(t2)
core   0: 3 0x80001dc8 (0x00a3d003) mem 0x80015b1e
core   0: 0x80001dcc (0x01b386a3) sb      s11, 13(t2)
core   0: 3 0x80001dcc (0x01b386a3) mem 0x80015b21 0x0
core   0: 0x80001dd0 (0x00014f17) auipc   t5, 0x14
core   0: 3 0x80001dd0 (0x00014f17) x30 0x80015dd0
core   0: 0x80001dd4 (0x019f0f13) addi    t5, t5, 25
core   0: 3 0x80001dd4 (0x019f0f13) x30 0x80015de9
core   0: 0x80001dd8 (0x01d52633) slt     a2, a0, t4
core   0: 3 0x80001dd8 (0x01d52633) x12 0x00000001
core   0: 0x80001ddc (0x1f7f4f83) lbu     t6, 503(t5)
core   0: 3 0x80001ddc (0x1f7f4f83) x31 0x00000000 mem 0x80015fe0
core   0: 0x80001de0 (0x00000013) nop
core   0: 3 0x80001de0 (0x00000013)
core   0: 0x80001de4 (0x1a3f2f83) lw      t6, 419(t5)
core   0: 3 0x80001de4 (0x1a3f2f83) x31 0x00000000 mem 0x80015f8c
core   0: 0x80001de8 (0x1a5f5183) lhu     gp, 421(t5)
core   0: 3 0x80001de8 (0x1a5f5183) x 3 0x00000000 mem 0x80015f8e
core   0: 0x80001dec (0x0ff0000f) fence   iorw,iorw
core   0: 3 0x80001dec (0x0ff0000f)
core   0: 0x80001df0 (0x40260233) sub     tp, a2, sp
core   0: 3 0x80001df0 (0x40260233) x 4 0x7ffd519d
core   0: 0x80001df4 (0xe04f0683) lb      a3, -508(t5)
core   0: 3 0x80001df4 (0xe04f0683) x13 0x00000000 mem 0x80015bed
core   0: 0x80001df8 (0xa12f0d03) lb      s10, -1518(t5)
core   0: 3 0x80001df8 (0xa12f0d03) x26 0x00000000 mem 0x800157fb
core   0: 0x80001dfc (0x016670b3) and     ra, a2, s6
core   0: 3 0x80001dfc (0x016670b3) x 1 0x00000001
core   0: 0x80001e00 (0x0000100f) fence.i
core   0: 3 0x80001e00 (0x0000100f)
core   0: 0x80001e04 (0x068f4183) lbu     gp, 104(t5)
core   0: 3 0x80001e04 (0x068f4183) x 3 0x00000000 mem 0x80015e51
core   0: 0x80001e08 (0x010f29b3) slt     s3, t5, a6
core   0: 3 0x80001e08 (0x010f29b3) x19 0x00000001
core   0: 0x80001e0c (0x03bf0423) sb      s11, 40(t5)
core   0: 3 0x80001e0c (0x03bf0423) mem 0x80015e11 0x0
core   0: 0x80001e10 (0xfbbf13a3) sh      s11, -89(t5)
core   0: 3 0x80001e10 (0xfbbf13a3) mem 0x80015d90 0x0000
core   0: 0x80001e14 (0x8a6f0403) lb      s0, -1882(t5)
core   0: 3 0x80001e14 (0x8a6f0403) x 8 0x00000000 mem 0x8001568f
core   0: 0x80001e18 (0x01f964b3) or      s1, s2, t6
core   0: 3 0x80001e18 (0x01f964b3) x 9 0x00000000
core   0: 0x80001e1c (0x15cf4703) lbu     a4, 348(t5)
core   0: 3 0x80001e1c (0x15cf4703) x14 0x00000000 mem 0x80015f45
core   0: 0x80001e20 (0xeadf4903) lbu     s2, -339(t5)
core   0: 3 0x80001e20 (0xeadf4903) x18 0x00000000 mem 0x80015c96
core   0: 0x80001e24 (0x0000100f) fence.i
core   0: 3 0x80001e24 (0x0000100f)
core   0: 0x80001e28 (0x00e03833) snez    a6, a4
core   0: 3 0x80001e28 (0x00e03833) x16 0x00000000
core   0: 0x80001e2c (0x4ebbaa93) slti    s5, s7, 1259
core   0: 3 0x80001e2c (0x4ebbaa93) x21 0x00000001
core   0: 0x80001e30 (0xf6af4583) lbu     a1, -150(t5)
core   0: 3 0x80001e30 (0xf6af4583) x11 0x00000000 mem 0x80015d53
core   0: 0x80001e34 (0xf35f0a23) sb      s5, -204(t5)
core   0: 3 0x80001e34 (0xf35f0a23) mem 0x80015d1d 0x1
core   0: 0x80001e38 (0x9e6f0d23) sb      t1, -1542(t5)
core   0: 3 0x80001e38 (0x9e6f0d23) mem 0x800157e3 0xd3
core   0: 0x80001e3c (0x00fd5013) srli    zero, s10, 15
core   0: 3 0x80001e3c (0x00fd5013)
core   0: 0x80001e40 (0x02af0803) lb      a6, 42(t5)
core   0: 3 0x80001e40 (0x02af0803) x16 0x00000000 mem 0x80015e13
core   0: 0x80001e44 (0x406a8b33) sub     s6, s5, t1
core   0: 3 0x80001e44 (0x406a8b33) x22 0xfffff92e
core   0: 0x80001e48 (0xd6ff4283) lbu     t0, -657(t5)
core   0: 3 0x80001e48 (0xd6ff4283) x 5 0x00000000 mem 0x80015b58
core   0: 0x80001e4c (0xdeff0403) lb      s0, -529(t5)
core   0: 3 0x80001e4c (0xdeff0403) x 8 0x00000000 mem 0x80015bd8
core   0: 0x80001e50 (0xb70f0d23) sb      a6, -1158(t5)
core   0: 3 0x80001e50 (0xb70f0d23) mem 0x80015963 0x0
core   0: 0x80001e54 (0xb0cf0a83) lb      s5, -1268(t5)
core   0: 3 0x80001e54 (0xb0cf0a83) x21 0x00000000 mem 0x800158f5
core   0: 0x80001e58 (0x00c8ae33) slt     t3, a7, a2
core   0: 3 0x80001e58 (0x00c8ae33) x28 0x00000001
core   0: 0x80001e5c (0xe82f04a3) sb      sp, -375(t5)
core   0: 3 0x80001e5c (0xe82f04a3) mem 0x80015c72 0x64
core   0: 0x80001e60 (0x1a5f5303) lhu     t1, 421(t5)
core   0: 3 0x80001e60 (0x1a5f5303) x 6 0x00000000 mem 0x80015f8e
core   0: 0x80001e64 (0x00014797) auipc   a5, 0x14
core   0: 3 0x80001e64 (0x00014797) x15 0x80015e64
core   0: 0x80001e68 (0xbe778793) addi    a5, a5, -1049
core   0: 3 0x80001e68 (0xbe778793) x15 0x80015a4b
core   0: 0x80001e6c (0x0057a703) lw      a4, 5(a5)
core   0: 3 0x80001e6c (0x0057a703) x14 0x00000000 mem 0x80015a50
core   0: 0x80001e70 (0x04d78523) sb      a3, 74(a5)
core   0: 3 0x80001e70 (0x04d78523) mem 0x80015a95 0x0
core   0: 0x80001e74 (0x00013d17) auipc   s10, 0x13
core   0: 3 0x80001e74 (0x00013d17) x26 0x80014e74
core   0: 0x80001e78 (0x410d0d13) addi    s10, s10, 1040
core   0: 3 0x80001e78 (0x410d0d13) x26 0x80015284
core   0: 0x80001e7c (0xf9378383) lb      t2, -109(a5)
core   0: 3 0x80001e7c (0xf9378383) x 7 0x00000000 mem 0x800159de
core   0: 0x80001e80 (0x003d0883) lb      a7, 3(s10)
core   0: 3 0x80001e80 (0x003d0883) x17 0x00000000 mem 0x80015287
core   0: 0x80001e84 (0x02678003) lb      zero, 38(a5)
core   0: 3 0x80001e84 (0x02678003) mem 0x80015a71
core   0: 0x80001e88 (0x0737c583) lbu     a1, 115(a5)
core   0: 3 0x80001e88 (0x0737c583) x11 0x00000000 mem 0x80015abe
core   0: 0x80001e8c (0xf837d703) lhu     a4, -125(a5)
core   0: 3 0x80001e8c (0xf837d703) x14 0x00000000 mem 0x800159ce
core   0: 0x80001e90 (0x0bb7c703) lbu     a4, 187(a5)
core   0: 3 0x80001e90 (0x0bb7c703) x14 0x00000000 mem 0x80015b06
core   0: 0x80001e94 (0xff6d0703) lb      a4, -10(s10)
core   0: 3 0x80001e94 (0xff6d0703) x14 0x00000000 mem 0x8001527a
core   0: 0x80001e98 (0xf8f79583) lh      a1, -113(a5)
core   0: 3 0x80001e98 (0xf8f79583) x11 0x00000000 mem 0x800159da
core   0: 0x80001e9c (0x004d4e03) lbu     t3, 4(s10)
core   0: 3 0x80001e9c (0x004d4e03) x28 0x00000000 mem 0x80015288
core   0: 0x80001ea0 (0xf7478ba3) sb      s4, -137(a5)
core   0: 3 0x80001ea0 (0xf7478ba3) mem 0x800159c2 0x0
core   0: 0x80001ea4 (0xff2d4f03) lbu     t5, -14(s10)
core   0: 3 0x80001ea4 (0xff2d4f03) x30 0x00000000 mem 0x80015276
core   0: 0x80001ea8 (0xf1e798a3) sh      t5, -239(a5)
core   0: 3 0x80001ea8 (0xf1e798a3) mem 0x8001595c 0x0000
core   0: 0x80001eac (0xff2d0303) lb      t1, -14(s10)
core   0: 3 0x80001eac (0xff2d0303) x 6 0x00000000 mem 0x80015276
core   0: 0x80001eb0 (0x00014817) auipc   a6, 0x14
core   0: 3 0x80001eb0 (0x00014817) x16 0x80015eb0
core   0: 0x80001eb4 (0xbe180813) addi    a6, a6, -1055
core   0: 3 0x80001eb4 (0xbe180813) x16 0x80015a91
core   0: 0x80001eb8 (0xffa80883) lb      a7, -6(a6)
core   0: 3 0x80001eb8 (0xffa80883) x17 0x00000000 mem 0x80015a8b
core   0: 0x80001ebc (0xffa80f83) lb      t6, -6(a6)
core   0: 3 0x80001ebc (0xffa80f83) x31 0x00000000 mem 0x80015a8b
core   0: 0x80001ec0 (0xffa80e03) lb      t3, -6(a6)
core   0: 3 0x80001ec0 (0xffa80e03) x28 0x00000000 mem 0x80015a8b
core   0: 0x80001ec4 (0x400881b3) sub     gp, a7, zero
core   0: 3 0x80001ec4 (0x400881b3) x 3 0x00000000
core   0: 0x80001ec8 (0xffa84303) lbu     t1, -6(a6)
core   0: 3 0x80001ec8 (0xffa84303) x 6 0x00000000 mem 0x80015a8b
core   0: 0x80001ecc (0xffa80d23) sb      s10, -6(a6)
core   0: 3 0x80001ecc (0xffa80d23) mem 0x80015a8b 0x84
core   0: 0x80001ed0 (0xce9ccc13) xori    s8, s9, -791
core   0: 3 0x80001ed0 (0xce9ccc13) x24 0x00000392
core   0: 0x80001ed4 (0xfe080d23) sb      zero, -6(a6)
core   0: 3 0x80001ed4 (0xfe080d23) mem 0x80015a8b 0x0
core   0: 0x80001ed8 (0x00000013) nop
core   0: 3 0x80001ed8 (0x00000013)
core   0: 0x80001edc (0xffa84a03) lbu     s4, -6(a6)
core   0: 3 0x80001edc (0xffa84a03) x20 0x00000000 mem 0x80015a8b
core   0: 0x80001ee0 (0xffa84183) lbu     gp, -6(a6)
core   0: 3 0x80001ee0 (0xffa84183) x 3 0x00000000 mem 0x80015a8b
core   0: 0x80001ee4 (0xffa84583) lbu     a1, -6(a6)
core   0: 3 0x80001ee4 (0xffa84583) x11 0x00000000 mem 0x80015a8b
core   0: 0x80001ee8 (0x0000100f) fence.i
core   0: 3 0x80001ee8 (0x0000100f)
core   0: 0x80001eec (0xffa80c83) lb      s9, -6(a6)
core   0: 3 0x80001eec (0xffa80c83) x25 0x00000000 mem 0x80015a8b
core   0: 0x80001ef0 (0xff380d23) sb      s3, -6(a6)
core   0: 3 0x80001ef0 (0xff380d23) mem 0x80015a8b 0x1
core   0: 0x80001ef4 (0x00014617) auipc   a2, 0x14
core   0: 3 0x80001ef4 (0x00014617) x12 0x80015ef4
core   0: 0x80001ef8 (0xbaf60613) addi    a2, a2, -1105
core   0: 3 0x80001ef8 (0xbaf60613) x12 0x80015aa3
core   0: 0x80001efc (0x00b65403) lhu     s0, 11(a2)
core   0: 3 0x80001efc (0x00b65403) x 8 0x00000000 mem 0x80015aae
core   0: 0x80001f00 (0xff162483) lw      s1, -15(a2)
core   0: 3 0x80001f00 (0xff162483) x 9 0x00000000 mem 0x80015a94
core   0: 0x80001f04 (0x00999db3) sll     s11, s3, s1
core   0: 3 0x80001f04 (0x00999db3) x27 0x00000001
core   0: 0x80001f08 (0x92d20693) addi    a3, tp, -1747
core   0: 3 0x80001f08 (0x92d20693) x13 0x7ffd4aca
core   0: 0x80001f0c (0xff160b03) lb      s6, -15(a2)
core   0: 3 0x80001f0c (0xff160b03) x22 0x00000000 mem 0x80015a94
core   0: 0x80001f10 (0x00264d03) lbu     s10, 2(a2)
core   0: 3 0x80001f10 (0x00264d03) x26 0x00000000 mem 0x80015aa5
core   0: 0x80001f14 (0xff764a03) lbu     s4, -9(a2)
core   0: 3 0x80001f14 (0xff764a03) x20 0x00000000 mem 0x80015a9a
core   0: 0x80001f18 (0x00f61983) lh      s3, 15(a2)
core   0: 3 0x80001f18 (0x00f61983) x19 0x00000000 mem 0x80015ab2
core   0: 0x80001f1c (0x01d01213) slli    tp, zero, 29
core   0: 3 0x80001f1c (0x01d01213) x 4 0x00000000
core   0: 0x80001f20 (0xfff61303) lh      t1, -1(a2)
core   0: 3 0x80001f20 (0xfff61303) x 6 0x00000000 mem 0x80015aa2
core   0: 0x80001f24 (0x4145d213) srai    tp, a1, 20
core   0: 3 0x80001f24 (0x4145d213) x 4 0x00000000
core   0: 0x80001f28 (0x016aef33) or      t5, s5, s6
core   0: 3 0x80001f28 (0x016aef33) x30 0x00000000
core   0: 0x80001f2c (0x00060323) sb      zero, 6(a2)
core   0: 3 0x80001f2c (0x00060323) mem 0x80015aa9 0x0
core   0: 0x80001f30 (0xff160483) lb      s1, -15(a2)
core   0: 3 0x80001f30 (0xff160483) x 9 0x00000000 mem 0x80015a94
core   0: 0x80001f34 (0x0000100f) fence.i
core   0: 3 0x80001f34 (0x0000100f)
core   0: 0x80001f38 (0x008607a3) sb      s0, 15(a2)
core   0: 3 0x80001f38 (0x008607a3) mem 0x80015ab2 0x0
core   0: 0x80001f3c (0x00a64703) lbu     a4, 10(a2)
core   0: 3 0x80001f3c (0x00a64703) x14 0x00000000 mem 0x80015aad
core   0: 0x80001f40 (0xff664983) lbu     s3, -10(a2)
core   0: 3 0x80001f40 (0xff664983) x19 0x00000000 mem 0x80015a99
core   0: 0x80001f44 (0x86b04413) xori    s0, zero, -1941
core   0: 3 0x80001f44 (0x86b04413) x 8 0xfffff86b
core   0: 0x80001f48 (0x013a1b13) slli    s6, s4, 19
core   0: 3 0x80001f48 (0x013a1b13) x22 0x00000000
core   0: 0x80001f4c (0x409a0733) sub     a4, s4, s1
core   0: 3 0x80001f4c (0x409a0733) x14 0x00000000
core   0: 0x80001f50 (0xff460583) lb      a1, -12(a2)
core   0: 3 0x80001f50 (0xff460583) x11 0x00000000 mem 0x80015a97
core   0: 0x80001f54 (0x46959e37) lui     t3, 0x46959
core   0: 3 0x80001f54 (0x46959e37) x28 0x46959000
core   0: 0x80001f58 (0x000e1f13) slli    t5, t3, 0
core   0: 3 0x80001f58 (0x000e1f13) x30 0x46959000
core   0: 0x80001f5c (0x00860483) lb      s1, 8(a2)
core   0: 3 0x80001f5c (0x00860483) x 9 0x00000000 mem 0x80015aab
core   0: 0x80001f60 (0x00a60d83) lb      s11, 10(a2)
core   0: 3 0x80001f60 (0x00a60d83) x27 0x00000000 mem 0x80015aad
core   0: 0x80001f64 (0x00fad193) srli    gp, s5, 15
core   0: 3 0x80001f64 (0x00fad193) x 3 0x00000000
core   0: 0x80001f68 (0xff760583) lb      a1, -9(a2)
core   0: 3 0x80001f68 (0xff760583) x11 0x00000000 mem 0x80015a9a
core   0: 0x80001f6c (0xffc64d03) lbu     s10, -4(a2)
core   0: 3 0x80001f6c (0xffc64d03) x26 0x00000000 mem 0x80015a9f
core   0: 0x80001f70 (0x3d7ee293) ori     t0, t4, 983
core   0: 3 0x80001f70 (0x3d7ee293) x 5 0x000003d7
core   0: 0x80001f74 (0x019ebfb3) sltu    t6, t4, s9
core   0: 3 0x80001f74 (0x019ebfb3) x31 0x00000000
core   0: 0x80001f78 (0x007624a3) sw      t2, 9(a2)
core   0: 3 0x80001f78 (0x007624a3) mem 0x80015aac 0x00000000
core   0: 0x80001f7c (0x01060083) lb      ra, 16(a2)
core   0: 3 0x80001f7c (0x01060083) x 1 0x00000000 mem 0x80015ab3
core   0: 0x80001f80 (0x00013a97) auipc   s5, 0x13
core   0: 3 0x80001f80 (0x00013a97) x21 0x80014f80
core   0: 0x80001f84 (0x15ba8a93) addi    s5, s5, 347
core   0: 3 0x80001f84 (0x15ba8a93) x21 0x800150db
core   0: 0x80001f88 (0x57face03) lbu     t3, 1407(s5)
core   0: 3 0x80001f88 (0x57face03) x28 0x00000000 mem 0x8001565a
core   0: 0x80001f8c (0x230a8a23) sb      a6, 564(s5)
core   0: 3 0x80001f8c (0x230a8a23) mem 0x8001530f 0x91
core   0: 0x80001f90 (0x30daa2a3) sw      a3, 773(s5)
core   0: 3 0x80001f90 (0x30daa2a3) mem 0x800153e0 0x7ffd4aca
core   0: 0x80001f94 (0x1b1aa083) lw      ra, 433(s5)
core   0: 3 0x80001f94 (0x1b1aa083) x 1 0x00000000 mem 0x8001528c
core   0: 0x80001f98 (0x560acc03) lbu     s8, 1376(s5)
core   0: 3 0x80001f98 (0x560acc03) x24 0x00000000 mem 0x8001563b
core   0: 0x80001f9c (0x00a85693) srli    a3, a6, 10
core   0: 3 0x80001f9c (0x00a85693) x13 0x00200056
core   0: 0x80001fa0 (0x4c2a8303) lb      t1, 1218(s5)
core   0: 3 0x80001fa0 (0x4c2a8303) x 6 0x00000000 mem 0x8001559d
core   0: 0x80001fa4 (0x00000013) nop
core   0: 3 0x80001fa4 (0x00000013)
core   0: 0x80001fa8 (0x00b51633) sll     a2, a0, a1
core   0: 3 0x80001fa8 (0x00b51633) x12 0x8002ece4
core   0: 0x80001fac (0x43baaca3) sw      s11, 1081(s5)
core   0: 3 0x80001fac (0x43baaca3) mem 0x80015514 0x00000000
core   0: 0x80001fb0 (0x00000013) nop
core   0: 3 0x80001fb0 (0x00000013)
core   0: 0x80001fb4 (0x75daa2a3) sw      t4, 1861(s5)
core   0: 3 0x80001fb4 (0x75daa2a3) mem 0x80015820 0x00000001
core   0: 0x80001fb8 (0x01c905b3) add     a1, s2, t3
core   0: 3 0x80001fb8 (0x01c905b3) x11 0x00000000
core   0: 0x80001fbc (0x41cfd813) srai    a6, t6, 28
core   0: 3 0x80001fbc (0x41cfd813) x16 0x00000000
core   0: 0x80001fc0 (0x3daac283) lbu     t0, 986(s5)
core   0: 3 0x80001fc0 (0x3daac283) x 5 0x00000000 mem 0x800154b5
core   0: 0x80001fc4 (0x5582fa37) lui     s4, 0x5582f
core   0: 3 0x80001fc4 (0x5582fa37) x20 0x5582f000
core   0: 0x80001fc8 (0x01214e33) xor     t3, sp, s2
core   0: 3 0x80001fc8 (0x01214e33) x28 0x8002ae64
core   0: 0x80001fcc (0xb1330993) addi    s3, t1, -1261
core   0: 3 0x80001fcc (0xb1330993) x19 0xfffffb13
core   0: 0x80001fd0 (0x648a8a03) lb      s4, 1608(s5)
core   0: 3 0x80001fd0 (0x648a8a03) x20 0x00000000 mem 0x80015723
core   0: 0x80001fd4 (0x725a8f23) sb      t0, 1854(s5)
core   0: 3 0x80001fd4 (0x725a8f23) mem 0x80015819 0x0
core   0: 0x80001fd8 (0x41f8d2b3) sra     t0, a7, t6
core   0: 3 0x80001fd8 (0x41f8d2b3) x 5 0x00000000
core   0: 0x80001fdc (0x45faca03) lbu     s4, 1119(s5)
core   0: 3 0x80001fdc (0x45faca03) x20 0x00000000 mem 0x8001553a
core   0: 0x80001fe0 (0x238a8883) lb      a7, 568(s5)
core   0: 3 0x80001fe0 (0x238a8883) x17 0x00000000 mem 0x80015313
core   0: 0x80001fe4 (0x599a8423) sb      s9, 1416(s5)
core   0: 3 0x80001fe4 (0x599a8423) mem 0x80015663 0x0
core   0: 0x80001fe8 (0x00000013) nop
core   0: 3 0x80001fe8 (0x00000013)
core   0: 0x80001fec (0x393a8303) lb      t1, 915(s5)
core   0: 3 0x80001fec (0x393a8303) x 6 0x00000000 mem 0x8001546e
core   0: 0x80001ff0 (0x7e9a8823) sb      s1, 2032(s5)
core   0: 3 0x80001ff0 (0x7e9a8823) mem 0x800158cb 0x0
core   0: 0x80001ff4 (0x738a8323) sb      s8, 1830(s5)
core   0: 3 0x80001ff4 (0x738a8323) mem 0x80015801 0x0
core   0: 0x80001ff8 (0xe096c197) auipc   gp, 0xe096c
core   0: 3 0x80001ff8 (0xe096c197) x 3 0x6096dff8
core   0: 0x80001ffc (0x680a8b03) lb      s6, 1664(s5)
core   0: 3 0x80001ffc (0x680a8b03) x22 0x00000000 mem 0x8001575b
core   0: 0x80002000 (0x4e1a8283) lb      t0, 1249(s5)
core   0: 3 0x80002000 (0x4e1a8283) x 5 0x00000000 mem 0x800155bc
core   0: 0x80002004 (0x1fba9983) lh      s3, 507(s5)
core   0: 3 0x80002004 (0x1fba9983) x19 0x00000000 mem 0x800152d6
core   0: 0x80002008 (0x49ca96a3) sh      t3, 1165(s5)
core   0: 3 0x80002008 (0x49ca96a3) mem 0x80015568 0xae64
core   0: 0x8000200c (0x48cac003) lbu     zero, 1164(s5)
core   0: 3 0x8000200c (0x48cac003) mem 0x80015567
core   0: 0x80002010 (0x1ecac603) lbu     a2, 492(s5)
core   0: 3 0x80002010 (0x1ecac603) x12 0x00000000 mem 0x800152c7
core   0: 0x80002014 (0x019e9693) slli    a3, t4, 25
core   0: 3 0x80002014 (0x019e9693) x13 0x02000000
core   0: 0x80002018 (0x164ac283) lbu     t0, 356(s5)
core   0: 3 0x80002018 (0x164ac283) x 5 0x00000000 mem 0x8001523f
core   0: 0x8000201c (0x00b32fb3) slt     t6, t1, a1
core   0: 3 0x8000201c (0x00b32fb3) x31 0x00000000
core   0: 0x80002020 (0xf83ad783) lhu     a5, -125(s5)
core   0: 3 0x80002020 (0xf83ad783) x15 0x00000000 mem 0x8001505e
core   0: 0x80002024 (0x335aa683) lw      a3, 821(s5)
core   0: 3 0x80002024 (0x335aa683) x13 0x00000000 mem 0x80015410
core   0: 0x80002028 (0x00013d97) auipc   s11, 0x13
core   0: 3 0x80002028 (0x00013d97) x27 0x80015028
core   0: 0x8000202c (0x3dcd8d93) addi    s11, s11, 988
core   0: 3 0x8000202c (0x3dcd8d93) x27 0x80015404
core   0: 0x80002030 (0xf1cbee93) ori     t4, s7, -228
core   0: 3 0x80002030 (0xf1cbee93) x29 0xffffffbf
core   0: 0x80002034 (0x0d41a913) slti    s2, gp, 212
core   0: 3 0x80002034 (0x0d41a913) x18 0x00000000
core   0: 0x80002038 (0x6f4299b7) lui     s3, 0x6f429
core   0: 3 0x80002038 (0x6f4299b7) x19 0x6f429000
core   0: 0x8000203c (0x00cd8883) lb      a7, 12(s11)
core   0: 3 0x8000203c (0x00cd8883) x17 0x00000000 mem 0x80015410
core   0: 0x80002040 (0x00ddcd03) lbu     s10, 13(s11)
core   0: 3 0x80002040 (0x00ddcd03) x26 0x00000000 mem 0x80015411
core   0: 0x80002044 (0x008dd383) lhu     t2, 8(s11)
core   0: 3 0x80002044 (0x008dd383) x 7 0x00000000 mem 0x8001540c
core   0: 0x80002048 (0x00f5d1b3) srl     gp, a1, a5
core   0: 3 0x80002048 (0x00f5d1b3) x 3 0x00000000
core   0: 0x8000204c (0xffadd903) lhu     s2, -6(s11)
core   0: 3 0x8000204c (0xffadd903) x18 0x00000000 mem 0x800153fe
core   0: 0x80002050 (0x4ce78e93) addi    t4, a5, 1230
core   0: 3 0x80002050 (0x4ce78e93) x29 0x000004ce
core   0: 0x80002054 (0x8b6409b7) lui     s3, 0x8b640
core   0: 3 0x80002054 (0x8b6409b7) x19 0x8b640000
core   0: 0x80002058 (0xffcdc203) lbu     tp, -4(s11)
core   0: 3 0x80002058 (0xffcdc203) x 4 0x00000000 mem 0x80015400
core   0: 0x8000205c (0xd9856393) ori     t2, a0, -616
core   0: 3 0x8000205c (0xd9856393) x 7 0xfffffdfc
core   0: 0x80002060 (0x41e90333) sub     t1, s2, t5
core   0: 3 0x80002060 (0x41e90333) x 6 0xb96a7000
core   0: 0x80002064 (0x005d8683) lb      a3, 5(s11)
core   0: 3 0x80002064 (0x005d8683) x13 0x00000000 mem 0x80015409
core   0: 0x80002068 (0xff6d8ca3) sb      s6, -7(s11)
core   0: 3 0x80002068 (0xff6d8ca3) mem 0x800153fd 0x0
core   0: 0x8000206c (0x013d9523) sh      s3, 10(s11)
core   0: 3 0x8000206c (0x013d9523) mem 0x8001540e 0x0000
core   0: 0x80002070 (0xff8d8e23) sb      s8, -4(s11)
core   0: 3 0x80002070 (0xff8d8e23) mem 0x80015400 0x0
core   0: 0x80002074 (0x451bc897) auipc   a7, 0x451bc
core   0: 3 0x80002074 (0x451bc897) x17 0xc51be074
core   0: 0x80002078 (0x9117b493) sltiu   s1, a5, -1775
core   0: 3 0x80002078 (0x9117b493) x 9 0x00000001
core   0: 0x8000207c (0x01f81013) slli    zero, a6, 31
core   0: 3 0x8000207c (0x01f81013)
core   0: 0x80002080 (0x415bd4b3) sra     s1, s7, s5
core   0: 3 0x80002080 (0x415bd4b3) x 9 0xfffffffa
core   0: 0x80002084 (0x934be017) auipc   zero, 0x934be
core   0: 3 0x80002084 (0x934be017)
core   0: 0x80002088 (0x01ae1d13) slli    s10, t3, 26
core   0: 3 0x80002088 (0x01ae1d13) x26 0x90000000
core   0: 0x8000208c (0x41ee87b3) sub     a5, t4, t5
core   0: 3 0x8000208c (0x41ee87b3) x15 0xb96a74ce
core   0: 0x80002090 (0x0041d793) srli    a5, gp, 4
core   0: 3 0x80002090 (0x0041d793) x15 0x00000000
core   0: 0x80002094 (0x001dc383) lbu     t2, 1(s11)
core   0: 3 0x80002094 (0x001dc383) x 7 0x00000000 mem 0x80015405
core   0: 0x80002098 (0x124c20b7) lui     ra, 0x124c2
core   0: 3 0x80002098 (0x124c20b7) x 1 0x124c2000
core   0: 0x8000209c (0x009dc303) lbu     t1, 9(s11)
core   0: 3 0x8000209c (0x009dc303) x 6 0x00000000 mem 0x8001540d
core   0: 0x800020a0 (0x0000100f) fence.i
core   0: 3 0x800020a0 (0x0000100f)
core   0: 0x800020a4 (0x007a9713) slli    a4, s5, 7
core   0: 3 0x800020a4 (0x007a9713) x14 0x00a86d80
core   0: 0x800020a8 (0x003dc603) lbu     a2, 3(s11)
core   0: 3 0x800020a8 (0x003dc603) x12 0x00000000 mem 0x80015407
core   0: 0x800020ac (0xff4dae03) lw      t3, -12(s11)
core   0: 3 0x800020ac (0xff4dae03) x28 0x00000000 mem 0x800153f8
core   0: 0x800020b0 (0x002dc183) lbu     gp, 2(s11)
core   0: 3 0x800020b0 (0x002dc183) x 3 0x00000000 mem 0x80015406
core   0: 0x800020b4 (0xbd0c2713) slti    a4, s8, -1072
core   0: 3 0x800020b4 (0xbd0c2713) x14 0x00000000
core   0: 0x800020b8 (0x01db4b33) xor     s6, s6, t4
core   0: 3 0x800020b8 (0x01db4b33) x22 0x000004ce
core   0: 0x800020bc (0x01537eb3) and     t4, t1, s5
core   0: 3 0x800020bc (0x01537eb3) x29 0x00000000
core   0: 0x800020c0 (0x002d84a3) sb      sp, 9(s11)
core   0: 3 0x800020c0 (0x002d84a3) mem 0x8001540d 0x64
core   0: 0x800020c4 (0xc5886a13) ori     s4, a6, -936
core   0: 3 0x800020c4 (0xc5886a13) x20 0xfffffc58
core   0: 0x800020c8 (0xffbd8983) lb      s3, -5(s11)
core   0: 3 0x800020c8 (0xffbd8983) x19 0x00000000 mem 0x800153ff
core   0: 0x800020cc (0xffbdc403) lbu     s0, -5(s11)
core   0: 3 0x800020cc (0xffbdc403) x 8 0x00000000 mem 0x800153ff
core   0: 0x800020d0 (0xfebd8d23) sb      a1, -6(s11)
core   0: 3 0x800020d0 (0xfebd8d23) mem 0x800153fe 0x0
core   0: 0x800020d4 (0x00013f17) auipc   t5, 0x13
core   0: 3 0x800020d4 (0x00013f17) x30 0x800150d4
core   0: 0x800020d8 (0x28df0f13) addi    t5, t5, 653
core   0: 3 0x800020d8 (0x28df0f13) x30 0x80015361
core   0: 0x800020dc (0x00000013) nop
core   0: 3 0x800020dc (0x00000013)
core   0: 0x800020e0 (0x018f0703) lb      a4, 24(t5)
core   0: 3 0x800020e0 (0x018f0703) x14 0x00000000 mem 0x80015379
core   0: 0x800020e4 (0xff4f02a3) sb      s4, -27(t5)
core   0: 3 0x800020e4 (0xff4f02a3) mem 0x80015346 0x58
core   0: 0x800020e8 (0xfeef1fa3) sh      a4, -1(t5)
core   0: 3 0x800020e8 (0xfeef1fa3) mem 0x80015360 0x0000
core   0: 0x800020ec (0x019f1283) lh      t0, 25(t5)
core   0: 3 0x800020ec (0x019f1283) x 5 0x00000000 mem 0x8001537a
core   0: 0x800020f0 (0x038f18a3) sh      s8, 49(t5)
core   0: 3 0x800020f0 (0x038f18a3) mem 0x80015392 0x0000
core   0: 0x800020f4 (0x0000100f) fence.i
core   0: 3 0x800020f4 (0x0000100f)
core   0: 0x800020f8 (0xfccf0883) lb      a7, -52(t5)
core   0: 3 0x800020f8 (0xfccf0883) x17 0x00000000 mem 0x8001532d
core   0: 0x800020fc (0x00cf0983) lb      s3, 12(t5)
core   0: 3 0x800020fc (0x00cf0983) x19 0x00000000 mem 0x8001536d
core   0: 0x80002100 (0x40a95293) srai    t0, s2, 10
core   0: 3 0x80002100 (0x40a95293) x 5 0x00000000
core   0: 0x80002104 (0x00bf0b23) sb      a1, 22(t5)
core   0: 3 0x80002104 (0x00bf0b23) mem 0x80015377 0x0
core   0: 0x80002108 (0xffcf0d23) sb      t3, -6(t5)
core   0: 3 0x80002108 (0xffcf0d23) mem 0x8001535b 0x0
core   0: 0x8000210c (0x029f1aa3) sh      s1, 53(t5)
core   0: 3 0x8000210c (0x029f1aa3) mem 0x80015396 0xfffa
core   0: 0x80002110 (0x010d80b3) add     ra, s11, a6
core   0: 3 0x80002110 (0x010d80b3) x 1 0x80015404
core   0: 0x80002114 (0xff4f4983) lbu     s3, -12(t5)
core   0: 3 0x80002114 (0xff4f4983) x19 0x00000000 mem 0x80015355
core   0: 0x80002118 (0x00f21fb3) sll     t6, tp, a5
core   0: 3 0x80002118 (0x00f21fb3) x31 0x00000000
core   0: 0x8000211c (0xfc3f5a03) lhu     s4, -61(t5)
core   0: 3 0x8000211c (0xfc3f5a03) x20 0x00000000 mem 0x80015324
core   0: 0x80002120 (0xfe2f4e03) lbu     t3, -30(t5)
core   0: 3 0x80002120 (0xfe2f4e03) x28 0x00000000 mem 0x80015343
core   0: 0x80002124 (0x3a61a417) auipc   s0, 0x3a61a
core   0: 3 0x80002124 (0x3a61a417) x 8 0xba61c124
core   0: 0x80002128 (0x00d1cdb3) xor     s11, gp, a3
core   0: 3 0x80002128 (0x00d1cdb3) x27 0x00000000
core   0: 0x8000212c (0x01cb93b3) sll     t2, s7, t3
core   0: 3 0x8000212c (0x01cb93b3) x 7 0xd1eeaab3
core   0: 0x80002130 (0x005f5483) lhu     s1, 5(t5)
core   0: 3 0x80002130 (0x005f5483) x 9 0x00000000 mem 0x80015366
core   0: 0x80002134 (0xfd3f4783) lbu     a5, -45(t5)
core   0: 3 0x80002134 (0xfd3f4783) x15 0x00000000 mem 0x80015334
core   0: 0x80002138 (0x01d8b1b3) sltu    gp, a7, t4
core   0: 3 0x80002138 (0x01d8b1b3) x 3 0x00000000
core   0: 0x8000213c (0x03ff0203) lb      tp, 63(t5)
core   0: 3 0x8000213c (0x03ff0203) x 4 0x00000000 mem 0x800153a0
core   0: 0x80002140 (0xfebf1303) lh      t1, -21(t5)
core   0: 3 0x80002140 (0xfebf1303) x 6 0x00000000 mem 0x8001534c
core   0: 0x80002144 (0x41968433) sub     s0, a3, s9
core   0: 3 0x80002144 (0x41968433) x 8 0x00000000
core   0: 0x80002148 (0x019f0523) sb      s9, 10(t5)
core   0: 3 0x80002148 (0x019f0523) mem 0x8001536b 0x0
core   0: 0x8000214c (0x000f41b3) xor     gp, t5, zero
core   0: 3 0x8000214c (0x000f41b3) x 3 0x80015361
core   0: 0x80002150 (0x01abd833) srl     a6, s7, s10
core   0: 3 0x80002150 (0x01abd833) x16 0xd1eeaab3
core   0: 0x80002154 (0xfd8f0583) lb      a1, -40(t5)
core   0: 3 0x80002154 (0xfd8f0583) x11 0x00000000 mem 0x80015339
core   0: 0x80002158 (0x24dbbeb7) lui     t4, 0x24dbb
core   0: 3 0x80002158 (0x24dbbeb7) x29 0x24dbb000
core   0: 0x8000215c (0xfd6f4a03) lbu     s4, -42(t5)
core   0: 3 0x8000215c (0xfd6f4a03) x20 0x00000000 mem 0x80015337
core   0: 0x80002160 (0x025f0003) lb      zero, 37(t5)
core   0: 3 0x80002160 (0x025f0003) mem 0x80015386
core   0: 0x80002164 (0x001f4c83) lbu     s9, 1(t5)
core   0: 3 0x80002164 (0x001f4c83) x25 0x00000000 mem 0x80015362
core   0: 0x80002168 (0x00a8dd33) srl     s10, a7, a0
core   0: 3 0x80002168 (0x00a8dd33) x26 0x00000000
core   0: 0x8000216c (0xfd5f0023) sb      s5, -64(t5)
core   0: 3 0x8000216c (0xfd5f0023) mem 0x80015321 0xdb
core   0: 0x80002170 (0xfeef0e23) sb      a4, -4(t5)
core   0: 3 0x80002170 (0xfeef0e23) mem 0x8001535d 0x0
core   0: 0x80002174 (0x0099fc33) and     s8, s3, s1
core   0: 3 0x80002174 (0x0099fc33) x24 0x00000000
core   0: 0x80002178 (0x00bf0203) lb      tp, 11(t5)
core   0: 3 0x80002178 (0x00bf0203) x 4 0x00000000 mem 0x8001536c
core   0: 0x8000217c (0x4022d813) srai    a6, t0, 2
core   0: 3 0x8000217c (0x4022d813) x16 0x00000000
core   0: 0x80002180 (0x0115deb3) srl     t4, a1, a7
core   0: 3 0x80002180 (0x0115deb3) x29 0x00000000
core   0: 0x80002184 (0x013f0383) lb      t2, 19(t5)
core   0: 3 0x80002184 (0x013f0383) x 7 0x00000000 mem 0x80015374
core   0: 0x80002188 (0xff6f4d83) lbu     s11, -10(t5)
core   0: 3 0x80002188 (0xff6f4d83) x27 0x00000000 mem 0x80015357
core   0: 0x8000218c (0x009d9433) sll     s0, s11, s1
core   0: 3 0x8000218c (0x009d9433) x 8 0x00000000
core   0: 0x80002190 (0x037f0423) sb      s7, 40(t5)
core   0: 3 0x80002190 (0x037f0423) mem 0x80015389 0xb3
core   0: 0x80002194 (0xfecf16a3) sh      a2, -19(t5)
core   0: 3 0x80002194 (0xfecf16a3) mem 0x8001534e 0x0000
core   0: 0x80002198 (0x00391e93) slli    t4, s2, 3
core   0: 3 0x80002198 (0x00391e93) x29 0x00000000
core   0: 0x8000219c (0xfcbf2c03) lw      s8, -53(t5)
core   0: 3 0x8000219c (0xfcbf2c03) x24 0x00000000 mem 0x8001532c
core   0: 0x800021a0 (0x00014797) auipc   a5, 0x14
core   0: 3 0x800021a0 (0x00014797) x15 0x800161a0
core   0: 0x800021a4 (0xbfc78793) addi    a5, a5, -1028
core   0: 3 0x800021a4 (0xbfc78793) x15 0x80015d9c
core   0: 0x800021a8 (0xfed78083) lb      ra, -19(a5)
core   0: 3 0x800021a8 (0xfed78083) x 1 0x00000000 mem 0x80015d89
core   0: 0x800021ac (0xfed7cc83) lbu     s9, -19(a5)
core   0: 3 0x800021ac (0xfed7cc83) x25 0x00000000 mem 0x80015d89
core   0: 0x800021b0 (0xfc978ea3) sb      s1, -35(a5)
core   0: 3 0x800021b0 (0xfc978ea3) mem 0x80015d79 0x0
core   0: 0x800021b4 (0xfdd7c003) lbu     zero, -35(a5)
core   0: 3 0x800021b4 (0xfdd7c003) mem 0x80015d79
core   0: 0x800021b8 (0xfdd78e83) lb      t4, -35(a5)
core   0: 3 0x800021b8 (0xfdd78e83) x29 0x00000000 mem 0x80015d79
core   0: 0x800021bc (0xffe7c183) lbu     gp, -2(a5)
core   0: 3 0x800021bc (0xffe7c183) x 3 0x00000000 mem 0x80015d9a
core   0: 0x800021c0 (0xfee78983) lb      s3, -18(a5)
core   0: 3 0x800021c0 (0xfee78983) x19 0x00000000 mem 0x80015d8a
core   0: 0x800021c4 (0xfd779c23) sh      s7, -40(a5)
core   0: 3 0x800021c4 (0xfd779c23) mem 0x80015d74 0xaab3
core   0: 0x800021c8 (0x00a7df03) lhu     t5, 10(a5)
core   0: 3 0x800021c8 (0x00a7df03) x30 0x00000000 mem 0x80015da6
core   0: 0x800021cc (0xffe7ca83) lbu     s5, -2(a5)
core   0: 3 0x800021cc (0xffe7ca83) x21 0x00000000 mem 0x80015d9a
core   0: 0x800021d0 (0x0087a903) lw      s2, 8(a5)
core   0: 3 0x800021d0 (0x0087a903) x18 0x00000000 mem 0x80015da4
core   0: 0x800021d4 (0x00000013) nop
core   0: 3 0x800021d4 (0x00000013)
core   0: 0x800021d8 (0xfd879283) lh      t0, -40(a5)
core   0: 3 0x800021d8 (0xfd879283) x 5 0xffffaab3 mem 0x80015d74
core   0: 0x800021dc (0x0307dc83) lhu     s9, 48(a5)
core   0: 3 0x800021dc (0x0307dc83) x25 0x00000000 mem 0x80015dcc
core   0: 0x800021e0 (0xfd579f23) sh      s5, -34(a5)
core   0: 3 0x800021e0 (0xfd579f23) mem 0x80015d7a 0x0000
core   0: 0x800021e4 (0x00013317) auipc   t1, 0x13
core   0: 3 0x800021e4 (0x00013317) x 6 0x800151e4
core   0: 0x800021e8 (0x10330313) addi    t1, t1, 259
core   0: 3 0x800021e8 (0x10330313) x 6 0x800152e7
core   0: 0x800021ec (0x01181a93) slli    s5, a6, 17
core   0: 3 0x800021ec (0x01181a93) x21 0x00000000
core   0: 0x800021f0 (0x00000013) nop
core   0: 3 0x800021f0 (0x00000013)
core   0: 0x800021f4 (0x00000013) nop
core   0: 3 0x800021f4 (0x00000013)
core   0: 0x800021f8 (0x0be30523) sb      t5, 170(t1)
core   0: 3 0x800021f8 (0x0be30523) mem 0x80015391 0x0
core   0: 0x800021fc (0x009ee2b3) or      t0, t4, s1
core   0: 3 0x800021fc (0x009ee2b3) x 5 0x00000000
core   0: 0x80002200 (0x0ab31c83) lh      s9, 171(t1)
core   0: 3 0x80002200 (0x0ab31c83) x25 0x00000000 mem 0x80015392
core   0: 0x80002204 (0x0ac34203) lbu     tp, 172(t1)
core   0: 3 0x80002204 (0x0ac34203) x 4 0x00000000 mem 0x80015393
core   0: 0x80002208 (0x02530d03) lb      s10, 37(t1)
core   0: 3 0x80002208 (0x02530d03) x26 0x00000000 mem 0x8001530c
core   0: 0x8000220c (0x09e30523) sb      t5, 138(t1)
core   0: 3 0x8000220c (0x09e30523) mem 0x80015371 0x0
core   0: 0x80002210 (0xf8430d23) sb      tp, -102(t1)
core   0: 3 0x80002210 (0xf8430d23) mem 0x80015281 0x0
core   0: 0x80002214 (0x06434783) lbu     a5, 100(t1)
core   0: 3 0x80002214 (0x06434783) x15 0x00000000 mem 0x8001534b
core   0: 0x80002218 (0xf0830a03) lb      s4, -248(t1)
core   0: 3 0x80002218 (0xf0830a03) x20 0x00000000 mem 0x800151ef
core   0: 0x8000221c (0xf8c30883) lb      a7, -116(t1)
core   0: 3 0x8000221c (0xf8c30883) x17 0x00000000 mem 0x80015273
core   0: 0x80002220 (0x00e30223) sb      a4, 4(t1)
core   0: 3 0x80002220 (0x00e30223) mem 0x800152eb 0x0
core   0: 0x80002224 (0x0b1315a3) sh      a7, 171(t1)
core   0: 3 0x80002224 (0x0b1315a3) mem 0x80015392 0x0000
core   0: 0x80002228 (0x00000013) nop
core   0: 3 0x80002228 (0x00000013)
core   0: 0x8000222c (0xf1234d83) lbu     s11, -238(t1)
core   0: 3 0x8000222c (0xf1234d83) x27 0x00000000 mem 0x800151f9
core   0: 0x80002230 (0x00a34a03) lbu     s4, 10(t1)
core   0: 3 0x80002230 (0x00a34a03) x20 0x00000000 mem 0x800152f1
core   0: 0x80002234 (0x00000013) nop
core   0: 3 0x80002234 (0x00000013)
core   0: 0x80002238 (0x01334283) lbu     t0, 19(t1)
core   0: 3 0x80002238 (0x01334283) x 5 0x00000000 mem 0x800152fa
core   0: 0x8000223c (0x40fef913) andi    s2, t4, 1039
core   0: 3 0x8000223c (0x40fef913) x18 0x00000000
core   0: 0x80002240 (0x0e3322a3) sw      gp, 229(t1)
core   0: 3 0x80002240 (0x0e3322a3) mem 0x800153cc 0x00000000
core   0: 0x80002244 (0x01576933) or      s2, a4, s5
core   0: 3 0x80002244 (0x01576933) x18 0x00000000
core   0: 0x80002248 (0x0ff0000f) fence   iorw,iorw
core   0: 3 0x80002248 (0x0ff0000f)
core   0: 0x8000224c (0xfec96713) ori     a4, s2, -20
core   0: 3 0x8000224c (0xfec96713) x14 0xffffffec
core   0: 0x80002250 (0x01ac84b3) add     s1, s9, s10
core   0: 3 0x80002250 (0x01ac84b3) x 9 0x00000000
core   0: 0x80002254 (0x0000100f) fence.i
core   0: 3 0x80002254 (0x0000100f)
core   0: 0x80002258 (0x008f2433) slt     s0, t5, s0
core   0: 3 0x80002258 (0x008f2433) x 8 0x00000000
core   0: 0x8000225c (0x0000100f) fence.i
core   0: 3 0x8000225c (0x0000100f)
core   0: 0x80002260 (0x0a731003) lh      zero, 167(t1)
core   0: 3 0x80002260 (0x0a731003) mem 0x8001538e
core   0: 0x80002264 (0xf01305a3) sb      ra, -245(t1)
core   0: 3 0x80002264 (0xf01305a3) mem 0x800151f2 0x0
core   0: 0x80002268 (0x0ac30d83) lb      s11, 172(t1)
core   0: 3 0x80002268 (0x0ac30d83) x27 0x00000000 mem 0x80015393
core   0: 0x8000226c (0xf3934703) lbu     a4, -199(t1)
core   0: 3 0x8000226c (0xf3934703) x14 0x00000000 mem 0x80015220
core   0: 0x80002270 (0x02630c83) lb      s9, 38(t1)
core   0: 3 0x80002270 (0x02630c83) x25 0x00000000 mem 0x8001530d
core   0: 0x80002274 (0xb14a3a93) sltiu   s5, s4, -1260
core   0: 3 0x80002274 (0xb14a3a93) x21 0x00000001
core   0: 0x80002278 (0xf3834803) lbu     a6, -200(t1)
core   0: 3 0x80002278 (0xf3834803) x16 0x00000000 mem 0x8001521f
core   0: 0x8000227c (0xf5134f03) lbu     t5, -175(t1)
core   0: 3 0x8000227c (0xf5134f03) x30 0x00000000 mem 0x80015238
core   0: 0x80002280 (0x06930683) lb      a3, 105(t1)
core   0: 3 0x80002280 (0x06930683) x13 0x00000000 mem 0x80015350
core   0: 0x80002284 (0x60f4ec93) ori     s9, s1, 1551
core   0: 3 0x80002284 (0x60f4ec93) x25 0x0000060f
core   0: 0x80002288 (0xf2f31c83) lh      s9, -209(t1)
core   0: 3 0x80002288 (0xf2f31c83) x25 0x00000000 mem 0x80015216
core   0: 0x8000228c (0x00020097) auipc   ra, 0x20
core   0: 3 0x8000228c (0x00020097) x 1 0x8002228c
core   0: 0x80002290 (0xaf808093) addi    ra, ra, -1288
core   0: 3 0x80002290 (0xaf808093) x 1 0x80021d84
core   0: 0x80002294 (0x00000013) nop
core   0: 3 0x80002294 (0x00000013)
core   0: 0x80002298 (0xa65ac993) xori    s3, s5, -1435
core   0: 3 0x80002298 (0xa65ac993) x19 0xfffffa64
core   0: 0x8000229c (0xf740a223) sw      s4, -156(ra)
core   0: 3 0x8000229c (0xf740a223) mem 0x80021ce8 0x00000000
core   0: 0x800022a0 (0x0067f5b3) and     a1, a5, t1
core   0: 3 0x800022a0 (0x0067f5b3) x11 0x00000000
core   0: 0x800022a4 (0x009556b3) srl     a3, a0, s1
core   0: 3 0x800022a4 (0x009556b3) x13 0x8002ece4
core   0: 0x800022a8 (0x40975eb3) sra     t4, a4, s1
core   0: 3 0x800022a8 (0x40975eb3) x29 0x00000000
core   0: 0x800022ac (0xc126c713) xori    a4, a3, -1006
core   0: 3 0x800022ac (0xc126c713) x14 0x7ffd10f6
core   0: 0x800022b0 (0x0c309023) sh      gp, 192(ra)
core   0: 3 0x800022b0 (0x0c309023) mem 0x80021e44 0x0000
core   0: 0x800022b4 (0x4102d213) srai    tp, t0, 16
core   0: 3 0x800022b4 (0x4102d213) x 4 0x00000000
core   0: 0x800022b8 (0x93712993) slti    s3, sp, -1737
core   0: 3 0x800022b8 (0x93712993) x19 0x00000001
core   0: 0x800022bc (0x00940fb3) add     t6, s0, s1
core   0: 3 0x800022bc (0x00940fb3) x31 0x00000000
core   0: 0x800022c0 (0xc4413193) sltiu   gp, sp, -956
core   0: 3 0x800022c0 (0xc4413193) x 3 0x00000001
core   0: 0x800022c4 (0x4b10b913) sltiu   s2, ra, 1201
core   0: 3 0x800022c4 (0x4b10b913) x18 0x00000000
core   0: 0x800022c8 (0x86002c93) slti    s9, zero, -1952
core   0: 3 0x800022c8 (0x86002c93) x25 0x00000000
core   0: 0x800022cc (0x009cf833) and     a6, s9, s1
core   0: 3 0x800022cc (0x009cf833) x16 0x00000000
core   0: 0x800022d0 (0x0d70c483) lbu     s1, 215(ra)
core   0: 3 0x800022d0 (0x0d70c483) x 9 0x00000000 mem 0x80021e5b
core   0: 0x800022d4 (0xfc90a023) sw      s1, -64(ra)
core   0: 3 0x800022d4 (0xfc90a023) mem 0x80021d44 0x00000000
core   0: 0x800022d8 (0x0cb089a3) sb      a1, 211(ra)
core   0: 3 0x800022d8 (0x0cb089a3) mem 0x80021e57 0x0
core   0: 0x800022dc (0x0ff0000f) fence   iorw,iorw
core   0: 3 0x800022dc (0x0ff0000f)
core   0: 0x800022e0 (0x01c171b3) and     gp, sp, t3
core   0: 3 0x800022e0 (0x01c171b3) x 3 0x00000000
core   0: 0x800022e4 (0x01b3df93) srli    t6, t2, 27
core   0: 3 0x800022e4 (0x01b3df93) x31 0x00000000
core   0: 0x800022e8 (0x00d49cb3) sll     s9, s1, a3
core   0: 3 0x800022e8 (0x00d49cb3) x25 0x00000000
core   0: 0x800022ec (0xfd90ac23) sw      s9, -40(ra)
core   0: 3 0x800022ec (0xfd90ac23) mem 0x80021d5c 0x00000000
core   0: 0x800022f0 (0xfc50c903) lbu     s2, -59(ra)
core   0: 3 0x800022f0 (0xfc50c903) x18 0x00000000 mem 0x80021d49
core   0: 0x800022f4 (0xf9866f13) ori     t5, a2, -104
core   0: 3 0x800022f4 (0xf9866f13) x30 0xffffff98
core   0: 0x800022f8 (0x00228833) add     a6, t0, sp
core   0: 3 0x800022f8 (0x00228833) x16 0x8002ae64
core   0: 0x800022fc (0x0ff0000f) fence   iorw,iorw
core   0: 3 0x800022fc (0x0ff0000f)
core   0: 0x80002300 (0x0050a933) slt     s2, ra, t0
core   0: 3 0x80002300 (0x0050a933) x18 0x00000001
core   0: 0x80002304 (0x07f0c883) lbu     a7, 127(ra)
core   0: 3 0x80002304 (0x07f0c883) x17 0x00000000 mem 0x80021e03
core   0: 0x80002308 (0x0e209823) sh      sp, 240(ra)
core   0: 3 0x80002308 (0x0e209823) mem 0x80021e74 0xae64
core   0: 0x8000230c (0x01a215b3) sll     a1, tp, s10
core   0: 3 0x8000230c (0x01a215b3) x11 0x00000000
core   0: 0x80002310 (0x006c02b3) add     t0, s8, t1
core   0: 3 0x80002310 (0x006c02b3) x 5 0x800152e7
core   0: 0x80002314 (0x0ff0000f) fence   iorw,iorw
core   0: 3 0x80002314 (0x0ff0000f)
core   0: 0x80002318 (0x012071b3) and     gp, zero, s2
core   0: 3 0x80002318 (0x012071b3) x 3 0x00000000
core   0: 0x8000231c (0x04909823) sh      s1, 80(ra)
core   0: 3 0x8000231c (0x04909823) mem 0x80021dd4 0x0000
core   0: 0x80002320 (0xf4908f83) lb      t6, -183(ra)
core   0: 3 0x80002320 (0xf4908f83) x31 0x00000000 mem 0x80021ccd
core   0: 0x80002324 (0x0000100f) fence.i
core   0: 3 0x80002324 (0x0000100f)
core   0: 0x80002328 (0x01d3af33) slt     t5, t2, t4
core   0: 3 0x80002328 (0x01d3af33) x30 0x00000000
core   0: 0x8000232c (0x415b5413) srai    s0, s6, 21
core   0: 3 0x8000232c (0x415b5413) x 8 0x00000000
core   0: 0x80002330 (0xf810c703) lbu     a4, -127(ra)
core   0: 3 0x80002330 (0xf810c703) x14 0x00000000 mem 0x80021d05
core   0: 0x80002334 (0x41140033) sub     zero, s0, a7
core   0: 3 0x80002334 (0x41140033)
core   0: 0x80002338 (0x00a52333) slt     t1, a0, a0
core   0: 3 0x80002338 (0x00a52333) x 6 0x00000000
core   0: 0x8000233c (0xffe0d203) lhu     tp, -2(ra)
core   0: 3 0x8000233c (0xffe0d203) x 4 0x00000000 mem 0x80021d82
core   0: 0x80002340 (0x00019217) auipc   tp, 0x19
core   0: 3 0x80002340 (0x00019217) x 4 0x8001b340
core   0: 0x80002344 (0x34220213) addi    tp, tp, 834
core   0: 3 0x80002344 (0x34220213) x 4 0x8001b682
core   0: 0x80002348 (0x00225e83) lhu     t4, 2(tp)
core   0: 3 0x80002348 (0x00225e83) x29 0x00000000 mem 0x8001b684
core   0: 0x8000234c (0x00020a23) sb      zero, 20(tp)
core   0: 3 0x8000234c (0x00020a23) mem 0x8001b696 0x0
core   0: 0x80002350 (0x02721f23) sh      t2, 62(tp)
core   0: 3 0x80002350 (0x02721f23) mem 0x8001b6c0 0x0000
core   0: 0x80002354 (0xfd920a23) sb      s9, -44(tp)
core   0: 3 0x80002354 (0xfd920a23) mem 0x8001b656 0x0
core   0: 0x80002358 (0xfdb20a23) sb      s11, -44(tp)
core   0: 3 0x80002358 (0xfdb20a23) mem 0x8001b656 0x0
core   0: 0x8000235c (0x0071bab3) sltu    s5, gp, t2
core   0: 3 0x8000235c (0x0071bab3) x21 0x00000000
core   0: 0x80002360 (0xfdf21a23) sh      t6, -44(tp)
core   0: 3 0x80002360 (0xfdf21a23) mem 0x8001b656 0x0000
core   0: 0x80002364 (0xfe025f83) lhu     t6, -32(tp)
core   0: 3 0x80002364 (0xfe025f83) x31 0x00000000 mem 0x8001b662
core   0: 0x80002368 (0x010bd593) srli    a1, s7, 16
core   0: 3 0x80002368 (0x010bd593) x11 0x0000d1ee
core   0: 0x8000236c (0x01656033) or      zero, a0, s6
core   0: 3 0x8000236c (0x01656033)
core   0: 0x80002370 (0xfcd24f83) lbu     t6, -51(tp)
core   0: 3 0x80002370 (0xfcd24f83) x31 0x00000000 mem 0x8001b64f
core   0: 0x80002374 (0x01424e03) lbu     t3, 20(tp)
core   0: 3 0x80002374 (0x01424e03) x28 0x00000000 mem 0x8001b696
core   0: 0x80002378 (0x00120403) lb      s0, 1(tp)
core   0: 3 0x80002378 (0x00120403) x 8 0x00000000 mem 0x8001b683
core   0: 0x8000237c (0x00124f03) lbu     t5, 1(tp)
core   0: 3 0x8000237c (0x00124f03) x30 0x00000000 mem 0x8001b683
core   0: 0x80002380 (0xfeb20403) lb      s0, -21(tp)
core   0: 3 0x80002380 (0xfeb20403) x 8 0x00000000 mem 0x8001b66d
core   0: 0x80002384 (0x001203a3) sb      ra, 7(tp)
core   0: 3 0x80002384 (0x001203a3) mem 0x8001b689 0x84
core   0: 0x80002388 (0x0000100f) fence.i
core   0: 3 0x80002388 (0x0000100f)
core   0: 0x8000238c (0x00c203a3) sb      a2, 7(tp)
core   0: 3 0x8000238c (0x00c203a3) mem 0x8001b689 0x0
core   0: 0x80002390 (0x00724a83) lbu     s5, 7(tp)
core   0: 3 0x80002390 (0x00724a83) x21 0x00000000 mem 0x8001b689
core   0: 0x80002394 (0x01924e83) lbu     t4, 25(tp)
core   0: 3 0x80002394 (0x01924e83) x29 0x00000000 mem 0x8001b69b
core   0: 0x80002398 (0xff020883) lb      a7, -16(tp)
core   0: 3 0x80002398 (0xff020883) x17 0x00000000 mem 0x8001b672
core   0: 0x8000239c (0x00013617) auipc   a2, 0x13
core   0: 3 0x8000239c (0x00013617) x12 0x8001539c
core   0: 0x800023a0 (0x03c60613) addi    a2, a2, 60
core   0: 3 0x800023a0 (0x03c60613) x12 0x800153d8
core   0: 0x800023a4 (0x5ba60823) sb      s10, 1456(a2)
core   0: 3 0x800023a4 (0x5ba60823) mem 0x80015988 0x0
core   0: 0x800023a8 (0xcf660983) lb      s3, -778(a2)
core   0: 3 0x800023a8 (0xcf660983) x19 0x00000000 mem 0x800150ce
core   0: 0x800023ac (0xdb560223) sb      s5, -604(a2)
core   0: 3 0x800023ac (0xdb560223) mem 0x8001517c 0x0
core   0: 0x800023b0 (0x414c5093) srai    ra, s8, 20
core   0: 3 0x800023b0 (0x414c5093) x 1 0x00000000
core   0: 0x800023b4 (0x005106b3) add     a3, sp, t0
core   0: 3 0x800023b4 (0x005106b3) x13 0x0004014b
core   0: 0x800023b8 (0x72ee3e37) lui     t3, 0x72ee3
core   0: 3 0x800023b8 (0x72ee3e37) x28 0x72ee3000
core   0: 0x800023bc (0xf0a61583) lh      a1, -246(a2)
core   0: 3 0x800023bc (0xf0a61583) x11 0x00000000 mem 0x800152e2
core   0: 0x800023c0 (0x44e64c83) lbu     s9, 1102(a2)
core   0: 3 0x800023c0 (0x44e64c83) x25 0x00000000 mem 0x80015826
core   0: 0x800023c4 (0x0040d713) srli    a4, ra, 4
core   0: 3 0x800023c4 (0x0040d713) x14 0x00000000
core   0: 0x800023c8 (0x506609a3) sb      t1, 1299(a2)
core   0: 3 0x800023c8 (0x506609a3) mem 0x800158eb 0x0
core   0: 0x800023cc (0x01bdc2b3) xor     t0, s11, s11
core   0: 3 0x800023cc (0x01bdc2b3) x 5 0x00000000
core   0: 0x800023d0 (0x63f61723) sh      t6, 1582(a2)
core   0: 3 0x800023d0 (0x63f61723) mem 0x80015a06 0x0000
core   0: 0x800023d4 (0x1e4d4013) xori    zero, s10, 484
core   0: 3 0x800023d4 (0x1e4d4013)
core   0: 0x800023d8 (0x43160583) lb      a1, 1073(a2)
core   0: 3 0x800023d8 (0x43160583) x11 0x00000000 mem 0x80015809
core   0: 0x800023dc (0x21d08693) addi    a3, ra, 541
core   0: 3 0x800023dc (0x21d08693) x13 0x0000021d
core   0: 0x800023e0 (0xed157813) andi    a6, a0, -303
core   0: 3 0x800023e0 (0xed157813) x16 0x8002ecc0
core   0: 0x800023e4 (0x4159d333) sra     t1, s3, s5
core   0: 3 0x800023e4 (0x4159d333) x 6 0x00000000
core   0: 0x800023e8 (0xf6d60ca3) sb      a3, -135(a2)
core   0: 3 0x800023e8 (0xf6d60ca3) mem 0x80015351 0x1d
core   0: 0x800023ec (0xd7a65c83) lhu     s9, -646(a2)
core   0: 3 0x800023ec (0xd7a65c83) x25 0x00000000 mem 0x80015152
core   0: 0x800023f0 (0x0063df13) srli    t5, t2, 6
core   0: 3 0x800023f0 (0x0063df13) x30 0x00000000
core   0: 0x800023f4 (0x0000100f) fence.i
core   0: 3 0x800023f4 (0x0000100f)
core   0: 0x800023f8 (0x01ebd333) srl     t1, s7, t5
core   0: 3 0x800023f8 (0x01ebd333) x 6 0xd1eeaab3
core   0: 0x800023fc (0x007e4733) xor     a4, t3, t2
core   0: 3 0x800023fc (0x007e4733) x14 0x72ee3000
core   0: 0x80002400 (0xe4a61483) lh      s1, -438(a2)
core   0: 3 0x80002400 (0xe4a61483) x 9 0x00000000 mem 0x80015222
core   0: 0x80002404 (0x0193f2b3) and     t0, t2, s9
core   0: 3 0x80002404 (0x0193f2b3) x 5 0x00000000
core   0: 0x80002408 (0xb07f8913) addi    s2, t6, -1273
core   0: 3 0x80002408 (0xb07f8913) x18 0xfffffb07
core   0: 0x8000240c (0x55560d03) lb      s10, 1365(a2)
core   0: 3 0x8000240c (0x55560d03) x26 0x00000000 mem 0x8001592d
core   0: 0x80002410 (0xd8e17d93) andi    s11, sp, -626
core   0: 3 0x80002410 (0xd8e17d93) x27 0x8002ac04
core   0: 0x80002414 (0x31a60da3) sb      s10, 795(a2)
core   0: 3 0x80002414 (0x31a60da3) mem 0x800156f3 0x0
core   0: 0x80002418 (0x8ffd2917) auipc   s2, 0x8ffd2
core   0: 3 0x80002418 (0x8ffd2917) x18 0x0ffd4418
core   0: 0x8000241c (0x6c065c03) lhu     s8, 1728(a2)
core   0: 3 0x8000241c (0x6c065c03) x24 0x00000000 mem 0x80015a98
core   0: 0x80002420 (0xcb964483) lbu     s1, -839(a2)
core   0: 3 0x80002420 (0xcb964483) x 9 0x00000000 mem 0x80015091
core   0: 0x80002424 (0x1b760b23) sb      s7, 438(a2)
core   0: 3 0x80002424 (0x1b760b23) mem 0x8001558e 0xb3
core   0: 0x80002428 (0x65960383) lb      t2, 1625(a2)
core   0: 3 0x80002428 (0x65960383) x 7 0x00000000 mem 0x80015a31
core   0: 0x8000242c (0x09f64303) lbu     t1, 159(a2)
core   0: 3 0x8000242c (0x09f64303) x 6 0x00000000 mem 0x80015477
core   0: 0x80002430 (0x0000100f) fence.i
core   0: 3 0x80002430 (0x0000100f)
core   0: 0x80002434 (0xf7862e03) lw      t3, -136(a2)
core   0: 3 0x80002434 (0xf7862e03) x28 0x00001d00 mem 0x80015350
core   0: 0x80002438 (0x65861123) sh      s8, 1602(a2)
core   0: 3 0x80002438 (0x65861123) mem 0x80015a1a 0x0000
core   0: 0x8000243c (0x6ef60d03) lb      s10, 1775(a2)
core   0: 3 0x8000243c (0x6ef60d03) x26 0x00000000 mem 0x80015ac7
core   0: 0x80002440 (0x6ddc3937) lui     s2, 0x6ddc3
core   0: 3 0x80002440 (0x6ddc3937) x18 0x6ddc3000
core   0: 0x80002444 (0x01fc5233) srl     tp, s8, t6
core   0: 3 0x80002444 (0x01fc5233) x 4 0x00000000
core   0: 0x80002448 (0x2e160023) sb      ra, 736(a2)
core   0: 3 0x80002448 (0x2e160023) mem 0x800156b8 0x0
core   0: 0x8000244c (0x44164183) lbu     gp, 1089(a2)
core   0: 3 0x8000244c (0x44164183) x 3 0x00000000 mem 0x80015819
core   0: 0x80002450 (0x7bf60b03) lb      s6, 1983(a2)
core   0: 3 0x80002450 (0x7bf60b03) x22 0x00000000 mem 0x80015b97
core   0: 0x80002454 (0xcca60803) lb      a6, -822(a2)
core   0: 3 0x80002454 (0xcca60803) x16 0x00000000 mem 0x800150a2
core   0: 0x80002458 (0x22b9e693) ori     a3, s3, 555
core   0: 3 0x80002458 (0x22b9e693) x13 0x0000022b
core   0: 0x8000245c (0xeac65a03) lhu     s4, -340(a2)
core   0: 3 0x8000245c (0xeac65a03) x20 0x00000000 mem 0x80015284
core   0: 0x80002460 (0x0ff0000f) fence   iorw,iorw
core   0: 3 0x80002460 (0x0ff0000f)
core   0: 0x80002464 (0x5f164083) lbu     ra, 1521(a2)
core   0: 3 0x80002464 (0x5f164083) x 1 0x00000000 mem 0x800159c9
core   0: 0x80002468 (0x00020297) auipc   t0, 0x20
core   0: 3 0x80002468 (0x00020297) x 5 0x80022468
core   0: 0x8000246c (0x6fb28293) addi    t0, t0, 1787
core   0: 3 0x8000246c (0x6fb28293) x 5 0x80022b63
core   0: 0x80002470 (0xff828923) sb      s8, -14(t0)
core   0: 3 0x80002470 (0xff828923) mem 0x80022b55 0x0
core   0: 0x80002474 (0xff228303) lb      t1, -14(t0)
core   0: 3 0x80002474 (0xff228303) x 6 0x00000000 mem 0x80022b55
core   0: 0x80002478 (0xff228383) lb      t2, -14(t0)
core   0: 3 0x80002478 (0xff228383) x 7 0x00000000 mem 0x80022b55
core   0: 0x8000247c (0xff22c483) lbu     s1, -14(t0)
core   0: 3 0x8000247c (0xff22c483) x 9 0x00000000 mem 0x80022b55
core   0: 0x80002480 (0xff22c703) lbu     a4, -14(t0)
core   0: 3 0x80002480 (0xff22c703) x14 0x00000000 mem 0x80022b55
core   0: 0x80002484 (0xff728923) sb      s7, -14(t0)
core   0: 3 0x80002484 (0xff728923) mem 0x80022b55 0xb3
core   0: 0x80002488 (0xff228c03) lb      s8, -14(t0)
core   0: 3 0x80002488 (0xff228c03) x24 0xffffffb3 mem 0x80022b55
core   0: 0x8000248c (0xfef28923) sb      a5, -14(t0)
core   0: 3 0x8000248c (0xfef28923) mem 0x80022b55 0x0
core   0: 0x80002490 (0x00000013) nop
core   0: 3 0x80002490 (0x00000013)
core   0: 0x80002494 (0xa95c3993) sltiu   s3, s8, -1387
core   0: 3 0x80002494 (0xa95c3993) x19 0x00000000
core   0: 0x80002498 (0xff22c983) lbu     s3, -14(t0)
core   0: 3 0x80002498 (0xff22c983) x19 0x00000000 mem 0x80022b55
core   0: 0x8000249c (0xff528923) sb      s5, -14(t0)
core   0: 3 0x8000249c (0xff528923) mem 0x80022b55 0x0
core   0: 0x800024a0 (0xff228883) lb      a7, -14(t0)
core   0: 3 0x800024a0 (0xff228883) x17 0x00000000 mem 0x80022b55
core   0: 0x800024a4 (0xff228803) lb      a6, -14(t0)
core   0: 3 0x800024a4 (0xff228803) x16 0x00000000 mem 0x80022b55
core   0: 0x800024a8 (0xfe628923) sb      t1, -14(t0)
core   0: 3 0x800024a8 (0xfe628923) mem 0x80022b55 0x0
core   0: 0x800024ac (0xfe128923) sb      ra, -14(t0)
core   0: 3 0x800024ac (0xfe128923) mem 0x80022b55 0x0
core   0: 0x800024b0 (0xff228303) lb      t1, -14(t0)
core   0: 3 0x800024b0 (0xff228303) x 6 0x00000000 mem 0x80022b55
core   0: 0x800024b4 (0xff22c083) lbu     ra, -14(t0)
core   0: 3 0x800024b4 (0xff22c083) x 1 0x00000000 mem 0x80022b55
core   0: 0x800024b8 (0xff228f03) lb      t5, -14(t0)
core   0: 3 0x800024b8 (0xff228f03) x30 0x00000000 mem 0x80022b55
core   0: 0x800024bc (0xff228183) lb      gp, -14(t0)
core   0: 3 0x800024bc (0xff228183) x 3 0x00000000 mem 0x80022b55
core   0: 0x800024c0 (0x409e8fb3) sub     t6, t4, s1
core   0: 3 0x800024c0 (0x409e8fb3) x31 0x00000000
core   0: 0x800024c4 (0xff72df83) lhu     t6, -9(t0)
core   0: 3 0x800024c4 (0xff72df83) x31 0x00000000 mem 0x80022b5a
core   0: 0x800024c8 (0xfff29ba3) sh      t6, -9(t0)
core   0: 3 0x800024c8 (0xfff29ba3) mem 0x80022b5a 0x0000
core   0: 0x800024cc (0x00013e17) auipc   t3, 0x13
core   0: 3 0x800024cc (0x00013e17) x28 0x800154cc
core   0: 0x800024d0 (0xc42e0e13) addi    t3, t3, -958
core   0: 3 0x800024d0 (0xc42e0e13) x28 0x8001510e
core   0: 0x800024d4 (0x2c4d4f93) xori    t6, s10, 708
core   0: 3 0x800024d4 (0x2c4d4f93) x31 0x000002c4
core   0: 0x800024d8 (0xd4eb0d13) addi    s10, s6, -690
core   0: 3 0x800024d8 (0xd4eb0d13) x26 0xfffffd4e
core   0: 0x800024dc (0xfaee5f83) lhu     t6, -82(t3)
core   0: 3 0x800024dc (0xfaee5f83) x31 0x00000000 mem 0x800150bc
core   0: 0x800024e0 (0x0cae4c03) lbu     s8, 202(t3)
core   0: 3 0x800024e0 (0x0cae4c03) x24 0x00000000 mem 0x800151d8
core   0: 0x800024e4 (0x02de4583) lbu     a1, 45(t3)
core   0: 3 0x800024e4 (0x02de4583) x11 0x00000000 mem 0x8001513b
core   0: 0x800024e8 (0x0177a5b7) lui     a1, 0x177a
core   0: 3 0x800024e8 (0x0177a5b7) x11 0x0177a000
core   0: 0x800024ec (0x059e0903) lb      s2, 89(t3)
core   0: 3 0x800024ec (0x059e0903) x18 0x00000000 mem 0x80015167
core   0: 0x800024f0 (0x88022a13) slti    s4, tp, -1920
core   0: 3 0x800024f0 (0x88022a13) x20 0x00000000
core   0: 0x800024f4 (0x0cee1623) sh      a4, 204(t3)
core   0: 3 0x800024f4 (0x0cee1623) mem 0x800151da 0x0000
core   0: 0x800024f8 (0x006322b3) slt     t0, t1, t1
core   0: 3 0x800024f8 (0x006322b3) x 5 0x00000000
core   0: 0x800024fc (0xf16c3913) sltiu   s2, s8, -234
core   0: 3 0x800024fc (0xf16c3913) x18 0x00000001
core   0: 0x80002500 (0x0e7e0ea3) sb      t2, 253(t3)
core   0: 3 0x80002500 (0x0e7e0ea3) mem 0x8001520b 0x0
core   0: 0x80002504 (0x012a3db3) sltu    s11, s4, s2
core   0: 3 0x80002504 (0x012a3db3) x27 0x00000001
core   0: 0x80002508 (0x03ae02a3) sb      s10, 37(t3)
core   0: 3 0x80002508 (0x03ae02a3) mem 0x80015133 0x4e
core   0: 0x8000250c (0xfdae0a23) sb      s10, -44(t3)
core   0: 3 0x8000250c (0xfdae0a23) mem 0x800150e2 0x4e
core   0: 0x80002510 (0x003156b3) srl     a3, sp, gp
core   0: 3 0x80002510 (0x003156b3) x13 0x8002ae64
core   0: 0x80002514 (0x0071deb3) srl     t4, gp, t2
core   0: 3 0x80002514 (0x0071deb3) x29 0x00000000
core   0: 0x80002518 (0xdd977c13) andi    s8, a4, -551
core   0: 3 0x80002518 (0xdd977c13) x24 0x00000000
core   0: 0x8000251c (0xf4ee5703) lhu     a4, -178(t3)
core   0: 3 0x8000251c (0xf4ee5703) x14 0x00000000 mem 0x8001505c
core   0: 0x80002520 (0xf44e1383) lh      t2, -188(t3)
core   0: 3 0x80002520 (0xf44e1383) x 7 0x00000000 mem 0x80015052
core   0: 0x80002524 (0x132befb7) lui     t6, 0x132be
core   0: 3 0x80002524 (0x132befb7) x31 0x132be000
core   0: 0x80002528 (0xfc0e0703) lb      a4, -64(t3)
core   0: 3 0x80002528 (0xfc0e0703) x14 0x00000000 mem 0x800150ce
core   0: 0x8000252c (0x00049993) slli    s3, s1, 0
core   0: 3 0x8000252c (0x00049993) x19 0x00000000
core   0: 0x80002530 (0x0b3e4783) lbu     a5, 179(t3)
core   0: 3 0x80002530 (0x0b3e4783) x15 0x00000000 mem 0x800151c1
core   0: 0x80002534 (0x194b2e93) slti    t4, s6, 404
core   0: 3 0x80002534 (0x194b2e93) x29 0x00000001
core   0: 0x80002538 (0x048e05a3) sb      s0, 75(t3)
core   0: 3 0x80002538 (0x048e05a3) mem 0x80015159 0x0
core   0: 0x8000253c (0xfe4e1383) lh      t2, -28(t3)
core   0: 3 0x8000253c (0xfe4e1383) x 7 0x00000000 mem 0x800150f2
core   0: 0x80002540 (0x042e06a3) sb      sp, 77(t3)
core   0: 3 0x80002540 (0x042e06a3) mem 0x8001515b 0x64
core   0: 0x80002544 (0x0000100f) fence.i
core   0: 3 0x80002544 (0x0000100f)
core   0: 0x80002548 (0x0f0e1803) lh      a6, 240(t3)
core   0: 3 0x80002548 (0x0f0e1803) x16 0x00000000 mem 0x800151fe
core   0: 0x8000254c (0x00f008b3) add     a7, zero, a5
core   0: 3 0x8000254c (0x00f008b3) x17 0x00000000
core   0: 0x80002550 (0xf6fe08a3) sb      a5, -143(t3)
core   0: 3 0x80002550 (0xf6fe08a3) mem 0x8001507f 0x0
core   0: 0x80002554 (0x0a1e0003) lb      zero, 161(t3)
core   0: 3 0x80002554 (0x0a1e0003) mem 0x800151af
core   0: 0x80002558 (0xf65e4f83) lbu     t6, -155(t3)
core   0: 3 0x80002558 (0xf65e4f83) x31 0x00000000 mem 0x80015073
core   0: 0x8000255c (0x009e0723) sb      s1, 14(t3)
core   0: 3 0x8000255c (0x009e0723) mem 0x8001511c 0x0
core   0: 0x80002560 (0xa7b39f37) lui     t5, 0xa7b39
core   0: 3 0x80002560 (0xa7b39f37) x30 0xa7b39000
core   0: 0x80002564 (0x0a3e4183) lbu     gp, 163(t3)
core   0: 3 0x80002564 (0x0a3e4183) x 3 0x00000000 mem 0x800151b1
core   0: 0x80002568 (0x01c1f033) and     zero, gp, t3
core   0: 3 0x80002568 (0x01c1f033)
core   0: 0x8000256c (0x521eb693) sltiu   a3, t4, 1313
core   0: 3 0x8000256c (0x521eb693) x13 0x00000001
core   0: 0x80002570 (0x017137b3) sltu    a5, sp, s7
core   0: 3 0x80002570 (0x017137b3) x15 0x00000001
core   0: 0x80002574 (0x062e0b03) lb      s6, 98(t3)
core   0: 3 0x80002574 (0x062e0b03) x22 0x00000000 mem 0x80015170
core   0: 0x80002578 (0xf89e0ca3) sb      s1, -103(t3)
core   0: 3 0x80002578 (0xf89e0ca3) mem 0x800150a7 0x0
core   0: 0x8000257c (0xf5ce1b23) sh      t3, -170(t3)
core   0: 3 0x8000257c (0xf5ce1b23) mem 0x80015064 0x510e
core   0: 0x80002580 (0xf79e0983) lb      s3, -135(t3)
core   0: 3 0x80002580 (0xf79e0983) x19 0x00000000 mem 0x80015087
core   0: 0x80002584 (0x5036f013) andi    zero, a3, 1283
core   0: 3 0x80002584 (0x5036f013)
core   0: 0x80002588 (0xffde4c83) lbu     s9, -3(t3)
core   0: 3 0x80002588 (0xffde4c83) x25 0x00000000 mem 0x8001510b
core   0: 0x8000258c (0x07de4b03) lbu     s6, 125(t3)
core   0: 3 0x8000258c (0x07de4b03) x22 0x00000000 mem 0x8001518b
core   0: 0x80002590 (0x0e2e2d23) sw      sp, 250(t3)
core   0: 3 0x80002590 (0x0e2e2d23) mem 0x80015208 0x8002ae64
core   0: 0x80002594 (0x05ae1003) lh      zero, 90(t3)
core   0: 3 0x80002594 (0x05ae1003) mem 0x80015168
core   0: 0x80002598 (0x00a85c33) srl     s8, a6, a0
core   0: 3 0x80002598 (0x00a85c33) x24 0x00000000
core   0: 0x8000259c (0x097e1823) sh      s7, 144(t3)
core   0: 3 0x8000259c (0x097e1823) mem 0x8001519e 0xaab3
core   0: 0x800025a0 (0x00013197) auipc   gp, 0x13
core   0: 3 0x800025a0 (0x00013197) x 3 0x800155a0
core   0: 0x800025a4 (0x6d318193) addi    gp, gp, 1747
core   0: 3 0x800025a4 (0x6d318193) x 3 0x80015c73
core   0: 0x800025a8 (0x00d9ca33) xor     s4, s3, a3
core   0: 3 0x800025a8 (0x00d9ca33) x20 0x00000001
core   0: 0x800025ac (0x01a2dd13) srli    s10, t0, 26
core   0: 3 0x800025ac (0x01a2dd13) x26 0x00000000
core   0: 0x800025b0 (0x00317d33) and     s10, sp, gp
core   0: 3 0x800025b0 (0x00317d33) x26 0x80000c60
core   0: 0x800025b4 (0x01319a03) lh      s4, 19(gp)
core   0: 3 0x800025b4 (0x01319a03) x20 0x00000000 mem 0x80015c86
core   0: 0x800025b8 (0x41d4d913) srai    s2, s1, 29
core   0: 3 0x800025b8 (0x41d4d913) x18 0x00000000
core   0: 0x800025bc (0x2febe713) ori     a4, s7, 766
core   0: 3 0x800025bc (0x2febe713) x14 0xd1eeaaff
core   0: 0x800025c0 (0xfc018003) lb      zero, -64(gp)
core   0: 3 0x800025c0 (0xfc018003) mem 0x80015c33
core   0: 0x800025c4 (0x02918ca3) sb      s1, 57(gp)
core   0: 3 0x800025c4 (0x02918ca3) mem 0x80015cac 0x0
core   0: 0x800025c8 (0x01208d33) add     s10, ra, s2
core   0: 3 0x800025c8 (0x01208d33) x26 0x00000000
core   0: 0x800025cc (0x03e1ca03) lbu     s4, 62(gp)
core   0: 3 0x800025cc (0x03e1ca03) x20 0x00000000 mem 0x80015cb1
core   0: 0x800025d0 (0x02118c23) sb      ra, 56(gp)
core   0: 3 0x800025d0 (0x02118c23) mem 0x80015cab 0x0
core   0: 0x800025d4 (0xff518d83) lb      s11, -11(gp)
core   0: 3 0x800025d4 (0xff518d83) x27 0x00000000 mem 0x80015c68
core   0: 0x800025d8 (0x002483b3) add     t2, s1, sp
core   0: 3 0x800025d8 (0x002483b3) x 7 0x8002ae64
core   0: 0x800025dc (0x3d0b6993) ori     s3, s6, 976
core   0: 3 0x800025dc (0x3d0b6993) x19 0x000003d0
core   0: 0x800025e0 (0xfec18f03) lb      t5, -20(gp)
core   0: 3 0x800025e0 (0xfec18f03) x30 0x00000000 mem 0x80015c5f
core   0: 0x800025e4 (0xfd61c703) lbu     a4, -42(gp)
core   0: 3 0x800025e4 (0xfd61c703) x14 0x00000000 mem 0x80015c49
core   0: 0x800025e8 (0x02f18423) sb      a5, 40(gp)
core   0: 3 0x800025e8 (0x02f18423) mem 0x80015c9b 0x1
core   0: 0x800025ec (0x01e1ce83) lbu     t4, 30(gp)
core   0: 3 0x800025ec (0x01e1ce83) x29 0x00000000 mem 0x80015c91
core   0: 0x800025f0 (0x0038c5b3) xor     a1, a7, gp
core   0: 3 0x800025f0 (0x0038c5b3) x11 0x80015c73
core   0: 0x800025f4 (0x00118f03) lb      t5, 1(gp)
core   0: 3 0x800025f4 (0x00118f03) x30 0x00000000 mem 0x80015c74
core   0: 0x800025f8 (0xfca18383) lb      t2, -54(gp)
core   0: 3 0x800025f8 (0xfca18383) x 7 0x00000000 mem 0x80015c3d
core   0: 0x800025fc (0xfe41c883) lbu     a7, -28(gp)
core   0: 3 0x800025fc (0xfe41c883) x17 0x00000000 mem 0x80015c57
core   0: 0x80002600 (0x00f18fa3) sb      a5, 31(gp)
core   0: 3 0x80002600 (0x00f18fa3) mem 0x80015c92 0x1
core   0: 0x80002604 (0xfe21c883) lbu     a7, -30(gp)
core   0: 3 0x80002604 (0xfe21c883) x17 0x00000000 mem 0x80015c55
core   0: 0x80002608 (0xd7524f17) auipc   t5, 0xd7524
core   0: 3 0x80002608 (0xd7524f17) x30 0x57526608
core   0: 0x8000260c (0x9f0b6d93) ori     s11, s6, -1552
core   0: 3 0x8000260c (0x9f0b6d93) x27 0xfffff9f0
core   0: 0x80002610 (0x0241c203) lbu     tp, 36(gp)
core   0: 3 0x80002610 (0x0241c203) x 4 0x00000000 mem 0x80015c97
core   0: 0x80002614 (0x00518123) sb      t0, 2(gp)
core   0: 3 0x80002614 (0x00518123) mem 0x80015c75 0x0
core   0: 0x80002618 (0x40055b33) sra     s6, a0, zero
core   0: 3 0x80002618 (0x40055b33) x22 0x8002ece4
core   0: 0x8000261c (0x00529f33) sll     t5, t0, t0
core   0: 3 0x8000261c (0x00529f33) x30 0x00000000
core   0: 0x80002620 (0xfef1c603) lbu     a2, -17(gp)
core   0: 3 0x80002620 (0xfef1c603) x12 0x00000000 mem 0x80015c62
core   0: 0x80002624 (0xe3540997) auipc   s3, 0xe3540
core   0: 3 0x80002624 (0xe3540997) x19 0x63542624
core   0: 0x80002628 (0x00956933) or      s2, a0, s1
core   0: 3 0x80002628 (0x00956933) x18 0x8002ece4
core   0: 0x8000262c (0x0162d7b3) srl     a5, t0, s6
core   0: 3 0x8000262c (0x0162d7b3) x15 0x00000000
core   0: 0x80002630 (0x0ff0000f) fence   iorw,iorw
core   0: 3 0x80002630 (0x0ff0000f)
core   0: 0x80002634 (0xfe718b23) sb      t2, -10(gp)
core   0: 3 0x80002634 (0xfe718b23) mem 0x80015c69 0x0
core   0: 0x80002638 (0x00518d03) lb      s10, 5(gp)
core   0: 3 0x80002638 (0x00518d03) x26 0x00000000 mem 0x80015c78
core   0: 0x8000263c (0x40ccd9b3) sra     s3, s9, a2
core   0: 3 0x8000263c (0x40ccd9b3) x19 0x00000000
core   0: 0x80002640 (0x4034de33) sra     t3, s1, gp
core   0: 3 0x80002640 (0x4034de33) x28 0x00000000
core   0: 0x80002644 (0x0171f7b3) and     a5, gp, s7
core   0: 3 0x80002644 (0x0171f7b3) x15 0x80000833
core   0: 0x80002648 (0x1d520993) addi    s3, tp, 469
core   0: 3 0x80002648 (0x1d520993) x19 0x000001d5
core   0: 0x8000264c (0x02e18223) sb      a4, 36(gp)
core   0: 3 0x8000264c (0x02e18223) mem 0x80015c97 0x0
core   0: 0x80002650 (0x01ff86b3) add     a3, t6, t6
core   0: 3 0x80002650 (0x01ff86b3) x13 0x00000000
core   0: 0x80002654 (0x005f9a93) slli    s5, t6, 5
core   0: 3 0x80002654 (0x005f9a93) x21 0x00000000
core   0: 0x80002658 (0xfd01c383) lbu     t2, -48(gp)
core   0: 3 0x80002658 (0xfd01c383) x 7 0x00000000 mem 0x80015c43
core   0: 0x8000265c (0x06f52913) slti    s2, a0, 111
core   0: 3 0x8000265c (0x06f52913) x18 0x00000001
core   0: 0x80002660 (0xfc41a6a3) sw      tp, -51(gp)
core   0: 3 0x80002660 (0xfc41a6a3) mem 0x80015c40 0x00000000
core   0: 0x80002664 (0x00a18b03) lb      s6, 10(gp)
core   0: 3 0x80002664 (0x00a18b03) x22 0x00000000 mem 0x80015c7d
core   0: 0x80002668 (0x0001ef17) auipc   t5, 0x1e
core   0: 3 0x80002668 (0x0001ef17) x30 0x80020668
core   0: 0x8000266c (0x9faf0f13) addi    t5, t5, -1542
core   0: 3 0x8000266c (0x9faf0f13) x30 0x80020062
core   0: 0x80002670 (0xfb3f0903) lb      s2, -77(t5)
core   0: 3 0x80002670 (0xfb3f0903) x18 0x00000000 mem 0x80020015
core   0: 0x80002674 (0xfbcf0fa3) sb      t3, -65(t5)
core   0: 3 0x80002674 (0xfbcf0fa3) mem 0x80020021 0x0
core   0: 0x80002678 (0xf01f4083) lbu     ra, -255(t5)
core   0: 3 0x80002678 (0xf01f4083) x 1 0x00000000 mem 0x8001ff63
core   0: 0x8000267c (0x033f0e03) lb      t3, 51(t5)
core   0: 3 0x8000267c (0x033f0e03) x28 0x00000000 mem 0x80020095
core   0: 0x80002680 (0x08ff0c23) sb      a5, 152(t5)
core   0: 3 0x80002680 (0x08ff0c23) mem 0x800200fa 0x33
core   0: 0x80002684 (0xf2bf4c83) lbu     s9, -213(t5)
core   0: 3 0x80002684 (0xf2bf4c83) x25 0x00000000 mem 0x8001ff8d
core   0: 0x80002688 (0x015f4203) lbu     tp, 21(t5)
core   0: 3 0x80002688 (0x015f4203) x 4 0x00000000 mem 0x80020077
core   0: 0x8000268c (0xf7df05a3) sb      t4, -149(t5)
core   0: 3 0x8000268c (0xf7df05a3) mem 0x8001ffcd 0x0
core   0: 0x80002690 (0x0acf0303) lb      t1, 172(t5)
core   0: 3 0x80002690 (0x0acf0303) x 6 0x00000000 mem 0x8002010e
core   0: 0x80002694 (0x04ef06a3) sb      a4, 77(t5)
core   0: 3 0x80002694 (0x04ef06a3) mem 0x800200af 0x0
core   0: 0x80002698 (0xf84f5203) lhu     tp, -124(t5)
core   0: 3 0x80002698 (0xf84f5203) x 4 0x00000000 mem 0x8001ffe6
core   0: 0x8000269c (0x079f4c03) lbu     s8, 121(t5)
core   0: 3 0x8000269c (0x079f4c03) x24 0x00000000 mem 0x800200db
core   0: 0x800026a0 (0x6052fd17) auipc   s10, 0x6052f
core   0: 3 0x800026a0 (0x6052fd17) x26 0xe05316a0
core   0: 0x800026a4 (0x33664613) xori    a2, a2, 822
core   0: 3 0x800026a4 (0x33664613) x12 0x00000336
core   0: 0x800026a8 (0x0f3f1823) sh      s3, 240(t5)
core   0: 3 0x800026a8 (0x0f3f1823) mem 0x80020152 0x01d5
core   0: 0x800026ac (0xfd9f4a83) lbu     s5, -39(t5)
core   0: 3 0x800026ac (0xfd9f4a83) x21 0x00000000 mem 0x8002003b
core   0: 0x800026b0 (0x74628893) addi    a7, t0, 1862
core   0: 3 0x800026b0 (0x74628893) x17 0x00000746
core   0: 0x800026b4 (0x01bf4783) lbu     a5, 27(t5)
core   0: 3 0x800026b4 (0x01bf4783) x15 0x00000000 mem 0x8002007d
core   0: 0x800026b8 (0xf2ff4003) lbu     zero, -209(t5)
core   0: 3 0x800026b8 (0xf2ff4003) mem 0x8001ff91
core   0: 0x800026bc (0x41025093) srai    ra, tp, 16
core   0: 3 0x800026bc (0x41025093) x 1 0x00000000
core   0: 0x800026c0 (0x030f1e83) lh      t4, 48(t5)
core   0: 3 0x800026c0 (0x030f1e83) x29 0x00000000 mem 0x80020092
core   0: 0x800026c4 (0x00000013) nop
core   0: 3 0x800026c4 (0x00000013)
core   0: 0x800026c8 (0xf41f4293) xori    t0, t5, -191
core   0: 3 0x800026c8 (0xf41f4293) x 5 0x7ffdff23
core   0: 0x800026cc (0x006e7db3) and     s11, t3, t1
core   0: 3 0x800026cc (0x006e7db3) x27 0x00000000
core   0: 0x800026d0 (0x6f0e0593) addi    a1, t3, 1776
core   0: 3 0x800026d0 (0x6f0e0593) x11 0x000006f0
core   0: 0x800026d4 (0x7c1e7813) andi    a6, t3, 1985
core   0: 3 0x800026d4 (0x7c1e7813) x16 0x00000000
core   0: 0x800026d8 (0x009fdf93) srli    t6, t6, 9
core   0: 3 0x800026d8 (0x009fdf93) x31 0x00000000
core   0: 0x800026dc (0x0c0f1b03) lh      s6, 192(t5)
core   0: 3 0x800026dc (0x0c0f1b03) x22 0x00000000 mem 0x80020122
core   0: 0x800026e0 (0x017f0403) lb      s0, 23(t5)
core   0: 3 0x800026e0 (0x017f0403) x 8 0x00000000 mem 0x80020079
core   0: 0x800026e4 (0x0c2f2383) lw      t2, 194(t5)
core   0: 3 0x800026e4 (0x0c2f2383) x 7 0x00000000 mem 0x80020124
core   0: 0x800026e8 (0x01ff0083) lb      ra, 31(t5)
core   0: 3 0x800026e8 (0x01ff0083) x 1 0x00000000 mem 0x80020081
core   0: 0x800026ec (0x0aff4f83) lbu     t6, 175(t5)
core   0: 3 0x800026ec (0x0aff4f83) x31 0x00000000 mem 0x80020111
core   0: 0x800026f0 (0x0f1f0d83) lb      s11, 241(t5)
core   0: 3 0x800026f0 (0x0f1f0d83) x27 0x00000001 mem 0x80020153
core   0: 0x800026f4 (0xfa2f1803) lh      a6, -94(t5)
core   0: 3 0x800026f4 (0xfa2f1803) x16 0x00000000 mem 0x80020004
core   0: 0x800026f8 (0x41648733) sub     a4, s1, s6
core   0: 3 0x800026f8 (0x41648733) x14 0x00000000
core   0: 0x800026fc (0xf33f4183) lbu     gp, -205(t5)
core   0: 3 0x800026fc (0xf33f4183) x 3 0x00000000 mem 0x8001ff95
core   0: 0x80002700 (0x01aef733) and     a4, t4, s10
core   0: 3 0x80002700 (0x01aef733) x14 0x00000000
core   0: 0x80002704 (0xf8af00a3) sb      a0, -127(t5)
core   0: 3 0x80002704 (0xf8af00a3) mem 0x8001ffe3 0xe4
core   0: 0x80002708 (0x0015ec33) or      s8, a1, ra
core   0: 3 0x80002708 (0x0015ec33) x24 0x000006f0
core   0: 0x8000270c (0xf3ef02a3) sb      t5, -219(t5)
core   0: 3 0x8000270c (0xf3ef02a3) mem 0x8001ff87 0x62
core   0: 0x80002710 (0x36a28c93) addi    s9, t0, 874
core   0: 3 0x80002710 (0x36a28c93) x25 0x7ffe028d
core   0: 0x80002714 (0xf93f2b23) sw      s3, -106(t5)
core   0: 3 0x80002714 (0xf93f2b23) mem 0x8001fff8 0x000001d5
core   0: 0x80002718 (0xf9ef5703) lhu     a4, -98(t5)
core   0: 3 0x80002718 (0xf9ef5703) x14 0x00000000 mem 0x80020000
core   0: 0x8000271c (0x0dbf4783) lbu     a5, 219(t5)
core   0: 3 0x8000271c (0x0dbf4783) x15 0x00000000 mem 0x8002013d
core   0: 0x80002720 (0x00013e17) auipc   t3, 0x13
core   0: 3 0x80002720 (0x00013e17) x28 0x80015720
core   0: 0x80002724 (0x530e0e13) addi    t3, t3, 1328
core   0: 3 0x80002724 (0x530e0e13) x28 0x80015c50
core   0: 0x80002728 (0x008e0623) sb      s0, 12(t3)
core   0: 3 0x80002728 (0x008e0623) mem 0x80015c5c 0x0
core   0: 0x8000272c (0x4180d293) srai    t0, ra, 24
core   0: 3 0x8000272c (0x4180d293) x 5 0x00000000
core   0: 0x80002730 (0x00ce5703) lhu     a4, 12(t3)
core   0: 3 0x80002730 (0x00ce5703) x14 0x00000000 mem 0x80015c5c
core   0: 0x80002734 (0x00ce4403) lbu     s0, 12(t3)
core   0: 3 0x80002734 (0x00ce4403) x 8 0x00000000 mem 0x80015c5c
core   0: 0x80002738 (0x00ce2e83) lw      t4, 12(t3)
core   0: 3 0x80002738 (0x00ce2e83) x29 0x00000000 mem 0x80015c5c
core   0: 0x8000273c (0x00ee2623) sw      a4, 12(t3)
core   0: 3 0x8000273c (0x00ee2623) mem 0x80015c5c 0x00000000
core   0: 0x80002740 (0x007e2623) sw      t2, 12(t3)
core   0: 3 0x80002740 (0x007e2623) mem 0x80015c5c 0x00000000
core   0: 0x80002744 (0x1a23ed97) auipc   s11, 0x1a23e
core   0: 3 0x80002744 (0x1a23ed97) x27 0x9a240744
core   0: 0x80002748 (0x022a0613) addi    a2, s4, 34
core   0: 3 0x80002748 (0x022a0613) x12 0x00000022
core   0: 0x8000274c (0x022e2623) sw      sp, 44(t3)
core   0: 3 0x8000274c (0x022e2623) mem 0x80015c7c 0x8002ae64
core   0: 0x80002750 (0x033e0623) sb      s3, 44(t3)
core   0: 3 0x80002750 (0x033e0623) mem 0x80015c7c 0xd5
core   0: 0x80002754 (0xea26df17) auipc   t5, 0xea26d
core   0: 3 0x80002754 (0xea26df17) x30 0x6a26f754
core   0: 0x80002758 (0x02ce2623) sw      a2, 44(t3)
core   0: 3 0x80002758 (0x02ce2623) mem 0x80015c7c 0x00000022
core   0: 0x8000275c (0x02ce4003) lbu     zero, 44(t3)
core   0: 3 0x8000275c (0x02ce4003) mem 0x80015c7c
core   0: 0x80002760 (0x0692ab13) slti    s6, t0, 105
core   0: 3 0x80002760 (0x0692ab13) x22 0x00000001
core   0: 0x80002764 (0x02ce4703) lbu     a4, 44(t3)
core   0: 3 0x80002764 (0x02ce4703) x14 0x00000022 mem 0x80015c7c
core   0: 0x80002768 (0x007a7d33) and     s10, s4, t2
core   0: 3 0x80002768 (0x007a7d33) x26 0x00000000
core   0: 0x8000276c (0x02ce2703) lw      a4, 44(t3)
core   0: 3 0x8000276c (0x02ce2703) x14 0x00000022 mem 0x80015c7c
core   0: 0x80002770 (0x00014497) auipc   s1, 0x14
core   0: 3 0x80002770 (0x00014497) x 9 0x80016770
core   0: 0x80002774 (0xf7d48493) addi    s1, s1, -131
core   0: 3 0x80002774 (0xf7d48493) x 9 0x800166ed
core   0: 0x80002778 (0x419c52b3) sra     t0, s8, s9
core   0: 3 0x80002778 (0x419c52b3) x 5 0x00000000
core   0: 0x8000277c (0x152c6ab7) lui     s5, 0x152c6
core   0: 3 0x8000277c (0x152c6ab7) x21 0x152c6000
core   0: 0x80002780 (0x0a549983) lh      s3, 165(s1)
core   0: 3 0x80002780 (0x0a549983) x19 0x00000000 mem 0x80016792
core   0: 0x80002784 (0x0000100f) fence.i
core   0: 3 0x80002784 (0x0000100f)
core   0: 0x80002788 (0xfa848083) lb      ra, -88(s1)
core   0: 3 0x80002788 (0xfa848083) x 1 0x00000000 mem 0x80016695
core   0: 0x8000278c (0xf6648983) lb      s3, -154(s1)
core   0: 3 0x8000278c (0xf6648983) x19 0x00000000 mem 0x80016653
core   0: 0x80002790 (0xf5948403) lb      s0, -167(s1)
core   0: 3 0x80002790 (0xf5948403) x 8 0x00000000 mem 0x80016646
core   0: 0x80002794 (0x00398033) add     zero, s3, gp
core   0: 3 0x80002794 (0x00398033)
core   0: 0x80002798 (0x0e448283) lb      t0, 228(s1)
core   0: 3 0x80002798 (0x0e448283) x 5 0x00000000 mem 0x800167d1
core   0: 0x8000279c (0x04248323) sb      sp, 70(s1)
core   0: 3 0x8000279c (0x04248323) mem 0x80016733 0x64
core   0: 0x800027a0 (0xf8549603) lh      a2, -123(s1)
core   0: 3 0x800027a0 (0xf8549603) x12 0x00000000 mem 0x80016672
core   0: 0x800027a4 (0xc9d24813) xori    a6, tp, -867
core   0: 3 0x800027a4 (0xc9d24813) x16 0xfffffc9d
core   0: 0x800027a8 (0xfc448303) lb      t1, -60(s1)
core   0: 3 0x800027a8 (0xfc448303) x 6 0x00000000 mem 0x800166b1
core   0: 0x800027ac (0x06818593) addi    a1, gp, 104
core   0: 3 0x800027ac (0x06818593) x11 0x00000068
core   0: 0x800027b0 (0xf914d383) lhu     t2, -111(s1)
core   0: 3 0x800027b0 (0xf914d383) x 7 0x00000000 mem 0x8001667e
core   0: 0x800027b4 (0x40cc5333) sra     t1, s8, a2
core   0: 3 0x800027b4 (0x40cc5333) x 6 0x000006f0
core   0: 0x800027b8 (0x0664c003) lbu     zero, 102(s1)
core   0: 3 0x800027b8 (0x0664c003) mem 0x80016753
core   0: 0x800027bc (0x0454cd03) lbu     s10, 69(s1)
core   0: 3 0x800027bc (0x0454cd03) x26 0x00000000 mem 0x80016732
core   0: 0x800027c0 (0x0ef4d083) lhu     ra, 239(s1)
core   0: 3 0x800027c0 (0x0ef4d083) x 1 0x00000000 mem 0x800167dc
core   0: 0x800027c4 (0x00772c33) slt     s8, a4, t2
core   0: 3 0x800027c4 (0x00772c33) x24 0x00000000
core   0: 0x800027c8 (0x41b75713) srai    a4, a4, 27
core   0: 3 0x800027c8 (0x41b75713) x14 0x00000000
core   0: 0x800027cc (0xd4e27193) andi    gp, tp, -690
core   0: 3 0x800027cc (0xd4e27193) x 3 0x00000000
core   0: 0x800027d0 (0x01748d83) lb      s11, 23(s1)
core   0: 3 0x800027d0 (0x01748d83) x27 0x00000000 mem 0x80016704
core   0: 0x800027d4 (0x0c148903) lb      s2, 193(s1)
core   0: 3 0x800027d4 (0x0c148903) x18 0x00000000 mem 0x800167ae
core   0: 0x800027d8 (0x0994d383) lhu     t2, 153(s1)
core   0: 3 0x800027d8 (0x0994d383) x 7 0x00000000 mem 0x80016786
core   0: 0x800027dc (0xfca48823) sb      a0, -48(s1)
core   0: 3 0x800027dc (0xfca48823) mem 0x800166bd 0xe4
core   0: 0x800027e0 (0x00013217) auipc   tp, 0x13
core   0: 3 0x800027e0 (0x00013217) x 4 0x800157e0
core   0: 0x800027e4 (0xf6e20213) addi    tp, tp, -146
core   0: 3 0x800027e4 (0xf6e20213) x 4 0x8001574e
core   0: 0x800027e8 (0x0001c197) auipc   gp, 0x1c
core   0: 3 0x800027e8 (0x0001c197) x 3 0x8001e7e8
core   0: 0x800027ec (0xf0a18193) addi    gp, gp, -246
core   0: 3 0x800027ec (0xf0a18193) x 3 0x8001e6f2
core   0: 0x800027f0 (0x016205a3) sb      s6, 11(tp)
core   0: 3 0x800027f0 (0x016205a3) mem 0x80015759 0x1
core   0: 0x800027f4 (0x00120d83) lb      s11, 1(tp)
core   0: 3 0x800027f4 (0x00120d83) x27 0x00000000 mem 0x8001574f
core   0: 0x800027f8 (0x5f718303) lb      t1, 1527(gp)
core   0: 3 0x800027f8 (0x5f718303) x 6 0x00000000 mem 0x8001ece9
core   0: 0x800027fc (0x82a1a803) lw      a6, -2006(gp)
core   0: 3 0x800027fc (0x82a1a803) x16 0x00000000 mem 0x8001df1c
core   0: 0x80002800 (0x00121323) sh      ra, 6(tp)
core   0: 3 0x80002800 (0x00121323) mem 0x80015754 0x0000
core   0: 0x80002804 (0x7d618603) lb      a2, 2006(gp)
core   0: 3 0x80002804 (0x7d618603) x12 0x00000000 mem 0x8001eec8
core   0: 0x80002808 (0xffe25a83) lhu     s5, -2(tp)
core   0: 3 0x80002808 (0xffe25a83) x21 0x00000000 mem 0x8001574c
core   0: 0x8000280c (0xd0a18303) lb      t1, -758(gp)
core   0: 3 0x8000280c (0xd0a18303) x 6 0x00000000 mem 0x8001e3fc
core   0: 0x80002810 (0x00d20683) lb      a3, 13(tp)
core   0: 3 0x80002810 (0x00d20683) x13 0x00000000 mem 0x8001575b
core   0: 0x80002814 (0xff724f83) lbu     t6, -9(tp)
core   0: 3 0x80002814 (0xff724f83) x31 0x00000000 mem 0x80015745
core   0: 0x80002818 (0xa99187a3) sb      s9, -1393(gp)
core   0: 3 0x80002818 (0xa99187a3) mem 0x8001e181 0x8d
core   0: 0x8000281c (0x96518083) lb      ra, -1691(gp)
core   0: 3 0x8000281c (0x96518083) x 1 0x00000000 mem 0x8001e057
core   0: 0x80002820 (0x8911c683) lbu     a3, -1903(gp)
core   0: 3 0x80002820 (0x8911c683) x13 0x00000000 mem 0x8001df83
core   0: 0x80002824 (0x36118d03) lb      s10, 865(gp)
core   0: 3 0x80002824 (0x36118d03) x26 0x00000000 mem 0x8001ea53
core   0: 0x80002828 (0x5bb183a3) sb      s11, 1447(gp)
core   0: 3 0x80002828 (0x5bb183a3) mem 0x8001ec99 0x0
core   0: 0x8000282c (0x00013097) auipc   ra, 0x13
core   0: 3 0x8000282c (0x00013097) x 1 0x8001582c
core   0: 0x80002830 (0xa1c08093) addi    ra, ra, -1508
core   0: 3 0x80002830 (0xa1c08093) x 1 0x80015248
core   0: 0x80002834 (0x0ff0000f) fence   iorw,iorw
core   0: 3 0x80002834 (0x0ff0000f)
core   0: 0x80002838 (0xe7a76613) ori     a2, a4, -390
core   0: 3 0x80002838 (0xe7a76613) x12 0xfffffe7a
core   0: 0x8000283c (0x41a5df13) srai    t5, a1, 26
core   0: 3 0x8000283c (0x41a5df13) x30 0x00000000
core   0: 0x80002840 (0xfda0c203) lbu     tp, -38(ra)
core   0: 3 0x80002840 (0xfda0c203) x 4 0x00000000 mem 0x80015222
core   0: 0x80002844 (0x0000100f) fence.i
core   0: 3 0x80002844 (0x0000100f)
core   0: 0x80002848 (0xfe9081a3) sb      s1, -29(ra)
core   0: 3 0x80002848 (0xfe9081a3) mem 0x8001522b 0xed
core   0: 0x8000284c (0x1e0aa813) slti    a6, s5, 480
core   0: 3 0x8000284c (0x1e0aa813) x16 0x00000001
core   0: 0x80002850 (0x00109b23) sh      ra, 22(ra)
core   0: 3 0x80002850 (0x00109b23) mem 0x8001525e 0x5248
core   0: 0x80002854 (0x01b08e03) lb      t3, 27(ra)
core   0: 3 0x80002854 (0x01b08e03) x28 0x00000000 mem 0x80015263
core   0: 0x80002858 (0x0000100f) fence.i
core   0: 3 0x80002858 (0x0000100f)
core   0: 0x8000285c (0x0130c203) lbu     tp, 19(ra)
core   0: 3 0x8000285c (0x0130c203) x 4 0x00000000 mem 0x8001525b
core   0: 0x80002860 (0x02f09d23) sh      a5, 58(ra)
core   0: 3 0x80002860 (0x02f09d23) mem 0x80015282 0x0000
core   0: 0x80002864 (0xfc609723) sh      t1, -50(ra)
core   0: 3 0x80002864 (0xfc609723) mem 0x80015216 0x0000
core   0: 0x80002868 (0x41ef0b33) sub     s6, t5, t5
core   0: 3 0x80002868 (0x41ef0b33) x22 0x00000000
core   0: 0x8000286c (0x0098ceb3) xor     t4, a7, s1
core   0: 3 0x8000286c (0x0098ceb3) x29 0x800161ab
core   0: 0x80002870 (0x03209603) lh      a2, 50(ra)
core   0: 3 0x80002870 (0x03209603) x12 0x00000000 mem 0x8001527a
core   0: 0x80002874 (0x00000013) nop
core   0: 3 0x80002874 (0x00000013)
core   0: 0x80002878 (0x40d105b3) sub     a1, sp, a3
core   0: 3 0x80002878 (0x40d105b3) x11 0x8002ae64
core   0: 0x8000287c (0xfcf0ca03) lbu     s4, -49(ra)
core   0: 3 0x8000287c (0xfcf0ca03) x20 0x00000000 mem 0x80015217
core   0: 0x80002880 (0x8ed1a993) slti    s3, gp, -1811
core   0: 3 0x80002880 (0x8ed1a993) x19 0x00000001
core   0: 0x80002884 (0x0130c003) lbu     zero, 19(ra)
core   0: 3 0x80002884 (0x0130c003) mem 0x8001525b
core   0: 0x80002888 (0xfd508423) sb      s5, -56(ra)
core   0: 3 0x80002888 (0xfd508423) mem 0x80015210 0x0
core   0: 0x8000288c (0x0056b9b3) sltu    s3, a3, t0
core   0: 3 0x8000288c (0x0056b9b3) x19 0x00000000
core   0: 0x80002890 (0x04009d03) lh      s10, 64(ra)
core   0: 3 0x80002890 (0x04009d03) x26 0x00000000 mem 0x80015288
core   0: 0x80002894 (0x86da2013) slti    zero, s4, -1939
core   0: 3 0x80002894 (0x86da2013)
core   0: 0x80002898 (0x01528c33) add     s8, t0, s5
core   0: 3 0x80002898 (0x01528c33) x24 0x00000000
core   0: 0x8000289c (0x0ff0000f) fence   iorw,iorw
core   0: 3 0x8000289c (0x0ff0000f)
core   0: 0x800028a0 (0x9f5dde17) auipc   t3, 0x9f5dd
core   0: 3 0x800028a0 (0x9f5dde17) x28 0x1f5df8a0
core   0: 0x800028a4 (0xfe009583) lh      a1, -32(ra)
core   0: 3 0x800028a4 (0xfe009583) x11 0x00000000 mem 0x80015228
core   0: 0x800028a8 (0xfdd0c703) lbu     a4, -35(ra)
core   0: 3 0x800028a8 (0xfdd0c703) x14 0x00000000 mem 0x80015225
core   0: 0x800028ac (0xfd50c583) lbu     a1, -43(ra)
core   0: 3 0x800028ac (0xfd50c583) x11 0x00000000 mem 0x8001521d
core   0: 0x800028b0 (0x02f08903) lb      s2, 47(ra)
core   0: 3 0x800028b0 (0x02f08903) x18 0x00000000 mem 0x80015277
core   0: 0x800028b4 (0xfd7087a3) sb      s7, -49(ra)
core   0: 3 0x800028b4 (0xfd7087a3) mem 0x80015217 0xb3
core   0: 0x800028b8 (0x00a0a223) sw      a0, 4(ra)
core   0: 3 0x800028b8 (0x00a0a223) mem 0x8001524c 0x8002ece4
core   0: 0x800028bc (0x002a2eb3) slt     t4, s4, sp
core   0: 3 0x800028bc (0x002a2eb3) x29 0x00000000
core   0: 0x800028c0 (0x466a3397) auipc   t2, 0x466a3
core   0: 3 0x800028c0 (0x466a3397) x 7 0xc66a58c0
core   0: 0x800028c4 (0xff708903) lb      s2, -9(ra)
core   0: 3 0x800028c4 (0xff708903) x18 0x00000000 mem 0x8001523f
core   0: 0x800028c8 (0x02908d83) lb      s11, 41(ra)
core   0: 3 0x800028c8 (0x02908d83) x27 0x0000003a mem 0x80015271
core   0: 0x800028cc (0x01581593) slli    a1, a6, 21
core   0: 3 0x800028cc (0x01581593) x11 0x00200000
core   0: 0x800028d0 (0xa5300913) li      s2, -1453
core   0: 3 0x800028d0 (0xa5300913) x18 0xfffffa53
core   0: 0x800028d4 (0x00ec2733) slt     a4, s8, a4
core   0: 3 0x800028d4 (0x00ec2733) x14 0x00000000
core   0: 0x800028d8 (0xff208583) lb      a1, -14(ra)
core   0: 3 0x800028d8 (0xff208583) x11 0x00000000 mem 0x8001523a
core   0: 0x800028dc (0x414f5493) srai    s1, t5, 20
core   0: 3 0x800028dc (0x414f5493) x 9 0x00000000
core   0: 0x800028e0 (0x00008203) lb      tp, 0(ra)
core   0: 3 0x800028e0 (0x00008203) x 4 0x00000000 mem 0x80015248
core   0: 0x800028e4 (0x00014c17) auipc   s8, 0x14
core   0: 3 0x800028e4 (0x00014c17) x24 0x800168e4
core   0: 0x800028e8 (0x826c0c13) addi    s8, s8, -2010
core   0: 3 0x800028e8 (0x826c0c13) x24 0x8001610a
core   0: 0x800028ec (0x564c0583) lb      a1, 1380(s8)
core   0: 3 0x800028ec (0x564c0583) x11 0x00000000 mem 0x8001666e
core   0: 0x800028f0 (0x48ac2183) lw      gp, 1162(s8)
core   0: 3 0x800028f0 (0x48ac2183) x 3 0x00000000 mem 0x80016594
core   0: 0x800028f4 (0x022c0437) lui     s0, 0x22c0
core   0: 3 0x800028f4 (0x022c0437) x 8 0x022c0000
core   0: 0x800028f8 (0x00000013) nop
core   0: 3 0x800028f8 (0x00000013)
core   0: 0x800028fc (0x0adc4883) lbu     a7, 173(s8)
core   0: 3 0x800028fc (0x0adc4883) x17 0x00000000 mem 0x800161b7
core   0: 0x80002900 (0x41660a33) sub     s4, a2, s6
core   0: 3 0x80002900 (0x41660a33) x20 0x00000000
core   0: 0x80002904 (0x5bbc0983) lb      s3, 1467(s8)
core   0: 3 0x80002904 (0x5bbc0983) x19 0x00000000 mem 0x800166c5
core   0: 0x80002908 (0x2cec0f03) lb      t5, 718(s8)
core   0: 3 0x80002908 (0x2cec0f03) x30 0x00000000 mem 0x800163d8
core   0: 0x8000290c (0x393c0183) lb      gp, 915(s8)
core   0: 3 0x8000290c (0x393c0183) x 3 0x00000000 mem 0x8001649d
core   0: 0x80002910 (0x372c0b03) lb      s6, 882(s8)
core   0: 3 0x80002910 (0x372c0b03) x22 0x00000000 mem 0x8001647c
core   0: 0x80002914 (0x444c5203) lhu     tp, 1092(s8)
core   0: 3 0x80002914 (0x444c5203) x 4 0x00000000 mem 0x8001654e
core   0: 0x80002918 (0x4df64b13) xori    s6, a2, 1247
core   0: 3 0x80002918 (0x4df64b13) x22 0x000004df
core   0: 0x8000291c (0x2ebc0ca3) sb      a1, 761(s8)
core   0: 3 0x8000291c (0x2ebc0ca3) mem 0x80016403 0x0
core   0: 0x80002920 (0x298c1083) lh      ra, 664(s8)
core   0: 3 0x80002920 (0x298c1083) x 1 0x00000000 mem 0x800163a2
core   0: 0x80002924 (0x001c1223) sh      ra, 4(s8)
core   0: 3 0x80002924 (0x001c1223) mem 0x8001610e 0x0000
core   0: 0x80002928 (0x038c5e03) lhu     t3, 56(s8)
core   0: 3 0x80002928 (0x038c5e03) x28 0x00000000 mem 0x80016142
core   0: 0x8000292c (0x00000013) nop
core   0: 3 0x8000292c (0x00000013)
core   0: 0x80002930 (0x405b01b3) sub     gp, s6, t0
core   0: 3 0x80002930 (0x405b01b3) x 3 0x000004df
core   0: 0x80002934 (0xf54c0b03) lb      s6, -172(s8)
core   0: 3 0x80002934 (0xf54c0b03) x22 0x00000000 mem 0x8001605e
core   0: 0x80002938 (0x0ff0000f) fence   iorw,iorw
core   0: 3 0x80002938 (0x0ff0000f)
core   0: 0x8000293c (0x0133adb3) slt     s11, t2, s3
core   0: 3 0x8000293c (0x0133adb3) x27 0x00000001
core   0: 0x80002940 (0x583c4703) lbu     a4, 1411(s8)
core   0: 3 0x80002940 (0x583c4703) x14 0x00000000 mem 0x8001668d
core   0: 0x80002944 (0x4eac2703) lw      a4, 1258(s8)
core   0: 3 0x80002944 (0x4eac2703) x14 0x00000000 mem 0x800165f4
core   0: 0x80002948 (0x0c0c08a3) sb      zero, 209(s8)
core   0: 3 0x80002948 (0x0c0c08a3) mem 0x800161db 0x0
core   0: 0x8000294c (0x00057f33) and     t5, a0, zero
core   0: 3 0x8000294c (0x00057f33) x30 0x00000000
core   0: 0x80002950 (0xfcdc0383) lb      t2, -51(s8)
core   0: 3 0x80002950 (0xfcdc0383) x 7 0x00000000 mem 0x800160d7
core   0: 0x80002954 (0x3f0c5383) lhu     t2, 1008(s8)
core   0: 3 0x80002954 (0x3f0c5383) x 7 0x00000000 mem 0x800164fa
core   0: 0x80002958 (0x0ff0000f) fence   iorw,iorw
core   0: 3 0x80002958 (0x0ff0000f)
core   0: 0x8000295c (0x7aec06a3) sb      a4, 1965(s8)
core   0: 3 0x8000295c (0x7aec06a3) mem 0x800168b7 0x0
core   0: 0x80002960 (0x9f8ebe93) sltiu   t4, t4, -1544
core   0: 3 0x80002960 (0x9f8ebe93) x29 0x00000001
core   0: 0x80002964 (0x467c0383) lb      t2, 1127(s8)
core   0: 3 0x80002964 (0x467c0383) x 7 0x00000000 mem 0x80016571
core   0: 0x80002968 (0x00b2cab3) xor     s5, t0, a1
core   0: 3 0x80002968 (0x00b2cab3) x21 0x00000000
core   0: 0x8000296c (0x632c0fa3) sb      s2, 1599(s8)
core   0: 3 0x8000296c (0x632c0fa3) mem 0x80016749 0x53
core   0: 0x80002970 (0x144c0e23) sb      tp, 348(s8)
core   0: 3 0x80002970 (0x144c0e23) mem 0x80016266 0x0
core   0: 0x80002974 (0x01ef5233) srl     tp, t5, t5
core   0: 3 0x80002974 (0x01ef5233) x 4 0x00000000
core   0: 0x80002978 (0xfbac4283) lbu     t0, -70(s8)
core   0: 3 0x80002978 (0xfbac4283) x 5 0x00000000 mem 0x800160c4
core   0: 0x8000297c (0x002cf3b3) and     t2, s9, sp
core   0: 3 0x8000297c (0x002cf3b3) x 7 0x00020204
core   0: 0x80002980 (0x8edeeb37) lui     s6, 0x8edee
core   0: 3 0x80002980 (0x8edeeb37) x22 0x8edee000
core   0: 0x80002984 (0xc926fd97) auipc   s11, 0xc926f
core   0: 3 0x80002984 (0xc926fd97) x27 0x49271984
core   0: 0x80002988 (0x210c0f83) lb      t6, 528(s8)
core   0: 3 0x80002988 (0x210c0f83) x31 0x00000000 mem 0x8001631a
core   0: 0x8000298c (0x75e8e213) ori     tp, a7, 1886
core   0: 3 0x8000298c (0x75e8e213) x 4 0x0000075e
core   0: 0x80002990 (0x41a15413) srai    s0, sp, 26
core   0: 3 0x80002990 (0x41a15413) x 8 0xffffffe0
core   0: 0x80002994 (0x007917b3) sll     a5, s2, t2
core   0: 3 0x80002994 (0x007917b3) x15 0xffffa530
core   0: 0x80002998 (0x0ff0000f) fence   iorw,iorw
core   0: 3 0x80002998 (0x0ff0000f)
core   0: 0x8000299c (0x783c0803) lb      a6, 1923(s8)
core   0: 3 0x8000299c (0x783c0803) x16 0x00000000 mem 0x8001688d
core   0: 0x800029a0 (0x00ba9a13) slli    s4, s5, 11
core   0: 3 0x800029a0 (0x00ba9a13) x20 0x00000000
core   0: 0x800029a4 (0x230c4c83) lbu     s9, 560(s8)
core   0: 3 0x800029a4 (0x230c4c83) x25 0x00000000 mem 0x8001633a
core   0: 0x800029a8 (0x659c4d03) lbu     s10, 1625(s8)
core   0: 3 0x800029a8 (0x659c4d03) x26 0x00000000 mem 0x80016763
core   0: 0x800029ac (0x00619e93) slli    t4, gp, 6
core   0: 3 0x800029ac (0x00619e93) x29 0x000137c0
core   0: 0x800029b0 (0xdde46b13) ori     s6, s0, -546
core   0: 3 0x800029b0 (0xdde46b13) x22 0xfffffffe
core   0: 0x800029b4 (0xd287f797) auipc   a5, 0xd287f
core   0: 3 0x800029b4 (0xd287f797) x15 0x528819b4
core   0: 0x800029b8 (0xfb6c4283) lbu     t0, -74(s8)
core   0: 3 0x800029b8 (0xfb6c4283) x 5 0x00000000 mem 0x800160c0
core   0: 0x800029bc (0x00013417) auipc   s0, 0x13
core   0: 3 0x800029bc (0x00013417) x 8 0x800159bc
core   0: 0x800029c0 (0x9db40413) addi    s0, s0, -1573
core   0: 3 0x800029c0 (0x9db40413) x 8 0x80015397
core   0: 0x800029c4 (0x00140583) lb      a1, 1(s0)
core   0: 3 0x800029c4 (0x00140583) x11 0x00000000 mem 0x80015398
core   0: 0x800029c8 (0xfca40d83) lb      s11, -54(s0)
core   0: 3 0x800029c8 (0xfca40d83) x27 0x00000000 mem 0x80015361
core   0: 0x800029cc (0xfee40623) sb      a4, -20(s0)
core   0: 3 0x800029cc (0xfee40623) mem 0x80015383 0x0
core   0: 0x800029d0 (0xfec44e83) lbu     t4, -20(s0)
core   0: 3 0x800029d0 (0xfec44e83) x29 0x00000000 mem 0x80015383
core   0: 0x800029d4 (0xff740823) sb      s7, -16(s0)
core   0: 3 0x800029d4 (0xff740823) mem 0x80015387 0xb3
core   0: 0x800029d8 (0xfce44e83) lbu     t4, -50(s0)
core   0: 3 0x800029d8 (0xfce44e83) x29 0x00000000 mem 0x80015365
core   0: 0x800029dc (0xff741c03) lh      s8, -9(s0)
core   0: 3 0x800029dc (0xff741c03) x24 0x00000000 mem 0x8001538e
core   0: 0x800029e0 (0x01a006b3) add     a3, zero, s10
core   0: 3 0x800029e0 (0x01a006b3) x13 0x00000000
core   0: 0x800029e4 (0x008428a3) sw      s0, 17(s0)
core   0: 3 0x800029e4 (0x008428a3) mem 0x800153a8 0x80015397
core   0: 0x800029e8 (0x02f45b03) lhu     s6, 47(s0)
core   0: 3 0x800029e8 (0x02f45b03) x22 0x00000000 mem 0x800153c6
core   0: 0x800029ec (0x02f40003) lb      zero, 47(s0)
core   0: 3 0x800029ec (0x02f40003) mem 0x800153c6
core   0: 0x800029f0 (0x2efda3b7) lui     t2, 0x2efda
core   0: 3 0x800029f0 (0x2efda3b7) x 7 0x2efda000
core   0: 0x800029f4 (0xbdef2f13) slti    t5, t5, -1058
core   0: 3 0x800029f4 (0xbdef2f13) x30 0x00000000
core   0: 0x800029f8 (0x00a44703) lbu     a4, 10(s0)
core   0: 3 0x800029f8 (0x00a44703) x14 0x00000000 mem 0x800153a1
core   0: 0x800029fc (0x03a44383) lbu     t2, 58(s0)
core   0: 3 0x800029fc (0x03a44383) x 7 0x00000000 mem 0x800153d1
core   0: 0x80002a00 (0xfd744283) lbu     t0, -41(s0)
core   0: 3 0x80002a00 (0xfd744283) x 5 0x00000000 mem 0x8001536e
core   0: 0x80002a04 (0xfcf41ba3) sh      a5, -41(s0)
core   0: 3 0x80002a04 (0xfcf41ba3) mem 0x8001536e 0x19b4
core   0: 0x80002a08 (0xfdd40a23) sb      t4, -44(s0)
core   0: 3 0x80002a08 (0xfdd40a23) mem 0x8001536b 0x0
core   0: 0x80002a0c (0xfd440d83) lb      s11, -44(s0)
core   0: 3 0x80002a0c (0xfd440d83) x27 0x00000000 mem 0x8001536b
core   0: 0x80002a10 (0xfd9407a3) sb      s9, -49(s0)
core   0: 3 0x80002a10 (0xfd9407a3) mem 0x80015366 0x0
core   0: 0x80002a14 (0xfcf41a83) lh      s5, -49(s0)
core   0: 3 0x80002a14 (0xfcf41a83) x21 0x00000000 mem 0x80015366
core   0: 0x80002a18 (0xfc1417a3) sh      ra, -49(s0)
core   0: 3 0x80002a18 (0xfc1417a3) mem 0x80015366 0x0000
core   0: 0x80002a1c (0x00016397) auipc   t2, 0x16
core   0: 3 0x80002a1c (0x00016397) x 7 0x80018a1c
core   0: 0x80002a20 (0x66c38393) addi    t2, t2, 1644
core   0: 3 0x80002a20 (0x66c38393) x 7 0x80019088
core   0: 0x80002a24 (0xff938983) lb      s3, -7(t2)
core   0: 3 0x80002a24 (0xff938983) x19 0x00000000 mem 0x80019081
core   0: 0x80002a28 (0xffc39c23) sh      t3, -8(t2)
core   0: 3 0x80002a28 (0xffc39c23) mem 0x80019080 0x0000
core   0: 0x80002a2c (0xff138c23) sb      a7, -8(t2)
core   0: 3 0x80002a2c (0xff138c23) mem 0x80019080 0x0
core   0: 0x80002a30 (0x738a3e13) sltiu   t3, s4, 1848
core   0: 3 0x80002a30 (0x738a3e13) x28 0x00000001
core   0: 0x80002a34 (0xff839183) lh      gp, -8(t2)
core   0: 3 0x80002a34 (0xff839183) x 3 0x00000000 mem 0x80019080
core   0: 0x80002a38 (0x0c52a193) slti    gp, t0, 197
core   0: 3 0x80002a38 (0x0c52a193) x 3 0x00000001
core   0: 0x80002a3c (0xff83ac23) sw      s8, -8(t2)
core   0: 3 0x80002a3c (0xff83ac23) mem 0x80019080 0x00000000
core   0: 0x80002a40 (0xffd3ac23) sw      t4, -8(t2)
core   0: 3 0x80002a40 (0xffd3ac23) mem 0x80019080 0x00000000
core   0: 0x80002a44 (0xff53c283) lbu     t0, -11(t2)
core   0: 3 0x80002a44 (0xff53c283) x 5 0x00000000 mem 0x8001907d
core   0: 0x80002a48 (0xff53cc83) lbu     s9, -11(t2)
core   0: 3 0x80002a48 (0xff53cc83) x25 0x00000000 mem 0x8001907d
core   0: 0x80002a4c (0x8a8e6913) ori     s2, t3, -1880
core   0: 3 0x80002a4c (0x8a8e6913) x18 0xfffff8a9
core   0: 0x80002a50 (0xfe538aa3) sb      t0, -11(t2)
core   0: 3 0x80002a50 (0xfe538aa3) mem 0x8001907d 0x0
core   0: 0x80002a54 (0xffb3c403) lbu     s0, -5(t2)
core   0: 3 0x80002a54 (0xffb3c403) x 8 0x00000000 mem 0x80019083
core   0: 0x80002a58 (0xbea38313) addi    t1, t2, -1046
core   0: 3 0x80002a58 (0xbea38313) x 6 0x80018c72
core   0: 0x80002a5c (0xfea38da3) sb      a0, -5(t2)
core   0: 3 0x80002a5c (0xfea38da3) mem 0x80019083 0xe4
core   0: 0x80002a60 (0x00e39023) sh      a4, 0(t2)
core   0: 3 0x80002a60 (0x00e39023) mem 0x80019088 0x0000
core   0: 0x80002a64 (0x0003dc03) lhu     s8, 0(t2)
core   0: 3 0x80002a64 (0x0003dc03) x24 0x00000000 mem 0x80019088
core   0: 0x80002a68 (0xfe638d23) sb      t1, -6(t2)
core   0: 3 0x80002a68 (0xfe638d23) mem 0x80019082 0x72
core   0: 0x80002a6c (0x00013497) auipc   s1, 0x13
core   0: 3 0x80002a6c (0x00013497) x 9 0x80015a6c
core   0: 0x80002a70 (0x49e48493) addi    s1, s1, 1182
core   0: 3 0x80002a70 (0x49e48493) x 9 0x80015f0a
core   0: 0x80002a74 (0x00022d17) auipc   s10, 0x22
core   0: 3 0x80002a74 (0x00022d17) x26 0x80024a74
core   0: 0x80002a78 (0x267d0d13) addi    s10, s10, 615
core   0: 3 0x80002a78 (0x267d0d13) x26 0x80024cdb
core   0: 0x80002a7c (0xfe9d1aa3) sh      s1, -11(s10)
core   0: 3 0x80002a7c (0xfe9d1aa3) mem 0x80024cd0 0x5f0a
core   0: 0x80002a80 (0xff6d4883) lbu     a7, -10(s10)
core   0: 3 0x80002a80 (0xff6d4883) x17 0x0000005f mem 0x80024cd1
core   0: 0x80002a84 (0x0024de03) lhu     t3, 2(s1)
core   0: 3 0x80002a84 (0x0024de03) x28 0x00000000 mem 0x80015f0c
core   0: 0x80002a88 (0xffcd0783) lb      a5, -4(s10)
core   0: 3 0x80002a88 (0xffcd0783) x15 0x00000000 mem 0x80024cd7
core   0: 0x80002a8c (0xffdd0d83) lb      s11, -3(s10)
core   0: 3 0x80002a8c (0xffdd0d83) x27 0x00000000 mem 0x80024cd8
core   0: 0x80002a90 (0xff748d83) lb      s11, -9(s1)
core   0: 3 0x80002a90 (0xff748d83) x27 0x00000000 mem 0x80015f01
core   0: 0x80002a94 (0xff6d4783) lbu     a5, -10(s10)
core   0: 3 0x80002a94 (0xff6d4783) x15 0x0000005f mem 0x80024cd1
core   0: 0x80002a98 (0x00848603) lb      a2, 8(s1)
core   0: 3 0x80002a98 (0x00848603) x12 0x00000000 mem 0x80015f12
core   0: 0x80002a9c (0x001d4c03) lbu     s8, 1(s10)
core   0: 3 0x80002a9c (0x001d4c03) x24 0x00000000 mem 0x80024cdc
core   0: 0x80002aa0 (0xff6d18a3) sh      s6, -15(s10)
core   0: 3 0x80002aa0 (0xff6d18a3) mem 0x80024ccc 0x0000
core   0: 0x80002aa4 (0x010d0383) lb      t2, 16(s10)
core   0: 3 0x80002aa4 (0x010d0383) x 7 0x00000000 mem 0x80024ceb
core   0: 0x80002aa8 (0xffb48283) lb      t0, -5(s1)
core   0: 3 0x80002aa8 (0xffb48283) x 5 0x00000000 mem 0x80015f05
core   0: 0x80002aac (0x0024af03) lw      t5, 2(s1)
core   0: 3 0x80002aac (0x0024af03) x30 0x00000000 mem 0x80015f0c
core   0: 0x80002ab0 (0xff3d5603) lhu     a2, -13(s10)
core   0: 3 0x80002ab0 (0xff3d5603) x12 0x00000000 mem 0x80024cce
core   0: 0x80002ab4 (0xff2d0aa3) sb      s2, -11(s10)
core   0: 3 0x80002ab4 (0xff2d0aa3) mem 0x80024cd0 0xa9
core   0: 0x80002ab8 (0x00748323) sb      t2, 6(s1)
core   0: 3 0x80002ab8 (0x00748323) mem 0x80015f10 0x0
core   0: 0x80002abc (0x00649a83) lh      s5, 6(s1)
core   0: 3 0x80002abc (0x00649a83) x21 0x00000000 mem 0x80015f10
core   0: 0x80002ac0 (0x00022817) auipc   a6, 0x22
core   0: 3 0x80002ac0 (0x00022817) x16 0x80024ac0
core   0: 0x80002ac4 (0x2ac80813) addi    a6, a6, 684
core   0: 3 0x80002ac4 (0x2ac80813) x16 0x80024d6c
core   0: 0x80002ac8 (0x401e8733) sub     a4, t4, ra
core   0: 3 0x80002ac8 (0x401e8733) x14 0x00000000
core   0: 0x80002acc (0xb26d2e97) auipc   t4, 0xb26d2
core   0: 3 0x80002acc (0xb26d2e97) x29 0x326d4acc
core   0: 0x80002ad0 (0x05581323) sh      s5, 70(a6)
core   0: 3 0x80002ad0 (0x05581323) mem 0x80024db2 0x0000
core   0: 0x80002ad4 (0x04c80323) sb      a2, 70(a6)
core   0: 3 0x80002ad4 (0x04c80323) mem 0x80024db2 0x0
core   0: 0x80002ad8 (0x04685c83) lhu     s9, 70(a6)
core   0: 3 0x80002ad8 (0x04685c83) x25 0x00000000 mem 0x80024db2
core   0: 0x80002adc (0xf1784003) lbu     zero, -233(a6)
core   0: 3 0x80002adc (0xf1784003) mem 0x80024c83
core   0: 0x80002ae0 (0xf1780a03) lb      s4, -233(a6)
core   0: 3 0x80002ae0 (0xf1780a03) x20 0x00000000 mem 0x80024c83
core   0: 0x80002ae4 (0xf1f80ba3) sb      t6, -233(a6)
core   0: 3 0x80002ae4 (0xf1f80ba3) mem 0x80024c83 0x0
core   0: 0x80002ae8 (0xf1d80ba3) sb      t4, -233(a6)
core   0: 3 0x80002ae8 (0xf1d80ba3) mem 0x80024c83 0xcc
core   0: 0x80002aec (0xf1780083) lb      ra, -233(a6)
core   0: 3 0x80002aec (0xf1780083) x 1 0xffffffcc mem 0x80024c83
core   0: 0x80002af0 (0xf0a80ba3) sb      a0, -233(a6)
core   0: 3 0x80002af0 (0xf0a80ba3) mem 0x80024c83 0xe4
core   0: 0x80002af4 (0xf0e80ba3) sb      a4, -233(a6)
core   0: 3 0x80002af4 (0xf0e80ba3) mem 0x80024c83 0x0
core   0: 0x80002af8 (0x109cad93) slti    s11, s9, 265
core   0: 3 0x80002af8 (0x109cad93) x27 0x00000001
core   0: 0x80002afc (0xf1780d03) lb      s10, -233(a6)
core   0: 3 0x80002afc (0xf1780d03) x26 0x00000000 mem 0x80024c83
core   0: 0x80002b00 (0x401adf33) sra     t5, s5, ra
core   0: 3 0x80002b00 (0x401adf33) x30 0x00000000
core   0: 0x80002b04 (0x0ff0000f) fence   iorw,iorw
core   0: 3 0x80002b04 (0x0ff0000f)
core   0: 0x80002b08 (0x6c52b993) sltiu   s3, t0, 1733
core   0: 3 0x80002b08 (0x6c52b993) x19 0x00000001
core   0: 0x80002b0c (0xf1780683) lb      a3, -233(a6)
core   0: 3 0x80002b0c (0xf1780683) x13 0x00000000 mem 0x80024c83
core   0: 0x80002b10 (0x00013697) auipc   a3, 0x13
core   0: 3 0x80002b10 (0x00013697) x13 0x80015b10
core   0: 0x80002b14 (0x5d768693) addi    a3, a3, 1495
core   0: 3 0x80002b14 (0x5d768693) x13 0x800160e7
core   0: 0x80002b18 (0x007e9d33) sll     s10, t4, t2
core   0: 3 0x80002b18 (0x007e9d33) x26 0x326d4acc
core   0: 0x80002b1c (0x73b2bf93) sltiu   t6, t0, 1851
core   0: 3 0x80002b1c (0x73b2bf93) x31 0x00000001
core   0: 0x80002b20 (0xfe669da3) sh      t1, -5(a3)
core   0: 3 0x80002b20 (0xfe669da3) mem 0x800160e2 0x8c72
core   0: 0x80002b24 (0x008681a3) sb      s0, 3(a3)
core   0: 3 0x80002b24 (0x008681a3) mem 0x800160ea 0x0
core   0: 0x80002b28 (0x017691b3) sll     gp, a3, s7
core   0: 3 0x80002b28 (0x017691b3) x 3 0x07380000
core   0: 0x80002b2c (0xff56c483) lbu     s1, -11(a3)
core   0: 3 0x80002b2c (0xff56c483) x 9 0x00000000 mem 0x800160dc
core   0: 0x80002b30 (0x01a68023) sb      s10, 0(a3)
core   0: 3 0x80002b30 (0x01a68023) mem 0x800160e7 0xcc
core   0: 0x80002b34 (0x01bfdcb3) srl     s9, t6, s11
core   0: 3 0x80002b34 (0x01bfdcb3) x25 0x00000000
core   0: 0x80002b38 (0x40895c13) srai    s8, s2, 8
core   0: 3 0x80002b38 (0x40895c13) x24 0xfffffff8
core   0: 0x80002b3c (0xff368203) lb      tp, -13(a3)
core   0: 3 0x80002b3c (0xff368203) x 4 0x00000000 mem 0x800160da
core   0: 0x80002b40 (0xff26cc03) lbu     s8, -14(a3)
core   0: 3 0x80002b40 (0xff26cc03) x24 0x00000000 mem 0x800160d9
core   0: 0x80002b44 (0xff368d23) sb      s3, -6(a3)
core   0: 3 0x80002b44 (0xff368d23) mem 0x800160e1 0x1
core   0: 0x80002b48 (0x01b09913) slli    s2, ra, 27
core   0: 3 0x80002b48 (0x01b09913) x18 0x60000000
core   0: 0x80002b4c (0xff968f83) lb      t6, -7(a3)
core   0: 3 0x80002b4c (0xff968f83) x31 0x00000000 mem 0x800160e0
core   0: 0x80002b50 (0x00968803) lb      a6, 9(a3)
core   0: 3 0x80002b50 (0x00968803) x16 0x00000000 mem 0x800160f0
core   0: 0x80002b54 (0x8c2ef317) auipc   t1, 0x8c2ef
core   0: 3 0x80002b54 (0x8c2ef317) x 6 0x0c2f1b54
core   0: 0x80002b58 (0x00000013) nop
core   0: 3 0x80002b58 (0x00000013)
core   0: 0x80002b5c (0xff268403) lb      s0, -14(a3)
core   0: 3 0x80002b5c (0xff268403) x 8 0x00000000 mem 0x800160d9
core   0: 0x80002b60 (0xff66c783) lbu     a5, -10(a3)
core   0: 3 0x80002b60 (0xff66c783) x15 0x00000000 mem 0x800160dd
core   0: 0x80002b64 (0x00f6d483) lhu     s1, 15(a3)
core   0: 3 0x80002b64 (0x00f6d483) x 9 0x00000000 mem 0x800160f6
core   0: 0x80002b68 (0x00000013) nop
core   0: 3 0x80002b68 (0x00000013)
core   0: 0x80002b6c (0xbd48bd93) sltiu   s11, a7, -1068
core   0: 3 0x80002b6c (0xbd48bd93) x27 0x00000001
core   0: 0x80002b70 (0x00468483) lb      s1, 4(a3)
core   0: 3 0x80002b70 (0x00468483) x 9 0x00000000 mem 0x800160eb
core   0: 0x80002b74 (0x4094deb3) sra     t4, s1, s1
core   0: 3 0x80002b74 (0x4094deb3) x29 0x00000000
core   0: 0x80002b78 (0x01849e13) slli    t3, s1, 24
core   0: 3 0x80002b78 (0x01849e13) x28 0x00000000
core   0: 0x80002b7c (0xb4e53893) sltiu   a7, a0, -1202
core   0: 3 0x80002b7c (0xb4e53893) x17 0x00000001
core   0: 0x80002b80 (0xff969b03) lh      s6, -7(a3)
core   0: 3 0x80002b80 (0xff969b03) x22 0x00000100 mem 0x800160e0
core   0: 0x80002b84 (0x410e0633) sub     a2, t3, a6
core   0: 3 0x80002b84 (0x410e0633) x12 0x00000000
core   0: 0x80002b88 (0x34d4ca13) xori    s4, s1, 845
core   0: 3 0x80002b88 (0x34d4ca13) x20 0x0000034d
core   0: 0x80002b8c (0xffd6aaa3) sw      t4, -11(a3)
core   0: 3 0x80002b8c (0xffd6aaa3) mem 0x800160dc 0x00000000
core   0: 0x80002b90 (0xff46c403) lbu     s0, -12(a3)
core   0: 3 0x80002b90 (0xff46c403) x 8 0x00000000 mem 0x800160db
core   0: 0x80002b94 (0xff16a003) lw      zero, -15(a3)
core   0: 3 0x80002b94 (0xff16a003) mem 0x800160d8
core   0: 0x80002b98 (0xff668003) lb      zero, -10(a3)
core   0: 3 0x80002b98 (0xff668003) mem 0x800160dd
core   0: 0x80002b9c (0x561ce613) ori     a2, s9, 1377
core   0: 3 0x80002b9c (0x561ce613) x12 0x00000561
core   0: 0x80002ba0 (0x0000100f) fence.i
core   0: 3 0x80002ba0 (0x0000100f)
core   0: 0x80002ba4 (0xfff6c403) lbu     s0, -1(a3)
core   0: 3 0x80002ba4 (0xfff6c403) x 8 0x00000000 mem 0x800160e6
core   0: 0x80002ba8 (0x017cd413) srli    s0, s9, 23
core   0: 3 0x80002ba8 (0x017cd413) x 8 0x00000000
core   0: 0x80002bac (0xfe668ba3) sb      t1, -9(a3)
core   0: 3 0x80002bac (0xfe668ba3) mem 0x800160de 0x54
core   0: 0x80002bb0 (0x0001d497) auipc   s1, 0x1d
core   0: 3 0x80002bb0 (0x0001d497) x 9 0x8001fbb0
core   0: 0x80002bb4 (0xad548493) addi    s1, s1, -1323
core   0: 3 0x80002bb4 (0xad548493) x 9 0x8001f685
core   0: 0x80002bb8 (0x2674d403) lhu     s0, 615(s1)
core   0: 3 0x80002bb8 (0x2674d403) x 8 0x00000000 mem 0x8001f8ec
core   0: 0x80002bbc (0x2674ac83) lw      s9, 615(s1)
core   0: 3 0x80002bbc (0x2674ac83) x25 0x00000000 mem 0x8001f8ec
core   0: 0x80002bc0 (0x2674da83) lhu     s5, 615(s1)
core   0: 3 0x80002bc0 (0x2674da83) x21 0x00000000 mem 0x8001f8ec
core   0: 0x80002bc4 (0xae848383) lb      t2, -1304(s1)
core   0: 3 0x80002bc4 (0xae848383) x 7 0x00000000 mem 0x8001f16d
core   0: 0x80002bc8 (0xda048403) lb      s0, -608(s1)
core   0: 3 0x80002bc8 (0xda048403) x 8 0x00000000 mem 0x8001f425
core   0: 0x80002bcc (0xe3349a83) lh      s5, -461(s1)
core   0: 3 0x80002bcc (0xe3349a83) x21 0x00000000 mem 0x8001f4b8
core   0: 0x80002bd0 (0xe3349c03) lh      s8, -461(s1)
core   0: 3 0x80002bd0 (0xe3349c03) x24 0x00000000 mem 0x8001f4b8
core   0: 0x80002bd4 (0x77d4d583) lhu     a1, 1917(s1)
core   0: 3 0x80002bd4 (0x77d4d583) x11 0x00000000 mem 0x8001fe02
core   0: 0x80002bd8 (0x76e48ea3) sb      a4, 1917(s1)
core   0: 3 0x80002bd8 (0x76e48ea3) mem 0x8001fe02 0x0
core   0: 0x80002bdc (0x77d4d383) lhu     t2, 1917(s1)
core   0: 3 0x80002bdc (0x77d4d383) x 7 0x00000000 mem 0x8001fe02
core   0: 0x80002be0 (0x77d4c883) lbu     a7, 1917(s1)
core   0: 3 0x80002be0 (0x77d4c883) x17 0x00000000 mem 0x8001fe02
core   0: 0x80002be4 (0x77d48183) lb      gp, 1917(s1)
core   0: 3 0x80002be4 (0x77d48183) x 3 0x00000000 mem 0x8001fe02
core   0: 0x80002be8 (0x77d4d603) lhu     a2, 1917(s1)
core   0: 3 0x80002be8 (0x77d4d603) x12 0x00000000 mem 0x8001fe02
core   0: 0x80002bec (0x006700b3) add     ra, a4, t1
core   0: 3 0x80002bec (0x006700b3) x 1 0x0c2f1b54
core   0: 0x80002bf0 (0x77d4d003) lhu     zero, 1917(s1)
core   0: 3 0x80002bf0 (0x77d4d003) mem 0x8001fe02
core   0: 0x80002bf4 (0x00017217) auipc   tp, 0x17
core   0: 3 0x80002bf4 (0x00017217) x 4 0x80019bf4
core   0: 0x80002bf8 (0xf1720213) addi    tp, tp, -233
core   0: 3 0x80002bf8 (0xf1720213) x 4 0x80019b0b
core   0: 0x80002bfc (0xdc236d13) ori     s10, t1, -574
core   0: 3 0x80002bfc (0xdc236d13) x26 0xffffffd6
core   0: 0x80002c00 (0x79373c93) sltiu   s9, a4, 1939
core   0: 3 0x80002c00 (0x79373c93) x25 0x00000001
core   0: 0x80002c04 (0x0095e1b3) or      gp, a1, s1
core   0: 3 0x80002c04 (0x0095e1b3) x 3 0x8001f685
core   0: 0x80002c08 (0xfec20083) lb      ra, -20(tp)
core   0: 3 0x80002c08 (0xfec20083) x 1 0x00000000 mem 0x80019af7
core   0: 0x80002c0c (0x039222a3) sw      s9, 37(tp)
core   0: 3 0x80002c0c (0x039222a3) mem 0x80019b30 0x00000001
core   0: 0x80002c10 (0x0d720703) lb      a4, 215(tp)
core   0: 3 0x80002c10 (0x0d720703) x14 0x00000000 mem 0x80019be2
core   0: 0x80002c14 (0x048201a3) sb      s0, 67(tp)
core   0: 3 0x80002c14 (0x048201a3) mem 0x80019b4e 0x0
core   0: 0x80002c18 (0xfc620f03) lb      t5, -58(tp)
core   0: 3 0x80002c18 (0xfc620f03) x30 0x00000000 mem 0x80019ad1
core   0: 0x80002c1c (0x0d0211a3) sh      a6, 195(tp)
core   0: 3 0x80002c1c (0x0d0211a3) mem 0x80019bce 0x0000
core   0: 0x80002c20 (0x2816fd17) auipc   s10, 0x2816f
core   0: 3 0x80002c20 (0x2816fd17) x26 0xa8171c20
core   0: 0x80002c24 (0x01f9a3b3) slt     t2, s3, t6
core   0: 3 0x80002c24 (0x01f9a3b3) x 7 0x00000000
core   0: 0x80002c28 (0x029201a3) sb      s1, 35(tp)
core   0: 3 0x80002c28 (0x029201a3) mem 0x80019b2e 0x85
core   0: 0x80002c2c (0x0e125403) lhu     s0, 225(tp)
core   0: 3 0x80002c2c (0x0e125403) x 8 0x00000000 mem 0x80019bec
core   0: 0x80002c30 (0x0ed22903) lw      s2, 237(tp)
core   0: 3 0x80002c30 (0x0ed22903) x18 0x00000000 mem 0x80019bf8
core   0: 0x80002c34 (0xfc420a23) sb      tp, -44(tp)
core   0: 3 0x80002c34 (0xfc420a23) mem 0x80019adf 0xb
core   0: 0x80002c38 (0x019a41b3) xor     gp, s4, s9
core   0: 3 0x80002c38 (0x019a41b3) x 3 0x0000034c
core   0: 0x80002c3c (0x00c69493) slli    s1, a3, 12
core   0: 3 0x80002c3c (0x00c69493) x 9 0x160e7000
core   0: 0x80002c40 (0x05c20983) lb      s3, 92(tp)
core   0: 3 0x80002c40 (0x05c20983) x19 0x00000000 mem 0x80019b67
core   0: 0x80002c44 (0xf1d201a3) sb      t4, -253(tp)
core   0: 3 0x80002c44 (0xf1d201a3) mem 0x80019a0e 0x0
core   0: 0x80002c48 (0x0a721983) lh      s3, 167(tp)
core   0: 3 0x80002c48 (0x0a721983) x19 0x00000000 mem 0x80019bb2
core   0: 0x80002c4c (0xf4a24303) lbu     t1, -182(tp)
core   0: 3 0x80002c4c (0xf4a24303) x 6 0x00000000 mem 0x80019a55
core   0: 0x80002c50 (0xf3024483) lbu     s1, -208(tp)
core   0: 3 0x80002c50 (0xf3024483) x 9 0x00000000 mem 0x80019a3b
core   0: 0x80002c54 (0x00d577b3) and     a5, a0, a3
core   0: 3 0x80002c54 (0x00d577b3) x15 0x800060e4
core   0: 0x80002c58 (0x41215393) srai    t2, sp, 18
core   0: 3 0x80002c58 (0x41215393) x 7 0xffffe000
core   0: 0x80002c5c (0xf3020283) lb      t0, -208(tp)
core   0: 3 0x80002c5c (0xf3020283) x 5 0x00000000 mem 0x80019a3b
core   0: 0x80002c60 (0x05b21f03) lh      t5, 91(tp)
core   0: 3 0x80002c60 (0x05b21f03) x30 0x00000000 mem 0x80019b66
core   0: 0x80002c64 (0x0bb21ca3) sh      s11, 185(tp)
core   0: 3 0x80002c64 (0x0bb21ca3) mem 0x80019bc4 0x0001
core   0: 0x80002c68 (0x016202b3) add     t0, tp, s6
core   0: 3 0x80002c68 (0x016202b3) x 5 0x80019c0b
core   0: 0x80002c6c (0x0098f633) and     a2, a7, s1
core   0: 3 0x80002c6c (0x0098f633) x12 0x00000000
core   0: 0x80002c70 (0x0000100f) fence.i
core   0: 3 0x80002c70 (0x0000100f)
core   0: 0x80002c74 (0xa5f30f37) lui     t5, 0xa5f30
core   0: 3 0x80002c74 (0xa5f30f37) x30 0xa5f30000
core   0: 0x80002c78 (0x42841f17) auipc   t5, 0x42841
core   0: 3 0x80002c78 (0x42841f17) x30 0xc2843c78
core   0: 0x80002c7c (0x0076edb3) or      s11, a3, t2
core   0: 3 0x80002c7c (0x0076edb3) x27 0xffffe0e7
core   0: 0x80002c80 (0x07420623) sb      s4, 108(tp)
core   0: 3 0x80002c80 (0x07420623) mem 0x80019b77 0x4d
core   0: 0x80002c84 (0x00ff9c33) sll     s8, t6, a5
core   0: 3 0x80002c84 (0x00ff9c33) x24 0x00000000
core   0: 0x80002c88 (0x00000013) nop
core   0: 3 0x80002c88 (0x00000013)
core   0: 0x80002c8c (0xf6424803) lbu     a6, -156(tp)
core   0: 3 0x80002c8c (0xf6424803) x16 0x00000000 mem 0x80019a6f
core   0: 0x80002c90 (0x6fc82693) slti    a3, a6, 1788
core   0: 3 0x80002c90 (0x6fc82693) x13 0x00000001
core   0: 0x80002c94 (0x006e1333) sll     t1, t3, t1
core   0: 3 0x80002c94 (0x006e1333) x 6 0x00000000
core   0: 0x80002c98 (0x00c95993) srli    s3, s2, 12
core   0: 3 0x80002c98 (0x00c95993) x19 0x00000000
core   0: 0x80002c9c (0x00000013) nop
core   0: 3 0x80002c9c (0x00000013)
core   0: 0x80002ca0 (0xa47e4e93) xori    t4, t3, -1465
core   0: 3 0x80002ca0 (0xa47e4e93) x29 0xfffffa47
core   0: 0x80002ca4 (0x9a513a37) lui     s4, 0x9a513
core   0: 3 0x80002ca4 (0x9a513a37) x20 0x9a513000
core   0: 0x80002ca8 (0x31300413) li      s0, 787
core   0: 3 0x80002ca8 (0x31300413) x 8 0x00000313
core   0: 0x80002cac (0x00f2a3b3) slt     t2, t0, a5
core   0: 3 0x80002cac (0x00f2a3b3) x 7 0x00000000
core   0: 0x80002cb0 (0x06b24903) lbu     s2, 107(tp)
core   0: 3 0x80002cb0 (0x06b24903) x18 0x00000000 mem 0x80019b76
core   0: 0x80002cb4 (0x41cf0a33) sub     s4, t5, t3
core   0: 3 0x80002cb4 (0x41cf0a33) x20 0xc2843c78
core   0: 0x80002cb8 (0x0d620423) sb      s6, 200(tp)
core   0: 3 0x80002cb8 (0x0d620423) mem 0x80019bd3 0x0
core   0: 0x80002cbc (0x00c24083) lbu     ra, 12(tp)
core   0: 3 0x80002cbc (0x00c24083) x 1 0x00000000 mem 0x80019b17
core   0: 0x80002cc0 (0x06925803) lhu     a6, 105(tp)
core   0: 3 0x80002cc0 (0x06925803) x16 0x00000000 mem 0x80019b74
core   0: 0x80002cc4 (0x00015617) auipc   a2, 0x15
core   0: 3 0x80002cc4 (0x00015617) x12 0x80017cc4
core   0: 0x80002cc8 (0x5b060613) addi    a2, a2, 1456
core   0: 3 0x80002cc8 (0x5b060613) x12 0x80018274
core   0: 0x80002ccc (0x00164383) lbu     t2, 1(a2)
core   0: 3 0x80002ccc (0x00164383) x 7 0x00000000 mem 0x80018275
core   0: 0x80002cd0 (0xf4361a23) sh      gp, -172(a2)
core   0: 3 0x80002cd0 (0xf4361a23) mem 0x800181c8 0x034c
core   0: 0x80002cd4 (0x0000100f) fence.i
core   0: 3 0x80002cd4 (0x0000100f)
core   0: 0x80002cd8 (0x02461e83) lh      t4, 36(a2)
core   0: 3 0x80002cd8 (0x02461e83) x29 0x00000000 mem 0x80018298
core   0: 0x80002cdc (0x40f0d493) srai    s1, ra, 15
core   0: 3 0x80002cdc (0x40f0d493) x 9 0x00000000
core   0: 0x80002ce0 (0xf7960d03) lb      s10, -135(a2)
core   0: 3 0x80002ce0 (0xf7960d03) x26 0x00000000 mem 0x800181ed
core   0: 0x80002ce4 (0x01d90db3) add     s11, s2, t4
core   0: 3 0x80002ce4 (0x01d90db3) x27 0x00000000
core   0: 0x80002ce8 (0x00eedb33) srl     s6, t4, a4
core   0: 3 0x80002ce8 (0x00eedb33) x22 0x00000000
core   0: 0x80002cec (0x1e6e0693) addi    a3, t3, 486
core   0: 3 0x80002cec (0x1e6e0693) x13 0x000001e6
core   0: 0x80002cf0 (0xfa564383) lbu     t2, -91(a2)
core   0: 3 0x80002cf0 (0xfa564383) x 7 0x00000000 mem 0x80018219
core   0: 0x80002cf4 (0x05c60f83) lb      t6, 92(a2)
core   0: 3 0x80002cf4 (0x05c60f83) x31 0x00000000 mem 0x800182d0
core   0: 0x80002cf8 (0x013be5b3) or      a1, s7, s3
core   0: 3 0x80002cf8 (0x013be5b3) x11 0xd1eeaab3
core   0: 0x80002cfc (0x009ea3b3) slt     t2, t4, s1
core   0: 3 0x80002cfc (0x009ea3b3) x 7 0x00000000
core   0: 0x80002d00 (0x07a65a03) lhu     s4, 122(a2)
core   0: 3 0x80002d00 (0x07a65a03) x20 0x00000000 mem 0x800182ee
core   0: 0x80002d04 (0x01c1fa33) and     s4, gp, t3
core   0: 3 0x80002d04 (0x01c1fa33) x20 0x00000000
core   0: 0x80002d08 (0x02364303) lbu     t1, 35(a2)
core   0: 3 0x80002d08 (0x02364303) x 6 0x00000000 mem 0x80018297
core   0: 0x80002d0c (0xf0760323) sb      t2, -250(a2)
core   0: 3 0x80002d0c (0xf0760323) mem 0x8001817a 0x0
core   0: 0x80002d10 (0x1ae8b717) auipc   a4, 0x1ae8b
core   0: 3 0x80002d10 (0x1ae8b717) x14 0x9ae8dd10
core   0: 0x80002d14 (0x009320b3) slt     ra, t1, s1
core   0: 3 0x80002d14 (0x009320b3) x 1 0x00000000
core   0: 0x80002d18 (0x6f742013) slti    zero, s0, 1783
core   0: 3 0x80002d18 (0x6f742013)
core   0: 0x80002d1c (0xf0a65c03) lhu     s8, -246(a2)
core   0: 3 0x80002d1c (0xf0a65c03) x24 0x00000000 mem 0x8001817e
core   0: 0x80002d20 (0x825f0393) addi    t2, t5, -2011
core   0: 3 0x80002d20 (0x825f0393) x 7 0xc284349d
core   0: 0x80002d24 (0x47c47693) andi    a3, s0, 1148
core   0: 3 0x80002d24 (0x47c47693) x13 0x00000010
core   0: 0x80002d28 (0xf1464483) lbu     s1, -236(a2)
core   0: 3 0x80002d28 (0xf1464483) x 9 0x00000000 mem 0x80018188
core   0: 0x80002d2c (0x05360883) lb      a7, 83(a2)
core   0: 3 0x80002d2c (0x05360883) x17 0x00000000 mem 0x800182c7
core   0: 0x80002d30 (0x0000100f) fence.i
core   0: 3 0x80002d30 (0x0000100f)
core   0: 0x80002d34 (0x4126de93) srai    t4, a3, 18
core   0: 3 0x80002d34 (0x4126de93) x29 0x00000000
core   0: 0x80002d38 (0x00000013) nop
core   0: 3 0x80002d38 (0x00000013)
core   0: 0x80002d3c (0x015158b3) srl     a7, sp, s5
core   0: 3 0x80002d3c (0x015158b3) x17 0x8002ae64
core   0: 0x80002d40 (0xf1261f83) lh      t6, -238(a2)
core   0: 3 0x80002d40 (0xf1261f83) x31 0x00000000 mem 0x80018186
core   0: 0x80002d44 (0xf0260fa3) sb      sp, -225(a2)
core   0: 3 0x80002d44 (0xf0260fa3) mem 0x80018193 0x64
core   0: 0x80002d48 (0xfca65483) lhu     s1, -54(a2)
core   0: 3 0x80002d48 (0xfca65483) x 9 0x00000000 mem 0x8001823e
core   0: 0x80002d4c (0xfc461b03) lh      s6, -60(a2)
core   0: 3 0x80002d4c (0xfc461b03) x22 0x00000000 mem 0x80018238
core   0: 0x80002d50 (0x0ce61b23) sh      a4, 214(a2)
core   0: 3 0x80002d50 (0x0ce61b23) mem 0x8001834a 0xdd10
core   0: 0x80002d54 (0xfec61883) lh      a7, -20(a2)
core   0: 3 0x80002d54 (0xfec61883) x17 0x00000000 mem 0x80018260
core   0: 0x80002d58 (0x01d95d33) srl     s10, s2, t4
core   0: 3 0x80002d58 (0x01d95d33) x26 0x00000000
core   0: 0x80002d5c (0x01972f33) slt     t5, a4, s9
core   0: 3 0x80002d5c (0x01972f33) x30 0x00000001
core   0: 0x80002d60 (0x075601a3) sb      s5, 99(a2)
core   0: 3 0x80002d60 (0x075601a3) mem 0x800182d7 0x0
core   0: 0x80002d64 (0xf0d64003) lbu     zero, -243(a2)
core   0: 3 0x80002d64 (0xf0d64003) mem 0x80018181
core   0: 0x80002d68 (0x412ad993) srai    s3, s5, 18
core   0: 3 0x80002d68 (0x412ad993) x19 0x00000000
core   0: 0x80002d6c (0x0f064483) lbu     s1, 240(a2)
core   0: 3 0x80002d6c (0x0f064483) x 9 0x00000000 mem 0x80018364
core   0: 0x80002d70 (0x00cd6733) or      a4, s10, a2
core   0: 3 0x80002d70 (0x00cd6733) x14 0x80018274
core   0: 0x80002d74 (0x019576b3) and     a3, a0, s9
core   0: 3 0x80002d74 (0x019576b3) x13 0x00000000
core   0: 0x80002d78 (0xf6a65803) lhu     a6, -150(a2)
core   0: 3 0x80002d78 (0xf6a65803) x16 0x00000000 mem 0x800181de
core   0: 0x80002d7c (0x0ff0000f) fence   iorw,iorw
core   0: 3 0x80002d7c (0x0ff0000f)
core   0: 0x80002d80 (0xf8e60b23) sb      a4, -106(a2)
core   0: 3 0x80002d80 (0xf8e60b23) mem 0x8001820a 0x74
core   0: 0x80002d84 (0x05464183) lbu     gp, 84(a2)
core   0: 3 0x80002d84 (0x05464183) x 3 0x00000000 mem 0x800182c8
core   0: 0x80002d88 (0x08665c03) lhu     s8, 134(a2)
core   0: 3 0x80002d88 (0x08665c03) x24 0x00000000 mem 0x800182fa
core   0: 0x80002d8c (0x00029013) slli    zero, t0, 0
core   0: 3 0x80002d8c (0x00029013)
core   0: 0x80002d90 (0xbb003017) auipc   zero, 0xbb003
core   0: 3 0x80002d90 (0xbb003017)
core   0: 0x80002d94 (0x04360383) lb      t2, 67(a2)
core   0: 3 0x80002d94 (0x04360383) x 7 0x00000000 mem 0x800182b7
core   0: 0x80002d98 (0x00b604a3) sb      a1, 9(a2)
core   0: 3 0x80002d98 (0x00b604a3) mem 0x8001827d 0xb3
core   0: 0x80002d9c (0xfcd64883) lbu     a7, -51(a2)
core   0: 3 0x80002d9c (0xfcd64883) x17 0x00000000 mem 0x80018241
core   0: 0x80002da0 (0x195d3c93) sltiu   s9, s10, 405
core   0: 3 0x80002da0 (0x195d3c93) x25 0x00000001
core   0: 0x80002da4 (0x29562893) slti    a7, a2, 661
core   0: 3 0x80002da4 (0x29562893) x17 0x00000001
core   0: 0x80002da8 (0x0f360b03) lb      s6, 243(a2)
core   0: 3 0x80002da8 (0x0f360b03) x22 0x00000000 mem 0x80018367
core   0: 0x80002dac (0x00013697) auipc   a3, 0x13
core   0: 3 0x80002dac (0x00013697) x13 0x80015dac
core   0: 0x80002db0 (0x83368693) addi    a3, a3, -1997
core   0: 3 0x80002db0 (0x83368693) x13 0x800155df
core   0: 0x80002db4 (0x00013497) auipc   s1, 0x13
core   0: 3 0x80002db4 (0x00013497) x 9 0x80015db4
core   0: 0x80002db8 (0x1d148493) addi    s1, s1, 465
core   0: 3 0x80002db8 (0x1d148493) x 9 0x80015f85
core   0: 0x80002dbc (0x00013397) auipc   t2, 0x13
core   0: 3 0x80002dbc (0x00013397) x 7 0x80015dbc
core   0: 0x80002dc0 (0xaa838393) addi    t2, t2, -1368
core   0: 3 0x80002dc0 (0xaa838393) x 7 0x80015864
core   0: 0x80002dc4 (0x00c48e03) lb      t3, 12(s1)
core   0: 3 0x80002dc4 (0x00c48e03) x28 0x00000000 mem 0x80015f91
core   0: 0x80002dc8 (0x00013917) auipc   s2, 0x13
core   0: 3 0x80002dc8 (0x00013917) x18 0x80015dc8
core   0: 0x80002dcc (0xce690913) addi    s2, s2, -794
core   0: 3 0x80002dcc (0xce690913) x18 0x80015aae
core   0: 0x80002dd0 (0xf9668ca3) sb      s6, -103(a3)
core   0: 3 0x80002dd0 (0xf9668ca3) mem 0x80015578 0x0
core   0: 0x80002dd4 (0x03849ea3) sh      s8, 61(s1)
core   0: 3 0x80002dd4 (0x03849ea3) mem 0x80015fc2 0x0000
core   0: 0x80002dd8 (0xe1868e23) sb      s8, -484(a3)
core   0: 3 0x80002dd8 (0xe1868e23) mem 0x800153fb 0x0
core   0: 0x80002ddc (0xffe38ba3) sb      t5, -9(t2)
core   0: 3 0x80002ddc (0xffe38ba3) mem 0x8001585b 0x1
core   0: 0x80002de0 (0x107685a3) sb      t2, 267(a3)
core   0: 3 0x80002de0 (0x107685a3) mem 0x800156ea 0x64
core   0: 0x80002de4 (0x01348803) lb      a6, 19(s1)
core   0: 3 0x80002de4 (0x01348803) x16 0x00000000 mem 0x80015f98
core   0: 0x80002de8 (0xffd94c03) lbu     s8, -3(s2)
core   0: 3 0x80002de8 (0xffd94c03) x24 0x00000000 mem 0x80015aab
core   0: 0x80002dec (0x6606c303) lbu     t1, 1632(a3)
core   0: 3 0x80002dec (0x6606c303) x 6 0x00000000 mem 0x80015c3f
core   0: 0x80002df0 (0xfcc39003) lh      zero, -52(t2)
core   0: 3 0x80002df0 (0xfcc39003) mem 0x80015830
core   0: 0x80002df4 (0xff994803) lbu     a6, -7(s2)
core   0: 3 0x80002df4 (0xff994803) x16 0x00000000 mem 0x80015aa7
core   0: 0x80002df8 (0xfd24c303) lbu     t1, -46(s1)
core   0: 3 0x80002df8 (0xfd24c303) x 6 0x00000000 mem 0x80015f57
core   0: 0x80002dfc (0x007904a3) sb      t2, 9(s2)
core   0: 3 0x80002dfc (0x007904a3) mem 0x80015ab7 0x64
core   0: 0x80002e00 (0xfc538323) sb      t0, -58(t2)
core   0: 3 0x80002e00 (0xfc538323) mem 0x8001582a 0xb
core   0: 0x80002e04 (0x00092723) sw      zero, 14(s2)
core   0: 3 0x80002e04 (0x00092723) mem 0x80015abc 0x00000000
core   0: 0x80002e08 (0x036480a3) sb      s6, 33(s1)
core   0: 3 0x80002e08 (0x036480a3) mem 0x80015fa6 0x0
core   0: 0x80002e0c (0xffc95f83) lhu     t6, -4(s2)
core   0: 3 0x80002e0c (0xffc95f83) x31 0x00000000 mem 0x80015aaa
core   0: 0x80002e10 (0x40a68b03) lb      s6, 1034(a3)
core   0: 3 0x80002e10 (0x40a68b03) x22 0x00000000 mem 0x800159e9
core   0: 0x80002e14 (0xff894703) lbu     a4, -8(s2)
core   0: 3 0x80002e14 (0xff894703) x14 0x00000000 mem 0x80015aa6
core   0: 0x80002e18 (0x02838c83) lb      s9, 40(t2)
core   0: 3 0x80002e18 (0x02838c83) x25 0x00000000 mem 0x8001588c
core   0: 0x80002e1c (0xe456aea3) sw      t0, -419(a3)
core   0: 3 0x80002e1c (0xe456aea3) mem 0x8001543c 0x80019c0b
core   0: 0x80002e20 (0xff54d603) lhu     a2, -11(s1)
core   0: 3 0x80002e20 (0xff54d603) x12 0x00000000 mem 0x80015f7a
core   0: 0x80002e24 (0xffb90b03) lb      s6, -5(s2)
core   0: 3 0x80002e24 (0xffb90b03) x22 0x00000000 mem 0x80015aa9
core   0: 0x80002e28 (0x00d90d83) lb      s11, 13(s2)
core   0: 3 0x80002e28 (0x00d90d83) x27 0x00000000 mem 0x80015abb
core   0: 0x80002e2c (0xfe638123) sb      t1, -30(t2)
core   0: 3 0x80002e2c (0xfe638123) mem 0x80015846 0x0
core   0: 0x80002e30 (0x01c906a3) sb      t3, 13(s2)
core   0: 3 0x80002e30 (0x01c906a3) mem 0x80015abb 0x0
core   0: 0x80002e34 (0xe2a683a3) sb      a0, -473(a3)
core   0: 3 0x80002e34 (0xe2a683a3) mem 0x80015406 0xe4
core   0: 0x80002e38 (0xff890803) lb      a6, -8(s2)
core   0: 3 0x80002e38 (0xff890803) x16 0x00000000 mem 0x80015aa6
core   0: 0x80002e3c (0x0334dd83) lhu     s11, 51(s1)
core   0: 3 0x80002e3c (0x0334dd83) x27 0x00000000 mem 0x80015fb8
core   0: 0x80002e40 (0x0001e317) auipc   t1, 0x1e
core   0: 3 0x80002e40 (0x0001e317) x 6 0x80020e40
core   0: 0x80002e44 (0xa0b30313) addi    t1, t1, -1525
core   0: 3 0x80002e44 (0xa0b30313) x 6 0x8002084b
core   0: 0x80002e48 (0x006317a3) sh      t1, 15(t1)
core   0: 3 0x80002e48 (0x006317a3) mem 0x8002085a 0x084b
core   0: 0x80002e4c (0x01630323) sb      s6, 6(t1)
core   0: 3 0x80002e4c (0x01630323) mem 0x80020851 0x0
core   0: 0x80002e50 (0x41e98733) sub     a4, s3, t5
core   0: 3 0x80002e50 (0x41e98733) x14 0xffffffff
core   0: 0x80002e54 (0xf8d90013) addi    zero, s2, -115
core   0: 3 0x80002e54 (0xf8d90013)
core   0: 0x80002e58 (0x00e34d03) lbu     s10, 14(t1)
core   0: 3 0x80002e58 (0x00e34d03) x26 0x00000000 mem 0x80020859
core   0: 0x80002e5c (0x00e30083) lb      ra, 14(t1)
core   0: 3 0x80002e5c (0x00e30083) x 1 0x00000000 mem 0x80020859
core   0: 0x80002e60 (0x01ea4ab3) xor     s5, s4, t5
core   0: 3 0x80002e60 (0x01ea4ab3) x21 0x00000001
core   0: 0x80002e64 (0xff434603) lbu     a2, -12(t1)
core   0: 3 0x80002e64 (0xff434603) x12 0x00000000 mem 0x8002083f
core   0: 0x80002e68 (0xff931703) lh      a4, -7(t1)
core   0: 3 0x80002e68 (0xff931703) x14 0x00000000 mem 0x80020844
core   0: 0x80002e6c (0x414788b3) sub     a7, a5, s4
core   0: 3 0x80002e6c (0x414788b3) x17 0x800060e4
core   0: 0x80002e70 (0xff934003) lbu     zero, -7(t1)
core   0: 3 0x80002e70 (0xff934003) mem 0x80020844
core   0: 0x80002e74 (0xff935c83) lhu     s9, -7(t1)
core   0: 3 0x80002e74 (0xff935c83) x25 0x00000000 mem 0x80020844
core   0: 0x80002e78 (0xfe330923) sb      gp, -14(t1)
core   0: 3 0x80002e78 (0xfe330923) mem 0x8002083d 0x0
core   0: 0x80002e7c (0xfe432aa3) sw      tp, -11(t1)
core   0: 3 0x80002e7c (0xfe432aa3) mem 0x80020840 0x80019b0b
core   0: 0x80002e80 (0xffb35f03) lhu     t5, -5(t1)
core   0: 3 0x80002e80 (0xffb35f03) x30 0x00000000 mem 0x80020846
core   0: 0x80002e84 (0xffb30a03) lb      s4, -5(t1)
core   0: 3 0x80002e84 (0xffb30a03) x20 0x00000000 mem 0x80020846
core   0: 0x80002e88 (0x0ff0000f) fence   iorw,iorw
core   0: 3 0x80002e88 (0x0ff0000f)
core   0: 0x80002e8c (0x8673e793) ori     a5, t2, -1945
core   0: 3 0x80002e8c (0x8673e793) x15 0xfffff867
core   0: 0x80002e90 (0xfff34203) lbu     tp, -1(t1)
core   0: 3 0x80002e90 (0xfff34203) x 4 0x00000000 mem 0x8002084a
core   0: 0x80002e94 (0xffe34e03) lbu     t3, -2(t1)
core   0: 3 0x80002e94 (0xffe34e03) x28 0x00000000 mem 0x80020849
core   0: 0x80002e98 (0xffe34d03) lbu     s10, -2(t1)
core   0: 3 0x80002e98 (0xffe34d03) x26 0x00000000 mem 0x80020849
core   0: 0x80002e9c (0xffd30f23) sb      t4, -2(t1)
core   0: 3 0x80002e9c (0xffd30f23) mem 0x80020849 0x0
core   0: 0x80002ea0 (0x00b31d03) lh      s10, 11(t1)
core   0: 3 0x80002ea0 (0x00b31d03) x26 0x00000000 mem 0x80020856
core   0: 0x80002ea4 (0x00b34603) lbu     a2, 11(t1)
core   0: 3 0x80002ea4 (0x00b34603) x12 0x00000000 mem 0x80020856
core   0: 0x80002ea8 (0x00012317) auipc   t1, 0x12
core   0: 3 0x80002ea8 (0x00012317) x 6 0x80014ea8
core   0: 0x80002eac (0x76a30313) addi    t1, t1, 1898
core   0: 3 0x80002eac (0x76a30313) x 6 0x80015612
core   0: 0x80002eb0 (0xfd232f03) lw      t5, -46(t1)
core   0: 3 0x80002eb0 (0xfd232f03) x30 0x00000000 mem 0x800155e4
core   0: 0x80002eb4 (0x01c30ca3) sb      t3, 25(t1)
core   0: 3 0x80002eb4 (0x01c30ca3) mem 0x8001562b 0x0
core   0: 0x80002eb8 (0x01f34183) lbu     gp, 31(t1)
core   0: 3 0x80002eb8 (0x01f34183) x 3 0x00000000 mem 0x80015631
core   0: 0x80002ebc (0xfde30223) sb      t5, -60(t1)
core   0: 3 0x80002ebc (0xfde30223) mem 0x800155d6 0x0
core   0: 0x80002ec0 (0xfc430d83) lb      s11, -60(t1)
core   0: 3 0x80002ec0 (0xfc430d83) x27 0x00000000 mem 0x800155d6
core   0: 0x80002ec4 (0xfe435f03) lhu     t5, -28(t1)
core   0: 3 0x80002ec4 (0xfe435f03) x30 0x00000000 mem 0x800155f6
core   0: 0x80002ec8 (0x00cc3933) sltu    s2, s8, a2
core   0: 3 0x80002ec8 (0x00cc3933) x18 0x00000000
core   0: 0x80002ecc (0x142fc693) xori    a3, t6, 322
core   0: 3 0x80002ecc (0x142fc693) x13 0x00000142
core   0: 0x80002ed0 (0xfc530c03) lb      s8, -59(t1)
core   0: 3 0x80002ed0 (0xfc530c03) x24 0x00000000 mem 0x800155d7
core   0: 0x80002ed4 (0xfdf30903) lb      s2, -33(t1)
core   0: 3 0x80002ed4 (0xfdf30903) x18 0x00000000 mem 0x800155f1
core   0: 0x80002ed8 (0x00f34a03) lbu     s4, 15(t1)
core   0: 3 0x80002ed8 (0x00f34a03) x20 0x00000000 mem 0x80015621
core   0: 0x80002edc (0xfe8307a3) sb      s0, -17(t1)
core   0: 3 0x80002edc (0xfe8307a3) mem 0x80015601 0x13
core   0: 0x80002ee0 (0xfef30d83) lb      s11, -17(t1)
core   0: 3 0x80002ee0 (0xfef30d83) x27 0x00000013 mem 0x80015601
core   0: 0x80002ee4 (0x411b5c93) srai    s9, s6, 17
core   0: 3 0x80002ee4 (0x411b5c93) x25 0x00000000
core   0: 0x80002ee8 (0xfeb307a3) sb      a1, -17(t1)
core   0: 3 0x80002ee8 (0xfeb307a3) mem 0x80015601 0xb3
core   0: 0x80002eec (0x01c30ea3) sb      t3, 29(t1)
core   0: 3 0x80002eec (0x01c30ea3) mem 0x8001562f 0x0
core   0: 0x80002ef0 (0xff3305a3) sb      s3, -21(t1)
core   0: 3 0x80002ef0 (0xff3305a3) mem 0x800155fd 0x0
core   0: 0x80002ef4 (0xff031d03) lh      s10, -16(t1)
core   0: 3 0x80002ef4 (0xff031d03) x26 0x00000000 mem 0x80015602
core   0: 0x80002ef8 (0x03134583) lbu     a1, 49(t1)
core   0: 3 0x80002ef8 (0x03134583) x11 0x00000000 mem 0x80015643
core   0: 0x80002efc (0x00e08b33) add     s6, ra, a4
core   0: 3 0x80002efc (0x00e08b33) x22 0x00000000
core   0: 0x80002f00 (0x03130f83) lb      t6, 49(t1)
core   0: 3 0x80002f00 (0x03130f83) x31 0x00000000 mem 0x80015643
core   0: 0x80002f04 (0xfce31823) sh      a4, -48(t1)
core   0: 3 0x80002f04 (0xfce31823) mem 0x800155e2 0x0000
core   0: 0x80002f08 (0x00b56933) or      s2, a0, a1
core   0: 3 0x80002f08 (0x00b56933) x18 0x8002ece4
core   0: 0x80002f0c (0x01871633) sll     a2, a4, s8
core   0: 3 0x80002f0c (0x01871633) x12 0x00000000
core   0: 0x80002f10 (0xfd030083) lb      ra, -48(t1)
core   0: 3 0x80002f10 (0xfd030083) x 1 0x00000000 mem 0x800155e2
core   0: 0x80002f14 (0x00334803) lbu     a6, 3(t1)
core   0: 3 0x80002f14 (0x00334803) x16 0x00000000 mem 0x80015615
core   0: 0x80002f18 (0x00015897) auipc   a7, 0x15
core   0: 3 0x80002f18 (0x00015897) x17 0x80017f18
core   0: 0x80002f1c (0x93088893) addi    a7, a7, -1744
core   0: 3 0x80002f1c (0x93088893) x17 0x80017848
core   0: 0x80002f20 (0xffb88a83) lb      s5, -5(a7)
core   0: 3 0x80002f20 (0xffb88a83) x21 0x00000000 mem 0x80017843
core   0: 0x80002f24 (0xc525b093) sltiu   ra, a1, -942
core   0: 3 0x80002f24 (0xc525b093) x 1 0x00000001
core   0: 0x80002f28 (0x014bc733) xor     a4, s7, s4
core   0: 3 0x80002f28 (0x014bc733) x14 0xd1eeaab3
core   0: 0x80002f2c (0xff988da3) sb      s9, -5(a7)
core   0: 3 0x80002f2c (0xff988da3) mem 0x80017843 0x0
core   0: 0x80002f30 (0xffd88d83) lb      s11, -3(a7)
core   0: 3 0x80002f30 (0xffd88d83) x27 0x00000000 mem 0x80017845
core   0: 0x80002f34 (0xffd88903) lb      s2, -3(a7)
core   0: 3 0x80002f34 (0xffd88903) x18 0x00000000 mem 0x80017845
core   0: 0x80002f38 (0x03788003) lb      zero, 55(a7)
core   0: 3 0x80002f38 (0x03788003) mem 0x8001787f
core   0: 0x80002f3c (0x0128c803) lbu     a6, 18(a7)
core   0: 3 0x80002f3c (0x0128c803) x16 0x00000000 mem 0x8001785a
core   0: 0x80002f40 (0x0128d703) lhu     a4, 18(a7)
core   0: 3 0x80002f40 (0x0128d703) x14 0x00000000 mem 0x8001785a
core   0: 0x80002f44 (0xfeb88c83) lb      s9, -21(a7)
core   0: 3 0x80002f44 (0xfeb88c83) x25 0x00000000 mem 0x80017833
core   0: 0x80002f48 (0x03b8cd83) lbu     s11, 59(a7)
core   0: 3 0x80002f48 (0x03b8cd83) x27 0x00000000 mem 0x80017883
core   0: 0x80002f4c (0x00e9a433) slt     s0, s3, a4
core   0: 3 0x80002f4c (0x00e9a433) x 8 0x00000000
core   0: 0x80002f50 (0xd033af13) slti    t5, t2, -765
core   0: 3 0x80002f50 (0xd033af13) x30 0x00000001
core   0: 0x80002f54 (0x0388d803) lhu     a6, 56(a7)
core   0: 3 0x80002f54 (0x0388d803) x16 0x00000000 mem 0x80017880
core   0: 0x80002f58 (0x00c89483) lh      s1, 12(a7)
core   0: 3 0x80002f58 (0x00c89483) x 9 0x00000000 mem 0x80017854
core   0: 0x80002f5c (0xfd489003) lh      zero, -44(a7)
core   0: 3 0x80002f5c (0xfd489003) mem 0x8001781c
core   0: 0x80002f60 (0x8e9c3d93) sltiu   s11, s8, -1815
core   0: 3 0x80002f60 (0x8e9c3d93) x27 0x00000001
core   0: 0x80002f64 (0x00000013) nop
core   0: 3 0x80002f64 (0x00000013)
core   0: 0x80002f68 (0x03a8d283) lhu     t0, 58(a7)
core   0: 3 0x80002f68 (0x03a8d283) x 5 0x00000000 mem 0x80017882
core   0: 0x80002f6c (0x01b78f33) add     t5, a5, s11
core   0: 3 0x80002f6c (0x01b78f33) x30 0xfffff868
core   0: 0x80002f70 (0x03988803) lb      a6, 57(a7)
core   0: 3 0x80002f70 (0x03988803) x16 0x00000000 mem 0x80017881
core   0: 0x80002f74 (0x00018f97) auipc   t6, 0x18
core   0: 3 0x80002f74 (0x00018f97) x31 0x8001af74
core   0: 0x80002f78 (0x90df8f93) addi    t6, t6, -1779
core   0: 3 0x80002f78 (0x90df8f93) x31 0x8001a881
core   0: 0x80002f7c (0x0115e633) or      a2, a1, a7
core   0: 3 0x80002f7c (0x0115e633) x12 0x80017848
core   0: 0x80002f80 (0xe5dfca83) lbu     s5, -419(t6)
core   0: 3 0x80002f80 (0xe5dfca83) x21 0x00000000 mem 0x8001a6de
core   0: 0x80002f84 (0x99086493) ori     s1, a6, -1648
core   0: 3 0x80002f84 (0x99086493) x 9 0xfffff990
core   0: 0x80002f88 (0x0162edb3) or      s11, t0, s6
core   0: 3 0x80002f88 (0x0162edb3) x27 0x00000000
core   0: 0x80002f8c (0x511fc983) lbu     s3, 1297(t6)
core   0: 3 0x80002f8c (0x511fc983) x19 0x00000000 mem 0x8001ad92
core   0: 0x80002f90 (0x768fc203) lbu     tp, 1896(t6)
core   0: 3 0x80002f90 (0x768fc203) x 4 0x00000000 mem 0x8001afe9
core   0: 0x80002f94 (0x00a65013) srli    zero, a2, 10
core   0: 3 0x80002f94 (0x00a65013)
core   0: 0x80002f98 (0x00000013) nop
core   0: 3 0x80002f98 (0x00000013)
core   0: 0x80002f9c (0x01e328b3) slt     a7, t1, t5
core   0: 3 0x80002f9c (0x01e328b3) x17 0x00000001
core   0: 0x80002fa0 (0x7d0fca83) lbu     s5, 2000(t6)
core   0: 3 0x80002fa0 (0x7d0fca83) x21 0x00000000 mem 0x8001b051
core   0: 0x80002fa4 (0xc33f8123) sb      s3, -990(t6)
core   0: 3 0x80002fa4 (0xc33f8123) mem 0x8001a4a3 0x0
core   0: 0x80002fa8 (0x7a6f8983) lb      s3, 1958(t6)
core   0: 3 0x80002fa8 (0x7a6f8983) x19 0x00000000 mem 0x8001b027
core   0: 0x80002fac (0xdd7f8623) sb      s7, -564(t6)
core   0: 3 0x80002fac (0xdd7f8623) mem 0x8001a64d 0xb3
core   0: 0x80002fb0 (0x409fa3a3) sw      s1, 1031(t6)
core   0: 3 0x80002fb0 (0x409fa3a3) mem 0x8001ac88 0xfffff990
core   0: 0x80002fb4 (0x1d4f5f37) lui     t5, 0x1d4f5
core   0: 3 0x80002fb4 (0x1d4f5f37) x30 0x1d4f5000
core   0: 0x80002fb8 (0x637f8483) lb      s1, 1591(t6)
core   0: 3 0x80002fb8 (0x637f8483) x 9 0x00000000 mem 0x8001aeb8
core   0: 0x80002fbc (0x50e16d97) auipc   s11, 0x50e16
core   0: 3 0x80002fbc (0x50e16d97) x27 0xd0e18fbc
core   0: 0x80002fc0 (0x81c2b313) sltiu   t1, t0, -2020
core   0: 3 0x80002fc0 (0x81c2b313) x 6 0x00000001
core   0: 0x80002fc4 (0x41850633) sub     a2, a0, s8
core   0: 3 0x80002fc4 (0x41850633) x12 0x8002ece4
core   0: 0x80002fc8 (0x87ff9383) lh      t2, -1921(t6)
core   0: 3 0x80002fc8 (0x87ff9383) x 7 0x00000000 mem 0x8001a100
core   0: 0x80002fcc (0x581fc783) lbu     a5, 1409(t6)
core   0: 3 0x80002fcc (0x581fc783) x15 0x00000000 mem 0x8001ae02
core   0: 0x80002fd0 (0x01a67633) and     a2, a2, s10
core   0: 3 0x80002fd0 (0x01a67633) x12 0x00000000
core   0: 0x80002fd4 (0x5432ff13) andi    t5, t0, 1347
core   0: 3 0x80002fd4 (0x5432ff13) x30 0x00000000
core   0: 0x80002fd8 (0x010991b3) sll     gp, s3, a6
core   0: 3 0x80002fd8 (0x010991b3) x 3 0x00000000
core   0: 0x80002fdc (0x01829493) slli    s1, t0, 24
core   0: 3 0x80002fdc (0x01829493) x 9 0x00000000
core   0: 0x80002fe0 (0xa1df8223) sb      t4, -1532(t6)
core   0: 3 0x80002fe0 (0xa1df8223) mem 0x8001a285 0x0
core   0: 0x80002fe4 (0x89bfd303) lhu     t1, -1893(t6)
core   0: 3 0x80002fe4 (0x89bfd303) x 6 0x00000000 mem 0x8001a11c
core   0: 0x80002fe8 (0x01e213b3) sll     t2, tp, t5
core   0: 3 0x80002fe8 (0x01e213b3) x 7 0x00000000
core   0: 0x80002fec (0x013c81b3) add     gp, s9, s3
core   0: 3 0x80002fec (0x013c81b3) x 3 0x00000000
core   0: 0x80002ff0 (0x7c0fc783) lbu     a5, 1984(t6)
core   0: 3 0x80002ff0 (0x7c0fc783) x15 0x00000000 mem 0x8001b041
core   0: 0x80002ff4 (0x77be40b7) lui     ra, 0x77be4
core   0: 3 0x80002ff4 (0x77be40b7) x 1 0x77be4000
core   0: 0x80002ff8 (0x009d6033) or      zero, s10, s1
core   0: 3 0x80002ff8 (0x009d6033)
core   0: 0x80002ffc (0x806f8483) lb      s1, -2042(t6)
core   0: 3 0x80002ffc (0x806f8483) x 9 0x00000000 mem 0x8001a087
core   0: 0x80003000 (0xbfcfc083) lbu     ra, -1028(t6)
core   0: 3 0x80003000 (0xbfcfc083) x 1 0x00000000 mem 0x8001a47d
core   0: 0x80003004 (0x0176a933) slt     s2, a3, s7
core   0: 3 0x80003004 (0x0176a933) x18 0x00000000
core   0: 0x80003008 (0x01712c33) slt     s8, sp, s7
core   0: 3 0x80003008 (0x01712c33) x24 0x00000001
core   0: 0x8000300c (0x415256b3) sra     a3, tp, s5
core   0: 3 0x8000300c (0x415256b3) x13 0x00000000
core   0: 0x80003010 (0x4b8fc083) lbu     ra, 1208(t6)
core   0: 3 0x80003010 (0x4b8fc083) x 1 0x00000000 mem 0x8001ad39
core   0: 0x80003014 (0x1a0acd13) xori    s10, s5, 416
core   0: 3 0x80003014 (0x1a0acd13) x26 0x000001a0
core   0: 0x80003018 (0x59dbc993) xori    s3, s7, 1437
core   0: 3 0x80003018 (0x59dbc993) x19 0xd1eeaf2e
core   0: 0x8000301c (0x01691f13) slli    t5, s2, 22
core   0: 3 0x8000301c (0x01691f13) x30 0x00000000
core   0: 0x80003020 (0x41105ab3) sra     s5, zero, a7
core   0: 3 0x80003020 (0x41105ab3) x21 0x00000000
core   0: 0x80003024 (0xe64f8f23) sb      tp, -386(t6)
core   0: 3 0x80003024 (0xe64f8f23) mem 0x8001a6ff 0x0
core   0: 0x80003028 (0x00012697) auipc   a3, 0x12
core   0: 3 0x80003028 (0x00012697) x13 0x80015028
core   0: 0x8000302c (0x10068693) addi    a3, a3, 256
core   0: 3 0x8000302c (0x10068693) x13 0x80015128
core   0: 0x80003030 (0x0046c003) lbu     zero, 4(a3)
core   0: 3 0x80003030 (0x0046c003) mem 0x8001512c
core   0: 0x80003034 (0x00468003) lb      zero, 4(a3)
core   0: 3 0x80003034 (0x00468003) mem 0x8001512c
core   0: 0x80003038 (0x1a3ec493) xori    s1, t4, 419
core   0: 3 0x80003038 (0x1a3ec493) x 9 0x000001a3
core   0: 0x8000303c (0xbf117d93) andi    s11, sp, -1039
core   0: 3 0x8000303c (0xbf117d93) x27 0x8002aa60
core   0: 0x80003040 (0x4046da33) sra     s4, a3, tp
core   0: 3 0x80003040 (0x4046da33) x20 0x80015128
core   0: 0x80003044 (0x00c6a223) sw      a2, 4(a3)
core   0: 3 0x80003044 (0x00c6a223) mem 0x8001512c 0x00000000
core   0: 0x80003048 (0x0046cc83) lbu     s9, 4(a3)
core   0: 3 0x80003048 (0x0046cc83) x25 0x00000000 mem 0x8001512c
core   0: 0x8000304c (0xfeb68e23) sb      a1, -4(a3)
core   0: 3 0x8000304c (0xfeb68e23) mem 0x80015124 0x0
core   0: 0x80003050 (0xffc69f03) lh      t5, -4(a3)
core   0: 3 0x80003050 (0xffc69f03) x30 0x00000000 mem 0x80015124
core   0: 0x80003054 (0x00768183) lb      gp, 7(a3)
core   0: 3 0x80003054 (0x00768183) x 3 0x00000000 mem 0x8001512f
core   0: 0x80003058 (0x016683a3) sb      s6, 7(a3)
core   0: 3 0x80003058 (0x016683a3) mem 0x8001512f 0x0
core   0: 0x8000305c (0x0155af33) slt     t5, a1, s5
core   0: 3 0x8000305c (0x0155af33) x30 0x00000000
core   0: 0x80003060 (0x00768883) lb      a7, 7(a3)
core   0: 3 0x80003060 (0x00768883) x17 0x00000000 mem 0x8001512f
core   0: 0x80003064 (0x00768d03) lb      s10, 7(a3)
core   0: 3 0x80003064 (0x00768d03) x26 0x00000000 mem 0x8001512f
core   0: 0x80003068 (0x41adda13) srai    s4, s11, 26
core   0: 3 0x80003068 (0x41adda13) x20 0xffffffe0
core   0: 0x8000306c (0x0076c983) lbu     s3, 7(a3)
core   0: 3 0x8000306c (0x0076c983) x19 0x00000000 mem 0x8001512f
core   0: 0x80003070 (0x00018217) auipc   tp, 0x18
core   0: 3 0x80003070 (0x00018217) x 4 0x8001b070
core   0: 0x80003074 (0xbc620213) addi    tp, tp, -1082
core   0: 3 0x80003074 (0xbc620213) x 4 0x8001ac36
core   0: 0x80003078 (0xff324e03) lbu     t3, -13(tp)
core   0: 3 0x80003078 (0xff324e03) x28 0x00000000 mem 0x8001ac29
core   0: 0x8000307c (0xff320ca3) sb      s3, -7(tp)
core   0: 3 0x8000307c (0xff320ca3) mem 0x8001ac2f 0x0
core   0: 0x80003080 (0xff920f83) lb      t6, -7(tp)
core   0: 3 0x80003080 (0xff920f83) x31 0x00000000 mem 0x8001ac2f
core   0: 0x80003084 (0x00124403) lbu     s0, 1(tp)
core   0: 3 0x80003084 (0x00124403) x 8 0x00000000 mem 0x8001ac37
core   0: 0x80003088 (0x4137d393) srai    t2, a5, 19
core   0: 3 0x80003088 (0x4137d393) x 7 0x00000000
core   0: 0x8000308c (0x01995d13) srli    s10, s2, 25
core   0: 3 0x8000308c (0x01995d13) x26 0x00000000
core   0: 0x80003090 (0x00f24383) lbu     t2, 15(tp)
core   0: 3 0x80003090 (0x00f24383) x 7 0x00000000 mem 0x8001ac45
core   0: 0x80003094 (0x01122723) sw      a7, 14(tp)
core   0: 3 0x80003094 (0x01122723) mem 0x8001ac44 0x00000000
core   0: 0x80003098 (0x00620723) sb      t1, 14(tp)
core   0: 3 0x80003098 (0x00620723) mem 0x8001ac44 0x0
core   0: 0x8000309c (0xffe21183) lh      gp, -2(tp)
core   0: 3 0x8000309c (0xffe21183) x 3 0x00000000 mem 0x8001ac34
core   0: 0x800030a0 (0x00920083) lb      ra, 9(tp)
core   0: 3 0x800030a0 (0x00920083) x 1 0x00000000 mem 0x8001ac3f
core   0: 0x800030a4 (0x00920d83) lb      s11, 9(tp)
core   0: 3 0x800030a4 (0x00920d83) x27 0x00000000 mem 0x8001ac3f
core   0: 0x800030a8 (0xff220903) lb      s2, -14(tp)
core   0: 3 0x800030a8 (0xff220903) x18 0x00000000 mem 0x8001ac28
core   0: 0x800030ac (0xfff21e23) sh      t6, -4(tp)
core   0: 3 0x800030ac (0xfff21e23) mem 0x8001ac32 0x0000
core   0: 0x800030b0 (0xff924303) lbu     t1, -7(tp)
core   0: 3 0x800030b0 (0xff924303) x 6 0x00000000 mem 0x8001ac2f
core   0: 0x800030b4 (0xffe20ca3) sb      t5, -7(tp)
core   0: 3 0x800030b4 (0xffe20ca3) mem 0x8001ac2f 0x0
core   0: 0x800030b8 (0xff020ca3) sb      a6, -7(tp)
core   0: 3 0x800030b8 (0xff020ca3) mem 0x8001ac2f 0x0
core   0: 0x800030bc (0xfff24283) lbu     t0, -1(tp)
core   0: 3 0x800030bc (0xfff24283) x 5 0x00000000 mem 0x8001ac35
core   0: 0x800030c0 (0xfff24d03) lbu     s10, -1(tp)
core   0: 3 0x800030c0 (0xfff24d03) x26 0x00000000 mem 0x8001ac35
core   0: 0x800030c4 (0x01d204a3) sb      t4, 9(tp)
core   0: 3 0x800030c4 (0x01d204a3) mem 0x8001ac3f 0x0
core   0: 0x800030c8 (0x00920003) lb      zero, 9(tp)
core   0: 3 0x800030c8 (0x00920003) mem 0x8001ac3f
core   0: 0x800030cc (0x00016e17) auipc   t3, 0x16
core   0: 3 0x800030cc (0x00016e17) x28 0x800190cc
core   0: 0x800030d0 (0xba7e0e13) addi    t3, t3, -1113
core   0: 3 0x800030d0 (0xba7e0e13) x28 0x80018c73
core   0: 0x800030d4 (0xf1ce4e83) lbu     t4, -228(t3)
core   0: 3 0x800030d4 (0xf1ce4e83) x29 0x00000000 mem 0x80018b8f
core   0: 0x800030d8 (0xf1ce0003) lb      zero, -228(t3)
core   0: 3 0x800030d8 (0xf1ce0003) mem 0x80018b8f
core   0: 0x800030dc (0x40bad4b3) sra     s1, s5, a1
core   0: 3 0x800030dc (0x40bad4b3) x 9 0x00000000
core   0: 0x800030e0 (0xf1ce4203) lbu     tp, -228(t3)
core   0: 3 0x800030e0 (0xf1ce4203) x 4 0x00000000 mem 0x80018b8f
core   0: 0x800030e4 (0xf89e14a3) sh      s1, -119(t3)
core   0: 3 0x800030e4 (0xf89e14a3) mem 0x80018bfc 0x0000
core   0: 0x800030e8 (0xf89e4983) lbu     s3, -119(t3)
core   0: 3 0x800030e8 (0xf89e4983) x19 0x00000000 mem 0x80018bfc
core   0: 0x800030ec (0xf89e5383) lhu     t2, -119(t3)
core   0: 3 0x800030ec (0xf89e5383) x 7 0x00000000 mem 0x80018bfc
core   0: 0x800030f0 (0xb1ad3213) sltiu   tp, s10, -1254
core   0: 3 0x800030f0 (0xb1ad3213) x 4 0x00000001
core   0: 0x800030f4 (0x0d1e2583) lw      a1, 209(t3)
core   0: 3 0x800030f4 (0x0d1e2583) x11 0x00000000 mem 0x80018d44
core   0: 0x800030f8 (0xffbe0423) sb      s11, -24(t3)
core   0: 3 0x800030f8 (0xffbe0423) mem 0x80018c5b 0x0
core   0: 0x800030fc (0xf47e4c03) lbu     s8, -185(t3)
core   0: 3 0x800030fc (0xf47e4c03) x24 0x00000000 mem 0x80018bba
core   0: 0x80003100 (0xfa2e4d03) lbu     s10, -94(t3)
core   0: 3 0x80003100 (0xfa2e4d03) x26 0x00000000 mem 0x80018c15
core   0: 0x80003104 (0x00012a97) auipc   s5, 0x12
core   0: 3 0x80003104 (0x00012a97) x21 0x80015104
core   0: 0x80003108 (0x37ba8a93) addi    s5, s5, 891
core   0: 3 0x80003108 (0x37ba8a93) x21 0x8001547f
core   0: 0x8000310c (0xf18a8703) lb      a4, -232(s5)
core   0: 3 0x8000310c (0xf18a8703) x14 0xffffffff mem 0x80015397
core   0: 0x80003110 (0x0ada97a3) sh      a3, 175(s5)
core   0: 3 0x80003110 (0x0ada97a3) mem 0x8001552e 0x5128
core   0: 0x80003114 (0x006a8683) lb      a3, 6(s5)
core   0: 3 0x80003114 (0x006a8683) x13 0x00000000 mem 0x80015485
core   0: 0x80003118 (0x059ad983) lhu     s3, 89(s5)
core   0: 3 0x80003118 (0x059ad983) x19 0x00000000 mem 0x800154d8
core   0: 0x8000311c (0xfefa8483) lb      s1, -17(s5)
core   0: 3 0x8000311c (0xfefa8483) x 9 0x00000000 mem 0x8001546e
core   0: 0x80003120 (0x02ca8603) lb      a2, 44(s5)
core   0: 3 0x80003120 (0x02ca8603) x12 0x00000000 mem 0x800154ab
core   0: 0x80003124 (0x0d0a8023) sb      a6, 192(s5)
core   0: 3 0x80003124 (0x0d0a8023) mem 0x8001553f 0x0
core   0: 0x80003128 (0x0baac983) lbu     s3, 186(s5)
core   0: 3 0x80003128 (0x0baac983) x19 0x00000000 mem 0x80015539
core   0: 0x8000312c (0x0ff0000f) fence   iorw,iorw
core   0: 3 0x8000312c (0x0ff0000f)
core   0: 0x80003130 (0x01471fb3) sll     t6, a4, s4
core   0: 3 0x80003130 (0x01471fb3) x31 0xffffffff
core   0: 0x80003134 (0x022a8f03) lb      t5, 34(s5)
core   0: 3 0x80003134 (0x022a8f03) x30 0x00000000 mem 0x800154a1
core   0: 0x80003138 (0x0f2ac303) lbu     t1, 242(s5)
core   0: 3 0x80003138 (0x0f2ac303) x 6 0x000000aa mem 0x80015571
core   0: 0x8000313c (0x0000100f) fence.i
core   0: 3 0x8000313c (0x0000100f)
core   0: 0x80003140 (0x037a96a3) sh      s7, 45(s5)
core   0: 3 0x80003140 (0x037a96a3) mem 0x800154ac 0xaab3
core   0: 0x80003144 (0x00000013) nop
core   0: 3 0x80003144 (0x00000013)
core   0: 0x80003148 (0x075a8903) lb      s2, 117(s5)
core   0: 3 0x80003148 (0x075a8903) x18 0x00000000 mem 0x800154f4
core   0: 0x8000314c (0x11ae0e17) auipc   t3, 0x11ae0
core   0: 3 0x8000314c (0x11ae0e17) x28 0x91ae314c
core   0: 0x80003150 (0x019f8f33) add     t5, t6, s9
core   0: 3 0x80003150 (0x019f8f33) x30 0xffffffff
core   0: 0x80003154 (0xfbaac583) lbu     a1, -70(s5)
core   0: 3 0x80003154 (0xfbaac583) x11 0x00000000 mem 0x80015439
core   0: 0x80003158 (0xf2ea8f83) lb      t6, -210(s5)
core   0: 3 0x80003158 (0xf2ea8f83) x31 0x00000000 mem 0x800153ad
core   0: 0x8000315c (0xf06a8823) sb      t1, -240(s5)
core   0: 3 0x8000315c (0xf06a8823) mem 0x8001538f 0xaa
core   0: 0x80003160 (0x01ca67b3) or      a5, s4, t3
core   0: 3 0x80003160 (0x01ca67b3) x15 0xffffffec
core   0: 0x80003164 (0xfdaac803) lbu     a6, -38(s5)
core   0: 3 0x80003164 (0xfdaac803) x16 0x00000000 mem 0x80015459
core   0: 0x80003168 (0x56327e17) auipc   t3, 0x56327
core   0: 3 0x80003168 (0x56327e17) x28 0xd632a168
core   0: 0x8000316c (0xfc5a8e83) lb      t4, -59(s5)
core   0: 3 0x8000316c (0xfc5a8e83) x29 0x00000000 mem 0x80015444
core   0: 0x80003170 (0x0cfa9583) lh      a1, 207(s5)
core   0: 3 0x80003170 (0x0cfa9583) x11 0x00000000 mem 0x8001554e
core   0: 0x80003174 (0xa7a80413) addi    s0, a6, -1414
core   0: 3 0x80003174 (0xa7a80413) x 8 0xfffffa7a
core   0: 0x80003178 (0xfd8a8523) sb      s8, -54(s5)
core   0: 3 0x80003178 (0xfd8a8523) mem 0x80015449 0x0
core   0: 0x8000317c (0xfd7a8983) lb      s3, -41(s5)
core   0: 3 0x8000317c (0xfd7a8983) x19 0x00000000 mem 0x80015456
core   0: 0x80003180 (0xcc5bbd17) auipc   s10, 0xcc5bb
core   0: 3 0x80003180 (0xcc5bbd17) x26 0x4c5be180
core   0: 0x80003184 (0xfb0a8623) sb      a6, -84(s5)
core   0: 3 0x80003184 (0xfb0a8623) mem 0x8001542b 0x0
core   0: 0x80003188 (0xf93a9d83) lh      s11, -109(s5)
core   0: 3 0x80003188 (0xf93a9d83) x27 0x00000000 mem 0x80015412
core   0: 0x8000318c (0x022a8883) lb      a7, 34(s5)
core   0: 3 0x8000318c (0x022a8883) x17 0x00000000 mem 0x800154a1
core   0: 0x80003190 (0x00012417) auipc   s0, 0x12
core   0: 3 0x80003190 (0x00012417) x 8 0x80015190
core   0: 0x80003194 (0x63040413) addi    s0, s0, 1584
core   0: 3 0x80003194 (0x63040413) x 8 0x800157c0
core   0: 0x80003198 (0xfde409a3) sb      t5, -45(s0)
core   0: 3 0x80003198 (0xfde409a3) mem 0x80015793 0xff
core   0: 0x8000319c (0x02740d03) lb      s10, 39(s0)
core   0: 3 0x8000319c (0x02740d03) x26 0x00000000 mem 0x800157e7
core   0: 0x800031a0 (0x00000013) nop
core   0: 3 0x800031a0 (0x00000013)
core   0: 0x800031a4 (0x40c4db33) sra     s6, s1, a2
core   0: 3 0x800031a4 (0x40c4db33) x22 0x00000000
core   0: 0x800031a8 (0xffb400a3) sb      s11, -31(s0)
core   0: 3 0x800031a8 (0xffb400a3) mem 0x800157a1 0x0
core   0: 0x800031ac (0x00d44083) lbu     ra, 13(s0)
core   0: 3 0x800031ac (0x00d44083) x 1 0x00000000 mem 0x800157cd
core   0: 0x800031b0 (0x00a44683) lbu     a3, 10(s0)
core   0: 3 0x800031b0 (0x00a44683) x13 0x00000000 mem 0x800157ca
core   0: 0x800031b4 (0xfdc42703) lw      a4, -36(s0)
core   0: 3 0x800031b4 (0xfdc42703) x14 0x00000000 mem 0x8001579c
core   0: 0x800031b8 (0x403584b3) sub     s1, a1, gp
core   0: 3 0x800031b8 (0x403584b3) x 9 0x00000000
core   0: 0x800031bc (0x005aceb3) xor     t4, s5, t0
core   0: 3 0x800031bc (0x005aceb3) x29 0x8001547f
core   0: 0x800031c0 (0x00d4c9b3) xor     s3, s1, a3
core   0: 3 0x800031c0 (0x00d4c9b3) x19 0x00000000
core   0: 0x800031c4 (0xf014e317) auipc   t1, 0xf014e
core   0: 3 0x800031c4 (0xf014e317) x 6 0x701511c4
core   0: 0x800031c8 (0xfc540003) lb      zero, -59(s0)
core   0: 3 0x800031c8 (0xfc540003) mem 0x80015785
core   0: 0x800031cc (0xfd645303) lhu     t1, -42(s0)
core   0: 3 0x800031cc (0xfd645303) x 6 0x00000000 mem 0x80015796
core   0: 0x800031d0 (0x0084d2b3) srl     t0, s1, s0
core   0: 3 0x800031d0 (0x0084d2b3) x 5 0x00000000
core   0: 0x800031d4 (0x01dd86b3) add     a3, s11, t4
core   0: 3 0x800031d4 (0x01dd86b3) x13 0x8001547f
core   0: 0x800031d8 (0x07a08e13) addi    t3, ra, 122
core   0: 3 0x800031d8 (0x07a08e13) x28 0x0000007a
core   0: 0x800031dc (0x402e0633) sub     a2, t3, sp
core   0: 3 0x800031dc (0x402e0633) x12 0x7ffd5216
core   0: 0x800031e0 (0x00141b23) sh      ra, 22(s0)
core   0: 3 0x800031e0 (0x00141b23) mem 0x800157d6 0x0000
core   0: 0x800031e4 (0x2d80c193) xori    gp, ra, 728
core   0: 3 0x800031e4 (0x2d80c193) x 3 0x000002d8
core   0: 0x800031e8 (0x86317893) andi    a7, sp, -1949
core   0: 3 0x800031e8 (0x86317893) x17 0x8002a860
core   0: 0x800031ec (0xfe244e83) lbu     t4, -30(s0)
core   0: 3 0x800031ec (0xfe244e83) x29 0x00000000 mem 0x800157a2
core   0: 0x800031f0 (0x00233d33) sltu    s10, t1, sp
core   0: 3 0x800031f0 (0x00233d33) x26 0x00000001
core   0: 0x800031f4 (0xfed44c83) lbu     s9, -19(s0)
core   0: 3 0x800031f4 (0xfed44c83) x25 0x00000000 mem 0x800157ad
core   0: 0x800031f8 (0x00012717) auipc   a4, 0x12
core   0: 3 0x800031f8 (0x00012717) x14 0x800151f8
core   0: 0x800031fc (0x06170713) addi    a4, a4, 97
core   0: 3 0x800031fc (0x06170713) x14 0x80015259
core   0: 0x80003200 (0x0160bfb3) sltu    t6, ra, s6
core   0: 3 0x80003200 (0x0160bfb3) x31 0x00000000
core   0: 0x80003204 (0x014defb3) or      t6, s11, s4
core   0: 3 0x80003204 (0x014defb3) x31 0xffffffe0
core   0: 0x80003208 (0x04070483) lb      s1, 64(a4)
core   0: 3 0x80003208 (0x04070483) x 9 0x00000000 mem 0x80015299
core   0: 0x8000320c (0x02d75183) lhu     gp, 45(a4)
core   0: 3 0x8000320c (0x02d75183) x 3 0x00000000 mem 0x80015286
core   0: 0x80003210 (0x26efea17) auipc   s4, 0x26efe
core   0: 3 0x80003210 (0x26efea17) x20 0xa6f01210
core   0: 0x80003214 (0x00542c33) slt     s8, s0, t0
core   0: 3 0x80003214 (0x00542c33) x24 0x00000001
core   0: 0x80003218 (0x1b62e317) auipc   t1, 0x1b62e
core   0: 3 0x80003218 (0x1b62e317) x 6 0x9b631218
core   0: 0x8000321c (0xff1707a3) sb      a7, -17(a4)
core   0: 3 0x8000321c (0xff1707a3) mem 0x80015248 0x60
core   0: 0x80003220 (0x00670aa3) sb      t1, 21(a4)
core   0: 3 0x80003220 (0x00670aa3) mem 0x8001526e 0x18
core   0: 0x80003224 (0x00c1dc93) srli    s9, gp, 12
core   0: 3 0x80003224 (0x00c1dc93) x25 0x00000000
core   0: 0x80003228 (0x0024d493) srli    s1, s1, 2
core   0: 3 0x80003228 (0x0024d493) x 9 0x00000000
core   0: 0x8000322c (0x01874783) lbu     a5, 24(a4)
core   0: 3 0x8000322c (0x01874783) x15 0x0000003a mem 0x80015271
core   0: 0x80003230 (0x4103dd33) sra     s10, t2, a6
core   0: 3 0x80003230 (0x4103dd33) x26 0x00000000
core   0: 0x80003234 (0x01989db3) sll     s11, a7, s9
core   0: 3 0x80003234 (0x01989db3) x27 0x8002a860
core   0: 0x80003238 (0xcc296217) auipc   tp, 0xcc296
core   0: 3 0x80003238 (0xcc296217) x 4 0x4c299238
core   0: 0x8000323c (0x412cd793) srai    a5, s9, 18
core   0: 3 0x8000323c (0x412cd793) x15 0x00000000
core   0: 0x80003240 (0x568cca93) xori    s5, s9, 1384
core   0: 3 0x80003240 (0x568cca93) x21 0x00000568
core   0: 0x80003244 (0x006ad993) srli    s3, s5, 6
core   0: 3 0x80003244 (0x006ad993) x19 0x00000015
core   0: 0x80003248 (0xffa70483) lb      s1, -6(a4)
core   0: 3 0x80003248 (0xffa70483) x 9 0x00000000 mem 0x80015253
core   0: 0x8000324c (0x01a74303) lbu     t1, 26(a4)
core   0: 3 0x8000324c (0x01a74303) x 6 0x00000000 mem 0x80015273
core   0: 0x80003250 (0x0130a5b3) slt     a1, ra, s3
core   0: 3 0x80003250 (0x0130a5b3) x11 0x00000001
core   0: 0x80003254 (0x2d6bf597) auipc   a1, 0x2d6bf
core   0: 3 0x80003254 (0x2d6bf597) x11 0xad6c2254
core   0: 0x80003258 (0x00f70383) lb      t2, 15(a4)
core   0: 3 0x80003258 (0x00f70383) x 7 0x00000000 mem 0x80015268
core   0: 0x8000325c (0xf2c04413) xori    s0, zero, -212
core   0: 3 0x8000325c (0xf2c04413) x 8 0xffffff2c
core   0: 0x80003260 (0x82754e17) auipc   t3, 0x82754
core   0: 3 0x80003260 (0x82754e17) x28 0x02757260
core   0: 0x80003264 (0xffc70123) sb      t3, -30(a4)
core   0: 3 0x80003264 (0xffc70123) mem 0x8001523b 0x60
core   0: 0x80003268 (0xfff74303) lbu     t1, -1(a4)
core   0: 3 0x80003268 (0xfff74303) x 6 0x00000000 mem 0x80015258
core   0: 0x8000326c (0xc7a00493) li      s1, -902
core   0: 3 0x8000326c (0xc7a00493) x 9 0xfffffc7a
core   0: 0x80003270 (0x00a70283) lb      t0, 10(a4)
core   0: 3 0x80003270 (0x00a70283) x 5 0x00000000 mem 0x80015263
core   0: 0x80003274 (0x00012b17) auipc   s6, 0x12
core   0: 3 0x80003274 (0x00012b17) x22 0x80015274
core   0: 0x80003278 (0x7e9b0b13) addi    s6, s6, 2025
core   0: 3 0x80003278 (0x7e9b0b13) x22 0x80015a5d
core   0: 0x8000327c (0x00012997) auipc   s3, 0x12
core   0: 3 0x8000327c (0x00012997) x19 0x8001527c
core   0: 0x80003280 (0xe1998993) addi    s3, s3, -487
core   0: 3 0x80003280 (0xe1998993) x19 0x80015095
core   0: 0x80003284 (0x00ab4f03) lbu     t5, 10(s6)
core   0: 3 0x80003284 (0x00ab4f03) x30 0x00000000 mem 0x80015a67
core   0: 0x80003288 (0x1b498603) lb      a2, 436(s3)
core   0: 3 0x80003288 (0x1b498603) x12 0x00000000 mem 0x80015249
core   0: 0x8000328c (0x005b5c03) lhu     s8, 5(s6)
core   0: 3 0x8000328c (0x005b5c03) x24 0x00000000 mem 0x80015a62
core   0: 0x80003290 (0xff5b4d83) lbu     s11, -11(s6)
core   0: 3 0x80003290 (0xff5b4d83) x27 0x00000000 mem 0x80015a52
core   0: 0x80003294 (0x11c9c083) lbu     ra, 284(s3)
core   0: 3 0x80003294 (0x11c9c083) x 1 0x00000000 mem 0x800151b1
core   0: 0x80003298 (0x27b9c403) lbu     s0, 635(s3)
core   0: 3 0x80003298 (0x27b9c403) x 8 0x00000000 mem 0x80015310
core   0: 0x8000329c (0x5089c883) lbu     a7, 1288(s3)
core   0: 3 0x8000329c (0x5089c883) x17 0x00000000 mem 0x8001559d
core   0: 0x800032a0 (0x49e980a3) sb      t5, 1153(s3)
core   0: 3 0x800032a0 (0x49e980a3) mem 0x80015516 0x0
core   0: 0x800032a4 (0x6579c803) lbu     a6, 1623(s3)
core   0: 3 0x800032a4 (0x6579c803) x16 0x00000000 mem 0x800156ec
core   0: 0x800032a8 (0x13b99a83) lh      s5, 315(s3)
core   0: 3 0x800032a8 (0x13b99a83) x21 0x00000000 mem 0x800151d0
core   0: 0x800032ac (0x01098d83) lb      s11, 16(s3)
core   0: 3 0x800032ac (0x01098d83) x27 0x00000000 mem 0x800150a5
core   0: 0x800032b0 (0x7d598e23) sb      s5, 2012(s3)
core   0: 3 0x800032b0 (0x7d598e23) mem 0x80015871 0x0
core   0: 0x800032b4 (0xff2b4803) lbu     a6, -14(s6)
core   0: 3 0x800032b4 (0xff2b4803) x16 0x00000000 mem 0x80015a4f
core   0: 0x800032b8 (0xffbb0fa3) sb      s11, -1(s6)
core   0: 3 0x800032b8 (0xffbb0fa3) mem 0x80015a5c 0x0
core   0: 0x800032bc (0x37998a23) sb      s9, 884(s3)
core   0: 3 0x800032bc (0x37998a23) mem 0x80015409 0x0
core   0: 0x800032c0 (0x00012a17) auipc   s4, 0x12
core   0: 3 0x800032c0 (0x00012a17) x20 0x800152c0
core   0: 0x800032c4 (0x5dba0a13) addi    s4, s4, 1499
core   0: 3 0x800032c4 (0x5dba0a13) x20 0x8001589b
core   0: 0x800032c8 (0xf54a0a83) lb      s5, -172(s4)
core   0: 3 0x800032c8 (0xf54a0a83) x21 0x00000058 mem 0x800157ef
core   0: 0x800032cc (0x0001a717) auipc   a4, 0x1a
core   0: 3 0x800032cc (0x0001a717) x14 0x8001d2cc
core   0: 0x800032d0 (0xf5f70713) addi    a4, a4, -161
core   0: 3 0x800032d0 (0xf5f70713) x14 0x8001d22b
core   0: 0x800032d4 (0xfbca0e23) sb      t3, -68(s4)
core   0: 3 0x800032d4 (0xfbca0e23) mem 0x80015857 0x60
core   0: 0x800032d8 (0x4dd70d23) sb      t4, 1242(a4)
core   0: 3 0x800032d8 (0x4dd70d23) mem 0x8001d705 0x0
core   0: 0x800032dc (0x51370c23) sb      s3, 1304(a4)
core   0: 3 0x800032dc (0x51370c23) mem 0x8001d743 0x95
core   0: 0x800032e0 (0xff1a0f83) lb      t6, -15(s4)
core   0: 3 0x800032e0 (0xff1a0f83) x31 0x00000000 mem 0x8001588c
core   0: 0x800032e4 (0xe0070da3) sb      zero, -485(a4)
core   0: 3 0x800032e4 (0xe0070da3) mem 0x8001d046 0x0
core   0: 0x800032e8 (0xfc0a4903) lbu     s2, -64(s4)
core   0: 3 0x800032e8 (0xfc0a4903) x18 0x00000001 mem 0x8001585b
core   0: 0x800032ec (0xf0870303) lb      t1, -248(a4)
core   0: 3 0x800032ec (0xf0870303) x 6 0x00000000 mem 0x8001d133
core   0: 0x800032f0 (0xfc3a5803) lhu     a6, -61(s4)
core   0: 3 0x800032f0 (0xfc3a5803) x16 0x00000000 mem 0x8001585e
core   0: 0x800032f4 (0x7e970803) lb      a6, 2025(a4)
core   0: 3 0x800032f4 (0x7e970803) x16 0x00000000 mem 0x8001da14
core   0: 0x800032f8 (0x018a4283) lbu     t0, 24(s4)
core   0: 3 0x800032f8 (0x018a4283) x 5 0x00000000 mem 0x800158b3
core   0: 0x800032fc (0x09ba1c83) lh      s9, 155(s4)
core   0: 3 0x800032fc (0x09ba1c83) x25 0x00000000 mem 0x80015936
core   0: 0x80003300 (0x0a0a4803) lbu     a6, 160(s4)
core   0: 3 0x80003300 (0x0a0a4803) x16 0x00000000 mem 0x8001593b
core   0: 0x80003304 (0x42c74c83) lbu     s9, 1068(a4)
core   0: 3 0x80003304 (0x42c74c83) x25 0x00000000 mem 0x8001d657
core   0: 0x80003308 (0xf83a5283) lhu     t0, -125(s4)
core   0: 3 0x80003308 (0xf83a5283) x 5 0x00000000 mem 0x8001581e
core   0: 0x8000330c (0x8ed72f03) lw      t5, -1811(a4)
core   0: 3 0x8000330c (0x8ed72f03) x30 0x00000000 mem 0x8001cb18
core   0: 0x80003310 (0x00012f97) auipc   t6, 0x12
core   0: 3 0x80003310 (0x00012f97) x31 0x80015310
core   0: 0x80003314 (0x20bf8f93) addi    t6, t6, 523
core   0: 3 0x80003314 (0x20bf8f93) x31 0x8001551b
core   0: 0x80003318 (0x00014617) auipc   a2, 0x14
core   0: 3 0x80003318 (0x00014617) x12 0x80017318
core   0: 0x8000331c (0x6a260613) addi    a2, a2, 1698
core   0: 3 0x8000331c (0x6a260613) x12 0x800179ba
core   0: 0x80003320 (0xf4c64383) lbu     t2, -180(a2)
core   0: 3 0x80003320 (0xf4c64383) x 7 0x00000000 mem 0x80017906
core   0: 0x80003324 (0x51cfc403) lbu     s0, 1308(t6)
core   0: 3 0x80003324 (0x51cfc403) x 8 0x00000000 mem 0x80015a37
core   0: 0x80003328 (0xe11faa83) lw      s5, -495(t6)
core   0: 3 0x80003328 (0xe11faa83) x21 0x00000000 mem 0x8001532c
core   0: 0x8000332c (0x01665383) lhu     t2, 22(a2)
core   0: 3 0x8000332c (0x01665383) x 7 0x00000000 mem 0x800179d0
core   0: 0x80003330 (0x063601a3) sb      gp, 99(a2)
core   0: 3 0x80003330 (0x063601a3) mem 0x80017a1d 0x0
core   0: 0x80003334 (0xf1e60b23) sb      t5, -234(a2)
core   0: 3 0x80003334 (0xf1e60b23) mem 0x800178d0 0x0
core   0: 0x80003338 (0x519fcb03) lbu     s6, 1305(t6)
core   0: 3 0x80003338 (0x519fcb03) x22 0x00000000 mem 0x80015a34
core   0: 0x8000333c (0x0e364c83) lbu     s9, 227(a2)
core   0: 3 0x8000333c (0x0e364c83) x25 0x00000000 mem 0x80017a9d
core   0: 0x80003340 (0x156f8703) lb      a4, 342(t6)
core   0: 3 0x80003340 (0x156f8703) x14 0x00000000 mem 0x80015671
core   0: 0x80003344 (0x0cd61523) sh      a3, 202(a2)
core   0: 3 0x80003344 (0x0cd61523) mem 0x80017a84 0x547f
core   0: 0x80003348 (0x7cff82a3) sb      a5, 1989(t6)
core   0: 3 0x80003348 (0x7cff82a3) mem 0x80015ce0 0x0
core   0: 0x8000334c (0xe60f8e23) sb      zero, -388(t6)
core   0: 3 0x8000334c (0xe60f8e23) mem 0x80015397 0x0
core   0: 0x80003350 (0xffcf8f23) sb      t3, -2(t6)
core   0: 3 0x80003350 (0xffcf8f23) mem 0x80015519 0x60
core   0: 0x80003354 (0x09560c83) lb      s9, 149(a2)
core   0: 3 0x80003354 (0x09560c83) x25 0x00000000 mem 0x80017a4f
core   0: 0x80003358 (0x5dcf8ba3) sb      t3, 1495(t6)
core   0: 3 0x80003358 (0x5dcf8ba3) mem 0x80015af2 0x60
core   0: 0x8000335c (0xbc6f8823) sb      t1, -1072(t6)
core   0: 3 0x8000335c (0xbc6f8823) mem 0x800150eb 0x0
core   0: 0x80003360 (0x05e64083) lbu     ra, 94(a2)
core   0: 3 0x80003360 (0x05e64083) x 1 0x00000000 mem 0x80017a18
core   0: 0x80003364 (0xf3865c83) lhu     s9, -200(a2)
core   0: 3 0x80003364 (0xf3865c83) x25 0x00000000 mem 0x800178f2
core   0: 0x80003368 (0x515fa183) lw      gp, 1301(t6)
core   0: 3 0x80003368 (0x515fa183) x 3 0x00000000 mem 0x80015a30
core   0: 0x8000336c (0x0001ac17) auipc   s8, 0x1a
core   0: 3 0x8000336c (0x0001ac17) x24 0x8001d36c
core   0: 0x80003370 (0x175c0c13) addi    s8, s8, 373
core   0: 3 0x80003370 (0x175c0c13) x24 0x8001d4e1
core   0: 0x80003374 (0x017854b3) srl     s1, a6, s7
core   0: 3 0x80003374 (0x017854b3) x 9 0x00000000
core   0: 0x80003378 (0x40acd913) srai    s2, s9, 10
core   0: 3 0x80003378 (0x40acd913) x18 0x00000000
core   0: 0x8000337c (0x017adc93) srli    s9, s5, 23
core   0: 3 0x8000337c (0x017adc93) x25 0x00000000
core   0: 0x80003380 (0x2acb9f17) auipc   t5, 0x2acb9
core   0: 3 0x80003380 (0x2acb9f17) x30 0xaacbc380
core   0: 0x80003384 (0xfaac4e03) lbu     t3, -86(s8)
core   0: 3 0x80003384 (0xfaac4e03) x28 0x00000000 mem 0x8001d48b
core   0: 0x80003388 (0x0079d413) srli    s0, s3, 7
core   0: 3 0x80003388 (0x0079d413) x 8 0x010002a1
core   0: 0x8000338c (0xce65b913) sltiu   s2, a1, -794
core   0: 3 0x8000338c (0xce65b913) x18 0x00000001
core   0: 0x80003390 (0xb0b48893) addi    a7, s1, -1269
core   0: 3 0x80003390 (0xb0b48893) x17 0xfffffb0b
core   0: 0x80003394 (0xf07c5883) lhu     a7, -249(s8)
core   0: 3 0x80003394 (0xf07c5883) x17 0x00000000 mem 0x8001d3e8
core   0: 0x80003398 (0x00bc1f83) lh      t6, 11(s8)
core   0: 3 0x80003398 (0x00bc1f83) x31 0x00000000 mem 0x8001d4ec
core   0: 0x8000339c (0x010f5f33) srl     t5, t5, a6
core   0: 3 0x8000339c (0x010f5f33) x30 0xaacbc380
core   0: 0x800033a0 (0xf74c0623) sb      s4, -148(s8)
core   0: 3 0x800033a0 (0xf74c0623) mem 0x8001d44d 0x9b
core   0: 0x800033a4 (0x100c4c83) lbu     s9, 256(s8)
core   0: 3 0x800033a4 (0x100c4c83) x25 0x00000000 mem 0x8001d5e1
core   0: 0x800033a8 (0x0181d793) srli    a5, gp, 24
core   0: 3 0x800033a8 (0x0181d793) x15 0x00000000
core   0: 0x800033ac (0x054c4983) lbu     s3, 84(s8)
core   0: 3 0x800033ac (0x054c4983) x19 0x00000000 mem 0x8001d535
core   0: 0x800033b0 (0x0efc03a3) sb      a5, 231(s8)
core   0: 3 0x800033b0 (0x0efc03a3) mem 0x8001d5c8 0x0
core   0: 0x800033b4 (0x6425b213) sltiu   tp, a1, 1602
core   0: 3 0x800033b4 (0x6425b213) x 4 0x00000000
core   0: 0x800033b8 (0x096c0123) sb      s6, 130(s8)
core   0: 3 0x800033b8 (0x096c0123) mem 0x8001d563 0x0
core   0: 0x800033bc (0x069c5683) lhu     a3, 105(s8)
core   0: 3 0x800033bc (0x069c5683) x13 0x00000000 mem 0x8001d54a
core   0: 0x800033c0 (0x037c0c23) sb      s7, 56(s8)
core   0: 3 0x800033c0 (0x037c0c23) mem 0x8001d519 0xb3
core   0: 0x800033c4 (0xf6fc0c83) lb      s9, -145(s8)
core   0: 3 0x800033c4 (0xf6fc0c83) x25 0x00000000 mem 0x8001d450
core   0: 0x800033c8 (0x0001b997) auipc   s3, 0x1b
core   0: 3 0x800033c8 (0x0001b997) x19 0x8001e3c8
core   0: 0x800033cc (0xee498993) addi    s3, s3, -284
core   0: 3 0x800033cc (0xee498993) x19 0x8001e2ac
core   0: 0x800033d0 (0x00012917) auipc   s2, 0x12
core   0: 3 0x800033d0 (0x00012917) x18 0x800153d0
core   0: 0x800033d4 (0x4a090913) addi    s2, s2, 1184
core   0: 3 0x800033d4 (0x4a090913) x18 0x80015870
core   0: 0x800033d8 (0xc6d9cc03) lbu     s8, -915(s3)
core   0: 3 0x800033d8 (0xc6d9cc03) x24 0x00000000 mem 0x8001df19
core   0: 0x800033dc (0xf7e98ea3) sb      t5, -131(s3)
core   0: 3 0x800033dc (0xf7e98ea3) mem 0x8001e229 0x80
core   0: 0x800033e0 (0xb6a989a3) sb      a0, -1165(s3)
core   0: 3 0x800033e0 (0xb6a989a3) mem 0x8001de1f 0xe4
core   0: 0x800033e4 (0x00e901a3) sb      a4, 3(s2)
core   0: 3 0x800033e4 (0x00e901a3) mem 0x80015873 0x0
core   0: 0x800033e8 (0x40099583) lh      a1, 1024(s3)
core   0: 3 0x800033e8 (0x40099583) x11 0x00000000 mem 0x8001e6ac
core   0: 0x800033ec (0xff790d03) lb      s10, -9(s2)
core   0: 3 0x800033ec (0xff790d03) x26 0x00000000 mem 0x80015867
core   0: 0x800033f0 (0x80b98c83) lb      s9, -2037(s3)
core   0: 3 0x800033f0 (0x80b98c83) x25 0x00000000 mem 0x8001dab7
core   0: 0x800033f4 (0x003904a3) sb      gp, 9(s2)
core   0: 3 0x800033f4 (0x003904a3) mem 0x80015879 0x0
core   0: 0x800033f8 (0x00691003) lh      zero, 6(s2)
core   0: 3 0x800033f8 (0x00691003) mem 0x80015876
core   0: 0x800033fc (0xff794d83) lbu     s11, -9(s2)
core   0: 3 0x800033fc (0xff794d83) x27 0x00000000 mem 0x80015867
core   0: 0x80003400 (0xff892003) lw      zero, -8(s2)
core   0: 3 0x80003400 (0xff892003) mem 0x80015868
core   0: 0x80003404 (0x00021c97) auipc   s9, 0x21
core   0: 3 0x80003404 (0x00021c97) x25 0x80024404
core   0: 0x80003408 (0xc72c8c93) addi    s9, s9, -910
core   0: 3 0x80003408 (0xc72c8c93) x25 0x80024076
core   0: 0x8000340c (0x0001e897) auipc   a7, 0x1e
core   0: 3 0x8000340c (0x0001e897) x17 0x8002140c
core   0: 0x80003410 (0xe6088893) addi    a7, a7, -416
core   0: 3 0x80003410 (0xe6088893) x17 0x8002126c
core   0: 0x80003414 (0xff588003) lb      zero, -11(a7)
core   0: 3 0x80003414 (0xff588003) mem 0x80021261
core   0: 0x80003418 (0x0001d597) auipc   a1, 0x1d
core   0: 3 0x80003418 (0x0001d597) x11 0x80020418
core   0: 0x8000341c (0x72b58593) addi    a1, a1, 1835
core   0: 3 0x8000341c (0x72b58593) x11 0x80020b43
core   0: 0x80003420 (0xff188f83) lb      t6, -15(a7)
core   0: 3 0x80003420 (0xff188f83) x31 0x00000000 mem 0x8002125d
core   0: 0x80003424 (0x7fa58f83) lb      t6, 2042(a1)
core   0: 3 0x80003424 (0x7fa58f83) x31 0x00000000 mem 0x8002133d
core   0: 0x80003428 (0x0c7cc603) lbu     a2, 199(s9)
core   0: 3 0x80003428 (0x0c7cc603) x12 0x00000000 mem 0x8002413d
core   0: 0x8000342c (0xff18cf03) lbu     t5, -15(a7)
core   0: 3 0x8000342c (0xff18cf03) x30 0x00000000 mem 0x8002125d
core   0: 0x80003430 (0x5b05c083) lbu     ra, 1456(a1)
core   0: 3 0x80003430 (0x5b05c083) x 1 0x00000000 mem 0x800210f3
core   0: 0x80003434 (0xff18c903) lbu     s2, -15(a7)
core   0: 3 0x80003434 (0xff18c903) x18 0x00000000 mem 0x8002125d
core   0: 0x80003438 (0x5ebcc183) lbu     gp, 1515(s9)
core   0: 3 0x80003438 (0x5ebcc183) x 3 0x00000000 mem 0x80024661
core   0: 0x8000343c (0x061ca523) sw      ra, 106(s9)
core   0: 3 0x8000343c (0x061ca523) mem 0x800240e0 0x00000000
core   0: 0x80003440 (0xcf0cad23) sw      a6, -774(s9)
core   0: 3 0x80003440 (0xcf0cad23) mem 0x80023d70 0x00000000
core   0: 0x80003444 (0xf0658623) sb      t1, -244(a1)
core   0: 3 0x80003444 (0xf0658623) mem 0x80020a4f 0x0
core   0: 0x80003448 (0x42ec8aa3) sb      a4, 1077(s9)
core   0: 3 0x80003448 (0x42ec8aa3) mem 0x800244ab 0x0
core   0: 0x8000344c (0x00b88b03) lb      s6, 11(a7)
core   0: 3 0x8000344c (0x00b88b03) x22 0x00000000 mem 0x80021277
core   0: 0x80003450 (0x949c8183) lb      gp, -1719(s9)
core   0: 3 0x80003450 (0x949c8183) x 3 0x00000000 mem 0x800239bf
core   0: 0x80003454 (0x00288823) sb      sp, 16(a7)
core   0: 3 0x80003454 (0x00288823) mem 0x8002127c 0x64
core   0: 0x80003458 (0x85acc303) lbu     t1, -1958(s9)
core   0: 3 0x80003458 (0x85acc303) x 6 0x00000000 mem 0x800238d0
core   0: 0x8000345c (0xffe8c003) lbu     zero, -2(a7)
core   0: 3 0x8000345c (0xffe8c003) mem 0x8002126a
core   0: 0x80003460 (0x4f5583a3) sb      s5, 1255(a1)
core   0: 3 0x80003460 (0x4f5583a3) mem 0x8002102a 0x0
core   0: 0x80003464 (0xfe05cf03) lbu     t5, -32(a1)
core   0: 3 0x80003464 (0xfe05cf03) x30 0x00000000 mem 0x80020b23
core   0: 0x80003468 (0x00889623) sh      s0, 12(a7)
core   0: 3 0x80003468 (0x00889623) mem 0x80021278 0x02a1
core   0: 0x8000346c (0xbdc58c23) sb      t3, -1064(a1)
core   0: 3 0x8000346c (0xbdc58c23) mem 0x8002071b 0x0
core   0: 0x80003470 (0x00e882a3) sb      a4, 5(a7)
core   0: 3 0x80003470 (0x00e882a3) mem 0x80021271 0x0
core   0: 0x80003474 (0xff38c903) lbu     s2, -13(a7)
core   0: 3 0x80003474 (0xff38c903) x18 0x00000000 mem 0x8002125f
core   0: 0x80003478 (0x28f5cc03) lbu     s8, 655(a1)
core   0: 3 0x80003478 (0x28f5cc03) x24 0x00000000 mem 0x80020dd2
core   0: 0x8000347c (0xe2cc80a3) sb      a2, -479(s9)
core   0: 3 0x8000347c (0xe2cc80a3) mem 0x80023e97 0x0
core   0: 0x80003480 (0x00012a97) auipc   s5, 0x12
core   0: 3 0x80003480 (0x00012a97) x21 0x80015480
core   0: 0x80003484 (0x4b9a8a93) addi    s5, s5, 1209
core   0: 3 0x80003484 (0x4b9a8a93) x21 0x80015939
core   0: 0x80003488 (0xf68a8183) lb      gp, -152(s5)
core   0: 3 0x80003488 (0xf68a8183) x 3 0x00000000 mem 0x800158a1
core   0: 0x8000348c (0xf2cacc03) lbu     s8, -212(s5)
core   0: 3 0x8000348c (0xf2cacc03) x24 0x00000000 mem 0x80015865
core   0: 0x80003490 (0x019a4333) xor     t1, s4, s9
core   0: 3 0x80003490 (0x019a4333) x 6 0x000318ed
core   0: 0x80003494 (0xb893a993) slti    s3, t2, -1143
core   0: 3 0x80003494 (0xb893a993) x19 0x00000000
core   0: 0x80003498 (0xf3eaa1a3) sw      t5, -221(s5)
core   0: 3 0x80003498 (0xf3eaa1a3) mem 0x8001585c 0x00000000
core   0: 0x8000349c (0xfbcac903) lbu     s2, -68(s5)
core   0: 3 0x8000349c (0xfbcac903) x18 0x00000000 mem 0x800158f5
core   0: 0x800034a0 (0xfbcac783) lbu     a5, -68(s5)
core   0: 3 0x800034a0 (0xfbcac783) x15 0x00000000 mem 0x800158f5
core   0: 0x800034a4 (0x089ad603) lhu     a2, 137(s5)
core   0: 3 0x800034a4 (0x089ad603) x12 0x00000000 mem 0x800159c2
core   0: 0x800034a8 (0xf79a8aa3) sb      s9, -139(s5)
core   0: 3 0x800034a8 (0xf79a8aa3) mem 0x800158ae 0x76
core   0: 0x800034ac (0xf75ad203) lhu     tp, -139(s5)
core   0: 3 0x800034ac (0xf75ad203) x 4 0x00000076 mem 0x800158ae
core   0: 0x800034b0 (0x005974b3) and     s1, s2, t0
core   0: 3 0x800034b0 (0x005974b3) x 9 0x00000000
core   0: 0x800034b4 (0xf75a8a03) lb      s4, -139(s5)
core   0: 3 0x800034b4 (0xf75a8a03) x20 0x00000076 mem 0x800158ae
core   0: 0x800034b8 (0x00000013) nop
core   0: 3 0x800034b8 (0x00000013)
core   0: 0x800034bc (0xf75a8a03) lb      s4, -139(s5)
core   0: 3 0x800034bc (0xf75a8a03) x20 0x00000076 mem 0x800158ae
core   0: 0x800034c0 (0x00000013) nop
core   0: 3 0x800034c0 (0x00000013)
core   0: 0x800034c4 (0x00e41e93) slli    t4, s0, 14
core   0: 3 0x800034c4 (0x00e41e93) x29 0x00a84000
core   0: 0x800034c8 (0x01b44433) xor     s0, s0, s11
core   0: 3 0x800034c8 (0x01b44433) x 8 0x010002a1
core   0: 0x800034cc (0xf75ac003) lbu     zero, -139(s5)
core   0: 3 0x800034cc (0xf75ac003) mem 0x800158ae
core   0: 0x800034d0 (0x00012c17) auipc   s8, 0x12
core   0: 3 0x800034d0 (0x00012c17) x24 0x800154d0
core   0: 0x800034d4 (0x0d6c0c13) addi    s8, s8, 214
core   0: 3 0x800034d4 (0x0d6c0c13) x24 0x800155a6
core   0: 0x800034d8 (0x3e6c08a3) sb      t1, 1009(s8)
core   0: 3 0x800034d8 (0x3e6c08a3) mem 0x80015997 0xed
core   0: 0x800034dc (0x3e4c08a3) sb      tp, 1009(s8)
core   0: 3 0x800034dc (0x3e4c08a3) mem 0x80015997 0x76
core   0: 0x800034e0 (0x747c16b7) lui     a3, 0x747c1
core   0: 3 0x800034e0 (0x747c16b7) x13 0x747c1000
core   0: 0x800034e4 (0x3f1c0f83) lb      t6, 1009(s8)
core   0: 3 0x800034e4 (0x3f1c0f83) x31 0x00000076 mem 0x80015997
core   0: 0x800034e8 (0x415255b3) sra     a1, tp, s5
core   0: 3 0x800034e8 (0x415255b3) x11 0x00000000
core   0: 0x800034ec (0x3e7c08a3) sb      t2, 1009(s8)
core   0: 3 0x800034ec (0x3e7c08a3) mem 0x80015997 0x0
core   0: 0x800034f0 (0xe0118b17) auipc   s6, 0xe0118
core   0: 3 0x800034f0 (0xe0118b17) x22 0x6011b4f0
core   0: 0x800034f4 (0x3f1c4383) lbu     t2, 1009(s8)
core   0: 3 0x800034f4 (0x3f1c4383) x 7 0x00000000 mem 0x80015997
core   0: 0x800034f8 (0xf30c1d83) lh      s11, -208(s8)
core   0: 3 0x800034f8 (0xf30c1d83) x27 0x00000000 mem 0x800154d6
core   0: 0x800034fc (0x0000100f) fence.i
core   0: 3 0x800034fc (0x0000100f)
core   0: 0x80003500 (0x0ff0000f) fence   iorw,iorw
core   0: 3 0x80003500 (0x0ff0000f)
core   0: 0x80003504 (0xf3ec1823) sh      t5, -208(s8)
core   0: 3 0x80003504 (0xf3ec1823) mem 0x800154d6 0x0000
core   0: 0x80003508 (0xf30c5a83) lhu     s5, -208(s8)
core   0: 3 0x80003508 (0xf30c5a83) x21 0x00000000 mem 0x800154d6
core   0: 0x8000350c (0xf24c0823) sb      tp, -208(s8)
core   0: 3 0x8000350c (0xf24c0823) mem 0x800154d6 0x76
core   0: 0x80003510 (0xf2ac1823) sh      a0, -208(s8)
core   0: 3 0x80003510 (0xf2ac1823) mem 0x800154d6 0xece4
core   0: 0x80003514 (0xf30c5f83) lhu     t6, -208(s8)
core   0: 3 0x80003514 (0xf30c5f83) x31 0x0000ece4 mem 0x800154d6
core   0: 0x80003518 (0xf30c1303) lh      t1, -208(s8)
core   0: 3 0x80003518 (0xf30c1303) x 6 0xffffece4 mem 0x800154d6
core   0: 0x8000351c (0x4083dc93) srai    s9, t2, 8
core   0: 3 0x8000351c (0x4083dc93) x25 0x00000000
core   0: 0x80003520 (0xf2ac0823) sb      a0, -208(s8)
core   0: 3 0x80003520 (0xf2ac0823) mem 0x800154d6 0xe4
core   0: 0x80003524 (0x006a5b13) srli    s6, s4, 6
core   0: 3 0x80003524 (0x006a5b13) x22 0x00000001
core   0: 0x80003528 (0xf23c0823) sb      gp, -208(s8)
core   0: 3 0x80003528 (0xf23c0823) mem 0x800154d6 0x0
core   0: 0x8000352c (0x00012b17) auipc   s6, 0x12
core   0: 3 0x8000352c (0x00012b17) x22 0x8001552c
core   0: 0x80003530 (0x699b0b13) addi    s6, s6, 1689
core   0: 3 0x80003530 (0x699b0b13) x22 0x80015bc5
core   0: 0x80003534 (0xfd8b0da3) sb      s8, -37(s6)
core   0: 3 0x80003534 (0xfd8b0da3) mem 0x80015ba0 0xa6
core   0: 0x80003538 (0x30982793) slti    a5, a6, 777
core   0: 3 0x80003538 (0x30982793) x15 0x00000001
core   0: 0x8000353c (0x082b12a3) sh      sp, 133(s6)
core   0: 3 0x8000353c (0x082b12a3) mem 0x80015c4a 0xae64
core   0: 0x80003540 (0x0afb1a03) lh      s4, 175(s6)
core   0: 3 0x80003540 (0x0afb1a03) x20 0x00000000 mem 0x80015c74
core   0: 0x80003544 (0x45167713) andi    a4, a2, 1105
core   0: 3 0x80003544 (0x45167713) x14 0x00000000
core   0: 0x80003548 (0xfe8b4703) lbu     a4, -24(s6)
core   0: 3 0x80003548 (0xfe8b4703) x14 0x00000000 mem 0x80015bad
core   0: 0x8000354c (0x012eec33) or      s8, t4, s2
core   0: 3 0x8000354c (0x012eec33) x24 0x00a84000
core   0: 0x80003550 (0x0acb4a03) lbu     s4, 172(s6)
core   0: 3 0x80003550 (0x0acb4a03) x20 0x00000000 mem 0x80015c71
core   0: 0x80003554 (0x0ff0000f) fence   iorw,iorw
core   0: 3 0x80003554 (0x0ff0000f)
core   0: 0x80003558 (0xfd5b1983) lh      s3, -43(s6)
core   0: 3 0x80003558 (0xfd5b1983) x19 0x00000000 mem 0x80015b9a
core   0: 0x8000355c (0x01d269b3) or      s3, tp, t4
core   0: 3 0x8000355c (0x01d269b3) x19 0x00a84076
core   0: 0x80003560 (0xf79b0783) lb      a5, -135(s6)
core   0: 3 0x80003560 (0xf79b0783) x15 0x00000000 mem 0x80015b3e
core   0: 0x80003564 (0xfeab1aa3) sh      a0, -11(s6)
core   0: 3 0x80003564 (0xfeab1aa3) mem 0x80015bba 0xece4
core   0: 0x80003568 (0x01ab0803) lb      a6, 26(s6)
core   0: 3 0x80003568 (0x01ab0803) x16 0x00000000 mem 0x80015bdf
core   0: 0x8000356c (0xaf71cd13) xori    s10, gp, -1289
core   0: 3 0x8000356c (0xaf71cd13) x26 0xfffffaf7
core   0: 0x80003570 (0x4050d7b3) sra     a5, ra, t0
core   0: 3 0x80003570 (0x4050d7b3) x15 0x00000000
core   0: 0x80003574 (0x6d837613) andi    a2, t1, 1752
core   0: 3 0x80003574 (0x6d837613) x12 0x000004c0
core   0: 0x80003578 (0x059b0b23) sb      s9, 86(s6)
core   0: 3 0x80003578 (0x059b0b23) mem 0x80015c1b 0x0
core   0: 0x8000357c (0x415ddcb3) sra     s9, s11, s5
core   0: 3 0x8000357c (0x415ddcb3) x25 0x00000000
core   0: 0x80003580 (0xf72b4403) lbu     s0, -142(s6)
core   0: 3 0x80003580 (0xf72b4403) x 8 0x00000000 mem 0x80015b37
core   0: 0x80003584 (0x01a17db3) and     s11, sp, s10
core   0: 3 0x80003584 (0x01a17db3) x27 0x8002aa64
core   0: 0x80003588 (0x0129dd13) srli    s10, s3, 18
core   0: 3 0x80003588 (0x0129dd13) x26 0x0000002a
core   0: 0x8000358c (0x00705013) srli    zero, zero, 7
core   0: 3 0x8000358c (0x00705013)
core   0: 0x80003590 (0x8a40cc93) xori    s9, ra, -1884
core   0: 3 0x80003590 (0x8a40cc93) x25 0xfffff8a4
core   0: 0x80003594 (0x00e216b3) sll     a3, tp, a4
core   0: 3 0x80003594 (0x00e216b3) x13 0x00000076
core   0: 0x80003598 (0x007f53b3) srl     t2, t5, t2
core   0: 3 0x80003598 (0x007f53b3) x 7 0x00000000
core   0: 0x8000359c (0x00191d13) slli    s10, s2, 1
core   0: 3 0x8000359c (0x00191d13) x26 0x00000000
core   0: 0x800035a0 (0x00f7d3b3) srl     t2, a5, a5
core   0: 3 0x800035a0 (0x00f7d3b3) x 7 0x00000000
core   0: 0x800035a4 (0x0a0b0c23) sb      zero, 184(s6)
core   0: 3 0x800035a4 (0x0a0b0c23) mem 0x80015c7d 0x0
core   0: 0x800035a8 (0xf0fb1203) lh      tp, -241(s6)
core   0: 3 0x800035a8 (0xf0fb1203) x 4 0x00000000 mem 0x80015ad4
core   0: 0x800035ac (0x417b8d33) sub     s10, s7, s7
core   0: 3 0x800035ac (0x417b8d33) x26 0x00000000
core   0: 0x800035b0 (0x01411833) sll     a6, sp, s4
core   0: 3 0x800035b0 (0x01411833) x16 0x8002ae64
core   0: 0x800035b4 (0x9a0a4e93) xori    t4, s4, -1632
core   0: 3 0x800035b4 (0x9a0a4e93) x29 0xfffff9a0
core   0: 0x800035b8 (0x1b22a913) slti    s2, t0, 434
core   0: 3 0x800035b8 (0x1b22a913) x18 0x00000001
core   0: 0x800035bc (0xf58b4a83) lbu     s5, -168(s6)
core   0: 3 0x800035bc (0xf58b4a83) x21 0x00000000 mem 0x80015b1d
core   0: 0x800035c0 (0x14473d13) sltiu   s10, a4, 324
core   0: 3 0x800035c0 (0x14473d13) x26 0x00000001
core   0: 0x800035c4 (0x41ef81b3) sub     gp, t6, t5
core   0: 3 0x800035c4 (0x41ef81b3) x 3 0x0000ece4
core   0: 0x800035c8 (0x08bbf013) andi    zero, s7, 139
core   0: 3 0x800035c8 (0x08bbf013)
core   0: 0x800035cc (0x0c2b0303) lb      t1, 194(s6)
core   0: 3 0x800035cc (0x0c2b0303) x 6 0x00000000 mem 0x80015c87
core   0: 0x800035d0 (0x00012c17) auipc   s8, 0x12
core   0: 3 0x800035d0 (0x00012c17) x24 0x800155d0
core   0: 0x800035d4 (0x316c0c13) addi    s8, s8, 790
core   0: 3 0x800035d4 (0x316c0c13) x24 0x800158e6
core   0: 0x800035d8 (0x01ac4d83) lbu     s11, 26(s8)
core   0: 3 0x800035d8 (0x01ac4d83) x27 0x00000000 mem 0x80015900
core   0: 0x800035dc (0x00021817) auipc   a6, 0x21
core   0: 3 0x800035dc (0x00021817) x16 0x800245dc
core   0: 0x800035e0 (0x11d80813) addi    a6, a6, 285
core   0: 3 0x800035e0 (0x11d80813) x16 0x800246f9
core   0: 0x800035e4 (0x007c4f83) lbu     t6, 7(s8)
core   0: 3 0x800035e4 (0x007c4f83) x31 0x00000000 mem 0x800158ed
core   0: 0x800035e8 (0xffec1e23) sh      t5, -4(s8)
core   0: 3 0x800035e8 (0xffec1e23) mem 0x800158e2 0x0000
core   0: 0x800035ec (0xf22c0a23) sb      sp, -204(s8)
core   0: 3 0x800035ec (0xf22c0a23) mem 0x8001581a 0x64
core   0: 0x800035f0 (0xfe684583) lbu     a1, -26(a6)
core   0: 3 0x800035f0 (0xfe684583) x11 0x00000000 mem 0x800246df
core   0: 0x800035f4 (0xfc181d03) lh      s10, -63(a6)
core   0: 3 0x800035f4 (0xfc181d03) x26 0x00000000 mem 0x800246ba
core   0: 0x800035f8 (0x01b804a3) sb      s11, 9(a6)
core   0: 3 0x800035f8 (0x01b804a3) mem 0x80024702 0x0
core   0: 0x800035fc (0xf09c1123) sh      s1, -254(s8)
core   0: 3 0x800035fc (0xf09c1123) mem 0x800157e8 0x0000
core   0: 0x80003600 (0xfc984a83) lbu     s5, -55(a6)
core   0: 3 0x80003600 (0xfc984a83) x21 0x00000000 mem 0x800246c2
core   0: 0x80003604 (0x03e84283) lbu     t0, 62(a6)
core   0: 3 0x80003604 (0x03e84283) x 5 0x00000000 mem 0x80024737
core   0: 0x80003608 (0x00012717) auipc   a4, 0x12
core   0: 3 0x80003608 (0x00012717) x14 0x80015608
core   0: 0x8000360c (0x74170713) addi    a4, a4, 1857
core   0: 3 0x8000360c (0x74170713) x14 0x80015d49
core   0: 0x80003610 (0x00f75b03) lhu     s6, 15(a4)
core   0: 3 0x80003610 (0x00f75b03) x22 0x00000000 mem 0x80015d58
core   0: 0x80003614 (0x005707a3) sb      t0, 15(a4)
core   0: 3 0x80003614 (0x005707a3) mem 0x80015d58 0x0
core   0: 0x80003618 (0x00f70383) lb      t2, 15(a4)
core   0: 3 0x80003618 (0x00f70383) x 7 0x00000000 mem 0x80015d58
core   0: 0x8000361c (0x00f75003) lhu     zero, 15(a4)
core   0: 3 0x8000361c (0x00f75003) mem 0x80015d58
core   0: 0x80003620 (0x00d717a3) sh      a3, 15(a4)
core   0: 3 0x80003620 (0x00d717a3) mem 0x80015d58 0x0076
core   0: 0x80003624 (0x00070003) lb      zero, 0(a4)
core   0: 3 0x80003624 (0x00070003) mem 0x80015d49
core   0: 0x80003628 (0x01bf9993) slli    s3, t6, 27
core   0: 3 0x80003628 (0x01bf9993) x19 0x00000000
core   0: 0x8000362c (0x00670023) sb      t1, 0(a4)
core   0: 3 0x8000362c (0x00670023) mem 0x80015d49 0x0
core   0: 0x80003630 (0x00074a83) lbu     s5, 0(a4)
core   0: 3 0x80003630 (0x00074a83) x21 0x00000000 mem 0x80015d49
core   0: 0x80003634 (0xff170a83) lb      s5, -15(a4)
core   0: 3 0x80003634 (0xff170a83) x21 0x00000000 mem 0x80015d3a
core   0: 0x80003638 (0xff170b03) lb      s6, -15(a4)
core   0: 3 0x80003638 (0xff170b03) x22 0x00000000 mem 0x80015d3a
core   0: 0x8000363c (0xff171183) lh      gp, -15(a4)
core   0: 3 0x8000363c (0xff171183) x 3 0x00000000 mem 0x80015d3a
core   0: 0x80003640 (0xff175983) lhu     s3, -15(a4)
core   0: 3 0x80003640 (0xff175983) x19 0x00000000 mem 0x80015d3a
core   0: 0x80003644 (0xff174f03) lbu     t5, -15(a4)
core   0: 3 0x80003644 (0xff174f03) x30 0x00000000 mem 0x80015d3a
core   0: 0x80003648 (0xe2660c93) addi    s9, a2, -474
core   0: 3 0x80003648 (0xe2660c93) x25 0x000002e6
core   0: 0x8000364c (0xfef708a3) sb      a5, -15(a4)
core   0: 3 0x8000364c (0xfef708a3) mem 0x80015d3a 0x0
core   0: 0x80003650 (0xff370603) lb      a2, -13(a4)
core   0: 3 0x80003650 (0xff370603) x12 0x00000000 mem 0x80015d3c
core   0: 0x80003654 (0xff375f83) lhu     t6, -13(a4)
core   0: 3 0x80003654 (0xff375f83) x31 0x00000000 mem 0x80015d3c
core   0: 0x80003658 (0xff375203) lhu     tp, -13(a4)
core   0: 3 0x80003658 (0xff375203) x 4 0x00000000 mem 0x80015d3c
core   0: 0x8000365c (0x00012997) auipc   s3, 0x12
core   0: 3 0x8000365c (0x00012997) x19 0x8001565c
core   0: 0x80003660 (0xf2598993) addi    s3, s3, -219
core   0: 3 0x80003660 (0xf2598993) x19 0x80015581
core   0: 0x80003664 (0xfd79c783) lbu     a5, -41(s3)
core   0: 3 0x80003664 (0xfd79c783) x15 0x00000000 mem 0x80015558
core   0: 0x80003668 (0xff098f23) sb      a6, -2(s3)
core   0: 3 0x80003668 (0xff098f23) mem 0x8001557f 0xf9
core   0: 0x8000366c (0x7d9f4f93) xori    t6, t5, 2009
core   0: 3 0x8000366c (0x7d9f4f93) x31 0x000007d9
core   0: 0x80003670 (0xffe9c403) lbu     s0, -2(s3)
core   0: 3 0x80003670 (0xffe9c403) x 8 0x000000f9 mem 0x8001557f
core   0: 0x80003674 (0xff198f23) sb      a7, -2(s3)
core   0: 3 0x80003674 (0xff198f23) mem 0x8001557f 0x6c
core   0: 0x80003678 (0x018b6a33) or      s4, s6, s8
core   0: 3 0x80003678 (0x018b6a33) x20 0x800158e6
core   0: 0x8000367c (0xfdd98a83) lb      s5, -35(s3)
core   0: 3 0x8000367c (0xfdd98a83) x21 0x00000000 mem 0x8001555e
core   0: 0x80003680 (0xfdd98683) lb      a3, -35(s3)
core   0: 3 0x80003680 (0xfdd98683) x13 0x00000000 mem 0x8001555e
core   0: 0x80003684 (0xfdd9cc03) lbu     s8, -35(s3)
core   0: 3 0x80003684 (0xfdd9cc03) x24 0x00000000 mem 0x8001555e
core   0: 0x80003688 (0xfc198523) sb      ra, -54(s3)
core   0: 3 0x80003688 (0xfc198523) mem 0x8001554b 0x0
core   0: 0x8000368c (0x4036d393) srai    t2, a3, 3
core   0: 3 0x8000368c (0x4036d393) x 7 0x00000000
core   0: 0x80003690 (0xfca9c903) lbu     s2, -54(s3)
core   0: 3 0x80003690 (0xfca9c903) x18 0x00000000 mem 0x8001554b
core   0: 0x80003694 (0xfca98d03) lb      s10, -54(s3)
core   0: 3 0x80003694 (0xfca98d03) x26 0x00000000 mem 0x8001554b
core   0: 0x80003698 (0x03698aa3) sb      s6, 53(s3)
core   0: 3 0x80003698 (0x03698aa3) mem 0x800155b6 0x0
core   0: 0x8000369c (0x0001a217) auipc   tp, 0x1a
core   0: 3 0x8000369c (0x0001a217) x 4 0x8001d69c
core   0: 0x800036a0 (0xab920213) addi    tp, tp, -1351
core   0: 3 0x800036a0 (0xab920213) x 4 0x8001d155
core   0: 0x800036a4 (0x00012397) auipc   t2, 0x12
core   0: 3 0x800036a4 (0x00012397) x 7 0x800156a4
core   0: 0x800036a8 (0xd1738393) addi    t2, t2, -745
core   0: 3 0x800036a8 (0xd1738393) x 7 0x800153bb
core   0: 0x800036ac (0x01720403) lb      s0, 23(tp)
core   0: 3 0x800036ac (0x01720403) x 8 0x00000000 mem 0x8001d16c
core   0: 0x800036b0 (0x03320723) sb      s3, 46(tp)
core   0: 3 0x800036b0 (0x03320723) mem 0x8001d183 0x81
core   0: 0x800036b4 (0xfe921003) lh      zero, -23(tp)
core   0: 3 0x800036b4 (0xfe921003) mem 0x8001d13e
core   0: 0x800036b8 (0x03538823) sb      s5, 48(t2)
core   0: 3 0x800036b8 (0x03538823) mem 0x800153eb 0x0
core   0: 0x800036bc (0xffa3c583) lbu     a1, -6(t2)
core   0: 3 0x800036bc (0xffa3c583) x11 0x00000000 mem 0x800153b5
core   0: 0x800036c0 (0xff620f03) lb      t5, -10(tp)
core   0: 3 0x800036c0 (0xff620f03) x30 0x00000000 mem 0x8001d14b
core   0: 0x800036c4 (0x02124583) lbu     a1, 33(tp)
core   0: 3 0x800036c4 (0x02124583) x11 0x00000000 mem 0x8001d176
core   0: 0x800036c8 (0xfc824f03) lbu     t5, -56(tp)
core   0: 3 0x800036c8 (0xfc824f03) x30 0x00000000 mem 0x8001d11d
core   0: 0x800036cc (0xfda3c183) lbu     gp, -38(t2)
core   0: 3 0x800036cc (0xfda3c183) x 3 0x00000000 mem 0x80015395
core   0: 0x800036d0 (0x03125003) lhu     zero, 49(tp)
core   0: 3 0x800036d0 (0x03125003) mem 0x8001d186
core   0: 0x800036d4 (0x0093d683) lhu     a3, 9(t2)
core   0: 3 0x800036d4 (0x0093d683) x13 0x00000000 mem 0x800153c4
core   0: 0x800036d8 (0x03d24a83) lbu     s5, 61(tp)
core   0: 3 0x800036d8 (0x03d24a83) x21 0x00000000 mem 0x8001d192
core   0: 0x800036dc (0x00620da3) sb      t1, 27(tp)
core   0: 3 0x800036dc (0x00620da3) mem 0x8001d170 0x0
core   0: 0x800036e0 (0xfef22c83) lw      s9, -17(tp)
core   0: 3 0x800036e0 (0xfef22c83) x25 0x00000000 mem 0x8001d144
core   0: 0x800036e4 (0xfef38523) sb      a5, -22(t2)
core   0: 3 0x800036e4 (0xfef38523) mem 0x800153a5 0x0
core   0: 0x800036e8 (0x00021b17) auipc   s6, 0x21
core   0: 3 0x800036e8 (0x00021b17) x22 0x800246e8
core   0: 0x800036ec (0x55fb0b13) addi    s6, s6, 1375
core   0: 3 0x800036ec (0x55fb0b13) x22 0x80024c47
core   0: 0x800036f0 (0xfedb0023) sb      a3, -32(s6)
core   0: 3 0x800036f0 (0xfedb0023) mem 0x80024c27 0x0
core   0: 0x800036f4 (0xfe0b0183) lb      gp, -32(s6)
core   0: 3 0x800036f4 (0xfe0b0183) x 3 0x00000000 mem 0x80024c27
core   0: 0x800036f8 (0xfe0b4403) lbu     s0, -32(s6)
core   0: 3 0x800036f8 (0xfe0b4403) x 8 0x00000000 mem 0x80024c27
core   0: 0x800036fc (0xfe3b0023) sb      gp, -32(s6)
core   0: 3 0x800036fc (0xfe3b0023) mem 0x80024c27 0x0
core   0: 0x80003700 (0x01f4c433) xor     s0, s1, t6
core   0: 3 0x80003700 (0x01f4c433) x 8 0x000007d9
core   0: 0x80003704 (0xfeab0023) sb      a0, -32(s6)
core   0: 3 0x80003704 (0xfeab0023) mem 0x80024c27 0xe4
core   0: 0x80003708 (0xfe2b0023) sb      sp, -32(s6)
core   0: 3 0x80003708 (0xfe2b0023) mem 0x80024c27 0x64
core   0: 0x8000370c (0xfe0b0d03) lb      s10, -32(s6)
core   0: 3 0x8000370c (0xfe0b0d03) x26 0x00000064 mem 0x80024c27
core   0: 0x80003710 (0xfe0b0683) lb      a3, -32(s6)
core   0: 3 0x80003710 (0xfe0b0683) x13 0x00000064 mem 0x80024c27
core   0: 0x80003714 (0xfe0b4d03) lbu     s10, -32(s6)
core   0: 3 0x80003714 (0xfe0b4d03) x26 0x00000064 mem 0x80024c27
core   0: 0x80003718 (0xfe0b0c03) lb      s8, -32(s6)
core   0: 3 0x80003718 (0xfe0b0c03) x24 0x00000064 mem 0x80024c27
core   0: 0x8000371c (0xf60b4183) lbu     gp, -160(s6)
core   0: 3 0x8000371c (0xf60b4183) x 3 0x00000000 mem 0x80024ba7
core   0: 0x80003720 (0xf60b0803) lb      a6, -160(s6)
core   0: 3 0x80003720 (0xf60b0803) x16 0x00000000 mem 0x80024ba7
core   0: 0x80003724 (0x98067d13) andi    s10, a2, -1664
core   0: 3 0x80003724 (0x98067d13) x26 0x00000000
core   0: 0x80003728 (0xf4bb5483) lhu     s1, -181(s6)
core   0: 3 0x80003728 (0xf4bb5483) x 9 0x00000000 mem 0x80024b92
core   0: 0x8000372c (0xf4bb4783) lbu     a5, -181(s6)
core   0: 3 0x8000372c (0xf4bb4783) x15 0x00000000 mem 0x80024b92
core   0: 0x80003730 (0xfe0b12a3) sh      zero, -27(s6)
core   0: 3 0x80003730 (0xfe0b12a3) mem 0x80024c2c 0x0000
core   0: 0x80003734 (0xc895af93) slti    t6, a1, -887
core   0: 3 0x80003734 (0xc895af93) x31 0x00000000
core   0: 0x80003738 (0xf23b1ca3) sh      gp, -199(s6)
core   0: 3 0x80003738 (0xf23b1ca3) mem 0x80024b80 0x0000
core   0: 0x8000373c (0xbc1fc717) auipc   a4, 0xbc1fc
core   0: 3 0x8000373c (0xbc1fc717) x14 0x3c1ff73c
core   0: 0x80003740 (0xfa0b0203) lb      tp, -96(s6)
core   0: 3 0x80003740 (0xfa0b0203) x 4 0x00000000 mem 0x80024be7
core   0: 0x80003744 (0xfa0b0183) lb      gp, -96(s6)
core   0: 3 0x80003744 (0xfa0b0183) x 3 0x00000000 mem 0x80024be7
core   0: 0x80003748 (0x0001b697) auipc   a3, 0x1b
core   0: 3 0x80003748 (0x0001b697) x13 0x8001e748
core   0: 0x8000374c (0xd5268693) addi    a3, a3, -686
core   0: 3 0x8000374c (0xd5268693) x13 0x8001e49a
core   0: 0x80003750 (0x06e681a3) sb      a4, 99(a3)
core   0: 3 0x80003750 (0x06e681a3) mem 0x8001e4fd 0x3c
core   0: 0x80003754 (0xf9968403) lb      s0, -103(a3)
core   0: 3 0x80003754 (0xf9968403) x 8 0x00000000 mem 0x8001e433
core   0: 0x80003758 (0xf966a383) lw      t2, -106(a3)
core   0: 3 0x80003758 (0xf966a383) x 7 0x00000000 mem 0x8001e430
core   0: 0x8000375c (0xfd9687a3) sb      s9, -49(a3)
core   0: 3 0x8000375c (0xfd9687a3) mem 0x8001e469 0x0
core   0: 0x80003760 (0x0a66a603) lw      a2, 166(a3)
core   0: 3 0x80003760 (0x0a66a603) x12 0x00000000 mem 0x8001e540
core   0: 0x80003764 (0xf5f68723) sb      t6, -178(a3)
core   0: 3 0x80003764 (0xf5f68723) mem 0x8001e3e8 0x0
core   0: 0x80003768 (0x0f26dc83) lhu     s9, 242(a3)
core   0: 3 0x80003768 (0x0f26dc83) x25 0x00000000 mem 0x8001e58c
core   0: 0x8000376c (0xf6068403) lb      s0, -160(a3)
core   0: 3 0x8000376c (0xf6068403) x 8 0x00000000 mem 0x8001e3fa
core   0: 0x80003770 (0x014485b3) add     a1, s1, s4
core   0: 3 0x80003770 (0x014485b3) x11 0x800158e6
core   0: 0x80003774 (0x0b168ca3) sb      a7, 185(a3)
core   0: 3 0x80003774 (0x0b168ca3) mem 0x8001e553 0x6c
core   0: 0x80003778 (0xf936c003) lbu     zero, -109(a3)
core   0: 3 0x80003778 (0xf936c003) mem 0x8001e42d
core   0: 0x8000377c (0x05e6a703) lw      a4, 94(a3)
core   0: 3 0x8000377c (0x05e6a703) x14 0x00000000 mem 0x8001e4f8
core   0: 0x80003780 (0xf8d68383) lb      t2, -115(a3)
core   0: 3 0x80003780 (0xf8d68383) x 7 0x00000000 mem 0x8001e427
core   0: 0x80003784 (0xfac686a3) sb      a2, -83(a3)
core   0: 3 0x80003784 (0xfac686a3) mem 0x8001e447 0x0
core   0: 0x80003788 (0x40c55f93) srai    t6, a0, 12
core   0: 3 0x80003788 (0x40c55f93) x31 0xfff8002e
core   0: 0x8000378c (0x0f869623) sh      s8, 236(a3)
core   0: 3 0x8000378c (0x0f869623) mem 0x8001e586 0x0064
core   0: 0x80003790 (0x00aebf33) sltu    t5, t4, a0
core   0: 3 0x80003790 (0x00aebf33) x30 0x00000000
core   0: 0x80003794 (0x09a69d83) lh      s11, 154(a3)
core   0: 3 0x80003794 (0x09a69d83) x27 0x00000000 mem 0x8001e534
core   0: 0x80003798 (0x4108db13) srai    s6, a7, 16
core   0: 3 0x80003798 (0x4108db13) x22 0xffff8002
core   0: 0x8000379c (0xfd56c283) lbu     t0, -43(a3)
core   0: 3 0x8000379c (0xfd56c283) x 5 0x00000000 mem 0x8001e46f
core   0: 0x800037a0 (0xf966c783) lbu     a5, -106(a3)
core   0: 3 0x800037a0 (0xf966c783) x15 0x00000000 mem 0x8001e430
core   0: 0x800037a4 (0x07869923) sh      s8, 114(a3)
core   0: 3 0x800037a4 (0x07869923) mem 0x8001e50c 0x0064
core   0: 0x800037a8 (0xfa56cc03) lbu     s8, -91(a3)
core   0: 3 0x800037a8 (0xfa56cc03) x24 0x00000000 mem 0x8001e43f
core   0: 0x800037ac (0x0168f033) and     zero, a7, s6
core   0: 3 0x800037ac (0x0168f033)
core   0: 0x800037b0 (0x4025d413) srai    s0, a1, 2
core   0: 3 0x800037b0 (0x4025d413) x 8 0xe0005639
core   0: 0x800037b4 (0xd5964197) auipc   gp, 0xd5964
core   0: 3 0x800037b4 (0xd5964197) x 3 0x559677b4
core   0: 0x800037b8 (0x0c26d203) lhu     tp, 194(a3)
core   0: 3 0x800037b8 (0x0c26d203) x 4 0x00000000 mem 0x8001e55c
core   0: 0x800037bc (0x0396c903) lbu     s2, 57(a3)
core   0: 3 0x800037bc (0x0396c903) x18 0x00000000 mem 0x8001e4d3
core   0: 0x800037c0 (0x01fc0497) auipc   s1, 0x1fc0
core   0: 3 0x800037c0 (0x01fc0497) x 9 0x81fc37c0
core   0: 0x800037c4 (0xf006c183) lbu     gp, -256(a3)
core   0: 3 0x800037c4 (0xf006c183) x 3 0x00000000 mem 0x8001e39a
core   0: 0x800037c8 (0x09a68983) lb      s3, 154(a3)
core   0: 3 0x800037c8 (0x09a68983) x19 0x00000000 mem 0x8001e534
core   0: 0x800037cc (0x09768e23) sb      s7, 156(a3)
core   0: 3 0x800037cc (0x09768e23) mem 0x8001e536 0xb3
core   0: 0x800037d0 (0xf2598a93) addi    s5, s3, -219
core   0: 3 0x800037d0 (0xf2598a93) x21 0xffffff25
core   0: 0x800037d4 (0xffd6a923) sw      t4, -14(a3)
core   0: 3 0x800037d4 (0xffd6a923) mem 0x8001e48c 0xfffff9a0
core   0: 0x800037d8 (0x07f68ca3) sb      t6, 121(a3)
core   0: 3 0x800037d8 (0x07f68ca3) mem 0x8001e513 0x2e
core   0: 0x800037dc (0x0d96a323) sw      s9, 198(a3)
core   0: 3 0x800037dc (0x0d96a323) mem 0x8001e560 0x00000000
core   0: 0x800037e0 (0x82616913) ori     s2, sp, -2010
core   0: 3 0x800037e0 (0x82616913) x18 0xfffffe66
core   0: 0x800037e4 (0x0ed6c603) lbu     a2, 237(a3)
core   0: 3 0x800037e4 (0x0ed6c603) x12 0x00000000 mem 0x8001e587
core   0: 0x800037e8 (0xf566c783) lbu     a5, -170(a3)
core   0: 3 0x800037e8 (0xf566c783) x15 0x00000000 mem 0x8001e3f0
core   0: 0x800037ec (0x00012317) auipc   t1, 0x12
core   0: 3 0x800037ec (0x00012317) x 6 0x800157ec
core   0: 0x800037f0 (0xb0030313) addi    t1, t1, -1280
core   0: 3 0x800037f0 (0xb0030313) x 6 0x800152ec
core   0: 0x800037f4 (0x00016d17) auipc   s10, 0x16
core   0: 3 0x800037f4 (0x00016d17) x26 0x800197f4
core   0: 0x800037f8 (0x2cad0d13) addi    s10, s10, 714
core   0: 3 0x800037f8 (0x2cad0d13) x26 0x80019abe
core   0: 0x800037fc (0xd8231c83) lh      s9, -638(t1)
core   0: 3 0x800037fc (0xd8231c83) x25 0x00000000 mem 0x8001506e
core   0: 0x80003800 (0xdf730983) lb      s3, -521(t1)
core   0: 3 0x80003800 (0xdf730983) x19 0x00000000 mem 0x800150e3
core   0: 0x80003804 (0xf22d06a3) sb      sp, -211(s10)
core   0: 3 0x80003804 (0xf22d06a3) mem 0x800199eb 0x64
core   0: 0x80003808 (0x0d6d5783) lhu     a5, 214(s10)
core   0: 3 0x80003808 (0x0d6d5783) x15 0x00000000 mem 0x80019b94
core   0: 0x8000380c (0xfc5d0a83) lb      s5, -59(s10)
core   0: 3 0x8000380c (0xfc5d0a83) x21 0x00000000 mem 0x80019a83
core   0: 0x80003810 (0x068d0183) lb      gp, 104(s10)
core   0: 3 0x80003810 (0x068d0183) x 3 0x00000000 mem 0x80019b26
core   0: 0x80003814 (0x53c31523) sh      t3, 1322(t1)
core   0: 3 0x80003814 (0x53c31523) mem 0x80015816 0x0000
core   0: 0x80003818 (0x26930603) lb      a2, 617(t1)
core   0: 3 0x80003818 (0x26930603) x12 0x00000000 mem 0x80015555
core   0: 0x8000381c (0xf16d0da3) sb      s6, -229(s10)
core   0: 3 0x8000381c (0xf16d0da3) mem 0x800199d9 0x2
core   0: 0x80003820 (0x1bf30a83) lb      s5, 447(t1)
core   0: 3 0x80003820 (0x1bf30a83) x21 0x00000000 mem 0x800154ab
core   0: 0x80003824 (0x0dcd4903) lbu     s2, 220(s10)
core   0: 3 0x80003824 (0x0dcd4903) x18 0x00000000 mem 0x80019b9a
core   0: 0x80003828 (0x00012a17) auipc   s4, 0x12
core   0: 3 0x80003828 (0x00012a17) x20 0x80015828
core   0: 0x8000382c (0x37ca0a13) addi    s4, s4, 892
core   0: 3 0x8000382c (0x37ca0a13) x20 0x80015ba4
core   0: 0x80003830 (0x42ca1e83) lh      t4, 1068(s4)
core   0: 3 0x80003830 (0x42ca1e83) x29 0x00000000 mem 0x80015fd0
core   0: 0x80003834 (0xe8fa0983) lb      s3, -369(s4)
core   0: 3 0x80003834 (0xe8fa0983) x19 0x00000000 mem 0x80015a33
core   0: 0x80003838 (0xe8fa0303) lb      t1, -369(s4)
core   0: 3 0x80003838 (0xe8fa0303) x 6 0x00000000 mem 0x80015a33
core   0: 0x8000383c (0xe68a4e03) lbu     t3, -408(s4)
core   0: 3 0x8000383c (0xe68a4e03) x28 0x00000000 mem 0x80015a0c
core   0: 0x80003840 (0xe75a2423) sw      s5, -408(s4)
core   0: 3 0x80003840 (0xe75a2423) mem 0x80015a0c 0x00000000
core   0: 0x80003844 (0xe68a1a83) lh      s5, -408(s4)
core   0: 3 0x80003844 (0xe68a1a83) x21 0x00000000 mem 0x80015a0c
core   0: 0x80003848 (0x93ba0783) lb      a5, -1733(s4)
core   0: 3 0x80003848 (0x93ba0783) x15 0x00000000 mem 0x800154df
core   0: 0x8000384c (0x8f8a0423) sb      s8, -1816(s4)
core   0: 3 0x8000384c (0x8f8a0423) mem 0x8001548c 0x0
core   0: 0x80003850 (0x8e8a1a83) lh      s5, -1816(s4)
core   0: 3 0x80003850 (0x8e8a1a83) x21 0x00000000 mem 0x8001548c
core   0: 0x80003854 (0xc0ba0603) lb      a2, -1013(s4)
core   0: 3 0x80003854 (0xc0ba0603) x12 0x00000000 mem 0x800157af
core   0: 0x80003858 (0x72246a93) ori     s5, s0, 1826
core   0: 3 0x80003858 (0x72246a93) x21 0xe000573b
core   0: 0x8000385c (0x29ba4083) lbu     ra, 667(s4)
core   0: 3 0x8000385c (0x29ba4083) x 1 0x00000000 mem 0x80015e3f
core   0: 0x80003860 (0x29ba4083) lbu     ra, 667(s4)
core   0: 3 0x80003860 (0x29ba4083) x 1 0x00000000 mem 0x80015e3f
core   0: 0x80003864 (0x29ba0383) lb      t2, 667(s4)
core   0: 3 0x80003864 (0x29ba0383) x 7 0x00000000 mem 0x80015e3f
core   0: 0x80003868 (0x67a00e97) auipc   t4, 0x67a00
core   0: 3 0x80003868 (0x67a00e97) x29 0xe7a03868
core   0: 0x8000386c (0x292a0da3) sb      s2, 667(s4)
core   0: 3 0x8000386c (0x292a0da3) mem 0x80015e3f 0x0
core   0: 0x80003870 (0x9396a393) slti    t2, a3, -1735
core   0: 3 0x80003870 (0x9396a393) x 7 0x00000001
core   0: 0x80003874 (0x208a1423) sh      s0, 520(s4)
core   0: 3 0x80003874 (0x208a1423) mem 0x80015dac 0x5639
core   0: 0x80003878 (0x0ff0000f) fence   iorw,iorw
core   0: 3 0x80003878 (0x0ff0000f)
core   0: 0x8000387c (0x208a2583) lw      a1, 520(s4)
core   0: 3 0x8000387c (0x208a2583) x11 0x00005639 mem 0x80015dac
core   0: 0x80003880 (0x219a0423) sb      s9, 520(s4)
core   0: 3 0x80003880 (0x219a0423) mem 0x80015dac 0x0
core   0: 0x80003884 (0x0001a997) auipc   s3, 0x1a
core   0: 3 0x80003884 (0x0001a997) x19 0x8001d884
core   0: 0x80003888 (0x9e398993) addi    s3, s3, -1565
core   0: 3 0x80003888 (0x9e398993) x19 0x8001d267
core   0: 0x8000388c (0x40115593) srai    a1, sp, 1
core   0: 3 0x8000388c (0x40115593) x11 0xc0015732
core   0: 0x80003890 (0x0126c033) xor     zero, a3, s2
core   0: 3 0x80003890 (0x0126c033)
core   0: 0x80003894 (0x01445e13) srli    t3, s0, 20
core   0: 3 0x80003894 (0x01445e13) x28 0x00000e00
core   0: 0x80003898 (0x013498b3) sll     a7, s1, s3
core   0: 3 0x80003898 (0x013498b3) x17 0xfe1be000
core   0: 0x8000389c (0x38df2393) slti    t2, t5, 909
core   0: 3 0x8000389c (0x38df2393) x 7 0x00000001
core   0: 0x800038a0 (0x00571333) sll     t1, a4, t0
core   0: 3 0x800038a0 (0x00571333) x 6 0x00000000
core   0: 0x800038a4 (0xf7d99483) lh      s1, -131(s3)
core   0: 3 0x800038a4 (0xf7d99483) x 9 0x00000000 mem 0x8001d1e4
core   0: 0x800038a8 (0x009b1013) slli    zero, s6, 9
core   0: 3 0x800038a8 (0x009b1013)
core   0: 0x800038ac (0xfe6984a3) sb      t1, -23(s3)
core   0: 3 0x800038ac (0xfe6984a3) mem 0x8001d250 0x0
core   0: 0x800038b0 (0x00198023) sb      ra, 0(s3)
core   0: 3 0x800038b0 (0x00198023) mem 0x8001d267 0x0
core   0: 0x800038b4 (0xde768713) addi    a4, a3, -537
core   0: 3 0x800038b4 (0xde768713) x14 0x8001e281
core   0: 0x800038b8 (0x00000013) nop
core   0: 3 0x800038b8 (0x00000013)
core   0: 0x800038bc (0x3fc52493) slti    s1, a0, 1020
core   0: 3 0x800038bc (0x3fc52493) x 9 0x00000001
core   0: 0x800038c0 (0xf5a9c203) lbu     tp, -166(s3)
core   0: 3 0x800038c0 (0xf5a9c203) x 4 0x00000000 mem 0x8001d1c1
core   0: 0x800038c4 (0x01d7e5b3) or      a1, a5, t4
core   0: 3 0x800038c4 (0x01d7e5b3) x11 0xe7a03868
core   0: 0x800038c8 (0x0bd98f23) sb      t4, 190(s3)
core   0: 3 0x800038c8 (0x0bd98f23) mem 0x8001d325 0x68
core   0: 0x800038cc (0x0669c803) lbu     a6, 102(s3)
core   0: 3 0x800038cc (0x0669c803) x16 0x00000000 mem 0x8001d2cd
core   0: 0x800038d0 (0xfdb98d23) sb      s11, -38(s3)
core   0: 3 0x800038d0 (0xfdb98d23) mem 0x8001d241 0x0
core   0: 0x800038d4 (0x00883833) sltu    a6, a6, s0
core   0: 3 0x800038d4 (0x00883833) x16 0x00000001
core   0: 0x800038d8 (0xf699d783) lhu     a5, -151(s3)
core   0: 3 0x800038d8 (0xf699d783) x15 0x00000000 mem 0x8001d1d0
core   0: 0x800038dc (0x40e28933) sub     s2, t0, a4
core   0: 3 0x800038dc (0x40e28933) x18 0x7ffe1d7f
core   0: 0x800038e0 (0x014c5eb3) srl     t4, s8, s4
core   0: 3 0x800038e0 (0x014c5eb3) x29 0x00000000
core   0: 0x800038e4 (0x1f85e413) ori     s0, a1, 504
core   0: 3 0x800038e4 (0x1f85e413) x 8 0xe7a039f8
core   0: 0x800038e8 (0x015234b3) sltu    s1, tp, s5
core   0: 3 0x800038e8 (0x015234b3) x 9 0x00000001
core   0: 0x800038ec (0x018188b3) add     a7, gp, s8
core   0: 3 0x800038ec (0x018188b3) x17 0x00000000
core   0: 0x800038f0 (0x000fb633) sltu    a2, t6, zero
core   0: 3 0x800038f0 (0x000fb633) x12 0x00000000
core   0: 0x800038f4 (0x00d45f93) srli    t6, s0, 13
core   0: 3 0x800038f4 (0x00d45f93) x31 0x00073d01
core   0: 0x800038f8 (0x005aa5b3) slt     a1, s5, t0
core   0: 3 0x800038f8 (0x005aa5b3) x11 0x00000001
core   0: 0x800038fc (0x5d142437) lui     s0, 0x5d142
core   0: 3 0x800038fc (0x5d142437) x 8 0x5d142000
core   0: 0x80003900 (0xfa199c83) lh      s9, -95(s3)
core   0: 3 0x80003900 (0xfa199c83) x25 0x00000000 mem 0x8001d208
core   0: 0x80003904 (0x400788b3) sub     a7, a5, zero
core   0: 3 0x80003904 (0x400788b3) x17 0x00000000
core   0: 0x80003908 (0x4028d893) srai    a7, a7, 2
core   0: 3 0x80003908 (0x4028d893) x17 0x00000000
core   0: 0x8000390c (0x8fe01917) auipc   s2, 0x8fe01
core   0: 3 0x8000390c (0x8fe01917) x18 0x0fe0490c
core   0: 0x80003910 (0x01298f83) lb      t6, 18(s3)
core   0: 3 0x80003910 (0x01298f83) x31 0x00000000 mem 0x8001d279
core   0: 0x80003914 (0x00012e97) auipc   t4, 0x12
core   0: 3 0x80003914 (0x00012e97) x29 0x80015914
core   0: 0x80003918 (0x99ae8e93) addi    t4, t4, -1638
core   0: 3 0x80003918 (0x99ae8e93) x29 0x800152ae
core   0: 0x8000391c (0xff8e9003) lh      zero, -8(t4)
core   0: 3 0x8000391c (0xff8e9003) mem 0x800152a6
core   0: 0x80003920 (0x01404db3) xor     s11, zero, s4
core   0: 3 0x80003920 (0x01404db3) x27 0x80015ba4
core   0: 0x80003924 (0xff3ec583) lbu     a1, -13(t4)
core   0: 3 0x80003924 (0xff3ec583) x11 0x00000000 mem 0x800152a1
core   0: 0x80003928 (0x61010a37) lui     s4, 0x61010
core   0: 3 0x80003928 (0x61010a37) x20 0x61010000
core   0: 0x8000392c (0xfe1e8823) sb      ra, -16(t4)
core   0: 3 0x8000392c (0xfe1e8823) mem 0x8001529e 0x0
core   0: 0x80003930 (0xff5e8d03) lb      s10, -11(t4)
core   0: 3 0x80003930 (0xff5e8d03) x26 0x00000000 mem 0x800152a3
core   0: 0x80003934 (0xff6e89a3) sb      s6, -13(t4)
core   0: 3 0x80003934 (0xff6e89a3) mem 0x800152a1 0x2
core   0: 0x80003938 (0x01eb9693) slli    a3, s7, 30
core   0: 3 0x80003938 (0x01eb9693) x13 0xc0000000
core   0: 0x8000393c (0x734da893) slti    a7, s11, 1844
core   0: 3 0x8000393c (0x734da893) x17 0x00000001
core   0: 0x80003940 (0x39066293) ori     t0, a2, 912
core   0: 3 0x80003940 (0x39066293) x 5 0x00000390
core   0: 0x80003944 (0xb77bb393) sltiu   t2, s7, -1161
core   0: 3 0x80003944 (0xb77bb393) x 7 0x00000001
core   0: 0x80003948 (0x001ec583) lbu     a1, 1(t4)
core   0: 3 0x80003948 (0x001ec583) x11 0x00000000 mem 0x800152af
core   0: 0x8000394c (0xe3b5a813) slti    a6, a1, -453
core   0: 3 0x8000394c (0xe3b5a813) x16 0x00000000
core   0: 0x80003950 (0x013e8123) sb      s3, 2(t4)
core   0: 3 0x80003950 (0x013e8123) mem 0x800152b0 0x67
core   0: 0x80003954 (0xfe8ead23) sw      s0, -6(t4)
core   0: 3 0x80003954 (0xfe8ead23) mem 0x800152a8 0x5d142000
core   0: 0x80003958 (0x01af4433) xor     s0, t5, s10
core   0: 3 0x80003958 (0x01af4433) x 8 0x00000000
core   0: 0x8000395c (0x00359f33) sll     t5, a1, gp
core   0: 3 0x8000395c (0x00359f33) x30 0x00000000
core   0: 0x80003960 (0x00ee8583) lb      a1, 14(t4)
core   0: 3 0x80003960 (0x00ee8583) x11 0x00000000 mem 0x800152bc
core   0: 0x80003964 (0xfe3e9e23) sh      gp, -4(t4)
core   0: 3 0x80003964 (0xfe3e9e23) mem 0x800152aa 0x0000
core   0: 0x80003968 (0xfffe9c23) sh      t6, -8(t4)
core   0: 3 0x80003968 (0xfffe9c23) mem 0x800152a6 0x0000
core   0: 0x8000396c (0xff4e8da3) sb      s4, -5(t4)
core   0: 3 0x8000396c (0xff4e8da3) mem 0x800152a9 0x0
core   0: 0x80003970 (0x00ce9803) lh      a6, 12(t4)
core   0: 3 0x80003970 (0x00ce9803) x16 0x00000000 mem 0x800152ba
core   0: 0x80003974 (0xff4e8923) sb      s4, -14(t4)
core   0: 3 0x80003974 (0xff4e8923) mem 0x800152a0 0x0
core   0: 0x80003978 (0xff7e8383) lb      t2, -9(t4)
core   0: 3 0x80003978 (0xff7e8383) x 7 0x00000000 mem 0x800152a5
core   0: 0x8000397c (0x012e8223) sb      s2, 4(t4)
core   0: 3 0x8000397c (0x012e8223) mem 0x800152b2 0xc
core   0: 0x80003980 (0x01694fb3) xor     t6, s2, s6
core   0: 3 0x80003980 (0x01694fb3) x31 0xf01fc90e
core   0: 0x80003984 (0xf8856193) ori     gp, a0, -120
core   0: 3 0x80003984 (0xf8856193) x 3 0xffffffec
core   0: 0x80003988 (0x00e69d13) slli    s10, a3, 14
core   0: 3 0x80003988 (0x00e69d13) x26 0x00000000
core   0: 0x8000398c (0x6bbac793) xori    a5, s5, 1723
core   0: 3 0x8000398c (0x6bbac793) x15 0xe0005180
core   0: 0x80003990 (0x59e03593) sltiu   a1, zero, 1438
core   0: 3 0x80003990 (0x59e03593) x11 0x00000001
core   0: 0x80003994 (0x00152033) slt     zero, a0, ra
core   0: 3 0x80003994 (0x00152033)
core   0: 0x80003998 (0x0160f0b3) and     ra, ra, s6
core   0: 3 0x80003998 (0x0160f0b3) x 1 0x00000000
core   0: 0x8000399c (0x00eb66b3) or      a3, s6, a4
core   0: 3 0x8000399c (0x00eb66b3) x13 0xffffe283
core   0: 0x800039a0 (0xff9ec303) lbu     t1, -7(t4)
core   0: 3 0x800039a0 (0xff9ec303) x 6 0x00000000 mem 0x800152a7
core   0: 0x800039a4 (0x006e9883) lh      a7, 6(t4)
core   0: 3 0x800039a4 (0x006e9883) x17 0x00000000 mem 0x800152b4
core   0: 0x800039a8 (0x003ecb03) lbu     s6, 3(t4)
core   0: 3 0x800039a8 (0x003ecb03) x22 0x00000000 mem 0x800152b1
core   0: 0x800039ac (0x00000013) nop
core   0: 3 0x800039ac (0x00000013)
core   0: 0x800039b0 (0x008e8d03) lb      s10, 8(t4)
core   0: 3 0x800039b0 (0x008e8d03) x26 0x00000000 mem 0x800152b6
core   0: 0x800039b4 (0x006ad093) srli    ra, s5, 6
core   0: 3 0x800039b4 (0x006ad093) x 1 0x0380015c
core   0: 0x800039b8 (0xffbe9a23) sh      s11, -12(t4)
core   0: 3 0x800039b8 (0xffbe9a23) mem 0x800152a2 0x5ba4
core   0: 0x800039bc (0x00012417) auipc   s0, 0x12
core   0: 3 0x800039bc (0x00012417) x 8 0x800159bc
core   0: 0x800039c0 (0x2c340413) addi    s0, s0, 707
core   0: 3 0x800039c0 (0x2c340413) x 8 0x80015c7f
core   0: 0x800039c4 (0x25134c37) lui     s8, 0x25134
core   0: 3 0x800039c4 (0x25134c37) x24 0x25134000
core   0: 0x800039c8 (0x003422a3) sw      gp, 5(s0)
core   0: 3 0x800039c8 (0x003422a3) mem 0x80015c84 0xffffffec
core   0: 0x800039cc (0x012e9c93) slli    s9, t4, 18
core   0: 3 0x800039cc (0x012e9c93) x25 0x4ab80000
core   0: 0x800039d0 (0xb0440683) lb      a3, -1276(s0)
core   0: 3 0x800039d0 (0xb0440683) x13 0x00000000 mem 0x80015783
core   0: 0x800039d4 (0xb1640223) sb      s6, -1276(s0)
core   0: 3 0x800039d4 (0xb1640223) mem 0x80015783 0x0
core   0: 0x800039d8 (0xb0440f83) lb      t6, -1276(s0)
core   0: 3 0x800039d8 (0xb0440f83) x31 0x00000000 mem 0x80015783
core   0: 0x800039dc (0xf7f413a3) sh      t6, -153(s0)
core   0: 3 0x800039dc (0xf7f413a3) mem 0x80015be6 0x0000
core   0: 0x800039e0 (0xf6741c03) lh      s8, -153(s0)
core   0: 3 0x800039e0 (0xf6741c03) x24 0x00000000 mem 0x80015be6
core   0: 0x800039e4 (0x0105adb3) slt     s11, a1, a6
core   0: 3 0x800039e4 (0x0105adb3) x27 0x00000000
core   0: 0x800039e8 (0xf72413a3) sh      s2, -153(s0)
core   0: 3 0x800039e8 (0xf72413a3) mem 0x80015be6 0x490c
core   0: 0x800039ec (0x84b40da3) sb      a1, -1957(s0)
core   0: 3 0x800039ec (0x84b40da3) mem 0x800154da 0x1
core   0: 0x800039f0 (0x85b44303) lbu     t1, -1957(s0)
core   0: 3 0x800039f0 (0x85b44303) x 6 0x00000001 mem 0x800154da
core   0: 0x800039f4 (0x329a2f93) slti    t6, s4, 809
core   0: 3 0x800039f4 (0x329a2f93) x31 0x00000000
core   0: 0x800039f8 (0x85b45703) lhu     a4, -1957(s0)
core   0: 3 0x800039f8 (0x85b45703) x14 0x00000001 mem 0x800154da
core   0: 0x800039fc (0x0133e8b3) or      a7, t2, s3
core   0: 3 0x800039fc (0x0133e8b3) x17 0x8001d267
core   0: 0x80003a00 (0x85641da3) sh      s6, -1957(s0)
core   0: 3 0x80003a00 (0x85641da3) mem 0x800154da 0x0000
core   0: 0x80003a04 (0x01101f13) slli    t5, zero, 17
core   0: 3 0x80003a04 (0x01101f13) x30 0x00000000
core   0: 0x80003a08 (0x85b44583) lbu     a1, -1957(s0)
core   0: 3 0x80003a08 (0x85b44583) x11 0x00000000 mem 0x800154da
core   0: 0x80003a0c (0x00014a17) auipc   s4, 0x14
core   0: 3 0x80003a0c (0x00014a17) x20 0x80017a0c
core   0: 0x80003a10 (0xec3a0a13) addi    s4, s4, -317
core   0: 3 0x80003a10 (0xec3a0a13) x20 0x800178cf
core   0: 0x80003a14 (0x270df393) andi    t2, s11, 624
core   0: 3 0x80003a14 (0x270df393) x 7 0x00000000
core   0: 0x80003a18 (0xf48a10a3) sh      s0, -191(s4)
core   0: 3 0x80003a18 (0xf48a10a3) mem 0x80017810 0x5c7f
core   0: 0x80003a1c (0xf41a1403) lh      s0, -191(s4)
core   0: 3 0x80003a1c (0xf41a1403) x 8 0x00005c7f mem 0x80017810
core   0: 0x80003a20 (0x0a2a0523) sb      sp, 170(s4)
core   0: 3 0x80003a20 (0x0a2a0523) mem 0x80017979 0x64
core   0: 0x80003a24 (0x0aaa0683) lb      a3, 170(s4)
core   0: 3 0x80003a24 (0x0aaa0683) x13 0x00000064 mem 0x80017979
core   0: 0x80003a28 (0x0a7a0523) sb      t2, 170(s4)
core   0: 3 0x80003a28 (0x0a7a0523) mem 0x80017979 0x0
core   0: 0x80003a2c (0xf9aa0223) sb      s10, -124(s4)
core   0: 3 0x80003a2c (0xf9aa0223) mem 0x80017853 0x0
core   0: 0x80003a30 (0xf6fa1ea3) sh      a5, -131(s4)
core   0: 3 0x80003a30 (0xf6fa1ea3) mem 0x8001784c 0x5180
core   0: 0x80003a34 (0x0ff0000f) fence   iorw,iorw
core   0: 3 0x80003a34 (0x0ff0000f)
core   0: 0x80003a38 (0x02ba4703) lbu     a4, 43(s4)
core   0: 3 0x80003a38 (0x02ba4703) x14 0x00000000 mem 0x800178fa
core   0: 0x80003a3c (0x03ba0fa3) sb      s11, 63(s4)
core   0: 3 0x80003a3c (0x03ba0fa3) mem 0x8001790e 0x0
core   0: 0x80003a40 (0x0000100f) fence.i
core   0: 3 0x80003a40 (0x0000100f)
core   0: 0x80003a44 (0xf84a0683) lb      a3, -124(s4)
core   0: 3 0x80003a44 (0xf84a0683) x13 0x00000000 mem 0x80017853
core   0: 0x80003a48 (0x017482b3) add     t0, s1, s7
core   0: 3 0x80003a48 (0x017482b3) x 5 0xd1eeaab4
core   0: 0x80003a4c (0xff0a4d83) lbu     s11, -16(s4)
core   0: 3 0x80003a4c (0xff0a4d83) x27 0x00000000 mem 0x800178bf
core   0: 0x80003a50 (0x55fbb813) sltiu   a6, s7, 1375
core   0: 3 0x80003a50 (0x55fbb813) x16 0x00000000
core   0: 0x80003a54 (0x060a4c03) lbu     s8, 96(s4)
core   0: 3 0x80003a54 (0x060a4c03) x24 0x00000000 mem 0x8001792f
core   0: 0x80003a58 (0xfbba5f83) lhu     t6, -69(s4)
core   0: 3 0x80003a58 (0xfbba5f83) x31 0x00000000 mem 0x8001788a
core   0: 0x80003a5c (0x015a1983) lh      s3, 21(s4)
core   0: 3 0x80003a5c (0x015a1983) x19 0x00000000 mem 0x800178e4
core   0: 0x80003a60 (0x015a4903) lbu     s2, 21(s4)
core   0: 3 0x80003a60 (0x015a4903) x18 0x00000000 mem 0x800178e4
core   0: 0x80003a64 (0x015a4e83) lbu     t4, 21(s4)
core   0: 3 0x80003a64 (0x015a4e83) x29 0x00000000 mem 0x800178e4
core   0: 0x80003a68 (0xfbfa1fa3) sh      t6, -65(s4)
core   0: 3 0x80003a68 (0xfbfa1fa3) mem 0x8001788e 0x0000
core   0: 0x80003a6c (0xf24a0c03) lb      s8, -220(s4)
core   0: 3 0x80003a6c (0xf24a0c03) x24 0x00000000 mem 0x800177f3
core   0: 0x80003a70 (0x008720b3) slt     ra, a4, s0
core   0: 3 0x80003a70 (0x008720b3) x 1 0x00000001
core   0: 0x80003a74 (0x00581eb3) sll     t4, a6, t0
core   0: 3 0x80003a74 (0x00581eb3) x29 0x00000000
core   0: 0x80003a78 (0x051a0723) sb      a7, 78(s4)
core   0: 3 0x80003a78 (0x051a0723) mem 0x8001791d 0x67
core   0: 0x80003a7c (0x00012297) auipc   t0, 0x12
core   0: 3 0x80003a7c (0x00012297) x 5 0x80015a7c
core   0: 0x80003a80 (0x81d28293) addi    t0, t0, -2019
core   0: 3 0x80003a80 (0x81d28293) x 5 0x80015299
core   0: 0x80003a84 (0x00012397) auipc   t2, 0x12
core   0: 3 0x80003a84 (0x00012397) x 7 0x80015a84
core   0: 0x80003a88 (0xad838393) addi    t2, t2, -1320
core   0: 3 0x80003a88 (0xad838393) x 7 0x8001555c
core   0: 0x80003a8c (0x0272d083) lhu     ra, 39(t0)
core   0: 3 0x80003a8c (0x0272d083) x 1 0x00000000 mem 0x800152c0
core   0: 0x80003a90 (0xfcc2afa3) sw      a2, -33(t0)
core   0: 3 0x80003a90 (0xfcc2afa3) mem 0x80015278 0x00000000
core   0: 0x80003a94 (0xb8f3ce03) lbu     t3, -1137(t2)
core   0: 3 0x80003a94 (0xb8f3ce03) x28 0x00000000 mem 0x800150eb
core   0: 0x80003a98 (0x30a39403) lh      s0, 778(t2)
core   0: 3 0x80003a98 (0x30a39403) x 8 0x00000000 mem 0x80015866
core   0: 0x80003a9c (0xb883d703) lhu     a4, -1144(t2)
core   0: 3 0x80003a9c (0xb883d703) x14 0x00000000 mem 0x800150e4
core   0: 0x80003aa0 (0x03a28a03) lb      s4, 58(t0)
core   0: 3 0x80003aa0 (0x03a28a03) x20 0x00000000 mem 0x800152d3
core   0: 0x80003aa4 (0xc5e39583) lh      a1, -930(t2)
core   0: 3 0x80003aa4 (0xc5e39583) x11 0x00000000 mem 0x800151ba
core   0: 0x80003aa8 (0x03b2ca83) lbu     s5, 59(t0)
core   0: 3 0x80003aa8 (0x03b2ca83) x21 0x00000000 mem 0x800152d4
core   0: 0x80003aac (0xbfb38ca3) sb      s11, -1031(t2)
core   0: 3 0x80003aac (0xbfb38ca3) mem 0x80015155 0x0
core   0: 0x80003ab0 (0xff628923) sb      s6, -14(t0)
core   0: 3 0x80003ab0 (0xff628923) mem 0x8001528b 0x0
core   0: 0x80003ab4 (0x0032dc03) lhu     s8, 3(t0)
core   0: 3 0x80003ab4 (0x0032dc03) x24 0x00000000 mem 0x8001529c
core   0: 0x80003ab8 (0xfc82c603) lbu     a2, -56(t0)
core   0: 3 0x80003ab8 (0xfc82c603) x12 0x00000000 mem 0x80015261
core   0: 0x80003abc (0xc2b38323) sb      a1, -986(t2)
core   0: 3 0x80003abc (0xc2b38323) mem 0x80015182 0x0
core   0: 0x80003ac0 (0x0001f597) auipc   a1, 0x1f
core   0: 3 0x80003ac0 (0x0001f597) x11 0x80022ac0
core   0: 0x80003ac4 (0xfeb58593) addi    a1, a1, -21
core   0: 3 0x80003ac4 (0xfeb58593) x11 0x80022aab
core   0: 0x80003ac8 (0xff458aa3) sb      s4, -11(a1)
core   0: 3 0x80003ac8 (0xff458aa3) mem 0x80022aa0 0x0
core   0: 0x80003acc (0xfed5aaa3) sw      a3, -11(a1)
core   0: 3 0x80003acc (0xfed5aaa3) mem 0x80022aa0 0x00000000
core   0: 0x80003ad0 (0xffa5cc83) lbu     s9, -6(a1)
core   0: 3 0x80003ad0 (0xffa5cc83) x25 0x00000000 mem 0x80022aa5
core   0: 0x80003ad4 (0xff858603) lb      a2, -8(a1)
core   0: 3 0x80003ad4 (0xff858603) x12 0x00000000 mem 0x80022aa3
core   0: 0x80003ad8 (0xfe458c23) sb      tp, -8(a1)
core   0: 3 0x80003ad8 (0xfe458c23) mem 0x80022aa3 0x0
core   0: 0x80003adc (0xff85cd83) lbu     s11, -8(a1)
core   0: 3 0x80003adc (0xff85cd83) x27 0x00000000 mem 0x80022aa3
core   0: 0x80003ae0 (0x41b2de93) srai    t4, t0, 27
core   0: 3 0x80003ae0 (0x41b2de93) x29 0xfffffff0
core   0: 0x80003ae4 (0xc35c3a93) sltiu   s5, s8, -971
core   0: 3 0x80003ae4 (0xc35c3a93) x21 0x00000001
core   0: 0x80003ae8 (0xff85ce03) lbu     t3, -8(a1)
core   0: 3 0x80003ae8 (0xff85ce03) x28 0x00000000 mem 0x80022aa3
core   0: 0x80003aec (0xff85c883) lbu     a7, -8(a1)
core   0: 3 0x80003aec (0xff85c883) x17 0x00000000 mem 0x80022aa3
core   0: 0x80003af0 (0xff858c03) lb      s8, -8(a1)
core   0: 3 0x80003af0 (0xff858c03) x24 0x00000000 mem 0x80022aa3
core   0: 0x80003af4 (0xff858603) lb      a2, -8(a1)
core   0: 3 0x80003af4 (0xff858603) x12 0x00000000 mem 0x80022aa3
core   0: 0x80003af8 (0x00000013) nop
core   0: 3 0x80003af8 (0x00000013)
core   0: 0x80003afc (0xff858703) lb      a4, -8(a1)
core   0: 3 0x80003afc (0xff858703) x14 0x00000000 mem 0x80022aa3
core   0: 0x80003b00 (0xfee58c23) sb      a4, -8(a1)
core   0: 3 0x80003b00 (0xfee58c23) mem 0x80022aa3 0x0
core   0: 0x80003b04 (0x0ff0000f) fence   iorw,iorw
core   0: 3 0x80003b04 (0x0ff0000f)
core   0: 0x80003b08 (0xff85c483) lbu     s1, -8(a1)
core   0: 3 0x80003b08 (0xff85c483) x 9 0x00000000 mem 0x80022aa3
core   0: 0x80003b0c (0x00012697) auipc   a3, 0x12
core   0: 3 0x80003b0c (0x00012697) x13 0x80015b0c
core   0: 0x80003b10 (0x28768693) addi    a3, a3, 647
core   0: 3 0x80003b10 (0x28768693) x13 0x80015d93
core   0: 0x80003b14 (0x46f1cf13) xori    t5, gp, 1135
core   0: 3 0x80003b14 (0x46f1cf13) x30 0xfffffb83
core   0: 0x80003b18 (0x0ff0000f) fence   iorw,iorw
core   0: 3 0x80003b18 (0x0ff0000f)
core   0: 0x80003b1c (0x008cd2b3) srl     t0, s9, s0
core   0: 3 0x80003b1c (0x008cd2b3) x 5 0x00000000
core   0: 0x80003b20 (0x00568723) sb      t0, 14(a3)
core   0: 3 0x80003b20 (0x00568723) mem 0x80015da1 0x0
core   0: 0x80003b24 (0x01804433) xor     s0, zero, s8
core   0: 3 0x80003b24 (0x01804433) x 8 0x00000000
core   0: 0x80003b28 (0x4ef7aa13) slti    s4, a5, 1263
core   0: 3 0x80003b28 (0x4ef7aa13) x20 0x00000001
core   0: 0x80003b2c (0x202969b7) lui     s3, 0x20296
core   0: 3 0x80003b2c (0x202969b7) x19 0x20296000
core   0: 0x80003b30 (0x0ff0000f) fence   iorw,iorw
core   0: 3 0x80003b30 (0x0ff0000f)
core   0: 0x80003b34 (0x00000013) nop
core   0: 3 0x80003b34 (0x00000013)
core   0: 0x80003b38 (0x0212a193) slti    gp, t0, 33
core   0: 3 0x80003b38 (0x0212a193) x 3 0x00000001
core   0: 0x80003b3c (0xffb68383) lb      t2, -5(a3)
core   0: 3 0x80003b3c (0xffb68383) x 7 0x00000000 mem 0x80015d8e
core   0: 0x80003b40 (0xfee6aaa3) sw      a4, -11(a3)
core   0: 3 0x80003b40 (0xfee6aaa3) mem 0x80015d88 0x00000000
core   0: 0x80003b44 (0x01168023) sb      a7, 0(a3)
core   0: 3 0x80003b44 (0x01168023) mem 0x80015d93 0x0
core   0: 0x80003b48 (0x4089d833) sra     a6, s3, s0
core   0: 3 0x80003b48 (0x4089d833) x16 0x20296000
core   0: 0x80003b4c (0x00e68e03) lb      t3, 14(a3)
core   0: 3 0x80003b4c (0x00e68e03) x28 0x00000000 mem 0x80015da1
core   0: 0x80003b50 (0xba0e3793) sltiu   a5, t3, -1120
core   0: 3 0x80003b50 (0xba0e3793) x15 0x00000001
core   0: 0x80003b54 (0x00a6c183) lbu     gp, 10(a3)
core   0: 3 0x80003b54 (0x00a6c183) x 3 0x00000000 mem 0x80015d9d
core   0: 0x80003b58 (0xff66c383) lbu     t2, -10(a3)
core   0: 3 0x80003b58 (0xff66c383) x 7 0x00000000 mem 0x80015d89
core   0: 0x80003b5c (0x01fd49b3) xor     s3, s10, t6
core   0: 3 0x80003b5c (0x01fd49b3) x19 0x00000000
core   0: 0x80003b60 (0x01670cb3) add     s9, a4, s6
core   0: 3 0x80003b60 (0x01670cb3) x25 0x00000000
core   0: 0x80003b64 (0x0883df97) auipc   t6, 0x883d
core   0: 3 0x80003b64 (0x0883df97) x31 0x88840b64
core   0: 0x80003b68 (0xa2523f13) sltiu   t5, tp, -1499
core   0: 3 0x80003b68 (0xa2523f13) x30 0x00000001
core   0: 0x80003b6c (0x042e4413) xori    s0, t3, 66
core   0: 3 0x80003b6c (0x042e4413) x 8 0x00000042
core   0: 0x80003b70 (0xff369583) lh      a1, -13(a3)
core   0: 3 0x80003b70 (0xff369583) x11 0x00000000 mem 0x80015d86
core   0: 0x80003b74 (0x00868123) sb      s0, 2(a3)
core   0: 3 0x80003b74 (0x00868123) mem 0x80015d95 0x42
core   0: 0x80003b78 (0x87393393) sltiu   t2, s2, -1933
core   0: 3 0x80003b78 (0x87393393) x 7 0x00000001
core   0: 0x80003b7c (0x0ff0000f) fence   iorw,iorw
core   0: 3 0x80003b7c (0x0ff0000f)
core   0: 0x80003b80 (0x118c3493) sltiu   s1, s8, 280
core   0: 3 0x80003b80 (0x118c3493) x 9 0x00000001
core   0: 0x80003b84 (0xffa6cf83) lbu     t6, -6(a3)
core   0: 3 0x80003b84 (0xffa6cf83) x31 0x00000000 mem 0x80015d8d
core   0: 0x80003b88 (0x01e00733) add     a4, zero, t5
core   0: 3 0x80003b88 (0x01e00733) x14 0x00000001
core   0: 0x80003b8c (0x0056c183) lbu     gp, 5(a3)
core   0: 3 0x80003b8c (0x0056c183) x 3 0x00000000 mem 0x80015d98
core   0: 0x80003b90 (0x01f48e33) add     t3, s1, t6
core   0: 3 0x80003b90 (0x01f48e33) x28 0x00000001
core   0: 0x80003b94 (0x00f6c083) lbu     ra, 15(a3)
core   0: 3 0x80003b94 (0x00f6c083) x 1 0x00000000 mem 0x80015da2
core   0: 0x80003b98 (0xfe369ba3) sh      gp, -9(a3)
core   0: 3 0x80003b98 (0xfe369ba3) mem 0x80015d8a 0x0000
core   0: 0x80003b9c (0x00868983) lb      s3, 8(a3)
core   0: 3 0x80003b9c (0x00868983) x19 0x00000000 mem 0x80015d9b
core   0: 0x80003ba0 (0x2eaab937) lui     s2, 0x2eaab
core   0: 3 0x80003ba0 (0x2eaab937) x18 0x2eaab000
core   0: 0x80003ba4 (0x00b77a33) and     s4, a4, a1
core   0: 3 0x80003ba4 (0x00b77a33) x20 0x00000000
core   0: 0x80003ba8 (0x01868423) sb      s8, 8(a3)
core   0: 3 0x80003ba8 (0x01868423) mem 0x80015d9b 0x0
core   0: 0x80003bac (0x00e68583) lb      a1, 14(a3)
core   0: 3 0x80003bac (0x00e68583) x11 0x00000000 mem 0x80015da1
core   0: 0x80003bb0 (0x40c0d8b3) sra     a7, ra, a2
core   0: 3 0x80003bb0 (0x40c0d8b3) x17 0x00000000
core   0: 0x80003bb4 (0x6cd54fb7) lui     t6, 0x6cd54
core   0: 3 0x80003bb4 (0x6cd54fb7) x31 0x6cd54000
core   0: 0x80003bb8 (0xffc6aaa3) sw      t3, -11(a3)
core   0: 3 0x80003bb8 (0xffc6aaa3) mem 0x80015d88 0x00000001
core   0: 0x80003bbc (0xc6d19e37) lui     t3, 0xc6d19
core   0: 3 0x80003bbc (0xc6d19e37) x28 0xc6d19000
core   0: 0x80003bc0 (0x0032fab3) and     s5, t0, gp
core   0: 3 0x80003bc0 (0x0032fab3) x21 0x00000000
core   0: 0x80003bc4 (0x002694a3) sh      sp, 9(a3)
core   0: 3 0x80003bc4 (0x002694a3) mem 0x80015d9c 0xae64
core   0: 0x80003bc8 (0xfe068a23) sb      zero, -12(a3)
core   0: 3 0x80003bc8 (0xfe068a23) mem 0x80015d87 0x0
core   0: 0x80003bcc (0x42221797) auipc   a5, 0x42221
core   0: 3 0x80003bcc (0x42221797) x15 0xc2224bcc
core   0: 0x80003bd0 (0x00768903) lb      s2, 7(a3)
core   0: 3 0x80003bd0 (0x00768903) x18 0x00000000 mem 0x80015d9a
core   0: 0x80003bd4 (0x38aebe93) sltiu   t4, t4, 906
core   0: 3 0x80003bd4 (0x38aebe93) x29 0x00000000
core   0: 0x80003bd8 (0x00d6a2a3) sw      a3, 5(a3)
core   0: 3 0x80003bd8 (0x00d6a2a3) mem 0x80015d98 0x80015d93
core   0: 0x80003bdc (0x008410b3) sll     ra, s0, s0
core   0: 3 0x80003bdc (0x008410b3) x 1 0x00000108
core   0: 0x80003be0 (0x0056c383) lbu     t2, 5(a3)
core   0: 3 0x80003be0 (0x0056c383) x 7 0x00000093 mem 0x80015d98
core   0: 0x80003be4 (0xffe6ca83) lbu     s5, -2(a3)
core   0: 3 0x80003be4 (0xffe6ca83) x21 0x00000000 mem 0x80015d91
core   0: 0x80003be8 (0x00015c17) auipc   s8, 0x15
core   0: 3 0x80003be8 (0x00015c17) x24 0x80018be8
core   0: 0x80003bec (0xdf4c0c13) addi    s8, s8, -524
core   0: 3 0x80003bec (0xdf4c0c13) x24 0x800189dc
core   0: 0x80003bf0 (0xf15c0083) lb      ra, -235(s8)
core   0: 3 0x80003bf0 (0xf15c0083) x 1 0x00000000 mem 0x800188f1
core   0: 0x80003bf4 (0x00b79a93) slli    s5, a5, 11
core   0: 3 0x80003bf4 (0x00b79a93) x21 0x125e6000
core   0: 0x80003bf8 (0xf15c4e83) lbu     t4, -235(s8)
core   0: 3 0x80003bf8 (0xf15c4e83) x29 0x00000000 mem 0x800188f1
core   0: 0x80003bfc (0xf15c4283) lbu     t0, -235(s8)
core   0: 3 0x80003bfc (0xf15c4283) x 5 0x00000000 mem 0x800188f1
core   0: 0x80003c00 (0x413208b3) sub     a7, tp, s3
core   0: 3 0x80003c00 (0x413208b3) x17 0x00000000
core   0: 0x80003c04 (0x10687593) andi    a1, a6, 262
core   0: 3 0x80003c04 (0x10687593) x11 0x00000000
core   0: 0x80003c08 (0xf15c4983) lbu     s3, -235(s8)
core   0: 3 0x80003c08 (0xf15c4983) x19 0x00000000 mem 0x800188f1
core   0: 0x80003c0c (0xf07c0aa3) sb      t2, -235(s8)
core   0: 3 0x80003c0c (0xf07c0aa3) mem 0x800188f1 0x93
core   0: 0x80003c10 (0xf15c4903) lbu     s2, -235(s8)
core   0: 3 0x80003c10 (0xf15c4903) x18 0x00000093 mem 0x800188f1
core   0: 0x80003c14 (0xf15c0f03) lb      t5, -235(s8)
core   0: 3 0x80003c14 (0xf15c0f03) x30 0xffffff93 mem 0x800188f1
core   0: 0x80003c18 (0x6a2a8e93) addi    t4, s5, 1698
core   0: 3 0x80003c18 (0x6a2a8e93) x29 0x125e66a2
core   0: 0x80003c1c (0xf1ec0aa3) sb      t5, -235(s8)
core   0: 3 0x80003c1c (0xf1ec0aa3) mem 0x800188f1 0x93
core   0: 0x80003c20 (0xf15c0903) lb      s2, -235(s8)
core   0: 3 0x80003c20 (0xf15c0903) x18 0xffffff93 mem 0x800188f1
core   0: 0x80003c24 (0xf15c0d83) lb      s11, -235(s8)
core   0: 3 0x80003c24 (0xf15c0d83) x27 0xffffff93 mem 0x800188f1
core   0: 0x80003c28 (0xf15c4203) lbu     tp, -235(s8)
core   0: 3 0x80003c28 (0xf15c4203) x 4 0x00000093 mem 0x800188f1
core   0: 0x80003c2c (0x00011b17) auipc   s6, 0x11
core   0: 3 0x80003c2c (0x00011b17) x22 0x80014c2c
core   0: 0x80003c30 (0x53fb0b13) addi    s6, s6, 1343
core   0: 3 0x80003c30 (0x53fb0b13) x22 0x8001516b
core   0: 0x80003c34 (0x795b0b23) sb      s5, 1942(s6)
core   0: 3 0x80003c34 (0x795b0b23) mem 0x80015901 0x0
core   0: 0x80003c38 (0x78db0b23) sb      a3, 1942(s6)
core   0: 3 0x80003c38 (0x78db0b23) mem 0x80015901 0x93
core   0: 0x80003c3c (0x074b4403) lbu     s0, 116(s6)
core   0: 3 0x80003c3c (0x074b4403) x 8 0x00000000 mem 0x800151df
core   0: 0x80003c40 (0xfda0ee13) ori     t3, ra, -38
core   0: 3 0x80003c40 (0xfda0ee13) x28 0xffffffda
core   0: 0x80003c44 (0x074b4a03) lbu     s4, 116(s6)
core   0: 3 0x80003c44 (0x074b4a03) x20 0x00000000 mem 0x800151df
core   0: 0x80003c48 (0x599b06b7) lui     a3, 0x599b0
core   0: 3 0x80003c48 (0x599b06b7) x13 0x599b0000
core   0: 0x80003c4c (0xf1db2aa3) sw      t4, -235(s6)
core   0: 3 0x80003c4c (0xf1db2aa3) mem 0x80015080 0x125e66a2
core   0: 0x80003c50 (0x7a3b5303) lhu     t1, 1955(s6)
core   0: 3 0x80003c50 (0x7a3b5303) x 6 0x00000000 mem 0x8001590e
core   0: 0x80003c54 (0xee5b4483) lbu     s1, -283(s6)
core   0: 3 0x80003c54 (0xee5b4483) x 9 0x00000000 mem 0x80015050
core   0: 0x80003c58 (0xf6fb07a3) sb      a5, -145(s6)
core   0: 3 0x80003c58 (0xf6fb07a3) mem 0x800150da 0xcc
core   0: 0x80003c5c (0xf6fb4303) lbu     t1, -145(s6)
core   0: 3 0x80003c5c (0xf6fb4303) x 6 0x000000cc mem 0x800150da
core   0: 0x80003c60 (0x2c6b0323) sb      t1, 710(s6)
core   0: 3 0x80003c60 (0x2c6b0323) mem 0x80015431 0xcc
core   0: 0x80003c64 (0x606b0923) sb      t1, 1554(s6)
core   0: 3 0x80003c64 (0x606b0923) mem 0x8001577d 0xcc
core   0: 0x80003c68 (0x612b0e03) lb      t3, 1554(s6)
core   0: 3 0x80003c68 (0x612b0e03) x28 0xffffffcc mem 0x8001577d
core   0: 0x80003c6c (0x7ccb0d03) lb      s10, 1996(s6)
core   0: 3 0x80003c6c (0x7ccb0d03) x26 0x00000000 mem 0x80015937
core   0: 0x80003c70 (0x567b4d83) lbu     s11, 1383(s6)
core   0: 3 0x80003c70 (0x567b4d83) x27 0x00000000 mem 0x800156d2
core   0: 0x80003c74 (0x567b4d83) lbu     s11, 1383(s6)
core   0: 3 0x80003c74 (0x567b4d83) x27 0x00000000 mem 0x800156d2
core   0: 0x80003c78 (0x567b0d83) lb      s11, 1383(s6)
core   0: 3 0x80003c78 (0x567b0d83) x27 0x00000000 mem 0x800156d2
core   0: 0x80003c7c (0x0043e233) or      tp, t2, tp
core   0: 3 0x80003c7c (0x0043e233) x 4 0x00000093
core   0: 0x80003c80 (0x2bbb4683) lbu     a3, 699(s6)
core   0: 3 0x80003c80 (0x2bbb4683) x13 0x00000000 mem 0x80015426
core   0: 0x80003c84 (0x2bbb0083) lb      ra, 699(s6)
core   0: 3 0x80003c84 (0x2bbb0083) x 1 0x00000000 mem 0x80015426
core   0: 0x80003c88 (0x00f491b3) sll     gp, s1, a5
core   0: 3 0x80003c88 (0x00f491b3) x 3 0x00000000
core   0: 0x80003c8c (0x19db07a3) sb      t4, 399(s6)
core   0: 3 0x80003c8c (0x19db07a3) mem 0x800152fa 0xa2
core   0: 0x80003c90 (0xfc8b4203) lbu     tp, -56(s6)
core   0: 3 0x80003c90 (0xfc8b4203) x 4 0x0000004e mem 0x80015133
core   0: 0x80003c94 (0x0001ca97) auipc   s5, 0x1c
core   0: 3 0x80003c94 (0x0001ca97) x21 0x8001fc94
core   0: 0x80003c98 (0x04fa8a93) addi    s5, s5, 79
core   0: 3 0x80003c98 (0x04fa8a93) x21 0x8001fce3
core   0: 0x80003c9c (0x011a8123) sb      a7, 2(s5)
core   0: 3 0x80003c9c (0x011a8123) mem 0x8001fce5 0x0
core   0: 0x80003ca0 (0x009a8123) sb      s1, 2(s5)
core   0: 3 0x80003ca0 (0x009a8123) mem 0x8001fce5 0x0
core   0: 0x80003ca4 (0x005e0cb3) add     s9, t3, t0
core   0: 3 0x80003ca4 (0x005e0cb3) x25 0xffffffcc
core   0: 0x80003ca8 (0x017a8123) sb      s7, 2(s5)
core   0: 3 0x80003ca8 (0x017a8123) mem 0x8001fce5 0xb3
core   0: 0x80003cac (0x1e62e813) ori     a6, t0, 486
core   0: 3 0x80003cac (0x1e62e813) x16 0x000001e6
core   0: 0x80003cb0 (0xde1aa793) slti    a5, s5, -543
core   0: 3 0x80003cb0 (0xde1aa793) x15 0x00000001
core   0: 0x80003cb4 (0x002ac303) lbu     t1, 2(s5)
core   0: 3 0x80003cb4 (0x002ac303) x 6 0x000000b3 mem 0x8001fce5
core   0: 0x80003cb8 (0x002ace83) lbu     t4, 2(s5)
core   0: 3 0x80003cb8 (0x002ace83) x29 0x000000b3 mem 0x8001fce5
core   0: 0x80003cbc (0xff3a8923) sb      s3, -14(s5)
core   0: 3 0x80003cbc (0xff3a8923) mem 0x8001fcd5 0x0
core   0: 0x80003cc0 (0xff2ac083) lbu     ra, -14(s5)
core   0: 3 0x80003cc0 (0xff2ac083) x 1 0x00000000 mem 0x8001fcd5
core   0: 0x80003cc4 (0xfe6a8923) sb      t1, -14(s5)
core   0: 3 0x80003cc4 (0xfe6a8923) mem 0x8001fcd5 0xb3
core   0: 0x80003cc8 (0xfffa9e03) lh      t3, -1(s5)
core   0: 3 0x80003cc8 (0xfffa9e03) x28 0x00000000 mem 0x8001fce2
core   0: 0x80003ccc (0x0c787193) andi    gp, a6, 199
core   0: 3 0x80003ccc (0x0c787193) x 3 0x000000c6
core   0: 0x80003cd0 (0x328d0413) addi    s0, s10, 808
core   0: 3 0x80003cd0 (0x328d0413) x 8 0x00000328
core   0: 0x80003cd4 (0xfeea8fa3) sb      a4, -1(s5)
core   0: 3 0x80003cd4 (0xfeea8fa3) mem 0x8001fce2 0x1
core   0: 0x80003cd8 (0x005aa483) lw      s1, 5(s5)
core   0: 3 0x80003cd8 (0x005aa483) x 9 0x00000000 mem 0x8001fce8
core   0: 0x80003cdc (0x00bac183) lbu     gp, 11(s5)
core   0: 3 0x80003cdc (0x00bac183) x 3 0x00000000 mem 0x8001fcee
core   0: 0x80003ce0 (0xfeba8c23) sb      a1, -8(s5)
core   0: 3 0x80003ce0 (0xfeba8c23) mem 0x8001fcdb 0x0
core   0: 0x80003ce4 (0x0092e0b3) or      ra, t0, s1
core   0: 3 0x80003ce4 (0x0092e0b3) x 1 0x00000000
core   0: 0x80003ce8 (0x004a8f83) lb      t6, 4(s5)
core   0: 3 0x80003ce8 (0x004a8f83) x31 0x00000000 mem 0x8001fce7
core   0: 0x80003cec (0x001a8223) sb      ra, 4(s5)
core   0: 3 0x80003cec (0x001a8223) mem 0x8001fce7 0x0
core   0: 0x80003cf0 (0x00014917) auipc   s2, 0x14
core   0: 3 0x80003cf0 (0x00014917) x18 0x80017cf0
core   0: 0x80003cf4 (0xcdb90913) addi    s2, s2, -805
core   0: 3 0x80003cf4 (0xcdb90913) x18 0x800179cb
core   0: 0x80003cf8 (0x0001c697) auipc   a3, 0x1c
core   0: 3 0x80003cf8 (0x0001c697) x13 0x8001fcf8
core   0: 0x80003cfc (0x92468693) addi    a3, a3, -1756
core   0: 3 0x80003cfc (0x92468693) x13 0x8001f61c
core   0: 0x80003d00 (0x00022d17) auipc   s10, 0x22
core   0: 3 0x80003d00 (0x00022d17) x26 0x80025d00
core   0: 0x80003d04 (0xbf9d0d13) addi    s10, s10, -1031
core   0: 3 0x80003d04 (0xbf9d0d13) x26 0x800258f9
core   0: 0x80003d08 (0x00468423) sb      tp, 8(a3)
core   0: 3 0x80003d08 (0x00468423) mem 0x8001f624 0x4e
core   0: 0x80003d0c (0x00014f97) auipc   t6, 0x14
core   0: 3 0x80003d0c (0x00014f97) x31 0x80017d0c
core   0: 0x80003d10 (0x582f8f93) addi    t6, t6, 1410
core   0: 3 0x80003d10 (0x582f8f93) x31 0x8001828e
core   0: 0x80003d14 (0x0a1d4e83) lbu     t4, 161(s10)
core   0: 3 0x80003d14 (0x0a1d4e83) x29 0x00000000 mem 0x8002599a
core   0: 0x80003d18 (0xfff6cb03) lbu     s6, -1(a3)
core   0: 3 0x80003d18 (0xfff6cb03) x22 0x00000000 mem 0x8001f61b
core   0: 0x80003d1c (0x02e90983) lb      s3, 46(s2)
core   0: 3 0x80003d1c (0x02e90983) x19 0x00000000 mem 0x800179f9
core   0: 0x80003d20 (0xf0e916a3) sh      a4, -243(s2)
core   0: 3 0x80003d20 (0xf0e916a3) mem 0x800178d8 0x0001
core   0: 0x80003d24 (0x01390623) sb      s3, 12(s2)
core   0: 3 0x80003d24 (0x01390623) mem 0x800179d7 0x0
core   0: 0x80003d28 (0x001fc703) lbu     a4, 1(t6)
core   0: 3 0x80003d28 (0x001fc703) x14 0x00000000 mem 0x8001828f
core   0: 0x80003d2c (0xffbf8c03) lb      s8, -5(t6)
core   0: 3 0x80003d2c (0xffbf8c03) x24 0x00000000 mem 0x80018289
core   0: 0x80003d30 (0xf8dd4b03) lbu     s6, -115(s10)
core   0: 3 0x80003d30 (0xf8dd4b03) x22 0x00000000 mem 0x80025886
core   0: 0x80003d34 (0x02990003) lb      zero, 41(s2)
core   0: 3 0x80003d34 (0x02990003) mem 0x800179f4
core   0: 0x80003d38 (0xf39d5803) lhu     a6, -199(s10)
core   0: 3 0x80003d38 (0xf39d5803) x16 0x00000000 mem 0x80025832
core   0: 0x80003d3c (0x04bd2083) lw      ra, 75(s10)
core   0: 3 0x80003d3c (0x04bd2083) x 1 0x00000000 mem 0x80025944
core   0: 0x80003d40 (0xff7f8c23) sb      s7, -8(t6)
core   0: 3 0x80003d40 (0xff7f8c23) mem 0x80018286 0xb3
core   0: 0x80003d44 (0x05294b03) lbu     s6, 82(s2)
core   0: 3 0x80003d44 (0x05294b03) x22 0x00000000 mem 0x80017a1d
core   0: 0x80003d48 (0xff668da3) sb      s6, -5(a3)
core   0: 3 0x80003d48 (0xff668da3) mem 0x8001f617 0x0
core   0: 0x80003d4c (0xff469583) lh      a1, -12(a3)
core   0: 3 0x80003d4c (0xff469583) x11 0x00000000 mem 0x8001f610
core   0: 0x80003d50 (0x031d14a3) sh      a7, 41(s10)
core   0: 3 0x80003d50 (0x031d14a3) mem 0x80025922 0x0000
core   0: 0x80003d54 (0x018f9123) sh      s8, 2(t6)
core   0: 3 0x80003d54 (0x018f9123) mem 0x80018290 0x0000
core   0: 0x80003d58 (0x036d0183) lb      gp, 54(s10)
core   0: 3 0x80003d58 (0x036d0183) x 3 0x00000000 mem 0x8002592f
core   0: 0x80003d5c (0xffdfc403) lbu     s0, -3(t6)
core   0: 3 0x80003d5c (0xffdfc403) x 8 0x00000000 mem 0x8001828b
core   0: 0x80003d60 (0x08590283) lb      t0, 133(s2)
core   0: 3 0x80003d60 (0x08590283) x 5 0x00000000 mem 0x80017a50
core   0: 0x80003d64 (0xf14d0c23) sb      s4, -232(s10)
core   0: 3 0x80003d64 (0xf14d0c23) mem 0x80025811 0x0
core   0: 0x80003d68 (0x003fc703) lbu     a4, 3(t6)
core   0: 3 0x80003d68 (0x003fc703) x14 0x00000000 mem 0x80018291
core   0: 0x80003d6c (0xff6fd083) lhu     ra, -10(t6)
core   0: 3 0x80003d6c (0xff6fd083) x 1 0x00000000 mem 0x80018284
core   0: 0x80003d70 (0xff96cd83) lbu     s11, -7(a3)
core   0: 3 0x80003d70 (0xff96cd83) x27 0x00000000 mem 0x8001f615
core   0: 0x80003d74 (0x06790a83) lb      s5, 103(s2)
core   0: 3 0x80003d74 (0x06790a83) x21 0x00000000 mem 0x80017a32
core   0: 0x80003d78 (0x01b69523) sh      s11, 10(a3)
core   0: 3 0x80003d78 (0x01b69523) mem 0x8001f626 0x0000
core   0: 0x80003d7c (0x046d4b03) lbu     s6, 70(s10)
core   0: 3 0x80003d7c (0x046d4b03) x22 0x00000000 mem 0x8002593f
core   0: 0x80003d80 (0xfe4f8ba3) sb      tp, -9(t6)
core   0: 3 0x80003d80 (0xfe4f8ba3) mem 0x80018285 0x4e
core   0: 0x80003d84 (0x0f894803) lbu     a6, 248(s2)
core   0: 3 0x80003d84 (0x0f894803) x16 0x00000000 mem 0x80017ac3
core   0: 0x80003d88 (0x07a94003) lbu     zero, 122(s2)
core   0: 3 0x80003d88 (0x07a94003) mem 0x80017a45
core   0: 0x80003d8c (0x00012a97) auipc   s5, 0x12
core   0: 3 0x80003d8c (0x00012a97) x21 0x80015d8c
core   0: 0x80003d90 (0xe78a8a93) addi    s5, s5, -392
core   0: 3 0x80003d90 (0xe78a8a93) x21 0x80015c04
core   0: 0x80003d94 (0x05aa9783) lh      a5, 90(s5)
core   0: 3 0x80003d94 (0x05aa9783) x15 0x00000000 mem 0x80015c5e
core   0: 0x80003d98 (0x1bfa8f23) sb      t6, 446(s5)
core   0: 3 0x80003d98 (0x1bfa8f23) mem 0x80015dc2 0x8e
core   0: 0x80003d9c (0x38aa8a23) sb      a0, 916(s5)
core   0: 3 0x80003d9c (0x38aa8a23) mem 0x80015f98 0xe4
core   0: 0x80003da0 (0xf08ad283) lhu     t0, -248(s5)
core   0: 3 0x80003da0 (0xf08ad283) x 5 0x0000e900 mem 0x80015b0c
core   0: 0x80003da4 (0x0070a433) slt     s0, ra, t2
core   0: 3 0x80003da4 (0x0070a433) x 8 0x00000001
core   0: 0x80003da8 (0x4023d3b3) sra     t2, t2, sp
core   0: 3 0x80003da8 (0x4023d3b3) x 7 0x00000009
core   0: 0x80003dac (0x8edac703) lbu     a4, -1811(s5)
core   0: 3 0x80003dac (0x8edac703) x14 0x00000000 mem 0x800154f1
core   0: 0x80003db0 (0x0000100f) fence.i
core   0: 3 0x80003db0 (0x0000100f)
core   0: 0x80003db4 (0x0b336e13) ori     t3, t1, 179
core   0: 3 0x80003db4 (0x0b336e13) x28 0x000000b3
core   0: 0x80003db8 (0x578e8397) auipc   t2, 0x578e8
core   0: 3 0x80003db8 (0x578e8397) x 7 0xd78ebdb8
core   0: 0x80003dbc (0x0ff0000f) fence   iorw,iorw
core   0: 3 0x80003dbc (0x0ff0000f)
core   0: 0x80003dc0 (0x04fa9123) sh      a5, 66(s5)
core   0: 3 0x80003dc0 (0x04fa9123) mem 0x80015c46 0x0000
core   0: 0x80003dc4 (0x0000100f) fence.i
core   0: 3 0x80003dc4 (0x0000100f)
core   0: 0x80003dc8 (0xd62a84a3) sb      sp, -663(s5)
core   0: 3 0x80003dc8 (0xd62a84a3) mem 0x8001596d 0x64
core   0: 0x80003dcc (0xfc7a8f83) lb      t6, -57(s5)
core   0: 3 0x80003dcc (0xfc7a8f83) x31 0x00000000 mem 0x80015bcb
core   0: 0x80003dd0 (0x926a8ea3) sb      t1, -1731(s5)
core   0: 3 0x80003dd0 (0x926a8ea3) mem 0x80015541 0xb3
core   0: 0x80003dd4 (0x01fcd013) srli    zero, s9, 31
core   0: 3 0x80003dd4 (0x01fcd013)
core   0: 0x80003dd8 (0x00f4a433) slt     s0, s1, a5
core   0: 3 0x80003dd8 (0x00f4a433) x 8 0x00000000
core   0: 0x80003ddc (0x9f9acc83) lbu     s9, -1543(s5)
core   0: 3 0x80003ddc (0x9f9acc83) x25 0x00000000 mem 0x800155fd
core   0: 0x80003de0 (0xbefc3c93) sltiu   s9, s8, -1041
core   0: 3 0x80003de0 (0xbefc3c93) x25 0x00000001
core   0: 0x80003de4 (0x2efac803) lbu     a6, 751(s5)
core   0: 3 0x80003de4 (0x2efac803) x16 0x00000000 mem 0x80015ef3
core   0: 0x80003de8 (0x2e1ac203) lbu     tp, 737(s5)
core   0: 3 0x80003de8 (0x2e1ac203) x 4 0x00000000 mem 0x80015ee5
core   0: 0x80003dec (0x45437e93) andi    t4, t1, 1108
core   0: 3 0x80003dec (0x45437e93) x29 0x00000010
core   0: 0x80003df0 (0x26caae83) lw      t4, 620(s5)
core   0: 3 0x80003df0 (0x26caae83) x29 0x00000000 mem 0x80015e70
core   0: 0x80003df4 (0xbafa9f23) sh      a5, -1090(s5)
core   0: 3 0x80003df4 (0xbafa9f23) mem 0x800157c2 0x0000
core   0: 0x80003df8 (0xf371ff97) auipc   t6, 0xf371f
core   0: 3 0x80003df8 (0xf371ff97) x31 0x73722df8
core   0: 0x80003dfc (0xda6ad803) lhu     a6, -602(s5)
core   0: 3 0x80003dfc (0xda6ad803) x16 0x00000000 mem 0x800159aa
core   0: 0x80003e00 (0x436a8e03) lb      t3, 1078(s5)
core   0: 3 0x80003e00 (0x436a8e03) x28 0x00000000 mem 0x8001603a
core   0: 0x80003e04 (0xee9acb03) lbu     s6, -279(s5)
core   0: 3 0x80003e04 (0xee9acb03) x22 0x00000000 mem 0x80015aed
core   0: 0x80003e08 (0x00fafb33) and     s6, s5, a5
core   0: 3 0x80003e08 (0x00fafb33) x22 0x00000000
core   0: 0x80003e0c (0x41f9dfb3) sra     t6, s3, t6
core   0: 3 0x80003e0c (0x41f9dfb3) x31 0x00000000
core   0: 0x80003e10 (0x00909813) slli    a6, ra, 9
core   0: 3 0x80003e10 (0x00909813) x16 0x00000000
core   0: 0x80003e14 (0x09e90413) addi    s0, s2, 158
core   0: 3 0x80003e14 (0x09e90413) x 8 0x80017a69
core   0: 0x80003e18 (0x41748c33) sub     s8, s1, s7
core   0: 3 0x80003e18 (0x41748c33) x24 0x2e11554d
core   0: 0x80003e1c (0x01142f33) slt     t5, s0, a7
core   0: 3 0x80003e1c (0x01142f33) x30 0x00000001
core   0: 0x80003e20 (0x41b456b3) sra     a3, s0, s11
core   0: 3 0x80003e20 (0x41b456b3) x13 0x80017a69
core   0: 0x80003e24 (0x0000100f) fence.i
core   0: 3 0x80003e24 (0x0000100f)
core   0: 0x80003e28 (0xdc8a80a3) sb      s0, -575(s5)
core   0: 3 0x80003e28 (0xdc8a80a3) mem 0x800159c5 0x69
core   0: 0x80003e2c (0x01eb12b3) sll     t0, s6, t5
core   0: 3 0x80003e2c (0x01eb12b3) x 5 0x00000000
core   0: 0x80003e30 (0x2eba8583) lb      a1, 747(s5)
core   0: 3 0x80003e30 (0x2eba8583) x11 0x00000000 mem 0x80015eef
core   0: 0x80003e34 (0x8afa0c37) lui     s8, 0x8afa0
core   0: 3 0x80003e34 (0x8afa0c37) x24 0x8afa0000
core   0: 0x80003e38 (0x0ddac903) lbu     s2, 221(s5)
core   0: 3 0x80003e38 (0x0ddac903) x18 0x00000000 mem 0x80015ce1
core   0: 0x80003e3c (0x077a8403) lb      s0, 119(s5)
core   0: 3 0x80003e3c (0x077a8403) x 8 0x00000000 mem 0x80015c7b
core   0: 0x80003e40 (0x9d6a8f03) lb      t5, -1578(s5)
core   0: 3 0x80003e40 (0x9d6a8f03) x30 0x00000000 mem 0x800155da
core   0: 0x80003e44 (0x96dba193) slti    gp, s7, -1683
core   0: 3 0x80003e44 (0x96dba193) x 3 0x00000001
core   0: 0x80003e48 (0xbf3a87a3) sb      s3, -1041(s5)
core   0: 3 0x80003e48 (0xbf3a87a3) mem 0x800157f3 0x0
core   0: 0x80003e4c (0x002a8603) lb      a2, 2(s5)
core   0: 3 0x80003e4c (0x002a8603) x12 0x00000000 mem 0x80015c06
core   0: 0x80003e50 (0xdd5a7213) andi    tp, s4, -555
core   0: 3 0x80003e50 (0xdd5a7213) x 4 0x00000000
core   0: 0x80003e54 (0x134a8003) lb      zero, 308(s5)
core   0: 3 0x80003e54 (0x134a8003) mem 0x80015d38
core   0: 0x80003e58 (0x002ade13) srli    t3, s5, 2
core   0: 3 0x80003e58 (0x002ade13) x28 0x20005701
core   0: 0x80003e5c (0x193acc03) lbu     s8, 403(s5)
core   0: 3 0x80003e5c (0x193acc03) x24 0x00000000 mem 0x80015d97
core   0: 0x80003e60 (0xd54a8aa3) sb      s4, -683(s5)
core   0: 3 0x80003e60 (0xd54a8aa3) mem 0x80015959 0x0
core   0: 0x80003e64 (0xcdca8123) sb      t3, -830(s5)
core   0: 3 0x80003e64 (0xcdca8123) mem 0x800158c6 0x1
core   0: 0x80003e68 (0x00021a97) auipc   s5, 0x21
core   0: 3 0x80003e68 (0x00021a97) x21 0x80024e68
core   0: 0x80003e6c (0x40aa8a93) addi    s5, s5, 1034
core   0: 3 0x80003e6c (0x40aa8a93) x21 0x80025272
core   0: 0x80003e70 (0xfe6acd03) lbu     s10, -26(s5)
core   0: 3 0x80003e70 (0xfe6acd03) x26 0x00000000 mem 0x80025258
core   0: 0x80003e74 (0xfc9a8083) lb      ra, -55(s5)
core   0: 3 0x80003e74 (0xfc9a8083) x 1 0x00000000 mem 0x8002523b
core   0: 0x80003e78 (0x00012317) auipc   t1, 0x12
core   0: 3 0x80003e78 (0x00012317) x 6 0x80015e78
core   0: 0x80003e7c (0xb1e30313) addi    t1, t1, -1250
core   0: 3 0x80003e7c (0xb1e30313) x 6 0x80015996
core   0: 0x80003e80 (0xfc632d03) lw      s10, -58(t1)
core   0: 3 0x80003e80 (0xfc632d03) x26 0x00000000 mem 0x8001595c
core   0: 0x80003e84 (0x02ba83a3) sb      a1, 39(s5)
core   0: 3 0x80003e84 (0x02ba83a3) mem 0x80025299 0x0
core   0: 0x80003e88 (0x02dac183) lbu     gp, 45(s5)
core   0: 3 0x80003e88 (0x02dac183) x 3 0x00000000 mem 0x8002529f
core   0: 0x80003e8c (0x00631523) sh      t1, 10(t1)
core   0: 3 0x80003e8c (0x00631523) mem 0x800159a0 0x5996
core   0: 0x80003e90 (0xff2aae83) lw      t4, -14(s5)
core   0: 3 0x80003e90 (0xff2aae83) x29 0x00000000 mem 0x80025264
core   0: 0x80003e94 (0x04031a03) lh      s4, 64(t1)
core   0: 3 0x80003e94 (0x04031a03) x20 0x00000000 mem 0x800159d6
core   0: 0x80003e98 (0xfe3a8983) lb      s3, -29(s5)
core   0: 3 0x80003e98 (0xfe3a8983) x19 0x00000000 mem 0x80025255
core   0: 0x80003e9c (0x019ac583) lbu     a1, 25(s5)
core   0: 3 0x80003e9c (0x019ac583) x11 0x00000000 mem 0x8002528b
core   0: 0x80003ea0 (0x028a8703) lb      a4, 40(s5)
core   0: 3 0x80003ea0 (0x028a8703) x14 0x00000000 mem 0x8002529a
core   0: 0x80003ea4 (0xfd834583) lbu     a1, -40(t1)
core   0: 3 0x80003ea4 (0xfd834583) x11 0x00000000 mem 0x8001596e
core   0: 0x80003ea8 (0xfd330903) lb      s2, -45(t1)
core   0: 3 0x80003ea8 (0xfd330903) x18 0x00000000 mem 0x80015969
core   0: 0x80003eac (0x00012097) auipc   ra, 0x12
core   0: 3 0x80003eac (0x00012097) x 1 0x80015eac
core   0: 0x80003eb0 (0xc9a08093) addi    ra, ra, -870
core   0: 3 0x80003eb0 (0xc9a08093) x 1 0x80015b46
core   0: 0x80003eb4 (0x0280ab23) sw      s0, 54(ra)
core   0: 3 0x80003eb4 (0x0280ab23) mem 0x80015b7c 0x00000000
core   0: 0x80003eb8 (0x0000100f) fence.i
core   0: 3 0x80003eb8 (0x0000100f)
core   0: 0x80003ebc (0x411edab3) sra     s5, t4, a7
core   0: 3 0x80003ebc (0x411edab3) x21 0x00000000
core   0: 0x80003ec0 (0x414fd733) sra     a4, t6, s4
core   0: 3 0x80003ec0 (0x414fd733) x14 0x00000000
core   0: 0x80003ec4 (0x0127efb3) or      t6, a5, s2
core   0: 3 0x80003ec4 (0x0127efb3) x31 0x00000000
core   0: 0x80003ec8 (0x00571913) slli    s2, a4, 5
core   0: 3 0x80003ec8 (0x00571913) x18 0x00000000
core   0: 0x80003ecc (0x0f9ce893) ori     a7, s9, 249
core   0: 3 0x80003ecc (0x0f9ce893) x17 0x000000f9
core   0: 0x80003ed0 (0x00000013) nop
core   0: 3 0x80003ed0 (0x00000013)
core   0: 0x80003ed4 (0x0ff0000f) fence   iorw,iorw
core   0: 3 0x80003ed4 (0x0ff0000f)
core   0: 0x80003ed8 (0xa54c0d17) auipc   s10, 0xa54c0
core   0: 3 0x80003ed8 (0xa54c0d17) x26 0x254c3ed8
core   0: 0x80003edc (0xfe308ea3) sb      gp, -3(ra)
core   0: 3 0x80003edc (0xfe308ea3) mem 0x80015b43 0x0
core   0: 0x80003ee0 (0xdff8bb13) sltiu   s6, a7, -513
core   0: 3 0x80003ee0 (0xdff8bb13) x22 0x00000001
core   0: 0x80003ee4 (0xfc109f23) sh      ra, -34(ra)
core   0: 3 0x80003ee4 (0xfc109f23) mem 0x80015b24 0x5b46
core   0: 0x80003ee8 (0x005965b3) or      a1, s2, t0
core   0: 3 0x80003ee8 (0x005965b3) x11 0x00000000
core   0: 0x80003eec (0x0000100f) fence.i
core   0: 3 0x80003eec (0x0000100f)
core   0: 0x80003ef0 (0xfec0cd03) lbu     s10, -20(ra)
core   0: 3 0x80003ef0 (0xfec0cd03) x26 0x00000000 mem 0x80015b32
core   0: 0x80003ef4 (0x00c0d383) lhu     t2, 12(ra)
core   0: 3 0x80003ef4 (0x00c0d383) x 7 0x00000000 mem 0x80015b52
core   0: 0x80003ef8 (0x00000013) nop
core   0: 3 0x80003ef8 (0x00000013)
core   0: 0x80003efc (0x7fcd8393) addi    t2, s11, 2044
core   0: 3 0x80003efc (0x7fcd8393) x 7 0x000007fc
core   0: 0x80003f00 (0x01a09023) sh      s10, 0(ra)
core   0: 3 0x80003f00 (0x01a09023) mem 0x80015b46 0x0000
core   0: 0x80003f04 (0x00a9efb3) or      t6, s3, a0
core   0: 3 0x80003f04 (0x00a9efb3) x31 0x8002ece4
core   0: 0x80003f08 (0x0000de33) srl     t3, ra, zero
core   0: 3 0x80003f08 (0x0000de33) x28 0x80015b46
core   0: 0x80003f0c (0x03508723) sb      s5, 46(ra)
core   0: 3 0x80003f0c (0x03508723) mem 0x80015b74 0x0
core   0: 0x80003f10 (0xfe808d03) lb      s10, -24(ra)
core   0: 3 0x80003f10 (0xfe808d03) x26 0x00000000 mem 0x80015b2e
core   0: 0x80003f14 (0x01508ba3) sb      s5, 23(ra)
core   0: 3 0x80003f14 (0x01508ba3) mem 0x80015b5d 0x0
core   0: 0x80003f18 (0x01c9b5b3) sltu    a1, s3, t3
core   0: 3 0x80003f18 (0x01c9b5b3) x11 0x00000001
core   0: 0x80003f1c (0x4cd8fc13) andi    s8, a7, 1229
core   0: 3 0x80003f1c (0x4cd8fc13) x24 0x000000c9
core   0: 0x80003f20 (0xfca08583) lb      a1, -54(ra)
core   0: 3 0x80003f20 (0xfca08583) x11 0x00000000 mem 0x80015b10
core   0: 0x80003f24 (0x00f93333) sltu    t1, s2, a5
core   0: 3 0x80003f24 (0x00f93333) x 6 0x00000000
core   0: 0x80003f28 (0x013083a3) sb      s3, 7(ra)
core   0: 3 0x80003f28 (0x013083a3) mem 0x80015b4d 0x0
core   0: 0x80003f2c (0x0ff0000f) fence   iorw,iorw
core   0: 3 0x80003f2c (0x0ff0000f)
core   0: 0x80003f30 (0xfe908603) lb      a2, -23(ra)
core   0: 3 0x80003f30 (0xfe908603) x12 0x00000000 mem 0x80015b2f
core   0: 0x80003f34 (0x017b4fb3) xor     t6, s6, s7
core   0: 3 0x80003f34 (0x017b4fb3) x31 0xd1eeaab2
core   0: 0x80003f38 (0x00608ca3) sb      t1, 25(ra)
core   0: 3 0x80003f38 (0x00608ca3) mem 0x80015b5f 0x0
core   0: 0x80003f3c (0x003a6d33) or      s10, s4, gp
core   0: 3 0x80003f3c (0x003a6d33) x26 0x00000000
core   0: 0x80003f40 (0x00408883) lb      a7, 4(ra)
core   0: 3 0x80003f40 (0x00408883) x17 0x00000000 mem 0x80015b4a
core   0: 0x80003f44 (0x40850c33) sub     s8, a0, s0
core   0: 3 0x80003f44 (0x40850c33) x24 0x8002ece4
core   0: 0x80003f48 (0xfdb0c783) lbu     a5, -37(ra)
core   0: 3 0x80003f48 (0xfdb0c783) x15 0x00000000 mem 0x80015b21
core   0: 0x80003f4c (0x0000d403) lhu     s0, 0(ra)
core   0: 3 0x80003f4c (0x0000d403) x 8 0x00000000 mem 0x80015b46
core   0: 0x80003f50 (0xfd708f83) lb      t6, -41(ra)
core   0: 3 0x80003f50 (0xfd708f83) x31 0x00000000 mem 0x80015b1d
core   0: 0x80003f54 (0xfcc08183) lb      gp, -52(ra)
core   0: 3 0x80003f54 (0xfcc08183) x 3 0x00000000 mem 0x80015b12
core   0: 0x80003f58 (0x014e1d33) sll     s10, t3, s4
core   0: 3 0x80003f58 (0x014e1d33) x26 0x80015b46
core   0: 0x80003f5c (0xe3d555b7) lui     a1, 0xe3d55
core   0: 3 0x80003f5c (0xe3d555b7) x11 0xe3d55000
core   0: 0x80003f60 (0x004bf5b3) and     a1, s7, tp
core   0: 3 0x80003f60 (0x004bf5b3) x11 0x00000000
core   0: 0x80003f64 (0x0220df83) lhu     t6, 34(ra)
core   0: 3 0x80003f64 (0x0220df83) x31 0x00000000 mem 0x80015b68
core   0: 0x80003f68 (0x0ff0000f) fence   iorw,iorw
core   0: 3 0x80003f68 (0x0ff0000f)
core   0: 0x80003f6c (0x007f4ab3) xor     s5, t5, t2
core   0: 3 0x80003f6c (0x007f4ab3) x21 0x000007fc
core   0: 0x80003f70 (0x01521ab3) sll     s5, tp, s5
core   0: 3 0x80003f70 (0x01521ab3) x21 0x00000000
core   0: 0x80003f74 (0x00ab9d93) slli    s11, s7, 10
core   0: 3 0x80003f74 (0x00ab9d93) x27 0xbaaacc00
core   0: 0x80003f78 (0x01408fa3) sb      s4, 31(ra)
core   0: 3 0x80003f78 (0x01408fa3) mem 0x80015b65 0x0
core   0: 0x80003f7c (0xfcd0cf03) lbu     t5, -51(ra)
core   0: 3 0x80003f7c (0xfcd0cf03) x30 0x00000000 mem 0x80015b13
core   0: 0x80003f80 (0x0001d917) auipc   s2, 0x1d
core   0: 3 0x80003f80 (0x0001d917) x18 0x80020f80
core   0: 0x80003f84 (0x64590913) addi    s2, s2, 1605
core   0: 3 0x80003f84 (0x64590913) x18 0x800215c5
core   0: 0x80003f88 (0x00990003) lb      zero, 9(s2)
core   0: 3 0x80003f88 (0x00990003) mem 0x800215ce
core   0: 0x80003f8c (0xff894f03) lbu     t5, -8(s2)
core   0: 3 0x80003f8c (0xff894f03) x30 0x00000000 mem 0x800215bd
core   0: 0x80003f90 (0x40ead593) srai    a1, s5, 14
core   0: 3 0x80003f90 (0x40ead593) x11 0x00000000
core   0: 0x80003f94 (0x00290383) lb      t2, 2(s2)
core   0: 3 0x80003f94 (0x00290383) x 7 0x00000000 mem 0x800215c7
core   0: 0x80003f98 (0x42783f93) sltiu   t6, a6, 1063
core   0: 3 0x80003f98 (0x42783f93) x31 0x00000001
core   0: 0x80003f9c (0x5973c493) xori    s1, t2, 1431
core   0: 3 0x80003f9c (0x5973c493) x 9 0x00000597
core   0: 0x80003fa0 (0x0009a4b3) slt     s1, s3, zero
core   0: 3 0x80003fa0 (0x0009a4b3) x 9 0x00000000
core   0: 0x80003fa4 (0x003bad33) slt     s10, s7, gp
core   0: 3 0x80003fa4 (0x003bad33) x26 0x00000001
core   0: 0x80003fa8 (0xa025fe13) andi    t3, a1, -1534
core   0: 3 0x80003fa8 (0xa025fe13) x28 0x00000000
core   0: 0x80003fac (0x00dc79b3) and     s3, s8, a3
core   0: 3 0x80003fac (0x00dc79b3) x19 0x80006860
core   0: 0x80003fb0 (0xff994e83) lbu     t4, -7(s2)
core   0: 3 0x80003fb0 (0xff994e83) x29 0x00000000 mem 0x800215be
core   0: 0x80003fb4 (0x013626b3) slt     a3, a2, s3
core   0: 3 0x80003fb4 (0x013626b3) x13 0x00000000
core   0: 0x80003fb8 (0x0156d393) srli    t2, a3, 21
core   0: 3 0x80003fb8 (0x0156d393) x 7 0x00000000
core   0: 0x80003fbc (0x00089e93) slli    t4, a7, 0
core   0: 3 0x80003fbc (0x00089e93) x29 0x00000000
core   0: 0x80003fc0 (0x00000013) nop
core   0: 3 0x80003fc0 (0x00000013)
core   0: 0x80003fc4 (0x00bfcd33) xor     s10, t6, a1
core   0: 3 0x80003fc4 (0x00bfcd33) x26 0x00000001
core   0: 0x80003fc8 (0x01b747b3) xor     a5, a4, s11
core   0: 3 0x80003fc8 (0x01b747b3) x15 0xbaaacc00
core   0: 0x80003fcc (0x01a4f1b3) and     gp, s1, s10
core   0: 3 0x80003fcc (0x01a4f1b3) x 3 0x00000000
core   0: 0x80003fd0 (0x01ce2fb3) slt     t6, t3, t3
core   0: 3 0x80003fd0 (0x01ce2fb3) x31 0x00000000
core   0: 0x80003fd4 (0xa14bb193) sltiu   gp, s7, -1516
core   0: 3 0x80003fd4 (0xa14bb193) x 3 0x00000001
core   0: 0x80003fd8 (0xa53a2893) slti    a7, s4, -1453
core   0: 3 0x80003fd8 (0xa53a2893) x17 0x00000000
core   0: 0x80003fdc (0xfe891fa3) sh      s0, -1(s2)
core   0: 3 0x80003fdc (0xfe891fa3) mem 0x800215c4 0x0000
core   0: 0x80003fe0 (0x40d4d413) srai    s0, s1, 13
core   0: 3 0x80003fe0 (0x40d4d413) x 8 0x00000000
core   0: 0x80003fe4 (0xffe90f23) sb      t5, -2(s2)
core   0: 3 0x80003fe4 (0xffe90f23) mem 0x800215c3 0x0
core   0: 0x80003fe8 (0x434f0197) auipc   gp, 0x434f0
core   0: 3 0x80003fe8 (0x434f0197) x 3 0xc34f3fe8
core   0: 0x80003fec (0x00e94a03) lbu     s4, 14(s2)
core   0: 3 0x80003fec (0x00e94a03) x20 0x00000000 mem 0x800215d3
core   0: 0x80003ff0 (0xff990a83) lb      s5, -7(s2)
core   0: 3 0x80003ff0 (0xff990a83) x21 0x00000000 mem 0x800215be
core   0: 0x80003ff4 (0xff392583) lw      a1, -13(s2)
core   0: 3 0x80003ff4 (0xff392583) x11 0x00000000 mem 0x800215b8
core   0: 0x80003ff8 (0xb4e53893) sltiu   a7, a0, -1202
core   0: 3 0x80003ff8 (0xb4e53893) x17 0x00000001
core   0: 0x80003ffc (0x00a5c333) xor     t1, a1, a0
core   0: 3 0x80003ffc (0x00a5c333) x 6 0x8002ece4
core   0: 0x80004000 (0xff494583) lbu     a1, -12(s2)
core   0: 3 0x80004000 (0xff494583) x11 0x00000000 mem 0x800215b9
core   0: 0x80004004 (0xe869d797) auipc   a5, 0xe869d
core   0: 3 0x80004004 (0xe869d797) x15 0x686a1004
core   0: 0x80004008 (0x00d95083) lhu     ra, 13(s2)
core   0: 3 0x80004008 (0x00d95083) x 1 0x00000000 mem 0x800215d2
core   0: 0x8000400c (0xf1bef013) andi    zero, t4, -229
core   0: 3 0x8000400c (0xf1bef013)
core   0: 0x80004010 (0x67836693) ori     a3, t1, 1656
core   0: 3 0x80004010 (0x67836693) x13 0x8002eefc
core   0: 0x80004014 (0x009f7ab3) and     s5, t5, s1
core   0: 3 0x80004014 (0x009f7ab3) x21 0x00000000
core   0: 0x80004018 (0x0000100f) fence.i
core   0: 3 0x80004018 (0x0000100f)
core   0: 0x8000401c (0x00694803) lbu     a6, 6(s2)
core   0: 3 0x8000401c (0x00694803) x16 0x00000000 mem 0x800215cb
core   0: 0x80004020 (0x0000100f) fence.i
core   0: 3 0x80004020 (0x0000100f)
core   0: 0x80004024 (0x00a94303) lbu     t1, 10(s2)
core   0: 3 0x80004024 (0x00a94303) x 6 0x00000000 mem 0x800215cf
core   0: 0x80004028 (0xffc90f23) sb      t3, -2(s2)
core   0: 3 0x80004028 (0xffc90f23) mem 0x800215c3 0x0
core   0: 0x8000402c (0xff991403) lh      s0, -7(s2)
core   0: 3 0x8000402c (0xff991403) x 8 0x00000000 mem 0x800215be
core   0: 0x80004030 (0x8e370193) addi    gp, a4, -1821
core   0: 3 0x80004030 (0x8e370193) x 3 0xfffff8e3
core   0: 0x80004034 (0x0000100f) fence.i
core   0: 3 0x80004034 (0x0000100f)
core   0: 0x80004038 (0xffe94d83) lbu     s11, -2(s2)
core   0: 3 0x80004038 (0xffe94d83) x27 0x00000000 mem 0x800215c3
core   0: 0x8000403c (0xff795403) lhu     s0, -9(s2)
core   0: 3 0x8000403c (0xff795403) x 8 0x00000000 mem 0x800215bc
core   0: 0x80004040 (0x0001c617) auipc   a2, 0x1c
core   0: 3 0x80004040 (0x0001c617) x12 0x80020040
core   0: 0x80004044 (0xded60613) addi    a2, a2, -531
core   0: 3 0x80004044 (0xded60613) x12 0x8001fe2d
core   0: 0x80004048 (0x4136dcb3) sra     s9, a3, s3
core   0: 3 0x80004048 (0x4136dcb3) x25 0x8002eefc
core   0: 0x8000404c (0xe5164a83) lbu     s5, -431(a2)
core   0: 3 0x8000404c (0xe5164a83) x21 0x00000000 mem 0x8001fc7e
core   0: 0x80004050 (0xe5161483) lh      s1, -431(a2)
core   0: 3 0x80004050 (0xe5161483) x 9 0x00000000 mem 0x8001fc7e
core   0: 0x80004054 (0xc4e60423) sb      a4, -952(a2)
core   0: 3 0x80004054 (0xc4e60423) mem 0x8001fa75 0x0
core   0: 0x80004058 (0x0ff0000f) fence   iorw,iorw
core   0: 3 0x80004058 (0x0ff0000f)
core   0: 0x8000405c (0x01d11a13) slli    s4, sp, 29
core   0: 3 0x8000405c (0x01d11a13) x20 0x80000000
core   0: 0x80004060 (0xc4864d83) lbu     s11, -952(a2)
core   0: 3 0x80004060 (0xc4864d83) x27 0x00000000 mem 0x8001fa75
core   0: 0x80004064 (0xc4f60423) sb      a5, -952(a2)
core   0: 3 0x80004064 (0xc4f60423) mem 0x8001fa75 0x4
core   0: 0x80004068 (0xc4864983) lbu     s3, -952(a2)
core   0: 3 0x80004068 (0xc4864983) x19 0x00000004 mem 0x8001fa75
core   0: 0x8000406c (0x7a361203) lh      tp, 1955(a2)
core   0: 3 0x8000406c (0x7a361203) x 4 0x00000000 mem 0x800205d0
core   0: 0x80004070 (0x7bd621a3) sw      t4, 1955(a2)
core   0: 3 0x80004070 (0x7bd621a3) mem 0x800205d0 0x00000000
core   0: 0x80004074 (0xd6064e03) lbu     t3, -672(a2)
core   0: 3 0x80004074 (0xd6064e03) x28 0x00000000 mem 0x8001fb8d
core   0: 0x80004078 (0xd6060203) lb      tp, -672(a2)
core   0: 3 0x80004078 (0xd6060203) x 4 0x00000000 mem 0x8001fb8d
core   0: 0x8000407c (0xd7960023) sb      s9, -672(a2)
core   0: 3 0x8000407c (0xd7960023) mem 0x8001fb8d 0xfc
core   0: 0x80004080 (0xc3764f83) lbu     t6, -969(a2)
core   0: 3 0x80004080 (0xc3764f83) x31 0x00000000 mem 0x8001fa64
core   0: 0x80004084 (0x10564c03) lbu     s8, 261(a2)
core   0: 3 0x80004084 (0x10564c03) x24 0x00000000 mem 0x8001ff32
core   0: 0x80004088 (0x0001c417) auipc   s0, 0x1c
core   0: 3 0x80004088 (0x0001c417) x 8 0x80020088
core   0: 0x8000408c (0x9b940413) addi    s0, s0, -1607
core   0: 3 0x8000408c (0x9b940413) x 8 0x8001fa41
core   0: 0x80004090 (0x0b240c23) sb      s2, 184(s0)
core   0: 3 0x80004090 (0x0b240c23) mem 0x8001faf9 0xc5
core   0: 0x80004094 (0x07540a23) sb      s5, 116(s0)
core   0: 3 0x80004094 (0x07540a23) mem 0x8001fab5 0x0
core   0: 0x80004098 (0xfbe40983) lb      s3, -66(s0)
core   0: 3 0x80004098 (0xfbe40983) x19 0x00000000 mem 0x8001f9ff
core   0: 0x8000409c (0x0004bc33) sltu    s8, s1, zero
core   0: 3 0x8000409c (0x0004bc33) x24 0x00000000
core   0: 0x800040a0 (0x04941f03) lh      t5, 73(s0)
core   0: 3 0x800040a0 (0x04941f03) x30 0x00000000 mem 0x8001fa8a
core   0: 0x800040a4 (0x02e40583) lb      a1, 46(s0)
core   0: 3 0x800040a4 (0x02e40583) x11 0x00000000 mem 0x8001fa6f
core   0: 0x800040a8 (0xf9144603) lbu     a2, -111(s0)
core   0: 3 0x800040a8 (0xf9144603) x12 0x00000000 mem 0x8001f9d2
core   0: 0x800040ac (0x05342b03) lw      s6, 83(s0)
core   0: 3 0x800040ac (0x05342b03) x22 0x00000000 mem 0x8001fa94
core   0: 0x800040b0 (0x07b40d03) lb      s10, 123(s0)
core   0: 3 0x800040b0 (0x07b40d03) x26 0x00000000 mem 0x8001fabc
core   0: 0x800040b4 (0x09744683) lbu     a3, 151(s0)
core   0: 3 0x800040b4 (0x09744683) x13 0x00000000 mem 0x8001fad8
core   0: 0x800040b8 (0x0000100f) fence.i
core   0: 3 0x800040b8 (0x0000100f)
core   0: 0x800040bc (0xfee40783) lb      a5, -18(s0)
core   0: 3 0x800040bc (0xfee40783) x15 0x00000000 mem 0x8001fa2f
core   0: 0x800040c0 (0x01e40aa3) sb      t5, 21(s0)
core   0: 3 0x800040c0 (0x01e40aa3) mem 0x8001fa56 0x0
core   0: 0x800040c4 (0x406e09b3) sub     s3, t3, t1
core   0: 3 0x800040c4 (0x406e09b3) x19 0x00000000
core   0: 0x800040c8 (0x03340623) sb      s3, 44(s0)
core   0: 3 0x800040c8 (0x03340623) mem 0x8001fa6d 0x0
core   0: 0x800040cc (0xfa844f03) lbu     t5, -88(s0)
core   0: 3 0x800040cc (0xfa844f03) x30 0x00000000 mem 0x8001f9e9
core   0: 0x800040d0 (0xf0d41b03) lh      s6, -243(s0)
core   0: 3 0x800040d0 (0xf0d41b03) x22 0x00000000 mem 0x8001f94e
core   0: 0x800040d4 (0x01dc3a33) sltu    s4, s8, t4
core   0: 3 0x800040d4 (0x01dc3a33) x20 0x00000000
core   0: 0x800040d8 (0x0b345f03) lhu     t5, 179(s0)
core   0: 3 0x800040d8 (0x0b345f03) x30 0x00000000 mem 0x8001faf4
core   0: 0x800040dc (0xf0640883) lb      a7, -250(s0)
core   0: 3 0x800040dc (0xf0640883) x17 0x00000000 mem 0x8001f947
core   0: 0x800040e0 (0x411084b3) sub     s1, ra, a7
core   0: 3 0x800040e0 (0x411084b3) x 9 0x00000000
core   0: 0x800040e4 (0x00751733) sll     a4, a0, t2
core   0: 3 0x800040e4 (0x00751733) x14 0x8002ece4
core   0: 0x800040e8 (0xf9844303) lbu     t1, -104(s0)
core   0: 3 0x800040e8 (0xf9844303) x 6 0x00000000 mem 0x8001f9d9
core   0: 0x800040ec (0xd8550013) addi    zero, a0, -635
core   0: 3 0x800040ec (0xd8550013)
core   0: 0x800040f0 (0x0ff0000f) fence   iorw,iorw
core   0: 3 0x800040f0 (0x0ff0000f)
core   0: 0x800040f4 (0xfeb40d23) sb      a1, -6(s0)
core   0: 3 0x800040f4 (0xfeb40d23) mem 0x8001fa3b 0x0
core   0: 0x800040f8 (0xfef40583) lb      a1, -17(s0)
core   0: 3 0x800040f8 (0xfef40583) x11 0x00000000 mem 0x8001fa30
core   0: 0x800040fc (0xf2744c03) lbu     s8, -217(s0)
core   0: 3 0x800040fc (0xf2744c03) x24 0x00000000 mem 0x8001f968
core   0: 0x80004100 (0x99626d93) ori     s11, tp, -1642
core   0: 3 0x80004100 (0x99626d93) x27 0xfffff996
core   0: 0x80004104 (0x00a61233) sll     tp, a2, a0
core   0: 3 0x80004104 (0x00a61233) x 4 0x00000000
core   0: 0x80004108 (0xff842ba3) sw      s8, -9(s0)
core   0: 3 0x80004108 (0xff842ba3) mem 0x8001fa38 0x00000000
core   0: 0x8000410c (0x0f240d03) lb      s10, 242(s0)
core   0: 3 0x8000410c (0x0f240d03) x26 0x00000000 mem 0x8001fb33
core   0: 0x80004110 (0x01f95733) srl     a4, s2, t6
core   0: 3 0x80004110 (0x01f95733) x14 0x800215c5
core   0: 0x80004114 (0xffb44883) lbu     a7, -5(s0)
core   0: 3 0x80004114 (0xffb44883) x17 0x00000000 mem 0x8001fa3c
core   0: 0x80004118 (0x088411a3) sh      s0, 131(s0)
core   0: 3 0x80004118 (0x088411a3) mem 0x8001fac4 0xfa41
core   0: 0x8000411c (0xeb10ee13) ori     t3, ra, -335
core   0: 3 0x8000411c (0xeb10ee13) x28 0xfffffeb1
core   0: 0x80004120 (0x03240c03) lb      s8, 50(s0)
core   0: 3 0x80004120 (0x03240c03) x24 0x00000000 mem 0x8001fa73
core   0: 0x80004124 (0xf1d44e83) lbu     t4, -227(s0)
core   0: 3 0x80004124 (0xf1d44e83) x29 0x00000000 mem 0x8001f95e
core   0: 0x80004128 (0x019a3d33) sltu    s10, s4, s9
core   0: 3 0x80004128 (0x019a3d33) x26 0x00000001
core   0: 0x8000412c (0x01491813) slli    a6, s2, 20
core   0: 3 0x8000412c (0x01491813) x16 0x5c500000
core   0: 0x80004130 (0xf1e44c03) lbu     s8, -226(s0)
core   0: 3 0x80004130 (0xf1e44c03) x24 0x00000000 mem 0x8001f95f
core   0: 0x80004134 (0x0b940c83) lb      s9, 185(s0)
core   0: 3 0x80004134 (0x0b940c83) x25 0x00000000 mem 0x8001fafa
core   0: 0x80004138 (0x00013197) auipc   gp, 0x13
core   0: 3 0x80004138 (0x00013197) x 3 0x80017138
core   0: 0x8000413c (0x94118193) addi    gp, gp, -1727
core   0: 3 0x8000413c (0x94118193) x 3 0x80016a79
core   0: 0x80004140 (0xaeb56993) ori     s3, a0, -1301
core   0: 3 0x80004140 (0xaeb56993) x19 0xfffffeef
core   0: 0x80004144 (0x0b21afa3) sw      s2, 191(gp)
core   0: 3 0x80004144 (0x0b21afa3) mem 0x80016b38 0x800215c5
core   0: 0x80004148 (0x0f51d783) lhu     a5, 245(gp)
core   0: 3 0x80004148 (0x0f51d783) x15 0x00000000 mem 0x80016b6e
core   0: 0x8000414c (0x0eb18aa3) sb      a1, 245(gp)
core   0: 3 0x8000414c (0x0eb18aa3) mem 0x80016b6e 0x0
core   0: 0x80004150 (0xf871c603) lbu     a2, -121(gp)
core   0: 3 0x80004150 (0xf871c603) x12 0x00000000 mem 0x80016a00
core   0: 0x80004154 (0xf82183a3) sb      sp, -121(gp)
core   0: 3 0x80004154 (0xf82183a3) mem 0x80016a00 0x64
core   0: 0x80004158 (0x0821afa3) sw      sp, 159(gp)
core   0: 3 0x80004158 (0x0821afa3) mem 0x80016b18 0x8002ae64
core   0: 0x8000415c (0xf8b1ac03) lw      s8, -117(gp)
core   0: 3 0x8000415c (0xf8b1ac03) x24 0x00000000 mem 0x80016a04
core   0: 0x80004160 (0xf941c883) lbu     a7, -108(gp)
core   0: 3 0x80004160 (0xf941c883) x17 0x00000000 mem 0x80016a0d
core   0: 0x80004164 (0xf8a18a23) sb      a0, -108(gp)
core   0: 3 0x80004164 (0xf8a18a23) mem 0x80016a0d 0xe4
core   0: 0x80004168 (0xf9418803) lb      a6, -108(gp)
core   0: 3 0x80004168 (0xf9418803) x16 0xffffffe4 mem 0x80016a0d
core   0: 0x8000416c (0x4189d393) srai    t2, s3, 24
core   0: 3 0x8000416c (0x4189d393) x 7 0xffffffff
core   0: 0x80004170 (0xf5b1aba3) sw      s11, -169(gp)
core   0: 3 0x80004170 (0xf5b1aba3) mem 0x800169d0 0xfffff996
core   0: 0x80004174 (0xf5c1aba3) sw      t3, -169(gp)
core   0: 3 0x80004174 (0xf5c1aba3) mem 0x800169d0 0xfffffeb1
core   0: 0x80004178 (0xf5119ba3) sh      a7, -169(gp)
core   0: 3 0x80004178 (0xf5119ba3) mem 0x800169d0 0x0000
core   0: 0x8000417c (0xf571d703) lhu     a4, -169(gp)
core   0: 3 0x8000417c (0xf571d703) x14 0x00000000 mem 0x800169d0
core   0: 0x80004180 (0xf571af03) lw      t5, -169(gp)
core   0: 3 0x80004180 (0xf571af03) x30 0xffff0000 mem 0x800169d0
core   0: 0x80004184 (0x0b41c883) lbu     a7, 180(gp)
core   0: 3 0x80004184 (0x0b41c883) x17 0x00000000 mem 0x80016b2d
core   0: 0x80004188 (0x00013797) auipc   a5, 0x13
core   0: 3 0x80004188 (0x00013797) x15 0x80017188
core   0: 0x8000418c (0x8eb78793) addi    a5, a5, -1813
core   0: 3 0x8000418c (0x8eb78793) x15 0x80016a73
core   0: 0x80004190 (0x00012417) auipc   s0, 0x12
core   0: 3 0x80004190 (0x00012417) x 8 0x80016190
core   0: 0x80004194 (0xc5d40413) addi    s0, s0, -931
core   0: 3 0x80004194 (0xc5d40413) x 8 0x80015ded
core   0: 0x80004198 (0xfe879aa3) sh      s0, -11(a5)
core   0: 3 0x80004198 (0xfe879aa3) mem 0x80016a68 0x5ded
core   0: 0x8000419c (0xfd778123) sb      s7, -62(a5)
core   0: 3 0x8000419c (0xfd778123) mem 0x80016a35 0xb3
core   0: 0x800041a0 (0x90d45c83) lhu     s9, -1779(s0)
core   0: 3 0x800041a0 (0x90d45c83) x25 0x00000000 mem 0x800156fa
core   0: 0x800041a4 (0x03c78523) sb      t3, 42(a5)
core   0: 3 0x800041a4 (0x03c78523) mem 0x80016a9d 0xb1
core   0: 0x800041a8 (0x84f40083) lb      ra, -1969(s0)
core   0: 3 0x800041a8 (0x84f40083) x 1 0x00000000 mem 0x8001563c
core   0: 0x800041ac (0x0317a583) lw      a1, 49(a5)
core   0: 3 0x800041ac (0x0317a583) x11 0x00000000 mem 0x80016aa4
core   0: 0x800041b0 (0x1c545483) lhu     s1, 453(s0)
core   0: 3 0x800041b0 (0x1c545483) x 9 0x00000000 mem 0x80015fb2
core   0: 0x800041b4 (0xea241fa3) sh      sp, -321(s0)
core   0: 3 0x800041b4 (0xea241fa3) mem 0x80015cac 0xae64
core   0: 0x800041b8 (0xfde799a3) sh      t5, -45(a5)
core   0: 3 0x800041b8 (0xfde799a3) mem 0x80016a46 0x0000
core   0: 0x800041bc (0xd4540e03) lb      t3, -699(s0)
core   0: 3 0x800041bc (0xd4540e03) x28 0x00000000 mem 0x80015b32
core   0: 0x800041c0 (0xc1345803) lhu     a6, -1005(s0)
core   0: 3 0x800041c0 (0xc1345803) x16 0x00000000 mem 0x80015a00
core   0: 0x800041c4 (0x02c7ce03) lbu     t3, 44(a5)
core   0: 3 0x800041c4 (0x02c7ce03) x28 0x00000000 mem 0x80016a9f
core   0: 0x800041c8 (0xe0b44e03) lbu     t3, -501(s0)
core   0: 3 0x800041c8 (0xe0b44e03) x28 0x00000000 mem 0x80015bf8
core   0: 0x800041cc (0x00478803) lb      a6, 4(a5)
core   0: 3 0x800041cc (0x00478803) x16 0x00000000 mem 0x80016a77
core   0: 0x800041d0 (0x02b79583) lh      a1, 43(a5)
core   0: 3 0x800041d0 (0x02b79583) x11 0x00000000 mem 0x80016a9e
core   0: 0x800041d4 (0xb4540423) sb      t0, -1208(s0)
core   0: 3 0x800041d4 (0xb4540423) mem 0x80015935 0x0
core   0: 0x800041d8 (0xfc2788a3) sb      sp, -47(a5)
core   0: 3 0x800041d8 (0xfc2788a3) mem 0x80016a44 0x64
core   0: 0x800041dc (0x02e7c183) lbu     gp, 46(a5)
core   0: 3 0x800041dc (0x02e7c183) x 3 0x00000000 mem 0x80016aa1
core   0: 0x800041e0 (0xeee40c23) sb      a4, -264(s0)
core   0: 3 0x800041e0 (0xeee40c23) mem 0x80015ce5 0x0
core   0: 0x800041e4 (0x9e540123) sb      t0, -1566(s0)
core   0: 3 0x800041e4 (0x9e540123) mem 0x800157cf 0x0
core   0: 0x800041e8 (0x00019417) auipc   s0, 0x19
core   0: 3 0x800041e8 (0x00019417) x 8 0x8001d1e8
core   0: 0x800041ec (0xa0740413) addi    s0, s0, -1529
core   0: 3 0x800041ec (0xa0740413) x 8 0x8001cbef
core   0: 0x800041f0 (0xbff40523) sb      t6, -1046(s0)
core   0: 3 0x800041f0 (0xbff40523) mem 0x8001c7d9 0x0
core   0: 0x800041f4 (0xf1744783) lbu     a5, -233(s0)
core   0: 3 0x800041f4 (0xf1744783) x15 0x00000000 mem 0x8001cb06
core   0: 0x800041f8 (0x17745c03) lhu     s8, 375(s0)
core   0: 3 0x800041f8 (0x17745c03) x24 0x00000000 mem 0x8001cd66
core   0: 0x800041fc (0xe3641da3) sh      s6, -453(s0)
core   0: 3 0x800041fc (0xe3641da3) mem 0x8001ca2a 0x0000
core   0: 0x80004200 (0x99f45683) lhu     a3, -1633(s0)
core   0: 3 0x80004200 (0x99f45683) x13 0x00000000 mem 0x8001c58e
core   0: 0x80004204 (0x98740fa3) sb      t2, -1633(s0)
core   0: 3 0x80004204 (0x98740fa3) mem 0x8001c58e 0xff
core   0: 0x80004208 (0x49c40523) sb      t3, 1162(s0)
core   0: 3 0x80004208 (0x49c40523) mem 0x8001d079 0x0
core   0: 0x8000420c (0xcb740723) sb      s7, -850(s0)
core   0: 3 0x8000420c (0xcb740723) mem 0x8001c89d 0xb3
core   0: 0x80004210 (0x94d41ca3) sh      a3, -1703(s0)
core   0: 3 0x80004210 (0x94d41ca3) mem 0x8001c548 0x0000
core   0: 0x80004214 (0xa1c40da3) sb      t3, -1509(s0)
core   0: 3 0x80004214 (0xa1c40da3) mem 0x8001c60a 0x0
core   0: 0x80004218 (0x69540223) sb      s5, 1668(s0)
core   0: 3 0x80004218 (0x69540223) mem 0x8001d273 0x0
core   0: 0x8000421c (0x69540223) sb      s5, 1668(s0)
core   0: 3 0x8000421c (0x69540223) mem 0x8001d273 0x0
core   0: 0x80004220 (0x4e940ba3) sb      s1, 1271(s0)
core   0: 3 0x80004220 (0x4e940ba3) mem 0x8001d0e6 0x0
core   0: 0x80004224 (0x00969d33) sll     s10, a3, s1
core   0: 3 0x80004224 (0x00969d33) x26 0x00000000
core   0: 0x80004228 (0xe8541583) lh      a1, -379(s0)
core   0: 3 0x80004228 (0xe8541583) x11 0x00000000 mem 0x8001ca74
core   0: 0x8000422c (0xb5140b03) lb      s6, -1199(s0)
core   0: 3 0x8000422c (0xb5140b03) x22 0x00000000 mem 0x8001c740
core   0: 0x80004230 (0x00501db3) sll     s11, zero, t0
core   0: 3 0x80004230 (0x00501db3) x27 0x00000000
core   0: 0x80004234 (0xf7345203) lhu     tp, -141(s0)
core   0: 3 0x80004234 (0xf7345203) x 4 0x00000000 mem 0x8001cb62
core   0: 0x80004238 (0x72e40023) sb      a4, 1824(s0)
core   0: 3 0x80004238 (0x72e40023) mem 0x8001d30f 0x0
core   0: 0x8000423c (0x66145f83) lhu     t6, 1633(s0)
core   0: 3 0x8000423c (0x66145f83) x31 0x00000000 mem 0x8001d250
core   0: 0x80004240 (0xc0cc5d37) lui     s10, 0xc0cc5
core   0: 3 0x80004240 (0xc0cc5d37) x26 0xc0cc5000
core   0: 0x80004244 (0xcfd40aa3) sb      t4, -779(s0)
core   0: 3 0x80004244 (0xcfd40aa3) mem 0x8001c8e4 0x0
core   0: 0x80004248 (0x00011417) auipc   s0, 0x11
core   0: 3 0x80004248 (0x00011417) x 8 0x80015248
core   0: 0x8000424c (0x19a40413) addi    s0, s0, 410
core   0: 3 0x8000424c (0x19a40413) x 8 0x800153e2
core   0: 0x80004250 (0x381f3f13) sltiu   t5, t5, 897
core   0: 3 0x80004250 (0x381f3f13) x30 0x00000000
core   0: 0x80004254 (0x006d7ab3) and     s5, s10, t1
core   0: 3 0x80004254 (0x006d7ab3) x21 0x00000000
core   0: 0x80004258 (0xf4fc8cb7) lui     s9, 0xf4fc8
core   0: 3 0x80004258 (0xf4fc8cb7) x25 0xf4fc8000
core   0: 0x8000425c (0x417a0033) sub     zero, s4, s7
core   0: 3 0x8000425c (0x417a0033)
core   0: 0x80004260 (0x01d40a03) lb      s4, 29(s0)
core   0: 3 0x80004260 (0x01d40a03) x20 0x00000000 mem 0x800153ff
core   0: 0x80004264 (0xf0d41a23) sh      a3, -236(s0)
core   0: 3 0x80004264 (0xf0d41a23) mem 0x800152f6 0x0000
core   0: 0x80004268 (0x09844283) lbu     t0, 152(s0)
core   0: 3 0x80004268 (0x09844283) x 5 0x00000000 mem 0x8001547a
core   0: 0x8000426c (0xfac45f83) lhu     t6, -84(s0)
core   0: 3 0x8000426c (0xfac45f83) x31 0x0000aa00 mem 0x8001538e
core   0: 0x80004270 (0x3bcf8713) addi    a4, t6, 956
core   0: 3 0x80004270 (0x3bcf8713) x14 0x0000adbc
core   0: 0x80004274 (0x003195b3) sll     a1, gp, gp
core   0: 3 0x80004274 (0x003195b3) x11 0x00000000
core   0: 0x80004278 (0xeb558793) addi    a5, a1, -331
core   0: 3 0x80004278 (0xeb558793) x15 0xfffffeb5
core   0: 0x8000427c (0x001ae633) or      a2, s5, ra
core   0: 3 0x8000427c (0x001ae633) x12 0x00000000
core   0: 0x80004280 (0x58456493) ori     s1, a0, 1412
core   0: 3 0x80004280 (0x58456493) x 9 0x8002ede4
core   0: 0x80004284 (0x0ff0000f) fence   iorw,iorw
core   0: 3 0x80004284 (0x0ff0000f)
core   0: 0x80004288 (0xf4441603) lh      a2, -188(s0)
core   0: 3 0x80004288 (0xf4441603) x12 0x00000000 mem 0x80015326
core   0: 0x8000428c (0x00e67e33) and     t3, a2, a4
core   0: 3 0x8000428c (0x00e67e33) x28 0x00000000
core   0: 0x80004290 (0x8b1c0693) addi    a3, s8, -1871
core   0: 3 0x80004290 (0x8b1c0693) x13 0xfffff8b1
core   0: 0x80004294 (0xfaf40283) lb      t0, -81(s0)
core   0: 3 0x80004294 (0xfaf40283) x 5 0x00000000 mem 0x80015391
core   0: 0x80004298 (0x419ad7b3) sra     a5, s5, s9
core   0: 3 0x80004298 (0x419ad7b3) x15 0x00000000
core   0: 0x8000429c (0x00a05013) srli    zero, zero, 10
core   0: 3 0x8000429c (0x00a05013)
core   0: 0x800042a0 (0x016293b3) sll     t2, t0, s6
core   0: 3 0x800042a0 (0x016293b3) x 7 0x00000000
core   0: 0x800042a4 (0xf84405a3) sb      tp, -117(s0)
core   0: 3 0x800042a4 (0xf84405a3) mem 0x8001536d 0x0
core   0: 0x800042a8 (0x009c5fb3) srl     t6, s8, s1
core   0: 3 0x800042a8 (0x009c5fb3) x31 0x00000000
core   0: 0x800042ac (0xa95c3313) sltiu   t1, s8, -1387
core   0: 3 0x800042ac (0xa95c3313) x 6 0x00000001
core   0: 0x800042b0 (0x0db44283) lbu     t0, 219(s0)
core   0: 3 0x800042b0 (0x0db44283) x 5 0x00000000 mem 0x800154bd
core   0: 0x800042b4 (0x01e3dab3) srl     s5, t2, t5
core   0: 3 0x800042b4 (0x01e3dab3) x21 0x00000000
core   0: 0x800042b8 (0x377d1037) lui     zero, 0x377d1
core   0: 3 0x800042b8 (0x377d1037)
core   0: 0x800042bc (0xf5944083) lbu     ra, -167(s0)
core   0: 3 0x800042bc (0xf5944083) x 1 0x00000000 mem 0x8001533b
core   0: 0x800042c0 (0x001a6d33) or      s10, s4, ra
core   0: 3 0x800042c0 (0x001a6d33) x26 0x00000000
core   0: 0x800042c4 (0x05d40523) sb      t4, 74(s0)
core   0: 3 0x800042c4 (0x05d40523) mem 0x8001542c 0x0
core   0: 0x800042c8 (0xf5c45e03) lhu     t3, -164(s0)
core   0: 3 0x800042c8 (0xf5c45e03) x28 0x00000000 mem 0x8001533e
core   0: 0x800042cc (0xfc444e83) lbu     t4, -60(s0)
core   0: 3 0x800042cc (0xfc444e83) x29 0x00000000 mem 0x800153a6
core   0: 0x800042d0 (0xfc344603) lbu     a2, -61(s0)
core   0: 3 0x800042d0 (0xfc344603) x12 0x00000000 mem 0x800153a5
core   0: 0x800042d4 (0x00040e03) lb      t3, 0(s0)
core   0: 3 0x800042d4 (0x00040e03) x28 0xfffffffd mem 0x800153e2
core   0: 0x800042d8 (0x22f38c93) addi    s9, t2, 559
core   0: 3 0x800042d8 (0x22f38c93) x25 0x0000022f
core   0: 0x800042dc (0x02841c23) sh      s0, 56(s0)
core   0: 3 0x800042dc (0x02841c23) mem 0x8001541a 0x53e2
core   0: 0x800042e0 (0x00011d17) auipc   s10, 0x11
core   0: 3 0x800042e0 (0x00011d17) x26 0x800152e0
core   0: 0x800042e4 (0xe65d0d13) addi    s10, s10, -411
core   0: 3 0x800042e4 (0xe65d0d13) x26 0x80015145
core   0: 0x800042e8 (0x015d00a3) sb      s5, 1(s10)
core   0: 3 0x800042e8 (0x015d00a3) mem 0x80015146 0x0
core   0: 0x800042ec (0x01a6da13) srli    s4, a3, 26
core   0: 3 0x800042ec (0x01a6da13) x20 0x0000003f
core   0: 0x800042f0 (0x4044da13) srai    s4, s1, 4
core   0: 3 0x800042f0 (0x4044da13) x20 0xf8002ede
core   0: 0x800042f4 (0x001d4f03) lbu     t5, 1(s10)
core   0: 3 0x800042f4 (0x001d4f03) x30 0x00000000 mem 0x80015146
core   0: 0x800042f8 (0x01ae1e93) slli    t4, t3, 26
core   0: 3 0x800042f8 (0x01ae1e93) x29 0xf4000000
core   0: 0x800042fc (0x001d1a83) lh      s5, 1(s10)
core   0: 3 0x800042fc (0x001d1a83) x21 0x00000000 mem 0x80015146
core   0: 0x80004300 (0x001d1203) lh      tp, 1(s10)
core   0: 3 0x80004300 (0x001d1203) x 4 0x00000000 mem 0x80015146
core   0: 0x80004304 (0x001d5f03) lhu     t5, 1(s10)
core   0: 3 0x80004304 (0x001d5f03) x30 0x00000000 mem 0x80015146
core   0: 0x80004308 (0x001d4303) lbu     t1, 1(s10)
core   0: 3 0x80004308 (0x001d4303) x 6 0x00000000 mem 0x80015146
core   0: 0x8000430c (0x010d00a3) sb      a6, 1(s10)
core   0: 3 0x8000430c (0x010d00a3) mem 0x80015146 0x0
core   0: 0x80004310 (0x001d4803) lbu     a6, 1(s10)
core   0: 3 0x80004310 (0x001d4803) x16 0x00000000 mem 0x80015146
core   0: 0x80004314 (0x001d1b03) lh      s6, 1(s10)
core   0: 3 0x80004314 (0x001d1b03) x22 0x00000000 mem 0x80015146
core   0: 0x80004318 (0x01ed10a3) sh      t5, 1(s10)
core   0: 3 0x80004318 (0x01ed10a3) mem 0x80015146 0x0000
core   0: 0x8000431c (0x00709eb3) sll     t4, ra, t2
core   0: 3 0x8000431c (0x00709eb3) x29 0x00000000
core   0: 0x80004320 (0x001d1683) lh      a3, 1(s10)
core   0: 3 0x80004320 (0x001d1683) x13 0x00000000 mem 0x80015146
core   0: 0x80004324 (0x001d1003) lh      zero, 1(s10)
core   0: 3 0x80004324 (0x001d1003) mem 0x80015146
core   0: 0x80004328 (0x83da0237) lui     tp, 0x83da0
core   0: 3 0x80004328 (0x83da0237) x 4 0x83da0000
core   0: 0x8000432c (0x001d1f83) lh      t6, 1(s10)
core   0: 3 0x8000432c (0x001d1f83) x31 0x00000000 mem 0x80015146
core   0: 0x80004330 (0x01a072b3) and     t0, zero, s10
core   0: 3 0x80004330 (0x01a072b3) x 5 0x00000000
core   0: 0x80004334 (0x001d5d83) lhu     s11, 1(s10)
core   0: 3 0x80004334 (0x001d5d83) x27 0x00000000 mem 0x80015146
core   0: 0x80004338 (0x001d1583) lh      a1, 1(s10)
core   0: 3 0x80004338 (0x001d1583) x11 0x00000000 mem 0x80015146
core   0: 0x8000433c (0x001d1c83) lh      s9, 1(s10)
core   0: 3 0x8000433c (0x001d1c83) x25 0x00000000 mem 0x80015146
core   0: 0x80004340 (0x001d1083) lh      ra, 1(s10)
core   0: 3 0x80004340 (0x001d1083) x 1 0x00000000 mem 0x80015146
core   0: 0x80004344 (0x00012417) auipc   s0, 0x12
core   0: 3 0x80004344 (0x00012417) x 8 0x80016344
core   0: 0x80004348 (0xc3840413) addi    s0, s0, -968
core   0: 3 0x80004348 (0xc3840413) x 8 0x80015f7c
core   0: 0x8000434c (0x00018a97) auipc   s5, 0x18
core   0: 3 0x8000434c (0x00018a97) x21 0x8001c34c
core   0: 0x80004350 (0x44da8a93) addi    s5, s5, 1101
core   0: 3 0x80004350 (0x44da8a93) x21 0x8001c799
core   0: 0x80004354 (0xf6241d83) lh      s11, -158(s0)
core   0: 3 0x80004354 (0xf6241d83) x27 0x00000000 mem 0x80015ede
core   0: 0x80004358 (0xf7c409a3) sb      t3, -141(s0)
core   0: 3 0x80004358 (0xf7c409a3) mem 0x80015eef 0xfd
core   0: 0x8000435c (0xfffa8523) sb      t6, -22(s5)
core   0: 3 0x8000435c (0xfffa8523) mem 0x8001c783 0x0
core   0: 0x80004360 (0xff9ac083) lbu     ra, -7(s5)
core   0: 3 0x80004360 (0xff9ac083) x 1 0x00000000 mem 0x8001c792
core   0: 0x80004364 (0x006a8283) lb      t0, 6(s5)
core   0: 3 0x80004364 (0x006a8283) x 5 0x00000000 mem 0x8001c79f
core   0: 0x80004368 (0x011408a3) sb      a7, 17(s0)
core   0: 3 0x80004368 (0x011408a3) mem 0x80015f8d 0x0
core   0: 0x8000436c (0x05e40523) sb      t5, 74(s0)
core   0: 3 0x8000436c (0x05e40523) mem 0x80015fc6 0x0
core   0: 0x80004370 (0xff9a9183) lh      gp, -7(s5)
core   0: 3 0x80004370 (0xff9a9183) x 3 0x00000000 mem 0x8001c792
core   0: 0x80004374 (0x0ac405a3) sb      a2, 171(s0)
core   0: 3 0x80004374 (0x0ac405a3) mem 0x80016027 0x0
core   0: 0x80004378 (0xfe5ad803) lhu     a6, -27(s5)
core   0: 3 0x80004378 (0xfe5ad803) x16 0x00000000 mem 0x8001c77e
core   0: 0x8000437c (0x019ad283) lhu     t0, 25(s5)
core   0: 3 0x8000437c (0x019ad283) x 5 0x00000000 mem 0x8001c7b2
core   0: 0x80004380 (0x0001ef17) auipc   t5, 0x1e
core   0: 3 0x80004380 (0x0001ef17) x30 0x80022380
core   0: 0x80004384 (0x61ff0f13) addi    t5, t5, 1567
core   0: 3 0x80004384 (0x61ff0f13) x30 0x8002299f
core   0: 0x80004388 (0xf3ef0803) lb      a6, -194(t5)
core   0: 3 0x80004388 (0xf3ef0803) x16 0x00000000 mem 0x800228dd
core   0: 0x8000438c (0xfa4f0883) lb      a7, -92(t5)
core   0: 3 0x8000438c (0xfa4f0883) x17 0x00000000 mem 0x80022943
core   0: 0x80004390 (0x01139213) slli    tp, t2, 17
core   0: 3 0x80004390 (0x01139213) x 4 0x00000000
core   0: 0x80004394 (0xbe55c317) auipc   t1, 0xbe55c
core   0: 3 0x80004394 (0xbe55c317) x 6 0x3e560394
core   0: 0x80004398 (0xf77f1703) lh      a4, -137(t5)
core   0: 3 0x80004398 (0xf77f1703) x14 0x00000000 mem 0x80022916
core   0: 0x8000439c (0x037f5403) lhu     s0, 55(t5)
core   0: 3 0x8000439c (0x037f5403) x 8 0x00000000 mem 0x800229d6
core   0: 0x800043a0 (0x01af0e23) sb      s10, 28(t5)
core   0: 3 0x800043a0 (0x01af0e23) mem 0x800229bb 0x45
core   0: 0x800043a4 (0x1dd00293) li      t0, 477
core   0: 3 0x800043a4 (0x1dd00293) x 5 0x000001dd
core   0: 0x800043a8 (0xfbbf5683) lhu     a3, -69(t5)
core   0: 3 0x800043a8 (0xfbbf5683) x13 0x00000000 mem 0x8002295a
core   0: 0x800043ac (0x9fcf3097) auipc   ra, 0x9fcf3
core   0: 3 0x800043ac (0x9fcf3097) x 1 0x1fcf73ac
core   0: 0x800043b0 (0x006d8b33) add     s6, s11, t1
core   0: 3 0x800043b0 (0x006d8b33) x22 0x3e560394
core   0: 0x800043b4 (0x1c01ca93) xori    s5, gp, 448
core   0: 3 0x800043b4 (0x1c01ca93) x21 0x000001c0
core   0: 0x800043b8 (0x015cfdb3) and     s11, s9, s5
core   0: 3 0x800043b8 (0x015cfdb3) x27 0x00000000
core   0: 0x800043bc (0xfeaf11a3) sh      a0, -29(t5)
core   0: 3 0x800043bc (0xfeaf11a3) mem 0x80022982 0xece4
core   0: 0x800043c0 (0x026f0683) lb      a3, 38(t5)
core   0: 3 0x800043c0 (0x026f0683) x13 0x00000000 mem 0x800229c5
core   0: 0x800043c4 (0x019d5e33) srl     t3, s10, s9
core   0: 3 0x800043c4 (0x019d5e33) x28 0x80015145
core   0: 0x800043c8 (0x013f4b03) lbu     s6, 19(t5)
core   0: 3 0x800043c8 (0x013f4b03) x22 0x00000000 mem 0x800229b2
core   0: 0x800043cc (0x0000100f) fence.i
core   0: 3 0x800043cc (0x0000100f)
core   0: 0x800043d0 (0xc056fc97) auipc   s9, 0xc056f
core   0: 3 0x800043d0 (0xc056fc97) x25 0x405733d0
core   0: 0x800043d4 (0xf08f4083) lbu     ra, -248(t5)
core   0: 3 0x800043d4 (0xf08f4083) x 1 0x00000000 mem 0x800228a7
core   0: 0x800043d8 (0xf1ff5603) lhu     a2, -225(t5)
core   0: 3 0x800043d8 (0xf1ff5603) x12 0x00000000 mem 0x800228be
core   0: 0x800043dc (0x0c0f4703) lbu     a4, 192(t5)
core   0: 3 0x800043dc (0x0c0f4703) x14 0x00000000 mem 0x80022a5f
core   0: 0x800043e0 (0x40b7dd13) srai    s10, a5, 11
core   0: 3 0x800043e0 (0x40b7dd13) x26 0x00000000
core   0: 0x800043e4 (0x050f4483) lbu     s1, 80(t5)
core   0: 3 0x800043e4 (0x050f4483) x 9 0x00000000 mem 0x800229ef
core   0: 0x800043e8 (0x9d093713) sltiu   a4, s2, -1584
core   0: 3 0x800043e8 (0x9d093713) x14 0x00000001
core   0: 0x800043ec (0xfbff14a3) sh      t6, -87(t5)
core   0: 3 0x800043ec (0xfbff14a3) mem 0x80022948 0x0000
core   0: 0x800043f0 (0xf33f4383) lbu     t2, -205(t5)
core   0: 3 0x800043f0 (0xf33f4383) x 7 0x00000000 mem 0x800228d2
core   0: 0x800043f4 (0x00011c17) auipc   s8, 0x11
core   0: 3 0x800043f4 (0x00011c17) x24 0x800153f4
core   0: 0x800043f8 (0x0a0c0c13) addi    s8, s8, 160
core   0: 3 0x800043f8 (0x0a0c0c13) x24 0x80015494
core   0: 0x800043fc (0x00fc4183) lbu     gp, 15(s8)
core   0: 3 0x800043fc (0x00fc4183) x 3 0x00000000 mem 0x800154a3
core   0: 0x80004400 (0x0ff0000f) fence   iorw,iorw
core   0: 3 0x80004400 (0x0ff0000f)
core   0: 0x80004404 (0x002c07a3) sb      sp, 15(s8)
core   0: 3 0x80004404 (0x002c07a3) mem 0x800154a3 0x64
core   0: 0x80004408 (0xffbc2a23) sw      s11, -12(s8)
core   0: 3 0x80004408 (0xffbc2a23) mem 0x80015488 0x00000000
core   0: 0x8000440c (0x00e00833) add     a6, zero, a4
core   0: 3 0x8000440c (0x00e00833) x16 0x00000001
core   0: 0x80004410 (0x6cc42917) auipc   s2, 0x6cc42
core   0: 3 0x80004410 (0x6cc42917) x18 0xecc46410
core   0: 0x80004414 (0x002c5003) lhu     zero, 2(s8)
core   0: 3 0x80004414 (0x002c5003) mem 0x80015496
core   0: 0x80004418 (0x01b26033) or      zero, tp, s11
core   0: 3 0x80004418 (0x01b26033)
core   0: 0x8000441c (0x00cc2b03) lw      s6, 12(s8)
core   0: 3 0x8000441c (0x00cc2b03) x22 0x64000000 mem 0x800154a0
core   0: 0x80004420 (0x00141033) sll     zero, s0, ra
core   0: 3 0x80004420 (0x00141033)
core   0: 0x80004424 (0x0d572f93) slti    t6, a4, 213
core   0: 3 0x80004424 (0x0d572f93) x31 0x00000001
core   0: 0x80004428 (0x4119d233) sra     tp, s3, a7
core   0: 3 0x80004428 (0x4119d233) x 4 0xfffffeef
core   0: 0x8000442c (0x0000100f) fence.i
core   0: 3 0x8000442c (0x0000100f)
core   0: 0x80004430 (0xff5c0923) sb      s5, -14(s8)
core   0: 3 0x80004430 (0xff5c0923) mem 0x80015486 0xc0
core   0: 0x80004434 (0xf0ab8493) addi    s1, s7, -246
core   0: 3 0x80004434 (0xf0ab8493) x 9 0xd1eea9bd
core   0: 0x80004438 (0xff6c08a3) sb      s6, -15(s8)
core   0: 3 0x80004438 (0xff6c08a3) mem 0x80015485 0x0
core   0: 0x8000443c (0x00cc2403) lw      s0, 12(s8)
core   0: 3 0x8000443c (0x00cc2403) x 8 0x64000000 mem 0x800154a0
core   0: 0x80004440 (0xeb152093) slti    ra, a0, -335
core   0: 3 0x80004440 (0xeb152093) x 1 0x00000001
core   0: 0x80004444 (0x405f5a93) srai    s5, t5, 5
core   0: 3 0x80004444 (0x405f5a93) x21 0xfc00114c
core   0: 0x80004448 (0x88be8f37) lui     t5, 0x88be8
core   0: 3 0x80004448 (0x88be8f37) x30 0x88be8000
core   0: 0x8000444c (0x005c0083) lb      ra, 5(s8)
core   0: 3 0x8000444c (0x005c0083) x 1 0x00000000 mem 0x80015499
core   0: 0x80004450 (0x001c0223) sb      ra, 4(s8)
core   0: 3 0x80004450 (0x001c0223) mem 0x80015498 0x0
core   0: 0x80004454 (0xa93be493) ori     s1, s7, -1389
core   0: 3 0x80004454 (0xa93be493) x 9 0xfffffab3
core   0: 0x80004458 (0xffbc4d83) lbu     s11, -5(s8)
core   0: 3 0x80004458 (0xffbc4d83) x27 0x00000000 mem 0x8001548f
core   0: 0x8000445c (0x0ff0000f) fence   iorw,iorw
core   0: 3 0x8000445c (0x0ff0000f)
core   0: 0x80004460 (0x01c23ab3) sltu    s5, tp, t3
core   0: 3 0x80004460 (0x01c23ab3) x21 0x00000000
core   0: 0x80004464 (0x017ad713) srli    a4, s5, 23
core   0: 3 0x80004464 (0x017ad713) x14 0x00000000
core   0: 0x80004468 (0xa892f813) andi    a6, t0, -1399
core   0: 3 0x80004468 (0xa892f813) x16 0x00000089
core   0: 0x8000446c (0x66106c93) ori     s9, zero, 1633
core   0: 3 0x8000446c (0x66106c93) x25 0x00000661
core   0: 0x80004470 (0x00ec0883) lb      a7, 14(s8)
core   0: 3 0x80004470 (0x00ec0883) x17 0x00000000 mem 0x800154a2
core   0: 0x80004474 (0x00bc0183) lb      gp, 11(s8)
core   0: 3 0x80004474 (0x00bc0183) x 3 0x00000000 mem 0x8001549f
core   0: 0x80004478 (0x0000100f) fence.i
core   0: 3 0x80004478 (0x0000100f)
core   0: 0x8000447c (0x013b4e33) xor     t3, s6, s3
core   0: 3 0x8000447c (0x013b4e33) x28 0x9bfffeef
core   0: 0x80004480 (0x00cc1523) sh      a2, 10(s8)
core   0: 3 0x80004480 (0x00cc1523) mem 0x8001549e 0x0000
core   0: 0x80004484 (0x010c5683) lhu     a3, 16(s8)
core   0: 3 0x80004484 (0x010c5683) x13 0x00000000 mem 0x800154a4
core   0: 0x80004488 (0x00dc06a3) sb      a3, 13(s8)
core   0: 3 0x80004488 (0x00dc06a3) mem 0x800154a1 0x0
core   0: 0x8000448c (0x003c0003) lb      zero, 3(s8)
core   0: 3 0x8000448c (0x003c0003) mem 0x80015497
core   0: 0x80004490 (0xfe6c1f23) sh      t1, -2(s8)
core   0: 3 0x80004490 (0xfe6c1f23) mem 0x80015492 0x0394
core   0: 0x80004494 (0xffac0403) lb      s0, -6(s8)
core   0: 3 0x80004494 (0xffac0403) x 8 0x00000000 mem 0x8001548e
core   0: 0x80004498 (0x404401b3) sub     gp, s0, tp
core   0: 3 0x80004498 (0x404401b3) x 3 0x00000111
core   0: 0x8000449c (0x00ac1e83) lh      t4, 10(s8)
core   0: 3 0x8000449c (0x00ac1e83) x29 0x00000000 mem 0x8001549e
core   0: 0x800044a0 (0x00dc1723) sh      a3, 14(s8)
core   0: 3 0x800044a0 (0x00dc1723) mem 0x800154a2 0x0000
core   0: 0x800044a4 (0x00ac1c83) lh      s9, 10(s8)
core   0: 3 0x800044a4 (0x00ac1c83) x25 0x00000000 mem 0x8001549e
core   0: 0x800044a8 (0x0001ee17) auipc   t3, 0x1e
core   0: 3 0x800044a8 (0x0001ee17) x28 0x800224a8
core   0: 0x800044ac (0x992e0e13) addi    t3, t3, -1646
core   0: 3 0x800044ac (0x992e0e13) x28 0x80021e3a
core   0: 0x800044b0 (0xfe5e0923) sb      t0, -14(t3)
core   0: 3 0x800044b0 (0xfe5e0923) mem 0x80021e2c 0xdd
core   0: 0x800044b4 (0x0059af33) slt     t5, s3, t0
core   0: 3 0x800044b4 (0x0059af33) x30 0x00000001
core   0: 0x800044b8 (0x4006de93) srai    t4, a3, 0
core   0: 3 0x800044b8 (0x4006de93) x29 0x00000000
core   0: 0x800044bc (0x8be649b7) lui     s3, 0x8be64
core   0: 3 0x800044bc (0x8be649b7) x19 0x8be64000
core   0: 0x800044c0 (0x00edf833) and     a6, s11, a4
core   0: 3 0x800044c0 (0x00edf833) x16 0x00000000
core   0: 0x800044c4 (0x006e1183) lh      gp, 6(t3)
core   0: 3 0x800044c4 (0x006e1183) x 3 0x00000000 mem 0x80021e40
core   0: 0x800044c8 (0x487c0f93) addi    t6, s8, 1159
core   0: 3 0x800044c8 (0x487c0f93) x31 0x8001591b
core   0: 0x800044cc (0x3c23d5b7) lui     a1, 0x3c23d
core   0: 3 0x800044cc (0x3c23d5b7) x11 0x3c23d000
core   0: 0x800044d0 (0x00bf1833) sll     a6, t5, a1
core   0: 3 0x800044d0 (0x00bf1833) x16 0x00000001
core   0: 0x800044d4 (0x0000100f) fence.i
core   0: 3 0x800044d4 (0x0000100f)
core   0: 0x800044d8 (0x0ff0000f) fence   iorw,iorw
core   0: 3 0x800044d8 (0x0ff0000f)
core   0: 0x800044dc (0x012ff1b3) and     gp, t6, s2
core   0: 3 0x800044dc (0x012ff1b3) x 3 0x80004010
core   0: 0x800044e0 (0x00de0623) sb      a3, 12(t3)
core   0: 3 0x800044e0 (0x00de0623) mem 0x80021e46 0x0
core   0: 0x800044e4 (0x001dd013) srli    zero, s11, 1
core   0: 3 0x800044e4 (0x001dd013)
core   0: 0x800044e8 (0x002e0983) lb      s3, 2(t3)
core   0: 3 0x800044e8 (0x002e0983) x19 0x00000000 mem 0x80021e3c
core   0: 0x800044ec (0x00ce5683) lhu     a3, 12(t3)
core   0: 3 0x800044ec (0x00ce5683) x13 0x00000000 mem 0x80021e46
core   0: 0x800044f0 (0x01b1e8b3) or      a7, gp, s11
core   0: 3 0x800044f0 (0x01b1e8b3) x17 0x80004010
core   0: 0x800044f4 (0xff4e0c83) lb      s9, -12(t3)
core   0: 3 0x800044f4 (0xff4e0c83) x25 0x00000000 mem 0x80021e2e
core   0: 0x800044f8 (0xff2e4b03) lbu     s6, -14(t3)
core   0: 3 0x800044f8 (0xff2e4b03) x22 0x000000dd mem 0x80021e2c
core   0: 0x800044fc (0x41a25933) sra     s2, tp, s10
core   0: 3 0x800044fc (0x41a25933) x18 0xfffffeef
core   0: 0x80004500 (0x92f5a913) slti    s2, a1, -1745
core   0: 3 0x80004500 (0x92f5a913) x18 0x00000000
core   0: 0x80004504 (0x01fe0823) sb      t6, 16(t3)
core   0: 3 0x80004504 (0x01fe0823) mem 0x80021e4a 0x1b
core   0: 0x80004508 (0x0c482a13) slti    s4, a6, 196
core   0: 3 0x80004508 (0x0c482a13) x20 0x00000001
core   0: 0x8000450c (0x018de033) or      zero, s11, s8
core   0: 3 0x8000450c (0x018de033)
core   0: 0x80004510 (0xfe5e1923) sh      t0, -14(t3)
core   0: 3 0x80004510 (0xfe5e1923) mem 0x80021e2c 0x01dd
core   0: 0x80004514 (0x7fc13b13) sltiu   s6, sp, 2044
core   0: 3 0x80004514 (0x7fc13b13) x22 0x00000000
core   0: 0x80004518 (0x004e03a3) sb      tp, 7(t3)
core   0: 3 0x80004518 (0x004e03a3) mem 0x80021e41 0xef
core   0: 0x8000451c (0x00011897) auipc   a7, 0x11
core   0: 3 0x8000451c (0x00011897) x17 0x8001551c
core   0: 0x80004520 (0xc8b88893) addi    a7, a7, -885
core   0: 3 0x80004520 (0xc8b88893) x17 0x800151a7
core   0: 0x80004524 (0xfeb8d583) lhu     a1, -21(a7)
core   0: 3 0x80004524 (0xfeb8d583) x11 0x00000000 mem 0x80015192
core   0: 0x80004528 (0xfe189183) lh      gp, -31(a7)
core   0: 3 0x80004528 (0xfe189183) x 3 0x00000000 mem 0x80015188
core   0: 0x8000452c (0xfeb890a3) sh      a1, -31(a7)
core   0: 3 0x8000452c (0xfeb890a3) mem 0x80015188 0x0000
core   0: 0x80004530 (0x0d088023) sb      a6, 192(a7)
core   0: 3 0x80004530 (0x0d088023) mem 0x80015267 0x1
core   0: 0x80004534 (0x0128c383) lbu     t2, 18(a7)
core   0: 3 0x80004534 (0x0128c383) x 7 0x00000000 mem 0x800151b9
core   0: 0x80004538 (0x0bd897a3) sh      t4, 175(a7)
core   0: 3 0x80004538 (0x0bd897a3) mem 0x80015256 0x0000
core   0: 0x8000453c (0xfa288903) lb      s2, -94(a7)
core   0: 3 0x8000453c (0xfa288903) x18 0x00000000 mem 0x80015149
core   0: 0x80004540 (0xfa28c303) lbu     t1, -94(a7)
core   0: 3 0x80004540 (0xfa28c303) x 6 0x00000000 mem 0x80015149
core   0: 0x80004544 (0xfb288123) sb      s2, -94(a7)
core   0: 3 0x80004544 (0xfb288123) mem 0x80015149 0x0
core   0: 0x80004548 (0xff98d483) lhu     s1, -7(a7)
core   0: 3 0x80004548 (0xff98d483) x 9 0x00000000 mem 0x800151a0
core   0: 0x8000454c (0xfad8d203) lhu     tp, -83(a7)
core   0: 3 0x8000454c (0xfad8d203) x 4 0x00000000 mem 0x80015154
core   0: 0x80004550 (0x003735b3) sltu    a1, a4, gp
core   0: 3 0x80004550 (0x003735b3) x11 0x00000000
core   0: 0x80004554 (0x403e0633) sub     a2, t3, gp
core   0: 3 0x80004554 (0x403e0633) x12 0x80021e3a
core   0: 0x80004558 (0x06888aa3) sb      s0, 117(a7)
core   0: 3 0x80004558 (0x06888aa3) mem 0x8001521c 0x0
core   0: 0x8000455c (0x00faefb3) or      t6, s5, a5
core   0: 3 0x8000455c (0x00faefb3) x31 0x00000000
core   0: 0x80004560 (0x09888b23) sb      s8, 150(a7)
core   0: 3 0x80004560 (0x09888b23) mem 0x8001523d 0x94
core   0: 0x80004564 (0x0cf8c483) lbu     s1, 207(a7)
core   0: 3 0x80004564 (0x0cf8c483) x 9 0x00000000 mem 0x80015276
core   0: 0x80004568 (0xfb8887a3) sb      s8, -81(a7)
core   0: 3 0x80004568 (0xfb8887a3) mem 0x80015156 0x94
core   0: 0x8000456c (0xa5aaae93) slti    t4, s5, -1446
core   0: 3 0x8000456c (0xa5aaae93) x29 0x00000000
core   0: 0x80004570 (0x01a36233) or      tp, t1, s10
core   0: 3 0x80004570 (0x01a36233) x 4 0x00000000
core   0: 0x80004574 (0x418ad033) sra     zero, s5, s8
core   0: 3 0x80004574 (0x418ad033)
core   0: 0x80004578 (0xf6a8cf03) lbu     t5, -150(a7)
core   0: 3 0x80004578 (0xf6a8cf03) x30 0x00000000 mem 0x80015111
core   0: 0x8000457c (0xf0988623) sb      s1, -244(a7)
core   0: 3 0x8000457c (0xf0988623) mem 0x800150b3 0x0
core   0: 0x80004580 (0x0318df83) lhu     t6, 49(a7)
core   0: 3 0x80004580 (0x0318df83) x31 0x00000000 mem 0x800151d8
core   0: 0x80004584 (0x00017897) auipc   a7, 0x17
core   0: 3 0x80004584 (0x00017897) x17 0x8001b584
core   0: 0x80004588 (0x4f888893) addi    a7, a7, 1272
core   0: 3 0x80004588 (0x4f888893) x17 0x8001ba7c
core   0: 0x8000458c (0x99b4fb13) andi    s6, s1, -1637
core   0: 3 0x8000458c (0x99b4fb13) x22 0x00000000
core   0: 0x80004590 (0xc6612d17) auipc   s10, 0xc6612
core   0: 3 0x80004590 (0xc6612d17) x26 0x46616590
core   0: 0x80004594 (0x00f8c803) lbu     a6, 15(a7)
core   0: 3 0x80004594 (0x00f8c803) x16 0x00000000 mem 0x8001ba8b
core   0: 0x80004598 (0x0000100f) fence.i
core   0: 3 0x80004598 (0x0000100f)
core   0: 0x8000459c (0x00e8c583) lbu     a1, 14(a7)
core   0: 3 0x8000459c (0x00e8c583) x11 0x00000000 mem 0x8001ba8a
core   0: 0x800045a0 (0x00f882a3) sb      a5, 5(a7)
core   0: 3 0x800045a0 (0x00f882a3) mem 0x8001ba81 0x0
core   0: 0x800045a4 (0xb2b7cb13) xori    s6, a5, -1237
core   0: 3 0x800045a4 (0xb2b7cb13) x22 0xfffffb2b
core   0: 0x800045a8 (0x412b5c93) srai    s9, s6, 18
core   0: 3 0x800045a8 (0x412b5c93) x25 0xffffffff
core   0: 0x800045ac (0xff288703) lb      a4, -14(a7)
core   0: 3 0x800045ac (0xff288703) x14 0x00000000 mem 0x8001ba6e
core   0: 0x800045b0 (0x01c0da33) srl     s4, ra, t3
core   0: 3 0x800045b0 (0x01c0da33) x20 0x00000000
core   0: 0x800045b4 (0x01a89123) sh      s10, 2(a7)
core   0: 3 0x800045b4 (0x01a89123) mem 0x8001ba7e 0x6590
core   0: 0x800045b8 (0x014886a3) sb      s4, 13(a7)
core   0: 3 0x800045b8 (0x014886a3) mem 0x8001ba89 0x0
core   0: 0x800045bc (0xffd88d83) lb      s11, -3(a7)
core   0: 3 0x800045bc (0xffd88d83) x27 0x00000000 mem 0x8001ba79
core   0: 0x800045c0 (0x00489723) sh      tp, 14(a7)
core   0: 3 0x800045c0 (0x00489723) mem 0x8001ba8a 0x0000
core   0: 0x800045c4 (0xffd88fa3) sb      t4, -1(a7)
core   0: 3 0x800045c4 (0xffd88fa3) mem 0x8001ba7b 0x0
core   0: 0x800045c8 (0x01d6fa33) and     s4, a3, t4
core   0: 3 0x800045c8 (0x01d6fa33) x20 0x00000000
core   0: 0x800045cc (0x00d88423) sb      a3, 8(a7)
core   0: 3 0x800045cc (0x00d88423) mem 0x8001ba84 0x0
core   0: 0x800045d0 (0x00c89183) lh      gp, 12(a7)
core   0: 3 0x800045d0 (0x00c89183) x 3 0x00000000 mem 0x8001ba88
core   0: 0x800045d4 (0xff38c583) lbu     a1, -13(a7)
core   0: 3 0x800045d4 (0xff38c583) x11 0x00000000 mem 0x8001ba6f
core   0: 0x800045d8 (0x0038c083) lbu     ra, 3(a7)
core   0: 3 0x800045d8 (0x0038c083) x 1 0x00000065 mem 0x8001ba7f
core   0: 0x800045dc (0x01589823) sh      s5, 16(a7)
core   0: 3 0x800045dc (0x01589823) mem 0x8001ba8c 0x0000
core   0: 0x800045e0 (0x001884a3) sb      ra, 9(a7)
core   0: 3 0x800045e0 (0x001884a3) mem 0x8001ba85 0x65
core   0: 0x800045e4 (0xffe8ce03) lbu     t3, -2(a7)
core   0: 3 0x800045e4 (0xffe8ce03) x28 0x00000000 mem 0x8001ba7a
core   0: 0x800045e8 (0x8dd78393) addi    t2, a5, -1827
core   0: 3 0x800045e8 (0x8dd78393) x 7 0xfffff8dd
core   0: 0x800045ec (0x0000100f) fence.i
core   0: 3 0x800045ec (0x0000100f)
core   0: 0x800045f0 (0x00e8da83) lhu     s5, 14(a7)
core   0: 3 0x800045f0 (0x00e8da83) x21 0x00000000 mem 0x8001ba8a
core   0: 0x800045f4 (0x01b91633) sll     a2, s2, s11
core   0: 3 0x800045f4 (0x01b91633) x12 0x00000000
core   0: 0x800045f8 (0xffc8ce03) lbu     t3, -4(a7)
core   0: 3 0x800045f8 (0xffc8ce03) x28 0x00000000 mem 0x8001ba78
core   0: 0x800045fc (0x00f8ce03) lbu     t3, 15(a7)
core   0: 3 0x800045fc (0x00f8ce03) x28 0x00000000 mem 0x8001ba8b
core   0: 0x80004600 (0x0098cf03) lbu     t5, 9(a7)
core   0: 3 0x80004600 (0x0098cf03) x30 0x00000065 mem 0x8001ba85
core   0: 0x80004604 (0xff089383) lh      t2, -16(a7)
core   0: 3 0x80004604 (0xff089383) x 7 0x00000000 mem 0x8001ba6c
core   0: 0x80004608 (0xff68c003) lbu     zero, -10(a7)
core   0: 3 0x80004608 (0xff68c003) mem 0x8001ba72
core   0: 0x8000460c (0xfee89d23) sh      a4, -6(a7)
core   0: 3 0x8000460c (0xfee89d23) mem 0x8001ba76 0x0000
core   0: 0x80004610 (0x00988c03) lb      s8, 9(a7)
core   0: 3 0x80004610 (0x00988c03) x24 0x00000065 mem 0x8001ba85
core   0: 0x80004614 (0x01d884a3) sb      t4, 9(a7)
core   0: 3 0x80004614 (0x01d884a3) mem 0x8001ba85 0x0
core   0: 0x80004618 (0x00888403) lb      s0, 8(a7)
core   0: 3 0x80004618 (0x00888403) x 8 0x00000000 mem 0x8001ba84
core   0: 0x8000461c (0x00011317) auipc   t1, 0x11
core   0: 3 0x8000461c (0x00011317) x 6 0x8001561c
core   0: 0x80004620 (0xf3830313) addi    t1, t1, -200
core   0: 3 0x80004620 (0xf3830313) x 6 0x80015554
core   0: 0x80004624 (0x00011c97) auipc   s9, 0x11
core   0: 3 0x80004624 (0x00011c97) x25 0x80015624
core   0: 0x80004628 (0xa9dc8c93) addi    s9, s9, -1379
core   0: 3 0x80004628 (0xa9dc8c93) x25 0x800150c1
core   0: 0x8000462c (0x00011597) auipc   a1, 0x11
core   0: 3 0x8000462c (0x00011597) x11 0x8001562c
core   0: 0x80004630 (0xf1658593) addi    a1, a1, -234
core   0: 3 0x80004630 (0xf1658593) x11 0x80015542
core   0: 0x80004634 (0x00d30703) lb      a4, 13(t1)
core   0: 3 0x80004634 (0x00d30703) x14 0x00000000 mem 0x80015561
core   0: 0x80004638 (0x00011797) auipc   a5, 0x11
core   0: 3 0x80004638 (0x00011797) x15 0x80015638
core   0: 0x8000463c (0x5a378793) addi    a5, a5, 1443
core   0: 3 0x8000463c (0x5a378793) x15 0x80015bdb
core   0: 0x80004640 (0x00011497) auipc   s1, 0x11
core   0: 3 0x80004640 (0x00011497) x 9 0x80015640
core   0: 0x80004644 (0xafe48493) addi    s1, s1, -1282
core   0: 3 0x80004644 (0xafe48493) x 9 0x8001513e
core   0: 0x80004648 (0x03b58ca3) sb      s11, 57(a1)
core   0: 3 0x80004648 (0x03b58ca3) mem 0x8001557b 0x0
core   0: 0x8000464c (0x29a48883) lb      a7, 666(s1)
core   0: 3 0x8000464c (0x29a48883) x17 0x00000000 mem 0x800153d8
core   0: 0x80004650 (0xff930f03) lb      t5, -7(t1)
core   0: 3 0x80004650 (0xff930f03) x30 0x00000000 mem 0x8001554d
core   0: 0x80004654 (0x02459d83) lh      s11, 36(a1)
core   0: 3 0x80004654 (0x02459d83) x27 0x00000000 mem 0x80015566
core   0: 0x80004658 (0x14ec8083) lb      ra, 334(s9)
core   0: 3 0x80004658 (0x14ec8083) x 1 0x00000000 mem 0x8001520f
core   0: 0x8000465c (0x554c8aa3) sb      s4, 1365(s9)
core   0: 3 0x8000465c (0x554c8aa3) mem 0x80015616 0x0
core   0: 0x80004660 (0x20548383) lb      t2, 517(s1)
core   0: 3 0x80004660 (0x20548383) x 7 0x00000000 mem 0x80015343
core   0: 0x80004664 (0x01c58d83) lb      s11, 28(a1)
core   0: 3 0x80004664 (0x01c58d83) x27 0x00000000 mem 0x8001555e
core   0: 0x80004668 (0xef87cc03) lbu     s8, -264(a5)
core   0: 3 0x80004668 (0xef87cc03) x24 0x00000000 mem 0x80015ad3
core   0: 0x8000466c (0x159c9e83) lh      t4, 345(s9)
core   0: 3 0x8000466c (0x159c9e83) x29 0x00000000 mem 0x8001521a
core   0: 0x80004670 (0xff230f03) lb      t5, -14(t1)
core   0: 3 0x80004670 (0xff230f03) x30 0x00000000 mem 0x80015546
core   0: 0x80004674 (0x340ccf03) lbu     t5, 832(s9)
core   0: 3 0x80004674 (0x340ccf03) x30 0x00000000 mem 0x80015401
core   0: 0x80004678 (0x29078a83) lb      s5, 656(a5)
core   0: 3 0x80004678 (0x29078a83) x21 0x00000000 mem 0x80015e6b
core   0: 0x8000467c (0x4d34cd83) lbu     s11, 1235(s1)
core   0: 3 0x8000467c (0x4d34cd83) x27 0x00000000 mem 0x80015611
core   0: 0x80004680 (0x00d34a83) lbu     s5, 13(t1)
core   0: 3 0x80004680 (0x00d34a83) x21 0x00000000 mem 0x80015561
core   0: 0x80004684 (0xafb78d83) lb      s11, -1285(a5)
core   0: 3 0x80004684 (0xafb78d83) x27 0x00000000 mem 0x800156d6
core   0: 0x80004688 (0x23d4c803) lbu     a6, 573(s1)
core   0: 3 0x80004688 (0x23d4c803) x16 0x00000000 mem 0x8001537b
core   0: 0x8000468c (0xff831d23) sh      s8, -6(t1)
core   0: 3 0x8000468c (0xff831d23) mem 0x8001554e 0x0000
core   0: 0x80004690 (0x0025cf03) lbu     t5, 2(a1)
core   0: 3 0x80004690 (0x0025cf03) x30 0x00000000 mem 0x80015544
core   0: 0x80004694 (0x0b278d03) lb      s10, 178(a5)
core   0: 3 0x80004694 (0x0b278d03) x26 0x00000000 mem 0x80015c8d
core   0: 0x80004698 (0x314c8a23) sb      s4, 788(s9)
core   0: 3 0x80004698 (0x314c8a23) mem 0x800153d5 0x0
core   0: 0x8000469c (0xff55af23) sw      s5, -2(a1)
core   0: 3 0x8000469c (0xff55af23) mem 0x80015540 0x00000000
core   0: 0x800046a0 (0x00634703) lbu     a4, 6(t1)
core   0: 3 0x800046a0 (0x00634703) x14 0x00000000 mem 0x8001555a
core   0: 0x800046a4 (0x77cc8883) lb      a7, 1916(s9)
core   0: 3 0x800046a4 (0x77cc8883) x17 0x00000000 mem 0x8001583d
core   0: 0x800046a8 (0xc247c183) lbu     gp, -988(a5)
core   0: 3 0x800046a8 (0xc247c183) x 3 0x00000000 mem 0x800157ff
core   0: 0x800046ac (0x00449923) sh      tp, 18(s1)
core   0: 3 0x800046ac (0x00449923) mem 0x80015150 0x0000
core   0: 0x800046b0 (0xffd30703) lb      a4, -3(t1)
core   0: 3 0x800046b0 (0xffd30703) x14 0x00000000 mem 0x80015551
core   0: 0x800046b4 (0x46a78383) lb      t2, 1130(a5)
core   0: 3 0x800046b4 (0x46a78383) x 7 0xffffffb3 mem 0x80016045
core   0: 0x800046b8 (0x235cdc03) lhu     s8, 565(s9)
core   0: 3 0x800046b8 (0x235cdc03) x24 0x00000000 mem 0x800152f6
core   0: 0x800046bc (0xba67c603) lbu     a2, -1114(a5)
core   0: 3 0x800046bc (0xba67c603) x12 0x00000000 mem 0x80015781
core   0: 0x800046c0 (0xfc35c983) lbu     s3, -61(a1)
core   0: 3 0x800046c0 (0xfc35c983) x19 0x00000000 mem 0x80015505
core   0: 0x800046c4 (0x00f34083) lbu     ra, 15(t1)
core   0: 3 0x800046c4 (0x00f34083) x 1 0x00000000 mem 0x80015563
core   0: 0x800046c8 (0x012306a3) sb      s2, 13(t1)
core   0: 3 0x800046c8 (0x012306a3) mem 0x80015561 0x0
core   0: 0x800046cc (0x7f8cc803) lbu     a6, 2040(s9)
core   0: 3 0x800046cc (0x7f8cc803) x16 0x00000000 mem 0x800158b9
core   0: 0x800046d0 (0x371487a3) sb      a7, 879(s1)
core   0: 3 0x800046d0 (0x371487a3) mem 0x800154ad 0x0
core   0: 0x800046d4 (0xa5478b03) lb      s6, -1452(a5)
core   0: 3 0x800046d4 (0xa5478b03) x22 0x00000000 mem 0x8001562f
core   0: 0x800046d8 (0x6ba4c383) lbu     t2, 1722(s1)
core   0: 3 0x800046d8 (0x6ba4c383) x 7 0x00000000 mem 0x800157f8
core   0: 0x800046dc (0x0295cd83) lbu     s11, 41(a1)
core   0: 3 0x800046dc (0x0295cd83) x27 0x00000000 mem 0x8001556b
core   0: 0x800046e0 (0x1cc48323) sb      a2, 454(s1)
core   0: 3 0x800046e0 (0x1cc48323) mem 0x80015304 0x0
core   0: 0x800046e4 (0xe4a78b23) sb      a0, -426(a5)
core   0: 3 0x800046e4 (0xe4a78b23) mem 0x80015a31 0xe4
core   0: 0x800046e8 (0xfe7583a3) sb      t2, -25(a1)
core   0: 3 0x800046e8 (0xfe7583a3) mem 0x80015529 0x0
core   0: 0x800046ec (0x7a449083) lh      ra, 1956(s1)
core   0: 3 0x800046ec (0x7a449083) x 1 0x00000000 mem 0x800158e2
core   0: 0x800046f0 (0x4bcc9fa3) sh      t3, 1215(s9)
core   0: 3 0x800046f0 (0x4bcc9fa3) mem 0x80015580 0x0000
core   0: 0x800046f4 (0xfec59a83) lh      s5, -20(a1)
core   0: 3 0x800046f4 (0xfec59a83) x21 0x00005128 mem 0x8001552e
core   0: 0x800046f8 (0x0325c283) lbu     t0, 50(a1)
core   0: 3 0x800046f8 (0x0325c283) x 5 0x00000000 mem 0x80015574
core   0: 0x800046fc (0x00011897) auipc   a7, 0x11
core   0: 3 0x800046fc (0x00011897) x17 0x800156fc
core   0: 0x80004700 (0xca788893) addi    a7, a7, -857
core   0: 3 0x80004700 (0xca788893) x17 0x800153a3
core   0: 0x80004704 (0x00908fb3) add     t6, ra, s1
core   0: 3 0x80004704 (0x00908fb3) x31 0x8001513e
core   0: 0x80004708 (0xed99e9b7) lui     s3, 0xed99e
core   0: 3 0x80004708 (0xed99e9b7) x19 0xed99e000
core   0: 0x8000470c (0xffb8d783) lhu     a5, -5(a7)
core   0: 3 0x8000470c (0xffb8d783) x15 0x00000000 mem 0x8001539e
core   0: 0x80004710 (0x009335b3) sltu    a1, t1, s1
core   0: 3 0x80004710 (0x009335b3) x11 0x00000000
core   0: 0x80004714 (0x41a253b3) sra     t2, tp, s10
core   0: 3 0x80004714 (0x41a253b3) x 7 0x00000000
core   0: 0x80004718 (0x02588d23) sb      t0, 58(a7)
core   0: 3 0x80004718 (0x02588d23) mem 0x800153dd 0x0
core   0: 0x8000471c (0x403b0b33) sub     s6, s6, gp
core   0: 3 0x8000471c (0x403b0b33) x22 0x00000000
core   0: 0x80004720 (0x01e8cb03) lbu     s6, 30(a7)
core   0: 3 0x80004720 (0x01e8cb03) x22 0x00000000 mem 0x800153c1
core   0: 0x80004724 (0xfeb88d03) lb      s10, -21(a7)
core   0: 3 0x80004724 (0xfeb88d03) x26 0x00000000 mem 0x8001538e
core   0: 0x80004728 (0x018201b3) add     gp, tp, s8
core   0: 3 0x80004728 (0x018201b3) x 3 0x00000000
core   0: 0x8000472c (0x00a75333) srl     t1, a4, a0
core   0: 3 0x8000472c (0x00a75333) x 6 0x00000000
core   0: 0x80004730 (0x01e63eb3) sltu    t4, a2, t5
core   0: 3 0x80004730 (0x01e63eb3) x29 0x00000000
core   0: 0x80004734 (0xffa88923) sb      s10, -14(a7)
core   0: 3 0x80004734 (0xffa88923) mem 0x80015395 0x0
core   0: 0x80004738 (0xfc88ce03) lbu     t3, -56(a7)
core   0: 3 0x80004738 (0xfc88ce03) x28 0x00000000 mem 0x8001536b
core   0: 0x8000473c (0x030885a3) sb      a6, 43(a7)
core   0: 3 0x8000473c (0x030885a3) mem 0x800153ce 0x0
core   0: 0x80004740 (0x02688823) sb      t1, 48(a7)
core   0: 3 0x80004740 (0x02688823) mem 0x800153d3 0x0
core   0: 0x80004744 (0x02088c23) sb      zero, 56(a7)
core   0: 3 0x80004744 (0x02088c23) mem 0x800153db 0x0
core   0: 0x80004748 (0x03288823) sb      s2, 48(a7)
core   0: 3 0x80004748 (0x03288823) mem 0x800153d3 0x0
core   0: 0x8000474c (0x88bfca93) xori    s5, t6, -1909
core   0: 3 0x8000474c (0x88bfca93) x21 0x7ffea9b5
core   0: 0x80004750 (0xfd18cc83) lbu     s9, -47(a7)
core   0: 3 0x80004750 (0xfd18cc83) x25 0x00000000 mem 0x80015374
core   0: 0x80004754 (0x428b3593) sltiu   a1, s6, 1064
core   0: 3 0x80004754 (0x428b3593) x11 0x00000001
core   0: 0x80004758 (0xff58aca3) sw      s5, -7(a7)
core   0: 3 0x80004758 (0xff58aca3) mem 0x8001539c 0x7ffea9b5
core   0: 0x8000475c (0x03b8da03) lhu     s4, 59(a7)
core   0: 3 0x8000475c (0x03b8da03) x20 0x00000000 mem 0x800153de
core   0: 0x80004760 (0xffc89da3) sh      t3, -5(a7)
core   0: 3 0x80004760 (0xffc89da3) mem 0x8001539e 0x0000
core   0: 0x80004764 (0x03f88c23) sb      t6, 56(a7)
core   0: 3 0x80004764 (0x03f88c23) mem 0x800153db 0x3e
core   0: 0x80004768 (0xfd18c303) lbu     t1, -47(a7)
core   0: 3 0x80004768 (0xfd18c303) x 6 0x00000000 mem 0x80015374
core   0: 0x8000476c (0xfcb899a3) sh      a1, -45(a7)
core   0: 3 0x8000476c (0xfcb899a3) mem 0x80015376 0x0001
core   0: 0x80004770 (0xfd58aa03) lw      s4, -43(a7)
core   0: 3 0x80004770 (0xfd58aa03) x20 0x00000000 mem 0x80015378
core   0: 0x80004774 (0x50e9a0b7) lui     ra, 0x50e9a
core   0: 3 0x80004774 (0x50e9a0b7) x 1 0x50e9a000
core   0: 0x80004778 (0x02788023) sb      t2, 32(a7)
core   0: 3 0x80004778 (0x02788023) mem 0x800153c3 0x0
core   0: 0x8000477c (0xfe988223) sb      s1, -28(a7)
core   0: 3 0x8000477c (0xfe988223) mem 0x80015387 0x3e
core   0: 0x80004780 (0xffc8cf83) lbu     t6, -4(a7)
core   0: 3 0x80004780 (0xffc8cf83) x31 0x00000000 mem 0x8001539f
core   0: 0x80004784 (0x00011c17) auipc   s8, 0x11
core   0: 3 0x80004784 (0x00011c17) x24 0x80015784
core   0: 0x80004788 (0x592c0c13) addi    s8, s8, 1426
core   0: 3 0x80004788 (0x592c0c13) x24 0x80015d16
core   0: 0x8000478c (0xfb1c0f03) lb      t5, -79(s8)
core   0: 3 0x8000478c (0xfb1c0f03) x30 0x00000000 mem 0x80015cc7
core   0: 0x80004790 (0x0d0c09a3) sb      a6, 211(s8)
core   0: 3 0x80004790 (0x0d0c09a3) mem 0x80015de9 0x0
core   0: 0x80004794 (0x0d3c4d03) lbu     s10, 211(s8)
core   0: 3 0x80004794 (0x0d3c4d03) x26 0x00000000 mem 0x80015de9
core   0: 0x80004798 (0x0fac5d83) lhu     s11, 250(s8)
core   0: 3 0x80004798 (0x0fac5d83) x27 0x00000000 mem 0x80015e10
core   0: 0x8000479c (0x0cac2b23) sw      a0, 214(s8)
core   0: 3 0x8000479c (0x0cac2b23) mem 0x80015dec 0x8002ece4
core   0: 0x800047a0 (0x01a174b3) and     s1, sp, s10
core   0: 3 0x800047a0 (0x01a174b3) x 9 0x00000000
core   0: 0x800047a4 (0x9dd39f97) auipc   t6, 0x9dd39
core   0: 3 0x800047a4 (0x9dd39f97) x31 0x1dd3d7a4
core   0: 0x800047a8 (0x0dcc1b23) sh      t3, 214(s8)
core   0: 3 0x800047a8 (0x0dcc1b23) mem 0x80015dec 0x0000
core   0: 0x800047ac (0x0c0c1b23) sh      zero, 214(s8)
core   0: 3 0x800047ac (0x0c0c1b23) mem 0x80015dec 0x0000
core   0: 0x800047b0 (0x00000013) nop
core   0: 3 0x800047b0 (0x00000013)
core   0: 0x800047b4 (0x09ac4a83) lbu     s5, 154(s8)
core   0: 3 0x800047b4 (0x09ac4a83) x21 0x00000000 mem 0x80015db0
core   0: 0x800047b8 (0x2fcc7713) andi    a4, s8, 764
core   0: 3 0x800047b8 (0x2fcc7713) x14 0x00000014
core   0: 0x800047bc (0x086c2d23) sw      t1, 154(s8)
core   0: 3 0x800047bc (0x086c2d23) mem 0x80015db0 0x00000000
core   0: 0x800047c0 (0x014c5c83) lhu     s9, 20(s8)
core   0: 3 0x800047c0 (0x014c5c83) x25 0x00000000 mem 0x80015d2a
core   0: 0x800047c4 (0x0001a717) auipc   a4, 0x1a
core   0: 3 0x800047c4 (0x0001a717) x14 0x8001e7c4
core   0: 0x800047c8 (0x0e670713) addi    a4, a4, 230
core   0: 3 0x800047c8 (0x0e670713) x14 0x8001e8aa
core   0: 0x800047cc (0x010700a3) sb      a6, 1(a4)
core   0: 3 0x800047cc (0x010700a3) mem 0x8001e8ab 0x0
core   0: 0x800047d0 (0x01c702a3) sb      t3, 5(a4)
core   0: 3 0x800047d0 (0x01c702a3) mem 0x8001e8af 0x0
core   0: 0x800047d4 (0xff270aa3) sb      s2, -11(a4)
core   0: 3 0x800047d4 (0xff270aa3) mem 0x8001e89f 0x0
core   0: 0x800047d8 (0xd3fa3313) sltiu   t1, s4, -705
core   0: 3 0x800047d8 (0xd3fa3313) x 6 0x00000001
core   0: 0x800047dc (0x00970303) lb      t1, 9(a4)
core   0: 3 0x800047dc (0x00970303) x 6 0x00000000 mem 0x8001e8b3
core   0: 0x800047e0 (0x01e3c433) xor     s0, t2, t5
core   0: 3 0x800047e0 (0x01e3c433) x 8 0x00000000
core   0: 0x800047e4 (0x00d74683) lbu     a3, 13(a4)
core   0: 3 0x800047e4 (0x00d74683) x13 0x00000000 mem 0x8001e8b7
core   0: 0x800047e8 (0x012706a3) sb      s2, 13(a4)
core   0: 3 0x800047e8 (0x012706a3) mem 0x8001e8b7 0x0
core   0: 0x800047ec (0x00570903) lb      s2, 5(a4)
core   0: 3 0x800047ec (0x00570903) x18 0x00000000 mem 0x8001e8af
core   0: 0x800047f0 (0x019702a3) sb      s9, 5(a4)
core   0: 3 0x800047f0 (0x019702a3) mem 0x8001e8af 0x0
core   0: 0x800047f4 (0xff970783) lb      a5, -7(a4)
core   0: 3 0x800047f4 (0xff970783) x15 0x00000000 mem 0x8001e8a3
core   0: 0x800047f8 (0x01472123) sw      s4, 2(a4)
core   0: 3 0x800047f8 (0x01472123) mem 0x8001e8ac 0x00000000
core   0: 0x800047fc (0xff870ba3) sb      s8, -9(a4)
core   0: 3 0x800047fc (0xff870ba3) mem 0x8001e8a1 0x16
core   0: 0x80004800 (0xff470ba3) sb      s4, -9(a4)
core   0: 3 0x80004800 (0xff470ba3) mem 0x8001e8a1 0x0
core   0: 0x80004804 (0xffe71903) lh      s2, -2(a4)
core   0: 3 0x80004804 (0xffe71903) x18 0x00000000 mem 0x8001e8a8
core   0: 0x80004808 (0xffe75283) lhu     t0, -2(a4)
core   0: 3 0x80004808 (0xffe75283) x 5 0x00000000 mem 0x8001e8a8
core   0: 0x8000480c (0xff970883) lb      a7, -7(a4)
core   0: 3 0x8000480c (0xff970883) x17 0x00000000 mem 0x8001e8a3
core   0: 0x80004810 (0x40bade13) srai    t3, s5, 11
core   0: 3 0x80004810 (0x40bade13) x28 0x00000000
core   0: 0x80004814 (0xff974383) lbu     t2, -7(a4)
core   0: 3 0x80004814 (0xff974383) x 7 0x00000000 mem 0x8001e8a3
core   0: 0x80004818 (0x13be9e37) lui     t3, 0x13be9
core   0: 3 0x80004818 (0x13be9e37) x28 0x13be9000
core   0: 0x8000481c (0xff974303) lbu     t1, -7(a4)
core   0: 3 0x8000481c (0xff974303) x 6 0x00000000 mem 0x8001e8a3
core   0: 0x80004820 (0x0001e617) auipc   a2, 0x1e
core   0: 3 0x80004820 (0x0001e617) x12 0x80022820
core   0: 0x80004824 (0x9fc60613) addi    a2, a2, -1540
core   0: 3 0x80004824 (0x9fc60613) x12 0x8002221c
core   0: 0x80004828 (0x00020c97) auipc   s9, 0x20
core   0: 3 0x80004828 (0x00020c97) x25 0x80024828
core   0: 0x8000482c (0x2bfc8c93) addi    s9, s9, 703
core   0: 3 0x8000482c (0x2bfc8c93) x25 0x80024ae7
core   0: 0x80004830 (0x00c60e83) lb      t4, 12(a2)
core   0: 3 0x80004830 (0x00c60e83) x29 0x00000000 mem 0x80022228
core   0: 0x80004834 (0x0c5caf83) lw      t6, 197(s9)
core   0: 3 0x80004834 (0x0c5caf83) x31 0x00000000 mem 0x80024bac
core   0: 0x80004838 (0xff360f23) sb      s3, -2(a2)
core   0: 3 0x80004838 (0xff360f23) mem 0x8002221a 0x0
core   0: 0x8000483c (0x00021417) auipc   s0, 0x21
core   0: 3 0x8000483c (0x00021417) x 8 0x8002583c
core   0: 0x80004840 (0x04540413) addi    s0, s0, 69
core   0: 3 0x80004840 (0x04540413) x 8 0x80025881
core   0: 0x80004844 (0xf6dc8ba3) sb      a3, -137(s9)
core   0: 3 0x80004844 (0xf6dc8ba3) mem 0x80024a5e 0x0
core   0: 0x80004848 (0x0001bd97) auipc   s11, 0x1b
core   0: 3 0x80004848 (0x0001bd97) x27 0x8001f848
core   0: 0x8000484c (0x349d8d93) addi    s11, s11, 841
core   0: 3 0x8000484c (0x349d8d93) x27 0x8001fb91
core   0: 0x80004850 (0x0001cb17) auipc   s6, 0x1c
core   0: 3 0x80004850 (0x0001cb17) x22 0x80020850
core   0: 0x80004854 (0x9f2b0b13) addi    s6, s6, -1550
core   0: 3 0x80004854 (0x9f2b0b13) x22 0x80020242
core   0: 0x80004858 (0x07accc03) lbu     s8, 122(s9)
core   0: 3 0x80004858 (0x07accc03) x24 0x00000000 mem 0x80024b61
core   0: 0x8000485c (0xfc2d87a3) sb      sp, -49(s11)
core   0: 3 0x8000485c (0xfc2d87a3) mem 0x8001fb60 0x64
core   0: 0x80004860 (0xffc61b23) sh      t3, -10(a2)
core   0: 3 0x80004860 (0xffc61b23) mem 0x80022212 0x9000
core   0: 0x80004864 (0x021d99a3) sh      ra, 51(s11)
core   0: 3 0x80004864 (0x021d99a3) mem 0x8001fbc4 0xa000
core   0: 0x80004868 (0x031c83a3) sb      a7, 39(s9)
core   0: 3 0x80004868 (0x031c83a3) mem 0x80024b0e 0x0
core   0: 0x8000486c (0x01661023) sh      s6, 0(a2)
core   0: 3 0x8000486c (0x01661023) mem 0x8002221c 0x0242
core   0: 0x80004870 (0xfcdc8b23) sb      a3, -42(s9)
core   0: 3 0x80004870 (0xfcdc8b23) mem 0x80024abd 0x0
core   0: 0x80004874 (0xfe444d03) lbu     s10, -28(s0)
core   0: 3 0x80004874 (0xfe444d03) x26 0x00000000 mem 0x80025865
core   0: 0x80004878 (0x03cd8a03) lb      s4, 60(s11)
core   0: 3 0x80004878 (0x03cd8a03) x20 0x00000000 mem 0x8001fbcd
core   0: 0x8000487c (0x019d8023) sb      s9, 0(s11)
core   0: 3 0x8000487c (0x019d8023) mem 0x8001fb91 0xe7
core   0: 0x80004880 (0x023daa03) lw      s4, 35(s11)
core   0: 3 0x80004880 (0x023daa03) x20 0x00000000 mem 0x8001fbb4
core   0: 0x80004884 (0xfc3c9f03) lh      t5, -61(s9)
core   0: 3 0x80004884 (0xfc3c9f03) x30 0x00000000 mem 0x80024aaa
core   0: 0x80004888 (0xdb0b2923) sw      a6, -590(s6)
core   0: 3 0x80004888 (0xdb0b2923) mem 0x8001fff4 0x00000000
core   0: 0x8000488c (0x0ab41883) lh      a7, 171(s0)
core   0: 3 0x8000488c (0x0ab41883) x17 0x00000000 mem 0x8002592c
core   0: 0x80004890 (0xe7bb4903) lbu     s2, -389(s6)
core   0: 3 0x80004890 (0xe7bb4903) x18 0x00000000 mem 0x800200bd
core   0: 0x80004894 (0xfe9cdd03) lhu     s10, -23(s9)
core   0: 3 0x80004894 (0xfe9cdd03) x26 0x00000000 mem 0x80024ad0
core   0: 0x80004898 (0xfff60383) lb      t2, -1(a2)
core   0: 3 0x80004898 (0xfff60383) x 7 0x00000000 mem 0x8002221b
core   0: 0x8000489c (0x01840383) lb      t2, 24(s0)
core   0: 3 0x8000489c (0x01840383) x 7 0x00000000 mem 0x80025899
core   0: 0x800048a0 (0xf13c8383) lb      t2, -237(s9)
core   0: 3 0x800048a0 (0xf13c8383) x 7 0x00000000 mem 0x800249fa
core   0: 0x800048a4 (0xf09c8923) sb      s1, -238(s9)
core   0: 3 0x800048a4 (0xf09c8923) mem 0x800249f9 0x0
core   0: 0x800048a8 (0xfefd8903) lb      s2, -17(s11)
core   0: 3 0x800048a8 (0xfefd8903) x18 0x00000000 mem 0x8001fb80
core   0: 0x800048ac (0x00265a83) lhu     s5, 2(a2)
core   0: 3 0x800048ac (0x00265a83) x21 0x00000000 mem 0x8002221e
core   0: 0x800048b0 (0x487b0c03) lb      s8, 1159(s6)
core   0: 3 0x800048b0 (0x487b0c03) x24 0x00000000 mem 0x800206c9
core   0: 0x800048b4 (0xf7440303) lb      t1, -140(s0)
core   0: 3 0x800048b4 (0xf7440303) x 6 0x00000000 mem 0x800257f5
core   0: 0x800048b8 (0x07240423) sb      s2, 104(s0)
core   0: 3 0x800048b8 (0x07240423) mem 0x800258e9 0x0
core   0: 0x800048bc (0xf22c89a3) sb      sp, -205(s9)
core   0: 3 0x800048bc (0xf22c89a3) mem 0x80024a1a 0x64
core   0: 0x800048c0 (0xfe1d8903) lb      s2, -31(s11)
core   0: 3 0x800048c0 (0xfe1d8903) x18 0x00000000 mem 0x8001fb72
core   0: 0x800048c4 (0x8f4b4183) lbu     gp, -1804(s6)
core   0: 3 0x800048c4 (0x8f4b4183) x 3 0x00000000 mem 0x8001fb36
core   0: 0x800048c8 (0xdcdb1623) sh      a3, -564(s6)
core   0: 3 0x800048c8 (0xdcdb1623) mem 0x8002000e 0x0000
core   0: 0x800048cc (0x00011317) auipc   t1, 0x11
core   0: 3 0x800048cc (0x00011317) x 6 0x800158cc
core   0: 0x800048d0 (0xd7330313) addi    t1, t1, -653
core   0: 3 0x800048d0 (0xd7330313) x 6 0x8001563f
core   0: 0x800048d4 (0xf6531c03) lh      s8, -155(t1)
core   0: 3 0x800048d4 (0xf6531c03) x24 0x00000000 mem 0x800155a4
core   0: 0x800048d8 (0xf6535183) lhu     gp, -155(t1)
core   0: 3 0x800048d8 (0xf6535183) x 3 0x00000000 mem 0x800155a4
core   0: 0x800048dc (0x04b31c03) lh      s8, 75(t1)
core   0: 3 0x800048dc (0x04b31c03) x24 0x00000000 mem 0x8001568a
core   0: 0x800048e0 (0xfb634683) lbu     a3, -74(t1)
core   0: 3 0x800048e0 (0xfb634683) x13 0x00000000 mem 0x800155f5
core   0: 0x800048e4 (0xf8734783) lbu     a5, -121(t1)
core   0: 3 0x800048e4 (0xf8734783) x15 0x00000000 mem 0x800155c6
core   0: 0x800048e8 (0xf8734683) lbu     a3, -121(t1)
core   0: 3 0x800048e8 (0xf8734683) x13 0x00000000 mem 0x800155c6
core   0: 0x800048ec (0x40af5ab3) sra     s5, t5, a0
core   0: 3 0x800048ec (0x40af5ab3) x21 0x00000000
core   0: 0x800048f0 (0x00b320a3) sw      a1, 1(t1)
core   0: 3 0x800048f0 (0x00b320a3) mem 0x80015640 0x00000001
core   0: 0x800048f4 (0x09a30c03) lb      s8, 154(t1)
core   0: 3 0x800048f4 (0x09a30c03) x24 0x00000000 mem 0x800156d9
core   0: 0x800048f8 (0xfeb32aa3) sw      a1, -11(t1)
core   0: 3 0x800048f8 (0xfeb32aa3) mem 0x80015634 0x00000001
core   0: 0x800048fc (0xf8a34983) lbu     s3, -118(t1)
core   0: 3 0x800048fc (0xf8a34983) x19 0x00000000 mem 0x800155c9
core   0: 0x80004900 (0x0d930203) lb      tp, 217(t1)
core   0: 3 0x80004900 (0x0d930203) x 4 0x00000000 mem 0x80015718
core   0: 0x80004904 (0x06932903) lw      s2, 105(t1)
core   0: 3 0x80004904 (0x06932903) x18 0x00000000 mem 0x800156a8
core   0: 0x80004908 (0x03d30b23) sb      t4, 54(t1)
core   0: 3 0x80004908 (0x03d30b23) mem 0x80015675 0x0
core   0: 0x8000490c (0x03030b23) sb      a6, 54(t1)
core   0: 3 0x8000490c (0x03030b23) mem 0x80015675 0x0
core   0: 0x80004910 (0xf9030583) lb      a1, -112(t1)
core   0: 3 0x80004910 (0xf9030583) x11 0x00000000 mem 0x800155cf
core   0: 0x80004914 (0x01230683) lb      a3, 18(t1)
core   0: 3 0x80004914 (0x01230683) x13 0x00000000 mem 0x80015651
core   0: 0x80004918 (0xfe630e03) lb      t3, -26(t1)
core   0: 3 0x80004918 (0xfe630e03) x28 0x00000000 mem 0x80015625
core   0: 0x8000491c (0x00011a97) auipc   s5, 0x11
core   0: 3 0x8000491c (0x00011a97) x21 0x8001591c
core   0: 0x80004920 (0xe18a8a93) addi    s5, s5, -488
core   0: 3 0x80004920 (0xe18a8a93) x21 0x80015734
core   0: 0x80004924 (0x00eacd03) lbu     s10, 14(s5)
core   0: 3 0x80004924 (0x00eacd03) x26 0x00000000 mem 0x80015742
core   0: 0x80004928 (0x00ea9583) lh      a1, 14(s5)
core   0: 3 0x80004928 (0x00ea9583) x11 0x00000000 mem 0x80015742
core   0: 0x8000492c (0x0000100f) fence.i
core   0: 3 0x8000492c (0x0000100f)
core   0: 0x80004930 (0xfe4a8823) sb      tp, -16(s5)
core   0: 3 0x80004930 (0xfe4a8823) mem 0x80015724 0x0
core   0: 0x80004934 (0xffaade83) lhu     t4, -6(s5)
core   0: 3 0x80004934 (0xffaade83) x29 0x00000000 mem 0x8001572e
core   0: 0x80004938 (0xff7a8d83) lb      s11, -9(s5)
core   0: 3 0x80004938 (0xff7a8d83) x27 0x00000000 mem 0x8001572b
core   0: 0x8000493c (0x00aacf03) lbu     t5, 10(s5)
core   0: 3 0x8000493c (0x00aacf03) x30 0x00000000 mem 0x8001573e
core   0: 0x80004940 (0x010a8523) sb      a6, 10(s5)
core   0: 3 0x80004940 (0x010a8523) mem 0x8001573e 0x0
core   0: 0x80004944 (0x013b2333) slt     t1, s6, s3
core   0: 3 0x80004944 (0x013b2333) x 6 0x00000001
core   0: 0x80004948 (0xffca8fa3) sb      t3, -1(s5)
core   0: 3 0x80004948 (0xffca8fa3) mem 0x80015733 0x0
core   0: 0x8000494c (0x009a9323) sh      s1, 6(s5)
core   0: 3 0x8000494c (0x009a9323) mem 0x8001573a 0x0000
core   0: 0x80004950 (0x0ff0000f) fence   iorw,iorw
core   0: 3 0x80004950 (0x0ff0000f)
core   0: 0x80004954 (0x01ba83a3) sb      s11, 7(s5)
core   0: 3 0x80004954 (0x01ba83a3) mem 0x8001573b 0x0
core   0: 0x80004958 (0x00011a97) auipc   s5, 0x11
core   0: 3 0x80004958 (0x00011a97) x21 0x80015958
core   0: 0x8000495c (0xd06a8a93) addi    s5, s5, -762
core   0: 3 0x8000495c (0xd06a8a93) x21 0x8001565e
core   0: 0x80004960 (0xfe7a8fa3) sb      t2, -1(s5)
core   0: 3 0x80004960 (0xfe7a8fa3) mem 0x8001565d 0x0
core   0: 0x80004964 (0xfefa8d83) lb      s11, -17(s5)
core   0: 3 0x80004964 (0xfefa8d83) x27 0x00000000 mem 0x8001564d
core   0: 0x80004968 (0x01cade03) lhu     t3, 28(s5)
core   0: 3 0x80004968 (0x01cade03) x28 0x00000000 mem 0x8001567a
core   0: 0x8000496c (0x00295013) srli    zero, s2, 2
core   0: 3 0x8000496c (0x00295013)
core   0: 0x80004970 (0x009a8a23) sb      s1, 20(s5)
core   0: 3 0x80004970 (0x009a8a23) mem 0x80015672 0x0
core   0: 0x80004974 (0xffaa8fa3) sb      s10, -1(s5)
core   0: 3 0x80004974 (0xffaa8fa3) mem 0x8001565d 0x0
core   0: 0x80004978 (0xfc8a8ea3) sb      s0, -35(s5)
core   0: 3 0x80004978 (0xfc8a8ea3) mem 0x8001563b 0x81
core   0: 0x8000497c (0xfdca8ea3) sb      t3, -35(s5)
core   0: 3 0x8000497c (0xfdca8ea3) mem 0x8001563b 0x0
core   0: 0x80004980 (0xfddace83) lbu     t4, -35(s5)
core   0: 3 0x80004980 (0xfddace83) x29 0x00000000 mem 0x8001563b
core   0: 0x80004984 (0x36783793) sltiu   a5, a6, 871
core   0: 3 0x80004984 (0x36783793) x15 0x00000001
core   0: 0x80004988 (0x76368313) addi    t1, a3, 1891
core   0: 3 0x80004988 (0x76368313) x 6 0x00000763
core   0: 0x8000498c (0xfc5a8ea3) sb      t0, -35(s5)
core   0: 3 0x8000498c (0xfc5a8ea3) mem 0x8001563b 0x0
core   0: 0x80004990 (0xfc1a8ea3) sb      ra, -35(s5)
core   0: 3 0x80004990 (0xfc1a8ea3) mem 0x8001563b 0x0
core   0: 0x80004994 (0x02eac703) lbu     a4, 46(s5)
core   0: 3 0x80004994 (0x02eac703) x14 0x00000000 mem 0x8001568c
core   0: 0x80004998 (0xfd6a8da3) sb      s6, -37(s5)
core   0: 3 0x80004998 (0xfd6a8da3) mem 0x80015639 0x42
core   0: 0x8000499c (0xfe7a8e23) sb      t2, -4(s5)
core   0: 3 0x8000499c (0xfe7a8e23) mem 0x8001565a 0x0
core   0: 0x800049a0 (0x01bf22b3) slt     t0, t5, s11
core   0: 3 0x800049a0 (0x01bf22b3) x 5 0x00000000
core   0: 0x800049a4 (0xffea89a3) sb      t5, -13(s5)
core   0: 3 0x800049a4 (0xffea89a3) mem 0x80015651 0x0
core   0: 0x800049a8 (0x0001c697) auipc   a3, 0x1c
core   0: 3 0x800049a8 (0x0001c697) x13 0x800209a8
core   0: 0x800049ac (0x1e468693) addi    a3, a3, 484
core   0: 3 0x800049ac (0x1e468693) x13 0x80020b8c
core   0: 0x800049b0 (0x00011b17) auipc   s6, 0x11
core   0: 3 0x800049b0 (0x00011b17) x22 0x800159b0
core   0: 0x800049b4 (0x185b0b13) addi    s6, s6, 389
core   0: 3 0x800049b4 (0x185b0b13) x22 0x80015b35
core   0: 0x800049b8 (0xff1b1203) lh      tp, -15(s6)
core   0: 3 0x800049b8 (0xff1b1203) x 4 0x00000000 mem 0x80015b26
core   0: 0x800049bc (0xff3b2003) lw      zero, -13(s6)
core   0: 3 0x800049bc (0xff3b2003) mem 0x80015b28
core   0: 0x800049c0 (0xda06aa23) sw      zero, -588(a3)
core   0: 3 0x800049c0 (0xda06aa23) mem 0x80020940 0x00000000
core   0: 0x800049c4 (0xfe5b1ba3) sh      t0, -9(s6)
core   0: 3 0x800049c4 (0xfe5b1ba3) mem 0x80015b2c 0x0000
core   0: 0x800049c8 (0x5d8686a3) sb      s8, 1485(a3)
core   0: 3 0x800049c8 (0x5d8686a3) mem 0x80021159 0x0
core   0: 0x800049cc (0xd456c783) lbu     a5, -699(a3)
core   0: 3 0x800049cc (0xd456c783) x15 0x00000000 mem 0x800208d1
core   0: 0x800049d0 (0xffdb4383) lbu     t2, -3(s6)
core   0: 3 0x800049d0 (0xffdb4383) x 7 0x00000000 mem 0x80015b32
core   0: 0x800049d4 (0xf1c69883) lh      a7, -228(a3)
core   0: 3 0x800049d4 (0xf1c69883) x17 0x00000000 mem 0x80020aa8
core   0: 0x800049d8 (0xffeb0303) lb      t1, -2(s6)
core   0: 3 0x800049d8 (0xffeb0303) x 6 0x00000000 mem 0x80015b33
core   0: 0x800049dc (0x007b0383) lb      t2, 7(s6)
core   0: 3 0x800049dc (0x007b0383) x 7 0x00000000 mem 0x80015b3c
core   0: 0x800049e0 (0xe1e68303) lb      t1, -482(a3)
core   0: 3 0x800049e0 (0xe1e68303) x 6 0x00000000 mem 0x800209aa
core   0: 0x800049e4 (0xff4b0403) lb      s0, -12(s6)
core   0: 3 0x800049e4 (0xff4b0403) x 8 0x00000000 mem 0x80015b29
core   0: 0x800049e8 (0x012b0823) sb      s2, 16(s6)
core   0: 3 0x800049e8 (0x012b0823) mem 0x80015b45 0x0
core   0: 0x800049ec (0x00013a97) auipc   s5, 0x13
core   0: 3 0x800049ec (0x00013a97) x21 0x800179ec
core   0: 0x800049f0 (0xd0da8a93) addi    s5, s5, -755
core   0: 3 0x800049f0 (0xd0da8a93) x21 0x800176f9
core   0: 0x800049f4 (0x921a9ca3) sh      ra, -1735(s5)
core   0: 3 0x800049f4 (0x921a9ca3) mem 0x80017032 0xa000
core   0: 0x800049f8 (0xbeaa98a3) sh      a0, -1039(s5)
core   0: 3 0x800049f8 (0xbeaa98a3) mem 0x800172ea 0xece4
core   0: 0x800049fc (0xbf1a8883) lb      a7, -1039(s5)
core   0: 3 0x800049fc (0xbf1a8883) x17 0xffffffe4 mem 0x800172ea
core   0: 0x80004a00 (0xe85ad583) lhu     a1, -379(s5)
core   0: 3 0x80004a00 (0xe85ad583) x11 0x00000000 mem 0x8001757e
core   0: 0x80004a04 (0x014d4733) xor     a4, s10, s4
core   0: 3 0x80004a04 (0x014d4733) x14 0x00000000
core   0: 0x80004a08 (0x7a774f13) xori    t5, a4, 1959
core   0: 3 0x80004a08 (0x7a774f13) x30 0x000007a7
core   0: 0x80004a0c (0xe9ca92a3) sh      t3, -379(s5)
core   0: 3 0x80004a0c (0xe9ca92a3) mem 0x8001757e 0x0000
core   0: 0x80004a10 (0x857ac083) lbu     ra, -1961(s5)
core   0: 3 0x80004a10 (0x857ac083) x 1 0x00000000 mem 0x80016f50
core   0: 0x80004a14 (0x85aa8ba3) sb      s10, -1961(s5)
core   0: 3 0x80004a14 (0x85aa8ba3) mem 0x80016f50 0x0
core   0: 0x80004a18 (0xa98a8483) lb      s1, -1384(s5)
core   0: 3 0x80004a18 (0xa98a8483) x 9 0x00000000 mem 0x80017191
core   0: 0x80004a1c (0x1c1ac903) lbu     s2, 449(s5)
core   0: 3 0x80004a1c (0x1c1ac903) x18 0x00000000 mem 0x800178ba
core   0: 0x80004a20 (0x41c058b3) sra     a7, zero, t3
core   0: 3 0x80004a20 (0x41c058b3) x17 0x00000000
core   0: 0x80004a24 (0x63fa91a3) sh      t6, 1571(s5)
core   0: 3 0x80004a24 (0x63fa91a3) mem 0x80017d1c 0x0000
core   0: 0x80004a28 (0xd79add03) lhu     s10, -647(s5)
core   0: 3 0x80004a28 (0xd79add03) x26 0x00000000 mem 0x80017472
core   0: 0x80004a2c (0xd79ace83) lbu     t4, -647(s5)
core   0: 3 0x80004a2c (0xd79ace83) x29 0x00000000 mem 0x80017472
core   0: 0x80004a30 (0x3a6a95a3) sh      t1, 939(s5)
core   0: 3 0x80004a30 (0x3a6a95a3) mem 0x80017aa4 0x0000
core   0: 0x80004a34 (0xb86ac983) lbu     s3, -1146(s5)
core   0: 3 0x80004a34 (0xb86ac983) x19 0x00000000 mem 0x8001727f
core   0: 0x80004a38 (0x5bfa8203) lb      tp, 1471(s5)
core   0: 3 0x80004a38 (0x5bfa8203) x 4 0x00000000 mem 0x80017cb8
core   0: 0x80004a3c (0xa8edb917) auipc   s2, 0xa8edb
core   0: 3 0x80004a3c (0xa8edb917) x18 0x28edfa3c
core   0: 0x80004a40 (0x986a8e23) sb      t1, -1636(s5)
core   0: 3 0x80004a40 (0x986a8e23) mem 0x80017095 0x0
core   0: 0x80004a44 (0x00021197) auipc   gp, 0x21
core   0: 3 0x80004a44 (0x00021197) x 3 0x80025a44
core   0: 0x80004a48 (0x46918193) addi    gp, gp, 1129
core   0: 3 0x80004a48 (0x46918193) x 3 0x80025ead
core   0: 0x80004a4c (0x18d3f393) andi    t2, t2, 397
core   0: 3 0x80004a4c (0x18d3f393) x 7 0x00000000
core   0: 0x80004a50 (0x013a5733) srl     a4, s4, s3
core   0: 3 0x80004a50 (0x013a5733) x14 0x00000000
core   0: 0x80004a54 (0x67d2c693) xori    a3, t0, 1661
core   0: 3 0x80004a54 (0x67d2c693) x13 0x0000067d
core   0: 0x80004a58 (0xf6519783) lh      a5, -155(gp)
core   0: 3 0x80004a58 (0xf6519783) x15 0x00000000 mem 0x80025e12
core   0: 0x80004a5c (0x41305f33) sra     t5, zero, s3
core   0: 3 0x80004a5c (0x41305f33) x30 0x00000000
core   0: 0x80004a60 (0x06e1c603) lbu     a2, 110(gp)
core   0: 3 0x80004a60 (0x06e1c603) x12 0x00000000 mem 0x80025f1b
core   0: 0x80004a64 (0x0ff0000f) fence   iorw,iorw
core   0: 3 0x80004a64 (0x0ff0000f)
core   0: 0x80004a68 (0x00139d93) slli    s11, t2, 1
core   0: 3 0x80004a68 (0x00139d93) x27 0x00000000
core   0: 0x80004a6c (0xf511c783) lbu     a5, -175(gp)
core   0: 3 0x80004a6c (0xf511c783) x15 0x00000000 mem 0x80025dfe
core   0: 0x80004a70 (0xfd018723) sb      a6, -50(gp)
core   0: 3 0x80004a70 (0xfd018723) mem 0x80025e7b 0x0
core   0: 0x80004a74 (0x016c7433) and     s0, s8, s6
core   0: 3 0x80004a74 (0x016c7433) x 8 0x00000000
core   0: 0x80004a78 (0x0399ad13) slti    s10, s3, 57
core   0: 3 0x80004a78 (0x0399ad13) x26 0x00000001
core   0: 0x80004a7c (0xf3f18523) sb      t6, -214(gp)
core   0: 3 0x80004a7c (0xf3f18523) mem 0x80025dd7 0x0
core   0: 0x80004a80 (0x00000013) nop
core   0: 3 0x80004a80 (0x00000013)
core   0: 0x80004a84 (0x0038fe33) and     t3, a7, gp
core   0: 3 0x80004a84 (0x0038fe33) x28 0x00000000
core   0: 0x80004a88 (0x0139c2b3) xor     t0, s3, s3
core   0: 3 0x80004a88 (0x0139c2b3) x 5 0x00000000
core   0: 0x80004a8c (0x00a18323) sb      a0, 6(gp)
core   0: 3 0x80004a8c (0x00a18323) mem 0x80025eb3 0xe4
core   0: 0x80004a90 (0xfa318083) lb      ra, -93(gp)
core   0: 3 0x80004a90 (0xfa318083) x 1 0x00000000 mem 0x80025e50
core   0: 0x80004a94 (0x018a9d93) slli    s11, s5, 24
core   0: 3 0x80004a94 (0x018a9d93) x27 0xf9000000
core   0: 0x80004a98 (0x0045eeb3) or      t4, a1, tp
core   0: 3 0x80004a98 (0x0045eeb3) x29 0x00000000
core   0: 0x80004a9c (0x013ffab3) and     s5, t6, s3
core   0: 3 0x80004a9c (0x013ffab3) x21 0x00000000
core   0: 0x80004aa0 (0xf7c18203) lb      tp, -132(gp)
core   0: 3 0x80004aa0 (0xf7c18203) x 4 0x00000000 mem 0x80025e29
core   0: 0x80004aa4 (0xbd39bb13) sltiu   s6, s3, -1069
core   0: 3 0x80004aa4 (0xbd39bb13) x22 0x00000001
core   0: 0x80004aa8 (0xfb01a7a3) sw      a6, -81(gp)
core   0: 3 0x80004aa8 (0xfb01a7a3) mem 0x80025e5c 0x00000000
core   0: 0x80004aac (0x41288b33) sub     s6, a7, s2
core   0: 3 0x80004aac (0x41288b33) x22 0xd71205c4
core   0: 0x80004ab0 (0x0011dd83) lhu     s11, 1(gp)
core   0: 3 0x80004ab0 (0x0011dd83) x27 0x00000000 mem 0x80025eae
core   0: 0x80004ab4 (0x11d70413) addi    s0, a4, 285
core   0: 3 0x80004ab4 (0x11d70413) x 8 0x0000011d
core   0: 0x80004ab8 (0x00781733) sll     a4, a6, t2
core   0: 3 0x80004ab8 (0x00781733) x14 0x00000000
core   0: 0x80004abc (0xf3e1c803) lbu     a6, -194(gp)
core   0: 3 0x80004abc (0xf3e1c803) x16 0x00000000 mem 0x80025deb
core   0: 0x80004ac0 (0xa6097697) auipc   a3, 0xa6097
core   0: 3 0x80004ac0 (0xa6097697) x13 0x2609bac0
core   0: 0x80004ac4 (0x0000100f) fence.i
core   0: 3 0x80004ac4 (0x0000100f)
core   0: 0x80004ac8 (0xf8618a83) lb      s5, -122(gp)
core   0: 3 0x80004ac8 (0xf8618a83) x21 0x00000000 mem 0x80025e33
core   0: 0x80004acc (0x09c1c803) lbu     a6, 156(gp)
core   0: 3 0x80004acc (0x09c1c803) x16 0x00000000 mem 0x80025f49
core   0: 0x80004ad0 (0x00014797) auipc   a5, 0x14
core   0: 3 0x80004ad0 (0x00014797) x15 0x80018ad0
core   0: 0x80004ad4 (0x77378793) addi    a5, a5, 1907
core   0: 3 0x80004ad4 (0x77378793) x15 0x80019243
core   0: 0x80004ad8 (0x0ff0000f) fence   iorw,iorw
core   0: 3 0x80004ad8 (0x0ff0000f)
core   0: 0x80004adc (0x9b978923) sb      s9, -1614(a5)
core   0: 3 0x80004adc (0x9b978923) mem 0x80018bf5 0xe7
core   0: 0x80004ae0 (0x0117ca33) xor     s4, a5, a7
core   0: 3 0x80004ae0 (0x0117ca33) x20 0x80019243
core   0: 0x80004ae4 (0x0151b033) sltu    zero, gp, s5
core   0: 3 0x80004ae4 (0x0151b033)
core   0: 0x80004ae8 (0x98d79083) lh      ra, -1651(a5)
core   0: 3 0x80004ae8 (0x98d79083) x 1 0x00000000 mem 0x80018bd0
core   0: 0x80004aec (0x9e27c803) lbu     a6, -1566(a5)
core   0: 3 0x80004aec (0x9e27c803) x16 0x00000000 mem 0x80018c25
core   0: 0x80004af0 (0x40bf5f13) srai    t5, t5, 11
core   0: 3 0x80004af0 (0x40bf5f13) x30 0x00000000
core   0: 0x80004af4 (0x88ab4013) xori    zero, s6, -1910
core   0: 3 0x80004af4 (0x88ab4013)
core   0: 0x80004af8 (0x0ff0000f) fence   iorw,iorw
core   0: 3 0x80004af8 (0x0ff0000f)
core   0: 0x80004afc (0x24ec85b7) lui     a1, 0x24ec8
core   0: 3 0x80004afc (0x24ec85b7) x11 0x24ec8000
core   0: 0x80004b00 (0x86286293) ori     t0, a6, -1950
core   0: 3 0x80004b00 (0x86286293) x 5 0xfffff862
core   0: 0x80004b04 (0x597f4313) xori    t1, t5, 1431
core   0: 3 0x80004b04 (0x597f4313) x 6 0x00000597
core   0: 0x80004b08 (0x40525593) srai    a1, tp, 5
core   0: 3 0x80004b08 (0x40525593) x11 0x00000000
core   0: 0x80004b0c (0xaa3872b7) lui     t0, 0xaa387
core   0: 3 0x80004b0c (0xaa3872b7) x 5 0xaa387000
core   0: 0x80004b10 (0x402c5413) srai    s0, s8, 2
core   0: 3 0x80004b10 (0x402c5413) x 8 0x00000000
core   0: 0x80004b14 (0x0000100f) fence.i
core   0: 3 0x80004b14 (0x0000100f)
core   0: 0x80004b18 (0x0000100f) fence.i
core   0: 3 0x80004b18 (0x0000100f)
core   0: 0x80004b1c (0x00151593) slli    a1, a0, 1
core   0: 3 0x80004b1c (0x00151593) x11 0x0005d9c8
core   0: 0x80004b20 (0x40f652b3) sra     t0, a2, a5
core   0: 3 0x80004b20 (0x40f652b3) x 5 0x00000000
core   0: 0x80004b24 (0x403f8cb3) sub     s9, t6, gp
core   0: 3 0x80004b24 (0x403f8cb3) x25 0x7ffda153
core   0: 0x80004b28 (0xcf0b5237) lui     tp, 0xcf0b5
core   0: 3 0x80004b28 (0xcf0b5237) x 4 0xcf0b5000
core   0: 0x80004b2c (0xdb07c883) lbu     a7, -592(a5)
core   0: 3 0x80004b2c (0xdb07c883) x17 0x00000000 mem 0x80018ff3
core   0: 0x80004b30 (0x01c38c33) add     s8, t2, t3
core   0: 3 0x80004b30 (0x01c38c33) x24 0x00000000
core   0: 0x80004b34 (0x419cd013) srai    zero, s9, 25
core   0: 3 0x80004b34 (0x419cd013)
core   0: 0x80004b38 (0xf3778c23) sb      s7, -200(a5)
core   0: 3 0x80004b38 (0xf3778c23) mem 0x8001917b 0xb3
core   0: 0x80004b3c (0xac67c403) lbu     s0, -1338(a5)
core   0: 3 0x80004b3c (0xac67c403) x 8 0x00000000 mem 0x80018d09
core   0: 0x80004b40 (0x40788d33) sub     s10, a7, t2
core   0: 3 0x80004b40 (0x40788d33) x26 0x00000000
core   0: 0x80004b44 (0xcc8e4593) xori    a1, t3, -824
core   0: 3 0x80004b44 (0xcc8e4593) x11 0xfffffcc8
core   0: 0x80004b48 (0xd5a7c583) lbu     a1, -678(a5)
core   0: 3 0x80004b48 (0xd5a7c583) x11 0x00000000 mem 0x80018f9d
core   0: 0x80004b4c (0x0ff0000f) fence   iorw,iorw
core   0: 3 0x80004b4c (0x0ff0000f)
core   0: 0x80004b50 (0x40d5d193) srai    gp, a1, 13
core   0: 3 0x80004b50 (0x40d5d193) x 3 0x00000000
core   0: 0x80004b54 (0x0000100f) fence.i
core   0: 3 0x80004b54 (0x0000100f)
core   0: 0x80004b58 (0x00e4f4b3) and     s1, s1, a4
core   0: 3 0x80004b58 (0x00e4f4b3) x 9 0x00000000
core   0: 0x80004b5c (0x4198d9b3) sra     s3, a7, s9
core   0: 3 0x80004b5c (0x4198d9b3) x19 0x00000000
core   0: 0x80004b60 (0x00c9ab33) slt     s6, s3, a2
core   0: 3 0x80004b60 (0x00c9ab33) x22 0x00000000
core   0: 0x80004b64 (0x2e478183) lb      gp, 740(a5)
core   0: 3 0x80004b64 (0x2e478183) x 3 0x00000000 mem 0x80019527
core   0: 0x80004b68 (0xc0309b37) lui     s6, 0xc0309
core   0: 3 0x80004b68 (0xc0309b37) x22 0xc0309000
core   0: 0x80004b6c (0x93078283) lb      t0, -1744(a5)
core   0: 3 0x80004b6c (0x93078283) x 5 0x00000000 mem 0x80018b73
core   0: 0x80004b70 (0x1edc0413) addi    s0, s8, 493
core   0: 3 0x80004b70 (0x1edc0413) x 8 0x000001ed
core   0: 0x80004b74 (0x8337db03) lhu     s6, -1997(a5)
core   0: 3 0x80004b74 (0x8337db03) x22 0x00000000 mem 0x80018a76
core   0: 0x80004b78 (0x00011917) auipc   s2, 0x11
core   0: 3 0x80004b78 (0x00011917) x18 0x80015b78
core   0: 0x80004b7c (0xec090913) addi    s2, s2, -320
core   0: 3 0x80004b7c (0xec090913) x18 0x80015a38
core   0: 0x80004b80 (0x006a65b3) or      a1, s4, t1
core   0: 3 0x80004b80 (0x006a65b3) x11 0x800197d7
core   0: 0x80004b84 (0x25b90c83) lb      s9, 603(s2)
core   0: 3 0x80004b84 (0x25b90c83) x25 0x00000000 mem 0x80015c93
core   0: 0x80004b88 (0x25890da3) sb      s8, 603(s2)
core   0: 3 0x80004b88 (0x25890da3) mem 0x80015c93 0x0
core   0: 0x80004b8c (0x25490da3) sb      s4, 603(s2)
core   0: 3 0x80004b8c (0x25490da3) mem 0x80015c93 0x43
core   0: 0x80004b90 (0x0134aeb3) slt     t4, s1, s3
core   0: 3 0x80004b90 (0x0134aeb3) x29 0x00000000
core   0: 0x80004b94 (0x24e90da3) sb      a4, 603(s2)
core   0: 3 0x80004b94 (0x24e90da3) mem 0x80015c93 0x0
core   0: 0x80004b98 (0x1f790ca3) sb      s7, 505(s2)
core   0: 3 0x80004b98 (0x1f790ca3) mem 0x80015c31 0xb3
core   0: 0x80004b9c (0x1f590ca3) sb      s5, 505(s2)
core   0: 3 0x80004b9c (0x1f590ca3) mem 0x80015c31 0x0
core   0: 0x80004ba0 (0x08d90583) lb      a1, 141(s2)
core   0: 3 0x80004ba0 (0x08d90583) x11 0x00000000 mem 0x80015ac5
core   0: 0x80004ba4 (0x08d90583) lb      a1, 141(s2)
core   0: 3 0x80004ba4 (0x08d90583) x11 0x00000000 mem 0x80015ac5
core   0: 0x80004ba8 (0x01e58433) add     s0, a1, t5
core   0: 3 0x80004ba8 (0x01e58433) x 8 0x00000000
core   0: 0x80004bac (0x094906a3) sb      s4, 141(s2)
core   0: 3 0x80004bac (0x094906a3) mem 0x80015ac5 0x43
core   0: 0x80004bb0 (0x412885b3) sub     a1, a7, s2
core   0: 3 0x80004bb0 (0x412885b3) x11 0x7ffea5c8
core   0: 0x80004bb4 (0x08e906a3) sb      a4, 141(s2)
core   0: 3 0x80004bb4 (0x08e906a3) mem 0x80015ac5 0x0
core   0: 0x80004bb8 (0x00017817) auipc   a6, 0x17
core   0: 3 0x80004bb8 (0x00017817) x16 0x8001bbb8
core   0: 0x80004bbc (0xacc80813) addi    a6, a6, -1332
core   0: 3 0x80004bbc (0xacc80813) x16 0x8001b684
core   0: 0x80004bc0 (0x01737313) andi    t1, t1, 23
core   0: 3 0x80004bc0 (0x01737313) x 6 0x00000017
core   0: 0x80004bc4 (0x01e295b3) sll     a1, t0, t5
core   0: 3 0x80004bc4 (0x01e295b3) x11 0x00000000
core   0: 0x80004bc8 (0x00000013) nop
core   0: 3 0x80004bc8 (0x00000013)
core   0: 0x80004bcc (0x01e806a3) sb      t5, 13(a6)
core   0: 3 0x80004bcc (0x01e806a3) mem 0x8001b691 0x0
core   0: 0x80004bd0 (0x00459013) slli    zero, a1, 4
core   0: 3 0x80004bd0 (0x00459013)
core   0: 0x80004bd4 (0x41355393) srai    t2, a0, 19
core   0: 3 0x80004bd4 (0x41355393) x 7 0xfffff000
core   0: 0x80004bd8 (0xfe685f83) lhu     t6, -26(a6)
core   0: 3 0x80004bd8 (0xfe685f83) x31 0x00000000 mem 0x8001b66a
core   0: 0x80004bdc (0x01ff7fb3) and     t6, t5, t6
core   0: 3 0x80004bdc (0x01ff7fb3) x31 0x00000000
core   0: 0x80004be0 (0x0199b733) sltu    a4, s3, s9
core   0: 3 0x80004be0 (0x0199b733) x14 0x00000000
core   0: 0x80004be4 (0xfdf81e23) sh      t6, -36(a6)
core   0: 3 0x80004be4 (0xfdf81e23) mem 0x8001b660 0x0000
core   0: 0x80004be8 (0x03780323) sb      s7, 38(a6)
core   0: 3 0x80004be8 (0x03780323) mem 0x8001b6aa 0xb3
core   0: 0x80004bec (0x00b15013) srli    zero, sp, 11
core   0: 3 0x80004bec (0x00b15013)
core   0: 0x80004bf0 (0x475a8f93) addi    t6, s5, 1141
core   0: 3 0x80004bf0 (0x475a8f93) x31 0x00000475
core   0: 0x80004bf4 (0xfd584003) lbu     zero, -43(a6)
core   0: 3 0x80004bf4 (0xfd584003) mem 0x8001b659
core   0: 0x80004bf8 (0x0382cab7) lui     s5, 0x382c
core   0: 3 0x80004bf8 (0x0382cab7) x21 0x0382c000
core   0: 0x80004bfc (0x00580403) lb      s0, 5(a6)
core   0: 3 0x80004bfc (0x00580403) x 8 0x00000000 mem 0x8001b689
core   0: 0x80004c00 (0x00885383) lhu     t2, 8(a6)
core   0: 3 0x80004c00 (0x00885383) x 7 0x00000000 mem 0x8001b68c
core   0: 0x80004c04 (0xfc085883) lhu     a7, -64(a6)
core   0: 3 0x80004c04 (0xfc085883) x17 0x00000000 mem 0x8001b644
core   0: 0x80004c08 (0xfd6805a3) sb      s6, -53(a6)
core   0: 3 0x80004c08 (0xfd6805a3) mem 0x8001b64f 0x0
core   0: 0x80004c0c (0x01980303) lb      t1, 25(a6)
core   0: 3 0x80004c0c (0x01980303) x 6 0x00000000 mem 0x8001b69d
core   0: 0x80004c10 (0x00a7f6b3) and     a3, a5, a0
core   0: 3 0x80004c10 (0x00a7f6b3) x13 0x80008040
core   0: 0x80004c14 (0x0ff0000f) fence   iorw,iorw
core   0: 3 0x80004c14 (0x0ff0000f)
core   0: 0x80004c18 (0x0ff0000f) fence   iorw,iorw
core   0: 3 0x80004c18 (0x0ff0000f)
core   0: 0x80004c1c (0x0000100f) fence.i
core   0: 3 0x80004c1c (0x0000100f)
core   0: 0x80004c20 (0x00391693) slli    a3, s2, 3
core   0: 3 0x80004c20 (0x00391693) x13 0x000ad1c0
core   0: 0x80004c24 (0x0ff0000f) fence   iorw,iorw
core   0: 3 0x80004c24 (0x0ff0000f)
core   0: 0x80004c28 (0x01d053b3) srl     t2, zero, t4
core   0: 3 0x80004c28 (0x01d053b3) x 7 0x00000000
core   0: 0x80004c2c (0x0000100f) fence.i
core   0: 3 0x80004c2c (0x0000100f)
core   0: 0x80004c30 (0x008808a3) sb      s0, 17(a6)
core   0: 3 0x80004c30 (0x008808a3) mem 0x8001b695 0x0
core   0: 0x80004c34 (0x00485a83) lhu     s5, 4(a6)
core   0: 3 0x80004c34 (0x00485a83) x21 0x00000000 mem 0x8001b688
core   0: 0x80004c38 (0xfe184883) lbu     a7, -31(a6)
core   0: 3 0x80004c38 (0xfe184883) x17 0x00000000 mem 0x8001b665
core   0: 0x80004c3c (0xa41c7313) andi    t1, s8, -1471
core   0: 3 0x80004c3c (0xa41c7313) x 6 0x00000000
core   0: 0x80004c40 (0x41ee5193) srai    gp, t3, 30
core   0: 3 0x80004c40 (0x41ee5193) x 3 0x00000000
core   0: 0x80004c44 (0x014c9f13) slli    t5, s9, 20
core   0: 3 0x80004c44 (0x014c9f13) x30 0x00000000
core   0: 0x80004c48 (0xfca81323) sh      a0, -58(a6)
core   0: 3 0x80004c48 (0xfca81323) mem 0x8001b64a 0xece4
core   0: 0x80004c4c (0x01180903) lb      s2, 17(a6)
core   0: 3 0x80004c4c (0x01180903) x18 0x00000000 mem 0x8001b695
core   0: 0x80004c50 (0x00015c97) auipc   s9, 0x15
core   0: 3 0x80004c50 (0x00015c97) x25 0x80019c50
core   0: 0x80004c54 (0x4f6c8c93) addi    s9, s9, 1270
core   0: 3 0x80004c54 (0x4f6c8c93) x25 0x8001a146
core   0: 0x80004c58 (0xf5cc9203) lh      tp, -164(s9)
core   0: 3 0x80004c58 (0xf5cc9203) x 4 0x00000000 mem 0x8001a0a2
core   0: 0x80004c5c (0xf17c8603) lb      a2, -233(s9)
core   0: 3 0x80004c5c (0xf17c8603) x12 0x00000000 mem 0x8001a05d
core   0: 0x80004c60 (0x094c9a03) lh      s4, 148(s9)
core   0: 3 0x80004c60 (0x094c9a03) x20 0x00000000 mem 0x8001a1da
core   0: 0x80004c64 (0x2d34f413) andi    s0, s1, 723
core   0: 3 0x80004c64 (0x2d34f413) x 8 0x00000000
core   0: 0x80004c68 (0x013ab5b3) sltu    a1, s5, s3
core   0: 3 0x80004c68 (0x013ab5b3) x11 0x00000000
core   0: 0x80004c6c (0xf8cc8fa3) sb      a2, -97(s9)
core   0: 3 0x80004c6c (0xf8cc8fa3) mem 0x8001a0e5 0x0
core   0: 0x80004c70 (0xf9fc8d03) lb      s10, -97(s9)
core   0: 3 0x80004c70 (0xf9fc8d03) x26 0x00000000 mem 0x8001a0e5
core   0: 0x80004c74 (0x01d553b3) srl     t2, a0, t4
core   0: 3 0x80004c74 (0x01d553b3) x 7 0x8002ece4
core   0: 0x80004c78 (0x412a5333) sra     t1, s4, s2
core   0: 3 0x80004c78 (0x412a5333) x 6 0x00000000
core   0: 0x80004c7c (0xf9fcc803) lbu     a6, -97(s9)
core   0: 3 0x80004c7c (0xf9fcc803) x16 0x00000000 mem 0x8001a0e5
core   0: 0x80004c80 (0xf99c8fa3) sb      s9, -97(s9)
core   0: 3 0x80004c80 (0xf99c8fa3) mem 0x8001a0e5 0x46
core   0: 0x80004c84 (0xf0cc8123) sb      a2, -254(s9)
core   0: 3 0x80004c84 (0xf0cc8123) mem 0x8001a048 0x0
core   0: 0x80004c88 (0x01ab67b3) or      a5, s6, s10
core   0: 3 0x80004c88 (0x01ab67b3) x15 0x00000000
core   0: 0x80004c8c (0xefd8a093) slti    ra, a7, -259
core   0: 3 0x80004c8c (0xefd8a093) x 1 0x00000000
core   0: 0x80004c90 (0xf02c8903) lb      s2, -254(s9)
core   0: 3 0x80004c90 (0xf02c8903) x18 0x00000000 mem 0x8001a048
core   0: 0x80004c94 (0xf02cac03) lw      s8, -254(s9)
core   0: 3 0x80004c94 (0xf02cac03) x24 0x00000000 mem 0x8001a048
core   0: 0x80004c98 (0x00555a33) srl     s4, a0, t0
core   0: 3 0x80004c98 (0x00555a33) x20 0x8002ece4
core   0: 0x80004c9c (0xf02c8e03) lb      t3, -254(s9)
core   0: 3 0x80004c9c (0xf02c8e03) x28 0x00000000 mem 0x8001a048
core   0: 0x80004ca0 (0x00011c17) auipc   s8, 0x11
core   0: 3 0x80004ca0 (0x00011c17) x24 0x80015ca0
core   0: 0x80004ca4 (0xbe7c0c13) addi    s8, s8, -1049
core   0: 3 0x80004ca4 (0xbe7c0c13) x24 0x80015887
core   0: 0x80004ca8 (0x000c4203) lbu     tp, 0(s8)
core   0: 3 0x80004ca8 (0x000c4203) x 4 0x00000000 mem 0x80015887
core   0: 0x80004cac (0x00ecafb3) slt     t6, s9, a4
core   0: 3 0x80004cac (0x00ecafb3) x31 0x00000001
core   0: 0x80004cb0 (0x00cc0803) lb      a6, 12(s8)
core   0: 3 0x80004cb0 (0x00cc0803) x16 0x00000000 mem 0x80015893
core   0: 0x80004cb4 (0x00f9d293) srli    t0, s3, 15
core   0: 3 0x80004cb4 (0x00f9d293) x 5 0x00000000
core   0: 0x80004cb8 (0x00d1df93) srli    t6, gp, 13
core   0: 3 0x80004cb8 (0x00d1df93) x31 0x00000000
core   0: 0x80004cbc (0x13cff413) andi    s0, t6, 316
core   0: 3 0x80004cbc (0x13cff413) x 8 0x00000000
core   0: 0x80004cc0 (0x003c0523) sb      gp, 10(s8)
core   0: 3 0x80004cc0 (0x003c0523) mem 0x80015891 0x0
core   0: 0x80004cc4 (0x00bc4e83) lbu     t4, 11(s8)
core   0: 3 0x80004cc4 (0x00bc4e83) x29 0x00000000 mem 0x80015892
core   0: 0x80004cc8 (0x01171213) slli    tp, a4, 17
core   0: 3 0x80004cc8 (0x01171213) x 4 0x00000000
core   0: 0x80004ccc (0x01c497b3) sll     a5, s1, t3
core   0: 3 0x80004ccc (0x01c497b3) x15 0x00000000
core   0: 0x80004cd0 (0x006c0383) lb      t2, 6(s8)
core   0: 3 0x80004cd0 (0x006c0383) x 7 0x00000000 mem 0x8001588d
core   0: 0x80004cd4 (0x004c0a83) lb      s5, 4(s8)
core   0: 3 0x80004cd4 (0x004c0a83) x21 0x00000000 mem 0x8001588b
core   0: 0x80004cd8 (0xffdc2403) lw      s0, -3(s8)
core   0: 3 0x80004cd8 (0xffdc2403) x 8 0x00000000 mem 0x80015884
core   0: 0x80004cdc (0x00ac0883) lb      a7, 10(s8)
core   0: 3 0x80004cdc (0x00ac0883) x17 0x00000000 mem 0x80015891
core   0: 0x80004ce0 (0x004c4e83) lbu     t4, 4(s8)
core   0: 3 0x80004ce0 (0x004c4e83) x29 0x00000000 mem 0x8001588b
core   0: 0x80004ce4 (0x014564b3) or      s1, a0, s4
core   0: 3 0x80004ce4 (0x014564b3) x 9 0x8002ece4
core   0: 0x80004ce8 (0x0000100f) fence.i
core   0: 3 0x80004ce8 (0x0000100f)
core   0: 0x80004cec (0xff1c4903) lbu     s2, -15(s8)
core   0: 3 0x80004cec (0xff1c4903) x18 0x00000000 mem 0x80015878
core   0: 0x80004cf0 (0x00245213) srli    tp, s0, 2
core   0: 3 0x80004cf0 (0x00245213) x 4 0x00000000
core   0: 0x80004cf4 (0x003c5683) lhu     a3, 3(s8)
core   0: 3 0x80004cf4 (0x003c5683) x13 0x00000000 mem 0x8001588a
core   0: 0x80004cf8 (0xffac0383) lb      t2, -6(s8)
core   0: 3 0x80004cf8 (0xffac0383) x 7 0x00000000 mem 0x80015881
core   0: 0x80004cfc (0xbe5e6313) ori     t1, t3, -1051
core   0: 3 0x80004cfc (0xbe5e6313) x 6 0xfffffbe5
core   0: 0x80004d00 (0x00000013) nop
core   0: 3 0x80004d00 (0x00000013)
core   0: 0x80004d04 (0x017c0723) sb      s7, 14(s8)
core   0: 3 0x80004d04 (0x017c0723) mem 0x80015895 0xb3
core   0: 0x80004d08 (0xffcc0d23) sb      t3, -6(s8)
core   0: 3 0x80004d08 (0xffcc0d23) mem 0x80015881 0x0
core   0: 0x80004d0c (0xc9489797) auipc   a5, 0xc9489
core   0: 3 0x80004d0c (0xc9489797) x15 0x4948dd0c
core   0: 0x80004d10 (0x00dc0183) lb      gp, 13(s8)
core   0: 3 0x80004d10 (0x00dc0183) x 3 0x00000000 mem 0x80015894
core   0: 0x80004d14 (0x005f73b3) and     t2, t5, t0
core   0: 3 0x80004d14 (0x005f73b3) x 7 0x00000000
core   0: 0x80004d18 (0x007c0683) lb      a3, 7(s8)
core   0: 3 0x80004d18 (0x007c0683) x13 0x00000000 mem 0x8001588e
core   0: 0x80004d1c (0x30aa7093) andi    ra, s4, 778
core   0: 3 0x80004d1c (0x30aa7093) x 1 0x00000000
core   0: 0x80004d20 (0x00000013) nop
core   0: 3 0x80004d20 (0x00000013)
core   0: 0x80004d24 (0x0000100f) fence.i
core   0: 3 0x80004d24 (0x0000100f)
core   0: 0x80004d28 (0x00000013) nop
core   0: 3 0x80004d28 (0x00000013)
core   0: 0x80004d2c (0x005c0983) lb      s3, 5(s8)
core   0: 3 0x80004d2c (0x005c0983) x19 0x00000000 mem 0x8001588c
core   0: 0x80004d30 (0x41545e13) srai    t3, s0, 21
core   0: 3 0x80004d30 (0x41545e13) x28 0x00000000
core   0: 0x80004d34 (0x010c0183) lb      gp, 16(s8)
core   0: 3 0x80004d34 (0x010c0183) x 3 0x00000000 mem 0x80015897
core   0: 0x80004d38 (0x956a8913) addi    s2, s5, -1706
core   0: 3 0x80004d38 (0x956a8913) x18 0xfffff956
core   0: 0x80004d3c (0x01112c97) auipc   s9, 0x1112
core   0: 3 0x80004d3c (0x01112c97) x25 0x81116d3c
core   0: 0x80004d40 (0x0120c6b3) xor     a3, ra, s2
core   0: 3 0x80004d40 (0x0120c6b3) x13 0xfffff956
core   0: 0x80004d44 (0xff5c0a23) sb      s5, -12(s8)
core   0: 3 0x80004d44 (0xff5c0a23) mem 0x8001587b 0x0
core   0: 0x80004d48 (0x00016297) auipc   t0, 0x16
core   0: 3 0x80004d48 (0x00016297) x 5 0x8001ad48
core   0: 0x80004d4c (0x47c28293) addi    t0, t0, 1148
core   0: 3 0x80004d4c (0x47c28293) x 5 0x8001b1c4
core   0: 0x80004d50 (0xe8028f83) lb      t6, -384(t0)
core   0: 3 0x80004d50 (0xe8028f83) x31 0x00000000 mem 0x8001b044
core   0: 0x80004d54 (0x843ce413) ori     s0, s9, -1981
core   0: 3 0x80004d54 (0x843ce413) x 8 0xfffffd7f
core   0: 0x80004d58 (0x001e5213) srli    tp, t3, 1
core   0: 3 0x80004d58 (0x001e5213) x 4 0x00000000
core   0: 0x80004d5c (0x3c02c183) lbu     gp, 960(t0)
core   0: 3 0x80004d5c (0x3c02c183) x 3 0x00000000 mem 0x8001b584
core   0: 0x80004d60 (0x01b19e33) sll     t3, gp, s11
core   0: 3 0x80004d60 (0x01b19e33) x28 0x00000000
core   0: 0x80004d64 (0x40348933) sub     s2, s1, gp
core   0: 3 0x80004d64 (0x40348933) x18 0x8002ece4
core   0: 0x80004d68 (0x83b2c183) lbu     gp, -1989(t0)
core   0: 3 0x80004d68 (0x83b2c183) x 3 0x00000000 mem 0x8001a9ff
core   0: 0x80004d6c (0x01808833) add     a6, ra, s8
core   0: 3 0x80004d6c (0x01808833) x16 0x80015887
core   0: 0x80004d70 (0x002d9433) sll     s0, s11, sp
core   0: 3 0x80004d70 (0x002d9433) x 8 0x00000000
core   0: 0x80004d74 (0x00a8ecb3) or      s9, a7, a0
core   0: 3 0x80004d74 (0x00a8ecb3) x25 0x8002ece4
core   0: 0x80004d78 (0x75f28523) sb      t6, 1866(t0)
core   0: 3 0x80004d78 (0x75f28523) mem 0x8001b90e 0x0
core   0: 0x80004d7c (0x00bb5833) srl     a6, s6, a1
core   0: 3 0x80004d7c (0x00bb5833) x16 0x00000000
core   0: 0x80004d80 (0x0000100f) fence.i
core   0: 3 0x80004d80 (0x0000100f)
core   0: 0x80004d84 (0xc148ea13) ori     s4, a7, -1004
core   0: 3 0x80004d84 (0xc148ea13) x20 0xfffffc14
core   0: 0x80004d88 (0x403157b3) sra     a5, sp, gp
core   0: 3 0x80004d88 (0x403157b3) x15 0x8002ae64
core   0: 0x80004d8c (0x23c8a9b7) lui     s3, 0x23c8a
core   0: 3 0x80004d8c (0x23c8a9b7) x19 0x23c8a000
core   0: 0x80004d90 (0x40678cb3) sub     s9, a5, t1
core   0: 3 0x80004d90 (0x40678cb3) x25 0x8002b27f
core   0: 0x80004d94 (0x70b07e13) andi    t3, zero, 1803
core   0: 3 0x80004d94 (0x70b07e13) x28 0x00000000
core   0: 0x80004d98 (0x01080e33) add     t3, a6, a6
core   0: 3 0x80004d98 (0x01080e33) x28 0x00000000
core   0: 0x80004d9c (0x21d28d83) lb      s11, 541(t0)
core   0: 3 0x80004d9c (0x21d28d83) x27 0x00000000 mem 0x8001b3e1
core   0: 0x80004da0 (0x0c097f93) andi    t6, s2, 192
core   0: 3 0x80004da0 (0x0c097f93) x31 0x000000c0
core   0: 0x80004da4 (0x7532ae23) sw      s3, 1884(t0)
core   0: 3 0x80004da4 (0x7532ae23) mem 0x8001b920 0x23c8a000
core   0: 0x80004da8 (0x5972cf03) lbu     t5, 1431(t0)
core   0: 3 0x80004da8 (0x5972cf03) x30 0x00000000 mem 0x8001b75b
core   0: 0x80004dac (0x003ac033) xor     zero, s5, gp
core   0: 3 0x80004dac (0x003ac033)
core   0: 0x80004db0 (0x2cd28b03) lb      s6, 717(t0)
core   0: 3 0x80004db0 (0x2cd28b03) x22 0x00000000 mem 0x8001b491
core   0: 0x80004db4 (0x9ab28f83) lb      t6, -1621(t0)
core   0: 3 0x80004db4 (0x9ab28f83) x31 0x00000000 mem 0x8001ab6f
core   0: 0x80004db8 (0x0000100f) fence.i
core   0: 3 0x80004db8 (0x0000100f)
core   0: 0x80004dbc (0x00000013) nop
core   0: 3 0x80004dbc (0x00000013)
core   0: 0x80004dc0 (0x95328583) lb      a1, -1709(t0)
core   0: 3 0x80004dc0 (0x95328583) x11 0x00000000 mem 0x8001ab17
core   0: 0x80004dc4 (0x4184d7b3) sra     a5, s1, s8
core   0: 3 0x80004dc4 (0x4184d7b3) x15 0xff0005d9
core   0: 0x80004dc8 (0x01411033) sll     zero, sp, s4
core   0: 3 0x80004dc8 (0x01411033)
core   0: 0x80004dcc (0x7d629023) sh      s6, 1984(t0)
core   0: 3 0x80004dcc (0x7d629023) mem 0x8001b984 0x0000
core   0: 0x80004dd0 (0x40865693) srai    a3, a2, 8
core   0: 3 0x80004dd0 (0x40865693) x13 0x00000000
core   0: 0x80004dd4 (0x9f928383) lb      t2, -1543(t0)
core   0: 3 0x80004dd4 (0x9f928383) x 7 0x00000000 mem 0x8001abbd
core   0: 0x80004dd8 (0x1e429b03) lh      s6, 484(t0)
core   0: 3 0x80004dd8 (0x1e429b03) x22 0x00000000 mem 0x8001b3a8
core   0: 0x80004ddc (0x01139f13) slli    t5, t2, 17
core   0: 3 0x80004ddc (0x01139f13) x30 0x00000000
core   0: 0x80004de0 (0xffb2cd83) lbu     s11, -5(t0)
core   0: 3 0x80004de0 (0xffb2cd83) x27 0x00000000 mem 0x8001b1bf
core   0: 0x80004de4 (0x56934a13) xori    s4, t1, 1385
core   0: 3 0x80004de4 (0x56934a13) x20 0xfffffe8c
core   0: 0x80004de8 (0x5f229e23) sh      s2, 1532(t0)
core   0: 3 0x80004de8 (0x5f229e23) mem 0x8001b7c0 0xece4
core   0: 0x80004dec (0x0ff0000f) fence   iorw,iorw
core   0: 3 0x80004dec (0x0ff0000f)
core   0: 0x80004df0 (0x01789413) slli    s0, a7, 23
core   0: 3 0x80004df0 (0x01789413) x 8 0x00000000
core   0: 0x80004df4 (0x02a26993) ori     s3, tp, 42
core   0: 3 0x80004df4 (0x02a26993) x19 0x0000002a
core   0: 0x80004df8 (0x7e028883) lb      a7, 2016(t0)
core   0: 3 0x80004df8 (0x7e028883) x17 0x00000000 mem 0x8001b9a4
core   0: 0x80004dfc (0x1af35b17) auipc   s6, 0x1af35
core   0: 3 0x80004dfc (0x1af35b17) x22 0x9af39dfc
core   0: 0x80004e00 (0x018bdfb3) srl     t6, s7, s8
core   0: 3 0x80004e00 (0x018bdfb3) x31 0x01a3dd55
core   0: 0x80004e04 (0x1c612413) slti    s0, sp, 454
core   0: 3 0x80004e04 (0x1c612413) x 8 0x00000001
core   0: 0x80004e08 (0x01b2cf83) lbu     t6, 27(t0)
core   0: 3 0x80004e08 (0x01b2cf83) x31 0x00000000 mem 0x8001b1df
core   0: 0x80004e0c (0x00015897) auipc   a7, 0x15
core   0: 3 0x80004e0c (0x00015897) x17 0x80019e0c
core   0: 0x80004e10 (0xa6988893) addi    a7, a7, -1431
core   0: 3 0x80004e10 (0xa6988893) x17 0x80019875
core   0: 0x80004e14 (0xfabc2993) slti    s3, s8, -85
core   0: 3 0x80004e14 (0xfabc2993) x19 0x00000001
core   0: 0x80004e18 (0x0000100f) fence.i
core   0: 3 0x80004e18 (0x0000100f)
core   0: 0x80004e1c (0x00625833) srl     a6, tp, t1
core   0: 3 0x80004e1c (0x00625833) x16 0x00000000
core   0: 0x80004e20 (0x08288903) lb      s2, 130(a7)
core   0: 3 0x80004e20 (0x08288903) x18 0x00000000 mem 0x800198f7
core   0: 0x80004e24 (0x0ea88a03) lb      s4, 234(a7)
core   0: 3 0x80004e24 (0x0ea88a03) x20 0x00000000 mem 0x8001995f
core   0: 0x80004e28 (0x00df42b3) xor     t0, t5, a3
core   0: 3 0x80004e28 (0x00df42b3) x 5 0x00000000
core   0: 0x80004e2c (0xf9a88903) lb      s2, -102(a7)
core   0: 3 0x80004e2c (0xf9a88903) x18 0x00000000 mem 0x8001980f
core   0: 0x80004e30 (0x01d8d003) lhu     zero, 29(a7)
core   0: 3 0x80004e30 (0x01d8d003) mem 0x80019892
core   0: 0x80004e34 (0xf668ca03) lbu     s4, -154(a7)
core   0: 3 0x80004e34 (0xf668ca03) x20 0x00000000 mem 0x800197db
core   0: 0x80004e38 (0x03b8c783) lbu     a5, 59(a7)
core   0: 3 0x80004e38 (0x03b8c783) x15 0x00000000 mem 0x800198b0
core   0: 0x80004e3c (0x0109d293) srli    t0, s3, 16
core   0: 3 0x80004e3c (0x0109d293) x 5 0x00000000
core   0: 0x80004e40 (0x0000100f) fence.i
core   0: 3 0x80004e40 (0x0000100f)
core   0: 0x80004e44 (0xfe388a03) lb      s4, -29(a7)
core   0: 3 0x80004e44 (0xfe388a03) x20 0x00000000 mem 0x80019858
core   0: 0x80004e48 (0x03c887a3) sb      t3, 47(a7)
core   0: 3 0x80004e48 (0x03c887a3) mem 0x800198a4 0x0
core   0: 0x80004e4c (0xf968ce03) lbu     t3, -106(a7)
core   0: 3 0x80004e4c (0xf968ce03) x28 0x00000000 mem 0x8001980b
core   0: 0x80004e50 (0x0ff0000f) fence   iorw,iorw
core   0: 3 0x80004e50 (0x0ff0000f)
core   0: 0x80004e54 (0x02488903) lb      s2, 36(a7)
core   0: 3 0x80004e54 (0x02488903) x18 0x00000000 mem 0x80019899
core   0: 0x80004e58 (0xf1b8a283) lw      t0, -229(a7)
core   0: 3 0x80004e58 (0xf1b8a283) x 5 0x00000000 mem 0x80019790
core   0: 0x80004e5c (0x02c8ca03) lbu     s4, 44(a7)
core   0: 3 0x80004e5c (0x02c8ca03) x20 0x00000000 mem 0x800198a1
core   0: 0x80004e60 (0xb3eb1297) auipc   t0, 0xb3eb1
core   0: 3 0x80004e60 (0xb3eb1297) x 5 0x33eb5e60
core   0: 0x80004e64 (0x0ee88403) lb      s0, 238(a7)
core   0: 3 0x80004e64 (0x0ee88403) x 8 0x00000000 mem 0x80019963
core   0: 0x80004e68 (0x8e92f993) andi    s3, t0, -1815
core   0: 3 0x80004e68 (0x8e92f993) x19 0x33eb5860
core   0: 0x80004e6c (0x00f7cab3) xor     s5, a5, a5
core   0: 3 0x80004e6c (0x00f7cab3) x21 0x00000000
core   0: 0x80004e70 (0x00e894a3) sh      a4, 9(a7)
core   0: 3 0x80004e70 (0x00e894a3) mem 0x8001987e 0x0000
core   0: 0x80004e74 (0xf238a1a3) sw      gp, -221(a7)
core   0: 3 0x80004e74 (0xf238a1a3) mem 0x80019798 0x00000000
core   0: 0x80004e78 (0xf2588783) lb      a5, -219(a7)
core   0: 3 0x80004e78 (0xf2588783) x15 0x00000000 mem 0x8001979a
core   0: 0x80004e7c (0x03f88023) sb      t6, 32(a7)
core   0: 3 0x80004e7c (0x03f88023) mem 0x80019895 0x0
core   0: 0x80004e80 (0xf4489da3) sh      tp, -165(a7)
core   0: 3 0x80004e80 (0xf4489da3) mem 0x800197d0 0x0000
core   0: 0x80004e84 (0x0150aab3) slt     s5, ra, s5
core   0: 3 0x80004e84 (0x0150aab3) x21 0x00000000
core   0: 0x80004e88 (0xf8b88e23) sb      a1, -100(a7)
core   0: 3 0x80004e88 (0xf8b88e23) mem 0x80019811 0x0
core   0: 0x80004e8c (0x03d89a03) lh      s4, 61(a7)
core   0: 3 0x80004e8c (0x03d89a03) x20 0x00000000 mem 0x800198b2
core   0: 0x80004e90 (0xff088f23) sb      a6, -2(a7)
core   0: 3 0x80004e90 (0xff088f23) mem 0x80019873 0x0
core   0: 0x80004e94 (0x8f0cea13) ori     s4, s9, -1808
core   0: 3 0x80004e94 (0x8f0cea13) x20 0xfffffaff
core   0: 0x80004e98 (0x41d6d393) srai    t2, a3, 29
core   0: 3 0x80004e98 (0x41d6d393) x 7 0x00000000
core   0: 0x80004e9c (0xf8188e23) sb      ra, -100(a7)
core   0: 3 0x80004e9c (0xf8188e23) mem 0x80019811 0x0
core   0: 0x80004ea0 (0x0a28a1a3) sw      sp, 163(a7)
core   0: 3 0x80004ea0 (0x0a28a1a3) mem 0x80019918 0x8002ae64
core   0: 0x80004ea4 (0x0c98d983) lhu     s3, 201(a7)
core   0: 3 0x80004ea4 (0x0c98d983) x19 0x00000000 mem 0x8001993e
core   0: 0x80004ea8 (0x0c288e83) lb      t4, 194(a7)
core   0: 3 0x80004ea8 (0x0c288e83) x29 0x00000000 mem 0x80019937
core   0: 0x80004eac (0x00000013) nop
core   0: 3 0x80004eac (0x00000013)
core   0: 0x80004eb0 (0x05389aa3) sh      s3, 85(a7)
core   0: 3 0x80004eb0 (0x05389aa3) mem 0x800198ca 0x0000
core   0: 0x80004eb4 (0xf1e883a3) sb      t5, -249(a7)
core   0: 3 0x80004eb4 (0xf1e883a3) mem 0x8001977c 0x0
core   0: 0x80004eb8 (0xf6488c03) lb      s8, -156(a7)
core   0: 3 0x80004eb8 (0xf6488c03) x24 0x00000000 mem 0x800197d9
core   0: 0x80004ebc (0xfa389e83) lh      t4, -93(a7)
core   0: 3 0x80004ebc (0xfa389e83) x29 0x00000000 mem 0x80019818
core   0: 0x80004ec0 (0x00010f97) auipc   t6, 0x10
core   0: 3 0x80004ec0 (0x00010f97) x31 0x80014ec0
core   0: 0x80004ec4 (0x600f8f93) addi    t6, t6, 1536
core   0: 3 0x80004ec4 (0x600f8f93) x31 0x800154c0
core   0: 0x80004ec8 (0xffef80a3) sb      t5, -31(t6)
core   0: 3 0x80004ec8 (0xffef80a3) mem 0x800154a1 0x0
core   0: 0x80004ecc (0x026f86a3) sb      t1, 45(t6)
core   0: 3 0x80004ecc (0x026f86a3) mem 0x800154ed 0xe5
core   0: 0x80004ed0 (0x767f2913) slti    s2, t5, 1895
core   0: 3 0x80004ed0 (0x767f2913) x18 0x00000001
core   0: 0x80004ed4 (0x02dfc183) lbu     gp, 45(t6)
core   0: 3 0x80004ed4 (0x02dfc183) x 3 0x000000e5 mem 0x800154ed
core   0: 0x80004ed8 (0x02df8d03) lb      s10, 45(t6)
core   0: 3 0x80004ed8 (0x02df8d03) x26 0xffffffe5 mem 0x800154ed
core   0: 0x80004edc (0x037f8b23) sb      s7, 54(t6)
core   0: 3 0x80004edc (0x037f8b23) mem 0x800154f6 0xb3
core   0: 0x80004ee0 (0x030fca03) lbu     s4, 48(t6)
core   0: 3 0x80004ee0 (0x030fca03) x20 0x00000000 mem 0x800154f0
core   0: 0x80004ee4 (0x03bf8823) sb      s11, 48(t6)
core   0: 3 0x80004ee4 (0x03bf8823) mem 0x800154f0 0x0
core   0: 0x80004ee8 (0x030fae03) lw      t3, 48(t6)
core   0: 3 0x80004ee8 (0x030fae03) x28 0x00000000 mem 0x800154f0
core   0: 0x80004eec (0x027f8703) lb      a4, 39(t6)
core   0: 3 0x80004eec (0x027f8703) x14 0x00000000 mem 0x800154e7
core   0: 0x80004ef0 (0x01147eb3) and     t4, s0, a7
core   0: 3 0x80004ef0 (0x01147eb3) x29 0x00000000
core   0: 0x80004ef4 (0x41d6d713) srai    a4, a3, 29
core   0: 3 0x80004ef4 (0x41d6d713) x14 0x00000000
core   0: 0x80004ef8 (0xfc7faa23) sw      t2, -44(t6)
core   0: 3 0x80004ef8 (0xfc7faa23) mem 0x80015494 0x00000000
core   0: 0x80004efc (0x00ffca83) lbu     s5, 15(t6)
core   0: 3 0x80004efc (0x00ffca83) x21 0x00000000 mem 0x800154cf
core   0: 0x80004f00 (0x016e1393) slli    t2, t3, 22
core   0: 3 0x80004f00 (0x016e1393) x 7 0x00000000
core   0: 0x80004f04 (0x00ffc903) lbu     s2, 15(t6)
core   0: 3 0x80004f04 (0x00ffc903) x18 0x00000000 mem 0x800154cf
core   0: 0x80004f08 (0x014f87a3) sb      s4, 15(t6)
core   0: 3 0x80004f08 (0x014f87a3) mem 0x800154cf 0x0
core   0: 0x80004f0c (0x031f8da3) sb      a7, 59(t6)
core   0: 3 0x80004f0c (0x031f8da3) mem 0x800154fb 0x75
core   0: 0x80004f10 (0xffef9183) lh      gp, -2(t6)
core   0: 3 0x80004f10 (0xffef9183) x 3 0x00000000 mem 0x800154be
core   0: 0x80004f14 (0xfe5f9f23) sh      t0, -2(t6)
core   0: 3 0x80004f14 (0xfe5f9f23) mem 0x800154be 0x5e60
core   0: 0x80004f18 (0xfc2fa023) sw      sp, -64(t6)
core   0: 3 0x80004f18 (0xfc2fa023) mem 0x80015480 0x8002ae64
core   0: 0x80004f1c (0xfc0fa303) lw      t1, -64(t6)
core   0: 3 0x80004f1c (0xfc0fa303) x 6 0x8002ae64 mem 0x80015480
core   0: 0x80004f20 (0x021f8ca3) sb      ra, 57(t6)
core   0: 3 0x80004f20 (0x021f8ca3) mem 0x800154f9 0x0
core   0: 0x80004f24 (0x00d11093) slli    ra, sp, 13
core   0: 3 0x80004f24 (0x00d11093) x 1 0x55cc8000
core   0: 0x80004f28 (0x039f8603) lb      a2, 57(t6)
core   0: 3 0x80004f28 (0x039f8603) x12 0x00000000 mem 0x800154f9
core   0: 0x80004f2c (0x00011e97) auipc   t4, 0x11
core   0: 3 0x80004f2c (0x00011e97) x29 0x80015f2c
core   0: 0x80004f30 (0xb22e8e93) addi    t4, t4, -1246
core   0: 3 0x80004f30 (0xb22e8e93) x29 0x80015a4e
core   0: 0x80004f34 (0xfdce8e03) lb      t3, -36(t4)
core   0: 3 0x80004f34 (0xfdce8e03) x28 0xffffffb3 mem 0x80015a2a
core   0: 0x80004f38 (0xfdce9f03) lh      t5, -36(t4)
core   0: 3 0x80004f38 (0xfdce9f03) x30 0x000000b3 mem 0x80015a2a
core   0: 0x80004f3c (0xfdcec983) lbu     s3, -36(t4)
core   0: 3 0x80004f3c (0xfdcec983) x19 0x000000b3 mem 0x80015a2a
core   0: 0x80004f40 (0xfdced983) lhu     s3, -36(t4)
core   0: 3 0x80004f40 (0xfdced983) x19 0x000000b3 mem 0x80015a2a
core   0: 0x80004f44 (0xfd7e8e23) sb      s7, -36(t4)
core   0: 3 0x80004f44 (0xfd7e8e23) mem 0x80015a2a 0xb3
core   0: 0x80004f48 (0xfd0e9e23) sh      a6, -36(t4)
core   0: 3 0x80004f48 (0xfd0e9e23) mem 0x80015a2a 0x0000
core   0: 0x80004f4c (0xfc2e8e23) sb      sp, -36(t4)
core   0: 3 0x80004f4c (0xfc2e8e23) mem 0x80015a2a 0x64
core   0: 0x80004f50 (0x41a40c33) sub     s8, s0, s10
core   0: 3 0x80004f50 (0x41a40c33) x24 0x0000001b
core   0: 0x80004f54 (0xfdcede03) lhu     t3, -36(t4)
core   0: 3 0x80004f54 (0xfdcede03) x28 0x00000064 mem 0x80015a2a
core   0: 0x80004f58 (0xfdce8203) lb      tp, -36(t4)
core   0: 3 0x80004f58 (0xfdce8203) x 4 0x00000064 mem 0x80015a2a
core   0: 0x80004f5c (0xfdce8a03) lb      s4, -36(t4)
core   0: 3 0x80004f5c (0xfdce8a03) x20 0x00000064 mem 0x80015a2a
core   0: 0x80004f60 (0xfdae8e23) sb      s10, -36(t4)
core   0: 3 0x80004f60 (0xfdae8e23) mem 0x80015a2a 0xe5
core   0: 0x80004f64 (0xfeee8c23) sb      a4, -8(t4)
core   0: 3 0x80004f64 (0xfeee8c23) mem 0x80015a46 0x0
core   0: 0x80004f68 (0xff8e9c83) lh      s9, -8(t4)
core   0: 3 0x80004f68 (0xff8e9c83) x25 0x00000000 mem 0x80015a46
core   0: 0x80004f6c (0x00011697) auipc   a3, 0x11
core   0: 3 0x80004f6c (0x00011697) x13 0x80015f6c
core   0: 0x80004f70 (0xfd468693) addi    a3, a3, -44
core   0: 3 0x80004f70 (0xfd468693) x13 0x80015f40
core   0: 0x80004f74 (0x0ff0000f) fence   iorw,iorw
core   0: 3 0x80004f74 (0x0ff0000f)
core   0: 0x80004f78 (0xfd96c303) lbu     t1, -39(a3)
core   0: 3 0x80004f78 (0xfd96c303) x 6 0x00000000 mem 0x80015f19
core   0: 0x80004f7c (0x41edd2b3) sra     t0, s11, t5
core   0: 3 0x80004f7c (0x41edd2b3) x 5 0x00000000
core   0: 0x80004f80 (0x00c50933) add     s2, a0, a2
core   0: 3 0x80004f80 (0x00c50933) x18 0x8002ece4
core   0: 0x80004f84 (0x41ff0833) sub     a6, t5, t6
core   0: 3 0x80004f84 (0x41ff0833) x16 0x7ffeabf3
core   0: 0x80004f88 (0x00d6cc03) lbu     s8, 13(a3)
core   0: 3 0x80004f88 (0x00d6cc03) x24 0x00000000 mem 0x80015f4d
core   0: 0x80004f8c (0x00153fb3) sltu    t6, a0, ra
core   0: 3 0x80004f8c (0x00153fb3) x31 0x00000000
core   0: 0x80004f90 (0x006be8b3) or      a7, s7, t1
core   0: 3 0x80004f90 (0x006be8b3) x17 0xd1eeaab3
core   0: 0x80004f94 (0xfe469323) sh      tp, -26(a3)
core   0: 3 0x80004f94 (0xfe469323) mem 0x80015f26 0x0064
core   0: 0x80004f98 (0x67190613) addi    a2, s2, 1649
core   0: 3 0x80004f98 (0x67190613) x12 0x8002f355
core   0: 0x80004f9c (0x00a9fd33) and     s10, s3, a0
core   0: 3 0x80004f9c (0x00a9fd33) x26 0x000000a0
core   0: 0x80004fa0 (0x00866f13) ori     t5, a2, 8
core   0: 3 0x80004fa0 (0x00866f13) x30 0x8002f35d
core   0: 0x80004fa4 (0x0187b5b3) sltu    a1, a5, s8
core   0: 3 0x80004fa4 (0x0187b5b3) x11 0x00000000
core   0: 0x80004fa8 (0xfc068c03) lb      s8, -64(a3)
core   0: 3 0x80004fa8 (0xfc068c03) x24 0x00000000 mem 0x80015f00
core   0: 0x80004fac (0x02d68523) sb      a3, 42(a3)
core   0: 3 0x80004fac (0x02d68523) mem 0x80015f6a 0x40
core   0: 0x80004fb0 (0xfe868183) lb      gp, -24(a3)
core   0: 3 0x80004fb0 (0xfe868183) x 3 0x00000000 mem 0x80015f28
core   0: 0x80004fb4 (0x0000100f) fence.i
core   0: 3 0x80004fb4 (0x0000100f)
core   0: 0x80004fb8 (0x0056cb03) lbu     s6, 5(a3)
core   0: 3 0x80004fb8 (0x0056cb03) x22 0x00000000 mem 0x80015f45
core   0: 0x80004fbc (0xf54cfc97) auipc   s9, 0xf54cf
core   0: 3 0x80004fbc (0xf54cfc97) x25 0x754d3fbc
core   0: 0x80004fc0 (0x01fbd0b3) srl     ra, s7, t6
core   0: 3 0x80004fc0 (0x01fbd0b3) x 1 0xd1eeaab3
core   0: 0x80004fc4 (0x0ff0000f) fence   iorw,iorw
core   0: 3 0x80004fc4 (0x0ff0000f)
core   0: 0x80004fc8 (0xfd669303) lh      t1, -42(a3)
core   0: 3 0x80004fc8 (0xfd669303) x 6 0x00000000 mem 0x80015f16
core   0: 0x80004fcc (0xfc86ae03) lw      t3, -56(a3)
core   0: 3 0x80004fcc (0xfc86ae03) x28 0x00000000 mem 0x80015f08
core   0: 0x80004fd0 (0x7ab94c93) xori    s9, s2, 1963
core   0: 3 0x80004fd0 (0x7ab94c93) x25 0x8002eb4f
core   0: 0x80004fd4 (0xe9b24cb7) lui     s9, 0xe9b24
core   0: 3 0x80004fd4 (0xe9b24cb7) x25 0xe9b24000
core   0: 0x80004fd8 (0xc9f73793) sltiu   a5, a4, -865
core   0: 3 0x80004fd8 (0xc9f73793) x15 0x00000001
core   0: 0x80004fdc (0x02c6a483) lw      s1, 44(a3)
core   0: 3 0x80004fdc (0x02c6a483) x 9 0x00000000 mem 0x80015f6c
core   0: 0x80004fe0 (0xff1682a3) sb      a7, -27(a3)
core   0: 3 0x80004fe0 (0xff1682a3) mem 0x80015f25 0xb3
core   0: 0x80004fe4 (0x002686a3) sb      sp, 13(a3)
core   0: 3 0x80004fe4 (0x002686a3) mem 0x80015f4d 0x64
core   0: 0x80004fe8 (0x01c6d803) lhu     a6, 28(a3)
core   0: 3 0x80004fe8 (0x01c6d803) x16 0x00000000 mem 0x80015f5c
core   0: 0x80004fec (0x00668183) lb      gp, 6(a3)
core   0: 3 0x80004fec (0x00668183) x 3 0x00000000 mem 0x80015f46
core   0: 0x80004ff0 (0x01a8e9b3) or      s3, a7, s10
core   0: 3 0x80004ff0 (0x01a8e9b3) x19 0xd1eeaab3
core   0: 0x80004ff4 (0x03a686a3) sb      s10, 45(a3)
core   0: 3 0x80004ff4 (0x03a686a3) mem 0x80015f6d 0xa0
core   0: 0x80004ff8 (0x003598b3) sll     a7, a1, gp
core   0: 3 0x80004ff8 (0x003598b3) x17 0x00000000
core   0: 0x80004ffc (0x00609913) slli    s2, ra, 6
core   0: 3 0x80004ffc (0x00609913) x18 0x7baaacc0
core   0: 0x80005000 (0xfd968a83) lb      s5, -39(a3)
core   0: 3 0x80005000 (0xfd968a83) x21 0x00000000 mem 0x80015f19
core   0: 0x80005004 (0x01d85e13) srli    t3, a6, 29
core   0: 3 0x80005004 (0x01d85e13) x28 0x00000000
core   0: 0x80005008 (0x78880493) addi    s1, a6, 1928
core   0: 3 0x80005008 (0x78880493) x 9 0x00000788
core   0: 0x8000500c (0x00e6c703) lbu     a4, 14(a3)
core   0: 3 0x8000500c (0x00e6c703) x14 0x00000000 mem 0x80015f4e
core   0: 0x80005010 (0x00014317) auipc   t1, 0x14
core   0: 3 0x80005010 (0x00014317) x 6 0x80019010
core   0: 0x80005014 (0x36830313) addi    t1, t1, 872
core   0: 3 0x80005014 (0x36830313) x 6 0x80019378
core   0: 0x80005018 (0x00019597) auipc   a1, 0x19
core   0: 3 0x80005018 (0x00019597) x11 0x8001e018
core   0: 0x8000501c (0xb6e58593) addi    a1, a1, -1170
core   0: 3 0x8000501c (0xb6e58593) x11 0x8001db86
core   0: 0x80005020 (0xd325c403) lbu     s0, -718(a1)
core   0: 3 0x80005020 (0xd325c403) x 8 0x00000000 mem 0x8001d8b8
core   0: 0x80005024 (0xffe30ea3) sb      t5, -3(t1)
core   0: 3 0x80005024 (0xffe30ea3) mem 0x80019375 0x5d
core   0: 0x80005028 (0x16258a83) lb      s5, 354(a1)
core   0: 3 0x80005028 (0x16258a83) x21 0x00000000 mem 0x8001dce8
core   0: 0x8000502c (0x37a59d03) lh      s10, 890(a1)
core   0: 3 0x8000502c (0x37a59d03) x26 0x00000000 mem 0x8001df00
core   0: 0x80005030 (0x00130803) lb      a6, 1(t1)
core   0: 3 0x80005030 (0x00130803) x16 0x00000000 mem 0x80019379
core   0: 0x80005034 (0x63d5c203) lbu     tp, 1597(a1)
core   0: 3 0x80005034 (0x63d5c203) x 4 0x00000000 mem 0x8001e1c3
core   0: 0x80005038 (0xa0b58283) lb      t0, -1525(a1)
core   0: 3 0x80005038 (0xa0b58283) x 5 0x00000000 mem 0x8001d591
core   0: 0x8000503c (0x00830023) sb      s0, 0(t1)
core   0: 3 0x8000503c (0x00830023) mem 0x80019378 0x0
core   0: 0x80005040 (0xf6258623) sb      sp, -148(a1)
core   0: 3 0x80005040 (0xf6258623) mem 0x8001daf2 0x64
core   0: 0x80005044 (0x00130a03) lb      s4, 1(t1)
core   0: 3 0x80005044 (0x00130a03) x20 0x00000000 mem 0x80019379
core   0: 0x80005048 (0xffc34683) lbu     a3, -4(t1)
core   0: 3 0x80005048 (0xffc34683) x13 0x00000000 mem 0x80019374
core   0: 0x8000504c (0xfe730fa3) sb      t2, -1(t1)
core   0: 3 0x8000504c (0xfe730fa3) mem 0x80019377 0x0
core   0: 0x80005050 (0x4d058283) lb      t0, 1232(a1)
core   0: 3 0x80005050 (0x4d058283) x 5 0x00000000 mem 0x8001e056
core   0: 0x80005054 (0x0915c783) lbu     a5, 145(a1)
core   0: 3 0x80005054 (0x0915c783) x15 0x00000000 mem 0x8001dc17
core   0: 0x80005058 (0xfe630fa3) sb      t1, -1(t1)
core   0: 3 0x80005058 (0xfe630fa3) mem 0x80019377 0x78
core   0: 0x8000505c (0xfab58403) lb      s0, -85(a1)
core   0: 3 0x8000505c (0xfab58403) x 8 0x00000000 mem 0x8001db31
core   0: 0x80005060 (0xffa34c03) lbu     s8, -6(t1)
core   0: 3 0x80005060 (0xffa34c03) x24 0x00000000 mem 0x80019372
core   0: 0x80005064 (0x00b30883) lb      a7, 11(t1)
core   0: 3 0x80005064 (0x00b30883) x17 0x00000000 mem 0x80019383
core   0: 0x80005068 (0xff730483) lb      s1, -9(t1)
core   0: 3 0x80005068 (0xff730483) x 9 0x00000000 mem 0x8001936f
core   0: 0x8000506c (0x00010997) auipc   s3, 0x10
core   0: 3 0x8000506c (0x00010997) x19 0x8001506c
core   0: 0x80005070 (0x61d98993) addi    s3, s3, 1565
core   0: 3 0x80005070 (0x61d98993) x19 0x80015689
core   0: 0x80005074 (0x0079d003) lhu     zero, 7(s3)
core   0: 3 0x80005074 (0x0079d003) mem 0x80015690
core   0: 0x80005078 (0x00021317) auipc   t1, 0x21
core   0: 3 0x80005078 (0x00021317) x 6 0x80026078
core   0: 0x8000507c (0x9a630313) addi    t1, t1, -1626
core   0: 3 0x8000507c (0x9a630313) x 6 0x80025a1e
core   0: 0x80005080 (0x00b98683) lb      a3, 11(s3)
core   0: 3 0x80005080 (0x00b98683) x13 0x00000000 mem 0x80015694
core   0: 0x80005084 (0x0079a803) lw      a6, 7(s3)
core   0: 3 0x80005084 (0x0079a803) x16 0x00000000 mem 0x80015690
core   0: 0x80005088 (0x23830003) lb      zero, 568(t1)
core   0: 3 0x80005088 (0x23830003) mem 0x80025c56
core   0: 0x8000508c (0xfe098aa3) sb      zero, -11(s3)
core   0: 3 0x8000508c (0xfe098aa3) mem 0x8001567e 0x0
core   0: 0x80005090 (0xd5330723) sb      s3, -690(t1)
core   0: 3 0x80005090 (0xd5330723) mem 0x8002576c 0x89
core   0: 0x80005094 (0x0089c483) lbu     s1, 8(s3)
core   0: 3 0x80005094 (0x0089c483) x 9 0x00000000 mem 0x80015691
core   0: 0x80005098 (0x4dc34183) lbu     gp, 1244(t1)
core   0: 3 0x80005098 (0x4dc34183) x 3 0x00000000 mem 0x80025efa
core   0: 0x8000509c (0x0059dc03) lhu     s8, 5(s3)
core   0: 3 0x8000509c (0x0059dc03) x24 0x00000000 mem 0x8001568e
core   0: 0x800050a0 (0xbc530183) lb      gp, -1083(t1)
core   0: 3 0x800050a0 (0xbc530183) x 3 0x00000000 mem 0x800255e3
core   0: 0x800050a4 (0x00498183) lb      gp, 4(s3)
core   0: 3 0x800050a4 (0x00498183) x 3 0x00000000 mem 0x8001568d
core   0: 0x800050a8 (0xffb9a283) lw      t0, -5(s3)
core   0: 3 0x800050a8 (0xffb9a283) x 5 0x00000000 mem 0x80015684
core   0: 0x800050ac (0x15835383) lhu     t2, 344(t1)
core   0: 3 0x800050ac (0x15835383) x 7 0x00000000 mem 0x80025b76
core   0: 0x800050b0 (0x00018417) auipc   s0, 0x18
core   0: 3 0x800050b0 (0x00018417) x 8 0x8001d0b0
core   0: 0x800050b4 (0x93040413) addi    s0, s0, -1744
core   0: 3 0x800050b4 (0x93040413) x 8 0x8001c9e0
core   0: 0x800050b8 (0x00010d97) auipc   s11, 0x10
core   0: 3 0x800050b8 (0x00010d97) x27 0x800150b8
core   0: 0x800050bc (0x387d8d93) addi    s11, s11, 903
core   0: 3 0x800050bc (0x387d8d93) x27 0x8001543f
core   0: 0x800050c0 (0x007d8a83) lb      s5, 7(s11)
core   0: 3 0x800050c0 (0x007d8a83) x21 0x00000000 mem 0x80015446
core   0: 0x800050c4 (0x0c440083) lb      ra, 196(s0)
core   0: 3 0x800050c4 (0x0c440083) x 1 0x00000000 mem 0x8001caa4
core   0: 0x800050c8 (0x02944383) lbu     t2, 41(s0)
core   0: 3 0x800050c8 (0x02944383) x 7 0x00000000 mem 0x8001ca09
core   0: 0x800050cc (0xf0a45983) lhu     s3, -246(s0)
core   0: 3 0x800050cc (0xf0a45983) x19 0x00000000 mem 0x8001c8ea
core   0: 0x800050d0 (0xfd140f23) sb      a7, -34(s0)
core   0: 3 0x800050d0 (0xfd140f23) mem 0x8001c9be 0x0
core   0: 0x800050d4 (0x00bd8ea3) sb      a1, 29(s11)
core   0: 3 0x800050d4 (0x00bd8ea3) mem 0x8001545c 0x86
core   0: 0x800050d8 (0xf0744883) lbu     a7, -249(s0)
core   0: 3 0x800050d8 (0xf0744883) x17 0x00000000 mem 0x8001c8e7
core   0: 0x800050dc (0x03ed8e03) lb      t3, 62(s11)
core   0: 3 0x800050dc (0x03ed8e03) x28 0x00000000 mem 0x8001547d
core   0: 0x800050e0 (0x031dc003) lbu     zero, 49(s11)
core   0: 3 0x800050e0 (0x031dc003) mem 0x80015470
core   0: 0x800050e4 (0xfb6400a3) sb      s6, -95(s0)
core   0: 3 0x800050e4 (0xfb6400a3) mem 0x8001c981 0x0
core   0: 0x800050e8 (0xf3d40d23) sb      t4, -198(s0)
core   0: 3 0x800050e8 (0xf3d40d23) mem 0x8001c91a 0x4e
core   0: 0x800050ec (0x03bdc003) lbu     zero, 59(s11)
core   0: 3 0x800050ec (0x03bdc003) mem 0x8001547a
core   0: 0x800050f0 (0x0a044483) lbu     s1, 160(s0)
core   0: 3 0x800050f0 (0x0a044483) x 9 0x00000000 mem 0x8001ca80
core   0: 0x800050f4 (0xfcb406a3) sb      a1, -51(s0)
core   0: 3 0x800050f4 (0xfcb406a3) mem 0x8001c9ad 0x86
core   0: 0x800050f8 (0xfc4d8f23) sb      tp, -34(s11)
core   0: 3 0x800050f8 (0xfc4d8f23) mem 0x8001541d 0x0
core   0: 0x800050fc (0x00010a97) auipc   s5, 0x10
core   0: 3 0x800050fc (0x00010a97) x21 0x800150fc
core   0: 0x80005100 (0x597a8a93) addi    s5, s5, 1431
core   0: 3 0x80005100 (0x597a8a93) x21 0x80015693
core   0: 0x80005104 (0xfaeac683) lbu     a3, -82(s5)
core   0: 3 0x80005104 (0xfaeac683) x13 0x00000000 mem 0x80015641
core   0: 0x80005108 (0xfb7a8723) sb      s7, -82(s5)
core   0: 3 0x80005108 (0xfb7a8723) mem 0x80015641 0xb3
core   0: 0x8000510c (0xfbfa8723) sb      t6, -82(s5)
core   0: 3 0x8000510c (0xfbfa8723) mem 0x80015641 0x0
core   0: 0x80005110 (0xf13ace83) lbu     t4, -237(s5)
core   0: 3 0x80005110 (0xf13ace83) x29 0x00000000 mem 0x800155a6
core   0: 0x80005114 (0xf0ba99a3) sh      a1, -237(s5)
core   0: 3 0x80005114 (0xf0ba99a3) mem 0x800155a6 0xdb86
core   0: 0x80005118 (0xf13a9683) lh      a3, -237(s5)
core   0: 3 0x80005118 (0xf13a9683) x13 0xffffdb86 mem 0x800155a6
core   0: 0x8000511c (0xfa3a9403) lh      s0, -93(s5)
core   0: 3 0x8000511c (0xfa3a9403) x 8 0x00000000 mem 0x80015636
core   0: 0x80005120 (0x01f89793) slli    a5, a7, 31
core   0: 3 0x80005120 (0x01f89793) x15 0x00000000
core   0: 0x80005124 (0xfa3ada03) lhu     s4, -93(s5)
core   0: 3 0x80005124 (0xfa3ada03) x20 0x00000000 mem 0x80015636
core   0: 0x80005128 (0xfafa81a3) sb      a5, -93(s5)
core   0: 3 0x80005128 (0xfafa81a3) mem 0x80015636 0x0
core   0: 0x8000512c (0x05fac603) lbu     a2, 95(s5)
core   0: 3 0x8000512c (0x05fac603) x12 0x00000000 mem 0x800156f2
core   0: 0x80005130 (0x0001de97) auipc   t4, 0x1d
core   0: 3 0x80005130 (0x0001de97) x29 0x80022130
core   0: 0x80005134 (0x8b8e8e93) addi    t4, t4, -1864
core   0: 3 0x80005134 (0x8b8e8e93) x29 0x800219e8
core   0: 0x80005138 (0x00014097) auipc   ra, 0x14
core   0: 3 0x80005138 (0x00014097) x 1 0x80019138
core   0: 0x8000513c (0x0ba08093) addi    ra, ra, 186
core   0: 3 0x8000513c (0x0ba08093) x 1 0x800191f2
core   0: 0x80005140 (0x0001c997) auipc   s3, 0x1c
core   0: 3 0x80005140 (0x0001c997) x19 0x80021140
core   0: 0x80005144 (0xcf698993) addi    s3, s3, -778
core   0: 3 0x80005144 (0xcf698993) x19 0x80020e36
core   0: 0x80005148 (0xff7e8383) lb      t2, -9(t4)
core   0: 3 0x80005148 (0xff7e8383) x 7 0x00000000 mem 0x800219df
core   0: 0x8000514c (0xff4088a3) sb      s4, -15(ra)
core   0: 3 0x8000514c (0xff4088a3) mem 0x800191e3 0x0
core   0: 0x80005150 (0x00021a97) auipc   s5, 0x21
core   0: 3 0x80005150 (0x00021a97) x21 0x80026150
core   0: 0x80005154 (0xbc1a8a93) addi    s5, s5, -1087
core   0: 3 0x80005154 (0xbc1a8a93) x21 0x80025d11
core   0: 0x80005158 (0xfe708823) sb      t2, -16(ra)
core   0: 3 0x80005158 (0xfe708823) mem 0x800191e2 0x0
core   0: 0x8000515c (0xff6ac483) lbu     s1, -10(s5)
core   0: 3 0x8000515c (0xff6ac483) x 9 0x00000000 mem 0x80025d07
core   0: 0x80005160 (0x005081a3) sb      t0, 3(ra)
core   0: 3 0x80005160 (0x005081a3) mem 0x800191f5 0x0
core   0: 0x80005164 (0xff109e23) sh      a7, -4(ra)
core   0: 3 0x80005164 (0xff109e23) mem 0x800191ee 0x0000
core   0: 0x80005168 (0x00aa92a3) sh      a0, 5(s5)
core   0: 3 0x80005168 (0x00aa92a3) mem 0x80025d16 0xece4
core   0: 0x8000516c (0x0020ab03) lw      s6, 2(ra)
core   0: 3 0x8000516c (0x0020ab03) x22 0x00000000 mem 0x800191f4
core   0: 0x80005170 (0x0170a723) sw      s7, 14(ra)
core   0: 3 0x80005170 (0x0170a723) mem 0x80019200 0xd1eeaab3
core   0: 0x80005174 (0xfe19c883) lbu     a7, -31(s3)
core   0: 3 0x80005174 (0xfe19c883) x17 0x00000000 mem 0x80020e17
core   0: 0x80005178 (0xff1e9923) sh      a7, -14(t4)
core   0: 3 0x80005178 (0xff1e9923) mem 0x800219da 0x0000
core   0: 0x8000517c (0x001a8683) lb      a3, 1(s5)
core   0: 3 0x8000517c (0x001a8683) x13 0x00000000 mem 0x80025d12
core   0: 0x80005180 (0x0030cc83) lbu     s9, 3(ra)
core   0: 3 0x80005180 (0x0030cc83) x25 0x00000000 mem 0x800191f5
core   0: 0x80005184 (0x00eac883) lbu     a7, 14(s5)
core   0: 3 0x80005184 (0x00eac883) x17 0x00000000 mem 0x80025d1f
core   0: 0x80005188 (0x01798583) lb      a1, 23(s3)
core   0: 3 0x80005188 (0x01798583) x11 0x00000000 mem 0x80020e4d
core   0: 0x8000518c (0xff1ace03) lbu     t3, -15(s5)
core   0: 3 0x8000518c (0xff1ace03) x28 0x00000000 mem 0x80025d02
core   0: 0x80005190 (0xff0ec003) lbu     zero, -16(t4)
core   0: 3 0x80005190 (0xff0ec003) mem 0x800219d8
core   0: 0x80005194 (0xff809e03) lh      t3, -8(ra)
core   0: 3 0x80005194 (0xff809e03) x28 0x00000000 mem 0x800191ea
core   0: 0x80005198 (0x00a9a123) sw      a0, 2(s3)
core   0: 3 0x80005198 (0x00a9a123) mem 0x80020e38 0x8002ece4
core   0: 0x8000519c (0xfe2eac23) sw      sp, -8(t4)
core   0: 3 0x8000519c (0xfe2eac23) mem 0x800219e0 0x8002ae64
core   0: 0x800051a0 (0x005a8323) sb      t0, 6(s5)
core   0: 3 0x800051a0 (0x005a8323) mem 0x80025d17 0x0
core   0: 0x800051a4 (0xff80d283) lhu     t0, -8(ra)
core   0: 3 0x800051a4 (0xff80d283) x 5 0x00000000 mem 0x800191ea
core   0: 0x800051a8 (0xff8ea783) lw      a5, -8(t4)
core   0: 3 0x800051a8 (0xff8ea783) x15 0x8002ae64 mem 0x800219e0
core   0: 0x800051ac (0x007e8f83) lb      t6, 7(t4)
core   0: 3 0x800051ac (0x007e8f83) x31 0x00000000 mem 0x800219ef
core   0: 0x800051b0 (0x01b98483) lb      s1, 27(s3)
core   0: 3 0x800051b0 (0x01b98483) x 9 0x00000000 mem 0x80020e51
core   0: 0x800051b4 (0xff8e9d23) sh      s8, -6(t4)
core   0: 3 0x800051b4 (0xff8e9d23) mem 0x800219e2 0x0000
core   0: 0x800051b8 (0x0050c303) lbu     t1, 5(ra)
core   0: 3 0x800051b8 (0x0050c303) x 6 0x00000000 mem 0x800191f7
core   0: 0x800051bc (0xff2a9ea3) sh      s2, -3(s5)
core   0: 3 0x800051bc (0xff2a9ea3) mem 0x80025d0e 0xacc0
core   0: 0x800051c0 (0xffca8703) lb      a4, -4(s5)
core   0: 3 0x800051c0 (0xffca8703) x14 0x00000000 mem 0x80025d0d
core   0: 0x800051c4 (0x037985a3) sb      s7, 43(s3)
core   0: 3 0x800051c4 (0x037985a3) mem 0x80020e61 0xb3
core   0: 0x800051c8 (0xff7ad483) lhu     s1, -9(s5)
core   0: 3 0x800051c8 (0xff7ad483) x 9 0x00000000 mem 0x80025d08
core   0: 0x800051cc (0x00010e17) auipc   t3, 0x10
core   0: 3 0x800051cc (0x00010e17) x28 0x800151cc
core   0: 0x800051d0 (0x153e0e13) addi    t3, t3, 339
core   0: 3 0x800051d0 (0x153e0e13) x28 0x8001531f
core   0: 0x800051d4 (0x007793b3) sll     t2, a5, t2
core   0: 3 0x800051d4 (0x007793b3) x 7 0x8002ae64
core   0: 0x800051d8 (0x01c6a3b3) slt     t2, a3, t3
core   0: 3 0x800051d8 (0x01c6a3b3) x 7 0x00000000
core   0: 0x800051dc (0x008e0683) lb      a3, 8(t3)
core   0: 3 0x800051dc (0x008e0683) x13 0x00000000 mem 0x80015327
core   0: 0x800051e0 (0x19ae1da3) sh      s10, 411(t3)
core   0: 3 0x800051e0 (0x19ae1da3) mem 0x800154ba 0x0000
core   0: 0x800051e4 (0xe77e0f83) lb      t6, -393(t3)
core   0: 3 0x800051e4 (0xe77e0f83) x31 0x00000000 mem 0x80015196
core   0: 0x800051e8 (0x01fae733) or      a4, s5, t6
core   0: 3 0x800051e8 (0x01fae733) x14 0x80025d11
core   0: 0x800051ec (0x01a29293) slli    t0, t0, 26
core   0: 3 0x800051ec (0x01a29293) x 5 0x00000000
core   0: 0x800051f0 (0x009e1c33) sll     s8, t3, s1
core   0: 3 0x800051f0 (0x009e1c33) x24 0x8001531f
core   0: 0x800051f4 (0x7e9e5f83) lhu     t6, 2025(t3)
core   0: 3 0x800051f4 (0x7e9e5f83) x31 0x00000000 mem 0x80015b08
core   0: 0x800051f8 (0xeece0f83) lb      t6, -276(t3)
core   0: 3 0x800051f8 (0xeece0f83) x31 0xffffff80 mem 0x8001520b
core   0: 0x800051fc (0x7c2ea713) slti    a4, t4, 1986
core   0: 3 0x800051fc (0x7c2ea713) x14 0x00000001
core   0: 0x80005200 (0x403289b3) sub     s3, t0, gp
core   0: 3 0x80005200 (0x403289b3) x19 0x00000000
core   0: 0x80005204 (0x09a14293) xori    t0, sp, 154
core   0: 3 0x80005204 (0x09a14293) x 5 0x8002aefe
core   0: 0x80005208 (0x500e0523) sb      zero, 1290(t3)
core   0: 3 0x80005208 (0x500e0523) mem 0x80015829 0x0
core   0: 0x8000520c (0x9b4cf913) andi    s2, s9, -1612
core   0: 3 0x8000520c (0x9b4cf913) x18 0x00000000
core   0: 0x80005210 (0xf6ce4703) lbu     a4, -148(t3)
core   0: 3 0x80005210 (0xf6ce4703) x14 0x00000000 mem 0x8001528b
core   0: 0x80005214 (0x015a0d33) add     s10, s4, s5
core   0: 3 0x80005214 (0x015a0d33) x26 0x80025d11
core   0: 0x80005218 (0x92b28893) addi    a7, t0, -1749
core   0: 3 0x80005218 (0x92b28893) x17 0x8002a829
core   0: 0x8000521c (0xe73b3693) sltiu   a3, s6, -397
core   0: 3 0x8000521c (0xe73b3693) x13 0x00000001
core   0: 0x80005220 (0xc8357017) auipc   zero, 0xc8357
core   0: 3 0x80005220 (0xc8357017)
core   0: 0x80005224 (0x3ece0223) sb      a2, 996(t3)
core   0: 3 0x80005224 (0x3ece0223) mem 0x80015703 0x0
core   0: 0x80005228 (0x784e0583) lb      a1, 1924(t3)
core   0: 3 0x80005228 (0x784e0583) x11 0x00000000 mem 0x80015aa3
core   0: 0x8000522c (0x139e0ea3) sb      s9, 317(t3)
core   0: 3 0x8000522c (0x139e0ea3) mem 0x8001545c 0x0
core   0: 0x80005230 (0x8838e4b7) lui     s1, 0x8838e
core   0: 3 0x80005230 (0x8838e4b7) x 9 0x8838e000
core   0: 0x80005234 (0xef90a593) slti    a1, ra, -263
core   0: 3 0x80005234 (0xef90a593) x11 0x00000001
core   0: 0x80005238 (0x01949213) slli    tp, s1, 25
core   0: 3 0x80005238 (0x01949213) x 4 0x00000000
core   0: 0x8000523c (0xe979bf13) sltiu   t5, s3, -361
core   0: 3 0x8000523c (0xe979bf13) x30 0x00000001
core   0: 0x80005240 (0x6fee0e23) sb      t5, 1788(t3)
core   0: 3 0x80005240 (0x6fee0e23) mem 0x80015a1b 0x1
core   0: 0x80005244 (0x2f6e0803) lb      a6, 758(t3)
core   0: 3 0x80005244 (0x2f6e0803) x16 0x00000000 mem 0x80015615
core   0: 0x80005248 (0x71be0a83) lb      s5, 1819(t3)
core   0: 3 0x80005248 (0x71be0a83) x21 0x00000000 mem 0x80015a3a
core   0: 0x8000524c (0xe90e0c23) sb      a6, -360(t3)
core   0: 3 0x8000524c (0xe90e0c23) mem 0x800151b7 0x0
core   0: 0x80005250 (0x4dee0083) lb      ra, 1246(t3)
core   0: 3 0x80005250 (0x4dee0083) x 1 0x00000000 mem 0x800157fd
core   0: 0x80005254 (0x00019d97) auipc   s11, 0x19
core   0: 3 0x80005254 (0x00019d97) x27 0x8001e254
core   0: 0x80005258 (0x292d8d93) addi    s11, s11, 658
core   0: 3 0x80005258 (0x292d8d93) x27 0x8001e4e6
core   0: 0x8000525c (0x006d8a83) lb      s5, 6(s11)
core   0: 3 0x8000525c (0x006d8a83) x21 0x00000000 mem 0x8001e4ec
core   0: 0x80005260 (0xff7dcf03) lbu     t5, -9(s11)
core   0: 3 0x80005260 (0xff7dcf03) x30 0x00000000 mem 0x8001e4dd
core   0: 0x80005264 (0xe87e0313) addi    t1, t3, -377
core   0: 3 0x80005264 (0xe87e0313) x 6 0x800151a6
core   0: 0x80005268 (0x003d8e83) lb      t4, 3(s11)
core   0: 3 0x80005268 (0x003d8e83) x29 0x00000000 mem 0x8001e4e9
core   0: 0x8000526c (0x010dc383) lbu     t2, 16(s11)
core   0: 3 0x8000526c (0x010dc383) x 7 0x00000000 mem 0x8001e4f6
core   0: 0x80005270 (0x009d9823) sh      s1, 16(s11)
core   0: 3 0x80005270 (0x009d9823) mem 0x8001e4f6 0xe000
core   0: 0x80005274 (0xff4d8aa3) sb      s4, -11(s11)
core   0: 3 0x80005274 (0xff4d8aa3) mem 0x8001e4db 0x0
core   0: 0x80005278 (0x01873333) sltu    t1, a4, s8
core   0: 3 0x80005278 (0x01873333) x 6 0x00000001
core   0: 0x8000527c (0x00bd8023) sb      a1, 0(s11)
core   0: 3 0x8000527c (0x00bd8023) mem 0x8001e4e6 0x1
core   0: 0x80005280 (0xfe6d8ea3) sb      t1, -3(s11)
core   0: 3 0x80005280 (0xfe6d8ea3) mem 0x8001e4e3 0x1
core   0: 0x80005284 (0x009d8123) sb      s1, 2(s11)
core   0: 3 0x80005284 (0x009d8123) mem 0x8001e4e8 0x0
core   0: 0x80005288 (0x00165f93) srli    t6, a2, 1
core   0: 3 0x80005288 (0x00165f93) x31 0x00000000
core   0: 0x8000528c (0x01899093) slli    ra, s3, 24
core   0: 3 0x8000528c (0x01899093) x 1 0x00000000
core   0: 0x80005290 (0x0ff0000f) fence   iorw,iorw
core   0: 3 0x80005290 (0x0ff0000f)
core   0: 0x80005294 (0xf3ecc713) xori    a4, s9, -194
core   0: 3 0x80005294 (0xf3ecc713) x14 0xffffff3e
core   0: 0x80005298 (0xffddc983) lbu     s3, -3(s11)
core   0: 3 0x80005298 (0xffddc983) x19 0x00000001 mem 0x8001e4e3
core   0: 0x8000529c (0xa94d2397) auipc   t2, 0xa94d2
core   0: 3 0x8000529c (0xa94d2397) x 7 0x294d729c
core   0: 0x800052a0 (0x00fd8983) lb      s3, 15(s11)
core   0: 3 0x800052a0 (0x00fd8983) x19 0x00000000 mem 0x8001e4f5
core   0: 0x800052a4 (0xff1d8aa3) sb      a7, -11(s11)
core   0: 3 0x800052a4 (0xff1d8aa3) mem 0x8001e4db 0x29
core   0: 0x800052a8 (0xb8e56693) ori     a3, a0, -1138
core   0: 3 0x800052a8 (0xb8e56693) x13 0xffffffee
core   0: 0x800052ac (0xffed8c23) sb      t5, -8(s11)
core   0: 3 0x800052ac (0xffed8c23) mem 0x8001e4de 0x0
core   0: 0x800052b0 (0xc6848a13) addi    s4, s1, -920
core   0: 3 0x800052b0 (0xc6848a13) x20 0x8838dc68
core   0: 0x800052b4 (0xffcd8923) sb      t3, -14(s11)
core   0: 3 0x800052b4 (0xffcd8923) mem 0x8001e4d8 0x1f
core   0: 0x800052b8 (0x00adda03) lhu     s4, 10(s11)
core   0: 3 0x800052b8 (0x00adda03) x20 0x00000000 mem 0x8001e4f0
core   0: 0x800052bc (0x000b9593) slli    a1, s7, 0
core   0: 3 0x800052bc (0x000b9593) x11 0xd1eeaab3
core   0: 0x800052c0 (0x002d8f83) lb      t6, 2(s11)
core   0: 3 0x800052c0 (0x002d8f83) x31 0x00000000 mem 0x8001e4e8
core   0: 0x800052c4 (0xff3dc383) lbu     t2, -13(s11)
core   0: 3 0x800052c4 (0xff3dc383) x 7 0x00000000 mem 0x8001e4d9
core   0: 0x800052c8 (0x002d9183) lh      gp, 2(s11)
core   0: 3 0x800052c8 (0x002d9183) x 3 0x00000000 mem 0x8001e4e8
core   0: 0x800052cc (0x018d8023) sb      s8, 0(s11)
core   0: 3 0x800052cc (0x018d8023) mem 0x8001e4e6 0x1f
core   0: 0x800052d0 (0x77db3c93) sltiu   s9, s6, 1917
core   0: 3 0x800052d0 (0x77db3c93) x25 0x00000001
core   0: 0x800052d4 (0x004d9903) lh      s2, 4(s11)
core   0: 3 0x800052d4 (0x004d9903) x18 0x00000000 mem 0x8001e4ea
core   0: 0x800052d8 (0x001dc003) lbu     zero, 1(s11)
core   0: 3 0x800052d8 (0x001dc003) mem 0x8001e4e7
core   0: 0x800052dc (0xfebd88a3) sb      a1, -15(s11)
core   0: 3 0x800052dc (0xfebd88a3) mem 0x8001e4d7 0xb3
core   0: 0x800052e0 (0x5462e493) ori     s1, t0, 1350
core   0: 3 0x800052e0 (0x5462e493) x 9 0x8002affe
core   0: 0x800052e4 (0x013d8323) sb      s3, 6(s11)
core   0: 3 0x800052e4 (0x013d8323) mem 0x8001e4ec 0x0
core   0: 0x800052e8 (0x00bdc383) lbu     t2, 11(s11)
core   0: 3 0x800052e8 (0x00bdc383) x 7 0x00000000 mem 0x8001e4f1
core   0: 0x800052ec (0xfffd8603) lb      a2, -1(s11)
core   0: 3 0x800052ec (0xfffd8603) x12 0x00000000 mem 0x8001e4e5
core   0: 0x800052f0 (0x00010797) auipc   a5, 0x10
core   0: 3 0x800052f0 (0x00010797) x15 0x800152f0
core   0: 0x800052f4 (0x14878793) addi    a5, a5, 328
core   0: 3 0x800052f4 (0x14878793) x15 0x80015438
core   0: 0x800052f8 (0xff2780a3) sb      s2, -31(a5)
core   0: 3 0x800052f8 (0xff2780a3) mem 0x80015419 0x0
core   0: 0x800052fc (0x418689b3) sub     s3, a3, s8
core   0: 3 0x800052fc (0x418689b3) x19 0x7ffeaccf
core   0: 0x80005300 (0xde6b2a13) slti    s4, s6, -538
core   0: 3 0x80005300 (0xde6b2a13) x20 0x00000000
core   0: 0x80005304 (0xfc07af83) lw      t6, -64(a5)
core   0: 3 0x80005304 (0xfc07af83) x31 0x00000000 mem 0x800153f8
core   0: 0x80005308 (0xfc078703) lb      a4, -64(a5)
core   0: 3 0x80005308 (0xfc078703) x14 0x00000000 mem 0x800153f8
core   0: 0x8000530c (0xfd97c983) lbu     s3, -39(a5)
core   0: 3 0x8000530c (0xfd97c983) x19 0x00000000 mem 0x80015411
core   0: 0x80005310 (0xfd978583) lb      a1, -39(a5)
core   0: 3 0x80005310 (0xfd978583) x11 0x00000000 mem 0x80015411
core   0: 0x80005314 (0xfd978003) lb      zero, -39(a5)
core   0: 3 0x80005314 (0xfd978003) mem 0x80015411
core   0: 0x80005318 (0xfd978d83) lb      s11, -39(a5)
core   0: 3 0x80005318 (0xfd978d83) x27 0x00000000 mem 0x80015411
core   0: 0x8000531c (0xfd97c203) lbu     tp, -39(a5)
core   0: 3 0x8000531c (0xfd97c203) x 4 0x00000000 mem 0x80015411
core   0: 0x80005320 (0xfc478ca3) sb      tp, -39(a5)
core   0: 3 0x80005320 (0xfc478ca3) mem 0x80015411 0x0
core   0: 0x80005324 (0xfff78303) lb      t1, -1(a5)
core   0: 3 0x80005324 (0xfff78303) x 6 0x00000000 mem 0x80015437
core   0: 0x80005328 (0x69e32413) slti    s0, t1, 1694
core   0: 3 0x80005328 (0x69e32413) x 8 0x00000001
core   0: 0x8000532c (0x01d64333) xor     t1, a2, t4
core   0: 3 0x8000532c (0x01d64333) x 6 0x00000000
core   0: 0x80005330 (0xfe178fa3) sb      ra, -1(a5)
core   0: 3 0x80005330 (0xfe178fa3) mem 0x80015437 0x0
core   0: 0x80005334 (0xfff7c583) lbu     a1, -1(a5)
core   0: 3 0x80005334 (0xfff7c583) x11 0x00000000 mem 0x80015437
core   0: 0x80005338 (0x00010c17) auipc   s8, 0x10
core   0: 3 0x80005338 (0x00010c17) x24 0x80015338
core   0: 0x8000533c (0x4f6c0c13) addi    s8, s8, 1270
core   0: 3 0x8000533c (0x4f6c0c13) x24 0x8001582e
core   0: 0x80005340 (0x00011a17) auipc   s4, 0x11
core   0: 3 0x80005340 (0x00011a17) x20 0x80016340
core   0: 0x80005344 (0xaeba0a13) addi    s4, s4, -1301
core   0: 3 0x80005344 (0xaeba0a13) x20 0x80015e2b
core   0: 0x80005348 (0x01fc0403) lb      s0, 31(s8)
core   0: 3 0x80005348 (0x01fc0403) x 8 0x00000000 mem 0x8001584d
core   0: 0x8000534c (0x02fc0003) lb      zero, 47(s8)
core   0: 3 0x8000534c (0x02fc0003) mem 0x8001585d
core   0: 0x80005350 (0x01ca17a3) sh      t3, 15(s4)
core   0: 3 0x80005350 (0x01ca17a3) mem 0x80015e3a 0x531f
core   0: 0x80005354 (0x00dc4403) lbu     s0, 13(s8)
core   0: 3 0x80005354 (0x00dc4403) x 8 0x00000000 mem 0x8001583b
core   0: 0x80005358 (0x007c4403) lbu     s0, 7(s8)
core   0: 3 0x80005358 (0x007c4403) x 8 0x00000000 mem 0x80015835
core   0: 0x8000535c (0x047a4403) lbu     s0, 71(s4)
core   0: 3 0x8000535c (0x047a4403) x 8 0x00000000 mem 0x80015e72
core   0: 0x80005360 (0x01bc2323) sw      s11, 6(s8)
core   0: 3 0x80005360 (0x01bc2323) mem 0x80015834 0x00000000
core   0: 0x80005364 (0x016c00a3) sb      s6, 1(s8)
core   0: 3 0x80005364 (0x016c00a3) mem 0x8001582f 0x0
core   0: 0x80005368 (0x0baa0323) sb      s10, 166(s4)
core   0: 3 0x80005368 (0x0baa0323) mem 0x80015ed1 0x11
core   0: 0x8000536c (0x0f8a4403) lbu     s0, 248(s4)
core   0: 3 0x8000536c (0x0f8a4403) x 8 0x00000000 mem 0x80015f23
core   0: 0x80005370 (0xfefc0a83) lb      s5, -17(s8)
core   0: 3 0x80005370 (0xfefc0a83) x21 0x00000000 mem 0x8001581d
core   0: 0x80005374 (0xfecc4803) lbu     a6, -20(s8)
core   0: 3 0x80005374 (0xfecc4803) x16 0x00000064 mem 0x8001581a
core   0: 0x80005378 (0x0f3a4983) lbu     s3, 243(s4)
core   0: 3 0x80005378 (0x0f3a4983) x19 0x00000000 mem 0x80015f1e
core   0: 0x8000537c (0x00010917) auipc   s2, 0x10
core   0: 3 0x8000537c (0x00010917) x18 0x8001537c
core   0: 0x80005380 (0x43990913) addi    s2, s2, 1081
core   0: 3 0x80005380 (0x43990913) x18 0x800157b5
core   0: 0x80005384 (0x0a392a83) lw      s5, 163(s2)
core   0: 3 0x80005384 (0x0a392a83) x21 0x01640000 mem 0x80015858
core   0: 0x80005388 (0x085911a3) sh      t0, 131(s2)
core   0: 3 0x80005388 (0x085911a3) mem 0x80015838 0xaefe
core   0: 0x8000538c (0x09f911a3) sh      t6, 131(s2)
core   0: 3 0x8000538c (0x09f911a3) mem 0x80015838 0x0000
core   0: 0x80005390 (0x02890e03) lb      t3, 40(s2)
core   0: 3 0x80005390 (0x02890e03) x28 0x00000000 mem 0x800157dd
core   0: 0x80005394 (0x91324693) xori    a3, tp, -1773
core   0: 3 0x80005394 (0x91324693) x13 0xfffff913
core   0: 0x80005398 (0x02995383) lhu     t2, 41(s2)
core   0: 3 0x80005398 (0x02995383) x 7 0x00000000 mem 0x800157de
core   0: 0x8000539c (0x02995403) lhu     s0, 41(s2)
core   0: 3 0x8000539c (0x02995403) x 8 0x00000000 mem 0x800157de
core   0: 0x800053a0 (0x74e2a293) slti    t0, t0, 1870
core   0: 3 0x800053a0 (0x74e2a293) x 5 0x00000001
core   0: 0x800053a4 (0xf5690603) lb      a2, -170(s2)
core   0: 3 0x800053a4 (0xf5690603) x12 0x00000000 mem 0x8001570b
core   0: 0x800053a8 (0xf5690003) lb      zero, -170(s2)
core   0: 3 0x800053a8 (0xf5690003) mem 0x8001570b
core   0: 0x800053ac (0x05d95d83) lhu     s11, 93(s2)
core   0: 3 0x800053ac (0x05d95d83) x27 0x00000000 mem 0x80015812
core   0: 0x800053b0 (0x04094183) lbu     gp, 64(s2)
core   0: 3 0x800053b0 (0x04094183) x 3 0x00000000 mem 0x800157f5
core   0: 0x800053b4 (0xf4694f83) lbu     t6, -186(s2)
core   0: 3 0x800053b4 (0xf4694f83) x31 0x00000000 mem 0x800156fb
core   0: 0x800053b8 (0x478bb293) sltiu   t0, s7, 1144
core   0: 3 0x800053b8 (0x478bb293) x 5 0x00000000
core   0: 0x800053bc (0x5ee52813) slti    a6, a0, 1518
core   0: 3 0x800053bc (0x5ee52813) x16 0x00000001
core   0: 0x800053c0 (0xf3094283) lbu     t0, -208(s2)
core   0: 3 0x800053c0 (0xf3094283) x 5 0x00000000 mem 0x800156e5
core   0: 0x800053c4 (0xf3090383) lb      t2, -208(s2)
core   0: 3 0x800053c4 (0xf3090383) x 7 0x00000000 mem 0x800156e5
core   0: 0x800053c8 (0x02591403) lh      s0, 37(s2)
core   0: 3 0x800053c8 (0x02591403) x 8 0x00000000 mem 0x800157da
core   0: 0x800053cc (0x00010297) auipc   t0, 0x10
core   0: 3 0x800053cc (0x00010297) x 5 0x800153cc
core   0: 0x800053d0 (0x65528293) addi    t0, t0, 1621
core   0: 3 0x800053d0 (0x65528293) x 5 0x80015a21
core   0: 0x800053d4 (0x0196a333) slt     t1, a3, s9
core   0: 3 0x800053d4 (0x0196a333) x 6 0x00000001
core   0: 0x800053d8 (0x0096aa33) slt     s4, a3, s1
core   0: 3 0x800053d8 (0x0096aa33) x20 0x00000000
core   0: 0x800053dc (0x403c0ab3) sub     s5, s8, gp
core   0: 3 0x800053dc (0x403c0ab3) x21 0x8001582e
core   0: 0x800053e0 (0x00a745b3) xor     a1, a4, a0
core   0: 3 0x800053e0 (0x00a745b3) x11 0x8002ece4
core   0: 0x800053e4 (0x00000013) nop
core   0: 3 0x800053e4 (0x00000013)
core   0: 0x800053e8 (0xc0e2ca83) lbu     s5, -1010(t0)
core   0: 3 0x800053e8 (0xc0e2ca83) x21 0x00000000 mem 0x8001562f
core   0: 0x800053ec (0x3b228e03) lb      t3, 946(t0)
core   0: 3 0x800053ec (0x3b228e03) x28 0x00000000 mem 0x80015dd3
core   0: 0x800053f0 (0x48f28403) lb      s0, 1167(t0)
core   0: 3 0x800053f0 (0x48f28403) x 8 0x00000000 mem 0x80015eb0
core   0: 0x800053f4 (0xc912d203) lhu     tp, -879(t0)
core   0: 3 0x800053f4 (0xc912d203) x 4 0x00000000 mem 0x800156b2
core   0: 0x800053f8 (0x017516b3) sll     a3, a0, s7
core   0: 3 0x800053f8 (0x017516b3) x13 0x67200000
core   0: 0x800053fc (0x0067d433) srl     s0, a5, t1
core   0: 3 0x800053fc (0x0067d433) x 8 0x4000aa1c
core   0: 0x80005400 (0x0b92d983) lhu     s3, 185(t0)
core   0: 3 0x80005400 (0x0b92d983) x19 0x00000000 mem 0x80015ada
core   0: 0x80005404 (0xc9d29da3) sh      t4, -869(t0)
core   0: 3 0x80005404 (0xc9d29da3) mem 0x800156bc 0x0000
core   0: 0x80005408 (0x013993b3) sll     t2, s3, s3
core   0: 3 0x80005408 (0x013993b3) x 7 0x00000000
core   0: 0x8000540c (0x9416b193) sltiu   gp, a3, -1727
core   0: 3 0x8000540c (0x9416b193) x 3 0x00000001
core   0: 0x80005410 (0xf3ebe197) auipc   gp, 0xf3ebe
core   0: 3 0x80005410 (0xf3ebe197) x 3 0x73ec3410
core   0: 0x80005414 (0x40de8a33) sub     s4, t4, a3
core   0: 3 0x80005414 (0x40de8a33) x20 0x98e00000
core   0: 0x80005418 (0x15aa2593) slti    a1, s4, 346
core   0: 3 0x80005418 (0x15aa2593) x11 0x00000001
core   0: 0x8000541c (0xe6030b13) addi    s6, t1, -416
core   0: 3 0x8000541c (0xe6030b13) x22 0xfffffe61
core   0: 0x80005420 (0x40bddc33) sra     s8, s11, a1
core   0: 3 0x80005420 (0x40bddc33) x24 0x00000000
core   0: 0x80005424 (0x1a92d203) lhu     tp, 425(t0)
core   0: 3 0x80005424 (0x1a92d203) x 4 0x00000000 mem 0x80015bca
core   0: 0x80005428 (0x1632d983) lhu     s3, 355(t0)
core   0: 3 0x80005428 (0x1632d983) x19 0x00000000 mem 0x80015b84
core   0: 0x8000542c (0x95e2f237) lui     tp, 0x95e2f
core   0: 3 0x8000542c (0x95e2f237) x 4 0x95e2f000
core   0: 0x80005430 (0xbed288a3) sb      a3, -1039(t0)
core   0: 3 0x80005430 (0xbed288a3) mem 0x80015612 0x0
core   0: 0x80005434 (0x406607b3) sub     a5, a2, t1
core   0: 3 0x80005434 (0x406607b3) x15 0xffffffff
core   0: 0x80005438 (0xcdb2df03) lhu     t5, -805(t0)
core   0: 3 0x80005438 (0xcdb2df03) x30 0x00000000 mem 0x800156fc
core   0: 0x8000543c (0x046a1e37) lui     t3, 0x46a1
core   0: 3 0x8000543c (0x046a1e37) x28 0x046a1000
core   0: 0x80005440 (0x01351313) slli    t1, a0, 19
core   0: 3 0x80005440 (0x01351313) x 6 0x67200000
core   0: 0x80005444 (0x4822c583) lbu     a1, 1154(t0)
core   0: 3 0x80005444 (0x4822c583) x11 0x00000000 mem 0x80015ea3
core   0: 0x80005448 (0x00020817) auipc   a6, 0x20
core   0: 3 0x80005448 (0x00020817) x16 0x80025448
core   0: 0x8000544c (0x23680813) addi    a6, a6, 566
core   0: 3 0x8000544c (0x23680813) x16 0x8002567e
core   0: 0x80005450 (0xff984083) lbu     ra, -7(a6)
core   0: 3 0x80005450 (0xff984083) x 1 0x00000000 mem 0x80025677
core   0: 0x80005454 (0x00993db3) sltu    s11, s2, s1
core   0: 3 0x80005454 (0x00993db3) x27 0x00000001
core   0: 0x80005458 (0x01cbddb3) srl     s11, s7, t3
core   0: 3 0x80005458 (0x01cbddb3) x27 0xd1eeaab3
core   0: 0x8000545c (0x02984203) lbu     tp, 41(a6)
core   0: 3 0x8000545c (0x02984203) x 4 0x00000000 mem 0x800256a7
core   0: 0x80005460 (0xfe081823) sh      zero, -16(a6)
core   0: 3 0x80005460 (0xfe081823) mem 0x8002566e 0x0000
core   0: 0x80005464 (0xffc81823) sh      t3, -16(a6)
core   0: 3 0x80005464 (0xffc81823) mem 0x8002566e 0x1000
core   0: 0x80005468 (0x01c22ab3) slt     s5, tp, t3
core   0: 3 0x80005468 (0x01c22ab3) x21 0x00000001
core   0: 0x8000546c (0x775c6593) ori     a1, s8, 1909
core   0: 3 0x8000546c (0x775c6593) x11 0x00000775
core   0: 0x80005470 (0xff084883) lbu     a7, -16(a6)
core   0: 3 0x80005470 (0xff084883) x17 0x00000000 mem 0x8002566e
core   0: 0x80005474 (0xfe880ba3) sb      s0, -9(a6)
core   0: 3 0x80005474 (0xfe880ba3) mem 0x80025675 0x1c
core   0: 0x80005478 (0x00e4d933) srl     s2, s1, a4
core   0: 3 0x80005478 (0x00e4d933) x18 0x8002affe
core   0: 0x8000547c (0xfe784183) lbu     gp, -25(a6)
core   0: 3 0x8000547c (0xfe784183) x 3 0x00000000 mem 0x80025665
core   0: 0x80005480 (0xfe780303) lb      t1, -25(a6)
core   0: 3 0x80005480 (0xfe780303) x 6 0x00000000 mem 0x80025665
core   0: 0x80005484 (0xff884e03) lbu     t3, -8(a6)
core   0: 3 0x80005484 (0xff884e03) x28 0x00000000 mem 0x80025676
core   0: 0x80005488 (0xfe680023) sb      t1, -32(a6)
core   0: 3 0x80005488 (0xfe680023) mem 0x8002565e 0x0
core   0: 0x8000548c (0x00280283) lb      t0, 2(a6)
core   0: 3 0x8000548c (0x00280283) x 5 0x00000000 mem 0x80025680
core   0: 0x80005490 (0x00281903) lh      s2, 2(a6)
core   0: 3 0x80005490 (0x00281903) x18 0x00000000 mem 0x80025680
core   0: 0x80005494 (0x00010a17) auipc   s4, 0x10
core   0: 3 0x80005494 (0x00010a17) x20 0x80015494
core   0: 0x80005498 (0x55da0a13) addi    s4, s4, 1373
core   0: 3 0x80005498 (0x55da0a13) x20 0x800159f1
core   0: 0x8000549c (0xcec74193) xori    gp, a4, -788
core   0: 3 0x8000549c (0xcec74193) x 3 0xfffffcec
core   0: 0x800054a0 (0xff7a0b23) sb      s7, -10(s4)
core   0: 3 0x800054a0 (0xff7a0b23) mem 0x800159e7 0xb3
core   0: 0x800054a4 (0xff6a4b03) lbu     s6, -10(s4)
core   0: 3 0x800054a4 (0xff6a4b03) x22 0x000000b3 mem 0x800159e7
core   0: 0x800054a8 (0xff6a0f03) lb      t5, -10(s4)
core   0: 3 0x800054a8 (0xff6a0f03) x30 0xffffffb3 mem 0x800159e7
core   0: 0x800054ac (0x0160af33) slt     t5, ra, s6
core   0: 3 0x800054ac (0x0160af33) x30 0x00000001
core   0: 0x800054b0 (0xfe1a0b23) sb      ra, -10(s4)
core   0: 3 0x800054b0 (0xfe1a0b23) mem 0x800159e7 0x0
core   0: 0x800054b4 (0xff6a4483) lbu     s1, -10(s4)
core   0: 3 0x800054b4 (0xff6a4483) x 9 0x00000000 mem 0x800159e7
core   0: 0x800054b8 (0xff6a0b23) sb      s6, -10(s4)
core   0: 3 0x800054b8 (0xff6a0b23) mem 0x800159e7 0xb3
core   0: 0x800054bc (0xff6a0403) lb      s0, -10(s4)
core   0: 3 0x800054bc (0xff6a0403) x 8 0xffffffb3 mem 0x800159e7
core   0: 0x800054c0 (0xff6a0203) lb      tp, -10(s4)
core   0: 3 0x800054c0 (0xff6a0203) x 4 0xffffffb3 mem 0x800159e7
core   0: 0x800054c4 (0xff6a4883) lbu     a7, -10(s4)
core   0: 3 0x800054c4 (0xff6a4883) x17 0x000000b3 mem 0x800159e7
core   0: 0x800054c8 (0xff6a0e03) lb      t3, -10(s4)
core   0: 3 0x800054c8 (0xff6a0e03) x28 0xffffffb3 mem 0x800159e7
core   0: 0x800054cc (0xff6a4483) lbu     s1, -10(s4)
core   0: 3 0x800054cc (0xff6a4483) x 9 0x000000b3 mem 0x800159e7
core   0: 0x800054d0 (0xfeca0b23) sb      a2, -10(s4)
core   0: 3 0x800054d0 (0xfeca0b23) mem 0x800159e7 0x0
core   0: 0x800054d4 (0xff6a0c03) lb      s8, -10(s4)
core   0: 3 0x800054d4 (0xff6a0c03) x24 0x00000000 mem 0x800159e7
core   0: 0x800054d8 (0xff6a4b03) lbu     s6, -10(s4)
core   0: 3 0x800054d8 (0xff6a4b03) x22 0x00000000 mem 0x800159e7
core   0: 0x800054dc (0xff6a0683) lb      a3, -10(s4)
core   0: 3 0x800054dc (0xff6a0683) x13 0x00000000 mem 0x800159e7
core   0: 0x800054e0 (0xf261b793) sltiu   a5, gp, -218
core   0: 3 0x800054e0 (0xf261b793) x15 0x00000001
core   0: 0x800054e4 (0xfeaa0b23) sb      a0, -10(s4)
core   0: 3 0x800054e4 (0xfeaa0b23) mem 0x800159e7 0xe4
core   0: 0x800054e8 (0xff7a0b23) sb      s7, -10(s4)
core   0: 3 0x800054e8 (0xff7a0b23) mem 0x800159e7 0xb3
core   0: 0x800054ec (0x002a5593) srli    a1, s4, 2
core   0: 3 0x800054ec (0x002a5593) x11 0x2000567c
core   0: 0x800054f0 (0xfe7a0b23) sb      t2, -10(s4)
core   0: 3 0x800054f0 (0xfe7a0b23) mem 0x800159e7 0x0
core   0: 0x800054f4 (0x0ff0000f) fence   iorw,iorw
core   0: 3 0x800054f4 (0x0ff0000f)
core   0: 0x800054f8 (0xff6a4703) lbu     a4, -10(s4)
core   0: 3 0x800054f8 (0xff6a4703) x14 0x00000000 mem 0x800159e7
core   0: 0x800054fc (0x00011c97) auipc   s9, 0x11
core   0: 3 0x800054fc (0x00011c97) x25 0x800164fc
core   0: 0x80005500 (0xa11c8c93) addi    s9, s9, -1519
core   0: 3 0x80005500 (0xa11c8c93) x25 0x80015f0d
core   0: 0x80005504 (0x017cc203) lbu     tp, 23(s9)
core   0: 3 0x80005504 (0x017cc203) x 4 0x00000000 mem 0x80015f24
core   0: 0x80005508 (0x01eb70b3) and     ra, s6, t5
core   0: 3 0x80005508 (0x01eb70b3) x 1 0x00000000
core   0: 0x8000550c (0x000c8ba3) sb      zero, 23(s9)
core   0: 3 0x8000550c (0x000c8ba3) mem 0x80015f24 0x0
core   0: 0x80005510 (0x017ccb03) lbu     s6, 23(s9)
core   0: 3 0x80005510 (0x017ccb03) x22 0x00000000 mem 0x80015f24
core   0: 0x80005514 (0x017ca883) lw      a7, 23(s9)
core   0: 3 0x80005514 (0x017ca883) x17 0x0064b300 mem 0x80015f24
core   0: 0x80005518 (0x040c8383) lb      t2, 64(s9)
core   0: 3 0x80005518 (0x040c8383) x 7 0x00000064 mem 0x80015f4d
core   0: 0x8000551c (0x040cc983) lbu     s3, 64(s9)
core   0: 3 0x8000551c (0x040cc983) x19 0x00000064 mem 0x80015f4d
core   0: 0x80005520 (0xff5c9da3) sh      s5, -5(s9)
core   0: 3 0x80005520 (0xff5c9da3) mem 0x80015f08 0x0001
core   0: 0x80005524 (0xfe3cada3) sw      gp, -5(s9)
core   0: 3 0x80005524 (0xfe3cada3) mem 0x80015f08 0xfffffcec
core   0: 0x80005528 (0xfc3c97a3) sh      gp, -49(s9)
core   0: 3 0x80005528 (0xfc3c97a3) mem 0x80015edc 0xfcec
core   0: 0x8000552c (0xfcfc8783) lb      a5, -49(s9)
core   0: 3 0x8000552c (0xfcfc8783) x15 0xffffffec mem 0x80015edc
core   0: 0x80005530 (0x00010097) auipc   ra, 0x10
core   0: 3 0x80005530 (0x00010097) x 1 0x80015530
core   0: 0x80005534 (0xc3e08093) addi    ra, ra, -962
core   0: 3 0x80005534 (0xc3e08093) x 1 0x8001516e
core   0: 0x80005538 (0xfe10ce03) lbu     t3, -31(ra)
core   0: 3 0x80005538 (0xfe10ce03) x28 0x00000000 mem 0x8001514f
core   0: 0x8000553c (0xfe10cc03) lbu     s8, -31(ra)
core   0: 3 0x8000553c (0xfe10cc03) x24 0x00000000 mem 0x8001514f
core   0: 0x80005540 (0xff8080a3) sb      s8, -31(ra)
core   0: 3 0x80005540 (0xff8080a3) mem 0x8001514f 0x0
core   0: 0x80005544 (0xffa080a3) sb      s10, -31(ra)
core   0: 3 0x80005544 (0xffa080a3) mem 0x8001514f 0x11
core   0: 0x80005548 (0xfe108803) lb      a6, -31(ra)
core   0: 3 0x80005548 (0xfe108803) x16 0x00000011 mem 0x8001514f
core   0: 0x8000554c (0xfe108683) lb      a3, -31(ra)
core   0: 3 0x8000554c (0xfe108683) x13 0x00000011 mem 0x8001514f
core   0: 0x80005550 (0xfe10c983) lbu     s3, -31(ra)
core   0: 3 0x80005550 (0xfe10c983) x19 0x00000011 mem 0x8001514f
core   0: 0x80005554 (0x004c1f33) sll     t5, s8, tp
core   0: 3 0x80005554 (0x004c1f33) x30 0x00000000
core   0: 0x80005558 (0xfe408ea3) sb      tp, -3(ra)
core   0: 3 0x80005558 (0xfe408ea3) mem 0x8001516b 0x0
core   0: 0x8000555c (0xff208ea3) sb      s2, -3(ra)
core   0: 3 0x8000555c (0xff208ea3) mem 0x8001516b 0x0
core   0: 0x80005560 (0x00d61033) sll     zero, a2, a3
core   0: 3 0x80005560 (0x00d61033)
core   0: 0x80005564 (0xfea08ea3) sb      a0, -3(ra)
core   0: 3 0x80005564 (0xfea08ea3) mem 0x8001516b 0xe4
core   0: 0x80005568 (0xcf31ef97) auipc   t6, 0xcf31e
core   0: 3 0x80005568 (0xcf31ef97) x31 0x4f323568
core   0: 0x8000556c (0xfef08ea3) sb      a5, -3(ra)
core   0: 3 0x8000556c (0xfef08ea3) mem 0x8001516b 0xec
core   0: 0x80005570 (0x0145da93) srli    s5, a1, 20
core   0: 3 0x80005570 (0x0145da93) x21 0x00000200
core   0: 0x80005574 (0xffd0cc03) lbu     s8, -3(ra)
core   0: 3 0x80005574 (0xffd0cc03) x24 0x000000ec mem 0x8001516b
core   0: 0x80005578 (0x0108aeb3) slt     t4, a7, a6
core   0: 3 0x80005578 (0x0108aeb3) x29 0x00000000
core   0: 0x8000557c (0x01355c13) srli    s8, a0, 19
core   0: 3 0x8000557c (0x01355c13) x24 0x00001000
core   0: 0x80005580 (0x00fc94b3) sll     s1, s9, a5
core   0: 3 0x80005580 (0x00fc94b3) x 9 0x15f0d000
core   0: 0x80005584 (0xffd0cc83) lbu     s9, -3(ra)
core   0: 3 0x80005584 (0xffd0cc83) x25 0x000000ec mem 0x8001516b
core   0: 0x80005588 (0xffd08f03) lb      t5, -3(ra)
core   0: 3 0x80005588 (0xffd08f03) x30 0xffffffec mem 0x8001516b
core   0: 0x8000558c (0x0001ba97) auipc   s5, 0x1b
core   0: 3 0x8000558c (0x0001ba97) x21 0x8002058c
core   0: 0x80005590 (0x60aa8a93) addi    s5, s5, 1546
core   0: 3 0x80005590 (0x60aa8a93) x21 0x80020b96
core   0: 0x80005594 (0x5eeac283) lbu     t0, 1518(s5)
core   0: 3 0x80005594 (0x5eeac283) x 5 0x00000000 mem 0x80021184
core   0: 0x80005598 (0x5eeadc83) lhu     s9, 1518(s5)
core   0: 3 0x80005598 (0x5eeadc83) x25 0x00000000 mem 0x80021184
core   0: 0x8000559c (0x507acf83) lbu     t6, 1287(s5)
core   0: 3 0x8000559c (0x507acf83) x31 0x00000000 mem 0x8002109d
core   0: 0x800055a0 (0x007917b3) sll     a5, s2, t2
core   0: 3 0x800055a0 (0x007917b3) x15 0x00000000
core   0: 0x800055a4 (0x507ac603) lbu     a2, 1287(s5)
core   0: 3 0x800055a4 (0x507ac603) x12 0x00000000 mem 0x8002109d
core   0: 0x800055a8 (0x00000013) nop
core   0: 3 0x800055a8 (0x00000013)
core   0: 0x800055ac (0x4fd34593) xori    a1, t1, 1277
core   0: 3 0x800055ac (0x4fd34593) x11 0x000004fd
core   0: 0x800055b0 (0x512a83a3) sb      s2, 1287(s5)
core   0: 3 0x800055b0 (0x512a83a3) mem 0x8002109d 0x0
core   0: 0x800055b4 (0x507a8a03) lb      s4, 1287(s5)
core   0: 3 0x800055b4 (0x507a8a03) x20 0x00000000 mem 0x8002109d
core   0: 0x800055b8 (0x507ac903) lbu     s2, 1287(s5)
core   0: 3 0x800055b8 (0x507ac903) x18 0x00000000 mem 0x8002109d
core   0: 0x800055bc (0x507a8883) lb      a7, 1287(s5)
core   0: 3 0x800055bc (0x507a8883) x17 0x00000000 mem 0x8002109d
core   0: 0x800055c0 (0xe0ca9483) lh      s1, -500(s5)
core   0: 3 0x800055c0 (0xe0ca9483) x 9 0x00000000 mem 0x800209a2
core   0: 0x800055c4 (0xe0cad703) lhu     a4, -500(s5)
core   0: 3 0x800055c4 (0xe0cad703) x14 0x00000000 mem 0x800209a2
core   0: 0x800055c8 (0xaaca9823) sh      a2, -1360(s5)
core   0: 3 0x800055c8 (0xaaca9823) mem 0x80020646 0x0000
core   0: 0x800055cc (0x1b7a8123) sb      s7, 418(s5)
core   0: 3 0x800055cc (0x1b7a8123) mem 0x80020d38 0xb3
core   0: 0x800055d0 (0xd4cac303) lbu     t1, -692(s5)
core   0: 3 0x800055d0 (0xd4cac303) x 6 0x00000000 mem 0x800208e2
core   0: 0x800055d4 (0x00011c17) auipc   s8, 0x11
core   0: 3 0x800055d4 (0x00011c17) x24 0x800165d4
core   0: 0x800055d8 (0x83fc0c13) addi    s8, s8, -1985
core   0: 3 0x800055d8 (0x83fc0c13) x24 0x80015e13
core   0: 0x800055dc (0x00016097) auipc   ra, 0x16
core   0: 3 0x800055dc (0x00016097) x 1 0x8001b5dc
core   0: 0x800055e0 (0x9f708093) addi    ra, ra, -1545
core   0: 3 0x800055e0 (0x9f708093) x 1 0x8001afd3
core   0: 0x800055e4 (0x00fc5803) lhu     a6, 15(s8)
core   0: 3 0x800055e4 (0x00fc5803) x16 0x00000000 mem 0x80015e22
core   0: 0x800055e8 (0x642092a3) sh      sp, 1605(ra)
core   0: 3 0x800055e8 (0x642092a3) mem 0x8001b618 0xae64
core   0: 0x800055ec (0xe1608403) lb      s0, -490(ra)
core   0: 3 0x800055ec (0xe1608403) x 8 0x00000000 mem 0x8001ade9
core   0: 0x800055f0 (0x9810c783) lbu     a5, -1663(ra)
core   0: 3 0x800055f0 (0x9810c783) x15 0x00000000 mem 0x8001a954
core   0: 0x800055f4 (0x7fd08323) sb      t4, 2022(ra)
core   0: 3 0x800055f4 (0x7fd08323) mem 0x8001b7b9 0x0
core   0: 0x800055f8 (0x1d308b23) sb      s3, 470(ra)
core   0: 3 0x800055f8 (0x1d308b23) mem 0x8001b1a9 0x11
core   0: 0x800055fc (0x0040cb03) lbu     s6, 4(ra)
core   0: 3 0x800055fc (0x0040cb03) x22 0x00000000 mem 0x8001afd7
core   0: 0x80005600 (0x001c5583) lhu     a1, 1(s8)
core   0: 3 0x80005600 (0x001c5583) x11 0x00000000 mem 0x80015e14
core   0: 0x80005604 (0x004c0183) lb      gp, 4(s8)
core   0: 3 0x80005604 (0x004c0183) x 3 0x00000000 mem 0x80015e17
core   0: 0x80005608 (0x02bc18a3) sh      a1, 49(s8)
core   0: 3 0x80005608 (0x02bc18a3) mem 0x80015e44 0x0000
core   0: 0x8000560c (0xdf709ca3) sh      s7, -519(ra)
core   0: 3 0x8000560c (0xdf709ca3) mem 0x8001adcc 0xaab3
core   0: 0x80005610 (0xf9208403) lb      s0, -110(ra)
core   0: 3 0x80005610 (0xf9208403) x 8 0x00000000 mem 0x8001af65
core   0: 0x80005614 (0xfd9c18a3) sh      s9, -47(s8)
core   0: 3 0x80005614 (0xfd9c18a3) mem 0x80015de4 0x0000
core   0: 0x80005618 (0x02ec0783) lb      a5, 46(s8)
core   0: 3 0x80005618 (0x02ec0783) x15 0x00000000 mem 0x80015e41
core   0: 0x8000561c (0x014c4b03) lbu     s6, 20(s8)
core   0: 3 0x8000561c (0x014c4b03) x22 0x00000000 mem 0x80015e27
core   0: 0x80005620 (0x51a0c803) lbu     a6, 1306(ra)
core   0: 3 0x80005620 (0x51a0c803) x16 0x00000000 mem 0x8001b4ed
core   0: 0x80005624 (0x00010097) auipc   ra, 0x10
core   0: 3 0x80005624 (0x00010097) x 1 0x80015624
core   0: 0x80005628 (0x4c808093) addi    ra, ra, 1224
core   0: 3 0x80005628 (0x4c808093) x 1 0x80015aec
core   0: 0x8000562c (0xff508b03) lb      s6, -11(ra)
core   0: 3 0x8000562c (0xff508b03) x22 0x00000000 mem 0x80015ae1
core   0: 0x80005630 (0x0000100f) fence.i
core   0: 3 0x80005630 (0x0000100f)
core   0: 0x80005634 (0xff40ae03) lw      t3, -12(ra)
core   0: 3 0x80005634 (0xff40ae03) x28 0x00000000 mem 0x80015ae0
core   0: 0x80005638 (0x0050c703) lbu     a4, 5(ra)
core   0: 3 0x80005638 (0x0050c703) x14 0x00000000 mem 0x80015af1
core   0: 0x8000563c (0x6a908313) addi    t1, ra, 1705
core   0: 3 0x8000563c (0x6a908313) x 6 0x80016195
core   0: 0x80005640 (0xff00a603) lw      a2, -16(ra)
core   0: 3 0x80005640 (0xff00a603) x12 0x00000000 mem 0x80015adc
core   0: 0x80005644 (0x40a78033) sub     zero, a5, a0
core   0: 3 0x80005644 (0x40a78033)
core   0: 0x80005648 (0x000216b3) sll     a3, tp, zero
core   0: 3 0x80005648 (0x000216b3) x13 0x00000000
core   0: 0x8000564c (0x018eb033) sltu    zero, t4, s8
core   0: 3 0x8000564c (0x018eb033)
core   0: 0x80005650 (0xff809403) lh      s0, -8(ra)
core   0: 3 0x80005650 (0xff809403) x 8 0x00000000 mem 0x80015ae4
core   0: 0x80005654 (0xff30ce03) lbu     t3, -13(ra)
core   0: 3 0x80005654 (0xff30ce03) x28 0x00000000 mem 0x80015adf
core   0: 0x80005658 (0x01719d33) sll     s10, gp, s7
core   0: 3 0x80005658 (0x01719d33) x26 0x00000000
core   0: 0x8000565c (0x00b08383) lb      t2, 11(ra)
core   0: 3 0x8000565c (0x00b08383) x 7 0x00000000 mem 0x80015af7
core   0: 0x80005660 (0xfab6e893) ori     a7, a3, -85
core   0: 3 0x80005660 (0xfab6e893) x17 0xffffffab
core   0: 0x80005664 (0x1db5f293) andi    t0, a1, 475
core   0: 3 0x80005664 (0x1db5f293) x 5 0x00000000
core   0: 0x80005668 (0x01c781b3) add     gp, a5, t3
core   0: 3 0x80005668 (0x01c781b3) x 3 0x00000000
core   0: 0x8000566c (0x0095dcb3) srl     s9, a1, s1
core   0: 3 0x8000566c (0x0095dcb3) x25 0x00000000
core   0: 0x80005670 (0x01c7df93) srli    t6, a5, 28
core   0: 3 0x80005670 (0x01c7df93) x31 0x00000000
core   0: 0x80005674 (0x0001e9b3) or      s3, gp, zero
core   0: 3 0x80005674 (0x0001e9b3) x19 0x00000000
core   0: 0x80005678 (0x770a8593) addi    a1, s5, 1904
core   0: 3 0x80005678 (0x770a8593) x11 0x80021306
core   0: 0x8000567c (0xfe2088a3) sb      sp, -15(ra)
core   0: 3 0x8000567c (0xfe2088a3) mem 0x80015add 0x64
core   0: 0x80005680 (0x01475b13) srli    s6, a4, 20
core   0: 3 0x80005680 (0x01475b13) x22 0x00000000
core   0: 0x80005684 (0x004087a3) sb      tp, 15(ra)
core   0: 3 0x80005684 (0x004087a3) mem 0x80015afb 0x0
core   0: 0x80005688 (0xff909f23) sh      s9, -2(ra)
core   0: 3 0x80005688 (0xff909f23) mem 0x80015aea 0x0000
core   0: 0x8000568c (0xc6976e13) ori     t3, a4, -919
core   0: 3 0x8000568c (0xc6976e13) x28 0xfffffc69
core   0: 0x80005690 (0x004f84b3) add     s1, t6, tp
core   0: 3 0x80005690 (0x004f84b3) x 9 0x00000000
core   0: 0x80005694 (0x41c2d233) sra     tp, t0, t3
core   0: 3 0x80005694 (0x41c2d233) x 4 0x00000000
core   0: 0x80005698 (0x00708523) sb      t2, 10(ra)
core   0: 3 0x80005698 (0x00708523) mem 0x80015af6 0x0
core   0: 0x8000569c (0x00608f83) lb      t6, 6(ra)
core   0: 3 0x8000569c (0x00608f83) x31 0x00000060 mem 0x80015af2
core   0: 0x800056a0 (0x743b1337) lui     t1, 0x743b1
core   0: 3 0x800056a0 (0x743b1337) x 6 0x743b1000
core   0: 0x800056a4 (0xae62ca13) xori    s4, t0, -1306
core   0: 3 0x800056a4 (0xae62ca13) x20 0xfffffae6
core   0: 0x800056a8 (0xffb0cb03) lbu     s6, -5(ra)
core   0: 3 0x800056a8 (0xffb0cb03) x22 0x00000000 mem 0x80015ae7
core   0: 0x800056ac (0xf12ec6b7) lui     a3, 0xf12ec
core   0: 3 0x800056ac (0xf12ec6b7) x13 0xf12ec000
core   0: 0x800056b0 (0xe6759837) lui     a6, 0xe6759
core   0: 3 0x800056b0 (0xe6759837) x16 0xe6759000
core   0: 0x800056b4 (0x0010c403) lbu     s0, 1(ra)
core   0: 3 0x800056b4 (0x0010c403) x 8 0x00000000 mem 0x80015aed
core   0: 0x800056b8 (0x406ed693) srai    a3, t4, 6
core   0: 3 0x800056b8 (0x406ed693) x13 0x00000000
core   0: 0x800056bc (0xc2734593) xori    a1, t1, -985
core   0: 3 0x800056bc (0xc2734593) x11 0x8bc4ec27
core   0: 0x800056c0 (0x0000100f) fence.i
core   0: 3 0x800056c0 (0x0000100f)
core   0: 0x800056c4 (0x0150a9b3) slt     s3, ra, s5
core   0: 3 0x800056c4 (0x0150a9b3) x19 0x00000001
core   0: 0x800056c8 (0x4b192a93) slti    s5, s2, 1201
core   0: 3 0x800056c8 (0x4b192a93) x21 0x00000001
core   0: 0x800056cc (0xdb276293) ori     t0, a4, -590
core   0: 3 0x800056cc (0xdb276293) x 5 0xfffffdb2
core   0: 0x800056d0 (0x00b09223) sh      a1, 4(ra)
core   0: 3 0x800056d0 (0x00b09223) mem 0x80015af0 0xec27
core   0: 0x800056d4 (0x0001d497) auipc   s1, 0x1d
core   0: 3 0x800056d4 (0x0001d497) x 9 0x800226d4
core   0: 0x800056d8 (0x3a148493) addi    s1, s1, 929
core   0: 3 0x800056d8 (0x3a148493) x 9 0x80022a75
core   0: 0x800056dc (0xfc04c183) lbu     gp, -64(s1)
core   0: 3 0x800056dc (0xfc04c183) x 3 0x00000000 mem 0x80022a35
core   0: 0x800056e0 (0x005dd893) srli    a7, s11, 5
core   0: 3 0x800056e0 (0x005dd893) x17 0x068f7555
core   0: 0x800056e4 (0xf0448023) sb      tp, -256(s1)
core   0: 3 0x800056e4 (0xf0448023) mem 0x80022975 0x0
core   0: 0x800056e8 (0x0d44cf03) lbu     t5, 212(s1)
core   0: 3 0x800056e8 (0x0d44cf03) x30 0x00000000 mem 0x80022b49
core   0: 0x800056ec (0x01c4db13) srli    s6, s1, 28
core   0: 3 0x800056ec (0x01c4db13) x22 0x00000008
core   0: 0x800056f0 (0x0ff0000f) fence   iorw,iorw
core   0: 3 0x800056f0 (0x0ff0000f)
core   0: 0x800056f4 (0xa14f4e93) xori    t4, t5, -1516
core   0: 3 0x800056f4 (0xa14f4e93) x29 0xfffffa14
core   0: 0x800056f8 (0x32c43013) sltiu   zero, s0, 812
core   0: 3 0x800056f8 (0x32c43013)
core   0: 0x800056fc (0x0e748083) lb      ra, 231(s1)
core   0: 3 0x800056fc (0x0e748083) x 1 0x00000000 mem 0x80022b5c
core   0: 0x80005700 (0xf434de83) lhu     t4, -189(s1)
core   0: 3 0x80005700 (0xf434de83) x29 0x00000000 mem 0x800229b8
core   0: 0x80005704 (0x405603b3) sub     t2, a2, t0
core   0: 3 0x80005704 (0x405603b3) x 7 0x0000024e
core   0: 0x80005708 (0x0ab4cd83) lbu     s11, 171(s1)
core   0: 3 0x80005708 (0x0ab4cd83) x27 0x00000000 mem 0x80022b20
core   0: 0x8000570c (0x0000100f) fence.i
core   0: 3 0x8000570c (0x0000100f)
core   0: 0x80005710 (0x00000013) nop
core   0: 3 0x80005710 (0x00000013)
core   0: 0x80005714 (0xfbc48d83) lb      s11, -68(s1)
core   0: 3 0x80005714 (0xfbc48d83) x27 0x00000000 mem 0x80022a31
core   0: 0x80005718 (0xfc24cb03) lbu     s6, -62(s1)
core   0: 3 0x80005718 (0xfc24cb03) x22 0x00000000 mem 0x80022a37
core   0: 0x8000571c (0x00c48e23) sb      a2, 28(s1)
core   0: 3 0x8000571c (0x00c48e23) mem 0x80022a91 0x0
core   0: 0x80005720 (0x0089d713) srli    a4, s3, 8
core   0: 3 0x80005720 (0x0089d713) x14 0x00000000
core   0: 0x80005724 (0x01b20733) add     a4, tp, s11
core   0: 3 0x80005724 (0x01b20733) x14 0x00000000
core   0: 0x80005728 (0x00dd1a33) sll     s4, s10, a3
core   0: 3 0x80005728 (0x00dd1a33) x20 0x00000000
core   0: 0x8000572c (0x9152a5b7) lui     a1, 0x9152a
core   0: 3 0x8000572c (0x9152a5b7) x11 0x9152a000
core   0: 0x80005730 (0xf1b489a3) sb      s11, -237(s1)
core   0: 3 0x80005730 (0xf1b489a3) mem 0x80022988 0x0
core   0: 0x80005734 (0x02b48283) lb      t0, 43(s1)
core   0: 3 0x80005734 (0x02b48283) x 5 0x00000000 mem 0x80022aa0
core   0: 0x80005738 (0xfdd497a3) sh      t4, -49(s1)
core   0: 3 0x80005738 (0xfdd497a3) mem 0x80022a44 0x0000
core   0: 0x8000573c (0x0a349403) lh      s0, 163(s1)
core   0: 3 0x8000573c (0x0a349403) x 8 0x00000000 mem 0x80022b18
core   0: 0x80005740 (0x48393413) sltiu   s0, s2, 1155
core   0: 3 0x80005740 (0x48393413) x 8 0x00000001
core   0: 0x80005744 (0x18d9f193) andi    gp, s3, 397
core   0: 3 0x80005744 (0x18d9f193) x 3 0x00000001
core   0: 0x80005748 (0x0704ce03) lbu     t3, 112(s1)
core   0: 3 0x80005748 (0x0704ce03) x28 0x00000000 mem 0x80022ae5
core   0: 0x8000574c (0xcd7aed13) ori     s10, s5, -809
core   0: 3 0x8000574c (0xcd7aed13) x26 0xfffffcd7
core   0: 0x80005750 (0xfd24cd03) lbu     s10, -46(s1)
core   0: 3 0x80005750 (0xfd24cd03) x26 0x00000000 mem 0x80022a47
core   0: 0x80005754 (0xff248703) lb      a4, -14(s1)
core   0: 3 0x80005754 (0xff248703) x14 0x00000000 mem 0x80022a67
core   0: 0x80005758 (0x090481a3) sb      a6, 131(s1)
core   0: 3 0x80005758 (0x090481a3) mem 0x80022af8 0x0
core   0: 0x8000575c (0x29952197) auipc   gp, 0x29952
core   0: 3 0x8000575c (0x29952197) x 3 0xa995775c
core   0: 0x80005760 (0x00e5d9b3) srl     s3, a1, a4
core   0: 3 0x80005760 (0x00e5d9b3) x19 0x9152a000
core   0: 0x80005764 (0xfeb4cf83) lbu     t6, -21(s1)
core   0: 3 0x80005764 (0xfeb4cf83) x31 0x00000000 mem 0x80022a60
core   0: 0x80005768 (0x88289d97) auipc   s11, 0x88289
core   0: 3 0x80005768 (0x88289d97) x27 0x0828e768
core   0: 0x8000576c (0x00e71e33) sll     t3, a4, a4
core   0: 3 0x8000576c (0x00e71e33) x28 0x00000000
core   0: 0x80005770 (0x016b6f33) or      t5, s6, s6
core   0: 3 0x80005770 (0x016b6f33) x30 0x00000000
core   0: 0x80005774 (0xf5448023) sb      s4, -192(s1)
core   0: 3 0x80005774 (0xf5448023) mem 0x800229b5 0x0
core   0: 0x80005778 (0x82113393) sltiu   t2, sp, -2015
core   0: 3 0x80005778 (0x82113393) x 7 0x00000001
core   0: 0x8000577c (0x01bd9d13) slli    s10, s11, 27
core   0: 3 0x8000577c (0x01bd9d13) x26 0x40000000
core   0: 0x80005780 (0x0c24c003) lbu     zero, 194(s1)
core   0: 3 0x80005780 (0x0c24c003) mem 0x80022b37
core   0: 0x80005784 (0x01965f93) srli    t6, a2, 25
core   0: 3 0x80005784 (0x01965f93) x31 0x00000000
core   0: 0x80005788 (0x09149f83) lh      t6, 145(s1)
core   0: 3 0x80005788 (0x09149f83) x31 0x00000000 mem 0x80022b06
core   0: 0x8000578c (0xff24c903) lbu     s2, -14(s1)
core   0: 3 0x8000578c (0xff24c903) x18 0x00000000 mem 0x80022a67
core   0: 0x80005790 (0x01000f33) add     t5, zero, a6
core   0: 3 0x80005790 (0x01000f33) x30 0xe6759000
core   0: 0x80005794 (0x03c4c783) lbu     a5, 60(s1)
core   0: 3 0x80005794 (0x03c4c783) x15 0x00000000 mem 0x80022ab1
core   0: 0x80005798 (0x0dd48c03) lb      s8, 221(s1)
core   0: 3 0x80005798 (0x0dd48c03) x24 0x00000000 mem 0x80022b52
core   0: 0x8000579c (0xf1d49ca3) sh      t4, -231(s1)
core   0: 3 0x8000579c (0xf1d49ca3) mem 0x8002298e 0x0000
core   0: 0x800057a0 (0x5f403d13) sltiu   s10, zero, 1524
core   0: 3 0x800057a0 (0x5f403d13) x26 0x00000001
core   0: 0x800057a4 (0x00000013) nop
core   0: 3 0x800057a4 (0x00000013)
core   0: 0x800057a8 (0x05f48123) sb      t6, 66(s1)
core   0: 3 0x800057a8 (0x05f48123) mem 0x80022ab7 0x0
core   0: 0x800057ac (0x00015217) auipc   tp, 0x15
core   0: 3 0x800057ac (0x00015217) x 4 0x8001a7ac
core   0: 0x800057b0 (0x2d820213) addi    tp, tp, 728
core   0: 3 0x800057b0 (0x2d820213) x 4 0x8001aa84
core   0: 0x800057b4 (0xf9b20523) sb      s11, -118(tp)
core   0: 3 0x800057b4 (0xf9b20523) mem 0x8001aa0e 0x68
core   0: 0x800057b8 (0x01ce5033) srl     zero, t3, t3
core   0: 3 0x800057b8 (0x01ce5033)
core   0: 0x800057bc (0x0ab20983) lb      s3, 171(tp)
core   0: 3 0x800057bc (0x0ab20983) x19 0x00000000 mem 0x8001ab2f
core   0: 0x800057c0 (0x0000100f) fence.i
core   0: 3 0x800057c0 (0x0000100f)
core   0: 0x800057c4 (0x4e4fe893) ori     a7, t6, 1252
core   0: 3 0x800057c4 (0x4e4fe893) x17 0x000004e4
core   0: 0x800057c8 (0x03320403) lb      s0, 51(tp)
core   0: 3 0x800057c8 (0x03320403) x 8 0x00000000 mem 0x8001aab7
core   0: 0x800057cc (0x41af0633) sub     a2, t5, s10
core   0: 3 0x800057cc (0x41af0633) x12 0xe6758fff
core   0: 0x800057d0 (0x0f676e93) ori     t4, a4, 246
core   0: 3 0x800057d0 (0x0f676e93) x29 0x000000f6
core   0: 0x800057d4 (0x02621b03) lh      s6, 38(tp)
core   0: 3 0x800057d4 (0x02621b03) x22 0x00000000 mem 0x8001aaaa
core   0: 0x800057d8 (0xfc025583) lhu     a1, -64(tp)
core   0: 3 0x800057d8 (0xfc025583) x11 0x00000000 mem 0x8001aa44
core   0: 0x800057dc (0x03f20083) lb      ra, 63(tp)
core   0: 3 0x800057dc (0x03f20083) x 1 0x00000000 mem 0x8001aac3
core   0: 0x800057e0 (0xfe624f83) lbu     t6, -26(tp)
core   0: 3 0x800057e0 (0xfe624f83) x31 0x00000000 mem 0x8001aa6a
core   0: 0x800057e4 (0x5929d2b7) lui     t0, 0x5929d
core   0: 3 0x800057e4 (0x5929d2b7) x 5 0x5929d000
core   0: 0x800057e8 (0x001b5c93) srli    s9, s6, 1
core   0: 3 0x800057e8 (0x001b5c93) x25 0x00000000
core   0: 0x800057ec (0x07a20ea3) sb      s10, 125(tp)
core   0: 3 0x800057ec (0x07a20ea3) mem 0x8001ab01 0x1
core   0: 0x800057f0 (0xfb020a83) lb      s5, -80(tp)
core   0: 3 0x800057f0 (0xfb020a83) x21 0x00000000 mem 0x8001aa34
core   0: 0x800057f4 (0x06dba993) slti    s3, s7, 109
core   0: 3 0x800057f4 (0x06dba993) x19 0x00000001
core   0: 0x800057f8 (0x0f022023) sw      a6, 224(tp)
core   0: 3 0x800057f8 (0x0f022023) mem 0x8001ab64 0xe6759000
core   0: 0x800057fc (0x14647713) andi    a4, s0, 326
core   0: 3 0x800057fc (0x14647713) x14 0x00000000
core   0: 0x80005800 (0x0e420a03) lb      s4, 228(tp)
core   0: 3 0x80005800 (0x0e420a03) x20 0x00000000 mem 0x8001ab68
core   0: 0x80005804 (0x4015d293) srai    t0, a1, 1
core   0: 3 0x80005804 (0x4015d293) x 5 0x00000000
core   0: 0x80005808 (0x51e64893) xori    a7, a2, 1310
core   0: 3 0x80005808 (0x51e64893) x17 0xe6758ae1
core   0: 0x8000580c (0x0ff0000f) fence   iorw,iorw
core   0: 3 0x8000580c (0x0ff0000f)
core   0: 0x80005810 (0xc5bcac17) auipc   s8, 0xc5bca
core   0: 3 0x80005810 (0xc5bcac17) x24 0x45bcf810
core   0: 0x80005814 (0x0e424b03) lbu     s6, 228(tp)
core   0: 3 0x80005814 (0x0e424b03) x22 0x00000000 mem 0x8001ab68
core   0: 0x80005818 (0xfe120083) lb      ra, -31(tp)
core   0: 3 0x80005818 (0xfe120083) x 1 0x00000000 mem 0x8001aa65
core   0: 0x8000581c (0x0f324e03) lbu     t3, 243(tp)
core   0: 3 0x8000581c (0x0f324e03) x28 0x00000000 mem 0x8001ab77
core   0: 0x80005820 (0xf0b20d23) sb      a1, -230(tp)
core   0: 3 0x80005820 (0xf0b20d23) mem 0x8001a99e 0x0
core   0: 0x80005824 (0x3b460a97) auipc   s5, 0x3b460
core   0: 3 0x80005824 (0x3b460a97) x21 0xbb465824
core   0: 0x80005828 (0xf4225003) lhu     zero, -190(tp)
core   0: 3 0x80005828 (0xf4225003) mem 0x8001a9c6
core   0: 0x8000582c (0x40e80fb3) sub     t6, a6, a4
core   0: 3 0x8000582c (0x40e80fb3) x31 0xe6759000
core   0: 0x80005830 (0x04b22023) sw      a1, 64(tp)
core   0: 3 0x80005830 (0x04b22023) mem 0x8001aac4 0x00000000
core   0: 0x80005834 (0x04e24303) lbu     t1, 78(tp)
core   0: 3 0x80005834 (0x04e24303) x 6 0x00000000 mem 0x8001aad2
core   0: 0x80005838 (0x00b81413) slli    s0, a6, 11
core   0: 3 0x80005838 (0x00b81413) x 8 0xac800000
core   0: 0x8000583c (0x00e74933) xor     s2, a4, a4
core   0: 3 0x8000583c (0x00e74933) x18 0x00000000
core   0: 0x80005840 (0x01d544b3) xor     s1, a0, t4
core   0: 3 0x80005840 (0x01d544b3) x 9 0x8002ec12
core   0: 0x80005844 (0x00000013) nop
core   0: 3 0x80005844 (0x00000013)
core   0: 0x80005848 (0x01c1adb3) slt     s11, gp, t3
core   0: 3 0x80005848 (0x01c1adb3) x27 0x00000001
core   0: 0x8000584c (0x02f20c03) lb      s8, 47(tp)
core   0: 3 0x8000584c (0x02f20c03) x24 0x00000000 mem 0x8001aab3
core   0: 0x80005850 (0x00000013) nop
core   0: 3 0x80005850 (0x00000013)
core   0: 0x80005854 (0x0ff0000f) fence   iorw,iorw
core   0: 3 0x80005854 (0x0ff0000f)
core   0: 0x80005858 (0xa652ee93) ori     t4, t0, -1435
core   0: 3 0x80005858 (0xa652ee93) x29 0xfffffa65
core   0: 0x8000585c (0x05e25803) lhu     a6, 94(tp)
core   0: 3 0x8000585c (0x05e25803) x16 0x00000000 mem 0x8001aae2
core   0: 0x80005860 (0xf8820ea3) sb      s0, -99(tp)
core   0: 3 0x80005860 (0xf8820ea3) mem 0x8001aa21 0x0
core   0: 0x80005864 (0x72c60a93) addi    s5, a2, 1836
core   0: 3 0x80005864 (0x72c60a93) x21 0xe675972b
core   0: 0x80005868 (0xdd563093) sltiu   ra, a2, -555
core   0: 3 0x80005868 (0xdd563093) x 1 0x00000001
core   0: 0x8000586c (0x00da1793) slli    a5, s4, 13
core   0: 3 0x8000586c (0x00da1793) x15 0x00000000
core   0: 0x80005870 (0xfdb24e03) lbu     t3, -37(tp)
core   0: 3 0x80005870 (0xfdb24e03) x28 0x00000000 mem 0x8001aa5f
core   0: 0x80005874 (0x00fa56b3) srl     a3, s4, a5
core   0: 3 0x80005874 (0x00fa56b3) x13 0x00000000
core   0: 0x80005878 (0xfbd24183) lbu     gp, -67(tp)
core   0: 3 0x80005878 (0xfbd24183) x 3 0x00000000 mem 0x8001aa41
core   0: 0x8000587c (0x05621f83) lh      t6, 86(tp)
core   0: 3 0x8000587c (0x05621f83) x31 0x00000000 mem 0x8001aada
core   0: 0x80005880 (0x0198dfb3) srl     t6, a7, s9
core   0: 3 0x80005880 (0x0198dfb3) x31 0xe6758ae1
core   0: 0x80005884 (0x40f983b3) sub     t2, s3, a5
core   0: 3 0x80005884 (0x40f983b3) x 7 0x00000001
core   0: 0x80005888 (0xef894693) xori    a3, s2, -264
core   0: 3 0x80005888 (0xef894693) x13 0xfffffef8
core   0: 0x8000588c (0x003721b3) slt     gp, a4, gp
core   0: 3 0x8000588c (0x003721b3) x 3 0x00000000
core   0: 0x80005890 (0x40b55e33) sra     t3, a0, a1
core   0: 3 0x80005890 (0x40b55e33) x28 0x8002ece4
core   0: 0x80005894 (0x01d1f233) and     tp, gp, t4
core   0: 3 0x80005894 (0x01d1f233) x 4 0x00000000
core   0: 0x80005898 (0x00037833) and     a6, t1, zero
core   0: 3 0x80005898 (0x00037833) x16 0x00000000
core   0: 0x8000589c (0x1efc5e97) auipc   t4, 0x1efc5
core   0: 3 0x8000589c (0x1efc5e97) x29 0x9efca89c
core   0: 0x800058a0 (0x015dacb3) slt     s9, s11, s5
core   0: 3 0x800058a0 (0x015dacb3) x25 0x00000000
core   0: 0x800058a4 (0x00c55b13) srli    s6, a0, 12
core   0: 3 0x800058a4 (0x00c55b13) x22 0x0008002e
core   0: 0x800058a8 (0x00002697) auipc   a3, 0x2
core   0: 3 0x800058a8 (0x00002697) x13 0x800078a8
core   0: 0x800058ac (0x20868693) addi    a3, a3, 520
core   0: 3 0x800058ac (0x20868693) x13 0x80007ab0
core   0: 0x800058b0 (0x408ed233) sra     tp, t4, s0
core   0: 3 0x800058b0 (0x408ed233) x 4 0x9efca89c
core   0: 0x800058b4 (0xdf068693) addi    a3, a3, -528
core   0: 3 0x800058b4 (0xdf068693) x13 0x800078a0
core   0: 0x800058b8 (0x00bd4ab3) xor     s5, s10, a1
core   0: 3 0x800058b8 (0x00bd4ab3) x21 0x00000001
core   0: 0x800058bc (0x69193593) sltiu   a1, s2, 1681
core   0: 3 0x800058bc (0x69193593) x11 0x00000001
core   0: 0x800058c0 (0x01cf40b3) xor     ra, t5, t3
core   0: 3 0x800058c0 (0x01cf40b3) x 1 0x66777ce4
core   0: 0x800058c4 (0x00000013) nop
core   0: 3 0x800058c4 (0x00000013)
core   0: 0x800058c8 (0x009dc1b3) xor     gp, s11, s1
core   0: 3 0x800058c8 (0x009dc1b3) x 3 0x8002ec13
core   0: 0x800058cc (0x007c0eb3) add     t4, s8, t2
core   0: 3 0x800058cc (0x007c0eb3) x29 0x00000001
core   0: 0x800058d0 (0x21068367) jalr    t1, a3, 528
core   0: 3 0x800058d0 (0x21068367) x 6 0x800058d4
core   0: 0x80007ab0 (0x004ed863) bge     t4, tp, pc + 16
core   0: 3 0x80007ab0 (0x004ed863)
core   0: 0x80007ac0 (0xfd410113) addi    sp, sp, -44
core   0: 3 0x80007ac0 (0xfd410113) x 2 0x8002ae38
core   0: 0x80007ac4 (0x40c701b3) sub     gp, a4, a2
core   0: 3 0x80007ac4 (0x40c701b3) x 3 0x198a7001
core   0: 0x80007ac8 (0x00612223) sw      t1, 4(sp)
core   0: 3 0x80007ac8 (0x00612223) mem 0x8002ae3c 0x800058d4
core   0: 0x80007acc (0x01015833) srl     a6, sp, a6
core   0: 3 0x80007acc (0x01015833) x16 0x8002ae38
core   0: 0x80007ad0 (0x015e3c33) sltu    s8, t3, s5
core   0: 3 0x80007ad0 (0x015e3c33) x24 0x00000000
core   0: 0x80007ad4 (0x0000ea17) auipc   s4, 0xe
core   0: 3 0x80007ad4 (0x0000ea17) x20 0x80015ad4
core   0: 0x80007ad8 (0x0dda0a13) addi    s4, s4, 221
core   0: 3 0x80007ad8 (0x0dda0a13) x20 0x80015bb1
core   0: 0x80007adc (0x00000013) nop
core   0: 3 0x80007adc (0x00000013)
core   0: 0x80007ae0 (0xf39a0e23) sb      s9, -196(s4)
core   0: 3 0x80007ae0 (0xf39a0e23) mem 0x80015aed 0x0
core   0: 0x80007ae4 (0x0d4a0403) lb      s0, 212(s4)
core   0: 3 0x80007ae4 (0x0d4a0403) x 8 0xffffffff mem 0x80015c85
core   0: 0x80007ae8 (0x4b8da713) slti    a4, s11, 1208
core   0: 3 0x80007ae8 (0x4b8da713) x14 0x00000001
core   0: 0x80007aec (0xa4992193) slti    gp, s2, -1463
core   0: 3 0x80007aec (0xa4992193) x 3 0x00000000
core   0: 0x80007af0 (0xf3ba0a23) sb      s11, -204(s4)
core   0: 3 0x80007af0 (0xf3ba0a23) mem 0x80015ae5 0x1
core   0: 0x80007af4 (0xffa42a93) slti    s5, s0, -6
core   0: 3 0x80007af4 (0xffa42a93) x21 0x00000000
core   0: 0x80007af8 (0x01dd89b3) add     s3, s11, t4
core   0: 3 0x80007af8 (0x01dd89b3) x19 0x00000002
core   0: 0x80007afc (0x074a4203) lbu     tp, 116(s4)
core   0: 3 0x80007afc (0x074a4203) x 4 0x00000000 mem 0x80015c25
core   0: 0x80007b00 (0xf4aa0e23) sb      a0, -164(s4)
core   0: 3 0x80007b00 (0xf4aa0e23) mem 0x80015b0d 0xe4
core   0: 0x80007b04 (0x00ef0933) add     s2, t5, a4
core   0: 3 0x80007b04 (0x00ef0933) x18 0xe6759001
core   0: 0x80007b08 (0x064a4d03) lbu     s10, 100(s4)
core   0: 3 0x80007b08 (0x064a4d03) x26 0x00000000 mem 0x80015c15
core   0: 0x80007b0c (0x021a5903) lhu     s2, 33(s4)
core   0: 3 0x80007b0c (0x021a5903) x18 0x00000000 mem 0x80015bd2
core   0: 0x80007b10 (0x0e7a0c23) sb      t2, 248(s4)
core   0: 3 0x80007b10 (0x0e7a0c23) mem 0x80015ca9 0x1
core   0: 0x80007b14 (0xf2da4d03) lbu     s10, -211(s4)
core   0: 3 0x80007b14 (0xf2da4d03) x26 0x00000000 mem 0x80015ade
core   0: 0x80007b18 (0xf4da4483) lbu     s1, -179(s4)
core   0: 3 0x80007b18 (0xf4da4483) x 9 0x00000000 mem 0x80015afe
core   0: 0x80007b1c (0x00000013) nop
core   0: 3 0x80007b1c (0x00000013)
core   0: 0x80007b20 (0x00c4dfb3) srl     t6, s1, a2
core   0: 3 0x80007b20 (0x00c4dfb3) x31 0x00000000
core   0: 0x80007b24 (0x00000013) nop
core   0: 3 0x80007b24 (0x00000013)
core   0: 0x80007b28 (0x01111eb3) sll     t4, sp, a7
core   0: 3 0x80007b28 (0x01111eb3) x29 0x00055c70
core   0: 0x80007b2c (0xffea4f83) lbu     t6, -2(s4)
core   0: 3 0x80007b2c (0xffea4f83) x31 0x00000000 mem 0x80015baf
core   0: 0x80007b30 (0x0044e7b3) or      a5, s1, tp
core   0: 3 0x80007b30 (0x0044e7b3) x15 0x00000000
core   0: 0x80007b34 (0x08fa0c23) sb      a5, 152(s4)
core   0: 3 0x80007b34 (0x08fa0c23) mem 0x80015c49 0x0
core   0: 0x80007b38 (0xda58cf13) xori    t5, a7, -603
core   0: 3 0x80007b38 (0xda58cf13) x30 0x198a7744
core   0: 0x80007b3c (0x19cc5317) auipc   t1, 0x19cc5
core   0: 3 0x80007b3c (0x19cc5317) x 6 0x99cccb3c
core   0: 0x80007b40 (0xa752cf93) xori    t6, t0, -1419
core   0: 3 0x80007b40 (0xa752cf93) x31 0xfffffa75
core   0: 0x80007b44 (0x0000100f) fence.i
core   0: 3 0x80007b44 (0x0000100f)
core   0: 0x80007b48 (0x01489813) slli    a6, a7, 20
core   0: 3 0x80007b48 (0x01489813) x16 0xae100000
core   0: 0x80007b4c (0x0172efb3) or      t6, t0, s7
core   0: 3 0x80007b4c (0x0172efb3) x31 0xd1eeaab3
core   0: 0x80007b50 (0x01a68733) add     a4, a3, s10
core   0: 3 0x80007b50 (0x01a68733) x14 0x800078a0
core   0: 0x80007b54 (0xf45a5283) lhu     t0, -187(s4)
core   0: 3 0x80007b54 (0xf45a5283) x 5 0x00000000 mem 0x80015af6
core   0: 0x80007b58 (0x013e80b3) add     ra, t4, s3
core   0: 3 0x80007b58 (0x013e80b3) x 1 0x00055c72
core   0: 0x80007b5c (0x07da4703) lbu     a4, 125(s4)
core   0: 3 0x80007b5c (0x07da4703) x14 0x00000000 mem 0x80015c2e
core   0: 0x80007b60 (0x405d0b33) sub     s6, s10, t0
core   0: 3 0x80007b60 (0x405d0b33) x22 0x00000000
core   0: 0x80007b64 (0x00000013) nop
core   0: 3 0x80007b64 (0x00000013)
core   0: 0x80007b68 (0x04ca4f03) lbu     t5, 76(s4)
core   0: 3 0x80007b68 (0x04ca4f03) x30 0x00000000 mem 0x80015bfd
core   0: 0x80007b6c (0xf6da12a3) sh      a3, -155(s4)
core   0: 3 0x80007b6c (0xf6da12a3) mem 0x80015b16 0x78a0
core   0: 0x80007b70 (0xfe4a4003) lbu     zero, -28(s4)
core   0: 3 0x80007b70 (0xfe4a4003) mem 0x80015b95
core   0: 0x80007b74 (0x0ff0000f) fence   iorw,iorw
core   0: 3 0x80007b74 (0x0ff0000f)
core   0: 0x80007b78 (0x656c1937) lui     s2, 0x656c1
core   0: 3 0x80007b78 (0x656c1937) x18 0x656c1000
core   0: 0x80007b7c (0xfa6a0523) sb      t1, -86(s4)
core   0: 3 0x80007b7c (0xfa6a0523) mem 0x80015b5b 0x3c
core   0: 0x80007b80 (0xffca0003) lb      zero, -4(s4)
core   0: 3 0x80007b80 (0xffca0003) mem 0x80015bad
core   0: 0x80007b84 (0x8ebefc13) andi    s8, t4, -1813
core   0: 3 0x80007b84 (0x8ebefc13) x24 0x00055860
core   0: 0x80007b88 (0x00da0983) lb      s3, 13(s4)
core   0: 3 0x80007b88 (0x00da0983) x19 0x00000000 mem 0x80015bbe
core   0: 0x80007b8c (0xaaddb693) sltiu   a3, s11, -1363
core   0: 3 0x80007b8c (0xaaddb693) x13 0x00000001
core   0: 0x80007b90 (0x41570433) sub     s0, a4, s5
core   0: 3 0x80007b90 (0x41570433) x 8 0x00000000
core   0: 0x80007b94 (0x0ff0000f) fence   iorw,iorw
core   0: 3 0x80007b94 (0x0ff0000f)
core   0: 0x80007b98 (0x0192b833) sltu    a6, t0, s9
core   0: 3 0x80007b98 (0x0192b833) x16 0x00000000
core   0: 0x80007b9c (0xfb5a1583) lh      a1, -75(s4)
core   0: 3 0x80007b9c (0xfb5a1583) x11 0x00000000 mem 0x80015b66
core   0: 0x80007ba0 (0x41298733) sub     a4, s3, s2
core   0: 3 0x80007ba0 (0x41298733) x14 0x9a93f000
core   0: 0x80007ba4 (0x0ff0000f) fence   iorw,iorw
core   0: 3 0x80007ba4 (0x0ff0000f)
core   0: 0x80007ba8 (0x044a0583) lb      a1, 68(s4)
core   0: 3 0x80007ba8 (0x044a0583) x11 0x00000000 mem 0x80015bf5
core   0: 0x80007bac (0x0000e197) auipc   gp, 0xe
core   0: 3 0x80007bac (0x0000e197) x 3 0x80015bac
core   0: 0x80007bb0 (0xffe18193) addi    gp, gp, -2
core   0: 3 0x80007bb0 (0xffe18193) x 3 0x80015baa
core   0: 0x80007bb4 (0x0121a003) lw      zero, 18(gp)
core   0: 3 0x80007bb4 (0x0121a003) mem 0x80015bbc
core   0: 0x80007bb8 (0x03818583) lb      a1, 56(gp)
core   0: 3 0x80007bb8 (0x03818583) x11 0x00000000 mem 0x80015be2
core   0: 0x80007bbc (0x021186a3) sb      ra, 45(gp)
core   0: 3 0x80007bbc (0x021186a3) mem 0x80015bd7 0x72
core   0: 0x80007bc0 (0xfdf1cb03) lbu     s6, -33(gp)
core   0: 3 0x80007bc0 (0xfdf1cb03) x22 0x00000000 mem 0x80015b89
core   0: 0x80007bc4 (0xa3e6f013) andi    zero, a3, -1474
core   0: 3 0x80007bc4 (0xa3e6f013)
core   0: 0x80007bc8 (0x01318983) lb      s3, 19(gp)
core   0: 3 0x80007bc8 (0x01318983) x19 0x00000000 mem 0x80015bbd
core   0: 0x80007bcc (0x01579a93) slli    s5, a5, 21
core   0: 3 0x80007bcc (0x01579a93) x21 0x00000000
core   0: 0x80007bd0 (0xd7064217) auipc   tp, 0xd7064
core   0: 3 0x80007bd0 (0xd7064217) x 4 0x5706bbd0
core   0: 0x80007bd4 (0x0051c903) lbu     s2, 5(gp)
core   0: 3 0x80007bd4 (0x0051c903) x18 0x00000000 mem 0x80015baf
core   0: 0x80007bd8 (0x018889b3) add     s3, a7, s8
core   0: 3 0x80007bd8 (0x018889b3) x19 0xe67ae341
core   0: 0x80007bdc (0x02118ea3) sb      ra, 61(gp)
core   0: 3 0x80007bdc (0x02118ea3) mem 0x80015be7 0x72
core   0: 0x80007be0 (0xfc8180a3) sb      s0, -63(gp)
core   0: 3 0x80007be0 (0xfc8180a3) mem 0x80015b6b 0x0
core   0: 0x80007be4 (0x002c5693) srli    a3, s8, 2
core   0: 3 0x80007be4 (0x002c5693) x13 0x00015618
core   0: 0x80007be8 (0xfd918a23) sb      s9, -44(gp)
core   0: 3 0x80007be8 (0xfd918a23) mem 0x80015b7e 0x0
core   0: 0x80007bec (0x00118e23) sb      ra, 28(gp)
core   0: 3 0x80007bec (0x00118e23) mem 0x80015bc6 0x72
core   0: 0x80007bf0 (0xffd18d23) sb      t4, -6(gp)
core   0: 3 0x80007bf0 (0xffd18d23) mem 0x80015ba4 0x70
core   0: 0x80007bf4 (0x0000100f) fence.i
core   0: 3 0x80007bf4 (0x0000100f)
core   0: 0x80007bf8 (0x00118aa3) sb      ra, 21(gp)
core   0: 3 0x80007bf8 (0x00118aa3) mem 0x80015bbf 0x72
core   0: 0x80007bfc (0x02d1c903) lbu     s2, 45(gp)
core   0: 3 0x80007bfc (0x02d1c903) x18 0x00000072 mem 0x80015bd7
core   0: 0x80007c00 (0x032186a3) sb      s2, 45(gp)
core   0: 3 0x80007c00 (0x032186a3) mem 0x80015bd7 0x72
core   0: 0x80007c04 (0xfcf18703) lb      a4, -49(gp)
core   0: 3 0x80007c04 (0xfcf18703) x14 0x00000000 mem 0x80015b79
core   0: 0x80007c08 (0x03b18283) lb      t0, 59(gp)
core   0: 3 0x80007c08 (0x03b18283) x 5 0x00000000 mem 0x80015be5
core   0: 0x80007c0c (0xfc11ab23) sw      ra, -42(gp)
core   0: 3 0x80007c0c (0xfc11ab23) mem 0x80015b80 0x00055c72
core   0: 0x80007c10 (0x02218123) sb      sp, 34(gp)
core   0: 3 0x80007c10 (0x02218123) mem 0x80015bcc 0x38
core   0: 0x80007c14 (0x038184a3) sb      s8, 41(gp)
core   0: 3 0x80007c14 (0x038184a3) mem 0x80015bd3 0x60
core   0: 0x80007c18 (0x81ccfc13) andi    s8, s9, -2020
core   0: 3 0x80007c18 (0x81ccfc13) x24 0x00000000
core   0: 0x80007c1c (0x0131ce83) lbu     t4, 19(gp)
core   0: 3 0x80007c1c (0x0131ce83) x29 0x00000000 mem 0x80015bbd
core   0: 0x80007c20 (0xb53a7017) auipc   zero, 0xb53a7
core   0: 3 0x80007c20 (0xb53a7017)
core   0: 0x80007c24 (0x0291c383) lbu     t2, 41(gp)
core   0: 3 0x80007c24 (0x0291c383) x 7 0x00000060 mem 0x80015bd3
core   0: 0x80007c28 (0x0000100f) fence.i
core   0: 3 0x80007c28 (0x0000100f)
core   0: 0x80007c2c (0xfec180a3) sb      a2, -31(gp)
core   0: 3 0x80007c2c (0xfec180a3) mem 0x80015b8b 0xff
core   0: 0x80007c30 (0x40a8db13) srai    s6, a7, 10
core   0: 3 0x80007c30 (0x40a8db13) x22 0xfff99d62
core   0: 0x80007c34 (0xfc518da3) sb      t0, -37(gp)
core   0: 3 0x80007c34 (0xfc518da3) mem 0x80015b85 0x0
core   0: 0x80007c38 (0x003088b3) add     a7, ra, gp
core   0: 3 0x80007c38 (0x003088b3) x17 0x8006b81c
core   0: 0x80007c3c (0xfc91ca83) lbu     s5, -55(gp)
core   0: 3 0x80007c3c (0xfc91ca83) x21 0x00000080 mem 0x80015b73
core   0: 0x80007c40 (0xb28ca293) slti    t0, s9, -1240
core   0: 3 0x80007c40 (0xb28ca293) x 5 0x00000000
core   0: 0x80007c44 (0x0121cc83) lbu     s9, 18(gp)
core   0: 3 0x80007c44 (0x0121cc83) x25 0x00000000 mem 0x80015bbc
core   0: 0x80007c48 (0x01176433) or      s0, a4, a7
core   0: 3 0x80007c48 (0x01176433) x 8 0x8006b81c
core   0: 0x80007c4c (0x01118ba3) sb      a7, 23(gp)
core   0: 3 0x80007c4c (0x01118ba3) mem 0x80015bc1 0x1c
core   0: 0x80007c50 (0x05918023) sb      s9, 64(gp)
core   0: 3 0x80007c50 (0x05918023) mem 0x80015bea 0x0
core   0: 0x80007c54 (0x0144a0b3) slt     ra, s1, s4
core   0: 3 0x80007c54 (0x0144a0b3) x 1 0x00000000
core   0: 0x80007c58 (0xfee18923) sb      a4, -14(gp)
core   0: 3 0x80007c58 (0xfee18923) mem 0x80015b9c 0x0
core   0: 0x80007c5c (0xfc81c603) lbu     a2, -56(gp)
core   0: 3 0x80007c5c (0xfc81c603) x12 0x00000002 mem 0x80015b72
core   0: 0x80007c60 (0x0000ec97) auipc   s9, 0xe
core   0: 3 0x80007c60 (0x0000ec97) x25 0x80015c60
core   0: 0x80007c64 (0xe7cc8c93) addi    s9, s9, -388
core   0: 3 0x80007c64 (0xe7cc8c93) x25 0x80015adc
core   0: 0x80007c68 (0x406fddb3) sra     s11, t6, t1
core   0: 3 0x80007c68 (0x406fddb3) x27 0xfffffffd
core   0: 0x80007c6c (0x0000100f) fence.i
core   0: 3 0x80007c6c (0x0000100f)
core   0: 0x80007c70 (0x00fb81b3) add     gp, s7, a5
core   0: 3 0x80007c70 (0x00fb81b3) x 3 0xd1eeaab3
core   0: 0x80007c74 (0xdc5cc903) lbu     s2, -571(s9)
core   0: 3 0x80007c74 (0xdc5cc903) x18 0x00000000 mem 0x800158a1
core   0: 0x80007c78 (0x3a4c1997) auipc   s3, 0x3a4c1
core   0: 3 0x80007c78 (0x3a4c1997) x19 0xba4c8c78
core   0: 0x80007c7c (0x51ecc303) lbu     t1, 1310(s9)
core   0: 3 0x80007c7c (0x51ecc303) x 6 0x00000000 mem 0x80015ffa
core   0: 0x80007c80 (0xfa6c9a03) lh      s4, -90(s9)
core   0: 3 0x80007c80 (0xfa6c9a03) x20 0x00000000 mem 0x80015a82
core   0: 0x80007c84 (0x01bada13) srli    s4, s5, 27
core   0: 3 0x80007c84 (0x01bada13) x20 0x00000000
core   0: 0x80007c88 (0x8c224f13) xori    t5, tp, -1854
core   0: 3 0x80007c88 (0x8c224f13) x30 0xa8f94312
core   0: 0x80007c8c (0x4197d3b3) sra     t2, a5, s9
core   0: 3 0x80007c8c (0x4197d3b3) x 7 0x00000000
core   0: 0x80007c90 (0x004709b3) add     s3, a4, tp
core   0: 3 0x80007c90 (0x004709b3) x19 0x5706bbd0
core   0: 0x80007c94 (0xb42cde03) lhu     t3, -1214(s9)
core   0: 3 0x80007c94 (0xb42cde03) x28 0x00000000 mem 0x8001561e
core   0: 0x80007c98 (0x01183433) sltu    s0, a6, a7
core   0: 3 0x80007c98 (0x01183433) x 8 0x00000001
core   0: 0x80007c9c (0x010d4db3) xor     s11, s10, a6
core   0: 3 0x80007c9c (0x010d4db3) x27 0x00000000
core   0: 0x80007ca0 (0x001e1d93) slli    s11, t3, 1
core   0: 3 0x80007ca0 (0x001e1d93) x27 0x00000000
core   0: 0x80007ca4 (0x0148cfb3) xor     t6, a7, s4
core   0: 3 0x80007ca4 (0x0148cfb3) x31 0x8006b81c
core   0: 0x80007ca8 (0x01a836b3) sltu    a3, a6, s10
core   0: 3 0x80007ca8 (0x01a836b3) x13 0x00000000
core   0: 0x80007cac (0x019909b3) add     s3, s2, s9
core   0: 3 0x80007cac (0x019909b3) x19 0x80015adc
core   0: 0x80007cb0 (0xb84c8b23) sb      tp, -1130(s9)
core   0: 3 0x80007cb0 (0xb84c8b23) mem 0x80015672 0xd0
core   0: 0x80007cb4 (0x9a4c9883) lh      a7, -1628(s9)
core   0: 3 0x80007cb4 (0x9a4c9883) x17 0xffffae64 mem 0x80015480
core   0: 0x80007cb8 (0x401c9d23) sh      ra, 1050(s9)
core   0: 3 0x80007cb8 (0x401c9d23) mem 0x80015ef6 0x0000
core   0: 0x80007cbc (0x40584e93) xori    t4, a6, 1029
core   0: 3 0x80007cbc (0x40584e93) x29 0x00000405
core   0: 0x80007cc0 (0x183c8703) lb      a4, 387(s9)
core   0: 3 0x80007cc0 (0x183c8703) x14 0x00000000 mem 0x80015c5f
core   0: 0x80007cc4 (0xc1bc8303) lb      t1, -997(s9)
core   0: 3 0x80007cc4 (0xc1bc8303) x 6 0x00000000 mem 0x800156f7
core   0: 0x80007cc8 (0xf08cc283) lbu     t0, -248(s9)
core   0: 3 0x80007cc8 (0xf08cc283) x 5 0x00000000 mem 0x800159e4
core   0: 0x80007ccc (0xafec9983) lh      s3, -1282(s9)
core   0: 3 0x80007ccc (0xafec9983) x19 0x00000000 mem 0x800155da
core   0: 0x80007cd0 (0xacdcc083) lbu     ra, -1331(s9)
core   0: 3 0x80007cd0 (0xacdcc083) x 1 0x00000000 mem 0x800155a9
core   0: 0x80007cd4 (0x0ff0000f) fence   iorw,iorw
core   0: 3 0x80007cd4 (0x0ff0000f)
core   0: 0x80007cd8 (0x87737b13) andi    s6, t1, -1929
core   0: 3 0x80007cd8 (0x87737b13) x22 0x00000000
core   0: 0x80007cdc (0x8ebcc983) lbu     s3, -1813(s9)
core   0: 3 0x80007cdc (0x8ebcc983) x19 0x00000000 mem 0x800153c7
core   0: 0x80007ce0 (0xd6dc9b23) sh      a3, -650(s9)
core   0: 3 0x80007ce0 (0xd6dc9b23) mem 0x80015852 0x0000
core   0: 0x80007ce4 (0x40ac85a3) sb      a0, 1035(s9)
core   0: 3 0x80007ce4 (0x40ac85a3) mem 0x80015ee7 0xe4
core   0: 0x80007ce8 (0x010cbf33) sltu    t5, s9, a6
core   0: 3 0x80007ce8 (0x010cbf33) x30 0x00000000
core   0: 0x80007cec (0x4b3ace93) xori    t4, s5, 1203
core   0: 3 0x80007cec (0x4b3ace93) x29 0x00000433
core   0: 0x80007cf0 (0x005cddb3) srl     s11, s9, t0
core   0: 3 0x80007cf0 (0x005cddb3) x27 0x80015adc
core   0: 0x80007cf4 (0xba1c80a3) sb      ra, -1119(s9)
core   0: 3 0x80007cf4 (0xba1c80a3) mem 0x8001567d 0x0
core   0: 0x80007cf8 (0x21d8e613) ori     a2, a7, 541
core   0: 3 0x80007cf8 (0x21d8e613) x12 0xffffae7d
core   0: 0x80007cfc (0xa2133893) sltiu   a7, t1, -1503
core   0: 3 0x80007cfc (0xa2133893) x17 0x00000001
core   0: 0x80007d00 (0x397ccb03) lbu     s6, 919(s9)
core   0: 3 0x80007d00 (0x397ccb03) x22 0x00000000 mem 0x80015e73
core   0: 0x80007d04 (0xbfccde03) lhu     t3, -1028(s9)
core   0: 3 0x80007d04 (0xbfccde03) x28 0x00000000 mem 0x800156d8
core   0: 0x80007d08 (0x00012817) auipc   a6, 0x12
core   0: 3 0x80007d08 (0x00012817) x16 0x80019d08
core   0: 0x80007d0c (0x38d80813) addi    a6, a6, 909
core   0: 3 0x80007d0c (0x38d80813) x16 0x8001a095
core   0: 0x80007d10 (0x01e724b3) slt     s1, a4, t5
core   0: 3 0x80007d10 (0x01e724b3) x 9 0x00000000
core   0: 0x80007d14 (0x07d85203) lhu     tp, 125(a6)
core   0: 3 0x80007d14 (0x07d85203) x 4 0x00000000 mem 0x8001a112
core   0: 0x80007d18 (0x018d72b3) and     t0, s10, s8
core   0: 3 0x80007d18 (0x018d72b3) x 5 0x00000000
core   0: 0x80007d1c (0x08681fa3) sh      t1, 159(a6)
core   0: 3 0x80007d1c (0x08681fa3) mem 0x8001a134 0x0000
core   0: 0x80007d20 (0xf5581403) lh      s0, -171(a6)
core   0: 3 0x80007d20 (0xf5581403) x 8 0x00000000 mem 0x80019fea
core   0: 0x80007d24 (0x01084303) lbu     t1, 16(a6)
core   0: 3 0x80007d24 (0x01084303) x 6 0x00000000 mem 0x8001a0a5
core   0: 0x80007d28 (0x03181d83) lh      s11, 49(a6)
core   0: 3 0x80007d28 (0x03181d83) x27 0x00000000 mem 0x8001a0c6
core   0: 0x80007d2c (0x0b080403) lb      s0, 176(a6)
core   0: 3 0x80007d2c (0x0b080403) x 8 0x00000000 mem 0x8001a145
core   0: 0x80007d30 (0xfad80603) lb      a2, -83(a6)
core   0: 3 0x80007d30 (0xfad80603) x12 0x00000000 mem 0x8001a042
core   0: 0x80007d34 (0xfd581283) lh      t0, -43(a6)
core   0: 3 0x80007d34 (0xfd581283) x 5 0x00000000 mem 0x8001a06a
core   0: 0x80007d38 (0x0b5806a3) sb      s5, 173(a6)
core   0: 3 0x80007d38 (0x0b5806a3) mem 0x8001a142 0x80
core   0: 0x80007d3c (0x00a709b3) add     s3, a4, a0
core   0: 3 0x80007d3c (0x00a709b3) x19 0x8002ece4
core   0: 0x80007d40 (0x41b85d13) srai    s10, a6, 27
core   0: 3 0x80007d40 (0x41b85d13) x26 0xfffffff0
core   0: 0x80007d44 (0x0f080f03) lb      t5, 240(a6)
core   0: 3 0x80007d44 (0x0f080f03) x30 0x00000000 mem 0x8001a185
core   0: 0x80007d48 (0xff780aa3) sb      s7, -11(a6)
core   0: 3 0x80007d48 (0xff780aa3) mem 0x8001a08a 0xb3
core   0: 0x80007d4c (0x004e8b33) add     s6, t4, tp
core   0: 3 0x80007d4c (0x004e8b33) x22 0x00000433
core   0: 0x80007d50 (0x3f32b193) sltiu   gp, t0, 1011
core   0: 3 0x80007d50 (0x3f32b193) x 3 0x00000001
core   0: 0x80007d54 (0x0fe800a3) sb      t5, 225(a6)
core   0: 3 0x80007d54 (0x0fe800a3) mem 0x8001a176 0x0
core   0: 0x80007d58 (0x00ca5f13) srli    t5, s4, 12
core   0: 3 0x80007d58 (0x00ca5f13) x30 0x00000000
core   0: 0x80007d5c (0xf1984703) lbu     a4, -231(a6)
core   0: 3 0x80007d5c (0xf1984703) x14 0x00000000 mem 0x80019fae
core   0: 0x80007d60 (0x011881b3) add     gp, a7, a7
core   0: 3 0x80007d60 (0x011881b3) x 3 0x00000002
core   0: 0x80007d64 (0x8fcd0d97) auipc   s11, 0x8fcd0
core   0: 3 0x80007d64 (0x8fcd0d97) x27 0x0fcd7d64
core   0: 0x80007d68 (0x08484a03) lbu     s4, 132(a6)
core   0: 3 0x80007d68 (0x08484a03) x20 0x00000000 mem 0x8001a119
core   0: 0x80007d6c (0xb96a4713) xori    a4, s4, -1130
core   0: 3 0x80007d6c (0xb96a4713) x14 0xfffffb96
core   0: 0x80007d70 (0x97732737) lui     a4, 0x97732
core   0: 3 0x80007d70 (0x97732737) x14 0x97732000
core   0: 0x80007d74 (0x0a580403) lb      s0, 165(a6)
core   0: 3 0x80007d74 (0x0a580403) x 8 0x00000000 mem 0x8001a13a
core   0: 0x80007d78 (0xf1480123) sb      s4, -254(a6)
core   0: 3 0x80007d78 (0xf1480123) mem 0x80019f97 0x0
core   0: 0x80007d7c (0x4d247713) andi    a4, s0, 1234
core   0: 3 0x80007d7c (0x4d247713) x14 0x00000000
core   0: 0x80007d80 (0xfc5816a3) sh      t0, -51(a6)
core   0: 3 0x80007d80 (0xfc5816a3) mem 0x8001a062 0x0000
core   0: 0x80007d84 (0x0961f217) auipc   tp, 0x961f
core   0: 3 0x80007d84 (0x0961f217) x 4 0x89626d84
core   0: 0x80007d88 (0xf5081ea3) sh      a6, -163(a6)
core   0: 3 0x80007d88 (0xf5081ea3) mem 0x80019ff2 0xa095
core   0: 0x80007d8c (0x00018317) auipc   t1, 0x18
core   0: 3 0x80007d8c (0x00018317) x 6 0x8001fd8c
core   0: 0x80007d90 (0x7a130313) addi    t1, t1, 1953
core   0: 3 0x80007d90 (0x7a130313) x 6 0x8002052d
core   0: 0x80007d94 (0x0e631aa3) sh      t1, 245(t1)
core   0: 3 0x80007d94 (0x0e631aa3) mem 0x80020622 0x052d
core   0: 0x80007d98 (0xfaafed97) auipc   s11, 0xfaafe
core   0: 3 0x80007d98 (0xfaafed97) x27 0x7ab05d98
core   0: 0x80007d9c (0x0f534783) lbu     a5, 245(t1)
core   0: 3 0x80007d9c (0x0f534783) x15 0x0000002d mem 0x80020622
core   0: 0x80007da0 (0xfcf32083) lw      ra, -49(t1)
core   0: 3 0x80007da0 (0xfcf32083) x 1 0x00000000 mem 0x800204fc
core   0: 0x80007da4 (0xf4335803) lhu     a6, -189(t1)
core   0: 3 0x80007da4 (0xf4335803) x16 0x00000000 mem 0x80020470
core   0: 0x80007da8 (0xfa730623) sb      t2, -84(t1)
core   0: 3 0x80007da8 (0xfa730623) mem 0x800204d9 0x0
core   0: 0x80007dac (0x0065c733) xor     a4, a1, t1
core   0: 3 0x80007dac (0x0065c733) x14 0x8002052d
core   0: 0x80007db0 (0x05d31b03) lh      s6, 93(t1)
core   0: 3 0x80007db0 (0x05d31b03) x22 0x00000000 mem 0x8002058a
core   0: 0x80007db4 (0xca93be93) sltiu   t4, t2, -855
core   0: 3 0x80007db4 (0xca93be93) x29 0x00000001
core   0: 0x80007db8 (0x04330ea3) sb      gp, 93(t1)
core   0: 3 0x80007db8 (0x04330ea3) mem 0x8002058a 0x2
core   0: 0x80007dbc (0x05d34183) lbu     gp, 93(t1)
core   0: 3 0x80007dbc (0x05d34183) x 3 0x00000002 mem 0x8002058a
core   0: 0x80007dc0 (0x05d30003) lb      zero, 93(t1)
core   0: 3 0x80007dc0 (0x05d30003) mem 0x8002058a
core   0: 0x80007dc4 (0xf1a30483) lb      s1, -230(t1)
core   0: 3 0x80007dc4 (0xf1a30483) x 9 0x00000000 mem 0x80020447
core   0: 0x80007dc8 (0x00cac433) xor     s0, s5, a2
core   0: 3 0x80007dc8 (0x00cac433) x 8 0x00000080
core   0: 0x80007dcc (0xf1a34003) lbu     zero, -230(t1)
core   0: 3 0x80007dcc (0xf1a34003) mem 0x80020447
core   0: 0x80007dd0 (0xf1534183) lbu     gp, -235(t1)
core   0: 3 0x80007dd0 (0xf1534183) x 3 0x00000000 mem 0x80020442
core   0: 0x80007dd4 (0xf1534203) lbu     tp, -235(t1)
core   0: 3 0x80007dd4 (0xf1534203) x 4 0x00000000 mem 0x80020442
core   0: 0x80007dd8 (0xf1531d03) lh      s10, -235(t1)
core   0: 3 0x80007dd8 (0xf1531d03) x26 0x00000000 mem 0x80020442
core   0: 0x80007ddc (0xf0031aa3) sh      zero, -235(t1)
core   0: 3 0x80007ddc (0xf0031aa3) mem 0x80020442 0x0000
core   0: 0x80007de0 (0xf1530f83) lb      t6, -235(t1)
core   0: 3 0x80007de0 (0xf1530f83) x31 0x00000000 mem 0x80020442
core   0: 0x80007de4 (0x09034203) lbu     tp, 144(t1)
core   0: 3 0x80007de4 (0x09034203) x 4 0x00000000 mem 0x800205bd
core   0: 0x80007de8 (0x09f30823) sb      t6, 144(t1)
core   0: 3 0x80007de8 (0x09f30823) mem 0x800205bd 0x0
core   0: 0x80007dec (0x00016197) auipc   gp, 0x16
core   0: 3 0x80007dec (0x00016197) x 3 0x8001ddec
core   0: 0x80007df0 (0xe8318193) addi    gp, gp, -381
core   0: 3 0x80007df0 (0xe8318193) x 3 0x8001dc6f
core   0: 0x80007df4 (0x00010f97) auipc   t6, 0x10
core   0: 3 0x80007df4 (0x00010f97) x31 0x80017df4
core   0: 0x80007df8 (0xe3ef8f93) addi    t6, t6, -450
core   0: 3 0x80007df8 (0xe3ef8f93) x31 0x80017c32
core   0: 0x80007dfc (0xfff18c23) sb      t6, -8(gp)
core   0: 3 0x80007dfc (0xfff18c23) mem 0x8001dc67 0x32
core   0: 0x80007e00 (0xffcfd583) lhu     a1, -4(t6)
core   0: 3 0x80007e00 (0xffcfd583) x11 0x00000000 mem 0x80017c2e
core   0: 0x80007e04 (0x00b19fa3) sh      a1, 31(gp)
core   0: 3 0x80007e04 (0x00b19fa3) mem 0x8001dc8e 0x0000
core   0: 0x80007e08 (0xfe618703) lb      a4, -26(gp)
core   0: 3 0x80007e08 (0xfe618703) x14 0x00000000 mem 0x8001dc55
core   0: 0x80007e0c (0x00017417) auipc   s0, 0x17
core   0: 3 0x80007e0c (0x00017417) x 8 0x8001ee0c
core   0: 0x80007e10 (0x48f40413) addi    s0, s0, 1167
core   0: 3 0x80007e10 (0x48f40413) x 8 0x8001f29b
core   0: 0x80007e14 (0xfe7197a3) sh      t2, -17(gp)
core   0: 3 0x80007e14 (0xfe7197a3) mem 0x8001dc5e 0x0000
core   0: 0x80007e18 (0x03c40003) lb      zero, 60(s0)
core   0: 3 0x80007e18 (0x03c40003) mem 0x8001f2d7
core   0: 0x80007e1c (0x00df8803) lb      a6, 13(t6)
core   0: 3 0x80007e1c (0x00df8803) x16 0x00000000 mem 0x80017c3f
core   0: 0x80007e20 (0x0341c003) lbu     zero, 52(gp)
core   0: 3 0x80007e20 (0x0341c003) mem 0x8001dca3
core   0: 0x80007e24 (0x007fc483) lbu     s1, 7(t6)
core   0: 3 0x80007e24 (0x007fc483) x 9 0x00000000 mem 0x80017c39
core   0: 0x80007e28 (0xff545803) lhu     a6, -11(s0)
core   0: 3 0x80007e28 (0xff545803) x16 0x00000000 mem 0x8001f290
core   0: 0x80007e2c (0x002f8983) lb      s3, 2(t6)
core   0: 3 0x80007e2c (0x002f8983) x19 0x00000000 mem 0x80017c34
core   0: 0x80007e30 (0x02744e83) lbu     t4, 39(s0)
core   0: 3 0x80007e30 (0x02744e83) x29 0x00000000 mem 0x8001f2c2
core   0: 0x80007e34 (0x00c18623) sb      a2, 12(gp)
core   0: 3 0x80007e34 (0x00c18623) mem 0x8001dc7b 0x0
core   0: 0x80007e38 (0xff8fd803) lhu     a6, -8(t6)
core   0: 3 0x80007e38 (0xff8fd803) x16 0x00000000 mem 0x80017c2a
core   0: 0x80007e3c (0xfc11cd03) lbu     s10, -63(gp)
core   0: 3 0x80007e3c (0xfc11cd03) x26 0x00000000 mem 0x8001dc30
core   0: 0x80007e40 (0x01618923) sb      s6, 18(gp)
core   0: 3 0x80007e40 (0x01618923) mem 0x8001dc81 0x0
core   0: 0x80007e44 (0xfcb40003) lb      zero, -53(s0)
core   0: 3 0x80007e44 (0xfcb40003) mem 0x8001f266
core   0: 0x80007e48 (0xfecf8a23) sb      a2, -12(t6)
core   0: 3 0x80007e48 (0xfecf8a23) mem 0x80017c26 0x0
core   0: 0x80007e4c (0xff71c383) lbu     t2, -9(gp)
core   0: 3 0x80007e4c (0xff71c383) x 7 0x00000000 mem 0x8001dc66
core   0: 0x80007e50 (0xfe9428a3) sw      s1, -15(s0)
core   0: 3 0x80007e50 (0xfe9428a3) mem 0x8001f28c 0x00000000
core   0: 0x80007e54 (0x0000f817) auipc   a6, 0xf
core   0: 3 0x80007e54 (0x0000f817) x16 0x80016e54
core   0: 0x80007e58 (0x1d280813) addi    a6, a6, 466
core   0: 3 0x80007e58 (0x1d280813) x16 0x80017026
core   0: 0x80007e5c (0xff280ba3) sb      s2, -9(a6)
core   0: 3 0x80007e5c (0xff280ba3) mem 0x8001701d 0x0
core   0: 0x80007e60 (0x40bd57b3) sra     a5, s10, a1
core   0: 3 0x80007e60 (0x40bd57b3) x15 0x00000000
core   0: 0x80007e64 (0x03184383) lbu     t2, 49(a6)
core   0: 3 0x80007e64 (0x03184383) x 7 0x00000000 mem 0x80017057
core   0: 0x80007e68 (0x02884603) lbu     a2, 40(a6)
core   0: 3 0x80007e68 (0x02884603) x12 0x00000000 mem 0x8001704e
core   0: 0x80007e6c (0x00082b23) sw      zero, 22(a6)
core   0: 3 0x80007e6c (0x00082b23) mem 0x8001703c 0x00000000
core   0: 0x80007e70 (0x02885003) lhu     zero, 40(a6)
core   0: 3 0x80007e70 (0x02885003) mem 0x8001704e
core   0: 0x80007e74 (0xfc584403) lbu     s0, -59(a6)
core   0: 3 0x80007e74 (0xfc584403) x 8 0x00000000 mem 0x80016feb
core   0: 0x80007e78 (0x01f80123) sb      t6, 2(a6)
core   0: 3 0x80007e78 (0x01f80123) mem 0x80017028 0x32
core   0: 0x80007e7c (0x00381723) sh      gp, 14(a6)
core   0: 3 0x80007e7c (0x00381723) mem 0x80017034 0xdc6f
core   0: 0x80007e80 (0x41de5393) srai    t2, t3, 29
core   0: 3 0x80007e80 (0x41de5393) x 7 0x00000000
core   0: 0x80007e84 (0x00a84483) lbu     s1, 10(a6)
core   0: 3 0x80007e84 (0x00a84483) x 9 0x00000000 mem 0x80017030
core   0: 0x80007e88 (0x01184383) lbu     t2, 17(a6)
core   0: 3 0x80007e88 (0x01184383) x 7 0x00000000 mem 0x80017037
core   0: 0x80007e8c (0x616ca213) slti    tp, s9, 1558
core   0: 3 0x80007e8c (0x616ca213) x 4 0x00000001
core   0: 0x80007e90 (0x02a82a03) lw      s4, 42(a6)
core   0: 3 0x80007e90 (0x02a82a03) x20 0x00000000 mem 0x80017050
core   0: 0x80007e94 (0x03184203) lbu     tp, 49(a6)
core   0: 3 0x80007e94 (0x03184203) x 4 0x00000000 mem 0x80017057
core   0: 0x80007e98 (0xbbb1c313) xori    t1, gp, -1093
core   0: 3 0x80007e98 (0xbbb1c313) x 6 0x7ffe27d4
core   0: 0x80007e9c (0xff880fa3) sb      s8, -1(a6)
core   0: 3 0x80007e9c (0xff880fa3) mem 0x80017025 0x0
core   0: 0x80007ea0 (0x4004dfb3) sra     t6, s1, zero
core   0: 3 0x80007ea0 (0x4004dfb3) x31 0x00000000
core   0: 0x80007ea4 (0x004b7733) and     a4, s6, tp
core   0: 3 0x80007ea4 (0x004b7733) x14 0x00000000
core   0: 0x80007ea8 (0x01e7e733) or      a4, a5, t5
core   0: 3 0x80007ea8 (0x01e7e733) x14 0x00000000
core   0: 0x80007eac (0xfc182723) sw      ra, -50(a6)
core   0: 3 0x80007eac (0xfc182723) mem 0x80016ff4 0x00000000
core   0: 0x80007eb0 (0x01a25913) srli    s2, tp, 26
core   0: 3 0x80007eb0 (0x01a25913) x18 0x00000000
core   0: 0x80007eb4 (0x03680703) lb      a4, 54(a6)
core   0: 3 0x80007eb4 (0x03680703) x14 0x00000000 mem 0x8001705c
core   0: 0x80007eb8 (0x41d4d933) sra     s2, s1, t4
core   0: 3 0x80007eb8 (0x41d4d933) x18 0x00000000
core   0: 0x80007ebc (0x4e2f0417) auipc   s0, 0x4e2f0
core   0: 3 0x80007ebc (0x4e2f0417) x 8 0xce2f7ebc
core   0: 0x80007ec0 (0x00499eb3) sll     t4, s3, tp
core   0: 3 0x80007ec0 (0x00499eb3) x29 0x00000000
core   0: 0x80007ec4 (0xfcd84283) lbu     t0, -51(a6)
core   0: 3 0x80007ec4 (0xfcd84283) x 5 0x00000000 mem 0x80016ff3
core   0: 0x80007ec8 (0x00000013) nop
core   0: 3 0x80007ec8 (0x00000013)
core   0: 0x80007ecc (0xfc080e23) sb      zero, -36(a6)
core   0: 3 0x80007ecc (0xfc080e23) mem 0x80017002 0x0
core   0: 0x80007ed0 (0xfc5801a3) sb      t0, -61(a6)
core   0: 3 0x80007ed0 (0xfc5801a3) mem 0x80016fe9 0x0
core   0: 0x80007ed4 (0x01e58333) add     t1, a1, t5
core   0: 3 0x80007ed4 (0x01e58333) x 6 0x00000000
core   0: 0x80007ed8 (0x011a5a93) srli    s5, s4, 17
core   0: 3 0x80007ed8 (0x011a5a93) x21 0x00000000
core   0: 0x80007edc (0x0ff0000f) fence   iorw,iorw
core   0: 3 0x80007edc (0x0ff0000f)
core   0: 0x80007ee0 (0x00884403) lbu     s0, 8(a6)
core   0: 3 0x80007ee0 (0x00884403) x 8 0x00000000 mem 0x8001702e
core   0: 0x80007ee4 (0xfe680da3) sb      t1, -5(a6)
core   0: 3 0x80007ee4 (0xfe680da3) mem 0x80017021 0x0
core   0: 0x80007ee8 (0x40dfda13) srai    s4, t6, 13
core   0: 3 0x80007ee8 (0x40dfda13) x20 0x00000000
core   0: 0x80007eec (0x01611913) slli    s2, sp, 22
core   0: 3 0x80007eec (0x01611913) x18 0x8e000000
core   0: 0x80007ef0 (0x019d4433) xor     s0, s10, s9
core   0: 3 0x80007ef0 (0x019d4433) x 8 0x80015adc
core   0: 0x80007ef4 (0x03a80003) lb      zero, 58(a6)
core   0: 3 0x80007ef4 (0x03a80003) mem 0x80017060
core   0: 0x80007ef8 (0xfcd86413) ori     s0, a6, -51
core   0: 3 0x80007ef8 (0xfcd86413) x 8 0xffffffef
core   0: 0x80007efc (0x00000013) nop
core   0: 3 0x80007efc (0x00000013)
core   0: 0x80007f00 (0x00893ab3) sltu    s5, s2, s0
core   0: 3 0x80007f00 (0x00893ab3) x21 0x00000001
core   0: 0x80007f04 (0x01984083) lbu     ra, 25(a6)
core   0: 3 0x80007f04 (0x01984083) x 1 0x00000000 mem 0x8001703f
core   0: 0x80007f08 (0x00b5e933) or      s2, a1, a1
core   0: 3 0x80007f08 (0x00b5e933) x18 0x00000000
core   0: 0x80007f0c (0x00784203) lbu     tp, 7(a6)
core   0: 3 0x80007f0c (0x00784203) x 4 0x00000000 mem 0x8001702d
core   0: 0x80007f10 (0xfcf80203) lb      tp, -49(a6)
core   0: 3 0x80007f10 (0xfcf80203) x 4 0x00000000 mem 0x80016ff5
core   0: 0x80007f14 (0x0000de17) auipc   t3, 0xd
core   0: 3 0x80007f14 (0x0000de17) x28 0x80014f14
core   0: 0x80007f18 (0x4e5e0e13) addi    t3, t3, 1253
core   0: 3 0x80007f18 (0x4e5e0e13) x28 0x800153f9
core   0: 0x80007f1c (0x003e10a3) sh      gp, 1(t3)
core   0: 3 0x80007f1c (0x003e10a3) mem 0x800153fa 0xdc6f
core   0: 0x80007f20 (0x01820433) add     s0, tp, s8
core   0: 3 0x80007f20 (0x01820433) x 8 0x00000000
core   0: 0x80007f24 (0xff6e4203) lbu     tp, -10(t3)
core   0: 3 0x80007f24 (0xff6e4203) x 4 0x00000000 mem 0x800153ef
core   0: 0x80007f28 (0x008bd0b3) srl     ra, s7, s0
core   0: 3 0x80007f28 (0x008bd0b3) x 1 0xd1eeaab3
core   0: 0x80007f2c (0x3e0f7713) andi    a4, t5, 992
core   0: 3 0x80007f2c (0x3e0f7713) x14 0x00000000
core   0: 0x80007f30 (0x00b304b3) add     s1, t1, a1
core   0: 3 0x80007f30 (0x00b304b3) x 9 0x00000000
core   0: 0x80007f34 (0xff1e0f83) lb      t6, -15(t3)
core   0: 3 0x80007f34 (0xff1e0f83) x31 0x00000000 mem 0x800153ea
core   0: 0x80007f38 (0x0000100f) fence.i
core   0: 3 0x80007f38 (0x0000100f)
core   0: 0x80007f3c (0x40108033) sub     zero, ra, ra
core   0: 3 0x80007f3c (0x40108033)
core   0: 0x80007f40 (0x0000100f) fence.i
core   0: 3 0x80007f40 (0x0000100f)
core   0: 0x80007f44 (0x27a03c93) sltiu   s9, zero, 634
core   0: 3 0x80007f44 (0x27a03c93) x25 0x00000001
core   0: 0x80007f48 (0xb0ad2613) slti    a2, s10, -1270
core   0: 3 0x80007f48 (0xb0ad2613) x12 0x00000000
core   0: 0x80007f4c (0x00a29993) slli    s3, t0, 10
core   0: 3 0x80007f4c (0x00a29993) x19 0x00000000
core   0: 0x80007f50 (0xff6e0603) lb      a2, -10(t3)
core   0: 3 0x80007f50 (0xff6e0603) x12 0x00000000 mem 0x800153ef
core   0: 0x80007f54 (0xe5617793) andi    a5, sp, -426
core   0: 3 0x80007f54 (0xe5617793) x15 0x8002ae10
core   0: 0x80007f58 (0x00b65093) srli    ra, a2, 11
core   0: 3 0x80007f58 (0x00b65093) x 1 0x00000000
core   0: 0x80007f5c (0x0000100f) fence.i
core   0: 3 0x80007f5c (0x0000100f)
core   0: 0x80007f60 (0x40fadf33) sra     t5, s5, a5
core   0: 3 0x80007f60 (0x40fadf33) x30 0x00000000
core   0: 0x80007f64 (0xacddd7b7) lui     a5, 0xacddd
core   0: 3 0x80007f64 (0xacddd7b7) x15 0xacddd000
core   0: 0x80007f68 (0x98a62993) slti    s3, a2, -1654
core   0: 3 0x80007f68 (0x98a62993) x19 0x00000000
core   0: 0x80007f6c (0xff4e08a3) sb      s4, -15(t3)
core   0: 3 0x80007f6c (0xff4e08a3) mem 0x800153ea 0x0
core   0: 0x80007f70 (0xff5e5c83) lhu     s9, -11(t3)
core   0: 3 0x80007f70 (0xff5e5c83) x25 0x00000000 mem 0x800153ee
core   0: 0x80007f74 (0x005e4c83) lbu     s9, 5(t3)
core   0: 3 0x80007f74 (0x005e4c83) x25 0x00000000 mem 0x800153fe
core   0: 0x80007f78 (0x00fe2c03) lw      s8, 15(t3)
core   0: 3 0x80007f78 (0x00fe2c03) x24 0x00000000 mem 0x80015408
core   0: 0x80007f7c (0xff1e1303) lh      t1, -15(t3)
core   0: 3 0x80007f7c (0xff1e1303) x 6 0x00000000 mem 0x800153ea
core   0: 0x80007f80 (0x41438c33) sub     s8, t2, s4
core   0: 3 0x80007f80 (0x41438c33) x24 0x00000000
core   0: 0x80007f84 (0xff7e0ca3) sb      s7, -7(t3)
core   0: 3 0x80007f84 (0xff7e0ca3) mem 0x800153f2 0xb3
core   0: 0x80007f88 (0x00000013) nop
core   0: 3 0x80007f88 (0x00000013)
core   0: 0x80007f8c (0xff3e0e83) lb      t4, -13(t3)
core   0: 3 0x80007f8c (0xff3e0e83) x29 0x00000000 mem 0x800153ec
core   0: 0x80007f90 (0x00485393) srli    t2, a6, 4
core   0: 3 0x80007f90 (0x00485393) x 7 0x08001702
core   0: 0x80007f94 (0x0000100f) fence.i
core   0: 3 0x80007f94 (0x0000100f)
core   0: 0x80007f98 (0x01f22633) slt     a2, tp, t6
core   0: 3 0x80007f98 (0x01f22633) x12 0x00000000
core   0: 0x80007f9c (0x01217733) and     a4, sp, s2
core   0: 3 0x80007f9c (0x01217733) x14 0x00000000
core   0: 0x80007fa0 (0x00b38c33) add     s8, t2, a1
core   0: 3 0x80007fa0 (0x00b38c33) x24 0x08001702
core   0: 0x80007fa4 (0x00ee4b03) lbu     s6, 14(t3)
core   0: 3 0x80007fa4 (0x00ee4b03) x22 0x00000000 mem 0x80015407
core   0: 0x80007fa8 (0x0ff0000f) fence   iorw,iorw
core   0: 3 0x80007fa8 (0x0ff0000f)
core   0: 0x80007fac (0xff2e0823) sb      s2, -16(t3)
core   0: 3 0x80007fac (0xff2e0823) mem 0x800153e9 0x0
core   0: 0x80007fb0 (0x016e0123) sb      s6, 2(t3)
core   0: 3 0x80007fb0 (0x016e0123) mem 0x800153fb 0x0
core   0: 0x80007fb4 (0x00014e97) auipc   t4, 0x14
core   0: 3 0x80007fb4 (0x00014e97) x29 0x8001bfb4
core   0: 0x80007fb8 (0xa6fe8e93) addi    t4, t4, -1425
core   0: 3 0x80007fb8 (0xa6fe8e93) x29 0x8001ba23
core   0: 0x80007fbc (0x019ea0a3) sw      s9, 1(t4)
core   0: 3 0x80007fbc (0x019ea0a3) mem 0x8001ba24 0x00000000
core   0: 0x80007fc0 (0x009e8e03) lb      t3, 9(t4)
core   0: 3 0x80007fc0 (0x009e8e03) x28 0x00000000 mem 0x8001ba2c
core   0: 0x80007fc4 (0x01ee8323) sb      t5, 6(t4)
core   0: 3 0x80007fc4 (0x01ee8323) mem 0x8001ba29 0x0
core   0: 0x80007fc8 (0x01b3e333) or      t1, t2, s11
core   0: 3 0x80007fc8 (0x01b3e333) x 6 0x7ab05f9a
core   0: 0x80007fcc (0x40f55693) srai    a3, a0, 15
core   0: 3 0x80007fcc (0x40f55693) x13 0xffff0005
core   0: 0x80007fd0 (0x008f9993) slli    s3, t6, 8
core   0: 3 0x80007fd0 (0x008f9993) x19 0x00000000
core   0: 0x80007fd4 (0x009e8323) sb      s1, 6(t4)
core   0: 3 0x80007fd4 (0x009e8323) mem 0x8001ba29 0x0
core   0: 0x80007fd8 (0x00bec703) lbu     a4, 11(t4)
core   0: 3 0x80007fd8 (0x00bec703) x14 0x00000000 mem 0x8001ba2e
core   0: 0x80007fdc (0xfebe9ea3) sh      a1, -3(t4)
core   0: 3 0x80007fdc (0xfebe9ea3) mem 0x8001ba20 0x0000
core   0: 0x80007fe0 (0xd1b96c13) ori     s8, s2, -741
core   0: 3 0x80007fe0 (0xd1b96c13) x24 0xfffffd1b
core   0: 0x80007fe4 (0x002ecd03) lbu     s10, 2(t4)
core   0: 3 0x80007fe4 (0x002ecd03) x26 0x00000000 mem 0x8001ba25
core   0: 0x80007fe8 (0xffae9ca3) sh      s10, -7(t4)
core   0: 3 0x80007fe8 (0xffae9ca3) mem 0x8001ba1c 0x0000
core   0: 0x80007fec (0x1da04213) xori    tp, zero, 474
core   0: 3 0x80007fec (0x1da04213) x 4 0x000001da
core   0: 0x80007ff0 (0x40fcdc93) srai    s9, s9, 15
core   0: 3 0x80007ff0 (0x40fcdc93) x25 0x00000000
core   0: 0x80007ff4 (0x0000100f) fence.i
core   0: 3 0x80007ff4 (0x0000100f)
core   0: 0x80007ff8 (0xfe0e9ca3) sh      zero, -7(t4)
core   0: 3 0x80007ff8 (0xfe0e9ca3) mem 0x8001ba1c 0x0000
core   0: 0x80007ffc (0xff6eca03) lbu     s4, -10(t4)
core   0: 3 0x80007ffc (0xff6eca03) x20 0x00000000 mem 0x8001ba19
core   0: 0x80008000 (0xff5e8f23) sb      s5, -2(t4)
core   0: 3 0x80008000 (0xff5e8f23) mem 0x8001ba21 0x1
core   0: 0x80008004 (0x01f413b3) sll     t2, s0, t6
core   0: 3 0x80008004 (0x01f413b3) x 7 0x00000000
core   0: 0x80008008 (0x007e8603) lb      a2, 7(t4)
core   0: 3 0x80008008 (0x007e8603) x12 0x00000000 mem 0x8001ba2a
core   0: 0x8000800c (0xff0ec483) lbu     s1, -16(t4)
core   0: 3 0x8000800c (0xff0ec483) x 9 0x00000000 mem 0x8001ba13
core   0: 0x80008010 (0xffbe8983) lb      s3, -5(t4)
core   0: 3 0x80008010 (0xffbe8983) x19 0x00000000 mem 0x8001ba1e
core   0: 0x80008014 (0xdfeeae13) slti    t3, t4, -514
core   0: 3 0x80008014 (0xdfeeae13) x28 0x00000001
core   0: 0x80008018 (0x6ba22813) slti    a6, tp, 1722
core   0: 3 0x80008018 (0x6ba22813) x16 0x00000001
core   0: 0x8000801c (0xffae99a3) sh      s10, -13(t4)
core   0: 3 0x8000801c (0xffae99a3) mem 0x8001ba16 0x0000
core   0: 0x80008020 (0x00010d17) auipc   s10, 0x10
core   0: 3 0x80008020 (0x00010d17) x26 0x80018020
core   0: 0x80008024 (0xfb1d0d13) addi    s10, s10, -79
core   0: 3 0x80008024 (0xfb1d0d13) x26 0x80017fd1
core   0: 0x80008028 (0xfe6d0523) sb      t1, -22(s10)
core   0: 3 0x80008028 (0xfe6d0523) mem 0x80017fbb 0x9a
core   0: 0x8000802c (0xfcaacd93) xori    s11, s5, -54
core   0: 3 0x8000802c (0xfcaacd93) x27 0xffffffcb
core   0: 0x80008030 (0xfc9d21a3) sw      s1, -61(s10)
core   0: 3 0x80008030 (0xfc9d21a3) mem 0x80017f94 0x00000000
core   0: 0x80008034 (0x007cb2b3) sltu    t0, s9, t2
core   0: 3 0x80008034 (0x007cb2b3) x 5 0x00000000
core   0: 0x80008038 (0xfecd0783) lb      a5, -20(s10)
core   0: 3 0x80008038 (0xfecd0783) x15 0x00000000 mem 0x80017fbd
core   0: 0x8000803c (0xf83d8413) addi    s0, s11, -125
core   0: 3 0x8000803c (0xf83d8413) x 8 0xffffff4e
core   0: 0x80008040 (0x02ad0323) sb      a0, 38(s10)
core   0: 3 0x80008040 (0x02ad0323) mem 0x80017ff7 0xe4
core   0: 0x80008044 (0x0cd48037) lui     zero, 0xcd48
core   0: 3 0x80008044 (0x0cd48037)
core   0: 0x80008048 (0x004733b3) sltu    t2, a4, tp
core   0: 3 0x80008048 (0x004733b3) x 7 0x00000001
core   0: 0x8000804c (0x005d4203) lbu     tp, 5(s10)
core   0: 3 0x8000804c (0x005d4203) x 4 0x00000000 mem 0x80017fd6
core   0: 0x80008050 (0x013d1c03) lh      s8, 19(s10)
core   0: 3 0x80008050 (0x013d1c03) x24 0x00000000 mem 0x80017fe4
core   0: 0x80008054 (0x009d2fa3) sw      s1, 31(s10)
core   0: 3 0x80008054 (0x009d2fa3) mem 0x80017ff0 0x00000000
core   0: 0x80008058 (0xfccd25a3) sw      a2, -53(s10)
core   0: 3 0x80008058 (0xfccd25a3) mem 0x80017f9c 0x00000000
core   0: 0x8000805c (0x40a6d6b3) sra     a3, a3, a0
core   0: 3 0x8000805c (0x40a6d6b3) x13 0xfffff000
core   0: 0x80008060 (0xff0d0283) lb      t0, -16(s10)
core   0: 3 0x80008060 (0xff0d0283) x 5 0x00000000 mem 0x80017fc1
core   0: 0x80008064 (0x040d0c83) lb      s9, 64(s10)
core   0: 3 0x80008064 (0x040d0c83) x25 0x00000000 mem 0x80018011
core   0: 0x80008068 (0xe44a4c93) xori    s9, s4, -444
core   0: 3 0x80008068 (0xe44a4c93) x25 0xfffffe44
core   0: 0x8000806c (0x01bd2483) lw      s1, 27(s10)
core   0: 3 0x8000806c (0x01bd2483) x 9 0x00000000 mem 0x80017fec
core   0: 0x80008070 (0x017271b3) and     gp, tp, s7
core   0: 3 0x80008070 (0x017271b3) x 3 0x00000000
core   0: 0x80008074 (0xff3d29a3) sw      s3, -13(s10)
core   0: 3 0x80008074 (0xff3d29a3) mem 0x80017fc4 0x00000000
core   0: 0x80008078 (0x017f2b33) slt     s6, t5, s7
core   0: 3 0x80008078 (0x017f2b33) x22 0x00000000
core   0: 0x8000807c (0x0dab2713) slti    a4, s6, 218
core   0: 3 0x8000807c (0x0dab2713) x14 0x00000001
core   0: 0x80008080 (0x44a60493) addi    s1, a2, 1098
core   0: 3 0x80008080 (0x44a60493) x 9 0x0000044a
core   0: 0x80008084 (0xfd2d0d23) sb      s2, -38(s10)
core   0: 3 0x80008084 (0xfd2d0d23) mem 0x80017fab 0x0
core   0: 0x80008088 (0x89bda317) auipc   t1, 0x89bda
core   0: 3 0x80008088 (0x89bda317) x 6 0x09be2088
core   0: 0x8000808c (0x0101d733) srl     a4, gp, a6
core   0: 3 0x8000808c (0x0101d733) x14 0x00000000
core   0: 0x80008090 (0x021d1603) lh      a2, 33(s10)
core   0: 3 0x80008090 (0x021d1603) x12 0x00000000 mem 0x80017ff2
core   0: 0x80008094 (0xfd6d4703) lbu     a4, -42(s10)
core   0: 3 0x80008094 (0xfd6d4703) x14 0x00000000 mem 0x80017fa7
core   0: 0x80008098 (0x00000013) nop
core   0: 3 0x80008098 (0x00000013)
core   0: 0x8000809c (0x01681fb3) sll     t6, a6, s6
core   0: 3 0x8000809c (0x01681fb3) x31 0x00000001
core   0: 0x800080a0 (0xb48d0f93) addi    t6, s10, -1208
core   0: 3 0x800080a0 (0xb48d0f93) x31 0x80017b19
core   0: 0x800080a4 (0x0000100f) fence.i
core   0: 3 0x800080a4 (0x0000100f)
core   0: 0x800080a8 (0xaa790c17) auipc   s8, 0xaa790
core   0: 3 0x800080a8 (0xaa790c17) x24 0x2a7980a8
core   0: 0x800080ac (0xfdcd17a3) sh      t3, -49(s10)
core   0: 3 0x800080ac (0xfdcd17a3) mem 0x80017fa0 0x0001
core   0: 0x800080b0 (0xfd2d2ba3) sw      s2, -41(s10)
core   0: 3 0x800080b0 (0xfd2d2ba3) mem 0x80017fa8 0x00000000
core   0: 0x800080b4 (0xfd2d2fa3) sw      s2, -33(s10)
core   0: 3 0x800080b4 (0xfd2d2fa3) mem 0x80017fb0 0x00000000
core   0: 0x800080b8 (0x40bad7b3) sra     a5, s5, a1
core   0: 3 0x800080b8 (0x40bad7b3) x15 0x00000001
core   0: 0x800080bc (0x002d0e83) lb      t4, 2(s10)
core   0: 3 0x800080bc (0x002d0e83) x29 0x00000000 mem 0x80017fd3
core   0: 0x800080c0 (0x00ef2a33) slt     s4, t5, a4
core   0: 3 0x800080c0 (0x00ef2a33) x20 0x00000000
core   0: 0x800080c4 (0x037d4d83) lbu     s11, 55(s10)
core   0: 3 0x800080c4 (0x037d4d83) x27 0x00000000 mem 0x80018008
core   0: 0x800080c8 (0x010d4e83) lbu     t4, 16(s10)
core   0: 3 0x800080c8 (0x010d4e83) x29 0x00000000 mem 0x80017fe1
core   0: 0x800080cc (0x0000e417) auipc   s0, 0xe
core   0: 3 0x800080cc (0x0000e417) x 8 0x800160cc
core   0: 0x800080d0 (0x95440413) addi    s0, s0, -1708
core   0: 3 0x800080d0 (0x95440413) x 8 0x80015a20
core   0: 0x800080d4 (0x00010097) auipc   ra, 0x10
core   0: 3 0x800080d4 (0x00010097) x 1 0x800180d4
core   0: 0x800080d8 (0x69d08093) addi    ra, ra, 1693
core   0: 3 0x800080d8 (0x69d08093) x 1 0x80018771
core   0: 0x800080dc (0xfd808fa3) sb      s8, -33(ra)
core   0: 3 0x800080dc (0xfd808fa3) mem 0x80018750 0xa8
core   0: 0x800080e0 (0xfec40923) sb      a2, -14(s0)
core   0: 3 0x800080e0 (0xfec40923) mem 0x80015a12 0x0
core   0: 0x800080e4 (0xff641b03) lh      s6, -10(s0)
core   0: 3 0x800080e4 (0xff641b03) x22 0x00000000 mem 0x80015a16
core   0: 0x800080e8 (0xffb44903) lbu     s2, -5(s0)
core   0: 3 0x800080e8 (0xffb44903) x18 0x00000001 mem 0x80015a1b
core   0: 0x800080ec (0xfe640823) sb      t1, -16(s0)
core   0: 3 0x800080ec (0xfe640823) mem 0x80015a10 0x88
core   0: 0x800080f0 (0x0910c803) lbu     a6, 145(ra)
core   0: 3 0x800080f0 (0x0910c803) x16 0x00000000 mem 0x80018802
core   0: 0x800080f4 (0x00208823) sb      sp, 16(ra)
core   0: 3 0x800080f4 (0x00208823) mem 0x80018781 0x38
core   0: 0x800080f8 (0xf850c283) lbu     t0, -123(ra)
core   0: 3 0x800080f8 (0xf850c283) x 5 0x00000000 mem 0x800186f6
core   0: 0x800080fc (0xff940f03) lb      t5, -7(s0)
core   0: 3 0x800080fc (0xff940f03) x30 0x00000000 mem 0x80015a19
core   0: 0x80008100 (0xffd40ca3) sb      t4, -7(s0)
core   0: 3 0x80008100 (0xffd40ca3) mem 0x80015a19 0x0
core   0: 0x80008104 (0xf7e08183) lb      gp, -130(ra)
core   0: 3 0x80008104 (0xf7e08183) x 3 0x00000000 mem 0x800186ef
core   0: 0x80008108 (0x0000e317) auipc   t1, 0xe
core   0: 3 0x80008108 (0x0000e317) x 6 0x80016108
core   0: 0x8000810c (0xcc230313) addi    t1, t1, -830
core   0: 3 0x8000810c (0xcc230313) x 6 0x80015dca
core   0: 0x80008110 (0x03d30983) lb      s3, 61(t1)
core   0: 3 0x80008110 (0x03d30983) x19 0x00000000 mem 0x80015e07
core   0: 0x80008114 (0x01ca4c33) xor     s8, s4, t3
core   0: 3 0x80008114 (0x01ca4c33) x24 0x00000001
core   0: 0x80008118 (0x01949b13) slli    s6, s1, 25
core   0: 3 0x80008118 (0x01949b13) x22 0x94000000
core   0: 0x8000811c (0x4974cf93) xori    t6, s1, 1175
core   0: 3 0x8000811c (0x4974cf93) x31 0x000000dd
core   0: 0x80008120 (0x16942693) slti    a3, s0, 361
core   0: 3 0x80008120 (0x16942693) x13 0x00000001
core   0: 0x80008124 (0xfeb31423) sh      a1, -24(t1)
core   0: 3 0x80008124 (0xfeb31423) mem 0x80015db2 0x0000
core   0: 0x80008128 (0x1e558f13) addi    t5, a1, 485
core   0: 3 0x80008128 (0x1e558f13) x30 0x000001e5
core   0: 0x8000812c (0x0000100f) fence.i
core   0: 3 0x8000812c (0x0000100f)
core   0: 0x80008130 (0x01251e13) slli    t3, a0, 18
core   0: 3 0x80008130 (0x01251e13) x28 0xb3900000
core   0: 0x80008134 (0xf32aac13) slti    s8, s5, -206
core   0: 3 0x80008134 (0xf32aac13) x24 0x00000000
core   0: 0x80008138 (0x00821fb3) sll     t6, tp, s0
core   0: 3 0x80008138 (0x00821fb3) x31 0x00000000
core   0: 0x8000813c (0x6bfb99b7) lui     s3, 0x6bfb9
core   0: 3 0x8000813c (0x6bfb99b7) x19 0x6bfb9000
core   0: 0x80008140 (0xfd534a03) lbu     s4, -43(t1)
core   0: 3 0x80008140 (0xfd534a03) x20 0x00000000 mem 0x80015d9f
core   0: 0x80008144 (0x017f8c33) add     s8, t6, s7
core   0: 3 0x80008144 (0x017f8c33) x24 0xd1eeaab3
core   0: 0x80008148 (0x01b51a93) slli    s5, a0, 27
core   0: 3 0x80008148 (0x01b51a93) x21 0x20000000
core   0: 0x8000814c (0x0ff0000f) fence   iorw,iorw
core   0: 3 0x8000814c (0x0ff0000f)
core   0: 0x80008150 (0xff730703) lb      a4, -9(t1)
core   0: 3 0x80008150 (0xff730703) x14 0xffffffb2 mem 0x80015dc1
core   0: 0x80008154 (0xfe031d03) lh      s10, -32(t1)
core   0: 3 0x80008154 (0xfe031d03) x26 0x00000000 mem 0x80015daa
core   0: 0x80008158 (0x00000013) nop
core   0: 3 0x80008158 (0x00000013)
core   0: 0x8000815c (0xff130323) sb      a7, -26(t1)
core   0: 3 0x8000815c (0xff130323) mem 0x80015db0 0x1
core   0: 0x80008160 (0x00930883) lb      a7, 9(t1)
core   0: 3 0x80008160 (0x00930883) x17 0x00000000 mem 0x80015dd3
core   0: 0x80008164 (0x019ac233) xor     tp, s5, s9
core   0: 3 0x80008164 (0x019ac233) x 4 0xdffffe44
core   0: 0x80008168 (0x00530203) lb      tp, 5(t1)
core   0: 3 0x80008168 (0x00530203) x 4 0x00000000 mem 0x80015dcf
core   0: 0x8000816c (0xfe830403) lb      s0, -24(t1)
core   0: 3 0x8000816c (0xfe830403) x 8 0x00000000 mem 0x80015db2
core   0: 0x80008170 (0x01934183) lbu     gp, 25(t1)
core   0: 3 0x80008170 (0x01934183) x 3 0x00000000 mem 0x80015de3
core   0: 0x80008174 (0x41e05833) sra     a6, zero, t5
core   0: 3 0x80008174 (0x41e05833) x16 0x00000000
core   0: 0x80008178 (0x00c30483) lb      s1, 12(t1)
core   0: 3 0x80008178 (0x00c30483) x 9 0x00000000 mem 0x80015dd6
core   0: 0x8000817c (0xf6bda413) slti    s0, s11, -149
core   0: 3 0x8000817c (0xf6bda413) x 8 0x00000000
core   0: 0x80008180 (0xfe834403) lbu     s0, -24(t1)
core   0: 3 0x80008180 (0xfe834403) x 8 0x00000000 mem 0x80015db2
core   0: 0x80008184 (0x002d1433) sll     s0, s10, sp
core   0: 3 0x80008184 (0x002d1433) x 8 0x00000000
core   0: 0x80008188 (0x403a0e33) sub     t3, s4, gp
core   0: 3 0x80008188 (0x403a0e33) x28 0x00000000
core   0: 0x8000818c (0xff331023) sh      s3, -32(t1)
core   0: 3 0x8000818c (0xff331023) mem 0x80015daa 0x9000
core   0: 0x80008190 (0x00630323) sb      t1, 6(t1)
core   0: 3 0x80008190 (0x00630323) mem 0x80015dd0 0xca
core   0: 0x80008194 (0x0000d817) auipc   a6, 0xd
core   0: 3 0x80008194 (0x0000d817) x16 0x80015194
core   0: 0x80008198 (0x69280813) addi    a6, a6, 1682
core   0: 3 0x80008198 (0x69280813) x16 0x80015826
core   0: 0x8000819c (0x01580423) sb      s5, 8(a6)
core   0: 3 0x8000819c (0x01580423) mem 0x8001582e 0x0
core   0: 0x800081a0 (0x00481423) sh      tp, 8(a6)
core   0: 3 0x800081a0 (0x00481423) mem 0x8001582e 0x0000
core   0: 0x800081a4 (0x00881203) lh      tp, 8(a6)
core   0: 3 0x800081a4 (0x00881203) x 4 0x00000000 mem 0x8001582e
core   0: 0x800081a8 (0x00884a03) lbu     s4, 8(a6)
core   0: 3 0x800081a8 (0x00884a03) x20 0x00000000 mem 0x8001582e
core   0: 0x800081ac (0x01e80423) sb      t5, 8(a6)
core   0: 3 0x800081ac (0x01e80423) mem 0x8001582e 0xe5
core   0: 0x800081b0 (0x01880223) sb      s8, 4(a6)
core   0: 3 0x800081b0 (0x01880223) mem 0x8001582a 0xb3
core   0: 0x800081b4 (0x00b05fb3) srl     t6, zero, a1
core   0: 3 0x800081b4 (0x00b05fb3) x31 0x00000000
core   0: 0x800081b8 (0x00885d03) lhu     s10, 8(a6)
core   0: 3 0x800081b8 (0x00885d03) x26 0x000000e5 mem 0x8001582e
core   0: 0x800081bc (0x00884b03) lbu     s6, 8(a6)
core   0: 3 0x800081bc (0x00884b03) x22 0x000000e5 mem 0x8001582e
core   0: 0x800081c0 (0x00880983) lb      s3, 8(a6)
core   0: 3 0x800081c0 (0x00880983) x19 0xffffffe5 mem 0x8001582e
core   0: 0x800081c4 (0xffa81823) sh      s10, -16(a6)
core   0: 3 0x800081c4 (0xffa81823) mem 0x80015816 0x00e5
core   0: 0x800081c8 (0x00281c83) lh      s9, 2(a6)
core   0: 3 0x800081c8 (0x00281c83) x25 0x00000000 mem 0x80015828
core   0: 0x800081cc (0xff284003) lbu     zero, -14(a6)
core   0: 3 0x800081cc (0xff284003) mem 0x80015818
core   0: 0x800081d0 (0x00680403) lb      s0, 6(a6)
core   0: 3 0x800081d0 (0x00680403) x 8 0x00000000 mem 0x8001582c
core   0: 0x800081d4 (0xffa82e83) lw      t4, -6(a6)
core   0: 3 0x800081d4 (0xffa82e83) x29 0x00000001 mem 0x80015820
core   0: 0x800081d8 (0x0000e217) auipc   tp, 0xe
core   0: 3 0x800081d8 (0x0000e217) x 4 0x800161d8
core   0: 0x800081dc (0x54520213) addi    tp, tp, 1349
core   0: 3 0x800081dc (0x54520213) x 4 0x8001671d
core   0: 0x800081e0 (0x00f215a3) sh      a5, 11(tp)
core   0: 3 0x800081e0 (0x00f215a3) mem 0x80016728 0x0001
core   0: 0x800081e4 (0x00120223) sb      ra, 4(tp)
core   0: 3 0x800081e4 (0x00120223) mem 0x80016721 0x71
core   0: 0x800081e8 (0x0ff0000f) fence   iorw,iorw
core   0: 3 0x800081e8 (0x0ff0000f)
core   0: 0x800081ec (0x413fd393) srai    t2, t6, 19
core   0: 3 0x800081ec (0x413fd393) x 7 0x00000000
core   0: 0x800081f0 (0xff624683) lbu     a3, -10(tp)
core   0: 3 0x800081f0 (0xff624683) x13 0x00000000 mem 0x80016713
core   0: 0x800081f4 (0x00720a03) lb      s4, 7(tp)
core   0: 3 0x800081f4 (0x00720a03) x20 0x00000000 mem 0x80016724
core   0: 0x800081f8 (0x0104dd33) srl     s10, s1, a6
core   0: 3 0x800081f8 (0x0104dd33) x26 0x00000000
core   0: 0x800081fc (0xfee20ca3) sb      a4, -7(tp)
core   0: 3 0x800081fc (0xfee20ca3) mem 0x80016716 0xb2
core   0: 0x80008200 (0x00725783) lhu     a5, 7(tp)
core   0: 3 0x80008200 (0x00725783) x15 0x00000000 mem 0x80016724
core   0: 0x80008204 (0x009683b3) add     t2, a3, s1
core   0: 3 0x80008204 (0x009683b3) x 7 0x00000000
core   0: 0x80008208 (0xff725303) lhu     t1, -9(tp)
core   0: 3 0x80008208 (0xff725303) x 6 0x00000000 mem 0x80016714
core   0: 0x8000820c (0x00c24783) lbu     a5, 12(tp)
core   0: 3 0x8000820c (0x00c24783) x15 0x00000000 mem 0x80016729
core   0: 0x80008210 (0x01f284b3) add     s1, t0, t6
core   0: 3 0x80008210 (0x01f284b3) x 9 0x00000000
core   0: 0x80008214 (0x01145733) srl     a4, s0, a7
core   0: 3 0x80008214 (0x01145733) x14 0x00000000
core   0: 0x80008218 (0x50a9ce37) lui     t3, 0x50a9c
core   0: 3 0x80008218 (0x50a9ce37) x28 0x50a9c000
core   0: 0x8000821c (0x551a6b13) ori     s6, s4, 1361
core   0: 3 0x8000821c (0x551a6b13) x22 0x00000551
core   0: 0x80008220 (0x00f21903) lh      s2, 15(tp)
core   0: 3 0x80008220 (0x00f21903) x18 0x00000000 mem 0x8001672c
core   0: 0x80008224 (0xffb21983) lh      s3, -5(tp)
core   0: 3 0x80008224 (0xffb21983) x19 0x00000000 mem 0x80016718
core   0: 0x80008228 (0x01125ab3) srl     s5, tp, a7
core   0: 3 0x80008228 (0x01125ab3) x21 0x8001671d
core   0: 0x8000822c (0xdadb08b7) lui     a7, 0xdadb0
core   0: 3 0x8000822c (0xdadb08b7) x17 0xdadb0000
core   0: 0x80008230 (0xced2f413) andi    s0, t0, -787
core   0: 3 0x80008230 (0xced2f413) x 8 0x00000000
core   0: 0x80008234 (0x00d210a3) sh      a3, 1(tp)
core   0: 3 0x80008234 (0x00d210a3) mem 0x8001671e 0x0000
core   0: 0x80008238 (0x419187b3) sub     a5, gp, s9
core   0: 3 0x80008238 (0x419187b3) x15 0x00000000
core   0: 0x8000823c (0x00a24d83) lbu     s11, 10(tp)
core   0: 3 0x8000823c (0x00a24d83) x27 0x00000000 mem 0x80016727
core   0: 0x80008240 (0x0ff0000f) fence   iorw,iorw
core   0: 3 0x80008240 (0x0ff0000f)
core   0: 0x80008244 (0xff620583) lb      a1, -10(tp)
core   0: 3 0x80008244 (0xff620583) x11 0x00000000 mem 0x80016713
core   0: 0x80008248 (0x0137f833) and     a6, a5, s3
core   0: 3 0x80008248 (0x0137f833) x16 0x00000000
core   0: 0x8000824c (0x01120123) sb      a7, 2(tp)
core   0: 3 0x8000824c (0x01120123) mem 0x8001671f 0x0
core   0: 0x80008250 (0x00620d03) lb      s10, 6(tp)
core   0: 3 0x80008250 (0x00620d03) x26 0x00000000 mem 0x80016723
core   0: 0x80008254 (0x00c24083) lbu     ra, 12(tp)
core   0: 3 0x80008254 (0x00c24083) x 1 0x00000000 mem 0x80016729
core   0: 0x80008258 (0xffe20903) lb      s2, -2(tp)
core   0: 3 0x80008258 (0xffe20903) x18 0x00000000 mem 0x8001671b
core   0: 0x8000825c (0x41975693) srai    a3, a4, 25
core   0: 3 0x8000825c (0x41975693) x13 0x00000000
core   0: 0x80008260 (0x00521703) lh      a4, 5(tp)
core   0: 3 0x80008260 (0x00521703) x14 0x00000000 mem 0x80016722
core   0: 0x80008264 (0x40255d13) srai    s10, a0, 2
core   0: 3 0x80008264 (0x40255d13) x26 0xe000bb39
core   0: 0x80008268 (0x01420123) sb      s4, 2(tp)
core   0: 3 0x80008268 (0x01420123) mem 0x8001671f 0x0
core   0: 0x8000826c (0x018069b3) or      s3, zero, s8
core   0: 3 0x8000826c (0x018069b3) x19 0xd1eeaab3
core   0: 0x80008270 (0x00120003) lb      zero, 1(tp)
core   0: 3 0x80008270 (0x00120003) mem 0x8001671e
core   0: 0x80008274 (0x00e20423) sb      a4, 8(tp)
core   0: 3 0x80008274 (0x00e20423) mem 0x80016725 0x0
core   0: 0x80008278 (0x00920183) lb      gp, 9(tp)
core   0: 3 0x80008278 (0x00920183) x 3 0x00000000 mem 0x80016726
core   0: 0x8000827c (0x00024f03) lbu     t5, 0(tp)
core   0: 3 0x8000827c (0x00024f03) x30 0x00000000 mem 0x8001671d
core   0: 0x80008280 (0x0ff0000f) fence   iorw,iorw
core   0: 3 0x80008280 (0x0ff0000f)
core   0: 0x80008284 (0x3bc1b293) sltiu   t0, gp, 956
core   0: 3 0x80008284 (0x3bc1b293) x 5 0x00000001
core   0: 0x80008288 (0x00000013) nop
core   0: 3 0x80008288 (0x00000013)
core   0: 0x8000828c (0x7e88e913) ori     s2, a7, 2024
core   0: 3 0x8000828c (0x7e88e913) x18 0xdadb07e8
core   0: 0x80008290 (0x8acec413) xori    s0, t4, -1876
core   0: 3 0x80008290 (0x8acec413) x 8 0xfffff8ad
core   0: 0x80008294 (0x00d214a3) sh      a3, 9(tp)
core   0: 3 0x80008294 (0x00d214a3) mem 0x80016726 0x0000
core   0: 0x80008298 (0x00618db3) add     s11, gp, t1
core   0: 3 0x80008298 (0x00618db3) x27 0x00000000
core   0: 0x8000829c (0xffb21f83) lh      t6, -5(tp)
core   0: 3 0x8000829c (0xffb21f83) x31 0x00000000 mem 0x80016718
core   0: 0x800082a0 (0x39b0ae93) slti    t4, ra, 923
core   0: 3 0x800082a0 (0x39b0ae93) x29 0x00000001
core   0: 0x800082a4 (0x00924803) lbu     a6, 9(tp)
core   0: 3 0x800082a4 (0x00924803) x16 0x00000000 mem 0x80016726
core   0: 0x800082a8 (0xa7d49e17) auipc   t3, 0xa7d49
core   0: 3 0x800082a8 (0xa7d49e17) x28 0x27d512a8
core   0: 0x800082ac (0x016213a3) sh      s6, 7(tp)
core   0: 3 0x800082ac (0x016213a3) mem 0x80016724 0x0551
core   0: 0x800082b0 (0x40405013) srai    zero, zero, 4
core   0: 3 0x800082b0 (0x40405013)
core   0: 0x800082b4 (0x006223a3) sw      t1, 7(tp)
core   0: 3 0x800082b4 (0x006223a3) mem 0x80016724 0x00000000
core   0: 0x800082b8 (0x00016417) auipc   s0, 0x16
core   0: 3 0x800082b8 (0x00016417) x 8 0x8001e2b8
core   0: 0x800082bc (0x37d40413) addi    s0, s0, 893
core   0: 3 0x800082bc (0x37d40413) x 8 0x8001e635
core   0: 0x800082c0 (0xfcd41aa3) sh      a3, -43(s0)
core   0: 3 0x800082c0 (0xfcd41aa3) mem 0x8001e60a 0x0000
core   0: 0x800082c4 (0xfd540703) lb      a4, -43(s0)
core   0: 3 0x800082c4 (0xfd540703) x14 0x00000000 mem 0x8001e60a
core   0: 0x800082c8 (0x40e983b3) sub     t2, s3, a4
core   0: 3 0x800082c8 (0x40e983b3) x 7 0xd1eeaab3
core   0: 0x800082cc (0xfd544003) lbu     zero, -43(s0)
core   0: 3 0x800082cc (0xfd544003) mem 0x8001e60a
core   0: 0x800082d0 (0xfd541903) lh      s2, -43(s0)
core   0: 3 0x800082d0 (0xfd541903) x18 0x00000000 mem 0x8001e60a
core   0: 0x800082d4 (0x0ff0000f) fence   iorw,iorw
core   0: 3 0x800082d4 (0x0ff0000f)
core   0: 0x800082d8 (0x2d883a13) sltiu   s4, a6, 728
core   0: 3 0x800082d8 (0x2d883a13) x20 0x00000001
core   0: 0x800082dc (0xfd141aa3) sh      a7, -43(s0)
core   0: 3 0x800082dc (0xfd141aa3) mem 0x8001e60a 0x0000
core   0: 0x800082e0 (0xfd541483) lh      s1, -43(s0)
core   0: 3 0x800082e0 (0xfd541483) x 9 0x00000000 mem 0x8001e60a
core   0: 0x800082e4 (0xfd545783) lhu     a5, -43(s0)
core   0: 3 0x800082e4 (0xfd545783) x15 0x00000000 mem 0x8001e60a
core   0: 0x800082e8 (0xfd545c03) lhu     s8, -43(s0)
core   0: 3 0x800082e8 (0xfd545c03) x24 0x00000000 mem 0x8001e60a
core   0: 0x800082ec (0xfd540203) lb      tp, -43(s0)
core   0: 3 0x800082ec (0xfd540203) x 4 0x00000000 mem 0x8001e60a
core   0: 0x800082f0 (0x01d416a3) sh      t4, 13(s0)
core   0: 3 0x800082f0 (0x01d416a3) mem 0x8001e642 0x0001
core   0: 0x800082f4 (0x69734f37) lui     t5, 0x69734
core   0: 3 0x800082f4 (0x69734f37) x30 0x69734000
core   0: 0x800082f8 (0x005416a3) sh      t0, 13(s0)
core   0: 3 0x800082f8 (0x005416a3) mem 0x8001e642 0x0001
core   0: 0x800082fc (0x00d41c03) lh      s8, 13(s0)
core   0: 3 0x800082fc (0x00d41c03) x24 0x00000001 mem 0x8001e642
core   0: 0x80008300 (0x009753b3) srl     t2, a4, s1
core   0: 3 0x80008300 (0x009753b3) x 7 0x00000000
core   0: 0x80008304 (0x01389a13) slli    s4, a7, 19
core   0: 3 0x80008304 (0x01389a13) x20 0x00000000
core   0: 0x80008308 (0x00d41683) lh      a3, 13(s0)
core   0: 3 0x80008308 (0x00d41683) x13 0x00000001 mem 0x8001e642
core   0: 0x8000830c (0x0001a697) auipc   a3, 0x1a
core   0: 3 0x8000830c (0x0001a697) x13 0x8002230c
core   0: 0x80008310 (0xb6768693) addi    a3, a3, -1177
core   0: 3 0x80008310 (0xb6768693) x13 0x80021e73
core   0: 0x80008314 (0x0f46c303) lbu     t1, 244(a3)
core   0: 3 0x80008314 (0x0f46c303) x 6 0x00000000 mem 0x80021f67
core   0: 0x80008318 (0xf966aea3) sw      s6, -99(a3)
core   0: 3 0x80008318 (0xf966aea3) mem 0x80021e10 0x00000551
core   0: 0x8000831c (0x8d69b893) sltiu   a7, s3, -1834
core   0: 3 0x8000831c (0x8d69b893) x17 0x00000001
core   0: 0x80008320 (0x05569283) lh      t0, 85(a3)
core   0: 3 0x80008320 (0x05569283) x 5 0x00000000 mem 0x80021ec8
core   0: 0x80008324 (0x0556a583) lw      a1, 85(a3)
core   0: 3 0x80008324 (0x0556a583) x11 0x00000000 mem 0x80021ec8
core   0: 0x80008328 (0xf2e68823) sb      a4, -208(a3)
core   0: 3 0x80008328 (0xf2e68823) mem 0x80021da3 0x0
core   0: 0x8000832c (0x0ff0000f) fence   iorw,iorw
core   0: 3 0x8000832c (0x0ff0000f)
core   0: 0x80008330 (0xf306cd83) lbu     s11, -208(a3)
core   0: 3 0x80008330 (0xf306cd83) x27 0x00000000 mem 0x80021da3
core   0: 0x80008334 (0x741c4313) xori    t1, s8, 1857
core   0: 3 0x80008334 (0x741c4313) x 6 0x00000740
core   0: 0x80008338 (0x40dc5033) sra     zero, s8, a3
core   0: 3 0x80008338 (0x40dc5033)
core   0: 0x8000833c (0x000834b3) sltu    s1, a6, zero
core   0: 3 0x8000833c (0x000834b3) x 9 0x00000000
core   0: 0x80008340 (0xf306cd03) lbu     s10, -208(a3)
core   0: 3 0x80008340 (0xf306cd03) x26 0x00000000 mem 0x80021da3
core   0: 0x80008344 (0x0168ce33) xor     t3, a7, s6
core   0: 3 0x80008344 (0x0168ce33) x28 0x00000550
core   0: 0x80008348 (0xf2e68823) sb      a4, -208(a3)
core   0: 3 0x80008348 (0xf2e68823) mem 0x80021da3 0x0
core   0: 0x8000834c (0x0c068e23) sb      zero, 220(a3)
core   0: 3 0x8000834c (0x0c068e23) mem 0x80021f4f 0x0
core   0: 0x80008350 (0xf676ce03) lbu     t3, -153(a3)
core   0: 3 0x80008350 (0xf676ce03) x28 0x00000000 mem 0x80021dda
core   0: 0x80008354 (0xfbc6a4a3) sw      t3, -87(a3)
core   0: 3 0x80008354 (0xfbc6a4a3) mem 0x80021e1c 0x00000000
core   0: 0x80008358 (0x0f268083) lb      ra, 242(a3)
core   0: 3 0x80008358 (0x0f268083) x 1 0x00000000 mem 0x80021f65
core   0: 0x8000835c (0x0f26ca03) lbu     s4, 242(a3)
core   0: 3 0x8000835c (0x0f26ca03) x20 0x00000000 mem 0x80021f65
core   0: 0x80008360 (0x0cf68e03) lb      t3, 207(a3)
core   0: 3 0x80008360 (0x0cf68e03) x28 0x00000000 mem 0x80021f42
core   0: 0x80008364 (0xf496c583) lbu     a1, -183(a3)
core   0: 3 0x80008364 (0xf496c583) x11 0x00000000 mem 0x80021dbc
core   0: 0x80008368 (0x0b968fa3) sb      s9, 191(a3)
core   0: 3 0x80008368 (0x0b968fa3) mem 0x80021f32 0x0
core   0: 0x8000836c (0x12efa393) slti    t2, t6, 302
core   0: 3 0x8000836c (0x12efa393) x 7 0x00000001
core   0: 0x80008370 (0x0bf6d703) lhu     a4, 191(a3)
core   0: 3 0x80008370 (0x0bf6d703) x14 0x00000000 mem 0x80021f32
core   0: 0x80008374 (0x0bf6d403) lhu     s0, 191(a3)
core   0: 3 0x80008374 (0x0bf6d403) x 8 0x00000000 mem 0x80021f32
core   0: 0x80008378 (0x0bf69fa3) sh      t6, 191(a3)
core   0: 3 0x80008378 (0x0bf69fa3) mem 0x80021f32 0x0000
core   0: 0x8000837c (0x0bf6cd03) lbu     s10, 191(a3)
core   0: 3 0x8000837c (0x0bf6cd03) x26 0x00000000 mem 0x80021f32
core   0: 0x80008380 (0x0000ec17) auipc   s8, 0xe
core   0: 3 0x80008380 (0x0000ec17) x24 0x80016380
core   0: 0x80008384 (0x63ec0c13) addi    s8, s8, 1598
core   0: 3 0x80008384 (0x63ec0c13) x24 0x800169be
core   0: 0x80008388 (0x0000de17) auipc   t3, 0xd
core   0: 3 0x80008388 (0x0000de17) x28 0x80015388
core   0: 0x8000838c (0x0e0e0e13) addi    t3, t3, 224
core   0: 3 0x8000838c (0x0e0e0e13) x28 0x80015468
core   0: 0x80008390 (0x63de4983) lbu     s3, 1597(t3)
core   0: 3 0x80008390 (0x63de4983) x19 0x00000000 mem 0x80015aa5
core   0: 0x80008394 (0x002c1823) sh      sp, 16(s8)
core   0: 3 0x80008394 (0x002c1823) mem 0x800169ce 0xae38
core   0: 0x80008398 (0xfe5c4b03) lbu     s6, -27(s8)
core   0: 3 0x80008398 (0xfe5c4b03) x22 0x00000000 mem 0x800169a3
core   0: 0x8000839c (0x4d8e05a3) sb      s8, 1227(t3)
core   0: 3 0x8000839c (0x4d8e05a3) mem 0x80015933 0xbe
core   0: 0x800083a0 (0x438e1123) sh      s8, 1058(t3)
core   0: 3 0x800083a0 (0x438e1123) mem 0x8001588a 0x69be
core   0: 0x800083a4 (0xfc1c1123) sh      ra, -62(s8)
core   0: 3 0x800083a4 (0xfc1c1123) mem 0x80016980 0x0000
core   0: 0x800083a8 (0x339e4f03) lbu     t5, 825(t3)
core   0: 3 0x800083a8 (0x339e4f03) x30 0x00000000 mem 0x800157a1
core   0: 0x800083ac (0x005c4f83) lbu     t6, 5(s8)
core   0: 3 0x800083ac (0x005c4f83) x31 0x00000000 mem 0x800169c3
core   0: 0x800083b0 (0xdfae0183) lb      gp, -518(t3)
core   0: 3 0x800083b0 (0xdfae0183) x 3 0x00000000 mem 0x80015262
core   0: 0x800083b4 (0x03dc4083) lbu     ra, 61(s8)
core   0: 3 0x800083b4 (0x03dc4083) x 1 0x00000000 mem 0x800169fb
core   0: 0x800083b8 (0xcd5e4f83) lbu     t6, -811(t3)
core   0: 3 0x800083b8 (0xcd5e4f83) x31 0x00000000 mem 0x8001513d
core   0: 0x800083bc (0xfe3c0723) sb      gp, -18(s8)
core   0: 3 0x800083bc (0xfe3c0723) mem 0x800169ac 0x0
core   0: 0x800083c0 (0x019c4983) lbu     s3, 25(s8)
core   0: 3 0x800083c0 (0x019c4983) x19 0x00000000 mem 0x800169d7
core   0: 0x800083c4 (0x040c4283) lbu     t0, 64(s8)
core   0: 3 0x800083c4 (0x040c4283) x 5 0x00000000 mem 0x800169fe
core   0: 0x800083c8 (0x01cc0003) lb      zero, 28(s8)
core   0: 3 0x800083c8 (0x01cc0003) mem 0x800169da
core   0: 0x800083cc (0x019c0ca3) sb      s9, 25(s8)
core   0: 3 0x800083cc (0x019c0ca3) mem 0x800169d7 0x0
core   0: 0x800083d0 (0x329e04a3) sb      s1, 809(t3)
core   0: 3 0x800083d0 (0x329e04a3) mem 0x80015791 0x0
core   0: 0x800083d4 (0x5e6e01a3) sb      t1, 1507(t3)
core   0: 3 0x800083d4 (0x5e6e01a3) mem 0x80015a4b 0x40
core   0: 0x800083d8 (0x432e05a3) sb      s2, 1067(t3)
core   0: 3 0x800083d8 (0x432e05a3) mem 0x80015893 0x0
core   0: 0x800083dc (0x00014f17) auipc   t5, 0x14
core   0: 3 0x800083dc (0x00014f17) x30 0x8001c3dc
core   0: 0x800083e0 (0x5e3f0f13) addi    t5, t5, 1507
core   0: 3 0x800083e0 (0x5e3f0f13) x30 0x8001c9bf
core   0: 0x800083e4 (0x0001b897) auipc   a7, 0x1b
core   0: 3 0x800083e4 (0x0001b897) x17 0x800233e4
core   0: 0x800083e8 (0x4e388893) addi    a7, a7, 1251
core   0: 3 0x800083e8 (0x4e388893) x17 0x800238c7
core   0: 0x800083ec (0x00019a17) auipc   s4, 0x19
core   0: 3 0x800083ec (0x00019a17) x20 0x800213ec
core   0: 0x800083f0 (0x63ca0a13) addi    s4, s4, 1596
core   0: 3 0x800083f0 (0x63ca0a13) x20 0x80021a28
core   0: 0x800083f4 (0xff2f4c83) lbu     s9, -14(t5)
core   0: 3 0x800083f4 (0xff2f4c83) x25 0x00000000 mem 0x8001c9b1
core   0: 0x800083f8 (0x00016c17) auipc   s8, 0x16
core   0: 3 0x800083f8 (0x00016c17) x24 0x8001e3f8
core   0: 0x800083fc (0xc81c0c13) addi    s8, s8, -895
core   0: 3 0x800083fc (0xc81c0c13) x24 0x8001e079
core   0: 0x80008400 (0x0000ff97) auipc   t6, 0xf
core   0: 3 0x80008400 (0x0000ff97) x31 0x80017400
core   0: 0x80008404 (0x631f8f93) addi    t6, t6, 1585
core   0: 3 0x80008404 (0x631f8f93) x31 0x80017a31
core   0: 0x80008408 (0x00588a83) lb      s5, 5(a7)
core   0: 3 0x80008408 (0x00588a83) x21 0x00000000 mem 0x800238cc
core   0: 0x8000840c (0xf0ca4e03) lbu     t3, -244(s4)
core   0: 3 0x8000840c (0xf0ca4e03) x28 0x00000000 mem 0x80021934
core   0: 0x80008410 (0x01cf0323) sb      t3, 6(t5)
core   0: 3 0x80008410 (0x01cf0323) mem 0x8001c9c5 0x0
core   0: 0x80008414 (0x124c23a3) sw      tp, 295(s8)
core   0: 3 0x80008414 (0x124c23a3) mem 0x8001e1a0 0x00000000
core   0: 0x80008418 (0xff6f4783) lbu     a5, -10(t5)
core   0: 3 0x80008418 (0xff6f4783) x15 0x00000000 mem 0x8001c9b5
core   0: 0x8000841c (0x062a04a3) sb      sp, 105(s4)
core   0: 3 0x8000841c (0x062a04a3) mem 0x80021a91 0x38
core   0: 0x80008420 (0xfffa1323) sh      t6, -26(s4)
core   0: 3 0x80008420 (0xfffa1323) mem 0x80021a0e 0x7a31
core   0: 0x80008424 (0x7bdc4d03) lbu     s10, 1981(s8)
core   0: 3 0x80008424 (0x7bdc4d03) x26 0x00000000 mem 0x8001e836
core   0: 0x80008428 (0x259fc383) lbu     t2, 601(t6)
core   0: 3 0x80008428 (0x259fc383) x 7 0x00000000 mem 0x80017c8a
core   0: 0x8000842c (0x0e7a07a3) sb      t2, 239(s4)
core   0: 3 0x8000842c (0x0e7a07a3) mem 0x80021b17 0x0
core   0: 0x80008430 (0xd41c5683) lhu     a3, -703(s8)
core   0: 3 0x80008430 (0xd41c5683) x13 0x00000000 mem 0x8001ddba
core   0: 0x80008434 (0x09ba07a3) sb      s11, 143(s4)
core   0: 3 0x80008434 (0x09ba07a3) mem 0x80021ab7 0x0
core   0: 0x80008438 (0xff4f4d83) lbu     s11, -12(t5)
core   0: 3 0x80008438 (0xff4f4d83) x27 0x00000000 mem 0x8001c9b3
core   0: 0x8000843c (0xf02a1d03) lh      s10, -254(s4)
core   0: 3 0x8000843c (0xf02a1d03) x26 0x00000000 mem 0x8002192a
core   0: 0x80008440 (0xff58d303) lhu     t1, -11(a7)
core   0: 3 0x80008440 (0xff58d303) x 6 0x00000000 mem 0x800238bc
core   0: 0x80008444 (0x052fc583) lbu     a1, 82(t6)
core   0: 3 0x80008444 (0x052fc583) x11 0x00000000 mem 0x80017a83
core   0: 0x80008448 (0xf94a0e03) lb      t3, -108(s4)
core   0: 3 0x80008448 (0xf94a0e03) x28 0x00000000 mem 0x800219bc
core   0: 0x8000844c (0xffb89da3) sh      s11, -5(a7)
core   0: 3 0x8000844c (0xffb89da3) mem 0x800238c2 0x0000
core   0: 0x80008450 (0xff3f4203) lbu     tp, -13(t5)
core   0: 3 0x80008450 (0xff3f4203) x 4 0x00000000 mem 0x8001c9b2
core   0: 0x80008454 (0xf1ba0a83) lb      s5, -229(s4)
core   0: 3 0x80008454 (0xf1ba0a83) x21 0x00000000 mem 0x80021943
core   0: 0x80008458 (0xa45c5903) lhu     s2, -1467(s8)
core   0: 3 0x80008458 (0xa45c5903) x18 0x00000000 mem 0x8001dabe
core   0: 0x8000845c (0x1bdf8523) sb      t4, 426(t6)
core   0: 3 0x8000845c (0x1bdf8523) mem 0x80017bdb 0x1
core   0: 0x80008460 (0x4b7f8423) sb      s7, 1192(t6)
core   0: 3 0x80008460 (0x4b7f8423) mem 0x80017ed9 0xb3
core   0: 0x80008464 (0x01788323) sb      s7, 6(a7)
core   0: 3 0x80008464 (0x01788323) mem 0x800238cd 0xb3
core   0: 0x80008468 (0xa06f85a3) sb      t1, -1525(t6)
core   0: 3 0x80008468 (0xa06f85a3) mem 0x8001743c 0x0
core   0: 0x8000846c (0xffb89d03) lh      s10, -5(a7)
core   0: 3 0x8000846c (0xffb89d03) x26 0x00000000 mem 0x800238c2
core   0: 0x80008470 (0xff688a23) sb      s6, -12(a7)
core   0: 3 0x80008470 (0xff688a23) mem 0x800238bb 0x0
core   0: 0x80008474 (0x00688003) lb      zero, 6(a7)
core   0: 3 0x80008474 (0x00688003) mem 0x800238cd
core   0: 0x80008478 (0xaefc2c83) lw      s9, -1297(s8)
core   0: 3 0x80008478 (0xaefc2c83) x25 0x00000000 mem 0x8001db68
core   0: 0x8000847c (0xff6f0e03) lb      t3, -10(t5)
core   0: 3 0x8000847c (0xff6f0e03) x28 0x00000000 mem 0x8001c9b5
core   0: 0x80008480 (0xffef0383) lb      t2, -2(t5)
core   0: 3 0x80008480 (0xffef0383) x 7 0x00000000 mem 0x8001c9bd
core   0: 0x80008484 (0xabdc5383) lhu     t2, -1347(s8)
core   0: 3 0x80008484 (0xabdc5383) x 7 0x00000000 mem 0x8001db36
core   0: 0x80008488 (0x020a5a83) lhu     s5, 32(s4)
core   0: 3 0x80008488 (0x020a5a83) x21 0x00000000 mem 0x80021a48
core   0: 0x8000848c (0xbd5f8623) sb      s5, -1076(t6)
core   0: 3 0x8000848c (0xbd5f8623) mem 0x800175fd 0x0
core   0: 0x80008490 (0x00019d17) auipc   s10, 0x19
core   0: 3 0x80008490 (0x00019d17) x26 0x80021490
core   0: 0x80008494 (0xdced0d13) addi    s10, s10, -562
core   0: 3 0x80008494 (0xdced0d13) x26 0x8002125e
core   0: 0x80008498 (0x7ebd4703) lbu     a4, 2027(s10)
core   0: 3 0x80008498 (0x7ebd4703) x14 0x00000000 mem 0x80021a49
core   0: 0x8000849c (0x0ff0000f) fence   iorw,iorw
core   0: 3 0x8000849c (0x0ff0000f)
core   0: 0x800084a0 (0x7ebd0a83) lb      s5, 2027(s10)
core   0: 3 0x800084a0 (0x7ebd0a83) x21 0x00000000 mem 0x80021a49
core   0: 0x800084a4 (0x7ebd0683) lb      a3, 2027(s10)
core   0: 3 0x800084a4 (0x7ebd0683) x13 0x00000000 mem 0x80021a49
core   0: 0x800084a8 (0xa58d1e03) lh      t3, -1448(s10)
core   0: 3 0x800084a8 (0xa58d1e03) x28 0x00000000 mem 0x80020cb6
core   0: 0x800084ac (0xaa1d0283) lb      t0, -1375(s10)
core   0: 3 0x800084ac (0xaa1d0283) x 5 0x00000000 mem 0x80020cff
core   0: 0x800084b0 (0x992d0fa3) sb      s2, -1633(s10)
core   0: 3 0x800084b0 (0x992d0fa3) mem 0x80020bfd 0x0
core   0: 0x800084b4 (0x005cb7b3) sltu    a5, s9, t0
core   0: 3 0x800084b4 (0x005cb7b3) x15 0x00000000
core   0: 0x800084b8 (0xe80d0a23) sb      zero, -364(s10)
core   0: 3 0x800084b8 (0xe80d0a23) mem 0x800210f2 0x0
core   0: 0x800084bc (0xe94d5583) lhu     a1, -364(s10)
core   0: 3 0x800084bc (0xe94d5583) x11 0x00000000 mem 0x800210f2
core   0: 0x800084c0 (0xe8bd1a23) sh      a1, -364(s10)
core   0: 3 0x800084c0 (0xe8bd1a23) mem 0x800210f2 0x0000
core   0: 0x800084c4 (0x447d4283) lbu     t0, 1095(s10)
core   0: 3 0x800084c4 (0x447d4283) x 5 0x00000000 mem 0x800216a5
core   0: 0x800084c8 (0x446d03a3) sb      t1, 1095(s10)
core   0: 3 0x800084c8 (0x446d03a3) mem 0x800216a5 0x0
core   0: 0x800084cc (0x0000dc97) auipc   s9, 0xd
core   0: 3 0x800084cc (0x0000dc97) x25 0x800154cc
core   0: 0x800084d0 (0x4afc8c93) addi    s9, s9, 1199
core   0: 3 0x800084d0 (0x4afc8c93) x25 0x8001597b
core   0: 0x800084d4 (0x40c955b3) sra     a1, s2, a2
core   0: 3 0x800084d4 (0x40c955b3) x11 0x00000000
core   0: 0x800084d8 (0x46072d93) slti    s11, a4, 1120
core   0: 3 0x800084d8 (0x46072d93) x27 0x00000001
core   0: 0x800084dc (0xf55c9303) lh      t1, -171(s9)
core   0: 3 0x800084dc (0xf55c9303) x 6 0x00000100 mem 0x800158d0
core   0: 0x800084e0 (0x00aa0db3) add     s11, s4, a0
core   0: 3 0x800084e0 (0x00aa0db3) x27 0x0005070c
core   0: 0x800084e4 (0xf7bc8823) sb      s11, -144(s9)
core   0: 3 0x800084e4 (0xf7bc8823) mem 0x800158eb 0xc
core   0: 0x800084e8 (0x01a943b3) xor     t2, s2, s10
core   0: 3 0x800084e8 (0x01a943b3) x 7 0x8002125e
core   0: 0x800084ec (0x01cd3ab3) sltu    s5, s10, t3
core   0: 3 0x800084ec (0x01cd3ab3) x21 0x00000000
core   0: 0x800084f0 (0x40c75493) srai    s1, a4, 12
core   0: 3 0x800084f0 (0x40c75493) x 9 0x00000000
core   0: 0x800084f4 (0xf3bc9383) lh      t2, -197(s9)
core   0: 3 0x800084f4 (0xf3bc9383) x 7 0x00000000 mem 0x800158b6
core   0: 0x800084f8 (0x00b049b3) xor     s3, zero, a1
core   0: 3 0x800084f8 (0x00b049b3) x19 0x00000000
core   0: 0x800084fc (0x04cc8323) sb      a2, 70(s9)
core   0: 3 0x800084fc (0x04cc8323) mem 0x800159c1 0x0
core   0: 0x80008500 (0x4d620a13) addi    s4, tp, 1238
core   0: 3 0x80008500 (0x4d620a13) x20 0x000004d6
core   0: 0x80008504 (0x73688813) addi    a6, a7, 1846
core   0: 3 0x80008504 (0x73688813) x16 0x80023ffd
core   0: 0x80008508 (0xf94c8283) lb      t0, -108(s9)
core   0: 3 0x80008508 (0xf94c8283) x 5 0x00000000 mem 0x8001590f
core   0: 0x8000850c (0x018cc483) lbu     s1, 24(s9)
core   0: 3 0x8000850c (0x018cc483) x 9 0x00000059 mem 0x80015993
core   0: 0x80008510 (0x01e056b3) srl     a3, zero, t5
core   0: 3 0x80008510 (0x01e056b3) x13 0x00000000
core   0: 0x80008514 (0xf74cce83) lbu     t4, -140(s9)
core   0: 3 0x80008514 (0xf74cce83) x29 0x00000000 mem 0x800158ef
core   0: 0x80008518 (0x0184de13) srli    t3, s1, 24
core   0: 3 0x80008518 (0x0184de13) x28 0x00000000
core   0: 0x8000851c (0x03bc8023) sb      s11, 32(s9)
core   0: 3 0x8000851c (0x03bc8023) mem 0x8001599b 0xc
core   0: 0x80008520 (0xff8cc403) lbu     s0, -8(s9)
core   0: 3 0x80008520 (0xff8cc403) x 8 0x00000000 mem 0x80015973
core   0: 0x80008524 (0xc9c64893) xori    a7, a2, -868
core   0: 3 0x80008524 (0xc9c64893) x17 0xfffffc9c
core   0: 0x80008528 (0x013cd1b3) srl     gp, s9, s3
core   0: 3 0x80008528 (0x013cd1b3) x 3 0x8001597b
core   0: 0x8000852c (0x0aecc383) lbu     t2, 174(s9)
core   0: 3 0x8000852c (0x0aecc383) x 7 0x00000000 mem 0x80015a29
core   0: 0x80008530 (0x71cc5937) lui     s2, 0x71cc5
core   0: 3 0x80008530 (0x71cc5937) x18 0x71cc5000
core   0: 0x80008534 (0xf2cccc03) lbu     s8, -212(s9)
core   0: 3 0x80008534 (0xf2cccc03) x24 0x00000080 mem 0x800158a7
core   0: 0x80008538 (0x0000100f) fence.i
core   0: 3 0x80008538 (0x0000100f)
core   0: 0x8000853c (0xf6ac8d03) lb      s10, -150(s9)
core   0: 3 0x8000853c (0xf6ac8d03) x26 0x00000000 mem 0x800158e5
core   0: 0x80008540 (0x0000de97) auipc   t4, 0xd
core   0: 3 0x80008540 (0x0000de97) x29 0x80015540
core   0: 0x80008544 (0xfbde8e93) addi    t4, t4, -67
core   0: 3 0x80008544 (0xfbde8e93) x29 0x800154fd
core   0: 0x80008548 (0x000e8023) sb      zero, 0(t4)
core   0: 3 0x80008548 (0x000e8023) mem 0x800154fd 0x0
core   0: 0x8000854c (0x00ddf9b3) and     s3, s11, a3
core   0: 3 0x8000854c (0x00ddf9b3) x19 0x00000000
core   0: 0x80008550 (0x00fed303) lhu     t1, 15(t4)
core   0: 3 0x80008550 (0x00fed303) x 6 0x00000000 mem 0x8001550c
core   0: 0x80008554 (0x005ea7a3) sw      t0, 15(t4)
core   0: 3 0x80008554 (0x005ea7a3) mem 0x8001550c 0x00000000
core   0: 0x80008558 (0x00fe8183) lb      gp, 15(t4)
core   0: 3 0x80008558 (0x00fe8183) x 3 0x00000000 mem 0x8001550c
core   0: 0x8000855c (0x013e8523) sb      s3, 10(t4)
core   0: 3 0x8000855c (0x013e8523) mem 0x80015507 0x0
core   0: 0x80008560 (0x4051dc93) srai    s9, gp, 5
core   0: 3 0x80008560 (0x4051dc93) x25 0x00000000
core   0: 0x80008564 (0x00ae8523) sb      a0, 10(t4)
core   0: 3 0x80008564 (0x00ae8523) mem 0x80015507 0xe4
core   0: 0x80008568 (0x0000100f) fence.i
core   0: 3 0x80008568 (0x0000100f)
core   0: 0x8000856c (0x01b8f833) and     a6, a7, s11
core   0: 3 0x8000856c (0x01b8f833) x16 0x0005040c
core   0: 0x80008570 (0x015e8523) sb      s5, 10(t4)
core   0: 3 0x80008570 (0x015e8523) mem 0x80015507 0x0
core   0: 0x80008574 (0x3d236a13) ori     s4, t1, 978
core   0: 3 0x80008574 (0x3d236a13) x20 0x000003d2
core   0: 0x80008578 (0x000e8523) sb      zero, 10(t4)
core   0: 3 0x80008578 (0x000e8523) mem 0x80015507 0x0
core   0: 0x8000857c (0x00257333) and     t1, a0, sp
core   0: 3 0x8000857c (0x00257333) x 6 0x8002ac20
core   0: 0x80008580 (0x002e9b13) slli    s6, t4, 2
core   0: 3 0x80008580 (0x002e9b13) x22 0x000553f4
core   0: 0x80008584 (0x01ee8523) sb      t5, 10(t4)
core   0: 3 0x80008584 (0x01ee8523) mem 0x80015507 0xbf
core   0: 0x80008588 (0x00ae8283) lb      t0, 10(t4)
core   0: 3 0x80008588 (0x00ae8283) x 5 0xffffffbf mem 0x80015507
core   0: 0x8000858c (0x0000d097) auipc   ra, 0xd
core   0: 3 0x8000858c (0x0000d097) x 1 0x8001558c
core   0: 0x80008590 (0xd8008093) addi    ra, ra, -640
core   0: 3 0x80008590 (0xd8008093) x 1 0x8001530c
core   0: 0x80008594 (0x003b9f33) sll     t5, s7, gp
core   0: 3 0x80008594 (0x003b9f33) x30 0xd1eeaab3
core   0: 0x80008598 (0x00787433) and     s0, a6, t2
core   0: 3 0x80008598 (0x00787433) x 8 0x00000000
core   0: 0x8000859c (0x41ca05b3) sub     a1, s4, t3
core   0: 3 0x8000859c (0x41ca05b3) x11 0x000003d2
core   0: 0x800085a0 (0x403a5f93) srai    t6, s4, 3
core   0: 3 0x800085a0 (0x403a5f93) x31 0x0000007a
core   0: 0x800085a4 (0x17108a83) lb      s5, 369(ra)
core   0: 3 0x800085a4 (0x17108a83) x21 0x00000000 mem 0x8001547d
core   0: 0x800085a8 (0xd2208fa3) sb      sp, -705(ra)
core   0: 3 0x800085a8 (0xd2208fa3) mem 0x8001504b 0x38
core   0: 0x800085ac (0x41fd5393) srai    t2, s10, 31
core   0: 3 0x800085ac (0x41fd5393) x 7 0x00000000
core   0: 0x800085b0 (0x72b74c13) xori    s8, a4, 1835
core   0: 3 0x800085b0 (0x72b74c13) x24 0x0000072b
core   0: 0x800085b4 (0x3810ca83) lbu     s5, 897(ra)
core   0: 3 0x800085b4 (0x3810ca83) x21 0x00000000 mem 0x8001568d
core   0: 0x800085b8 (0xdaa08aa3) sb      a0, -587(ra)
core   0: 3 0x800085b8 (0xdaa08aa3) mem 0x800150c1 0xe4
core   0: 0x800085bc (0x006c5d93) srli    s11, s8, 6
core   0: 3 0x800085bc (0x006c5d93) x27 0x0000001c
core   0: 0x800085c0 (0x16b087a3) sb      a1, 367(ra)
core   0: 3 0x800085c0 (0x16b087a3) mem 0x8001547b 0xd2
core   0: 0x800085c4 (0x0154cf33) xor     t5, s1, s5
core   0: 3 0x800085c4 (0x0154cf33) x30 0x00000059
core   0: 0x800085c8 (0x1bd08e83) lb      t4, 445(ra)
core   0: 3 0x800085c8 (0x1bd08e83) x29 0x00000000 mem 0x800154c9
core   0: 0x800085cc (0x3390cf83) lbu     t6, 825(ra)
core   0: 3 0x800085cc (0x3390cf83) x31 0x00000000 mem 0x80015645
core   0: 0x800085d0 (0x20f62db7) lui     s11, 0x20f62
core   0: 3 0x800085d0 (0x20f62db7) x27 0x20f62000
core   0: 0x800085d4 (0x30a08683) lb      a3, 778(ra)
core   0: 3 0x800085d4 (0x30a08683) x13 0x00000000 mem 0x80015616
core   0: 0x800085d8 (0x0000100f) fence.i
core   0: 3 0x800085d8 (0x0000100f)
core   0: 0x800085dc (0x63d08e83) lb      t4, 1597(ra)
core   0: 3 0x800085dc (0x63d08e83) x29 0x00000000 mem 0x80015949
core   0: 0x800085e0 (0xfeb43493) sltiu   s1, s0, -21
core   0: 3 0x800085e0 (0xfeb43493) x 9 0x00000001
core   0: 0x800085e4 (0xe63db993) sltiu   s3, s11, -413
core   0: 3 0x800085e4 (0xe63db993) x19 0x00000001
core   0: 0x800085e8 (0x01fc9613) slli    a2, s9, 31
core   0: 3 0x800085e8 (0x01fc9613) x12 0x00000000
core   0: 0x800085ec (0x931e4013) xori    zero, t3, -1743
core   0: 3 0x800085ec (0x931e4013)
core   0: 0x800085f0 (0x0ff0000f) fence   iorw,iorw
core   0: 3 0x800085f0 (0x0ff0000f)
core   0: 0x800085f4 (0x6c608723) sb      t1, 1742(ra)
core   0: 3 0x800085f4 (0x6c608723) mem 0x800159da 0x20
core   0: 0x800085f8 (0x00680233) add     tp, a6, t1
core   0: 3 0x800085f8 (0x00680233) x 4 0x8007b02c
core   0: 0x800085fc (0x01995793) srli    a5, s2, 25
core   0: 3 0x800085fc (0x01995793) x15 0x00000038
core   0: 0x80008600 (0x00000013) nop
core   0: 3 0x80008600 (0x00000013)
core   0: 0x80008604 (0x0003e1b3) or      gp, t2, zero
core   0: 3 0x80008604 (0x0003e1b3) x 3 0x00000000
core   0: 0x80008608 (0x44b8f217) auipc   tp, 0x44b8f
core   0: 3 0x80008608 (0x44b8f217) x 4 0xc4b97608
core   0: 0x8000860c (0x0000100f) fence.i
core   0: 3 0x8000860c (0x0000100f)
core   0: 0x80008610 (0x0000100f) fence.i
core   0: 3 0x80008610 (0x0000100f)
core   0: 0x80008614 (0x2f25f313) andi    t1, a1, 754
core   0: 3 0x80008614 (0x2f25f313) x 6 0x000002d2
core   0: 0x80008618 (0x09a0c283) lbu     t0, 154(ra)
core   0: 3 0x80008618 (0x09a0c283) x 5 0x00000000 mem 0x800153a6
core   0: 0x8000861c (0x58a09923) sh      a0, 1426(ra)
core   0: 3 0x8000861c (0x58a09923) mem 0x8001589e 0xece4
core   0: 0x80008620 (0x056cf213) andi    tp, s9, 86
core   0: 3 0x80008620 (0x056cf213) x 4 0x00000000
core   0: 0x80008624 (0x00bdda93) srli    s5, s11, 11
core   0: 3 0x80008624 (0x00bdda93) x21 0x00041ec4
core   0: 0x80008628 (0x402286b3) sub     a3, t0, sp
core   0: 3 0x80008628 (0x402286b3) x13 0x7ffd51c8
core   0: 0x8000862c (0x9766bd93) sltiu   s11, a3, -1674
core   0: 3 0x8000862c (0x9766bd93) x27 0x00000001
core   0: 0x80008630 (0xd6308d03) lb      s10, -669(ra)
core   0: 3 0x80008630 (0xd6308d03) x26 0x00000000 mem 0x8001506f
core   0: 0x80008634 (0x0000100f) fence.i
core   0: 3 0x80008634 (0x0000100f)
core   0: 0x80008638 (0xdef08583) lb      a1, -529(ra)
core   0: 3 0x80008638 (0xdef08583) x11 0x00000000 mem 0x800150fb
core   0: 0x8000863c (0x00019b17) auipc   s6, 0x19
core   0: 3 0x8000863c (0x00019b17) x22 0x8002163c
core   0: 0x80008640 (0x2c0b0b13) addi    s6, s6, 704
core   0: 3 0x80008640 (0x2c0b0b13) x22 0x800218fc
core   0: 0x80008644 (0xfe3b0da3) sb      gp, -5(s6)
core   0: 3 0x80008644 (0xfe3b0da3) mem 0x800218f7 0x0
core   0: 0x80008648 (0x001b0c03) lb      s8, 1(s6)
core   0: 3 0x80008648 (0x001b0c03) x24 0x00000000 mem 0x800218fd
core   0: 0x8000864c (0x001b4683) lbu     a3, 1(s6)
core   0: 3 0x8000864c (0x001b4683) x13 0x00000000 mem 0x800218fd
core   0: 0x80008650 (0x001b4d03) lbu     s10, 1(s6)
core   0: 3 0x80008650 (0x001b4d03) x26 0x00000000 mem 0x800218fd
core   0: 0x80008654 (0x015b00a3) sb      s5, 1(s6)
core   0: 3 0x80008654 (0x015b00a3) mem 0x800218fd 0xc4
core   0: 0x80008658 (0x015b00a3) sb      s5, 1(s6)
core   0: 3 0x80008658 (0x015b00a3) mem 0x800218fd 0xc4
core   0: 0x8000865c (0x009b00a3) sb      s1, 1(s6)
core   0: 3 0x8000865c (0x009b00a3) mem 0x800218fd 0x1
core   0: 0x80008660 (0x00659f93) slli    t6, a1, 6
core   0: 3 0x80008660 (0x00659f93) x31 0x00000000
core   0: 0x80008664 (0x014f5d13) srli    s10, t5, 20
core   0: 3 0x80008664 (0x014f5d13) x26 0x00000000
core   0: 0x80008668 (0x001b0c83) lb      s9, 1(s6)
core   0: 3 0x80008668 (0x001b0c83) x25 0x00000001 mem 0x800218fd
core   0: 0x8000866c (0x015b00a3) sb      s5, 1(s6)
core   0: 3 0x8000866c (0x015b00a3) mem 0x800218fd 0xc4
core   0: 0x80008670 (0x001b00a3) sb      ra, 1(s6)
core   0: 3 0x80008670 (0x001b00a3) mem 0x800218fd 0xc
core   0: 0x80008674 (0xb00193b7) lui     t2, 0xb0019
core   0: 3 0x80008674 (0xb00193b7) x 7 0xb0019000
core   0: 0x80008678 (0x001b4083) lbu     ra, 1(s6)
core   0: 3 0x80008678 (0x001b4083) x 1 0x0000000c mem 0x800218fd
core   0: 0x8000867c (0x011b00a3) sb      a7, 1(s6)
core   0: 3 0x8000867c (0x011b00a3) mem 0x800218fd 0x9c
core   0: 0x80008680 (0x001b4183) lbu     gp, 1(s6)
core   0: 3 0x80008680 (0x001b4183) x 3 0x0000009c mem 0x800218fd
core   0: 0x80008684 (0x001b0f83) lb      t6, 1(s6)
core   0: 3 0x80008684 (0x001b0f83) x31 0xffffff9c mem 0x800218fd
core   0: 0x80008688 (0x000b00a3) sb      zero, 1(s6)
core   0: 3 0x80008688 (0x000b00a3) mem 0x800218fd 0x0
core   0: 0x8000868c (0x001b4a03) lbu     s4, 1(s6)
core   0: 3 0x8000868c (0x001b4a03) x20 0x00000000 mem 0x800218fd
core   0: 0x80008690 (0x4090d593) srai    a1, ra, 9
core   0: 3 0x80008690 (0x4090d593) x11 0x00000000
core   0: 0x80008694 (0x001b4e83) lbu     t4, 1(s6)
core   0: 3 0x80008694 (0x001b4e83) x29 0x00000000 mem 0x800218fd
core   0: 0x80008698 (0x000b00a3) sb      zero, 1(s6)
core   0: 3 0x80008698 (0x000b00a3) mem 0x800218fd 0x0
core   0: 0x8000869c (0x001b0d03) lb      s10, 1(s6)
core   0: 3 0x8000869c (0x001b0d03) x26 0x00000000 mem 0x800218fd
core   0: 0x800086a0 (0x0000d497) auipc   s1, 0xd
core   0: 3 0x800086a0 (0x0000d497) x 9 0x800156a0
core   0: 0x800086a4 (0x5c548493) addi    s1, s1, 1477
core   0: 3 0x800086a4 (0x5c548493) x 9 0x80015c65
core   0: 0x800086a8 (0x02d4d883) lhu     a7, 45(s1)
core   0: 3 0x800086a8 (0x02d4d883) x17 0x00000001 mem 0x80015c92
core   0: 0x800086ac (0x01248083) lb      ra, 18(s1)
core   0: 3 0x800086ac (0x01248083) x 1 0x00000000 mem 0x80015c77
core   0: 0x800086b0 (0x032496a3) sh      s2, 45(s1)
core   0: 3 0x800086b0 (0x032496a3) mem 0x80015c92 0x5000
core   0: 0x800086b4 (0x02d4d203) lhu     tp, 45(s1)
core   0: 3 0x800086b4 (0x02d4d203) x 4 0x00005000 mem 0x80015c92
core   0: 0x800086b8 (0xfd749ea3) sh      s7, -35(s1)
core   0: 3 0x800086b8 (0xfd749ea3) mem 0x80015c42 0xaab3
core   0: 0x800086bc (0xff748923) sb      s7, -14(s1)
core   0: 3 0x800086bc (0xff748923) mem 0x80015c57 0xb3
core   0: 0x800086c0 (0xff248583) lb      a1, -14(s1)
core   0: 3 0x800086c0 (0xff248583) x11 0xffffffb3 mem 0x80015c57
core   0: 0x800086c4 (0xf0c56f13) ori     t5, a0, -244
core   0: 3 0x800086c4 (0xf0c56f13) x30 0xffffffec
core   0: 0x800086c8 (0xff248303) lb      t1, -14(s1)
core   0: 3 0x800086c8 (0xff248303) x 6 0xffffffb3 mem 0x80015c57
core   0: 0x800086cc (0xff24c203) lbu     tp, -14(s1)
core   0: 3 0x800086cc (0xff24c203) x 4 0x000000b3 mem 0x80015c57
core   0: 0x800086d0 (0xfe848923) sb      s0, -14(s1)
core   0: 3 0x800086d0 (0xfe848923) mem 0x80015c57 0x0
core   0: 0x800086d4 (0xfee48323) sb      a4, -26(s1)
core   0: 3 0x800086d4 (0xfee48323) mem 0x80015c4b 0x0
core   0: 0x800086d8 (0xfe648c83) lb      s9, -26(s1)
core   0: 3 0x800086d8 (0xfe648c83) x25 0x00000000 mem 0x80015c4b
core   0: 0x800086dc (0x0224ce83) lbu     t4, 34(s1)
core   0: 3 0x800086dc (0x0224ce83) x29 0x000000ff mem 0x80015c87
core   0: 0x800086e0 (0x0224cc83) lbu     s9, 34(s1)
core   0: 3 0x800086e0 (0x0224cc83) x25 0x000000ff mem 0x80015c87
core   0: 0x800086e4 (0x826b8593) addi    a1, s7, -2010
core   0: 3 0x800086e4 (0x826b8593) x11 0xd1eea2d9
core   0: 0x800086e8 (0xfabbb393) sltiu   t2, s7, -85
core   0: 3 0x800086e8 (0xfabbb393) x 7 0x00000001
core   0: 0x800086ec (0x9f0f8a93) addi    s5, t6, -1552
core   0: 3 0x800086ec (0x9f0f8a93) x21 0xfffff98c
core   0: 0x800086f0 (0x0224ce83) lbu     t4, 34(s1)
core   0: 3 0x800086f0 (0x0224ce83) x29 0x000000ff mem 0x80015c87
core   0: 0x800086f4 (0xfcb49083) lh      ra, -53(s1)
core   0: 3 0x800086f4 (0xfcb49083) x 1 0x00000000 mem 0x80015c30
core   0: 0x800086f8 (0xfcb4d883) lhu     a7, -53(s1)
core   0: 3 0x800086f8 (0xfcb4d883) x17 0x00000000 mem 0x80015c30
core   0: 0x800086fc (0x02348c23) sb      gp, 56(s1)
core   0: 3 0x800086fc (0x02348c23) mem 0x80015c9d 0x9c
core   0: 0x80008700 (0x0ff0000f) fence   iorw,iorw
core   0: 3 0x80008700 (0x0ff0000f)
core   0: 0x80008704 (0x03d48403) lb      s0, 61(s1)
core   0: 3 0x80008704 (0x03d48403) x 8 0x00000000 mem 0x80015ca2
core   0: 0x80008708 (0x0001d217) auipc   tp, 0x1d
core   0: 3 0x80008708 (0x0001d217) x 4 0x80025708
core   0: 0x8000870c (0x95120213) addi    tp, tp, -1711
core   0: 3 0x8000870c (0x95120213) x 4 0x80025059
core   0: 0x80008710 (0xaa524983) lbu     s3, -1371(tp)
core   0: 3 0x80008710 (0xaa524983) x19 0x00000000 mem 0x80024afe
core   0: 0x80008714 (0xbb024983) lbu     s3, -1104(tp)
core   0: 3 0x80008714 (0xbb024983) x19 0x00000000 mem 0x80024c09
core   0: 0x80008718 (0x6a420b23) sb      tp, 1718(tp)
core   0: 3 0x80008718 (0x6a420b23) mem 0x8002570f 0x59
core   0: 0x8000871c (0x8b620aa3) sb      s6, -1867(tp)
core   0: 3 0x8000871c (0x8b620aa3) mem 0x8002490e 0xfc
core   0: 0x80008720 (0x1010ea13) ori     s4, ra, 257
core   0: 3 0x80008720 (0x1010ea13) x20 0x00000101
core   0: 0x80008724 (0x5dd21783) lh      a5, 1501(tp)
core   0: 3 0x80008724 (0x5dd21783) x15 0x00000000 mem 0x80025636
core   0: 0x80008728 (0xf78ad397) auipc   t2, 0xf78ad
core   0: 3 0x80008728 (0xf78ad397) x 7 0x778b5728
core   0: 0x8000872c (0xcd2219a3) sh      s2, -813(tp)
core   0: 3 0x8000872c (0xcd2219a3) mem 0x80024d2c 0x5000
core   0: 0x80008730 (0x03920423) sb      s9, 40(tp)
core   0: 3 0x80008730 (0x03920423) mem 0x80025081 0xff
core   0: 0x80008734 (0x0000100f) fence.i
core   0: 3 0x80008734 (0x0000100f)
core   0: 0x80008738 (0xac125a83) lhu     s5, -1343(tp)
core   0: 3 0x80008738 (0xac125a83) x21 0x00000000 mem 0x80024b1a
core   0: 0x8000873c (0x004ef9b3) and     s3, t4, tp
core   0: 3 0x8000873c (0x004ef9b3) x19 0x00000059
core   0: 0x80008740 (0x55924283) lbu     t0, 1369(tp)
core   0: 3 0x80008740 (0x55924283) x 5 0x00000000 mem 0x800255b2
core   0: 0x80008744 (0xf6820683) lb      a3, -152(tp)
core   0: 3 0x80008744 (0xf6820683) x13 0x00000000 mem 0x80024fc1
core   0: 0x80008748 (0x97f22403) lw      s0, -1665(tp)
core   0: 3 0x80008748 (0x97f22403) x 8 0x00000000 mem 0x800249d8
core   0: 0x8000874c (0xe2f24383) lbu     t2, -465(tp)
core   0: 3 0x8000874c (0xe2f24383) x 7 0x00000000 mem 0x80024e88
core   0: 0x80008750 (0xe2f21a83) lh      s5, -465(tp)
core   0: 3 0x80008750 (0xe2f21a83) x21 0x00000000 mem 0x80024e88
core   0: 0x80008754 (0x82c24603) lbu     a2, -2004(tp)
core   0: 3 0x80008754 (0x82c24603) x12 0x00000000 mem 0x80024885
core   0: 0x80008758 (0x0000fb17) auipc   s6, 0xf
core   0: 3 0x80008758 (0x0000fb17) x22 0x80017758
core   0: 0x8000875c (0xa52b0b13) addi    s6, s6, -1454
core   0: 3 0x8000875c (0xa52b0b13) x22 0x800171aa
core   0: 0x80008760 (0x002b1983) lh      s3, 2(s6)
core   0: 3 0x80008760 (0x002b1983) x19 0x00000000 mem 0x800171ac
core   0: 0x80008764 (0x002b5003) lhu     zero, 2(s6)
core   0: 3 0x80008764 (0x002b5003) mem 0x800171ac
core   0: 0x80008768 (0x00c8e233) or      tp, a7, a2
core   0: 3 0x80008768 (0x00c8e233) x 4 0x00000000
core   0: 0x8000876c (0x00ef90b3) sll     ra, t6, a4
core   0: 3 0x8000876c (0x00ef90b3) x 1 0xffffff9c
core   0: 0x80008770 (0x003b1123) sh      gp, 2(s6)
core   0: 3 0x80008770 (0x003b1123) mem 0x800171ac 0x009c
core   0: 0x80008774 (0x01111933) sll     s2, sp, a7
core   0: 3 0x80008774 (0x01111933) x18 0x8002ae38
core   0: 0x80008778 (0x002b1883) lh      a7, 2(s6)
core   0: 3 0x80008778 (0x002b1883) x17 0x0000009c mem 0x800171ac
core   0: 0x8000877c (0xff8b1f23) sh      s8, -2(s6)
core   0: 3 0x8000877c (0xff8b1f23) mem 0x800171a8 0x0000
core   0: 0x80008780 (0xffeb2a03) lw      s4, -2(s6)
core   0: 3 0x80008780 (0xffeb2a03) x20 0x00000000 mem 0x800171a8
core   0: 0x80008784 (0xffeb5e83) lhu     t4, -2(s6)
core   0: 3 0x80008784 (0xffeb5e83) x29 0x00000000 mem 0x800171a8
core   0: 0x80008788 (0xffeb0783) lb      a5, -2(s6)
core   0: 3 0x80008788 (0xffeb0783) x15 0x00000000 mem 0x800171a8
core   0: 0x8000878c (0x007b4303) lbu     t1, 7(s6)
core   0: 3 0x8000878c (0x007b4303) x 6 0x00000000 mem 0x800171b1
core   0: 0x80008790 (0x01b6b833) sltu    a6, a3, s11
core   0: 3 0x80008790 (0x01b6b833) x16 0x00000001
core   0: 0x80008794 (0x000b0083) lb      ra, 0(s6)
core   0: 3 0x80008794 (0x000b0083) x 1 0x00000000 mem 0x800171aa
core   0: 0x80008798 (0x01bb2323) sw      s11, 6(s6)
core   0: 3 0x80008798 (0x01bb2323) mem 0x800171b0 0x00000001
core   0: 0x8000879c (0x006b4383) lbu     t2, 6(s6)
core   0: 3 0x8000879c (0x006b4383) x 7 0x00000001 mem 0x800171b0
core   0: 0x800087a0 (0x00016917) auipc   s2, 0x16
core   0: 3 0x800087a0 (0x00016917) x18 0x8001e7a0
core   0: 0x800087a4 (0xc8690913) addi    s2, s2, -890
core   0: 3 0x800087a4 (0xc8690913) x18 0x8001e426
core   0: 0x800087a8 (0x002902a3) sb      sp, 5(s2)
core   0: 3 0x800087a8 (0x002902a3) mem 0x8001e42b 0x38
core   0: 0x800087ac (0x00594603) lbu     a2, 5(s2)
core   0: 3 0x800087ac (0x00594603) x12 0x00000038 mem 0x8001e42b
core   0: 0x800087b0 (0x009902a3) sb      s1, 5(s2)
core   0: 3 0x800087b0 (0x009902a3) mem 0x8001e42b 0x65
core   0: 0x800087b4 (0x00594d03) lbu     s10, 5(s2)
core   0: 3 0x800087b4 (0x00594d03) x26 0x00000065 mem 0x8001e42b
core   0: 0x800087b8 (0x00594f03) lbu     t5, 5(s2)
core   0: 3 0x800087b8 (0x00594f03) x30 0x00000065 mem 0x8001e42b
core   0: 0x800087bc (0x01018033) add     zero, gp, a6
core   0: 3 0x800087bc (0x01018033)
core   0: 0x800087c0 (0x005902a3) sb      t0, 5(s2)
core   0: 3 0x800087c0 (0x005902a3) mem 0x8001e42b 0x0
core   0: 0x800087c4 (0xfff94c83) lbu     s9, -1(s2)
core   0: 3 0x800087c4 (0xfff94c83) x25 0x00000000 mem 0x8001e425
core   0: 0x800087c8 (0xfe290fa3) sb      sp, -1(s2)
core   0: 3 0x800087c8 (0xfe290fa3) mem 0x8001e425 0x38
core   0: 0x800087cc (0x01661d93) slli    s11, a2, 22
core   0: 3 0x800087cc (0x01661d93) x27 0x0e000000
core   0: 0x800087d0 (0xfff90d03) lb      s10, -1(s2)
core   0: 3 0x800087d0 (0xfff90d03) x26 0x00000038 mem 0x8001e425
core   0: 0x800087d4 (0xfe792923) sw      t2, -14(s2)
core   0: 3 0x800087d4 (0xfe792923) mem 0x8001e418 0x00000001
core   0: 0x800087d8 (0xff291303) lh      t1, -14(s2)
core   0: 3 0x800087d8 (0xff291303) x 6 0x00000001 mem 0x8001e418
core   0: 0x800087dc (0x0ff0000f) fence   iorw,iorw
core   0: 3 0x800087dc (0x0ff0000f)
core   0: 0x800087e0 (0xff294283) lbu     t0, -14(s2)
core   0: 3 0x800087e0 (0xff294283) x 5 0x00000001 mem 0x8001e418
core   0: 0x800087e4 (0xece07693) andi    a3, zero, -306
core   0: 3 0x800087e4 (0xece07693) x13 0x00000000
core   0: 0x800087e8 (0xff292d03) lw      s10, -14(s2)
core   0: 3 0x800087e8 (0xff292d03) x26 0x00000001 mem 0x8001e418
core   0: 0x800087ec (0xff291b03) lh      s6, -14(s2)
core   0: 3 0x800087ec (0xff291b03) x22 0x00000001 mem 0x8001e418
core   0: 0x800087f0 (0xffc91923) sh      t3, -14(s2)
core   0: 3 0x800087f0 (0xffc91923) mem 0x8001e418 0x0000
core   0: 0x800087f4 (0x0000d597) auipc   a1, 0xd
core   0: 3 0x800087f4 (0x0000d597) x11 0x800157f4
core   0: 0x800087f8 (0xad858593) addi    a1, a1, -1320
core   0: 3 0x800087f8 (0xad858593) x11 0x800152cc
core   0: 0x800087fc (0xfbc70f17) auipc   t5, 0xfbc70
core   0: 3 0x800087fc (0xfbc70f17) x30 0x7bc787fc
core   0: 0x80008800 (0x0000beb3) sltu    t4, ra, zero
core   0: 3 0x80008800 (0x0000beb3) x29 0x00000000
core   0: 0x80008804 (0x40bb03b3) sub     t2, s6, a1
core   0: 3 0x80008804 (0x40bb03b3) x 7 0x7ffead35
core   0: 0x80008808 (0x02158983) lb      s3, 33(a1)
core   0: 3 0x80008808 (0x02158983) x19 0x00000000 mem 0x800152ed
core   0: 0x8000880c (0x01a5d403) lhu     s0, 26(a1)
core   0: 3 0x8000880c (0x01a5d403) x 8 0x00000000 mem 0x800152e6
core   0: 0x80008810 (0xfc55c403) lbu     s0, -59(a1)
core   0: 3 0x80008810 (0xfc55c403) x 8 0x00000000 mem 0x80015291
core   0: 0x80008814 (0xfcc58b03) lb      s6, -52(a1)
core   0: 3 0x80008814 (0xfcc58b03) x22 0x00000000 mem 0x80015298
core   0: 0x80008818 (0x416e5333) sra     t1, t3, s6
core   0: 3 0x80008818 (0x416e5333) x 6 0x00000000
core   0: 0x8000881c (0x00758983) lb      s3, 7(a1)
core   0: 3 0x8000881c (0x00758983) x19 0x00000000 mem 0x800152d3
core   0: 0x80008820 (0xffe5ca03) lbu     s4, -2(a1)
core   0: 3 0x80008820 (0xffe5ca03) x20 0x00000000 mem 0x800152ca
core   0: 0x80008824 (0x02c5aa83) lw      s5, 44(a1)
core   0: 3 0x80008824 (0x02c5aa83) x21 0x00a20000 mem 0x800152f8
core   0: 0x80008828 (0x9d80f413) andi    s0, ra, -1576
core   0: 3 0x80008828 (0x9d80f413) x 8 0x00000000
core   0: 0x8000882c (0x02e5d683) lhu     a3, 46(a1)
core   0: 3 0x8000882c (0x02e5d683) x13 0x000000a2 mem 0x800152fa
core   0: 0x80008830 (0x0345c903) lbu     s2, 52(a1)
core   0: 3 0x80008830 (0x0345c903) x18 0x00000000 mem 0x80015300
core   0: 0x80008834 (0xaa437293) andi    t0, t1, -1372
core   0: 3 0x80008834 (0xaa437293) x 5 0x00000000
core   0: 0x80008838 (0x03a59e83) lh      t4, 58(a1)
core   0: 3 0x80008838 (0x03a59e83) x29 0x00000000 mem 0x80015306
core   0: 0x8000883c (0xfe55c383) lbu     t2, -27(a1)
core   0: 3 0x8000883c (0xfe55c383) x 7 0x00000000 mem 0x800152b1
core   0: 0x80008840 (0x0035c703) lbu     a4, 3(a1)
core   0: 3 0x80008840 (0x0035c703) x14 0x00000000 mem 0x800152cf
core   0: 0x80008844 (0xfc35cc83) lbu     s9, -61(a1)
core   0: 3 0x80008844 (0xfc35cc83) x25 0x00000000 mem 0x8001528f
core   0: 0x80008848 (0xeed44c93) xori    s9, s0, -275
core   0: 3 0x80008848 (0xeed44c93) x25 0xfffffeed
core   0: 0x8000884c (0x00c5c203) lbu     tp, 12(a1)
core   0: 3 0x8000884c (0x00c5c203) x 4 0x00000000 mem 0x800152d8
core   0: 0x80008850 (0x99647a93) andi    s5, s0, -1642
core   0: 3 0x80008850 (0x99647a93) x21 0x00000000
core   0: 0x80008854 (0x021583a3) sb      ra, 39(a1)
core   0: 3 0x80008854 (0x021583a3) mem 0x800152f3 0x0
core   0: 0x80008858 (0x00a0b233) sltu    tp, ra, a0
core   0: 3 0x80008858 (0x00a0b233) x 4 0x00000001
core   0: 0x8000885c (0x0000100f) fence.i
core   0: 3 0x8000885c (0x0000100f)
core   0: 0x80008860 (0x0000100f) fence.i
core   0: 3 0x80008860 (0x0000100f)
core   0: 0x80008864 (0x0198c933) xor     s2, a7, s9
core   0: 3 0x80008864 (0x0198c933) x18 0xfffffe71
core   0: 0x80008868 (0x00a3a333) slt     t1, t2, a0
core   0: 3 0x80008868 (0x00a3a333) x 6 0x00000000
core   0: 0x8000886c (0xff259923) sh      s2, -14(a1)
core   0: 3 0x8000886c (0xff259923) mem 0x800152be 0xfe71
core   0: 0x80008870 (0x00b58903) lb      s2, 11(a1)
core   0: 3 0x80008870 (0x00b58903) x18 0x00000000 mem 0x800152d7
core   0: 0x80008874 (0x4cf0d697) auipc   a3, 0x4cf0d
core   0: 3 0x80008874 (0x4cf0d697) x13 0xccf15874
core   0: 0x80008878 (0x00000013) nop
core   0: 3 0x80008878 (0x00000013)
core   0: 0x8000887c (0xfce5d183) lhu     gp, -50(a1)
core   0: 3 0x8000887c (0xfce5d183) x 3 0x00000000 mem 0x8001529a
core   0: 0x80008880 (0x234150b7) lui     ra, 0x23415
core   0: 3 0x80008880 (0x234150b7) x 1 0x23415000
core   0: 0x80008884 (0xfe05d283) lhu     t0, -32(a1)
core   0: 3 0x80008884 (0xfe05d283) x 5 0x00000000 mem 0x800152ac
core   0: 0x80008888 (0x12257e13) andi    t3, a0, 290
core   0: 3 0x80008888 (0x12257e13) x28 0x00000020
core   0: 0x8000888c (0x0265d483) lhu     s1, 38(a1)
core   0: 3 0x8000888c (0x0265d483) x 9 0x00000000 mem 0x800152f2
core   0: 0x80008890 (0xfde5d383) lhu     t2, -34(a1)
core   0: 3 0x80008890 (0xfde5d383) x 7 0x00000000 mem 0x800152aa
core   0: 0x80008894 (0x007534b3) sltu    s1, a0, t2
core   0: 3 0x80008894 (0x007534b3) x 9 0x00000000
core   0: 0x80008898 (0x01f5c183) lbu     gp, 31(a1)
core   0: 3 0x80008898 (0x01f5c183) x 3 0x00000000 mem 0x800152eb
core   0: 0x8000889c (0x0ff0000f) fence   iorw,iorw
core   0: 3 0x8000889c (0x0ff0000f)
core   0: 0x800088a0 (0x4da7f793) andi    a5, a5, 1242
core   0: 3 0x800088a0 (0x4da7f793) x15 0x00000000
core   0: 0x800088a4 (0xfcf5c283) lbu     t0, -49(a1)
core   0: 3 0x800088a4 (0xfcf5c283) x 5 0x00000000 mem 0x8001529b
core   0: 0x800088a8 (0x0305da03) lhu     s4, 48(a1)
core   0: 3 0x800088a8 (0x0305da03) x20 0x00000000 mem 0x800152fc
core   0: 0x800088ac (0x03658123) sb      s6, 34(a1)
core   0: 3 0x800088ac (0x03658123) mem 0x800152ee 0x0
core   0: 0x800088b0 (0x00d58c83) lb      s9, 13(a1)
core   0: 3 0x800088b0 (0x00d58c83) x25 0x00000000 mem 0x800152d9
core   0: 0x800088b4 (0x01a59483) lh      s1, 26(a1)
core   0: 3 0x800088b4 (0x01a59483) x 9 0x00000000 mem 0x800152e6
core   0: 0x800088b8 (0xff758703) lb      a4, -9(a1)
core   0: 3 0x800088b8 (0xff758703) x14 0x00000000 mem 0x800152c3
core   0: 0x800088bc (0x037584a3) sb      s7, 41(a1)
core   0: 3 0x800088bc (0x037584a3) mem 0x800152f5 0xb3
core   0: 0x800088c0 (0x0001cf17) auipc   t5, 0x1c
core   0: 3 0x800088c0 (0x0001cf17) x30 0x800248c0
core   0: 0x800088c4 (0x75df0f13) addi    t5, t5, 1885
core   0: 3 0x800088c4 (0x75df0f13) x30 0x8002501d
core   0: 0x800088c8 (0x008f0523) sb      s0, 10(t5)
core   0: 3 0x800088c8 (0x008f0523) mem 0x80025027 0x0
core   0: 0x800088cc (0x00af0383) lb      t2, 10(t5)
core   0: 3 0x800088cc (0x00af0383) x 7 0x00000000 mem 0x80025027
core   0: 0x800088d0 (0x01ff0523) sb      t6, 10(t5)
core   0: 3 0x800088d0 (0x01ff0523) mem 0x80025027 0x9c
core   0: 0x800088d4 (0x011f05a3) sb      a7, 11(t5)
core   0: 3 0x800088d4 (0x011f05a3) mem 0x80025028 0x9c
core   0: 0x800088d8 (0x00bf2603) lw      a2, 11(t5)
core   0: 3 0x800088d8 (0x00bf2603) x12 0x0000009c mem 0x80025028
core   0: 0x800088dc (0x000f05a3) sb      zero, 11(t5)
core   0: 3 0x800088dc (0x000f05a3) mem 0x80025028 0x0
core   0: 0x800088e0 (0x00ff05a3) sb      a5, 11(t5)
core   0: 3 0x800088e0 (0x00ff05a3) mem 0x80025028 0x0
core   0: 0x800088e4 (0x00a87cb3) and     s9, a6, a0
core   0: 3 0x800088e4 (0x00a87cb3) x25 0x00000000
core   0: 0x800088e8 (0x009f15a3) sh      s1, 11(t5)
core   0: 3 0x800088e8 (0x009f15a3) mem 0x80025028 0x0000
core   0: 0x800088ec (0x00bf4583) lbu     a1, 11(t5)
core   0: 3 0x800088ec (0x00bf4583) x11 0x00000000 mem 0x80025028
core   0: 0x800088f0 (0x016f25a3) sw      s6, 11(t5)
core   0: 3 0x800088f0 (0x016f25a3) mem 0x80025028 0x00000000
core   0: 0x800088f4 (0x00ea85b3) add     a1, s5, a4
core   0: 3 0x800088f4 (0x00ea85b3) x11 0x00000000
core   0: 0x800088f8 (0xffaf0fa3) sb      s10, -1(t5)
core   0: 3 0x800088f8 (0xffaf0fa3) mem 0x8002501c 0x1
core   0: 0x800088fc (0x6cbffe93) andi    t4, t6, 1739
core   0: 3 0x800088fc (0x6cbffe93) x29 0x00000688
core   0: 0x80008900 (0xfedf0c23) sb      a3, -8(t5)
core   0: 3 0x80008900 (0xfedf0c23) mem 0x80025015 0x74
core   0: 0x80008904 (0xff8f0e03) lb      t3, -8(t5)
core   0: 3 0x80008904 (0xff8f0e03) x28 0x00000074 mem 0x80025015
core   0: 0x80008908 (0xff8f0c03) lb      s8, -8(t5)
core   0: 3 0x80008908 (0xff8f0c03) x24 0x00000074 mem 0x80025015
core   0: 0x8000890c (0xfe5f0c23) sb      t0, -8(t5)
core   0: 3 0x8000890c (0xfe5f0c23) mem 0x80025015 0x0
core   0: 0x80008910 (0xff7f2783) lw      a5, -9(t5)
core   0: 3 0x80008910 (0xff7f2783) x15 0x00000000 mem 0x80025014
core   0: 0x80008914 (0x00010a97) auipc   s5, 0x10
core   0: 3 0x80008914 (0x00010a97) x21 0x80018914
core   0: 0x80008918 (0x5cca8a93) addi    s5, s5, 1484
core   0: 3 0x80008918 (0x5cca8a93) x21 0x80018ee0
core   0: 0x8000891c (0x00da8523) sb      a3, 10(s5)
core   0: 3 0x8000891c (0x00da8523) mem 0x80018eea 0x74
core   0: 0x80008920 (0xff8ade83) lhu     t4, -8(s5)
core   0: 3 0x80008920 (0xff8ade83) x29 0x00000000 mem 0x80018ed8
core   0: 0x80008924 (0x019a85a3) sb      s9, 11(s5)
core   0: 3 0x80008924 (0x019a85a3) mem 0x80018eeb 0x0
core   0: 0x80008928 (0x00ea9083) lh      ra, 14(s5)
core   0: 3 0x80008928 (0x00ea9083) x 1 0x00000000 mem 0x80018eee
core   0: 0x8000892c (0x019544b3) xor     s1, a0, s9
core   0: 3 0x8000892c (0x019544b3) x 9 0x8002ece4
core   0: 0x80008930 (0x007a8e03) lb      t3, 7(s5)
core   0: 3 0x80008930 (0x007a8e03) x28 0x00000000 mem 0x80018ee7
core   0: 0x80008934 (0xffaa9d23) sh      s10, -6(s5)
core   0: 3 0x80008934 (0xffaa9d23) mem 0x80018eda 0x0001
core   0: 0x80008938 (0x011c16b3) sll     a3, s8, a7
core   0: 3 0x80008938 (0x011c16b3) x13 0x40000000
core   0: 0x8000893c (0x000c0eb3) add     t4, s8, zero
core   0: 3 0x8000893c (0x000c0eb3) x29 0x00000074
core   0: 0x80008940 (0x1c536a37) lui     s4, 0x1c536
core   0: 3 0x80008940 (0x1c536a37) x20 0x1c536000
core   0: 0x80008944 (0x007a81a3) sb      t2, 3(s5)
core   0: 3 0x80008944 (0x007a81a3) mem 0x80018ee3 0x0
core   0: 0x80008948 (0xffeadc83) lhu     s9, -2(s5)
core   0: 3 0x80008948 (0xffeadc83) x25 0x00000000 mem 0x80018ede
core   0: 0x8000894c (0x00824a33) xor     s4, tp, s0
core   0: 3 0x8000894c (0x00824a33) x20 0x00000001
core   0: 0x80008950 (0x010a9523) sh      a6, 10(s5)
core   0: 3 0x80008950 (0x010a9523) mem 0x80018eea 0x0001
core   0: 0x80008954 (0xff4a9e83) lh      t4, -12(s5)
core   0: 3 0x80008954 (0xff4a9e83) x29 0x00000000 mem 0x80018ed4
core   0: 0x80008958 (0x012a5933) srl     s2, s4, s2
core   0: 3 0x80008958 (0x012a5933) x18 0x00000001
core   0: 0x8000895c (0x010a9703) lh      a4, 16(s5)
core   0: 3 0x8000895c (0x010a9703) x14 0x00000000 mem 0x80018ef0
core   0: 0x80008960 (0x417ad233) sra     tp, s5, s7
core   0: 3 0x80008960 (0x417ad233) x 4 0xfffff000
core   0: 0x80008964 (0x010aaf83) lw      t6, 16(s5)
core   0: 3 0x80008964 (0x010aaf83) x31 0x00000000 mem 0x80018ef0
core   0: 0x80008968 (0x00aada03) lhu     s4, 10(s5)
core   0: 3 0x80008968 (0x00aada03) x20 0x00000001 mem 0x80018eea
core   0: 0x8000896c (0x492c6897) auipc   a7, 0x492c6
core   0: 3 0x8000896c (0x492c6897) x17 0xc92ce96c
core   0: 0x80008970 (0x015c4433) xor     s0, s8, s5
core   0: 3 0x80008970 (0x015c4433) x 8 0x80018e94
core   0: 0x80008974 (0x017117b3) sll     a5, sp, s7
core   0: 3 0x80008974 (0x017117b3) x15 0x71c00000
core   0: 0x80008978 (0xbdc52037) lui     zero, 0xbdc52
core   0: 3 0x80008978 (0xbdc52037)
core   0: 0x8000897c (0xfeca8823) sb      a2, -16(s5)
core   0: 3 0x8000897c (0xfeca8823) mem 0x80018ed0 0x9c
core   0: 0x80008980 (0xff8a9383) lh      t2, -8(s5)
core   0: 3 0x80008980 (0xff8a9383) x 7 0x00000000 mem 0x80018ed8
core   0: 0x80008984 (0xfeda9a23) sh      a3, -12(s5)
core   0: 3 0x80008984 (0xfeda9a23) mem 0x80018ed4 0x0000
core   0: 0x80008988 (0x008a8183) lb      gp, 8(s5)
core   0: 3 0x80008988 (0x008a8183) x 3 0x00000000 mem 0x80018ee8
core   0: 0x8000898c (0x006ace83) lbu     t4, 6(s5)
core   0: 3 0x8000898c (0x006ace83) x29 0x00000000 mem 0x80018ee6
core   0: 0x80008990 (0x003ace03) lbu     t3, 3(s5)
core   0: 3 0x80008990 (0x003ace03) x28 0x00000000 mem 0x80018ee3
core   0: 0x80008994 (0x01e0db13) srli    s6, ra, 30
core   0: 3 0x80008994 (0x01e0db13) x22 0x00000000
core   0: 0x80008998 (0xff3ac983) lbu     s3, -13(s5)
core   0: 3 0x80008998 (0xff3ac983) x19 0x00000000 mem 0x80018ed3
core   0: 0x8000899c (0xff9ac703) lbu     a4, -7(s5)
core   0: 3 0x8000899c (0xff9ac703) x14 0x00000000 mem 0x80018ed9
core   0: 0x800089a0 (0xff4a8da3) sb      s4, -5(s5)
core   0: 3 0x800089a0 (0xff4a8da3) mem 0x80018edb 0x1
core   0: 0x800089a4 (0xff0a9083) lh      ra, -16(s5)
core   0: 3 0x800089a4 (0xff0a9083) x 1 0x0000009c mem 0x80018ed0
core   0: 0x800089a8 (0xffaadd03) lhu     s10, -6(s5)
core   0: 3 0x800089a8 (0xffaadd03) x26 0x00000101 mem 0x80018eda
core   0: 0x800089ac (0x00905f13) srli    t5, zero, 9
core   0: 3 0x800089ac (0x00905f13) x30 0x00000000
core   0: 0x800089b0 (0x01aa87a3) sb      s10, 15(s5)
core   0: 3 0x800089b0 (0x01aa87a3) mem 0x80018eef 0x1
core   0: 0x800089b4 (0x003ac803) lbu     a6, 3(s5)
core   0: 3 0x800089b4 (0x003ac803) x16 0x00000000 mem 0x80018ee3
core   0: 0x800089b8 (0x00ea9183) lh      gp, 14(s5)
core   0: 3 0x800089b8 (0x00ea9183) x 3 0x00000100 mem 0x80018eee
core   0: 0x800089bc (0x006adb03) lhu     s6, 6(s5)
core   0: 3 0x800089bc (0x006adb03) x22 0x00000000 mem 0x80018ee6
core   0: 0x800089c0 (0x017f5413) srli    s0, t5, 23
core   0: 3 0x800089c0 (0x017f5413) x 8 0x00000000
core   0: 0x800089c4 (0x78d38413) addi    s0, t2, 1933
core   0: 3 0x800089c4 (0x78d38413) x 8 0x0000078d
core   0: 0x800089c8 (0x005a8823) sb      t0, 16(s5)
core   0: 3 0x800089c8 (0x005a8823) mem 0x80018ef0 0x0
core   0: 0x800089cc (0xff7a8c03) lb      s8, -9(s5)
core   0: 3 0x800089cc (0xff7a8c03) x24 0x00000000 mem 0x80018ed7
core   0: 0x800089d0 (0x00010697) auipc   a3, 0x10
core   0: 3 0x800089d0 (0x00010697) x13 0x800189d0
core   0: 0x800089d4 (0x95e68693) addi    a3, a3, -1698
core   0: 3 0x800089d4 (0x95e68693) x13 0x8001832e
core   0: 0x800089d8 (0x65a68923) sb      s10, 1618(a3)
core   0: 3 0x800089d8 (0x65a68923) mem 0x80018980 0x1
core   0: 0x800089dc (0x65a68923) sb      s10, 1618(a3)
core   0: 3 0x800089dc (0x65a68923) mem 0x80018980 0x1
core   0: 0x800089e0 (0xc5168523) sb      a7, -950(a3)
core   0: 3 0x800089e0 (0xc5168523) mem 0x80017f78 0x6c
core   0: 0x800089e4 (0x9f692993) slti    s3, s2, -1546
core   0: 3 0x800089e4 (0x9f692993) x19 0x00000000
core   0: 0x800089e8 (0x86446e37) lui     t3, 0x86446
core   0: 3 0x800089e8 (0x86446e37) x28 0x86446000
core   0: 0x800089ec (0x007fc9b3) xor     s3, t6, t2
core   0: 3 0x800089ec (0x007fc9b3) x19 0x00000000
core   0: 0x800089f0 (0xffc6c483) lbu     s1, -4(a3)
core   0: 3 0x800089f0 (0xffc6c483) x 9 0x00000000 mem 0x8001832a
core   0: 0x800089f4 (0xfb1684a3) sb      a7, -87(a3)
core   0: 3 0x800089f4 (0xfb1684a3) mem 0x800182d7 0x6c
core   0: 0x800089f8 (0x003644b3) xor     s1, a2, gp
core   0: 3 0x800089f8 (0x003644b3) x 9 0x0000019c
core   0: 0x800089fc (0x79e69183) lh      gp, 1950(a3)
core   0: 3 0x800089fc (0x79e69183) x 3 0x00000000 mem 0x80018acc
core   0: 0x80008a00 (0x6a968aa3) sb      s1, 1717(a3)
core   0: 3 0x80008a00 (0x6a968aa3) mem 0x800189e3 0x9c
core   0: 0x80008a04 (0x6b568083) lb      ra, 1717(a3)
core   0: 3 0x80008a04 (0x6b568083) x 1 0xffffff9c mem 0x800189e3
core   0: 0x80008a08 (0x0fc68ea3) sb      t3, 253(a3)
core   0: 3 0x80008a08 (0x0fc68ea3) mem 0x8001842b 0x0
core   0: 0x80008a0c (0x0fd68d83) lb      s11, 253(a3)
core   0: 3 0x80008a0c (0x0fd68d83) x27 0x00000000 mem 0x8001842b
core   0: 0x80008a10 (0x1286c383) lbu     t2, 296(a3)
core   0: 3 0x80008a10 (0x1286c383) x 7 0x00000000 mem 0x80018456
core   0: 0x80008a14 (0xb1e6ae03) lw      t3, -1250(a3)
core   0: 3 0x80008a14 (0xb1e6ae03) x28 0x00000000 mem 0x80017e4c
core   0: 0x80008a18 (0x4068ddb3) sra     s11, a7, t1
core   0: 3 0x80008a18 (0x4068ddb3) x27 0xc92ce96c
core   0: 0x80008a1c (0x7756c283) lbu     t0, 1909(a3)
core   0: 3 0x80008a1c (0x7756c283) x 5 0x00000000 mem 0x80018aa3
core   0: 0x80008a20 (0x7756c403) lbu     s0, 1909(a3)
core   0: 3 0x80008a20 (0x7756c403) x 8 0x00000000 mem 0x80018aa3
core   0: 0x80008a24 (0x77568f83) lb      t6, 1909(a3)
core   0: 3 0x80008a24 (0x77568f83) x31 0x00000000 mem 0x80018aa3
core   0: 0x80008a28 (0x6dc69603) lh      a2, 1756(a3)
core   0: 3 0x80008a28 (0x6dc69603) x12 0x00000000 mem 0x80018a0a
core   0: 0x80008a2c (0x58e6a803) lw      a6, 1422(a3)
core   0: 3 0x80008a2c (0x58e6a803) x16 0x00000000 mem 0x800188bc
core   0: 0x80008a30 (0x00016997) auipc   s3, 0x16
core   0: 3 0x80008a30 (0x00016997) x19 0x8001ea30
core   0: 0x80008a34 (0x3a698993) addi    s3, s3, 934
core   0: 3 0x80008a34 (0x3a698993) x19 0x8001edd6
core   0: 0x80008a38 (0x9ee98183) lb      gp, -1554(s3)
core   0: 3 0x80008a38 (0x9ee98183) x 3 0x00000000 mem 0x8001e7c4
core   0: 0x80008a3c (0x6bc9d683) lhu     a3, 1724(s3)
core   0: 3 0x80008a3c (0x6bc9d683) x13 0x00000000 mem 0x8001f492
core   0: 0x80008a40 (0x4157dfb3) sra     t6, a5, s5
core   0: 3 0x80008a40 (0x4157dfb3) x31 0x71c00000
core   0: 0x80008a44 (0x8591f193) andi    gp, gp, -1959
core   0: 3 0x80008a44 (0x8591f193) x 3 0x00000000
core   0: 0x80008a48 (0x4c59c783) lbu     a5, 1221(s3)
core   0: 3 0x80008a48 (0x4c59c783) x15 0x00000000 mem 0x8001f29b
core   0: 0x80008a4c (0xe0899903) lh      s2, -504(s3)
core   0: 3 0x80008a4c (0xe0899903) x18 0x00000000 mem 0x8001ebde
core   0: 0x80008a50 (0x418f8f33) sub     t5, t6, s8
core   0: 3 0x80008a50 (0x418f8f33) x30 0x71c00000
core   0: 0x80008a54 (0xde99cf03) lbu     t5, -535(s3)
core   0: 3 0x80008a54 (0xde99cf03) x30 0x00000000 mem 0x8001ebbf
core   0: 0x80008a58 (0x47edae17) auipc   t3, 0x47eda
core   0: 3 0x80008a58 (0x47edae17) x28 0xc7ee2a58
core   0: 0x80008a5c (0x3ae99c03) lh      s8, 942(s3)
core   0: 3 0x80008a5c (0x3ae99c03) x24 0x00000000 mem 0x8001f184
core   0: 0x80008a60 (0x01bf65b3) or      a1, t5, s11
core   0: 3 0x80008a60 (0x01bf65b3) x11 0xc92ce96c
core   0: 0x80008a64 (0xd0899e83) lh      t4, -760(s3)
core   0: 3 0x80008a64 (0xd0899e83) x29 0x00000000 mem 0x8001eade
core   0: 0x80008a68 (0xda62a913) slti    s2, t0, -602
core   0: 3 0x80008a68 (0xda62a913) x18 0x00000000
core   0: 0x80008a6c (0x017c8fb3) add     t6, s9, s7
core   0: 3 0x80008a6c (0x017c8fb3) x31 0xd1eeaab3
core   0: 0x80008a70 (0x2c19c583) lbu     a1, 705(s3)
core   0: 3 0x80008a70 (0x2c19c583) x11 0x00000000 mem 0x8001f097
core   0: 0x80008a74 (0x40898fa3) sb      s0, 1055(s3)
core   0: 3 0x80008a74 (0x40898fa3) mem 0x8001f1f5 0x0
core   0: 0x80008a78 (0xee198d83) lb      s11, -287(s3)
core   0: 3 0x80008a78 (0xee198d83) x27 0x00000000 mem 0x8001ecb7
core   0: 0x80008a7c (0x69da2813) slti    a6, s4, 1693
core   0: 3 0x80008a7c (0x69da2813) x16 0x00000001
core   0: 0x80008a80 (0x766981a3) sb      t1, 1891(s3)
core   0: 3 0x80008a80 (0x766981a3) mem 0x8001f539 0x0
core   0: 0x80008a84 (0x0147d313) srli    t1, a5, 20
core   0: 3 0x80008a84 (0x0147d313) x 6 0x00000000
core   0: 0x80008a88 (0x3d19c003) lbu     zero, 977(s3)
core   0: 3 0x80008a88 (0x3d19c003) mem 0x8001f1a7
core   0: 0x80008a8c (0xc0998aa3) sb      s1, -1003(s3)
core   0: 3 0x80008a8c (0xc0998aa3) mem 0x8001e9eb 0x9c
core   0: 0x80008a90 (0x40815333) sra     t1, sp, s0
core   0: 3 0x80008a90 (0x40815333) x 6 0x8002ae38
core   0: 0x80008a94 (0x66e987a3) sb      a4, 1647(s3)
core   0: 3 0x80008a94 (0x66e987a3) mem 0x8001f445 0x0
core   0: 0x80008a98 (0x4439c883) lbu     a7, 1091(s3)
core   0: 3 0x80008a98 (0x4439c883) x17 0x00000000 mem 0x8001f219
core   0: 0x80008a9c (0x408e82b3) sub     t0, t4, s0
core   0: 3 0x80008a9c (0x408e82b3) x 5 0x00000000
core   0: 0x80008aa0 (0x00b263b3) or      t2, tp, a1
core   0: 3 0x80008aa0 (0x00b263b3) x 7 0xfffff000
core   0: 0x80008aa4 (0x8b8da0b7) lui     ra, 0x8b8da
core   0: 3 0x80008aa4 (0x8b8da0b7) x 1 0x8b8da000
core   0: 0x80008aa8 (0xaa498d23) sb      tp, -1350(s3)
core   0: 3 0x80008aa8 (0xaa498d23) mem 0x8001e890 0x0
core   0: 0x80008aac (0x00999e33) sll     t3, s3, s1
core   0: 3 0x80008aac (0x00999e33) x28 0x60000000
core   0: 0x80008ab0 (0x49299223) sh      s2, 1156(s3)
core   0: 3 0x80008ab0 (0x49299223) mem 0x8001f25a 0x0000
core   0: 0x80008ab4 (0x07c98903) lb      s2, 124(s3)
core   0: 3 0x80008ab4 (0x07c98903) x18 0x00000000 mem 0x8001ee52
core   0: 0x80008ab8 (0x91d83313) sltiu   t1, a6, -1763
core   0: 3 0x80008ab8 (0x91d83313) x 6 0x00000001
core   0: 0x80008abc (0xbcdfddb7) lui     s11, 0xbcdfd
core   0: 3 0x80008abc (0xbcdfddb7) x27 0xbcdfd000
core   0: 0x80008ac0 (0xde4980a3) sb      tp, -543(s3)
core   0: 3 0x80008ac0 (0xde4980a3) mem 0x8001ebb7 0x0
core   0: 0x80008ac4 (0x014c1633) sll     a2, s8, s4
core   0: 3 0x80008ac4 (0x014c1633) x12 0x00000000
core   0: 0x80008ac8 (0xa3698223) sb      s6, -1500(s3)
core   0: 3 0x80008ac8 (0xa3698223) mem 0x8001e7fa 0x0
core   0: 0x80008acc (0x927a9d37) lui     s10, 0x927a9
core   0: 3 0x80008acc (0x927a9d37) x26 0x927a9000
core   0: 0x80008ad0 (0xf4198e03) lb      t3, -191(s3)
core   0: 3 0x80008ad0 (0xf4198e03) x28 0x00000000 mem 0x8001ed17
core   0: 0x80008ad4 (0x40925c13) srai    s8, tp, 9
core   0: 3 0x80008ad4 (0x40925c13) x24 0xfffffff8
core   0: 0x80008ad8 (0x01a171b3) and     gp, sp, s10
core   0: 3 0x80008ad8 (0x01a171b3) x 3 0x80028000
core   0: 0x80008adc (0x00d9cf83) lbu     t6, 13(s3)
core   0: 3 0x80008adc (0x00d9cf83) x31 0x00000000 mem 0x8001ede3
core   0: 0x80008ae0 (0x49698d03) lb      s10, 1174(s3)
core   0: 3 0x80008ae0 (0x49698d03) x26 0x00000000 mem 0x8001f26c
core   0: 0x80008ae4 (0x01754833) xor     a6, a0, s7
core   0: 3 0x80008ae4 (0x01754833) x16 0x51ec4657
core   0: 0x80008ae8 (0x0099b3b3) sltu    t2, s3, s1
core   0: 3 0x80008ae8 (0x0099b3b3) x 7 0x00000000
core   0: 0x80008aec (0xb1c9d003) lhu     zero, -1252(s3)
core   0: 3 0x80008aec (0xb1c9d003) mem 0x8001e8f2
core   0: 0x80008af0 (0x0139e333) or      t1, s3, s3
core   0: 3 0x80008af0 (0x0139e333) x 6 0x8001edd6
core   0: 0x80008af4 (0x00000013) nop
core   0: 3 0x80008af4 (0x00000013)
core   0: 0x80008af8 (0x603981a3) sb      gp, 1539(s3)
core   0: 3 0x80008af8 (0x603981a3) mem 0x8001f3d9 0x0
core   0: 0x80008afc (0x413b88b3) sub     a7, s7, s3
core   0: 3 0x80008afc (0x413b88b3) x17 0x51ecbcdd
core   0: 0x80008b00 (0xf9183d93) sltiu   s11, a6, -111
core   0: 3 0x80008b00 (0xf9183d93) x27 0x00000001
core   0: 0x80008b04 (0xcebff913) andi    s2, t6, -789
core   0: 3 0x80008b04 (0xcebff913) x18 0x00000000
core   0: 0x80008b08 (0x529980a3) sb      s1, 1313(s3)
core   0: 3 0x80008b08 (0x529980a3) mem 0x8001f2f7 0x9c
core   0: 0x80008b0c (0x92244413) xori    s0, s0, -1758
core   0: 3 0x80008b0c (0x92244413) x 8 0xfffff922
core   0: 0x80008b10 (0x6049dc03) lhu     s8, 1540(s3)
core   0: 3 0x80008b10 (0x6049dc03) x24 0x00000000 mem 0x8001f3da
core   0: 0x80008b14 (0xda09cd83) lbu     s11, -608(s3)
core   0: 3 0x80008b14 (0xda09cd83) x27 0x00000000 mem 0x8001eb76
core   0: 0x80008b18 (0x0000ca97) auipc   s5, 0xc
core   0: 3 0x80008b18 (0x0000ca97) x21 0x80014b18
core   0: 0x80008b1c (0x5cea8a93) addi    s5, s5, 1486
core   0: 3 0x80008b1c (0x5cea8a93) x21 0x800150e6
core   0: 0x80008b20 (0x01ea9f23) sh      t5, 30(s5)
core   0: 3 0x80008b20 (0x01ea9f23) mem 0x80015104 0x0000
core   0: 0x80008b24 (0xfd0a8903) lb      s2, -48(s5)
core   0: 3 0x80008b24 (0xfd0a8903) x18 0x00000000 mem 0x800150b6
core   0: 0x80008b28 (0x5c71af93) slti    t6, gp, 1479
core   0: 3 0x80008b28 (0x5c71af93) x31 0x00000001
core   0: 0x80008b2c (0x0ff0000f) fence   iorw,iorw
core   0: 3 0x80008b2c (0x0ff0000f)
core   0: 0x80008b30 (0xfd7ac803) lbu     a6, -41(s5)
core   0: 3 0x80008b30 (0xfd7ac803) x16 0x00000000 mem 0x800150bd
core   0: 0x80008b34 (0x8f16a793) slti    a5, a3, -1807
core   0: 3 0x80008b34 (0x8f16a793) x15 0x00000000
core   0: 0x80008b38 (0x017ac703) lbu     a4, 23(s5)
core   0: 3 0x80008b38 (0x017ac703) x14 0x00000000 mem 0x800150fd
core   0: 0x80008b3c (0xf7094993) xori    s3, s2, -144
core   0: 3 0x80008b3c (0xf7094993) x19 0xffffff70
core   0: 0x80008b40 (0x40e7d893) srai    a7, a5, 14
core   0: 3 0x80008b40 (0x40e7d893) x17 0x00000000
core   0: 0x80008b44 (0xe3474893) xori    a7, a4, -460
core   0: 3 0x80008b44 (0xe3474893) x17 0xfffffe34
core   0: 0x80008b48 (0x0036cb33) xor     s6, a3, gp
core   0: 3 0x80008b48 (0x0036cb33) x22 0x80028000
core   0: 0x80008b4c (0x409bdb13) srai    s6, s7, 9
core   0: 3 0x80008b4c (0x409bdb13) x22 0xffe8f755
core   0: 0x80008b50 (0x401cdeb3) sra     t4, s9, ra
core   0: 3 0x80008b50 (0x401cdeb3) x29 0x00000000
core   0: 0x80008b54 (0x00d99b13) slli    s6, s3, 13
core   0: 3 0x80008b54 (0x00d99b13) x22 0xffee0000
core   0: 0x80008b58 (0x40a98333) sub     t1, s3, a0
core   0: 3 0x80008b58 (0x40a98333) x 6 0x7ffd128c
core   0: 0x80008b5c (0x0068acb3) slt     s9, a7, t1
core   0: 3 0x80008b5c (0x0068acb3) x25 0x00000001
core   0: 0x80008b60 (0x0000100f) fence.i
core   0: 3 0x80008b60 (0x0000100f)
core   0: 0x80008b64 (0x025ac303) lbu     t1, 37(s5)
core   0: 3 0x80008b64 (0x025ac303) x 6 0x00000000 mem 0x8001510b
core   0: 0x80008b68 (0xf8c6ff93) andi    t6, a3, -116
core   0: 3 0x80008b68 (0xf8c6ff93) x31 0x00000000
core   0: 0x80008b6c (0x00cd6eb3) or      t4, s10, a2
core   0: 3 0x80008b6c (0x00cd6eb3) x29 0x00000000
core   0: 0x80008b70 (0x41875e93) srai    t4, a4, 24
core   0: 3 0x80008b70 (0x41875e93) x29 0x00000000
core   0: 0x80008b74 (0xebd9b313) sltiu   t1, s3, -323
core   0: 3 0x80008b74 (0xebd9b313) x 6 0x00000000
core   0: 0x80008b78 (0x0ff0000f) fence   iorw,iorw
core   0: 3 0x80008b78 (0x0ff0000f)
core   0: 0x80008b7c (0xd8c46893) ori     a7, s0, -628
core   0: 3 0x80008b7c (0xd8c46893) x17 0xfffffdae
core   0: 0x80008b80 (0x03ea8483) lb      s1, 62(s5)
core   0: 3 0x80008b80 (0x03ea8483) x 9 0x00000000 mem 0x80015124
core   0: 0x80008b84 (0x013fb933) sltu    s2, t6, s3
core   0: 3 0x80008b84 (0x013fb933) x18 0x00000001
core   0: 0x80008b88 (0xfeca8083) lb      ra, -20(s5)
core   0: 3 0x80008b88 (0xfeca8083) x 1 0x00000000 mem 0x800150d2
core   0: 0x80008b8c (0x00ff0033) add     zero, t5, a5
core   0: 3 0x80008b8c (0x00ff0033)
core   0: 0x80008b90 (0x025a8483) lb      s1, 37(s5)
core   0: 3 0x80008b90 (0x025a8483) x 9 0x00000000 mem 0x8001510b
core   0: 0x80008b94 (0x01c0d713) srli    a4, ra, 28
core   0: 3 0x80008b94 (0x01c0d713) x14 0x00000000
core   0: 0x80008b98 (0x00000013) nop
core   0: 3 0x80008b98 (0x00000013)
core   0: 0x80008b9c (0x006f0e33) add     t3, t5, t1
core   0: 3 0x80008b9c (0x006f0e33) x28 0x00000000
core   0: 0x80008ba0 (0x4140d733) sra     a4, ra, s4
core   0: 3 0x80008ba0 (0x4140d733) x14 0x00000000
core   0: 0x80008ba4 (0x03ca9323) sh      t3, 38(s5)
core   0: 3 0x80008ba4 (0x03ca9323) mem 0x8001510c 0x0000
core   0: 0x80008ba8 (0x01e41d33) sll     s10, s0, t5
core   0: 3 0x80008ba8 (0x01e41d33) x26 0xfffff922
core   0: 0x80008bac (0x01437a33) and     s4, t1, s4
core   0: 3 0x80008bac (0x01437a33) x20 0x00000000
core   0: 0x80008bb0 (0xd1b34a13) xori    s4, t1, -741
core   0: 3 0x80008bb0 (0xd1b34a13) x20 0xfffffd1b
core   0: 0x80008bb4 (0xffeaa583) lw      a1, -2(s5)
core   0: 3 0x80008bb4 (0xffeaa583) x11 0x00000000 mem 0x800150e4
core   0: 0x80008bb8 (0x002fcb33) xor     s6, t6, sp
core   0: 3 0x80008bb8 (0x002fcb33) x22 0x8002ae38
core   0: 0x80008bbc (0xfc8a81a3) sb      s0, -61(s5)
core   0: 3 0x80008bbc (0xfc8a81a3) mem 0x800150a9 0x22
core   0: 0x80008bc0 (0x0000d597) auipc   a1, 0xd
core   0: 3 0x80008bc0 (0x0000d597) x11 0x80015bc0
core   0: 0x80008bc4 (0xb5f58593) addi    a1, a1, -1185
core   0: 3 0x80008bc4 (0xb5f58593) x11 0x8001571f
core   0: 0x80008bc8 (0x57758f23) sb      s7, 1406(a1)
core   0: 3 0x80008bc8 (0x57758f23) mem 0x80015c9d 0xb3
core   0: 0x80008bcc (0xcf158883) lb      a7, -783(a1)
core   0: 3 0x80008bcc (0xcf158883) x17 0x00000000 mem 0x80015410
core   0: 0x80008bd0 (0x01a970b3) and     ra, s2, s10
core   0: 3 0x80008bd0 (0x01a970b3) x 1 0x00000000
core   0: 0x80008bd4 (0x29c5c003) lbu     zero, 668(a1)
core   0: 3 0x80008bd4 (0x29c5c003) mem 0x800159bb
core   0: 0x80008bd8 (0x30f58d23) sb      a5, 794(a1)
core   0: 3 0x80008bd8 (0x30f58d23) mem 0x80015a39 0x0
core   0: 0x80008bdc (0x73158883) lb      a7, 1841(a1)
core   0: 3 0x80008bdc (0x73158883) x17 0x00000000 mem 0x80015e50
core   0: 0x80008be0 (0xd0175837) lui     a6, 0xd0175
core   0: 3 0x80008be0 (0xd0175837) x16 0xd0175000
core   0: 0x80008be4 (0x08b67d13) andi    s10, a2, 139
core   0: 3 0x80008be4 (0x08b67d13) x26 0x00000000
core   0: 0x80008be8 (0xa3458223) sb      s4, -1500(a1)
core   0: 3 0x80008be8 (0xa3458223) mem 0x80015143 0x1b
core   0: 0x80008bec (0x010292b3) sll     t0, t0, a6
core   0: 3 0x80008bec (0x010292b3) x 5 0x00000000
core   0: 0x80008bf0 (0x1a759d83) lh      s11, 423(a1)
core   0: 3 0x80008bf0 (0x1a759d83) x27 0x00000001 mem 0x800158c6
core   0: 0x80008bf4 (0x3fc592a3) sh      t3, 997(a1)
core   0: 3 0x80008bf4 (0x3fc592a3) mem 0x80015b04 0x0000
core   0: 0x80008bf8 (0xf830ff93) andi    t6, ra, -125
core   0: 3 0x80008bf8 (0xf830ff93) x31 0x00000000
core   0: 0x80008bfc (0xae759403) lh      s0, -1305(a1)
core   0: 3 0x80008bfc (0xae759403) x 8 0x00000000 mem 0x80015206
core   0: 0x80008c00 (0x4070d913) srai    s2, ra, 7
core   0: 3 0x80008c00 (0x4070d913) x18 0x00000000
core   0: 0x80008c04 (0x0d559ba3) sh      s5, 215(a1)
core   0: 3 0x80008c04 (0x0d559ba3) mem 0x800157f6 0x50e6
core   0: 0x80008c08 (0x7f73f193) andi    gp, t2, 2039
core   0: 3 0x80008c08 (0x7f73f193) x 3 0x00000000
core   0: 0x80008c0c (0xa68583a3) sb      s0, -1433(a1)
core   0: 3 0x80008c0c (0xa68583a3) mem 0x80015186 0x0
core   0: 0x80008c10 (0x39958123) sb      s9, 898(a1)
core   0: 3 0x80008c10 (0x39958123) mem 0x80015aa1 0x1
core   0: 0x80008c14 (0x7fd587a3) sb      t4, 2031(a1)
core   0: 3 0x80008c14 (0x7fd587a3) mem 0x80015f0e 0x0
core   0: 0x80008c18 (0xa47585a3) sb      t2, -1461(a1)
core   0: 3 0x80008c18 (0xa47585a3) mem 0x8001516a 0x0
core   0: 0x80008c1c (0x27458623) sb      s4, 620(a1)
core   0: 3 0x80008c1c (0x27458623) mem 0x8001598b 0x1b
core   0: 0x80008c20 (0x9a9594a3) sh      s1, -1623(a1)
core   0: 3 0x80008c20 (0x9a9594a3) mem 0x800150c8 0x0000
core   0: 0x80008c24 (0x0085d693) srli    a3, a1, 8
core   0: 3 0x80008c24 (0x0085d693) x13 0x00800157
core   0: 0x80008c28 (0x2325c883) lbu     a7, 562(a1)
core   0: 3 0x80008c28 (0x2325c883) x17 0x00000000 mem 0x80015951
core   0: 0x80008c2c (0x0049bf33) sltu    t5, s3, tp
core   0: 3 0x80008c2c (0x0049bf33) x30 0x00000000
core   0: 0x80008c30 (0x0765c303) lbu     t1, 118(a1)
core   0: 3 0x80008c30 (0x0765c303) x 6 0x00000000 mem 0x80015795
core   0: 0x80008c34 (0x00363933) sltu    s2, a2, gp
core   0: 3 0x80008c34 (0x00363933) x18 0x00000000
core   0: 0x80008c38 (0xcbf5cd03) lbu     s10, -833(a1)
core   0: 3 0x80008c38 (0xcbf5cd03) x26 0x00000000 mem 0x800153de
core   0: 0x80008c3c (0x15b5c183) lbu     gp, 347(a1)
core   0: 3 0x80008c3c (0x15b5c183) x 3 0x00000000 mem 0x8001587a
core   0: 0x80008c40 (0xfd277893) andi    a7, a4, -46
core   0: 3 0x80008c40 (0xfd277893) x17 0x00000000
core   0: 0x80008c44 (0xc8d58a23) sb      a3, -876(a1)
core   0: 3 0x80008c44 (0xc8d58a23) mem 0x800153b3 0x57
core   0: 0x80008c48 (0x00c7e7b3) or      a5, a5, a2
core   0: 3 0x80008c48 (0x00c7e7b3) x15 0x00000000
core   0: 0x80008c4c (0x9cb58c03) lb      s8, -1589(a1)
core   0: 3 0x80008c4c (0x9cb58c03) x24 0x00000000 mem 0x800150ea
core   0: 0x80008c50 (0x2cb83d13) sltiu   s10, a6, 715
core   0: 3 0x80008c50 (0x2cb83d13) x26 0x00000000
core   0: 0x80008c54 (0x41758703) lb      a4, 1047(a1)
core   0: 3 0x80008c54 (0x41758703) x14 0x00000000 mem 0x80015b36
core   0: 0x80008c58 (0x1275dd83) lhu     s11, 295(a1)
core   0: 3 0x80008c58 (0x1275dd83) x27 0x00000000 mem 0x80015846
core   0: 0x80008c5c (0x0be58e83) lb      t4, 190(a1)
core   0: 3 0x80008c5c (0x0be58e83) x29 0x00000000 mem 0x800157dd
core   0: 0x80008c60 (0xe02bab37) lui     s6, 0xe02ba
core   0: 3 0x80008c60 (0xe02bab37) x22 0xe02ba000
core   0: 0x80008c64 (0xcfd5cb03) lbu     s6, -771(a1)
core   0: 3 0x80008c64 (0xcfd5cb03) x22 0x00000000 mem 0x8001541c
core   0: 0x80008c68 (0xfb858983) lb      s3, -72(a1)
core   0: 3 0x80008c68 (0xfb858983) x19 0x00000000 mem 0x800156d7
core   0: 0x80008c6c (0xaf786297) auipc   t0, 0xaf786
core   0: 3 0x80008c6c (0xaf786297) x 5 0x2f78ec6c
core   0: 0x80008c70 (0x686590a3) sh      t1, 1665(a1)
core   0: 3 0x80008c70 (0x686590a3) mem 0x80015da0 0x0000
core   0: 0x80008c74 (0x33558c03) lb      s8, 821(a1)
core   0: 3 0x80008c74 (0x33558c03) x24 0x00000000 mem 0x80015a54
core   0: 0x80008c78 (0x9e4b4d37) lui     s10, 0x9e4b4
core   0: 3 0x80008c78 (0x9e4b4d37) x26 0x9e4b4000
core   0: 0x80008c7c (0xfd559183) lh      gp, -43(a1)
core   0: 3 0x80008c7c (0xfd559183) x 3 0x00000000 mem 0x800156f4
core   0: 0x80008c80 (0x0000f497) auipc   s1, 0xf
core   0: 3 0x80008c80 (0x0000f497) x 9 0x80017c80
core   0: 0x80008c84 (0xd2448493) addi    s1, s1, -732
core   0: 3 0x80008c84 (0xd2448493) x 9 0x800179a4
core   0: 0x80008c88 (0x0000df97) auipc   t6, 0xd
core   0: 3 0x80008c88 (0x0000df97) x31 0x80015c88
core   0: 0x80008c8c (0x964f8f93) addi    t6, t6, -1692
core   0: 3 0x80008c8c (0x964f8f93) x31 0x800155ec
core   0: 0x80008c90 (0x081f8983) lb      s3, 129(t6)
core   0: 3 0x80008c90 (0x081f8983) x19 0x00000000 mem 0x8001566d
core   0: 0x80008c94 (0x03a4df03) lhu     t5, 58(s1)
core   0: 3 0x80008c94 (0x03a4df03) x30 0x00000000 mem 0x800179de
core   0: 0x80008c98 (0x07c49203) lh      tp, 124(s1)
core   0: 3 0x80008c98 (0x07c49203) x 4 0x00000000 mem 0x80017a20
core   0: 0x80008c9c (0x0f6f9d83) lh      s11, 246(t6)
core   0: 3 0x80008c9c (0x0f6f9d83) x27 0x00000000 mem 0x800156e2
core   0: 0x80008ca0 (0xf6cfa423) sw      a2, -152(t6)
core   0: 3 0x80008ca0 (0xf6cfa423) mem 0x80015554 0x00000000
core   0: 0x80008ca4 (0xf1c49583) lh      a1, -228(s1)
core   0: 3 0x80008ca4 (0xf1c49583) x11 0x00000000 mem 0x800178c0
core   0: 0x80008ca8 (0xf3e4cd03) lbu     s10, -194(s1)
core   0: 3 0x80008ca8 (0xf3e4cd03) x26 0x00000000 mem 0x800178e2
core   0: 0x80008cac (0x0dc48da3) sb      t3, 219(s1)
core   0: 3 0x80008cac (0x0dc48da3) mem 0x80017a7f 0x0
core   0: 0x80008cb0 (0x0edfc603) lbu     a2, 237(t6)
core   0: 3 0x80008cb0 (0x0edfc603) x12 0x00000000 mem 0x800156d9
core   0: 0x80008cb4 (0xf3ef9603) lh      a2, -194(t6)
core   0: 3 0x80008cb4 (0xf3ef9603) x12 0x00000000 mem 0x8001552a
core   0: 0x80008cb8 (0xf5ef8403) lb      s0, -162(t6)
core   0: 3 0x80008cb8 (0xf5ef8403) x 8 0x00000000 mem 0x8001554a
core   0: 0x80008cbc (0xf1648ca3) sb      s6, -231(s1)
core   0: 3 0x80008cbc (0xf1648ca3) mem 0x800178bd 0x0
core   0: 0x80008cc0 (0xf4348303) lb      t1, -189(s1)
core   0: 3 0x80008cc0 (0xf4348303) x 6 0x00000000 mem 0x800178e7
core   0: 0x80008cc4 (0xf5af8123) sb      s10, -190(t6)
core   0: 3 0x80008cc4 (0xf5af8123) mem 0x8001552e 0x0
core   0: 0x80008cc8 (0xfb4f9c83) lh      s9, -76(t6)
core   0: 3 0x80008cc8 (0xfb4f9c83) x25 0x00000000 mem 0x800155a0
core   0: 0x80008ccc (0x03ff8583) lb      a1, 63(t6)
core   0: 3 0x80008ccc (0x03ff8583) x11 0x00000000 mem 0x8001562b
core   0: 0x80008cd0 (0xf2048ba3) sb      zero, -201(s1)
core   0: 3 0x80008cd0 (0xf2048ba3) mem 0x800178db 0x0
core   0: 0x80008cd4 (0x05cf9903) lh      s2, 92(t6)
core   0: 3 0x80008cd4 (0x05cf9903) x18 0x00000000 mem 0x80015648
core   0: 0x80008cd8 (0x00014497) auipc   s1, 0x14
core   0: 3 0x80008cd8 (0x00014497) x 9 0x8001ccd8
core   0: 0x80008cdc (0x50248493) addi    s1, s1, 1282
core   0: 3 0x80008cdc (0x50248493) x 9 0x8001d1da
core   0: 0x80008ce0 (0xb604a323) sw      zero, -1178(s1)
core   0: 3 0x80008ce0 (0xb604a323) mem 0x8001cd40 0x00000000
core   0: 0x80008ce4 (0xff849783) lh      a5, -8(s1)
core   0: 3 0x80008ce4 (0xff849783) x15 0x00000000 mem 0x8001d1d2
core   0: 0x80008ce8 (0xff84ce03) lbu     t3, -8(s1)
core   0: 3 0x80008ce8 (0xff84ce03) x28 0x00000000 mem 0x8001d1d2
core   0: 0x80008cec (0xff849783) lh      a5, -8(s1)
core   0: 3 0x80008cec (0xff849783) x15 0x00000000 mem 0x8001d1d2
core   0: 0x80008cf0 (0x25d20893) addi    a7, tp, 605
core   0: 3 0x80008cf0 (0x25d20893) x17 0x0000025d
core   0: 0x80008cf4 (0xff848903) lb      s2, -8(s1)
core   0: 3 0x80008cf4 (0xff848903) x18 0x00000000 mem 0x8001d1d2
core   0: 0x80008cf8 (0x4af48fa3) sb      a5, 1215(s1)
core   0: 3 0x80008cf8 (0x4af48fa3) mem 0x8001d699 0x0
core   0: 0x80008cfc (0xbaf483a3) sb      a5, -1113(s1)
core   0: 3 0x80008cfc (0xbaf483a3) mem 0x8001cd81 0x0
core   0: 0x80008d00 (0x3986e613) ori     a2, a3, 920
core   0: 3 0x80008d00 (0x3986e613) x12 0x008003df
core   0: 0x80008d04 (0x75c4a123) sw      t3, 1858(s1)
core   0: 3 0x80008d04 (0x75c4a123) mem 0x8001d91c 0x00000000
core   0: 0x80008d08 (0x7524a123) sw      s2, 1858(s1)
core   0: 3 0x80008d08 (0x7524a123) mem 0x8001d91c 0x00000000
core   0: 0x80008d0c (0x30e48aa3) sb      a4, 789(s1)
core   0: 3 0x80008d0c (0x30e48aa3) mem 0x8001d4ef 0x0
core   0: 0x80008d10 (0x91f30393) addi    t2, t1, -1761
core   0: 3 0x80008d10 (0x91f30393) x 7 0xfffff91f
core   0: 0x80008d14 (0x016d8ab3) add     s5, s11, s6
core   0: 3 0x80008d14 (0x016d8ab3) x21 0x00000000
core   0: 0x80008d18 (0x31448aa3) sb      s4, 789(s1)
core   0: 3 0x80008d18 (0x31448aa3) mem 0x8001d4ef 0x1b
core   0: 0x80008d1c (0x31548683) lb      a3, 789(s1)
core   0: 3 0x80008d1c (0x31548683) x13 0x0000001b mem 0x8001d4ef
core   0: 0x80008d20 (0x31548583) lb      a1, 789(s1)
core   0: 3 0x80008d20 (0x31548583) x11 0x0000001b mem 0x8001d4ef
core   0: 0x80008d24 (0x0000100f) fence.i
core   0: 3 0x80008d24 (0x0000100f)
core   0: 0x80008d28 (0x9af48403) lb      s0, -1617(s1)
core   0: 3 0x80008d28 (0x9af48403) x 8 0x00000000 mem 0x8001cb89
core   0: 0x80008d2c (0x38a4aa83) lw      s5, 906(s1)
core   0: 3 0x80008d2c (0x38a4aa83) x21 0x00000000 mem 0x8001d564
core   0: 0x80008d30 (0x38a4ac83) lw      s9, 906(s1)
core   0: 3 0x80008d30 (0x38a4ac83) x25 0x00000000 mem 0x8001d564
core   0: 0x80008d34 (0x38548523) sb      t0, 906(s1)
core   0: 3 0x80008d34 (0x38548523) mem 0x8001d564 0x6c
core   0: 0x80008d38 (0x0001be17) auipc   t3, 0x1b
core   0: 3 0x80008d38 (0x0001be17) x28 0x80023d38
core   0: 0x80008d3c (0x317e0e13) addi    t3, t3, 791
core   0: 3 0x80008d3c (0x317e0e13) x28 0x8002404f
core   0: 0x80008d40 (0x0a31a613) slti    a2, gp, 163
core   0: 3 0x80008d40 (0x0a31a613) x12 0x00000001
core   0: 0x80008d44 (0x01ee0823) sb      t5, 16(t3)
core   0: 3 0x80008d44 (0x01ee0823) mem 0x8002405f 0x0
core   0: 0x80008d48 (0x00de0e83) lb      t4, 13(t3)
core   0: 3 0x80008d48 (0x00de0e83) x29 0x00000000 mem 0x8002405c
core   0: 0x80008d4c (0xdbabb217) auipc   tp, 0xdbabb
core   0: 3 0x80008d4c (0xdbabb217) x 4 0x5bac3d4c
core   0: 0x80008d50 (0x00000013) nop
core   0: 3 0x80008d50 (0x00000013)
core   0: 0x80008d54 (0xff2e1ba3) sh      s2, -9(t3)
core   0: 3 0x80008d54 (0xff2e1ba3) mem 0x80024046 0x0000
core   0: 0x80008d58 (0x019e0423) sb      s9, 8(t3)
core   0: 3 0x80008d58 (0x019e0423) mem 0x80024057 0x0
core   0: 0x80008d5c (0x4f3a2a37) lui     s4, 0x4f3a2
core   0: 3 0x80008d5c (0x4f3a2a37) x20 0x4f3a2000
core   0: 0x80008d60 (0x22c1e313) ori     t1, gp, 556
core   0: 3 0x80008d60 (0x22c1e313) x 6 0x0000022c
core   0: 0x80008d64 (0x015e02a3) sb      s5, 5(t3)
core   0: 3 0x80008d64 (0x015e02a3) mem 0x80024054 0x0
core   0: 0x80008d68 (0x01353eb3) sltu    t4, a0, s3
core   0: 3 0x80008d68 (0x01353eb3) x29 0x00000000
core   0: 0x80008d6c (0x17f3ac13) slti    s8, t2, 383
core   0: 3 0x80008d6c (0x17f3ac13) x24 0x00000001
core   0: 0x80008d70 (0xff0e0a23) sb      a6, -12(t3)
core   0: 3 0x80008d70 (0xff0e0a23) mem 0x80024043 0x0
core   0: 0x80008d74 (0x009e0f83) lb      t6, 9(t3)
core   0: 3 0x80008d74 (0x009e0f83) x31 0x00000000 mem 0x80024058
core   0: 0x80008d78 (0x00de1283) lh      t0, 13(t3)
core   0: 3 0x80008d78 (0x00de1283) x 5 0x00000000 mem 0x8002405c
core   0: 0x80008d7c (0x75812a13) slti    s4, sp, 1880
core   0: 3 0x80008d7c (0x75812a13) x20 0x00000001
core   0: 0x80008d80 (0x016fdd33) srl     s10, t6, s6
core   0: 3 0x80008d80 (0x016fdd33) x26 0x00000000
core   0: 0x80008d84 (0x003e1303) lh      t1, 3(t3)
core   0: 3 0x80008d84 (0x003e1303) x 6 0x00000000 mem 0x80024052
core   0: 0x80008d88 (0xff1e1283) lh      t0, -15(t3)
core   0: 3 0x80008d88 (0xff1e1283) x 5 0x00000000 mem 0x80024040
core   0: 0x80008d8c (0xffae0703) lb      a4, -6(t3)
core   0: 3 0x80008d8c (0xffae0703) x14 0x00000000 mem 0x80024049
core   0: 0x80008d90 (0x40310db3) sub     s11, sp, gp
core   0: 3 0x80008d90 (0x40310db3) x27 0x8002ae38
core   0: 0x80008d94 (0x005e2603) lw      a2, 5(t3)
core   0: 3 0x80008d94 (0x005e2603) x12 0x00000000 mem 0x80024054
core   0: 0x80008d98 (0xffee4483) lbu     s1, -2(t3)
core   0: 3 0x80008d98 (0xffee4483) x 9 0x00000000 mem 0x8002404d
core   0: 0x80008d9c (0xff6e4d83) lbu     s11, -10(t3)
core   0: 3 0x80008d9c (0xff6e4d83) x27 0x00000000 mem 0x80024045
core   0: 0x80008da0 (0x01505293) srli    t0, zero, 21
core   0: 3 0x80008da0 (0x01505293) x 5 0x00000000
core   0: 0x80008da4 (0xffcb2197) auipc   gp, 0xffcb2
core   0: 3 0x80008da4 (0xffcb2197) x 3 0x7fcbada4
core   0: 0x80008da8 (0xff8e0303) lb      t1, -8(t3)
core   0: 3 0x80008da8 (0xff8e0303) x 6 0x00000000 mem 0x80024047
core   0: 0x80008dac (0x01ba0033) add     zero, s4, s11
core   0: 3 0x80008dac (0x01ba0033)
core   0: 0x80008db0 (0x014e0823) sb      s4, 16(t3)
core   0: 3 0x80008db0 (0x014e0823) mem 0x8002405f 0x1
core   0: 0x80008db4 (0xff1e0703) lb      a4, -15(t3)
core   0: 3 0x80008db4 (0xff1e0703) x14 0x00000000 mem 0x80024040
core   0: 0x80008db8 (0xff2e0303) lb      t1, -14(t3)
core   0: 3 0x80008db8 (0xff2e0303) x 6 0x00000000 mem 0x80024041
core   0: 0x80008dbc (0xffce19a3) sh      t3, -13(t3)
core   0: 3 0x80008dbc (0xffce19a3) mem 0x80024042 0x404f
core   0: 0x80008dc0 (0xff6e0aa3) sb      s6, -11(t3)
core   0: 3 0x80008dc0 (0xff6e0aa3) mem 0x80024044 0x0
core   0: 0x80008dc4 (0x00000013) nop
core   0: 3 0x80008dc4 (0x00000013)
core   0: 0x80008dc8 (0x81e84313) xori    t1, a6, -2018
core   0: 3 0x80008dc8 (0x81e84313) x 6 0x2fe8a81e
core   0: 0x80008dcc (0xfe2e09a3) sb      sp, -13(t3)
core   0: 3 0x80008dcc (0xfe2e09a3) mem 0x80024042 0x38
core   0: 0x80008dd0 (0x0054cdb3) xor     s11, s1, t0
core   0: 3 0x80008dd0 (0x0054cdb3) x27 0x00000000
core   0: 0x80008dd4 (0x00fdf233) and     tp, s11, a5
core   0: 3 0x80008dd4 (0x00fdf233) x 4 0x00000000
core   0: 0x80008dd8 (0x00de4c03) lbu     s8, 13(t3)
core   0: 3 0x80008dd8 (0x00de4c03) x24 0x00000000 mem 0x8002405c
core   0: 0x80008ddc (0xfede2ca3) sw      a3, -7(t3)
core   0: 3 0x80008ddc (0xfede2ca3) mem 0x80024048 0x0000001b
core   0: 0x80008de0 (0x01d2d433) srl     s0, t0, t4
core   0: 3 0x80008de0 (0x01d2d433) x 8 0x00000000
core   0: 0x80008de4 (0xdbcf4f93) xori    t6, t5, -580
core   0: 3 0x80008de4 (0xdbcf4f93) x31 0xfffffdbc
core   0: 0x80008de8 (0x00fe0323) sb      a5, 6(t3)
core   0: 3 0x80008de8 (0x00fe0323) mem 0x80024055 0x0
core   0: 0x80008dec (0x0000d217) auipc   tp, 0xd
core   0: 3 0x80008dec (0x0000d217) x 4 0x80015dec
core   0: 0x80008df0 (0xb3420213) addi    tp, tp, -1228
core   0: 3 0x80008df0 (0xb3420213) x 4 0x80015920
core   0: 0x80008df4 (0x015af7b3) and     a5, s5, s5
core   0: 3 0x80008df4 (0x015af7b3) x15 0x00000000
core   0: 0x80008df8 (0xffd20883) lb      a7, -3(tp)
core   0: 3 0x80008df8 (0xffd20883) x17 0x00000000 mem 0x8001591d
core   0: 0x80008dfc (0x0028eb33) or      s6, a7, sp
core   0: 3 0x80008dfc (0x0028eb33) x22 0x8002ae38
core   0: 0x80008e00 (0x005c3633) sltu    a2, s8, t0
core   0: 3 0x80008e00 (0x005c3633) x12 0x00000000
core   0: 0x80008e04 (0x400f88b3) sub     a7, t6, zero
core   0: 3 0x80008e04 (0x400f88b3) x17 0xfffffdbc
core   0: 0x80008e08 (0x00a60033) add     zero, a2, a0
core   0: 3 0x80008e08 (0x00a60033)
core   0: 0x80008e0c (0x4136d5b3) sra     a1, a3, s3
core   0: 3 0x80008e0c (0x4136d5b3) x11 0x0000001b
core   0: 0x80008e10 (0x00e536b3) sltu    a3, a0, a4
core   0: 3 0x80008e10 (0x00e536b3) x13 0x00000000
core   0: 0x80008e14 (0x7281a893) slti    a7, gp, 1832
core   0: 3 0x80008e14 (0x7281a893) x17 0x00000000
core   0: 0x80008e18 (0x017205a3) sb      s7, 11(tp)
core   0: 3 0x80008e18 (0x017205a3) mem 0x8001592b 0xb3
core   0: 0x80008e1c (0x019fce33) xor     t3, t6, s9
core   0: 3 0x80008e1c (0x019fce33) x28 0xfffffdbc
core   0: 0x80008e20 (0x00824003) lbu     zero, 8(tp)
core   0: 3 0x80008e20 (0x00824003) mem 0x80015928
core   0: 0x80008e24 (0x00000013) nop
core   0: 3 0x80008e24 (0x00000013)
core   0: 0x80008e28 (0x01d4dab3) srl     s5, s1, t4
core   0: 3 0x80008e28 (0x01d4dab3) x21 0x00000000
core   0: 0x80008e2c (0xff724f03) lbu     t5, -9(tp)
core   0: 3 0x80008e2c (0xff724f03) x30 0x00000000 mem 0x80015917
core   0: 0x80008e30 (0xe068ac13) slti    s8, a7, -506
core   0: 3 0x80008e30 (0xe068ac13) x24 0x00000000
core   0: 0x80008e34 (0xff524583) lbu     a1, -11(tp)
core   0: 3 0x80008e34 (0xff524583) x11 0x00000000 mem 0x80015915
core   0: 0x80008e38 (0x0192dd33) srl     s10, t0, s9
core   0: 3 0x80008e38 (0x0192dd33) x26 0x00000000
core   0: 0x80008e3c (0x00324f03) lbu     t5, 3(tp)
core   0: 3 0x80008e3c (0x00324f03) x30 0x00000000 mem 0x80015923
core   0: 0x80008e40 (0x009b9733) sll     a4, s7, s1
core   0: 3 0x80008e40 (0x009b9733) x14 0xd1eeaab3
core   0: 0x80008e44 (0xffe20d03) lb      s10, -2(tp)
core   0: 3 0x80008e44 (0xffe20d03) x26 0x00000000 mem 0x8001591e
core   0: 0x80008e48 (0x00f99793) slli    a5, s3, 15
core   0: 3 0x80008e48 (0x00f99793) x15 0x00000000
core   0: 0x80008e4c (0x00320603) lb      a2, 3(tp)
core   0: 3 0x80008e4c (0x00320603) x12 0x00000000 mem 0x80015923
core   0: 0x80008e50 (0xff320f83) lb      t6, -13(tp)
core   0: 3 0x80008e50 (0xff320f83) x31 0x00000000 mem 0x80015913
core   0: 0x80008e54 (0xff120283) lb      t0, -15(tp)
core   0: 3 0x80008e54 (0xff120283) x 5 0x00000000 mem 0x80015911
core   0: 0x80008e58 (0x893a4d93) xori    s11, s4, -1901
core   0: 3 0x80008e58 (0x893a4d93) x27 0xfffff892
core   0: 0x80008e5c (0x015ccfb3) xor     t6, s9, s5
core   0: 3 0x80008e5c (0x015ccfb3) x31 0x00000000
core   0: 0x80008e60 (0x40435813) srai    a6, t1, 4
core   0: 3 0x80008e60 (0x40435813) x16 0x02fe8a81
core   0: 0x80008e64 (0x00621283) lh      t0, 6(tp)
core   0: 3 0x80008e64 (0x00621283) x 5 0x00000000 mem 0x80015926
core   0: 0x80008e68 (0x008e2cb3) slt     s9, t3, s0
core   0: 3 0x80008e68 (0x008e2cb3) x25 0x00000001
core   0: 0x80008e6c (0x48658c93) addi    s9, a1, 1158
core   0: 3 0x80008e6c (0x48658c93) x25 0x00000486
core   0: 0x80008e70 (0xff822183) lw      gp, -8(tp)
core   0: 3 0x80008e70 (0xff822183) x 3 0x00000000 mem 0x80015918
core   0: 0x80008e74 (0x0171df13) srli    t5, gp, 23
core   0: 3 0x80008e74 (0x0171df13) x30 0x00000000
core   0: 0x80008e78 (0x0092b033) sltu    zero, t0, s1
core   0: 3 0x80008e78 (0x0092b033)
core   0: 0x80008e7c (0x00120123) sb      ra, 2(tp)
core   0: 3 0x80008e7c (0x00120123) mem 0x80015922 0x0
core   0: 0x80008e80 (0x00520a83) lb      s5, 5(tp)
core   0: 3 0x80008e80 (0x00520a83) x21 0x00000000 mem 0x80015925
core   0: 0x80008e84 (0xffb24a83) lbu     s5, -5(tp)
core   0: 3 0x80008e84 (0xffb24a83) x21 0x00000000 mem 0x8001591b
core   0: 0x80008e88 (0x0000db17) auipc   s6, 0xd
core   0: 3 0x80008e88 (0x0000db17) x22 0x80015e88
core   0: 0x80008e8c (0x951b0b13) addi    s6, s6, -1711
core   0: 3 0x80008e8c (0x951b0b13) x22 0x800157d9
core   0: 0x80008e90 (0xa28b0a23) sb      s0, -1484(s6)
core   0: 3 0x80008e90 (0xa28b0a23) mem 0x8001520d 0x0
core   0: 0x80008e94 (0xa34b4c03) lbu     s8, -1484(s6)
core   0: 3 0x80008e94 (0xa34b4c03) x24 0x00000000 mem 0x8001520d
core   0: 0x80008e98 (0xa34b4703) lbu     a4, -1484(s6)
core   0: 3 0x80008e98 (0xa34b4703) x14 0x00000000 mem 0x8001520d
core   0: 0x80008e9c (0xa3ab0a23) sb      s10, -1484(s6)
core   0: 3 0x80008e9c (0xa3ab0a23) mem 0x8001520d 0x0
core   0: 0x80008ea0 (0x00931d93) slli    s11, t1, 9
core   0: 3 0x80008ea0 (0x00931d93) x27 0xd1503c00
core   0: 0x80008ea4 (0xa36b0a23) sb      s6, -1484(s6)
core   0: 3 0x80008ea4 (0xa36b0a23) mem 0x8001520d 0xd9
core   0: 0x80008ea8 (0xa34b4683) lbu     a3, -1484(s6)
core   0: 3 0x80008ea8 (0xa34b4683) x13 0x000000d9 mem 0x8001520d
core   0: 0x80008eac (0xa3ab0a23) sb      s10, -1484(s6)
core   0: 3 0x80008eac (0xa3ab0a23) mem 0x8001520d 0x0
core   0: 0x80008eb0 (0xa3ab0a23) sb      s10, -1484(s6)
core   0: 3 0x80008eb0 (0xa3ab0a23) mem 0x8001520d 0x0
core   0: 0x80008eb4 (0xa34b0483) lb      s1, -1484(s6)
core   0: 3 0x80008eb4 (0xa34b0483) x 9 0x00000000 mem 0x8001520d
core   0: 0x80008eb8 (0xa38b0a23) sb      s8, -1484(s6)
core   0: 3 0x80008eb8 (0xa38b0a23) mem 0x8001520d 0x0
core   0: 0x80008ebc (0xa34b0a23) sb      s4, -1484(s6)
core   0: 3 0x80008ebc (0xa34b0a23) mem 0x8001520d 0x1
core   0: 0x80008ec0 (0xa34b0183) lb      gp, -1484(s6)
core   0: 3 0x80008ec0 (0xa34b0183) x 3 0x00000001 mem 0x8001520d
core   0: 0x80008ec4 (0xa23b0a23) sb      gp, -1484(s6)
core   0: 3 0x80008ec4 (0xa23b0a23) mem 0x8001520d 0x1
core   0: 0x80008ec8 (0xa34b0f83) lb      t6, -1484(s6)
core   0: 3 0x80008ec8 (0xa34b0f83) x31 0x00000001 mem 0x8001520d
core   0: 0x80008ecc (0xa22b0a23) sb      sp, -1484(s6)
core   0: 3 0x80008ecc (0xa22b0a23) mem 0x8001520d 0x38
core   0: 0x80008ed0 (0xa34b0883) lb      a7, -1484(s6)
core   0: 3 0x80008ed0 (0xa34b0883) x17 0x00000038 mem 0x8001520d
core   0: 0x80008ed4 (0xa34b4c03) lbu     s8, -1484(s6)
core   0: 3 0x80008ed4 (0xa34b4c03) x24 0x00000038 mem 0x8001520d
core   0: 0x80008ed8 (0x0000d617) auipc   a2, 0xd
core   0: 3 0x80008ed8 (0x0000d617) x12 0x80015ed8
core   0: 0x80008edc (0xf2d60613) addi    a2, a2, -211
core   0: 3 0x80008edc (0xf2d60613) x12 0x80015e05
core   0: 0x80008ee0 (0x00012697) auipc   a3, 0x12
core   0: 3 0x80008ee0 (0x00012697) x13 0x8001aee0
core   0: 0x80008ee4 (0x14268693) addi    a3, a3, 322
core   0: 3 0x80008ee4 (0x14268693) x13 0x8001b022
core   0: 0x80008ee8 (0x57f6c203) lbu     tp, 1407(a3)
core   0: 3 0x80008ee8 (0x57f6c203) x 4 0x00000000 mem 0x8001b5a1
core   0: 0x80008eec (0xfde60ea3) sb      t5, -35(a2)
core   0: 3 0x80008eec (0xfde60ea3) mem 0x80015de2 0x0
core   0: 0x80008ef0 (0x01565283) lhu     t0, 21(a2)
core   0: 3 0x80008ef0 (0x01565283) x 5 0x00000000 mem 0x80015e1a
core   0: 0x80008ef4 (0xb656c083) lbu     ra, -1179(a3)
core   0: 3 0x80008ef4 (0xb656c083) x 1 0x00000000 mem 0x8001ab87
core   0: 0x80008ef8 (0x03960c03) lb      s8, 57(a2)
core   0: 3 0x80008ef8 (0x03960c03) x24 0x00000000 mem 0x80015e3e
core   0: 0x80008efc (0x51468423) sb      s4, 1288(a3)
core   0: 3 0x80008efc (0x51468423) mem 0x8001b52a 0x1
core   0: 0x80008f00 (0x02762783) lw      a5, 39(a2)
core   0: 3 0x80008f00 (0x02762783) x15 0x00000000 mem 0x80015e2c
core   0: 0x80008f04 (0x03e60d83) lb      s11, 62(a2)
core   0: 3 0x80008f04 (0x03e60d83) x27 0x00000000 mem 0x80015e43
core   0: 0x80008f08 (0xb996c183) lbu     gp, -1127(a3)
core   0: 3 0x80008f08 (0xb996c183) x 3 0x00000000 mem 0x8001abbb
core   0: 0x80008f0c (0xfef65f83) lhu     t6, -17(a2)
core   0: 3 0x80008f0c (0xfef65f83) x31 0x00000000 mem 0x80015df4
core   0: 0x80008f10 (0x03565783) lhu     a5, 53(a2)
core   0: 3 0x80008f10 (0x03565783) x15 0x0000531f mem 0x80015e3a
core   0: 0x80008f14 (0xc126d983) lhu     s3, -1006(a3)
core   0: 3 0x80008f14 (0xc126d983) x19 0x00000000 mem 0x8001ac34
core   0: 0x80008f18 (0x02560423) sb      t0, 40(a2)
core   0: 3 0x80008f18 (0x02560423) mem 0x80015e2d 0x0
core   0: 0x80008f1c (0x9ce6c903) lbu     s2, -1586(a3)
core   0: 3 0x80008f1c (0x9ce6c903) x18 0x00000000 mem 0x8001a9f0
core   0: 0x80008f20 (0xbc1682a3) sb      ra, -1083(a3)
core   0: 3 0x80008f20 (0xbc1682a3) mem 0x8001abe7 0x0
core   0: 0x80008f24 (0xffa60303) lb      t1, -6(a2)
core   0: 3 0x80008f24 (0xffa60303) x 6 0x00000000 mem 0x80015dff
core   0: 0x80008f28 (0x02c60d83) lb      s11, 44(a2)
core   0: 3 0x80008f28 (0x02c60d83) x27 0x00000000 mem 0x80015e31
core   0: 0x80008f2c (0x61c68623) sb      t3, 1548(a3)
core   0: 3 0x80008f2c (0x61c68623) mem 0x8001b62e 0xbc
core   0: 0x80008f30 (0x00016717) auipc   a4, 0x16
core   0: 3 0x80008f30 (0x00016717) x14 0x8001ef30
core   0: 0x80008f34 (0xa3370713) addi    a4, a4, -1485
core   0: 3 0x80008f34 (0xa3370713) x14 0x8001e963
core   0: 0x80008f38 (0x003724a3) sw      gp, 9(a4)
core   0: 3 0x80008f38 (0x003724a3) mem 0x8001e96c 0x00000000
core   0: 0x80008f3c (0xffc709a3) sb      t3, -13(a4)
core   0: 3 0x80008f3c (0xffc709a3) mem 0x8001e956 0xbc
core   0: 0x80008f40 (0x014c5913) srli    s2, s8, 20
core   0: 3 0x80008f40 (0x014c5913) x18 0x00000000
core   0: 0x80008f44 (0x00375603) lhu     a2, 3(a4)
core   0: 3 0x80008f44 (0x00375603) x12 0x00000000 mem 0x8001e966
core   0: 0x80008f48 (0x00370423) sb      gp, 8(a4)
core   0: 3 0x80008f48 (0x00370423) mem 0x8001e96b 0x0
core   0: 0x80008f4c (0xff574883) lbu     a7, -11(a4)
core   0: 3 0x80008f4c (0xff574883) x17 0x00000000 mem 0x8001e958
core   0: 0x80008f50 (0xff574a83) lbu     s5, -11(a4)
core   0: 3 0x80008f50 (0xff574a83) x21 0x00000000 mem 0x8001e958
core   0: 0x80008f54 (0x018701a3) sb      s8, 3(a4)
core   0: 3 0x80008f54 (0x018701a3) mem 0x8001e966 0x0
core   0: 0x80008f58 (0x01d95193) srli    gp, s2, 29
core   0: 3 0x80008f58 (0x01d95193) x 3 0x00000000
core   0: 0x80008f5c (0xffe70483) lb      s1, -2(a4)
core   0: 3 0x80008f5c (0xffe70483) x 9 0x00000000 mem 0x8001e961
core   0: 0x80008f60 (0xff775f03) lhu     t5, -9(a4)
core   0: 3 0x80008f60 (0xff775f03) x30 0x00000000 mem 0x8001e95a
core   0: 0x80008f64 (0x001720a3) sw      ra, 1(a4)
core   0: 3 0x80008f64 (0x001720a3) mem 0x8001e964 0x00000000
core   0: 0x80008f68 (0xff371aa3) sh      s3, -11(a4)
core   0: 3 0x80008f68 (0xff371aa3) mem 0x8001e958 0x0000
core   0: 0x80008f6c (0x008715a3) sh      s0, 11(a4)
core   0: 3 0x80008f6c (0x008715a3) mem 0x8001e96e 0x0000
core   0: 0x80008f70 (0x00a0e5b3) or      a1, ra, a0
core   0: 3 0x80008f70 (0x00a0e5b3) x11 0x8002ece4
core   0: 0x80008f74 (0x138cb937) lui     s2, 0x138cb
core   0: 3 0x80008f74 (0x138cb937) x18 0x138cb000
core   0: 0x80008f78 (0x01f2aab3) slt     s5, t0, t6
core   0: 3 0x80008f78 (0x01f2aab3) x21 0x00000000
core   0: 0x80008f7c (0xde6a2d13) slti    s10, s4, -538
core   0: 3 0x80008f7c (0xde6a2d13) x26 0x00000000
core   0: 0x80008f80 (0x0ff0000f) fence   iorw,iorw
core   0: 3 0x80008f80 (0x0ff0000f)
core   0: 0x80008f84 (0x007453b3) srl     t2, s0, t2
core   0: 3 0x80008f84 (0x007453b3) x 7 0x00000000
core   0: 0x80008f88 (0x9c3be413) ori     s0, s7, -1597
core   0: 3 0x80008f88 (0x9c3be413) x 8 0xfffffbf3
core   0: 0x80008f8c (0x41c401b3) sub     gp, s0, t3
core   0: 3 0x80008f8c (0x41c401b3) x 3 0xfffffe37
core   0: 0x80008f90 (0xdbd1c3b7) lui     t2, 0xdbd1c
core   0: 3 0x80008f90 (0xdbd1c3b7) x 7 0xdbd1c000
core   0: 0x80008f94 (0x00000013) nop
core   0: 3 0x80008f94 (0x00000013)
core   0: 0x80008f98 (0x00070783) lb      a5, 0(a4)
core   0: 3 0x80008f98 (0x00070783) x15 0x00000000 mem 0x8001e963
core   0: 0x80008f9c (0x00c70383) lb      t2, 12(a4)
core   0: 3 0x80008f9c (0x00c70383) x 7 0x00000000 mem 0x8001e96f
core   0: 0x80008fa0 (0x00d71f83) lh      t6, 13(a4)
core   0: 3 0x80008fa0 (0x00d71f83) x31 0x00000000 mem 0x8001e970
core   0: 0x80008fa4 (0x01970323) sb      s9, 6(a4)
core   0: 3 0x80008fa4 (0x01970323) mem 0x8001e969 0x86
core   0: 0x80008fa8 (0xff474c03) lbu     s8, -12(a4)
core   0: 3 0x80008fa8 (0xff474c03) x24 0x00000000 mem 0x8001e957
core   0: 0x80008fac (0xffb70b23) sb      s11, -10(a4)
core   0: 3 0x80008fac (0xffb70b23) mem 0x8001e959 0x0
core   0: 0x80008fb0 (0xffb71c83) lh      s9, -5(a4)
core   0: 3 0x80008fb0 (0xffb71c83) x25 0x00000000 mem 0x8001e95e
core   0: 0x80008fb4 (0x00f724a3) sw      a5, 9(a4)
core   0: 3 0x80008fb4 (0x00f724a3) mem 0x8001e96c 0x00000000
core   0: 0x80008fb8 (0x0000d097) auipc   ra, 0xd
core   0: 3 0x80008fb8 (0x0000d097) x 1 0x80015fb8
core   0: 0x80008fbc (0x94208093) addi    ra, ra, -1726
core   0: 3 0x80008fbc (0x94208093) x 1 0x800158fa
core   0: 0x80008fc0 (0x0e009383) lh      t2, 224(ra)
core   0: 3 0x80008fc0 (0x0e009383) x 7 0x00000020 mem 0x800159da
core   0: 0x80008fc4 (0x01beb3b3) sltu    t2, t4, s11
core   0: 3 0x80008fc4 (0x01beb3b3) x 7 0x00000000
core   0: 0x80008fc8 (0x73b2a293) slti    t0, t0, 1851
core   0: 3 0x80008fc8 (0x73b2a293) x 5 0x00000001
core   0: 0x80008fcc (0x0dd089a3) sb      t4, 211(ra)
core   0: 3 0x80008fcc (0x0dd089a3) mem 0x800159cd 0x0
core   0: 0x80008fd0 (0xff508fa3) sb      s5, -1(ra)
core   0: 3 0x80008fd0 (0xff508fa3) mem 0x800158f9 0x0
core   0: 0x80008fd4 (0x0c90c583) lbu     a1, 201(ra)
core   0: 3 0x80008fd4 (0x0c90c583) x11 0x00000000 mem 0x800159c3
core   0: 0x80008fd8 (0x630f2a13) slti    s4, t5, 1584
core   0: 3 0x80008fd8 (0x630f2a13) x20 0x00000001
core   0: 0x80008fdc (0x41180033) sub     zero, a6, a7
core   0: 3 0x80008fdc (0x41180033)
core   0: 0x80008fe0 (0xc9f13493) sltiu   s1, sp, -865
core   0: 3 0x80008fe0 (0xc9f13493) x 9 0x00000001
core   0: 0x80008fe4 (0x01b4da93) srli    s5, s1, 27
core   0: 3 0x80008fe4 (0x01b4da93) x21 0x00000000
core   0: 0x80008fe8 (0x90e8be13) sltiu   t3, a7, -1778
core   0: 3 0x80008fe8 (0x90e8be13) x28 0x00000001
core   0: 0x80008fec (0x40188333) sub     t1, a7, ra
core   0: 3 0x80008fec (0x40188333) x 6 0x7ffea706
core   0: 0x80008ff0 (0x0000100f) fence.i
core   0: 3 0x80008ff0 (0x0000100f)
core   0: 0x80008ff4 (0x41975033) sra     zero, a4, s9
core   0: 3 0x80008ff4 (0x41975033)
core   0: 0x80008ff8 (0x00a785b3) add     a1, a5, a0
core   0: 3 0x80008ff8 (0x00a785b3) x11 0x8002ece4
core   0: 0x80008ffc (0x01b163b3) or      t2, sp, s11
core   0: 3 0x80008ffc (0x01b163b3) x 7 0x8002ae38
core   0: 0x80009000 (0x09708223) sb      s7, 132(ra)
core   0: 3 0x80009000 (0x09708223) mem 0x8001597e 0xb3
core   0: 0x80009004 (0xf1308383) lb      t2, -237(ra)
core   0: 3 0x80009004 (0xf1308383) x 7 0x00000000 mem 0x8001580d
core   0: 0x80009008 (0x04d0c203) lbu     tp, 77(ra)
core   0: 3 0x80009008 (0x04d0c203) x 4 0x00000000 mem 0x80015947
core   0: 0x8000900c (0x4bcb8b37) lui     s6, 0x4bcb8
core   0: 3 0x8000900c (0x4bcb8b37) x22 0x4bcb8000
core   0: 0x80009010 (0x00e936b3) sltu    a3, s2, a4
core   0: 3 0x80009010 (0x00e936b3) x13 0x00000001
core   0: 0x80009014 (0x45a0f313) andi    t1, ra, 1114
core   0: 3 0x80009014 (0x45a0f313) x 6 0x0000005a
core   0: 0x80009018 (0x0870ca83) lbu     s5, 135(ra)
core   0: 3 0x80009018 (0x0870ca83) x21 0x00000000 mem 0x80015981
core   0: 0x8000901c (0x01651393) slli    t2, a0, 22
core   0: 3 0x8000901c (0x01651393) x 7 0x39000000
core   0: 0x80009020 (0x0fd08e03) lb      t3, 253(ra)
core   0: 3 0x80009020 (0x0fd08e03) x28 0x00000000 mem 0x800159f7
core   0: 0x80009024 (0x36670c37) lui     s8, 0x36670
core   0: 3 0x80009024 (0x36670c37) x24 0x36670000
core   0: 0x80009028 (0x51863793) sltiu   a5, a2, 1304
core   0: 3 0x80009028 (0x51863793) x15 0x00000001
core   0: 0x8000902c (0x0480c903) lbu     s2, 72(ra)
core   0: 3 0x8000902c (0x0480c903) x18 0x00000000 mem 0x80015942
core   0: 0x80009030 (0x01379193) slli    gp, a5, 19
core   0: 3 0x80009030 (0x01379193) x 3 0x00080000
core   0: 0x80009034 (0x01809933) sll     s2, ra, s8
core   0: 3 0x80009034 (0x01809933) x18 0x800158fa
core   0: 0x80009038 (0x03f089a3) sb      t6, 51(ra)
core   0: 3 0x80009038 (0x03f089a3) mem 0x8001592d 0x0
core   0: 0x8000903c (0x01cf7cb3) and     s9, t5, t3
core   0: 3 0x8000903c (0x01cf7cb3) x25 0x00000000
core   0: 0x80009040 (0xaa6d6d97) auipc   s11, 0xaa6d6
core   0: 3 0x80009040 (0xaa6d6d97) x27 0x2a6df040
core   0: 0x80009044 (0x0138bfb3) sltu    t6, a7, s3
core   0: 3 0x80009044 (0x0138bfb3) x31 0x00000000
core   0: 0x80009048 (0x003b3633) sltu    a2, s6, gp
core   0: 3 0x80009048 (0x003b3633) x12 0x00000000
core   0: 0x8000904c (0x40b487b3) sub     a5, s1, a1
core   0: 3 0x8000904c (0x40b487b3) x15 0x7ffd131d
core   0: 0x80009050 (0x1776cf37) lui     t5, 0x1776c
core   0: 3 0x80009050 (0x1776cf37) x30 0x1776c000
core   0: 0x80009054 (0x019281b3) add     gp, t0, s9
core   0: 3 0x80009054 (0x019281b3) x 3 0x00000001
core   0: 0x80009058 (0x010294b3) sll     s1, t0, a6
core   0: 3 0x80009058 (0x010294b3) x 9 0x00000002
core   0: 0x8000905c (0x01ad9e93) slli    t4, s11, 26
core   0: 3 0x8000905c (0x01ad9e93) x29 0x00000000
core   0: 0x80009060 (0x0d20a703) lw      a4, 210(ra)
core   0: 3 0x80009060 (0x0d20a703) x14 0x00000000 mem 0x800159cc
core   0: 0x80009064 (0x0000c797) auipc   a5, 0xc
core   0: 3 0x80009064 (0x0000c797) x15 0x80015064
core   0: 0x80009068 (0x11478793) addi    a5, a5, 276
core   0: 3 0x80009068 (0x11478793) x15 0x80015178
core   0: 0x8000906c (0x01149593) slli    a1, s1, 17
core   0: 3 0x8000906c (0x01149593) x11 0x00040000
core   0: 0x80009070 (0x6f978ba3) sb      s9, 1783(a5)
core   0: 3 0x80009070 (0x6f978ba3) mem 0x8001586f 0x0
core   0: 0x80009074 (0x7c879b03) lh      s6, 1992(a5)
core   0: 3 0x80009074 (0x7c879b03) x22 0x00000000 mem 0x80015940
core   0: 0x80009078 (0x45180713) addi    a4, a6, 1105
core   0: 3 0x80009078 (0x45180713) x14 0x02fe8ed2
core   0: 0x8000907c (0x5dd7cd83) lbu     s11, 1501(a5)
core   0: 3 0x8000907c (0x5dd7cd83) x27 0x00000000 mem 0x80015755
core   0: 0x80009080 (0xf12fe393) ori     t2, t6, -238
core   0: 3 0x80009080 (0xf12fe393) x 7 0xffffff12
core   0: 0x80009084 (0x6e8e3193) sltiu   gp, t3, 1768
core   0: 3 0x80009084 (0x6e8e3193) x 3 0x00000001
core   0: 0x80009088 (0x00958333) add     t1, a1, s1
core   0: 3 0x80009088 (0x00958333) x 6 0x00040002
core   0: 0x8000908c (0xb0f34193) xori    gp, t1, -1265
core   0: 3 0x8000908c (0xb0f34193) x 3 0xfffbfb0d
core   0: 0x80009090 (0xcf71aa93) slti    s5, gp, -777
core   0: 3 0x80009090 (0xcf71aa93) x21 0x00000001
core   0: 0x80009094 (0x00000013) nop
core   0: 3 0x80009094 (0x00000013)
core   0: 0x80009098 (0x3ee78083) lb      ra, 1006(a5)
core   0: 3 0x80009098 (0x3ee78083) x 1 0x00000000 mem 0x80015566
core   0: 0x8000909c (0x00af3c33) sltu    s8, t5, a0
core   0: 3 0x8000909c (0x00af3c33) x24 0x00000001
core   0: 0x800090a0 (0x6167cb03) lbu     s6, 1558(a5)
core   0: 3 0x800090a0 (0x6167cb03) x22 0x00000000 mem 0x8001578e
core   0: 0x800090a4 (0x1f47ac83) lw      s9, 500(a5)
core   0: 3 0x800090a4 (0x1f47ac83) x25 0x19b40000 mem 0x8001536c
core   0: 0x800090a8 (0x01d336b3) sltu    a3, t1, t4
core   0: 3 0x800090a8 (0x01d336b3) x13 0x00000000
core   0: 0x800090ac (0xf26785a3) sb      t1, -213(a5)
core   0: 3 0x800090ac (0xf26785a3) mem 0x800150a3 0x2
core   0: 0x800090b0 (0x002d85b3) add     a1, s11, sp
core   0: 3 0x800090b0 (0x002d85b3) x11 0x8002ae38
core   0: 0x800090b4 (0x6b279303) lh      t1, 1714(a5)
core   0: 3 0x800090b4 (0x6b279303) x 6 0x000000b3 mem 0x8001582a
core   0: 0x800090b8 (0xfa27cf03) lbu     t5, -94(a5)
core   0: 3 0x800090b8 (0xfa27cf03) x30 0x00000000 mem 0x8001511a
core   0: 0x800090bc (0xfbb78ca3) sb      s11, -71(a5)
core   0: 3 0x800090bc (0xfbb78ca3) mem 0x80015131 0x0
core   0: 0x800090c0 (0xfb078c23) sb      a6, -72(a5)
core   0: 3 0x800090c0 (0xfb078c23) mem 0x80015130 0x81
core   0: 0x800090c4 (0x62478823) sb      tp, 1584(a5)
core   0: 3 0x800090c4 (0x62478823) mem 0x800157a8 0x0
core   0: 0x800090c8 (0x17279483) lh      s1, 370(a5)
core   0: 3 0x800090c8 (0x17279483) x 9 0x00000000 mem 0x800152ea
core   0: 0x800090cc (0x3f478993) addi    s3, a5, 1012
core   0: 3 0x800090cc (0x3f478993) x19 0x8001556c
core   0: 0x800090d0 (0x16378d23) sb      gp, 378(a5)
core   0: 3 0x800090d0 (0x16378d23) mem 0x800152f2 0xd
core   0: 0x800090d4 (0x015699b3) sll     s3, a3, s5
core   0: 3 0x800090d4 (0x015699b3) x19 0x00000000
core   0: 0x800090d8 (0x56e7cd83) lbu     s11, 1390(a5)
core   0: 3 0x800090d8 (0x56e7cd83) x27 0x00000000 mem 0x800156e6
core   0: 0x800090dc (0xff67d083) lhu     ra, -10(a5)
core   0: 3 0x800090dc (0xff67d083) x 1 0x00000000 mem 0x8001516e
core   0: 0x800090e0 (0x6147c383) lbu     t2, 1556(a5)
core   0: 3 0x800090e0 (0x6147c383) x 7 0x00000000 mem 0x8001578c
core   0: 0x800090e4 (0x3947aa23) sw      s4, 916(a5)
core   0: 3 0x800090e4 (0x3947aa23) mem 0x8001550c 0x00000001
core   0: 0x800090e8 (0x0000d597) auipc   a1, 0xd
core   0: 3 0x800090e8 (0x0000d597) x11 0x800160e8
core   0: 0x800090ec (0x9fa58593) addi    a1, a1, -1542
core   0: 3 0x800090ec (0x9fa58593) x11 0x80015ae2
core   0: 0x800090f0 (0x38b585a3) sb      a1, 907(a1)
core   0: 3 0x800090f0 (0x38b585a3) mem 0x80015e6d 0xe2
core   0: 0x800090f4 (0x385585a3) sb      t0, 907(a1)
core   0: 3 0x800090f4 (0x385585a3) mem 0x80015e6d 0x1
core   0: 0x800090f8 (0x38b5cd03) lbu     s10, 907(a1)
core   0: 3 0x800090f8 (0x38b5cd03) x26 0x00000001 mem 0x80015e6d
core   0: 0x800090fc (0x52b584a3) sb      a1, 1321(a1)
core   0: 3 0x800090fc (0x52b584a3) mem 0x8001600b 0xe2
core   0: 0x80009100 (0x4b65cd03) lbu     s10, 1206(a1)
core   0: 3 0x80009100 (0x4b65cd03) x26 0x000000e4 mem 0x80015f98
core   0: 0x80009104 (0x4b65a183) lw      gp, 1206(a1)
core   0: 3 0x80009104 (0x4b65a183) x 3 0x000000e4 mem 0x80015f98
core   0: 0x80009108 (0x4b758b23) sb      s7, 1206(a1)
core   0: 3 0x80009108 (0x4b758b23) mem 0x80015f98 0xb3
core   0: 0x8000910c (0x8ec59423) sh      a2, -1816(a1)
core   0: 3 0x8000910c (0x8ec59423) mem 0x800153ca 0x0000
core   0: 0x80009110 (0x8f858423) sb      s8, -1816(a1)
core   0: 3 0x80009110 (0x8f858423) mem 0x800153ca 0x1
core   0: 0x80009114 (0x008ebab3) sltu    s5, t4, s0
core   0: 3 0x80009114 (0x008ebab3) x21 0x00000001
core   0: 0x80009118 (0x8e85d603) lhu     a2, -1816(a1)
core   0: 3 0x80009118 (0x8e85d603) x12 0x00000001 mem 0x800153ca
core   0: 0x8000911c (0xd1658d03) lb      s10, -746(a1)
core   0: 3 0x8000911c (0xd1658d03) x26 0x00000000 mem 0x800157f8
core   0: 0x80009120 (0xa2a5c003) lbu     zero, -1494(a1)
core   0: 3 0x80009120 (0xa2a5c003) mem 0x8001550c
core   0: 0x80009124 (0x83f585a3) sb      t6, -2005(a1)
core   0: 3 0x80009124 (0x83f585a3) mem 0x8001530d 0x0
core   0: 0x80009128 (0x2eb5c883) lbu     a7, 747(a1)
core   0: 3 0x80009128 (0x2eb5c883) x17 0x00000000 mem 0x80015dcd
core   0: 0x8000912c (0x0000cf17) auipc   t5, 0xc
core   0: 3 0x8000912c (0x0000cf17) x30 0x8001512c
core   0: 0x80009130 (0x280f0f13) addi    t5, t5, 640
core   0: 3 0x80009130 (0x280f0f13) x30 0x800153ac
core   0: 0x80009134 (0xfc4f0623) sb      tp, -52(t5)
core   0: 3 0x80009134 (0xfc4f0623) mem 0x80015378 0x0
core   0: 0x80009138 (0x40bf5a33) sra     s4, t5, a1
core   0: 3 0x80009138 (0x40bf5a33) x20 0xe00054eb
core   0: 0x8000913c (0x00000013) nop
core   0: 3 0x8000913c (0x00000013)
core   0: 0x80009140 (0xf1fbfd13) andi    s10, s7, -225
core   0: 3 0x80009140 (0xf1fbfd13) x26 0xd1eeaa13
core   0: 0x80009144 (0x00dc1293) slli    t0, s8, 13
core   0: 3 0x80009144 (0x00dc1293) x 5 0x00002000
core   0: 0x80009148 (0xfedf0b03) lb      s6, -19(t5)
core   0: 3 0x80009148 (0xfedf0b03) x22 0x00000000 mem 0x80015399
core   0: 0x8000914c (0x000f1323) sh      zero, 6(t5)
core   0: 3 0x8000914c (0x000f1323) mem 0x800153b2 0x0000
core   0: 0x80009150 (0xfecf2703) lw      a4, -20(t5)
core   0: 3 0x80009150 (0xfecf2703) x14 0x00000000 mem 0x80015398
core   0: 0x80009154 (0x01ec27b3) slt     a5, s8, t5
core   0: 3 0x80009154 (0x01ec27b3) x15 0x00000000
core   0: 0x80009158 (0xfeaf0203) lb      tp, -22(t5)
core   0: 3 0x80009158 (0xfeaf0203) x 4 0xfffffffa mem 0x80015396
core   0: 0x8000915c (0x007f4d03) lbu     s10, 7(t5)
core   0: 3 0x8000915c (0x007f4d03) x26 0x00000000 mem 0x800153b3
core   0: 0x80009160 (0x010bb833) sltu    a6, s7, a6
core   0: 3 0x80009160 (0x010bb833) x16 0x00000000
core   0: 0x80009164 (0x5a0d7e93) andi    t4, s10, 1440
core   0: 3 0x80009164 (0x5a0d7e93) x29 0x00000000
core   0: 0x80009168 (0x014c05b3) add     a1, s8, s4
core   0: 3 0x80009168 (0x014c05b3) x11 0xe00054ec
core   0: 0x8000916c (0x0ff0000f) fence   iorw,iorw
core   0: 3 0x8000916c (0x0ff0000f)
core   0: 0x80009170 (0xccc30e93) addi    t4, t1, -820
core   0: 3 0x80009170 (0xccc30e93) x29 0xfffffd7f
core   0: 0x80009174 (0xcfcf7413) andi    s0, t5, -772
core   0: 3 0x80009174 (0xcfcf7413) x 8 0x800150ac
core   0: 0x80009178 (0x0000100f) fence.i
core   0: 3 0x80009178 (0x0000100f)
core   0: 0x8000917c (0xfc1f0a03) lb      s4, -63(t5)
core   0: 3 0x8000917c (0xfc1f0a03) x20 0x00000000 mem 0x8001536d
core   0: 0x80009180 (0x40028d33) sub     s10, t0, zero
core   0: 3 0x80009180 (0x40028d33) x26 0x00002000
core   0: 0x80009184 (0xd9cb6793) ori     a5, s6, -612
core   0: 3 0x80009184 (0xd9cb6793) x15 0xfffffd9c
core   0: 0x80009188 (0x01647e33) and     t3, s0, s6
core   0: 3 0x80009188 (0x01647e33) x28 0x00000000
core   0: 0x8000918c (0x01ff0d23) sb      t6, 26(t5)
core   0: 3 0x8000918c (0x01ff0d23) mem 0x800153c6 0x0
core   0: 0x80009190 (0xbfc0b997) auipc   s3, 0xbfc0b
core   0: 3 0x80009190 (0xbfc0b997) x19 0x3fc14190
core   0: 0x80009194 (0x00082033) slt     zero, a6, zero
core   0: 3 0x80009194 (0x00082033)
core   0: 0x80009198 (0xffaf4083) lbu     ra, -6(t5)
core   0: 3 0x80009198 (0xffaf4083) x 1 0x00000000 mem 0x800153a6
core   0: 0x8000919c (0x01ff4f83) lbu     t6, 31(t5)
core   0: 3 0x8000919c (0x01ff4f83) x31 0x00000000 mem 0x800153cb
core   0: 0x800091a0 (0x0ff0000f) fence   iorw,iorw
core   0: 3 0x800091a0 (0x0ff0000f)
core   0: 0x800091a4 (0x023f4d83) lbu     s11, 35(t5)
core   0: 3 0x800091a4 (0x023f4d83) x27 0x00000000 mem 0x800153cf
core   0: 0x800091a8 (0x01af4203) lbu     tp, 26(t5)
core   0: 3 0x800091a8 (0x01af4203) x 4 0x00000000 mem 0x800153c6
core   0: 0x800091ac (0xff3f0883) lb      a7, -13(t5)
core   0: 3 0x800091ac (0xff3f0883) x17 0x00000000 mem 0x8001539f
core   0: 0x800091b0 (0xb918b413) sltiu   s0, a7, -1135
core   0: 3 0x800091b0 (0xb918b413) x 8 0x00000001
core   0: 0x800091b4 (0xfd5f4903) lbu     s2, -43(t5)
core   0: 3 0x800091b4 (0xfd5f4903) x18 0x00000000 mem 0x80015381
core   0: 0x800091b8 (0x000797b3) sll     a5, a5, zero
core   0: 3 0x800091b8 (0x000797b3) x15 0xfffffd9c
core   0: 0x800091bc (0x01cd5733) srl     a4, s10, t3
core   0: 3 0x800091bc (0x01cd5733) x14 0x00002000
core   0: 0x800091c0 (0xcd286013) ori     zero, a6, -814
core   0: 3 0x800091c0 (0xcd286013)
core   0: 0x800091c4 (0x7754c413) xori    s0, s1, 1909
core   0: 3 0x800091c4 (0x7754c413) x 8 0x00000775
core   0: 0x800091c8 (0x01361c93) slli    s9, a2, 19
core   0: 3 0x800091c8 (0x01361c93) x25 0x00080000
core   0: 0x800091cc (0xfd1f0b03) lb      s6, -47(t5)
core   0: 3 0x800091cc (0xfd1f0b03) x22 0x00000000 mem 0x8001537d
core   0: 0x800091d0 (0x012418b3) sll     a7, s0, s2
core   0: 3 0x800091d0 (0x012418b3) x17 0x00000775
core   0: 0x800091d4 (0x006f73b3) and     t2, t5, t1
core   0: 3 0x800091d4 (0x006f73b3) x 7 0x000000a0
core   0: 0x800091d8 (0x0020fd33) and     s10, ra, sp
core   0: 3 0x800091d8 (0x0020fd33) x26 0x00000000
core   0: 0x800091dc (0x01f1a5b3) slt     a1, gp, t6
core   0: 3 0x800091dc (0x01f1a5b3) x11 0x00000000
core   0: 0x800091e0 (0x01486633) or      a2, a6, s4
core   0: 3 0x800091e0 (0x01486633) x12 0x00000000
core   0: 0x800091e4 (0x0000100f) fence.i
core   0: 3 0x800091e4 (0x0000100f)
core   0: 0x800091e8 (0xfe1f0e83) lb      t4, -31(t5)
core   0: 3 0x800091e8 (0xfe1f0e83) x29 0x00000000 mem 0x8001538d
core   0: 0x800091ec (0x0000c217) auipc   tp, 0xc
core   0: 3 0x800091ec (0x0000c217) x 4 0x800151ec
core   0: 0x800091f0 (0x24f20213) addi    tp, tp, 591
core   0: 3 0x800091f0 (0x24f20213) x 4 0x8001543b
core   0: 0x800091f4 (0x08325d83) lhu     s11, 131(tp)
core   0: 3 0x800091f4 (0x08325d83) x27 0x00005e60 mem 0x800154be
core   0: 0x800091f8 (0xf5420303) lb      t1, -172(tp)
core   0: 3 0x800091f8 (0xf5420303) x 6 0xffffffaa mem 0x8001538f
core   0: 0x800091fc (0x0d724383) lbu     t2, 215(tp)
core   0: 3 0x800091fc (0x0d724383) x 7 0x00000000 mem 0x80015512
core   0: 0x80009200 (0x0c021ba3) sh      zero, 215(tp)
core   0: 3 0x80009200 (0x0c021ba3) mem 0x80015512 0x0000
core   0: 0x80009204 (0x4095d593) srai    a1, a1, 9
core   0: 3 0x80009204 (0x4095d593) x11 0x00000000
core   0: 0x80009208 (0x00e5f333) and     t1, a1, a4
core   0: 3 0x80009208 (0x00e5f333) x 6 0x00000000
core   0: 0x8000920c (0x07224d83) lbu     s11, 114(tp)
core   0: 3 0x8000920c (0x07224d83) x27 0x00000000 mem 0x800154ad
core   0: 0x80009210 (0x95068413) addi    s0, a3, -1712
core   0: 3 0x80009210 (0x95068413) x 8 0xfffff950
core   0: 0x80009214 (0x00619b33) sll     s6, gp, t1
core   0: 3 0x80009214 (0x00619b33) x22 0x000000e4
core   0: 0x80009218 (0x03f21f83) lh      t6, 63(tp)
core   0: 3 0x80009218 (0x03f21f83) x31 0xffffd200 mem 0x8001547a
core   0: 0x8000921c (0x0f3203a3) sb      s3, 231(tp)
core   0: 3 0x8000921c (0x0f3203a3) mem 0x80015522 0x90
core   0: 0x80009220 (0x003bd2b3) srl     t0, s7, gp
core   0: 3 0x80009220 (0x003bd2b3) x 5 0x0d1eeaab
core   0: 0x80009224 (0xb93aaf93) slti    t6, s5, -1133
core   0: 3 0x80009224 (0xb93aaf93) x31 0x00000000
core   0: 0x80009228 (0x0172a033) slt     zero, t0, s7
core   0: 3 0x80009228 (0x0172a033)
core   0: 0x8000922c (0x41b98cb3) sub     s9, s3, s11
core   0: 3 0x8000922c (0x41b98cb3) x25 0x3fc14190
core   0: 0x80009230 (0x0000100f) fence.i
core   0: 3 0x80009230 (0x0000100f)
core   0: 0x80009234 (0xf0d21903) lh      s2, -243(tp)
core   0: 3 0x80009234 (0xf0d21903) x18 0x00000000 mem 0x80015348
core   0: 0x80009238 (0x0fd20a23) sb      t4, 244(tp)
core   0: 3 0x80009238 (0x0fd20a23) mem 0x8001552f 0x0
core   0: 0x8000923c (0x00000013) nop
core   0: 3 0x8000923c (0x00000013)
core   0: 0x80009240 (0xf0020e03) lb      t3, -256(tp)
core   0: 3 0x80009240 (0xf0020e03) x28 0x00000000 mem 0x8001533b
core   0: 0x80009244 (0xf5220f03) lb      t5, -174(tp)
core   0: 3 0x80009244 (0xf5220f03) x30 0x00000000 mem 0x8001538d
core   0: 0x80009248 (0x0000100f) fence.i
core   0: 3 0x80009248 (0x0000100f)
core   0: 0x8000924c (0x05824b03) lbu     s6, 88(tp)
core   0: 3 0x8000924c (0x05824b03) x22 0x00000003 mem 0x80015493
core   0: 0x80009250 (0xf5c24603) lbu     a2, -164(tp)
core   0: 3 0x80009250 (0xf5c24603) x12 0x00000000 mem 0x80015397
core   0: 0x80009254 (0xfcb21883) lh      a7, -53(tp)
core   0: 3 0x80009254 (0xfcb21883) x17 0x000000e4 mem 0x80015406
core   0: 0x80009258 (0x013f7633) and     a2, t5, s3
core   0: 3 0x80009258 (0x013f7633) x12 0x00000000
core   0: 0x8000925c (0x0ea24083) lbu     ra, 234(tp)
core   0: 3 0x8000925c (0x0ea24083) x 1 0x00000000 mem 0x80015525
core   0: 0x80009260 (0xfe720e23) sb      t2, -4(tp)
core   0: 3 0x80009260 (0xfe720e23) mem 0x80015437 0x0
core   0: 0x80009264 (0xf3024c83) lbu     s9, -208(tp)
core   0: 3 0x80009264 (0xf3024c83) x25 0x00000000 mem 0x8001536b
core   0: 0x80009268 (0x03520f23) sb      s5, 62(tp)
core   0: 3 0x80009268 (0x03520f23) mem 0x80015479 0x1
core   0: 0x8000926c (0x01333833) sltu    a6, t1, s3
core   0: 3 0x8000926c (0x01333833) x16 0x00000001
core   0: 0x80009270 (0x01c55713) srli    a4, a0, 28
core   0: 3 0x80009270 (0x01c55713) x14 0x00000008
core   0: 0x80009274 (0x09420c23) sb      s4, 152(tp)
core   0: 3 0x80009274 (0x09420c23) mem 0x800154d3 0x0
core   0: 0x80009278 (0xe1f20293) addi    t0, tp, -481
core   0: 3 0x80009278 (0xe1f20293) x 5 0x8001525a
core   0: 0x8000927c (0x0dc24e83) lbu     t4, 220(tp)
core   0: 3 0x8000927c (0x0dc24e83) x29 0x00000000 mem 0x80015517
core   0: 0x80009280 (0x008224a3) sw      s0, 9(tp)
core   0: 3 0x80009280 (0x008224a3) mem 0x80015444 0xfffff950
core   0: 0x80009284 (0x04925a03) lhu     s4, 73(tp)
core   0: 3 0x80009284 (0x04925a03) x20 0x00000000 mem 0x80015484
core   0: 0x80009288 (0xe4fccc93) xori    s9, s9, -433
core   0: 3 0x80009288 (0xe4fccc93) x25 0xfffffe4f
core   0: 0x8000928c (0x9e5ee393) ori     t2, t4, -1563
core   0: 3 0x8000928c (0x9e5ee393) x 7 0xfffff9e5
core   0: 0x80009290 (0x07224583) lbu     a1, 114(tp)
core   0: 3 0x80009290 (0x07224583) x11 0x00000000 mem 0x800154ad
core   0: 0x80009294 (0x001ac733) xor     a4, s5, ra
core   0: 3 0x80009294 (0x001ac733) x14 0x00000001
core   0: 0x80009298 (0xf0920483) lb      s1, -247(tp)
core   0: 3 0x80009298 (0xf0920483) x 9 0x00000000 mem 0x80015344
core   0: 0x8000929c (0x0069dd33) srl     s10, s3, t1
core   0: 3 0x8000929c (0x0069dd33) x26 0x3fc14190
core   0: 0x800092a0 (0xe1c00a13) li      s4, -484
core   0: 3 0x800092a0 (0xe1c00a13) x20 0xfffffe1c
core   0: 0x800092a4 (0x01d54933) xor     s2, a0, t4
core   0: 3 0x800092a4 (0x01d54933) x18 0x8002ece4
core   0: 0x800092a8 (0x0000cf33) xor     t5, ra, zero
core   0: 3 0x800092a8 (0x0000cf33) x30 0x00000000
core   0: 0x800092ac (0x40335733) sra     a4, t1, gp
core   0: 3 0x800092ac (0x40335733) x14 0x00000000
core   0: 0x800092b0 (0xf4e207a3) sb      a4, -177(tp)
core   0: 3 0x800092b0 (0xf4e207a3) mem 0x8001538a 0x0
core   0: 0x800092b4 (0x01c93433) sltu    s0, s2, t3
core   0: 3 0x800092b4 (0x01c93433) x 8 0x00000000
core   0: 0x800092b8 (0x04f207a3) sb      a5, 79(tp)
core   0: 3 0x800092b8 (0x04f207a3) mem 0x8001548a 0x9c
core   0: 0x800092bc (0x41c73913) sltiu   s2, a4, 1052
core   0: 3 0x800092bc (0x41c73913) x18 0x00000001
core   0: 0x800092c0 (0x0ee20803) lb      a6, 238(tp)
core   0: 3 0x800092c0 (0x0ee20803) x16 0x00000000 mem 0x80015529
core   0: 0x800092c4 (0xfea20783) lb      a5, -22(tp)
core   0: 3 0x800092c4 (0xfea20783) x15 0x00000000 mem 0x80015425
core   0: 0x800092c8 (0x06624803) lbu     a6, 102(tp)
core   0: 3 0x800092c8 (0x06624803) x16 0x00000000 mem 0x800154a1
core   0: 0x800092cc (0x0000c997) auipc   s3, 0xc
core   0: 3 0x800092cc (0x0000c997) x19 0x800152cc
core   0: 0x800092d0 (0xdec98993) addi    s3, s3, -532
core   0: 3 0x800092d0 (0xdec98993) x19 0x800150b8
core   0: 0x800092d4 (0x0cd987a3) sb      a3, 207(s3)
core   0: 3 0x800092d4 (0x0cd987a3) mem 0x80015187 0x0
core   0: 0x800092d8 (0x00999933) sll     s2, s3, s1
core   0: 3 0x800092d8 (0x00999933) x18 0x800150b8
core   0: 0x800092dc (0x53098da3) sb      a6, 1339(s3)
core   0: 3 0x800092dc (0x53098da3) mem 0x800155f3 0x0
core   0: 0x800092e0 (0x14b98f03) lb      t5, 331(s3)
core   0: 3 0x800092e0 (0x14b98f03) x30 0x00000000 mem 0x80015203
core   0: 0x800092e4 (0x44e98723) sb      a4, 1102(s3)
core   0: 3 0x800092e4 (0x44e98723) mem 0x80015506 0x0
core   0: 0x800092e8 (0xfd69ac23) sw      s6, -40(s3)
core   0: 3 0x800092e8 (0xfd69ac23) mem 0x80015090 0x00000003
core   0: 0x800092ec (0x5a1feab7) lui     s5, 0x5a1fe
core   0: 3 0x800092ec (0x5a1feab7) x21 0x5a1fe000
core   0: 0x800092f0 (0xfd89ab03) lw      s6, -40(s3)
core   0: 3 0x800092f0 (0xfd89ab03) x22 0x00000003 mem 0x80015090
core   0: 0x800092f4 (0xfd89cb03) lbu     s6, -40(s3)
core   0: 3 0x800092f4 (0xfd89cb03) x22 0x00000003 mem 0x80015090
core   0: 0x800092f8 (0x9f992493) slti    s1, s2, -1543
core   0: 3 0x800092f8 (0x9f992493) x 9 0x00000001
core   0: 0x800092fc (0x19b9c003) lbu     zero, 411(s3)
core   0: 3 0x800092fc (0x19b9c003) mem 0x80015253
core   0: 0x80009300 (0x19b98a83) lb      s5, 411(s3)
core   0: 3 0x80009300 (0x19b98a83) x21 0x00000000 mem 0x80015253
core   0: 0x80009304 (0x0072eab3) or      s5, t0, t2
core   0: 3 0x80009304 (0x0072eab3) x21 0xfffffbff
core   0: 0x80009308 (0x18c9c783) lbu     a5, 396(s3)
core   0: 3 0x80009308 (0x18c9c783) x15 0x00000000 mem 0x80015244
core   0: 0x8000930c (0x00d59693) slli    a3, a1, 13
core   0: 3 0x8000930c (0x00d59693) x13 0x00000000
core   0: 0x80009310 (0x15487813) andi    a6, a6, 340
core   0: 3 0x80009310 (0x15487813) x16 0x00000000
core   0: 0x80009314 (0x00c31393) slli    t2, t1, 12
core   0: 3 0x80009314 (0x00c31393) x 7 0x00000000
core   0: 0x80009318 (0x16b9c283) lbu     t0, 363(s3)
core   0: 3 0x80009318 (0x16b9c283) x 5 0x00000000 mem 0x80015223
core   0: 0x8000931c (0x00015597) auipc   a1, 0x15
core   0: 3 0x8000931c (0x00015597) x11 0x8001e31c
core   0: 0x80009320 (0xb9a58593) addi    a1, a1, -1126
core   0: 3 0x80009320 (0xb9a58593) x11 0x8001deb6
core   0: 0x80009324 (0x00012f17) auipc   t5, 0x12
core   0: 3 0x80009324 (0x00012f17) x30 0x8001b324
core   0: 0x80009328 (0x283f0f13) addi    t5, t5, 643
core   0: 3 0x80009328 (0x283f0f13) x30 0x8001b5a7
core   0: 0x8000932c (0xffb58403) lb      s0, -5(a1)
core   0: 3 0x8000932c (0xffb58403) x 8 0x00000000 mem 0x8001deb1
core   0: 0x80009330 (0xff259b03) lh      s6, -14(a1)
core   0: 3 0x80009330 (0xff259b03) x22 0x00000000 mem 0x8001dea8
core   0: 0x80009334 (0x00df02a3) sb      a3, 5(t5)
core   0: 3 0x80009334 (0x00df02a3) mem 0x8001b5ac 0x0
core   0: 0x80009338 (0x000f0823) sb      zero, 16(t5)
core   0: 3 0x80009338 (0x000f0823) mem 0x8001b5b7 0x0
core   0: 0x8000933c (0x0000fd17) auipc   s10, 0xf
core   0: 3 0x8000933c (0x0000fd17) x26 0x8001833c
core   0: 0x80009340 (0x4dad0d13) addi    s10, s10, 1242
core   0: 3 0x80009340 (0x4dad0d13) x26 0x80018816
core   0: 0x80009344 (0xfe2f0d23) sb      sp, -6(t5)
core   0: 3 0x80009344 (0xfe2f0d23) mem 0x8001b5a1 0x38
core   0: 0x80009348 (0xff958e03) lb      t3, -7(a1)
core   0: 3 0x80009348 (0xff958e03) x28 0x00000000 mem 0x8001deaf
core   0: 0x8000934c (0x00dd4403) lbu     s0, 13(s10)
core   0: 3 0x8000934c (0x00dd4403) x 8 0x00000000 mem 0x80018823
core   0: 0x80009350 (0xff4f4183) lbu     gp, -12(t5)
core   0: 3 0x80009350 (0xff4f4183) x 3 0x00000000 mem 0x8001b59b
core   0: 0x80009354 (0x005585a3) sb      t0, 11(a1)
core   0: 3 0x80009354 (0x005585a3) mem 0x8001dec1 0x0
core   0: 0x80009358 (0xffcd5a03) lhu     s4, -4(s10)
core   0: 3 0x80009358 (0xffcd5a03) x20 0x00000000 mem 0x80018812
core   0: 0x8000935c (0x00dd0783) lb      a5, 13(s10)
core   0: 3 0x8000935c (0x00dd0783) x15 0x00000000 mem 0x80018823
core   0: 0x80009360 (0x00058d83) lb      s11, 0(a1)
core   0: 3 0x80009360 (0x00058d83) x27 0x00000000 mem 0x8001deb6
core   0: 0x80009364 (0x000d0803) lb      a6, 0(s10)
core   0: 3 0x80009364 (0x000d0803) x16 0x00000000 mem 0x80018816
core   0: 0x80009368 (0x0015cc83) lbu     s9, 1(a1)
core   0: 3 0x80009368 (0x0015cc83) x25 0x00000000 mem 0x8001deb7
core   0: 0x8000936c (0xff6f0003) lb      zero, -10(t5)
core   0: 3 0x8000936c (0xff6f0003) mem 0x8001b59d
core   0: 0x80009370 (0xff1d0203) lb      tp, -15(s10)
core   0: 3 0x80009370 (0xff1d0203) x 4 0x00000000 mem 0x80018807
core   0: 0x80009374 (0xff0f0a83) lb      s5, -16(t5)
core   0: 3 0x80009374 (0xff0f0a83) x21 0x00000000 mem 0x8001b597
core   0: 0x80009378 (0x00cd4903) lbu     s2, 12(s10)
core   0: 3 0x80009378 (0x00cd4903) x18 0x00000000 mem 0x80018822
core   0: 0x8000937c (0xff65d983) lhu     s3, -10(a1)
core   0: 3 0x8000937c (0xff65d983) x19 0x00000000 mem 0x8001deac
core   0: 0x80009380 (0x0000c317) auipc   t1, 0xc
core   0: 3 0x80009380 (0x0000c317) x 6 0x80015380
core   0: 0x80009384 (0x58330313) addi    t1, t1, 1411
core   0: 3 0x80009384 (0x58330313) x 6 0x80015903
core   0: 0x80009388 (0x53434f03) lbu     t5, 1332(t1)
core   0: 3 0x80009388 (0x53434f03) x30 0x00000000 mem 0x80015e37
core   0: 0x8000938c (0x53430703) lb      a4, 1332(t1)
core   0: 3 0x8000938c (0x53430703) x14 0x00000000 mem 0x80015e37
core   0: 0x80009390 (0x52130a23) sb      ra, 1332(t1)
core   0: 3 0x80009390 (0x52130a23) mem 0x80015e37 0x0
core   0: 0x80009394 (0xfea3dc17) auipc   s8, 0xfea3d
core   0: 3 0x80009394 (0xfea3dc17) x24 0x7ea46394
core   0: 0x80009398 (0x52d30a23) sb      a3, 1332(t1)
core   0: 3 0x80009398 (0x52d30a23) mem 0x80015e37 0x0
core   0: 0x8000939c (0x53430403) lb      s0, 1332(t1)
core   0: 3 0x8000939c (0x53430403) x 8 0x00000000 mem 0x80015e37
core   0: 0x800093a0 (0x0175a8b3) slt     a7, a1, s7
core   0: 3 0x800093a0 (0x0175a8b3) x17 0x00000001
core   0: 0x800093a4 (0x53830a23) sb      s8, 1332(t1)
core   0: 3 0x800093a4 (0x53830a23) mem 0x80015e37 0x94
core   0: 0x800093a8 (0x52a30a23) sb      a0, 1332(t1)
core   0: 3 0x800093a8 (0x52a30a23) mem 0x80015e37 0xe4
core   0: 0x800093ac (0x8c430403) lb      s0, -1852(t1)
core   0: 3 0x800093ac (0x8c430403) x 8 0x00000000 mem 0x800151c7
core   0: 0x800093b0 (0x006b3633) sltu    a2, s6, t1
core   0: 3 0x800093b0 (0x006b3633) x12 0x00000001
core   0: 0x800093b4 (0x4bd30f23) sb      t4, 1214(t1)
core   0: 3 0x800093b4 (0x4bd30f23) mem 0x80015dc1 0x0
core   0: 0x800093b8 (0x71130b03) lb      s6, 1809(t1)
core   0: 3 0x800093b8 (0x71130b03) x22 0x00000000 mem 0x80016014
core   0: 0x800093bc (0x71130883) lb      a7, 1809(t1)
core   0: 3 0x800093bc (0x71130883) x17 0x00000000 mem 0x80016014
core   0: 0x800093c0 (0x0000e097) auipc   ra, 0xe
core   0: 3 0x800093c0 (0x0000e097) x 1 0x800173c0
core   0: 0x800093c4 (0x70408093) addi    ra, ra, 1796
core   0: 3 0x800093c4 (0x70408093) x 1 0x80017ac4
core   0: 0x800093c8 (0xfdf08923) sb      t6, -46(ra)
core   0: 3 0x800093c8 (0xfdf08923) mem 0x80017a96 0x0
core   0: 0x800093cc (0x018e69b3) or      s3, t3, s8
core   0: 3 0x800093cc (0x018e69b3) x19 0x7ea46394
core   0: 0x800093d0 (0xfc108903) lb      s2, -63(ra)
core   0: 3 0x800093d0 (0xfc108903) x18 0x00000054 mem 0x80017a85
core   0: 0x800093d4 (0xffa0c483) lbu     s1, -6(ra)
core   0: 3 0x800093d4 (0xffa0c483) x 9 0x00000000 mem 0x80017abe
core   0: 0x800093d8 (0xffa0d883) lhu     a7, -6(ra)
core   0: 3 0x800093d8 (0xffa0d883) x17 0x00000000 mem 0x80017abe
core   0: 0x800093dc (0x01908603) lb      a2, 25(ra)
core   0: 3 0x800093dc (0x01908603) x12 0x00000000 mem 0x80017add
core   0: 0x800093e0 (0xfde085a3) sb      t5, -53(ra)
core   0: 3 0x800093e0 (0xfde085a3) mem 0x80017a8f 0x0
core   0: 0x800093e4 (0xfcb0c583) lbu     a1, -53(ra)
core   0: 3 0x800093e4 (0xfcb0c583) x11 0x00000000 mem 0x80017a8f
core   0: 0x800093e8 (0x03c09f23) sh      t3, 62(ra)
core   0: 3 0x800093e8 (0x03c09f23) mem 0x80017b02 0x0000
core   0: 0x800093ec (0x02308583) lb      a1, 35(ra)
core   0: 3 0x800093ec (0x02308583) x11 0x00000000 mem 0x80017ae7
core   0: 0x800093f0 (0x029081a3) sb      s1, 35(ra)
core   0: 3 0x800093f0 (0x029081a3) mem 0x80017ae7 0x0
core   0: 0x800093f4 (0xfd30c583) lbu     a1, -45(ra)
core   0: 3 0x800093f4 (0xfd30c583) x11 0x00000000 mem 0x80017a97
core   0: 0x800093f8 (0xfdb089a3) sb      s11, -45(ra)
core   0: 3 0x800093f8 (0xfdb089a3) mem 0x80017a97 0x0
core   0: 0x800093fc (0x0060d983) lhu     s3, 6(ra)
core   0: 3 0x800093fc (0x0060d983) x19 0x00000000 mem 0x80017aca
core   0: 0x80009400 (0x0001b717) auipc   a4, 0x1b
core   0: 3 0x80009400 (0x0001b717) x14 0x80024400
core   0: 0x80009404 (0xec870713) addi    a4, a4, -312
core   0: 3 0x80009404 (0xec870713) x14 0x800242c8
core   0: 0x80009408 (0x00d74583) lbu     a1, 13(a4)
core   0: 3 0x80009408 (0x00d74583) x11 0x00000000 mem 0x800242d5
core   0: 0x8000940c (0x0017bfb3) sltu    t6, a5, ra
core   0: 3 0x8000940c (0x0017bfb3) x31 0x00000001
core   0: 0x80009410 (0x01f646b3) xor     a3, a2, t6
core   0: 3 0x80009410 (0x01f646b3) x13 0x00000001
core   0: 0x80009414 (0xffd70583) lb      a1, -3(a4)
core   0: 3 0x80009414 (0xffd70583) x11 0x00000000 mem 0x800242c5
core   0: 0x80009418 (0x03170f23) sb      a7, 62(a4)
core   0: 3 0x80009418 (0x03170f23) mem 0x80024306 0x0
core   0: 0x8000941c (0xfd474303) lbu     t1, -44(a4)
core   0: 3 0x8000941c (0xfd474303) x 6 0x00000000 mem 0x8002429c
core   0: 0x80009420 (0xfdc70823) sb      t3, -48(a4)
core   0: 3 0x80009420 (0xfdc70823) mem 0x80024298 0x0
core   0: 0x80009424 (0x005c0933) add     s2, s8, t0
core   0: 3 0x80009424 (0x005c0933) x18 0x7ea46394
core   0: 0x80009428 (0x1de82813) slti    a6, a6, 478
core   0: 3 0x80009428 (0x1de82813) x16 0x00000001
core   0: 0x8000942c (0x0111c4b3) xor     s1, gp, a7
core   0: 3 0x8000942c (0x0111c4b3) x 9 0x00000000
core   0: 0x80009430 (0xfdb74683) lbu     a3, -37(a4)
core   0: 3 0x80009430 (0xfdb74683) x13 0x00000000 mem 0x800242a3
core   0: 0x80009434 (0x02c70183) lb      gp, 44(a4)
core   0: 3 0x80009434 (0x02c70183) x 3 0x00000000 mem 0x800242f4
core   0: 0x80009438 (0x01675a03) lhu     s4, 22(a4)
core   0: 3 0x80009438 (0x01675a03) x20 0x00000000 mem 0x800242de
core   0: 0x8000943c (0xfcc71323) sh      a2, -58(a4)
core   0: 3 0x8000943c (0xfcc71323) mem 0x8002428e 0x0000
core   0: 0x80009440 (0xfcd70723) sb      a3, -50(a4)
core   0: 3 0x80009440 (0xfcd70723) mem 0x80024296 0x0
core   0: 0x80009444 (0x01970903) lb      s2, 25(a4)
core   0: 3 0x80009444 (0x01970903) x18 0x00000000 mem 0x800242e1
core   0: 0x80009448 (0xfd675303) lhu     t1, -42(a4)
core   0: 3 0x80009448 (0xfd675303) x 6 0x00000000 mem 0x8002429e
core   0: 0x8000944c (0xfc370f03) lb      t5, -61(a4)
core   0: 3 0x8000944c (0xfc370f03) x30 0x00000000 mem 0x8002428b
core   0: 0x80009450 (0x00372033) slt     zero, a4, gp
core   0: 3 0x80009450 (0x00372033)
core   0: 0x80009454 (0xfd675783) lhu     a5, -42(a4)
core   0: 3 0x80009454 (0xfd675783) x15 0x00000000 mem 0x8002429e
core   0: 0x80009458 (0x009c1893) slli    a7, s8, 9
core   0: 3 0x80009458 (0x009c1893) x17 0x48c72800
core   0: 0x8000945c (0x00000013) nop
core   0: 3 0x8000945c (0x00000013)
core   0: 0x80009460 (0x5ae4c013) xori    zero, s1, 1454
core   0: 3 0x80009460 (0x5ae4c013)
core   0: 0x80009464 (0x00000013) nop
core   0: 3 0x80009464 (0x00000013)
core   0: 0x80009468 (0x00b70303) lb      t1, 11(a4)
core   0: 3 0x80009468 (0x00b70303) x 6 0x00000000 mem 0x800242d3
core   0: 0x8000946c (0xffb74983) lbu     s3, -5(a4)
core   0: 3 0x8000946c (0xffb74983) x19 0x00000000 mem 0x800242c3
core   0: 0x80009470 (0x41a35793) srai    a5, t1, 26
core   0: 3 0x80009470 (0x41a35793) x15 0x00000000
core   0: 0x80009474 (0xfe374983) lbu     s3, -29(a4)
core   0: 3 0x80009474 (0xfe374983) x19 0x00000000 mem 0x800242ab
core   0: 0x80009478 (0x01770c23) sb      s7, 24(a4)
core   0: 3 0x80009478 (0x01770c23) mem 0x800242e0 0xb3
core   0: 0x8000947c (0x01fe72b3) and     t0, t3, t6
core   0: 3 0x8000947c (0x01fe72b3) x 5 0x00000000
core   0: 0x80009480 (0x5208b913) sltiu   s2, a7, 1312
core   0: 3 0x80009480 (0x5208b913) x18 0x00000000
core   0: 0x80009484 (0xcbfb8813) addi    a6, s7, -833
core   0: 3 0x80009484 (0xcbfb8813) x16 0xd1eea772
core   0: 0x80009488 (0x02871483) lh      s1, 40(a4)
core   0: 3 0x80009488 (0x02871483) x 9 0x00000000 mem 0x800242f0
core   0: 0x8000948c (0xc9430913) addi    s2, t1, -876
core   0: 3 0x8000948c (0xc9430913) x18 0xfffffc94
core   0: 0x80009490 (0x00042833) slt     a6, s0, zero
core   0: 3 0x80009490 (0x00042833) x16 0x00000000
core   0: 0x80009494 (0x026706a3) sb      t1, 45(a4)
core   0: 3 0x80009494 (0x026706a3) mem 0x800242f5 0x0
core   0: 0x80009498 (0xfef704a3) sb      a5, -23(a4)
core   0: 3 0x80009498 (0xfef704a3) mem 0x800242b1 0x0
core   0: 0x8000949c (0x00000013) nop
core   0: 3 0x8000949c (0x00000013)
core   0: 0x800094a0 (0x408686b3) sub     a3, a3, s0
core   0: 3 0x800094a0 (0x408686b3) x13 0x00000000
core   0: 0x800094a4 (0x10d17613) andi    a2, sp, 269
core   0: 3 0x800094a4 (0x10d17613) x12 0x00000008
core   0: 0x800094a8 (0x02e70fa3) sb      a4, 63(a4)
core   0: 3 0x800094a8 (0x02e70fa3) mem 0x80024307 0xc8
core   0: 0x800094ac (0xff970d23) sb      s9, -6(a4)
core   0: 3 0x800094ac (0xff970d23) mem 0x800242c2 0x0
core   0: 0x800094b0 (0x00011417) auipc   s0, 0x11
core   0: 3 0x800094b0 (0x00011417) x 8 0x8001a4b0
core   0: 0x800094b4 (0xf0840413) addi    s0, s0, -248
core   0: 3 0x800094b4 (0xf0840413) x 8 0x8001a3b8
core   0: 0x800094b8 (0x8c740083) lb      ra, -1849(s0)
core   0: 3 0x800094b8 (0x8c740083) x 1 0x00000000 mem 0x80019c7f
core   0: 0x800094bc (0xbae40f03) lb      t5, -1106(s0)
core   0: 3 0x800094bc (0xbae40f03) x30 0x00000000 mem 0x80019f66
core   0: 0x800094c0 (0xb3440183) lb      gp, -1228(s0)
core   0: 3 0x800094c0 (0xb3440183) x 3 0x00000000 mem 0x80019eec
core   0: 0x800094c4 (0x76d402a3) sb      a3, 1893(s0)
core   0: 3 0x800094c4 (0x76d402a3) mem 0x8001ab1d 0x0
core   0: 0x800094c8 (0x0000c717) auipc   a4, 0xc
core   0: 3 0x800094c8 (0x0000c717) x14 0x800154c8
core   0: 0x800094cc (0x63870713) addi    a4, a4, 1592
core   0: 3 0x800094cc (0x63870713) x14 0x80015b00
core   0: 0x800094d0 (0x03870603) lb      a2, 56(a4)
core   0: 3 0x800094d0 (0x03870603) x12 0x00000000 mem 0x80015b38
core   0: 0x800094d4 (0x02d70da3) sb      a3, 59(a4)
core   0: 3 0x800094d4 (0x02d70da3) mem 0x80015b3b 0x0
core   0: 0x800094d8 (0x46240423) sb      sp, 1128(s0)
core   0: 3 0x800094d8 (0x46240423) mem 0x8001a820 0x38
core   0: 0x800094dc (0x03e71a03) lh      s4, 62(a4)
core   0: 3 0x800094dc (0x03e71a03) x20 0x00000000 mem 0x80015b3e
core   0: 0x800094e0 (0xebf44283) lbu     t0, -321(s0)
core   0: 3 0x800094e0 (0xebf44283) x 5 0x00000000 mem 0x8001a277
core   0: 0x800094e4 (0x05a407a3) sb      s10, 79(s0)
core   0: 3 0x800094e4 (0x05a407a3) mem 0x8001a407 0x16
core   0: 0x800094e8 (0x023703a3) sb      gp, 39(a4)
core   0: 3 0x800094e8 (0x023703a3) mem 0x80015b27 0x0
core   0: 0x800094ec (0xfc870ea3) sb      s0, -35(a4)
core   0: 3 0x800094ec (0xfc870ea3) mem 0x80015add 0xb8
core   0: 0x800094f0 (0x00015897) auipc   a7, 0x15
core   0: 3 0x800094f0 (0x00015897) x17 0x8001e4f0
core   0: 0x800094f4 (0xeeb88893) addi    a7, a7, -277
core   0: 3 0x800094f4 (0xeeb88893) x17 0x8001e3db
core   0: 0x800094f8 (0xff58aca3) sw      s5, -7(a7)
core   0: 3 0x800094f8 (0xff58aca3) mem 0x8001e3d4 0x00000000
core   0: 0x800094fc (0xff98c903) lbu     s2, -7(a7)
core   0: 3 0x800094fc (0xff98c903) x18 0x00000000 mem 0x8001e3d4
core   0: 0x80009500 (0x00aa0ab3) add     s5, s4, a0
core   0: 3 0x80009500 (0x00aa0ab3) x21 0x8002ece4
core   0: 0x80009504 (0xfe38aca3) sw      gp, -7(a7)
core   0: 3 0x80009504 (0xfe38aca3) mem 0x8001e3d4 0x00000000
core   0: 0x80009508 (0xff989903) lh      s2, -7(a7)
core   0: 3 0x80009508 (0xff989903) x18 0x00000000 mem 0x8001e3d4
core   0: 0x8000950c (0xff989f03) lh      t5, -7(a7)
core   0: 3 0x8000950c (0xff989f03) x30 0x00000000 mem 0x8001e3d4
core   0: 0x80009510 (0xfe18aca3) sw      ra, -7(a7)
core   0: 3 0x80009510 (0xfe18aca3) mem 0x8001e3d4 0x00000000
core   0: 0x80009514 (0xff988603) lb      a2, -7(a7)
core   0: 3 0x80009514 (0xff988603) x12 0x00000000 mem 0x8001e3d4
core   0: 0x80009518 (0xff988483) lb      s1, -7(a7)
core   0: 3 0x80009518 (0xff988483) x 9 0x00000000 mem 0x8001e3d4
core   0: 0x8000951c (0x0000100f) fence.i
core   0: 3 0x8000951c (0x0000100f)
core   0: 0x80009520 (0x3e54f193) andi    gp, s1, 997
core   0: 3 0x80009520 (0x3e54f193) x 3 0x00000000
core   0: 0x80009524 (0x00000013) nop
core   0: 3 0x80009524 (0x00000013)
core   0: 0x80009528 (0xff989b03) lh      s6, -7(a7)
core   0: 3 0x80009528 (0xff989b03) x22 0x00000000 mem 0x8001e3d4
core   0: 0x8000952c (0xff98cc83) lbu     s9, -7(a7)
core   0: 3 0x8000952c (0xff98cc83) x25 0x00000000 mem 0x8001e3d4
core   0: 0x80009530 (0xce233e13) sltiu   t3, t1, -798
core   0: 3 0x80009530 (0xce233e13) x28 0x00000001
core   0: 0x80009534 (0xfe68aca3) sw      t1, -7(a7)
core   0: 3 0x80009534 (0xfe68aca3) mem 0x8001e3d4 0x00000000
core   0: 0x80009538 (0xfed88ca3) sb      a3, -7(a7)
core   0: 3 0x80009538 (0xfed88ca3) mem 0x8001e3d4 0x0
core   0: 0x8000953c (0xff98ac83) lw      s9, -7(a7)
core   0: 3 0x8000953c (0xff98ac83) x25 0x00000000 mem 0x8001e3d4
core   0: 0x80009540 (0xfe488ca3) sb      tp, -7(a7)
core   0: 3 0x80009540 (0xfe488ca3) mem 0x8001e3d4 0x0
core   0: 0x80009544 (0x403701b3) sub     gp, a4, gp
core   0: 3 0x80009544 (0x403701b3) x 3 0x80015b00
core   0: 0x80009548 (0xffc88ca3) sb      t3, -7(a7)
core   0: 3 0x80009548 (0xffc88ca3) mem 0x8001e3d4 0x1
core   0: 0x8000954c (0x001df833) and     a6, s11, ra
core   0: 3 0x8000954c (0x001df833) x16 0x00000000
core   0: 0x80009550 (0xff788603) lb      a2, -9(a7)
core   0: 3 0x80009550 (0xff788603) x12 0x00000000 mem 0x8001e3d2
core   0: 0x80009554 (0xfe588ba3) sb      t0, -9(a7)
core   0: 3 0x80009554 (0xfe588ba3) mem 0x8001e3d2 0x0
core   0: 0x80009558 (0xffc89ba3) sh      t3, -9(a7)
core   0: 3 0x80009558 (0xffc89ba3) mem 0x8001e3d2 0x0001
core   0: 0x8000955c (0xff78c383) lbu     t2, -9(a7)
core   0: 3 0x8000955c (0xff78c383) x 7 0x00000001 mem 0x8001e3d2
core   0: 0x80009560 (0x00019297) auipc   t0, 0x19
core   0: 3 0x80009560 (0x00019297) x 5 0x80022560
core   0: 0x80009564 (0x31c28293) addi    t0, t0, 796
core   0: 3 0x80009564 (0x31c28293) x 5 0x8002287c
core   0: 0x80009568 (0xfff28183) lb      gp, -1(t0)
core   0: 3 0x80009568 (0xfff28183) x 3 0x00000000 mem 0x8002287b
core   0: 0x8000956c (0xfe228fa3) sb      sp, -1(t0)
core   0: 3 0x8000956c (0xfe228fa3) mem 0x8002287b 0x38
core   0: 0x80009570 (0xfff2ce03) lbu     t3, -1(t0)
core   0: 3 0x80009570 (0xfff2ce03) x28 0x00000038 mem 0x8002287b
core   0: 0x80009574 (0xfff28a83) lb      s5, -1(t0)
core   0: 3 0x80009574 (0xfff28a83) x21 0x00000038 mem 0x8002287b
core   0: 0x80009578 (0xfff28183) lb      gp, -1(t0)
core   0: 3 0x80009578 (0xfff28183) x 3 0x00000038 mem 0x8002287b
core   0: 0x8000957c (0x01b5c8b3) xor     a7, a1, s11
core   0: 3 0x8000957c (0x01b5c8b3) x17 0x00000000
core   0: 0x80009580 (0x009429b3) slt     s3, s0, s1
core   0: 3 0x80009580 (0x009429b3) x19 0x00000001
core   0: 0x80009584 (0xfff28c03) lb      s8, -1(t0)
core   0: 3 0x80009584 (0xfff28c03) x24 0x00000038 mem 0x8002287b
core   0: 0x80009588 (0xfff28a03) lb      s4, -1(t0)
core   0: 3 0x80009588 (0xfff28a03) x20 0x00000038 mem 0x8002287b
core   0: 0x8000958c (0xfec28fa3) sb      a2, -1(t0)
core   0: 3 0x8000958c (0xfec28fa3) mem 0x8002287b 0x0
core   0: 0x80009590 (0xfff2ce83) lbu     t4, -1(t0)
core   0: 3 0x80009590 (0xfff2ce83) x29 0x00000000 mem 0x8002287b
core   0: 0x80009594 (0xfff2c783) lbu     a5, -1(t0)
core   0: 3 0x80009594 (0xfff2c783) x15 0x00000000 mem 0x8002287b
core   0: 0x80009598 (0xfff28403) lb      s0, -1(t0)
core   0: 3 0x80009598 (0xfff28403) x 8 0x00000000 mem 0x8002287b
core   0: 0x8000959c (0xf1580093) addi    ra, a6, -235
core   0: 3 0x8000959c (0xf1580093) x 1 0xffffff15
core   0: 0x800095a0 (0xff328fa3) sb      s3, -1(t0)
core   0: 3 0x800095a0 (0xff328fa3) mem 0x8002287b 0x1
core   0: 0x800095a4 (0x0000c997) auipc   s3, 0xc
core   0: 3 0x800095a4 (0x0000c997) x19 0x800155a4
core   0: 0x800095a8 (0x7a898993) addi    s3, s3, 1960
core   0: 3 0x800095a8 (0x7a898993) x19 0x80015d4c
core   0: 0x800095ac (0x00e430b3) sltu    ra, s0, a4
core   0: 3 0x800095ac (0x00e430b3) x 1 0x00000001
core   0: 0x800095b0 (0xe369a823) sw      s6, -464(s3)
core   0: 3 0x800095b0 (0xe369a823) mem 0x80015b7c 0x00000000
core   0: 0x800095b4 (0x01142e33) slt     t3, s0, a7
core   0: 3 0x800095b4 (0x01142e33) x28 0x00000000
core   0: 0x800095b8 (0x20c99883) lh      a7, 524(s3)
core   0: 3 0x800095b8 (0x20c99883) x17 0x00000000 mem 0x80015f58
core   0: 0x800095bc (0xed699623) sh      s6, -308(s3)
core   0: 3 0x800095bc (0xed699623) mem 0x80015c18 0x0000
core   0: 0x800095c0 (0x013cd733) srl     a4, s9, s3
core   0: 3 0x800095c0 (0x013cd733) x14 0x00000000
core   0: 0x800095c4 (0x408ada13) srai    s4, s5, 8
core   0: 3 0x800095c4 (0x408ada13) x20 0x00000000
core   0: 0x800095c8 (0xc4198c03) lb      s8, -959(s3)
core   0: 3 0x800095c8 (0xc4198c03) x24 0x00000000 mem 0x8001598d
core   0: 0x800095cc (0xc9798c83) lb      s9, -873(s3)
core   0: 3 0x800095cc (0xc9798c83) x25 0x00000000 mem 0x800159e3
core   0: 0x800095d0 (0x005e22b3) slt     t0, t3, t0
core   0: 3 0x800095d0 (0x005e22b3) x 5 0x00000000
core   0: 0x800095d4 (0xf339c183) lbu     gp, -205(s3)
core   0: 3 0x800095d4 (0xf339c183) x 3 0x00000000 mem 0x80015c7f
core   0: 0x800095d8 (0x00d457b3) srl     a5, s0, a3
core   0: 3 0x800095d8 (0x00d457b3) x15 0x00000000
core   0: 0x800095dc (0x013370b3) and     ra, t1, s3
core   0: 3 0x800095dc (0x013370b3) x 1 0x00000000
core   0: 0x800095e0 (0x0170ddb3) srl     s11, ra, s7
core   0: 3 0x800095e0 (0x0170ddb3) x27 0x00000000
core   0: 0x800095e4 (0x871989a3) sb      a7, -1933(s3)
core   0: 3 0x800095e4 (0x871989a3) mem 0x800155bf 0x0
core   0: 0x800095e8 (0x9469d303) lhu     t1, -1722(s3)
core   0: 3 0x800095e8 (0x9469d303) x 6 0x00000000 mem 0x80015692
core   0: 0x800095ec (0xa7176c97) auipc   s9, 0xa7176
core   0: 3 0x800095ec (0xa7176c97) x25 0x2717f5ec
core   0: 0x800095f0 (0x01d4d013) srli    zero, s1, 29
core   0: 3 0x800095f0 (0x01d4d013)
core   0: 0x800095f4 (0x00079c13) slli    s8, a5, 0
core   0: 3 0x800095f4 (0x00079c13) x24 0x00000000
core   0: 0x800095f8 (0x00000013) nop
core   0: 3 0x800095f8 (0x00000013)
core   0: 0x800095fc (0x9167c697) auipc   a3, 0x9167c
core   0: 3 0x800095fc (0x9167c697) x13 0x116855fc
core   0: 0x80009600 (0x00ab1b13) slli    s6, s6, 10
core   0: 3 0x80009600 (0x00ab1b13) x22 0x00000000
core   0: 0x80009604 (0x0121a2b3) slt     t0, gp, s2
core   0: 3 0x80009604 (0x0121a2b3) x 5 0x00000000
core   0: 0x80009608 (0xe49de617) auipc   a2, 0xe49de
core   0: 3 0x80009608 (0xe49de617) x12 0x649e7608
core   0: 0x8000960c (0x0194d613) srli    a2, s1, 25
core   0: 3 0x8000960c (0x0194d613) x12 0x00000000
core   0: 0x80009610 (0x9c999923) sh      s1, -1582(s3)
core   0: 3 0x80009610 (0x9c999923) mem 0x8001571e 0x0000
core   0: 0x80009614 (0x570f3d93) sltiu   s11, t5, 1392
core   0: 3 0x80009614 (0x570f3d93) x27 0x00000001
core   0: 0x80009618 (0xcf5e8013) addi    zero, t4, -779
core   0: 3 0x80009618 (0xcf5e8013)
core   0: 0x8000961c (0xb0d73d97) auipc   s11, 0xb0d73
core   0: 3 0x8000961c (0xb0d73d97) x27 0x30d7c61c
core   0: 0x80009620 (0x41198f33) sub     t5, s3, a7
core   0: 3 0x80009620 (0x41198f33) x30 0x80015d4c
core   0: 0x80009624 (0x40835e33) sra     t3, t1, s0
core   0: 3 0x80009624 (0x40835e33) x28 0x00000000
core   0: 0x80009628 (0x41620c33) sub     s8, tp, s6
core   0: 3 0x80009628 (0x41620c33) x24 0x00000000
core   0: 0x8000962c (0xb03ca813) slti    a6, s9, -1277
core   0: 3 0x8000962c (0xb03ca813) x16 0x00000000
core   0: 0x80009630 (0x41ad0e33) sub     t3, s10, s10
core   0: 3 0x80009630 (0x41ad0e33) x28 0x00000000
core   0: 0x80009634 (0xa009ad83) lw      s11, -1536(s3)
core   0: 3 0x80009634 (0xa009ad83) x27 0x00000000 mem 0x8001574c
core   0: 0x80009638 (0x01b47c33) and     s8, s0, s11
core   0: 3 0x80009638 (0x01b47c33) x24 0x00000000
core   0: 0x8000963c (0x40e606b3) sub     a3, a2, a4
core   0: 3 0x8000963c (0x40e606b3) x13 0x00000000
core   0: 0x80009640 (0xa579cc03) lbu     s8, -1449(s3)
core   0: 3 0x80009640 (0xa579cc03) x24 0x00000000 mem 0x800157a3
core   0: 0x80009644 (0x40b051b3) sra     gp, zero, a1
core   0: 3 0x80009644 (0x40b051b3) x 3 0x00000000
core   0: 0x80009648 (0x4024d3b3) sra     t2, s1, sp
core   0: 3 0x80009648 (0x4024d3b3) x 7 0x00000000
core   0: 0x8000964c (0x015f9f93) slli    t6, t6, 21
core   0: 3 0x8000964c (0x015f9f93) x31 0x00200000
core   0: 0x80009650 (0xcdb9c803) lbu     a6, -805(s3)
core   0: 3 0x80009650 (0xcdb9c803) x16 0x00000000 mem 0x80015a27
core   0: 0x80009654 (0x0001a297) auipc   t0, 0x1a
core   0: 3 0x80009654 (0x0001a297) x 5 0x80023654
core   0: 0x80009658 (0x12728293) addi    t0, t0, 295
core   0: 3 0x80009658 (0x12728293) x 5 0x8002377b
core   0: 0x8000965c (0xc8094213) xori    tp, s2, -896
core   0: 3 0x8000965c (0xc8094213) x 4 0xfffffc80
core   0: 0x80009660 (0x72328823) sb      gp, 1840(t0)
core   0: 3 0x80009660 (0x72328823) mem 0x80023eab 0x0
core   0: 0x80009664 (0x403f5313) srai    t1, t5, 3
core   0: 3 0x80009664 (0x403f5313) x 6 0xf0002ba9
core   0: 0x80009668 (0x7ab28e83) lb      t4, 1963(t0)
core   0: 3 0x80009668 (0x7ab28e83) x29 0x00000000 mem 0x80023f26
core   0: 0x8000966c (0x00000013) nop
core   0: 3 0x8000966c (0x00000013)
core   0: 0x80009670 (0x01cab333) sltu    t1, s5, t3
core   0: 3 0x80009670 (0x01cab333) x 6 0x00000000
core   0: 0x80009674 (0x16828083) lb      ra, 360(t0)
core   0: 3 0x80009674 (0x16828083) x 1 0x00000000 mem 0x800238e3
core   0: 0x80009678 (0xea228703) lb      a4, -350(t0)
core   0: 3 0x80009678 (0xea228703) x14 0x00000000 mem 0x8002361d
core   0: 0x8000967c (0x0062f233) and     tp, t0, t1
core   0: 3 0x8000967c (0x0062f233) x 4 0x00000000
core   0: 0x80009680 (0xee82c883) lbu     a7, -280(t0)
core   0: 3 0x80009680 (0xee82c883) x17 0x00000000 mem 0x80023663
core   0: 0x80009684 (0x24cd3e37) lui     t3, 0x24cd3
core   0: 3 0x80009684 (0x24cd3e37) x28 0x24cd3000
core   0: 0x80009688 (0x68d2cd03) lbu     s10, 1677(t0)
core   0: 3 0x80009688 (0x68d2cd03) x26 0x00000000 mem 0x80023e08
core   0: 0x8000968c (0x0ff0000f) fence   iorw,iorw
core   0: 3 0x8000968c (0x0ff0000f)
core   0: 0x80009690 (0x40c858b3) sra     a7, a6, a2
core   0: 3 0x80009690 (0x40c858b3) x17 0x00000000
core   0: 0x80009694 (0x01571fb3) sll     t6, a4, s5
core   0: 3 0x80009694 (0x01571fb3) x31 0x00000000
core   0: 0x80009698 (0x2f92d683) lhu     a3, 761(t0)
core   0: 3 0x80009698 (0x2f92d683) x13 0x00000000 mem 0x80023a74
core   0: 0x8000969c (0x03128203) lb      tp, 49(t0)
core   0: 3 0x8000969c (0x03128203) x 4 0x00000000 mem 0x800237ac
core   0: 0x800096a0 (0x01e23f33) sltu    t5, tp, t5
core   0: 3 0x800096a0 (0x01e23f33) x30 0x00000001
core   0: 0x800096a4 (0x0e42c203) lbu     tp, 228(t0)
core   0: 3 0x800096a4 (0x0e42c203) x 4 0x00000000 mem 0x8002385f
core   0: 0x800096a8 (0x6cc297a3) sh      a2, 1743(t0)
core   0: 3 0x800096a8 (0x6cc297a3) mem 0x80023e4a 0x0000
core   0: 0x800096ac (0x003673b3) and     t2, a2, gp
core   0: 3 0x800096ac (0x003673b3) x 7 0x00000000
core   0: 0x800096b0 (0xfcb28ca3) sb      a1, -39(t0)
core   0: 3 0x800096b0 (0xfcb28ca3) mem 0x80023754 0x0
core   0: 0x800096b4 (0xedf2dd83) lhu     s11, -289(t0)
core   0: 3 0x800096b4 (0xedf2dd83) x27 0x00000000 mem 0x8002365a
core   0: 0x800096b8 (0xf362c883) lbu     a7, -202(t0)
core   0: 3 0x800096b8 (0xf362c883) x17 0x00000000 mem 0x800236b1
core   0: 0x800096bc (0xa5a29ea3) sh      s10, -1443(t0)
core   0: 3 0x800096bc (0xa5a29ea3) mem 0x800231d8 0x0000
core   0: 0x800096c0 (0x0ff0000f) fence   iorw,iorw
core   0: 3 0x800096c0 (0x0ff0000f)
core   0: 0x800096c4 (0xbeb282a3) sb      a1, -1051(t0)
core   0: 3 0x800096c4 (0xbeb282a3) mem 0x80023360 0x0
core   0: 0x800096c8 (0x5262cc03) lbu     s8, 1318(t0)
core   0: 3 0x800096c8 (0x5262cc03) x24 0x00000000 mem 0x80023ca1
core   0: 0x800096cc (0x2ac28823) sb      a2, 688(t0)
core   0: 3 0x800096cc (0x2ac28823) mem 0x80023a2b 0x0
core   0: 0x800096d0 (0xfe12ad03) lw      s10, -31(t0)
core   0: 3 0x800096d0 (0xfe12ad03) x26 0x00000000 mem 0x8002375c
core   0: 0x800096d4 (0x3c32c583) lbu     a1, 963(t0)
core   0: 3 0x800096d4 (0x3c32c583) x11 0x00000000 mem 0x80023b3e
core   0: 0x800096d8 (0x30828483) lb      s1, 776(t0)
core   0: 3 0x800096d8 (0x30828483) x 9 0x00000000 mem 0x80023a83
core   0: 0x800096dc (0x95d08593) addi    a1, ra, -1699
core   0: 3 0x800096dc (0x95d08593) x11 0xfffff95d
core   0: 0x800096e0 (0x0ff0000f) fence   iorw,iorw
core   0: 3 0x800096e0 (0x0ff0000f)
core   0: 0x800096e4 (0xe4b0c593) xori    a1, ra, -437
core   0: 3 0x800096e4 (0xe4b0c593) x11 0xfffffe4b
core   0: 0x800096e8 (0x0ff0000f) fence   iorw,iorw
core   0: 3 0x800096e8 (0x0ff0000f)
core   0: 0x800096ec (0x57728683) lb      a3, 1399(t0)
core   0: 3 0x800096ec (0x57728683) x13 0x00000000 mem 0x80023cf2
core   0: 0x800096f0 (0x6392cb03) lbu     s6, 1593(t0)
core   0: 3 0x800096f0 (0x6392cb03) x22 0x00000000 mem 0x80023db4
core   0: 0x800096f4 (0x54057193) andi    gp, a0, 1344
core   0: 3 0x800096f4 (0x54057193) x 3 0x00000440
core   0: 0x800096f8 (0x00835333) srl     t1, t1, s0
core   0: 3 0x800096f8 (0x00835333) x 6 0x00000000
core   0: 0x800096fc (0x57c2cc83) lbu     s9, 1404(t0)
core   0: 3 0x800096fc (0x57c2cc83) x25 0x00000000 mem 0x80023cf7
core   0: 0x80009700 (0x3848ef13) ori     t5, a7, 900
core   0: 3 0x80009700 (0x3848ef13) x30 0x00000384
core   0: 0x80009704 (0xceb2ca83) lbu     s5, -789(t0)
core   0: 3 0x80009704 (0xceb2ca83) x21 0x00000000 mem 0x80023466
core   0: 0x80009708 (0x11b281a3) sb      s11, 259(t0)
core   0: 3 0x80009708 (0x11b281a3) mem 0x8002387e 0x0
core   0: 0x8000970c (0xba128003) lb      zero, -1119(t0)
core   0: 3 0x8000970c (0xba128003) mem 0x8002331c
core   0: 0x80009710 (0x465295a3) sh      t0, 1131(t0)
core   0: 3 0x80009710 (0x465295a3) mem 0x80023be6 0x377b
core   0: 0x80009714 (0x2fb2a4a3) sw      s11, 745(t0)
core   0: 3 0x80009714 (0x2fb2a4a3) mem 0x80023a64 0x00000000
core   0: 0x80009718 (0x44a2c403) lbu     s0, 1098(t0)
core   0: 3 0x80009718 (0x44a2c403) x 8 0x00000000 mem 0x80023bc5
core   0: 0x8000971c (0x0000c097) auipc   ra, 0xc
core   0: 3 0x8000971c (0x0000c097) x 1 0x8001571c
core   0: 0x80009720 (0xbb608093) addi    ra, ra, -1098
core   0: 3 0x80009720 (0xbb608093) x 1 0x800152d2
core   0: 0x80009724 (0x0000cc17) auipc   s8, 0xc
core   0: 3 0x80009724 (0x0000cc17) x24 0x80015724
core   0: 0x80009728 (0x3f6c0c13) addi    s8, s8, 1014
core   0: 3 0x80009728 (0x3f6c0c13) x24 0x80015b1a
core   0: 0x8000972c (0xff908983) lb      s3, -7(ra)
core   0: 3 0x8000972c (0xff908983) x19 0x00000000 mem 0x800152cb
core   0: 0x80009730 (0x06ec2803) lw      a6, 110(s8)
core   0: 3 0x80009730 (0x06ec2803) x16 0xff000000 mem 0x80015b88
core   0: 0x80009734 (0x087c0f03) lb      t5, 135(s8)
core   0: 3 0x80009734 (0x087c0f03) x30 0x00000000 mem 0x80015ba1
core   0: 0x80009738 (0x0000cf97) auipc   t6, 0xc
core   0: 3 0x80009738 (0x0000cf97) x31 0x80015738
core   0: 0x8000973c (0xbc1f8f93) addi    t6, t6, -1087
core   0: 3 0x8000973c (0xbc1f8f93) x31 0x800152f9
core   0: 0x80009740 (0x01908523) sb      s9, 10(ra)
core   0: 3 0x80009740 (0x01908523) mem 0x800152dc 0x0
core   0: 0x80009744 (0xfa9f9403) lh      s0, -87(t6)
core   0: 3 0x80009744 (0xfa9f9403) x 8 0x00005ba4 mem 0x800152a2
core   0: 0x80009748 (0x009084a3) sb      s1, 9(ra)
core   0: 3 0x80009748 (0x009084a3) mem 0x800152db 0x0
core   0: 0x8000974c (0x00e09f03) lh      t5, 14(ra)
core   0: 3 0x8000974c (0x00e09f03) x30 0x00000000 mem 0x800152e0
core   0: 0x80009750 (0x0000ca17) auipc   s4, 0xc
core   0: 3 0x80009750 (0x0000ca17) x20 0x80015750
core   0: 0x80009754 (0x92ca0a13) addi    s4, s4, -1748
core   0: 3 0x80009754 (0x92ca0a13) x20 0x8001507c
core   0: 0x80009758 (0xf1fc1d23) sh      t6, -230(s8)
core   0: 3 0x80009758 (0xf1fc1d23) mem 0x80015a34 0x52f9
core   0: 0x8000975c (0x01ca4603) lbu     a2, 28(s4)
core   0: 3 0x8000975c (0x01ca4603) x12 0x00000000 mem 0x80015098
core   0: 0x80009760 (0x06ef8203) lb      tp, 110(t6)
core   0: 3 0x80009760 (0x06ef8203) x 4 0x00000000 mem 0x80015367
core   0: 0x80009764 (0x00e09423) sh      a4, 8(ra)
core   0: 3 0x80009764 (0x00e09423) mem 0x800152da 0x0000
core   0: 0x80009768 (0xf24fc583) lbu     a1, -220(t6)
core   0: 3 0x80009768 (0xf24fc583) x11 0x00000000 mem 0x8001521d
core   0: 0x8000976c (0x00aa00a3) sb      a0, 1(s4)
core   0: 3 0x8000976c (0x00aa00a3) mem 0x8001507d 0xe4
core   0: 0x80009770 (0xfbdc4583) lbu     a1, -67(s8)
core   0: 3 0x80009770 (0xfbdc4583) x11 0x00000000 mem 0x80015ad7
core   0: 0x80009774 (0x06dc4783) lbu     a5, 109(s8)
core   0: 3 0x80009774 (0x06dc4783) x15 0x00000000 mem 0x80015b87
core   0: 0x80009778 (0xff6c0983) lb      s3, -10(s8)
core   0: 3 0x80009778 (0xff6c0983) x19 0x00000000 mem 0x80015b10
core   0: 0x8000977c (0xfb6c2603) lw      a2, -74(s8)
core   0: 3 0x8000977c (0xfb6c2603) x12 0x00000000 mem 0x80015ad0
core   0: 0x80009780 (0x02afc703) lbu     a4, 42(t6)
core   0: 3 0x80009780 (0x02afc703) x14 0x00000000 mem 0x80015323
core   0: 0x80009784 (0xff009703) lh      a4, -16(ra)
core   0: 3 0x80009784 (0xff009703) x14 0x00000000 mem 0x800152c2
core   0: 0x80009788 (0xffca4803) lbu     a6, -4(s4)
core   0: 3 0x80009788 (0xffca4803) x16 0x00000000 mem 0x80015078
core   0: 0x8000978c (0xf33fdd83) lhu     s11, -205(t6)
core   0: 3 0x8000978c (0xf33fdd83) x27 0x00000000 mem 0x8001522c
core   0: 0x80009790 (0xf23c0a83) lb      s5, -221(s8)
core   0: 3 0x80009790 (0xf23c0a83) x21 0x00000000 mem 0x80015a3d
core   0: 0x80009794 (0xfd9a0983) lb      s3, -39(s4)
core   0: 3 0x80009794 (0xfd9a0983) x19 0x00000000 mem 0x80015055
core   0: 0x80009798 (0xff108e03) lb      t3, -15(ra)
core   0: 3 0x80009798 (0xff108e03) x28 0x00000000 mem 0x800152c3
core   0: 0x8000979c (0x03afcf03) lbu     t5, 58(t6)
core   0: 3 0x8000979c (0x03afcf03) x30 0x00000000 mem 0x80015333
core   0: 0x800097a0 (0x0c0c0003) lb      zero, 192(s8)
core   0: 3 0x800097a0 (0x0c0c0003) mem 0x80015bda
core   0: 0x800097a4 (0xff6a4903) lbu     s2, -10(s4)
core   0: 3 0x800097a4 (0xff6a4903) x18 0x00000000 mem 0x80015072
core   0: 0x800097a8 (0xf42f85a3) sb      sp, -181(t6)
core   0: 3 0x800097a8 (0xf42f85a3) mem 0x80015244 0x38
core   0: 0x800097ac (0x00013717) auipc   a4, 0x13
core   0: 3 0x800097ac (0x00013717) x14 0x8001c7ac
core   0: 0x800097b0 (0x30b70713) addi    a4, a4, 779
core   0: 3 0x800097b0 (0x30b70713) x14 0x8001cab7
core   0: 0x800097b4 (0x41f65993) srai    s3, a2, 31
core   0: 3 0x800097b4 (0x41f65993) x19 0x00000000
core   0: 0x800097b8 (0xaed00493) li      s1, -1299
core   0: 3 0x800097b8 (0xaed00493) x 9 0xfffffaed
core   0: 0x800097bc (0x00f8b033) sltu    zero, a7, a5
core   0: 3 0x800097bc (0x00f8b033)
core   0: 0x800097c0 (0x00b19d13) slli    s10, gp, 11
core   0: 3 0x800097c0 (0x00b19d13) x26 0x00220000
core   0: 0x800097c4 (0x01b47633) and     a2, s0, s11
core   0: 3 0x800097c4 (0x01b47633) x12 0x00000000
core   0: 0x800097c8 (0xda740913) addi    s2, s0, -601
core   0: 3 0x800097c8 (0xda740913) x18 0x0000594b
core   0: 0x800097cc (0x01e546b3) xor     a3, a0, t5
core   0: 3 0x800097cc (0x01e546b3) x13 0x8002ece4
core   0: 0x800097d0 (0x40da5e93) srai    t4, s4, 13
core   0: 3 0x800097d0 (0x40da5e93) x29 0xfffc000a
core   0: 0x800097d4 (0x7c680c13) addi    s8, a6, 1990
core   0: 3 0x800097d4 (0x7c680c13) x24 0x000007c6
core   0: 0x800097d8 (0xf0974c83) lbu     s9, -247(a4)
core   0: 3 0x800097d8 (0xf0974c83) x25 0x00000000 mem 0x8001c9c0
core   0: 0x800097dc (0xbafbf093) andi    ra, s7, -1105
core   0: 3 0x800097dc (0xbafbf093) x 1 0xd1eeaaa3
core   0: 0x800097e0 (0x89a5af13) slti    t5, a1, -1894
core   0: 3 0x800097e0 (0x89a5af13) x30 0x00000000
core   0: 0x800097e4 (0xfb775483) lhu     s1, -73(a4)
core   0: 3 0x800097e4 (0xfb775483) x 9 0x00000000 mem 0x8001ca6e
core   0: 0x800097e8 (0x0b674f83) lbu     t6, 182(a4)
core   0: 3 0x800097e8 (0x0b674f83) x31 0x00000000 mem 0x8001cb6d
core   0: 0x800097ec (0x0f471fa3) sh      s4, 255(a4)
core   0: 3 0x800097ec (0x0f471fa3) mem 0x8001cbb6 0x507c
core   0: 0x800097f0 (0x5de81e97) auipc   t4, 0x5de81
core   0: 3 0x800097f0 (0x5de81e97) x29 0xdde8a7f0
core   0: 0x800097f4 (0x01e684b3) add     s1, a3, t5
core   0: 3 0x800097f4 (0x01e684b3) x 9 0x8002ece4
core   0: 0x800097f8 (0x01e9ea33) or      s4, s3, t5
core   0: 3 0x800097f8 (0x01e9ea33) x20 0x00000000
core   0: 0x800097fc (0x40bb5993) srai    s3, s6, 11
core   0: 3 0x800097fc (0x40bb5993) x19 0x00000000
core   0: 0x80009800 (0xfd8706a3) sb      s8, -51(a4)
core   0: 3 0x80009800 (0xfd8706a3) mem 0x8001ca84 0xc6
core   0: 0x80009804 (0xde393817) auipc   a6, 0xde393
core   0: 3 0x80009804 (0xde393817) x16 0x5e39c804
core   0: 0x80009808 (0x0c474803) lbu     a6, 196(a4)
core   0: 3 0x80009808 (0x0c474803) x16 0x00000000 mem 0x8001cb7b
core   0: 0x8000980c (0x2a082e13) slti    t3, a6, 672
core   0: 3 0x8000980c (0x2a082e13) x28 0x00000001
core   0: 0x80009810 (0xf4972f03) lw      t5, -183(a4)
core   0: 3 0x80009810 (0xf4972f03) x30 0x00000000 mem 0x8001ca00
core   0: 0x80009814 (0x019e0433) add     s0, t3, s9
core   0: 3 0x80009814 (0x019e0433) x 8 0x00000001
core   0: 0x80009818 (0x00b91033) sll     zero, s2, a1
core   0: 3 0x80009818 (0x00b91033)
core   0: 0x8000981c (0xf5470203) lb      tp, -172(a4)
core   0: 3 0x8000981c (0xf5470203) x 4 0x00000000 mem 0x8001ca0b
core   0: 0x80009820 (0xf0375f83) lhu     t6, -253(a4)
core   0: 3 0x80009820 (0xf0375f83) x31 0x00000000 mem 0x8001c9ba
core   0: 0x80009824 (0x05c70903) lb      s2, 92(a4)
core   0: 3 0x80009824 (0x05c70903) x18 0x00000000 mem 0x8001cb13
core   0: 0x80009828 (0x0000c197) auipc   gp, 0xc
core   0: 3 0x80009828 (0x0000c197) x 3 0x80015828
core   0: 0x8000982c (0x3e118193) addi    gp, gp, 993
core   0: 3 0x8000982c (0x3e118193) x 3 0x80015c09
core   0: 0x80009830 (0x00d19e83) lh      t4, 13(gp)
core   0: 3 0x80009830 (0x00d19e83) x29 0x00000000 mem 0x80015c16
core   0: 0x80009834 (0xff919003) lh      zero, -7(gp)
core   0: 3 0x80009834 (0xff919003) mem 0x80015c02
core   0: 0x80009838 (0xe70ad917) auipc   s2, 0xe70ad
core   0: 3 0x80009838 (0xe70ad917) x18 0x670b6838
core   0: 0x8000983c (0x00bca313) slti    t1, s9, 11
core   0: 3 0x8000983c (0x00bca313) x 6 0x00000001
core   0: 0x80009840 (0x406e8033) sub     zero, t4, t1
core   0: 3 0x80009840 (0x406e8033)
core   0: 0x80009844 (0xff119ba3) sh      a7, -9(gp)
core   0: 3 0x80009844 (0xff119ba3) mem 0x80015c00 0x0000
core   0: 0x80009848 (0x00118d03) lb      s10, 1(gp)
core   0: 3 0x80009848 (0x00118d03) x26 0x00000000 mem 0x80015c0a
core   0: 0x8000984c (0x01efedb3) or      s11, t6, t5
core   0: 3 0x8000984c (0x01efedb3) x27 0x00000000
core   0: 0x80009850 (0x0ff0000f) fence   iorw,iorw
core   0: 3 0x80009850 (0x0ff0000f)
core   0: 0x80009854 (0x010c2d33) slt     s10, s8, a6
core   0: 3 0x80009854 (0x010c2d33) x26 0x00000000
core   0: 0x80009858 (0x1a41f413) andi    s0, gp, 420
core   0: 3 0x80009858 (0x1a41f413) x 8 0x00000000
core   0: 0x8000985c (0x00d18303) lb      t1, 13(gp)
core   0: 3 0x8000985c (0x00d18303) x 6 0x00000000 mem 0x80015c16
core   0: 0x80009860 (0x00dd1eb3) sll     t4, s10, a3
core   0: 3 0x80009860 (0x00dd1eb3) x29 0x00000000
core   0: 0x80009864 (0x0111d7b3) srl     a5, gp, a7
core   0: 3 0x80009864 (0x0111d7b3) x15 0x80015c09
core   0: 0x80009868 (0x69f44a13) xori    s4, s0, 1695
core   0: 3 0x80009868 (0x69f44a13) x20 0x0000069f
core   0: 0x8000986c (0x0045a733) slt     a4, a1, tp
core   0: 3 0x8000986c (0x0045a733) x14 0x00000000
core   0: 0x80009870 (0x00f1d003) lhu     zero, 15(gp)
core   0: 3 0x80009870 (0x00f1d003) mem 0x80015c18
core   0: 0x80009874 (0x00918403) lb      s0, 9(gp)
core   0: 3 0x80009874 (0x00918403) x 8 0x00000000 mem 0x80015c12
core   0: 0x80009878 (0x01919413) slli    s0, gp, 25
core   0: 3 0x80009878 (0x01919413) x 8 0x12000000
core   0: 0x8000987c (0x018edab3) srl     s5, t4, s8
core   0: 3 0x8000987c (0x018edab3) x21 0x00000000
core   0: 0x80009880 (0x9d0e8293) addi    t0, t4, -1584
core   0: 3 0x80009880 (0x9d0e8293) x 5 0xfffff9d0
core   0: 0x80009884 (0x417ad5b3) sra     a1, s5, s7
core   0: 3 0x80009884 (0x417ad5b3) x11 0x00000000
core   0: 0x80009888 (0x00942433) slt     s0, s0, s1
core   0: 3 0x80009888 (0x00942433) x 8 0x00000000
core   0: 0x8000988c (0xff618c03) lb      s8, -10(gp)
core   0: 3 0x8000988c (0xff618c03) x24 0x00000000 mem 0x80015bff
core   0: 0x80009890 (0xafd7ea93) ori     s5, a5, -1283
core   0: 3 0x80009890 (0xafd7ea93) x21 0xfffffefd
core   0: 0x80009894 (0x00918603) lb      a2, 9(gp)
core   0: 3 0x80009894 (0x00918603) x12 0x00000000 mem 0x80015c12
core   0: 0x80009898 (0x004b3cb3) sltu    s9, s6, tp
core   0: 3 0x80009898 (0x004b3cb3) x25 0x00000000
core   0: 0x8000989c (0x41015d13) srai    s10, sp, 16
core   0: 3 0x8000989c (0x41015d13) x26 0xffff8002
core   0: 0x800098a0 (0x40ea5d33) sra     s10, s4, a4
core   0: 3 0x800098a0 (0x40ea5d33) x26 0x0000069f
core   0: 0x800098a4 (0xff719203) lh      tp, -9(gp)
core   0: 3 0x800098a4 (0xff719203) x 4 0x00000000 mem 0x80015c00
core   0: 0x800098a8 (0xc44082b7) lui     t0, 0xc4408
core   0: 3 0x800098a8 (0xc44082b7) x 5 0xc4408000
core   0: 0x800098ac (0x00c1c283) lbu     t0, 12(gp)
core   0: 3 0x800098ac (0x00c1c283) x 5 0x00000000 mem 0x80015c15
core   0: 0x800098b0 (0xff61c703) lbu     a4, -10(gp)
core   0: 3 0x800098b0 (0xff61c703) x14 0x00000000 mem 0x80015bff
core   0: 0x800098b4 (0x0000100f) fence.i
core   0: 3 0x800098b4 (0x0000100f)
core   0: 0x800098b8 (0x018e2333) slt     t1, t3, s8
core   0: 3 0x800098b8 (0x018e2333) x 6 0x00000000
core   0: 0x800098bc (0x0101cf83) lbu     t6, 16(gp)
core   0: 3 0x800098bc (0x0101cf83) x31 0x00000000 mem 0x80015c19
core   0: 0x800098c0 (0x01318223) sb      s3, 4(gp)
core   0: 3 0x800098c0 (0x01318223) mem 0x80015c0d 0x0
core   0: 0x800098c4 (0x00015a17) auipc   s4, 0x15
core   0: 3 0x800098c4 (0x00015a17) x20 0x8001e8c4
core   0: 0x800098c8 (0xfefa0a13) addi    s4, s4, -17
core   0: 3 0x800098c8 (0xfefa0a13) x20 0x8001e8b3
core   0: 0x800098cc (0x01477833) and     a6, a4, s4
core   0: 3 0x800098cc (0x01477833) x16 0x00000000
core   0: 0x800098d0 (0x6a5a5403) lhu     s0, 1701(s4)
core   0: 3 0x800098d0 (0x6a5a5403) x 8 0x00000000 mem 0x8001ef58
core   0: 0x800098d4 (0x6b5a12a3) sh      s5, 1701(s4)
core   0: 3 0x800098d4 (0x6b5a12a3) mem 0x8001ef58 0xfefd
core   0: 0x800098d8 (0x6a0a22a3) sw      zero, 1701(s4)
core   0: 3 0x800098d8 (0x6a0a22a3) mem 0x8001ef58 0x00000000
core   0: 0x800098dc (0x6b8a12a3) sh      s8, 1701(s4)
core   0: 3 0x800098dc (0x6b8a12a3) mem 0x8001ef58 0x0000
core   0: 0x800098e0 (0x6a5a4303) lbu     t1, 1701(s4)
core   0: 3 0x800098e0 (0x6a5a4303) x 6 0x00000000 mem 0x8001ef58
core   0: 0x800098e4 (0x00000013) nop
core   0: 3 0x800098e4 (0x00000013)
core   0: 0x800098e8 (0x6b9a12a3) sh      s9, 1701(s4)
core   0: 3 0x800098e8 (0x6b9a12a3) mem 0x8001ef58 0x0000
core   0: 0x800098ec (0x6a5a4f03) lbu     t5, 1701(s4)
core   0: 3 0x800098ec (0x6a5a4f03) x30 0x00000000 mem 0x8001ef58
core   0: 0x800098f0 (0x6a9a02a3) sb      s1, 1701(s4)
core   0: 3 0x800098f0 (0x6a9a02a3) mem 0x8001ef58 0xe4
core   0: 0x800098f4 (0x6baa02a3) sb      s10, 1701(s4)
core   0: 3 0x800098f4 (0x6baa02a3) mem 0x8001ef58 0x9f
core   0: 0x800098f8 (0x6b2a02a3) sb      s2, 1701(s4)
core   0: 3 0x800098f8 (0x6b2a02a3) mem 0x8001ef58 0x38
core   0: 0x800098fc (0x6a5a4583) lbu     a1, 1701(s4)
core   0: 3 0x800098fc (0x6a5a4583) x11 0x00000038 mem 0x8001ef58
core   0: 0x80009900 (0x6ada12a3) sh      a3, 1701(s4)
core   0: 3 0x80009900 (0x6ada12a3) mem 0x8001ef58 0xece4
core   0: 0x80009904 (0x6a5a5983) lhu     s3, 1701(s4)
core   0: 3 0x80009904 (0x6a5a5983) x19 0x0000ece4 mem 0x8001ef58
core   0: 0x80009908 (0x6a5a1203) lh      tp, 1701(s4)
core   0: 3 0x80009908 (0x6a5a1203) x 4 0xffffece4 mem 0x8001ef58
core   0: 0x8000990c (0x6a5a4c83) lbu     s9, 1701(s4)
core   0: 3 0x8000990c (0x6a5a4c83) x25 0x000000e4 mem 0x8001ef58
core   0: 0x80009910 (0x6a2a02a3) sb      sp, 1701(s4)
core   0: 3 0x80009910 (0x6a2a02a3) mem 0x8001ef58 0x38
core   0: 0x80009914 (0x6b8a12a3) sh      s8, 1701(s4)
core   0: 3 0x80009914 (0x6b8a12a3) mem 0x8001ef58 0x0000
core   0: 0x80009918 (0x6bfa02a3) sb      t6, 1701(s4)
core   0: 3 0x80009918 (0x6bfa02a3) mem 0x8001ef58 0x0
core   0: 0x8000991c (0x6a5a2603) lw      a2, 1701(s4)
core   0: 3 0x8000991c (0x6a5a2603) x12 0x00000000 mem 0x8001ef58
core   0: 0x80009920 (0x6a6a12a3) sh      t1, 1701(s4)
core   0: 3 0x80009920 (0x6a6a12a3) mem 0x8001ef58 0x0000
core   0: 0x80009924 (0x0000c417) auipc   s0, 0xc
core   0: 3 0x80009924 (0x0000c417) x 8 0x80015924
core   0: 0x80009928 (0xad140413) addi    s0, s0, -1327
core   0: 3 0x80009928 (0xad140413) x 8 0x800153f5
core   0: 0x8000992c (0x00000013) nop
core   0: 3 0x8000992c (0x00000013)
core   0: 0x80009930 (0x41cb8e33) sub     t3, s7, t3
core   0: 3 0x80009930 (0x41cb8e33) x28 0xd1eeaab2
core   0: 0x80009934 (0xf1e40f23) sb      t5, -226(s0)
core   0: 3 0x80009934 (0xf1e40f23) mem 0x80015313 0x0
core   0: 0x80009938 (0x01ccdb13) srli    s6, s9, 28
core   0: 3 0x80009938 (0x01ccdb13) x22 0x00000000
core   0: 0x8000993c (0xf1440f23) sb      s4, -226(s0)
core   0: 3 0x8000993c (0xf1440f23) mem 0x80015313 0xb3
core   0: 0x80009940 (0x21945603) lhu     a2, 537(s0)
core   0: 3 0x80009940 (0x21945603) x12 0x00000000 mem 0x8001560e
core   0: 0x80009944 (0x20b41ca3) sh      a1, 537(s0)
core   0: 3 0x80009944 (0x20b41ca3) mem 0x8001560e 0x0038
core   0: 0x80009948 (0x21441ca3) sh      s4, 537(s0)
core   0: 3 0x80009948 (0x21441ca3) mem 0x8001560e 0xe8b3
core   0: 0x8000994c (0x20840ca3) sb      s0, 537(s0)
core   0: 3 0x8000994c (0x20840ca3) mem 0x8001560e 0xf5
core   0: 0x80009950 (0x8abf7b13) andi    s6, t5, -1877
core   0: 3 0x80009950 (0x8abf7b13) x22 0x00000000
core   0: 0x80009954 (0x41f44903) lbu     s2, 1055(s0)
core   0: 3 0x80009954 (0x41f44903) x18 0x00000000 mem 0x80015814
core   0: 0x80009958 (0x8b13af93) slti    t6, t2, -1871
core   0: 3 0x80009958 (0x8b13af93) x31 0x00000000
core   0: 0x8000995c (0x41942fa3) sw      s9, 1055(s0)
core   0: 3 0x8000995c (0x41942fa3) mem 0x80015814 0x000000e4
core   0: 0x80009960 (0x41f42683) lw      a3, 1055(s0)
core   0: 3 0x80009960 (0x41f42683) x13 0x000000e4 mem 0x80015814
core   0: 0x80009964 (0x41f42803) lw      a6, 1055(s0)
core   0: 3 0x80009964 (0x41f42803) x16 0x000000e4 mem 0x80015814
core   0: 0x80009968 (0x61c40a83) lb      s5, 1564(s0)
core   0: 3 0x80009968 (0x61c40a83) x21 0x00000000 mem 0x80015a11
core   0: 0x8000996c (0x41bf8e13) addi    t3, t6, 1051
core   0: 3 0x8000996c (0x41bf8e13) x28 0x0000041b
core   0: 0x80009970 (0x7aa40c03) lb      s8, 1962(s0)
core   0: 3 0x80009970 (0x7aa40c03) x24 0x00000000 mem 0x80015b9f
core   0: 0x80009974 (0x7ac40523) sb      a2, 1962(s0)
core   0: 3 0x80009974 (0x7ac40523) mem 0x80015b9f 0x0
core   0: 0x80009978 (0xdb945003) lhu     zero, -583(s0)
core   0: 3 0x80009978 (0xdb945003) mem 0x800151ae
core   0: 0x8000997c (0xeaf45903) lhu     s2, -337(s0)
core   0: 3 0x8000997c (0xeaf45903) x18 0x00000000 mem 0x800152a4
core   0: 0x80009980 (0x00019717) auipc   a4, 0x19
core   0: 3 0x80009980 (0x00019717) x14 0x80022980
core   0: 0x80009984 (0x33e70713) addi    a4, a4, 830
core   0: 3 0x80009984 (0x33e70713) x14 0x80022cbe
core   0: 0x80009988 (0x0ff0000f) fence   iorw,iorw
core   0: 3 0x80009988 (0x0ff0000f)
core   0: 0x8000998c (0x01b10633) add     a2, sp, s11
core   0: 3 0x8000998c (0x01b10633) x12 0x8002ae38
core   0: 0x80009990 (0x005ba7b3) slt     a5, s7, t0
core   0: 3 0x80009990 (0x005ba7b3) x15 0x00000001
core   0: 0x80009994 (0x018703a3) sb      s8, 7(a4)
core   0: 3 0x80009994 (0x018703a3) mem 0x80022cc5 0x0
core   0: 0x80009998 (0x014e4433) xor     s0, t3, s4
core   0: 3 0x80009998 (0x014e4433) x 8 0x8001eca8
core   0: 0x8000999c (0x725f6593) ori     a1, t5, 1829
core   0: 3 0x8000999c (0x725f6593) x11 0x00000725
core   0: 0x800099a0 (0x5d303613) sltiu   a2, zero, 1491
core   0: 3 0x800099a0 (0x5d303613) x12 0x00000001
core   0: 0x800099a4 (0x00174783) lbu     a5, 1(a4)
core   0: 3 0x800099a4 (0x00174783) x15 0x00000000 mem 0x80022cbf
core   0: 0x800099a8 (0x7d8ef817) auipc   a6, 0x7d8ef
core   0: 3 0x800099a8 (0x7d8ef817) x16 0xfd8f89a8
core   0: 0x800099ac (0x01076a33) or      s4, a4, a6
core   0: 3 0x800099ac (0x01076a33) x20 0xfd8fadbe
core   0: 0x800099b0 (0x00681d93) slli    s11, a6, 6
core   0: 3 0x800099b0 (0x00681d93) x27 0x63e26a00
core   0: 0x800099b4 (0x400d3337) lui     t1, 0x400d3
core   0: 3 0x800099b4 (0x400d3337) x 6 0x400d3000
core   0: 0x800099b8 (0xe93be413) ori     s0, s7, -365
core   0: 3 0x800099b8 (0xe93be413) x 8 0xfffffeb3
core   0: 0x800099bc (0x010703a3) sb      a6, 7(a4)
core   0: 3 0x800099bc (0x010703a3) mem 0x80022cc5 0xa8
core   0: 0x800099c0 (0x00da6f33) or      t5, s4, a3
core   0: 3 0x800099c0 (0x00da6f33) x30 0xfd8fadfe
core   0: 0x800099c4 (0x1a964ab7) lui     s5, 0x1a964
core   0: 3 0x800099c4 (0x1a964ab7) x21 0x1a964000
core   0: 0x800099c8 (0xffe708a3) sb      t5, -15(a4)
core   0: 3 0x800099c8 (0xffe708a3) mem 0x80022caf 0xfe
core   0: 0x800099cc (0xffd72d23) sw      t4, -6(a4)
core   0: 3 0x800099cc (0xffd72d23) mem 0x80022cb8 0x00000000
core   0: 0x800099d0 (0x11ee0c13) addi    s8, t3, 286
core   0: 3 0x800099d0 (0x11ee0c13) x24 0x00000539
core   0: 0x800099d4 (0x0ff0000f) fence   iorw,iorw
core   0: 3 0x800099d4 (0x0ff0000f)
core   0: 0x800099d8 (0x18764c13) xori    s8, a2, 391
core   0: 3 0x800099d8 (0x18764c13) x24 0x00000186
core   0: 0x800099dc (0x011bdd33) srl     s10, s7, a7
core   0: 3 0x800099dc (0x011bdd33) x26 0xd1eeaab3
core   0: 0x800099e0 (0x0492e913) ori     s2, t0, 73
core   0: 3 0x800099e0 (0x0492e913) x18 0x00000049
core   0: 0x800099e4 (0x825cc213) xori    tp, s9, -2011
core   0: 3 0x800099e4 (0x825cc213) x 4 0xfffff8c1
core   0: 0x800099e8 (0x00d70203) lb      tp, 13(a4)
core   0: 3 0x800099e8 (0x00d70203) x 4 0x00000000 mem 0x80022ccb
core   0: 0x800099ec (0xfce38193) addi    gp, t2, -50
core   0: 3 0x800099ec (0xfce38193) x 3 0xffffffce
core   0: 0x800099f0 (0x00d57633) and     a2, a0, a3
core   0: 3 0x800099f0 (0x00d57633) x12 0x000000e4
core   0: 0x800099f4 (0x414356b3) sra     a3, t1, s4
core   0: 3 0x800099f4 (0x414356b3) x13 0x00000001
core   0: 0x800099f8 (0x0000100f) fence.i
core   0: 3 0x800099f8 (0x0000100f)
core   0: 0x800099fc (0x00c3b7b3) sltu    a5, t2, a2
core   0: 3 0x800099fc (0x00c3b7b3) x15 0x00000001
core   0: 0x80009a00 (0x018c5b33) srl     s6, s8, s8
core   0: 3 0x80009a00 (0x018c5b33) x22 0x00000006
core   0: 0x80009a04 (0xff174683) lbu     a3, -15(a4)
core   0: 3 0x80009a04 (0xff174683) x13 0x000000fe mem 0x80022caf
core   0: 0x80009a08 (0x58008293) addi    t0, ra, 1408
core   0: 3 0x80009a08 (0x58008293) x 5 0xd1eeb023
core   0: 0x80009a0c (0x00871123) sh      s0, 2(a4)
core   0: 3 0x80009a0c (0x00871123) mem 0x80022cc0 0xfeb3
core   0: 0x80009a10 (0x00921e13) slli    t3, tp, 9
core   0: 3 0x80009a10 (0x00921e13) x28 0x00000000
core   0: 0x80009a14 (0xffa75183) lhu     gp, -6(a4)
core   0: 3 0x80009a14 (0xffa75183) x 3 0x00000000 mem 0x80022cb8
core   0: 0x80009a18 (0x3425dc97) auipc   s9, 0x3425d
core   0: 3 0x80009a18 (0x3425dc97) x25 0xb4266a18
core   0: 0x80009a1c (0x0057cd33) xor     s10, a5, t0
core   0: 3 0x80009a1c (0x0057cd33) x26 0xd1eeb022
core   0: 0x80009a20 (0x2c63dcb7) lui     s9, 0x2c63d
core   0: 3 0x80009a20 (0x2c63dcb7) x25 0x2c63d000
core   0: 0x80009a24 (0xffa71283) lh      t0, -6(a4)
core   0: 3 0x80009a24 (0xffa71283) x 5 0x00000000 mem 0x80022cb8
core   0: 0x80009a28 (0x00a74c83) lbu     s9, 10(a4)
core   0: 3 0x80009a28 (0x00a74c83) x25 0x00000000 mem 0x80022cc8
core   0: 0x80009a2c (0x0000cf97) auipc   t6, 0xc
core   0: 3 0x80009a2c (0x0000cf97) x31 0x80015a2c
core   0: 0x80009a30 (0x942f8f93) addi    t6, t6, -1726
core   0: 3 0x80009a30 (0x942f8f93) x31 0x8001536e
core   0: 0x80009a34 (0xfe3f89a3) sb      gp, -13(t6)
core   0: 3 0x80009a34 (0xfe3f89a3) mem 0x80015361 0x0
core   0: 0x80009a38 (0x00019b17) auipc   s6, 0x19
core   0: 3 0x80009a38 (0x00019b17) x22 0x80022a38
core   0: 0x80009a3c (0x220b0b13) addi    s6, s6, 544
core   0: 3 0x80009a3c (0x220b0b13) x22 0x80022c58
core   0: 0x80009a40 (0x01eb1f03) lh      t5, 30(s6)
core   0: 3 0x80009a40 (0x01eb1f03) x30 0x00000000 mem 0x80022c76
core   0: 0x80009a44 (0xffcfd483) lhu     s1, -4(t6)
core   0: 3 0x80009a44 (0xffcfd483) x 9 0x00000000 mem 0x8001536a
core   0: 0x80009a48 (0x037b0fa3) sb      s7, 63(s6)
core   0: 3 0x80009a48 (0x037b0fa3) mem 0x80022c97 0xb3
core   0: 0x80009a4c (0xfe0fd983) lhu     s3, -32(t6)
core   0: 3 0x80009a4c (0xfe0fd983) x19 0x00000000 mem 0x8001534e
core   0: 0x80009a50 (0x009b0183) lb      gp, 9(s6)
core   0: 3 0x80009a50 (0x009b0183) x 3 0x00000000 mem 0x80022c61
core   0: 0x80009a54 (0xfdfb2c23) sw      t6, -40(s6)
core   0: 3 0x80009a54 (0xfdfb2c23) mem 0x80022c30 0x8001536e
core   0: 0x80009a58 (0xffff8e23) sb      t6, -4(t6)
core   0: 3 0x80009a58 (0xffff8e23) mem 0x8001536a 0x6e
core   0: 0x80009a5c (0xfe1b1623) sh      ra, -20(s6)
core   0: 3 0x80009a5c (0xfe1b1623) mem 0x80022c44 0xaaa3
core   0: 0x80009a60 (0x000fa923) sw      zero, 18(t6)
core   0: 3 0x80009a60 (0x000fa923) mem 0x80015380 0x00000000
core   0: 0x80009a64 (0x033b1323) sh      s3, 38(s6)
core   0: 3 0x80009a64 (0x033b1323) mem 0x80022c7e 0x0000
core   0: 0x80009a68 (0xfe5f8403) lb      s0, -27(t6)
core   0: 3 0x80009a68 (0xfe5f8403) x 8 0x00000000 mem 0x80015353
core   0: 0x80009a6c (0x03db4283) lbu     t0, 61(s6)
core   0: 3 0x80009a6c (0x03db4283) x 5 0x00000000 mem 0x80022c95
core   0: 0x80009a70 (0xfd4b0023) sb      s4, -64(s6)
core   0: 3 0x80009a70 (0xfd4b0023) mem 0x80022c18 0xbe
core   0: 0x80009a74 (0x035fc603) lbu     a2, 53(t6)
core   0: 3 0x80009a74 (0x035fc603) x12 0x00000000 mem 0x800153a3
core   0: 0x80009a78 (0x027b0003) lb      zero, 39(s6)
core   0: 3 0x80009a78 (0x027b0003) mem 0x80022c7f
core   0: 0x80009a7c (0xfd7f8ba3) sb      s7, -41(t6)
core   0: 3 0x80009a7c (0xfd7f8ba3) mem 0x80015345 0xb3
core   0: 0x80009a80 (0x001b4183) lbu     gp, 1(s6)
core   0: 3 0x80009a80 (0x001b4183) x 3 0x00000000 mem 0x80022c59
core   0: 0x80009a84 (0x005fc383) lbu     t2, 5(t6)
core   0: 3 0x80009a84 (0x005fc383) x 7 0x00000000 mem 0x80015373
core   0: 0x80009a88 (0xfd3fa123) sw      s3, -62(t6)
core   0: 3 0x80009a88 (0xfd3fa123) mem 0x80015330 0x00000000
core   0: 0x80009a8c (0x00014717) auipc   a4, 0x14
core   0: 3 0x80009a8c (0x00014717) x14 0x8001da8c
core   0: 0x80009a90 (0xc6a70713) addi    a4, a4, -918
core   0: 3 0x80009a90 (0xc6a70713) x14 0x8001d6f6
core   0: 0x80009a94 (0xe6970ca3) sb      s1, -391(a4)
core   0: 3 0x80009a94 (0xe6970ca3) mem 0x8001d56f 0x0
core   0: 0x80009a98 (0xe7974e03) lbu     t3, -391(a4)
core   0: 3 0x80009a98 (0xe7974e03) x28 0x00000000 mem 0x8001d56f
core   0: 0x80009a9c (0xe7974383) lbu     t2, -391(a4)
core   0: 3 0x80009a9c (0xe7974383) x 7 0x00000000 mem 0x8001d56f
core   0: 0x80009aa0 (0xe7974d83) lbu     s11, -391(a4)
core   0: 3 0x80009aa0 (0xe7974d83) x27 0x00000000 mem 0x8001d56f
core   0: 0x80009aa4 (0xe6a70ca3) sb      a0, -391(a4)
core   0: 3 0x80009aa4 (0xe6a70ca3) mem 0x8001d56f 0xe4
core   0: 0x80009aa8 (0xe6970ca3) sb      s1, -391(a4)
core   0: 3 0x80009aa8 (0xe6970ca3) mem 0x8001d56f 0x0
core   0: 0x80009aac (0xe7970203) lb      tp, -391(a4)
core   0: 3 0x80009aac (0xe7970203) x 4 0x00000000 mem 0x8001d56f
core   0: 0x80009ab0 (0x0000100f) fence.i
core   0: 3 0x80009ab0 (0x0000100f)
core   0: 0x80009ab4 (0xe7770ca3) sb      s7, -391(a4)
core   0: 3 0x80009ab4 (0xe7770ca3) mem 0x8001d56f 0xb3
core   0: 0x80009ab8 (0xe7970983) lb      s3, -391(a4)
core   0: 3 0x80009ab8 (0xe7970983) x19 0xffffffb3 mem 0x8001d56f
core   0: 0x80009abc (0xe7974283) lbu     t0, -391(a4)
core   0: 3 0x80009abc (0xe7974283) x 5 0x000000b3 mem 0x8001d56f
core   0: 0x80009ac0 (0x01f53833) sltu    a6, a0, t6
core   0: 3 0x80009ac0 (0x01f53833) x16 0x00000000
core   0: 0x80009ac4 (0xe7974603) lbu     a2, -391(a4)
core   0: 3 0x80009ac4 (0xe7974603) x12 0x000000b3 mem 0x8001d56f
core   0: 0x80009ac8 (0xe6970ca3) sb      s1, -391(a4)
core   0: 3 0x80009ac8 (0xe6970ca3) mem 0x8001d56f 0x0
core   0: 0x80009acc (0x41fed993) srai    s3, t4, 31
core   0: 3 0x80009acc (0x41fed993) x19 0x00000000
core   0: 0x80009ad0 (0xe76937b7) lui     a5, 0xe7693
core   0: 3 0x80009ad0 (0xe76937b7) x15 0xe7693000
core   0: 0x80009ad4 (0xe7974903) lbu     s2, -391(a4)
core   0: 3 0x80009ad4 (0xe7974903) x18 0x00000000 mem 0x8001d56f
core   0: 0x80009ad8 (0x08f74e03) lbu     t3, 143(a4)
core   0: 3 0x80009ad8 (0x08f74e03) x28 0x00000000 mem 0x8001d785
core   0: 0x80009adc (0x081707a3) sb      ra, 143(a4)
core   0: 3 0x80009adc (0x081707a3) mem 0x8001d785 0xa3
core   0: 0x80009ae0 (0x094707a3) sb      s4, 143(a4)
core   0: 3 0x80009ae0 (0x094707a3) mem 0x8001d785 0xbe
core   0: 0x80009ae4 (0x08f74903) lbu     s2, 143(a4)
core   0: 3 0x80009ae4 (0x08f74903) x18 0x000000be mem 0x8001d785
core   0: 0x80009ae8 (0x00015d97) auipc   s11, 0x15
core   0: 3 0x80009ae8 (0x00015d97) x27 0x8001eae8
core   0: 0x80009aec (0x9d4d8d93) addi    s11, s11, -1580
core   0: 3 0x80009aec (0x9d4d8d93) x27 0x8001e4bc
core   0: 0x80009af0 (0x0000e297) auipc   t0, 0xe
core   0: 3 0x80009af0 (0x0000e297) x 5 0x80017af0
core   0: 0x80009af4 (0x94928293) addi    t0, t0, -1719
core   0: 3 0x80009af4 (0x94928293) x 5 0x80017439
core   0: 0x80009af8 (0x02fd9023) sh      a5, 32(s11)
core   0: 3 0x80009af8 (0x02fd9023) mem 0x8001e4dc 0x3000
core   0: 0x80009afc (0x5e928783) lb      a5, 1513(t0)
core   0: 3 0x80009afc (0x5e928783) x15 0x00000000 mem 0x80017a22
core   0: 0x80009b00 (0x00012597) auipc   a1, 0x12
core   0: 3 0x80009b00 (0x00012597) x11 0x8001bb00
core   0: 0x80009b04 (0x1d758593) addi    a1, a1, 471
core   0: 3 0x80009b04 (0x1d758593) x11 0x8001bcd7
core   0: 0x80009b08 (0xff8ddb03) lhu     s6, -8(s11)
core   0: 3 0x80009b08 (0xff8ddb03) x22 0x00000000 mem 0x8001e4b4
core   0: 0x80009b0c (0xfec58d23) sb      a2, -6(a1)
core   0: 3 0x80009b0c (0xfec58d23) mem 0x8001bcd1 0xb3
core   0: 0x80009b10 (0x5f42c903) lbu     s2, 1524(t0)
core   0: 3 0x80009b10 (0x5f42c903) x18 0x00000000 mem 0x80017a2d
core   0: 0x80009b14 (0x01c5a6a3) sw      t3, 13(a1)
core   0: 3 0x80009b14 (0x01c5a6a3) mem 0x8001bce4 0x00000000
core   0: 0x80009b18 (0x42a2ce83) lbu     t4, 1066(t0)
core   0: 3 0x80009b18 (0x42a2ce83) x29 0x00000000 mem 0x80017863
core   0: 0x80009b1c (0xff05c383) lbu     t2, -16(a1)
core   0: 3 0x80009b1c (0xff05c383) x 7 0x00000000 mem 0x8001bcc7
core   0: 0x80009b20 (0x68729203) lh      tp, 1671(t0)
core   0: 3 0x80009b20 (0x68729203) x 4 0x00000000 mem 0x80017ac0
core   0: 0x80009b24 (0xffc58a23) sb      t3, -12(a1)
core   0: 3 0x80009b24 (0xffc58a23) mem 0x8001bccb 0x0
core   0: 0x80009b28 (0x5cd28923) sb      a3, 1490(t0)
core   0: 3 0x80009b28 (0x5cd28923) mem 0x80017a0b 0xfe
core   0: 0x80009b2c (0xff1d8083) lb      ra, -15(s11)
core   0: 3 0x80009b2c (0xff1d8083) x 1 0x00000000 mem 0x8001e4ad
core   0: 0x80009b30 (0x002d9783) lh      a5, 2(s11)
core   0: 3 0x80009b30 (0x002d9783) x15 0x00000000 mem 0x8001e4be
core   0: 0x80009b34 (0x019594a3) sh      s9, 9(a1)
core   0: 3 0x80009b34 (0x019594a3) mem 0x8001bce0 0x0000
core   0: 0x80009b38 (0x77b2ce83) lbu     t4, 1915(t0)
core   0: 3 0x80009b38 (0x77b2ce83) x29 0x00000000 mem 0x80017bb4
core   0: 0x80009b3c (0x00c58203) lb      tp, 12(a1)
core   0: 3 0x80009b3c (0x00c58203) x 4 0x00000000 mem 0x8001bce3
core   0: 0x80009b40 (0xfe058c23) sb      zero, -8(a1)
core   0: 3 0x80009b40 (0xfe058c23) mem 0x8001bccf 0x0
core   0: 0x80009b44 (0xfc0d9f83) lh      t6, -64(s11)
core   0: 3 0x80009b44 (0xfc0d9f83) x31 0x00000000 mem 0x8001e47c
core   0: 0x80009b48 (0x0015a383) lw      t2, 1(a1)
core   0: 3 0x80009b48 (0x0015a383) x 7 0x00000000 mem 0x8001bcd8
core   0: 0x80009b4c (0xfd6d9c83) lh      s9, -42(s11)
core   0: 3 0x80009b4c (0xfd6d9c83) x25 0x00000000 mem 0x8001e492
core   0: 0x80009b50 (0xff35d483) lhu     s1, -13(a1)
core   0: 3 0x80009b50 (0xff35d483) x 9 0x00000000 mem 0x8001bcca
core   0: 0x80009b54 (0xfe6dc183) lbu     gp, -26(s11)
core   0: 3 0x80009b54 (0xfe6dc183) x 3 0x00000000 mem 0x8001e4a2
core   0: 0x80009b58 (0x008585a3) sb      s0, 11(a1)
core   0: 3 0x80009b58 (0x008585a3) mem 0x8001bce2 0x0
core   0: 0x80009b5c (0xd3228d23) sb      s2, -710(t0)
core   0: 3 0x80009b5c (0xd3228d23) mem 0x80017173 0x0
core   0: 0x80009b60 (0x0001c417) auipc   s0, 0x1c
core   0: 3 0x80009b60 (0x0001c417) x 8 0x80025b60
core   0: 0x80009b64 (0x27b40413) addi    s0, s0, 635
core   0: 3 0x80009b64 (0x27b40413) x 8 0x80025ddb
core   0: 0x80009b68 (0xff140f03) lb      t5, -15(s0)
core   0: 3 0x80009b68 (0xff140f03) x30 0x00000000 mem 0x80025dcc
core   0: 0x80009b6c (0x40085fb3) sra     t6, a6, zero
core   0: 3 0x80009b6c (0x40085fb3) x31 0x00000000
core   0: 0x80009b70 (0xfed418a3) sh      a3, -15(s0)
core   0: 3 0x80009b70 (0xfed418a3) mem 0x80025dcc 0x00fe
core   0: 0x80009b74 (0xff145f03) lhu     t5, -15(s0)
core   0: 3 0x80009b74 (0xff145f03) x30 0x000000fe mem 0x80025dcc
core   0: 0x80009b78 (0xff142683) lw      a3, -15(s0)
core   0: 3 0x80009b78 (0xff142683) x13 0x000000fe mem 0x80025dcc
core   0: 0x80009b7c (0xff0408a3) sb      a6, -15(s0)
core   0: 3 0x80009b7c (0xff0408a3) mem 0x80025dcc 0x0
core   0: 0x80009b80 (0xff145983) lhu     s3, -15(s0)
core   0: 3 0x80009b80 (0xff145983) x19 0x00000000 mem 0x80025dcc
core   0: 0x80009b84 (0xffa408a3) sb      s10, -15(s0)
core   0: 3 0x80009b84 (0xffa408a3) mem 0x80025dcc 0x22
core   0: 0x80009b88 (0xff8408a3) sb      s8, -15(s0)
core   0: 3 0x80009b88 (0xff8408a3) mem 0x80025dcc 0x86
core   0: 0x80009b8c (0xff6428a3) sw      s6, -15(s0)
core   0: 3 0x80009b8c (0xff6428a3) mem 0x80025dcc 0x00000000
core   0: 0x80009b90 (0xfff418a3) sh      t6, -15(s0)
core   0: 3 0x80009b90 (0xfff418a3) mem 0x80025dcc 0x0000
core   0: 0x80009b94 (0xff142283) lw      t0, -15(s0)
core   0: 3 0x80009b94 (0xff142283) x 5 0x00000000 mem 0x80025dcc
core   0: 0x80009b98 (0xfe3408a3) sb      gp, -15(s0)
core   0: 3 0x80009b98 (0xfe3408a3) mem 0x80025dcc 0x0
core   0: 0x80009b9c (0xff142c03) lw      s8, -15(s0)
core   0: 3 0x80009b9c (0xff142c03) x24 0x00000000 mem 0x80025dcc
core   0: 0x80009ba0 (0x00011c97) auipc   s9, 0x11
core   0: 3 0x80009ba0 (0x00011c97) x25 0x8001aba0
core   0: 0x80009ba4 (0x09ac8c93) addi    s9, s9, 154
core   0: 3 0x80009ba4 (0x09ac8c93) x25 0x8001ac3a
core   0: 0x80009ba8 (0x00dccd83) lbu     s11, 13(s9)
core   0: 3 0x80009ba8 (0x00dccd83) x27 0x00000000 mem 0x8001ac47
core   0: 0x80009bac (0x3dc6b293) sltiu   t0, a3, 988
core   0: 3 0x80009bac (0x3dc6b293) x 5 0x00000001
core   0: 0x80009bb0 (0x01bd6733) or      a4, s10, s11
core   0: 3 0x80009bb0 (0x01bd6733) x14 0xd1eeb022
core   0: 0x80009bb4 (0x005dbeb3) sltu    t4, s11, t0
core   0: 3 0x80009bb4 (0x005dbeb3) x29 0x00000001
core   0: 0x80009bb8 (0xff4c8b23) sb      s4, -10(s9)
core   0: 3 0x80009bb8 (0xff4c8b23) mem 0x8001ac30 0xbe
core   0: 0x80009bbc (0x0082c733) xor     a4, t0, s0
core   0: 3 0x80009bbc (0x0082c733) x14 0x80025dda
core   0: 0x80009bc0 (0x9cb8d3b7) lui     t2, 0x9cb8d
core   0: 3 0x80009bc0 (0x9cb8d3b7) x 7 0x9cb8d000
core   0: 0x80009bc4 (0xfd4c9f83) lh      t6, -44(s9)
core   0: 3 0x80009bc4 (0xfd4c9f83) x31 0x00000000 mem 0x8001ac0e
core   0: 0x80009bc8 (0xff4cc303) lbu     t1, -12(s9)
core   0: 3 0x80009bc8 (0xff4cc303) x 6 0x00000000 mem 0x8001ac2e
core   0: 0x80009bcc (0xfc8c9583) lh      a1, -56(s9)
core   0: 3 0x80009bcc (0xfc8c9583) x11 0x00000000 mem 0x8001ac02
core   0: 0x80009bd0 (0xff8cc483) lbu     s1, -8(s9)
core   0: 3 0x80009bd0 (0xff8cc483) x 9 0x00000000 mem 0x8001ac32
core   0: 0x80009bd4 (0x01c89493) slli    s1, a7, 28
core   0: 3 0x80009bd4 (0x01c89493) x 9 0x00000000
core   0: 0x80009bd8 (0x4007d493) srai    s1, a5, 0
core   0: 3 0x80009bd8 (0x4007d493) x 9 0x00000000
core   0: 0x80009bdc (0xfc2c9983) lh      s3, -62(s9)
core   0: 3 0x80009bdc (0xfc2c9983) x19 0x00000000 mem 0x8001abfc
core   0: 0x80009be0 (0x0ff0000f) fence   iorw,iorw
core   0: 3 0x80009be0 (0x0ff0000f)
core   0: 0x80009be4 (0x01b23c33) sltu    s8, tp, s11
core   0: 3 0x80009be4 (0x01b23c33) x24 0x00000000
core   0: 0x80009be8 (0xfdac84a3) sb      s10, -55(s9)
core   0: 3 0x80009be8 (0xfdac84a3) mem 0x8001ac03 0x22
core   0: 0x80009bec (0x001cca83) lbu     s5, 1(s9)
core   0: 3 0x80009bec (0x001cca83) x21 0x00000000 mem 0x8001ac3b
core   0: 0x80009bf0 (0x0000100f) fence.i
core   0: 3 0x80009bf0 (0x0000100f)
core   0: 0x80009bf4 (0x036c9623) sh      s6, 44(s9)
core   0: 3 0x80009bf4 (0x036c9623) mem 0x8001ac66 0x0000
core   0: 0x80009bf8 (0x01acad83) lw      s11, 26(s9)
core   0: 3 0x80009bf8 (0x01acad83) x27 0x00000000 mem 0x8001ac54
core   0: 0x80009bfc (0xf9f67593) andi    a1, a2, -97
core   0: 3 0x80009bfc (0xf9f67593) x11 0x00000093
core   0: 0x80009c00 (0x011b9913) slli    s2, s7, 17
core   0: 3 0x80009c00 (0x011b9913) x18 0x55660000
core   0: 0x80009c04 (0x00075813) srli    a6, a4, 0
core   0: 3 0x80009c04 (0x00075813) x16 0x80025dda
core   0: 0x80009c08 (0xfd4cd403) lhu     s0, -44(s9)
core   0: 3 0x80009c08 (0xfd4cd403) x 8 0x00000000 mem 0x8001ac0e
core   0: 0x80009c0c (0x00916f33) or      t5, sp, s1
core   0: 3 0x80009c0c (0x00916f33) x30 0x8002ae38
core   0: 0x80009c10 (0xffec8283) lb      t0, -2(s9)
core   0: 3 0x80009c10 (0xffec8283) x 5 0x00000000 mem 0x8001ac38
core   0: 0x80009c14 (0x01dc8b03) lb      s6, 29(s9)
core   0: 3 0x80009c14 (0x01dc8b03) x22 0x00000000 mem 0x8001ac57
core   0: 0x80009c18 (0xc78ccd13) xori    s10, s9, -904
core   0: 3 0x80009c18 (0xc78ccd13) x26 0x7ffe5042
core   0: 0x80009c1c (0x40cc5493) srai    s1, s8, 12
core   0: 3 0x80009c1c (0x40cc5493) x 9 0x00000000
core   0: 0x80009c20 (0x00c71d13) slli    s10, a4, 12
core   0: 3 0x80009c20 (0x00c71d13) x26 0x25dda000
core   0: 0x80009c24 (0x9cdce213) ori     tp, s9, -1587
core   0: 3 0x80009c24 (0x9cdce213) x 4 0xfffffdff
core   0: 0x80009c28 (0x014af4b3) and     s1, s5, s4
core   0: 3 0x80009c28 (0x014af4b3) x 9 0x00000000
core   0: 0x80009c2c (0xfcdc8f83) lb      t6, -51(s9)
core   0: 3 0x80009c2c (0xfcdc8f83) x31 0x00000000 mem 0x8001ac07
core   0: 0x80009c30 (0x017ccf83) lbu     t6, 23(s9)
core   0: 3 0x80009c30 (0x017ccf83) x31 0x00000000 mem 0x8001ac51
core   0: 0x80009c34 (0x41bb01b3) sub     gp, s6, s11
core   0: 3 0x80009c34 (0x41bb01b3) x 3 0x00000000
core   0: 0x80009c38 (0x01384833) xor     a6, a6, s3
core   0: 3 0x80009c38 (0x01384833) x16 0x80025dda
core   0: 0x80009c3c (0x00aad713) srli    a4, s5, 10
core   0: 3 0x80009c3c (0x00aad713) x14 0x00000000
core   0: 0x80009c40 (0x41555313) srai    t1, a0, 21
core   0: 3 0x80009c40 (0x41555313) x 6 0xfffffc00
core   0: 0x80009c44 (0xff5c8da3) sb      s5, -5(s9)
core   0: 3 0x80009c44 (0xff5c8da3) mem 0x8001ac35 0x0
core   0: 0x80009c48 (0xaf898393) addi    t2, s3, -1288
core   0: 3 0x80009c48 (0xaf898393) x 7 0xfffffaf8
core   0: 0x80009c4c (0x01085a13) srli    s4, a6, 16
core   0: 3 0x80009c4c (0x01085a13) x20 0x00008002
core   0: 0x80009c50 (0x001ebe33) sltu    t3, t4, ra
core   0: 3 0x80009c50 (0x001ebe33) x28 0x00000000
core   0: 0x80009c54 (0x01fc8283) lb      t0, 31(s9)
core   0: 3 0x80009c54 (0x01fc8283) x 5 0x00000000 mem 0x8001ac59
core   0: 0x80009c58 (0xfd9c8903) lb      s2, -39(s9)
core   0: 3 0x80009c58 (0xfd9c8903) x18 0x00000000 mem 0x8001ac13
core   0: 0x80009c5c (0xd458a813) slti    a6, a7, -699
core   0: 3 0x80009c5c (0xd458a813) x16 0x00000000
core   0: 0x80009c60 (0x00338e33) add     t3, t2, gp
core   0: 3 0x80009c60 (0x00338e33) x28 0xfffffaf8
core   0: 0x80009c64 (0xfd5c8583) lb      a1, -43(s9)
core   0: 3 0x80009c64 (0xfd5c8583) x11 0x00000000 mem 0x8001ac0f
core   0: 0x80009c68 (0x4cf23697) auipc   a3, 0x4cf23
core   0: 3 0x80009c68 (0x4cf23697) x13 0xccf2cc68
core   0: 0x80009c6c (0xff2c9523) sh      s2, -22(s9)
core   0: 3 0x80009c6c (0xff2c9523) mem 0x8001ac24 0x0000
core   0: 0x80009c70 (0x00012297) auipc   t0, 0x12
core   0: 3 0x80009c70 (0x00012297) x 5 0x8001bc70
core   0: 0x80009c74 (0xed128293) addi    t0, t0, -303
core   0: 3 0x80009c74 (0xed128293) x 5 0x8001bb41
core   0: 0x80009c78 (0x00428403) lb      s0, 4(t0)
core   0: 3 0x80009c78 (0x00428403) x 8 0x00000000 mem 0x8001bb45
core   0: 0x80009c7c (0x01a04eb3) xor     t4, zero, s10
core   0: 3 0x80009c7c (0x01a04eb3) x29 0x25dda000
core   0: 0x80009c80 (0xffc28e83) lb      t4, -4(t0)
core   0: 3 0x80009c80 (0xffc28e83) x29 0x00000000 mem 0x8001bb3d
core   0: 0x80009c84 (0xfdb2c303) lbu     t1, -37(t0)
core   0: 3 0x80009c84 (0xfdb2c303) x 6 0x00000000 mem 0x8001bb1c
core   0: 0x80009c88 (0x6d3df013) andi    zero, s11, 1747
core   0: 3 0x80009c88 (0x6d3df013)
core   0: 0x80009c8c (0x00ddbc33) sltu    s8, s11, a3
core   0: 3 0x80009c8c (0x00ddbc33) x24 0x00000001
core   0: 0x80009c90 (0xfd529303) lh      t1, -43(t0)
core   0: 3 0x80009c90 (0xfd529303) x 6 0x00000000 mem 0x8001bb16
core   0: 0x80009c94 (0x0ff0000f) fence   iorw,iorw
core   0: 3 0x80009c94 (0x0ff0000f)
core   0: 0x80009c98 (0x01bddfb3) srl     t6, s11, s11
core   0: 3 0x80009c98 (0x01bddfb3) x31 0x00000000
core   0: 0x80009c9c (0xfe92cd03) lbu     s10, -23(t0)
core   0: 3 0x80009c9c (0xfe92cd03) x26 0x00000000 mem 0x8001bb2a
core   0: 0x80009ca0 (0xfe128323) sb      ra, -26(t0)
core   0: 3 0x80009ca0 (0xfe128323) mem 0x8001bb27 0x0
core   0: 0x80009ca4 (0xffe2ca03) lbu     s4, -2(t0)
core   0: 3 0x80009ca4 (0xffe2ca03) x20 0x00000000 mem 0x8001bb3f
core   0: 0x80009ca8 (0x00b63633) sltu    a2, a2, a1
core   0: 3 0x80009ca8 (0x00b63633) x12 0x00000000
core   0: 0x80009cac (0x009241b3) xor     gp, tp, s1
core   0: 3 0x80009cac (0x009241b3) x 3 0xfffffdff
core   0: 0x80009cb0 (0xbbae6c37) lui     s8, 0xbbae6
core   0: 3 0x80009cb0 (0xbbae6c37) x24 0xbbae6000
core   0: 0x80009cb4 (0x0032a3a3) sw      gp, 7(t0)
core   0: 3 0x80009cb4 (0x0032a3a3) mem 0x8001bb48 0xfffffdff
core   0: 0x80009cb8 (0x0000100f) fence.i
core   0: 3 0x80009cb8 (0x0000100f)
core   0: 0x80009cbc (0x00ff26b3) slt     a3, t5, a5
core   0: 3 0x80009cbc (0x00ff26b3) x13 0x00000001
core   0: 0x80009cc0 (0x578d2593) slti    a1, s10, 1400
core   0: 3 0x80009cc0 (0x578d2593) x11 0x00000001
core   0: 0x80009cc4 (0x02029aa3) sh      zero, 53(t0)
core   0: 3 0x80009cc4 (0x02029aa3) mem 0x8001bb76 0x0000
core   0: 0x80009cc8 (0x01b28d23) sb      s11, 26(t0)
core   0: 3 0x80009cc8 (0x01b28d23) mem 0x8001bb5b 0x0
core   0: 0x80009ccc (0x41f00433) sub     s0, zero, t6
core   0: 3 0x80009ccc (0x41f00433) x 8 0x00000000
core   0: 0x80009cd0 (0x03a291a3) sh      s10, 35(t0)
core   0: 3 0x80009cd0 (0x03a291a3) mem 0x8001bb64 0x0000
core   0: 0x80009cd4 (0x00017317) auipc   t1, 0x17
core   0: 3 0x80009cd4 (0x00017317) x 6 0x80020cd4
core   0: 0x80009cd8 (0x80a30313) addi    t1, t1, -2038
core   0: 3 0x80009cd8 (0x80a30313) x 6 0x800204de
core   0: 0x80009cdc (0x40bcd433) sra     s0, s9, a1
core   0: 3 0x80009cdc (0x40bcd433) x 8 0xc000d61d
core   0: 0x80009ce0 (0x41acde93) srai    t4, s9, 26
core   0: 3 0x80009ce0 (0x41acde93) x29 0xffffffe0
core   0: 0x80009ce4 (0x00c35883) lhu     a7, 12(t1)
core   0: 3 0x80009ce4 (0x00c35883) x17 0x00000000 mem 0x800204ea
core   0: 0x80009ce8 (0x03c31323) sh      t3, 38(t1)
core   0: 3 0x80009ce8 (0x03c31323) mem 0x80020504 0xfaf8
core   0: 0x80009cec (0x01fcda93) srli    s5, s9, 31
core   0: 3 0x80009cec (0x01fcda93) x21 0x00000001
core   0: 0x80009cf0 (0x01030e83) lb      t4, 16(t1)
core   0: 3 0x80009cf0 (0x01030e83) x29 0x00000000 mem 0x800204ee
core   0: 0x80009cf4 (0xb19c4c93) xori    s9, s8, -1255
core   0: 3 0x80009cf4 (0xb19c4c93) x25 0x44519b19
core   0: 0x80009cf8 (0x02334603) lbu     a2, 35(t1)
core   0: 3 0x80009cf8 (0x02334603) x12 0x00000000 mem 0x80020501
core   0: 0x80009cfc (0x0177f4b3) and     s1, a5, s7
core   0: 3 0x80009cfc (0x0177f4b3) x 9 0x00000000
core   0: 0x80009d00 (0xfcb34083) lbu     ra, -53(t1)
core   0: 3 0x80009d00 (0xfcb34083) x 1 0x00000000 mem 0x800204a9
core   0: 0x80009d04 (0x41078a33) sub     s4, a5, a6
core   0: 3 0x80009d04 (0x41078a33) x20 0x00000000
core   0: 0x80009d08 (0x00831f03) lh      t5, 8(t1)
core   0: 3 0x80009d08 (0x00831f03) x30 0x00000000 mem 0x800204e6
core   0: 0x80009d0c (0xffa34383) lbu     t2, -6(t1)
core   0: 3 0x80009d0c (0xffa34383) x 7 0x00000000 mem 0x800204d8
core   0: 0x80009d10 (0x01b97f33) and     t5, s2, s11
core   0: 3 0x80009d10 (0x01b97f33) x30 0x00000000
core   0: 0x80009d14 (0x01df3b33) sltu    s6, t5, t4
core   0: 3 0x80009d14 (0x01df3b33) x22 0x00000000
core   0: 0x80009d18 (0x01734c03) lbu     s8, 23(t1)
core   0: 3 0x80009d18 (0x01734c03) x24 0x00000000 mem 0x800204f5
core   0: 0x80009d1c (0xfc434d83) lbu     s11, -60(t1)
core   0: 3 0x80009d1c (0xfc434d83) x27 0x00000000 mem 0x800204a2
core   0: 0x80009d20 (0xfc530483) lb      s1, -59(t1)
core   0: 3 0x80009d20 (0xfc530483) x 9 0x00000000 mem 0x800204a3
core   0: 0x80009d24 (0xfe435183) lhu     gp, -28(t1)
core   0: 3 0x80009d24 (0xfe435183) x 3 0x00000000 mem 0x800204c2
core   0: 0x80009d28 (0x3261c797) auipc   a5, 0x3261c
core   0: 3 0x80009d28 (0x3261c797) x15 0xb2625d28
core   0: 0x80009d2c (0xfcc30123) sb      a2, -62(t1)
core   0: 3 0x80009d2c (0xfcc30123) mem 0x800204a0 0x0
core   0: 0x80009d30 (0x0fd42b17) auipc   s6, 0xfd42
core   0: 3 0x80009d30 (0x0fd42b17) x22 0x8fd4bd30
core   0: 0x80009d34 (0xff930003) lb      zero, -7(t1)
core   0: 3 0x80009d34 (0xff930003) mem 0x800204d7
core   0: 0x80009d38 (0xffc30c03) lb      s8, -4(t1)
core   0: 3 0x80009d38 (0xffc30c03) x24 0x00000000 mem 0x800204da
core   0: 0x80009d3c (0x000300a3) sb      zero, 1(t1)
core   0: 3 0x80009d3c (0x000300a3) mem 0x800204df 0x0
core   0: 0x80009d40 (0x01330da3) sb      s3, 27(t1)
core   0: 3 0x80009d40 (0x01330da3) mem 0x800204f9 0x0
core   0: 0x80009d44 (0xfd934603) lbu     a2, -39(t1)
core   0: 3 0x80009d44 (0xfd934603) x12 0x00000000 mem 0x800204b7
core   0: 0x80009d48 (0x0000cc97) auipc   s9, 0xc
core   0: 3 0x80009d48 (0x0000cc97) x25 0x80015d48
core   0: 0x80009d4c (0xbb2c8c93) addi    s9, s9, -1102
core   0: 3 0x80009d4c (0xbb2c8c93) x25 0x800158fa
core   0: 0x80009d50 (0xf47c0f97) auipc   t6, 0xf47c0
core   0: 3 0x80009d50 (0xf47c0f97) x31 0x747c9d50
core   0: 0x80009d54 (0x09c1e393) ori     t2, gp, 156
core   0: 3 0x80009d54 (0x09c1e393) x 7 0x0000009c
core   0: 0x80009d58 (0x801cc983) lbu     s3, -2047(s9)
core   0: 3 0x80009d58 (0x801cc983) x19 0x00000000 mem 0x800150fb
core   0: 0x80009d5c (0x005421b3) slt     gp, s0, t0
core   0: 3 0x80009d5c (0x005421b3) x 3 0x00000000
core   0: 0x80009d60 (0x443c86a3) sb      gp, 1101(s9)
core   0: 3 0x80009d60 (0x443c86a3) mem 0x80015d47 0x0
core   0: 0x80009d64 (0xcaccc083) lbu     ra, -852(s9)
core   0: 3 0x80009d64 (0xcaccc083) x 1 0x00000086 mem 0x800155a6
core   0: 0x80009d68 (0x1d38b713) sltiu   a4, a7, 467
core   0: 3 0x80009d68 (0x1d38b713) x14 0x00000001
core   0: 0x80009d6c (0xec8e1717) auipc   a4, 0xec8e1
core   0: 3 0x80009d6c (0xec8e1717) x14 0x6c8ead6c
core   0: 0x80009d70 (0x419284b3) sub     s1, t0, s9
core   0: 3 0x80009d70 (0x419284b3) x 9 0x00006247
core   0: 0x80009d74 (0x0000100f) fence.i
core   0: 3 0x80009d74 (0x0000100f)
core   0: 0x80009d78 (0x4fe0ab17) auipc   s6, 0x4fe0a
core   0: 3 0x80009d78 (0x4fe0ab17) x22 0xcfe13d78
core   0: 0x80009d7c (0x0b1ccd83) lbu     s11, 177(s9)
core   0: 3 0x80009d7c (0x0b1ccd83) x27 0x00000000 mem 0x800159ab
core   0: 0x80009d80 (0x01aa9033) sll     zero, s5, s10
core   0: 3 0x80009d80 (0x01aa9033)
core   0: 0x80009d84 (0x016bbf33) sltu    t5, s7, s6
core   0: 3 0x80009d84 (0x016bbf33) x30 0x00000000
core   0: 0x80009d88 (0x00000013) nop
core   0: 3 0x80009d88 (0x00000013)
core   0: 0x80009d8c (0xe8ec9023) sh      a4, -384(s9)
core   0: 3 0x80009d8c (0xe8ec9023) mem 0x8001577a 0xad6c
core   0: 0x80009d90 (0x01cfe1b3) or      gp, t6, t3
core   0: 3 0x80009d90 (0x01cfe1b3) x 3 0xfffffff8
core   0: 0x80009d94 (0x10dcc183) lbu     gp, 269(s9)
core   0: 3 0x80009d94 (0x10dcc183) x 3 0x00000000 mem 0x80015a07
core   0: 0x80009d98 (0x00000013) nop
core   0: 3 0x80009d98 (0x00000013)
core   0: 0x80009d9c (0x72a7f713) andi    a4, a5, 1834
core   0: 3 0x80009d9c (0x72a7f713) x14 0x00000528
core   0: 0x80009da0 (0x7456c7b7) lui     a5, 0x7456c
core   0: 3 0x80009da0 (0x7456c7b7) x15 0x7456c000
core   0: 0x80009da4 (0x7571e093) ori     ra, gp, 1879
core   0: 3 0x80009da4 (0x7571e093) x 1 0x00000757
core   0: 0x80009da8 (0xef3cc183) lbu     gp, -269(s9)
core   0: 3 0x80009da8 (0xef3cc183) x 3 0x00000000 mem 0x800157ed
core   0: 0x80009dac (0x00fa1f13) slli    t5, s4, 15
core   0: 3 0x80009dac (0x00fa1f13) x30 0x00000000
core   0: 0x80009db0 (0xfffcc203) lbu     tp, -1(s9)
core   0: 3 0x80009db0 (0xfffcc203) x 4 0x00000000 mem 0x800158f9
core   0: 0x80009db4 (0x0088c5b3) xor     a1, a7, s0
core   0: 3 0x80009db4 (0x0088c5b3) x11 0xc000d61d
core   0: 0x80009db8 (0xebdcc803) lbu     a6, -323(s9)
core   0: 3 0x80009db8 (0xebdcc803) x16 0x00000000 mem 0x800157b7
core   0: 0x80009dbc (0xbeaccd03) lbu     s10, -1046(s9)
core   0: 3 0x80009dbc (0xbeaccd03) x26 0x00000000 mem 0x800154e4
core   0: 0x80009dc0 (0x008c5f13) srli    t5, s8, 8
core   0: 3 0x80009dc0 (0x008c5f13) x30 0x00000000
core   0: 0x80009dc4 (0x00877933) and     s2, a4, s0
core   0: 3 0x80009dc4 (0x00877933) x18 0x00000408
core   0: 0x80009dc8 (0x40bb51b3) sra     gp, s6, a1
core   0: 3 0x80009dc8 (0x40bb51b3) x 3 0xfffffffe
core   0: 0x80009dcc (0x004c4633) xor     a2, s8, tp
core   0: 3 0x80009dcc (0x004c4633) x12 0x00000000
core   0: 0x80009dd0 (0x00159993) slli    s3, a1, 1
core   0: 3 0x80009dd0 (0x00159993) x19 0x8001ac3a
core   0: 0x80009dd4 (0x011e1793) slli    a5, t3, 17
core   0: 3 0x80009dd4 (0x011e1793) x15 0xf5f00000
core   0: 0x80009dd8 (0x8eb90e93) addi    t4, s2, -1813
core   0: 3 0x80009dd8 (0x8eb90e93) x29 0xfffffcf3
core   0: 0x80009ddc (0x006bf3b3) and     t2, s7, t1
core   0: 3 0x80009ddc (0x006bf3b3) x 7 0x80020092
core   0: 0x80009de0 (0x923c9c23) sh      gp, -1736(s9)
core   0: 3 0x80009de0 (0x923c9c23) mem 0x80015232 0xfffe
core   0: 0x80009de4 (0x00ec9f23) sh      a4, 30(s9)
core   0: 3 0x80009de4 (0x00ec9f23) mem 0x80015918 0x0528
core   0: 0x80009de8 (0x00ec8023) sb      a4, 0(s9)
core   0: 3 0x80009de8 (0x00ec8023) mem 0x800158fa 0x28
core   0: 0x80009dec (0x0000bd97) auipc   s11, 0xb
core   0: 3 0x80009dec (0x0000bd97) x27 0x80014dec
core   0: 0x80009df0 (0x6e5d8d93) addi    s11, s11, 1765
core   0: 3 0x80009df0 (0x6e5d8d93) x27 0x800154d1
core   0: 0x80009df4 (0x0000cb17) auipc   s6, 0xc
core   0: 3 0x80009df4 (0x0000cb17) x22 0x80015df4
core   0: 0x80009df8 (0xa67b0b13) addi    s6, s6, -1433
core   0: 3 0x80009df8 (0xa67b0b13) x22 0x8001585b
core   0: 0x80009dfc (0xffed8583) lb      a1, -2(s11)
core   0: 3 0x80009dfc (0xffed8583) x11 0x00000000 mem 0x800154cf
core   0: 0x80009e00 (0xfd5d92a3) sh      s5, -59(s11)
core   0: 3 0x80009e00 (0xfd5d92a3) mem 0x80015496 0x0001
core   0: 0x80009e04 (0xed7b5403) lhu     s0, -297(s6)
core   0: 3 0x80009e04 (0xed7b5403) x 8 0x00000000 mem 0x80015732
core   0: 0x80009e08 (0xc33b0303) lb      t1, -973(s6)
core   0: 3 0x80009e08 (0xc33b0303) x 6 0x00000000 mem 0x8001548e
core   0: 0x80009e0c (0xfd5dd183) lhu     gp, -43(s11)
core   0: 3 0x80009e0c (0xfd5dd183) x 3 0x00000000 mem 0x800154a6
core   0: 0x80009e10 (0xa6db4983) lbu     s3, -1427(s6)
core   0: 3 0x80009e10 (0xa6db4983) x19 0x00000000 mem 0x800152c8
core   0: 0x80009e14 (0x499b2aa3) sw      s9, 1173(s6)
core   0: 3 0x80009e14 (0x499b2aa3) mem 0x80015cf0 0x800158fa
core   0: 0x80009e18 (0xfe6d8aa3) sb      t1, -11(s11)
core   0: 3 0x80009e18 (0xfe6d8aa3) mem 0x800154c6 0x0
core   0: 0x80009e1c (0x004d8e03) lb      t3, 4(s11)
core   0: 3 0x80009e1c (0x004d8e03) x28 0x00000000 mem 0x800154d5
core   0: 0x80009e20 (0xf68b4203) lbu     tp, -152(s6)
core   0: 3 0x80009e20 (0xf68b4203) x 4 0x00000000 mem 0x800157c3
core   0: 0x80009e24 (0xd28b4e83) lbu     t4, -728(s6)
core   0: 3 0x80009e24 (0xd28b4e83) x29 0x00000000 mem 0x80015583
core   0: 0x80009e28 (0xff5dd183) lhu     gp, -11(s11)
core   0: 3 0x80009e28 (0xff5dd183) x 3 0x00000000 mem 0x800154c6
core   0: 0x80009e2c (0x1c9b09a3) sb      s1, 467(s6)
core   0: 3 0x80009e2c (0x1c9b09a3) mem 0x80015a2e 0x47
core   0: 0x80009e30 (0xe37b5883) lhu     a7, -457(s6)
core   0: 3 0x80009e30 (0xe37b5883) x17 0x00000000 mem 0x80015692
core   0: 0x80009e34 (0x022d8fa3) sb      sp, 63(s11)
core   0: 3 0x80009e34 (0x022d8fa3) mem 0x80015510 0x38
core   0: 0x80009e38 (0x4ffb5e03) lhu     t3, 1279(s6)
core   0: 3 0x80009e38 (0x4ffb5e03) x28 0x00000000 mem 0x80015d5a
core   0: 0x80009e3c (0x018d8223) sb      s8, 4(s11)
core   0: 3 0x80009e3c (0x018d8223) mem 0x800154d5 0x0
core   0: 0x80009e40 (0x171b1003) lh      zero, 369(s6)
core   0: 3 0x80009e40 (0x171b1003) mem 0x800159cc
core   0: 0x80009e44 (0xfcfd8903) lb      s2, -49(s11)
core   0: 3 0x80009e44 (0xfcfd8903) x18 0x00000000 mem 0x800154a0
core   0: 0x80009e48 (0x0000c297) auipc   t0, 0xc
core   0: 3 0x80009e48 (0x0000c297) x 5 0x80015e48
core   0: 0x80009e4c (0x82b28293) addi    t0, t0, -2005
core   0: 3 0x80009e4c (0x82b28293) x 5 0x80015673
core   0: 0x80009e50 (0x40b85d93) srai    s11, a6, 11
core   0: 3 0x80009e50 (0x40b85d93) x27 0x00000000
core   0: 0x80009e54 (0xaa442313) slti    t1, s0, -1372
core   0: 3 0x80009e54 (0xaa442313) x 6 0x00000000
core   0: 0x80009e58 (0x00928023) sb      s1, 0(t0)
core   0: 3 0x80009e58 (0x00928023) mem 0x80015673 0x47
core   0: 0x80009e5c (0x019bd5b3) srl     a1, s7, s9
core   0: 3 0x80009e5c (0x019bd5b3) x11 0x00000034
core   0: 0x80009e60 (0x006c54b3) srl     s1, s8, t1
core   0: 3 0x80009e60 (0x006c54b3) x 9 0x00000000
core   0: 0x80009e64 (0x0302c703) lbu     a4, 48(t0)
core   0: 3 0x80009e64 (0x0302c703) x14 0x00000000 mem 0x800156a3
core   0: 0x80009e68 (0x000349b3) xor     s3, t1, zero
core   0: 3 0x80009e68 (0x000349b3) x19 0x00000000
core   0: 0x80009e6c (0xe63ae793) ori     a5, s5, -413
core   0: 3 0x80009e6c (0xe63ae793) x15 0xfffffe63
core   0: 0x80009e70 (0xfe92c203) lbu     tp, -23(t0)
core   0: 3 0x80009e70 (0xfe92c203) x 4 0x00000000 mem 0x8001565c
core   0: 0x80009e74 (0x00828a23) sb      s0, 20(t0)
core   0: 3 0x80009e74 (0x00828a23) mem 0x80015687 0x0
core   0: 0x80009e78 (0x4101dab3) sra     s5, gp, a6
core   0: 3 0x80009e78 (0x4101dab3) x21 0x00000000
core   0: 0x80009e7c (0x18222693) slti    a3, tp, 386
core   0: 3 0x80009e7c (0x18222693) x13 0x00000001
core   0: 0x80009e80 (0x01b22d93) slti    s11, tp, 27
core   0: 3 0x80009e80 (0x01b22d93) x27 0x00000001
core   0: 0x80009e84 (0x03b2db03) lhu     s6, 59(t0)
core   0: 3 0x80009e84 (0x03b2db03) x22 0x00000000 mem 0x800156ae
core   0: 0x80009e88 (0x015db633) sltu    a2, s11, s5
core   0: 3 0x80009e88 (0x015db633) x12 0x00000000
core   0: 0x80009e8c (0xfd428023) sb      s4, -64(t0)
core   0: 3 0x80009e8c (0xfd428023) mem 0x80015633 0x0
core   0: 0x80009e90 (0xe2cda813) slti    a6, s11, -468
core   0: 3 0x80009e90 (0xe2cda813) x16 0x00000000
core   0: 0x80009e94 (0xfd228183) lb      gp, -46(t0)
core   0: 3 0x80009e94 (0xfd228183) x 3 0x00000000 mem 0x80015645
core   0: 0x80009e98 (0x014983b3) add     t2, s3, s4
core   0: 3 0x80009e98 (0x014983b3) x 7 0x00000000
core   0: 0x80009e9c (0x9aa34e13) xori    t3, t1, -1622
core   0: 3 0x80009e9c (0x9aa34e13) x28 0xfffff9aa
core   0: 0x80009ea0 (0x0322c003) lbu     zero, 50(t0)
core   0: 3 0x80009ea0 (0x0322c003) mem 0x800156a5
core   0: 0x80009ea4 (0x40305b13) srai    s6, zero, 3
core   0: 3 0x80009ea4 (0x40305b13) x22 0x00000000
core   0: 0x80009ea8 (0x411a8a33) sub     s4, s5, a7
core   0: 3 0x80009ea8 (0x411a8a33) x20 0x00000000
core   0: 0x80009eac (0x0112aa83) lw      s5, 17(t0)
core   0: 3 0x80009eac (0x0112aa83) x21 0x00000000 mem 0x80015684
core   0: 0x80009eb0 (0x0132df03) lhu     t5, 19(t0)
core   0: 3 0x80009eb0 (0x0132df03) x30 0x00000000 mem 0x80015686
core   0: 0x80009eb4 (0xf2ad3313) sltiu   t1, s10, -214
core   0: 3 0x80009eb4 (0xf2ad3313) x 6 0x00000001
core   0: 0x80009eb8 (0x02228723) sb      sp, 46(t0)
core   0: 3 0x80009eb8 (0x02228723) mem 0x800156a1 0x38
core   0: 0x80009ebc (0x804ac313) xori    t1, s5, -2044
core   0: 3 0x80009ebc (0x804ac313) x 6 0xfffff804
core   0: 0x80009ec0 (0x02c29ca3) sh      a2, 57(t0)
core   0: 3 0x80009ec0 (0x02c29ca3) mem 0x800156ac 0x0000
core   0: 0x80009ec4 (0xff52af83) lw      t6, -11(t0)
core   0: 3 0x80009ec4 (0xff52af83) x31 0x00000000 mem 0x80015668
core   0: 0x80009ec8 (0xfee2cd03) lbu     s10, -18(t0)
core   0: 3 0x80009ec8 (0xfee2cd03) x26 0x00000000 mem 0x80015661
core   0: 0x80009ecc (0x03e2c003) lbu     zero, 62(t0)
core   0: 3 0x80009ecc (0x03e2c003) mem 0x800156b1
core   0: 0x80009ed0 (0x6f993937) lui     s2, 0x6f993
core   0: 3 0x80009ed0 (0x6f993937) x18 0x6f993000
core   0: 0x80009ed4 (0x03528923) sb      s5, 50(t0)
core   0: 3 0x80009ed4 (0x03528923) mem 0x800156a5 0x0
core   0: 0x80009ed8 (0xfcb28423) sb      a1, -56(t0)
core   0: 3 0x80009ed8 (0xfcb28423) mem 0x8001563b 0x34
core   0: 0x80009edc (0x0092fb33) and     s6, t0, s1
core   0: 3 0x80009edc (0x0092fb33) x22 0x00000000
core   0: 0x80009ee0 (0x01555b33) srl     s6, a0, s5
core   0: 3 0x80009ee0 (0x01555b33) x22 0x8002ece4
core   0: 0x80009ee4 (0x4147dd33) sra     s10, a5, s4
core   0: 3 0x80009ee4 (0x4147dd33) x26 0xfffffe63
core   0: 0x80009ee8 (0x4006d7b3) sra     a5, a3, zero
core   0: 3 0x80009ee8 (0x4006d7b3) x15 0x00000001
core   0: 0x80009eec (0xfe92ab03) lw      s6, -23(t0)
core   0: 3 0x80009eec (0xfe92ab03) x22 0x00000000 mem 0x8001565c
core   0: 0x80009ef0 (0xe41ad997) auipc   s3, 0xe41ad
core   0: 3 0x80009ef0 (0xe41ad997) x19 0x641b6ef0
core   0: 0x80009ef4 (0x00128da3) sb      ra, 27(t0)
core   0: 3 0x80009ef4 (0x00128da3) mem 0x8001568e 0x57
core   0: 0x80009ef8 (0x412386b3) sub     a3, t2, s2
core   0: 3 0x80009ef8 (0x412386b3) x13 0x9066d000
core   0: 0x80009efc (0x02729c83) lh      s9, 39(t0)
core   0: 3 0x80009efc (0x02729c83) x25 0x00000000 mem 0x8001569a
core   0: 0x80009f00 (0x033293a3) sh      s3, 39(t0)
core   0: 3 0x80009f00 (0x033293a3) mem 0x8001569a 0x6ef0
core   0: 0x80009f04 (0x0000b297) auipc   t0, 0xb
core   0: 3 0x80009f04 (0x0000b297) x 5 0x80014f04
core   0: 0x80009f08 (0x3cd28293) addi    t0, t0, 973
core   0: 3 0x80009f08 (0x3cd28293) x 5 0x800152d1
core   0: 0x80009f0c (0x395288a3) sb      s5, 913(t0)
core   0: 3 0x80009f0c (0x395288a3) mem 0x80015662 0x0
core   0: 0x80009f10 (0x015186b3) add     a3, gp, s5
core   0: 3 0x80009f10 (0x015186b3) x13 0x00000000
core   0: 0x80009f14 (0x3912df83) lhu     t6, 913(t0)
core   0: 3 0x80009f14 (0x3912df83) x31 0x00000000 mem 0x80015662
core   0: 0x80009f18 (0x1d62c203) lbu     tp, 470(t0)
core   0: 3 0x80009f18 (0x1d62c203) x 4 0x00000000 mem 0x800154a7
core   0: 0x80009f1c (0x01a17fb3) and     t6, sp, s10
core   0: 3 0x80009f1c (0x01a17fb3) x31 0x8002ae20
core   0: 0x80009f20 (0x1d528b23) sb      s5, 470(t0)
core   0: 3 0x80009f20 (0x1d528b23) mem 0x800154a7 0x0
core   0: 0x80009f24 (0x1d628d03) lb      s10, 470(t0)
core   0: 3 0x80009f24 (0x1d628d03) x26 0x00000000 mem 0x800154a7
core   0: 0x80009f28 (0x010fbab3) sltu    s5, t6, a6
core   0: 3 0x80009f28 (0x010fbab3) x21 0x00000000
core   0: 0x80009f2c (0x2ed28423) sb      a3, 744(t0)
core   0: 3 0x80009f2c (0x2ed28423) mem 0x800155b9 0x0
core   0: 0x80009f30 (0x2e82cf83) lbu     t6, 744(t0)
core   0: 3 0x80009f30 (0x2e82cf83) x31 0x00000000 mem 0x800155b9
core   0: 0x80009f34 (0x30b2df03) lhu     t5, 779(t0)
core   0: 3 0x80009f34 (0x30b2df03) x30 0x00000000 mem 0x800155dc
core   0: 0x80009f38 (0xa97c3613) sltiu   a2, s8, -1385
core   0: 3 0x80009f38 (0xa97c3613) x12 0x00000001
core   0: 0x80009f3c (0x4db29c03) lh      s8, 1243(t0)
core   0: 3 0x80009f3c (0x4db29c03) x24 0x00000000 mem 0x800157ac
core   0: 0x80009f40 (0x22e28123) sb      a4, 546(t0)
core   0: 3 0x80009f40 (0x22e28123) mem 0x800154f3 0x0
core   0: 0x80009f44 (0x02528723) sb      t0, 46(t0)
core   0: 3 0x80009f44 (0x02528723) mem 0x800152ff 0xd1
core   0: 0x80009f48 (0x00019317) auipc   t1, 0x19
core   0: 3 0x80009f48 (0x00019317) x 6 0x80022f48
core   0: 0x80009f4c (0x4ae30313) addi    t1, t1, 1198
core   0: 3 0x80009f4c (0x4ae30313) x 6 0x800233f6
core   0: 0x80009f50 (0x00c30903) lb      s2, 12(t1)
core   0: 3 0x80009f50 (0x00c30903) x18 0x00000000 mem 0x80023402
core   0: 0x80009f54 (0x40e95833) sra     a6, s2, a4
core   0: 3 0x80009f54 (0x40e95833) x16 0x00000000
core   0: 0x80009f58 (0x01bda9b3) slt     s3, s11, s11
core   0: 3 0x80009f58 (0x01bda9b3) x19 0x00000000
core   0: 0x80009f5c (0x41df5913) srai    s2, t5, 29
core   0: 3 0x80009f5c (0x41df5913) x18 0x00000000
core   0: 0x80009f60 (0x40598cb3) sub     s9, s3, t0
core   0: 3 0x80009f60 (0x40598cb3) x25 0x7ffead2f
core   0: 0x80009f64 (0x00c30d03) lb      s10, 12(t1)
core   0: 3 0x80009f64 (0x00c30d03) x26 0x00000000 mem 0x80023402
core   0: 0x80009f68 (0x01781d93) slli    s11, a6, 23
core   0: 3 0x80009f68 (0x01781d93) x27 0x00000000
core   0: 0x80009f6c (0x00931023) sh      s1, 0(t1)
core   0: 3 0x80009f6c (0x00931023) mem 0x800233f6 0x0000
core   0: 0x80009f70 (0x00234c83) lbu     s9, 2(t1)
core   0: 3 0x80009f70 (0x00234c83) x25 0x00000000 mem 0x800233f8
core   0: 0x80009f74 (0x00234683) lbu     a3, 2(t1)
core   0: 3 0x80009f74 (0x00234683) x13 0x00000000 mem 0x800233f8
core   0: 0x80009f78 (0x00232d83) lw      s11, 2(t1)
core   0: 3 0x80009f78 (0x00232d83) x27 0x00000000 mem 0x800233f8
core   0: 0x80009f7c (0x2972c193) xori    gp, t0, 663
core   0: 3 0x80009f7c (0x2972c193) x 3 0x80015046
core   0: 0x80009f80 (0x00d31123) sh      a3, 2(t1)
core   0: 3 0x80009f80 (0x00d31123) mem 0x800233f8 0x0000
core   0: 0x80009f84 (0x00934203) lbu     tp, 9(t1)
core   0: 3 0x80009f84 (0x00934203) x 4 0x00000000 mem 0x800233ff
core   0: 0x80009f88 (0x415b5d33) sra     s10, s6, s5
core   0: 3 0x80009f88 (0x415b5d33) x26 0x00000000
core   0: 0x80009f8c (0x01230023) sb      s2, 0(t1)
core   0: 3 0x80009f8c (0x01230023) mem 0x800233f6 0x0
core   0: 0x80009f90 (0x00831023) sh      s0, 0(t1)
core   0: 3 0x80009f90 (0x00831023) mem 0x800233f6 0x0000
core   0: 0x80009f94 (0xffd34983) lbu     s3, -3(t1)
core   0: 3 0x80009f94 (0xffd34983) x19 0x00000000 mem 0x800233f3
core   0: 0x80009f98 (0x00534703) lbu     a4, 5(t1)
core   0: 3 0x80009f98 (0x00534703) x14 0x00000000 mem 0x800233fb
core   0: 0x80009f9c (0x0000b297) auipc   t0, 0xb
core   0: 3 0x80009f9c (0x0000b297) x 5 0x80014f9c
core   0: 0x80009fa0 (0x27028293) addi    t0, t0, 624
core   0: 3 0x80009fa0 (0x27028293) x 5 0x8001520c
core   0: 0x80009fa4 (0x0000100f) fence.i
core   0: 3 0x80009fa4 (0x0000100f)
core   0: 0x80009fa8 (0x18c22313) slti    t1, tp, 396
core   0: 3 0x80009fa8 (0x18c22313) x 6 0x00000001
core   0: 0x80009fac (0x1e7f2493) slti    s1, t5, 487
core   0: 3 0x80009fac (0x1e7f2493) x 9 0x00000001
core   0: 0x80009fb0 (0x01141193) slli    gp, s0, 17
core   0: 3 0x80009fb0 (0x01141193) x 3 0x00000000
core   0: 0x80009fb4 (0x01e2dc03) lhu     s8, 30(t0)
core   0: 3 0x80009fb4 (0x01e2dc03) x24 0x0000ed00 mem 0x8001522a
core   0: 0x80009fb8 (0xa6f48693) addi    a3, s1, -1425
core   0: 3 0x80009fb8 (0xa6f48693) x13 0xfffffa70
core   0: 0x80009fbc (0x0092ce83) lbu     t4, 9(t0)
core   0: 3 0x80009fbc (0x0092ce83) x29 0x00000000 mem 0x80015215
core   0: 0x80009fc0 (0x01f69213) slli    tp, a3, 31
core   0: 3 0x80009fc0 (0x01f69213) x 4 0x00000000
core   0: 0x80009fc4 (0x01fa4ab3) xor     s5, s4, t6
core   0: 3 0x80009fc4 (0x01fa4ab3) x21 0x00000000
core   0: 0x80009fc8 (0xfd62c683) lbu     a3, -42(t0)
core   0: 3 0x80009fc8 (0xfd62c683) x13 0x00000000 mem 0x800151e2
core   0: 0x80009fcc (0x0050e4b3) or      s1, ra, t0
core   0: 3 0x80009fcc (0x0050e4b3) x 9 0x8001575f
core   0: 0x80009fd0 (0xfdd2c303) lbu     t1, -35(t0)
core   0: 3 0x80009fd0 (0xfdd2c303) x 6 0x00000000 mem 0x800151e9
core   0: 0x80009fd4 (0x41e757b3) sra     a5, a4, t5
core   0: 3 0x80009fd4 (0x41e757b3) x15 0x00000000
core   0: 0x80009fd8 (0xaf4c2413) slti    s0, s8, -1292
core   0: 3 0x80009fd8 (0xaf4c2413) x 8 0x00000000
core   0: 0x80009fdc (0x01a1d0b3) srl     ra, gp, s10
core   0: 3 0x80009fdc (0x01a1d0b3) x 1 0x00000000
core   0: 0x80009fe0 (0x0332c983) lbu     s3, 51(t0)
core   0: 3 0x80009fe0 (0x0332c983) x19 0x00000000 mem 0x8001523f
core   0: 0x80009fe4 (0x00000013) nop
core   0: 3 0x80009fe4 (0x00000013)
core   0: 0x80009fe8 (0xfdc2a203) lw      tp, -36(t0)
core   0: 3 0x80009fe8 (0xfdc2a203) x 4 0x00000000 mem 0x800151e8
core   0: 0x80009fec (0x015c5e33) srl     t3, s8, s5
core   0: 3 0x80009fec (0x015c5e33) x28 0x0000ed00
core   0: 0x80009ff0 (0x00933f33) sltu    t5, t1, s1
core   0: 3 0x80009ff0 (0x00933f33) x30 0x00000001
core   0: 0x80009ff4 (0x774cb017) auipc   zero, 0x774cb
core   0: 3 0x80009ff4 (0x774cb017)
core   0: 0x80009ff8 (0x02628f83) lb      t6, 38(t0)
core   0: 3 0x80009ff8 (0x02628f83) x31 0xfffffffe mem 0x80015232
core   0: 0x80009ffc (0x00ed9d13) slli    s10, s11, 14
core   0: 3 0x80009ffc (0x00ed9d13) x26 0x00000000
core   0: 0x8000a000 (0x0152c383) lbu     t2, 21(t0)
core   0: 3 0x8000a000 (0x0152c383) x 7 0x00000000 mem 0x80015221
core   0: 0x8000a004 (0x82b17917) auipc   s2, 0x82b17
core   0: 3 0x8000a004 (0x82b17917) x18 0x02b21004
core   0: 0x8000a008 (0x01029083) lh      ra, 16(t0)
core   0: 3 0x8000a008 (0x01029083) x 1 0x00000000 mem 0x8001521c
core   0: 0x8000a00c (0x616d2013) slti    zero, s10, 1558
core   0: 3 0x8000a00c (0x616d2013)
core   0: 0x8000a010 (0xceab0313) addi    t1, s6, -790
core   0: 3 0x8000a010 (0xceab0313) x 6 0xfffffcea
core   0: 0x8000a014 (0x2b548993) addi    s3, s1, 693
core   0: 3 0x8000a014 (0x2b548993) x19 0x80015a14
core   0: 0x8000a018 (0x00c2d383) lhu     t2, 12(t0)
core   0: 3 0x8000a018 (0x00c2d383) x 7 0x00000000 mem 0x80015218
core   0: 0x8000a01c (0x021288a3) sb      ra, 49(t0)
core   0: 3 0x8000a01c (0x021288a3) mem 0x8001523d 0x0
core   0: 0x8000a020 (0x00228f83) lb      t6, 2(t0)
core   0: 3 0x8000a020 (0x00228f83) x31 0x00000000 mem 0x8001520e
core   0: 0x8000a024 (0x0ff0000f) fence   iorw,iorw
core   0: 3 0x8000a024 (0x0ff0000f)
core   0: 0x8000a028 (0xffc2c703) lbu     a4, -4(t0)
core   0: 3 0x8000a028 (0xffc2c703) x14 0x00000064 mem 0x80015208
core   0: 0x8000a02c (0x0075d3b3) srl     t2, a1, t2
core   0: 3 0x8000a02c (0x0075d3b3) x 7 0x00000034
core   0: 0x8000a030 (0xfda2c403) lbu     s0, -38(t0)
core   0: 3 0x8000a030 (0xfda2c403) x 8 0x00000000 mem 0x800151e6
core   0: 0x8000a034 (0x0000cd17) auipc   s10, 0xc
core   0: 3 0x8000a034 (0x0000cd17) x26 0x80016034
core   0: 0x8000a038 (0x974d0d13) addi    s10, s10, -1676
core   0: 3 0x8000a038 (0x974d0d13) x26 0x800159a8
core   0: 0x8000a03c (0x0143f5b3) and     a1, t2, s4
core   0: 3 0x8000a03c (0x0143f5b3) x11 0x00000000
core   0: 0x8000a040 (0x00000013) nop
core   0: 3 0x8000a040 (0x00000013)
core   0: 0x8000a044 (0x01cd5883) lhu     a7, 28(s10)
core   0: 3 0x8000a044 (0x01cd5883) x17 0x00006900 mem 0x800159c4
core   0: 0x8000a048 (0x01cd2e23) sw      t3, 28(s10)
core   0: 3 0x8000a048 (0x01cd2e23) mem 0x800159c4 0x0000ed00
core   0: 0x8000a04c (0x01cd4603) lbu     a2, 28(s10)
core   0: 3 0x8000a04c (0x01cd4603) x12 0x00000000 mem 0x800159c4
core   0: 0x8000a050 (0x01cd4483) lbu     s1, 28(s10)
core   0: 3 0x8000a050 (0x01cd4483) x 9 0x00000000 mem 0x800159c4
core   0: 0x8000a054 (0x642a6a93) ori     s5, s4, 1602
core   0: 3 0x8000a054 (0x642a6a93) x21 0x00000642
core   0: 0x8000a058 (0x012d5333) srl     t1, s10, s2
core   0: 3 0x8000a058 (0x012d5333) x 6 0x0800159a
core   0: 0x8000a05c (0x01cd5303) lhu     t1, 28(s10)
core   0: 3 0x8000a05c (0x01cd5303) x 6 0x0000ed00 mem 0x800159c4
core   0: 0x8000a060 (0x01cd2583) lw      a1, 28(s10)
core   0: 3 0x8000a060 (0x01cd2583) x11 0x0000ed00 mem 0x800159c4
core   0: 0x8000a064 (0x017d0e23) sb      s7, 28(s10)
core   0: 3 0x8000a064 (0x017d0e23) mem 0x800159c4 0xb3
core   0: 0x8000a068 (0x01cd4803) lbu     a6, 28(s10)
core   0: 3 0x8000a068 (0x01cd4803) x16 0x000000b3 mem 0x800159c4
core   0: 0x8000a06c (0xc614ea93) ori     s5, s1, -927
core   0: 3 0x8000a06c (0xc614ea93) x21 0xfffffc61
core   0: 0x8000a070 (0x01cd2703) lw      a4, 28(s10)
core   0: 3 0x8000a070 (0x01cd2703) x14 0x0000edb3 mem 0x800159c4
core   0: 0x8000a074 (0x00883233) sltu    tp, a6, s0
core   0: 3 0x8000a074 (0x00883233) x 4 0x00000000
core   0: 0x8000a078 (0x00ad0e23) sb      a0, 28(s10)
core   0: 3 0x8000a078 (0x00ad0e23) mem 0x800159c4 0xe4
core   0: 0x8000a07c (0x01cd5403) lhu     s0, 28(s10)
core   0: 3 0x8000a07c (0x01cd5403) x 8 0x0000ede4 mem 0x800159c4
core   0: 0x8000a080 (0x019d2e23) sw      s9, 28(s10)
core   0: 3 0x8000a080 (0x019d2e23) mem 0x800159c4 0x00000000
core   0: 0x8000a084 (0x0000b197) auipc   gp, 0xb
core   0: 3 0x8000a084 (0x0000b197) x 3 0x80015084
core   0: 0x8000a088 (0x24c18193) addi    gp, gp, 588
core   0: 3 0x8000a088 (0x24c18193) x 3 0x800152d0
core   0: 0x8000a08c (0x00012917) auipc   s2, 0x12
core   0: 3 0x8000a08c (0x00012917) x18 0x8001c08c
core   0: 0x8000a090 (0xe8690913) addi    s2, s2, -378
core   0: 3 0x8000a090 (0xe8690913) x18 0x8001bf12
core   0: 0x8000a094 (0x00891123) sh      s0, 2(s2)
core   0: 3 0x8000a094 (0x00891123) mem 0x8001bf14 0xede4
core   0: 0x8000a098 (0xfc691c03) lh      s8, -58(s2)
core   0: 3 0x8000a098 (0xfc691c03) x24 0x00000000 mem 0x8001bed8
core   0: 0x8000a09c (0x43d18a83) lb      s5, 1085(gp)
core   0: 3 0x8000a09c (0x43d18a83) x21 0x00000000 mem 0x8001570d
core   0: 0x8000a0a0 (0x02794c83) lbu     s9, 39(s2)
core   0: 3 0x8000a0a0 (0x02794c83) x25 0x00000000 mem 0x8001bf39
core   0: 0x8000a0a4 (0x3001a823) sw      zero, 784(gp)
core   0: 3 0x8000a0a4 (0x3001a823) mem 0x800155e0 0x00000000
core   0: 0x8000a0a8 (0x02790583) lb      a1, 39(s2)
core   0: 3 0x8000a0a8 (0x02790583) x11 0x00000000 mem 0x8001bf39
core   0: 0x8000a0ac (0x38018703) lb      a4, 896(gp)
core   0: 3 0x8000a0ac (0x38018703) x14 0x00000000 mem 0x80015650
core   0: 0x8000a0b0 (0x01d908a3) sb      t4, 17(s2)
core   0: 3 0x8000a0b0 (0x01d908a3) mem 0x8001bf23 0x0
core   0: 0x8000a0b4 (0xed11c683) lbu     a3, -303(gp)
core   0: 3 0x8000a0b4 (0xed11c683) x13 0x00000000 mem 0x800151a1
core   0: 0x8000a0b8 (0x01d90823) sb      t4, 16(s2)
core   0: 3 0x8000a0b8 (0x01d90823) mem 0x8001bf22 0x0
core   0: 0x8000a0bc (0xdf21c603) lbu     a2, -526(gp)
core   0: 3 0x8000a0bc (0xdf21c603) x12 0x00000000 mem 0x800150c2
core   0: 0x8000a0c0 (0xfe690983) lb      s3, -26(s2)
core   0: 3 0x8000a0c0 (0xfe690983) x19 0x00000000 mem 0x8001bef8
core   0: 0x8000a0c4 (0xfcd90b03) lb      s6, -51(s2)
core   0: 3 0x8000a0c4 (0xfcd90b03) x22 0x00000000 mem 0x8001bedf
core   0: 0x8000a0c8 (0x2b418ba3) sb      s4, 695(gp)
core   0: 3 0x8000a0c8 (0x2b418ba3) mem 0x80015587 0x0
core   0: 0x8000a0cc (0x0000e217) auipc   tp, 0xe
core   0: 3 0x8000a0cc (0x0000e217) x 4 0x800180cc
core   0: 0x8000a0d0 (0xbab20213) addi    tp, tp, -1109
core   0: 3 0x8000a0d0 (0xbab20213) x 4 0x80017c77
core   0: 0x8000a0d4 (0x00a20703) lb      a4, 10(tp)
core   0: 3 0x8000a0d4 (0x00a20703) x14 0x00000000 mem 0x80017c81
core   0: 0x8000a0d8 (0x08ac3e97) auipc   t4, 0x8ac3
core   0: 3 0x8000a0d8 (0x08ac3e97) x29 0x88acd0d8
core   0: 0x8000a0dc (0x00220783) lb      a5, 2(tp)
core   0: 3 0x8000a0dc (0x00220783) x15 0x00000000 mem 0x80017c79
core   0: 0x8000a0e0 (0xfeb20a23) sb      a1, -12(tp)
core   0: 3 0x8000a0e0 (0xfeb20a23) mem 0x80017c6b 0x0
core   0: 0x8000a0e4 (0x00e20583) lb      a1, 14(tp)
core   0: 3 0x8000a0e4 (0x00e20583) x11 0x00000000 mem 0x80017c85
core   0: 0x8000a0e8 (0x00b24e03) lbu     t3, 11(tp)
core   0: 3 0x8000a0e8 (0x00b24e03) x28 0x00000000 mem 0x80017c82
core   0: 0x8000a0ec (0x00d21283) lh      t0, 13(tp)
core   0: 3 0x8000a0ec (0x00d21283) x 5 0x00000000 mem 0x80017c84
core   0: 0x8000a0f0 (0x009497b3) sll     a5, s1, s1
core   0: 3 0x8000a0f0 (0x009497b3) x15 0x00000000
core   0: 0x8000a0f4 (0x00122c83) lw      s9, 1(tp)
core   0: 3 0x8000a0f4 (0x00122c83) x25 0x00000000 mem 0x80017c78
core   0: 0x8000a0f8 (0xff120c23) sb      a7, -8(tp)
core   0: 3 0x8000a0f8 (0xff120c23) mem 0x80017c6f 0x0
core   0: 0x8000a0fc (0xfe020e23) sb      zero, -4(tp)
core   0: 3 0x8000a0fc (0xfe020e23) mem 0x80017c73 0x0
core   0: 0x8000a100 (0xfe220ea3) sb      sp, -3(tp)
core   0: 3 0x8000a100 (0xfe220ea3) mem 0x80017c74 0x38
core   0: 0x8000a104 (0x00d21a83) lh      s5, 13(tp)
core   0: 3 0x8000a104 (0x00d21a83) x21 0x00000000 mem 0x80017c84
core   0: 0x8000a108 (0x00024003) lbu     zero, 0(tp)
core   0: 3 0x8000a108 (0x00024003) mem 0x80017c77
core   0: 0x8000a10c (0x01f94b33) xor     s6, s2, t6
core   0: 3 0x8000a10c (0x01f94b33) x22 0x8001bf12
core   0: 0x8000a110 (0x00779e33) sll     t3, a5, t2
core   0: 3 0x8000a110 (0x00779e33) x28 0x00000000
core   0: 0x8000a114 (0x00824a83) lbu     s5, 8(tp)
core   0: 3 0x8000a114 (0x00824a83) x21 0x00000000 mem 0x80017c7f
core   0: 0x8000a118 (0xff525303) lhu     t1, -11(tp)
core   0: 3 0x8000a118 (0xff525303) x 6 0x00000000 mem 0x80017c6c
core   0: 0x8000a11c (0xffc20e03) lb      t3, -4(tp)
core   0: 3 0x8000a11c (0xffc20e03) x28 0x00000000 mem 0x80017c73
core   0: 0x8000a120 (0x00e829b3) slt     s3, a6, a4
core   0: 3 0x8000a120 (0x00e829b3) x19 0x00000000
core   0: 0x8000a124 (0x004c6a33) or      s4, s8, tp
core   0: 3 0x8000a124 (0x004c6a33) x20 0x80017c77
core   0: 0x8000a128 (0x418cdd13) srai    s10, s9, 24
core   0: 3 0x8000a128 (0x418cdd13) x26 0x00000000
core   0: 0x8000a12c (0x40925d33) sra     s10, tp, s1
core   0: 3 0x8000a12c (0x40925d33) x26 0x80017c77
core   0: 0x8000a130 (0x00624983) lbu     s3, 6(tp)
core   0: 3 0x8000a130 (0x00624983) x19 0x00000000 mem 0x80017c7d
core   0: 0x8000a134 (0x7babfa13) andi    s4, s7, 1978
core   0: 3 0x8000a134 (0x7babfa13) x20 0x000002b2
core   0: 0x8000a138 (0xff521c03) lh      s8, -11(tp)
core   0: 3 0x8000a138 (0xff521c03) x24 0x00000000 mem 0x80017c6c
core   0: 0x8000a13c (0x00920983) lb      s3, 9(tp)
core   0: 3 0x8000a13c (0x00920983) x19 0x00000000 mem 0x80017c80
core   0: 0x8000a140 (0xff020983) lb      s3, -16(tp)
core   0: 3 0x8000a140 (0xff020983) x19 0x00000000 mem 0x80017c67
core   0: 0x8000a144 (0x00524c83) lbu     s9, 5(tp)
core   0: 3 0x8000a144 (0x00524c83) x25 0x00000000 mem 0x80017c7c
core   0: 0x8000a148 (0xb03df293) andi    t0, s11, -1277
core   0: 3 0x8000a148 (0xb03df293) x 5 0x00000000
core   0: 0x8000a14c (0x003201a3) sb      gp, 3(tp)
core   0: 3 0x8000a14c (0x003201a3) mem 0x80017c7a 0xd0
core   0: 0x8000a150 (0xffb24783) lbu     a5, -5(tp)
core   0: 3 0x8000a150 (0xffb24783) x15 0x00000000 mem 0x80017c72
core   0: 0x8000a154 (0xffe20a83) lb      s5, -2(tp)
core   0: 3 0x8000a154 (0xffe20a83) x21 0x00000000 mem 0x80017c75
core   0: 0x8000a158 (0x00724803) lbu     a6, 7(tp)
core   0: 3 0x8000a158 (0x00724803) x16 0x00000000 mem 0x80017c7e
core   0: 0x8000a15c (0xff925883) lhu     a7, -7(tp)
core   0: 3 0x8000a15c (0xff925883) x17 0x00000000 mem 0x80017c70
core   0: 0x8000a160 (0x0000100f) fence.i
core   0: 3 0x8000a160 (0x0000100f)
core   0: 0x8000a164 (0x016202a3) sb      s6, 5(tp)
core   0: 3 0x8000a164 (0x016202a3) mem 0x80017c7c 0x12
core   0: 0x8000a168 (0x0000f917) auipc   s2, 0xf
core   0: 3 0x8000a168 (0x0000f917) x18 0x80019168
core   0: 0x8000a16c (0xaa990913) addi    s2, s2, -1367
core   0: 3 0x8000a16c (0xaa990913) x18 0x80018c11
core   0: 0x8000a170 (0x00014b17) auipc   s6, 0x14
core   0: 3 0x8000a170 (0x00014b17) x22 0x8001e170
core   0: 0x8000a174 (0xb1cb0b13) addi    s6, s6, -1252
core   0: 3 0x8000a174 (0xb1cb0b13) x22 0x8001dc8c
core   0: 0x8000a178 (0xfafb0ca3) sb      a5, -71(s6)
core   0: 3 0x8000a178 (0xfafb0ca3) mem 0x8001dc45 0x0
core   0: 0x8000a17c (0x058b4183) lbu     gp, 88(s6)
core   0: 3 0x8000a17c (0x058b4183) x 3 0x00000000 mem 0x8001dce4
core   0: 0x8000a180 (0x35890e83) lb      t4, 856(s2)
core   0: 3 0x8000a180 (0x35890e83) x29 0x00000000 mem 0x80018f69
core   0: 0x8000a184 (0x0001a217) auipc   tp, 0x1a
core   0: 3 0x8000a184 (0x0001a217) x 4 0x80024184
core   0: 0x8000a188 (0x43820213) addi    tp, tp, 1080
core   0: 3 0x8000a188 (0x43820213) x 4 0x800245bc
core   0: 0x8000a18c (0x53290e23) sb      s2, 1340(s2)
core   0: 3 0x8000a18c (0x53290e23) mem 0x8001914d 0x11
core   0: 0x8000a190 (0xd8d20383) lb      t2, -627(tp)
core   0: 3 0x8000a190 (0xd8d20383) x 7 0x00000000 mem 0x80024349
core   0: 0x8000a194 (0x90724583) lbu     a1, -1785(tp)
core   0: 3 0x8000a194 (0x90724583) x11 0x00000000 mem 0x80023ec3
core   0: 0x8000a198 (0x05894683) lbu     a3, 88(s2)
core   0: 3 0x8000a198 (0x05894683) x13 0x00000000 mem 0x80018c69
core   0: 0x8000a19c (0x4e894803) lbu     a6, 1256(s2)
core   0: 3 0x8000a19c (0x4e894803) x16 0x00000000 mem 0x800190f9
core   0: 0x8000a1a0 (0x41521d23) sh      s5, 1050(tp)
core   0: 3 0x8000a1a0 (0x41521d23) mem 0x800249d6 0x0000
core   0: 0x8000a1a4 (0x069b0403) lb      s0, 105(s6)
core   0: 3 0x8000a1a4 (0x069b0403) x 8 0x00000000 mem 0x8001dcf5
core   0: 0x8000a1a8 (0x20f92783) lw      a5, 527(s2)
core   0: 3 0x8000a1a8 (0x20f92783) x15 0x00000000 mem 0x80018e20
core   0: 0x8000a1ac (0x76c22983) lw      s3, 1900(tp)
core   0: 3 0x8000a1ac (0x76c22983) x19 0x00000000 mem 0x80024d28
core   0: 0x8000a1b0 (0xf1bb0523) sb      s11, -246(s6)
core   0: 3 0x8000a1b0 (0xf1bb0523) mem 0x8001db96 0x0
core   0: 0x8000a1b4 (0xc1490c23) sb      s4, -1000(s2)
core   0: 3 0x8000a1b4 (0xc1490c23) mem 0x80018829 0xb2
core   0: 0x8000a1b8 (0x057b0f83) lb      t6, 87(s6)
core   0: 3 0x8000a1b8 (0x057b0f83) x31 0x00000000 mem 0x8001dce3
core   0: 0x8000a1bc (0x098b4583) lbu     a1, 152(s6)
core   0: 3 0x8000a1bc (0x098b4583) x11 0x00000000 mem 0x8001dd24
core   0: 0x8000a1c0 (0xa9c90623) sb      t3, -1396(s2)
core   0: 3 0x8000a1c0 (0xa9c90623) mem 0x8001869d 0x0
core   0: 0x8000a1c4 (0x16490623) sb      tp, 364(s2)
core   0: 3 0x8000a1c4 (0x16490623) mem 0x80018d7d 0xbc
core   0: 0x8000a1c8 (0xc1e25083) lhu     ra, -994(tp)
core   0: 3 0x8000a1c8 (0xc1e25083) x 1 0x00000000 mem 0x800241da
core   0: 0x8000a1cc (0x81b20023) sb      s11, -2048(tp)
core   0: 3 0x8000a1cc (0x81b20023) mem 0x80023dbc 0x0
core   0: 0x8000a1d0 (0xc0694383) lbu     t2, -1018(s2)
core   0: 3 0x8000a1d0 (0xc0694383) x 7 0x00000000 mem 0x80018817
core   0: 0x8000a1d4 (0xe2720383) lb      t2, -473(tp)
core   0: 3 0x8000a1d4 (0xe2720383) x 7 0x00000000 mem 0x800243e3
core   0: 0x8000a1d8 (0x00012e17) auipc   t3, 0x12
core   0: 3 0x8000a1d8 (0x00012e17) x28 0x8001c1d8
core   0: 0x8000a1dc (0xa58e0e13) addi    t3, t3, -1448
core   0: 3 0x8000a1dc (0xa58e0e13) x28 0x8001bc30
core   0: 0x8000a1e0 (0xfa1e4e83) lbu     t4, -95(t3)
core   0: 3 0x8000a1e0 (0xfa1e4e83) x29 0x00000000 mem 0x8001bbd1
core   0: 0x8000a1e4 (0x0000b597) auipc   a1, 0xb
core   0: 3 0x8000a1e4 (0x0000b597) x11 0x800151e4
core   0: 0x8000a1e8 (0xf0e58593) addi    a1, a1, -242
core   0: 3 0x8000a1e8 (0xf0e58593) x11 0x800150f2
core   0: 0x8000a1ec (0xf31e4083) lbu     ra, -207(t3)
core   0: 3 0x8000a1ec (0xf31e4083) x 1 0x00000000 mem 0x8001bb61
core   0: 0x8000a1f0 (0x044e0e23) sb      tp, 92(t3)
core   0: 3 0x8000a1f0 (0x044e0e23) mem 0x8001bc8c 0xbc
core   0: 0x8000a1f4 (0xfe8e1603) lh      a2, -24(t3)
core   0: 3 0x8000a1f4 (0xfe8e1603) x12 0x00000000 mem 0x8001bc18
core   0: 0x8000a1f8 (0xfdd58a83) lb      s5, -35(a1)
core   0: 3 0x8000a1f8 (0xfdd58a83) x21 0x00000000 mem 0x800150cf
core   0: 0x8000a1fc (0x087e4703) lbu     a4, 135(t3)
core   0: 3 0x8000a1fc (0x087e4703) x14 0x00000000 mem 0x8001bcb7
core   0: 0x8000a200 (0x0cbe08a3) sb      a1, 209(t3)
core   0: 3 0x8000a200 (0x0cbe08a3) mem 0x8001bd01 0xf2
core   0: 0x8000a204 (0xf74e00a3) sb      s4, -159(t3)
core   0: 3 0x8000a204 (0xf74e00a3) mem 0x8001bb91 0xb2
core   0: 0x8000a208 (0x0de5cd83) lbu     s11, 222(a1)
core   0: 3 0x8000a208 (0x0de5cd83) x27 0x00000000 mem 0x800151d0
core   0: 0x8000a20c (0x01f58a23) sb      t6, 20(a1)
core   0: 3 0x8000a20c (0x01f58a23) mem 0x80015106 0x0
core   0: 0x8000a210 (0xfbf5ca03) lbu     s4, -65(a1)
core   0: 3 0x8000a210 (0xfbf5ca03) x20 0x00000000 mem 0x800150b1
core   0: 0x8000a214 (0xfc05dd83) lhu     s11, -64(a1)
core   0: 3 0x8000a214 (0xfc05dd83) x27 0x00000000 mem 0x800150b2
core   0: 0x8000a218 (0xf9c5df03) lhu     t5, -100(a1)
core   0: 3 0x8000a218 (0xf9c5df03) x30 0x0000e239 mem 0x8001508e
core   0: 0x8000a21c (0xfd3581a3) sb      s3, -61(a1)
core   0: 3 0x8000a21c (0xfd3581a3) mem 0x800150b5 0x0
core   0: 0x8000a220 (0x0bc58183) lb      gp, 188(a1)
core   0: 3 0x8000a220 (0x0bc58183) x 3 0x00000000 mem 0x800151ae
core   0: 0x8000a224 (0xfdae4c83) lbu     s9, -38(t3)
core   0: 3 0x8000a224 (0xfdae4c83) x25 0x00000000 mem 0x8001bc0a
core   0: 0x8000a228 (0x0a75c183) lbu     gp, 167(a1)
core   0: 3 0x8000a228 (0x0a75c183) x 3 0x00000000 mem 0x80015199
core   0: 0x8000a22c (0x00016c97) auipc   s9, 0x16
core   0: 3 0x8000a22c (0x00016c97) x25 0x8002022c
core   0: 0x8000a230 (0xc29c8c93) addi    s9, s9, -983
core   0: 3 0x8000a230 (0xc29c8c93) x25 0x8001fe55
core   0: 0x8000a234 (0xe84c8a23) sb      tp, -364(s9)
core   0: 3 0x8000a234 (0xe84c8a23) mem 0x8001fce9 0xbc
core   0: 0x8000a238 (0x328cce83) lbu     t4, 808(s9)
core   0: 3 0x8000a238 (0x328cce83) x29 0x00000000 mem 0x8002017d
core   0: 0x8000a23c (0x328c8683) lb      a3, 808(s9)
core   0: 3 0x8000a23c (0x328c8683) x13 0x00000000 mem 0x8002017d
core   0: 0x8000a240 (0x331c8423) sb      a7, 808(s9)
core   0: 3 0x8000a240 (0x331c8423) mem 0x8002017d 0x0
core   0: 0x8000a244 (0x328c8f03) lb      t5, 808(s9)
core   0: 3 0x8000a244 (0x328c8f03) x30 0x00000000 mem 0x8002017d
core   0: 0x8000a248 (0x328c8683) lb      a3, 808(s9)
core   0: 3 0x8000a248 (0x328c8683) x13 0x00000000 mem 0x8002017d
core   0: 0x8000a24c (0x015382b3) add     t0, t2, s5
core   0: 3 0x8000a24c (0x015382b3) x 5 0x00000000
core   0: 0x8000a250 (0x0161dd33) srl     s10, gp, s6
core   0: 3 0x8000a250 (0x0161dd33) x26 0x00000000
core   0: 0x8000a254 (0xc2d38693) addi    a3, t2, -979
core   0: 3 0x8000a254 (0xc2d38693) x13 0xfffffc2d
core   0: 0x8000a258 (0x0000100f) fence.i
core   0: 3 0x8000a258 (0x0000100f)
core   0: 0x8000a25c (0x328c8903) lb      s2, 808(s9)
core   0: 3 0x8000a25c (0x328c8903) x18 0x00000000 mem 0x8002017d
core   0: 0x8000a260 (0xb34cc383) lbu     t2, -1228(s9)
core   0: 3 0x8000a260 (0xb34cc383) x 7 0x00000000 mem 0x8001f989
core   0: 0x8000a264 (0xb39c8a23) sb      s9, -1228(s9)
core   0: 3 0x8000a264 (0xb39c8a23) mem 0x8001f989 0x55
core   0: 0x8000a268 (0xf0cc8b23) sb      a2, -234(s9)
core   0: 3 0x8000a268 (0xf0cc8b23) mem 0x8001fd6b 0x0
core   0: 0x8000a26c (0xca4cafa3) sw      tp, -833(s9)
core   0: 3 0x8000a26c (0xca4cafa3) mem 0x8001fb14 0x800245bc
core   0: 0x8000a270 (0x31ec94a3) sh      t5, 777(s9)
core   0: 3 0x8000a270 (0x31ec94a3) mem 0x8002015e 0x0000
core   0: 0x8000a274 (0x00000013) nop
core   0: 3 0x8000a274 (0x00000013)
core   0: 0x8000a278 (0x17072013) slti    zero, a4, 368
core   0: 3 0x8000a278 (0x17072013)
core   0: 0x8000a27c (0xa36c94a3) sh      s6, -1495(s9)
core   0: 3 0x8000a27c (0xa36c94a3) mem 0x8001f87e 0xdc8c
core   0: 0x8000a280 (0xa24c94a3) sh      tp, -1495(s9)
core   0: 3 0x8000a280 (0xa24c94a3) mem 0x8001f87e 0x45bc
core   0: 0x8000a284 (0xac0c8f83) lb      t6, -1344(s9)
core   0: 3 0x8000a284 (0xac0c8f83) x31 0x00000000 mem 0x8001f915
core   0: 0x8000a288 (0x0000c817) auipc   a6, 0xc
core   0: 3 0x8000a288 (0x0000c817) x16 0x80016288
core   0: 0x8000a28c (0x96d80813) addi    a6, a6, -1683
core   0: 3 0x8000a28c (0x96d80813) x16 0x80015bf5
core   0: 0x8000a290 (0xfdb80723) sb      s11, -50(a6)
core   0: 3 0x8000a290 (0xfdb80723) mem 0x80015bc3 0x0
core   0: 0x8000a294 (0x00f81d03) lh      s10, 15(a6)
core   0: 3 0x8000a294 (0x00f81d03) x26 0x00000000 mem 0x80015c04
core   0: 0x8000a298 (0xfe880603) lb      a2, -24(a6)
core   0: 3 0x8000a298 (0xfe880603) x12 0x00000000 mem 0x80015bdd
core   0: 0x8000a29c (0x4122d033) sra     zero, t0, s2
core   0: 3 0x8000a29c (0x4122d033)
core   0: 0x8000a2a0 (0x00bc3a33) sltu    s4, s8, a1
core   0: 3 0x8000a2a0 (0x00bc3a33) x20 0x00000001
core   0: 0x8000a2a4 (0xfe884683) lbu     a3, -24(a6)
core   0: 3 0x8000a2a4 (0xfe884683) x13 0x00000000 mem 0x80015bdd
core   0: 0x8000a2a8 (0x03180003) lb      zero, 49(a6)
core   0: 3 0x8000a2a8 (0x03180003) mem 0x80015c26
core   0: 0x8000a2ac (0x01e55733) srl     a4, a0, t5
core   0: 3 0x8000a2ac (0x01e55733) x14 0x8002ece4
core   0: 0x8000a2b0 (0x03180a83) lb      s5, 49(a6)
core   0: 3 0x8000a2b0 (0x03180a83) x21 0x00000000 mem 0x80015c26
core   0: 0x8000a2b4 (0x564ebb13) sltiu   s6, t4, 1380
core   0: 3 0x8000a2b4 (0x564ebb13) x22 0x00000001
core   0: 0x8000a2b8 (0xfeb818a3) sh      a1, -15(a6)
core   0: 3 0x8000a2b8 (0xfeb818a3) mem 0x80015be6 0x50f2
core   0: 0x8000a2bc (0xfe080523) sb      zero, -22(a6)
core   0: 3 0x8000a2bc (0xfe080523) mem 0x80015bdf 0x0
core   0: 0x8000a2c0 (0x01e80323) sb      t5, 6(a6)
core   0: 3 0x8000a2c0 (0x01e80323) mem 0x80015bfb 0x0
core   0: 0x8000a2c4 (0x02081ca3) sh      zero, 57(a6)
core   0: 3 0x8000a2c4 (0x02081ca3) mem 0x80015c2e 0x0000
core   0: 0x8000a2c8 (0x01480fa3) sb      s4, 31(a6)
core   0: 3 0x8000a2c8 (0x01480fa3) mem 0x80015c14 0x1
core   0: 0x8000a2cc (0x01c84183) lbu     gp, 28(a6)
core   0: 3 0x8000a2cc (0x01c84183) x 3 0x00000000 mem 0x80015c11
core   0: 0x8000a2d0 (0x02481aa3) sh      tp, 53(a6)
core   0: 3 0x8000a2d0 (0x02481aa3) mem 0x80015c2a 0x45bc
core   0: 0x8000a2d4 (0x03581783) lh      a5, 53(a6)
core   0: 3 0x8000a2d4 (0x03581783) x15 0x000045bc mem 0x80015c2a
core   0: 0x8000a2d8 (0xfe180923) sb      ra, -14(a6)
core   0: 3 0x8000a2d8 (0xfe180923) mem 0x80015be7 0x0
core   0: 0x8000a2dc (0xff280403) lb      s0, -14(a6)
core   0: 3 0x8000a2dc (0xff280403) x 8 0x00000000 mem 0x80015be7
core   0: 0x8000a2e0 (0x00019e97) auipc   t4, 0x19
core   0: 3 0x8000a2e0 (0x00019e97) x29 0x800232e0
core   0: 0x8000a2e4 (0xa33e8e93) addi    t4, t4, -1485
core   0: 3 0x8000a2e4 (0xa33e8e93) x29 0x80022d13
core   0: 0x8000a2e8 (0x00000013) nop
core   0: 3 0x8000a2e8 (0x00000013)
core   0: 0x8000a2ec (0x0d4e8d83) lb      s11, 212(t4)
core   0: 3 0x8000a2ec (0x0d4e8d83) x27 0x00000000 mem 0x80022de7
core   0: 0x8000a2f0 (0x05bec903) lbu     s2, 91(t4)
core   0: 3 0x8000a2f0 (0x05bec903) x18 0x00000000 mem 0x80022d6e
core   0: 0x8000a2f4 (0xfade91a3) sh      a3, -93(t4)
core   0: 3 0x8000a2f4 (0xfade91a3) mem 0x80022cb6 0x0000
core   0: 0x8000a2f8 (0x009ed183) lhu     gp, 9(t4)
core   0: 3 0x8000a2f8 (0x009ed183) x 3 0x00000000 mem 0x80022d1c
core   0: 0x8000a2fc (0x0d6ecc03) lbu     s8, 214(t4)
core   0: 3 0x8000a2fc (0x0d6ecc03) x24 0x00000000 mem 0x80022de9
core   0: 0x8000a300 (0x01918233) add     tp, gp, s9
core   0: 3 0x8000a300 (0x01918233) x 4 0x8001fe55
core   0: 0x8000a304 (0x01825e13) srli    t3, tp, 24
core   0: 3 0x8000a304 (0x01825e13) x28 0x00000080
core   0: 0x8000a308 (0x008ecb03) lbu     s6, 8(t4)
core   0: 3 0x8000a308 (0x008ecb03) x22 0x00000000 mem 0x80022d1b
core   0: 0x8000a30c (0xf1ee91a3) sh      t5, -253(t4)
core   0: 3 0x8000a30c (0xf1ee91a3) mem 0x80022c16 0x0000
core   0: 0x8000a310 (0x01e94ab3) xor     s5, s2, t5
core   0: 3 0x8000a310 (0x01e94ab3) x21 0x00000000
core   0: 0x8000a314 (0x75ed8993) addi    s3, s11, 1886
core   0: 3 0x8000a314 (0x75ed8993) x19 0x0000075e
core   0: 0x8000a318 (0x00403933) snez    s2, tp
core   0: 3 0x8000a318 (0x00403933) x18 0x00000001
core   0: 0x8000a31c (0x0142a733) slt     a4, t0, s4
core   0: 3 0x8000a31c (0x0142a733) x14 0x00000001
core   0: 0x8000a320 (0x41cd5813) srai    a6, s10, 28
core   0: 3 0x8000a320 (0x41cd5813) x16 0x00000000
core   0: 0x8000a324 (0x000b30b3) sltu    ra, s6, zero
core   0: 3 0x8000a324 (0x000b30b3) x 1 0x00000000
core   0: 0x8000a328 (0x32326013) ori     zero, tp, 803
core   0: 3 0x8000a328 (0x32326013)
core   0: 0x8000a32c (0x0d4ec003) lbu     zero, 212(t4)
core   0: 3 0x8000a32c (0x0d4ec003) mem 0x80022de7
core   0: 0x8000a330 (0x0f1edb03) lhu     s6, 241(t4)
core   0: 3 0x8000a330 (0x0f1edb03) x22 0x00000000 mem 0x80022e04
core   0: 0x8000a334 (0xa6f56893) ori     a7, a0, -1425
core   0: 3 0x8000a334 (0xa6f56893) x17 0xfffffeef
core   0: 0x8000a338 (0x82046093) ori     ra, s0, -2016
core   0: 3 0x8000a338 (0x82046093) x 1 0xfffff820
core   0: 0x8000a33c (0x016ed333) srl     t1, t4, s6
core   0: 3 0x8000a33c (0x016ed333) x 6 0x80022d13
core   0: 0x8000a340 (0xed350d93) addi    s11, a0, -301
core   0: 3 0x8000a340 (0xed350d93) x27 0x8002ebb7
core   0: 0x8000a344 (0x53e4bd93) sltiu   s11, s1, 1342
core   0: 3 0x8000a344 (0x53e4bd93) x27 0x00000001
core   0: 0x8000a348 (0xf56e92a3) sh      s6, -187(t4)
core   0: 3 0x8000a348 (0xf56e92a3) mem 0x80022c58 0x0000
core   0: 0x8000a34c (0xf5eec183) lbu     gp, -162(t4)
core   0: 3 0x8000a34c (0xf5eec183) x 3 0x00000000 mem 0x80022c71
core   0: 0x8000a350 (0x0d4ec383) lbu     t2, 212(t4)
core   0: 3 0x8000a350 (0x0d4ec383) x 7 0x00000000 mem 0x80022de7
core   0: 0x8000a354 (0xf55e98a3) sh      s5, -175(t4)
core   0: 3 0x8000a354 (0xf55e98a3) mem 0x80022c64 0x0000
core   0: 0x8000a358 (0x01fe8d83) lb      s11, 31(t4)
core   0: 3 0x8000a358 (0x01fe8d83) x27 0x00000000 mem 0x80022d32
core   0: 0x8000a35c (0x0abec403) lbu     s0, 171(t4)
core   0: 3 0x8000a35c (0x0abec403) x 8 0x00000000 mem 0x80022dbe
core   0: 0x8000a360 (0x40ceda93) srai    s5, t4, 12
core   0: 3 0x8000a360 (0x40ceda93) x21 0xfff80022
core   0: 0x8000a364 (0x09fe8d23) sb      t6, 154(t4)
core   0: 3 0x8000a364 (0x09fe8d23) mem 0x80022dad 0x0
core   0: 0x8000a368 (0xf88ec883) lbu     a7, -120(t4)
core   0: 3 0x8000a368 (0xf88ec883) x17 0x00000000 mem 0x80022c9b
core   0: 0x8000a36c (0x0037e833) or      a6, a5, gp
core   0: 3 0x8000a36c (0x0037e833) x16 0x000045bc
core   0: 0x8000a370 (0x00739f13) slli    t5, t2, 7
core   0: 3 0x8000a370 (0x00739f13) x30 0x00000000
core   0: 0x8000a374 (0x0000100f) fence.i
core   0: 3 0x8000a374 (0x0000100f)
core   0: 0x8000a378 (0x008054b3) srl     s1, zero, s0
core   0: 3 0x8000a378 (0x008054b3) x 9 0x00000000
core   0: 0x8000a37c (0xc1958413) addi    s0, a1, -999
core   0: 3 0x8000a37c (0xc1958413) x 8 0x80014d0b
core   0: 0x8000a380 (0xf2cec803) lbu     a6, -212(t4)
core   0: 3 0x8000a380 (0xf2cec803) x16 0x00000000 mem 0x80022c3f
core   0: 0x8000a384 (0x00902db3) slt     s11, zero, s1
core   0: 3 0x8000a384 (0x00902db3) x27 0x00000000
core   0: 0x8000a388 (0xf66e8c83) lb      s9, -154(t4)
core   0: 3 0x8000a388 (0xf66e8c83) x25 0x00000000 mem 0x80022c79
core   0: 0x8000a38c (0x0a1ed903) lhu     s2, 161(t4)
core   0: 3 0x8000a38c (0x0a1ed903) x18 0x00000000 mem 0x80022db4
core   0: 0x8000a390 (0x5b050337) lui     t1, 0x5b050
core   0: 3 0x8000a390 (0x5b050337) x 6 0x5b050000
core   0: 0x8000a394 (0x099e8f23) sb      s9, 158(t4)
core   0: 3 0x8000a394 (0x099e8f23) mem 0x80022db1 0x0
core   0: 0x8000a398 (0x01e32333) slt     t1, t1, t5
core   0: 3 0x8000a398 (0x01e32333) x 6 0x00000000
core   0: 0x8000a39c (0x019e9003) lh      zero, 25(t4)
core   0: 3 0x8000a39c (0x019e9003) mem 0x80022d2c
core   0: 0x8000a3a0 (0x017d1db3) sll     s11, s10, s7
core   0: 3 0x8000a3a0 (0x017d1db3) x27 0x00000000
core   0: 0x8000a3a4 (0x010a9e13) slli    t3, s5, 16
core   0: 3 0x8000a3a4 (0x010a9e13) x28 0x00220000
core   0: 0x8000a3a8 (0x040ec983) lbu     s3, 64(t4)
core   0: 3 0x8000a3a8 (0x040ec983) x19 0x00000000 mem 0x80022d53
core   0: 0x8000a3ac (0x01fd1c93) slli    s9, s10, 31
core   0: 3 0x8000a3ac (0x01fd1c93) x25 0x00000000
core   0: 0x8000a3b0 (0xf62ec903) lbu     s2, -158(t4)
core   0: 3 0x8000a3b0 (0xf62ec903) x18 0x00000000 mem 0x80022c75
core   0: 0x8000a3b4 (0xfe4ec803) lbu     a6, -28(t4)
core   0: 3 0x8000a3b4 (0xfe4ec803) x16 0x00000000 mem 0x80022cf7
core   0: 0x8000a3b8 (0x0000100f) fence.i
core   0: 3 0x8000a3b8 (0x0000100f)
core   0: 0x8000a3bc (0xf62ec703) lbu     a4, -158(t4)
core   0: 3 0x8000a3bc (0xf62ec703) x14 0x00000000 mem 0x80022c75
core   0: 0x8000a3c0 (0x0e2e8723) sb      sp, 238(t4)
core   0: 3 0x8000a3c0 (0x0e2e8723) mem 0x80022e01 0x38
core   0: 0x8000a3c4 (0x0000b697) auipc   a3, 0xb
core   0: 3 0x8000a3c4 (0x0000b697) x13 0x800153c4
core   0: 0x8000a3c8 (0x4a068693) addi    a3, a3, 1184
core   0: 3 0x8000a3c8 (0x4a068693) x13 0x80015864
core   0: 0x8000a3cc (0x011b0833) add     a6, s6, a7
core   0: 3 0x8000a3cc (0x011b0833) x16 0x00000000
core   0: 0x8000a3d0 (0x8b156d93) ori     s11, a0, -1871
core   0: 3 0x8000a3d0 (0x8b156d93) x27 0xfffffcf5
core   0: 0x8000a3d4 (0x40e7d433) sra     s0, a5, a4
core   0: 3 0x8000a3d4 (0x40e7d433) x 8 0x000045bc
core   0: 0x8000a3d8 (0xcf810593) addi    a1, sp, -776
core   0: 3 0x8000a3d8 (0xcf810593) x11 0x8002ab30
core   0: 0x8000a3dc (0x419780b3) sub     ra, a5, s9
core   0: 3 0x8000a3dc (0x419780b3) x 1 0x000045bc
core   0: 0x8000a3e0 (0x21568c03) lb      s8, 533(a3)
core   0: 3 0x8000a3e0 (0x21568c03) x24 0x00000000 mem 0x80015a79
core   0: 0x8000a3e4 (0x45c6c403) lbu     s0, 1116(a3)
core   0: 3 0x8000a3e4 (0x45c6c403) x 8 0x00000000 mem 0x80015cc0
core   0: 0x8000a3e8 (0x01f75cb3) srl     s9, a4, t6
core   0: 3 0x8000a3e8 (0x01f75cb3) x25 0x00000000
core   0: 0x8000a3ec (0x01b3aa33) slt     s4, t2, s11
core   0: 3 0x8000a3ec (0x01b3aa33) x20 0x00000000
core   0: 0x8000a3f0 (0x77476093) ori     ra, a4, 1908
core   0: 3 0x8000a3f0 (0x77476093) x 1 0x00000774
core   0: 0x8000a3f4 (0x0c26df83) lhu     t6, 194(a3)
core   0: 3 0x8000a3f4 (0x0c26df83) x31 0x00000000 mem 0x80015926
core   0: 0x8000a3f8 (0x2ef68403) lb      s0, 751(a3)
core   0: 3 0x8000a3f8 (0x2ef68403) x 8 0x00000000 mem 0x80015b53
core   0: 0x8000a3fc (0x0133d1b3) srl     gp, t2, s3
core   0: 3 0x8000a3fc (0x0133d1b3) x 3 0x00000000
core   0: 0x8000a400 (0x1f79c093) xori    ra, s3, 503
core   0: 3 0x8000a400 (0x1f79c093) x 1 0x000001f7
core   0: 0x8000a404 (0x70cb8c13) addi    s8, s7, 1804
core   0: 3 0x8000a404 (0x70cb8c13) x24 0xd1eeb1bf
core   0: 0x8000a408 (0x00b288b3) add     a7, t0, a1
core   0: 3 0x8000a408 (0x00b288b3) x17 0x8002ab30
core   0: 0x8000a40c (0x32a689a3) sb      a0, 819(a3)
core   0: 3 0x8000a40c (0x32a689a3) mem 0x80015b97 0xe4
core   0: 0x8000a410 (0x9cf6c483) lbu     s1, -1585(a3)
core   0: 3 0x8000a410 (0x9cf6c483) x 9 0x000000ff mem 0x80015233
core   0: 0x8000a414 (0x13168b03) lb      s6, 305(a3)
core   0: 3 0x8000a414 (0x13168b03) x22 0xffffffaa mem 0x80015995
core   0: 0x8000a418 (0x0cf68fa3) sb      a5, 223(a3)
core   0: 3 0x8000a418 (0x0cf68fa3) mem 0x80015943 0xbc
core   0: 0x8000a41c (0x01142b33) slt     s6, s0, a7
core   0: 3 0x8000a41c (0x01142b33) x22 0x00000000
core   0: 0x8000a420 (0x1e9680a3) sb      s1, 481(a3)
core   0: 3 0x8000a420 (0x1e9680a3) mem 0x80015a45 0xff
core   0: 0x8000a424 (0x97d6c783) lbu     a5, -1667(a3)
core   0: 3 0x8000a424 (0x97d6c783) x15 0x00000000 mem 0x800151e1
core   0: 0x8000a428 (0x016e95b3) sll     a1, t4, s6
core   0: 3 0x8000a428 (0x016e95b3) x11 0x80022d13
core   0: 0x8000a42c (0x0134ecb3) or      s9, s1, s3
core   0: 3 0x8000a42c (0x0134ecb3) x25 0x000000ff
core   0: 0x8000a430 (0x00000013) nop
core   0: 3 0x8000a430 (0x00000013)
core   0: 0x8000a434 (0x0896c603) lbu     a2, 137(a3)
core   0: 3 0x8000a434 (0x0896c603) x12 0x00000000 mem 0x800158ed
core   0: 0x8000a438 (0x01275a93) srli    s5, a4, 18
core   0: 3 0x8000a438 (0x01275a93) x21 0x00000000
core   0: 0x8000a43c (0x0586da83) lhu     s5, 88(a3)
core   0: 3 0x8000a43c (0x0586da83) x21 0x00000000 mem 0x800158bc
core   0: 0x8000a440 (0xacd68f03) lb      t5, -1331(a3)
core   0: 3 0x8000a440 (0xacd68f03) x30 0x00000000 mem 0x80015331
core   0: 0x8000a444 (0x408fdd93) srai    s11, t6, 8
core   0: 3 0x8000a444 (0x408fdd93) x27 0x00000000
core   0: 0x8000a448 (0x0ff0000f) fence   iorw,iorw
core   0: 3 0x8000a448 (0x0ff0000f)
core   0: 0x8000a44c (0x6de6ce83) lbu     t4, 1758(a3)
core   0: 3 0x8000a44c (0x6de6ce83) x29 0x00000001 mem 0x80015f42
core   0: 0x8000a450 (0x009881b3) add     gp, a7, s1
core   0: 3 0x8000a450 (0x009881b3) x 3 0x8002ac2f
core   0: 0x8000a454 (0x0346d083) lhu     ra, 52(a3)
core   0: 3 0x8000a454 (0x0346d083) x 1 0x00000000 mem 0x80015898
core   0: 0x8000a458 (0x4c96c403) lbu     s0, 1225(a3)
core   0: 3 0x8000a458 (0x4c96c403) x 8 0x00000000 mem 0x80015d2d
core   0: 0x8000a45c (0x5c26d783) lhu     a5, 1474(a3)
core   0: 3 0x8000a45c (0x5c26d783) x15 0x00000000 mem 0x80015e26
core   0: 0x8000a460 (0xb82fff93) andi    t6, t6, -1150
core   0: 3 0x8000a460 (0xb82fff93) x31 0x00000000
core   0: 0x8000a464 (0x29468423) sb      s4, 648(a3)
core   0: 3 0x8000a464 (0x29468423) mem 0x80015aec 0x0
core   0: 0x8000a468 (0x71d68183) lb      gp, 1821(a3)
core   0: 3 0x8000a468 (0x71d68183) x 3 0x00000000 mem 0x80015f81
core   0: 0x8000a46c (0x0000bc97) auipc   s9, 0xb
core   0: 3 0x8000a46c (0x0000bc97) x25 0x8001546c
core   0: 0x8000a470 (0x25bc8c93) addi    s9, s9, 603
core   0: 3 0x8000a470 (0x25bc8c93) x25 0x800156c7
core   0: 0x8000a474 (0x098ccd03) lbu     s10, 152(s9)
core   0: 3 0x8000a474 (0x098ccd03) x26 0x00000000 mem 0x8001575f
core   0: 0x8000a478 (0x006c8303) lb      t1, 6(s9)
core   0: 3 0x8000a478 (0x006c8303) x 6 0x00000000 mem 0x800156cd
core   0: 0x8000a47c (0x01fc8323) sb      t6, 6(s9)
core   0: 3 0x8000a47c (0x01fc8323) mem 0x800156cd 0x0
core   0: 0x8000a480 (0x011916b3) sll     a3, s2, a7
core   0: 3 0x8000a480 (0x011916b3) x13 0x00000000
core   0: 0x8000a484 (0xf89c80a3) sb      s1, -127(s9)
core   0: 3 0x8000a484 (0xf89c80a3) mem 0x80015648 0xff
core   0: 0x8000a488 (0x072cc203) lbu     tp, 114(s9)
core   0: 3 0x8000a488 (0x072cc203) x 4 0x00000000 mem 0x80015739
core   0: 0x8000a48c (0x06ec8923) sb      a4, 114(s9)
core   0: 3 0x8000a48c (0x06ec8923) mem 0x80015739 0x0
core   0: 0x8000a490 (0x059c85a3) sb      s9, 75(s9)
core   0: 3 0x8000a490 (0x059c85a3) mem 0x80015712 0xc7
core   0: 0x8000a494 (0x04bccf03) lbu     t5, 75(s9)
core   0: 3 0x8000a494 (0x04bccf03) x30 0x000000c7 mem 0x80015712
core   0: 0x8000a498 (0x04bc9383) lh      t2, 75(s9)
core   0: 3 0x8000a498 (0x04bc9383) x 7 0x000000c7 mem 0x80015712
core   0: 0x8000a49c (0x005034b3) snez    s1, t0
core   0: 3 0x8000a49c (0x005034b3) x 9 0x00000000
core   0: 0x8000a4a0 (0x054c95a3) sh      s4, 75(s9)
core   0: 3 0x8000a4a0 (0x054c95a3) mem 0x80015712 0x0000
core   0: 0x8000a4a4 (0x0edcdf83) lhu     t6, 237(s9)
core   0: 3 0x8000a4a4 (0x0edcdf83) x31 0x00000000 mem 0x800157b4
core   0: 0x8000a4a8 (0xf5bcde03) lhu     t3, -165(s9)
core   0: 3 0x8000a4a8 (0xf5bcde03) x28 0x00000000 mem 0x80015622
core   0: 0x8000a4ac (0xf5bcd903) lhu     s2, -165(s9)
core   0: 3 0x8000a4ac (0xf5bcd903) x18 0x00000000 mem 0x80015622
core   0: 0x8000a4b0 (0xf18c85a3) sb      s8, -245(s9)
core   0: 3 0x8000a4b0 (0xf18c85a3) mem 0x800155d2 0xbf
core   0: 0x8000a4b4 (0xf01c95a3) sh      ra, -245(s9)
core   0: 3 0x8000a4b4 (0xf01c95a3) mem 0x800155d2 0x0000
core   0: 0x8000a4b8 (0x0000b397) auipc   t2, 0xb
core   0: 3 0x8000a4b8 (0x0000b397) x 7 0x800154b8
core   0: 0x8000a4bc (0x48e38393) addi    t2, t2, 1166
core   0: 3 0x8000a4bc (0x48e38393) x 7 0x80015946
core   0: 0x8000a4c0 (0x0b4ee297) auipc   t0, 0xb4ee
core   0: 3 0x8000a4c0 (0x0b4ee297) x 5 0x8b4f84c0
core   0: 0x8000a4c4 (0x0000100f) fence.i
core   0: 3 0x8000a4c4 (0x0000100f)
core   0: 0x8000a4c8 (0x0127d593) srli    a1, a5, 18
core   0: 3 0x8000a4c8 (0x0127d593) x11 0x00000000
core   0: 0x8000a4cc (0xfff38da3) sb      t6, -5(t2)
core   0: 3 0x8000a4cc (0xfff38da3) mem 0x80015941 0x0
core   0: 0x8000a4d0 (0x41b82993) slti    s3, a6, 1051
core   0: 3 0x8000a4d0 (0x41b82993) x19 0x00000001
core   0: 0x8000a4d4 (0x01c384a3) sb      t3, 9(t2)
core   0: 3 0x8000a4d4 (0x01c384a3) mem 0x8001594f 0x0
core   0: 0x8000a4d8 (0x0ff0000f) fence   iorw,iorw
core   0: 3 0x8000a4d8 (0x0ff0000f)
core   0: 0x8000a4dc (0x197f4993) xori    s3, t5, 407
core   0: 3 0x8000a4dc (0x197f4993) x19 0x00000150
core   0: 0x8000a4e0 (0x7c65c817) auipc   a6, 0x7c65c
core   0: 3 0x8000a4e0 (0x7c65c817) x16 0xfc6664e0
core   0: 0x8000a4e4 (0x00038623) sb      zero, 12(t2)
core   0: 3 0x8000a4e4 (0x00038623) mem 0x80015952 0x0
core   0: 0x8000a4e8 (0x401f88b3) sub     a7, t6, ra
core   0: 3 0x8000a4e8 (0x401f88b3) x17 0x00000000
core   0: 0x8000a4ec (0x0003d003) lhu     zero, 0(t2)
core   0: 3 0x8000a4ec (0x0003d003) mem 0x80015946
core   0: 0x8000a4f0 (0x8c0aa297) auipc   t0, 0x8c0aa
core   0: 3 0x8000a4f0 (0x8c0aa297) x 5 0x0c0b44f0
core   0: 0x8000a4f4 (0xff438b03) lb      s6, -12(t2)
core   0: 3 0x8000a4f4 (0xff438b03) x22 0x00000000 mem 0x8001593a
core   0: 0x8000a4f8 (0x0083de83) lhu     t4, 8(t2)
core   0: 3 0x8000a4f8 (0x0083de83) x29 0x00000000 mem 0x8001594e
core   0: 0x8000a4fc (0xff138483) lb      s1, -15(t2)
core   0: 3 0x8000a4fc (0xff138483) x 9 0x00000000 mem 0x80015937
core   0: 0x8000a500 (0x008e6433) or      s0, t3, s0
core   0: 3 0x8000a500 (0x008e6433) x 8 0x00000000
core   0: 0x8000a504 (0x006219b3) sll     s3, tp, t1
core   0: 3 0x8000a504 (0x006219b3) x19 0x00000000
core   0: 0x8000a508 (0x0083cb03) lbu     s6, 8(t2)
core   0: 3 0x8000a508 (0x0083cb03) x22 0x00000000 mem 0x8001594e
core   0: 0x8000a50c (0xffd38aa3) sb      t4, -11(t2)
core   0: 3 0x8000a50c (0xffd38aa3) mem 0x8001593b 0x0
core   0: 0x8000a510 (0x00a26733) or      a4, tp, a0
core   0: 3 0x8000a510 (0x00a26733) x14 0x8002ece4
core   0: 0x8000a514 (0xffc38c03) lb      s8, -4(t2)
core   0: 3 0x8000a514 (0xffc38c03) x24 0x00000000 mem 0x80015942
core   0: 0x8000a518 (0xffc3c183) lbu     gp, -4(t2)
core   0: 3 0x8000a518 (0xffc3c183) x 3 0x00000000 mem 0x80015942
core   0: 0x8000a51c (0x0013c803) lbu     a6, 1(t2)
core   0: 3 0x8000a51c (0x0013c803) x16 0x00000000 mem 0x80015947
core   0: 0x8000a520 (0x00639c83) lh      s9, 6(t2)
core   0: 3 0x8000a520 (0x00639c83) x25 0x00000000 mem 0x8001594c
core   0: 0x8000a524 (0x004be033) or      zero, s7, tp
core   0: 3 0x8000a524 (0x004be033)
core   0: 0x8000a528 (0x23c66793) ori     a5, a2, 572
core   0: 3 0x8000a528 (0x23c66793) x15 0x0000023c
core   0: 0x8000a52c (0x018234b3) sltu    s1, tp, s8
core   0: 3 0x8000a52c (0x018234b3) x 9 0x00000000
core   0: 0x8000a530 (0xfef38e23) sb      a5, -4(t2)
core   0: 3 0x8000a530 (0xfef38e23) mem 0x80015942 0x3c
core   0: 0x8000a534 (0x0083c603) lbu     a2, 8(t2)
core   0: 3 0x8000a534 (0x0083c603) x12 0x00000000 mem 0x8001594e
core   0: 0x8000a538 (0x9c464893) xori    a7, a2, -1596
core   0: 3 0x8000a538 (0x9c464893) x17 0xfffff9c4
core   0: 0x8000a53c (0x0ff0000f) fence   iorw,iorw
core   0: 3 0x8000a53c (0x0ff0000f)
core   0: 0x8000a540 (0x15e06f13) ori     t5, zero, 350
core   0: 3 0x8000a540 (0x15e06f13) x30 0x0000015e
core   0: 0x8000a544 (0x01465d13) srli    s10, a2, 20
core   0: 3 0x8000a544 (0x01465d13) x26 0x00000000
core   0: 0x8000a548 (0x0000100f) fence.i
core   0: 3 0x8000a548 (0x0000100f)
core   0: 0x8000a54c (0x0126e6b3) or      a3, a3, s2
core   0: 3 0x8000a54c (0x0126e6b3) x13 0x00000000
core   0: 0x8000a550 (0x0ff0000f) fence   iorw,iorw
core   0: 3 0x8000a550 (0x0ff0000f)
core   0: 0x8000a554 (0x00494233) xor     tp, s2, tp
core   0: 3 0x8000a554 (0x00494233) x 4 0x00000000
core   0: 0x8000a558 (0xfff3cd83) lbu     s11, -1(t2)
core   0: 3 0x8000a558 (0xfff3cd83) x27 0x00000000 mem 0x80015945
core   0: 0x8000a55c (0xfea39d23) sh      a0, -6(t2)
core   0: 3 0x8000a55c (0xfea39d23) mem 0x80015940 0xece4
core   0: 0x8000a560 (0xff5388a3) sb      s5, -15(t2)
core   0: 3 0x8000a560 (0xff5388a3) mem 0x80015937 0x0
core   0: 0x8000a564 (0xff83c183) lbu     gp, -8(t2)
core   0: 3 0x8000a564 (0xff83c183) x 3 0x00000000 mem 0x8001593e
core   0: 0x8000a568 (0xfef38da3) sb      a5, -5(t2)
core   0: 3 0x8000a568 (0xfef38da3) mem 0x80015941 0x3c
core   0: 0x8000a56c (0x0942b893) sltiu   a7, t0, 148
core   0: 3 0x8000a56c (0x0942b893) x17 0x00000000
core   0: 0x8000a570 (0x0ff0000f) fence   iorw,iorw
core   0: 3 0x8000a570 (0x0ff0000f)
core   0: 0x8000a574 (0xffb3c403) lbu     s0, -5(t2)
core   0: 3 0x8000a574 (0xffb3c403) x 8 0x0000003c mem 0x80015941
core   0: 0x8000a578 (0xfe939c23) sh      s1, -8(t2)
core   0: 3 0x8000a578 (0xfe939c23) mem 0x8001593e 0x0000
core   0: 0x8000a57c (0x00829833) sll     a6, t0, s0
core   0: 3 0x8000a57c (0x00829833) x16 0x00000000
core   0: 0x8000a580 (0x237c2a13) slti    s4, s8, 567
core   0: 3 0x8000a580 (0x237c2a13) x20 0x00000001
core   0: 0x8000a584 (0x7b0221b7) lui     gp, 0x7b022
core   0: 3 0x8000a584 (0x7b0221b7) x 3 0x7b022000
core   0: 0x8000a588 (0x01b6a4b3) slt     s1, a3, s11
core   0: 3 0x8000a588 (0x01b6a4b3) x 9 0x00000000
core   0: 0x8000a58c (0xff938a83) lb      s5, -7(t2)
core   0: 3 0x8000a58c (0xff938a83) x21 0x00000000 mem 0x8001593f
core   0: 0x8000a590 (0xff03d903) lhu     s2, -16(t2)
core   0: 3 0x8000a590 (0xff03d903) x18 0x00000000 mem 0x80015936
core   0: 0x8000a594 (0xfe139c23) sh      ra, -8(t2)
core   0: 3 0x8000a594 (0xfe139c23) mem 0x8001593e 0x0000
core   0: 0x8000a598 (0xfec38ea3) sb      a2, -3(t2)
core   0: 3 0x8000a598 (0xfec38ea3) mem 0x80015943 0x0
core   0: 0x8000a59c (0x0000bf17) auipc   t5, 0xb
core   0: 3 0x8000a59c (0x0000bf17) x30 0x8001559c
core   0: 0x8000a5a0 (0xf28f0f13) addi    t5, t5, -216
core   0: 3 0x8000a5a0 (0xf28f0f13) x30 0x800154c4
core   0: 0x8000a5a4 (0x41365313) srai    t1, a2, 19
core   0: 3 0x8000a5a4 (0x41365313) x 6 0x00000000
core   0: 0x8000a5a8 (0x0036f1b3) and     gp, a3, gp
core   0: 3 0x8000a5a8 (0x0036f1b3) x 3 0x00000000
core   0: 0x8000a5ac (0x01fb9c13) slli    s8, s7, 31
core   0: 3 0x8000a5ac (0x01fb9c13) x24 0x80000000
core   0: 0x8000a5b0 (0xf0cf07a3) sb      a2, -241(t5)
core   0: 3 0x8000a5b0 (0xf0cf07a3) mem 0x800153d3 0x0
core   0: 0x8000a5b4 (0xfe1f0d83) lb      s11, -31(t5)
core   0: 3 0x8000a5b4 (0xfe1f0d83) x27 0x00000000 mem 0x800154a5
core   0: 0x8000a5b8 (0x0bbf4483) lbu     s1, 187(t5)
core   0: 3 0x8000a5b8 (0x0bbf4483) x 9 0x0000006c mem 0x8001557f
core   0: 0x8000a5bc (0x014ee633) or      a2, t4, s4
core   0: 3 0x8000a5bc (0x014ee633) x12 0x00000001
core   0: 0x8000a5c0 (0xf8df1c23) sh      a3, -104(t5)
core   0: 3 0x8000a5c0 (0xf8df1c23) mem 0x8001545c 0x0000
core   0: 0x8000a5c4 (0xfe2f0403) lb      s0, -30(t5)
core   0: 3 0x8000a5c4 (0xfe2f0403) x 8 0x00000000 mem 0x800154a6
core   0: 0x8000a5c8 (0xf8cf05a3) sb      a2, -117(t5)
core   0: 3 0x8000a5c8 (0xf8cf05a3) mem 0x8001544f 0x1
core   0: 0x8000a5cc (0xfe0f2283) lw      t0, -32(t5)
core   0: 3 0x8000a5cc (0xfe0f2283) x 5 0x00000000 mem 0x800154a4
core   0: 0x8000a5d0 (0x0d7f4683) lbu     a3, 215(t5)
core   0: 3 0x8000a5d0 (0x0d7f4683) x13 0x00000000 mem 0x8001559b
core   0: 0x8000a5d4 (0xfa9f0203) lb      tp, -87(t5)
core   0: 3 0x8000a5d4 (0xfa9f0203) x 4 0x00000000 mem 0x8001546d
core   0: 0x8000a5d8 (0x053f0d83) lb      s11, 83(t5)
core   0: 3 0x8000a5d8 (0x053f0d83) x27 0x00000000 mem 0x80015517
core   0: 0x8000a5dc (0x41335c93) srai    s9, t1, 19
core   0: 3 0x8000a5dc (0x41335c93) x25 0x00000000
core   0: 0x8000a5e0 (0x00000013) nop
core   0: 3 0x8000a5e0 (0x00000013)
core   0: 0x8000a5e4 (0xf76f1623) sh      s6, -148(t5)
core   0: 3 0x8000a5e4 (0xf76f1623) mem 0x80015430 0x0000
core   0: 0x8000a5e8 (0xf58f4183) lbu     gp, -168(t5)
core   0: 3 0x8000a5e8 (0xf58f4183) x 3 0x00000000 mem 0x8001541c
core   0: 0x8000a5ec (0x05ff4183) lbu     gp, 95(t5)
core   0: 3 0x8000a5ec (0x05ff4183) x 3 0x00000000 mem 0x80015523
core   0: 0x8000a5f0 (0x014f0e23) sb      s4, 28(t5)
core   0: 3 0x8000a5f0 (0x014f0e23) mem 0x800154e0 0x1
core   0: 0x8000a5f4 (0x07ef0883) lb      a7, 126(t5)
core   0: 3 0x8000a5f4 (0x07ef0883) x17 0x00000000 mem 0x80015542
core   0: 0x8000a5f8 (0x010f9593) slli    a1, t6, 16
core   0: 3 0x8000a5f8 (0x010f9593) x11 0x00000000
core   0: 0x8000a5fc (0x03df0a03) lb      s4, 61(t5)
core   0: 3 0x8000a5fc (0x03df0a03) x20 0x00000000 mem 0x80015501
core   0: 0x8000a600 (0xfdaf1003) lh      zero, -38(t5)
core   0: 3 0x8000a600 (0xfdaf1003) mem 0x8001549e
core   0: 0x8000a604 (0x8ae4cd13) xori    s10, s1, -1874
core   0: 3 0x8000a604 (0x8ae4cd13) x26 0xfffff8c2
core   0: 0x8000a608 (0xf93f0403) lb      s0, -109(t5)
core   0: 3 0x8000a608 (0xf93f0403) x 8 0x00000000 mem 0x80015457
core   0: 0x8000a60c (0x0adf0723) sb      a3, 174(t5)
core   0: 3 0x8000a60c (0x0adf0723) mem 0x80015572 0x0
core   0: 0x8000a610 (0xf5df0983) lb      s3, -163(t5)
core   0: 3 0x8000a610 (0xf5df0983) x19 0x00000000 mem 0x80015421
core   0: 0x8000a614 (0x01169713) slli    a4, a3, 17
core   0: 3 0x8000a614 (0x01169713) x14 0x00000000
core   0: 0x8000a618 (0xf6df2e23) sw      a3, -132(t5)
core   0: 3 0x8000a618 (0xf6df2e23) mem 0x80015440 0x00000000
core   0: 0x8000a61c (0xde74cc97) auipc   s9, 0xde74c
core   0: 3 0x8000a61c (0xde74cc97) x25 0x5e75661c
core   0: 0x8000a620 (0x076f4903) lbu     s2, 118(t5)
core   0: 3 0x8000a620 (0x076f4903) x18 0x00000000 mem 0x8001553a
core   0: 0x8000a624 (0xf9bf0f83) lb      t6, -101(t5)
core   0: 3 0x8000a624 (0xf9bf0f83) x31 0x00000000 mem 0x8001545f
core   0: 0x8000a628 (0x0fef03a3) sb      t5, 231(t5)
core   0: 3 0x8000a628 (0x0fef03a3) mem 0x800155ab 0xc4
core   0: 0x8000a62c (0xfbdf4d83) lbu     s11, -67(t5)
core   0: 3 0x8000a62c (0xfbdf4d83) x27 0x000000ae mem 0x80015481
core   0: 0x8000a630 (0x081f0903) lb      s2, 129(t5)
core   0: 3 0x8000a630 (0x081f0903) x18 0x00000000 mem 0x80015545
core   0: 0x8000a634 (0x0000b797) auipc   a5, 0xb
core   0: 3 0x8000a634 (0x0000b797) x15 0x80015634
core   0: 0x8000a638 (0xaee78793) addi    a5, a5, -1298
core   0: 3 0x8000a638 (0xaee78793) x15 0x80015122
core   0: 0x8000a63c (0x00ea2333) slt     t1, s4, a4
core   0: 3 0x8000a63c (0x00ea2333) x 6 0x00000000
core   0: 0x8000a640 (0x40e2d293) srai    t0, t0, 14
core   0: 3 0x8000a640 (0x40e2d293) x 5 0x00000000
core   0: 0x8000a644 (0x09478823) sb      s4, 144(a5)
core   0: 3 0x8000a644 (0x09478823) mem 0x800151b2 0x0
core   0: 0x8000a648 (0x09c79823) sh      t3, 144(a5)
core   0: 3 0x8000a648 (0x09c79823) mem 0x800151b2 0x0000
core   0: 0x8000a64c (0x3aa7c883) lbu     a7, 938(a5)
core   0: 3 0x8000a64c (0x3aa7c883) x17 0x00000000 mem 0x800154cc
core   0: 0x8000a650 (0x3a97a523) sw      s1, 938(a5)
core   0: 3 0x8000a650 (0x3a97a523) mem 0x800154cc 0x0000006c
core   0: 0x8000a654 (0x52e78123) sb      a4, 1314(a5)
core   0: 3 0x8000a654 (0x52e78123) mem 0x80015644 0x0
core   0: 0x8000a658 (0x5227aa83) lw      s5, 1314(a5)
core   0: 3 0x8000a658 (0x5227aa83) x21 0x00000000 mem 0x80015644
core   0: 0x8000a65c (0x4477a923) sw      t2, 1106(a5)
core   0: 3 0x8000a65c (0x4477a923) mem 0x80015574 0x80015946
core   0: 0x8000a660 (0x49c78d83) lb      s11, 1180(a5)
core   0: 3 0x8000a660 (0x49c78d83) x27 0x00000000 mem 0x800155be
core   0: 0x8000a664 (0x50479a83) lh      s5, 1284(a5)
core   0: 3 0x8000a664 (0x50479a83) x21 0x00000000 mem 0x80015626
core   0: 0x8000a668 (0x7517c683) lbu     a3, 1873(a5)
core   0: 3 0x8000a668 (0x7517c683) x13 0x00000000 mem 0x80015873
core   0: 0x8000a66c (0x00014697) auipc   a3, 0x14
core   0: 3 0x8000a66c (0x00014697) x13 0x8001e66c
core   0: 0x8000a670 (0x83e68693) addi    a3, a3, -1986
core   0: 3 0x8000a670 (0x83e68693) x13 0x8001deaa
core   0: 0x8000a674 (0xb7d68703) lb      a4, -1155(a3)
core   0: 3 0x8000a674 (0xb7d68703) x14 0x00000000 mem 0x8001da27
core   0: 0x8000a678 (0xffc68623) sb      t3, -20(a3)
core   0: 3 0x8000a678 (0xffc68623) mem 0x8001de96 0x0
core   0: 0x8000a67c (0x05c73e93) sltiu   t4, a4, 92
core   0: 3 0x8000a67c (0x05c73e93) x29 0x00000001
core   0: 0x8000a680 (0x1f968a83) lb      s5, 505(a3)
core   0: 3 0x8000a680 (0x1f968a83) x21 0x00000000 mem 0x8001e0a3
core   0: 0x8000a684 (0xaf068fa3) sb      a6, -1281(a3)
core   0: 3 0x8000a684 (0xaf068fa3) mem 0x8001d9a9 0x0
core   0: 0x8000a688 (0xad0689a3) sb      a6, -1325(a3)
core   0: 3 0x8000a688 (0xad0689a3) mem 0x8001d97d 0x0
core   0: 0x8000a68c (0x006e3233) sltu    tp, t3, t1
core   0: 3 0x8000a68c (0x006e3233) x 4 0x00000000
core   0: 0x8000a690 (0xf402c737) lui     a4, 0xf402c
core   0: 3 0x8000a690 (0xf402c737) x14 0xf402c000
core   0: 0x8000a694 (0x4826d583) lhu     a1, 1154(a3)
core   0: 3 0x8000a694 (0x4826d583) x11 0x00000000 mem 0x8001e32c
core   0: 0x8000a698 (0x000442b3) xor     t0, s0, zero
core   0: 3 0x8000a698 (0x000442b3) x 5 0x00000000
core   0: 0x8000a69c (0x40555713) srai    a4, a0, 5
core   0: 3 0x8000a69c (0x40555713) x14 0xfc001767
core   0: 0x8000a6a0 (0x0d068423) sb      a6, 200(a3)
core   0: 3 0x8000a6a0 (0x0d068423) mem 0x8001df72 0x0
core   0: 0x8000a6a4 (0x24b68283) lb      t0, 587(a3)
core   0: 3 0x8000a6a4 (0x24b68283) x 5 0x00000000 mem 0x8001e0f5
core   0: 0x8000a6a8 (0xbab68ea3) sb      a1, -1091(a3)
core   0: 3 0x8000a6a8 (0xbab68ea3) mem 0x8001da67 0x0
core   0: 0x8000a6ac (0x1bf6a323) sw      t6, 422(a3)
core   0: 3 0x8000a6ac (0x1bf6a323) mem 0x8001e050 0x00000000
core   0: 0x8000a6b0 (0x0ff0000f) fence   iorw,iorw
core   0: 3 0x8000a6b0 (0x0ff0000f)
core   0: 0x8000a6b4 (0x0012ca33) xor     s4, t0, ra
core   0: 3 0x8000a6b4 (0x0012ca33) x20 0x00000000
core   0: 0x8000a6b8 (0x01a9e217) auipc   tp, 0x1a9e
core   0: 3 0x8000a6b8 (0x01a9e217) x 4 0x81aa86b8
core   0: 0x8000a6bc (0x84d68283) lb      t0, -1971(a3)
core   0: 3 0x8000a6bc (0x84d68283) x 5 0x00000000 mem 0x8001d6f7
core   0: 0x8000a6c0 (0x1d469923) sh      s4, 466(a3)
core   0: 3 0x8000a6c0 (0x1d469923) mem 0x8001e07c 0x0000
core   0: 0x8000a6c4 (0xd686c483) lbu     s1, -664(a3)
core   0: 3 0x8000a6c4 (0xd686c483) x 9 0x00000000 mem 0x8001dc12
core   0: 0x8000a6c8 (0x00919f33) sll     t5, gp, s1
core   0: 3 0x8000a6c8 (0x00919f33) x30 0x00000000
core   0: 0x8000a6cc (0x00000013) nop
core   0: 3 0x8000a6cc (0x00000013)
core   0: 0x8000a6d0 (0x00376db3) or      s11, a4, gp
core   0: 3 0x8000a6d0 (0x00376db3) x27 0xfc001767
core   0: 0x8000a6d4 (0x011daa33) slt     s4, s11, a7
core   0: 3 0x8000a6d4 (0x011daa33) x20 0x00000001
core   0: 0x8000a6d8 (0x0000100f) fence.i
core   0: 3 0x8000a6d8 (0x0000100f)
core   0: 0x8000a6dc (0x0ff0000f) fence   iorw,iorw
core   0: 3 0x8000a6dc (0x0ff0000f)
core   0: 0x8000a6e0 (0x8424e213) ori     tp, s1, -1982
core   0: 3 0x8000a6e0 (0x8424e213) x 4 0xfffff842
core   0: 0x8000a6e4 (0x914688a3) sb      s4, -1775(a3)
core   0: 3 0x8000a6e4 (0x914688a3) mem 0x8001d7bb 0x1
core   0: 0x8000a6e8 (0x0f818813) addi    a6, gp, 248
core   0: 3 0x8000a6e8 (0x0f818813) x16 0x000000f8
core   0: 0x8000a6ec (0x001c2a33) slt     s4, s8, ra
core   0: 3 0x8000a6ec (0x001c2a33) x20 0x00000001
core   0: 0x8000a6f0 (0xaad68c03) lb      s8, -1363(a3)
core   0: 3 0x8000a6f0 (0xaad68c03) x24 0x00000000 mem 0x8001d957
core   0: 0x8000a6f4 (0x4a46ca03) lbu     s4, 1188(a3)
core   0: 3 0x8000a6f4 (0x4a46ca03) x20 0x00000000 mem 0x8001e34e
core   0: 0x8000a6f8 (0x0a36c383) lbu     t2, 163(a3)
core   0: 3 0x8000a6f8 (0x0a36c383) x 7 0x00000000 mem 0x8001df4d
core   0: 0x8000a6fc (0x5d5e7293) andi    t0, t3, 1493
core   0: 3 0x8000a6fc (0x5d5e7293) x 5 0x00000000
core   0: 0x8000a700 (0x00bd8fb3) add     t6, s11, a1
core   0: 3 0x8000a700 (0x00bd8fb3) x31 0xfc001767
core   0: 0x8000a704 (0x016ede33) srl     t3, t4, s6
core   0: 3 0x8000a704 (0x016ede33) x28 0x00000001
core   0: 0x8000a708 (0x8786db03) lhu     s6, -1928(a3)
core   0: 3 0x8000a708 (0x8786db03) x22 0x00000000 mem 0x8001d722
core   0: 0x8000a70c (0x79abed13) ori     s10, s7, 1946
core   0: 3 0x8000a70c (0x79abed13) x26 0xd1eeafbb
core   0: 0x8000a710 (0xc872a793) slti    a5, t0, -889
core   0: 3 0x8000a710 (0xc872a793) x15 0x00000000
core   0: 0x8000a714 (0x99868ca3) sb      s8, -1639(a3)
core   0: 3 0x8000a714 (0x99868ca3) mem 0x8001d843 0x0
core   0: 0x8000a718 (0x0000b997) auipc   s3, 0xb
core   0: 3 0x8000a718 (0x0000b997) x19 0x80015718
core   0: 0x8000a71c (0xa3398993) addi    s3, s3, -1485
core   0: 3 0x8000a71c (0xa3398993) x19 0x8001514b
core   0: 0x8000a720 (0x40bb5213) srai    tp, s6, 11
core   0: 3 0x8000a720 (0x40bb5213) x 4 0x00000000
core   0: 0x8000a724 (0xff09ce83) lbu     t4, -16(s3)
core   0: 3 0x8000a724 (0xff09ce83) x29 0x00000000 mem 0x8001513b
core   0: 0x8000a728 (0xfd298b03) lb      s6, -46(s3)
core   0: 3 0x8000a728 (0xfd298b03) x22 0x00000000 mem 0x8001511d
core   0: 0x8000a72c (0x0ff0000f) fence   iorw,iorw
core   0: 3 0x8000a72c (0x0ff0000f)
core   0: 0x8000a730 (0x3292b497) auipc   s1, 0x3292b
core   0: 3 0x8000a730 (0x3292b497) x 9 0xb2935730
core   0: 0x8000a734 (0x015995a3) sh      s5, 11(s3)
core   0: 3 0x8000a734 (0x015995a3) mem 0x80015156 0x0000
core   0: 0x8000a738 (0x030981a3) sb      a6, 35(s3)
core   0: 3 0x8000a738 (0x030981a3) mem 0x8001516e 0xf8
core   0: 0x8000a73c (0x1db5fa13) andi    s4, a1, 475
core   0: 3 0x8000a73c (0x1db5fa13) x20 0x00000000
core   0: 0x8000a740 (0x00000013) nop
core   0: 3 0x8000a740 (0x00000013)
core   0: 0x8000a744 (0x41da80b3) sub     ra, s5, t4
core   0: 3 0x8000a744 (0x41da80b3) x 1 0x00000000
core   0: 0x8000a748 (0xfce98223) sb      a4, -60(s3)
core   0: 3 0x8000a748 (0xfce98223) mem 0x8001510f 0x67
core   0: 0x8000a74c (0xfc49c803) lbu     a6, -60(s3)
core   0: 3 0x8000a74c (0xfc49c803) x16 0x00000067 mem 0x8001510f
core   0: 0x8000a750 (0xfe3983a3) sb      gp, -25(s3)
core   0: 3 0x8000a750 (0xfe3983a3) mem 0x80015132 0x0
core   0: 0x8000a754 (0xfcc98383) lb      t2, -52(s3)
core   0: 3 0x8000a754 (0xfcc98383) x 7 0x00000000 mem 0x80015117
core   0: 0x8000a758 (0xfc098623) sb      zero, -52(s3)
core   0: 3 0x8000a758 (0xfc098623) mem 0x80015117 0x0
core   0: 0x8000a75c (0xff099ca3) sh      a6, -7(s3)
core   0: 3 0x8000a75c (0xff099ca3) mem 0x80015144 0x0067
core   0: 0x8000a760 (0xff999583) lh      a1, -7(s3)
core   0: 3 0x8000a760 (0xff999583) x11 0x00000067 mem 0x80015144
core   0: 0x8000a764 (0x0000bd17) auipc   s10, 0xb
core   0: 3 0x8000a764 (0x0000bd17) x26 0x80015764
core   0: 0x8000a768 (0x7e5d0d13) addi    s10, s10, 2021
core   0: 3 0x8000a768 (0x7e5d0d13) x26 0x80015f49
core   0: 0x8000a76c (0x0000ba97) auipc   s5, 0xb
core   0: 3 0x8000a76c (0x0000ba97) x21 0x8001576c
core   0: 0x8000a770 (0xce7a8a93) addi    s5, s5, -793
core   0: 3 0x8000a770 (0xce7a8a93) x21 0x80015453
core   0: 0x8000a774 (0xf51d1083) lh      ra, -175(s10)
core   0: 3 0x8000a774 (0xf51d1083) x 1 0x00000000 mem 0x80015e9a
core   0: 0x8000a778 (0xfcaa96a3) sh      a0, -51(s5)
core   0: 3 0x8000a778 (0xfcaa96a3) mem 0x80015420 0xece4
core   0: 0x8000a77c (0xf77d0923) sb      s7, -142(s10)
core   0: 3 0x8000a77c (0xf77d0923) mem 0x80015ebb 0xb3
core   0: 0x8000a780 (0x02aa8203) lb      tp, 42(s5)
core   0: 3 0x8000a780 (0x02aa8203) x 4 0x00000000 mem 0x8001547d
core   0: 0x8000a784 (0xfb1d1783) lh      a5, -79(s10)
core   0: 3 0x8000a784 (0xfb1d1783) x15 0x00000000 mem 0x80015efa
core   0: 0x8000a788 (0xfc7a8083) lb      ra, -57(s5)
core   0: 3 0x8000a788 (0xfc7a8083) x 1 0xffffffe2 mem 0x8001541a
core   0: 0x8000a78c (0xfe2a8f03) lb      t5, -30(s5)
core   0: 3 0x8000a78c (0xfe2a8f03) x30 0x00000000 mem 0x80015435
core   0: 0x8000a790 (0x0fbd0203) lb      tp, 251(s10)
core   0: 3 0x8000a790 (0x0fbd0203) x 4 0x00000000 mem 0x80016044
core   0: 0x8000a794 (0xfdca8d83) lb      s11, -36(s5)
core   0: 3 0x8000a794 (0xfdca8d83) x27 0x00000000 mem 0x8001542f
core   0: 0x8000a798 (0x016a8f23) sb      s6, 30(s5)
core   0: 3 0x8000a798 (0x016a8f23) mem 0x80015471 0x0
core   0: 0x8000a79c (0x0d6d0603) lb      a2, 214(s10)
core   0: 3 0x8000a79c (0x0d6d0603) x12 0x00000000 mem 0x8001601f
core   0: 0x8000a7a0 (0xff1a8e03) lb      t3, -15(s5)
core   0: 3 0x8000a7a0 (0xff1a8e03) x28 0x00000050 mem 0x80015444
core   0: 0x8000a7a4 (0xf49d0083) lb      ra, -183(s10)
core   0: 3 0x8000a7a4 (0xf49d0083) x 1 0x00000000 mem 0x80015e92
core   0: 0x8000a7a8 (0x00ca8483) lb      s1, 12(s5)
core   0: 3 0x8000a7a8 (0x00ca8483) x 9 0x00000000 mem 0x8001545f
core   0: 0x8000a7ac (0x008a8923) sb      s0, 18(s5)
core   0: 3 0x8000a7ac (0x008a8923) mem 0x80015465 0x0
core   0: 0x8000a7b0 (0x0c3d0a23) sb      gp, 212(s10)
core   0: 3 0x8000a7b0 (0x0c3d0a23) mem 0x8001601d 0x0
core   0: 0x8000a7b4 (0x0000b297) auipc   t0, 0xb
core   0: 3 0x8000a7b4 (0x0000b297) x 5 0x800157b4
core   0: 0x8000a7b8 (0x25f28293) addi    t0, t0, 607
core   0: 3 0x8000a7b8 (0x25f28293) x 5 0x80015a13
core   0: 0x8000a7bc (0xfd02cd03) lbu     s10, -48(t0)
core   0: 3 0x8000a7bc (0xfd02cd03) x26 0x00000000 mem 0x800159e3
core   0: 0x8000a7c0 (0x04e5f193) andi    gp, a1, 78
core   0: 3 0x8000a7c0 (0x04e5f193) x 3 0x00000046
core   0: 0x8000a7c4 (0xfce28823) sb      a4, -48(t0)
core   0: 3 0x8000a7c4 (0xfce28823) mem 0x800159e3 0x67
core   0: 0x8000a7c8 (0xfd028783) lb      a5, -48(t0)
core   0: 3 0x8000a7c8 (0xfd028783) x15 0x00000067 mem 0x800159e3
core   0: 0x8000a7cc (0x01fdceb3) xor     t4, s11, t6
core   0: 3 0x8000a7cc (0x01fdceb3) x29 0xfc001767
core   0: 0x8000a7d0 (0x0ec28c83) lb      s9, 236(t0)
core   0: 3 0x8000a7d0 (0x0ec28c83) x25 0x00000000 mem 0x80015aff
core   0: 0x8000a7d4 (0x0a728ea3) sb      t2, 189(t0)
core   0: 3 0x8000a7d4 (0x0a728ea3) mem 0x80015ad0 0x0
core   0: 0x8000a7d8 (0x019ee9b3) or      s3, t4, s9
core   0: 3 0x8000a7d8 (0x019ee9b3) x19 0xfc001767
core   0: 0x8000a7dc (0x0b92aea3) sw      s9, 189(t0)
core   0: 3 0x8000a7dc (0x0b92aea3) mem 0x80015ad0 0x00000000
core   0: 0x8000a7e0 (0xfc92aea3) sw      s1, -35(t0)
core   0: 3 0x8000a7e0 (0xfc92aea3) mem 0x800159f0 0x00000000
core   0: 0x8000a7e4 (0xfd229ea3) sh      s2, -35(t0)
core   0: 3 0x8000a7e4 (0xfd229ea3) mem 0x800159f0 0x0000
core   0: 0x8000a7e8 (0xfdd2cd03) lbu     s10, -35(t0)
core   0: 3 0x8000a7e8 (0xfdd2cd03) x26 0x00000000 mem 0x800159f0
core   0: 0x8000a7ec (0xfdd2c483) lbu     s1, -35(t0)
core   0: 3 0x8000a7ec (0xfdd2c483) x 9 0x00000000 mem 0x800159f0
core   0: 0x8000a7f0 (0xfdf28ea3) sb      t6, -35(t0)
core   0: 3 0x8000a7f0 (0xfdf28ea3) mem 0x800159f0 0x67
core   0: 0x8000a7f4 (0xfd628ea3) sb      s6, -35(t0)
core   0: 3 0x8000a7f4 (0xfd628ea3) mem 0x800159f0 0x0
core   0: 0x8000a7f8 (0xfdd2aea3) sw      t4, -35(t0)
core   0: 3 0x8000a7f8 (0xfdd2aea3) mem 0x800159f0 0xfc001767
core   0: 0x8000a7fc (0x01570c33) add     s8, a4, s5
core   0: 3 0x8000a7fc (0x01570c33) x24 0x7c016bba
core   0: 0x8000a800 (0xfb028e23) sb      a6, -68(t0)
core   0: 3 0x8000a800 (0xfb028e23) mem 0x800159cf 0x67
core   0: 0x8000a804 (0xfbc2c983) lbu     s3, -68(t0)
core   0: 3 0x8000a804 (0xfbc2c983) x19 0x00000067 mem 0x800159cf
core   0: 0x8000a808 (0xfb928e23) sb      s9, -68(t0)
core   0: 3 0x8000a808 (0xfb928e23) mem 0x800159cf 0x0
core   0: 0x8000a80c (0x53564713) xori    a4, a2, 1333
core   0: 3 0x8000a80c (0x53564713) x14 0x00000535
core   0: 0x8000a810 (0xfbd28e23) sb      t4, -68(t0)
core   0: 3 0x8000a810 (0xfbd28e23) mem 0x800159cf 0x67
core   0: 0x8000a814 (0xfbc2ce83) lbu     t4, -68(t0)
core   0: 3 0x8000a814 (0xfbc2ce83) x29 0x00000067 mem 0x800159cf
core   0: 0x8000a818 (0x0000100f) fence.i
core   0: 3 0x8000a818 (0x0000100f)
core   0: 0x8000a81c (0xfac28e23) sb      a2, -68(t0)
core   0: 3 0x8000a81c (0xfac28e23) mem 0x800159cf 0x0
core   0: 0x8000a820 (0x0000b097) auipc   ra, 0xb
core   0: 3 0x8000a820 (0x0000b097) x 1 0x80015820
core   0: 0x8000a824 (0x41408093) addi    ra, ra, 1044
core   0: 3 0x8000a824 (0x41408093) x 1 0x80015c34
core   0: 0x8000a828 (0x00011e17) auipc   t3, 0x11
core   0: 3 0x8000a828 (0x00011e17) x28 0x8001b828
core   0: 0x8000a82c (0x5dce0e13) addi    t3, t3, 1500
core   0: 3 0x8000a82c (0x5dce0e13) x28 0x8001be04
core   0: 0x8000a830 (0x02908203) lb      tp, 41(ra)
core   0: 3 0x8000a830 (0x02908203) x 4 0x00000000 mem 0x80015c5d
core   0: 0x8000a834 (0x03fe4603) lbu     a2, 63(t3)
core   0: 3 0x8000a834 (0x03fe4603) x12 0x00000000 mem 0x8001be43
core   0: 0x8000a838 (0xfeee1a83) lh      s5, -18(t3)
core   0: 3 0x8000a838 (0xfeee1a83) x21 0x00000000 mem 0x8001bdf2
core   0: 0x8000a83c (0xfe20cc03) lbu     s8, -30(ra)
core   0: 3 0x8000a83c (0xfe20cc03) x24 0x00000000 mem 0x80015c16
core   0: 0x8000a840 (0xfc6e5f83) lhu     t6, -58(t3)
core   0: 3 0x8000a840 (0xfc6e5f83) x31 0x00000000 mem 0x8001bdca
core   0: 0x8000a844 (0x015084a3) sb      s5, 9(ra)
core   0: 3 0x8000a844 (0x015084a3) mem 0x80015c3d 0x0
core   0: 0x8000a848 (0x022e4e83) lbu     t4, 34(t3)
core   0: 3 0x8000a848 (0x022e4e83) x29 0x00000000 mem 0x8001be26
core   0: 0x8000a84c (0xfdfe0ea3) sb      t6, -35(t3)
core   0: 3 0x8000a84c (0xfdfe0ea3) mem 0x8001bde1 0x0
core   0: 0x8000a850 (0x011e4d03) lbu     s10, 17(t3)
core   0: 3 0x8000a850 (0x011e4d03) x26 0x00000000 mem 0x8001be15
core   0: 0x8000a854 (0x0360dc03) lhu     s8, 54(ra)
core   0: 3 0x8000a854 (0x0360dc03) x24 0x00000000 mem 0x80015c6a
core   0: 0x8000a858 (0x014e0903) lb      s2, 20(t3)
core   0: 3 0x8000a858 (0x014e0903) x18 0x00000000 mem 0x8001be18
core   0: 0x8000a85c (0x03de0003) lb      zero, 61(t3)
core   0: 3 0x8000a85c (0x03de0003) mem 0x8001be41
core   0: 0x8000a860 (0x02908423) sb      s1, 40(ra)
core   0: 3 0x8000a860 (0x02908423) mem 0x80015c5c 0x0
core   0: 0x8000a864 (0x03ce2c03) lw      s8, 60(t3)
core   0: 3 0x8000a864 (0x03ce2c03) x24 0x00000000 mem 0x8001be40
core   0: 0x8000a868 (0xfe4e0423) sb      tp, -24(t3)
core   0: 3 0x8000a868 (0xfe4e0423) mem 0x8001bdec 0x0
core   0: 0x8000a86c (0x0000e297) auipc   t0, 0xe
core   0: 3 0x8000a86c (0x0000e297) x 5 0x8001886c
core   0: 0x8000a870 (0x2f128293) addi    t0, t0, 753
core   0: 3 0x8000a870 (0x2f128293) x 5 0x80018b5d
core   0: 0x8000a874 (0x02529183) lh      gp, 37(t0)
core   0: 3 0x8000a874 (0x02529183) x 3 0x00000000 mem 0x80018b82
core   0: 0x8000a878 (0x0252d383) lhu     t2, 37(t0)
core   0: 3 0x8000a878 (0x0252d383) x 7 0x00000000 mem 0x80018b82
core   0: 0x8000a87c (0xfcd2cd83) lbu     s11, -51(t0)
core   0: 3 0x8000a87c (0xfcd2cd83) x27 0x00000000 mem 0x80018b2a
core   0: 0x8000a880 (0xfdb286a3) sb      s11, -51(t0)
core   0: 3 0x8000a880 (0xfdb286a3) mem 0x80018b2a 0x0
core   0: 0x8000a884 (0xfcd28a83) lb      s5, -51(t0)
core   0: 3 0x8000a884 (0xfcd28a83) x21 0x00000000 mem 0x80018b2a
core   0: 0x8000a888 (0x01e844b3) xor     s1, a6, t5
core   0: 3 0x8000a888 (0x01e844b3) x 9 0x00000067
core   0: 0x8000a88c (0xfe62a9a3) sw      t1, -13(t0)
core   0: 3 0x8000a88c (0xfe62a9a3) mem 0x80018b50 0x00000000
core   0: 0x8000a890 (0x02d2ca83) lbu     s5, 45(t0)
core   0: 3 0x8000a890 (0x02d2ca83) x21 0x00000000 mem 0x80018b8a
core   0: 0x8000a894 (0xfff29b03) lh      s6, -1(t0)
core   0: 3 0x8000a894 (0xfff29b03) x22 0x00000000 mem 0x80018b5c
core   0: 0x8000a898 (0xfff2ac03) lw      s8, -1(t0)
core   0: 3 0x8000a898 (0xfff2ac03) x24 0x00000000 mem 0x80018b5c
core   0: 0x8000a89c (0xfef2a383) lw      t2, -17(t0)
core   0: 3 0x8000a89c (0xfef2a383) x 7 0x00000000 mem 0x80018b4c
core   0: 0x8000a8a0 (0xfce2c003) lbu     zero, -50(t0)
core   0: 3 0x8000a8a0 (0xfce2c003) mem 0x80018b2b
core   0: 0x8000a8a4 (0x0182c183) lbu     gp, 24(t0)
core   0: 3 0x8000a8a4 (0x0182c183) x 3 0x00000000 mem 0x80018b75
core   0: 0x8000a8a8 (0x01828403) lb      s0, 24(t0)
core   0: 3 0x8000a8a8 (0x01828403) x 8 0x00000000 mem 0x80018b75
core   0: 0x8000a8ac (0x01828c83) lb      s9, 24(t0)
core   0: 3 0x8000a8ac (0x01828c83) x25 0x00000000 mem 0x80018b75
core   0: 0x8000a8b0 (0x00a28c83) lb      s9, 10(t0)
core   0: 3 0x8000a8b0 (0x00a28c83) x25 0x00000000 mem 0x80018b67
core   0: 0x8000a8b4 (0x00428523) sb      tp, 10(t0)
core   0: 3 0x8000a8b4 (0x00428523) mem 0x80018b67 0x0
core   0: 0x8000a8b8 (0x00428523) sb      tp, 10(t0)
core   0: 3 0x8000a8b8 (0x00428523) mem 0x80018b67 0x0
core   0: 0x8000a8bc (0x00a28483) lb      s1, 10(t0)
core   0: 3 0x8000a8bc (0x00a28483) x 9 0x00000000 mem 0x80018b67
core   0: 0x8000a8c0 (0x0000100f) fence.i
core   0: 3 0x8000a8c0 (0x0000100f)
core   0: 0x8000a8c4 (0x00428523) sb      tp, 10(t0)
core   0: 3 0x8000a8c4 (0x00428523) mem 0x80018b67 0x0
core   0: 0x8000a8c8 (0x0000a617) auipc   a2, 0xa
core   0: 3 0x8000a8c8 (0x0000a617) x12 0x800148c8
core   0: 0x8000a8cc (0x7b160613) addi    a2, a2, 1969
core   0: 3 0x8000a8cc (0x7b160613) x12 0x80015079
core   0: 0x8000a8d0 (0x0179fa33) and     s4, s3, s7
core   0: 3 0x8000a8d0 (0x0179fa33) x20 0x00000023
core   0: 0x8000a8d4 (0x49165903) lhu     s2, 1169(a2)
core   0: 3 0x8000a8d4 (0x49165903) x18 0x00000000 mem 0x8001550a
core   0: 0x8000a8d8 (0x0088c3b3) xor     t2, a7, s0
core   0: 3 0x8000a8d8 (0x0088c3b3) x 7 0x00000000
core   0: 0x8000a8dc (0x40d55d33) sra     s10, a0, a3
core   0: 3 0x8000a8dc (0x40d55d33) x26 0xffe000bb
core   0: 0x8000a8e0 (0x0ff0000f) fence   iorw,iorw
core   0: 3 0x8000a8e0 (0x0ff0000f)
core   0: 0x8000a8e4 (0x40cf82b3) sub     t0, t6, a2
core   0: 3 0x8000a8e4 (0x40cf82b3) x 5 0x7ffeaf87
core   0: 0x8000a8e8 (0x11960d23) sb      s9, 282(a2)
core   0: 3 0x8000a8e8 (0x11960d23) mem 0x80015193 0x0
core   0: 0x8000a8ec (0x6fa629a3) sw      s10, 1779(a2)
core   0: 3 0x8000a8ec (0x6fa629a3) mem 0x8001576c 0xffe000bb
core   0: 0x8000a8f0 (0x01a8b9b3) sltu    s3, a7, s10
core   0: 3 0x8000a8f0 (0x01a8b9b3) x19 0x00000001
core   0: 0x8000a8f4 (0x65f60683) lb      a3, 1631(a2)
core   0: 3 0x8000a8f4 (0x65f60683) x13 0x00000000 mem 0x800156d8
core   0: 0x8000a8f8 (0x70260283) lb      t0, 1794(a2)
core   0: 3 0x8000a8f8 (0x70260283) x 5 0xffffffad mem 0x8001577b
core   0: 0x8000a8fc (0x00a85e33) srl     t3, a6, a0
core   0: 3 0x8000a8fc (0x00a85e33) x28 0x00000006
core   0: 0x8000a900 (0x0ff0000f) fence   iorw,iorw
core   0: 3 0x8000a900 (0x0ff0000f)
core   0: 0x8000a904 (0x41d353b3) sra     t2, t1, t4
core   0: 3 0x8000a904 (0x41d353b3) x 7 0x00000000
core   0: 0x8000a908 (0x45064e03) lbu     t3, 1104(a2)
core   0: 3 0x8000a908 (0x45064e03) x28 0x00000000 mem 0x800154c9
core   0: 0x8000a90c (0x5e161fa3) sh      ra, 1535(a2)
core   0: 3 0x8000a90c (0x5e161fa3) mem 0x80015678 0x5c34
core   0: 0x8000a910 (0x3f060d83) lb      s11, 1008(a2)
core   0: 3 0x8000a910 (0x3f060d83) x27 0x00000000 mem 0x80015469
core   0: 0x8000a914 (0x01f78833) add     a6, a5, t6
core   0: 3 0x8000a914 (0x01f78833) x16 0x00000067
core   0: 0x8000a918 (0x66b62383) lw      t2, 1643(a2)
core   0: 3 0x8000a918 (0x66b62383) x 7 0x00000000 mem 0x800156e4
core   0: 0x8000a91c (0x00287c33) and     s8, a6, sp
core   0: 3 0x8000a91c (0x00287c33) x24 0x00000020
core   0: 0x8000a920 (0x00000013) nop
core   0: 3 0x8000a920 (0x00000013)
core   0: 0x8000a924 (0x40735793) srai    a5, t1, 7
core   0: 3 0x8000a924 (0x40735793) x15 0x00000000
core   0: 0x8000a928 (0xaf1aa293) slti    t0, s5, -1295
core   0: 3 0x8000a928 (0xaf1aa293) x 5 0x00000000
core   0: 0x8000a92c (0x012f4fb3) xor     t6, t5, s2
core   0: 3 0x8000a92c (0x012f4fb3) x31 0x00000000
core   0: 0x8000a930 (0x0ff0000f) fence   iorw,iorw
core   0: 3 0x8000a930 (0x0ff0000f)
core   0: 0x8000a934 (0x012e5f33) srl     t5, t3, s2
core   0: 3 0x8000a934 (0x012e5f33) x30 0x00000000
core   0: 0x8000a938 (0x0000100f) fence.i
core   0: 3 0x8000a938 (0x0000100f)
core   0: 0x8000a93c (0x58565083) lhu     ra, 1413(a2)
core   0: 3 0x8000a93c (0x58565083) x 1 0x0000aab3 mem 0x800155fe
core   0: 0x8000a940 (0x00000013) nop
core   0: 3 0x8000a940 (0x00000013)
core   0: 0x8000a944 (0x328603a3) sb      s0, 807(a2)
core   0: 3 0x8000a944 (0x328603a3) mem 0x800153a0 0x0
core   0: 0x8000a948 (0x1bb64903) lbu     s2, 443(a2)
core   0: 3 0x8000a948 (0x1bb64903) x18 0x00000000 mem 0x80015234
core   0: 0x8000a94c (0x012ad693) srli    a3, s5, 18
core   0: 3 0x8000a94c (0x012ad693) x13 0x00000000
core   0: 0x8000a950 (0x4d461da3) sh      s4, 1243(a2)
core   0: 3 0x8000a950 (0x4d461da3) mem 0x80015554 0x0023
core   0: 0x8000a954 (0x0ff0000f) fence   iorw,iorw
core   0: 3 0x8000a954 (0x0ff0000f)
core   0: 0x8000a958 (0x5e0603a3) sb      zero, 1511(a2)
core   0: 3 0x8000a958 (0x5e0603a3) mem 0x80015660 0x0
core   0: 0x8000a95c (0x5f760d23) sb      s7, 1530(a2)
core   0: 3 0x8000a95c (0x5f760d23) mem 0x80015673 0xb3
core   0: 0x8000a960 (0x00bd6f33) or      t5, s10, a1
core   0: 3 0x8000a960 (0x00bd6f33) x30 0xffe000ff
core   0: 0x8000a964 (0x4f664983) lbu     s3, 1270(a2)
core   0: 3 0x8000a964 (0x4f664983) x19 0x00000000 mem 0x8001556f
core   0: 0x8000a968 (0x13d6ba93) sltiu   s5, a3, 317
core   0: 3 0x8000a968 (0x13d6ba93) x21 0x00000001
core   0: 0x8000a96c (0x40d6fd13) andi    s10, a3, 1037
core   0: 3 0x8000a96c (0x40d6fd13) x26 0x00000000
core   0: 0x8000a970 (0x39660423) sb      s6, 904(a2)
core   0: 3 0x8000a970 (0x39660423) mem 0x80015401 0x0
core   0: 0x8000a974 (0x0000be97) auipc   t4, 0xb
core   0: 3 0x8000a974 (0x0000be97) x29 0x80015974
core   0: 0x8000a978 (0x437e8e93) addi    t4, t4, 1079
core   0: 3 0x8000a978 (0x437e8e93) x29 0x80015dab
core   0: 0x8000a97c (0xde584993) xori    s3, a6, -539
core   0: 3 0x8000a97c (0xde584993) x19 0xfffffd82
core   0: 0x8000a980 (0xf89e8003) lb      zero, -119(t4)
core   0: 3 0x8000a980 (0xf89e8003) mem 0x80015d34
core   0: 0x8000a984 (0xcc776f13) ori     t5, a4, -825
core   0: 3 0x8000a984 (0xcc776f13) x30 0xfffffdf7
core   0: 0x8000a988 (0x32c5c097) auipc   ra, 0x32c5c
core   0: 3 0x8000a988 (0x32c5c097) x 1 0xb2c66988
core   0: 0x8000a98c (0xf89ec903) lbu     s2, -119(t4)
core   0: 3 0x8000a98c (0xf89ec903) x18 0x00000000 mem 0x80015d34
core   0: 0x8000a990 (0xfc1e8823) sb      ra, -48(t4)
core   0: 3 0x8000a990 (0xfc1e8823) mem 0x80015d7b 0x88
core   0: 0x8000a994 (0x012673b3) and     t2, a2, s2
core   0: 3 0x8000a994 (0x012673b3) x 7 0x00000000
core   0: 0x8000a998 (0x0ff0000f) fence   iorw,iorw
core   0: 3 0x8000a998 (0x0ff0000f)
core   0: 0x8000a99c (0xfd4e8823) sb      s4, -48(t4)
core   0: 3 0x8000a99c (0xfd4e8823) mem 0x80015d7b 0x23
core   0: 0x8000a9a0 (0xf8eec603) lbu     a2, -114(t4)
core   0: 3 0x8000a9a0 (0xf8eec603) x12 0x00000000 mem 0x80015d39
core   0: 0x8000a9a4 (0xf83e87a3) sb      gp, -113(t4)
core   0: 3 0x8000a9a4 (0xf83e87a3) mem 0x80015d3a 0x0
core   0: 0x8000a9a8 (0x011a8933) add     s2, s5, a7
core   0: 3 0x8000a9a8 (0x011a8933) x18 0x00000001
core   0: 0x8000a9ac (0x0f3e9203) lh      tp, 243(t4)
core   0: 3 0x8000a9ac (0x0f3e9203) x 4 0x00000000 mem 0x80015e9e
core   0: 0x8000a9b0 (0x40aeda33) sra     s4, t4, a0
core   0: 3 0x8000a9b0 (0x40aeda33) x20 0xf80015da
core   0: 0x8000a9b4 (0x0f3edd83) lhu     s11, 243(t4)
core   0: 3 0x8000a9b4 (0x0f3edd83) x27 0x00000000 mem 0x80015e9e
core   0: 0x8000a9b8 (0xfa7e8423) sb      t2, -88(t4)
core   0: 3 0x8000a9b8 (0xfa7e8423) mem 0x80015d53 0x0
core   0: 0x8000a9bc (0x04dec703) lbu     a4, 77(t4)
core   0: 3 0x8000a9bc (0x04dec703) x14 0x00000000 mem 0x80015df8
core   0: 0x8000a9c0 (0x048ea6a3) sw      s0, 77(t4)
core   0: 3 0x8000a9c0 (0x048ea6a3) mem 0x80015df8 0x00000000
core   0: 0x8000a9c4 (0x07de8c23) sb      t4, 120(t4)
core   0: 3 0x8000a9c4 (0x07de8c23) mem 0x80015e23 0xab
core   0: 0x8000a9c8 (0x00017217) auipc   tp, 0x17
core   0: 3 0x8000a9c8 (0x00017217) x 4 0x800219c8
core   0: 0x8000a9cc (0xb9920213) addi    tp, tp, -1127
core   0: 3 0x8000a9cc (0xb9920213) x 4 0x80021561
core   0: 0x8000a9d0 (0x00b21483) lh      s1, 11(tp)
core   0: 3 0x8000a9d0 (0x00b21483) x 9 0x00000000 mem 0x8002156c
core   0: 0x8000a9d4 (0xfc5e4197) auipc   gp, 0xfc5e4
core   0: 3 0x8000a9d4 (0xfc5e4197) x 3 0x7c5ee9d4
core   0: 0x8000a9d8 (0x001225a3) sw      ra, 11(tp)
core   0: 3 0x8000a9d8 (0x001225a3) mem 0x8002156c 0xb2c66988
core   0: 0x8000a9dc (0x00b21d03) lh      s10, 11(tp)
core   0: 3 0x8000a9dc (0x00b21d03) x26 0x00006988 mem 0x8002156c
core   0: 0x8000a9e0 (0x00000013) nop
core   0: 3 0x8000a9e0 (0x00000013)
core   0: 0x8000a9e4 (0x00b205a3) sb      a1, 11(tp)
core   0: 3 0x8000a9e4 (0x00b205a3) mem 0x8002156c 0x67
core   0: 0x8000a9e8 (0x00b25903) lhu     s2, 11(tp)
core   0: 3 0x8000a9e8 (0x00b25903) x18 0x00006967 mem 0x8002156c
core   0: 0x8000a9ec (0x00e215a3) sh      a4, 11(tp)
core   0: 3 0x8000a9ec (0x00e215a3) mem 0x8002156c 0x0000
core   0: 0x8000a9f0 (0x003205a3) sb      gp, 11(tp)
core   0: 3 0x8000a9f0 (0x003205a3) mem 0x8002156c 0xd4
core   0: 0x8000a9f4 (0x010215a3) sh      a6, 11(tp)
core   0: 3 0x8000a9f4 (0x010215a3) mem 0x8002156c 0x0067
core   0: 0x8000a9f8 (0x00b21403) lh      s0, 11(tp)
core   0: 3 0x8000a9f8 (0x00b21403) x 8 0x00000067 mem 0x8002156c
core   0: 0x8000a9fc (0x01d7bdb3) sltu    s11, a5, t4
core   0: 3 0x8000a9fc (0x01d7bdb3) x27 0x00000001
core   0: 0x8000aa00 (0x00b20583) lb      a1, 11(tp)
core   0: 3 0x8000aa00 (0x00b20583) x11 0x00000067 mem 0x8002156c
core   0: 0x8000aa04 (0x00401e93) slli    t4, zero, 4
core   0: 3 0x8000aa04 (0x00401e93) x29 0x00000000
core   0: 0x8000aa08 (0x00620703) lb      a4, 6(tp)
core   0: 3 0x8000aa08 (0x00620703) x14 0x00000000 mem 0x80021567
core   0: 0x8000aa0c (0x00b20323) sb      a1, 6(tp)
core   0: 3 0x8000aa0c (0x00b20323) mem 0x80021567 0x67
core   0: 0x8000aa10 (0x01120323) sb      a7, 6(tp)
core   0: 3 0x8000aa10 (0x01120323) mem 0x80021567 0x0
core   0: 0x8000aa14 (0xa9876413) ori     s0, a4, -1384
core   0: 3 0x8000aa14 (0xa9876413) x 8 0xfffffa98
core   0: 0x8000aa18 (0x00220323) sb      sp, 6(tp)
core   0: 3 0x8000aa18 (0x00220323) mem 0x80021567 0x38
core   0: 0x8000aa1c (0x00d20323) sb      a3, 6(tp)
core   0: 3 0x8000aa1c (0x00d20323) mem 0x80021567 0x0
core   0: 0x8000aa20 (0x03520923) sb      s5, 50(tp)
core   0: 3 0x8000aa20 (0x03520923) mem 0x80021593 0x1
core   0: 0x8000aa24 (0x03220383) lb      t2, 50(tp)
core   0: 3 0x8000aa24 (0x03220383) x 7 0x00000001 mem 0x80021593
core   0: 0x8000aa28 (0x03224f83) lbu     t6, 50(tp)
core   0: 3 0x8000aa28 (0x03224f83) x31 0x00000001 mem 0x80021593
core   0: 0x8000aa2c (0x0ff0000f) fence   iorw,iorw
core   0: 3 0x8000aa2c (0x0ff0000f)
core   0: 0x8000aa30 (0xff620003) lb      zero, -10(tp)
core   0: 3 0x8000aa30 (0xff620003) mem 0x80021557
core   0: 0x8000aa34 (0xfe820b23) sb      s0, -10(tp)
core   0: 3 0x8000aa34 (0xfe820b23) mem 0x80021557 0x98
core   0: 0x8000aa38 (0x0000b317) auipc   t1, 0xb
core   0: 3 0x8000aa38 (0x0000b317) x 6 0x80015a38
core   0: 0x8000aa3c (0xcd230313) addi    t1, t1, -814
core   0: 3 0x8000aa3c (0xcd230313) x 6 0x8001570a
core   0: 0x8000aa40 (0x0ff0000f) fence   iorw,iorw
core   0: 3 0x8000aa40 (0x0ff0000f)
core   0: 0x8000aa44 (0xa2334003) lbu     zero, -1501(t1)
core   0: 3 0x8000aa44 (0xa2334003) mem 0x8001512d
core   0: 0x8000aa48 (0x016bb833) sltu    a6, s7, s6
core   0: 3 0x8000aa48 (0x016bb833) x16 0x00000000
core   0: 0x8000aa4c (0x01f66633) or      a2, a2, t6
core   0: 3 0x8000aa4c (0x01f66633) x12 0x00000001
core   0: 0x8000aa50 (0x00000013) nop
core   0: 3 0x8000aa50 (0x00000013)
core   0: 0x8000aa54 (0x00000013) nop
core   0: 3 0x8000aa54 (0x00000013)
core   0: 0x8000aa58 (0x01fdd593) srli    a1, s11, 31
core   0: 3 0x8000aa58 (0x01fdd593) x11 0x00000000
core   0: 0x8000aa5c (0x00000013) nop
core   0: 3 0x8000aa5c (0x00000013)
core   0: 0x8000aa60 (0x412657b3) sra     a5, a2, s2
core   0: 3 0x8000aa60 (0x412657b3) x15 0x00000000
core   0: 0x8000aa64 (0x0ff0000f) fence   iorw,iorw
core   0: 3 0x8000aa64 (0x0ff0000f)
core   0: 0x8000aa68 (0x018ef9b3) and     s3, t4, s8
core   0: 3 0x8000aa68 (0x018ef9b3) x19 0x00000000
core   0: 0x8000aa6c (0x011e72b3) and     t0, t3, a7
core   0: 3 0x8000aa6c (0x011e72b3) x 5 0x00000000
core   0: 0x8000aa70 (0x00bf4ab3) xor     s5, t5, a1
core   0: 3 0x8000aa70 (0x00bf4ab3) x21 0xfffffdf7
core   0: 0x8000aa74 (0x89bbf413) andi    s0, s7, -1893
core   0: 3 0x8000aa74 (0x89bbf413) x 8 0xd1eea893
core   0: 0x8000aa78 (0x9e430123) sb      tp, -1566(t1)
core   0: 3 0x8000aa78 (0x9e430123) mem 0x800150ec 0x61
core   0: 0x8000aa7c (0x41f5d433) sra     s0, a1, t6
core   0: 3 0x8000aa7c (0x41f5d433) x 8 0x00000000
core   0: 0x8000aa80 (0x014ee233) or      tp, t4, s4
core   0: 3 0x8000aa80 (0x014ee233) x 4 0xf80015da
core   0: 0x8000aa84 (0xdab34603) lbu     a2, -597(t1)
core   0: 3 0x8000aa84 (0xdab34603) x12 0x00000000 mem 0x800154b5
core   0: 0x8000aa88 (0x60f34603) lbu     a2, 1551(t1)
core   0: 3 0x8000aa88 (0x60f34603) x12 0x00000000 mem 0x80015d19
core   0: 0x8000aa8c (0x0144cd33) xor     s10, s1, s4
core   0: 3 0x8000aa8c (0x0144cd33) x26 0xf80015da
core   0: 0x8000aa90 (0x20431703) lh      a4, 516(t1)
core   0: 3 0x8000aa90 (0x20431703) x14 0x00000000 mem 0x8001590e
core   0: 0x8000aa94 (0x29b30083) lb      ra, 667(t1)
core   0: 3 0x8000aa94 (0x29b30083) x 1 0x00000000 mem 0x800159a5
core   0: 0x8000aa98 (0xfb65c393) xori    t2, a1, -74
core   0: 3 0x8000aa98 (0xfb65c393) x 7 0xffffffb6
core   0: 0x8000aa9c (0xd9c32013) slti    zero, t1, -612
core   0: 3 0x8000aa9c (0xd9c32013)
core   0: 0x8000aaa0 (0x00928eb3) add     t4, t0, s1
core   0: 3 0x8000aaa0 (0x00928eb3) x29 0x00000000
core   0: 0x8000aaa4 (0xd6530483) lb      s1, -667(t1)
core   0: 3 0x8000aaa4 (0xd6530483) x 9 0x00000000 mem 0x8001546f
core   0: 0x8000aaa8 (0xc4834583) lbu     a1, -952(t1)
core   0: 3 0x8000aaa8 (0xc4834583) x11 0x00000000 mem 0x80015352
core   0: 0x8000aaac (0x6cf30e23) sb      a5, 1756(t1)
core   0: 3 0x8000aaac (0x6cf30e23) mem 0x80015de6 0x0
core   0: 0x8000aab0 (0x00607e33) and     t3, zero, t1
core   0: 3 0x8000aab0 (0x00607e33) x28 0x00000000
core   0: 0x8000aab4 (0x02530703) lb      a4, 37(t1)
core   0: 3 0x8000aab4 (0x02530703) x14 0x00000000 mem 0x8001572f
core   0: 0x8000aab8 (0x011b49b3) xor     s3, s6, a7
core   0: 3 0x8000aab8 (0x011b49b3) x19 0x00000000
core   0: 0x8000aabc (0x0000100f) fence.i
core   0: 3 0x8000aabc (0x0000100f)
core   0: 0x8000aac0 (0x76a6c493) xori    s1, a3, 1898
core   0: 3 0x8000aac0 (0x76a6c493) x 9 0x0000076a
core   0: 0x8000aac4 (0x33e32a83) lw      s5, 830(t1)
core   0: 3 0x8000aac4 (0x33e32a83) x21 0x40000000 mem 0x80015a48
core   0: 0x8000aac8 (0x45a308a3) sb      s10, 1105(t1)
core   0: 3 0x8000aac8 (0x45a308a3) mem 0x80015b5b 0xda
core   0: 0x8000aacc (0xb1934a03) lbu     s4, -1255(t1)
core   0: 3 0x8000aacc (0xb1934a03) x20 0x00000000 mem 0x80015223
core   0: 0x8000aad0 (0x006e5e13) srli    t3, t3, 6
core   0: 3 0x8000aad0 (0x006e5e13) x28 0x00000000
core   0: 0x8000aad4 (0x00000013) nop
core   0: 3 0x8000aad4 (0x00000013)
core   0: 0x8000aad8 (0xc6332923) sw      gp, -910(t1)
core   0: 3 0x8000aad8 (0xc6332923) mem 0x8001537c 0x7c5ee9d4
core   0: 0x8000aadc (0x003e9e33) sll     t3, t4, gp
core   0: 3 0x8000aadc (0x003e9e33) x28 0x00000000
core   0: 0x8000aae0 (0xfe530383) lb      t2, -27(t1)
core   0: 3 0x8000aae0 (0xfe530383) x 7 0x00000000 mem 0x800156ef
core   0: 0x8000aae4 (0x0110f1b3) and     gp, ra, a7
core   0: 3 0x8000aae4 (0x0110f1b3) x 3 0x00000000
core   0: 0x8000aae8 (0x5fa34603) lbu     a2, 1530(t1)
core   0: 3 0x8000aae8 (0x5fa34603) x12 0x00000000 mem 0x80015d04
core   0: 0x8000aaec (0x5e130e23) sb      ra, 1532(t1)
core   0: 3 0x8000aaec (0x5e130e23) mem 0x80015d06 0x0
core   0: 0x8000aaf0 (0xaaccf813) andi    a6, s9, -1364
core   0: 3 0x8000aaf0 (0xaaccf813) x16 0x00000000
core   0: 0x8000aaf4 (0x4d835f83) lhu     t6, 1240(t1)
core   0: 3 0x8000aaf4 (0x4d835f83) x31 0x00000000 mem 0x80015be2
core   0: 0x8000aaf8 (0x00014c17) auipc   s8, 0x14
core   0: 3 0x8000aaf8 (0x00014c17) x24 0x8001eaf8
core   0: 0x8000aafc (0x1f9c0c13) addi    s8, s8, 505
core   0: 3 0x8000aafc (0x1f9c0c13) x24 0x8001ecf1
core   0: 0x8000ab00 (0x00bc5e83) lhu     t4, 11(s8)
core   0: 3 0x8000ab00 (0x00bc5e83) x29 0x00000000 mem 0x8001ecfc
core   0: 0x8000ab04 (0x032c4d03) lbu     s10, 50(s8)
core   0: 3 0x8000ab04 (0x032c4d03) x26 0x00000000 mem 0x8001ed23
core   0: 0x8000ab08 (0xa3c8e613) ori     a2, a7, -1476
core   0: 3 0x8000ab08 (0xa3c8e613) x12 0xfffffa3c
core   0: 0x8000ab0c (0x00a43733) sltu    a4, s0, a0
core   0: 3 0x8000ab0c (0x00a43733) x14 0x00000001
core   0: 0x8000ab10 (0x002dddb3) srl     s11, s11, sp
core   0: 3 0x8000ab10 (0x002dddb3) x27 0x00000000
core   0: 0x8000ab14 (0xffcc0a03) lb      s4, -4(s8)
core   0: 3 0x8000ab14 (0xffcc0a03) x20 0x00000000 mem 0x8001eced
core   0: 0x8000ab18 (0x00669f13) slli    t5, a3, 6
core   0: 3 0x8000ab18 (0x00669f13) x30 0x00000000
core   0: 0x8000ab1c (0x03cc4d83) lbu     s11, 60(s8)
core   0: 3 0x8000ab1c (0x03cc4d83) x27 0x00000000 mem 0x8001ed2d
core   0: 0x8000ab20 (0x01e3d2b3) srl     t0, t2, t5
core   0: 3 0x8000ab20 (0x01e3d2b3) x 5 0x00000000
core   0: 0x8000ab24 (0xffbc2483) lw      s1, -5(s8)
core   0: 3 0x8000ab24 (0xffbc2483) x 9 0x00000000 mem 0x8001ecec
core   0: 0x8000ab28 (0x40c200b3) sub     ra, tp, a2
core   0: 3 0x8000ab28 (0x40c200b3) x 1 0xf8001b9e
core   0: 0x8000ab2c (0xfc5c1fa3) sh      t0, -33(s8)
core   0: 3 0x8000ab2c (0xfc5c1fa3) mem 0x8001ecd0 0x0000
core   0: 0x8000ab30 (0x02ec0e03) lb      t3, 46(s8)
core   0: 3 0x8000ab30 (0x02ec0e03) x28 0x00000000 mem 0x8001ed1f
core   0: 0x8000ab34 (0xfc5c0623) sb      t0, -52(s8)
core   0: 3 0x8000ab34 (0xfc5c0623) mem 0x8001ecbd 0x0
core   0: 0x8000ab38 (0x41ab05b3) sub     a1, s6, s10
core   0: 3 0x8000ab38 (0x41ab05b3) x11 0x00000000
core   0: 0x8000ab3c (0x00d40eb3) add     t4, s0, a3
core   0: 3 0x8000ab3c (0x00d40eb3) x29 0x00000000
core   0: 0x8000ab40 (0xffdc1e03) lh      t3, -3(s8)
core   0: 3 0x8000ab40 (0xffdc1e03) x28 0x00000000 mem 0x8001ecee
core   0: 0x8000ab44 (0x01fc4803) lbu     a6, 31(s8)
core   0: 3 0x8000ab44 (0x01fc4803) x16 0x00000000 mem 0x8001ed10
core   0: 0x8000ab48 (0x0000100f) fence.i
core   0: 3 0x8000ab48 (0x0000100f)
core   0: 0x8000ab4c (0xfddc4f83) lbu     t6, -35(s8)
core   0: 3 0x8000ab4c (0xfddc4f83) x31 0x00000000 mem 0x8001ecce
core   0: 0x8000ab50 (0xfdac12a3) sh      s10, -59(s8)
core   0: 3 0x8000ab50 (0xfdac12a3) mem 0x8001ecb6 0x0000
core   0: 0x8000ab54 (0x03ac0823) sb      s10, 48(s8)
core   0: 3 0x8000ab54 (0x03ac0823) mem 0x8001ed21 0x0
core   0: 0x8000ab58 (0x016c0c23) sb      s6, 24(s8)
core   0: 3 0x8000ab58 (0x016c0c23) mem 0x8001ed09 0x0
core   0: 0x8000ab5c (0xfd7c1ca3) sh      s7, -39(s8)
core   0: 3 0x8000ab5c (0xfd7c1ca3) mem 0x8001ecca 0xaab3
core   0: 0x8000ab60 (0xfcdc4903) lbu     s2, -51(s8)
core   0: 3 0x8000ab60 (0xfcdc4903) x18 0x00000000 mem 0x8001ecbe
core   0: 0x8000ab64 (0xff0c4a03) lbu     s4, -16(s8)
core   0: 3 0x8000ab64 (0xff0c4a03) x20 0x00000000 mem 0x8001ece1
core   0: 0x8000ab68 (0x010c0a83) lb      s5, 16(s8)
core   0: 3 0x8000ab68 (0x010c0a83) x21 0x00000000 mem 0x8001ed01
core   0: 0x8000ab6c (0x4d1f6313) ori     t1, t5, 1233
core   0: 3 0x8000ab6c (0x4d1f6313) x 6 0x000004d1
core   0: 0x8000ab70 (0x0002de13) srli    t3, t0, 0
core   0: 3 0x8000ab70 (0x0002de13) x28 0x00000000
core   0: 0x8000ab74 (0x01e35613) srli    a2, t1, 30
core   0: 3 0x8000ab74 (0x01e35613) x12 0x00000000
core   0: 0x8000ab78 (0x01070433) add     s0, a4, a6
core   0: 3 0x8000ab78 (0x01070433) x 8 0x00000001
core   0: 0x8000ab7c (0x00880933) add     s2, a6, s0
core   0: 3 0x8000ab7c (0x00880933) x18 0x00000001
core   0: 0x8000ab80 (0x01bc5403) lhu     s0, 27(s8)
core   0: 3 0x8000ab80 (0x01bc5403) x 8 0x00000000 mem 0x8001ed0c
core   0: 0x8000ab84 (0xe3bfed13) ori     s10, t6, -453
core   0: 3 0x8000ab84 (0xe3bfed13) x26 0xfffffe3b
core   0: 0x8000ab88 (0xff8c0823) sb      s8, -16(s8)
core   0: 3 0x8000ab88 (0xff8c0823) mem 0x8001ece1 0xf1
core   0: 0x8000ab8c (0x039c1c83) lh      s9, 57(s8)
core   0: 3 0x8000ab8c (0x039c1c83) x25 0x00000000 mem 0x8001ed2a
core   0: 0x8000ab90 (0x001c0e03) lb      t3, 1(s8)
core   0: 3 0x8000ab90 (0x001c0e03) x28 0x00000000 mem 0x8001ecf2
core   0: 0x8000ab94 (0x0136da33) srl     s4, a3, s3
core   0: 3 0x8000ab94 (0x0136da33) x20 0x00000000
core   0: 0x8000ab98 (0x01bc2b03) lw      s6, 27(s8)
core   0: 3 0x8000ab98 (0x01bc2b03) x22 0x00000000 mem 0x8001ed0c
core   0: 0x8000ab9c (0x0000a217) auipc   tp, 0xa
core   0: 3 0x8000ab9c (0x0000a217) x 4 0x80014b9c
core   0: 0x8000aba0 (0x6c920213) addi    tp, tp, 1737
core   0: 3 0x8000aba0 (0x6c920213) x 4 0x80015265
core   0: 0x8000aba4 (0xf6cecf13) xori    t5, t4, -148
core   0: 3 0x8000aba4 (0xf6cecf13) x30 0xffffff6c
core   0: 0x8000aba8 (0x19820c23) sb      s8, 408(tp)
core   0: 3 0x8000aba8 (0x19820c23) mem 0x800153fd 0xf1
core   0: 0x8000abac (0x3ff25b03) lhu     s6, 1023(tp)
core   0: 3 0x8000abac (0x3ff25b03) x22 0x00000000 mem 0x80015664
core   0: 0x8000abb0 (0xf9b21703) lh      a4, -101(tp)
core   0: 3 0x8000abb0 (0xf9b21703) x14 0x00000000 mem 0x80015200
core   0: 0x8000abb4 (0xfa624303) lbu     t1, -90(tp)
core   0: 3 0x8000abb4 (0xfa624303) x 6 0x00000080 mem 0x8001520b
core   0: 0x8000abb8 (0x00b70433) add     s0, a4, a1
core   0: 3 0x8000abb8 (0x00b70433) x 8 0x00000000
core   0: 0x8000abbc (0xec220083) lb      ra, -318(tp)
core   0: 3 0x8000abbc (0xec220083) x 1 0x00000000 mem 0x80015127
core   0: 0x8000abc0 (0xf7e208a3) sb      t5, -143(tp)
core   0: 3 0x8000abc0 (0xf7e208a3) mem 0x800151d6 0x6c
core   0: 0x8000abc4 (0x40020483) lb      s1, 1024(tp)
core   0: 3 0x8000abc4 (0x40020483) x 9 0x00000000 mem 0x80015665
core   0: 0x8000abc8 (0x5f2210a3) sh      s2, 1505(tp)
core   0: 3 0x8000abc8 (0x5f2210a3) mem 0x80015846 0x0001
core   0: 0x8000abcc (0xf8e20903) lb      s2, -114(tp)
core   0: 3 0x8000abcc (0xf8e20903) x18 0x00000000 mem 0x800151f3
core   0: 0x8000abd0 (0xf0924b03) lbu     s6, -247(tp)
core   0: 3 0x8000abd0 (0xf0924b03) x22 0x000000f8 mem 0x8001516e
core   0: 0x8000abd4 (0x56820ea3) sb      s0, 1405(tp)
core   0: 3 0x8000abd4 (0x56820ea3) mem 0x800157e2 0x0
core   0: 0x8000abd8 (0x00d85f93) srli    t6, a6, 13
core   0: 3 0x8000abd8 (0x00d85f93) x31 0x00000000
core   0: 0x8000abdc (0xa1177f93) andi    t6, a4, -1519
core   0: 3 0x8000abdc (0xa1177f93) x31 0x00000000
core   0: 0x8000abe0 (0x940aa893) slti    a7, s5, -1728
core   0: 3 0x8000abe0 (0x940aa893) x17 0x00000000
core   0: 0x8000abe4 (0x2d824603) lbu     a2, 728(tp)
core   0: 3 0x8000abe4 (0x2d824603) x12 0x00000000 mem 0x8001553d
core   0: 0x8000abe8 (0xecc20403) lb      s0, -308(tp)
core   0: 3 0x8000abe8 (0xecc20403) x 8 0x00000000 mem 0x80015131
core   0: 0x8000abec (0x0a521d03) lh      s10, 165(tp)
core   0: 3 0x8000abec (0x0a521d03) x26 0x00000000 mem 0x8001530a
core   0: 0x8000abf0 (0x014fd593) srli    a1, t6, 20
core   0: 3 0x8000abf0 (0x014fd593) x11 0x00000000
core   0: 0x8000abf4 (0x0000100f) fence.i
core   0: 3 0x8000abf4 (0x0000100f)
core   0: 0x8000abf8 (0xda8a7713) andi    a4, s4, -600
core   0: 3 0x8000abf8 (0xda8a7713) x14 0x00000000
core   0: 0x8000abfc (0xdfe20383) lb      t2, -514(tp)
core   0: 3 0x8000abfc (0xdfe20383) x 7 0x00000000 mem 0x80015063
core   0: 0x8000ac00 (0x79f216a3) sh      t6, 1933(tp)
core   0: 3 0x8000ac00 (0x79f216a3) mem 0x800159f2 0x0000
core   0: 0x8000ac04 (0x00ae2433) slt     s0, t3, a0
core   0: 3 0x8000ac04 (0x00ae2433) x 8 0x00000000
core   0: 0x8000ac08 (0xa1d14613) xori    a2, sp, -1507
core   0: 3 0x8000ac08 (0xa1d14613) x12 0x7ffd5425
core   0: 0x8000ac0c (0x17e24903) lbu     s2, 382(tp)
core   0: 3 0x8000ac0c (0x17e24903) x18 0x0000007f mem 0x800153e3
core   0: 0x8000ac10 (0x2ab5d0b7) lui     ra, 0x2ab5d
core   0: 3 0x8000ac10 (0x2ab5d0b7) x 1 0x2ab5d000
core   0: 0x8000ac14 (0x0c320903) lb      s2, 195(tp)
core   0: 3 0x8000ac14 (0x0c320903) x18 0x00000000 mem 0x80015328
core   0: 0x8000ac18 (0x364e2637) lui     a2, 0x364e2
core   0: 3 0x8000ac18 (0x364e2637) x12 0x364e2000
core   0: 0x8000ac1c (0x41f1dc33) sra     s8, gp, t6
core   0: 3 0x8000ac1c (0x41f1dc33) x24 0x00000000
core   0: 0x8000ac20 (0x015b9433) sll     s0, s7, s5
core   0: 3 0x8000ac20 (0x015b9433) x 8 0xd1eeaab3
core   0: 0x8000ac24 (0x33b201a3) sb      s11, 803(tp)
core   0: 3 0x8000ac24 (0x33b201a3) mem 0x80015588 0x0
core   0: 0x8000ac28 (0x40d757b3) sra     a5, a4, a3
core   0: 3 0x8000ac28 (0x40d757b3) x15 0x00000000
core   0: 0x8000ac2c (0x01233033) sltu    zero, t1, s2
core   0: 3 0x8000ac2c (0x01233033)
core   0: 0x8000ac30 (0x854d0497) auipc   s1, 0x854d0
core   0: 3 0x8000ac30 (0x854d0497) x 9 0x054dac30
core   0: 0x8000ac34 (0x00c16d33) or      s10, sp, a2
core   0: 3 0x8000ac34 (0x00c16d33) x26 0xb64eae38
core   0: 0x8000ac38 (0x78524783) lbu     a5, 1925(tp)
core   0: 3 0x8000ac38 (0x78524783) x15 0x00000000 mem 0x800159ea
core   0: 0x8000ac3c (0x01100eb3) add     t4, zero, a7
core   0: 3 0x8000ac3c (0x01100eb3) x29 0x00000000
core   0: 0x8000ac40 (0x2ac20903) lb      s2, 684(tp)
core   0: 3 0x8000ac40 (0x2ac20903) x18 0x00000000 mem 0x80015511
core   0: 0x8000ac44 (0xfdc214a3) sh      t3, -55(tp)
core   0: 3 0x8000ac44 (0xfdc214a3) mem 0x8001522e 0x0000
core   0: 0x8000ac48 (0x02620c83) lb      s9, 38(tp)
core   0: 3 0x8000ac48 (0x02620c83) x25 0x00000000 mem 0x8001528b
core   0: 0x8000ac4c (0x0000100f) fence.i
core   0: 3 0x8000ac4c (0x0000100f)
core   0: 0x8000ac50 (0x14e24b03) lbu     s6, 334(tp)
core   0: 3 0x8000ac50 (0x14e24b03) x22 0x00000000 mem 0x800153b3
core   0: 0x8000ac54 (0x00000013) nop
core   0: 3 0x8000ac54 (0x00000013)
core   0: 0x8000ac58 (0x011a9913) slli    s2, s5, 17
core   0: 3 0x8000ac58 (0x011a9913) x18 0x00000000
core   0: 0x8000ac5c (0x00000013) nop
core   0: 3 0x8000ac5c (0x00000013)
core   0: 0x8000ac60 (0x00e5fab3) and     s5, a1, a4
core   0: 3 0x8000ac60 (0x00e5fab3) x21 0x00000000
core   0: 0x8000ac64 (0x01c1d6b3) srl     a3, gp, t3
core   0: 3 0x8000ac64 (0x01c1d6b3) x13 0x00000000
core   0: 0x8000ac68 (0x0ff0000f) fence   iorw,iorw
core   0: 3 0x8000ac68 (0x0ff0000f)
core   0: 0x8000ac6c (0x55520e23) sb      s5, 1372(tp)
core   0: 3 0x8000ac6c (0x55520e23) mem 0x800157c1 0x0
core   0: 0x8000ac70 (0x31824603) lbu     a2, 792(tp)
core   0: 3 0x8000ac70 (0x31824603) x12 0x00000000 mem 0x8001557d
core   0: 0x8000ac74 (0x41055e33) sra     t3, a0, a6
core   0: 3 0x8000ac74 (0x41055e33) x28 0x8002ece4
core   0: 0x8000ac78 (0x7fe24783) lbu     a5, 2046(tp)
core   0: 3 0x8000ac78 (0x7fe24783) x15 0x00000000 mem 0x80015a63
core   0: 0x8000ac7c (0x0000a897) auipc   a7, 0xa
core   0: 3 0x8000ac7c (0x0000a897) x17 0x80014c7c
core   0: 0x8000ac80 (0x53388893) addi    a7, a7, 1331
core   0: 3 0x8000ac80 (0x53388893) x17 0x800151af
core   0: 0x8000ac84 (0xfd588b23) sb      s5, -42(a7)
core   0: 3 0x8000ac84 (0xfd588b23) mem 0x80015185 0x0
core   0: 0x8000ac88 (0x026884a3) sb      t1, 41(a7)
core   0: 3 0x8000ac88 (0x026884a3) mem 0x800151d8 0x80
core   0: 0x8000ac8c (0x0318d803) lhu     a6, 49(a7)
core   0: 3 0x8000ac8c (0x0318d803) x16 0x00000000 mem 0x800151e0
core   0: 0x8000ac90 (0xa1adb613) sltiu   a2, s11, -1510
core   0: 3 0x8000ac90 (0xa1adb613) x12 0x00000001
core   0: 0x8000ac94 (0x0258c583) lbu     a1, 37(a7)
core   0: 3 0x8000ac94 (0x0258c583) x11 0x00000000 mem 0x800151d4
core   0: 0x8000ac98 (0xfc3894a3) sh      gp, -55(a7)
core   0: 3 0x8000ac98 (0xfc3894a3) mem 0x80015178 0x0000
core   0: 0x8000ac9c (0xffc8c803) lbu     a6, -4(a7)
core   0: 3 0x8000ac9c (0xffc8c803) x16 0x00000000 mem 0x800151ab
core   0: 0x8000aca0 (0x01d7b833) sltu    a6, a5, t4
core   0: 3 0x8000aca0 (0x01d7b833) x16 0x00000000
core   0: 0x8000aca4 (0x9e366d93) ori     s11, a2, -1565
core   0: 3 0x8000aca4 (0x9e366d93) x27 0xfffff9e3
core   0: 0x8000aca8 (0xdb0aff13) andi    t5, s5, -592
core   0: 3 0x8000aca8 (0xdb0aff13) x30 0x00000000
core   0: 0x8000acac (0xfcb88c23) sb      a1, -40(a7)
core   0: 3 0x8000acac (0xfcb88c23) mem 0x80015187 0x0
core   0: 0x8000acb0 (0x03688d23) sb      s6, 58(a7)
core   0: 3 0x8000acb0 (0x03688d23) mem 0x800151e9 0x0
core   0: 0x8000acb4 (0xfd58a983) lw      s3, -43(a7)
core   0: 3 0x8000acb4 (0xfd58a983) x19 0x00000000 mem 0x80015184
core   0: 0x8000acb8 (0xfe388d83) lb      s11, -29(a7)
core   0: 3 0x8000acb8 (0xfe388d83) x27 0x00000000 mem 0x80015192
core   0: 0x8000acbc (0x0178c483) lbu     s1, 23(a7)
core   0: 3 0x8000acbc (0x0178c483) x 9 0x00000000 mem 0x800151c6
core   0: 0x8000acc0 (0xfdf22f13) slti    t5, tp, -33
core   0: 3 0x8000acc0 (0xfdf22f13) x30 0x00000001
core   0: 0x8000acc4 (0xd35aac93) slti    s9, s5, -715
core   0: 3 0x8000acc4 (0xd35aac93) x25 0x00000000
core   0: 0x8000acc8 (0xff85fd93) andi    s11, a1, -8
core   0: 3 0x8000acc8 (0xff85fd93) x27 0x00000000
core   0: 0x8000accc (0x002899a3) sh      sp, 19(a7)
core   0: 3 0x8000accc (0x002899a3) mem 0x800151c2 0xae38
core   0: 0x8000acd0 (0xfcc8cb03) lbu     s6, -52(a7)
core   0: 3 0x8000acd0 (0xfcc8cb03) x22 0x00000000 mem 0x8001517b
core   0: 0x8000acd4 (0x85265837) lui     a6, 0x85265
core   0: 3 0x8000acd4 (0x85265837) x16 0x85265000
core   0: 0x8000acd8 (0x3a940797) auipc   a5, 0x3a940
core   0: 3 0x8000acd8 (0x3a940797) x15 0xba94acd8
core   0: 0x8000acdc (0x4104d3b3) sra     t2, s1, a6
core   0: 3 0x8000acdc (0x4104d3b3) x 7 0x00000000
core   0: 0x8000ace0 (0x4ed53d13) sltiu   s10, a0, 1261
core   0: 3 0x8000ace0 (0x4ed53d13) x26 0x00000000
core   0: 0x8000ace4 (0xabd30593) addi    a1, t1, -1347
core   0: 3 0x8000ace4 (0xabd30593) x11 0xfffffb3d
core   0: 0x8000ace8 (0xff98c803) lbu     a6, -7(a7)
core   0: 3 0x8000ace8 (0xff98c803) x16 0x00000000 mem 0x800151a8
core   0: 0x8000acec (0x348bf093) andi    ra, s7, 840
core   0: 3 0x8000acec (0x348bf093) x 1 0x00000200
core   0: 0x8000acf0 (0x41018833) sub     a6, gp, a6
core   0: 3 0x8000acf0 (0x41018833) x16 0x00000000
core   0: 0x8000acf4 (0x00389c83) lh      s9, 3(a7)
core   0: 3 0x8000acf4 (0x00389c83) x25 0x00000000 mem 0x800151b2
core   0: 0x8000acf8 (0x00c08017) auipc   zero, 0xc08
core   0: 3 0x8000acf8 (0x00c08017)
core   0: 0x8000acfc (0xfc189c03) lh      s8, -63(a7)
core   0: 3 0x8000acfc (0xfc189c03) x24 0x00000000 mem 0x80015170
core   0: 0x8000ad00 (0x41ff0233) sub     tp, t5, t6
core   0: 3 0x8000ad00 (0x41ff0233) x 4 0x00000001
core   0: 0x8000ad04 (0xff98a4a3) sw      s9, -23(a7)
core   0: 3 0x8000ad04 (0xff98a4a3) mem 0x80015198 0x00000000
core   0: 0x8000ad08 (0x00019e17) auipc   t3, 0x19
core   0: 3 0x8000ad08 (0x00019e17) x28 0x80023d08
core   0: 0x8000ad0c (0xaf5e0e13) addi    t3, t3, -1291
core   0: 3 0x8000ad0c (0xaf5e0e13) x28 0x800237fd
core   0: 0x8000ad10 (0xf6ae0603) lb      a2, -150(t3)
core   0: 3 0x8000ad10 (0xf6ae0603) x12 0x00000000 mem 0x80023767
core   0: 0x8000ad14 (0x754d4493) xori    s1, s10, 1876
core   0: 3 0x8000ad14 (0x754d4493) x 9 0x00000754
core   0: 0x8000ad18 (0x8d5215b7) lui     a1, 0x8d521
core   0: 3 0x8000ad18 (0x8d5215b7) x11 0x8d521000
core   0: 0x8000ad1c (0x0f4e14a3) sh      s4, 233(t3)
core   0: 3 0x8000ad1c (0x0f4e14a3) mem 0x800238e6 0x0000
core   0: 0x8000ad20 (0xf0ee07a3) sb      a4, -241(t3)
core   0: 3 0x8000ad20 (0xf0ee07a3) mem 0x8002370c 0x0
core   0: 0x8000ad24 (0xfc6e0003) lb      zero, -58(t3)
core   0: 3 0x8000ad24 (0xfc6e0003) mem 0x800237c3
core   0: 0x8000ad28 (0x01505393) srli    t2, zero, 21
core   0: 3 0x8000ad28 (0x01505393) x 7 0x00000000
core   0: 0x8000ad2c (0x0bae0403) lb      s0, 186(t3)
core   0: 3 0x8000ad2c (0x0bae0403) x 8 0x00000000 mem 0x800238b7
core   0: 0x8000ad30 (0x0dae4003) lbu     zero, 218(t3)
core   0: 3 0x8000ad30 (0x0dae4003) mem 0x800238d7
core   0: 0x8000ad34 (0xf75e0ea3) sb      s5, -131(t3)
core   0: 3 0x8000ad34 (0xf75e0ea3) mem 0x8002377a 0x0
core   0: 0x8000ad38 (0x01dc8333) add     t1, s9, t4
core   0: 3 0x8000ad38 (0x01dc8333) x 6 0x00000000
core   0: 0x8000ad3c (0x00000013) nop
core   0: 3 0x8000ad3c (0x00000013)
core   0: 0x8000ad40 (0x0e5e0183) lb      gp, 229(t3)
core   0: 3 0x8000ad40 (0x0e5e0183) x 3 0x00000000 mem 0x800238e2
core   0: 0x8000ad44 (0xf60e4403) lbu     s0, -160(t3)
core   0: 3 0x8000ad44 (0xf60e4403) x 8 0x00000000 mem 0x8002375d
core   0: 0x8000ad48 (0xfc9e0883) lb      a7, -55(t3)
core   0: 3 0x8000ad48 (0xfc9e0883) x17 0x00000000 mem 0x800237c6
core   0: 0x8000ad4c (0x01d5a933) slt     s2, a1, t4
core   0: 3 0x8000ad4c (0x01d5a933) x18 0x00000001
core   0: 0x8000ad50 (0x0d5e5183) lhu     gp, 213(t3)
core   0: 3 0x8000ad50 (0x0d5e5183) x 3 0x00000000 mem 0x800238d2
core   0: 0x8000ad54 (0xf20e0b03) lb      s6, -224(t3)
core   0: 3 0x8000ad54 (0xf20e0b03) x22 0x00000000 mem 0x8002371d
core   0: 0x8000ad58 (0x0fce0f03) lb      t5, 252(t3)
core   0: 3 0x8000ad58 (0x0fce0f03) x30 0x00000000 mem 0x800238f9
core   0: 0x8000ad5c (0xf41e5383) lhu     t2, -191(t3)
core   0: 3 0x8000ad5c (0xf41e5383) x 7 0x00000000 mem 0x8002373e
core   0: 0x8000ad60 (0x21eff997) auipc   s3, 0x21eff
core   0: 3 0x8000ad60 (0x21eff997) x19 0xa1f09d60
core   0: 0x8000ad64 (0xf69e5383) lhu     t2, -151(t3)
core   0: 3 0x8000ad64 (0xf69e5383) x 7 0x00000000 mem 0x80023766
core   0: 0x8000ad68 (0xf13e2903) lw      s2, -237(t3)
core   0: 3 0x8000ad68 (0xf13e2903) x18 0x00000000 mem 0x80023710
core   0: 0x8000ad6c (0x0cf40037) lui     zero, 0xcf40
core   0: 3 0x8000ad6c (0x0cf40037)
core   0: 0x8000ad70 (0x008e0a23) sb      s0, 20(t3)
core   0: 3 0x8000ad70 (0x008e0a23) mem 0x80023811 0x0
core   0: 0x8000ad74 (0x01be4a83) lbu     s5, 27(t3)
core   0: 3 0x8000ad74 (0x01be4a83) x21 0x00000000 mem 0x80023818
core   0: 0x8000ad78 (0xfc6e4783) lbu     a5, -58(t3)
core   0: 3 0x8000ad78 (0xfc6e4783) x15 0x00000000 mem 0x800237c3
core   0: 0x8000ad7c (0x0163d313) srli    t1, t2, 22
core   0: 3 0x8000ad7c (0x0163d313) x 6 0x00000000
core   0: 0x8000ad80 (0x41b4d9b3) sra     s3, s1, s11
core   0: 3 0x8000ad80 (0x41b4d9b3) x19 0x00000754
core   0: 0x8000ad84 (0xfafe2f83) lw      t6, -81(t3)
core   0: 3 0x8000ad84 (0xfafe2f83) x31 0x00000000 mem 0x800237ac
core   0: 0x8000ad88 (0xf86e4083) lbu     ra, -122(t3)
core   0: 3 0x8000ad88 (0xf86e4083) x 1 0x00000000 mem 0x80023783
core   0: 0x8000ad8c (0xfede2da3) sw      a3, -5(t3)
core   0: 3 0x8000ad8c (0xfede2da3) mem 0x800237f8 0x00000000
core   0: 0x8000ad90 (0x0000a597) auipc   a1, 0xa
core   0: 3 0x8000ad90 (0x0000a597) x11 0x80014d90
core   0: 0x8000ad94 (0x63d58593) addi    a1, a1, 1597
core   0: 3 0x8000ad94 (0x63d58593) x11 0x800153cd
core   0: 0x8000ad98 (0x7c25ce83) lbu     t4, 1986(a1)
core   0: 3 0x8000ad98 (0x7c25ce83) x29 0x00000000 mem 0x80015b8f
core   0: 0x8000ad9c (0x6fb58d23) sb      s11, 1786(a1)
core   0: 3 0x8000ad9c (0x6fb58d23) mem 0x80015ac7 0x0
core   0: 0x8000ada0 (0x4d258c83) lb      s9, 1234(a1)
core   0: 3 0x8000ada0 (0x4d258c83) x25 0xffffffec mem 0x8001589f
core   0: 0x8000ada4 (0xf795c983) lbu     s3, -135(a1)
core   0: 3 0x8000ada4 (0xf795c983) x19 0x00000058 mem 0x80015346
core   0: 0x8000ada8 (0x5715afa3) sw      a7, 1407(a1)
core   0: 3 0x8000ada8 (0x5715afa3) mem 0x8001594c 0x00000000
core   0: 0x8000adac (0x0158c033) xor     zero, a7, s5
core   0: 3 0x8000adac (0x0158c033)
core   0: 0x8000adb0 (0x57d59fa3) sh      t4, 1407(a1)
core   0: 3 0x8000adb0 (0x57d59fa3) mem 0x8001594c 0x0000
core   0: 0x8000adb4 (0x52b4b393) sltiu   t2, s1, 1323
core   0: 3 0x8000adb4 (0x52b4b393) x 7 0x00000000
core   0: 0x8000adb8 (0x3ed59d03) lh      s10, 1005(a1)
core   0: 3 0x8000adb8 (0x3ed59d03) x26 0x00000000 mem 0x800157ba
core   0: 0x8000adbc (0x8a4f4493) xori    s1, t5, -1884
core   0: 3 0x8000adbc (0x8a4f4493) x 9 0xfffff8a4
core   0: 0x8000adc0 (0xcdf59ea3) sh      t6, -803(a1)
core   0: 3 0x8000adc0 (0xcdf59ea3) mem 0x800150aa 0x0000
core   0: 0x8000adc4 (0x41d5c683) lbu     a3, 1053(a1)
core   0: 3 0x8000adc4 (0x41d5c683) x13 0x00000000 mem 0x800157ea
core   0: 0x8000adc8 (0x41d5cc03) lbu     s8, 1053(a1)
core   0: 3 0x8000adc8 (0x41d5cc03) x24 0x00000000 mem 0x800157ea
core   0: 0x8000adcc (0x5615de03) lhu     t3, 1377(a1)
core   0: 3 0x8000adcc (0x5615de03) x28 0x00000000 mem 0x8001592e
core   0: 0x8000add0 (0x408bdcb3) sra     s9, s7, s0
core   0: 3 0x8000add0 (0x408bdcb3) x25 0xd1eeaab3
core   0: 0x8000add4 (0xfdd40a97) auipc   s5, 0xfdd40
core   0: 3 0x8000add4 (0xfdd40a97) x21 0x7dd4add4
core   0: 0x8000add8 (0x65958603) lb      a2, 1625(a1)
core   0: 3 0x8000add8 (0x65958603) x12 0x00000000 mem 0x80015a26
core   0: 0x8000addc (0x01d61db3) sll     s11, a2, t4
core   0: 3 0x8000addc (0x01d61db3) x27 0x00000000
core   0: 0x8000ade0 (0x54b59fa3) sh      a1, 1375(a1)
core   0: 3 0x8000ade0 (0x54b59fa3) mem 0x8001592c 0x53cd
core   0: 0x8000ade4 (0x54859fa3) sh      s0, 1375(a1)
core   0: 3 0x8000ade4 (0x54859fa3) mem 0x8001592c 0x0000
core   0: 0x8000ade8 (0x55659fa3) sh      s6, 1375(a1)
core   0: 3 0x8000ade8 (0x55659fa3) mem 0x8001592c 0x0000
core   0: 0x8000adec (0x1795ce03) lbu     t3, 377(a1)
core   0: 3 0x8000adec (0x1795ce03) x28 0x00000000 mem 0x80015546
core   0: 0x8000adf0 (0x6cf5a703) lw      a4, 1743(a1)
core   0: 3 0x8000adf0 (0x6cf5a703) x14 0x000000b3 mem 0x80015a9c
core   0: 0x8000adf4 (0xd1058a03) lb      s4, -752(a1)
core   0: 3 0x8000adf4 (0xd1058a03) x20 0x00000000 mem 0x800150dd
core   0: 0x8000adf8 (0x89fe6393) ori     t2, t3, -1889
core   0: 3 0x8000adf8 (0x89fe6393) x 7 0xfffff89f
core   0: 0x8000adfc (0xd105c483) lbu     s1, -752(a1)
core   0: 3 0x8000adfc (0xd105c483) x 9 0x00000000 mem 0x800150dd
core   0: 0x8000ae00 (0xd1058d83) lb      s11, -752(a1)
core   0: 3 0x8000ae00 (0xd1058d83) x27 0x00000000 mem 0x800150dd
core   0: 0x8000ae04 (0x0000bd97) auipc   s11, 0xb
core   0: 3 0x8000ae04 (0x0000bd97) x27 0x80015e04
core   0: 0x8000ae08 (0xbb0d8d93) addi    s11, s11, -1104
core   0: 3 0x8000ae08 (0xbb0d8d93) x27 0x800159b4
core   0: 0x8000ae0c (0x0000100f) fence.i
core   0: 3 0x8000ae0c (0x0000100f)
core   0: 0x8000ae10 (0x0000100f) fence.i
core   0: 3 0x8000ae10 (0x0000100f)
core   0: 0x8000ae14 (0xc8dee393) ori     t2, t4, -883
core   0: 3 0x8000ae14 (0xc8dee393) x 7 0xfffffc8d
core   0: 0x8000ae18 (0xe8822613) slti    a2, tp, -376
core   0: 3 0x8000ae18 (0xe8822613) x12 0x00000000
core   0: 0x8000ae1c (0x01548ab3) add     s5, s1, s5
core   0: 3 0x8000ae1c (0x01548ab3) x21 0x7dd4add4
core   0: 0x8000ae20 (0xfb3d8183) lb      gp, -77(s11)
core   0: 3 0x8000ae20 (0xfb3d8183) x 3 0x00000000 mem 0x80015967
core   0: 0x8000ae24 (0x141faf93) slti    t6, t6, 321
core   0: 3 0x8000ae24 (0x141faf93) x31 0x00000001
core   0: 0x8000ae28 (0xfbcd8623) sb      t3, -84(s11)
core   0: 3 0x8000ae28 (0xfbcd8623) mem 0x80015960 0x0
core   0: 0x8000ae2c (0xf35d8b03) lb      s6, -203(s11)
core   0: 3 0x8000ae2c (0xf35d8b03) x22 0x00000000 mem 0x800158e9
core   0: 0x8000ae30 (0x0b8d8d03) lb      s10, 184(s11)
core   0: 3 0x8000ae30 (0x0b8d8d03) x26 0x00000000 mem 0x80015a6c
core   0: 0x8000ae34 (0x0ff0000f) fence   iorw,iorw
core   0: 3 0x8000ae34 (0x0ff0000f)
core   0: 0x8000ae38 (0x8b7ff993) andi    s3, t6, -1865
core   0: 3 0x8000ae38 (0x8b7ff993) x19 0x00000001
core   0: 0x8000ae3c (0xe1173f93) sltiu   t6, a4, -495
core   0: 3 0x8000ae3c (0xe1173f93) x31 0x00000001
core   0: 0x8000ae40 (0x0dfd8e03) lb      t3, 223(s11)
core   0: 3 0x8000ae40 (0x0dfd8e03) x28 0x00000000 mem 0x80015a93
core   0: 0x8000ae44 (0x017d30b3) sltu    ra, s10, s7
core   0: 3 0x8000ae44 (0x017d30b3) x 1 0x00000001
core   0: 0x8000ae48 (0xf47dc083) lbu     ra, -185(s11)
core   0: 3 0x8000ae48 (0xf47dc083) x 1 0x00000000 mem 0x800158fb
core   0: 0x8000ae4c (0xdea66893) ori     a7, a2, -534
core   0: 3 0x8000ae4c (0xdea66893) x17 0xfffffdea
core   0: 0x8000ae50 (0xfead8203) lb      tp, -22(s11)
core   0: 3 0x8000ae50 (0xfead8203) x 4 0x00000000 mem 0x8001599e
core   0: 0x8000ae54 (0x40f15b13) srai    s6, sp, 15
core   0: 3 0x8000ae54 (0x40f15b13) x22 0xffff0005
core   0: 0x8000ae58 (0x98fbe717) auipc   a4, 0x98fbe
core   0: 3 0x8000ae58 (0x98fbe717) x14 0x18fc8e58
core   0: 0x8000ae5c (0x7355e593) ori     a1, a1, 1845
core   0: 3 0x8000ae5c (0x7355e593) x11 0x800157fd
core   0: 0x8000ae60 (0x064d5c17) auipc   s8, 0x64d5
core   0: 3 0x8000ae60 (0x064d5c17) x24 0x864dfe60
core   0: 0x8000ae64 (0x96546f13) ori     t5, s0, -1691
core   0: 3 0x8000ae64 (0x96546f13) x30 0xfffff965
core   0: 0x8000ae68 (0x749a2593) slti    a1, s4, 1865
core   0: 3 0x8000ae68 (0x749a2593) x11 0x00000001
core   0: 0x8000ae6c (0x415d80b3) sub     ra, s11, s5
core   0: 3 0x8000ae6c (0x415d80b3) x 1 0x022cabe0
core   0: 0x8000ae70 (0x8c69eb13) ori     s6, s3, -1850
core   0: 3 0x8000ae70 (0x8c69eb13) x22 0xfffff8c7
core   0: 0x8000ae74 (0x014dac23) sw      s4, 24(s11)
core   0: 3 0x8000ae74 (0x014dac23) mem 0x800159cc 0x00000000
core   0: 0x8000ae78 (0x6dafa193) slti    gp, t6, 1754
core   0: 3 0x8000ae78 (0x6dafa193) x 3 0x00000001
core   0: 0x8000ae7c (0x00d888b3) add     a7, a7, a3
core   0: 3 0x8000ae7c (0x00d888b3) x17 0xfffffdea
core   0: 0x8000ae80 (0xf4dd8f03) lb      t5, -179(s11)
core   0: 3 0x8000ae80 (0xf4dd8f03) x30 0xffffff93 mem 0x80015901
core   0: 0x8000ae84 (0x415cd813) srai    a6, s9, 21
core   0: 3 0x8000ae84 (0x415cd813) x16 0xfffffe8f
core   0: 0x8000ae88 (0x0bfdc783) lbu     a5, 191(s11)
core   0: 3 0x8000ae88 (0x0bfdc783) x15 0x00000000 mem 0x80015a73
core   0: 0x8000ae8c (0x427d2937) lui     s2, 0x427d2
core   0: 3 0x8000ae8c (0x427d2937) x18 0x427d2000
core   0: 0x8000ae90 (0x08bdc603) lbu     a2, 139(s11)
core   0: 3 0x8000ae90 (0x08bdc603) x12 0x00000000 mem 0x80015a3f
core   0: 0x8000ae94 (0x0001be17) auipc   t3, 0x1b
core   0: 3 0x8000ae94 (0x0001be17) x28 0x80025e94
core   0: 0x8000ae98 (0xe1ee0e13) addi    t3, t3, -482
core   0: 3 0x8000ae98 (0xe1ee0e13) x28 0x80025cb2
core   0: 0x8000ae9c (0x003e4c03) lbu     s8, 3(t3)
core   0: 3 0x8000ae9c (0x003e4c03) x24 0x00000000 mem 0x80025cb5
core   0: 0x8000aea0 (0x0000bb17) auipc   s6, 0xb
core   0: 3 0x8000aea0 (0x0000bb17) x22 0x80015ea0
core   0: 0x8000aea4 (0xe48b0b13) addi    s6, s6, -440
core   0: 3 0x8000aea4 (0xe48b0b13) x22 0x80015ce8
core   0: 0x8000aea8 (0xfe3e4c83) lbu     s9, -29(t3)
core   0: 3 0x8000aea8 (0xfe3e4c83) x25 0x00000000 mem 0x80025c95
core   0: 0x8000aeac (0x037e0a03) lb      s4, 55(t3)
core   0: 3 0x8000aeac (0x037e0a03) x20 0x00000000 mem 0x80025ce9
core   0: 0x8000aeb0 (0x035b2823) sw      s5, 48(s6)
core   0: 3 0x8000aeb0 (0x035b2823) mem 0x80015d18 0x7dd4add4
core   0: 0x8000aeb4 (0xff5b0903) lb      s2, -11(s6)
core   0: 3 0x8000aeb4 (0xff5b0903) x18 0x00000000 mem 0x80015cdd
core   0: 0x8000aeb8 (0x02ee4a83) lbu     s5, 46(t3)
core   0: 3 0x8000aeb8 (0x02ee4a83) x21 0x00000000 mem 0x80025ce0
core   0: 0x8000aebc (0xfe7e1823) sh      t2, -16(t3)
core   0: 3 0x8000aebc (0xfe7e1823) mem 0x80025ca2 0xfc8d
core   0: 0x8000aec0 (0x023b2e23) sw      gp, 60(s6)
core   0: 3 0x8000aec0 (0x023b2e23) mem 0x80015d24 0x00000001
core   0: 0x8000aec4 (0x01be4e83) lbu     t4, 27(t3)
core   0: 3 0x8000aec4 (0x01be4e83) x29 0x00000000 mem 0x80025ccd
core   0: 0x8000aec8 (0x02de0003) lb      zero, 45(t3)
core   0: 3 0x8000aec8 (0x02de0003) mem 0x80025cdf
core   0: 0x8000aecc (0x02ce0ea3) sb      a2, 61(t3)
core   0: 3 0x8000aecc (0x02ce0ea3) mem 0x80025cef 0x0
core   0: 0x8000aed0 (0xffbb0583) lb      a1, -5(s6)
core   0: 3 0x8000aed0 (0xffbb0583) x11 0x00000000 mem 0x80015ce3
core   0: 0x8000aed4 (0xfd9e0c83) lb      s9, -39(t3)
core   0: 3 0x8000aed4 (0xfd9e0c83) x25 0x00000000 mem 0x80025c8b
core   0: 0x8000aed8 (0xfd7b0e83) lb      t4, -41(s6)
core   0: 3 0x8000aed8 (0xfd7b0e83) x29 0x00000000 mem 0x80015cbf
core   0: 0x8000aedc (0x014b2803) lw      a6, 20(s6)
core   0: 3 0x8000aedc (0x014b2803) x16 0x00000000 mem 0x80015cfc
core   0: 0x8000aee0 (0x0000bd17) auipc   s10, 0xb
core   0: 3 0x8000aee0 (0x0000bd17) x26 0x80015ee0
core   0: 0x8000aee4 (0xa16d0d13) addi    s10, s10, -1514
core   0: 3 0x8000aee4 (0xa16d0d13) x26 0x800158f6
core   0: 0x8000aee8 (0x00dd0d83) lb      s11, 13(s10)
core   0: 3 0x8000aee8 (0x00dd0d83) x27 0x00000000 mem 0x80015903
core   0: 0x8000aeec (0x00dd0803) lb      a6, 13(s10)
core   0: 3 0x8000aeec (0x00dd0803) x16 0x00000000 mem 0x80015903
core   0: 0x8000aef0 (0x00dd4583) lbu     a1, 13(s10)
core   0: 3 0x8000aef0 (0x00dd4583) x11 0x00000000 mem 0x80015903
core   0: 0x8000aef4 (0x00dd4303) lbu     t1, 13(s10)
core   0: 3 0x8000aef4 (0x00dd4303) x 6 0x00000000 mem 0x80015903
core   0: 0x8000aef8 (0x02ad0fa3) sb      a0, 63(s10)
core   0: 3 0x8000aef8 (0x02ad0fa3) mem 0x80015935 0xe4
core   0: 0x8000aefc (0x03fd4983) lbu     s3, 63(s10)
core   0: 3 0x8000aefc (0x03fd4983) x19 0x000000e4 mem 0x80015935
core   0: 0x8000af00 (0x017d0483) lb      s1, 23(s10)
core   0: 3 0x8000af00 (0x017d0483) x 9 0x00000000 mem 0x8001590d
core   0: 0x8000af04 (0x0000100f) fence.i
core   0: 3 0x8000af04 (0x0000100f)
core   0: 0x8000af08 (0x017d0303) lb      t1, 23(s10)
core   0: 3 0x8000af08 (0x017d0303) x 6 0x00000000 mem 0x8001590d
core   0: 0x8000af0c (0x017d0383) lb      t2, 23(s10)
core   0: 3 0x8000af0c (0x017d0383) x 7 0x00000000 mem 0x8001590d
core   0: 0x8000af10 (0x017d0603) lb      a2, 23(s10)
core   0: 3 0x8000af10 (0x017d0603) x12 0x00000000 mem 0x8001590d
core   0: 0x8000af14 (0x017d4883) lbu     a7, 23(s10)
core   0: 3 0x8000af14 (0x017d4883) x17 0x00000000 mem 0x8001590d
core   0: 0x8000af18 (0x00014c17) auipc   s8, 0x14
core   0: 3 0x8000af18 (0x00014c17) x24 0x8001ef18
core   0: 0x8000af1c (0x64fc0c13) addi    s8, s8, 1615
core   0: 3 0x8000af1c (0x64fc0c13) x24 0x8001f567
core   0: 0x8000af20 (0xf49c1803) lh      a6, -183(s8)
core   0: 3 0x8000af20 (0xf49c1803) x16 0x00000000 mem 0x8001f4b0
core   0: 0x8000af24 (0x00db3b33) sltu    s6, s6, a3
core   0: 3 0x8000af24 (0x00db3b33) x22 0x00000000
core   0: 0x8000af28 (0x016695b3) sll     a1, a3, s6
core   0: 3 0x8000af28 (0x016695b3) x11 0x00000000
core   0: 0x8000af2c (0x0a1c0a23) sb      ra, 180(s8)
core   0: 3 0x8000af2c (0x0a1c0a23) mem 0x8001f61b 0xe0
core   0: 0x8000af30 (0x0000100f) fence.i
core   0: 3 0x8000af30 (0x0000100f)
core   0: 0x8000af34 (0xfd7c0c23) sb      s7, -40(s8)
core   0: 3 0x8000af34 (0xfd7c0c23) mem 0x8001f53f 0xb3
core   0: 0x8000af38 (0xfb7c0823) sb      s7, -80(s8)
core   0: 3 0x8000af38 (0xfb7c0823) mem 0x8001f517 0xb3
core   0: 0x8000af3c (0x8d572b13) slti    s6, a4, -1835
core   0: 3 0x8000af3c (0x8d572b13) x22 0x00000000
core   0: 0x8000af40 (0x0f6c4d03) lbu     s10, 246(s8)
core   0: 3 0x8000af40 (0x0f6c4d03) x26 0x00000000 mem 0x8001f65d
core   0: 0x8000af44 (0x08fc4e83) lbu     t4, 143(s8)
core   0: 3 0x8000af44 (0x08fc4e83) x29 0x00000000 mem 0x8001f5f6
core   0: 0x8000af48 (0x0e9c15a3) sh      s1, 235(s8)
core   0: 3 0x8000af48 (0x0e9c15a3) mem 0x8001f652 0x0000
core   0: 0x8000af4c (0xf6cc0a03) lb      s4, -148(s8)
core   0: 3 0x8000af4c (0xf6cc0a03) x20 0x00000000 mem 0x8001f4d3
core   0: 0x8000af50 (0x00ccf033) and     zero, s9, a2
core   0: 3 0x8000af50 (0x00ccf033)
core   0: 0x8000af54 (0xd6498097) auipc   ra, 0xd6498
core   0: 3 0x8000af54 (0xd6498097) x 1 0x564a2f54
core   0: 0x8000af58 (0xfa5c2a83) lw      s5, -91(s8)
core   0: 3 0x8000af58 (0xfa5c2a83) x21 0x00000000 mem 0x8001f50c
core   0: 0x8000af5c (0x0c2c0f03) lb      t5, 194(s8)
core   0: 3 0x8000af5c (0x0c2c0f03) x30 0x00000000 mem 0x8001f629
core   0: 0x8000af60 (0xf48c0403) lb      s0, -184(s8)
core   0: 3 0x8000af60 (0xf48c0403) x 8 0x00000000 mem 0x8001f4af
core   0: 0x8000af64 (0xfd1c4603) lbu     a2, -47(s8)
core   0: 3 0x8000af64 (0xfd1c4603) x12 0x00000000 mem 0x8001f538
core   0: 0x8000af68 (0x13688493) addi    s1, a7, 310
core   0: 3 0x8000af68 (0x13688493) x 9 0x00000136
core   0: 0x8000af6c (0x0033f6b3) and     a3, t2, gp
core   0: 3 0x8000af6c (0x0033f6b3) x13 0x00000000
core   0: 0x8000af70 (0x009c1383) lh      t2, 9(s8)
core   0: 3 0x8000af70 (0x009c1383) x 7 0x00000000 mem 0x8001f570
core   0: 0x8000af74 (0x00ac01a3) sb      a0, 3(s8)
core   0: 3 0x8000af74 (0x00ac01a3) mem 0x8001f56a 0xe4
core   0: 0x8000af78 (0x95b41017) auipc   zero, 0x95b41
core   0: 3 0x8000af78 (0x95b41017)
core   0: 0x8000af7c (0x0017a4b3) slt     s1, a5, ra
core   0: 3 0x8000af7c (0x0017a4b3) x 9 0x00000001
core   0: 0x8000af80 (0xf4cc4283) lbu     t0, -180(s8)
core   0: 3 0x8000af80 (0xf4cc4283) x 5 0x00000000 mem 0x8001f4b3
core   0: 0x8000af84 (0xfa9c2d83) lw      s11, -87(s8)
core   0: 3 0x8000af84 (0xfa9c2d83) x27 0x00000000 mem 0x8001f510
core   0: 0x8000af88 (0x064c4783) lbu     a5, 100(s8)
core   0: 3 0x8000af88 (0x064c4783) x15 0x00000000 mem 0x8001f5cb
core   0: 0x8000af8c (0xb9e446b7) lui     a3, 0xb9e44
core   0: 3 0x8000af8c (0xb9e446b7) x13 0xb9e44000
core   0: 0x8000af90 (0x413608b3) sub     a7, a2, s3
core   0: 3 0x8000af90 (0x413608b3) x17 0xffffff1c
core   0: 0x8000af94 (0xf58c4703) lbu     a4, -168(s8)
core   0: 3 0x8000af94 (0xf58c4703) x14 0x00000000 mem 0x8001f4bf
core   0: 0x8000af98 (0x062c26a3) sw      sp, 109(s8)
core   0: 3 0x8000af98 (0x062c26a3) mem 0x8001f5d4 0x8002ae38
core   0: 0x8000af9c (0x41930b33) sub     s6, t1, s9
core   0: 3 0x8000af9c (0x41930b33) x22 0x00000000
core   0: 0x8000afa0 (0x08ac4303) lbu     t1, 138(s8)
core   0: 3 0x8000afa0 (0x08ac4303) x 6 0x00000000 mem 0x8001f5f1
core   0: 0x8000afa4 (0x08bc1603) lh      a2, 139(s8)
core   0: 3 0x8000afa4 (0x08bc1603) x12 0x00000000 mem 0x8001f5f2
core   0: 0x8000afa8 (0x074c0a03) lb      s4, 116(s8)
core   0: 3 0x8000afa8 (0x074c0a03) x20 0x00000000 mem 0x8001f5db
core   0: 0x8000afac (0x4122d4b3) sra     s1, t0, s2
core   0: 3 0x8000afac (0x4122d4b3) x 9 0x00000000
core   0: 0x8000afb0 (0x061c4803) lbu     a6, 97(s8)
core   0: 3 0x8000afb0 (0x061c4803) x16 0x00000000 mem 0x8001f5c8
core   0: 0x8000afb4 (0xf85c0b23) sb      t0, -106(s8)
core   0: 3 0x8000afb4 (0xf85c0b23) mem 0x8001f4fd 0x0
core   0: 0x8000afb8 (0xf25c2903) lw      s2, -219(s8)
core   0: 3 0x8000afb8 (0xf25c2903) x18 0x00000000 mem 0x8001f48c
core   0: 0x8000afbc (0x0000ac97) auipc   s9, 0xa
core   0: 3 0x8000afbc (0x0000ac97) x25 0x80014fbc
core   0: 0x8000afc0 (0x5bac8c93) addi    s9, s9, 1466
core   0: 3 0x8000afc0 (0x5bac8c93) x25 0x80015576
core   0: 0x8000afc4 (0xe96a2f93) slti    t6, s4, -362
core   0: 3 0x8000afc4 (0xe96a2f93) x31 0x00000000
core   0: 0x8000afc8 (0x08fc8423) sb      a5, 136(s9)
core   0: 3 0x8000afc8 (0x08fc8423) mem 0x800155fe 0x0
core   0: 0x8000afcc (0x08ac9423) sh      a0, 136(s9)
core   0: 3 0x8000afcc (0x08ac9423) mem 0x800155fe 0xece4
core   0: 0x8000afd0 (0xf15c8303) lb      t1, -235(s9)
core   0: 3 0x8000afd0 (0xf15c8303) x 6 0x00000000 mem 0x8001548b
core   0: 0x8000afd4 (0x0d1cce83) lbu     t4, 209(s9)
core   0: 3 0x8000afd4 (0x0d1cce83) x29 0x00000000 mem 0x80015647
core   0: 0x8000afd8 (0xfc1cc183) lbu     gp, -63(s9)
core   0: 3 0x8000afd8 (0xfc1cc183) x 3 0x00000000 mem 0x80015537
core   0: 0x8000afdc (0xfc1c8383) lb      t2, -63(s9)
core   0: 3 0x8000afdc (0xfc1c8383) x 7 0x00000000 mem 0x80015537
core   0: 0x8000afe0 (0xf55c8223) sb      s5, -188(s9)
core   0: 3 0x8000afe0 (0xf55c8223) mem 0x800154ba 0x0
core   0: 0x8000afe4 (0xfcecce03) lbu     t3, -50(s9)
core   0: 3 0x8000afe4 (0xfcecce03) x28 0x00000000 mem 0x80015544
core   0: 0x8000afe8 (0xfceca003) lw      zero, -50(s9)
core   0: 3 0x8000afe8 (0xfceca003) mem 0x80015544
core   0: 0x8000afec (0x40865b33) sra     s6, a2, s0
core   0: 3 0x8000afec (0x40865b33) x22 0x00000000
core   0: 0x8000aff0 (0xfcec9a83) lh      s5, -50(s9)
core   0: 3 0x8000aff0 (0xfcec9a83) x21 0x00000000 mem 0x80015544
core   0: 0x8000aff4 (0x018510b3) sll     ra, a0, s8
core   0: 3 0x8000aff4 (0x018510b3) x 1 0x01767200
core   0: 0x8000aff8 (0xfdbca723) sw      s11, -50(s9)
core   0: 3 0x8000aff8 (0xfdbca723) mem 0x80015544 0x00000000
core   0: 0x8000affc (0x008c8eb3) add     t4, s9, s0
core   0: 3 0x8000affc (0x008c8eb3) x29 0x80015576
core   0: 0x8000b000 (0x0ff0000f) fence   iorw,iorw
core   0: 3 0x8000b000 (0x0ff0000f)
core   0: 0x8000b004 (0xfccc9723) sh      a2, -50(s9)
core   0: 3 0x8000b004 (0xfccc9723) mem 0x80015544 0x0000
core   0: 0x8000b008 (0x0000e617) auipc   a2, 0xe
core   0: 3 0x8000b008 (0x0000e617) x12 0x80019008
core   0: 0x8000b00c (0xedb60613) addi    a2, a2, -293
core   0: 3 0x8000b00c (0xedb60613) x12 0x80018ee3
core   0: 0x8000b010 (0xfdb617a3) sh      s11, -49(a2)
core   0: 3 0x8000b010 (0xfdb617a3) mem 0x80018eb2 0x0000
core   0: 0x8000b014 (0xfcf60403) lb      s0, -49(a2)
core   0: 3 0x8000b014 (0xfcf60403) x 8 0x00000000 mem 0x80018eb2
core   0: 0x8000b018 (0xfd8607a3) sb      s8, -49(a2)
core   0: 3 0x8000b018 (0xfd8607a3) mem 0x80018eb2 0x67
core   0: 0x8000b01c (0xfcf64a83) lbu     s5, -49(a2)
core   0: 3 0x8000b01c (0xfcf64a83) x21 0x00000067 mem 0x80018eb2
core   0: 0x8000b020 (0xfcf64483) lbu     s1, -49(a2)
core   0: 3 0x8000b020 (0xfcf64483) x 9 0x00000067 mem 0x80018eb2
core   0: 0x8000b024 (0x0019afb3) slt     t6, s3, ra
core   0: 3 0x8000b024 (0x0019afb3) x31 0x00000001
core   0: 0x8000b028 (0x9821c493) xori    s1, gp, -1662
core   0: 3 0x8000b028 (0x9821c493) x 9 0xfffff982
core   0: 0x8000b02c (0xfcf64e03) lbu     t3, -49(a2)
core   0: 3 0x8000b02c (0xfcf64e03) x28 0x00000067 mem 0x80018eb2
core   0: 0x8000b030 (0x4082d733) sra     a4, t0, s0
core   0: 3 0x8000b030 (0x4082d733) x14 0x00000000
core   0: 0x8000b034 (0xfda617a3) sh      s10, -49(a2)
core   0: 3 0x8000b034 (0xfda617a3) mem 0x80018eb2 0x0000
core   0: 0x8000b038 (0xfcf65403) lhu     s0, -49(a2)
core   0: 3 0x8000b038 (0xfcf65403) x 8 0x00000000 mem 0x80018eb2
core   0: 0x8000b03c (0xfcf64703) lbu     a4, -49(a2)
core   0: 3 0x8000b03c (0xfcf64703) x14 0x00000000 mem 0x80018eb2
core   0: 0x8000b040 (0xfcf60683) lb      a3, -49(a2)
core   0: 3 0x8000b040 (0xfcf60683) x13 0x00000000 mem 0x80018eb2
core   0: 0x8000b044 (0x0000be97) auipc   t4, 0xb
core   0: 3 0x8000b044 (0x0000be97) x29 0x80016044
core   0: 0x8000b048 (0x892e8e93) addi    t4, t4, -1902
core   0: 3 0x8000b048 (0x892e8e93) x29 0x800158d6
core   0: 0x8000b04c (0x0000a297) auipc   t0, 0xa
core   0: 3 0x8000b04c (0x0000a297) x 5 0x8001504c
core   0: 0x8000b050 (0x4ae28293) addi    t0, t0, 1198
core   0: 3 0x8000b050 (0x4ae28293) x 5 0x800154fa
core   0: 0x8000b054 (0x035e8c23) sb      s5, 56(t4)
core   0: 3 0x8000b054 (0x035e8c23) mem 0x8001590e 0x67
core   0: 0x8000b058 (0xfd7e8f03) lb      t5, -41(t4)
core   0: 3 0x8000b058 (0xfd7e8f03) x30 0x00000000 mem 0x800158ad
core   0: 0x8000b05c (0xfd0ec703) lbu     a4, -48(t4)
core   0: 3 0x8000b05c (0xfd0ec703) x14 0x00000002 mem 0x800158a6
core   0: 0x8000b060 (0x0012ca83) lbu     s5, 1(t0)
core   0: 3 0x8000b060 (0x0012ca83) x21 0x00000075 mem 0x800154fb
core   0: 0x8000b064 (0x025e86a3) sb      t0, 45(t4)
core   0: 3 0x8000b064 (0x025e86a3) mem 0x80015903 0xfa
core   0: 0x8000b068 (0x010e9523) sh      a6, 10(t4)
core   0: 3 0x8000b068 (0x010e9523) mem 0x800158e0 0x0000
core   0: 0x8000b06c (0xff728c83) lb      s9, -9(t0)
core   0: 3 0x8000b06c (0xff728c83) x25 0x00000000 mem 0x800154f1
core   0: 0x8000b070 (0x00529423) sh      t0, 8(t0)
core   0: 3 0x8000b070 (0x00529423) mem 0x80015502 0x54fa
core   0: 0x8000b074 (0x018e9123) sh      s8, 2(t4)
core   0: 3 0x8000b074 (0x018e9123) mem 0x800158d8 0xf567
core   0: 0x8000b078 (0xffde83a3) sb      t4, -25(t4)
core   0: 3 0x8000b078 (0xffde83a3) mem 0x800158bd 0xd6
core   0: 0x8000b07c (0x038ec683) lbu     a3, 56(t4)
core   0: 3 0x8000b07c (0x038ec683) x13 0x00000067 mem 0x8001590e
core   0: 0x8000b080 (0xff12c403) lbu     s0, -15(t0)
core   0: 3 0x8000b080 (0xff12c403) x 8 0x00000000 mem 0x800154eb
core   0: 0x8000b084 (0xfdaed903) lhu     s2, -38(t4)
core   0: 3 0x8000b084 (0xfdaed903) x18 0x00000000 mem 0x800158b0
core   0: 0x8000b088 (0xfc0e8483) lb      s1, -64(t4)
core   0: 3 0x8000b088 (0xfc0e8483) x 9 0x00000000 mem 0x80015896
core   0: 0x8000b08c (0xfe228ca3) sb      sp, -7(t0)
core   0: 3 0x8000b08c (0xfe228ca3) mem 0x800154f3 0x38
core   0: 0x8000b090 (0x00017917) auipc   s2, 0x17
core   0: 3 0x8000b090 (0x00017917) x18 0x80022090
core   0: 0x8000b094 (0x87090913) addi    s2, s2, -1936
core   0: 3 0x8000b094 (0x87090913) x18 0x80021900
core   0: 0x8000b098 (0xffb91123) sh      s11, -30(s2)
core   0: 3 0x8000b098 (0xffb91123) mem 0x800218e2 0x0000
core   0: 0x8000b09c (0x008c5a13) srli    s4, s8, 8
core   0: 3 0x8000b09c (0x008c5a13) x20 0x008001f5
core   0: 0x8000b0a0 (0xfe290c03) lb      s8, -30(s2)
core   0: 3 0x8000b0a0 (0xfe290c03) x24 0x00000000 mem 0x800218e2
core   0: 0x8000b0a4 (0xfe291483) lh      s1, -30(s2)
core   0: 3 0x8000b0a4 (0xfe291483) x 9 0x00000000 mem 0x800218e2
core   0: 0x8000b0a8 (0xfe290c03) lb      s8, -30(s2)
core   0: 3 0x8000b0a8 (0xfe290c03) x24 0x00000000 mem 0x800218e2
core   0: 0x8000b0ac (0xff490123) sb      s4, -30(s2)
core   0: 3 0x8000b0ac (0xff490123) mem 0x800218e2 0xf5
core   0: 0x8000b0b0 (0xffd90123) sb      t4, -30(s2)
core   0: 3 0x8000b0b0 (0xffd90123) mem 0x800218e2 0xd6
core   0: 0x8000b0b4 (0xfe290d83) lb      s11, -30(s2)
core   0: 3 0x8000b0b4 (0xfe290d83) x27 0xffffffd6 mem 0x800218e2
core   0: 0x8000b0b8 (0x02292423) sw      sp, 40(s2)
core   0: 3 0x8000b0b8 (0x02292423) mem 0x80021928 0x8002ae38
core   0: 0x8000b0bc (0x02891183) lh      gp, 40(s2)
core   0: 3 0x8000b0bc (0x02891183) x 3 0xffffae38 mem 0x80021928
core   0: 0x8000b0c0 (0x3eb1f613) andi    a2, gp, 1003
core   0: 3 0x8000b0c0 (0x3eb1f613) x12 0x00000228
core   0: 0x8000b0c4 (0x40355f93) srai    t6, a0, 3
core   0: 3 0x8000b0c4 (0x40355f93) x31 0xf0005d9c
core   0: 0x8000b0c8 (0x02891c03) lh      s8, 40(s2)
core   0: 3 0x8000b0c8 (0x02891c03) x24 0xffffae38 mem 0x80021928
core   0: 0x8000b0cc (0xc98e66b7) lui     a3, 0xc98e6
core   0: 3 0x8000b0cc (0xc98e66b7) x13 0xc98e6000
core   0: 0x8000b0d0 (0x02894683) lbu     a3, 40(s2)
core   0: 3 0x8000b0d0 (0x02894683) x13 0x00000038 mem 0x80021928
core   0: 0x8000b0d4 (0x02894883) lbu     a7, 40(s2)
core   0: 3 0x8000b0d4 (0x02894883) x17 0x00000038 mem 0x80021928
core   0: 0x8000b0d8 (0x02a907a3) sb      a0, 47(s2)
core   0: 3 0x8000b0d8 (0x02a907a3) mem 0x8002192f 0xe4
core   0: 0x8000b0dc (0x02f90a03) lb      s4, 47(s2)
core   0: 3 0x8000b0dc (0x02f90a03) x20 0xffffffe4 mem 0x8002192f
core   0: 0x8000b0e0 (0x023907a3) sb      gp, 47(s2)
core   0: 3 0x8000b0e0 (0x023907a3) mem 0x8002192f 0x38
core   0: 0x8000b0e4 (0x02f90383) lb      t2, 47(s2)
core   0: 3 0x8000b0e4 (0x02f90383) x 7 0x00000038 mem 0x8002192f
core   0: 0x8000b0e8 (0x02f90403) lb      s0, 47(s2)
core   0: 3 0x8000b0e8 (0x02f90403) x 8 0x00000038 mem 0x8002192f
core   0: 0x8000b0ec (0x017e21b3) slt     gp, t3, s7
core   0: 3 0x8000b0ec (0x017e21b3) x 3 0x00000000
core   0: 0x8000b0f0 (0x02f94983) lbu     s3, 47(s2)
core   0: 3 0x8000b0f0 (0x02f94983) x19 0x00000038 mem 0x8002192f
core   0: 0x8000b0f4 (0x02f94d83) lbu     s11, 47(s2)
core   0: 3 0x8000b0f4 (0x02f94d83) x27 0x00000038 mem 0x8002192f
core   0: 0x8000b0f8 (0x02f94983) lbu     s3, 47(s2)
core   0: 3 0x8000b0f8 (0x02f94983) x19 0x00000038 mem 0x8002192f
core   0: 0x8000b0fc (0x0000f317) auipc   t1, 0xf
core   0: 3 0x8000b0fc (0x0000f317) x 6 0x8001a0fc
core   0: 0x8000b100 (0x1ae30313) addi    t1, t1, 430
core   0: 3 0x8000b100 (0x1ae30313) x 6 0x8001a2aa
core   0: 0x8000b104 (0xe27da693) slti    a3, s11, -473
core   0: 3 0x8000b104 (0xe27da693) x13 0x00000000
core   0: 0x8000b108 (0xffb30783) lb      a5, -5(t1)
core   0: 3 0x8000b108 (0xffb30783) x15 0x00000000 mem 0x8001a2a5
core   0: 0x8000b10c (0x03734083) lbu     ra, 55(t1)
core   0: 3 0x8000b10c (0x03734083) x 1 0x00000000 mem 0x8001a2e1
core   0: 0x8000b110 (0x03130803) lb      a6, 49(t1)
core   0: 3 0x8000b110 (0x03130803) x16 0x00000000 mem 0x8001a2db
core   0: 0x8000b114 (0xfe332323) sw      gp, -26(t1)
core   0: 3 0x8000b114 (0xfe332323) mem 0x8001a290 0x00000000
core   0: 0x8000b118 (0x0023e033) or      zero, t2, sp
core   0: 3 0x8000b118 (0x0023e033)
core   0: 0x8000b11c (0x017432b3) sltu    t0, s0, s7
core   0: 3 0x8000b11c (0x017432b3) x 5 0x00000001
core   0: 0x8000b120 (0x01a30703) lb      a4, 26(t1)
core   0: 3 0x8000b120 (0x01a30703) x14 0x00000000 mem 0x8001a2c4
core   0: 0x8000b124 (0x0003d5b3) srl     a1, t2, zero
core   0: 3 0x8000b124 (0x0003d5b3) x11 0x00000038
core   0: 0x8000b128 (0x012db2b3) sltu    t0, s11, s2
core   0: 3 0x8000b128 (0x012db2b3) x 5 0x00000001
core   0: 0x8000b12c (0x0089ceb3) xor     t4, s3, s0
core   0: 3 0x8000b12c (0x0089ceb3) x29 0x00000000
core   0: 0x8000b130 (0x00da0833) add     a6, s4, a3
core   0: 3 0x8000b130 (0x00da0833) x16 0xffffffe4
core   0: 0x8000b134 (0x0145fa33) and     s4, a1, s4
core   0: 3 0x8000b134 (0x0145fa33) x20 0x00000020
core   0: 0x8000b138 (0x0000100f) fence.i
core   0: 3 0x8000b138 (0x0000100f)
core   0: 0x8000b13c (0x011ea2b3) slt     t0, t4, a7
core   0: 3 0x8000b13c (0x011ea2b3) x 5 0x00000001
core   0: 0x8000b140 (0x01be85b3) add     a1, t4, s11
core   0: 3 0x8000b140 (0x01be85b3) x11 0x00000038
core   0: 0x8000b144 (0xfdd30603) lb      a2, -35(t1)
core   0: 3 0x8000b144 (0xfdd30603) x12 0x00000000 mem 0x8001a287
core   0: 0x8000b148 (0xff130ea3) sb      a7, -3(t1)
core   0: 3 0x8000b148 (0xff130ea3) mem 0x8001a2a7 0x38
core   0: 0x8000b14c (0x01a35083) lhu     ra, 26(t1)
core   0: 3 0x8000b14c (0x01a35083) x 1 0x00000000 mem 0x8001a2c4
core   0: 0x8000b150 (0xaa82ad13) slti    s10, t0, -1368
core   0: 3 0x8000b150 (0xaa82ad13) x26 0x00000000
core   0: 0x8000b154 (0xfca30d03) lb      s10, -54(t1)
core   0: 3 0x8000b154 (0xfca30d03) x26 0x00000000 mem 0x8001a274
core   0: 0x8000b158 (0x01156b33) or      s6, a0, a7
core   0: 3 0x8000b158 (0x01156b33) x22 0x8002ecfc
core   0: 0x8000b15c (0x03834b03) lbu     s6, 56(t1)
core   0: 3 0x8000b15c (0x03834b03) x22 0x00000000 mem 0x8001a2e2
core   0: 0x8000b160 (0x016b2cb3) slt     s9, s6, s6
core   0: 3 0x8000b160 (0x016b2cb3) x25 0x00000000
core   0: 0x8000b164 (0x01b9d3b3) srl     t2, s3, s11
core   0: 3 0x8000b164 (0x01b9d3b3) x 7 0x00000000
core   0: 0x8000b168 (0xfc330e83) lb      t4, -61(t1)
core   0: 3 0x8000b168 (0xfc330e83) x29 0x00000000 mem 0x8001a26d
core   0: 0x8000b16c (0x008ccc33) xor     s8, s9, s0
core   0: 3 0x8000b16c (0x008ccc33) x24 0x00000038
core   0: 0x8000b170 (0x016ff233) and     tp, t6, s6
core   0: 3 0x8000b170 (0x016ff233) x 4 0x00000000
core   0: 0x8000b174 (0x407ed8b3) sra     a7, t4, t2
core   0: 3 0x8000b174 (0x407ed8b3) x17 0x00000000
core   0: 0x8000b178 (0x4cb38013) addi    zero, t2, 1227
core   0: 3 0x8000b178 (0x4cb38013)
core   0: 0x8000b17c (0x681ea437) lui     s0, 0x681ea
core   0: 3 0x8000b17c (0x681ea437) x 8 0x681ea000
core   0: 0x8000b180 (0xfeb32323) sw      a1, -26(t1)
core   0: 3 0x8000b180 (0xfeb32323) mem 0x8001a290 0x00000038
core   0: 0x8000b184 (0x01e35403) lhu     s0, 30(t1)
core   0: 3 0x8000b184 (0x01e35403) x 8 0x00000000 mem 0x8001a2c8
core   0: 0x8000b188 (0x038300a3) sb      s8, 33(t1)
core   0: 3 0x8000b188 (0x038300a3) mem 0x8001a2cb 0x38
core   0: 0x8000b18c (0x0000cb17) auipc   s6, 0xc
core   0: 3 0x8000b18c (0x0000cb17) x22 0x8001718c
core   0: 0x8000b190 (0x42cb0b13) addi    s6, s6, 1068
core   0: 3 0x8000b190 (0x42cb0b13) x22 0x800175b8
core   0: 0x8000b194 (0x00825613) srli    a2, tp, 8
core   0: 3 0x8000b194 (0x00825613) x12 0x00000000
core   0: 0x8000b198 (0x014b1f93) slli    t6, s6, 20
core   0: 3 0x8000b198 (0x014b1f93) x31 0x5b800000
core   0: 0x8000b19c (0x4062d093) srai    ra, t0, 6
core   0: 3 0x8000b19c (0x4062d093) x 1 0x00000000
core   0: 0x8000b1a0 (0x4125dcb3) sra     s9, a1, s2
core   0: 3 0x8000b1a0 (0x4125dcb3) x25 0x00000038
core   0: 0x8000b1a4 (0x001e8933) add     s2, t4, ra
core   0: 3 0x8000b1a4 (0x001e8933) x18 0x00000000
core   0: 0x8000b1a8 (0x011b1123) sh      a7, 2(s6)
core   0: 3 0x8000b1a8 (0x011b1123) mem 0x800175ba 0x0000
core   0: 0x8000b1ac (0x0000100f) fence.i
core   0: 3 0x8000b1ac (0x0000100f)
core   0: 0x8000b1b0 (0xf4e17f13) andi    t5, sp, -178
core   0: 3 0x8000b1b0 (0xf4e17f13) x30 0x8002ae08
core   0: 0x8000b1b4 (0x0ff0000f) fence   iorw,iorw
core   0: 3 0x8000b1b4 (0x0ff0000f)
core   0: 0x8000b1b8 (0xfd6b5703) lhu     a4, -42(s6)
core   0: 3 0x8000b1b8 (0xfd6b5703) x14 0x00000000 mem 0x8001758e
core   0: 0x8000b1bc (0x01c8c3b3) xor     t2, a7, t3
core   0: 3 0x8000b1bc (0x01c8c3b3) x 7 0x00000067
core   0: 0x8000b1c0 (0x008b4f03) lbu     t5, 8(s6)
core   0: 3 0x8000b1c0 (0x008b4f03) x30 0x00000000 mem 0x800175c0
core   0: 0x8000b1c4 (0x00eb1d03) lh      s10, 14(s6)
core   0: 3 0x8000b1c4 (0x00eb1d03) x26 0x00000000 mem 0x800175c6
core   0: 0x8000b1c8 (0xff2b1303) lh      t1, -14(s6)
core   0: 3 0x8000b1c8 (0xff2b1303) x 6 0x00000000 mem 0x800175aa
core   0: 0x8000b1cc (0xff1b0123) sb      a7, -30(s6)
core   0: 3 0x8000b1cc (0xff1b0123) mem 0x8001759a 0x0
core   0: 0x8000b1d0 (0x000e71b3) and     gp, t3, zero
core   0: 3 0x8000b1d0 (0x000e71b3) x 3 0x00000000
core   0: 0x8000b1d4 (0x0000100f) fence.i
core   0: 3 0x8000b1d4 (0x0000100f)
core   0: 0x8000b1d8 (0x62c92f17) auipc   t5, 0x62c92
core   0: 3 0x8000b1d8 (0x62c92f17) x30 0xe2c9d1d8
core   0: 0x8000b1dc (0x009da933) slt     s2, s11, s1
core   0: 3 0x8000b1dc (0x009da933) x18 0x00000000
core   0: 0x8000b1e0 (0x0ff0000f) fence   iorw,iorw
core   0: 3 0x8000b1e0 (0x0ff0000f)
core   0: 0x8000b1e4 (0xde2eb613) sltiu   a2, t4, -542
core   0: 3 0x8000b1e4 (0xde2eb613) x12 0x00000001
core   0: 0x8000b1e8 (0x86395f17) auipc   t5, 0x86395
core   0: 3 0x8000b1e8 (0x86395f17) x30 0x063a01e8
core   0: 0x8000b1ec (0x028b5983) lhu     s3, 40(s6)
core   0: 3 0x8000b1ec (0x028b5983) x19 0x00000000 mem 0x800175e0
core   0: 0x8000b1f0 (0xfd9b04a3) sb      s9, -55(s6)
core   0: 3 0x8000b1f0 (0xfd9b04a3) mem 0x80017581 0x38
core   0: 0x8000b1f4 (0x01db5893) srli    a7, s6, 29
core   0: 3 0x8000b1f4 (0x01db5893) x17 0x00000004
core   0: 0x8000b1f8 (0x00925c93) srli    s9, tp, 9
core   0: 3 0x8000b1f8 (0x00925c93) x25 0x00000000
core   0: 0x8000b1fc (0x15ce3d93) sltiu   s11, t3, 348
core   0: 3 0x8000b1fc (0x15ce3d93) x27 0x00000001
core   0: 0x8000b200 (0x01421d13) slli    s10, tp, 20
core   0: 3 0x8000b200 (0x01421d13) x26 0x00000000
core   0: 0x8000b204 (0x027b0c03) lb      s8, 39(s6)
core   0: 3 0x8000b204 (0x027b0c03) x24 0x00000000 mem 0x800175df
core   0: 0x8000b208 (0xfebb0a83) lb      s5, -21(s6)
core   0: 3 0x8000b208 (0xfebb0a83) x21 0x00000000 mem 0x800175a3
core   0: 0x8000b20c (0xff1b4783) lbu     a5, -15(s6)
core   0: 3 0x8000b20c (0xff1b4783) x15 0x00000000 mem 0x800175a9
core   0: 0x8000b210 (0x0000100f) fence.i
core   0: 3 0x8000b210 (0x0000100f)
core   0: 0x8000b214 (0xfd8b5783) lhu     a5, -40(s6)
core   0: 3 0x8000b214 (0xfd8b5783) x15 0x00000000 mem 0x80017590
core   0: 0x8000b218 (0x038b5d83) lhu     s11, 56(s6)
core   0: 3 0x8000b218 (0x038b5d83) x27 0x00000000 mem 0x800175f0
core   0: 0x8000b21c (0x99ba2d13) slti    s10, s4, -1637
core   0: 3 0x8000b21c (0x99ba2d13) x26 0x00000000
core   0: 0x8000b220 (0xfecb4483) lbu     s1, -20(s6)
core   0: 3 0x8000b220 (0xfecb4483) x 9 0x00000000 mem 0x800175a4
core   0: 0x8000b224 (0x037b0a03) lb      s4, 55(s6)
core   0: 3 0x8000b224 (0x037b0a03) x20 0x00000000 mem 0x800175ef
core   0: 0x8000b228 (0x004ad0b3) srl     ra, s5, tp
core   0: 3 0x8000b228 (0x004ad0b3) x 1 0x00000000
core   0: 0x8000b22c (0xfc3b0783) lb      a5, -61(s6)
core   0: 3 0x8000b22c (0xfc3b0783) x15 0x00000000 mem 0x8001757b
core   0: 0x8000b230 (0xfe7b4703) lbu     a4, -25(s6)
core   0: 3 0x8000b230 (0xfe7b4703) x14 0x00000000 mem 0x8001759f
core   0: 0x8000b234 (0x0000d817) auipc   a6, 0xd
core   0: 3 0x8000b234 (0x0000d817) x16 0x80018234
core   0: 0x8000b238 (0x6f080813) addi    a6, a6, 1776
core   0: 3 0x8000b238 (0x6f080813) x16 0x80018924
core   0: 0x8000b23c (0x0001a217) auipc   tp, 0x1a
core   0: 3 0x8000b23c (0x0001a217) x 4 0x8002523c
core   0: 0x8000b240 (0xdc720213) addi    tp, tp, -569
core   0: 3 0x8000b240 (0xdc720213) x 4 0x80025003
core   0: 0x8000b244 (0xff521903) lh      s2, -11(tp)
core   0: 3 0x8000b244 (0xff521903) x18 0x00000000 mem 0x80024ff8
core   0: 0x8000b248 (0x0a484603) lbu     a2, 164(a6)
core   0: 3 0x8000b248 (0x0a484603) x12 0x00000000 mem 0x800189c8
core   0: 0x8000b24c (0x0000bc17) auipc   s8, 0xb
core   0: 3 0x8000b24c (0x0000bc17) x24 0x8001624c
core   0: 0x8000b250 (0x4bbc0c13) addi    s8, s8, 1211
core   0: 3 0x8000b250 (0x4bbc0c13) x24 0x80016707
core   0: 0x8000b254 (0x028c0323) sb      s0, 38(s8)
core   0: 3 0x8000b254 (0x028c0323) mem 0x8001672d 0x0
core   0: 0x8000b258 (0xff9c5b03) lhu     s6, -7(s8)
core   0: 3 0x8000b258 (0xff9c5b03) x22 0x00000000 mem 0x80016700
core   0: 0x8000b25c (0x016c4983) lbu     s3, 22(s8)
core   0: 3 0x8000b25c (0x016c4983) x19 0x00000000 mem 0x8001671d
core   0: 0x8000b260 (0x63880da3) sb      s8, 1595(a6)
core   0: 3 0x8000b260 (0x63880da3) mem 0x80018f5f 0x7
core   0: 0x8000b264 (0xfdcc4f03) lbu     t5, -36(s8)
core   0: 3 0x8000b264 (0xfdcc4f03) x30 0x00000000 mem 0x800166e3
core   0: 0x8000b268 (0xffd25e03) lhu     t3, -3(tp)
core   0: 3 0x8000b268 (0xffd25e03) x28 0x00000000 mem 0x80025000
core   0: 0x8000b26c (0x01fc0a03) lb      s4, 31(s8)
core   0: 3 0x8000b26c (0x01fc0a03) x20 0x00000000 mem 0x80016726
core   0: 0x8000b270 (0x03bc1283) lh      t0, 59(s8)
core   0: 3 0x8000b270 (0x03bc1283) x 5 0x00000000 mem 0x80016742
core   0: 0x8000b274 (0x00820d03) lb      s10, 8(tp)
core   0: 3 0x8000b274 (0x00820d03) x26 0x00000000 mem 0x8002500b
core   0: 0x8000b278 (0xfe4c0f03) lb      t5, -28(s8)
core   0: 3 0x8000b278 (0xfe4c0f03) x30 0x00000000 mem 0x800166eb
core   0: 0x8000b27c (0xfd7c1a83) lh      s5, -41(s8)
core   0: 3 0x8000b27c (0xfd7c1a83) x21 0x00000000 mem 0x800166de
core   0: 0x8000b280 (0x01020a03) lb      s4, 16(tp)
core   0: 3 0x8000b280 (0x01020a03) x20 0x00000000 mem 0x80025013
core   0: 0x8000b284 (0xffd25f03) lhu     t5, -3(tp)
core   0: 3 0x8000b284 (0xffd25f03) x30 0x00000000 mem 0x80025000
core   0: 0x8000b288 (0xd5d81823) sh      t4, -688(a6)
core   0: 3 0x8000b288 (0xd5d81823) mem 0x80018674 0x0000
core   0: 0x8000b28c (0x12a81283) lh      t0, 298(a6)
core   0: 3 0x8000b28c (0x12a81283) x 5 0x00000000 mem 0x80018a4e
core   0: 0x8000b290 (0x005c01a3) sb      t0, 3(s8)
core   0: 3 0x8000b290 (0x005c01a3) mem 0x8001670a 0x0
core   0: 0x8000b294 (0x90184083) lbu     ra, -1791(a6)
core   0: 3 0x8000b294 (0x90184083) x 1 0x00000000 mem 0x80018225
core   0: 0x8000b298 (0x9e281c83) lh      s9, -1566(a6)
core   0: 3 0x8000b298 (0x9e281c83) x25 0x00000000 mem 0x80018306
core   0: 0x8000b29c (0x017c1f83) lh      t6, 23(s8)
core   0: 3 0x8000b29c (0x017c1f83) x31 0x00000000 mem 0x8001671e
core   0: 0x8000b2a0 (0x00014d17) auipc   s10, 0x14
core   0: 3 0x8000b2a0 (0x00014d17) x26 0x8001f2a0
core   0: 0x8000b2a4 (0xce7d0d13) addi    s10, s10, -793
core   0: 3 0x8000b2a4 (0xce7d0d13) x26 0x8001ef87
core   0: 0x8000b2a8 (0x0000af97) auipc   t6, 0xa
core   0: 3 0x8000b2a8 (0x0000af97) x31 0x800152a8
core   0: 0x8000b2ac (0xedef8f93) addi    t6, t6, -290
core   0: 3 0x8000b2ac (0xedef8f93) x31 0x80015186
core   0: 0x8000b2b0 (0x00dd0023) sb      a3, 0(s10)
core   0: 3 0x8000b2b0 (0x00dd0023) mem 0x8001ef87 0x0
core   0: 0x8000b2b4 (0xfd5f8c03) lb      s8, -43(t6)
core   0: 3 0x8000b2b4 (0xfd5f8c03) x24 0x00000064 mem 0x8001515b
core   0: 0x8000b2b8 (0x01ffa123) sw      t6, 2(t6)
core   0: 3 0x8000b2b8 (0x01ffa123) mem 0x80015188 0x80015186
core   0: 0x8000b2bc (0xff3d5f03) lhu     t5, -13(s10)
core   0: 3 0x8000b2bc (0xff3d5f03) x30 0x00000000 mem 0x8001ef7a
core   0: 0x8000b2c0 (0x009f9123) sh      s1, 2(t6)
core   0: 3 0x8000b2c0 (0x009f9123) mem 0x80015188 0x0000
core   0: 0x8000b2c4 (0xffaf9023) sh      s10, -32(t6)
core   0: 3 0x8000b2c4 (0xffaf9023) mem 0x80015166 0xef87
core   0: 0x8000b2c8 (0xff9d2003) lw      zero, -7(s10)
core   0: 3 0x8000b2c8 (0xff9d2003) mem 0x8001ef80
core   0: 0x8000b2cc (0xfd7fa523) sw      s7, -54(t6)
core   0: 3 0x8000b2cc (0xfd7fa523) mem 0x80015150 0xd1eeaab3
core   0: 0x8000b2d0 (0x010d0f03) lb      t5, 16(s10)
core   0: 3 0x8000b2d0 (0x010d0f03) x30 0x00000000 mem 0x8001ef97
core   0: 0x8000b2d4 (0xfd0fdf03) lhu     t5, -48(t6)
core   0: 3 0x8000b2d4 (0xfd0fdf03) x30 0x00000000 mem 0x80015156
core   0: 0x8000b2d8 (0xff6d4183) lbu     gp, -10(s10)
core   0: 3 0x8000b2d8 (0xff6d4183) x 3 0x00000000 mem 0x8001ef7d
core   0: 0x8000b2dc (0x011d0823) sb      a7, 16(s10)
core   0: 3 0x8000b2dc (0x011d0823) mem 0x8001ef97 0x4
core   0: 0x8000b2e0 (0x001d4203) lbu     tp, 1(s10)
core   0: 3 0x8000b2e0 (0x001d4203) x 4 0x00000000 mem 0x8001ef88
core   0: 0x8000b2e4 (0x003d1483) lh      s1, 3(s10)
core   0: 3 0x8000b2e4 (0x003d1483) x 9 0x00000000 mem 0x8001ef8a
core   0: 0x8000b2e8 (0x004d4003) lbu     zero, 4(s10)
core   0: 3 0x8000b2e8 (0x004d4003) mem 0x8001ef8b
core   0: 0x8000b2ec (0x0000ea97) auipc   s5, 0xe
core   0: 3 0x8000b2ec (0x0000ea97) x21 0x800192ec
core   0: 0x8000b2f0 (0x09da8a93) addi    s5, s5, 157
core   0: 3 0x8000b2f0 (0x09da8a93) x21 0x80019389
core   0: 0x8000b2f4 (0xff9a9683) lh      a3, -7(s5)
core   0: 3 0x8000b2f4 (0xff9a9683) x13 0x00000000 mem 0x80019382
core   0: 0x8000b2f8 (0xff9a8903) lb      s2, -7(s5)
core   0: 3 0x8000b2f8 (0xff9a8903) x18 0x00000000 mem 0x80019382
core   0: 0x8000b2fc (0x030ac583) lbu     a1, 48(s5)
core   0: 3 0x8000b2fc (0x030ac583) x11 0x00000000 mem 0x800193b9
core   0: 0x8000b300 (0x030a8683) lb      a3, 48(s5)
core   0: 3 0x8000b300 (0x030a8683) x13 0x00000000 mem 0x800193b9
core   0: 0x8000b304 (0xf45acf83) lbu     t6, -187(s5)
core   0: 3 0x8000b304 (0xf45acf83) x31 0x00000000 mem 0x800192ce
core   0: 0x8000b308 (0x41d98fb3) sub     t6, s3, t4
core   0: 3 0x8000b308 (0x41d98fb3) x31 0x00000000
core   0: 0x8000b30c (0x00ba8d23) sb      a1, 26(s5)
core   0: 3 0x8000b30c (0x00ba8d23) mem 0x800193a3 0x0
core   0: 0x8000b310 (0xf99acd03) lbu     s10, -103(s5)
core   0: 3 0x8000b310 (0xf99acd03) x26 0x00000000 mem 0x80019322
core   0: 0x8000b314 (0x0e1acd83) lbu     s11, 225(s5)
core   0: 3 0x8000b314 (0x0e1acd83) x27 0x00000000 mem 0x8001946a
core   0: 0x8000b318 (0xf18a8383) lb      t2, -232(s5)
core   0: 3 0x8000b318 (0xf18a8383) x 7 0x00000000 mem 0x800192a1
core   0: 0x8000b31c (0xfaeac803) lbu     a6, -82(s5)
core   0: 3 0x8000b31c (0xfaeac803) x16 0x00000000 mem 0x80019337
core   0: 0x8000b320 (0x041a9c03) lh      s8, 65(s5)
core   0: 3 0x8000b320 (0x041a9c03) x24 0x00000000 mem 0x800193ca
core   0: 0x8000b324 (0xf62ac703) lbu     a4, -158(s5)
core   0: 3 0x8000b324 (0xf62ac703) x14 0x00000000 mem 0x800192eb
core   0: 0x8000b328 (0xf5ba8c23) sb      s11, -168(s5)
core   0: 3 0x8000b328 (0xf5ba8c23) mem 0x800192e1 0x0
core   0: 0x8000b32c (0xf0cac003) lbu     zero, -244(s5)
core   0: 3 0x8000b32c (0xf0cac003) mem 0x80019295
core   0: 0x8000b330 (0x0daacd83) lbu     s11, 218(s5)
core   0: 3 0x8000b330 (0x0daacd83) x27 0x00000000 mem 0x80019463
core   0: 0x8000b334 (0x0c6a8d23) sb      t1, 218(s5)
core   0: 3 0x8000b334 (0x0c6a8d23) mem 0x80019463 0x0
core   0: 0x8000b338 (0x005a9603) lh      a2, 5(s5)
core   0: 3 0x8000b338 (0x005a9603) x12 0x00000000 mem 0x8001938e
core   0: 0x8000b33c (0xf59a9203) lh      tp, -167(s5)
core   0: 3 0x8000b33c (0xf59a9203) x 4 0x00000000 mem 0x800192e2
core   0: 0x8000b340 (0x0000a817) auipc   a6, 0xa
core   0: 3 0x8000b340 (0x0000a817) x16 0x80015340
core   0: 0x8000b344 (0x48080813) addi    a6, a6, 1152
core   0: 3 0x8000b344 (0x48080813) x16 0x800157c0
core   0: 0x8000b348 (0x00a81623) sh      a0, 12(a6)
core   0: 3 0x8000b348 (0x00a81623) mem 0x800157cc 0xece4
core   0: 0x8000b34c (0x01ec33b3) sltu    t2, s8, t5
core   0: 3 0x8000b34c (0x01ec33b3) x 7 0x00000000
core   0: 0x8000b350 (0x03685f03) lhu     t5, 54(a6)
core   0: 3 0x8000b350 (0x03685f03) x30 0x000050e6 mem 0x800157f6
core   0: 0x8000b354 (0x03685003) lhu     zero, 54(a6)
core   0: 3 0x8000b354 (0x03685003) mem 0x800157f6
core   0: 0x8000b358 (0x40a985b3) sub     a1, s3, a0
core   0: 3 0x8000b358 (0x40a985b3) x11 0x7ffd131c
core   0: 0x8000b35c (0x03685783) lhu     a5, 54(a6)
core   0: 3 0x8000b35c (0x03685783) x15 0x000050e6 mem 0x800157f6
core   0: 0x8000b360 (0x0000100f) fence.i
core   0: 3 0x8000b360 (0x0000100f)
core   0: 0x8000b364 (0x0000100f) fence.i
core   0: 3 0x8000b364 (0x0000100f)
core   0: 0x8000b368 (0x03685c03) lhu     s8, 54(a6)
core   0: 3 0x8000b368 (0x03685c03) x24 0x000050e6 mem 0x800157f6
core   0: 0x8000b36c (0x03680c83) lb      s9, 54(a6)
core   0: 3 0x8000b36c (0x03680c83) x25 0xffffffe6 mem 0x800157f6
core   0: 0x8000b370 (0x03685c03) lhu     s8, 54(a6)
core   0: 3 0x8000b370 (0x03685c03) x24 0x000050e6 mem 0x800157f6
core   0: 0x8000b374 (0x014ae3b3) or      t2, s5, s4
core   0: 3 0x8000b374 (0x014ae3b3) x 7 0x80019389
core   0: 0x8000b378 (0x01081523) sh      a6, 10(a6)
core   0: 3 0x8000b378 (0x01081523) mem 0x800157ca 0x57c0
core   0: 0x8000b37c (0x00a81703) lh      a4, 10(a6)
core   0: 3 0x8000b37c (0x00a81703) x14 0x000057c0 mem 0x800157ca
core   0: 0x8000b380 (0x00ac2a33) slt     s4, s8, a0
core   0: 3 0x8000b380 (0x00ac2a33) x20 0x00000000
core   0: 0x8000b384 (0xfe484203) lbu     tp, -28(a6)
core   0: 3 0x8000b384 (0xfe484203) x 4 0x00000000 mem 0x800157a4
core   0: 0x8000b388 (0xfd6804a3) sb      s6, -55(a6)
core   0: 3 0x8000b388 (0xfd6804a3) mem 0x80015789 0x0
core   0: 0x8000b38c (0x0000a397) auipc   t2, 0xa
core   0: 3 0x8000b38c (0x0000a397) x 7 0x8001538c
core   0: 0x8000b390 (0x1f038393) addi    t2, t2, 496
core   0: 3 0x8000b390 (0x1f038393) x 7 0x8001557c
core   0: 0x8000b394 (0x0083d983) lhu     s3, 8(t2)
core   0: 3 0x8000b394 (0x0083d983) x19 0x00000000 mem 0x80015584
core   0: 0x8000b398 (0x0083ab03) lw      s6, 8(t2)
core   0: 3 0x8000b398 (0x0083ab03) x22 0x00000000 mem 0x80015584
core   0: 0x8000b39c (0x0363c483) lbu     s1, 54(t2)
core   0: 3 0x8000b39c (0x0363c483) x 9 0x00000000 mem 0x800155b2
core   0: 0x8000b3a0 (0x0ff0000f) fence   iorw,iorw
core   0: 3 0x8000b3a0 (0x0ff0000f)
core   0: 0x8000b3a4 (0x401e5fb3) sra     t6, t3, ra
core   0: 3 0x8000b3a4 (0x401e5fb3) x31 0x00000000
core   0: 0x8000b3a8 (0xb12a7093) andi    ra, s4, -1262
core   0: 3 0x8000b3a8 (0xb12a7093) x 1 0x00000000
core   0: 0x8000b3ac (0xfed3c003) lbu     zero, -19(t2)
core   0: 3 0x8000b3ac (0xfed3c003) mem 0x80015569
core   0: 0x8000b3b0 (0x7ce25f97) auipc   t6, 0x7ce25
core   0: 3 0x8000b3b0 (0x7ce25f97) x31 0xfce303b0
core   0: 0x8000b3b4 (0xff438f83) lb      t6, -12(t2)
core   0: 3 0x8000b3b4 (0xff438f83) x31 0xffffffb3 mem 0x80015570
core   0: 0x8000b3b8 (0xfec39923) sh      a2, -14(t2)
core   0: 3 0x8000b3b8 (0xfec39923) mem 0x8001556e 0x0000
core   0: 0x8000b3bc (0xff738483) lb      s1, -9(t2)
core   0: 3 0x8000b3bc (0xff738483) x 9 0x00000000 mem 0x80015573
core   0: 0x8000b3c0 (0xfe638783) lb      a5, -26(t2)
core   0: 3 0x8000b3c0 (0xfe638783) x15 0x00000000 mem 0x80015562
core   0: 0x8000b3c4 (0x00739d23) sh      t2, 26(t2)
core   0: 3 0x8000b3c4 (0x00739d23) mem 0x80015596 0x557c
core   0: 0x8000b3c8 (0x00638083) lb      ra, 6(t2)
core   0: 3 0x8000b3c8 (0x00638083) x 1 0x00000000 mem 0x80015582
core   0: 0x8000b3cc (0x0063c683) lbu     a3, 6(t2)
core   0: 3 0x8000b3cc (0x0063c683) x13 0x00000000 mem 0x80015582
core   0: 0x8000b3d0 (0x0000c997) auipc   s3, 0xc
core   0: 3 0x8000b3d0 (0x0000c997) x19 0x800173d0
core   0: 0x8000b3d4 (0x75a98993) addi    s3, s3, 1882
core   0: 3 0x8000b3d4 (0x75a98993) x19 0x80017b2a
core   0: 0x8000b3d8 (0x00a98f03) lb      t5, 10(s3)
core   0: 3 0x8000b3d8 (0x00a98f03) x30 0x00000000 mem 0x80017b34
core   0: 0x8000b3dc (0x41bd5313) srai    t1, s10, 27
core   0: 3 0x8000b3dc (0x41bd5313) x 6 0x00000000
core   0: 0x8000b3e0 (0x00b9c003) lbu     zero, 11(s3)
core   0: 3 0x8000b3e0 (0x00b9c003) mem 0x80017b35
core   0: 0x8000b3e4 (0x0039cd03) lbu     s10, 3(s3)
core   0: 3 0x8000b3e4 (0x0039cd03) x26 0x00000000 mem 0x80017b2d
core   0: 0x8000b3e8 (0x008c4033) xor     zero, s8, s0
core   0: 3 0x8000b3e8 (0x008c4033)
core   0: 0x8000b3ec (0xff29dd83) lhu     s11, -14(s3)
core   0: 3 0x8000b3ec (0xff29dd83) x27 0x00000000 mem 0x80017b1c
core   0: 0x8000b3f0 (0xfe098ea3) sb      zero, -3(s3)
core   0: 3 0x8000b3f0 (0xfe098ea3) mem 0x80017b27 0x0
core   0: 0x8000b3f4 (0x00098323) sb      zero, 6(s3)
core   0: 3 0x8000b3f4 (0x00098323) mem 0x80017b30 0x0
core   0: 0x8000b3f8 (0x00699c03) lh      s8, 6(s3)
core   0: 3 0x8000b3f8 (0x00699c03) x24 0x00000000 mem 0x80017b30
core   0: 0x8000b3fc (0x0019a323) sw      ra, 6(s3)
core   0: 3 0x8000b3fc (0x0019a323) mem 0x80017b30 0x00000000
core   0: 0x8000b400 (0x6fa97c13) andi    s8, s2, 1786
core   0: 3 0x8000b400 (0x6fa97c13) x24 0x00000000
core   0: 0x8000b404 (0xfff99823) sh      t6, -16(s3)
core   0: 3 0x8000b404 (0xfff99823) mem 0x80017b1a 0xffb3
core   0: 0x8000b408 (0xfe599823) sh      t0, -16(s3)
core   0: 3 0x8000b408 (0xfe599823) mem 0x80017b1a 0x0000
core   0: 0x8000b40c (0xff09d083) lhu     ra, -16(s3)
core   0: 3 0x8000b40c (0xff09d083) x 1 0x00000000 mem 0x80017b1a
core   0: 0x8000b410 (0xffb98ca3) sb      s11, -7(s3)
core   0: 3 0x8000b410 (0xffb98ca3) mem 0x80017b23 0x0
core   0: 0x8000b414 (0x0039ce83) lbu     t4, 3(s3)
core   0: 3 0x8000b414 (0x0039ce83) x29 0x00000000 mem 0x80017b2d
core   0: 0x8000b418 (0x003981a3) sb      gp, 3(s3)
core   0: 3 0x8000b418 (0x003981a3) mem 0x80017b2d 0x0
core   0: 0x8000b41c (0x00012f97) auipc   t6, 0x12
core   0: 3 0x8000b41c (0x00012f97) x31 0x8001d41c
core   0: 0x8000b420 (0xe2af8f93) addi    t6, t6, -470
core   0: 3 0x8000b420 (0xe2af8f93) x31 0x8001d246
core   0: 0x8000b424 (0x008fc703) lbu     a4, 8(t6)
core   0: 3 0x8000b424 (0x008fc703) x14 0x00000000 mem 0x8001d24e
core   0: 0x8000b428 (0x010f9423) sh      a6, 8(t6)
core   0: 3 0x8000b428 (0x010f9423) mem 0x8001d24e 0x57c0
core   0: 0x8000b42c (0x008f9983) lh      s3, 8(t6)
core   0: 3 0x8000b42c (0x008f9983) x19 0x000057c0 mem 0x8001d24e
core   0: 0x8000b430 (0x5bb8ec13) ori     s8, a7, 1467
core   0: 3 0x8000b430 (0x5bb8ec13) x24 0x000005bf
core   0: 0x8000b434 (0x00bf8423) sb      a1, 8(t6)
core   0: 3 0x8000b434 (0x00bf8423) mem 0x8001d24e 0x1c
core   0: 0x8000b438 (0x004f9423) sh      tp, 8(t6)
core   0: 3 0x8000b438 (0x004f9423) mem 0x8001d24e 0x0000
core   0: 0x8000b43c (0x01bf9423) sh      s11, 8(t6)
core   0: 3 0x8000b43c (0x01bf9423) mem 0x8001d24e 0x0000
core   0: 0x8000b440 (0x008fdd83) lhu     s11, 8(t6)
core   0: 3 0x8000b440 (0x008fdd83) x27 0x00000000 mem 0x8001d24e
core   0: 0x8000b444 (0x008fdd83) lhu     s11, 8(t6)
core   0: 3 0x8000b444 (0x008fdd83) x27 0x00000000 mem 0x8001d24e
core   0: 0x8000b448 (0x008f9403) lh      s0, 8(t6)
core   0: 3 0x8000b448 (0x008f9403) x 8 0x00000000 mem 0x8001d24e
core   0: 0x8000b44c (0x008fd303) lhu     t1, 8(t6)
core   0: 3 0x8000b44c (0x008fd303) x 6 0x00000000 mem 0x8001d24e
core   0: 0x8000b450 (0x008fca83) lbu     s5, 8(t6)
core   0: 3 0x8000b450 (0x008fca83) x21 0x00000000 mem 0x8001d24e
core   0: 0x8000b454 (0xff8f9983) lh      s3, -8(t6)
core   0: 3 0x8000b454 (0xff8f9983) x19 0x00000000 mem 0x8001d23e
core   0: 0x8000b458 (0xff8f9c03) lh      s8, -8(t6)
core   0: 3 0x8000b458 (0xff8f9c03) x24 0x00000000 mem 0x8001d23e
core   0: 0x8000b45c (0xff8f9a83) lh      s5, -8(t6)
core   0: 3 0x8000b45c (0xff8f9a83) x21 0x00000000 mem 0x8001d23e
core   0: 0x8000b460 (0x0000b917) auipc   s2, 0xb
core   0: 3 0x8000b460 (0x0000b917) x18 0x80016460
core   0: 0x8000b464 (0x81590913) addi    s2, s2, -2027
core   0: 3 0x8000b464 (0x81590913) x18 0x80015c75
core   0: 0x8000b468 (0x0012d0b3) srl     ra, t0, ra
core   0: 3 0x8000b468 (0x0012d0b3) x 1 0x00000000
core   0: 0x8000b46c (0x01f1dd13) srli    s10, gp, 31
core   0: 3 0x8000b46c (0x01f1dd13) x26 0x00000000
core   0: 0x8000b470 (0x019571b3) and     gp, a0, s9
core   0: 3 0x8000b470 (0x019571b3) x 3 0x8002ece4
core   0: 0x8000b474 (0x012902a3) sb      s2, 5(s2)
core   0: 3 0x8000b474 (0x012902a3) mem 0x80015c7a 0x75
core   0: 0x8000b478 (0x85844313) xori    t1, s0, -1960
core   0: 3 0x8000b478 (0x85844313) x 6 0xfffff858
core   0: 0x8000b47c (0x00239313) slli    t1, t2, 2
core   0: 3 0x8000b47c (0x00239313) x 6 0x000555f0
core   0: 0x8000b480 (0x01b9c233) xor     tp, s3, s11
core   0: 3 0x8000b480 (0x01b9c233) x 4 0x00000000
core   0: 0x8000b484 (0x390c4b13) xori    s6, s8, 912
core   0: 3 0x8000b484 (0x390c4b13) x22 0x00000390
core   0: 0x8000b488 (0x00105c33) srl     s8, zero, ra
core   0: 3 0x8000b488 (0x00105c33) x24 0x00000000
core   0: 0x8000b48c (0x015d7433) and     s0, s10, s5
core   0: 3 0x8000b48c (0x015d7433) x 8 0x00000000
core   0: 0x8000b490 (0xa1dc3893) sltiu   a7, s8, -1507
core   0: 3 0x8000b490 (0xa1dc3893) x17 0x00000001
core   0: 0x8000b494 (0x41ecde13) srai    t3, s9, 30
core   0: 3 0x8000b494 (0x41ecde13) x28 0xffffffff
core   0: 0x8000b498 (0x01191393) slli    t2, s2, 17
core   0: 3 0x8000b498 (0x01191393) x 7 0xb8ea0000
core   0: 0x8000b49c (0x03d90aa3) sb      t4, 53(s2)
core   0: 3 0x8000b49c (0x03d90aa3) mem 0x80015caa 0x0
core   0: 0x8000b4a0 (0x03694e03) lbu     t3, 54(s2)
core   0: 3 0x8000b4a0 (0x03694e03) x28 0x00000000 mem 0x80015cab
core   0: 0x8000b4a4 (0x0000100f) fence.i
core   0: 3 0x8000b4a4 (0x0000100f)
core   0: 0x8000b4a8 (0x014b0733) add     a4, s6, s4
core   0: 3 0x8000b4a8 (0x014b0733) x14 0x00000390
core   0: 0x8000b4ac (0xff0905a3) sb      a6, -21(s2)
core   0: 3 0x8000b4ac (0xff0905a3) mem 0x80015c60 0xc0
core   0: 0x8000b4b0 (0x02395c03) lhu     s8, 35(s2)
core   0: 3 0x8000b4b0 (0x02395c03) x24 0x00000000 mem 0x80015c98
core   0: 0x8000b4b4 (0xfc290f23) sb      sp, -34(s2)
core   0: 3 0x8000b4b4 (0xfc290f23) mem 0x80015c53 0x38
core   0: 0x8000b4b8 (0x018dad33) slt     s10, s11, s8
core   0: 3 0x8000b4b8 (0x018dad33) x26 0x00000000
core   0: 0x8000b4bc (0xfee90e83) lb      t4, -18(s2)
core   0: 3 0x8000b4bc (0xfee90e83) x29 0x00000000 mem 0x80015c63
core   0: 0x8000b4c0 (0x00978cb3) add     s9, a5, s1
core   0: 3 0x8000b4c0 (0x00978cb3) x25 0x00000000
core   0: 0x8000b4c4 (0x01309013) slli    zero, ra, 19
core   0: 3 0x8000b4c4 (0x01309013)
core   0: 0x8000b4c8 (0xfde94b03) lbu     s6, -34(s2)
core   0: 3 0x8000b4c8 (0xfde94b03) x22 0x00000038 mem 0x80015c53
core   0: 0x8000b4cc (0x01948733) add     a4, s1, s9
core   0: 3 0x8000b4cc (0x01948733) x14 0x00000000
core   0: 0x8000b4d0 (0x58274d93) xori    s11, a4, 1410
core   0: 3 0x8000b4d0 (0x58274d93) x27 0x00000582
core   0: 0x8000b4d4 (0x012462b3) or      t0, s0, s2
core   0: 3 0x8000b4d4 (0x012462b3) x 5 0x80015c75
core   0: 0x8000b4d8 (0x02994e83) lbu     t4, 41(s2)
core   0: 3 0x8000b4d8 (0x02994e83) x29 0x00000000 mem 0x80015c9e
core   0: 0x8000b4dc (0x01b4f733) and     a4, s1, s11
core   0: 3 0x8000b4dc (0x01b4f733) x14 0x00000000
core   0: 0x8000b4e0 (0x00090383) lb      t2, 0(s2)
core   0: 3 0x8000b4e0 (0x00090383) x 7 0x00000000 mem 0x80015c75
core   0: 0x8000b4e4 (0x002bdab3) srl     s5, s7, sp
core   0: 3 0x8000b4e4 (0x002bdab3) x21 0x000000d1
core   0: 0x8000b4e8 (0x861c3413) sltiu   s0, s8, -1951
core   0: 3 0x8000b4e8 (0x861c3413) x 8 0x00000001
core   0: 0x8000b4ec (0x01f31593) slli    a1, t1, 31
core   0: 3 0x8000b4ec (0x01f31593) x11 0x00000000
core   0: 0x8000b4f0 (0x011d9b33) sll     s6, s11, a7
core   0: 3 0x8000b4f0 (0x011d9b33) x22 0x00000b04
core   0: 0x8000b4f4 (0x03290183) lb      gp, 50(s2)
core   0: 3 0x8000b4f4 (0x03290183) x 3 0x00000000 mem 0x80015ca7
core   0: 0x8000b4f8 (0xfe690123) sb      t1, -30(s2)
core   0: 3 0x8000b4f8 (0xfe690123) mem 0x80015c57 0xf0
core   0: 0x8000b4fc (0x01d508b3) add     a7, a0, t4
core   0: 3 0x8000b4fc (0x01d508b3) x17 0x8002ece4
core   0: 0x8000b500 (0x03f90e23) sb      t6, 60(s2)
core   0: 3 0x8000b500 (0x03f90e23) mem 0x80015cb1 0x46
core   0: 0x8000b504 (0x03e90b23) sb      t5, 54(s2)
core   0: 3 0x8000b504 (0x03e90b23) mem 0x80015cab 0x0
core   0: 0x8000b508 (0xf546f993) andi    s3, a3, -172
core   0: 3 0x8000b508 (0xf546f993) x19 0x00000000
core   0: 0x8000b50c (0x0000100f) fence.i
core   0: 3 0x8000b50c (0x0000100f)
core   0: 0x8000b510 (0x03290323) sb      s2, 38(s2)
core   0: 3 0x8000b510 (0x03290323) mem 0x80015c9b 0x75
core   0: 0x8000b514 (0x00017717) auipc   a4, 0x17
core   0: 3 0x8000b514 (0x00017717) x14 0x80022514
core   0: 0x8000b518 (0x85270713) addi    a4, a4, -1966
core   0: 3 0x8000b518 (0x85270713) x14 0x80021d66
core   0: 0x8000b51c (0x0cf71a23) sh      a5, 212(a4)
core   0: 3 0x8000b51c (0x0cf71a23) mem 0x80021e3a 0x0000
core   0: 0x8000b520 (0x0d470903) lb      s2, 212(a4)
core   0: 3 0x8000b520 (0x0d470903) x18 0x00000000 mem 0x80021e3a
core   0: 0x8000b524 (0xf2970d03) lb      s10, -215(a4)
core   0: 3 0x8000b524 (0xf2970d03) x26 0x00000000 mem 0x80021c8f
core   0: 0x8000b528 (0xf30704a3) sb      a6, -215(a4)
core   0: 3 0x8000b528 (0xf30704a3) mem 0x80021c8f 0xc0
core   0: 0x8000b52c (0x41e45d33) sra     s10, s0, t5
core   0: 3 0x8000b52c (0x41e45d33) x26 0x00000001
core   0: 0x8000b530 (0xf23704a3) sb      gp, -215(a4)
core   0: 3 0x8000b530 (0xf23704a3) mem 0x80021c8f 0x0
core   0: 0x8000b534 (0xf2970783) lb      a5, -215(a4)
core   0: 3 0x8000b534 (0xf2970783) x15 0x00000000 mem 0x80021c8f
core   0: 0x8000b538 (0xf2974183) lbu     gp, -215(a4)
core   0: 3 0x8000b538 (0xf2974183) x 3 0x00000000 mem 0x80021c8f
core   0: 0x8000b53c (0xf2974383) lbu     t2, -215(a4)
core   0: 3 0x8000b53c (0xf2974383) x 7 0x00000000 mem 0x80021c8f
core   0: 0x8000b540 (0xf2970e03) lb      t3, -215(a4)
core   0: 3 0x8000b540 (0xf2970e03) x28 0x00000000 mem 0x80021c8f
core   0: 0x8000b544 (0xf8b702a3) sb      a1, -123(a4)
core   0: 3 0x8000b544 (0xf8b702a3) mem 0x80021ceb 0x0
core   0: 0x8000b548 (0xf8570003) lb      zero, -123(a4)
core   0: 3 0x8000b548 (0xf8570003) mem 0x80021ceb
core   0: 0x8000b54c (0xf8570c83) lb      s9, -123(a4)
core   0: 3 0x8000b54c (0xf8570c83) x25 0x00000000 mem 0x80021ceb
core   0: 0x8000b550 (0x0b275c83) lhu     s9, 178(a4)
core   0: 3 0x8000b550 (0x0b275c83) x25 0x00000000 mem 0x80021e18
core   0: 0x8000b554 (0x0000af97) auipc   t6, 0xa
core   0: 3 0x8000b554 (0x0000af97) x31 0x80015554
core   0: 0x8000b558 (0xea0f8f93) addi    t6, t6, -352
core   0: 3 0x8000b558 (0xea0f8f93) x31 0x800153f4
core   0: 0x8000b55c (0x00010297) auipc   t0, 0x10
core   0: 3 0x8000b55c (0x00010297) x 5 0x8001b55c
core   0: 0x8000b560 (0x3ba28293) addi    t0, t0, 954
core   0: 3 0x8000b560 (0x3ba28293) x 5 0x8001b916
core   0: 0x8000b564 (0x030fd403) lhu     s0, 48(t6)
core   0: 3 0x8000b564 (0x030fd403) x 8 0x00000000 mem 0x80015424
core   0: 0x8000b568 (0xfe22c883) lbu     a7, -30(t0)
core   0: 3 0x8000b568 (0xfe22c883) x17 0x00000000 mem 0x8001b8f8
core   0: 0x8000b56c (0xff7fc583) lbu     a1, -9(t6)
core   0: 3 0x8000b56c (0xff7fc583) x11 0x00000000 mem 0x800153eb
core   0: 0x8000b570 (0xfdf28403) lb      s0, -33(t0)
core   0: 3 0x8000b570 (0xfdf28403) x 8 0x00000000 mem 0x8001b8f5
core   0: 0x8000b574 (0xff2f8303) lb      t1, -14(t6)
core   0: 3 0x8000b574 (0xff2f8303) x 6 0x00000000 mem 0x800153e6
core   0: 0x8000b578 (0x038f8223) sb      s8, 36(t6)
core   0: 3 0x8000b578 (0x038f8223) mem 0x80015418 0x0
core   0: 0x8000b57c (0x03028ea3) sb      a6, 61(t0)
core   0: 3 0x8000b57c (0x03028ea3) mem 0x8001b953 0xc0
core   0: 0x8000b580 (0xfe7283a3) sb      t2, -25(t0)
core   0: 3 0x8000b580 (0xfe7283a3) mem 0x8001b8fd 0x0
core   0: 0x8000b584 (0x039f8d83) lb      s11, 57(t6)
core   0: 3 0x8000b584 (0x039f8d83) x27 0x00000000 mem 0x8001542d
core   0: 0x8000b588 (0xfc22ce03) lbu     t3, -62(t0)
core   0: 3 0x8000b588 (0xfc22ce03) x28 0x00000000 mem 0x8001b8d8
core   0: 0x8000b58c (0x01a29823) sh      s10, 16(t0)
core   0: 3 0x8000b58c (0x01a29823) mem 0x8001b926 0x0001
core   0: 0x8000b590 (0xfcbf8983) lb      s3, -53(t6)
core   0: 3 0x8000b590 (0xfcbf8983) x19 0xffffffff mem 0x800153bf
core   0: 0x8000b594 (0xff0289a3) sb      a6, -13(t0)
core   0: 3 0x8000b594 (0xff0289a3) mem 0x8001b909 0xc0
core   0: 0x8000b598 (0xfcafd603) lhu     a2, -54(t6)
core   0: 3 0x8000b598 (0xfcafd603) x12 0x0000ffad mem 0x800153be
core   0: 0x8000b59c (0xfe1f8123) sb      ra, -30(t6)
core   0: 3 0x8000b59c (0xfe1f8123) mem 0x800153d6 0x0
core   0: 0x8000b5a0 (0xfc7f8123) sb      t2, -62(t6)
core   0: 3 0x8000b5a0 (0xfc7f8123) mem 0x800153b6 0x0
core   0: 0x8000b5a4 (0xfdef8423) sb      t5, -56(t6)
core   0: 3 0x8000b5a4 (0xfdef8423) mem 0x800153bc 0x0
core   0: 0x8000b5a8 (0x0000a097) auipc   ra, 0xa
core   0: 3 0x8000b5a8 (0x0000a097) x 1 0x800155a8
core   0: 0x8000b5ac (0xfa008093) addi    ra, ra, -96
core   0: 3 0x8000b5ac (0xfa008093) x 1 0x80015548
core   0: 0x8000b5b0 (0x0000a197) auipc   gp, 0xa
core   0: 3 0x8000b5b0 (0x0000a197) x 3 0x800155b0
core   0: 0x8000b5b4 (0x26118193) addi    gp, gp, 609
core   0: 3 0x8000b5b4 (0x26118193) x 3 0x80015811
core   0: 0x8000b5b8 (0x0000ad97) auipc   s11, 0xa
core   0: 3 0x8000b5b8 (0x0000ad97) x27 0x800155b8
core   0: 0x8000b5bc (0x722d8d93) addi    s11, s11, 1826
core   0: 3 0x8000b5bc (0x722d8d93) x27 0x80015cda
core   0: 0x8000b5c0 (0x0000b817) auipc   a6, 0xb
core   0: 3 0x8000b5c0 (0x0000b817) x16 0x800165c0
core   0: 0x8000b5c4 (0xa4b80813) addi    a6, a6, -1461
core   0: 3 0x8000b5c4 (0xa4b80813) x16 0x8001600b
core   0: 0x8000b5c8 (0x08108403) lb      s0, 129(ra)
core   0: 3 0x8000b5c8 (0x08108403) x 8 0x00000000 mem 0x800155c9
core   0: 0x8000b5cc (0xf8b09a23) sh      a1, -108(ra)
core   0: 3 0x8000b5cc (0xf8b09a23) mem 0x800154dc 0x0000
core   0: 0x8000b5d0 (0xf4480003) lb      zero, -188(a6)
core   0: 3 0x8000b5d0 (0xf4480003) mem 0x80015f4f
core   0: 0x8000b5d4 (0x00e1c403) lbu     s0, 14(gp)
core   0: 3 0x8000b5d4 (0x00e1c403) x 8 0x00000000 mem 0x8001581f
core   0: 0x8000b5d8 (0xff1d89a3) sb      a7, -13(s11)
core   0: 3 0x8000b5d8 (0xff1d89a3) mem 0x80015ccd 0x0
core   0: 0x8000b5dc (0x09609303) lh      t1, 150(ra)
core   0: 3 0x8000b5dc (0x09609303) x 6 0x00000000 mem 0x800155de
core   0: 0x8000b5e0 (0x007dc583) lbu     a1, 7(s11)
core   0: 3 0x8000b5e0 (0x007dc583) x11 0x00000000 mem 0x80015ce1
core   0: 0x8000b5e4 (0x0bd18ba3) sb      t4, 183(gp)
core   0: 3 0x8000b5e4 (0x0bd18ba3) mem 0x800158c8 0x0
core   0: 0x8000b5e8 (0x02d85703) lhu     a4, 45(a6)
core   0: 3 0x8000b5e8 (0x02d85703) x14 0x00000000 mem 0x80016038
core   0: 0x8000b5ec (0xfba08983) lb      s3, -70(ra)
core   0: 3 0x8000b5ec (0xfba08983) x19 0xfffffffa mem 0x80015502
core   0: 0x8000b5f0 (0xfe3d8da3) sb      gp, -5(s11)
core   0: 3 0x8000b5f0 (0xfe3d8da3) mem 0x80015cd5 0x11
core   0: 0x8000b5f4 (0xfffdcc83) lbu     s9, -1(s11)
core   0: 3 0x8000b5f4 (0xfffdcc83) x25 0x00000000 mem 0x80015cd9
core   0: 0x8000b5f8 (0xf761c383) lbu     t2, -138(gp)
core   0: 3 0x8000b5f8 (0xf761c383) x 7 0x00000000 mem 0x80015787
core   0: 0x8000b5fc (0xf150ca03) lbu     s4, -235(ra)
core   0: 3 0x8000b5fc (0xf150ca03) x20 0x00000000 mem 0x8001545d
core   0: 0x8000b600 (0x00f1c283) lbu     t0, 15(gp)
core   0: 3 0x8000b600 (0x00f1c283) x 5 0x00000001 mem 0x80015820
core   0: 0x8000b604 (0x08319603) lh      a2, 131(gp)
core   0: 3 0x8000b604 (0x08319603) x12 0xffffb300 mem 0x80015894
core   0: 0x8000b608 (0xff3d8203) lb      tp, -13(s11)
core   0: 3 0x8000b608 (0xff3d8203) x 4 0x00000000 mem 0x80015ccd
core   0: 0x8000b60c (0xf4f1cc03) lbu     s8, -177(gp)
core   0: 3 0x8000b60c (0xf4f1cc03) x24 0x00000000 mem 0x80015760
core   0: 0x8000b610 (0x03818e23) sb      s8, 60(gp)
core   0: 3 0x8000b610 (0x03818e23) mem 0x8001584d 0x0
core   0: 0x8000b614 (0xfc0184a3) sb      zero, -55(gp)
core   0: 3 0x8000b614 (0xfc0184a3) mem 0x800157da 0x0
core   0: 0x8000b618 (0xf8b80fa3) sb      a1, -97(a6)
core   0: 3 0x8000b618 (0xf8b80fa3) mem 0x80015faa 0x0
core   0: 0x8000b61c (0x0ac084a3) sb      a2, 169(ra)
core   0: 3 0x8000b61c (0x0ac084a3) mem 0x800155f1 0x0
core   0: 0x8000b620 (0x0eb1a603) lw      a2, 235(gp)
core   0: 3 0x8000b620 (0x0eb1a603) x12 0x00000000 mem 0x800158fc
core   0: 0x8000b624 (0xf1f80583) lb      a1, -225(a6)
core   0: 3 0x8000b624 (0xf1f80583) x11 0x00000000 mem 0x80015f2a
core   0: 0x8000b628 (0xfe8d88a3) sb      s0, -15(s11)
core   0: 3 0x8000b628 (0xfe8d88a3) mem 0x80015ccb 0x0
core   0: 0x8000b62c (0xf5580603) lb      a2, -171(a6)
core   0: 3 0x8000b62c (0xf5580603) x12 0x00000000 mem 0x80015f60
core   0: 0x8000b630 (0xff3d8a83) lb      s5, -13(s11)
core   0: 3 0x8000b630 (0xff3d8a83) x21 0x00000000 mem 0x80015ccd
core   0: 0x8000b634 (0xf3380b03) lb      s6, -205(a6)
core   0: 3 0x8000b634 (0xf3380b03) x22 0x00000000 mem 0x80015f3e
core   0: 0x8000b638 (0xfb308883) lb      a7, -77(ra)
core   0: 3 0x8000b638 (0xfb308883) x17 0x00000075 mem 0x800154fb
core   0: 0x8000b63c (0x04119703) lh      a4, 65(gp)
core   0: 3 0x8000b63c (0x04119703) x14 0x00000000 mem 0x80015852
core   0: 0x8000b640 (0x00011217) auipc   tp, 0x11
core   0: 3 0x8000b640 (0x00011217) x 4 0x8001c640
core   0: 0x8000b644 (0x10820213) addi    tp, tp, 264
core   0: 3 0x8000b644 (0x10820213) x 4 0x8001c748
core   0: 0x8000b648 (0x00013697) auipc   a3, 0x13
core   0: 3 0x8000b648 (0x00013697) x13 0x8001e648
core   0: 0x8000b64c (0xd0f68693) addi    a3, a3, -753
core   0: 3 0x8000b64c (0xd0f68693) x13 0x8001e357
core   0: 0x8000b650 (0x00018417) auipc   s0, 0x18
core   0: 3 0x8000b650 (0x00018417) x 8 0x80023650
core   0: 0x8000b654 (0xd8c40413) addi    s0, s0, -628
core   0: 3 0x8000b654 (0xd8c40413) x 8 0x800233dc
core   0: 0x8000b658 (0xf9d44903) lbu     s2, -99(s0)
core   0: 3 0x8000b658 (0xf9d44903) x18 0x00000000 mem 0x80023379
core   0: 0x8000b65c (0x08440f23) sb      tp, 158(s0)
core   0: 3 0x8000b65c (0x08440f23) mem 0x8002347a 0x48
core   0: 0x8000b660 (0xff26c083) lbu     ra, -14(a3)
core   0: 3 0x8000b660 (0xff26c083) x 1 0x00000000 mem 0x8001e349
core   0: 0x8000b664 (0x27645303) lhu     t1, 630(s0)
core   0: 3 0x8000b664 (0x27645303) x 6 0x00000000 mem 0x80023652
core   0: 0x8000b668 (0x7df406a3) sb      t6, 1997(s0)
core   0: 3 0x8000b668 (0x7df406a3) mem 0x80023ba9 0xf4
core   0: 0x8000b66c (0x07b20e23) sb      s11, 124(tp)
core   0: 3 0x8000b66c (0x07b20e23) mem 0x8001c7c4 0xda
core   0: 0x8000b670 (0x0c625803) lhu     a6, 198(tp)
core   0: 3 0x8000b670 (0x0c625803) x16 0x00000000 mem 0x8001c80e
core   0: 0x8000b674 (0x20e40003) lb      zero, 526(s0)
core   0: 3 0x8000b674 (0x20e40003) mem 0x800235ea
core   0: 0x8000b678 (0x00724603) lbu     a2, 7(tp)
core   0: 3 0x8000b678 (0x00724603) x12 0x00000000 mem 0x8001c74f
core   0: 0x8000b67c (0xf8a20303) lb      t1, -118(tp)
core   0: 3 0x8000b67c (0xf8a20303) x 6 0x00000000 mem 0x8001c6d2
core   0: 0x8000b680 (0xa6740e23) sb      t2, -1412(s0)
core   0: 3 0x8000b680 (0xa6740e23) mem 0x80022e58 0x0
core   0: 0x8000b684 (0x00e68483) lb      s1, 14(a3)
core   0: 3 0x8000b684 (0x00e68483) x 9 0x00000000 mem 0x8001e365
core   0: 0x8000b688 (0xf3a24803) lbu     a6, -198(tp)
core   0: 3 0x8000b688 (0xf3a24803) x16 0x00000000 mem 0x8001c682
core   0: 0x8000b68c (0x96640fa3) sb      t1, -1665(s0)
core   0: 3 0x8000b68c (0x96640fa3) mem 0x80022d5b 0x0
core   0: 0x8000b690 (0x09f20723) sb      t6, 142(tp)
core   0: 3 0x8000b690 (0x09f20723) mem 0x8001c7d6 0xf4
core   0: 0x8000b694 (0xfec25003) lhu     zero, -20(tp)
core   0: 3 0x8000b694 (0xfec25003) mem 0x8001c734
core   0: 0x8000b698 (0xfec688a3) sb      a2, -15(a3)
core   0: 3 0x8000b698 (0xfec688a3) mem 0x8001e348 0x0
core   0: 0x8000b69c (0x96744903) lbu     s2, -1689(s0)
core   0: 3 0x8000b69c (0x96744903) x18 0x00000000 mem 0x80022d43
core   0: 0x8000b6a0 (0xffa68583) lb      a1, -6(a3)
core   0: 3 0x8000b6a0 (0xffa68583) x11 0x00000000 mem 0x8001e351
core   0: 0x8000b6a4 (0x33e42023) sw      t5, 800(s0)
core   0: 3 0x8000b6a4 (0x33e42023) mem 0x800236fc 0x00000000
core   0: 0x8000b6a8 (0xfa324a03) lbu     s4, -93(tp)
core   0: 3 0x8000b6a8 (0xfa324a03) x20 0x00000000 mem 0x8001c6eb
core   0: 0x8000b6ac (0xf5e21f83) lh      t6, -162(tp)
core   0: 3 0x8000b6ac (0xf5e21f83) x31 0x00000000 mem 0x8001c6a6
core   0: 0x8000b6b0 (0xce741a23) sh      t2, -780(s0)
core   0: 3 0x8000b6b0 (0xce741a23) mem 0x800230d0 0x0000
core   0: 0x8000b6b4 (0x00c68883) lb      a7, 12(a3)
core   0: 3 0x8000b6b4 (0x00c68883) x17 0x00000000 mem 0x8001e363
core   0: 0x8000b6b8 (0x00011297) auipc   t0, 0x11
core   0: 3 0x8000b6b8 (0x00011297) x 5 0x8001c6b8
core   0: 0x8000b6bc (0x36028293) addi    t0, t0, 864
core   0: 3 0x8000b6bc (0x36028293) x 5 0x8001ca18
core   0: 0x8000b6c0 (0x0001a417) auipc   s0, 0x1a
core   0: 3 0x8000b6c0 (0x0001a417) x 8 0x800256c0
core   0: 0x8000b6c4 (0x33840413) addi    s0, s0, 824
core   0: 3 0x8000b6c4 (0x33840413) x 8 0x800259f8
core   0: 0x8000b6c8 (0x00014a97) auipc   s5, 0x14
core   0: 3 0x8000b6c8 (0x00014a97) x21 0x8001f6c8
core   0: 0x8000b6cc (0xd36a8a93) addi    s5, s5, -714
core   0: 3 0x8000b6cc (0xd36a8a93) x21 0x8001f3fe
core   0: 0x8000b6d0 (0xfdd2c483) lbu     s1, -35(t0)
core   0: 3 0x8000b6d0 (0xfdd2c483) x 9 0x00000000 mem 0x8001c9f5
core   0: 0x8000b6d4 (0x0000da17) auipc   s4, 0xd
core   0: 3 0x8000b6d4 (0x0000da17) x20 0x800186d4
core   0: 0x8000b6d8 (0x047a0a13) addi    s4, s4, 71
core   0: 3 0x8000b6d8 (0x047a0a13) x20 0x8001871b
core   0: 0x8000b6dc (0xeabac083) lbu     ra, -341(s5)
core   0: 3 0x8000b6dc (0xeabac083) x 1 0x00000000 mem 0x8001f2a9
core   0: 0x8000b6e0 (0xfda281a3) sb      s10, -61(t0)
core   0: 3 0x8000b6e0 (0xfda281a3) mem 0x8001c9db 0x1
core   0: 0x8000b6e4 (0x00011f17) auipc   t5, 0x11
core   0: 3 0x8000b6e4 (0x00011f17) x30 0x8001c6e4
core   0: 0x8000b6e8 (0x143f0f13) addi    t5, t5, 323
core   0: 3 0x8000b6e8 (0x143f0f13) x30 0x8001c827
core   0: 0x8000b6ec (0xfc1f0d83) lb      s11, -63(t5)
core   0: 3 0x8000b6ec (0xfc1f0d83) x27 0x00000000 mem 0x8001c7e8
core   0: 0x8000b6f0 (0xfd2285a3) sb      s2, -53(t0)
core   0: 3 0x8000b6f0 (0xfd2285a3) mem 0x8001c9e3 0x0
core   0: 0x8000b6f4 (0xe26adf83) lhu     t6, -474(s5)
core   0: 3 0x8000b6f4 (0xe26adf83) x31 0x00000000 mem 0x8001f224
core   0: 0x8000b6f8 (0xc70a8623) sb      a6, -916(s5)
core   0: 3 0x8000b6f8 (0xc70a8623) mem 0x8001f06a 0x0
core   0: 0x8000b6fc (0x774a4c03) lbu     s8, 1908(s4)
core   0: 3 0x8000b6fc (0x774a4c03) x24 0x00000000 mem 0x80018e8f
core   0: 0x8000b700 (0x44242c23) sw      sp, 1112(s0)
core   0: 3 0x8000b700 (0x44242c23) mem 0x80025e50 0x8002ae38
core   0: 0x8000b704 (0xd5742e23) sw      s7, -676(s0)
core   0: 3 0x8000b704 (0xd5742e23) mem 0x80025754 0xd1eeaab3
core   0: 0x8000b708 (0x627a1ea3) sh      t2, 1597(s4)
core   0: 3 0x8000b708 (0x627a1ea3) mem 0x80018d58 0x0000
core   0: 0x8000b70c (0x00ef0b23) sb      a4, 22(t5)
core   0: 3 0x8000b70c (0x00ef0b23) mem 0x8001c83d 0x0
core   0: 0x8000b710 (0x8f7ac703) lbu     a4, -1801(s5)
core   0: 3 0x8000b710 (0x8f7ac703) x14 0x00000000 mem 0x8001ecf5
core   0: 0x8000b714 (0x164add83) lhu     s11, 356(s5)
core   0: 3 0x8000b714 (0x164add83) x27 0x00000000 mem 0x8001f562
core   0: 0x8000b718 (0xfc744003) lbu     zero, -57(s0)
core   0: 3 0x8000b718 (0xfc744003) mem 0x800259bf
core   0: 0x8000b71c (0xc6fa4e03) lbu     t3, -913(s4)
core   0: 3 0x8000b71c (0xc6fa4e03) x28 0x00000000 mem 0x8001838a
core   0: 0x8000b720 (0x505ac083) lbu     ra, 1285(s5)
core   0: 3 0x8000b720 (0x505ac083) x 1 0x00000000 mem 0x8001f903
core   0: 0x8000b724 (0xfe528523) sb      t0, -22(t0)
core   0: 3 0x8000b724 (0xfe528523) mem 0x8001ca02 0x18
core   0: 0x8000b728 (0xfecf0183) lb      gp, -20(t5)
core   0: 3 0x8000b728 (0xfecf0183) x 3 0x00000000 mem 0x8001c813
core   0: 0x8000b72c (0x8e4ad703) lhu     a4, -1820(s5)
core   0: 3 0x8000b72c (0x8e4ad703) x14 0x00000000 mem 0x8001ece2
core   0: 0x8000b730 (0xe23a22a3) sw      gp, -475(s4)
core   0: 3 0x8000b730 (0xe23a22a3) mem 0x80018540 0x00000000
core   0: 0x8000b734 (0xfcbf1883) lh      a7, -53(t5)
core   0: 3 0x8000b734 (0xfcbf1883) x17 0x00000000 mem 0x8001c7f2
core   0: 0x8000b738 (0x17ba0ca3) sb      s11, 377(s4)
core   0: 3 0x8000b738 (0x17ba0ca3) mem 0x80018894 0x0
core   0: 0x8000b73c (0x576a9983) lh      s3, 1398(s5)
core   0: 3 0x8000b73c (0x576a9983) x19 0x00000000 mem 0x8001f974
core   0: 0x8000b740 (0x02b2c303) lbu     t1, 43(t0)
core   0: 3 0x8000b740 (0x02b2c303) x 6 0x00000000 mem 0x8001ca43
core   0: 0x8000b744 (0xd76a2aa3) sw      s6, -651(s4)
core   0: 3 0x8000b744 (0xd76a2aa3) mem 0x80018490 0x00000000
core   0: 0x8000b748 (0xd8340803) lb      a6, -637(s0)
core   0: 3 0x8000b748 (0xd8340803) x16 0x00000000 mem 0x8002577b
core   0: 0x8000b74c (0x882a4d03) lbu     s10, -1918(s4)
core   0: 3 0x8000b74c (0x882a4d03) x26 0x00000000 mem 0x80017f9d
core   0: 0x8000b750 (0x917a8fa3) sb      s7, -1761(s5)
core   0: 3 0x8000b750 (0x917a8fa3) mem 0x8001ed1d 0xb3
core   0: 0x8000b754 (0xffe2a223) sw      t5, -28(t0)
core   0: 3 0x8000b754 (0xffe2a223) mem 0x8001c9fc 0x8001c827
core   0: 0x8000b758 (0x01d28203) lb      tp, 29(t0)
core   0: 3 0x8000b758 (0x01d28203) x 4 0x00000000 mem 0x8001ca35
core   0: 0x8000b75c (0x040f0883) lb      a7, 64(t5)
core   0: 3 0x8000b75c (0x040f0883) x17 0x00000000 mem 0x8001c867
core   0: 0x8000b760 (0xc27ac803) lbu     a6, -985(s5)
core   0: 3 0x8000b760 (0xc27ac803) x16 0x00000000 mem 0x8001f025
core   0: 0x8000b764 (0x0112c983) lbu     s3, 17(t0)
core   0: 3 0x8000b764 (0x0112c983) x19 0x00000000 mem 0x8001ca29
core   0: 0x8000b768 (0x934a4203) lbu     tp, -1740(s4)
core   0: 3 0x8000b768 (0x934a4203) x 4 0x00000000 mem 0x8001804f
core   0: 0x8000b76c (0xe4340303) lb      t1, -445(s0)
core   0: 3 0x8000b76c (0xe4340303) x 6 0x00000000 mem 0x8002583b
core   0: 0x8000b770 (0xfea28ca3) sb      a0, -7(t0)
core   0: 3 0x8000b770 (0xfea28ca3) mem 0x8001ca11 0xe4
core   0: 0x8000b774 (0xf39a0223) sb      s9, -220(s4)
core   0: 3 0x8000b774 (0xf39a0223) mem 0x8001863f 0x0
core   0: 0x8000b778 (0xfd1f5483) lhu     s1, -47(t5)
core   0: 3 0x8000b778 (0xfd1f5483) x 9 0x00000000 mem 0x8001c7f8
core   0: 0x8000b77c (0x0000ae17) auipc   t3, 0xa
core   0: 3 0x8000b77c (0x0000ae17) x28 0x8001577c
core   0: 0x8000b780 (0x532e0e13) addi    t3, t3, 1330
core   0: 3 0x8000b780 (0x532e0e13) x28 0x80015cae
core   0: 0x8000b784 (0x14003413) sltiu   s0, zero, 320
core   0: 3 0x8000b784 (0x14003413) x 8 0x00000001
core   0: 0x8000b788 (0x00f5b0b3) sltu    ra, a1, a5
core   0: 3 0x8000b788 (0x00f5b0b3) x 1 0x00000000
core   0: 0x8000b78c (0xfd3e4b03) lbu     s6, -45(t3)
core   0: 3 0x8000b78c (0xfd3e4b03) x22 0x00000000 mem 0x80015c81
core   0: 0x8000b790 (0xfd3e4083) lbu     ra, -45(t3)
core   0: 3 0x8000b790 (0xfd3e4083) x 1 0x00000000 mem 0x80015c81
core   0: 0x8000b794 (0xfd3e4683) lbu     a3, -45(t3)
core   0: 3 0x8000b794 (0xfd3e4683) x13 0x00000000 mem 0x80015c81
core   0: 0x8000b798 (0x00cad633) srl     a2, s5, a2
core   0: 3 0x8000b798 (0x00cad633) x12 0x8001f3fe
core   0: 0x8000b79c (0xfd3e0c03) lb      s8, -45(t3)
core   0: 3 0x8000b79c (0xfd3e0c03) x24 0x00000000 mem 0x80015c81
core   0: 0x8000b7a0 (0x00be4183) lbu     gp, 11(t3)
core   0: 3 0x8000b7a0 (0x00be4183) x 3 0x00000000 mem 0x80015cb9
core   0: 0x8000b7a4 (0x00be4083) lbu     ra, 11(t3)
core   0: 3 0x8000b7a4 (0x00be4083) x 1 0x00000000 mem 0x80015cb9
core   0: 0x8000b7a8 (0xfdfe0aa3) sb      t6, -43(t3)
core   0: 3 0x8000b7a8 (0xfdfe0aa3) mem 0x80015c83 0x0
core   0: 0x8000b7ac (0x00164cb3) xor     s9, a2, ra
core   0: 3 0x8000b7ac (0x00164cb3) x25 0x8001f3fe
core   0: 0x8000b7b0 (0x011e1d33) sll     s10, t3, a7
core   0: 3 0x8000b7b0 (0x011e1d33) x26 0x80015cae
core   0: 0x8000b7b4 (0x03ce1123) sh      t3, 34(t3)
core   0: 3 0x8000b7b4 (0x03ce1123) mem 0x80015cd0 0x5cae
core   0: 0x8000b7b8 (0x01a09893) slli    a7, ra, 26
core   0: 3 0x8000b7b8 (0x01a09893) x17 0x00000000
core   0: 0x8000b7bc (0x41ecd1b3) sra     gp, s9, t5
core   0: 3 0x8000b7bc (0x41ecd1b3) x 3 0xff0003e7
core   0: 0x8000b7c0 (0x03ee2123) sw      t5, 34(t3)
core   0: 3 0x8000b7c0 (0x03ee2123) mem 0x80015cd0 0x8001c827
core   0: 0x8000b7c4 (0x022e4f03) lbu     t5, 34(t3)
core   0: 3 0x8000b7c4 (0x022e4f03) x30 0x00000027 mem 0x80015cd0
core   0: 0x8000b7c8 (0x022e5483) lhu     s1, 34(t3)
core   0: 3 0x8000b7c8 (0x022e5483) x 9 0x0000c827 mem 0x80015cd0
core   0: 0x8000b7cc (0x00013d97) auipc   s11, 0x13
core   0: 3 0x8000b7cc (0x00013d97) x27 0x8001e7cc
core   0: 0x8000b7d0 (0xc8bd8d93) addi    s11, s11, -885
core   0: 3 0x8000b7d0 (0xc8bd8d93) x27 0x8001e457
core   0: 0x8000b7d4 (0x065d8183) lb      gp, 101(s11)
core   0: 3 0x8000b7d4 (0x065d8183) x 3 0x00000000 mem 0x8001e4bc
core   0: 0x8000b7d8 (0x065d9083) lh      ra, 101(s11)
core   0: 3 0x8000b7d8 (0x065d9083) x 1 0x00000000 mem 0x8001e4bc
core   0: 0x8000b7dc (0xf91d8583) lb      a1, -111(s11)
core   0: 3 0x8000b7dc (0xf91d8583) x11 0x00000000 mem 0x8001e3e8
core   0: 0x8000b7e0 (0xf91d9483) lh      s1, -111(s11)
core   0: 3 0x8000b7e0 (0xf91d9483) x 9 0x00000000 mem 0x8001e3e8
core   0: 0x8000b7e4 (0x134b0593) addi    a1, s6, 308
core   0: 3 0x8000b7e4 (0x134b0593) x11 0x00000134
core   0: 0x8000b7e8 (0x007cd693) srli    a3, s9, 7
core   0: 3 0x8000b7e8 (0x007cd693) x13 0x010003e7
core   0: 0x8000b7ec (0xf9dda8a3) sw      t4, -111(s11)
core   0: 3 0x8000b7ec (0xf9dda8a3) mem 0x8001e3e8 0x00000000
core   0: 0x8000b7f0 (0xf91d8983) lb      s3, -111(s11)
core   0: 3 0x8000b7f0 (0xf91d8983) x19 0x00000000 mem 0x8001e3e8
core   0: 0x8000b7f4 (0xf91d8b03) lb      s6, -111(s11)
core   0: 3 0x8000b7f4 (0xf91d8b03) x22 0x00000000 mem 0x8001e3e8
core   0: 0x8000b7f8 (0xf91dce03) lbu     t3, -111(s11)
core   0: 3 0x8000b7f8 (0xf91dce03) x28 0x00000000 mem 0x8001e3e8
core   0: 0x8000b7fc (0xf96d98a3) sh      s6, -111(s11)
core   0: 3 0x8000b7fc (0xf96d98a3) mem 0x8001e3e8 0x0000
core   0: 0x8000b800 (0xf81d98a3) sh      ra, -111(s11)
core   0: 3 0x8000b800 (0xf81d98a3) mem 0x8001e3e8 0x0000
core   0: 0x8000b804 (0x0000da97) auipc   s5, 0xd
core   0: 3 0x8000b804 (0x0000da97) x21 0x80018804
core   0: 0x8000b808 (0x675a8a93) addi    s5, s5, 1653
core   0: 3 0x8000b808 (0x675a8a93) x21 0x80018e79
core   0: 0x8000b80c (0x0000a217) auipc   tp, 0xa
core   0: 3 0x8000b80c (0x0000a217) x 4 0x8001580c
core   0: 0x8000b810 (0xc8e20213) addi    tp, tp, -882
core   0: 3 0x8000b810 (0xc8e20213) x 4 0x8001549a
core   0: 0x8000b814 (0x006a8903) lb      s2, 6(s5)
core   0: 3 0x8000b814 (0x006a8903) x18 0x00000000 mem 0x80018e7f
core   0: 0x8000b818 (0x00ea94a3) sh      a4, 9(s5)
core   0: 3 0x8000b818 (0x00ea94a3) mem 0x80018e82 0x0000
core   0: 0x8000b81c (0x28724683) lbu     a3, 647(tp)
core   0: 3 0x8000b81c (0x28724683) x13 0x00000000 mem 0x80015721
core   0: 0x8000b820 (0x007adc03) lhu     s8, 7(s5)
core   0: 3 0x8000b820 (0x007adc03) x24 0x00000000 mem 0x80018e80
core   0: 0x8000b824 (0xffcac183) lbu     gp, -4(s5)
core   0: 3 0x8000b824 (0xffcac183) x 3 0x00000000 mem 0x80018e75
core   0: 0x8000b828 (0x00baa3a3) sw      a1, 7(s5)
core   0: 3 0x8000b828 (0x00baa3a3) mem 0x80018e80 0x00000134
core   0: 0x8000b82c (0x01ea8423) sb      t5, 8(s5)
core   0: 3 0x8000b82c (0x01ea8423) mem 0x80018e81 0x27
core   0: 0x8000b830 (0x5bc25e83) lhu     t4, 1468(tp)
core   0: 3 0x8000b830 (0x5bc25e83) x29 0x00000000 mem 0x80015a56
core   0: 0x8000b834 (0x26424183) lbu     gp, 612(tp)
core   0: 3 0x8000b834 (0x26424183) x 3 0x00000000 mem 0x800156fe
core   0: 0x8000b838 (0x04021f03) lh      t5, 64(tp)
core   0: 3 0x8000b838 (0x04021f03) x30 0x00000000 mem 0x800154da
core   0: 0x8000b83c (0xffaa8ca3) sb      s10, -7(s5)
core   0: 3 0x8000b83c (0xffaa8ca3) mem 0x80018e72 0xae
core   0: 0x8000b840 (0x010a85a3) sb      a6, 11(s5)
core   0: 3 0x8000b840 (0x010a85a3) mem 0x80018e84 0x0
core   0: 0x8000b844 (0xffea8923) sb      t5, -14(s5)
core   0: 3 0x8000b844 (0xffea8923) mem 0x80018e6b 0x0
core   0: 0x8000b848 (0x38825483) lhu     s1, 904(tp)
core   0: 3 0x8000b848 (0x38825483) x 9 0x00000000 mem 0x80015822
core   0: 0x8000b84c (0x0000b597) auipc   a1, 0xb
core   0: 3 0x8000b84c (0x0000b597) x11 0x8001684c
core   0: 0x8000b850 (0x78658593) addi    a1, a1, 1926
core   0: 3 0x8000b850 (0x78658593) x11 0x80016fd2
core   0: 0x8000b854 (0x02b5c003) lbu     zero, 43(a1)
core   0: 3 0x8000b854 (0x02b5c003) mem 0x80016ffd
core   0: 0x8000b858 (0xda36fc37) lui     s8, 0xda36f
core   0: 3 0x8000b858 (0xda36fc37) x24 0xda36f000
core   0: 0x8000b85c (0x02c585a3) sb      a2, 43(a1)
core   0: 3 0x8000b85c (0x02c585a3) mem 0x80016ffd 0xfe
core   0: 0x8000b860 (0x0375c783) lbu     a5, 55(a1)
core   0: 3 0x8000b860 (0x0375c783) x15 0x00000000 mem 0x80017009
core   0: 0x8000b864 (0xfde5aa03) lw      s4, -34(a1)
core   0: 3 0x8000b864 (0xfde5aa03) x20 0x00000000 mem 0x80016fb0
core   0: 0x8000b868 (0xfc55af23) sw      t0, -34(a1)
core   0: 3 0x8000b868 (0xfc55af23) mem 0x80016fb0 0x8001ca18
core   0: 0x8000b86c (0xfce59f23) sh      a4, -34(a1)
core   0: 3 0x8000b86c (0xfce59f23) mem 0x80016fb0 0x0000
core   0: 0x8000b870 (0xfde5d403) lhu     s0, -34(a1)
core   0: 3 0x8000b870 (0xfde5d403) x 8 0x00000000 mem 0x80016fb0
core   0: 0x8000b874 (0x0175ceb3) xor     t4, a1, s7
core   0: 3 0x8000b874 (0x0175ceb3) x29 0x51efc561
core   0: 0x8000b878 (0xfde59e03) lh      t3, -34(a1)
core   0: 3 0x8000b878 (0xfde59e03) x28 0x00000000 mem 0x80016fb0
core   0: 0x8000b87c (0x34a32937) lui     s2, 0x34a32
core   0: 3 0x8000b87c (0x34a32937) x18 0x34a32000
core   0: 0x8000b880 (0xfde58803) lb      a6, -34(a1)
core   0: 3 0x8000b880 (0xfde58803) x16 0x00000000 mem 0x80016fb0
core   0: 0x8000b884 (0xfde59e03) lh      t3, -34(a1)
core   0: 3 0x8000b884 (0xfde59e03) x28 0x00000000 mem 0x80016fb0
core   0: 0x8000b888 (0xfde5a203) lw      tp, -34(a1)
core   0: 3 0x8000b888 (0xfde5a203) x 4 0x80010000 mem 0x80016fb0
core   0: 0x8000b88c (0x00014817) auipc   a6, 0x14
core   0: 3 0x8000b88c (0x00014817) x16 0x8001f88c
core   0: 0x8000b890 (0x8ec80813) addi    a6, a6, -1812
core   0: 3 0x8000b890 (0x8ec80813) x16 0x8001f178
core   0: 0x8000b894 (0x00b84f83) lbu     t6, 11(a6)
core   0: 3 0x8000b894 (0x00b84f83) x31 0x00000000 mem 0x8001f183
core   0: 0x8000b898 (0x018bd433) srl     s0, s7, s8
core   0: 3 0x8000b898 (0x018bd433) x 8 0xd1eeaab3
core   0: 0x8000b89c (0x01f74733) xor     a4, a4, t6
core   0: 3 0x8000b89c (0x01f74733) x14 0x00000000
core   0: 0x8000b8a0 (0x00b84c03) lbu     s8, 11(a6)
core   0: 3 0x8000b8a0 (0x00b84c03) x24 0x00000000 mem 0x8001f183
core   0: 0x8000b8a4 (0x00dcd733) srl     a4, s9, a3
core   0: 3 0x8000b8a4 (0x00dcd733) x14 0x8001f3fe
core   0: 0x8000b8a8 (0x00b80183) lb      gp, 11(a6)
core   0: 3 0x8000b8a8 (0x00b80183) x 3 0x00000000 mem 0x8001f183
core   0: 0x8000b8ac (0x01d805a3) sb      t4, 11(a6)
core   0: 3 0x8000b8ac (0x01d805a3) mem 0x8001f183 0x61
core   0: 0x8000b8b0 (0x00b84b03) lbu     s6, 11(a6)
core   0: 3 0x8000b8b0 (0x00b84b03) x22 0x00000061 mem 0x8001f183
core   0: 0x8000b8b4 (0x00e805a3) sb      a4, 11(a6)
core   0: 3 0x8000b8b4 (0x00e805a3) mem 0x8001f183 0xfe
core   0: 0x8000b8b8 (0x0000100f) fence.i
core   0: 3 0x8000b8b8 (0x0000100f)
core   0: 0x8000b8bc (0x00b80a83) lb      s5, 11(a6)
core   0: 3 0x8000b8bc (0x00b80a83) x21 0xfffffffe mem 0x8001f183
core   0: 0x8000b8c0 (0x00b80a03) lb      s4, 11(a6)
core   0: 3 0x8000b8c0 (0x00b80a03) x20 0xfffffffe mem 0x8001f183
core   0: 0x8000b8c4 (0x00b84083) lbu     ra, 11(a6)
core   0: 3 0x8000b8c4 (0x00b84083) x 1 0x000000fe mem 0x8001f183
core   0: 0x8000b8c8 (0x00b80083) lb      ra, 11(a6)
core   0: 3 0x8000b8c8 (0x00b80083) x 1 0xfffffffe mem 0x8001f183
core   0: 0x8000b8cc (0x01c805a3) sb      t3, 11(a6)
core   0: 3 0x8000b8cc (0x01c805a3) mem 0x8001f183 0x0
core   0: 0x8000b8d0 (0x00b80703) lb      a4, 11(a6)
core   0: 3 0x8000b8d0 (0x00b80703) x14 0x00000000 mem 0x8001f183
core   0: 0x8000b8d4 (0x00a805a3) sb      a0, 11(a6)
core   0: 3 0x8000b8d4 (0x00a805a3) mem 0x8001f183 0xe4
core   0: 0x8000b8d8 (0x000805a3) sb      zero, 11(a6)
core   0: 3 0x8000b8d8 (0x000805a3) mem 0x8001f183 0x0
core   0: 0x8000b8dc (0x00b80003) lb      zero, 11(a6)
core   0: 3 0x8000b8dc (0x00b80003) mem 0x8001f183
core   0: 0x8000b8e0 (0x0000a917) auipc   s2, 0xa
core   0: 3 0x8000b8e0 (0x0000a917) x18 0x800158e0
core   0: 0x8000b8e4 (0xbd290913) addi    s2, s2, -1070
core   0: 3 0x8000b8e4 (0xbd290913) x18 0x800154b2
core   0: 0x8000b8e8 (0x00016217) auipc   tp, 0x16
core   0: 3 0x8000b8e8 (0x00016217) x 4 0x800218e8
core   0: 0x8000b8ec (0x3a720213) addi    tp, tp, 935
core   0: 3 0x8000b8ec (0x3a720213) x 4 0x80021c8f
core   0: 0x8000b8f0 (0xf4590923) sb      t0, -174(s2)
core   0: 3 0x8000b8f0 (0xf4590923) mem 0x80015404 0x18
core   0: 0x8000b8f4 (0xfd224e03) lbu     t3, -46(tp)
core   0: 3 0x8000b8f4 (0xfd224e03) x28 0x00000000 mem 0x80021c61
core   0: 0x8000b8f8 (0x03525d03) lhu     s10, 53(tp)
core   0: 3 0x8000b8f8 (0x03525d03) x26 0x00000000 mem 0x80021cc4
core   0: 0x8000b8fc (0x4cc90123) sb      a2, 1218(s2)
core   0: 3 0x8000b8fc (0x4cc90123) mem 0x80015974 0xfe
core   0: 0x8000b900 (0x06392123) sw      gp, 98(s2)
core   0: 3 0x8000b900 (0x06392123) mem 0x80015514 0x00000000
core   0: 0x8000b904 (0x57194683) lbu     a3, 1393(s2)
core   0: 3 0x8000b904 (0x57194683) x13 0x00000000 mem 0x80015a23
core   0: 0x8000b908 (0xedd94183) lbu     gp, -291(s2)
core   0: 3 0x8000b908 (0xedd94183) x 3 0x000000aa mem 0x8001538f
core   0: 0x8000b90c (0x02820da3) sb      s0, 59(tp)
core   0: 3 0x8000b90c (0x02820da3) mem 0x80021cca 0xb3
core   0: 0x8000b910 (0xee894603) lbu     a2, -280(s2)
core   0: 3 0x8000b910 (0xee894603) x12 0x00000000 mem 0x8001539a
core   0: 0x8000b914 (0xd9d94303) lbu     t1, -611(s2)
core   0: 3 0x8000b914 (0xd9d94303) x 6 0x00000080 mem 0x8001524f
core   0: 0x8000b918 (0x7b090a23) sb      a6, 1972(s2)
core   0: 3 0x8000b918 (0x7b090a23) mem 0x80015c66 0x78
core   0: 0x8000b91c (0x7c391423) sh      gp, 1992(s2)
core   0: 3 0x8000b91c (0x7c391423) mem 0x80015c7a 0x00aa
core   0: 0x8000b920 (0x03c21da3) sh      t3, 59(tp)
core   0: 3 0x8000b920 (0x03c21da3) mem 0x80021cca 0x0000
core   0: 0x8000b924 (0xfc320e23) sb      gp, -36(tp)
core   0: 3 0x8000b924 (0xfc320e23) mem 0x80021c6b 0xaa
core   0: 0x8000b928 (0x05b94e83) lbu     t4, 91(s2)
core   0: 3 0x8000b928 (0x05b94e83) x29 0x00000000 mem 0x8001550d
core   0: 0x8000b92c (0x00011197) auipc   gp, 0x11
core   0: 3 0x8000b92c (0x00011197) x 3 0x8001c92c
core   0: 0x8000b930 (0x19218193) addi    gp, gp, 402
core   0: 3 0x8000b930 (0x19218193) x 3 0x8001cabe
core   0: 0x8000b934 (0x01b18723) sb      s11, 14(gp)
core   0: 3 0x8000b934 (0x01b18723) mem 0x8001cacc 0x57
core   0: 0x8000b938 (0x0176d893) srli    a7, a3, 23
core   0: 3 0x8000b938 (0x0176d893) x17 0x00000000
core   0: 0x8000b93c (0x00518723) sb      t0, 14(gp)
core   0: 3 0x8000b93c (0x00518723) mem 0x8001cacc 0x18
core   0: 0x8000b940 (0xff818ea3) sb      s8, -3(gp)
core   0: 3 0x8000b940 (0xff818ea3) mem 0x8001cabb 0x0
core   0: 0x8000b944 (0x00218223) sb      sp, 4(gp)
core   0: 3 0x8000b944 (0x00218223) mem 0x8001cac2 0x38
core   0: 0x8000b948 (0xff219f83) lh      t6, -14(gp)
core   0: 3 0x8000b948 (0xff219f83) x31 0x00000000 mem 0x8001cab0
core   0: 0x8000b94c (0xff219983) lh      s3, -14(gp)
core   0: 3 0x8000b94c (0xff219983) x19 0x00000000 mem 0x8001cab0
core   0: 0x8000b950 (0xfe518923) sb      t0, -14(gp)
core   0: 3 0x8000b950 (0xfe518923) mem 0x8001cab0 0x18
core   0: 0x8000b954 (0x00d18603) lb      a2, 13(gp)
core   0: 3 0x8000b954 (0x00d18603) x12 0x00000000 mem 0x8001cacb
core   0: 0x8000b958 (0x01b186a3) sb      s11, 13(gp)
core   0: 3 0x8000b958 (0x01b186a3) mem 0x8001cacb 0x57
core   0: 0x8000b95c (0x2cf4e413) ori     s0, s1, 719
core   0: 3 0x8000b95c (0x2cf4e413) x 8 0x000002cf
core   0: 0x8000b960 (0x00000013) nop
core   0: 3 0x8000b960 (0x00000013)
core   0: 0x8000b964 (0x00d18783) lb      a5, 13(gp)
core   0: 3 0x8000b964 (0x00d18783) x15 0x00000057 mem 0x8001cacb
core   0: 0x8000b968 (0xdc5d8a93) addi    s5, s11, -571
core   0: 3 0x8000b968 (0xdc5d8a93) x21 0x8001e21c
core   0: 0x8000b96c (0x00118003) lb      zero, 1(gp)
core   0: 3 0x8000b96c (0x00118003) mem 0x8001cabf
core   0: 0x8000b970 (0xfa59c413) xori    s0, s3, -91
core   0: 3 0x8000b970 (0xfa59c413) x 8 0xffffffa5
core   0: 0x8000b974 (0x002c9f93) slli    t6, s9, 2
core   0: 3 0x8000b974 (0x002c9f93) x31 0x0007cff8
core   0: 0x8000b978 (0x0011cd03) lbu     s10, 1(gp)
core   0: 3 0x8000b978 (0x0011cd03) x26 0x00000000 mem 0x8001cabf
core   0: 0x8000b97c (0xfef18fa3) sb      a5, -1(gp)
core   0: 3 0x8000b97c (0xfef18fa3) mem 0x8001cabd 0x57
core   0: 0x8000b980 (0xffa1a903) lw      s2, -6(gp)
core   0: 3 0x8000b980 (0xffa1a903) x18 0x00000000 mem 0x8001cab8
core   0: 0x8000b984 (0xffa1c203) lbu     tp, -6(gp)
core   0: 3 0x8000b984 (0xffa1c203) x 4 0x00000000 mem 0x8001cab8
core   0: 0x8000b988 (0xffa18a03) lb      s4, -6(gp)
core   0: 3 0x8000b988 (0xffa18a03) x20 0x00000000 mem 0x8001cab8
core   0: 0x8000b98c (0xff219d23) sh      s2, -6(gp)
core   0: 3 0x8000b98c (0xff219d23) mem 0x8001cab8 0x0000
core   0: 0x8000b990 (0xfff18d23) sb      t6, -6(gp)
core   0: 3 0x8000b990 (0xfff18d23) mem 0x8001cab8 0xf8
core   0: 0x8000b994 (0x0000af17) auipc   t5, 0xa
core   0: 3 0x8000b994 (0x0000af17) x30 0x80015994
core   0: 0x8000b998 (0x833f0f13) addi    t5, t5, -1997
core   0: 3 0x8000b998 (0x833f0f13) x30 0x800151c7
core   0: 0x8000b99c (0x01eec5b3) xor     a1, t4, t5
core   0: 3 0x8000b99c (0x01eec5b3) x11 0x800151c7
core   0: 0x8000b9a0 (0x4bef0a23) sb      t5, 1204(t5)
core   0: 3 0x8000b9a0 (0x4bef0a23) mem 0x8001567b 0xc7
core   0: 0x8000b9a4 (0x4b7f0a23) sb      s7, 1204(t5)
core   0: 3 0x8000b9a4 (0x4b7f0a23) mem 0x8001567b 0xb3
core   0: 0x8000b9a8 (0x4b4f4983) lbu     s3, 1204(t5)
core   0: 3 0x8000b9a8 (0x4b4f4983) x19 0x000000b3 mem 0x8001567b
core   0: 0x8000b9ac (0x4b4f4383) lbu     t2, 1204(t5)
core   0: 3 0x8000b9ac (0x4b4f4383) x 7 0x000000b3 mem 0x8001567b
core   0: 0x8000b9b0 (0x4b4f4303) lbu     t1, 1204(t5)
core   0: 3 0x8000b9b0 (0x4b4f4303) x 6 0x000000b3 mem 0x8001567b
core   0: 0x8000b9b4 (0x4aaf0a23) sb      a0, 1204(t5)
core   0: 3 0x8000b9b4 (0x4aaf0a23) mem 0x8001567b 0xe4
core   0: 0x8000b9b8 (0x4b4f4c03) lbu     s8, 1204(t5)
core   0: 3 0x8000b9b8 (0x4b4f4c03) x24 0x000000e4 mem 0x8001567b
core   0: 0x8000b9bc (0x4b4f4d83) lbu     s11, 1204(t5)
core   0: 3 0x8000b9bc (0x4b4f4d83) x27 0x000000e4 mem 0x8001567b
core   0: 0x8000b9c0 (0x1fbf4b03) lbu     s6, 507(t5)
core   0: 3 0x8000b9c0 (0x1fbf4b03) x22 0x00000000 mem 0x800153c2
core   0: 0x8000b9c4 (0x1eff0da3) sb      a5, 507(t5)
core   0: 3 0x8000b9c4 (0x1eff0da3) mem 0x800153c2 0x57
core   0: 0x8000b9c8 (0x19af0283) lb      t0, 410(t5)
core   0: 3 0x8000b9c8 (0x19af0283) x 5 0x00000000 mem 0x80015361
core   0: 0x8000b9cc (0x009f2903) lw      s2, 9(t5)
core   0: 3 0x8000b9cc (0x009f2903) x18 0x00000000 mem 0x800151d0
core   0: 0x8000b9d0 (0x010f24a3) sw      a6, 9(t5)
core   0: 3 0x8000b9d0 (0x010f24a3) mem 0x800151d0 0x8001f178
core   0: 0x8000b9d4 (0x112f0823) sb      s2, 272(t5)
core   0: 3 0x8000b9d4 (0x112f0823) mem 0x800152d7 0x0
core   0: 0x8000b9d8 (0x00016217) auipc   tp, 0x16
core   0: 3 0x8000b9d8 (0x00016217) x 4 0x800219d8
core   0: 0x8000b9dc (0x10620213) addi    tp, tp, 262
core   0: 3 0x8000b9dc (0x10620213) x 4 0x80021ade
core   0: 0x8000b9e0 (0xf7920197) auipc   gp, 0xf7920
core   0: 3 0x8000b9e0 (0xf7920197) x 3 0x7792b9e0
core   0: 0x8000b9e4 (0xfe820d23) sb      s0, -6(tp)
core   0: 3 0x8000b9e4 (0xfe820d23) mem 0x80021ad8 0xa5
core   0: 0x8000b9e8 (0xfeb21d23) sh      a1, -6(tp)
core   0: 3 0x8000b9e8 (0xfeb21d23) mem 0x80021ad8 0x51c7
core   0: 0x8000b9ec (0xffa25783) lhu     a5, -6(tp)
core   0: 3 0x8000b9ec (0xffa25783) x15 0x000051c7 mem 0x80021ad8
core   0: 0x8000b9f0 (0x02421123) sh      tp, 34(tp)
core   0: 3 0x8000b9f0 (0x02421123) mem 0x80021b00 0x1ade
core   0: 0x8000b9f4 (0x031204a3) sb      a7, 41(tp)
core   0: 3 0x8000b9f4 (0x031204a3) mem 0x80021b07 0x0
core   0: 0x8000b9f8 (0x025204a3) sb      t0, 41(tp)
core   0: 3 0x8000b9f8 (0x025204a3) mem 0x80021b07 0x0
core   0: 0x8000b9fc (0xfff24603) lbu     a2, -1(tp)
core   0: 3 0x8000b9fc (0xfff24603) x12 0x00000000 mem 0x80021add
core   0: 0x8000ba00 (0xfec20fa3) sb      a2, -1(tp)
core   0: 3 0x8000ba00 (0xfec20fa3) mem 0x80021add 0x0
core   0: 0x8000ba04 (0x001782b3) add     t0, a5, ra
core   0: 3 0x8000ba04 (0x001782b3) x 5 0x000051c5
core   0: 0x8000ba08 (0xfe420fa3) sb      tp, -1(tp)
core   0: 3 0x8000ba08 (0xfe420fa3) mem 0x80021add 0xde
core   0: 0x8000ba0c (0xc0add617) auipc   a2, 0xc0add
core   0: 3 0x8000ba0c (0xc0add617) x12 0x40ae8a0c
core   0: 0x8000ba10 (0xfff20283) lb      t0, -1(tp)
core   0: 3 0x8000ba10 (0xfff20283) x 5 0xffffffde mem 0x80021add
core   0: 0x8000ba14 (0x0048dd13) srli    s10, a7, 4
core   0: 3 0x8000ba14 (0x0048dd13) x26 0x00000000
core   0: 0x8000ba18 (0x005542b3) xor     t0, a0, t0
core   0: 3 0x8000ba18 (0x005542b3) x 5 0x7ffd133a
core   0: 0x8000ba1c (0xff120fa3) sb      a7, -1(tp)
core   0: 3 0x8000ba1c (0xff120fa3) mem 0x80021add 0x0
core   0: 0x8000ba20 (0x01550833) add     a6, a0, s5
core   0: 3 0x8000ba20 (0x01550833) x16 0x0004cf00
core   0: 0x8000ba24 (0xffa20ca3) sb      s10, -7(tp)
core   0: 3 0x8000ba24 (0xffa20ca3) mem 0x80021ad7 0x0
core   0: 0x8000ba28 (0x0000ba17) auipc   s4, 0xb
core   0: 3 0x8000ba28 (0x0000ba17) x20 0x80016a28
core   0: 0x8000ba2c (0x45fa0a13) addi    s4, s4, 1119
core   0: 3 0x8000ba2c (0x45fa0a13) x20 0x80016e87
core   0: 0x8000ba30 (0x00019197) auipc   gp, 0x19
core   0: 3 0x8000ba30 (0x00019197) x 3 0x80024a30
core   0: 0x8000ba34 (0x2ef18193) addi    gp, gp, 751
core   0: 3 0x8000ba34 (0x2ef18193) x 3 0x80024d1f
core   0: 0x8000ba38 (0x00018c17) auipc   s8, 0x18
core   0: 3 0x8000ba38 (0x00018c17) x24 0x80023a38
core   0: 0x8000ba3c (0x3abc0c13) addi    s8, s8, 939
core   0: 3 0x8000ba3c (0x3abc0c13) x24 0x80023de3
core   0: 0x8000ba40 (0x0000b497) auipc   s1, 0xb
core   0: 3 0x8000ba40 (0x0000b497) x 9 0x80016a40
core   0: 0x8000ba44 (0x1ec48493) addi    s1, s1, 492
core   0: 3 0x8000ba44 (0x1ec48493) x 9 0x80016c2c
core   0: 0x8000ba48 (0xfe2a0923) sb      sp, -14(s4)
core   0: 3 0x8000ba48 (0xfe2a0923) mem 0x80016e79 0x38
core   0: 0x8000ba4c (0x84b19c83) lh      s9, -1973(gp)
core   0: 3 0x8000ba4c (0x84b19c83) x25 0x00000000 mem 0x8002456a
core   0: 0x8000ba50 (0x00010817) auipc   a6, 0x10
core   0: 3 0x8000ba50 (0x00010817) x16 0x8001ba50
core   0: 0x8000ba54 (0xb6e80813) addi    a6, a6, -1170
core   0: 3 0x8000ba54 (0xb6e80813) x16 0x8001b5be
core   0: 0x8000ba58 (0x01049203) lh      tp, 16(s1)
core   0: 3 0x8000ba58 (0x01049203) x 4 0x00000000 mem 0x80016c3c
core   0: 0x8000ba5c (0x5af84403) lbu     s0, 1455(a6)
core   0: 3 0x8000ba5c (0x5af84403) x 8 0x00000000 mem 0x8001bb6d
core   0: 0x8000ba60 (0xff74c003) lbu     zero, -9(s1)
core   0: 3 0x8000ba60 (0xff74c003) mem 0x80016c23
core   0: 0x8000ba64 (0xfe6c1fa3) sh      t1, -1(s8)
core   0: 3 0x8000ba64 (0xfe6c1fa3) mem 0x80023de2 0x00b3
core   0: 0x8000ba68 (0xfe9c0923) sb      s1, -14(s8)
core   0: 3 0x8000ba68 (0xfe9c0923) mem 0x80023dd5 0x2c
core   0: 0x8000ba6c (0xff748fa3) sb      s7, -1(s1)
core   0: 3 0x8000ba6c (0xff748fa3) mem 0x80016c2b 0xb3
core   0: 0x8000ba70 (0x1e218f23) sb      sp, 510(gp)
core   0: 3 0x8000ba70 (0x1e218f23) mem 0x80024f1d 0x38
core   0: 0x8000ba74 (0xffc49e23) sh      t3, -4(s1)
core   0: 3 0x8000ba74 (0xffc49e23) mem 0x80016c28 0x0000
core   0: 0x8000ba78 (0xe8a82903) lw      s2, -374(a6)
core   0: 3 0x8000ba78 (0xe8a82903) x18 0x00000000 mem 0x8001b448
core   0: 0x8000ba7c (0x5161c383) lbu     t2, 1302(gp)
core   0: 3 0x8000ba7c (0x5161c383) x 7 0x00000000 mem 0x80025235
core   0: 0x8000ba80 (0xc371dc83) lhu     s9, -969(gp)
core   0: 3 0x8000ba80 (0xc371dc83) x25 0x00000000 mem 0x80024956
core   0: 0x8000ba84 (0xff2c0083) lb      ra, -14(s8)
core   0: 3 0x8000ba84 (0xff2c0083) x 1 0x0000002c mem 0x80023dd5
core   0: 0x8000ba88 (0x2dd1d283) lhu     t0, 733(gp)
core   0: 3 0x8000ba88 (0x2dd1d283) x 5 0x00000000 mem 0x80024ffc
core   0: 0x8000ba8c (0x0044c883) lbu     a7, 4(s1)
core   0: 3 0x8000ba8c (0x0044c883) x17 0x00000000 mem 0x80016c30
core   0: 0x8000ba90 (0x00da4683) lbu     a3, 13(s4)
core   0: 3 0x8000ba90 (0x00da4683) x13 0x00000000 mem 0x80016e94
core   0: 0x8000ba94 (0x00bc5003) lhu     zero, 11(s8)
core   0: 3 0x8000ba94 (0x00bc5003) mem 0x80023dee
core   0: 0x8000ba98 (0x8af18f23) sb      a5, -1858(gp)
core   0: 3 0x8000ba98 (0x8af18f23) mem 0x800245dd 0xc7
core   0: 0x8000ba9c (0xcee82b03) lw      s6, -786(a6)
core   0: 3 0x8000ba9c (0xcee82b03) x22 0x00000000 mem 0x8001b2ac
core   0: 0x8000baa0 (0xff5c28a3) sw      s5, -15(s8)
core   0: 3 0x8000baa0 (0xff5c28a3) mem 0x80023dd4 0x8001e21c
core   0: 0x8000baa4 (0x62218703) lb      a4, 1570(gp)
core   0: 3 0x8000baa4 (0x62218703) x14 0x00000000 mem 0x80025341
core   0: 0x8000baa8 (0x9d685303) lhu     t1, -1578(a6)
core   0: 3 0x8000baa8 (0x9d685303) x 6 0x00000000 mem 0x8001af94
core   0: 0x8000baac (0xffbc0d83) lb      s11, -5(s8)
core   0: 3 0x8000baac (0xffbc0d83) x27 0x00000000 mem 0x80023dde
core   0: 0x8000bab0 (0xff9a0c83) lb      s9, -7(s4)
core   0: 3 0x8000bab0 (0xff9a0c83) x25 0x00000000 mem 0x80016e80
core   0: 0x8000bab4 (0xff5c4383) lbu     t2, -11(s8)
core   0: 3 0x8000bab4 (0xff5c4383) x 7 0x00000000 mem 0x80023dd8
core   0: 0x8000bab8 (0x016c01a3) sb      s6, 3(s8)
core   0: 3 0x8000bab8 (0x016c01a3) mem 0x80023de6 0x0
core   0: 0x8000babc (0xff04ac83) lw      s9, -16(s1)
core   0: 3 0x8000babc (0xff04ac83) x25 0x00000000 mem 0x80016c1c
core   0: 0x8000bac0 (0xc7018a83) lb      s5, -912(gp)
core   0: 3 0x8000bac0 (0xc7018a83) x21 0x00000000 mem 0x8002498f
core   0: 0x8000bac4 (0x00f4c983) lbu     s3, 15(s1)
core   0: 3 0x8000bac4 (0x00f4c983) x19 0x00000000 mem 0x80016c3b
core   0: 0x8000bac8 (0xdc281d23) sh      sp, -550(a6)
core   0: 3 0x8000bac8 (0xdc281d23) mem 0x8001b398 0xae38
core   0: 0x8000bacc (0xff3489a3) sb      s3, -13(s1)
core   0: 3 0x8000bacc (0xff3489a3) mem 0x80016c1f 0x0
core   0: 0x8000bad0 (0x00ca0323) sb      a2, 6(s4)
core   0: 3 0x8000bad0 (0x00ca0323) mem 0x80016e8d 0xc
core   0: 0x8000bad4 (0x00ea0583) lb      a1, 14(s4)
core   0: 3 0x8000bad4 (0x00ea0583) x11 0x00000000 mem 0x80016e95
core   0: 0x8000bad8 (0x008a0323) sb      s0, 6(s4)
core   0: 3 0x8000bad8 (0x008a0323) mem 0x80016e8d 0x0
core   0: 0x8000badc (0x7da80a83) lb      s5, 2010(a6)
core   0: 3 0x8000badc (0x7da80a83) x21 0x00000000 mem 0x8001bd98
core   0: 0x8000bae0 (0xffac0a23) sb      s10, -12(s8)
core   0: 3 0x8000bae0 (0xffac0a23) mem 0x80023dd7 0x0
core   0: 0x8000bae4 (0xfea488a3) sb      a0, -15(s1)
core   0: 3 0x8000bae4 (0xfea488a3) mem 0x80016c1d 0xe4
core   0: 0x8000bae8 (0xfe749923) sh      t2, -14(s1)
core   0: 3 0x8000bae8 (0xfe749923) mem 0x80016c1e 0x0000
core   0: 0x8000baec (0xcbf80983) lb      s3, -833(a6)
core   0: 3 0x8000baec (0xcbf80983) x19 0x00000000 mem 0x8001b27d
core   0: 0x8000baf0 (0x0001a097) auipc   ra, 0x1a
core   0: 3 0x8000baf0 (0x0001a097) x 1 0x80025af0
core   0: 0x8000baf4 (0xbdb08093) addi    ra, ra, -1061
core   0: 3 0x8000baf4 (0xbdb08093) x 1 0x800256cb
core   0: 0x8000baf8 (0xff709983) lh      s3, -9(ra)
core   0: 3 0x8000baf8 (0xff709983) x19 0x00000000 mem 0x800256c2
core   0: 0x8000bafc (0xff70d303) lhu     t1, -9(ra)
core   0: 3 0x8000bafc (0xff70d303) x 6 0x00000000 mem 0x800256c2
core   0: 0x8000bb00 (0xff70df03) lhu     t5, -9(ra)
core   0: 3 0x8000bb00 (0xff70df03) x30 0x00000000 mem 0x800256c2
core   0: 0x8000bb04 (0x0000cc03) lbu     s8, 0(ra)
core   0: 3 0x8000bb04 (0x0000cc03) x24 0x00000000 mem 0x800256cb
core   0: 0x8000bb08 (0xfff08683) lb      a3, -1(ra)
core   0: 3 0x8000bb08 (0xfff08683) x13 0x00000000 mem 0x800256ca
core   0: 0x8000bb0c (0xff50da03) lhu     s4, -11(ra)
core   0: 3 0x8000bb0c (0xff50da03) x20 0x00000000 mem 0x800256c0
core   0: 0x8000bb10 (0x00e0cf83) lbu     t6, 14(ra)
core   0: 3 0x8000bb10 (0x00e0cf83) x31 0x00000000 mem 0x800256d9
core   0: 0x8000bb14 (0xff408983) lb      s3, -12(ra)
core   0: 3 0x8000bb14 (0xff408983) x19 0x00000000 mem 0x800256bf
core   0: 0x8000bb18 (0xff40c983) lbu     s3, -12(ra)
core   0: 3 0x8000bb18 (0xff40c983) x19 0x00000000 mem 0x800256bf
core   0: 0x8000bb1c (0x00cd1693) slli    a3, s10, 12
core   0: 3 0x8000bb1c (0x00cd1693) x13 0x00000000
core   0: 0x8000bb20 (0x00315cb3) srl     s9, sp, gp
core   0: 3 0x8000bb20 (0x00315cb3) x25 0x00000001
core   0: 0x8000bb24 (0x01e33933) sltu    s2, t1, t5
core   0: 3 0x8000bb24 (0x01e33933) x18 0x00000000
core   0: 0x8000bb28 (0x01008823) sb      a6, 16(ra)
core   0: 3 0x8000bb28 (0x01008823) mem 0x800256db 0xbe
core   0: 0x8000bb2c (0x0000a697) auipc   a3, 0xa
core   0: 3 0x8000bb2c (0x0000a697) x13 0x80015b2c
core   0: 0x8000bb30 (0xf5d68693) addi    a3, a3, -163
core   0: 3 0x8000bb30 (0xf5d68693) x13 0x80015a89
core   0: 0x8000bb34 (0x0a0699a3) sh      zero, 179(a3)
core   0: 3 0x8000bb34 (0x0a0699a3) mem 0x80015b3c 0x0000
core   0: 0x8000bb38 (0x01c37033) and     zero, t1, t3
core   0: 3 0x8000bb38 (0x01c37033)
core   0: 0x8000bb3c (0x0b26cf03) lbu     t5, 178(a3)
core   0: 3 0x8000bb3c (0x0b26cf03) x30 0x00000000 mem 0x80015b3b
core   0: 0x8000bb40 (0x00269fa3) sh      sp, 31(a3)
core   0: 3 0x8000bb40 (0x00269fa3) mem 0x80015aa8 0xae38
core   0: 0x8000bb44 (0x004e43b3) xor     t2, t3, tp
core   0: 3 0x8000bb44 (0x004e43b3) x 7 0x00000000
core   0: 0x8000bb48 (0x0126b2b3) sltu    t0, a3, s2
core   0: 3 0x8000bb48 (0x0126b2b3) x 5 0x00000000
core   0: 0x8000bb4c (0x010d15b3) sll     a1, s10, a6
core   0: 3 0x8000bb4c (0x010d15b3) x11 0x00000000
core   0: 0x8000bb50 (0x82b26f93) ori     t6, tp, -2005
core   0: 3 0x8000bb50 (0x82b26f93) x31 0xfffff82b
core   0: 0x8000bb54 (0x0000100f) fence.i
core   0: 3 0x8000bb54 (0x0000100f)
core   0: 0x8000bb58 (0x0af69da3) sh      a5, 187(a3)
core   0: 3 0x8000bb58 (0x0af69da3) mem 0x80015b44 0x51c7
core   0: 0x8000bb5c (0x41c8d3b3) sra     t2, a7, t3
core   0: 3 0x8000bb5c (0x41c8d3b3) x 7 0x00000000
core   0: 0x8000bb60 (0xf6a68023) sb      a0, -160(a3)
core   0: 3 0x8000bb60 (0xf6a68023) mem 0x800159e9 0xe4
core   0: 0x8000bb64 (0x00000013) nop
core   0: 3 0x8000bb64 (0x00000013)
core   0: 0x8000bb68 (0x76d6f193) andi    gp, a3, 1901
core   0: 3 0x8000bb68 (0x76d6f193) x 3 0x00000209
core   0: 0x8000bb6c (0x01f5cfb3) xor     t6, a1, t6
core   0: 3 0x8000bb6c (0x01f5cfb3) x31 0xfffff82b
core   0: 0x8000bb70 (0x0c8696a3) sh      s0, 205(a3)
core   0: 3 0x8000bb70 (0x0c8696a3) mem 0x80015b56 0x0000
core   0: 0x8000bb74 (0x413b5a93) srai    s5, s6, 19
core   0: 3 0x8000bb74 (0x413b5a93) x21 0x00000000
core   0: 0x8000bb78 (0x4125de33) sra     t3, a1, s2
core   0: 3 0x8000bb78 (0x4125de33) x28 0x00000000
core   0: 0x8000bb7c (0xf0f69c03) lh      s8, -241(a3)
core   0: 3 0x8000bb7c (0xf0f69c03) x24 0x00000000 mem 0x80015998
core   0: 0x8000bb80 (0x0d168c23) sb      a7, 216(a3)
core   0: 3 0x8000bb80 (0x0d168c23) mem 0x80015b61 0x0
core   0: 0x8000bb84 (0x0e26cd03) lbu     s10, 226(a3)
core   0: 3 0x8000bb84 (0x0e26cd03) x26 0x00000000 mem 0x80015b6b
core   0: 0x8000bb88 (0x41ac58b3) sra     a7, s8, s10
core   0: 3 0x8000bb88 (0x41ac58b3) x17 0x00000000
core   0: 0x8000bb8c (0x0396c183) lbu     gp, 57(a3)
core   0: 3 0x8000bb8c (0x0396c183) x 3 0x00000000 mem 0x80015ac2
core   0: 0x8000bb90 (0x09968823) sb      s9, 144(a3)
core   0: 3 0x8000bb90 (0x09968823) mem 0x80015b19 0x1
core   0: 0x8000bb94 (0x41d155b3) sra     a1, sp, t4
core   0: 3 0x8000bb94 (0x41d155b3) x11 0x8002ae38
core   0: 0x8000bb98 (0x00d510b3) sll     ra, a0, a3
core   0: 3 0x8000bb98 (0x00d510b3) x 1 0x05d9c800
core   0: 0x8000bb9c (0x0d56c483) lbu     s1, 213(a3)
core   0: 3 0x8000bb9c (0x0d56c483) x 9 0x00000000 mem 0x80015b5e
core   0: 0x8000bba0 (0xf6f6af83) lw      t6, -145(a3)
core   0: 3 0x8000bba0 (0xf6f6af83) x31 0x00000000 mem 0x800159f8
core   0: 0x8000bba4 (0x0a368903) lb      s2, 163(a3)
core   0: 3 0x8000bba4 (0x0a368903) x18 0x00000000 mem 0x80015b2c
core   0: 0x8000bba8 (0x001d9833) sll     a6, s11, ra
core   0: 3 0x8000bba8 (0x001d9833) x16 0x00000000
core   0: 0x8000bbac (0xfe76ac03) lw      s8, -25(a3)
core   0: 3 0x8000bbac (0xfe76ac03) x24 0x00000000 mem 0x80015a70
core   0: 0x8000bbb0 (0xf746ce83) lbu     t4, -140(a3)
core   0: 3 0x8000bbb0 (0xf746ce83) x29 0x00000000 mem 0x800159fd
core   0: 0x8000bbb4 (0x08f68723) sb      a5, 142(a3)
core   0: 3 0x8000bbb4 (0x08f68723) mem 0x80015b17 0xc7
core   0: 0x8000bbb8 (0x00971013) slli    zero, a4, 9
core   0: 3 0x8000bbb8 (0x00971013)
core   0: 0x8000bbbc (0x0e76a003) lw      zero, 231(a3)
core   0: 3 0x8000bbbc (0x0e76a003) mem 0x80015b70
core   0: 0x8000bbc0 (0x0563cf13) xori    t5, t2, 86
core   0: 3 0x8000bbc0 (0x0563cf13) x30 0x00000056
core   0: 0x8000bbc4 (0x006fbb33) sltu    s6, t6, t1
core   0: 3 0x8000bbc4 (0x006fbb33) x22 0x00000000
core   0: 0x8000bbc8 (0x0030b9b3) sltu    s3, ra, gp
core   0: 3 0x8000bbc8 (0x0030b9b3) x19 0x00000000
core   0: 0x8000bbcc (0x41d8a213) slti    tp, a7, 1053
core   0: 3 0x8000bbcc (0x41d8a213) x 4 0x00000001
core   0: 0x8000bbd0 (0x4028d733) sra     a4, a7, sp
core   0: 3 0x8000bbd0 (0x4028d733) x14 0x00000000
core   0: 0x8000bbd4 (0x011683a3) sb      a7, 7(a3)
core   0: 3 0x8000bbd4 (0x011683a3) mem 0x80015a90 0x0
core   0: 0x8000bbd8 (0x049d6313) ori     t1, s10, 73
core   0: 3 0x8000bbd8 (0x049d6313) x 6 0x00000049
core   0: 0x8000bbdc (0x04e68483) lb      s1, 78(a3)
core   0: 3 0x8000bbdc (0x04e68483) x 9 0x00000000 mem 0x80015ad7
core   0: 0x8000bbe0 (0xf7038b13) addi    s6, t2, -144
core   0: 3 0x8000bbe0 (0xf7038b13) x22 0xffffff70
core   0: 0x8000bbe4 (0xff368e23) sb      s3, -4(a3)
core   0: 3 0x8000bbe4 (0xff368e23) mem 0x80015a85 0x0
core   0: 0x8000bbe8 (0xfaf68883) lb      a7, -81(a3)
core   0: 3 0x8000bbe8 (0xfaf68883) x17 0x00000000 mem 0x80015a38
core   0: 0x8000bbec (0xf636cb03) lbu     s6, -157(a3)
core   0: 3 0x8000bbec (0xf636cb03) x22 0x00000000 mem 0x800159ec
core   0: 0x8000bbf0 (0x0000100f) fence.i
core   0: 3 0x8000bbf0 (0x0000100f)
core   0: 0x8000bbf4 (0x0426c403) lbu     s0, 66(a3)
core   0: 3 0x8000bbf4 (0x0426c403) x 8 0x00000000 mem 0x80015acb
core   0: 0x8000bbf8 (0x0cf68f23) sb      a5, 222(a3)
core   0: 3 0x8000bbf8 (0x0cf68f23) mem 0x80015b67 0xc7
core   0: 0x8000bbfc (0xf536aa83) lw      s5, -173(a3)
core   0: 3 0x8000bbfc (0xf536aa83) x21 0x00000000 mem 0x800159dc
core   0: 0x8000bc00 (0x0013b833) sltu    a6, t2, ra
core   0: 3 0x8000bc00 (0x0013b833) x16 0x00000001
core   0: 0x8000bc04 (0x59268717) auipc   a4, 0x59268
core   0: 3 0x8000bc04 (0x59268717) x14 0xd9273c04
core   0: 0x8000bc08 (0x0706cd03) lbu     s10, 112(a3)
core   0: 3 0x8000bc08 (0x0706cd03) x26 0x00000000 mem 0x80015af9
core   0: 0x8000bc0c (0x5f2af7b7) lui     a5, 0x5f2af
core   0: 3 0x8000bc0c (0x5f2af7b7) x15 0x5f2af000
core   0: 0x8000bc10 (0x77f5ed13) ori     s10, a1, 1919
core   0: 3 0x8000bc10 (0x77f5ed13) x26 0x8002af7f
core   0: 0x8000bc14 (0xf4a6cc83) lbu     s9, -182(a3)
core   0: 3 0x8000bc14 (0xf4a6cc83) x25 0x00000000 mem 0x800159d3
core   0: 0x8000bc18 (0xf8b6dc83) lhu     s9, -117(a3)
core   0: 3 0x8000bc18 (0xf8b6dc83) x25 0x00000000 mem 0x80015a14
core   0: 0x8000bc1c (0x01a68923) sb      s10, 18(a3)
core   0: 3 0x8000bc1c (0x01a68923) mem 0x80015a9b 0x7f
core   0: 0x8000bc20 (0x0000b297) auipc   t0, 0xb
core   0: 3 0x8000bc20 (0x0000b297) x 5 0x80016c20
core   0: 0x8000bc24 (0xd4328293) addi    t0, t0, -701
core   0: 3 0x8000bc24 (0xd4328293) x 5 0x80016963
core   0: 0x8000bc28 (0x0782c483) lbu     s1, 120(t0)
core   0: 3 0x8000bc28 (0x0782c483) x 9 0x00000000 mem 0x800169db
core   0: 0x8000bc2c (0x60f9e317) auipc   t1, 0x60f9e
core   0: 3 0x8000bc2c (0x60f9e317) x 6 0xe0fa9c2c
core   0: 0x8000bc30 (0x0782c383) lbu     t2, 120(t0)
core   0: 3 0x8000bc30 (0x0782c383) x 7 0x00000000 mem 0x800169db
core   0: 0x8000bc34 (0x05e293a3) sh      t5, 71(t0)
core   0: 3 0x8000bc34 (0x05e293a3) mem 0x800169aa 0x0056
core   0: 0x8000bc38 (0x06728d23) sb      t2, 122(t0)
core   0: 3 0x8000bc38 (0x06728d23) mem 0x800169dd 0x0
core   0: 0x8000bc3c (0x07a2c983) lbu     s3, 122(t0)
core   0: 3 0x8000bc3c (0x07a2c983) x19 0x00000000 mem 0x800169dd
core   0: 0x8000bc40 (0xf5f2c183) lbu     gp, -161(t0)
core   0: 3 0x8000bc40 (0xf5f2c183) x 3 0x00000000 mem 0x800168c2
core   0: 0x8000bc44 (0xf5f28803) lb      a6, -161(t0)
core   0: 3 0x8000bc44 (0xf5f28803) x16 0x00000000 mem 0x800168c2
core   0: 0x8000bc48 (0xa4d436b7) lui     a3, 0xa4d43
core   0: 3 0x8000bc48 (0xa4d436b7) x13 0xa4d43000
core   0: 0x8000bc4c (0xf5f29a03) lh      s4, -161(t0)
core   0: 3 0x8000bc4c (0xf5f29a03) x20 0x00000000 mem 0x800168c2
core   0: 0x8000bc50 (0x0262c203) lbu     tp, 38(t0)
core   0: 3 0x8000bc50 (0x0262c203) x 4 0x00000000 mem 0x80016989
core   0: 0x8000bc54 (0x02628003) lb      zero, 38(t0)
core   0: 3 0x8000bc54 (0x02628003) mem 0x80016989
core   0: 0x8000bc58 (0xf5828b03) lb      s6, -168(t0)
core   0: 3 0x8000bc58 (0xf5828b03) x22 0x00000000 mem 0x800168bb
core   0: 0x8000bc5c (0x0d0283a3) sb      a6, 199(t0)
core   0: 3 0x8000bc5c (0x0d0283a3) mem 0x80016a2a 0x0
core   0: 0x8000bc60 (0x0dc28123) sb      t3, 194(t0)
core   0: 3 0x8000bc60 (0x0dc28123) mem 0x80016a25 0x0
core   0: 0x8000bc64 (0x00009797) auipc   a5, 0x9
core   0: 3 0x8000bc64 (0x00009797) x15 0x80014c64
core   0: 0x8000bc68 (0x54a78793) addi    a5, a5, 1354
core   0: 3 0x8000bc68 (0x54a78793) x15 0x800151ae
core   0: 0x8000bc6c (0x0000b917) auipc   s2, 0xb
core   0: 3 0x8000bc6c (0x0000b917) x18 0x80016c6c
core   0: 0x8000bc70 (0x2ef90913) addi    s2, s2, 751
core   0: 3 0x8000bc70 (0x2ef90913) x18 0x80016f5b
core   0: 0x8000bc74 (0xff7912a3) sh      s7, -27(s2)
core   0: 3 0x8000bc74 (0xff7912a3) mem 0x80016f40 0xaab3
core   0: 0x8000bc78 (0xffe7af83) lw      t6, -2(a5)
core   0: 3 0x8000bc78 (0xffe7af83) x31 0x00000000 mem 0x800151ac
core   0: 0x8000bc7c (0xff87d303) lhu     t1, -8(a5)
core   0: 3 0x8000bc7c (0xff87d303) x 6 0x00000000 mem 0x800151a6
core   0: 0x8000bc80 (0xfd294a83) lbu     s5, -46(s2)
core   0: 3 0x8000bc80 (0xfd294a83) x21 0x00000000 mem 0x80016f2d
core   0: 0x8000bc84 (0xff278183) lb      gp, -14(a5)
core   0: 3 0x8000bc84 (0xff278183) x 3 0x00000000 mem 0x800151a0
core   0: 0x8000bc88 (0xff4915a3) sh      s4, -21(s2)
core   0: 3 0x8000bc88 (0xff4915a3) mem 0x80016f46 0x0000
core   0: 0x8000bc8c (0x0017cd83) lbu     s11, 1(a5)
core   0: 3 0x8000bc8c (0x0017cd83) x27 0x00000000 mem 0x800151af
core   0: 0x8000bc90 (0x01192ca3) sw      a7, 25(s2)
core   0: 3 0x8000bc90 (0x01192ca3) mem 0x80016f74 0x00000000
core   0: 0x8000bc94 (0x00b78603) lb      a2, 11(a5)
core   0: 3 0x8000bc94 (0x00b78603) x12 0x00000000 mem 0x800151b9
core   0: 0x8000bc98 (0xffa94683) lbu     a3, -6(s2)
core   0: 3 0x8000bc98 (0xffa94683) x13 0x00000000 mem 0x80016f55
core   0: 0x8000bc9c (0x0057c383) lbu     t2, 5(a5)
core   0: 3 0x8000bc9c (0x0057c383) x 7 0x00000000 mem 0x800151b3
core   0: 0x8000bca0 (0x015780a3) sb      s5, 1(a5)
core   0: 3 0x8000bca0 (0x015780a3) mem 0x800151af 0x0
core   0: 0x8000bca4 (0xfda90e03) lb      t3, -38(s2)
core   0: 3 0x8000bca4 (0xfda90e03) x28 0x00000000 mem 0x80016f35
core   0: 0x8000bca8 (0xfff78f83) lb      t6, -1(a5)
core   0: 3 0x8000bca8 (0xfff78f83) x31 0x00000000 mem 0x800151ad
core   0: 0x8000bcac (0x00014717) auipc   a4, 0x14
core   0: 3 0x8000bcac (0x00014717) x14 0x8001fcac
core   0: 0x8000bcb0 (0xe6470713) addi    a4, a4, -412
core   0: 3 0x8000bcb0 (0xe6470713) x14 0x8001fb10
core   0: 0x8000bcb4 (0x0000a317) auipc   t1, 0xa
core   0: 3 0x8000bcb4 (0x0000a317) x 6 0x80015cb4
core   0: 0x8000bcb8 (0x20530313) addi    t1, t1, 517
core   0: 3 0x8000bcb8 (0x20530313) x 6 0x80015eb9
core   0: 0x8000bcbc (0x50674c83) lbu     s9, 1286(a4)
core   0: 3 0x8000bcbc (0x50674c83) x25 0x00000000 mem 0x80020016
core   0: 0x8000bcc0 (0xb9e75d83) lhu     s11, -1122(a4)
core   0: 3 0x8000bcc0 (0xb9e75d83) x27 0x00000000 mem 0x8001f6ae
core   0: 0x8000bcc4 (0x09472903) lw      s2, 148(a4)
core   0: 3 0x8000bcc4 (0x09472903) x18 0x00000000 mem 0x8001fba4
core   0: 0x8000bcc8 (0x05934283) lbu     t0, 89(t1)
core   0: 3 0x8000bcc8 (0x05934283) x 5 0x00000000 mem 0x80015f12
core   0: 0x8000bccc (0xfa430623) sb      tp, -84(t1)
core   0: 3 0x8000bccc (0xfa430623) mem 0x80015e65 0x0
core   0: 0x8000bcd0 (0xfac30383) lb      t2, -84(t1)
core   0: 3 0x8000bcd0 (0xfac30383) x 7 0x00000000 mem 0x80015e65
core   0: 0x8000bcd4 (0x22672623) sw      t1, 556(a4)
core   0: 3 0x8000bcd4 (0x22672623) mem 0x8001fd3c 0x80015eb9
core   0: 0x8000bcd8 (0x09731483) lh      s1, 151(t1)
core   0: 3 0x8000bcd8 (0x09731483) x 9 0x00000000 mem 0x80015f50
core   0: 0x8000bcdc (0x82a75403) lhu     s0, -2006(a4)
core   0: 3 0x8000bcdc (0x82a75403) x 8 0x00000000 mem 0x8001f33a
core   0: 0x8000bce0 (0xe0275a83) lhu     s5, -510(a4)
core   0: 3 0x8000bce0 (0xe0275a83) x21 0x00000000 mem 0x8001f912
core   0: 0x8000bce4 (0xf24321a3) sw      tp, -221(t1)
core   0: 3 0x8000bce4 (0xf24321a3) mem 0x80015ddc 0x00000000
core   0: 0x8000bce8 (0xf9335f03) lhu     t5, -109(t1)
core   0: 3 0x8000bce8 (0xf9335f03) x30 0x00000000 mem 0x80015e4c
core   0: 0x8000bcec (0xd0074783) lbu     a5, -768(a4)
core   0: 3 0x8000bcec (0xd0074783) x15 0x00000000 mem 0x8001f810
core   0: 0x8000bcf0 (0x73e71923) sh      t5, 1842(a4)
core   0: 3 0x8000bcf0 (0x73e71923) mem 0x80020242 0x0000
core   0: 0x8000bcf4 (0x0000d617) auipc   a2, 0xd
core   0: 3 0x8000bcf4 (0x0000d617) x12 0x80018cf4
core   0: 0x8000bcf8 (0x65c60613) addi    a2, a2, 1628
core   0: 3 0x8000bcf8 (0x65c60613) x12 0x80019350
core   0: 0x8000bcfc (0x00a71213) slli    tp, a4, 10
core   0: 3 0x8000bcfc (0x00a71213) x 4 0x07ec4000
core   0: 0x8000bd00 (0x00164703) lbu     a4, 1(a2)
core   0: 3 0x8000bd00 (0x00164703) x14 0x00000000 mem 0x80019351
core   0: 0x8000bd04 (0x005600a3) sb      t0, 1(a2)
core   0: 3 0x8000bd04 (0x005600a3) mem 0x80019351 0x0
core   0: 0x8000bd08 (0x00c600a3) sb      a2, 1(a2)
core   0: 3 0x8000bd08 (0x00c600a3) mem 0x80019351 0x50
core   0: 0x8000bd0c (0x005600a3) sb      t0, 1(a2)
core   0: 3 0x8000bd0c (0x005600a3) mem 0x80019351 0x0
core   0: 0x8000bd10 (0xc4066f17) auipc   t5, 0xc4066
core   0: 3 0x8000bd10 (0xc4066f17) x30 0x44071d10
core   0: 0x8000bd14 (0x00c600a3) sb      a2, 1(a2)
core   0: 3 0x8000bd14 (0x00c600a3) mem 0x80019351 0x50
core   0: 0x8000bd18 (0x00a300b3) add     ra, t1, a0
core   0: 3 0x8000bd18 (0x00a300b3) x 1 0x00044b9d
core   0: 0x8000bd1c (0x0011f233) and     tp, gp, ra
core   0: 3 0x8000bd1c (0x0011f233) x 4 0x00000000
core   0: 0x8000bd20 (0x00164703) lbu     a4, 1(a2)
core   0: 3 0x8000bd20 (0x00164703) x14 0x00000050 mem 0x80019351
core   0: 0x8000bd24 (0x00160883) lb      a7, 1(a2)
core   0: 3 0x8000bd24 (0x00160883) x17 0x00000050 mem 0x80019351
core   0: 0x8000bd28 (0x00160483) lb      s1, 1(a2)
core   0: 3 0x8000bd28 (0x00160483) x 9 0x00000050 mem 0x80019351
core   0: 0x8000bd2c (0x01d81713) slli    a4, a6, 29
core   0: 3 0x8000bd2c (0x01d81713) x14 0x00000000
core   0: 0x8000bd30 (0x00164b03) lbu     s6, 1(a2)
core   0: 3 0x8000bd30 (0x00164b03) x22 0x00000050 mem 0x80019351
core   0: 0x8000bd34 (0x005600a3) sb      t0, 1(a2)
core   0: 3 0x8000bd34 (0x005600a3) mem 0x80019351 0x0
core   0: 0x8000bd38 (0x00160583) lb      a1, 1(a2)
core   0: 3 0x8000bd38 (0x00160583) x11 0x00000000 mem 0x80019351
core   0: 0x8000bd3c (0x00160d03) lb      s10, 1(a2)
core   0: 3 0x8000bd3c (0x00160d03) x26 0x00000000 mem 0x80019351
core   0: 0x8000bd40 (0x0000b717) auipc   a4, 0xb
core   0: 3 0x8000bd40 (0x0000b717) x14 0x80016d40
core   0: 0x8000bd44 (0x1f670713) addi    a4, a4, 502
core   0: 3 0x8000bd44 (0x1f670713) x14 0x80016f36
core   0: 0x8000bd48 (0xe0760893) addi    a7, a2, -505
core   0: 3 0x8000bd48 (0xe0760893) x17 0x80019157
core   0: 0x8000bd4c (0x00000013) nop
core   0: 3 0x8000bd4c (0x00000013)
core   0: 0x8000bd50 (0xf0647e13) andi    t3, s0, -250
core   0: 3 0x8000bd50 (0xf0647e13) x28 0x00000000
core   0: 0x8000bd54 (0x40a60d33) sub     s10, a2, a0
core   0: 3 0x8000bd54 (0x40a60d33) x26 0xfffea66c
core   0: 0x8000bd58 (0x01672183) lw      gp, 22(a4)
core   0: 3 0x8000bd58 (0x01672183) x 3 0x00000000 mem 0x80016f4c
core   0: 0x8000bd5c (0x403e8433) sub     s0, t4, gp
core   0: 3 0x8000bd5c (0x403e8433) x 8 0x00000000
core   0: 0x8000bd60 (0x019a1b33) sll     s6, s4, s9
core   0: 3 0x8000bd60 (0x019a1b33) x22 0x00000000
core   0: 0x8000bd64 (0x016e4633) xor     a2, t3, s6
core   0: 3 0x8000bd64 (0x016e4633) x12 0x00000000
core   0: 0x8000bd68 (0x011f89b3) add     s3, t6, a7
core   0: 3 0x8000bd68 (0x011f89b3) x19 0x80019157
core   0: 0x8000bd6c (0xb2905797) auipc   a5, 0xb2905
core   0: 3 0x8000bd6c (0xb2905797) x15 0x32910d6c
core   0: 0x8000bd70 (0x0188b433) sltu    s0, a7, s8
core   0: 3 0x8000bd70 (0x0188b433) x 8 0x00000000
core   0: 0x8000bd74 (0x02271d03) lh      s10, 34(a4)
core   0: 3 0x8000bd74 (0x02271d03) x26 0x00000000 mem 0x80016f58
core   0: 0x8000bd78 (0x00000013) nop
core   0: 3 0x8000bd78 (0x00000013)
core   0: 0x8000bd7c (0xfde72e83) lw      t4, -34(a4)
core   0: 3 0x8000bd7c (0xfde72e83) x29 0x00000000 mem 0x80016f14
core   0: 0x8000bd80 (0xff374e83) lbu     t4, -13(a4)
core   0: 3 0x8000bd80 (0xff374e83) x29 0x00000000 mem 0x80016f29
core   0: 0x8000bd84 (0x00ab6333) or      t1, s6, a0
core   0: 3 0x8000bd84 (0x00ab6333) x 6 0x8002ece4
core   0: 0x8000bd88 (0x0000100f) fence.i
core   0: 3 0x8000bd88 (0x0000100f)
core   0: 0x8000bd8c (0x4189d993) srai    s3, s3, 24
core   0: 3 0x8000bd8c (0x4189d993) x19 0xffffff80
core   0: 0x8000bd90 (0x01859933) sll     s2, a1, s8
core   0: 3 0x8000bd90 (0x01859933) x18 0x00000000
core   0: 0x8000bd94 (0x03070923) sb      a6, 50(a4)
core   0: 3 0x8000bd94 (0x03070923) mem 0x80016f68 0x0
core   0: 0x8000bd98 (0xfd870f23) sb      s8, -34(a4)
core   0: 3 0x8000bd98 (0xfd870f23) mem 0x80016f14 0x0
core   0: 0x8000bd9c (0x006a4eb3) xor     t4, s4, t1
core   0: 3 0x8000bd9c (0x006a4eb3) x29 0x8002ece4
core   0: 0x8000bda0 (0x01925a33) srl     s4, tp, s9
core   0: 3 0x8000bda0 (0x01925a33) x20 0x00000000
core   0: 0x8000bda4 (0xe3afb393) sltiu   t2, t6, -454
core   0: 3 0x8000bda4 (0xe3afb393) x 7 0x00000001
core   0: 0x8000bda8 (0xfc870aa3) sb      s0, -43(a4)
core   0: 3 0x8000bda8 (0xfc870aa3) mem 0x80016f0b 0x0
core   0: 0x8000bdac (0x00000013) nop
core   0: 3 0x8000bdac (0x00000013)
core   0: 0x8000bdb0 (0x01c480b3) add     ra, s1, t3
core   0: 3 0x8000bdb0 (0x01c480b3) x 1 0x00000050
core   0: 0x8000bdb4 (0x013582b3) add     t0, a1, s3
core   0: 3 0x8000bdb4 (0x013582b3) x 5 0xffffff80
core   0: 0x8000bdb8 (0x025701a3) sb      t0, 35(a4)
core   0: 3 0x8000bdb8 (0x025701a3) mem 0x80016f59 0x80
core   0: 0x8000bdbc (0xfce71023) sh      a4, -64(a4)
core   0: 3 0x8000bdbc (0xfce71023) mem 0x80016ef6 0x6f36
core   0: 0x8000bdc0 (0x011b5033) srl     zero, s6, a7
core   0: 3 0x8000bdc0 (0x011b5033)
core   0: 0x8000bdc4 (0x00474a83) lbu     s5, 4(a4)
core   0: 3 0x8000bdc4 (0x00474a83) x21 0x00000000 mem 0x80016f3a
core   0: 0x8000bdc8 (0x01a341b3) xor     gp, t1, s10
core   0: 3 0x8000bdc8 (0x01a341b3) x 3 0x8002ece4
core   0: 0x8000bdcc (0x01970ea3) sb      s9, 29(a4)
core   0: 3 0x8000bdcc (0x01970ea3) mem 0x80016f53 0x0
core   0: 0x8000bdd0 (0x017e97b3) sll     a5, t4, s7
core   0: 3 0x8000bdd0 (0x017e97b3) x15 0x67200000
core   0: 0x8000bdd4 (0xffc70e83) lb      t4, -4(a4)
core   0: 3 0x8000bdd4 (0xffc70e83) x29 0x00000000 mem 0x80016f32
core   0: 0x8000bdd8 (0x01eb0db3) add     s11, s6, t5
core   0: 3 0x8000bdd8 (0x01eb0db3) x27 0x44071d10
core   0: 0x8000bddc (0xfc370123) sb      gp, -62(a4)
core   0: 3 0x8000bddc (0xfc370123) mem 0x80016ef8 0xe4
core   0: 0x8000bde0 (0x0000af97) auipc   t6, 0xa
core   0: 3 0x8000bde0 (0x0000af97) x31 0x80015de0
core   0: 0x8000bde4 (0xa00f8f93) addi    t6, t6, -1536
core   0: 3 0x8000bde4 (0xa00f8f93) x31 0x800157e0
core   0: 0x8000bde8 (0xfd2fc303) lbu     t1, -46(t6)
core   0: 3 0x8000bde8 (0xfd2fc303) x 6 0x00000000 mem 0x800157b2
core   0: 0x8000bdec (0x00dfca83) lbu     s5, 13(t6)
core   0: 3 0x8000bdec (0x00dfca83) x21 0x00000000 mem 0x800157ed
core   0: 0x8000bdf0 (0x036f9683) lh      a3, 54(t6)
core   0: 3 0x8000bdf0 (0x036f9683) x13 0x00000000 mem 0x80015816
core   0: 0x8000bdf4 (0x036fd683) lhu     a3, 54(t6)
core   0: 3 0x8000bdf4 (0x036fd683) x13 0x00000000 mem 0x80015816
core   0: 0x8000bdf8 (0x036f8003) lb      zero, 54(t6)
core   0: 3 0x8000bdf8 (0x036f8003) mem 0x80015816
core   0: 0x8000bdfc (0x036fc903) lbu     s2, 54(t6)
core   0: 3 0x8000bdfc (0x036fc903) x18 0x00000000 mem 0x80015816
core   0: 0x8000be00 (0xfe3f8e03) lb      t3, -29(t6)
core   0: 3 0x8000be00 (0xfe3f8e03) x28 0x00000000 mem 0x800157c3
core   0: 0x8000be04 (0x00afd003) lhu     zero, 10(t6)
core   0: 3 0x8000be04 (0x00afd003) mem 0x800157ea
core   0: 0x8000be08 (0x00df9523) sh      a3, 10(t6)
core   0: 3 0x8000be08 (0x00df9523) mem 0x800157ea 0x0000
core   0: 0x8000be0c (0x00afd483) lhu     s1, 10(t6)
core   0: 3 0x8000be0c (0x00afd483) x 9 0x00000000 mem 0x800157ea
core   0: 0x8000be10 (0xf692b713) sltiu   a4, t0, -151
core   0: 3 0x8000be10 (0xf692b713) x14 0x00000000
core   0: 0x8000be14 (0x038f8a23) sb      s8, 52(t6)
core   0: 3 0x8000be14 (0x038f8a23) mem 0x80015814 0x0
core   0: 0x8000be18 (0xed94c0b7) lui     ra, 0xed94c
core   0: 3 0x8000be18 (0xed94c0b7) x 1 0xed94c000
core   0: 0x8000be1c (0x034fa683) lw      a3, 52(t6)
core   0: 3 0x8000be1c (0x034fa683) x13 0x00000000 mem 0x80015814
core   0: 0x8000be20 (0x034fae03) lw      t3, 52(t6)
core   0: 3 0x8000be20 (0x034fae03) x28 0x00000000 mem 0x80015814
core   0: 0x8000be24 (0x034f9703) lh      a4, 52(t6)
core   0: 3 0x8000be24 (0x034f9703) x14 0x00000000 mem 0x80015814
core   0: 0x8000be28 (0x034f8903) lb      s2, 52(t6)
core   0: 3 0x8000be28 (0x034f8903) x18 0x00000000 mem 0x80015814
core   0: 0x8000be2c (0x00000013) nop
core   0: 3 0x8000be2c (0x00000013)
core   0: 0x8000be30 (0x01ae9a93) slli    s5, t4, 26
core   0: 3 0x8000be30 (0x01ae9a93) x21 0x00000000
core   0: 0x8000be34 (0x039f9a23) sh      s9, 52(t6)
core   0: 3 0x8000be34 (0x039f9a23) mem 0x80015814 0x0000
core   0: 0x8000be38 (0x02bf9a23) sh      a1, 52(t6)
core   0: 3 0x8000be38 (0x02bf9a23) mem 0x80015814 0x0000
core   0: 0x8000be3c (0x034fa903) lw      s2, 52(t6)
core   0: 3 0x8000be3c (0x034fa903) x18 0x00000000 mem 0x80015814
core   0: 0x8000be40 (0x00009717) auipc   a4, 0x9
core   0: 3 0x8000be40 (0x00009717) x14 0x80014e40
core   0: 0x8000be44 (0x3fd70713) addi    a4, a4, 1021
core   0: 3 0x8000be44 (0x3fd70713) x14 0x8001523d
core   0: 0x8000be48 (0x6a970a23) sb      s1, 1716(a4)
core   0: 3 0x8000be48 (0x6a970a23) mem 0x800158f1 0x0
core   0: 0x8000be4c (0x00000013) nop
core   0: 3 0x8000be4c (0x00000013)
core   0: 0x8000be50 (0x2dc74b03) lbu     s6, 732(a4)
core   0: 3 0x8000be50 (0x2dc74b03) x22 0x00000060 mem 0x80015519
core   0: 0x8000be54 (0x6c171b03) lh      s6, 1729(a4)
core   0: 3 0x8000be54 (0x6c171b03) x22 0x00000000 mem 0x800158fe
core   0: 0x8000be58 (0x014d62b3) or      t0, s10, s4
core   0: 3 0x8000be58 (0x014d62b3) x 5 0x00000000
core   0: 0x8000be5c (0x0108d933) srl     s2, a7, a6
core   0: 3 0x8000be5c (0x0108d933) x18 0x80019157
core   0: 0x8000be60 (0x25670983) lb      s3, 598(a4)
core   0: 3 0x8000be60 (0x25670983) x19 0x00000003 mem 0x80015493
core   0: 0x8000be64 (0x46a74303) lbu     t1, 1130(a4)
core   0: 3 0x8000be64 (0x46a74303) x 6 0x00000000 mem 0x800156a7
core   0: 0x8000be68 (0x12e74883) lbu     a7, 302(a4)
core   0: 3 0x8000be68 (0x12e74883) x17 0x00000000 mem 0x8001536b
core   0: 0x8000be6c (0x06372683) lw      a3, 99(a4)
core   0: 3 0x8000be6c (0x06372683) x13 0x5ba40200 mem 0x800152a0
core   0: 0x8000be70 (0x326712a3) sh      t1, 805(a4)
core   0: 3 0x8000be70 (0x326712a3) mem 0x80015562 0x0000
core   0: 0x8000be74 (0xb67bba93) sltiu   s5, s7, -1177
core   0: 3 0x8000be74 (0xb67bba93) x21 0x00000001
core   0: 0x8000be78 (0x15d71a83) lh      s5, 349(a4)
core   0: 3 0x8000be78 (0x15d71a83) x21 0x00000000 mem 0x8001539a
core   0: 0x8000be7c (0x03e74c03) lbu     s8, 62(a4)
core   0: 3 0x8000be7c (0x03e74c03) x24 0x00000000 mem 0x8001527b
core   0: 0x8000be80 (0x98fc2913) slti    s2, s8, -1649
core   0: 3 0x8000be80 (0x98fc2913) x18 0x00000000
core   0: 0x8000be84 (0x4c2711a3) sh      sp, 1219(a4)
core   0: 3 0x8000be84 (0x4c2711a3) mem 0x80015700 0xae38
core   0: 0x8000be88 (0x0a570083) lb      ra, 165(a4)
core   0: 3 0x8000be88 (0x0a570083) x 1 0x00000000 mem 0x800152e2
core   0: 0x8000be8c (0x7e474383) lbu     t2, 2020(a4)
core   0: 3 0x8000be8c (0x7e474383) x 7 0x000000aa mem 0x80015a21
core   0: 0x8000be90 (0x0000100f) fence.i
core   0: 3 0x8000be90 (0x0000100f)
core   0: 0x8000be94 (0x8f28d837) lui     a6, 0x8f28d
core   0: 3 0x8000be94 (0x8f28d837) x16 0x8f28d000
core   0: 0x8000be98 (0x78c74303) lbu     t1, 1932(a4)
core   0: 3 0x8000be98 (0x78c74303) x 6 0x00000000 mem 0x800159c9
core   0: 0x8000be9c (0xf2f70b23) sb      a5, -202(a4)
core   0: 3 0x8000be9c (0xf2f70b23) mem 0x80015173 0x0
core   0: 0x8000bea0 (0xfe750993) addi    s3, a0, -25
core   0: 3 0x8000bea0 (0xfe750993) x19 0x8002eccb
core   0: 0x8000bea4 (0x29270c03) lb      s8, 658(a4)
core   0: 3 0x8000bea4 (0x29270c03) x24 0x00000000 mem 0x800154cf
core   0: 0x8000bea8 (0x009a5393) srli    t2, s4, 9
core   0: 3 0x8000bea8 (0x009a5393) x 7 0x00000000
core   0: 0x8000beac (0xffc74b03) lbu     s6, -4(a4)
core   0: 3 0x8000beac (0xffc74b03) x22 0x00000000 mem 0x80015239
core   0: 0x8000beb0 (0xcdfdf693) andi    a3, s11, -801
core   0: 3 0x8000beb0 (0xcdfdf693) x13 0x44071c10
core   0: 0x8000beb4 (0x7df71fa3) sh      t6, 2015(a4)
core   0: 3 0x8000beb4 (0x7df71fa3) mem 0x80015a1c 0x57e0
core   0: 0x8000beb8 (0x01ac7833) and     a6, s8, s10
core   0: 3 0x8000beb8 (0x01ac7833) x16 0x00000000
core   0: 0x8000bebc (0x30e70983) lb      s3, 782(a4)
core   0: 3 0x8000bebc (0x30e70983) x19 0x00000000 mem 0x8001554b
core   0: 0x8000bec0 (0x0189c7b3) xor     a5, s3, s8
core   0: 3 0x8000bec0 (0x0189c7b3) x15 0x00000000
core   0: 0x8000bec4 (0x7cd70b23) sb      a3, 2006(a4)
core   0: 3 0x8000bec4 (0x7cd70b23) mem 0x80015a13 0x10
core   0: 0x8000bec8 (0xfa775683) lhu     a3, -89(a4)
core   0: 3 0x8000bec8 (0xfa775683) x13 0x00000000 mem 0x800151e4
core   0: 0x8000becc (0xf7060293) addi    t0, a2, -144
core   0: 3 0x8000becc (0xf7060293) x 5 0xffffff70
core   0: 0x8000bed0 (0x01888e33) add     t3, a7, s8
core   0: 3 0x8000bed0 (0x01888e33) x28 0x00000000
core   0: 0x8000bed4 (0xe4274e83) lbu     t4, -446(a4)
core   0: 3 0x8000bed4 (0xe4274e83) x29 0x00000000 mem 0x8001507f
core   0: 0x8000bed8 (0x015a8433) add     s0, s5, s5
core   0: 3 0x8000bed8 (0x015a8433) x 8 0x00000000
core   0: 0x8000bedc (0x3bf72e03) lw      t3, 959(a4)
core   0: 3 0x8000bedc (0x3bf72e03) x28 0xece40000 mem 0x800155fc
core   0: 0x8000bee0 (0x00009297) auipc   t0, 0x9
core   0: 3 0x8000bee0 (0x00009297) x 5 0x80014ee0
core   0: 0x8000bee4 (0x78d28293) addi    t0, t0, 1933
core   0: 3 0x8000bee4 (0x78d28293) x 5 0x8001566d
core   0: 0x8000bee8 (0x00a28d33) add     s10, t0, a0
core   0: 3 0x8000bee8 (0x00a28d33) x26 0x00044351
core   0: 0x8000beec (0x400adf93) srai    t6, s5, 0
core   0: 3 0x8000beec (0x400adf93) x31 0x00000000
core   0: 0x8000bef0 (0xffe2c903) lbu     s2, -2(t0)
core   0: 3 0x8000bef0 (0xffe2c903) x18 0x00000000 mem 0x8001566b
core   0: 0x8000bef4 (0x0069c4b3) xor     s1, s3, t1
core   0: 3 0x8000bef4 (0x0069c4b3) x 9 0x00000000
core   0: 0x8000bef8 (0x01a52733) slt     a4, a0, s10
core   0: 3 0x8000bef8 (0x01a52733) x14 0x00000001
core   0: 0x8000befc (0x5b988917) auipc   s2, 0x5b988
core   0: 3 0x8000befc (0x5b988917) x18 0xdb993efc
core   0: 0x8000bf00 (0x00818d33) add     s10, gp, s0
core   0: 3 0x8000bf00 (0x00818d33) x26 0x8002ece4
core   0: 0x8000bf04 (0x41b3d593) srai    a1, t2, 27
core   0: 3 0x8000bf04 (0x41b3d593) x11 0x00000000
core   0: 0x8000bf08 (0xff028603) lb      a2, -16(t0)
core   0: 3 0x8000bf08 (0xff028603) x12 0x00000000 mem 0x8001565d
core   0: 0x8000bf0c (0x0173da13) srli    s4, t2, 23
core   0: 3 0x8000bf0c (0x0173da13) x20 0x00000000
core   0: 0x8000bf10 (0x00000013) nop
core   0: 3 0x8000bf10 (0x00000013)
core   0: 0x8000bf14 (0x0002d033) srl     zero, t0, zero
core   0: 3 0x8000bf14 (0x0002d033)
core   0: 0x8000bf18 (0x0002c203) lbu     tp, 0(t0)
core   0: 3 0x8000bf18 (0x0002c203) x 4 0x00000000 mem 0x8001566d
core   0: 0x8000bf1c (0xfe42aba3) sw      tp, -9(t0)
core   0: 3 0x8000bf1c (0xfe42aba3) mem 0x80015664 0x00000000
core   0: 0x8000bf20 (0x01d292a3) sh      t4, 5(t0)
core   0: 3 0x8000bf20 (0x01d292a3) mem 0x80015672 0x0000
core   0: 0x8000bf24 (0x002b3c33) sltu    s8, s6, sp
core   0: 3 0x8000bf24 (0x002b3c33) x24 0x00000001
core   0: 0x8000bf28 (0x00228a03) lb      s4, 2(t0)
core   0: 3 0x8000bf28 (0x00228a03) x20 0x00000000 mem 0x8001566f
core   0: 0x8000bf2c (0xff02ca03) lbu     s4, -16(t0)
core   0: 3 0x8000bf2c (0xff02ca03) x20 0x00000000 mem 0x8001565d
core   0: 0x8000bf30 (0x011436b3) sltu    a3, s0, a7
core   0: 3 0x8000bf30 (0x011436b3) x13 0x00000000
core   0: 0x8000bf34 (0xffa28a83) lb      s5, -6(t0)
core   0: 3 0x8000bf34 (0xffa28a83) x21 0x00000000 mem 0x80015667
core   0: 0x8000bf38 (0xff328a03) lb      s4, -13(t0)
core   0: 3 0x8000bf38 (0xff328a03) x20 0x00000000 mem 0x80015660
core   0: 0x8000bf3c (0x27147c13) andi    s8, s0, 625
core   0: 3 0x8000bf3c (0x27147c13) x24 0x00000000
core   0: 0x8000bf40 (0x406488b3) sub     a7, s1, t1
core   0: 3 0x8000bf40 (0x406488b3) x17 0x00000000
core   0: 0x8000bf44 (0xffe298a3) sh      t5, -15(t0)
core   0: 3 0x8000bf44 (0xffe298a3) mem 0x8001565e 0x1d10
core   0: 0x8000bf48 (0x01e95c33) srl     s8, s2, t5
core   0: 3 0x8000bf48 (0x01e95c33) x24 0x0000db99
core   0: 0x8000bf4c (0x0002c083) lbu     ra, 0(t0)
core   0: 3 0x8000bf4c (0x0002c083) x 1 0x00000000 mem 0x8001566d
core   0: 0x8000bf50 (0xff92df83) lhu     t6, -7(t0)
core   0: 3 0x8000bf50 (0xff92df83) x31 0x00000000 mem 0x80015666
core   0: 0x8000bf54 (0x401ed9b3) sra     s3, t4, ra
core   0: 3 0x8000bf54 (0x401ed9b3) x19 0x00000000
core   0: 0x8000bf58 (0x014ecfb3) xor     t6, t4, s4
core   0: 3 0x8000bf58 (0x014ecfb3) x31 0x00000000
core   0: 0x8000bf5c (0x00591913) slli    s2, s2, 5
core   0: 3 0x8000bf5c (0x00591913) x18 0x7327df80
core   0: 0x8000bf60 (0x0113ae33) slt     t3, t2, a7
core   0: 3 0x8000bf60 (0x0113ae33) x28 0x00000000
core   0: 0x8000bf64 (0xff72d883) lhu     a7, -9(t0)
core   0: 3 0x8000bf64 (0xff72d883) x17 0x00000000 mem 0x80015664
core   0: 0x8000bf68 (0x0ff0000f) fence   iorw,iorw
core   0: 3 0x8000bf68 (0x0ff0000f)
core   0: 0x8000bf6c (0xffa28823) sb      s10, -16(t0)
core   0: 3 0x8000bf6c (0xffa28823) mem 0x8001565d 0xe4
core   0: 0x8000bf70 (0x00eaeab3) or      s5, s5, a4
core   0: 3 0x8000bf70 (0x00eaeab3) x21 0x00000001
core   0: 0x8000bf74 (0xffb28a23) sb      s11, -12(t0)
core   0: 3 0x8000bf74 (0xffb28a23) mem 0x80015661 0x10
core   0: 0x8000bf78 (0x01905f13) srli    t5, zero, 25
core   0: 3 0x8000bf78 (0x01905f13) x30 0x00000000
core   0: 0x8000bf7c (0x01d28023) sb      t4, 0(t0)
core   0: 3 0x8000bf7c (0x01d28023) mem 0x8001566d 0x0
core   0: 0x8000bf80 (0xf14665b7) lui     a1, 0xf1466
core   0: 3 0x8000bf80 (0xf14665b7) x11 0xf1466000
core   0: 0x8000bf84 (0x00929703) lh      a4, 9(t0)
core   0: 3 0x8000bf84 (0x00929703) x14 0x00000000 mem 0x80015676
core   0: 0x8000bf88 (0x00899833) sll     a6, s3, s0
core   0: 3 0x8000bf88 (0x00899833) x16 0x00000000
core   0: 0x8000bf8c (0x01118cb3) add     s9, gp, a7
core   0: 3 0x8000bf8c (0x01118cb3) x25 0x8002ece4
core   0: 0x8000bf90 (0x00d2d203) lhu     tp, 13(t0)
core   0: 3 0x8000bf90 (0x00d2d203) x 4 0x0000e400 mem 0x8001567a
core   0: 0x8000bf94 (0xffd28b03) lb      s6, -3(t0)
core   0: 3 0x8000bf94 (0xffd28b03) x22 0x00000000 mem 0x8001566a
core   0: 0x8000bf98 (0x00c2c483) lbu     s1, 12(t0)
core   0: 3 0x8000bf98 (0x00c2c483) x 9 0x0000005c mem 0x80015679
core   0: 0x8000bf9c (0x00010217) auipc   tp, 0x10
core   0: 3 0x8000bf9c (0x00010217) x 4 0x8001bf9c
core   0: 0x8000bfa0 (0x4c320213) addi    tp, tp, 1219
core   0: 3 0x8000bfa0 (0x4c320213) x 4 0x8001c45f
core   0: 0x8000bfa4 (0x00016a17) auipc   s4, 0x16
core   0: 3 0x8000bfa4 (0x00016a17) x20 0x80021fa4
core   0: 0x8000bfa8 (0x2c1a0a13) addi    s4, s4, 705
core   0: 3 0x8000bfa8 (0x2c1a0a13) x20 0x80022265
core   0: 0x8000bfac (0xb2e20803) lb      a6, -1234(tp)
core   0: 3 0x8000bfac (0xb2e20803) x16 0x00000000 mem 0x8001bf8d
core   0: 0x8000bfb0 (0xfbc24903) lbu     s2, -68(tp)
core   0: 3 0x8000bfb0 (0xfbc24903) x18 0x00000000 mem 0x8001c41b
core   0: 0x8000bfb4 (0xf05a1303) lh      t1, -251(s4)
core   0: 3 0x8000bfb4 (0xf05a1303) x 6 0x00000000 mem 0x8002216a
core   0: 0x8000bfb8 (0xf90a02a3) sb      a6, -123(s4)
core   0: 3 0x8000bfb8 (0xf90a02a3) mem 0x800221ea 0x0
core   0: 0x8000bfbc (0x60720e23) sb      t2, 1564(tp)
core   0: 3 0x8000bfbc (0x60720e23) mem 0x8001ca7b 0x0
core   0: 0x8000bfc0 (0x5c620e03) lb      t3, 1478(tp)
core   0: 3 0x8000bfc0 (0x5c620e03) x28 0x00000000 mem 0x8001ca25
core   0: 0x8000bfc4 (0xb7424d83) lbu     s11, -1164(tp)
core   0: 3 0x8000bfc4 (0xb7424d83) x27 0x00000000 mem 0x8001bfd3
core   0: 0x8000bfc8 (0x0f5a0ba3) sb      s5, 247(s4)
core   0: 3 0x8000bfc8 (0x0f5a0ba3) mem 0x8002235c 0x1
core   0: 0x8000bfcc (0x83d203a3) sb      t4, -2009(tp)
core   0: 3 0x8000bfcc (0x83d203a3) mem 0x8001bc86 0x0
core   0: 0x8000bfd0 (0xf9ba0e83) lb      t4, -101(s4)
core   0: 3 0x8000bfd0 (0xf9ba0e83) x29 0x00000000 mem 0x80022200
core   0: 0x8000bfd4 (0xfc2a0783) lb      a5, -62(s4)
core   0: 3 0x8000bfd4 (0xfc2a0783) x15 0x00000000 mem 0x80022227
core   0: 0x8000bfd8 (0xc68224a3) sw      s0, -919(tp)
core   0: 3 0x8000bfd8 (0xc68224a3) mem 0x8001c0c8 0x00000000
core   0: 0x8000bfdc (0xf58a0623) sb      s8, -180(s4)
core   0: 3 0x8000bfdc (0xf58a0623) mem 0x800221b1 0x99
core   0: 0x8000bfe0 (0x00009797) auipc   a5, 0x9
core   0: 3 0x8000bfe0 (0x00009797) x15 0x80014fe0
core   0: 0x8000bfe4 (0x2f878793) addi    a5, a5, 760
core   0: 3 0x8000bfe4 (0x2f878793) x15 0x800152d8
core   0: 0x8000bfe8 (0x6ef57913) andi    s2, a0, 1775
core   0: 3 0x8000bfe8 (0x6ef57913) x18 0x000004e4
core   0: 0x8000bfec (0x0127a823) sw      s2, 16(a5)
core   0: 3 0x8000bfec (0x0127a823) mem 0x800152e8 0x000004e4
core   0: 0x8000bff0 (0x0429a217) auipc   tp, 0x429a
core   0: 3 0x8000bff0 (0x0429a217) x 4 0x842a5ff0
core   0: 0x8000bff4 (0xff9784a3) sb      s9, -23(a5)
core   0: 3 0x8000bff4 (0xff9784a3) mem 0x800152c1 0xe4
core   0: 0x8000bff8 (0x017785a3) sb      s7, 11(a5)
core   0: 3 0x8000bff8 (0x017785a3) mem 0x800152e3 0xb3
core   0: 0x8000bffc (0xffc785a3) sb      t3, -21(a5)
core   0: 3 0x8000bffc (0xffc785a3) mem 0x800152c3 0x0
core   0: 0x8000c000 (0x03e780a3) sb      t5, 33(a5)
core   0: 3 0x8000c000 (0x03e780a3) mem 0x800152f9 0x0
core   0: 0x8000c004 (0x029783a3) sb      s1, 39(a5)
core   0: 3 0x8000c004 (0x029783a3) mem 0x800152ff 0x5c
core   0: 0x8000c008 (0x013ad813) srli    a6, s5, 19
core   0: 3 0x8000c008 (0x013ad813) x16 0x00000000
core   0: 0x8000c00c (0xfd578583) lb      a1, -43(a5)
core   0: 3 0x8000c00c (0xfd578583) x11 0x00000000 mem 0x800152ad
core   0: 0x8000c010 (0x0247a803) lw      a6, 36(a5)
core   0: 3 0x8000c010 (0x0247a803) x16 0x5c000000 mem 0x800152fc
core   0: 0x8000c014 (0x02978723) sb      s1, 46(a5)
core   0: 3 0x8000c014 (0x02978723) mem 0x80015306 0x5c
core   0: 0x8000c018 (0xfc279723) sh      sp, -50(a5)
core   0: 3 0x8000c018 (0xfc279723) mem 0x800152a6 0xae38
core   0: 0x8000c01c (0x2ff17c93) andi    s9, sp, 767
core   0: 3 0x8000c01c (0x2ff17c93) x25 0x00000238
core   0: 0x8000c020 (0x01279083) lh      ra, 18(a5)
core   0: 3 0x8000c020 (0x01279083) x 1 0x00000000 mem 0x800152ea
core   0: 0x8000c024 (0xfc77c283) lbu     t0, -57(a5)
core   0: 3 0x8000c024 (0xfc77c283) x 5 0x00000000 mem 0x8001529f
core   0: 0x8000c028 (0xffd78da3) sb      t4, -5(a5)
core   0: 3 0x8000c028 (0xffd78da3) mem 0x800152d3 0x0
core   0: 0x8000c02c (0xfdf78da3) sb      t6, -37(a5)
core   0: 3 0x8000c02c (0xfdf78da3) mem 0x800152b3 0x0
core   0: 0x8000c030 (0x0127c403) lbu     s0, 18(a5)
core   0: 3 0x8000c030 (0x0127c403) x 8 0x00000000 mem 0x800152ea
core   0: 0x8000c034 (0x0137c283) lbu     t0, 19(a5)
core   0: 3 0x8000c034 (0x0137c283) x 5 0x00000000 mem 0x800152eb
core   0: 0x8000c038 (0x0207df03) lhu     t5, 32(a5)
core   0: 3 0x8000c038 (0x0207df03) x30 0x00000000 mem 0x800152f8
core   0: 0x8000c03c (0x00986333) or      t1, a6, s1
core   0: 3 0x8000c03c (0x00986333) x 6 0x5c00005c
core   0: 0x8000c040 (0x00000013) nop
core   0: 3 0x8000c040 (0x00000013)
core   0: 0x8000c044 (0x00c78ca3) sb      a2, 25(a5)
core   0: 3 0x8000c044 (0x00c78ca3) mem 0x800152f1 0x0
core   0: 0x8000c048 (0x01178a03) lb      s4, 17(a5)
core   0: 3 0x8000c048 (0x01178a03) x20 0x00000004 mem 0x800152e9
core   0: 0x8000c04c (0x4127d5b3) sra     a1, a5, s2
core   0: 3 0x8000c04c (0x4127d5b3) x11 0xf800152d
core   0: 0x8000c050 (0xfcc78da3) sb      a2, -37(a5)
core   0: 3 0x8000c050 (0xfcc78da3) mem 0x800152b3 0x0
core   0: 0x8000c054 (0xffd7ca83) lbu     s5, -3(a5)
core   0: 3 0x8000c054 (0xffd7ca83) x21 0x00000000 mem 0x800152d5
core   0: 0x8000c058 (0x0217c203) lbu     tp, 33(a5)
core   0: 3 0x8000c058 (0x0217c203) x 4 0x00000000 mem 0x800152f9
core   0: 0x8000c05c (0x02478003) lb      zero, 36(a5)
core   0: 3 0x8000c05c (0x02478003) mem 0x800152fc
core   0: 0x8000c060 (0xffd7c583) lbu     a1, -3(a5)
core   0: 3 0x8000c060 (0xffd7c583) x11 0x00000000 mem 0x800152d5
core   0: 0x8000c064 (0x00000013) nop
core   0: 3 0x8000c064 (0x00000013)
core   0: 0x8000c068 (0xfe17c203) lbu     tp, -31(a5)
core   0: 3 0x8000c068 (0xfe17c203) x 4 0x00000000 mem 0x800152b9
core   0: 0x8000c06c (0x819e3393) sltiu   t2, t3, -2023
core   0: 3 0x8000c06c (0x819e3393) x 7 0x00000001
core   0: 0x8000c070 (0x007b5333) srl     t1, s6, t2
core   0: 3 0x8000c070 (0x007b5333) x 6 0x00000000
core   0: 0x8000c074 (0xfc178323) sb      ra, -58(a5)
core   0: 3 0x8000c074 (0xfc178323) mem 0x8001529e 0x0
core   0: 0x8000c078 (0x00b7c803) lbu     a6, 11(a5)
core   0: 3 0x8000c078 (0x00b7c803) x16 0x000000b3 mem 0x800152e3
core   0: 0x8000c07c (0xfd97c583) lbu     a1, -39(a5)
core   0: 3 0x8000c07c (0xfd97c583) x11 0x00000000 mem 0x800152b1
core   0: 0x8000c080 (0x00013d97) auipc   s11, 0x13
core   0: 3 0x8000c080 (0x00013d97) x27 0x8001f080
core   0: 0x8000c084 (0x8c7d8d93) addi    s11, s11, -1849
core   0: 3 0x8000c084 (0x8c7d8d93) x27 0x8001e947
core   0: 0x8000c088 (0x401b5093) srai    ra, s6, 1
core   0: 3 0x8000c088 (0x401b5093) x 1 0x00000000
core   0: 0x8000c08c (0x0ff0000f) fence   iorw,iorw
core   0: 3 0x8000c08c (0x0ff0000f)
core   0: 0x8000c090 (0x0177d833) srl     a6, a5, s7
core   0: 3 0x8000c090 (0x0177d833) x16 0x00001000
core   0: 0x8000c094 (0xce842717) auipc   a4, 0xce842
core   0: 3 0x8000c094 (0xce842717) x14 0x4e84e094
core   0: 0x8000c098 (0x0e7d8703) lb      a4, 231(s11)
core   0: 3 0x8000c098 (0x0e7d8703) x14 0x00000000 mem 0x8001ea2e
core   0: 0x8000c09c (0x05adc203) lbu     tp, 90(s11)
core   0: 3 0x8000c09c (0x05adc203) x 4 0x00000000 mem 0x8001e9a1
core   0: 0x8000c0a0 (0x01ed8d03) lb      s10, 30(s11)
core   0: 3 0x8000c0a0 (0x01ed8d03) x26 0x00000000 mem 0x8001e965
core   0: 0x8000c0a4 (0x00559313) slli    t1, a1, 5
core   0: 3 0x8000c0a4 (0x00559313) x 6 0x00000000
core   0: 0x8000c0a8 (0x01ef4033) xor     zero, t5, t5
core   0: 3 0x8000c0a8 (0x01ef4033)
core   0: 0x8000c0ac (0x406ed093) srai    ra, t4, 6
core   0: 3 0x8000c0ac (0x406ed093) x 1 0x00000000
core   0: 0x8000c0b0 (0xf78dcc83) lbu     s9, -136(s11)
core   0: 3 0x8000c0b0 (0xf78dcc83) x25 0x00000000 mem 0x8001e8bf
core   0: 0x8000c0b4 (0x0ff0000f) fence   iorw,iorw
core   0: 3 0x8000c0b4 (0x0ff0000f)
core   0: 0x8000c0b8 (0x00f41233) sll     tp, s0, a5
core   0: 3 0x8000c0b8 (0x00f41233) x 4 0x00000000
core   0: 0x8000c0bc (0x26400197) auipc   gp, 0x26400
core   0: 3 0x8000c0bc (0x26400197) x 3 0xa640c0bc
core   0: 0x8000c0c0 (0x0c3dd183) lhu     gp, 195(s11)
core   0: 3 0x8000c0c0 (0x0c3dd183) x 3 0x00000000 mem 0x8001ea0a
core   0: 0x8000c0c4 (0x0ff0000f) fence   iorw,iorw
core   0: 3 0x8000c0c4 (0x0ff0000f)
core   0: 0x8000c0c8 (0x014d8303) lb      t1, 20(s11)
core   0: 3 0x8000c0c8 (0x014d8303) x 6 0x00000000 mem 0x8001e95b
core   0: 0x8000c0cc (0xfcfd96a3) sh      a5, -51(s11)
core   0: 3 0x8000c0cc (0xfcfd96a3) mem 0x8001e914 0x52d8
core   0: 0x8000c0d0 (0x00f63e33) sltu    t3, a2, a5
core   0: 3 0x8000c0d0 (0x00f63e33) x28 0x00000001
core   0: 0x8000c0d4 (0x4ba9c713) xori    a4, s3, 1210
core   0: 3 0x8000c0d4 (0x4ba9c713) x14 0x000004ba
core   0: 0x8000c0d8 (0xfe33ec13) ori     s8, t2, -29
core   0: 3 0x8000c0d8 (0xfe33ec13) x24 0xffffffe3
core   0: 0x8000c0dc (0x07dd89a3) sb      t4, 115(s11)
core   0: 3 0x8000c0dc (0x07dd89a3) mem 0x8001e9ba 0x0
core   0: 0x8000c0e0 (0x00861593) slli    a1, a2, 8
core   0: 3 0x8000c0e0 (0x00861593) x11 0x00000000
core   0: 0x8000c0e4 (0xc8226a13) ori     s4, tp, -894
core   0: 3 0x8000c0e4 (0xc8226a13) x20 0xfffffc82
core   0: 0x8000c0e8 (0xdd20a013) slti    zero, ra, -558
core   0: 3 0x8000c0e8 (0xdd20a013)
core   0: 0x8000c0ec (0xf1bd81a3) sb      s11, -253(s11)
core   0: 3 0x8000c0ec (0xf1bd81a3) mem 0x8001e84a 0x47
core   0: 0x8000c0f0 (0x012d5193) srli    gp, s10, 18
core   0: 3 0x8000c0f0 (0x012d5193) x 3 0x00000000
core   0: 0x8000c0f4 (0x01cce933) or      s2, s9, t3
core   0: 3 0x8000c0f4 (0x01cce933) x18 0x00000001
core   0: 0x8000c0f8 (0xf43d9983) lh      s3, -189(s11)
core   0: 3 0x8000c0f8 (0xf43d9983) x19 0x00000000 mem 0x8001e88a
core   0: 0x8000c0fc (0x0000ae97) auipc   t4, 0xa
core   0: 3 0x8000c0fc (0x0000ae97) x29 0x800160fc
core   0: 0x8000c100 (0xdc8e8e93) addi    t4, t4, -568
core   0: 3 0x8000c100 (0xdc8e8e93) x29 0x80015ec4
core   0: 0x8000c104 (0x00ee80a3) sb      a4, 1(t4)
core   0: 3 0x8000c104 (0x00ee80a3) mem 0x80015ec5 0xba
core   0: 0x8000c108 (0x004e80a3) sb      tp, 1(t4)
core   0: 3 0x8000c108 (0x004e80a3) mem 0x80015ec5 0x0
core   0: 0x8000c10c (0x00d0bf33) sltu    t5, ra, a3
core   0: 3 0x8000c10c (0x00d0bf33) x30 0x00000000
core   0: 0x8000c110 (0x031e8303) lb      t1, 49(t4)
core   0: 3 0x8000c110 (0x031e8303) x 6 0x00000000 mem 0x80015ef5
core   0: 0x8000c114 (0x2733f093) andi    ra, t2, 627
core   0: 3 0x8000c114 (0x2733f093) x 1 0x00000001
core   0: 0x8000c118 (0x40235933) sra     s2, t1, sp
core   0: 3 0x8000c118 (0x40235933) x18 0x00000000
core   0: 0x8000c11c (0x011ea223) sw      a7, 4(t4)
core   0: 3 0x8000c11c (0x011ea223) mem 0x80015ec8 0x00000000
core   0: 0x8000c120 (0xfffec183) lbu     gp, -1(t4)
core   0: 3 0x8000c120 (0xfffec183) x 3 0x00000000 mem 0x80015ec3
core   0: 0x8000c124 (0x00ffd493) srli    s1, t6, 15
core   0: 3 0x8000c124 (0x00ffd493) x 9 0x00000000
core   0: 0x8000c128 (0x404fdc93) srai    s9, t6, 4
core   0: 3 0x8000c128 (0x404fdc93) x25 0x00000000
core   0: 0x8000c12c (0xfdce9303) lh      t1, -36(t4)
core   0: 3 0x8000c12c (0xfdce9303) x 6 0x00000000 mem 0x80015ea0
core   0: 0x8000c130 (0xff3e9423) sh      s3, -24(t4)
core   0: 3 0x8000c130 (0xff3e9423) mem 0x80015eac 0x0000
core   0: 0x8000c134 (0x00b61193) slli    gp, a2, 11
core   0: 3 0x8000c134 (0x00b61193) x 3 0x00000000
core   0: 0x8000c138 (0x0112dfb3) srl     t6, t0, a7
core   0: 3 0x8000c138 (0x0112dfb3) x31 0x00000000
core   0: 0x8000c13c (0x0000100f) fence.i
core   0: 3 0x8000c13c (0x0000100f)
core   0: 0x8000c140 (0xff2ec183) lbu     gp, -14(t4)
core   0: 3 0x8000c140 (0xff2ec183) x 3 0x00000000 mem 0x80015eb6
core   0: 0x8000c144 (0xfebe82a3) sb      a1, -27(t4)
core   0: 3 0x8000c144 (0xfebe82a3) mem 0x80015ea9 0x0
core   0: 0x8000c148 (0x011e9623) sh      a7, 12(t4)
core   0: 3 0x8000c148 (0x011e9623) mem 0x80015ed0 0x0000
core   0: 0x8000c14c (0x01e0a8b3) slt     a7, ra, t5
core   0: 3 0x8000c14c (0x01e0a8b3) x17 0x00000000
core   0: 0x8000c150 (0x00d69c33) sll     s8, a3, a3
core   0: 3 0x8000c150 (0x00d69c33) x24 0x00000000
core   0: 0x8000c154 (0x40975433) sra     s0, a4, s1
core   0: 3 0x8000c154 (0x40975433) x 8 0x000004ba
core   0: 0x8000c158 (0x015e8223) sb      s5, 4(t4)
core   0: 3 0x8000c158 (0x015e8223) mem 0x80015ec8 0x0
core   0: 0x8000c15c (0xfede8b23) sb      a3, -10(t4)
core   0: 3 0x8000c15c (0xfede8b23) mem 0x80015eba 0x0
core   0: 0x8000c160 (0x00000013) nop
core   0: 3 0x8000c160 (0x00000013)
core   0: 0x8000c164 (0xfcae8603) lb      a2, -54(t4)
core   0: 3 0x8000c164 (0xfcae8603) x12 0x00000000 mem 0x80015e8e
core   0: 0x8000c168 (0x000ea283) lw      t0, 0(t4)
core   0: 3 0x8000c168 (0x000ea283) x 5 0x00000000 mem 0x80015ec4
core   0: 0x8000c16c (0x41475c33) sra     s8, a4, s4
core   0: 3 0x8000c16c (0x41475c33) x24 0x0000012e
core   0: 0x8000c170 (0x0069ffb3) and     t6, s3, t1
core   0: 3 0x8000c170 (0x0069ffb3) x31 0x00000000
core   0: 0x8000c174 (0xfccec203) lbu     tp, -52(t4)
core   0: 3 0x8000c174 (0xfccec203) x 4 0x00000000 mem 0x80015e90
core   0: 0x8000c178 (0xfe9e9223) sh      s1, -28(t4)
core   0: 3 0x8000c178 (0xfe9e9223) mem 0x80015ea8 0x0000
core   0: 0x8000c17c (0xfede8483) lb      s1, -19(t4)
core   0: 3 0x8000c17c (0xfede8483) x 9 0x00000000 mem 0x80015eb1
core   0: 0x8000c180 (0x039e8f03) lb      t5, 57(t4)
core   0: 3 0x8000c180 (0x039e8f03) x30 0x00000000 mem 0x80015efd
core   0: 0x8000c184 (0x01d7e8b3) or      a7, a5, t4
core   0: 3 0x8000c184 (0x01d7e8b3) x17 0x80015edc
core   0: 0x8000c188 (0xfe7e9d23) sh      t2, -6(t4)
core   0: 3 0x8000c188 (0xfe7e9d23) mem 0x80015ebe 0x0001
core   0: 0x8000c18c (0x030e9d83) lh      s11, 48(t4)
core   0: 3 0x8000c18c (0x030e9d83) x27 0x00000000 mem 0x80015ef4
core   0: 0x8000c190 (0x002e86a3) sb      sp, 13(t4)
core   0: 3 0x8000c190 (0x002e86a3) mem 0x80015ed1 0x38
core   0: 0x8000c194 (0x016973b3) and     t2, s2, s6
core   0: 3 0x8000c194 (0x016973b3) x 7 0x00000000
core   0: 0x8000c198 (0x019ec183) lbu     gp, 25(t4)
core   0: 3 0x8000c198 (0x019ec183) x 3 0x000000fc mem 0x80015edd
core   0: 0x8000c19c (0x001ec983) lbu     s3, 1(t4)
core   0: 3 0x8000c19c (0x001ec983) x19 0x00000000 mem 0x80015ec5
core   0: 0x8000c1a0 (0x01ea4433) xor     s0, s4, t5
core   0: 3 0x8000c1a0 (0x01ea4433) x 8 0xfffffc82
core   0: 0x8000c1a4 (0x03fec583) lbu     a1, 63(t4)
core   0: 3 0x8000c1a4 (0x03fec583) x11 0x00000000 mem 0x80015f03
core   0: 0x8000c1a8 (0x00a41793) slli    a5, s0, 10
core   0: 3 0x8000c1a8 (0x00a41793) x15 0xfff20800
core   0: 0x8000c1ac (0xfe9ec403) lbu     s0, -23(t4)
core   0: 3 0x8000c1ac (0xfe9ec403) x 8 0x00000000 mem 0x80015ead
core   0: 0x8000c1b0 (0xfd3ec703) lbu     a4, -45(t4)
core   0: 3 0x8000c1b0 (0xfd3ec703) x14 0x00000000 mem 0x80015e97
core   0: 0x8000c1b4 (0x00be9323) sh      a1, 6(t4)
core   0: 3 0x8000c1b4 (0x00be9323) mem 0x80015eca 0x0000
core   0: 0x8000c1b8 (0x00009d17) auipc   s10, 0x9
core   0: 3 0x8000c1b8 (0x00009d17) x26 0x800151b8
core   0: 0x8000c1bc (0x1a7d0d13) addi    s10, s10, 423
core   0: 3 0x8000c1bc (0x1a7d0d13) x26 0x8001535f
core   0: 0x8000c1c0 (0x0000a417) auipc   s0, 0xa
core   0: 3 0x8000c1c0 (0x0000a417) x 8 0x800161c0
core   0: 0x8000c1c4 (0x84540413) addi    s0, s0, -1979
core   0: 3 0x8000c1c4 (0x84540413) x 8 0x80015a05
core   0: 0x8000c1c8 (0x017d0583) lb      a1, 23(s10)
core   0: 3 0x8000c1c8 (0x017d0583) x11 0x00000001 mem 0x80015376
core   0: 0x8000c1cc (0x00009317) auipc   t1, 0x9
core   0: 3 0x8000c1cc (0x00009317) x 6 0x800151cc
core   0: 0x8000c1d0 (0x32330313) addi    t1, t1, 803
core   0: 3 0x8000c1d0 (0x32330313) x 6 0x800154ef
core   0: 0x8000c1d4 (0xff532d83) lw      s11, -11(t1)
core   0: 3 0x8000c1d4 (0xff532d83) x27 0x00000000 mem 0x800154e4
core   0: 0x8000c1d8 (0x00009717) auipc   a4, 0x9
core   0: 3 0x8000c1d8 (0x00009717) x14 0x800151d8
core   0: 0x8000c1dc (0x50670713) addi    a4, a4, 1286
core   0: 3 0x8000c1dc (0x50670713) x14 0x800156de
core   0: 0x8000c1e0 (0xfc634b03) lbu     s6, -58(t1)
core   0: 3 0x8000c1e0 (0xfc634b03) x22 0x00000000 mem 0x800154b5
core   0: 0x8000c1e4 (0xff6d0903) lb      s2, -10(s10)
core   0: 3 0x8000c1e4 (0xff6d0903) x18 0x00000000 mem 0x80015355
core   0: 0x8000c1e8 (0x038d4f83) lbu     t6, 56(s10)
core   0: 3 0x8000c1e8 (0x038d4f83) x31 0x00000000 mem 0x80015397
core   0: 0x8000c1ec (0xfd034483) lbu     s1, -48(t1)
core   0: 3 0x8000c1ec (0xfd034483) x 9 0x0000005e mem 0x800154bf
core   0: 0x8000c1f0 (0x03e72383) lw      t2, 62(a4)
core   0: 3 0x8000c1f0 (0x03e72383) x 7 0x00000000 mem 0x8001571c
core   0: 0x8000c1f4 (0xfe0d0123) sb      zero, -30(s10)
core   0: 3 0x8000c1f4 (0xfe0d0123) mem 0x80015341 0x0
core   0: 0x8000c1f8 (0x08470da3) sb      tp, 155(a4)
core   0: 3 0x8000c1f8 (0x08470da3) mem 0x80015779 0x0
core   0: 0x8000c1fc (0xfd145983) lhu     s3, -47(s0)
core   0: 3 0x8000c1fc (0xfd145983) x19 0x00000000 mem 0x800159d6
core   0: 0x8000c200 (0x04675d83) lhu     s11, 70(a4)
core   0: 3 0x8000c200 (0x04675d83) x27 0x00000000 mem 0x80015724
core   0: 0x8000c204 (0x003d5f83) lhu     t6, 3(s10)
core   0: 3 0x8000c204 (0x003d5f83) x31 0x00000000 mem 0x80015362
core   0: 0x8000c208 (0xfdf40e23) sb      t6, -36(s0)
core   0: 3 0x8000c208 (0xfdf40e23) mem 0x800159e1 0x0
core   0: 0x8000c20c (0xfc0d0423) sb      zero, -56(s10)
core   0: 3 0x8000c20c (0xfc0d0423) mem 0x80015327 0x0
core   0: 0x8000c210 (0xf41703a3) sb      ra, -185(a4)
core   0: 3 0x8000c210 (0xf41703a3) mem 0x80015625 0x1
core   0: 0x8000c214 (0xff434203) lbu     tp, -12(t1)
core   0: 3 0x8000c214 (0xff434203) x 4 0x00000000 mem 0x800154e3
core   0: 0x8000c218 (0x002d4c83) lbu     s9, 2(s10)
core   0: 3 0x8000c218 (0x002d4c83) x25 0x00000000 mem 0x80015361
core   0: 0x8000c21c (0xfd530983) lb      s3, -43(t1)
core   0: 3 0x8000c21c (0xfd530983) x19 0x00000000 mem 0x800154c4
core   0: 0x8000c220 (0xfcc40623) sb      a2, -52(s0)
core   0: 3 0x8000c220 (0xfcc40623) mem 0x800159d1 0x0
core   0: 0x8000c224 (0x00345203) lhu     tp, 3(s0)
core   0: 3 0x8000c224 (0x00345203) x 4 0x00000000 mem 0x80015a08
core   0: 0x8000c228 (0x00fd4383) lbu     t2, 15(s10)
core   0: 3 0x8000c228 (0x00fd4383) x 7 0x000000b4 mem 0x8001536e
core   0: 0x8000c22c (0xffb41da3) sh      s11, -5(s0)
core   0: 3 0x8000c22c (0xffb41da3) mem 0x80015a00 0x0000
core   0: 0x8000c230 (0x02dd4383) lbu     t2, 45(s10)
core   0: 3 0x8000c230 (0x02dd4383) x 7 0x00000000 mem 0x8001538c
core   0: 0x8000c234 (0xfd7301a3) sb      s7, -61(t1)
core   0: 3 0x8000c234 (0xfd7301a3) mem 0x800154b2 0xb3
core   0: 0x8000c238 (0x03531083) lh      ra, 53(t1)
core   0: 3 0x8000c238 (0x03531083) x 1 0x00000000 mem 0x80015524
core   0: 0x8000c23c (0xfdd70c83) lb      s9, -35(a4)
core   0: 3 0x8000c23c (0xfdd70c83) x25 0x00000000 mem 0x800156bb
core   0: 0x8000c240 (0x00013d97) auipc   s11, 0x13
core   0: 3 0x8000c240 (0x00013d97) x27 0x8001f240
core   0: 0x8000c244 (0xd0ed8d93) addi    s11, s11, -754
core   0: 3 0x8000c244 (0xd0ed8d93) x27 0x8001ef4e
core   0: 0x8000c248 (0x028d9f03) lh      t5, 40(s11)
core   0: 3 0x8000c248 (0x028d9f03) x30 0x00000000 mem 0x8001ef76
core   0: 0x8000c24c (0x4172df33) sra     t5, t0, s7
core   0: 3 0x8000c24c (0x4172df33) x30 0x00000000
core   0: 0x8000c250 (0x028d8423) sb      s0, 40(s11)
core   0: 3 0x8000c250 (0x028d8423) mem 0x8001ef76 0x5
core   0: 0x8000c254 (0x028dd083) lhu     ra, 40(s11)
core   0: 3 0x8000c254 (0x028dd083) x 1 0x00000005 mem 0x8001ef76
core   0: 0x8000c258 (0x028dc883) lbu     a7, 40(s11)
core   0: 3 0x8000c258 (0x028dc883) x17 0x00000005 mem 0x8001ef76
core   0: 0x8000c25c (0x028dd283) lhu     t0, 40(s11)
core   0: 3 0x8000c25c (0x028dd283) x 5 0x00000005 mem 0x8001ef76
core   0: 0x8000c260 (0x00e242b3) xor     t0, tp, a4
core   0: 3 0x8000c260 (0x00e242b3) x 5 0x800156de
core   0: 0x8000c264 (0x028dc603) lbu     a2, 40(s11)
core   0: 3 0x8000c264 (0x028dc603) x12 0x00000005 mem 0x8001ef76
core   0: 0x8000c268 (0x028d9423) sh      s0, 40(s11)
core   0: 3 0x8000c268 (0x028d9423) mem 0x8001ef76 0x5a05
core   0: 0x8000c26c (0x028dca83) lbu     s5, 40(s11)
core   0: 3 0x8000c26c (0x028dca83) x21 0x00000005 mem 0x8001ef76
core   0: 0x8000c270 (0x028d9003) lh      zero, 40(s11)
core   0: 3 0x8000c270 (0x028d9003) mem 0x8001ef76
core   0: 0x8000c274 (0xfdcd8a83) lb      s5, -36(s11)
core   0: 3 0x8000c274 (0xfdcd8a83) x21 0x00000000 mem 0x8001ef2a
core   0: 0x8000c278 (0xfdcdd983) lhu     s3, -36(s11)
core   0: 3 0x8000c278 (0xfdcdd983) x19 0x00000000 mem 0x8001ef2a
core   0: 0x8000c27c (0xfdcdc683) lbu     a3, -36(s11)
core   0: 3 0x8000c27c (0xfdcdc683) x13 0x00000000 mem 0x8001ef2a
core   0: 0x8000c280 (0xfc4d9e23) sh      tp, -36(s11)
core   0: 3 0x8000c280 (0xfc4d9e23) mem 0x8001ef2a 0x0000
core   0: 0x8000c284 (0xfd8d9e23) sh      s8, -36(s11)
core   0: 3 0x8000c284 (0xfd8d9e23) mem 0x8001ef2a 0x012e
core   0: 0x8000c288 (0xfdcd8283) lb      t0, -36(s11)
core   0: 3 0x8000c288 (0xfdcd8283) x 5 0x0000002e mem 0x8001ef2a
core   0: 0x8000c28c (0xfd1d8e23) sb      a7, -36(s11)
core   0: 3 0x8000c28c (0xfd1d8e23) mem 0x8001ef2a 0x5
core   0: 0x8000c290 (0xfdcd9e83) lh      t4, -36(s11)
core   0: 3 0x8000c290 (0xfdcd9e83) x29 0x00000105 mem 0x8001ef2a
core   0: 0x8000c294 (0xfddd9e23) sh      t4, -36(s11)
core   0: 3 0x8000c294 (0xfddd9e23) mem 0x8001ef2a 0x0105
core   0: 0x8000c298 (0xfced8e23) sb      a4, -36(s11)
core   0: 3 0x8000c298 (0xfced8e23) mem 0x8001ef2a 0xde
core   0: 0x8000c29c (0x00011297) auipc   t0, 0x11
core   0: 3 0x8000c29c (0x00011297) x 5 0x8001d29c
core   0: 0x8000c2a0 (0x7d028293) addi    t0, t0, 2000
core   0: 3 0x8000c2a0 (0x7d028293) x 5 0x8001da6c
core   0: 0x8000c2a4 (0x3f77c193) xori    gp, a5, 1015
core   0: 3 0x8000c2a4 (0x3f77c193) x 3 0xfff20bf7
core   0: 0x8000c2a8 (0x00e281a3) sb      a4, 3(t0)
core   0: 3 0x8000c2a8 (0x00e281a3) mem 0x8001da6f 0xde
core   0: 0x8000c2ac (0x0ec29c83) lh      s9, 236(t0)
core   0: 3 0x8000c2ac (0x0ec29c83) x25 0x00000000 mem 0x8001db58
core   0: 0x8000c2b0 (0x0ec2d803) lhu     a6, 236(t0)
core   0: 3 0x8000c2b0 (0x0ec2d803) x16 0x00000000 mem 0x8001db58
core   0: 0x8000c2b4 (0x006c9993) slli    s3, s9, 6
core   0: 3 0x8000c2b4 (0x006c9993) x19 0x00000000
core   0: 0x8000c2b8 (0x08b28a23) sb      a1, 148(t0)
core   0: 3 0x8000c2b8 (0x08b28a23) mem 0x8001db00 0x1
core   0: 0x8000c2bc (0xf472c383) lbu     t2, -185(t0)
core   0: 3 0x8000c2bc (0xf472c383) x 7 0x00000000 mem 0x8001d9b3
core   0: 0x8000c2c0 (0xf9e280a3) sb      t5, -127(t0)
core   0: 3 0x8000c2c0 (0xf9e280a3) mem 0x8001d9ed 0x0
core   0: 0x8000c2c4 (0xf8128603) lb      a2, -127(t0)
core   0: 3 0x8000c2c4 (0xf8128603) x12 0x00000000 mem 0x8001d9ed
core   0: 0x8000c2c8 (0xfd3282a3) sb      s3, -59(t0)
core   0: 3 0x8000c2c8 (0xfd3282a3) mem 0x8001da31 0x0
core   0: 0x8000c2cc (0x68dcf193) andi    gp, s9, 1677
core   0: 3 0x8000c2cc (0x68dcf193) x 3 0x00000000
core   0: 0x8000c2d0 (0x0a02c203) lbu     tp, 160(t0)
core   0: 3 0x8000c2d0 (0x0a02c203) x 4 0x00000000 mem 0x8001db0c
core   0: 0x8000c2d4 (0xf2228d03) lb      s10, -222(t0)
core   0: 3 0x8000c2d4 (0xf2228d03) x26 0x00000000 mem 0x8001d98e
core   0: 0x8000c2d8 (0x0000dc97) auipc   s9, 0xd
core   0: 3 0x8000c2d8 (0x0000dc97) x25 0x800192d8
core   0: 0x8000c2dc (0xd06c8c93) addi    s9, s9, -762
core   0: 3 0x8000c2dc (0xd06c8c93) x25 0x80018fde
core   0: 0x8000c2e0 (0x017c9923) sh      s7, 18(s9)
core   0: 3 0x8000c2e0 (0x017c9923) mem 0x80018ff0 0xaab3
core   0: 0x8000c2e4 (0x00000013) nop
core   0: 3 0x8000c2e4 (0x00000013)
core   0: 0x8000c2e8 (0x60a40493) addi    s1, s0, 1546
core   0: 3 0x8000c2e8 (0x60a40493) x 9 0x8001600f
core   0: 0x8000c2ec (0xfecc8ca3) sb      a2, -7(s9)
core   0: 3 0x8000c2ec (0xfecc8ca3) mem 0x80018fd7 0x0
core   0: 0x8000c2f0 (0x013e8c33) add     s8, t4, s3
core   0: 3 0x8000c2f0 (0x013e8c33) x24 0x00000105
core   0: 0x8000c2f4 (0xfd2c8da3) sb      s2, -37(s9)
core   0: 3 0x8000c2f4 (0xfd2c8da3) mem 0x80018fb9 0x0
core   0: 0x8000c2f8 (0x01735d13) srli    s10, t1, 23
core   0: 3 0x8000c2f8 (0x01735d13) x26 0x00000100
core   0: 0x8000c2fc (0x01bd7233) and     tp, s10, s11
core   0: 3 0x8000c2fc (0x01bd7233) x 4 0x00000100
core   0: 0x8000c300 (0xfd5c8823) sb      s5, -48(s9)
core   0: 3 0x8000c300 (0xfd5c8823) mem 0x80018fae 0x0
core   0: 0x8000c304 (0x4b55cd13) xori    s10, a1, 1205
core   0: 3 0x8000c304 (0x4b55cd13) x26 0x000004b4
core   0: 0x8000c308 (0x000eaa33) slt     s4, t4, zero
core   0: 3 0x8000c308 (0x000eaa33) x20 0x00000000
core   0: 0x8000c30c (0xfefc8723) sb      a5, -18(s9)
core   0: 3 0x8000c30c (0xfefc8723) mem 0x80018fcc 0x0
core   0: 0x8000c310 (0x41e1d8b3) sra     a7, gp, t5
core   0: 3 0x8000c310 (0x41e1d8b3) x17 0x00000000
core   0: 0x8000c314 (0x243ba837) lui     a6, 0x243ba
core   0: 3 0x8000c314 (0x243ba837) x16 0x243ba000
core   0: 0x8000c318 (0x46442693) slti    a3, s0, 1124
core   0: 3 0x8000c318 (0x46442693) x13 0x00000001
core   0: 0x8000c31c (0x00bd5a33) srl     s4, s10, a1
core   0: 3 0x8000c31c (0x00bd5a33) x20 0x0000025a
core   0: 0x8000c320 (0x011c9023) sh      a7, 0(s9)
core   0: 3 0x8000c320 (0x011c9023) mem 0x80018fde 0x0000
core   0: 0x8000c324 (0x01d6deb3) srl     t4, a3, t4
core   0: 3 0x8000c324 (0x01d6deb3) x29 0x00000000
core   0: 0x8000c328 (0x030c8303) lb      t1, 48(s9)
core   0: 3 0x8000c328 (0x030c8303) x 6 0x00000000 mem 0x8001900e
core   0: 0x8000c32c (0x014e4333) xor     t1, t3, s4
core   0: 3 0x8000c32c (0x014e4333) x 6 0x0000025b
core   0: 0x8000c330 (0xd3debb37) lui     s6, 0xd3deb
core   0: 3 0x8000c330 (0xd3debb37) x22 0xd3deb000
core   0: 0x8000c334 (0xfd2c8303) lb      t1, -46(s9)
core   0: 3 0x8000c334 (0xfd2c8303) x 6 0x00000000 mem 0x80018fb0
core   0: 0x8000c338 (0xc3506693) ori     a3, zero, -971
core   0: 3 0x8000c338 (0xc3506693) x13 0xfffffc35
core   0: 0x8000c33c (0x0ff0000f) fence   iorw,iorw
core   0: 3 0x8000c33c (0x0ff0000f)
core   0: 0x8000c340 (0xfcec8c23) sb      a4, -40(s9)
core   0: 3 0x8000c340 (0xfcec8c23) mem 0x80018fb6 0xde
core   0: 0x8000c344 (0x009a8433) add     s0, s5, s1
core   0: 3 0x8000c344 (0x009a8433) x 8 0x8001600f
core   0: 0x8000c348 (0x01bc8c03) lb      s8, 27(s9)
core   0: 3 0x8000c348 (0x01bc8c03) x24 0x00000000 mem 0x80018ff9
core   0: 0x8000c34c (0x01dc8d03) lb      s10, 29(s9)
core   0: 3 0x8000c34c (0x01dc8d03) x26 0x00000000 mem 0x80018ffb
core   0: 0x8000c350 (0x002cdf83) lhu     t6, 2(s9)
core   0: 3 0x8000c350 (0x002cdf83) x31 0x00000000 mem 0x80018fe0
core   0: 0x8000c354 (0x052f3893) sltiu   a7, t5, 82
core   0: 3 0x8000c354 (0x052f3893) x17 0x00000001
core   0: 0x8000c358 (0x01ab63b3) or      t2, s6, s10
core   0: 3 0x8000c358 (0x01ab63b3) x 7 0xd3deb000
core   0: 0x8000c35c (0x022c8ba3) sb      sp, 55(s9)
core   0: 3 0x8000c35c (0x022c8ba3) mem 0x80019015 0x38
core   0: 0x8000c360 (0x00d26d33) or      s10, tp, a3
core   0: 3 0x8000c360 (0x00d26d33) x26 0xfffffd35
core   0: 0x8000c364 (0x411edb33) sra     s6, t4, a7
core   0: 3 0x8000c364 (0x411edb33) x22 0x00000000
core   0: 0x8000c368 (0x40615733) sra     a4, sp, t1
core   0: 3 0x8000c368 (0x40615733) x14 0x8002ae38
core   0: 0x8000c36c (0xff8c8a83) lb      s5, -8(s9)
core   0: 3 0x8000c36c (0xff8c8a83) x21 0x00000000 mem 0x80018fd6
core   0: 0x8000c370 (0xfd3cc583) lbu     a1, -45(s9)
core   0: 3 0x8000c370 (0xfd3cc583) x11 0x00000000 mem 0x80018fb1
core   0: 0x8000c374 (0xfc0c9403) lh      s0, -64(s9)
core   0: 3 0x8000c374 (0xfc0c9403) x 8 0x00000000 mem 0x80018f9e
core   0: 0x8000c378 (0x3c3c8337) lui     t1, 0x3c3c8
core   0: 3 0x8000c378 (0x3c3c8337) x 6 0x3c3c8000
core   0: 0x8000c37c (0xfd2ca603) lw      a2, -46(s9)
core   0: 3 0x8000c37c (0xfd2ca603) x12 0x00000000 mem 0x80018fb0
core   0: 0x8000c380 (0x00dc84a3) sb      a3, 9(s9)
core   0: 3 0x8000c380 (0x00dc84a3) mem 0x80018fe7 0x35
core   0: 0x8000c384 (0x037c8903) lb      s2, 55(s9)
core   0: 3 0x8000c384 (0x037c8903) x18 0x00000038 mem 0x80019015
core   0: 0x8000c388 (0x03fc83a3) sb      t6, 39(s9)
core   0: 3 0x8000c388 (0x03fc83a3) mem 0x80019005 0x0
core   0: 0x8000c38c (0x000c81a3) sb      zero, 3(s9)
core   0: 3 0x8000c38c (0x000c81a3) mem 0x80018fe1 0x0
core   0: 0x8000c390 (0x0091eab3) or      s5, gp, s1
core   0: 3 0x8000c390 (0x0091eab3) x21 0x8001600f
core   0: 0x8000c394 (0x41b780b3) sub     ra, a5, s11
core   0: 3 0x8000c394 (0x41b780b3) x 1 0x7ff018b2
core   0: 0x8000c398 (0xff0c9683) lh      a3, -16(s9)
core   0: 3 0x8000c398 (0xff0c9683) x13 0x00000000 mem 0x80018fce
core   0: 0x8000c39c (0x0000100f) fence.i
core   0: 3 0x8000c39c (0x0000100f)
core   0: 0x8000c3a0 (0xf8f4b913) sltiu   s2, s1, -113
core   0: 3 0x8000c3a0 (0xf8f4b913) x18 0x00000001
core   0: 0x8000c3a4 (0x0052c1b3) xor     gp, t0, t0
core   0: 3 0x8000c3a4 (0x0052c1b3) x 3 0x00000000
core   0: 0x8000c3a8 (0x023ccd03) lbu     s10, 35(s9)
core   0: 3 0x8000c3a8 (0x023ccd03) x26 0x00000000 mem 0x80019001
core   0: 0x8000c3ac (0x00009797) auipc   a5, 0x9
core   0: 3 0x8000c3ac (0x00009797) x15 0x800153ac
core   0: 0x8000c3b0 (0xf0d78793) addi    a5, a5, -243
core   0: 3 0x8000c3b0 (0xf0d78793) x15 0x800152b9
core   0: 0x8000c3b4 (0x71179483) lh      s1, 1809(a5)
core   0: 3 0x8000c3b4 (0x71179483) x 9 0x00000000 mem 0x800159ca
core   0: 0x8000c3b8 (0x1f57da03) lhu     s4, 501(a5)
core   0: 3 0x8000c3b8 (0x1f57da03) x20 0x00000000 mem 0x800154ae
core   0: 0x8000c3bc (0x02c78d83) lb      s11, 44(a5)
core   0: 3 0x8000c3bc (0x02c78d83) x27 0x00000000 mem 0x800152e5
core   0: 0x8000c3c0 (0x409086b3) sub     a3, ra, s1
core   0: 3 0x8000c3c0 (0x409086b3) x13 0x7ff018b2
core   0: 0x8000c3c4 (0x7fe78f03) lb      t5, 2046(a5)
core   0: 3 0x8000c3c4 (0x7fe78f03) x30 0x00000064 mem 0x80015ab7
core   0: 0x8000c3c8 (0x03d782a3) sb      t4, 37(a5)
core   0: 3 0x8000c3c8 (0x03d782a3) mem 0x800152de 0x0
core   0: 0x8000c3cc (0x3b33ba93) sltiu   s5, t2, 947
core   0: 3 0x8000c3cc (0x3b33ba93) x21 0x00000000
core   0: 0x8000c3d0 (0x7d97d303) lhu     t1, 2009(a5)
core   0: 3 0x8000c3d0 (0x7d97d303) x 6 0x00000000 mem 0x80015a92
core   0: 0x8000c3d4 (0x9d7150b7) lui     ra, 0x9d715
core   0: 3 0x8000c3d4 (0x9d7150b7) x 1 0x9d715000
core   0: 0x8000c3d8 (0x09cfaf13) slti    t5, t6, 156
core   0: 3 0x8000c3d8 (0x09cfaf13) x30 0x00000001
core   0: 0x8000c3dc (0x7a578c23) sb      t0, 1976(a5)
core   0: 3 0x8000c3dc (0x7a578c23) mem 0x80015a71 0x6c
core   0: 0x8000c3e0 (0x7c37a583) lw      a1, 1987(a5)
core   0: 3 0x8000c3e0 (0x7c37a583) x11 0x00000000 mem 0x80015a7c
core   0: 0x8000c3e4 (0x769795a3) sh      s1, 1899(a5)
core   0: 3 0x8000c3e4 (0x769795a3) mem 0x80015a24 0x0000
core   0: 0x8000c3e8 (0x0537a9a3) sw      s3, 83(a5)
core   0: 3 0x8000c3e8 (0x0537a9a3) mem 0x8001530c 0x00000000
core   0: 0x8000c3ec (0x6387c703) lbu     a4, 1592(a5)
core   0: 3 0x8000c3ec (0x6387c703) x14 0x00000000 mem 0x800158f1
core   0: 0x8000c3f0 (0x014a4eb3) xor     t4, s4, s4
core   0: 3 0x8000c3f0 (0x014a4eb3) x29 0x00000000
core   0: 0x8000c3f4 (0x10578803) lb      a6, 261(a5)
core   0: 3 0x8000c3f4 (0x10578803) x16 0xffffffad mem 0x800153be
core   0: 0x8000c3f8 (0x5c379603) lh      a2, 1475(a5)
core   0: 3 0x8000c3f8 (0x5c379603) x12 0x00000000 mem 0x8001587c
core   0: 0x8000c3fc (0x27878a03) lb      s4, 632(a5)
core   0: 3 0x8000c3fc (0x27878a03) x20 0x00000000 mem 0x80015531
core   0: 0x8000c400 (0xffa78983) lb      s3, -6(a5)
core   0: 3 0x8000c400 (0xffa78983) x19 0x00000000 mem 0x800152b3
core   0: 0x8000c404 (0x0ff0000f) fence   iorw,iorw
core   0: 3 0x8000c404 (0x0ff0000f)
core   0: 0x8000c408 (0xe4778d23) sb      t2, -422(a5)
core   0: 3 0x8000c408 (0xe4778d23) mem 0x80015113 0x0
core   0: 0x8000c40c (0x0139e333) or      t1, s3, s3
core   0: 3 0x8000c40c (0x0139e333) x 6 0x00000000
core   0: 0x8000c410 (0x4e17d003) lhu     zero, 1249(a5)
core   0: 3 0x8000c410 (0x4e17d003) mem 0x8001579a
core   0: 0x8000c414 (0x0cf79183) lh      gp, 207(a5)
core   0: 3 0x8000c414 (0x0cf79183) x 3 0xffffb300 mem 0x80015388
core   0: 0x8000c418 (0x4f27cb03) lbu     s6, 1266(a5)
core   0: 3 0x8000c418 (0x4f27cb03) x22 0x00000000 mem 0x800157ab
core   0: 0x8000c41c (0x0b97d083) lhu     ra, 185(a5)
core   0: 3 0x8000c41c (0x0b97d083) x 1 0x00000000 mem 0x80015372
core   0: 0x8000c420 (0x013d5fb3) srl     t6, s10, s3
core   0: 3 0x8000c420 (0x013d5fb3) x31 0x00000000
core   0: 0x8000c424 (0x41495413) srai    s0, s2, 20
core   0: 3 0x8000c424 (0x41495413) x 8 0x00000000
core   0: 0x8000c428 (0x014072b3) and     t0, zero, s4
core   0: 3 0x8000c428 (0x014072b3) x 5 0x00000000
core   0: 0x8000c42c (0xe9579d83) lh      s11, -363(a5)
core   0: 3 0x8000c42c (0xe9579d83) x27 0x00001100 mem 0x8001514e
core   0: 0x8000c430 (0x1077c483) lbu     s1, 263(a5)
core   0: 3 0x8000c430 (0x1077c483) x 9 0x00000000 mem 0x800153c0
core   0: 0x8000c434 (0x002869b3) or      s3, a6, sp
core   0: 3 0x8000c434 (0x002869b3) x19 0xffffffbd
core   0: 0x8000c438 (0x7727ca83) lbu     s5, 1906(a5)
core   0: 3 0x8000c438 (0x7727ca83) x21 0x00000000 mem 0x80015a2b
core   0: 0x8000c43c (0x17978da3) sb      s9, 379(a5)
core   0: 3 0x8000c43c (0x17978da3) mem 0x80015434 0xde
core   0: 0x8000c440 (0x01e188b3) add     a7, gp, t5
core   0: 3 0x8000c440 (0x01e188b3) x17 0xffffb301
core   0: 0x8000c444 (0x00979d83) lh      s11, 9(a5)
core   0: 3 0x8000c444 (0x00979d83) x27 0x00000000 mem 0x800152c2
core   0: 0x8000c448 (0x00009097) auipc   ra, 0x9
core   0: 3 0x8000c448 (0x00009097) x 1 0x80015448
core   0: 0x8000c44c (0x03d08093) addi    ra, ra, 61
core   0: 3 0x8000c44c (0x03d08093) x 1 0x80015485
core   0: 0x8000c450 (0xfe908b23) sb      s1, -10(ra)
core   0: 3 0x8000c450 (0xfe908b23) mem 0x8001547b 0x0
core   0: 0x8000c454 (0xfe10afa3) sw      ra, -1(ra)
core   0: 3 0x8000c454 (0xfe10afa3) mem 0x80015484 0x80015485
core   0: 0x8000c458 (0x00c0ca03) lbu     s4, 12(ra)
core   0: 3 0x8000c458 (0x00c0ca03) x20 0x00000000 mem 0x80015491
core   0: 0x8000c45c (0x006cd713) srli    a4, s9, 6
core   0: 3 0x8000c45c (0x006cd713) x14 0x0200063f
core   0: 0x8000c460 (0x00408a83) lb      s5, 4(ra)
core   0: 3 0x8000c460 (0x00408a83) x21 0x00000000 mem 0x80015489
core   0: 0x8000c464 (0xffc08c03) lb      s8, -4(ra)
core   0: 3 0x8000c464 (0xffc08c03) x24 0xffffffae mem 0x80015481
core   0: 0x8000c468 (0xab7b3013) sltiu   zero, s6, -1353
core   0: 3 0x8000c468 (0xab7b3013)
core   0: 0x8000c46c (0x01a25193) srli    gp, tp, 26
core   0: 3 0x8000c46c (0x01a25193) x 3 0x00000000
core   0: 0x8000c470 (0x40fd5a33) sra     s4, s10, a5
core   0: 3 0x8000c470 (0x40fd5a33) x20 0x00000000
core   0: 0x8000c474 (0x00408c03) lb      s8, 4(ra)
core   0: 3 0x8000c474 (0x00408c03) x24 0x00000000 mem 0x80015489
core   0: 0x8000c478 (0x00d08183) lb      gp, 13(ra)
core   0: 3 0x8000c478 (0x00d08183) x 3 0xffffff94 mem 0x80015492
core   0: 0x8000c47c (0x00908123) sb      s1, 2(ra)
core   0: 3 0x8000c47c (0x00908123) mem 0x80015487 0x0
core   0: 0x8000c480 (0x00408783) lb      a5, 4(ra)
core   0: 3 0x8000c480 (0x00408783) x15 0x00000000 mem 0x80015489
core   0: 0x8000c484 (0xff40ce03) lbu     t3, -12(ra)
core   0: 3 0x8000c484 (0xff40ce03) x28 0x00000001 mem 0x80015479
core   0: 0x8000c488 (0x00508523) sb      t0, 10(ra)
core   0: 3 0x8000c488 (0x00508523) mem 0x8001548f 0x0
core   0: 0x8000c48c (0x01241793) slli    a5, s0, 18
core   0: 3 0x8000c48c (0x01241793) x15 0x00000000
core   0: 0x8000c490 (0x00708603) lb      a2, 7(ra)
core   0: 3 0x8000c490 (0x00708603) x12 0x00000000 mem 0x8001548c
core   0: 0x8000c494 (0xff608403) lb      s0, -10(ra)
core   0: 3 0x8000c494 (0xff608403) x 8 0x00000000 mem 0x8001547b
core   0: 0x8000c498 (0x00a88ab3) add     s5, a7, a0
core   0: 3 0x8000c498 (0x00a88ab3) x21 0x80029fe5
core   0: 0x8000c49c (0x410cd6b3) sra     a3, s9, a6
core   0: 3 0x8000c49c (0x410cd6b3) x13 0xfffc000c
core   0: 0x8000c4a0 (0xfe808ea3) sb      s0, -3(ra)
core   0: 3 0x8000c4a0 (0xfe808ea3) mem 0x80015482 0x0
core   0: 0x8000c4a4 (0x00000013) nop
core   0: 3 0x8000c4a4 (0x00000013)
core   0: 0x8000c4a8 (0x624b4993) xori    s3, s6, 1572
core   0: 3 0x8000c4a8 (0x624b4993) x19 0x00000624
core   0: 0x8000c4ac (0xfe40ada3) sw      tp, -5(ra)
core   0: 3 0x8000c4ac (0xfe40ada3) mem 0x80015480 0x00000100
core   0: 0x8000c4b0 (0xff80c403) lbu     s0, -8(ra)
core   0: 3 0x8000c4b0 (0xff80c403) x 8 0x00000000 mem 0x8001547d
core   0: 0x8000c4b4 (0xff109203) lh      tp, -15(ra)
core   0: 3 0x8000c4b4 (0xff109203) x 4 0x00000000 mem 0x80015476
core   0: 0x8000c4b8 (0x00c08e03) lb      t3, 12(ra)
core   0: 3 0x8000c4b8 (0x00c08e03) x28 0x00000000 mem 0x80015491
core   0: 0x8000c4bc (0x011a8e33) add     t3, s5, a7
core   0: 3 0x8000c4bc (0x011a8e33) x28 0x800252e6
core   0: 0x8000c4c0 (0x00508f83) lb      t6, 5(ra)
core   0: 3 0x8000c4c0 (0x00508f83) x31 0xffffff9c mem 0x8001548a
core   0: 0x8000c4c4 (0x007bd293) srli    t0, s7, 7
core   0: 3 0x8000c4c4 (0x007bd293) x 5 0x01a3dd55
core   0: 0x8000c4c8 (0x45237f37) lui     t5, 0x45237
core   0: 3 0x8000c4c8 (0x45237f37) x30 0x45237000
core   0: 0x8000c4cc (0xff208d23) sb      s2, -6(ra)
core   0: 3 0x8000c4cc (0xff208d23) mem 0x8001547f 0x1
core   0: 0x8000c4d0 (0x68fa7013) andi    zero, s4, 1679
core   0: 3 0x8000c4d0 (0x68fa7013)
core   0: 0x8000c4d4 (0x01c2cb33) xor     s6, t0, t3
core   0: 3 0x8000c4d4 (0x01c2cb33) x22 0x81a18fb3
core   0: 0x8000c4d8 (0x64e3ca93) xori    s5, t2, 1614
core   0: 3 0x8000c4d8 (0x64e3ca93) x21 0xd3deb64e
core   0: 0x8000c4dc (0x0070dc93) srli    s9, ra, 7
core   0: 3 0x8000c4dc (0x0070dc93) x25 0x010002a9
core   0: 0x8000c4e0 (0x0000100f) fence.i
core   0: 3 0x8000c4e0 (0x0000100f)
core   0: 0x8000c4e4 (0x01148333) add     t1, s1, a7
core   0: 3 0x8000c4e4 (0x01148333) x 6 0xffffb301
core   0: 0x8000c4e8 (0x0246dc63) bge     a3, tp, pc + 56
core   0: 3 0x8000c4e8 (0x0246dc63)
core   0: 0x8000c4ec (0x05b56063) bltu    a0, s11, pc + 64
core   0: 3 0x8000c4ec (0x05b56063)
core   0: 0x8000c4f0 (0x0453e663) bltu    t2, t0, pc + 76
core   0: 3 0x8000c4f0 (0x0453e663)
core   0: 0x8000c4f4 (0x005d3ab3) sltu    s5, s10, t0
core   0: 3 0x8000c4f4 (0x005d3ab3) x21 0x00000001
core   0: 0x8000c4f8 (0x0275f863) bgeu    a1, t2, pc + 48
core   0: 3 0x8000c4f8 (0x0275f863)
core   0: 0x8000c4fc (0x00289693) slli    a3, a7, 2
core   0: 3 0x8000c4fc (0x00289693) x13 0xfffecc04
core   0: 0x8000c500 (0x005875b3) and     a1, a6, t0
core   0: 3 0x8000c500 (0x005875b3) x11 0x01a3dd05
core   0: 0x8000c504 (0x0ff0000f) fence   iorw,iorw
core   0: 3 0x8000c504 (0x0ff0000f)
core   0: 0x8000c508 (0x4155d613) srai    a2, a1, 21
core   0: 3 0x8000c508 (0x4155d613) x12 0x0000000d
core   0: 0x8000c50c (0x011463b3) or      t2, s0, a7
core   0: 3 0x8000c50c (0x011463b3) x 7 0xffffb301
core   0: 0x8000c510 (0x01eadcb3) srl     s9, s5, t5
core   0: 3 0x8000c510 (0x01eadcb3) x25 0x00000001
core   0: 0x8000c514 (0x005c5e33) srl     t3, s8, t0
core   0: 3 0x8000c514 (0x005c5e33) x28 0x00000000
core   0: 0x8000c518 (0x000c41b3) xor     gp, s8, zero
core   0: 3 0x8000c518 (0x000c41b3) x 3 0x00000000
core   0: 0x8000c51c (0x004e8a63) beq     t4, tp, pc + 20
core   0: 3 0x8000c51c (0x004e8a63)
core   0: 0x8000c530 (0x034f6263) bltu    t5, s4, pc + 36
core   0: 3 0x8000c530 (0x034f6263)
core   0: 0x8000c534 (0x9ce23cb7) lui     s9, 0x9ce23
core   0: 3 0x8000c534 (0x9ce23cb7) x25 0x9ce23000
core   0: 0x8000c538 (0x57382697) auipc   a3, 0x57382
core   0: 3 0x8000c538 (0x57382697) x13 0xd738e538
core   0: 0x8000c53c (0x5f8f3d37) lui     s10, 0x5f8f3
core   0: 3 0x8000c53c (0x5f8f3d37) x26 0x5f8f3000
core   0: 0x8000c540 (0x0295c263) blt     a1, s1, pc + 36
core   0: 3 0x8000c540 (0x0295c263)
core   0: 0x8000c544 (0x00407eb3) and     t4, zero, tp
core   0: 3 0x8000c544 (0x00407eb3) x29 0x00000000
core   0: 0x8000c548 (0x01a6f663) bgeu    a3, s10, pc + 12
core   0: 3 0x8000c548 (0x01a6f663)
core   0: 0x8000c554 (0x005a21b3) slt     gp, s4, t0
core   0: 3 0x8000c554 (0x005a21b3) x 3 0x00000001
core   0: 0x8000c558 (0x4109db13) srai    s6, s3, 16
core   0: 3 0x8000c558 (0x4109db13) x22 0x00000000
core   0: 0x8000c55c (0x400c08b3) sub     a7, s8, zero
core   0: 3 0x8000c55c (0x400c08b3) x17 0x00000000
core   0: 0x8000c560 (0x02439063) bne     t2, tp, pc + 32
core   0: 3 0x8000c560 (0x02439063)
core   0: 0x8000c580 (0x04c89263) bne     a7, a2, pc + 68
core   0: 3 0x8000c580 (0x04c89263)
core   0: 0x8000c5c4 (0x01d59fb3) sll     t6, a1, t4
core   0: 3 0x8000c5c4 (0x01d59fb3) x31 0x01a3dd05
core   0: 0x8000c5c8 (0x41d15193) srai    gp, sp, 29
core   0: 3 0x8000c5c8 (0x41d15193) x 3 0xfffffffc
core   0: 0x8000c5cc (0x00000013) nop
core   0: 3 0x8000c5cc (0x00000013)
core   0: 0x8000c5d0 (0x03fd6263) bltu    s10, t6, pc + 36
core   0: 3 0x8000c5d0 (0x03fd6263)
core   0: 0x8000c5d4 (0x01b81a93) slli    s5, a6, 27
core   0: 3 0x8000c5d4 (0x01b81a93) x21 0x68000000
core   0: 0x8000c5d8 (0x00d99463) bne     s3, a3, pc + 8
core   0: 3 0x8000c5d8 (0x00d99463)
core   0: 0x8000c5e0 (0x565e31b7) lui     gp, 0x565e3
core   0: 3 0x8000c5e0 (0x565e31b7) x 3 0x565e3000
core   0: 0x8000c5e4 (0xf4622c93) slti    s9, tp, -186
core   0: 3 0x8000c5e4 (0xf4622c93) x25 0x00000000
core   0: 0x8000c5e8 (0x001437b3) sltu    a5, s0, ra
core   0: 3 0x8000c5e8 (0x001437b3) x15 0x00000001
core   0: 0x8000c5ec (0x8073fa93) andi    s5, t2, -2041
core   0: 3 0x8000c5ec (0x8073fa93) x21 0xffffb001
core   0: 0x8000c5f0 (0x40e85e13) srai    t3, a6, 14
core   0: 3 0x8000c5f0 (0x40e85e13) x28 0xffffffff
core   0: 0x8000c5f4 (0x01ce42b3) xor     t0, t3, t3
core   0: 3 0x8000c5f4 (0x01ce42b3) x 5 0x00000000
core   0: 0x8000c5f8 (0x00b8bdb3) sltu    s11, a7, a1
core   0: 3 0x8000c5f8 (0x00b8bdb3) x27 0x00000001
core   0: 0x8000c5fc (0x01f7d393) srli    t2, a5, 31
core   0: 3 0x8000c5fc (0x01f7d393) x 7 0x00000000
core   0: 0x8000c600 (0x8aa27193) andi    gp, tp, -1878
core   0: 3 0x8000c600 (0x8aa27193) x 3 0x00000000
core   0: 0x8000c604 (0x04b64663) blt     a2, a1, pc + 76
core   0: 3 0x8000c604 (0x04b64663)
core   0: 0x8000c650 (0xa3510213) addi    tp, sp, -1483
core   0: 3 0x8000c650 (0xa3510213) x 4 0x8002a86d
core   0: 0x8000c654 (0x2ff7e193) ori     gp, a5, 767
core   0: 3 0x8000c654 (0x2ff7e193) x 3 0x000002ff
core   0: 0x8000c658 (0x41120433) sub     s0, tp, a7
core   0: 3 0x8000c658 (0x41120433) x 8 0x8002a86d
core   0: 0x8000c65c (0x00e97463) bgeu    s2, a4, pc + 8
core   0: 3 0x8000c65c (0x00e97463)
core   0: 0x8000c660 (0x00948233) add     tp, s1, s1
core   0: 3 0x8000c660 (0x00948233) x 4 0x00000000
core   0: 0x8000c664 (0x00489793) slli    a5, a7, 4
core   0: 3 0x8000c664 (0x00489793) x15 0x00000000
core   0: 0x8000c668 (0x01d07fb3) and     t6, zero, t4
core   0: 3 0x8000c668 (0x01d07fb3) x31 0x00000000
core   0: 0x8000c66c (0x011c5f13) srli    t5, s8, 17
core   0: 3 0x8000c66c (0x011c5f13) x30 0x00000000
core   0: 0x8000c670 (0x0ff0000f) fence   iorw,iorw
core   0: 3 0x8000c670 (0x0ff0000f)
core   0: 0x8000c674 (0x00e01fb3) sll     t6, zero, a4
core   0: 3 0x8000c674 (0x00e01fb3) x31 0x00000000
core   0: 0x8000c678 (0x3c584d93) xori    s11, a6, 965
core   0: 3 0x8000c678 (0x3c584d93) x27 0xfffffc68
core   0: 0x8000c67c (0x40168933) sub     s2, a3, ra
core   0: 3 0x8000c67c (0x40168933) x18 0x573790b3
core   0: 0x8000c680 (0x00da4c63) blt     s4, a3, pc + 24
core   0: 3 0x8000c680 (0x00da4c63)
core   0: 0x8000c684 (0x01de0933) add     s2, t3, t4
core   0: 3 0x8000c684 (0x01de0933) x18 0xffffffff
core   0: 0x8000c688 (0x56ede013) ori     zero, s11, 1390
core   0: 3 0x8000c688 (0x56ede013)
core   0: 0x8000c68c (0x0092cd33) xor     s10, t0, s1
core   0: 3 0x8000c68c (0x0092cd33) x26 0x00000000
core   0: 0x8000c690 (0xc413a593) slti    a1, t2, -959
core   0: 3 0x8000c690 (0xc413a593) x11 0x00000000
core   0: 0x8000c694 (0xd43d3713) sltiu   a4, s10, -701
core   0: 3 0x8000c694 (0xd43d3713) x14 0x00000001
core   0: 0x8000c698 (0x41e1d313) srai    t1, gp, 30
core   0: 3 0x8000c698 (0x41e1d313) x 6 0x00000000
core   0: 0x8000c69c (0x35467613) andi    a2, a2, 852
core   0: 3 0x8000c69c (0x35467613) x12 0x00000004
core   0: 0x8000c6a0 (0x011ffa33) and     s4, t6, a7
core   0: 3 0x8000c6a0 (0x011ffa33) x20 0x00000000
core   0: 0x8000c6a4 (0x00354033) xor     zero, a0, gp
core   0: 3 0x8000c6a4 (0x00354033)
core   0: 0x8000c6a8 (0x6cb04313) xori    t1, zero, 1739
core   0: 3 0x8000c6a8 (0x6cb04313) x 6 0x000006cb
core   0: 0x8000c6ac (0x00b722b3) slt     t0, a4, a1
core   0: 3 0x8000c6ac (0x00b722b3) x 5 0x00000000
core   0: 0x8000c6b0 (0x0000100f) fence.i
core   0: 3 0x8000c6b0 (0x0000100f)
core   0: 0x8000c6b4 (0x006d2233) slt     tp, s10, t1
core   0: 3 0x8000c6b4 (0x006d2233) x 4 0x00000001
core   0: 0x8000c6b8 (0x00fa61b3) or      gp, s4, a5
core   0: 3 0x8000c6b8 (0x00fa61b3) x 3 0x00000000
core   0: 0x8000c6bc (0x40430f33) sub     t5, t1, tp
core   0: 3 0x8000c6bc (0x40430f33) x30 0x000006ca
core   0: 0x8000c6c0 (0x8287cf93) xori    t6, a5, -2008
core   0: 3 0x8000c6c0 (0x8287cf93) x31 0xfffff828
core   0: 0x8000c6c4 (0x00d9c833) xor     a6, s3, a3
core   0: 3 0x8000c6c4 (0x00d9c833) x16 0xd738e31c
core   0: 0x8000c6c8 (0x25166213) ori     tp, a2, 593
core   0: 3 0x8000c6c8 (0x25166213) x 4 0x00000255
core   0: 0x8000c6cc (0x347f2a13) slti    s4, t5, 839
core   0: 3 0x8000c6cc (0x347f2a13) x20 0x00000000
core   0: 0x8000c6d0 (0x01aed993) srli    s3, t4, 26
core   0: 3 0x8000c6d0 (0x01aed993) x19 0x00000000
core   0: 0x8000c6d4 (0x002bce33) xor     t3, s7, sp
core   0: 3 0x8000c6d4 (0x002bce33) x28 0x51ec048b
core   0: 0x8000c6d8 (0x01e0adb3) slt     s11, ra, t5
core   0: 3 0x8000c6d8 (0x01e0adb3) x27 0x00000001
core   0: 0x8000c6dc (0x9f23ae93) slti    t4, t2, -1550
core   0: 3 0x8000c6dc (0x9f23ae93) x29 0x00000000
core   0: 0x8000c6e0 (0xe71ff213) andi    tp, t6, -399
core   0: 3 0x8000c6e0 (0xe71ff213) x 4 0xfffff820
core   0: 0x8000c6e4 (0x00000013) nop
core   0: 3 0x8000c6e4 (0x00000013)
core   0: 0x8000c6e8 (0xf8288637) lui     a2, 0xf8288
core   0: 3 0x8000c6e8 (0xf8288637) x12 0xf8288000
core   0: 0x8000c6ec (0x41a3d033) sra     zero, t2, s10
core   0: 3 0x8000c6ec (0x41a3d033)
core   0: 0x8000c6f0 (0x002b9463) bne     s7, sp, pc + 8
core   0: 3 0x8000c6f0 (0x002b9463)
core   0: 0x8000c6f8 (0x019d35b3) sltu    a1, s10, s9
core   0: 3 0x8000c6f8 (0x019d35b3) x11 0x00000000
core   0: 0x8000c6fc (0x00d497b3) sll     a5, s1, a3
core   0: 3 0x8000c6fc (0x00d497b3) x15 0x00000000
core   0: 0x8000c700 (0x0ff0000f) fence   iorw,iorw
core   0: 3 0x8000c700 (0x0ff0000f)
core   0: 0x8000c704 (0x281c4593) xori    a1, s8, 641
core   0: 3 0x8000c704 (0x281c4593) x11 0x00000281
core   0: 0x8000c708 (0x0000100f) fence.i
core   0: 3 0x8000c708 (0x0000100f)
core   0: 0x8000c70c (0x01cfda63) bge     t6, t3, pc + 20
core   0: 3 0x8000c70c (0x01cfda63)
core   0: 0x8000c710 (0xccb9e793) ori     a5, s3, -821
core   0: 3 0x8000c710 (0xccb9e793) x15 0xfffffccb
core   0: 0x8000c714 (0x6b06c397) auipc   t2, 0x6b06c
core   0: 3 0x8000c714 (0x6b06c397) x 7 0xeb078714
core   0: 0x8000c718 (0x00ad2333) slt     t1, s10, a0
core   0: 3 0x8000c718 (0x00ad2333) x 6 0x00000000
core   0: 0x8000c71c (0x01461613) slli    a2, a2, 20
core   0: 3 0x8000c71c (0x01461613) x12 0x00000000
core   0: 0x8000c720 (0x00b0fcb3) and     s9, ra, a1
core   0: 3 0x8000c720 (0x00b0fcb3) x25 0x00000081
core   0: 0x8000c724 (0x0000100f) fence.i
core   0: 3 0x8000c724 (0x0000100f)
core   0: 0x8000c728 (0x76ed8d93) addi    s11, s11, 1902
core   0: 3 0x8000c728 (0x76ed8d93) x27 0x0000076f
core   0: 0x8000c72c (0x4108d193) srai    gp, a7, 16
core   0: 3 0x8000c72c (0x4108d193) x 3 0x00000000
core   0: 0x8000c730 (0x03ec7263) bgeu    s8, t5, pc + 36
core   0: 3 0x8000c730 (0x03ec7263)
core   0: 0x8000c734 (0x7a97c213) xori    tp, a5, 1961
core   0: 3 0x8000c734 (0x7a97c213) x 4 0xfffffb62
core   0: 0x8000c738 (0xf4ff7e93) andi    t4, t5, -177
core   0: 3 0x8000c738 (0xf4ff7e93) x29 0x0000064a
core   0: 0x8000c73c (0x4095da13) srai    s4, a1, 9
core   0: 3 0x8000c73c (0x4095da13) x20 0x00000001
core   0: 0x8000c740 (0x027b8a63) beq     s7, t2, pc + 52
core   0: 3 0x8000c740 (0x027b8a63)
core   0: 0x8000c744 (0x00957433) and     s0, a0, s1
core   0: 3 0x8000c744 (0x00957433) x 8 0x00000000
core   0: 0x8000c748 (0xeb766813) ori     a6, a2, -329
core   0: 3 0x8000c748 (0xeb766813) x16 0xfffffeb7
core   0: 0x8000c74c (0x00000013) nop
core   0: 3 0x8000c74c (0x00000013)
core   0: 0x8000c750 (0x484f3797) auipc   a5, 0x484f3
core   0: 3 0x8000c750 (0x484f3797) x15 0xc84ff750
core   0: 0x8000c754 (0x019c2db3) slt     s11, s8, s9
core   0: 3 0x8000c754 (0x019c2db3) x27 0x00000001
core   0: 0x8000c758 (0x361f6f93) ori     t6, t5, 865
core   0: 3 0x8000c758 (0x361f6f93) x31 0x000007eb
core   0: 0x8000c75c (0x0ff0000f) fence   iorw,iorw
core   0: 3 0x8000c75c (0x0ff0000f)
core   0: 0x8000c760 (0x01ca1463) bne     s4, t3, pc + 8
core   0: 3 0x8000c760 (0x01ca1463)
core   0: 0x8000c768 (0x012a6c63) bltu    s4, s2, pc + 24
core   0: 3 0x8000c768 (0x012a6c63)
core   0: 0x8000c780 (0x01574e33) xor     t3, a4, s5
core   0: 3 0x8000c780 (0x01574e33) x28 0xffffb000
core   0: 0x8000c784 (0x0000100f) fence.i
core   0: 3 0x8000c784 (0x0000100f)
core   0: 0x8000c788 (0x02801263) bne     zero, s0, pc + 36
core   0: 3 0x8000c788 (0x02801263)
core   0: 0x8000c78c (0x041dc663) blt     s11, ra, pc + 76
core   0: 3 0x8000c78c (0x041dc663)
core   0: 0x8000c790 (0x022fea63) bltu    t6, sp, pc + 52
core   0: 3 0x8000c790 (0x022fea63)
core   0: 0x8000c7c4 (0x0000100f) fence.i
core   0: 3 0x8000c7c4 (0x0000100f)
core   0: 0x8000c7c8 (0x008e3733) sltu    a4, t3, s0
core   0: 3 0x8000c7c8 (0x008e3733) x14 0x00000000
core   0: 0x8000c7cc (0x04de0263) beq     t3, a3, pc + 68
core   0: 3 0x8000c7cc (0x04de0263)
core   0: 0x8000c7d0 (0x41565e33) sra     t3, a2, s5
core   0: 3 0x8000c7d0 (0x41565e33) x28 0x00000000
core   0: 0x8000c7d4 (0xa32aa013) slti    zero, s5, -1486
core   0: 3 0x8000c7d4 (0xa32aa013)
core   0: 0x8000c7d8 (0x03e35c63) bge     t1, t5, pc + 56
core   0: 3 0x8000c7d8 (0x03e35c63)
core   0: 0x8000c7dc (0x00000013) nop
core   0: 3 0x8000c7dc (0x00000013)
core   0: 0x8000c7e0 (0xa7e2ba93) sltiu   s5, t0, -1410
core   0: 3 0x8000c7e0 (0xa7e2ba93) x21 0x00000001
core   0: 0x8000c7e4 (0x4cfafc13) andi    s8, s5, 1231
core   0: 3 0x8000c7e4 (0x4cfafc13) x24 0x00000001
core   0: 0x8000c7e8 (0x4763be13) sltiu   t3, t2, 1142
core   0: 3 0x8000c7e8 (0x4763be13) x28 0x00000000
core   0: 0x8000c7ec (0x021e1e63) bne     t3, ra, pc + 60
core   0: 3 0x8000c7ec (0x021e1e63)
core   0: 0x8000c828 (0x41bb5d13) srai    s10, s6, 27
core   0: 3 0x8000c828 (0x41bb5d13) x26 0x00000000
core   0: 0x8000c82c (0x00da54b3) srl     s1, s4, a3
core   0: 3 0x8000c82c (0x00da54b3) x 9 0x00000000
core   0: 0x8000c830 (0x05387663) bgeu    a6, s3, pc + 76
core   0: 3 0x8000c830 (0x05387663)
core   0: 0x8000c87c (0xe5e0b913) sltiu   s2, ra, -418
core   0: 3 0x8000c87c (0xe5e0b913) x18 0x00000001
core   0: 0x8000c880 (0x00251b33) sll     s6, a0, sp
core   0: 3 0x8000c880 (0x00251b33) x22 0xe4000000
core   0: 0x8000c884 (0x4165bd13) sltiu   s10, a1, 1046
core   0: 3 0x8000c884 (0x4165bd13) x26 0x00000001
core   0: 0x8000c888 (0x05b85663) bge     a6, s11, pc + 76
core   0: 3 0x8000c888 (0x05b85663)
core   0: 0x8000c88c (0x012ef833) and     a6, t4, s2
core   0: 3 0x8000c88c (0x012ef833) x16 0x00000000
core   0: 0x8000c890 (0x015ced33) or      s10, s9, s5
core   0: 3 0x8000c890 (0x015ced33) x26 0x00000081
core   0: 0x8000c894 (0x414989b3) sub     s3, s3, s4
core   0: 3 0x8000c894 (0x414989b3) x19 0xffffffff
core   0: 0x8000c898 (0x40e50933) sub     s2, a0, a4
core   0: 3 0x8000c898 (0x40e50933) x18 0x8002ece4
core   0: 0x8000c89c (0x2bfa1097) auipc   ra, 0x2bfa1
core   0: 3 0x8000c89c (0x2bfa1097) x 1 0xabfad89c
core   0: 0x8000c8a0 (0x00c4dc33) srl     s8, s1, a2
core   0: 3 0x8000c8a0 (0x00c4dc33) x24 0x00000000
core   0: 0x8000c8a4 (0x00ba3cb3) sltu    s9, s4, a1
core   0: 3 0x8000c8a4 (0x00ba3cb3) x25 0x00000001
core   0: 0x8000c8a8 (0x00873433) sltu    s0, a4, s0
core   0: 3 0x8000c8a8 (0x00873433) x 8 0x00000000
core   0: 0x8000c8ac (0x000bc1b3) xor     gp, s7, zero
core   0: 3 0x8000c8ac (0x000bc1b3) x 3 0xd1eeaab3
core   0: 0x8000c8b0 (0x01dc9393) slli    t2, s9, 29
core   0: 3 0x8000c8b0 (0x01dc9393) x 7 0x20000000
core   0: 0x8000c8b4 (0x4adfc0b7) lui     ra, 0x4adfc
core   0: 3 0x8000c8b4 (0x4adfc0b7) x 1 0x4adfc000
core   0: 0x8000c8b8 (0x00d4bab3) sltu    s5, s1, a3
core   0: 3 0x8000c8b8 (0x00d4bab3) x21 0x00000001
core   0: 0x8000c8bc (0x05877063) bgeu    a4, s8, pc + 64
core   0: 3 0x8000c8bc (0x05877063)
core   0: 0x8000c8fc (0x3ec76693) ori     a3, a4, 1004
core   0: 3 0x8000c8fc (0x3ec76693) x13 0x000003ec
core   0: 0x8000c900 (0x014d7f33) and     t5, s10, s4
core   0: 3 0x8000c900 (0x014d7f33) x30 0x00000001
core   0: 0x8000c904 (0x00886f33) or      t5, a6, s0
core   0: 3 0x8000c904 (0x00886f33) x30 0x00000000
core   0: 0x8000c908 (0x905cc1b7) lui     gp, 0x905cc
core   0: 3 0x8000c908 (0x905cc1b7) x 3 0x905cc000
core   0: 0x8000c90c (0x0ff0000f) fence   iorw,iorw
core   0: 3 0x8000c90c (0x0ff0000f)
core   0: 0x8000c910 (0x00971813) slli    a6, a4, 9
core   0: 3 0x8000c910 (0x00971813) x16 0x00000000
core   0: 0x8000c914 (0x97db2393) slti    t2, s6, -1667
core   0: 3 0x8000c914 (0x97db2393) x 7 0x00000001
core   0: 0x8000c918 (0x017807b3) add     a5, a6, s7
core   0: 3 0x8000c918 (0x017807b3) x15 0xd1eeaab3
core   0: 0x8000c91c (0x05cfd663) bge     t6, t3, pc + 76
core   0: 3 0x8000c91c (0x05cfd663)
core   0: 0x8000c968 (0x00c802b3) add     t0, a6, a2
core   0: 3 0x8000c968 (0x00c802b3) x 5 0x00000000
core   0: 0x8000c96c (0x00c362b3) or      t0, t1, a2
core   0: 3 0x8000c96c (0x00c362b3) x 5 0x00000000
core   0: 0x8000c970 (0x40135413) srai    s0, t1, 1
core   0: 3 0x8000c970 (0x40135413) x 8 0x00000000
core   0: 0x8000c974 (0x00e8e663) bltu    a7, a4, pc + 12
core   0: 3 0x8000c974 (0x00e8e663)
core   0: 0x8000c978 (0xc0c32493) slti    s1, t1, -1012
core   0: 3 0x8000c978 (0xc0c32493) x 9 0x00000000
core   0: 0x8000c97c (0x01419993) slli    s3, gp, 20
core   0: 3 0x8000c97c (0x01419993) x19 0x00000000
core   0: 0x8000c980 (0x419d5893) srai    a7, s10, 25
core   0: 3 0x8000c980 (0x419d5893) x17 0x00000000
core   0: 0x8000c984 (0x8da7b813) sltiu   a6, a5, -1830
core   0: 3 0x8000c984 (0x8da7b813) x16 0x00000001
core   0: 0x8000c988 (0x74054693) xori    a3, a0, 1856
core   0: 3 0x8000c988 (0x74054693) x13 0x8002eba4
core   0: 0x8000c98c (0x090b9c63) bne     s7, a6, pc + 152
core   0: 3 0x8000c98c (0x090b9c63)
core   0: 0x8000ca24 (0x03fde263) bltu    s11, t6, pc + 36
core   0: 3 0x8000ca24 (0x03fde263)
core   0: 0x8000ca48 (0x00b06e33) or      t3, zero, a1
core   0: 3 0x8000ca48 (0x00b06e33) x28 0x00000281
core   0: 0x8000ca4c (0x006e4eb3) xor     t4, t3, t1
core   0: 3 0x8000ca4c (0x006e4eb3) x29 0x00000281
core   0: 0x8000ca50 (0x00e80033) add     zero, a6, a4
core   0: 3 0x8000ca50 (0x00e80033)
core   0: 0x8000ca54 (0x00e45293) srli    t0, s0, 14
core   0: 3 0x8000ca54 (0x00e45293) x 5 0x00000000
core   0: 0x8000ca58 (0x00ed37b3) sltu    a5, s10, a4
core   0: 3 0x8000ca58 (0x00ed37b3) x15 0x00000000
core   0: 0x8000ca5c (0x0283c263) blt     t2, s0, pc + 36
core   0: 3 0x8000ca5c (0x0283c263)
core   0: 0x8000ca60 (0xc3237593) andi    a1, t1, -974
core   0: 3 0x8000ca60 (0xc3237593) x11 0x00000000
core   0: 0x8000ca64 (0x2351ba13) sltiu   s4, gp, 565
core   0: 3 0x8000ca64 (0x2351ba13) x20 0x00000000
core   0: 0x8000ca68 (0x0052a7b3) slt     a5, t0, t0
core   0: 3 0x8000ca68 (0x0052a7b3) x15 0x00000000
core   0: 0x8000ca6c (0x0000100f) fence.i
core   0: 3 0x8000ca6c (0x0000100f)
core   0: 0x8000ca70 (0x90f0c893) xori    a7, ra, -1777
core   0: 3 0x8000ca70 (0x90f0c893) x17 0xb520390f
core   0: 0x8000ca74 (0x00e5b5b3) sltu    a1, a1, a4
core   0: 3 0x8000ca74 (0x00e5b5b3) x11 0x00000000
core   0: 0x8000ca78 (0x01399f93) slli    t6, s3, 19
core   0: 3 0x8000ca78 (0x01399f93) x31 0x00000000
core   0: 0x8000ca7c (0x8f871437) lui     s0, 0x8f871
core   0: 3 0x8000ca7c (0x8f871437) x 8 0x8f871000
core   0: 0x8000ca80 (0x0145fab3) and     s5, a1, s4
core   0: 3 0x8000ca80 (0x0145fab3) x21 0x00000000
core   0: 0x8000ca84 (0x01ba5663) bge     s4, s11, pc + 12
core   0: 3 0x8000ca84 (0x01ba5663)
core   0: 0x8000ca88 (0x05da5663) bge     s4, t4, pc + 76
core   0: 3 0x8000ca88 (0x05da5663)
core   0: 0x8000ca8c (0x3682e693) ori     a3, t0, 872
core   0: 3 0x8000ca8c (0x3682e693) x13 0x00000368
core   0: 0x8000ca90 (0x85d4b813) sltiu   a6, s1, -1955
core   0: 3 0x8000ca90 (0x85d4b813) x16 0x00000001
core   0: 0x8000ca94 (0x0e196d13) ori     s10, s2, 225
core   0: 3 0x8000ca94 (0x0e196d13) x26 0x8002ece5
core   0: 0x8000ca98 (0x06422293) slti    t0, tp, 100
core   0: 3 0x8000ca98 (0x06422293) x 5 0x00000001
core   0: 0x8000ca9c (0x01b38463) beq     t2, s11, pc + 8
core   0: 3 0x8000ca9c (0x01b38463)
core   0: 0x8000caa4 (0x4e19f393) andi    t2, s3, 1249
core   0: 3 0x8000caa4 (0x4e19f393) x 7 0x00000000
core   0: 0x8000caa8 (0x01d9ca33) xor     s4, s3, t4
core   0: 3 0x8000caa8 (0x01d9ca33) x20 0x00000281
core   0: 0x8000caac (0x01245233) srl     tp, s0, s2
core   0: 3 0x8000caac (0x01245233) x 4 0x08f87100
core   0: 0x8000cab0 (0x000fddb3) srl     s11, t6, zero
core   0: 3 0x8000cab0 (0x000fddb3) x27 0x00000000
core   0: 0x8000cab4 (0xaa014f93) xori    t6, sp, -1376
core   0: 3 0x8000cab4 (0xaa014f93) x31 0x7ffd5498
core   0: 0x8000cab8 (0x41fbd7b3) sra     a5, s7, t6
core   0: 3 0x8000cab8 (0x41fbd7b3) x15 0xffffffd1
core   0: 0x8000cabc (0x0393ca63) blt     t2, s9, pc + 52
core   0: 3 0x8000cabc (0x0393ca63)
core   0: 0x8000caf0 (0xde27fc93) andi    s9, a5, -542
core   0: 3 0x8000caf0 (0xde27fc93) x25 0xfffffdc0
core   0: 0x8000caf4 (0x03c87e63) bgeu    a6, t3, pc + 60
core   0: 3 0x8000caf4 (0x03c87e63)
core   0: 0x8000caf8 (0x02b2f663) bgeu    t0, a1, pc + 44
core   0: 3 0x8000caf8 (0x02b2f663)
core   0: 0x8000cb24 (0x5135b193) sltiu   gp, a1, 1299
core   0: 3 0x8000cb24 (0x5135b193) x 3 0x00000001
core   0: 0x8000cb28 (0x61c03437) lui     s0, 0x61c03
core   0: 3 0x8000cb28 (0x61c03437) x 8 0x61c03000
core   0: 0x8000cb2c (0x6c65e437) lui     s0, 0x6c65e
core   0: 3 0x8000cb2c (0x6c65e437) x 8 0x6c65e000
core   0: 0x8000cb30 (0x030dc263) blt     s11, a6, pc + 36
core   0: 3 0x8000cb30 (0x030dc263)
core   0: 0x8000cb54 (0x00087263) bgeu    a6, zero, pc + 4
core   0: 3 0x8000cb54 (0x00087263)
core   0: 0x8000cb58 (0x413cdb13) srai    s6, s9, 19
core   0: 3 0x8000cb58 (0x413cdb13) x22 0xffffffff
core   0: 0x8000cb5c (0x005bd313) srli    t1, s7, 5
core   0: 3 0x8000cb5c (0x005bd313) x 6 0x068f7555
core   0: 0x8000cb60 (0x05e51263) bne     a0, t5, pc + 68
core   0: 3 0x8000cb60 (0x05e51263)
core   0: 0x8000cba4 (0x028b0863) beq     s6, s0, pc + 48
core   0: 3 0x8000cba4 (0x028b0863)
core   0: 0x8000cba8 (0x411206b3) sub     a3, tp, a7
core   0: 3 0x8000cba8 (0x411206b3) x13 0x53d837f1
core   0: 0x8000cbac (0xb366f813) andi    a6, a3, -1226
core   0: 3 0x8000cbac (0xb366f813) x16 0x53d83330
core   0: 0x8000cbb0 (0xb6bf0fb7) lui     t6, 0xb6bf0
core   0: 3 0x8000cbb0 (0xb6bf0fb7) x31 0xb6bf0000
core   0: 0x8000cbb4 (0x41bb8eb3) sub     t4, s7, s11
core   0: 3 0x8000cbb4 (0x41bb8eb3) x29 0xd1eeaab3
core   0: 0x8000cbb8 (0x40cc5013) srai    zero, s8, 12
core   0: 3 0x8000cbb8 (0x40cc5013)
core   0: 0x8000cbbc (0xf9d9c413) xori    s0, s3, -99
core   0: 3 0x8000cbbc (0xf9d9c413) x 8 0xffffff9d
core   0: 0x8000cbc0 (0x004dda63) bge     s11, tp, pc + 20
core   0: 3 0x8000cbc0 (0x004dda63)
core   0: 0x8000cbc4 (0x0095e633) or      a2, a1, s1
core   0: 3 0x8000cbc4 (0x0095e633) x12 0x00000000
core   0: 0x8000cbc8 (0x0261da63) bge     gp, t1, pc + 52
core   0: 3 0x8000cbc8 (0x0261da63)
core   0: 0x8000cbcc (0x0000100f) fence.i
core   0: 3 0x8000cbcc (0x0000100f)
core   0: 0x8000cbd0 (0xf760ed17) auipc   s10, 0xf760e
core   0: 3 0x8000cbd0 (0xf760ed17) x26 0x7761abd0
core   0: 0x8000cbd4 (0x012dea63) bltu    s11, s2, pc + 20
core   0: 3 0x8000cbd4 (0x012dea63)
core   0: 0x8000cbe8 (0x403183b3) sub     t2, gp, gp
core   0: 3 0x8000cbe8 (0x403183b3) x 7 0x00000000
core   0: 0x8000cbec (0x0ff0000f) fence   iorw,iorw
core   0: 3 0x8000cbec (0x0ff0000f)
core   0: 0x8000cbf0 (0x00b2a8b3) slt     a7, t0, a1
core   0: 3 0x8000cbf0 (0x00b2a8b3) x17 0x00000000
core   0: 0x8000cbf4 (0x0322c063) blt     t0, s2, pc + 32
core   0: 3 0x8000cbf4 (0x0322c063)
core   0: 0x8000cbf8 (0x0040d193) srli    gp, ra, 4
core   0: 3 0x8000cbf8 (0x0040d193) x 3 0x04adfc00
core   0: 0x8000cbfc (0x01e97933) and     s2, s2, t5
core   0: 3 0x8000cbfc (0x01e97933) x18 0x00000000
core   0: 0x8000cc00 (0x0000100f) fence.i
core   0: 3 0x8000cc00 (0x0000100f)
core   0: 0x8000cc04 (0x00724663) blt     tp, t2, pc + 12
core   0: 3 0x8000cc04 (0x00724663)
core   0: 0x8000cc08 (0x2a5ffd13) andi    s10, t6, 677
core   0: 3 0x8000cc08 (0x2a5ffd13) x26 0x00000000
core   0: 0x8000cc0c (0xbd9c7f97) auipc   t6, 0xbd9c7
core   0: 3 0x8000cc0c (0xbd9c7f97) x31 0x3d9d3c0c
core   0: 0x8000cc10 (0x00c21ab3) sll     s5, tp, a2
core   0: 3 0x8000cc10 (0x00c21ab3) x21 0x08f87100
core   0: 0x8000cc14 (0x025c0263) beq     s8, t0, pc + 36
core   0: 3 0x8000cc14 (0x025c0263)
core   0: 0x8000cc18 (0x0000100f) fence.i
core   0: 3 0x8000cc18 (0x0000100f)
core   0: 0x8000cc1c (0x06780793) addi    a5, a6, 103
core   0: 3 0x8000cc1c (0x06780793) x15 0x53d83397
core   0: 0x8000cc20 (0x010b3033) sltu    zero, s6, a6
core   0: 3 0x8000cc20 (0x010b3033)
core   0: 0x8000cc24 (0x0000100f) fence.i
core   0: 3 0x8000cc24 (0x0000100f)
core   0: 0x8000cc28 (0x04fd5663) bge     s10, a5, pc + 76
core   0: 3 0x8000cc28 (0x04fd5663)
core   0: 0x8000cc2c (0x00c19fb3) sll     t6, gp, a2
core   0: 3 0x8000cc2c (0x00c19fb3) x31 0x04adfc00
core   0: 0x8000cc30 (0x00a00813) li      a6, 10
core   0: 3 0x8000cc30 (0x00a00813) x16 0x0000000a
core   0: 0x8000cc34 (0x01810333) add     t1, sp, s8
core   0: 3 0x8000cc34 (0x01810333) x 6 0x8002ae38
core   0: 0x8000cc38 (0x00000013) nop
core   0: 3 0x8000cc38 (0x00000013)
core   0: 0x8000cc3c (0x006263b3) or      t2, tp, t1
core   0: 3 0x8000cc3c (0x006263b3) x 7 0x88faff38
core   0: 0x8000cc40 (0x00a11813) slli    a6, sp, 10
core   0: 3 0x8000cc40 (0x00a11813) x16 0x0ab8e000
core   0: 0x8000cc44 (0x40010db3) sub     s11, sp, zero
core   0: 3 0x8000cc44 (0x40010db3) x27 0x8002ae38
core   0: 0x8000cc48 (0x011cffb3) and     t6, s9, a7
core   0: 3 0x8000cc48 (0x011cffb3) x31 0x00000000
core   0: 0x8000cc4c (0x02edc063) blt     s11, a4, pc + 32
core   0: 3 0x8000cc4c (0x02edc063)
core   0: 0x8000cc6c (0x0ff0000f) fence   iorw,iorw
core   0: 3 0x8000cc6c (0x0ff0000f)
core   0: 0x8000cc70 (0x9583ff93) andi    t6, t2, -1704
core   0: 3 0x8000cc70 (0x9583ff93) x31 0x88faf918
core   0: 0x8000cc74 (0xa86fbc97) auipc   s9, 0xa86fb
core   0: 3 0x8000cc74 (0xa86fbc97) x25 0x28707c74
core   0: 0x8000cc78 (0x01c20a63) beq     tp, t3, pc + 20
core   0: 3 0x8000cc78 (0x01c20a63)
core   0: 0x8000cc7c (0x01fbc8b3) xor     a7, s7, t6
core   0: 3 0x8000cc7c (0x01fbc8b3) x17 0x591453ab
core   0: 0x8000cc80 (0x007388b3) add     a7, t2, t2
core   0: 3 0x8000cc80 (0x007388b3) x17 0x11f5fe70
core   0: 0x8000cc84 (0x014a95b3) sll     a1, s5, s4
core   0: 3 0x8000cc84 (0x014a95b3) x11 0x11f0e200
core   0: 0x8000cc88 (0x0000100f) fence.i
core   0: 3 0x8000cc88 (0x0000100f)
core   0: 0x8000cc8c (0x74a47493) andi    s1, s0, 1866
core   0: 3 0x8000cc8c (0x74a47493) x 9 0x00000708
core   0: 0x8000cc90 (0x83dca217) auipc   tp, 0x83dca
core   0: 3 0x8000cc90 (0x83dca217) x 4 0x03dd6c90
core   0: 0x8000cc94 (0x415cd433) sra     s0, s9, s5
core   0: 3 0x8000cc94 (0x415cd433) x 8 0x28707c74
core   0: 0x8000cc98 (0x0454e663) bltu    s1, t0, pc + 76
core   0: 3 0x8000cc98 (0x0454e663)
core   0: 0x8000cc9c (0x0084c463) blt     s1, s0, pc + 8
core   0: 3 0x8000cc9c (0x0084c463)
core   0: 0x8000cca4 (0xcba58193) addi    gp, a1, -838
core   0: 3 0x8000cca4 (0xcba58193) x 3 0x11f0deba
core   0: 0x8000cca8 (0x0000100f) fence.i
core   0: 3 0x8000cca8 (0x0000100f)
core   0: 0x8000ccac (0x018df433) and     s0, s11, s8
core   0: 3 0x8000ccac (0x018df433) x 8 0x00000000
core   0: 0x8000ccb0 (0x046e4263) blt     t3, t1, pc + 68
core   0: 3 0x8000ccb0 (0x046e4263)
core   0: 0x8000ccb4 (0x0109b6b3) sltu    a3, s3, a6
core   0: 3 0x8000ccb4 (0x0109b6b3) x13 0x00000001
core   0: 0x8000ccb8 (0x41c054b3) sra     s1, zero, t3
core   0: 3 0x8000ccb8 (0x41c054b3) x 9 0x00000000
core   0: 0x8000ccbc (0x1636fd13) andi    s10, a3, 355
core   0: 3 0x8000ccbc (0x1636fd13) x26 0x00000001
core   0: 0x8000ccc0 (0x004d51b3) srl     gp, s10, tp
core   0: 3 0x8000ccc0 (0x004d51b3) x 3 0x00000000
core   0: 0x8000ccc4 (0x406f8733) sub     a4, t6, t1
core   0: 3 0x8000ccc4 (0x406f8733) x14 0x08f84ae0
core   0: 0x8000ccc8 (0x00000013) nop
core   0: 3 0x8000ccc8 (0x00000013)
core   0: 0x8000cccc (0x00550a63) beq     a0, t0, pc + 20
core   0: 3 0x8000cccc (0x00550a63)
core   0: 0x8000ccd0 (0x00000013) nop
core   0: 3 0x8000ccd0 (0x00000013)
core   0: 0x8000ccd4 (0x67f3c717) auipc   a4, 0x67f3c
core   0: 3 0x8000ccd4 (0x67f3c717) x14 0xe7f48cd4
core   0: 0x8000ccd8 (0x1a96c013) xori    zero, a3, 425
core   0: 3 0x8000ccd8 (0x1a96c013)
core   0: 0x8000ccdc (0x0ff0000f) fence   iorw,iorw
core   0: 3 0x8000ccdc (0x0ff0000f)
core   0: 0x8000cce0 (0x00b46d33) or      s10, s0, a1
core   0: 3 0x8000cce0 (0x00b46d33) x26 0x11f0e200
core   0: 0x8000cce4 (0x00fd9c33) sll     s8, s11, a5
core   0: 3 0x8000cce4 (0x00fd9c33) x24 0x1c000000
core   0: 0x8000cce8 (0x02216663) bltu    sp, sp, pc + 44
core   0: 3 0x8000cce8 (0x02216663)
core   0: 0x8000ccec (0x11f6bd93) sltiu   s11, a3, 287
core   0: 3 0x8000ccec (0x11f6bd93) x27 0x00000001
core   0: 0x8000ccf0 (0x38513c93) sltiu   s9, sp, 901
core   0: 3 0x8000ccf0 (0x38513c93) x25 0x00000000
core   0: 0x8000ccf4 (0x40fe58b3) sra     a7, t3, a5
core   0: 3 0x8000ccf4 (0x40fe58b3) x17 0x00000000
core   0: 0x8000ccf8 (0x04efd663) bge     t6, a4, pc + 76
core   0: 3 0x8000ccf8 (0x04efd663)
core   0: 0x8000ccfc (0x02784c63) blt     a6, t2, pc + 56
core   0: 3 0x8000ccfc (0x02784c63)
core   0: 0x8000cd00 (0x01fad2b3) srl     t0, s5, t6
core   0: 3 0x8000cd00 (0x01fad2b3) x 5 0x00000008
core   0: 0x8000cd04 (0x0023dd33) srl     s10, t2, sp
core   0: 3 0x8000cd04 (0x0023dd33) x26 0x00000088
core   0: 0x8000cd08 (0x02f30a63) beq     t1, a5, pc + 52
core   0: 3 0x8000cd08 (0x02f30a63)
core   0: 0x8000cd0c (0x018021b3) slt     gp, zero, s8
core   0: 3 0x8000cd0c (0x018021b3) x 3 0x00000001
core   0: 0x8000cd10 (0x0000100f) fence.i
core   0: 3 0x8000cd10 (0x0000100f)
core   0: 0x8000cd14 (0x0ff0000f) fence   iorw,iorw
core   0: 3 0x8000cd14 (0x0ff0000f)
core   0: 0x8000cd18 (0x1dbea713) slti    a4, t4, 475
core   0: 3 0x8000cd18 (0x1dbea713) x14 0x00000001
core   0: 0x8000cd1c (0x0000100f) fence.i
core   0: 3 0x8000cd1c (0x0000100f)
core   0: 0x8000cd20 (0x007e5663) bge     t3, t2, pc + 12
core   0: 3 0x8000cd20 (0x007e5663)
core   0: 0x8000cd2c (0x0000100f) fence.i
core   0: 3 0x8000cd2c (0x0000100f)
core   0: 0x8000cd30 (0x40995fb3) sra     t6, s2, s1
core   0: 3 0x8000cd30 (0x40995fb3) x31 0x00000000
core   0: 0x8000cd34 (0x8d752793) slti    a5, a0, -1833
core   0: 3 0x8000cd34 (0x8d752793) x15 0x00000001
core   0: 0x8000cd38 (0x00c1d913) srli    s2, gp, 12
core   0: 3 0x8000cd38 (0x00c1d913) x18 0x00000000
core   0: 0x8000cd3c (0x0133b5b3) sltu    a1, t2, s3
core   0: 3 0x8000cd3c (0x0133b5b3) x11 0x00000000
core   0: 0x8000cd40 (0x006ff463) bgeu    t6, t1, pc + 8
core   0: 3 0x8000cd40 (0x006ff463)
core   0: 0x8000cd44 (0x3a016413) ori     s0, sp, 928
core   0: 3 0x8000cd44 (0x3a016413) x 8 0x8002afb8
core   0: 0x8000cd48 (0x003fc3b3) xor     t2, t6, gp
core   0: 3 0x8000cd48 (0x003fc3b3) x 7 0x00000001
core   0: 0x8000cd4c (0x00e7c463) blt     a5, a4, pc + 8
core   0: 3 0x8000cd4c (0x00e7c463)
core   0: 0x8000cd50 (0x00b85593) srli    a1, a6, 11
core   0: 3 0x8000cd50 (0x00b85593) x11 0x0001571c
core   0: 0x8000cd54 (0x00000013) nop
core   0: 3 0x8000cd54 (0x00000013)
core   0: 0x8000cd58 (0x01b99793) slli    a5, s3, 27
core   0: 3 0x8000cd58 (0x01b99793) x15 0x00000000
core   0: 0x8000cd5c (0xeb03f797) auipc   a5, 0xeb03f
core   0: 3 0x8000cd5c (0xeb03f797) x15 0x6b04bd5c
core   0: 0x8000cd60 (0x8fe12793) slti    a5, sp, -1794
core   0: 3 0x8000cd60 (0x8fe12793) x15 0x00000001
core   0: 0x8000cd64 (0x3c7ab017) auipc   zero, 0x3c7ab
core   0: 3 0x8000cd64 (0x3c7ab017)
core   0: 0x8000cd68 (0x018c7c63) bgeu    s8, s8, pc + 24
core   0: 3 0x8000cd68 (0x018c7c63)
core   0: 0x8000cd80 (0x033e9863) bne     t4, s3, pc + 48
core   0: 3 0x8000cd80 (0x033e9863)
core   0: 0x8000cdb0 (0x0ff0000f) fence   iorw,iorw
core   0: 3 0x8000cdb0 (0x0ff0000f)
core   0: 0x8000cdb4 (0xc978f413) andi    s0, a7, -873
core   0: 3 0x8000cdb4 (0xc978f413) x 8 0x00000000
core   0: 0x8000cdb8 (0x00966233) or      tp, a2, s1
core   0: 3 0x8000cdb8 (0x00966233) x 4 0x00000000
core   0: 0x8000cdbc (0x00512ab3) slt     s5, sp, t0
core   0: 3 0x8000cdbc (0x00512ab3) x21 0x00000001
core   0: 0x8000cdc0 (0x00000013) nop
core   0: 3 0x8000cdc0 (0x00000013)
core   0: 0x8000cdc4 (0x012c3a33) sltu    s4, s8, s2
core   0: 3 0x8000cdc4 (0x012c3a33) x20 0x00000000
core   0: 0x8000cdc8 (0x00ba02b3) add     t0, s4, a1
core   0: 3 0x8000cdc8 (0x00ba02b3) x 5 0x0001571c
core   0: 0x8000cdcc (0x41a1dd33) sra     s10, gp, s10
core   0: 3 0x8000cdcc (0x41a1dd33) x26 0x00000000
core   0: 0x8000cdd0 (0x00e4b3b3) sltu    t2, s1, a4
core   0: 3 0x8000cdd0 (0x00e4b3b3) x 7 0x00000001
core   0: 0x8000cdd4 (0x0ff0000f) fence   iorw,iorw
core   0: 3 0x8000cdd4 (0x0ff0000f)
core   0: 0x8000cdd8 (0x00014917) auipc   s2, 0x14
core   0: 3 0x8000cdd8 (0x00014917) x18 0x80020dd8
core   0: 0x8000cddc (0x55c90913) addi    s2, s2, 1372
core   0: 3 0x8000cddc (0x55c90913) x18 0x80021334
core   0: 0x8000cde0 (0xfeb92c23) sw      a1, -8(s2)
core   0: 3 0x8000cde0 (0xfeb92c23) mem 0x8002132c 0x0001571c
core   0: 0x8000cde4 (0xff890a23) sb      s8, -12(s2)
core   0: 3 0x8000cde4 (0xff890a23) mem 0x80021328 0x0
core   0: 0x8000cde8 (0x2c474993) xori    s3, a4, 708
core   0: 3 0x8000cde8 (0x2c474993) x19 0x000002c5
core   0: 0x8000cdec (0xfd990323) sb      s9, -58(s2)
core   0: 3 0x8000cdec (0xfd990323) mem 0x800212fa 0x0
core   0: 0x8000cdf0 (0x32fd3e13) sltiu   t3, s10, 815
core   0: 3 0x8000cdf0 (0x32fd3e13) x28 0x00000001
core   0: 0x8000cdf4 (0x00132c33) slt     s8, t1, ra
core   0: 3 0x8000cdf4 (0x00132c33) x24 0x00000001
core   0: 0x8000cdf8 (0x2aeaae93) slti    t4, s5, 686
core   0: 3 0x8000cdf8 (0x2aeaae93) x29 0x00000001
core   0: 0x8000cdfc (0xfdc91723) sh      t3, -50(s2)
core   0: 3 0x8000cdfc (0xfdc91723) mem 0x80021302 0x0001
core   0: 0x8000ce00 (0x01790883) lb      a7, 23(s2)
core   0: 3 0x8000ce00 (0x01790883) x17 0x00000000 mem 0x8002134b
core   0: 0x8000ce04 (0xfc394683) lbu     a3, -61(s2)
core   0: 3 0x8000ce04 (0xfc394683) x13 0x00000000 mem 0x800212f7
core   0: 0x8000ce08 (0xff990ca3) sb      s9, -7(s2)
core   0: 3 0x8000ce08 (0xff990ca3) mem 0x8002132d 0x0
core   0: 0x8000ce0c (0x55643613) sltiu   a2, s0, 1366
core   0: 3 0x8000ce0c (0x55643613) x12 0x00000001
core   0: 0x8000ce10 (0x02890183) lb      gp, 40(s2)
core   0: 3 0x8000ce10 (0x02890183) x 3 0x00000000 mem 0x8002135c
core   0: 0x8000ce14 (0x40c0d7b3) sra     a5, ra, a2
core   0: 3 0x8000ce14 (0x40c0d7b3) x15 0x256fe000
core   0: 0x8000ce18 (0x03a91383) lh      t2, 58(s2)
core   0: 3 0x8000ce18 (0x03a91383) x 7 0x00000000 mem 0x8002136e
core   0: 0x8000ce1c (0x01e95c03) lhu     s8, 30(s2)
core   0: 3 0x8000ce1c (0x01e95c03) x24 0x00000000 mem 0x80021352
core   0: 0x8000ce20 (0x1b266d13) ori     s10, a2, 434
core   0: 3 0x8000ce20 (0x1b266d13) x26 0x000001b3
core   0: 0x8000ce24 (0x0f2c3493) sltiu   s1, s8, 242
core   0: 3 0x8000ce24 (0x0f2c3493) x 9 0x00000001
core   0: 0x8000ce28 (0x017b22b3) slt     t0, s6, s7
core   0: 3 0x8000ce28 (0x017b22b3) x 5 0x00000000
core   0: 0x8000ce2c (0x00079c33) sll     s8, a5, zero
core   0: 3 0x8000ce2c (0x00079c33) x24 0x256fe000
core   0: 0x8000ce30 (0x222d8393) addi    t2, s11, 546
core   0: 3 0x8000ce30 (0x222d8393) x 7 0x00000223
core   0: 0x8000ce34 (0x40ae06b3) sub     a3, t3, a0
core   0: 3 0x8000ce34 (0x40ae06b3) x13 0x7ffd131d
core   0: 0x8000ce38 (0x400480b3) sub     ra, s1, zero
core   0: 3 0x8000ce38 (0x400480b3) x 1 0x00000001
core   0: 0x8000ce3c (0x40975993) srai    s3, a4, 9
core   0: 3 0x8000ce3c (0x40975993) x19 0x00000000
core   0: 0x8000ce40 (0x402d0ab3) sub     s5, s10, sp
core   0: 3 0x8000ce40 (0x402d0ab3) x21 0x7ffd537b
core   0: 0x8000ce44 (0x01890fa3) sb      s8, 31(s2)
core   0: 3 0x8000ce44 (0x01890fa3) mem 0x80021353 0x0
core   0: 0x8000ce48 (0x007e9a13) slli    s4, t4, 7
core   0: 3 0x8000ce48 (0x007e9a13) x20 0x00000080
core   0: 0x8000ce4c (0xfdc90823) sb      t3, -48(s2)
core   0: 3 0x8000ce4c (0xfdc90823) mem 0x80021304 0x1
core   0: 0x8000ce50 (0x017ede33) srl     t3, t4, s7
core   0: 3 0x8000ce50 (0x017ede33) x28 0x00000000
core   0: 0x8000ce54 (0x03994683) lbu     a3, 57(s2)
core   0: 3 0x8000ce54 (0x03994683) x13 0x00000000 mem 0x8002136d
core   0: 0x8000ce58 (0x03a905a3) sb      s10, 43(s2)
core   0: 3 0x8000ce58 (0x03a905a3) mem 0x8002135f 0xb3
core   0: 0x8000ce5c (0xfe890583) lb      a1, -24(s2)
core   0: 3 0x8000ce5c (0xfe890583) x11 0x00000000 mem 0x8002131c
core   0: 0x8000ce60 (0x01490f23) sb      s4, 30(s2)
core   0: 3 0x8000ce60 (0x01490f23) mem 0x80021352 0x80
core   0: 0x8000ce64 (0xd2736d13) ori     s10, t1, -729
core   0: 3 0x8000ce64 (0xd2736d13) x26 0xffffff3f
core   0: 0x8000ce68 (0xfce95c03) lhu     s8, -50(s2)
core   0: 3 0x8000ce68 (0xfce95c03) x24 0x00000001 mem 0x80021302
core   0: 0x8000ce6c (0x54c04ab7) lui     s5, 0x54c04
core   0: 3 0x8000ce6c (0x54c04ab7) x21 0x54c04000
core   0: 0x8000ce70 (0x31518e17) auipc   t3, 0x31518
core   0: 3 0x8000ce70 (0x31518e17) x28 0xb1524e70
core   0: 0x8000ce74 (0x402bd433) sra     s0, s7, sp
core   0: 3 0x8000ce74 (0x402bd433) x 8 0xffffffd1
core   0: 0x8000ce78 (0x4166dab3) sra     s5, a3, s6
core   0: 3 0x8000ce78 (0x4166dab3) x21 0x00000000
core   0: 0x8000ce7c (0x0162cab3) xor     s5, t0, s6
core   0: 3 0x8000ce7c (0x0162cab3) x21 0xffffffff
core   0: 0x8000ce80 (0x01a21633) sll     a2, tp, s10
core   0: 3 0x8000ce80 (0x01a21633) x12 0x00000000
core   0: 0x8000ce84 (0x0000100f) fence.i
core   0: 3 0x8000ce84 (0x0000100f)
core   0: 0x8000ce88 (0x00df29b3) slt     s3, t5, a3
core   0: 3 0x8000ce88 (0x00df29b3) x19 0x00000000
core   0: 0x8000ce8c (0x004255b3) srl     a1, tp, tp
core   0: 3 0x8000ce8c (0x004255b3) x11 0x00000000
core   0: 0x8000ce90 (0x00c6ff33) and     t5, a3, a2
core   0: 3 0x8000ce90 (0x00c6ff33) x30 0x00000000
core   0: 0x8000ce94 (0x00000013) nop
core   0: 3 0x8000ce94 (0x00000013)
core   0: 0x8000ce98 (0xff095d03) lhu     s10, -16(s2)
core   0: 3 0x8000ce98 (0xff095d03) x26 0x00000000 mem 0x80021324
core   0: 0x8000ce9c (0x011e1633) sll     a2, t3, a7
core   0: 3 0x8000ce9c (0x011e1633) x12 0xb1524e70
core   0: 0x8000cea0 (0xfd294c83) lbu     s9, -46(s2)
core   0: 3 0x8000cea0 (0xfd294c83) x25 0x00000000 mem 0x80021306
core   0: 0x8000cea4 (0x02592a23) sw      t0, 52(s2)
core   0: 3 0x8000cea4 (0x02592a23) mem 0x80021368 0x00000000
core   0: 0x8000cea8 (0x03f67a63) bgeu    a2, t6, pc + 52
core   0: 3 0x8000cea8 (0x03f67a63)
core   0: 0x8000cedc (0x0174b9b3) sltu    s3, s1, s7
core   0: 3 0x8000cedc (0x0174b9b3) x19 0x00000001
core   0: 0x8000cee0 (0x010eba33) sltu    s4, t4, a6
core   0: 3 0x8000cee0 (0x010eba33) x20 0x00000001
core   0: 0x8000cee4 (0x00016e17) auipc   t3, 0x16
core   0: 3 0x8000cee4 (0x00016e17) x28 0x80022ee4
core   0: 0x8000cee8 (0x009e0e13) addi    t3, t3, 9
core   0: 3 0x8000cee8 (0x009e0e13) x28 0x80022eed
core   0: 0x8000ceec (0x072e0623) sb      s2, 108(t3)
core   0: 3 0x8000ceec (0x072e0623) mem 0x80022f59 0x34
core   0: 0x8000cef0 (0xf81e0603) lb      a2, -127(t3)
core   0: 3 0x8000cef0 (0xf81e0603) x12 0x00000000 mem 0x80022e6e
core   0: 0x8000cef4 (0xfd5e0f23) sb      s5, -34(t3)
core   0: 3 0x8000cef4 (0xfd5e0f23) mem 0x80022ecb 0xff
core   0: 0x8000cef8 (0x0f2e0e83) lb      t4, 242(t3)
core   0: 3 0x8000cef8 (0x0f2e0e83) x29 0x00000000 mem 0x80022fdf
core   0: 0x8000cefc (0x0f2e4283) lbu     t0, 242(t3)
core   0: 3 0x8000cefc (0x0f2e4283) x 5 0x00000000 mem 0x80022fdf
core   0: 0x8000cf00 (0xfa5e0603) lb      a2, -91(t3)
core   0: 3 0x8000cf00 (0xfa5e0603) x12 0x00000000 mem 0x80022e92
core   0: 0x8000cf04 (0x45617713) andi    a4, sp, 1110
core   0: 3 0x8000cf04 (0x45617713) x14 0x00000410
core   0: 0x8000cf08 (0xfa5e5283) lhu     t0, -91(t3)
core   0: 3 0x8000cf08 (0xfa5e5283) x 5 0x00000000 mem 0x80022e92
core   0: 0x8000cf0c (0xfffe0a03) lb      s4, -1(t3)
core   0: 3 0x8000cf0c (0xfffe0a03) x20 0x00000000 mem 0x80022eec
core   0: 0x8000cf10 (0x0b5e0383) lb      t2, 181(t3)
core   0: 3 0x8000cf10 (0x0b5e0383) x 7 0x00000000 mem 0x80022fa2
core   0: 0x8000cf14 (0x0a0e0583) lb      a1, 160(t3)
core   0: 3 0x8000cf14 (0x0a0e0583) x11 0x00000000 mem 0x80022f8d
core   0: 0x8000cf18 (0x01ce82b3) add     t0, t4, t3
core   0: 3 0x8000cf18 (0x01ce82b3) x 5 0x80022eed
core   0: 0x8000cf1c (0xfa1e0f23) sb      ra, -66(t3)
core   0: 3 0x8000cf1c (0xfa1e0f23) mem 0x80022eab 0x1
core   0: 0x8000cf20 (0xfbee4803) lbu     a6, -66(t3)
core   0: 3 0x8000cf20 (0xfbee4803) x16 0x00000001 mem 0x80022eab
core   0: 0x8000cf24 (0xfbbe0f23) sb      s11, -66(t3)
core   0: 3 0x8000cf24 (0xfbbe0f23) mem 0x80022eab 0x1
core   0: 0x8000cf28 (0x072e0323) sb      s2, 102(t3)
core   0: 3 0x8000cf28 (0x072e0323) mem 0x80022f53 0x34
core   0: 0x8000cf2c (0xf7de1d83) lh      s11, -131(t3)
core   0: 3 0x8000cf2c (0xf7de1d83) x27 0x00000000 mem 0x80022e6a
core   0: 0x8000cf30 (0xf34e4003) lbu     zero, -204(t3)
core   0: 3 0x8000cf30 (0xf34e4003) mem 0x80022e21
core   0: 0x8000cf34 (0xf34e0483) lb      s1, -204(t3)
core   0: 3 0x8000cf34 (0xf34e0483) x 9 0x00000000 mem 0x80022e21
core   0: 0x8000cf38 (0xf20e0a23) sb      zero, -204(t3)
core   0: 3 0x8000cf38 (0xf20e0a23) mem 0x80022e21 0x0
core   0: 0x8000cf3c (0x0aae19a3) sh      a0, 179(t3)
core   0: 3 0x8000cf3c (0x0aae19a3) mem 0x80022fa0 0xece4
core   0: 0x8000cf40 (0x4cde0a37) lui     s4, 0x4cde0
core   0: 3 0x8000cf40 (0x4cde0a37) x20 0x4cde0000
core   0: 0x8000cf44 (0x0b4e09a3) sb      s4, 179(t3)
core   0: 3 0x8000cf44 (0x0b4e09a3) mem 0x80022fa0 0x0
core   0: 0x8000cf48 (0x03711063) bne     sp, s7, pc + 32
core   0: 3 0x8000cf48 (0x03711063)
core   0: 0x8000cf68 (0xba88ee93) ori     t4, a7, -1112
core   0: 3 0x8000cf68 (0xba88ee93) x29 0xfffffba8
core   0: 0x8000cf6c (0x00000013) nop
core   0: 3 0x8000cf6c (0x00000013)
core   0: 0x8000cf70 (0x0ca1fd93) andi    s11, gp, 202
core   0: 3 0x8000cf70 (0x0ca1fd93) x27 0x00000000
core   0: 0x8000cf74 (0x4c3c6193) ori     gp, s8, 1219
core   0: 3 0x8000cf74 (0x4c3c6193) x 3 0x000004c3
core   0: 0x8000cf78 (0x00053c33) sltu    s8, a0, zero
core   0: 3 0x8000cf78 (0x00053c33) x24 0x00000000
core   0: 0x8000cf7c (0x00a69fb3) sll     t6, a3, a0
core   0: 3 0x8000cf7c (0x00a69fb3) x31 0x00000000
core   0: 0x8000cf80 (0x00ff8d33) add     s10, t6, a5
core   0: 3 0x8000cf80 (0x00ff8d33) x26 0x256fe000
core   0: 0x8000cf84 (0xbee7fd13) andi    s10, a5, -1042
core   0: 3 0x8000cf84 (0xbee7fd13) x26 0x256fe000
core   0: 0x8000cf88 (0x403ed693) srai    a3, t4, 3
core   0: 3 0x8000cf88 (0x403ed693) x13 0xffffff75
core   0: 0x8000cf8c (0x00000013) nop
core   0: 3 0x8000cf8c (0x00000013)
core   0: 0x8000cf90 (0x00e49c13) slli    s8, s1, 14
core   0: 3 0x8000cf90 (0x00e49c13) x24 0x00000000
core   0: 0x8000cf94 (0x050fc663) blt     t6, a6, pc + 76
core   0: 3 0x8000cf94 (0x050fc663)
core   0: 0x8000cfe0 (0x00e3be33) sltu    t3, t2, a4
core   0: 3 0x8000cfe0 (0x00e3be33) x28 0x00000001
core   0: 0x8000cfe4 (0x01b38fb3) add     t6, t2, s11
core   0: 3 0x8000cfe4 (0x01b38fb3) x31 0x00000000
core   0: 0x8000cfe8 (0x0ff0000f) fence   iorw,iorw
core   0: 3 0x8000cfe8 (0x0ff0000f)
core   0: 0x8000cfec (0x006f4b33) xor     s6, t5, t1
core   0: 3 0x8000cfec (0x006f4b33) x22 0x8002ae38
core   0: 0x8000cff0 (0x017feeb3) or      t4, t6, s7
core   0: 3 0x8000cff0 (0x017feeb3) x29 0xd1eeaab3
core   0: 0x8000cff4 (0x001ff8b3) and     a7, t6, ra
core   0: 3 0x8000cff4 (0x001ff8b3) x17 0x00000000
core   0: 0x8000cff8 (0x405a0db3) sub     s11, s4, t0
core   0: 3 0x8000cff8 (0x405a0db3) x27 0xccdbd113
core   0: 0x8000cffc (0x0501d063) bge     gp, a6, pc + 64
core   0: 3 0x8000cffc (0x0501d063)
core   0: 0x8000d03c (0x0044ccb3) xor     s9, s1, tp
core   0: 3 0x8000d03c (0x0044ccb3) x25 0x00000000
core   0: 0x8000d040 (0x42253a13) sltiu   s4, a0, 1058
core   0: 3 0x8000d040 (0x42253a13) x20 0x00000000
core   0: 0x8000d044 (0x0159fc63) bgeu    s3, s5, pc + 24
core   0: 3 0x8000d044 (0x0159fc63)
core   0: 0x8000d048 (0x00677663) bgeu    a4, t1, pc + 12
core   0: 3 0x8000d048 (0x00677663)
core   0: 0x8000d04c (0x008f9d13) slli    s10, t6, 8
core   0: 3 0x8000d04c (0x008f9d13) x26 0x00000000
core   0: 0x8000d050 (0x7abe2393) slti    t2, t3, 1963
core   0: 3 0x8000d050 (0x7abe2393) x 7 0x00000001
core   0: 0x8000d054 (0x00b15693) srli    a3, sp, 11
core   0: 3 0x8000d054 (0x00b15693) x13 0x00100055
core   0: 0x8000d058 (0x11c55d17) auipc   s10, 0x11c55
core   0: 3 0x8000d058 (0x11c55d17) x26 0x91c62058
core   0: 0x8000d05c (0x413b5333) sra     t1, s6, s3
core   0: 3 0x8000d05c (0x413b5333) x 6 0xc001571c
core   0: 0x8000d060 (0x00000013) nop
core   0: 3 0x8000d060 (0x00000013)
core   0: 0x8000d064 (0x41d88733) sub     a4, a7, t4
core   0: 3 0x8000d064 (0x41d88733) x14 0x2e11554d
core   0: 0x8000d068 (0x01984663) blt     a6, s9, pc + 12
core   0: 3 0x8000d068 (0x01984663)
core   0: 0x8000d06c (0x5a24d737) lui     a4, 0x5a24d
core   0: 3 0x8000d06c (0x5a24d737) x14 0x5a24d000
core   0: 0x8000d070 (0x0ff0000f) fence   iorw,iorw
core   0: 3 0x8000d070 (0x0ff0000f)
core   0: 0x8000d074 (0x01d79a33) sll     s4, a5, t4
core   0: 3 0x8000d074 (0x01d79a33) x20 0x00000000
core   0: 0x8000d078 (0x03ce0263) beq     t3, t3, pc + 36
core   0: 3 0x8000d078 (0x03ce0263)
core   0: 0x8000d09c (0x02555063) bge     a0, t0, pc + 32
core   0: 3 0x8000d09c (0x02555063)
core   0: 0x8000d0bc (0x42f52593) slti    a1, a0, 1071
core   0: 3 0x8000d0bc (0x42f52593) x11 0x00000001
core   0: 0x8000d0c0 (0x001a1093) slli    ra, s4, 1
core   0: 3 0x8000d0c0 (0x001a1093) x 1 0x00000000
core   0: 0x8000d0c4 (0x0000100f) fence.i
core   0: 3 0x8000d0c4 (0x0000100f)
core   0: 0x8000d0c8 (0x0510d663) bge     ra, a7, pc + 76
core   0: 3 0x8000d0c8 (0x0510d663)
core   0: 0x8000d114 (0x95ceb793) sltiu   a5, t4, -1700
core   0: 3 0x8000d114 (0x95ceb793) x15 0x00000001
core   0: 0x8000d118 (0x0123e1b3) or      gp, t2, s2
core   0: 3 0x8000d118 (0x0123e1b3) x 3 0x80021335
core   0: 0x8000d11c (0x012da633) slt     a2, s11, s2
core   0: 3 0x8000d11c (0x012da633) x12 0x00000000
core   0: 0x8000d120 (0x008d3333) sltu    t1, s10, s0
core   0: 3 0x8000d120 (0x008d3333) x 6 0x00000001
core   0: 0x8000d124 (0x0076d5b3) srl     a1, a3, t2
core   0: 3 0x8000d124 (0x0076d5b3) x11 0x0008002a
core   0: 0x8000d128 (0x0ff0000f) fence   iorw,iorw
core   0: 3 0x8000d128 (0x0ff0000f)
core   0: 0x8000d12c (0x0277cc63) blt     a5, t2, pc + 56
core   0: 3 0x8000d12c (0x0277cc63)
core   0: 0x8000d130 (0x0ff0000f) fence   iorw,iorw
core   0: 3 0x8000d130 (0x0ff0000f)
core   0: 0x8000d134 (0x00b42eb3) slt     t4, s0, a1
core   0: 3 0x8000d134 (0x00b42eb3) x29 0x00000001
core   0: 0x8000d138 (0x00cba4b3) slt     s1, s7, a2
core   0: 3 0x8000d138 (0x00cba4b3) x 9 0x00000001
core   0: 0x8000d13c (0x00d2a633) slt     a2, t0, a3
core   0: 3 0x8000d13c (0x00d2a633) x12 0x00000001
core   0: 0x8000d140 (0x0158b7b3) sltu    a5, a7, s5
core   0: 3 0x8000d140 (0x0158b7b3) x15 0x00000001
core   0: 0x8000d144 (0x01eca633) slt     a2, s9, t5
core   0: 3 0x8000d144 (0x01eca633) x12 0x00000000
core   0: 0x8000d148 (0x016ec3b3) xor     t2, t4, s6
core   0: 3 0x8000d148 (0x016ec3b3) x 7 0x8002ae39
core   0: 0x8000d14c (0x407c07b3) sub     a5, s8, t2
core   0: 3 0x8000d14c (0x407c07b3) x15 0x7ffd51c7
core   0: 0x8000d150 (0x01184a33) xor     s4, a6, a7
core   0: 3 0x8000d150 (0x01184a33) x20 0x00000001
core   0: 0x8000d154 (0x403d86b3) sub     a3, s11, gp
core   0: 3 0x8000d154 (0x403d86b3) x13 0x4cd9bdde
core   0: 0x8000d158 (0x0117ba33) sltu    s4, a5, a7
core   0: 3 0x8000d158 (0x0117ba33) x20 0x00000000
core   0: 0x8000d15c (0x01f3ea63) bltu    t2, t6, pc + 20
core   0: 3 0x8000d15c (0x01f3ea63)
core   0: 0x8000d160 (0x00000013) nop
core   0: 3 0x8000d160 (0x00000013)
core   0: 0x8000d164 (0x00c38833) add     a6, t2, a2
core   0: 3 0x8000d164 (0x00c38833) x16 0x8002ae39
core   0: 0x8000d168 (0x60f00a13) li      s4, 1551
core   0: 3 0x8000d168 (0x60f00a13) x20 0x0000060f
core   0: 0x8000d16c (0x2400ea13) ori     s4, ra, 576
core   0: 3 0x8000d16c (0x2400ea13) x20 0x00000240
core   0: 0x8000d170 (0x64f43e13) sltiu   t3, s0, 1615
core   0: 3 0x8000d170 (0x64f43e13) x28 0x00000000
core   0: 0x8000d174 (0x01800eb3) add     t4, zero, s8
core   0: 3 0x8000d174 (0x01800eb3) x29 0x00000000
core   0: 0x8000d178 (0xa88a7593) andi    a1, s4, -1400
core   0: 3 0x8000d178 (0xa88a7593) x11 0x00000200
core   0: 0x8000d17c (0x4161d793) srai    a5, gp, 22
core   0: 3 0x8000d17c (0x4161d793) x15 0xfffffe00
core   0: 0x8000d180 (0x009c0433) add     s0, s8, s1
core   0: 3 0x8000d180 (0x009c0433) x 8 0x00000001
core   0: 0x8000d184 (0x7625d417) auipc   s0, 0x7625d
core   0: 3 0x8000d184 (0x7625d417) x 8 0xf626a184
core   0: 0x8000d188 (0x20bbb593) sltiu   a1, s7, 523
core   0: 3 0x8000d188 (0x20bbb593) x11 0x00000000
core   0: 0x8000d18c (0x03890663) beq     s2, s8, pc + 44
core   0: 3 0x8000d18c (0x03890663)
core   0: 0x8000d190 (0x76930a93) addi    s5, t1, 1897
core   0: 3 0x8000d190 (0x76930a93) x21 0x0000076a
core   0: 0x8000d194 (0x01ccf4b3) and     s1, s9, t3
core   0: 3 0x8000d194 (0x01ccf4b3) x 9 0x00000000
core   0: 0x8000d198 (0x8ad99db7) lui     s11, 0x8ad99
core   0: 3 0x8000d198 (0x8ad99db7) x27 0x8ad99000
core   0: 0x8000d19c (0x5959aa93) slti    s5, s3, 1429
core   0: 3 0x8000d19c (0x5959aa93) x21 0x00000001
core   0: 0x8000d1a0 (0x03b3da63) bge     t2, s11, pc + 52
core   0: 3 0x8000d1a0 (0x03b3da63)
core   0: 0x8000d1a4 (0xdc204f93) xori    t6, zero, -574
core   0: 3 0x8000d1a4 (0xdc204f93) x31 0xfffffdc2
core   0: 0x8000d1a8 (0x40625813) srai    a6, tp, 6
core   0: 3 0x8000d1a8 (0x40625813) x16 0x00000000
core   0: 0x8000d1ac (0x0000100f) fence.i
core   0: 3 0x8000d1ac (0x0000100f)
core   0: 0x8000d1b0 (0x90f12093) slti    ra, sp, -1777
core   0: 3 0x8000d1b0 (0x90f12093) x 1 0x00000001
core   0: 0x8000d1b4 (0xb6865637) lui     a2, 0xb6865
core   0: 3 0x8000d1b4 (0xb6865637) x12 0xb6865000
core   0: 0x8000d1b8 (0x02410c63) beq     sp, tp, pc + 56
core   0: 3 0x8000d1b8 (0x02410c63)
core   0: 0x8000d1bc (0xa9b98e13) addi    t3, s3, -1381
core   0: 3 0x8000d1bc (0xa9b98e13) x28 0xfffffa9c
core   0: 0x8000d1c0 (0x01d01b33) sll     s6, zero, t4
core   0: 3 0x8000d1c0 (0x01d01b33) x22 0x00000000
core   0: 0x8000d1c4 (0x037b6c63) bltu    s6, s7, pc + 56
core   0: 3 0x8000d1c4 (0x037b6c63)
core   0: 0x8000d1fc (0x40dfd793) srai    a5, t6, 13
core   0: 3 0x8000d1fc (0x40dfd793) x15 0xffffffff
core   0: 0x8000d200 (0x018bcfb3) xor     t6, s7, s8
core   0: 3 0x8000d200 (0x018bcfb3) x31 0xd1eeaab3
core   0: 0x8000d204 (0x00be6cb3) or      s9, t3, a1
core   0: 3 0x8000d204 (0x00be6cb3) x25 0xfffffa9c
core   0: 0x8000d208 (0x004e4ab3) xor     s5, t3, tp
core   0: 3 0x8000d208 (0x004e4ab3) x21 0xfffffa9c
core   0: 0x8000d20c (0x00f9d193) srli    gp, s3, 15
core   0: 3 0x8000d20c (0x00f9d193) x 3 0x00000000
core   0: 0x8000d210 (0x03221063) bne     tp, s2, pc + 32
core   0: 3 0x8000d210 (0x03221063)
core   0: 0x8000d230 (0x007e92b3) sll     t0, t4, t2
core   0: 3 0x8000d230 (0x007e92b3) x 5 0x00000000
core   0: 0x8000d234 (0x0ff0000f) fence   iorw,iorw
core   0: 3 0x8000d234 (0x0ff0000f)
core   0: 0x8000d238 (0xe07dcc13) xori    s8, s11, -505
core   0: 3 0x8000d238 (0xe07dcc13) x24 0x75266e07
core   0: 0x8000d23c (0x0000100f) fence.i
core   0: 3 0x8000d23c (0x0000100f)
core   0: 0x8000d240 (0x415ddd93) srai    s11, s11, 21
core   0: 3 0x8000d240 (0x415ddd93) x27 0xfffffc56
core   0: 0x8000d244 (0x030bc863) blt     s7, a6, pc + 48
core   0: 3 0x8000d244 (0x030bc863)
core   0: 0x8000d274 (0x019e4a33) xor     s4, t3, s9
core   0: 3 0x8000d274 (0x019e4a33) x20 0x00000000
core   0: 0x8000d278 (0x7413bb13) sltiu   s6, t2, 1857
core   0: 3 0x8000d278 (0x7413bb13) x22 0x00000000
core   0: 0x8000d27c (0x01122733) slt     a4, tp, a7
core   0: 3 0x8000d27c (0x01122733) x14 0x00000000
core   0: 0x8000d280 (0x41fc8033) sub     zero, s9, t6
core   0: 3 0x8000d280 (0x41fc8033)
core   0: 0x8000d284 (0x01096db3) or      s11, s2, a6
core   0: 3 0x8000d284 (0x01096db3) x27 0x80021334
core   0: 0x8000d288 (0x243c4837) lui     a6, 0x243c4
core   0: 3 0x8000d288 (0x243c4837) x16 0x243c4000
core   0: 0x8000d28c (0x3bab6413) ori     s0, s6, 954
core   0: 3 0x8000d28c (0x3bab6413) x 8 0x000003ba
core   0: 0x8000d290 (0x2ff5ed93) ori     s11, a1, 767
core   0: 3 0x8000d290 (0x2ff5ed93) x27 0x000002ff
core   0: 0x8000d294 (0xbb9d6893) ori     a7, s10, -1095
core   0: 3 0x8000d294 (0xbb9d6893) x17 0xfffffbf9
core   0: 0x8000d298 (0x2050cd13) xori    s10, ra, 517
core   0: 3 0x8000d298 (0x2050cd13) x26 0x00000204
core   0: 0x8000d29c (0x00567463) bgeu    a2, t0, pc + 8
core   0: 3 0x8000d29c (0x00567463)
core   0: 0x8000d2a4 (0x41ab8933) sub     s2, s7, s10
core   0: 3 0x8000d2a4 (0x41ab8933) x18 0xd1eea8af
core   0: 0x8000d2a8 (0x00b9a833) slt     a6, s3, a1
core   0: 3 0x8000d2a8 (0x00b9a833) x16 0x00000000
core   0: 0x8000d2ac (0x40ee5433) sra     s0, t3, a4
core   0: 3 0x8000d2ac (0x40ee5433) x 8 0xfffffa9c
core   0: 0x8000d2b0 (0x05996e93) ori     t4, s2, 89
core   0: 3 0x8000d2b0 (0x05996e93) x29 0xd1eea8ff
core   0: 0x8000d2b4 (0x016b9193) slli    gp, s7, 22
core   0: 3 0x8000d2b4 (0x016b9193) x 3 0xacc00000
core   0: 0x8000d2b8 (0x0174b633) sltu    a2, s1, s7
core   0: 3 0x8000d2b8 (0x0174b633) x12 0x00000001
core   0: 0x8000d2bc (0x001d07b3) add     a5, s10, ra
core   0: 3 0x8000d2bc (0x001d07b3) x15 0x00000205
core   0: 0x8000d2c0 (0x01b80263) beq     a6, s11, pc + 4
core   0: 3 0x8000d2c0 (0x01b80263)
core   0: 0x8000d2c4 (0x00cddfb3) srl     t6, s11, a2
core   0: 3 0x8000d2c4 (0x00cddfb3) x31 0x0000017f
core   0: 0x8000d2c8 (0xb465fe13) andi    t3, a1, -1210
core   0: 3 0x8000d2c8 (0xb465fe13) x28 0x00000000
core   0: 0x8000d2cc (0x405509b3) sub     s3, a0, t0
core   0: 3 0x8000d2cc (0x405509b3) x19 0x8002ece4
core   0: 0x8000d2d0 (0x0069c7b3) xor     a5, s3, t1
core   0: 3 0x8000d2d0 (0x0069c7b3) x15 0x8002ece5
core   0: 0x8000d2d4 (0x01155493) srli    s1, a0, 17
core   0: 3 0x8000d2d4 (0x01155493) x 9 0x00004001
core   0: 0x8000d2d8 (0xab212f13) slti    t5, sp, -1358
core   0: 3 0x8000d2d8 (0xab212f13) x30 0x00000001
core   0: 0x8000d2dc (0x41d957b3) sra     a5, s2, t4
core   0: 3 0x8000d2dc (0x41d957b3) x15 0xffffffff
core   0: 0x8000d2e0 (0x0144bb33) sltu    s6, s1, s4
core   0: 3 0x8000d2e0 (0x0144bb33) x22 0x00000000
core   0: 0x8000d2e4 (0x01085013) srli    zero, a6, 16
core   0: 3 0x8000d2e4 (0x01085013)
core   0: 0x8000d2e8 (0x5e632e13) slti    t3, t1, 1510
core   0: 3 0x8000d2e8 (0x5e632e13) x28 0x00000001
core   0: 0x8000d2ec (0x0ff0000f) fence   iorw,iorw
core   0: 3 0x8000d2ec (0x0ff0000f)
core   0: 0x8000d2f0 (0x0139e6b3) or      a3, s3, s3
core   0: 3 0x8000d2f0 (0x0139e6b3) x13 0x8002ece4
core   0: 0x8000d2f4 (0x5b228a93) addi    s5, t0, 1458
core   0: 3 0x8000d2f4 (0x5b228a93) x21 0x000005b2
core   0: 0x8000d2f8 (0x00cb18b3) sll     a7, s6, a2
core   0: 3 0x8000d2f8 (0x00cb18b3) x17 0x00000000
core   0: 0x8000d2fc (0x00ff9313) slli    t1, t6, 15
core   0: 3 0x8000d2fc (0x00ff9313) x 6 0x00bf8000
core   0: 0x8000d300 (0x41eed1b3) sra     gp, t4, t5
core   0: 3 0x8000d300 (0x41eed1b3) x 3 0xe8f7547f
core   0: 0x8000d304 (0x2684e913) ori     s2, s1, 616
core   0: 3 0x8000d304 (0x2684e913) x18 0x00004269
core   0: 0x8000d308 (0xa739c593) xori    a1, s3, -1421
core   0: 3 0x8000d308 (0xa739c593) x11 0x7ffd1697
core   0: 0x8000d30c (0x01c55e33) srl     t3, a0, t3
core   0: 3 0x8000d30c (0x01c55e33) x28 0x40017672
core   0: 0x8000d310 (0x01771313) slli    t1, a4, 23
core   0: 3 0x8000d310 (0x01771313) x 6 0x00000000
core   0: 0x8000d314 (0x019415b3) sll     a1, s0, s9
core   0: 3 0x8000d314 (0x019415b3) x11 0xc0000000
core   0: 0x8000d318 (0x23997b13) andi    s6, s2, 569
core   0: 3 0x8000d318 (0x23997b13) x22 0x00000229
core   0: 0x8000d31c (0x2b501d17) auipc   s10, 0x2b501
core   0: 3 0x8000d31c (0x2b501d17) x26 0xab50e31c
core   0: 0x8000d320 (0xf5cf6217) auipc   tp, 0xf5cf6
core   0: 3 0x8000d320 (0xf5cf6217) x 4 0x75d03320
core   0: 0x8000d324 (0x00000013) nop
core   0: 3 0x8000d324 (0x00000013)
core   0: 0x8000d328 (0x00000013) nop
core   0: 3 0x8000d328 (0x00000013)
core   0: 0x8000d32c (0x01b5d233) srl     tp, a1, s11
core   0: 3 0x8000d32c (0x01b5d233) x 4 0x00000001
core   0: 0x8000d330 (0x01c955b3) srl     a1, s2, t3
core   0: 3 0x8000d330 (0x01c955b3) x11 0x00000000
core   0: 0x8000d334 (0x009deab3) or      s5, s11, s1
core   0: 3 0x8000d334 (0x009deab3) x21 0x000042ff
core   0: 0x8000d338 (0x025b7a63) bgeu    s6, t0, pc + 52
core   0: 3 0x8000d338 (0x025b7a63)
core   0: 0x8000d36c (0x00a6dc33) srl     s8, a3, a0
core   0: 3 0x8000d36c (0x00a6dc33) x24 0x08002ece
core   0: 0x8000d370 (0x01535e13) srli    t3, t1, 21
core   0: 3 0x8000d370 (0x01535e13) x28 0x00000000
core   0: 0x8000d374 (0x016d1393) slli    t2, s10, 22
core   0: 3 0x8000d374 (0x016d1393) x 7 0xc7000000
core   0: 0x8000d378 (0x05d78663) beq     a5, t4, pc + 76
core   0: 3 0x8000d378 (0x05d78663)
core   0: 0x8000d37c (0x883bfd17) auipc   s10, 0x883bf
core   0: 3 0x8000d37c (0x883bfd17) x26 0x083cc37c
core   0: 0x8000d380 (0x02bf7863) bgeu    t5, a1, pc + 48
core   0: 3 0x8000d380 (0x02bf7863)
core   0: 0x8000d3b0 (0x01389b13) slli    s6, a7, 19
core   0: 3 0x8000d3b0 (0x01389b13) x22 0x00000000
core   0: 0x8000d3b4 (0x04a99263) bne     s3, a0, pc + 68
core   0: 3 0x8000d3b4 (0x04a99263)
core   0: 0x8000d3b8 (0x01ce5fb3) srl     t6, t3, t3
core   0: 3 0x8000d3b8 (0x01ce5fb3) x31 0x00000000
core   0: 0x8000d3bc (0x00e4c333) xor     t1, s1, a4
core   0: 3 0x8000d3bc (0x00e4c333) x 6 0x00004001
core   0: 0x8000d3c0 (0x0000100f) fence.i
core   0: 3 0x8000d3c0 (0x0000100f)
core   0: 0x8000d3c4 (0x41225913) srai    s2, tp, 18
core   0: 3 0x8000d3c4 (0x41225913) x18 0x00000000
core   0: 0x8000d3c8 (0x015cda93) srli    s5, s9, 21
core   0: 3 0x8000d3c8 (0x015cda93) x21 0x000007ff
core   0: 0x8000d3cc (0x0090fc63) bgeu    ra, s1, pc + 24
core   0: 3 0x8000d3cc (0x0090fc63)
core   0: 0x8000d3d0 (0x6053f893) andi    a7, t2, 1541
core   0: 3 0x8000d3d0 (0x6053f893) x17 0x00000000
core   0: 0x8000d3d4 (0x01181713) slli    a4, a6, 17
core   0: 3 0x8000d3d4 (0x01181713) x14 0x00000000
core   0: 0x8000d3d8 (0x58006e37) lui     t3, 0x58006
core   0: 3 0x8000d3d8 (0x58006e37) x28 0x58006000
core   0: 0x8000d3dc (0x0576c663) blt     a3, s7, pc + 76
core   0: 3 0x8000d3dc (0x0576c663)
core   0: 0x8000d428 (0x008bf7b3) and     a5, s7, s0
core   0: 3 0x8000d428 (0x008bf7b3) x15 0xd1eeaa90
core   0: 0x8000d42c (0xb8194013) xori    zero, s2, -1151
core   0: 3 0x8000d42c (0xb8194013)
core   0: 0x8000d430 (0x00000013) nop
core   0: 3 0x8000d430 (0x00000013)
core   0: 0x8000d434 (0x03709c63) bne     ra, s7, pc + 56
core   0: 3 0x8000d434 (0x03709c63)
core   0: 0x8000d46c (0x4eb22e93) slti    t4, tp, 1259
core   0: 3 0x8000d46c (0x4eb22e93) x29 0x00000001
core   0: 0x8000d470 (0x00697c33) and     s8, s2, t1
core   0: 3 0x8000d470 (0x00697c33) x24 0x00000000
core   0: 0x8000d474 (0x9e8e8413) addi    s0, t4, -1560
core   0: 3 0x8000d474 (0x9e8e8413) x 8 0xfffff9e9
core   0: 0x8000d478 (0x026e6663) bltu    t3, t1, pc + 44
core   0: 3 0x8000d478 (0x026e6663)
core   0: 0x8000d47c (0x4317af93) slti    t6, a5, 1073
core   0: 3 0x8000d47c (0x4317af93) x31 0x00000001
core   0: 0x8000d480 (0x0ff0000f) fence   iorw,iorw
core   0: 3 0x8000d480 (0x0ff0000f)
core   0: 0x8000d484 (0x02320393) addi    t2, tp, 35
core   0: 3 0x8000d484 (0x02320393) x 7 0x00000024
core   0: 0x8000d488 (0x01db8fb3) add     t6, s7, t4
core   0: 3 0x8000d488 (0x01db8fb3) x31 0xd1eeaab4
core   0: 0x8000d48c (0x0509ff93) andi    t6, s3, 80
core   0: 3 0x8000d48c (0x0509ff93) x31 0x00000040
core   0: 0x8000d490 (0x00000013) nop
core   0: 3 0x8000d490 (0x00000013)
core   0: 0x8000d494 (0x00a82333) slt     t1, a6, a0
core   0: 3 0x8000d494 (0x00a82333) x 6 0x00000000
core   0: 0x8000d498 (0x027b7063) bgeu    s6, t2, pc + 32
core   0: 3 0x8000d498 (0x027b7063)
core   0: 0x8000d49c (0x00000013) nop
core   0: 3 0x8000d49c (0x00000013)
core   0: 0x8000d4a0 (0x00081c33) sll     s8, a6, zero
core   0: 3 0x8000d4a0 (0x00081c33) x24 0x00000000
core   0: 0x8000d4a4 (0x009b1db3) sll     s11, s6, s1
core   0: 3 0x8000d4a4 (0x009b1db3) x27 0x00000000
core   0: 0x8000d4a8 (0x03216c63) bltu    sp, s2, pc + 56
core   0: 3 0x8000d4a8 (0x03216c63)
core   0: 0x8000d4ac (0x05ab6663) bltu    s6, s10, pc + 76
core   0: 3 0x8000d4ac (0x05ab6663)
core   0: 0x8000d4f8 (0x018a85b3) add     a1, s5, s8
core   0: 3 0x8000d4f8 (0x018a85b3) x11 0x000007ff
core   0: 0x8000d4fc (0x00b3f663) bgeu    t2, a1, pc + 12
core   0: 3 0x8000d4fc (0x00b3f663)
core   0: 0x8000d500 (0x0ca43593) sltiu   a1, s0, 202
core   0: 3 0x8000d500 (0x0ca43593) x11 0x00000000
core   0: 0x8000d504 (0x03090263) beq     s2, a6, pc + 36
core   0: 3 0x8000d504 (0x03090263)
core   0: 0x8000d528 (0x017234b3) sltu    s1, tp, s7
core   0: 3 0x8000d528 (0x017234b3) x 9 0x00000001
core   0: 0x8000d52c (0x03bf4063) blt     t5, s11, pc + 32
core   0: 3 0x8000d52c (0x03bf4063)
core   0: 0x8000d530 (0x01880db3) add     s11, a6, s8
core   0: 3 0x8000d530 (0x01880db3) x27 0x00000000
core   0: 0x8000d534 (0x01bc44b3) xor     s1, s8, s11
core   0: 3 0x8000d534 (0x01bc44b3) x 9 0x00000000
core   0: 0x8000d538 (0x46e22a13) slti    s4, tp, 1134
core   0: 3 0x8000d538 (0x46e22a13) x20 0x00000001
core   0: 0x8000d53c (0x003b8fb3) add     t6, s7, gp
core   0: 3 0x8000d53c (0x003b8fb3) x31 0xbae5ff32
core   0: 0x8000d540 (0x0a494063) blt     s2, tp, pc + 160
core   0: 3 0x8000d540 (0x0a494063)
core   0: 0x8000d5e0 (0x28cded97) auipc   s11, 0x28cde
core   0: 3 0x8000d5e0 (0x28cded97) x27 0xa8ceb5e0
core   0: 0x8000d5e4 (0x02991863) bne     s2, s1, pc + 48
core   0: 3 0x8000d5e4 (0x02991863)
core   0: 0x8000d5e8 (0x01634eb3) xor     t4, t1, s6
core   0: 3 0x8000d5e8 (0x01634eb3) x29 0x00000000
core   0: 0x8000d5ec (0x45baaa93) slti    s5, s5, 1115
core   0: 3 0x8000d5ec (0x45baaa93) x21 0x00000000
core   0: 0x8000d5f0 (0x0041d413) srli    s0, gp, 4
core   0: 3 0x8000d5f0 (0x0041d413) x 8 0x0e8f7547
core   0: 0x8000d5f4 (0x00000013) nop
core   0: 3 0x8000d5f4 (0x00000013)
core   0: 0x8000d5f8 (0x05eac263) blt     s5, t5, pc + 68
core   0: 3 0x8000d5f8 (0x05eac263)
core   0: 0x8000d63c (0x00ea3733) sltu    a4, s4, a4
core   0: 3 0x8000d63c (0x00ea3733) x14 0x00000000
core   0: 0x8000d640 (0x00000013) nop
core   0: 3 0x8000d640 (0x00000013)
core   0: 0x8000d644 (0x7664ca13) xori    s4, s1, 1894
core   0: 3 0x8000d644 (0x7664ca13) x20 0x00000766
core   0: 0x8000d648 (0x59f38913) addi    s2, t2, 1439
core   0: 3 0x8000d648 (0x59f38913) x18 0x000005c3
core   0: 0x8000d64c (0x00952033) slt     zero, a0, s1
core   0: 3 0x8000d64c (0x00952033)
core   0: 0x8000d650 (0x00fe83b3) add     t2, t4, a5
core   0: 3 0x8000d650 (0x00fe83b3) x 7 0xd1eeaa90
core   0: 0x8000d654 (0x0092e233) or      tp, t0, s1
core   0: 3 0x8000d654 (0x0092e233) x 4 0x00000000
core   0: 0x8000d658 (0x00dd68b3) or      a7, s10, a3
core   0: 3 0x8000d658 (0x00dd68b3) x17 0x883eeffc
core   0: 0x8000d65c (0x00000013) nop
core   0: 3 0x8000d65c (0x00000013)
core   0: 0x8000d660 (0x03ef7e63) bgeu    t5, t5, pc + 60
core   0: 3 0x8000d660 (0x03ef7e63)
core   0: 0x8000d69c (0x68dc4413) xori    s0, s8, 1677
core   0: 3 0x8000d69c (0x68dc4413) x 8 0x0000068d
core   0: 0x8000d6a0 (0xa1e63a13) sltiu   s4, a2, -1506
core   0: 3 0x8000d6a0 (0xa1e63a13) x20 0x00000001
core   0: 0x8000d6a4 (0x018fdd13) srli    s10, t6, 24
core   0: 3 0x8000d6a4 (0x018fdd13) x26 0x000000ba
core   0: 0x8000d6a8 (0x91572393) slti    t2, a4, -1771
core   0: 3 0x8000d6a8 (0x91572393) x 7 0x00000000
core   0: 0x8000d6ac (0x003938b3) sltu    a7, s2, gp
core   0: 3 0x8000d6ac (0x003938b3) x17 0x00000001
core   0: 0x8000d6b0 (0x02f75a63) bge     a4, a5, pc + 52
core   0: 3 0x8000d6b0 (0x02f75a63)
core   0: 0x8000d6e4 (0x04ec6663) bltu    s8, a4, pc + 76
core   0: 3 0x8000d6e4 (0x04ec6663)
core   0: 0x8000d6e8 (0xc5a9e613) ori     a2, s3, -934
core   0: 3 0x8000d6e8 (0xc5a9e613) x12 0xfffffcfe
core   0: 0x8000d6ec (0x00000013) nop
core   0: 3 0x8000d6ec (0x00000013)
core   0: 0x8000d6f0 (0x01e755b3) srl     a1, a4, t5
core   0: 3 0x8000d6f0 (0x01e755b3) x11 0x00000000
core   0: 0x8000d6f4 (0x011f9793) slli    a5, t6, 17
core   0: 3 0x8000d6f4 (0x011f9793) x15 0xfe640000
core   0: 0x8000d6f8 (0x008e4463) blt     t3, s0, pc + 8
core   0: 3 0x8000d6f8 (0x008e4463)
core   0: 0x8000d6fc (0x4078dcb3) sra     s9, a7, t2
core   0: 3 0x8000d6fc (0x4078dcb3) x25 0x00000001
core   0: 0x8000d700 (0x10ee7c13) andi    s8, t3, 270
core   0: 3 0x8000d700 (0x10ee7c13) x24 0x00000000
core   0: 0x8000d704 (0x00ba65b3) or      a1, s4, a1
core   0: 3 0x8000d704 (0x00ba65b3) x11 0x00000001
core   0: 0x8000d708 (0x00599313) slli    t1, s3, 5
core   0: 3 0x8000d708 (0x00599313) x 6 0x005d9c80
core   0: 0x8000d70c (0x169c0417) auipc   s0, 0x169c0
core   0: 3 0x8000d70c (0x169c0417) x 8 0x969cd70c
core   0: 0x8000d710 (0x009764b3) or      s1, a4, s1
core   0: 3 0x8000d710 (0x009764b3) x 9 0x00000000
core   0: 0x8000d714 (0x6d80b013) sltiu   zero, ra, 1752
core   0: 3 0x8000d714 (0x6d80b013)
core   0: 0x8000d718 (0x5e2dc893) xori    a7, s11, 1506
core   0: 3 0x8000d718 (0x5e2dc893) x17 0xa8ceb002
core   0: 0x8000d71c (0x03ceec63) bltu    t4, t3, pc + 56
core   0: 3 0x8000d71c (0x03ceec63)
core   0: 0x8000d754 (0x00685463) bge     a6, t1, pc + 8
core   0: 3 0x8000d754 (0x00685463)
core   0: 0x8000d758 (0x0ff0000f) fence   iorw,iorw
core   0: 3 0x8000d758 (0x0ff0000f)
core   0: 0x8000d75c (0x00000013) nop
core   0: 3 0x8000d75c (0x00000013)
core   0: 0x8000d760 (0x014915b3) sll     a1, s2, s4
core   0: 3 0x8000d760 (0x014915b3) x11 0x00000b86
core   0: 0x8000d764 (0xa64e3793) sltiu   a5, t3, -1436
core   0: 3 0x8000d764 (0xa64e3793) x15 0x00000001
core   0: 0x8000d768 (0x0184dab3) srl     s5, s1, s8
core   0: 3 0x8000d768 (0x0184dab3) x21 0x00000000
core   0: 0x8000d76c (0x02bb1a63) bne     s6, a1, pc + 52
core   0: 3 0x8000d76c (0x02bb1a63)
core   0: 0x8000d7a0 (0xf06d0213) addi    tp, s10, -250
core   0: 3 0x8000d7a0 (0xf06d0213) x 4 0xffffffc0
core   0: 0x8000d7a4 (0x0ff0000f) fence   iorw,iorw
core   0: 3 0x8000d7a4 (0x0ff0000f)
core   0: 0x8000d7a8 (0x7d4b2293) slti    t0, s6, 2004
core   0: 3 0x8000d7a8 (0x7d4b2293) x 5 0x00000001
core   0: 0x8000d7ac (0x417d8cb3) sub     s9, s11, s7
core   0: 3 0x8000d7ac (0x417d8cb3) x25 0xd6e00b2d
core   0: 0x8000d7b0 (0x7b2ce893) ori     a7, s9, 1970
core   0: 3 0x8000d7b0 (0x7b2ce893) x17 0xd6e00fbf
core   0: 0x8000d7b4 (0x01560033) add     zero, a2, s5
core   0: 3 0x8000d7b4 (0x01560033)
core   0: 0x8000d7b8 (0x01cd84b3) add     s1, s11, t3
core   0: 3 0x8000d7b8 (0x01cd84b3) x 9 0x00cf15e0
core   0: 0x8000d7bc (0x15392313) slti    t1, s2, 339
core   0: 3 0x8000d7bc (0x15392313) x 6 0x00000000
core   0: 0x8000d7c0 (0x00bceeb3) or      t4, s9, a1
core   0: 3 0x8000d7c0 (0x00bceeb3) x29 0xd6e00baf
core   0: 0x8000d7c4 (0x01c526b3) slt     a3, a0, t3
core   0: 3 0x8000d7c4 (0x01c526b3) x13 0x00000001
core   0: 0x8000d7c8 (0x0031e033) or      zero, gp, gp
core   0: 3 0x8000d7c8 (0x0031e033)
core   0: 0x8000d7cc (0x006dd413) srli    s0, s11, 6
core   0: 3 0x8000d7cc (0x006dd413) x 8 0x02a33ad7
core   0: 0x8000d7d0 (0x59d52a93) slti    s5, a0, 1437
core   0: 3 0x8000d7d0 (0x59d52a93) x21 0x00000001
core   0: 0x8000d7d4 (0x01c9afb3) slt     t6, s3, t3
core   0: 3 0x8000d7d4 (0x01c9afb3) x31 0x00000001
core   0: 0x8000d7d8 (0x04645663) bge     s0, t1, pc + 76
core   0: 3 0x8000d7d8 (0x04645663)
core   0: 0x8000d824 (0x00169f93) slli    t6, a3, 1
core   0: 3 0x8000d824 (0x00169f93) x31 0x00000002
core   0: 0x8000d828 (0x970ab393) sltiu   t2, s5, -1680
core   0: 3 0x8000d828 (0x970ab393) x 7 0x00000001
core   0: 0x8000d82c (0x59e66613) ori     a2, a2, 1438
core   0: 3 0x8000d82c (0x59e66613) x12 0xfffffdfe
core   0: 0x8000d830 (0x41648033) sub     zero, s1, s6
core   0: 3 0x8000d830 (0x41648033)
core   0: 0x8000d834 (0x00b98733) add     a4, s3, a1
core   0: 3 0x8000d834 (0x00b98733) x14 0x8002f86a
core   0: 0x8000d838 (0x01fa9c63) bne     s5, t6, pc + 24
core   0: 3 0x8000d838 (0x01fa9c63)
core   0: 0x8000d850 (0x5be3eeb7) lui     t4, 0x5be3e
core   0: 3 0x8000d850 (0x5be3eeb7) x29 0x5be3e000
core   0: 0x8000d854 (0x40f68733) sub     a4, a3, a5
core   0: 3 0x8000d854 (0x40f68733) x14 0x00000000
core   0: 0x8000d858 (0x0463e663) bltu    t2, t1, pc + 76
core   0: 3 0x8000d858 (0x0463e663)
core   0: 0x8000d85c (0x000c2ab3) slt     s5, s8, zero
core   0: 3 0x8000d85c (0x000c2ab3) x21 0x00000000
core   0: 0x8000d860 (0x0ff0000f) fence   iorw,iorw
core   0: 3 0x8000d860 (0x0ff0000f)
core   0: 0x8000d864 (0x01be17b3) sll     a5, t3, s11
core   0: 3 0x8000d864 (0x01be17b3) x15 0x58006000
core   0: 0x8000d868 (0x0163dc33) srl     s8, t2, s6
core   0: 3 0x8000d868 (0x0163dc33) x24 0x00000001
core   0: 0x8000d86c (0xa5a13717) auipc   a4, 0xa5a13
core   0: 3 0x8000d86c (0xa5a13717) x14 0x25a2086c
core   0: 0x8000d870 (0x01927233) and     tp, tp, s9
core   0: 3 0x8000d870 (0x01927233) x 4 0xd6e00b00
core   0: 0x8000d874 (0xa0970a93) addi    s5, a4, -1527
core   0: 3 0x8000d874 (0xa0970a93) x21 0x25a20275
core   0: 0x8000d878 (0x018976b3) and     a3, s2, s8
core   0: 3 0x8000d878 (0x018976b3) x13 0x00000001
core   0: 0x8000d87c (0xe2eea097) auipc   ra, 0xe2eea
core   0: 3 0x8000d87c (0xe2eea097) x 1 0x62ef787c
core   0: 0x8000d880 (0x4deb01b7) lui     gp, 0x4deb0
core   0: 3 0x8000d880 (0x4deb01b7) x 3 0x4deb0000
core   0: 0x8000d884 (0x02620263) beq     tp, t1, pc + 36
core   0: 3 0x8000d884 (0x02620263)
core   0: 0x8000d888 (0x00ca92b3) sll     t0, s5, a2
core   0: 3 0x8000d888 (0x00ca92b3) x 5 0x40000000
core   0: 0x8000d88c (0x40685d13) srai    s10, a6, 6
core   0: 3 0x8000d88c (0x40685d13) x26 0x00000000
core   0: 0x8000d890 (0x01007433) and     s0, zero, a6
core   0: 3 0x8000d890 (0x01007433) x 8 0x00000000
core   0: 0x8000d894 (0x40615013) srai    zero, sp, 6
core   0: 3 0x8000d894 (0x40615013)
core   0: 0x8000d898 (0x02360063) beq     a2, gp, pc + 32
core   0: 3 0x8000d898 (0x02360063)
core   0: 0x8000d89c (0x01042cb3) slt     s9, s0, a6
core   0: 3 0x8000d89c (0x01042cb3) x25 0x00000000
core   0: 0x8000d8a0 (0x0053a433) slt     s0, t2, t0
core   0: 3 0x8000d8a0 (0x0053a433) x 8 0x00000001
core   0: 0x8000d8a4 (0x02675263) bge     a4, t1, pc + 36
core   0: 3 0x8000d8a4 (0x02675263)
core   0: 0x8000d8c8 (0xa2f90c13) addi    s8, s2, -1489
core   0: 3 0x8000d8c8 (0xa2f90c13) x24 0xfffffff2
core   0: 0x8000d8cc (0x019f53b3) srl     t2, t5, s9
core   0: 3 0x8000d8cc (0x019f53b3) x 7 0x00000001
core   0: 0x8000d8d0 (0x02fe4c63) blt     t3, a5, pc + 56
core   0: 3 0x8000d8d0 (0x02fe4c63)
core   0: 0x8000d8d4 (0x70ffc413) xori    s0, t6, 1807
core   0: 3 0x8000d8d4 (0x70ffc413) x 8 0x0000070d
core   0: 0x8000d8d8 (0x553a4093) xori    ra, s4, 1363
core   0: 3 0x8000d8d8 (0x553a4093) x 1 0x00000552
core   0: 0x8000d8dc (0x0183cab3) xor     s5, t2, s8
core   0: 3 0x8000d8dc (0x0183cab3) x21 0xfffffff3
core   0: 0x8000d8e0 (0x036d7863) bgeu    s10, s6, pc + 48
core   0: 3 0x8000d8e0 (0x036d7863)
core   0: 0x8000d910 (0x0ff0000f) fence   iorw,iorw
core   0: 3 0x8000d910 (0x0ff0000f)
core   0: 0x8000d914 (0x02705263) bge     zero, t2, pc + 36
core   0: 3 0x8000d914 (0x02705263)
core   0: 0x8000d918 (0xac1c3837) lui     a6, 0xac1c3
core   0: 3 0x8000d918 (0xac1c3837) x16 0xac1c3000
core   0: 0x8000d91c (0x9dfc7737) lui     a4, 0x9dfc7
core   0: 3 0x8000d91c (0x9dfc7737) x14 0x9dfc7000
core   0: 0x8000d920 (0x008fe5b3) or      a1, t6, s0
core   0: 3 0x8000d920 (0x008fe5b3) x11 0x0000070f
core   0: 0x8000d924 (0x01015593) srli    a1, sp, 16
core   0: 3 0x8000d924 (0x01015593) x11 0x00008002
core   0: 0x8000d928 (0xabd3fc13) andi    s8, t2, -1347
core   0: 3 0x8000d928 (0xabd3fc13) x24 0x00000001
core   0: 0x8000d92c (0x0387c263) blt     a5, s8, pc + 36
core   0: 3 0x8000d92c (0x0387c263)
core   0: 0x8000d930 (0x40b1dd13) srai    s10, gp, 11
core   0: 3 0x8000d930 (0x40b1dd13) x26 0x0009bd60
core   0: 0x8000d934 (0x9ec48393) addi    t2, s1, -1556
core   0: 3 0x8000d934 (0x9ec48393) x 7 0x00cf0fcc
core   0: 0x8000d938 (0x014ea233) slt     tp, t4, s4
core   0: 3 0x8000d938 (0x014ea233) x 4 0x00000000
core   0: 0x8000d93c (0x000f5013) srli    zero, t5, 0
core   0: 3 0x8000d93c (0x000f5013)
core   0: 0x8000d940 (0x0137e663) bltu    a5, s3, pc + 12
core   0: 3 0x8000d940 (0x0137e663)
core   0: 0x8000d94c (0x00000013) nop
core   0: 3 0x8000d94c (0x00000013)
core   0: 0x8000d950 (0x40c1d713) srai    a4, gp, 12
core   0: 3 0x8000d950 (0x40c1d713) x14 0x0004deb0
core   0: 0x8000d954 (0x0180beb3) sltu    t4, ra, s8
core   0: 3 0x8000d954 (0x0180beb3) x29 0x00000000
core   0: 0x8000d958 (0x01d2d213) srli    tp, t0, 29
core   0: 3 0x8000d958 (0x01d2d213) x 4 0x00000002
core   0: 0x8000d95c (0x01d8d893) srli    a7, a7, 29
core   0: 3 0x8000d95c (0x01d8d893) x17 0x00000006
core   0: 0x8000d960 (0x02d87063) bgeu    a6, a3, pc + 32
core   0: 3 0x8000d960 (0x02d87063)
core   0: 0x8000d980 (0x18ab3793) sltiu   a5, s6, 394
core   0: 3 0x8000d980 (0x18ab3793) x15 0x00000001
core   0: 0x8000d984 (0xaf246e93) ori     t4, s0, -1294
core   0: 3 0x8000d984 (0xaf246e93) x29 0xffffffff
core   0: 0x8000d988 (0x022d4263) blt     s10, sp, pc + 36
core   0: 3 0x8000d988 (0x022d4263)
core   0: 0x8000d98c (0x40df5c13) srai    s8, t5, 13
core   0: 3 0x8000d98c (0x40df5c13) x24 0x00000000
core   0: 0x8000d990 (0x0120dd93) srli    s11, ra, 18
core   0: 3 0x8000d990 (0x0120dd93) x27 0x00000000
core   0: 0x8000d994 (0x003b1033) sll     zero, s6, gp
core   0: 3 0x8000d994 (0x003b1033)
core   0: 0x8000d998 (0x006c1db3) sll     s11, s8, t1
core   0: 3 0x8000d998 (0x006c1db3) x27 0x00000000
core   0: 0x8000d99c (0xe7d4d017) auipc   zero, 0xe7d4d
core   0: 3 0x8000d99c (0xe7d4d017)
core   0: 0x8000d9a0 (0x3fe67213) andi    tp, a2, 1022
core   0: 3 0x8000d9a0 (0x3fe67213) x 4 0x000001fe
core   0: 0x8000d9a4 (0x05d6f663) bgeu    a3, t4, pc + 76
core   0: 3 0x8000d9a4 (0x05d6f663)
core   0: 0x8000d9a8 (0x0ff0000f) fence   iorw,iorw
core   0: 3 0x8000d9a8 (0x0ff0000f)
core   0: 0x8000d9ac (0x014799b3) sll     s3, a5, s4
core   0: 3 0x8000d9ac (0x014799b3) x19 0x00000002
core   0: 0x8000d9b0 (0x0ff0000f) fence   iorw,iorw
core   0: 3 0x8000d9b0 (0x0ff0000f)
core   0: 0x8000d9b4 (0x0007d033) srl     zero, a5, zero
core   0: 3 0x8000d9b4 (0x0007d033)
core   0: 0x8000d9b8 (0x5a13bc17) auipc   s8, 0x5a13b
core   0: 3 0x8000d9b8 (0x5a13bc17) x24 0xda1489b8
core   0: 0x8000d9bc (0x08e06f93) ori     t6, zero, 142
core   0: 3 0x8000d9bc (0x08e06f93) x31 0x0000008e
core   0: 0x8000d9c0 (0x006acc63) blt     s5, t1, pc + 24
core   0: 3 0x8000d9c0 (0x006acc63)
core   0: 0x8000d9d8 (0x0000100f) fence.i
core   0: 3 0x8000d9d8 (0x0000100f)
core   0: 0x8000d9dc (0x007631b3) sltu    gp, a2, t2
core   0: 3 0x8000d9dc (0x007631b3) x 3 0x00000000
core   0: 0x8000d9e0 (0x0ff0000f) fence   iorw,iorw
core   0: 3 0x8000d9e0 (0x0ff0000f)
core   0: 0x8000d9e4 (0x00b81a63) bne     a6, a1, pc + 20
core   0: 3 0x8000d9e4 (0x00b81a63)
core   0: 0x8000d9f8 (0x0019e3b3) or      t2, s3, ra
core   0: 3 0x8000d9f8 (0x0019e3b3) x 7 0x00000552
core   0: 0x8000d9fc (0x00e47463) bgeu    s0, a4, pc + 8
core   0: 3 0x8000d9fc (0x00e47463)
core   0: 0x8000da00 (0xb8878313) addi    t1, a5, -1144
core   0: 3 0x8000da00 (0xb8878313) x 6 0xfffffb89
core   0: 0x8000da04 (0x002031b3) snez    gp, sp
core   0: 3 0x8000da04 (0x002031b3) x 3 0x00000001
core   0: 0x8000da08 (0x415b54b3) sra     s1, s6, s5
core   0: 3 0x8000da08 (0x415b54b3) x 9 0x00000000
core   0: 0x8000da0c (0x00280263) beq     a6, sp, pc + 4
core   0: 3 0x8000da0c (0x00280263)
core   0: 0x8000da10 (0x00000013) nop
core   0: 3 0x8000da10 (0x00000013)
core   0: 0x8000da14 (0xfaaaf293) andi    t0, s5, -86
core   0: 3 0x8000da14 (0xfaaaf293) x 5 0xffffffa2
core   0: 0x8000da18 (0x415453b3) sra     t2, s0, s5
core   0: 3 0x8000da18 (0x415453b3) x 7 0x00000000
core   0: 0x8000da1c (0x38448f93) addi    t6, s1, 900
core   0: 3 0x8000da1c (0x38448f93) x31 0x00000384
core   0: 0x8000da20 (0x006131b3) sltu    gp, sp, t1
core   0: 3 0x8000da20 (0x006131b3) x 3 0x00000001
core   0: 0x8000da24 (0x41f153b3) sra     t2, sp, t6
core   0: 3 0x8000da24 (0x41f153b3) x 7 0xf8002ae3
core   0: 0x8000da28 (0x012d49b3) xor     s3, s10, s2
core   0: 3 0x8000da28 (0x012d49b3) x19 0x0009b8a3
core   0: 0x8000da2c (0x002159b3) srl     s3, sp, sp
core   0: 3 0x8000da2c (0x002159b3) x19 0x00000080
core   0: 0x8000da30 (0x045df263) bgeu    s11, t0, pc + 68
core   0: 3 0x8000da30 (0x045df263)
core   0: 0x8000da34 (0x00000013) nop
core   0: 3 0x8000da34 (0x00000013)
core   0: 0x8000da38 (0x0089b5b3) sltu    a1, s3, s0
core   0: 3 0x8000da38 (0x0089b5b3) x11 0x00000001
core   0: 0x8000da3c (0x049bd663) bge     s7, s1, pc + 76
core   0: 3 0x8000da3c (0x049bd663)
core   0: 0x8000da40 (0x008d9313) slli    t1, s11, 8
core   0: 3 0x8000da40 (0x008d9313) x 6 0x00000000
core   0: 0x8000da44 (0x0ff0000f) fence   iorw,iorw
core   0: 3 0x8000da44 (0x0ff0000f)
core   0: 0x8000da48 (0x0000100f) fence.i
core   0: 3 0x8000da48 (0x0000100f)
core   0: 0x8000da4c (0x00131463) bne     t1, ra, pc + 8
core   0: 3 0x8000da4c (0x00131463)
core   0: 0x8000da54 (0x406f01b3) sub     gp, t5, t1
core   0: 3 0x8000da54 (0x406f01b3) x 3 0x00000001
core   0: 0x8000da58 (0xfa8bae93) slti    t4, s7, -88
core   0: 3 0x8000da58 (0xfa8bae93) x29 0x00000001
core   0: 0x8000da5c (0x0000100f) fence.i
core   0: 3 0x8000da5c (0x0000100f)
core   0: 0x8000da60 (0x006bacb3) slt     s9, s7, t1
core   0: 3 0x8000da60 (0x006bacb3) x25 0x00000001
core   0: 0x8000da64 (0x00fef033) and     zero, t4, a5
core   0: 3 0x8000da64 (0x00fef033)
core   0: 0x8000da68 (0x6c083393) sltiu   t2, a6, 1728
core   0: 3 0x8000da68 (0x6c083393) x 7 0x00000000
core   0: 0x8000da6c (0x0000100f) fence.i
core   0: 3 0x8000da6c (0x0000100f)
core   0: 0x8000da70 (0x029dda63) bge     s11, s1, pc + 52
core   0: 3 0x8000da70 (0x029dda63)
core   0: 0x8000daa4 (0x00000013) nop
core   0: 3 0x8000daa4 (0x00000013)
core   0: 0x8000daa8 (0x02785e63) bge     a6, t2, pc + 60
core   0: 3 0x8000daa8 (0x02785e63)
core   0: 0x8000daac (0x0104d7b3) srl     a5, s1, a6
core   0: 3 0x8000daac (0x0104d7b3) x15 0x00000000
core   0: 0x8000dab0 (0x488ec697) auipc   a3, 0x488ec
core   0: 3 0x8000dab0 (0x488ec697) x13 0xc88f9ab0
core   0: 0x8000dab4 (0x532eff97) auipc   t6, 0x532ef
core   0: 3 0x8000dab4 (0x532eff97) x31 0xd32fcab4
core   0: 0x8000dab8 (0x0321cc63) blt     gp, s2, pc + 56
core   0: 3 0x8000dab8 (0x0321cc63)
core   0: 0x8000daf0 (0x02a61063) bne     a2, a0, pc + 32
core   0: 3 0x8000daf0 (0x02a61063)
core   0: 0x8000db10 (0x00fc1913) slli    s2, s8, 15
core   0: 3 0x8000db10 (0x00fc1913) x18 0x44dc0000
core   0: 0x8000db14 (0x3352a913) slti    s2, t0, 821
core   0: 3 0x8000db14 (0x3352a913) x18 0x00000001
core   0: 0x8000db18 (0x00af47b3) xor     a5, t5, a0
core   0: 3 0x8000db18 (0x00af47b3) x15 0x8002ece5
core   0: 0x8000db1c (0x02717c63) bgeu    sp, t2, pc + 56
core   0: 3 0x8000db1c (0x02717c63)
core   0: 0x8000db54 (0x034c4863) blt     s8, s4, pc + 48
core   0: 3 0x8000db54 (0x034c4863)
core   0: 0x8000db84 (0x0183e633) or      a2, t2, s8
core   0: 3 0x8000db84 (0x0183e633) x12 0xda1489b8
core   0: 0x8000db88 (0xe04bb293) sltiu   t0, s7, -508
core   0: 3 0x8000db88 (0xe04bb293) x 5 0x00000001
core   0: 0x8000db8c (0x00000013) nop
core   0: 3 0x8000db8c (0x00000013)
core   0: 0x8000db90 (0x00972f33) slt     t5, a4, s1
core   0: 3 0x8000db90 (0x00972f33) x30 0x00000000
core   0: 0x8000db94 (0x0ff0000f) fence   iorw,iorw
core   0: 3 0x8000db94 (0x0ff0000f)
core   0: 0x8000db98 (0x02b2fc63) bgeu    t0, a1, pc + 56
core   0: 3 0x8000db98 (0x02b2fc63)
core   0: 0x8000dbd0 (0x001c1e93) slli    t4, s8, 1
core   0: 3 0x8000dbd0 (0x001c1e93) x29 0xb4291370
core   0: 0x8000dbd4 (0x014b4193) xori    gp, s6, 20
core   0: 3 0x8000dbd4 (0x014b4193) x 3 0x00000014
core   0: 0x8000dbd8 (0x00909cb3) sll     s9, ra, s1
core   0: 3 0x8000dbd8 (0x00909cb3) x25 0x00000552
core   0: 0x8000dbdc (0x010561b3) or      gp, a0, a6
core   0: 3 0x8000dbdc (0x010561b3) x 3 0xac1efce4
core   0: 0x8000dbe0 (0x0070c263) blt     ra, t2, pc + 4
core   0: 3 0x8000dbe0 (0x0070c263)
core   0: 0x8000dbe4 (0x00000013) nop
core   0: 3 0x8000dbe4 (0x00000013)
core   0: 0x8000dbe8 (0x00367e33) and     t3, a2, gp
core   0: 3 0x8000dbe8 (0x00367e33) x28 0x881488a0
core   0: 0x8000dbec (0x8c197393) andi    t2, s2, -1855
core   0: 3 0x8000dbec (0x8c197393) x 7 0x00000001
core   0: 0x8000dbf0 (0x01b65f13) srli    t5, a2, 27
core   0: 3 0x8000dbf0 (0x01b65f13) x30 0x0000001b
core   0: 0x8000dbf4 (0x0196e663) bltu    a3, s9, pc + 12
core   0: 3 0x8000dbf4 (0x0196e663)
core   0: 0x8000dbf8 (0x4163d033) sra     zero, t2, s6
core   0: 3 0x8000dbf8 (0x4163d033)
core   0: 0x8000dbfc (0x8a964493) xori    s1, a2, -1879
core   0: 3 0x8000dbfc (0x8a964493) x 9 0x25eb7111
core   0: 0x8000dc00 (0x012172b3) and     t0, sp, s2
core   0: 3 0x8000dc00 (0x012172b3) x 5 0x00000000
core   0: 0x8000dc04 (0x40645913) srai    s2, s0, 6
core   0: 3 0x8000dc04 (0x40645913) x18 0x0000001c
core   0: 0x8000dc08 (0x0000100f) fence.i
core   0: 3 0x8000dc08 (0x0000100f)
core   0: 0x8000dc0c (0x00506a63) bltu    zero, t0, pc + 20
core   0: 3 0x8000dc0c (0x00506a63)
core   0: 0x8000dc10 (0x004f4ab3) xor     s5, t5, tp
core   0: 3 0x8000dc10 (0x004f4ab3) x21 0x000001e5
core   0: 0x8000dc14 (0x01a33fb3) sltu    t6, t1, s10
core   0: 3 0x8000dc14 (0x01a33fb3) x31 0x00000001
core   0: 0x8000dc18 (0x010871b3) and     gp, a6, a6
core   0: 3 0x8000dc18 (0x010871b3) x 3 0xac1c3000
core   0: 0x8000dc1c (0x01e2e2b3) or      t0, t0, t5
core   0: 3 0x8000dc1c (0x01e2e2b3) x 5 0x0000001b
core   0: 0x8000dc20 (0x01aed463) bge     t4, s10, pc + 8
core   0: 3 0x8000dc20 (0x01aed463)
core   0: 0x8000dc24 (0x41b407b3) sub     a5, s0, s11
core   0: 3 0x8000dc24 (0x41b407b3) x15 0x0000070d
core   0: 0x8000dc28 (0x00c35d33) srl     s10, t1, a2
core   0: 3 0x8000dc28 (0x00c35d33) x26 0x00000000
core   0: 0x8000dc2c (0x0ff0000f) fence   iorw,iorw
core   0: 3 0x8000dc2c (0x0ff0000f)
core   0: 0x8000dc30 (0x0355fc63) bgeu    a1, s5, pc + 56
core   0: 3 0x8000dc30 (0x0355fc63)
core   0: 0x8000dc34 (0x7daaeb37) lui     s6, 0x7daae
core   0: 3 0x8000dc34 (0x7daaeb37) x22 0x7daae000
core   0: 0x8000dc38 (0x145d7a13) andi    s4, s10, 325
core   0: 3 0x8000dc38 (0x145d7a13) x20 0x00000000
core   0: 0x8000dc3c (0x0000100f) fence.i
core   0: 3 0x8000dc3c (0x0000100f)
core   0: 0x8000dc40 (0x00486633) or      a2, a6, tp
core   0: 3 0x8000dc40 (0x00486633) x12 0xac1c31fe
core   0: 0x8000dc44 (0x0000100f) fence.i
core   0: 3 0x8000dc44 (0x0000100f)
core   0: 0x8000dc48 (0x007f3933) sltu    s2, t5, t2
core   0: 3 0x8000dc48 (0x007f3933) x18 0x00000000
core   0: 0x8000dc4c (0x413a8c33) sub     s8, s5, s3
core   0: 3 0x8000dc4c (0x413a8c33) x24 0x00000165
core   0: 0x8000dc50 (0x40680033) sub     zero, a6, t1
core   0: 3 0x8000dc50 (0x40680033)
core   0: 0x8000dc54 (0x0023b233) sltu    tp, t2, sp
core   0: 3 0x8000dc54 (0x0023b233) x 4 0x00000001
core   0: 0x8000dc58 (0x003f9933) sll     s2, t6, gp
core   0: 3 0x8000dc58 (0x003f9933) x18 0x00000001
core   0: 0x8000dc5c (0x03a06863) bltu    zero, s10, pc + 48
core   0: 3 0x8000dc5c (0x03a06863)
core   0: 0x8000dc60 (0x3261b193) sltiu   gp, gp, 806
core   0: 3 0x8000dc60 (0x3261b193) x 3 0x00000000
core   0: 0x8000dc64 (0x0065ee33) or      t3, a1, t1
core   0: 3 0x8000dc64 (0x0065ee33) x28 0x00000001
core   0: 0x8000dc68 (0xa32c6d93) ori     s11, s8, -1486
core   0: 3 0x8000dc68 (0xa32c6d93) x27 0xfffffb77
core   0: 0x8000dc6c (0x005dd213) srli    tp, s11, 5
core   0: 3 0x8000dc6c (0x005dd213) x 4 0x07ffffdb
core   0: 0x8000dc70 (0x0156d463) bge     a3, s5, pc + 8
core   0: 3 0x8000dc70 (0x0156d463)
core   0: 0x8000dc74 (0x00000013) nop
core   0: 3 0x8000dc74 (0x00000013)
core   0: 0x8000dc78 (0xb3f5aa13) slti    s4, a1, -1217
core   0: 3 0x8000dc78 (0xb3f5aa13) x20 0x00000000
core   0: 0x8000dc7c (0x8d8b2e13) slti    t3, s6, -1832
core   0: 3 0x8000dc7c (0x8d8b2e13) x28 0x00000000
core   0: 0x8000dc80 (0x7d65b213) sltiu   tp, a1, 2006
core   0: 3 0x8000dc80 (0x7d65b213) x 4 0x00000001
core   0: 0x8000dc84 (0x410f8ab3) sub     s5, t6, a6
core   0: 3 0x8000dc84 (0x410f8ab3) x21 0x53e3d001
core   0: 0x8000dc88 (0x01a77833) and     a6, a4, s10
core   0: 3 0x8000dc88 (0x01a77833) x16 0x00000000
core   0: 0x8000dc8c (0x26db6f13) ori     t5, s6, 621
core   0: 3 0x8000dc8c (0x26db6f13) x30 0x7daae26d
core   0: 0x8000dc90 (0x41cc5833) sra     a6, s8, t3
core   0: 3 0x8000dc90 (0x41cc5833) x16 0x00000165
core   0: 0x8000dc94 (0x73d98813) addi    a6, s3, 1853
core   0: 3 0x8000dc94 (0x73d98813) x16 0x000007bd
core   0: 0x8000dc98 (0x03c17063) bgeu    sp, t3, pc + 32
core   0: 3 0x8000dc98 (0x03c17063)
core   0: 0x8000dcb8 (0x5c4b7d13) andi    s10, s6, 1476
core   0: 3 0x8000dcb8 (0x5c4b7d13) x26 0x00000000
core   0: 0x8000dcbc (0x01dffab3) and     s5, t6, t4
core   0: 3 0x8000dcbc (0x01dffab3) x21 0x00000000
core   0: 0x8000dcc0 (0x00000013) nop
core   0: 3 0x8000dcc0 (0x00000013)
core   0: 0x8000dcc4 (0x05a0e663) bltu    ra, s10, pc + 76
core   0: 3 0x8000dcc4 (0x05a0e663)
core   0: 0x8000dcc8 (0x40c35613) srai    a2, t1, 12
core   0: 3 0x8000dcc8 (0x40c35613) x12 0x00000000
core   0: 0x8000dccc (0x01e59213) slli    tp, a1, 30
core   0: 3 0x8000dccc (0x01e59213) x 4 0x40000000
core   0: 0x8000dcd0 (0x036c7a63) bgeu    s8, s6, pc + 52
core   0: 3 0x8000dcd0 (0x036c7a63)
core   0: 0x8000dcd4 (0xe3486e93) ori     t4, a6, -460
core   0: 3 0x8000dcd4 (0xe3486e93) x29 0xffffffbd
core   0: 0x8000dcd8 (0x0032e463) bltu    t0, gp, pc + 8
core   0: 3 0x8000dcd8 (0x0032e463)
core   0: 0x8000dcdc (0x41f58eb3) sub     t4, a1, t6
core   0: 3 0x8000dcdc (0x41f58eb3) x29 0x00000000
core   0: 0x8000dce0 (0x009b49b3) xor     s3, s6, s1
core   0: 3 0x8000dce0 (0x009b49b3) x19 0x58419111
core   0: 0x8000dce4 (0x023d9a63) bne     s11, gp, pc + 52
core   0: 3 0x8000dce4 (0x023d9a63)
core   0: 0x8000dd18 (0x00cc9b13) slli    s6, s9, 12
core   0: 3 0x8000dd18 (0x00cc9b13) x22 0x00552000
core   0: 0x8000dd1c (0x1b5c5317) auipc   t1, 0x1b5c5
core   0: 3 0x8000dd1c (0x1b5c5317) x 6 0x9b5d2d1c
core   0: 0x8000dd20 (0x00000013) nop
core   0: 3 0x8000dd20 (0x00000013)
core   0: 0x8000dd24 (0x1e61a993) slti    s3, gp, 486
core   0: 3 0x8000dd24 (0x1e61a993) x19 0x00000001
core   0: 0x8000dd28 (0x00000013) nop
core   0: 3 0x8000dd28 (0x00000013)
core   0: 0x8000dd2c (0x66260e13) addi    t3, a2, 1634
core   0: 3 0x8000dd2c (0x66260e13) x28 0x00000662
core   0: 0x8000dd30 (0xab88cb13) xori    s6, a7, -1352
core   0: 3 0x8000dd30 (0xab88cb13) x22 0xfffffabe
core   0: 0x8000dd34 (0x008822b3) slt     t0, a6, s0
core   0: 3 0x8000dd34 (0x008822b3) x 5 0x00000000
core   0: 0x8000dd38 (0x2782cc13) xori    s8, t0, 632
core   0: 3 0x8000dd38 (0x2782cc13) x24 0x00000278
core   0: 0x8000dd3c (0x05bb6663) bltu    s6, s11, pc + 76
core   0: 3 0x8000dd3c (0x05bb6663)
core   0: 0x8000dd88 (0x8a3e8613) addi    a2, t4, -1885
core   0: 3 0x8000dd88 (0x8a3e8613) x12 0xfffff8a3
core   0: 0x8000dd8c (0x03a8e263) bltu    a7, s10, pc + 36
core   0: 3 0x8000dd8c (0x03a8e263)
core   0: 0x8000dd90 (0x26bf3613) sltiu   a2, t5, 619
core   0: 3 0x8000dd90 (0x26bf3613) x12 0x00000000
core   0: 0x8000dd94 (0x402e8933) sub     s2, t4, sp
core   0: 3 0x8000dd94 (0x402e8933) x18 0x7ffd51c8
core   0: 0x8000dd98 (0x14a93893) sltiu   a7, s2, 330
core   0: 3 0x8000dd98 (0x14a93893) x17 0x00000000
core   0: 0x8000dd9c (0x683fae13) slti    t3, t6, 1667
core   0: 3 0x8000dd9c (0x683fae13) x28 0x00000001
core   0: 0x8000dda0 (0x018008b3) add     a7, zero, s8
core   0: 3 0x8000dda0 (0x018008b3) x17 0x00000278
core   0: 0x8000dda4 (0xc6518313) addi    t1, gp, -923
core   0: 3 0x8000dda4 (0xc6518313) x 6 0xfffffc65
core   0: 0x8000dda8 (0x04f40663) beq     s0, a5, pc + 76
core   0: 3 0x8000dda8 (0x04f40663)
core   0: 0x8000ddf4 (0x01a7f5b3) and     a1, a5, s10
core   0: 3 0x8000ddf4 (0x01a7f5b3) x11 0x00000000
core   0: 0x8000ddf8 (0x01d19a63) bne     gp, t4, pc + 20
core   0: 3 0x8000ddf8 (0x01d19a63)
core   0: 0x8000ddfc (0xfde6cd93) xori    s11, a3, -34
core   0: 3 0x8000ddfc (0xfde6cd93) x27 0x3770656e
core   0: 0x8000de00 (0x0031b0b3) sltu    ra, gp, gp
core   0: 3 0x8000de00 (0x0031b0b3) x 1 0x00000000
core   0: 0x8000de04 (0x6aeaef17) auipc   t5, 0x6aeae
core   0: 3 0x8000de04 (0x6aeaef17) x30 0xeaebbe04
core   0: 0x8000de08 (0x02dfdc63) bge     t6, a3, pc + 56
core   0: 3 0x8000de08 (0x02dfdc63)
core   0: 0x8000de40 (0x8b984f93) xori    t6, a6, -1863
core   0: 3 0x8000de40 (0x8b984f93) x31 0xffffff04
core   0: 0x8000de44 (0x01ed9663) bne     s11, t5, pc + 12
core   0: 3 0x8000de44 (0x01ed9663)
core   0: 0x8000de50 (0x0ff0000f) fence   iorw,iorw
core   0: 3 0x8000de50 (0x0ff0000f)
core   0: 0x8000de54 (0x40c45d13) srai    s10, s0, 12
core   0: 3 0x8000de54 (0x40c45d13) x26 0x00000000
core   0: 0x8000de58 (0x8283c313) xori    t1, t2, -2008
core   0: 3 0x8000de58 (0x8283c313) x 6 0xfffff829
core   0: 0x8000de5c (0x7459e313) ori     t1, s3, 1861
core   0: 3 0x8000de5c (0x7459e313) x 6 0x00000745
core   0: 0x8000de60 (0x033a8c63) beq     s5, s3, pc + 56
core   0: 3 0x8000de60 (0x033a8c63)
core   0: 0x8000de64 (0x4ce2b393) sltiu   t2, t0, 1230
core   0: 3 0x8000de64 (0x4ce2b393) x 7 0x00000001
core   0: 0x8000de68 (0x01eb4f33) xor     t5, s6, t5
core   0: 3 0x8000de68 (0x01eb4f33) x30 0x151444ba
core   0: 0x8000de6c (0xd1222393) slti    t2, tp, -750
core   0: 3 0x8000de6c (0xd1222393) x 7 0x00000000
core   0: 0x8000de70 (0x816dbc37) lui     s8, 0x816db
core   0: 3 0x8000de70 (0x816dbc37) x24 0x816db000
core   0: 0x8000de74 (0x0056c9b3) xor     s3, a3, t0
core   0: 3 0x8000de74 (0x0056c9b3) x19 0xc88f9ab0
core   0: 0x8000de78 (0x01a951b3) srl     gp, s2, s10
core   0: 3 0x8000de78 (0x01a951b3) x 3 0x7ffd51c8
core   0: 0x8000de7c (0x05de7663) bgeu    t3, t4, pc + 76
core   0: 3 0x8000de7c (0x05de7663)
core   0: 0x8000dec8 (0x41d98f33) sub     t5, s3, t4
core   0: 3 0x8000dec8 (0x41d98f33) x30 0xc88f9ab0
core   0: 0x8000decc (0x014be333) or      t1, s7, s4
core   0: 3 0x8000decc (0x014be333) x 6 0xd1eeaab3
core   0: 0x8000ded0 (0x00396ab3) or      s5, s2, gp
core   0: 3 0x8000ded0 (0x00396ab3) x21 0x7ffd51c8
core   0: 0x8000ded4 (0x40388b33) sub     s6, a7, gp
core   0: 3 0x8000ded4 (0x40388b33) x22 0x8002b0b0
core   0: 0x8000ded8 (0x0602b217) auipc   tp, 0x602b
core   0: 3 0x8000ded8 (0x0602b217) x 4 0x86038ed8
core   0: 0x8000dedc (0x01cd8463) beq     s11, t3, pc + 8
core   0: 3 0x8000dedc (0x01cd8463)
core   0: 0x8000dee0 (0x04bb0663) beq     s6, a1, pc + 76
core   0: 3 0x8000dee0 (0x04bb0663)
core   0: 0x8000dee4 (0x02a46a63) bltu    s0, a0, pc + 52
core   0: 3 0x8000dee4 (0x02a46a63)
core   0: 0x8000df18 (0x41d658b3) sra     a7, a2, t4
core   0: 3 0x8000df18 (0x41d658b3) x17 0x00000000
core   0: 0x8000df1c (0x02bf8663) beq     t6, a1, pc + 44
core   0: 3 0x8000df1c (0x02bf8663)
core   0: 0x8000df20 (0x0079dd93) srli    s11, s3, 7
core   0: 3 0x8000df20 (0x0079dd93) x27 0x01911f35
core   0: 0x8000df24 (0x009e05b3) add     a1, t3, s1
core   0: 3 0x8000df24 (0x009e05b3) x11 0x25eb7112
core   0: 0x8000df28 (0x41d15313) srai    t1, sp, 29
core   0: 3 0x8000df28 (0x41d15313) x 6 0xfffffffc
core   0: 0x8000df2c (0x002b6ab3) or      s5, s6, sp
core   0: 3 0x8000df2c (0x002b6ab3) x21 0x8002beb8
core   0: 0x8000df30 (0x004ed663) bge     t4, tp, pc + 12
core   0: 3 0x8000df30 (0x004ed663)
core   0: 0x8000df3c (0xa33d3c93) sltiu   s9, s10, -1485
core   0: 3 0x8000df3c (0xa33d3c93) x25 0x00000001
core   0: 0x8000df40 (0x0ff0000f) fence   iorw,iorw
core   0: 3 0x8000df40 (0x0ff0000f)
core   0: 0x8000df44 (0x010dd4b3) srl     s1, s11, a6
core   0: 3 0x8000df44 (0x010dd4b3) x 9 0x00000000
core   0: 0x8000df48 (0x00fee263) bltu    t4, a5, pc + 4
core   0: 3 0x8000df48 (0x00fee263)
core   0: 0x8000df4c (0x01959433) sll     s0, a1, s9
core   0: 3 0x8000df4c (0x01959433) x 8 0x4bd6e224
core   0: 0x8000df50 (0x01eb10b3) sll     ra, s6, t5
core   0: 3 0x8000df50 (0x01eb10b3) x 1 0xb0b00000
core   0: 0x8000df54 (0x408784b3) sub     s1, a5, s0
core   0: 3 0x8000df54 (0x408784b3) x 9 0xb42924e9
core   0: 0x8000df58 (0x0511f663) bgeu    gp, a7, pc + 76
core   0: 3 0x8000df58 (0x0511f663)
core   0: 0x8000dfa4 (0x01179093) slli    ra, a5, 17
core   0: 3 0x8000dfa4 (0x01179093) x 1 0x0e1a0000
core   0: 0x8000dfa8 (0x0000100f) fence.i
core   0: 3 0x8000dfa8 (0x0000100f)
core   0: 0x8000dfac (0x021a1063) bne     s4, ra, pc + 32
core   0: 3 0x8000dfac (0x021a1063)
core   0: 0x8000dfcc (0x01949213) slli    tp, s1, 25
core   0: 3 0x8000dfcc (0x01949213) x 4 0xd2000000
core   0: 0x8000dfd0 (0xe2e0fd93) andi    s11, ra, -466
core   0: 3 0x8000dfd0 (0xe2e0fd93) x27 0x0e1a0000
core   0: 0x8000dfd4 (0x000ed5b3) srl     a1, t4, zero
core   0: 3 0x8000dfd4 (0x000ed5b3) x11 0x00000000
core   0: 0x8000dfd8 (0x012fbdb3) sltu    s11, t6, s2
core   0: 3 0x8000dfd8 (0x012fbdb3) x27 0x00000000
core   0: 0x8000dfdc (0x00412303) lw      t1, 4(sp)
core   0: 3 0x8000dfdc (0x00412303) x 6 0x800058d4 mem 0x8002ae3c
core   0: 0x8000dfe0 (0x0ff0000f) fence   iorw,iorw
core   0: 3 0x8000dfe0 (0x0ff0000f)
core   0: 0x8000dfe4 (0x02c10113) addi    sp, sp, 44
core   0: 3 0x8000dfe4 (0x02c10113) x 2 0x8002ae64
core   0: 0x8000dfe8 (0x5c47f713) andi    a4, a5, 1476
core   0: 3 0x8000dfe8 (0x5c47f713) x14 0x00000504
core   0: 0x8000dfec (0x01c59433) sll     s0, a1, t3
core   0: 3 0x8000dfec (0x01c59433) x 8 0x00000000
core   0: 0x8000dff0 (0x41f9dc13) srai    s8, s3, 31
core   0: 3 0x8000dff0 (0x41f9dc13) x24 0xffffffff
core   0: 0x8000dff4 (0x84f37a13) andi    s4, t1, -1969
core   0: 3 0x8000dff4 (0x84f37a13) x20 0x80005844
core   0: 0x8000dff8 (0x0037fe33) and     t3, a5, gp
core   0: 3 0x8000dff8 (0x0037fe33) x28 0x00000108
core   0: 0x8000dffc (0x00203233) snez    tp, sp
core   0: 3 0x8000dffc (0x00203233) x 4 0x00000001
core   0: 0x8000e000 (0x00030213) mv      tp, t1
core   0: 3 0x8000e000 (0x00030213) x 4 0x800058d4
core   0: 0x8000e004 (0x00020267) jalr    tp, tp, 0
core   0: 3 0x8000e004 (0x00020267) x 4 0x8000e008
core   0: 0x800058d4 (0x01058433) add     s0, a1, a6
core   0: 3 0x800058d4 (0x01058433) x 8 0x000007bd
core   0: 0x800058d8 (0x010ca3b3) slt     t2, s9, a6
core   0: 3 0x800058d8 (0x010ca3b3) x 7 0x00000001
core   0: 0x800058dc (0x0000100f) fence.i
core   0: 3 0x800058dc (0x0000100f)
core   0: 0x800058e0 (0x0000100f) fence.i
core   0: 3 0x800058e0 (0x0000100f)
core   0: 0x800058e4 (0x414b51b3) sra     gp, s6, s4
core   0: 3 0x800058e4 (0x414b51b3) x 3 0xf8002b0b
core   0: 0x800058e8 (0x012f5233) srl     tp, t5, s2
core   0: 3 0x800058e8 (0x012f5233) x 4 0x00c88f9a
core   0: 0x800058ec (0x0ff0000f) fence   iorw,iorw
core   0: 3 0x800058ec (0x0ff0000f)
core   0: 0x800058f0 (0x010e5893) srli    a7, t3, 16
core   0: 3 0x800058f0 (0x010e5893) x17 0x00000000
core   0: 0x800058f4 (0x408b0a33) sub     s4, s6, s0
core   0: 3 0x800058f4 (0x408b0a33) x20 0x8002a8f3
core   0: 0x800058f8 (0x02b0d863) bge     ra, a1, pc + 48
core   0: 3 0x800058f8 (0x02b0d863)
core   0: 0x80005928 (0x01bc13b3) sll     t2, s8, s11
core   0: 3 0x80005928 (0x01bc13b3) x 7 0xffffffff
core   0: 0x8000592c (0xa8bff713) andi    a4, t6, -1397
core   0: 3 0x8000592c (0xa8bff713) x14 0xfffffa00
core   0: 0x80005930 (0x40d303b3) sub     t2, t1, a3
core   0: 3 0x80005930 (0x40d303b3) x 7 0xb770be24
core   0: 0x80005934 (0x0069ccb3) xor     s9, s3, t1
core   0: 3 0x80005934 (0x0069ccb3) x25 0x488fc264
core   0: 0x80005938 (0x1a65cb37) lui     s6, 0x1a65c
core   0: 3 0x80005938 (0x1a65cb37) x22 0x1a65c000
core   0: 0x8000593c (0x04f1c663) blt     gp, a5, pc + 76
core   0: 3 0x8000593c (0x04f1c663)
core   0: 0x80005988 (0x01661463) bne     a2, s6, pc + 8
core   0: 3 0x80005988 (0x01661463)
core   0: 0x80005990 (0x0190e333) or      t1, ra, s9
core   0: 3 0x80005990 (0x0190e333) x 6 0x4e9fc264
core   0: 0x80005994 (0x00dbcc63) blt     s7, a3, pc + 24
core   0: 3 0x80005994 (0x00dbcc63)
core   0: 0x80005998 (0x019b4e33) xor     t3, s6, s9
core   0: 3 0x80005998 (0x019b4e33) x28 0x52ea0264
core   0: 0x8000599c (0x05a96063) bltu    s2, s10, pc + 64
core   0: 3 0x8000599c (0x05a96063)
core   0: 0x800059a0 (0x00942733) slt     a4, s0, s1
core   0: 3 0x800059a0 (0x00942733) x14 0x00000000
core   0: 0x800059a4 (0x5524ee13) ori     t3, s1, 1362
core   0: 3 0x800059a4 (0x5524ee13) x28 0xb42925fb
core   0: 0x800059a8 (0x01eb7e33) and     t3, s6, t5
core   0: 3 0x800059a8 (0x01eb7e33) x28 0x08058000
core   0: 0x800059ac (0xa77f0393) addi    t2, t5, -1417
core   0: 3 0x800059ac (0xa77f0393) x 7 0xc88f9527
core   0: 0x800059b0 (0x0049da63) bge     s3, tp, pc + 20
core   0: 3 0x800059b0 (0x0049da63)
core   0: 0x800059b4 (0x04026063) bltu    tp, zero, pc + 64
core   0: 3 0x800059b4 (0x04026063)
core   0: 0x800059b8 (0x01574663) blt     a4, s5, pc + 12
core   0: 3 0x800059b8 (0x01574663)
core   0: 0x800059bc (0x01381f13) slli    t5, a6, 19
core   0: 3 0x800059bc (0x01381f13) x30 0x3de80000
core   0: 0x800059c0 (0xacafe093) ori     ra, t6, -1334
core   0: 3 0x800059c0 (0xacafe093) x 1 0xffffffce
core   0: 0x800059c4 (0xbe8b1717) auipc   a4, 0xbe8b1
core   0: 3 0x800059c4 (0xbe8b1717) x14 0x3e8b69c4
core   0: 0x800059c8 (0x013d7c33) and     s8, s10, s3
core   0: 3 0x800059c8 (0x013d7c33) x24 0x00000000
core   0: 0x800059cc (0x02f6d663) bge     a3, a5, pc + 44
core   0: 3 0x800059cc (0x02f6d663)
core   0: 0x800059d0 (0x01af1ab3) sll     s5, t5, s10
core   0: 3 0x800059d0 (0x01af1ab3) x21 0x3de80000
core   0: 0x800059d4 (0x0ff0000f) fence   iorw,iorw
core   0: 3 0x800059d4 (0x0ff0000f)
core   0: 0x800059d8 (0x043cd463) bge     s9, gp, pc + 72
core   0: 3 0x800059d8 (0x043cd463)
core   0: 0x80005a20 (0x03786c63) bltu    a6, s7, pc + 56
core   0: 3 0x80005a20 (0x03786c63)
core   0: 0x80005a58 (0x00000013) nop
core   0: 3 0x80005a58 (0x00000013)
core   0: 0x80005a5c (0x00ba33b3) sltu    t2, s4, a1
core   0: 3 0x80005a5c (0x00ba33b3) x 7 0x00000000
core   0: 0x80005a60 (0x0000100f) fence.i
core   0: 3 0x80005a60 (0x0000100f)
core   0: 0x80005a64 (0x01936263) bltu    t1, s9, pc + 4
core   0: 3 0x80005a64 (0x01936263)
core   0: 0x80005a68 (0x01880d33) add     s10, a6, s8
core   0: 3 0x80005a68 (0x01880d33) x26 0x000007bd
core   0: 0x80005a6c (0xa7143e93) sltiu   t4, s0, -1423
core   0: 3 0x80005a6c (0xa7143e93) x29 0x00000001
core   0: 0x80005a70 (0x010f3933) sltu    s2, t5, a6
core   0: 3 0x80005a70 (0x010f3933) x18 0x00000000
core   0: 0x80005a74 (0x0115d2b3) srl     t0, a1, a7
core   0: 3 0x80005a74 (0x0115d2b3) x 5 0x00000000
core   0: 0x80005a78 (0x01c15693) srli    a3, sp, 28
core   0: 3 0x80005a78 (0x01c15693) x13 0x00000008
core   0: 0x80005a7c (0xbb6d7813) andi    a6, s10, -1098
core   0: 3 0x80005a7c (0xbb6d7813) x16 0x000003b4
core   0: 0x80005a80 (0x009f5733) srl     a4, t5, s1
core   0: 3 0x80005a80 (0x009f5733) x14 0x001ef400
core   0: 0x80005a84 (0x27610697) auipc   a3, 0x27610
core   0: 3 0x80005a84 (0x27610697) x13 0xa7615a84
core   0: 0x80005a88 (0x00000013) nop
core   0: 3 0x80005a88 (0x00000013)
core   0: 0x80005a8c (0x014eb7b3) sltu    a5, t4, s4
core   0: 3 0x80005a8c (0x014eb7b3) x15 0x00000001
core   0: 0x80005a90 (0x41725b13) srai    s6, tp, 23
core   0: 3 0x80005a90 (0x41725b13) x22 0x00000001
core   0: 0x80005a94 (0x00010297) auipc   t0, 0x10
core   0: 3 0x80005a94 (0x00010297) x 5 0x80015a94
core   0: 0x80005a98 (0x46328293) addi    t0, t0, 1123
core   0: 3 0x80005a98 (0x46328293) x 5 0x80015ef7
core   0: 0x80005a9c (0xfcb29b03) lh      s6, -53(t0)
core   0: 3 0x80005a9c (0xfcb29b03) x22 0x00000000 mem 0x80015ec2
core   0: 0x80005aa0 (0xfd3285a3) sb      s3, -53(t0)
core   0: 3 0x80005aa0 (0xfd3285a3) mem 0x80015ec2 0xb0
core   0: 0x80005aa4 (0x41400a33) sub     s4, zero, s4
core   0: 3 0x80005aa4 (0x41400a33) x20 0x7ffd570d
core   0: 0x80005aa8 (0xfcb2df83) lhu     t6, -53(t0)
core   0: 3 0x80005aa8 (0xfcb2df83) x31 0x000000b0 mem 0x80015ec2
core   0: 0x80005aac (0xfdf285a3) sb      t6, -53(t0)
core   0: 3 0x80005aac (0xfdf285a3) mem 0x80015ec2 0xb0
core   0: 0x80005ab0 (0xfcb2c583) lbu     a1, -53(t0)
core   0: 3 0x80005ab0 (0xfcb2c583) x11 0x000000b0 mem 0x80015ec2
core   0: 0x80005ab4 (0xfcb28303) lb      t1, -53(t0)
core   0: 3 0x80005ab4 (0xfcb28303) x 6 0xffffffb0 mem 0x80015ec2
core   0: 0x80005ab8 (0xfcb2d183) lhu     gp, -53(t0)
core   0: 3 0x80005ab8 (0xfcb2d183) x 3 0x000000b0 mem 0x80015ec2
core   0: 0x80005abc (0xfcb2d883) lhu     a7, -53(t0)
core   0: 3 0x80005abc (0xfcb2d883) x17 0x000000b0 mem 0x80015ec2
core   0: 0x80005ac0 (0xfcf295a3) sh      a5, -53(t0)
core   0: 3 0x80005ac0 (0xfcf295a3) mem 0x80015ec2 0x0001
core   0: 0x80005ac4 (0x0ff0000f) fence   iorw,iorw
core   0: 3 0x80005ac4 (0x0ff0000f)
core   0: 0x80005ac8 (0x0ff0000f) fence   iorw,iorw
core   0: 3 0x80005ac8 (0x0ff0000f)
core   0: 0x80005acc (0xfdc295a3) sh      t3, -53(t0)
core   0: 3 0x80005acc (0xfdc295a3) mem 0x80015ec2 0x8000
core   0: 0x80005ad0 (0xfcb29703) lh      a4, -53(t0)
core   0: 3 0x80005ad0 (0xfcb29703) x14 0xffff8000 mem 0x80015ec2
core   0: 0x80005ad4 (0xfcb28683) lb      a3, -53(t0)
core   0: 3 0x80005ad4 (0xfcb28683) x13 0x00000000 mem 0x80015ec2
core   0: 0x80005ad8 (0xfcb2df83) lhu     t6, -53(t0)
core   0: 3 0x80005ad8 (0xfcb2df83) x31 0x00008000 mem 0x80015ec2
core   0: 0x80005adc (0xdf716037) lui     zero, 0xdf716
core   0: 3 0x80005adc (0xdf716037)
core   0: 0x80005ae0 (0xfcb29903) lh      s2, -53(t0)
core   0: 3 0x80005ae0 (0xfcb29903) x18 0xffff8000 mem 0x80015ec2
core   0: 0x80005ae4 (0xfcb2d883) lhu     a7, -53(t0)
core   0: 3 0x80005ae4 (0xfcb2d883) x17 0x00008000 mem 0x80015ec2
core   0: 0x80005ae8 (0xfca295a3) sh      a0, -53(t0)
core   0: 3 0x80005ae8 (0xfca295a3) mem 0x80015ec2 0xece4
core   0: 0x80005aec (0xfcb2cc83) lbu     s9, -53(t0)
core   0: 3 0x80005aec (0xfcb2cc83) x25 0x000000e4 mem 0x80015ec2
core   0: 0x80005af0 (0xfcc285a3) sb      a2, -53(t0)
core   0: 3 0x80005af0 (0xfcc285a3) mem 0x80015ec2 0x0
core   0: 0x80005af4 (0xfcb29883) lh      a7, -53(t0)
core   0: 3 0x80005af4 (0xfcb29883) x17 0xffffec00 mem 0x80015ec2
core   0: 0x80005af8 (0xeb9dfa13) andi    s4, s11, -327
core   0: 3 0x80005af8 (0xeb9dfa13) x20 0x00000000
core   0: 0x80005afc (0x9c39a293) slti    t0, s3, -1597
core   0: 3 0x80005afc (0x9c39a293) x 5 0x00000001
core   0: 0x80005b00 (0xd8e78013) addi    zero, a5, -626
core   0: 3 0x80005b00 (0xd8e78013)
core   0: 0x80005b04 (0x8064e1b7) lui     gp, 0x8064e
core   0: 3 0x80005b04 (0x8064e1b7) x 3 0x8064e000
core   0: 0x80005b08 (0x57c37b13) andi    s6, t1, 1404
core   0: 3 0x80005b08 (0x57c37b13) x22 0x00000530
core   0: 0x80005b0c (0x01e91a33) sll     s4, s2, t5
core   0: 3 0x80005b0c (0x01e91a33) x20 0xffff8000
core   0: 0x80005b10 (0x00d1e8b3) or      a7, gp, a3
core   0: 3 0x80005b10 (0x00d1e8b3) x17 0x8064e000
core   0: 0x80005b14 (0x0183f333) and     t1, t2, s8
core   0: 3 0x80005b14 (0x0183f333) x 6 0x00000000
core   0: 0x80005b18 (0xc692c793) xori    a5, t0, -919
core   0: 3 0x80005b18 (0xc692c793) x15 0xfffffc68
core   0: 0x80005b1c (0x003102b3) add     t0, sp, gp
core   0: 3 0x80005b1c (0x003102b3) x 5 0x00678e64
core   0: 0x80005b20 (0x003cab33) slt     s6, s9, gp
core   0: 3 0x80005b20 (0x003cab33) x22 0x00000000
core   0: 0x80005b24 (0x11a70063) beq     a4, s10, pc + 256
core   0: 3 0x80005b24 (0x11a70063)
core   0: 0x80005b28 (0x40e75e33) sra     t3, a4, a4
core   0: 3 0x80005b28 (0x40e75e33) x28 0xffff8000
core   0: 0x80005b2c (0x0f495c63) bge     s2, s4, pc + 248
core   0: 3 0x80005b2c (0x0f495c63)
core   0: 0x80005c24 (0x05694063) blt     s2, s6, pc + 64
core   0: 3 0x80005c24 (0x05694063)
core   0: 0x80005c64 (0x40645ab3) sra     s5, s0, t1
core   0: 3 0x80005c64 (0x40645ab3) x21 0x000007bd
core   0: 0x80005c68 (0x190d6f97) auipc   t6, 0x190d6
core   0: 3 0x80005c68 (0x190d6f97) x31 0x990dbc68
core   0: 0x80005c6c (0x012bee33) or      t3, s7, s2
core   0: 3 0x80005c6c (0x012bee33) x28 0xffffaab3
core   0: 0x80005c70 (0x0179cd33) xor     s10, s3, s7
core   0: 3 0x80005c70 (0x0179cd33) x26 0x19613003
core   0: 0x80005c74 (0x008cf863) bgeu    s9, s0, pc + 16
core   0: 3 0x80005c74 (0x008cf863)
core   0: 0x80005c78 (0x93332f13) slti    t5, t1, -1741
core   0: 3 0x80005c78 (0x93332f13) x30 0x00000000
core   0: 0x80005c7c (0x0178bfb3) sltu    t6, a7, s7
core   0: 3 0x80005c7c (0x0178bfb3) x31 0x00000001
core   0: 0x80005c80 (0x00000013) nop
core   0: 3 0x80005c80 (0x00000013)
core   0: 0x80005c84 (0x41175993) srai    s3, a4, 17
core   0: 3 0x80005c84 (0x41175993) x19 0xffffffff
core   0: 0x80005c88 (0xf1a73d93) sltiu   s11, a4, -230
core   0: 3 0x80005c88 (0xf1a73d93) x27 0x00000001
core   0: 0x80005c8c (0x0039d893) srli    a7, s3, 3
core   0: 3 0x80005c8c (0x0039d893) x17 0x1fffffff
core   0: 0x80005c90 (0x0000100f) fence.i
core   0: 3 0x80005c90 (0x0000100f)
core   0: 0x80005c94 (0x00000013) nop
core   0: 3 0x80005c94 (0x00000013)
core   0: 0x80005c98 (0x05e27863) bgeu    tp, t5, pc + 80
core   0: 3 0x80005c98 (0x05e27863)
core   0: 0x80005ce8 (0x413a5e13) srai    t3, s4, 19
core   0: 3 0x80005ce8 (0x413a5e13) x28 0xffffffff
core   0: 0x80005cec (0x4e066013) ori     zero, a2, 1248
core   0: 3 0x80005cec (0x4e066013)
core   0: 0x80005cf0 (0x0ff0000f) fence   iorw,iorw
core   0: 3 0x80005cf0 (0x0ff0000f)
core   0: 0x80005cf4 (0x03240e63) beq     s0, s2, pc + 60
core   0: 3 0x80005cf4 (0x03240e63)
core   0: 0x80005cf8 (0x01455093) srli    ra, a0, 20
core   0: 3 0x80005cf8 (0x01455093) x 1 0x00000800
core   0: 0x80005cfc (0x01e2f033) and     zero, t0, t5
core   0: 3 0x80005cfc (0x01e2f033)
core   0: 0x80005d00 (0x003a5f93) srli    t6, s4, 3
core   0: 3 0x80005d00 (0x003a5f93) x31 0x1ffff000
core   0: 0x80005d04 (0x145cfe93) andi    t4, s9, 325
core   0: 3 0x80005d04 (0x145cfe93) x29 0x00000044
core   0: 0x80005d08 (0x03215663) bge     sp, s2, pc + 44
core   0: 3 0x80005d08 (0x03215663)
core   0: 0x80005d0c (0x043c6863) bltu    s8, gp, pc + 80
core   0: 3 0x80005d0c (0x043c6863)
core   0: 0x80005d5c (0x0ff0000f) fence   iorw,iorw
core   0: 3 0x80005d5c (0x0ff0000f)
core   0: 0x80005d60 (0x047fda63) bge     t6, t2, pc + 84
core   0: 3 0x80005d60 (0x047fda63)
core   0: 0x80005db4 (0x479ba413) slti    s0, s7, 1145
core   0: 3 0x80005db4 (0x479ba413) x 8 0x00000001
core   0: 0x80005db8 (0x01163cb3) sltu    s9, a2, a7
core   0: 3 0x80005db8 (0x01163cb3) x25 0x00000001
core   0: 0x80005dbc (0x00dce4b3) or      s1, s9, a3
core   0: 3 0x80005dbc (0x00dce4b3) x 9 0x00000001
core   0: 0x80005dc0 (0x05a75663) bge     a4, s10, pc + 76
core   0: 3 0x80005dc0 (0x05a75663)
core   0: 0x80005dc4 (0x0562d663) bge     t0, s6, pc + 76
core   0: 3 0x80005dc4 (0x0562d663)
core   0: 0x80005e10 (0x01d58733) add     a4, a1, t4
core   0: 3 0x80005e10 (0x01d58733) x14 0x000000f4
core   0: 0x80005e14 (0x01b83733) sltu    a4, a6, s11
core   0: 3 0x80005e14 (0x01b83733) x14 0x00000000
core   0: 0x80005e18 (0x05e67863) bgeu    a2, t5, pc + 80
core   0: 3 0x80005e18 (0x05e67863)
core   0: 0x80005e68 (0x726c3613) sltiu   a2, s8, 1830
core   0: 3 0x80005e68 (0x726c3613) x12 0x00000001
core   0: 0x80005e6c (0x0d2d4613) xori    a2, s10, 210
core   0: 3 0x80005e6c (0x0d2d4613) x12 0x196130d1
core   0: 0x80005e70 (0xcb5a0a13) addi    s4, s4, -843
core   0: 3 0x80005e70 (0xcb5a0a13) x20 0xffff7cb5
core   0: 0x80005e74 (0x01537a63) bgeu    t1, s5, pc + 20
core   0: 3 0x80005e74 (0x01537a63)
core   0: 0x80005e78 (0x012c8863) beq     s9, s2, pc + 16
core   0: 3 0x80005e78 (0x012c8863)
core   0: 0x80005e7c (0xcf376293) ori     t0, a4, -781
core   0: 3 0x80005e7c (0xcf376293) x 5 0xfffffcf3
core   0: 0x80005e80 (0x35254413) xori    s0, a0, 850
core   0: 3 0x80005e80 (0x35254413) x 8 0x8002efb6
core   0: 0x80005e84 (0x04edc263) blt     s11, a4, pc + 68
core   0: 3 0x80005e84 (0x04edc263)
core   0: 0x80005e88 (0x011f8333) add     t1, t6, a7
core   0: 3 0x80005e88 (0x011f8333) x 6 0x3fffefff
core   0: 0x80005e8c (0x0bda6d13) ori     s10, s4, 189
core   0: 3 0x80005e8c (0x0bda6d13) x26 0xffff7cbd
core   0: 0x80005e90 (0x00dfb1b3) sltu    gp, t6, a3
core   0: 3 0x80005e90 (0x00dfb1b3) x 3 0x00000000
core   0: 0x80005e94 (0x041bc663) blt     s7, ra, pc + 76
core   0: 3 0x80005e94 (0x041bc663)
core   0: 0x80005ee0 (0x00000013) nop
core   0: 3 0x80005ee0 (0x00000013)
core   0: 0x80005ee4 (0x7d930093) addi    ra, t1, 2009
core   0: 3 0x80005ee4 (0x7d930093) x 1 0x3ffff7d8
core   0: 0x80005ee8 (0x003c1f93) slli    t6, s8, 3
core   0: 3 0x80005ee8 (0x003c1f93) x31 0x00000000
core   0: 0x80005eec (0x00000013) nop
core   0: 3 0x80005eec (0x00000013)
core   0: 0x80005ef0 (0x0096f933) and     s2, a3, s1
core   0: 3 0x80005ef0 (0x0096f933) x18 0x00000000
core   0: 0x80005ef4 (0x01c7b333) sltu    t1, a5, t3
core   0: 3 0x80005ef4 (0x01c7b333) x 6 0x00000001
core   0: 0x80005ef8 (0x01711413) slli    s0, sp, 23
core   0: 3 0x80005ef8 (0x01711413) x 8 0x32000000
core   0: 0x80005efc (0xd300a693) slti    a3, ra, -720
core   0: 3 0x80005efc (0xd300a693) x13 0x00000000
core   0: 0x80005f00 (0x8db76213) ori     tp, a4, -1829
core   0: 3 0x80005f00 (0x8db76213) x 4 0xfffff8db
core   0: 0x80005f04 (0x00000013) nop
core   0: 3 0x80005f04 (0x00000013)
core   0: 0x80005f08 (0x023a5263) bge     s4, gp, pc + 36
core   0: 3 0x80005f08 (0x023a5263)
core   0: 0x80005f0c (0x009977b3) and     a5, s2, s1
core   0: 3 0x80005f0c (0x009977b3) x15 0x00000000
core   0: 0x80005f10 (0xda86fd13) andi    s10, a3, -600
core   0: 3 0x80005f10 (0xda86fd13) x26 0x00000000
core   0: 0x80005f14 (0x02f99e63) bne     s3, a5, pc + 60
core   0: 3 0x80005f14 (0x02f99e63)
core   0: 0x80005f50 (0x9a283b13) sltiu   s6, a6, -1630
core   0: 3 0x80005f50 (0x9a283b13) x22 0x00000001
core   0: 0x80005f54 (0x01741633) sll     a2, s0, s7
core   0: 3 0x80005f54 (0x01741633) x12 0x00000000
core   0: 0x80005f58 (0x40225a33) sra     s4, tp, sp
core   0: 3 0x80005f58 (0x40225a33) x20 0xffffff8d
core   0: 0x80005f5c (0x00f41f13) slli    t5, s0, 15
core   0: 3 0x80005f5c (0x00f41f13) x30 0x00000000
core   0: 0x80005f60 (0xf00c8c93) addi    s9, s9, -256
core   0: 3 0x80005f60 (0xf00c8c93) x25 0xffffff01
core   0: 0x80005f64 (0x88692e93) slti    t4, s2, -1914
core   0: 3 0x80005f64 (0x88692e93) x29 0x00000000
core   0: 0x80005f68 (0x00e747b3) xor     a5, a4, a4
core   0: 3 0x80005f68 (0x00e747b3) x15 0x00000000
core   0: 0x80005f6c (0x009530b3) sltu    ra, a0, s1
core   0: 3 0x80005f6c (0x009530b3) x 1 0x00000000
core   0: 0x80005f70 (0x0000100f) fence.i
core   0: 3 0x80005f70 (0x0000100f)
core   0: 0x80005f74 (0x00000013) nop
core   0: 3 0x80005f74 (0x00000013)
core   0: 0x80005f78 (0x3b46d9b7) lui     s3, 0x3b46d
core   0: 3 0x80005f78 (0x3b46d9b7) x19 0x3b46d000
core   0: 0x80005f7c (0x01b69313) slli    t1, a3, 27
core   0: 3 0x80005f7c (0x01b69313) x 6 0x00000000
core   0: 0x80005f80 (0x029c0263) beq     s8, s1, pc + 36
core   0: 3 0x80005f80 (0x029c0263)
core   0: 0x80005f84 (0x04877063) bgeu    a4, s0, pc + 64
core   0: 3 0x80005f84 (0x04877063)
core   0: 0x80005f88 (0x00701a33) sll     s4, zero, t2
core   0: 3 0x80005f88 (0x00701a33) x20 0x00000000
core   0: 0x80005f8c (0x03368e63) beq     a3, s3, pc + 60
core   0: 3 0x80005f8c (0x03368e63)
core   0: 0x80005f90 (0xce9cb293) sltiu   t0, s9, -791
core   0: 3 0x80005f90 (0xce9cb293) x 5 0x00000000
core   0: 0x80005f94 (0xd05b1497) auipc   s1, 0xd05b1
core   0: 3 0x80005f94 (0xd05b1497) x 9 0x505b6f94
core   0: 0x80005f98 (0xd78f31b7) lui     gp, 0xd78f3
core   0: 3 0x80005f98 (0xd78f31b7) x 3 0xd78f3000
core   0: 0x80005f9c (0x03c97063) bgeu    s2, t3, pc + 32
core   0: 3 0x80005f9c (0x03c97063)
core   0: 0x80005fa0 (0x01396eb3) or      t4, s2, s3
core   0: 3 0x80005fa0 (0x01396eb3) x29 0x3b46d000
core   0: 0x80005fa4 (0x01e32f33) slt     t5, t1, t5
core   0: 3 0x80005fa4 (0x01e32f33) x30 0x00000000
core   0: 0x80005fa8 (0x01ffdeb3) srl     t4, t6, t6
core   0: 3 0x80005fa8 (0x01ffdeb3) x29 0x00000000
core   0: 0x80005fac (0x00071233) sll     tp, a4, zero
core   0: 3 0x80005fac (0x00071233) x 4 0x00000000
core   0: 0x80005fb0 (0x04bc4663) blt     s8, a1, pc + 76
core   0: 3 0x80005fb0 (0x04bc4663)
core   0: 0x80005ffc (0x05201663) bne     zero, s2, pc + 76
core   0: 3 0x80005ffc (0x05201663)
core   0: 0x80006000 (0x02a55863) bge     a0, a0, pc + 48
core   0: 3 0x80006000 (0x02a55863)
core   0: 0x80006030 (0x0ff0000f) fence   iorw,iorw
core   0: 3 0x80006030 (0x0ff0000f)
core   0: 0x80006034 (0x0dcaaf93) slti    t6, s5, 220
core   0: 3 0x80006034 (0x0dcaaf93) x31 0x00000000
core   0: 0x80006038 (0x0ff0000f) fence   iorw,iorw
core   0: 3 0x80006038 (0x0ff0000f)
core   0: 0x8000603c (0x8841d637) lui     a2, 0x8841d
core   0: 3 0x8000603c (0x8841d637) x12 0x8841d000
core   0: 0x80006040 (0x00da4ab3) xor     s5, s4, a3
core   0: 3 0x80006040 (0x00da4ab3) x21 0x00000000
core   0: 0x80006044 (0x02374e63) blt     a4, gp, pc + 60
core   0: 3 0x80006044 (0x02374e63)
core   0: 0x80006048 (0x01ff1493) slli    s1, t5, 31
core   0: 3 0x80006048 (0x01ff1493) x 9 0x00000000
core   0: 0x8000604c (0x015de4b3) or      s1, s11, s5
core   0: 3 0x8000604c (0x015de4b3) x 9 0x00000001
core   0: 0x80006050 (0x0000100f) fence.i
core   0: 3 0x80006050 (0x0000100f)
core   0: 0x80006054 (0xf138fc13) andi    s8, a7, -237
core   0: 3 0x80006054 (0xf138fc13) x24 0x1fffff13
core   0: 0x80006058 (0x0094e2b3) or      t0, s1, s1
core   0: 3 0x80006058 (0x0094e2b3) x 5 0x00000001
core   0: 0x8000605c (0x0023b8b3) sltu    a7, t2, sp
core   0: 3 0x8000605c (0x0023b8b3) x17 0x00000001
core   0: 0x80006060 (0x11918593) addi    a1, gp, 281
core   0: 3 0x80006060 (0x11918593) x11 0xd78f3119
core   0: 0x80006064 (0x000137b3) sltu    a5, sp, zero
core   0: 3 0x80006064 (0x000137b3) x15 0x00000000
core   0: 0x80006068 (0x03495c63) bge     s2, s4, pc + 56
core   0: 3 0x80006068 (0x03495c63)
core   0: 0x800060a0 (0x41f3d313) srai    t1, t2, 31
core   0: 3 0x800060a0 (0x41f3d313) x 6 0x00000000
core   0: 0x800060a4 (0x011d7e33) and     t3, s10, a7
core   0: 3 0x800060a4 (0x011d7e33) x28 0x00000000
core   0: 0x800060a8 (0x01eedcb3) srl     s9, t4, t5
core   0: 3 0x800060a8 (0x01eedcb3) x25 0x00000000
core   0: 0x800060ac (0x01cb4fb3) xor     t6, s6, t3
core   0: 3 0x800060ac (0x01cb4fb3) x31 0x00000001
core   0: 0x800060b0 (0x00b30db3) add     s11, t1, a1
core   0: 3 0x800060b0 (0x00b30db3) x27 0xd78f3119
core   0: 0x800060b4 (0x5defaf13) slti    t5, t6, 1502
core   0: 3 0x800060b4 (0x5defaf13) x30 0x00000001
core   0: 0x800060b8 (0x01826233) or      tp, tp, s8
core   0: 3 0x800060b8 (0x01826233) x 4 0x1fffff13
core   0: 0x800060bc (0xe1553f97) auipc   t6, 0xe1553
core   0: 3 0x800060bc (0xe1553f97) x31 0x615590bc
core   0: 0x800060c0 (0x95458a97) auipc   s5, 0x95458
core   0: 3 0x800060c0 (0x95458a97) x21 0x1545e0c0
core   0: 0x800060c4 (0xbf59ad93) slti    s11, s3, -1035
core   0: 3 0x800060c4 (0xbf59ad93) x27 0x00000000
core   0: 0x800060c8 (0x99b47f93) andi    t6, s0, -1637
core   0: 3 0x800060c8 (0x99b47f93) x31 0x32000000
core   0: 0x800060cc (0x2e736c97) auipc   s9, 0x2e736
core   0: 3 0x800060cc (0x2e736c97) x25 0xae73c0cc
core   0: 0x800060d0 (0xb6b96197) auipc   gp, 0xb6b96
core   0: 3 0x800060d0 (0xb6b96197) x 3 0x36b9c0d0
core   0: 0x800060d4 (0x74c6b413) sltiu   s0, a3, 1868
core   0: 3 0x800060d4 (0x74c6b413) x 8 0x00000001
core   0: 0x800060d8 (0xcb528593) addi    a1, t0, -843
core   0: 3 0x800060d8 (0xcb528593) x11 0xfffffcb6
core   0: 0x800060dc (0x0ff0000f) fence   iorw,iorw
core   0: 3 0x800060dc (0x0ff0000f)
core   0: 0x800060e0 (0x0119edb3) or      s11, s3, a7
core   0: 3 0x800060e0 (0x0119edb3) x27 0x3b46d001
core   0: 0x800060e4 (0x9db96997) auipc   s3, 0x9db96
core   0: 3 0x800060e4 (0x9db96997) x19 0x1db9c0e4
core   0: 0x800060e8 (0x661d3393) sltiu   t2, s10, 1633
core   0: 3 0x800060e8 (0x661d3393) x 7 0x00000001
core   0: 0x800060ec (0x00e23cb3) sltu    s9, tp, a4
core   0: 3 0x800060ec (0x00e23cb3) x25 0x00000000
core   0: 0x800060f0 (0x01595263) bge     s2, s5, pc + 4
core   0: 3 0x800060f0 (0x01595263)
core   0: 0x800060f4 (0x00aa1433) sll     s0, s4, a0
core   0: 3 0x800060f4 (0x00aa1433) x 8 0x00000000
core   0: 0x800060f8 (0x58e44e13) xori    t3, s0, 1422
core   0: 3 0x800060f8 (0x58e44e13) x28 0x0000058e
core   0: 0x800060fc (0x41f0d6b3) sra     a3, ra, t6
core   0: 3 0x800060fc (0x41f0d6b3) x13 0x00000000
core   0: 0x80006100 (0x012b72b3) and     t0, s6, s2
core   0: 3 0x80006100 (0x012b72b3) x 5 0x00000000
core   0: 0x80006104 (0x034c0c63) beq     s8, s4, pc + 56
core   0: 3 0x80006104 (0x034c0c63)
core   0: 0x80006108 (0x00df2a33) slt     s4, t5, a3
core   0: 3 0x80006108 (0x00df2a33) x20 0x00000000
core   0: 0x8000610c (0x41f385b3) sub     a1, t2, t6
core   0: 3 0x8000610c (0x41f385b3) x11 0xce000001
core   0: 0x80006110 (0x019b2fb3) slt     t6, s6, s9
core   0: 3 0x80006110 (0x019b2fb3) x31 0x00000000
core   0: 0x80006114 (0x79c3f913) andi    s2, t2, 1948
core   0: 3 0x80006114 (0x79c3f913) x18 0x00000000
core   0: 0x80006118 (0x40ebde93) srai    t4, s7, 14
core   0: 3 0x80006118 (0x40ebde93) x29 0xffff47ba
core   0: 0x8000611c (0x0ff0000f) fence   iorw,iorw
core   0: 3 0x8000611c (0x0ff0000f)
core   0: 0x80006120 (0x01611463) bne     sp, s6, pc + 8
core   0: 3 0x80006120 (0x01611463)
core   0: 0x80006128 (0x016ba833) slt     a6, s7, s6
core   0: 3 0x80006128 (0x016ba833) x16 0x00000001
core   0: 0x8000612c (0x00000013) nop
core   0: 3 0x8000612c (0x00000013)
core   0: 0x80006130 (0x01d2e2b3) or      t0, t0, t4
core   0: 3 0x80006130 (0x01d2e2b3) x 5 0xffff47ba
core   0: 0x80006134 (0x02197e63) bgeu    s2, ra, pc + 60
core   0: 3 0x80006134 (0x02197e63)
core   0: 0x80006170 (0x0544f663) bgeu    s1, s4, pc + 76
core   0: 3 0x80006170 (0x0544f663)
core   0: 0x800061bc (0x01a69b13) slli    s6, a3, 26
core   0: 3 0x800061bc (0x01a69b13) x22 0x00000000
core   0: 0x800061c0 (0xe1e00493) li      s1, -482
core   0: 3 0x800061c0 (0xe1e00493) x 9 0xfffffe1e
core   0: 0x800061c4 (0x00339c33) sll     s8, t2, gp
core   0: 3 0x800061c4 (0x00339c33) x24 0x00010000
core   0: 0x800061c8 (0x08f27a13) andi    s4, tp, 143
core   0: 3 0x800061c8 (0x08f27a13) x20 0x00000003
core   0: 0x800061cc (0x01eb1263) bne     s6, t5, pc + 4
core   0: 3 0x800061cc (0x01eb1263)
core   0: 0x800061d0 (0x026e3593) sltiu   a1, t3, 38
core   0: 3 0x800061d0 (0x026e3593) x11 0x00000000
core   0: 0x800061d4 (0x7dc87037) lui     zero, 0x7dc87
core   0: 3 0x800061d4 (0x7dc87037)
core   0: 0x800061d8 (0x008f16b3) sll     a3, t5, s0
core   0: 3 0x800061d8 (0x008f16b3) x13 0x00000001
core   0: 0x800061dc (0x00f6b2b3) sltu    t0, a3, a5
core   0: 3 0x800061dc (0x00f6b2b3) x 5 0x00000000
core   0: 0x800061e0 (0x684c1497) auipc   s1, 0x684c1
core   0: 3 0x800061e0 (0x684c1497) x 9 0xe84c71e0
core   0: 0x800061e4 (0xc6719037) lui     zero, 0xc6719
core   0: 3 0x800061e4 (0xc6719037)
core   0: 0x800061e8 (0x05698063) beq     s3, s6, pc + 64
core   0: 3 0x800061e8 (0x05698063)
core   0: 0x800061ec (0x0142d813) srli    a6, t0, 20
core   0: 3 0x800061ec (0x0142d813) x16 0x00000000
core   0: 0x800061f0 (0x401b5d33) sra     s10, s6, ra
core   0: 3 0x800061f0 (0x401b5d33) x26 0x00000000
core   0: 0x800061f4 (0x00743a33) sltu    s4, s0, t2
core   0: 3 0x800061f4 (0x00743a33) x20 0x00000001
core   0: 0x800061f8 (0xa60d2393) slti    t2, s10, -1440
core   0: 3 0x800061f8 (0xa60d2393) x 7 0x00000000
core   0: 0x800061fc (0x015b5f33) srl     t5, s6, s5
core   0: 3 0x800061fc (0x015b5f33) x30 0x00000000
core   0: 0x80006200 (0x41b5da93) srai    s5, a1, 27
core   0: 3 0x80006200 (0x41b5da93) x21 0x00000000
core   0: 0x80006204 (0x44fe7593) andi    a1, t3, 1103
core   0: 3 0x80006204 (0x44fe7593) x11 0x0000040e
core   0: 0x80006208 (0x01fbea63) bltu    s7, t6, pc + 20
core   0: 3 0x80006208 (0x01fbea63)
core   0: 0x8000620c (0x0569f863) bgeu    s3, s6, pc + 80
core   0: 3 0x8000620c (0x0569f863)
core   0: 0x8000625c (0x41fb01b3) sub     gp, s6, t6
core   0: 3 0x8000625c (0x41fb01b3) x 3 0x00000000
core   0: 0x80006260 (0x00000013) nop
core   0: 3 0x80006260 (0x00000013)
core   0: 0x80006264 (0x013d7863) bgeu    s10, s3, pc + 16
core   0: 3 0x80006264 (0x013d7863)
core   0: 0x80006268 (0x01c4f0b3) and     ra, s1, t3
core   0: 3 0x80006268 (0x01c4f0b3) x 1 0x00000180
core   0: 0x8000626c (0x010433b3) sltu    t2, s0, a6
core   0: 3 0x8000626c (0x010433b3) x 7 0x00000000
core   0: 0x80006270 (0x0409d063) bgez    s3, pc + 64
core   0: 3 0x80006270 (0x0409d063)
core   0: 0x800062b0 (0x412209b3) sub     s3, tp, s2
core   0: 3 0x800062b0 (0x412209b3) x19 0x1fffff13
core   0: 0x800062b4 (0xaec82a93) slti    s5, a6, -1300
core   0: 3 0x800062b4 (0xaec82a93) x21 0x00000000
core   0: 0x800062b8 (0x00456c63) bltu    a0, tp, pc + 24
core   0: 3 0x800062b8 (0x00456c63)
core   0: 0x800062bc (0xdf5d2593) slti    a1, s10, -523
core   0: 3 0x800062bc (0xdf5d2593) x11 0x00000000
core   0: 0x800062c0 (0x029a1c63) bne     s4, s1, pc + 56
core   0: 3 0x800062c0 (0x029a1c63)
core   0: 0x800062f8 (0x71b06493) ori     s1, zero, 1819
core   0: 3 0x800062f8 (0x71b06493) x 9 0x0000071b
core   0: 0x800062fc (0xeef3b993) sltiu   s3, t2, -273
core   0: 3 0x800062fc (0xeef3b993) x19 0x00000001
core   0: 0x80006300 (0x63f21c37) lui     s8, 0x63f21
core   0: 3 0x80006300 (0x63f21c37) x24 0x63f21000
core   0: 0x80006304 (0x0ff0000f) fence   iorw,iorw
core   0: 3 0x80006304 (0x0ff0000f)
core   0: 0x80006308 (0x1ab59397) auipc   t2, 0x1ab59
core   0: 3 0x80006308 (0x1ab59397) x 7 0x9ab5f308
core   0: 0x8000630c (0x0000100f) fence.i
core   0: 3 0x8000630c (0x0000100f)
core   0: 0x80006310 (0x03d14263) blt     sp, t4, pc + 36
core   0: 3 0x80006310 (0x03d14263)
core   0: 0x80006334 (0x00b93d33) sltu    s10, s2, a1
core   0: 3 0x80006334 (0x00b93d33) x26 0x00000000
core   0: 0x80006338 (0x00e6d793) srli    a5, a3, 14
core   0: 3 0x80006338 (0x00e6d793) x15 0x00000000
core   0: 0x8000633c (0x00ba9eb3) sll     t4, s5, a1
core   0: 3 0x8000633c (0x00ba9eb3) x29 0x00000000
core   0: 0x80006340 (0x186e0f37) lui     t5, 0x186e0
core   0: 3 0x80006340 (0x186e0f37) x30 0x186e0000
core   0: 0x80006344 (0x04e01663) bne     zero, a4, pc + 76
core   0: 3 0x80006344 (0x04e01663)
core   0: 0x80006348 (0x02c44063) blt     s0, a2, pc + 32
core   0: 3 0x80006348 (0x02c44063)
core   0: 0x8000634c (0x011b3fb3) sltu    t6, s6, a7
core   0: 3 0x8000634c (0x011b3fb3) x31 0x00000001
core   0: 0x80006350 (0x00e74f33) xor     t5, a4, a4
core   0: 3 0x80006350 (0x00e74f33) x30 0x00000000
core   0: 0x80006354 (0xf08ea193) slti    gp, t4, -248
core   0: 3 0x80006354 (0xf08ea193) x 3 0x00000000
core   0: 0x80006358 (0x0dd83d13) sltiu   s10, a6, 221
core   0: 3 0x80006358 (0x0dd83d13) x26 0x00000001
core   0: 0x8000635c (0x019735b3) sltu    a1, a4, s9
core   0: 3 0x8000635c (0x019735b3) x11 0x00000000
core   0: 0x80006360 (0x00c58a33) add     s4, a1, a2
core   0: 3 0x80006360 (0x00c58a33) x20 0x8841d000
core   0: 0x80006364 (0xafc5da17) auipc   s4, 0xafc5d
core   0: 3 0x80006364 (0xafc5da17) x20 0x2fc63364
core   0: 0x80006368 (0x02d6cc63) blt     a3, a3, pc + 56
core   0: 3 0x80006368 (0x02d6cc63)
core   0: 0x8000636c (0xab23cc13) xori    s8, t2, -1358
core   0: 3 0x8000636c (0xab23cc13) x24 0x654a09ba
core   0: 0x80006370 (0x41cbd5b3) sra     a1, s7, t3
core   0: 3 0x80006370 (0x41cbd5b3) x11 0xffff47ba
core   0: 0x80006374 (0x004f26b3) slt     a3, t5, tp
core   0: 3 0x80006374 (0x004f26b3) x13 0x00000001
core   0: 0x80006378 (0x40ccd893) srai    a7, s9, 12
core   0: 3 0x80006378 (0x40ccd893) x17 0x00000000
core   0: 0x8000637c (0x0000100f) fence.i
core   0: 3 0x8000637c (0x0000100f)
core   0: 0x80006380 (0x6e8d49b7) lui     s3, 0x6e8d4
core   0: 3 0x80006380 (0x6e8d49b7) x19 0x6e8d4000
core   0: 0x80006384 (0x16336393) ori     t2, t1, 355
core   0: 3 0x80006384 (0x16336393) x 7 0x00000163
core   0: 0x80006388 (0x01da7a63) bgeu    s4, t4, pc + 20
core   0: 3 0x80006388 (0x01da7a63)
core   0: 0x8000639c (0x61108713) addi    a4, ra, 1553
core   0: 3 0x8000639c (0x61108713) x14 0x00000791
core   0: 0x800063a0 (0x730b2093) slti    ra, s6, 1840
core   0: 3 0x800063a0 (0x730b2093) x 1 0x00000001
core   0: 0x800063a4 (0x0000100f) fence.i
core   0: 3 0x800063a4 (0x0000100f)
core   0: 0x800063a8 (0x005ff7b3) and     a5, t6, t0
core   0: 3 0x800063a8 (0x005ff7b3) x15 0x00000000
core   0: 0x800063ac (0x012cdf33) srl     t5, s9, s2
core   0: 3 0x800063ac (0x012cdf33) x30 0x00000000
core   0: 0x800063b0 (0xd5533693) sltiu   a3, t1, -683
core   0: 3 0x800063b0 (0xd5533693) x13 0x00000001
core   0: 0x800063b4 (0x0100eb33) or      s6, ra, a6
core   0: 3 0x800063b4 (0x0100eb33) x22 0x00000001
core   0: 0x800063b8 (0x4096d033) sra     zero, a3, s1
core   0: 3 0x800063b8 (0x4096d033)
core   0: 0x800063bc (0x00bf51b3) srl     gp, t5, a1
core   0: 3 0x800063bc (0x00bf51b3) x 3 0x00000000
core   0: 0x800063c0 (0x019d8cb3) add     s9, s11, s9
core   0: 3 0x800063c0 (0x019d8cb3) x25 0x3b46d001
core   0: 0x800063c4 (0x00000013) nop
core   0: 3 0x800063c4 (0x00000013)
core   0: 0x800063c8 (0x00c35033) srl     zero, t1, a2
core   0: 3 0x800063c8 (0x00c35033)
core   0: 0x800063cc (0x02877e63) bgeu    a4, s0, pc + 60
core   0: 3 0x800063cc (0x02877e63)
core   0: 0x80006408 (0x50846b13) ori     s6, s0, 1288
core   0: 3 0x80006408 (0x50846b13) x22 0x00000508
core   0: 0x8000640c (0x019a6233) or      tp, s4, s9
core   0: 3 0x8000640c (0x019a6233) x 4 0x3fc6f365
core   0: 0x80006410 (0x00ecfeb3) and     t4, s9, a4
core   0: 3 0x80006410 (0x00ecfeb3) x29 0x00000001
core   0: 0x80006414 (0x025cc663) blt     s9, t0, pc + 44
core   0: 3 0x80006414 (0x025cc663)
core   0: 0x80006418 (0x15ab6793) ori     a5, s6, 346
core   0: 3 0x80006418 (0x15ab6793) x15 0x0000055a
core   0: 0x8000641c (0x05eb4663) blt     s6, t5, pc + 76
core   0: 3 0x8000641c (0x05eb4663)
core   0: 0x80006420 (0x01a05213) srli    tp, zero, 26
core   0: 3 0x80006420 (0x01a05213) x 4 0x00000000
core   0: 0x80006424 (0x05ae1063) bne     t3, s10, pc + 64
core   0: 3 0x80006424 (0x05ae1063)
core   0: 0x80006464 (0x02ce8e63) beq     t4, a2, pc + 60
core   0: 3 0x80006464 (0x02ce8e63)
core   0: 0x80006468 (0x0204d063) bgez    s1, pc + 32
core   0: 3 0x80006468 (0x0204d063)
core   0: 0x80006488 (0x018ddd93) srli    s11, s11, 24
core   0: 3 0x80006488 (0x018ddd93) x27 0x0000003b
core   0: 0x8000648c (0x05f4d863) bge     s1, t6, pc + 80
core   0: 3 0x8000648c (0x05f4d863)
core   0: 0x800064dc (0x08738063) beq     t2, t2, pc + 128
core   0: 3 0x800064dc (0x08738063)
core   0: 0x8000655c (0x003986b3) add     a3, s3, gp
core   0: 3 0x8000655c (0x003986b3) x13 0x6e8d4000
core   0: 0x80006560 (0x00000013) nop
core   0: 3 0x80006560 (0x00000013)
core   0: 0x80006564 (0x67f99837) lui     a6, 0x67f99
core   0: 3 0x80006564 (0x67f99837) x16 0x67f99000
core   0: 0x80006568 (0x00cf1e93) slli    t4, t5, 12
core   0: 3 0x80006568 (0x00cf1e93) x29 0x00000000
core   0: 0x8000656c (0x54e98f13) addi    t5, s3, 1358
core   0: 3 0x8000656c (0x54e98f13) x30 0x6e8d454e
core   0: 0x80006570 (0x02b17c63) bgeu    sp, a1, pc + 56
core   0: 3 0x80006570 (0x02b17c63)
core   0: 0x80006574 (0x00a7d933) srl     s2, a5, a0
core   0: 3 0x80006574 (0x00a7d933) x18 0x00000055
core   0: 0x80006578 (0x0000100f) fence.i
core   0: 3 0x80006578 (0x0000100f)
core   0: 0x8000657c (0x001ed013) srli    zero, t4, 1
core   0: 3 0x8000657c (0x001ed013)
core   0: 0x80006580 (0x01b1f333) and     t1, gp, s11
core   0: 3 0x80006580 (0x01b1f333) x 6 0x00000000
core   0: 0x80006584 (0x01bc9c93) slli    s9, s9, 27
core   0: 3 0x80006584 (0x01bc9c93) x25 0x08000000
core   0: 0x80006588 (0x011fe433) or      s0, t6, a7
core   0: 3 0x80006588 (0x011fe433) x 8 0x00000001
core   0: 0x8000658c (0x018fd313) srli    t1, t6, 24
core   0: 3 0x8000658c (0x018fd313) x 6 0x00000000
core   0: 0x80006590 (0x00df8233) add     tp, t6, a3
core   0: 3 0x80006590 (0x00df8233) x 4 0x6e8d4001
core   0: 0x80006594 (0x40395833) sra     a6, s2, gp
core   0: 3 0x80006594 (0x40395833) x16 0x00000055
core   0: 0x80006598 (0x1b60e693) ori     a3, ra, 438
core   0: 3 0x80006598 (0x1b60e693) x13 0x000001b7
core   0: 0x8000659c (0x01e59313) slli    t1, a1, 30
core   0: 3 0x8000659c (0x01e59313) x 6 0x80000000
core   0: 0x800065a0 (0x0000100f) fence.i
core   0: 3 0x800065a0 (0x0000100f)
core   0: 0x800065a4 (0x015871b3) and     gp, a6, s5
core   0: 3 0x800065a4 (0x015871b3) x 3 0x00000000
core   0: 0x800065a8 (0x0ff0000f) fence   iorw,iorw
core   0: 3 0x800065a8 (0x0ff0000f)
core   0: 0x800065ac (0x04da4717) auipc   a4, 0x4da4
core   0: 3 0x800065ac (0x04da4717) x14 0x84daa5ac
core   0: 0x800065b0 (0x0000f597) auipc   a1, 0xf
core   0: 3 0x800065b0 (0x0000f597) x11 0x800155b0
core   0: 0x800065b4 (0x05f58593) addi    a1, a1, 95
core   0: 3 0x800065b4 (0x05f58593) x11 0x8001560f
core   0: 0x800065b8 (0x0e15c403) lbu     s0, 225(a1)
core   0: 3 0x800065b8 (0x0e15c403) x 8 0x00000000 mem 0x800156f0
core   0: 0x800065bc (0xab97fa93) andi    s5, a5, -1351
core   0: 3 0x800065bc (0xab97fa93) x21 0x00000018
core   0: 0x800065c0 (0xe3c5a6a3) sw      t3, -467(a1)
core   0: 3 0x800065c0 (0xe3c5a6a3) mem 0x8001543c 0x0000058e
core   0: 0x800065c4 (0xe3f5a6a3) sw      t6, -467(a1)
core   0: 3 0x800065c4 (0xe3f5a6a3) mem 0x8001543c 0x00000001
core   0: 0x800065c8 (0x0055ee33) or      t3, a1, t0
core   0: 3 0x800065c8 (0x0055ee33) x28 0x8001560f
core   0: 0x800065cc (0xe2d5a683) lw      a3, -467(a1)
core   0: 3 0x800065cc (0xe2d5a683) x13 0x00000001 mem 0x8001543c
core   0: 0x800065d0 (0xe2d59883) lh      a7, -467(a1)
core   0: 3 0x800065d0 (0xe2d59883) x17 0x00000001 mem 0x8001543c
core   0: 0x800065d4 (0xe2d5a803) lw      a6, -467(a1)
core   0: 3 0x800065d4 (0xe2d5a803) x16 0x00000001 mem 0x8001543c
core   0: 0x800065d8 (0xe2d59383) lh      t2, -467(a1)
core   0: 3 0x800065d8 (0xe2d59383) x 7 0x00000001 mem 0x8001543c
core   0: 0x800065dc (0xe2d5dd83) lhu     s11, -467(a1)
core   0: 3 0x800065dc (0xe2d5dd83) x27 0x00000001 mem 0x8001543c
core   0: 0x800065e0 (0x23e58b23) sb      t5, 566(a1)
core   0: 3 0x800065e0 (0x23e58b23) mem 0x80015845 0x4e
core   0: 0x800065e4 (0x3885c283) lbu     t0, 904(a1)
core   0: 3 0x800065e4 (0x3885c283) x 5 0x00000000 mem 0x80015997
core   0: 0x800065e8 (0x38858283) lb      t0, 904(a1)
core   0: 3 0x800065e8 (0x38858283) x 5 0x00000000 mem 0x80015997
core   0: 0x800065ec (0x38a58423) sb      a0, 904(a1)
core   0: 3 0x800065ec (0x38a58423) mem 0x80015997 0xe4
core   0: 0x800065f0 (0x3885c203) lbu     tp, 904(a1)
core   0: 3 0x800065f0 (0x3885c203) x 4 0x000000e4 mem 0x80015997
core   0: 0x800065f4 (0xc2be8f17) auipc   t5, 0xc2be8
core   0: 3 0x800065f4 (0xc2be8f17) x30 0x42bee5f4
core   0: 0x800065f8 (0x38858783) lb      a5, 904(a1)
core   0: 3 0x800065f8 (0x38858783) x15 0xffffffe4 mem 0x80015997
core   0: 0x800065fc (0x3885c783) lbu     a5, 904(a1)
core   0: 3 0x800065fc (0x3885c783) x15 0x000000e4 mem 0x80015997
core   0: 0x80006600 (0x39258423) sb      s2, 904(a1)
core   0: 3 0x80006600 (0x39258423) mem 0x80015997 0x55
core   0: 0x80006604 (0xd8159603) lh      a2, -639(a1)
core   0: 3 0x80006604 (0xd8159603) x12 0x00000000 mem 0x80015390
core   0: 0x80006608 (0xd3bac013) xori    zero, s5, -709
core   0: 3 0x80006608 (0xd3bac013)
core   0: 0x8000660c (0xf08b03b7) lui     t2, 0xf08b0
core   0: 3 0x8000660c (0xf08b03b7) x 7 0xf08b0000
core   0: 0x80006610 (0xb095f013) andi    zero, a1, -1271
core   0: 3 0x80006610 (0xb095f013)
core   0: 0x80006614 (0x017db7b3) sltu    a5, s11, s7
core   0: 3 0x80006614 (0x017db7b3) x15 0x00000001
core   0: 0x80006618 (0xd41bb313) sltiu   t1, s7, -703
core   0: 3 0x80006618 (0xd41bb313) x 6 0x00000001
core   0: 0x8000661c (0xe4bc2c13) slti    s8, s8, -437
core   0: 3 0x8000661c (0xe4bc2c13) x24 0x00000000
core   0: 0x80006620 (0x01a94f33) xor     t5, s2, s10
core   0: 3 0x80006620 (0x01a94f33) x30 0x00000054
core   0: 0x80006624 (0x00047c63) bgeu    s0, zero, pc + 24
core   0: 3 0x80006624 (0x00047c63)
core   0: 0x8000663c (0x89ca6617) auipc   a2, 0x89ca6
core   0: 3 0x8000663c (0x89ca6617) x12 0x09cac63c
core   0: 0x80006640 (0x01e09693) slli    a3, ra, 30
core   0: 3 0x80006640 (0x01e09693) x13 0x40000000
core   0: 0x80006644 (0x0000100f) fence.i
core   0: 3 0x80006644 (0x0000100f)
core   0: 0x80006648 (0x00000013) nop
core   0: 3 0x80006648 (0x00000013)
core   0: 0x8000664c (0x017ba733) slt     a4, s7, s7
core   0: 3 0x8000664c (0x017ba733) x14 0x00000000
core   0: 0x80006650 (0x01ee1f13) slli    t5, t3, 30
core   0: 3 0x80006650 (0x01ee1f13) x30 0xc0000000
core   0: 0x80006654 (0x40d68833) sub     a6, a3, a3
core   0: 3 0x80006654 (0x40d68833) x16 0x00000000
core   0: 0x80006658 (0x000a1333) sll     t1, s4, zero
core   0: 3 0x80006658 (0x000a1333) x 6 0x2fc63364
core   0: 0x8000665c (0x2d378637) lui     a2, 0x2d378
core   0: 3 0x8000665c (0x2d378637) x12 0x2d378000
core   0: 0x80006660 (0x4027d293) srai    t0, a5, 2
core   0: 3 0x80006660 (0x4027d293) x 5 0x00000000
core   0: 0x80006664 (0x40bd0433) sub     s0, s10, a1
core   0: 3 0x80006664 (0x40bd0433) x 8 0x7ffea9f2
core   0: 0x80006668 (0x0ff0000f) fence   iorw,iorw
core   0: 3 0x80006668 (0x0ff0000f)
core   0: 0x8000666c (0x0174f6b3) and     a3, s1, s7
core   0: 3 0x8000666c (0x0174f6b3) x13 0x00000213
core   0: 0x80006670 (0x0174b033) sltu    zero, s1, s7
core   0: 3 0x80006670 (0x0174b033)
core   0: 0x80006674 (0x0000100f) fence.i
core   0: 3 0x80006674 (0x0000100f)
core   0: 0x80006678 (0xe0768b13) addi    s6, a3, -505
core   0: 3 0x80006678 (0xe0768b13) x22 0x0000001a
core   0: 0x8000667c (0x417c5d13) srai    s10, s8, 23
core   0: 3 0x8000667c (0x417c5d13) x26 0x00000000
core   0: 0x80006680 (0x04e18463) beq     gp, a4, pc + 72
core   0: 3 0x80006680 (0x04e18463)
core   0: 0x800066c8 (0x04a80063) beq     a6, a0, pc + 64
core   0: 3 0x800066c8 (0x04a80063)
core   0: 0x800066cc (0x006819b3) sll     s3, a6, t1
core   0: 3 0x800066cc (0x006819b3) x19 0x00000000
core   0: 0x800066d0 (0x040f6863) bltu    t5, zero, pc + 80
core   0: 3 0x800066d0 (0x040f6863)
core   0: 0x800066d4 (0x01eef7b3) and     a5, t4, t5
core   0: 3 0x800066d4 (0x01eef7b3) x15 0x00000000
core   0: 0x800066d8 (0x0000100f) fence.i
core   0: 3 0x800066d8 (0x0000100f)
core   0: 0x800066dc (0x0ff0000f) fence   iorw,iorw
core   0: 3 0x800066dc (0x0ff0000f)
core   0: 0x800066e0 (0x0000100f) fence.i
core   0: 3 0x800066e0 (0x0000100f)
core   0: 0x800066e4 (0x042f0463) beq     t5, sp, pc + 72
core   0: 3 0x800066e4 (0x042f0463)
core   0: 0x800066e8 (0x7f95e617) auipc   a2, 0x7f95e
core   0: 3 0x800066e8 (0x7f95e617) x12 0xff9646e8
core   0: 0x800066ec (0x00350b33) add     s6, a0, gp
core   0: 3 0x800066ec (0x00350b33) x22 0x8002ece4
core   0: 0x800066f0 (0x5c322ab7) lui     s5, 0x5c322
core   0: 3 0x800066f0 (0x5c322ab7) x21 0x5c322000
core   0: 0x800066f4 (0xf4c03d93) sltiu   s11, zero, -180
core   0: 3 0x800066f4 (0xf4c03d93) x27 0x00000001
core   0: 0x800066f8 (0x0003b4b3) sltu    s1, t2, zero
core   0: 3 0x800066f8 (0x0003b4b3) x 9 0x00000000
core   0: 0x800066fc (0x011ebab3) sltu    s5, t4, a7
core   0: 3 0x800066fc (0x011ebab3) x21 0x00000001
core   0: 0x80006700 (0x0ff0000f) fence   iorw,iorw
core   0: 3 0x80006700 (0x0ff0000f)
core   0: 0x80006704 (0x403b8b33) sub     s6, s7, gp
core   0: 3 0x80006704 (0x403b8b33) x22 0xd1eeaab3
core   0: 0x80006708 (0x00ddcdb3) xor     s11, s11, a3
core   0: 3 0x80006708 (0x00ddcdb3) x27 0x00000212
core   0: 0x8000670c (0x594ded93) ori     s11, s11, 1428
core   0: 3 0x8000670c (0x594ded93) x27 0x00000796
core   0: 0x80006710 (0x01dfc233) xor     tp, t6, t4
core   0: 3 0x80006710 (0x01dfc233) x 4 0x00000001
core   0: 0x80006714 (0x011b3e33) sltu    t3, s6, a7
core   0: 3 0x80006714 (0x011b3e33) x28 0x00000000
core   0: 0x80006718 (0xa52b2b13) slti    s6, s6, -1454
core   0: 3 0x80006718 (0xa52b2b13) x22 0x00000001
core   0: 0x8000671c (0x00e01293) slli    t0, zero, 14
core   0: 3 0x8000671c (0x00e01293) x 5 0x00000000
core   0: 0x80006720 (0x05f9f063) bgeu    s3, t6, pc + 64
core   0: 3 0x80006720 (0x05f9f063)
core   0: 0x80006724 (0xea9e4993) xori    s3, t3, -343
core   0: 3 0x80006724 (0xea9e4993) x19 0xfffffea9
core   0: 0x80006728 (0x00fa67b3) or      a5, s4, a5
core   0: 3 0x80006728 (0x00fa67b3) x15 0x2fc63364
core   0: 0x8000672c (0x01567b33) and     s6, a2, s5
core   0: 3 0x8000672c (0x01567b33) x22 0x00000000
core   0: 0x80006730 (0x95c00993) li      s3, -1700
core   0: 3 0x80006730 (0x95c00993) x19 0xfffff95c
core   0: 0x80006734 (0x008bf5b3) and     a1, s7, s0
core   0: 3 0x80006734 (0x008bf5b3) x11 0x51eea8b2
core   0: 0x80006738 (0x41bc87b3) sub     a5, s9, s11
core   0: 3 0x80006738 (0x41bc87b3) x15 0x07fff86a
core   0: 0x8000673c (0x4dc04693) xori    a3, zero, 1244
core   0: 3 0x8000673c (0x4dc04693) x13 0x000004dc
core   0: 0x80006740 (0x0ff0000f) fence   iorw,iorw
core   0: 3 0x80006740 (0x0ff0000f)
core   0: 0x80006744 (0x4191da13) srai    s4, gp, 25
core   0: 3 0x80006744 (0x4191da13) x20 0x00000000
core   0: 0x80006748 (0x84f23493) sltiu   s1, tp, -1969
core   0: 3 0x80006748 (0x84f23493) x 9 0x00000001
core   0: 0x8000674c (0xed64c0b7) lui     ra, 0xed64c
core   0: 3 0x8000674c (0xed64c0b7) x 1 0xed64c000
core   0: 0x80006750 (0x01a07463) bgeu    zero, s10, pc + 8
core   0: 3 0x80006750 (0x01a07463)
core   0: 0x80006758 (0xfc743413) sltiu   s0, s0, -57
core   0: 3 0x80006758 (0xfc743413) x 8 0x00000001
core   0: 0x8000675c (0x0000100f) fence.i
core   0: 3 0x8000675c (0x0000100f)
core   0: 0x80006760 (0x0188ee33) or      t3, a7, s8
core   0: 3 0x80006760 (0x0188ee33) x28 0x00000001
core   0: 0x80006764 (0x9af5cf93) xori    t6, a1, -1617
core   0: 3 0x80006764 (0x9af5cf93) x31 0xae11511d
core   0: 0x80006768 (0x01b890b3) sll     ra, a7, s11
core   0: 3 0x80006768 (0x01b890b3) x 1 0x00400000
core   0: 0x8000676c (0x00d5d0b3) srl     ra, a1, a3
core   0: 3 0x8000676c (0x00d5d0b3) x 1 0x00000005
core   0: 0x80006770 (0x75e14813) xori    a6, sp, 1886
core   0: 3 0x80006770 (0x75e14813) x16 0x8002a93a
core   0: 0x80006774 (0x4171de13) srai    t3, gp, 23
core   0: 3 0x80006774 (0x4171de13) x28 0x00000000
core   0: 0x80006778 (0x01a49413) slli    s0, s1, 26
core   0: 3 0x80006778 (0x01a49413) x 8 0x04000000
core   0: 0x8000677c (0x05f0c663) blt     ra, t6, pc + 76
core   0: 3 0x8000677c (0x05f0c663)
core   0: 0x80006780 (0x62d82c93) slti    s9, a6, 1581
core   0: 3 0x80006780 (0x62d82c93) x25 0x00000001
core   0: 0x80006784 (0x0172da93) srli    s5, t0, 23
core   0: 3 0x80006784 (0x0172da93) x21 0x00000000
core   0: 0x80006788 (0x003d9393) slli    t2, s11, 3
core   0: 3 0x80006788 (0x003d9393) x 7 0x00003cb0
core   0: 0x8000678c (0x01751193) slli    gp, a0, 23
core   0: 3 0x8000678c (0x01751193) x 3 0x72000000
core   0: 0x80006790 (0x5743bf13) sltiu   t5, t2, 1396
core   0: 3 0x80006790 (0x5743bf13) x30 0x00000000
core   0: 0x80006794 (0x01c73d33) sltu    s10, a4, t3
core   0: 3 0x80006794 (0x01c73d33) x26 0x00000000
core   0: 0x80006798 (0x00000013) nop
core   0: 3 0x80006798 (0x00000013)
core   0: 0x8000679c (0x03395e63) bge     s2, s3, pc + 60
core   0: 3 0x8000679c (0x03395e63)
core   0: 0x800067d8 (0x016db7b3) sltu    a5, s11, s6
core   0: 3 0x800067d8 (0x016db7b3) x15 0x00000000
core   0: 0x800067dc (0x00735d33) srl     s10, t1, t2
core   0: 3 0x800067dc (0x00735d33) x26 0x00002fc6
core   0: 0x800067e0 (0x02dafe63) bgeu    s5, a3, pc + 60
core   0: 3 0x800067e0 (0x02dafe63)
core   0: 0x800067e4 (0x0224fc63) bgeu    s1, sp, pc + 56
core   0: 3 0x800067e4 (0x0224fc63)
core   0: 0x800067e8 (0x146a2913) slti    s2, s4, 326
core   0: 3 0x800067e8 (0x146a2913) x18 0x00000001
core   0: 0x800067ec (0x05758063) beq     a1, s7, pc + 64
core   0: 3 0x800067ec (0x05758063)
core   0: 0x800067f0 (0x25247493) andi    s1, s0, 594
core   0: 3 0x800067f0 (0x25247493) x 9 0x00000000
core   0: 0x800067f4 (0xa5ccf913) andi    s2, s9, -1444
core   0: 3 0x800067f4 (0xa5ccf913) x18 0x00000000
core   0: 0x800067f8 (0x417ede93) srai    t4, t4, 23
core   0: 3 0x800067f8 (0x417ede93) x29 0x00000000
core   0: 0x800067fc (0x9d112093) slti    ra, sp, -1583
core   0: 3 0x800067fc (0x9d112093) x 1 0x00000001
core   0: 0x80006800 (0x3f2aca97) auipc   s5, 0x3f2ac
core   0: 3 0x80006800 (0x3f2aca97) x21 0xbf2b2800
core   0: 0x80006804 (0x02314263) blt     sp, gp, pc + 36
core   0: 3 0x80006804 (0x02314263)
core   0: 0x80006828 (0x2c39ce93) xori    t4, s3, 707
core   0: 3 0x80006828 (0x2c39ce93) x29 0xfffffb9f
core   0: 0x8000682c (0x475d7e37) lui     t3, 0x475d7
core   0: 3 0x8000682c (0x475d7e37) x28 0x475d7000
core   0: 0x80006830 (0x41df5193) srai    gp, t5, 29
core   0: 3 0x80006830 (0x41df5193) x 3 0x00000000
core   0: 0x80006834 (0x01432033) slt     zero, t1, s4
core   0: 3 0x80006834 (0x01432033)
core   0: 0x80006838 (0x009209b3) add     s3, tp, s1
core   0: 3 0x80006838 (0x009209b3) x19 0x00000001
core   0: 0x8000683c (0x01511213) slli    tp, sp, 21
core   0: 3 0x8000683c (0x01511213) x 4 0xcc800000
core   0: 0x80006840 (0x01898697) auipc   a3, 0x1898
core   0: 3 0x80006840 (0x01898697) x13 0x8189e840
core   0: 0x80006844 (0xabd37193) andi    gp, t1, -1347
core   0: 3 0x80006844 (0xabd37193) x 3 0x2fc63224
core   0: 0x80006848 (0xd5c0b013) sltiu   zero, ra, -676
core   0: 3 0x80006848 (0xd5c0b013)
core   0: 0x8000684c (0x01659d33) sll     s10, a1, s6
core   0: 3 0x8000684c (0x01659d33) x26 0x51eea8b2
core   0: 0x80006850 (0xc8f23d93) sltiu   s11, tp, -881
core   0: 3 0x80006850 (0xc8f23d93) x27 0x00000001
core   0: 0x80006854 (0x01979a63) bne     a5, s9, pc + 20
core   0: 3 0x80006854 (0x01979a63)
core   0: 0x80006868 (0x00000013) nop
core   0: 3 0x80006868 (0x00000013)
core   0: 0x8000686c (0x00753233) sltu    tp, a0, t2
core   0: 3 0x8000686c (0x00753233) x 4 0x00000000
core   0: 0x80006870 (0x41365193) srai    gp, a2, 19
core   0: 3 0x80006870 (0x41365193) x 3 0xfffffff2
core   0: 0x80006874 (0xa10ce713) ori     a4, s9, -1520
core   0: 3 0x80006874 (0xa10ce713) x14 0xfffffa11
core   0: 0x80006878 (0x05a59663) bne     a1, s10, pc + 76
core   0: 3 0x80006878 (0x05a59663)
core   0: 0x8000687c (0x00547d33) and     s10, s0, t0
core   0: 3 0x8000687c (0x00547d33) x26 0x00000000
core   0: 0x80006880 (0x04725663) bge     tp, t2, pc + 76
core   0: 3 0x80006880 (0x04725663)
core   0: 0x80006884 (0x3d133a93) sltiu   s5, t1, 977
core   0: 3 0x80006884 (0x3d133a93) x21 0x00000000
core   0: 0x80006888 (0x0363ec63) bltu    t2, s6, pc + 56
core   0: 3 0x80006888 (0x0363ec63)
core   0: 0x8000688c (0x00c5e4b3) or      s1, a1, a2
core   0: 3 0x8000688c (0x00c5e4b3) x 9 0xfffeeefa
core   0: 0x80006890 (0x01802c33) slt     s8, zero, s8
core   0: 3 0x80006890 (0x01802c33) x24 0x00000000
core   0: 0x80006894 (0x41875d33) sra     s10, a4, s8
core   0: 3 0x80006894 (0x41875d33) x26 0xfffffa11
core   0: 0x80006898 (0x141ef193) andi    gp, t4, 321
core   0: 3 0x80006898 (0x141ef193) x 3 0x00000101
core   0: 0x8000689c (0x05168263) beq     a3, a7, pc + 68
core   0: 3 0x8000689c (0x05168263)
core   0: 0x800068a0 (0x002ff663) bgeu    t6, sp, pc + 12
core   0: 3 0x800068a0 (0x002ff663)
core   0: 0x800068ac (0x01dc5d93) srli    s11, s8, 29
core   0: 3 0x800068ac (0x01dc5d93) x27 0x00000000
core   0: 0x800068b0 (0x01e69193) slli    gp, a3, 30
core   0: 3 0x800068b0 (0x01e69193) x 3 0x00000000
core   0: 0x800068b4 (0x0157d413) srli    s0, a5, 21
core   0: 3 0x800068b4 (0x0157d413) x 8 0x00000000
core   0: 0x800068b8 (0x04ef8863) beq     t6, a4, pc + 80
core   0: 3 0x800068b8 (0x04ef8863)
core   0: 0x800068bc (0x13b541b7) lui     gp, 0x13b54
core   0: 3 0x800068bc (0x13b541b7) x 3 0x13b54000
core   0: 0x800068c0 (0x01b47263) bgeu    s0, s11, pc + 4
core   0: 3 0x800068c0 (0x01b47263)
core   0: 0x800068c4 (0x0070c4b3) xor     s1, ra, t2
core   0: 3 0x800068c4 (0x0070c4b3) x 9 0x00003cb1
core   0: 0x800068c8 (0x01c22c33) slt     s8, tp, t3
core   0: 3 0x800068c8 (0x01c22c33) x24 0x00000001
core   0: 0x800068cc (0x00509b13) slli    s6, ra, 5
core   0: 3 0x800068cc (0x00509b13) x22 0x00000020
core   0: 0x800068d0 (0x40475d13) srai    s10, a4, 4
core   0: 3 0x800068d0 (0x40475d13) x26 0xffffffa1
core   0: 0x800068d4 (0xe7749f97) auipc   t6, 0xe7749
core   0: 3 0x800068d4 (0xe7749f97) x31 0x6774f8d4
core   0: 0x800068d8 (0x00000013) nop
core   0: 3 0x800068d8 (0x00000013)
core   0: 0x800068dc (0x003578b3) and     a7, a0, gp
core   0: 3 0x800068dc (0x003578b3) x17 0x00004000
core   0: 0x800068e0 (0x095bf893) andi    a7, s7, 149
core   0: 3 0x800068e0 (0x095bf893) x17 0x00000091
core   0: 0x800068e4 (0x02169263) bne     a3, ra, pc + 36
core   0: 3 0x800068e4 (0x02169263)
core   0: 0x80006908 (0x0128fc63) bgeu    a7, s2, pc + 24
core   0: 3 0x80006908 (0x0128fc63)
core   0: 0x80006920 (0x00b8ec63) bltu    a7, a1, pc + 24
core   0: 3 0x80006920 (0x00b8ec63)
core   0: 0x80006938 (0x0ff0000f) fence   iorw,iorw
core   0: 3 0x80006938 (0x0ff0000f)
core   0: 0x8000693c (0x0192e933) or      s2, t0, s9
core   0: 3 0x8000693c (0x0192e933) x18 0x00000001
core   0: 0x80006940 (0x4d293a93) sltiu   s5, s2, 1234
core   0: 3 0x80006940 (0x4d293a93) x21 0x00000001
core   0: 0x80006944 (0x02c7ee63) bltu    a5, a2, pc + 60
core   0: 3 0x80006944 (0x02c7ee63)
core   0: 0x80006980 (0x0ff0000f) fence   iorw,iorw
core   0: 3 0x80006980 (0x0ff0000f)
core   0: 0x80006984 (0x4131d393) srai    t2, gp, 19
core   0: 3 0x80006984 (0x4131d393) x 7 0x00000276
core   0: 0x80006988 (0x018838b3) sltu    a7, a6, s8
core   0: 3 0x80006988 (0x018838b3) x17 0x00000000
core   0: 0x8000698c (0x3ea50437) lui     s0, 0x3ea50
core   0: 3 0x8000698c (0x3ea50437) x 8 0x3ea50000
core   0: 0x80006990 (0x0000100f) fence.i
core   0: 3 0x80006990 (0x0000100f)
core   0: 0x80006994 (0x01c39413) slli    s0, t2, 28
core   0: 3 0x80006994 (0x01c39413) x 8 0x60000000
core   0: 0x80006998 (0x01f21433) sll     s0, tp, t6
core   0: 3 0x80006998 (0x01f21433) x 8 0x00000000
core   0: 0x8000699c (0xad333293) sltiu   t0, t1, -1325
core   0: 3 0x8000699c (0xad333293) x 5 0x00000001
core   0: 0x800069a0 (0x03851c63) bne     a0, s8, pc + 56
core   0: 3 0x800069a0 (0x03851c63)
core   0: 0x800069d8 (0xbe1daa93) slti    s5, s11, -1055
core   0: 3 0x800069d8 (0xbe1daa93) x21 0x00000000
core   0: 0x800069dc (0x01b59833) sll     a6, a1, s11
core   0: 3 0x800069dc (0x01b59833) x16 0x51eea8b2
core   0: 0x800069e0 (0x136be593) ori     a1, s7, 310
core   0: 3 0x800069e0 (0x136be593) x11 0xd1eeabb7
core   0: 0x800069e4 (0x000e5433) srl     s0, t3, zero
core   0: 3 0x800069e4 (0x000e5433) x 8 0x475d7000
core   0: 0x800069e8 (0x011a9693) slli    a3, s5, 17
core   0: 3 0x800069e8 (0x011a9693) x13 0x00000000
core   0: 0x800069ec (0x017fdc93) srli    s9, t6, 23
core   0: 3 0x800069ec (0x017fdc93) x25 0x000000ce
core   0: 0x800069f0 (0x00d6aeb3) slt     t4, a3, a3
core   0: 3 0x800069f0 (0x00d6aeb3) x29 0x00000000
core   0: 0x800069f4 (0x00bbf263) bgeu    s7, a1, pc + 4
core   0: 3 0x800069f4 (0x00bbf263)
core   0: 0x800069f8 (0x0115f933) and     s2, a1, a7
core   0: 3 0x800069f8 (0x0115f933) x18 0x00000000
core   0: 0x800069fc (0x41df5793) srai    a5, t5, 29
core   0: 3 0x800069fc (0x41df5793) x15 0x00000000
core   0: 0x80006a00 (0x400b5313) srai    t1, s6, 0
core   0: 3 0x80006a00 (0x400b5313) x 6 0x00000020
core   0: 0x80006a04 (0xee833913) sltiu   s2, t1, -280
core   0: 3 0x80006a04 (0xee833913) x18 0x00000001
core   0: 0x80006a08 (0x0000100f) fence.i
core   0: 3 0x80006a08 (0x0000100f)
core   0: 0x80006a0c (0x000f5d93) srli    s11, t5, 0
core   0: 3 0x80006a0c (0x000f5d93) x27 0x00000000
core   0: 0x80006a10 (0x41f15593) srai    a1, sp, 31
core   0: 3 0x80006a10 (0x41f15593) x11 0xffffffff
core   0: 0x80006a14 (0x01206f33) or      t5, zero, s2
core   0: 3 0x80006a14 (0x01206f33) x30 0x00000001
core   0: 0x80006a18 (0x04f91463) bne     s2, a5, pc + 72
core   0: 3 0x80006a18 (0x04f91463)
core   0: 0x80006a60 (0x0370ec63) bltu    ra, s7, pc + 56
core   0: 3 0x80006a60 (0x0370ec63)
core   0: 0x80006a98 (0x00bd5c33) srl     s8, s10, a1
core   0: 3 0x80006a98 (0x00bd5c33) x24 0x00000001
core   0: 0x80006a9c (0xaf458f93) addi    t6, a1, -1292
core   0: 3 0x80006a9c (0xaf458f93) x31 0xfffffaf3
core   0: 0x80006aa0 (0x0327cc63) blt     a5, s2, pc + 56
core   0: 3 0x80006aa0 (0x0327cc63)
core   0: 0x80006ad8 (0x015254b3) srl     s1, tp, s5
core   0: 3 0x80006ad8 (0x015254b3) x 9 0x00000000
core   0: 0x80006adc (0x0ff0000f) fence   iorw,iorw
core   0: 3 0x80006adc (0x0ff0000f)
core   0: 0x80006ae0 (0x3c72bd13) sltiu   s10, t0, 967
core   0: 3 0x80006ae0 (0x3c72bd13) x26 0x00000001
core   0: 0x80006ae4 (0x412500b3) sub     ra, a0, s2
core   0: 3 0x80006ae4 (0x412500b3) x 1 0x8002ece3
core   0: 0x80006ae8 (0x40dbd1b3) sra     gp, s7, a3
core   0: 3 0x80006ae8 (0x40dbd1b3) x 3 0xd1eeaab3
core   0: 0x80006aec (0x31d67437) lui     s0, 0x31d67
core   0: 3 0x80006aec (0x31d67437) x 8 0x31d67000
core   0: 0x80006af0 (0x0088f5b3) and     a1, a7, s0
core   0: 3 0x80006af0 (0x0088f5b3) x11 0x00000000
core   0: 0x80006af4 (0xc2898637) lui     a2, 0xc2898
core   0: 3 0x80006af4 (0xc2898637) x12 0xc2898000
core   0: 0x80006af8 (0x00267eb3) and     t4, a2, sp
core   0: 3 0x80006af8 (0x00267eb3) x29 0x80008000
core   0: 0x80006afc (0xf81c4213) xori    tp, s8, -127
core   0: 3 0x80006afc (0xf81c4213) x 4 0xffffff80
core   0: 0x80006b00 (0x0000100f) fence.i
core   0: 3 0x80006b00 (0x0000100f)
core   0: 0x80006b04 (0x40635a93) srai    s5, t1, 6
core   0: 3 0x80006b04 (0x40635a93) x21 0x00000000
core   0: 0x80006b08 (0x001a1733) sll     a4, s4, ra
core   0: 3 0x80006b08 (0x001a1733) x14 0x00000000
core   0: 0x80006b0c (0xc54aee13) ori     t3, s5, -940
core   0: 3 0x80006b0c (0xc54aee13) x28 0xfffffc54
core   0: 0x80006b10 (0x0473d663) bge     t2, t2, pc + 76
core   0: 3 0x80006b10 (0x0473d663)
core   0: 0x80006b5c (0x27b68993) addi    s3, a3, 635
core   0: 3 0x80006b5c (0x27b68993) x19 0x0000027b
core   0: 0x80006b60 (0x011e2733) slt     a4, t3, a7
core   0: 3 0x80006b60 (0x011e2733) x14 0x00000001
core   0: 0x80006b64 (0x004a7633) and     a2, s4, tp
core   0: 3 0x80006b64 (0x004a7633) x12 0x00000000
core   0: 0x80006b68 (0x9e09f217) auipc   tp, 0x9e09f
core   0: 3 0x80006b68 (0x9e09f217) x 4 0x1e0a5b68
core   0: 0x80006b6c (0x0068d333) srl     t1, a7, t1
core   0: 3 0x80006b6c (0x0068d333) x 6 0x00000000
core   0: 0x80006b70 (0xafc73c13) sltiu   s8, a4, -1284
core   0: 3 0x80006b70 (0xafc73c13) x24 0x00000001
core   0: 0x80006b74 (0xf23ef737) lui     a4, 0xf23ef
core   0: 3 0x80006b74 (0xf23ef737) x14 0xf23ef000
core   0: 0x80006b78 (0x41bad633) sra     a2, s5, s11
core   0: 3 0x80006b78 (0x41bad633) x12 0x00000000
core   0: 0x80006b7c (0x0436e663) bltu    a3, gp, pc + 76
core   0: 3 0x80006b7c (0x0436e663)
core   0: 0x80006bc8 (0x63782993) slti    s3, a6, 1591
core   0: 3 0x80006bc8 (0x63782993) x19 0x00000000
core   0: 0x80006bcc (0x00344263) blt     s0, gp, pc + 4
core   0: 3 0x80006bcc (0x00344263)
core   0: 0x80006bd0 (0x88484c13) xori    s8, a6, -1916
core   0: 3 0x80006bd0 (0x88484c13) x24 0xae115036
core   0: 0x80006bd4 (0x00f722b3) slt     t0, a4, a5
core   0: 3 0x80006bd4 (0x00f722b3) x 5 0x00000001
core   0: 0x80006bd8 (0x41f02a93) slti    s5, zero, 1055
core   0: 3 0x80006bd8 (0x41f02a93) x21 0x00000001
core   0: 0x80006bdc (0x01e0d293) srli    t0, ra, 30
core   0: 3 0x80006bdc (0x01e0d293) x 5 0x00000002
core   0: 0x80006be0 (0x005d35b3) sltu    a1, s10, t0
core   0: 3 0x80006be0 (0x005d35b3) x11 0x00000001
core   0: 0x80006be4 (0x7faf2d93) slti    s11, t5, 2042
core   0: 3 0x80006be4 (0x7faf2d93) x27 0x00000001
core   0: 0x80006be8 (0x00bb9593) slli    a1, s7, 11
core   0: 3 0x80006be8 (0x00bb9593) x11 0x75559800
core   0: 0x80006bec (0x019850b3) srl     ra, a6, s9
core   0: 3 0x80006bec (0x019850b3) x 1 0x000147ba
core   0: 0x80006bf0 (0x0000100f) fence.i
core   0: 3 0x80006bf0 (0x0000100f)
core   0: 0x80006bf4 (0x00115433) srl     s0, sp, ra
core   0: 3 0x80006bf4 (0x00115433) x 8 0x00000020
core   0: 0x80006bf8 (0x41b6d013) srai    zero, a3, 27
core   0: 3 0x80006bf8 (0x41b6d013)
core   0: 0x80006bfc (0x0ff0000f) fence   iorw,iorw
core   0: 3 0x80006bfc (0x0ff0000f)
core   0: 0x80006c00 (0x0c814c63) blt     sp, s0, pc + 216
core   0: 3 0x80006c00 (0x0c814c63)
core   0: 0x80006cd8 (0x0057a233) slt     tp, a5, t0
core   0: 3 0x80006cd8 (0x0057a233) x 4 0x00000001
core   0: 0x80006cdc (0x01f6a5b3) slt     a1, a3, t6
core   0: 3 0x80006cdc (0x01f6a5b3) x11 0x00000000
core   0: 0x80006ce0 (0x0131e713) ori     a4, gp, 19
core   0: 3 0x80006ce0 (0x0131e713) x14 0xd1eeaab3
core   0: 0x80006ce4 (0x021f7063) bgeu    t5, ra, pc + 32
core   0: 3 0x80006ce4 (0x021f7063)
core   0: 0x80006ce8 (0x40935b33) sra     s6, t1, s1
core   0: 3 0x80006ce8 (0x40935b33) x22 0x00000000
core   0: 0x80006cec (0x01519893) slli    a7, gp, 21
core   0: 3 0x80006cec (0x01519893) x17 0x56600000
core   0: 0x80006cf0 (0x05a39663) bne     t2, s10, pc + 76
core   0: 3 0x80006cf0 (0x05a39663)
core   0: 0x80006d3c (0x7541c717) auipc   a4, 0x7541c
core   0: 3 0x80006d3c (0x7541c717) x14 0xf5422d3c
core   0: 0x80006d40 (0x001f10b3) sll     ra, t5, ra
core   0: 3 0x80006d40 (0x001f10b3) x 1 0x04000000
core   0: 0x80006d44 (0x0000fe97) auipc   t4, 0xf
core   0: 3 0x80006d44 (0x0000fe97) x29 0x80015d44
core   0: 0x80006d48 (0x175e8e93) addi    t4, t4, 373
core   0: 3 0x80006d48 (0x175e8e93) x29 0x80015eb9
core   0: 0x80006d4c (0x007d4933) xor     s2, s10, t2
core   0: 3 0x80006d4c (0x007d4933) x18 0x00000277
core   0: 0x80006d50 (0xb99ec703) lbu     a4, -1127(t4)
core   0: 3 0x80006d50 (0xb99ec703) x14 0x00000000 mem 0x80015a52
core   0: 0x80006d54 (0x103ed003) lhu     zero, 259(t4)
core   0: 3 0x80006d54 (0x103ed003) mem 0x80015fbc
core   0: 0x80006d58 (0x002ab433) sltu    s0, s5, sp
core   0: 3 0x80006d58 (0x002ab433) x 8 0x00000001
core   0: 0x80006d5c (0x018b1093) slli    ra, s6, 24
core   0: 3 0x80006d5c (0x018b1093) x 1 0x00000000
core   0: 0x80006d60 (0x01299db3) sll     s11, s3, s2
core   0: 3 0x80006d60 (0x01299db3) x27 0x00000000
core   0: 0x80006d64 (0x414b89b3) sub     s3, s7, s4
core   0: 3 0x80006d64 (0x414b89b3) x19 0xd1eeaab3
core   0: 0x80006d68 (0x0193e5b3) or      a1, t2, s9
core   0: 3 0x80006d68 (0x0193e5b3) x11 0x000002fe
core   0: 0x80006d6c (0x9b5fb213) sltiu   tp, t6, -1611
core   0: 3 0x80006d6c (0x9b5fb213) x 4 0x00000000
core   0: 0x80006d70 (0x2b88e993) ori     s3, a7, 696
core   0: 3 0x80006d70 (0x2b88e993) x19 0x566002b8
core   0: 0x80006d74 (0x01028d33) add     s10, t0, a6
core   0: 3 0x80006d74 (0x01028d33) x26 0x51eea8b4
core   0: 0x80006d78 (0x85658497) auipc   s1, 0x85658
core   0: 3 0x80006d78 (0x85658497) x 9 0x0565ed78
core   0: 0x80006d7c (0xa97edf83) lhu     t6, -1385(t4)
core   0: 3 0x80006d7c (0xa97edf83) x31 0x00000000 mem 0x80015950
core   0: 0x80006d80 (0x59be6c93) ori     s9, t3, 1435
core   0: 3 0x80006d80 (0x59be6c93) x25 0xfffffddf
core   0: 0x80006d84 (0x40c1d9b3) sra     s3, gp, a2
core   0: 3 0x80006d84 (0x40c1d9b3) x19 0xd1eeaab3
core   0: 0x80006d88 (0x0198adb3) slt     s11, a7, s9
core   0: 3 0x80006d88 (0x0198adb3) x27 0x00000000
core   0: 0x80006d8c (0xd67ecd83) lbu     s11, -665(t4)
core   0: 3 0x80006d8c (0xd67ecd83) x27 0x00000000 mem 0x80015c20
core   0: 0x80006d90 (0x0ff0000f) fence   iorw,iorw
core   0: 3 0x80006d90 (0x0ff0000f)
core   0: 0x80006d94 (0x8b96cf13) xori    t5, a3, -1863
core   0: 3 0x80006d94 (0x8b96cf13) x30 0xfffff8b9
core   0: 0x80006d98 (0x0000100f) fence.i
core   0: 3 0x80006d98 (0x0000100f)
core   0: 0x80006d9c (0x086e8303) lb      t1, 134(t4)
core   0: 3 0x80006d9c (0x086e8303) x 6 0x00000000 mem 0x80015f3f
core   0: 0x80006da0 (0x0185f2b3) and     t0, a1, s8
core   0: 3 0x80006da0 (0x0185f2b3) x 5 0x00000036
core   0: 0x80006da4 (0xe97ed283) lhu     t0, -361(t4)
core   0: 3 0x80006da4 (0xe97ed283) x 5 0x00000000 mem 0x80015d50
core   0: 0x80006da8 (0x115e8923) sb      s5, 274(t4)
core   0: 3 0x80006da8 (0x115e8923) mem 0x80015fcb 0x1
core   0: 0x80006dac (0x01086d33) or      s10, a6, a6
core   0: 3 0x80006dac (0x01086d33) x26 0x51eea8b2
core   0: 0x80006db0 (0xa83e8923) sb      gp, -1390(t4)
core   0: 3 0x80006db0 (0xa83e8923) mem 0x8001594b 0xb3
core   0: 0x80006db4 (0xc731f693) andi    a3, gp, -909
core   0: 3 0x80006db4 (0xc731f693) x13 0xd1eea833
core   0: 0x80006db8 (0xf3cec803) lbu     a6, -196(t4)
core   0: 3 0x80006db8 (0xf3cec803) x16 0x00000000 mem 0x80015df5
core   0: 0x80006dbc (0xdffe8aa3) sb      t6, -523(t4)
core   0: 3 0x80006dbc (0xdffe8aa3) mem 0x80015cae 0x0
core   0: 0x80006dc0 (0x01fecc83) lbu     s9, 31(t4)
core   0: 3 0x80006dc0 (0x01fecc83) x25 0x00000000 mem 0x80015ed8
core   0: 0x80006dc4 (0x40f65f33) sra     t5, a2, a5
core   0: 3 0x80006dc4 (0x40f65f33) x30 0x00000000
core   0: 0x80006dc8 (0x007ea7a3) sw      t2, 15(t4)
core   0: 3 0x80006dc8 (0x007ea7a3) mem 0x80015ec8 0x00000276
core   0: 0x80006dcc (0x40295a13) srai    s4, s2, 2
core   0: 3 0x80006dcc (0x40295a13) x20 0x0000009d
core   0: 0x80006dd0 (0x8b5479b7) lui     s3, 0x8b547
core   0: 3 0x80006dd0 (0x8b5479b7) x19 0x8b547000
core   0: 0x80006dd4 (0x01bef733) and     a4, t4, s11
core   0: 3 0x80006dd4 (0x01bef733) x14 0x00000000
core   0: 0x80006dd8 (0x00485293) srli    t0, a6, 4
core   0: 3 0x80006dd8 (0x00485293) x 5 0x00000000
core   0: 0x80006ddc (0x045e8ca3) sb      t0, 89(t4)
core   0: 3 0x80006ddc (0x045e8ca3) mem 0x80015f12 0x0
core   0: 0x80006de0 (0x621ca913) slti    s2, s9, 1569
core   0: 3 0x80006de0 (0x621ca913) x18 0x00000001
core   0: 0x80006de4 (0x26f28937) lui     s2, 0x26f28
core   0: 3 0x80006de4 (0x26f28937) x18 0x26f28000
core   0: 0x80006de8 (0x0327ec63) bltu    a5, s2, pc + 56
core   0: 3 0x80006de8 (0x0327ec63)
core   0: 0x80006e20 (0x00000013) nop
core   0: 3 0x80006e20 (0x00000013)
core   0: 0x80006e24 (0x05819663) bne     gp, s8, pc + 76
core   0: 3 0x80006e24 (0x05819663)
core   0: 0x80006e70 (0xe0c12e93) slti    t4, sp, -500
core   0: 3 0x80006e70 (0xe0c12e93) x29 0x00000001
core   0: 0x80006e74 (0x01979293) slli    t0, a5, 25
core   0: 3 0x80006e74 (0x01979293) x 5 0x00000000
core   0: 0x80006e78 (0x0182a433) slt     s0, t0, s8
core   0: 3 0x80006e78 (0x0182a433) x 8 0x00000000
core   0: 0x80006e7c (0x0ff0000f) fence   iorw,iorw
core   0: 3 0x80006e7c (0x0ff0000f)
core   0: 0x80006e80 (0x01555eb3) srl     t4, a0, s5
core   0: 3 0x80006e80 (0x01555eb3) x29 0x40017672
core   0: 0x80006e84 (0x41885eb3) sra     t4, a6, s8
core   0: 3 0x80006e84 (0x41885eb3) x29 0x00000000
core   0: 0x80006e88 (0x0000100f) fence.i
core   0: 3 0x80006e88 (0x0000100f)
core   0: 0x80006e8c (0x02cbfc63) bgeu    s7, a2, pc + 56
core   0: 3 0x80006e8c (0x02cbfc63)
core   0: 0x80006ec4 (0x012b5093) srli    ra, s6, 18
core   0: 3 0x80006ec4 (0x012b5093) x 1 0x00000000
core   0: 0x80006ec8 (0x0ff0000f) fence   iorw,iorw
core   0: 3 0x80006ec8 (0x0ff0000f)
core   0: 0x80006ecc (0x00e363b3) or      t2, t1, a4
core   0: 3 0x80006ecc (0x00e363b3) x 7 0x00000000
core   0: 0x80006ed0 (0x01c798b3) sll     a7, a5, t3
core   0: 3 0x80006ed0 (0x01c798b3) x17 0x00000000
core   0: 0x80006ed4 (0x01105c93) srli    s9, zero, 17
core   0: 3 0x80006ed4 (0x01105c93) x25 0x00000000
core   0: 0x80006ed8 (0x01729a93) slli    s5, t0, 23
core   0: 3 0x80006ed8 (0x01729a93) x21 0x00000000
core   0: 0x80006edc (0x013a6c63) bltu    s4, s3, pc + 24
core   0: 3 0x80006edc (0x013a6c63)
core   0: 0x80006ef4 (0x00f81333) sll     t1, a6, a5
core   0: 3 0x80006ef4 (0x00f81333) x 6 0x00000000
core   0: 0x80006ef8 (0x40cd56b3) sra     a3, s10, a2
core   0: 3 0x80006ef8 (0x40cd56b3) x13 0x51eea8b2
core   0: 0x80006efc (0x72434313) xori    t1, t1, 1828
core   0: 3 0x80006efc (0x72434313) x 6 0x00000724
core   0: 0x80006f00 (0x993a4393) xori    t2, s4, -1645
core   0: 3 0x80006f00 (0x993a4393) x 7 0xfffff90e
core   0: 0x80006f04 (0x41d78b33) sub     s6, a5, t4
core   0: 3 0x80006f04 (0x41d78b33) x22 0x00000000
core   0: 0x80006f08 (0xdad38193) addi    gp, t2, -595
core   0: 3 0x80006f08 (0xdad38193) x 3 0xfffff6bb
core   0: 0x80006f0c (0x0000100f) fence.i
core   0: 3 0x80006f0c (0x0000100f)
core   0: 0x80006f10 (0xa4ec8e93) addi    t4, s9, -1458
core   0: 3 0x80006f10 (0xa4ec8e93) x29 0xfffffa4e
core   0: 0x80006f14 (0x01ab21b3) slt     gp, s6, s10
core   0: 3 0x80006f14 (0x01ab21b3) x 3 0x00000001
core   0: 0x80006f18 (0xed364993) xori    s3, a2, -301
core   0: 3 0x80006f18 (0xed364993) x19 0xfffffed3
core   0: 0x80006f1c (0x59947197) auipc   gp, 0x59947
core   0: 3 0x80006f1c (0x59947197) x 3 0xd994df1c
core   0: 0x80006f20 (0x043bf663) bgeu    s7, gp, pc + 76
core   0: 3 0x80006f20 (0x043bf663)
core   0: 0x80006f24 (0x00316463) bltu    sp, gp, pc + 8
core   0: 3 0x80006f24 (0x00316463)
core   0: 0x80006f2c (0x00000013) nop
core   0: 3 0x80006f2c (0x00000013)
core   0: 0x80006f30 (0x00000013) nop
core   0: 3 0x80006f30 (0x00000013)
core   0: 0x80006f34 (0x0252e663) bltu    t0, t0, pc + 44
core   0: 3 0x80006f34 (0x0252e663)
core   0: 0x80006f38 (0x8a9d2993) slti    s3, s10, -1879
core   0: 3 0x80006f38 (0x8a9d2993) x19 0x00000000
core   0: 0x80006f3c (0x01ee4433) xor     s0, t3, t5
core   0: 3 0x80006f3c (0x01ee4433) x 8 0xfffffc54
core   0: 0x80006f40 (0x0435d863) bge     a1, gp, pc + 80
core   0: 3 0x80006f40 (0x0435d863)
core   0: 0x80006f90 (0x01f12db3) slt     s11, sp, t6
core   0: 3 0x80006f90 (0x01f12db3) x27 0x00000001
core   0: 0x80006f94 (0x00c3d013) srli    zero, t2, 12
core   0: 3 0x80006f94 (0x00c3d013)
core   0: 0x80006f98 (0x4a45f913) andi    s2, a1, 1188
core   0: 3 0x80006f98 (0x4a45f913) x18 0x000000a4
core   0: 0x80006f9c (0x30a1f213) andi    tp, gp, 778
core   0: 3 0x80006f9c (0x30a1f213) x 4 0x00000308
core   0: 0x80006fa0 (0x50e96613) ori     a2, s2, 1294
core   0: 3 0x80006fa0 (0x50e96613) x12 0x000005ae
core   0: 0x80006fa4 (0x41e2de93) srai    t4, t0, 30
core   0: 3 0x80006fa4 (0x41e2de93) x29 0x00000000
core   0: 0x80006fa8 (0xbed08313) addi    t1, ra, -1043
core   0: 3 0x80006fa8 (0xbed08313) x 6 0xfffffbed
core   0: 0x80006fac (0x00f0e8b3) or      a7, ra, a5
core   0: 3 0x80006fac (0x00f0e8b3) x17 0x00000000
core   0: 0x80006fb0 (0x81018293) addi    t0, gp, -2032
core   0: 3 0x80006fb0 (0x81018293) x 5 0xd994d72c
core   0: 0x80006fb4 (0x40e2da33) sra     s4, t0, a4
core   0: 3 0x80006fb4 (0x40e2da33) x20 0xd994d72c
core   0: 0x80006fb8 (0xe896c593) xori    a1, a3, -375
core   0: 3 0x80006fb8 (0xe896c593) x11 0xae11563b
core   0: 0x80006fbc (0x00015b17) auipc   s6, 0x15
core   0: 3 0x80006fbc (0x00015b17) x22 0x8001bfbc
core   0: 0x80006fc0 (0x347b0b13) addi    s6, s6, 839
core   0: 3 0x80006fc0 (0x347b0b13) x22 0x8001c303
core   0: 0x80006fc4 (0xf71b1303) lh      t1, -143(s6)
core   0: 3 0x80006fc4 (0xf71b1303) x 6 0x00000000 mem 0x8001c274
core   0: 0x80006fc8 (0x405dd813) srai    a6, s11, 5
core   0: 3 0x80006fc8 (0x405dd813) x16 0x00000000
core   0: 0x80006fcc (0x011c9ab3) sll     s5, s9, a7
core   0: 3 0x80006fcc (0x011c9ab3) x21 0x00000000
core   0: 0x80006fd0 (0x0000100f) fence.i
core   0: 3 0x80006fd0 (0x0000100f)
core   0: 0x80006fd4 (0x30c7f313) andi    t1, a5, 780
core   0: 3 0x80006fd4 (0x30c7f313) x 6 0x00000000
core   0: 0x80006fd8 (0xe0090793) addi    a5, s2, -512
core   0: 3 0x80006fd8 (0xe0090793) x15 0xfffffea4
core   0: 0x80006fdc (0xf8db05a3) sb      a3, -117(s6)
core   0: 3 0x80006fdc (0xf8db05a3) mem 0x8001c28e 0xb2
core   0: 0x80006fe0 (0x0000100f) fence.i
core   0: 3 0x80006fe0 (0x0000100f)
core   0: 0x80006fe4 (0x0cbb5a83) lhu     s5, 203(s6)
core   0: 3 0x80006fe4 (0x0cbb5a83) x21 0x00000000 mem 0x8001c3ce
core   0: 0x80006fe8 (0x40147c13) andi    s8, s0, 1025
core   0: 3 0x80006fe8 (0x40147c13) x24 0x00000400
core   0: 0x80006fec (0x5e2f0313) addi    t1, t5, 1506
core   0: 3 0x80006fec (0x5e2f0313) x 6 0x000005e2
core   0: 0x80006ff0 (0x09eb0723) sb      t5, 142(s6)
core   0: 3 0x80006ff0 (0x09eb0723) mem 0x8001c391 0x0
core   0: 0x80006ff4 (0x339bcd93) xori    s11, s7, 825
core   0: 3 0x80006ff4 (0x339bcd93) x27 0xd1eea98a
core   0: 0x80006ff8 (0xa6e59297) auipc   t0, 0xa6e59
core   0: 3 0x80006ff8 (0xa6e59297) x 5 0x26e5fff8
core   0: 0x80006ffc (0x415e7d13) andi    s10, t3, 1045
core   0: 3 0x80006ffc (0x415e7d13) x26 0x00000414
core   0: 0x80007000 (0xc49cf297) auipc   t0, 0xc49cf
core   0: 3 0x80007000 (0xc49cf297) x 5 0x449d6000
core   0: 0x80007004 (0xfc0b0303) lb      t1, -64(s6)
core   0: 3 0x80007004 (0xfc0b0303) x 6 0x00000000 mem 0x8001c2c3
core   0: 0x80007008 (0xf61b0c23) sb      ra, -136(s6)
core   0: 3 0x80007008 (0xf61b0c23) mem 0x8001c27b 0x0
core   0: 0x8000700c (0x0c8b0123) sb      s0, 194(s6)
core   0: 3 0x8000700c (0x0c8b0123) mem 0x8001c3c5 0x54
core   0: 0x80007010 (0xf87b4f03) lbu     t5, -121(s6)
core   0: 3 0x80007010 (0xf87b4f03) x30 0x00000000 mem 0x8001c28a
core   0: 0x80007014 (0x00e5e833) or      a6, a1, a4
core   0: 3 0x80007014 (0x00e5e833) x16 0xae11563b
core   0: 0x80007018 (0xf11b0ca3) sb      a7, -231(s6)
core   0: 3 0x80007018 (0xf11b0ca3) mem 0x8001c21c 0x0
core   0: 0x8000701c (0x41d4d993) srai    s3, s1, 29
core   0: 3 0x8000701c (0x41d4d993) x19 0x00000000
core   0: 0x80007020 (0x09bb1e03) lh      t3, 155(s6)
core   0: 3 0x80007020 (0x09bb1e03) x28 0x00000000 mem 0x8001c39e
core   0: 0x80007024 (0xf67ae313) ori     t1, s5, -153
core   0: 3 0x80007024 (0xf67ae313) x 6 0xffffff67
core   0: 0x80007028 (0x0bbb0003) lb      zero, 187(s6)
core   0: 3 0x80007028 (0x0bbb0003) mem 0x8001c3be
core   0: 0x8000702c (0xf3ab0323) sb      s10, -218(s6)
core   0: 3 0x8000702c (0xf3ab0323) mem 0x8001c229 0x14
core   0: 0x80007030 (0x05bb5a83) lhu     s5, 91(s6)
core   0: 3 0x80007030 (0x05bb5a83) x21 0x00000000 mem 0x8001c35e
core   0: 0x80007034 (0x00f220b3) slt     ra, tp, a5
core   0: 3 0x80007034 (0x00f220b3) x 1 0x00000000
core   0: 0x80007038 (0xddd92613) slti    a2, s2, -547
core   0: 3 0x80007038 (0xddd92613) x12 0x00000000
core   0: 0x8000703c (0x5f1fea93) ori     s5, t6, 1521
core   0: 3 0x8000703c (0x5f1fea93) x21 0x000005f1
core   0: 0x80007040 (0xa9dd4913) xori    s2, s10, -1379
core   0: 3 0x80007040 (0xa9dd4913) x18 0xfffffe89
core   0: 0x80007044 (0x02911e63) bne     sp, s1, pc + 60
core   0: 3 0x80007044 (0x02911e63)
core   0: 0x80007080 (0x11883f13) sltiu   t5, a6, 280
core   0: 3 0x80007080 (0x11883f13) x30 0x00000000
core   0: 0x80007084 (0x02085e63) bgez    a6, pc + 60
core   0: 3 0x80007084 (0x02085e63)
core   0: 0x80007088 (0x013a4633) xor     a2, s4, s3
core   0: 3 0x80007088 (0x013a4633) x12 0xd994d72c
core   0: 0x8000708c (0xfa73ef93) ori     t6, t2, -89
core   0: 3 0x8000708c (0xfa73ef93) x31 0xffffffaf
core   0: 0x80007090 (0x007fd5b3) srl     a1, t6, t2
core   0: 3 0x80007090 (0x007fd5b3) x11 0x0003ffff
core   0: 0x80007094 (0x89bb3313) sltiu   t1, s6, -1893
core   0: 3 0x80007094 (0x89bb3313) x 6 0x00000001
core   0: 0x80007098 (0x020dd263) bgez    s11, pc + 36
core   0: 3 0x80007098 (0x020dd263)
core   0: 0x8000709c (0x68d97737) lui     a4, 0x68d97
core   0: 3 0x8000709c (0x68d97737) x14 0x68d97000
core   0: 0x800070a0 (0x019155b3) srl     a1, sp, s9
core   0: 3 0x800070a0 (0x019155b3) x11 0x8002ae64
core   0: 0x800070a4 (0x013c1013) slli    zero, s8, 19
core   0: 3 0x800070a4 (0x013c1013)
core   0: 0x800070a8 (0x00d379b3) and     s3, t1, a3
core   0: 3 0x800070a8 (0x00d379b3) x19 0x00000000
core   0: 0x800070ac (0x40d2d7b3) sra     a5, t0, a3
core   0: 3 0x800070ac (0x40d2d7b3) x15 0x00001127
core   0: 0x800070b0 (0xd2914593) xori    a1, sp, -727
core   0: 3 0x800070b0 (0xd2914593) x11 0x7ffd534d
core   0: 0x800070b4 (0x5e22ad17) auipc   s10, 0x5e22a
core   0: 3 0x800070b4 (0x5e22ad17) x26 0xde2310b4
core   0: 0x800070b8 (0xe4d26293) ori     t0, tp, -435
core   0: 3 0x800070b8 (0xe4d26293) x 5 0xffffff4d
core   0: 0x800070bc (0x004833b3) sltu    t2, a6, tp
core   0: 3 0x800070bc (0x004833b3) x 7 0x00000000
core   0: 0x800070c0 (0x01e7f6b3) and     a3, a5, t5
core   0: 3 0x800070c0 (0x01e7f6b3) x13 0x00000000
core   0: 0x800070c4 (0x0170df33) srl     t5, ra, s7
core   0: 3 0x800070c4 (0x0170df33) x30 0x00000000
core   0: 0x800070c8 (0x01d06d33) or      s10, zero, t4
core   0: 3 0x800070c8 (0x01d06d33) x26 0x00000000
core   0: 0x800070cc (0x01be8263) beq     t4, s11, pc + 4
core   0: 3 0x800070cc (0x01be8263)
core   0: 0x800070d0 (0x00000013) nop
core   0: 3 0x800070d0 (0x00000013)
core   0: 0x800070d4 (0x05c4f663) bgeu    s1, t3, pc + 76
core   0: 3 0x800070d4 (0x05c4f663)
core   0: 0x80007120 (0xc2b94f93) xori    t6, s2, -981
core   0: 3 0x80007120 (0xc2b94f93) x31 0x000002a2
core   0: 0x80007124 (0x01bd1ab3) sll     s5, s10, s11
core   0: 3 0x80007124 (0x01bd1ab3) x21 0x00000000
core   0: 0x80007128 (0x018ec1b3) xor     gp, t4, s8
core   0: 3 0x80007128 (0x018ec1b3) x 3 0x00000400
core   0: 0x8000712c (0x00000013) nop
core   0: 3 0x8000712c (0x00000013)
core   0: 0x80007130 (0x8053cb37) lui     s6, 0x8053c
core   0: 3 0x80007130 (0x8053cb37) x22 0x8053c000
core   0: 0x80007134 (0x4094dab3) sra     s5, s1, s1
core   0: 3 0x80007134 (0x4094dab3) x21 0x00000005
core   0: 0x80007138 (0x24dab313) sltiu   t1, s5, 589
core   0: 3 0x80007138 (0x24dab313) x 6 0x00000001
core   0: 0x8000713c (0x0253f263) bgeu    t2, t0, pc + 36
core   0: 3 0x8000713c (0x0253f263)
core   0: 0x80007140 (0x02f7c863) blt     a5, a5, pc + 48
core   0: 3 0x80007140 (0x02f7c863)
core   0: 0x80007144 (0xa0617913) andi    s2, sp, -1530
core   0: 3 0x80007144 (0xa0617913) x18 0x8002aa04
core   0: 0x80007148 (0x018cd5b3) srl     a1, s9, s8
core   0: 3 0x80007148 (0x018cd5b3) x11 0x00000000
core   0: 0x8000714c (0x01cc4eb3) xor     t4, s8, t3
core   0: 3 0x8000714c (0x01cc4eb3) x29 0x00000400
core   0: 0x80007150 (0x83536e93) ori     t4, t1, -1995
core   0: 3 0x80007150 (0x83536e93) x29 0xfffff835
core   0: 0x80007154 (0x0210de63) bge     ra, ra, pc + 60
core   0: 3 0x80007154 (0x0210de63)
core   0: 0x80007190 (0x013911b3) sll     gp, s2, s3
core   0: 3 0x80007190 (0x013911b3) x 3 0x8002aa04
core   0: 0x80007194 (0x01bfb033) sltu    zero, t6, s11
core   0: 3 0x80007194 (0x01bfb033)
core   0: 0x80007198 (0x002492b3) sll     t0, s1, sp
core   0: 3 0x80007198 (0x002492b3) x 5 0x565ed780
core   0: 0x8000719c (0x020b8c63) beqz    s7, pc + 56
core   0: 3 0x8000719c (0x020b8c63)
core   0: 0x800071a0 (0x05dac663) blt     s5, t4, pc + 76
core   0: 3 0x800071a0 (0x05dac663)
core   0: 0x800071a4 (0x01816b33) or      s6, sp, s8
core   0: 3 0x800071a4 (0x01816b33) x22 0x8002ae64
core   0: 0x800071a8 (0x139c6293) ori     t0, s8, 313
core   0: 3 0x800071a8 (0x139c6293) x 5 0x00000539
core   0: 0x800071ac (0x00000013) nop
core   0: 3 0x800071ac (0x00000013)
core   0: 0x800071b0 (0x02005663) bgez    zero, pc + 44
core   0: 3 0x800071b0 (0x02005663)
core   0: 0x800071dc (0x0076c733) xor     a4, a3, t2
core   0: 3 0x800071dc (0x0076c733) x14 0x00000000
core   0: 0x800071e0 (0x00961e33) sll     t3, a2, s1
core   0: 3 0x800071e0 (0x00961e33) x28 0x2c000000
core   0: 0x800071e4 (0xc3a6af97) auipc   t6, 0xc3a6a
core   0: 3 0x800071e4 (0xc3a6af97) x31 0x43a711e4
core   0: 0x800071e8 (0x0000100f) fence.i
core   0: 3 0x800071e8 (0x0000100f)
core   0: 0x800071ec (0x00000013) nop
core   0: 3 0x800071ec (0x00000013)
core   0: 0x800071f0 (0x9325e997) auipc   s3, 0x9325e
core   0: 3 0x800071f0 (0x9325e997) x19 0x132651f0
core   0: 0x800071f4 (0x7aeb3a93) sltiu   s5, s6, 1966
core   0: 3 0x800071f4 (0x7aeb3a93) x21 0x00000000
core   0: 0x800071f8 (0xf0404b37) lui     s6, 0xf0404
core   0: 3 0x800071f8 (0xf0404b37) x22 0xf0404000
core   0: 0x800071fc (0x01604433) xor     s0, zero, s6
core   0: 3 0x800071fc (0x01604433) x 8 0xf0404000
core   0: 0x80007200 (0x030c9c63) bne     s9, a6, pc + 56
core   0: 3 0x80007200 (0x030c9c63)
core   0: 0x80007238 (0x0ff0000f) fence   iorw,iorw
core   0: 3 0x80007238 (0x0ff0000f)
core   0: 0x8000723c (0x368f6013) ori     zero, t5, 872
core   0: 3 0x8000723c (0x368f6013)
core   0: 0x80007240 (0x00611d33) sll     s10, sp, t1
core   0: 3 0x80007240 (0x00611d33) x26 0x00055cc8
core   0: 0x80007244 (0x33c80b13) addi    s6, a6, 828
core   0: 3 0x80007244 (0x33c80b13) x22 0xae115977
core   0: 0x80007248 (0x00363733) sltu    a4, a2, gp
core   0: 3 0x80007248 (0x00363733) x14 0x00000000
core   0: 0x8000724c (0x5eb28b13) addi    s6, t0, 1515
core   0: 3 0x8000724c (0x5eb28b13) x22 0x00000b24
core   0: 0x80007250 (0x409c5033) sra     zero, s8, s1
core   0: 3 0x80007250 (0x409c5033)
core   0: 0x80007254 (0xeb8096b7) lui     a3, 0xeb809
core   0: 3 0x80007254 (0xeb8096b7) x13 0xeb809000
core   0: 0x80007258 (0x00ea9993) slli    s3, s5, 14
core   0: 3 0x80007258 (0x00ea9993) x19 0x00000000
core   0: 0x8000725c (0x722bee93) ori     t4, s7, 1826
core   0: 3 0x8000725c (0x722bee93) x29 0xd1eeafb3
core   0: 0x80007260 (0x7b490e13) addi    t3, s2, 1972
core   0: 3 0x80007260 (0x7b490e13) x28 0x8002b1b8
core   0: 0x80007264 (0x00000013) nop
core   0: 3 0x80007264 (0x00000013)
core   0: 0x80007268 (0x01dd6ab3) or      s5, s10, t4
core   0: 3 0x80007268 (0x01dd6ab3) x21 0xd1effffb
core   0: 0x8000726c (0xcf0ae613) ori     a2, s5, -784
core   0: 3 0x8000726c (0xcf0ae613) x12 0xfffffffb
core   0: 0x80007270 (0xd894c193) xori    gp, s1, -631
core   0: 3 0x80007270 (0xd894c193) x 3 0xfa9a10f1
core   0: 0x80007274 (0xe0ed4d13) xori    s10, s10, -498
core   0: 3 0x80007274 (0xe0ed4d13) x26 0xfffaa2c6
core   0: 0x80007278 (0x9caf6f93) ori     t6, t5, -1590
core   0: 3 0x80007278 (0x9caf6f93) x31 0xfffff9ca
core   0: 0x8000727c (0x034afe63) bgeu    s5, s4, pc + 60
core   0: 3 0x8000727c (0x034afe63)
core   0: 0x80007280 (0x05f06863) bltu    zero, t6, pc + 80
core   0: 3 0x80007280 (0x05f06863)
core   0: 0x800072d0 (0x00418733) add     a4, gp, tp
core   0: 3 0x800072d0 (0x00418733) x14 0xfa9a13f9
core   0: 0x800072d4 (0xa643f093) andi    ra, t2, -1436
core   0: 3 0x800072d4 (0xa643f093) x 1 0x00000000
core   0: 0x800072d8 (0x0061b233) sltu    tp, gp, t1
core   0: 3 0x800072d8 (0x0061b233) x 4 0x00000000
core   0: 0x800072dc (0x0400c863) bltz    ra, pc + 80
core   0: 3 0x800072dc (0x0400c863)
core   0: 0x800072e0 (0x01830263) beq     t1, s8, pc + 4
core   0: 3 0x800072e0 (0x01830263)
core   0: 0x800072e4 (0x011defb3) or      t6, s11, a7
core   0: 3 0x800072e4 (0x011defb3) x31 0xd1eea98a
core   0: 0x800072e8 (0x16694e93) xori    t4, s2, 358
core   0: 3 0x800072e8 (0x16694e93) x29 0x8002ab62
core   0: 0x800072ec (0x01905b13) srli    s6, zero, 25
core   0: 3 0x800072ec (0x01905b13) x22 0x00000000
core   0: 0x800072f0 (0x04545863) bge     s0, t0, pc + 80
core   0: 3 0x800072f0 (0x04545863)
core   0: 0x800072f4 (0x45932c93) slti    s9, t1, 1113
core   0: 3 0x800072f4 (0x45932c93) x25 0x00000001
core   0: 0x800072f8 (0x2e1bda17) auipc   s4, 0x2e1bd
core   0: 3 0x800072f8 (0x2e1bda17) x20 0xae1c42f8
core   0: 0x800072fc (0x015f3ab3) sltu    s5, t5, s5
core   0: 3 0x800072fc (0x015f3ab3) x21 0x00000001
core   0: 0x80007300 (0x004bd433) srl     s0, s7, tp
core   0: 3 0x80007300 (0x004bd433) x 8 0xd1eeaab3
core   0: 0x80007304 (0x00073db3) sltu    s11, a4, zero
core   0: 3 0x80007304 (0x00073db3) x27 0x00000000
core   0: 0x80007308 (0x0183db13) srli    s6, t2, 24
core   0: 3 0x80007308 (0x0183db13) x22 0x00000000
core   0: 0x8000730c (0x00000013) nop
core   0: 3 0x8000730c (0x00000013)
core   0: 0x80007310 (0x0093e663) bltu    t2, s1, pc + 12
core   0: 3 0x80007310 (0x0093e663)
core   0: 0x8000731c (0x0000100f) fence.i
core   0: 3 0x8000731c (0x0000100f)
core   0: 0x80007320 (0x40710fb3) sub     t6, sp, t2
core   0: 3 0x80007320 (0x40710fb3) x31 0x8002ae64
core   0: 0x80007324 (0x0506c393) xori    t2, a3, 80
core   0: 3 0x80007324 (0x0506c393) x 7 0xeb809050
core   0: 0x80007328 (0xa07f4e93) xori    t4, t5, -1529
core   0: 3 0x80007328 (0xa07f4e93) x29 0xfffffa07
core   0: 0x8000732c (0x0172e633) or      a2, t0, s7
core   0: 3 0x8000732c (0x0172e633) x12 0xd1eeafbb
core   0: 0x80007330 (0x40e080b3) sub     ra, ra, a4
core   0: 3 0x80007330 (0x40e080b3) x 1 0x0565ec07
core   0: 0x80007334 (0x00919b13) slli    s6, gp, 9
core   0: 3 0x80007334 (0x00919b13) x22 0x3421e200
core   0: 0x80007338 (0x40a6a213) slti    tp, a3, 1034
core   0: 3 0x80007338 (0x40a6a213) x 4 0x00000001
core   0: 0x8000733c (0x9bb37f93) andi    t6, t1, -1605
core   0: 3 0x8000733c (0x9bb37f93) x31 0x00000001
core   0: 0x80007340 (0x005015b3) sll     a1, zero, t0
core   0: 3 0x80007340 (0x005015b3) x11 0x00000000
core   0: 0x80007344 (0x050ce063) bltu    s9, a6, pc + 64
core   0: 3 0x80007344 (0x050ce063)
core   0: 0x80007384 (0x00309463) bne     ra, gp, pc + 8
core   0: 3 0x80007384 (0x00309463)
core   0: 0x8000738c (0x411eddb3) sra     s11, t4, a7
core   0: 3 0x8000738c (0x411eddb3) x27 0xfffffa07
core   0: 0x80007390 (0x07916a63) bltu    sp, s9, pc + 116
core   0: 3 0x80007390 (0x07916a63)
core   0: 0x80007394 (0x5200c7b7) lui     a5, 0x5200c
core   0: 3 0x80007394 (0x5200c7b7) x15 0x5200c000
core   0: 0x80007398 (0x92fec313) xori    t1, t4, -1745
core   0: 3 0x80007398 (0x92fec313) x 6 0x00000328
core   0: 0x8000739c (0x00a95d33) srl     s10, s2, a0
core   0: 3 0x8000739c (0x00a95d33) x26 0x08002aa0
core   0: 0x800073a0 (0x1fff4a13) xori    s4, t5, 511
core   0: 3 0x800073a0 (0x1fff4a13) x20 0x000001ff
core   0: 0x800073a4 (0xd12df317) auipc   t1, 0xd12df
core   0: 3 0x800073a4 (0xd12df317) x 6 0x512e63a4
core   0: 0x800073a8 (0x002d0e33) add     t3, s10, sp
core   0: 3 0x800073a8 (0x002d0e33) x28 0x8802d904
core   0: 0x800073ac (0xe66fb613) sltiu   a2, t6, -410
core   0: 3 0x800073ac (0xe66fb613) x12 0x00000001
core   0: 0x800073b0 (0x0000ea97) auipc   s5, 0xe
core   0: 3 0x800073b0 (0x0000ea97) x21 0x800153b0
core   0: 0x800073b4 (0x798a8a93) addi    s5, s5, 1944
core   0: 3 0x800073b4 (0x798a8a93) x21 0x80015b48
core   0: 0x800073b8 (0x0001ec17) auipc   s8, 0x1e
core   0: 3 0x800073b8 (0x0001ec17) x24 0x800253b8
core   0: 0x800073bc (0xef0c0c13) addi    s8, s8, -272
core   0: 3 0x800073bc (0xef0c0c13) x24 0x800252a8
core   0: 0x800073c0 (0xffec1303) lh      t1, -2(s8)
core   0: 3 0x800073c0 (0xffec1303) x 6 0x00000000 mem 0x800252a6
core   0: 0x800073c4 (0x00ea8c83) lb      s9, 14(s5)
core   0: 3 0x800073c4 (0x00ea8c83) x25 0x00000000 mem 0x80015b56
core   0: 0x800073c8 (0xff5c4403) lbu     s0, -11(s8)
core   0: 3 0x800073c8 (0xff5c4403) x 8 0x00000000 mem 0x8002529d
core   0: 0x800073cc (0xff7a8ca3) sb      s7, -7(s5)
core   0: 3 0x800073cc (0xff7a8ca3) mem 0x80015b41 0xb3
core   0: 0x800073d0 (0xfc4a82a3) sb      tp, -59(s5)
core   0: 3 0x800073d0 (0xfc4a82a3) mem 0x80015b0d 0x1
core   0: 0x800073d4 (0x00ec1b03) lh      s6, 14(s8)
core   0: 3 0x800073d4 (0x00ec1b03) x22 0x00000000 mem 0x800252b6
core   0: 0x800073d8 (0x033a8003) lb      zero, 51(s5)
core   0: 3 0x800073d8 (0x033a8003) mem 0x80015b7b
core   0: 0x800073dc (0x005c4d03) lbu     s10, 5(s8)
core   0: 3 0x800073dc (0x005c4d03) x26 0x00000000 mem 0x800252ad
core   0: 0x800073e0 (0x002c4e83) lbu     t4, 2(s8)
core   0: 3 0x800073e0 (0x002c4e83) x29 0x00000000 mem 0x800252aa
core   0: 0x800073e4 (0x02da8283) lb      t0, 45(s5)
core   0: 3 0x800073e4 (0x02da8283) x 5 0x00000000 mem 0x80015b75
core   0: 0x800073e8 (0xff6c1803) lh      a6, -10(s8)
core   0: 3 0x800073e8 (0xff6c1803) x16 0x00000000 mem 0x8002529e
core   0: 0x800073ec (0x8fb6ac13) slti    s8, a3, -1797
core   0: 3 0x800073ec (0x8fb6ac13) x24 0x00000001
core   0: 0x800073f0 (0xe37e4613) xori    a2, t3, -457
core   0: 3 0x800073f0 (0xe37e4613) x12 0x77fd2733
core   0: 0x800073f4 (0x0e4fb493) sltiu   s1, t6, 228
core   0: 3 0x800073f4 (0x0e4fb493) x 9 0x00000001
core   0: 0x800073f8 (0x0ff0000f) fence   iorw,iorw
core   0: 3 0x800073f8 (0x0ff0000f)
core   0: 0x800073fc (0x41488733) sub     a4, a7, s4
core   0: 3 0x800073fc (0x41488733) x14 0xfffffe01
core   0: 0x80007400 (0x21956393) ori     t2, a0, 537
core   0: 3 0x80007400 (0x21956393) x 7 0x8002eefd
core   0: 0x80007404 (0xb100a617) auipc   a2, 0xb100a
core   0: 3 0x80007404 (0xb100a617) x12 0x31011404
core   0: 0x80007408 (0x0000100f) fence.i
core   0: 3 0x80007408 (0x0000100f)
core   0: 0x8000740c (0x01b99e93) slli    t4, s3, 27
core   0: 3 0x8000740c (0x01b99e93) x29 0x00000000
core   0: 0x80007410 (0x04919263) bne     gp, s1, pc + 68
core   0: 3 0x80007410 (0x04919263)
core   0: 0x80007454 (0x009b34b3) sltu    s1, s6, s1
core   0: 3 0x80007454 (0x009b34b3) x 9 0x00000001
core   0: 0x80007458 (0x00000013) nop
core   0: 3 0x80007458 (0x00000013)
core   0: 0x8000745c (0x2c12fe37) lui     t3, 0x2c12f
core   0: 3 0x8000745c (0x2c12fe37) x28 0x2c12f000
core   0: 0x80007460 (0x0097ef33) or      t5, a5, s1
core   0: 3 0x80007460 (0x0097ef33) x30 0x5200c001
core   0: 0x80007464 (0x00f728b3) slt     a7, a4, a5
core   0: 3 0x80007464 (0x00f728b3) x17 0x00000001
core   0: 0x80007468 (0x00eed613) srli    a2, t4, 14
core   0: 3 0x80007468 (0x00eed613) x12 0x00000000
core   0: 0x8000746c (0x00507a63) bgeu    zero, t0, pc + 20
core   0: 3 0x8000746c (0x00507a63)
core   0: 0x80007480 (0xd75a8093) addi    ra, s5, -651
core   0: 3 0x80007480 (0xd75a8093) x 1 0x800158bd
core   0: 0x80007484 (0x01eb3433) sltu    s0, s6, t5
core   0: 3 0x80007484 (0x01eb3433) x 8 0x00000001
core   0: 0x80007488 (0x2169fe13) andi    t3, s3, 534
core   0: 3 0x80007488 (0x2169fe13) x28 0x00000000
core   0: 0x8000748c (0x41f583b3) sub     t2, a1, t6
core   0: 3 0x8000748c (0x41f583b3) x 7 0xffffffff
core   0: 0x80007490 (0xb8f68a13) addi    s4, a3, -1137
core   0: 3 0x80007490 (0xb8f68a13) x20 0xeb808b8f
core   0: 0x80007494 (0x00164e33) xor     t3, a2, ra
core   0: 3 0x80007494 (0x00164e33) x28 0x800158bd
core   0: 0x80007498 (0x00965a63) bge     a2, s1, pc + 20
core   0: 3 0x80007498 (0x00965a63)
core   0: 0x8000749c (0x0ff0000f) fence   iorw,iorw
core   0: 3 0x8000749c (0x0ff0000f)
core   0: 0x800074a0 (0x023e5263) bge     t3, gp, pc + 36
core   0: 3 0x800074a0 (0x023e5263)
core   0: 0x800074a4 (0x1cb04817) auipc   a6, 0x1cb04
core   0: 3 0x800074a4 (0x1cb04817) x16 0x9cb0b4a4
core   0: 0x800074a8 (0x01ab9a13) slli    s4, s7, 26
core   0: 3 0x800074a8 (0x01ab9a13) x20 0xcc000000
core   0: 0x800074ac (0x41db5093) srai    ra, s6, 29
core   0: 3 0x800074ac (0x41db5093) x 1 0x00000000
core   0: 0x800074b0 (0x0000100f) fence.i
core   0: 3 0x800074b0 (0x0000100f)
core   0: 0x800074b4 (0x01951093) slli    ra, a0, 25
core   0: 3 0x800074b4 (0x01951093) x 1 0xc8000000
core   0: 0x800074b8 (0x01ce7d33) and     s10, t3, t3
core   0: 3 0x800074b8 (0x01ce7d33) x26 0x800158bd
core   0: 0x800074bc (0x03d3e063) bltu    t2, t4, pc + 32
core   0: 3 0x800074bc (0x03d3e063)
core   0: 0x800074c0 (0x023d6e63) bltu    s10, gp, pc + 60
core   0: 3 0x800074c0 (0x023d6e63)
core   0: 0x800074fc (0x0000100f) fence.i
core   0: 3 0x800074fc (0x0000100f)
core   0: 0x80007500 (0x00b24033) xor     zero, tp, a1
core   0: 3 0x80007500 (0x00b24033)
core   0: 0x80007504 (0x01bd1913) slli    s2, s10, 27
core   0: 3 0x80007504 (0x01bd1913) x18 0xe8000000
core   0: 0x80007508 (0x40e4d213) srai    tp, s1, 14
core   0: 3 0x80007508 (0x40e4d213) x 4 0x00000000
core   0: 0x8000750c (0x01cd5913) srli    s2, s10, 28
core   0: 3 0x8000750c (0x01cd5913) x18 0x00000008
core   0: 0x80007510 (0x27e8c193) xori    gp, a7, 638
core   0: 3 0x80007510 (0x27e8c193) x 3 0x0000027f
core   0: 0x80007514 (0xd9538d13) addi    s10, t2, -619
core   0: 3 0x80007514 (0xd9538d13) x26 0xfffffd94
core   0: 0x80007518 (0x015bb833) sltu    a6, s7, s5
core   0: 3 0x80007518 (0x015bb833) x16 0x00000000
core   0: 0x8000751c (0xa5693013) sltiu   zero, s2, -1450
core   0: 3 0x8000751c (0xa5693013)
core   0: 0x80007520 (0x0000100f) fence.i
core   0: 3 0x80007520 (0x0000100f)
core   0: 0x80007524 (0x01fa1fb3) sll     t6, s4, t6
core   0: 3 0x80007524 (0x01fa1fb3) x31 0x98000000
core   0: 0x80007528 (0x40ac54b3) sra     s1, s8, a0
core   0: 3 0x80007528 (0x40ac54b3) x 9 0x00000000
core   0: 0x8000752c (0xa508b4b7) lui     s1, 0xa508b
core   0: 3 0x8000752c (0xa508b4b7) x 9 0xa508b000
core   0: 0x80007530 (0x04c36663) bltu    t1, a2, pc + 76
core   0: 3 0x80007530 (0x04c36663)
core   0: 0x80007534 (0x014c49b3) xor     s3, s8, s4
core   0: 3 0x80007534 (0x014c49b3) x19 0xcc000001
core   0: 0x80007538 (0x9d944213) xori    tp, s0, -1575
core   0: 3 0x80007538 (0x9d944213) x 4 0xfffff9d8
core   0: 0x8000753c (0x012b33b3) sltu    t2, s6, s2
core   0: 3 0x8000753c (0x012b33b3) x 7 0x00000001
core   0: 0x80007540 (0x004c3fb3) sltu    t6, s8, tp
core   0: 3 0x80007540 (0x004c3fb3) x31 0x00000001
core   0: 0x80007544 (0x039a4e63) blt     s4, s9, pc + 60
core   0: 3 0x80007544 (0x039a4e63)
core   0: 0x80007580 (0x020a6c63) bltu    s4, zero, pc + 56
core   0: 3 0x80007580 (0x020a6c63)
core   0: 0x80007584 (0x042f4663) blt     t5, sp, pc + 76
core   0: 3 0x80007584 (0x042f4663)
core   0: 0x80007588 (0x01567fb3) and     t6, a2, s5
core   0: 3 0x80007588 (0x01567fb3) x31 0x00000000
core   0: 0x8000758c (0x05bf5663) bge     t5, s11, pc + 76
core   0: 3 0x8000758c (0x05bf5663)
core   0: 0x800075d8 (0x9716c713) xori    a4, a3, -1679
core   0: 3 0x800075d8 (0x9716c713) x14 0x147f6971
core   0: 0x800075dc (0x019441b3) xor     gp, s0, s9
core   0: 3 0x800075dc (0x019441b3) x 3 0x00000001
core   0: 0x800075e0 (0x00118e33) add     t3, gp, ra
core   0: 3 0x800075e0 (0x00118e33) x28 0xc8000001
core   0: 0x800075e4 (0x007305b3) add     a1, t1, t2
core   0: 3 0x800075e4 (0x007305b3) x11 0x00000001
core   0: 0x800075e8 (0xe0630d13) addi    s10, t1, -506
core   0: 3 0x800075e8 (0xe0630d13) x26 0xfffffe06
core   0: 0x800075ec (0xc9e8c613) xori    a2, a7, -866
core   0: 3 0x800075ec (0xc9e8c613) x12 0xfffffc9f
core   0: 0x800075f0 (0x015e49b3) xor     s3, t3, s5
core   0: 3 0x800075f0 (0x015e49b3) x19 0x48015b49
core   0: 0x800075f4 (0x0039ea33) or      s4, s3, gp
core   0: 3 0x800075f4 (0x0039ea33) x20 0x48015b49
core   0: 0x800075f8 (0x0180c333) xor     t1, ra, s8
core   0: 3 0x800075f8 (0x0180c333) x 6 0xc8000001
core   0: 0x800075fc (0x01dac833) xor     a6, s5, t4
core   0: 3 0x800075fc (0x01dac833) x16 0x80015b48
core   0: 0x80007600 (0xb18ca293) slti    t0, s9, -1256
core   0: 3 0x80007600 (0xb18ca293) x 5 0x00000000
core   0: 0x80007604 (0x41530b33) sub     s6, t1, s5
core   0: 3 0x80007604 (0x41530b33) x22 0x47fea4b9
core   0: 0x80007608 (0x04225863) bge     tp, sp, pc + 80
core   0: 3 0x80007608 (0x04225863)
core   0: 0x80007658 (0x01d10c63) beq     sp, t4, pc + 24
core   0: 3 0x80007658 (0x01d10c63)
core   0: 0x8000765c (0x00ec5b33) srl     s6, s8, a4
core   0: 3 0x8000765c (0x00ec5b33) x22 0x00000000
core   0: 0x80007660 (0x00955f33) srl     t5, a0, s1
core   0: 3 0x80007660 (0x00955f33) x30 0x8002ece4
core   0: 0x80007664 (0x0144f4b3) and     s1, s1, s4
core   0: 3 0x80007664 (0x0144f4b3) x 9 0x00001000
core   0: 0x80007668 (0x01fd03b3) add     t2, s10, t6
core   0: 3 0x80007668 (0x01fd03b3) x 7 0xfffffe06
core   0: 0x8000766c (0x057a5063) bge     s4, s7, pc + 64
core   0: 3 0x8000766c (0x057a5063)
core   0: 0x800076ac (0x00433033) sltu    zero, t1, tp
core   0: 3 0x800076ac (0x00433033)
core   0: 0x800076b0 (0xbb2b4413) xori    s0, s6, -1102
core   0: 3 0x800076b0 (0xbb2b4413) x 8 0xfffffbb2
core   0: 0x800076b4 (0x2b4b28b7) lui     a7, 0x2b4b2
core   0: 3 0x800076b4 (0x2b4b28b7) x17 0x2b4b2000
core   0: 0x800076b8 (0x03e17c63) bgeu    sp, t5, pc + 56
core   0: 3 0x800076b8 (0x03e17c63)
core   0: 0x800076bc (0x0000100f) fence.i
core   0: 3 0x800076bc (0x0000100f)
core   0: 0x800076c0 (0x05c5e263) bltu    a1, t3, pc + 68
core   0: 3 0x800076c0 (0x05c5e263)
core   0: 0x80007704 (0x565c6413) ori     s0, s8, 1381
core   0: 3 0x80007704 (0x565c6413) x 8 0x00000565
core   0: 0x80007708 (0x00000013) nop
core   0: 3 0x80007708 (0x00000013)
core   0: 0x8000770c (0xc76eab13) slti    s6, t4, -906
core   0: 3 0x8000770c (0xc76eab13) x22 0x00000000
core   0: 0x80007710 (0x412ed613) srai    a2, t4, 18
core   0: 3 0x80007710 (0x412ed613) x12 0x00000000
core   0: 0x80007714 (0x64ca7417) auipc   s0, 0x64ca7
core   0: 3 0x80007714 (0x64ca7417) x 8 0xe4cae714
core   0: 0x80007718 (0xd2421297) auipc   t0, 0xd2421
core   0: 3 0x80007718 (0xd2421297) x 5 0x52428718
core   0: 0x8000771c (0x006abd33) sltu    s10, s5, t1
core   0: 3 0x8000771c (0x006abd33) x26 0x00000001
core   0: 0x80007720 (0x0526d663) bge     a3, s2, pc + 76
core   0: 3 0x80007720 (0x0526d663)
core   0: 0x80007724 (0x40610233) sub     tp, sp, t1
core   0: 3 0x80007724 (0x40610233) x 4 0xb802ae63
core   0: 0x80007728 (0x0c8ace93) xori    t4, s5, 200
core   0: 3 0x80007728 (0x0c8ace93) x29 0x80015b80
core   0: 0x8000772c (0xdc44ff13) andi    t5, s1, -572
core   0: 3 0x8000772c (0xdc44ff13) x30 0x00001000
core   0: 0x80007730 (0x00b28cb3) add     s9, t0, a1
core   0: 3 0x80007730 (0x00b28cb3) x25 0x52428719
core   0: 0x80007734 (0xa6fcaa13) slti    s4, s9, -1425
core   0: 3 0x80007734 (0xa6fcaa13) x20 0x00000000
core   0: 0x80007738 (0x00a637b3) sltu    a5, a2, a0
core   0: 3 0x80007738 (0x00a637b3) x15 0x00000001
core   0: 0x8000773c (0x019b8463) beq     s7, s9, pc + 8
core   0: 3 0x8000773c (0x019b8463)
core   0: 0x80007740 (0x01705213) srli    tp, zero, 23
core   0: 3 0x80007740 (0x01705213) x 4 0x00000000
core   0: 0x80007744 (0x04448063) beq     s1, tp, pc + 64
core   0: 3 0x80007744 (0x04448063)
core   0: 0x80007748 (0x00e4db33) srl     s6, s1, a4
core   0: 3 0x80007748 (0x00e4db33) x22 0x00000000
core   0: 0x8000774c (0x403b0eb3) sub     t4, s6, gp
core   0: 3 0x8000774c (0x403b0eb3) x29 0xffffffff
core   0: 0x80007750 (0x018e55b3) srl     a1, t3, s8
core   0: 3 0x80007750 (0x018e55b3) x11 0x64000000
core   0: 0x80007754 (0x0ff0000f) fence   iorw,iorw
core   0: 3 0x80007754 (0x0ff0000f)
core   0: 0x80007758 (0x05ec9663) bne     s9, t5, pc + 76
core   0: 3 0x80007758 (0x05ec9663)
core   0: 0x800077a4 (0x00929e93) slli    t4, t0, 9
core   0: 3 0x800077a4 (0x00929e93) x29 0x850e3000
core   0: 0x800077a8 (0x01814863) blt     sp, s8, pc + 16
core   0: 3 0x800077a8 (0x01814863)
core   0: 0x800077b8 (0x00135413) srli    s0, t1, 1
core   0: 3 0x800077b8 (0x00135413) x 8 0x64000000
core   0: 0x800077bc (0x000bd093) srli    ra, s7, 0
core   0: 3 0x800077bc (0x000bd093) x 1 0xd1eeaab3
core   0: 0x800077c0 (0x40db89b3) sub     s3, s7, a3
core   0: 3 0x800077c0 (0x40db89b3) x19 0xe66e1ab3
core   0: 0x800077c4 (0xd9dc0993) addi    s3, s8, -611
core   0: 3 0x800077c4 (0xd9dc0993) x19 0xfffffd9e
core   0: 0x800077c8 (0x01931433) sll     s0, t1, s9
core   0: 3 0x800077c8 (0x01931433) x 8 0x02000000
core   0: 0x800077cc (0x0d833913) sltiu   s2, t1, 216
core   0: 3 0x800077cc (0x0d833913) x18 0x00000000
core   0: 0x800077d0 (0x007ec433) xor     s0, t4, t2
core   0: 3 0x800077d0 (0x007ec433) x 8 0x7af1ce06
core   0: 0x800077d4 (0x8729f813) andi    a6, s3, -1934
core   0: 3 0x800077d4 (0x8729f813) x16 0xfffff812
core   0: 0x800077d8 (0x010ebc33) sltu    s8, t4, a6
core   0: 3 0x800077d8 (0x010ebc33) x24 0x00000001
core   0: 0x800077dc (0x01b91c33) sll     s8, s2, s11
core   0: 3 0x800077dc (0x01b91c33) x24 0x00000000
core   0: 0x800077e0 (0x01c36263) bltu    t1, t3, pc + 4
core   0: 3 0x800077e0 (0x01c36263)
core   0: 0x800077e4 (0x019f31b3) sltu    gp, t5, s9
core   0: 3 0x800077e4 (0x019f31b3) x 3 0x00000001
core   0: 0x800077e8 (0x201d8d13) addi    s10, s11, 513
core   0: 3 0x800077e8 (0x201d8d13) x26 0xfffffc08
core   0: 0x800077ec (0x0008deb3) srl     t4, a7, zero
core   0: 3 0x800077ec (0x0008deb3) x29 0x2b4b2000
core   0: 0x800077f0 (0x005aca63) blt     s5, t0, pc + 20
core   0: 3 0x800077f0 (0x005aca63)
core   0: 0x80007804 (0x00219f13) slli    t5, gp, 2
core   0: 3 0x80007804 (0x00219f13) x30 0x00000004
core   0: 0x80007808 (0x4c07aa13) slti    s4, a5, 1216
core   0: 3 0x80007808 (0x4c07aa13) x20 0x00000001
core   0: 0x8000780c (0x002c5713) srli    a4, s8, 2
core   0: 3 0x8000780c (0x002c5713) x14 0x00000000
core   0: 0x80007810 (0x42232193) slti    gp, t1, 1058
core   0: 3 0x80007810 (0x42232193) x 3 0x00000001
core   0: 0x80007814 (0xb82f8cb7) lui     s9, 0xb82f8
core   0: 3 0x80007814 (0xb82f8cb7) x25 0xb82f8000
core   0: 0x80007818 (0x40cfd5b3) sra     a1, t6, a2
core   0: 3 0x80007818 (0x40cfd5b3) x11 0x00000000
core   0: 0x8000781c (0x01088a33) add     s4, a7, a6
core   0: 3 0x8000781c (0x01088a33) x20 0x2b4b1812
core   0: 0x80007820 (0x00cfa333) slt     t1, t6, a2
core   0: 3 0x80007820 (0x00cfa333) x 6 0x00000000
core   0: 0x80007824 (0x005c4b33) xor     s6, s8, t0
core   0: 3 0x80007824 (0x005c4b33) x22 0x52428718
core   0: 0x80007828 (0x7b02bb17) auipc   s6, 0x7b02b
core   0: 3 0x80007828 (0x7b02bb17) x22 0xfb032828
core   0: 0x8000782c (0xe075b013) sltiu   zero, a1, -505
core   0: 3 0x8000782c (0xe075b013)
core   0: 0x80007830 (0x00c41ab3) sll     s5, s0, a2
core   0: 3 0x80007830 (0x00c41ab3) x21 0x7af1ce06
core   0: 0x80007834 (0x0340de63) bge     ra, s4, pc + 60
core   0: 3 0x80007834 (0x0340de63)
core   0: 0x80007838 (0x00299f33) sll     t5, s3, sp
core   0: 3 0x80007838 (0x00299f33) x30 0xffffd9e0
core   0: 0x8000783c (0x00000013) nop
core   0: 3 0x8000783c (0x00000013)
core   0: 0x80007840 (0x0422d663) bge     t0, sp, pc + 76
core   0: 3 0x80007840 (0x0422d663)
core   0: 0x8000788c (0x00e6e2b3) or      t0, a3, a4
core   0: 3 0x8000788c (0x00e6e2b3) x 5 0xeb809000
core   0: 0x80007890 (0xfaf20313) addi    t1, tp, -81
core   0: 3 0x80007890 (0xfaf20313) x 6 0xffffffaf
core   0: 0x80007894 (0x55213313) sltiu   t1, sp, 1362
core   0: 3 0x80007894 (0x55213313) x 6 0x00000000
core   0: 0x80007898 (0x40040a33) sub     s4, s0, zero
core   0: 3 0x80007898 (0x40040a33) x20 0x7af1ce06
core   0: 0x8000789c (0x02bb5e63) bge     s6, a1, pc + 60
core   0: 3 0x8000789c (0x02bb5e63)
core   0: 0x800078a0 (0x04d60863) beq     a2, a3, pc + 80
core   0: 3 0x800078a0 (0x04d60863)
core   0: 0x800078a4 (0x003e4d33) xor     s10, t3, gp
core   0: 3 0x800078a4 (0x003e4d33) x26 0xc8000000
core   0: 0x800078a8 (0x0ff0000f) fence   iorw,iorw
core   0: 3 0x800078a8 (0x0ff0000f)
core   0: 0x800078ac (0x4188de93) srai    t4, a7, 24
core   0: 3 0x800078ac (0x4188de93) x29 0x0000002b
core   0: 0x800078b0 (0x35934013) xori    zero, t1, 857
core   0: 3 0x800078b0 (0x35934013)
core   0: 0x800078b4 (0x01491913) slli    s2, s2, 20
core   0: 3 0x800078b4 (0x01491913) x18 0x00000000
core   0: 0x800078b8 (0x04ebc017) auipc   zero, 0x4ebc
core   0: 3 0x800078b8 (0x04ebc017)
core   0: 0x800078bc (0x01c31e33) sll     t3, t1, t3
core   0: 3 0x800078bc (0x01c31e33) x28 0x00000000
core   0: 0x800078c0 (0x40a65e13) srai    t3, a2, 10
core   0: 3 0x800078c0 (0x40a65e13) x28 0x00000000
core   0: 0x800078c4 (0x01900b33) add     s6, zero, s9
core   0: 3 0x800078c4 (0x01900b33) x22 0xb82f8000
core   0: 0x800078c8 (0x0402d463) bgez    t0, pc + 72
core   0: 3 0x800078c8 (0x0402d463)
core   0: 0x800078cc (0x0000100f) fence.i
core   0: 3 0x800078cc (0x0000100f)
core   0: 0x800078d0 (0x003f97b3) sll     a5, t6, gp
core   0: 3 0x800078d0 (0x003f97b3) x15 0x00000000
core   0: 0x800078d4 (0x0083c333) xor     t1, t2, s0
core   0: 3 0x800078d4 (0x0083c333) x 6 0x850e3000
core   0: 0x800078d8 (0xd84c2497) auipc   s1, 0xd84c2
core   0: 3 0x800078d8 (0xd84c2497) x 9 0x584c98d8
core   0: 0x800078dc (0x4125dc13) srai    s8, a1, 18
core   0: 3 0x800078dc (0x4125dc13) x24 0x00000000
core   0: 0x800078e0 (0x00000013) nop
core   0: 3 0x800078e0 (0x00000013)
core   0: 0x800078e4 (0x011f2433) slt     s0, t5, a7
core   0: 3 0x800078e4 (0x011f2433) x 8 0x00000001
core   0: 0x800078e8 (0x002282b3) add     t0, t0, sp
core   0: 3 0x800078e8 (0x002282b3) x 5 0x6b833e64
core   0: 0x800078ec (0x0188c033) xor     zero, a7, s8
core   0: 3 0x800078ec (0x0188c033)
core   0: 0x800078f0 (0x004f97b3) sll     a5, t6, tp
core   0: 3 0x800078f0 (0x004f97b3) x15 0x00000000
core   0: 0x800078f4 (0x26002313) slti    t1, zero, 608
core   0: 3 0x800078f4 (0x26002313) x 6 0x00000001
core   0: 0x800078f8 (0x00f27333) and     t1, tp, a5
core   0: 3 0x800078f8 (0x00f27333) x 6 0x00000000
core   0: 0x800078fc (0xb2528c13) addi    s8, t0, -1243
core   0: 3 0x800078fc (0xb2528c13) x24 0x6b833989
core   0: 0x80007900 (0x3a665c97) auipc   s9, 0x3a665
core   0: 3 0x80007900 (0x3a665c97) x25 0xba66c900
core   0: 0x80007904 (0x007c2db3) slt     s11, s8, t2
core   0: 3 0x80007904 (0x007c2db3) x27 0x00000000
core   0: 0x80007908 (0x01dd11b3) sll     gp, s10, t4
core   0: 3 0x80007908 (0x01dd11b3) x 3 0x00000000
core   0: 0x8000790c (0x010fe7b3) or      a5, t6, a6
core   0: 3 0x8000790c (0x010fe7b3) x15 0xfffff812
core   0: 0x80007910 (0x00000013) nop
core   0: 3 0x80007910 (0x00000013)
core   0: 0x80007914 (0x00000013) nop
core   0: 3 0x80007914 (0x00000013)
core   0: 0x80007918 (0x56ff8713) addi    a4, t6, 1391
core   0: 3 0x80007918 (0x56ff8713) x14 0x0000056f
core   0: 0x8000791c (0x6c8d8193) addi    gp, s11, 1736
core   0: 3 0x8000791c (0x6c8d8193) x 3 0x000006c8
core   0: 0x80007920 (0x00000013) nop
core   0: 3 0x80007920 (0x00000013)
core   0: 0x80007924 (0x00bd1c33) sll     s8, s10, a1
core   0: 3 0x80007924 (0x00bd1c33) x24 0xc8000000
core   0: 0x80007928 (0x019ec3b3) xor     t2, t4, s9
core   0: 3 0x80007928 (0x019ec3b3) x 7 0xba66c92b
core   0: 0x8000792c (0x0ff0000f) fence   iorw,iorw
core   0: 3 0x8000792c (0x0ff0000f)
core   0: 0x80007930 (0x0249fe63) bgeu    s3, tp, pc + 60
core   0: 3 0x80007930 (0x0249fe63)
core   0: 0x8000796c (0x028c4e63) blt     s8, s0, pc + 60
core   0: 3 0x8000796c (0x028c4e63)
core   0: 0x800079a8 (0x417d0033) sub     zero, s10, s7
core   0: 3 0x800079a8 (0x417d0033)
core   0: 0x800079ac (0x02058c63) beqz    a1, pc + 56
core   0: 3 0x800079ac (0x02058c63)
core   0: 0x800079e4 (0x018dacb3) slt     s9, s11, s8
core   0: 3 0x800079e4 (0x018dacb3) x25 0x00000000
core   0: 0x800079e8 (0x0088f233) and     tp, a7, s0
core   0: 3 0x800079e8 (0x0088f233) x 4 0x00000000
core   0: 0x800079ec (0x41e38333) sub     t1, t2, t5
core   0: 3 0x800079ec (0x41e38333) x 6 0xba66ef4b
core   0: 0x800079f0 (0x41b151b3) sra     gp, sp, s11
core   0: 3 0x800079f0 (0x41b151b3) x 3 0x8002ae64
core   0: 0x800079f4 (0x01bd5593) srli    a1, s10, 27
core   0: 3 0x800079f4 (0x01bd5593) x11 0x00000019
core   0: 0x800079f8 (0x016e41b3) xor     gp, t3, s6
core   0: 3 0x800079f8 (0x016e41b3) x 3 0xb82f8000
core   0: 0x800079fc (0xc6f98b17) auipc   s6, 0xc6f98
core   0: 3 0x800079fc (0xc6f98b17) x22 0x46f9f9fc
core   0: 0x80007a00 (0x0000100f) fence.i
core   0: 3 0x80007a00 (0x0000100f)
core   0: 0x80007a04 (0x01751e13) slli    t3, a0, 23
core   0: 3 0x80007a04 (0x01751e13) x28 0x72000000
core   0: 0x80007a08 (0x010e5c63) bge     t3, a6, pc + 24
core   0: 3 0x80007a08 (0x010e5c63)
core   0: 0x80007a20 (0x014e5193) srli    gp, t3, 20
core   0: 3 0x80007a20 (0x014e5193) x 3 0x00000720
core   0: 0x80007a24 (0x4158d013) srai    zero, a7, 21
core   0: 3 0x80007a24 (0x4158d013)
core   0: 0x80007a28 (0x049de263) bltu    s11, s1, pc + 68
core   0: 3 0x80007a28 (0x049de263)
core   0: 0x80007a6c (0x03c1c663) blt     gp, t3, pc + 44
core   0: 3 0x80007a6c (0x03c1c663)
core   0: 0x80007a98 (0x0000100f) fence.i
core   0: 3 0x80007a98 (0x0000100f)
core   0: 0x80007a9c (0x00000b97) auipc   s7, 0x0
core   0: 3 0x80007a9c (0x00000b97) x23 0x80007a9c
core   0: 0x80007aa0 (0x00cb8b93) addi    s7, s7, 12
core   0: 3 0x80007aa0 (0x00cb8b93) x23 0x80007aa8
core   0: 0x80007aa4 (0x000b8067) jr      s7
core   0: 3 0x80007aa4 (0x000b8067)
core   0: 0x80007aa8 (0x00100193) li      gp, 1
core   0: 3 0x80007aa8 (0x00100193) x 3 0x00000001
core   0: 0x80007aac (0x00000073) ecall
core   0: exception trap_machine_ecall, epc 0x80007aac
core   0: >>>>  mtvec_handler
core   0: 0x80014840 (0x0400006f) j       pc + 0x40
core   0: 3 0x80014840 (0x0400006f)
core   0: 0x80014880 (0xffc50513) addi    a0, a0, -4
core   0: 3 0x80014880 (0xffc50513) x10 0x8002ece0
core   0: 0x80014884 (0x00252023) sw      sp, 0(a0)
core   0: 3 0x80014884 (0x00252023) mem 0x8002ece0 0x8002ae64
core   0: 0x80014888 (0x00050133) add     sp, a0, zero
core   0: 3 0x80014888 (0x00050133) x 2 0x8002ece0
core   0: 0x8001488c (0xf8010113) addi    sp, sp, -128
core   0: 3 0x8001488c (0xf8010113) x 2 0x8002ec60
core   0: 0x80014890 (0x00112223) sw      ra, 4(sp)
core   0: 3 0x80014890 (0x00112223) mem 0x8002ec64 0xd1eeaab3
core   0: 0x80014894 (0x00212423) sw      sp, 8(sp)
core   0: 3 0x80014894 (0x00212423) mem 0x8002ec68 0x8002ec60
core   0: 0x80014898 (0x00312623) sw      gp, 12(sp)
core   0: 3 0x80014898 (0x00312623) mem 0x8002ec6c 0x00000001
core   0: 0x8001489c (0x00412823) sw      tp, 16(sp)
core   0: 3 0x8001489c (0x00412823) mem 0x8002ec70 0x00000000
core   0: 0x800148a0 (0x00512a23) sw      t0, 20(sp)
core   0: 3 0x800148a0 (0x00512a23) mem 0x8002ec74 0x6b833e64
core   0: 0x800148a4 (0x00612c23) sw      t1, 24(sp)
core   0: 3 0x800148a4 (0x00612c23) mem 0x8002ec78 0xba66ef4b
core   0: 0x800148a8 (0x00712e23) sw      t2, 28(sp)
core   0: 3 0x800148a8 (0x00712e23) mem 0x8002ec7c 0xba66c92b
core   0: 0x800148ac (0x02812023) sw      s0, 32(sp)
core   0: 3 0x800148ac (0x02812023) mem 0x8002ec80 0x00000001
core   0: 0x800148b0 (0x02912223) sw      s1, 36(sp)
core   0: 3 0x800148b0 (0x02912223) mem 0x8002ec84 0x584c98d8
core   0: 0x800148b4 (0x02a12423) sw      a0, 40(sp)
core   0: 3 0x800148b4 (0x02a12423) mem 0x8002ec88 0x8002ece0
core   0: 0x800148b8 (0x02b12623) sw      a1, 44(sp)
core   0: 3 0x800148b8 (0x02b12623) mem 0x8002ec8c 0x00000019
core   0: 0x800148bc (0x02c12823) sw      a2, 48(sp)
core   0: 3 0x800148bc (0x02c12823) mem 0x8002ec90 0x00000000
core   0: 0x800148c0 (0x02d12a23) sw      a3, 52(sp)
core   0: 3 0x800148c0 (0x02d12a23) mem 0x8002ec94 0xeb809000
core   0: 0x800148c4 (0x02e12c23) sw      a4, 56(sp)
core   0: 3 0x800148c4 (0x02e12c23) mem 0x8002ec98 0x0000056f
core   0: 0x800148c8 (0x02f12e23) sw      a5, 60(sp)
core   0: 3 0x800148c8 (0x02f12e23) mem 0x8002ec9c 0xfffff812
core   0: 0x800148cc (0x05012023) sw      a6, 64(sp)
core   0: 3 0x800148cc (0x05012023) mem 0x8002eca0 0xfffff812
core   0: 0x800148d0 (0x05112223) sw      a7, 68(sp)
core   0: 3 0x800148d0 (0x05112223) mem 0x8002eca4 0x2b4b2000
core   0: 0x800148d4 (0x05212423) sw      s2, 72(sp)
core   0: 3 0x800148d4 (0x05212423) mem 0x8002eca8 0x00000000
core   0: 0x800148d8 (0x05312623) sw      s3, 76(sp)
core   0: 3 0x800148d8 (0x05312623) mem 0x8002ecac 0xfffffd9e
core   0: 0x800148dc (0x05412823) sw      s4, 80(sp)
core   0: 3 0x800148dc (0x05412823) mem 0x8002ecb0 0x7af1ce06
core   0: 0x800148e0 (0x05512a23) sw      s5, 84(sp)
core   0: 3 0x800148e0 (0x05512a23) mem 0x8002ecb4 0x7af1ce06
core   0: 0x800148e4 (0x05612c23) sw      s6, 88(sp)
core   0: 3 0x800148e4 (0x05612c23) mem 0x8002ecb8 0x46f9f9fc
core   0: 0x800148e8 (0x05712e23) sw      s7, 92(sp)
core   0: 3 0x800148e8 (0x05712e23) mem 0x8002ecbc 0x80007aa8
core   0: 0x800148ec (0x07812023) sw      s8, 96(sp)
core   0: 3 0x800148ec (0x07812023) mem 0x8002ecc0 0xc8000000
core   0: 0x800148f0 (0x07912223) sw      s9, 100(sp)
core   0: 3 0x800148f0 (0x07912223) mem 0x8002ecc4 0x00000000
core   0: 0x800148f4 (0x07a12423) sw      s10, 104(sp)
core   0: 3 0x800148f4 (0x07a12423) mem 0x8002ecc8 0xc8000000
core   0: 0x800148f8 (0x07b12623) sw      s11, 108(sp)
core   0: 3 0x800148f8 (0x07b12623) mem 0x8002eccc 0x00000000
core   0: 0x800148fc (0x07c12823) sw      t3, 112(sp)
core   0: 3 0x800148fc (0x07c12823) mem 0x8002ecd0 0x72000000
core   0: 0x80014900 (0x07d12a23) sw      t4, 116(sp)
core   0: 3 0x80014900 (0x07d12a23) mem 0x8002ecd4 0x0000002b
core   0: 0x80014904 (0x07e12c23) sw      t5, 120(sp)
core   0: 3 0x80014904 (0x07e12c23) mem 0x8002ecd8 0xffffd9e0
core   0: 0x80014908 (0x07f12e23) sw      t6, 124(sp)
core   0: 3 0x80014908 (0x07f12e23) mem 0x8002ecdc 0x00000000
core   0: 0x8001490c (0x00010533) add     a0, sp, zero
core   0: 3 0x8001490c (0x00010533) x10 0x8002ec60
core   0: 0x80014910 (0x34102df3) csrr    s11, mepc
core   0: 3 0x80014910 (0x34102df3) x27 0x80007aac
core   0: 0x80014914 (0x34202df3) csrr    s11, mcause
core   0: 3 0x80014914 (0x34202df3) x27 0x0000000b
core   0: 0x80014918 (0x00300c13) li      s8, 3
core   0: 3 0x80014918 (0x00300c13) x24 0x00000003
core   0: 0x8001491c (0x2b8d8a63) beq     s11, s8, pc + 692
core   0: 3 0x8001491c (0x2b8d8a63)
core   0: 0x80014920 (0x00800c13) li      s8, 8
core   0: 3 0x80014920 (0x00800c13) x24 0x00000008
core   0: 0x80014924 (0x058d8e63) beq     s11, s8, pc + 92
core   0: 3 0x80014924 (0x058d8e63)
core   0: 0x80014928 (0x00900c13) li      s8, 9
core   0: 3 0x80014928 (0x00900c13) x24 0x00000009
core   0: 0x8001492c (0x058d8a63) beq     s11, s8, pc + 84
core   0: 3 0x8001492c (0x058d8a63)
core   0: 0x80014930 (0x00b00c13) li      s8, 11
core   0: 3 0x80014930 (0x00b00c13) x24 0x0000000b
core   0: 0x80014934 (0x058d8663) beq     s11, s8, pc + 76
core   0: 3 0x80014934 (0x058d8663)
core   0: 0x80014980 (0xfffebd97) auipc   s11, 0xfffeb
core   0: 3 0x80014980 (0xfffebd97) x27 0x7ffff980
core   0: 0x80014984 (0x680d8d93) addi    s11, s11, 1664
core   0: 3 0x80014984 (0x680d8d93) x27 0x80000000
core   0: 0x80014988 (0x000da023) sw      zero, 0(s11)
core   0: 3 0x80014988 (0x000da023) mem 0x80000000 0x00000000
core   0: 0x8001498c (0x001da223) sw      ra, 4(s11)
core   0: 3 0x8001498c (0x001da223) mem 0x80000004 0xd1eeaab3
core   0: 0x80014990 (0x002da423) sw      sp, 8(s11)
core   0: 3 0x80014990 (0x002da423) mem 0x80000008 0x8002ec60
core   0: 0x80014994 (0x003da623) sw      gp, 12(s11)
core   0: 3 0x80014994 (0x003da623) mem 0x8000000c 0x00000001
core   0: 0x80014998 (0x004da823) sw      tp, 16(s11)
core   0: 3 0x80014998 (0x004da823) mem 0x80000010 0x00000000
core   0: 0x8001499c (0x005daa23) sw      t0, 20(s11)
core   0: 3 0x8001499c (0x005daa23) mem 0x80000014 0x6b833e64
core   0: 0x800149a0 (0x006dac23) sw      t1, 24(s11)
core   0: 3 0x800149a0 (0x006dac23) mem 0x80000018 0xba66ef4b
core   0: 0x800149a4 (0x007dae23) sw      t2, 28(s11)
core   0: 3 0x800149a4 (0x007dae23) mem 0x8000001c 0xba66c92b
core   0: 0x800149a8 (0x028da023) sw      s0, 32(s11)
core   0: 3 0x800149a8 (0x028da023) mem 0x80000020 0x00000001
core   0: 0x800149ac (0x029da223) sw      s1, 36(s11)
core   0: 3 0x800149ac (0x029da223) mem 0x80000024 0x584c98d8
core   0: 0x800149b0 (0x02ada423) sw      a0, 40(s11)
core   0: 3 0x800149b0 (0x02ada423) mem 0x80000028 0x8002ec60
core   0: 0x800149b4 (0x02bda623) sw      a1, 44(s11)
core   0: 3 0x800149b4 (0x02bda623) mem 0x8000002c 0x00000019
core   0: 0x800149b8 (0x02cda823) sw      a2, 48(s11)
core   0: 3 0x800149b8 (0x02cda823) mem 0x80000030 0x00000000
core   0: 0x800149bc (0x02ddaa23) sw      a3, 52(s11)
core   0: 3 0x800149bc (0x02ddaa23) mem 0x80000034 0xeb809000
core   0: 0x800149c0 (0x02edac23) sw      a4, 56(s11)
core   0: 3 0x800149c0 (0x02edac23) mem 0x80000038 0x0000056f
core   0: 0x800149c4 (0x02fdae23) sw      a5, 60(s11)
core   0: 3 0x800149c4 (0x02fdae23) mem 0x8000003c 0xfffff812
core   0: 0x800149c8 (0x050da023) sw      a6, 64(s11)
core   0: 3 0x800149c8 (0x050da023) mem 0x80000040 0xfffff812
core   0: 0x800149cc (0x051da223) sw      a7, 68(s11)
core   0: 3 0x800149cc (0x051da223) mem 0x80000044 0x2b4b2000
core   0: 0x800149d0 (0x052da423) sw      s2, 72(s11)
core   0: 3 0x800149d0 (0x052da423) mem 0x80000048 0x00000000
core   0: 0x800149d4 (0x053da623) sw      s3, 76(s11)
core   0: 3 0x800149d4 (0x053da623) mem 0x8000004c 0xfffffd9e
core   0: 0x800149d8 (0x054da823) sw      s4, 80(s11)
core   0: 3 0x800149d8 (0x054da823) mem 0x80000050 0x7af1ce06
core   0: 0x800149dc (0x055daa23) sw      s5, 84(s11)
core   0: 3 0x800149dc (0x055daa23) mem 0x80000054 0x7af1ce06
core   0: 0x800149e0 (0x056dac23) sw      s6, 88(s11)
core   0: 3 0x800149e0 (0x056dac23) mem 0x80000058 0x46f9f9fc
core   0: 0x800149e4 (0x057dae23) sw      s7, 92(s11)
core   0: 3 0x800149e4 (0x057dae23) mem 0x8000005c 0x80007aa8
core   0: 0x800149e8 (0x078da023) sw      s8, 96(s11)
core   0: 3 0x800149e8 (0x078da023) mem 0x80000060 0x0000000b
core   0: 0x800149ec (0x079da223) sw      s9, 100(s11)
core   0: 3 0x800149ec (0x079da223) mem 0x80000064 0x00000000
core   0: 0x800149f0 (0x07ada423) sw      s10, 104(s11)
core   0: 3 0x800149f0 (0x07ada423) mem 0x80000068 0xc8000000
core   0: 0x800149f4 (0x07bda623) sw      s11, 108(s11)
core   0: 3 0x800149f4 (0x07bda623) mem 0x8000006c 0x80000000
core   0: 0x800149f8 (0x07cda823) sw      t3, 112(s11)
core   0: 3 0x800149f8 (0x07cda823) mem 0x80000070 0x72000000
core   0: 0x800149fc (0x07ddaa23) sw      t4, 116(s11)
core   0: 3 0x800149fc (0x07ddaa23) mem 0x80000074 0x0000002b
core   0: 0x80014a00 (0x07edac23) sw      t5, 120(s11)
core   0: 3 0x80014a00 (0x07edac23) mem 0x80000078 0xffffd9e0
core   0: 0x80014a04 (0x07fdae23) sw      t6, 124(s11)
core   0: 3 0x80014a04 (0x07fdae23) mem 0x8000007c 0x00000000
core   0: 0x80014a08 (0xfffffb97) auipc   s7, 0xfffff
core   0: 3 0x80014a08 (0xfffffb97) x23 0x80013a08
core   0: 0x80014a0c (0x40cb8b93) addi    s7, s7, 1036
core   0: 3 0x80014a0c (0x40cb8b93) x23 0x80013e14
core   0: 0x80014a10 (0x000b8067) jr      s7
core   0: 3 0x80014a10 (0x000b8067)
core   0: 0x80013e14 (0x00001f17) auipc   t5, 0x1
core   0: 3 0x80013e14 (0x00001f17) x30 0x80014e14
core   0: 0x80013e18 (0x1e3f2623) sw      gp, 492(t5)
core   0: 3 0x80013e18 (0x1e3f2623) mem 0x80015000 0x00000001
core   0: 0x80013e1c (0xff9ff06f) j       pc - 0x8
core   0: 3 0x80013e1c (0xff9ff06f)
core   0: 0x80013e14 (0x00001f17) auipc   t5, 0x1
core   0: 3 0x80013e14 (0x00001f17) x30 0x80014e14
core   0: 0x80013e18 (0x1e3f2623) sw      gp, 492(t5)
core   0: 3 0x80013e18 (0x1e3f2623) mem 0x80015000 0x00000001
core   0: 0x80013e1c (0xff9ff06f) j       pc - 0x8
core   0: 3 0x80013e1c (0xff9ff06f)
core   0: 0x80013e14 (0x00001f17) auipc   t5, 0x1
core   0: 3 0x80013e14 (0x00001f17) x30 0x80014e14
core   0: 0x80013e18 (0x1e3f2623) sw      gp, 492(t5)
core   0: 3 0x80013e18 (0x1e3f2623) mem 0x80015000 0x00000001
core   0: 0x80013e1c (0xff9ff06f) j       pc - 0x8
core   0: 3 0x80013e1c (0xff9ff06f)
core   0: 0x80013e14 (0x00001f17) auipc   t5, 0x1
core   0: 3 0x80013e14 (0x00001f17) x30 0x80014e14
core   0: 0x80013e18 (0x1e3f2623) sw      gp, 492(t5)
core   0: 3 0x80013e18 (0x1e3f2623) mem 0x80015000 0x00000001
core   0: 0x80013e1c (0xff9ff06f) j       pc - 0x8
core   0: 3 0x80013e1c (0xff9ff06f)
core   0: 0x80013e14 (0x00001f17) auipc   t5, 0x1
core   0: 3 0x80013e14 (0x00001f17) x30 0x80014e14
core   0: 0x80013e18 (0x1e3f2623) sw      gp, 492(t5)
core   0: 3 0x80013e18 (0x1e3f2623) mem 0x80015000 0x00000001
core   0: 0x80013e1c (0xff9ff06f) j       pc - 0x8
core   0: 3 0x80013e1c (0xff9ff06f)
core   0: 0x80013e14 (0x00001f17) auipc   t5, 0x1
core   0: 3 0x80013e14 (0x00001f17) x30 0x80014e14
core   0: 0x80013e18 (0x1e3f2623) sw      gp, 492(t5)
core   0: 3 0x80013e18 (0x1e3f2623) mem 0x80015000 0x00000001
core   0: 0x80013e1c (0xff9ff06f) j       pc - 0x8
core   0: 3 0x80013e1c (0xff9ff06f)
core   0: 0x80013e14 (0x00001f17) auipc   t5, 0x1
core   0: 3 0x80013e14 (0x00001f17) x30 0x80014e14
core   0: 0x80013e18 (0x1e3f2623) sw      gp, 492(t5)
core   0: 3 0x80013e18 (0x1e3f2623) mem 0x80015000 0x00000001
core   0: 0x80013e1c (0xff9ff06f) j       pc - 0x8
core   0: 3 0x80013e1c (0xff9ff06f)
core   0: 0x80013e14 (0x00001f17) auipc   t5, 0x1
core   0: 3 0x80013e14 (0x00001f17) x30 0x80014e14
core   0: 0x80013e18 (0x1e3f2623) sw      gp, 492(t5)
core   0: 3 0x80013e18 (0x1e3f2623) mem 0x80015000 0x00000001
core   0: 0x80013e1c (0xff9ff06f) j       pc - 0x8
core   0: 3 0x80013e1c (0xff9ff06f)
core   0: 0x80013e14 (0x00001f17) auipc   t5, 0x1
core   0: 3 0x80013e14 (0x00001f17) x30 0x80014e14
core   0: 0x80013e18 (0x1e3f2623) sw      gp, 492(t5)
core   0: 3 0x80013e18 (0x1e3f2623) mem 0x80015000 0x00000001
core   0: 0x80013e1c (0xff9ff06f) j       pc - 0x8
core   0: 3 0x80013e1c (0xff9ff06f)
core   0: 0x80013e14 (0x00001f17) auipc   t5, 0x1
core   0: 3 0x80013e14 (0x00001f17) x30 0x80014e14
core   0: 0x80013e18 (0x1e3f2623) sw      gp, 492(t5)
core   0: 3 0x80013e18 (0x1e3f2623) mem 0x80015000 0x00000001
core   0: 0x80013e1c (0xff9ff06f) j       pc - 0x8
core   0: 3 0x80013e1c (0xff9ff06f)
core   0: 0x80013e14 (0x00001f17) auipc   t5, 0x1
core   0: 3 0x80013e14 (0x00001f17) x30 0x80014e14
core   0: 0x80013e18 (0x1e3f2623) sw      gp, 492(t5)
core   0: 3 0x80013e18 (0x1e3f2623) mem 0x80015000 0x00000001
core   0: 0x80013e1c (0xff9ff06f) j       pc - 0x8
core   0: 3 0x80013e1c (0xff9ff06f)
core   0: 0x80013e14 (0x00001f17) auipc   t5, 0x1
core   0: 3 0x80013e14 (0x00001f17) x30 0x80014e14
core   0: 0x80013e18 (0x1e3f2623) sw      gp, 492(t5)
core   0: 3 0x80013e18 (0x1e3f2623) mem 0x80015000 0x00000001
core   0: 0x80013e1c (0xff9ff06f) j       pc - 0x8
core   0: 3 0x80013e1c (0xff9ff06f)
core   0: 0x80013e14 (0x00001f17) auipc   t5, 0x1
core   0: 3 0x80013e14 (0x00001f17) x30 0x80014e14
core   0: 0x80013e18 (0x1e3f2623) sw      gp, 492(t5)
core   0: 3 0x80013e18 (0x1e3f2623) mem 0x80015000 0x00000001
core   0: 0x80013e1c (0xff9ff06f) j       pc - 0x8
core   0: 3 0x80013e1c (0xff9ff06f)
core   0: 0x80013e14 (0x00001f17) auipc   t5, 0x1
core   0: 3 0x80013e14 (0x00001f17) x30 0x80014e14
core   0: 0x80013e18 (0x1e3f2623) sw      gp, 492(t5)
core   0: 3 0x80013e18 (0x1e3f2623) mem 0x80015000 0x00000001
core   0: 0x80013e1c (0xff9ff06f) j       pc - 0x8
core   0: 3 0x80013e1c (0xff9ff06f)
core   0: 0x80013e14 (0x00001f17) auipc   t5, 0x1
core   0: 3 0x80013e14 (0x00001f17) x30 0x80014e14
core   0: 0x80013e18 (0x1e3f2623) sw      gp, 492(t5)
core   0: 3 0x80013e18 (0x1e3f2623) mem 0x80015000 0x00000001
core   0: 0x80013e1c (0xff9ff06f) j       pc - 0x8
core   0: 3 0x80013e1c (0xff9ff06f)
core   0: 0x80013e14 (0x00001f17) auipc   t5, 0x1
core   0: 3 0x80013e14 (0x00001f17) x30 0x80014e14
core   0: 0x80013e18 (0x1e3f2623) sw      gp, 492(t5)
core   0: 3 0x80013e18 (0x1e3f2623) mem 0x80015000 0x00000001
core   0: 0x80013e1c (0xff9ff06f) j       pc - 0x8
core   0: 3 0x80013e1c (0xff9ff06f)
core   0: 0x80013e14 (0x00001f17) auipc   t5, 0x1
core   0: 3 0x80013e14 (0x00001f17) x30 0x80014e14
core   0: 0x80013e18 (0x1e3f2623) sw      gp, 492(t5)
core   0: 3 0x80013e18 (0x1e3f2623) mem 0x80015000 0x00000001
core   0: 0x80013e1c (0xff9ff06f) j       pc - 0x8
core   0: 3 0x80013e1c (0xff9ff06f)
core   0: 0x80013e14 (0x00001f17) auipc   t5, 0x1
core   0: 3 0x80013e14 (0x00001f17) x30 0x80014e14
core   0: 0x80013e18 (0x1e3f2623) sw      gp, 492(t5)
core   0: 3 0x80013e18 (0x1e3f2623) mem 0x80015000 0x00000001
core   0: 0x80013e1c (0xff9ff06f) j       pc - 0x8
core   0: 3 0x80013e1c (0xff9ff06f)
core   0: 0x80013e14 (0x00001f17) auipc   t5, 0x1
core   0: 3 0x80013e14 (0x00001f17) x30 0x80014e14
core   0: 0x80013e18 (0x1e3f2623) sw      gp, 492(t5)
core   0: 3 0x80013e18 (0x1e3f2623) mem 0x80015000 0x00000001
core   0: 0x80013e1c (0xff9ff06f) j       pc - 0x8
core   0: 3 0x80013e1c (0xff9ff06f)
core   0: 0x80013e14 (0x00001f17) auipc   t5, 0x1
core   0: 3 0x80013e14 (0x00001f17) x30 0x80014e14
core   0: 0x80013e18 (0x1e3f2623) sw      gp, 492(t5)
core   0: 3 0x80013e18 (0x1e3f2623) mem 0x80015000 0x00000001
core   0: 0x80013e1c (0xff9ff06f) j       pc - 0x8
core   0: 3 0x80013e1c (0xff9ff06f)
core   0: 0x80013e14 (0x00001f17) auipc   t5, 0x1
core   0: 3 0x80013e14 (0x00001f17) x30 0x80014e14
core   0: 0x80013e18 (0x1e3f2623) sw      gp, 492(t5)
core   0: 3 0x80013e18 (0x1e3f2623) mem 0x80015000 0x00000001
core   0: 0x80013e1c (0xff9ff06f) j       pc - 0x8
core   0: 3 0x80013e1c (0xff9ff06f)
core   0: 0x80013e14 (0x00001f17) auipc   t5, 0x1
core   0: 3 0x80013e14 (0x00001f17) x30 0x80014e14
core   0: 0x80013e18 (0x1e3f2623) sw      gp, 492(t5)
core   0: 3 0x80013e18 (0x1e3f2623) mem 0x80015000 0x00000001
core   0: 0x80013e1c (0xff9ff06f) j       pc - 0x8
core   0: 3 0x80013e1c (0xff9ff06f)
core   0: 0x80013e14 (0x00001f17) auipc   t5, 0x1
core   0: 3 0x80013e14 (0x00001f17) x30 0x80014e14
core   0: 0x80013e18 (0x1e3f2623) sw      gp, 492(t5)
core   0: 3 0x80013e18 (0x1e3f2623) mem 0x80015000 0x00000001
core   0: 0x80013e1c (0xff9ff06f) j       pc - 0x8
core   0: 3 0x80013e1c (0xff9ff06f)
core   0: 0x80013e14 (0x00001f17) auipc   t5, 0x1
core   0: 3 0x80013e14 (0x00001f17) x30 0x80014e14
core   0: 0x80013e18 (0x1e3f2623) sw      gp, 492(t5)
core   0: 3 0x80013e18 (0x1e3f2623) mem 0x80015000 0x00000001
core   0: 0x80013e1c (0xff9ff06f) j       pc - 0x8
core   0: 3 0x80013e1c (0xff9ff06f)
core   0: 0x80013e14 (0x00001f17) auipc   t5, 0x1
core   0: 3 0x80013e14 (0x00001f17) x30 0x80014e14
core   0: 0x80013e18 (0x1e3f2623) sw      gp, 492(t5)
core   0: 3 0x80013e18 (0x1e3f2623) mem 0x80015000 0x00000001
core   0: 0x80013e1c (0xff9ff06f) j       pc - 0x8
core   0: 3 0x80013e1c (0xff9ff06f)
core   0: 0x80013e14 (0x00001f17) auipc   t5, 0x1
core   0: 3 0x80013e14 (0x00001f17) x30 0x80014e14
core   0: 0x80013e18 (0x1e3f2623) sw      gp, 492(t5)
core   0: 3 0x80013e18 (0x1e3f2623) mem 0x80015000 0x00000001
core   0: 0x80013e1c (0xff9ff06f) j       pc - 0x8
core   0: 3 0x80013e1c (0xff9ff06f)
core   0: 0x80013e14 (0x00001f17) auipc   t5, 0x1
core   0: 3 0x80013e14 (0x00001f17) x30 0x80014e14
core   0: 0x80013e18 (0x1e3f2623) sw      gp, 492(t5)
core   0: 3 0x80013e18 (0x1e3f2623) mem 0x80015000 0x00000001
core   0: 0x80013e1c (0xff9ff06f) j       pc - 0x8
core   0: 3 0x80013e1c (0xff9ff06f)
core   0: 0x80013e14 (0x00001f17) auipc   t5, 0x1
core   0: 3 0x80013e14 (0x00001f17) x30 0x80014e14
core   0: 0x80013e18 (0x1e3f2623) sw      gp, 492(t5)
core   0: 3 0x80013e18 (0x1e3f2623) mem 0x80015000 0x00000001
core   0: 0x80013e1c (0xff9ff06f) j       pc - 0x8
core   0: 3 0x80013e1c (0xff9ff06f)
core   0: 0x80013e14 (0x00001f17) auipc   t5, 0x1
core   0: 3 0x80013e14 (0x00001f17) x30 0x80014e14
core   0: 0x80013e18 (0x1e3f2623) sw      gp, 492(t5)
core   0: 3 0x80013e18 (0x1e3f2623) mem 0x80015000 0x00000001
core   0: 0x80013e1c (0xff9ff06f) j       pc - 0x8
core   0: 3 0x80013e1c (0xff9ff06f)
core   0: 0x80013e14 (0x00001f17) auipc   t5, 0x1
core   0: 3 0x80013e14 (0x00001f17) x30 0x80014e14
core   0: 0x80013e18 (0x1e3f2623) sw      gp, 492(t5)
core   0: 3 0x80013e18 (0x1e3f2623) mem 0x80015000 0x00000001
core   0: 0x80013e1c (0xff9ff06f) j       pc - 0x8
core   0: 3 0x80013e1c (0xff9ff06f)
core   0: 0x80013e14 (0x00001f17) auipc   t5, 0x1
core   0: 3 0x80013e14 (0x00001f17) x30 0x80014e14
core   0: 0x80013e18 (0x1e3f2623) sw      gp, 492(t5)
core   0: 3 0x80013e18 (0x1e3f2623) mem 0x80015000 0x00000001
core   0: 0x80013e1c (0xff9ff06f) j       pc - 0x8
core   0: 3 0x80013e1c (0xff9ff06f)
core   0: 0x80013e14 (0x00001f17) auipc   t5, 0x1
core   0: 3 0x80013e14 (0x00001f17) x30 0x80014e14
core   0: 0x80013e18 (0x1e3f2623) sw      gp, 492(t5)
core   0: 3 0x80013e18 (0x1e3f2623) mem 0x80015000 0x00000001
core   0: 0x80013e1c (0xff9ff06f) j       pc - 0x8
core   0: 3 0x80013e1c (0xff9ff06f)
core   0: 0x80013e14 (0x00001f17) auipc   t5, 0x1
core   0: 3 0x80013e14 (0x00001f17) x30 0x80014e14
core   0: 0x80013e18 (0x1e3f2623) sw      gp, 492(t5)
core   0: 3 0x80013e18 (0x1e3f2623) mem 0x80015000 0x00000001
core   0: 0x80013e1c (0xff9ff06f) j       pc - 0x8
core   0: 3 0x80013e1c (0xff9ff06f)
core   0: 0x80013e14 (0x00001f17) auipc   t5, 0x1
core   0: 3 0x80013e14 (0x00001f17) x30 0x80014e14
core   0: 0x80013e18 (0x1e3f2623) sw      gp, 492(t5)
core   0: 3 0x80013e18 (0x1e3f2623) mem 0x80015000 0x00000001
core   0: 0x80013e1c (0xff9ff06f) j       pc - 0x8
core   0: 3 0x80013e1c (0xff9ff06f)
core   0: 0x80013e14 (0x00001f17) auipc   t5, 0x1
core   0: 3 0x80013e14 (0x00001f17) x30 0x80014e14
core   0: 0x80013e18 (0x1e3f2623) sw      gp, 492(t5)
core   0: 3 0x80013e18 (0x1e3f2623) mem 0x80015000 0x00000001
core   0: 0x80013e1c (0xff9ff06f) j       pc - 0x8
core   0: 3 0x80013e1c (0xff9ff06f)
core   0: 0x80013e14 (0x00001f17) auipc   t5, 0x1
core   0: 3 0x80013e14 (0x00001f17) x30 0x80014e14
core   0: 0x80013e18 (0x1e3f2623) sw      gp, 492(t5)
core   0: 3 0x80013e18 (0x1e3f2623) mem 0x80015000 0x00000001
core   0: 0x80013e1c (0xff9ff06f) j       pc - 0x8
core   0: 3 0x80013e1c (0xff9ff06f)
core   0: 0x80013e14 (0x00001f17) auipc   t5, 0x1
core   0: 3 0x80013e14 (0x00001f17) x30 0x80014e14
core   0: 0x80013e18 (0x1e3f2623) sw      gp, 492(t5)
core   0: 3 0x80013e18 (0x1e3f2623) mem 0x80015000 0x00000001
core   0: 0x80013e1c (0xff9ff06f) j       pc - 0x8
core   0: 3 0x80013e1c (0xff9ff06f)
core   0: 0x80013e14 (0x00001f17) auipc   t5, 0x1
core   0: 3 0x80013e14 (0x00001f17) x30 0x80014e14
core   0: 0x80013e18 (0x1e3f2623) sw      gp, 492(t5)
core   0: 3 0x80013e18 (0x1e3f2623) mem 0x80015000 0x00000001
core   0: 0x80013e1c (0xff9ff06f) j       pc - 0x8
core   0: 3 0x80013e1c (0xff9ff06f)
core   0: 0x80013e14 (0x00001f17) auipc   t5, 0x1
core   0: 3 0x80013e14 (0x00001f17) x30 0x80014e14
core   0: 0x80013e18 (0x1e3f2623) sw      gp, 492(t5)
core   0: 3 0x80013e18 (0x1e3f2623) mem 0x80015000 0x00000001
core   0: 0x80013e1c (0xff9ff06f) j       pc - 0x8
core   0: 3 0x80013e1c (0xff9ff06f)
core   0: 0x80013e14 (0x00001f17) auipc   t5, 0x1
core   0: 3 0x80013e14 (0x00001f17) x30 0x80014e14
core   0: 0x80013e18 (0x1e3f2623) sw      gp, 492(t5)
core   0: 3 0x80013e18 (0x1e3f2623) mem 0x80015000 0x00000001
core   0: 0x80013e1c (0xff9ff06f) j       pc - 0x8
core   0: 3 0x80013e1c (0xff9ff06f)
core   0: 0x80013e14 (0x00001f17) auipc   t5, 0x1
core   0: 3 0x80013e14 (0x00001f17) x30 0x80014e14
core   0: 0x80013e18 (0x1e3f2623) sw      gp, 492(t5)
core   0: 3 0x80013e18 (0x1e3f2623) mem 0x80015000 0x00000001
core   0: 0x80013e1c (0xff9ff06f) j       pc - 0x8
core   0: 3 0x80013e1c (0xff9ff06f)
core   0: 0x80013e14 (0x00001f17) auipc   t5, 0x1
core   0: 3 0x80013e14 (0x00001f17) x30 0x80014e14
core   0: 0x80013e18 (0x1e3f2623) sw      gp, 492(t5)
core   0: 3 0x80013e18 (0x1e3f2623) mem 0x80015000 0x00000001
core   0: 0x80013e1c (0xff9ff06f) j       pc - 0x8
core   0: 3 0x80013e1c (0xff9ff06f)
core   0: 0x80013e14 (0x00001f17) auipc   t5, 0x1
core   0: 3 0x80013e14 (0x00001f17) x30 0x80014e14
core   0: 0x80013e18 (0x1e3f2623) sw      gp, 492(t5)
core   0: 3 0x80013e18 (0x1e3f2623) mem 0x80015000 0x00000001
core   0: 0x80013e1c (0xff9ff06f) j       pc - 0x8
core   0: 3 0x80013e1c (0xff9ff06f)
core   0: 0x80013e14 (0x00001f17) auipc   t5, 0x1
core   0: 3 0x80013e14 (0x00001f17) x30 0x80014e14
core   0: 0x80013e18 (0x1e3f2623) sw      gp, 492(t5)
core   0: 3 0x80013e18 (0x1e3f2623) mem 0x80015000 0x00000001
core   0: 0x80013e1c (0xff9ff06f) j       pc - 0x8
core   0: 3 0x80013e1c (0xff9ff06f)
core   0: 0x80013e14 (0x00001f17) auipc   t5, 0x1
core   0: 3 0x80013e14 (0x00001f17) x30 0x80014e14
core   0: 0x80013e18 (0x1e3f2623) sw      gp, 492(t5)
core   0: 3 0x80013e18 (0x1e3f2623) mem 0x80015000 0x00000001
core   0: 0x80013e1c (0xff9ff06f) j       pc - 0x8
core   0: 3 0x80013e1c (0xff9ff06f)
core   0: 0x80013e14 (0x00001f17) auipc   t5, 0x1
core   0: 3 0x80013e14 (0x00001f17) x30 0x80014e14
core   0: 0x80013e18 (0x1e3f2623) sw      gp, 492(t5)
core   0: 3 0x80013e18 (0x1e3f2623) mem 0x80015000 0x00000001
core   0: 0x80013e1c (0xff9ff06f) j       pc - 0x8
core   0: 3 0x80013e1c (0xff9ff06f)
core   0: 0x80013e14 (0x00001f17) auipc   t5, 0x1
core   0: 3 0x80013e14 (0x00001f17) x30 0x80014e14
core   0: 0x80013e18 (0x1e3f2623) sw      gp, 492(t5)
core   0: 3 0x80013e18 (0x1e3f2623) mem 0x80015000 0x00000001
core   0: 0x80013e1c (0xff9ff06f) j       pc - 0x8
core   0: 3 0x80013e1c (0xff9ff06f)
core   0: 0x80013e14 (0x00001f17) auipc   t5, 0x1
core   0: 3 0x80013e14 (0x00001f17) x30 0x80014e14
core   0: 0x80013e18 (0x1e3f2623) sw      gp, 492(t5)
core   0: 3 0x80013e18 (0x1e3f2623) mem 0x80015000 0x00000001
core   0: 0x80013e1c (0xff9ff06f) j       pc - 0x8
core   0: 3 0x80013e1c (0xff9ff06f)
core   0: 0x80013e14 (0x00001f17) auipc   t5, 0x1
core   0: 3 0x80013e14 (0x00001f17) x30 0x80014e14
core   0: 0x80013e18 (0x1e3f2623) sw      gp, 492(t5)
core   0: 3 0x80013e18 (0x1e3f2623) mem 0x80015000 0x00000001
core   0: 0x80013e1c (0xff9ff06f) j       pc - 0x8
core   0: 3 0x80013e1c (0xff9ff06f)
core   0: 0x80013e14 (0x00001f17) auipc   t5, 0x1
core   0: 3 0x80013e14 (0x00001f17) x30 0x80014e14
core   0: 0x80013e18 (0x1e3f2623) sw      gp, 492(t5)
core   0: 3 0x80013e18 (0x1e3f2623) mem 0x80015000 0x00000001
core   0: 0x80013e1c (0xff9ff06f) j       pc - 0x8
core   0: 3 0x80013e1c (0xff9ff06f)
core   0: 0x80013e14 (0x00001f17) auipc   t5, 0x1
core   0: 3 0x80013e14 (0x00001f17) x30 0x80014e14
core   0: 0x80013e18 (0x1e3f2623) sw      gp, 492(t5)
core   0: 3 0x80013e18 (0x1e3f2623) mem 0x80015000 0x00000001
core   0: 0x80013e1c (0xff9ff06f) j       pc - 0x8
core   0: 3 0x80013e1c (0xff9ff06f)
core   0: 0x80013e14 (0x00001f17) auipc   t5, 0x1
core   0: 3 0x80013e14 (0x00001f17) x30 0x80014e14
core   0: 0x80013e18 (0x1e3f2623) sw      gp, 492(t5)
core   0: 3 0x80013e18 (0x1e3f2623) mem 0x80015000 0x00000001
core   0: 0x80013e1c (0xff9ff06f) j       pc - 0x8
core   0: 3 0x80013e1c (0xff9ff06f)
core   0: 0x80013e14 (0x00001f17) auipc   t5, 0x1
core   0: 3 0x80013e14 (0x00001f17) x30 0x80014e14
core   0: 0x80013e18 (0x1e3f2623) sw      gp, 492(t5)
core   0: 3 0x80013e18 (0x1e3f2623) mem 0x80015000 0x00000001
core   0: 0x80013e1c (0xff9ff06f) j       pc - 0x8
core   0: 3 0x80013e1c (0xff9ff06f)
core   0: 0x80013e14 (0x00001f17) auipc   t5, 0x1
core   0: 3 0x80013e14 (0x00001f17) x30 0x80014e14
core   0: 0x80013e18 (0x1e3f2623) sw      gp, 492(t5)
core   0: 3 0x80013e18 (0x1e3f2623) mem 0x80015000 0x00000001
core   0: 0x80013e1c (0xff9ff06f) j       pc - 0x8
core   0: 3 0x80013e1c (0xff9ff06f)
core   0: 0x80013e14 (0x00001f17) auipc   t5, 0x1
core   0: 3 0x80013e14 (0x00001f17) x30 0x80014e14
core   0: 0x80013e18 (0x1e3f2623) sw      gp, 492(t5)
core   0: 3 0x80013e18 (0x1e3f2623) mem 0x80015000 0x00000001
core   0: 0x80013e1c (0xff9ff06f) j       pc - 0x8
core   0: 3 0x80013e1c (0xff9ff06f)
core   0: 0x80013e14 (0x00001f17) auipc   t5, 0x1
core   0: 3 0x80013e14 (0x00001f17) x30 0x80014e14
core   0: 0x80013e18 (0x1e3f2623) sw      gp, 492(t5)
core   0: 3 0x80013e18 (0x1e3f2623) mem 0x80015000 0x00000001
core   0: 0x80013e1c (0xff9ff06f) j       pc - 0x8
core   0: 3 0x80013e1c (0xff9ff06f)
core   0: 0x80013e14 (0x00001f17) auipc   t5, 0x1
core   0: 3 0x80013e14 (0x00001f17) x30 0x80014e14
core   0: 0x80013e18 (0x1e3f2623) sw      gp, 492(t5)
core   0: 3 0x80013e18 (0x1e3f2623) mem 0x80015000 0x00000001
core   0: 0x80013e1c (0xff9ff06f) j       pc - 0x8
core   0: 3 0x80013e1c (0xff9ff06f)
core   0: 0x80013e14 (0x00001f17) auipc   t5, 0x1
core   0: 3 0x80013e14 (0x00001f17) x30 0x80014e14
core   0: 0x80013e18 (0x1e3f2623) sw      gp, 492(t5)
core   0: 3 0x80013e18 (0x1e3f2623) mem 0x80015000 0x00000001
core   0: 0x80013e1c (0xff9ff06f) j       pc - 0x8
core   0: 3 0x80013e1c (0xff9ff06f)
core   0: 0x80013e14 (0x00001f17) auipc   t5, 0x1
core   0: 3 0x80013e14 (0x00001f17) x30 0x80014e14
core   0: 0x80013e18 (0x1e3f2623) sw      gp, 492(t5)
core   0: 3 0x80013e18 (0x1e3f2623) mem 0x80015000 0x00000001
core   0: 0x80013e1c (0xff9ff06f) j       pc - 0x8
core   0: 3 0x80013e1c (0xff9ff06f)
core   0: 0x80013e14 (0x00001f17) auipc   t5, 0x1
core   0: 3 0x80013e14 (0x00001f17) x30 0x80014e14
core   0: 0x80013e18 (0x1e3f2623) sw      gp, 492(t5)
core   0: 3 0x80013e18 (0x1e3f2623) mem 0x80015000 0x00000001
core   0: 0x80013e1c (0xff9ff06f) j       pc - 0x8
core   0: 3 0x80013e1c (0xff9ff06f)
core   0: 0x80013e14 (0x00001f17) auipc   t5, 0x1
core   0: 3 0x80013e14 (0x00001f17) x30 0x80014e14
core   0: 0x80013e18 (0x1e3f2623) sw      gp, 492(t5)
core   0: 3 0x80013e18 (0x1e3f2623) mem 0x80015000 0x00000001
core   0: 0x80013e1c (0xff9ff06f) j       pc - 0x8
core   0: 3 0x80013e1c (0xff9ff06f)
core   0: 0x80013e14 (0x00001f17) auipc   t5, 0x1
core   0: 3 0x80013e14 (0x00001f17) x30 0x80014e14
core   0: 0x80013e18 (0x1e3f2623) sw      gp, 492(t5)
core   0: 3 0x80013e18 (0x1e3f2623) mem 0x80015000 0x00000001
core   0: 0x80013e1c (0xff9ff06f) j       pc - 0x8
core   0: 3 0x80013e1c (0xff9ff06f)
core   0: 0x80013e14 (0x00001f17) auipc   t5, 0x1
core   0: 3 0x80013e14 (0x00001f17) x30 0x80014e14
core   0: 0x80013e18 (0x1e3f2623) sw      gp, 492(t5)
core   0: 3 0x80013e18 (0x1e3f2623) mem 0x80015000 0x00000001
core   0: 0x80013e1c (0xff9ff06f) j       pc - 0x8
core   0: 3 0x80013e1c (0xff9ff06f)
core   0: 0x80013e14 (0x00001f17) auipc   t5, 0x1
core   0: 3 0x80013e14 (0x00001f17) x30 0x80014e14
core   0: 0x80013e18 (0x1e3f2623) sw      gp, 492(t5)
core   0: 3 0x80013e18 (0x1e3f2623) mem 0x80015000 0x00000001
core   0: 0x80013e1c (0xff9ff06f) j       pc - 0x8
core   0: 3 0x80013e1c (0xff9ff06f)
core   0: 0x80013e14 (0x00001f17) auipc   t5, 0x1
core   0: 3 0x80013e14 (0x00001f17) x30 0x80014e14
core   0: 0x80013e18 (0x1e3f2623) sw      gp, 492(t5)
core   0: 3 0x80013e18 (0x1e3f2623) mem 0x80015000 0x00000001
core   0: 0x80013e1c (0xff9ff06f) j       pc - 0x8
core   0: 3 0x80013e1c (0xff9ff06f)
core   0: 0x80013e14 (0x00001f17) auipc   t5, 0x1
core   0: 3 0x80013e14 (0x00001f17) x30 0x80014e14
core   0: 0x80013e18 (0x1e3f2623) sw      gp, 492(t5)
core   0: 3 0x80013e18 (0x1e3f2623) mem 0x80015000 0x00000001
core   0: 0x80013e1c (0xff9ff06f) j       pc - 0x8
core   0: 3 0x80013e1c (0xff9ff06f)
core   0: 0x80013e14 (0x00001f17) auipc   t5, 0x1
core   0: 3 0x80013e14 (0x00001f17) x30 0x80014e14
core   0: 0x80013e18 (0x1e3f2623) sw      gp, 492(t5)
core   0: 3 0x80013e18 (0x1e3f2623) mem 0x80015000 0x00000001
core   0: 0x80013e1c (0xff9ff06f) j       pc - 0x8
core   0: 3 0x80013e1c (0xff9ff06f)
core   0: 0x80013e14 (0x00001f17) auipc   t5, 0x1
core   0: 3 0x80013e14 (0x00001f17) x30 0x80014e14
core   0: 0x80013e18 (0x1e3f2623) sw      gp, 492(t5)
core   0: 3 0x80013e18 (0x1e3f2623) mem 0x80015000 0x00000001
core   0: 0x80013e1c (0xff9ff06f) j       pc - 0x8
core   0: 3 0x80013e1c (0xff9ff06f)
core   0: 0x80013e14 (0x00001f17) auipc   t5, 0x1
core   0: 3 0x80013e14 (0x00001f17) x30 0x80014e14
core   0: 0x80013e18 (0x1e3f2623) sw      gp, 492(t5)
core   0: 3 0x80013e18 (0x1e3f2623) mem 0x80015000 0x00000001
core   0: 0x80013e1c (0xff9ff06f) j       pc - 0x8
core   0: 3 0x80013e1c (0xff9ff06f)
core   0: 0x80013e14 (0x00001f17) auipc   t5, 0x1
core   0: 3 0x80013e14 (0x00001f17) x30 0x80014e14
core   0: 0x80013e18 (0x1e3f2623) sw      gp, 492(t5)
core   0: 3 0x80013e18 (0x1e3f2623) mem 0x80015000 0x00000001
core   0: 0x80013e1c (0xff9ff06f) j       pc - 0x8
core   0: 3 0x80013e1c (0xff9ff06f)
core   0: 0x80013e14 (0x00001f17) auipc   t5, 0x1
core   0: 3 0x80013e14 (0x00001f17) x30 0x80014e14
core   0: 0x80013e18 (0x1e3f2623) sw      gp, 492(t5)
core   0: 3 0x80013e18 (0x1e3f2623) mem 0x80015000 0x00000001
core   0: 0x80013e1c (0xff9ff06f) j       pc - 0x8
core   0: 3 0x80013e1c (0xff9ff06f)
core   0: 0x80013e14 (0x00001f17) auipc   t5, 0x1
core   0: 3 0x80013e14 (0x00001f17) x30 0x80014e14
core   0: 0x80013e18 (0x1e3f2623) sw      gp, 492(t5)
core   0: 3 0x80013e18 (0x1e3f2623) mem 0x80015000 0x00000001
core   0: 0x80013e1c (0xff9ff06f) j       pc - 0x8
core   0: 3 0x80013e1c (0xff9ff06f)
core   0: 0x80013e14 (0x00001f17) auipc   t5, 0x1
core   0: 3 0x80013e14 (0x00001f17) x30 0x80014e14
core   0: 0x80013e18 (0x1e3f2623) sw      gp, 492(t5)
core   0: 3 0x80013e18 (0x1e3f2623) mem 0x80015000 0x00000001
core   0: 0x80013e1c (0xff9ff06f) j       pc - 0x8
core   0: 3 0x80013e1c (0xff9ff06f)
core   0: 0x80013e14 (0x00001f17) auipc   t5, 0x1
core   0: 3 0x80013e14 (0x00001f17) x30 0x80014e14
core   0: 0x80013e18 (0x1e3f2623) sw      gp, 492(t5)
core   0: 3 0x80013e18 (0x1e3f2623) mem 0x80015000 0x00000001
core   0: 0x80013e1c (0xff9ff06f) j       pc - 0x8
core   0: 3 0x80013e1c (0xff9ff06f)
core   0: 0x80013e14 (0x00001f17) auipc   t5, 0x1
core   0: 3 0x80013e14 (0x00001f17) x30 0x80014e14
core   0: 0x80013e18 (0x1e3f2623) sw      gp, 492(t5)
core   0: 3 0x80013e18 (0x1e3f2623) mem 0x80015000 0x00000001
core   0: 0x80013e1c (0xff9ff06f) j       pc - 0x8
core   0: 3 0x80013e1c (0xff9ff06f)
core   0: 0x80013e14 (0x00001f17) auipc   t5, 0x1
core   0: 3 0x80013e14 (0x00001f17) x30 0x80014e14
core   0: 0x80013e18 (0x1e3f2623) sw      gp, 492(t5)
core   0: 3 0x80013e18 (0x1e3f2623) mem 0x80015000 0x00000001
core   0: 0x80013e1c (0xff9ff06f) j       pc - 0x8
core   0: 3 0x80013e1c (0xff9ff06f)
core   0: 0x80013e14 (0x00001f17) auipc   t5, 0x1
core   0: 3 0x80013e14 (0x00001f17) x30 0x80014e14
core   0: 0x80013e18 (0x1e3f2623) sw      gp, 492(t5)
core   0: 3 0x80013e18 (0x1e3f2623) mem 0x80015000 0x00000001
core   0: 0x80013e1c (0xff9ff06f) j       pc - 0x8
core   0: 3 0x80013e1c (0xff9ff06f)
core   0: 0x80013e14 (0x00001f17) auipc   t5, 0x1
core   0: 3 0x80013e14 (0x00001f17) x30 0x80014e14
core   0: 0x80013e18 (0x1e3f2623) sw      gp, 492(t5)
core   0: 3 0x80013e18 (0x1e3f2623) mem 0x80015000 0x00000001
core   0: 0x80013e1c (0xff9ff06f) j       pc - 0x8
core   0: 3 0x80013e1c (0xff9ff06f)
core   0: 0x80013e14 (0x00001f17) auipc   t5, 0x1
core   0: 3 0x80013e14 (0x00001f17) x30 0x80014e14
core   0: 0x80013e18 (0x1e3f2623) sw      gp, 492(t5)
core   0: 3 0x80013e18 (0x1e3f2623) mem 0x80015000 0x00000001
core   0: 0x80013e1c (0xff9ff06f) j       pc - 0x8
core   0: 3 0x80013e1c (0xff9ff06f)
core   0: 0x80013e14 (0x00001f17) auipc   t5, 0x1
core   0: 3 0x80013e14 (0x00001f17) x30 0x80014e14
core   0: 0x80013e18 (0x1e3f2623) sw      gp, 492(t5)
core   0: 3 0x80013e18 (0x1e3f2623) mem 0x80015000 0x00000001
core   0: 0x80013e1c (0xff9ff06f) j       pc - 0x8
core   0: 3 0x80013e1c (0xff9ff06f)
core   0: 0x80013e14 (0x00001f17) auipc   t5, 0x1
core   0: 3 0x80013e14 (0x00001f17) x30 0x80014e14
core   0: 0x80013e18 (0x1e3f2623) sw      gp, 492(t5)
core   0: 3 0x80013e18 (0x1e3f2623) mem 0x80015000 0x00000001
core   0: 0x80013e1c (0xff9ff06f) j       pc - 0x8
core   0: 3 0x80013e1c (0xff9ff06f)
core   0: 0x80013e14 (0x00001f17) auipc   t5, 0x1
core   0: 3 0x80013e14 (0x00001f17) x30 0x80014e14
core   0: 0x80013e18 (0x1e3f2623) sw      gp, 492(t5)
core   0: 3 0x80013e18 (0x1e3f2623) mem 0x80015000 0x00000001
core   0: 0x80013e1c (0xff9ff06f) j       pc - 0x8
core   0: 3 0x80013e1c (0xff9ff06f)
core   0: 0x80013e14 (0x00001f17) auipc   t5, 0x1
core   0: 3 0x80013e14 (0x00001f17) x30 0x80014e14
core   0: 0x80013e18 (0x1e3f2623) sw      gp, 492(t5)
core   0: 3 0x80013e18 (0x1e3f2623) mem 0x80015000 0x00000001
core   0: 0x80013e1c (0xff9ff06f) j       pc - 0x8
core   0: 3 0x80013e1c (0xff9ff06f)
core   0: 0x80013e14 (0x00001f17) auipc   t5, 0x1
core   0: 3 0x80013e14 (0x00001f17) x30 0x80014e14
core   0: 0x80013e18 (0x1e3f2623) sw      gp, 492(t5)
core   0: 3 0x80013e18 (0x1e3f2623) mem 0x80015000 0x00000001
core   0: 0x80013e1c (0xff9ff06f) j       pc - 0x8
core   0: 3 0x80013e1c (0xff9ff06f)
core   0: 0x80013e14 (0x00001f17) auipc   t5, 0x1
core   0: 3 0x80013e14 (0x00001f17) x30 0x80014e14
core   0: 0x80013e18 (0x1e3f2623) sw      gp, 492(t5)
core   0: 3 0x80013e18 (0x1e3f2623) mem 0x80015000 0x00000001
core   0: 0x80013e1c (0xff9ff06f) j       pc - 0x8
core   0: 3 0x80013e1c (0xff9ff06f)
core   0: 0x80013e14 (0x00001f17) auipc   t5, 0x1
core   0: 3 0x80013e14 (0x00001f17) x30 0x80014e14
core   0: 0x80013e18 (0x1e3f2623) sw      gp, 492(t5)
core   0: 3 0x80013e18 (0x1e3f2623) mem 0x80015000 0x00000001
core   0: 0x80013e1c (0xff9ff06f) j       pc - 0x8
core   0: 3 0x80013e1c (0xff9ff06f)
core   0: 0x80013e14 (0x00001f17) auipc   t5, 0x1
core   0: 3 0x80013e14 (0x00001f17) x30 0x80014e14
core   0: 0x80013e18 (0x1e3f2623) sw      gp, 492(t5)
core   0: 3 0x80013e18 (0x1e3f2623) mem 0x80015000 0x00000001
core   0: 0x80013e1c (0xff9ff06f) j       pc - 0x8
core   0: 3 0x80013e1c (0xff9ff06f)
core   0: 0x80013e14 (0x00001f17) auipc   t5, 0x1
core   0: 3 0x80013e14 (0x00001f17) x30 0x80014e14
core   0: 0x80013e18 (0x1e3f2623) sw      gp, 492(t5)
core   0: 3 0x80013e18 (0x1e3f2623) mem 0x80015000 0x00000001
core   0: 0x80013e1c (0xff9ff06f) j       pc - 0x8
core   0: 3 0x80013e1c (0xff9ff06f)
core   0: 0x80013e14 (0x00001f17) auipc   t5, 0x1
core   0: 3 0x80013e14 (0x00001f17) x30 0x80014e14
core   0: 0x80013e18 (0x1e3f2623) sw      gp, 492(t5)
core   0: 3 0x80013e18 (0x1e3f2623) mem 0x80015000 0x00000001
core   0: 0x80013e1c (0xff9ff06f) j       pc - 0x8
core   0: 3 0x80013e1c (0xff9ff06f)
core   0: 0x80013e14 (0x00001f17) auipc   t5, 0x1
core   0: 3 0x80013e14 (0x00001f17) x30 0x80014e14
core   0: 0x80013e18 (0x1e3f2623) sw      gp, 492(t5)
core   0: 3 0x80013e18 (0x1e3f2623) mem 0x80015000 0x00000001
core   0: 0x80013e1c (0xff9ff06f) j       pc - 0x8
core   0: 3 0x80013e1c (0xff9ff06f)
core   0: 0x80013e14 (0x00001f17) auipc   t5, 0x1
core   0: 3 0x80013e14 (0x00001f17) x30 0x80014e14
core   0: 0x80013e18 (0x1e3f2623) sw      gp, 492(t5)
core   0: 3 0x80013e18 (0x1e3f2623) mem 0x80015000 0x00000001
core   0: 0x80013e1c (0xff9ff06f) j       pc - 0x8
core   0: 3 0x80013e1c (0xff9ff06f)
core   0: 0x80013e14 (0x00001f17) auipc   t5, 0x1
core   0: 3 0x80013e14 (0x00001f17) x30 0x80014e14
core   0: 0x80013e18 (0x1e3f2623) sw      gp, 492(t5)
core   0: 3 0x80013e18 (0x1e3f2623) mem 0x80015000 0x00000001
core   0: 0x80013e1c (0xff9ff06f) j       pc - 0x8
core   0: 3 0x80013e1c (0xff9ff06f)
core   0: 0x80013e14 (0x00001f17) auipc   t5, 0x1
core   0: 3 0x80013e14 (0x00001f17) x30 0x80014e14
core   0: 0x80013e18 (0x1e3f2623) sw      gp, 492(t5)
core   0: 3 0x80013e18 (0x1e3f2623) mem 0x80015000 0x00000001
core   0: 0x80013e1c (0xff9ff06f) j       pc - 0x8
core   0: 3 0x80013e1c (0xff9ff06f)
core   0: 0x80013e14 (0x00001f17) auipc   t5, 0x1
core   0: 3 0x80013e14 (0x00001f17) x30 0x80014e14
core   0: 0x80013e18 (0x1e3f2623) sw      gp, 492(t5)
core   0: 3 0x80013e18 (0x1e3f2623) mem 0x80015000 0x00000001
core   0: 0x80013e1c (0xff9ff06f) j       pc - 0x8
core   0: 3 0x80013e1c (0xff9ff06f)
core   0: 0x80013e14 (0x00001f17) auipc   t5, 0x1
core   0: 3 0x80013e14 (0x00001f17) x30 0x80014e14
core   0: 0x80013e18 (0x1e3f2623) sw      gp, 492(t5)
core   0: 3 0x80013e18 (0x1e3f2623) mem 0x80015000 0x00000001
core   0: 0x80013e1c (0xff9ff06f) j       pc - 0x8
core   0: 3 0x80013e1c (0xff9ff06f)
core   0: 0x80013e14 (0x00001f17) auipc   t5, 0x1
core   0: 3 0x80013e14 (0x00001f17) x30 0x80014e14
core   0: 0x80013e18 (0x1e3f2623) sw      gp, 492(t5)
core   0: 3 0x80013e18 (0x1e3f2623) mem 0x80015000 0x00000001
core   0: 0x80013e1c (0xff9ff06f) j       pc - 0x8
core   0: 3 0x80013e1c (0xff9ff06f)
core   0: 0x80013e14 (0x00001f17) auipc   t5, 0x1
core   0: 3 0x80013e14 (0x00001f17) x30 0x80014e14
core   0: 0x80013e18 (0x1e3f2623) sw      gp, 492(t5)
core   0: 3 0x80013e18 (0x1e3f2623) mem 0x80015000 0x00000001
core   0: 0x80013e1c (0xff9ff06f) j       pc - 0x8
core   0: 3 0x80013e1c (0xff9ff06f)
core   0: 0x80013e14 (0x00001f17) auipc   t5, 0x1
core   0: 3 0x80013e14 (0x00001f17) x30 0x80014e14
core   0: 0x80013e18 (0x1e3f2623) sw      gp, 492(t5)
core   0: 3 0x80013e18 (0x1e3f2623) mem 0x80015000 0x00000001
core   0: 0x80013e1c (0xff9ff06f) j       pc - 0x8
core   0: 3 0x80013e1c (0xff9ff06f)
core   0: 0x80013e14 (0x00001f17) auipc   t5, 0x1
core   0: 3 0x80013e14 (0x00001f17) x30 0x80014e14
core   0: 0x80013e18 (0x1e3f2623) sw      gp, 492(t5)
core   0: 3 0x80013e18 (0x1e3f2623) mem 0x80015000 0x00000001
core   0: 0x80013e1c (0xff9ff06f) j       pc - 0x8
core   0: 3 0x80013e1c (0xff9ff06f)
core   0: 0x80013e14 (0x00001f17) auipc   t5, 0x1
core   0: 3 0x80013e14 (0x00001f17) x30 0x80014e14
core   0: 0x80013e18 (0x1e3f2623) sw      gp, 492(t5)
core   0: 3 0x80013e18 (0x1e3f2623) mem 0x80015000 0x00000001
core   0: 0x80013e1c (0xff9ff06f) j       pc - 0x8
core   0: 3 0x80013e1c (0xff9ff06f)
core   0: 0x80013e14 (0x00001f17) auipc   t5, 0x1
core   0: 3 0x80013e14 (0x00001f17) x30 0x80014e14
core   0: 0x80013e18 (0x1e3f2623) sw      gp, 492(t5)
core   0: 3 0x80013e18 (0x1e3f2623) mem 0x80015000 0x00000001
core   0: 0x80013e1c (0xff9ff06f) j       pc - 0x8
core   0: 3 0x80013e1c (0xff9ff06f)
core   0: 0x80013e14 (0x00001f17) auipc   t5, 0x1
core   0: 3 0x80013e14 (0x00001f17) x30 0x80014e14
core   0: 0x80013e18 (0x1e3f2623) sw      gp, 492(t5)
core   0: 3 0x80013e18 (0x1e3f2623) mem 0x80015000 0x00000001
core   0: 0x80013e1c (0xff9ff06f) j       pc - 0x8
core   0: 3 0x80013e1c (0xff9ff06f)
core   0: 0x80013e14 (0x00001f17) auipc   t5, 0x1
core   0: 3 0x80013e14 (0x00001f17) x30 0x80014e14
core   0: 0x80013e18 (0x1e3f2623) sw      gp, 492(t5)
core   0: 3 0x80013e18 (0x1e3f2623) mem 0x80015000 0x00000001
core   0: 0x80013e1c (0xff9ff06f) j       pc - 0x8
core   0: 3 0x80013e1c (0xff9ff06f)
core   0: 0x80013e14 (0x00001f17) auipc   t5, 0x1
core   0: 3 0x80013e14 (0x00001f17) x30 0x80014e14
core   0: 0x80013e18 (0x1e3f2623) sw      gp, 492(t5)
core   0: 3 0x80013e18 (0x1e3f2623) mem 0x80015000 0x00000001
core   0: 0x80013e1c (0xff9ff06f) j       pc - 0x8
core   0: 3 0x80013e1c (0xff9ff06f)
core   0: 0x80013e14 (0x00001f17) auipc   t5, 0x1
core   0: 3 0x80013e14 (0x00001f17) x30 0x80014e14
core   0: 0x80013e18 (0x1e3f2623) sw      gp, 492(t5)
core   0: 3 0x80013e18 (0x1e3f2623) mem 0x80015000 0x00000001
core   0: 0x80013e1c (0xff9ff06f) j       pc - 0x8
core   0: 3 0x80013e1c (0xff9ff06f)
core   0: 0x80013e14 (0x00001f17) auipc   t5, 0x1
core   0: 3 0x80013e14 (0x00001f17) x30 0x80014e14
core   0: 0x80013e18 (0x1e3f2623) sw      gp, 492(t5)
core   0: 3 0x80013e18 (0x1e3f2623) mem 0x80015000 0x00000001
core   0: 0x80013e1c (0xff9ff06f) j       pc - 0x8
core   0: 3 0x80013e1c (0xff9ff06f)
core   0: 0x80013e14 (0x00001f17) auipc   t5, 0x1
core   0: 3 0x80013e14 (0x00001f17) x30 0x80014e14
core   0: 0x80013e18 (0x1e3f2623) sw      gp, 492(t5)
core   0: 3 0x80013e18 (0x1e3f2623) mem 0x80015000 0x00000001
core   0: 0x80013e1c (0xff9ff06f) j       pc - 0x8
core   0: 3 0x80013e1c (0xff9ff06f)
core   0: 0x80013e14 (0x00001f17) auipc   t5, 0x1
core   0: 3 0x80013e14 (0x00001f17) x30 0x80014e14
core   0: 0x80013e18 (0x1e3f2623) sw      gp, 492(t5)
core   0: 3 0x80013e18 (0x1e3f2623) mem 0x80015000 0x00000001
core   0: 0x80013e1c (0xff9ff06f) j       pc - 0x8
core   0: 3 0x80013e1c (0xff9ff06f)
core   0: 0x80013e14 (0x00001f17) auipc   t5, 0x1
core   0: 3 0x80013e14 (0x00001f17) x30 0x80014e14
core   0: 0x80013e18 (0x1e3f2623) sw      gp, 492(t5)
core   0: 3 0x80013e18 (0x1e3f2623) mem 0x80015000 0x00000001
core   0: 0x80013e1c (0xff9ff06f) j       pc - 0x8
core   0: 3 0x80013e1c (0xff9ff06f)
core   0: 0x80013e14 (0x00001f17) auipc   t5, 0x1
core   0: 3 0x80013e14 (0x00001f17) x30 0x80014e14
core   0: 0x80013e18 (0x1e3f2623) sw      gp, 492(t5)
core   0: 3 0x80013e18 (0x1e3f2623) mem 0x80015000 0x00000001
core   0: 0x80013e1c (0xff9ff06f) j       pc - 0x8
core   0: 3 0x80013e1c (0xff9ff06f)
core   0: 0x80013e14 (0x00001f17) auipc   t5, 0x1
core   0: 3 0x80013e14 (0x00001f17) x30 0x80014e14
core   0: 0x80013e18 (0x1e3f2623) sw      gp, 492(t5)
core   0: 3 0x80013e18 (0x1e3f2623) mem 0x80015000 0x00000001
core   0: 0x80013e1c (0xff9ff06f) j       pc - 0x8
core   0: 3 0x80013e1c (0xff9ff06f)
core   0: 0x80013e14 (0x00001f17) auipc   t5, 0x1
core   0: 3 0x80013e14 (0x00001f17) x30 0x80014e14
core   0: 0x80013e18 (0x1e3f2623) sw      gp, 492(t5)
core   0: 3 0x80013e18 (0x1e3f2623) mem 0x80015000 0x00000001
core   0: 0x80013e1c (0xff9ff06f) j       pc - 0x8
core   0: 3 0x80013e1c (0xff9ff06f)
core   0: 0x80013e14 (0x00001f17) auipc   t5, 0x1
core   0: 3 0x80013e14 (0x00001f17) x30 0x80014e14
core   0: 0x80013e18 (0x1e3f2623) sw      gp, 492(t5)
core   0: 3 0x80013e18 (0x1e3f2623) mem 0x80015000 0x00000001
core   0: 0x80013e1c (0xff9ff06f) j       pc - 0x8
core   0: 3 0x80013e1c (0xff9ff06f)
core   0: 0x80013e14 (0x00001f17) auipc   t5, 0x1
core   0: 3 0x80013e14 (0x00001f17) x30 0x80014e14
core   0: 0x80013e18 (0x1e3f2623) sw      gp, 492(t5)
core   0: 3 0x80013e18 (0x1e3f2623) mem 0x80015000 0x00000001
core   0: 0x80013e1c (0xff9ff06f) j       pc - 0x8
core   0: 3 0x80013e1c (0xff9ff06f)
core   0: 0x80013e14 (0x00001f17) auipc   t5, 0x1
core   0: 3 0x80013e14 (0x00001f17) x30 0x80014e14
core   0: 0x80013e18 (0x1e3f2623) sw      gp, 492(t5)
core   0: 3 0x80013e18 (0x1e3f2623) mem 0x80015000 0x00000001
core   0: 0x80013e1c (0xff9ff06f) j       pc - 0x8
core   0: 3 0x80013e1c (0xff9ff06f)
core   0: 0x80013e14 (0x00001f17) auipc   t5, 0x1
core   0: 3 0x80013e14 (0x00001f17) x30 0x80014e14
core   0: 0x80013e18 (0x1e3f2623) sw      gp, 492(t5)
core   0: 3 0x80013e18 (0x1e3f2623) mem 0x80015000 0x00000001
core   0: 0x80013e1c (0xff9ff06f) j       pc - 0x8
core   0: 3 0x80013e1c (0xff9ff06f)
core   0: 0x80013e14 (0x00001f17) auipc   t5, 0x1
core   0: 3 0x80013e14 (0x00001f17) x30 0x80014e14
core   0: 0x80013e18 (0x1e3f2623) sw      gp, 492(t5)
core   0: 3 0x80013e18 (0x1e3f2623) mem 0x80015000 0x00000001
core   0: 0x80013e1c (0xff9ff06f) j       pc - 0x8
core   0: 3 0x80013e1c (0xff9ff06f)
core   0: 0x80013e14 (0x00001f17) auipc   t5, 0x1
core   0: 3 0x80013e14 (0x00001f17) x30 0x80014e14
core   0: 0x80013e18 (0x1e3f2623) sw      gp, 492(t5)
core   0: 3 0x80013e18 (0x1e3f2623) mem 0x80015000 0x00000001
core   0: 0x80013e1c (0xff9ff06f) j       pc - 0x8
core   0: 3 0x80013e1c (0xff9ff06f)
core   0: 0x80013e14 (0x00001f17) auipc   t5, 0x1
core   0: 3 0x80013e14 (0x00001f17) x30 0x80014e14
core   0: 0x80013e18 (0x1e3f2623) sw      gp, 492(t5)
core   0: 3 0x80013e18 (0x1e3f2623) mem 0x80015000 0x00000001
core   0: 0x80013e1c (0xff9ff06f) j       pc - 0x8
core   0: 3 0x80013e1c (0xff9ff06f)
core   0: 0x80013e14 (0x00001f17) auipc   t5, 0x1
core   0: 3 0x80013e14 (0x00001f17) x30 0x80014e14
core   0: 0x80013e18 (0x1e3f2623) sw      gp, 492(t5)
core   0: 3 0x80013e18 (0x1e3f2623) mem 0x80015000 0x00000001
core   0: 0x80013e1c (0xff9ff06f) j       pc - 0x8
core   0: 3 0x80013e1c (0xff9ff06f)
core   0: 0x80013e14 (0x00001f17) auipc   t5, 0x1
core   0: 3 0x80013e14 (0x00001f17) x30 0x80014e14
core   0: 0x80013e18 (0x1e3f2623) sw      gp, 492(t5)
core   0: 3 0x80013e18 (0x1e3f2623) mem 0x80015000 0x00000001
core   0: 0x80013e1c (0xff9ff06f) j       pc - 0x8
core   0: 3 0x80013e1c (0xff9ff06f)
core   0: 0x80013e14 (0x00001f17) auipc   t5, 0x1
core   0: 3 0x80013e14 (0x00001f17) x30 0x80014e14
core   0: 0x80013e18 (0x1e3f2623) sw      gp, 492(t5)
core   0: 3 0x80013e18 (0x1e3f2623) mem 0x80015000 0x00000001
core   0: 0x80013e1c (0xff9ff06f) j       pc - 0x8
core   0: 3 0x80013e1c (0xff9ff06f)
core   0: 0x80013e14 (0x00001f17) auipc   t5, 0x1
core   0: 3 0x80013e14 (0x00001f17) x30 0x80014e14
core   0: 0x80013e18 (0x1e3f2623) sw      gp, 492(t5)
core   0: 3 0x80013e18 (0x1e3f2623) mem 0x80015000 0x00000001
core   0: 0x80013e1c (0xff9ff06f) j       pc - 0x8
core   0: 3 0x80013e1c (0xff9ff06f)
core   0: 0x80013e14 (0x00001f17) auipc   t5, 0x1
core   0: 3 0x80013e14 (0x00001f17) x30 0x80014e14
core   0: 0x80013e18 (0x1e3f2623) sw      gp, 492(t5)
core   0: 3 0x80013e18 (0x1e3f2623) mem 0x80015000 0x00000001
core   0: 0x80013e1c (0xff9ff06f) j       pc - 0x8
core   0: 3 0x80013e1c (0xff9ff06f)
core   0: 0x80013e14 (0x00001f17) auipc   t5, 0x1
core   0: 3 0x80013e14 (0x00001f17) x30 0x80014e14
core   0: 0x80013e18 (0x1e3f2623) sw      gp, 492(t5)
core   0: 3 0x80013e18 (0x1e3f2623) mem 0x80015000 0x00000001
core   0: 0x80013e1c (0xff9ff06f) j       pc - 0x8
core   0: 3 0x80013e1c (0xff9ff06f)
core   0: 0x80013e14 (0x00001f17) auipc   t5, 0x1
core   0: 3 0x80013e14 (0x00001f17) x30 0x80014e14
core   0: 0x80013e18 (0x1e3f2623) sw      gp, 492(t5)
core   0: 3 0x80013e18 (0x1e3f2623) mem 0x80015000 0x00000001
core   0: 0x80013e1c (0xff9ff06f) j       pc - 0x8
core   0: 3 0x80013e1c (0xff9ff06f)
core   0: 0x80013e14 (0x00001f17) auipc   t5, 0x1
core   0: 3 0x80013e14 (0x00001f17) x30 0x80014e14
core   0: 0x80013e18 (0x1e3f2623) sw      gp, 492(t5)
core   0: 3 0x80013e18 (0x1e3f2623) mem 0x80015000 0x00000001
core   0: 0x80013e1c (0xff9ff06f) j       pc - 0x8
core   0: 3 0x80013e1c (0xff9ff06f)
core   0: 0x80013e14 (0x00001f17) auipc   t5, 0x1
core   0: 3 0x80013e14 (0x00001f17) x30 0x80014e14
core   0: 0x80013e18 (0x1e3f2623) sw      gp, 492(t5)
core   0: 3 0x80013e18 (0x1e3f2623) mem 0x80015000 0x00000001
core   0: 0x80013e1c (0xff9ff06f) j       pc - 0x8
core   0: 3 0x80013e1c (0xff9ff06f)
core   0: 0x80013e14 (0x00001f17) auipc   t5, 0x1
core   0: 3 0x80013e14 (0x00001f17) x30 0x80014e14
core   0: 0x80013e18 (0x1e3f2623) sw      gp, 492(t5)
core   0: 3 0x80013e18 (0x1e3f2623) mem 0x80015000 0x00000001
core   0: 0x80013e1c (0xff9ff06f) j       pc - 0x8
core   0: 3 0x80013e1c (0xff9ff06f)
core   0: 0x80013e14 (0x00001f17) auipc   t5, 0x1
core   0: 3 0x80013e14 (0x00001f17) x30 0x80014e14
core   0: 0x80013e18 (0x1e3f2623) sw      gp, 492(t5)
core   0: 3 0x80013e18 (0x1e3f2623) mem 0x80015000 0x00000001
core   0: 0x80013e1c (0xff9ff06f) j       pc - 0x8
core   0: 3 0x80013e1c (0xff9ff06f)
core   0: 0x80013e14 (0x00001f17) auipc   t5, 0x1
core   0: 3 0x80013e14 (0x00001f17) x30 0x80014e14
core   0: 0x80013e18 (0x1e3f2623) sw      gp, 492(t5)
core   0: 3 0x80013e18 (0x1e3f2623) mem 0x80015000 0x00000001
core   0: 0x80013e1c (0xff9ff06f) j       pc - 0x8
core   0: 3 0x80013e1c (0xff9ff06f)
core   0: 0x80013e14 (0x00001f17) auipc   t5, 0x1
core   0: 3 0x80013e14 (0x00001f17) x30 0x80014e14
core   0: 0x80013e18 (0x1e3f2623) sw      gp, 492(t5)
core   0: 3 0x80013e18 (0x1e3f2623) mem 0x80015000 0x00000001
core   0: 0x80013e1c (0xff9ff06f) j       pc - 0x8
core   0: 3 0x80013e1c (0xff9ff06f)
core   0: 0x80013e14 (0x00001f17) auipc   t5, 0x1
core   0: 3 0x80013e14 (0x00001f17) x30 0x80014e14
core   0: 0x80013e18 (0x1e3f2623) sw      gp, 492(t5)
core   0: 3 0x80013e18 (0x1e3f2623) mem 0x80015000 0x00000001
core   0: 0x80013e1c (0xff9ff06f) j       pc - 0x8
core   0: 3 0x80013e1c (0xff9ff06f)
core   0: 0x80013e14 (0x00001f17) auipc   t5, 0x1
core   0: 3 0x80013e14 (0x00001f17) x30 0x80014e14
core   0: 0x80013e18 (0x1e3f2623) sw      gp, 492(t5)
core   0: 3 0x80013e18 (0x1e3f2623) mem 0x80015000 0x00000001
core   0: 0x80013e1c (0xff9ff06f) j       pc - 0x8
core   0: 3 0x80013e1c (0xff9ff06f)
core   0: 0x80013e14 (0x00001f17) auipc   t5, 0x1
core   0: 3 0x80013e14 (0x00001f17) x30 0x80014e14
core   0: 0x80013e18 (0x1e3f2623) sw      gp, 492(t5)
core   0: 3 0x80013e18 (0x1e3f2623) mem 0x80015000 0x00000001
core   0: 0x80013e1c (0xff9ff06f) j       pc - 0x8
core   0: 3 0x80013e1c (0xff9ff06f)
core   0: 0x80013e14 (0x00001f17) auipc   t5, 0x1
core   0: 3 0x80013e14 (0x00001f17) x30 0x80014e14
core   0: 0x80013e18 (0x1e3f2623) sw      gp, 492(t5)
core   0: 3 0x80013e18 (0x1e3f2623) mem 0x80015000 0x00000001
core   0: 0x80013e1c (0xff9ff06f) j       pc - 0x8
core   0: 3 0x80013e1c (0xff9ff06f)
core   0: 0x80013e14 (0x00001f17) auipc   t5, 0x1
core   0: 3 0x80013e14 (0x00001f17) x30 0x80014e14
core   0: 0x80013e18 (0x1e3f2623) sw      gp, 492(t5)
core   0: 3 0x80013e18 (0x1e3f2623) mem 0x80015000 0x00000001
core   0: 0x80013e1c (0xff9ff06f) j       pc - 0x8
core   0: 3 0x80013e1c (0xff9ff06f)
core   0: 0x80013e14 (0x00001f17) auipc   t5, 0x1
core   0: 3 0x80013e14 (0x00001f17) x30 0x80014e14
core   0: 0x80013e18 (0x1e3f2623) sw      gp, 492(t5)
core   0: 3 0x80013e18 (0x1e3f2623) mem 0x80015000 0x00000001
core   0: 0x80013e1c (0xff9ff06f) j       pc - 0x8
core   0: 3 0x80013e1c (0xff9ff06f)
core   0: 0x80013e14 (0x00001f17) auipc   t5, 0x1
core   0: 3 0x80013e14 (0x00001f17) x30 0x80014e14
core   0: 0x80013e18 (0x1e3f2623) sw      gp, 492(t5)
core   0: 3 0x80013e18 (0x1e3f2623) mem 0x80015000 0x00000001
core   0: 0x80013e1c (0xff9ff06f) j       pc - 0x8
core   0: 3 0x80013e1c (0xff9ff06f)
core   0: 0x80013e14 (0x00001f17) auipc   t5, 0x1
core   0: 3 0x80013e14 (0x00001f17) x30 0x80014e14
core   0: 0x80013e18 (0x1e3f2623) sw      gp, 492(t5)
core   0: 3 0x80013e18 (0x1e3f2623) mem 0x80015000 0x00000001
core   0: 0x80013e1c (0xff9ff06f) j       pc - 0x8
core   0: 3 0x80013e1c (0xff9ff06f)
core   0: 0x80013e14 (0x00001f17) auipc   t5, 0x1
core   0: 3 0x80013e14 (0x00001f17) x30 0x80014e14
core   0: 0x80013e18 (0x1e3f2623) sw      gp, 492(t5)
core   0: 3 0x80013e18 (0x1e3f2623) mem 0x80015000 0x00000001
core   0: 0x80013e1c (0xff9ff06f) j       pc - 0x8
core   0: 3 0x80013e1c (0xff9ff06f)
core   0: 0x80013e14 (0x00001f17) auipc   t5, 0x1
core   0: 3 0x80013e14 (0x00001f17) x30 0x80014e14
core   0: 0x80013e18 (0x1e3f2623) sw      gp, 492(t5)
core   0: 3 0x80013e18 (0x1e3f2623) mem 0x80015000 0x00000001
core   0: 0x80013e1c (0xff9ff06f) j       pc - 0x8
core   0: 3 0x80013e1c (0xff9ff06f)
core   0: 0x80013e14 (0x00001f17) auipc   t5, 0x1
core   0: 3 0x80013e14 (0x00001f17) x30 0x80014e14
core   0: 0x80013e18 (0x1e3f2623) sw      gp, 492(t5)
core   0: 3 0x80013e18 (0x1e3f2623) mem 0x80015000 0x00000001
core   0: 0x80013e1c (0xff9ff06f) j       pc - 0x8
core   0: 3 0x80013e1c (0xff9ff06f)
core   0: 0x80013e14 (0x00001f17) auipc   t5, 0x1
core   0: 3 0x80013e14 (0x00001f17) x30 0x80014e14
core   0: 0x80013e18 (0x1e3f2623) sw      gp, 492(t5)
core   0: 3 0x80013e18 (0x1e3f2623) mem 0x80015000 0x00000001
core   0: 0x80013e1c (0xff9ff06f) j       pc - 0x8
core   0: 3 0x80013e1c (0xff9ff06f)
core   0: 0x80013e14 (0x00001f17) auipc   t5, 0x1
core   0: 3 0x80013e14 (0x00001f17) x30 0x80014e14
core   0: 0x80013e18 (0x1e3f2623) sw      gp, 492(t5)
core   0: 3 0x80013e18 (0x1e3f2623) mem 0x80015000 0x00000001
core   0: 0x80013e1c (0xff9ff06f) j       pc - 0x8
core   0: 3 0x80013e1c (0xff9ff06f)
core   0: 0x80013e14 (0x00001f17) auipc   t5, 0x1
core   0: 3 0x80013e14 (0x00001f17) x30 0x80014e14
core   0: 0x80013e18 (0x1e3f2623) sw      gp, 492(t5)
core   0: 3 0x80013e18 (0x1e3f2623) mem 0x80015000 0x00000001
core   0: 0x80013e1c (0xff9ff06f) j       pc - 0x8
core   0: 3 0x80013e1c (0xff9ff06f)
core   0: 0x80013e14 (0x00001f17) auipc   t5, 0x1
core   0: 3 0x80013e14 (0x00001f17) x30 0x80014e14
core   0: 0x80013e18 (0x1e3f2623) sw      gp, 492(t5)
core   0: 3 0x80013e18 (0x1e3f2623) mem 0x80015000 0x00000001
core   0: 0x80013e1c (0xff9ff06f) j       pc - 0x8
core   0: 3 0x80013e1c (0xff9ff06f)
core   0: 0x80013e14 (0x00001f17) auipc   t5, 0x1
core   0: 3 0x80013e14 (0x00001f17) x30 0x80014e14
core   0: 0x80013e18 (0x1e3f2623) sw      gp, 492(t5)
core   0: 3 0x80013e18 (0x1e3f2623) mem 0x80015000 0x00000001
core   0: 0x80013e1c (0xff9ff06f) j       pc - 0x8
core   0: 3 0x80013e1c (0xff9ff06f)
core   0: 0x80013e14 (0x00001f17) auipc   t5, 0x1
core   0: 3 0x80013e14 (0x00001f17) x30 0x80014e14
core   0: 0x80013e18 (0x1e3f2623) sw      gp, 492(t5)
core   0: 3 0x80013e18 (0x1e3f2623) mem 0x80015000 0x00000001
core   0: 0x80013e1c (0xff9ff06f) j       pc - 0x8
core   0: 3 0x80013e1c (0xff9ff06f)
core   0: 0x80013e14 (0x00001f17) auipc   t5, 0x1
core   0: 3 0x80013e14 (0x00001f17) x30 0x80014e14
core   0: 0x80013e18 (0x1e3f2623) sw      gp, 492(t5)
core   0: 3 0x80013e18 (0x1e3f2623) mem 0x80015000 0x00000001
core   0: 0x80013e1c (0xff9ff06f) j       pc - 0x8
core   0: 3 0x80013e1c (0xff9ff06f)
core   0: 0x80013e14 (0x00001f17) auipc   t5, 0x1
core   0: 3 0x80013e14 (0x00001f17) x30 0x80014e14
core   0: 0x80013e18 (0x1e3f2623) sw      gp, 492(t5)
core   0: 3 0x80013e18 (0x1e3f2623) mem 0x80015000 0x00000001
core   0: 0x80013e1c (0xff9ff06f) j       pc - 0x8
core   0: 3 0x80013e1c (0xff9ff06f)
core   0: 0x80013e14 (0x00001f17) auipc   t5, 0x1
core   0: 3 0x80013e14 (0x00001f17) x30 0x80014e14
core   0: 0x80013e18 (0x1e3f2623) sw      gp, 492(t5)
core   0: 3 0x80013e18 (0x1e3f2623) mem 0x80015000 0x00000001
core   0: 0x80013e1c (0xff9ff06f) j       pc - 0x8
core   0: 3 0x80013e1c (0xff9ff06f)
core   0: 0x80013e14 (0x00001f17) auipc   t5, 0x1
core   0: 3 0x80013e14 (0x00001f17) x30 0x80014e14
core   0: 0x80013e18 (0x1e3f2623) sw      gp, 492(t5)
core   0: 3 0x80013e18 (0x1e3f2623) mem 0x80015000 0x00000001
core   0: 0x80013e1c (0xff9ff06f) j       pc - 0x8
core   0: 3 0x80013e1c (0xff9ff06f)
core   0: 0x80013e14 (0x00001f17) auipc   t5, 0x1
core   0: 3 0x80013e14 (0x00001f17) x30 0x80014e14
core   0: 0x80013e18 (0x1e3f2623) sw      gp, 492(t5)
core   0: 3 0x80013e18 (0x1e3f2623) mem 0x80015000 0x00000001
core   0: 0x80013e1c (0xff9ff06f) j       pc - 0x8
core   0: 3 0x80013e1c (0xff9ff06f)
core   0: 0x80013e14 (0x00001f17) auipc   t5, 0x1
core   0: 3 0x80013e14 (0x00001f17) x30 0x80014e14
core   0: 0x80013e18 (0x1e3f2623) sw      gp, 492(t5)
core   0: 3 0x80013e18 (0x1e3f2623) mem 0x80015000 0x00000001
core   0: 0x80013e1c (0xff9ff06f) j       pc - 0x8
core   0: 3 0x80013e1c (0xff9ff06f)
core   0: 0x80013e14 (0x00001f17) auipc   t5, 0x1
core   0: 3 0x80013e14 (0x00001f17) x30 0x80014e14
core   0: 0x80013e18 (0x1e3f2623) sw      gp, 492(t5)
core   0: 3 0x80013e18 (0x1e3f2623) mem 0x80015000 0x00000001
core   0: 0x80013e1c (0xff9ff06f) j       pc - 0x8
core   0: 3 0x80013e1c (0xff9ff06f)
core   0: 0x80013e14 (0x00001f17) auipc   t5, 0x1
core   0: 3 0x80013e14 (0x00001f17) x30 0x80014e14
core   0: 0x80013e18 (0x1e3f2623) sw      gp, 492(t5)
core   0: 3 0x80013e18 (0x1e3f2623) mem 0x80015000 0x00000001
core   0: 0x80013e1c (0xff9ff06f) j       pc - 0x8
core   0: 3 0x80013e1c (0xff9ff06f)
core   0: 0x80013e14 (0x00001f17) auipc   t5, 0x1
core   0: 3 0x80013e14 (0x00001f17) x30 0x80014e14
core   0: 0x80013e18 (0x1e3f2623) sw      gp, 492(t5)
core   0: 3 0x80013e18 (0x1e3f2623) mem 0x80015000 0x00000001
core   0: 0x80013e1c (0xff9ff06f) j       pc - 0x8
core   0: 3 0x80013e1c (0xff9ff06f)
core   0: 0x80013e14 (0x00001f17) auipc   t5, 0x1
core   0: 3 0x80013e14 (0x00001f17) x30 0x80014e14
core   0: 0x80013e18 (0x1e3f2623) sw      gp, 492(t5)
core   0: 3 0x80013e18 (0x1e3f2623) mem 0x80015000 0x00000001
core   0: 0x80013e1c (0xff9ff06f) j       pc - 0x8
core   0: 3 0x80013e1c (0xff9ff06f)
core   0: 0x80013e14 (0x00001f17) auipc   t5, 0x1
core   0: 3 0x80013e14 (0x00001f17) x30 0x80014e14
core   0: 0x80013e18 (0x1e3f2623) sw      gp, 492(t5)
core   0: 3 0x80013e18 (0x1e3f2623) mem 0x80015000 0x00000001
core   0: 0x80013e1c (0xff9ff06f) j       pc - 0x8
core   0: 3 0x80013e1c (0xff9ff06f)
core   0: 0x80013e14 (0x00001f17) auipc   t5, 0x1
core   0: 3 0x80013e14 (0x00001f17) x30 0x80014e14
core   0: 0x80013e18 (0x1e3f2623) sw      gp, 492(t5)
core   0: 3 0x80013e18 (0x1e3f2623) mem 0x80015000 0x00000001
core   0: 0x80013e1c (0xff9ff06f) j       pc - 0x8
core   0: 3 0x80013e1c (0xff9ff06f)
core   0: 0x80013e14 (0x00001f17) auipc   t5, 0x1
core   0: 3 0x80013e14 (0x00001f17) x30 0x80014e14
core   0: 0x80013e18 (0x1e3f2623) sw      gp, 492(t5)
core   0: 3 0x80013e18 (0x1e3f2623) mem 0x80015000 0x00000001
core   0: 0x80013e1c (0xff9ff06f) j       pc - 0x8
core   0: 3 0x80013e1c (0xff9ff06f)
core   0: 0x80013e14 (0x00001f17) auipc   t5, 0x1
core   0: 3 0x80013e14 (0x00001f17) x30 0x80014e14
core   0: 0x80013e18 (0x1e3f2623) sw      gp, 492(t5)
core   0: 3 0x80013e18 (0x1e3f2623) mem 0x80015000 0x00000001
core   0: 0x80013e1c (0xff9ff06f) j       pc - 0x8
core   0: 3 0x80013e1c (0xff9ff06f)
core   0: 0x80013e14 (0x00001f17) auipc   t5, 0x1
core   0: 3 0x80013e14 (0x00001f17) x30 0x80014e14
core   0: 0x80013e18 (0x1e3f2623) sw      gp, 492(t5)
core   0: 3 0x80013e18 (0x1e3f2623) mem 0x80015000 0x00000001
core   0: 0x80013e1c (0xff9ff06f) j       pc - 0x8
core   0: 3 0x80013e1c (0xff9ff06f)
core   0: 0x80013e14 (0x00001f17) auipc   t5, 0x1
core   0: 3 0x80013e14 (0x00001f17) x30 0x80014e14
core   0: 0x80013e18 (0x1e3f2623) sw      gp, 492(t5)
core   0: 3 0x80013e18 (0x1e3f2623) mem 0x80015000 0x00000001
core   0: 0x80013e1c (0xff9ff06f) j       pc - 0x8
core   0: 3 0x80013e1c (0xff9ff06f)
core   0: 0x80013e14 (0x00001f17) auipc   t5, 0x1
core   0: 3 0x80013e14 (0x00001f17) x30 0x80014e14
core   0: 0x80013e18 (0x1e3f2623) sw      gp, 492(t5)
core   0: 3 0x80013e18 (0x1e3f2623) mem 0x80015000 0x00000001
core   0: 0x80013e1c (0xff9ff06f) j       pc - 0x8
core   0: 3 0x80013e1c (0xff9ff06f)
core   0: 0x80013e14 (0x00001f17) auipc   t5, 0x1
core   0: 3 0x80013e14 (0x00001f17) x30 0x80014e14
core   0: 0x80013e18 (0x1e3f2623) sw      gp, 492(t5)
core   0: 3 0x80013e18 (0x1e3f2623) mem 0x80015000 0x00000001
core   0: 0x80013e1c (0xff9ff06f) j       pc - 0x8
core   0: 3 0x80013e1c (0xff9ff06f)
core   0: 0x80013e14 (0x00001f17) auipc   t5, 0x1
core   0: 3 0x80013e14 (0x00001f17) x30 0x80014e14
core   0: 0x80013e18 (0x1e3f2623) sw      gp, 492(t5)
core   0: 3 0x80013e18 (0x1e3f2623) mem 0x80015000 0x00000001
core   0: 0x80013e1c (0xff9ff06f) j       pc - 0x8
core   0: 3 0x80013e1c (0xff9ff06f)
core   0: 0x80013e14 (0x00001f17) auipc   t5, 0x1
core   0: 3 0x80013e14 (0x00001f17) x30 0x80014e14
core   0: 0x80013e18 (0x1e3f2623) sw      gp, 492(t5)
core   0: 3 0x80013e18 (0x1e3f2623) mem 0x80015000 0x00000001
core   0: 0x80013e1c (0xff9ff06f) j       pc - 0x8
core   0: 3 0x80013e1c (0xff9ff06f)
core   0: 0x80013e14 (0x00001f17) auipc   t5, 0x1
core   0: 3 0x80013e14 (0x00001f17) x30 0x80014e14
core   0: 0x80013e18 (0x1e3f2623) sw      gp, 492(t5)
core   0: 3 0x80013e18 (0x1e3f2623) mem 0x80015000 0x00000001
core   0: 0x80013e1c (0xff9ff06f) j       pc - 0x8
core   0: 3 0x80013e1c (0xff9ff06f)
core   0: 0x80013e14 (0x00001f17) auipc   t5, 0x1
core   0: 3 0x80013e14 (0x00001f17) x30 0x80014e14
core   0: 0x80013e18 (0x1e3f2623) sw      gp, 492(t5)
core   0: 3 0x80013e18 (0x1e3f2623) mem 0x80015000 0x00000001
core   0: 0x80013e1c (0xff9ff06f) j       pc - 0x8
core   0: 3 0x80013e1c (0xff9ff06f)
core   0: 0x80013e14 (0x00001f17) auipc   t5, 0x1
core   0: 3 0x80013e14 (0x00001f17) x30 0x80014e14
core   0: 0x80013e18 (0x1e3f2623) sw      gp, 492(t5)
core   0: 3 0x80013e18 (0x1e3f2623) mem 0x80015000 0x00000001
core   0: 0x80013e1c (0xff9ff06f) j       pc - 0x8
core   0: 3 0x80013e1c (0xff9ff06f)
core   0: 0x80013e14 (0x00001f17) auipc   t5, 0x1
core   0: 3 0x80013e14 (0x00001f17) x30 0x80014e14
core   0: 0x80013e18 (0x1e3f2623) sw      gp, 492(t5)
core   0: 3 0x80013e18 (0x1e3f2623) mem 0x80015000 0x00000001
core   0: 0x80013e1c (0xff9ff06f) j       pc - 0x8
core   0: 3 0x80013e1c (0xff9ff06f)
core   0: 0x80013e14 (0x00001f17) auipc   t5, 0x1
core   0: 3 0x80013e14 (0x00001f17) x30 0x80014e14
core   0: 0x80013e18 (0x1e3f2623) sw      gp, 492(t5)
core   0: 3 0x80013e18 (0x1e3f2623) mem 0x80015000 0x00000001
core   0: 0x80013e1c (0xff9ff06f) j       pc - 0x8
core   0: 3 0x80013e1c (0xff9ff06f)
core   0: 0x80013e14 (0x00001f17) auipc   t5, 0x1
core   0: 3 0x80013e14 (0x00001f17) x30 0x80014e14
core   0: 0x80013e18 (0x1e3f2623) sw      gp, 492(t5)
core   0: 3 0x80013e18 (0x1e3f2623) mem 0x80015000 0x00000001
core   0: 0x80013e1c (0xff9ff06f) j       pc - 0x8
core   0: 3 0x80013e1c (0xff9ff06f)
core   0: 0x80013e14 (0x00001f17) auipc   t5, 0x1
core   0: 3 0x80013e14 (0x00001f17) x30 0x80014e14
core   0: 0x80013e18 (0x1e3f2623) sw      gp, 492(t5)
core   0: 3 0x80013e18 (0x1e3f2623) mem 0x80015000 0x00000001
core   0: 0x80013e1c (0xff9ff06f) j       pc - 0x8
core   0: 3 0x80013e1c (0xff9ff06f)
core   0: 0x80013e14 (0x00001f17) auipc   t5, 0x1
core   0: 3 0x80013e14 (0x00001f17) x30 0x80014e14
core   0: 0x80013e18 (0x1e3f2623) sw      gp, 492(t5)
core   0: 3 0x80013e18 (0x1e3f2623) mem 0x80015000 0x00000001
core   0: 0x80013e1c (0xff9ff06f) j       pc - 0x8
core   0: 3 0x80013e1c (0xff9ff06f)
core   0: 0x80013e14 (0x00001f17) auipc   t5, 0x1
core   0: 3 0x80013e14 (0x00001f17) x30 0x80014e14
core   0: 0x80013e18 (0x1e3f2623) sw      gp, 492(t5)
core   0: 3 0x80013e18 (0x1e3f2623) mem 0x80015000 0x00000001
core   0: 0x80013e1c (0xff9ff06f) j       pc - 0x8
core   0: 3 0x80013e1c (0xff9ff06f)
core   0: 0x80013e14 (0x00001f17) auipc   t5, 0x1
core   0: 3 0x80013e14 (0x00001f17) x30 0x80014e14
core   0: 0x80013e18 (0x1e3f2623) sw      gp, 492(t5)
core   0: 3 0x80013e18 (0x1e3f2623) mem 0x80015000 0x00000001
core   0: 0x80013e1c (0xff9ff06f) j       pc - 0x8
core   0: 3 0x80013e1c (0xff9ff06f)
core   0: 0x80013e14 (0x00001f17) auipc   t5, 0x1
core   0: 3 0x80013e14 (0x00001f17) x30 0x80014e14
core   0: 0x80013e18 (0x1e3f2623) sw      gp, 492(t5)
core   0: 3 0x80013e18 (0x1e3f2623) mem 0x80015000 0x00000001
core   0: 0x80013e1c (0xff9ff06f) j       pc - 0x8
core   0: 3 0x80013e1c (0xff9ff06f)
core   0: 0x80013e14 (0x00001f17) auipc   t5, 0x1
core   0: 3 0x80013e14 (0x00001f17) x30 0x80014e14
core   0: 0x80013e18 (0x1e3f2623) sw      gp, 492(t5)
core   0: 3 0x80013e18 (0x1e3f2623) mem 0x80015000 0x00000001
core   0: 0x80013e1c (0xff9ff06f) j       pc - 0x8
core   0: 3 0x80013e1c (0xff9ff06f)
core   0: 0x80013e14 (0x00001f17) auipc   t5, 0x1
core   0: 3 0x80013e14 (0x00001f17) x30 0x80014e14
core   0: 0x80013e18 (0x1e3f2623) sw      gp, 492(t5)
core   0: 3 0x80013e18 (0x1e3f2623) mem 0x80015000 0x00000001
core   0: 0x80013e1c (0xff9ff06f) j       pc - 0x8
core   0: 3 0x80013e1c (0xff9ff06f)
core   0: 0x80013e14 (0x00001f17) auipc   t5, 0x1
core   0: 3 0x80013e14 (0x00001f17) x30 0x80014e14
core   0: 0x80013e18 (0x1e3f2623) sw      gp, 492(t5)
core   0: 3 0x80013e18 (0x1e3f2623) mem 0x80015000 0x00000001
core   0: 0x80013e1c (0xff9ff06f) j       pc - 0x8
core   0: 3 0x80013e1c (0xff9ff06f)
core   0: 0x80013e14 (0x00001f17) auipc   t5, 0x1
core   0: 3 0x80013e14 (0x00001f17) x30 0x80014e14
core   0: 0x80013e18 (0x1e3f2623) sw      gp, 492(t5)
core   0: 3 0x80013e18 (0x1e3f2623) mem 0x80015000 0x00000001
core   0: 0x80013e1c (0xff9ff06f) j       pc - 0x8
core   0: 3 0x80013e1c (0xff9ff06f)
core   0: 0x80013e14 (0x00001f17) auipc   t5, 0x1
core   0: 3 0x80013e14 (0x00001f17) x30 0x80014e14
core   0: 0x80013e18 (0x1e3f2623) sw      gp, 492(t5)
core   0: 3 0x80013e18 (0x1e3f2623) mem 0x80015000 0x00000001
core   0: 0x80013e1c (0xff9ff06f) j       pc - 0x8
core   0: 3 0x80013e1c (0xff9ff06f)
core   0: 0x80013e14 (0x00001f17) auipc   t5, 0x1
core   0: 3 0x80013e14 (0x00001f17) x30 0x80014e14
core   0: 0x80013e18 (0x1e3f2623) sw      gp, 492(t5)
core   0: 3 0x80013e18 (0x1e3f2623) mem 0x80015000 0x00000001
core   0: 0x80013e1c (0xff9ff06f) j       pc - 0x8
core   0: 3 0x80013e1c (0xff9ff06f)
core   0: 0x80013e14 (0x00001f17) auipc   t5, 0x1
core   0: 3 0x80013e14 (0x00001f17) x30 0x80014e14
core   0: 0x80013e18 (0x1e3f2623) sw      gp, 492(t5)
core   0: 3 0x80013e18 (0x1e3f2623) mem 0x80015000 0x00000001
core   0: 0x80013e1c (0xff9ff06f) j       pc - 0x8
core   0: 3 0x80013e1c (0xff9ff06f)
core   0: 0x80013e14 (0x00001f17) auipc   t5, 0x1
core   0: 3 0x80013e14 (0x00001f17) x30 0x80014e14
core   0: 0x80013e18 (0x1e3f2623) sw      gp, 492(t5)
core   0: 3 0x80013e18 (0x1e3f2623) mem 0x80015000 0x00000001
core   0: 0x80013e1c (0xff9ff06f) j       pc - 0x8
core   0: 3 0x80013e1c (0xff9ff06f)
core   0: 0x80013e14 (0x00001f17) auipc   t5, 0x1
core   0: 3 0x80013e14 (0x00001f17) x30 0x80014e14
core   0: 0x80013e18 (0x1e3f2623) sw      gp, 492(t5)
core   0: 3 0x80013e18 (0x1e3f2623) mem 0x80015000 0x00000001
core   0: 0x80013e1c (0xff9ff06f) j       pc - 0x8
core   0: 3 0x80013e1c (0xff9ff06f)
core   0: 0x80013e14 (0x00001f17) auipc   t5, 0x1
core   0: 3 0x80013e14 (0x00001f17) x30 0x80014e14
core   0: 0x80013e18 (0x1e3f2623) sw      gp, 492(t5)
core   0: 3 0x80013e18 (0x1e3f2623) mem 0x80015000 0x00000001
core   0: 0x80013e1c (0xff9ff06f) j       pc - 0x8
core   0: 3 0x80013e1c (0xff9ff06f)
core   0: 0x80013e14 (0x00001f17) auipc   t5, 0x1
core   0: 3 0x80013e14 (0x00001f17) x30 0x80014e14
core   0: 0x80013e18 (0x1e3f2623) sw      gp, 492(t5)
core   0: 3 0x80013e18 (0x1e3f2623) mem 0x80015000 0x00000001
core   0: 0x80013e1c (0xff9ff06f) j       pc - 0x8
core   0: 3 0x80013e1c (0xff9ff06f)
core   0: 0x80013e14 (0x00001f17) auipc   t5, 0x1
core   0: 3 0x80013e14 (0x00001f17) x30 0x80014e14
core   0: 0x80013e18 (0x1e3f2623) sw      gp, 492(t5)
core   0: 3 0x80013e18 (0x1e3f2623) mem 0x80015000 0x00000001
core   0: 0x80013e1c (0xff9ff06f) j       pc - 0x8
core   0: 3 0x80013e1c (0xff9ff06f)
core   0: 0x80013e14 (0x00001f17) auipc   t5, 0x1
core   0: 3 0x80013e14 (0x00001f17) x30 0x80014e14
core   0: 0x80013e18 (0x1e3f2623) sw      gp, 492(t5)
core   0: 3 0x80013e18 (0x1e3f2623) mem 0x80015000 0x00000001
core   0: 0x80013e1c (0xff9ff06f) j       pc - 0x8
core   0: 3 0x80013e1c (0xff9ff06f)
core   0: 0x80013e14 (0x00001f17) auipc   t5, 0x1
core   0: 3 0x80013e14 (0x00001f17) x30 0x80014e14
core   0: 0x80013e18 (0x1e3f2623) sw      gp, 492(t5)
core   0: 3 0x80013e18 (0x1e3f2623) mem 0x80015000 0x00000001
core   0: 0x80013e1c (0xff9ff06f) j       pc - 0x8
core   0: 3 0x80013e1c (0xff9ff06f)
core   0: 0x80013e14 (0x00001f17) auipc   t5, 0x1
core   0: 3 0x80013e14 (0x00001f17) x30 0x80014e14
core   0: 0x80013e18 (0x1e3f2623) sw      gp, 492(t5)
core   0: 3 0x80013e18 (0x1e3f2623) mem 0x80015000 0x00000001
core   0: 0x80013e1c (0xff9ff06f) j       pc - 0x8
core   0: 3 0x80013e1c (0xff9ff06f)
core   0: 0x80013e14 (0x00001f17) auipc   t5, 0x1
core   0: 3 0x80013e14 (0x00001f17) x30 0x80014e14
core   0: 0x80013e18 (0x1e3f2623) sw      gp, 492(t5)
core   0: 3 0x80013e18 (0x1e3f2623) mem 0x80015000 0x00000001
core   0: 0x80013e1c (0xff9ff06f) j       pc - 0x8
core   0: 3 0x80013e1c (0xff9ff06f)
core   0: 0x80013e14 (0x00001f17) auipc   t5, 0x1
core   0: 3 0x80013e14 (0x00001f17) x30 0x80014e14
core   0: 0x80013e18 (0x1e3f2623) sw      gp, 492(t5)
core   0: 3 0x80013e18 (0x1e3f2623) mem 0x80015000 0x00000001
core   0: 0x80013e1c (0xff9ff06f) j       pc - 0x8
core   0: 3 0x80013e1c (0xff9ff06f)
core   0: 0x80013e14 (0x00001f17) auipc   t5, 0x1
core   0: 3 0x80013e14 (0x00001f17) x30 0x80014e14
core   0: 0x80013e18 (0x1e3f2623) sw      gp, 492(t5)
core   0: 3 0x80013e18 (0x1e3f2623) mem 0x80015000 0x00000001
core   0: 0x80013e1c (0xff9ff06f) j       pc - 0x8
core   0: 3 0x80013e1c (0xff9ff06f)
core   0: 0x80013e14 (0x00001f17) auipc   t5, 0x1
core   0: 3 0x80013e14 (0x00001f17) x30 0x80014e14
core   0: 0x80013e18 (0x1e3f2623) sw      gp, 492(t5)
core   0: 3 0x80013e18 (0x1e3f2623) mem 0x80015000 0x00000001
core   0: 0x80013e1c (0xff9ff06f) j       pc - 0x8
core   0: 3 0x80013e1c (0xff9ff06f)
core   0: 0x80013e14 (0x00001f17) auipc   t5, 0x1
core   0: 3 0x80013e14 (0x00001f17) x30 0x80014e14
core   0: 0x80013e18 (0x1e3f2623) sw      gp, 492(t5)
core   0: 3 0x80013e18 (0x1e3f2623) mem 0x80015000 0x00000001
core   0: 0x80013e1c (0xff9ff06f) j       pc - 0x8
core   0: 3 0x80013e1c (0xff9ff06f)
core   0: 0x80013e14 (0x00001f17) auipc   t5, 0x1
core   0: 3 0x80013e14 (0x00001f17) x30 0x80014e14
core   0: 0x80013e18 (0x1e3f2623) sw      gp, 492(t5)
core   0: 3 0x80013e18 (0x1e3f2623) mem 0x80015000 0x00000001
core   0: 0x80013e1c (0xff9ff06f) j       pc - 0x8
core   0: 3 0x80013e1c (0xff9ff06f)
core   0: 0x80013e14 (0x00001f17) auipc   t5, 0x1
core   0: 3 0x80013e14 (0x00001f17) x30 0x80014e14
core   0: 0x80013e18 (0x1e3f2623) sw      gp, 492(t5)
core   0: 3 0x80013e18 (0x1e3f2623) mem 0x80015000 0x00000001
core   0: 0x80013e1c (0xff9ff06f) j       pc - 0x8
core   0: 3 0x80013e1c (0xff9ff06f)
core   0: 0x80013e14 (0x00001f17) auipc   t5, 0x1
core   0: 3 0x80013e14 (0x00001f17) x30 0x80014e14
core   0: 0x80013e18 (0x1e3f2623) sw      gp, 492(t5)
core   0: 3 0x80013e18 (0x1e3f2623) mem 0x80015000 0x00000001
core   0: 0x80013e1c (0xff9ff06f) j       pc - 0x8
core   0: 3 0x80013e1c (0xff9ff06f)
core   0: 0x80013e14 (0x00001f17) auipc   t5, 0x1
core   0: 3 0x80013e14 (0x00001f17) x30 0x80014e14
core   0: 0x80013e18 (0x1e3f2623) sw      gp, 492(t5)
core   0: 3 0x80013e18 (0x1e3f2623) mem 0x80015000 0x00000001
core   0: 0x80013e1c (0xff9ff06f) j       pc - 0x8
core   0: 3 0x80013e1c (0xff9ff06f)
core   0: 0x80013e14 (0x00001f17) auipc   t5, 0x1
core   0: 3 0x80013e14 (0x00001f17) x30 0x80014e14
core   0: 0x80013e18 (0x1e3f2623) sw      gp, 492(t5)
core   0: 3 0x80013e18 (0x1e3f2623) mem 0x80015000 0x00000001
core   0: 0x80013e1c (0xff9ff06f) j       pc - 0x8
core   0: 3 0x80013e1c (0xff9ff06f)
core   0: 0x80013e14 (0x00001f17) auipc   t5, 0x1
core   0: 3 0x80013e14 (0x00001f17) x30 0x80014e14
core   0: 0x80013e18 (0x1e3f2623) sw      gp, 492(t5)
core   0: 3 0x80013e18 (0x1e3f2623) mem 0x80015000 0x00000001
core   0: 0x80013e1c (0xff9ff06f) j       pc - 0x8
core   0: 3 0x80013e1c (0xff9ff06f)
core   0: 0x80013e14 (0x00001f17) auipc   t5, 0x1
core   0: 3 0x80013e14 (0x00001f17) x30 0x80014e14
core   0: 0x80013e18 (0x1e3f2623) sw      gp, 492(t5)
core   0: 3 0x80013e18 (0x1e3f2623) mem 0x80015000 0x00000001
core   0: 0x80013e1c (0xff9ff06f) j       pc - 0x8
core   0: 3 0x80013e1c (0xff9ff06f)
core   0: 0x80013e14 (0x00001f17) auipc   t5, 0x1
core   0: 3 0x80013e14 (0x00001f17) x30 0x80014e14
core   0: 0x80013e18 (0x1e3f2623) sw      gp, 492(t5)
core   0: 3 0x80013e18 (0x1e3f2623) mem 0x80015000 0x00000001
core   0: 0x80013e1c (0xff9ff06f) j       pc - 0x8
core   0: 3 0x80013e1c (0xff9ff06f)
core   0: 0x80013e14 (0x00001f17) auipc   t5, 0x1
core   0: 3 0x80013e14 (0x00001f17) x30 0x80014e14
core   0: 0x80013e18 (0x1e3f2623) sw      gp, 492(t5)
core   0: 3 0x80013e18 (0x1e3f2623) mem 0x80015000 0x00000001
core   0: 0x80013e1c (0xff9ff06f) j       pc - 0x8
core   0: 3 0x80013e1c (0xff9ff06f)
core   0: 0x80013e14 (0x00001f17) auipc   t5, 0x1
core   0: 3 0x80013e14 (0x00001f17) x30 0x80014e14
core   0: 0x80013e18 (0x1e3f2623) sw      gp, 492(t5)
core   0: 3 0x80013e18 (0x1e3f2623) mem 0x80015000 0x00000001
core   0: 0x80013e1c (0xff9ff06f) j       pc - 0x8
core   0: 3 0x80013e1c (0xff9ff06f)
core   0: 0x80013e14 (0x00001f17) auipc   t5, 0x1
core   0: 3 0x80013e14 (0x00001f17) x30 0x80014e14
core   0: 0x80013e18 (0x1e3f2623) sw      gp, 492(t5)
core   0: 3 0x80013e18 (0x1e3f2623) mem 0x80015000 0x00000001
core   0: 0x80013e1c (0xff9ff06f) j       pc - 0x8
core   0: 3 0x80013e1c (0xff9ff06f)
core   0: 0x80013e14 (0x00001f17) auipc   t5, 0x1
core   0: 3 0x80013e14 (0x00001f17) x30 0x80014e14
core   0: 0x80013e18 (0x1e3f2623) sw      gp, 492(t5)
core   0: 3 0x80013e18 (0x1e3f2623) mem 0x80015000 0x00000001
core   0: 0x80013e1c (0xff9ff06f) j       pc - 0x8
core   0: 3 0x80013e1c (0xff9ff06f)
core   0: 0x80013e14 (0x00001f17) auipc   t5, 0x1
core   0: 3 0x80013e14 (0x00001f17) x30 0x80014e14
core   0: 0x80013e18 (0x1e3f2623) sw      gp, 492(t5)
core   0: 3 0x80013e18 (0x1e3f2623) mem 0x80015000 0x00000001
core   0: 0x80013e1c (0xff9ff06f) j       pc - 0x8
core   0: 3 0x80013e1c (0xff9ff06f)
core   0: 0x80013e14 (0x00001f17) auipc   t5, 0x1
core   0: 3 0x80013e14 (0x00001f17) x30 0x80014e14
core   0: 0x80013e18 (0x1e3f2623) sw      gp, 492(t5)
core   0: 3 0x80013e18 (0x1e3f2623) mem 0x80015000 0x00000001
core   0: 0x80013e1c (0xff9ff06f) j       pc - 0x8
core   0: 3 0x80013e1c (0xff9ff06f)
core   0: 0x80013e14 (0x00001f17) auipc   t5, 0x1
core   0: 3 0x80013e14 (0x00001f17) x30 0x80014e14
core   0: 0x80013e18 (0x1e3f2623) sw      gp, 492(t5)
core   0: 3 0x80013e18 (0x1e3f2623) mem 0x80015000 0x00000001
core   0: 0x80013e1c (0xff9ff06f) j       pc - 0x8
core   0: 3 0x80013e1c (0xff9ff06f)
core   0: 0x80013e14 (0x00001f17) auipc   t5, 0x1
core   0: 3 0x80013e14 (0x00001f17) x30 0x80014e14
core   0: 0x80013e18 (0x1e3f2623) sw      gp, 492(t5)
core   0: 3 0x80013e18 (0x1e3f2623) mem 0x80015000 0x00000001
core   0: 0x80013e1c (0xff9ff06f) j       pc - 0x8
core   0: 3 0x80013e1c (0xff9ff06f)
core   0: 0x80013e14 (0x00001f17) auipc   t5, 0x1
core   0: 3 0x80013e14 (0x00001f17) x30 0x80014e14
core   0: 0x80013e18 (0x1e3f2623) sw      gp, 492(t5)
core   0: 3 0x80013e18 (0x1e3f2623) mem 0x80015000 0x00000001
core   0: 0x80013e1c (0xff9ff06f) j       pc - 0x8
core   0: 3 0x80013e1c (0xff9ff06f)
core   0: 0x80013e14 (0x00001f17) auipc   t5, 0x1
core   0: 3 0x80013e14 (0x00001f17) x30 0x80014e14
core   0: 0x80013e18 (0x1e3f2623) sw      gp, 492(t5)
core   0: 3 0x80013e18 (0x1e3f2623) mem 0x80015000 0x00000001
core   0: 0x80013e1c (0xff9ff06f) j       pc - 0x8
core   0: 3 0x80013e1c (0xff9ff06f)
core   0: 0x80013e14 (0x00001f17) auipc   t5, 0x1
core   0: 3 0x80013e14 (0x00001f17) x30 0x80014e14
core   0: 0x80013e18 (0x1e3f2623) sw      gp, 492(t5)
core   0: 3 0x80013e18 (0x1e3f2623) mem 0x80015000 0x00000001
core   0: 0x80013e1c (0xff9ff06f) j       pc - 0x8
core   0: 3 0x80013e1c (0xff9ff06f)
core   0: 0x80013e14 (0x00001f17) auipc   t5, 0x1
core   0: 3 0x80013e14 (0x00001f17) x30 0x80014e14
core   0: 0x80013e18 (0x1e3f2623) sw      gp, 492(t5)
core   0: 3 0x80013e18 (0x1e3f2623) mem 0x80015000 0x00000001
core   0: 0x80013e1c (0xff9ff06f) j       pc - 0x8
core   0: 3 0x80013e1c (0xff9ff06f)
core   0: 0x80013e14 (0x00001f17) auipc   t5, 0x1
core   0: 3 0x80013e14 (0x00001f17) x30 0x80014e14
core   0: 0x80013e18 (0x1e3f2623) sw      gp, 492(t5)
core   0: 3 0x80013e18 (0x1e3f2623) mem 0x80015000 0x00000001
core   0: 0x80013e1c (0xff9ff06f) j       pc - 0x8
core   0: 3 0x80013e1c (0xff9ff06f)
core   0: 0x80013e14 (0x00001f17) auipc   t5, 0x1
core   0: 3 0x80013e14 (0x00001f17) x30 0x80014e14
core   0: 0x80013e18 (0x1e3f2623) sw      gp, 492(t5)
core   0: 3 0x80013e18 (0x1e3f2623) mem 0x80015000 0x00000001
core   0: 0x80013e1c (0xff9ff06f) j       pc - 0x8
core   0: 3 0x80013e1c (0xff9ff06f)
core   0: 0x80013e14 (0x00001f17) auipc   t5, 0x1
core   0: 3 0x80013e14 (0x00001f17) x30 0x80014e14
core   0: 0x80013e18 (0x1e3f2623) sw      gp, 492(t5)
core   0: 3 0x80013e18 (0x1e3f2623) mem 0x80015000 0x00000001
core   0: 0x80013e1c (0xff9ff06f) j       pc - 0x8
core   0: 3 0x80013e1c (0xff9ff06f)
core   0: 0x80013e14 (0x00001f17) auipc   t5, 0x1
core   0: 3 0x80013e14 (0x00001f17) x30 0x80014e14
core   0: 0x80013e18 (0x1e3f2623) sw      gp, 492(t5)
core   0: 3 0x80013e18 (0x1e3f2623) mem 0x80015000 0x00000001
core   0: 0x80013e1c (0xff9ff06f) j       pc - 0x8
core   0: 3 0x80013e1c (0xff9ff06f)
core   0: 0x80013e14 (0x00001f17) auipc   t5, 0x1
core   0: 3 0x80013e14 (0x00001f17) x30 0x80014e14
core   0: 0x80013e18 (0x1e3f2623) sw      gp, 492(t5)
core   0: 3 0x80013e18 (0x1e3f2623) mem 0x80015000 0x00000001
core   0: 0x80013e1c (0xff9ff06f) j       pc - 0x8
core   0: 3 0x80013e1c (0xff9ff06f)
core   0: 0x80013e14 (0x00001f17) auipc   t5, 0x1
core   0: 3 0x80013e14 (0x00001f17) x30 0x80014e14
core   0: 0x80013e18 (0x1e3f2623) sw      gp, 492(t5)
core   0: 3 0x80013e18 (0x1e3f2623) mem 0x80015000 0x00000001
core   0: 0x80013e1c (0xff9ff06f) j       pc - 0x8
core   0: 3 0x80013e1c (0xff9ff06f)
core   0: 0x80013e14 (0x00001f17) auipc   t5, 0x1
core   0: 3 0x80013e14 (0x00001f17) x30 0x80014e14
core   0: 0x80013e18 (0x1e3f2623) sw      gp, 492(t5)
core   0: 3 0x80013e18 (0x1e3f2623) mem 0x80015000 0x00000001
core   0: 0x80013e1c (0xff9ff06f) j       pc - 0x8
core   0: 3 0x80013e1c (0xff9ff06f)
core   0: 0x80013e14 (0x00001f17) auipc   t5, 0x1
core   0: 3 0x80013e14 (0x00001f17) x30 0x80014e14
core   0: 0x80013e18 (0x1e3f2623) sw      gp, 492(t5)
core   0: 3 0x80013e18 (0x1e3f2623) mem 0x80015000 0x00000001
core   0: 0x80013e1c (0xff9ff06f) j       pc - 0x8
core   0: 3 0x80013e1c (0xff9ff06f)
core   0: 0x80013e14 (0x00001f17) auipc   t5, 0x1
core   0: 3 0x80013e14 (0x00001f17) x30 0x80014e14
core   0: 0x80013e18 (0x1e3f2623) sw      gp, 492(t5)
core   0: 3 0x80013e18 (0x1e3f2623) mem 0x80015000 0x00000001
core   0: 0x80013e1c (0xff9ff06f) j       pc - 0x8
core   0: 3 0x80013e1c (0xff9ff06f)
core   0: 0x80013e14 (0x00001f17) auipc   t5, 0x1
core   0: 3 0x80013e14 (0x00001f17) x30 0x80014e14
core   0: 0x80013e18 (0x1e3f2623) sw      gp, 492(t5)
core   0: 3 0x80013e18 (0x1e3f2623) mem 0x80015000 0x00000001
core   0: 0x80013e1c (0xff9ff06f) j       pc - 0x8
core   0: 3 0x80013e1c (0xff9ff06f)
core   0: 0x80013e14 (0x00001f17) auipc   t5, 0x1
core   0: 3 0x80013e14 (0x00001f17) x30 0x80014e14
core   0: 0x80013e18 (0x1e3f2623) sw      gp, 492(t5)
core   0: 3 0x80013e18 (0x1e3f2623) mem 0x80015000 0x00000001
core   0: 0x80013e1c (0xff9ff06f) j       pc - 0x8
core   0: 3 0x80013e1c (0xff9ff06f)
core   0: 0x80013e14 (0x00001f17) auipc   t5, 0x1
core   0: 3 0x80013e14 (0x00001f17) x30 0x80014e14
core   0: 0x80013e18 (0x1e3f2623) sw      gp, 492(t5)
core   0: 3 0x80013e18 (0x1e3f2623) mem 0x80015000 0x00000001
core   0: 0x80013e1c (0xff9ff06f) j       pc - 0x8
core   0: 3 0x80013e1c (0xff9ff06f)
core   0: 0x80013e14 (0x00001f17) auipc   t5, 0x1
core   0: 3 0x80013e14 (0x00001f17) x30 0x80014e14
core   0: 0x80013e18 (0x1e3f2623) sw      gp, 492(t5)
core   0: 3 0x80013e18 (0x1e3f2623) mem 0x80015000 0x00000001
core   0: 0x80013e1c (0xff9ff06f) j       pc - 0x8
core   0: 3 0x80013e1c (0xff9ff06f)
core   0: 0x80013e14 (0x00001f17) auipc   t5, 0x1
core   0: 3 0x80013e14 (0x00001f17) x30 0x80014e14
core   0: 0x80013e18 (0x1e3f2623) sw      gp, 492(t5)
core   0: 3 0x80013e18 (0x1e3f2623) mem 0x80015000 0x00000001
core   0: 0x80013e1c (0xff9ff06f) j       pc - 0x8
core   0: 3 0x80013e1c (0xff9ff06f)
core   0: 0x80013e14 (0x00001f17) auipc   t5, 0x1
core   0: 3 0x80013e14 (0x00001f17) x30 0x80014e14
core   0: 0x80013e18 (0x1e3f2623) sw      gp, 492(t5)
core   0: 3 0x80013e18 (0x1e3f2623) mem 0x80015000 0x00000001
core   0: 0x80013e1c (0xff9ff06f) j       pc - 0x8
core   0: 3 0x80013e1c (0xff9ff06f)
core   0: 0x80013e14 (0x00001f17) auipc   t5, 0x1
core   0: 3 0x80013e14 (0x00001f17) x30 0x80014e14
core   0: 0x80013e18 (0x1e3f2623) sw      gp, 492(t5)
core   0: 3 0x80013e18 (0x1e3f2623) mem 0x80015000 0x00000001
core   0: 0x80013e1c (0xff9ff06f) j       pc - 0x8
core   0: 3 0x80013e1c (0xff9ff06f)
core   0: 0x80013e14 (0x00001f17) auipc   t5, 0x1
core   0: 3 0x80013e14 (0x00001f17) x30 0x80014e14
core   0: 0x80013e18 (0x1e3f2623) sw      gp, 492(t5)
core   0: 3 0x80013e18 (0x1e3f2623) mem 0x80015000 0x00000001
core   0: 0x80013e1c (0xff9ff06f) j       pc - 0x8
core   0: 3 0x80013e1c (0xff9ff06f)
core   0: 0x80013e14 (0x00001f17) auipc   t5, 0x1
core   0: 3 0x80013e14 (0x00001f17) x30 0x80014e14
core   0: 0x80013e18 (0x1e3f2623) sw      gp, 492(t5)
core   0: 3 0x80013e18 (0x1e3f2623) mem 0x80015000 0x00000001
core   0: 0x80013e1c (0xff9ff06f) j       pc - 0x8
core   0: 3 0x80013e1c (0xff9ff06f)
core   0: 0x80013e14 (0x00001f17) auipc   t5, 0x1
core   0: 3 0x80013e14 (0x00001f17) x30 0x80014e14
core   0: 0x80013e18 (0x1e3f2623) sw      gp, 492(t5)
core   0: 3 0x80013e18 (0x1e3f2623) mem 0x80015000 0x00000001
core   0: 0x80013e1c (0xff9ff06f) j       pc - 0x8
core   0: 3 0x80013e1c (0xff9ff06f)
core   0: 0x80013e14 (0x00001f17) auipc   t5, 0x1
core   0: 3 0x80013e14 (0x00001f17) x30 0x80014e14
core   0: 0x80013e18 (0x1e3f2623) sw      gp, 492(t5)
core   0: 3 0x80013e18 (0x1e3f2623) mem 0x80015000 0x00000001
core   0: 0x80013e1c (0xff9ff06f) j       pc - 0x8
core   0: 3 0x80013e1c (0xff9ff06f)
core   0: 0x80013e14 (0x00001f17) auipc   t5, 0x1
core   0: 3 0x80013e14 (0x00001f17) x30 0x80014e14
core   0: 0x80013e18 (0x1e3f2623) sw      gp, 492(t5)
core   0: 3 0x80013e18 (0x1e3f2623) mem 0x80015000 0x00000001
core   0: 0x80013e1c (0xff9ff06f) j       pc - 0x8
core   0: 3 0x80013e1c (0xff9ff06f)
core   0: 0x80013e14 (0x00001f17) auipc   t5, 0x1
core   0: 3 0x80013e14 (0x00001f17) x30 0x80014e14
core   0: 0x80013e18 (0x1e3f2623) sw      gp, 492(t5)
core   0: 3 0x80013e18 (0x1e3f2623) mem 0x80015000 0x00000001
core   0: 0x80013e1c (0xff9ff06f) j       pc - 0x8
core   0: 3 0x80013e1c (0xff9ff06f)
core   0: 0x80013e14 (0x00001f17) auipc   t5, 0x1
core   0: 3 0x80013e14 (0x00001f17) x30 0x80014e14
core   0: 0x80013e18 (0x1e3f2623) sw      gp, 492(t5)
core   0: 3 0x80013e18 (0x1e3f2623) mem 0x80015000 0x00000001
core   0: 0x80013e1c (0xff9ff06f) j       pc - 0x8
core   0: 3 0x80013e1c (0xff9ff06f)
core   0: 0x80013e14 (0x00001f17) auipc   t5, 0x1
core   0: 3 0x80013e14 (0x00001f17) x30 0x80014e14
core   0: 0x80013e18 (0x1e3f2623) sw      gp, 492(t5)
core   0: 3 0x80013e18 (0x1e3f2623) mem 0x80015000 0x00000001
core   0: 0x80013e1c (0xff9ff06f) j       pc - 0x8
core   0: 3 0x80013e1c (0xff9ff06f)
core   0: 0x80013e14 (0x00001f17) auipc   t5, 0x1
core   0: 3 0x80013e14 (0x00001f17) x30 0x80014e14
core   0: 0x80013e18 (0x1e3f2623) sw      gp, 492(t5)
core   0: 3 0x80013e18 (0x1e3f2623) mem 0x80015000 0x00000001
core   0: 0x80013e1c (0xff9ff06f) j       pc - 0x8
core   0: 3 0x80013e1c (0xff9ff06f)
core   0: 0x80013e14 (0x00001f17) auipc   t5, 0x1
core   0: 3 0x80013e14 (0x00001f17) x30 0x80014e14
core   0: 0x80013e18 (0x1e3f2623) sw      gp, 492(t5)
core   0: 3 0x80013e18 (0x1e3f2623) mem 0x80015000 0x00000001
core   0: 0x80013e1c (0xff9ff06f) j       pc - 0x8
core   0: 3 0x80013e1c (0xff9ff06f)
core   0: 0x80013e14 (0x00001f17) auipc   t5, 0x1
core   0: 3 0x80013e14 (0x00001f17) x30 0x80014e14
core   0: 0x80013e18 (0x1e3f2623) sw      gp, 492(t5)
core   0: 3 0x80013e18 (0x1e3f2623) mem 0x80015000 0x00000001
core   0: 0x80013e1c (0xff9ff06f) j       pc - 0x8
core   0: 3 0x80013e1c (0xff9ff06f)
core   0: 0x80013e14 (0x00001f17) auipc   t5, 0x1
core   0: 3 0x80013e14 (0x00001f17) x30 0x80014e14
core   0: 0x80013e18 (0x1e3f2623) sw      gp, 492(t5)
core   0: 3 0x80013e18 (0x1e3f2623) mem 0x80015000 0x00000001
core   0: 0x80013e1c (0xff9ff06f) j       pc - 0x8
core   0: 3 0x80013e1c (0xff9ff06f)
core   0: 0x80013e14 (0x00001f17) auipc   t5, 0x1
core   0: 3 0x80013e14 (0x00001f17) x30 0x80014e14
core   0: 0x80013e18 (0x1e3f2623) sw      gp, 492(t5)
core   0: 3 0x80013e18 (0x1e3f2623) mem 0x80015000 0x00000001
core   0: 0x80013e1c (0xff9ff06f) j       pc - 0x8
core   0: 3 0x80013e1c (0xff9ff06f)
core   0: 0x80013e14 (0x00001f17) auipc   t5, 0x1
core   0: 3 0x80013e14 (0x00001f17) x30 0x80014e14
core   0: 0x80013e18 (0x1e3f2623) sw      gp, 492(t5)
core   0: 3 0x80013e18 (0x1e3f2623) mem 0x80015000 0x00000001
core   0: 0x80013e1c (0xff9ff06f) j       pc - 0x8
core   0: 3 0x80013e1c (0xff9ff06f)
core   0: 0x80013e14 (0x00001f17) auipc   t5, 0x1
core   0: 3 0x80013e14 (0x00001f17) x30 0x80014e14
core   0: 0x80013e18 (0x1e3f2623) sw      gp, 492(t5)
core   0: 3 0x80013e18 (0x1e3f2623) mem 0x80015000 0x00000001
core   0: 0x80013e1c (0xff9ff06f) j       pc - 0x8
core   0: 3 0x80013e1c (0xff9ff06f)
core   0: 0x80013e14 (0x00001f17) auipc   t5, 0x1
core   0: 3 0x80013e14 (0x00001f17) x30 0x80014e14
core   0: 0x80013e18 (0x1e3f2623) sw      gp, 492(t5)
core   0: 3 0x80013e18 (0x1e3f2623) mem 0x80015000 0x00000001
core   0: 0x80013e1c (0xff9ff06f) j       pc - 0x8
core   0: 3 0x80013e1c (0xff9ff06f)
core   0: 0x80013e14 (0x00001f17) auipc   t5, 0x1
core   0: 3 0x80013e14 (0x00001f17) x30 0x80014e14
core   0: 0x80013e18 (0x1e3f2623) sw      gp, 492(t5)
core   0: 3 0x80013e18 (0x1e3f2623) mem 0x80015000 0x00000001
core   0: 0x80013e1c (0xff9ff06f) j       pc - 0x8
core   0: 3 0x80013e1c (0xff9ff06f)
core   0: 0x80013e14 (0x00001f17) auipc   t5, 0x1
core   0: 3 0x80013e14 (0x00001f17) x30 0x80014e14
core   0: 0x80013e18 (0x1e3f2623) sw      gp, 492(t5)
core   0: 3 0x80013e18 (0x1e3f2623) mem 0x80015000 0x00000001
core   0: 0x80013e1c (0xff9ff06f) j       pc - 0x8
core   0: 3 0x80013e1c (0xff9ff06f)
core   0: 0x80013e14 (0x00001f17) auipc   t5, 0x1
core   0: 3 0x80013e14 (0x00001f17) x30 0x80014e14
core   0: 0x80013e18 (0x1e3f2623) sw      gp, 492(t5)
core   0: 3 0x80013e18 (0x1e3f2623) mem 0x80015000 0x00000001
core   0: 0x80013e1c (0xff9ff06f) j       pc - 0x8
core   0: 3 0x80013e1c (0xff9ff06f)
core   0: 0x80013e14 (0x00001f17) auipc   t5, 0x1
core   0: 3 0x80013e14 (0x00001f17) x30 0x80014e14
core   0: 0x80013e18 (0x1e3f2623) sw      gp, 492(t5)
core   0: 3 0x80013e18 (0x1e3f2623) mem 0x80015000 0x00000001
core   0: 0x80013e1c (0xff9ff06f) j       pc - 0x8
core   0: 3 0x80013e1c (0xff9ff06f)
core   0: 0x80013e14 (0x00001f17) auipc   t5, 0x1
core   0: 3 0x80013e14 (0x00001f17) x30 0x80014e14
core   0: 0x80013e18 (0x1e3f2623) sw      gp, 492(t5)
core   0: 3 0x80013e18 (0x1e3f2623) mem 0x80015000 0x00000001
core   0: 0x80013e1c (0xff9ff06f) j       pc - 0x8
core   0: 3 0x80013e1c (0xff9ff06f)
core   0: 0x80013e14 (0x00001f17) auipc   t5, 0x1
core   0: 3 0x80013e14 (0x00001f17) x30 0x80014e14
core   0: 0x80013e18 (0x1e3f2623) sw      gp, 492(t5)
core   0: 3 0x80013e18 (0x1e3f2623) mem 0x80015000 0x00000001
core   0: 0x80013e1c (0xff9ff06f) j       pc - 0x8
core   0: 3 0x80013e1c (0xff9ff06f)
core   0: 0x80013e14 (0x00001f17) auipc   t5, 0x1
core   0: 3 0x80013e14 (0x00001f17) x30 0x80014e14
core   0: 0x80013e18 (0x1e3f2623) sw      gp, 492(t5)
core   0: 3 0x80013e18 (0x1e3f2623) mem 0x80015000 0x00000001
core   0: 0x80013e1c (0xff9ff06f) j       pc - 0x8
core   0: 3 0x80013e1c (0xff9ff06f)
core   0: 0x80013e14 (0x00001f17) auipc   t5, 0x1
core   0: 3 0x80013e14 (0x00001f17) x30 0x80014e14
core   0: 0x80013e18 (0x1e3f2623) sw      gp, 492(t5)
core   0: 3 0x80013e18 (0x1e3f2623) mem 0x80015000 0x00000001
core   0: 0x80013e1c (0xff9ff06f) j       pc - 0x8
core   0: 3 0x80013e1c (0xff9ff06f)
core   0: 0x80013e14 (0x00001f17) auipc   t5, 0x1
core   0: 3 0x80013e14 (0x00001f17) x30 0x80014e14
core   0: 0x80013e18 (0x1e3f2623) sw      gp, 492(t5)
core   0: 3 0x80013e18 (0x1e3f2623) mem 0x80015000 0x00000001
core   0: 0x80013e1c (0xff9ff06f) j       pc - 0x8
core   0: 3 0x80013e1c (0xff9ff06f)
core   0: 0x80013e14 (0x00001f17) auipc   t5, 0x1
core   0: 3 0x80013e14 (0x00001f17) x30 0x80014e14
core   0: 0x80013e18 (0x1e3f2623) sw      gp, 492(t5)
core   0: 3 0x80013e18 (0x1e3f2623) mem 0x80015000 0x00000001
core   0: 0x80013e1c (0xff9ff06f) j       pc - 0x8
core   0: 3 0x80013e1c (0xff9ff06f)
core   0: 0x80013e14 (0x00001f17) auipc   t5, 0x1
core   0: 3 0x80013e14 (0x00001f17) x30 0x80014e14
core   0: 0x80013e18 (0x1e3f2623) sw      gp, 492(t5)
core   0: 3 0x80013e18 (0x1e3f2623) mem 0x80015000 0x00000001
core   0: 0x80013e1c (0xff9ff06f) j       pc - 0x8
core   0: 3 0x80013e1c (0xff9ff06f)
core   0: 0x80013e14 (0x00001f17) auipc   t5, 0x1
core   0: 3 0x80013e14 (0x00001f17) x30 0x80014e14
core   0: 0x80013e18 (0x1e3f2623) sw      gp, 492(t5)
core   0: 3 0x80013e18 (0x1e3f2623) mem 0x80015000 0x00000001
core   0: 0x80013e1c (0xff9ff06f) j       pc - 0x8
core   0: 3 0x80013e1c (0xff9ff06f)
core   0: 0x80013e14 (0x00001f17) auipc   t5, 0x1
core   0: 3 0x80013e14 (0x00001f17) x30 0x80014e14
core   0: 0x80013e18 (0x1e3f2623) sw      gp, 492(t5)
core   0: 3 0x80013e18 (0x1e3f2623) mem 0x80015000 0x00000001
core   0: 0x80013e1c (0xff9ff06f) j       pc - 0x8
core   0: 3 0x80013e1c (0xff9ff06f)
core   0: 0x80013e14 (0x00001f17) auipc   t5, 0x1
core   0: 3 0x80013e14 (0x00001f17) x30 0x80014e14
core   0: 0x80013e18 (0x1e3f2623) sw      gp, 492(t5)
core   0: 3 0x80013e18 (0x1e3f2623) mem 0x80015000 0x00000001
core   0: 0x80013e1c (0xff9ff06f) j       pc - 0x8
core   0: 3 0x80013e1c (0xff9ff06f)
core   0: 0x80013e14 (0x00001f17) auipc   t5, 0x1
core   0: 3 0x80013e14 (0x00001f17) x30 0x80014e14
core   0: 0x80013e18 (0x1e3f2623) sw      gp, 492(t5)
core   0: 3 0x80013e18 (0x1e3f2623) mem 0x80015000 0x00000001
core   0: 0x80013e1c (0xff9ff06f) j       pc - 0x8
core   0: 3 0x80013e1c (0xff9ff06f)
core   0: 0x80013e14 (0x00001f17) auipc   t5, 0x1
core   0: 3 0x80013e14 (0x00001f17) x30 0x80014e14
core   0: 0x80013e18 (0x1e3f2623) sw      gp, 492(t5)
core   0: 3 0x80013e18 (0x1e3f2623) mem 0x80015000 0x00000001
core   0: 0x80013e1c (0xff9ff06f) j       pc - 0x8
core   0: 3 0x80013e1c (0xff9ff06f)
core   0: 0x80013e14 (0x00001f17) auipc   t5, 0x1
core   0: 3 0x80013e14 (0x00001f17) x30 0x80014e14
core   0: 0x80013e18 (0x1e3f2623) sw      gp, 492(t5)
core   0: 3 0x80013e18 (0x1e3f2623) mem 0x80015000 0x00000001
core   0: 0x80013e1c (0xff9ff06f) j       pc - 0x8
core   0: 3 0x80013e1c (0xff9ff06f)
core   0: 0x80013e14 (0x00001f17) auipc   t5, 0x1
core   0: 3 0x80013e14 (0x00001f17) x30 0x80014e14
core   0: 0x80013e18 (0x1e3f2623) sw      gp, 492(t5)
core   0: 3 0x80013e18 (0x1e3f2623) mem 0x80015000 0x00000001
core   0: 0x80013e1c (0xff9ff06f) j       pc - 0x8
core   0: 3 0x80013e1c (0xff9ff06f)
core   0: 0x80013e14 (0x00001f17) auipc   t5, 0x1
core   0: 3 0x80013e14 (0x00001f17) x30 0x80014e14
core   0: 0x80013e18 (0x1e3f2623) sw      gp, 492(t5)
core   0: 3 0x80013e18 (0x1e3f2623) mem 0x80015000 0x00000001
core   0: 0x80013e1c (0xff9ff06f) j       pc - 0x8
core   0: 3 0x80013e1c (0xff9ff06f)
core   0: 0x80013e14 (0x00001f17) auipc   t5, 0x1
core   0: 3 0x80013e14 (0x00001f17) x30 0x80014e14
core   0: 0x80013e18 (0x1e3f2623) sw      gp, 492(t5)
core   0: 3 0x80013e18 (0x1e3f2623) mem 0x80015000 0x00000001
core   0: 0x80013e1c (0xff9ff06f) j       pc - 0x8
core   0: 3 0x80013e1c (0xff9ff06f)
core   0: 0x80013e14 (0x00001f17) auipc   t5, 0x1
core   0: 3 0x80013e14 (0x00001f17) x30 0x80014e14
core   0: 0x80013e18 (0x1e3f2623) sw      gp, 492(t5)
core   0: 3 0x80013e18 (0x1e3f2623) mem 0x80015000 0x00000001
core   0: 0x80013e1c (0xff9ff06f) j       pc - 0x8
core   0: 3 0x80013e1c (0xff9ff06f)
core   0: 0x80013e14 (0x00001f17) auipc   t5, 0x1
core   0: 3 0x80013e14 (0x00001f17) x30 0x80014e14
core   0: 0x80013e18 (0x1e3f2623) sw      gp, 492(t5)
core   0: 3 0x80013e18 (0x1e3f2623) mem 0x80015000 0x00000001
core   0: 0x80013e1c (0xff9ff06f) j       pc - 0x8
core   0: 3 0x80013e1c (0xff9ff06f)
core   0: 0x80013e14 (0x00001f17) auipc   t5, 0x1
core   0: 3 0x80013e14 (0x00001f17) x30 0x80014e14
core   0: 0x80013e18 (0x1e3f2623) sw      gp, 492(t5)
core   0: 3 0x80013e18 (0x1e3f2623) mem 0x80015000 0x00000001
core   0: 0x80013e1c (0xff9ff06f) j       pc - 0x8
core   0: 3 0x80013e1c (0xff9ff06f)
core   0: 0x80013e14 (0x00001f17) auipc   t5, 0x1
core   0: 3 0x80013e14 (0x00001f17) x30 0x80014e14
core   0: 0x80013e18 (0x1e3f2623) sw      gp, 492(t5)
core   0: 3 0x80013e18 (0x1e3f2623) mem 0x80015000 0x00000001
core   0: 0x80013e1c (0xff9ff06f) j       pc - 0x8
core   0: 3 0x80013e1c (0xff9ff06f)
core   0: 0x80013e14 (0x00001f17) auipc   t5, 0x1
core   0: 3 0x80013e14 (0x00001f17) x30 0x80014e14
core   0: 0x80013e18 (0x1e3f2623) sw      gp, 492(t5)
core   0: 3 0x80013e18 (0x1e3f2623) mem 0x80015000 0x00000001
core   0: 0x80013e1c (0xff9ff06f) j       pc - 0x8
core   0: 3 0x80013e1c (0xff9ff06f)
core   0: 0x80013e14 (0x00001f17) auipc   t5, 0x1
core   0: 3 0x80013e14 (0x00001f17) x30 0x80014e14
core   0: 0x80013e18 (0x1e3f2623) sw      gp, 492(t5)
core   0: 3 0x80013e18 (0x1e3f2623) mem 0x80015000 0x00000001
core   0: 0x80013e1c (0xff9ff06f) j       pc - 0x8
core   0: 3 0x80013e1c (0xff9ff06f)
core   0: 0x80013e14 (0x00001f17) auipc   t5, 0x1
core   0: 3 0x80013e14 (0x00001f17) x30 0x80014e14
core   0: 0x80013e18 (0x1e3f2623) sw      gp, 492(t5)
core   0: 3 0x80013e18 (0x1e3f2623) mem 0x80015000 0x00000001
core   0: 0x80013e1c (0xff9ff06f) j       pc - 0x8
core   0: 3 0x80013e1c (0xff9ff06f)
core   0: 0x80013e14 (0x00001f17) auipc   t5, 0x1
core   0: 3 0x80013e14 (0x00001f17) x30 0x80014e14
core   0: 0x80013e18 (0x1e3f2623) sw      gp, 492(t5)
core   0: 3 0x80013e18 (0x1e3f2623) mem 0x80015000 0x00000001
core   0: 0x80013e1c (0xff9ff06f) j       pc - 0x8
core   0: 3 0x80013e1c (0xff9ff06f)
core   0: 0x80013e14 (0x00001f17) auipc   t5, 0x1
core   0: 3 0x80013e14 (0x00001f17) x30 0x80014e14
core   0: 0x80013e18 (0x1e3f2623) sw      gp, 492(t5)
core   0: 3 0x80013e18 (0x1e3f2623) mem 0x80015000 0x00000001
core   0: 0x80013e1c (0xff9ff06f) j       pc - 0x8
core   0: 3 0x80013e1c (0xff9ff06f)
core   0: 0x80013e14 (0x00001f17) auipc   t5, 0x1
core   0: 3 0x80013e14 (0x00001f17) x30 0x80014e14
core   0: 0x80013e18 (0x1e3f2623) sw      gp, 492(t5)
core   0: 3 0x80013e18 (0x1e3f2623) mem 0x80015000 0x00000001
core   0: 0x80013e1c (0xff9ff06f) j       pc - 0x8
core   0: 3 0x80013e1c (0xff9ff06f)
core   0: 0x80013e14 (0x00001f17) auipc   t5, 0x1
core   0: 3 0x80013e14 (0x00001f17) x30 0x80014e14
core   0: 0x80013e18 (0x1e3f2623) sw      gp, 492(t5)
core   0: 3 0x80013e18 (0x1e3f2623) mem 0x80015000 0x00000001
core   0: 0x80013e1c (0xff9ff06f) j       pc - 0x8
core   0: 3 0x80013e1c (0xff9ff06f)
core   0: 0x80013e14 (0x00001f17) auipc   t5, 0x1
core   0: 3 0x80013e14 (0x00001f17) x30 0x80014e14
core   0: 0x80013e18 (0x1e3f2623) sw      gp, 492(t5)
core   0: 3 0x80013e18 (0x1e3f2623) mem 0x80015000 0x00000001
core   0: 0x80013e1c (0xff9ff06f) j       pc - 0x8
core   0: 3 0x80013e1c (0xff9ff06f)
core   0: 0x80013e14 (0x00001f17) auipc   t5, 0x1
core   0: 3 0x80013e14 (0x00001f17) x30 0x80014e14
core   0: 0x80013e18 (0x1e3f2623) sw      gp, 492(t5)
core   0: 3 0x80013e18 (0x1e3f2623) mem 0x80015000 0x00000001
core   0: 0x80013e1c (0xff9ff06f) j       pc - 0x8
core   0: 3 0x80013e1c (0xff9ff06f)
core   0: 0x80013e14 (0x00001f17) auipc   t5, 0x1
core   0: 3 0x80013e14 (0x00001f17) x30 0x80014e14
core   0: 0x80013e18 (0x1e3f2623) sw      gp, 492(t5)
core   0: 3 0x80013e18 (0x1e3f2623) mem 0x80015000 0x00000001
core   0: 0x80013e1c (0xff9ff06f) j       pc - 0x8
core   0: 3 0x80013e1c (0xff9ff06f)
core   0: 0x80013e14 (0x00001f17) auipc   t5, 0x1
core   0: 3 0x80013e14 (0x00001f17) x30 0x80014e14
core   0: 0x80013e18 (0x1e3f2623) sw      gp, 492(t5)
core   0: 3 0x80013e18 (0x1e3f2623) mem 0x80015000 0x00000001
core   0: 0x80013e1c (0xff9ff06f) j       pc - 0x8
core   0: 3 0x80013e1c (0xff9ff06f)
core   0: 0x80013e14 (0x00001f17) auipc   t5, 0x1
core   0: 3 0x80013e14 (0x00001f17) x30 0x80014e14
core   0: 0x80013e18 (0x1e3f2623) sw      gp, 492(t5)
core   0: 3 0x80013e18 (0x1e3f2623) mem 0x80015000 0x00000001
core   0: 0x80013e1c (0xff9ff06f) j       pc - 0x8
core   0: 3 0x80013e1c (0xff9ff06f)
core   0: 0x80013e14 (0x00001f17) auipc   t5, 0x1
core   0: 3 0x80013e14 (0x00001f17) x30 0x80014e14
core   0: 0x80013e18 (0x1e3f2623) sw      gp, 492(t5)
core   0: 3 0x80013e18 (0x1e3f2623) mem 0x80015000 0x00000001
core   0: 0x80013e1c (0xff9ff06f) j       pc - 0x8
core   0: 3 0x80013e1c (0xff9ff06f)
core   0: 0x80013e14 (0x00001f17) auipc   t5, 0x1
core   0: 3 0x80013e14 (0x00001f17) x30 0x80014e14
core   0: 0x80013e18 (0x1e3f2623) sw      gp, 492(t5)
core   0: 3 0x80013e18 (0x1e3f2623) mem 0x80015000 0x00000001
core   0: 0x80013e1c (0xff9ff06f) j       pc - 0x8
core   0: 3 0x80013e1c (0xff9ff06f)
core   0: 0x80013e14 (0x00001f17) auipc   t5, 0x1
core   0: 3 0x80013e14 (0x00001f17) x30 0x80014e14
core   0: 0x80013e18 (0x1e3f2623) sw      gp, 492(t5)
core   0: 3 0x80013e18 (0x1e3f2623) mem 0x80015000 0x00000001
core   0: 0x80013e1c (0xff9ff06f) j       pc - 0x8
core   0: 3 0x80013e1c (0xff9ff06f)
core   0: 0x80013e14 (0x00001f17) auipc   t5, 0x1
core   0: 3 0x80013e14 (0x00001f17) x30 0x80014e14
core   0: 0x80013e18 (0x1e3f2623) sw      gp, 492(t5)
core   0: 3 0x80013e18 (0x1e3f2623) mem 0x80015000 0x00000001
core   0: 0x80013e1c (0xff9ff06f) j       pc - 0x8
core   0: 3 0x80013e1c (0xff9ff06f)
core   0: 0x80013e14 (0x00001f17) auipc   t5, 0x1
core   0: 3 0x80013e14 (0x00001f17) x30 0x80014e14
core   0: 0x80013e18 (0x1e3f2623) sw      gp, 492(t5)
core   0: 3 0x80013e18 (0x1e3f2623) mem 0x80015000 0x00000001
core   0: 0x80013e1c (0xff9ff06f) j       pc - 0x8
core   0: 3 0x80013e1c (0xff9ff06f)
core   0: 0x80013e14 (0x00001f17) auipc   t5, 0x1
core   0: 3 0x80013e14 (0x00001f17) x30 0x80014e14
core   0: 0x80013e18 (0x1e3f2623) sw      gp, 492(t5)
core   0: 3 0x80013e18 (0x1e3f2623) mem 0x80015000 0x00000001
core   0: 0x80013e1c (0xff9ff06f) j       pc - 0x8
core   0: 3 0x80013e1c (0xff9ff06f)
core   0: 0x80013e14 (0x00001f17) auipc   t5, 0x1
core   0: 3 0x80013e14 (0x00001f17) x30 0x80014e14
core   0: 0x80013e18 (0x1e3f2623) sw      gp, 492(t5)
core   0: 3 0x80013e18 (0x1e3f2623) mem 0x80015000 0x00000001
core   0: 0x80013e1c (0xff9ff06f) j       pc - 0x8
core   0: 3 0x80013e1c (0xff9ff06f)
core   0: 0x80013e14 (0x00001f17) auipc   t5, 0x1
core   0: 3 0x80013e14 (0x00001f17) x30 0x80014e14
core   0: 0x80013e18 (0x1e3f2623) sw      gp, 492(t5)
core   0: 3 0x80013e18 (0x1e3f2623) mem 0x80015000 0x00000001
core   0: 0x80013e1c (0xff9ff06f) j       pc - 0x8
core   0: 3 0x80013e1c (0xff9ff06f)
core   0: 0x80013e14 (0x00001f17) auipc   t5, 0x1
core   0: 3 0x80013e14 (0x00001f17) x30 0x80014e14
core   0: 0x80013e18 (0x1e3f2623) sw      gp, 492(t5)
core   0: 3 0x80013e18 (0x1e3f2623) mem 0x80015000 0x00000001
core   0: 0x80013e1c (0xff9ff06f) j       pc - 0x8
core   0: 3 0x80013e1c (0xff9ff06f)
core   0: 0x80013e14 (0x00001f17) auipc   t5, 0x1
core   0: 3 0x80013e14 (0x00001f17) x30 0x80014e14
core   0: 0x80013e18 (0x1e3f2623) sw      gp, 492(t5)
core   0: 3 0x80013e18 (0x1e3f2623) mem 0x80015000 0x00000001
core   0: 0x80013e1c (0xff9ff06f) j       pc - 0x8
core   0: 3 0x80013e1c (0xff9ff06f)
core   0: 0x80013e14 (0x00001f17) auipc   t5, 0x1
core   0: 3 0x80013e14 (0x00001f17) x30 0x80014e14
core   0: 0x80013e18 (0x1e3f2623) sw      gp, 492(t5)
core   0: 3 0x80013e18 (0x1e3f2623) mem 0x80015000 0x00000001
core   0: 0x80013e1c (0xff9ff06f) j       pc - 0x8
core   0: 3 0x80013e1c (0xff9ff06f)
core   0: 0x80013e14 (0x00001f17) auipc   t5, 0x1
core   0: 3 0x80013e14 (0x00001f17) x30 0x80014e14
core   0: 0x80013e18 (0x1e3f2623) sw      gp, 492(t5)
core   0: 3 0x80013e18 (0x1e3f2623) mem 0x80015000 0x00000001
core   0: 0x80013e1c (0xff9ff06f) j       pc - 0x8
core   0: 3 0x80013e1c (0xff9ff06f)
core   0: 0x80013e14 (0x00001f17) auipc   t5, 0x1
core   0: 3 0x80013e14 (0x00001f17) x30 0x80014e14
core   0: 0x80013e18 (0x1e3f2623) sw      gp, 492(t5)
core   0: 3 0x80013e18 (0x1e3f2623) mem 0x80015000 0x00000001
core   0: 0x80013e1c (0xff9ff06f) j       pc - 0x8
core   0: 3 0x80013e1c (0xff9ff06f)
core   0: 0x80013e14 (0x00001f17) auipc   t5, 0x1
core   0: 3 0x80013e14 (0x00001f17) x30 0x80014e14
core   0: 0x80013e18 (0x1e3f2623) sw      gp, 492(t5)
core   0: 3 0x80013e18 (0x1e3f2623) mem 0x80015000 0x00000001
core   0: 0x80013e1c (0xff9ff06f) j       pc - 0x8
core   0: 3 0x80013e1c (0xff9ff06f)
core   0: 0x80013e14 (0x00001f17) auipc   t5, 0x1
core   0: 3 0x80013e14 (0x00001f17) x30 0x80014e14
core   0: 0x80013e18 (0x1e3f2623) sw      gp, 492(t5)
core   0: 3 0x80013e18 (0x1e3f2623) mem 0x80015000 0x00000001
core   0: 0x80013e1c (0xff9ff06f) j       pc - 0x8
core   0: 3 0x80013e1c (0xff9ff06f)
core   0: 0x80013e14 (0x00001f17) auipc   t5, 0x1
core   0: 3 0x80013e14 (0x00001f17) x30 0x80014e14
core   0: 0x80013e18 (0x1e3f2623) sw      gp, 492(t5)
core   0: 3 0x80013e18 (0x1e3f2623) mem 0x80015000 0x00000001
core   0: 0x80013e1c (0xff9ff06f) j       pc - 0x8
core   0: 3 0x80013e1c (0xff9ff06f)
core   0: 0x80013e14 (0x00001f17) auipc   t5, 0x1
core   0: 3 0x80013e14 (0x00001f17) x30 0x80014e14
core   0: 0x80013e18 (0x1e3f2623) sw      gp, 492(t5)
core   0: 3 0x80013e18 (0x1e3f2623) mem 0x80015000 0x00000001
core   0: 0x80013e1c (0xff9ff06f) j       pc - 0x8
core   0: 3 0x80013e1c (0xff9ff06f)
core   0: 0x80013e14 (0x00001f17) auipc   t5, 0x1
core   0: 3 0x80013e14 (0x00001f17) x30 0x80014e14
core   0: 0x80013e18 (0x1e3f2623) sw      gp, 492(t5)
core   0: 3 0x80013e18 (0x1e3f2623) mem 0x80015000 0x00000001
core   0: 0x80013e1c (0xff9ff06f) j       pc - 0x8
core   0: 3 0x80013e1c (0xff9ff06f)
core   0: 0x80013e14 (0x00001f17) auipc   t5, 0x1
core   0: 3 0x80013e14 (0x00001f17) x30 0x80014e14
core   0: 0x80013e18 (0x1e3f2623) sw      gp, 492(t5)
core   0: 3 0x80013e18 (0x1e3f2623) mem 0x80015000 0x00000001
core   0: 0x80013e1c (0xff9ff06f) j       pc - 0x8
core   0: 3 0x80013e1c (0xff9ff06f)
core   0: 0x80013e14 (0x00001f17) auipc   t5, 0x1
core   0: 3 0x80013e14 (0x00001f17) x30 0x80014e14
core   0: 0x80013e18 (0x1e3f2623) sw      gp, 492(t5)
core   0: 3 0x80013e18 (0x1e3f2623) mem 0x80015000 0x00000001
core   0: 0x80013e1c (0xff9ff06f) j       pc - 0x8
core   0: 3 0x80013e1c (0xff9ff06f)
core   0: 0x80013e14 (0x00001f17) auipc   t5, 0x1
core   0: 3 0x80013e14 (0x00001f17) x30 0x80014e14
core   0: 0x80013e18 (0x1e3f2623) sw      gp, 492(t5)
core   0: 3 0x80013e18 (0x1e3f2623) mem 0x80015000 0x00000001
core   0: 0x80013e1c (0xff9ff06f) j       pc - 0x8
core   0: 3 0x80013e1c (0xff9ff06f)
core   0: 0x80013e14 (0x00001f17) auipc   t5, 0x1
core   0: 3 0x80013e14 (0x00001f17) x30 0x80014e14
core   0: 0x80013e18 (0x1e3f2623) sw      gp, 492(t5)
core   0: 3 0x80013e18 (0x1e3f2623) mem 0x80015000 0x00000001
core   0: 0x80013e1c (0xff9ff06f) j       pc - 0x8
core   0: 3 0x80013e1c (0xff9ff06f)
core   0: 0x80013e14 (0x00001f17) auipc   t5, 0x1
core   0: 3 0x80013e14 (0x00001f17) x30 0x80014e14
core   0: 0x80013e18 (0x1e3f2623) sw      gp, 492(t5)
core   0: 3 0x80013e18 (0x1e3f2623) mem 0x80015000 0x00000001
core   0: 0x80013e1c (0xff9ff06f) j       pc - 0x8
core   0: 3 0x80013e1c (0xff9ff06f)
core   0: 0x80013e14 (0x00001f17) auipc   t5, 0x1
core   0: 3 0x80013e14 (0x00001f17) x30 0x80014e14
core   0: 0x80013e18 (0x1e3f2623) sw      gp, 492(t5)
core   0: 3 0x80013e18 (0x1e3f2623) mem 0x80015000 0x00000001
core   0: 0x80013e1c (0xff9ff06f) j       pc - 0x8
core   0: 3 0x80013e1c (0xff9ff06f)
core   0: 0x80013e14 (0x00001f17) auipc   t5, 0x1
core   0: 3 0x80013e14 (0x00001f17) x30 0x80014e14
core   0: 0x80013e18 (0x1e3f2623) sw      gp, 492(t5)
core   0: 3 0x80013e18 (0x1e3f2623) mem 0x80015000 0x00000001
core   0: 0x80013e1c (0xff9ff06f) j       pc - 0x8
core   0: 3 0x80013e1c (0xff9ff06f)
core   0: 0x80013e14 (0x00001f17) auipc   t5, 0x1
core   0: 3 0x80013e14 (0x00001f17) x30 0x80014e14
core   0: 0x80013e18 (0x1e3f2623) sw      gp, 492(t5)
core   0: 3 0x80013e18 (0x1e3f2623) mem 0x80015000 0x00000001
core   0: 0x80013e1c (0xff9ff06f) j       pc - 0x8
core   0: 3 0x80013e1c (0xff9ff06f)
core   0: 0x80013e14 (0x00001f17) auipc   t5, 0x1
core   0: 3 0x80013e14 (0x00001f17) x30 0x80014e14
core   0: 0x80013e18 (0x1e3f2623) sw      gp, 492(t5)
core   0: 3 0x80013e18 (0x1e3f2623) mem 0x80015000 0x00000001
core   0: 0x80013e1c (0xff9ff06f) j       pc - 0x8
core   0: 3 0x80013e1c (0xff9ff06f)
core   0: 0x80013e14 (0x00001f17) auipc   t5, 0x1
core   0: 3 0x80013e14 (0x00001f17) x30 0x80014e14
core   0: 0x80013e18 (0x1e3f2623) sw      gp, 492(t5)
core   0: 3 0x80013e18 (0x1e3f2623) mem 0x80015000 0x00000001
core   0: 0x80013e1c (0xff9ff06f) j       pc - 0x8
core   0: 3 0x80013e1c (0xff9ff06f)
core   0: 0x80013e14 (0x00001f17) auipc   t5, 0x1
core   0: 3 0x80013e14 (0x00001f17) x30 0x80014e14
core   0: 0x80013e18 (0x1e3f2623) sw      gp, 492(t5)
core   0: 3 0x80013e18 (0x1e3f2623) mem 0x80015000 0x00000001
core   0: 0x80013e1c (0xff9ff06f) j       pc - 0x8
core   0: 3 0x80013e1c (0xff9ff06f)
core   0: 0x80013e14 (0x00001f17) auipc   t5, 0x1
core   0: 3 0x80013e14 (0x00001f17) x30 0x80014e14
core   0: 0x80013e18 (0x1e3f2623) sw      gp, 492(t5)
core   0: 3 0x80013e18 (0x1e3f2623) mem 0x80015000 0x00000001
core   0: 0x80013e1c (0xff9ff06f) j       pc - 0x8
core   0: 3 0x80013e1c (0xff9ff06f)
core   0: 0x80013e14 (0x00001f17) auipc   t5, 0x1
core   0: 3 0x80013e14 (0x00001f17) x30 0x80014e14
core   0: 0x80013e18 (0x1e3f2623) sw      gp, 492(t5)
core   0: 3 0x80013e18 (0x1e3f2623) mem 0x80015000 0x00000001
core   0: 0x80013e1c (0xff9ff06f) j       pc - 0x8
core   0: 3 0x80013e1c (0xff9ff06f)
core   0: 0x80013e14 (0x00001f17) auipc   t5, 0x1
core   0: 3 0x80013e14 (0x00001f17) x30 0x80014e14
core   0: 0x80013e18 (0x1e3f2623) sw      gp, 492(t5)
core   0: 3 0x80013e18 (0x1e3f2623) mem 0x80015000 0x00000001
core   0: 0x80013e1c (0xff9ff06f) j       pc - 0x8
core   0: 3 0x80013e1c (0xff9ff06f)
core   0: 0x80013e14 (0x00001f17) auipc   t5, 0x1
core   0: 3 0x80013e14 (0x00001f17) x30 0x80014e14
core   0: 0x80013e18 (0x1e3f2623) sw      gp, 492(t5)
core   0: 3 0x80013e18 (0x1e3f2623) mem 0x80015000 0x00000001
core   0: 0x80013e1c (0xff9ff06f) j       pc - 0x8
core   0: 3 0x80013e1c (0xff9ff06f)
core   0: 0x80013e14 (0x00001f17) auipc   t5, 0x1
core   0: 3 0x80013e14 (0x00001f17) x30 0x80014e14
core   0: 0x80013e18 (0x1e3f2623) sw      gp, 492(t5)
core   0: 3 0x80013e18 (0x1e3f2623) mem 0x80015000 0x00000001
core   0: 0x80013e1c (0xff9ff06f) j       pc - 0x8
core   0: 3 0x80013e1c (0xff9ff06f)
core   0: 0x80013e14 (0x00001f17) auipc   t5, 0x1
core   0: 3 0x80013e14 (0x00001f17) x30 0x80014e14
core   0: 0x80013e18 (0x1e3f2623) sw      gp, 492(t5)
core   0: 3 0x80013e18 (0x1e3f2623) mem 0x80015000 0x00000001
core   0: 0x80013e1c (0xff9ff06f) j       pc - 0x8
core   0: 3 0x80013e1c (0xff9ff06f)
core   0: 0x80013e14 (0x00001f17) auipc   t5, 0x1
core   0: 3 0x80013e14 (0x00001f17) x30 0x80014e14
core   0: 0x80013e18 (0x1e3f2623) sw      gp, 492(t5)
core   0: 3 0x80013e18 (0x1e3f2623) mem 0x80015000 0x00000001
core   0: 0x80013e1c (0xff9ff06f) j       pc - 0x8
core   0: 3 0x80013e1c (0xff9ff06f)
core   0: 0x80013e14 (0x00001f17) auipc   t5, 0x1
core   0: 3 0x80013e14 (0x00001f17) x30 0x80014e14
core   0: 0x80013e18 (0x1e3f2623) sw      gp, 492(t5)
core   0: 3 0x80013e18 (0x1e3f2623) mem 0x80015000 0x00000001
core   0: 0x80013e1c (0xff9ff06f) j       pc - 0x8
core   0: 3 0x80013e1c (0xff9ff06f)
core   0: 0x80013e14 (0x00001f17) auipc   t5, 0x1
core   0: 3 0x80013e14 (0x00001f17) x30 0x80014e14
core   0: 0x80013e18 (0x1e3f2623) sw      gp, 492(t5)
core   0: 3 0x80013e18 (0x1e3f2623) mem 0x80015000 0x00000001
core   0: 0x80013e1c (0xff9ff06f) j       pc - 0x8
core   0: 3 0x80013e1c (0xff9ff06f)
core   0: 0x80013e14 (0x00001f17) auipc   t5, 0x1
core   0: 3 0x80013e14 (0x00001f17) x30 0x80014e14
core   0: 0x80013e18 (0x1e3f2623) sw      gp, 492(t5)
core   0: 3 0x80013e18 (0x1e3f2623) mem 0x80015000 0x00000001
core   0: 0x80013e1c (0xff9ff06f) j       pc - 0x8
core   0: 3 0x80013e1c (0xff9ff06f)
core   0: 0x80013e14 (0x00001f17) auipc   t5, 0x1
core   0: 3 0x80013e14 (0x00001f17) x30 0x80014e14
core   0: 0x80013e18 (0x1e3f2623) sw      gp, 492(t5)
core   0: 3 0x80013e18 (0x1e3f2623) mem 0x80015000 0x00000001
core   0: 0x80013e1c (0xff9ff06f) j       pc - 0x8
core   0: 3 0x80013e1c (0xff9ff06f)
core   0: 0x80013e14 (0x00001f17) auipc   t5, 0x1
core   0: 3 0x80013e14 (0x00001f17) x30 0x80014e14
core   0: 0x80013e18 (0x1e3f2623) sw      gp, 492(t5)
core   0: 3 0x80013e18 (0x1e3f2623) mem 0x80015000 0x00000001
core   0: 0x80013e1c (0xff9ff06f) j       pc - 0x8
core   0: 3 0x80013e1c (0xff9ff06f)
core   0: 0x80013e14 (0x00001f17) auipc   t5, 0x1
core   0: 3 0x80013e14 (0x00001f17) x30 0x80014e14
core   0: 0x80013e18 (0x1e3f2623) sw      gp, 492(t5)
core   0: 3 0x80013e18 (0x1e3f2623) mem 0x80015000 0x00000001
core   0: 0x80013e1c (0xff9ff06f) j       pc - 0x8
core   0: 3 0x80013e1c (0xff9ff06f)
core   0: 0x80013e14 (0x00001f17) auipc   t5, 0x1
core   0: 3 0x80013e14 (0x00001f17) x30 0x80014e14
core   0: 0x80013e18 (0x1e3f2623) sw      gp, 492(t5)
core   0: 3 0x80013e18 (0x1e3f2623) mem 0x80015000 0x00000001
core   0: 0x80013e1c (0xff9ff06f) j       pc - 0x8
core   0: 3 0x80013e1c (0xff9ff06f)
core   0: 0x80013e14 (0x00001f17) auipc   t5, 0x1
core   0: 3 0x80013e14 (0x00001f17) x30 0x80014e14
core   0: 0x80013e18 (0x1e3f2623) sw      gp, 492(t5)
core   0: 3 0x80013e18 (0x1e3f2623) mem 0x80015000 0x00000001
core   0: 0x80013e1c (0xff9ff06f) j       pc - 0x8
core   0: 3 0x80013e1c (0xff9ff06f)
core   0: 0x80013e14 (0x00001f17) auipc   t5, 0x1
core   0: 3 0x80013e14 (0x00001f17) x30 0x80014e14
core   0: 0x80013e18 (0x1e3f2623) sw      gp, 492(t5)
core   0: 3 0x80013e18 (0x1e3f2623) mem 0x80015000 0x00000001
core   0: 0x80013e1c (0xff9ff06f) j       pc - 0x8
core   0: 3 0x80013e1c (0xff9ff06f)
core   0: 0x80013e14 (0x00001f17) auipc   t5, 0x1
core   0: 3 0x80013e14 (0x00001f17) x30 0x80014e14
core   0: 0x80013e18 (0x1e3f2623) sw      gp, 492(t5)
core   0: 3 0x80013e18 (0x1e3f2623) mem 0x80015000 0x00000001
core   0: 0x80013e1c (0xff9ff06f) j       pc - 0x8
core   0: 3 0x80013e1c (0xff9ff06f)
core   0: 0x80013e14 (0x00001f17) auipc   t5, 0x1
core   0: 3 0x80013e14 (0x00001f17) x30 0x80014e14
core   0: 0x80013e18 (0x1e3f2623) sw      gp, 492(t5)
core   0: 3 0x80013e18 (0x1e3f2623) mem 0x80015000 0x00000001
core   0: 0x80013e1c (0xff9ff06f) j       pc - 0x8
core   0: 3 0x80013e1c (0xff9ff06f)
core   0: 0x80013e14 (0x00001f17) auipc   t5, 0x1
core   0: 3 0x80013e14 (0x00001f17) x30 0x80014e14
core   0: 0x80013e18 (0x1e3f2623) sw      gp, 492(t5)
core   0: 3 0x80013e18 (0x1e3f2623) mem 0x80015000 0x00000001
core   0: 0x80013e1c (0xff9ff06f) j       pc - 0x8
core   0: 3 0x80013e1c (0xff9ff06f)
core   0: 0x80013e14 (0x00001f17) auipc   t5, 0x1
core   0: 3 0x80013e14 (0x00001f17) x30 0x80014e14
core   0: 0x80013e18 (0x1e3f2623) sw      gp, 492(t5)
core   0: 3 0x80013e18 (0x1e3f2623) mem 0x80015000 0x00000001
core   0: 0x80013e1c (0xff9ff06f) j       pc - 0x8
core   0: 3 0x80013e1c (0xff9ff06f)
core   0: 0x80013e14 (0x00001f17) auipc   t5, 0x1
core   0: 3 0x80013e14 (0x00001f17) x30 0x80014e14
core   0: 0x80013e18 (0x1e3f2623) sw      gp, 492(t5)
core   0: 3 0x80013e18 (0x1e3f2623) mem 0x80015000 0x00000001
core   0: 0x80013e1c (0xff9ff06f) j       pc - 0x8
core   0: 3 0x80013e1c (0xff9ff06f)
core   0: 0x80013e14 (0x00001f17) auipc   t5, 0x1
core   0: 3 0x80013e14 (0x00001f17) x30 0x80014e14
core   0: 0x80013e18 (0x1e3f2623) sw      gp, 492(t5)
core   0: 3 0x80013e18 (0x1e3f2623) mem 0x80015000 0x00000001
core   0: 0x80013e1c (0xff9ff06f) j       pc - 0x8
core   0: 3 0x80013e1c (0xff9ff06f)
core   0: 0x80013e14 (0x00001f17) auipc   t5, 0x1
core   0: 3 0x80013e14 (0x00001f17) x30 0x80014e14
core   0: 0x80013e18 (0x1e3f2623) sw      gp, 492(t5)
core   0: 3 0x80013e18 (0x1e3f2623) mem 0x80015000 0x00000001
core   0: 0x80013e1c (0xff9ff06f) j       pc - 0x8
core   0: 3 0x80013e1c (0xff9ff06f)
core   0: 0x80013e14 (0x00001f17) auipc   t5, 0x1
core   0: 3 0x80013e14 (0x00001f17) x30 0x80014e14
core   0: 0x80013e18 (0x1e3f2623) sw      gp, 492(t5)
core   0: 3 0x80013e18 (0x1e3f2623) mem 0x80015000 0x00000001
core   0: 0x80013e1c (0xff9ff06f) j       pc - 0x8
core   0: 3 0x80013e1c (0xff9ff06f)
core   0: 0x80013e14 (0x00001f17) auipc   t5, 0x1
core   0: 3 0x80013e14 (0x00001f17) x30 0x80014e14
core   0: 0x80013e18 (0x1e3f2623) sw      gp, 492(t5)
core   0: 3 0x80013e18 (0x1e3f2623) mem 0x80015000 0x00000001
core   0: 0x80013e1c (0xff9ff06f) j       pc - 0x8
core   0: 3 0x80013e1c (0xff9ff06f)
core   0: 0x80013e14 (0x00001f17) auipc   t5, 0x1
core   0: 3 0x80013e14 (0x00001f17) x30 0x80014e14
core   0: 0x80013e18 (0x1e3f2623) sw      gp, 492(t5)
core   0: 3 0x80013e18 (0x1e3f2623) mem 0x80015000 0x00000001
core   0: 0x80013e1c (0xff9ff06f) j       pc - 0x8
core   0: 3 0x80013e1c (0xff9ff06f)
core   0: 0x80013e14 (0x00001f17) auipc   t5, 0x1
core   0: 3 0x80013e14 (0x00001f17) x30 0x80014e14
core   0: 0x80013e18 (0x1e3f2623) sw      gp, 492(t5)
core   0: 3 0x80013e18 (0x1e3f2623) mem 0x80015000 0x00000001
core   0: 0x80013e1c (0xff9ff06f) j       pc - 0x8
core   0: 3 0x80013e1c (0xff9ff06f)
core   0: 0x80013e14 (0x00001f17) auipc   t5, 0x1
core   0: 3 0x80013e14 (0x00001f17) x30 0x80014e14
core   0: 0x80013e18 (0x1e3f2623) sw      gp, 492(t5)
core   0: 3 0x80013e18 (0x1e3f2623) mem 0x80015000 0x00000001
core   0: 0x80013e1c (0xff9ff06f) j       pc - 0x8
core   0: 3 0x80013e1c (0xff9ff06f)
core   0: 0x80013e14 (0x00001f17) auipc   t5, 0x1
core   0: 3 0x80013e14 (0x00001f17) x30 0x80014e14
core   0: 0x80013e18 (0x1e3f2623) sw      gp, 492(t5)
core   0: 3 0x80013e18 (0x1e3f2623) mem 0x80015000 0x00000001
core   0: 0x80013e1c (0xff9ff06f) j       pc - 0x8
core   0: 3 0x80013e1c (0xff9ff06f)
core   0: 0x80013e14 (0x00001f17) auipc   t5, 0x1
core   0: 3 0x80013e14 (0x00001f17) x30 0x80014e14
core   0: 0x80013e18 (0x1e3f2623) sw      gp, 492(t5)
core   0: 3 0x80013e18 (0x1e3f2623) mem 0x80015000 0x00000001
core   0: 0x80013e1c (0xff9ff06f) j       pc - 0x8
core   0: 3 0x80013e1c (0xff9ff06f)
core   0: 0x80013e14 (0x00001f17) auipc   t5, 0x1
core   0: 3 0x80013e14 (0x00001f17) x30 0x80014e14
core   0: 0x80013e18 (0x1e3f2623) sw      gp, 492(t5)
core   0: 3 0x80013e18 (0x1e3f2623) mem 0x80015000 0x00000001
core   0: 0x80013e1c (0xff9ff06f) j       pc - 0x8
core   0: 3 0x80013e1c (0xff9ff06f)
core   0: 0x80013e14 (0x00001f17) auipc   t5, 0x1
core   0: 3 0x80013e14 (0x00001f17) x30 0x80014e14
core   0: 0x80013e18 (0x1e3f2623) sw      gp, 492(t5)
core   0: 3 0x80013e18 (0x1e3f2623) mem 0x80015000 0x00000001
core   0: 0x80013e1c (0xff9ff06f) j       pc - 0x8
core   0: 3 0x80013e1c (0xff9ff06f)
core   0: 0x80013e14 (0x00001f17) auipc   t5, 0x1
core   0: 3 0x80013e14 (0x00001f17) x30 0x80014e14
core   0: 0x80013e18 (0x1e3f2623) sw      gp, 492(t5)
core   0: 3 0x80013e18 (0x1e3f2623) mem 0x80015000 0x00000001
core   0: 0x80013e1c (0xff9ff06f) j       pc - 0x8
core   0: 3 0x80013e1c (0xff9ff06f)
core   0: 0x80013e14 (0x00001f17) auipc   t5, 0x1
core   0: 3 0x80013e14 (0x00001f17) x30 0x80014e14
core   0: 0x80013e18 (0x1e3f2623) sw      gp, 492(t5)
core   0: 3 0x80013e18 (0x1e3f2623) mem 0x80015000 0x00000001
core   0: 0x80013e1c (0xff9ff06f) j       pc - 0x8
core   0: 3 0x80013e1c (0xff9ff06f)
core   0: 0x80013e14 (0x00001f17) auipc   t5, 0x1
core   0: 3 0x80013e14 (0x00001f17) x30 0x80014e14
core   0: 0x80013e18 (0x1e3f2623) sw      gp, 492(t5)
core   0: 3 0x80013e18 (0x1e3f2623) mem 0x80015000 0x00000001
core   0: 0x80013e1c (0xff9ff06f) j       pc - 0x8
core   0: 3 0x80013e1c (0xff9ff06f)
core   0: 0x80013e14 (0x00001f17) auipc   t5, 0x1
core   0: 3 0x80013e14 (0x00001f17) x30 0x80014e14
core   0: 0x80013e18 (0x1e3f2623) sw      gp, 492(t5)
core   0: 3 0x80013e18 (0x1e3f2623) mem 0x80015000 0x00000001
core   0: 0x80013e1c (0xff9ff06f) j       pc - 0x8
core   0: 3 0x80013e1c (0xff9ff06f)
core   0: 0x80013e14 (0x00001f17) auipc   t5, 0x1
core   0: 3 0x80013e14 (0x00001f17) x30 0x80014e14
core   0: 0x80013e18 (0x1e3f2623) sw      gp, 492(t5)
core   0: 3 0x80013e18 (0x1e3f2623) mem 0x80015000 0x00000001
core   0: 0x80013e1c (0xff9ff06f) j       pc - 0x8
core   0: 3 0x80013e1c (0xff9ff06f)
core   0: 0x80013e14 (0x00001f17) auipc   t5, 0x1
core   0: 3 0x80013e14 (0x00001f17) x30 0x80014e14
core   0: 0x80013e18 (0x1e3f2623) sw      gp, 492(t5)
core   0: 3 0x80013e18 (0x1e3f2623) mem 0x80015000 0x00000001
core   0: 0x80013e1c (0xff9ff06f) j       pc - 0x8
core   0: 3 0x80013e1c (0xff9ff06f)
core   0: 0x80013e14 (0x00001f17) auipc   t5, 0x1
core   0: 3 0x80013e14 (0x00001f17) x30 0x80014e14
core   0: 0x80013e18 (0x1e3f2623) sw      gp, 492(t5)
core   0: 3 0x80013e18 (0x1e3f2623) mem 0x80015000 0x00000001
core   0: 0x80013e1c (0xff9ff06f) j       pc - 0x8
core   0: 3 0x80013e1c (0xff9ff06f)
core   0: 0x80013e14 (0x00001f17) auipc   t5, 0x1
core   0: 3 0x80013e14 (0x00001f17) x30 0x80014e14
core   0: 0x80013e18 (0x1e3f2623) sw      gp, 492(t5)
core   0: 3 0x80013e18 (0x1e3f2623) mem 0x80015000 0x00000001
core   0: 0x80013e1c (0xff9ff06f) j       pc - 0x8
core   0: 3 0x80013e1c (0xff9ff06f)
core   0: 0x80013e14 (0x00001f17) auipc   t5, 0x1
core   0: 3 0x80013e14 (0x00001f17) x30 0x80014e14
core   0: 0x80013e18 (0x1e3f2623) sw      gp, 492(t5)
core   0: 3 0x80013e18 (0x1e3f2623) mem 0x80015000 0x00000001
core   0: 0x80013e1c (0xff9ff06f) j       pc - 0x8
core   0: 3 0x80013e1c (0xff9ff06f)
core   0: 0x80013e14 (0x00001f17) auipc   t5, 0x1
core   0: 3 0x80013e14 (0x00001f17) x30 0x80014e14
core   0: 0x80013e18 (0x1e3f2623) sw      gp, 492(t5)
core   0: 3 0x80013e18 (0x1e3f2623) mem 0x80015000 0x00000001
core   0: 0x80013e1c (0xff9ff06f) j       pc - 0x8
core   0: 3 0x80013e1c (0xff9ff06f)
core   0: 0x80013e14 (0x00001f17) auipc   t5, 0x1
core   0: 3 0x80013e14 (0x00001f17) x30 0x80014e14
core   0: 0x80013e18 (0x1e3f2623) sw      gp, 492(t5)
core   0: 3 0x80013e18 (0x1e3f2623) mem 0x80015000 0x00000001
core   0: 0x80013e1c (0xff9ff06f) j       pc - 0x8
core   0: 3 0x80013e1c (0xff9ff06f)
core   0: 0x80013e14 (0x00001f17) auipc   t5, 0x1
core   0: 3 0x80013e14 (0x00001f17) x30 0x80014e14
core   0: 0x80013e18 (0x1e3f2623) sw      gp, 492(t5)
core   0: 3 0x80013e18 (0x1e3f2623) mem 0x80015000 0x00000001
core   0: 0x80013e1c (0xff9ff06f) j       pc - 0x8
core   0: 3 0x80013e1c (0xff9ff06f)
core   0: 0x80013e14 (0x00001f17) auipc   t5, 0x1
core   0: 3 0x80013e14 (0x00001f17) x30 0x80014e14
core   0: 0x80013e18 (0x1e3f2623) sw      gp, 492(t5)
core   0: 3 0x80013e18 (0x1e3f2623) mem 0x80015000 0x00000001
core   0: 0x80013e1c (0xff9ff06f) j       pc - 0x8
core   0: 3 0x80013e1c (0xff9ff06f)
core   0: 0x80013e14 (0x00001f17) auipc   t5, 0x1
core   0: 3 0x80013e14 (0x00001f17) x30 0x80014e14
core   0: 0x80013e18 (0x1e3f2623) sw      gp, 492(t5)
core   0: 3 0x80013e18 (0x1e3f2623) mem 0x80015000 0x00000001
core   0: 0x80013e1c (0xff9ff06f) j       pc - 0x8
core   0: 3 0x80013e1c (0xff9ff06f)
core   0: 0x80013e14 (0x00001f17) auipc   t5, 0x1
core   0: 3 0x80013e14 (0x00001f17) x30 0x80014e14
core   0: 0x80013e18 (0x1e3f2623) sw      gp, 492(t5)
core   0: 3 0x80013e18 (0x1e3f2623) mem 0x80015000 0x00000001
core   0: 0x80013e1c (0xff9ff06f) j       pc - 0x8
core   0: 3 0x80013e1c (0xff9ff06f)
core   0: 0x80013e14 (0x00001f17) auipc   t5, 0x1
core   0: 3 0x80013e14 (0x00001f17) x30 0x80014e14
core   0: 0x80013e18 (0x1e3f2623) sw      gp, 492(t5)
core   0: 3 0x80013e18 (0x1e3f2623) mem 0x80015000 0x00000001
core   0: 0x80013e1c (0xff9ff06f) j       pc - 0x8
core   0: 3 0x80013e1c (0xff9ff06f)
core   0: 0x80013e14 (0x00001f17) auipc   t5, 0x1
core   0: 3 0x80013e14 (0x00001f17) x30 0x80014e14
core   0: 0x80013e18 (0x1e3f2623) sw      gp, 492(t5)
core   0: 3 0x80013e18 (0x1e3f2623) mem 0x80015000 0x00000001
core   0: 0x80013e1c (0xff9ff06f) j       pc - 0x8
core   0: 3 0x80013e1c (0xff9ff06f)
core   0: 0x80013e14 (0x00001f17) auipc   t5, 0x1
core   0: 3 0x80013e14 (0x00001f17) x30 0x80014e14
core   0: 0x80013e18 (0x1e3f2623) sw      gp, 492(t5)
core   0: 3 0x80013e18 (0x1e3f2623) mem 0x80015000 0x00000001
core   0: 0x80013e1c (0xff9ff06f) j       pc - 0x8
core   0: 3 0x80013e1c (0xff9ff06f)
core   0: 0x80013e14 (0x00001f17) auipc   t5, 0x1
core   0: 3 0x80013e14 (0x00001f17) x30 0x80014e14
core   0: 0x80013e18 (0x1e3f2623) sw      gp, 492(t5)
core   0: 3 0x80013e18 (0x1e3f2623) mem 0x80015000 0x00000001
core   0: 0x80013e1c (0xff9ff06f) j       pc - 0x8
core   0: 3 0x80013e1c (0xff9ff06f)
core   0: 0x80013e14 (0x00001f17) auipc   t5, 0x1
core   0: 3 0x80013e14 (0x00001f17) x30 0x80014e14
core   0: 0x80013e18 (0x1e3f2623) sw      gp, 492(t5)
core   0: 3 0x80013e18 (0x1e3f2623) mem 0x80015000 0x00000001
core   0: 0x80013e1c (0xff9ff06f) j       pc - 0x8
core   0: 3 0x80013e1c (0xff9ff06f)
core   0: 0x80013e14 (0x00001f17) auipc   t5, 0x1
core   0: 3 0x80013e14 (0x00001f17) x30 0x80014e14
core   0: 0x80013e18 (0x1e3f2623) sw      gp, 492(t5)
core   0: 3 0x80013e18 (0x1e3f2623) mem 0x80015000 0x00000001
core   0: 0x80013e1c (0xff9ff06f) j       pc - 0x8
core   0: 3 0x80013e1c (0xff9ff06f)
core   0: 0x80013e14 (0x00001f17) auipc   t5, 0x1
core   0: 3 0x80013e14 (0x00001f17) x30 0x80014e14
core   0: 0x80013e18 (0x1e3f2623) sw      gp, 492(t5)
core   0: 3 0x80013e18 (0x1e3f2623) mem 0x80015000 0x00000001
core   0: 0x80013e1c (0xff9ff06f) j       pc - 0x8
core   0: 3 0x80013e1c (0xff9ff06f)
core   0: 0x80013e14 (0x00001f17) auipc   t5, 0x1
core   0: 3 0x80013e14 (0x00001f17) x30 0x80014e14
core   0: 0x80013e18 (0x1e3f2623) sw      gp, 492(t5)
core   0: 3 0x80013e18 (0x1e3f2623) mem 0x80015000 0x00000001
core   0: 0x80013e1c (0xff9ff06f) j       pc - 0x8
core   0: 3 0x80013e1c (0xff9ff06f)
core   0: 0x80013e14 (0x00001f17) auipc   t5, 0x1
core   0: 3 0x80013e14 (0x00001f17) x30 0x80014e14
core   0: 0x80013e18 (0x1e3f2623) sw      gp, 492(t5)
core   0: 3 0x80013e18 (0x1e3f2623) mem 0x80015000 0x00000001
core   0: 0x80013e1c (0xff9ff06f) j       pc - 0x8
core   0: 3 0x80013e1c (0xff9ff06f)
core   0: 0x80013e14 (0x00001f17) auipc   t5, 0x1
core   0: 3 0x80013e14 (0x00001f17) x30 0x80014e14
core   0: 0x80013e18 (0x1e3f2623) sw      gp, 492(t5)
core   0: 3 0x80013e18 (0x1e3f2623) mem 0x80015000 0x00000001
core   0: 0x80013e1c (0xff9ff06f) j       pc - 0x8
core   0: 3 0x80013e1c (0xff9ff06f)
core   0: 0x80013e14 (0x00001f17) auipc   t5, 0x1
core   0: 3 0x80013e14 (0x00001f17) x30 0x80014e14
core   0: 0x80013e18 (0x1e3f2623) sw      gp, 492(t5)
core   0: 3 0x80013e18 (0x1e3f2623) mem 0x80015000 0x00000001
core   0: 0x80013e1c (0xff9ff06f) j       pc - 0x8
core   0: 3 0x80013e1c (0xff9ff06f)
core   0: 0x80013e14 (0x00001f17) auipc   t5, 0x1
core   0: 3 0x80013e14 (0x00001f17) x30 0x80014e14
core   0: 0x80013e18 (0x1e3f2623) sw      gp, 492(t5)
core   0: 3 0x80013e18 (0x1e3f2623) mem 0x80015000 0x00000001
core   0: 0x80013e1c (0xff9ff06f) j       pc - 0x8
core   0: 3 0x80013e1c (0xff9ff06f)
core   0: 0x80013e14 (0x00001f17) auipc   t5, 0x1
core   0: 3 0x80013e14 (0x00001f17) x30 0x80014e14
core   0: 0x80013e18 (0x1e3f2623) sw      gp, 492(t5)
core   0: 3 0x80013e18 (0x1e3f2623) mem 0x80015000 0x00000001
core   0: 0x80013e1c (0xff9ff06f) j       pc - 0x8
core   0: 3 0x80013e1c (0xff9ff06f)
core   0: 0x80013e14 (0x00001f17) auipc   t5, 0x1
core   0: 3 0x80013e14 (0x00001f17) x30 0x80014e14
core   0: 0x80013e18 (0x1e3f2623) sw      gp, 492(t5)
core   0: 3 0x80013e18 (0x1e3f2623) mem 0x80015000 0x00000001
core   0: 0x80013e1c (0xff9ff06f) j       pc - 0x8
core   0: 3 0x80013e1c (0xff9ff06f)
core   0: 0x80013e14 (0x00001f17) auipc   t5, 0x1
core   0: 3 0x80013e14 (0x00001f17) x30 0x80014e14
core   0: 0x80013e18 (0x1e3f2623) sw      gp, 492(t5)
core   0: 3 0x80013e18 (0x1e3f2623) mem 0x80015000 0x00000001
core   0: 0x80013e1c (0xff9ff06f) j       pc - 0x8
core   0: 3 0x80013e1c (0xff9ff06f)
core   0: 0x80013e14 (0x00001f17) auipc   t5, 0x1
core   0: 3 0x80013e14 (0x00001f17) x30 0x80014e14
core   0: 0x80013e18 (0x1e3f2623) sw      gp, 492(t5)
core   0: 3 0x80013e18 (0x1e3f2623) mem 0x80015000 0x00000001
core   0: 0x80013e1c (0xff9ff06f) j       pc - 0x8
core   0: 3 0x80013e1c (0xff9ff06f)
core   0: 0x80013e14 (0x00001f17) auipc   t5, 0x1
core   0: 3 0x80013e14 (0x00001f17) x30 0x80014e14
core   0: 0x80013e18 (0x1e3f2623) sw      gp, 492(t5)
core   0: 3 0x80013e18 (0x1e3f2623) mem 0x80015000 0x00000001
core   0: 0x80013e1c (0xff9ff06f) j       pc - 0x8
core   0: 3 0x80013e1c (0xff9ff06f)
core   0: 0x80013e14 (0x00001f17) auipc   t5, 0x1
core   0: 3 0x80013e14 (0x00001f17) x30 0x80014e14
core   0: 0x80013e18 (0x1e3f2623) sw      gp, 492(t5)
core   0: 3 0x80013e18 (0x1e3f2623) mem 0x80015000 0x00000001
core   0: 0x80013e1c (0xff9ff06f) j       pc - 0x8
core   0: 3 0x80013e1c (0xff9ff06f)
core   0: 0x80013e14 (0x00001f17) auipc   t5, 0x1
core   0: 3 0x80013e14 (0x00001f17) x30 0x80014e14
core   0: 0x80013e18 (0x1e3f2623) sw      gp, 492(t5)
core   0: 3 0x80013e18 (0x1e3f2623) mem 0x80015000 0x00000001
core   0: 0x80013e1c (0xff9ff06f) j       pc - 0x8
core   0: 3 0x80013e1c (0xff9ff06f)
core   0: 0x80013e14 (0x00001f17) auipc   t5, 0x1
core   0: 3 0x80013e14 (0x00001f17) x30 0x80014e14
core   0: 0x80013e18 (0x1e3f2623) sw      gp, 492(t5)
core   0: 3 0x80013e18 (0x1e3f2623) mem 0x80015000 0x00000001
core   0: 0x80013e1c (0xff9ff06f) j       pc - 0x8
core   0: 3 0x80013e1c (0xff9ff06f)
core   0: 0x80013e14 (0x00001f17) auipc   t5, 0x1
core   0: 3 0x80013e14 (0x00001f17) x30 0x80014e14
core   0: 0x80013e18 (0x1e3f2623) sw      gp, 492(t5)
core   0: 3 0x80013e18 (0x1e3f2623) mem 0x80015000 0x00000001
core   0: 0x80013e1c (0xff9ff06f) j       pc - 0x8
core   0: 3 0x80013e1c (0xff9ff06f)
core   0: 0x80013e14 (0x00001f17) auipc   t5, 0x1
core   0: 3 0x80013e14 (0x00001f17) x30 0x80014e14
core   0: 0x80013e18 (0x1e3f2623) sw      gp, 492(t5)
core   0: 3 0x80013e18 (0x1e3f2623) mem 0x80015000 0x00000001
core   0: 0x80013e1c (0xff9ff06f) j       pc - 0x8
core   0: 3 0x80013e1c (0xff9ff06f)
core   0: 0x80013e14 (0x00001f17) auipc   t5, 0x1
core   0: 3 0x80013e14 (0x00001f17) x30 0x80014e14
core   0: 0x80013e18 (0x1e3f2623) sw      gp, 492(t5)
core   0: 3 0x80013e18 (0x1e3f2623) mem 0x80015000 0x00000001
core   0: 0x80013e1c (0xff9ff06f) j       pc - 0x8
core   0: 3 0x80013e1c (0xff9ff06f)
core   0: 0x80013e14 (0x00001f17) auipc   t5, 0x1
core   0: 3 0x80013e14 (0x00001f17) x30 0x80014e14
core   0: 0x80013e18 (0x1e3f2623) sw      gp, 492(t5)
core   0: 3 0x80013e18 (0x1e3f2623) mem 0x80015000 0x00000001
core   0: 0x80013e1c (0xff9ff06f) j       pc - 0x8
core   0: 3 0x80013e1c (0xff9ff06f)
core   0: 0x80013e14 (0x00001f17) auipc   t5, 0x1
core   0: 3 0x80013e14 (0x00001f17) x30 0x80014e14
core   0: 0x80013e18 (0x1e3f2623) sw      gp, 492(t5)
core   0: 3 0x80013e18 (0x1e3f2623) mem 0x80015000 0x00000001
core   0: 0x80013e1c (0xff9ff06f) j       pc - 0x8
core   0: 3 0x80013e1c (0xff9ff06f)
core   0: 0x80013e14 (0x00001f17) auipc   t5, 0x1
core   0: 3 0x80013e14 (0x00001f17) x30 0x80014e14
core   0: 0x80013e18 (0x1e3f2623) sw      gp, 492(t5)
core   0: 3 0x80013e18 (0x1e3f2623) mem 0x80015000 0x00000001
core   0: 0x80013e1c (0xff9ff06f) j       pc - 0x8
core   0: 3 0x80013e1c (0xff9ff06f)
core   0: 0x80013e14 (0x00001f17) auipc   t5, 0x1
core   0: 3 0x80013e14 (0x00001f17) x30 0x80014e14
core   0: 0x80013e18 (0x1e3f2623) sw      gp, 492(t5)
core   0: 3 0x80013e18 (0x1e3f2623) mem 0x80015000 0x00000001
core   0: 0x80013e1c (0xff9ff06f) j       pc - 0x8
core   0: 3 0x80013e1c (0xff9ff06f)
core   0: 0x80013e14 (0x00001f17) auipc   t5, 0x1
core   0: 3 0x80013e14 (0x00001f17) x30 0x80014e14
core   0: 0x80013e18 (0x1e3f2623) sw      gp, 492(t5)
core   0: 3 0x80013e18 (0x1e3f2623) mem 0x80015000 0x00000001
core   0: 0x80013e1c (0xff9ff06f) j       pc - 0x8
core   0: 3 0x80013e1c (0xff9ff06f)
core   0: 0x80013e14 (0x00001f17) auipc   t5, 0x1
core   0: 3 0x80013e14 (0x00001f17) x30 0x80014e14
core   0: 0x80013e18 (0x1e3f2623) sw      gp, 492(t5)
core   0: 3 0x80013e18 (0x1e3f2623) mem 0x80015000 0x00000001
core   0: 0x80013e1c (0xff9ff06f) j       pc - 0x8
core   0: 3 0x80013e1c (0xff9ff06f)
core   0: 0x80013e14 (0x00001f17) auipc   t5, 0x1
core   0: 3 0x80013e14 (0x00001f17) x30 0x80014e14
core   0: 0x80013e18 (0x1e3f2623) sw      gp, 492(t5)
core   0: 3 0x80013e18 (0x1e3f2623) mem 0x80015000 0x00000001
core   0: 0x80013e1c (0xff9ff06f) j       pc - 0x8
core   0: 3 0x80013e1c (0xff9ff06f)
core   0: 0x80013e14 (0x00001f17) auipc   t5, 0x1
core   0: 3 0x80013e14 (0x00001f17) x30 0x80014e14
core   0: 0x80013e18 (0x1e3f2623) sw      gp, 492(t5)
core   0: 3 0x80013e18 (0x1e3f2623) mem 0x80015000 0x00000001
core   0: 0x80013e1c (0xff9ff06f) j       pc - 0x8
core   0: 3 0x80013e1c (0xff9ff06f)
core   0: 0x80013e14 (0x00001f17) auipc   t5, 0x1
core   0: 3 0x80013e14 (0x00001f17) x30 0x80014e14
core   0: 0x80013e18 (0x1e3f2623) sw      gp, 492(t5)
core   0: 3 0x80013e18 (0x1e3f2623) mem 0x80015000 0x00000001
core   0: 0x80013e1c (0xff9ff06f) j       pc - 0x8
core   0: 3 0x80013e1c (0xff9ff06f)
core   0: 0x80013e14 (0x00001f17) auipc   t5, 0x1
core   0: 3 0x80013e14 (0x00001f17) x30 0x80014e14
core   0: 0x80013e18 (0x1e3f2623) sw      gp, 492(t5)
core   0: 3 0x80013e18 (0x1e3f2623) mem 0x80015000 0x00000001
core   0: 0x80013e1c (0xff9ff06f) j       pc - 0x8
core   0: 3 0x80013e1c (0xff9ff06f)
core   0: 0x80013e14 (0x00001f17) auipc   t5, 0x1
core   0: 3 0x80013e14 (0x00001f17) x30 0x80014e14
core   0: 0x80013e18 (0x1e3f2623) sw      gp, 492(t5)
core   0: 3 0x80013e18 (0x1e3f2623) mem 0x80015000 0x00000001
core   0: 0x80013e1c (0xff9ff06f) j       pc - 0x8
core   0: 3 0x80013e1c (0xff9ff06f)
core   0: 0x80013e14 (0x00001f17) auipc   t5, 0x1
core   0: 3 0x80013e14 (0x00001f17) x30 0x80014e14
core   0: 0x80013e18 (0x1e3f2623) sw      gp, 492(t5)
core   0: 3 0x80013e18 (0x1e3f2623) mem 0x80015000 0x00000001
core   0: 0x80013e1c (0xff9ff06f) j       pc - 0x8
core   0: 3 0x80013e1c (0xff9ff06f)
core   0: 0x80013e14 (0x00001f17) auipc   t5, 0x1
core   0: 3 0x80013e14 (0x00001f17) x30 0x80014e14
core   0: 0x80013e18 (0x1e3f2623) sw      gp, 492(t5)
core   0: 3 0x80013e18 (0x1e3f2623) mem 0x80015000 0x00000001
core   0: 0x80013e1c (0xff9ff06f) j       pc - 0x8
core   0: 3 0x80013e1c (0xff9ff06f)
core   0: 0x80013e14 (0x00001f17) auipc   t5, 0x1
core   0: 3 0x80013e14 (0x00001f17) x30 0x80014e14
core   0: 0x80013e18 (0x1e3f2623) sw      gp, 492(t5)
core   0: 3 0x80013e18 (0x1e3f2623) mem 0x80015000 0x00000001
core   0: 0x80013e1c (0xff9ff06f) j       pc - 0x8
core   0: 3 0x80013e1c (0xff9ff06f)
core   0: 0x80013e14 (0x00001f17) auipc   t5, 0x1
core   0: 3 0x80013e14 (0x00001f17) x30 0x80014e14
core   0: 0x80013e18 (0x1e3f2623) sw      gp, 492(t5)
core   0: 3 0x80013e18 (0x1e3f2623) mem 0x80015000 0x00000001
core   0: 0x80013e1c (0xff9ff06f) j       pc - 0x8
core   0: 3 0x80013e1c (0xff9ff06f)
core   0: 0x80013e14 (0x00001f17) auipc   t5, 0x1
core   0: 3 0x80013e14 (0x00001f17) x30 0x80014e14
core   0: 0x80013e18 (0x1e3f2623) sw      gp, 492(t5)
core   0: 3 0x80013e18 (0x1e3f2623) mem 0x80015000 0x00000001
core   0: 0x80013e1c (0xff9ff06f) j       pc - 0x8
core   0: 3 0x80013e1c (0xff9ff06f)
core   0: 0x80013e14 (0x00001f17) auipc   t5, 0x1
core   0: 3 0x80013e14 (0x00001f17) x30 0x80014e14
core   0: 0x80013e18 (0x1e3f2623) sw      gp, 492(t5)
core   0: 3 0x80013e18 (0x1e3f2623) mem 0x80015000 0x00000001
core   0: 0x80013e1c (0xff9ff06f) j       pc - 0x8
core   0: 3 0x80013e1c (0xff9ff06f)
core   0: 0x80013e14 (0x00001f17) auipc   t5, 0x1
core   0: 3 0x80013e14 (0x00001f17) x30 0x80014e14
core   0: 0x80013e18 (0x1e3f2623) sw      gp, 492(t5)
core   0: 3 0x80013e18 (0x1e3f2623) mem 0x80015000 0x00000001
core   0: 0x80013e1c (0xff9ff06f) j       pc - 0x8
core   0: 3 0x80013e1c (0xff9ff06f)
core   0: 0x80013e14 (0x00001f17) auipc   t5, 0x1
core   0: 3 0x80013e14 (0x00001f17) x30 0x80014e14
core   0: 0x80013e18 (0x1e3f2623) sw      gp, 492(t5)
core   0: 3 0x80013e18 (0x1e3f2623) mem 0x80015000 0x00000001
core   0: 0x80013e1c (0xff9ff06f) j       pc - 0x8
core   0: 3 0x80013e1c (0xff9ff06f)
core   0: 0x80013e14 (0x00001f17) auipc   t5, 0x1
core   0: 3 0x80013e14 (0x00001f17) x30 0x80014e14
core   0: 0x80013e18 (0x1e3f2623) sw      gp, 492(t5)
core   0: 3 0x80013e18 (0x1e3f2623) mem 0x80015000 0x00000001
core   0: 0x80013e1c (0xff9ff06f) j       pc - 0x8
core   0: 3 0x80013e1c (0xff9ff06f)
core   0: 0x80013e14 (0x00001f17) auipc   t5, 0x1
core   0: 3 0x80013e14 (0x00001f17) x30 0x80014e14
core   0: 0x80013e18 (0x1e3f2623) sw      gp, 492(t5)
core   0: 3 0x80013e18 (0x1e3f2623) mem 0x80015000 0x00000001
core   0: 0x80013e1c (0xff9ff06f) j       pc - 0x8
core   0: 3 0x80013e1c (0xff9ff06f)
core   0: 0x80013e14 (0x00001f17) auipc   t5, 0x1
core   0: 3 0x80013e14 (0x00001f17) x30 0x80014e14
core   0: 0x80013e18 (0x1e3f2623) sw      gp, 492(t5)
core   0: 3 0x80013e18 (0x1e3f2623) mem 0x80015000 0x00000001
core   0: 0x80013e1c (0xff9ff06f) j       pc - 0x8
core   0: 3 0x80013e1c (0xff9ff06f)
core   0: 0x80013e14 (0x00001f17) auipc   t5, 0x1
core   0: 3 0x80013e14 (0x00001f17) x30 0x80014e14
core   0: 0x80013e18 (0x1e3f2623) sw      gp, 492(t5)
core   0: 3 0x80013e18 (0x1e3f2623) mem 0x80015000 0x00000001
core   0: 0x80013e1c (0xff9ff06f) j       pc - 0x8
core   0: 3 0x80013e1c (0xff9ff06f)
core   0: 0x80013e14 (0x00001f17) auipc   t5, 0x1
core   0: 3 0x80013e14 (0x00001f17) x30 0x80014e14
core   0: 0x80013e18 (0x1e3f2623) sw      gp, 492(t5)
core   0: 3 0x80013e18 (0x1e3f2623) mem 0x80015000 0x00000001
core   0: 0x80013e1c (0xff9ff06f) j       pc - 0x8
core   0: 3 0x80013e1c (0xff9ff06f)
core   0: 0x80013e14 (0x00001f17) auipc   t5, 0x1
core   0: 3 0x80013e14 (0x00001f17) x30 0x80014e14
core   0: 0x80013e18 (0x1e3f2623) sw      gp, 492(t5)
core   0: 3 0x80013e18 (0x1e3f2623) mem 0x80015000 0x00000001
core   0: 0x80013e1c (0xff9ff06f) j       pc - 0x8
core   0: 3 0x80013e1c (0xff9ff06f)
core   0: 0x80013e14 (0x00001f17) auipc   t5, 0x1
core   0: 3 0x80013e14 (0x00001f17) x30 0x80014e14
core   0: 0x80013e18 (0x1e3f2623) sw      gp, 492(t5)
core   0: 3 0x80013e18 (0x1e3f2623) mem 0x80015000 0x00000001
core   0: 0x80013e1c (0xff9ff06f) j       pc - 0x8
core   0: 3 0x80013e1c (0xff9ff06f)
core   0: 0x80013e14 (0x00001f17) auipc   t5, 0x1
core   0: 3 0x80013e14 (0x00001f17) x30 0x80014e14
core   0: 0x80013e18 (0x1e3f2623) sw      gp, 492(t5)
core   0: 3 0x80013e18 (0x1e3f2623) mem 0x80015000 0x00000001
core   0: 0x80013e1c (0xff9ff06f) j       pc - 0x8
core   0: 3 0x80013e1c (0xff9ff06f)
core   0: 0x80013e14 (0x00001f17) auipc   t5, 0x1
core   0: 3 0x80013e14 (0x00001f17) x30 0x80014e14
core   0: 0x80013e18 (0x1e3f2623) sw      gp, 492(t5)
core   0: 3 0x80013e18 (0x1e3f2623) mem 0x80015000 0x00000001
core   0: 0x80013e1c (0xff9ff06f) j       pc - 0x8
core   0: 3 0x80013e1c (0xff9ff06f)
core   0: 0x80013e14 (0x00001f17) auipc   t5, 0x1
core   0: 3 0x80013e14 (0x00001f17) x30 0x80014e14
core   0: 0x80013e18 (0x1e3f2623) sw      gp, 492(t5)
core   0: 3 0x80013e18 (0x1e3f2623) mem 0x80015000 0x00000001
core   0: 0x80013e1c (0xff9ff06f) j       pc - 0x8
core   0: 3 0x80013e1c (0xff9ff06f)
core   0: 0x80013e14 (0x00001f17) auipc   t5, 0x1
core   0: 3 0x80013e14 (0x00001f17) x30 0x80014e14
core   0: 0x80013e18 (0x1e3f2623) sw      gp, 492(t5)
core   0: 3 0x80013e18 (0x1e3f2623) mem 0x80015000 0x00000001
core   0: 0x80013e1c (0xff9ff06f) j       pc - 0x8
core   0: 3 0x80013e1c (0xff9ff06f)
core   0: 0x80013e14 (0x00001f17) auipc   t5, 0x1
core   0: 3 0x80013e14 (0x00001f17) x30 0x80014e14
core   0: 0x80013e18 (0x1e3f2623) sw      gp, 492(t5)
core   0: 3 0x80013e18 (0x1e3f2623) mem 0x80015000 0x00000001
core   0: 0x80013e1c (0xff9ff06f) j       pc - 0x8
core   0: 3 0x80013e1c (0xff9ff06f)
core   0: 0x80013e14 (0x00001f17) auipc   t5, 0x1
core   0: 3 0x80013e14 (0x00001f17) x30 0x80014e14
core   0: 0x80013e18 (0x1e3f2623) sw      gp, 492(t5)
core   0: 3 0x80013e18 (0x1e3f2623) mem 0x80015000 0x00000001
core   0: 0x80013e1c (0xff9ff06f) j       pc - 0x8
core   0: 3 0x80013e1c (0xff9ff06f)
core   0: 0x80013e14 (0x00001f17) auipc   t5, 0x1
core   0: 3 0x80013e14 (0x00001f17) x30 0x80014e14
core   0: 0x80013e18 (0x1e3f2623) sw      gp, 492(t5)
core   0: 3 0x80013e18 (0x1e3f2623) mem 0x80015000 0x00000001
core   0: 0x80013e1c (0xff9ff06f) j       pc - 0x8
core   0: 3 0x80013e1c (0xff9ff06f)
core   0: 0x80013e14 (0x00001f17) auipc   t5, 0x1
core   0: 3 0x80013e14 (0x00001f17) x30 0x80014e14
core   0: 0x80013e18 (0x1e3f2623) sw      gp, 492(t5)
core   0: 3 0x80013e18 (0x1e3f2623) mem 0x80015000 0x00000001
core   0: 0x80013e1c (0xff9ff06f) j       pc - 0x8
core   0: 3 0x80013e1c (0xff9ff06f)
core   0: 0x80013e14 (0x00001f17) auipc   t5, 0x1
core   0: 3 0x80013e14 (0x00001f17) x30 0x80014e14
core   0: 0x80013e18 (0x1e3f2623) sw      gp, 492(t5)
core   0: 3 0x80013e18 (0x1e3f2623) mem 0x80015000 0x00000001
core   0: 0x80013e1c (0xff9ff06f) j       pc - 0x8
core   0: 3 0x80013e1c (0xff9ff06f)
core   0: 0x80013e14 (0x00001f17) auipc   t5, 0x1
core   0: 3 0x80013e14 (0x00001f17) x30 0x80014e14
core   0: 0x80013e18 (0x1e3f2623) sw      gp, 492(t5)
core   0: 3 0x80013e18 (0x1e3f2623) mem 0x80015000 0x00000001
core   0: 0x80013e1c (0xff9ff06f) j       pc - 0x8
core   0: 3 0x80013e1c (0xff9ff06f)
core   0: 0x80013e14 (0x00001f17) auipc   t5, 0x1
core   0: 3 0x80013e14 (0x00001f17) x30 0x80014e14
core   0: 0x80013e18 (0x1e3f2623) sw      gp, 492(t5)
core   0: 3 0x80013e18 (0x1e3f2623) mem 0x80015000 0x00000001
core   0: 0x80013e1c (0xff9ff06f) j       pc - 0x8
core   0: 3 0x80013e1c (0xff9ff06f)
core   0: 0x80013e14 (0x00001f17) auipc   t5, 0x1
core   0: 3 0x80013e14 (0x00001f17) x30 0x80014e14
core   0: 0x80013e18 (0x1e3f2623) sw      gp, 492(t5)
core   0: 3 0x80013e18 (0x1e3f2623) mem 0x80015000 0x00000001
core   0: 0x80013e1c (0xff9ff06f) j       pc - 0x8
core   0: 3 0x80013e1c (0xff9ff06f)
core   0: 0x80013e14 (0x00001f17) auipc   t5, 0x1
core   0: 3 0x80013e14 (0x00001f17) x30 0x80014e14
core   0: 0x80013e18 (0x1e3f2623) sw      gp, 492(t5)
core   0: 3 0x80013e18 (0x1e3f2623) mem 0x80015000 0x00000001
core   0: 0x80013e1c (0xff9ff06f) j       pc - 0x8
core   0: 3 0x80013e1c (0xff9ff06f)
core   0: 0x80013e14 (0x00001f17) auipc   t5, 0x1
core   0: 3 0x80013e14 (0x00001f17) x30 0x80014e14
core   0: 0x80013e18 (0x1e3f2623) sw      gp, 492(t5)
core   0: 3 0x80013e18 (0x1e3f2623) mem 0x80015000 0x00000001
core   0: 0x80013e1c (0xff9ff06f) j       pc - 0x8
core   0: 3 0x80013e1c (0xff9ff06f)
core   0: 0x80013e14 (0x00001f17) auipc   t5, 0x1
core   0: 3 0x80013e14 (0x00001f17) x30 0x80014e14
core   0: 0x80013e18 (0x1e3f2623) sw      gp, 492(t5)
core   0: 3 0x80013e18 (0x1e3f2623) mem 0x80015000 0x00000001
core   0: 0x80013e1c (0xff9ff06f) j       pc - 0x8
core   0: 3 0x80013e1c (0xff9ff06f)
core   0: 0x80013e14 (0x00001f17) auipc   t5, 0x1
core   0: 3 0x80013e14 (0x00001f17) x30 0x80014e14
core   0: 0x80013e18 (0x1e3f2623) sw      gp, 492(t5)
core   0: 3 0x80013e18 (0x1e3f2623) mem 0x80015000 0x00000001
core   0: 0x80013e1c (0xff9ff06f) j       pc - 0x8
core   0: 3 0x80013e1c (0xff9ff06f)
core   0: 0x80013e14 (0x00001f17) auipc   t5, 0x1
core   0: 3 0x80013e14 (0x00001f17) x30 0x80014e14
core   0: 0x80013e18 (0x1e3f2623) sw      gp, 492(t5)
core   0: 3 0x80013e18 (0x1e3f2623) mem 0x80015000 0x00000001
core   0: 0x80013e1c (0xff9ff06f) j       pc - 0x8
core   0: 3 0x80013e1c (0xff9ff06f)
core   0: 0x80013e14 (0x00001f17) auipc   t5, 0x1
core   0: 3 0x80013e14 (0x00001f17) x30 0x80014e14
core   0: 0x80013e18 (0x1e3f2623) sw      gp, 492(t5)
core   0: 3 0x80013e18 (0x1e3f2623) mem 0x80015000 0x00000001
core   0: 0x80013e1c (0xff9ff06f) j       pc - 0x8
core   0: 3 0x80013e1c (0xff9ff06f)
core   0: 0x80013e14 (0x00001f17) auipc   t5, 0x1
core   0: 3 0x80013e14 (0x00001f17) x30 0x80014e14
core   0: 0x80013e18 (0x1e3f2623) sw      gp, 492(t5)
core   0: 3 0x80013e18 (0x1e3f2623) mem 0x80015000 0x00000001
core   0: 0x80013e1c (0xff9ff06f) j       pc - 0x8
core   0: 3 0x80013e1c (0xff9ff06f)
core   0: 0x80013e14 (0x00001f17) auipc   t5, 0x1
core   0: 3 0x80013e14 (0x00001f17) x30 0x80014e14
core   0: 0x80013e18 (0x1e3f2623) sw      gp, 492(t5)
core   0: 3 0x80013e18 (0x1e3f2623) mem 0x80015000 0x00000001
core   0: 0x80013e1c (0xff9ff06f) j       pc - 0x8
core   0: 3 0x80013e1c (0xff9ff06f)
core   0: 0x80013e14 (0x00001f17) auipc   t5, 0x1
core   0: 3 0x80013e14 (0x00001f17) x30 0x80014e14
core   0: 0x80013e18 (0x1e3f2623) sw      gp, 492(t5)
core   0: 3 0x80013e18 (0x1e3f2623) mem 0x80015000 0x00000001
core   0: 0x80013e1c (0xff9ff06f) j       pc - 0x8
core   0: 3 0x80013e1c (0xff9ff06f)
core   0: 0x80013e14 (0x00001f17) auipc   t5, 0x1
core   0: 3 0x80013e14 (0x00001f17) x30 0x80014e14
core   0: 0x80013e18 (0x1e3f2623) sw      gp, 492(t5)
core   0: 3 0x80013e18 (0x1e3f2623) mem 0x80015000 0x00000001
core   0: 0x80013e1c (0xff9ff06f) j       pc - 0x8
core   0: 3 0x80013e1c (0xff9ff06f)
core   0: 0x80013e14 (0x00001f17) auipc   t5, 0x1
core   0: 3 0x80013e14 (0x00001f17) x30 0x80014e14
core   0: 0x80013e18 (0x1e3f2623) sw      gp, 492(t5)
core   0: 3 0x80013e18 (0x1e3f2623) mem 0x80015000 0x00000001
core   0: 0x80013e1c (0xff9ff06f) j       pc - 0x8
core   0: 3 0x80013e1c (0xff9ff06f)
core   0: 0x80013e14 (0x00001f17) auipc   t5, 0x1
core   0: 3 0x80013e14 (0x00001f17) x30 0x80014e14
core   0: 0x80013e18 (0x1e3f2623) sw      gp, 492(t5)
core   0: 3 0x80013e18 (0x1e3f2623) mem 0x80015000 0x00000001
core   0: 0x80013e1c (0xff9ff06f) j       pc - 0x8
core   0: 3 0x80013e1c (0xff9ff06f)
core   0: 0x80013e14 (0x00001f17) auipc   t5, 0x1
core   0: 3 0x80013e14 (0x00001f17) x30 0x80014e14
core   0: 0x80013e18 (0x1e3f2623) sw      gp, 492(t5)
core   0: 3 0x80013e18 (0x1e3f2623) mem 0x80015000 0x00000001
core   0: 0x80013e1c (0xff9ff06f) j       pc - 0x8
core   0: 3 0x80013e1c (0xff9ff06f)
core   0: 0x80013e14 (0x00001f17) auipc   t5, 0x1
core   0: 3 0x80013e14 (0x00001f17) x30 0x80014e14
core   0: 0x80013e18 (0x1e3f2623) sw      gp, 492(t5)
core   0: 3 0x80013e18 (0x1e3f2623) mem 0x80015000 0x00000001
core   0: 0x80013e1c (0xff9ff06f) j       pc - 0x8
core   0: 3 0x80013e1c (0xff9ff06f)
core   0: 0x80013e14 (0x00001f17) auipc   t5, 0x1
core   0: 3 0x80013e14 (0x00001f17) x30 0x80014e14
core   0: 0x80013e18 (0x1e3f2623) sw      gp, 492(t5)
core   0: 3 0x80013e18 (0x1e3f2623) mem 0x80015000 0x00000001
core   0: 0x80013e1c (0xff9ff06f) j       pc - 0x8
core   0: 3 0x80013e1c (0xff9ff06f)
core   0: 0x80013e14 (0x00001f17) auipc   t5, 0x1
core   0: 3 0x80013e14 (0x00001f17) x30 0x80014e14
core   0: 0x80013e18 (0x1e3f2623) sw      gp, 492(t5)
core   0: 3 0x80013e18 (0x1e3f2623) mem 0x80015000 0x00000001
core   0: 0x80013e1c (0xff9ff06f) j       pc - 0x8
core   0: 3 0x80013e1c (0xff9ff06f)
core   0: 0x80013e14 (0x00001f17) auipc   t5, 0x1
core   0: 3 0x80013e14 (0x00001f17) x30 0x80014e14
core   0: 0x80013e18 (0x1e3f2623) sw      gp, 492(t5)
core   0: 3 0x80013e18 (0x1e3f2623) mem 0x80015000 0x00000001
core   0: 0x80013e1c (0xff9ff06f) j       pc - 0x8
core   0: 3 0x80013e1c (0xff9ff06f)
core   0: 0x80013e14 (0x00001f17) auipc   t5, 0x1
core   0: 3 0x80013e14 (0x00001f17) x30 0x80014e14
core   0: 0x80013e18 (0x1e3f2623) sw      gp, 492(t5)
core   0: 3 0x80013e18 (0x1e3f2623) mem 0x80015000 0x00000001
core   0: 0x80013e1c (0xff9ff06f) j       pc - 0x8
core   0: 3 0x80013e1c (0xff9ff06f)
core   0: 0x80013e14 (0x00001f17) auipc   t5, 0x1
core   0: 3 0x80013e14 (0x00001f17) x30 0x80014e14
core   0: 0x80013e18 (0x1e3f2623) sw      gp, 492(t5)
core   0: 3 0x80013e18 (0x1e3f2623) mem 0x80015000 0x00000001
core   0: 0x80013e1c (0xff9ff06f) j       pc - 0x8
core   0: 3 0x80013e1c (0xff9ff06f)
core   0: 0x80013e14 (0x00001f17) auipc   t5, 0x1
core   0: 3 0x80013e14 (0x00001f17) x30 0x80014e14
core   0: 0x80013e18 (0x1e3f2623) sw      gp, 492(t5)
core   0: 3 0x80013e18 (0x1e3f2623) mem 0x80015000 0x00000001
core   0: 0x80013e1c (0xff9ff06f) j       pc - 0x8
core   0: 3 0x80013e1c (0xff9ff06f)
core   0: 0x80013e14 (0x00001f17) auipc   t5, 0x1
core   0: 3 0x80013e14 (0x00001f17) x30 0x80014e14
core   0: 0x80013e18 (0x1e3f2623) sw      gp, 492(t5)
core   0: 3 0x80013e18 (0x1e3f2623) mem 0x80015000 0x00000001
core   0: 0x80013e1c (0xff9ff06f) j       pc - 0x8
core   0: 3 0x80013e1c (0xff9ff06f)
core   0: 0x80013e14 (0x00001f17) auipc   t5, 0x1
core   0: 3 0x80013e14 (0x00001f17) x30 0x80014e14
core   0: 0x80013e18 (0x1e3f2623) sw      gp, 492(t5)
core   0: 3 0x80013e18 (0x1e3f2623) mem 0x80015000 0x00000001
core   0: 0x80013e1c (0xff9ff06f) j       pc - 0x8
core   0: 3 0x80013e1c (0xff9ff06f)
core   0: 0x80013e14 (0x00001f17) auipc   t5, 0x1
core   0: 3 0x80013e14 (0x00001f17) x30 0x80014e14
core   0: 0x80013e18 (0x1e3f2623) sw      gp, 492(t5)
core   0: 3 0x80013e18 (0x1e3f2623) mem 0x80015000 0x00000001
core   0: 0x80013e1c (0xff9ff06f) j       pc - 0x8
core   0: 3 0x80013e1c (0xff9ff06f)
core   0: 0x80013e14 (0x00001f17) auipc   t5, 0x1
core   0: 3 0x80013e14 (0x00001f17) x30 0x80014e14
core   0: 0x80013e18 (0x1e3f2623) sw      gp, 492(t5)
core   0: 3 0x80013e18 (0x1e3f2623) mem 0x80015000 0x00000001
core   0: 0x80013e1c (0xff9ff06f) j       pc - 0x8
core   0: 3 0x80013e1c (0xff9ff06f)
core   0: 0x80013e14 (0x00001f17) auipc   t5, 0x1
core   0: 3 0x80013e14 (0x00001f17) x30 0x80014e14
core   0: 0x80013e18 (0x1e3f2623) sw      gp, 492(t5)
core   0: 3 0x80013e18 (0x1e3f2623) mem 0x80015000 0x00000001
core   0: 0x80013e1c (0xff9ff06f) j       pc - 0x8
core   0: 3 0x80013e1c (0xff9ff06f)
core   0: 0x80013e14 (0x00001f17) auipc   t5, 0x1
core   0: 3 0x80013e14 (0x00001f17) x30 0x80014e14
core   0: 0x80013e18 (0x1e3f2623) sw      gp, 492(t5)
core   0: 3 0x80013e18 (0x1e3f2623) mem 0x80015000 0x00000001
core   0: 0x80013e1c (0xff9ff06f) j       pc - 0x8
core   0: 3 0x80013e1c (0xff9ff06f)
core   0: 0x80013e14 (0x00001f17) auipc   t5, 0x1
core   0: 3 0x80013e14 (0x00001f17) x30 0x80014e14
core   0: 0x80013e18 (0x1e3f2623) sw      gp, 492(t5)
core   0: 3 0x80013e18 (0x1e3f2623) mem 0x80015000 0x00000001
core   0: 0x80013e1c (0xff9ff06f) j       pc - 0x8
core   0: 3 0x80013e1c (0xff9ff06f)
core   0: 0x80013e14 (0x00001f17) auipc   t5, 0x1
core   0: 3 0x80013e14 (0x00001f17) x30 0x80014e14
core   0: 0x80013e18 (0x1e3f2623) sw      gp, 492(t5)
core   0: 3 0x80013e18 (0x1e3f2623) mem 0x80015000 0x00000001
core   0: 0x80013e1c (0xff9ff06f) j       pc - 0x8
core   0: 3 0x80013e1c (0xff9ff06f)
core   0: 0x80013e14 (0x00001f17) auipc   t5, 0x1
core   0: 3 0x80013e14 (0x00001f17) x30 0x80014e14
core   0: 0x80013e18 (0x1e3f2623) sw      gp, 492(t5)
core   0: 3 0x80013e18 (0x1e3f2623) mem 0x80015000 0x00000001
core   0: 0x80013e1c (0xff9ff06f) j       pc - 0x8
core   0: 3 0x80013e1c (0xff9ff06f)
core   0: 0x80013e14 (0x00001f17) auipc   t5, 0x1
core   0: 3 0x80013e14 (0x00001f17) x30 0x80014e14
core   0: 0x80013e18 (0x1e3f2623) sw      gp, 492(t5)
core   0: 3 0x80013e18 (0x1e3f2623) mem 0x80015000 0x00000001
core   0: 0x80013e1c (0xff9ff06f) j       pc - 0x8
core   0: 3 0x80013e1c (0xff9ff06f)
core   0: 0x80013e14 (0x00001f17) auipc   t5, 0x1
core   0: 3 0x80013e14 (0x00001f17) x30 0x80014e14
core   0: 0x80013e18 (0x1e3f2623) sw      gp, 492(t5)
core   0: 3 0x80013e18 (0x1e3f2623) mem 0x80015000 0x00000001
core   0: 0x80013e1c (0xff9ff06f) j       pc - 0x8
core   0: 3 0x80013e1c (0xff9ff06f)
core   0: 0x80013e14 (0x00001f17) auipc   t5, 0x1
core   0: 3 0x80013e14 (0x00001f17) x30 0x80014e14
core   0: 0x80013e18 (0x1e3f2623) sw      gp, 492(t5)
core   0: 3 0x80013e18 (0x1e3f2623) mem 0x80015000 0x00000001
core   0: 0x80013e1c (0xff9ff06f) j       pc - 0x8
core   0: 3 0x80013e1c (0xff9ff06f)
core   0: 0x80013e14 (0x00001f17) auipc   t5, 0x1
core   0: 3 0x80013e14 (0x00001f17) x30 0x80014e14
core   0: 0x80013e18 (0x1e3f2623) sw      gp, 492(t5)
core   0: 3 0x80013e18 (0x1e3f2623) mem 0x80015000 0x00000001
core   0: 0x80013e1c (0xff9ff06f) j       pc - 0x8
core   0: 3 0x80013e1c (0xff9ff06f)
core   0: 0x80013e14 (0x00001f17) auipc   t5, 0x1
core   0: 3 0x80013e14 (0x00001f17) x30 0x80014e14
core   0: 0x80013e18 (0x1e3f2623) sw      gp, 492(t5)
core   0: 3 0x80013e18 (0x1e3f2623) mem 0x80015000 0x00000001
core   0: 0x80013e1c (0xff9ff06f) j       pc - 0x8
core   0: 3 0x80013e1c (0xff9ff06f)
core   0: 0x80013e14 (0x00001f17) auipc   t5, 0x1
core   0: 3 0x80013e14 (0x00001f17) x30 0x80014e14
core   0: 0x80013e18 (0x1e3f2623) sw      gp, 492(t5)
core   0: 3 0x80013e18 (0x1e3f2623) mem 0x80015000 0x00000001
core   0: 0x80013e1c (0xff9ff06f) j       pc - 0x8
core   0: 3 0x80013e1c (0xff9ff06f)
core   0: 0x80013e14 (0x00001f17) auipc   t5, 0x1
core   0: 3 0x80013e14 (0x00001f17) x30 0x80014e14
core   0: 0x80013e18 (0x1e3f2623) sw      gp, 492(t5)
core   0: 3 0x80013e18 (0x1e3f2623) mem 0x80015000 0x00000001
core   0: 0x80013e1c (0xff9ff06f) j       pc - 0x8
core   0: 3 0x80013e1c (0xff9ff06f)
core   0: 0x80013e14 (0x00001f17) auipc   t5, 0x1
core   0: 3 0x80013e14 (0x00001f17) x30 0x80014e14
core   0: 0x80013e18 (0x1e3f2623) sw      gp, 492(t5)
core   0: 3 0x80013e18 (0x1e3f2623) mem 0x80015000 0x00000001
core   0: 0x80013e1c (0xff9ff06f) j       pc - 0x8
core   0: 3 0x80013e1c (0xff9ff06f)
core   0: 0x80013e14 (0x00001f17) auipc   t5, 0x1
core   0: 3 0x80013e14 (0x00001f17) x30 0x80014e14
core   0: 0x80013e18 (0x1e3f2623) sw      gp, 492(t5)
core   0: 3 0x80013e18 (0x1e3f2623) mem 0x80015000 0x00000001
core   0: 0x80013e1c (0xff9ff06f) j       pc - 0x8
core   0: 3 0x80013e1c (0xff9ff06f)
core   0: 0x80013e14 (0x00001f17) auipc   t5, 0x1
core   0: 3 0x80013e14 (0x00001f17) x30 0x80014e14
core   0: 0x80013e18 (0x1e3f2623) sw      gp, 492(t5)
core   0: 3 0x80013e18 (0x1e3f2623) mem 0x80015000 0x00000001
core   0: 0x80013e1c (0xff9ff06f) j       pc - 0x8
core   0: 3 0x80013e1c (0xff9ff06f)
core   0: 0x80013e14 (0x00001f17) auipc   t5, 0x1
core   0: 3 0x80013e14 (0x00001f17) x30 0x80014e14
core   0: 0x80013e18 (0x1e3f2623) sw      gp, 492(t5)
core   0: 3 0x80013e18 (0x1e3f2623) mem 0x80015000 0x00000001
core   0: 0x80013e1c (0xff9ff06f) j       pc - 0x8
core   0: 3 0x80013e1c (0xff9ff06f)
core   0: 0x80013e14 (0x00001f17) auipc   t5, 0x1
core   0: 3 0x80013e14 (0x00001f17) x30 0x80014e14
core   0: 0x80013e18 (0x1e3f2623) sw      gp, 492(t5)
core   0: 3 0x80013e18 (0x1e3f2623) mem 0x80015000 0x00000001
core   0: 0x80013e1c (0xff9ff06f) j       pc - 0x8
core   0: 3 0x80013e1c (0xff9ff06f)
core   0: 0x80013e14 (0x00001f17) auipc   t5, 0x1
core   0: 3 0x80013e14 (0x00001f17) x30 0x80014e14
core   0: 0x80013e18 (0x1e3f2623) sw      gp, 492(t5)
core   0: 3 0x80013e18 (0x1e3f2623) mem 0x80015000 0x00000001
core   0: 0x80013e1c (0xff9ff06f) j       pc - 0x8
core   0: 3 0x80013e1c (0xff9ff06f)
core   0: 0x80013e14 (0x00001f17) auipc   t5, 0x1
core   0: 3 0x80013e14 (0x00001f17) x30 0x80014e14
core   0: 0x80013e18 (0x1e3f2623) sw      gp, 492(t5)
core   0: 3 0x80013e18 (0x1e3f2623) mem 0x80015000 0x00000001
core   0: 0x80013e1c (0xff9ff06f) j       pc - 0x8
core   0: 3 0x80013e1c (0xff9ff06f)
core   0: 0x80013e14 (0x00001f17) auipc   t5, 0x1
core   0: 3 0x80013e14 (0x00001f17) x30 0x80014e14
core   0: 0x80013e18 (0x1e3f2623) sw      gp, 492(t5)
core   0: 3 0x80013e18 (0x1e3f2623) mem 0x80015000 0x00000001
core   0: 0x80013e1c (0xff9ff06f) j       pc - 0x8
core   0: 3 0x80013e1c (0xff9ff06f)
core   0: 0x80013e14 (0x00001f17) auipc   t5, 0x1
core   0: 3 0x80013e14 (0x00001f17) x30 0x80014e14
core   0: 0x80013e18 (0x1e3f2623) sw      gp, 492(t5)
core   0: 3 0x80013e18 (0x1e3f2623) mem 0x80015000 0x00000001
core   0: 0x80013e1c (0xff9ff06f) j       pc - 0x8
core   0: 3 0x80013e1c (0xff9ff06f)
core   0: 0x80013e14 (0x00001f17) auipc   t5, 0x1
core   0: 3 0x80013e14 (0x00001f17) x30 0x80014e14
core   0: 0x80013e18 (0x1e3f2623) sw      gp, 492(t5)
core   0: 3 0x80013e18 (0x1e3f2623) mem 0x80015000 0x00000001
core   0: 0x80013e1c (0xff9ff06f) j       pc - 0x8
core   0: 3 0x80013e1c (0xff9ff06f)
core   0: 0x80013e14 (0x00001f17) auipc   t5, 0x1
core   0: 3 0x80013e14 (0x00001f17) x30 0x80014e14
core   0: 0x80013e18 (0x1e3f2623) sw      gp, 492(t5)
core   0: 3 0x80013e18 (0x1e3f2623) mem 0x80015000 0x00000001
core   0: 0x80013e1c (0xff9ff06f) j       pc - 0x8
core   0: 3 0x80013e1c (0xff9ff06f)
core   0: 0x80013e14 (0x00001f17) auipc   t5, 0x1
core   0: 3 0x80013e14 (0x00001f17) x30 0x80014e14
core   0: 0x80013e18 (0x1e3f2623) sw      gp, 492(t5)
core   0: 3 0x80013e18 (0x1e3f2623) mem 0x80015000 0x00000001
core   0: 0x80013e1c (0xff9ff06f) j       pc - 0x8
core   0: 3 0x80013e1c (0xff9ff06f)
core   0: 0x80013e14 (0x00001f17) auipc   t5, 0x1
core   0: 3 0x80013e14 (0x00001f17) x30 0x80014e14
core   0: 0x80013e18 (0x1e3f2623) sw      gp, 492(t5)
core   0: 3 0x80013e18 (0x1e3f2623) mem 0x80015000 0x00000001
core   0: 0x80013e1c (0xff9ff06f) j       pc - 0x8
core   0: 3 0x80013e1c (0xff9ff06f)
core   0: 0x80013e14 (0x00001f17) auipc   t5, 0x1
core   0: 3 0x80013e14 (0x00001f17) x30 0x80014e14
core   0: 0x80013e18 (0x1e3f2623) sw      gp, 492(t5)
core   0: 3 0x80013e18 (0x1e3f2623) mem 0x80015000 0x00000001
core   0: 0x80013e1c (0xff9ff06f) j       pc - 0x8
core   0: 3 0x80013e1c (0xff9ff06f)
core   0: 0x80013e14 (0x00001f17) auipc   t5, 0x1
core   0: 3 0x80013e14 (0x00001f17) x30 0x80014e14
core   0: 0x80013e18 (0x1e3f2623) sw      gp, 492(t5)
core   0: 3 0x80013e18 (0x1e3f2623) mem 0x80015000 0x00000001
core   0: 0x80013e1c (0xff9ff06f) j       pc - 0x8
core   0: 3 0x80013e1c (0xff9ff06f)
core   0: 0x80013e14 (0x00001f17) auipc   t5, 0x1
core   0: 3 0x80013e14 (0x00001f17) x30 0x80014e14
core   0: 0x80013e18 (0x1e3f2623) sw      gp, 492(t5)
core   0: 3 0x80013e18 (0x1e3f2623) mem 0x80015000 0x00000001
core   0: 0x80013e1c (0xff9ff06f) j       pc - 0x8
core   0: 3 0x80013e1c (0xff9ff06f)
core   0: 0x80013e14 (0x00001f17) auipc   t5, 0x1
core   0: 3 0x80013e14 (0x00001f17) x30 0x80014e14
core   0: 0x80013e18 (0x1e3f2623) sw      gp, 492(t5)
core   0: 3 0x80013e18 (0x1e3f2623) mem 0x80015000 0x00000001
core   0: 0x80013e1c (0xff9ff06f) j       pc - 0x8
core   0: 3 0x80013e1c (0xff9ff06f)
core   0: 0x80013e14 (0x00001f17) auipc   t5, 0x1
core   0: 3 0x80013e14 (0x00001f17) x30 0x80014e14
core   0: 0x80013e18 (0x1e3f2623) sw      gp, 492(t5)
core   0: 3 0x80013e18 (0x1e3f2623) mem 0x80015000 0x00000001
core   0: 0x80013e1c (0xff9ff06f) j       pc - 0x8
core   0: 3 0x80013e1c (0xff9ff06f)
core   0: 0x80013e14 (0x00001f17) auipc   t5, 0x1
core   0: 3 0x80013e14 (0x00001f17) x30 0x80014e14
core   0: 0x80013e18 (0x1e3f2623) sw      gp, 492(t5)
core   0: 3 0x80013e18 (0x1e3f2623) mem 0x80015000 0x00000001
core   0: 0x80013e1c (0xff9ff06f) j       pc - 0x8
core   0: 3 0x80013e1c (0xff9ff06f)
core   0: 0x80013e14 (0x00001f17) auipc   t5, 0x1
core   0: 3 0x80013e14 (0x00001f17) x30 0x80014e14
core   0: 0x80013e18 (0x1e3f2623) sw      gp, 492(t5)
core   0: 3 0x80013e18 (0x1e3f2623) mem 0x80015000 0x00000001
core   0: 0x80013e1c (0xff9ff06f) j       pc - 0x8
core   0: 3 0x80013e1c (0xff9ff06f)
core   0: 0x80013e14 (0x00001f17) auipc   t5, 0x1
core   0: 3 0x80013e14 (0x00001f17) x30 0x80014e14
core   0: 0x80013e18 (0x1e3f2623) sw      gp, 492(t5)
core   0: 3 0x80013e18 (0x1e3f2623) mem 0x80015000 0x00000001
core   0: 0x80013e1c (0xff9ff06f) j       pc - 0x8
core   0: 3 0x80013e1c (0xff9ff06f)
core   0: 0x80013e14 (0x00001f17) auipc   t5, 0x1
core   0: 3 0x80013e14 (0x00001f17) x30 0x80014e14
core   0: 0x80013e18 (0x1e3f2623) sw      gp, 492(t5)
core   0: 3 0x80013e18 (0x1e3f2623) mem 0x80015000 0x00000001
core   0: 0x80013e1c (0xff9ff06f) j       pc - 0x8
core   0: 3 0x80013e1c (0xff9ff06f)
core   0: 0x80013e14 (0x00001f17) auipc   t5, 0x1
core   0: 3 0x80013e14 (0x00001f17) x30 0x80014e14
core   0: 0x80013e18 (0x1e3f2623) sw      gp, 492(t5)
core   0: 3 0x80013e18 (0x1e3f2623) mem 0x80015000 0x00000001
core   0: 0x80013e1c (0xff9ff06f) j       pc - 0x8
core   0: 3 0x80013e1c (0xff9ff06f)
core   0: 0x80013e14 (0x00001f17) auipc   t5, 0x1
core   0: 3 0x80013e14 (0x00001f17) x30 0x80014e14
core   0: 0x80013e18 (0x1e3f2623) sw      gp, 492(t5)
core   0: 3 0x80013e18 (0x1e3f2623) mem 0x80015000 0x00000001
core   0: 0x80013e1c (0xff9ff06f) j       pc - 0x8
core   0: 3 0x80013e1c (0xff9ff06f)
core   0: 0x80013e14 (0x00001f17) auipc   t5, 0x1
core   0: 3 0x80013e14 (0x00001f17) x30 0x80014e14
core   0: 0x80013e18 (0x1e3f2623) sw      gp, 492(t5)
core   0: 3 0x80013e18 (0x1e3f2623) mem 0x80015000 0x00000001
core   0: 0x80013e1c (0xff9ff06f) j       pc - 0x8
core   0: 3 0x80013e1c (0xff9ff06f)
core   0: 0x80013e14 (0x00001f17) auipc   t5, 0x1
core   0: 3 0x80013e14 (0x00001f17) x30 0x80014e14
core   0: 0x80013e18 (0x1e3f2623) sw      gp, 492(t5)
core   0: 3 0x80013e18 (0x1e3f2623) mem 0x80015000 0x00000001
core   0: 0x80013e1c (0xff9ff06f) j       pc - 0x8
core   0: 3 0x80013e1c (0xff9ff06f)
core   0: 0x80013e14 (0x00001f17) auipc   t5, 0x1
core   0: 3 0x80013e14 (0x00001f17) x30 0x80014e14
core   0: 0x80013e18 (0x1e3f2623) sw      gp, 492(t5)
core   0: 3 0x80013e18 (0x1e3f2623) mem 0x80015000 0x00000001
core   0: 0x80013e1c (0xff9ff06f) j       pc - 0x8
core   0: 3 0x80013e1c (0xff9ff06f)
core   0: 0x80013e14 (0x00001f17) auipc   t5, 0x1
core   0: 3 0x80013e14 (0x00001f17) x30 0x80014e14
core   0: 0x80013e18 (0x1e3f2623) sw      gp, 492(t5)
core   0: 3 0x80013e18 (0x1e3f2623) mem 0x80015000 0x00000001
core   0: 0x80013e1c (0xff9ff06f) j       pc - 0x8
core   0: 3 0x80013e1c (0xff9ff06f)
core   0: 0x80013e14 (0x00001f17) auipc   t5, 0x1
core   0: 3 0x80013e14 (0x00001f17) x30 0x80014e14
core   0: 0x80013e18 (0x1e3f2623) sw      gp, 492(t5)
core   0: 3 0x80013e18 (0x1e3f2623) mem 0x80015000 0x00000001
core   0: 0x80013e1c (0xff9ff06f) j       pc - 0x8
core   0: 3 0x80013e1c (0xff9ff06f)
core   0: 0x80013e14 (0x00001f17) auipc   t5, 0x1
core   0: 3 0x80013e14 (0x00001f17) x30 0x80014e14
core   0: 0x80013e18 (0x1e3f2623) sw      gp, 492(t5)
core   0: 3 0x80013e18 (0x1e3f2623) mem 0x80015000 0x00000001
core   0: 0x80013e1c (0xff9ff06f) j       pc - 0x8
core   0: 3 0x80013e1c (0xff9ff06f)
core   0: 0x80013e14 (0x00001f17) auipc   t5, 0x1
core   0: 3 0x80013e14 (0x00001f17) x30 0x80014e14
core   0: 0x80013e18 (0x1e3f2623) sw      gp, 492(t5)
core   0: 3 0x80013e18 (0x1e3f2623) mem 0x80015000 0x00000001
core   0: 0x80013e1c (0xff9ff06f) j       pc - 0x8
core   0: 3 0x80013e1c (0xff9ff06f)
core   0: 0x80013e14 (0x00001f17) auipc   t5, 0x1
core   0: 3 0x80013e14 (0x00001f17) x30 0x80014e14
core   0: 0x80013e18 (0x1e3f2623) sw      gp, 492(t5)
core   0: 3 0x80013e18 (0x1e3f2623) mem 0x80015000 0x00000001
core   0: 0x80013e1c (0xff9ff06f) j       pc - 0x8
core   0: 3 0x80013e1c (0xff9ff06f)
core   0: 0x80013e14 (0x00001f17) auipc   t5, 0x1
core   0: 3 0x80013e14 (0x00001f17) x30 0x80014e14
core   0: 0x80013e18 (0x1e3f2623) sw      gp, 492(t5)
core   0: 3 0x80013e18 (0x1e3f2623) mem 0x80015000 0x00000001
core   0: 0x80013e1c (0xff9ff06f) j       pc - 0x8
core   0: 3 0x80013e1c (0xff9ff06f)
core   0: 0x80013e14 (0x00001f17) auipc   t5, 0x1
core   0: 3 0x80013e14 (0x00001f17) x30 0x80014e14
core   0: 0x80013e18 (0x1e3f2623) sw      gp, 492(t5)
core   0: 3 0x80013e18 (0x1e3f2623) mem 0x80015000 0x00000001
core   0: 0x80013e1c (0xff9ff06f) j       pc - 0x8
core   0: 3 0x80013e1c (0xff9ff06f)
core   0: 0x80013e14 (0x00001f17) auipc   t5, 0x1
core   0: 3 0x80013e14 (0x00001f17) x30 0x80014e14
core   0: 0x80013e18 (0x1e3f2623) sw      gp, 492(t5)
core   0: 3 0x80013e18 (0x1e3f2623) mem 0x80015000 0x00000001
core   0: 0x80013e1c (0xff9ff06f) j       pc - 0x8
core   0: 3 0x80013e1c (0xff9ff06f)
core   0: 0x80013e14 (0x00001f17) auipc   t5, 0x1
core   0: 3 0x80013e14 (0x00001f17) x30 0x80014e14
core   0: 0x80013e18 (0x1e3f2623) sw      gp, 492(t5)
core   0: 3 0x80013e18 (0x1e3f2623) mem 0x80015000 0x00000001
core   0: 0x80013e1c (0xff9ff06f) j       pc - 0x8
core   0: 3 0x80013e1c (0xff9ff06f)
core   0: 0x80013e14 (0x00001f17) auipc   t5, 0x1
core   0: 3 0x80013e14 (0x00001f17) x30 0x80014e14
core   0: 0x80013e18 (0x1e3f2623) sw      gp, 492(t5)
core   0: 3 0x80013e18 (0x1e3f2623) mem 0x80015000 0x00000001
core   0: 0x80013e1c (0xff9ff06f) j       pc - 0x8
core   0: 3 0x80013e1c (0xff9ff06f)
core   0: 0x80013e14 (0x00001f17) auipc   t5, 0x1
core   0: 3 0x80013e14 (0x00001f17) x30 0x80014e14
core   0: 0x80013e18 (0x1e3f2623) sw      gp, 492(t5)
core   0: 3 0x80013e18 (0x1e3f2623) mem 0x80015000 0x00000001
core   0: 0x80013e1c (0xff9ff06f) j       pc - 0x8
core   0: 3 0x80013e1c (0xff9ff06f)
core   0: 0x80013e14 (0x00001f17) auipc   t5, 0x1
core   0: 3 0x80013e14 (0x00001f17) x30 0x80014e14
core   0: 0x80013e18 (0x1e3f2623) sw      gp, 492(t5)
core   0: 3 0x80013e18 (0x1e3f2623) mem 0x80015000 0x00000001
core   0: 0x80013e1c (0xff9ff06f) j       pc - 0x8
core   0: 3 0x80013e1c (0xff9ff06f)
core   0: 0x80013e14 (0x00001f17) auipc   t5, 0x1
core   0: 3 0x80013e14 (0x00001f17) x30 0x80014e14
core   0: 0x80013e18 (0x1e3f2623) sw      gp, 492(t5)
core   0: 3 0x80013e18 (0x1e3f2623) mem 0x80015000 0x00000001
core   0: 0x80013e1c (0xff9ff06f) j       pc - 0x8
core   0: 3 0x80013e1c (0xff9ff06f)
core   0: 0x80013e14 (0x00001f17) auipc   t5, 0x1
core   0: 3 0x80013e14 (0x00001f17) x30 0x80014e14
core   0: 0x80013e18 (0x1e3f2623) sw      gp, 492(t5)
core   0: 3 0x80013e18 (0x1e3f2623) mem 0x80015000 0x00000001
core   0: 0x80013e1c (0xff9ff06f) j       pc - 0x8
core   0: 3 0x80013e1c (0xff9ff06f)
core   0: 0x80013e14 (0x00001f17) auipc   t5, 0x1
core   0: 3 0x80013e14 (0x00001f17) x30 0x80014e14
core   0: 0x80013e18 (0x1e3f2623) sw      gp, 492(t5)
core   0: 3 0x80013e18 (0x1e3f2623) mem 0x80015000 0x00000001
core   0: 0x80013e1c (0xff9ff06f) j       pc - 0x8
core   0: 3 0x80013e1c (0xff9ff06f)
core   0: 0x80013e14 (0x00001f17) auipc   t5, 0x1
core   0: 3 0x80013e14 (0x00001f17) x30 0x80014e14
core   0: 0x80013e18 (0x1e3f2623) sw      gp, 492(t5)
core   0: 3 0x80013e18 (0x1e3f2623) mem 0x80015000 0x00000001
core   0: 0x80013e1c (0xff9ff06f) j       pc - 0x8
core   0: 3 0x80013e1c (0xff9ff06f)
core   0: 0x80013e14 (0x00001f17) auipc   t5, 0x1
core   0: 3 0x80013e14 (0x00001f17) x30 0x80014e14
core   0: 0x80013e18 (0x1e3f2623) sw      gp, 492(t5)
core   0: 3 0x80013e18 (0x1e3f2623) mem 0x80015000 0x00000001
core   0: 0x80013e1c (0xff9ff06f) j       pc - 0x8
core   0: 3 0x80013e1c (0xff9ff06f)
core   0: 0x80013e14 (0x00001f17) auipc   t5, 0x1
core   0: 3 0x80013e14 (0x00001f17) x30 0x80014e14
core   0: 0x80013e18 (0x1e3f2623) sw      gp, 492(t5)
core   0: 3 0x80013e18 (0x1e3f2623) mem 0x80015000 0x00000001
core   0: 0x80013e1c (0xff9ff06f) j       pc - 0x8
core   0: 3 0x80013e1c (0xff9ff06f)
core   0: 0x80013e14 (0x00001f17) auipc   t5, 0x1
core   0: 3 0x80013e14 (0x00001f17) x30 0x80014e14
core   0: 0x80013e18 (0x1e3f2623) sw      gp, 492(t5)
core   0: 3 0x80013e18 (0x1e3f2623) mem 0x80015000 0x00000001
core   0: 0x80013e1c (0xff9ff06f) j       pc - 0x8
core   0: 3 0x80013e1c (0xff9ff06f)
core   0: 0x80013e14 (0x00001f17) auipc   t5, 0x1
core   0: 3 0x80013e14 (0x00001f17) x30 0x80014e14
core   0: 0x80013e18 (0x1e3f2623) sw      gp, 492(t5)
core   0: 3 0x80013e18 (0x1e3f2623) mem 0x80015000 0x00000001
core   0: 0x80013e1c (0xff9ff06f) j       pc - 0x8
core   0: 3 0x80013e1c (0xff9ff06f)
core   0: 0x80013e14 (0x00001f17) auipc   t5, 0x1
core   0: 3 0x80013e14 (0x00001f17) x30 0x80014e14
core   0: 0x80013e18 (0x1e3f2623) sw      gp, 492(t5)
core   0: 3 0x80013e18 (0x1e3f2623) mem 0x80015000 0x00000001
core   0: 0x80013e1c (0xff9ff06f) j       pc - 0x8
core   0: 3 0x80013e1c (0xff9ff06f)
core   0: 0x80013e14 (0x00001f17) auipc   t5, 0x1
core   0: 3 0x80013e14 (0x00001f17) x30 0x80014e14
core   0: 0x80013e18 (0x1e3f2623) sw      gp, 492(t5)
core   0: 3 0x80013e18 (0x1e3f2623) mem 0x80015000 0x00000001
core   0: 0x80013e1c (0xff9ff06f) j       pc - 0x8
core   0: 3 0x80013e1c (0xff9ff06f)
core   0: 0x80013e14 (0x00001f17) auipc   t5, 0x1
core   0: 3 0x80013e14 (0x00001f17) x30 0x80014e14
core   0: 0x80013e18 (0x1e3f2623) sw      gp, 492(t5)
core   0: 3 0x80013e18 (0x1e3f2623) mem 0x80015000 0x00000001
core   0: 0x80013e1c (0xff9ff06f) j       pc - 0x8
core   0: 3 0x80013e1c (0xff9ff06f)
core   0: 0x80013e14 (0x00001f17) auipc   t5, 0x1
core   0: 3 0x80013e14 (0x00001f17) x30 0x80014e14
core   0: 0x80013e18 (0x1e3f2623) sw      gp, 492(t5)
core   0: 3 0x80013e18 (0x1e3f2623) mem 0x80015000 0x00000001
core   0: 0x80013e1c (0xff9ff06f) j       pc - 0x8
core   0: 3 0x80013e1c (0xff9ff06f)
core   0: 0x80013e14 (0x00001f17) auipc   t5, 0x1
core   0: 3 0x80013e14 (0x00001f17) x30 0x80014e14
core   0: 0x80013e18 (0x1e3f2623) sw      gp, 492(t5)
core   0: 3 0x80013e18 (0x1e3f2623) mem 0x80015000 0x00000001
core   0: 0x80013e1c (0xff9ff06f) j       pc - 0x8
core   0: 3 0x80013e1c (0xff9ff06f)
core   0: 0x80013e14 (0x00001f17) auipc   t5, 0x1
core   0: 3 0x80013e14 (0x00001f17) x30 0x80014e14
core   0: 0x80013e18 (0x1e3f2623) sw      gp, 492(t5)
core   0: 3 0x80013e18 (0x1e3f2623) mem 0x80015000 0x00000001
core   0: 0x80013e1c (0xff9ff06f) j       pc - 0x8
core   0: 3 0x80013e1c (0xff9ff06f)
core   0: 0x80013e14 (0x00001f17) auipc   t5, 0x1
core   0: 3 0x80013e14 (0x00001f17) x30 0x80014e14
core   0: 0x80013e18 (0x1e3f2623) sw      gp, 492(t5)
core   0: 3 0x80013e18 (0x1e3f2623) mem 0x80015000 0x00000001
core   0: 0x80013e1c (0xff9ff06f) j       pc - 0x8
core   0: 3 0x80013e1c (0xff9ff06f)
core   0: 0x80013e14 (0x00001f17) auipc   t5, 0x1
core   0: 3 0x80013e14 (0x00001f17) x30 0x80014e14
core   0: 0x80013e18 (0x1e3f2623) sw      gp, 492(t5)
core   0: 3 0x80013e18 (0x1e3f2623) mem 0x80015000 0x00000001
core   0: 0x80013e1c (0xff9ff06f) j       pc - 0x8
core   0: 3 0x80013e1c (0xff9ff06f)
core   0: 0x80013e14 (0x00001f17) auipc   t5, 0x1
core   0: 3 0x80013e14 (0x00001f17) x30 0x80014e14
core   0: 0x80013e18 (0x1e3f2623) sw      gp, 492(t5)
core   0: 3 0x80013e18 (0x1e3f2623) mem 0x80015000 0x00000001
core   0: 0x80013e1c (0xff9ff06f) j       pc - 0x8
core   0: 3 0x80013e1c (0xff9ff06f)
core   0: 0x80013e14 (0x00001f17) auipc   t5, 0x1
core   0: 3 0x80013e14 (0x00001f17) x30 0x80014e14
core   0: 0x80013e18 (0x1e3f2623) sw      gp, 492(t5)
core   0: 3 0x80013e18 (0x1e3f2623) mem 0x80015000 0x00000001
core   0: 0x80013e1c (0xff9ff06f) j       pc - 0x8
core   0: 3 0x80013e1c (0xff9ff06f)
core   0: 0x80013e14 (0x00001f17) auipc   t5, 0x1
core   0: 3 0x80013e14 (0x00001f17) x30 0x80014e14
core   0: 0x80013e18 (0x1e3f2623) sw      gp, 492(t5)
core   0: 3 0x80013e18 (0x1e3f2623) mem 0x80015000 0x00000001
core   0: 0x80013e1c (0xff9ff06f) j       pc - 0x8
core   0: 3 0x80013e1c (0xff9ff06f)
core   0: 0x80013e14 (0x00001f17) auipc   t5, 0x1
core   0: 3 0x80013e14 (0x00001f17) x30 0x80014e14
core   0: 0x80013e18 (0x1e3f2623) sw      gp, 492(t5)
core   0: 3 0x80013e18 (0x1e3f2623) mem 0x80015000 0x00000001
core   0: 0x80013e1c (0xff9ff06f) j       pc - 0x8
core   0: 3 0x80013e1c (0xff9ff06f)
core   0: 0x80013e14 (0x00001f17) auipc   t5, 0x1
core   0: 3 0x80013e14 (0x00001f17) x30 0x80014e14
core   0: 0x80013e18 (0x1e3f2623) sw      gp, 492(t5)
core   0: 3 0x80013e18 (0x1e3f2623) mem 0x80015000 0x00000001
core   0: 0x80013e1c (0xff9ff06f) j       pc - 0x8
core   0: 3 0x80013e1c (0xff9ff06f)
core   0: 0x80013e14 (0x00001f17) auipc   t5, 0x1
core   0: 3 0x80013e14 (0x00001f17) x30 0x80014e14
core   0: 0x80013e18 (0x1e3f2623) sw      gp, 492(t5)
core   0: 3 0x80013e18 (0x1e3f2623) mem 0x80015000 0x00000001
core   0: 0x80013e1c (0xff9ff06f) j       pc - 0x8
core   0: 3 0x80013e1c (0xff9ff06f)
core   0: 0x80013e14 (0x00001f17) auipc   t5, 0x1
core   0: 3 0x80013e14 (0x00001f17) x30 0x80014e14
core   0: 0x80013e18 (0x1e3f2623) sw      gp, 492(t5)
core   0: 3 0x80013e18 (0x1e3f2623) mem 0x80015000 0x00000001
core   0: 0x80013e1c (0xff9ff06f) j       pc - 0x8
core   0: 3 0x80013e1c (0xff9ff06f)
core   0: 0x80013e14 (0x00001f17) auipc   t5, 0x1
core   0: 3 0x80013e14 (0x00001f17) x30 0x80014e14
core   0: 0x80013e18 (0x1e3f2623) sw      gp, 492(t5)
core   0: 3 0x80013e18 (0x1e3f2623) mem 0x80015000 0x00000001
core   0: 0x80013e1c (0xff9ff06f) j       pc - 0x8
core   0: 3 0x80013e1c (0xff9ff06f)
core   0: 0x80013e14 (0x00001f17) auipc   t5, 0x1
core   0: 3 0x80013e14 (0x00001f17) x30 0x80014e14
core   0: 0x80013e18 (0x1e3f2623) sw      gp, 492(t5)
core   0: 3 0x80013e18 (0x1e3f2623) mem 0x80015000 0x00000001
core   0: 0x80013e1c (0xff9ff06f) j       pc - 0x8
core   0: 3 0x80013e1c (0xff9ff06f)
core   0: 0x80013e14 (0x00001f17) auipc   t5, 0x1
core   0: 3 0x80013e14 (0x00001f17) x30 0x80014e14
core   0: 0x80013e18 (0x1e3f2623) sw      gp, 492(t5)
core   0: 3 0x80013e18 (0x1e3f2623) mem 0x80015000 0x00000001
core   0: 0x80013e1c (0xff9ff06f) j       pc - 0x8
core   0: 3 0x80013e1c (0xff9ff06f)
core   0: 0x80013e14 (0x00001f17) auipc   t5, 0x1
core   0: 3 0x80013e14 (0x00001f17) x30 0x80014e14
core   0: 0x80013e18 (0x1e3f2623) sw      gp, 492(t5)
core   0: 3 0x80013e18 (0x1e3f2623) mem 0x80015000 0x00000001
core   0: 0x80013e1c (0xff9ff06f) j       pc - 0x8
core   0: 3 0x80013e1c (0xff9ff06f)
core   0: 0x80013e14 (0x00001f17) auipc   t5, 0x1
core   0: 3 0x80013e14 (0x00001f17) x30 0x80014e14
core   0: 0x80013e18 (0x1e3f2623) sw      gp, 492(t5)
core   0: 3 0x80013e18 (0x1e3f2623) mem 0x80015000 0x00000001
core   0: 0x80013e1c (0xff9ff06f) j       pc - 0x8
core   0: 3 0x80013e1c (0xff9ff06f)
core   0: 0x80013e14 (0x00001f17) auipc   t5, 0x1
core   0: 3 0x80013e14 (0x00001f17) x30 0x80014e14
core   0: 0x80013e18 (0x1e3f2623) sw      gp, 492(t5)
core   0: 3 0x80013e18 (0x1e3f2623) mem 0x80015000 0x00000001
core   0: 0x80013e1c (0xff9ff06f) j       pc - 0x8
core   0: 3 0x80013e1c (0xff9ff06f)
core   0: 0x80013e14 (0x00001f17) auipc   t5, 0x1
core   0: 3 0x80013e14 (0x00001f17) x30 0x80014e14
core   0: 0x80013e18 (0x1e3f2623) sw      gp, 492(t5)
core   0: 3 0x80013e18 (0x1e3f2623) mem 0x80015000 0x00000001
core   0: 0x80013e1c (0xff9ff06f) j       pc - 0x8
core   0: 3 0x80013e1c (0xff9ff06f)
core   0: 0x80013e14 (0x00001f17) auipc   t5, 0x1
core   0: 3 0x80013e14 (0x00001f17) x30 0x80014e14
core   0: 0x80013e18 (0x1e3f2623) sw      gp, 492(t5)
core   0: 3 0x80013e18 (0x1e3f2623) mem 0x80015000 0x00000001
core   0: 0x80013e1c (0xff9ff06f) j       pc - 0x8
core   0: 3 0x80013e1c (0xff9ff06f)
core   0: 0x80013e14 (0x00001f17) auipc   t5, 0x1
core   0: 3 0x80013e14 (0x00001f17) x30 0x80014e14
core   0: 0x80013e18 (0x1e3f2623) sw      gp, 492(t5)
core   0: 3 0x80013e18 (0x1e3f2623) mem 0x80015000 0x00000001
core   0: 0x80013e1c (0xff9ff06f) j       pc - 0x8
core   0: 3 0x80013e1c (0xff9ff06f)
core   0: 0x80013e14 (0x00001f17) auipc   t5, 0x1
core   0: 3 0x80013e14 (0x00001f17) x30 0x80014e14
core   0: 0x80013e18 (0x1e3f2623) sw      gp, 492(t5)
core   0: 3 0x80013e18 (0x1e3f2623) mem 0x80015000 0x00000001
core   0: 0x80013e1c (0xff9ff06f) j       pc - 0x8
core   0: 3 0x80013e1c (0xff9ff06f)
core   0: 0x80013e14 (0x00001f17) auipc   t5, 0x1
core   0: 3 0x80013e14 (0x00001f17) x30 0x80014e14
core   0: 0x80013e18 (0x1e3f2623) sw      gp, 492(t5)
core   0: 3 0x80013e18 (0x1e3f2623) mem 0x80015000 0x00000001
core   0: 0x80013e1c (0xff9ff06f) j       pc - 0x8
core   0: 3 0x80013e1c (0xff9ff06f)
core   0: 0x80013e14 (0x00001f17) auipc   t5, 0x1
core   0: 3 0x80013e14 (0x00001f17) x30 0x80014e14
core   0: 0x80013e18 (0x1e3f2623) sw      gp, 492(t5)
core   0: 3 0x80013e18 (0x1e3f2623) mem 0x80015000 0x00000001
core   0: 0x80013e1c (0xff9ff06f) j       pc - 0x8
core   0: 3 0x80013e1c (0xff9ff06f)
core   0: 0x80013e14 (0x00001f17) auipc   t5, 0x1
core   0: 3 0x80013e14 (0x00001f17) x30 0x80014e14
core   0: 0x80013e18 (0x1e3f2623) sw      gp, 492(t5)
core   0: 3 0x80013e18 (0x1e3f2623) mem 0x80015000 0x00000001
core   0: 0x80013e1c (0xff9ff06f) j       pc - 0x8
core   0: 3 0x80013e1c (0xff9ff06f)
core   0: 0x80013e14 (0x00001f17) auipc   t5, 0x1
core   0: 3 0x80013e14 (0x00001f17) x30 0x80014e14
core   0: 0x80013e18 (0x1e3f2623) sw      gp, 492(t5)
core   0: 3 0x80013e18 (0x1e3f2623) mem 0x80015000 0x00000001
core   0: 0x80013e1c (0xff9ff06f) j       pc - 0x8
core   0: 3 0x80013e1c (0xff9ff06f)
core   0: 0x80013e14 (0x00001f17) auipc   t5, 0x1
core   0: 3 0x80013e14 (0x00001f17) x30 0x80014e14
core   0: 0x80013e18 (0x1e3f2623) sw      gp, 492(t5)
core   0: 3 0x80013e18 (0x1e3f2623) mem 0x80015000 0x00000001
core   0: 0x80013e1c (0xff9ff06f) j       pc - 0x8
core   0: 3 0x80013e1c (0xff9ff06f)
core   0: 0x80013e14 (0x00001f17) auipc   t5, 0x1
core   0: 3 0x80013e14 (0x00001f17) x30 0x80014e14
core   0: 0x80013e18 (0x1e3f2623) sw      gp, 492(t5)
core   0: 3 0x80013e18 (0x1e3f2623) mem 0x80015000 0x00000001
core   0: 0x80013e1c (0xff9ff06f) j       pc - 0x8
core   0: 3 0x80013e1c (0xff9ff06f)
core   0: 0x80013e14 (0x00001f17) auipc   t5, 0x1
core   0: 3 0x80013e14 (0x00001f17) x30 0x80014e14
core   0: 0x80013e18 (0x1e3f2623) sw      gp, 492(t5)
core   0: 3 0x80013e18 (0x1e3f2623) mem 0x80015000 0x00000001
core   0: 0x80013e1c (0xff9ff06f) j       pc - 0x8
core   0: 3 0x80013e1c (0xff9ff06f)
core   0: 0x80013e14 (0x00001f17) auipc   t5, 0x1
core   0: 3 0x80013e14 (0x00001f17) x30 0x80014e14
core   0: 0x80013e18 (0x1e3f2623) sw      gp, 492(t5)
core   0: 3 0x80013e18 (0x1e3f2623) mem 0x80015000 0x00000001
core   0: 0x80013e1c (0xff9ff06f) j       pc - 0x8
core   0: 3 0x80013e1c (0xff9ff06f)
core   0: 0x80013e14 (0x00001f17) auipc   t5, 0x1
core   0: 3 0x80013e14 (0x00001f17) x30 0x80014e14
core   0: 0x80013e18 (0x1e3f2623) sw      gp, 492(t5)
core   0: 3 0x80013e18 (0x1e3f2623) mem 0x80015000 0x00000001
core   0: 0x80013e1c (0xff9ff06f) j       pc - 0x8
core   0: 3 0x80013e1c (0xff9ff06f)
core   0: 0x80013e14 (0x00001f17) auipc   t5, 0x1
core   0: 3 0x80013e14 (0x00001f17) x30 0x80014e14
core   0: 0x80013e18 (0x1e3f2623) sw      gp, 492(t5)
core   0: 3 0x80013e18 (0x1e3f2623) mem 0x80015000 0x00000001
core   0: 0x80013e1c (0xff9ff06f) j       pc - 0x8
core   0: 3 0x80013e1c (0xff9ff06f)
core   0: 0x80013e14 (0x00001f17) auipc   t5, 0x1
core   0: 3 0x80013e14 (0x00001f17) x30 0x80014e14
core   0: 0x80013e18 (0x1e3f2623) sw      gp, 492(t5)
core   0: 3 0x80013e18 (0x1e3f2623) mem 0x80015000 0x00000001
core   0: 0x80013e1c (0xff9ff06f) j       pc - 0x8
core   0: 3 0x80013e1c (0xff9ff06f)
core   0: 0x80013e14 (0x00001f17) auipc   t5, 0x1
core   0: 3 0x80013e14 (0x00001f17) x30 0x80014e14
core   0: 0x80013e18 (0x1e3f2623) sw      gp, 492(t5)
core   0: 3 0x80013e18 (0x1e3f2623) mem 0x80015000 0x00000001
core   0: 0x80013e1c (0xff9ff06f) j       pc - 0x8
core   0: 3 0x80013e1c (0xff9ff06f)
core   0: 0x80013e14 (0x00001f17) auipc   t5, 0x1
core   0: 3 0x80013e14 (0x00001f17) x30 0x80014e14
core   0: 0x80013e18 (0x1e3f2623) sw      gp, 492(t5)
core   0: 3 0x80013e18 (0x1e3f2623) mem 0x80015000 0x00000001
core   0: 0x80013e1c (0xff9ff06f) j       pc - 0x8
core   0: 3 0x80013e1c (0xff9ff06f)
core   0: 0x80013e14 (0x00001f17) auipc   t5, 0x1
core   0: 3 0x80013e14 (0x00001f17) x30 0x80014e14
core   0: 0x80013e18 (0x1e3f2623) sw      gp, 492(t5)
core   0: 3 0x80013e18 (0x1e3f2623) mem 0x80015000 0x00000001
core   0: 0x80013e1c (0xff9ff06f) j       pc - 0x8
core   0: 3 0x80013e1c (0xff9ff06f)
core   0: 0x80013e14 (0x00001f17) auipc   t5, 0x1
core   0: 3 0x80013e14 (0x00001f17) x30 0x80014e14
core   0: 0x80013e18 (0x1e3f2623) sw      gp, 492(t5)
core   0: 3 0x80013e18 (0x1e3f2623) mem 0x80015000 0x00000001
core   0: 0x80013e1c (0xff9ff06f) j       pc - 0x8
core   0: 3 0x80013e1c (0xff9ff06f)
core   0: 0x80013e14 (0x00001f17) auipc   t5, 0x1
core   0: 3 0x80013e14 (0x00001f17) x30 0x80014e14
core   0: 0x80013e18 (0x1e3f2623) sw      gp, 492(t5)
core   0: 3 0x80013e18 (0x1e3f2623) mem 0x80015000 0x00000001
core   0: 0x80013e1c (0xff9ff06f) j       pc - 0x8
core   0: 3 0x80013e1c (0xff9ff06f)
core   0: 0x80013e14 (0x00001f17) auipc   t5, 0x1
core   0: 3 0x80013e14 (0x00001f17) x30 0x80014e14
core   0: 0x80013e18 (0x1e3f2623) sw      gp, 492(t5)
core   0: 3 0x80013e18 (0x1e3f2623) mem 0x80015000 0x00000001
core   0: 0x80013e1c (0xff9ff06f) j       pc - 0x8
core   0: 3 0x80013e1c (0xff9ff06f)
core   0: 0x80013e14 (0x00001f17) auipc   t5, 0x1
core   0: 3 0x80013e14 (0x00001f17) x30 0x80014e14
core   0: 0x80013e18 (0x1e3f2623) sw      gp, 492(t5)
core   0: 3 0x80013e18 (0x1e3f2623) mem 0x80015000 0x00000001
core   0: 0x80013e1c (0xff9ff06f) j       pc - 0x8
core   0: 3 0x80013e1c (0xff9ff06f)
core   0: 0x80013e14 (0x00001f17) auipc   t5, 0x1
core   0: 3 0x80013e14 (0x00001f17) x30 0x80014e14
core   0: 0x80013e18 (0x1e3f2623) sw      gp, 492(t5)
core   0: 3 0x80013e18 (0x1e3f2623) mem 0x80015000 0x00000001
core   0: 0x80013e1c (0xff9ff06f) j       pc - 0x8
core   0: 3 0x80013e1c (0xff9ff06f)
core   0: 0x80013e14 (0x00001f17) auipc   t5, 0x1
core   0: 3 0x80013e14 (0x00001f17) x30 0x80014e14
core   0: 0x80013e18 (0x1e3f2623) sw      gp, 492(t5)
core   0: 3 0x80013e18 (0x1e3f2623) mem 0x80015000 0x00000001
core   0: 0x80013e1c (0xff9ff06f) j       pc - 0x8
core   0: 3 0x80013e1c (0xff9ff06f)
core   0: 0x80013e14 (0x00001f17) auipc   t5, 0x1
core   0: 3 0x80013e14 (0x00001f17) x30 0x80014e14
core   0: 0x80013e18 (0x1e3f2623) sw      gp, 492(t5)
core   0: 3 0x80013e18 (0x1e3f2623) mem 0x80015000 0x00000001
core   0: 0x80013e1c (0xff9ff06f) j       pc - 0x8
core   0: 3 0x80013e1c (0xff9ff06f)
core   0: 0x80013e14 (0x00001f17) auipc   t5, 0x1
core   0: 3 0x80013e14 (0x00001f17) x30 0x80014e14
core   0: 0x80013e18 (0x1e3f2623) sw      gp, 492(t5)
core   0: 3 0x80013e18 (0x1e3f2623) mem 0x80015000 0x00000001
core   0: 0x80013e1c (0xff9ff06f) j       pc - 0x8
core   0: 3 0x80013e1c (0xff9ff06f)
core   0: 0x80013e14 (0x00001f17) auipc   t5, 0x1
core   0: 3 0x80013e14 (0x00001f17) x30 0x80014e14
core   0: 0x80013e18 (0x1e3f2623) sw      gp, 492(t5)
core   0: 3 0x80013e18 (0x1e3f2623) mem 0x80015000 0x00000001
core   0: 0x80013e1c (0xff9ff06f) j       pc - 0x8
core   0: 3 0x80013e1c (0xff9ff06f)
core   0: 0x80013e14 (0x00001f17) auipc   t5, 0x1
core   0: 3 0x80013e14 (0x00001f17) x30 0x80014e14
core   0: 0x80013e18 (0x1e3f2623) sw      gp, 492(t5)
core   0: 3 0x80013e18 (0x1e3f2623) mem 0x80015000 0x00000001
core   0: 0x80013e1c (0xff9ff06f) j       pc - 0x8
core   0: 3 0x80013e1c (0xff9ff06f)
core   0: 0x80013e14 (0x00001f17) auipc   t5, 0x1
core   0: 3 0x80013e14 (0x00001f17) x30 0x80014e14
core   0: 0x80013e18 (0x1e3f2623) sw      gp, 492(t5)
core   0: 3 0x80013e18 (0x1e3f2623) mem 0x80015000 0x00000001
core   0: 0x80013e1c (0xff9ff06f) j       pc - 0x8
core   0: 3 0x80013e1c (0xff9ff06f)
core   0: 0x80013e14 (0x00001f17) auipc   t5, 0x1
core   0: 3 0x80013e14 (0x00001f17) x30 0x80014e14
core   0: 0x80013e18 (0x1e3f2623) sw      gp, 492(t5)
core   0: 3 0x80013e18 (0x1e3f2623) mem 0x80015000 0x00000001
core   0: 0x80013e1c (0xff9ff06f) j       pc - 0x8
core   0: 3 0x80013e1c (0xff9ff06f)
core   0: 0x80013e14 (0x00001f17) auipc   t5, 0x1
core   0: 3 0x80013e14 (0x00001f17) x30 0x80014e14
core   0: 0x80013e18 (0x1e3f2623) sw      gp, 492(t5)
core   0: 3 0x80013e18 (0x1e3f2623) mem 0x80015000 0x00000001
core   0: 0x80013e1c (0xff9ff06f) j       pc - 0x8
core   0: 3 0x80013e1c (0xff9ff06f)
core   0: 0x80013e14 (0x00001f17) auipc   t5, 0x1
core   0: 3 0x80013e14 (0x00001f17) x30 0x80014e14
core   0: 0x80013e18 (0x1e3f2623) sw      gp, 492(t5)
core   0: 3 0x80013e18 (0x1e3f2623) mem 0x80015000 0x00000001
core   0: 0x80013e1c (0xff9ff06f) j       pc - 0x8
core   0: 3 0x80013e1c (0xff9ff06f)
core   0: 0x80013e14 (0x00001f17) auipc   t5, 0x1
core   0: 3 0x80013e14 (0x00001f17) x30 0x80014e14
core   0: 0x80013e18 (0x1e3f2623) sw      gp, 492(t5)
core   0: 3 0x80013e18 (0x1e3f2623) mem 0x80015000 0x00000001
core   0: 0x80013e1c (0xff9ff06f) j       pc - 0x8
core   0: 3 0x80013e1c (0xff9ff06f)
core   0: 0x80013e14 (0x00001f17) auipc   t5, 0x1
core   0: 3 0x80013e14 (0x00001f17) x30 0x80014e14
core   0: 0x80013e18 (0x1e3f2623) sw      gp, 492(t5)
core   0: 3 0x80013e18 (0x1e3f2623) mem 0x80015000 0x00000001
core   0: 0x80013e1c (0xff9ff06f) j       pc - 0x8
core   0: 3 0x80013e1c (0xff9ff06f)
core   0: 0x80013e14 (0x00001f17) auipc   t5, 0x1
core   0: 3 0x80013e14 (0x00001f17) x30 0x80014e14
core   0: 0x80013e18 (0x1e3f2623) sw      gp, 492(t5)
core   0: 3 0x80013e18 (0x1e3f2623) mem 0x80015000 0x00000001
core   0: 0x80013e1c (0xff9ff06f) j       pc - 0x8
core   0: 3 0x80013e1c (0xff9ff06f)
core   0: 0x80013e14 (0x00001f17) auipc   t5, 0x1
core   0: 3 0x80013e14 (0x00001f17) x30 0x80014e14
core   0: 0x80013e18 (0x1e3f2623) sw      gp, 492(t5)
core   0: 3 0x80013e18 (0x1e3f2623) mem 0x80015000 0x00000001
core   0: 0x80013e1c (0xff9ff06f) j       pc - 0x8
core   0: 3 0x80013e1c (0xff9ff06f)
core   0: 0x80013e14 (0x00001f17) auipc   t5, 0x1
core   0: 3 0x80013e14 (0x00001f17) x30 0x80014e14
core   0: 0x80013e18 (0x1e3f2623) sw      gp, 492(t5)
core   0: 3 0x80013e18 (0x1e3f2623) mem 0x80015000 0x00000001
core   0: 0x80013e1c (0xff9ff06f) j       pc - 0x8
core   0: 3 0x80013e1c (0xff9ff06f)
core   0: 0x80013e14 (0x00001f17) auipc   t5, 0x1
core   0: 3 0x80013e14 (0x00001f17) x30 0x80014e14
core   0: 0x80013e18 (0x1e3f2623) sw      gp, 492(t5)
core   0: 3 0x80013e18 (0x1e3f2623) mem 0x80015000 0x00000001
core   0: 0x80013e1c (0xff9ff06f) j       pc - 0x8
core   0: 3 0x80013e1c (0xff9ff06f)
core   0: 0x80013e14 (0x00001f17) auipc   t5, 0x1
core   0: 3 0x80013e14 (0x00001f17) x30 0x80014e14
core   0: 0x80013e18 (0x1e3f2623) sw      gp, 492(t5)
core   0: 3 0x80013e18 (0x1e3f2623) mem 0x80015000 0x00000001
core   0: 0x80013e1c (0xff9ff06f) j       pc - 0x8
core   0: 3 0x80013e1c (0xff9ff06f)
core   0: 0x80013e14 (0x00001f17) auipc   t5, 0x1
core   0: 3 0x80013e14 (0x00001f17) x30 0x80014e14
core   0: 0x80013e18 (0x1e3f2623) sw      gp, 492(t5)
core   0: 3 0x80013e18 (0x1e3f2623) mem 0x80015000 0x00000001
core   0: 0x80013e1c (0xff9ff06f) j       pc - 0x8
core   0: 3 0x80013e1c (0xff9ff06f)
core   0: 0x80013e14 (0x00001f17) auipc   t5, 0x1
core   0: 3 0x80013e14 (0x00001f17) x30 0x80014e14
core   0: 0x80013e18 (0x1e3f2623) sw      gp, 492(t5)
core   0: 3 0x80013e18 (0x1e3f2623) mem 0x80015000 0x00000001
core   0: 0x80013e1c (0xff9ff06f) j       pc - 0x8
core   0: 3 0x80013e1c (0xff9ff06f)
core   0: 0x80013e14 (0x00001f17) auipc   t5, 0x1
core   0: 3 0x80013e14 (0x00001f17) x30 0x80014e14
core   0: 0x80013e18 (0x1e3f2623) sw      gp, 492(t5)
core   0: 3 0x80013e18 (0x1e3f2623) mem 0x80015000 0x00000001
core   0: 0x80013e1c (0xff9ff06f) j       pc - 0x8
core   0: 3 0x80013e1c (0xff9ff06f)
core   0: 0x80013e14 (0x00001f17) auipc   t5, 0x1
core   0: 3 0x80013e14 (0x00001f17) x30 0x80014e14
core   0: 0x80013e18 (0x1e3f2623) sw      gp, 492(t5)
core   0: 3 0x80013e18 (0x1e3f2623) mem 0x80015000 0x00000001
core   0: 0x80013e1c (0xff9ff06f) j       pc - 0x8
core   0: 3 0x80013e1c (0xff9ff06f)
core   0: 0x80013e14 (0x00001f17) auipc   t5, 0x1
core   0: 3 0x80013e14 (0x00001f17) x30 0x80014e14
core   0: 0x80013e18 (0x1e3f2623) sw      gp, 492(t5)
core   0: 3 0x80013e18 (0x1e3f2623) mem 0x80015000 0x00000001
core   0: 0x80013e1c (0xff9ff06f) j       pc - 0x8
core   0: 3 0x80013e1c (0xff9ff06f)
core   0: 0x80013e14 (0x00001f17) auipc   t5, 0x1
core   0: 3 0x80013e14 (0x00001f17) x30 0x80014e14
core   0: 0x80013e18 (0x1e3f2623) sw      gp, 492(t5)
core   0: 3 0x80013e18 (0x1e3f2623) mem 0x80015000 0x00000001
core   0: 0x80013e1c (0xff9ff06f) j       pc - 0x8
core   0: 3 0x80013e1c (0xff9ff06f)
core   0: 0x80013e14 (0x00001f17) auipc   t5, 0x1
core   0: 3 0x80013e14 (0x00001f17) x30 0x80014e14
core   0: 0x80013e18 (0x1e3f2623) sw      gp, 492(t5)
core   0: 3 0x80013e18 (0x1e3f2623) mem 0x80015000 0x00000001
core   0: 0x80013e1c (0xff9ff06f) j       pc - 0x8
core   0: 3 0x80013e1c (0xff9ff06f)
core   0: 0x80013e14 (0x00001f17) auipc   t5, 0x1
core   0: 3 0x80013e14 (0x00001f17) x30 0x80014e14
core   0: 0x80013e18 (0x1e3f2623) sw      gp, 492(t5)
core   0: 3 0x80013e18 (0x1e3f2623) mem 0x80015000 0x00000001
core   0: 0x80013e1c (0xff9ff06f) j       pc - 0x8
core   0: 3 0x80013e1c (0xff9ff06f)
core   0: 0x80013e14 (0x00001f17) auipc   t5, 0x1
core   0: 3 0x80013e14 (0x00001f17) x30 0x80014e14
core   0: 0x80013e18 (0x1e3f2623) sw      gp, 492(t5)
core   0: 3 0x80013e18 (0x1e3f2623) mem 0x80015000 0x00000001
core   0: 0x80013e1c (0xff9ff06f) j       pc - 0x8
core   0: 3 0x80013e1c (0xff9ff06f)
core   0: 0x80013e14 (0x00001f17) auipc   t5, 0x1
core   0: 3 0x80013e14 (0x00001f17) x30 0x80014e14
core   0: 0x80013e18 (0x1e3f2623) sw      gp, 492(t5)
core   0: 3 0x80013e18 (0x1e3f2623) mem 0x80015000 0x00000001
core   0: 0x80013e1c (0xff9ff06f) j       pc - 0x8
core   0: 3 0x80013e1c (0xff9ff06f)
core   0: 0x80013e14 (0x00001f17) auipc   t5, 0x1
core   0: 3 0x80013e14 (0x00001f17) x30 0x80014e14
core   0: 0x80013e18 (0x1e3f2623) sw      gp, 492(t5)
core   0: 3 0x80013e18 (0x1e3f2623) mem 0x80015000 0x00000001
core   0: 0x80013e1c (0xff9ff06f) j       pc - 0x8
core   0: 3 0x80013e1c (0xff9ff06f)
core   0: 0x80013e14 (0x00001f17) auipc   t5, 0x1
core   0: 3 0x80013e14 (0x00001f17) x30 0x80014e14
core   0: 0x80013e18 (0x1e3f2623) sw      gp, 492(t5)
core   0: 3 0x80013e18 (0x1e3f2623) mem 0x80015000 0x00000001
core   0: 0x80013e1c (0xff9ff06f) j       pc - 0x8
core   0: 3 0x80013e1c (0xff9ff06f)
core   0: 0x80013e14 (0x00001f17) auipc   t5, 0x1
core   0: 3 0x80013e14 (0x00001f17) x30 0x80014e14
core   0: 0x80013e18 (0x1e3f2623) sw      gp, 492(t5)
core   0: 3 0x80013e18 (0x1e3f2623) mem 0x80015000 0x00000001
core   0: 0x80013e1c (0xff9ff06f) j       pc - 0x8
core   0: 3 0x80013e1c (0xff9ff06f)
core   0: 0x80013e14 (0x00001f17) auipc   t5, 0x1
core   0: 3 0x80013e14 (0x00001f17) x30 0x80014e14
core   0: 0x80013e18 (0x1e3f2623) sw      gp, 492(t5)
core   0: 3 0x80013e18 (0x1e3f2623) mem 0x80015000 0x00000001
core   0: 0x80013e1c (0xff9ff06f) j       pc - 0x8
core   0: 3 0x80013e1c (0xff9ff06f)
core   0: 0x80013e14 (0x00001f17) auipc   t5, 0x1
core   0: 3 0x80013e14 (0x00001f17) x30 0x80014e14
core   0: 0x80013e18 (0x1e3f2623) sw      gp, 492(t5)
core   0: 3 0x80013e18 (0x1e3f2623) mem 0x80015000 0x00000001
core   0: 0x80013e1c (0xff9ff06f) j       pc - 0x8
core   0: 3 0x80013e1c (0xff9ff06f)
core   0: 0x80013e14 (0x00001f17) auipc   t5, 0x1
core   0: 3 0x80013e14 (0x00001f17) x30 0x80014e14
core   0: 0x80013e18 (0x1e3f2623) sw      gp, 492(t5)
core   0: 3 0x80013e18 (0x1e3f2623) mem 0x80015000 0x00000001
core   0: 0x80013e1c (0xff9ff06f) j       pc - 0x8
core   0: 3 0x80013e1c (0xff9ff06f)
core   0: 0x80013e14 (0x00001f17) auipc   t5, 0x1
core   0: 3 0x80013e14 (0x00001f17) x30 0x80014e14
core   0: 0x80013e18 (0x1e3f2623) sw      gp, 492(t5)
core   0: 3 0x80013e18 (0x1e3f2623) mem 0x80015000 0x00000001
core   0: 0x80013e1c (0xff9ff06f) j       pc - 0x8
core   0: 3 0x80013e1c (0xff9ff06f)
core   0: 0x80013e14 (0x00001f17) auipc   t5, 0x1
core   0: 3 0x80013e14 (0x00001f17) x30 0x80014e14
core   0: 0x80013e18 (0x1e3f2623) sw      gp, 492(t5)
core   0: 3 0x80013e18 (0x1e3f2623) mem 0x80015000 0x00000001
core   0: 0x80013e1c (0xff9ff06f) j       pc - 0x8
core   0: 3 0x80013e1c (0xff9ff06f)
core   0: 0x80013e14 (0x00001f17) auipc   t5, 0x1
core   0: 3 0x80013e14 (0x00001f17) x30 0x80014e14
core   0: 0x80013e18 (0x1e3f2623) sw      gp, 492(t5)
core   0: 3 0x80013e18 (0x1e3f2623) mem 0x80015000 0x00000001
core   0: 0x80013e1c (0xff9ff06f) j       pc - 0x8
core   0: 3 0x80013e1c (0xff9ff06f)
core   0: 0x80013e14 (0x00001f17) auipc   t5, 0x1
core   0: 3 0x80013e14 (0x00001f17) x30 0x80014e14
core   0: 0x80013e18 (0x1e3f2623) sw      gp, 492(t5)
core   0: 3 0x80013e18 (0x1e3f2623) mem 0x80015000 0x00000001
core   0: 0x80013e1c (0xff9ff06f) j       pc - 0x8
core   0: 3 0x80013e1c (0xff9ff06f)
core   0: 0x80013e14 (0x00001f17) auipc   t5, 0x1
core   0: 3 0x80013e14 (0x00001f17) x30 0x80014e14
core   0: 0x80013e18 (0x1e3f2623) sw      gp, 492(t5)
core   0: 3 0x80013e18 (0x1e3f2623) mem 0x80015000 0x00000001
core   0: 0x80013e1c (0xff9ff06f) j       pc - 0x8
core   0: 3 0x80013e1c (0xff9ff06f)
core   0: 0x80013e14 (0x00001f17) auipc   t5, 0x1
core   0: 3 0x80013e14 (0x00001f17) x30 0x80014e14
core   0: 0x80013e18 (0x1e3f2623) sw      gp, 492(t5)
core   0: 3 0x80013e18 (0x1e3f2623) mem 0x80015000 0x00000001
core   0: 0x80013e1c (0xff9ff06f) j       pc - 0x8
core   0: 3 0x80013e1c (0xff9ff06f)
core   0: 0x80013e14 (0x00001f17) auipc   t5, 0x1
core   0: 3 0x80013e14 (0x00001f17) x30 0x80014e14
core   0: 0x80013e18 (0x1e3f2623) sw      gp, 492(t5)
core   0: 3 0x80013e18 (0x1e3f2623) mem 0x80015000 0x00000001
core   0: 0x80013e1c (0xff9ff06f) j       pc - 0x8
core   0: 3 0x80013e1c (0xff9ff06f)
core   0: 0x80013e14 (0x00001f17) auipc   t5, 0x1
core   0: 3 0x80013e14 (0x00001f17) x30 0x80014e14
core   0: 0x80013e18 (0x1e3f2623) sw      gp, 492(t5)
core   0: 3 0x80013e18 (0x1e3f2623) mem 0x80015000 0x00000001
core   0: 0x80013e1c (0xff9ff06f) j       pc - 0x8
core   0: 3 0x80013e1c (0xff9ff06f)
core   0: 0x80013e14 (0x00001f17) auipc   t5, 0x1
core   0: 3 0x80013e14 (0x00001f17) x30 0x80014e14
core   0: 0x80013e18 (0x1e3f2623) sw      gp, 492(t5)
core   0: 3 0x80013e18 (0x1e3f2623) mem 0x80015000 0x00000001
core   0: 0x80013e1c (0xff9ff06f) j       pc - 0x8
core   0: 3 0x80013e1c (0xff9ff06f)
core   0: 0x80013e14 (0x00001f17) auipc   t5, 0x1
core   0: 3 0x80013e14 (0x00001f17) x30 0x80014e14
core   0: 0x80013e18 (0x1e3f2623) sw      gp, 492(t5)
core   0: 3 0x80013e18 (0x1e3f2623) mem 0x80015000 0x00000001
core   0: 0x80013e1c (0xff9ff06f) j       pc - 0x8
core   0: 3 0x80013e1c (0xff9ff06f)
core   0: 0x80013e14 (0x00001f17) auipc   t5, 0x1
core   0: 3 0x80013e14 (0x00001f17) x30 0x80014e14
core   0: 0x80013e18 (0x1e3f2623) sw      gp, 492(t5)
core   0: 3 0x80013e18 (0x1e3f2623) mem 0x80015000 0x00000001
core   0: 0x80013e1c (0xff9ff06f) j       pc - 0x8
core   0: 3 0x80013e1c (0xff9ff06f)
core   0: 0x80013e14 (0x00001f17) auipc   t5, 0x1
core   0: 3 0x80013e14 (0x00001f17) x30 0x80014e14
core   0: 0x80013e18 (0x1e3f2623) sw      gp, 492(t5)
core   0: 3 0x80013e18 (0x1e3f2623) mem 0x80015000 0x00000001
core   0: 0x80013e1c (0xff9ff06f) j       pc - 0x8
core   0: 3 0x80013e1c (0xff9ff06f)
core   0: 0x80013e14 (0x00001f17) auipc   t5, 0x1
core   0: 3 0x80013e14 (0x00001f17) x30 0x80014e14
core   0: 0x80013e18 (0x1e3f2623) sw      gp, 492(t5)
core   0: 3 0x80013e18 (0x1e3f2623) mem 0x80015000 0x00000001
core   0: 0x80013e1c (0xff9ff06f) j       pc - 0x8
core   0: 3 0x80013e1c (0xff9ff06f)
core   0: 0x80013e14 (0x00001f17) auipc   t5, 0x1
core   0: 3 0x80013e14 (0x00001f17) x30 0x80014e14
core   0: 0x80013e18 (0x1e3f2623) sw      gp, 492(t5)
core   0: 3 0x80013e18 (0x1e3f2623) mem 0x80015000 0x00000001
core   0: 0x80013e1c (0xff9ff06f) j       pc - 0x8
core   0: 3 0x80013e1c (0xff9ff06f)
core   0: 0x80013e14 (0x00001f17) auipc   t5, 0x1
core   0: 3 0x80013e14 (0x00001f17) x30 0x80014e14
core   0: 0x80013e18 (0x1e3f2623) sw      gp, 492(t5)
core   0: 3 0x80013e18 (0x1e3f2623) mem 0x80015000 0x00000001
core   0: 0x80013e1c (0xff9ff06f) j       pc - 0x8
core   0: 3 0x80013e1c (0xff9ff06f)
core   0: 0x80013e14 (0x00001f17) auipc   t5, 0x1
core   0: 3 0x80013e14 (0x00001f17) x30 0x80014e14
core   0: 0x80013e18 (0x1e3f2623) sw      gp, 492(t5)
core   0: 3 0x80013e18 (0x1e3f2623) mem 0x80015000 0x00000001
core   0: 0x80013e1c (0xff9ff06f) j       pc - 0x8
core   0: 3 0x80013e1c (0xff9ff06f)
core   0: 0x80013e14 (0x00001f17) auipc   t5, 0x1
core   0: 3 0x80013e14 (0x00001f17) x30 0x80014e14
core   0: 0x80013e18 (0x1e3f2623) sw      gp, 492(t5)
core   0: 3 0x80013e18 (0x1e3f2623) mem 0x80015000 0x00000001
core   0: 0x80013e1c (0xff9ff06f) j       pc - 0x8
core   0: 3 0x80013e1c (0xff9ff06f)
core   0: 0x80013e14 (0x00001f17) auipc   t5, 0x1
core   0: 3 0x80013e14 (0x00001f17) x30 0x80014e14
core   0: 0x80013e18 (0x1e3f2623) sw      gp, 492(t5)
core   0: 3 0x80013e18 (0x1e3f2623) mem 0x80015000 0x00000001
core   0: 0x80013e1c (0xff9ff06f) j       pc - 0x8
core   0: 3 0x80013e1c (0xff9ff06f)
core   0: 0x80013e14 (0x00001f17) auipc   t5, 0x1
core   0: 3 0x80013e14 (0x00001f17) x30 0x80014e14
core   0: 0x80013e18 (0x1e3f2623) sw      gp, 492(t5)
core   0: 3 0x80013e18 (0x1e3f2623) mem 0x80015000 0x00000001
core   0: 0x80013e1c (0xff9ff06f) j       pc - 0x8
core   0: 3 0x80013e1c (0xff9ff06f)
core   0: 0x80013e14 (0x00001f17) auipc   t5, 0x1
core   0: 3 0x80013e14 (0x00001f17) x30 0x80014e14
core   0: 0x80013e18 (0x1e3f2623) sw      gp, 492(t5)
core   0: 3 0x80013e18 (0x1e3f2623) mem 0x80015000 0x00000001
core   0: 0x80013e1c (0xff9ff06f) j       pc - 0x8
core   0: 3 0x80013e1c (0xff9ff06f)
core   0: 0x80013e14 (0x00001f17) auipc   t5, 0x1
core   0: 3 0x80013e14 (0x00001f17) x30 0x80014e14
core   0: 0x80013e18 (0x1e3f2623) sw      gp, 492(t5)
core   0: 3 0x80013e18 (0x1e3f2623) mem 0x80015000 0x00000001
core   0: 0x80013e1c (0xff9ff06f) j       pc - 0x8
core   0: 3 0x80013e1c (0xff9ff06f)
core   0: 0x80013e14 (0x00001f17) auipc   t5, 0x1
core   0: 3 0x80013e14 (0x00001f17) x30 0x80014e14
core   0: 0x80013e18 (0x1e3f2623) sw      gp, 492(t5)
core   0: 3 0x80013e18 (0x1e3f2623) mem 0x80015000 0x00000001
core   0: 0x80013e1c (0xff9ff06f) j       pc - 0x8
core   0: 3 0x80013e1c (0xff9ff06f)
core   0: 0x80013e14 (0x00001f17) auipc   t5, 0x1
core   0: 3 0x80013e14 (0x00001f17) x30 0x80014e14
core   0: 0x80013e18 (0x1e3f2623) sw      gp, 492(t5)
core   0: 3 0x80013e18 (0x1e3f2623) mem 0x80015000 0x00000001
core   0: 0x80013e1c (0xff9ff06f) j       pc - 0x8
core   0: 3 0x80013e1c (0xff9ff06f)
core   0: 0x80013e14 (0x00001f17) auipc   t5, 0x1
core   0: 3 0x80013e14 (0x00001f17) x30 0x80014e14
core   0: 0x80013e18 (0x1e3f2623) sw      gp, 492(t5)
core   0: 3 0x80013e18 (0x1e3f2623) mem 0x80015000 0x00000001
core   0: 0x80013e1c (0xff9ff06f) j       pc - 0x8
core   0: 3 0x80013e1c (0xff9ff06f)
core   0: 0x80013e14 (0x00001f17) auipc   t5, 0x1
core   0: 3 0x80013e14 (0x00001f17) x30 0x80014e14
core   0: 0x80013e18 (0x1e3f2623) sw      gp, 492(t5)
core   0: 3 0x80013e18 (0x1e3f2623) mem 0x80015000 0x00000001
core   0: 0x80013e1c (0xff9ff06f) j       pc - 0x8
core   0: 3 0x80013e1c (0xff9ff06f)
core   0: 0x80013e14 (0x00001f17) auipc   t5, 0x1
core   0: 3 0x80013e14 (0x00001f17) x30 0x80014e14
core   0: 0x80013e18 (0x1e3f2623) sw      gp, 492(t5)
core   0: 3 0x80013e18 (0x1e3f2623) mem 0x80015000 0x00000001
core   0: 0x80013e1c (0xff9ff06f) j       pc - 0x8
core   0: 3 0x80013e1c (0xff9ff06f)
core   0: 0x80013e14 (0x00001f17) auipc   t5, 0x1
core   0: 3 0x80013e14 (0x00001f17) x30 0x80014e14
core   0: 0x80013e18 (0x1e3f2623) sw      gp, 492(t5)
core   0: 3 0x80013e18 (0x1e3f2623) mem 0x80015000 0x00000001
core   0: 0x80013e1c (0xff9ff06f) j       pc - 0x8
core   0: 3 0x80013e1c (0xff9ff06f)
core   0: 0x80013e14 (0x00001f17) auipc   t5, 0x1
core   0: 3 0x80013e14 (0x00001f17) x30 0x80014e14
core   0: 0x80013e18 (0x1e3f2623) sw      gp, 492(t5)
core   0: 3 0x80013e18 (0x1e3f2623) mem 0x80015000 0x00000001
core   0: 0x80013e1c (0xff9ff06f) j       pc - 0x8
core   0: 3 0x80013e1c (0xff9ff06f)
core   0: 0x80013e14 (0x00001f17) auipc   t5, 0x1
core   0: 3 0x80013e14 (0x00001f17) x30 0x80014e14
core   0: 0x80013e18 (0x1e3f2623) sw      gp, 492(t5)
core   0: 3 0x80013e18 (0x1e3f2623) mem 0x80015000 0x00000001
core   0: 0x80013e1c (0xff9ff06f) j       pc - 0x8
core   0: 3 0x80013e1c (0xff9ff06f)
core   0: 0x80013e14 (0x00001f17) auipc   t5, 0x1
core   0: 3 0x80013e14 (0x00001f17) x30 0x80014e14
core   0: 0x80013e18 (0x1e3f2623) sw      gp, 492(t5)
core   0: 3 0x80013e18 (0x1e3f2623) mem 0x80015000 0x00000001
core   0: 0x80013e1c (0xff9ff06f) j       pc - 0x8
core   0: 3 0x80013e1c (0xff9ff06f)
core   0: 0x80013e14 (0x00001f17) auipc   t5, 0x1
core   0: 3 0x80013e14 (0x00001f17) x30 0x80014e14
core   0: 0x80013e18 (0x1e3f2623) sw      gp, 492(t5)
core   0: 3 0x80013e18 (0x1e3f2623) mem 0x80015000 0x00000001
core   0: 0x80013e1c (0xff9ff06f) j       pc - 0x8
core   0: 3 0x80013e1c (0xff9ff06f)
core   0: 0x80013e14 (0x00001f17) auipc   t5, 0x1
core   0: 3 0x80013e14 (0x00001f17) x30 0x80014e14
core   0: 0x80013e18 (0x1e3f2623) sw      gp, 492(t5)
core   0: 3 0x80013e18 (0x1e3f2623) mem 0x80015000 0x00000001
core   0: 0x80013e1c (0xff9ff06f) j       pc - 0x8
core   0: 3 0x80013e1c (0xff9ff06f)
core   0: 0x80013e14 (0x00001f17) auipc   t5, 0x1
core   0: 3 0x80013e14 (0x00001f17) x30 0x80014e14
core   0: 0x80013e18 (0x1e3f2623) sw      gp, 492(t5)
core   0: 3 0x80013e18 (0x1e3f2623) mem 0x80015000 0x00000001
core   0: 0x80013e1c (0xff9ff06f) j       pc - 0x8
core   0: 3 0x80013e1c (0xff9ff06f)
core   0: 0x80013e14 (0x00001f17) auipc   t5, 0x1
core   0: 3 0x80013e14 (0x00001f17) x30 0x80014e14
core   0: 0x80013e18 (0x1e3f2623) sw      gp, 492(t5)
core   0: 3 0x80013e18 (0x1e3f2623) mem 0x80015000 0x00000001
core   0: 0x80013e1c (0xff9ff06f) j       pc - 0x8
core   0: 3 0x80013e1c (0xff9ff06f)
core   0: 0x80013e14 (0x00001f17) auipc   t5, 0x1
core   0: 3 0x80013e14 (0x00001f17) x30 0x80014e14
core   0: 0x80013e18 (0x1e3f2623) sw      gp, 492(t5)
core   0: 3 0x80013e18 (0x1e3f2623) mem 0x80015000 0x00000001
core   0: 0x80013e1c (0xff9ff06f) j       pc - 0x8
core   0: 3 0x80013e1c (0xff9ff06f)
core   0: 0x80013e14 (0x00001f17) auipc   t5, 0x1
core   0: 3 0x80013e14 (0x00001f17) x30 0x80014e14
core   0: 0x80013e18 (0x1e3f2623) sw      gp, 492(t5)
core   0: 3 0x80013e18 (0x1e3f2623) mem 0x80015000 0x00000001
core   0: 0x80013e1c (0xff9ff06f) j       pc - 0x8
core   0: 3 0x80013e1c (0xff9ff06f)
core   0: 0x80013e14 (0x00001f17) auipc   t5, 0x1
core   0: 3 0x80013e14 (0x00001f17) x30 0x80014e14
core   0: 0x80013e18 (0x1e3f2623) sw      gp, 492(t5)
core   0: 3 0x80013e18 (0x1e3f2623) mem 0x80015000 0x00000001
core   0: 0x80013e1c (0xff9ff06f) j       pc - 0x8
core   0: 3 0x80013e1c (0xff9ff06f)
core   0: 0x80013e14 (0x00001f17) auipc   t5, 0x1
core   0: 3 0x80013e14 (0x00001f17) x30 0x80014e14
core   0: 0x80013e18 (0x1e3f2623) sw      gp, 492(t5)
core   0: 3 0x80013e18 (0x1e3f2623) mem 0x80015000 0x00000001
core   0: 0x80013e1c (0xff9ff06f) j       pc - 0x8
core   0: 3 0x80013e1c (0xff9ff06f)
core   0: 0x80013e14 (0x00001f17) auipc   t5, 0x1
core   0: 3 0x80013e14 (0x00001f17) x30 0x80014e14
core   0: 0x80013e18 (0x1e3f2623) sw      gp, 492(t5)
core   0: 3 0x80013e18 (0x1e3f2623) mem 0x80015000 0x00000001
core   0: 0x80013e1c (0xff9ff06f) j       pc - 0x8
core   0: 3 0x80013e1c (0xff9ff06f)
core   0: 0x80013e14 (0x00001f17) auipc   t5, 0x1
core   0: 3 0x80013e14 (0x00001f17) x30 0x80014e14
core   0: 0x80013e18 (0x1e3f2623) sw      gp, 492(t5)
core   0: 3 0x80013e18 (0x1e3f2623) mem 0x80015000 0x00000001
core   0: 0x80013e1c (0xff9ff06f) j       pc - 0x8
core   0: 3 0x80013e1c (0xff9ff06f)
core   0: 0x80013e14 (0x00001f17) auipc   t5, 0x1
core   0: 3 0x80013e14 (0x00001f17) x30 0x80014e14
core   0: 0x80013e18 (0x1e3f2623) sw      gp, 492(t5)
core   0: 3 0x80013e18 (0x1e3f2623) mem 0x80015000 0x00000001
core   0: 0x80013e1c (0xff9ff06f) j       pc - 0x8
core   0: 3 0x80013e1c (0xff9ff06f)
core   0: 0x80013e14 (0x00001f17) auipc   t5, 0x1
core   0: 3 0x80013e14 (0x00001f17) x30 0x80014e14
core   0: 0x80013e18 (0x1e3f2623) sw      gp, 492(t5)
core   0: 3 0x80013e18 (0x1e3f2623) mem 0x80015000 0x00000001
core   0: 0x80013e1c (0xff9ff06f) j       pc - 0x8
core   0: 3 0x80013e1c (0xff9ff06f)
core   0: 0x80013e14 (0x00001f17) auipc   t5, 0x1
core   0: 3 0x80013e14 (0x00001f17) x30 0x80014e14
core   0: 0x80013e18 (0x1e3f2623) sw      gp, 492(t5)
core   0: 3 0x80013e18 (0x1e3f2623) mem 0x80015000 0x00000001
core   0: 0x80013e1c (0xff9ff06f) j       pc - 0x8
core   0: 3 0x80013e1c (0xff9ff06f)
core   0: 0x80013e14 (0x00001f17) auipc   t5, 0x1
core   0: 3 0x80013e14 (0x00001f17) x30 0x80014e14
core   0: 0x80013e18 (0x1e3f2623) sw      gp, 492(t5)
core   0: 3 0x80013e18 (0x1e3f2623) mem 0x80015000 0x00000001
core   0: 0x80013e1c (0xff9ff06f) j       pc - 0x8
core   0: 3 0x80013e1c (0xff9ff06f)
core   0: 0x80013e14 (0x00001f17) auipc   t5, 0x1
core   0: 3 0x80013e14 (0x00001f17) x30 0x80014e14
core   0: 0x80013e18 (0x1e3f2623) sw      gp, 492(t5)
core   0: 3 0x80013e18 (0x1e3f2623) mem 0x80015000 0x00000001
core   0: 0x80013e1c (0xff9ff06f) j       pc - 0x8
core   0: 3 0x80013e1c (0xff9ff06f)
core   0: 0x80013e14 (0x00001f17) auipc   t5, 0x1
core   0: 3 0x80013e14 (0x00001f17) x30 0x80014e14
core   0: 0x80013e18 (0x1e3f2623) sw      gp, 492(t5)
core   0: 3 0x80013e18 (0x1e3f2623) mem 0x80015000 0x00000001
core   0: 0x80013e1c (0xff9ff06f) j       pc - 0x8
core   0: 3 0x80013e1c (0xff9ff06f)
core   0: 0x80013e14 (0x00001f17) auipc   t5, 0x1
core   0: 3 0x80013e14 (0x00001f17) x30 0x80014e14
core   0: 0x80013e18 (0x1e3f2623) sw      gp, 492(t5)
core   0: 3 0x80013e18 (0x1e3f2623) mem 0x80015000 0x00000001
core   0: 0x80013e1c (0xff9ff06f) j       pc - 0x8
core   0: 3 0x80013e1c (0xff9ff06f)
core   0: 0x80013e14 (0x00001f17) auipc   t5, 0x1
core   0: 3 0x80013e14 (0x00001f17) x30 0x80014e14
core   0: 0x80013e18 (0x1e3f2623) sw      gp, 492(t5)
core   0: 3 0x80013e18 (0x1e3f2623) mem 0x80015000 0x00000001
core   0: 0x80013e1c (0xff9ff06f) j       pc - 0x8
core   0: 3 0x80013e1c (0xff9ff06f)
core   0: 0x80013e14 (0x00001f17) auipc   t5, 0x1
core   0: 3 0x80013e14 (0x00001f17) x30 0x80014e14
core   0: 0x80013e18 (0x1e3f2623) sw      gp, 492(t5)
core   0: 3 0x80013e18 (0x1e3f2623) mem 0x80015000 0x00000001
core   0: 0x80013e1c (0xff9ff06f) j       pc - 0x8
core   0: 3 0x80013e1c (0xff9ff06f)
core   0: 0x80013e14 (0x00001f17) auipc   t5, 0x1
core   0: 3 0x80013e14 (0x00001f17) x30 0x80014e14
core   0: 0x80013e18 (0x1e3f2623) sw      gp, 492(t5)
core   0: 3 0x80013e18 (0x1e3f2623) mem 0x80015000 0x00000001
core   0: 0x80013e1c (0xff9ff06f) j       pc - 0x8
core   0: 3 0x80013e1c (0xff9ff06f)
core   0: 0x80013e14 (0x00001f17) auipc   t5, 0x1
core   0: 3 0x80013e14 (0x00001f17) x30 0x80014e14
core   0: 0x80013e18 (0x1e3f2623) sw      gp, 492(t5)
core   0: 3 0x80013e18 (0x1e3f2623) mem 0x80015000 0x00000001
core   0: 0x80013e1c (0xff9ff06f) j       pc - 0x8
core   0: 3 0x80013e1c (0xff9ff06f)
core   0: 0x80013e14 (0x00001f17) auipc   t5, 0x1
core   0: 3 0x80013e14 (0x00001f17) x30 0x80014e14
core   0: 0x80013e18 (0x1e3f2623) sw      gp, 492(t5)
core   0: 3 0x80013e18 (0x1e3f2623) mem 0x80015000 0x00000001
core   0: 0x80013e1c (0xff9ff06f) j       pc - 0x8
core   0: 3 0x80013e1c (0xff9ff06f)
core   0: 0x80013e14 (0x00001f17) auipc   t5, 0x1
core   0: 3 0x80013e14 (0x00001f17) x30 0x80014e14
core   0: 0x80013e18 (0x1e3f2623) sw      gp, 492(t5)
core   0: 3 0x80013e18 (0x1e3f2623) mem 0x80015000 0x00000001
core   0: 0x80013e1c (0xff9ff06f) j       pc - 0x8
core   0: 3 0x80013e1c (0xff9ff06f)
core   0: 0x80013e14 (0x00001f17) auipc   t5, 0x1
core   0: 3 0x80013e14 (0x00001f17) x30 0x80014e14
core   0: 0x80013e18 (0x1e3f2623) sw      gp, 492(t5)
core   0: 3 0x80013e18 (0x1e3f2623) mem 0x80015000 0x00000001
core   0: 0x80013e1c (0xff9ff06f) j       pc - 0x8
core   0: 3 0x80013e1c (0xff9ff06f)
core   0: 0x80013e14 (0x00001f17) auipc   t5, 0x1
core   0: 3 0x80013e14 (0x00001f17) x30 0x80014e14
core   0: 0x80013e18 (0x1e3f2623) sw      gp, 492(t5)
core   0: 3 0x80013e18 (0x1e3f2623) mem 0x80015000 0x00000001
core   0: 0x80013e1c (0xff9ff06f) j       pc - 0x8
core   0: 3 0x80013e1c (0xff9ff06f)
core   0: 0x80013e14 (0x00001f17) auipc   t5, 0x1
core   0: 3 0x80013e14 (0x00001f17) x30 0x80014e14
core   0: 0x80013e18 (0x1e3f2623) sw      gp, 492(t5)
core   0: 3 0x80013e18 (0x1e3f2623) mem 0x80015000 0x00000001
core   0: 0x80013e1c (0xff9ff06f) j       pc - 0x8
core   0: 3 0x80013e1c (0xff9ff06f)
core   0: 0x80013e14 (0x00001f17) auipc   t5, 0x1
core   0: 3 0x80013e14 (0x00001f17) x30 0x80014e14
core   0: 0x80013e18 (0x1e3f2623) sw      gp, 492(t5)
core   0: 3 0x80013e18 (0x1e3f2623) mem 0x80015000 0x00000001
core   0: 0x80013e1c (0xff9ff06f) j       pc - 0x8
core   0: 3 0x80013e1c (0xff9ff06f)
core   0: 0x80013e14 (0x00001f17) auipc   t5, 0x1
core   0: 3 0x80013e14 (0x00001f17) x30 0x80014e14
core   0: 0x80013e18 (0x1e3f2623) sw      gp, 492(t5)
core   0: 3 0x80013e18 (0x1e3f2623) mem 0x80015000 0x00000001
core   0: 0x80013e1c (0xff9ff06f) j       pc - 0x8
core   0: 3 0x80013e1c (0xff9ff06f)
core   0: 0x80013e14 (0x00001f17) auipc   t5, 0x1
core   0: 3 0x80013e14 (0x00001f17) x30 0x80014e14
core   0: 0x80013e18 (0x1e3f2623) sw      gp, 492(t5)
core   0: 3 0x80013e18 (0x1e3f2623) mem 0x80015000 0x00000001
core   0: 0x80013e1c (0xff9ff06f) j       pc - 0x8
core   0: 3 0x80013e1c (0xff9ff06f)
core   0: 0x80013e14 (0x00001f17) auipc   t5, 0x1
core   0: 3 0x80013e14 (0x00001f17) x30 0x80014e14
core   0: 0x80013e18 (0x1e3f2623) sw      gp, 492(t5)
core   0: 3 0x80013e18 (0x1e3f2623) mem 0x80015000 0x00000001
core   0: 0x80013e1c (0xff9ff06f) j       pc - 0x8
core   0: 3 0x80013e1c (0xff9ff06f)
core   0: 0x80013e14 (0x00001f17) auipc   t5, 0x1
core   0: 3 0x80013e14 (0x00001f17) x30 0x80014e14
core   0: 0x80013e18 (0x1e3f2623) sw      gp, 492(t5)
core   0: 3 0x80013e18 (0x1e3f2623) mem 0x80015000 0x00000001
core   0: 0x80013e1c (0xff9ff06f) j       pc - 0x8
core   0: 3 0x80013e1c (0xff9ff06f)
core   0: 0x80013e14 (0x00001f17) auipc   t5, 0x1
core   0: 3 0x80013e14 (0x00001f17) x30 0x80014e14
core   0: 0x80013e18 (0x1e3f2623) sw      gp, 492(t5)
core   0: 3 0x80013e18 (0x1e3f2623) mem 0x80015000 0x00000001
core   0: 0x80013e1c (0xff9ff06f) j       pc - 0x8
core   0: 3 0x80013e1c (0xff9ff06f)
core   0: 0x80013e14 (0x00001f17) auipc   t5, 0x1
core   0: 3 0x80013e14 (0x00001f17) x30 0x80014e14
core   0: 0x80013e18 (0x1e3f2623) sw      gp, 492(t5)
core   0: 3 0x80013e18 (0x1e3f2623) mem 0x80015000 0x00000001
core   0: 0x80013e1c (0xff9ff06f) j       pc - 0x8
core   0: 3 0x80013e1c (0xff9ff06f)
core   0: 0x80013e14 (0x00001f17) auipc   t5, 0x1
core   0: 3 0x80013e14 (0x00001f17) x30 0x80014e14
core   0: 0x80013e18 (0x1e3f2623) sw      gp, 492(t5)
core   0: 3 0x80013e18 (0x1e3f2623) mem 0x80015000 0x00000001
core   0: 0x80013e1c (0xff9ff06f) j       pc - 0x8
core   0: 3 0x80013e1c (0xff9ff06f)
core   0: 0x80013e14 (0x00001f17) auipc   t5, 0x1
core   0: 3 0x80013e14 (0x00001f17) x30 0x80014e14
core   0: 0x80013e18 (0x1e3f2623) sw      gp, 492(t5)
core   0: 3 0x80013e18 (0x1e3f2623) mem 0x80015000 0x00000001
core   0: 0x80013e1c (0xff9ff06f) j       pc - 0x8
core   0: 3 0x80013e1c (0xff9ff06f)
core   0: 0x80013e14 (0x00001f17) auipc   t5, 0x1
core   0: 3 0x80013e14 (0x00001f17) x30 0x80014e14
core   0: 0x80013e18 (0x1e3f2623) sw      gp, 492(t5)
core   0: 3 0x80013e18 (0x1e3f2623) mem 0x80015000 0x00000001
core   0: 0x80013e1c (0xff9ff06f) j       pc - 0x8
core   0: 3 0x80013e1c (0xff9ff06f)
core   0: 0x80013e14 (0x00001f17) auipc   t5, 0x1
core   0: 3 0x80013e14 (0x00001f17) x30 0x80014e14
core   0: 0x80013e18 (0x1e3f2623) sw      gp, 492(t5)
core   0: 3 0x80013e18 (0x1e3f2623) mem 0x80015000 0x00000001
core   0: 0x80013e1c (0xff9ff06f) j       pc - 0x8
core   0: 3 0x80013e1c (0xff9ff06f)
core   0: 0x80013e14 (0x00001f17) auipc   t5, 0x1
core   0: 3 0x80013e14 (0x00001f17) x30 0x80014e14
core   0: 0x80013e18 (0x1e3f2623) sw      gp, 492(t5)
core   0: 3 0x80013e18 (0x1e3f2623) mem 0x80015000 0x00000001
core   0: 0x80013e1c (0xff9ff06f) j       pc - 0x8
core   0: 3 0x80013e1c (0xff9ff06f)
core   0: 0x80013e14 (0x00001f17) auipc   t5, 0x1
core   0: 3 0x80013e14 (0x00001f17) x30 0x80014e14
core   0: 0x80013e18 (0x1e3f2623) sw      gp, 492(t5)
core   0: 3 0x80013e18 (0x1e3f2623) mem 0x80015000 0x00000001
core   0: 0x80013e1c (0xff9ff06f) j       pc - 0x8
core   0: 3 0x80013e1c (0xff9ff06f)
core   0: 0x80013e14 (0x00001f17) auipc   t5, 0x1
core   0: 3 0x80013e14 (0x00001f17) x30 0x80014e14
core   0: 0x80013e18 (0x1e3f2623) sw      gp, 492(t5)
core   0: 3 0x80013e18 (0x1e3f2623) mem 0x80015000 0x00000001
core   0: 0x80013e1c (0xff9ff06f) j       pc - 0x8
core   0: 3 0x80013e1c (0xff9ff06f)
core   0: 0x80013e14 (0x00001f17) auipc   t5, 0x1
core   0: 3 0x80013e14 (0x00001f17) x30 0x80014e14
core   0: 0x80013e18 (0x1e3f2623) sw      gp, 492(t5)
core   0: 3 0x80013e18 (0x1e3f2623) mem 0x80015000 0x00000001
core   0: 0x80013e1c (0xff9ff06f) j       pc - 0x8
core   0: 3 0x80013e1c (0xff9ff06f)
core   0: 0x80013e14 (0x00001f17) auipc   t5, 0x1
core   0: 3 0x80013e14 (0x00001f17) x30 0x80014e14
core   0: 0x80013e18 (0x1e3f2623) sw      gp, 492(t5)
core   0: 3 0x80013e18 (0x1e3f2623) mem 0x80015000 0x00000001
core   0: 0x80013e1c (0xff9ff06f) j       pc - 0x8
core   0: 3 0x80013e1c (0xff9ff06f)
core   0: 0x80013e14 (0x00001f17) auipc   t5, 0x1
core   0: 3 0x80013e14 (0x00001f17) x30 0x80014e14
core   0: 0x80013e18 (0x1e3f2623) sw      gp, 492(t5)
core   0: 3 0x80013e18 (0x1e3f2623) mem 0x80015000 0x00000001
core   0: 0x80013e1c (0xff9ff06f) j       pc - 0x8
core   0: 3 0x80013e1c (0xff9ff06f)
core   0: 0x80013e14 (0x00001f17) auipc   t5, 0x1
core   0: 3 0x80013e14 (0x00001f17) x30 0x80014e14
core   0: 0x80013e18 (0x1e3f2623) sw      gp, 492(t5)
core   0: 3 0x80013e18 (0x1e3f2623) mem 0x80015000 0x00000001
core   0: 0x80013e1c (0xff9ff06f) j       pc - 0x8
core   0: 3 0x80013e1c (0xff9ff06f)
core   0: 0x80013e14 (0x00001f17) auipc   t5, 0x1
core   0: 3 0x80013e14 (0x00001f17) x30 0x80014e14
core   0: 0x80013e18 (0x1e3f2623) sw      gp, 492(t5)
core   0: 3 0x80013e18 (0x1e3f2623) mem 0x80015000 0x00000001
core   0: 0x80013e1c (0xff9ff06f) j       pc - 0x8
core   0: 3 0x80013e1c (0xff9ff06f)
core   0: 0x80013e14 (0x00001f17) auipc   t5, 0x1
core   0: 3 0x80013e14 (0x00001f17) x30 0x80014e14
core   0: 0x80013e18 (0x1e3f2623) sw      gp, 492(t5)
core   0: 3 0x80013e18 (0x1e3f2623) mem 0x80015000 0x00000001
core   0: 0x80013e1c (0xff9ff06f) j       pc - 0x8
core   0: 3 0x80013e1c (0xff9ff06f)
core   0: 0x80013e14 (0x00001f17) auipc   t5, 0x1
core   0: 3 0x80013e14 (0x00001f17) x30 0x80014e14
core   0: 0x80013e18 (0x1e3f2623) sw      gp, 492(t5)
core   0: 3 0x80013e18 (0x1e3f2623) mem 0x80015000 0x00000001
core   0: 0x80013e1c (0xff9ff06f) j       pc - 0x8
core   0: 3 0x80013e1c (0xff9ff06f)
core   0: 0x80013e14 (0x00001f17) auipc   t5, 0x1
core   0: 3 0x80013e14 (0x00001f17) x30 0x80014e14
core   0: 0x80013e18 (0x1e3f2623) sw      gp, 492(t5)
core   0: 3 0x80013e18 (0x1e3f2623) mem 0x80015000 0x00000001
core   0: 0x80013e1c (0xff9ff06f) j       pc - 0x8
core   0: 3 0x80013e1c (0xff9ff06f)
core   0: 0x80013e14 (0x00001f17) auipc   t5, 0x1
core   0: 3 0x80013e14 (0x00001f17) x30 0x80014e14
core   0: 0x80013e18 (0x1e3f2623) sw      gp, 492(t5)
core   0: 3 0x80013e18 (0x1e3f2623) mem 0x80015000 0x00000001
core   0: 0x80013e1c (0xff9ff06f) j       pc - 0x8
core   0: 3 0x80013e1c (0xff9ff06f)
core   0: 0x80013e14 (0x00001f17) auipc   t5, 0x1
core   0: 3 0x80013e14 (0x00001f17) x30 0x80014e14
core   0: 0x80013e18 (0x1e3f2623) sw      gp, 492(t5)
core   0: 3 0x80013e18 (0x1e3f2623) mem 0x80015000 0x00000001
core   0: 0x80013e1c (0xff9ff06f) j       pc - 0x8
core   0: 3 0x80013e1c (0xff9ff06f)
core   0: 0x80013e14 (0x00001f17) auipc   t5, 0x1
core   0: 3 0x80013e14 (0x00001f17) x30 0x80014e14
core   0: 0x80013e18 (0x1e3f2623) sw      gp, 492(t5)
core   0: 3 0x80013e18 (0x1e3f2623) mem 0x80015000 0x00000001
core   0: 0x80013e1c (0xff9ff06f) j       pc - 0x8
core   0: 3 0x80013e1c (0xff9ff06f)
core   0: 0x80013e14 (0x00001f17) auipc   t5, 0x1
core   0: 3 0x80013e14 (0x00001f17) x30 0x80014e14
core   0: 0x80013e18 (0x1e3f2623) sw      gp, 492(t5)
core   0: 3 0x80013e18 (0x1e3f2623) mem 0x80015000 0x00000001
core   0: 0x80013e1c (0xff9ff06f) j       pc - 0x8
core   0: 3 0x80013e1c (0xff9ff06f)
core   0: 0x80013e14 (0x00001f17) auipc   t5, 0x1
core   0: 3 0x80013e14 (0x00001f17) x30 0x80014e14
core   0: 0x80013e18 (0x1e3f2623) sw      gp, 492(t5)
core   0: 3 0x80013e18 (0x1e3f2623) mem 0x80015000 0x00000001
core   0: 0x80013e1c (0xff9ff06f) j       pc - 0x8
core   0: 3 0x80013e1c (0xff9ff06f)
core   0: 0x80013e14 (0x00001f17) auipc   t5, 0x1
core   0: 3 0x80013e14 (0x00001f17) x30 0x80014e14
core   0: 0x80013e18 (0x1e3f2623) sw      gp, 492(t5)
core   0: 3 0x80013e18 (0x1e3f2623) mem 0x80015000 0x00000001
core   0: 0x80013e1c (0xff9ff06f) j       pc - 0x8
core   0: 3 0x80013e1c (0xff9ff06f)
core   0: 0x80013e14 (0x00001f17) auipc   t5, 0x1
core   0: 3 0x80013e14 (0x00001f17) x30 0x80014e14
core   0: 0x80013e18 (0x1e3f2623) sw      gp, 492(t5)
core   0: 3 0x80013e18 (0x1e3f2623) mem 0x80015000 0x00000001
core   0: 0x80013e1c (0xff9ff06f) j       pc - 0x8
core   0: 3 0x80013e1c (0xff9ff06f)
core   0: 0x80013e14 (0x00001f17) auipc   t5, 0x1
core   0: 3 0x80013e14 (0x00001f17) x30 0x80014e14
core   0: 0x80013e18 (0x1e3f2623) sw      gp, 492(t5)
core   0: 3 0x80013e18 (0x1e3f2623) mem 0x80015000 0x00000001
core   0: 0x80013e1c (0xff9ff06f) j       pc - 0x8
core   0: 3 0x80013e1c (0xff9ff06f)
core   0: 0x80013e14 (0x00001f17) auipc   t5, 0x1
core   0: 3 0x80013e14 (0x00001f17) x30 0x80014e14
core   0: 0x80013e18 (0x1e3f2623) sw      gp, 492(t5)
core   0: 3 0x80013e18 (0x1e3f2623) mem 0x80015000 0x00000001
core   0: 0x80013e1c (0xff9ff06f) j       pc - 0x8
core   0: 3 0x80013e1c (0xff9ff06f)
core   0: 0x80013e14 (0x00001f17) auipc   t5, 0x1
core   0: 3 0x80013e14 (0x00001f17) x30 0x80014e14
core   0: 0x80013e18 (0x1e3f2623) sw      gp, 492(t5)
core   0: 3 0x80013e18 (0x1e3f2623) mem 0x80015000 0x00000001
core   0: 0x80013e1c (0xff9ff06f) j       pc - 0x8
core   0: 3 0x80013e1c (0xff9ff06f)
core   0: 0x80013e14 (0x00001f17) auipc   t5, 0x1
core   0: 3 0x80013e14 (0x00001f17) x30 0x80014e14
core   0: 0x80013e18 (0x1e3f2623) sw      gp, 492(t5)
core   0: 3 0x80013e18 (0x1e3f2623) mem 0x80015000 0x00000001
core   0: 0x80013e1c (0xff9ff06f) j       pc - 0x8
core   0: 3 0x80013e1c (0xff9ff06f)
core   0: 0x80013e14 (0x00001f17) auipc   t5, 0x1
core   0: 3 0x80013e14 (0x00001f17) x30 0x80014e14
core   0: 0x80013e18 (0x1e3f2623) sw      gp, 492(t5)
core   0: 3 0x80013e18 (0x1e3f2623) mem 0x80015000 0x00000001
core   0: 0x80013e1c (0xff9ff06f) j       pc - 0x8
core   0: 3 0x80013e1c (0xff9ff06f)
core   0: 0x80013e14 (0x00001f17) auipc   t5, 0x1
core   0: 3 0x80013e14 (0x00001f17) x30 0x80014e14
core   0: 0x80013e18 (0x1e3f2623) sw      gp, 492(t5)
core   0: 3 0x80013e18 (0x1e3f2623) mem 0x80015000 0x00000001
core   0: 0x80013e1c (0xff9ff06f) j       pc - 0x8
core   0: 3 0x80013e1c (0xff9ff06f)
core   0: 0x80013e14 (0x00001f17) auipc   t5, 0x1
core   0: 3 0x80013e14 (0x00001f17) x30 0x80014e14
core   0: 0x80013e18 (0x1e3f2623) sw      gp, 492(t5)
core   0: 3 0x80013e18 (0x1e3f2623) mem 0x80015000 0x00000001
core   0: 0x80013e1c (0xff9ff06f) j       pc - 0x8
core   0: 3 0x80013e1c (0xff9ff06f)
core   0: 0x80013e14 (0x00001f17) auipc   t5, 0x1
core   0: 3 0x80013e14 (0x00001f17) x30 0x80014e14
core   0: 0x80013e18 (0x1e3f2623) sw      gp, 492(t5)
core   0: 3 0x80013e18 (0x1e3f2623) mem 0x80015000 0x00000001
core   0: 0x80013e1c (0xff9ff06f) j       pc - 0x8
core   0: 3 0x80013e1c (0xff9ff06f)
core   0: 0x80013e14 (0x00001f17) auipc   t5, 0x1
core   0: 3 0x80013e14 (0x00001f17) x30 0x80014e14
core   0: 0x80013e18 (0x1e3f2623) sw      gp, 492(t5)
core   0: 3 0x80013e18 (0x1e3f2623) mem 0x80015000 0x00000001
core   0: 0x80013e1c (0xff9ff06f) j       pc - 0x8
core   0: 3 0x80013e1c (0xff9ff06f)
core   0: 0x80013e14 (0x00001f17) auipc   t5, 0x1
core   0: 3 0x80013e14 (0x00001f17) x30 0x80014e14
core   0: 0x80013e18 (0x1e3f2623) sw      gp, 492(t5)
core   0: 3 0x80013e18 (0x1e3f2623) mem 0x80015000 0x00000001
core   0: 0x80013e1c (0xff9ff06f) j       pc - 0x8
core   0: 3 0x80013e1c (0xff9ff06f)
core   0: 0x80013e14 (0x00001f17) auipc   t5, 0x1
core   0: 3 0x80013e14 (0x00001f17) x30 0x80014e14
core   0: 0x80013e18 (0x1e3f2623) sw      gp, 492(t5)
core   0: 3 0x80013e18 (0x1e3f2623) mem 0x80015000 0x00000001
core   0: 0x80013e1c (0xff9ff06f) j       pc - 0x8
core   0: 3 0x80013e1c (0xff9ff06f)
core   0: 0x80013e14 (0x00001f17) auipc   t5, 0x1
core   0: 3 0x80013e14 (0x00001f17) x30 0x80014e14
core   0: 0x80013e18 (0x1e3f2623) sw      gp, 492(t5)
core   0: 3 0x80013e18 (0x1e3f2623) mem 0x80015000 0x00000001
core   0: 0x80013e1c (0xff9ff06f) j       pc - 0x8
core   0: 3 0x80013e1c (0xff9ff06f)
core   0: 0x80013e14 (0x00001f17) auipc   t5, 0x1
core   0: 3 0x80013e14 (0x00001f17) x30 0x80014e14
core   0: 0x80013e18 (0x1e3f2623) sw      gp, 492(t5)
core   0: 3 0x80013e18 (0x1e3f2623) mem 0x80015000 0x00000001
core   0: 0x80013e1c (0xff9ff06f) j       pc - 0x8
core   0: 3 0x80013e1c (0xff9ff06f)
core   0: 0x80013e14 (0x00001f17) auipc   t5, 0x1
core   0: 3 0x80013e14 (0x00001f17) x30 0x80014e14
core   0: 0x80013e18 (0x1e3f2623) sw      gp, 492(t5)
core   0: 3 0x80013e18 (0x1e3f2623) mem 0x80015000 0x00000001
core   0: 0x80013e1c (0xff9ff06f) j       pc - 0x8
core   0: 3 0x80013e1c (0xff9ff06f)
core   0: 0x80013e14 (0x00001f17) auipc   t5, 0x1
core   0: 3 0x80013e14 (0x00001f17) x30 0x80014e14
core   0: 0x80013e18 (0x1e3f2623) sw      gp, 492(t5)
core   0: 3 0x80013e18 (0x1e3f2623) mem 0x80015000 0x00000001
core   0: 0x80013e1c (0xff9ff06f) j       pc - 0x8
core   0: 3 0x80013e1c (0xff9ff06f)
core   0: 0x80013e14 (0x00001f17) auipc   t5, 0x1
core   0: 3 0x80013e14 (0x00001f17) x30 0x80014e14
core   0: 0x80013e18 (0x1e3f2623) sw      gp, 492(t5)
core   0: 3 0x80013e18 (0x1e3f2623) mem 0x80015000 0x00000001
core   0: 0x80013e1c (0xff9ff06f) j       pc - 0x8
core   0: 3 0x80013e1c (0xff9ff06f)
core   0: 0x80013e14 (0x00001f17) auipc   t5, 0x1
core   0: 3 0x80013e14 (0x00001f17) x30 0x80014e14
core   0: 0x80013e18 (0x1e3f2623) sw      gp, 492(t5)
core   0: 3 0x80013e18 (0x1e3f2623) mem 0x80015000 0x00000001
core   0: 0x80013e1c (0xff9ff06f) j       pc - 0x8
core   0: 3 0x80013e1c (0xff9ff06f)
core   0: 0x80013e14 (0x00001f17) auipc   t5, 0x1
core   0: 3 0x80013e14 (0x00001f17) x30 0x80014e14
core   0: 0x80013e18 (0x1e3f2623) sw      gp, 492(t5)
core   0: 3 0x80013e18 (0x1e3f2623) mem 0x80015000 0x00000001
core   0: 0x80013e1c (0xff9ff06f) j       pc - 0x8
core   0: 3 0x80013e1c (0xff9ff06f)
core   0: 0x80013e14 (0x00001f17) auipc   t5, 0x1
core   0: 3 0x80013e14 (0x00001f17) x30 0x80014e14
core   0: 0x80013e18 (0x1e3f2623) sw      gp, 492(t5)
core   0: 3 0x80013e18 (0x1e3f2623) mem 0x80015000 0x00000001
core   0: 0x80013e1c (0xff9ff06f) j       pc - 0x8
core   0: 3 0x80013e1c (0xff9ff06f)
core   0: 0x80013e14 (0x00001f17) auipc   t5, 0x1
core   0: 3 0x80013e14 (0x00001f17) x30 0x80014e14
core   0: 0x80013e18 (0x1e3f2623) sw      gp, 492(t5)
core   0: 3 0x80013e18 (0x1e3f2623) mem 0x80015000 0x00000001
core   0: 0x80013e1c (0xff9ff06f) j       pc - 0x8
core   0: 3 0x80013e1c (0xff9ff06f)
core   0: 0x80013e14 (0x00001f17) auipc   t5, 0x1
core   0: 3 0x80013e14 (0x00001f17) x30 0x80014e14
core   0: 0x80013e18 (0x1e3f2623) sw      gp, 492(t5)
core   0: 3 0x80013e18 (0x1e3f2623) mem 0x80015000 0x00000001
core   0: 0x80013e1c (0xff9ff06f) j       pc - 0x8
core   0: 3 0x80013e1c (0xff9ff06f)
core   0: 0x80013e14 (0x00001f17) auipc   t5, 0x1
core   0: 3 0x80013e14 (0x00001f17) x30 0x80014e14
core   0: 0x80013e18 (0x1e3f2623) sw      gp, 492(t5)
core   0: 3 0x80013e18 (0x1e3f2623) mem 0x80015000 0x00000001
core   0: 0x80013e1c (0xff9ff06f) j       pc - 0x8
core   0: 3 0x80013e1c (0xff9ff06f)
core   0: 0x80013e14 (0x00001f17) auipc   t5, 0x1
core   0: 3 0x80013e14 (0x00001f17) x30 0x80014e14
core   0: 0x80013e18 (0x1e3f2623) sw      gp, 492(t5)
core   0: 3 0x80013e18 (0x1e3f2623) mem 0x80015000 0x00000001
core   0: 0x80013e1c (0xff9ff06f) j       pc - 0x8
core   0: 3 0x80013e1c (0xff9ff06f)
core   0: 0x80013e14 (0x00001f17) auipc   t5, 0x1
core   0: 3 0x80013e14 (0x00001f17) x30 0x80014e14
core   0: 0x80013e18 (0x1e3f2623) sw      gp, 492(t5)
core   0: 3 0x80013e18 (0x1e3f2623) mem 0x80015000 0x00000001
core   0: 0x80013e1c (0xff9ff06f) j       pc - 0x8
core   0: 3 0x80013e1c (0xff9ff06f)
core   0: 0x80013e14 (0x00001f17) auipc   t5, 0x1
core   0: 3 0x80013e14 (0x00001f17) x30 0x80014e14
core   0: 0x80013e18 (0x1e3f2623) sw      gp, 492(t5)
core   0: 3 0x80013e18 (0x1e3f2623) mem 0x80015000 0x00000001
core   0: 0x80013e1c (0xff9ff06f) j       pc - 0x8
core   0: 3 0x80013e1c (0xff9ff06f)
core   0: 0x80013e14 (0x00001f17) auipc   t5, 0x1
core   0: 3 0x80013e14 (0x00001f17) x30 0x80014e14
core   0: 0x80013e18 (0x1e3f2623) sw      gp, 492(t5)
core   0: 3 0x80013e18 (0x1e3f2623) mem 0x80015000 0x00000001
core   0: 0x80013e1c (0xff9ff06f) j       pc - 0x8
core   0: 3 0x80013e1c (0xff9ff06f)
core   0: 0x80013e14 (0x00001f17) auipc   t5, 0x1
core   0: 3 0x80013e14 (0x00001f17) x30 0x80014e14
core   0: 0x80013e18 (0x1e3f2623) sw      gp, 492(t5)
core   0: 3 0x80013e18 (0x1e3f2623) mem 0x80015000 0x00000001
core   0: 0x80013e1c (0xff9ff06f) j       pc - 0x8
core   0: 3 0x80013e1c (0xff9ff06f)
core   0: 0x80013e14 (0x00001f17) auipc   t5, 0x1
core   0: 3 0x80013e14 (0x00001f17) x30 0x80014e14
core   0: 0x80013e18 (0x1e3f2623) sw      gp, 492(t5)
core   0: 3 0x80013e18 (0x1e3f2623) mem 0x80015000 0x00000001
core   0: 0x80013e1c (0xff9ff06f) j       pc - 0x8
core   0: 3 0x80013e1c (0xff9ff06f)
core   0: 0x80013e14 (0x00001f17) auipc   t5, 0x1
core   0: 3 0x80013e14 (0x00001f17) x30 0x80014e14
core   0: 0x80013e18 (0x1e3f2623) sw      gp, 492(t5)
core   0: 3 0x80013e18 (0x1e3f2623) mem 0x80015000 0x00000001
core   0: 0x80013e1c (0xff9ff06f) j       pc - 0x8
core   0: 3 0x80013e1c (0xff9ff06f)
core   0: 0x80013e14 (0x00001f17) auipc   t5, 0x1
core   0: 3 0x80013e14 (0x00001f17) x30 0x80014e14
core   0: 0x80013e18 (0x1e3f2623) sw      gp, 492(t5)
core   0: 3 0x80013e18 (0x1e3f2623) mem 0x80015000 0x00000001
core   0: 0x80013e1c (0xff9ff06f) j       pc - 0x8
core   0: 3 0x80013e1c (0xff9ff06f)
core   0: 0x80013e14 (0x00001f17) auipc   t5, 0x1
core   0: 3 0x80013e14 (0x00001f17) x30 0x80014e14
core   0: 0x80013e18 (0x1e3f2623) sw      gp, 492(t5)
core   0: 3 0x80013e18 (0x1e3f2623) mem 0x80015000 0x00000001
core   0: 0x80013e1c (0xff9ff06f) j       pc - 0x8
core   0: 3 0x80013e1c (0xff9ff06f)
core   0: 0x80013e14 (0x00001f17) auipc   t5, 0x1
core   0: 3 0x80013e14 (0x00001f17) x30 0x80014e14
core   0: 0x80013e18 (0x1e3f2623) sw      gp, 492(t5)
core   0: 3 0x80013e18 (0x1e3f2623) mem 0x80015000 0x00000001
core   0: 0x80013e1c (0xff9ff06f) j       pc - 0x8
core   0: 3 0x80013e1c (0xff9ff06f)
core   0: 0x80013e14 (0x00001f17) auipc   t5, 0x1
core   0: 3 0x80013e14 (0x00001f17) x30 0x80014e14
core   0: 0x80013e18 (0x1e3f2623) sw      gp, 492(t5)
core   0: 3 0x80013e18 (0x1e3f2623) mem 0x80015000 0x00000001
core   0: 0x80013e1c (0xff9ff06f) j       pc - 0x8
core   0: 3 0x80013e1c (0xff9ff06f)
core   0: 0x80013e14 (0x00001f17) auipc   t5, 0x1
core   0: 3 0x80013e14 (0x00001f17) x30 0x80014e14
core   0: 0x80013e18 (0x1e3f2623) sw      gp, 492(t5)
core   0: 3 0x80013e18 (0x1e3f2623) mem 0x80015000 0x00000001
core   0: 0x80013e1c (0xff9ff06f) j       pc - 0x8
core   0: 3 0x80013e1c (0xff9ff06f)
core   0: 0x80013e14 (0x00001f17) auipc   t5, 0x1
core   0: 3 0x80013e14 (0x00001f17) x30 0x80014e14
core   0: 0x80013e18 (0x1e3f2623) sw      gp, 492(t5)
core   0: 3 0x80013e18 (0x1e3f2623) mem 0x80015000 0x00000001
core   0: 0x80013e1c (0xff9ff06f) j       pc - 0x8
core   0: 3 0x80013e1c (0xff9ff06f)
core   0: 0x80013e14 (0x00001f17) auipc   t5, 0x1
core   0: 3 0x80013e14 (0x00001f17) x30 0x80014e14
core   0: 0x80013e18 (0x1e3f2623) sw      gp, 492(t5)
core   0: 3 0x80013e18 (0x1e3f2623) mem 0x80015000 0x00000001
core   0: 0x80013e1c (0xff9ff06f) j       pc - 0x8
core   0: 3 0x80013e1c (0xff9ff06f)
core   0: 0x80013e14 (0x00001f17) auipc   t5, 0x1
core   0: 3 0x80013e14 (0x00001f17) x30 0x80014e14
core   0: 0x80013e18 (0x1e3f2623) sw      gp, 492(t5)
core   0: 3 0x80013e18 (0x1e3f2623) mem 0x80015000 0x00000001
core   0: 0x80013e1c (0xff9ff06f) j       pc - 0x8
core   0: 3 0x80013e1c (0xff9ff06f)
core   0: 0x80013e14 (0x00001f17) auipc   t5, 0x1
core   0: 3 0x80013e14 (0x00001f17) x30 0x80014e14
core   0: 0x80013e18 (0x1e3f2623) sw      gp, 492(t5)
core   0: 3 0x80013e18 (0x1e3f2623) mem 0x80015000 0x00000001
core   0: 0x80013e1c (0xff9ff06f) j       pc - 0x8
core   0: 3 0x80013e1c (0xff9ff06f)
core   0: 0x80013e14 (0x00001f17) auipc   t5, 0x1
core   0: 3 0x80013e14 (0x00001f17) x30 0x80014e14
core   0: 0x80013e18 (0x1e3f2623) sw      gp, 492(t5)
core   0: 3 0x80013e18 (0x1e3f2623) mem 0x80015000 0x00000001
core   0: 0x80013e1c (0xff9ff06f) j       pc - 0x8
core   0: 3 0x80013e1c (0xff9ff06f)
core   0: 0x80013e14 (0x00001f17) auipc   t5, 0x1
core   0: 3 0x80013e14 (0x00001f17) x30 0x80014e14
core   0: 0x80013e18 (0x1e3f2623) sw      gp, 492(t5)
core   0: 3 0x80013e18 (0x1e3f2623) mem 0x80015000 0x00000001
core   0: 0x80013e1c (0xff9ff06f) j       pc - 0x8
core   0: 3 0x80013e1c (0xff9ff06f)
core   0: 0x80013e14 (0x00001f17) auipc   t5, 0x1
core   0: 3 0x80013e14 (0x00001f17) x30 0x80014e14
core   0: 0x80013e18 (0x1e3f2623) sw      gp, 492(t5)
core   0: 3 0x80013e18 (0x1e3f2623) mem 0x80015000 0x00000001
core   0: 0x80013e1c (0xff9ff06f) j       pc - 0x8
core   0: 3 0x80013e1c (0xff9ff06f)
core   0: 0x80013e14 (0x00001f17) auipc   t5, 0x1
core   0: 3 0x80013e14 (0x00001f17) x30 0x80014e14
core   0: 0x80013e18 (0x1e3f2623) sw      gp, 492(t5)
core   0: 3 0x80013e18 (0x1e3f2623) mem 0x80015000 0x00000001
core   0: 0x80013e1c (0xff9ff06f) j       pc - 0x8
core   0: 3 0x80013e1c (0xff9ff06f)
core   0: 0x80013e14 (0x00001f17) auipc   t5, 0x1
core   0: 3 0x80013e14 (0x00001f17) x30 0x80014e14
core   0: 0x80013e18 (0x1e3f2623) sw      gp, 492(t5)
core   0: 3 0x80013e18 (0x1e3f2623) mem 0x80015000 0x00000001
core   0: 0x80013e1c (0xff9ff06f) j       pc - 0x8
core   0: 3 0x80013e1c (0xff9ff06f)
core   0: 0x80013e14 (0x00001f17) auipc   t5, 0x1
core   0: 3 0x80013e14 (0x00001f17) x30 0x80014e14
core   0: 0x80013e18 (0x1e3f2623) sw      gp, 492(t5)
core   0: 3 0x80013e18 (0x1e3f2623) mem 0x80015000 0x00000001
core   0: 0x80013e1c (0xff9ff06f) j       pc - 0x8
core   0: 3 0x80013e1c (0xff9ff06f)
core   0: 0x80013e14 (0x00001f17) auipc   t5, 0x1
core   0: 3 0x80013e14 (0x00001f17) x30 0x80014e14
core   0: 0x80013e18 (0x1e3f2623) sw      gp, 492(t5)
core   0: 3 0x80013e18 (0x1e3f2623) mem 0x80015000 0x00000001
core   0: 0x80013e1c (0xff9ff06f) j       pc - 0x8
core   0: 3 0x80013e1c (0xff9ff06f)
core   0: 0x80013e14 (0x00001f17) auipc   t5, 0x1
core   0: 3 0x80013e14 (0x00001f17) x30 0x80014e14
core   0: 0x80013e18 (0x1e3f2623) sw      gp, 492(t5)
core   0: 3 0x80013e18 (0x1e3f2623) mem 0x80015000 0x00000001
core   0: 0x80013e1c (0xff9ff06f) j       pc - 0x8
core   0: 3 0x80013e1c (0xff9ff06f)
core   0: 0x80013e14 (0x00001f17) auipc   t5, 0x1
core   0: 3 0x80013e14 (0x00001f17) x30 0x80014e14
core   0: 0x80013e18 (0x1e3f2623) sw      gp, 492(t5)
core   0: 3 0x80013e18 (0x1e3f2623) mem 0x80015000 0x00000001
core   0: 0x80013e1c (0xff9ff06f) j       pc - 0x8
core   0: 3 0x80013e1c (0xff9ff06f)
core   0: 0x80013e14 (0x00001f17) auipc   t5, 0x1
core   0: 3 0x80013e14 (0x00001f17) x30 0x80014e14
core   0: 0x80013e18 (0x1e3f2623) sw      gp, 492(t5)
core   0: 3 0x80013e18 (0x1e3f2623) mem 0x80015000 0x00000001
core   0: 0x80013e1c (0xff9ff06f) j       pc - 0x8
core   0: 3 0x80013e1c (0xff9ff06f)
core   0: 0x80013e14 (0x00001f17) auipc   t5, 0x1
core   0: 3 0x80013e14 (0x00001f17) x30 0x80014e14
core   0: 0x80013e18 (0x1e3f2623) sw      gp, 492(t5)
core   0: 3 0x80013e18 (0x1e3f2623) mem 0x80015000 0x00000001
core   0: 0x80013e1c (0xff9ff06f) j       pc - 0x8
core   0: 3 0x80013e1c (0xff9ff06f)
core   0: 0x80013e14 (0x00001f17) auipc   t5, 0x1
core   0: 3 0x80013e14 (0x00001f17) x30 0x80014e14
core   0: 0x80013e18 (0x1e3f2623) sw      gp, 492(t5)
core   0: 3 0x80013e18 (0x1e3f2623) mem 0x80015000 0x00000001
core   0: 0x80013e1c (0xff9ff06f) j       pc - 0x8
core   0: 3 0x80013e1c (0xff9ff06f)
core   0: 0x80013e14 (0x00001f17) auipc   t5, 0x1
core   0: 3 0x80013e14 (0x00001f17) x30 0x80014e14
core   0: 0x80013e18 (0x1e3f2623) sw      gp, 492(t5)
core   0: 3 0x80013e18 (0x1e3f2623) mem 0x80015000 0x00000001
core   0: 0x80013e1c (0xff9ff06f) j       pc - 0x8
core   0: 3 0x80013e1c (0xff9ff06f)
core   0: 0x80013e14 (0x00001f17) auipc   t5, 0x1
core   0: 3 0x80013e14 (0x00001f17) x30 0x80014e14
core   0: 0x80013e18 (0x1e3f2623) sw      gp, 492(t5)
core   0: 3 0x80013e18 (0x1e3f2623) mem 0x80015000 0x00000001
core   0: 0x80013e1c (0xff9ff06f) j       pc - 0x8
core   0: 3 0x80013e1c (0xff9ff06f)
core   0: 0x80013e14 (0x00001f17) auipc   t5, 0x1
core   0: 3 0x80013e14 (0x00001f17) x30 0x80014e14
core   0: 0x80013e18 (0x1e3f2623) sw      gp, 492(t5)
core   0: 3 0x80013e18 (0x1e3f2623) mem 0x80015000 0x00000001
core   0: 0x80013e1c (0xff9ff06f) j       pc - 0x8
core   0: 3 0x80013e1c (0xff9ff06f)
core   0: 0x80013e14 (0x00001f17) auipc   t5, 0x1
core   0: 3 0x80013e14 (0x00001f17) x30 0x80014e14
core   0: 0x80013e18 (0x1e3f2623) sw      gp, 492(t5)
core   0: 3 0x80013e18 (0x1e3f2623) mem 0x80015000 0x00000001
core   0: 0x80013e1c (0xff9ff06f) j       pc - 0x8
core   0: 3 0x80013e1c (0xff9ff06f)
core   0: 0x80013e14 (0x00001f17) auipc   t5, 0x1
core   0: 3 0x80013e14 (0x00001f17) x30 0x80014e14
core   0: 0x80013e18 (0x1e3f2623) sw      gp, 492(t5)
core   0: 3 0x80013e18 (0x1e3f2623) mem 0x80015000 0x00000001
core   0: 0x80013e1c (0xff9ff06f) j       pc - 0x8
core   0: 3 0x80013e1c (0xff9ff06f)
core   0: 0x80013e14 (0x00001f17) auipc   t5, 0x1
core   0: 3 0x80013e14 (0x00001f17) x30 0x80014e14
core   0: 0x80013e18 (0x1e3f2623) sw      gp, 492(t5)
core   0: 3 0x80013e18 (0x1e3f2623) mem 0x80015000 0x00000001
core   0: 0x80013e1c (0xff9ff06f) j       pc - 0x8
core   0: 3 0x80013e1c (0xff9ff06f)
core   0: 0x80013e14 (0x00001f17) auipc   t5, 0x1
core   0: 3 0x80013e14 (0x00001f17) x30 0x80014e14
core   0: 0x80013e18 (0x1e3f2623) sw      gp, 492(t5)
core   0: 3 0x80013e18 (0x1e3f2623) mem 0x80015000 0x00000001
core   0: 0x80013e1c (0xff9ff06f) j       pc - 0x8
core   0: 3 0x80013e1c (0xff9ff06f)
core   0: 0x80013e14 (0x00001f17) auipc   t5, 0x1
core   0: 3 0x80013e14 (0x00001f17) x30 0x80014e14
core   0: 0x80013e18 (0x1e3f2623) sw      gp, 492(t5)
core   0: 3 0x80013e18 (0x1e3f2623) mem 0x80015000 0x00000001
core   0: 0x80013e1c (0xff9ff06f) j       pc - 0x8
core   0: 3 0x80013e1c (0xff9ff06f)
core   0: 0x80013e14 (0x00001f17) auipc   t5, 0x1
core   0: 3 0x80013e14 (0x00001f17) x30 0x80014e14
core   0: 0x80013e18 (0x1e3f2623) sw      gp, 492(t5)
core   0: 3 0x80013e18 (0x1e3f2623) mem 0x80015000 0x00000001
core   0: 0x80013e1c (0xff9ff06f) j       pc - 0x8
core   0: 3 0x80013e1c (0xff9ff06f)
core   0: 0x80013e14 (0x00001f17) auipc   t5, 0x1
core   0: 3 0x80013e14 (0x00001f17) x30 0x80014e14
core   0: 0x80013e18 (0x1e3f2623) sw      gp, 492(t5)
core   0: 3 0x80013e18 (0x1e3f2623) mem 0x80015000 0x00000001
core   0: 0x80013e1c (0xff9ff06f) j       pc - 0x8
core   0: 3 0x80013e1c (0xff9ff06f)
core   0: 0x80013e14 (0x00001f17) auipc   t5, 0x1
core   0: 3 0x80013e14 (0x00001f17) x30 0x80014e14
core   0: 0x80013e18 (0x1e3f2623) sw      gp, 492(t5)
core   0: 3 0x80013e18 (0x1e3f2623) mem 0x80015000 0x00000001
core   0: 0x80013e1c (0xff9ff06f) j       pc - 0x8
core   0: 3 0x80013e1c (0xff9ff06f)
core   0: 0x80013e14 (0x00001f17) auipc   t5, 0x1
core   0: 3 0x80013e14 (0x00001f17) x30 0x80014e14
core   0: 0x80013e18 (0x1e3f2623) sw      gp, 492(t5)
core   0: 3 0x80013e18 (0x1e3f2623) mem 0x80015000 0x00000001
core   0: 0x80013e1c (0xff9ff06f) j       pc - 0x8
core   0: 3 0x80013e1c (0xff9ff06f)
core   0: 0x80013e14 (0x00001f17) auipc   t5, 0x1
core   0: 3 0x80013e14 (0x00001f17) x30 0x80014e14
core   0: 0x80013e18 (0x1e3f2623) sw      gp, 492(t5)
core   0: 3 0x80013e18 (0x1e3f2623) mem 0x80015000 0x00000001
core   0: 0x80013e1c (0xff9ff06f) j       pc - 0x8
core   0: 3 0x80013e1c (0xff9ff06f)
core   0: 0x80013e14 (0x00001f17) auipc   t5, 0x1
core   0: 3 0x80013e14 (0x00001f17) x30 0x80014e14
core   0: 0x80013e18 (0x1e3f2623) sw      gp, 492(t5)
core   0: 3 0x80013e18 (0x1e3f2623) mem 0x80015000 0x00000001
core   0: 0x80013e1c (0xff9ff06f) j       pc - 0x8
core   0: 3 0x80013e1c (0xff9ff06f)
core   0: 0x80013e14 (0x00001f17) auipc   t5, 0x1
core   0: 3 0x80013e14 (0x00001f17) x30 0x80014e14
core   0: 0x80013e18 (0x1e3f2623) sw      gp, 492(t5)
core   0: 3 0x80013e18 (0x1e3f2623) mem 0x80015000 0x00000001
core   0: 0x80013e1c (0xff9ff06f) j       pc - 0x8
core   0: 3 0x80013e1c (0xff9ff06f)
core   0: 0x80013e14 (0x00001f17) auipc   t5, 0x1
core   0: 3 0x80013e14 (0x00001f17) x30 0x80014e14
core   0: 0x80013e18 (0x1e3f2623) sw      gp, 492(t5)
core   0: 3 0x80013e18 (0x1e3f2623) mem 0x80015000 0x00000001
core   0: 0x80013e1c (0xff9ff06f) j       pc - 0x8
core   0: 3 0x80013e1c (0xff9ff06f)
core   0: 0x80013e14 (0x00001f17) auipc   t5, 0x1
core   0: 3 0x80013e14 (0x00001f17) x30 0x80014e14
core   0: 0x80013e18 (0x1e3f2623) sw      gp, 492(t5)
core   0: 3 0x80013e18 (0x1e3f2623) mem 0x80015000 0x00000001
core   0: 0x80013e1c (0xff9ff06f) j       pc - 0x8
core   0: 3 0x80013e1c (0xff9ff06f)
core   0: 0x80013e14 (0x00001f17) auipc   t5, 0x1
core   0: 3 0x80013e14 (0x00001f17) x30 0x80014e14
core   0: 0x80013e18 (0x1e3f2623) sw      gp, 492(t5)
core   0: 3 0x80013e18 (0x1e3f2623) mem 0x80015000 0x00000001
core   0: 0x80013e1c (0xff9ff06f) j       pc - 0x8
core   0: 3 0x80013e1c (0xff9ff06f)
core   0: 0x80013e14 (0x00001f17) auipc   t5, 0x1
core   0: 3 0x80013e14 (0x00001f17) x30 0x80014e14
core   0: 0x80013e18 (0x1e3f2623) sw      gp, 492(t5)
core   0: 3 0x80013e18 (0x1e3f2623) mem 0x80015000 0x00000001
core   0: 0x80013e1c (0xff9ff06f) j       pc - 0x8
core   0: 3 0x80013e1c (0xff9ff06f)
core   0: 0x80013e14 (0x00001f17) auipc   t5, 0x1
core   0: 3 0x80013e14 (0x00001f17) x30 0x80014e14
core   0: 0x80013e18 (0x1e3f2623) sw      gp, 492(t5)
core   0: 3 0x80013e18 (0x1e3f2623) mem 0x80015000 0x00000001
core   0: 0x80013e1c (0xff9ff06f) j       pc - 0x8
core   0: 3 0x80013e1c (0xff9ff06f)
core   0: 0x80013e14 (0x00001f17) auipc   t5, 0x1
core   0: 3 0x80013e14 (0x00001f17) x30 0x80014e14
core   0: 0x80013e18 (0x1e3f2623) sw      gp, 492(t5)
core   0: 3 0x80013e18 (0x1e3f2623) mem 0x80015000 0x00000001
core   0: 0x80013e1c (0xff9ff06f) j       pc - 0x8
core   0: 3 0x80013e1c (0xff9ff06f)
core   0: 0x80013e14 (0x00001f17) auipc   t5, 0x1
core   0: 3 0x80013e14 (0x00001f17) x30 0x80014e14
core   0: 0x80013e18 (0x1e3f2623) sw      gp, 492(t5)
core   0: 3 0x80013e18 (0x1e3f2623) mem 0x80015000 0x00000001
core   0: 0x80013e1c (0xff9ff06f) j       pc - 0x8
core   0: 3 0x80013e1c (0xff9ff06f)
core   0: 0x80013e14 (0x00001f17) auipc   t5, 0x1
core   0: 3 0x80013e14 (0x00001f17) x30 0x80014e14
core   0: 0x80013e18 (0x1e3f2623) sw      gp, 492(t5)
core   0: 3 0x80013e18 (0x1e3f2623) mem 0x80015000 0x00000001
core   0: 0x80013e1c (0xff9ff06f) j       pc - 0x8
core   0: 3 0x80013e1c (0xff9ff06f)
core   0: 0x80013e14 (0x00001f17) auipc   t5, 0x1
core   0: 3 0x80013e14 (0x00001f17) x30 0x80014e14
core   0: 0x80013e18 (0x1e3f2623) sw      gp, 492(t5)
core   0: 3 0x80013e18 (0x1e3f2623) mem 0x80015000 0x00000001
core   0: 0x80013e1c (0xff9ff06f) j       pc - 0x8
core   0: 3 0x80013e1c (0xff9ff06f)
core   0: 0x80013e14 (0x00001f17) auipc   t5, 0x1
core   0: 3 0x80013e14 (0x00001f17) x30 0x80014e14
core   0: 0x80013e18 (0x1e3f2623) sw      gp, 492(t5)
core   0: 3 0x80013e18 (0x1e3f2623) mem 0x80015000 0x00000001
core   0: 0x80013e1c (0xff9ff06f) j       pc - 0x8
core   0: 3 0x80013e1c (0xff9ff06f)
core   0: 0x80013e14 (0x00001f17) auipc   t5, 0x1
core   0: 3 0x80013e14 (0x00001f17) x30 0x80014e14
core   0: 0x80013e18 (0x1e3f2623) sw      gp, 492(t5)
core   0: 3 0x80013e18 (0x1e3f2623) mem 0x80015000 0x00000001
core   0: 0x80013e1c (0xff9ff06f) j       pc - 0x8
core   0: 3 0x80013e1c (0xff9ff06f)
core   0: 0x80013e14 (0x00001f17) auipc   t5, 0x1
core   0: 3 0x80013e14 (0x00001f17) x30 0x80014e14
core   0: 0x80013e18 (0x1e3f2623) sw      gp, 492(t5)
core   0: 3 0x80013e18 (0x1e3f2623) mem 0x80015000 0x00000001
core   0: 0x80013e1c (0xff9ff06f) j       pc - 0x8
core   0: 3 0x80013e1c (0xff9ff06f)
core   0: 0x80013e14 (0x00001f17) auipc   t5, 0x1
core   0: 3 0x80013e14 (0x00001f17) x30 0x80014e14
core   0: 0x80013e18 (0x1e3f2623) sw      gp, 492(t5)
core   0: 3 0x80013e18 (0x1e3f2623) mem 0x80015000 0x00000001
core   0: 0x80013e1c (0xff9ff06f) j       pc - 0x8
core   0: 3 0x80013e1c (0xff9ff06f)
core   0: 0x80013e14 (0x00001f17) auipc   t5, 0x1
core   0: 3 0x80013e14 (0x00001f17) x30 0x80014e14
core   0: 0x80013e18 (0x1e3f2623) sw      gp, 492(t5)
core   0: 3 0x80013e18 (0x1e3f2623) mem 0x80015000 0x00000001
core   0: 0x80013e1c (0xff9ff06f) j       pc - 0x8
core   0: 3 0x80013e1c (0xff9ff06f)
core   0: 0x80013e14 (0x00001f17) auipc   t5, 0x1
core   0: 3 0x80013e14 (0x00001f17) x30 0x80014e14
core   0: 0x80013e18 (0x1e3f2623) sw      gp, 492(t5)
core   0: 3 0x80013e18 (0x1e3f2623) mem 0x80015000 0x00000001
core   0: 0x80013e1c (0xff9ff06f) j       pc - 0x8
core   0: 3 0x80013e1c (0xff9ff06f)
core   0: 0x80013e14 (0x00001f17) auipc   t5, 0x1
core   0: 3 0x80013e14 (0x00001f17) x30 0x80014e14
core   0: 0x80013e18 (0x1e3f2623) sw      gp, 492(t5)
core   0: 3 0x80013e18 (0x1e3f2623) mem 0x80015000 0x00000001
core   0: 0x80013e1c (0xff9ff06f) j       pc - 0x8
core   0: 3 0x80013e1c (0xff9ff06f)
core   0: 0x80013e14 (0x00001f17) auipc   t5, 0x1
core   0: 3 0x80013e14 (0x00001f17) x30 0x80014e14
core   0: 0x80013e18 (0x1e3f2623) sw      gp, 492(t5)
core   0: 3 0x80013e18 (0x1e3f2623) mem 0x80015000 0x00000001
core   0: 0x80013e1c (0xff9ff06f) j       pc - 0x8
core   0: 3 0x80013e1c (0xff9ff06f)
core   0: 0x80013e14 (0x00001f17) auipc   t5, 0x1
core   0: 3 0x80013e14 (0x00001f17) x30 0x80014e14
core   0: 0x80013e18 (0x1e3f2623) sw      gp, 492(t5)
core   0: 3 0x80013e18 (0x1e3f2623) mem 0x80015000 0x00000001
core   0: 0x80013e1c (0xff9ff06f) j       pc - 0x8
core   0: 3 0x80013e1c (0xff9ff06f)
core   0: 0x80013e14 (0x00001f17) auipc   t5, 0x1
core   0: 3 0x80013e14 (0x00001f17) x30 0x80014e14
core   0: 0x80013e18 (0x1e3f2623) sw      gp, 492(t5)
core   0: 3 0x80013e18 (0x1e3f2623) mem 0x80015000 0x00000001
core   0: 0x80013e1c (0xff9ff06f) j       pc - 0x8
core   0: 3 0x80013e1c (0xff9ff06f)
core   0: 0x80013e14 (0x00001f17) auipc   t5, 0x1
core   0: 3 0x80013e14 (0x00001f17) x30 0x80014e14
core   0: 0x80013e18 (0x1e3f2623) sw      gp, 492(t5)
core   0: 3 0x80013e18 (0x1e3f2623) mem 0x80015000 0x00000001
core   0: 0x80013e1c (0xff9ff06f) j       pc - 0x8
core   0: 3 0x80013e1c (0xff9ff06f)
core   0: 0x80013e14 (0x00001f17) auipc   t5, 0x1
core   0: 3 0x80013e14 (0x00001f17) x30 0x80014e14
core   0: 0x80013e18 (0x1e3f2623) sw      gp, 492(t5)
core   0: 3 0x80013e18 (0x1e3f2623) mem 0x80015000 0x00000001
core   0: 0x80013e1c (0xff9ff06f) j       pc - 0x8
core   0: 3 0x80013e1c (0xff9ff06f)
core   0: 0x80013e14 (0x00001f17) auipc   t5, 0x1
core   0: 3 0x80013e14 (0x00001f17) x30 0x80014e14
core   0: 0x80013e18 (0x1e3f2623) sw      gp, 492(t5)
core   0: 3 0x80013e18 (0x1e3f2623) mem 0x80015000 0x00000001
core   0: 0x80013e1c (0xff9ff06f) j       pc - 0x8
core   0: 3 0x80013e1c (0xff9ff06f)
core   0: 0x80013e14 (0x00001f17) auipc   t5, 0x1
core   0: 3 0x80013e14 (0x00001f17) x30 0x80014e14
core   0: 0x80013e18 (0x1e3f2623) sw      gp, 492(t5)
core   0: 3 0x80013e18 (0x1e3f2623) mem 0x80015000 0x00000001
core   0: 0x80013e1c (0xff9ff06f) j       pc - 0x8
core   0: 3 0x80013e1c (0xff9ff06f)
core   0: 0x80013e14 (0x00001f17) auipc   t5, 0x1
core   0: 3 0x80013e14 (0x00001f17) x30 0x80014e14
core   0: 0x80013e18 (0x1e3f2623) sw      gp, 492(t5)
core   0: 3 0x80013e18 (0x1e3f2623) mem 0x80015000 0x00000001
core   0: 0x80013e1c (0xff9ff06f) j       pc - 0x8
core   0: 3 0x80013e1c (0xff9ff06f)
core   0: 0x80013e14 (0x00001f17) auipc   t5, 0x1
core   0: 3 0x80013e14 (0x00001f17) x30 0x80014e14
core   0: 0x80013e18 (0x1e3f2623) sw      gp, 492(t5)
core   0: 3 0x80013e18 (0x1e3f2623) mem 0x80015000 0x00000001
core   0: 0x80013e1c (0xff9ff06f) j       pc - 0x8
core   0: 3 0x80013e1c (0xff9ff06f)
core   0: 0x80013e14 (0x00001f17) auipc   t5, 0x1
core   0: 3 0x80013e14 (0x00001f17) x30 0x80014e14
core   0: 0x80013e18 (0x1e3f2623) sw      gp, 492(t5)
core   0: 3 0x80013e18 (0x1e3f2623) mem 0x80015000 0x00000001
core   0: 0x80013e1c (0xff9ff06f) j       pc - 0x8
core   0: 3 0x80013e1c (0xff9ff06f)
core   0: 0x80013e14 (0x00001f17) auipc   t5, 0x1
core   0: 3 0x80013e14 (0x00001f17) x30 0x80014e14
core   0: 0x80013e18 (0x1e3f2623) sw      gp, 492(t5)
core   0: 3 0x80013e18 (0x1e3f2623) mem 0x80015000 0x00000001
core   0: 0x80013e1c (0xff9ff06f) j       pc - 0x8
core   0: 3 0x80013e1c (0xff9ff06f)
core   0: 0x80013e14 (0x00001f17) auipc   t5, 0x1
core   0: 3 0x80013e14 (0x00001f17) x30 0x80014e14
core   0: 0x80013e18 (0x1e3f2623) sw      gp, 492(t5)
core   0: 3 0x80013e18 (0x1e3f2623) mem 0x80015000 0x00000001
core   0: 0x80013e1c (0xff9ff06f) j       pc - 0x8
core   0: 3 0x80013e1c (0xff9ff06f)
core   0: 0x80013e14 (0x00001f17) auipc   t5, 0x1
core   0: 3 0x80013e14 (0x00001f17) x30 0x80014e14
core   0: 0x80013e18 (0x1e3f2623) sw      gp, 492(t5)
core   0: 3 0x80013e18 (0x1e3f2623) mem 0x80015000 0x00000001
core   0: 0x80013e1c (0xff9ff06f) j       pc - 0x8
core   0: 3 0x80013e1c (0xff9ff06f)
core   0: 0x80013e14 (0x00001f17) auipc   t5, 0x1
core   0: 3 0x80013e14 (0x00001f17) x30 0x80014e14
core   0: 0x80013e18 (0x1e3f2623) sw      gp, 492(t5)
core   0: 3 0x80013e18 (0x1e3f2623) mem 0x80015000 0x00000001
core   0: 0x80013e1c (0xff9ff06f) j       pc - 0x8
core   0: 3 0x80013e1c (0xff9ff06f)
core   0: 0x80013e14 (0x00001f17) auipc   t5, 0x1
core   0: 3 0x80013e14 (0x00001f17) x30 0x80014e14
core   0: 0x80013e18 (0x1e3f2623) sw      gp, 492(t5)
core   0: 3 0x80013e18 (0x1e3f2623) mem 0x80015000 0x00000001
core   0: 0x80013e1c (0xff9ff06f) j       pc - 0x8
core   0: 3 0x80013e1c (0xff9ff06f)
core   0: 0x80013e14 (0x00001f17) auipc   t5, 0x1
core   0: 3 0x80013e14 (0x00001f17) x30 0x80014e14
core   0: 0x80013e18 (0x1e3f2623) sw      gp, 492(t5)
core   0: 3 0x80013e18 (0x1e3f2623) mem 0x80015000 0x00000001
core   0: 0x80013e1c (0xff9ff06f) j       pc - 0x8
core   0: 3 0x80013e1c (0xff9ff06f)
core   0: 0x80013e14 (0x00001f17) auipc   t5, 0x1
core   0: 3 0x80013e14 (0x00001f17) x30 0x80014e14
core   0: 0x80013e18 (0x1e3f2623) sw      gp, 492(t5)
core   0: 3 0x80013e18 (0x1e3f2623) mem 0x80015000 0x00000001
core   0: 0x80013e1c (0xff9ff06f) j       pc - 0x8
core   0: 3 0x80013e1c (0xff9ff06f)
core   0: 0x80013e14 (0x00001f17) auipc   t5, 0x1
core   0: 3 0x80013e14 (0x00001f17) x30 0x80014e14
core   0: 0x80013e18 (0x1e3f2623) sw      gp, 492(t5)
core   0: 3 0x80013e18 (0x1e3f2623) mem 0x80015000 0x00000001
core   0: 0x80013e1c (0xff9ff06f) j       pc - 0x8
core   0: 3 0x80013e1c (0xff9ff06f)
core   0: 0x80013e14 (0x00001f17) auipc   t5, 0x1
core   0: 3 0x80013e14 (0x00001f17) x30 0x80014e14
core   0: 0x80013e18 (0x1e3f2623) sw      gp, 492(t5)
core   0: 3 0x80013e18 (0x1e3f2623) mem 0x80015000 0x00000001
core   0: 0x80013e1c (0xff9ff06f) j       pc - 0x8
core   0: 3 0x80013e1c (0xff9ff06f)
core   0: 0x80013e14 (0x00001f17) auipc   t5, 0x1
core   0: 3 0x80013e14 (0x00001f17) x30 0x80014e14
core   0: 0x80013e18 (0x1e3f2623) sw      gp, 492(t5)
core   0: 3 0x80013e18 (0x1e3f2623) mem 0x80015000 0x00000001
core   0: 0x80013e1c (0xff9ff06f) j       pc - 0x8
core   0: 3 0x80013e1c (0xff9ff06f)
core   0: 0x80013e14 (0x00001f17) auipc   t5, 0x1
core   0: 3 0x80013e14 (0x00001f17) x30 0x80014e14
core   0: 0x80013e18 (0x1e3f2623) sw      gp, 492(t5)
core   0: 3 0x80013e18 (0x1e3f2623) mem 0x80015000 0x00000001
core   0: 0x80013e1c (0xff9ff06f) j       pc - 0x8
core   0: 3 0x80013e1c (0xff9ff06f)
core   0: 0x80013e14 (0x00001f17) auipc   t5, 0x1
core   0: 3 0x80013e14 (0x00001f17) x30 0x80014e14
core   0: 0x80013e18 (0x1e3f2623) sw      gp, 492(t5)
core   0: 3 0x80013e18 (0x1e3f2623) mem 0x80015000 0x00000001
core   0: 0x80013e1c (0xff9ff06f) j       pc - 0x8
core   0: 3 0x80013e1c (0xff9ff06f)
core   0: 0x80013e14 (0x00001f17) auipc   t5, 0x1
core   0: 3 0x80013e14 (0x00001f17) x30 0x80014e14
core   0: 0x80013e18 (0x1e3f2623) sw      gp, 492(t5)
core   0: 3 0x80013e18 (0x1e3f2623) mem 0x80015000 0x00000001
core   0: 0x80013e1c (0xff9ff06f) j       pc - 0x8
core   0: 3 0x80013e1c (0xff9ff06f)
core   0: 0x80013e14 (0x00001f17) auipc   t5, 0x1
core   0: 3 0x80013e14 (0x00001f17) x30 0x80014e14
core   0: 0x80013e18 (0x1e3f2623) sw      gp, 492(t5)
core   0: 3 0x80013e18 (0x1e3f2623) mem 0x80015000 0x00000001
core   0: 0x80013e1c (0xff9ff06f) j       pc - 0x8
core   0: 3 0x80013e1c (0xff9ff06f)
core   0: 0x80013e14 (0x00001f17) auipc   t5, 0x1
core   0: 3 0x80013e14 (0x00001f17) x30 0x80014e14
core   0: 0x80013e18 (0x1e3f2623) sw      gp, 492(t5)
core   0: 3 0x80013e18 (0x1e3f2623) mem 0x80015000 0x00000001
core   0: 0x80013e1c (0xff9ff06f) j       pc - 0x8
core   0: 3 0x80013e1c (0xff9ff06f)
core   0: 0x80013e14 (0x00001f17) auipc   t5, 0x1
core   0: 3 0x80013e14 (0x00001f17) x30 0x80014e14
core   0: 0x80013e18 (0x1e3f2623) sw      gp, 492(t5)
core   0: 3 0x80013e18 (0x1e3f2623) mem 0x80015000 0x00000001
core   0: 0x80013e1c (0xff9ff06f) j       pc - 0x8
core   0: 3 0x80013e1c (0xff9ff06f)
core   0: 0x80013e14 (0x00001f17) auipc   t5, 0x1
core   0: 3 0x80013e14 (0x00001f17) x30 0x80014e14
core   0: 0x80013e18 (0x1e3f2623) sw      gp, 492(t5)
core   0: 3 0x80013e18 (0x1e3f2623) mem 0x80015000 0x00000001
core   0: 0x80013e1c (0xff9ff06f) j       pc - 0x8
core   0: 3 0x80013e1c (0xff9ff06f)
core   0: 0x80013e14 (0x00001f17) auipc   t5, 0x1
core   0: 3 0x80013e14 (0x00001f17) x30 0x80014e14
core   0: 0x80013e18 (0x1e3f2623) sw      gp, 492(t5)
core   0: 3 0x80013e18 (0x1e3f2623) mem 0x80015000 0x00000001
core   0: 0x80013e1c (0xff9ff06f) j       pc - 0x8
core   0: 3 0x80013e1c (0xff9ff06f)
core   0: 0x80013e14 (0x00001f17) auipc   t5, 0x1
core   0: 3 0x80013e14 (0x00001f17) x30 0x80014e14
core   0: 0x80013e18 (0x1e3f2623) sw      gp, 492(t5)
core   0: 3 0x80013e18 (0x1e3f2623) mem 0x80015000 0x00000001
core   0: 0x80013e1c (0xff9ff06f) j       pc - 0x8
core   0: 3 0x80013e1c (0xff9ff06f)
core   0: 0x80013e14 (0x00001f17) auipc   t5, 0x1
core   0: 3 0x80013e14 (0x00001f17) x30 0x80014e14
core   0: 0x80013e18 (0x1e3f2623) sw      gp, 492(t5)
core   0: 3 0x80013e18 (0x1e3f2623) mem 0x80015000 0x00000001
core   0: 0x80013e1c (0xff9ff06f) j       pc - 0x8
core   0: 3 0x80013e1c (0xff9ff06f)
core   0: 0x80013e14 (0x00001f17) auipc   t5, 0x1
core   0: 3 0x80013e14 (0x00001f17) x30 0x80014e14
core   0: 0x80013e18 (0x1e3f2623) sw      gp, 492(t5)
core   0: 3 0x80013e18 (0x1e3f2623) mem 0x80015000 0x00000001
core   0: 0x80013e1c (0xff9ff06f) j       pc - 0x8
core   0: 3 0x80013e1c (0xff9ff06f)
core   0: 0x80013e14 (0x00001f17) auipc   t5, 0x1
core   0: 3 0x80013e14 (0x00001f17) x30 0x80014e14
core   0: 0x80013e18 (0x1e3f2623) sw      gp, 492(t5)
core   0: 3 0x80013e18 (0x1e3f2623) mem 0x80015000 0x00000001
core   0: 0x80013e1c (0xff9ff06f) j       pc - 0x8
core   0: 3 0x80013e1c (0xff9ff06f)
core   0: 0x80013e14 (0x00001f17) auipc   t5, 0x1
core   0: 3 0x80013e14 (0x00001f17) x30 0x80014e14
core   0: 0x80013e18 (0x1e3f2623) sw      gp, 492(t5)
core   0: 3 0x80013e18 (0x1e3f2623) mem 0x80015000 0x00000001
core   0: 0x80013e1c (0xff9ff06f) j       pc - 0x8
core   0: 3 0x80013e1c (0xff9ff06f)
core   0: 0x80013e14 (0x00001f17) auipc   t5, 0x1
core   0: 3 0x80013e14 (0x00001f17) x30 0x80014e14
core   0: 0x80013e18 (0x1e3f2623) sw      gp, 492(t5)
core   0: 3 0x80013e18 (0x1e3f2623) mem 0x80015000 0x00000001
core   0: 0x80013e1c (0xff9ff06f) j       pc - 0x8
core   0: 3 0x80013e1c (0xff9ff06f)
core   0: 0x80013e14 (0x00001f17) auipc   t5, 0x1
core   0: 3 0x80013e14 (0x00001f17) x30 0x80014e14
core   0: 0x80013e18 (0x1e3f2623) sw      gp, 492(t5)
core   0: 3 0x80013e18 (0x1e3f2623) mem 0x80015000 0x00000001
core   0: 0x80013e1c (0xff9ff06f) j       pc - 0x8
core   0: 3 0x80013e1c (0xff9ff06f)
core   0: 0x80013e14 (0x00001f17) auipc   t5, 0x1
core   0: 3 0x80013e14 (0x00001f17) x30 0x80014e14
core   0: 0x80013e18 (0x1e3f2623) sw      gp, 492(t5)
core   0: 3 0x80013e18 (0x1e3f2623) mem 0x80015000 0x00000001
core   0: 0x80013e1c (0xff9ff06f) j       pc - 0x8
core   0: 3 0x80013e1c (0xff9ff06f)
core   0: 0x80013e14 (0x00001f17) auipc   t5, 0x1
core   0: 3 0x80013e14 (0x00001f17) x30 0x80014e14
core   0: 0x80013e18 (0x1e3f2623) sw      gp, 492(t5)
core   0: 3 0x80013e18 (0x1e3f2623) mem 0x80015000 0x00000001
core   0: 0x80013e1c (0xff9ff06f) j       pc - 0x8
core   0: 3 0x80013e1c (0xff9ff06f)
core   0: 0x80013e14 (0x00001f17) auipc   t5, 0x1
core   0: 3 0x80013e14 (0x00001f17) x30 0x80014e14
core   0: 0x80013e18 (0x1e3f2623) sw      gp, 492(t5)
core   0: 3 0x80013e18 (0x1e3f2623) mem 0x80015000 0x00000001
core   0: 0x80013e1c (0xff9ff06f) j       pc - 0x8
core   0: 3 0x80013e1c (0xff9ff06f)
core   0: 0x80013e14 (0x00001f17) auipc   t5, 0x1
core   0: 3 0x80013e14 (0x00001f17) x30 0x80014e14
core   0: 0x80013e18 (0x1e3f2623) sw      gp, 492(t5)
core   0: 3 0x80013e18 (0x1e3f2623) mem 0x80015000 0x00000001
core   0: 0x80013e1c (0xff9ff06f) j       pc - 0x8
core   0: 3 0x80013e1c (0xff9ff06f)
core   0: 0x80013e14 (0x00001f17) auipc   t5, 0x1
core   0: 3 0x80013e14 (0x00001f17) x30 0x80014e14
core   0: 0x80013e18 (0x1e3f2623) sw      gp, 492(t5)
core   0: 3 0x80013e18 (0x1e3f2623) mem 0x80015000 0x00000001
core   0: 0x80013e1c (0xff9ff06f) j       pc - 0x8
core   0: 3 0x80013e1c (0xff9ff06f)
core   0: 0x80013e14 (0x00001f17) auipc   t5, 0x1
core   0: 3 0x80013e14 (0x00001f17) x30 0x80014e14
core   0: 0x80013e18 (0x1e3f2623) sw      gp, 492(t5)
core   0: 3 0x80013e18 (0x1e3f2623) mem 0x80015000 0x00000001
core   0: 0x80013e1c (0xff9ff06f) j       pc - 0x8
core   0: 3 0x80013e1c (0xff9ff06f)
core   0: 0x80013e14 (0x00001f17) auipc   t5, 0x1
core   0: 3 0x80013e14 (0x00001f17) x30 0x80014e14
core   0: 0x80013e18 (0x1e3f2623) sw      gp, 492(t5)
core   0: 3 0x80013e18 (0x1e3f2623) mem 0x80015000 0x00000001
core   0: 0x80013e1c (0xff9ff06f) j       pc - 0x8
core   0: 3 0x80013e1c (0xff9ff06f)
core   0: 0x80013e14 (0x00001f17) auipc   t5, 0x1
core   0: 3 0x80013e14 (0x00001f17) x30 0x80014e14
core   0: 0x80013e18 (0x1e3f2623) sw      gp, 492(t5)
core   0: 3 0x80013e18 (0x1e3f2623) mem 0x80015000 0x00000001
core   0: 0x80013e1c (0xff9ff06f) j       pc - 0x8
core   0: 3 0x80013e1c (0xff9ff06f)
core   0: 0x80013e14 (0x00001f17) auipc   t5, 0x1
core   0: 3 0x80013e14 (0x00001f17) x30 0x80014e14
core   0: 0x80013e18 (0x1e3f2623) sw      gp, 492(t5)
core   0: 3 0x80013e18 (0x1e3f2623) mem 0x80015000 0x00000001
core   0: 0x80013e1c (0xff9ff06f) j       pc - 0x8
core   0: 3 0x80013e1c (0xff9ff06f)
core   0: 0x80013e14 (0x00001f17) auipc   t5, 0x1
core   0: 3 0x80013e14 (0x00001f17) x30 0x80014e14
core   0: 0x80013e18 (0x1e3f2623) sw      gp, 492(t5)
core   0: 3 0x80013e18 (0x1e3f2623) mem 0x80015000 0x00000001
core   0: 0x80013e1c (0xff9ff06f) j       pc - 0x8
core   0: 3 0x80013e1c (0xff9ff06f)
core   0: 0x80013e14 (0x00001f17) auipc   t5, 0x1
core   0: 3 0x80013e14 (0x00001f17) x30 0x80014e14
core   0: 0x80013e18 (0x1e3f2623) sw      gp, 492(t5)
core   0: 3 0x80013e18 (0x1e3f2623) mem 0x80015000 0x00000001
core   0: 0x80013e1c (0xff9ff06f) j       pc - 0x8
core   0: 3 0x80013e1c (0xff9ff06f)
core   0: 0x80013e14 (0x00001f17) auipc   t5, 0x1
core   0: 3 0x80013e14 (0x00001f17) x30 0x80014e14
core   0: 0x80013e18 (0x1e3f2623) sw      gp, 492(t5)
core   0: 3 0x80013e18 (0x1e3f2623) mem 0x80015000 0x00000001
core   0: 0x80013e1c (0xff9ff06f) j       pc - 0x8
core   0: 3 0x80013e1c (0xff9ff06f)
core   0: 0x80013e14 (0x00001f17) auipc   t5, 0x1
core   0: 3 0x80013e14 (0x00001f17) x30 0x80014e14
core   0: 0x80013e18 (0x1e3f2623) sw      gp, 492(t5)
core   0: 3 0x80013e18 (0x1e3f2623) mem 0x80015000 0x00000001
core   0: 0x80013e1c (0xff9ff06f) j       pc - 0x8
core   0: 3 0x80013e1c (0xff9ff06f)
core   0: 0x80013e14 (0x00001f17) auipc   t5, 0x1
core   0: 3 0x80013e14 (0x00001f17) x30 0x80014e14
core   0: 0x80013e18 (0x1e3f2623) sw      gp, 492(t5)
core   0: 3 0x80013e18 (0x1e3f2623) mem 0x80015000 0x00000001
core   0: 0x80013e1c (0xff9ff06f) j       pc - 0x8
core   0: 3 0x80013e1c (0xff9ff06f)
core   0: 0x80013e14 (0x00001f17) auipc   t5, 0x1
core   0: 3 0x80013e14 (0x00001f17) x30 0x80014e14
core   0: 0x80013e18 (0x1e3f2623) sw      gp, 492(t5)
core   0: 3 0x80013e18 (0x1e3f2623) mem 0x80015000 0x00000001
core   0: 0x80013e1c (0xff9ff06f) j       pc - 0x8
core   0: 3 0x80013e1c (0xff9ff06f)
core   0: 0x80013e14 (0x00001f17) auipc   t5, 0x1
core   0: 3 0x80013e14 (0x00001f17) x30 0x80014e14
core   0: 0x80013e18 (0x1e3f2623) sw      gp, 492(t5)
core   0: 3 0x80013e18 (0x1e3f2623) mem 0x80015000 0x00000001
core   0: 0x80013e1c (0xff9ff06f) j       pc - 0x8
core   0: 3 0x80013e1c (0xff9ff06f)
core   0: 0x80013e14 (0x00001f17) auipc   t5, 0x1
core   0: 3 0x80013e14 (0x00001f17) x30 0x80014e14
core   0: 0x80013e18 (0x1e3f2623) sw      gp, 492(t5)
core   0: 3 0x80013e18 (0x1e3f2623) mem 0x80015000 0x00000001
core   0: 0x80013e1c (0xff9ff06f) j       pc - 0x8
core   0: 3 0x80013e1c (0xff9ff06f)
core   0: 0x80013e14 (0x00001f17) auipc   t5, 0x1
core   0: 3 0x80013e14 (0x00001f17) x30 0x80014e14
core   0: 0x80013e18 (0x1e3f2623) sw      gp, 492(t5)
core   0: 3 0x80013e18 (0x1e3f2623) mem 0x80015000 0x00000001
core   0: 0x80013e1c (0xff9ff06f) j       pc - 0x8
core   0: 3 0x80013e1c (0xff9ff06f)
core   0: 0x80013e14 (0x00001f17) auipc   t5, 0x1
core   0: 3 0x80013e14 (0x00001f17) x30 0x80014e14
core   0: 0x80013e18 (0x1e3f2623) sw      gp, 492(t5)
core   0: 3 0x80013e18 (0x1e3f2623) mem 0x80015000 0x00000001
core   0: 0x80013e1c (0xff9ff06f) j       pc - 0x8
core   0: 3 0x80013e1c (0xff9ff06f)
core   0: 0x80013e14 (0x00001f17) auipc   t5, 0x1
core   0: 3 0x80013e14 (0x00001f17) x30 0x80014e14
core   0: 0x80013e18 (0x1e3f2623) sw      gp, 492(t5)
core   0: 3 0x80013e18 (0x1e3f2623) mem 0x80015000 0x00000001
core   0: 0x80013e1c (0xff9ff06f) j       pc - 0x8
core   0: 3 0x80013e1c (0xff9ff06f)
core   0: 0x80013e14 (0x00001f17) auipc   t5, 0x1
core   0: 3 0x80013e14 (0x00001f17) x30 0x80014e14
core   0: 0x80013e18 (0x1e3f2623) sw      gp, 492(t5)
core   0: 3 0x80013e18 (0x1e3f2623) mem 0x80015000 0x00000001
core   0: 0x80013e1c (0xff9ff06f) j       pc - 0x8
core   0: 3 0x80013e1c (0xff9ff06f)
core   0: 0x80013e14 (0x00001f17) auipc   t5, 0x1
core   0: 3 0x80013e14 (0x00001f17) x30 0x80014e14
core   0: 0x80013e18 (0x1e3f2623) sw      gp, 492(t5)
core   0: 3 0x80013e18 (0x1e3f2623) mem 0x80015000 0x00000001
core   0: 0x80013e1c (0xff9ff06f) j       pc - 0x8
core   0: 3 0x80013e1c (0xff9ff06f)
core   0: 0x80013e14 (0x00001f17) auipc   t5, 0x1
core   0: 3 0x80013e14 (0x00001f17) x30 0x80014e14
core   0: 0x80013e18 (0x1e3f2623) sw      gp, 492(t5)
core   0: 3 0x80013e18 (0x1e3f2623) mem 0x80015000 0x00000001
core   0: 0x80013e1c (0xff9ff06f) j       pc - 0x8
core   0: 3 0x80013e1c (0xff9ff06f)
core   0: 0x80013e14 (0x00001f17) auipc   t5, 0x1
core   0: 3 0x80013e14 (0x00001f17) x30 0x80014e14
core   0: 0x80013e18 (0x1e3f2623) sw      gp, 492(t5)
core   0: 3 0x80013e18 (0x1e3f2623) mem 0x80015000 0x00000001
core   0: 0x80013e1c (0xff9ff06f) j       pc - 0x8
core   0: 3 0x80013e1c (0xff9ff06f)
core   0: 0x80013e14 (0x00001f17) auipc   t5, 0x1
core   0: 3 0x80013e14 (0x00001f17) x30 0x80014e14
core   0: 0x80013e18 (0x1e3f2623) sw      gp, 492(t5)
core   0: 3 0x80013e18 (0x1e3f2623) mem 0x80015000 0x00000001
core   0: 0x80013e1c (0xff9ff06f) j       pc - 0x8
core   0: 3 0x80013e1c (0xff9ff06f)
core   0: 0x80013e14 (0x00001f17) auipc   t5, 0x1
core   0: 3 0x80013e14 (0x00001f17) x30 0x80014e14
core   0: 0x80013e18 (0x1e3f2623) sw      gp, 492(t5)
core   0: 3 0x80013e18 (0x1e3f2623) mem 0x80015000 0x00000001
core   0: 0x80013e1c (0xff9ff06f) j       pc - 0x8
core   0: 3 0x80013e1c (0xff9ff06f)
core   0: 0x80013e14 (0x00001f17) auipc   t5, 0x1
core   0: 3 0x80013e14 (0x00001f17) x30 0x80014e14
core   0: 0x80013e18 (0x1e3f2623) sw      gp, 492(t5)
core   0: 3 0x80013e18 (0x1e3f2623) mem 0x80015000 0x00000001
core   0: 0x80013e1c (0xff9ff06f) j       pc - 0x8
core   0: 3 0x80013e1c (0xff9ff06f)
core   0: 0x80013e14 (0x00001f17) auipc   t5, 0x1
core   0: 3 0x80013e14 (0x00001f17) x30 0x80014e14
core   0: 0x80013e18 (0x1e3f2623) sw      gp, 492(t5)
core   0: 3 0x80013e18 (0x1e3f2623) mem 0x80015000 0x00000001
core   0: 0x80013e1c (0xff9ff06f) j       pc - 0x8
core   0: 3 0x80013e1c (0xff9ff06f)
core   0: 0x80013e14 (0x00001f17) auipc   t5, 0x1
core   0: 3 0x80013e14 (0x00001f17) x30 0x80014e14
core   0: 0x80013e18 (0x1e3f2623) sw      gp, 492(t5)
core   0: 3 0x80013e18 (0x1e3f2623) mem 0x80015000 0x00000001
core   0: 0x80013e1c (0xff9ff06f) j       pc - 0x8
core   0: 3 0x80013e1c (0xff9ff06f)
core   0: 0x80013e14 (0x00001f17) auipc   t5, 0x1
core   0: 3 0x80013e14 (0x00001f17) x30 0x80014e14
core   0: 0x80013e18 (0x1e3f2623) sw      gp, 492(t5)
core   0: 3 0x80013e18 (0x1e3f2623) mem 0x80015000 0x00000001
core   0: 0x80013e1c (0xff9ff06f) j       pc - 0x8
core   0: 3 0x80013e1c (0xff9ff06f)
core   0: 0x80013e14 (0x00001f17) auipc   t5, 0x1
core   0: 3 0x80013e14 (0x00001f17) x30 0x80014e14
core   0: 0x80013e18 (0x1e3f2623) sw      gp, 492(t5)
core   0: 3 0x80013e18 (0x1e3f2623) mem 0x80015000 0x00000001
core   0: 0x80013e1c (0xff9ff06f) j       pc - 0x8
core   0: 3 0x80013e1c (0xff9ff06f)
core   0: 0x80013e14 (0x00001f17) auipc   t5, 0x1
core   0: 3 0x80013e14 (0x00001f17) x30 0x80014e14
core   0: 0x80013e18 (0x1e3f2623) sw      gp, 492(t5)
core   0: 3 0x80013e18 (0x1e3f2623) mem 0x80015000 0x00000001
core   0: 0x80013e1c (0xff9ff06f) j       pc - 0x8
core   0: 3 0x80013e1c (0xff9ff06f)
core   0: 0x80013e14 (0x00001f17) auipc   t5, 0x1
core   0: 3 0x80013e14 (0x00001f17) x30 0x80014e14
core   0: 0x80013e18 (0x1e3f2623) sw      gp, 492(t5)
core   0: 3 0x80013e18 (0x1e3f2623) mem 0x80015000 0x00000001
core   0: 0x80013e1c (0xff9ff06f) j       pc - 0x8
core   0: 3 0x80013e1c (0xff9ff06f)
core   0: 0x80013e14 (0x00001f17) auipc   t5, 0x1
core   0: 3 0x80013e14 (0x00001f17) x30 0x80014e14
core   0: 0x80013e18 (0x1e3f2623) sw      gp, 492(t5)
core   0: 3 0x80013e18 (0x1e3f2623) mem 0x80015000 0x00000001
core   0: 0x80013e1c (0xff9ff06f) j       pc - 0x8
core   0: 3 0x80013e1c (0xff9ff06f)
core   0: 0x80013e14 (0x00001f17) auipc   t5, 0x1
core   0: 3 0x80013e14 (0x00001f17) x30 0x80014e14
core   0: 0x80013e18 (0x1e3f2623) sw      gp, 492(t5)
core   0: 3 0x80013e18 (0x1e3f2623) mem 0x80015000 0x00000001
core   0: 0x80013e1c (0xff9ff06f) j       pc - 0x8
core   0: 3 0x80013e1c (0xff9ff06f)
core   0: 0x80013e14 (0x00001f17) auipc   t5, 0x1
core   0: 3 0x80013e14 (0x00001f17) x30 0x80014e14
core   0: 0x80013e18 (0x1e3f2623) sw      gp, 492(t5)
core   0: 3 0x80013e18 (0x1e3f2623) mem 0x80015000 0x00000001
core   0: 0x80013e1c (0xff9ff06f) j       pc - 0x8
core   0: 3 0x80013e1c (0xff9ff06f)
core   0: 0x80013e14 (0x00001f17) auipc   t5, 0x1
core   0: 3 0x80013e14 (0x00001f17) x30 0x80014e14
core   0: 0x80013e18 (0x1e3f2623) sw      gp, 492(t5)
core   0: 3 0x80013e18 (0x1e3f2623) mem 0x80015000 0x00000001
core   0: 0x80013e1c (0xff9ff06f) j       pc - 0x8
core   0: 3 0x80013e1c (0xff9ff06f)
core   0: 0x80013e14 (0x00001f17) auipc   t5, 0x1
core   0: 3 0x80013e14 (0x00001f17) x30 0x80014e14
core   0: 0x80013e18 (0x1e3f2623) sw      gp, 492(t5)
core   0: 3 0x80013e18 (0x1e3f2623) mem 0x80015000 0x00000001
core   0: 0x80013e1c (0xff9ff06f) j       pc - 0x8
core   0: 3 0x80013e1c (0xff9ff06f)
core   0: 0x80013e14 (0x00001f17) auipc   t5, 0x1
core   0: 3 0x80013e14 (0x00001f17) x30 0x80014e14
core   0: 0x80013e18 (0x1e3f2623) sw      gp, 492(t5)
core   0: 3 0x80013e18 (0x1e3f2623) mem 0x80015000 0x00000001
core   0: 0x80013e1c (0xff9ff06f) j       pc - 0x8
core   0: 3 0x80013e1c (0xff9ff06f)
core   0: 0x80013e14 (0x00001f17) auipc   t5, 0x1
core   0: 3 0x80013e14 (0x00001f17) x30 0x80014e14
core   0: 0x80013e18 (0x1e3f2623) sw      gp, 492(t5)
core   0: 3 0x80013e18 (0x1e3f2623) mem 0x80015000 0x00000001
core   0: 0x80013e1c (0xff9ff06f) j       pc - 0x8
core   0: 3 0x80013e1c (0xff9ff06f)
core   0: 0x80013e14 (0x00001f17) auipc   t5, 0x1
core   0: 3 0x80013e14 (0x00001f17) x30 0x80014e14
core   0: 0x80013e18 (0x1e3f2623) sw      gp, 492(t5)
core   0: 3 0x80013e18 (0x1e3f2623) mem 0x80015000 0x00000001
core   0: 0x80013e1c (0xff9ff06f) j       pc - 0x8
core   0: 3 0x80013e1c (0xff9ff06f)
core   0: 0x80013e14 (0x00001f17) auipc   t5, 0x1
core   0: 3 0x80013e14 (0x00001f17) x30 0x80014e14
core   0: 0x80013e18 (0x1e3f2623) sw      gp, 492(t5)
core   0: 3 0x80013e18 (0x1e3f2623) mem 0x80015000 0x00000001
core   0: 0x80013e1c (0xff9ff06f) j       pc - 0x8
core   0: 3 0x80013e1c (0xff9ff06f)
core   0: 0x80013e14 (0x00001f17) auipc   t5, 0x1
core   0: 3 0x80013e14 (0x00001f17) x30 0x80014e14
core   0: 0x80013e18 (0x1e3f2623) sw      gp, 492(t5)
core   0: 3 0x80013e18 (0x1e3f2623) mem 0x80015000 0x00000001
core   0: 0x80013e1c (0xff9ff06f) j       pc - 0x8
core   0: 3 0x80013e1c (0xff9ff06f)
core   0: 0x80013e14 (0x00001f17) auipc   t5, 0x1
core   0: 3 0x80013e14 (0x00001f17) x30 0x80014e14
core   0: 0x80013e18 (0x1e3f2623) sw      gp, 492(t5)
core   0: 3 0x80013e18 (0x1e3f2623) mem 0x80015000 0x00000001
core   0: 0x80013e1c (0xff9ff06f) j       pc - 0x8
core   0: 3 0x80013e1c (0xff9ff06f)
core   0: 0x80013e14 (0x00001f17) auipc   t5, 0x1
core   0: 3 0x80013e14 (0x00001f17) x30 0x80014e14
core   0: 0x80013e18 (0x1e3f2623) sw      gp, 492(t5)
core   0: 3 0x80013e18 (0x1e3f2623) mem 0x80015000 0x00000001
core   0: 0x80013e1c (0xff9ff06f) j       pc - 0x8
core   0: 3 0x80013e1c (0xff9ff06f)
core   0: 0x80013e14 (0x00001f17) auipc   t5, 0x1
core   0: 3 0x80013e14 (0x00001f17) x30 0x80014e14
core   0: 0x80013e18 (0x1e3f2623) sw      gp, 492(t5)
core   0: 3 0x80013e18 (0x1e3f2623) mem 0x80015000 0x00000001
core   0: 0x80013e1c (0xff9ff06f) j       pc - 0x8
core   0: 3 0x80013e1c (0xff9ff06f)
core   0: 0x80013e14 (0x00001f17) auipc   t5, 0x1
core   0: 3 0x80013e14 (0x00001f17) x30 0x80014e14
core   0: 0x80013e18 (0x1e3f2623) sw      gp, 492(t5)
core   0: 3 0x80013e18 (0x1e3f2623) mem 0x80015000 0x00000001
core   0: 0x80013e1c (0xff9ff06f) j       pc - 0x8
core   0: 3 0x80013e1c (0xff9ff06f)
core   0: 0x80013e14 (0x00001f17) auipc   t5, 0x1
core   0: 3 0x80013e14 (0x00001f17) x30 0x80014e14
core   0: 0x80013e18 (0x1e3f2623) sw      gp, 492(t5)
core   0: 3 0x80013e18 (0x1e3f2623) mem 0x80015000 0x00000001
core   0: 0x80013e1c (0xff9ff06f) j       pc - 0x8
core   0: 3 0x80013e1c (0xff9ff06f)
core   0: 0x80013e14 (0x00001f17) auipc   t5, 0x1
core   0: 3 0x80013e14 (0x00001f17) x30 0x80014e14
core   0: 0x80013e18 (0x1e3f2623) sw      gp, 492(t5)
core   0: 3 0x80013e18 (0x1e3f2623) mem 0x80015000 0x00000001
core   0: 0x80013e1c (0xff9ff06f) j       pc - 0x8
core   0: 3 0x80013e1c (0xff9ff06f)
core   0: 0x80013e14 (0x00001f17) auipc   t5, 0x1
core   0: 3 0x80013e14 (0x00001f17) x30 0x80014e14
core   0: 0x80013e18 (0x1e3f2623) sw      gp, 492(t5)
core   0: 3 0x80013e18 (0x1e3f2623) mem 0x80015000 0x00000001
core   0: 0x80013e1c (0xff9ff06f) j       pc - 0x8
core   0: 3 0x80013e1c (0xff9ff06f)
core   0: 0x80013e14 (0x00001f17) auipc   t5, 0x1
core   0: 3 0x80013e14 (0x00001f17) x30 0x80014e14
core   0: 0x80013e18 (0x1e3f2623) sw      gp, 492(t5)
core   0: 3 0x80013e18 (0x1e3f2623) mem 0x80015000 0x00000001
core   0: 0x80013e1c (0xff9ff06f) j       pc - 0x8
core   0: 3 0x80013e1c (0xff9ff06f)
core   0: 0x80013e14 (0x00001f17) auipc   t5, 0x1
core   0: 3 0x80013e14 (0x00001f17) x30 0x80014e14
core   0: 0x80013e18 (0x1e3f2623) sw      gp, 492(t5)
core   0: 3 0x80013e18 (0x1e3f2623) mem 0x80015000 0x00000001
core   0: 0x80013e1c (0xff9ff06f) j       pc - 0x8
core   0: 3 0x80013e1c (0xff9ff06f)
core   0: 0x80013e14 (0x00001f17) auipc   t5, 0x1
core   0: 3 0x80013e14 (0x00001f17) x30 0x80014e14
core   0: 0x80013e18 (0x1e3f2623) sw      gp, 492(t5)
core   0: 3 0x80013e18 (0x1e3f2623) mem 0x80015000 0x00000001
core   0: 0x80013e1c (0xff9ff06f) j       pc - 0x8
core   0: 3 0x80013e1c (0xff9ff06f)
core   0: 0x80013e14 (0x00001f17) auipc   t5, 0x1
core   0: 3 0x80013e14 (0x00001f17) x30 0x80014e14
core   0: 0x80013e18 (0x1e3f2623) sw      gp, 492(t5)
core   0: 3 0x80013e18 (0x1e3f2623) mem 0x80015000 0x00000001
core   0: 0x80013e1c (0xff9ff06f) j       pc - 0x8
core   0: 3 0x80013e1c (0xff9ff06f)
core   0: 0x80013e14 (0x00001f17) auipc   t5, 0x1
core   0: 3 0x80013e14 (0x00001f17) x30 0x80014e14
core   0: 0x80013e18 (0x1e3f2623) sw      gp, 492(t5)
core   0: 3 0x80013e18 (0x1e3f2623) mem 0x80015000 0x00000001
core   0: 0x80013e1c (0xff9ff06f) j       pc - 0x8
core   0: 3 0x80013e1c (0xff9ff06f)
core   0: 0x80013e14 (0x00001f17) auipc   t5, 0x1
core   0: 3 0x80013e14 (0x00001f17) x30 0x80014e14
core   0: 0x80013e18 (0x1e3f2623) sw      gp, 492(t5)
core   0: 3 0x80013e18 (0x1e3f2623) mem 0x80015000 0x00000001
core   0: 0x80013e1c (0xff9ff06f) j       pc - 0x8
core   0: 3 0x80013e1c (0xff9ff06f)
core   0: 0x80013e14 (0x00001f17) auipc   t5, 0x1
core   0: 3 0x80013e14 (0x00001f17) x30 0x80014e14
core   0: 0x80013e18 (0x1e3f2623) sw      gp, 492(t5)
core   0: 3 0x80013e18 (0x1e3f2623) mem 0x80015000 0x00000001
core   0: 0x80013e1c (0xff9ff06f) j       pc - 0x8
core   0: 3 0x80013e1c (0xff9ff06f)
core   0: 0x80013e14 (0x00001f17) auipc   t5, 0x1
core   0: 3 0x80013e14 (0x00001f17) x30 0x80014e14
core   0: 0x80013e18 (0x1e3f2623) sw      gp, 492(t5)
core   0: 3 0x80013e18 (0x1e3f2623) mem 0x80015000 0x00000001
core   0: 0x80013e1c (0xff9ff06f) j       pc - 0x8
core   0: 3 0x80013e1c (0xff9ff06f)
core   0: 0x80013e14 (0x00001f17) auipc   t5, 0x1
core   0: 3 0x80013e14 (0x00001f17) x30 0x80014e14
core   0: 0x80013e18 (0x1e3f2623) sw      gp, 492(t5)
core   0: 3 0x80013e18 (0x1e3f2623) mem 0x80015000 0x00000001
core   0: 0x80013e1c (0xff9ff06f) j       pc - 0x8
core   0: 3 0x80013e1c (0xff9ff06f)
core   0: 0x80013e14 (0x00001f17) auipc   t5, 0x1
core   0: 3 0x80013e14 (0x00001f17) x30 0x80014e14
core   0: 0x80013e18 (0x1e3f2623) sw      gp, 492(t5)
core   0: 3 0x80013e18 (0x1e3f2623) mem 0x80015000 0x00000001
core   0: 0x80013e1c (0xff9ff06f) j       pc - 0x8
core   0: 3 0x80013e1c (0xff9ff06f)
core   0: 0x80013e14 (0x00001f17) auipc   t5, 0x1
core   0: 3 0x80013e14 (0x00001f17) x30 0x80014e14
core   0: 0x80013e18 (0x1e3f2623) sw      gp, 492(t5)
core   0: 3 0x80013e18 (0x1e3f2623) mem 0x80015000 0x00000001
core   0: 0x80013e1c (0xff9ff06f) j       pc - 0x8
core   0: 3 0x80013e1c (0xff9ff06f)
core   0: 0x80013e14 (0x00001f17) auipc   t5, 0x1
core   0: 3 0x80013e14 (0x00001f17) x30 0x80014e14
core   0: 0x80013e18 (0x1e3f2623) sw      gp, 492(t5)
core   0: 3 0x80013e18 (0x1e3f2623) mem 0x80015000 0x00000001
core   0: 0x80013e1c (0xff9ff06f) j       pc - 0x8
core   0: 3 0x80013e1c (0xff9ff06f)
core   0: 0x80013e14 (0x00001f17) auipc   t5, 0x1
core   0: 3 0x80013e14 (0x00001f17) x30 0x80014e14
core   0: 0x80013e18 (0x1e3f2623) sw      gp, 492(t5)
core   0: 3 0x80013e18 (0x1e3f2623) mem 0x80015000 0x00000001
core   0: 0x80013e1c (0xff9ff06f) j       pc - 0x8
core   0: 3 0x80013e1c (0xff9ff06f)
core   0: 0x80013e14 (0x00001f17) auipc   t5, 0x1
core   0: 3 0x80013e14 (0x00001f17) x30 0x80014e14
core   0: 0x80013e18 (0x1e3f2623) sw      gp, 492(t5)
core   0: 3 0x80013e18 (0x1e3f2623) mem 0x80015000 0x00000001
core   0: 0x80013e1c (0xff9ff06f) j       pc - 0x8
core   0: 3 0x80013e1c (0xff9ff06f)
core   0: 0x80013e14 (0x00001f17) auipc   t5, 0x1
core   0: 3 0x80013e14 (0x00001f17) x30 0x80014e14
core   0: 0x80013e18 (0x1e3f2623) sw      gp, 492(t5)
core   0: 3 0x80013e18 (0x1e3f2623) mem 0x80015000 0x00000001
core   0: 0x80013e1c (0xff9ff06f) j       pc - 0x8
core   0: 3 0x80013e1c (0xff9ff06f)
core   0: 0x80013e14 (0x00001f17) auipc   t5, 0x1
core   0: 3 0x80013e14 (0x00001f17) x30 0x80014e14
core   0: 0x80013e18 (0x1e3f2623) sw      gp, 492(t5)
core   0: 3 0x80013e18 (0x1e3f2623) mem 0x80015000 0x00000001
core   0: 0x80013e1c (0xff9ff06f) j       pc - 0x8
core   0: 3 0x80013e1c (0xff9ff06f)
core   0: 0x80013e14 (0x00001f17) auipc   t5, 0x1
core   0: 3 0x80013e14 (0x00001f17) x30 0x80014e14
core   0: 0x80013e18 (0x1e3f2623) sw      gp, 492(t5)
core   0: 3 0x80013e18 (0x1e3f2623) mem 0x80015000 0x00000001
core   0: 0x80013e1c (0xff9ff06f) j       pc - 0x8
core   0: 3 0x80013e1c (0xff9ff06f)
core   0: 0x80013e14 (0x00001f17) auipc   t5, 0x1
core   0: 3 0x80013e14 (0x00001f17) x30 0x80014e14
core   0: 0x80013e18 (0x1e3f2623) sw      gp, 492(t5)
core   0: 3 0x80013e18 (0x1e3f2623) mem 0x80015000 0x00000001
core   0: 0x80013e1c (0xff9ff06f) j       pc - 0x8
core   0: 3 0x80013e1c (0xff9ff06f)
core   0: 0x80013e14 (0x00001f17) auipc   t5, 0x1
core   0: 3 0x80013e14 (0x00001f17) x30 0x80014e14
core   0: 0x80013e18 (0x1e3f2623) sw      gp, 492(t5)
core   0: 3 0x80013e18 (0x1e3f2623) mem 0x80015000 0x00000001
core   0: 0x80013e1c (0xff9ff06f) j       pc - 0x8
core   0: 3 0x80013e1c (0xff9ff06f)
core   0: 0x80013e14 (0x00001f17) auipc   t5, 0x1
core   0: 3 0x80013e14 (0x00001f17) x30 0x80014e14
core   0: 0x80013e18 (0x1e3f2623) sw      gp, 492(t5)
core   0: 3 0x80013e18 (0x1e3f2623) mem 0x80015000 0x00000001
core   0: 0x80013e1c (0xff9ff06f) j       pc - 0x8
core   0: 3 0x80013e1c (0xff9ff06f)
core   0: 0x80013e14 (0x00001f17) auipc   t5, 0x1
core   0: 3 0x80013e14 (0x00001f17) x30 0x80014e14
core   0: 0x80013e18 (0x1e3f2623) sw      gp, 492(t5)
core   0: 3 0x80013e18 (0x1e3f2623) mem 0x80015000 0x00000001
core   0: 0x80013e1c (0xff9ff06f) j       pc - 0x8
core   0: 3 0x80013e1c (0xff9ff06f)
core   0: 0x80013e14 (0x00001f17) auipc   t5, 0x1
core   0: 3 0x80013e14 (0x00001f17) x30 0x80014e14
core   0: 0x80013e18 (0x1e3f2623) sw      gp, 492(t5)
core   0: 3 0x80013e18 (0x1e3f2623) mem 0x80015000 0x00000001
core   0: 0x80013e1c (0xff9ff06f) j       pc - 0x8
core   0: 3 0x80013e1c (0xff9ff06f)
core   0: 0x80013e14 (0x00001f17) auipc   t5, 0x1
core   0: 3 0x80013e14 (0x00001f17) x30 0x80014e14
core   0: 0x80013e18 (0x1e3f2623) sw      gp, 492(t5)
core   0: 3 0x80013e18 (0x1e3f2623) mem 0x80015000 0x00000001
core   0: 0x80013e1c (0xff9ff06f) j       pc - 0x8
core   0: 3 0x80013e1c (0xff9ff06f)
core   0: 0x80013e14 (0x00001f17) auipc   t5, 0x1
core   0: 3 0x80013e14 (0x00001f17) x30 0x80014e14
core   0: 0x80013e18 (0x1e3f2623) sw      gp, 492(t5)
core   0: 3 0x80013e18 (0x1e3f2623) mem 0x80015000 0x00000001
core   0: 0x80013e1c (0xff9ff06f) j       pc - 0x8
core   0: 3 0x80013e1c (0xff9ff06f)
core   0: 0x80013e14 (0x00001f17) auipc   t5, 0x1
core   0: 3 0x80013e14 (0x00001f17) x30 0x80014e14
core   0: 0x80013e18 (0x1e3f2623) sw      gp, 492(t5)
core   0: 3 0x80013e18 (0x1e3f2623) mem 0x80015000 0x00000001
core   0: 0x80013e1c (0xff9ff06f) j       pc - 0x8
core   0: 3 0x80013e1c (0xff9ff06f)
core   0: 0x80013e14 (0x00001f17) auipc   t5, 0x1
core   0: 3 0x80013e14 (0x00001f17) x30 0x80014e14
core   0: 0x80013e18 (0x1e3f2623) sw      gp, 492(t5)
core   0: 3 0x80013e18 (0x1e3f2623) mem 0x80015000 0x00000001
core   0: 0x80013e1c (0xff9ff06f) j       pc - 0x8
core   0: 3 0x80013e1c (0xff9ff06f)
core   0: 0x80013e14 (0x00001f17) auipc   t5, 0x1
core   0: 3 0x80013e14 (0x00001f17) x30 0x80014e14
core   0: 0x80013e18 (0x1e3f2623) sw      gp, 492(t5)
core   0: 3 0x80013e18 (0x1e3f2623) mem 0x80015000 0x00000001
core   0: 0x80013e1c (0xff9ff06f) j       pc - 0x8
core   0: 3 0x80013e1c (0xff9ff06f)
core   0: 0x80013e14 (0x00001f17) auipc   t5, 0x1
core   0: 3 0x80013e14 (0x00001f17) x30 0x80014e14
core   0: 0x80013e18 (0x1e3f2623) sw      gp, 492(t5)
core   0: 3 0x80013e18 (0x1e3f2623) mem 0x80015000 0x00000001
core   0: 0x80013e1c (0xff9ff06f) j       pc - 0x8
core   0: 3 0x80013e1c (0xff9ff06f)
core   0: 0x80013e14 (0x00001f17) auipc   t5, 0x1
core   0: 3 0x80013e14 (0x00001f17) x30 0x80014e14
core   0: 0x80013e18 (0x1e3f2623) sw      gp, 492(t5)
core   0: 3 0x80013e18 (0x1e3f2623) mem 0x80015000 0x00000001
core   0: 0x80013e1c (0xff9ff06f) j       pc - 0x8
core   0: 3 0x80013e1c (0xff9ff06f)
core   0: 0x80013e14 (0x00001f17) auipc   t5, 0x1
core   0: 3 0x80013e14 (0x00001f17) x30 0x80014e14
core   0: 0x80013e18 (0x1e3f2623) sw      gp, 492(t5)
core   0: 3 0x80013e18 (0x1e3f2623) mem 0x80015000 0x00000001
core   0: 0x80013e1c (0xff9ff06f) j       pc - 0x8
core   0: 3 0x80013e1c (0xff9ff06f)
core   0: 0x80013e14 (0x00001f17) auipc   t5, 0x1
core   0: 3 0x80013e14 (0x00001f17) x30 0x80014e14
core   0: 0x80013e18 (0x1e3f2623) sw      gp, 492(t5)
core   0: 3 0x80013e18 (0x1e3f2623) mem 0x80015000 0x00000001
core   0: 0x80013e1c (0xff9ff06f) j       pc - 0x8
core   0: 3 0x80013e1c (0xff9ff06f)
core   0: 0x80013e14 (0x00001f17) auipc   t5, 0x1
core   0: 3 0x80013e14 (0x00001f17) x30 0x80014e14
core   0: 0x80013e18 (0x1e3f2623) sw      gp, 492(t5)
core   0: 3 0x80013e18 (0x1e3f2623) mem 0x80015000 0x00000001
core   0: 0x80013e1c (0xff9ff06f) j       pc - 0x8
core   0: 3 0x80013e1c (0xff9ff06f)
core   0: 0x80013e14 (0x00001f17) auipc   t5, 0x1
core   0: 3 0x80013e14 (0x00001f17) x30 0x80014e14
core   0: 0x80013e18 (0x1e3f2623) sw      gp, 492(t5)
core   0: 3 0x80013e18 (0x1e3f2623) mem 0x80015000 0x00000001
core   0: 0x80013e1c (0xff9ff06f) j       pc - 0x8
core   0: 3 0x80013e1c (0xff9ff06f)
core   0: 0x80013e14 (0x00001f17) auipc   t5, 0x1
core   0: 3 0x80013e14 (0x00001f17) x30 0x80014e14
core   0: 0x80013e18 (0x1e3f2623) sw      gp, 492(t5)
core   0: 3 0x80013e18 (0x1e3f2623) mem 0x80015000 0x00000001
core   0: 0x80013e1c (0xff9ff06f) j       pc - 0x8
core   0: 3 0x80013e1c (0xff9ff06f)
core   0: 0x80013e14 (0x00001f17) auipc   t5, 0x1
core   0: 3 0x80013e14 (0x00001f17) x30 0x80014e14
core   0: 0x80013e18 (0x1e3f2623) sw      gp, 492(t5)
core   0: 3 0x80013e18 (0x1e3f2623) mem 0x80015000 0x00000001
core   0: 0x80013e1c (0xff9ff06f) j       pc - 0x8
core   0: 3 0x80013e1c (0xff9ff06f)
core   0: 0x80013e14 (0x00001f17) auipc   t5, 0x1
core   0: 3 0x80013e14 (0x00001f17) x30 0x80014e14
core   0: 0x80013e18 (0x1e3f2623) sw      gp, 492(t5)
core   0: 3 0x80013e18 (0x1e3f2623) mem 0x80015000 0x00000001
core   0: 0x80013e1c (0xff9ff06f) j       pc - 0x8
core   0: 3 0x80013e1c (0xff9ff06f)
core   0: 0x80013e14 (0x00001f17) auipc   t5, 0x1
core   0: 3 0x80013e14 (0x00001f17) x30 0x80014e14
core   0: 0x80013e18 (0x1e3f2623) sw      gp, 492(t5)
core   0: 3 0x80013e18 (0x1e3f2623) mem 0x80015000 0x00000001
core   0: 0x80013e1c (0xff9ff06f) j       pc - 0x8
core   0: 3 0x80013e1c (0xff9ff06f)
core   0: 0x80013e14 (0x00001f17) auipc   t5, 0x1
core   0: 3 0x80013e14 (0x00001f17) x30 0x80014e14
core   0: 0x80013e18 (0x1e3f2623) sw      gp, 492(t5)
core   0: 3 0x80013e18 (0x1e3f2623) mem 0x80015000 0x00000001
core   0: 0x80013e1c (0xff9ff06f) j       pc - 0x8
core   0: 3 0x80013e1c (0xff9ff06f)
core   0: 0x80013e14 (0x00001f17) auipc   t5, 0x1
core   0: 3 0x80013e14 (0x00001f17) x30 0x80014e14
core   0: 0x80013e18 (0x1e3f2623) sw      gp, 492(t5)
core   0: 3 0x80013e18 (0x1e3f2623) mem 0x80015000 0x00000001
core   0: 0x80013e1c (0xff9ff06f) j       pc - 0x8
core   0: 3 0x80013e1c (0xff9ff06f)
core   0: 0x80013e14 (0x00001f17) auipc   t5, 0x1
core   0: 3 0x80013e14 (0x00001f17) x30 0x80014e14
core   0: 0x80013e18 (0x1e3f2623) sw      gp, 492(t5)
core   0: 3 0x80013e18 (0x1e3f2623) mem 0x80015000 0x00000001
core   0: 0x80013e1c (0xff9ff06f) j       pc - 0x8
core   0: 3 0x80013e1c (0xff9ff06f)
core   0: 0x80013e14 (0x00001f17) auipc   t5, 0x1
core   0: 3 0x80013e14 (0x00001f17) x30 0x80014e14
core   0: 0x80013e18 (0x1e3f2623) sw      gp, 492(t5)
core   0: 3 0x80013e18 (0x1e3f2623) mem 0x80015000 0x00000001
core   0: 0x80013e1c (0xff9ff06f) j       pc - 0x8
core   0: 3 0x80013e1c (0xff9ff06f)
core   0: 0x80013e14 (0x00001f17) auipc   t5, 0x1
core   0: 3 0x80013e14 (0x00001f17) x30 0x80014e14
core   0: 0x80013e18 (0x1e3f2623) sw      gp, 492(t5)
core   0: 3 0x80013e18 (0x1e3f2623) mem 0x80015000 0x00000001
core   0: 0x80013e1c (0xff9ff06f) j       pc - 0x8
core   0: 3 0x80013e1c (0xff9ff06f)
core   0: 0x80013e14 (0x00001f17) auipc   t5, 0x1
core   0: 3 0x80013e14 (0x00001f17) x30 0x80014e14
core   0: 0x80013e18 (0x1e3f2623) sw      gp, 492(t5)
core   0: 3 0x80013e18 (0x1e3f2623) mem 0x80015000 0x00000001
core   0: 0x80013e1c (0xff9ff06f) j       pc - 0x8
core   0: 3 0x80013e1c (0xff9ff06f)
core   0: 0x80013e14 (0x00001f17) auipc   t5, 0x1
core   0: 3 0x80013e14 (0x00001f17) x30 0x80014e14
core   0: 0x80013e18 (0x1e3f2623) sw      gp, 492(t5)
core   0: 3 0x80013e18 (0x1e3f2623) mem 0x80015000 0x00000001
core   0: 0x80013e1c (0xff9ff06f) j       pc - 0x8
core   0: 3 0x80013e1c (0xff9ff06f)
core   0: 0x80013e14 (0x00001f17) auipc   t5, 0x1
core   0: 3 0x80013e14 (0x00001f17) x30 0x80014e14
core   0: 0x80013e18 (0x1e3f2623) sw      gp, 492(t5)
core   0: 3 0x80013e18 (0x1e3f2623) mem 0x80015000 0x00000001
core   0: 0x80013e1c (0xff9ff06f) j       pc - 0x8
core   0: 3 0x80013e1c (0xff9ff06f)
core   0: 0x80013e14 (0x00001f17) auipc   t5, 0x1
core   0: 3 0x80013e14 (0x00001f17) x30 0x80014e14
core   0: 0x80013e18 (0x1e3f2623) sw      gp, 492(t5)
core   0: 3 0x80013e18 (0x1e3f2623) mem 0x80015000 0x00000001
core   0: 0x80013e1c (0xff9ff06f) j       pc - 0x8
core   0: 3 0x80013e1c (0xff9ff06f)
core   0: 0x80013e14 (0x00001f17) auipc   t5, 0x1
core   0: 3 0x80013e14 (0x00001f17) x30 0x80014e14
core   0: 0x80013e18 (0x1e3f2623) sw      gp, 492(t5)
core   0: 3 0x80013e18 (0x1e3f2623) mem 0x80015000 0x00000001
core   0: 0x80013e1c (0xff9ff06f) j       pc - 0x8
core   0: 3 0x80013e1c (0xff9ff06f)
core   0: 0x80013e14 (0x00001f17) auipc   t5, 0x1
core   0: 3 0x80013e14 (0x00001f17) x30 0x80014e14
core   0: 0x80013e18 (0x1e3f2623) sw      gp, 492(t5)
core   0: 3 0x80013e18 (0x1e3f2623) mem 0x80015000 0x00000001
core   0: 0x80013e1c (0xff9ff06f) j       pc - 0x8
core   0: 3 0x80013e1c (0xff9ff06f)
core   0: 0x80013e14 (0x00001f17) auipc   t5, 0x1
core   0: 3 0x80013e14 (0x00001f17) x30 0x80014e14
core   0: 0x80013e18 (0x1e3f2623) sw      gp, 492(t5)
core   0: 3 0x80013e18 (0x1e3f2623) mem 0x80015000 0x00000001
core   0: 0x80013e1c (0xff9ff06f) j       pc - 0x8
core   0: 3 0x80013e1c (0xff9ff06f)
core   0: 0x80013e14 (0x00001f17) auipc   t5, 0x1
core   0: 3 0x80013e14 (0x00001f17) x30 0x80014e14
core   0: 0x80013e18 (0x1e3f2623) sw      gp, 492(t5)
core   0: 3 0x80013e18 (0x1e3f2623) mem 0x80015000 0x00000001
core   0: 0x80013e1c (0xff9ff06f) j       pc - 0x8
core   0: 3 0x80013e1c (0xff9ff06f)
core   0: 0x80013e14 (0x00001f17) auipc   t5, 0x1
core   0: 3 0x80013e14 (0x00001f17) x30 0x80014e14
core   0: 0x80013e18 (0x1e3f2623) sw      gp, 492(t5)
core   0: 3 0x80013e18 (0x1e3f2623) mem 0x80015000 0x00000001
core   0: 0x80013e1c (0xff9ff06f) j       pc - 0x8
core   0: 3 0x80013e1c (0xff9ff06f)
core   0: 0x80013e14 (0x00001f17) auipc   t5, 0x1
core   0: 3 0x80013e14 (0x00001f17) x30 0x80014e14
core   0: 0x80013e18 (0x1e3f2623) sw      gp, 492(t5)
core   0: 3 0x80013e18 (0x1e3f2623) mem 0x80015000 0x00000001
core   0: 0x80013e1c (0xff9ff06f) j       pc - 0x8
core   0: 3 0x80013e1c (0xff9ff06f)
core   0: 0x80013e14 (0x00001f17) auipc   t5, 0x1
core   0: 3 0x80013e14 (0x00001f17) x30 0x80014e14
core   0: 0x80013e18 (0x1e3f2623) sw      gp, 492(t5)
core   0: 3 0x80013e18 (0x1e3f2623) mem 0x80015000 0x00000001
core   0: 0x80013e1c (0xff9ff06f) j       pc - 0x8
core   0: 3 0x80013e1c (0xff9ff06f)
core   0: 0x80013e14 (0x00001f17) auipc   t5, 0x1
core   0: 3 0x80013e14 (0x00001f17) x30 0x80014e14
core   0: 0x80013e18 (0x1e3f2623) sw      gp, 492(t5)
core   0: 3 0x80013e18 (0x1e3f2623) mem 0x80015000 0x00000001
core   0: 0x80013e1c (0xff9ff06f) j       pc - 0x8
core   0: 3 0x80013e1c (0xff9ff06f)
core   0: 0x80013e14 (0x00001f17) auipc   t5, 0x1
core   0: 3 0x80013e14 (0x00001f17) x30 0x80014e14
core   0: 0x80013e18 (0x1e3f2623) sw      gp, 492(t5)
core   0: 3 0x80013e18 (0x1e3f2623) mem 0x80015000 0x00000001
core   0: 0x80013e1c (0xff9ff06f) j       pc - 0x8
core   0: 3 0x80013e1c (0xff9ff06f)
core   0: 0x80013e14 (0x00001f17) auipc   t5, 0x1
core   0: 3 0x80013e14 (0x00001f17) x30 0x80014e14
core   0: 0x80013e18 (0x1e3f2623) sw      gp, 492(t5)
core   0: 3 0x80013e18 (0x1e3f2623) mem 0x80015000 0x00000001
core   0: 0x80013e1c (0xff9ff06f) j       pc - 0x8
core   0: 3 0x80013e1c (0xff9ff06f)
core   0: 0x80013e14 (0x00001f17) auipc   t5, 0x1
core   0: 3 0x80013e14 (0x00001f17) x30 0x80014e14
core   0: 0x80013e18 (0x1e3f2623) sw      gp, 492(t5)
core   0: 3 0x80013e18 (0x1e3f2623) mem 0x80015000 0x00000001
core   0: 0x80013e1c (0xff9ff06f) j       pc - 0x8
core   0: 3 0x80013e1c (0xff9ff06f)
core   0: 0x80013e14 (0x00001f17) auipc   t5, 0x1
core   0: 3 0x80013e14 (0x00001f17) x30 0x80014e14
core   0: 0x80013e18 (0x1e3f2623) sw      gp, 492(t5)
core   0: 3 0x80013e18 (0x1e3f2623) mem 0x80015000 0x00000001
core   0: 0x80013e1c (0xff9ff06f) j       pc - 0x8
core   0: 3 0x80013e1c (0xff9ff06f)
core   0: 0x80013e14 (0x00001f17) auipc   t5, 0x1
core   0: 3 0x80013e14 (0x00001f17) x30 0x80014e14
core   0: 0x80013e18 (0x1e3f2623) sw      gp, 492(t5)
core   0: 3 0x80013e18 (0x1e3f2623) mem 0x80015000 0x00000001
core   0: 0x80013e1c (0xff9ff06f) j       pc - 0x8
core   0: 3 0x80013e1c (0xff9ff06f)
core   0: 0x80013e14 (0x00001f17) auipc   t5, 0x1
core   0: 3 0x80013e14 (0x00001f17) x30 0x80014e14
core   0: 0x80013e18 (0x1e3f2623) sw      gp, 492(t5)
core   0: 3 0x80013e18 (0x1e3f2623) mem 0x80015000 0x00000001
core   0: 0x80013e1c (0xff9ff06f) j       pc - 0x8
core   0: 3 0x80013e1c (0xff9ff06f)
core   0: 0x80013e14 (0x00001f17) auipc   t5, 0x1
core   0: 3 0x80013e14 (0x00001f17) x30 0x80014e14
core   0: 0x80013e18 (0x1e3f2623) sw      gp, 492(t5)
core   0: 3 0x80013e18 (0x1e3f2623) mem 0x80015000 0x00000001
core   0: 0x80013e1c (0xff9ff06f) j       pc - 0x8
core   0: 3 0x80013e1c (0xff9ff06f)
core   0: 0x80013e14 (0x00001f17) auipc   t5, 0x1
core   0: 3 0x80013e14 (0x00001f17) x30 0x80014e14
core   0: 0x80013e18 (0x1e3f2623) sw      gp, 492(t5)
core   0: 3 0x80013e18 (0x1e3f2623) mem 0x80015000 0x00000001
core   0: 0x80013e1c (0xff9ff06f) j       pc - 0x8
core   0: 3 0x80013e1c (0xff9ff06f)
core   0: 0x80013e14 (0x00001f17) auipc   t5, 0x1
core   0: 3 0x80013e14 (0x00001f17) x30 0x80014e14
core   0: 0x80013e18 (0x1e3f2623) sw      gp, 492(t5)
core   0: 3 0x80013e18 (0x1e3f2623) mem 0x80015000 0x00000001
core   0: 0x80013e1c (0xff9ff06f) j       pc - 0x8
core   0: 3 0x80013e1c (0xff9ff06f)
core   0: 0x80013e14 (0x00001f17) auipc   t5, 0x1
core   0: 3 0x80013e14 (0x00001f17) x30 0x80014e14
core   0: 0x80013e18 (0x1e3f2623) sw      gp, 492(t5)
core   0: 3 0x80013e18 (0x1e3f2623) mem 0x80015000 0x00000001
core   0: 0x80013e1c (0xff9ff06f) j       pc - 0x8
core   0: 3 0x80013e1c (0xff9ff06f)
core   0: 0x80013e14 (0x00001f17) auipc   t5, 0x1
core   0: 3 0x80013e14 (0x00001f17) x30 0x80014e14
core   0: 0x80013e18 (0x1e3f2623) sw      gp, 492(t5)
core   0: 3 0x80013e18 (0x1e3f2623) mem 0x80015000 0x00000001
core   0: 0x80013e1c (0xff9ff06f) j       pc - 0x8
core   0: 3 0x80013e1c (0xff9ff06f)
core   0: 0x80013e14 (0x00001f17) auipc   t5, 0x1
core   0: 3 0x80013e14 (0x00001f17) x30 0x80014e14
core   0: 0x80013e18 (0x1e3f2623) sw      gp, 492(t5)
core   0: 3 0x80013e18 (0x1e3f2623) mem 0x80015000 0x00000001
core   0: 0x80013e1c (0xff9ff06f) j       pc - 0x8
core   0: 3 0x80013e1c (0xff9ff06f)
core   0: 0x80013e14 (0x00001f17) auipc   t5, 0x1
core   0: 3 0x80013e14 (0x00001f17) x30 0x80014e14
core   0: 0x80013e18 (0x1e3f2623) sw      gp, 492(t5)
core   0: 3 0x80013e18 (0x1e3f2623) mem 0x80015000 0x00000001
core   0: 0x80013e1c (0xff9ff06f) j       pc - 0x8
core   0: 3 0x80013e1c (0xff9ff06f)
core   0: 0x80013e14 (0x00001f17) auipc   t5, 0x1
core   0: 3 0x80013e14 (0x00001f17) x30 0x80014e14
core   0: 0x80013e18 (0x1e3f2623) sw      gp, 492(t5)
core   0: 3 0x80013e18 (0x1e3f2623) mem 0x80015000 0x00000001
core   0: 0x80013e1c (0xff9ff06f) j       pc - 0x8
core   0: 3 0x80013e1c (0xff9ff06f)
core   0: 0x80013e14 (0x00001f17) auipc   t5, 0x1
core   0: 3 0x80013e14 (0x00001f17) x30 0x80014e14
core   0: 0x80013e18 (0x1e3f2623) sw      gp, 492(t5)
core   0: 3 0x80013e18 (0x1e3f2623) mem 0x80015000 0x00000001
core   0: 0x80013e1c (0xff9ff06f) j       pc - 0x8
core   0: 3 0x80013e1c (0xff9ff06f)
core   0: 0x80013e14 (0x00001f17) auipc   t5, 0x1
core   0: 3 0x80013e14 (0x00001f17) x30 0x80014e14
core   0: 0x80013e18 (0x1e3f2623) sw      gp, 492(t5)
core   0: 3 0x80013e18 (0x1e3f2623) mem 0x80015000 0x00000001
core   0: 0x80013e1c (0xff9ff06f) j       pc - 0x8
core   0: 3 0x80013e1c (0xff9ff06f)
core   0: 0x80013e14 (0x00001f17) auipc   t5, 0x1
core   0: 3 0x80013e14 (0x00001f17) x30 0x80014e14
core   0: 0x80013e18 (0x1e3f2623) sw      gp, 492(t5)
core   0: 3 0x80013e18 (0x1e3f2623) mem 0x80015000 0x00000001
core   0: 0x80013e1c (0xff9ff06f) j       pc - 0x8
core   0: 3 0x80013e1c (0xff9ff06f)
core   0: 0x80013e14 (0x00001f17) auipc   t5, 0x1
core   0: 3 0x80013e14 (0x00001f17) x30 0x80014e14
core   0: 0x80013e18 (0x1e3f2623) sw      gp, 492(t5)
core   0: 3 0x80013e18 (0x1e3f2623) mem 0x80015000 0x00000001
core   0: 0x80013e1c (0xff9ff06f) j       pc - 0x8
core   0: 3 0x80013e1c (0xff9ff06f)
core   0: 0x80013e14 (0x00001f17) auipc   t5, 0x1
core   0: 3 0x80013e14 (0x00001f17) x30 0x80014e14
core   0: 0x80013e18 (0x1e3f2623) sw      gp, 492(t5)
core   0: 3 0x80013e18 (0x1e3f2623) mem 0x80015000 0x00000001
core   0: 0x80013e1c (0xff9ff06f) j       pc - 0x8
core   0: 3 0x80013e1c (0xff9ff06f)
core   0: 0x80013e14 (0x00001f17) auipc   t5, 0x1
core   0: 3 0x80013e14 (0x00001f17) x30 0x80014e14
core   0: 0x80013e18 (0x1e3f2623) sw      gp, 492(t5)
core   0: 3 0x80013e18 (0x1e3f2623) mem 0x80015000 0x00000001
core   0: 0x80013e1c (0xff9ff06f) j       pc - 0x8
core   0: 3 0x80013e1c (0xff9ff06f)
core   0: 0x80013e14 (0x00001f17) auipc   t5, 0x1
core   0: 3 0x80013e14 (0x00001f17) x30 0x80014e14
core   0: 0x80013e18 (0x1e3f2623) sw      gp, 492(t5)
core   0: 3 0x80013e18 (0x1e3f2623) mem 0x80015000 0x00000001
core   0: 0x80013e1c (0xff9ff06f) j       pc - 0x8
core   0: 3 0x80013e1c (0xff9ff06f)
core   0: 0x80013e14 (0x00001f17) auipc   t5, 0x1
core   0: 3 0x80013e14 (0x00001f17) x30 0x80014e14
core   0: 0x80013e18 (0x1e3f2623) sw      gp, 492(t5)
core   0: 3 0x80013e18 (0x1e3f2623) mem 0x80015000 0x00000001
core   0: 0x80013e1c (0xff9ff06f) j       pc - 0x8
core   0: 3 0x80013e1c (0xff9ff06f)
core   0: 0x80013e14 (0x00001f17) auipc   t5, 0x1
core   0: 3 0x80013e14 (0x00001f17) x30 0x80014e14
core   0: 0x80013e18 (0x1e3f2623) sw      gp, 492(t5)
core   0: 3 0x80013e18 (0x1e3f2623) mem 0x80015000 0x00000001
core   0: 0x80013e1c (0xff9ff06f) j       pc - 0x8
core   0: 3 0x80013e1c (0xff9ff06f)
core   0: 0x80013e14 (0x00001f17) auipc   t5, 0x1
core   0: 3 0x80013e14 (0x00001f17) x30 0x80014e14
core   0: 0x80013e18 (0x1e3f2623) sw      gp, 492(t5)
core   0: 3 0x80013e18 (0x1e3f2623) mem 0x80015000 0x00000001
core   0: 0x80013e1c (0xff9ff06f) j       pc - 0x8
core   0: 3 0x80013e1c (0xff9ff06f)
core   0: 0x80013e14 (0x00001f17) auipc   t5, 0x1
core   0: 3 0x80013e14 (0x00001f17) x30 0x80014e14
core   0: 0x80013e18 (0x1e3f2623) sw      gp, 492(t5)
core   0: 3 0x80013e18 (0x1e3f2623) mem 0x80015000 0x00000001
core   0: 0x80013e1c (0xff9ff06f) j       pc - 0x8
core   0: 3 0x80013e1c (0xff9ff06f)
core   0: 0x80013e14 (0x00001f17) auipc   t5, 0x1
core   0: 3 0x80013e14 (0x00001f17) x30 0x80014e14
core   0: 0x80013e18 (0x1e3f2623) sw      gp, 492(t5)
core   0: 3 0x80013e18 (0x1e3f2623) mem 0x80015000 0x00000001
core   0: 0x80013e1c (0xff9ff06f) j       pc - 0x8
core   0: 3 0x80013e1c (0xff9ff06f)
core   0: 0x80013e14 (0x00001f17) auipc   t5, 0x1
core   0: 3 0x80013e14 (0x00001f17) x30 0x80014e14
core   0: 0x80013e18 (0x1e3f2623) sw      gp, 492(t5)
core   0: 3 0x80013e18 (0x1e3f2623) mem 0x80015000 0x00000001
core   0: 0x80013e1c (0xff9ff06f) j       pc - 0x8
core   0: 3 0x80013e1c (0xff9ff06f)
core   0: 0x80013e14 (0x00001f17) auipc   t5, 0x1
core   0: 3 0x80013e14 (0x00001f17) x30 0x80014e14
core   0: 0x80013e18 (0x1e3f2623) sw      gp, 492(t5)
core   0: 3 0x80013e18 (0x1e3f2623) mem 0x80015000 0x00000001
core   0: 0x80013e1c (0xff9ff06f) j       pc - 0x8
core   0: 3 0x80013e1c (0xff9ff06f)
core   0: 0x80013e14 (0x00001f17) auipc   t5, 0x1
core   0: 3 0x80013e14 (0x00001f17) x30 0x80014e14
core   0: 0x80013e18 (0x1e3f2623) sw      gp, 492(t5)
core   0: 3 0x80013e18 (0x1e3f2623) mem 0x80015000 0x00000001
core   0: 0x80013e1c (0xff9ff06f) j       pc - 0x8
core   0: 3 0x80013e1c (0xff9ff06f)
core   0: 0x80013e14 (0x00001f17) auipc   t5, 0x1
core   0: 3 0x80013e14 (0x00001f17) x30 0x80014e14
core   0: 0x80013e18 (0x1e3f2623) sw      gp, 492(t5)
core   0: 3 0x80013e18 (0x1e3f2623) mem 0x80015000 0x00000001
core   0: 0x80013e1c (0xff9ff06f) j       pc - 0x8
core   0: 3 0x80013e1c (0xff9ff06f)
core   0: 0x80013e14 (0x00001f17) auipc   t5, 0x1
core   0: 3 0x80013e14 (0x00001f17) x30 0x80014e14
core   0: 0x80013e18 (0x1e3f2623) sw      gp, 492(t5)
core   0: 3 0x80013e18 (0x1e3f2623) mem 0x80015000 0x00000001
core   0: 0x80013e1c (0xff9ff06f) j       pc - 0x8
core   0: 3 0x80013e1c (0xff9ff06f)
core   0: 0x80013e14 (0x00001f17) auipc   t5, 0x1
core   0: 3 0x80013e14 (0x00001f17) x30 0x80014e14
core   0: 0x80013e18 (0x1e3f2623) sw      gp, 492(t5)
core   0: 3 0x80013e18 (0x1e3f2623) mem 0x80015000 0x00000001
core   0: 0x80013e1c (0xff9ff06f) j       pc - 0x8
core   0: 3 0x80013e1c (0xff9ff06f)
core   0: 0x80013e14 (0x00001f17) auipc   t5, 0x1
core   0: 3 0x80013e14 (0x00001f17) x30 0x80014e14
core   0: 0x80013e18 (0x1e3f2623) sw      gp, 492(t5)
core   0: 3 0x80013e18 (0x1e3f2623) mem 0x80015000 0x00000001
core   0: 0x80013e1c (0xff9ff06f) j       pc - 0x8
core   0: 3 0x80013e1c (0xff9ff06f)
core   0: 0x80013e14 (0x00001f17) auipc   t5, 0x1
core   0: 3 0x80013e14 (0x00001f17) x30 0x80014e14
core   0: 0x80013e18 (0x1e3f2623) sw      gp, 492(t5)
core   0: 3 0x80013e18 (0x1e3f2623) mem 0x80015000 0x00000001
core   0: 0x80013e1c (0xff9ff06f) j       pc - 0x8
core   0: 3 0x80013e1c (0xff9ff06f)
core   0: 0x80013e14 (0x00001f17) auipc   t5, 0x1
core   0: 3 0x80013e14 (0x00001f17) x30 0x80014e14
core   0: 0x80013e18 (0x1e3f2623) sw      gp, 492(t5)
core   0: 3 0x80013e18 (0x1e3f2623) mem 0x80015000 0x00000001
core   0: 0x80013e1c (0xff9ff06f) j       pc - 0x8
core   0: 3 0x80013e1c (0xff9ff06f)
core   0: 0x80013e14 (0x00001f17) auipc   t5, 0x1
core   0: 3 0x80013e14 (0x00001f17) x30 0x80014e14
core   0: 0x80013e18 (0x1e3f2623) sw      gp, 492(t5)
core   0: 3 0x80013e18 (0x1e3f2623) mem 0x80015000 0x00000001
core   0: 0x80013e1c (0xff9ff06f) j       pc - 0x8
core   0: 3 0x80013e1c (0xff9ff06f)
core   0: 0x80013e14 (0x00001f17) auipc   t5, 0x1
core   0: 3 0x80013e14 (0x00001f17) x30 0x80014e14
core   0: 0x80013e18 (0x1e3f2623) sw      gp, 492(t5)
core   0: 3 0x80013e18 (0x1e3f2623) mem 0x80015000 0x00000001
core   0: 0x80013e1c (0xff9ff06f) j       pc - 0x8
core   0: 3 0x80013e1c (0xff9ff06f)
core   0: 0x80013e14 (0x00001f17) auipc   t5, 0x1
core   0: 3 0x80013e14 (0x00001f17) x30 0x80014e14
core   0: 0x80013e18 (0x1e3f2623) sw      gp, 492(t5)
core   0: 3 0x80013e18 (0x1e3f2623) mem 0x80015000 0x00000001
core   0: 0x80013e1c (0xff9ff06f) j       pc - 0x8
core   0: 3 0x80013e1c (0xff9ff06f)
core   0: 0x80013e14 (0x00001f17) auipc   t5, 0x1
core   0: 3 0x80013e14 (0x00001f17) x30 0x80014e14
core   0: 0x80013e18 (0x1e3f2623) sw      gp, 492(t5)
core   0: 3 0x80013e18 (0x1e3f2623) mem 0x80015000 0x00000001
core   0: 0x80013e1c (0xff9ff06f) j       pc - 0x8
core   0: 3 0x80013e1c (0xff9ff06f)
core   0: 0x80013e14 (0x00001f17) auipc   t5, 0x1
core   0: 3 0x80013e14 (0x00001f17) x30 0x80014e14
core   0: 0x80013e18 (0x1e3f2623) sw      gp, 492(t5)
core   0: 3 0x80013e18 (0x1e3f2623) mem 0x80015000 0x00000001
core   0: 0x80013e1c (0xff9ff06f) j       pc - 0x8
core   0: 3 0x80013e1c (0xff9ff06f)
core   0: 0x80013e14 (0x00001f17) auipc   t5, 0x1
core   0: 3 0x80013e14 (0x00001f17) x30 0x80014e14
core   0: 0x80013e18 (0x1e3f2623) sw      gp, 492(t5)
core   0: 3 0x80013e18 (0x1e3f2623) mem 0x80015000 0x00000001
core   0: 0x80013e1c (0xff9ff06f) j       pc - 0x8
core   0: 3 0x80013e1c (0xff9ff06f)
core   0: 0x80013e14 (0x00001f17) auipc   t5, 0x1
core   0: 3 0x80013e14 (0x00001f17) x30 0x80014e14
core   0: 0x80013e18 (0x1e3f2623) sw      gp, 492(t5)
core   0: 3 0x80013e18 (0x1e3f2623) mem 0x80015000 0x00000001
core   0: 0x80013e1c (0xff9ff06f) j       pc - 0x8
core   0: 3 0x80013e1c (0xff9ff06f)
core   0: 0x80013e14 (0x00001f17) auipc   t5, 0x1
core   0: 3 0x80013e14 (0x00001f17) x30 0x80014e14
core   0: 0x80013e18 (0x1e3f2623) sw      gp, 492(t5)
core   0: 3 0x80013e18 (0x1e3f2623) mem 0x80015000 0x00000001
core   0: 0x80013e1c (0xff9ff06f) j       pc - 0x8
core   0: 3 0x80013e1c (0xff9ff06f)
core   0: 0x80013e14 (0x00001f17) auipc   t5, 0x1
core   0: 3 0x80013e14 (0x00001f17) x30 0x80014e14
core   0: 0x80013e18 (0x1e3f2623) sw      gp, 492(t5)
core   0: 3 0x80013e18 (0x1e3f2623) mem 0x80015000 0x00000001
core   0: 0x80013e1c (0xff9ff06f) j       pc - 0x8
core   0: 3 0x80013e1c (0xff9ff06f)
core   0: 0x80013e14 (0x00001f17) auipc   t5, 0x1
core   0: 3 0x80013e14 (0x00001f17) x30 0x80014e14
core   0: 0x80013e18 (0x1e3f2623) sw      gp, 492(t5)
core   0: 3 0x80013e18 (0x1e3f2623) mem 0x80015000 0x00000001
core   0: 0x80013e1c (0xff9ff06f) j       pc - 0x8
core   0: 3 0x80013e1c (0xff9ff06f)
core   0: 0x80013e14 (0x00001f17) auipc   t5, 0x1
core   0: 3 0x80013e14 (0x00001f17) x30 0x80014e14
core   0: 0x80013e18 (0x1e3f2623) sw      gp, 492(t5)
core   0: 3 0x80013e18 (0x1e3f2623) mem 0x80015000 0x00000001
core   0: 0x80013e1c (0xff9ff06f) j       pc - 0x8
core   0: 3 0x80013e1c (0xff9ff06f)
core   0: 0x80013e14 (0x00001f17) auipc   t5, 0x1
core   0: 3 0x80013e14 (0x00001f17) x30 0x80014e14
core   0: 0x80013e18 (0x1e3f2623) sw      gp, 492(t5)
core   0: 3 0x80013e18 (0x1e3f2623) mem 0x80015000 0x00000001
core   0: 0x80013e1c (0xff9ff06f) j       pc - 0x8
core   0: 3 0x80013e1c (0xff9ff06f)
core   0: 0x80013e14 (0x00001f17) auipc   t5, 0x1
core   0: 3 0x80013e14 (0x00001f17) x30 0x80014e14
core   0: 0x80013e18 (0x1e3f2623) sw      gp, 492(t5)
core   0: 3 0x80013e18 (0x1e3f2623) mem 0x80015000 0x00000001
core   0: 0x80013e1c (0xff9ff06f) j       pc - 0x8
core   0: 3 0x80013e1c (0xff9ff06f)
core   0: 0x80013e14 (0x00001f17) auipc   t5, 0x1
core   0: 3 0x80013e14 (0x00001f17) x30 0x80014e14
core   0: 0x80013e18 (0x1e3f2623) sw      gp, 492(t5)
core   0: 3 0x80013e18 (0x1e3f2623) mem 0x80015000 0x00000001
core   0: 0x80013e1c (0xff9ff06f) j       pc - 0x8
core   0: 3 0x80013e1c (0xff9ff06f)
core   0: 0x80013e14 (0x00001f17) auipc   t5, 0x1
core   0: 3 0x80013e14 (0x00001f17) x30 0x80014e14
core   0: 0x80013e18 (0x1e3f2623) sw      gp, 492(t5)
core   0: 3 0x80013e18 (0x1e3f2623) mem 0x80015000 0x00000001
core   0: 0x80013e1c (0xff9ff06f) j       pc - 0x8
core   0: 3 0x80013e1c (0xff9ff06f)
core   0: 0x80013e14 (0x00001f17) auipc   t5, 0x1
core   0: 3 0x80013e14 (0x00001f17) x30 0x80014e14
core   0: 0x80013e18 (0x1e3f2623) sw      gp, 492(t5)
core   0: 3 0x80013e18 (0x1e3f2623) mem 0x80015000 0x00000001
core   0: 0x80013e1c (0xff9ff06f) j       pc - 0x8
core   0: 3 0x80013e1c (0xff9ff06f)
core   0: 0x80013e14 (0x00001f17) auipc   t5, 0x1
core   0: 3 0x80013e14 (0x00001f17) x30 0x80014e14
core   0: 0x80013e18 (0x1e3f2623) sw      gp, 492(t5)
core   0: 3 0x80013e18 (0x1e3f2623) mem 0x80015000 0x00000001
core   0: 0x80013e1c (0xff9ff06f) j       pc - 0x8
core   0: 3 0x80013e1c (0xff9ff06f)
core   0: 0x80013e14 (0x00001f17) auipc   t5, 0x1
core   0: 3 0x80013e14 (0x00001f17) x30 0x80014e14
core   0: 0x80013e18 (0x1e3f2623) sw      gp, 492(t5)
core   0: 3 0x80013e18 (0x1e3f2623) mem 0x80015000 0x00000001
core   0: 0x80013e1c (0xff9ff06f) j       pc - 0x8
core   0: 3 0x80013e1c (0xff9ff06f)
core   0: 0x80013e14 (0x00001f17) auipc   t5, 0x1
core   0: 3 0x80013e14 (0x00001f17) x30 0x80014e14
core   0: 0x80013e18 (0x1e3f2623) sw      gp, 492(t5)
core   0: 3 0x80013e18 (0x1e3f2623) mem 0x80015000 0x00000001
core   0: 0x80013e1c (0xff9ff06f) j       pc - 0x8
core   0: 3 0x80013e1c (0xff9ff06f)
core   0: 0x80013e14 (0x00001f17) auipc   t5, 0x1
core   0: 3 0x80013e14 (0x00001f17) x30 0x80014e14
core   0: 0x80013e18 (0x1e3f2623) sw      gp, 492(t5)
core   0: 3 0x80013e18 (0x1e3f2623) mem 0x80015000 0x00000001
core   0: 0x80013e1c (0xff9ff06f) j       pc - 0x8
core   0: 3 0x80013e1c (0xff9ff06f)
core   0: 0x80013e14 (0x00001f17) auipc   t5, 0x1
core   0: 3 0x80013e14 (0x00001f17) x30 0x80014e14
core   0: 0x80013e18 (0x1e3f2623) sw      gp, 492(t5)
core   0: 3 0x80013e18 (0x1e3f2623) mem 0x80015000 0x00000001
core   0: 0x80013e1c (0xff9ff06f) j       pc - 0x8
core   0: 3 0x80013e1c (0xff9ff06f)
core   0: 0x80013e14 (0x00001f17) auipc   t5, 0x1
core   0: 3 0x80013e14 (0x00001f17) x30 0x80014e14
core   0: 0x80013e18 (0x1e3f2623) sw      gp, 492(t5)
core   0: 3 0x80013e18 (0x1e3f2623) mem 0x80015000 0x00000001
core   0: 0x80013e1c (0xff9ff06f) j       pc - 0x8
core   0: 3 0x80013e1c (0xff9ff06f)
core   0: 0x80013e14 (0x00001f17) auipc   t5, 0x1
core   0: 3 0x80013e14 (0x00001f17) x30 0x80014e14
core   0: 0x80013e18 (0x1e3f2623) sw      gp, 492(t5)
core   0: 3 0x80013e18 (0x1e3f2623) mem 0x80015000 0x00000001
core   0: 0x80013e1c (0xff9ff06f) j       pc - 0x8
core   0: 3 0x80013e1c (0xff9ff06f)
core   0: 0x80013e14 (0x00001f17) auipc   t5, 0x1
core   0: 3 0x80013e14 (0x00001f17) x30 0x80014e14
core   0: 0x80013e18 (0x1e3f2623) sw      gp, 492(t5)
core   0: 3 0x80013e18 (0x1e3f2623) mem 0x80015000 0x00000001
core   0: 0x80013e1c (0xff9ff06f) j       pc - 0x8
core   0: 3 0x80013e1c (0xff9ff06f)
core   0: 0x80013e14 (0x00001f17) auipc   t5, 0x1
core   0: 3 0x80013e14 (0x00001f17) x30 0x80014e14
core   0: 0x80013e18 (0x1e3f2623) sw      gp, 492(t5)
core   0: 3 0x80013e18 (0x1e3f2623) mem 0x80015000 0x00000001
core   0: 0x80013e1c (0xff9ff06f) j       pc - 0x8
core   0: 3 0x80013e1c (0xff9ff06f)
core   0: 0x80013e14 (0x00001f17) auipc   t5, 0x1
core   0: 3 0x80013e14 (0x00001f17) x30 0x80014e14
core   0: 0x80013e18 (0x1e3f2623) sw      gp, 492(t5)
core   0: 3 0x80013e18 (0x1e3f2623) mem 0x80015000 0x00000001
core   0: 0x80013e1c (0xff9ff06f) j       pc - 0x8
core   0: 3 0x80013e1c (0xff9ff06f)
core   0: 0x80013e14 (0x00001f17) auipc   t5, 0x1
core   0: 3 0x80013e14 (0x00001f17) x30 0x80014e14
core   0: 0x80013e18 (0x1e3f2623) sw      gp, 492(t5)
core   0: 3 0x80013e18 (0x1e3f2623) mem 0x80015000 0x00000001
core   0: 0x80013e1c (0xff9ff06f) j       pc - 0x8
core   0: 3 0x80013e1c (0xff9ff06f)
core   0: 0x80013e14 (0x00001f17) auipc   t5, 0x1
core   0: 3 0x80013e14 (0x00001f17) x30 0x80014e14
core   0: 0x80013e18 (0x1e3f2623) sw      gp, 492(t5)
core   0: 3 0x80013e18 (0x1e3f2623) mem 0x80015000 0x00000001
core   0: 0x80013e1c (0xff9ff06f) j       pc - 0x8
core   0: 3 0x80013e1c (0xff9ff06f)
core   0: 0x80013e14 (0x00001f17) auipc   t5, 0x1
core   0: 3 0x80013e14 (0x00001f17) x30 0x80014e14
core   0: 0x80013e18 (0x1e3f2623) sw      gp, 492(t5)
core   0: 3 0x80013e18 (0x1e3f2623) mem 0x80015000 0x00000001
core   0: 0x80013e1c (0xff9ff06f) j       pc - 0x8
core   0: 3 0x80013e1c (0xff9ff06f)
core   0: 0x80013e14 (0x00001f17) auipc   t5, 0x1
core   0: 3 0x80013e14 (0x00001f17) x30 0x80014e14
core   0: 0x80013e18 (0x1e3f2623) sw      gp, 492(t5)
core   0: 3 0x80013e18 (0x1e3f2623) mem 0x80015000 0x00000001
core   0: 0x80013e1c (0xff9ff06f) j       pc - 0x8
core   0: 3 0x80013e1c (0xff9ff06f)
core   0: 0x80013e14 (0x00001f17) auipc   t5, 0x1
core   0: 3 0x80013e14 (0x00001f17) x30 0x80014e14
core   0: 0x80013e18 (0x1e3f2623) sw      gp, 492(t5)
core   0: 3 0x80013e18 (0x1e3f2623) mem 0x80015000 0x00000001
core   0: 0x80013e1c (0xff9ff06f) j       pc - 0x8
core   0: 3 0x80013e1c (0xff9ff06f)
core   0: 0x80013e14 (0x00001f17) auipc   t5, 0x1
core   0: 3 0x80013e14 (0x00001f17) x30 0x80014e14
core   0: 0x80013e18 (0x1e3f2623) sw      gp, 492(t5)
core   0: 3 0x80013e18 (0x1e3f2623) mem 0x80015000 0x00000001
core   0: 0x80013e1c (0xff9ff06f) j       pc - 0x8
core   0: 3 0x80013e1c (0xff9ff06f)
core   0: 0x80013e14 (0x00001f17) auipc   t5, 0x1
core   0: 3 0x80013e14 (0x00001f17) x30 0x80014e14
core   0: 0x80013e18 (0x1e3f2623) sw      gp, 492(t5)
core   0: 3 0x80013e18 (0x1e3f2623) mem 0x80015000 0x00000001
core   0: 0x80013e1c (0xff9ff06f) j       pc - 0x8
core   0: 3 0x80013e1c (0xff9ff06f)
core   0: 0x80013e14 (0x00001f17) auipc   t5, 0x1
core   0: 3 0x80013e14 (0x00001f17) x30 0x80014e14
core   0: 0x80013e18 (0x1e3f2623) sw      gp, 492(t5)
core   0: 3 0x80013e18 (0x1e3f2623) mem 0x80015000 0x00000001
core   0: 0x80013e1c (0xff9ff06f) j       pc - 0x8
core   0: 3 0x80013e1c (0xff9ff06f)
core   0: 0x80013e14 (0x00001f17) auipc   t5, 0x1
core   0: 3 0x80013e14 (0x00001f17) x30 0x80014e14
core   0: 0x80013e18 (0x1e3f2623) sw      gp, 492(t5)
core   0: 3 0x80013e18 (0x1e3f2623) mem 0x80015000 0x00000001
core   0: 0x80013e1c (0xff9ff06f) j       pc - 0x8
core   0: 3 0x80013e1c (0xff9ff06f)
core   0: 0x80013e14 (0x00001f17) auipc   t5, 0x1
core   0: 3 0x80013e14 (0x00001f17) x30 0x80014e14
core   0: 0x80013e18 (0x1e3f2623) sw      gp, 492(t5)
core   0: 3 0x80013e18 (0x1e3f2623) mem 0x80015000 0x00000001
core   0: 0x80013e1c (0xff9ff06f) j       pc - 0x8
core   0: 3 0x80013e1c (0xff9ff06f)
core   0: 0x80013e14 (0x00001f17) auipc   t5, 0x1
core   0: 3 0x80013e14 (0x00001f17) x30 0x80014e14
core   0: 0x80013e18 (0x1e3f2623) sw      gp, 492(t5)
core   0: 3 0x80013e18 (0x1e3f2623) mem 0x80015000 0x00000001
core   0: 0x80013e1c (0xff9ff06f) j       pc - 0x8
core   0: 3 0x80013e1c (0xff9ff06f)
core   0: 0x80013e14 (0x00001f17) auipc   t5, 0x1
core   0: 3 0x80013e14 (0x00001f17) x30 0x80014e14
core   0: 0x80013e18 (0x1e3f2623) sw      gp, 492(t5)
core   0: 3 0x80013e18 (0x1e3f2623) mem 0x80015000 0x00000001
core   0: 0x80013e1c (0xff9ff06f) j       pc - 0x8
core   0: 3 0x80013e1c (0xff9ff06f)
core   0: 0x80013e14 (0x00001f17) auipc   t5, 0x1
core   0: 3 0x80013e14 (0x00001f17) x30 0x80014e14
core   0: 0x80013e18 (0x1e3f2623) sw      gp, 492(t5)
core   0: 3 0x80013e18 (0x1e3f2623) mem 0x80015000 0x00000001
core   0: 0x80013e1c (0xff9ff06f) j       pc - 0x8
core   0: 3 0x80013e1c (0xff9ff06f)
core   0: 0x80013e14 (0x00001f17) auipc   t5, 0x1
core   0: 3 0x80013e14 (0x00001f17) x30 0x80014e14
core   0: 0x80013e18 (0x1e3f2623) sw      gp, 492(t5)
core   0: 3 0x80013e18 (0x1e3f2623) mem 0x80015000 0x00000001
core   0: 0x80013e1c (0xff9ff06f) j       pc - 0x8
core   0: 3 0x80013e1c (0xff9ff06f)
core   0: 0x80013e14 (0x00001f17) auipc   t5, 0x1
core   0: 3 0x80013e14 (0x00001f17) x30 0x80014e14
core   0: 0x80013e18 (0x1e3f2623) sw      gp, 492(t5)
core   0: 3 0x80013e18 (0x1e3f2623) mem 0x80015000 0x00000001
core   0: 0x80013e1c (0xff9ff06f) j       pc - 0x8
core   0: 3 0x80013e1c (0xff9ff06f)
core   0: 0x80013e14 (0x00001f17) auipc   t5, 0x1
core   0: 3 0x80013e14 (0x00001f17) x30 0x80014e14
core   0: 0x80013e18 (0x1e3f2623) sw      gp, 492(t5)
core   0: 3 0x80013e18 (0x1e3f2623) mem 0x80015000 0x00000001
core   0: 0x80013e1c (0xff9ff06f) j       pc - 0x8
core   0: 3 0x80013e1c (0xff9ff06f)
core   0: 0x80013e14 (0x00001f17) auipc   t5, 0x1
core   0: 3 0x80013e14 (0x00001f17) x30 0x80014e14
core   0: 0x80013e18 (0x1e3f2623) sw      gp, 492(t5)
core   0: 3 0x80013e18 (0x1e3f2623) mem 0x80015000 0x00000001
core   0: 0x80013e1c (0xff9ff06f) j       pc - 0x8
core   0: 3 0x80013e1c (0xff9ff06f)
core   0: 0x80013e14 (0x00001f17) auipc   t5, 0x1
core   0: 3 0x80013e14 (0x00001f17) x30 0x80014e14
core   0: 0x80013e18 (0x1e3f2623) sw      gp, 492(t5)
core   0: 3 0x80013e18 (0x1e3f2623) mem 0x80015000 0x00000001
core   0: 0x80013e1c (0xff9ff06f) j       pc - 0x8
core   0: 3 0x80013e1c (0xff9ff06f)
core   0: 0x80013e14 (0x00001f17) auipc   t5, 0x1
core   0: 3 0x80013e14 (0x00001f17) x30 0x80014e14
core   0: 0x80013e18 (0x1e3f2623) sw      gp, 492(t5)
core   0: 3 0x80013e18 (0x1e3f2623) mem 0x80015000 0x00000001
core   0: 0x80013e1c (0xff9ff06f) j       pc - 0x8
core   0: 3 0x80013e1c (0xff9ff06f)
core   0: 0x80013e14 (0x00001f17) auipc   t5, 0x1
core   0: 3 0x80013e14 (0x00001f17) x30 0x80014e14
core   0: 0x80013e18 (0x1e3f2623) sw      gp, 492(t5)
core   0: 3 0x80013e18 (0x1e3f2623) mem 0x80015000 0x00000001
core   0: 0x80013e1c (0xff9ff06f) j       pc - 0x8
core   0: 3 0x80013e1c (0xff9ff06f)
core   0: 0x80013e14 (0x00001f17) auipc   t5, 0x1
core   0: 3 0x80013e14 (0x00001f17) x30 0x80014e14
core   0: 0x80013e18 (0x1e3f2623) sw      gp, 492(t5)
core   0: 3 0x80013e18 (0x1e3f2623) mem 0x80015000 0x00000001
core   0: 0x80013e1c (0xff9ff06f) j       pc - 0x8
core   0: 3 0x80013e1c (0xff9ff06f)
core   0: 0x80013e14 (0x00001f17) auipc   t5, 0x1
core   0: 3 0x80013e14 (0x00001f17) x30 0x80014e14
core   0: 0x80013e18 (0x1e3f2623) sw      gp, 492(t5)
core   0: 3 0x80013e18 (0x1e3f2623) mem 0x80015000 0x00000001
core   0: 0x80013e1c (0xff9ff06f) j       pc - 0x8
core   0: 3 0x80013e1c (0xff9ff06f)
core   0: 0x80013e14 (0x00001f17) auipc   t5, 0x1
core   0: 3 0x80013e14 (0x00001f17) x30 0x80014e14
core   0: 0x80013e18 (0x1e3f2623) sw      gp, 492(t5)
core   0: 3 0x80013e18 (0x1e3f2623) mem 0x80015000 0x00000001
core   0: 0x80013e1c (0xff9ff06f) j       pc - 0x8
core   0: 3 0x80013e1c (0xff9ff06f)
core   0: 0x80013e14 (0x00001f17) auipc   t5, 0x1
core   0: 3 0x80013e14 (0x00001f17) x30 0x80014e14
core   0: 0x80013e18 (0x1e3f2623) sw      gp, 492(t5)
core   0: 3 0x80013e18 (0x1e3f2623) mem 0x80015000 0x00000001
core   0: 0x80013e1c (0xff9ff06f) j       pc - 0x8
core   0: 3 0x80013e1c (0xff9ff06f)
core   0: 0x80013e14 (0x00001f17) auipc   t5, 0x1
core   0: 3 0x80013e14 (0x00001f17) x30 0x80014e14
core   0: 0x80013e18 (0x1e3f2623) sw      gp, 492(t5)
core   0: 3 0x80013e18 (0x1e3f2623) mem 0x80015000 0x00000001
core   0: 0x80013e1c (0xff9ff06f) j       pc - 0x8
core   0: 3 0x80013e1c (0xff9ff06f)
core   0: 0x80013e14 (0x00001f17) auipc   t5, 0x1
core   0: 3 0x80013e14 (0x00001f17) x30 0x80014e14
core   0: 0x80013e18 (0x1e3f2623) sw      gp, 492(t5)
core   0: 3 0x80013e18 (0x1e3f2623) mem 0x80015000 0x00000001
core   0: 0x80013e1c (0xff9ff06f) j       pc - 0x8
core   0: 3 0x80013e1c (0xff9ff06f)
core   0: 0x80013e14 (0x00001f17) auipc   t5, 0x1
core   0: 3 0x80013e14 (0x00001f17) x30 0x80014e14
core   0: 0x80013e18 (0x1e3f2623) sw      gp, 492(t5)
core   0: 3 0x80013e18 (0x1e3f2623) mem 0x80015000 0x00000001
core   0: 0x80013e1c (0xff9ff06f) j       pc - 0x8
core   0: 3 0x80013e1c (0xff9ff06f)
core   0: 0x80013e14 (0x00001f17) auipc   t5, 0x1
core   0: 3 0x80013e14 (0x00001f17) x30 0x80014e14
core   0: 0x80013e18 (0x1e3f2623) sw      gp, 492(t5)
core   0: 3 0x80013e18 (0x1e3f2623) mem 0x80015000 0x00000001
core   0: 0x80013e1c (0xff9ff06f) j       pc - 0x8
core   0: 3 0x80013e1c (0xff9ff06f)
core   0: 0x80013e14 (0x00001f17) auipc   t5, 0x1
core   0: 3 0x80013e14 (0x00001f17) x30 0x80014e14
core   0: 0x80013e18 (0x1e3f2623) sw      gp, 492(t5)
core   0: 3 0x80013e18 (0x1e3f2623) mem 0x80015000 0x00000001
core   0: 0x80013e1c (0xff9ff06f) j       pc - 0x8
core   0: 3 0x80013e1c (0xff9ff06f)
core   0: 0x80013e14 (0x00001f17) auipc   t5, 0x1
core   0: 3 0x80013e14 (0x00001f17) x30 0x80014e14
core   0: 0x80013e18 (0x1e3f2623) sw      gp, 492(t5)
core   0: 3 0x80013e18 (0x1e3f2623) mem 0x80015000 0x00000001
core   0: 0x80013e1c (0xff9ff06f) j       pc - 0x8
core   0: 3 0x80013e1c (0xff9ff06f)
core   0: 0x80013e14 (0x00001f17) auipc   t5, 0x1
core   0: 3 0x80013e14 (0x00001f17) x30 0x80014e14
core   0: 0x80013e18 (0x1e3f2623) sw      gp, 492(t5)
core   0: 3 0x80013e18 (0x1e3f2623) mem 0x80015000 0x00000001
core   0: 0x80013e1c (0xff9ff06f) j       pc - 0x8
core   0: 3 0x80013e1c (0xff9ff06f)
core   0: 0x80013e14 (0x00001f17) auipc   t5, 0x1
core   0: 3 0x80013e14 (0x00001f17) x30 0x80014e14
core   0: 0x80013e18 (0x1e3f2623) sw      gp, 492(t5)
core   0: 3 0x80013e18 (0x1e3f2623) mem 0x80015000 0x00000001
core   0: 0x80013e1c (0xff9ff06f) j       pc - 0x8
core   0: 3 0x80013e1c (0xff9ff06f)
core   0: 0x80013e14 (0x00001f17) auipc   t5, 0x1
core   0: 3 0x80013e14 (0x00001f17) x30 0x80014e14
core   0: 0x80013e18 (0x1e3f2623) sw      gp, 492(t5)
core   0: 3 0x80013e18 (0x1e3f2623) mem 0x80015000 0x00000001
core   0: 0x80013e1c (0xff9ff06f) j       pc - 0x8
core   0: 3 0x80013e1c (0xff9ff06f)
core   0: 0x80013e14 (0x00001f17) auipc   t5, 0x1
core   0: 3 0x80013e14 (0x00001f17) x30 0x80014e14
core   0: 0x80013e18 (0x1e3f2623) sw      gp, 492(t5)
core   0: 3 0x80013e18 (0x1e3f2623) mem 0x80015000 0x00000001
core   0: 0x80013e1c (0xff9ff06f) j       pc - 0x8
core   0: 3 0x80013e1c (0xff9ff06f)
core   0: 0x80013e14 (0x00001f17) auipc   t5, 0x1
core   0: 3 0x80013e14 (0x00001f17) x30 0x80014e14
core   0: 0x80013e18 (0x1e3f2623) sw      gp, 492(t5)
core   0: 3 0x80013e18 (0x1e3f2623) mem 0x80015000 0x00000001
core   0: 0x80013e1c (0xff9ff06f) j       pc - 0x8
core   0: 3 0x80013e1c (0xff9ff06f)
core   0: 0x80013e14 (0x00001f17) auipc   t5, 0x1
core   0: 3 0x80013e14 (0x00001f17) x30 0x80014e14
core   0: 0x80013e18 (0x1e3f2623) sw      gp, 492(t5)
core   0: 3 0x80013e18 (0x1e3f2623) mem 0x80015000 0x00000001
core   0: 0x80013e1c (0xff9ff06f) j       pc - 0x8
core   0: 3 0x80013e1c (0xff9ff06f)
core   0: 0x80013e14 (0x00001f17) auipc   t5, 0x1
core   0: 3 0x80013e14 (0x00001f17) x30 0x80014e14
core   0: 0x80013e18 (0x1e3f2623) sw      gp, 492(t5)
core   0: 3 0x80013e18 (0x1e3f2623) mem 0x80015000 0x00000001
core   0: 0x80013e1c (0xff9ff06f) j       pc - 0x8
core   0: 3 0x80013e1c (0xff9ff06f)
core   0: 0x80013e14 (0x00001f17) auipc   t5, 0x1
core   0: 3 0x80013e14 (0x00001f17) x30 0x80014e14
core   0: 0x80013e18 (0x1e3f2623) sw      gp, 492(t5)
core   0: 3 0x80013e18 (0x1e3f2623) mem 0x80015000 0x00000001
core   0: 0x80013e1c (0xff9ff06f) j       pc - 0x8
core   0: 3 0x80013e1c (0xff9ff06f)
core   0: 0x80013e14 (0x00001f17) auipc   t5, 0x1
core   0: 3 0x80013e14 (0x00001f17) x30 0x80014e14
core   0: 0x80013e18 (0x1e3f2623) sw      gp, 492(t5)
core   0: 3 0x80013e18 (0x1e3f2623) mem 0x80015000 0x00000001
core   0: 0x80013e1c (0xff9ff06f) j       pc - 0x8
core   0: 3 0x80013e1c (0xff9ff06f)
core   0: 0x80013e14 (0x00001f17) auipc   t5, 0x1
core   0: 3 0x80013e14 (0x00001f17) x30 0x80014e14
core   0: 0x80013e18 (0x1e3f2623) sw      gp, 492(t5)
core   0: 3 0x80013e18 (0x1e3f2623) mem 0x80015000 0x00000001
core   0: 0x80013e1c (0xff9ff06f) j       pc - 0x8
core   0: 3 0x80013e1c (0xff9ff06f)
core   0: 0x80013e14 (0x00001f17) auipc   t5, 0x1
core   0: 3 0x80013e14 (0x00001f17) x30 0x80014e14
core   0: 0x80013e18 (0x1e3f2623) sw      gp, 492(t5)
core   0: 3 0x80013e18 (0x1e3f2623) mem 0x80015000 0x00000001
core   0: 0x80013e1c (0xff9ff06f) j       pc - 0x8
core   0: 3 0x80013e1c (0xff9ff06f)
core   0: 0x80013e14 (0x00001f17) auipc   t5, 0x1
core   0: 3 0x80013e14 (0x00001f17) x30 0x80014e14
core   0: 0x80013e18 (0x1e3f2623) sw      gp, 492(t5)
core   0: 3 0x80013e18 (0x1e3f2623) mem 0x80015000 0x00000001
core   0: 0x80013e1c (0xff9ff06f) j       pc - 0x8
core   0: 3 0x80013e1c (0xff9ff06f)
core   0: 0x80013e14 (0x00001f17) auipc   t5, 0x1
core   0: 3 0x80013e14 (0x00001f17) x30 0x80014e14
core   0: 0x80013e18 (0x1e3f2623) sw      gp, 492(t5)
core   0: 3 0x80013e18 (0x1e3f2623) mem 0x80015000 0x00000001
core   0: 0x80013e1c (0xff9ff06f) j       pc - 0x8
core   0: 3 0x80013e1c (0xff9ff06f)
core   0: 0x80013e14 (0x00001f17) auipc   t5, 0x1
core   0: 3 0x80013e14 (0x00001f17) x30 0x80014e14
core   0: 0x80013e18 (0x1e3f2623) sw      gp, 492(t5)
core   0: 3 0x80013e18 (0x1e3f2623) mem 0x80015000 0x00000001
core   0: 0x80013e1c (0xff9ff06f) j       pc - 0x8
core   0: 3 0x80013e1c (0xff9ff06f)
core   0: 0x80013e14 (0x00001f17) auipc   t5, 0x1
core   0: 3 0x80013e14 (0x00001f17) x30 0x80014e14
core   0: 0x80013e18 (0x1e3f2623) sw      gp, 492(t5)
core   0: 3 0x80013e18 (0x1e3f2623) mem 0x80015000 0x00000001
core   0: 0x80013e1c (0xff9ff06f) j       pc - 0x8
core   0: 3 0x80013e1c (0xff9ff06f)
core   0: 0x80013e14 (0x00001f17) auipc   t5, 0x1
core   0: 3 0x80013e14 (0x00001f17) x30 0x80014e14
core   0: 0x80013e18 (0x1e3f2623) sw      gp, 492(t5)
core   0: 3 0x80013e18 (0x1e3f2623) mem 0x80015000 0x00000001
core   0: 0x80013e1c (0xff9ff06f) j       pc - 0x8
core   0: 3 0x80013e1c (0xff9ff06f)
core   0: 0x80013e14 (0x00001f17) auipc   t5, 0x1
core   0: 3 0x80013e14 (0x00001f17) x30 0x80014e14
core   0: 0x80013e18 (0x1e3f2623) sw      gp, 492(t5)
core   0: 3 0x80013e18 (0x1e3f2623) mem 0x80015000 0x00000001
core   0: 0x80013e1c (0xff9ff06f) j       pc - 0x8
core   0: 3 0x80013e1c (0xff9ff06f)
core   0: 0x80013e14 (0x00001f17) auipc   t5, 0x1
core   0: 3 0x80013e14 (0x00001f17) x30 0x80014e14
core   0: 0x80013e18 (0x1e3f2623) sw      gp, 492(t5)
core   0: 3 0x80013e18 (0x1e3f2623) mem 0x80015000 0x00000001
core   0: 0x80013e1c (0xff9ff06f) j       pc - 0x8
core   0: 3 0x80013e1c (0xff9ff06f)
core   0: 0x80013e14 (0x00001f17) auipc   t5, 0x1
core   0: 3 0x80013e14 (0x00001f17) x30 0x80014e14
core   0: 0x80013e18 (0x1e3f2623) sw      gp, 492(t5)
core   0: 3 0x80013e18 (0x1e3f2623) mem 0x80015000 0x00000001
core   0: 0x80013e1c (0xff9ff06f) j       pc - 0x8
core   0: 3 0x80013e1c (0xff9ff06f)
core   0: 0x80013e14 (0x00001f17) auipc   t5, 0x1
core   0: 3 0x80013e14 (0x00001f17) x30 0x80014e14
core   0: 0x80013e18 (0x1e3f2623) sw      gp, 492(t5)
core   0: 3 0x80013e18 (0x1e3f2623) mem 0x80015000 0x00000001
core   0: 0x80013e1c (0xff9ff06f) j       pc - 0x8
core   0: 3 0x80013e1c (0xff9ff06f)
core   0: 0x80013e14 (0x00001f17) auipc   t5, 0x1
core   0: 3 0x80013e14 (0x00001f17) x30 0x80014e14
core   0: 0x80013e18 (0x1e3f2623) sw      gp, 492(t5)
core   0: 3 0x80013e18 (0x1e3f2623) mem 0x80015000 0x00000001
core   0: 0x80013e1c (0xff9ff06f) j       pc - 0x8
core   0: 3 0x80013e1c (0xff9ff06f)
core   0: 0x80013e14 (0x00001f17) auipc   t5, 0x1
core   0: 3 0x80013e14 (0x00001f17) x30 0x80014e14
core   0: 0x80013e18 (0x1e3f2623) sw      gp, 492(t5)
core   0: 3 0x80013e18 (0x1e3f2623) mem 0x80015000 0x00000001
core   0: 0x80013e1c (0xff9ff06f) j       pc - 0x8
core   0: 3 0x80013e1c (0xff9ff06f)
core   0: 0x80013e14 (0x00001f17) auipc   t5, 0x1
core   0: 3 0x80013e14 (0x00001f17) x30 0x80014e14
core   0: 0x80013e18 (0x1e3f2623) sw      gp, 492(t5)
core   0: 3 0x80013e18 (0x1e3f2623) mem 0x80015000 0x00000001
core   0: 0x80013e1c (0xff9ff06f) j       pc - 0x8
core   0: 3 0x80013e1c (0xff9ff06f)
core   0: 0x80013e14 (0x00001f17) auipc   t5, 0x1
core   0: 3 0x80013e14 (0x00001f17) x30 0x80014e14
core   0: 0x80013e18 (0x1e3f2623) sw      gp, 492(t5)
core   0: 3 0x80013e18 (0x1e3f2623) mem 0x80015000 0x00000001
core   0: 0x80013e1c (0xff9ff06f) j       pc - 0x8
core   0: 3 0x80013e1c (0xff9ff06f)
core   0: 0x80013e14 (0x00001f17) auipc   t5, 0x1
core   0: 3 0x80013e14 (0x00001f17) x30 0x80014e14
core   0: 0x80013e18 (0x1e3f2623) sw      gp, 492(t5)
core   0: 3 0x80013e18 (0x1e3f2623) mem 0x80015000 0x00000001
core   0: 0x80013e1c (0xff9ff06f) j       pc - 0x8
core   0: 3 0x80013e1c (0xff9ff06f)
core   0: 0x80013e14 (0x00001f17) auipc   t5, 0x1
core   0: 3 0x80013e14 (0x00001f17) x30 0x80014e14
core   0: 0x80013e18 (0x1e3f2623) sw      gp, 492(t5)
core   0: 3 0x80013e18 (0x1e3f2623) mem 0x80015000 0x00000001
core   0: 0x80013e1c (0xff9ff06f) j       pc - 0x8
core   0: 3 0x80013e1c (0xff9ff06f)
core   0: 0x80013e14 (0x00001f17) auipc   t5, 0x1
core   0: 3 0x80013e14 (0x00001f17) x30 0x80014e14
core   0: 0x80013e18 (0x1e3f2623) sw      gp, 492(t5)
core   0: 3 0x80013e18 (0x1e3f2623) mem 0x80015000 0x00000001
core   0: 0x80013e1c (0xff9ff06f) j       pc - 0x8
core   0: 3 0x80013e1c (0xff9ff06f)
core   0: 0x80013e14 (0x00001f17) auipc   t5, 0x1
core   0: 3 0x80013e14 (0x00001f17) x30 0x80014e14
core   0: 0x80013e18 (0x1e3f2623) sw      gp, 492(t5)
core   0: 3 0x80013e18 (0x1e3f2623) mem 0x80015000 0x00000001
core   0: 0x80013e1c (0xff9ff06f) j       pc - 0x8
core   0: 3 0x80013e1c (0xff9ff06f)
core   0: 0x80013e14 (0x00001f17) auipc   t5, 0x1
core   0: 3 0x80013e14 (0x00001f17) x30 0x80014e14
core   0: 0x80013e18 (0x1e3f2623) sw      gp, 492(t5)
core   0: 3 0x80013e18 (0x1e3f2623) mem 0x80015000 0x00000001
core   0: 0x80013e1c (0xff9ff06f) j       pc - 0x8
core   0: 3 0x80013e1c (0xff9ff06f)
core   0: 0x80013e14 (0x00001f17) auipc   t5, 0x1
core   0: 3 0x80013e14 (0x00001f17) x30 0x80014e14
core   0: 0x80013e18 (0x1e3f2623) sw      gp, 492(t5)
core   0: 3 0x80013e18 (0x1e3f2623) mem 0x80015000 0x00000001
core   0: 0x80013e1c (0xff9ff06f) j       pc - 0x8
core   0: 3 0x80013e1c (0xff9ff06f)
core   0: 0x80013e14 (0x00001f17) auipc   t5, 0x1
core   0: 3 0x80013e14 (0x00001f17) x30 0x80014e14
core   0: 0x80013e18 (0x1e3f2623) sw      gp, 492(t5)
core   0: 3 0x80013e18 (0x1e3f2623) mem 0x80015000 0x00000001
core   0: 0x80013e1c (0xff9ff06f) j       pc - 0x8
core   0: 3 0x80013e1c (0xff9ff06f)
core   0: 0x80013e14 (0x00001f17) auipc   t5, 0x1
core   0: 3 0x80013e14 (0x00001f17) x30 0x80014e14
core   0: 0x80013e18 (0x1e3f2623) sw      gp, 492(t5)
core   0: 3 0x80013e18 (0x1e3f2623) mem 0x80015000 0x00000001
core   0: 0x80013e1c (0xff9ff06f) j       pc - 0x8
core   0: 3 0x80013e1c (0xff9ff06f)
core   0: 0x80013e14 (0x00001f17) auipc   t5, 0x1
core   0: 3 0x80013e14 (0x00001f17) x30 0x80014e14
core   0: 0x80013e18 (0x1e3f2623) sw      gp, 492(t5)
core   0: 3 0x80013e18 (0x1e3f2623) mem 0x80015000 0x00000001
core   0: 0x80013e1c (0xff9ff06f) j       pc - 0x8
core   0: 3 0x80013e1c (0xff9ff06f)
core   0: 0x80013e14 (0x00001f17) auipc   t5, 0x1
core   0: 3 0x80013e14 (0x00001f17) x30 0x80014e14
core   0: 0x80013e18 (0x1e3f2623) sw      gp, 492(t5)
core   0: 3 0x80013e18 (0x1e3f2623) mem 0x80015000 0x00000001
core   0: 0x80013e1c (0xff9ff06f) j       pc - 0x8
core   0: 3 0x80013e1c (0xff9ff06f)
core   0: 0x80013e14 (0x00001f17) auipc   t5, 0x1
core   0: 3 0x80013e14 (0x00001f17) x30 0x80014e14
core   0: 0x80013e18 (0x1e3f2623) sw      gp, 492(t5)
core   0: 3 0x80013e18 (0x1e3f2623) mem 0x80015000 0x00000001
core   0: 0x80013e1c (0xff9ff06f) j       pc - 0x8
core   0: 3 0x80013e1c (0xff9ff06f)
core   0: 0x80013e14 (0x00001f17) auipc   t5, 0x1
core   0: 3 0x80013e14 (0x00001f17) x30 0x80014e14
core   0: 0x80013e18 (0x1e3f2623) sw      gp, 492(t5)
core   0: 3 0x80013e18 (0x1e3f2623) mem 0x80015000 0x00000001
core   0: 0x80013e1c (0xff9ff06f) j       pc - 0x8
core   0: 3 0x80013e1c (0xff9ff06f)
core   0: 0x80013e14 (0x00001f17) auipc   t5, 0x1
core   0: 3 0x80013e14 (0x00001f17) x30 0x80014e14
core   0: 0x80013e18 (0x1e3f2623) sw      gp, 492(t5)
core   0: 3 0x80013e18 (0x1e3f2623) mem 0x80015000 0x00000001
core   0: 0x80013e1c (0xff9ff06f) j       pc - 0x8
core   0: 3 0x80013e1c (0xff9ff06f)
core   0: 0x80013e14 (0x00001f17) auipc   t5, 0x1
core   0: 3 0x80013e14 (0x00001f17) x30 0x80014e14
core   0: 0x80013e18 (0x1e3f2623) sw      gp, 492(t5)
core   0: 3 0x80013e18 (0x1e3f2623) mem 0x80015000 0x00000001
core   0: 0x80013e1c (0xff9ff06f) j       pc - 0x8
core   0: 3 0x80013e1c (0xff9ff06f)
core   0: 0x80013e14 (0x00001f17) auipc   t5, 0x1
core   0: 3 0x80013e14 (0x00001f17) x30 0x80014e14
core   0: 0x80013e18 (0x1e3f2623) sw      gp, 492(t5)
core   0: 3 0x80013e18 (0x1e3f2623) mem 0x80015000 0x00000001
core   0: 0x80013e1c (0xff9ff06f) j       pc - 0x8
core   0: 3 0x80013e1c (0xff9ff06f)
core   0: 0x80013e14 (0x00001f17) auipc   t5, 0x1
core   0: 3 0x80013e14 (0x00001f17) x30 0x80014e14
core   0: 0x80013e18 (0x1e3f2623) sw      gp, 492(t5)
core   0: 3 0x80013e18 (0x1e3f2623) mem 0x80015000 0x00000001
core   0: 0x80013e1c (0xff9ff06f) j       pc - 0x8
core   0: 3 0x80013e1c (0xff9ff06f)
core   0: 0x80013e14 (0x00001f17) auipc   t5, 0x1
core   0: 3 0x80013e14 (0x00001f17) x30 0x80014e14
core   0: 0x80013e18 (0x1e3f2623) sw      gp, 492(t5)
core   0: 3 0x80013e18 (0x1e3f2623) mem 0x80015000 0x00000001
core   0: 0x80013e1c (0xff9ff06f) j       pc - 0x8
core   0: 3 0x80013e1c (0xff9ff06f)
core   0: 0x80013e14 (0x00001f17) auipc   t5, 0x1
core   0: 3 0x80013e14 (0x00001f17) x30 0x80014e14
core   0: 0x80013e18 (0x1e3f2623) sw      gp, 492(t5)
core   0: 3 0x80013e18 (0x1e3f2623) mem 0x80015000 0x00000001
core   0: 0x80013e1c (0xff9ff06f) j       pc - 0x8
core   0: 3 0x80013e1c (0xff9ff06f)
core   0: 0x80013e14 (0x00001f17) auipc   t5, 0x1
core   0: 3 0x80013e14 (0x00001f17) x30 0x80014e14
core   0: 0x80013e18 (0x1e3f2623) sw      gp, 492(t5)
core   0: 3 0x80013e18 (0x1e3f2623) mem 0x80015000 0x00000001
core   0: 0x80013e1c (0xff9ff06f) j       pc - 0x8
core   0: 3 0x80013e1c (0xff9ff06f)
core   0: 0x80013e14 (0x00001f17) auipc   t5, 0x1
core   0: 3 0x80013e14 (0x00001f17) x30 0x80014e14
core   0: 0x80013e18 (0x1e3f2623) sw      gp, 492(t5)
core   0: 3 0x80013e18 (0x1e3f2623) mem 0x80015000 0x00000001
core   0: 0x80013e1c (0xff9ff06f) j       pc - 0x8
core   0: 3 0x80013e1c (0xff9ff06f)
core   0: 0x80013e14 (0x00001f17) auipc   t5, 0x1
core   0: 3 0x80013e14 (0x00001f17) x30 0x80014e14
core   0: 0x80013e18 (0x1e3f2623) sw      gp, 492(t5)
core   0: 3 0x80013e18 (0x1e3f2623) mem 0x80015000 0x00000001
core   0: 0x80013e1c (0xff9ff06f) j       pc - 0x8
core   0: 3 0x80013e1c (0xff9ff06f)
core   0: 0x80013e14 (0x00001f17) auipc   t5, 0x1
core   0: 3 0x80013e14 (0x00001f17) x30 0x80014e14
core   0: 0x80013e18 (0x1e3f2623) sw      gp, 492(t5)
core   0: 3 0x80013e18 (0x1e3f2623) mem 0x80015000 0x00000001
core   0: 0x80013e1c (0xff9ff06f) j       pc - 0x8
core   0: 3 0x80013e1c (0xff9ff06f)
core   0: 0x80013e14 (0x00001f17) auipc   t5, 0x1
core   0: 3 0x80013e14 (0x00001f17) x30 0x80014e14
core   0: 0x80013e18 (0x1e3f2623) sw      gp, 492(t5)
core   0: 3 0x80013e18 (0x1e3f2623) mem 0x80015000 0x00000001
core   0: 0x80013e1c (0xff9ff06f) j       pc - 0x8
core   0: 3 0x80013e1c (0xff9ff06f)
core   0: 0x80013e14 (0x00001f17) auipc   t5, 0x1
core   0: 3 0x80013e14 (0x00001f17) x30 0x80014e14
core   0: 0x80013e18 (0x1e3f2623) sw      gp, 492(t5)
core   0: 3 0x80013e18 (0x1e3f2623) mem 0x80015000 0x00000001
core   0: 0x80013e1c (0xff9ff06f) j       pc - 0x8
core   0: 3 0x80013e1c (0xff9ff06f)
core   0: 0x80013e14 (0x00001f17) auipc   t5, 0x1
core   0: 3 0x80013e14 (0x00001f17) x30 0x80014e14
core   0: 0x80013e18 (0x1e3f2623) sw      gp, 492(t5)
core   0: 3 0x80013e18 (0x1e3f2623) mem 0x80015000 0x00000001
core   0: 0x80013e1c (0xff9ff06f) j       pc - 0x8
core   0: 3 0x80013e1c (0xff9ff06f)
core   0: 0x80013e14 (0x00001f17) auipc   t5, 0x1
core   0: 3 0x80013e14 (0x00001f17) x30 0x80014e14
core   0: 0x80013e18 (0x1e3f2623) sw      gp, 492(t5)
core   0: 3 0x80013e18 (0x1e3f2623) mem 0x80015000 0x00000001
core   0: 0x80013e1c (0xff9ff06f) j       pc - 0x8
core   0: 3 0x80013e1c (0xff9ff06f)
core   0: 0x80013e14 (0x00001f17) auipc   t5, 0x1
core   0: 3 0x80013e14 (0x00001f17) x30 0x80014e14
core   0: 0x80013e18 (0x1e3f2623) sw      gp, 492(t5)
core   0: 3 0x80013e18 (0x1e3f2623) mem 0x80015000 0x00000001
core   0: 0x80013e1c (0xff9ff06f) j       pc - 0x8
core   0: 3 0x80013e1c (0xff9ff06f)
core   0: 0x80013e14 (0x00001f17) auipc   t5, 0x1
core   0: 3 0x80013e14 (0x00001f17) x30 0x80014e14
core   0: 0x80013e18 (0x1e3f2623) sw      gp, 492(t5)
core   0: 3 0x80013e18 (0x1e3f2623) mem 0x80015000 0x00000001
core   0: 0x80013e1c (0xff9ff06f) j       pc - 0x8
core   0: 3 0x80013e1c (0xff9ff06f)
core   0: 0x80013e14 (0x00001f17) auipc   t5, 0x1
core   0: 3 0x80013e14 (0x00001f17) x30 0x80014e14
core   0: 0x80013e18 (0x1e3f2623) sw      gp, 492(t5)
core   0: 3 0x80013e18 (0x1e3f2623) mem 0x80015000 0x00000001
core   0: 0x80013e1c (0xff9ff06f) j       pc - 0x8
core   0: 3 0x80013e1c (0xff9ff06f)
core   0: 0x80013e14 (0x00001f17) auipc   t5, 0x1
core   0: 3 0x80013e14 (0x00001f17) x30 0x80014e14
core   0: 0x80013e18 (0x1e3f2623) sw      gp, 492(t5)
core   0: 3 0x80013e18 (0x1e3f2623) mem 0x80015000 0x00000001
core   0: 0x80013e1c (0xff9ff06f) j       pc - 0x8
core   0: 3 0x80013e1c (0xff9ff06f)
core   0: 0x80013e14 (0x00001f17) auipc   t5, 0x1
core   0: 3 0x80013e14 (0x00001f17) x30 0x80014e14
core   0: 0x80013e18 (0x1e3f2623) sw      gp, 492(t5)
core   0: 3 0x80013e18 (0x1e3f2623) mem 0x80015000 0x00000001
core   0: 0x80013e1c (0xff9ff06f) j       pc - 0x8
core   0: 3 0x80013e1c (0xff9ff06f)
core   0: 0x80013e14 (0x00001f17) auipc   t5, 0x1
core   0: 3 0x80013e14 (0x00001f17) x30 0x80014e14
core   0: 0x80013e18 (0x1e3f2623) sw      gp, 492(t5)
core   0: 3 0x80013e18 (0x1e3f2623) mem 0x80015000 0x00000001
core   0: 0x80013e1c (0xff9ff06f) j       pc - 0x8
core   0: 3 0x80013e1c (0xff9ff06f)
core   0: 0x80013e14 (0x00001f17) auipc   t5, 0x1
core   0: 3 0x80013e14 (0x00001f17) x30 0x80014e14
core   0: 0x80013e18 (0x1e3f2623) sw      gp, 492(t5)
core   0: 3 0x80013e18 (0x1e3f2623) mem 0x80015000 0x00000001
core   0: 0x80013e1c (0xff9ff06f) j       pc - 0x8
core   0: 3 0x80013e1c (0xff9ff06f)
core   0: 0x80013e14 (0x00001f17) auipc   t5, 0x1
core   0: 3 0x80013e14 (0x00001f17) x30 0x80014e14
core   0: 0x80013e18 (0x1e3f2623) sw      gp, 492(t5)
core   0: 3 0x80013e18 (0x1e3f2623) mem 0x80015000 0x00000001
core   0: 0x80013e1c (0xff9ff06f) j       pc - 0x8
core   0: 3 0x80013e1c (0xff9ff06f)
core   0: 0x80013e14 (0x00001f17) auipc   t5, 0x1
core   0: 3 0x80013e14 (0x00001f17) x30 0x80014e14
core   0: 0x80013e18 (0x1e3f2623) sw      gp, 492(t5)
core   0: 3 0x80013e18 (0x1e3f2623) mem 0x80015000 0x00000001
core   0: 0x80013e1c (0xff9ff06f) j       pc - 0x8
core   0: 3 0x80013e1c (0xff9ff06f)
core   0: 0x80013e14 (0x00001f17) auipc   t5, 0x1
core   0: 3 0x80013e14 (0x00001f17) x30 0x80014e14
core   0: 0x80013e18 (0x1e3f2623) sw      gp, 492(t5)
core   0: 3 0x80013e18 (0x1e3f2623) mem 0x80015000 0x00000001
core   0: 0x80013e1c (0xff9ff06f) j       pc - 0x8
core   0: 3 0x80013e1c (0xff9ff06f)
core   0: 0x80013e14 (0x00001f17) auipc   t5, 0x1
core   0: 3 0x80013e14 (0x00001f17) x30 0x80014e14
core   0: 0x80013e18 (0x1e3f2623) sw      gp, 492(t5)
core   0: 3 0x80013e18 (0x1e3f2623) mem 0x80015000 0x00000001
core   0: 0x80013e1c (0xff9ff06f) j       pc - 0x8
core   0: 3 0x80013e1c (0xff9ff06f)
core   0: 0x80013e14 (0x00001f17) auipc   t5, 0x1
core   0: 3 0x80013e14 (0x00001f17) x30 0x80014e14
core   0: 0x80013e18 (0x1e3f2623) sw      gp, 492(t5)
core   0: 3 0x80013e18 (0x1e3f2623) mem 0x80015000 0x00000001
core   0: 0x80013e1c (0xff9ff06f) j       pc - 0x8
core   0: 3 0x80013e1c (0xff9ff06f)
core   0: 0x80013e14 (0x00001f17) auipc   t5, 0x1
core   0: 3 0x80013e14 (0x00001f17) x30 0x80014e14
core   0: 0x80013e18 (0x1e3f2623) sw      gp, 492(t5)
core   0: 3 0x80013e18 (0x1e3f2623) mem 0x80015000 0x00000001
core   0: 0x80013e1c (0xff9ff06f) j       pc - 0x8
core   0: 3 0x80013e1c (0xff9ff06f)
core   0: 0x80013e14 (0x00001f17) auipc   t5, 0x1
core   0: 3 0x80013e14 (0x00001f17) x30 0x80014e14
core   0: 0x80013e18 (0x1e3f2623) sw      gp, 492(t5)
core   0: 3 0x80013e18 (0x1e3f2623) mem 0x80015000 0x00000001
core   0: 0x80013e1c (0xff9ff06f) j       pc - 0x8
core   0: 3 0x80013e1c (0xff9ff06f)
core   0: 0x80013e14 (0x00001f17) auipc   t5, 0x1
core   0: 3 0x80013e14 (0x00001f17) x30 0x80014e14
core   0: 0x80013e18 (0x1e3f2623) sw      gp, 492(t5)
core   0: 3 0x80013e18 (0x1e3f2623) mem 0x80015000 0x00000001
core   0: 0x80013e1c (0xff9ff06f) j       pc - 0x8
core   0: 3 0x80013e1c (0xff9ff06f)
core   0: 0x80013e14 (0x00001f17) auipc   t5, 0x1
core   0: 3 0x80013e14 (0x00001f17) x30 0x80014e14
core   0: 0x80013e18 (0x1e3f2623) sw      gp, 492(t5)
core   0: 3 0x80013e18 (0x1e3f2623) mem 0x80015000 0x00000001
core   0: 0x80013e1c (0xff9ff06f) j       pc - 0x8
core   0: 3 0x80013e1c (0xff9ff06f)
core   0: 0x80013e14 (0x00001f17) auipc   t5, 0x1
core   0: 3 0x80013e14 (0x00001f17) x30 0x80014e14
core   0: 0x80013e18 (0x1e3f2623) sw      gp, 492(t5)
core   0: 3 0x80013e18 (0x1e3f2623) mem 0x80015000 0x00000001
core   0: 0x80013e1c (0xff9ff06f) j       pc - 0x8
core   0: 3 0x80013e1c (0xff9ff06f)
core   0: 0x80013e14 (0x00001f17) auipc   t5, 0x1
core   0: 3 0x80013e14 (0x00001f17) x30 0x80014e14
core   0: 0x80013e18 (0x1e3f2623) sw      gp, 492(t5)
core   0: 3 0x80013e18 (0x1e3f2623) mem 0x80015000 0x00000001
core   0: 0x80013e1c (0xff9ff06f) j       pc - 0x8
core   0: 3 0x80013e1c (0xff9ff06f)
core   0: 0x80013e14 (0x00001f17) auipc   t5, 0x1
core   0: 3 0x80013e14 (0x00001f17) x30 0x80014e14
core   0: 0x80013e18 (0x1e3f2623) sw      gp, 492(t5)
core   0: 3 0x80013e18 (0x1e3f2623) mem 0x80015000 0x00000001
core   0: 0x80013e1c (0xff9ff06f) j       pc - 0x8
core   0: 3 0x80013e1c (0xff9ff06f)
core   0: 0x80013e14 (0x00001f17) auipc   t5, 0x1
core   0: 3 0x80013e14 (0x00001f17) x30 0x80014e14
core   0: 0x80013e18 (0x1e3f2623) sw      gp, 492(t5)
core   0: 3 0x80013e18 (0x1e3f2623) mem 0x80015000 0x00000001
core   0: 0x80013e1c (0xff9ff06f) j       pc - 0x8
core   0: 3 0x80013e1c (0xff9ff06f)
core   0: 0x80013e14 (0x00001f17) auipc   t5, 0x1
core   0: 3 0x80013e14 (0x00001f17) x30 0x80014e14
core   0: 0x80013e18 (0x1e3f2623) sw      gp, 492(t5)
core   0: 3 0x80013e18 (0x1e3f2623) mem 0x80015000 0x00000001
core   0: 0x80013e1c (0xff9ff06f) j       pc - 0x8
core   0: 3 0x80013e1c (0xff9ff06f)
core   0: 0x80013e14 (0x00001f17) auipc   t5, 0x1
core   0: 3 0x80013e14 (0x00001f17) x30 0x80014e14
core   0: 0x80013e18 (0x1e3f2623) sw      gp, 492(t5)
core   0: 3 0x80013e18 (0x1e3f2623) mem 0x80015000 0x00000001
core   0: 0x80013e1c (0xff9ff06f) j       pc - 0x8
core   0: 3 0x80013e1c (0xff9ff06f)
core   0: 0x80013e14 (0x00001f17) auipc   t5, 0x1
core   0: 3 0x80013e14 (0x00001f17) x30 0x80014e14
core   0: 0x80013e18 (0x1e3f2623) sw      gp, 492(t5)
core   0: 3 0x80013e18 (0x1e3f2623) mem 0x80015000 0x00000001
core   0: 0x80013e1c (0xff9ff06f) j       pc - 0x8
core   0: 3 0x80013e1c (0xff9ff06f)
core   0: 0x80013e14 (0x00001f17) auipc   t5, 0x1
core   0: 3 0x80013e14 (0x00001f17) x30 0x80014e14
core   0: 0x80013e18 (0x1e3f2623) sw      gp, 492(t5)
core   0: 3 0x80013e18 (0x1e3f2623) mem 0x80015000 0x00000001
core   0: 0x80013e1c (0xff9ff06f) j       pc - 0x8
core   0: 3 0x80013e1c (0xff9ff06f)
core   0: 0x80013e14 (0x00001f17) auipc   t5, 0x1
core   0: 3 0x80013e14 (0x00001f17) x30 0x80014e14
core   0: 0x80013e18 (0x1e3f2623) sw      gp, 492(t5)
core   0: 3 0x80013e18 (0x1e3f2623) mem 0x80015000 0x00000001
core   0: 0x80013e1c (0xff9ff06f) j       pc - 0x8
core   0: 3 0x80013e1c (0xff9ff06f)
core   0: 0x80013e14 (0x00001f17) auipc   t5, 0x1
core   0: 3 0x80013e14 (0x00001f17) x30 0x80014e14
core   0: 0x80013e18 (0x1e3f2623) sw      gp, 492(t5)
core   0: 3 0x80013e18 (0x1e3f2623) mem 0x80015000 0x00000001
core   0: 0x80013e1c (0xff9ff06f) j       pc - 0x8
core   0: 3 0x80013e1c (0xff9ff06f)
core   0: 0x80013e14 (0x00001f17) auipc   t5, 0x1
core   0: 3 0x80013e14 (0x00001f17) x30 0x80014e14
core   0: 0x80013e18 (0x1e3f2623) sw      gp, 492(t5)
core   0: 3 0x80013e18 (0x1e3f2623) mem 0x80015000 0x00000001
core   0: 0x80013e1c (0xff9ff06f) j       pc - 0x8
core   0: 3 0x80013e1c (0xff9ff06f)
core   0: 0x80013e14 (0x00001f17) auipc   t5, 0x1
core   0: 3 0x80013e14 (0x00001f17) x30 0x80014e14
core   0: 0x80013e18 (0x1e3f2623) sw      gp, 492(t5)
core   0: 3 0x80013e18 (0x1e3f2623) mem 0x80015000 0x00000001
core   0: 0x80013e1c (0xff9ff06f) j       pc - 0x8
core   0: 3 0x80013e1c (0xff9ff06f)
core   0: 0x80013e14 (0x00001f17) auipc   t5, 0x1
core   0: 3 0x80013e14 (0x00001f17) x30 0x80014e14
core   0: 0x80013e18 (0x1e3f2623) sw      gp, 492(t5)
core   0: 3 0x80013e18 (0x1e3f2623) mem 0x80015000 0x00000001
core   0: 0x80013e1c (0xff9ff06f) j       pc - 0x8
core   0: 3 0x80013e1c (0xff9ff06f)
core   0: 0x80013e14 (0x00001f17) auipc   t5, 0x1
core   0: 3 0x80013e14 (0x00001f17) x30 0x80014e14
core   0: 0x80013e18 (0x1e3f2623) sw      gp, 492(t5)
core   0: 3 0x80013e18 (0x1e3f2623) mem 0x80015000 0x00000001
core   0: 0x80013e1c (0xff9ff06f) j       pc - 0x8
core   0: 3 0x80013e1c (0xff9ff06f)
core   0: 0x80013e14 (0x00001f17) auipc   t5, 0x1
core   0: 3 0x80013e14 (0x00001f17) x30 0x80014e14
core   0: 0x80013e18 (0x1e3f2623) sw      gp, 492(t5)
core   0: 3 0x80013e18 (0x1e3f2623) mem 0x80015000 0x00000001
core   0: 0x80013e1c (0xff9ff06f) j       pc - 0x8
core   0: 3 0x80013e1c (0xff9ff06f)
core   0: 0x80013e14 (0x00001f17) auipc   t5, 0x1
core   0: 3 0x80013e14 (0x00001f17) x30 0x80014e14
core   0: 0x80013e18 (0x1e3f2623) sw      gp, 492(t5)
core   0: 3 0x80013e18 (0x1e3f2623) mem 0x80015000 0x00000001
core   0: 0x80013e1c (0xff9ff06f) j       pc - 0x8
core   0: 3 0x80013e1c (0xff9ff06f)
core   0: 0x80013e14 (0x00001f17) auipc   t5, 0x1
core   0: 3 0x80013e14 (0x00001f17) x30 0x80014e14
core   0: 0x80013e18 (0x1e3f2623) sw      gp, 492(t5)
core   0: 3 0x80013e18 (0x1e3f2623) mem 0x80015000 0x00000001
core   0: 0x80013e1c (0xff9ff06f) j       pc - 0x8
core   0: 3 0x80013e1c (0xff9ff06f)
core   0: 0x80013e14 (0x00001f17) auipc   t5, 0x1
core   0: 3 0x80013e14 (0x00001f17) x30 0x80014e14
core   0: 0x80013e18 (0x1e3f2623) sw      gp, 492(t5)
core   0: 3 0x80013e18 (0x1e3f2623) mem 0x80015000 0x00000001
core   0: 0x80013e1c (0xff9ff06f) j       pc - 0x8
core   0: 3 0x80013e1c (0xff9ff06f)
core   0: 0x80013e14 (0x00001f17) auipc   t5, 0x1
core   0: 3 0x80013e14 (0x00001f17) x30 0x80014e14
core   0: 0x80013e18 (0x1e3f2623) sw      gp, 492(t5)
core   0: 3 0x80013e18 (0x1e3f2623) mem 0x80015000 0x00000001
core   0: 0x80013e1c (0xff9ff06f) j       pc - 0x8
core   0: 3 0x80013e1c (0xff9ff06f)
core   0: 0x80013e14 (0x00001f17) auipc   t5, 0x1
core   0: 3 0x80013e14 (0x00001f17) x30 0x80014e14
core   0: 0x80013e18 (0x1e3f2623) sw      gp, 492(t5)
core   0: 3 0x80013e18 (0x1e3f2623) mem 0x80015000 0x00000001
core   0: 0x80013e1c (0xff9ff06f) j       pc - 0x8
core   0: 3 0x80013e1c (0xff9ff06f)
core   0: 0x80013e14 (0x00001f17) auipc   t5, 0x1
core   0: 3 0x80013e14 (0x00001f17) x30 0x80014e14
core   0: 0x80013e18 (0x1e3f2623) sw      gp, 492(t5)
core   0: 3 0x80013e18 (0x1e3f2623) mem 0x80015000 0x00000001
core   0: 0x80013e1c (0xff9ff06f) j       pc - 0x8
core   0: 3 0x80013e1c (0xff9ff06f)
core   0: 0x80013e14 (0x00001f17) auipc   t5, 0x1
core   0: 3 0x80013e14 (0x00001f17) x30 0x80014e14
core   0: 0x80013e18 (0x1e3f2623) sw      gp, 492(t5)
core   0: 3 0x80013e18 (0x1e3f2623) mem 0x80015000 0x00000001
core   0: 0x80013e1c (0xff9ff06f) j       pc - 0x8
core   0: 3 0x80013e1c (0xff9ff06f)
core   0: 0x80013e14 (0x00001f17) auipc   t5, 0x1
core   0: 3 0x80013e14 (0x00001f17) x30 0x80014e14
core   0: 0x80013e18 (0x1e3f2623) sw      gp, 492(t5)
core   0: 3 0x80013e18 (0x1e3f2623) mem 0x80015000 0x00000001
core   0: 0x80013e1c (0xff9ff06f) j       pc - 0x8
core   0: 3 0x80013e1c (0xff9ff06f)
core   0: 0x80013e14 (0x00001f17) auipc   t5, 0x1
core   0: 3 0x80013e14 (0x00001f17) x30 0x80014e14
core   0: 0x80013e18 (0x1e3f2623) sw      gp, 492(t5)
core   0: 3 0x80013e18 (0x1e3f2623) mem 0x80015000 0x00000001
core   0: 0x80013e1c (0xff9ff06f) j       pc - 0x8
core   0: 3 0x80013e1c (0xff9ff06f)
core   0: 0x80013e14 (0x00001f17) auipc   t5, 0x1
core   0: 3 0x80013e14 (0x00001f17) x30 0x80014e14
core   0: 0x80013e18 (0x1e3f2623) sw      gp, 492(t5)
core   0: 3 0x80013e18 (0x1e3f2623) mem 0x80015000 0x00000001
core   0: 0x80013e1c (0xff9ff06f) j       pc - 0x8
core   0: 3 0x80013e1c (0xff9ff06f)
core   0: 0x80013e14 (0x00001f17) auipc   t5, 0x1
core   0: 3 0x80013e14 (0x00001f17) x30 0x80014e14
core   0: 0x80013e18 (0x1e3f2623) sw      gp, 492(t5)
core   0: 3 0x80013e18 (0x1e3f2623) mem 0x80015000 0x00000001
core   0: 0x80013e1c (0xff9ff06f) j       pc - 0x8
core   0: 3 0x80013e1c (0xff9ff06f)
core   0: 0x80013e14 (0x00001f17) auipc   t5, 0x1
core   0: 3 0x80013e14 (0x00001f17) x30 0x80014e14
core   0: 0x80013e18 (0x1e3f2623) sw      gp, 492(t5)
core   0: 3 0x80013e18 (0x1e3f2623) mem 0x80015000 0x00000001
core   0: 0x80013e1c (0xff9ff06f) j       pc - 0x8
core   0: 3 0x80013e1c (0xff9ff06f)
core   0: 0x80013e14 (0x00001f17) auipc   t5, 0x1
core   0: 3 0x80013e14 (0x00001f17) x30 0x80014e14
core   0: 0x80013e18 (0x1e3f2623) sw      gp, 492(t5)
core   0: 3 0x80013e18 (0x1e3f2623) mem 0x80015000 0x00000001
core   0: 0x80013e1c (0xff9ff06f) j       pc - 0x8
core   0: 3 0x80013e1c (0xff9ff06f)
core   0: 0x80013e14 (0x00001f17) auipc   t5, 0x1
core   0: 3 0x80013e14 (0x00001f17) x30 0x80014e14
core   0: 0x80013e18 (0x1e3f2623) sw      gp, 492(t5)
core   0: 3 0x80013e18 (0x1e3f2623) mem 0x80015000 0x00000001
core   0: 0x80013e1c (0xff9ff06f) j       pc - 0x8
core   0: 3 0x80013e1c (0xff9ff06f)
core   0: 0x80013e14 (0x00001f17) auipc   t5, 0x1
core   0: 3 0x80013e14 (0x00001f17) x30 0x80014e14
core   0: 0x80013e18 (0x1e3f2623) sw      gp, 492(t5)
core   0: 3 0x80013e18 (0x1e3f2623) mem 0x80015000 0x00000001
core   0: 0x80013e1c (0xff9ff06f) j       pc - 0x8
core   0: 3 0x80013e1c (0xff9ff06f)
core   0: 0x80013e14 (0x00001f17) auipc   t5, 0x1
core   0: 3 0x80013e14 (0x00001f17) x30 0x80014e14
core   0: 0x80013e18 (0x1e3f2623) sw      gp, 492(t5)
core   0: 3 0x80013e18 (0x1e3f2623) mem 0x80015000 0x00000001
core   0: 0x80013e1c (0xff9ff06f) j       pc - 0x8
core   0: 3 0x80013e1c (0xff9ff06f)
core   0: 0x80013e14 (0x00001f17) auipc   t5, 0x1
core   0: 3 0x80013e14 (0x00001f17) x30 0x80014e14
core   0: 0x80013e18 (0x1e3f2623) sw      gp, 492(t5)
core   0: 3 0x80013e18 (0x1e3f2623) mem 0x80015000 0x00000001
core   0: 0x80013e1c (0xff9ff06f) j       pc - 0x8
core   0: 3 0x80013e1c (0xff9ff06f)
core   0: 0x80013e14 (0x00001f17) auipc   t5, 0x1
core   0: 3 0x80013e14 (0x00001f17) x30 0x80014e14
core   0: 0x80013e18 (0x1e3f2623) sw      gp, 492(t5)
core   0: 3 0x80013e18 (0x1e3f2623) mem 0x80015000 0x00000001
core   0: 0x80013e1c (0xff9ff06f) j       pc - 0x8
core   0: 3 0x80013e1c (0xff9ff06f)
core   0: 0x80013e14 (0x00001f17) auipc   t5, 0x1
core   0: 3 0x80013e14 (0x00001f17) x30 0x80014e14
core   0: 0x80013e18 (0x1e3f2623) sw      gp, 492(t5)
core   0: 3 0x80013e18 (0x1e3f2623) mem 0x80015000 0x00000001
core   0: 0x80013e1c (0xff9ff06f) j       pc - 0x8
core   0: 3 0x80013e1c (0xff9ff06f)
core   0: 0x80013e14 (0x00001f17) auipc   t5, 0x1
core   0: 3 0x80013e14 (0x00001f17) x30 0x80014e14
core   0: 0x80013e18 (0x1e3f2623) sw      gp, 492(t5)
core   0: 3 0x80013e18 (0x1e3f2623) mem 0x80015000 0x00000001
core   0: 0x80013e1c (0xff9ff06f) j       pc - 0x8
core   0: 3 0x80013e1c (0xff9ff06f)
core   0: 0x80013e14 (0x00001f17) auipc   t5, 0x1
core   0: 3 0x80013e14 (0x00001f17) x30 0x80014e14
core   0: 0x80013e18 (0x1e3f2623) sw      gp, 492(t5)
core   0: 3 0x80013e18 (0x1e3f2623) mem 0x80015000 0x00000001
core   0: 0x80013e1c (0xff9ff06f) j       pc - 0x8
core   0: 3 0x80013e1c (0xff9ff06f)
core   0: 0x80013e14 (0x00001f17) auipc   t5, 0x1
core   0: 3 0x80013e14 (0x00001f17) x30 0x80014e14
core   0: 0x80013e18 (0x1e3f2623) sw      gp, 492(t5)
core   0: 3 0x80013e18 (0x1e3f2623) mem 0x80015000 0x00000001
core   0: 0x80013e1c (0xff9ff06f) j       pc - 0x8
core   0: 3 0x80013e1c (0xff9ff06f)
core   0: 0x80013e14 (0x00001f17) auipc   t5, 0x1
core   0: 3 0x80013e14 (0x00001f17) x30 0x80014e14
core   0: 0x80013e18 (0x1e3f2623) sw      gp, 492(t5)
core   0: 3 0x80013e18 (0x1e3f2623) mem 0x80015000 0x00000001
core   0: 0x80013e1c (0xff9ff06f) j       pc - 0x8
core   0: 3 0x80013e1c (0xff9ff06f)
core   0: 0x80013e14 (0x00001f17) auipc   t5, 0x1
core   0: 3 0x80013e14 (0x00001f17) x30 0x80014e14
core   0: 0x80013e18 (0x1e3f2623) sw      gp, 492(t5)
core   0: 3 0x80013e18 (0x1e3f2623) mem 0x80015000 0x00000001
core   0: 0x80013e1c (0xff9ff06f) j       pc - 0x8
core   0: 3 0x80013e1c (0xff9ff06f)
core   0: 0x80013e14 (0x00001f17) auipc   t5, 0x1
core   0: 3 0x80013e14 (0x00001f17) x30 0x80014e14
core   0: 0x80013e18 (0x1e3f2623) sw      gp, 492(t5)
core   0: 3 0x80013e18 (0x1e3f2623) mem 0x80015000 0x00000001
core   0: 0x80013e1c (0xff9ff06f) j       pc - 0x8
core   0: 3 0x80013e1c (0xff9ff06f)
core   0: 0x80013e14 (0x00001f17) auipc   t5, 0x1
core   0: 3 0x80013e14 (0x00001f17) x30 0x80014e14
core   0: 0x80013e18 (0x1e3f2623) sw      gp, 492(t5)
core   0: 3 0x80013e18 (0x1e3f2623) mem 0x80015000 0x00000001
core   0: 0x80013e1c (0xff9ff06f) j       pc - 0x8
core   0: 3 0x80013e1c (0xff9ff06f)
core   0: 0x80013e14 (0x00001f17) auipc   t5, 0x1
core   0: 3 0x80013e14 (0x00001f17) x30 0x80014e14
core   0: 0x80013e18 (0x1e3f2623) sw      gp, 492(t5)
core   0: 3 0x80013e18 (0x1e3f2623) mem 0x80015000 0x00000001
core   0: 0x80013e1c (0xff9ff06f) j       pc - 0x8
core   0: 3 0x80013e1c (0xff9ff06f)
core   0: 0x80013e14 (0x00001f17) auipc   t5, 0x1
core   0: 3 0x80013e14 (0x00001f17) x30 0x80014e14
core   0: 0x80013e18 (0x1e3f2623) sw      gp, 492(t5)
core   0: 3 0x80013e18 (0x1e3f2623) mem 0x80015000 0x00000001
core   0: 0x80013e1c (0xff9ff06f) j       pc - 0x8
core   0: 3 0x80013e1c (0xff9ff06f)
core   0: 0x80013e14 (0x00001f17) auipc   t5, 0x1
core   0: 3 0x80013e14 (0x00001f17) x30 0x80014e14
core   0: 0x80013e18 (0x1e3f2623) sw      gp, 492(t5)
core   0: 3 0x80013e18 (0x1e3f2623) mem 0x80015000 0x00000001
core   0: 0x80013e1c (0xff9ff06f) j       pc - 0x8
core   0: 3 0x80013e1c (0xff9ff06f)
core   0: 0x80013e14 (0x00001f17) auipc   t5, 0x1
core   0: 3 0x80013e14 (0x00001f17) x30 0x80014e14
core   0: 0x80013e18 (0x1e3f2623) sw      gp, 492(t5)
core   0: 3 0x80013e18 (0x1e3f2623) mem 0x80015000 0x00000001
core   0: 0x80013e1c (0xff9ff06f) j       pc - 0x8
core   0: 3 0x80013e1c (0xff9ff06f)
core   0: 0x80013e14 (0x00001f17) auipc   t5, 0x1
core   0: 3 0x80013e14 (0x00001f17) x30 0x80014e14
core   0: 0x80013e18 (0x1e3f2623) sw      gp, 492(t5)
core   0: 3 0x80013e18 (0x1e3f2623) mem 0x80015000 0x00000001
core   0: 0x80013e1c (0xff9ff06f) j       pc - 0x8
core   0: 3 0x80013e1c (0xff9ff06f)
core   0: 0x80013e14 (0x00001f17) auipc   t5, 0x1
core   0: 3 0x80013e14 (0x00001f17) x30 0x80014e14
core   0: 0x80013e18 (0x1e3f2623) sw      gp, 492(t5)
core   0: 3 0x80013e18 (0x1e3f2623) mem 0x80015000 0x00000001
core   0: 0x80013e1c (0xff9ff06f) j       pc - 0x8
core   0: 3 0x80013e1c (0xff9ff06f)
core   0: 0x80013e14 (0x00001f17) auipc   t5, 0x1
core   0: 3 0x80013e14 (0x00001f17) x30 0x80014e14
core   0: 0x80013e18 (0x1e3f2623) sw      gp, 492(t5)
core   0: 3 0x80013e18 (0x1e3f2623) mem 0x80015000 0x00000001
core   0: 0x80013e1c (0xff9ff06f) j       pc - 0x8
core   0: 3 0x80013e1c (0xff9ff06f)
core   0: 0x80013e14 (0x00001f17) auipc   t5, 0x1
core   0: 3 0x80013e14 (0x00001f17) x30 0x80014e14
core   0: 0x80013e18 (0x1e3f2623) sw      gp, 492(t5)
core   0: 3 0x80013e18 (0x1e3f2623) mem 0x80015000 0x00000001
core   0: 0x80013e1c (0xff9ff06f) j       pc - 0x8
core   0: 3 0x80013e1c (0xff9ff06f)
core   0: 0x80013e14 (0x00001f17) auipc   t5, 0x1
core   0: 3 0x80013e14 (0x00001f17) x30 0x80014e14
core   0: 0x80013e18 (0x1e3f2623) sw      gp, 492(t5)
core   0: 3 0x80013e18 (0x1e3f2623) mem 0x80015000 0x00000001
core   0: 0x80013e1c (0xff9ff06f) j       pc - 0x8
core   0: 3 0x80013e1c (0xff9ff06f)
core   0: 0x80013e14 (0x00001f17) auipc   t5, 0x1
core   0: 3 0x80013e14 (0x00001f17) x30 0x80014e14
core   0: 0x80013e18 (0x1e3f2623) sw      gp, 492(t5)
core   0: 3 0x80013e18 (0x1e3f2623) mem 0x80015000 0x00000001
core   0: 0x80013e1c (0xff9ff06f) j       pc - 0x8
core   0: 3 0x80013e1c (0xff9ff06f)
core   0: 0x80013e14 (0x00001f17) auipc   t5, 0x1
core   0: 3 0x80013e14 (0x00001f17) x30 0x80014e14
core   0: 0x80013e18 (0x1e3f2623) sw      gp, 492(t5)
core   0: 3 0x80013e18 (0x1e3f2623) mem 0x80015000 0x00000001
core   0: 0x80013e1c (0xff9ff06f) j       pc - 0x8
core   0: 3 0x80013e1c (0xff9ff06f)
core   0: 0x80013e14 (0x00001f17) auipc   t5, 0x1
core   0: 3 0x80013e14 (0x00001f17) x30 0x80014e14
core   0: 0x80013e18 (0x1e3f2623) sw      gp, 492(t5)
core   0: 3 0x80013e18 (0x1e3f2623) mem 0x80015000 0x00000001
core   0: 0x80013e1c (0xff9ff06f) j       pc - 0x8
core   0: 3 0x80013e1c (0xff9ff06f)
core   0: 0x80013e14 (0x00001f17) auipc   t5, 0x1
core   0: 3 0x80013e14 (0x00001f17) x30 0x80014e14
core   0: 0x80013e18 (0x1e3f2623) sw      gp, 492(t5)
core   0: 3 0x80013e18 (0x1e3f2623) mem 0x80015000 0x00000001
core   0: 0x80013e1c (0xff9ff06f) j       pc - 0x8
core   0: 3 0x80013e1c (0xff9ff06f)
core   0: 0x80013e14 (0x00001f17) auipc   t5, 0x1
core   0: 3 0x80013e14 (0x00001f17) x30 0x80014e14
core   0: 0x80013e18 (0x1e3f2623) sw      gp, 492(t5)
core   0: 3 0x80013e18 (0x1e3f2623) mem 0x80015000 0x00000001
core   0: 0x80013e1c (0xff9ff06f) j       pc - 0x8
core   0: 3 0x80013e1c (0xff9ff06f)
core   0: 0x80013e14 (0x00001f17) auipc   t5, 0x1
core   0: 3 0x80013e14 (0x00001f17) x30 0x80014e14
core   0: 0x80013e18 (0x1e3f2623) sw      gp, 492(t5)
core   0: 3 0x80013e18 (0x1e3f2623) mem 0x80015000 0x00000001
core   0: 0x80013e1c (0xff9ff06f) j       pc - 0x8
core   0: 3 0x80013e1c (0xff9ff06f)
core   0: 0x80013e14 (0x00001f17) auipc   t5, 0x1
core   0: 3 0x80013e14 (0x00001f17) x30 0x80014e14
core   0: 0x80013e18 (0x1e3f2623) sw      gp, 492(t5)
core   0: 3 0x80013e18 (0x1e3f2623) mem 0x80015000 0x00000001
core   0: 0x80013e1c (0xff9ff06f) j       pc - 0x8
core   0: 3 0x80013e1c (0xff9ff06f)
core   0: 0x80013e14 (0x00001f17) auipc   t5, 0x1
core   0: 3 0x80013e14 (0x00001f17) x30 0x80014e14
core   0: 0x80013e18 (0x1e3f2623) sw      gp, 492(t5)
core   0: 3 0x80013e18 (0x1e3f2623) mem 0x80015000 0x00000001
core   0: 0x80013e1c (0xff9ff06f) j       pc - 0x8
core   0: 3 0x80013e1c (0xff9ff06f)
core   0: 0x80013e14 (0x00001f17) auipc   t5, 0x1
core   0: 3 0x80013e14 (0x00001f17) x30 0x80014e14
core   0: 0x80013e18 (0x1e3f2623) sw      gp, 492(t5)
core   0: 3 0x80013e18 (0x1e3f2623) mem 0x80015000 0x00000001
core   0: 0x80013e1c (0xff9ff06f) j       pc - 0x8
core   0: 3 0x80013e1c (0xff9ff06f)
core   0: 0x80013e14 (0x00001f17) auipc   t5, 0x1
core   0: 3 0x80013e14 (0x00001f17) x30 0x80014e14
core   0: 0x80013e18 (0x1e3f2623) sw      gp, 492(t5)
core   0: 3 0x80013e18 (0x1e3f2623) mem 0x80015000 0x00000001
core   0: 0x80013e1c (0xff9ff06f) j       pc - 0x8
core   0: 3 0x80013e1c (0xff9ff06f)
core   0: 0x80013e14 (0x00001f17) auipc   t5, 0x1
core   0: 3 0x80013e14 (0x00001f17) x30 0x80014e14
core   0: 0x80013e18 (0x1e3f2623) sw      gp, 492(t5)
core   0: 3 0x80013e18 (0x1e3f2623) mem 0x80015000 0x00000001
core   0: 0x80013e1c (0xff9ff06f) j       pc - 0x8
core   0: 3 0x80013e1c (0xff9ff06f)
core   0: 0x80013e14 (0x00001f17) auipc   t5, 0x1
core   0: 3 0x80013e14 (0x00001f17) x30 0x80014e14
core   0: 0x80013e18 (0x1e3f2623) sw      gp, 492(t5)
core   0: 3 0x80013e18 (0x1e3f2623) mem 0x80015000 0x00000001
core   0: 0x80013e1c (0xff9ff06f) j       pc - 0x8
core   0: 3 0x80013e1c (0xff9ff06f)
core   0: 0x80013e14 (0x00001f17) auipc   t5, 0x1
core   0: 3 0x80013e14 (0x00001f17) x30 0x80014e14
core   0: 0x80013e18 (0x1e3f2623) sw      gp, 492(t5)
core   0: 3 0x80013e18 (0x1e3f2623) mem 0x80015000 0x00000001
core   0: 0x80013e1c (0xff9ff06f) j       pc - 0x8
core   0: 3 0x80013e1c (0xff9ff06f)
core   0: 0x80013e14 (0x00001f17) auipc   t5, 0x1
core   0: 3 0x80013e14 (0x00001f17) x30 0x80014e14
core   0: 0x80013e18 (0x1e3f2623) sw      gp, 492(t5)
core   0: 3 0x80013e18 (0x1e3f2623) mem 0x80015000 0x00000001
core   0: 0x80013e1c (0xff9ff06f) j       pc - 0x8
core   0: 3 0x80013e1c (0xff9ff06f)
core   0: 0x80013e14 (0x00001f17) auipc   t5, 0x1
core   0: 3 0x80013e14 (0x00001f17) x30 0x80014e14
core   0: 0x80013e18 (0x1e3f2623) sw      gp, 492(t5)
core   0: 3 0x80013e18 (0x1e3f2623) mem 0x80015000 0x00000001
core   0: 0x80013e1c (0xff9ff06f) j       pc - 0x8
core   0: 3 0x80013e1c (0xff9ff06f)
core   0: 0x80013e14 (0x00001f17) auipc   t5, 0x1
core   0: 3 0x80013e14 (0x00001f17) x30 0x80014e14
core   0: 0x80013e18 (0x1e3f2623) sw      gp, 492(t5)
core   0: 3 0x80013e18 (0x1e3f2623) mem 0x80015000 0x00000001
core   0: 0x80013e1c (0xff9ff06f) j       pc - 0x8
core   0: 3 0x80013e1c (0xff9ff06f)
core   0: 0x80013e14 (0x00001f17) auipc   t5, 0x1
core   0: 3 0x80013e14 (0x00001f17) x30 0x80014e14
core   0: 0x80013e18 (0x1e3f2623) sw      gp, 492(t5)
core   0: 3 0x80013e18 (0x1e3f2623) mem 0x80015000 0x00000001
core   0: 0x80013e1c (0xff9ff06f) j       pc - 0x8
core   0: 3 0x80013e1c (0xff9ff06f)
core   0: 0x80013e14 (0x00001f17) auipc   t5, 0x1
core   0: 3 0x80013e14 (0x00001f17) x30 0x80014e14
core   0: 0x80013e18 (0x1e3f2623) sw      gp, 492(t5)
core   0: 3 0x80013e18 (0x1e3f2623) mem 0x80015000 0x00000001
core   0: 0x80013e1c (0xff9ff06f) j       pc - 0x8
core   0: 3 0x80013e1c (0xff9ff06f)
core   0: 0x80013e14 (0x00001f17) auipc   t5, 0x1
core   0: 3 0x80013e14 (0x00001f17) x30 0x80014e14
core   0: 0x80013e18 (0x1e3f2623) sw      gp, 492(t5)
core   0: 3 0x80013e18 (0x1e3f2623) mem 0x80015000 0x00000001
core   0: 0x80013e1c (0xff9ff06f) j       pc - 0x8
core   0: 3 0x80013e1c (0xff9ff06f)
core   0: 0x80013e14 (0x00001f17) auipc   t5, 0x1
core   0: 3 0x80013e14 (0x00001f17) x30 0x80014e14
core   0: 0x80013e18 (0x1e3f2623) sw      gp, 492(t5)
core   0: 3 0x80013e18 (0x1e3f2623) mem 0x80015000 0x00000001
core   0: 0x80013e1c (0xff9ff06f) j       pc - 0x8
core   0: 3 0x80013e1c (0xff9ff06f)
core   0: 0x80013e14 (0x00001f17) auipc   t5, 0x1
core   0: 3 0x80013e14 (0x00001f17) x30 0x80014e14
core   0: 0x80013e18 (0x1e3f2623) sw      gp, 492(t5)
core   0: 3 0x80013e18 (0x1e3f2623) mem 0x80015000 0x00000001
core   0: 0x80013e1c (0xff9ff06f) j       pc - 0x8
core   0: 3 0x80013e1c (0xff9ff06f)
core   0: 0x80013e14 (0x00001f17) auipc   t5, 0x1
core   0: 3 0x80013e14 (0x00001f17) x30 0x80014e14
core   0: 0x80013e18 (0x1e3f2623) sw      gp, 492(t5)
core   0: 3 0x80013e18 (0x1e3f2623) mem 0x80015000 0x00000001
core   0: 0x80013e1c (0xff9ff06f) j       pc - 0x8
core   0: 3 0x80013e1c (0xff9ff06f)
core   0: 0x80013e14 (0x00001f17) auipc   t5, 0x1
core   0: 3 0x80013e14 (0x00001f17) x30 0x80014e14
core   0: 0x80013e18 (0x1e3f2623) sw      gp, 492(t5)
core   0: 3 0x80013e18 (0x1e3f2623) mem 0x80015000 0x00000001
core   0: 0x80013e1c (0xff9ff06f) j       pc - 0x8
core   0: 3 0x80013e1c (0xff9ff06f)
core   0: 0x80013e14 (0x00001f17) auipc   t5, 0x1
core   0: 3 0x80013e14 (0x00001f17) x30 0x80014e14
core   0: 0x80013e18 (0x1e3f2623) sw      gp, 492(t5)
core   0: 3 0x80013e18 (0x1e3f2623) mem 0x80015000 0x00000001
core   0: 0x80013e1c (0xff9ff06f) j       pc - 0x8
core   0: 3 0x80013e1c (0xff9ff06f)
core   0: 0x80013e14 (0x00001f17) auipc   t5, 0x1
core   0: 3 0x80013e14 (0x00001f17) x30 0x80014e14
core   0: 0x80013e18 (0x1e3f2623) sw      gp, 492(t5)
core   0: 3 0x80013e18 (0x1e3f2623) mem 0x80015000 0x00000001
core   0: 0x80013e1c (0xff9ff06f) j       pc - 0x8
core   0: 3 0x80013e1c (0xff9ff06f)
core   0: 0x80013e14 (0x00001f17) auipc   t5, 0x1
core   0: 3 0x80013e14 (0x00001f17) x30 0x80014e14
core   0: 0x80013e18 (0x1e3f2623) sw      gp, 492(t5)
core   0: 3 0x80013e18 (0x1e3f2623) mem 0x80015000 0x00000001
core   0: 0x80013e1c (0xff9ff06f) j       pc - 0x8
core   0: 3 0x80013e1c (0xff9ff06f)
core   0: 0x80013e14 (0x00001f17) auipc   t5, 0x1
core   0: 3 0x80013e14 (0x00001f17) x30 0x80014e14
core   0: 0x80013e18 (0x1e3f2623) sw      gp, 492(t5)
core   0: 3 0x80013e18 (0x1e3f2623) mem 0x80015000 0x00000001
core   0: 0x80013e1c (0xff9ff06f) j       pc - 0x8
core   0: 3 0x80013e1c (0xff9ff06f)
core   0: 0x80013e14 (0x00001f17) auipc   t5, 0x1
core   0: 3 0x80013e14 (0x00001f17) x30 0x80014e14
core   0: 0x80013e18 (0x1e3f2623) sw      gp, 492(t5)
core   0: 3 0x80013e18 (0x1e3f2623) mem 0x80015000 0x00000001
core   0: 0x80013e1c (0xff9ff06f) j       pc - 0x8
core   0: 3 0x80013e1c (0xff9ff06f)
core   0: 0x80013e14 (0x00001f17) auipc   t5, 0x1
core   0: 3 0x80013e14 (0x00001f17) x30 0x80014e14
core   0: 0x80013e18 (0x1e3f2623) sw      gp, 492(t5)
core   0: 3 0x80013e18 (0x1e3f2623) mem 0x80015000 0x00000001
core   0: 0x80013e1c (0xff9ff06f) j       pc - 0x8
core   0: 3 0x80013e1c (0xff9ff06f)
core   0: 0x80013e14 (0x00001f17) auipc   t5, 0x1
core   0: 3 0x80013e14 (0x00001f17) x30 0x80014e14
core   0: 0x80013e18 (0x1e3f2623) sw      gp, 492(t5)
core   0: 3 0x80013e18 (0x1e3f2623) mem 0x80015000 0x00000001
core   0: 0x80013e1c (0xff9ff06f) j       pc - 0x8
core   0: 3 0x80013e1c (0xff9ff06f)
core   0: 0x80013e14 (0x00001f17) auipc   t5, 0x1
core   0: 3 0x80013e14 (0x00001f17) x30 0x80014e14
core   0: 0x80013e18 (0x1e3f2623) sw      gp, 492(t5)
core   0: 3 0x80013e18 (0x1e3f2623) mem 0x80015000 0x00000001
core   0: 0x80013e1c (0xff9ff06f) j       pc - 0x8
core   0: 3 0x80013e1c (0xff9ff06f)
core   0: 0x80013e14 (0x00001f17) auipc   t5, 0x1
core   0: 3 0x80013e14 (0x00001f17) x30 0x80014e14
core   0: 0x80013e18 (0x1e3f2623) sw      gp, 492(t5)
core   0: 3 0x80013e18 (0x1e3f2623) mem 0x80015000 0x00000001
core   0: 0x80013e1c (0xff9ff06f) j       pc - 0x8
core   0: 3 0x80013e1c (0xff9ff06f)
core   0: 0x80013e14 (0x00001f17) auipc   t5, 0x1
core   0: 3 0x80013e14 (0x00001f17) x30 0x80014e14
core   0: 0x80013e18 (0x1e3f2623) sw      gp, 492(t5)
core   0: 3 0x80013e18 (0x1e3f2623) mem 0x80015000 0x00000001
core   0: 0x80013e1c (0xff9ff06f) j       pc - 0x8
core   0: 3 0x80013e1c (0xff9ff06f)
core   0: 0x80013e14 (0x00001f17) auipc   t5, 0x1
core   0: 3 0x80013e14 (0x00001f17) x30 0x80014e14
core   0: 0x80013e18 (0x1e3f2623) sw      gp, 492(t5)
core   0: 3 0x80013e18 (0x1e3f2623) mem 0x80015000 0x00000001
core   0: 0x80013e1c (0xff9ff06f) j       pc - 0x8
core   0: 3 0x80013e1c (0xff9ff06f)
core   0: 0x80013e14 (0x00001f17) auipc   t5, 0x1
core   0: 3 0x80013e14 (0x00001f17) x30 0x80014e14
core   0: 0x80013e18 (0x1e3f2623) sw      gp, 492(t5)
core   0: 3 0x80013e18 (0x1e3f2623) mem 0x80015000 0x00000001
core   0: 0x80013e1c (0xff9ff06f) j       pc - 0x8
core   0: 3 0x80013e1c (0xff9ff06f)
core   0: 0x80013e14 (0x00001f17) auipc   t5, 0x1
core   0: 3 0x80013e14 (0x00001f17) x30 0x80014e14
core   0: 0x80013e18 (0x1e3f2623) sw      gp, 492(t5)
core   0: 3 0x80013e18 (0x1e3f2623) mem 0x80015000 0x00000001
core   0: 0x80013e1c (0xff9ff06f) j       pc - 0x8
core   0: 3 0x80013e1c (0xff9ff06f)
core   0: 0x80013e14 (0x00001f17) auipc   t5, 0x1
core   0: 3 0x80013e14 (0x00001f17) x30 0x80014e14
core   0: 0x80013e18 (0x1e3f2623) sw      gp, 492(t5)
core   0: 3 0x80013e18 (0x1e3f2623) mem 0x80015000 0x00000001
core   0: 0x80013e1c (0xff9ff06f) j       pc - 0x8
core   0: 3 0x80013e1c (0xff9ff06f)
core   0: 0x80013e14 (0x00001f17) auipc   t5, 0x1
core   0: 3 0x80013e14 (0x00001f17) x30 0x80014e14
core   0: 0x80013e18 (0x1e3f2623) sw      gp, 492(t5)
core   0: 3 0x80013e18 (0x1e3f2623) mem 0x80015000 0x00000001
core   0: 0x80013e1c (0xff9ff06f) j       pc - 0x8
core   0: 3 0x80013e1c (0xff9ff06f)
core   0: 0x80013e14 (0x00001f17) auipc   t5, 0x1
core   0: 3 0x80013e14 (0x00001f17) x30 0x80014e14
core   0: 0x80013e18 (0x1e3f2623) sw      gp, 492(t5)
core   0: 3 0x80013e18 (0x1e3f2623) mem 0x80015000 0x00000001
core   0: 0x80013e1c (0xff9ff06f) j       pc - 0x8
core   0: 3 0x80013e1c (0xff9ff06f)
core   0: 0x80013e14 (0x00001f17) auipc   t5, 0x1
core   0: 3 0x80013e14 (0x00001f17) x30 0x80014e14
core   0: 0x80013e18 (0x1e3f2623) sw      gp, 492(t5)
core   0: 3 0x80013e18 (0x1e3f2623) mem 0x80015000 0x00000001
core   0: 0x80013e1c (0xff9ff06f) j       pc - 0x8
core   0: 3 0x80013e1c (0xff9ff06f)
core   0: 0x80013e14 (0x00001f17) auipc   t5, 0x1
core   0: 3 0x80013e14 (0x00001f17) x30 0x80014e14
core   0: 0x80013e18 (0x1e3f2623) sw      gp, 492(t5)
core   0: 3 0x80013e18 (0x1e3f2623) mem 0x80015000 0x00000001
core   0: 0x80013e1c (0xff9ff06f) j       pc - 0x8
core   0: 3 0x80013e1c (0xff9ff06f)
core   0: 0x80013e14 (0x00001f17) auipc   t5, 0x1
core   0: 3 0x80013e14 (0x00001f17) x30 0x80014e14
core   0: 0x80013e18 (0x1e3f2623) sw      gp, 492(t5)
core   0: 3 0x80013e18 (0x1e3f2623) mem 0x80015000 0x00000001
core   0: 0x80013e1c (0xff9ff06f) j       pc - 0x8
core   0: 3 0x80013e1c (0xff9ff06f)
core   0: 0x80013e14 (0x00001f17) auipc   t5, 0x1
core   0: 3 0x80013e14 (0x00001f17) x30 0x80014e14
core   0: 0x80013e18 (0x1e3f2623) sw      gp, 492(t5)
core   0: 3 0x80013e18 (0x1e3f2623) mem 0x80015000 0x00000001
core   0: 0x80013e1c (0xff9ff06f) j       pc - 0x8
core   0: 3 0x80013e1c (0xff9ff06f)
core   0: 0x80013e14 (0x00001f17) auipc   t5, 0x1
core   0: 3 0x80013e14 (0x00001f17) x30 0x80014e14
core   0: 0x80013e18 (0x1e3f2623) sw      gp, 492(t5)
core   0: 3 0x80013e18 (0x1e3f2623) mem 0x80015000 0x00000001
core   0: 0x80013e1c (0xff9ff06f) j       pc - 0x8
core   0: 3 0x80013e1c (0xff9ff06f)
core   0: 0x80013e14 (0x00001f17) auipc   t5, 0x1
core   0: 3 0x80013e14 (0x00001f17) x30 0x80014e14
core   0: 0x80013e18 (0x1e3f2623) sw      gp, 492(t5)
core   0: 3 0x80013e18 (0x1e3f2623) mem 0x80015000 0x00000001
core   0: 0x80013e1c (0xff9ff06f) j       pc - 0x8
core   0: 3 0x80013e1c (0xff9ff06f)
core   0: 0x80013e14 (0x00001f17) auipc   t5, 0x1
core   0: 3 0x80013e14 (0x00001f17) x30 0x80014e14
core   0: 0x80013e18 (0x1e3f2623) sw      gp, 492(t5)
core   0: 3 0x80013e18 (0x1e3f2623) mem 0x80015000 0x00000001
core   0: 0x80013e1c (0xff9ff06f) j       pc - 0x8
core   0: 3 0x80013e1c (0xff9ff06f)
core   0: 0x80013e14 (0x00001f17) auipc   t5, 0x1
core   0: 3 0x80013e14 (0x00001f17) x30 0x80014e14
core   0: 0x80013e18 (0x1e3f2623) sw      gp, 492(t5)
core   0: 3 0x80013e18 (0x1e3f2623) mem 0x80015000 0x00000001
core   0: 0x80013e1c (0xff9ff06f) j       pc - 0x8
core   0: 3 0x80013e1c (0xff9ff06f)
core   0: 0x80013e14 (0x00001f17) auipc   t5, 0x1
core   0: 3 0x80013e14 (0x00001f17) x30 0x80014e14
core   0: 0x80013e18 (0x1e3f2623) sw      gp, 492(t5)
core   0: 3 0x80013e18 (0x1e3f2623) mem 0x80015000 0x00000001
core   0: 0x80013e1c (0xff9ff06f) j       pc - 0x8
core   0: 3 0x80013e1c (0xff9ff06f)
core   0: 0x80013e14 (0x00001f17) auipc   t5, 0x1
core   0: 3 0x80013e14 (0x00001f17) x30 0x80014e14
core   0: 0x80013e18 (0x1e3f2623) sw      gp, 492(t5)
core   0: 3 0x80013e18 (0x1e3f2623) mem 0x80015000 0x00000001
core   0: 0x80013e1c (0xff9ff06f) j       pc - 0x8
core   0: 3 0x80013e1c (0xff9ff06f)
core   0: 0x80013e14 (0x00001f17) auipc   t5, 0x1
core   0: 3 0x80013e14 (0x00001f17) x30 0x80014e14
core   0: 0x80013e18 (0x1e3f2623) sw      gp, 492(t5)
core   0: 3 0x80013e18 (0x1e3f2623) mem 0x80015000 0x00000001
core   0: 0x80013e1c (0xff9ff06f) j       pc - 0x8
core   0: 3 0x80013e1c (0xff9ff06f)
core   0: 0x80013e14 (0x00001f17) auipc   t5, 0x1
core   0: 3 0x80013e14 (0x00001f17) x30 0x80014e14
core   0: 0x80013e18 (0x1e3f2623) sw      gp, 492(t5)
core   0: 3 0x80013e18 (0x1e3f2623) mem 0x80015000 0x00000001
core   0: 0x80013e1c (0xff9ff06f) j       pc - 0x8
core   0: 3 0x80013e1c (0xff9ff06f)
core   0: 0x80013e14 (0x00001f17) auipc   t5, 0x1
core   0: 3 0x80013e14 (0x00001f17) x30 0x80014e14
core   0: 0x80013e18 (0x1e3f2623) sw      gp, 492(t5)
core   0: 3 0x80013e18 (0x1e3f2623) mem 0x80015000 0x00000001
core   0: 0x80013e1c (0xff9ff06f) j       pc - 0x8
core   0: 3 0x80013e1c (0xff9ff06f)
core   0: 0x80013e14 (0x00001f17) auipc   t5, 0x1
core   0: 3 0x80013e14 (0x00001f17) x30 0x80014e14
core   0: 0x80013e18 (0x1e3f2623) sw      gp, 492(t5)
core   0: 3 0x80013e18 (0x1e3f2623) mem 0x80015000 0x00000001
core   0: 0x80013e1c (0xff9ff06f) j       pc - 0x8
core   0: 3 0x80013e1c (0xff9ff06f)
core   0: 0x80013e14 (0x00001f17) auipc   t5, 0x1
core   0: 3 0x80013e14 (0x00001f17) x30 0x80014e14
core   0: 0x80013e18 (0x1e3f2623) sw      gp, 492(t5)
core   0: 3 0x80013e18 (0x1e3f2623) mem 0x80015000 0x00000001
core   0: 0x80013e1c (0xff9ff06f) j       pc - 0x8
core   0: 3 0x80013e1c (0xff9ff06f)
core   0: 0x80013e14 (0x00001f17) auipc   t5, 0x1
core   0: 3 0x80013e14 (0x00001f17) x30 0x80014e14
core   0: 0x80013e18 (0x1e3f2623) sw      gp, 492(t5)
core   0: 3 0x80013e18 (0x1e3f2623) mem 0x80015000 0x00000001
core   0: 0x80013e1c (0xff9ff06f) j       pc - 0x8
core   0: 3 0x80013e1c (0xff9ff06f)
core   0: 0x80013e14 (0x00001f17) auipc   t5, 0x1
core   0: 3 0x80013e14 (0x00001f17) x30 0x80014e14
core   0: 0x80013e18 (0x1e3f2623) sw      gp, 492(t5)
core   0: 3 0x80013e18 (0x1e3f2623) mem 0x80015000 0x00000001
core   0: 0x80013e1c (0xff9ff06f) j       pc - 0x8
core   0: 3 0x80013e1c (0xff9ff06f)
core   0: 0x80013e14 (0x00001f17) auipc   t5, 0x1
core   0: 3 0x80013e14 (0x00001f17) x30 0x80014e14
core   0: 0x80013e18 (0x1e3f2623) sw      gp, 492(t5)
core   0: 3 0x80013e18 (0x1e3f2623) mem 0x80015000 0x00000001
core   0: 0x80013e1c (0xff9ff06f) j       pc - 0x8
core   0: 3 0x80013e1c (0xff9ff06f)
core   0: 0x80013e14 (0x00001f17) auipc   t5, 0x1
core   0: 3 0x80013e14 (0x00001f17) x30 0x80014e14
core   0: 0x80013e18 (0x1e3f2623) sw      gp, 492(t5)
core   0: 3 0x80013e18 (0x1e3f2623) mem 0x80015000 0x00000001
core   0: 0x80013e1c (0xff9ff06f) j       pc - 0x8
core   0: 3 0x80013e1c (0xff9ff06f)
core   0: 0x80013e14 (0x00001f17) auipc   t5, 0x1
core   0: 3 0x80013e14 (0x00001f17) x30 0x80014e14
core   0: 0x80013e18 (0x1e3f2623) sw      gp, 492(t5)
core   0: 3 0x80013e18 (0x1e3f2623) mem 0x80015000 0x00000001
core   0: 0x80013e1c (0xff9ff06f) j       pc - 0x8
core   0: 3 0x80013e1c (0xff9ff06f)
core   0: 0x80013e14 (0x00001f17) auipc   t5, 0x1
core   0: 3 0x80013e14 (0x00001f17) x30 0x80014e14
core   0: 0x80013e18 (0x1e3f2623) sw      gp, 492(t5)
core   0: 3 0x80013e18 (0x1e3f2623) mem 0x80015000 0x00000001
core   0: 0x80013e1c (0xff9ff06f) j       pc - 0x8
core   0: 3 0x80013e1c (0xff9ff06f)
core   0: 0x80013e14 (0x00001f17) auipc   t5, 0x1
core   0: 3 0x80013e14 (0x00001f17) x30 0x80014e14
core   0: 0x80013e18 (0x1e3f2623) sw      gp, 492(t5)
core   0: 3 0x80013e18 (0x1e3f2623) mem 0x80015000 0x00000001
core   0: 0x80013e1c (0xff9ff06f) j       pc - 0x8
core   0: 3 0x80013e1c (0xff9ff06f)
core   0: 0x80013e14 (0x00001f17) auipc   t5, 0x1
core   0: 3 0x80013e14 (0x00001f17) x30 0x80014e14
core   0: 0x80013e18 (0x1e3f2623) sw      gp, 492(t5)
core   0: 3 0x80013e18 (0x1e3f2623) mem 0x80015000 0x00000001
core   0: 0x80013e1c (0xff9ff06f) j       pc - 0x8
core   0: 3 0x80013e1c (0xff9ff06f)
core   0: 0x80013e14 (0x00001f17) auipc   t5, 0x1
core   0: 3 0x80013e14 (0x00001f17) x30 0x80014e14
core   0: 0x80013e18 (0x1e3f2623) sw      gp, 492(t5)
core   0: 3 0x80013e18 (0x1e3f2623) mem 0x80015000 0x00000001
core   0: 0x80013e1c (0xff9ff06f) j       pc - 0x8
core   0: 3 0x80013e1c (0xff9ff06f)
core   0: 0x80013e14 (0x00001f17) auipc   t5, 0x1
core   0: 3 0x80013e14 (0x00001f17) x30 0x80014e14
core   0: 0x80013e18 (0x1e3f2623) sw      gp, 492(t5)
core   0: 3 0x80013e18 (0x1e3f2623) mem 0x80015000 0x00000001
core   0: 0x80013e1c (0xff9ff06f) j       pc - 0x8
core   0: 3 0x80013e1c (0xff9ff06f)
core   0: 0x80013e14 (0x00001f17) auipc   t5, 0x1
core   0: 3 0x80013e14 (0x00001f17) x30 0x80014e14
core   0: 0x80013e18 (0x1e3f2623) sw      gp, 492(t5)
core   0: 3 0x80013e18 (0x1e3f2623) mem 0x80015000 0x00000001
core   0: 0x80013e1c (0xff9ff06f) j       pc - 0x8
core   0: 3 0x80013e1c (0xff9ff06f)
core   0: 0x80013e14 (0x00001f17) auipc   t5, 0x1
core   0: 3 0x80013e14 (0x00001f17) x30 0x80014e14
core   0: 0x80013e18 (0x1e3f2623) sw      gp, 492(t5)
core   0: 3 0x80013e18 (0x1e3f2623) mem 0x80015000 0x00000001
core   0: 0x80013e1c (0xff9ff06f) j       pc - 0x8
core   0: 3 0x80013e1c (0xff9ff06f)
core   0: 0x80013e14 (0x00001f17) auipc   t5, 0x1
core   0: 3 0x80013e14 (0x00001f17) x30 0x80014e14
core   0: 0x80013e18 (0x1e3f2623) sw      gp, 492(t5)
core   0: 3 0x80013e18 (0x1e3f2623) mem 0x80015000 0x00000001
core   0: 0x80013e1c (0xff9ff06f) j       pc - 0x8
core   0: 3 0x80013e1c (0xff9ff06f)
core   0: 0x80013e14 (0x00001f17) auipc   t5, 0x1
core   0: 3 0x80013e14 (0x00001f17) x30 0x80014e14
core   0: 0x80013e18 (0x1e3f2623) sw      gp, 492(t5)
core   0: 3 0x80013e18 (0x1e3f2623) mem 0x80015000 0x00000001
core   0: 0x80013e1c (0xff9ff06f) j       pc - 0x8
core   0: 3 0x80013e1c (0xff9ff06f)
core   0: 0x80013e14 (0x00001f17) auipc   t5, 0x1
core   0: 3 0x80013e14 (0x00001f17) x30 0x80014e14
core   0: 0x80013e18 (0x1e3f2623) sw      gp, 492(t5)
core   0: 3 0x80013e18 (0x1e3f2623) mem 0x80015000 0x00000001
core   0: 0x80013e1c (0xff9ff06f) j       pc - 0x8
core   0: 3 0x80013e1c (0xff9ff06f)
core   0: 0x80013e14 (0x00001f17) auipc   t5, 0x1
core   0: 3 0x80013e14 (0x00001f17) x30 0x80014e14
core   0: 0x80013e18 (0x1e3f2623) sw      gp, 492(t5)
core   0: 3 0x80013e18 (0x1e3f2623) mem 0x80015000 0x00000001
core   0: 0x80013e1c (0xff9ff06f) j       pc - 0x8
core   0: 3 0x80013e1c (0xff9ff06f)
core   0: 0x80013e14 (0x00001f17) auipc   t5, 0x1
core   0: 3 0x80013e14 (0x00001f17) x30 0x80014e14
core   0: 0x80013e18 (0x1e3f2623) sw      gp, 492(t5)
core   0: 3 0x80013e18 (0x1e3f2623) mem 0x80015000 0x00000001
core   0: 0x80013e1c (0xff9ff06f) j       pc - 0x8
core   0: 3 0x80013e1c (0xff9ff06f)
core   0: 0x80013e14 (0x00001f17) auipc   t5, 0x1
core   0: 3 0x80013e14 (0x00001f17) x30 0x80014e14
core   0: 0x80013e18 (0x1e3f2623) sw      gp, 492(t5)
core   0: 3 0x80013e18 (0x1e3f2623) mem 0x80015000 0x00000001
core   0: 0x80013e1c (0xff9ff06f) j       pc - 0x8
core   0: 3 0x80013e1c (0xff9ff06f)
core   0: 0x80013e14 (0x00001f17) auipc   t5, 0x1
core   0: 3 0x80013e14 (0x00001f17) x30 0x80014e14
core   0: 0x80013e18 (0x1e3f2623) sw      gp, 492(t5)
core   0: 3 0x80013e18 (0x1e3f2623) mem 0x80015000 0x00000001
core   0: 0x80013e1c (0xff9ff06f) j       pc - 0x8
core   0: 3 0x80013e1c (0xff9ff06f)
core   0: 0x80013e14 (0x00001f17) auipc   t5, 0x1
core   0: 3 0x80013e14 (0x00001f17) x30 0x80014e14
core   0: 0x80013e18 (0x1e3f2623) sw      gp, 492(t5)
core   0: 3 0x80013e18 (0x1e3f2623) mem 0x80015000 0x00000001
core   0: 0x80013e1c (0xff9ff06f) j       pc - 0x8
core   0: 3 0x80013e1c (0xff9ff06f)
core   0: 0x80013e14 (0x00001f17) auipc   t5, 0x1
core   0: 3 0x80013e14 (0x00001f17) x30 0x80014e14
core   0: 0x80013e18 (0x1e3f2623) sw      gp, 492(t5)
core   0: 3 0x80013e18 (0x1e3f2623) mem 0x80015000 0x00000001
core   0: 0x80013e1c (0xff9ff06f) j       pc - 0x8
core   0: 3 0x80013e1c (0xff9ff06f)
core   0: 0x80013e14 (0x00001f17) auipc   t5, 0x1
core   0: 3 0x80013e14 (0x00001f17) x30 0x80014e14
core   0: 0x80013e18 (0x1e3f2623) sw      gp, 492(t5)
core   0: 3 0x80013e18 (0x1e3f2623) mem 0x80015000 0x00000001
core   0: 0x80013e1c (0xff9ff06f) j       pc - 0x8
core   0: 3 0x80013e1c (0xff9ff06f)
core   0: 0x80013e14 (0x00001f17) auipc   t5, 0x1
core   0: 3 0x80013e14 (0x00001f17) x30 0x80014e14
core   0: 0x80013e18 (0x1e3f2623) sw      gp, 492(t5)
core   0: 3 0x80013e18 (0x1e3f2623) mem 0x80015000 0x00000001
core   0: 0x80013e1c (0xff9ff06f) j       pc - 0x8
core   0: 3 0x80013e1c (0xff9ff06f)
core   0: 0x80013e14 (0x00001f17) auipc   t5, 0x1
core   0: 3 0x80013e14 (0x00001f17) x30 0x80014e14
core   0: 0x80013e18 (0x1e3f2623) sw      gp, 492(t5)
core   0: 3 0x80013e18 (0x1e3f2623) mem 0x80015000 0x00000001
core   0: 0x80013e1c (0xff9ff06f) j       pc - 0x8
core   0: 3 0x80013e1c (0xff9ff06f)
core   0: 0x80013e14 (0x00001f17) auipc   t5, 0x1
core   0: 3 0x80013e14 (0x00001f17) x30 0x80014e14
core   0: 0x80013e18 (0x1e3f2623) sw      gp, 492(t5)
core   0: 3 0x80013e18 (0x1e3f2623) mem 0x80015000 0x00000001
core   0: 0x80013e1c (0xff9ff06f) j       pc - 0x8
core   0: 3 0x80013e1c (0xff9ff06f)
core   0: 0x80013e14 (0x00001f17) auipc   t5, 0x1
core   0: 3 0x80013e14 (0x00001f17) x30 0x80014e14
core   0: 0x80013e18 (0x1e3f2623) sw      gp, 492(t5)
core   0: 3 0x80013e18 (0x1e3f2623) mem 0x80015000 0x00000001
core   0: 0x80013e1c (0xff9ff06f) j       pc - 0x8
core   0: 3 0x80013e1c (0xff9ff06f)
core   0: 0x80013e14 (0x00001f17) auipc   t5, 0x1
core   0: 3 0x80013e14 (0x00001f17) x30 0x80014e14
core   0: 0x80013e18 (0x1e3f2623) sw      gp, 492(t5)
core   0: 3 0x80013e18 (0x1e3f2623) mem 0x80015000 0x00000001
core   0: 0x80013e1c (0xff9ff06f) j       pc - 0x8
core   0: 3 0x80013e1c (0xff9ff06f)
core   0: 0x80013e14 (0x00001f17) auipc   t5, 0x1
core   0: 3 0x80013e14 (0x00001f17) x30 0x80014e14
core   0: 0x80013e18 (0x1e3f2623) sw      gp, 492(t5)
core   0: 3 0x80013e18 (0x1e3f2623) mem 0x80015000 0x00000001
core   0: 0x80013e1c (0xff9ff06f) j       pc - 0x8
core   0: 3 0x80013e1c (0xff9ff06f)
core   0: 0x80013e14 (0x00001f17) auipc   t5, 0x1
core   0: 3 0x80013e14 (0x00001f17) x30 0x80014e14
core   0: 0x80013e18 (0x1e3f2623) sw      gp, 492(t5)
core   0: 3 0x80013e18 (0x1e3f2623) mem 0x80015000 0x00000001
core   0: 0x80013e1c (0xff9ff06f) j       pc - 0x8
core   0: 3 0x80013e1c (0xff9ff06f)
core   0: 0x80013e14 (0x00001f17) auipc   t5, 0x1
core   0: 3 0x80013e14 (0x00001f17) x30 0x80014e14
core   0: 0x80013e18 (0x1e3f2623) sw      gp, 492(t5)
core   0: 3 0x80013e18 (0x1e3f2623) mem 0x80015000 0x00000001
core   0: 0x80013e1c (0xff9ff06f) j       pc - 0x8
core   0: 3 0x80013e1c (0xff9ff06f)
core   0: 0x80013e14 (0x00001f17) auipc   t5, 0x1
core   0: 3 0x80013e14 (0x00001f17) x30 0x80014e14
core   0: 0x80013e18 (0x1e3f2623) sw      gp, 492(t5)
core   0: 3 0x80013e18 (0x1e3f2623) mem 0x80015000 0x00000001
core   0: 0x80013e1c (0xff9ff06f) j       pc - 0x8
core   0: 3 0x80013e1c (0xff9ff06f)
core   0: 0x80013e14 (0x00001f17) auipc   t5, 0x1
core   0: 3 0x80013e14 (0x00001f17) x30 0x80014e14
core   0: 0x80013e18 (0x1e3f2623) sw      gp, 492(t5)
core   0: 3 0x80013e18 (0x1e3f2623) mem 0x80015000 0x00000001
core   0: 0x80013e1c (0xff9ff06f) j       pc - 0x8
core   0: 3 0x80013e1c (0xff9ff06f)
core   0: 0x80013e14 (0x00001f17) auipc   t5, 0x1
core   0: 3 0x80013e14 (0x00001f17) x30 0x80014e14
core   0: 0x80013e18 (0x1e3f2623) sw      gp, 492(t5)
core   0: 3 0x80013e18 (0x1e3f2623) mem 0x80015000 0x00000001
core   0: 0x80013e1c (0xff9ff06f) j       pc - 0x8
core   0: 3 0x80013e1c (0xff9ff06f)
core   0: 0x80013e14 (0x00001f17) auipc   t5, 0x1
core   0: 3 0x80013e14 (0x00001f17) x30 0x80014e14
core   0: 0x80013e18 (0x1e3f2623) sw      gp, 492(t5)
core   0: 3 0x80013e18 (0x1e3f2623) mem 0x80015000 0x00000001
core   0: 0x80013e1c (0xff9ff06f) j       pc - 0x8
core   0: 3 0x80013e1c (0xff9ff06f)
core   0: 0x80013e14 (0x00001f17) auipc   t5, 0x1
core   0: 3 0x80013e14 (0x00001f17) x30 0x80014e14
core   0: 0x80013e18 (0x1e3f2623) sw      gp, 492(t5)
core   0: 3 0x80013e18 (0x1e3f2623) mem 0x80015000 0x00000001
core   0: 0x80013e1c (0xff9ff06f) j       pc - 0x8
core   0: 3 0x80013e1c (0xff9ff06f)
core   0: 0x80013e14 (0x00001f17) auipc   t5, 0x1
core   0: 3 0x80013e14 (0x00001f17) x30 0x80014e14
core   0: 0x80013e18 (0x1e3f2623) sw      gp, 492(t5)
core   0: 3 0x80013e18 (0x1e3f2623) mem 0x80015000 0x00000001
core   0: 0x80013e1c (0xff9ff06f) j       pc - 0x8
core   0: 3 0x80013e1c (0xff9ff06f)
core   0: 0x80013e14 (0x00001f17) auipc   t5, 0x1
core   0: 3 0x80013e14 (0x00001f17) x30 0x80014e14
core   0: 0x80013e18 (0x1e3f2623) sw      gp, 492(t5)
core   0: 3 0x80013e18 (0x1e3f2623) mem 0x80015000 0x00000001
core   0: 0x80013e1c (0xff9ff06f) j       pc - 0x8
core   0: 3 0x80013e1c (0xff9ff06f)
core   0: 0x80013e14 (0x00001f17) auipc   t5, 0x1
core   0: 3 0x80013e14 (0x00001f17) x30 0x80014e14
core   0: 0x80013e18 (0x1e3f2623) sw      gp, 492(t5)
core   0: 3 0x80013e18 (0x1e3f2623) mem 0x80015000 0x00000001
core   0: 0x80013e1c (0xff9ff06f) j       pc - 0x8
core   0: 3 0x80013e1c (0xff9ff06f)
core   0: 0x80013e14 (0x00001f17) auipc   t5, 0x1
core   0: 3 0x80013e14 (0x00001f17) x30 0x80014e14
core   0: 0x80013e18 (0x1e3f2623) sw      gp, 492(t5)
core   0: 3 0x80013e18 (0x1e3f2623) mem 0x80015000 0x00000001
core   0: 0x80013e1c (0xff9ff06f) j       pc - 0x8
core   0: 3 0x80013e1c (0xff9ff06f)
core   0: 0x80013e14 (0x00001f17) auipc   t5, 0x1
core   0: 3 0x80013e14 (0x00001f17) x30 0x80014e14
core   0: 0x80013e18 (0x1e3f2623) sw      gp, 492(t5)
core   0: 3 0x80013e18 (0x1e3f2623) mem 0x80015000 0x00000001
core   0: 0x80013e1c (0xff9ff06f) j       pc - 0x8
core   0: 3 0x80013e1c (0xff9ff06f)
core   0: 0x80013e14 (0x00001f17) auipc   t5, 0x1
core   0: 3 0x80013e14 (0x00001f17) x30 0x80014e14
core   0: 0x80013e18 (0x1e3f2623) sw      gp, 492(t5)
core   0: 3 0x80013e18 (0x1e3f2623) mem 0x80015000 0x00000001
core   0: 0x80013e1c (0xff9ff06f) j       pc - 0x8
core   0: 3 0x80013e1c (0xff9ff06f)
core   0: 0x80013e14 (0x00001f17) auipc   t5, 0x1
core   0: 3 0x80013e14 (0x00001f17) x30 0x80014e14
core   0: 0x80013e18 (0x1e3f2623) sw      gp, 492(t5)
core   0: 3 0x80013e18 (0x1e3f2623) mem 0x80015000 0x00000001
core   0: 0x80013e1c (0xff9ff06f) j       pc - 0x8
core   0: 3 0x80013e1c (0xff9ff06f)
core   0: 0x80013e14 (0x00001f17) auipc   t5, 0x1
core   0: 3 0x80013e14 (0x00001f17) x30 0x80014e14
core   0: 0x80013e18 (0x1e3f2623) sw      gp, 492(t5)
core   0: 3 0x80013e18 (0x1e3f2623) mem 0x80015000 0x00000001
core   0: 0x80013e1c (0xff9ff06f) j       pc - 0x8
core   0: 3 0x80013e1c (0xff9ff06f)
core   0: 0x80013e14 (0x00001f17) auipc   t5, 0x1
core   0: 3 0x80013e14 (0x00001f17) x30 0x80014e14
core   0: 0x80013e18 (0x1e3f2623) sw      gp, 492(t5)
core   0: 3 0x80013e18 (0x1e3f2623) mem 0x80015000 0x00000001
core   0: 0x80013e1c (0xff9ff06f) j       pc - 0x8
core   0: 3 0x80013e1c (0xff9ff06f)
core   0: 0x80013e14 (0x00001f17) auipc   t5, 0x1
core   0: 3 0x80013e14 (0x00001f17) x30 0x80014e14
core   0: 0x80013e18 (0x1e3f2623) sw      gp, 492(t5)
core   0: 3 0x80013e18 (0x1e3f2623) mem 0x80015000 0x00000001
core   0: 0x80013e1c (0xff9ff06f) j       pc - 0x8
core   0: 3 0x80013e1c (0xff9ff06f)
core   0: 0x80013e14 (0x00001f17) auipc   t5, 0x1
core   0: 3 0x80013e14 (0x00001f17) x30 0x80014e14
core   0: 0x80013e18 (0x1e3f2623) sw      gp, 492(t5)
core   0: 3 0x80013e18 (0x1e3f2623) mem 0x80015000 0x00000001
core   0: 0x80013e1c (0xff9ff06f) j       pc - 0x8
core   0: 3 0x80013e1c (0xff9ff06f)
core   0: 0x80013e14 (0x00001f17) auipc   t5, 0x1
core   0: 3 0x80013e14 (0x00001f17) x30 0x80014e14
core   0: 0x80013e18 (0x1e3f2623) sw      gp, 492(t5)
core   0: 3 0x80013e18 (0x1e3f2623) mem 0x80015000 0x00000001
core   0: 0x80013e1c (0xff9ff06f) j       pc - 0x8
core   0: 3 0x80013e1c (0xff9ff06f)
core   0: 0x80013e14 (0x00001f17) auipc   t5, 0x1
core   0: 3 0x80013e14 (0x00001f17) x30 0x80014e14
core   0: 0x80013e18 (0x1e3f2623) sw      gp, 492(t5)
core   0: 3 0x80013e18 (0x1e3f2623) mem 0x80015000 0x00000001
core   0: 0x80013e1c (0xff9ff06f) j       pc - 0x8
core   0: 3 0x80013e1c (0xff9ff06f)
core   0: 0x80013e14 (0x00001f17) auipc   t5, 0x1
core   0: 3 0x80013e14 (0x00001f17) x30 0x80014e14
core   0: 0x80013e18 (0x1e3f2623) sw      gp, 492(t5)
core   0: 3 0x80013e18 (0x1e3f2623) mem 0x80015000 0x00000001
core   0: 0x80013e1c (0xff9ff06f) j       pc - 0x8
core   0: 3 0x80013e1c (0xff9ff06f)
core   0: 0x80013e14 (0x00001f17) auipc   t5, 0x1
core   0: 3 0x80013e14 (0x00001f17) x30 0x80014e14
core   0: 0x80013e18 (0x1e3f2623) sw      gp, 492(t5)
core   0: 3 0x80013e18 (0x1e3f2623) mem 0x80015000 0x00000001
core   0: 0x80013e1c (0xff9ff06f) j       pc - 0x8
core   0: 3 0x80013e1c (0xff9ff06f)
core   0: 0x80013e14 (0x00001f17) auipc   t5, 0x1
core   0: 3 0x80013e14 (0x00001f17) x30 0x80014e14
core   0: 0x80013e18 (0x1e3f2623) sw      gp, 492(t5)
core   0: 3 0x80013e18 (0x1e3f2623) mem 0x80015000 0x00000001
core   0: 0x80013e1c (0xff9ff06f) j       pc - 0x8
core   0: 3 0x80013e1c (0xff9ff06f)
core   0: 0x80013e14 (0x00001f17) auipc   t5, 0x1
core   0: 3 0x80013e14 (0x00001f17) x30 0x80014e14
core   0: 0x80013e18 (0x1e3f2623) sw      gp, 492(t5)
core   0: 3 0x80013e18 (0x1e3f2623) mem 0x80015000 0x00000001
core   0: 0x80013e1c (0xff9ff06f) j       pc - 0x8
core   0: 3 0x80013e1c (0xff9ff06f)
core   0: 0x80013e14 (0x00001f17) auipc   t5, 0x1
core   0: 3 0x80013e14 (0x00001f17) x30 0x80014e14
core   0: 0x80013e18 (0x1e3f2623) sw      gp, 492(t5)
core   0: 3 0x80013e18 (0x1e3f2623) mem 0x80015000 0x00000001
core   0: 0x80013e1c (0xff9ff06f) j       pc - 0x8
core   0: 3 0x80013e1c (0xff9ff06f)
core   0: 0x80013e14 (0x00001f17) auipc   t5, 0x1
core   0: 3 0x80013e14 (0x00001f17) x30 0x80014e14
core   0: 0x80013e18 (0x1e3f2623) sw      gp, 492(t5)
core   0: 3 0x80013e18 (0x1e3f2623) mem 0x80015000 0x00000001
core   0: 0x80013e1c (0xff9ff06f) j       pc - 0x8
core   0: 3 0x80013e1c (0xff9ff06f)
core   0: 0x80013e14 (0x00001f17) auipc   t5, 0x1
core   0: 3 0x80013e14 (0x00001f17) x30 0x80014e14
core   0: 0x80013e18 (0x1e3f2623) sw      gp, 492(t5)
core   0: 3 0x80013e18 (0x1e3f2623) mem 0x80015000 0x00000001
core   0: 0x80013e1c (0xff9ff06f) j       pc - 0x8
core   0: 3 0x80013e1c (0xff9ff06f)
core   0: 0x80013e14 (0x00001f17) auipc   t5, 0x1
core   0: 3 0x80013e14 (0x00001f17) x30 0x80014e14
core   0: 0x80013e18 (0x1e3f2623) sw      gp, 492(t5)
core   0: 3 0x80013e18 (0x1e3f2623) mem 0x80015000 0x00000001
core   0: 0x80013e1c (0xff9ff06f) j       pc - 0x8
core   0: 3 0x80013e1c (0xff9ff06f)
core   0: 0x80013e14 (0x00001f17) auipc   t5, 0x1
core   0: 3 0x80013e14 (0x00001f17) x30 0x80014e14
core   0: 0x80013e18 (0x1e3f2623) sw      gp, 492(t5)
core   0: 3 0x80013e18 (0x1e3f2623) mem 0x80015000 0x00000001
core   0: 0x80013e1c (0xff9ff06f) j       pc - 0x8
core   0: 3 0x80013e1c (0xff9ff06f)
core   0: 0x80013e14 (0x00001f17) auipc   t5, 0x1
core   0: 3 0x80013e14 (0x00001f17) x30 0x80014e14
core   0: 0x80013e18 (0x1e3f2623) sw      gp, 492(t5)
core   0: 3 0x80013e18 (0x1e3f2623) mem 0x80015000 0x00000001
core   0: 0x80013e1c (0xff9ff06f) j       pc - 0x8
core   0: 3 0x80013e1c (0xff9ff06f)
core   0: 0x80013e14 (0x00001f17) auipc   t5, 0x1
core   0: 3 0x80013e14 (0x00001f17) x30 0x80014e14
core   0: 0x80013e18 (0x1e3f2623) sw      gp, 492(t5)
core   0: 3 0x80013e18 (0x1e3f2623) mem 0x80015000 0x00000001
core   0: 0x80013e1c (0xff9ff06f) j       pc - 0x8
core   0: 3 0x80013e1c (0xff9ff06f)
core   0: 0x80013e14 (0x00001f17) auipc   t5, 0x1
core   0: 3 0x80013e14 (0x00001f17) x30 0x80014e14
core   0: 0x80013e18 (0x1e3f2623) sw      gp, 492(t5)
core   0: 3 0x80013e18 (0x1e3f2623) mem 0x80015000 0x00000001
core   0: 0x80013e1c (0xff9ff06f) j       pc - 0x8
core   0: 3 0x80013e1c (0xff9ff06f)
core   0: 0x80013e14 (0x00001f17) auipc   t5, 0x1
core   0: 3 0x80013e14 (0x00001f17) x30 0x80014e14
core   0: 0x80013e18 (0x1e3f2623) sw      gp, 492(t5)
core   0: 3 0x80013e18 (0x1e3f2623) mem 0x80015000 0x00000001
core   0: 0x80013e1c (0xff9ff06f) j       pc - 0x8
core   0: 3 0x80013e1c (0xff9ff06f)
core   0: 0x80013e14 (0x00001f17) auipc   t5, 0x1
core   0: 3 0x80013e14 (0x00001f17) x30 0x80014e14
core   0: 0x80013e18 (0x1e3f2623) sw      gp, 492(t5)
core   0: 3 0x80013e18 (0x1e3f2623) mem 0x80015000 0x00000001
core   0: 0x80013e1c (0xff9ff06f) j       pc - 0x8
core   0: 3 0x80013e1c (0xff9ff06f)
core   0: 0x80013e14 (0x00001f17) auipc   t5, 0x1
core   0: 3 0x80013e14 (0x00001f17) x30 0x80014e14
core   0: 0x80013e18 (0x1e3f2623) sw      gp, 492(t5)
core   0: 3 0x80013e18 (0x1e3f2623) mem 0x80015000 0x00000001
core   0: 0x80013e1c (0xff9ff06f) j       pc - 0x8
core   0: 3 0x80013e1c (0xff9ff06f)
core   0: 0x80013e14 (0x00001f17) auipc   t5, 0x1
core   0: 3 0x80013e14 (0x00001f17) x30 0x80014e14
core   0: 0x80013e18 (0x1e3f2623) sw      gp, 492(t5)
core   0: 3 0x80013e18 (0x1e3f2623) mem 0x80015000 0x00000001
core   0: 0x80013e1c (0xff9ff06f) j       pc - 0x8
core   0: 3 0x80013e1c (0xff9ff06f)
core   0: 0x80013e14 (0x00001f17) auipc   t5, 0x1
core   0: 3 0x80013e14 (0x00001f17) x30 0x80014e14
core   0: 0x80013e18 (0x1e3f2623) sw      gp, 492(t5)
core   0: 3 0x80013e18 (0x1e3f2623) mem 0x80015000 0x00000001
core   0: 0x80013e1c (0xff9ff06f) j       pc - 0x8
core   0: 3 0x80013e1c (0xff9ff06f)
core   0: 0x80013e14 (0x00001f17) auipc   t5, 0x1
core   0: 3 0x80013e14 (0x00001f17) x30 0x80014e14
core   0: 0x80013e18 (0x1e3f2623) sw      gp, 492(t5)
core   0: 3 0x80013e18 (0x1e3f2623) mem 0x80015000 0x00000001
core   0: 0x80013e1c (0xff9ff06f) j       pc - 0x8
core   0: 3 0x80013e1c (0xff9ff06f)
core   0: 0x80013e14 (0x00001f17) auipc   t5, 0x1
core   0: 3 0x80013e14 (0x00001f17) x30 0x80014e14
core   0: 0x80013e18 (0x1e3f2623) sw      gp, 492(t5)
core   0: 3 0x80013e18 (0x1e3f2623) mem 0x80015000 0x00000001
core   0: 0x80013e1c (0xff9ff06f) j       pc - 0x8
core   0: 3 0x80013e1c (0xff9ff06f)
core   0: 0x80013e14 (0x00001f17) auipc   t5, 0x1
core   0: 3 0x80013e14 (0x00001f17) x30 0x80014e14
core   0: 0x80013e18 (0x1e3f2623) sw      gp, 492(t5)
core   0: 3 0x80013e18 (0x1e3f2623) mem 0x80015000 0x00000001
core   0: 0x80013e1c (0xff9ff06f) j       pc - 0x8
core   0: 3 0x80013e1c (0xff9ff06f)
core   0: 0x80013e14 (0x00001f17) auipc   t5, 0x1
core   0: 3 0x80013e14 (0x00001f17) x30 0x80014e14
core   0: 0x80013e18 (0x1e3f2623) sw      gp, 492(t5)
core   0: 3 0x80013e18 (0x1e3f2623) mem 0x80015000 0x00000001
core   0: 0x80013e1c (0xff9ff06f) j       pc - 0x8
core   0: 3 0x80013e1c (0xff9ff06f)
core   0: 0x80013e14 (0x00001f17) auipc   t5, 0x1
core   0: 3 0x80013e14 (0x00001f17) x30 0x80014e14
core   0: 0x80013e18 (0x1e3f2623) sw      gp, 492(t5)
core   0: 3 0x80013e18 (0x1e3f2623) mem 0x80015000 0x00000001
core   0: 0x80013e1c (0xff9ff06f) j       pc - 0x8
core   0: 3 0x80013e1c (0xff9ff06f)
core   0: 0x80013e14 (0x00001f17) auipc   t5, 0x1
core   0: 3 0x80013e14 (0x00001f17) x30 0x80014e14
core   0: 0x80013e18 (0x1e3f2623) sw      gp, 492(t5)
core   0: 3 0x80013e18 (0x1e3f2623) mem 0x80015000 0x00000001
core   0: 0x80013e1c (0xff9ff06f) j       pc - 0x8
core   0: 3 0x80013e1c (0xff9ff06f)
core   0: 0x80013e14 (0x00001f17) auipc   t5, 0x1
core   0: 3 0x80013e14 (0x00001f17) x30 0x80014e14
core   0: 0x80013e18 (0x1e3f2623) sw      gp, 492(t5)
core   0: 3 0x80013e18 (0x1e3f2623) mem 0x80015000 0x00000001
core   0: 0x80013e1c (0xff9ff06f) j       pc - 0x8
core   0: 3 0x80013e1c (0xff9ff06f)
core   0: 0x80013e14 (0x00001f17) auipc   t5, 0x1
core   0: 3 0x80013e14 (0x00001f17) x30 0x80014e14
core   0: 0x80013e18 (0x1e3f2623) sw      gp, 492(t5)
core   0: 3 0x80013e18 (0x1e3f2623) mem 0x80015000 0x00000001
core   0: 0x80013e1c (0xff9ff06f) j       pc - 0x8
core   0: 3 0x80013e1c (0xff9ff06f)
core   0: 0x80013e14 (0x00001f17) auipc   t5, 0x1
core   0: 3 0x80013e14 (0x00001f17) x30 0x80014e14
core   0: 0x80013e18 (0x1e3f2623) sw      gp, 492(t5)
core   0: 3 0x80013e18 (0x1e3f2623) mem 0x80015000 0x00000001
core   0: 0x80013e1c (0xff9ff06f) j       pc - 0x8
core   0: 3 0x80013e1c (0xff9ff06f)
core   0: 0x80013e14 (0x00001f17) auipc   t5, 0x1
core   0: 3 0x80013e14 (0x00001f17) x30 0x80014e14
core   0: 0x80013e18 (0x1e3f2623) sw      gp, 492(t5)
core   0: 3 0x80013e18 (0x1e3f2623) mem 0x80015000 0x00000001
core   0: 0x80013e1c (0xff9ff06f) j       pc - 0x8
core   0: 3 0x80013e1c (0xff9ff06f)
core   0: 0x80013e14 (0x00001f17) auipc   t5, 0x1
core   0: 3 0x80013e14 (0x00001f17) x30 0x80014e14
core   0: 0x80013e18 (0x1e3f2623) sw      gp, 492(t5)
core   0: 3 0x80013e18 (0x1e3f2623) mem 0x80015000 0x00000001
core   0: 0x80013e1c (0xff9ff06f) j       pc - 0x8
core   0: 3 0x80013e1c (0xff9ff06f)
core   0: 0x80013e14 (0x00001f17) auipc   t5, 0x1
core   0: 3 0x80013e14 (0x00001f17) x30 0x80014e14
core   0: 0x80013e18 (0x1e3f2623) sw      gp, 492(t5)
core   0: 3 0x80013e18 (0x1e3f2623) mem 0x80015000 0x00000001
core   0: 0x80013e1c (0xff9ff06f) j       pc - 0x8
core   0: 3 0x80013e1c (0xff9ff06f)
core   0: 0x80013e14 (0x00001f17) auipc   t5, 0x1
core   0: 3 0x80013e14 (0x00001f17) x30 0x80014e14
core   0: 0x80013e18 (0x1e3f2623) sw      gp, 492(t5)
core   0: 3 0x80013e18 (0x1e3f2623) mem 0x80015000 0x00000001
core   0: 0x80013e1c (0xff9ff06f) j       pc - 0x8
core   0: 3 0x80013e1c (0xff9ff06f)
core   0: 0x80013e14 (0x00001f17) auipc   t5, 0x1
core   0: 3 0x80013e14 (0x00001f17) x30 0x80014e14
core   0: 0x80013e18 (0x1e3f2623) sw      gp, 492(t5)
core   0: 3 0x80013e18 (0x1e3f2623) mem 0x80015000 0x00000001
core   0: 0x80013e1c (0xff9ff06f) j       pc - 0x8
core   0: 3 0x80013e1c (0xff9ff06f)
core   0: 0x80013e14 (0x00001f17) auipc   t5, 0x1
core   0: 3 0x80013e14 (0x00001f17) x30 0x80014e14
core   0: 0x80013e18 (0x1e3f2623) sw      gp, 492(t5)
core   0: 3 0x80013e18 (0x1e3f2623) mem 0x80015000 0x00000001
core   0: 0x80013e1c (0xff9ff06f) j       pc - 0x8
core   0: 3 0x80013e1c (0xff9ff06f)
core   0: 0x80013e14 (0x00001f17) auipc   t5, 0x1
core   0: 3 0x80013e14 (0x00001f17) x30 0x80014e14
core   0: 0x80013e18 (0x1e3f2623) sw      gp, 492(t5)
core   0: 3 0x80013e18 (0x1e3f2623) mem 0x80015000 0x00000001
core   0: 0x80013e1c (0xff9ff06f) j       pc - 0x8
core   0: 3 0x80013e1c (0xff9ff06f)
core   0: 0x80013e14 (0x00001f17) auipc   t5, 0x1
core   0: 3 0x80013e14 (0x00001f17) x30 0x80014e14
core   0: 0x80013e18 (0x1e3f2623) sw      gp, 492(t5)
core   0: 3 0x80013e18 (0x1e3f2623) mem 0x80015000 0x00000001
core   0: 0x80013e1c (0xff9ff06f) j       pc - 0x8
core   0: 3 0x80013e1c (0xff9ff06f)
core   0: 0x80013e14 (0x00001f17) auipc   t5, 0x1
core   0: 3 0x80013e14 (0x00001f17) x30 0x80014e14
core   0: 0x80013e18 (0x1e3f2623) sw      gp, 492(t5)
core   0: 3 0x80013e18 (0x1e3f2623) mem 0x80015000 0x00000001
core   0: 0x80013e1c (0xff9ff06f) j       pc - 0x8
core   0: 3 0x80013e1c (0xff9ff06f)
core   0: 0x80013e14 (0x00001f17) auipc   t5, 0x1
core   0: 3 0x80013e14 (0x00001f17) x30 0x80014e14
core   0: 0x80013e18 (0x1e3f2623) sw      gp, 492(t5)
core   0: 3 0x80013e18 (0x1e3f2623) mem 0x80015000 0x00000001
core   0: 0x80013e1c (0xff9ff06f) j       pc - 0x8
core   0: 3 0x80013e1c (0xff9ff06f)
core   0: 0x80013e14 (0x00001f17) auipc   t5, 0x1
core   0: 3 0x80013e14 (0x00001f17) x30 0x80014e14
core   0: 0x80013e18 (0x1e3f2623) sw      gp, 492(t5)
core   0: 3 0x80013e18 (0x1e3f2623) mem 0x80015000 0x00000001
core   0: 0x80013e1c (0xff9ff06f) j       pc - 0x8
core   0: 3 0x80013e1c (0xff9ff06f)
core   0: 0x80013e14 (0x00001f17) auipc   t5, 0x1
core   0: 3 0x80013e14 (0x00001f17) x30 0x80014e14
core   0: 0x80013e18 (0x1e3f2623) sw      gp, 492(t5)
core   0: 3 0x80013e18 (0x1e3f2623) mem 0x80015000 0x00000001
core   0: 0x80013e1c (0xff9ff06f) j       pc - 0x8
core   0: 3 0x80013e1c (0xff9ff06f)
core   0: 0x80013e14 (0x00001f17) auipc   t5, 0x1
core   0: 3 0x80013e14 (0x00001f17) x30 0x80014e14
core   0: 0x80013e18 (0x1e3f2623) sw      gp, 492(t5)
core   0: 3 0x80013e18 (0x1e3f2623) mem 0x80015000 0x00000001
core   0: 0x80013e1c (0xff9ff06f) j       pc - 0x8
core   0: 3 0x80013e1c (0xff9ff06f)
core   0: 0x80013e14 (0x00001f17) auipc   t5, 0x1
core   0: 3 0x80013e14 (0x00001f17) x30 0x80014e14
core   0: 0x80013e18 (0x1e3f2623) sw      gp, 492(t5)
core   0: 3 0x80013e18 (0x1e3f2623) mem 0x80015000 0x00000001
core   0: 0x80013e1c (0xff9ff06f) j       pc - 0x8
core   0: 3 0x80013e1c (0xff9ff06f)
core   0: 0x80013e14 (0x00001f17) auipc   t5, 0x1
core   0: 3 0x80013e14 (0x00001f17) x30 0x80014e14
core   0: 0x80013e18 (0x1e3f2623) sw      gp, 492(t5)
core   0: 3 0x80013e18 (0x1e3f2623) mem 0x80015000 0x00000001
core   0: 0x80013e1c (0xff9ff06f) j       pc - 0x8
core   0: 3 0x80013e1c (0xff9ff06f)
core   0: 0x80013e14 (0x00001f17) auipc   t5, 0x1
core   0: 3 0x80013e14 (0x00001f17) x30 0x80014e14
core   0: 0x80013e18 (0x1e3f2623) sw      gp, 492(t5)
core   0: 3 0x80013e18 (0x1e3f2623) mem 0x80015000 0x00000001
core   0: 0x80013e1c (0xff9ff06f) j       pc - 0x8
core   0: 3 0x80013e1c (0xff9ff06f)
core   0: 0x80013e14 (0x00001f17) auipc   t5, 0x1
core   0: 3 0x80013e14 (0x00001f17) x30 0x80014e14
core   0: 0x80013e18 (0x1e3f2623) sw      gp, 492(t5)
core   0: 3 0x80013e18 (0x1e3f2623) mem 0x80015000 0x00000001
core   0: 0x80013e1c (0xff9ff06f) j       pc - 0x8
core   0: 3 0x80013e1c (0xff9ff06f)
core   0: 0x80013e14 (0x00001f17) auipc   t5, 0x1
core   0: 3 0x80013e14 (0x00001f17) x30 0x80014e14
core   0: 0x80013e18 (0x1e3f2623) sw      gp, 492(t5)
core   0: 3 0x80013e18 (0x1e3f2623) mem 0x80015000 0x00000001
core   0: 0x80013e1c (0xff9ff06f) j       pc - 0x8
core   0: 3 0x80013e1c (0xff9ff06f)
core   0: 0x80013e14 (0x00001f17) auipc   t5, 0x1
core   0: 3 0x80013e14 (0x00001f17) x30 0x80014e14
core   0: 0x80013e18 (0x1e3f2623) sw      gp, 492(t5)
core   0: 3 0x80013e18 (0x1e3f2623) mem 0x80015000 0x00000001
core   0: 0x80013e1c (0xff9ff06f) j       pc - 0x8
core   0: 3 0x80013e1c (0xff9ff06f)
core   0: 0x80013e14 (0x00001f17) auipc   t5, 0x1
core   0: 3 0x80013e14 (0x00001f17) x30 0x80014e14
core   0: 0x80013e18 (0x1e3f2623) sw      gp, 492(t5)
core   0: 3 0x80013e18 (0x1e3f2623) mem 0x80015000 0x00000001
core   0: 0x80013e1c (0xff9ff06f) j       pc - 0x8
core   0: 3 0x80013e1c (0xff9ff06f)
core   0: 0x80013e14 (0x00001f17) auipc   t5, 0x1
core   0: 3 0x80013e14 (0x00001f17) x30 0x80014e14
core   0: 0x80013e18 (0x1e3f2623) sw      gp, 492(t5)
core   0: 3 0x80013e18 (0x1e3f2623) mem 0x80015000 0x00000001
core   0: 0x80013e1c (0xff9ff06f) j       pc - 0x8
core   0: 3 0x80013e1c (0xff9ff06f)
core   0: 0x80013e14 (0x00001f17) auipc   t5, 0x1
core   0: 3 0x80013e14 (0x00001f17) x30 0x80014e14
core   0: 0x80013e18 (0x1e3f2623) sw      gp, 492(t5)
core   0: 3 0x80013e18 (0x1e3f2623) mem 0x80015000 0x00000001
core   0: 0x80013e1c (0xff9ff06f) j       pc - 0x8
core   0: 3 0x80013e1c (0xff9ff06f)
core   0: 0x80013e14 (0x00001f17) auipc   t5, 0x1
core   0: 3 0x80013e14 (0x00001f17) x30 0x80014e14
core   0: 0x80013e18 (0x1e3f2623) sw      gp, 492(t5)
core   0: 3 0x80013e18 (0x1e3f2623) mem 0x80015000 0x00000001
core   0: 0x80013e1c (0xff9ff06f) j       pc - 0x8
core   0: 3 0x80013e1c (0xff9ff06f)
core   0: 0x80013e14 (0x00001f17) auipc   t5, 0x1
core   0: 3 0x80013e14 (0x00001f17) x30 0x80014e14
core   0: 0x80013e18 (0x1e3f2623) sw      gp, 492(t5)
core   0: 3 0x80013e18 (0x1e3f2623) mem 0x80015000 0x00000001
core   0: 0x80013e1c (0xff9ff06f) j       pc - 0x8
core   0: 3 0x80013e1c (0xff9ff06f)
core   0: 0x80013e14 (0x00001f17) auipc   t5, 0x1
core   0: 3 0x80013e14 (0x00001f17) x30 0x80014e14
core   0: 0x80013e18 (0x1e3f2623) sw      gp, 492(t5)
core   0: 3 0x80013e18 (0x1e3f2623) mem 0x80015000 0x00000001
core   0: 0x80013e1c (0xff9ff06f) j       pc - 0x8
core   0: 3 0x80013e1c (0xff9ff06f)
core   0: 0x80013e14 (0x00001f17) auipc   t5, 0x1
core   0: 3 0x80013e14 (0x00001f17) x30 0x80014e14
core   0: 0x80013e18 (0x1e3f2623) sw      gp, 492(t5)
core   0: 3 0x80013e18 (0x1e3f2623) mem 0x80015000 0x00000001
core   0: 0x80013e1c (0xff9ff06f) j       pc - 0x8
core   0: 3 0x80013e1c (0xff9ff06f)
core   0: 0x80013e14 (0x00001f17) auipc   t5, 0x1
core   0: 3 0x80013e14 (0x00001f17) x30 0x80014e14
core   0: 0x80013e18 (0x1e3f2623) sw      gp, 492(t5)
core   0: 3 0x80013e18 (0x1e3f2623) mem 0x80015000 0x00000001
core   0: 0x80013e1c (0xff9ff06f) j       pc - 0x8
core   0: 3 0x80013e1c (0xff9ff06f)
core   0: 0x80013e14 (0x00001f17) auipc   t5, 0x1
core   0: 3 0x80013e14 (0x00001f17) x30 0x80014e14
core   0: 0x80013e18 (0x1e3f2623) sw      gp, 492(t5)
core   0: 3 0x80013e18 (0x1e3f2623) mem 0x80015000 0x00000001
core   0: 0x80013e1c (0xff9ff06f) j       pc - 0x8
core   0: 3 0x80013e1c (0xff9ff06f)
core   0: 0x80013e14 (0x00001f17) auipc   t5, 0x1
core   0: 3 0x80013e14 (0x00001f17) x30 0x80014e14
core   0: 0x80013e18 (0x1e3f2623) sw      gp, 492(t5)
core   0: 3 0x80013e18 (0x1e3f2623) mem 0x80015000 0x00000001
core   0: 0x80013e1c (0xff9ff06f) j       pc - 0x8
core   0: 3 0x80013e1c (0xff9ff06f)
core   0: 0x80013e14 (0x00001f17) auipc   t5, 0x1
core   0: 3 0x80013e14 (0x00001f17) x30 0x80014e14
core   0: 0x80013e18 (0x1e3f2623) sw      gp, 492(t5)
core   0: 3 0x80013e18 (0x1e3f2623) mem 0x80015000 0x00000001
core   0: 0x80013e1c (0xff9ff06f) j       pc - 0x8
core   0: 3 0x80013e1c (0xff9ff06f)
core   0: 0x80013e14 (0x00001f17) auipc   t5, 0x1
core   0: 3 0x80013e14 (0x00001f17) x30 0x80014e14
core   0: 0x80013e18 (0x1e3f2623) sw      gp, 492(t5)
core   0: 3 0x80013e18 (0x1e3f2623) mem 0x80015000 0x00000001
core   0: 0x80013e1c (0xff9ff06f) j       pc - 0x8
core   0: 3 0x80013e1c (0xff9ff06f)
core   0: 0x80013e14 (0x00001f17) auipc   t5, 0x1
core   0: 3 0x80013e14 (0x00001f17) x30 0x80014e14
core   0: 0x80013e18 (0x1e3f2623) sw      gp, 492(t5)
core   0: 3 0x80013e18 (0x1e3f2623) mem 0x80015000 0x00000001
core   0: 0x80013e1c (0xff9ff06f) j       pc - 0x8
core   0: 3 0x80013e1c (0xff9ff06f)
core   0: 0x80013e14 (0x00001f17) auipc   t5, 0x1
core   0: 3 0x80013e14 (0x00001f17) x30 0x80014e14
core   0: 0x80013e18 (0x1e3f2623) sw      gp, 492(t5)
core   0: 3 0x80013e18 (0x1e3f2623) mem 0x80015000 0x00000001
core   0: 0x80013e1c (0xff9ff06f) j       pc - 0x8
core   0: 3 0x80013e1c (0xff9ff06f)
core   0: 0x80013e14 (0x00001f17) auipc   t5, 0x1
core   0: 3 0x80013e14 (0x00001f17) x30 0x80014e14
core   0: 0x80013e18 (0x1e3f2623) sw      gp, 492(t5)
core   0: 3 0x80013e18 (0x1e3f2623) mem 0x80015000 0x00000001
core   0: 0x80013e1c (0xff9ff06f) j       pc - 0x8
core   0: 3 0x80013e1c (0xff9ff06f)
core   0: 0x80013e14 (0x00001f17) auipc   t5, 0x1
core   0: 3 0x80013e14 (0x00001f17) x30 0x80014e14
core   0: 0x80013e18 (0x1e3f2623) sw      gp, 492(t5)
core   0: 3 0x80013e18 (0x1e3f2623) mem 0x80015000 0x00000001
core   0: 0x80013e1c (0xff9ff06f) j       pc - 0x8
core   0: 3 0x80013e1c (0xff9ff06f)
core   0: 0x80013e14 (0x00001f17) auipc   t5, 0x1
core   0: 3 0x80013e14 (0x00001f17) x30 0x80014e14
core   0: 0x80013e18 (0x1e3f2623) sw      gp, 492(t5)
core   0: 3 0x80013e18 (0x1e3f2623) mem 0x80015000 0x00000001
core   0: 0x80013e1c (0xff9ff06f) j       pc - 0x8
core   0: 3 0x80013e1c (0xff9ff06f)
core   0: 0x80013e14 (0x00001f17) auipc   t5, 0x1
core   0: 3 0x80013e14 (0x00001f17) x30 0x80014e14
core   0: 0x80013e18 (0x1e3f2623) sw      gp, 492(t5)
core   0: 3 0x80013e18 (0x1e3f2623) mem 0x80015000 0x00000001
core   0: 0x80013e1c (0xff9ff06f) j       pc - 0x8
core   0: 3 0x80013e1c (0xff9ff06f)
core   0: 0x80013e14 (0x00001f17) auipc   t5, 0x1
core   0: 3 0x80013e14 (0x00001f17) x30 0x80014e14
core   0: 0x80013e18 (0x1e3f2623) sw      gp, 492(t5)
core   0: 3 0x80013e18 (0x1e3f2623) mem 0x80015000 0x00000001
core   0: 0x80013e1c (0xff9ff06f) j       pc - 0x8
core   0: 3 0x80013e1c (0xff9ff06f)
core   0: 0x80013e14 (0x00001f17) auipc   t5, 0x1
core   0: 3 0x80013e14 (0x00001f17) x30 0x80014e14
core   0: 0x80013e18 (0x1e3f2623) sw      gp, 492(t5)
core   0: 3 0x80013e18 (0x1e3f2623) mem 0x80015000 0x00000001
core   0: 0x80013e1c (0xff9ff06f) j       pc - 0x8
core   0: 3 0x80013e1c (0xff9ff06f)
core   0: 0x80013e14 (0x00001f17) auipc   t5, 0x1
core   0: 3 0x80013e14 (0x00001f17) x30 0x80014e14
core   0: 0x80013e18 (0x1e3f2623) sw      gp, 492(t5)
core   0: 3 0x80013e18 (0x1e3f2623) mem 0x80015000 0x00000001
core   0: 0x80013e1c (0xff9ff06f) j       pc - 0x8
core   0: 3 0x80013e1c (0xff9ff06f)
core   0: 0x80013e14 (0x00001f17) auipc   t5, 0x1
core   0: 3 0x80013e14 (0x00001f17) x30 0x80014e14
core   0: 0x80013e18 (0x1e3f2623) sw      gp, 492(t5)
core   0: 3 0x80013e18 (0x1e3f2623) mem 0x80015000 0x00000001
core   0: 0x80013e1c (0xff9ff06f) j       pc - 0x8
core   0: 3 0x80013e1c (0xff9ff06f)
core   0: 0x80013e14 (0x00001f17) auipc   t5, 0x1
core   0: 3 0x80013e14 (0x00001f17) x30 0x80014e14
core   0: 0x80013e18 (0x1e3f2623) sw      gp, 492(t5)
core   0: 3 0x80013e18 (0x1e3f2623) mem 0x80015000 0x00000001
core   0: 0x80013e1c (0xff9ff06f) j       pc - 0x8
core   0: 3 0x80013e1c (0xff9ff06f)
core   0: 0x80013e14 (0x00001f17) auipc   t5, 0x1
core   0: 3 0x80013e14 (0x00001f17) x30 0x80014e14
core   0: 0x80013e18 (0x1e3f2623) sw      gp, 492(t5)
core   0: 3 0x80013e18 (0x1e3f2623) mem 0x80015000 0x00000001
core   0: 0x80013e1c (0xff9ff06f) j       pc - 0x8
core   0: 3 0x80013e1c (0xff9ff06f)
core   0: 0x80013e14 (0x00001f17) auipc   t5, 0x1
core   0: 3 0x80013e14 (0x00001f17) x30 0x80014e14
core   0: 0x80013e18 (0x1e3f2623) sw      gp, 492(t5)
core   0: 3 0x80013e18 (0x1e3f2623) mem 0x80015000 0x00000001
core   0: 0x80013e1c (0xff9ff06f) j       pc - 0x8
core   0: 3 0x80013e1c (0xff9ff06f)
core   0: 0x80013e14 (0x00001f17) auipc   t5, 0x1
core   0: 3 0x80013e14 (0x00001f17) x30 0x80014e14
core   0: 0x80013e18 (0x1e3f2623) sw      gp, 492(t5)
core   0: 3 0x80013e18 (0x1e3f2623) mem 0x80015000 0x00000001
core   0: 0x80013e1c (0xff9ff06f) j       pc - 0x8
core   0: 3 0x80013e1c (0xff9ff06f)
core   0: 0x80013e14 (0x00001f17) auipc   t5, 0x1
core   0: 3 0x80013e14 (0x00001f17) x30 0x80014e14
core   0: 0x80013e18 (0x1e3f2623) sw      gp, 492(t5)
core   0: 3 0x80013e18 (0x1e3f2623) mem 0x80015000 0x00000001
core   0: 0x80013e1c (0xff9ff06f) j       pc - 0x8
core   0: 3 0x80013e1c (0xff9ff06f)
core   0: 0x80013e14 (0x00001f17) auipc   t5, 0x1
core   0: 3 0x80013e14 (0x00001f17) x30 0x80014e14
core   0: 0x80013e18 (0x1e3f2623) sw      gp, 492(t5)
core   0: 3 0x80013e18 (0x1e3f2623) mem 0x80015000 0x00000001
core   0: 0x80013e1c (0xff9ff06f) j       pc - 0x8
core   0: 3 0x80013e1c (0xff9ff06f)
core   0: 0x80013e14 (0x00001f17) auipc   t5, 0x1
core   0: 3 0x80013e14 (0x00001f17) x30 0x80014e14
core   0: 0x80013e18 (0x1e3f2623) sw      gp, 492(t5)
core   0: 3 0x80013e18 (0x1e3f2623) mem 0x80015000 0x00000001
core   0: 0x80013e1c (0xff9ff06f) j       pc - 0x8
core   0: 3 0x80013e1c (0xff9ff06f)
core   0: 0x80013e14 (0x00001f17) auipc   t5, 0x1
core   0: 3 0x80013e14 (0x00001f17) x30 0x80014e14
core   0: 0x80013e18 (0x1e3f2623) sw      gp, 492(t5)
core   0: 3 0x80013e18 (0x1e3f2623) mem 0x80015000 0x00000001
core   0: 0x80013e1c (0xff9ff06f) j       pc - 0x8
core   0: 3 0x80013e1c (0xff9ff06f)
core   0: 0x80013e14 (0x00001f17) auipc   t5, 0x1
core   0: 3 0x80013e14 (0x00001f17) x30 0x80014e14
core   0: 0x80013e18 (0x1e3f2623) sw      gp, 492(t5)
core   0: 3 0x80013e18 (0x1e3f2623) mem 0x80015000 0x00000001
core   0: 0x80013e1c (0xff9ff06f) j       pc - 0x8
core   0: 3 0x80013e1c (0xff9ff06f)
core   0: 0x80013e14 (0x00001f17) auipc   t5, 0x1
core   0: 3 0x80013e14 (0x00001f17) x30 0x80014e14
core   0: 0x80013e18 (0x1e3f2623) sw      gp, 492(t5)
core   0: 3 0x80013e18 (0x1e3f2623) mem 0x80015000 0x00000001
core   0: 0x80013e1c (0xff9ff06f) j       pc - 0x8
core   0: 3 0x80013e1c (0xff9ff06f)
core   0: 0x80013e14 (0x00001f17) auipc   t5, 0x1
core   0: 3 0x80013e14 (0x00001f17) x30 0x80014e14
core   0: 0x80013e18 (0x1e3f2623) sw      gp, 492(t5)
core   0: 3 0x80013e18 (0x1e3f2623) mem 0x80015000 0x00000001
core   0: 0x80013e1c (0xff9ff06f) j       pc - 0x8
core   0: 3 0x80013e1c (0xff9ff06f)
core   0: 0x80013e14 (0x00001f17) auipc   t5, 0x1
core   0: 3 0x80013e14 (0x00001f17) x30 0x80014e14
core   0: 0x80013e18 (0x1e3f2623) sw      gp, 492(t5)
core   0: 3 0x80013e18 (0x1e3f2623) mem 0x80015000 0x00000001
core   0: 0x80013e1c (0xff9ff06f) j       pc - 0x8
core   0: 3 0x80013e1c (0xff9ff06f)
core   0: 0x80013e14 (0x00001f17) auipc   t5, 0x1
core   0: 3 0x80013e14 (0x00001f17) x30 0x80014e14
core   0: 0x80013e18 (0x1e3f2623) sw      gp, 492(t5)
core   0: 3 0x80013e18 (0x1e3f2623) mem 0x80015000 0x00000001
core   0: 0x80013e1c (0xff9ff06f) j       pc - 0x8
core   0: 3 0x80013e1c (0xff9ff06f)
core   0: 0x80013e14 (0x00001f17) auipc   t5, 0x1
core   0: 3 0x80013e14 (0x00001f17) x30 0x80014e14
core   0: 0x80013e18 (0x1e3f2623) sw      gp, 492(t5)
core   0: 3 0x80013e18 (0x1e3f2623) mem 0x80015000 0x00000001
core   0: 0x80013e1c (0xff9ff06f) j       pc - 0x8
core   0: 3 0x80013e1c (0xff9ff06f)
core   0: 0x80013e14 (0x00001f17) auipc   t5, 0x1
core   0: 3 0x80013e14 (0x00001f17) x30 0x80014e14
core   0: 0x80013e18 (0x1e3f2623) sw      gp, 492(t5)
core   0: 3 0x80013e18 (0x1e3f2623) mem 0x80015000 0x00000001
core   0: 0x80013e1c (0xff9ff06f) j       pc - 0x8
core   0: 3 0x80013e1c (0xff9ff06f)
core   0: 0x80013e14 (0x00001f17) auipc   t5, 0x1
core   0: 3 0x80013e14 (0x00001f17) x30 0x80014e14
core   0: 0x80013e18 (0x1e3f2623) sw      gp, 492(t5)
core   0: 3 0x80013e18 (0x1e3f2623) mem 0x80015000 0x00000001
core   0: 0x80013e1c (0xff9ff06f) j       pc - 0x8
core   0: 3 0x80013e1c (0xff9ff06f)
core   0: 0x80013e14 (0x00001f17) auipc   t5, 0x1
core   0: 3 0x80013e14 (0x00001f17) x30 0x80014e14
core   0: 0x80013e18 (0x1e3f2623) sw      gp, 492(t5)
core   0: 3 0x80013e18 (0x1e3f2623) mem 0x80015000 0x00000001
core   0: 0x80013e1c (0xff9ff06f) j       pc - 0x8
core   0: 3 0x80013e1c (0xff9ff06f)
core   0: 0x80013e14 (0x00001f17) auipc   t5, 0x1
core   0: 3 0x80013e14 (0x00001f17) x30 0x80014e14
core   0: 0x80013e18 (0x1e3f2623) sw      gp, 492(t5)
core   0: 3 0x80013e18 (0x1e3f2623) mem 0x80015000 0x00000001
core   0: 0x80013e1c (0xff9ff06f) j       pc - 0x8
core   0: 3 0x80013e1c (0xff9ff06f)
core   0: 0x80013e14 (0x00001f17) auipc   t5, 0x1
core   0: 3 0x80013e14 (0x00001f17) x30 0x80014e14
core   0: 0x80013e18 (0x1e3f2623) sw      gp, 492(t5)
core   0: 3 0x80013e18 (0x1e3f2623) mem 0x80015000 0x00000001
core   0: 0x80013e1c (0xff9ff06f) j       pc - 0x8
core   0: 3 0x80013e1c (0xff9ff06f)
core   0: 0x80013e14 (0x00001f17) auipc   t5, 0x1
core   0: 3 0x80013e14 (0x00001f17) x30 0x80014e14
core   0: 0x80013e18 (0x1e3f2623) sw      gp, 492(t5)
core   0: 3 0x80013e18 (0x1e3f2623) mem 0x80015000 0x00000001
core   0: 0x80013e1c (0xff9ff06f) j       pc - 0x8
core   0: 3 0x80013e1c (0xff9ff06f)
core   0: 0x80013e14 (0x00001f17) auipc   t5, 0x1
core   0: 3 0x80013e14 (0x00001f17) x30 0x80014e14
core   0: 0x80013e18 (0x1e3f2623) sw      gp, 492(t5)
core   0: 3 0x80013e18 (0x1e3f2623) mem 0x80015000 0x00000001
core   0: 0x80013e1c (0xff9ff06f) j       pc - 0x8
core   0: 3 0x80013e1c (0xff9ff06f)
core   0: 0x80013e14 (0x00001f17) auipc   t5, 0x1
core   0: 3 0x80013e14 (0x00001f17) x30 0x80014e14
core   0: 0x80013e18 (0x1e3f2623) sw      gp, 492(t5)
core   0: 3 0x80013e18 (0x1e3f2623) mem 0x80015000 0x00000001
core   0: 0x80013e1c (0xff9ff06f) j       pc - 0x8
core   0: 3 0x80013e1c (0xff9ff06f)
core   0: 0x80013e14 (0x00001f17) auipc   t5, 0x1
core   0: 3 0x80013e14 (0x00001f17) x30 0x80014e14
core   0: 0x80013e18 (0x1e3f2623) sw      gp, 492(t5)
core   0: 3 0x80013e18 (0x1e3f2623) mem 0x80015000 0x00000001
core   0: 0x80013e1c (0xff9ff06f) j       pc - 0x8
core   0: 3 0x80013e1c (0xff9ff06f)
core   0: 0x80013e14 (0x00001f17) auipc   t5, 0x1
core   0: 3 0x80013e14 (0x00001f17) x30 0x80014e14
core   0: 0x80013e18 (0x1e3f2623) sw      gp, 492(t5)
core   0: 3 0x80013e18 (0x1e3f2623) mem 0x80015000 0x00000001
core   0: 0x80013e1c (0xff9ff06f) j       pc - 0x8
core   0: 3 0x80013e1c (0xff9ff06f)
core   0: 0x80013e14 (0x00001f17) auipc   t5, 0x1
core   0: 3 0x80013e14 (0x00001f17) x30 0x80014e14
core   0: 0x80013e18 (0x1e3f2623) sw      gp, 492(t5)
core   0: 3 0x80013e18 (0x1e3f2623) mem 0x80015000 0x00000001
core   0: 0x80013e1c (0xff9ff06f) j       pc - 0x8
core   0: 3 0x80013e1c (0xff9ff06f)
core   0: 0x80013e14 (0x00001f17) auipc   t5, 0x1
core   0: 3 0x80013e14 (0x00001f17) x30 0x80014e14
core   0: 0x80013e18 (0x1e3f2623) sw      gp, 492(t5)
core   0: 3 0x80013e18 (0x1e3f2623) mem 0x80015000 0x00000001
core   0: 0x80013e1c (0xff9ff06f) j       pc - 0x8
core   0: 3 0x80013e1c (0xff9ff06f)
core   0: 0x80013e14 (0x00001f17) auipc   t5, 0x1
core   0: 3 0x80013e14 (0x00001f17) x30 0x80014e14
core   0: 0x80013e18 (0x1e3f2623) sw      gp, 492(t5)
core   0: 3 0x80013e18 (0x1e3f2623) mem 0x80015000 0x00000001
core   0: 0x80013e1c (0xff9ff06f) j       pc - 0x8
core   0: 3 0x80013e1c (0xff9ff06f)
core   0: 0x80013e14 (0x00001f17) auipc   t5, 0x1
core   0: 3 0x80013e14 (0x00001f17) x30 0x80014e14
core   0: 0x80013e18 (0x1e3f2623) sw      gp, 492(t5)
core   0: 3 0x80013e18 (0x1e3f2623) mem 0x80015000 0x00000001
core   0: 0x80013e1c (0xff9ff06f) j       pc - 0x8
core   0: 3 0x80013e1c (0xff9ff06f)
core   0: 0x80013e14 (0x00001f17) auipc   t5, 0x1
core   0: 3 0x80013e14 (0x00001f17) x30 0x80014e14
core   0: 0x80013e18 (0x1e3f2623) sw      gp, 492(t5)
core   0: 3 0x80013e18 (0x1e3f2623) mem 0x80015000 0x00000001
core   0: 0x80013e1c (0xff9ff06f) j       pc - 0x8
core   0: 3 0x80013e1c (0xff9ff06f)
core   0: 0x80013e14 (0x00001f17) auipc   t5, 0x1
core   0: 3 0x80013e14 (0x00001f17) x30 0x80014e14
core   0: 0x80013e18 (0x1e3f2623) sw      gp, 492(t5)
core   0: 3 0x80013e18 (0x1e3f2623) mem 0x80015000 0x00000001
core   0: 0x80013e1c (0xff9ff06f) j       pc - 0x8
core   0: 3 0x80013e1c (0xff9ff06f)
core   0: 0x80013e14 (0x00001f17) auipc   t5, 0x1
core   0: 3 0x80013e14 (0x00001f17) x30 0x80014e14
core   0: 0x80013e18 (0x1e3f2623) sw      gp, 492(t5)
core   0: 3 0x80013e18 (0x1e3f2623) mem 0x80015000 0x00000001
core   0: 0x80013e1c (0xff9ff06f) j       pc - 0x8
core   0: 3 0x80013e1c (0xff9ff06f)
core   0: 0x80013e14 (0x00001f17) auipc   t5, 0x1
core   0: 3 0x80013e14 (0x00001f17) x30 0x80014e14
core   0: 0x80013e18 (0x1e3f2623) sw      gp, 492(t5)
core   0: 3 0x80013e18 (0x1e3f2623) mem 0x80015000 0x00000001
core   0: 0x80013e1c (0xff9ff06f) j       pc - 0x8
core   0: 3 0x80013e1c (0xff9ff06f)
core   0: 0x80013e14 (0x00001f17) auipc   t5, 0x1
core   0: 3 0x80013e14 (0x00001f17) x30 0x80014e14
core   0: 0x80013e18 (0x1e3f2623) sw      gp, 492(t5)
core   0: 3 0x80013e18 (0x1e3f2623) mem 0x80015000 0x00000001
core   0: 0x80013e1c (0xff9ff06f) j       pc - 0x8
core   0: 3 0x80013e1c (0xff9ff06f)
core   0: 0x80013e14 (0x00001f17) auipc   t5, 0x1
core   0: 3 0x80013e14 (0x00001f17) x30 0x80014e14
core   0: 0x80013e18 (0x1e3f2623) sw      gp, 492(t5)
core   0: 3 0x80013e18 (0x1e3f2623) mem 0x80015000 0x00000001
core   0: 0x80013e1c (0xff9ff06f) j       pc - 0x8
core   0: 3 0x80013e1c (0xff9ff06f)
core   0: 0x80013e14 (0x00001f17) auipc   t5, 0x1
core   0: 3 0x80013e14 (0x00001f17) x30 0x80014e14
core   0: 0x80013e18 (0x1e3f2623) sw      gp, 492(t5)
core   0: 3 0x80013e18 (0x1e3f2623) mem 0x80015000 0x00000001
core   0: 0x80013e1c (0xff9ff06f) j       pc - 0x8
core   0: 3 0x80013e1c (0xff9ff06f)
core   0: 0x80013e14 (0x00001f17) auipc   t5, 0x1
core   0: 3 0x80013e14 (0x00001f17) x30 0x80014e14
core   0: 0x80013e18 (0x1e3f2623) sw      gp, 492(t5)
core   0: 3 0x80013e18 (0x1e3f2623) mem 0x80015000 0x00000001
core   0: 0x80013e1c (0xff9ff06f) j       pc - 0x8
core   0: 3 0x80013e1c (0xff9ff06f)
core   0: 0x80013e14 (0x00001f17) auipc   t5, 0x1
core   0: 3 0x80013e14 (0x00001f17) x30 0x80014e14
core   0: 0x80013e18 (0x1e3f2623) sw      gp, 492(t5)
core   0: 3 0x80013e18 (0x1e3f2623) mem 0x80015000 0x00000001
core   0: 0x80013e1c (0xff9ff06f) j       pc - 0x8
core   0: 3 0x80013e1c (0xff9ff06f)
core   0: 0x80013e14 (0x00001f17) auipc   t5, 0x1
core   0: 3 0x80013e14 (0x00001f17) x30 0x80014e14
core   0: 0x80013e18 (0x1e3f2623) sw      gp, 492(t5)
core   0: 3 0x80013e18 (0x1e3f2623) mem 0x80015000 0x00000001
core   0: 0x80013e1c (0xff9ff06f) j       pc - 0x8
core   0: 3 0x80013e1c (0xff9ff06f)
core   0: 0x80013e14 (0x00001f17) auipc   t5, 0x1
core   0: 3 0x80013e14 (0x00001f17) x30 0x80014e14
core   0: 0x80013e18 (0x1e3f2623) sw      gp, 492(t5)
core   0: 3 0x80013e18 (0x1e3f2623) mem 0x80015000 0x00000001
core   0: 0x80013e1c (0xff9ff06f) j       pc - 0x8
core   0: 3 0x80013e1c (0xff9ff06f)
core   0: 0x80013e14 (0x00001f17) auipc   t5, 0x1
core   0: 3 0x80013e14 (0x00001f17) x30 0x80014e14
core   0: 0x80013e18 (0x1e3f2623) sw      gp, 492(t5)
core   0: 3 0x80013e18 (0x1e3f2623) mem 0x80015000 0x00000001
core   0: 0x80013e1c (0xff9ff06f) j       pc - 0x8
core   0: 3 0x80013e1c (0xff9ff06f)
core   0: 0x80013e14 (0x00001f17) auipc   t5, 0x1
core   0: 3 0x80013e14 (0x00001f17) x30 0x80014e14
core   0: 0x80013e18 (0x1e3f2623) sw      gp, 492(t5)
core   0: 3 0x80013e18 (0x1e3f2623) mem 0x80015000 0x00000001
core   0: 0x80013e1c (0xff9ff06f) j       pc - 0x8
core   0: 3 0x80013e1c (0xff9ff06f)
core   0: 0x80013e14 (0x00001f17) auipc   t5, 0x1
core   0: 3 0x80013e14 (0x00001f17) x30 0x80014e14
core   0: 0x80013e18 (0x1e3f2623) sw      gp, 492(t5)
core   0: 3 0x80013e18 (0x1e3f2623) mem 0x80015000 0x00000001
core   0: 0x80013e1c (0xff9ff06f) j       pc - 0x8
core   0: 3 0x80013e1c (0xff9ff06f)
core   0: 0x80013e14 (0x00001f17) auipc   t5, 0x1
core   0: 3 0x80013e14 (0x00001f17) x30 0x80014e14
core   0: 0x80013e18 (0x1e3f2623) sw      gp, 492(t5)
core   0: 3 0x80013e18 (0x1e3f2623) mem 0x80015000 0x00000001
core   0: 0x80013e1c (0xff9ff06f) j       pc - 0x8
core   0: 3 0x80013e1c (0xff9ff06f)
core   0: 0x80013e14 (0x00001f17) auipc   t5, 0x1
core   0: 3 0x80013e14 (0x00001f17) x30 0x80014e14
core   0: 0x80013e18 (0x1e3f2623) sw      gp, 492(t5)
core   0: 3 0x80013e18 (0x1e3f2623) mem 0x80015000 0x00000001
core   0: 0x80013e1c (0xff9ff06f) j       pc - 0x8
core   0: 3 0x80013e1c (0xff9ff06f)
core   0: 0x80013e14 (0x00001f17) auipc   t5, 0x1
core   0: 3 0x80013e14 (0x00001f17) x30 0x80014e14
core   0: 0x80013e18 (0x1e3f2623) sw      gp, 492(t5)
core   0: 3 0x80013e18 (0x1e3f2623) mem 0x80015000 0x00000001
core   0: 0x80013e1c (0xff9ff06f) j       pc - 0x8
core   0: 3 0x80013e1c (0xff9ff06f)
core   0: 0x80013e14 (0x00001f17) auipc   t5, 0x1
core   0: 3 0x80013e14 (0x00001f17) x30 0x80014e14
core   0: 0x80013e18 (0x1e3f2623) sw      gp, 492(t5)
core   0: 3 0x80013e18 (0x1e3f2623) mem 0x80015000 0x00000001
core   0: 0x80013e1c (0xff9ff06f) j       pc - 0x8
core   0: 3 0x80013e1c (0xff9ff06f)
core   0: 0x80013e14 (0x00001f17) auipc   t5, 0x1
core   0: 3 0x80013e14 (0x00001f17) x30 0x80014e14
core   0: 0x80013e18 (0x1e3f2623) sw      gp, 492(t5)
core   0: 3 0x80013e18 (0x1e3f2623) mem 0x80015000 0x00000001
core   0: 0x80013e1c (0xff9ff06f) j       pc - 0x8
core   0: 3 0x80013e1c (0xff9ff06f)
core   0: 0x80013e14 (0x00001f17) auipc   t5, 0x1
core   0: 3 0x80013e14 (0x00001f17) x30 0x80014e14
core   0: 0x80013e18 (0x1e3f2623) sw      gp, 492(t5)
core   0: 3 0x80013e18 (0x1e3f2623) mem 0x80015000 0x00000001
core   0: 0x80013e1c (0xff9ff06f) j       pc - 0x8
core   0: 3 0x80013e1c (0xff9ff06f)
core   0: 0x80013e14 (0x00001f17) auipc   t5, 0x1
core   0: 3 0x80013e14 (0x00001f17) x30 0x80014e14
core   0: 0x80013e18 (0x1e3f2623) sw      gp, 492(t5)
core   0: 3 0x80013e18 (0x1e3f2623) mem 0x80015000 0x00000001
core   0: 0x80013e1c (0xff9ff06f) j       pc - 0x8
core   0: 3 0x80013e1c (0xff9ff06f)
core   0: 0x80013e14 (0x00001f17) auipc   t5, 0x1
core   0: 3 0x80013e14 (0x00001f17) x30 0x80014e14
core   0: 0x80013e18 (0x1e3f2623) sw      gp, 492(t5)
core   0: 3 0x80013e18 (0x1e3f2623) mem 0x80015000 0x00000001
core   0: 0x80013e1c (0xff9ff06f) j       pc - 0x8
core   0: 3 0x80013e1c (0xff9ff06f)
core   0: 0x80013e14 (0x00001f17) auipc   t5, 0x1
core   0: 3 0x80013e14 (0x00001f17) x30 0x80014e14
core   0: 0x80013e18 (0x1e3f2623) sw      gp, 492(t5)
core   0: 3 0x80013e18 (0x1e3f2623) mem 0x80015000 0x00000001
core   0: 0x80013e1c (0xff9ff06f) j       pc - 0x8
core   0: 3 0x80013e1c (0xff9ff06f)
core   0: 0x80013e14 (0x00001f17) auipc   t5, 0x1
core   0: 3 0x80013e14 (0x00001f17) x30 0x80014e14
core   0: 0x80013e18 (0x1e3f2623) sw      gp, 492(t5)
core   0: 3 0x80013e18 (0x1e3f2623) mem 0x80015000 0x00000001
core   0: 0x80013e1c (0xff9ff06f) j       pc - 0x8
core   0: 3 0x80013e1c (0xff9ff06f)
core   0: 0x80013e14 (0x00001f17) auipc   t5, 0x1
core   0: 3 0x80013e14 (0x00001f17) x30 0x80014e14
core   0: 0x80013e18 (0x1e3f2623) sw      gp, 492(t5)
core   0: 3 0x80013e18 (0x1e3f2623) mem 0x80015000 0x00000001
core   0: 0x80013e1c (0xff9ff06f) j       pc - 0x8
core   0: 3 0x80013e1c (0xff9ff06f)
core   0: 0x80013e14 (0x00001f17) auipc   t5, 0x1
core   0: 3 0x80013e14 (0x00001f17) x30 0x80014e14
core   0: 0x80013e18 (0x1e3f2623) sw      gp, 492(t5)
core   0: 3 0x80013e18 (0x1e3f2623) mem 0x80015000 0x00000001
core   0: 0x80013e1c (0xff9ff06f) j       pc - 0x8
core   0: 3 0x80013e1c (0xff9ff06f)
core   0: 0x80013e14 (0x00001f17) auipc   t5, 0x1
core   0: 3 0x80013e14 (0x00001f17) x30 0x80014e14
core   0: 0x80013e18 (0x1e3f2623) sw      gp, 492(t5)
core   0: 3 0x80013e18 (0x1e3f2623) mem 0x80015000 0x00000001
core   0: 0x80013e1c (0xff9ff06f) j       pc - 0x8
core   0: 3 0x80013e1c (0xff9ff06f)
core   0: 0x80013e14 (0x00001f17) auipc   t5, 0x1
core   0: 3 0x80013e14 (0x00001f17) x30 0x80014e14
core   0: 0x80013e18 (0x1e3f2623) sw      gp, 492(t5)
core   0: 3 0x80013e18 (0x1e3f2623) mem 0x80015000 0x00000001
core   0: 0x80013e1c (0xff9ff06f) j       pc - 0x8
core   0: 3 0x80013e1c (0xff9ff06f)
core   0: 0x80013e14 (0x00001f17) auipc   t5, 0x1
core   0: 3 0x80013e14 (0x00001f17) x30 0x80014e14
core   0: 0x80013e18 (0x1e3f2623) sw      gp, 492(t5)
core   0: 3 0x80013e18 (0x1e3f2623) mem 0x80015000 0x00000001
core   0: 0x80013e1c (0xff9ff06f) j       pc - 0x8
core   0: 3 0x80013e1c (0xff9ff06f)
core   0: 0x80013e14 (0x00001f17) auipc   t5, 0x1
core   0: 3 0x80013e14 (0x00001f17) x30 0x80014e14
core   0: 0x80013e18 (0x1e3f2623) sw      gp, 492(t5)
core   0: 3 0x80013e18 (0x1e3f2623) mem 0x80015000 0x00000001
core   0: 0x80013e1c (0xff9ff06f) j       pc - 0x8
core   0: 3 0x80013e1c (0xff9ff06f)
core   0: 0x80013e14 (0x00001f17) auipc   t5, 0x1
core   0: 3 0x80013e14 (0x00001f17) x30 0x80014e14
core   0: 0x80013e18 (0x1e3f2623) sw      gp, 492(t5)
core   0: 3 0x80013e18 (0x1e3f2623) mem 0x80015000 0x00000001
core   0: 0x80013e1c (0xff9ff06f) j       pc - 0x8
core   0: 3 0x80013e1c (0xff9ff06f)
core   0: 0x80013e14 (0x00001f17) auipc   t5, 0x1
core   0: 3 0x80013e14 (0x00001f17) x30 0x80014e14
core   0: 0x80013e18 (0x1e3f2623) sw      gp, 492(t5)
core   0: 3 0x80013e18 (0x1e3f2623) mem 0x80015000 0x00000001
core   0: 0x80013e1c (0xff9ff06f) j       pc - 0x8
core   0: 3 0x80013e1c (0xff9ff06f)
core   0: 0x80013e14 (0x00001f17) auipc   t5, 0x1
core   0: 3 0x80013e14 (0x00001f17) x30 0x80014e14
core   0: 0x80013e18 (0x1e3f2623) sw      gp, 492(t5)
core   0: 3 0x80013e18 (0x1e3f2623) mem 0x80015000 0x00000001
core   0: 0x80013e1c (0xff9ff06f) j       pc - 0x8
core   0: 3 0x80013e1c (0xff9ff06f)
core   0: 0x80013e14 (0x00001f17) auipc   t5, 0x1
core   0: 3 0x80013e14 (0x00001f17) x30 0x80014e14
core   0: 0x80013e18 (0x1e3f2623) sw      gp, 492(t5)
core   0: 3 0x80013e18 (0x1e3f2623) mem 0x80015000 0x00000001
core   0: 0x80013e1c (0xff9ff06f) j       pc - 0x8
core   0: 3 0x80013e1c (0xff9ff06f)
core   0: 0x80013e14 (0x00001f17) auipc   t5, 0x1
core   0: 3 0x80013e14 (0x00001f17) x30 0x80014e14
core   0: 0x80013e18 (0x1e3f2623) sw      gp, 492(t5)
core   0: 3 0x80013e18 (0x1e3f2623) mem 0x80015000 0x00000001
core   0: 0x80013e1c (0xff9ff06f) j       pc - 0x8
core   0: 3 0x80013e1c (0xff9ff06f)
core   0: 0x80013e14 (0x00001f17) auipc   t5, 0x1
core   0: 3 0x80013e14 (0x00001f17) x30 0x80014e14
core   0: 0x80013e18 (0x1e3f2623) sw      gp, 492(t5)
core   0: 3 0x80013e18 (0x1e3f2623) mem 0x80015000 0x00000001
core   0: 0x80013e1c (0xff9ff06f) j       pc - 0x8
core   0: 3 0x80013e1c (0xff9ff06f)
core   0: 0x80013e14 (0x00001f17) auipc   t5, 0x1
core   0: 3 0x80013e14 (0x00001f17) x30 0x80014e14
core   0: 0x80013e18 (0x1e3f2623) sw      gp, 492(t5)
core   0: 3 0x80013e18 (0x1e3f2623) mem 0x80015000 0x00000001
core   0: 0x80013e1c (0xff9ff06f) j       pc - 0x8
core   0: 3 0x80013e1c (0xff9ff06f)
core   0: 0x80013e14 (0x00001f17) auipc   t5, 0x1
core   0: 3 0x80013e14 (0x00001f17) x30 0x80014e14
core   0: 0x80013e18 (0x1e3f2623) sw      gp, 492(t5)
core   0: 3 0x80013e18 (0x1e3f2623) mem 0x80015000 0x00000001
core   0: 0x80013e1c (0xff9ff06f) j       pc - 0x8
core   0: 3 0x80013e1c (0xff9ff06f)
core   0: 0x80013e14 (0x00001f17) auipc   t5, 0x1
core   0: 3 0x80013e14 (0x00001f17) x30 0x80014e14
core   0: 0x80013e18 (0x1e3f2623) sw      gp, 492(t5)
core   0: 3 0x80013e18 (0x1e3f2623) mem 0x80015000 0x00000001
core   0: 0x80013e1c (0xff9ff06f) j       pc - 0x8
core   0: 3 0x80013e1c (0xff9ff06f)
core   0: 0x80013e14 (0x00001f17) auipc   t5, 0x1
core   0: 3 0x80013e14 (0x00001f17) x30 0x80014e14
core   0: 0x80013e18 (0x1e3f2623) sw      gp, 492(t5)
core   0: 3 0x80013e18 (0x1e3f2623) mem 0x80015000 0x00000001
core   0: 0x80013e1c (0xff9ff06f) j       pc - 0x8
core   0: 3 0x80013e1c (0xff9ff06f)
core   0: 0x80013e14 (0x00001f17) auipc   t5, 0x1
core   0: 3 0x80013e14 (0x00001f17) x30 0x80014e14
core   0: 0x80013e18 (0x1e3f2623) sw      gp, 492(t5)
core   0: 3 0x80013e18 (0x1e3f2623) mem 0x80015000 0x00000001
core   0: 0x80013e1c (0xff9ff06f) j       pc - 0x8
core   0: 3 0x80013e1c (0xff9ff06f)
core   0: 0x80013e14 (0x00001f17) auipc   t5, 0x1
core   0: 3 0x80013e14 (0x00001f17) x30 0x80014e14
core   0: 0x80013e18 (0x1e3f2623) sw      gp, 492(t5)
core   0: 3 0x80013e18 (0x1e3f2623) mem 0x80015000 0x00000001
core   0: 0x80013e1c (0xff9ff06f) j       pc - 0x8
core   0: 3 0x80013e1c (0xff9ff06f)
core   0: 0x80013e14 (0x00001f17) auipc   t5, 0x1
core   0: 3 0x80013e14 (0x00001f17) x30 0x80014e14
core   0: 0x80013e18 (0x1e3f2623) sw      gp, 492(t5)
core   0: 3 0x80013e18 (0x1e3f2623) mem 0x80015000 0x00000001
core   0: 0x80013e1c (0xff9ff06f) j       pc - 0x8
core   0: 3 0x80013e1c (0xff9ff06f)
core   0: 0x80013e14 (0x00001f17) auipc   t5, 0x1
core   0: 3 0x80013e14 (0x00001f17) x30 0x80014e14
core   0: 0x80013e18 (0x1e3f2623) sw      gp, 492(t5)
core   0: 3 0x80013e18 (0x1e3f2623) mem 0x80015000 0x00000001
core   0: 0x80013e1c (0xff9ff06f) j       pc - 0x8
core   0: 3 0x80013e1c (0xff9ff06f)
core   0: 0x80013e14 (0x00001f17) auipc   t5, 0x1
core   0: 3 0x80013e14 (0x00001f17) x30 0x80014e14
core   0: 0x80013e18 (0x1e3f2623) sw      gp, 492(t5)
core   0: 3 0x80013e18 (0x1e3f2623) mem 0x80015000 0x00000001
core   0: 0x80013e1c (0xff9ff06f) j       pc - 0x8
core   0: 3 0x80013e1c (0xff9ff06f)
core   0: 0x80013e14 (0x00001f17) auipc   t5, 0x1
core   0: 3 0x80013e14 (0x00001f17) x30 0x80014e14
core   0: 0x80013e18 (0x1e3f2623) sw      gp, 492(t5)
core   0: 3 0x80013e18 (0x1e3f2623) mem 0x80015000 0x00000001
core   0: 0x80013e1c (0xff9ff06f) j       pc - 0x8
core   0: 3 0x80013e1c (0xff9ff06f)
core   0: 0x80013e14 (0x00001f17) auipc   t5, 0x1
core   0: 3 0x80013e14 (0x00001f17) x30 0x80014e14
core   0: 0x80013e18 (0x1e3f2623) sw      gp, 492(t5)
core   0: 3 0x80013e18 (0x1e3f2623) mem 0x80015000 0x00000001
core   0: 0x80013e1c (0xff9ff06f) j       pc - 0x8
core   0: 3 0x80013e1c (0xff9ff06f)
core   0: 0x80013e14 (0x00001f17) auipc   t5, 0x1
core   0: 3 0x80013e14 (0x00001f17) x30 0x80014e14
core   0: 0x80013e18 (0x1e3f2623) sw      gp, 492(t5)
core   0: 3 0x80013e18 (0x1e3f2623) mem 0x80015000 0x00000001
core   0: 0x80013e1c (0xff9ff06f) j       pc - 0x8
core   0: 3 0x80013e1c (0xff9ff06f)
core   0: 0x80013e14 (0x00001f17) auipc   t5, 0x1
core   0: 3 0x80013e14 (0x00001f17) x30 0x80014e14
core   0: 0x80013e18 (0x1e3f2623) sw      gp, 492(t5)
core   0: 3 0x80013e18 (0x1e3f2623) mem 0x80015000 0x00000001
core   0: 0x80013e1c (0xff9ff06f) j       pc - 0x8
core   0: 3 0x80013e1c (0xff9ff06f)
core   0: 0x80013e14 (0x00001f17) auipc   t5, 0x1
core   0: 3 0x80013e14 (0x00001f17) x30 0x80014e14
core   0: 0x80013e18 (0x1e3f2623) sw      gp, 492(t5)
core   0: 3 0x80013e18 (0x1e3f2623) mem 0x80015000 0x00000001
core   0: 0x80013e1c (0xff9ff06f) j       pc - 0x8
core   0: 3 0x80013e1c (0xff9ff06f)
core   0: 0x80013e14 (0x00001f17) auipc   t5, 0x1
core   0: 3 0x80013e14 (0x00001f17) x30 0x80014e14
core   0: 0x80013e18 (0x1e3f2623) sw      gp, 492(t5)
core   0: 3 0x80013e18 (0x1e3f2623) mem 0x80015000 0x00000001
core   0: 0x80013e1c (0xff9ff06f) j       pc - 0x8
core   0: 3 0x80013e1c (0xff9ff06f)
core   0: 0x80013e14 (0x00001f17) auipc   t5, 0x1
core   0: 3 0x80013e14 (0x00001f17) x30 0x80014e14
core   0: 0x80013e18 (0x1e3f2623) sw      gp, 492(t5)
core   0: 3 0x80013e18 (0x1e3f2623) mem 0x80015000 0x00000001
core   0: 0x80013e1c (0xff9ff06f) j       pc - 0x8
core   0: 3 0x80013e1c (0xff9ff06f)
core   0: 0x80013e14 (0x00001f17) auipc   t5, 0x1
core   0: 3 0x80013e14 (0x00001f17) x30 0x80014e14
core   0: 0x80013e18 (0x1e3f2623) sw      gp, 492(t5)
core   0: 3 0x80013e18 (0x1e3f2623) mem 0x80015000 0x00000001
core   0: 0x80013e1c (0xff9ff06f) j       pc - 0x8
core   0: 3 0x80013e1c (0xff9ff06f)
core   0: 0x80013e14 (0x00001f17) auipc   t5, 0x1
core   0: 3 0x80013e14 (0x00001f17) x30 0x80014e14
core   0: 0x80013e18 (0x1e3f2623) sw      gp, 492(t5)
core   0: 3 0x80013e18 (0x1e3f2623) mem 0x80015000 0x00000001
core   0: 0x80013e1c (0xff9ff06f) j       pc - 0x8
core   0: 3 0x80013e1c (0xff9ff06f)
core   0: 0x80013e14 (0x00001f17) auipc   t5, 0x1
core   0: 3 0x80013e14 (0x00001f17) x30 0x80014e14
core   0: 0x80013e18 (0x1e3f2623) sw      gp, 492(t5)
core   0: 3 0x80013e18 (0x1e3f2623) mem 0x80015000 0x00000001
core   0: 0x80013e1c (0xff9ff06f) j       pc - 0x8
core   0: 3 0x80013e1c (0xff9ff06f)
core   0: 0x80013e14 (0x00001f17) auipc   t5, 0x1
core   0: 3 0x80013e14 (0x00001f17) x30 0x80014e14
core   0: 0x80013e18 (0x1e3f2623) sw      gp, 492(t5)
core   0: 3 0x80013e18 (0x1e3f2623) mem 0x80015000 0x00000001
core   0: 0x80013e1c (0xff9ff06f) j       pc - 0x8
core   0: 3 0x80013e1c (0xff9ff06f)
core   0: 0x80013e14 (0x00001f17) auipc   t5, 0x1
core   0: 3 0x80013e14 (0x00001f17) x30 0x80014e14
core   0: 0x80013e18 (0x1e3f2623) sw      gp, 492(t5)
core   0: 3 0x80013e18 (0x1e3f2623) mem 0x80015000 0x00000001
core   0: 0x80013e1c (0xff9ff06f) j       pc - 0x8
core   0: 3 0x80013e1c (0xff9ff06f)
core   0: 0x80013e14 (0x00001f17) auipc   t5, 0x1
core   0: 3 0x80013e14 (0x00001f17) x30 0x80014e14
core   0: 0x80013e18 (0x1e3f2623) sw      gp, 492(t5)
core   0: 3 0x80013e18 (0x1e3f2623) mem 0x80015000 0x00000001
core   0: 0x80013e1c (0xff9ff06f) j       pc - 0x8
core   0: 3 0x80013e1c (0xff9ff06f)
core   0: 0x80013e14 (0x00001f17) auipc   t5, 0x1
core   0: 3 0x80013e14 (0x00001f17) x30 0x80014e14
core   0: 0x80013e18 (0x1e3f2623) sw      gp, 492(t5)
core   0: 3 0x80013e18 (0x1e3f2623) mem 0x80015000 0x00000001
core   0: 0x80013e1c (0xff9ff06f) j       pc - 0x8
core   0: 3 0x80013e1c (0xff9ff06f)
core   0: 0x80013e14 (0x00001f17) auipc   t5, 0x1
core   0: 3 0x80013e14 (0x00001f17) x30 0x80014e14
core   0: 0x80013e18 (0x1e3f2623) sw      gp, 492(t5)
core   0: 3 0x80013e18 (0x1e3f2623) mem 0x80015000 0x00000001
core   0: 0x80013e1c (0xff9ff06f) j       pc - 0x8
core   0: 3 0x80013e1c (0xff9ff06f)
core   0: 0x80013e14 (0x00001f17) auipc   t5, 0x1
core   0: 3 0x80013e14 (0x00001f17) x30 0x80014e14
core   0: 0x80013e18 (0x1e3f2623) sw      gp, 492(t5)
core   0: 3 0x80013e18 (0x1e3f2623) mem 0x80015000 0x00000001
core   0: 0x80013e1c (0xff9ff06f) j       pc - 0x8
core   0: 3 0x80013e1c (0xff9ff06f)
core   0: 0x80013e14 (0x00001f17) auipc   t5, 0x1
core   0: 3 0x80013e14 (0x00001f17) x30 0x80014e14
core   0: 0x80013e18 (0x1e3f2623) sw      gp, 492(t5)
core   0: 3 0x80013e18 (0x1e3f2623) mem 0x80015000 0x00000001
core   0: 0x80013e1c (0xff9ff06f) j       pc - 0x8
core   0: 3 0x80013e1c (0xff9ff06f)
core   0: 0x80013e14 (0x00001f17) auipc   t5, 0x1
core   0: 3 0x80013e14 (0x00001f17) x30 0x80014e14
core   0: 0x80013e18 (0x1e3f2623) sw      gp, 492(t5)
core   0: 3 0x80013e18 (0x1e3f2623) mem 0x80015000 0x00000001
core   0: 0x80013e1c (0xff9ff06f) j       pc - 0x8
core   0: 3 0x80013e1c (0xff9ff06f)
core   0: 0x80013e14 (0x00001f17) auipc   t5, 0x1
core   0: 3 0x80013e14 (0x00001f17) x30 0x80014e14
core   0: 0x80013e18 (0x1e3f2623) sw      gp, 492(t5)
core   0: 3 0x80013e18 (0x1e3f2623) mem 0x80015000 0x00000001
core   0: 0x80013e1c (0xff9ff06f) j       pc - 0x8
core   0: 3 0x80013e1c (0xff9ff06f)
core   0: 0x80013e14 (0x00001f17) auipc   t5, 0x1
core   0: 3 0x80013e14 (0x00001f17) x30 0x80014e14
core   0: 0x80013e18 (0x1e3f2623) sw      gp, 492(t5)
core   0: 3 0x80013e18 (0x1e3f2623) mem 0x80015000 0x00000001
core   0: 0x80013e1c (0xff9ff06f) j       pc - 0x8
core   0: 3 0x80013e1c (0xff9ff06f)
core   0: 0x80013e14 (0x00001f17) auipc   t5, 0x1
core   0: 3 0x80013e14 (0x00001f17) x30 0x80014e14
core   0: 0x80013e18 (0x1e3f2623) sw      gp, 492(t5)
core   0: 3 0x80013e18 (0x1e3f2623) mem 0x80015000 0x00000001
core   0: 0x80013e1c (0xff9ff06f) j       pc - 0x8
core   0: 3 0x80013e1c (0xff9ff06f)
core   0: 0x80013e14 (0x00001f17) auipc   t5, 0x1
core   0: 3 0x80013e14 (0x00001f17) x30 0x80014e14
core   0: 0x80013e18 (0x1e3f2623) sw      gp, 492(t5)
core   0: 3 0x80013e18 (0x1e3f2623) mem 0x80015000 0x00000001
core   0: 0x80013e1c (0xff9ff06f) j       pc - 0x8
core   0: 3 0x80013e1c (0xff9ff06f)
core   0: 0x80013e14 (0x00001f17) auipc   t5, 0x1
core   0: 3 0x80013e14 (0x00001f17) x30 0x80014e14
core   0: 0x80013e18 (0x1e3f2623) sw      gp, 492(t5)
core   0: 3 0x80013e18 (0x1e3f2623) mem 0x80015000 0x00000001
core   0: 0x80013e1c (0xff9ff06f) j       pc - 0x8
core   0: 3 0x80013e1c (0xff9ff06f)
core   0: 0x80013e14 (0x00001f17) auipc   t5, 0x1
core   0: 3 0x80013e14 (0x00001f17) x30 0x80014e14
core   0: 0x80013e18 (0x1e3f2623) sw      gp, 492(t5)
core   0: 3 0x80013e18 (0x1e3f2623) mem 0x80015000 0x00000001
core   0: 0x80013e1c (0xff9ff06f) j       pc - 0x8
core   0: 3 0x80013e1c (0xff9ff06f)
core   0: 0x80013e14 (0x00001f17) auipc   t5, 0x1
core   0: 3 0x80013e14 (0x00001f17) x30 0x80014e14
core   0: 0x80013e18 (0x1e3f2623) sw      gp, 492(t5)
core   0: 3 0x80013e18 (0x1e3f2623) mem 0x80015000 0x00000001
core   0: 0x80013e1c (0xff9ff06f) j       pc - 0x8
core   0: 3 0x80013e1c (0xff9ff06f)
core   0: 0x80013e14 (0x00001f17) auipc   t5, 0x1
core   0: 3 0x80013e14 (0x00001f17) x30 0x80014e14
core   0: 0x80013e18 (0x1e3f2623) sw      gp, 492(t5)
core   0: 3 0x80013e18 (0x1e3f2623) mem 0x80015000 0x00000001
core   0: 0x80013e1c (0xff9ff06f) j       pc - 0x8
core   0: 3 0x80013e1c (0xff9ff06f)
core   0: 0x80013e14 (0x00001f17) auipc   t5, 0x1
core   0: 3 0x80013e14 (0x00001f17) x30 0x80014e14
core   0: 0x80013e18 (0x1e3f2623) sw      gp, 492(t5)
core   0: 3 0x80013e18 (0x1e3f2623) mem 0x80015000 0x00000001
core   0: 0x80013e1c (0xff9ff06f) j       pc - 0x8
core   0: 3 0x80013e1c (0xff9ff06f)
core   0: 0x80013e14 (0x00001f17) auipc   t5, 0x1
core   0: 3 0x80013e14 (0x00001f17) x30 0x80014e14
core   0: 0x80013e18 (0x1e3f2623) sw      gp, 492(t5)
core   0: 3 0x80013e18 (0x1e3f2623) mem 0x80015000 0x00000001
core   0: 0x80013e1c (0xff9ff06f) j       pc - 0x8
core   0: 3 0x80013e1c (0xff9ff06f)
core   0: 0x80013e14 (0x00001f17) auipc   t5, 0x1
core   0: 3 0x80013e14 (0x00001f17) x30 0x80014e14
core   0: 0x80013e18 (0x1e3f2623) sw      gp, 492(t5)
core   0: 3 0x80013e18 (0x1e3f2623) mem 0x80015000 0x00000001
core   0: 0x80013e1c (0xff9ff06f) j       pc - 0x8
core   0: 3 0x80013e1c (0xff9ff06f)
core   0: 0x80013e14 (0x00001f17) auipc   t5, 0x1
core   0: 3 0x80013e14 (0x00001f17) x30 0x80014e14
core   0: 0x80013e18 (0x1e3f2623) sw      gp, 492(t5)
core   0: 3 0x80013e18 (0x1e3f2623) mem 0x80015000 0x00000001
core   0: 0x80013e1c (0xff9ff06f) j       pc - 0x8
core   0: 3 0x80013e1c (0xff9ff06f)
core   0: 0x80013e14 (0x00001f17) auipc   t5, 0x1
core   0: 3 0x80013e14 (0x00001f17) x30 0x80014e14
core   0: 0x80013e18 (0x1e3f2623) sw      gp, 492(t5)
core   0: 3 0x80013e18 (0x1e3f2623) mem 0x80015000 0x00000001
core   0: 0x80013e1c (0xff9ff06f) j       pc - 0x8
core   0: 3 0x80013e1c (0xff9ff06f)
core   0: 0x80013e14 (0x00001f17) auipc   t5, 0x1
core   0: 3 0x80013e14 (0x00001f17) x30 0x80014e14
core   0: 0x80013e18 (0x1e3f2623) sw      gp, 492(t5)
core   0: 3 0x80013e18 (0x1e3f2623) mem 0x80015000 0x00000001
core   0: 0x80013e1c (0xff9ff06f) j       pc - 0x8
core   0: 3 0x80013e1c (0xff9ff06f)
core   0: 0x80013e14 (0x00001f17) auipc   t5, 0x1
core   0: 3 0x80013e14 (0x00001f17) x30 0x80014e14
core   0: 0x80013e18 (0x1e3f2623) sw      gp, 492(t5)
core   0: 3 0x80013e18 (0x1e3f2623) mem 0x80015000 0x00000001
core   0: 0x80013e1c (0xff9ff06f) j       pc - 0x8
core   0: 3 0x80013e1c (0xff9ff06f)
core   0: 0x80013e14 (0x00001f17) auipc   t5, 0x1
core   0: 3 0x80013e14 (0x00001f17) x30 0x80014e14
core   0: 0x80013e18 (0x1e3f2623) sw      gp, 492(t5)
core   0: 3 0x80013e18 (0x1e3f2623) mem 0x80015000 0x00000001
core   0: 0x80013e1c (0xff9ff06f) j       pc - 0x8
core   0: 3 0x80013e1c (0xff9ff06f)
core   0: 0x80013e14 (0x00001f17) auipc   t5, 0x1
core   0: 3 0x80013e14 (0x00001f17) x30 0x80014e14
core   0: 0x80013e18 (0x1e3f2623) sw      gp, 492(t5)
core   0: 3 0x80013e18 (0x1e3f2623) mem 0x80015000 0x00000001
core   0: 0x80013e1c (0xff9ff06f) j       pc - 0x8
core   0: 3 0x80013e1c (0xff9ff06f)
core   0: 0x80013e14 (0x00001f17) auipc   t5, 0x1
core   0: 3 0x80013e14 (0x00001f17) x30 0x80014e14
core   0: 0x80013e18 (0x1e3f2623) sw      gp, 492(t5)
core   0: 3 0x80013e18 (0x1e3f2623) mem 0x80015000 0x00000001
core   0: 0x80013e1c (0xff9ff06f) j       pc - 0x8
core   0: 3 0x80013e1c (0xff9ff06f)
core   0: 0x80013e14 (0x00001f17) auipc   t5, 0x1
core   0: 3 0x80013e14 (0x00001f17) x30 0x80014e14
core   0: 0x80013e18 (0x1e3f2623) sw      gp, 492(t5)
core   0: 3 0x80013e18 (0x1e3f2623) mem 0x80015000 0x00000001
core   0: 0x80013e1c (0xff9ff06f) j       pc - 0x8
core   0: 3 0x80013e1c (0xff9ff06f)
core   0: 0x80013e14 (0x00001f17) auipc   t5, 0x1
core   0: 3 0x80013e14 (0x00001f17) x30 0x80014e14
core   0: 0x80013e18 (0x1e3f2623) sw      gp, 492(t5)
core   0: 3 0x80013e18 (0x1e3f2623) mem 0x80015000 0x00000001
core   0: 0x80013e1c (0xff9ff06f) j       pc - 0x8
core   0: 3 0x80013e1c (0xff9ff06f)
core   0: 0x80013e14 (0x00001f17) auipc   t5, 0x1
core   0: 3 0x80013e14 (0x00001f17) x30 0x80014e14
core   0: 0x80013e18 (0x1e3f2623) sw      gp, 492(t5)
core   0: 3 0x80013e18 (0x1e3f2623) mem 0x80015000 0x00000001
core   0: 0x80013e1c (0xff9ff06f) j       pc - 0x8
core   0: 3 0x80013e1c (0xff9ff06f)
core   0: 0x80013e14 (0x00001f17) auipc   t5, 0x1
core   0: 3 0x80013e14 (0x00001f17) x30 0x80014e14
core   0: 0x80013e18 (0x1e3f2623) sw      gp, 492(t5)
core   0: 3 0x80013e18 (0x1e3f2623) mem 0x80015000 0x00000001
core   0: 0x80013e1c (0xff9ff06f) j       pc - 0x8
core   0: 3 0x80013e1c (0xff9ff06f)
core   0: 0x80013e14 (0x00001f17) auipc   t5, 0x1
core   0: 3 0x80013e14 (0x00001f17) x30 0x80014e14
core   0: 0x80013e18 (0x1e3f2623) sw      gp, 492(t5)
core   0: 3 0x80013e18 (0x1e3f2623) mem 0x80015000 0x00000001
core   0: 0x80013e1c (0xff9ff06f) j       pc - 0x8
core   0: 3 0x80013e1c (0xff9ff06f)
core   0: 0x80013e14 (0x00001f17) auipc   t5, 0x1
core   0: 3 0x80013e14 (0x00001f17) x30 0x80014e14
core   0: 0x80013e18 (0x1e3f2623) sw      gp, 492(t5)
core   0: 3 0x80013e18 (0x1e3f2623) mem 0x80015000 0x00000001
core   0: 0x80013e1c (0xff9ff06f) j       pc - 0x8
core   0: 3 0x80013e1c (0xff9ff06f)
core   0: 0x80013e14 (0x00001f17) auipc   t5, 0x1
core   0: 3 0x80013e14 (0x00001f17) x30 0x80014e14
core   0: 0x80013e18 (0x1e3f2623) sw      gp, 492(t5)
core   0: 3 0x80013e18 (0x1e3f2623) mem 0x80015000 0x00000001
core   0: 0x80013e1c (0xff9ff06f) j       pc - 0x8
core   0: 3 0x80013e1c (0xff9ff06f)
core   0: 0x80013e14 (0x00001f17) auipc   t5, 0x1
core   0: 3 0x80013e14 (0x00001f17) x30 0x80014e14
core   0: 0x80013e18 (0x1e3f2623) sw      gp, 492(t5)
core   0: 3 0x80013e18 (0x1e3f2623) mem 0x80015000 0x00000001
core   0: 0x80013e1c (0xff9ff06f) j       pc - 0x8
core   0: 3 0x80013e1c (0xff9ff06f)
core   0: 0x80013e14 (0x00001f17) auipc   t5, 0x1
core   0: 3 0x80013e14 (0x00001f17) x30 0x80014e14
core   0: 0x80013e18 (0x1e3f2623) sw      gp, 492(t5)
core   0: 3 0x80013e18 (0x1e3f2623) mem 0x80015000 0x00000001
core   0: 0x80013e1c (0xff9ff06f) j       pc - 0x8
core   0: 3 0x80013e1c (0xff9ff06f)
core   0: 0x80013e14 (0x00001f17) auipc   t5, 0x1
core   0: 3 0x80013e14 (0x00001f17) x30 0x80014e14
core   0: 0x80013e18 (0x1e3f2623) sw      gp, 492(t5)
core   0: 3 0x80013e18 (0x1e3f2623) mem 0x80015000 0x00000001
core   0: 0x80013e1c (0xff9ff06f) j       pc - 0x8
core   0: 3 0x80013e1c (0xff9ff06f)
core   0: 0x80013e14 (0x00001f17) auipc   t5, 0x1
core   0: 3 0x80013e14 (0x00001f17) x30 0x80014e14
core   0: 0x80013e18 (0x1e3f2623) sw      gp, 492(t5)
core   0: 3 0x80013e18 (0x1e3f2623) mem 0x80015000 0x00000001
core   0: 0x80013e1c (0xff9ff06f) j       pc - 0x8
core   0: 3 0x80013e1c (0xff9ff06f)
core   0: 0x80013e14 (0x00001f17) auipc   t5, 0x1
core   0: 3 0x80013e14 (0x00001f17) x30 0x80014e14
core   0: 0x80013e18 (0x1e3f2623) sw      gp, 492(t5)
core   0: 3 0x80013e18 (0x1e3f2623) mem 0x80015000 0x00000001
core   0: 0x80013e1c (0xff9ff06f) j       pc - 0x8
core   0: 3 0x80013e1c (0xff9ff06f)
core   0: 0x80013e14 (0x00001f17) auipc   t5, 0x1
core   0: 3 0x80013e14 (0x00001f17) x30 0x80014e14
core   0: 0x80013e18 (0x1e3f2623) sw      gp, 492(t5)
core   0: 3 0x80013e18 (0x1e3f2623) mem 0x80015000 0x00000001
core   0: 0x80013e1c (0xff9ff06f) j       pc - 0x8
core   0: 3 0x80013e1c (0xff9ff06f)
core   0: 0x80013e14 (0x00001f17) auipc   t5, 0x1
core   0: 3 0x80013e14 (0x00001f17) x30 0x80014e14
core   0: 0x80013e18 (0x1e3f2623) sw      gp, 492(t5)
core   0: 3 0x80013e18 (0x1e3f2623) mem 0x80015000 0x00000001
core   0: 0x80013e1c (0xff9ff06f) j       pc - 0x8
core   0: 3 0x80013e1c (0xff9ff06f)
core   0: 0x80013e14 (0x00001f17) auipc   t5, 0x1
core   0: 3 0x80013e14 (0x00001f17) x30 0x80014e14
core   0: 0x80013e18 (0x1e3f2623) sw      gp, 492(t5)
core   0: 3 0x80013e18 (0x1e3f2623) mem 0x80015000 0x00000001
core   0: 0x80013e1c (0xff9ff06f) j       pc - 0x8
core   0: 3 0x80013e1c (0xff9ff06f)
core   0: 0x80013e14 (0x00001f17) auipc   t5, 0x1
core   0: 3 0x80013e14 (0x00001f17) x30 0x80014e14
core   0: 0x80013e18 (0x1e3f2623) sw      gp, 492(t5)
core   0: 3 0x80013e18 (0x1e3f2623) mem 0x80015000 0x00000001
core   0: 0x80013e1c (0xff9ff06f) j       pc - 0x8
core   0: 3 0x80013e1c (0xff9ff06f)
core   0: 0x80013e14 (0x00001f17) auipc   t5, 0x1
core   0: 3 0x80013e14 (0x00001f17) x30 0x80014e14
core   0: 0x80013e18 (0x1e3f2623) sw      gp, 492(t5)
core   0: 3 0x80013e18 (0x1e3f2623) mem 0x80015000 0x00000001
core   0: 0x80013e1c (0xff9ff06f) j       pc - 0x8
core   0: 3 0x80013e1c (0xff9ff06f)
core   0: 0x80013e14 (0x00001f17) auipc   t5, 0x1
core   0: 3 0x80013e14 (0x00001f17) x30 0x80014e14
core   0: 0x80013e18 (0x1e3f2623) sw      gp, 492(t5)
core   0: 3 0x80013e18 (0x1e3f2623) mem 0x80015000 0x00000001
core   0: 0x80013e1c (0xff9ff06f) j       pc - 0x8
core   0: 3 0x80013e1c (0xff9ff06f)
core   0: 0x80013e14 (0x00001f17) auipc   t5, 0x1
core   0: 3 0x80013e14 (0x00001f17) x30 0x80014e14
core   0: 0x80013e18 (0x1e3f2623) sw      gp, 492(t5)
core   0: 3 0x80013e18 (0x1e3f2623) mem 0x80015000 0x00000001
core   0: 0x80013e1c (0xff9ff06f) j       pc - 0x8
core   0: 3 0x80013e1c (0xff9ff06f)
core   0: 0x80013e14 (0x00001f17) auipc   t5, 0x1
core   0: 3 0x80013e14 (0x00001f17) x30 0x80014e14
core   0: 0x80013e18 (0x1e3f2623) sw      gp, 492(t5)
core   0: 3 0x80013e18 (0x1e3f2623) mem 0x80015000 0x00000001
core   0: 0x80013e1c (0xff9ff06f) j       pc - 0x8
core   0: 3 0x80013e1c (0xff9ff06f)
core   0: 0x80013e14 (0x00001f17) auipc   t5, 0x1
core   0: 3 0x80013e14 (0x00001f17) x30 0x80014e14
core   0: 0x80013e18 (0x1e3f2623) sw      gp, 492(t5)
core   0: 3 0x80013e18 (0x1e3f2623) mem 0x80015000 0x00000001
core   0: 0x80013e1c (0xff9ff06f) j       pc - 0x8
core   0: 3 0x80013e1c (0xff9ff06f)
core   0: 0x80013e14 (0x00001f17) auipc   t5, 0x1
core   0: 3 0x80013e14 (0x00001f17) x30 0x80014e14
core   0: 0x80013e18 (0x1e3f2623) sw      gp, 492(t5)
core   0: 3 0x80013e18 (0x1e3f2623) mem 0x80015000 0x00000001
core   0: 0x80013e1c (0xff9ff06f) j       pc - 0x8
core   0: 3 0x80013e1c (0xff9ff06f)
core   0: 0x80013e14 (0x00001f17) auipc   t5, 0x1
core   0: 3 0x80013e14 (0x00001f17) x30 0x80014e14
core   0: 0x80013e18 (0x1e3f2623) sw      gp, 492(t5)
core   0: 3 0x80013e18 (0x1e3f2623) mem 0x80015000 0x00000001
core   0: 0x80013e1c (0xff9ff06f) j       pc - 0x8
core   0: 3 0x80013e1c (0xff9ff06f)
core   0: 0x80013e14 (0x00001f17) auipc   t5, 0x1
core   0: 3 0x80013e14 (0x00001f17) x30 0x80014e14
core   0: 0x80013e18 (0x1e3f2623) sw      gp, 492(t5)
core   0: 3 0x80013e18 (0x1e3f2623) mem 0x80015000 0x00000001
core   0: 0x80013e1c (0xff9ff06f) j       pc - 0x8
core   0: 3 0x80013e1c (0xff9ff06f)
core   0: 0x80013e14 (0x00001f17) auipc   t5, 0x1
core   0: 3 0x80013e14 (0x00001f17) x30 0x80014e14
core   0: 0x80013e18 (0x1e3f2623) sw      gp, 492(t5)
core   0: 3 0x80013e18 (0x1e3f2623) mem 0x80015000 0x00000001
core   0: 0x80013e1c (0xff9ff06f) j       pc - 0x8
core   0: 3 0x80013e1c (0xff9ff06f)
core   0: 0x80013e14 (0x00001f17) auipc   t5, 0x1
core   0: 3 0x80013e14 (0x00001f17) x30 0x80014e14
core   0: 0x80013e18 (0x1e3f2623) sw      gp, 492(t5)
core   0: 3 0x80013e18 (0x1e3f2623) mem 0x80015000 0x00000001
core   0: 0x80013e1c (0xff9ff06f) j       pc - 0x8
core   0: 3 0x80013e1c (0xff9ff06f)
core   0: 0x80013e14 (0x00001f17) auipc   t5, 0x1
core   0: 3 0x80013e14 (0x00001f17) x30 0x80014e14
core   0: 0x80013e18 (0x1e3f2623) sw      gp, 492(t5)
core   0: 3 0x80013e18 (0x1e3f2623) mem 0x80015000 0x00000001
core   0: 0x80013e1c (0xff9ff06f) j       pc - 0x8
core   0: 3 0x80013e1c (0xff9ff06f)
core   0: 0x80013e14 (0x00001f17) auipc   t5, 0x1
core   0: 3 0x80013e14 (0x00001f17) x30 0x80014e14
core   0: 0x80013e18 (0x1e3f2623) sw      gp, 492(t5)
core   0: 3 0x80013e18 (0x1e3f2623) mem 0x80015000 0x00000001
core   0: 0x80013e1c (0xff9ff06f) j       pc - 0x8
core   0: 3 0x80013e1c (0xff9ff06f)
core   0: 0x80013e14 (0x00001f17) auipc   t5, 0x1
core   0: 3 0x80013e14 (0x00001f17) x30 0x80014e14
core   0: 0x80013e18 (0x1e3f2623) sw      gp, 492(t5)
core   0: 3 0x80013e18 (0x1e3f2623) mem 0x80015000 0x00000001
core   0: 0x80013e1c (0xff9ff06f) j       pc - 0x8
core   0: 3 0x80013e1c (0xff9ff06f)
core   0: 0x80013e14 (0x00001f17) auipc   t5, 0x1
core   0: 3 0x80013e14 (0x00001f17) x30 0x80014e14
core   0: 0x80013e18 (0x1e3f2623) sw      gp, 492(t5)
core   0: 3 0x80013e18 (0x1e3f2623) mem 0x80015000 0x00000001
core   0: 0x80013e1c (0xff9ff06f) j       pc - 0x8
core   0: 3 0x80013e1c (0xff9ff06f)
core   0: 0x80013e14 (0x00001f17) auipc   t5, 0x1
core   0: 3 0x80013e14 (0x00001f17) x30 0x80014e14
core   0: 0x80013e18 (0x1e3f2623) sw      gp, 492(t5)
core   0: 3 0x80013e18 (0x1e3f2623) mem 0x80015000 0x00000001
core   0: 0x80013e1c (0xff9ff06f) j       pc - 0x8
core   0: 3 0x80013e1c (0xff9ff06f)
core   0: 0x80013e14 (0x00001f17) auipc   t5, 0x1
core   0: 3 0x80013e14 (0x00001f17) x30 0x80014e14
core   0: 0x80013e18 (0x1e3f2623) sw      gp, 492(t5)
core   0: 3 0x80013e18 (0x1e3f2623) mem 0x80015000 0x00000001
core   0: 0x80013e1c (0xff9ff06f) j       pc - 0x8
core   0: 3 0x80013e1c (0xff9ff06f)
core   0: 0x80013e14 (0x00001f17) auipc   t5, 0x1
core   0: 3 0x80013e14 (0x00001f17) x30 0x80014e14
core   0: 0x80013e18 (0x1e3f2623) sw      gp, 492(t5)
core   0: 3 0x80013e18 (0x1e3f2623) mem 0x80015000 0x00000001
core   0: 0x80013e1c (0xff9ff06f) j       pc - 0x8
core   0: 3 0x80013e1c (0xff9ff06f)
core   0: 0x80013e14 (0x00001f17) auipc   t5, 0x1
core   0: 3 0x80013e14 (0x00001f17) x30 0x80014e14
core   0: 0x80013e18 (0x1e3f2623) sw      gp, 492(t5)
core   0: 3 0x80013e18 (0x1e3f2623) mem 0x80015000 0x00000001
core   0: 0x80013e1c (0xff9ff06f) j       pc - 0x8
core   0: 3 0x80013e1c (0xff9ff06f)
core   0: 0x80013e14 (0x00001f17) auipc   t5, 0x1
core   0: 3 0x80013e14 (0x00001f17) x30 0x80014e14
core   0: 0x80013e18 (0x1e3f2623) sw      gp, 492(t5)
core   0: 3 0x80013e18 (0x1e3f2623) mem 0x80015000 0x00000001
core   0: 0x80013e1c (0xff9ff06f) j       pc - 0x8
core   0: 3 0x80013e1c (0xff9ff06f)
core   0: 0x80013e14 (0x00001f17) auipc   t5, 0x1
core   0: 3 0x80013e14 (0x00001f17) x30 0x80014e14
core   0: 0x80013e18 (0x1e3f2623) sw      gp, 492(t5)
core   0: 3 0x80013e18 (0x1e3f2623) mem 0x80015000 0x00000001
core   0: 0x80013e1c (0xff9ff06f) j       pc - 0x8
core   0: 3 0x80013e1c (0xff9ff06f)
core   0: 0x80013e14 (0x00001f17) auipc   t5, 0x1
core   0: 3 0x80013e14 (0x00001f17) x30 0x80014e14
core   0: 0x80013e18 (0x1e3f2623) sw      gp, 492(t5)
core   0: 3 0x80013e18 (0x1e3f2623) mem 0x80015000 0x00000001
core   0: 0x80013e1c (0xff9ff06f) j       pc - 0x8
core   0: 3 0x80013e1c (0xff9ff06f)
core   0: 0x80013e14 (0x00001f17) auipc   t5, 0x1
core   0: 3 0x80013e14 (0x00001f17) x30 0x80014e14
core   0: 0x80013e18 (0x1e3f2623) sw      gp, 492(t5)
core   0: 3 0x80013e18 (0x1e3f2623) mem 0x80015000 0x00000001
core   0: 0x80013e1c (0xff9ff06f) j       pc - 0x8
core   0: 3 0x80013e1c (0xff9ff06f)
core   0: 0x80013e14 (0x00001f17) auipc   t5, 0x1
core   0: 3 0x80013e14 (0x00001f17) x30 0x80014e14
core   0: 0x80013e18 (0x1e3f2623) sw      gp, 492(t5)
core   0: 3 0x80013e18 (0x1e3f2623) mem 0x80015000 0x00000001
core   0: 0x80013e1c (0xff9ff06f) j       pc - 0x8
core   0: 3 0x80013e1c (0xff9ff06f)
core   0: 0x80013e14 (0x00001f17) auipc   t5, 0x1
core   0: 3 0x80013e14 (0x00001f17) x30 0x80014e14
core   0: 0x80013e18 (0x1e3f2623) sw      gp, 492(t5)
core   0: 3 0x80013e18 (0x1e3f2623) mem 0x80015000 0x00000001
core   0: 0x80013e1c (0xff9ff06f) j       pc - 0x8
core   0: 3 0x80013e1c (0xff9ff06f)
core   0: 0x80013e14 (0x00001f17) auipc   t5, 0x1
core   0: 3 0x80013e14 (0x00001f17) x30 0x80014e14
core   0: 0x80013e18 (0x1e3f2623) sw      gp, 492(t5)
core   0: 3 0x80013e18 (0x1e3f2623) mem 0x80015000 0x00000001
core   0: 0x80013e1c (0xff9ff06f) j       pc - 0x8
core   0: 3 0x80013e1c (0xff9ff06f)
core   0: 0x80013e14 (0x00001f17) auipc   t5, 0x1
core   0: 3 0x80013e14 (0x00001f17) x30 0x80014e14
core   0: 0x80013e18 (0x1e3f2623) sw      gp, 492(t5)
core   0: 3 0x80013e18 (0x1e3f2623) mem 0x80015000 0x00000001
core   0: 0x80013e1c (0xff9ff06f) j       pc - 0x8
core   0: 3 0x80013e1c (0xff9ff06f)
core   0: 0x80013e14 (0x00001f17) auipc   t5, 0x1
core   0: 3 0x80013e14 (0x00001f17) x30 0x80014e14
core   0: 0x80013e18 (0x1e3f2623) sw      gp, 492(t5)
core   0: 3 0x80013e18 (0x1e3f2623) mem 0x80015000 0x00000001
core   0: 0x80013e1c (0xff9ff06f) j       pc - 0x8
core   0: 3 0x80013e1c (0xff9ff06f)
core   0: 0x80013e14 (0x00001f17) auipc   t5, 0x1
core   0: 3 0x80013e14 (0x00001f17) x30 0x80014e14
core   0: 0x80013e18 (0x1e3f2623) sw      gp, 492(t5)
core   0: 3 0x80013e18 (0x1e3f2623) mem 0x80015000 0x00000001
core   0: 0x80013e1c (0xff9ff06f) j       pc - 0x8
core   0: 3 0x80013e1c (0xff9ff06f)
core   0: 0x80013e14 (0x00001f17) auipc   t5, 0x1
core   0: 3 0x80013e14 (0x00001f17) x30 0x80014e14
core   0: 0x80013e18 (0x1e3f2623) sw      gp, 492(t5)
core   0: 3 0x80013e18 (0x1e3f2623) mem 0x80015000 0x00000001
core   0: 0x80013e1c (0xff9ff06f) j       pc - 0x8
core   0: 3 0x80013e1c (0xff9ff06f)
core   0: 0x80013e14 (0x00001f17) auipc   t5, 0x1
core   0: 3 0x80013e14 (0x00001f17) x30 0x80014e14
core   0: 0x80013e18 (0x1e3f2623) sw      gp, 492(t5)
core   0: 3 0x80013e18 (0x1e3f2623) mem 0x80015000 0x00000001
core   0: 0x80013e1c (0xff9ff06f) j       pc - 0x8
core   0: 3 0x80013e1c (0xff9ff06f)
core   0: 0x80013e14 (0x00001f17) auipc   t5, 0x1
core   0: 3 0x80013e14 (0x00001f17) x30 0x80014e14
core   0: 0x80013e18 (0x1e3f2623) sw      gp, 492(t5)
core   0: 3 0x80013e18 (0x1e3f2623) mem 0x80015000 0x00000001
core   0: 0x80013e1c (0xff9ff06f) j       pc - 0x8
core   0: 3 0x80013e1c (0xff9ff06f)
core   0: 0x80013e14 (0x00001f17) auipc   t5, 0x1
core   0: 3 0x80013e14 (0x00001f17) x30 0x80014e14
core   0: 0x80013e18 (0x1e3f2623) sw      gp, 492(t5)
core   0: 3 0x80013e18 (0x1e3f2623) mem 0x80015000 0x00000001
core   0: 0x80013e1c (0xff9ff06f) j       pc - 0x8
core   0: 3 0x80013e1c (0xff9ff06f)
core   0: 0x80013e14 (0x00001f17) auipc   t5, 0x1
core   0: 3 0x80013e14 (0x00001f17) x30 0x80014e14
core   0: 0x80013e18 (0x1e3f2623) sw      gp, 492(t5)
core   0: 3 0x80013e18 (0x1e3f2623) mem 0x80015000 0x00000001
core   0: 0x80013e1c (0xff9ff06f) j       pc - 0x8
core   0: 3 0x80013e1c (0xff9ff06f)
core   0: 0x80013e14 (0x00001f17) auipc   t5, 0x1
core   0: 3 0x80013e14 (0x00001f17) x30 0x80014e14
core   0: 0x80013e18 (0x1e3f2623) sw      gp, 492(t5)
core   0: 3 0x80013e18 (0x1e3f2623) mem 0x80015000 0x00000001
core   0: 0x80013e1c (0xff9ff06f) j       pc - 0x8
core   0: 3 0x80013e1c (0xff9ff06f)
core   0: 0x80013e14 (0x00001f17) auipc   t5, 0x1
core   0: 3 0x80013e14 (0x00001f17) x30 0x80014e14
core   0: 0x80013e18 (0x1e3f2623) sw      gp, 492(t5)
core   0: 3 0x80013e18 (0x1e3f2623) mem 0x80015000 0x00000001
core   0: 0x80013e1c (0xff9ff06f) j       pc - 0x8
core   0: 3 0x80013e1c (0xff9ff06f)
core   0: 0x80013e14 (0x00001f17) auipc   t5, 0x1
core   0: 3 0x80013e14 (0x00001f17) x30 0x80014e14
core   0: 0x80013e18 (0x1e3f2623) sw      gp, 492(t5)
core   0: 3 0x80013e18 (0x1e3f2623) mem 0x80015000 0x00000001
core   0: 0x80013e1c (0xff9ff06f) j       pc - 0x8
core   0: 3 0x80013e1c (0xff9ff06f)
core   0: 0x80013e14 (0x00001f17) auipc   t5, 0x1
core   0: 3 0x80013e14 (0x00001f17) x30 0x80014e14
core   0: 0x80013e18 (0x1e3f2623) sw      gp, 492(t5)
core   0: 3 0x80013e18 (0x1e3f2623) mem 0x80015000 0x00000001
core   0: 0x80013e1c (0xff9ff06f) j       pc - 0x8
core   0: 3 0x80013e1c (0xff9ff06f)
core   0: 0x80013e14 (0x00001f17) auipc   t5, 0x1
core   0: 3 0x80013e14 (0x00001f17) x30 0x80014e14
core   0: 0x80013e18 (0x1e3f2623) sw      gp, 492(t5)
core   0: 3 0x80013e18 (0x1e3f2623) mem 0x80015000 0x00000001
core   0: 0x80013e1c (0xff9ff06f) j       pc - 0x8
core   0: 3 0x80013e1c (0xff9ff06f)
core   0: 0x80013e14 (0x00001f17) auipc   t5, 0x1
core   0: 3 0x80013e14 (0x00001f17) x30 0x80014e14
core   0: 0x80013e18 (0x1e3f2623) sw      gp, 492(t5)
core   0: 3 0x80013e18 (0x1e3f2623) mem 0x80015000 0x00000001
core   0: 0x80013e1c (0xff9ff06f) j       pc - 0x8
core   0: 3 0x80013e1c (0xff9ff06f)
core   0: 0x80013e14 (0x00001f17) auipc   t5, 0x1
core   0: 3 0x80013e14 (0x00001f17) x30 0x80014e14
core   0: 0x80013e18 (0x1e3f2623) sw      gp, 492(t5)
core   0: 3 0x80013e18 (0x1e3f2623) mem 0x80015000 0x00000001
core   0: 0x80013e1c (0xff9ff06f) j       pc - 0x8
core   0: 3 0x80013e1c (0xff9ff06f)
core   0: 0x80013e14 (0x00001f17) auipc   t5, 0x1
core   0: 3 0x80013e14 (0x00001f17) x30 0x80014e14
core   0: 0x80013e18 (0x1e3f2623) sw      gp, 492(t5)
core   0: 3 0x80013e18 (0x1e3f2623) mem 0x80015000 0x00000001
core   0: 0x80013e1c (0xff9ff06f) j       pc - 0x8
core   0: 3 0x80013e1c (0xff9ff06f)
core   0: 0x80013e14 (0x00001f17) auipc   t5, 0x1
core   0: 3 0x80013e14 (0x00001f17) x30 0x80014e14
core   0: 0x80013e18 (0x1e3f2623) sw      gp, 492(t5)
core   0: 3 0x80013e18 (0x1e3f2623) mem 0x80015000 0x00000001
core   0: 0x80013e1c (0xff9ff06f) j       pc - 0x8
core   0: 3 0x80013e1c (0xff9ff06f)
core   0: 0x80013e14 (0x00001f17) auipc   t5, 0x1
core   0: 3 0x80013e14 (0x00001f17) x30 0x80014e14
core   0: 0x80013e18 (0x1e3f2623) sw      gp, 492(t5)
core   0: 3 0x80013e18 (0x1e3f2623) mem 0x80015000 0x00000001
core   0: 0x80013e1c (0xff9ff06f) j       pc - 0x8
core   0: 3 0x80013e1c (0xff9ff06f)
core   0: 0x80013e14 (0x00001f17) auipc   t5, 0x1
core   0: 3 0x80013e14 (0x00001f17) x30 0x80014e14
core   0: 0x80013e18 (0x1e3f2623) sw      gp, 492(t5)
core   0: 3 0x80013e18 (0x1e3f2623) mem 0x80015000 0x00000001
core   0: 0x80013e1c (0xff9ff06f) j       pc - 0x8
core   0: 3 0x80013e1c (0xff9ff06f)
core   0: 0x80013e14 (0x00001f17) auipc   t5, 0x1
core   0: 3 0x80013e14 (0x00001f17) x30 0x80014e14
core   0: 0x80013e18 (0x1e3f2623) sw      gp, 492(t5)
core   0: 3 0x80013e18 (0x1e3f2623) mem 0x80015000 0x00000001
core   0: 0x80013e1c (0xff9ff06f) j       pc - 0x8
core   0: 3 0x80013e1c (0xff9ff06f)
core   0: 0x80013e14 (0x00001f17) auipc   t5, 0x1
core   0: 3 0x80013e14 (0x00001f17) x30 0x80014e14
core   0: 0x80013e18 (0x1e3f2623) sw      gp, 492(t5)
core   0: 3 0x80013e18 (0x1e3f2623) mem 0x80015000 0x00000001
core   0: 0x80013e1c (0xff9ff06f) j       pc - 0x8
core   0: 3 0x80013e1c (0xff9ff06f)
core   0: 0x80013e14 (0x00001f17) auipc   t5, 0x1
core   0: 3 0x80013e14 (0x00001f17) x30 0x80014e14
core   0: 0x80013e18 (0x1e3f2623) sw      gp, 492(t5)
core   0: 3 0x80013e18 (0x1e3f2623) mem 0x80015000 0x00000001
core   0: 0x80013e1c (0xff9ff06f) j       pc - 0x8
core   0: 3 0x80013e1c (0xff9ff06f)
core   0: 0x80013e14 (0x00001f17) auipc   t5, 0x1
core   0: 3 0x80013e14 (0x00001f17) x30 0x80014e14
core   0: 0x80013e18 (0x1e3f2623) sw      gp, 492(t5)
core   0: 3 0x80013e18 (0x1e3f2623) mem 0x80015000 0x00000001
core   0: 0x80013e1c (0xff9ff06f) j       pc - 0x8
core   0: 3 0x80013e1c (0xff9ff06f)
core   0: 0x80013e14 (0x00001f17) auipc   t5, 0x1
core   0: 3 0x80013e14 (0x00001f17) x30 0x80014e14
core   0: 0x80013e18 (0x1e3f2623) sw      gp, 492(t5)
core   0: 3 0x80013e18 (0x1e3f2623) mem 0x80015000 0x00000001
core   0: 0x80013e1c (0xff9ff06f) j       pc - 0x8
core   0: 3 0x80013e1c (0xff9ff06f)
core   0: 0x80013e14 (0x00001f17) auipc   t5, 0x1
core   0: 3 0x80013e14 (0x00001f17) x30 0x80014e14
core   0: 0x80013e18 (0x1e3f2623) sw      gp, 492(t5)
core   0: 3 0x80013e18 (0x1e3f2623) mem 0x80015000 0x00000001
core   0: 0x80013e1c (0xff9ff06f) j       pc - 0x8
core   0: 3 0x80013e1c (0xff9ff06f)
core   0: 0x80013e14 (0x00001f17) auipc   t5, 0x1
core   0: 3 0x80013e14 (0x00001f17) x30 0x80014e14
core   0: 0x80013e18 (0x1e3f2623) sw      gp, 492(t5)
core   0: 3 0x80013e18 (0x1e3f2623) mem 0x80015000 0x00000001
core   0: 0x80013e1c (0xff9ff06f) j       pc - 0x8
core   0: 3 0x80013e1c (0xff9ff06f)
core   0: 0x80013e14 (0x00001f17) auipc   t5, 0x1
core   0: 3 0x80013e14 (0x00001f17) x30 0x80014e14
core   0: 0x80013e18 (0x1e3f2623) sw      gp, 492(t5)
core   0: 3 0x80013e18 (0x1e3f2623) mem 0x80015000 0x00000001
core   0: 0x80013e1c (0xff9ff06f) j       pc - 0x8
core   0: 3 0x80013e1c (0xff9ff06f)
core   0: 0x80013e14 (0x00001f17) auipc   t5, 0x1
core   0: 3 0x80013e14 (0x00001f17) x30 0x80014e14
core   0: 0x80013e18 (0x1e3f2623) sw      gp, 492(t5)
core   0: 3 0x80013e18 (0x1e3f2623) mem 0x80015000 0x00000001
core   0: 0x80013e1c (0xff9ff06f) j       pc - 0x8
core   0: 3 0x80013e1c (0xff9ff06f)
core   0: 0x80013e14 (0x00001f17) auipc   t5, 0x1
core   0: 3 0x80013e14 (0x00001f17) x30 0x80014e14
core   0: 0x80013e18 (0x1e3f2623) sw      gp, 492(t5)
core   0: 3 0x80013e18 (0x1e3f2623) mem 0x80015000 0x00000001
core   0: 0x80013e1c (0xff9ff06f) j       pc - 0x8
core   0: 3 0x80013e1c (0xff9ff06f)
core   0: 0x80013e14 (0x00001f17) auipc   t5, 0x1
core   0: 3 0x80013e14 (0x00001f17) x30 0x80014e14
core   0: 0x80013e18 (0x1e3f2623) sw      gp, 492(t5)
core   0: 3 0x80013e18 (0x1e3f2623) mem 0x80015000 0x00000001
core   0: 0x80013e1c (0xff9ff06f) j       pc - 0x8
core   0: 3 0x80013e1c (0xff9ff06f)
core   0: 0x80013e14 (0x00001f17) auipc   t5, 0x1
core   0: 3 0x80013e14 (0x00001f17) x30 0x80014e14
core   0: 0x80013e18 (0x1e3f2623) sw      gp, 492(t5)
core   0: 3 0x80013e18 (0x1e3f2623) mem 0x80015000 0x00000001
core   0: 0x80013e1c (0xff9ff06f) j       pc - 0x8
core   0: 3 0x80013e1c (0xff9ff06f)
core   0: 0x80013e14 (0x00001f17) auipc   t5, 0x1
core   0: 3 0x80013e14 (0x00001f17) x30 0x80014e14
core   0: 0x80013e18 (0x1e3f2623) sw      gp, 492(t5)
core   0: 3 0x80013e18 (0x1e3f2623) mem 0x80015000 0x00000001
core   0: 0x80013e1c (0xff9ff06f) j       pc - 0x8
core   0: 3 0x80013e1c (0xff9ff06f)
core   0: 0x80013e14 (0x00001f17) auipc   t5, 0x1
core   0: 3 0x80013e14 (0x00001f17) x30 0x80014e14
core   0: 0x80013e18 (0x1e3f2623) sw      gp, 492(t5)
core   0: 3 0x80013e18 (0x1e3f2623) mem 0x80015000 0x00000001
core   0: 0x80013e1c (0xff9ff06f) j       pc - 0x8
core   0: 3 0x80013e1c (0xff9ff06f)
core   0: 0x80013e14 (0x00001f17) auipc   t5, 0x1
core   0: 3 0x80013e14 (0x00001f17) x30 0x80014e14
core   0: 0x80013e18 (0x1e3f2623) sw      gp, 492(t5)
core   0: 3 0x80013e18 (0x1e3f2623) mem 0x80015000 0x00000001
core   0: 0x80013e1c (0xff9ff06f) j       pc - 0x8
core   0: 3 0x80013e1c (0xff9ff06f)
core   0: 0x80013e14 (0x00001f17) auipc   t5, 0x1
core   0: 3 0x80013e14 (0x00001f17) x30 0x80014e14
core   0: 0x80013e18 (0x1e3f2623) sw      gp, 492(t5)
core   0: 3 0x80013e18 (0x1e3f2623) mem 0x80015000 0x00000001
core   0: 0x80013e1c (0xff9ff06f) j       pc - 0x8
core   0: 3 0x80013e1c (0xff9ff06f)
core   0: 0x80013e14 (0x00001f17) auipc   t5, 0x1
core   0: 3 0x80013e14 (0x00001f17) x30 0x80014e14
core   0: 0x80013e18 (0x1e3f2623) sw      gp, 492(t5)
core   0: 3 0x80013e18 (0x1e3f2623) mem 0x80015000 0x00000001
core   0: 0x80013e1c (0xff9ff06f) j       pc - 0x8
core   0: 3 0x80013e1c (0xff9ff06f)
core   0: 0x80013e14 (0x00001f17) auipc   t5, 0x1
core   0: 3 0x80013e14 (0x00001f17) x30 0x80014e14
core   0: 0x80013e18 (0x1e3f2623) sw      gp, 492(t5)
core   0: 3 0x80013e18 (0x1e3f2623) mem 0x80015000 0x00000001
core   0: 0x80013e1c (0xff9ff06f) j       pc - 0x8
core   0: 3 0x80013e1c (0xff9ff06f)
core   0: 0x80013e14 (0x00001f17) auipc   t5, 0x1
core   0: 3 0x80013e14 (0x00001f17) x30 0x80014e14
core   0: 0x80013e18 (0x1e3f2623) sw      gp, 492(t5)
core   0: 3 0x80013e18 (0x1e3f2623) mem 0x80015000 0x00000001
core   0: 0x80013e1c (0xff9ff06f) j       pc - 0x8
core   0: 3 0x80013e1c (0xff9ff06f)
core   0: 0x80013e14 (0x00001f17) auipc   t5, 0x1
core   0: 3 0x80013e14 (0x00001f17) x30 0x80014e14
core   0: 0x80013e18 (0x1e3f2623) sw      gp, 492(t5)
core   0: 3 0x80013e18 (0x1e3f2623) mem 0x80015000 0x00000001
core   0: 0x80013e1c (0xff9ff06f) j       pc - 0x8
core   0: 3 0x80013e1c (0xff9ff06f)
core   0: 0x80013e14 (0x00001f17) auipc   t5, 0x1
core   0: 3 0x80013e14 (0x00001f17) x30 0x80014e14
core   0: 0x80013e18 (0x1e3f2623) sw      gp, 492(t5)
core   0: 3 0x80013e18 (0x1e3f2623) mem 0x80015000 0x00000001
core   0: 0x80013e1c (0xff9ff06f) j       pc - 0x8
core   0: 3 0x80013e1c (0xff9ff06f)
core   0: 0x80013e14 (0x00001f17) auipc   t5, 0x1
core   0: 3 0x80013e14 (0x00001f17) x30 0x80014e14
core   0: 0x80013e18 (0x1e3f2623) sw      gp, 492(t5)
core   0: 3 0x80013e18 (0x1e3f2623) mem 0x80015000 0x00000001
core   0: 0x80013e1c (0xff9ff06f) j       pc - 0x8
core   0: 3 0x80013e1c (0xff9ff06f)
core   0: 0x80013e14 (0x00001f17) auipc   t5, 0x1
core   0: 3 0x80013e14 (0x00001f17) x30 0x80014e14
core   0: 0x80013e18 (0x1e3f2623) sw      gp, 492(t5)
core   0: 3 0x80013e18 (0x1e3f2623) mem 0x80015000 0x00000001
core   0: 0x80013e1c (0xff9ff06f) j       pc - 0x8
core   0: 3 0x80013e1c (0xff9ff06f)
core   0: 0x80013e14 (0x00001f17) auipc   t5, 0x1
core   0: 3 0x80013e14 (0x00001f17) x30 0x80014e14
core   0: 0x80013e18 (0x1e3f2623) sw      gp, 492(t5)
core   0: 3 0x80013e18 (0x1e3f2623) mem 0x80015000 0x00000001
core   0: 0x80013e1c (0xff9ff06f) j       pc - 0x8
core   0: 3 0x80013e1c (0xff9ff06f)
core   0: 0x80013e14 (0x00001f17) auipc   t5, 0x1
core   0: 3 0x80013e14 (0x00001f17) x30 0x80014e14
core   0: 0x80013e18 (0x1e3f2623) sw      gp, 492(t5)
core   0: 3 0x80013e18 (0x1e3f2623) mem 0x80015000 0x00000001
core   0: 0x80013e1c (0xff9ff06f) j       pc - 0x8
core   0: 3 0x80013e1c (0xff9ff06f)
core   0: 0x80013e14 (0x00001f17) auipc   t5, 0x1
core   0: 3 0x80013e14 (0x00001f17) x30 0x80014e14
core   0: 0x80013e18 (0x1e3f2623) sw      gp, 492(t5)
core   0: 3 0x80013e18 (0x1e3f2623) mem 0x80015000 0x00000001
core   0: 0x80013e1c (0xff9ff06f) j       pc - 0x8
core   0: 3 0x80013e1c (0xff9ff06f)
core   0: 0x80013e14 (0x00001f17) auipc   t5, 0x1
core   0: 3 0x80013e14 (0x00001f17) x30 0x80014e14
core   0: 0x80013e18 (0x1e3f2623) sw      gp, 492(t5)
core   0: 3 0x80013e18 (0x1e3f2623) mem 0x80015000 0x00000001
core   0: 0x80013e1c (0xff9ff06f) j       pc - 0x8
core   0: 3 0x80013e1c (0xff9ff06f)
core   0: 0x80013e14 (0x00001f17) auipc   t5, 0x1
core   0: 3 0x80013e14 (0x00001f17) x30 0x80014e14
core   0: 0x80013e18 (0x1e3f2623) sw      gp, 492(t5)
core   0: 3 0x80013e18 (0x1e3f2623) mem 0x80015000 0x00000001
core   0: 0x80013e1c (0xff9ff06f) j       pc - 0x8
core   0: 3 0x80013e1c (0xff9ff06f)
core   0: 0x80013e14 (0x00001f17) auipc   t5, 0x1
core   0: 3 0x80013e14 (0x00001f17) x30 0x80014e14
core   0: 0x80013e18 (0x1e3f2623) sw      gp, 492(t5)
core   0: 3 0x80013e18 (0x1e3f2623) mem 0x80015000 0x00000001
core   0: 0x80013e1c (0xff9ff06f) j       pc - 0x8
core   0: 3 0x80013e1c (0xff9ff06f)
core   0: 0x80013e14 (0x00001f17) auipc   t5, 0x1
core   0: 3 0x80013e14 (0x00001f17) x30 0x80014e14
core   0: 0x80013e18 (0x1e3f2623) sw      gp, 492(t5)
core   0: 3 0x80013e18 (0x1e3f2623) mem 0x80015000 0x00000001
core   0: 0x80013e1c (0xff9ff06f) j       pc - 0x8
core   0: 3 0x80013e1c (0xff9ff06f)
core   0: 0x80013e14 (0x00001f17) auipc   t5, 0x1
core   0: 3 0x80013e14 (0x00001f17) x30 0x80014e14
core   0: 0x80013e18 (0x1e3f2623) sw      gp, 492(t5)
core   0: 3 0x80013e18 (0x1e3f2623) mem 0x80015000 0x00000001
core   0: 0x80013e1c (0xff9ff06f) j       pc - 0x8
core   0: 3 0x80013e1c (0xff9ff06f)
core   0: 0x80013e14 (0x00001f17) auipc   t5, 0x1
core   0: 3 0x80013e14 (0x00001f17) x30 0x80014e14
core   0: 0x80013e18 (0x1e3f2623) sw      gp, 492(t5)
core   0: 3 0x80013e18 (0x1e3f2623) mem 0x80015000 0x00000001
core   0: 0x80013e1c (0xff9ff06f) j       pc - 0x8
core   0: 3 0x80013e1c (0xff9ff06f)
core   0: 0x80013e14 (0x00001f17) auipc   t5, 0x1
core   0: 3 0x80013e14 (0x00001f17) x30 0x80014e14
core   0: 0x80013e18 (0x1e3f2623) sw      gp, 492(t5)
core   0: 3 0x80013e18 (0x1e3f2623) mem 0x80015000 0x00000001
core   0: 0x80013e1c (0xff9ff06f) j       pc - 0x8
core   0: 3 0x80013e1c (0xff9ff06f)
core   0: 0x80013e14 (0x00001f17) auipc   t5, 0x1
core   0: 3 0x80013e14 (0x00001f17) x30 0x80014e14
core   0: 0x80013e18 (0x1e3f2623) sw      gp, 492(t5)
core   0: 3 0x80013e18 (0x1e3f2623) mem 0x80015000 0x00000001
core   0: 0x80013e1c (0xff9ff06f) j       pc - 0x8
core   0: 3 0x80013e1c (0xff9ff06f)
core   0: 0x80013e14 (0x00001f17) auipc   t5, 0x1
core   0: 3 0x80013e14 (0x00001f17) x30 0x80014e14
core   0: 0x80013e18 (0x1e3f2623) sw      gp, 492(t5)
core   0: 3 0x80013e18 (0x1e3f2623) mem 0x80015000 0x00000001
core   0: 0x80013e1c (0xff9ff06f) j       pc - 0x8
core   0: 3 0x80013e1c (0xff9ff06f)
core   0: 0x80013e14 (0x00001f17) auipc   t5, 0x1
core   0: 3 0x80013e14 (0x00001f17) x30 0x80014e14
core   0: 0x80013e18 (0x1e3f2623) sw      gp, 492(t5)
core   0: 3 0x80013e18 (0x1e3f2623) mem 0x80015000 0x00000001
core   0: 0x80013e1c (0xff9ff06f) j       pc - 0x8
core   0: 3 0x80013e1c (0xff9ff06f)
core   0: 0x80013e14 (0x00001f17) auipc   t5, 0x1
core   0: 3 0x80013e14 (0x00001f17) x30 0x80014e14
core   0: 0x80013e18 (0x1e3f2623) sw      gp, 492(t5)
core   0: 3 0x80013e18 (0x1e3f2623) mem 0x80015000 0x00000001
core   0: 0x80013e1c (0xff9ff06f) j       pc - 0x8
core   0: 3 0x80013e1c (0xff9ff06f)
core   0: 0x80013e14 (0x00001f17) auipc   t5, 0x1
core   0: 3 0x80013e14 (0x00001f17) x30 0x80014e14
core   0: 0x80013e18 (0x1e3f2623) sw      gp, 492(t5)
core   0: 3 0x80013e18 (0x1e3f2623) mem 0x80015000 0x00000001
core   0: 0x80013e1c (0xff9ff06f) j       pc - 0x8
core   0: 3 0x80013e1c (0xff9ff06f)
core   0: 0x80013e14 (0x00001f17) auipc   t5, 0x1
core   0: 3 0x80013e14 (0x00001f17) x30 0x80014e14
core   0: 0x80013e18 (0x1e3f2623) sw      gp, 492(t5)
core   0: 3 0x80013e18 (0x1e3f2623) mem 0x80015000 0x00000001
core   0: 0x80013e1c (0xff9ff06f) j       pc - 0x8
core   0: 3 0x80013e1c (0xff9ff06f)
core   0: 0x80013e14 (0x00001f17) auipc   t5, 0x1
core   0: 3 0x80013e14 (0x00001f17) x30 0x80014e14
core   0: 0x80013e18 (0x1e3f2623) sw      gp, 492(t5)
core   0: 3 0x80013e18 (0x1e3f2623) mem 0x80015000 0x00000001
core   0: 0x80013e1c (0xff9ff06f) j       pc - 0x8
core   0: 3 0x80013e1c (0xff9ff06f)
core   0: 0x80013e14 (0x00001f17) auipc   t5, 0x1
core   0: 3 0x80013e14 (0x00001f17) x30 0x80014e14
core   0: 0x80013e18 (0x1e3f2623) sw      gp, 492(t5)
core   0: 3 0x80013e18 (0x1e3f2623) mem 0x80015000 0x00000001
core   0: 0x80013e1c (0xff9ff06f) j       pc - 0x8
core   0: 3 0x80013e1c (0xff9ff06f)
core   0: 0x80013e14 (0x00001f17) auipc   t5, 0x1
core   0: 3 0x80013e14 (0x00001f17) x30 0x80014e14
core   0: 0x80013e18 (0x1e3f2623) sw      gp, 492(t5)
core   0: 3 0x80013e18 (0x1e3f2623) mem 0x80015000 0x00000001
core   0: 0x80013e1c (0xff9ff06f) j       pc - 0x8
core   0: 3 0x80013e1c (0xff9ff06f)
core   0: 0x80013e14 (0x00001f17) auipc   t5, 0x1
core   0: 3 0x80013e14 (0x00001f17) x30 0x80014e14
core   0: 0x80013e18 (0x1e3f2623) sw      gp, 492(t5)
core   0: 3 0x80013e18 (0x1e3f2623) mem 0x80015000 0x00000001
core   0: 0x80013e1c (0xff9ff06f) j       pc - 0x8
core   0: 3 0x80013e1c (0xff9ff06f)
core   0: 0x80013e14 (0x00001f17) auipc   t5, 0x1
core   0: 3 0x80013e14 (0x00001f17) x30 0x80014e14
core   0: 0x80013e18 (0x1e3f2623) sw      gp, 492(t5)
core   0: 3 0x80013e18 (0x1e3f2623) mem 0x80015000 0x00000001
core   0: 0x80013e1c (0xff9ff06f) j       pc - 0x8
core   0: 3 0x80013e1c (0xff9ff06f)
core   0: 0x80013e14 (0x00001f17) auipc   t5, 0x1
core   0: 3 0x80013e14 (0x00001f17) x30 0x80014e14
core   0: 0x80013e18 (0x1e3f2623) sw      gp, 492(t5)
core   0: 3 0x80013e18 (0x1e3f2623) mem 0x80015000 0x00000001
core   0: 0x80013e1c (0xff9ff06f) j       pc - 0x8
core   0: 3 0x80013e1c (0xff9ff06f)
core   0: 0x80013e14 (0x00001f17) auipc   t5, 0x1
core   0: 3 0x80013e14 (0x00001f17) x30 0x80014e14
core   0: 0x80013e18 (0x1e3f2623) sw      gp, 492(t5)
core   0: 3 0x80013e18 (0x1e3f2623) mem 0x80015000 0x00000001
core   0: 0x80013e1c (0xff9ff06f) j       pc - 0x8
core   0: 3 0x80013e1c (0xff9ff06f)
core   0: 0x80013e14 (0x00001f17) auipc   t5, 0x1
core   0: 3 0x80013e14 (0x00001f17) x30 0x80014e14
core   0: 0x80013e18 (0x1e3f2623) sw      gp, 492(t5)
core   0: 3 0x80013e18 (0x1e3f2623) mem 0x80015000 0x00000001
core   0: 0x80013e1c (0xff9ff06f) j       pc - 0x8
core   0: 3 0x80013e1c (0xff9ff06f)
core   0: 0x80013e14 (0x00001f17) auipc   t5, 0x1
core   0: 3 0x80013e14 (0x00001f17) x30 0x80014e14
core   0: 0x80013e18 (0x1e3f2623) sw      gp, 492(t5)
core   0: 3 0x80013e18 (0x1e3f2623) mem 0x80015000 0x00000001
core   0: 0x80013e1c (0xff9ff06f) j       pc - 0x8
core   0: 3 0x80013e1c (0xff9ff06f)
core   0: 0x80013e14 (0x00001f17) auipc   t5, 0x1
core   0: 3 0x80013e14 (0x00001f17) x30 0x80014e14
core   0: 0x80013e18 (0x1e3f2623) sw      gp, 492(t5)
core   0: 3 0x80013e18 (0x1e3f2623) mem 0x80015000 0x00000001
core   0: 0x80013e1c (0xff9ff06f) j       pc - 0x8
core   0: 3 0x80013e1c (0xff9ff06f)
core   0: 0x80013e14 (0x00001f17) auipc   t5, 0x1
core   0: 3 0x80013e14 (0x00001f17) x30 0x80014e14
core   0: 0x80013e18 (0x1e3f2623) sw      gp, 492(t5)
core   0: 3 0x80013e18 (0x1e3f2623) mem 0x80015000 0x00000001
core   0: 0x80013e1c (0xff9ff06f) j       pc - 0x8
core   0: 3 0x80013e1c (0xff9ff06f)
core   0: 0x80013e14 (0x00001f17) auipc   t5, 0x1
core   0: 3 0x80013e14 (0x00001f17) x30 0x80014e14
core   0: 0x80013e18 (0x1e3f2623) sw      gp, 492(t5)
core   0: 3 0x80013e18 (0x1e3f2623) mem 0x80015000 0x00000001
core   0: 0x80013e1c (0xff9ff06f) j       pc - 0x8
core   0: 3 0x80013e1c (0xff9ff06f)
core   0: 0x80013e14 (0x00001f17) auipc   t5, 0x1
core   0: 3 0x80013e14 (0x00001f17) x30 0x80014e14
core   0: 0x80013e18 (0x1e3f2623) sw      gp, 492(t5)
core   0: 3 0x80013e18 (0x1e3f2623) mem 0x80015000 0x00000001
core   0: 0x80013e1c (0xff9ff06f) j       pc - 0x8
core   0: 3 0x80013e1c (0xff9ff06f)
core   0: 0x80013e14 (0x00001f17) auipc   t5, 0x1
core   0: 3 0x80013e14 (0x00001f17) x30 0x80014e14
core   0: 0x80013e18 (0x1e3f2623) sw      gp, 492(t5)
core   0: 3 0x80013e18 (0x1e3f2623) mem 0x80015000 0x00000001
core   0: 0x80013e1c (0xff9ff06f) j       pc - 0x8
core   0: 3 0x80013e1c (0xff9ff06f)
core   0: 0x80013e14 (0x00001f17) auipc   t5, 0x1
core   0: 3 0x80013e14 (0x00001f17) x30 0x80014e14
core   0: 0x80013e18 (0x1e3f2623) sw      gp, 492(t5)
core   0: 3 0x80013e18 (0x1e3f2623) mem 0x80015000 0x00000001
core   0: 0x80013e1c (0xff9ff06f) j       pc - 0x8
core   0: 3 0x80013e1c (0xff9ff06f)
core   0: 0x80013e14 (0x00001f17) auipc   t5, 0x1
core   0: 3 0x80013e14 (0x00001f17) x30 0x80014e14
core   0: 0x80013e18 (0x1e3f2623) sw      gp, 492(t5)
core   0: 3 0x80013e18 (0x1e3f2623) mem 0x80015000 0x00000001
core   0: 0x80013e1c (0xff9ff06f) j       pc - 0x8
core   0: 3 0x80013e1c (0xff9ff06f)
core   0: 0x80013e14 (0x00001f17) auipc   t5, 0x1
core   0: 3 0x80013e14 (0x00001f17) x30 0x80014e14
core   0: 0x80013e18 (0x1e3f2623) sw      gp, 492(t5)
core   0: 3 0x80013e18 (0x1e3f2623) mem 0x80015000 0x00000001
core   0: 0x80013e1c (0xff9ff06f) j       pc - 0x8
core   0: 3 0x80013e1c (0xff9ff06f)
core   0: 0x80013e14 (0x00001f17) auipc   t5, 0x1
core   0: 3 0x80013e14 (0x00001f17) x30 0x80014e14
core   0: 0x80013e18 (0x1e3f2623) sw      gp, 492(t5)
core   0: 3 0x80013e18 (0x1e3f2623) mem 0x80015000 0x00000001
core   0: 0x80013e1c (0xff9ff06f) j       pc - 0x8
core   0: 3 0x80013e1c (0xff9ff06f)
core   0: 0x80013e14 (0x00001f17) auipc   t5, 0x1
core   0: 3 0x80013e14 (0x00001f17) x30 0x80014e14
core   0: 0x80013e18 (0x1e3f2623) sw      gp, 492(t5)
core   0: 3 0x80013e18 (0x1e3f2623) mem 0x80015000 0x00000001
core   0: 0x80013e1c (0xff9ff06f) j       pc - 0x8
core   0: 3 0x80013e1c (0xff9ff06f)
core   0: 0x80013e14 (0x00001f17) auipc   t5, 0x1
core   0: 3 0x80013e14 (0x00001f17) x30 0x80014e14
core   0: 0x80013e18 (0x1e3f2623) sw      gp, 492(t5)
core   0: 3 0x80013e18 (0x1e3f2623) mem 0x80015000 0x00000001
core   0: 0x80013e1c (0xff9ff06f) j       pc - 0x8
core   0: 3 0x80013e1c (0xff9ff06f)
core   0: 0x80013e14 (0x00001f17) auipc   t5, 0x1
core   0: 3 0x80013e14 (0x00001f17) x30 0x80014e14
core   0: 0x80013e18 (0x1e3f2623) sw      gp, 492(t5)
core   0: 3 0x80013e18 (0x1e3f2623) mem 0x80015000 0x00000001
core   0: 0x80013e1c (0xff9ff06f) j       pc - 0x8
core   0: 3 0x80013e1c (0xff9ff06f)
core   0: 0x80013e14 (0x00001f17) auipc   t5, 0x1
core   0: 3 0x80013e14 (0x00001f17) x30 0x80014e14
core   0: 0x80013e18 (0x1e3f2623) sw      gp, 492(t5)
core   0: 3 0x80013e18 (0x1e3f2623) mem 0x80015000 0x00000001
core   0: 0x80013e1c (0xff9ff06f) j       pc - 0x8
core   0: 3 0x80013e1c (0xff9ff06f)
core   0: 0x80013e14 (0x00001f17) auipc   t5, 0x1
core   0: 3 0x80013e14 (0x00001f17) x30 0x80014e14
core   0: 0x80013e18 (0x1e3f2623) sw      gp, 492(t5)
core   0: 3 0x80013e18 (0x1e3f2623) mem 0x80015000 0x00000001
core   0: 0x80013e1c (0xff9ff06f) j       pc - 0x8
core   0: 3 0x80013e1c (0xff9ff06f)
core   0: 0x80013e14 (0x00001f17) auipc   t5, 0x1
core   0: 3 0x80013e14 (0x00001f17) x30 0x80014e14
core   0: 0x80013e18 (0x1e3f2623) sw      gp, 492(t5)
core   0: 3 0x80013e18 (0x1e3f2623) mem 0x80015000 0x00000001
core   0: 0x80013e1c (0xff9ff06f) j       pc - 0x8
core   0: 3 0x80013e1c (0xff9ff06f)
core   0: 0x80013e14 (0x00001f17) auipc   t5, 0x1
core   0: 3 0x80013e14 (0x00001f17) x30 0x80014e14
core   0: 0x80013e18 (0x1e3f2623) sw      gp, 492(t5)
core   0: 3 0x80013e18 (0x1e3f2623) mem 0x80015000 0x00000001
core   0: 0x80013e1c (0xff9ff06f) j       pc - 0x8
core   0: 3 0x80013e1c (0xff9ff06f)
core   0: 0x80013e14 (0x00001f17) auipc   t5, 0x1
core   0: 3 0x80013e14 (0x00001f17) x30 0x80014e14
core   0: 0x80013e18 (0x1e3f2623) sw      gp, 492(t5)
core   0: 3 0x80013e18 (0x1e3f2623) mem 0x80015000 0x00000001
core   0: 0x80013e1c (0xff9ff06f) j       pc - 0x8
core   0: 3 0x80013e1c (0xff9ff06f)
core   0: 0x80013e14 (0x00001f17) auipc   t5, 0x1
core   0: 3 0x80013e14 (0x00001f17) x30 0x80014e14
core   0: 0x80013e18 (0x1e3f2623) sw      gp, 492(t5)
core   0: 3 0x80013e18 (0x1e3f2623) mem 0x80015000 0x00000001
core   0: 0x80013e1c (0xff9ff06f) j       pc - 0x8
core   0: 3 0x80013e1c (0xff9ff06f)
core   0: 0x80013e14 (0x00001f17) auipc   t5, 0x1
core   0: 3 0x80013e14 (0x00001f17) x30 0x80014e14
core   0: 0x80013e18 (0x1e3f2623) sw      gp, 492(t5)
core   0: 3 0x80013e18 (0x1e3f2623) mem 0x80015000 0x00000001
core   0: 0x80013e1c (0xff9ff06f) j       pc - 0x8
core   0: 3 0x80013e1c (0xff9ff06f)
core   0: 0x80013e14 (0x00001f17) auipc   t5, 0x1
core   0: 3 0x80013e14 (0x00001f17) x30 0x80014e14
core   0: 0x80013e18 (0x1e3f2623) sw      gp, 492(t5)
core   0: 3 0x80013e18 (0x1e3f2623) mem 0x80015000 0x00000001
core   0: 0x80013e1c (0xff9ff06f) j       pc - 0x8
core   0: 3 0x80013e1c (0xff9ff06f)
core   0: 0x80013e14 (0x00001f17) auipc   t5, 0x1
core   0: 3 0x80013e14 (0x00001f17) x30 0x80014e14
core   0: 0x80013e18 (0x1e3f2623) sw      gp, 492(t5)
core   0: 3 0x80013e18 (0x1e3f2623) mem 0x80015000 0x00000001
core   0: 0x80013e1c (0xff9ff06f) j       pc - 0x8
core   0: 3 0x80013e1c (0xff9ff06f)
core   0: 0x80013e14 (0x00001f17) auipc   t5, 0x1
core   0: 3 0x80013e14 (0x00001f17) x30 0x80014e14
core   0: 0x80013e18 (0x1e3f2623) sw      gp, 492(t5)
core   0: 3 0x80013e18 (0x1e3f2623) mem 0x80015000 0x00000001
core   0: 0x80013e1c (0xff9ff06f) j       pc - 0x8
core   0: 3 0x80013e1c (0xff9ff06f)
core   0: 0x80013e14 (0x00001f17) auipc   t5, 0x1
core   0: 3 0x80013e14 (0x00001f17) x30 0x80014e14
core   0: 0x80013e18 (0x1e3f2623) sw      gp, 492(t5)
core   0: 3 0x80013e18 (0x1e3f2623) mem 0x80015000 0x00000001
core   0: 0x80013e1c (0xff9ff06f) j       pc - 0x8
core   0: 3 0x80013e1c (0xff9ff06f)
core   0: 0x80013e14 (0x00001f17) auipc   t5, 0x1
core   0: 3 0x80013e14 (0x00001f17) x30 0x80014e14
core   0: 0x80013e18 (0x1e3f2623) sw      gp, 492(t5)
core   0: 3 0x80013e18 (0x1e3f2623) mem 0x80015000 0x00000001
core   0: 0x80013e1c (0xff9ff06f) j       pc - 0x8
core   0: 3 0x80013e1c (0xff9ff06f)
core   0: 0x80013e14 (0x00001f17) auipc   t5, 0x1
core   0: 3 0x80013e14 (0x00001f17) x30 0x80014e14
core   0: 0x80013e18 (0x1e3f2623) sw      gp, 492(t5)
core   0: 3 0x80013e18 (0x1e3f2623) mem 0x80015000 0x00000001
core   0: 0x80013e1c (0xff9ff06f) j       pc - 0x8
core   0: 3 0x80013e1c (0xff9ff06f)
core   0: 0x80013e14 (0x00001f17) auipc   t5, 0x1
core   0: 3 0x80013e14 (0x00001f17) x30 0x80014e14
core   0: 0x80013e18 (0x1e3f2623) sw      gp, 492(t5)
core   0: 3 0x80013e18 (0x1e3f2623) mem 0x80015000 0x00000001
core   0: 0x80013e1c (0xff9ff06f) j       pc - 0x8
core   0: 3 0x80013e1c (0xff9ff06f)
core   0: 0x80013e14 (0x00001f17) auipc   t5, 0x1
core   0: 3 0x80013e14 (0x00001f17) x30 0x80014e14
core   0: 0x80013e18 (0x1e3f2623) sw      gp, 492(t5)
core   0: 3 0x80013e18 (0x1e3f2623) mem 0x80015000 0x00000001
core   0: 0x80013e1c (0xff9ff06f) j       pc - 0x8
core   0: 3 0x80013e1c (0xff9ff06f)
core   0: 0x80013e14 (0x00001f17) auipc   t5, 0x1
core   0: 3 0x80013e14 (0x00001f17) x30 0x80014e14
core   0: 0x80013e18 (0x1e3f2623) sw      gp, 492(t5)
core   0: 3 0x80013e18 (0x1e3f2623) mem 0x80015000 0x00000001
core   0: 0x80013e1c (0xff9ff06f) j       pc - 0x8
core   0: 3 0x80013e1c (0xff9ff06f)
core   0: 0x80013e14 (0x00001f17) auipc   t5, 0x1
core   0: 3 0x80013e14 (0x00001f17) x30 0x80014e14
core   0: 0x80013e18 (0x1e3f2623) sw      gp, 492(t5)
core   0: 3 0x80013e18 (0x1e3f2623) mem 0x80015000 0x00000001
core   0: 0x80013e1c (0xff9ff06f) j       pc - 0x8
core   0: 3 0x80013e1c (0xff9ff06f)
core   0: 0x80013e14 (0x00001f17) auipc   t5, 0x1
core   0: 3 0x80013e14 (0x00001f17) x30 0x80014e14
core   0: 0x80013e18 (0x1e3f2623) sw      gp, 492(t5)
core   0: 3 0x80013e18 (0x1e3f2623) mem 0x80015000 0x00000001
core   0: 0x80013e1c (0xff9ff06f) j       pc - 0x8
core   0: 3 0x80013e1c (0xff9ff06f)
core   0: 0x80013e14 (0x00001f17) auipc   t5, 0x1
core   0: 3 0x80013e14 (0x00001f17) x30 0x80014e14
core   0: 0x80013e18 (0x1e3f2623) sw      gp, 492(t5)
core   0: 3 0x80013e18 (0x1e3f2623) mem 0x80015000 0x00000001
core   0: 0x80013e1c (0xff9ff06f) j       pc - 0x8
core   0: 3 0x80013e1c (0xff9ff06f)
core   0: 0x80013e14 (0x00001f17) auipc   t5, 0x1
core   0: 3 0x80013e14 (0x00001f17) x30 0x80014e14
core   0: 0x80013e18 (0x1e3f2623) sw      gp, 492(t5)
core   0: 3 0x80013e18 (0x1e3f2623) mem 0x80015000 0x00000001
core   0: 0x80013e1c (0xff9ff06f) j       pc - 0x8
core   0: 3 0x80013e1c (0xff9ff06f)
core   0: 0x80013e14 (0x00001f17) auipc   t5, 0x1
core   0: 3 0x80013e14 (0x00001f17) x30 0x80014e14
core   0: 0x80013e18 (0x1e3f2623) sw      gp, 492(t5)
core   0: 3 0x80013e18 (0x1e3f2623) mem 0x80015000 0x00000001
core   0: 0x80013e1c (0xff9ff06f) j       pc - 0x8
core   0: 3 0x80013e1c (0xff9ff06f)
core   0: 0x80013e14 (0x00001f17) auipc   t5, 0x1
core   0: 3 0x80013e14 (0x00001f17) x30 0x80014e14
core   0: 0x80013e18 (0x1e3f2623) sw      gp, 492(t5)
core   0: 3 0x80013e18 (0x1e3f2623) mem 0x80015000 0x00000001
core   0: 0x80013e1c (0xff9ff06f) j       pc - 0x8
core   0: 3 0x80013e1c (0xff9ff06f)
core   0: 0x80013e14 (0x00001f17) auipc   t5, 0x1
core   0: 3 0x80013e14 (0x00001f17) x30 0x80014e14
core   0: 0x80013e18 (0x1e3f2623) sw      gp, 492(t5)
core   0: 3 0x80013e18 (0x1e3f2623) mem 0x80015000 0x00000001
core   0: 0x80013e1c (0xff9ff06f) j       pc - 0x8
core   0: 3 0x80013e1c (0xff9ff06f)
core   0: 0x80013e14 (0x00001f17) auipc   t5, 0x1
core   0: 3 0x80013e14 (0x00001f17) x30 0x80014e14
core   0: 0x80013e18 (0x1e3f2623) sw      gp, 492(t5)
core   0: 3 0x80013e18 (0x1e3f2623) mem 0x80015000 0x00000001
core   0: 0x80013e1c (0xff9ff06f) j       pc - 0x8
core   0: 3 0x80013e1c (0xff9ff06f)
core   0: 0x80013e14 (0x00001f17) auipc   t5, 0x1
core   0: 3 0x80013e14 (0x00001f17) x30 0x80014e14
core   0: 0x80013e18 (0x1e3f2623) sw      gp, 492(t5)
core   0: 3 0x80013e18 (0x1e3f2623) mem 0x80015000 0x00000001
core   0: 0x80013e1c (0xff9ff06f) j       pc - 0x8
core   0: 3 0x80013e1c (0xff9ff06f)
core   0: 0x80013e14 (0x00001f17) auipc   t5, 0x1
core   0: 3 0x80013e14 (0x00001f17) x30 0x80014e14
core   0: 0x80013e18 (0x1e3f2623) sw      gp, 492(t5)
core   0: 3 0x80013e18 (0x1e3f2623) mem 0x80015000 0x00000001
core   0: 0x80013e1c (0xff9ff06f) j       pc - 0x8
core   0: 3 0x80013e1c (0xff9ff06f)
core   0: 0x80013e14 (0x00001f17) auipc   t5, 0x1
core   0: 3 0x80013e14 (0x00001f17) x30 0x80014e14
core   0: 0x80013e18 (0x1e3f2623) sw      gp, 492(t5)
core   0: 3 0x80013e18 (0x1e3f2623) mem 0x80015000 0x00000001
core   0: 0x80013e1c (0xff9ff06f) j       pc - 0x8
core   0: 3 0x80013e1c (0xff9ff06f)
core   0: 0x80013e14 (0x00001f17) auipc   t5, 0x1
core   0: 3 0x80013e14 (0x00001f17) x30 0x80014e14
core   0: 0x80013e18 (0x1e3f2623) sw      gp, 492(t5)
core   0: 3 0x80013e18 (0x1e3f2623) mem 0x80015000 0x00000001
core   0: 0x80013e1c (0xff9ff06f) j       pc - 0x8
core   0: 3 0x80013e1c (0xff9ff06f)
core   0: 0x80013e14 (0x00001f17) auipc   t5, 0x1
core   0: 3 0x80013e14 (0x00001f17) x30 0x80014e14
core   0: 0x80013e18 (0x1e3f2623) sw      gp, 492(t5)
core   0: 3 0x80013e18 (0x1e3f2623) mem 0x80015000 0x00000001
core   0: 0x80013e1c (0xff9ff06f) j       pc - 0x8
core   0: 3 0x80013e1c (0xff9ff06f)
core   0: 0x80013e14 (0x00001f17) auipc   t5, 0x1
core   0: 3 0x80013e14 (0x00001f17) x30 0x80014e14
core   0: 0x80013e18 (0x1e3f2623) sw      gp, 492(t5)
core   0: 3 0x80013e18 (0x1e3f2623) mem 0x80015000 0x00000001
core   0: 0x80013e1c (0xff9ff06f) j       pc - 0x8
core   0: 3 0x80013e1c (0xff9ff06f)
core   0: 0x80013e14 (0x00001f17) auipc   t5, 0x1
core   0: 3 0x80013e14 (0x00001f17) x30 0x80014e14
core   0: 0x80013e18 (0x1e3f2623) sw      gp, 492(t5)
core   0: 3 0x80013e18 (0x1e3f2623) mem 0x80015000 0x00000001
core   0: 0x80013e1c (0xff9ff06f) j       pc - 0x8
core   0: 3 0x80013e1c (0xff9ff06f)
core   0: 0x80013e14 (0x00001f17) auipc   t5, 0x1
core   0: 3 0x80013e14 (0x00001f17) x30 0x80014e14
core   0: 0x80013e18 (0x1e3f2623) sw      gp, 492(t5)
core   0: 3 0x80013e18 (0x1e3f2623) mem 0x80015000 0x00000001
core   0: 0x80013e1c (0xff9ff06f) j       pc - 0x8
core   0: 3 0x80013e1c (0xff9ff06f)
core   0: 0x80013e14 (0x00001f17) auipc   t5, 0x1
core   0: 3 0x80013e14 (0x00001f17) x30 0x80014e14
core   0: 0x80013e18 (0x1e3f2623) sw      gp, 492(t5)
core   0: 3 0x80013e18 (0x1e3f2623) mem 0x80015000 0x00000001
core   0: 0x80013e1c (0xff9ff06f) j       pc - 0x8
core   0: 3 0x80013e1c (0xff9ff06f)
core   0: 0x80013e14 (0x00001f17) auipc   t5, 0x1
core   0: 3 0x80013e14 (0x00001f17) x30 0x80014e14
core   0: 0x80013e18 (0x1e3f2623) sw      gp, 492(t5)
core   0: 3 0x80013e18 (0x1e3f2623) mem 0x80015000 0x00000001
core   0: 0x80013e1c (0xff9ff06f) j       pc - 0x8
core   0: 3 0x80013e1c (0xff9ff06f)
core   0: 0x80013e14 (0x00001f17) auipc   t5, 0x1
core   0: 3 0x80013e14 (0x00001f17) x30 0x80014e14
core   0: 0x80013e18 (0x1e3f2623) sw      gp, 492(t5)
core   0: 3 0x80013e18 (0x1e3f2623) mem 0x80015000 0x00000001
core   0: 0x80013e1c (0xff9ff06f) j       pc - 0x8
core   0: 3 0x80013e1c (0xff9ff06f)
core   0: 0x80013e14 (0x00001f17) auipc   t5, 0x1
core   0: 3 0x80013e14 (0x00001f17) x30 0x80014e14
core   0: 0x80013e18 (0x1e3f2623) sw      gp, 492(t5)
core   0: 3 0x80013e18 (0x1e3f2623) mem 0x80015000 0x00000001
core   0: 0x80013e1c (0xff9ff06f) j       pc - 0x8
core   0: 3 0x80013e1c (0xff9ff06f)
core   0: 0x80013e14 (0x00001f17) auipc   t5, 0x1
core   0: 3 0x80013e14 (0x00001f17) x30 0x80014e14
core   0: 0x80013e18 (0x1e3f2623) sw      gp, 492(t5)
core   0: 3 0x80013e18 (0x1e3f2623) mem 0x80015000 0x00000001
core   0: 0x80013e1c (0xff9ff06f) j       pc - 0x8
core   0: 3 0x80013e1c (0xff9ff06f)
core   0: 0x80013e14 (0x00001f17) auipc   t5, 0x1
core   0: 3 0x80013e14 (0x00001f17) x30 0x80014e14
core   0: 0x80013e18 (0x1e3f2623) sw      gp, 492(t5)
core   0: 3 0x80013e18 (0x1e3f2623) mem 0x80015000 0x00000001
core   0: 0x80013e1c (0xff9ff06f) j       pc - 0x8
core   0: 3 0x80013e1c (0xff9ff06f)
core   0: 0x80013e14 (0x00001f17) auipc   t5, 0x1
core   0: 3 0x80013e14 (0x00001f17) x30 0x80014e14
core   0: 0x80013e18 (0x1e3f2623) sw      gp, 492(t5)
core   0: 3 0x80013e18 (0x1e3f2623) mem 0x80015000 0x00000001
core   0: 0x80013e1c (0xff9ff06f) j       pc - 0x8
core   0: 3 0x80013e1c (0xff9ff06f)
core   0: 0x80013e14 (0x00001f17) auipc   t5, 0x1
core   0: 3 0x80013e14 (0x00001f17) x30 0x80014e14
core   0: 0x80013e18 (0x1e3f2623) sw      gp, 492(t5)
core   0: 3 0x80013e18 (0x1e3f2623) mem 0x80015000 0x00000001
core   0: 0x80013e1c (0xff9ff06f) j       pc - 0x8
core   0: 3 0x80013e1c (0xff9ff06f)
core   0: 0x80013e14 (0x00001f17) auipc   t5, 0x1
core   0: 3 0x80013e14 (0x00001f17) x30 0x80014e14
core   0: 0x80013e18 (0x1e3f2623) sw      gp, 492(t5)
core   0: 3 0x80013e18 (0x1e3f2623) mem 0x80015000 0x00000001
core   0: 0x80013e1c (0xff9ff06f) j       pc - 0x8
core   0: 3 0x80013e1c (0xff9ff06f)
core   0: 0x80013e14 (0x00001f17) auipc   t5, 0x1
core   0: 3 0x80013e14 (0x00001f17) x30 0x80014e14
core   0: 0x80013e18 (0x1e3f2623) sw      gp, 492(t5)
core   0: 3 0x80013e18 (0x1e3f2623) mem 0x80015000 0x00000001
core   0: 0x80013e1c (0xff9ff06f) j       pc - 0x8
core   0: 3 0x80013e1c (0xff9ff06f)
core   0: 0x80013e14 (0x00001f17) auipc   t5, 0x1
core   0: 3 0x80013e14 (0x00001f17) x30 0x80014e14
core   0: 0x80013e18 (0x1e3f2623) sw      gp, 492(t5)
core   0: 3 0x80013e18 (0x1e3f2623) mem 0x80015000 0x00000001
core   0: 0x80013e1c (0xff9ff06f) j       pc - 0x8
core   0: 3 0x80013e1c (0xff9ff06f)
core   0: 0x80013e14 (0x00001f17) auipc   t5, 0x1
core   0: 3 0x80013e14 (0x00001f17) x30 0x80014e14
core   0: 0x80013e18 (0x1e3f2623) sw      gp, 492(t5)
core   0: 3 0x80013e18 (0x1e3f2623) mem 0x80015000 0x00000001
core   0: 0x80013e1c (0xff9ff06f) j       pc - 0x8
core   0: 3 0x80013e1c (0xff9ff06f)
core   0: 0x80013e14 (0x00001f17) auipc   t5, 0x1
core   0: 3 0x80013e14 (0x00001f17) x30 0x80014e14
core   0: 0x80013e18 (0x1e3f2623) sw      gp, 492(t5)
core   0: 3 0x80013e18 (0x1e3f2623) mem 0x80015000 0x00000001
core   0: 0x80013e1c (0xff9ff06f) j       pc - 0x8
core   0: 3 0x80013e1c (0xff9ff06f)
core   0: 0x80013e14 (0x00001f17) auipc   t5, 0x1
core   0: 3 0x80013e14 (0x00001f17) x30 0x80014e14
core   0: 0x80013e18 (0x1e3f2623) sw      gp, 492(t5)
core   0: 3 0x80013e18 (0x1e3f2623) mem 0x80015000 0x00000001
core   0: 0x80013e1c (0xff9ff06f) j       pc - 0x8
core   0: 3 0x80013e1c (0xff9ff06f)
core   0: 0x80013e14 (0x00001f17) auipc   t5, 0x1
core   0: 3 0x80013e14 (0x00001f17) x30 0x80014e14
core   0: 0x80013e18 (0x1e3f2623) sw      gp, 492(t5)
core   0: 3 0x80013e18 (0x1e3f2623) mem 0x80015000 0x00000001
core   0: 0x80013e1c (0xff9ff06f) j       pc - 0x8
core   0: 3 0x80013e1c (0xff9ff06f)
core   0: 0x80013e14 (0x00001f17) auipc   t5, 0x1
core   0: 3 0x80013e14 (0x00001f17) x30 0x80014e14
core   0: 0x80013e18 (0x1e3f2623) sw      gp, 492(t5)
core   0: 3 0x80013e18 (0x1e3f2623) mem 0x80015000 0x00000001
core   0: 0x80013e1c (0xff9ff06f) j       pc - 0x8
core   0: 3 0x80013e1c (0xff9ff06f)
core   0: 0x80013e14 (0x00001f17) auipc   t5, 0x1
core   0: 3 0x80013e14 (0x00001f17) x30 0x80014e14
core   0: 0x80013e18 (0x1e3f2623) sw      gp, 492(t5)
core   0: 3 0x80013e18 (0x1e3f2623) mem 0x80015000 0x00000001
core   0: 0x80013e1c (0xff9ff06f) j       pc - 0x8
core   0: 3 0x80013e1c (0xff9ff06f)
core   0: 0x80013e14 (0x00001f17) auipc   t5, 0x1
core   0: 3 0x80013e14 (0x00001f17) x30 0x80014e14
core   0: 0x80013e18 (0x1e3f2623) sw      gp, 492(t5)
core   0: 3 0x80013e18 (0x1e3f2623) mem 0x80015000 0x00000001
core   0: 0x80013e1c (0xff9ff06f) j       pc - 0x8
core   0: 3 0x80013e1c (0xff9ff06f)
core   0: 0x80013e14 (0x00001f17) auipc   t5, 0x1
core   0: 3 0x80013e14 (0x00001f17) x30 0x80014e14
core   0: 0x80013e18 (0x1e3f2623) sw      gp, 492(t5)
core   0: 3 0x80013e18 (0x1e3f2623) mem 0x80015000 0x00000001
core   0: 0x80013e1c (0xff9ff06f) j       pc - 0x8
core   0: 3 0x80013e1c (0xff9ff06f)
core   0: 0x80013e14 (0x00001f17) auipc   t5, 0x1
core   0: 3 0x80013e14 (0x00001f17) x30 0x80014e14
core   0: 0x80013e18 (0x1e3f2623) sw      gp, 492(t5)
core   0: 3 0x80013e18 (0x1e3f2623) mem 0x80015000 0x00000001
core   0: 0x80013e1c (0xff9ff06f) j       pc - 0x8
core   0: 3 0x80013e1c (0xff9ff06f)
core   0: 0x80013e14 (0x00001f17) auipc   t5, 0x1
core   0: 3 0x80013e14 (0x00001f17) x30 0x80014e14
core   0: 0x80013e18 (0x1e3f2623) sw      gp, 492(t5)
core   0: 3 0x80013e18 (0x1e3f2623) mem 0x80015000 0x00000001
core   0: 0x80013e1c (0xff9ff06f) j       pc - 0x8
core   0: 3 0x80013e1c (0xff9ff06f)
core   0: 0x80013e14 (0x00001f17) auipc   t5, 0x1
core   0: 3 0x80013e14 (0x00001f17) x30 0x80014e14
core   0: 0x80013e18 (0x1e3f2623) sw      gp, 492(t5)
core   0: 3 0x80013e18 (0x1e3f2623) mem 0x80015000 0x00000001
core   0: 0x80013e1c (0xff9ff06f) j       pc - 0x8
core   0: 3 0x80013e1c (0xff9ff06f)
core   0: 0x80013e14 (0x00001f17) auipc   t5, 0x1
core   0: 3 0x80013e14 (0x00001f17) x30 0x80014e14
core   0: 0x80013e18 (0x1e3f2623) sw      gp, 492(t5)
core   0: 3 0x80013e18 (0x1e3f2623) mem 0x80015000 0x00000001
core   0: 0x80013e1c (0xff9ff06f) j       pc - 0x8
core   0: 3 0x80013e1c (0xff9ff06f)
core   0: 0x80013e14 (0x00001f17) auipc   t5, 0x1
core   0: 3 0x80013e14 (0x00001f17) x30 0x80014e14
core   0: 0x80013e18 (0x1e3f2623) sw      gp, 492(t5)
core   0: 3 0x80013e18 (0x1e3f2623) mem 0x80015000 0x00000001
core   0: 0x80013e1c (0xff9ff06f) j       pc - 0x8
core   0: 3 0x80013e1c (0xff9ff06f)
core   0: 0x80013e14 (0x00001f17) auipc   t5, 0x1
core   0: 3 0x80013e14 (0x00001f17) x30 0x80014e14
core   0: 0x80013e18 (0x1e3f2623) sw      gp, 492(t5)
core   0: 3 0x80013e18 (0x1e3f2623) mem 0x80015000 0x00000001
core   0: 0x80013e1c (0xff9ff06f) j       pc - 0x8
core   0: 3 0x80013e1c (0xff9ff06f)
core   0: 0x80013e14 (0x00001f17) auipc   t5, 0x1
core   0: 3 0x80013e14 (0x00001f17) x30 0x80014e14
core   0: 0x80013e18 (0x1e3f2623) sw      gp, 492(t5)
core   0: 3 0x80013e18 (0x1e3f2623) mem 0x80015000 0x00000001
core   0: 0x80013e1c (0xff9ff06f) j       pc - 0x8
core   0: 3 0x80013e1c (0xff9ff06f)
core   0: 0x80013e14 (0x00001f17) auipc   t5, 0x1
core   0: 3 0x80013e14 (0x00001f17) x30 0x80014e14
core   0: 0x80013e18 (0x1e3f2623) sw      gp, 492(t5)
core   0: 3 0x80013e18 (0x1e3f2623) mem 0x80015000 0x00000001
core   0: 0x80013e1c (0xff9ff06f) j       pc - 0x8
core   0: 3 0x80013e1c (0xff9ff06f)
core   0: 0x80013e14 (0x00001f17) auipc   t5, 0x1
core   0: 3 0x80013e14 (0x00001f17) x30 0x80014e14
core   0: 0x80013e18 (0x1e3f2623) sw      gp, 492(t5)
core   0: 3 0x80013e18 (0x1e3f2623) mem 0x80015000 0x00000001
core   0: 0x80013e1c (0xff9ff06f) j       pc - 0x8
core   0: 3 0x80013e1c (0xff9ff06f)
core   0: 0x80013e14 (0x00001f17) auipc   t5, 0x1
core   0: 3 0x80013e14 (0x00001f17) x30 0x80014e14
core   0: 0x80013e18 (0x1e3f2623) sw      gp, 492(t5)
core   0: 3 0x80013e18 (0x1e3f2623) mem 0x80015000 0x00000001
core   0: 0x80013e1c (0xff9ff06f) j       pc - 0x8
core   0: 3 0x80013e1c (0xff9ff06f)
core   0: 0x80013e14 (0x00001f17) auipc   t5, 0x1
core   0: 3 0x80013e14 (0x00001f17) x30 0x80014e14
core   0: 0x80013e18 (0x1e3f2623) sw      gp, 492(t5)
core   0: 3 0x80013e18 (0x1e3f2623) mem 0x80015000 0x00000001
core   0: 0x80013e1c (0xff9ff06f) j       pc - 0x8
core   0: 3 0x80013e1c (0xff9ff06f)
core   0: 0x80013e14 (0x00001f17) auipc   t5, 0x1
core   0: 3 0x80013e14 (0x00001f17) x30 0x80014e14
core   0: 0x80013e18 (0x1e3f2623) sw      gp, 492(t5)
core   0: 3 0x80013e18 (0x1e3f2623) mem 0x80015000 0x00000001
core   0: 0x80013e1c (0xff9ff06f) j       pc - 0x8
core   0: 3 0x80013e1c (0xff9ff06f)
core   0: 0x80013e14 (0x00001f17) auipc   t5, 0x1
core   0: 3 0x80013e14 (0x00001f17) x30 0x80014e14
core   0: 0x80013e18 (0x1e3f2623) sw      gp, 492(t5)
core   0: 3 0x80013e18 (0x1e3f2623) mem 0x80015000 0x00000001
core   0: 0x80013e1c (0xff9ff06f) j       pc - 0x8
core   0: 3 0x80013e1c (0xff9ff06f)
core   0: 0x80013e14 (0x00001f17) auipc   t5, 0x1
core   0: 3 0x80013e14 (0x00001f17) x30 0x80014e14
core   0: 0x80013e18 (0x1e3f2623) sw      gp, 492(t5)
core   0: 3 0x80013e18 (0x1e3f2623) mem 0x80015000 0x00000001
core   0: 0x80013e1c (0xff9ff06f) j       pc - 0x8
core   0: 3 0x80013e1c (0xff9ff06f)
core   0: 0x80013e14 (0x00001f17) auipc   t5, 0x1
core   0: 3 0x80013e14 (0x00001f17) x30 0x80014e14
core   0: 0x80013e18 (0x1e3f2623) sw      gp, 492(t5)
core   0: 3 0x80013e18 (0x1e3f2623) mem 0x80015000 0x00000001
core   0: 0x80013e1c (0xff9ff06f) j       pc - 0x8
core   0: 3 0x80013e1c (0xff9ff06f)
core   0: 0x80013e14 (0x00001f17) auipc   t5, 0x1
core   0: 3 0x80013e14 (0x00001f17) x30 0x80014e14
core   0: 0x80013e18 (0x1e3f2623) sw      gp, 492(t5)
core   0: 3 0x80013e18 (0x1e3f2623) mem 0x80015000 0x00000001
core   0: 0x80013e1c (0xff9ff06f) j       pc - 0x8
core   0: 3 0x80013e1c (0xff9ff06f)
core   0: 0x80013e14 (0x00001f17) auipc   t5, 0x1
core   0: 3 0x80013e14 (0x00001f17) x30 0x80014e14
core   0: 0x80013e18 (0x1e3f2623) sw      gp, 492(t5)
core   0: 3 0x80013e18 (0x1e3f2623) mem 0x80015000 0x00000001
core   0: 0x80013e1c (0xff9ff06f) j       pc - 0x8
core   0: 3 0x80013e1c (0xff9ff06f)
core   0: 0x80013e14 (0x00001f17) auipc   t5, 0x1
core   0: 3 0x80013e14 (0x00001f17) x30 0x80014e14
core   0: 0x80013e18 (0x1e3f2623) sw      gp, 492(t5)
core   0: 3 0x80013e18 (0x1e3f2623) mem 0x80015000 0x00000001
core   0: 0x80013e1c (0xff9ff06f) j       pc - 0x8
core   0: 3 0x80013e1c (0xff9ff06f)
core   0: 0x80013e14 (0x00001f17) auipc   t5, 0x1
core   0: 3 0x80013e14 (0x00001f17) x30 0x80014e14
core   0: 0x80013e18 (0x1e3f2623) sw      gp, 492(t5)
core   0: 3 0x80013e18 (0x1e3f2623) mem 0x80015000 0x00000001
core   0: 0x80013e1c (0xff9ff06f) j       pc - 0x8
core   0: 3 0x80013e1c (0xff9ff06f)
core   0: 0x80013e14 (0x00001f17) auipc   t5, 0x1
core   0: 3 0x80013e14 (0x00001f17) x30 0x80014e14
core   0: 0x80013e18 (0x1e3f2623) sw      gp, 492(t5)
core   0: 3 0x80013e18 (0x1e3f2623) mem 0x80015000 0x00000001
core   0: 0x80013e1c (0xff9ff06f) j       pc - 0x8
core   0: 3 0x80013e1c (0xff9ff06f)
core   0: 0x80013e14 (0x00001f17) auipc   t5, 0x1
core   0: 3 0x80013e14 (0x00001f17) x30 0x80014e14
core   0: 0x80013e18 (0x1e3f2623) sw      gp, 492(t5)
core   0: 3 0x80013e18 (0x1e3f2623) mem 0x80015000 0x00000001
core   0: 0x80013e1c (0xff9ff06f) j       pc - 0x8
core   0: 3 0x80013e1c (0xff9ff06f)
core   0: 0x80013e14 (0x00001f17) auipc   t5, 0x1
core   0: 3 0x80013e14 (0x00001f17) x30 0x80014e14
core   0: 0x80013e18 (0x1e3f2623) sw      gp, 492(t5)
core   0: 3 0x80013e18 (0x1e3f2623) mem 0x80015000 0x00000001
core   0: 0x80013e1c (0xff9ff06f) j       pc - 0x8
core   0: 3 0x80013e1c (0xff9ff06f)
core   0: 0x80013e14 (0x00001f17) auipc   t5, 0x1
core   0: 3 0x80013e14 (0x00001f17) x30 0x80014e14
core   0: 0x80013e18 (0x1e3f2623) sw      gp, 492(t5)
core   0: 3 0x80013e18 (0x1e3f2623) mem 0x80015000 0x00000001
core   0: 0x80013e1c (0xff9ff06f) j       pc - 0x8
core   0: 3 0x80013e1c (0xff9ff06f)
core   0: 0x80013e14 (0x00001f17) auipc   t5, 0x1
core   0: 3 0x80013e14 (0x00001f17) x30 0x80014e14
core   0: 0x80013e18 (0x1e3f2623) sw      gp, 492(t5)
core   0: 3 0x80013e18 (0x1e3f2623) mem 0x80015000 0x00000001
core   0: 0x80013e1c (0xff9ff06f) j       pc - 0x8
core   0: 3 0x80013e1c (0xff9ff06f)
core   0: 0x80013e14 (0x00001f17) auipc   t5, 0x1
core   0: 3 0x80013e14 (0x00001f17) x30 0x80014e14
core   0: 0x80013e18 (0x1e3f2623) sw      gp, 492(t5)
core   0: 3 0x80013e18 (0x1e3f2623) mem 0x80015000 0x00000001
core   0: 0x80013e1c (0xff9ff06f) j       pc - 0x8
core   0: 3 0x80013e1c (0xff9ff06f)
core   0: 0x80013e14 (0x00001f17) auipc   t5, 0x1
core   0: 3 0x80013e14 (0x00001f17) x30 0x80014e14
core   0: 0x80013e18 (0x1e3f2623) sw      gp, 492(t5)
core   0: 3 0x80013e18 (0x1e3f2623) mem 0x80015000 0x00000001
core   0: 0x80013e1c (0xff9ff06f) j       pc - 0x8
core   0: 3 0x80013e1c (0xff9ff06f)
core   0: 0x80013e14 (0x00001f17) auipc   t5, 0x1
core   0: 3 0x80013e14 (0x00001f17) x30 0x80014e14
core   0: 0x80013e18 (0x1e3f2623) sw      gp, 492(t5)
core   0: 3 0x80013e18 (0x1e3f2623) mem 0x80015000 0x00000001
core   0: 0x80013e1c (0xff9ff06f) j       pc - 0x8
core   0: 3 0x80013e1c (0xff9ff06f)
core   0: 0x80013e14 (0x00001f17) auipc   t5, 0x1
core   0: 3 0x80013e14 (0x00001f17) x30 0x80014e14
core   0: 0x80013e18 (0x1e3f2623) sw      gp, 492(t5)
core   0: 3 0x80013e18 (0x1e3f2623) mem 0x80015000 0x00000001
core   0: 0x80013e1c (0xff9ff06f) j       pc - 0x8
core   0: 3 0x80013e1c (0xff9ff06f)
core   0: 0x80013e14 (0x00001f17) auipc   t5, 0x1
core   0: 3 0x80013e14 (0x00001f17) x30 0x80014e14
core   0: 0x80013e18 (0x1e3f2623) sw      gp, 492(t5)
core   0: 3 0x80013e18 (0x1e3f2623) mem 0x80015000 0x00000001
core   0: 0x80013e1c (0xff9ff06f) j       pc - 0x8
core   0: 3 0x80013e1c (0xff9ff06f)
core   0: 0x80013e14 (0x00001f17) auipc   t5, 0x1
core   0: 3 0x80013e14 (0x00001f17) x30 0x80014e14
core   0: 0x80013e18 (0x1e3f2623) sw      gp, 492(t5)
core   0: 3 0x80013e18 (0x1e3f2623) mem 0x80015000 0x00000001
core   0: 0x80013e1c (0xff9ff06f) j       pc - 0x8
core   0: 3 0x80013e1c (0xff9ff06f)
core   0: 0x80013e14 (0x00001f17) auipc   t5, 0x1
core   0: 3 0x80013e14 (0x00001f17) x30 0x80014e14
core   0: 0x80013e18 (0x1e3f2623) sw      gp, 492(t5)
core   0: 3 0x80013e18 (0x1e3f2623) mem 0x80015000 0x00000001
core   0: 0x80013e1c (0xff9ff06f) j       pc - 0x8
core   0: 3 0x80013e1c (0xff9ff06f)
core   0: 0x80013e14 (0x00001f17) auipc   t5, 0x1
core   0: 3 0x80013e14 (0x00001f17) x30 0x80014e14
core   0: 0x80013e18 (0x1e3f2623) sw      gp, 492(t5)
core   0: 3 0x80013e18 (0x1e3f2623) mem 0x80015000 0x00000001
core   0: 0x80013e1c (0xff9ff06f) j       pc - 0x8
core   0: 3 0x80013e1c (0xff9ff06f)
core   0: 0x80013e14 (0x00001f17) auipc   t5, 0x1
core   0: 3 0x80013e14 (0x00001f17) x30 0x80014e14
core   0: 0x80013e18 (0x1e3f2623) sw      gp, 492(t5)
core   0: 3 0x80013e18 (0x1e3f2623) mem 0x80015000 0x00000001
core   0: 0x80013e1c (0xff9ff06f) j       pc - 0x8
core   0: 3 0x80013e1c (0xff9ff06f)
core   0: 0x80013e14 (0x00001f17) auipc   t5, 0x1
core   0: 3 0x80013e14 (0x00001f17) x30 0x80014e14
core   0: 0x80013e18 (0x1e3f2623) sw      gp, 492(t5)
core   0: 3 0x80013e18 (0x1e3f2623) mem 0x80015000 0x00000001
core   0: 0x80013e1c (0xff9ff06f) j       pc - 0x8
core   0: 3 0x80013e1c (0xff9ff06f)
core   0: 0x80013e14 (0x00001f17) auipc   t5, 0x1
core   0: 3 0x80013e14 (0x00001f17) x30 0x80014e14
core   0: 0x80013e18 (0x1e3f2623) sw      gp, 492(t5)
core   0: 3 0x80013e18 (0x1e3f2623) mem 0x80015000 0x00000001
core   0: 0x80013e1c (0xff9ff06f) j       pc - 0x8
core   0: 3 0x80013e1c (0xff9ff06f)
core   0: 0x80013e14 (0x00001f17) auipc   t5, 0x1
core   0: 3 0x80013e14 (0x00001f17) x30 0x80014e14
core   0: 0x80013e18 (0x1e3f2623) sw      gp, 492(t5)
core   0: 3 0x80013e18 (0x1e3f2623) mem 0x80015000 0x00000001
core   0: 0x80013e1c (0xff9ff06f) j       pc - 0x8
core   0: 3 0x80013e1c (0xff9ff06f)
core   0: 0x80013e14 (0x00001f17) auipc   t5, 0x1
core   0: 3 0x80013e14 (0x00001f17) x30 0x80014e14
core   0: 0x80013e18 (0x1e3f2623) sw      gp, 492(t5)
core   0: 3 0x80013e18 (0x1e3f2623) mem 0x80015000 0x00000001
core   0: 0x80013e1c (0xff9ff06f) j       pc - 0x8
core   0: 3 0x80013e1c (0xff9ff06f)
core   0: 0x80013e14 (0x00001f17) auipc   t5, 0x1
core   0: 3 0x80013e14 (0x00001f17) x30 0x80014e14
core   0: 0x80013e18 (0x1e3f2623) sw      gp, 492(t5)
core   0: 3 0x80013e18 (0x1e3f2623) mem 0x80015000 0x00000001
core   0: 0x80013e1c (0xff9ff06f) j       pc - 0x8
core   0: 3 0x80013e1c (0xff9ff06f)
core   0: 0x80013e14 (0x00001f17) auipc   t5, 0x1
core   0: 3 0x80013e14 (0x00001f17) x30 0x80014e14
core   0: 0x80013e18 (0x1e3f2623) sw      gp, 492(t5)
core   0: 3 0x80013e18 (0x1e3f2623) mem 0x80015000 0x00000001
core   0: 0x80013e1c (0xff9ff06f) j       pc - 0x8
core   0: 3 0x80013e1c (0xff9ff06f)
core   0: 0x80013e14 (0x00001f17) auipc   t5, 0x1
core   0: 3 0x80013e14 (0x00001f17) x30 0x80014e14
core   0: 0x80013e18 (0x1e3f2623) sw      gp, 492(t5)
core   0: 3 0x80013e18 (0x1e3f2623) mem 0x80015000 0x00000001
core   0: 0x80013e1c (0xff9ff06f) j       pc - 0x8
core   0: 3 0x80013e1c (0xff9ff06f)
core   0: 0x80013e14 (0x00001f17) auipc   t5, 0x1
core   0: 3 0x80013e14 (0x00001f17) x30 0x80014e14
core   0: 0x80013e18 (0x1e3f2623) sw      gp, 492(t5)
core   0: 3 0x80013e18 (0x1e3f2623) mem 0x80015000 0x00000001
core   0: 0x80013e1c (0xff9ff06f) j       pc - 0x8
core   0: 3 0x80013e1c (0xff9ff06f)
core   0: 0x80013e14 (0x00001f17) auipc   t5, 0x1
core   0: 3 0x80013e14 (0x00001f17) x30 0x80014e14
core   0: 0x80013e18 (0x1e3f2623) sw      gp, 492(t5)
core   0: 3 0x80013e18 (0x1e3f2623) mem 0x80015000 0x00000001
core   0: 0x80013e1c (0xff9ff06f) j       pc - 0x8
core   0: 3 0x80013e1c (0xff9ff06f)
core   0: 0x80013e14 (0x00001f17) auipc   t5, 0x1
core   0: 3 0x80013e14 (0x00001f17) x30 0x80014e14
core   0: 0x80013e18 (0x1e3f2623) sw      gp, 492(t5)
core   0: 3 0x80013e18 (0x1e3f2623) mem 0x80015000 0x00000001
core   0: 0x80013e1c (0xff9ff06f) j       pc - 0x8
core   0: 3 0x80013e1c (0xff9ff06f)
core   0: 0x80013e14 (0x00001f17) auipc   t5, 0x1
core   0: 3 0x80013e14 (0x00001f17) x30 0x80014e14
core   0: 0x80013e18 (0x1e3f2623) sw      gp, 492(t5)
core   0: 3 0x80013e18 (0x1e3f2623) mem 0x80015000 0x00000001
core   0: 0x80013e1c (0xff9ff06f) j       pc - 0x8
core   0: 3 0x80013e1c (0xff9ff06f)
core   0: 0x80013e14 (0x00001f17) auipc   t5, 0x1
core   0: 3 0x80013e14 (0x00001f17) x30 0x80014e14
core   0: 0x80013e18 (0x1e3f2623) sw      gp, 492(t5)
core   0: 3 0x80013e18 (0x1e3f2623) mem 0x80015000 0x00000001
core   0: 0x80013e1c (0xff9ff06f) j       pc - 0x8
core   0: 3 0x80013e1c (0xff9ff06f)
core   0: 0x80013e14 (0x00001f17) auipc   t5, 0x1
core   0: 3 0x80013e14 (0x00001f17) x30 0x80014e14
core   0: 0x80013e18 (0x1e3f2623) sw      gp, 492(t5)
core   0: 3 0x80013e18 (0x1e3f2623) mem 0x80015000 0x00000001
core   0: 0x80013e1c (0xff9ff06f) j       pc - 0x8
core   0: 3 0x80013e1c (0xff9ff06f)
core   0: 0x80013e14 (0x00001f17) auipc   t5, 0x1
core   0: 3 0x80013e14 (0x00001f17) x30 0x80014e14
core   0: 0x80013e18 (0x1e3f2623) sw      gp, 492(t5)
core   0: 3 0x80013e18 (0x1e3f2623) mem 0x80015000 0x00000001
core   0: 0x80013e1c (0xff9ff06f) j       pc - 0x8
core   0: 3 0x80013e1c (0xff9ff06f)
core   0: 0x80013e14 (0x00001f17) auipc   t5, 0x1
core   0: 3 0x80013e14 (0x00001f17) x30 0x80014e14
core   0: 0x80013e18 (0x1e3f2623) sw      gp, 492(t5)
core   0: 3 0x80013e18 (0x1e3f2623) mem 0x80015000 0x00000001
core   0: 0x80013e1c (0xff9ff06f) j       pc - 0x8
core   0: 3 0x80013e1c (0xff9ff06f)
core   0: 0x80013e14 (0x00001f17) auipc   t5, 0x1
core   0: 3 0x80013e14 (0x00001f17) x30 0x80014e14
core   0: 0x80013e18 (0x1e3f2623) sw      gp, 492(t5)
core   0: 3 0x80013e18 (0x1e3f2623) mem 0x80015000 0x00000001
core   0: 0x80013e1c (0xff9ff06f) j       pc - 0x8
core   0: 3 0x80013e1c (0xff9ff06f)
core   0: 0x80013e14 (0x00001f17) auipc   t5, 0x1
core   0: 3 0x80013e14 (0x00001f17) x30 0x80014e14
core   0: 0x80013e18 (0x1e3f2623) sw      gp, 492(t5)
core   0: 3 0x80013e18 (0x1e3f2623) mem 0x80015000 0x00000001
core   0: 0x80013e1c (0xff9ff06f) j       pc - 0x8
core   0: 3 0x80013e1c (0xff9ff06f)
core   0: 0x80013e14 (0x00001f17) auipc   t5, 0x1
core   0: 3 0x80013e14 (0x00001f17) x30 0x80014e14
core   0: 0x80013e18 (0x1e3f2623) sw      gp, 492(t5)
core   0: 3 0x80013e18 (0x1e3f2623) mem 0x80015000 0x00000001
core   0: 0x80013e1c (0xff9ff06f) j       pc - 0x8
core   0: 3 0x80013e1c (0xff9ff06f)
core   0: 0x80013e14 (0x00001f17) auipc   t5, 0x1
core   0: 3 0x80013e14 (0x00001f17) x30 0x80014e14
core   0: 0x80013e18 (0x1e3f2623) sw      gp, 492(t5)
core   0: 3 0x80013e18 (0x1e3f2623) mem 0x80015000 0x00000001
core   0: 0x80013e1c (0xff9ff06f) j       pc - 0x8
core   0: 3 0x80013e1c (0xff9ff06f)
core   0: 0x80013e14 (0x00001f17) auipc   t5, 0x1
core   0: 3 0x80013e14 (0x00001f17) x30 0x80014e14
core   0: 0x80013e18 (0x1e3f2623) sw      gp, 492(t5)
core   0: 3 0x80013e18 (0x1e3f2623) mem 0x80015000 0x00000001
core   0: 0x80013e1c (0xff9ff06f) j       pc - 0x8
core   0: 3 0x80013e1c (0xff9ff06f)
core   0: 0x80013e14 (0x00001f17) auipc   t5, 0x1
core   0: 3 0x80013e14 (0x00001f17) x30 0x80014e14
core   0: 0x80013e18 (0x1e3f2623) sw      gp, 492(t5)
core   0: 3 0x80013e18 (0x1e3f2623) mem 0x80015000 0x00000001
core   0: 0x80013e1c (0xff9ff06f) j       pc - 0x8
core   0: 3 0x80013e1c (0xff9ff06f)
core   0: 0x80013e14 (0x00001f17) auipc   t5, 0x1
core   0: 3 0x80013e14 (0x00001f17) x30 0x80014e14
core   0: 0x80013e18 (0x1e3f2623) sw      gp, 492(t5)
core   0: 3 0x80013e18 (0x1e3f2623) mem 0x80015000 0x00000001
core   0: 0x80013e1c (0xff9ff06f) j       pc - 0x8
core   0: 3 0x80013e1c (0xff9ff06f)
core   0: 0x80013e14 (0x00001f17) auipc   t5, 0x1
core   0: 3 0x80013e14 (0x00001f17) x30 0x80014e14
core   0: 0x80013e18 (0x1e3f2623) sw      gp, 492(t5)
core   0: 3 0x80013e18 (0x1e3f2623) mem 0x80015000 0x00000001
core   0: 0x80013e1c (0xff9ff06f) j       pc - 0x8
core   0: 3 0x80013e1c (0xff9ff06f)
core   0: 0x80013e14 (0x00001f17) auipc   t5, 0x1
core   0: 3 0x80013e14 (0x00001f17) x30 0x80014e14
core   0: 0x80013e18 (0x1e3f2623) sw      gp, 492(t5)
core   0: 3 0x80013e18 (0x1e3f2623) mem 0x80015000 0x00000001
core   0: 0x80013e1c (0xff9ff06f) j       pc - 0x8
core   0: 3 0x80013e1c (0xff9ff06f)
core   0: 0x80013e14 (0x00001f17) auipc   t5, 0x1
core   0: 3 0x80013e14 (0x00001f17) x30 0x80014e14
core   0: 0x80013e18 (0x1e3f2623) sw      gp, 492(t5)
core   0: 3 0x80013e18 (0x1e3f2623) mem 0x80015000 0x00000001
core   0: 0x80013e1c (0xff9ff06f) j       pc - 0x8
core   0: 3 0x80013e1c (0xff9ff06f)
core   0: 0x80013e14 (0x00001f17) auipc   t5, 0x1
core   0: 3 0x80013e14 (0x00001f17) x30 0x80014e14
core   0: 0x80013e18 (0x1e3f2623) sw      gp, 492(t5)
core   0: 3 0x80013e18 (0x1e3f2623) mem 0x80015000 0x00000001
core   0: 0x80013e1c (0xff9ff06f) j       pc - 0x8
core   0: 3 0x80013e1c (0xff9ff06f)
core   0: 0x80013e14 (0x00001f17) auipc   t5, 0x1
core   0: 3 0x80013e14 (0x00001f17) x30 0x80014e14
core   0: 0x80013e18 (0x1e3f2623) sw      gp, 492(t5)
core   0: 3 0x80013e18 (0x1e3f2623) mem 0x80015000 0x00000001
core   0: 0x80013e1c (0xff9ff06f) j       pc - 0x8
core   0: 3 0x80013e1c (0xff9ff06f)
core   0: 0x80013e14 (0x00001f17) auipc   t5, 0x1
core   0: 3 0x80013e14 (0x00001f17) x30 0x80014e14
core   0: 0x80013e18 (0x1e3f2623) sw      gp, 492(t5)
core   0: 3 0x80013e18 (0x1e3f2623) mem 0x80015000 0x00000001
core   0: 0x80013e1c (0xff9ff06f) j       pc - 0x8
core   0: 3 0x80013e1c (0xff9ff06f)
core   0: 0x80013e14 (0x00001f17) auipc   t5, 0x1
core   0: 3 0x80013e14 (0x00001f17) x30 0x80014e14
core   0: 0x80013e18 (0x1e3f2623) sw      gp, 492(t5)
core   0: 3 0x80013e18 (0x1e3f2623) mem 0x80015000 0x00000001
core   0: 0x80013e1c (0xff9ff06f) j       pc - 0x8
core   0: 3 0x80013e1c (0xff9ff06f)
core   0: 0x80013e14 (0x00001f17) auipc   t5, 0x1
core   0: 3 0x80013e14 (0x00001f17) x30 0x80014e14
core   0: 0x80013e18 (0x1e3f2623) sw      gp, 492(t5)
core   0: 3 0x80013e18 (0x1e3f2623) mem 0x80015000 0x00000001
core   0: 0x80013e1c (0xff9ff06f) j       pc - 0x8
core   0: 3 0x80013e1c (0xff9ff06f)
core   0: 0x80013e14 (0x00001f17) auipc   t5, 0x1
core   0: 3 0x80013e14 (0x00001f17) x30 0x80014e14
core   0: 0x80013e18 (0x1e3f2623) sw      gp, 492(t5)
core   0: 3 0x80013e18 (0x1e3f2623) mem 0x80015000 0x00000001
core   0: 0x80013e1c (0xff9ff06f) j       pc - 0x8
core   0: 3 0x80013e1c (0xff9ff06f)
core   0: 0x80013e14 (0x00001f17) auipc   t5, 0x1
core   0: 3 0x80013e14 (0x00001f17) x30 0x80014e14
core   0: 0x80013e18 (0x1e3f2623) sw      gp, 492(t5)
core   0: 3 0x80013e18 (0x1e3f2623) mem 0x80015000 0x00000001
core   0: 0x80013e1c (0xff9ff06f) j       pc - 0x8
core   0: 3 0x80013e1c (0xff9ff06f)
core   0: 0x80013e14 (0x00001f17) auipc   t5, 0x1
core   0: 3 0x80013e14 (0x00001f17) x30 0x80014e14
core   0: 0x80013e18 (0x1e3f2623) sw      gp, 492(t5)
core   0: 3 0x80013e18 (0x1e3f2623) mem 0x80015000 0x00000001
core   0: 0x80013e1c (0xff9ff06f) j       pc - 0x8
core   0: 3 0x80013e1c (0xff9ff06f)
core   0: 0x80013e14 (0x00001f17) auipc   t5, 0x1
core   0: 3 0x80013e14 (0x00001f17) x30 0x80014e14
core   0: 0x80013e18 (0x1e3f2623) sw      gp, 492(t5)
core   0: 3 0x80013e18 (0x1e3f2623) mem 0x80015000 0x00000001
core   0: 0x80013e1c (0xff9ff06f) j       pc - 0x8
core   0: 3 0x80013e1c (0xff9ff06f)
core   0: 0x80013e14 (0x00001f17) auipc   t5, 0x1
core   0: 3 0x80013e14 (0x00001f17) x30 0x80014e14
core   0: 0x80013e18 (0x1e3f2623) sw      gp, 492(t5)
core   0: 3 0x80013e18 (0x1e3f2623) mem 0x80015000 0x00000001
core   0: 0x80013e1c (0xff9ff06f) j       pc - 0x8
core   0: 3 0x80013e1c (0xff9ff06f)
core   0: 0x80013e14 (0x00001f17) auipc   t5, 0x1
core   0: 3 0x80013e14 (0x00001f17) x30 0x80014e14
core   0: 0x80013e18 (0x1e3f2623) sw      gp, 492(t5)
core   0: 3 0x80013e18 (0x1e3f2623) mem 0x80015000 0x00000001
core   0: 0x80013e1c (0xff9ff06f) j       pc - 0x8
core   0: 3 0x80013e1c (0xff9ff06f)
core   0: 0x80013e14 (0x00001f17) auipc   t5, 0x1
core   0: 3 0x80013e14 (0x00001f17) x30 0x80014e14
core   0: 0x80013e18 (0x1e3f2623) sw      gp, 492(t5)
core   0: 3 0x80013e18 (0x1e3f2623) mem 0x80015000 0x00000001
core   0: 0x80013e1c (0xff9ff06f) j       pc - 0x8
core   0: 3 0x80013e1c (0xff9ff06f)
core   0: 0x80013e14 (0x00001f17) auipc   t5, 0x1
core   0: 3 0x80013e14 (0x00001f17) x30 0x80014e14
core   0: 0x80013e18 (0x1e3f2623) sw      gp, 492(t5)
core   0: 3 0x80013e18 (0x1e3f2623) mem 0x80015000 0x00000001
core   0: 0x80013e1c (0xff9ff06f) j       pc - 0x8
core   0: 3 0x80013e1c (0xff9ff06f)
core   0: 0x80013e14 (0x00001f17) auipc   t5, 0x1
core   0: 3 0x80013e14 (0x00001f17) x30 0x80014e14
core   0: 0x80013e18 (0x1e3f2623) sw      gp, 492(t5)
core   0: 3 0x80013e18 (0x1e3f2623) mem 0x80015000 0x00000001
core   0: 0x80013e1c (0xff9ff06f) j       pc - 0x8
core   0: 3 0x80013e1c (0xff9ff06f)
core   0: 0x80013e14 (0x00001f17) auipc   t5, 0x1
core   0: 3 0x80013e14 (0x00001f17) x30 0x80014e14
core   0: 0x80013e18 (0x1e3f2623) sw      gp, 492(t5)
core   0: 3 0x80013e18 (0x1e3f2623) mem 0x80015000 0x00000001
core   0: 0x80013e1c (0xff9ff06f) j       pc - 0x8
core   0: 3 0x80013e1c (0xff9ff06f)
core   0: 0x80013e14 (0x00001f17) auipc   t5, 0x1
core   0: 3 0x80013e14 (0x00001f17) x30 0x80014e14
core   0: 0x80013e18 (0x1e3f2623) sw      gp, 492(t5)
core   0: 3 0x80013e18 (0x1e3f2623) mem 0x80015000 0x00000001
core   0: 0x80013e1c (0xff9ff06f) j       pc - 0x8
core   0: 3 0x80013e1c (0xff9ff06f)
core   0: 0x80013e14 (0x00001f17) auipc   t5, 0x1
core   0: 3 0x80013e14 (0x00001f17) x30 0x80014e14
core   0: 0x80013e18 (0x1e3f2623) sw      gp, 492(t5)
core   0: 3 0x80013e18 (0x1e3f2623) mem 0x80015000 0x00000001
core   0: 0x80013e1c (0xff9ff06f) j       pc - 0x8
core   0: 3 0x80013e1c (0xff9ff06f)
core   0: 0x80013e14 (0x00001f17) auipc   t5, 0x1
core   0: 3 0x80013e14 (0x00001f17) x30 0x80014e14
core   0: 0x80013e18 (0x1e3f2623) sw      gp, 492(t5)
core   0: 3 0x80013e18 (0x1e3f2623) mem 0x80015000 0x00000001
core   0: 0x80013e1c (0xff9ff06f) j       pc - 0x8
core   0: 3 0x80013e1c (0xff9ff06f)
core   0: 0x80013e14 (0x00001f17) auipc   t5, 0x1
core   0: 3 0x80013e14 (0x00001f17) x30 0x80014e14
core   0: 0x80013e18 (0x1e3f2623) sw      gp, 492(t5)
core   0: 3 0x80013e18 (0x1e3f2623) mem 0x80015000 0x00000001
core   0: 0x80013e1c (0xff9ff06f) j       pc - 0x8
core   0: 3 0x80013e1c (0xff9ff06f)
core   0: 0x80013e14 (0x00001f17) auipc   t5, 0x1
core   0: 3 0x80013e14 (0x00001f17) x30 0x80014e14
core   0: 0x80013e18 (0x1e3f2623) sw      gp, 492(t5)
core   0: 3 0x80013e18 (0x1e3f2623) mem 0x80015000 0x00000001
core   0: 0x80013e1c (0xff9ff06f) j       pc - 0x8
core   0: 3 0x80013e1c (0xff9ff06f)
core   0: 0x80013e14 (0x00001f17) auipc   t5, 0x1
core   0: 3 0x80013e14 (0x00001f17) x30 0x80014e14
core   0: 0x80013e18 (0x1e3f2623) sw      gp, 492(t5)
core   0: 3 0x80013e18 (0x1e3f2623) mem 0x80015000 0x00000001
core   0: 0x80013e1c (0xff9ff06f) j       pc - 0x8
core   0: 3 0x80013e1c (0xff9ff06f)
core   0: 0x80013e14 (0x00001f17) auipc   t5, 0x1
core   0: 3 0x80013e14 (0x00001f17) x30 0x80014e14
core   0: 0x80013e18 (0x1e3f2623) sw      gp, 492(t5)
core   0: 3 0x80013e18 (0x1e3f2623) mem 0x80015000 0x00000001
core   0: 0x80013e1c (0xff9ff06f) j       pc - 0x8
core   0: 3 0x80013e1c (0xff9ff06f)
core   0: 0x80013e14 (0x00001f17) auipc   t5, 0x1
core   0: 3 0x80013e14 (0x00001f17) x30 0x80014e14
core   0: 0x80013e18 (0x1e3f2623) sw      gp, 492(t5)
core   0: 3 0x80013e18 (0x1e3f2623) mem 0x80015000 0x00000001
core   0: 0x80013e1c (0xff9ff06f) j       pc - 0x8
core   0: 3 0x80013e1c (0xff9ff06f)
core   0: 0x80013e14 (0x00001f17) auipc   t5, 0x1
core   0: 3 0x80013e14 (0x00001f17) x30 0x80014e14
core   0: 0x80013e18 (0x1e3f2623) sw      gp, 492(t5)
core   0: 3 0x80013e18 (0x1e3f2623) mem 0x80015000 0x00000001
core   0: 0x80013e1c (0xff9ff06f) j       pc - 0x8
core   0: 3 0x80013e1c (0xff9ff06f)
core   0: 0x80013e14 (0x00001f17) auipc   t5, 0x1
core   0: 3 0x80013e14 (0x00001f17) x30 0x80014e14
core   0: 0x80013e18 (0x1e3f2623) sw      gp, 492(t5)
core   0: 3 0x80013e18 (0x1e3f2623) mem 0x80015000 0x00000001
core   0: 0x80013e1c (0xff9ff06f) j       pc - 0x8
core   0: 3 0x80013e1c (0xff9ff06f)
core   0: 0x80013e14 (0x00001f17) auipc   t5, 0x1
core   0: 3 0x80013e14 (0x00001f17) x30 0x80014e14
core   0: 0x80013e18 (0x1e3f2623) sw      gp, 492(t5)
core   0: 3 0x80013e18 (0x1e3f2623) mem 0x80015000 0x00000001
core   0: 0x80013e1c (0xff9ff06f) j       pc - 0x8
core   0: 3 0x80013e1c (0xff9ff06f)
core   0: 0x80013e14 (0x00001f17) auipc   t5, 0x1
core   0: 3 0x80013e14 (0x00001f17) x30 0x80014e14
core   0: 0x80013e18 (0x1e3f2623) sw      gp, 492(t5)
core   0: 3 0x80013e18 (0x1e3f2623) mem 0x80015000 0x00000001
core   0: 0x80013e1c (0xff9ff06f) j       pc - 0x8
core   0: 3 0x80013e1c (0xff9ff06f)
core   0: 0x80013e14 (0x00001f17) auipc   t5, 0x1
core   0: 3 0x80013e14 (0x00001f17) x30 0x80014e14
core   0: 0x80013e18 (0x1e3f2623) sw      gp, 492(t5)
core   0: 3 0x80013e18 (0x1e3f2623) mem 0x80015000 0x00000001
core   0: 0x80013e1c (0xff9ff06f) j       pc - 0x8
core   0: 3 0x80013e1c (0xff9ff06f)
core   0: 0x80013e14 (0x00001f17) auipc   t5, 0x1
core   0: 3 0x80013e14 (0x00001f17) x30 0x80014e14
core   0: 0x80013e18 (0x1e3f2623) sw      gp, 492(t5)
core   0: 3 0x80013e18 (0x1e3f2623) mem 0x80015000 0x00000001
core   0: 0x80013e1c (0xff9ff06f) j       pc - 0x8
core   0: 3 0x80013e1c (0xff9ff06f)
core   0: 0x80013e14 (0x00001f17) auipc   t5, 0x1
core   0: 3 0x80013e14 (0x00001f17) x30 0x80014e14
core   0: 0x80013e18 (0x1e3f2623) sw      gp, 492(t5)
core   0: 3 0x80013e18 (0x1e3f2623) mem 0x80015000 0x00000001
core   0: 0x80013e1c (0xff9ff06f) j       pc - 0x8
core   0: 3 0x80013e1c (0xff9ff06f)
core   0: 0x80013e14 (0x00001f17) auipc   t5, 0x1
core   0: 3 0x80013e14 (0x00001f17) x30 0x80014e14
core   0: 0x80013e18 (0x1e3f2623) sw      gp, 492(t5)
core   0: 3 0x80013e18 (0x1e3f2623) mem 0x80015000 0x00000001
core   0: 0x80013e1c (0xff9ff06f) j       pc - 0x8
core   0: 3 0x80013e1c (0xff9ff06f)
core   0: 0x80013e14 (0x00001f17) auipc   t5, 0x1
core   0: 3 0x80013e14 (0x00001f17) x30 0x80014e14
core   0: 0x80013e18 (0x1e3f2623) sw      gp, 492(t5)
core   0: 3 0x80013e18 (0x1e3f2623) mem 0x80015000 0x00000001
core   0: 0x80013e1c (0xff9ff06f) j       pc - 0x8
core   0: 3 0x80013e1c (0xff9ff06f)
core   0: 0x80013e14 (0x00001f17) auipc   t5, 0x1
core   0: 3 0x80013e14 (0x00001f17) x30 0x80014e14
core   0: 0x80013e18 (0x1e3f2623) sw      gp, 492(t5)
core   0: 3 0x80013e18 (0x1e3f2623) mem 0x80015000 0x00000001
core   0: 0x80013e1c (0xff9ff06f) j       pc - 0x8
core   0: 3 0x80013e1c (0xff9ff06f)
core   0: 0x80013e14 (0x00001f17) auipc   t5, 0x1
core   0: 3 0x80013e14 (0x00001f17) x30 0x80014e14
core   0: 0x80013e18 (0x1e3f2623) sw      gp, 492(t5)
core   0: 3 0x80013e18 (0x1e3f2623) mem 0x80015000 0x00000001
core   0: 0x80013e1c (0xff9ff06f) j       pc - 0x8
core   0: 3 0x80013e1c (0xff9ff06f)
core   0: 0x80013e14 (0x00001f17) auipc   t5, 0x1
core   0: 3 0x80013e14 (0x00001f17) x30 0x80014e14
core   0: 0x80013e18 (0x1e3f2623) sw      gp, 492(t5)
core   0: 3 0x80013e18 (0x1e3f2623) mem 0x80015000 0x00000001
core   0: 0x80013e1c (0xff9ff06f) j       pc - 0x8
core   0: 3 0x80013e1c (0xff9ff06f)
core   0: 0x80013e14 (0x00001f17) auipc   t5, 0x1
core   0: 3 0x80013e14 (0x00001f17) x30 0x80014e14
core   0: 0x80013e18 (0x1e3f2623) sw      gp, 492(t5)
core   0: 3 0x80013e18 (0x1e3f2623) mem 0x80015000 0x00000001
