core   0: 0x00001000 (0x00000297) auipc   t0, 0x0
core   0: 3 0x00001000 (0x00000297) x 5 0x00001000
core   0: 0x00001004 (0x02028593) addi    a1, t0, 32
core   0: 3 0x00001004 (0x02028593) x11 0x00001020
core   0: 0x00001008 (0xf1402573) csrr    a0, mhartid
core   0: 3 0x00001008 (0xf1402573) x10 0x00000000
core   0: 0x0000100c (0x0182a283) lw      t0, 24(t0)
core   0: 3 0x0000100c (0x0182a283) x 5 0x80000000 mem 0x00001018
core   0: 0x00001010 (0x00028067) jr      t0
core   0: 3 0x00001010 (0x00028067)
core   0: 0x80000000 (0xf14022f3) csrr    t0, mhartid
core   0: 3 0x80000000 (0xf14022f3) x 5 0x00000000
core   0: 0x80000004 (0x00000313) li      t1, 0
core   0: 3 0x80000004 (0x00000313) x 6 0x00000000
core   0: 0x80000008 (0x00628263) beq     t0, t1, pc + 4
core   0: 3 0x80000008 (0x00628263)
core   0: 0x8000000c (0x00000b17) auipc   s6, 0x0
core   0: 3 0x8000000c (0x00000b17) x22 0x8000000c
core   0: 0x80000010 (0x00cb0b13) addi    s6, s6, 12
core   0: 3 0x80000010 (0x00cb0b13) x22 0x80000018
core   0: 0x80000014 (0x000b0067) jr      s6
core   0: 3 0x80000014 (0x000b0067)
core   0: 0x80000018 (0x40000637) lui     a2, 0x40000
core   0: 3 0x80000018 (0x40000637) x12 0x40000000
core   0: 0x8000001c (0x10060613) addi    a2, a2, 256
core   0: 3 0x8000001c (0x10060613) x12 0x40000100
core   0: 0x80000020 (0x30161073) csrw    misa, a2
core   0: 3 0x80000020 (0x30161073) c769_misa 0x40140100
core   0: 0x80000024 (0x00016397) auipc   t2, 0x16
core   0: 3 0x80000024 (0x00016397) x 7 0x80016024
core   0: 0x80000028 (0xcc038393) addi    t2, t2, -832
core   0: 3 0x80000028 (0xcc038393) x 7 0x80015ce4
core   0: 0x8000002c (0x0000c617) auipc   a2, 0xc
core   0: 3 0x8000002c (0x0000c617) x12 0x8000c02c
core   0: 0x80000030 (0xcf460613) addi    a2, a2, -780
core   0: 3 0x80000030 (0xcf460613) x12 0x8000bd20
core   0: 0x80000034 (0x00166613) ori     a2, a2, 1
core   0: 3 0x80000034 (0x00166613) x12 0x8000bd21
core   0: 0x80000038 (0x30561073) csrw    mtvec, a2
core   0: 3 0x80000038 (0x30561073) c773_mtvec 0x8000bd21
core   0: 0x8000003c (0x00000617) auipc   a2, 0x0
core   0: 3 0x8000003c (0x00000617) x12 0x8000003c
core   0: 0x80000040 (0x02860613) addi    a2, a2, 40
core   0: 3 0x80000040 (0x02860613) x12 0x80000064
core   0: 0x80000044 (0x34161073) csrw    mepc, a2
core   0: 3 0x80000044 (0x34161073) c833_mepc 0x80000064
core   0: 0x80000048 (0x00000013) nop
core   0: 3 0x80000048 (0x00000013)
core   0: 0x8000004c (0x00002637) lui     a2, 0x2
core   0: 3 0x8000004c (0x00002637) x12 0x00002000
core   0: 0x80000050 (0x80060613) addi    a2, a2, -2048
core   0: 3 0x80000050 (0x80060613) x12 0x00001800
core   0: 0x80000054 (0x30061073) csrw    mstatus, a2
core   0: 3 0x80000054 (0x30061073) c768_mstatus 0x00001800
core   0: 0x80000058 (0x00000613) li      a2, 0
core   0: 3 0x80000058 (0x00000613) x12 0x00000000
core   0: 0x8000005c (0x30461073) csrw    mie, a2
core   0: 3 0x8000005c (0x30461073) c772_mie 0x00000000
core   0: 0x80000060 (0x30200073) mret
core   0: 3 0x80000060 (0x30200073) c768_mstatus 0x00000080
core   0: >>>>  init
core   0: 0x80000064 (0x00900013) li      zero, 9
core   0: 3 0x80000064 (0x00900013)
core   0: 0x80000068 (0x800000b7) lui     ra, 0x80000
core   0: 3 0x80000068 (0x800000b7) x 1 0x80000000
core   0: 0x8000006c (0x80000137) lui     sp, 0x80000
core   0: 3 0x8000006c (0x80000137) x 2 0x80000000
core   0: 0x80000070 (0x8482e1b7) lui     gp, 0x8482e
core   0: 3 0x80000070 (0x8482e1b7) x 3 0x8482e000
core   0: 0x80000074 (0x81918193) addi    gp, gp, -2023
core   0: 3 0x80000074 (0x81918193) x 3 0x8482d819
core   0: 0x80000078 (0xf7b18237) lui     tp, 0xf7b18
core   0: 3 0x80000078 (0xf7b18237) x 4 0xf7b18000
core   0: 0x8000007c (0xcef20213) addi    tp, tp, -785
core   0: 3 0x8000007c (0xcef20213) x 4 0xf7b17cef
core   0: 0x80000080 (0x00600293) li      t0, 6
core   0: 3 0x80000080 (0x00600293) x 5 0x00000006
core   0: 0x80000084 (0x00100313) li      t1, 1
core   0: 3 0x80000084 (0x00100313) x 6 0x00000001
core   0: 0x80000088 (0xf5e83437) lui     s0, 0xf5e83
core   0: 3 0x80000088 (0xf5e83437) x 8 0xf5e83000
core   0: 0x8000008c (0x90b40413) addi    s0, s0, -1781
core   0: 3 0x8000008c (0x90b40413) x 8 0xf5e8290b
core   0: 0x80000090 (0x00c00493) li      s1, 12
core   0: 3 0x80000090 (0x00c00493) x 9 0x0000000c
core   0: 0x80000094 (0x80000537) lui     a0, 0x80000
core   0: 3 0x80000094 (0x80000537) x10 0x80000000
core   0: 0x80000098 (0x800005b7) lui     a1, 0x80000
core   0: 3 0x80000098 (0x800005b7) x11 0x80000000
core   0: 0x8000009c (0x00000613) li      a2, 0
core   0: 3 0x8000009c (0x00000613) x12 0x00000000
core   0: 0x800000a0 (0x800006b7) lui     a3, 0x80000
core   0: 3 0x800000a0 (0x800006b7) x13 0x80000000
core   0: 0x800000a4 (0x80000737) lui     a4, 0x80000
core   0: 3 0x800000a4 (0x80000737) x14 0x80000000
core   0: 0x800000a8 (0x7e7237b7) lui     a5, 0x7e723
core   0: 3 0x800000a8 (0x7e7237b7) x15 0x7e723000
core   0: 0x800000ac (0x60c78793) addi    a5, a5, 1548
core   0: 3 0x800000ac (0x60c78793) x15 0x7e72360c
core   0: 0x800000b0 (0xf2ec0837) lui     a6, 0xf2ec0
core   0: 3 0x800000b0 (0xf2ec0837) x16 0xf2ec0000
core   0: 0x800000b4 (0xfe580813) addi    a6, a6, -27
core   0: 3 0x800000b4 (0xfe580813) x16 0xf2ebffe5
core   0: 0x800000b8 (0x00000913) li      s2, 0
core   0: 3 0x800000b8 (0x00000913) x18 0x00000000
core   0: 0x800000bc (0x00600993) li      s3, 6
core   0: 3 0x800000bc (0x00600993) x19 0x00000006
core   0: 0x800000c0 (0x013c6a37) lui     s4, 0x13c6
core   0: 3 0x800000c0 (0x013c6a37) x20 0x013c6000
core   0: 0x800000c4 (0xf12a0a13) addi    s4, s4, -238
core   0: 3 0x800000c4 (0xf12a0a13) x20 0x013c5f12
core   0: 0x800000c8 (0x00000a93) li      s5, 0
core   0: 3 0x800000c8 (0x00000a93) x21 0x00000000
core   0: 0x800000cc (0xe8839b37) lui     s6, 0xe8839
core   0: 3 0x800000cc (0xe8839b37) x22 0xe8839000
core   0: 0x800000d0 (0x6e1b0b13) addi    s6, s6, 1761
core   0: 3 0x800000d0 (0x6e1b0b13) x22 0xe88396e1
core   0: 0x800000d4 (0x00900b93) li      s7, 9
core   0: 3 0x800000d4 (0x00900b93) x23 0x00000009
core   0: 0x800000d8 (0x00000c13) li      s8, 0
core   0: 3 0x800000d8 (0x00000c13) x24 0x00000000
core   0: 0x800000dc (0x80000cb7) lui     s9, 0x80000
core   0: 3 0x800000dc (0x80000cb7) x25 0x80000000
core   0: 0x800000e0 (0x00000d13) li      s10, 0
core   0: 3 0x800000e0 (0x00000d13) x26 0x00000000
core   0: 0x800000e4 (0x80000db7) lui     s11, 0x80000
core   0: 3 0x800000e4 (0x80000db7) x27 0x80000000
core   0: 0x800000e8 (0x80000e37) lui     t3, 0x80000
core   0: 3 0x800000e8 (0x80000e37) x28 0x80000000
core   0: 0x800000ec (0x80000eb7) lui     t4, 0x80000
core   0: 3 0x800000ec (0x80000eb7) x29 0x80000000
core   0: 0x800000f0 (0xf9f55f37) lui     t5, 0xf9f55
core   0: 3 0x800000f0 (0xf9f55f37) x30 0xf9f55000
core   0: 0x800000f4 (0x553f0f13) addi    t5, t5, 1363
core   0: 3 0x800000f4 (0x553f0f13) x30 0xf9f55553
core   0: 0x800000f8 (0xea4a4fb7) lui     t6, 0xea4a4
core   0: 3 0x800000f8 (0xea4a4fb7) x31 0xea4a4000
core   0: 0x800000fc (0x6e4f8f93) addi    t6, t6, 1764
core   0: 3 0x800000fc (0x6e4f8f93) x31 0xea4a46e4
core   0: 0x80000100 (0x00012897) auipc   a7, 0x12
core   0: 3 0x80000100 (0x00012897) x17 0x80012100
core   0: 0x80000104 (0xd6488893) addi    a7, a7, -668
core   0: 3 0x80000104 (0xd6488893) x17 0x80011e64
core   0: 0x80000108 (0xfff00f13) li      t5, -1
core   0: 3 0x80000108 (0xfff00f13) x30 0xffffffff
core   0: 0x8000010c (0xfff00793) li      a5, -1
core   0: 3 0x8000010c (0xfff00793) x15 0xffffffff
core   0: 0x80000110 (0x00000c93) li      s9, 0
core   0: 3 0x80000110 (0x00000c93) x25 0x00000000
core   0: 0x80000114 (0x8eac1ab7) lui     s5, 0x8eac1
core   0: 3 0x80000114 (0x8eac1ab7) x21 0x8eac1000
core   0: 0x80000118 (0x823a8a93) addi    s5, s5, -2013
core   0: 3 0x80000118 (0x823a8a93) x21 0x8eac0823
core   0: 0x8000011c (0x80000137) lui     sp, 0x80000
core   0: 3 0x8000011c (0x80000137) x 2 0x80000000
core   0: 0x80000120 (0x31432fb7) lui     t6, 0x31432
core   0: 3 0x80000120 (0x31432fb7) x31 0x31432000
core   0: 0x80000124 (0x03ef8f93) addi    t6, t6, 62
core   0: 3 0x80000124 (0x03ef8f93) x31 0x3143203e
core   0: 0x80000128 (0x80000337) lui     t1, 0x80000
core   0: 3 0x80000128 (0x80000337) x 6 0x80000000
core   0: 0x8000012c (0x883b44b7) lui     s1, 0x883b4
core   0: 3 0x8000012c (0x883b44b7) x 9 0x883b4000
core   0: 0x80000130 (0x6c948493) addi    s1, s1, 1737
core   0: 3 0x80000130 (0x6c948493) x 9 0x883b46c9
core   0: 0x80000134 (0x80000a37) lui     s4, 0x80000
core   0: 3 0x80000134 (0x80000a37) x20 0x80000000
core   0: 0x80000138 (0xf26b25b7) lui     a1, 0xf26b2
core   0: 3 0x80000138 (0xf26b25b7) x11 0xf26b2000
core   0: 0x8000013c (0x07558593) addi    a1, a1, 117
core   0: 3 0x8000013c (0x07558593) x11 0xf26b2075
core   0: 0x80000140 (0x56d78c93) addi    s9, a5, 1389
core   0: 3 0x80000140 (0x56d78c93) x25 0x0000056c
core   0: 0x80000144 (0x0ff17797) auipc   a5, 0xff17
core   0: 3 0x80000144 (0x0ff17797) x15 0x8ff17144
core   0: 0x80000148 (0x01f48a33) add     s4, s1, t6
core   0: 3 0x80000148 (0x01f48a33) x20 0xb97e6707
core   0: 0x8000014c (0x8fe75f17) auipc   t5, 0x8fe75
core   0: 3 0x8000014c (0x8fe75f17) x30 0x0fe7514c
core   0: 0x80000150 (0x01fc8cb3) add     s9, s9, t6
core   0: 3 0x80000150 (0x01fc8cb3) x25 0x314325aa
core   0: 0x80000154 (0x014a8133) add     sp, s5, s4
core   0: 3 0x80000154 (0x014a8133) x 2 0x482a6f2a
core   0: 0x80000158 (0xb234fab7) lui     s5, 0xb234f
core   0: 3 0x80000158 (0xb234fab7) x21 0xb234f000
core   0: 0x8000015c (0x8618b597) auipc   a1, 0x8618b
core   0: 3 0x8000015c (0x8618b597) x11 0x0618b15c
core   0: 0x80000160 (0x015305b3) add     a1, t1, s5
core   0: 3 0x80000160 (0x015305b3) x11 0x3234f000
core   0: 0x80000164 (0x63448593) addi    a1, s1, 1588
core   0: 3 0x80000164 (0x63448593) x11 0x883b4cfd
core   0: 0x80000168 (0x00000013) nop
core   0: 3 0x80000168 (0x00000013)
core   0: 0x8000016c (0x8c1f8113) addi    sp, t6, -1855
core   0: 3 0x8000016c (0x8c1f8113) x 2 0x314318ff
core   0: 0x80000170 (0x00678fb3) add     t6, a5, t1
core   0: 3 0x80000170 (0x00678fb3) x31 0x0ff17144
core   0: 0x80000174 (0x00610a33) add     s4, sp, t1
core   0: 3 0x80000174 (0x00610a33) x20 0xb14318ff
core   0: 0x80000178 (0xfdaa8f93) addi    t6, s5, -38
core   0: 3 0x80000178 (0xfdaa8f93) x31 0xb234efda
core   0: 0x8000017c (0x01578133) add     sp, a5, s5
core   0: 3 0x8000017c (0x01578133) x 2 0x42266144
core   0: 0x80000180 (0x228f0c93) addi    s9, t5, 552
core   0: 3 0x80000180 (0x228f0c93) x25 0x0fe75374
core   0: 0x80000184 (0x01f78a33) add     s4, a5, t6
core   0: 3 0x80000184 (0x01f78a33) x20 0x4226611e
core   0: 0x80000188 (0x4b8cd5b7) lui     a1, 0x4b8cd
core   0: 3 0x80000188 (0x4b8cd5b7) x11 0x4b8cd000
core   0: 0x8000018c (0x40910a33) sub     s4, sp, s1
core   0: 3 0x8000018c (0x40910a33) x20 0xb9eb1a7b
core   0: 0x80000190 (0x00000013) nop
core   0: 3 0x80000190 (0x00000013)
core   0: 0x80000194 (0x015f0ab3) add     s5, t5, s5
core   0: 3 0x80000194 (0x015f0ab3) x21 0xc21c414c
core   0: 0x80000198 (0x98e795b7) lui     a1, 0x98e79
core   0: 3 0x80000198 (0x98e795b7) x11 0x98e79000
core   0: 0x8000019c (0x015f8f33) add     t5, t6, s5
core   0: 3 0x8000019c (0x015f8f33) x30 0x74513126
core   0: 0x800001a0 (0x01ea0133) add     sp, s4, t5
core   0: 3 0x800001a0 (0x01ea0133) x 2 0x2e3c4ba1
core   0: 0x800001a4 (0x00f10133) add     sp, sp, a5
core   0: 3 0x800001a4 (0x00f10133) x 2 0xbe2dbce5
core   0: 0x800001a8 (0x00000013) nop
core   0: 3 0x800001a8 (0x00000013)
core   0: 0x800001ac (0x40930ab3) sub     s5, t1, s1
core   0: 3 0x800001ac (0x40930ab3) x21 0xf7c4b937
core   0: 0x800001b0 (0x17c58793) addi    a5, a1, 380
core   0: 3 0x800001b0 (0x17c58793) x15 0x98e7917c
core   0: 0x800001b4 (0x0e0b1a37) lui     s4, 0xe0b1
core   0: 3 0x800001b4 (0x0e0b1a37) x20 0x0e0b1000
core   0: 0x800001b8 (0xfff00313) li      t1, -1
core   0: 3 0x800001b8 (0xfff00313) x 6 0xffffffff
core   0: 0x800001bc (0x00000493) li      s1, 0
core   0: 3 0x800001bc (0x00000493) x 9 0x00000000
core   0: 0x800001c0 (0xdd153db7) lui     s11, 0xdd153
core   0: 3 0x800001c0 (0xdd153db7) x27 0xdd153000
core   0: 0x800001c4 (0xa7cd8d93) addi    s11, s11, -1412
core   0: 3 0x800001c4 (0xa7cd8d93) x27 0xdd152a7c
core   0: 0x800001c8 (0x00000993) li      s3, 0
core   0: 3 0x800001c8 (0x00000993) x19 0x00000000
core   0: 0x800001cc (0x00000693) li      a3, 0
core   0: 3 0x800001cc (0x00000693) x13 0x00000000
core   0: 0x800001d0 (0x00000213) li      tp, 0
core   0: 3 0x800001d0 (0x00000213) x 4 0x00000000
core   0: 0x800001d4 (0x54902537) lui     a0, 0x54902
core   0: 3 0x800001d4 (0x54902537) x10 0x54902000
core   0: 0x800001d8 (0x13050513) addi    a0, a0, 304
core   0: 3 0x800001d8 (0x13050513) x10 0x54902130
core   0: 0x800001dc (0x00000093) li      ra, 0
core   0: 3 0x800001dc (0x00000093) x 1 0x00000000
core   0: 0x800001e0 (0x00000e13) li      t3, 0
core   0: 3 0x800001e0 (0x00000e13) x28 0x00000000
core   0: 0x800001e4 (0x67db7637) lui     a2, 0x67db7
core   0: 3 0x800001e4 (0x67db7637) x12 0x67db7000
core   0: 0x800001e8 (0xd0a60613) addi    a2, a2, -758
core   0: 3 0x800001e8 (0xd0a60613) x12 0x67db6d0a
core   0: 0x800001ec (0x406e09b3) sub     s3, t3, t1
core   0: 3 0x800001ec (0x406e09b3) x19 0x00000001
core   0: 0x800001f0 (0x006309b3) add     s3, t1, t1
core   0: 3 0x800001f0 (0x006309b3) x19 0xfffffffe
core   0: 0x800001f4 (0x40a50333) sub     t1, a0, a0
core   0: 3 0x800001f4 (0x40a50333) x 6 0x00000000
core   0: 0x800001f8 (0x00000013) nop
core   0: 3 0x800001f8 (0x00000013)
core   0: 0x800001fc (0xd6bd4697) auipc   a3, 0xd6bd4
core   0: 3 0x800001fc (0xd6bd4697) x13 0x56bd41fc
core   0: 0x80000200 (0x58520e13) addi    t3, tp, 1413
core   0: 3 0x80000200 (0x58520e13) x28 0x00000585
core   0: 0x80000204 (0x40608533) sub     a0, ra, t1
core   0: 3 0x80000204 (0x40608533) x10 0x00000000
core   0: 0x80000208 (0x91de0993) addi    s3, t3, -1763
core   0: 3 0x80000208 (0x91de0993) x19 0xfffffea2
core   0: 0x8000020c (0x009986b3) add     a3, s3, s1
core   0: 3 0x8000020c (0x009986b3) x13 0xfffffea2
core   0: 0x80000210 (0x266c76b7) lui     a3, 0x266c7
core   0: 3 0x80000210 (0x266c76b7) x13 0x266c7000
core   0: 0x80000214 (0x00000013) nop
core   0: 3 0x80000214 (0x00000013)
core   0: 0x80000218 (0x7b7c8997) auipc   s3, 0x7b7c8
core   0: 3 0x80000218 (0x7b7c8997) x19 0xfb7c8218
core   0: 0x8000021c (0x1e91ddb7) lui     s11, 0x1e91d
core   0: 3 0x8000021c (0x1e91ddb7) x27 0x1e91d000
core   0: 0x80000220 (0x001d80b3) add     ra, s11, ra
core   0: 3 0x80000220 (0x001d80b3) x 1 0x1e91d000
core   0: 0x80000224 (0xf2fa7517) auipc   a0, 0xf2fa7
core   0: 3 0x80000224 (0xf2fa7517) x10 0x72fa7224
core   0: 0x80000228 (0x00000013) nop
core   0: 3 0x80000228 (0x00000013)
core   0: 0x8000022c (0x00000013) nop
core   0: 3 0x8000022c (0x00000013)
core   0: 0x80000230 (0x401309b3) sub     s3, t1, ra
core   0: 3 0x80000230 (0x401309b3) x19 0xe16e3000
core   0: 0x80000234 (0x1dd3b0b7) lui     ra, 0x1dd3b
core   0: 3 0x80000234 (0x1dd3b0b7) x 1 0x1dd3b000
core   0: 0x80000238 (0x004086b3) add     a3, ra, tp
core   0: 3 0x80000238 (0x004086b3) x13 0x1dd3b000
core   0: 0x8000023c (0x3f5e0993) addi    s3, t3, 1013
core   0: 3 0x8000023c (0x3f5e0993) x19 0x0000097a
core   0: 0x80000240 (0x40d20e33) sub     t3, tp, a3
core   0: 3 0x80000240 (0x40d20e33) x28 0xe22c5000
core   0: 0x80000244 (0x1e4e07b7) lui     a5, 0x1e4e0
core   0: 3 0x80000244 (0x1e4e07b7) x15 0x1e4e0000
core   0: 0x80000248 (0x18c78793) addi    a5, a5, 396
core   0: 3 0x80000248 (0x18c78793) x15 0x1e4e018c
core   0: 0x8000024c (0x00000113) li      sp, 0
core   0: 3 0x8000024c (0x00000113) x 2 0x00000000
core   0: 0x80000250 (0x800006b7) lui     a3, 0x80000
core   0: 3 0x80000250 (0x800006b7) x13 0x80000000
core   0: 0x80000254 (0xfff00913) li      s2, -1
core   0: 3 0x80000254 (0xfff00913) x18 0xffffffff
core   0: 0x80000258 (0x00000a93) li      s5, 0
core   0: 3 0x80000258 (0x00000a93) x21 0x00000000
core   0: 0x8000025c (0x3cb95c37) lui     s8, 0x3cb95
core   0: 3 0x8000025c (0x3cb95c37) x24 0x3cb95000
core   0: 0x80000260 (0x301c0c13) addi    s8, s8, 769
core   0: 3 0x80000260 (0x301c0c13) x24 0x3cb95301
core   0: 0x80000264 (0x00000493) li      s1, 0
core   0: 3 0x80000264 (0x00000493) x 9 0x00000000
core   0: 0x80000268 (0xfff00e13) li      t3, -1
core   0: 3 0x80000268 (0xfff00e13) x28 0xffffffff
core   0: 0x8000026c (0x00000993) li      s3, 0
core   0: 3 0x8000026c (0x00000993) x19 0x00000000
core   0: 0x80000270 (0xdd72a837) lui     a6, 0xdd72a
core   0: 3 0x80000270 (0xdd72a837) x16 0xdd72a000
core   0: 0x80000274 (0x4d980813) addi    a6, a6, 1241
core   0: 3 0x80000274 (0x4d980813) x16 0xdd72a4d9
core   0: 0x80000278 (0xa4e8ea97) auipc   s5, 0xa4e8e
core   0: 3 0x80000278 (0xa4e8ea97) x21 0x24e8e278
core   0: 0x8000027c (0x40d684b3) sub     s1, a3, a3
core   0: 3 0x8000027c (0x40d684b3) x 9 0x00000000
core   0: 0x80000280 (0x415a89b3) sub     s3, s5, s5
core   0: 3 0x80000280 (0x415a89b3) x19 0x00000000
core   0: 0x80000284 (0xc7d68993) addi    s3, a3, -899
core   0: 3 0x80000284 (0xc7d68993) x19 0x7ffffc7d
core   0: 0x80000288 (0x40980933) sub     s2, a6, s1
core   0: 3 0x80000288 (0x40980933) x18 0xdd72a4d9
core   0: 0x8000028c (0x009787b3) add     a5, a5, s1
core   0: 3 0x8000028c (0x009787b3) x15 0x1e4e018c
core   0: 0x80000290 (0x00000013) nop
core   0: 3 0x80000290 (0x00000013)
core   0: 0x80000294 (0x01348e33) add     t3, s1, s3
core   0: 3 0x80000294 (0x01348e33) x28 0x7ffffc7d
core   0: 0x80000298 (0x878874b7) lui     s1, 0x87887
core   0: 3 0x80000298 (0x878874b7) x 9 0x87887000
core   0: 0x8000029c (0x01380833) add     a6, a6, s3
core   0: 3 0x8000029c (0x01380833) x16 0x5d72a156
core   0: 0x800002a0 (0xb012c797) auipc   a5, 0xb012c
core   0: 3 0x800002a0 (0xb012c797) x15 0x3012c2a0
core   0: 0x800002a4 (0x009489b3) add     s3, s1, s1
core   0: 3 0x800002a4 (0x009489b3) x19 0x0f10e000
core   0: 0x800002a8 (0x00000013) nop
core   0: 3 0x800002a8 (0x00000013)
core   0: 0x800002ac (0x27c98e13) addi    t3, s3, 636
core   0: 3 0x800002ac (0x27c98e13) x28 0x0f10e27c
core   0: 0x800002b0 (0x00000013) nop
core   0: 3 0x800002b0 (0x00000013)
core   0: 0x800002b4 (0xc8698913) addi    s2, s3, -890
core   0: 3 0x800002b4 (0xc8698913) x18 0x0f10dc86
core   0: 0x800002b8 (0x00000013) nop
core   0: 3 0x800002b8 (0x00000013)
core   0: 0x800002bc (0x01880e33) add     t3, a6, s8
core   0: 3 0x800002bc (0x01880e33) x28 0x9a2bf457
core   0: 0x800002c0 (0x00910833) add     a6, sp, s1
core   0: 3 0x800002c0 (0x00910833) x16 0x87887000
core   0: 0x800002c4 (0x919d16b7) lui     a3, 0x919d1
core   0: 3 0x800002c4 (0x919d16b7) x13 0x919d1000
core   0: 0x800002c8 (0x41c10e33) sub     t3, sp, t3
core   0: 3 0x800002c8 (0x41c10e33) x28 0x65d40ba9
core   0: 0x800002cc (0x00000013) nop
core   0: 3 0x800002cc (0x00000013)
core   0: 0x800002d0 (0x4c0b79b7) lui     s3, 0x4c0b7
core   0: 3 0x800002d0 (0x4c0b79b7) x19 0x4c0b7000
core   0: 0x800002d4 (0x0312f837) lui     a6, 0x312f
core   0: 3 0x800002d4 (0x0312f837) x16 0x0312f000
core   0: 0x800002d8 (0x4bd10c13) addi    s8, sp, 1213
core   0: 3 0x800002d8 (0x4bd10c13) x24 0x000004bd
core   0: 0x800002dc (0x41268e33) sub     t3, a3, s2
core   0: 3 0x800002dc (0x41268e33) x28 0x828c337a
core   0: 0x800002e0 (0x04ca8993) addi    s3, s5, 76
core   0: 3 0x800002e0 (0x04ca8993) x19 0x24e8e2c4
core   0: 0x800002e4 (0x0e048793) addi    a5, s1, 224
core   0: 3 0x800002e4 (0x0e048793) x15 0x878870e0
core   0: 0x800002e8 (0x40d909b3) sub     s3, s2, a3
core   0: 3 0x800002e8 (0x40d909b3) x19 0x7d73cc86
core   0: 0x800002ec (0xfff00793) li      a5, -1
core   0: 3 0x800002ec (0xfff00793) x15 0xffffffff
core   0: 0x800002f0 (0x00000f93) li      t6, 0
core   0: 3 0x800002f0 (0x00000f93) x31 0x00000000
core   0: 0x800002f4 (0xfff00513) li      a0, -1
core   0: 3 0x800002f4 (0xfff00513) x10 0xffffffff
core   0: 0x800002f8 (0x00000813) li      a6, 0
core   0: 3 0x800002f8 (0x00000813) x16 0x00000000
core   0: 0x800002fc (0xfff00a93) li      s5, -1
core   0: 3 0x800002fc (0xfff00a93) x21 0xffffffff
core   0: 0x80000300 (0x318d7f37) lui     t5, 0x318d7
core   0: 3 0x80000300 (0x318d7f37) x30 0x318d7000
core   0: 0x80000304 (0x652f0f13) addi    t5, t5, 1618
core   0: 3 0x80000304 (0x652f0f13) x30 0x318d7652
core   0: 0x80000308 (0xfff00093) li      ra, -1
core   0: 3 0x80000308 (0xfff00093) x 1 0xffffffff
core   0: 0x8000030c (0x98a091b7) lui     gp, 0x98a09
core   0: 3 0x8000030c (0x98a091b7) x 3 0x98a09000
core   0: 0x80000310 (0x36818193) addi    gp, gp, 872
core   0: 3 0x80000310 (0x36818193) x 3 0x98a09368
core   0: 0x80000314 (0x00000e93) li      t4, 0
core   0: 3 0x80000314 (0x00000e93) x29 0x00000000
core   0: 0x80000318 (0x80000d37) lui     s10, 0x80000
core   0: 3 0x80000318 (0x80000d37) x26 0x80000000
core   0: 0x8000031c (0x0f56b0b7) lui     ra, 0xf56b
core   0: 3 0x8000031c (0x0f56b0b7) x 1 0x0f56b000
core   0: 0x80000320 (0x435b3e97) auipc   t4, 0x435b3
core   0: 3 0x80000320 (0x435b3e97) x29 0xc35b3320
core   0: 0x80000324 (0x76a80d13) addi    s10, a6, 1898
core   0: 3 0x80000324 (0x76a80d13) x26 0x0000076a
core   0: 0x80000328 (0x00000013) nop
core   0: 3 0x80000328 (0x00000013)
core   0: 0x8000032c (0x00000013) nop
core   0: 3 0x8000032c (0x00000013)
core   0: 0x80000330 (0x00000013) nop
core   0: 3 0x80000330 (0x00000013)
core   0: 0x80000334 (0x00000013) nop
core   0: 3 0x80000334 (0x00000013)
core   0: 0x80000338 (0x92a5ae97) auipc   t4, 0x92a5a
core   0: 3 0x80000338 (0x92a5ae97) x29 0x12a5a338
core   0: 0x8000033c (0x01fa8ab3) add     s5, s5, t6
core   0: 3 0x8000033c (0x01fa8ab3) x21 0xffffffff
core   0: 0x80000340 (0x00000013) nop
core   0: 3 0x80000340 (0x00000013)
core   0: 0x80000344 (0xed708093) addi    ra, ra, -297
core   0: 3 0x80000344 (0xed708093) x 1 0x0f56aed7
core   0: 0x80000348 (0x1fa1f7b7) lui     a5, 0x1fa1f
core   0: 3 0x80000348 (0x1fa1f7b7) x15 0x1fa1f000
core   0: 0x8000034c (0x41550833) sub     a6, a0, s5
core   0: 3 0x8000034c (0x41550833) x16 0x00000000
core   0: 0x80000350 (0x5dfe8093) addi    ra, t4, 1503
core   0: 3 0x80000350 (0x5dfe8093) x 1 0x12a5a917
core   0: 0x80000354 (0x72ef9517) auipc   a0, 0x72ef9
core   0: 3 0x80000354 (0x72ef9517) x10 0xf2ef9354
core   0: 0x80000358 (0x93577797) auipc   a5, 0x93577
core   0: 3 0x80000358 (0x93577797) x15 0x13577358
core   0: 0x8000035c (0x40f08f33) sub     t5, ra, a5
core   0: 3 0x8000035c (0x40f08f33) x30 0xff4e35bf
core   0: 0x80000360 (0x41a08fb3) sub     t6, ra, s10
core   0: 3 0x80000360 (0x41a08fb3) x31 0x12a5a1ad
core   0: 0x80000364 (0x3df9dd17) auipc   s10, 0x3df9d
core   0: 3 0x80000364 (0x3df9dd17) x26 0xbdf9d364
core   0: 0x80000368 (0xfff00593) li      a1, -1
core   0: 3 0x80000368 (0xfff00593) x11 0xffffffff
core   0: 0x8000036c (0x55707ab7) lui     s5, 0x55707
core   0: 3 0x8000036c (0x55707ab7) x21 0x55707000
core   0: 0x80000370 (0x570a8a93) addi    s5, s5, 1392
core   0: 3 0x80000370 (0x570a8a93) x21 0x55707570
core   0: 0x80000374 (0x00000293) li      t0, 0
core   0: 3 0x80000374 (0x00000293) x 5 0x00000000
core   0: 0x80000378 (0xfff00993) li      s3, -1
core   0: 3 0x80000378 (0xfff00993) x19 0xffffffff
core   0: 0x8000037c (0x1571c937) lui     s2, 0x1571c
core   0: 3 0x8000037c (0x1571c937) x18 0x1571c000
core   0: 0x80000380 (0x43290913) addi    s2, s2, 1074
core   0: 3 0x80000380 (0x43290913) x18 0x1571c432
core   0: 0x80000384 (0xfff00793) li      a5, -1
core   0: 3 0x80000384 (0xfff00793) x15 0xffffffff
core   0: 0x80000388 (0x800004b7) lui     s1, 0x80000
core   0: 3 0x80000388 (0x800004b7) x 9 0x80000000
core   0: 0x8000038c (0xac634bb7) lui     s7, 0xac634
core   0: 3 0x8000038c (0xac634bb7) x23 0xac634000
core   0: 0x80000390 (0x7deb8b93) addi    s7, s7, 2014
core   0: 3 0x80000390 (0x7deb8b93) x23 0xac6347de
core   0: 0x80000394 (0x00000613) li      a2, 0
core   0: 3 0x80000394 (0x00000613) x12 0x00000000
core   0: 0x80000398 (0x00000093) li      ra, 0
core   0: 3 0x80000398 (0x00000093) x 1 0x00000000
core   0: 0x8000039c (0x413b87b3) sub     a5, s7, s3
core   0: 3 0x8000039c (0x413b87b3) x15 0xac6347df
core   0: 0x800003a0 (0x313d8ab7) lui     s5, 0x313d8
core   0: 3 0x800003a0 (0x313d8ab7) x21 0x313d8000
core   0: 0x800003a4 (0x60d73b97) auipc   s7, 0x60d73
core   0: 3 0x800003a4 (0x60d73b97) x23 0xe0d733a4
core   0: 0x800003a8 (0x40b287b3) sub     a5, t0, a1
core   0: 3 0x800003a8 (0x40b287b3) x15 0x00000001
core   0: 0x800003ac (0x40b78933) sub     s2, a5, a1
core   0: 3 0x800003ac (0x40b78933) x18 0x00000002
core   0: 0x800003b0 (0x00148933) add     s2, s1, ra
core   0: 3 0x800003b0 (0x00148933) x18 0x80000000
core   0: 0x800003b4 (0xd4999ab7) lui     s5, 0xd4999
core   0: 3 0x800003b4 (0xd4999ab7) x21 0xd4999000
core   0: 0x800003b8 (0x99658493) addi    s1, a1, -1642
core   0: 3 0x800003b8 (0x99658493) x 9 0xfffff995
core   0: 0x800003bc (0x00ba82b3) add     t0, s5, a1
core   0: 3 0x800003bc (0x00ba82b3) x 5 0xd4998fff
core   0: 0x800003c0 (0x01790633) add     a2, s2, s7
core   0: 3 0x800003c0 (0x01790633) x12 0x60d733a4
core   0: 0x800003c4 (0x1cf589b7) lui     s3, 0x1cf58
core   0: 3 0x800003c4 (0x1cf589b7) x19 0x1cf58000
core   0: 0x800003c8 (0x85876497) auipc   s1, 0x85876
core   0: 3 0x800003c8 (0x85876497) x 9 0x058763c8
core   0: 0x800003cc (0x9b078593) addi    a1, a5, -1616
core   0: 3 0x800003cc (0x9b078593) x11 0xfffff9b1
core   0: 0x800003d0 (0xb94457b7) lui     a5, 0xb9445
core   0: 3 0x800003d0 (0xb94457b7) x15 0xb9445000
core   0: 0x800003d4 (0x1e327617) auipc   a2, 0x1e327
core   0: 3 0x800003d4 (0x1e327617) x12 0x9e3273d4
core   0: 0x800003d8 (0x23490493) addi    s1, s2, 564
core   0: 3 0x800003d8 (0x23490493) x 9 0x80000234
core   0: 0x800003dc (0x415780b3) sub     ra, a5, s5
core   0: 3 0x800003dc (0x415780b3) x 1 0xe4aac000
core   0: 0x800003e0 (0xd026b917) auipc   s2, 0xd026b
core   0: 3 0x800003e0 (0xd026b917) x18 0x5026b3e0
core   0: 0x800003e4 (0x412a8633) sub     a2, s5, s2
core   0: 3 0x800003e4 (0x412a8633) x12 0x8472dc20
core   0: 0x800003e8 (0x00000013) nop
core   0: 3 0x800003e8 (0x00000013)
core   0: 0x800003ec (0x800002b7) lui     t0, 0x80000
core   0: 3 0x800003ec (0x800002b7) x 5 0x80000000
core   0: 0x800003f0 (0x00000e13) li      t3, 0
core   0: 3 0x800003f0 (0x00000e13) x28 0x00000000
core   0: 0x800003f4 (0x80000537) lui     a0, 0x80000
core   0: 3 0x800003f4 (0x80000537) x10 0x80000000
core   0: 0x800003f8 (0x38da65b7) lui     a1, 0x38da6
core   0: 3 0x800003f8 (0x38da65b7) x11 0x38da6000
core   0: 0x800003fc (0x47d58593) addi    a1, a1, 1149
core   0: 3 0x800003fc (0x47d58593) x11 0x38da647d
core   0: 0x80000400 (0xfafded37) lui     s10, 0xfafde
core   0: 3 0x80000400 (0xfafded37) x26 0xfafde000
core   0: 0x80000404 (0xce6d0d13) addi    s10, s10, -794
core   0: 3 0x80000404 (0xce6d0d13) x26 0xfafddce6
core   0: 0x80000408 (0x80000eb7) lui     t4, 0x80000
core   0: 3 0x80000408 (0x80000eb7) x29 0x80000000
core   0: 0x8000040c (0xfff00f13) li      t5, -1
core   0: 3 0x8000040c (0xfff00f13) x30 0xffffffff
core   0: 0x80000410 (0xfff00113) li      sp, -1
core   0: 3 0x80000410 (0xfff00113) x 2 0xffffffff
core   0: 0x80000414 (0x800009b7) lui     s3, 0x80000
core   0: 3 0x80000414 (0x800009b7) x19 0x80000000
core   0: 0x80000418 (0x00000613) li      a2, 0
core   0: 3 0x80000418 (0x00000613) x12 0x00000000
core   0: 0x8000041c (0x00ae82b3) add     t0, t4, a0
core   0: 3 0x8000041c (0x00ae82b3) x 5 0x00000000
core   0: 0x80000420 (0x370b5e17) auipc   t3, 0x370b5
core   0: 3 0x80000420 (0x370b5e17) x28 0xb70b5420
core   0: 0x80000424 (0x8a928293) addi    t0, t0, -1879
core   0: 3 0x80000424 (0x8a928293) x 5 0xfffff8a9
core   0: 0x80000428 (0x40bf05b3) sub     a1, t5, a1
core   0: 3 0x80000428 (0x40bf05b3) x11 0xc7259b82
core   0: 0x8000042c (0x01a10eb3) add     t4, sp, s10
core   0: 3 0x8000042c (0x01a10eb3) x29 0xfafddce5
core   0: 0x80000430 (0x40b985b3) sub     a1, s3, a1
core   0: 3 0x80000430 (0x40b985b3) x11 0xb8da647e
core   0: 0x80000434 (0x297e9eb7) lui     t4, 0x297e9
core   0: 3 0x80000434 (0x297e9eb7) x29 0x297e9000
core   0: 0x80000438 (0xce6e0293) addi    t0, t3, -794
core   0: 3 0x80000438 (0xce6e0293) x 5 0xb70b5106
core   0: 0x8000043c (0x00000013) nop
core   0: 3 0x8000043c (0x00000013)
core   0: 0x80000440 (0xf265b597) auipc   a1, 0xf265b
core   0: 3 0x80000440 (0xf265b597) x11 0x7265b440
core   0: 0x80000444 (0x00000013) nop
core   0: 3 0x80000444 (0x00000013)
core   0: 0x80000448 (0x8e67d137) lui     sp, 0x8e67d
core   0: 3 0x80000448 (0x8e67d137) x 2 0x8e67d000
core   0: 0x8000044c (0x01ce82b3) add     t0, t4, t3
core   0: 3 0x8000044c (0x01ce82b3) x 5 0xe089e420
core   0: 0x80000450 (0xd69b39b7) lui     s3, 0xd69b3
core   0: 3 0x80000450 (0xd69b39b7) x19 0xd69b3000
core   0: 0x80000454 (0x00be02b3) add     t0, t3, a1
core   0: 3 0x80000454 (0x00be02b3) x 5 0x29710860
core   0: 0x80000458 (0x01a28633) add     a2, t0, s10
core   0: 3 0x80000458 (0x01a28633) x12 0x246ee546
core   0: 0x8000045c (0x80000db7) lui     s11, 0x80000
core   0: 3 0x8000045c (0x80000db7) x27 0x80000000
core   0: 0x80000460 (0xfff00a13) li      s4, -1
core   0: 3 0x80000460 (0xfff00a13) x20 0xffffffff
core   0: 0x80000464 (0x00000093) li      ra, 0
core   0: 3 0x80000464 (0x00000093) x 1 0x00000000
core   0: 0x80000468 (0x2b088eb7) lui     t4, 0x2b088
core   0: 3 0x80000468 (0x2b088eb7) x29 0x2b088000
core   0: 0x8000046c (0xfeae8e93) addi    t4, t4, -22
core   0: 3 0x8000046c (0xfeae8e93) x29 0x2b087fea
core   0: 0x80000470 (0x80000637) lui     a2, 0x80000
core   0: 3 0x80000470 (0x80000637) x12 0x80000000
core   0: 0x80000474 (0x800001b7) lui     gp, 0x80000
core   0: 3 0x80000474 (0x800001b7) x 3 0x80000000
core   0: 0x80000478 (0x00000793) li      a5, 0
core   0: 3 0x80000478 (0x00000793) x15 0x00000000
core   0: 0x8000047c (0x80000737) lui     a4, 0x80000
core   0: 3 0x8000047c (0x80000737) x14 0x80000000
core   0: 0x80000480 (0x80000437) lui     s0, 0x80000
core   0: 3 0x80000480 (0x80000437) x 8 0x80000000
core   0: 0x80000484 (0x80000d37) lui     s10, 0x80000
core   0: 3 0x80000484 (0x80000d37) x26 0x80000000
core   0: 0x80000488 (0x8c948d37) lui     s10, 0x8c948
core   0: 3 0x80000488 (0x8c948d37) x26 0x8c948000
core   0: 0x8000048c (0xa6f08a13) addi    s4, ra, -1425
core   0: 3 0x8000048c (0xa6f08a13) x20 0xfffffa6f
core   0: 0x80000490 (0x00000013) nop
core   0: 3 0x80000490 (0x00000013)
core   0: 0x80000494 (0x014e8d33) add     s10, t4, s4
core   0: 3 0x80000494 (0x014e8d33) x26 0x2b087a59
core   0: 0x80000498 (0xd66bd0b7) lui     ra, 0xd66bd
core   0: 3 0x80000498 (0xd66bd0b7) x 1 0xd66bd000
core   0: 0x8000049c (0x00000013) nop
core   0: 3 0x8000049c (0x00000013)
core   0: 0x800004a0 (0x01aa0eb3) add     t4, s4, s10
core   0: 3 0x800004a0 (0x01aa0eb3) x29 0x2b0874c8
core   0: 0x800004a4 (0x40c78db3) sub     s11, a5, a2
core   0: 3 0x800004a4 (0x40c78db3) x27 0x80000000
core   0: 0x800004a8 (0x6b431e97) auipc   t4, 0x6b431
core   0: 3 0x800004a8 (0x6b431e97) x29 0xeb4314a8
core   0: 0x800004ac (0x00000013) nop
core   0: 3 0x800004ac (0x00000013)
core   0: 0x800004b0 (0x00f18633) add     a2, gp, a5
core   0: 3 0x800004b0 (0x00f18633) x12 0x80000000
core   0: 0x800004b4 (0x00000013) nop
core   0: 3 0x800004b4 (0x00000013)
core   0: 0x800004b8 (0x00fd87b3) add     a5, s11, a5
core   0: 3 0x800004b8 (0x00fd87b3) x15 0x80000000
core   0: 0x800004bc (0x40e40eb3) sub     t4, s0, a4
core   0: 3 0x800004bc (0x40e40eb3) x29 0x00000000
core   0: 0x800004c0 (0xd70d0a13) addi    s4, s10, -656
core   0: 3 0x800004c0 (0xd70d0a13) x20 0x2b0877c9
core   0: 0x800004c4 (0x594d0613) addi    a2, s10, 1428
core   0: 3 0x800004c4 (0x594d0613) x12 0x2b087fed
core   0: 0x800004c8 (0x014a0db3) add     s11, s4, s4
core   0: 3 0x800004c8 (0x014a0db3) x27 0x5610ef92
core   0: 0x800004cc (0x00000013) nop
core   0: 3 0x800004cc (0x00000013)
core   0: 0x800004d0 (0xb6fbda17) auipc   s4, 0xb6fbd
core   0: 3 0x800004d0 (0xb6fbda17) x20 0x36fbd4d0
core   0: 0x800004d4 (0xd46d8d13) addi    s10, s11, -698
core   0: 3 0x800004d4 (0xd46d8d13) x26 0x5610ecd8
core   0: 0x800004d8 (0x86708793) addi    a5, ra, -1945
core   0: 3 0x800004d8 (0x86708793) x15 0xd66bc867
core   0: 0x800004dc (0x10355a37) lui     s4, 0x10355
core   0: 3 0x800004dc (0x10355a37) x20 0x10355000
core   0: 0x800004e0 (0xb5ad8193) addi    gp, s11, -1190
core   0: 3 0x800004e0 (0xb5ad8193) x 3 0x5610eaec
core   0: 0x800004e4 (0xfff00d93) li      s11, -1
core   0: 3 0x800004e4 (0xfff00d93) x27 0xffffffff
core   0: 0x800004e8 (0x80000eb7) lui     t4, 0x80000
core   0: 3 0x800004e8 (0x80000eb7) x29 0x80000000
core   0: 0x800004ec (0x800009b7) lui     s3, 0x80000
core   0: 3 0x800004ec (0x800009b7) x19 0x80000000
core   0: 0x800004f0 (0xfff00813) li      a6, -1
core   0: 3 0x800004f0 (0xfff00813) x16 0xffffffff
core   0: 0x800004f4 (0x800007b7) lui     a5, 0x80000
core   0: 3 0x800004f4 (0x800007b7) x15 0x80000000
core   0: 0x800004f8 (0x00000a93) li      s5, 0
core   0: 3 0x800004f8 (0x00000a93) x21 0x00000000
core   0: 0x800004fc (0xfff00913) li      s2, -1
core   0: 3 0x800004fc (0xfff00913) x18 0xffffffff
core   0: 0x80000500 (0xb7493637) lui     a2, 0xb7493
core   0: 3 0x80000500 (0xb7493637) x12 0xb7493000
core   0: 0x80000504 (0x30e60613) addi    a2, a2, 782
core   0: 3 0x80000504 (0x30e60613) x12 0xb749330e
core   0: 0x80000508 (0xfff00693) li      a3, -1
core   0: 3 0x80000508 (0xfff00693) x13 0xffffffff
core   0: 0x8000050c (0x00000513) li      a0, 0
core   0: 3 0x8000050c (0x00000513) x10 0x00000000
core   0: 0x80000510 (0x41d60eb3) sub     t4, a2, t4
core   0: 3 0x80000510 (0x41d60eb3) x29 0x3749330e
core   0: 0x80000514 (0x00f686b3) add     a3, a3, a5
core   0: 3 0x80000514 (0x00f686b3) x13 0x7fffffff
core   0: 0x80000518 (0x00000013) nop
core   0: 3 0x80000518 (0x00000013)
core   0: 0x8000051c (0x00000013) nop
core   0: 3 0x8000051c (0x00000013)
core   0: 0x80000520 (0x00000013) nop
core   0: 3 0x80000520 (0x00000013)
core   0: 0x80000524 (0x41b50eb3) sub     t4, a0, s11
core   0: 3 0x80000524 (0x41b50eb3) x29 0x00000001
core   0: 0x80000528 (0x5df5e797) auipc   a5, 0x5df5e
core   0: 3 0x80000528 (0x5df5e797) x15 0xddf5e528
core   0: 0x8000052c (0x9a490997) auipc   s3, 0x9a490
core   0: 3 0x8000052c (0x9a490997) x19 0x1a49052c
core   0: 0x80000530 (0x1d55e837) lui     a6, 0x1d55e
core   0: 3 0x80000530 (0x1d55e837) x16 0x1d55e000
core   0: 0x80000534 (0x3e19d797) auipc   a5, 0x3e19d
core   0: 3 0x80000534 (0x3e19d797) x15 0xbe19d534
core   0: 0x80000538 (0x01360eb3) add     t4, a2, s3
core   0: 3 0x80000538 (0x01360eb3) x29 0xd192383a
core   0: 0x8000053c (0x00000013) nop
core   0: 3 0x8000053c (0x00000013)
core   0: 0x80000540 (0x412a8933) sub     s2, s5, s2
core   0: 3 0x80000540 (0x412a8933) x18 0x00000001
core   0: 0x80000544 (0x5c3e8a93) addi    s5, t4, 1475
core   0: 3 0x80000544 (0x5c3e8a93) x21 0xd1923dfd
core   0: 0x80000548 (0x00000013) nop
core   0: 3 0x80000548 (0x00000013)
core   0: 0x8000054c (0x5d968913) addi    s2, a3, 1497
core   0: 3 0x8000054c (0x5d968913) x18 0x800005d8
core   0: 0x80000550 (0x013786b3) add     a3, a5, s3
core   0: 3 0x80000550 (0x013786b3) x13 0xd862da60
core   0: 0x80000554 (0x00ca8833) add     a6, s5, a2
core   0: 3 0x80000554 (0x00ca8833) x16 0x88db710b
core   0: 0x80000558 (0x906c9997) auipc   s3, 0x906c9
core   0: 3 0x80000558 (0x906c9997) x19 0x106c9558
core   0: 0x8000055c (0x40cdf537) lui     a0, 0x40cdf
core   0: 3 0x8000055c (0x40cdf537) x10 0x40cdf000
core   0: 0x80000560 (0x35556937) lui     s2, 0x35556
core   0: 3 0x80000560 (0x35556937) x18 0x35556000
core   0: 0x80000564 (0x00000413) li      s0, 0
core   0: 3 0x80000564 (0x00000413) x 8 0x00000000
core   0: 0x80000568 (0x00000493) li      s1, 0
core   0: 3 0x80000568 (0x00000493) x 9 0x00000000
core   0: 0x8000056c (0xfff00e93) li      t4, -1
core   0: 3 0x8000056c (0xfff00e93) x29 0xffffffff
core   0: 0x80000570 (0x00000d13) li      s10, 0
core   0: 3 0x80000570 (0x00000d13) x26 0x00000000
core   0: 0x80000574 (0xfff00993) li      s3, -1
core   0: 3 0x80000574 (0xfff00993) x19 0xffffffff
core   0: 0x80000578 (0x00000c13) li      s8, 0
core   0: 3 0x80000578 (0x00000c13) x24 0x00000000
core   0: 0x8000057c (0x8109ebb7) lui     s7, 0x8109e
core   0: 3 0x8000057c (0x8109ebb7) x23 0x8109e000
core   0: 0x80000580 (0x65db8b93) addi    s7, s7, 1629
core   0: 3 0x80000580 (0x65db8b93) x23 0x8109e65d
core   0: 0x80000584 (0xaba69237) lui     tp, 0xaba69
core   0: 3 0x80000584 (0xaba69237) x 4 0xaba69000
core   0: 0x80000588 (0x44320213) addi    tp, tp, 1091
core   0: 3 0x80000588 (0x44320213) x 4 0xaba69443
core   0: 0x8000058c (0x00000613) li      a2, 0
core   0: 3 0x8000058c (0x00000613) x12 0x00000000
core   0: 0x80000590 (0xfff00a93) li      s5, -1
core   0: 3 0x80000590 (0xfff00a93) x21 0xffffffff
core   0: 0x80000594 (0x408204b3) sub     s1, tp, s0
core   0: 3 0x80000594 (0x408204b3) x 9 0xaba69443
core   0: 0x80000598 (0x40e18e97) auipc   t4, 0x40e18
core   0: 3 0x80000598 (0x40e18e97) x29 0xc0e18598
core   0: 0x8000059c (0x41a20bb3) sub     s7, tp, s10
core   0: 3 0x8000059c (0x41a20bb3) x23 0xaba69443
core   0: 0x800005a0 (0x00000013) nop
core   0: 3 0x800005a0 (0x00000013)
core   0: 0x800005a4 (0x67349d37) lui     s10, 0x67349
core   0: 3 0x800005a4 (0x67349d37) x26 0x67349000
core   0: 0x800005a8 (0x435fdd17) auipc   s10, 0x435fd
core   0: 3 0x800005a8 (0x435fdd17) x26 0xc35fd5a8
core   0: 0x800005ac (0x3496cb97) auipc   s7, 0x3496c
core   0: 3 0x800005ac (0x3496cb97) x23 0xb496c5ac
core   0: 0x800005b0 (0x27320213) addi    tp, tp, 627
core   0: 3 0x800005b0 (0x27320213) x 4 0xaba696b6
core   0: 0x800005b4 (0x409a8bb3) sub     s7, s5, s1
core   0: 3 0x800005b4 (0x409a8bb3) x23 0x54596bbc
core   0: 0x800005b8 (0x34a48497) auipc   s1, 0x34a48
core   0: 3 0x800005b8 (0x34a48497) x 9 0xb4a485b8
core   0: 0x800005bc (0x93c20a93) addi    s5, tp, -1732
core   0: 3 0x800005bc (0x93c20a93) x21 0xaba68ff2
core   0: 0x800005c0 (0x1d29cc37) lui     s8, 0x1d29c
core   0: 3 0x800005c0 (0x1d29cc37) x24 0x1d29c000
core   0: 0x800005c4 (0x40c409b3) sub     s3, s0, a2
core   0: 3 0x800005c4 (0x40c409b3) x19 0x00000000
core   0: 0x800005c8 (0x8b9b9c37) lui     s8, 0x8b9b9
core   0: 3 0x800005c8 (0x8b9b9c37) x24 0x8b9b9000
core   0: 0x800005cc (0x19b98d13) addi    s10, s3, 411
core   0: 3 0x800005cc (0x19b98d13) x26 0x0000019b
core   0: 0x800005d0 (0x00000913) li      s2, 0
core   0: 3 0x800005d0 (0x00000913) x18 0x00000000
core   0: 0x800005d4 (0x800001b7) lui     gp, 0x80000
core   0: 3 0x800005d4 (0x800001b7) x 3 0x80000000
core   0: 0x800005d8 (0xfff00213) li      tp, -1
core   0: 3 0x800005d8 (0xfff00213) x 4 0xffffffff
core   0: 0x800005dc (0x0e12f2b7) lui     t0, 0xe12f
core   0: 3 0x800005dc (0x0e12f2b7) x 5 0x0e12f000
core   0: 0x800005e0 (0xc6b28293) addi    t0, t0, -917
core   0: 3 0x800005e0 (0xc6b28293) x 5 0x0e12ec6b
core   0: 0x800005e4 (0x80000837) lui     a6, 0x80000
core   0: 3 0x800005e4 (0x80000837) x16 0x80000000
core   0: 0x800005e8 (0xa1fa0cb7) lui     s9, 0xa1fa0
core   0: 3 0x800005e8 (0xa1fa0cb7) x25 0xa1fa0000
core   0: 0x800005ec (0x9e3c8c93) addi    s9, s9, -1565
core   0: 3 0x800005ec (0x9e3c8c93) x25 0xa1f9f9e3
core   0: 0x800005f0 (0x00000413) li      s0, 0
core   0: 3 0x800005f0 (0x00000413) x 8 0x00000000
core   0: 0x800005f4 (0x80000db7) lui     s11, 0x80000
core   0: 3 0x800005f4 (0x80000db7) x27 0x80000000
core   0: 0x800005f8 (0x80000fb7) lui     t6, 0x80000
core   0: 3 0x800005f8 (0x80000fb7) x31 0x80000000
core   0: 0x800005fc (0x13673137) lui     sp, 0x13673
core   0: 3 0x800005fc (0x13673137) x 2 0x13673000
core   0: 0x80000600 (0xdb710113) addi    sp, sp, -585
core   0: 3 0x80000600 (0xdb710113) x 2 0x13672db7
core   0: 0x80000604 (0x00000013) nop
core   0: 3 0x80000604 (0x00000013)
core   0: 0x80000608 (0x00000013) nop
core   0: 3 0x80000608 (0x00000013)
core   0: 0x8000060c (0x00000013) nop
core   0: 3 0x8000060c (0x00000013)
core   0: 0x80000610 (0x00000013) nop
core   0: 3 0x80000610 (0x00000013)
core   0: 0x80000614 (0x44aa51b7) lui     gp, 0x44aa5
core   0: 3 0x80000614 (0x44aa51b7) x 3 0x44aa5000
core   0: 0x80000618 (0xa1358297) auipc   t0, 0xa1358
core   0: 3 0x80000618 (0xa1358297) x 5 0x21358618
core   0: 0x8000061c (0xade10193) addi    gp, sp, -1314
core   0: 3 0x8000061c (0xade10193) x 3 0x13672895
core   0: 0x80000620 (0x18f09c97) auipc   s9, 0x18f09
core   0: 3 0x80000620 (0x18f09c97) x25 0x98f09620
core   0: 0x80000624 (0x088d8213) addi    tp, s11, 136
core   0: 3 0x80000624 (0x088d8213) x 4 0x80000088
core   0: 0x80000628 (0xfb428293) addi    t0, t0, -76
core   0: 3 0x80000628 (0xfb428293) x 5 0x213585cc
core   0: 0x8000062c (0x40380fb3) sub     t6, a6, gp
core   0: 3 0x8000062c (0x40380fb3) x31 0x6c98d76b
core   0: 0x80000630 (0x00000013) nop
core   0: 3 0x80000630 (0x00000013)
core   0: 0x80000634 (0x405201b3) sub     gp, tp, t0
core   0: 3 0x80000634 (0x405201b3) x 3 0x5eca7abc
core   0: 0x80000638 (0x010c8133) add     sp, s9, a6
core   0: 3 0x80000638 (0x010c8133) x 2 0x18f09620
core   0: 0x8000063c (0x55c5dc97) auipc   s9, 0x55c5d
core   0: 3 0x8000063c (0x55c5dc97) x25 0xd5c5d63c
core   0: 0x80000640 (0x8e3a5817) auipc   a6, 0x8e3a5
core   0: 3 0x80000640 (0x8e3a5817) x16 0x0e3a5640
core   0: 0x80000644 (0x405d8fb3) sub     t6, s11, t0
core   0: 3 0x80000644 (0x405d8fb3) x31 0x5eca7a34
core   0: 0x80000648 (0xdba18113) addi    sp, gp, -582
core   0: 3 0x80000648 (0xdba18113) x 2 0x5eca7876
core   0: 0x8000064c (0x00000013) nop
core   0: 3 0x8000064c (0x00000013)
core   0: 0x80000650 (0x8d6fcdb7) lui     s11, 0x8d6fc
core   0: 3 0x80000650 (0x8d6fcdb7) x27 0x8d6fc000
core   0: 0x80000654 (0x40518cb3) sub     s9, gp, t0
core   0: 3 0x80000654 (0x40518cb3) x25 0x3d94f4f0
core   0: 0x80000658 (0x00890233) add     tp, s2, s0
core   0: 3 0x80000658 (0x00890233) x 4 0x00000000
core   0: 0x8000065c (0x00000013) nop
core   0: 3 0x8000065c (0x00000013)
core   0: 0x80000660 (0x410c8fb3) sub     t6, s9, a6
core   0: 3 0x80000660 (0x410c8fb3) x31 0x2f5a9eb0
core   0: 0x80000664 (0x7fb36137) lui     sp, 0x7fb36
core   0: 3 0x80000664 (0x7fb36137) x 2 0x7fb36000
core   0: 0x80000668 (0xf8a1e237) lui     tp, 0xf8a1e
core   0: 3 0x80000668 (0xf8a1e237) x 4 0xf8a1e000
core   0: 0x8000066c (0x07464937) lui     s2, 0x7464
core   0: 3 0x8000066c (0x07464937) x18 0x07464000
core   0: 0x80000670 (0x4dbb2137) lui     sp, 0x4dbb2
core   0: 3 0x80000670 (0x4dbb2137) x 2 0x4dbb2000
core   0: 0x80000674 (0x98634fb7) lui     t6, 0x98634
core   0: 3 0x80000674 (0x98634fb7) x31 0x98634000
core   0: 0x80000678 (0x21716437) lui     s0, 0x21716
core   0: 3 0x80000678 (0x21716437) x 8 0x21716000
core   0: 0x8000067c (0x33640413) addi    s0, s0, 822
core   0: 3 0x8000067c (0x33640413) x 8 0x21716336
core   0: 0x80000680 (0x800006b7) lui     a3, 0x80000
core   0: 3 0x80000680 (0x800006b7) x13 0x80000000
core   0: 0x80000684 (0x00000213) li      tp, 0
core   0: 3 0x80000684 (0x00000213) x 4 0x00000000
core   0: 0x80000688 (0x00000a93) li      s5, 0
core   0: 3 0x80000688 (0x00000a93) x21 0x00000000
core   0: 0x8000068c (0x00000f93) li      t6, 0
core   0: 3 0x8000068c (0x00000f93) x31 0x00000000
core   0: 0x80000690 (0xfff00913) li      s2, -1
core   0: 3 0x80000690 (0xfff00913) x18 0xffffffff
core   0: 0x80000694 (0x00000c13) li      s8, 0
core   0: 3 0x80000694 (0x00000c13) x24 0x00000000
core   0: 0x80000698 (0xfff00d93) li      s11, -1
core   0: 3 0x80000698 (0xfff00d93) x27 0xffffffff
core   0: 0x8000069c (0x80000d37) lui     s10, 0x80000
core   0: 3 0x8000069c (0x80000d37) x26 0x80000000
core   0: 0x800006a0 (0x00000313) li      t1, 0
core   0: 3 0x800006a0 (0x00000313) x 6 0x00000000
core   0: 0x800006a4 (0x00000013) nop
core   0: 3 0x800006a4 (0x00000013)
core   0: 0x800006a8 (0xd5df8413) addi    s0, t6, -675
core   0: 3 0x800006a8 (0xd5df8413) x 8 0xfffffd5d
core   0: 0x800006ac (0xd70d6db7) lui     s11, 0xd70d6
core   0: 3 0x800006ac (0xd70d6db7) x27 0xd70d6000
core   0: 0x800006b0 (0x40830433) sub     s0, t1, s0
core   0: 3 0x800006b0 (0x40830433) x 8 0x000002a3
core   0: 0x800006b4 (0x41aa8ab3) sub     s5, s5, s10
core   0: 3 0x800006b4 (0x41aa8ab3) x21 0x80000000
core   0: 0x800006b8 (0x00468c33) add     s8, a3, tp
core   0: 3 0x800006b8 (0x00468c33) x24 0x80000000
core   0: 0x800006bc (0x004d0c33) add     s8, s10, tp
core   0: 3 0x800006bc (0x004d0c33) x24 0x80000000
core   0: 0x800006c0 (0x00000013) nop
core   0: 3 0x800006c0 (0x00000013)
core   0: 0x800006c4 (0x253d8413) addi    s0, s11, 595
core   0: 3 0x800006c4 (0x253d8413) x 8 0xd70d6253
core   0: 0x800006c8 (0x206e7437) lui     s0, 0x206e7
core   0: 3 0x800006c8 (0x206e7437) x 8 0x206e7000
core   0: 0x800006cc (0x2c6f8313) addi    t1, t6, 710
core   0: 3 0x800006cc (0x2c6f8313) x 6 0x000002c6
core   0: 0x800006d0 (0x00000013) nop
core   0: 3 0x800006d0 (0x00000013)
core   0: 0x800006d4 (0xb6990213) addi    tp, s2, -1175
core   0: 3 0x800006d4 (0xb6990213) x 4 0xfffffb68
core   0: 0x800006d8 (0x406d8433) sub     s0, s11, t1
core   0: 3 0x800006d8 (0x406d8433) x 8 0xd70d5d3a
core   0: 0x800006dc (0x9cd3d317) auipc   t1, 0x9cd3d
core   0: 3 0x800006dc (0x9cd3d317) x 6 0x1cd3d6dc
core   0: 0x800006e0 (0xcb23b6b7) lui     a3, 0xcb23b
core   0: 3 0x800006e0 (0xcb23b6b7) x13 0xcb23b000
core   0: 0x800006e4 (0xfff00513) li      a0, -1
core   0: 3 0x800006e4 (0xfff00513) x10 0xffffffff
core   0: 0x800006e8 (0x25940bb7) lui     s7, 0x25940
core   0: 3 0x800006e8 (0x25940bb7) x23 0x25940000
core   0: 0x800006ec (0x623b8b93) addi    s7, s7, 1571
core   0: 3 0x800006ec (0x623b8b93) x23 0x25940623
core   0: 0x800006f0 (0x00000193) li      gp, 0
core   0: 3 0x800006f0 (0x00000193) x 3 0x00000000
core   0: 0x800006f4 (0x700cbf37) lui     t5, 0x700cb
core   0: 3 0x800006f4 (0x700cbf37) x30 0x700cb000
core   0: 0x800006f8 (0x32ff0f13) addi    t5, t5, 815
core   0: 3 0x800006f8 (0x32ff0f13) x30 0x700cb32f
core   0: 0x800006fc (0xfff00593) li      a1, -1
core   0: 3 0x800006fc (0xfff00593) x11 0xffffffff
core   0: 0x80000700 (0xfff00213) li      tp, -1
core   0: 3 0x80000700 (0xfff00213) x 4 0xffffffff
core   0: 0x80000704 (0xdc2d00b7) lui     ra, 0xdc2d0
core   0: 3 0x80000704 (0xdc2d00b7) x 1 0xdc2d0000
core   0: 0x80000708 (0x3ba08093) addi    ra, ra, 954
core   0: 3 0x80000708 (0x3ba08093) x 1 0xdc2d03ba
core   0: 0x8000070c (0x00000d93) li      s11, 0
core   0: 3 0x8000070c (0x00000d93) x27 0x00000000
core   0: 0x80000710 (0x00000c93) li      s9, 0
core   0: 3 0x80000710 (0x00000c93) x25 0x00000000
core   0: 0x80000714 (0xfff00e13) li      t3, -1
core   0: 3 0x80000714 (0xfff00e13) x28 0xffffffff
core   0: 0x80000718 (0x00000013) nop
core   0: 3 0x80000718 (0x00000013)
core   0: 0x8000071c (0x7fecbf37) lui     t5, 0x7fecb
core   0: 3 0x8000071c (0x7fecbf37) x30 0x7fecb000
core   0: 0x80000720 (0x52520e13) addi    t3, tp, 1317
core   0: 3 0x80000720 (0x52520e13) x28 0x00000524
core   0: 0x80000724 (0x017f00b3) add     ra, t5, s7
core   0: 3 0x80000724 (0x017f00b3) x 1 0xa580b623
core   0: 0x80000728 (0x00000013) nop
core   0: 3 0x80000728 (0x00000013)
core   0: 0x8000072c (0x4661c597) auipc   a1, 0x4661c
core   0: 3 0x8000072c (0x4661c597) x11 0xc661c72c
core   0: 0x80000730 (0x00000013) nop
core   0: 3 0x80000730 (0x00000013)
core   0: 0x80000734 (0x01ec8bb3) add     s7, s9, t5
core   0: 3 0x80000734 (0x01ec8bb3) x23 0x7fecb000
core   0: 0x80000738 (0x6521ecb7) lui     s9, 0x6521e
core   0: 3 0x80000738 (0x6521ecb7) x25 0x6521e000
core   0: 0x8000073c (0x8899c197) auipc   gp, 0x8899c
core   0: 3 0x8000073c (0x8899c197) x 3 0x0899c73c
core   0: 0x80000740 (0x00000013) nop
core   0: 3 0x80000740 (0x00000013)
core   0: 0x80000744 (0x2132e517) auipc   a0, 0x2132e
core   0: 3 0x80000744 (0x2132e517) x10 0xa132e744
core   0: 0x80000748 (0x18620c93) addi    s9, tp, 390
core   0: 3 0x80000748 (0x18620c93) x25 0x00000185
core   0: 0x8000074c (0xe9658f13) addi    t5, a1, -362
core   0: 3 0x8000074c (0xe9658f13) x30 0xc661c5c2
core   0: 0x80000750 (0x40118533) sub     a0, gp, ra
core   0: 3 0x80000750 (0x40118533) x10 0x63191119
core   0: 0x80000754 (0x68e22237) lui     tp, 0x68e22
core   0: 3 0x80000754 (0x68e22237) x 4 0x68e22000
core   0: 0x80000758 (0x01ec8233) add     tp, s9, t5
core   0: 3 0x80000758 (0x01ec8233) x 4 0xc661c747
core   0: 0x8000075c (0x44a26537) lui     a0, 0x44a26
core   0: 3 0x8000075c (0x44a26537) x10 0x44a26000
core   0: 0x80000760 (0x41e200b3) sub     ra, tp, t5
core   0: 3 0x80000760 (0x41e200b3) x 1 0x00000185
core   0: 0x80000764 (0xc0c431b7) lui     gp, 0xc0c43
core   0: 3 0x80000764 (0xc0c431b7) x 3 0xc0c43000
core   0: 0x80000768 (0x4d7d8b93) addi    s7, s11, 1239
core   0: 3 0x80000768 (0x4d7d8b93) x23 0x000004d7
core   0: 0x8000076c (0x8b334237) lui     tp, 0x8b334
core   0: 3 0x8000076c (0x8b334237) x 4 0x8b334000
core   0: 0x80000770 (0x3d1b8213) addi    tp, s7, 977
core   0: 3 0x80000770 (0x3d1b8213) x 4 0x000008a8
core   0: 0x80000774 (0x00408533) add     a0, ra, tp
core   0: 3 0x80000774 (0x00408533) x10 0x00000a2d
core   0: 0x80000778 (0x00000e13) li      t3, 0
core   0: 3 0x80000778 (0x00000e13) x28 0x00000000
core   0: 0x8000077c (0xfff00413) li      s0, -1
core   0: 3 0x8000077c (0xfff00413) x 8 0xffffffff
core   0: 0x80000780 (0x00000493) li      s1, 0
core   0: 3 0x80000780 (0x00000493) x 9 0x00000000
core   0: 0x80000784 (0x00000813) li      a6, 0
core   0: 3 0x80000784 (0x00000813) x16 0x00000000
core   0: 0x80000788 (0xfff00313) li      t1, -1
core   0: 3 0x80000788 (0xfff00313) x 6 0xffffffff
core   0: 0x8000078c (0x00000e93) li      t4, 0
core   0: 3 0x8000078c (0x00000e93) x29 0x00000000
core   0: 0x80000790 (0x00000d93) li      s11, 0
core   0: 3 0x80000790 (0x00000d93) x27 0x00000000
core   0: 0x80000794 (0x9b9999b7) lui     s3, 0x9b999
core   0: 3 0x80000794 (0x9b9999b7) x19 0x9b999000
core   0: 0x80000798 (0xd4098993) addi    s3, s3, -704
core   0: 3 0x80000798 (0xd4098993) x19 0x9b998d40
core   0: 0x8000079c (0x80000637) lui     a2, 0x80000
core   0: 3 0x8000079c (0x80000637) x12 0x80000000
core   0: 0x800007a0 (0x76bfe5b7) lui     a1, 0x76bfe
core   0: 3 0x800007a0 (0x76bfe5b7) x11 0x76bfe000
core   0: 0x800007a4 (0x72858593) addi    a1, a1, 1832
core   0: 3 0x800007a4 (0x72858593) x11 0x76bfe728
core   0: 0x800007a8 (0x56098593) addi    a1, s3, 1376
core   0: 3 0x800007a8 (0x56098593) x11 0x9b9992a0
core   0: 0x800007ac (0x4f6a4337) lui     t1, 0x4f6a4
core   0: 3 0x800007ac (0x4f6a4337) x 6 0x4f6a4000
core   0: 0x800007b0 (0x51504db7) lui     s11, 0x51504
core   0: 3 0x800007b0 (0x51504db7) x27 0x51504000
core   0: 0x800007b4 (0x41c30eb3) sub     t4, t1, t3
core   0: 3 0x800007b4 (0x41c30eb3) x29 0x4f6a4000
core   0: 0x800007b8 (0x01d98333) add     t1, s3, t4
core   0: 3 0x800007b8 (0x01d98333) x 6 0xeb03cd40
core   0: 0x800007bc (0x00000013) nop
core   0: 3 0x800007bc (0x00000013)
core   0: 0x800007c0 (0x40c80e33) sub     t3, a6, a2
core   0: 3 0x800007c0 (0x40c80e33) x28 0x80000000
core   0: 0x800007c4 (0x00000013) nop
core   0: 3 0x800007c4 (0x00000013)
core   0: 0x800007c8 (0xf5b00317) auipc   t1, 0xf5b00
core   0: 3 0x800007c8 (0xf5b00317) x 6 0x75b007c8
core   0: 0x800007cc (0x0412fdb7) lui     s11, 0x412f
core   0: 3 0x800007cc (0x0412fdb7) x27 0x0412f000
core   0: 0x800007d0 (0x4490e617) auipc   a2, 0x4490e
core   0: 3 0x800007d0 (0x4490e617) x12 0xc490e7d0
core   0: 0x800007d4 (0x00000013) nop
core   0: 3 0x800007d4 (0x00000013)
core   0: 0x800007d8 (0x00000013) nop
core   0: 3 0x800007d8 (0x00000013)
core   0: 0x800007dc (0x217ba5b7) lui     a1, 0x217ba
core   0: 3 0x800007dc (0x217ba5b7) x11 0x217ba000
core   0: 0x800007e0 (0x51d58993) addi    s3, a1, 1309
core   0: 3 0x800007e0 (0x51d58993) x19 0x217ba51d
core   0: 0x800007e4 (0x9ae4ed97) auipc   s11, 0x9ae4e
core   0: 3 0x800007e4 (0x9ae4ed97) x27 0x1ae4e7e4
core   0: 0x800007e8 (0x800000b7) lui     ra, 0x80000
core   0: 3 0x800007e8 (0x800000b7) x 1 0x80000000
core   0: 0x800007ec (0x00000793) li      a5, 0
core   0: 3 0x800007ec (0x00000793) x15 0x00000000
core   0: 0x800007f0 (0x6092beb7) lui     t4, 0x6092b
core   0: 3 0x800007f0 (0x6092beb7) x29 0x6092b000
core   0: 0x800007f4 (0x23ce8e93) addi    t4, t4, 572
core   0: 3 0x800007f4 (0x23ce8e93) x29 0x6092b23c
core   0: 0x800007f8 (0x3f6bb437) lui     s0, 0x3f6bb
core   0: 3 0x800007f8 (0x3f6bb437) x 8 0x3f6bb000
core   0: 0x800007fc (0x2de40413) addi    s0, s0, 734
core   0: 3 0x800007fc (0x2de40413) x 8 0x3f6bb2de
core   0: 0x80000800 (0x00000f13) li      t5, 0
core   0: 3 0x80000800 (0x00000f13) x30 0x00000000
core   0: 0x80000804 (0x66429637) lui     a2, 0x66429
core   0: 3 0x80000804 (0x66429637) x12 0x66429000
core   0: 0x80000808 (0x76b60613) addi    a2, a2, 1899
core   0: 3 0x80000808 (0x76b60613) x12 0x6642976b
core   0: 0x8000080c (0xfff00293) li      t0, -1
core   0: 3 0x8000080c (0xfff00293) x 5 0xffffffff
core   0: 0x80000810 (0x00000d13) li      s10, 0
core   0: 3 0x80000810 (0x00000d13) x26 0x00000000
core   0: 0x80000814 (0x4fd63bb7) lui     s7, 0x4fd63
core   0: 3 0x80000814 (0x4fd63bb7) x23 0x4fd63000
core   0: 0x80000818 (0xb51b8b93) addi    s7, s7, -1199
core   0: 3 0x80000818 (0xb51b8b93) x23 0x4fd62b51
core   0: 0x8000081c (0xfff00193) li      gp, -1
core   0: 3 0x8000081c (0xfff00193) x 3 0xffffffff
core   0: 0x80000820 (0x417f01b3) sub     gp, t5, s7
core   0: 3 0x80000820 (0x417f01b3) x 3 0xb029d4af
core   0: 0x80000824 (0x01dd07b3) add     a5, s10, t4
core   0: 3 0x80000824 (0x01dd07b3) x15 0x6092b23c
core   0: 0x80000828 (0x40328d33) sub     s10, t0, gp
core   0: 3 0x80000828 (0x40328d33) x26 0x4fd62b50
core   0: 0x8000082c (0xb1e867b7) lui     a5, 0xb1e86
core   0: 3 0x8000082c (0xb1e867b7) x15 0xb1e86000
core   0: 0x80000830 (0x401b8633) sub     a2, s7, ra
core   0: 3 0x80000830 (0x401b8633) x12 0xcfd62b51
core   0: 0x80000834 (0x2492ed17) auipc   s10, 0x2492e
core   0: 3 0x80000834 (0x2492ed17) x26 0xa492e834
core   0: 0x80000838 (0x001082b3) add     t0, ra, ra
core   0: 3 0x80000838 (0x001082b3) x 5 0x00000000
core   0: 0x8000083c (0x41db8eb3) sub     t4, s7, t4
core   0: 3 0x8000083c (0x41db8eb3) x29 0xef437915
core   0: 0x80000840 (0x00308d33) add     s10, ra, gp
core   0: 3 0x80000840 (0x00308d33) x26 0x3029d4af
core   0: 0x80000844 (0x00000013) nop
core   0: 3 0x80000844 (0x00000013)
core   0: 0x80000848 (0x9cfd51b7) lui     gp, 0x9cfd5
core   0: 3 0x80000848 (0x9cfd51b7) x 3 0x9cfd5000
core   0: 0x8000084c (0xb9440413) addi    s0, s0, -1132
core   0: 3 0x8000084c (0xb9440413) x 8 0x3f6bae72
core   0: 0x80000850 (0x00000013) nop
core   0: 3 0x80000850 (0x00000013)
core   0: 0x80000854 (0x403607b3) sub     a5, a2, gp
core   0: 3 0x80000854 (0x403607b3) x15 0x32d8db51
core   0: 0x80000858 (0xac90c097) auipc   ra, 0xac90c
core   0: 3 0x80000858 (0xac90c097) x 1 0x2c90c858
core   0: 0x8000085c (0xf10b77b7) lui     a5, 0xf10b7
core   0: 3 0x8000085c (0xf10b77b7) x15 0xf10b7000
core   0: 0x80000860 (0x03e0ebb7) lui     s7, 0x3e0e
core   0: 3 0x80000860 (0x03e0ebb7) x23 0x03e0e000
core   0: 0x80000864 (0x00118d33) add     s10, gp, ra
core   0: 3 0x80000864 (0x00118d33) x26 0xc98e1858
core   0: 0x80000868 (0x404f0d13) addi    s10, t5, 1028
core   0: 3 0x80000868 (0x404f0d13) x26 0x00000404
core   0: 0x8000086c (0x27140293) addi    t0, s0, 625
core   0: 3 0x8000086c (0x27140293) x 5 0x3f6bb0e3
core   0: 0x80000870 (0xc3bf0b93) addi    s7, t5, -965
core   0: 3 0x80000870 (0xc3bf0b93) x23 0xfffffc3b
core   0: 0x80000874 (0x80000c37) lui     s8, 0x80000
core   0: 3 0x80000874 (0x80000c37) x24 0x80000000
core   0: 0x80000878 (0x00000113) li      sp, 0
core   0: 3 0x80000878 (0x00000113) x 2 0x00000000
core   0: 0x8000087c (0x00000a13) li      s4, 0
core   0: 3 0x8000087c (0x00000a13) x20 0x00000000
core   0: 0x80000880 (0x09812f37) lui     t5, 0x9812
core   0: 3 0x80000880 (0x09812f37) x30 0x09812000
core   0: 0x80000884 (0x1cef0f13) addi    t5, t5, 462
core   0: 3 0x80000884 (0x1cef0f13) x30 0x098121ce
core   0: 0x80000888 (0xfff00613) li      a2, -1
core   0: 3 0x80000888 (0xfff00613) x12 0xffffffff
core   0: 0x8000088c (0xc0a39ab7) lui     s5, 0xc0a39
core   0: 3 0x8000088c (0xc0a39ab7) x21 0xc0a39000
core   0: 0x80000890 (0x39da8a93) addi    s5, s5, 925
core   0: 3 0x80000890 (0x39da8a93) x21 0xc0a3939d
core   0: 0x80000894 (0x00000993) li      s3, 0
core   0: 3 0x80000894 (0x00000993) x19 0x00000000
core   0: 0x80000898 (0xfff00413) li      s0, -1
core   0: 3 0x80000898 (0xfff00413) x 8 0xffffffff
core   0: 0x8000089c (0xa499b537) lui     a0, 0xa499b
core   0: 3 0x8000089c (0xa499b537) x10 0xa499b000
core   0: 0x800008a0 (0x60350513) addi    a0, a0, 1539
core   0: 3 0x800008a0 (0x60350513) x10 0xa499b603
core   0: 0x800008a4 (0x80000cb7) lui     s9, 0x80000
core   0: 3 0x800008a4 (0x80000cb7) x25 0x80000000
core   0: 0x800008a8 (0xa83f6a17) auipc   s4, 0xa83f6
core   0: 3 0x800008a8 (0xa83f6a17) x20 0x283f68a8
core   0: 0x800008ac (0x414a8ab3) sub     s5, s5, s4
core   0: 3 0x800008ac (0x414a8ab3) x21 0x98642af5
core   0: 0x800008b0 (0x6367d137) lui     sp, 0x6367d
core   0: 3 0x800008b0 (0x6367d137) x 2 0x6367d000
core   0: 0x800008b4 (0x00000013) nop
core   0: 3 0x800008b4 (0x00000013)
core   0: 0x800008b8 (0xf8010c93) addi    s9, sp, -128
core   0: 3 0x800008b8 (0xf8010c93) x25 0x6367cf80
core   0: 0x800008bc (0x00000013) nop
core   0: 3 0x800008bc (0x00000013)
core   0: 0x800008c0 (0xf203ba37) lui     s4, 0xf203b
core   0: 3 0x800008c0 (0xf203ba37) x20 0xf203b000
core   0: 0x800008c4 (0x01598f33) add     t5, s3, s5
core   0: 3 0x800008c4 (0x01598f33) x30 0x98642af5
core   0: 0x800008c8 (0x0190d997) auipc   s3, 0x190d
core   0: 3 0x800008c8 (0x0190d997) x19 0x8190d8c8
core   0: 0x800008cc (0x00000013) nop
core   0: 3 0x800008cc (0x00000013)
core   0: 0x800008d0 (0x0e0f0c93) addi    s9, t5, 224
core   0: 3 0x800008d0 (0x0e0f0c93) x25 0x98642bd5
core   0: 0x800008d4 (0x867a7ab7) lui     s5, 0x867a7
core   0: 3 0x800008d4 (0x867a7ab7) x21 0x867a7000
core   0: 0x800008d8 (0x40250133) sub     sp, a0, sp
core   0: 3 0x800008d8 (0x40250133) x 2 0x4131e603
core   0: 0x800008dc (0x018f09b3) add     s3, t5, s8
core   0: 3 0x800008dc (0x018f09b3) x19 0x18642af5
core   0: 0x800008e0 (0x41410a33) sub     s4, sp, s4
core   0: 3 0x800008e0 (0x41410a33) x20 0x4f2e3603
core   0: 0x800008e4 (0x00000013) nop
core   0: 3 0x800008e4 (0x00000013)
core   0: 0x800008e8 (0x04b239b7) lui     s3, 0x4b23
core   0: 3 0x800008e8 (0x04b239b7) x19 0x04b23000
core   0: 0x800008ec (0x413509b3) sub     s3, a0, s3
core   0: 3 0x800008ec (0x413509b3) x19 0x9fe78603
core   0: 0x800008f0 (0x94666a97) auipc   s5, 0x94666
core   0: 3 0x800008f0 (0x94666a97) x21 0x146668f0
core   0: 0x800008f4 (0x01498633) add     a2, s3, s4
core   0: 3 0x800008f4 (0x01498633) x12 0xef15bc06
core   0: 0x800008f8 (0x95dc8993) addi    s3, s9, -1699
core   0: 3 0x800008f8 (0x95dc8993) x19 0x98642532
core   0: 0x800008fc (0x55510513) addi    a0, sp, 1365
core   0: 3 0x800008fc (0x55510513) x10 0x4131eb58
core   0: 0x80000900 (0x00000013) nop
core   0: 3 0x80000900 (0x00000013)
core   0: 0x80000904 (0x5fde9a17) auipc   s4, 0x5fde9
core   0: 3 0x80000904 (0x5fde9a17) x20 0xdfde9904
core   0: 0x80000908 (0x7dd7ba17) auipc   s4, 0x7dd7b
core   0: 3 0x80000908 (0x7dd7ba17) x20 0xfdd7b908
core   0: 0x8000090c (0x00000013) nop
core   0: 3 0x8000090c (0x00000013)
core   0: 0x80000910 (0xcdff5997) auipc   s3, 0xcdff5
core   0: 3 0x80000910 (0xcdff5997) x19 0x4dff5910
core   0: 0x80000914 (0x00000013) nop
core   0: 3 0x80000914 (0x00000013)
core   0: 0x80000918 (0xb28e8117) auipc   sp, 0xb28e8
core   0: 3 0x80000918 (0xb28e8117) x 2 0x328e8918
core   0: 0x8000091c (0x745c17b7) lui     a5, 0x745c1
core   0: 3 0x8000091c (0x745c17b7) x15 0x745c1000
core   0: 0x80000920 (0xaf678793) addi    a5, a5, -1290
core   0: 3 0x80000920 (0xaf678793) x15 0x745c0af6
core   0: 0x80000924 (0x00000113) li      sp, 0
core   0: 3 0x80000924 (0x00000113) x 2 0x00000000
core   0: 0x80000928 (0x00000813) li      a6, 0
core   0: 3 0x80000928 (0x00000813) x16 0x00000000
core   0: 0x8000092c (0xfa34ae37) lui     t3, 0xfa34a
core   0: 3 0x8000092c (0xfa34ae37) x28 0xfa34a000
core   0: 0x80000930 (0x0cde0e13) addi    t3, t3, 205
core   0: 3 0x80000930 (0x0cde0e13) x28 0xfa34a0cd
core   0: 0x80000934 (0xa233aeb7) lui     t4, 0xa233a
core   0: 3 0x80000934 (0xa233aeb7) x29 0xa233a000
core   0: 0x80000938 (0x871e8e93) addi    t4, t4, -1935
core   0: 3 0x80000938 (0x871e8e93) x29 0xa2339871
core   0: 0x8000093c (0x00000193) li      gp, 0
core   0: 3 0x8000093c (0x00000193) x 3 0x00000000
core   0: 0x80000940 (0xaeb9f237) lui     tp, 0xaeb9f
core   0: 3 0x80000940 (0xaeb9f237) x 4 0xaeb9f000
core   0: 0x80000944 (0x3f620213) addi    tp, tp, 1014
core   0: 3 0x80000944 (0x3f620213) x 4 0xaeb9f3f6
core   0: 0x80000948 (0x31199cb7) lui     s9, 0x31199
core   0: 3 0x80000948 (0x31199cb7) x25 0x31199000
core   0: 0x8000094c (0x933c8c93) addi    s9, s9, -1741
core   0: 3 0x8000094c (0x933c8c93) x25 0x31198933
core   0: 0x80000950 (0x800004b7) lui     s1, 0x80000
core   0: 3 0x80000950 (0x800004b7) x 9 0x80000000
core   0: 0x80000954 (0x00000713) li      a4, 0
core   0: 3 0x80000954 (0x00000713) x14 0x00000000
core   0: 0x80000958 (0x00f80233) add     tp, a6, a5
core   0: 3 0x80000958 (0x00f80233) x 4 0x745c0af6
core   0: 0x8000095c (0x403e0233) sub     tp, t3, gp
core   0: 3 0x8000095c (0x403e0233) x 4 0xfa34a0cd
core   0: 0x80000960 (0x00000013) nop
core   0: 3 0x80000960 (0x00000013)
core   0: 0x80000964 (0x00000013) nop
core   0: 3 0x80000964 (0x00000013)
core   0: 0x80000968 (0x545ac717) auipc   a4, 0x545ac
core   0: 3 0x80000968 (0x545ac717) x14 0xd45ac968
core   0: 0x8000096c (0xc85d7e97) auipc   t4, 0xc85d7
core   0: 3 0x8000096c (0xc85d7e97) x29 0x485d796c
core   0: 0x80000970 (0x00000013) nop
core   0: 3 0x80000970 (0x00000013)
core   0: 0x80000974 (0xa5420817) auipc   a6, 0xa5420
core   0: 3 0x80000974 (0xa5420817) x16 0x25420974
core   0: 0x80000978 (0x41d80233) sub     tp, a6, t4
core   0: 3 0x80000978 (0x41d80233) x 4 0xdce49008
core   0: 0x8000097c (0x41de0233) sub     tp, t3, t4
core   0: 3 0x8000097c (0x41de0233) x 4 0xb1d72761
core   0: 0x80000980 (0x134e0793) addi    a5, t3, 308
core   0: 3 0x80000980 (0x134e0793) x15 0xfa34a201
core   0: 0x80000984 (0x2f6e8493) addi    s1, t4, 758
core   0: 3 0x80000984 (0x2f6e8493) x 9 0x485d7c62
core   0: 0x80000988 (0x15d18793) addi    a5, gp, 349
core   0: 3 0x80000988 (0x15d18793) x15 0x0000015d
core   0: 0x8000098c (0xb60ee117) auipc   sp, 0xb60ee
core   0: 3 0x8000098c (0xb60ee117) x 2 0x360ee98c
core   0: 0x80000990 (0x04d10e13) addi    t3, sp, 77
core   0: 3 0x80000990 (0x04d10e13) x28 0x360ee9d9
core   0: 0x80000994 (0xec2ed137) lui     sp, 0xec2ed
core   0: 3 0x80000994 (0xec2ed137) x 2 0xec2ed000
core   0: 0x80000998 (0xd560d817) auipc   a6, 0xd560d
core   0: 3 0x80000998 (0xd560d817) x16 0x5560d998
core   0: 0x8000099c (0x65de9eb7) lui     t4, 0x65de9
core   0: 3 0x8000099c (0x65de9eb7) x29 0x65de9000
core   0: 0x800009a0 (0x010e8233) add     tp, t4, a6
core   0: 3 0x800009a0 (0x010e8233) x 4 0xbb3f6998
core   0: 0x800009a4 (0xdd010813) addi    a6, sp, -560
core   0: 3 0x800009a4 (0xdd010813) x16 0xec2ecdd0
core   0: 0x800009a8 (0x00000013) nop
core   0: 3 0x800009a8 (0x00000013)
core   0: 0x800009ac (0xdbe39197) auipc   gp, 0xdbe39
core   0: 3 0x800009ac (0xdbe39197) x 3 0x5be399ac
core   0: 0x800009b0 (0xe6318813) addi    a6, gp, -413
core   0: 3 0x800009b0 (0xe6318813) x16 0x5be3980f
core   0: 0x800009b4 (0x02b48e93) addi    t4, s1, 43
core   0: 3 0x800009b4 (0x02b48e93) x29 0x485d7c8d
core   0: 0x800009b8 (0x009e07b3) add     a5, t3, s1
core   0: 3 0x800009b8 (0x009e07b3) x15 0x7e6c663b
core   0: 0x800009bc (0x87ea7e17) auipc   t3, 0x87ea7
core   0: 3 0x800009bc (0x87ea7e17) x28 0x07ea79bc
core   0: 0x800009c0 (0x00000a13) li      s4, 0
core   0: 3 0x800009c0 (0x00000a13) x20 0x00000000
core   0: 0x800009c4 (0x00000913) li      s2, 0
core   0: 3 0x800009c4 (0x00000913) x18 0x00000000
core   0: 0x800009c8 (0x6be02bb7) lui     s7, 0x6be02
core   0: 3 0x800009c8 (0x6be02bb7) x23 0x6be02000
core   0: 0x800009cc (0x56ab8b93) addi    s7, s7, 1386
core   0: 3 0x800009cc (0x56ab8b93) x23 0x6be0256a
core   0: 0x800009d0 (0x800004b7) lui     s1, 0x80000
core   0: 3 0x800009d0 (0x800004b7) x 9 0x80000000
core   0: 0x800009d4 (0xfff00193) li      gp, -1
core   0: 3 0x800009d4 (0xfff00193) x 3 0xffffffff
core   0: 0x800009d8 (0x80000737) lui     a4, 0x80000
core   0: 3 0x800009d8 (0x80000737) x14 0x80000000
core   0: 0x800009dc (0x00000293) li      t0, 0
core   0: 3 0x800009dc (0x00000293) x 5 0x00000000
core   0: 0x800009e0 (0x80000c37) lui     s8, 0x80000
core   0: 3 0x800009e0 (0x80000c37) x24 0x80000000
core   0: 0x800009e4 (0xfff00513) li      a0, -1
core   0: 3 0x800009e4 (0xfff00513) x10 0xffffffff
core   0: 0x800009e8 (0xfff00213) li      tp, -1
core   0: 3 0x800009e8 (0xfff00213) x 4 0xffffffff
core   0: 0x800009ec (0x26212937) lui     s2, 0x26212
core   0: 3 0x800009ec (0x26212937) x18 0x26212000
core   0: 0x800009f0 (0x417484b3) sub     s1, s1, s7
core   0: 3 0x800009f0 (0x417484b3) x 9 0x141fda96
core   0: 0x800009f4 (0x40550bb3) sub     s7, a0, t0
core   0: 3 0x800009f4 (0x40550bb3) x23 0xffffffff
core   0: 0x800009f8 (0x00000013) nop
core   0: 3 0x800009f8 (0x00000013)
core   0: 0x800009fc (0x40ec0a33) sub     s4, s8, a4
core   0: 3 0x800009fc (0x40ec0a33) x20 0x00000000
core   0: 0x80000a00 (0x2f0b0c37) lui     s8, 0x2f0b0
core   0: 3 0x80000a00 (0x2f0b0c37) x24 0x2f0b0000
core   0: 0x80000a04 (0x418a0933) sub     s2, s4, s8
core   0: 3 0x80000a04 (0x418a0933) x18 0xd0f50000
core   0: 0x80000a08 (0xe4b03937) lui     s2, 0xe4b03
core   0: 3 0x80000a08 (0xe4b03937) x18 0xe4b03000
core   0: 0x80000a0c (0x00000013) nop
core   0: 3 0x80000a0c (0x00000013)
core   0: 0x80000a10 (0x00a50533) add     a0, a0, a0
core   0: 3 0x80000a10 (0x00a50533) x10 0xfffffffe
core   0: 0x80000a14 (0x414202b3) sub     t0, tp, s4
core   0: 3 0x80000a14 (0x414202b3) x 5 0xffffffff
core   0: 0x80000a18 (0x00000013) nop
core   0: 3 0x80000a18 (0x00000013)
core   0: 0x80000a1c (0x40418933) sub     s2, gp, tp
core   0: 3 0x80000a1c (0x40418933) x18 0x00000000
core   0: 0x80000a20 (0xee1b8b93) addi    s7, s7, -287
core   0: 3 0x80000a20 (0xee1b8b93) x23 0xfffffee0
core   0: 0x80000a24 (0x1c2c0c13) addi    s8, s8, 450
core   0: 3 0x80000a24 (0x1c2c0c13) x24 0x2f0b01c2
core   0: 0x80000a28 (0x567b8217) auipc   tp, 0x567b8
core   0: 3 0x80000a28 (0x567b8217) x 4 0xd67b8a28
core   0: 0x80000a2c (0xa488b937) lui     s2, 0xa488b
core   0: 3 0x80000a2c (0xa488b937) x18 0xa488b000
core   0: 0x80000a30 (0x2128ce93) xori    t4, a7, 530
core   0: 3 0x80000a30 (0x2128ce93) x29 0x80011c76
core   0: 0x80000a34 (0x01503eb3) snez    t4, s5
core   0: 3 0x80000a34 (0x01503eb3) x29 0x00000001
core   0: 0x80000a38 (0x006a6ab3) or      s5, s4, t1
core   0: 3 0x80000a38 (0x006a6ab3) x21 0x75b007c8
core   0: 0x80000a3c (0x00b3d7b3) srl     a5, t2, a1
core   0: 3 0x80000a3c (0x00b3d7b3) x15 0x80015ce4
core   0: 0x80000a40 (0xca6e8093) addi    ra, t4, -858
core   0: 3 0x80000a40 (0xca6e8093) x 1 0xfffffca7
core   0: 0x80000a44 (0x0105da13) srli    s4, a1, 16
core   0: 3 0x80000a44 (0x0105da13) x20 0x0000217b
core   0: 0x80000a48 (0x175d4a93) xori    s5, s10, 373
core   0: 3 0x80000a48 (0x175d4a93) x21 0x00000571
core   0: 0x80000a4c (0x009eb833) sltu    a6, t4, s1
core   0: 3 0x80000a4c (0x009eb833) x16 0x00000001
core   0: 0x80000a50 (0x00a925b3) slt     a1, s2, a0
core   0: 3 0x80000a50 (0x00a925b3) x11 0x00000001
core   0: 0x80000a54 (0x01e807b3) add     a5, a6, t5
core   0: 3 0x80000a54 (0x01e807b3) x15 0x98642af6
core   0: 0x80000a58 (0x40c20e33) sub     t3, tp, a2
core   0: 3 0x80000a58 (0x40c20e33) x28 0xe765ce22
core   0: 0x80000a5c (0xbb4c2d13) slti    s10, s8, -1100
core   0: 3 0x80000a5c (0xbb4c2d13) x26 0x00000000
core   0: 0x80000a60 (0x413ed913) srai    s2, t4, 19
core   0: 3 0x80000a60 (0x413ed913) x18 0x00000000
core   0: 0x80000a64 (0xef0ca113) slti    sp, s9, -272
core   0: 3 0x80000a64 (0xef0ca113) x 2 0x00000000
core   0: 0x80000a68 (0x00000013) nop
core   0: 3 0x80000a68 (0x00000013)
core   0: 0x80000a6c (0x0201e813) ori     a6, gp, 32
core   0: 3 0x80000a6c (0x0201e813) x16 0xffffffff
core   0: 0x80000a70 (0x00ba0f33) add     t5, s4, a1
core   0: 3 0x80000a70 (0x00ba0f33) x30 0x0000217c
core   0: 0x80000a74 (0x41405f33) sra     t5, zero, s4
core   0: 3 0x80000a74 (0x41405f33) x30 0x00000000
core   0: 0x80000a78 (0xff6d3e13) sltiu   t3, s10, -10
core   0: 3 0x80000a78 (0xff6d3e13) x28 0x00000001
core   0: 0x80000a7c (0x40a6d493) srai    s1, a3, 10
core   0: 3 0x80000a7c (0x40a6d493) x 9 0xfff2c8ec
core   0: 0x80000a80 (0x01cda4b3) slt     s1, s11, t3
core   0: 3 0x80000a80 (0x01cda4b3) x 9 0x00000000
core   0: 0x80000a84 (0x00c56db3) or      s11, a0, a2
core   0: 3 0x80000a84 (0x00c56db3) x27 0xfffffffe
core   0: 0x80000a88 (0x63f6e817) auipc   a6, 0x63f6e
core   0: 3 0x80000a88 (0x63f6e817) x16 0xe3f6ea88
core   0: 0x80000a8c (0x164a8193) addi    gp, s5, 356
core   0: 3 0x80000a8c (0x164a8193) x 3 0x000006d5
core   0: 0x80000a90 (0x803ffb93) andi    s7, t6, -2045
core   0: 3 0x80000a90 (0x803ffb93) x23 0x00000000
core   0: 0x80000a94 (0x00b6d833) srl     a6, a3, a1
core   0: 3 0x80000a94 (0x00b6d833) x16 0x6591d800
core   0: 0x80000a98 (0xb75cee93) ori     t4, s9, -1163
core   0: 3 0x80000a98 (0xb75cee93) x29 0xfffffb77
core   0: 0x80000a9c (0xde08f613) andi    a2, a7, -544
core   0: 3 0x80000a9c (0xde08f613) x12 0x80011c60
core   0: 0x80000aa0 (0x12e3bc93) sltiu   s9, t2, 302
core   0: 3 0x80000aa0 (0x12e3bc93) x25 0x00000000
core   0: 0x80000aa4 (0x0167bab3) sltu    s5, a5, s6
core   0: 3 0x80000aa4 (0x0167bab3) x21 0x00000001
core   0: 0x80000aa8 (0x00000013) nop
core   0: 3 0x80000aa8 (0x00000013)
core   0: 0x80000aac (0x00e919b3) sll     s3, s2, a4
core   0: 3 0x80000aac (0x00e919b3) x19 0x00000000
core   0: 0x80000ab0 (0x40fc5033) sra     zero, s8, a5
core   0: 3 0x80000ab0 (0x40fc5033)
core   0: 0x80000ab4 (0x41365233) sra     tp, a2, s3
core   0: 3 0x80000ab4 (0x41365233) x 4 0x80011c60
core   0: 0x80000ab8 (0x405ad0b3) sra     ra, s5, t0
core   0: 3 0x80000ab8 (0x405ad0b3) x 1 0x00000000
core   0: 0x80000abc (0x3cff3997) auipc   s3, 0x3cff3
core   0: 3 0x80000abc (0x3cff3997) x19 0xbcff3abc
core   0: 0x80000ac0 (0x003b1233) sll     tp, s6, gp
core   0: 3 0x80000ac0 (0x003b1233) x 4 0xdc200000
core   0: 0x80000ac4 (0xa4c24313) xori    t1, tp, -1460
core   0: 3 0x80000ac4 (0xa4c24313) x 6 0x23dffa4c
core   0: 0x80000ac8 (0x01e2e1b3) or      gp, t0, t5
core   0: 3 0x80000ac8 (0x01e2e1b3) x 3 0xffffffff
core   0: 0x80000acc (0x94992d93) slti    s11, s2, -1719
core   0: 3 0x80000acc (0x94992d93) x27 0x00000000
core   0: 0x80000ad0 (0x008af033) and     zero, s5, s0
core   0: 3 0x80000ad0 (0x008af033)
core   0: 0x80000ad4 (0x00f02f33) slt     t5, zero, a5
core   0: 3 0x80000ad4 (0x00f02f33) x30 0x00000000
core   0: 0x80000ad8 (0x40855933) sra     s2, a0, s0
core   0: 3 0x80000ad8 (0x40855933) x18 0xffffffff
core   0: 0x80000adc (0xdfd73813) sltiu   a6, a4, -515
core   0: 3 0x80000adc (0xdfd73813) x16 0x00000001
core   0: 0x80000ae0 (0x0068f933) and     s2, a7, t1
core   0: 3 0x80000ae0 (0x0068f933) x18 0x00011a44
core   0: 0x80000ae4 (0x00081313) slli    t1, a6, 0
core   0: 3 0x80000ae4 (0x00081313) x 6 0x00000001
core   0: 0x80000ae8 (0x01aceab3) or      s5, s9, s10
core   0: 3 0x80000ae8 (0x01aceab3) x21 0x00000000
core   0: 0x80000aec (0x01615bb3) srl     s7, sp, s6
core   0: 3 0x80000aec (0x01615bb3) x23 0x00000000
core   0: 0x80000af0 (0x0018bbb3) sltu    s7, a7, ra
core   0: 3 0x80000af0 (0x0018bbb3) x23 0x00000000
core   0: 0x80000af4 (0x01d3b7b3) sltu    a5, t2, t4
core   0: 3 0x80000af4 (0x01d3b7b3) x15 0x00000001
core   0: 0x80000af8 (0x01b25333) srl     t1, tp, s11
core   0: 3 0x80000af8 (0x01b25333) x 6 0xdc200000
core   0: 0x80000afc (0x0105dc33) srl     s8, a1, a6
core   0: 3 0x80000afc (0x0105dc33) x24 0x00000000
core   0: 0x80000b00 (0x4d054c93) xori    s9, a0, 1232
core   0: 3 0x80000b00 (0x4d054c93) x25 0xfffffb2e
core   0: 0x80000b04 (0x018c8233) add     tp, s9, s8
core   0: 3 0x80000b04 (0x018c8233) x 4 0xfffffb2e
core   0: 0x80000b08 (0x00324e33) xor     t3, tp, gp
core   0: 3 0x80000b08 (0x00324e33) x28 0x000004d1
core   0: 0x80000b0c (0x01e734b3) sltu    s1, a4, t5
core   0: 3 0x80000b0c (0x01e734b3) x 9 0x00000000
core   0: 0x80000b10 (0x5feb6993) ori     s3, s6, 1534
core   0: 3 0x80000b10 (0x5feb6993) x19 0xe88397ff
core   0: 0x80000b14 (0x01b99213) slli    tp, s3, 27
core   0: 3 0x80000b14 (0x01b99213) x 4 0xf8000000
core   0: 0x80000b18 (0x00af3733) sltu    a4, t5, a0
core   0: 3 0x80000b18 (0x00af3733) x14 0x00000001
core   0: 0x80000b1c (0xe83e3993) sltiu   s3, t3, -381
core   0: 3 0x80000b1c (0xe83e3993) x19 0x00000001
core   0: 0x80000b20 (0x017fa333) slt     t1, t6, s7
core   0: 3 0x80000b20 (0x017fa333) x 6 0x00000000
core   0: 0x80000b24 (0x005ae333) or      t1, s5, t0
core   0: 3 0x80000b24 (0x005ae333) x 6 0xffffffff
core   0: 0x80000b28 (0xc87acf93) xori    t6, s5, -889
core   0: 3 0x80000b28 (0xc87acf93) x31 0xfffffc87
core   0: 0x80000b2c (0x633e8597) auipc   a1, 0x633e8
core   0: 3 0x80000b2c (0x633e8597) x11 0xe33e8b2c
core   0: 0x80000b30 (0x00cd1833) sll     a6, s10, a2
core   0: 3 0x80000b30 (0x00cd1833) x16 0x00000000
core   0: 0x80000b34 (0x0005e933) or      s2, a1, zero
core   0: 3 0x80000b34 (0x0005e933) x18 0xe33e8b2c
core   0: 0x80000b38 (0x01b20f33) add     t5, tp, s11
core   0: 3 0x80000b38 (0x01b20f33) x30 0xf8000000
core   0: 0x80000b3c (0x01a41093) slli    ra, s0, 26
core   0: 3 0x80000b3c (0x01a41093) x 1 0xfc000000
core   0: 0x80000b40 (0x58dc8913) addi    s2, s9, 1421
core   0: 3 0x80000b40 (0x58dc8913) x18 0x000000bb
core   0: 0x80000b44 (0x00213233) sltu    tp, sp, sp
core   0: 3 0x80000b44 (0x00213233) x 4 0x00000000
core   0: 0x80000b48 (0x006441b3) xor     gp, s0, t1
core   0: 3 0x80000b48 (0x006441b3) x 3 0x00000000
core   0: 0x80000b4c (0x01c9a533) slt     a0, s3, t3
core   0: 3 0x80000b4c (0x01c9a533) x10 0x00000001
core   0: 0x80000b50 (0x40a95a33) sra     s4, s2, a0
core   0: 3 0x80000b50 (0x40a95a33) x20 0x0000005d
core   0: 0x80000b54 (0x00000013) nop
core   0: 3 0x80000b54 (0x00000013)
core   0: 0x80000b58 (0xf391b013) sltiu   zero, gp, -199
core   0: 3 0x80000b58 (0xf391b013)
core   0: 0x80000b5c (0x5b493c13) sltiu   s8, s2, 1460
core   0: 3 0x80000b5c (0x5b493c13) x24 0x00000001
core   0: 0x80000b60 (0x01843ab3) sltu    s5, s0, s8
core   0: 3 0x80000b60 (0x01843ab3) x21 0x00000000
core   0: 0x80000b64 (0x008cde33) srl     t3, s9, s0
core   0: 3 0x80000b64 (0x008cde33) x28 0x00000001
core   0: 0x80000b68 (0xa331f813) andi    a6, gp, -1485
core   0: 3 0x80000b68 (0xa331f813) x16 0x00000000
core   0: 0x80000b6c (0x40eed793) srai    a5, t4, 14
core   0: 3 0x80000b6c (0x40eed793) x15 0xffffffff
core   0: 0x80000b70 (0xbdb3c713) xori    a4, t2, -1061
core   0: 3 0x80000b70 (0xbdb3c713) x14 0x7ffea73f
core   0: 0x80000b74 (0xa3daef93) ori     t6, s5, -1475
core   0: 3 0x80000b74 (0xa3daef93) x31 0xfffffa3d
core   0: 0x80000b78 (0x4972b297) auipc   t0, 0x4972b
core   0: 3 0x80000b78 (0x4972b297) x 5 0xc972bb78
core   0: 0x80000b7c (0x607b4e13) xori    t3, s6, 1543
core   0: 3 0x80000b7c (0x607b4e13) x28 0xe88390e6
core   0: 0x80000b80 (0x012d4ab3) xor     s5, s10, s2
core   0: 3 0x80000b80 (0x012d4ab3) x21 0x000000bb
core   0: 0x80000b84 (0x01eae833) or      a6, s5, t5
core   0: 3 0x80000b84 (0x01eae833) x16 0xf80000bb
core   0: 0x80000b88 (0x162eacb7) lui     s9, 0x162ea
core   0: 3 0x80000b88 (0x162eacb7) x25 0x162ea000
core   0: 0x80000b8c (0x0069a133) slt     sp, s3, t1
core   0: 3 0x80000b8c (0x0069a133) x 2 0x00000000
core   0: 0x80000b90 (0x00fefbb3) and     s7, t4, a5
core   0: 3 0x80000b90 (0x00fefbb3) x23 0xfffffb77
core   0: 0x80000b94 (0x7acb8f13) addi    t5, s7, 1964
core   0: 3 0x80000b94 (0x7acb8f13) x30 0x00000323
core   0: 0x80000b98 (0x010c1833) sll     a6, s8, a6
core   0: 3 0x80000b98 (0x010c1833) x16 0x08000000
core   0: 0x80000b9c (0x52164213) xori    tp, a2, 1313
core   0: 3 0x80000b9c (0x52164213) x 4 0x80011941
core   0: 0x80000ba0 (0x228ae413) ori     s0, s5, 552
core   0: 3 0x80000ba0 (0x228ae413) x 8 0x000002bb
core   0: 0x80000ba4 (0x00495e93) srli    t4, s2, 4
core   0: 3 0x80000ba4 (0x00495e93) x29 0x0000000b
core   0: 0x80000ba8 (0x36576193) ori     gp, a4, 869
core   0: 3 0x80000ba8 (0x36576193) x 3 0x7ffea77f
core   0: 0x80000bac (0x40050a33) sub     s4, a0, zero
core   0: 3 0x80000bac (0x40050a33) x20 0x00000001
core   0: 0x80000bb0 (0xd19ffb93) andi    s7, t6, -743
core   0: 3 0x80000bb0 (0xd19ffb93) x23 0xfffff819
core   0: 0x80000bb4 (0x01834733) xor     a4, t1, s8
core   0: 3 0x80000bb4 (0x01834733) x14 0xfffffffe
core   0: 0x80000bb8 (0x015ce433) or      s0, s9, s5
core   0: 3 0x80000bb8 (0x015ce433) x 8 0x162ea0bb
core   0: 0x80000bbc (0x011910b3) sll     ra, s2, a7
core   0: 3 0x80000bbc (0x011910b3) x 1 0x00000bb0
core   0: 0x80000bc0 (0x00000013) nop
core   0: 3 0x80000bc0 (0x00000013)
core   0: 0x80000bc4 (0xd20ac493) xori    s1, s5, -736
core   0: 3 0x80000bc4 (0xd20ac493) x 9 0xfffffd9b
core   0: 0x80000bc8 (0xe0c56313) ori     t1, a0, -500
core   0: 3 0x80000bc8 (0xe0c56313) x 6 0xfffffe0d
core   0: 0x80000bcc (0x9c9d3a37) lui     s4, 0x9c9d3
core   0: 3 0x80000bcc (0x9c9d3a37) x20 0x9c9d3000
core   0: 0x80000bd0 (0x00260bb3) add     s7, a2, sp
core   0: 3 0x80000bd0 (0x00260bb3) x23 0x80011c60
core   0: 0x80000bd4 (0x01d965b3) or      a1, s2, t4
core   0: 3 0x80000bd4 (0x01d965b3) x11 0x000000bb
core   0: 0x80000bd8 (0xdbb1ef93) ori     t6, gp, -581
core   0: 3 0x80000bd8 (0xdbb1ef93) x31 0xffffffff
core   0: 0x80000bdc (0x0165bfb3) sltu    t6, a1, s6
core   0: 3 0x80000bdc (0x0165bfb3) x31 0x00000001
core   0: 0x80000be0 (0x01758533) add     a0, a1, s7
core   0: 3 0x80000be0 (0x01758533) x10 0x80011d1b
core   0: 0x80000be4 (0x01c0e433) or      s0, ra, t3
core   0: 3 0x80000be4 (0x01c0e433) x 8 0xe8839bf6
core   0: 0x80000be8 (0x54a80a13) addi    s4, a6, 1354
core   0: 3 0x80000be8 (0x54a80a13) x20 0x0800054a
core   0: 0x80000bec (0x003226b3) slt     a3, tp, gp
core   0: 3 0x80000bec (0x003226b3) x13 0x00000001
core   0: 0x80000bf0 (0x3e111617) auipc   a2, 0x3e111
core   0: 3 0x80000bf0 (0x3e111617) x12 0xbe111bf0
core   0: 0x80000bf4 (0xc7b38993) addi    s3, t2, -901
core   0: 3 0x80000bf4 (0xc7b38993) x19 0x8001595f
core   0: 0x80000bf8 (0xad690493) addi    s1, s2, -1322
core   0: 3 0x80000bf8 (0xad690493) x 9 0xfffffb91
core   0: 0x80000bfc (0x407f5933) sra     s2, t5, t2
core   0: 3 0x80000bfc (0x407f5933) x18 0x00000032
core   0: 0x80000c00 (0x0104fa33) and     s4, s1, a6
core   0: 3 0x80000c00 (0x0104fa33) x20 0x08000000
core   0: 0x80000c04 (0x00a960b3) or      ra, s2, a0
core   0: 3 0x80000c04 (0x00a960b3) x 1 0x80011d3b
core   0: 0x80000c08 (0x01275f93) srli    t6, a4, 18
core   0: 3 0x80000c08 (0x01275f93) x31 0x00003fff
core   0: 0x80000c0c (0x40afd593) srai    a1, t6, 10
core   0: 3 0x80000c0c (0x40afd593) x11 0x0000000f
core   0: 0x80000c10 (0xc3c10313) addi    t1, sp, -964
core   0: 3 0x80000c10 (0xc3c10313) x 6 0xfffffc3c
core   0: 0x80000c14 (0x40a85313) srai    t1, a6, 10
core   0: 3 0x80000c14 (0x40a85313) x 6 0x00020000
core   0: 0x80000c18 (0x1ee80a37) lui     s4, 0x1ee80
core   0: 3 0x80000c18 (0x1ee80a37) x20 0x1ee80000
core   0: 0x80000c1c (0x4009d1b3) sra     gp, s3, zero
core   0: 3 0x80000c1c (0x4009d1b3) x 3 0x8001595f
core   0: 0x80000c20 (0x00f2d193) srli    gp, t0, 15
core   0: 3 0x80000c20 (0x00f2d193) x 3 0x000192e5
core   0: 0x80000c24 (0x41bdd493) srai    s1, s11, 27
core   0: 3 0x80000c24 (0x41bdd493) x 9 0x00000000
core   0: 0x80000c28 (0xddb82313) slti    t1, a6, -549
core   0: 3 0x80000c28 (0xddb82313) x 6 0x00000000
core   0: 0x80000c2c (0x40ab5713) srai    a4, s6, 10
core   0: 3 0x80000c2c (0x40ab5713) x14 0xfffa20e5
core   0: 0x80000c30 (0x41685433) sra     s0, a6, s6
core   0: 3 0x80000c30 (0x41685433) x 8 0x04000000
core   0: 0x80000c34 (0x4a76b593) sltiu   a1, a3, 1191
core   0: 3 0x80000c34 (0x4a76b593) x11 0x00000001
core   0: 0x80000c38 (0x00000013) nop
core   0: 3 0x80000c38 (0x00000013)
core   0: 0x80000c3c (0x52dd0a13) addi    s4, s10, 1325
core   0: 3 0x80000c3c (0x52dd0a13) x20 0x0000052d
core   0: 0x80000c40 (0x41aa8033) sub     zero, s5, s10
core   0: 3 0x80000c40 (0x41aa8033)
core   0: 0x80000c44 (0x410c0333) sub     t1, s8, a6
core   0: 3 0x80000c44 (0x410c0333) x 6 0xf8000001
core   0: 0x80000c48 (0x0175f633) and     a2, a1, s7
core   0: 3 0x80000c48 (0x0175f633) x12 0x00000000
core   0: 0x80000c4c (0x01219613) slli    a2, gp, 18
core   0: 3 0x80000c4c (0x01219613) x12 0x4b940000
core   0: 0x80000c50 (0x00e79f33) sll     t5, a5, a4
core   0: 3 0x80000c50 (0x00e79f33) x30 0xffffffe0
core   0: 0x80000c54 (0x017a9013) slli    zero, s5, 23
core   0: 3 0x80000c54 (0x017a9013)
core   0: 0x80000c58 (0x00f99793) slli    a5, s3, 15
core   0: 3 0x80000c58 (0x00f99793) x15 0xacaf8000
core   0: 0x80000c5c (0x00000013) nop
core   0: 3 0x80000c5c (0x00000013)
core   0: 0x80000c60 (0x019f5613) srli    a2, t5, 25
core   0: 3 0x80000c60 (0x019f5613) x12 0x0000007f
core   0: 0x80000c64 (0x7c4e3337) lui     t1, 0x7c4e3
core   0: 3 0x80000c64 (0x7c4e3337) x 6 0x7c4e3000
core   0: 0x80000c68 (0x017f8c33) add     s8, t6, s7
core   0: 3 0x80000c68 (0x017f8c33) x24 0x80015c5f
core   0: 0x80000c6c (0x0149eeb3) or      t4, s3, s4
core   0: 3 0x80000c6c (0x0149eeb3) x29 0x80015d7f
core   0: 0x80000c70 (0x35646b93) ori     s7, s0, 854
core   0: 3 0x80000c70 (0x35646b93) x23 0x04000356
core   0: 0x80000c74 (0x00cb5233) srl     tp, s6, a2
core   0: 3 0x80000c74 (0x00cb5233) x 4 0x00000001
core   0: 0x80000c78 (0xf2ca4597) auipc   a1, 0xf2ca4
core   0: 3 0x80000c78 (0xf2ca4597) x11 0x72ca4c78
core   0: 0x80000c7c (0x013b32b3) sltu    t0, s6, s3
core   0: 3 0x80000c7c (0x013b32b3) x 5 0x00000000
core   0: 0x80000c80 (0x05f27293) andi    t0, tp, 95
core   0: 3 0x80000c80 (0x05f27293) x 5 0x00000001
core   0: 0x80000c84 (0x00499eb3) sll     t4, s3, tp
core   0: 3 0x80000c84 (0x00499eb3) x29 0x0002b2be
core   0: 0x80000c88 (0x013b92b3) sll     t0, s7, s3
core   0: 3 0x80000c88 (0x013b92b3) x 5 0x00000000
core   0: 0x80000c8c (0x41375db3) sra     s11, a4, s3
core   0: 3 0x80000c8c (0x41375db3) x27 0xffffffff
core   0: 0x80000c90 (0xa4918593) addi    a1, gp, -1463
core   0: 3 0x80000c90 (0xa4918593) x11 0x00018d2e
core   0: 0x80000c94 (0x009a1c13) slli    s8, s4, 9
core   0: 3 0x80000c94 (0x009a1c13) x24 0x000a5a00
core   0: 0x80000c98 (0xbd782193) slti    gp, a6, -1065
core   0: 3 0x80000c98 (0xbd782193) x 3 0x00000000
core   0: 0x80000c9c (0x5d6bfc93) andi    s9, s7, 1494
core   0: 3 0x80000c9c (0x5d6bfc93) x25 0x00000156
core   0: 0x80000ca0 (0xa6c16637) lui     a2, 0xa6c16
core   0: 3 0x80000ca0 (0xa6c16637) x12 0xa6c16000
core   0: 0x80000ca4 (0x010a87b3) add     a5, s5, a6
core   0: 3 0x80000ca4 (0x010a87b3) x15 0x080000bb
core   0: 0x80000ca8 (0x002c6133) or      sp, s8, sp
core   0: 3 0x80000ca8 (0x002c6133) x 2 0x000a5a00
core   0: 0x80000cac (0x471b8d13) addi    s10, s7, 1137
core   0: 3 0x80000cac (0x471b8d13) x26 0x040007c7
core   0: 0x80000cb0 (0x00000013) nop
core   0: 3 0x80000cb0 (0x00000013)
core   0: 0x80000cb4 (0x0186f1b3) and     gp, a3, s8
core   0: 3 0x80000cb4 (0x0186f1b3) x 3 0x00000000
core   0: 0x80000cb8 (0x012761b3) or      gp, a4, s2
core   0: 3 0x80000cb8 (0x012761b3) x 3 0xfffa20f7
core   0: 0x80000cbc (0x01309613) slli    a2, ra, 19
core   0: 3 0x80000cbc (0x01309613) x12 0xe9d80000
core   0: 0x80000cc0 (0x45c4c113) xori    sp, s1, 1116
core   0: 3 0x80000cc0 (0x45c4c113) x 2 0x0000045c
core   0: 0x80000cc4 (0x69e7f593) andi    a1, a5, 1694
core   0: 3 0x80000cc4 (0x69e7f593) x11 0x0000009a
core   0: 0x80000cc8 (0x00000013) nop
core   0: 3 0x80000cc8 (0x00000013)
core   0: 0x80000ccc (0x40e55093) srai    ra, a0, 14
core   0: 3 0x80000ccc (0x40e55093) x 1 0xfffe0004
core   0: 0x80000cd0 (0x014f9c13) slli    s8, t6, 20
core   0: 3 0x80000cd0 (0x014f9c13) x24 0xfff00000
core   0: 0x80000cd4 (0x40555413) srai    s0, a0, 5
core   0: 3 0x80000cd4 (0x40555413) x 8 0xfc0008e8
core   0: 0x80000cd8 (0x3db92d93) slti    s11, s2, 987
core   0: 3 0x80000cd8 (0x3db92d93) x27 0x00000001
core   0: 0x80000cdc (0x011d5793) srli    a5, s10, 17
core   0: 3 0x80000cdc (0x011d5793) x15 0x00000200
core   0: 0x80000ce0 (0xe7eb6913) ori     s2, s6, -386
core   0: 3 0x80000ce0 (0xe7eb6913) x18 0xfffffeff
core   0: 0x80000ce4 (0x01dc7033) and     zero, s8, t4
core   0: 3 0x80000ce4 (0x01dc7033)
core   0: 0x80000ce8 (0x00d91693) slli    a3, s2, 13
core   0: 3 0x80000ce8 (0x00d91693) x13 0xffdfe000
core   0: 0x80000cec (0x01e21533) sll     a0, tp, t5
core   0: 3 0x80000cec (0x01e21533) x10 0x00000001
core   0: 0x80000cf0 (0x5b603113) sltiu   sp, zero, 1462
core   0: 3 0x80000cf0 (0x5b603113) x 2 0x00000001
core   0: 0x80000cf4 (0xcb60c193) xori    gp, ra, -842
core   0: 3 0x80000cf4 (0xcb60c193) x 3 0x0001fcb2
core   0: 0x80000cf8 (0x148ba813) slti    a6, s7, 328
core   0: 3 0x80000cf8 (0x148ba813) x16 0x00000000
core   0: 0x80000cfc (0x005f9e33) sll     t3, t6, t0
core   0: 3 0x80000cfc (0x005f9e33) x28 0x00003fff
core   0: 0x80000d00 (0xecdf6613) ori     a2, t5, -307
core   0: 3 0x80000d00 (0xecdf6613) x12 0xffffffed
core   0: 0x80000d04 (0x67686a93) ori     s5, a6, 1654
core   0: 3 0x80000d04 (0x67686a93) x21 0x00000676
core   0: 0x80000d08 (0x373f6c13) ori     s8, t5, 883
core   0: 3 0x80000d08 (0x373f6c13) x24 0xfffffff3
core   0: 0x80000d0c (0x0129d613) srli    a2, s3, 18
core   0: 3 0x80000d0c (0x0129d613) x12 0x00002000
core   0: 0x80000d10 (0x23246597) auipc   a1, 0x23246
core   0: 3 0x80000d10 (0x23246597) x11 0xa3246d10
core   0: 0x80000d14 (0x00afda93) srli    s5, t6, 10
core   0: 3 0x80000d14 (0x00afda93) x21 0x0000000f
core   0: 0x80000d18 (0x00000013) nop
core   0: 3 0x80000d18 (0x00000013)
core   0: 0x80000d1c (0x01984733) xor     a4, a6, s9
core   0: 3 0x80000d1c (0x01984733) x14 0x00000156
core   0: 0x80000d20 (0x403256b3) sra     a3, tp, gp
core   0: 3 0x80000d20 (0x403256b3) x13 0x00000000
core   0: 0x80000d24 (0x00571993) slli    s3, a4, 5
core   0: 3 0x80000d24 (0x00571993) x19 0x00002ac0
core   0: 0x80000d28 (0xb1f9ec13) ori     s8, s3, -1249
core   0: 3 0x80000d28 (0xb1f9ec13) x24 0xfffffbdf
core   0: 0x80000d2c (0x00c67cb3) and     s9, a2, a2
core   0: 3 0x80000d2c (0x00c67cb3) x25 0x00002000
core   0: 0x80000d30 (0x5ee98493) addi    s1, s3, 1518
core   0: 3 0x80000d30 (0x5ee98493) x 9 0x000030ae
core   0: 0x80000d34 (0x00d68233) add     tp, a3, a3
core   0: 3 0x80000d34 (0x00d68233) x 4 0x00000000
core   0: 0x80000d38 (0x87b40f13) addi    t5, s0, -1925
core   0: 3 0x80000d38 (0x87b40f13) x30 0xfc000163
core   0: 0x80000d3c (0x01cb9433) sll     s0, s7, t3
core   0: 3 0x80000d3c (0x01cb9433) x 8 0x00000000
core   0: 0x80000d40 (0x00000013) nop
core   0: 3 0x80000d40 (0x00000013)
core   0: 0x80000d44 (0x01012633) slt     a2, sp, a6
core   0: 3 0x80000d44 (0x01012633) x12 0x00000000
core   0: 0x80000d48 (0x00b919b3) sll     s3, s2, a1
core   0: 3 0x80000d48 (0x00b919b3) x19 0xfeff0000
core   0: 0x80000d4c (0x00000013) nop
core   0: 3 0x80000d4c (0x00000013)
core   0: 0x80000d50 (0x401b5b93) srai    s7, s6, 1
core   0: 3 0x80000d50 (0x401b5b93) x23 0xf441cb70
core   0: 0x80000d54 (0x006066b3) or      a3, zero, t1
core   0: 3 0x80000d54 (0x006066b3) x13 0x7c4e3000
core   0: 0x80000d58 (0x7a143417) auipc   s0, 0x7a143
core   0: 3 0x80000d58 (0x7a143417) x 8 0xfa143d58
core   0: 0x80000d5c (0x00000013) nop
core   0: 3 0x80000d5c (0x00000013)
core   0: 0x80000d60 (0xd18cff93) andi    t6, s9, -744
core   0: 3 0x80000d60 (0xd18cff93) x31 0x00002000
core   0: 0x80000d64 (0x4530e913) ori     s2, ra, 1107
core   0: 3 0x80000d64 (0x4530e913) x18 0xfffe0457
core   0: 0x80000d68 (0x00dc7733) and     a4, s8, a3
core   0: 3 0x80000d68 (0x00dc7733) x14 0x7c4e3000
core   0: 0x80000d6c (0x01595133) srl     sp, s2, s5
core   0: 3 0x80000d6c (0x01595133) x 2 0x0001fffc
core   0: 0x80000d70 (0x0062f933) and     s2, t0, t1
core   0: 3 0x80000d70 (0x0062f933) x18 0x00000000
core   0: 0x80000d74 (0x842b4313) xori    t1, s6, -1982
core   0: 3 0x80000d74 (0x842b4313) x 6 0x177c6ea3
core   0: 0x80000d78 (0x00000013) nop
core   0: 3 0x80000d78 (0x00000013)
core   0: 0x80000d7c (0x00991793) slli    a5, s2, 9
core   0: 3 0x80000d7c (0x00991793) x15 0x00000000
core   0: 0x80000d80 (0xc072d017) auipc   zero, 0xc072d
core   0: 3 0x80000d80 (0xc072d017)
core   0: 0x80000d84 (0x0011c9b3) xor     s3, gp, ra
core   0: 3 0x80000d84 (0x0011c9b3) x19 0xfffffcb6
core   0: 0x80000d88 (0x00000013) nop
core   0: 3 0x80000d88 (0x00000013)
core   0: 0x80000d8c (0x07698513) addi    a0, s3, 118
core   0: 3 0x80000d8c (0x07698513) x10 0xfffffd2c
core   0: 0x80000d90 (0x8033cb93) xori    s7, t2, -2045
core   0: 3 0x80000d90 (0x8033cb93) x23 0x7ffea4e7
core   0: 0x80000d94 (0x1a12ce97) auipc   t4, 0x1a12c
core   0: 3 0x80000d94 (0x1a12ce97) x29 0x9a12cd94
core   0: 0x80000d98 (0x78588a93) addi    s5, a7, 1925
core   0: 3 0x80000d98 (0x78588a93) x21 0x800125e9
core   0: 0x80000d9c (0xfd60e413) ori     s0, ra, -42
core   0: 3 0x80000d9c (0xfd60e413) x 8 0xffffffd6
core   0: 0x80000da0 (0x0190f6b3) and     a3, ra, s9
core   0: 3 0x80000da0 (0x0190f6b3) x13 0x00000000
core   0: 0x80000da4 (0x405ed793) srai    a5, t4, 5
core   0: 3 0x80000da4 (0x405ed793) x15 0xfcd0966c
core   0: 0x80000da8 (0x00a95213) srli    tp, s2, 10
core   0: 3 0x80000da8 (0x00a95213) x 4 0x00000000
core   0: 0x80000dac (0x01d10033) add     zero, sp, t4
core   0: 3 0x80000dac (0x01d10033)
core   0: 0x80000db0 (0x012cf833) and     a6, s9, s2
core   0: 3 0x80000db0 (0x012cf833) x16 0x00000000
core   0: 0x80000db4 (0x00000013) nop
core   0: 3 0x80000db4 (0x00000013)
core   0: 0x80000db8 (0x40e3de93) srai    t4, t2, 14
core   0: 3 0x80000db8 (0x40e3de93) x29 0xfffe0005
core   0: 0x80000dbc (0xd0c86413) ori     s0, a6, -756
core   0: 3 0x80000dbc (0xd0c86413) x 8 0xfffffd0c
core   0: 0x80000dc0 (0x00000013) nop
core   0: 3 0x80000dc0 (0x00000013)
core   0: 0x80000dc4 (0x0010b133) sltu    sp, ra, ra
core   0: 3 0x80000dc4 (0x0010b133) x 2 0x00000000
core   0: 0x80000dc8 (0x001e90b3) sll     ra, t4, ra
core   0: 3 0x80000dc8 (0x001e90b3) x 1 0xffe00050
core   0: 0x80000dcc (0x40eb59b3) sra     s3, s6, a4
core   0: 3 0x80000dcc (0x40eb59b3) x19 0xe88396e1
core   0: 0x80000dd0 (0xb1c78a93) addi    s5, a5, -1252
core   0: 3 0x80000dd0 (0xb1c78a93) x21 0xfcd09188
core   0: 0x80000dd4 (0x00c0f933) and     s2, ra, a2
core   0: 3 0x80000dd4 (0x00c0f933) x18 0x00000000
core   0: 0x80000dd8 (0xee352313) slti    t1, a0, -285
core   0: 3 0x80000dd8 (0xee352313) x 6 0x00000001
core   0: 0x80000ddc (0x61e5b013) sltiu   zero, a1, 1566
core   0: 3 0x80000ddc (0x61e5b013)
core   0: 0x80000de0 (0xdabca193) slti    gp, s9, -597
core   0: 3 0x80000de0 (0xdabca193) x 3 0x00000000
core   0: 0x80000de4 (0x41488db3) sub     s11, a7, s4
core   0: 3 0x80000de4 (0x41488db3) x27 0x80011937
core   0: 0x80000de8 (0x00cb3333) sltu    t1, s6, a2
core   0: 3 0x80000de8 (0x00cb3333) x 6 0x00000000
core   0: 0x80000dec (0x019a0033) add     zero, s4, s9
core   0: 3 0x80000dec (0x019a0033)
core   0: 0x80000df0 (0x00095133) srl     sp, s2, zero
core   0: 3 0x80000df0 (0x00095133) x 2 0x00000000
core   0: 0x80000df4 (0xcc54bf13) sltiu   t5, s1, -827
core   0: 3 0x80000df4 (0xcc54bf13) x30 0x00000001
core   0: 0x80000df8 (0xd8834093) xori    ra, t1, -632
core   0: 3 0x80000df8 (0xd8834093) x 1 0xfffffd88
core   0: 0x80000dfc (0x00000013) nop
core   0: 3 0x80000dfc (0x00000013)
core   0: 0x80000e00 (0x00babab3) sltu    s5, s5, a1
core   0: 3 0x80000e00 (0x00babab3) x21 0x00000000
core   0: 0x80000e04 (0x018cee33) or      t3, s9, s8
core   0: 3 0x80000e04 (0x018cee33) x28 0xfffffbdf
core   0: 0x80000e08 (0x009d1833) sll     a6, s10, s1
core   0: 3 0x80000e08 (0x009d1833) x16 0x01f1c000
core   0: 0x80000e0c (0xc3ccbf93) sltiu   t6, s9, -964
core   0: 3 0x80000e0c (0xc3ccbf93) x31 0x00000001
core   0: 0x80000e10 (0x009ba6b3) slt     a3, s7, s1
core   0: 3 0x80000e10 (0x009ba6b3) x13 0x00000000
core   0: 0x80000e14 (0x00b6b633) sltu    a2, a3, a1
core   0: 3 0x80000e14 (0x00b6b633) x12 0x00000001
core   0: 0x80000e18 (0x0191cc33) xor     s8, gp, s9
core   0: 3 0x80000e18 (0x0191cc33) x24 0x00002000
core   0: 0x80000e1c (0xa952a093) slti    ra, t0, -1387
core   0: 3 0x80000e1c (0xa952a093) x 1 0x00000000
core   0: 0x80000e20 (0x0151ca33) xor     s4, gp, s5
core   0: 3 0x80000e20 (0x0151ca33) x20 0x00000000
core   0: 0x80000e24 (0x1f7e0213) addi    tp, t3, 503
core   0: 3 0x80000e24 (0x1f7e0213) x 4 0xfffffdd6
core   0: 0x80000e28 (0x010b8cb3) add     s9, s7, a6
core   0: 3 0x80000e28 (0x010b8cb3) x25 0x81f064e7
core   0: 0x80000e2c (0x69f8a013) slti    zero, a7, 1695
core   0: 3 0x80000e2c (0x69f8a013)
core   0: 0x80000e30 (0x000129b3) slt     s3, sp, zero
core   0: 3 0x80000e30 (0x000129b3) x19 0x00000000
core   0: 0x80000e34 (0x5d8dc117) auipc   sp, 0x5d8dc
core   0: 3 0x80000e34 (0x5d8dc117) x 2 0xdd8dce34
core   0: 0x80000e38 (0x28453537) lui     a0, 0x28453
core   0: 3 0x80000e38 (0x28453537) x10 0x28453000
core   0: 0x80000e3c (0x0156a733) slt     a4, a3, s5
core   0: 3 0x80000e3c (0x0156a733) x14 0x00000000
core   0: 0x80000e40 (0x4065dc13) srai    s8, a1, 6
core   0: 3 0x80000e40 (0x4065dc13) x24 0xfe8c91b4
core   0: 0x80000e44 (0xce138713) addi    a4, t2, -799
core   0: 3 0x80000e44 (0xce138713) x14 0x800159c5
core   0: 0x80000e48 (0x00efa433) slt     s0, t6, a4
core   0: 3 0x80000e48 (0x00efa433) x 8 0x00000000
core   0: 0x80000e4c (0x64bcbbb7) lui     s7, 0x64bcb
core   0: 3 0x80000e4c (0x64bcbbb7) x23 0x64bcb000
core   0: 0x80000e50 (0x41f0d2b3) sra     t0, ra, t6
core   0: 3 0x80000e50 (0x41f0d2b3) x 5 0x00000000
core   0: 0x80000e54 (0x0049da33) srl     s4, s3, tp
core   0: 3 0x80000e54 (0x0049da33) x20 0x00000000
core   0: 0x80000e58 (0x40435193) srai    gp, t1, 4
core   0: 3 0x80000e58 (0x40435193) x 3 0x00000000
core   0: 0x80000e5c (0x41ca8333) sub     t1, s5, t3
core   0: 3 0x80000e5c (0x41ca8333) x 6 0x00000421
core   0: 0x80000e60 (0xb13b7f13) andi    t5, s6, -1261
core   0: 3 0x80000e60 (0xb13b7f13) x30 0xe8839201
core   0: 0x80000e64 (0x404e89b3) sub     s3, t4, tp
core   0: 3 0x80000e64 (0x404e89b3) x19 0xfffe022f
core   0: 0x80000e68 (0x2add8a13) addi    s4, s11, 685
core   0: 3 0x80000e68 (0x2add8a13) x20 0x80011be4
core   0: 0x80000e6c (0x4bffa093) slti    ra, t6, 1215
core   0: 3 0x80000e6c (0x4bffa093) x 1 0x00000001
core   0: 0x80000e70 (0x4188da13) srai    s4, a7, 24
core   0: 3 0x80000e70 (0x4188da13) x20 0xffffff80
core   0: 0x80000e74 (0x000cac33) slt     s8, s9, zero
core   0: 3 0x80000e74 (0x000cac33) x24 0x00000001
core   0: 0x80000e78 (0x01945033) srl     zero, s0, s9
core   0: 3 0x80000e78 (0x01945033)
core   0: 0x80000e7c (0x6be151b7) lui     gp, 0x6be15
core   0: 3 0x80000e7c (0x6be151b7) x 3 0x6be15000
core   0: 0x80000e80 (0x01da9993) slli    s3, s5, 29
core   0: 3 0x80000e80 (0x01da9993) x19 0x00000000
core   0: 0x80000e84 (0x01baa233) slt     tp, s5, s11
core   0: 3 0x80000e84 (0x01baa233) x 4 0x00000000
core   0: 0x80000e88 (0x00cac9b3) xor     s3, s5, a2
core   0: 3 0x80000e88 (0x00cac9b3) x19 0x00000001
core   0: 0x80000e8c (0x9666b437) lui     s0, 0x9666b
core   0: 3 0x80000e8c (0x9666b437) x 8 0x9666b000
core   0: 0x80000e90 (0x40975093) srai    ra, a4, 9
core   0: 3 0x80000e90 (0x40975093) x 1 0xffc000ac
core   0: 0x80000e94 (0x32dbd017) auipc   zero, 0x32dbd
core   0: 3 0x80000e94 (0x32dbd017)
core   0: 0x80000e98 (0x017c9bb3) sll     s7, s9, s7
core   0: 3 0x80000e98 (0x017c9bb3) x23 0x81f064e7
core   0: 0x80000e9c (0x01449e13) slli    t3, s1, 20
core   0: 3 0x80000e9c (0x01449e13) x28 0x0ae00000
core   0: 0x80000ea0 (0x004149b3) xor     s3, sp, tp
core   0: 3 0x80000ea0 (0x004149b3) x19 0xdd8dce34
core   0: 0x80000ea4 (0xb39b2e13) slti    t3, s6, -1223
core   0: 3 0x80000ea4 (0xb39b2e13) x28 0x00000001
core   0: 0x80000ea8 (0x41cc8533) sub     a0, s9, t3
core   0: 3 0x80000ea8 (0x41cc8533) x10 0x81f064e6
core   0: 0x80000eac (0x01e79413) slli    s0, a5, 30
core   0: 3 0x80000eac (0x01e79413) x 8 0x00000000
core   0: 0x80000eb0 (0x40395813) srai    a6, s2, 3
core   0: 3 0x80000eb0 (0x40395813) x16 0x00000000
core   0: 0x80000eb4 (0x01494ab3) xor     s5, s2, s4
core   0: 3 0x80000eb4 (0x01494ab3) x21 0xffffff80
core   0: 0x80000eb8 (0x07b88637) lui     a2, 0x7b88
core   0: 3 0x80000eb8 (0x07b88637) x12 0x07b88000
core   0: 0x80000ebc (0x428eca17) auipc   s4, 0x428ec
core   0: 3 0x80000ebc (0x428eca17) x20 0xc28ecebc
core   0: 0x80000ec0 (0x1d23f517) auipc   a0, 0x1d23f
core   0: 3 0x80000ec0 (0x1d23f517) x10 0x9d23fec0
core   0: 0x80000ec4 (0x00000013) nop
core   0: 3 0x80000ec4 (0x00000013)
core   0: 0x80000ec8 (0x007f1093) slli    ra, t5, 7
core   0: 3 0x80000ec8 (0x007f1093) x 1 0x41c90080
core   0: 0x80000ecc (0xcacf4593) xori    a1, t5, -852
core   0: 3 0x80000ecc (0xcacf4593) x11 0x177c6ead
core   0: 0x80000ed0 (0x01ca9913) slli    s2, s5, 28
core   0: 3 0x80000ed0 (0x01ca9913) x18 0x00000000
core   0: 0x80000ed4 (0x017e1433) sll     s0, t3, s7
core   0: 3 0x80000ed4 (0x017e1433) x 8 0x00000080
core   0: 0x80000ed8 (0x015d56b3) srl     a3, s10, s5
core   0: 3 0x80000ed8 (0x015d56b3) x13 0x040007c7
core   0: 0x80000edc (0x009ffeb3) and     t4, t6, s1
core   0: 3 0x80000edc (0x009ffeb3) x29 0x00000000
core   0: 0x80000ee0 (0x00000013) nop
core   0: 3 0x80000ee0 (0x00000013)
core   0: 0x80000ee4 (0x01dd5193) srli    gp, s10, 29
core   0: 3 0x80000ee4 (0x01dd5193) x 3 0x00000000
core   0: 0x80000ee8 (0x7dadc317) auipc   t1, 0x7dadc
core   0: 3 0x80000ee8 (0x7dadc317) x 6 0xfdadcee8
core   0: 0x80000eec (0x01b89493) slli    s1, a7, 27
core   0: 3 0x80000eec (0x01b89493) x 9 0x20000000
core   0: 0x80000ef0 (0x01ec4733) xor     a4, s8, t5
core   0: 3 0x80000ef0 (0x01ec4733) x14 0xe8839200
core   0: 0x80000ef4 (0x86f36b93) ori     s7, t1, -1937
core   0: 3 0x80000ef4 (0x86f36b93) x23 0xfffffeef
core   0: 0x80000ef8 (0x35133837) lui     a6, 0x35133
core   0: 3 0x80000ef8 (0x35133837) x16 0x35133000
core   0: 0x80000efc (0x006166b3) or      a3, sp, t1
core   0: 3 0x80000efc (0x006166b3) x13 0xfdadcefc
core   0: 0x80000f00 (0x00000013) nop
core   0: 3 0x80000f00 (0x00000013)
core   0: 0x80000f04 (0x00ee8f33) add     t5, t4, a4
core   0: 3 0x80000f04 (0x00ee8f33) x30 0xe8839200
core   0: 0x80000f08 (0x010b8933) add     s2, s7, a6
core   0: 3 0x80000f08 (0x010b8933) x18 0x35132eef
core   0: 0x80000f0c (0x419cddb3) sra     s11, s9, s9
core   0: 3 0x80000f0c (0x419cddb3) x27 0xff03e0c9
core   0: 0x80000f10 (0xfdc83317) auipc   t1, 0xfdc83
core   0: 3 0x80000f10 (0xfdc83317) x 6 0x7dc83f10
core   0: 0x80000f14 (0x012277b3) and     a5, tp, s2
core   0: 3 0x80000f14 (0x012277b3) x15 0x00000000
core   0: 0x80000f18 (0xe93b7513) andi    a0, s6, -365
core   0: 3 0x80000f18 (0xe93b7513) x10 0xe8839681
core   0: 0x80000f1c (0x01991d93) slli    s11, s2, 25
core   0: 3 0x80000f1c (0x01991d93) x27 0xde000000
core   0: 0x80000f20 (0x40a382b3) sub     t0, t2, a0
core   0: 3 0x80000f20 (0x40a382b3) x 5 0x977dc663
core   0: 0x80000f24 (0x0182f7b3) and     a5, t0, s8
core   0: 3 0x80000f24 (0x0182f7b3) x15 0x00000001
core   0: 0x80000f28 (0x00000013) nop
core   0: 3 0x80000f28 (0x00000013)
core   0: 0x80000f2c (0x402e8e33) sub     t3, t4, sp
core   0: 3 0x80000f2c (0x402e8e33) x28 0x227231cc
core   0: 0x80000f30 (0x91e13293) sltiu   t0, sp, -1762
core   0: 3 0x80000f30 (0x91e13293) x 5 0x00000001
core   0: 0x80000f34 (0x41f15a93) srai    s5, sp, 31
core   0: 3 0x80000f34 (0x41f15a93) x21 0xffffffff
core   0: 0x80000f38 (0x403ad493) srai    s1, s5, 3
core   0: 3 0x80000f38 (0x403ad493) x 9 0xffffffff
core   0: 0x80000f3c (0x0116abb3) slt     s7, a3, a7
core   0: 3 0x80000f3c (0x0116abb3) x23 0x00000000
core   0: 0x80000f40 (0x3e2b6293) ori     t0, s6, 994
core   0: 3 0x80000f40 (0x3e2b6293) x 5 0xe88397e3
core   0: 0x80000f44 (0x00f04733) xor     a4, zero, a5
core   0: 3 0x80000f44 (0x00f04733) x14 0x00000001
core   0: 0x80000f48 (0x0077b7b3) sltu    a5, a5, t2
core   0: 3 0x80000f48 (0x0077b7b3) x15 0x00000001
core   0: 0x80000f4c (0x00289d13) slli    s10, a7, 2
core   0: 3 0x80000f4c (0x00289d13) x26 0x00047990
core   0: 0x80000f50 (0x40b88db3) sub     s11, a7, a1
core   0: 3 0x80000f50 (0x40b88db3) x27 0x6884afb7
core   0: 0x80000f54 (0x50bdab93) slti    s7, s11, 1291
core   0: 3 0x80000f54 (0x50bdab93) x23 0x00000000
core   0: 0x80000f58 (0x00be09b3) add     s3, t3, a1
core   0: 3 0x80000f58 (0x00be09b3) x19 0x39eea079
core   0: 0x80000f5c (0x6e37e713) ori     a4, a5, 1763
core   0: 3 0x80000f5c (0x6e37e713) x14 0x000006e3
core   0: 0x80000f60 (0x013967b3) or      a5, s2, s3
core   0: 3 0x80000f60 (0x013967b3) x15 0x3dffaeff
core   0: 0x80000f64 (0x00ddb433) sltu    s0, s11, a3
core   0: 3 0x80000f64 (0x00ddb433) x 8 0x00000001
core   0: 0x80000f68 (0x003a4ab3) xor     s5, s4, gp
core   0: 3 0x80000f68 (0x003a4ab3) x21 0xc28ecebc
core   0: 0x80000f6c (0x51d0ab93) slti    s7, ra, 1309
core   0: 3 0x80000f6c (0x51d0ab93) x23 0x00000000
core   0: 0x80000f70 (0x68f2da37) lui     s4, 0x68f2d
core   0: 3 0x80000f70 (0x68f2da37) x20 0x68f2d000
core   0: 0x80000f74 (0x011c8c33) add     s8, s9, a7
core   0: 3 0x80000f74 (0x011c8c33) x24 0x01f1834b
core   0: 0x80000f78 (0x00000013) nop
core   0: 3 0x80000f78 (0x00000013)
core   0: 0x80000f7c (0x01471f93) slli    t6, a4, 20
core   0: 3 0x80000f7c (0x01471f93) x31 0x6e300000
core   0: 0x80000f80 (0x003465b3) or      a1, s0, gp
core   0: 3 0x80000f80 (0x003465b3) x11 0x00000001
core   0: 0x80000f84 (0x003f97b3) sll     a5, t6, gp
core   0: 3 0x80000f84 (0x003f97b3) x15 0x6e300000
core   0: 0x80000f88 (0x010a42b3) xor     t0, s4, a6
core   0: 3 0x80000f88 (0x010a42b3) x 5 0x5de1e000
core   0: 0x80000f8c (0x00000013) nop
core   0: 3 0x80000f8c (0x00000013)
core   0: 0x80000f90 (0x1a1c7513) andi    a0, s8, 417
core   0: 3 0x80000f90 (0x1a1c7513) x10 0x00000101
core   0: 0x80000f94 (0x67e42413) slti    s0, s0, 1662
core   0: 3 0x80000f94 (0x67e42413) x 8 0x00000001
core   0: 0x80000f98 (0x01d88c33) add     s8, a7, t4
core   0: 3 0x80000f98 (0x01d88c33) x24 0x80011e64
core   0: 0x80000f9c (0x01479813) slli    a6, a5, 20
core   0: 3 0x80000f9c (0x01479813) x16 0x00000000
core   0: 0x80000fa0 (0x41ab0f33) sub     t5, s6, s10
core   0: 3 0x80000fa0 (0x41ab0f33) x30 0xe87f1d51
core   0: 0x80000fa4 (0x00c6d013) srli    zero, a3, 12
core   0: 3 0x80000fa4 (0x00c6d013)
core   0: 0x80000fa8 (0x00000013) nop
core   0: 3 0x80000fa8 (0x00000013)
core   0: 0x80000fac (0x0052d133) srl     sp, t0, t0
core   0: 3 0x80000fac (0x0052d133) x 2 0x5de1e000
core   0: 0x80000fb0 (0x0052aa33) slt     s4, t0, t0
core   0: 3 0x80000fb0 (0x0052aa33) x20 0x00000000
core   0: 0x80000fb4 (0x00fb4c33) xor     s8, s6, a5
core   0: 3 0x80000fb4 (0x00fb4c33) x24 0x86b396e1
core   0: 0x80000fb8 (0xddbb7313) andi    t1, s6, -549
core   0: 3 0x80000fb8 (0xddbb7313) x 6 0xe88394c1
core   0: 0x80000fbc (0x01a709b3) add     s3, a4, s10
core   0: 3 0x80000fbc (0x01a709b3) x19 0x00048073
core   0: 0x80000fc0 (0x01abf9b3) and     s3, s7, s10
core   0: 3 0x80000fc0 (0x01abf9b3) x19 0x00000000
core   0: 0x80000fc4 (0x00501213) slli    tp, zero, 5
core   0: 3 0x80000fc4 (0x00501213) x 4 0x00000000
core   0: 0x80000fc8 (0x218f9d97) auipc   s11, 0x218f9
core   0: 3 0x80000fc8 (0x218f9d97) x27 0xa18f9fc8
core   0: 0x80000fcc (0x33804d93) xori    s11, zero, 824
core   0: 3 0x80000fcc (0x33804d93) x27 0x00000338
core   0: 0x80000fd0 (0x014b5033) srl     zero, s6, s4
core   0: 3 0x80000fd0 (0x014b5033)
core   0: 0x80000fd4 (0x00000013) nop
core   0: 3 0x80000fd4 (0x00000013)
core   0: 0x80000fd8 (0xdcf88593) addi    a1, a7, -561
core   0: 3 0x80000fd8 (0xdcf88593) x11 0x80011c33
core   0: 0x80000fdc (0x01adbbb3) sltu    s7, s11, s10
core   0: 3 0x80000fdc (0x01adbbb3) x23 0x00000001
core   0: 0x80000fe0 (0xe5887a13) andi    s4, a6, -424
core   0: 3 0x80000fe0 (0xe5887a13) x20 0x00000000
core   0: 0x80000fe4 (0x01c08f33) add     t5, ra, t3
core   0: 3 0x80000fe4 (0x01c08f33) x30 0x643b324c
core   0: 0x80000fe8 (0x00c4a533) slt     a0, s1, a2
core   0: 3 0x80000fe8 (0x00c4a533) x10 0x00000001
core   0: 0x80000fec (0x60b43a13) sltiu   s4, s0, 1547
core   0: 3 0x80000fec (0x60b43a13) x20 0x00000001
core   0: 0x80000ff0 (0x40bb82b3) sub     t0, s7, a1
core   0: 3 0x80000ff0 (0x40bb82b3) x 5 0x7ffee3ce
core   0: 0x80000ff4 (0xab9f4993) xori    s3, t5, -1351
core   0: 3 0x80000ff4 (0xab9f4993) x19 0x9bc4c8f5
core   0: 0x80000ff8 (0x40ce8db3) sub     s11, t4, a2
core   0: 3 0x80000ff8 (0x40ce8db3) x27 0xf8478000
core   0: 0x80000ffc (0x00c3a6b3) slt     a3, t2, a2
core   0: 3 0x80000ffc (0x00c3a6b3) x13 0x00000001
core   0: 0x80001000 (0x8ac2ee93) ori     t4, t0, -1876
core   0: 3 0x80001000 (0x8ac2ee93) x29 0xfffffbee
core   0: 0x80001004 (0x008aae33) slt     t3, s5, s0
core   0: 3 0x80001004 (0x008aae33) x28 0x00000001
core   0: 0x80001008 (0xd8622713) slti    a4, tp, -634
core   0: 3 0x80001008 (0xd8622713) x14 0x00000000
core   0: 0x8000100c (0x007fc633) xor     a2, t6, t2
core   0: 3 0x8000100c (0x007fc633) x12 0xee315ce4
core   0: 0x80001010 (0xcc674793) xori    a5, a4, -826
core   0: 3 0x80001010 (0xcc674793) x15 0xfffffcc6
core   0: 0x80001014 (0x012bda13) srli    s4, s7, 18
core   0: 3 0x80001014 (0x012bda13) x20 0x00000000
core   0: 0x80001018 (0x01a89713) slli    a4, a7, 26
core   0: 3 0x80001018 (0x01a89713) x14 0x90000000
core   0: 0x8000101c (0xe38dd217) auipc   tp, 0xe38dd
core   0: 3 0x8000101c (0xe38dd217) x 4 0x638de01c
core   0: 0x80001020 (0xec991337) lui     t1, 0xec991
core   0: 3 0x80001020 (0xec991337) x 6 0xec991000
core   0: 0x80001024 (0x005b4a33) xor     s4, s6, t0
core   0: 3 0x80001024 (0x005b4a33) x20 0x977d752f
core   0: 0x80001028 (0x24b53693) sltiu   a3, a0, 587
core   0: 3 0x80001028 (0x24b53693) x13 0x00000001
core   0: 0x8000102c (0xd77f7293) andi    t0, t5, -649
core   0: 3 0x8000102c (0xd77f7293) x 5 0x643b3044
core   0: 0x80001030 (0x40e0d713) srai    a4, ra, 14
core   0: 3 0x80001030 (0x40e0d713) x14 0x00010724
core   0: 0x80001034 (0x00959533) sll     a0, a1, s1
core   0: 3 0x80001034 (0x00959533) x10 0x80000000
core   0: 0x80001038 (0x00000013) nop
core   0: 3 0x80001038 (0x00000013)
core   0: 0x8000103c (0xcd0bce37) lui     t3, 0xcd0bc
core   0: 3 0x8000103c (0xcd0bce37) x28 0xcd0bc000
core   0: 0x80001040 (0x417f5613) srai    a2, t5, 23
core   0: 3 0x80001040 (0x417f5613) x12 0x000000c8
core   0: 0x80001044 (0x416980b3) sub     ra, s3, s6
core   0: 3 0x80001044 (0x416980b3) x 1 0xb3413214
core   0: 0x80001048 (0x013df233) and     tp, s11, s3
core   0: 3 0x80001048 (0x013df233) x 4 0x98448000
core   0: 0x8000104c (0x411f5513) srai    a0, t5, 17
core   0: 3 0x8000104c (0x411f5513) x10 0x0000321d
core   0: 0x80001050 (0x4d7b0713) addi    a4, s6, 1239
core   0: 3 0x80001050 (0x4d7b0713) x14 0xe8839bb8
core   0: 0x80001054 (0x31c76013) ori     zero, a4, 796
core   0: 3 0x80001054 (0x31c76013)
core   0: 0x80001058 (0x01d639b3) sltu    s3, a2, t4
core   0: 3 0x80001058 (0x01d639b3) x19 0x00000001
core   0: 0x8000105c (0x00639793) slli    a5, t2, 6
core   0: 3 0x8000105c (0x00639793) x15 0x00573900
core   0: 0x80001060 (0x010482b3) add     t0, s1, a6
core   0: 3 0x80001060 (0x010482b3) x 5 0xffffffff
core   0: 0x80001064 (0x01c0afb3) slt     t6, ra, t3
core   0: 3 0x80001064 (0x01c0afb3) x31 0x00000001
core   0: 0x80001068 (0x01182eb3) slt     t4, a6, a7
core   0: 3 0x80001068 (0x01182eb3) x29 0x00000000
core   0: 0x8000106c (0x00ad5e93) srli    t4, s10, 10
core   0: 3 0x8000106c (0x00ad5e93) x29 0x0000011e
core   0: 0x80001070 (0x05e7b193) sltiu   gp, a5, 94
core   0: 3 0x80001070 (0x05e7b193) x 3 0x00000000
core   0: 0x80001074 (0x004d76b3) and     a3, s10, tp
core   0: 3 0x80001074 (0x004d76b3) x13 0x00040000
core   0: 0x80001078 (0x061f8313) addi    t1, t6, 97
core   0: 3 0x80001078 (0x061f8313) x 6 0x00000062
core   0: 0x8000107c (0x018c1f33) sll     t5, s8, s8
core   0: 3 0x8000107c (0x018c1f33) x30 0x0d672dc2
core   0: 0x80001080 (0xbf1d5c37) lui     s8, 0xbf1d5
core   0: 3 0x80001080 (0xbf1d5c37) x24 0xbf1d5000
core   0: 0x80001084 (0x73500a13) li      s4, 1845
core   0: 3 0x80001084 (0x73500a13) x20 0x00000735
core   0: 0x80001088 (0x4027d633) sra     a2, a5, sp
core   0: 3 0x80001088 (0x4027d633) x12 0x00573900
core   0: 0x8000108c (0x01f086b3) add     a3, ra, t6
core   0: 3 0x8000108c (0x01f086b3) x13 0xb3413215
core   0: 0x80001090 (0x41be89b3) sub     s3, t4, s11
core   0: 3 0x80001090 (0x41be89b3) x19 0x07b8811e
core   0: 0x80001094 (0x920a7537) lui     a0, 0x920a7
core   0: 3 0x80001094 (0x920a7537) x10 0x920a7000
core   0: 0x80001098 (0x01cfdab3) srl     s5, t6, t3
core   0: 3 0x80001098 (0x01cfdab3) x21 0x00000001
core   0: 0x8000109c (0x61186d13) ori     s10, a6, 1553
core   0: 3 0x8000109c (0x61186d13) x26 0x00000611
core   0: 0x800010a0 (0x400d5e33) sra     t3, s10, zero
core   0: 3 0x800010a0 (0x400d5e33) x28 0x00000611
core   0: 0x800010a4 (0x41d0dc93) srai    s9, ra, 29
core   0: 3 0x800010a4 (0x41d0dc93) x25 0xfffffffd
core   0: 0x800010a8 (0x48a37993) andi    s3, t1, 1162
core   0: 3 0x800010a8 (0x48a37993) x19 0x00000002
core   0: 0x800010ac (0x00abf2b3) and     t0, s7, a0
core   0: 3 0x800010ac (0x00abf2b3) x 5 0x00000000
core   0: 0x800010b0 (0x018809b3) add     s3, a6, s8
core   0: 3 0x800010b0 (0x018809b3) x19 0xbf1d5000
core   0: 0x800010b4 (0x2e88a793) slti    a5, a7, 744
core   0: 3 0x800010b4 (0x2e88a793) x15 0x00000001
core   0: 0x800010b8 (0x01b6da33) srl     s4, a3, s11
core   0: 3 0x800010b8 (0x01b6da33) x20 0xb3413215
core   0: 0x800010bc (0x00acfa33) and     s4, s9, a0
core   0: 3 0x800010bc (0x00acfa33) x20 0x920a7000
core   0: 0x800010c0 (0xb221c797) auipc   a5, 0xb221c
core   0: 3 0x800010c0 (0xb221c797) x15 0x3221d0c0
core   0: 0x800010c4 (0xc64f3f93) sltiu   t6, t5, -924
core   0: 3 0x800010c4 (0xc64f3f93) x31 0x00000001
core   0: 0x800010c8 (0x01b05513) srli    a0, zero, 27
core   0: 3 0x800010c8 (0x01b05513) x10 0x00000000
core   0: 0x800010cc (0xeaf9c913) xori    s2, s3, -337
core   0: 3 0x800010cc (0xeaf9c913) x18 0x40e2aeaf
core   0: 0x800010d0 (0x01dfb9b3) sltu    s3, t6, t4
core   0: 3 0x800010d0 (0x01dfb9b3) x19 0x00000001
core   0: 0x800010d4 (0x015dc233) xor     tp, s11, s5
core   0: 3 0x800010d4 (0x015dc233) x 4 0xf8478001
core   0: 0x800010d8 (0x00340533) add     a0, s0, gp
core   0: 3 0x800010d8 (0x00340533) x10 0x00000001
core   0: 0x800010dc (0x8f1019b7) lui     s3, 0x8f101
core   0: 3 0x800010dc (0x8f1019b7) x19 0x8f101000
core   0: 0x800010e0 (0x40175413) srai    s0, a4, 1
core   0: 3 0x800010e0 (0x40175413) x 8 0xf441cddc
core   0: 0x800010e4 (0x28551d17) auipc   s10, 0x28551
core   0: 3 0x800010e4 (0x28551d17) x26 0xa85520e4
core   0: 0x800010e8 (0x416fddb3) sra     s11, t6, s6
core   0: 3 0x800010e8 (0x416fddb3) x27 0x00000000
core   0: 0x800010ec (0x91d43e93) sltiu   t4, s0, -1763
core   0: 3 0x800010ec (0x91d43e93) x29 0x00000001
core   0: 0x800010f0 (0xd1cd0413) addi    s0, s10, -740
core   0: 3 0x800010f0 (0xd1cd0413) x 8 0xa8551e00
core   0: 0x800010f4 (0x00f40533) add     a0, s0, a5
core   0: 3 0x800010f4 (0x00f40533) x10 0xda76eec0
core   0: 0x800010f8 (0x16840493) addi    s1, s0, 360
core   0: 3 0x800010f8 (0x16840493) x 9 0xa8551f68
core   0: 0x800010fc (0x00fd3033) sltu    zero, s10, a5
core   0: 3 0x800010fc (0x00fd3033)
core   0: 0x80001100 (0x40ca84b3) sub     s1, s5, a2
core   0: 3 0x80001100 (0x40ca84b3) x 9 0xffa8c701
core   0: 0x80001104 (0x01385213) srli    tp, a6, 19
core   0: 3 0x80001104 (0x01385213) x 4 0x00000000
core   0: 0x80001108 (0x40470cb3) sub     s9, a4, tp
core   0: 3 0x80001108 (0x40470cb3) x25 0xe8839bb8
core   0: 0x8000110c (0x01340333) add     t1, s0, s3
core   0: 3 0x8000110c (0x01340333) x 6 0x37652e00
core   0: 0x80001110 (0x9aead997) auipc   s3, 0x9aead
core   0: 3 0x80001110 (0x9aead997) x19 0x1aeae110
core   0: 0x80001114 (0xca97d837) lui     a6, 0xca97d
core   0: 3 0x80001114 (0xca97d837) x16 0xca97d000
core   0: 0x80001118 (0x00ae5193) srli    gp, t3, 10
core   0: 3 0x80001118 (0x00ae5193) x 3 0x00000001
core   0: 0x8000111c (0xd29ffa13) andi    s4, t6, -727
core   0: 3 0x8000111c (0xd29ffa13) x20 0x00000001
core   0: 0x80001120 (0xf9a87513) andi    a0, a6, -102
core   0: 3 0x80001120 (0xf9a87513) x10 0xca97d000
core   0: 0x80001124 (0x4079d813) srai    a6, s3, 7
core   0: 3 0x80001124 (0x4079d813) x16 0x0035d5c2
core   0: 0x80001128 (0x683907b7) lui     a5, 0x68390
core   0: 3 0x80001128 (0x683907b7) x15 0x68390000
core   0: 0x8000112c (0x00ca5d93) srli    s11, s4, 12
core   0: 3 0x8000112c (0x00ca5d93) x27 0x00000000
core   0: 0x80001130 (0x40f8dc93) srai    s9, a7, 15
core   0: 3 0x80001130 (0x40f8dc93) x25 0xffff0002
core   0: 0x80001134 (0x5a056613) ori     a2, a0, 1440
core   0: 3 0x80001134 (0x5a056613) x12 0xca97d5a0
core   0: 0x80001138 (0x0174aab3) slt     s5, s1, s7
core   0: 3 0x80001138 (0x0174aab3) x21 0x00000001
core   0: 0x8000113c (0x87442f93) slti    t6, s0, -1932
core   0: 3 0x8000113c (0x87442f93) x31 0x00000001
core   0: 0x80001140 (0x41de06b3) sub     a3, t3, t4
core   0: 3 0x80001140 (0x41de06b3) x13 0x00000610
core   0: 0x80001144 (0x01d59913) slli    s2, a1, 29
core   0: 3 0x80001144 (0x01d59913) x18 0x60000000
core   0: 0x80001148 (0x0010f033) and     zero, ra, ra
core   0: 3 0x80001148 (0x0010f033)
core   0: 0x8000114c (0x00cd7cb3) and     s9, s10, a2
core   0: 3 0x8000114c (0x00cd7cb3) x25 0x881500a0
core   0: 0x80001150 (0x40dd80b3) sub     ra, s11, a3
core   0: 3 0x80001150 (0x40dd80b3) x 1 0xfffff9f0
core   0: 0x80001154 (0x017385b3) add     a1, t2, s7
core   0: 3 0x80001154 (0x017385b3) x11 0x80015ce5
core   0: 0x80001158 (0x6ff29e37) lui     t3, 0x6ff29
core   0: 3 0x80001158 (0x6ff29e37) x28 0x6ff29000
core   0: 0x8000115c (0x40e68bb3) sub     s7, a3, a4
core   0: 3 0x8000115c (0x40e68bb3) x23 0x177c6a58
core   0: 0x80001160 (0x0173fc33) and     s8, t2, s7
core   0: 3 0x80001160 (0x0173fc33) x24 0x00004840
core   0: 0x80001164 (0x6302a313) slti    t1, t0, 1584
core   0: 3 0x80001164 (0x6302a313) x 6 0x00000001
core   0: 0x80001168 (0x0039bf33) sltu    t5, s3, gp
core   0: 3 0x80001168 (0x0039bf33) x30 0x00000000
core   0: 0x8000116c (0x019ddbb3) srl     s7, s11, s9
core   0: 3 0x8000116c (0x019ddbb3) x23 0x00000000
core   0: 0x80001170 (0x00fcdb93) srli    s7, s9, 15
core   0: 3 0x80001170 (0x00fcdb93) x23 0x0001102a
core   0: 0x80001174 (0xd3ccca13) xori    s4, s9, -708
core   0: 3 0x80001174 (0xd3ccca13) x20 0x77eafd9c
core   0: 0x80001178 (0x7b4dbf17) auipc   t5, 0x7b4db
core   0: 3 0x80001178 (0x7b4dbf17) x30 0xfb4dc178
core   0: 0x8000117c (0x00000013) nop
core   0: 3 0x8000117c (0x00000013)
core   0: 0x80001180 (0x4153da33) sra     s4, t2, s5
core   0: 3 0x80001180 (0x4153da33) x20 0xc000ae72
core   0: 0x80001184 (0x3b56e717) auipc   a4, 0x3b56e
core   0: 3 0x80001184 (0x3b56e717) x14 0xbb56f184
core   0: 0x80001188 (0x0151b9b3) sltu    s3, gp, s5
core   0: 3 0x80001188 (0x0151b9b3) x19 0x00000000
core   0: 0x8000118c (0x00d3dd33) srl     s10, t2, a3
core   0: 3 0x8000118c (0x00d3dd33) x26 0x00008001
core   0: 0x80001190 (0x000ae633) or      a2, s5, zero
core   0: 3 0x80001190 (0x000ae633) x12 0x00000001
core   0: 0x80001194 (0x00691213) slli    tp, s2, 6
core   0: 3 0x80001194 (0x00691213) x 4 0x00000000
core   0: 0x80001198 (0x01675a93) srli    s5, a4, 22
core   0: 3 0x80001198 (0x01675a93) x21 0x000002ed
core   0: 0x8000119c (0x00000013) nop
core   0: 3 0x8000119c (0x00000013)
core   0: 0x800011a0 (0xa7192a13) slti    s4, s2, -1423
core   0: 3 0x800011a0 (0xa7192a13) x20 0x00000000
core   0: 0x800011a4 (0x01982c33) slt     s8, a6, s9
core   0: 3 0x800011a4 (0x01982c33) x24 0x00000000
core   0: 0x800011a8 (0x00412fb3) slt     t6, sp, tp
core   0: 3 0x800011a8 (0x00412fb3) x31 0x00000000
core   0: 0x800011ac (0x61220c93) addi    s9, tp, 1554
core   0: 3 0x800011ac (0x61220c93) x25 0x00000612
core   0: 0x800011b0 (0x0268cc93) xori    s9, a7, 38
core   0: 3 0x800011b0 (0x0268cc93) x25 0x80011e42
core   0: 0x800011b4 (0x003d5b93) srli    s7, s10, 3
core   0: 3 0x800011b4 (0x003d5b93) x23 0x00001000
core   0: 0x800011b8 (0x016574b3) and     s1, a0, s6
core   0: 3 0x800011b8 (0x016574b3) x 9 0xc8839000
core   0: 0x800011bc (0x00cc9f33) sll     t5, s9, a2
core   0: 3 0x800011bc (0x00cc9f33) x30 0x00023c84
core   0: 0x800011c0 (0x00621d33) sll     s10, tp, t1
core   0: 3 0x800011c0 (0x00621d33) x26 0x00000000
core   0: 0x800011c4 (0x142c8213) addi    tp, s9, 322
core   0: 3 0x800011c4 (0x142c8213) x 4 0x80011f84
core   0: 0x800011c8 (0xa116b793) sltiu   a5, a3, -1519
core   0: 3 0x800011c8 (0xa116b793) x15 0x00000001
core   0: 0x800011cc (0x7d587813) andi    a6, a6, 2005
core   0: 3 0x800011cc (0x7d587813) x16 0x000005c0
core   0: 0x800011d0 (0x40e8dd13) srai    s10, a7, 14
core   0: 3 0x800011d0 (0x40e8dd13) x26 0xfffe0004
core   0: 0x800011d4 (0x00000013) nop
core   0: 3 0x800011d4 (0x00000013)
core   0: 0x800011d8 (0x042afc97) auipc   s9, 0x42af
core   0: 3 0x800011d8 (0x042afc97) x25 0x842b01d8
core   0: 0x800011dc (0x010e0433) add     s0, t3, a6
core   0: 3 0x800011dc (0x010e0433) x 8 0x6ff295c0
core   0: 0x800011e0 (0x013684b3) add     s1, a3, s3
core   0: 3 0x800011e0 (0x013684b3) x 9 0x00000610
core   0: 0x800011e4 (0x419cd613) srai    a2, s9, 25
core   0: 3 0x800011e4 (0x419cd613) x12 0xffffffc2
core   0: 0x800011e8 (0x01e34cb3) xor     s9, t1, t5
core   0: 3 0x800011e8 (0x01e34cb3) x25 0x00023c85
core   0: 0x800011ec (0x41070fb3) sub     t6, a4, a6
core   0: 3 0x800011ec (0x41070fb3) x31 0xbb56ebc4
core   0: 0x800011f0 (0x00895593) srli    a1, s2, 8
core   0: 3 0x800011f0 (0x00895593) x11 0x00600000
core   0: 0x800011f4 (0x01594f33) xor     t5, s2, s5
core   0: 3 0x800011f4 (0x01594f33) x30 0x600002ed
core   0: 0x800011f8 (0x00f93433) sltu    s0, s2, a5
core   0: 3 0x800011f8 (0x00f93433) x 8 0x00000000
core   0: 0x800011fc (0x00000013) nop
core   0: 3 0x800011fc (0x00000013)
core   0: 0x80001200 (0x0086db93) srli    s7, a3, 8
core   0: 3 0x80001200 (0x0086db93) x23 0x00000006
core   0: 0x80001204 (0x00000013) nop
core   0: 3 0x80001204 (0x00000013)
core   0: 0x80001208 (0x9734c337) lui     t1, 0x9734c
core   0: 3 0x80001208 (0x9734c337) x 6 0x9734c000
core   0: 0x8000120c (0x82d30313) addi    t1, t1, -2003
core   0: 3 0x8000120c (0x82d30313) x 6 0x9734b82d
core   0: 0x80001210 (0xfff00113) li      sp, -1
core   0: 3 0x80001210 (0xfff00113) x 2 0xffffffff
core   0: 0x80001214 (0x00000293) li      t0, 0
core   0: 3 0x80001214 (0x00000293) x 5 0x00000000
core   0: 0x80001218 (0xfff00a93) li      s5, -1
core   0: 3 0x80001218 (0xfff00a93) x21 0xffffffff
core   0: 0x8000121c (0x80000637) lui     a2, 0x80000
core   0: 3 0x8000121c (0x80000637) x12 0x80000000
core   0: 0x80001220 (0xfff00713) li      a4, -1
core   0: 3 0x80001220 (0xfff00713) x14 0xffffffff
core   0: 0x80001224 (0xfff00093) li      ra, -1
core   0: 3 0x80001224 (0xfff00093) x 1 0xffffffff
core   0: 0x80001228 (0x2131deb7) lui     t4, 0x2131d
core   0: 3 0x80001228 (0x2131deb7) x29 0x2131d000
core   0: 0x8000122c (0x896e8e93) addi    t4, t4, -1898
core   0: 3 0x8000122c (0x896e8e93) x29 0x2131c896
core   0: 0x80001230 (0x6fc6b4b7) lui     s1, 0x6fc6b
core   0: 3 0x80001230 (0x6fc6b4b7) x 9 0x6fc6b000
core   0: 0x80001234 (0xefb48493) addi    s1, s1, -261
core   0: 3 0x80001234 (0xefb48493) x 9 0x6fc6aefb
core   0: 0x80001238 (0x00000413) li      s0, 0
core   0: 3 0x80001238 (0x00000413) x 8 0x00000000
core   0: 0x8000123c (0x00000013) nop
core   0: 3 0x8000123c (0x00000013)
core   0: 0x80001240 (0x22d07e97) auipc   t4, 0x22d07
core   0: 3 0x80001240 (0x22d07e97) x29 0xa2d08240
core   0: 0x80001244 (0x91ac7eb7) lui     t4, 0x91ac7
core   0: 3 0x80001244 (0x91ac7eb7) x29 0x91ac7000
core   0: 0x80001248 (0xedd30117) auipc   sp, 0xedd30
core   0: 3 0x80001248 (0xedd30117) x 2 0x6dd31248
core   0: 0x8000124c (0x00e60133) add     sp, a2, a4
core   0: 3 0x8000124c (0x00e60133) x 2 0x7fffffff
core   0: 0x80001250 (0x00000013) nop
core   0: 3 0x80001250 (0x00000013)
core   0: 0x80001254 (0x09188737) lui     a4, 0x9188
core   0: 3 0x80001254 (0x09188737) x14 0x09188000
core   0: 0x80001258 (0x1f48bab7) lui     s5, 0x1f48b
core   0: 3 0x80001258 (0x1f48bab7) x21 0x1f48b000
core   0: 0x8000125c (0x40660333) sub     t1, a2, t1
core   0: 3 0x8000125c (0x40660333) x 6 0xe8cb47d3
core   0: 0x80001260 (0x86c47097) auipc   ra, 0x86c47
core   0: 3 0x80001260 (0x86c47097) x 1 0x06c48260
core   0: 0x80001264 (0x00000013) nop
core   0: 3 0x80001264 (0x00000013)
core   0: 0x80001268 (0x40910133) sub     sp, sp, s1
core   0: 3 0x80001268 (0x40910133) x 2 0x10395104
core   0: 0x8000126c (0x46060093) addi    ra, a2, 1120
core   0: 3 0x8000126c (0x46060093) x 1 0x80000460
core   0: 0x80001270 (0x00000013) nop
core   0: 3 0x80001270 (0x00000013)
core   0: 0x80001274 (0x00ee80b3) add     ra, t4, a4
core   0: 3 0x80001274 (0x00ee80b3) x 1 0x9ac4f000
core   0: 0x80001278 (0x408e8733) sub     a4, t4, s0
core   0: 3 0x80001278 (0x408e8733) x14 0x91ac7000
core   0: 0x8000127c (0xa7a79317) auipc   t1, 0xa7a79
core   0: 3 0x8000127c (0xa7a79317) x 6 0x27a7a27c
core   0: 0x80001280 (0xe9d0de97) auipc   t4, 0xe9d0d
core   0: 3 0x80001280 (0xe9d0de97) x29 0x69d0e280
core   0: 0x80001284 (0x40208133) sub     sp, ra, sp
core   0: 3 0x80001284 (0x40208133) x 2 0x8a8b9efc
core   0: 0x80001288 (0xffaefab7) lui     s5, 0xffaef
core   0: 3 0x80001288 (0xffaefab7) x21 0xffaef000
core   0: 0x8000128c (0x405e8ab3) sub     s5, t4, t0
core   0: 3 0x8000128c (0x405e8ab3) x21 0x69d0e280
core   0: 0x80001290 (0x00ee8433) add     s0, t4, a4
core   0: 3 0x80001290 (0x00ee8433) x 8 0xfb7d5280
core   0: 0x80001294 (0x006404b3) add     s1, s0, t1
core   0: 3 0x80001294 (0x006404b3) x 9 0x2324f4fc
core   0: 0x80001298 (0x40910433) sub     s0, sp, s1
core   0: 3 0x80001298 (0x40910433) x 8 0x6766aa00
core   0: 0x8000129c (0x00c600b3) add     ra, a2, a2
core   0: 3 0x8000129c (0x00c600b3) x 1 0x00000000
core   0: 0x800012a0 (0x001e8ab3) add     s5, t4, ra
core   0: 3 0x800012a0 (0x001e8ab3) x21 0x69d0e280
core   0: 0x800012a4 (0x00000013) nop
core   0: 3 0x800012a4 (0x00000013)
core   0: 0x800012a8 (0xb50a8313) addi    t1, s5, -1200
core   0: 3 0x800012a8 (0xb50a8313) x 6 0x69d0ddd0
core   0: 0x800012ac (0x77ea2537) lui     a0, 0x77ea2
core   0: 3 0x800012ac (0x77ea2537) x10 0x77ea2000
core   0: 0x800012b0 (0x00d001b3) add     gp, zero, a3
core   0: 3 0x800012b0 (0x00d001b3) x 3 0x00000610
core   0: 0x800012b4 (0x0068dc93) srli    s9, a7, 6
core   0: 3 0x800012b4 (0x0068dc93) x25 0x02000479
core   0: 0x800012b8 (0x00000013) nop
core   0: 3 0x800012b8 (0x00000013)
core   0: 0x800012bc (0x48a0b493) sltiu   s1, ra, 1162
core   0: 3 0x800012bc (0x48a0b493) x 9 0x00000001
core   0: 0x800012c0 (0x00000013) nop
core   0: 3 0x800012c0 (0x00000013)
core   0: 0x800012c4 (0x75f83b93) sltiu   s7, a6, 1887
core   0: 3 0x800012c4 (0x75f83b93) x23 0x00000001
core   0: 0x800012c8 (0x00f83ab3) sltu    s5, a6, a5
core   0: 3 0x800012c8 (0x00f83ab3) x21 0x00000000
core   0: 0x800012cc (0x002fd633) srl     a2, t6, sp
core   0: 3 0x800012cc (0x002fd633) x12 0x0000000b
core   0: 0x800012d0 (0x01bf9c33) sll     s8, t6, s11
core   0: 3 0x800012d0 (0x01bf9c33) x24 0xbb56ebc4
core   0: 0x800012d4 (0x41ff57b3) sra     a5, t5, t6
core   0: 3 0x800012d4 (0x41ff57b3) x15 0x0600002e
core   0: 0x800012d8 (0x77dbb4b7) lui     s1, 0x77dbb
core   0: 3 0x800012d8 (0x77dbb4b7) x 9 0x77dbb000
core   0: 0x800012dc (0xe8064313) xori    t1, a2, -384
core   0: 3 0x800012dc (0xe8064313) x 6 0xfffffe8b
core   0: 0x800012e0 (0x40de5313) srai    t1, t3, 13
core   0: 3 0x800012e0 (0x40de5313) x 6 0x00037f94
core   0: 0x800012e4 (0x9a7a64b7) lui     s1, 0x9a7a6
core   0: 3 0x800012e4 (0x9a7a64b7) x 9 0x9a7a6000
core   0: 0x800012e8 (0x406e0533) sub     a0, t3, t1
core   0: 3 0x800012e8 (0x406e0533) x10 0x6fef106c
core   0: 0x800012ec (0x41b35513) srai    a0, t1, 27
core   0: 3 0x800012ec (0x41b35513) x10 0x00000000
core   0: 0x800012f0 (0x009e37b3) sltu    a5, t3, s1
core   0: 3 0x800012f0 (0x009e37b3) x15 0x00000001
core   0: 0x800012f4 (0x010e7fb3) and     t6, t3, a6
core   0: 3 0x800012f4 (0x010e7fb3) x31 0x00000000
core   0: 0x800012f8 (0x800000b7) lui     ra, 0x80000
core   0: 3 0x800012f8 (0x800000b7) x 1 0x80000000
core   0: 0x800012fc (0x80000bb7) lui     s7, 0x80000
core   0: 3 0x800012fc (0x80000bb7) x23 0x80000000
core   0: 0x80001300 (0x00000e13) li      t3, 0
core   0: 3 0x80001300 (0x00000e13) x28 0x00000000
core   0: 0x80001304 (0xc18ba1b7) lui     gp, 0xc18ba
core   0: 3 0x80001304 (0xc18ba1b7) x 3 0xc18ba000
core   0: 0x80001308 (0x79618193) addi    gp, gp, 1942
core   0: 3 0x80001308 (0x79618193) x 3 0xc18ba796
core   0: 0x8000130c (0xfff00113) li      sp, -1
core   0: 3 0x8000130c (0xfff00113) x 2 0xffffffff
core   0: 0x80001310 (0x80000a37) lui     s4, 0x80000
core   0: 3 0x80001310 (0x80000a37) x20 0x80000000
core   0: 0x80001314 (0x80000fb7) lui     t6, 0x80000
core   0: 3 0x80001314 (0x80000fb7) x31 0x80000000
core   0: 0x80001318 (0x00000693) li      a3, 0
core   0: 3 0x80001318 (0x00000693) x13 0x00000000
core   0: 0x8000131c (0xa5fc9737) lui     a4, 0xa5fc9
core   0: 3 0x8000131c (0xa5fc9737) x14 0xa5fc9000
core   0: 0x80001320 (0x97370713) addi    a4, a4, -1677
core   0: 3 0x80001320 (0x97370713) x14 0xa5fc8973
core   0: 0x80001324 (0x00000313) li      t1, 0
core   0: 3 0x80001324 (0x00000313) x 6 0x00000000
core   0: 0x80001328 (0x40d08e33) sub     t3, ra, a3
core   0: 3 0x80001328 (0x40d08e33) x28 0x80000000
core   0: 0x8000132c (0x01f680b3) add     ra, a3, t6
core   0: 3 0x8000132c (0x01f680b3) x 1 0x80000000
core   0: 0x80001330 (0xa5346697) auipc   a3, 0xa5346
core   0: 3 0x80001330 (0xa5346697) x13 0x25347330
core   0: 0x80001334 (0x40630fb3) sub     t6, t1, t1
core   0: 3 0x80001334 (0x40630fb3) x31 0x00000000
core   0: 0x80001338 (0x383e4737) lui     a4, 0x383e4
core   0: 3 0x80001338 (0x383e4737) x14 0x383e4000
core   0: 0x8000133c (0x8a7b9197) auipc   gp, 0x8a7b9
core   0: 3 0x8000133c (0x8a7b9197) x 3 0x0a7ba33c
core   0: 0x80001340 (0x017e0133) add     sp, t3, s7
core   0: 3 0x80001340 (0x017e0133) x 2 0x00000000
core   0: 0x80001344 (0x402b8a33) sub     s4, s7, sp
core   0: 3 0x80001344 (0x402b8a33) x20 0x80000000
core   0: 0x80001348 (0x001e0a33) add     s4, t3, ra
core   0: 3 0x80001348 (0x001e0a33) x20 0x00000000
core   0: 0x8000134c (0x402e0133) sub     sp, t3, sp
core   0: 3 0x8000134c (0x402e0133) x 2 0x80000000
core   0: 0x80001350 (0x00000013) nop
core   0: 3 0x80001350 (0x00000013)
core   0: 0x80001354 (0x066e0693) addi    a3, t3, 102
core   0: 3 0x80001354 (0x066e0693) x13 0x80000066
core   0: 0x80001358 (0x00eb8fb3) add     t6, s7, a4
core   0: 3 0x80001358 (0x00eb8fb3) x31 0xb83e4000
core   0: 0x8000135c (0x414186b3) sub     a3, gp, s4
core   0: 3 0x8000135c (0x414186b3) x13 0x0a7ba33c
core   0: 0x80001360 (0x27930693) addi    a3, t1, 633
core   0: 3 0x80001360 (0x27930693) x13 0x00000279
core   0: 0x80001364 (0x00000013) nop
core   0: 3 0x80001364 (0x00000013)
core   0: 0x80001368 (0x46af8b93) addi    s7, t6, 1130
core   0: 3 0x80001368 (0x46af8b93) x23 0xb83e446a
core   0: 0x8000136c (0x1ff9abb7) lui     s7, 0x1ff9a
core   0: 3 0x8000136c (0x1ff9abb7) x23 0x1ff9a000
core   0: 0x80001370 (0xaa4cc337) lui     t1, 0xaa4cc
core   0: 3 0x80001370 (0xaa4cc337) x 6 0xaa4cc000
core   0: 0x80001374 (0x41ca0a33) sub     s4, s4, t3
core   0: 3 0x80001374 (0x41ca0a33) x20 0x80000000
core   0: 0x80001378 (0xd74b8117) auipc   sp, 0xd74b8
core   0: 3 0x80001378 (0xd74b8117) x 2 0x574b9378
core   0: 0x8000137c (0x7bf13b97) auipc   s7, 0x7bf13
core   0: 3 0x8000137c (0x7bf13b97) x23 0xfbf1437c
core   0: 0x80001380 (0x01418e33) add     t3, gp, s4
core   0: 3 0x80001380 (0x01418e33) x28 0x8a7ba33c
core   0: 0x80001384 (0x417f8bb3) sub     s7, t6, s7
core   0: 3 0x80001384 (0x417f8bb3) x23 0xbc4cfc84
core   0: 0x80001388 (0xc7d12e37) lui     t3, 0xc7d12
core   0: 3 0x80001388 (0xc7d12e37) x28 0xc7d12000
core   0: 0x8000138c (0x25162993) slti    s3, a2, 593
core   0: 3 0x8000138c (0x25162993) x19 0x00000001
core   0: 0x80001390 (0xdbd27193) andi    gp, tp, -579
core   0: 3 0x80001390 (0xdbd27193) x 3 0x80011d84
core   0: 0x80001394 (0x013304b3) add     s1, t1, s3
core   0: 3 0x80001394 (0x013304b3) x 9 0xaa4cc001
core   0: 0x80001398 (0x5268b113) sltiu   sp, a7, 1318
core   0: 3 0x80001398 (0x5268b113) x 2 0x00000000
core   0: 0x8000139c (0x017cd993) srli    s3, s9, 23
core   0: 3 0x8000139c (0x017cd993) x19 0x00000004
core   0: 0x800013a0 (0xfe6cc293) xori    t0, s9, -26
core   0: 3 0x800013a0 (0xfe6cc293) x 5 0xfdfffb9f
core   0: 0x800013a4 (0xa8c3ef13) ori     t5, t2, -1396
core   0: 3 0x800013a4 (0xa8c3ef13) x30 0xfffffeec
core   0: 0x800013a8 (0xaccaa213) slti    tp, s5, -1332
core   0: 3 0x800013a8 (0xaccaa213) x 4 0x00000000
core   0: 0x800013ac (0x01dcd993) srli    s3, s9, 29
core   0: 3 0x800013ac (0x01dcd993) x19 0x00000000
core   0: 0x800013b0 (0x00986fb3) or      t6, a6, s1
core   0: 3 0x800013b0 (0x00986fb3) x31 0xaa4cc5c1
core   0: 0x800013b4 (0xeb0c4b93) xori    s7, s8, -336
core   0: 3 0x800013b4 (0xeb0c4b93) x23 0x44a91574
core   0: 0x800013b8 (0xb469a313) slti    t1, s3, -1210
core   0: 3 0x800013b8 (0xb469a313) x 6 0x00000000
core   0: 0x800013bc (0x2886fa13) andi    s4, a3, 648
core   0: 3 0x800013bc (0x2886fa13) x20 0x00000208
core   0: 0x800013c0 (0x005a5a13) srli    s4, s4, 5
core   0: 3 0x800013c0 (0x005a5a13) x20 0x00000010
core   0: 0x800013c4 (0xfbc27d93) andi    s11, tp, -68
core   0: 3 0x800013c4 (0xfbc27d93) x27 0x00000000
core   0: 0x800013c8 (0x4066dbb3) sra     s7, a3, t1
core   0: 3 0x800013c8 (0x4066dbb3) x23 0x00000279
core   0: 0x800013cc (0x0092b933) sltu    s2, t0, s1
core   0: 3 0x800013cc (0x0092b933) x18 0x00000000
core   0: 0x800013d0 (0x00000013) nop
core   0: 3 0x800013d0 (0x00000013)
core   0: 0x800013d4 (0x015554b3) srl     s1, a0, s5
core   0: 3 0x800013d4 (0x015554b3) x 9 0x00000000
core   0: 0x800013d8 (0x010e2a33) slt     s4, t3, a6
core   0: 3 0x800013d8 (0x010e2a33) x20 0x00000001
core   0: 0x800013dc (0x41a356b3) sra     a3, t1, s10
core   0: 3 0x800013dc (0x41a356b3) x13 0x00000000
core   0: 0x800013e0 (0x9c216337) lui     t1, 0x9c216
core   0: 3 0x800013e0 (0x9c216337) x 6 0x9c216000
core   0: 0x800013e4 (0xaa06a1b7) lui     gp, 0xaa06a
core   0: 3 0x800013e4 (0xaa06a1b7) x 3 0xaa06a000
core   0: 0x800013e8 (0x0135a0b3) slt     ra, a1, s3
core   0: 3 0x800013e8 (0x0135a0b3) x 1 0x00000000
core   0: 0x800013ec (0x40ebd593) srai    a1, s7, 14
core   0: 3 0x800013ec (0x40ebd593) x11 0x00000000
core   0: 0x800013f0 (0x00b62d33) slt     s10, a2, a1
core   0: 3 0x800013f0 (0x00b62d33) x26 0x00000000
core   0: 0x800013f4 (0x7e43b793) sltiu   a5, t2, 2020
core   0: 3 0x800013f4 (0x7e43b793) x15 0x00000000
core   0: 0x800013f8 (0xea4addb7) lui     s11, 0xea4ad
core   0: 3 0x800013f8 (0xea4addb7) x27 0xea4ad000
core   0: 0x800013fc (0x00000013) nop
core   0: 3 0x800013fc (0x00000013)
core   0: 0x80001400 (0x5f96ba97) auipc   s5, 0x5f96b
core   0: 3 0x80001400 (0x5f96ba97) x21 0xdf96c400
core   0: 0x80001404 (0xa5cec793) xori    a5, t4, -1444
core   0: 3 0x80001404 (0xa5cec793) x15 0x962f18dc
core   0: 0x80001408 (0x41925493) srai    s1, tp, 25
core   0: 3 0x80001408 (0x41925493) x 9 0x00000000
core   0: 0x8000140c (0x8a852117) auipc   sp, 0x8a852
core   0: 3 0x8000140c (0x8a852117) x 2 0x0a85340c
core   0: 0x80001410 (0x0082c1b3) xor     gp, t0, s0
core   0: 3 0x80001410 (0x0082c1b3) x 3 0x9a99519f
core   0: 0x80001414 (0x8f872313) slti    t1, a4, -1800
core   0: 3 0x80001414 (0x8f872313) x 6 0x00000000
core   0: 0x80001418 (0x01ff30b3) sltu    ra, t5, t6
core   0: 3 0x80001418 (0x01ff30b3) x 1 0x00000000
core   0: 0x8000141c (0x005f1613) slli    a2, t5, 5
core   0: 3 0x8000141c (0x005f1613) x12 0xffffdd80
core   0: 0x80001420 (0x408edf33) sra     t5, t4, s0
core   0: 3 0x80001420 (0x408edf33) x30 0x69d0e280
core   0: 0x80001424 (0x01013933) sltu    s2, sp, a6
core   0: 3 0x80001424 (0x01013933) x18 0x00000000
core   0: 0x80001428 (0x01b32333) slt     t1, t1, s11
core   0: 3 0x80001428 (0x01b32333) x 6 0x00000000
core   0: 0x8000142c (0x40f909b3) sub     s3, s2, a5
core   0: 3 0x8000142c (0x40f909b3) x19 0x69d0e724
core   0: 0x80001430 (0x000d9493) slli    s1, s11, 0
core   0: 3 0x80001430 (0x000d9493) x 9 0xea4ad000
core   0: 0x80001434 (0x0018abb3) slt     s7, a7, ra
core   0: 3 0x80001434 (0x0018abb3) x23 0x00000001
core   0: 0x80001438 (0x01a22e33) slt     t3, tp, s10
core   0: 3 0x80001438 (0x01a22e33) x28 0x00000000
core   0: 0x8000143c (0x00b24bb3) xor     s7, tp, a1
core   0: 3 0x8000143c (0x00b24bb3) x23 0x00000000
core   0: 0x80001440 (0x0122a4b3) slt     s1, t0, s2
core   0: 3 0x80001440 (0x0122a4b3) x 9 0x00000001
core   0: 0x80001444 (0x41750fb3) sub     t6, a0, s7
core   0: 3 0x80001444 (0x41750fb3) x31 0x00000000
core   0: 0x80001448 (0x01673433) sltu    s0, a4, s6
core   0: 3 0x80001448 (0x01673433) x 8 0x00000001
core   0: 0x8000144c (0xecb9f113) andi    sp, s3, -309
core   0: 3 0x8000144c (0xecb9f113) x 2 0x69d0e600
core   0: 0x80001450 (0xc99e5817) auipc   a6, 0xc99e5
core   0: 3 0x80001450 (0xc99e5817) x16 0x499e6450
core   0: 0x80001454 (0x6af60697) auipc   a3, 0x6af60
core   0: 3 0x80001454 (0x6af60697) x13 0xeaf61454
core   0: 0x80001458 (0x00462333) slt     t1, a2, tp
core   0: 3 0x80001458 (0x00462333) x 6 0x00000001
core   0: 0x8000145c (0x0049af33) slt     t5, s3, tp
core   0: 3 0x8000145c (0x0049af33) x30 0x00000000
core   0: 0x80001460 (0x004c2333) slt     t1, s8, tp
core   0: 3 0x80001460 (0x004c2333) x 6 0x00000001
core   0: 0x80001464 (0x01535cb3) srl     s9, t1, s5
core   0: 3 0x80001464 (0x01535cb3) x25 0x00000001
core   0: 0x80001468 (0x00000013) nop
core   0: 3 0x80001468 (0x00000013)
core   0: 0x8000146c (0x00d3f033) and     zero, t2, a3
core   0: 3 0x8000146c (0x00d3f033)
core   0: 0x80001470 (0x9d86c1b7) lui     gp, 0x9d86c
core   0: 3 0x80001470 (0x9d86c1b7) x 3 0x9d86c000
core   0: 0x80001474 (0x005101b3) add     gp, sp, t0
core   0: 3 0x80001474 (0x005101b3) x 3 0x67d0e19f
core   0: 0x80001478 (0x18ebb913) sltiu   s2, s7, 398
core   0: 3 0x80001478 (0x18ebb913) x18 0x00000001
core   0: 0x8000147c (0xf6f1fd13) andi    s10, gp, -145
core   0: 3 0x8000147c (0xf6f1fd13) x26 0x67d0e10f
core   0: 0x80001480 (0x41308ab3) sub     s5, ra, s3
core   0: 3 0x80001480 (0x41308ab3) x21 0x962f18dc
core   0: 0x80001484 (0x06c8ba37) lui     s4, 0x6c8b
core   0: 3 0x80001484 (0x06c8ba37) x20 0x06c8b000
core   0: 0x80001488 (0xf1e92437) lui     s0, 0xf1e92
core   0: 3 0x80001488 (0xf1e92437) x 8 0xf1e92000
core   0: 0x8000148c (0x01c49033) sll     zero, s1, t3
core   0: 3 0x8000148c (0x01c49033)
core   0: 0x80001490 (0x405b5713) srai    a4, s6, 5
core   0: 3 0x80001490 (0x405b5713) x14 0xff441cb7
core   0: 0x80001494 (0x43b039b7) lui     s3, 0x43b03
core   0: 3 0x80001494 (0x43b039b7) x19 0x43b03000
core   0: 0x80001498 (0xe1f60813) addi    a6, a2, -481
core   0: 3 0x80001498 (0xe1f60813) x16 0xffffdb9f
core   0: 0x8000149c (0x6bdcf793) andi    a5, s9, 1725
core   0: 3 0x8000149c (0x6bdcf793) x15 0x00000001
core   0: 0x800014a0 (0x0047d313) srli    t1, a5, 4
core   0: 3 0x800014a0 (0x0047d313) x 6 0x00000000
core   0: 0x800014a4 (0x01fc8133) add     sp, s9, t6
core   0: 3 0x800014a4 (0x01fc8133) x 2 0x00000001
core   0: 0x800014a8 (0x013b1993) slli    s3, s6, 19
core   0: 3 0x800014a8 (0x013b1993) x19 0xb7080000
core   0: 0x800014ac (0x8a344117) auipc   sp, 0x8a344
core   0: 3 0x800014ac (0x8a344117) x 2 0x0a3454ac
core   0: 0x800014b0 (0x01c3e9b3) or      s3, t2, t3
core   0: 3 0x800014b0 (0x01c3e9b3) x19 0x80015ce4
core   0: 0x800014b4 (0xbf7be793) ori     a5, s7, -1033
core   0: 3 0x800014b4 (0xbf7be793) x15 0xfffffbf7
core   0: 0x800014b8 (0x406dde13) srai    t3, s11, 6
core   0: 3 0x800014b8 (0x406dde13) x28 0xffa92b40
core   0: 0x800014bc (0x00000013) nop
core   0: 3 0x800014bc (0x00000013)
core   0: 0x800014c0 (0x51aa6593) ori     a1, s4, 1306
core   0: 3 0x800014c0 (0x51aa6593) x11 0x06c8b51a
core   0: 0x800014c4 (0xb9c58513) addi    a0, a1, -1124
core   0: 3 0x800014c4 (0xb9c58513) x10 0x06c8b0b6
core   0: 0x800014c8 (0x27f9c413) xori    s0, s3, 639
core   0: 3 0x800014c8 (0x27f9c413) x 8 0x80015e9b
core   0: 0x800014cc (0x01cf2633) slt     a2, t5, t3
core   0: 3 0x800014cc (0x01cf2633) x12 0x00000000
core   0: 0x800014d0 (0x85dca913) slti    s2, s9, -1955
core   0: 3 0x800014d0 (0x85dca913) x18 0x00000000
core   0: 0x800014d4 (0x80b2b713) sltiu   a4, t0, -2037
core   0: 3 0x800014d4 (0x80b2b713) x14 0x00000001
core   0: 0x800014d8 (0x8a5f3f93) sltiu   t6, t5, -1883
core   0: 3 0x800014d8 (0x8a5f3f93) x31 0x00000001
core   0: 0x800014dc (0x1655e713) ori     a4, a1, 357
core   0: 3 0x800014dc (0x1655e713) x14 0x06c8b57f
core   0: 0x800014e0 (0x4490cf17) auipc   t5, 0x4490c
core   0: 3 0x800014e0 (0x4490cf17) x30 0xc490d4e0
core   0: 0x800014e4 (0xa1b5ff13) andi    t5, a1, -1509
core   0: 3 0x800014e4 (0xa1b5ff13) x30 0x06c8b01a
core   0: 0x800014e8 (0x00e1d313) srli    t1, gp, 14
core   0: 3 0x800014e8 (0x00e1d313) x 6 0x00019f43
core   0: 0x800014ec (0x01fa8233) add     tp, s5, t6
core   0: 3 0x800014ec (0x01fa8233) x 4 0x962f18dd
core   0: 0x800014f0 (0xb4063493) sltiu   s1, a2, -1216
core   0: 3 0x800014f0 (0xb4063493) x 9 0x00000001
core   0: 0x800014f4 (0x011f76b7) lui     a3, 0x11f7
core   0: 3 0x800014f4 (0x011f76b7) x13 0x011f7000
core   0: 0x800014f8 (0x00e680b3) add     ra, a3, a4
core   0: 3 0x800014f8 (0x00e680b3) x 1 0x07e8257f
core   0: 0x800014fc (0x0d3cba93) sltiu   s5, s9, 211
core   0: 3 0x800014fc (0x0d3cba93) x21 0x00000001
core   0: 0x80001500 (0xa04cc793) xori    a5, s9, -1532
core   0: 3 0x80001500 (0xa04cc793) x15 0xfffffa05
core   0: 0x80001504 (0x01932633) slt     a2, t1, s9
core   0: 3 0x80001504 (0x01932633) x12 0x00000000
core   0: 0x80001508 (0x4164d733) sra     a4, s1, s6
core   0: 3 0x80001508 (0x4164d733) x14 0x00000000
core   0: 0x8000150c (0xcef00a13) li      s4, -785
core   0: 3 0x8000150c (0xcef00a13) x20 0xfffffcef
core   0: 0x80001510 (0x9ee3bc13) sltiu   s8, t2, -1554
core   0: 3 0x80001510 (0x9ee3bc13) x24 0x00000001
core   0: 0x80001514 (0x78e47c13) andi    s8, s0, 1934
core   0: 3 0x80001514 (0x78e47c13) x24 0x0000068a
core   0: 0x80001518 (0x009070b3) and     ra, zero, s1
core   0: 3 0x80001518 (0x009070b3) x 1 0x00000000
core   0: 0x8000151c (0x01ee3ab3) sltu    s5, t3, t5
core   0: 3 0x8000151c (0x01ee3ab3) x21 0x00000000
core   0: 0x80001520 (0x009979b3) and     s3, s2, s1
core   0: 3 0x80001520 (0x009979b3) x19 0x00000000
core   0: 0x80001524 (0x5edc7d97) auipc   s11, 0x5edc7
core   0: 3 0x80001524 (0x5edc7d97) x27 0xdedc8524
core   0: 0x80001528 (0x00c01213) slli    tp, zero, 12
core   0: 3 0x80001528 (0x00c01213) x 4 0x00000000
core   0: 0x8000152c (0x01fbc0b3) xor     ra, s7, t6
core   0: 3 0x8000152c (0x01fbc0b3) x 1 0x00000001
core   0: 0x80001530 (0x00f92bb3) slt     s7, s2, a5
core   0: 3 0x80001530 (0x00f92bb3) x23 0x00000000
core   0: 0x80001534 (0x1f619a97) auipc   s5, 0x1f619
core   0: 3 0x80001534 (0x1f619a97) x21 0x9f61a534
core   0: 0x80001538 (0x19da4e93) xori    t4, s4, 413
core   0: 3 0x80001538 (0x19da4e93) x29 0xfffffd72
core   0: 0x8000153c (0x004bf7b3) and     a5, s7, tp
core   0: 3 0x8000153c (0x004bf7b3) x15 0x00000000
core   0: 0x80001540 (0xa9472a93) slti    s5, a4, -1388
core   0: 3 0x80001540 (0xa9472a93) x21 0x00000000
core   0: 0x80001544 (0x013c1193) slli    gp, s8, 19
core   0: 3 0x80001544 (0x013c1193) x 3 0x34500000
core   0: 0x80001548 (0x004a9913) slli    s2, s5, 4
core   0: 3 0x80001548 (0x004a9913) x18 0x00000000
core   0: 0x8000154c (0xcd84df17) auipc   t5, 0xcd84d
core   0: 3 0x8000154c (0xcd84df17) x30 0x4d84e54c
core   0: 0x80001550 (0x011626b3) slt     a3, a2, a7
core   0: 3 0x80001550 (0x011626b3) x13 0x00000000
core   0: 0x80001554 (0x00d112b3) sll     t0, sp, a3
core   0: 3 0x80001554 (0x00d112b3) x 5 0x0a3454ac
core   0: 0x80001558 (0xa66ac593) xori    a1, s5, -1434
core   0: 3 0x80001558 (0xa66ac593) x11 0xfffffa66
core   0: 0x8000155c (0xfca72837) lui     a6, 0xfca72
core   0: 3 0x8000155c (0xfca72837) x16 0xfca72000
core   0: 0x80001560 (0x00d10633) add     a2, sp, a3
core   0: 3 0x80001560 (0x00d10633) x12 0x0a3454ac
core   0: 0x80001564 (0x01015313) srli    t1, sp, 16
core   0: 3 0x80001564 (0x01015313) x 6 0x00000a34
core   0: 0x80001568 (0x0072f833) and     a6, t0, t2
core   0: 3 0x80001568 (0x0072f833) x16 0x000054a4
core   0: 0x8000156c (0x00000013) nop
core   0: 3 0x8000156c (0x00000013)
core   0: 0x80001570 (0x01f17a33) and     s4, sp, t6
core   0: 3 0x80001570 (0x01f17a33) x20 0x00000000
core   0: 0x80001574 (0xae3d2813) slti    a6, s10, -1309
core   0: 3 0x80001574 (0xae3d2813) x16 0x00000000
core   0: 0x80001578 (0x016a8cb3) add     s9, s5, s6
core   0: 3 0x80001578 (0x016a8cb3) x25 0xe88396e1
core   0: 0x8000157c (0x01be9eb3) sll     t4, t4, s11
core   0: 3 0x8000157c (0x01be9eb3) x29 0xffffd720
core   0: 0x80001580 (0x4e4c6a13) ori     s4, s8, 1252
core   0: 3 0x80001580 (0x4e4c6a13) x20 0x000006ee
core   0: 0x80001584 (0x40f850b3) sra     ra, a6, a5
core   0: 3 0x80001584 (0x40f850b3) x 1 0x00000000
core   0: 0x80001588 (0xa68be913) ori     s2, s7, -1432
core   0: 3 0x80001588 (0xa68be913) x18 0xfffffa68
core   0: 0x8000158c (0x00030bb3) add     s7, t1, zero
core   0: 3 0x8000158c (0x00030bb3) x23 0x00000a34
core   0: 0x80001590 (0x17673c17) auipc   s8, 0x17673
core   0: 3 0x80001590 (0x17673c17) x24 0x97674590
core   0: 0x80001594 (0x00539013) slli    zero, t2, 5
core   0: 3 0x80001594 (0x00539013)
core   0: 0x80001598 (0x01214db3) xor     s11, sp, s2
core   0: 3 0x80001598 (0x01214db3) x27 0xf5cbaec4
core   0: 0x8000159c (0x00fa05b3) add     a1, s4, a5
core   0: 3 0x8000159c (0x00fa05b3) x11 0x000006ee
core   0: 0x800015a0 (0x00dde733) or      a4, s11, a3
core   0: 3 0x800015a0 (0x00dde733) x14 0xf5cbaec4
core   0: 0x800015a4 (0x3b15c993) xori    s3, a1, 945
core   0: 3 0x800015a4 (0x3b15c993) x19 0x0000055f
core   0: 0x800015a8 (0x006f9913) slli    s2, t6, 6
core   0: 3 0x800015a8 (0x006f9913) x18 0x00000040
core   0: 0x800015ac (0x00abd133) srl     sp, s7, a0
core   0: 3 0x800015ac (0x00abd133) x 2 0x00000000
core   0: 0x800015b0 (0x0078ddb3) srl     s11, a7, t2
core   0: 3 0x800015b0 (0x0078ddb3) x27 0x080011e6
core   0: 0x800015b4 (0xb2cc6a93) ori     s5, s8, -1236
core   0: 3 0x800015b4 (0xb2cc6a93) x21 0xffffffbc
core   0: 0x800015b8 (0x30a6b513) sltiu   a0, a3, 778
core   0: 3 0x800015b8 (0x30a6b513) x10 0x00000001
core   0: 0x800015bc (0x00fb1913) slli    s2, s6, 15
core   0: 3 0x800015bc (0x00fb1913) x18 0xcb708000
core   0: 0x800015c0 (0xe5fe0093) addi    ra, t3, -417
core   0: 3 0x800015c0 (0xe5fe0093) x 1 0xffa9299f
core   0: 0x800015c4 (0x018b77b3) and     a5, s6, s8
core   0: 3 0x800015c4 (0x018b77b3) x15 0x80030480
core   0: 0x800015c8 (0x00581f93) slli    t6, a6, 5
core   0: 3 0x800015c8 (0x00581f93) x31 0x00000000
core   0: 0x800015cc (0x40c50cb3) sub     s9, a0, a2
core   0: 3 0x800015cc (0x40c50cb3) x25 0xf5cbab55
core   0: 0x800015d0 (0x4e953a13) sltiu   s4, a0, 1257
core   0: 3 0x800015d0 (0x4e953a13) x20 0x00000001
core   0: 0x800015d4 (0x33b74413) xori    s0, a4, 827
core   0: 3 0x800015d4 (0x33b74413) x 8 0xf5cbadff
core   0: 0x800015d8 (0x4cbdaa93) slti    s5, s11, 1227
core   0: 3 0x800015d8 (0x4cbdaa93) x21 0x00000000
core   0: 0x800015dc (0x40fc52b3) sra     t0, s8, a5
core   0: 3 0x800015dc (0x40fc52b3) x 5 0x97674590
core   0: 0x800015e0 (0x407989b3) sub     s3, s3, t2
core   0: 3 0x800015e0 (0x407989b3) x19 0x7ffea87b
core   0: 0x800015e4 (0x64aa9037) lui     zero, 0x64aa9
core   0: 3 0x800015e4 (0x64aa9037)
core   0: 0x800015e8 (0x0143dd93) srli    s11, t2, 20
core   0: 3 0x800015e8 (0x0143dd93) x27 0x00000800
core   0: 0x800015ec (0x66883637) lui     a2, 0x66883
core   0: 3 0x800015ec (0x66883637) x12 0x66883000
core   0: 0x800015f0 (0x002365b3) or      a1, t1, sp
core   0: 3 0x800015f0 (0x002365b3) x11 0x00000a34
core   0: 0x800015f4 (0x01db50b3) srl     ra, s6, t4
core   0: 3 0x800015f4 (0x01db50b3) x 1 0xe88396e1
core   0: 0x800015f8 (0x00b85713) srli    a4, a6, 11
core   0: 3 0x800015f8 (0x00b85713) x14 0x00000000
core   0: 0x800015fc (0x0015d093) srli    ra, a1, 1
core   0: 3 0x800015fc (0x0015d093) x 1 0x0000051a
core   0: 0x80001600 (0x4af8e993) ori     s3, a7, 1199
core   0: 3 0x80001600 (0x4af8e993) x19 0x80011eef
core   0: 0x80001604 (0x00711413) slli    s0, sp, 7
core   0: 3 0x80001604 (0x00711413) x 8 0x00000000
core   0: 0x80001608 (0x03446713) ori     a4, s0, 52
core   0: 3 0x80001608 (0x03446713) x14 0x00000034
core   0: 0x8000160c (0x87087713) andi    a4, a6, -1936
core   0: 3 0x8000160c (0x87087713) x14 0x00000000
core   0: 0x80001610 (0x0148de13) srli    t3, a7, 20
core   0: 3 0x80001610 (0x0148de13) x28 0x00000800
core   0: 0x80001614 (0x01ed65b3) or      a1, s10, t5
core   0: 3 0x80001614 (0x01ed65b3) x11 0x6fd4e54f
core   0: 0x80001618 (0x90f27d93) andi    s11, tp, -1777
core   0: 3 0x80001618 (0x90f27d93) x27 0x00000000
core   0: 0x8000161c (0x00bf41b3) xor     gp, t5, a1
core   0: 3 0x8000161c (0x00bf41b3) x 3 0x22500003
core   0: 0x80001620 (0xc7e32013) slti    zero, t1, -898
core   0: 3 0x80001620 (0xc7e32013)
core   0: 0x80001624 (0x29f28f93) addi    t6, t0, 671
core   0: 3 0x80001624 (0x29f28f93) x31 0x9767482f
core   0: 0x80001628 (0x0059dbb3) srl     s7, s3, t0
core   0: 3 0x80001628 (0x0059dbb3) x23 0x00008001
core   0: 0x8000162c (0x01e91993) slli    s3, s2, 30
core   0: 3 0x8000162c (0x01e91993) x19 0x00000000
core   0: 0x80001630 (0x0109d293) srli    t0, s3, 16
core   0: 3 0x80001630 (0x0109d293) x 5 0x00000000
core   0: 0x80001634 (0x7cb3fa13) andi    s4, t2, 1995
core   0: 3 0x80001634 (0x7cb3fa13) x20 0x000004c0
core   0: 0x80001638 (0x00ea9bb3) sll     s7, s5, a4
core   0: 3 0x80001638 (0x00ea9bb3) x23 0x00000000
core   0: 0x8000163c (0x7e197713) andi    a4, s2, 2017
core   0: 3 0x8000163c (0x7e197713) x14 0x00000000
core   0: 0x80001640 (0x40b5d693) srai    a3, a1, 11
core   0: 3 0x80001640 (0x40b5d693) x13 0x000dfa9c
core   0: 0x80001644 (0x4607c937) lui     s2, 0x4607c
core   0: 3 0x80001644 (0x4607c937) x18 0x4607c000
core   0: 0x80001648 (0x01af2cb3) slt     s9, t5, s10
core   0: 3 0x80001648 (0x01af2cb3) x25 0x00000001
core   0: 0x8000164c (0x00fcbbb3) sltu    s7, s9, a5
core   0: 3 0x8000164c (0x00fcbbb3) x23 0x00000001
core   0: 0x80001650 (0x01d5de93) srli    t4, a1, 29
core   0: 3 0x80001650 (0x01d5de93) x29 0x00000003
core   0: 0x80001654 (0x59823213) sltiu   tp, tp, 1432
core   0: 3 0x80001654 (0x59823213) x 4 0x00000001
core   0: 0x80001658 (0x83a96037) lui     zero, 0x83a96
core   0: 3 0x80001658 (0x83a96037)
core   0: 0x8000165c (0x01cd54b3) srl     s1, s10, t3
core   0: 3 0x8000165c (0x01cd54b3) x 9 0x67d0e10f
core   0: 0x80001660 (0x01e70c33) add     s8, a4, t5
core   0: 3 0x80001660 (0x01e70c33) x24 0x4d84e54c
core   0: 0x80001664 (0xe8614e93) xori    t4, sp, -378
core   0: 3 0x80001664 (0xe8614e93) x29 0xfffffe86
core   0: 0x80001668 (0xb295c513) xori    a0, a1, -1239
core   0: 3 0x80001668 (0xb295c513) x10 0x902b1e66
core   0: 0x8000166c (0x00000013) nop
core   0: 3 0x8000166c (0x00000013)
core   0: 0x80001670 (0x414180b3) sub     ra, gp, s4
core   0: 3 0x80001670 (0x414180b3) x 1 0x224ffb43
core   0: 0x80001674 (0x0013ddb3) srl     s11, t2, ra
core   0: 3 0x80001674 (0x0013ddb3) x27 0x10002b9c
core   0: 0x80001678 (0x0149e0b3) or      ra, s3, s4
core   0: 3 0x80001678 (0x0149e0b3) x 1 0x000004c0
core   0: 0x8000167c (0x02df50b7) lui     ra, 0x2df5
core   0: 3 0x8000167c (0x02df50b7) x 1 0x02df5000
core   0: 0x80001680 (0x00336e33) or      t3, t1, gp
core   0: 3 0x80001680 (0x00336e33) x28 0x22500a37
core   0: 0x80001684 (0x019a3e33) sltu    t3, s4, s9
core   0: 3 0x80001684 (0x019a3e33) x28 0x00000000
core   0: 0x80001688 (0x00d41db3) sll     s11, s0, a3
core   0: 3 0x80001688 (0x00d41db3) x27 0x00000000
core   0: 0x8000168c (0x1b1c4e13) xori    t3, s8, 433
core   0: 3 0x8000168c (0x1b1c4e13) x28 0x4d84e4fd
core   0: 0x80001690 (0x0071a0b3) slt     ra, gp, t2
core   0: 3 0x80001690 (0x0071a0b3) x 1 0x00000000
core   0: 0x80001694 (0x006b07b3) add     a5, s6, t1
core   0: 3 0x80001694 (0x006b07b3) x15 0xe883a115
core   0: 0x80001698 (0x00e05593) srli    a1, zero, 14
core   0: 3 0x80001698 (0x00e05593) x11 0x00000000
core   0: 0x8000169c (0x01cf2233) slt     tp, t5, t3
core   0: 3 0x8000169c (0x01cf2233) x 4 0x00000000
core   0: 0x800016a0 (0x00000013) nop
core   0: 3 0x800016a0 (0x00000013)
core   0: 0x800016a4 (0x14797c93) andi    s9, s2, 327
core   0: 3 0x800016a4 (0x14797c93) x25 0x00000000
core   0: 0x800016a8 (0x410d5693) srai    a3, s10, 16
core   0: 3 0x800016a8 (0x410d5693) x13 0x000067d0
core   0: 0x800016ac (0x40f75f13) srai    t5, a4, 15
core   0: 3 0x800016ac (0x40f75f13) x30 0x00000000
core   0: 0x800016b0 (0x01514433) xor     s0, sp, s5
core   0: 3 0x800016b0 (0x01514433) x 8 0x00000000
core   0: 0x800016b4 (0x4beab617) auipc   a2, 0x4beab
core   0: 3 0x800016b4 (0x4beab617) x12 0xcbeac6b4
core   0: 0x800016b8 (0x0041ce33) xor     t3, gp, tp
core   0: 3 0x800016b8 (0x0041ce33) x28 0x22500003
core   0: 0x800016bc (0x004c2bb3) slt     s7, s8, tp
core   0: 3 0x800016bc (0x004c2bb3) x23 0x00000000
core   0: 0x800016c0 (0x01012333) slt     t1, sp, a6
core   0: 3 0x800016c0 (0x01012333) x 6 0x00000000
core   0: 0x800016c4 (0x01b33133) sltu    sp, t1, s11
core   0: 3 0x800016c4 (0x01b33133) x 2 0x00000000
core   0: 0x800016c8 (0x0014fdb3) and     s11, s1, ra
core   0: 3 0x800016c8 (0x0014fdb3) x27 0x00000000
core   0: 0x800016cc (0x018df1b3) and     gp, s11, s8
core   0: 3 0x800016cc (0x018df1b3) x 3 0x00000000
core   0: 0x800016d0 (0x59660693) addi    a3, a2, 1430
core   0: 3 0x800016d0 (0x59660693) x13 0xcbeacc4a
core   0: 0x800016d4 (0x0178bbb3) sltu    s7, a7, s7
core   0: 3 0x800016d4 (0x0178bbb3) x23 0x00000000
core   0: 0x800016d8 (0x67a97d93) andi    s11, s2, 1658
core   0: 3 0x800016d8 (0x67a97d93) x27 0x00000000
core   0: 0x800016dc (0x010a92b3) sll     t0, s5, a6
core   0: 3 0x800016dc (0x010a92b3) x 5 0x00000000
core   0: 0x800016e0 (0x0159f733) and     a4, s3, s5
core   0: 3 0x800016e0 (0x0159f733) x14 0x00000000
core   0: 0x800016e4 (0x01ad64b3) or      s1, s10, s10
core   0: 3 0x800016e4 (0x01ad64b3) x 9 0x67d0e10f
core   0: 0x800016e8 (0x01012333) slt     t1, sp, a6
core   0: 3 0x800016e8 (0x01012333) x 6 0x00000000
core   0: 0x800016ec (0x8a8c7313) andi    t1, s8, -1880
core   0: 3 0x800016ec (0x8a8c7313) x 6 0x4d84e008
core   0: 0x800016f0 (0x43e0ac17) auipc   s8, 0x43e0a
core   0: 3 0x800016f0 (0x43e0ac17) x24 0xc3e0b6f0
core   0: 0x800016f4 (0x1b560513) addi    a0, a2, 437
core   0: 3 0x800016f4 (0x1b560513) x10 0xcbeac869
core   0: 0x800016f8 (0x83b78f13) addi    t5, a5, -1989
core   0: 3 0x800016f8 (0x83b78f13) x30 0xe8839950
core   0: 0x800016fc (0x40f15933) sra     s2, sp, a5
core   0: 3 0x800016fc (0x40f15933) x18 0x00000000
core   0: 0x80001700 (0x005d9db3) sll     s11, s11, t0
core   0: 3 0x80001700 (0x005d9db3) x27 0x00000000
core   0: 0x80001704 (0x91932213) slti    tp, t1, -1767
core   0: 3 0x80001704 (0x91932213) x 4 0x00000000
core   0: 0x80001708 (0x26fb3213) sltiu   tp, s6, 623
core   0: 3 0x80001708 (0x26fb3213) x 4 0x00000000
core   0: 0x8000170c (0x003afbb3) and     s7, s5, gp
core   0: 3 0x8000170c (0x003afbb3) x23 0x00000000
core   0: 0x80001710 (0x01c51033) sll     zero, a0, t3
core   0: 3 0x80001710 (0x01c51033)
core   0: 0x80001714 (0x29c52913) slti    s2, a0, 668
core   0: 3 0x80001714 (0x29c52913) x18 0x00000001
core   0: 0x80001718 (0x00fa5cb3) srl     s9, s4, a5
core   0: 3 0x80001718 (0x00fa5cb3) x25 0x00000000
core   0: 0x8000171c (0xcbe3c993) xori    s3, t2, -834
core   0: 3 0x8000171c (0xcbe3c993) x19 0x7ffea05a
core   0: 0x80001720 (0x01476e33) or      t3, a4, s4
core   0: 3 0x80001720 (0x01476e33) x28 0x000004c0
core   0: 0x80001724 (0xbc1af913) andi    s2, s5, -1087
core   0: 3 0x80001724 (0xbc1af913) x18 0x00000000
core   0: 0x80001728 (0x013ad2b3) srl     t0, s5, s3
core   0: 3 0x80001728 (0x013ad2b3) x 5 0x00000000
core   0: 0x8000172c (0x012ca933) slt     s2, s9, s2
core   0: 3 0x8000172c (0x012ca933) x18 0x00000000
core   0: 0x80001730 (0x3e5ce6b7) lui     a3, 0x3e5ce
core   0: 3 0x80001730 (0x3e5ce6b7) x13 0x3e5ce000
core   0: 0x80001734 (0x00010933) add     s2, sp, zero
core   0: 3 0x80001734 (0x00010933) x18 0x00000000
core   0: 0x80001738 (0x00000013) nop
core   0: 3 0x80001738 (0x00000013)
core   0: 0x8000173c (0x009d2533) slt     a0, s10, s1
core   0: 3 0x8000173c (0x009d2533) x10 0x00000000
core   0: 0x80001740 (0x01b24c33) xor     s8, tp, s11
core   0: 3 0x80001740 (0x01b24c33) x24 0x00000000
core   0: 0x80001744 (0x98c2d317) auipc   t1, 0x98c2d
core   0: 3 0x80001744 (0x98c2d317) x 6 0x18c2e744
core   0: 0x80001748 (0x00bcd0b3) srl     ra, s9, a1
core   0: 3 0x80001748 (0x00bcd0b3) x 1 0x00000000
core   0: 0x8000174c (0x002fe533) or      a0, t6, sp
core   0: 3 0x8000174c (0x002fe533) x10 0x9767482f
core   0: 0x80001750 (0x0017f133) and     sp, a5, ra
core   0: 3 0x80001750 (0x0017f133) x 2 0x00000000
core   0: 0x80001754 (0x01a65313) srli    t1, a2, 26
core   0: 3 0x80001754 (0x01a65313) x 6 0x00000032
core   0: 0x80001758 (0x44840d13) addi    s10, s0, 1096
core   0: 3 0x80001758 (0x44840d13) x26 0x00000448
core   0: 0x8000175c (0x00000013) nop
core   0: 3 0x8000175c (0x00000013)
core   0: 0x80001760 (0x417e0db3) sub     s11, t3, s7
core   0: 3 0x80001760 (0x417e0db3) x27 0x000004c0
core   0: 0x80001764 (0x000cd693) srli    a3, s9, 0
core   0: 3 0x80001764 (0x000cd693) x13 0x00000000
core   0: 0x80001768 (0x01549ab3) sll     s5, s1, s5
core   0: 3 0x80001768 (0x01549ab3) x21 0x67d0e10f
core   0: 0x8000176c (0x012bccb3) xor     s9, s7, s2
core   0: 3 0x8000176c (0x012bccb3) x25 0x00000000
core   0: 0x80001770 (0x0de9c993) xori    s3, s3, 222
core   0: 3 0x80001770 (0x0de9c993) x19 0x7ffea084
core   0: 0x80001774 (0x00025793) srli    a5, tp, 0
core   0: 3 0x80001774 (0x00025793) x15 0x00000000
core   0: 0x80001778 (0xeaba0e13) addi    t3, s4, -341
core   0: 3 0x80001778 (0xeaba0e13) x28 0x0000036b
core   0: 0x8000177c (0x013bd1b3) srl     gp, s7, s3
core   0: 3 0x8000177c (0x013bd1b3) x 3 0x00000000
core   0: 0x80001780 (0x012e5a13) srli    s4, t3, 18
core   0: 3 0x80001780 (0x012e5a13) x20 0x00000000
core   0: 0x80001784 (0xb6eb8e93) addi    t4, s7, -1170
core   0: 3 0x80001784 (0xb6eb8e93) x29 0xfffffb6e
core   0: 0x80001788 (0x009f5013) srli    zero, t5, 9
core   0: 3 0x80001788 (0x009f5013)
core   0: 0x8000178c (0x01c4dc13) srli    s8, s1, 28
core   0: 3 0x8000178c (0x01c4dc13) x24 0x00000006
core   0: 0x80001790 (0x01d81833) sll     a6, a6, t4
core   0: 3 0x80001790 (0x01d81833) x16 0x00000000
core   0: 0x80001794 (0x00b95513) srli    a0, s2, 11
core   0: 3 0x80001794 (0x00b95513) x10 0x00000000
core   0: 0x80001798 (0x69c70213) addi    tp, a4, 1692
core   0: 3 0x80001798 (0x69c70213) x 4 0x0000069c
core   0: 0x8000179c (0x01bb8fb3) add     t6, s7, s11
core   0: 3 0x8000179c (0x01bb8fb3) x31 0x000004c0
core   0: 0x800017a0 (0x0184d293) srli    t0, s1, 24
core   0: 3 0x800017a0 (0x0184d293) x 5 0x00000067
core   0: 0x800017a4 (0x00c99a33) sll     s4, s3, a2
core   0: 3 0x800017a4 (0x00c99a33) x20 0x08400000
core   0: 0x800017a8 (0x4014d2b3) sra     t0, s1, ra
core   0: 3 0x800017a8 (0x4014d2b3) x 5 0x67d0e10f
core   0: 0x800017ac (0x41868fb3) sub     t6, a3, s8
core   0: 3 0x800017ac (0x41868fb3) x31 0xfffffffa
core   0: 0x800017b0 (0x8dcbfa13) andi    s4, s7, -1828
core   0: 3 0x800017b0 (0x8dcbfa13) x20 0x00000000
core   0: 0x800017b4 (0x225806b7) lui     a3, 0x22580
core   0: 3 0x800017b4 (0x225806b7) x13 0x22580000
core   0: 0x800017b8 (0x804ba313) slti    t1, s7, -2044
core   0: 3 0x800017b8 (0x804ba313) x 6 0x00000000
core   0: 0x800017bc (0x018e4233) xor     tp, t3, s8
core   0: 3 0x800017bc (0x018e4233) x 4 0x0000036d
core   0: 0x800017c0 (0x41168c33) sub     s8, a3, a7
core   0: 3 0x800017c0 (0x41168c33) x24 0xa256e19c
core   0: 0x800017c4 (0x64d62493) slti    s1, a2, 1613
core   0: 3 0x800017c4 (0x64d62493) x 9 0x00000001
core   0: 0x800017c8 (0x850e6013) ori     zero, t3, -1968
core   0: 3 0x800017c8 (0x850e6013)
core   0: 0x800017cc (0x76b7be93) sltiu   t4, a5, 1899
core   0: 3 0x800017cc (0x76b7be93) x29 0x00000001
core   0: 0x800017d0 (0x0060f333) and     t1, ra, t1
core   0: 3 0x800017d0 (0x0060f333) x 6 0x00000000
core   0: 0x800017d4 (0x9c374113) xori    sp, a4, -1597
core   0: 3 0x800017d4 (0x9c374113) x 2 0xfffff9c3
core   0: 0x800017d8 (0x006f1e93) slli    t4, t5, 6
core   0: 3 0x800017d8 (0x006f1e93) x29 0x20e65400
core   0: 0x800017dc (0x00d25993) srli    s3, tp, 13
core   0: 3 0x800017dc (0x00d25993) x19 0x00000000
core   0: 0x800017e0 (0x01c49933) sll     s2, s1, t3
core   0: 3 0x800017e0 (0x01c49933) x18 0x00000800
core   0: 0x800017e4 (0xd19f8317) auipc   t1, 0xd19f8
core   0: 3 0x800017e4 (0xd19f8317) x 6 0x519f97e4
core   0: 0x800017e8 (0x53281137) lui     sp, 0x53281
core   0: 3 0x800017e8 (0x53281137) x 2 0x53281000
core   0: 0x800017ec (0xdf4f5137) lui     sp, 0xdf4f5
core   0: 3 0x800017ec (0xdf4f5137) x 2 0xdf4f5000
core   0: 0x800017f0 (0x011b9e33) sll     t3, s7, a7
core   0: 3 0x800017f0 (0x011b9e33) x28 0x00000000
core   0: 0x800017f4 (0x41bb5a33) sra     s4, s6, s11
core   0: 3 0x800017f4 (0x41bb5a33) x20 0xe88396e1
core   0: 0x800017f8 (0x41608033) sub     zero, ra, s6
core   0: 3 0x800017f8 (0x41608033)
core   0: 0x800017fc (0x63f21d97) auipc   s11, 0x63f21
core   0: 3 0x800017fc (0x63f21d97) x27 0xe3f227fc
core   0: 0x80001800 (0x01924a33) xor     s4, tp, s9
core   0: 3 0x80001800 (0x01924a33) x20 0x0000036d
core   0: 0x80001804 (0x40de50b3) sra     ra, t3, a3
core   0: 3 0x80001804 (0x40de50b3) x 1 0x00000000
core   0: 0x80001808 (0xdeaafa13) andi    s4, s5, -534
core   0: 3 0x80001808 (0xdeaafa13) x20 0x67d0e10a
core   0: 0x8000180c (0x40ef5533) sra     a0, t5, a4
core   0: 3 0x8000180c (0x40ef5533) x10 0xe8839950
core   0: 0x80001810 (0x01906bb3) or      s7, zero, s9
core   0: 3 0x80001810 (0x01906bb3) x23 0x00000000
core   0: 0x80001814 (0xb9cc6717) auipc   a4, 0xb9cc6
core   0: 3 0x80001814 (0xb9cc6717) x14 0x39cc7814
core   0: 0x80001818 (0x00216ab3) or      s5, sp, sp
core   0: 3 0x80001818 (0x00216ab3) x21 0xdf4f5000
core   0: 0x8000181c (0x005cee33) or      t3, s9, t0
core   0: 3 0x8000181c (0x005cee33) x28 0x67d0e10f
core   0: 0x80001820 (0x4447c313) xori    t1, a5, 1092
core   0: 3 0x80001820 (0x4447c313) x 6 0x00000444
core   0: 0x80001824 (0x8ee88a13) addi    s4, a7, -1810
core   0: 3 0x80001824 (0x8ee88a13) x20 0x80011752
core   0: 0x80001828 (0x40b05633) sra     a2, zero, a1
core   0: 3 0x80001828 (0x40b05633) x12 0x00000000
core   0: 0x8000182c (0x412802b3) sub     t0, a6, s2
core   0: 3 0x8000182c (0x412802b3) x 5 0xfffff800
core   0: 0x80001830 (0x00738833) add     a6, t2, t2
core   0: 3 0x80001830 (0x00738833) x16 0x0002b9c8
core   0: 0x80001834 (0x40085613) srai    a2, a6, 0
core   0: 3 0x80001834 (0x40085613) x12 0x0002b9c8
core   0: 0x80001838 (0x01948533) add     a0, s1, s9
core   0: 3 0x80001838 (0x01948533) x10 0x00000001
core   0: 0x8000183c (0x01325013) srli    zero, tp, 19
core   0: 3 0x8000183c (0x01325013)
core   0: 0x80001840 (0x9cfb76b7) lui     a3, 0x9cfb7
core   0: 3 0x80001840 (0x9cfb76b7) x13 0x9cfb7000
core   0: 0x80001844 (0x9340bc13) sltiu   s8, ra, -1740
core   0: 3 0x80001844 (0x9340bc13) x24 0x00000001
core   0: 0x80001848 (0x0016bbb3) sltu    s7, a3, ra
core   0: 3 0x80001848 (0x0016bbb3) x23 0x00000000
core   0: 0x8000184c (0x009e0c33) add     s8, t3, s1
core   0: 3 0x8000184c (0x009e0c33) x24 0x67d0e110
core   0: 0x80001850 (0x00133633) sltu    a2, t1, ra
core   0: 3 0x80001850 (0x00133633) x12 0x00000000
core   0: 0x80001854 (0x0033db93) srli    s7, t2, 3
core   0: 3 0x80001854 (0x0033db93) x23 0x10002b9c
core   0: 0x80001858 (0x9a36b693) sltiu   a3, a3, -1629
core   0: 3 0x80001858 (0x9a36b693) x13 0x00000001
core   0: 0x8000185c (0xba553813) sltiu   a6, a0, -1115
core   0: 3 0x8000185c (0xba553813) x16 0x00000001
core   0: 0x80001860 (0x83d5a613) slti    a2, a1, -1987
core   0: 3 0x80001860 (0x83d5a613) x12 0x00000000
core   0: 0x80001864 (0x148ca313) slti    t1, s9, 328
core   0: 3 0x80001864 (0x148ca313) x 6 0x00000001
core   0: 0x80001868 (0xdbb2e813) ori     a6, t0, -581
core   0: 3 0x80001868 (0xdbb2e813) x16 0xfffffdbb
core   0: 0x8000186c (0x7a5af013) andi    zero, s5, 1957
core   0: 3 0x8000186c (0x7a5af013)
core   0: 0x80001870 (0x00f1a433) slt     s0, gp, a5
core   0: 3 0x80001870 (0x00f1a433) x 8 0x00000000
core   0: 0x80001874 (0x00f56533) or      a0, a0, a5
core   0: 3 0x80001874 (0x00f56533) x10 0x00000001
core   0: 0x80001878 (0x00257833) and     a6, a0, sp
core   0: 3 0x80001878 (0x00257833) x16 0x00000000
core   0: 0x8000187c (0x2e597313) andi    t1, s2, 741
core   0: 3 0x8000187c (0x2e597313) x 6 0x00000000
core   0: 0x80001880 (0xf92d4997) auipc   s3, 0xf92d4
core   0: 3 0x80001880 (0xf92d4997) x19 0x792d5880
core   0: 0x80001884 (0x014b15b3) sll     a1, s6, s4
core   0: 3 0x80001884 (0x014b15b3) x11 0x5b840000
core   0: 0x80001888 (0x408dd633) sra     a2, s11, s0
core   0: 3 0x80001888 (0x408dd633) x12 0xe3f227fc
core   0: 0x8000188c (0x44edfa37) lui     s4, 0x44edf
core   0: 3 0x8000188c (0x44edfa37) x20 0x44edf000
core   0: 0x80001890 (0x01abb333) sltu    t1, s7, s10
core   0: 3 0x80001890 (0x01abb333) x 6 0x00000000
core   0: 0x80001894 (0x01dc9bb3) sll     s7, s9, t4
core   0: 3 0x80001894 (0x01dc9bb3) x23 0x00000000
core   0: 0x80001898 (0x01f40833) add     a6, s0, t6
core   0: 3 0x80001898 (0x01f40833) x16 0xfffffffa
core   0: 0x8000189c (0x01d15813) srli    a6, sp, 29
core   0: 3 0x8000189c (0x01d15813) x16 0x00000006
core   0: 0x800018a0 (0x810aa493) slti    s1, s5, -2032
core   0: 3 0x800018a0 (0x810aa493) x 9 0x00000001
core   0: 0x800018a4 (0x40ded513) srai    a0, t4, 13
core   0: 3 0x800018a4 (0x40ded513) x10 0x00010732
core   0: 0x800018a8 (0x416dd633) sra     a2, s11, s6
core   0: 3 0x800018a8 (0x416dd633) x12 0xf1f913fe
core   0: 0x800018ac (0x403a55b3) sra     a1, s4, gp
core   0: 3 0x800018ac (0x403a55b3) x11 0x44edf000
core   0: 0x800018b0 (0x003cde93) srli    t4, s9, 3
core   0: 3 0x800018b0 (0x003cde93) x29 0x00000000
core   0: 0x800018b4 (0x00e86cb3) or      s9, a6, a4
core   0: 3 0x800018b4 (0x00e86cb3) x25 0x39cc7816
core   0: 0x800018b8 (0xe1edbc97) auipc   s9, 0xe1edb
core   0: 3 0x800018b8 (0xe1edbc97) x25 0x61edc8b8
core   0: 0x800018bc (0x008e6933) or      s2, t3, s0
core   0: 3 0x800018bc (0x008e6933) x18 0x67d0e10f
core   0: 0x800018c0 (0x002110b3) sll     ra, sp, sp
core   0: 3 0x800018c0 (0x002110b3) x 1 0xdf4f5000
core   0: 0x800018c4 (0x00d122b3) slt     t0, sp, a3
core   0: 3 0x800018c4 (0x00d122b3) x 5 0x00000001
core   0: 0x800018c8 (0x40625913) srai    s2, tp, 6
core   0: 3 0x800018c8 (0x40625913) x18 0x0000000d
core   0: 0x800018cc (0x9e91cb93) xori    s7, gp, -1559
core   0: 3 0x800018cc (0x9e91cb93) x23 0xfffff9e9
core   0: 0x800018d0 (0xa2522797) auipc   a5, 0xa2522
core   0: 3 0x800018d0 (0xa2522797) x15 0x225238d0
core   0: 0x800018d4 (0x00000013) nop
core   0: 3 0x800018d4 (0x00000013)
core   0: 0x800018d8 (0x9d322c37) lui     s8, 0x9d322
core   0: 3 0x800018d8 (0x9d322c37) x24 0x9d322000
core   0: 0x800018dc (0x406901b3) sub     gp, s2, t1
core   0: 3 0x800018dc (0x406901b3) x 3 0x0000000d
core   0: 0x800018e0 (0x0066dc33) srl     s8, a3, t1
core   0: 3 0x800018e0 (0x0066dc33) x24 0x00000001
core   0: 0x800018e4 (0x417f5133) sra     sp, t5, s7
core   0: 3 0x800018e4 (0x417f5133) x 2 0xfff441cc
core   0: 0x800018e8 (0xe040cc93) xori    s9, ra, -508
core   0: 3 0x800018e8 (0xe040cc93) x25 0x20b0ae04
core   0: 0x800018ec (0x863cff13) andi    t5, s9, -1949
core   0: 3 0x800018ec (0x863cff13) x30 0x20b0a800
core   0: 0x800018f0 (0x00000013) nop
core   0: 3 0x800018f0 (0x00000013)
core   0: 0x800018f4 (0x011d9113) slli    sp, s11, 17
core   0: 3 0x800018f4 (0x011d9113) x 2 0x4ff80000
core   0: 0x800018f8 (0x00f4a733) slt     a4, s1, a5
core   0: 3 0x800018f8 (0x00f4a733) x14 0x00000001
core   0: 0x800018fc (0x41bbd913) srai    s2, s7, 27
core   0: 3 0x800018fc (0x41bbd913) x18 0xffffffff
core   0: 0x80001900 (0x019e8bb3) add     s7, t4, s9
core   0: 3 0x80001900 (0x019e8bb3) x23 0x20b0ae04
core   0: 0x80001904 (0x00537533) and     a0, t1, t0
core   0: 3 0x80001904 (0x00537533) x10 0x00000000
core   0: 0x80001908 (0x00ab1333) sll     t1, s6, a0
core   0: 3 0x80001908 (0x00ab1333) x 6 0xe88396e1
core   0: 0x8000190c (0x41f3d733) sra     a4, t2, t6
core   0: 3 0x8000190c (0x41f3d733) x14 0xffffffe0
core   0: 0x80001910 (0x40ad5bb3) sra     s7, s10, a0
core   0: 3 0x80001910 (0x40ad5bb3) x23 0x00000448
core   0: 0x80001914 (0x02b17417) auipc   s0, 0x2b17
core   0: 3 0x80001914 (0x02b17417) x 8 0x82b18914
core   0: 0x80001918 (0xd677d697) auipc   a3, 0xd677d
core   0: 3 0x80001918 (0xd677d697) x13 0x5677e918
core   0: 0x8000191c (0x40ca5c33) sra     s8, s4, a2
core   0: 3 0x8000191c (0x40ca5c33) x24 0x00000001
core   0: 0x80001920 (0x002ed413) srli    s0, t4, 2
core   0: 3 0x80001920 (0x002ed413) x 8 0x00000000
core   0: 0x80001924 (0x3d66cd93) xori    s11, a3, 982
core   0: 3 0x80001924 (0x3d66cd93) x27 0x5677eace
core   0: 0x80001928 (0x69114e13) xori    t3, sp, 1681
core   0: 3 0x80001928 (0x69114e13) x28 0x4ff80691
core   0: 0x8000192c (0x9f047213) andi    tp, s0, -1552
core   0: 3 0x8000192c (0x9f047213) x 4 0x00000000
core   0: 0x80001930 (0x5148b213) sltiu   tp, a7, 1300
core   0: 3 0x80001930 (0x5148b213) x 4 0x00000000
core   0: 0x80001934 (0x01137fb3) and     t6, t1, a7
core   0: 3 0x80001934 (0x01137fb3) x31 0x80011660
core   0: 0x80001938 (0x414f56b3) sra     a3, t5, s4
core   0: 3 0x80001938 (0x414f56b3) x13 0x20b0a800
core   0: 0x8000193c (0x014bd7b3) srl     a5, s7, s4
core   0: 3 0x8000193c (0x014bd7b3) x15 0x00000448
core   0: 0x80001940 (0x00dcd033) srl     zero, s9, a3
core   0: 3 0x80001940 (0x00dcd033)
core   0: 0x80001944 (0xb4f60093) addi    ra, a2, -1201
core   0: 3 0x80001944 (0xb4f60093) x 1 0xf1f90f4d
core   0: 0x80001948 (0x8d16f4b7) lui     s1, 0x8d16f
core   0: 3 0x80001948 (0x8d16f4b7) x 9 0x8d16f000
core   0: 0x8000194c (0x01b7e133) or      sp, a5, s11
core   0: 3 0x8000194c (0x01b7e133) x 2 0x5677eece
core   0: 0x80001950 (0x019e16b3) sll     a3, t3, s9
core   0: 3 0x80001950 (0x019e16b3) x13 0xff806910
core   0: 0x80001954 (0x01601813) slli    a6, zero, 22
core   0: 3 0x80001954 (0x01601813) x16 0x00000000
core   0: 0x80001958 (0x416882b3) sub     t0, a7, s6
core   0: 3 0x80001958 (0x416882b3) x 5 0x977d8783
core   0: 0x8000195c (0xfb49f013) andi    zero, s3, -76
core   0: 3 0x8000195c (0xfb49f013)
core   0: 0x80001960 (0x013e09b3) add     s3, t3, s3
core   0: 3 0x80001960 (0x013e09b3) x19 0xc9255f11
core   0: 0x80001964 (0x00d5fe33) and     t3, a1, a3
core   0: 3 0x80001964 (0x00d5fe33) x28 0x44806000
core   0: 0x80001968 (0x00b6ffb3) and     t6, a3, a1
core   0: 3 0x80001968 (0x00b6ffb3) x31 0x44806000
core   0: 0x8000196c (0x000761b3) or      gp, a4, zero
core   0: 3 0x8000196c (0x000761b3) x 3 0xffffffe0
core   0: 0x80001970 (0xfce60837) lui     a6, 0xfce60
core   0: 3 0x80001970 (0xfce60837) x16 0xfce60000
core   0: 0x80001974 (0x3bb1fb97) auipc   s7, 0x3bb1f
core   0: 3 0x80001974 (0x3bb1fb97) x23 0xbbb20974
core   0: 0x80001978 (0x01cab433) sltu    s0, s5, t3
core   0: 3 0x80001978 (0x01cab433) x 8 0x00000000
core   0: 0x8000197c (0x33c8b517) auipc   a0, 0x33c8b
core   0: 3 0x8000197c (0x33c8b517) x10 0xb3c8c97c
core   0: 0x80001980 (0x4160d433) sra     s0, ra, s6
core   0: 3 0x80001980 (0x4160d433) x 8 0xf8fc87a6
core   0: 0x80001984 (0x01ce7733) and     a4, t3, t3
core   0: 3 0x80001984 (0x01ce7733) x14 0x44806000
core   0: 0x80001988 (0xd4d58613) addi    a2, a1, -691
core   0: 3 0x80001988 (0xd4d58613) x12 0x44eded4d
core   0: 0x8000198c (0x06421a37) lui     s4, 0x6421
core   0: 3 0x8000198c (0x06421a37) x20 0x06421000
core   0: 0x80001990 (0x013d5233) srl     tp, s10, s3
core   0: 3 0x80001990 (0x013d5233) x 4 0x00000000
core   0: 0x80001994 (0xb514ad13) slti    s10, s1, -1199
core   0: 3 0x80001994 (0xb514ad13) x26 0x00000001
core   0: 0x80001998 (0x00000013) nop
core   0: 3 0x80001998 (0x00000013)
core   0: 0x8000199c (0x4e794113) xori    sp, s2, 1255
core   0: 3 0x8000199c (0x4e794113) x 2 0xfffffb18
core   0: 0x800019a0 (0x01c73ab3) sltu    s5, a4, t3
core   0: 3 0x800019a0 (0x01c73ab3) x21 0x00000000
core   0: 0x800019a4 (0x40f70033) sub     zero, a4, a5
core   0: 3 0x800019a4 (0x40f70033)
core   0: 0x800019a8 (0x1bce4813) xori    a6, t3, 444
core   0: 3 0x800019a8 (0x1bce4813) x16 0x448061bc
core   0: 0x800019ac (0x407f54b3) sra     s1, t5, t2
core   0: 3 0x800019ac (0x407f54b3) x 9 0x020b0a80
core   0: 0x800019b0 (0x36133993) sltiu   s3, t1, 865
core   0: 3 0x800019b0 (0x36133993) x19 0x00000000
core   0: 0x800019b4 (0x739d7c13) andi    s8, s10, 1849
core   0: 3 0x800019b4 (0x739d7c13) x24 0x00000001
core   0: 0x800019b8 (0x00de1d13) slli    s10, t3, 13
core   0: 3 0x800019b8 (0x00de1d13) x26 0x0c000000
core   0: 0x800019bc (0x00d231b3) sltu    gp, tp, a3
core   0: 3 0x800019bc (0x00d231b3) x 3 0x00000001
core   0: 0x800019c0 (0x2e1f6993) ori     s3, t5, 737
core   0: 3 0x800019c0 (0x2e1f6993) x19 0x20b0aae1
core   0: 0x800019c4 (0xdc49e993) ori     s3, s3, -572
core   0: 3 0x800019c4 (0xdc49e993) x19 0xffffffe5
core   0: 0x800019c8 (0xe428e493) ori     s1, a7, -446
core   0: 3 0x800019c8 (0xe428e493) x 9 0xfffffe66
core   0: 0x800019cc (0x01dce517) auipc   a0, 0x1dce
core   0: 3 0x800019cc (0x01dce517) x10 0x81dcf9cc
core   0: 0x800019d0 (0x007eb233) sltu    tp, t4, t2
core   0: 3 0x800019d0 (0x007eb233) x 4 0x00000001
core   0: 0x800019d4 (0x104ab593) sltiu   a1, s5, 260
core   0: 3 0x800019d4 (0x104ab593) x11 0x00000001
core   0: 0x800019d8 (0x0024cd93) xori    s11, s1, 2
core   0: 3 0x800019d8 (0x0024cd93) x27 0xfffffe64
core   0: 0x800019dc (0xbc38fa13) andi    s4, a7, -1085
core   0: 3 0x800019dc (0xbc38fa13) x20 0x80011a40
core   0: 0x800019e0 (0x9274a817) auipc   a6, 0x9274a
core   0: 3 0x800019e0 (0x9274a817) x16 0x1274b9e0
core   0: 0x800019e4 (0x01645433) srl     s0, s0, s6
core   0: 3 0x800019e4 (0x01645433) x 8 0x7c7e43d3
core   0: 0x800019e8 (0x01761413) slli    s0, a2, 23
core   0: 3 0x800019e8 (0x01761413) x 8 0xa6800000
core   0: 0x800019ec (0x014237b3) sltu    a5, tp, s4
core   0: 3 0x800019ec (0x014237b3) x15 0x00000001
core   0: 0x800019f0 (0x41c00233) sub     tp, zero, t3
core   0: 3 0x800019f0 (0x41c00233) x 4 0xbb7fa000
core   0: 0x800019f4 (0xba786413) ori     s0, a6, -1113
core   0: 3 0x800019f4 (0xba786413) x 8 0xfffffbe7
core   0: 0x800019f8 (0xc8d6ca17) auipc   s4, 0xc8d6c
core   0: 3 0x800019f8 (0xc8d6ca17) x20 0x48d6d9f8
core   0: 0x800019fc (0x00a29c93) slli    s9, t0, 10
core   0: 3 0x800019fc (0x00a29c93) x25 0xf61e0c00
core   0: 0x80001a00 (0xd2d53637) lui     a2, 0xd2d53
core   0: 3 0x80001a00 (0xd2d53637) x12 0xd2d53000
core   0: 0x80001a04 (0x0149e633) or      a2, s3, s4
core   0: 3 0x80001a04 (0x0149e633) x12 0xfffffffd
core   0: 0x80001a08 (0x40f50db3) sub     s11, a0, a5
core   0: 3 0x80001a08 (0x40f50db3) x27 0x81dcf9cb
core   0: 0x80001a0c (0x0083e7b3) or      a5, t2, s0
core   0: 3 0x80001a0c (0x0083e7b3) x15 0xffffffe7
core   0: 0x80001a10 (0x019af7b3) and     a5, s5, s9
core   0: 3 0x80001a10 (0x019af7b3) x15 0x00000000
core   0: 0x80001a14 (0xf8b42793) slti    a5, s0, -117
core   0: 3 0x80001a14 (0xf8b42793) x15 0x00000001
core   0: 0x80001a18 (0x5f65ab93) slti    s7, a1, 1526
core   0: 3 0x80001a18 (0x5f65ab93) x23 0x00000001
core   0: 0x80001a1c (0x01f2cd33) xor     s10, t0, t6
core   0: 3 0x80001a1c (0x01f2cd33) x26 0xd3fde783
core   0: 0x80001a20 (0x2d1ca093) slti    ra, s9, 721
core   0: 3 0x80001a20 (0x2d1ca093) x 1 0x00000001
core   0: 0x80001a24 (0x01379f13) slli    t5, a5, 19
core   0: 3 0x80001a24 (0x01379f13) x30 0x00080000
core   0: 0x80001a28 (0x00f9af33) slt     t5, s3, a5
core   0: 3 0x80001a28 (0x00f9af33) x30 0x00000001
core   0: 0x80001a2c (0x01c11433) sll     s0, sp, t3
core   0: 3 0x80001a2c (0x01c11433) x 8 0xfffffb18
core   0: 0x80001a30 (0x0152b433) sltu    s0, t0, s5
core   0: 3 0x80001a30 (0x0152b433) x 8 0x00000000
core   0: 0x80001a34 (0xfbd68913) addi    s2, a3, -67
core   0: 3 0x80001a34 (0xfbd68913) x18 0xff8068cd
core   0: 0x80001a38 (0x414b5d13) srai    s10, s6, 20
core   0: 3 0x80001a38 (0x414b5d13) x26 0xfffffe88
core   0: 0x80001a3c (0x41745233) sra     tp, s0, s7
core   0: 3 0x80001a3c (0x41745233) x 4 0x00000000
core   0: 0x80001a40 (0x05617613) andi    a2, sp, 86
core   0: 3 0x80001a40 (0x05617613) x12 0x00000010
core   0: 0x80001a44 (0x00f05d93) srli    s11, zero, 15
core   0: 3 0x80001a44 (0x00f05d93) x27 0x00000000
core   0: 0x80001a48 (0x002470b3) and     ra, s0, sp
core   0: 3 0x80001a48 (0x002470b3) x 1 0x00000000
core   0: 0x80001a4c (0x01121493) slli    s1, tp, 17
core   0: 3 0x80001a4c (0x01121493) x 9 0x00000000
core   0: 0x80001a50 (0x4e28f093) andi    ra, a7, 1250
core   0: 3 0x80001a50 (0x4e28f093) x 1 0x00000460
core   0: 0x80001a54 (0x0101cfb3) xor     t6, gp, a6
core   0: 3 0x80001a54 (0x0101cfb3) x31 0x1274b9e1
core   0: 0x80001a58 (0x0158c9b3) xor     s3, a7, s5
core   0: 3 0x80001a58 (0x0158c9b3) x19 0x80011e64
core   0: 0x80001a5c (0x01339193) slli    gp, t2, 19
core   0: 3 0x80001a5c (0x01339193) x 3 0xe7200000
core   0: 0x80001a60 (0x41a1d693) srai    a3, gp, 26
core   0: 3 0x80001a60 (0x41a1d693) x13 0xfffffff9
core   0: 0x80001a64 (0x9604f293) andi    t0, s1, -1696
core   0: 3 0x80001a64 (0x9604f293) x 5 0x00000000
core   0: 0x80001a68 (0x0175d233) srl     tp, a1, s7
core   0: 3 0x80001a68 (0x0175d233) x 4 0x00000000
core   0: 0x80001a6c (0x00751f13) slli    t5, a0, 7
core   0: 3 0x80001a6c (0x00751f13) x30 0xee7ce600
core   0: 0x80001a70 (0x011b5c93) srli    s9, s6, 17
core   0: 3 0x80001a70 (0x011b5c93) x25 0x00007441
core   0: 0x80001a74 (0xed77e413) ori     s0, a5, -297
core   0: 3 0x80001a74 (0xed77e413) x 8 0xfffffed7
core   0: 0x80001a78 (0x2d7b2c13) slti    s8, s6, 727
core   0: 3 0x80001a78 (0x2d7b2c13) x24 0x00000001
core   0: 0x80001a7c (0x00000013) nop
core   0: 3 0x80001a7c (0x00000013)
core   0: 0x80001a80 (0x00e75493) srli    s1, a4, 14
core   0: 3 0x80001a80 (0x00e75493) x 9 0x00011201
core   0: 0x80001a84 (0x52b93097) auipc   ra, 0x52b93
core   0: 3 0x80001a84 (0x52b93097) x 1 0xd2b94a84
core   0: 0x80001a88 (0x0126fdb3) and     s11, a3, s2
core   0: 3 0x80001a88 (0x0126fdb3) x27 0xff8068c9
core   0: 0x80001a8c (0x004c2033) slt     zero, s8, tp
core   0: 3 0x80001a8c (0x004c2033)
core   0: 0x80001a90 (0xa449c097) auipc   ra, 0xa449c
core   0: 3 0x80001a90 (0xa449c097) x 1 0x2449da90
core   0: 0x80001a94 (0x00e477b3) and     a5, s0, a4
core   0: 3 0x80001a94 (0x00e477b3) x15 0x44806000
core   0: 0x80001a98 (0x0055b933) sltu    s2, a1, t0
core   0: 3 0x80001a98 (0x0055b933) x18 0x00000000
core   0: 0x80001a9c (0x27a8c493) xori    s1, a7, 634
core   0: 3 0x80001a9c (0x27a8c493) x 9 0x80011c1e
core   0: 0x80001aa0 (0x413f0833) sub     a6, t5, s3
core   0: 3 0x80001aa0 (0x413f0833) x16 0x6e7bc79c
core   0: 0x80001aa4 (0x001e2cb3) slt     s9, t3, ra
core   0: 3 0x80001aa4 (0x001e2cb3) x25 0x00000000
core   0: 0x80001aa8 (0x014e0f33) add     t5, t3, s4
core   0: 3 0x80001aa8 (0x014e0f33) x30 0x8d5739f8
core   0: 0x80001aac (0x011edb93) srli    s7, t4, 17
core   0: 3 0x80001aac (0x011edb93) x23 0x00000000
core   0: 0x80001ab0 (0x0155ca33) xor     s4, a1, s5
core   0: 3 0x80001ab0 (0x0155ca33) x20 0x00000001
core   0: 0x80001ab4 (0xdbf4a813) slti    a6, s1, -577
core   0: 3 0x80001ab4 (0xdbf4a813) x16 0x00000001
core   0: 0x80001ab8 (0x2567aa17) auipc   s4, 0x2567a
core   0: 3 0x80001ab8 (0x2567aa17) x20 0xa567bab8
core   0: 0x80001abc (0x00155bb3) srl     s7, a0, ra
core   0: 3 0x80001abc (0x00155bb3) x23 0x000081dc
core   0: 0x80001ac0 (0x00000013) nop
core   0: 3 0x80001ac0 (0x00000013)
core   0: 0x80001ac4 (0x019fd413) srli    s0, t6, 25
core   0: 3 0x80001ac4 (0x019fd413) x 8 0x00000009
core   0: 0x80001ac8 (0x00d7deb3) srl     t4, a5, a3
core   0: 3 0x80001ac8 (0x00d7deb3) x29 0x00000022
core   0: 0x80001acc (0x41908ab3) sub     s5, ra, s9
core   0: 3 0x80001acc (0x41908ab3) x21 0x2449da90
core   0: 0x80001ad0 (0xb0e2f817) auipc   a6, 0xb0e2f
core   0: 3 0x80001ad0 (0xb0e2f817) x16 0x30e30ad0
core   0: 0x80001ad4 (0x58aef697) auipc   a3, 0x58aef
core   0: 3 0x80001ad4 (0x58aef697) x13 0xd8af0ad4
core   0: 0x80001ad8 (0x007dfcb3) and     s9, s11, t2
core   0: 3 0x80001ad8 (0x007dfcb3) x25 0x800048c0
core   0: 0x80001adc (0x970aec13) ori     s8, s5, -1680
core   0: 3 0x80001adc (0x970aec13) x24 0xfffffbf0
core   0: 0x80001ae0 (0x699e6113) ori     sp, t3, 1689
core   0: 3 0x80001ae0 (0x699e6113) x 2 0x44806699
core   0: 0x80001ae4 (0xd7f22a93) slti    s5, tp, -641
core   0: 3 0x80001ae4 (0xd7f22a93) x21 0x00000000
core   0: 0x80001ae8 (0x408f8633) sub     a2, t6, s0
core   0: 3 0x80001ae8 (0x408f8633) x12 0x1274b9d8
core   0: 0x80001aec (0x0189d0b3) srl     ra, s3, s8
core   0: 3 0x80001aec (0x0189d0b3) x 1 0x00008001
core   0: 0x80001af0 (0x015bfdb3) and     s11, s7, s5
core   0: 3 0x80001af0 (0x015bfdb3) x27 0x00000000
core   0: 0x80001af4 (0x000b4e33) xor     t3, s6, zero
core   0: 3 0x80001af4 (0x000b4e33) x28 0xe88396e1
core   0: 0x80001af8 (0x85a0af13) slti    t5, ra, -1958
core   0: 3 0x80001af8 (0x85a0af13) x30 0x00000000
core   0: 0x80001afc (0x4046d1b3) sra     gp, a3, tp
core   0: 3 0x80001afc (0x4046d1b3) x 3 0xd8af0ad4
core   0: 0x80001b00 (0x01ad5a93) srli    s5, s10, 26
core   0: 3 0x80001b00 (0x01ad5a93) x21 0x0000003f
core   0: 0x80001b04 (0x01aa1433) sll     s0, s4, s10
core   0: 3 0x80001b04 (0x01aa1433) x 8 0x67bab800
core   0: 0x80001b08 (0x958dfa37) lui     s4, 0x958df
core   0: 3 0x80001b08 (0x958dfa37) x20 0x958df000
core   0: 0x80001b0c (0xf87b0693) addi    a3, s6, -121
core   0: 3 0x80001b0c (0xf87b0693) x13 0xe8839668
core   0: 0x80001b10 (0x1a8bbd17) auipc   s10, 0x1a8bb
core   0: 3 0x80001b10 (0x1a8bbd17) x26 0x9a8bcb10
core   0: 0x80001b14 (0x00ed8bb3) add     s7, s11, a4
core   0: 3 0x80001b14 (0x00ed8bb3) x23 0x44806000
core   0: 0x80001b18 (0x000fe233) or      tp, t6, zero
core   0: 3 0x80001b18 (0x000fe233) x 4 0x1274b9e1
core   0: 0x80001b1c (0x82814613) xori    a2, sp, -2008
core   0: 3 0x80001b1c (0x82814613) x12 0xbb7f9eb1
core   0: 0x80001b20 (0x007955b3) srl     a1, s2, t2
core   0: 3 0x80001b20 (0x007955b3) x11 0x00000000
core   0: 0x80001b24 (0xb75e3237) lui     tp, 0xb75e3
core   0: 3 0x80001b24 (0xb75e3237) x 4 0xb75e3000
core   0: 0x80001b28 (0x00755513) srli    a0, a0, 7
core   0: 3 0x80001b28 (0x00755513) x10 0x0103b9f3
core   0: 0x80001b2c (0xb75da017) auipc   zero, 0xb75da
core   0: 3 0x80001b2c (0xb75da017)
core   0: 0x80001b30 (0x03a56a93) ori     s5, a0, 58
core   0: 3 0x80001b30 (0x03a56a93) x21 0x0103b9fb
core   0: 0x80001b34 (0x00000013) nop
core   0: 3 0x80001b34 (0x00000013)
core   0: 0x80001b38 (0x00e63bb3) sltu    s7, a2, a4
core   0: 3 0x80001b38 (0x00e63bb3) x23 0x00000000
core   0: 0x80001b3c (0x016eff33) and     t5, t4, s6
core   0: 3 0x80001b3c (0x016eff33) x30 0x00000020
core   0: 0x80001b40 (0x00000013) nop
core   0: 3 0x80001b40 (0x00000013)
core   0: 0x80001b44 (0x00273933) sltu    s2, a4, sp
core   0: 3 0x80001b44 (0x00273933) x18 0x00000001
core   0: 0x80001b48 (0x01c0bc33) sltu    s8, ra, t3
core   0: 3 0x80001b48 (0x01c0bc33) x24 0x00000001
core   0: 0x80001b4c (0x405382b3) sub     t0, t2, t0
core   0: 3 0x80001b4c (0x405382b3) x 5 0x80015ce4
core   0: 0x80001b50 (0xa7edc013) xori    zero, s11, -1410
core   0: 3 0x80001b50 (0xa7edc013)
core   0: 0x80001b54 (0x0143f9b3) and     s3, t2, s4
core   0: 3 0x80001b54 (0x0143f9b3) x19 0x80015000
core   0: 0x80001b58 (0xc2792d93) slti    s11, s2, -985
core   0: 3 0x80001b58 (0xc2792d93) x27 0x00000000
core   0: 0x80001b5c (0x008b6bb3) or      s7, s6, s0
core   0: 3 0x80001b5c (0x008b6bb3) x23 0xefbbbee1
core   0: 0x80001b60 (0xba3c67b7) lui     a5, 0xba3c6
core   0: 3 0x80001b60 (0xba3c67b7) x15 0xba3c6000
core   0: 0x80001b64 (0xcdc4b993) sltiu   s3, s1, -804
core   0: 3 0x80001b64 (0xcdc4b993) x19 0x00000001
core   0: 0x80001b68 (0x008b91b3) sll     gp, s7, s0
core   0: 3 0x80001b68 (0x008b91b3) x 3 0xefbbbee1
core   0: 0x80001b6c (0x015c8533) add     a0, s9, s5
core   0: 3 0x80001b6c (0x015c8533) x10 0x810402bb
core   0: 0x80001b70 (0x4bab0813) addi    a6, s6, 1210
core   0: 3 0x80001b70 (0x4bab0813) x16 0xe8839b9b
core   0: 0x80001b74 (0x01c41db3) sll     s11, s0, t3
core   0: 3 0x80001b74 (0x01c41db3) x27 0xcf757000
core   0: 0x80001b78 (0x01421f13) slli    t5, tp, 20
core   0: 3 0x80001b78 (0x01421f13) x30 0x00000000
core   0: 0x80001b7c (0xc2db7797) auipc   a5, 0xc2db7
core   0: 3 0x80001b7c (0xc2db7797) x15 0x42db8b7c
core   0: 0x80001b80 (0x0013a7b3) slt     a5, t2, ra
core   0: 3 0x80001b80 (0x0013a7b3) x15 0x00000001
core   0: 0x80001b84 (0x33fb2193) slti    gp, s6, 831
core   0: 3 0x80001b84 (0x33fb2193) x 3 0x00000001
core   0: 0x80001b88 (0x00cbcd33) xor     s10, s7, a2
core   0: 3 0x80001b88 (0x00cbcd33) x26 0x54c42050
core   0: 0x80001b8c (0x000fe533) or      a0, t6, zero
core   0: 3 0x80001b8c (0x000fe533) x10 0x1274b9e1
core   0: 0x80001b90 (0x75c5e193) ori     gp, a1, 1884
core   0: 3 0x80001b90 (0x75c5e193) x 3 0x0000075c
core   0: 0x80001b94 (0x0cb7e593) ori     a1, a5, 203
core   0: 3 0x80001b94 (0x0cb7e593) x11 0x000000cb
core   0: 0x80001b98 (0x009ccab3) xor     s5, s9, s1
core   0: 3 0x80001b98 (0x009ccab3) x21 0x000154de
core   0: 0x80001b9c (0xb5138c13) addi    s8, t2, -1199
core   0: 3 0x80001b9c (0xb5138c13) x24 0x80015835
core   0: 0x80001ba0 (0x00413533) sltu    a0, sp, tp
core   0: 3 0x80001ba0 (0x00413533) x10 0x00000001
core   0: 0x80001ba4 (0x01e2f9b3) and     s3, t0, t5
core   0: 3 0x80001ba4 (0x01e2f9b3) x19 0x00000000
core   0: 0x80001ba8 (0xd416b613) sltiu   a2, a3, -703
core   0: 3 0x80001ba8 (0xd416b613) x12 0x00000001
core   0: 0x80001bac (0x008d2fb3) slt     t6, s10, s0
core   0: 3 0x80001bac (0x008d2fb3) x31 0x00000001
core   0: 0x80001bb0 (0x4400b713) sltiu   a4, ra, 1088
core   0: 3 0x80001bb0 (0x4400b713) x14 0x00000000
core   0: 0x80001bb4 (0x015e6cb3) or      s9, t3, s5
core   0: 3 0x80001bb4 (0x015e6cb3) x25 0xe883d6ff
core   0: 0x80001bb8 (0x01e0ce33) xor     t3, ra, t5
core   0: 3 0x80001bb8 (0x01e0ce33) x28 0x00008001
core   0: 0x80001bbc (0x01643e33) sltu    t3, s0, s6
core   0: 3 0x80001bbc (0x01643e33) x28 0x00000001
core   0: 0x80001bc0 (0x01335513) srli    a0, t1, 19
core   0: 3 0x80001bc0 (0x01335513) x10 0x00001d10
core   0: 0x80001bc4 (0x40e4d013) srai    zero, s1, 14
core   0: 3 0x80001bc4 (0x40e4d013)
core   0: 0x80001bc8 (0x00ee67b3) or      a5, t3, a4
core   0: 3 0x80001bc8 (0x00ee67b3) x15 0x00000001
core   0: 0x80001bcc (0x0036a2b3) slt     t0, a3, gp
core   0: 3 0x80001bcc (0x0036a2b3) x 5 0x00000001
core   0: 0x80001bd0 (0x003831b3) sltu    gp, a6, gp
core   0: 3 0x80001bd0 (0x003831b3) x 3 0x00000000
core   0: 0x80001bd4 (0x902e0e93) addi    t4, t3, -1790
core   0: 3 0x80001bd4 (0x902e0e93) x29 0xfffff903
core   0: 0x80001bd8 (0xb66ee293) ori     t0, t4, -1178
core   0: 3 0x80001bd8 (0xb66ee293) x 5 0xfffffb67
core   0: 0x80001bdc (0x01fe5713) srli    a4, t3, 31
core   0: 3 0x80001bdc (0x01fe5713) x14 0x00000000
core   0: 0x80001be0 (0x00d39493) slli    s1, t2, 13
core   0: 3 0x80001be0 (0x00d39493) x 9 0x2b9c8000
core   0: 0x80001be4 (0x40110a33) sub     s4, sp, ra
core   0: 3 0x80001be4 (0x40110a33) x20 0x447fe698
core   0: 0x80001be8 (0x59267493) andi    s1, a2, 1426
core   0: 3 0x80001be8 (0x59267493) x 9 0x00000000
core   0: 0x80001bec (0x406cd813) srai    a6, s9, 6
core   0: 3 0x80001bec (0x406cd813) x16 0xffa20f5b
core   0: 0x80001bf0 (0x4087d613) srai    a2, a5, 8
core   0: 3 0x80001bf0 (0x4087d613) x12 0x00000000
core   0: 0x80001bf4 (0x00977f33) and     t5, a4, s1
core   0: 3 0x80001bf4 (0x00977f33) x30 0x00000000
core   0: 0x80001bf8 (0x408d0833) sub     a6, s10, s0
core   0: 3 0x80001bf8 (0x408d0833) x16 0xed096850
core   0: 0x80001bfc (0x01def0b3) and     ra, t4, t4
core   0: 3 0x80001bfc (0x01def0b3) x 1 0xfffff903
core   0: 0x80001c00 (0x00955633) srl     a2, a0, s1
core   0: 3 0x80001c00 (0x00955633) x12 0x00001d10
core   0: 0x80001c04 (0x22703413) sltiu   s0, zero, 551
core   0: 3 0x80001c04 (0x22703413) x 8 0x00000001
core   0: 0x80001c08 (0x4018d2b3) sra     t0, a7, ra
core   0: 3 0x80001c08 (0x4018d2b3) x 5 0xf00023cc
core   0: 0x80001c0c (0x01334733) xor     a4, t1, s3
core   0: 3 0x80001c0c (0x01334733) x14 0xe88396e1
core   0: 0x80001c10 (0x007d87b3) add     a5, s11, t2
core   0: 3 0x80001c10 (0x007d87b3) x15 0x4f76cce4
core   0: 0x80001c14 (0x7846c913) xori    s2, a3, 1924
core   0: 3 0x80001c14 (0x7846c913) x18 0xe88391ec
core   0: 0x80001c18 (0x00af8333) add     t1, t6, a0
core   0: 3 0x80001c18 (0x00af8333) x 6 0x00001d11
core   0: 0x80001c1c (0x01451713) slli    a4, a0, 20
core   0: 3 0x80001c1c (0x01451713) x14 0xd1000000
core   0: 0x80001c20 (0x41445ab3) sra     s5, s0, s4
core   0: 3 0x80001c20 (0x41445ab3) x21 0x00000000
core   0: 0x80001c24 (0x08494493) xori    s1, s2, 132
core   0: 3 0x80001c24 (0x08494493) x 9 0xe8839168
core   0: 0x80001c28 (0x41d2d9b3) sra     s3, t0, t4
core   0: 3 0x80001c28 (0x41d2d9b3) x19 0xfe000479
core   0: 0x80001c2c (0xf54d0113) addi    sp, s10, -172
core   0: 3 0x80001c2c (0xf54d0113) x 2 0x54c41fa4
core   0: 0x80001c30 (0x76f74c93) xori    s9, a4, 1903
core   0: 3 0x80001c30 (0x76f74c93) x25 0xd100076f
core   0: 0x80001c34 (0x4b28c693) xori    a3, a7, 1202
core   0: 3 0x80001c34 (0x4b28c693) x13 0x80011ad6
core   0: 0x80001c38 (0x00000013) nop
core   0: 3 0x80001c38 (0x00000013)
core   0: 0x80001c3c (0x6974ac97) auipc   s9, 0x6974a
core   0: 3 0x80001c3c (0x6974ac97) x25 0xe974bc3c
core   0: 0x80001c40 (0x00000013) nop
core   0: 3 0x80001c40 (0x00000013)
core   0: 0x80001c44 (0x00f075b3) and     a1, zero, a5
core   0: 3 0x80001c44 (0x00f075b3) x11 0x00000000
core   0: 0x80001c48 (0x017b1313) slli    t1, s6, 23
core   0: 3 0x80001c48 (0x017b1313) x 6 0x70800000
core   0: 0x80001c4c (0x0088af33) slt     t5, a7, s0
core   0: 3 0x80001c4c (0x0088af33) x30 0x00000001
core   0: 0x80001c50 (0x01ab4cb3) xor     s9, s6, s10
core   0: 3 0x80001c50 (0x01ab4cb3) x25 0xbc47b6b1
core   0: 0x80001c54 (0x57574513) xori    a0, a4, 1397
core   0: 3 0x80001c54 (0x57574513) x10 0xd1000575
core   0: 0x80001c58 (0xf502b793) sltiu   a5, t0, -176
core   0: 3 0x80001c58 (0xf502b793) x15 0x00000001
core   0: 0x80001c5c (0x00000013) nop
core   0: 3 0x80001c5c (0x00000013)
core   0: 0x80001c60 (0x4b2a8037) lui     zero, 0x4b2a8
core   0: 3 0x80001c60 (0x4b2a8037)
core   0: 0x80001c64 (0x01494a33) xor     s4, s2, s4
core   0: 3 0x80001c64 (0x01494a33) x20 0xacfc7774
core   0: 0x80001c68 (0x001bc6b3) xor     a3, s7, ra
core   0: 3 0x80001c68 (0x001bc6b3) x13 0x104447e2
core   0: 0x80001c6c (0x41950fb3) sub     t6, a0, s9
core   0: 3 0x80001c6c (0x41950fb3) x31 0x14b84ec4
core   0: 0x80001c70 (0x00725db3) srl     s11, tp, t2
core   0: 3 0x80001c70 (0x00725db3) x27 0x0b75e300
core   0: 0x80001c74 (0x409654b3) sra     s1, a2, s1
core   0: 3 0x80001c74 (0x409654b3) x 9 0x0000001d
core   0: 0x80001c78 (0x0069feb3) and     t4, s3, t1
core   0: 3 0x80001c78 (0x0069feb3) x29 0x70000000
core   0: 0x80001c7c (0xc07a4e93) xori    t4, s4, -1017
core   0: 3 0x80001c7c (0xc07a4e93) x29 0x53038b73
core   0: 0x80001c80 (0x8335e193) ori     gp, a1, -1997
core   0: 3 0x80001c80 (0x8335e193) x 3 0xfffff833
core   0: 0x80001c84 (0x2e1f3213) sltiu   tp, t5, 737
core   0: 3 0x80001c84 (0x2e1f3213) x 4 0x00000001
core   0: 0x80001c88 (0x0068aa33) slt     s4, a7, t1
core   0: 3 0x80001c88 (0x0068aa33) x20 0x00000001
core   0: 0x80001c8c (0x0008dc13) srli    s8, a7, 0
core   0: 3 0x80001c8c (0x0008dc13) x24 0x80011e64
core   0: 0x80001c90 (0x41e75f13) srai    t5, a4, 30
core   0: 3 0x80001c90 (0x41e75f13) x30 0xffffffff
core   0: 0x80001c94 (0x45c7c013) xori    zero, a5, 1116
core   0: 3 0x80001c94 (0x45c7c013)
core   0: 0x80001c98 (0x6ea90c13) addi    s8, s2, 1770
core   0: 3 0x80001c98 (0x6ea90c13) x24 0xe88398d6
core   0: 0x80001c9c (0x01f7bab3) sltu    s5, a5, t6
core   0: 3 0x80001c9c (0x01f7bab3) x21 0x00000001
core   0: 0x80001ca0 (0x00f63633) sltu    a2, a2, a5
core   0: 3 0x80001ca0 (0x00f63633) x12 0x00000000
core   0: 0x80001ca4 (0x4025d233) sra     tp, a1, sp
core   0: 3 0x80001ca4 (0x4025d233) x 4 0x00000000
core   0: 0x80001ca8 (0x464bef13) ori     t5, s7, 1124
core   0: 3 0x80001ca8 (0x464bef13) x30 0xefbbbee5
core   0: 0x80001cac (0x5d95ba13) sltiu   s4, a1, 1497
core   0: 3 0x80001cac (0x5d95ba13) x20 0x00000001
core   0: 0x80001cb0 (0x00000013) nop
core   0: 3 0x80001cb0 (0x00000013)
core   0: 0x80001cb4 (0x008ac7b3) xor     a5, s5, s0
core   0: 3 0x80001cb4 (0x008ac7b3) x15 0x00000000
core   0: 0x80001cb8 (0x01141793) slli    a5, s0, 17
core   0: 3 0x80001cb8 (0x01141793) x15 0x00020000
core   0: 0x80001cbc (0x00000013) nop
core   0: 3 0x80001cbc (0x00000013)
core   0: 0x80001cc0 (0x599e7937) lui     s2, 0x599e7
core   0: 3 0x80001cc0 (0x599e7937) x18 0x599e7000
core   0: 0x80001cc4 (0x728d0d93) addi    s11, s10, 1832
core   0: 3 0x80001cc4 (0x728d0d93) x27 0x54c42778
core   0: 0x80001cc8 (0xfb4a2613) slti    a2, s4, -76
core   0: 3 0x80001cc8 (0xfb4a2613) x12 0x00000000
core   0: 0x80001ccc (0x00000013) nop
core   0: 3 0x80001ccc (0x00000013)
core   0: 0x80001cd0 (0x00ec5a93) srli    s5, s8, 14
core   0: 3 0x80001cd0 (0x00ec5a93) x21 0x0003a20e
core   0: 0x80001cd4 (0x01b257b3) srl     a5, tp, s11
core   0: 3 0x80001cd4 (0x01b257b3) x15 0x00000000
core   0: 0x80001cd8 (0xc29c7cb7) lui     s9, 0xc29c7
core   0: 3 0x80001cd8 (0xc29c7cb7) x25 0xc29c7000
core   0: 0x80001cdc (0x409f0033) sub     zero, t5, s1
core   0: 3 0x80001cdc (0x409f0033)
core   0: 0x80001ce0 (0x41df5613) srai    a2, t5, 29
core   0: 3 0x80001ce0 (0x41df5613) x12 0xffffffff
core   0: 0x80001ce4 (0x01c09cb3) sll     s9, ra, t3
core   0: 3 0x80001ce4 (0x01c09cb3) x25 0xfffff206
core   0: 0x80001ce8 (0x0192d193) srli    gp, t0, 25
core   0: 3 0x80001ce8 (0x0192d193) x 3 0x00000078
core   0: 0x80001cec (0x01d1d4b3) srl     s1, gp, t4
core   0: 3 0x80001cec (0x01d1d4b3) x 9 0x00000000
core   0: 0x80001cf0 (0xcf5e6713) ori     a4, t3, -779
core   0: 3 0x80001cf0 (0xcf5e6713) x14 0xfffffcf5
core   0: 0x80001cf4 (0x0125b4b3) sltu    s1, a1, s2
core   0: 3 0x80001cf4 (0x0125b4b3) x 9 0x00000001
core   0: 0x80001cf8 (0x0007a5b3) slt     a1, a5, zero
core   0: 3 0x80001cf8 (0x0007a5b3) x11 0x00000000
core   0: 0x80001cfc (0x31458013) addi    zero, a1, 788
core   0: 3 0x80001cfc (0x31458013)
core   0: 0x80001d00 (0x15b4bf93) sltiu   t6, s1, 347
core   0: 3 0x80001d00 (0x15b4bf93) x31 0x00000001
core   0: 0x80001d04 (0x003b02b3) add     t0, s6, gp
core   0: 3 0x80001d04 (0x003b02b3) x 5 0xe8839759
core   0: 0x80001d08 (0x00000013) nop
core   0: 3 0x80001d08 (0x00000013)
core   0: 0x80001d0c (0x4deba213) slti    tp, s7, 1246
core   0: 3 0x80001d0c (0x4deba213) x 4 0x00000001
core   0: 0x80001d10 (0x00000013) nop
core   0: 3 0x80001d10 (0x00000013)
core   0: 0x80001d14 (0x0b010d93) addi    s11, sp, 176
core   0: 3 0x80001d14 (0x0b010d93) x27 0x54c42054
core   0: 0x80001d18 (0x01d4a4b3) slt     s1, s1, t4
core   0: 3 0x80001d18 (0x01d4a4b3) x 9 0x00000001
core   0: 0x80001d1c (0x015a9713) slli    a4, s5, 21
core   0: 3 0x80001d1c (0x015a9713) x14 0x41c00000
core   0: 0x80001d20 (0x01f06433) or      s0, zero, t6
core   0: 3 0x80001d20 (0x01f06433) x 8 0x00000001
core   0: 0x80001d24 (0xf4f33c93) sltiu   s9, t1, -177
core   0: 3 0x80001d24 (0xf4f33c93) x25 0x00000001
core   0: 0x80001d28 (0x0e397a93) andi    s5, s2, 227
core   0: 3 0x80001d28 (0x0e397a93) x21 0x00000000
core   0: 0x80001d2c (0x4018d2b3) sra     t0, a7, ra
core   0: 3 0x80001d2c (0x4018d2b3) x 5 0xf00023cc
core   0: 0x80001d30 (0xc4406b97) auipc   s7, 0xc4406
core   0: 3 0x80001d30 (0xc4406b97) x23 0x44407d30
core   0: 0x80001d34 (0xdd4fe293) ori     t0, t6, -556
core   0: 3 0x80001d34 (0xdd4fe293) x 5 0xfffffdd5
core   0: 0x80001d38 (0x015f1bb3) sll     s7, t5, s5
core   0: 3 0x80001d38 (0x015f1bb3) x23 0xefbbbee5
core   0: 0x80001d3c (0x00e8b2b3) sltu    t0, a7, a4
core   0: 3 0x80001d3c (0x00e8b2b3) x 5 0x00000000
core   0: 0x80001d40 (0x01bc3033) sltu    zero, s8, s11
core   0: 3 0x80001d40 (0x01bc3033)
core   0: 0x80001d44 (0x0191d793) srli    a5, gp, 25
core   0: 3 0x80001d44 (0x0191d793) x15 0x00000000
core   0: 0x80001d48 (0x0031ac33) slt     s8, gp, gp
core   0: 3 0x80001d48 (0x0031ac33) x24 0x00000000
core   0: 0x80001d4c (0x00659b93) slli    s7, a1, 6
core   0: 3 0x80001d4c (0x00659b93) x23 0x00000000
core   0: 0x80001d50 (0x0a527d93) andi    s11, tp, 165
core   0: 3 0x80001d50 (0x0a527d93) x27 0x00000001
core   0: 0x80001d54 (0x01a75733) srl     a4, a4, s10
core   0: 3 0x80001d54 (0x01a75733) x14 0x000041c0
core   0: 0x80001d58 (0x4faf4793) xori    a5, t5, 1274
core   0: 3 0x80001d58 (0x4faf4793) x15 0xefbbba1f
core   0: 0x80001d5c (0x00a3c333) xor     t1, t2, a0
core   0: 3 0x80001d5c (0x00a3c333) x 6 0x51015991
core   0: 0x80001d60 (0x00c41a13) slli    s4, s0, 12
core   0: 3 0x80001d60 (0x00c41a13) x20 0x00001000
core   0: 0x80001d64 (0x00b19f13) slli    t5, gp, 11
core   0: 3 0x80001d64 (0x00b19f13) x30 0x0003c000
core   0: 0x80001d68 (0x0191c433) xor     s0, gp, s9
core   0: 3 0x80001d68 (0x0191c433) x 8 0x00000079
core   0: 0x80001d6c (0xcdc1e513) ori     a0, gp, -804
core   0: 3 0x80001d6c (0xcdc1e513) x10 0xfffffcfc
core   0: 0x80001d70 (0x00c21fb3) sll     t6, tp, a2
core   0: 3 0x80001d70 (0x00c21fb3) x31 0x80000000
core   0: 0x80001d74 (0x01b75413) srli    s0, a4, 27
core   0: 3 0x80001d74 (0x01b75413) x 8 0x00000000
core   0: 0x80001d78 (0x1b5a0d37) lui     s10, 0x1b5a0
core   0: 3 0x80001d78 (0x1b5a0d37) x26 0x1b5a0000
core   0: 0x80001d7c (0x0f85be93) sltiu   t4, a1, 248
core   0: 3 0x80001d7c (0x0f85be93) x29 0x00000001
core   0: 0x80001d80 (0x01787f33) and     t5, a6, s7
core   0: 3 0x80001d80 (0x01787f33) x30 0x00000000
core   0: 0x80001d84 (0x018b36b3) sltu    a3, s6, s8
core   0: 3 0x80001d84 (0x018b36b3) x13 0x00000000
core   0: 0x80001d88 (0x40ab55b3) sra     a1, s6, a0
core   0: 3 0x80001d88 (0x40ab55b3) x11 0xfffffffe
core   0: 0x80001d8c (0x00131b93) slli    s7, t1, 1
core   0: 3 0x80001d8c (0x00131b93) x23 0xa202b322
core   0: 0x80001d90 (0x2d344693) xori    a3, s0, 723
core   0: 3 0x80001d90 (0x2d344693) x13 0x000002d3
core   0: 0x80001d94 (0x009be7b3) or      a5, s7, s1
core   0: 3 0x80001d94 (0x009be7b3) x15 0xa202b323
core   0: 0x80001d98 (0x41300a33) sub     s4, zero, s3
core   0: 3 0x80001d98 (0x41300a33) x20 0x01fffb87
core   0: 0x80001d9c (0x4084ddb3) sra     s11, s1, s0
core   0: 3 0x80001d9c (0x4084ddb3) x27 0x00000001
core   0: 0x80001da0 (0x6e306293) ori     t0, zero, 1763
core   0: 3 0x80001da0 (0x6e306293) x 5 0x000006e3
core   0: 0x80001da4 (0x017f1fb3) sll     t6, t5, s7
core   0: 3 0x80001da4 (0x017f1fb3) x31 0x00000000
core   0: 0x80001da8 (0x000b9733) sll     a4, s7, zero
core   0: 3 0x80001da8 (0x000b9733) x14 0xa202b322
core   0: 0x80001dac (0x01f675b3) and     a1, a2, t6
core   0: 3 0x80001dac (0x01f675b3) x11 0x00000000
core   0: 0x80001db0 (0x413100b3) sub     ra, sp, s3
core   0: 3 0x80001db0 (0x413100b3) x 1 0x56c41b2b
core   0: 0x80001db4 (0xe7a2ef13) ori     t5, t0, -390
core   0: 3 0x80001db4 (0xe7a2ef13) x30 0xfffffefb
core   0: 0x80001db8 (0x00e3d333) srl     t1, t2, a4
core   0: 3 0x80001db8 (0x00e3d333) x 6 0x20005739
core   0: 0x80001dbc (0x002ba933) slt     s2, s7, sp
core   0: 3 0x80001dbc (0x002ba933) x18 0x00000001
core   0: 0x80001dc0 (0x01421493) slli    s1, tp, 20
core   0: 3 0x80001dc0 (0x01421493) x 9 0x00100000
core   0: 0x80001dc4 (0x01acd0b3) srl     ra, s9, s10
core   0: 3 0x80001dc4 (0x01acd0b3) x 1 0x00000001
core   0: 0x80001dc8 (0x013f67b3) or      a5, t5, s3
core   0: 3 0x80001dc8 (0x013f67b3) x15 0xfffffefb
core   0: 0x80001dcc (0x00abe333) or      t1, s7, a0
core   0: 3 0x80001dcc (0x00abe333) x 6 0xfffffffe
core   0: 0x80001dd0 (0x00000013) nop
core   0: 3 0x80001dd0 (0x00000013)
core   0: 0x80001dd4 (0x00177933) and     s2, a4, ra
core   0: 3 0x80001dd4 (0x00177933) x18 0x00000000
core   0: 0x80001dd8 (0x405bde13) srai    t3, s7, 5
core   0: 3 0x80001dd8 (0x405bde13) x28 0xfd101599
core   0: 0x80001ddc (0x019491b3) sll     gp, s1, s9
core   0: 3 0x80001ddc (0x019491b3) x 3 0x00200000
core   0: 0x80001de0 (0x40a550b3) sra     ra, a0, a0
core   0: 3 0x80001de0 (0x40a550b3) x 1 0xffffffff
core   0: 0x80001de4 (0x00db7bb3) and     s7, s6, a3
core   0: 3 0x80001de4 (0x00db7bb3) x23 0x000002c1
core   0: 0x80001de8 (0x01f0ea33) or      s4, ra, t6
core   0: 3 0x80001de8 (0x01f0ea33) x20 0xffffffff
core   0: 0x80001dec (0x4136fe93) andi    t4, a3, 1043
core   0: 3 0x80001dec (0x4136fe93) x29 0x00000013
core   0: 0x80001df0 (0xf0a38793) addi    a5, t2, -246
core   0: 3 0x80001df0 (0xf0a38793) x15 0x80015bee
core   0: 0x80001df4 (0xddb96ab7) lui     s5, 0xddb96
core   0: 3 0x80001df4 (0xddb96ab7) x21 0xddb96000
core   0: 0x80001df8 (0x0071c4b3) xor     s1, gp, t2
core   0: 3 0x80001df8 (0x0071c4b3) x 9 0x80215ce4
core   0: 0x80001dfc (0x40d18333) sub     t1, gp, a3
core   0: 3 0x80001dfc (0x40d18333) x 6 0x001ffd2d
core   0: 0x80001e00 (0x00751533) sll     a0, a0, t2
core   0: 3 0x80001e00 (0x00751533) x10 0xffffcfc0
core   0: 0x80001e04 (0x0037d593) srli    a1, a5, 3
core   0: 3 0x80001e04 (0x0037d593) x11 0x10002b7d
core   0: 0x80001e08 (0x001f94b3) sll     s1, t6, ra
core   0: 3 0x80001e08 (0x001f94b3) x 9 0x00000000
core   0: 0x80001e0c (0x01c2e133) or      sp, t0, t3
core   0: 3 0x80001e0c (0x01c2e133) x 2 0xfd1017fb
core   0: 0x80001e10 (0x00e04733) xor     a4, zero, a4
core   0: 3 0x80001e10 (0x00e04733) x14 0xa202b322
core   0: 0x80001e14 (0x0021f6b3) and     a3, gp, sp
core   0: 3 0x80001e14 (0x0021f6b3) x13 0x00000000
core   0: 0x80001e18 (0x00669f33) sll     t5, a3, t1
core   0: 3 0x80001e18 (0x00669f33) x30 0x00000000
core   0: 0x80001e1c (0x01e752b3) srl     t0, a4, t5
core   0: 3 0x80001e1c (0x01e752b3) x 5 0xa202b322
core   0: 0x80001e20 (0x6daae137) lui     sp, 0x6daae
core   0: 3 0x80001e20 (0x6daae137) x 2 0x6daae000
core   0: 0x80001e24 (0x412f5c93) srai    s9, t5, 18
core   0: 3 0x80001e24 (0x412f5c93) x25 0x00000000
core   0: 0x80001e28 (0x408e5e13) srai    t3, t3, 8
core   0: 3 0x80001e28 (0x408e5e13) x28 0xfffd1015
core   0: 0x80001e2c (0x22c14313) xori    t1, sp, 556
core   0: 3 0x80001e2c (0x22c14313) x 6 0x6daae22c
core   0: 0x80001e30 (0x008719b3) sll     s3, a4, s0
core   0: 3 0x80001e30 (0x008719b3) x19 0xa202b322
core   0: 0x80001e34 (0xf6c2eb93) ori     s7, t0, -148
core   0: 3 0x80001e34 (0xf6c2eb93) x23 0xffffff6e
core   0: 0x80001e38 (0x004a3f33) sltu    t5, s4, tp
core   0: 3 0x80001e38 (0x004a3f33) x30 0x00000000
core   0: 0x80001e3c (0x3bb26c93) ori     s9, tp, 955
core   0: 3 0x80001e3c (0x3bb26c93) x25 0x000003bb
core   0: 0x80001e40 (0x4165d513) srai    a0, a1, 22
core   0: 3 0x80001e40 (0x4165d513) x10 0x00000040
core   0: 0x80001e44 (0x01d01493) slli    s1, zero, 29
core   0: 3 0x80001e44 (0x01d01493) x 9 0x00000000
core   0: 0x80001e48 (0x78780013) addi    zero, a6, 1927
core   0: 3 0x80001e48 (0x78780013)
core   0: 0x80001e4c (0x00d5d7b3) srl     a5, a1, a3
core   0: 3 0x80001e4c (0x00d5d7b3) x15 0x10002b7d
core   0: 0x80001e50 (0x00f2ffb3) and     t6, t0, a5
core   0: 3 0x80001e50 (0x00f2ffb3) x31 0x00002320
core   0: 0x80001e54 (0x40b28233) sub     tp, t0, a1
core   0: 3 0x80001e54 (0x40b28233) x 4 0x920287a5
core   0: 0x80001e58 (0x00f50d33) add     s10, a0, a5
core   0: 3 0x80001e58 (0x00f50d33) x26 0x10002bbd
core   0: 0x80001e5c (0x74288113) addi    sp, a7, 1858
core   0: 3 0x80001e5c (0x74288113) x 2 0x800125a6
core   0: 0x80001e60 (0x036e1217) auipc   tp, 0x36e1
core   0: 3 0x80001e60 (0x036e1217) x 4 0x836e2e60
core   0: 0x80001e64 (0xe409eb93) ori     s7, s3, -448
core   0: 3 0x80001e64 (0xe409eb93) x23 0xffffff62
core   0: 0x80001e68 (0x15c46c13) ori     s8, s0, 348
core   0: 3 0x80001e68 (0x15c46c13) x24 0x0000015c
core   0: 0x80001e6c (0xdbe6b013) sltiu   zero, a3, -578
core   0: 3 0x80001e6c (0xdbe6b013)
core   0: 0x80001e70 (0x012c46b3) xor     a3, s8, s2
core   0: 3 0x80001e70 (0x012c46b3) x13 0x0000015c
core   0: 0x80001e74 (0xa3f7ea37) lui     s4, 0xa3f7e
core   0: 3 0x80001e74 (0xa3f7ea37) x20 0xa3f7e000
core   0: 0x80001e78 (0x017d0533) add     a0, s10, s7
core   0: 3 0x80001e78 (0x017d0533) x10 0x10002b1f
core   0: 0x80001e7c (0x6a534b93) xori    s7, t1, 1701
core   0: 3 0x80001e7c (0x6a534b93) x23 0x6daae489
core   0: 0x80001e80 (0x00847cb3) and     s9, s0, s0
core   0: 3 0x80001e80 (0x00847cb3) x25 0x00000000
core   0: 0x80001e84 (0x40cf5333) sra     t1, t5, a2
core   0: 3 0x80001e84 (0x40cf5333) x 6 0x00000000
core   0: 0x80001e88 (0x00612733) slt     a4, sp, t1
core   0: 3 0x80001e88 (0x00612733) x14 0x00000001
core   0: 0x80001e8c (0x9bf87d17) auipc   s10, 0x9bf87
core   0: 3 0x80001e8c (0x9bf87d17) x26 0x1bf88e8c
core   0: 0x80001e90 (0x00000013) nop
core   0: 3 0x80001e90 (0x00000013)
core   0: 0x80001e94 (0x115ca713) slti    a4, s9, 277
core   0: 3 0x80001e94 (0x115ca713) x14 0x00000001
core   0: 0x80001e98 (0x016b12b3) sll     t0, s6, s6
core   0: 3 0x80001e98 (0x016b12b3) x 5 0xd1072dc2
core   0: 0x80001e9c (0x00ffc333) xor     t1, t6, a5
core   0: 3 0x80001e9c (0x00ffc333) x 6 0x1000085d
core   0: 0x80001ea0 (0x26f33d13) sltiu   s10, t1, 623
core   0: 3 0x80001ea0 (0x26f33d13) x26 0x00000000
core   0: 0x80001ea4 (0x404cdeb3) sra     t4, s9, tp
core   0: 3 0x80001ea4 (0x404cdeb3) x29 0x00000000
core   0: 0x80001ea8 (0x012cc333) xor     t1, s9, s2
core   0: 3 0x80001ea8 (0x012cc333) x 6 0x00000000
core   0: 0x80001eac (0x009f10b3) sll     ra, t5, s1
core   0: 3 0x80001eac (0x009f10b3) x 1 0x00000000
core   0: 0x80001eb0 (0x15a98613) addi    a2, s3, 346
core   0: 3 0x80001eb0 (0x15a98613) x12 0xa202b47c
core   0: 0x80001eb4 (0x7c8ab337) lui     t1, 0x7c8ab
core   0: 3 0x80001eb4 (0x7c8ab337) x 6 0x7c8ab000
core   0: 0x80001eb8 (0x0013c333) xor     t1, t2, ra
core   0: 3 0x80001eb8 (0x0013c333) x 6 0x80015ce4
core   0: 0x80001ebc (0x01b6bbb3) sltu    s7, a3, s11
core   0: 3 0x80001ebc (0x01b6bbb3) x23 0x00000000
core   0: 0x80001ec0 (0x01c67eb3) and     t4, a2, t3
core   0: 3 0x80001ec0 (0x01c67eb3) x29 0xa2001014
core   0: 0x80001ec4 (0x01caebb3) or      s7, s5, t3
core   0: 3 0x80001ec4 (0x01caebb3) x23 0xfffd7015
core   0: 0x80001ec8 (0x7268e193) ori     gp, a7, 1830
core   0: 3 0x80001ec8 (0x7268e193) x 3 0x80011f66
core   0: 0x80001ecc (0x9c8c3213) sltiu   tp, s8, -1592
core   0: 3 0x80001ecc (0x9c8c3213) x 4 0x00000001
core   0: 0x80001ed0 (0x0008de13) srli    t3, a7, 0
core   0: 3 0x80001ed0 (0x0008de13) x28 0x80011e64
core   0: 0x80001ed4 (0x9b09bc93) sltiu   s9, s3, -1616
core   0: 3 0x80001ed4 (0x9b09bc93) x25 0x00000001
core   0: 0x80001ed8 (0x6cf23793) sltiu   a5, tp, 1743
core   0: 3 0x80001ed8 (0x6cf23793) x15 0x00000001
core   0: 0x80001edc (0x416bd713) srai    a4, s7, 22
core   0: 3 0x80001edc (0x416bd713) x14 0xffffffff
core   0: 0x80001ee0 (0xb2844d93) xori    s11, s0, -1240
core   0: 3 0x80001ee0 (0xb2844d93) x27 0xfffffb28
core   0: 0x80001ee4 (0x01c13933) sltu    s2, sp, t3
core   0: 3 0x80001ee4 (0x01c13933) x18 0x00000000
core   0: 0x80001ee8 (0x008d6833) or      a6, s10, s0
core   0: 3 0x80001ee8 (0x008d6833) x16 0x00000000
core   0: 0x80001eec (0x41b281b3) sub     gp, t0, s11
core   0: 3 0x80001eec (0x41b281b3) x 3 0xd107329a
core   0: 0x80001ef0 (0x84a9b5b7) lui     a1, 0x84a9b
core   0: 3 0x80001ef0 (0x84a9b5b7) x11 0x84a9b000
core   0: 0x80001ef4 (0xd5708593) addi    a1, ra, -681
core   0: 3 0x80001ef4 (0xd5708593) x11 0xfffffd57
core   0: 0x80001ef8 (0x00ba9913) slli    s2, s5, 11
core   0: 3 0x80001ef8 (0x00ba9913) x18 0xcb000000
core   0: 0x80001efc (0x0add5437) lui     s0, 0xadd5
core   0: 3 0x80001efc (0x0add5437) x 8 0x0add5000
core   0: 0x80001f00 (0x2f53fa93) andi    s5, t2, 757
core   0: 3 0x80001f00 (0x2f53fa93) x21 0x000000e4
core   0: 0x80001f04 (0x01752033) slt     zero, a0, s7
core   0: 3 0x80001f04 (0x01752033)
core   0: 0x80001f08 (0x01aeae33) slt     t3, t4, s10
core   0: 3 0x80001f08 (0x01aeae33) x28 0x00000001
core   0: 0x80001f0c (0x00229bb3) sll     s7, t0, sp
core   0: 3 0x80001f0c (0x00229bb3) x23 0x41cb7080
core   0: 0x80001f10 (0x00a6a233) slt     tp, a3, a0
core   0: 3 0x80001f10 (0x00a6a233) x 4 0x00000001
core   0: 0x80001f14 (0x407f8933) sub     s2, t6, t2
core   0: 3 0x80001f14 (0x407f8933) x18 0x7ffec63c
core   0: 0x80001f18 (0x699b4f13) xori    t5, s6, 1689
core   0: 3 0x80001f18 (0x699b4f13) x30 0xe8839078
core   0: 0x80001f1c (0x00e39f13) slli    t5, t2, 14
core   0: 3 0x80001f1c (0x00e39f13) x30 0x57390000
core   0: 0x80001f20 (0x00081ab3) sll     s5, a6, zero
core   0: 3 0x80001f20 (0x00081ab3) x21 0x00000000
core   0: 0x80001f24 (0x984bfd13) andi    s10, s7, -1660
core   0: 3 0x80001f24 (0x984bfd13) x26 0x41cb7080
core   0: 0x80001f28 (0x4008d6b3) sra     a3, a7, zero
core   0: 3 0x80001f28 (0x4008d6b3) x13 0x80011e64
core   0: 0x80001f2c (0x01677eb3) and     t4, a4, s6
core   0: 3 0x80001f2c (0x01677eb3) x29 0xe88396e1
core   0: 0x80001f30 (0x000ebfb3) sltu    t6, t4, zero
core   0: 3 0x80001f30 (0x000ebfb3) x31 0x00000000
core   0: 0x80001f34 (0x00fe1ab3) sll     s5, t3, a5
core   0: 3 0x80001f34 (0x00fe1ab3) x21 0x00000002
core   0: 0x80001f38 (0x005237b3) sltu    a5, tp, t0
core   0: 3 0x80001f38 (0x005237b3) x15 0x00000001
core   0: 0x80001f3c (0x01a4a733) slt     a4, s1, s10
core   0: 3 0x80001f3c (0x01a4a733) x14 0x00000001
core   0: 0x80001f40 (0x002efbb3) and     s7, t4, sp
core   0: 3 0x80001f40 (0x002efbb3) x23 0x800104a0
core   0: 0x80001f44 (0x2ba3e593) ori     a1, t2, 698
core   0: 3 0x80001f44 (0x2ba3e593) x11 0x80015efe
core   0: 0x80001f48 (0x1795bf13) sltiu   t5, a1, 377
core   0: 3 0x80001f48 (0x1795bf13) x30 0x00000000
core   0: 0x80001f4c (0x00000013) nop
core   0: 3 0x80001f4c (0x00000013)
core   0: 0x80001f50 (0x01839133) sll     sp, t2, s8
core   0: 3 0x80001f50 (0x01839133) x 2 0x40000000
core   0: 0x80001f54 (0x00209a93) slli    s5, ra, 2
core   0: 3 0x80001f54 (0x00209a93) x21 0x00000000
core   0: 0x80001f58 (0x0106c2b3) xor     t0, a3, a6
core   0: 3 0x80001f58 (0x0106c2b3) x 5 0x80011e64
core   0: 0x80001f5c (0x413f85b3) sub     a1, t6, s3
core   0: 3 0x80001f5c (0x413f85b3) x11 0x5dfd4cde
core   0: 0x80001f60 (0x013c41b3) xor     gp, s8, s3
core   0: 3 0x80001f60 (0x013c41b3) x 3 0xa202b27e
core   0: 0x80001f64 (0x56c1b793) sltiu   a5, gp, 1388
core   0: 3 0x80001f64 (0x56c1b793) x15 0x00000000
core   0: 0x80001f68 (0xfa862913) slti    s2, a2, -88
core   0: 3 0x80001f68 (0xfa862913) x18 0x00000001
core   0: 0x80001f6c (0x01e99c33) sll     s8, s3, t5
core   0: 3 0x80001f6c (0x01e99c33) x24 0xa202b322
core   0: 0x80001f70 (0x007e5813) srli    a6, t3, 7
core   0: 3 0x80001f70 (0x007e5813) x16 0x00000000
core   0: 0x80001f74 (0xc738e093) ori     ra, a7, -909
core   0: 3 0x80001f74 (0xc738e093) x 1 0xfffffe77
core   0: 0x80001f78 (0x01b6c133) xor     sp, a3, s11
core   0: 3 0x80001f78 (0x01b6c133) x 2 0x7ffee54c
core   0: 0x80001f7c (0x01fdc5b3) xor     a1, s11, t6
core   0: 3 0x80001f7c (0x01fdc5b3) x11 0xfffffb28
core   0: 0x80001f80 (0x009fc233) xor     tp, t6, s1
core   0: 3 0x80001f80 (0x009fc233) x 4 0x00000000
core   0: 0x80001f84 (0xc95f6013) ori     zero, t5, -875
core   0: 3 0x80001f84 (0xc95f6013)
core   0: 0x80001f88 (0x01a15333) srl     t1, sp, s10
core   0: 3 0x80001f88 (0x01a15333) x 6 0x7ffee54c
core   0: 0x80001f8c (0x014f4ab3) xor     s5, t5, s4
core   0: 3 0x80001f8c (0x014f4ab3) x21 0xa3f7e000
core   0: 0x80001f90 (0x00c195b3) sll     a1, gp, a2
core   0: 3 0x80001f90 (0x00c195b3) x11 0xe0000000
core   0: 0x80001f94 (0x01a28233) add     tp, t0, s10
core   0: 3 0x80001f94 (0x01a28233) x 4 0xc1cc8ee4
core   0: 0x80001f98 (0xbd1e0193) addi    gp, t3, -1071
core   0: 3 0x80001f98 (0xbd1e0193) x 3 0xfffffbd2
core   0: 0x80001f9c (0x015d4633) xor     a2, s10, s5
core   0: 3 0x80001f9c (0x015d4633) x12 0xe23c9080
core   0: 0x80001fa0 (0x018c8913) addi    s2, s9, 24
core   0: 3 0x80001fa0 (0x018c8913) x18 0x00000019
core   0: 0x80001fa4 (0xae672813) slti    a6, a4, -1306
core   0: 3 0x80001fa4 (0xae672813) x16 0x00000000
core   0: 0x80001fa8 (0x2050e037) lui     zero, 0x2050e
core   0: 3 0x80001fa8 (0x2050e037)
core   0: 0x80001fac (0x40b3d9b3) sra     s3, t2, a1
core   0: 3 0x80001fac (0x40b3d9b3) x19 0x80015ce4
core   0: 0x80001fb0 (0xf1074413) xori    s0, a4, -240
core   0: 3 0x80001fb0 (0xf1074413) x 8 0xffffff11
core   0: 0x80001fb4 (0x4169d433) sra     s0, s3, s6
core   0: 3 0x80001fb4 (0x4169d433) x 8 0xc000ae72
core   0: 0x80001fb8 (0xcfcb3f13) sltiu   t5, s6, -772
core   0: 3 0x80001fb8 (0xcfcb3f13) x30 0x00000001
core   0: 0x80001fbc (0x01fb1eb3) sll     t4, s6, t6
core   0: 3 0x80001fbc (0x01fb1eb3) x29 0xe88396e1
core   0: 0x80001fc0 (0xbce9ac13) slti    s8, s3, -1074
core   0: 3 0x80001fc0 (0xbce9ac13) x24 0x00000001
core   0: 0x80001fc4 (0x428ea613) slti    a2, t4, 1064
core   0: 3 0x80001fc4 (0x428ea613) x12 0x00000001
core   0: 0x80001fc8 (0xcf310437) lui     s0, 0xcf310
core   0: 3 0x80001fc8 (0xcf310437) x 8 0xcf310000
core   0: 0x80001fcc (0x0032a4b3) slt     s1, t0, gp
core   0: 3 0x80001fcc (0x0032a4b3) x 9 0x00000001
core   0: 0x80001fd0 (0x00f5de33) srl     t3, a1, a5
core   0: 3 0x80001fd0 (0x00f5de33) x28 0xe0000000
core   0: 0x80001fd4 (0x00c9b5b3) sltu    a1, s3, a2
core   0: 3 0x80001fd4 (0x00c9b5b3) x11 0x00000000
core   0: 0x80001fd8 (0x01f35a33) srl     s4, t1, t6
core   0: 3 0x80001fd8 (0x01f35a33) x20 0x7ffee54c
core   0: 0x80001fdc (0x00b39e93) slli    t4, t2, 11
core   0: 3 0x80001fdc (0x00b39e93) x29 0x0ae72000
core   0: 0x80001fe0 (0x017c3d33) sltu    s10, s8, s7
core   0: 3 0x80001fe0 (0x017c3d33) x26 0x00000001
core   0: 0x80001fe4 (0x003527b3) slt     a5, a0, gp
core   0: 3 0x80001fe4 (0x003527b3) x15 0x00000000
core   0: 0x80001fe8 (0x00be4433) xor     s0, t3, a1
core   0: 3 0x80001fe8 (0x00be4433) x 8 0xe0000000
core   0: 0x80001fec (0x0b9f8613) addi    a2, t6, 185
core   0: 3 0x80001fec (0x0b9f8613) x12 0x000000b9
core   0: 0x80001ff0 (0x0162f9b3) and     s3, t0, s6
core   0: 3 0x80001ff0 (0x0162f9b3) x19 0x80011660
core   0: 0x80001ff4 (0x00ae6ab3) or      s5, t3, a0
core   0: 3 0x80001ff4 (0x00ae6ab3) x21 0xf0002b1f
core   0: 0x80001ff8 (0x91203693) sltiu   a3, zero, -1774
core   0: 3 0x80001ff8 (0x91203693) x13 0x00000001
core   0: 0x80001ffc (0x01c4ec33) or      s8, s1, t3
core   0: 3 0x80001ffc (0x01c4ec33) x24 0xe0000001
core   0: 0x80002000 (0x013ea333) slt     t1, t4, s3
core   0: 3 0x80002000 (0x013ea333) x 6 0x00000000
core   0: 0x80002004 (0x00e9efb3) or      t6, s3, a4
core   0: 3 0x80002004 (0x00e9efb3) x31 0x80011661
core   0: 0x80002008 (0x97660f13) addi    t5, a2, -1674
core   0: 3 0x80002008 (0x97660f13) x30 0xfffffa2f
core   0: 0x8000200c (0x00000013) nop
core   0: 3 0x8000200c (0x00000013)
core   0: 0x80002010 (0x01557e33) and     t3, a0, s5
core   0: 3 0x80002010 (0x01557e33) x28 0x10002b1f
core   0: 0x80002014 (0x0035f433) and     s0, a1, gp
core   0: 3 0x80002014 (0x0035f433) x 8 0x00000000
core   0: 0x80002018 (0x00000013) nop
core   0: 3 0x80002018 (0x00000013)
core   0: 0x8000201c (0xf645f513) andi    a0, a1, -156
core   0: 3 0x8000201c (0xf645f513) x10 0x00000000
core   0: 0x80002020 (0x010b8933) add     s2, s7, a6
core   0: 3 0x80002020 (0x010b8933) x18 0x800104a0
core   0: 0x80002024 (0x39892693) slti    a3, s2, 920
core   0: 3 0x80002024 (0x39892693) x13 0x00000001
core   0: 0x80002028 (0x414a8933) sub     s2, s5, s4
core   0: 3 0x80002028 (0x414a8933) x18 0x700145d3
core   0: 0x8000202c (0x010a1f13) slli    t5, s4, 16
core   0: 3 0x8000202c (0x010a1f13) x30 0xe54c0000
core   0: 0x80002030 (0x2088ce93) xori    t4, a7, 520
core   0: 3 0x80002030 (0x2088ce93) x29 0x80011c6c
core   0: 0x80002034 (0x07f56993) ori     s3, a0, 127
core   0: 3 0x80002034 (0x07f56993) x19 0x0000007f
core   0: 0x80002038 (0x00d5fdb3) and     s11, a1, a3
core   0: 3 0x80002038 (0x00d5fdb3) x27 0x00000000
core   0: 0x8000203c (0x612294b7) lui     s1, 0x61229
core   0: 3 0x8000203c (0x612294b7) x 9 0x61229000
core   0: 0x80002040 (0x008d42b3) xor     t0, s10, s0
core   0: 3 0x80002040 (0x008d42b3) x 5 0x00000001
core   0: 0x80002044 (0x13ed4313) xori    t1, s10, 318
core   0: 3 0x80002044 (0x13ed4313) x 6 0x0000013f
core   0: 0x80002048 (0x13dc6c13) ori     s8, s8, 317
core   0: 3 0x80002048 (0x13dc6c13) x24 0xe000013d
core   0: 0x8000204c (0x00d4b333) sltu    t1, s1, a3
core   0: 3 0x8000204c (0x00d4b333) x 6 0x00000000
core   0: 0x80002050 (0x717f4a13) xori    s4, t5, 1815
core   0: 3 0x80002050 (0x717f4a13) x20 0xe54c0717
core   0: 0x80002054 (0x00ec15b3) sll     a1, s8, a4
core   0: 3 0x80002054 (0x00ec15b3) x11 0xc000027a
core   0: 0x80002058 (0x40648433) sub     s0, s1, t1
core   0: 3 0x80002058 (0x40648433) x 8 0x61229000
core   0: 0x8000205c (0x81076413) ori     s0, a4, -2032
core   0: 3 0x8000205c (0x81076413) x 8 0xfffff811
core   0: 0x80002060 (0x33f06017) auipc   zero, 0x33f06
core   0: 3 0x80002060 (0x33f06017)
core   0: 0x80002064 (0x01b25f93) srli    t6, tp, 27
core   0: 3 0x80002064 (0x01b25f93) x31 0x00000018
core   0: 0x80002068 (0xd4320913) addi    s2, tp, -701
core   0: 3 0x80002068 (0xd4320913) x18 0xc1cc8c27
core   0: 0x8000206c (0x01fcd493) srli    s1, s9, 31
core   0: 3 0x8000206c (0x01fcd493) x 9 0x00000000
core   0: 0x80002070 (0x0190d793) srli    a5, ra, 25
core   0: 3 0x80002070 (0x0190d793) x15 0x0000007f
core   0: 0x80002074 (0x40285c33) sra     s8, a6, sp
core   0: 3 0x80002074 (0x40285c33) x24 0x00000000
core   0: 0x80002078 (0x00000013) nop
core   0: 3 0x80002078 (0x00000013)
core   0: 0x8000207c (0x0067d933) srl     s2, a5, t1
core   0: 3 0x8000207c (0x0067d933) x18 0x0000007f
core   0: 0x80002080 (0xf5c51717) auipc   a4, 0xf5c51
core   0: 3 0x80002080 (0xf5c51717) x14 0x75c53080
core   0: 0x80002084 (0x00987833) and     a6, a6, s1
core   0: 3 0x80002084 (0x00987833) x16 0x00000000
core   0: 0x80002088 (0x01acadb3) slt     s11, s9, s10
core   0: 3 0x80002088 (0x01acadb3) x27 0x00000000
core   0: 0x8000208c (0xd8083197) auipc   gp, 0xd8083
core   0: 3 0x8000208c (0xd8083197) x 3 0x5808508c
core   0: 0x80002090 (0x3f976a93) ori     s5, a4, 1017
core   0: 3 0x80002090 (0x3f976a93) x21 0x75c533f9
core   0: 0x80002094 (0x3b472c93) slti    s9, a4, 948
core   0: 3 0x80002094 (0x3b472c93) x25 0x00000000
core   0: 0x80002098 (0x8ed8bb93) sltiu   s7, a7, -1811
core   0: 3 0x80002098 (0x8ed8bb93) x23 0x00000001
core   0: 0x8000209c (0x4154dc33) sra     s8, s1, s5
core   0: 3 0x8000209c (0x4154dc33) x24 0x00000000
core   0: 0x800020a0 (0xae727793) andi    a5, tp, -1305
core   0: 3 0x800020a0 (0xae727793) x15 0xc1cc8ae4
core   0: 0x800020a4 (0x41c4d693) srai    a3, s1, 28
core   0: 3 0x800020a4 (0x41c4d693) x13 0x00000000
core   0: 0x800020a8 (0xed93ff13) andi    t5, t2, -295
core   0: 3 0x800020a8 (0xed93ff13) x30 0x80015cc0
core   0: 0x800020ac (0x003390b3) sll     ra, t2, gp
core   0: 3 0x800020ac (0x003390b3) x 1 0x15ce4000
core   0: 0x800020b0 (0x003a9cb3) sll     s9, s5, gp
core   0: 3 0x800020b0 (0x003a9cb3) x25 0x533f9000
core   0: 0x800020b4 (0x009fe7b3) or      a5, t6, s1
core   0: 3 0x800020b4 (0x009fe7b3) x15 0x00000018
core   0: 0x800020b8 (0x00164ab3) xor     s5, a2, ra
core   0: 3 0x800020b8 (0x00164ab3) x21 0x15ce40b9
core   0: 0x800020bc (0x00e9e233) or      tp, s3, a4
core   0: 3 0x800020bc (0x00e9e233) x 4 0x75c530ff
core   0: 0x800020c0 (0x01b85533) srl     a0, a6, s11
core   0: 3 0x800020c0 (0x01b85533) x10 0x00000000
core   0: 0x800020c4 (0x00595713) srli    a4, s2, 5
core   0: 3 0x800020c4 (0x00595713) x14 0x00000003
core   0: 0x800020c8 (0x6d590bb7) lui     s7, 0x6d590
core   0: 3 0x800020c8 (0x6d590bb7) x23 0x6d590000
core   0: 0x800020cc (0x2017f593) andi    a1, a5, 513
core   0: 3 0x800020cc (0x2017f593) x11 0x00000000
core   0: 0x800020d0 (0x0190da13) srli    s4, ra, 25
core   0: 3 0x800020d0 (0x0190da13) x20 0x0000000a
core   0: 0x800020d4 (0x0067dab3) srl     s5, a5, t1
core   0: 3 0x800020d4 (0x0067dab3) x21 0x00000018
core   0: 0x800020d8 (0x00000013) nop
core   0: 3 0x800020d8 (0x00000013)
core   0: 0x800020dc (0x01eb8833) add     a6, s7, t5
core   0: 3 0x800020dc (0x01eb8833) x16 0xed5a5cc0
core   0: 0x800020e0 (0x40a9d813) srai    a6, s3, 10
core   0: 3 0x800020e0 (0x40a9d813) x16 0x00000000
core   0: 0x800020e4 (0x6aac2e93) slti    t4, s8, 1706
core   0: 3 0x800020e4 (0x6aac2e93) x29 0x00000001
core   0: 0x800020e8 (0x008d9413) slli    s0, s11, 8
core   0: 3 0x800020e8 (0x008d9413) x 8 0x00000000
core   0: 0x800020ec (0x5b1fbe13) sltiu   t3, t6, 1457
core   0: 3 0x800020ec (0x5b1fbe13) x28 0x00000001
core   0: 0x800020f0 (0x01b75ab3) srl     s5, a4, s11
core   0: 3 0x800020f0 (0x01b75ab3) x21 0x00000003
core   0: 0x800020f4 (0x41c48d33) sub     s10, s1, t3
core   0: 3 0x800020f4 (0x41c48d33) x26 0xffffffff
core   0: 0x800020f8 (0x01cfb1b3) sltu    gp, t6, t3
core   0: 3 0x800020f8 (0x01cfb1b3) x 3 0x00000000
core   0: 0x800020fc (0xf72e6c13) ori     s8, t3, -142
core   0: 3 0x800020fc (0xf72e6c13) x24 0xffffff73
core   0: 0x80002100 (0x40925413) srai    s0, tp, 9
core   0: 3 0x80002100 (0x40925413) x 8 0x003ae298
core   0: 0x80002104 (0x41555a93) srai    s5, a0, 21
core   0: 3 0x80002104 (0x41555a93) x21 0x00000000
core   0: 0x80002108 (0x0006f733) and     a4, a3, zero
core   0: 3 0x80002108 (0x0006f733) x14 0x00000000
core   0: 0x8000210c (0x00c53633) sltu    a2, a0, a2
core   0: 3 0x8000210c (0x00c53633) x12 0x00000001
core   0: 0x80002110 (0x0188c933) xor     s2, a7, s8
core   0: 3 0x80002110 (0x0188c933) x18 0x7ffee117
core   0: 0x80002114 (0x00149313) slli    t1, s1, 1
core   0: 3 0x80002114 (0x00149313) x 6 0x00000000
core   0: 0x80002118 (0x41fdd693) srai    a3, s11, 31
core   0: 3 0x80002118 (0x41fdd693) x13 0x00000000
core   0: 0x8000211c (0x005fd293) srli    t0, t6, 5
core   0: 3 0x8000211c (0x005fd293) x 5 0x00000000
core   0: 0x80002120 (0x01d82cb3) slt     s9, a6, t4
core   0: 3 0x80002120 (0x01d82cb3) x25 0x00000001
core   0: 0x80002124 (0x42f87e13) andi    t3, a6, 1071
core   0: 3 0x80002124 (0x42f87e13) x28 0x00000000
core   0: 0x80002128 (0x329fa693) slti    a3, t6, 809
core   0: 3 0x80002128 (0x329fa693) x13 0x00000001
core   0: 0x8000212c (0x40d6d233) sra     tp, a3, a3
core   0: 3 0x8000212c (0x40d6d233) x 4 0x00000000
core   0: 0x80002130 (0x45d40c93) addi    s9, s0, 1117
core   0: 3 0x80002130 (0x45d40c93) x25 0x003ae6f5
core   0: 0x80002134 (0x409cd613) srai    a2, s9, 9
core   0: 3 0x80002134 (0x409cd613) x12 0x00001d73
core   0: 0x80002138 (0x5b2bb113) sltiu   sp, s7, 1458
core   0: 3 0x80002138 (0x5b2bb113) x 2 0x00000000
core   0: 0x8000213c (0x8748be93) sltiu   t4, a7, -1932
core   0: 3 0x8000213c (0x8748be93) x29 0x00000001
core   0: 0x80002140 (0x01285eb3) srl     t4, a6, s2
core   0: 3 0x80002140 (0x01285eb3) x29 0x00000000
core   0: 0x80002144 (0x41f60833) sub     a6, a2, t6
core   0: 3 0x80002144 (0x41f60833) x16 0x00001d5b
core   0: 0x80002148 (0x00000013) nop
core   0: 3 0x80002148 (0x00000013)
core   0: 0x8000214c (0x01255e13) srli    t3, a0, 18
core   0: 3 0x8000214c (0x01255e13) x28 0x00000000
core   0: 0x80002150 (0x364fe413) ori     s0, t6, 868
core   0: 3 0x80002150 (0x364fe413) x 8 0x0000037c
core   0: 0x80002154 (0x01149313) slli    t1, s1, 17
core   0: 3 0x80002154 (0x01149313) x 6 0x00000000
core   0: 0x80002158 (0xbc3d8313) addi    t1, s11, -1085
core   0: 3 0x80002158 (0xbc3d8313) x 6 0xfffffbc3
core   0: 0x8000215c (0x402ad713) srai    a4, s5, 2
core   0: 3 0x8000215c (0x402ad713) x14 0x00000000
core   0: 0x80002160 (0x40a0dcb3) sra     s9, ra, a0
core   0: 3 0x80002160 (0x40a0dcb3) x25 0x15ce4000
core   0: 0x80002164 (0x000517b3) sll     a5, a0, zero
core   0: 3 0x80002164 (0x000517b3) x15 0x00000000
core   0: 0x80002168 (0x0174d093) srli    ra, s1, 23
core   0: 3 0x80002168 (0x0174d093) x 1 0x00000000
core   0: 0x8000216c (0x01043833) sltu    a6, s0, a6
core   0: 3 0x8000216c (0x01043833) x16 0x00000001
core   0: 0x80002170 (0x002801b3) add     gp, a6, sp
core   0: 3 0x80002170 (0x002801b3) x 3 0x00000001
core   0: 0x80002174 (0xd6a06197) auipc   gp, 0xd6a06
core   0: 3 0x80002174 (0xd6a06197) x 3 0x56a08174
core   0: 0x80002178 (0x01803833) snez    a6, s8
core   0: 3 0x80002178 (0x01803833) x16 0x00000001
core   0: 0x8000217c (0x20eecf13) xori    t5, t4, 526
core   0: 3 0x8000217c (0x20eecf13) x30 0x0000020e
core   0: 0x80002180 (0x82d1da17) auipc   s4, 0x82d1d
core   0: 3 0x80002180 (0x82d1da17) x20 0x02d1f180
core   0: 0x80002184 (0x000c5233) srl     tp, s8, zero
core   0: 3 0x80002184 (0x000c5233) x 4 0xffffff73
core   0: 0x80002188 (0x01b76f33) or      t5, a4, s11
core   0: 3 0x80002188 (0x01b76f33) x30 0x00000000
core   0: 0x8000218c (0x80d70b93) addi    s7, a4, -2035
core   0: 3 0x8000218c (0x80d70b93) x23 0xfffff80d
core   0: 0x80002190 (0x53b8cf93) xori    t6, a7, 1339
core   0: 3 0x80002190 (0x53b8cf93) x31 0x80011b5f
core   0: 0x80002194 (0x0123da93) srli    s5, t2, 18
core   0: 3 0x80002194 (0x0123da93) x21 0x00002000
core   0: 0x80002198 (0x004d1693) slli    a3, s10, 4
core   0: 3 0x80002198 (0x004d1693) x13 0xfffffff0
core   0: 0x8000219c (0x002316b3) sll     a3, t1, sp
core   0: 3 0x8000219c (0x002316b3) x13 0xfffffbc3
core   0: 0x800021a0 (0x00e77133) and     sp, a4, a4
core   0: 3 0x800021a0 (0x00e77133) x 2 0x00000000
core   0: 0x800021a4 (0x0195a333) slt     t1, a1, s9
core   0: 3 0x800021a4 (0x0195a333) x 6 0x00000001
core   0: 0x800021a8 (0x611c5537) lui     a0, 0x611c5
core   0: 3 0x800021a8 (0x611c5537) x10 0x611c5000
core   0: 0x800021ac (0xbc516013) ori     zero, sp, -1083
core   0: 3 0x800021ac (0xbc516013)
core   0: 0x800021b0 (0x0017d993) srli    s3, a5, 1
core   0: 3 0x800021b0 (0x0017d993) x19 0x00000000
core   0: 0x800021b4 (0x005a6433) or      s0, s4, t0
core   0: 3 0x800021b4 (0x005a6433) x 8 0x02d1f180
core   0: 0x800021b8 (0x00121913) slli    s2, tp, 1
core   0: 3 0x800021b8 (0x00121913) x18 0xfffffee6
core   0: 0x800021bc (0x7b482993) slti    s3, a6, 1972
core   0: 3 0x800021bc (0x7b482993) x19 0x00000001
core   0: 0x800021c0 (0x3894f213) andi    tp, s1, 905
core   0: 3 0x800021c0 (0x3894f213) x 4 0x00000000
core   0: 0x800021c4 (0xac69ba93) sltiu   s5, s3, -1338
core   0: 3 0x800021c4 (0xac69ba93) x21 0x00000001
core   0: 0x800021c8 (0x01a09693) slli    a3, ra, 26
core   0: 3 0x800021c8 (0x01a09693) x13 0x00000000
core   0: 0x800021cc (0x00000013) nop
core   0: 3 0x800021cc (0x00000013)
core   0: 0x800021d0 (0x555a6693) ori     a3, s4, 1365
core   0: 3 0x800021d0 (0x555a6693) x13 0x02d1f5d5
core   0: 0x800021d4 (0xed82fd13) andi    s10, t0, -296
core   0: 3 0x800021d4 (0xed82fd13) x26 0x00000000
core   0: 0x800021d8 (0x01a0a933) slt     s2, ra, s10
core   0: 3 0x800021d8 (0x01a0a933) x18 0x00000000
core   0: 0x800021dc (0xfd3d6613) ori     a2, s10, -45
core   0: 3 0x800021dc (0xfd3d6613) x12 0xffffffd3
core   0: 0x800021e0 (0xabc361b7) lui     gp, 0xabc36
core   0: 3 0x800021e0 (0xabc361b7) x 3 0xabc36000
core   0: 0x800021e4 (0x41b68bb3) sub     s7, a3, s11
core   0: 3 0x800021e4 (0x41b68bb3) x23 0x02d1f5d5
core   0: 0x800021e8 (0x0088a6b3) slt     a3, a7, s0
core   0: 3 0x800021e8 (0x0088a6b3) x13 0x00000001
core   0: 0x800021ec (0x01301eb3) sll     t4, zero, s3
core   0: 3 0x800021ec (0x01301eb3) x29 0x00000000
core   0: 0x800021f0 (0x9dee6e93) ori     t4, t3, -1570
core   0: 3 0x800021f0 (0x9dee6e93) x29 0xfffff9de
core   0: 0x800021f4 (0xcfdf6c13) ori     s8, t5, -771
core   0: 3 0x800021f4 (0xcfdf6c13) x24 0xfffffcfd
core   0: 0x800021f8 (0x003f7bb3) and     s7, t5, gp
core   0: 3 0x800021f8 (0x003f7bb3) x23 0x00000000
core   0: 0x800021fc (0x66b59817) auipc   a6, 0x66b59
core   0: 3 0x800021fc (0x66b59817) x16 0xe6b5b1fc
core   0: 0x80002200 (0x41095a33) sra     s4, s2, a6
core   0: 3 0x80002200 (0x41095a33) x20 0x00000000
core   0: 0x80002204 (0xce5ae497) auipc   s1, 0xce5ae
core   0: 3 0x80002204 (0xce5ae497) x 9 0x4e5b0204
core   0: 0x80002208 (0x00439a33) sll     s4, t2, tp
core   0: 3 0x80002208 (0x00439a33) x20 0x80015ce4
core   0: 0x8000220c (0xcde1c313) xori    t1, gp, -802
core   0: 3 0x8000220c (0xcde1c313) x 6 0x543c9cde
core   0: 0x80002210 (0x9da8a013) slti    zero, a7, -1574
core   0: 3 0x80002210 (0x9da8a013)
core   0: 0x80002214 (0x0185adb3) slt     s11, a1, s8
core   0: 3 0x80002214 (0x0185adb3) x27 0x00000000
core   0: 0x80002218 (0x003a1eb3) sll     t4, s4, gp
core   0: 3 0x80002218 (0x003a1eb3) x29 0x80015ce4
core   0: 0x8000221c (0x0053adb3) slt     s11, t2, t0
core   0: 3 0x8000221c (0x0053adb3) x27 0x00000001
core   0: 0x80002220 (0x017d5d33) srl     s10, s10, s7
core   0: 3 0x80002220 (0x017d5d33) x26 0x00000000
core   0: 0x80002224 (0x9641bd13) sltiu   s10, gp, -1692
core   0: 3 0x80002224 (0x9641bd13) x26 0x00000001
core   0: 0x80002228 (0x01bdee37) lui     t3, 0x1bde
core   0: 3 0x80002228 (0x01bdee37) x28 0x01bde000
core   0: 0x8000222c (0x410d5f93) srai    t6, s10, 16
core   0: 3 0x8000222c (0x410d5f93) x31 0x00000000
core   0: 0x80002230 (0x01d0c6b3) xor     a3, ra, t4
core   0: 3 0x80002230 (0x01d0c6b3) x13 0x80015ce4
core   0: 0x80002234 (0xe31e4793) xori    a5, t3, -463
core   0: 3 0x80002234 (0xe31e4793) x15 0xfe421e31
core   0: 0x80002238 (0x1e120217) auipc   tp, 0x1e120
core   0: 3 0x80002238 (0x1e120217) x 4 0x9e122238
core   0: 0x8000223c (0xf8f96d13) ori     s10, s2, -113
core   0: 3 0x8000223c (0xf8f96d13) x26 0xffffff8f
core   0: 0x80002240 (0x00000013) nop
core   0: 3 0x80002240 (0x00000013)
core   0: 0x80002244 (0x00440933) add     s2, s0, tp
core   0: 3 0x80002244 (0x00440933) x18 0xa0e413b8
core   0: 0x80002248 (0xf59b0717) auipc   a4, 0xf59b0
core   0: 3 0x80002248 (0xf59b0717) x14 0x759b2248
core   0: 0x8000224c (0xb3430237) lui     tp, 0xb3430
core   0: 3 0x8000224c (0xb3430237) x 4 0xb3430000
core   0: 0x80002250 (0xe2caf913) andi    s2, s5, -468
core   0: 3 0x80002250 (0xe2caf913) x18 0x00000000
core   0: 0x80002254 (0x01fd8c33) add     s8, s11, t6
core   0: 3 0x80002254 (0x01fd8c33) x24 0x00000001
core   0: 0x80002258 (0x01829293) slli    t0, t0, 24
core   0: 3 0x80002258 (0x01829293) x 5 0x00000000
core   0: 0x8000225c (0x009e9d33) sll     s10, t4, s1
core   0: 3 0x8000225c (0x009e9d33) x26 0x0015ce40
core   0: 0x80002260 (0x407ddc33) sra     s8, s11, t2
core   0: 3 0x80002260 (0x407ddc33) x24 0x00000000
core   0: 0x80002264 (0x00e060b3) or      ra, zero, a4
core   0: 3 0x80002264 (0x00e060b3) x 1 0x759b2248
core   0: 0x80002268 (0x00a40833) add     a6, s0, a0
core   0: 3 0x80002268 (0x00a40833) x16 0x63ee4180
core   0: 0x8000226c (0x007ea2b3) slt     t0, t4, t2
core   0: 3 0x8000226c (0x007ea2b3) x 5 0x00000000
core   0: 0x80002270 (0x7fd94993) xori    s3, s2, 2045
core   0: 3 0x80002270 (0x7fd94993) x19 0x000007fd
core   0: 0x80002274 (0x268cf793) andi    a5, s9, 616
core   0: 3 0x80002274 (0x268cf793) x15 0x00000000
core   0: 0x80002278 (0x0152ba33) sltu    s4, t0, s5
core   0: 3 0x80002278 (0x0152ba33) x20 0x00000001
core   0: 0x8000227c (0x01a3d133) srl     sp, t2, s10
core   0: 3 0x8000227c (0x01a3d133) x 2 0x80015ce4
core   0: 0x80002280 (0x00039113) slli    sp, t2, 0
core   0: 3 0x80002280 (0x00039113) x 2 0x80015ce4
core   0: 0x80002284 (0x01dfb1b3) sltu    gp, t6, t4
core   0: 3 0x80002284 (0x01dfb1b3) x 3 0x00000001
core   0: 0x80002288 (0x40365b93) srai    s7, a2, 3
core   0: 3 0x80002288 (0x40365b93) x23 0xfffffffa
core   0: 0x8000228c (0x96847313) andi    t1, s0, -1688
core   0: 3 0x8000228c (0x96847313) x 6 0x02d1f100
core   0: 0x80002290 (0x00000013) nop
core   0: 3 0x80002290 (0x00000013)
core   0: 0x80002294 (0x920cbd93) sltiu   s11, s9, -1760
core   0: 3 0x80002294 (0x920cbd93) x27 0x00000001
core   0: 0x80002298 (0x412c5d93) srai    s11, s8, 18
core   0: 3 0x80002298 (0x412c5d93) x27 0x00000000
core   0: 0x8000229c (0x00d85413) srli    s0, a6, 13
core   0: 3 0x8000229c (0x00d85413) x 8 0x00031f72
core   0: 0x800022a0 (0x002975b3) and     a1, s2, sp
core   0: 3 0x800022a0 (0x002975b3) x11 0x00000000
core   0: 0x800022a4 (0x01ca37b3) sltu    a5, s4, t3
core   0: 3 0x800022a4 (0x01ca37b3) x15 0x00000001
core   0: 0x800022a8 (0x01518bb3) add     s7, gp, s5
core   0: 3 0x800022a8 (0x01518bb3) x23 0x00000002
core   0: 0x800022ac (0x41a35a33) sra     s4, t1, s10
core   0: 3 0x800022ac (0x41a35a33) x20 0x02d1f100
core   0: 0x800022b0 (0x00047bb3) and     s7, s0, zero
core   0: 3 0x800022b0 (0x00047bb3) x23 0x00000000
core   0: 0x800022b4 (0x00cdda13) srli    s4, s11, 12
core   0: 3 0x800022b4 (0x00cdda13) x20 0x00000000
core   0: 0x800022b8 (0x45c4ea97) auipc   s5, 0x45c4e
core   0: 3 0x800022b8 (0x45c4ea97) x21 0xc5c502b8
core   0: 0x800022bc (0x416a5193) srai    gp, s4, 22
core   0: 3 0x800022bc (0x416a5193) x 3 0x00000000
core   0: 0x800022c0 (0x01337db3) and     s11, t1, s3
core   0: 3 0x800022c0 (0x01337db3) x27 0x00000100
core   0: 0x800022c4 (0x44319837) lui     a6, 0x44319
core   0: 3 0x800022c4 (0x44319837) x16 0x44319000
core   0: 0x800022c8 (0x89144113) xori    sp, s0, -1903
core   0: 3 0x800022c8 (0x89144113) x 2 0xfffce7e3
core   0: 0x800022cc (0xac4db613) sltiu   a2, s11, -1340
core   0: 3 0x800022cc (0xac4db613) x12 0x00000001
core   0: 0x800022d0 (0x516d6093) ori     ra, s10, 1302
core   0: 3 0x800022d0 (0x516d6093) x 1 0x0015cf56
core   0: 0x800022d4 (0x00dab2b3) sltu    t0, s5, a3
core   0: 3 0x800022d4 (0x00dab2b3) x 5 0x00000000
core   0: 0x800022d8 (0x63af8c93) addi    s9, t6, 1594
core   0: 3 0x800022d8 (0x63af8c93) x25 0x0000063a
core   0: 0x800022dc (0x41a98933) sub     s2, s3, s10
core   0: 3 0x800022dc (0x41a98933) x18 0xffea39bd
core   0: 0x800022e0 (0x01b64233) xor     tp, a2, s11
core   0: 3 0x800022e0 (0x01b64233) x 4 0x00000101
core   0: 0x800022e4 (0x002104b3) add     s1, sp, sp
core   0: 3 0x800022e4 (0x002104b3) x 9 0xfff9cfc6
core   0: 0x800022e8 (0x15117717) auipc   a4, 0x15117
core   0: 3 0x800022e8 (0x15117717) x14 0x951192e8
core   0: 0x800022ec (0x41d0d333) sra     t1, ra, t4
core   0: 3 0x800022ec (0x41d0d333) x 6 0x00015cf5
core   0: 0x800022f0 (0x01a57ab3) and     s5, a0, s10
core   0: 3 0x800022f0 (0x01a57ab3) x21 0x00144000
core   0: 0x800022f4 (0x00267f33) and     t5, a2, sp
core   0: 3 0x800022f4 (0x00267f33) x30 0x00000001
core   0: 0x800022f8 (0x5485c113) xori    sp, a1, 1352
core   0: 3 0x800022f8 (0x5485c113) x 2 0x00000548
core   0: 0x800022fc (0x00a695b3) sll     a1, a3, a0
core   0: 3 0x800022fc (0x00a695b3) x11 0x80015ce4
core   0: 0x80002300 (0x013d1213) slli    tp, s10, 19
core   0: 3 0x80002300 (0x013d1213) x 4 0x72000000
core   0: 0x80002304 (0x01ad0233) add     tp, s10, s10
core   0: 3 0x80002304 (0x01ad0233) x 4 0x002b9c80
core   0: 0x80002308 (0x8072f737) lui     a4, 0x8072f
core   0: 3 0x80002308 (0x8072f737) x14 0x8072f000
core   0: 0x8000230c (0x0091a2b3) slt     t0, gp, s1
core   0: 3 0x8000230c (0x0091a2b3) x 5 0x00000000
core   0: 0x80002310 (0x011d1a13) slli    s4, s10, 17
core   0: 3 0x80002310 (0x011d1a13) x20 0x9c800000
core   0: 0x80002314 (0x1b020337) lui     t1, 0x1b020
core   0: 3 0x80002314 (0x1b020337) x 6 0x1b020000
core   0: 0x80002318 (0x407a5cb3) sra     s9, s4, t2
core   0: 3 0x80002318 (0x407a5cb3) x25 0xf9c80000
core   0: 0x8000231c (0xa7227113) andi    sp, tp, -1422
core   0: 3 0x8000231c (0xa7227113) x 2 0x002b9800
core   0: 0x80002320 (0xf2f16e13) ori     t3, sp, -209
core   0: 3 0x80002320 (0xf2f16e13) x28 0xffffff2f
core   0: 0x80002324 (0x01ec5c93) srli    s9, s8, 30
core   0: 3 0x80002324 (0x01ec5c93) x25 0x00000000
core   0: 0x80002328 (0xed4f0713) addi    a4, t5, -300
core   0: 3 0x80002328 (0xed4f0713) x14 0xfffffed5
core   0: 0x8000232c (0x011a5f93) srli    t6, s4, 17
core   0: 3 0x8000232c (0x011a5f93) x31 0x00004e40
core   0: 0x80002330 (0x40f98f33) sub     t5, s3, a5
core   0: 3 0x80002330 (0x40f98f33) x30 0x000007fc
core   0: 0x80002334 (0xdb19c213) xori    tp, s3, -591
core   0: 3 0x80002334 (0xdb19c213) x 4 0xfffffa4c
core   0: 0x80002338 (0x414ed313) srai    t1, t4, 20
core   0: 3 0x80002338 (0x414ed313) x 6 0xfffff800
core   0: 0x8000233c (0x41da5593) srai    a1, s4, 29
core   0: 3 0x8000233c (0x41da5593) x11 0xfffffffc
core   0: 0x80002340 (0x00000013) nop
core   0: 3 0x80002340 (0x00000013)
core   0: 0x80002344 (0x067ccf93) xori    t6, s9, 103
core   0: 3 0x80002344 (0x067ccf93) x31 0x00000067
core   0: 0x80002348 (0x00000013) nop
core   0: 3 0x80002348 (0x00000013)
core   0: 0x8000234c (0x006eecb3) or      s9, t4, t1
core   0: 3 0x8000234c (0x006eecb3) x25 0xfffffce4
core   0: 0x80002350 (0x00accab3) xor     s5, s9, a0
core   0: 3 0x80002350 (0x00accab3) x21 0x9ee3ace4
core   0: 0x80002354 (0x01eb1613) slli    a2, s6, 30
core   0: 3 0x80002354 (0x01eb1613) x12 0x40000000
core   0: 0x80002358 (0x45676713) ori     a4, a4, 1110
core   0: 3 0x80002358 (0x45676713) x14 0xfffffed7
core   0: 0x8000235c (0xbe96c213) xori    tp, a3, -1047
core   0: 3 0x8000235c (0xbe96c213) x 4 0x7ffea70d
core   0: 0x80002360 (0x0138e1b3) or      gp, a7, s3
core   0: 3 0x80002360 (0x0138e1b3) x 3 0x80011ffd
core   0: 0x80002364 (0x01668933) add     s2, a3, s6
core   0: 3 0x80002364 (0x01668933) x18 0x6884f3c5
core   0: 0x80002368 (0x0085fcb3) and     s9, a1, s0
core   0: 3 0x80002368 (0x0085fcb3) x25 0x00031f70
core   0: 0x8000236c (0xc2b4a913) slti    s2, s1, -981
core   0: 3 0x8000236c (0xc2b4a913) x18 0x00000001
core   0: 0x80002370 (0x35acf513) andi    a0, s9, 858
core   0: 3 0x80002370 (0x35acf513) x10 0x00000350
core   0: 0x80002374 (0x0153feb3) and     t4, t2, s5
core   0: 3 0x80002374 (0x0153feb3) x29 0x80010ce4
core   0: 0x80002378 (0x01d41113) slli    sp, s0, 29
core   0: 3 0x80002378 (0x01d41113) x 2 0x40000000
core   0: 0x8000237c (0x006b9e33) sll     t3, s7, t1
core   0: 3 0x8000237c (0x006b9e33) x28 0x00000000
core   0: 0x80002380 (0x00000013) nop
core   0: 3 0x80002380 (0x00000013)
core   0: 0x80002384 (0x0120d913) srli    s2, ra, 18
core   0: 3 0x80002384 (0x0120d913) x18 0x00000005
core   0: 0x80002388 (0x017e97b3) sll     a5, t4, s7
core   0: 3 0x80002388 (0x017e97b3) x15 0x80010ce4
core   0: 0x8000238c (0x0041cd33) xor     s10, gp, tp
core   0: 3 0x8000238c (0x0041cd33) x26 0xffffb8f0
core   0: 0x80002390 (0x70752413) slti    s0, a0, 1799
core   0: 3 0x80002390 (0x70752413) x 8 0x00000001
core   0: 0x80002394 (0x93ce2513) slti    a0, t3, -1732
core   0: 3 0x80002394 (0x93ce2513) x10 0x00000000
core   0: 0x80002398 (0x01663333) sltu    t1, a2, s6
core   0: 3 0x80002398 (0x01663333) x 6 0x00000001
core   0: 0x8000239c (0x0122d233) srl     tp, t0, s2
core   0: 3 0x8000239c (0x0122d233) x 4 0x00000000
core   0: 0x800023a0 (0x870de817) auipc   a6, 0x870de
core   0: 3 0x800023a0 (0x870de817) x16 0x070e03a0
core   0: 0x800023a4 (0x00666a13) ori     s4, a2, 6
core   0: 3 0x800023a4 (0x00666a13) x20 0x40000006
core   0: 0x800023a8 (0x004c9d93) slli    s11, s9, 4
core   0: 3 0x800023a8 (0x004c9d93) x27 0x0031f700
core   0: 0x800023ac (0x5d2e0d37) lui     s10, 0x5d2e0
core   0: 3 0x800023ac (0x5d2e0d37) x26 0x5d2e0000
core   0: 0x800023b0 (0x01d379b3) and     s3, t1, t4
core   0: 3 0x800023b0 (0x01d379b3) x19 0x00000000
core   0: 0x800023b4 (0x01959eb3) sll     t4, a1, s9
core   0: 3 0x800023b4 (0x01959eb3) x29 0xfffc0000
core   0: 0x800023b8 (0x01e7bfb3) sltu    t6, a5, t5
core   0: 3 0x800023b8 (0x01e7bfb3) x31 0x00000000
core   0: 0x800023bc (0x80000fb7) lui     t6, 0x80000
core   0: 3 0x800023bc (0x80000fb7) x31 0x80000000
core   0: 0x800023c0 (0x80000937) lui     s2, 0x80000
core   0: 3 0x800023c0 (0x80000937) x18 0x80000000
core   0: 0x800023c4 (0xfff00313) li      t1, -1
core   0: 3 0x800023c4 (0xfff00313) x 6 0xffffffff
core   0: 0x800023c8 (0xfff00c13) li      s8, -1
core   0: 3 0x800023c8 (0xfff00c13) x24 0xffffffff
core   0: 0x800023cc (0x80000d37) lui     s10, 0x80000
core   0: 3 0x800023cc (0x80000d37) x26 0x80000000
core   0: 0x800023d0 (0x00000293) li      t0, 0
core   0: 3 0x800023d0 (0x00000293) x 5 0x00000000
core   0: 0x800023d4 (0xfff00f13) li      t5, -1
core   0: 3 0x800023d4 (0xfff00f13) x30 0xffffffff
core   0: 0x800023d8 (0x00000993) li      s3, 0
core   0: 3 0x800023d8 (0x00000993) x19 0x00000000
core   0: 0x800023dc (0xfff00493) li      s1, -1
core   0: 3 0x800023dc (0xfff00493) x 9 0xffffffff
core   0: 0x800023e0 (0x407cbbb7) lui     s7, 0x407cb
core   0: 3 0x800023e0 (0x407cbbb7) x23 0x407cb000
core   0: 0x800023e4 (0xc85b8b93) addi    s7, s7, -891
core   0: 3 0x800023e4 (0xc85b8b93) x23 0x407cac85
core   0: 0x800023e8 (0x00000013) nop
core   0: 3 0x800023e8 (0x00000013)
core   0: 0x800023ec (0xf3952997) auipc   s3, 0xf3952
core   0: 3 0x800023ec (0xf3952997) x19 0x739543ec
core   0: 0x800023f0 (0x07022497) auipc   s1, 0x7022
core   0: 3 0x800023f0 (0x07022497) x 9 0x870243f0
core   0: 0x800023f4 (0x75c30293) addi    t0, t1, 1884
core   0: 3 0x800023f4 (0x75c30293) x 5 0x0000075b
core   0: 0x800023f8 (0x41ac0333) sub     t1, s8, s10
core   0: 3 0x800023f8 (0x41ac0333) x 6 0x7fffffff
core   0: 0x800023fc (0x5e328913) addi    s2, t0, 1507
core   0: 3 0x800023fc (0x5e328913) x18 0x00000d3e
core   0: 0x80002400 (0x41228333) sub     t1, t0, s2
core   0: 3 0x80002400 (0x41228333) x 6 0xfffffa1d
core   0: 0x80002404 (0x01348333) add     t1, s1, s3
core   0: 3 0x80002404 (0x01348333) x 6 0xfa9787dc
core   0: 0x80002408 (0xc7e30f93) addi    t6, t1, -898
core   0: 3 0x80002408 (0xc7e30f93) x31 0xfa97845a
core   0: 0x8000240c (0x41af0333) sub     t1, t5, s10
core   0: 3 0x8000240c (0x41af0333) x 6 0x7fffffff
core   0: 0x80002410 (0x98dc0293) addi    t0, s8, -1651
core   0: 3 0x80002410 (0x98dc0293) x 5 0xfffff98c
core   0: 0x80002414 (0xc9bd0c13) addi    s8, s10, -869
core   0: 3 0x80002414 (0xc9bd0c13) x24 0x7ffffc9b
core   0: 0x80002418 (0xfe0c14b7) lui     s1, 0xfe0c1
core   0: 3 0x80002418 (0xfe0c14b7) x 9 0xfe0c1000
core   0: 0x8000241c (0x1fe29317) auipc   t1, 0x1fe29
core   0: 3 0x8000241c (0x1fe29317) x 6 0x9fe2b41c
core   0: 0x80002420 (0xf1d87937) lui     s2, 0xf1d87
core   0: 3 0x80002420 (0xf1d87937) x18 0xf1d87000
core   0: 0x80002424 (0x41e30fb3) sub     t6, t1, t5
core   0: 3 0x80002424 (0x41e30fb3) x31 0x9fe2b41d
core   0: 0x80002428 (0x9bd69937) lui     s2, 0x9bd69
core   0: 3 0x80002428 (0x9bd69937) x18 0x9bd69000
core   0: 0x8000242c (0x00000013) nop
core   0: 3 0x8000242c (0x00000013)
core   0: 0x80002430 (0x01348bb3) add     s7, s1, s3
core   0: 3 0x80002430 (0x01348bb3) x23 0x71a153ec
core   0: 0x80002434 (0x7baf0c13) addi    s8, t5, 1978
core   0: 3 0x80002434 (0x7baf0c13) x24 0x000007b9
core   0: 0x80002438 (0x01a28333) add     t1, t0, s10
core   0: 3 0x80002438 (0x01a28333) x 6 0x7ffff98c
core   0: 0x8000243c (0x00000013) nop
core   0: 3 0x8000243c (0x00000013)
core   0: 0x80002440 (0x8b1862b7) lui     t0, 0x8b186
core   0: 3 0x80002440 (0x8b1862b7) x 5 0x8b186000
core   0: 0x80002444 (0x159f0d13) addi    s10, t5, 345
core   0: 3 0x80002444 (0x159f0d13) x26 0x00000158
core   0: 0x80002448 (0x00000013) nop
core   0: 3 0x80002448 (0x00000013)
core   0: 0x8000244c (0x01229733) sll     a4, t0, s2
core   0: 3 0x8000244c (0x01229733) x14 0x8b186000
core   0: 0x80002450 (0x98bea093) slti    ra, t4, -1653
core   0: 3 0x80002450 (0x98bea093) x 1 0x00000001
core   0: 0x80002454 (0x41ba5bb3) sra     s7, s4, s11
core   0: 3 0x80002454 (0x41ba5bb3) x23 0x40000006
core   0: 0x80002458 (0x018cccb3) xor     s9, s9, s8
core   0: 3 0x80002458 (0x018cccb3) x25 0x000318c9
core   0: 0x8000245c (0x55337a13) andi    s4, t1, 1363
core   0: 3 0x8000245c (0x55337a13) x20 0x00000100
core   0: 0x80002460 (0x01bc0eb3) add     t4, s8, s11
core   0: 3 0x80002460 (0x01bc0eb3) x29 0x0031feb9
core   0: 0x80002464 (0xed58ff13) andi    t5, a7, -299
core   0: 3 0x80002464 (0xed58ff13) x30 0x80011e44
core   0: 0x80002468 (0x00cd0433) add     s0, s10, a2
core   0: 3 0x80002468 (0x00cd0433) x 8 0x40000158
core   0: 0x8000246c (0x35682993) slti    s3, a6, 854
core   0: 3 0x8000246c (0x35682993) x19 0x00000000
core   0: 0x80002470 (0x00c415b3) sll     a1, s0, a2
core   0: 3 0x80002470 (0x00c415b3) x11 0x40000158
core   0: 0x80002474 (0x415ad013) srai    zero, s5, 21
core   0: 3 0x80002474 (0x415ad013)
core   0: 0x80002478 (0x01bd2733) slt     a4, s10, s11
core   0: 3 0x80002478 (0x01bd2733) x14 0x00000001
core   0: 0x8000247c (0x1ed63693) sltiu   a3, a2, 493
core   0: 3 0x8000247c (0x1ed63693) x13 0x00000000
core   0: 0x80002480 (0x624c34b7) lui     s1, 0x624c3
core   0: 3 0x80002480 (0x624c34b7) x 9 0x624c3000
core   0: 0x80002484 (0x014f0fb3) add     t6, t5, s4
core   0: 3 0x80002484 (0x014f0fb3) x31 0x80011f44
core   0: 0x80002488 (0x40de5133) sra     sp, t3, a3
core   0: 3 0x80002488 (0x40de5133) x 2 0x00000000
core   0: 0x8000248c (0x01973233) sltu    tp, a4, s9
core   0: 3 0x8000248c (0x01973233) x 4 0x00000001
core   0: 0x80002490 (0x1c22b713) sltiu   a4, t0, 450
core   0: 3 0x80002490 (0x1c22b713) x14 0x00000000
core   0: 0x80002494 (0x0009ddb3) srl     s11, s3, zero
core   0: 3 0x80002494 (0x0009ddb3) x27 0x00000000
core   0: 0x80002498 (0x012c4d33) xor     s10, s8, s2
core   0: 3 0x80002498 (0x012c4d33) x26 0x9bd697b9
core   0: 0x8000249c (0x00000013) nop
core   0: 3 0x8000249c (0x00000013)
core   0: 0x800024a0 (0x01f020b3) slt     ra, zero, t6
core   0: 3 0x800024a0 (0x01f020b3) x 1 0x00000000
core   0: 0x800024a4 (0x003a89b3) add     s3, s5, gp
core   0: 3 0x800024a4 (0x003a89b3) x19 0x1ee4cce1
core   0: 0x800024a8 (0xde107013) andi    zero, zero, -543
core   0: 3 0x800024a8 (0xde107013)
core   0: 0x800024ac (0x407d00b3) sub     ra, s10, t2
core   0: 3 0x800024ac (0x407d00b3) x 1 0x1bd53ad5
core   0: 0x800024b0 (0x01ea9933) sll     s2, s5, t5
core   0: 3 0x800024b0 (0x01ea9933) x18 0xee3ace40
core   0: 0x800024b4 (0x404e8f33) sub     t5, t4, tp
core   0: 3 0x800024b4 (0x404e8f33) x30 0x0031feb8
core   0: 0x800024b8 (0x40ce8f33) sub     t5, t4, a2
core   0: 3 0x800024b8 (0x40ce8f33) x30 0xc031feb9
core   0: 0x800024bc (0x009651b3) srl     gp, a2, s1
core   0: 3 0x800024bc (0x009651b3) x 3 0x40000000
core   0: 0x800024c0 (0x011e0fb3) add     t6, t3, a7
core   0: 3 0x800024c0 (0x011e0fb3) x31 0x80011e64
core   0: 0x800024c4 (0xf784c693) xori    a3, s1, -136
core   0: 3 0x800024c4 (0xf784c693) x13 0x9db3cf78
core   0: 0x800024c8 (0x0ae9a613) slti    a2, s3, 174
core   0: 3 0x800024c8 (0x0ae9a613) x12 0x00000000
core   0: 0x800024cc (0x00ad6ab3) or      s5, s10, a0
core   0: 3 0x800024cc (0x00ad6ab3) x21 0x9bd697b9
core   0: 0x800024d0 (0x5eb13d13) sltiu   s10, sp, 1515
core   0: 3 0x800024d0 (0x5eb13d13) x26 0x00000001
core   0: 0x800024d4 (0x00000013) nop
core   0: 3 0x800024d4 (0x00000013)
core   0: 0x800024d8 (0xd8062237) lui     tp, 0xd8062
core   0: 3 0x800024d8 (0xd8062237) x 4 0xd8062000
core   0: 0x800024dc (0xeb120f17) auipc   t5, 0xeb120
core   0: 3 0x800024dc (0xeb120f17) x30 0x6b1224dc
core   0: 0x800024e0 (0xef4aff93) andi    t6, s5, -268
core   0: 3 0x800024e0 (0xef4aff93) x31 0x9bd696b0
core   0: 0x800024e4 (0x41a1d013) srai    zero, gp, 26
core   0: 3 0x800024e4 (0x41a1d013)
core   0: 0x800024e8 (0x01bfd333) srl     t1, t6, s11
core   0: 3 0x800024e8 (0x01bfd333) x 6 0x9bd696b0
core   0: 0x800024ec (0x015f1993) slli    s3, t5, 21
core   0: 3 0x800024ec (0x015f1993) x19 0x9b800000
core   0: 0x800024f0 (0x007e5f93) srli    t6, t3, 7
core   0: 3 0x800024f0 (0x007e5f93) x31 0x00000000
core   0: 0x800024f4 (0x3a1a4817) auipc   a6, 0x3a1a4
core   0: 3 0x800024f4 (0x3a1a4817) x16 0xba1a64f4
core   0: 0x800024f8 (0x01239db3) sll     s11, t2, s2
core   0: 3 0x800024f8 (0x01239db3) x27 0x80015ce4
core   0: 0x800024fc (0xa613bcb7) lui     s9, 0xa613b
core   0: 3 0x800024fc (0xa613bcb7) x25 0xa613b000
core   0: 0x80002500 (0x5821f513) andi    a0, gp, 1410
core   0: 3 0x80002500 (0x5821f513) x10 0x00000000
core   0: 0x80002504 (0x00495c13) srli    s8, s2, 4
core   0: 3 0x80002504 (0x00495c13) x24 0x0ee3ace4
core   0: 0x80002508 (0x00000013) nop
core   0: 3 0x80002508 (0x00000013)
core   0: 0x8000250c (0x67ca8ab7) lui     s5, 0x67ca8
core   0: 3 0x8000250c (0x67ca8ab7) x21 0x67ca8000
core   0: 0x80002510 (0xe74be993) ori     s3, s7, -396
core   0: 3 0x80002510 (0xe74be993) x19 0xfffffe76
core   0: 0x80002514 (0x01b29933) sll     s2, t0, s11
core   0: 3 0x80002514 (0x01b29933) x18 0xb1860000
core   0: 0x80002518 (0x00b6c333) xor     t1, a3, a1
core   0: 3 0x80002518 (0x00b6c333) x 6 0xddb3ce20
core   0: 0x8000251c (0x05a4b993) sltiu   s3, s1, 90
core   0: 3 0x8000251c (0x05a4b993) x19 0x00000000
core   0: 0x80002520 (0x40878f33) sub     t5, a5, s0
core   0: 3 0x80002520 (0x40878f33) x30 0x40010b8c
core   0: 0x80002524 (0x41be52b3) sra     t0, t3, s11
core   0: 3 0x80002524 (0x41be52b3) x 5 0x00000000
core   0: 0x80002528 (0x014501b3) add     gp, a0, s4
core   0: 3 0x80002528 (0x014501b3) x 3 0x00000100
core   0: 0x8000252c (0x76b7f813) andi    a6, a5, 1899
core   0: 3 0x8000252c (0x76b7f813) x16 0x00000460
core   0: 0x80002530 (0xf1322293) slti    t0, tp, -237
core   0: 3 0x80002530 (0xf1322293) x 5 0x00000001
core   0: 0x80002534 (0x016e9213) slli    tp, t4, 22
core   0: 3 0x80002534 (0x016e9213) x 4 0xae400000
core   0: 0x80002538 (0x01102c33) slt     s8, zero, a7
core   0: 3 0x80002538 (0x01102c33) x24 0x00000000
core   0: 0x8000253c (0x006272b3) and     t0, tp, t1
core   0: 3 0x8000253c (0x006272b3) x 5 0x8c000000
core   0: 0x80002540 (0x40965193) srai    gp, a2, 9
core   0: 3 0x80002540 (0x40965193) x 3 0x00000000
core   0: 0x80002544 (0x17a8e937) lui     s2, 0x17a8e
core   0: 3 0x80002544 (0x17a8e937) x18 0x17a8e000
core   0: 0x80002548 (0x01082bb3) slt     s7, a6, a6
core   0: 3 0x80002548 (0x01082bb3) x23 0x00000000
core   0: 0x8000254c (0x41d35133) sra     sp, t1, t4
core   0: 3 0x8000254c (0x41d35133) x 2 0xffffffee
core   0: 0x80002550 (0x02c42f93) slti    t6, s0, 44
core   0: 3 0x80002550 (0x02c42f93) x31 0x00000000
core   0: 0x80002554 (0x28fcf297) auipc   t0, 0x28fcf
core   0: 3 0x80002554 (0x28fcf297) x 5 0xa8fd1554
core   0: 0x80002558 (0x413ad093) srai    ra, s5, 19
core   0: 3 0x80002558 (0x413ad093) x 1 0x00000cf9
core   0: 0x8000255c (0x01cdcbb3) xor     s7, s11, t3
core   0: 3 0x8000255c (0x01cdcbb3) x23 0x80015ce4
core   0: 0x80002560 (0x6e6d0613) addi    a2, s10, 1766
core   0: 3 0x80002560 (0x6e6d0613) x12 0x000006e7
core   0: 0x80002564 (0x004b2bb3) slt     s7, s6, tp
core   0: 3 0x80002564 (0x004b2bb3) x23 0x00000000
core   0: 0x80002568 (0x400389b3) sub     s3, t2, zero
core   0: 3 0x80002568 (0x400389b3) x19 0x80015ce4
core   0: 0x8000256c (0x01bfddb3) srl     s11, t6, s11
core   0: 3 0x8000256c (0x01bfddb3) x27 0x00000000
core   0: 0x80002570 (0xfe3607b7) lui     a5, 0xfe360
core   0: 3 0x80002570 (0xfe3607b7) x15 0xfe360000
core   0: 0x80002574 (0x41b201b3) sub     gp, tp, s11
core   0: 3 0x80002574 (0x41b201b3) x 3 0xae400000
core   0: 0x80002578 (0x406eda93) srai    s5, t4, 6
core   0: 3 0x80002578 (0x406eda93) x21 0x0000c7fa
core   0: 0x8000257c (0x411c8d33) sub     s10, s9, a7
core   0: 3 0x8000257c (0x411c8d33) x26 0x2612919c
core   0: 0x80002580 (0x004f0fb3) add     t6, t5, tp
core   0: 3 0x80002580 (0x004f0fb3) x31 0xee410b8c
core   0: 0x80002584 (0xefa8e137) lui     sp, 0xefa8e
core   0: 3 0x80002584 (0xefa8e137) x 2 0xefa8e000
core   0: 0x80002588 (0x94b10113) addi    sp, sp, -1717
core   0: 3 0x80002588 (0x94b10113) x 2 0xefa8d94b
core   0: 0x8000258c (0x80000fb7) lui     t6, 0x80000
core   0: 3 0x8000258c (0x80000fb7) x31 0x80000000
core   0: 0x80002590 (0x00000793) li      a5, 0
core   0: 3 0x80002590 (0x00000793) x15 0x00000000
core   0: 0x80002594 (0x80000c37) lui     s8, 0x80000
core   0: 3 0x80002594 (0x80000c37) x24 0x80000000
core   0: 0x80002598 (0x80000737) lui     a4, 0x80000
core   0: 3 0x80002598 (0x80000737) x14 0x80000000
core   0: 0x8000259c (0x80000337) lui     t1, 0x80000
core   0: 3 0x8000259c (0x80000337) x 6 0x80000000
core   0: 0x800025a0 (0x80000bb7) lui     s7, 0x80000
core   0: 3 0x800025a0 (0x80000bb7) x23 0x80000000
core   0: 0x800025a4 (0x00000c93) li      s9, 0
core   0: 3 0x800025a4 (0x00000c93) x25 0x00000000
core   0: 0x800025a8 (0xfff00293) li      t0, -1
core   0: 3 0x800025a8 (0xfff00293) x 5 0xffffffff
core   0: 0x800025ac (0x800005b7) lui     a1, 0x80000
core   0: 3 0x800025ac (0x800005b7) x11 0x80000000
core   0: 0x800025b0 (0x06eeacb7) lui     s9, 0x6eea
core   0: 3 0x800025b0 (0x06eeacb7) x25 0x06eea000
core   0: 0x800025b4 (0x69fb0c37) lui     s8, 0x69fb0
core   0: 3 0x800025b4 (0x69fb0c37) x24 0x69fb0000
core   0: 0x800025b8 (0x405582b3) sub     t0, a1, t0
core   0: 3 0x800025b8 (0x405582b3) x 5 0x80000001
core   0: 0x800025bc (0x00000013) nop
core   0: 3 0x800025bc (0x00000013)
core   0: 0x800025c0 (0x00000013) nop
core   0: 3 0x800025c0 (0x00000013)
core   0: 0x800025c4 (0x12dc2b97) auipc   s7, 0x12dc2
core   0: 3 0x800025c4 (0x12dc2b97) x23 0x92dc45c4
core   0: 0x800025c8 (0x00000013) nop
core   0: 3 0x800025c8 (0x00000013)
core   0: 0x800025cc (0x00000013) nop
core   0: 3 0x800025cc (0x00000013)
core   0: 0x800025d0 (0x463c8293) addi    t0, s9, 1123
core   0: 3 0x800025d0 (0x463c8293) x 5 0x06eea463
core   0: 0x800025d4 (0x89bf3cb7) lui     s9, 0x89bf3
core   0: 3 0x800025d4 (0x89bf3cb7) x25 0x89bf3000
core   0: 0x800025d8 (0x82d10317) auipc   t1, 0x82d10
core   0: 3 0x800025d8 (0x82d10317) x 6 0x02d125d8
core   0: 0x800025dc (0x00e28133) add     sp, t0, a4
core   0: 3 0x800025dc (0x00e28133) x 2 0x86eea463
core   0: 0x800025e0 (0x006c0cb3) add     s9, s8, t1
core   0: 3 0x800025e0 (0x006c0cb3) x25 0x6ccc25d8
core   0: 0x800025e4 (0x00bb85b3) add     a1, s7, a1
core   0: 3 0x800025e4 (0x00bb85b3) x11 0x12dc45c4
core   0: 0x800025e8 (0x00f10333) add     t1, sp, a5
core   0: 3 0x800025e8 (0x00f10333) x 6 0x86eea463
core   0: 0x800025ec (0x00000013) nop
core   0: 3 0x800025ec (0x00000013)
core   0: 0x800025f0 (0x42d33597) auipc   a1, 0x42d33
core   0: 3 0x800025f0 (0x42d33597) x11 0xc2d355f0
core   0: 0x800025f4 (0x419f8c33) sub     s8, t6, s9
core   0: 3 0x800025f4 (0x419f8c33) x24 0x1333da28
core   0: 0x800025f8 (0x41f302b3) sub     t0, t1, t6
core   0: 3 0x800025f8 (0x41f302b3) x 5 0x06eea463
core   0: 0x800025fc (0x72170b93) addi    s7, a4, 1825
core   0: 3 0x800025fc (0x72170b93) x23 0x80000721
core   0: 0x80002600 (0x00000013) nop
core   0: 3 0x80002600 (0x00000013)
core   0: 0x80002604 (0x00000013) nop
core   0: 3 0x80002604 (0x00000013)
core   0: 0x80002608 (0x01fc0133) add     sp, s8, t6
core   0: 3 0x80002608 (0x01fc0133) x 2 0x9333da28
core   0: 0x8000260c (0x01ff8cb3) add     s9, t6, t6
core   0: 3 0x8000260c (0x01ff8cb3) x25 0x00000000
core   0: 0x80002610 (0x47929c17) auipc   s8, 0x47929
core   0: 3 0x80002610 (0x47929c17) x24 0xc792b610
core   0: 0x80002614 (0x23f28113) addi    sp, t0, 575
core   0: 3 0x80002614 (0x23f28113) x 2 0x06eea6a2
core   0: 0x80002618 (0x00000013) nop
core   0: 3 0x80002618 (0x00000013)
core   0: 0x8000261c (0x01b9ffb3) and     t6, s3, s11
core   0: 3 0x8000261c (0x01b9ffb3) x31 0x00000000
core   0: 0x80002620 (0xbfd56413) ori     s0, a0, -1027
core   0: 3 0x80002620 (0xbfd56413) x 8 0xfffffbfd
core   0: 0x80002624 (0x1f10ca13) xori    s4, ra, 497
core   0: 3 0x80002624 (0x1f10ca13) x20 0x00000d08
core   0: 0x80002628 (0x40f75a13) srai    s4, a4, 15
core   0: 3 0x80002628 (0x40f75a13) x20 0xffff0000
core   0: 0x8000262c (0x412dd6b3) sra     a3, s11, s2
core   0: 3 0x8000262c (0x412dd6b3) x13 0x00000000
core   0: 0x80002630 (0x89b3e713) ori     a4, t2, -1893
core   0: 3 0x80002630 (0x89b3e713) x14 0xfffffcff
core   0: 0x80002634 (0x00000013) nop
core   0: 3 0x80002634 (0x00000013)
core   0: 0x80002638 (0x0092a2b3) slt     t0, t0, s1
core   0: 3 0x80002638 (0x0092a2b3) x 5 0x00000001
core   0: 0x8000263c (0xe5dde193) ori     gp, s11, -419
core   0: 3 0x8000263c (0xe5dde193) x 3 0xfffffe5d
core   0: 0x80002640 (0x40c30d33) sub     s10, t1, a2
core   0: 3 0x80002640 (0x40c30d33) x26 0x86ee9d7c
core   0: 0x80002644 (0x376da0b7) lui     ra, 0x376da
core   0: 3 0x80002644 (0x376da0b7) x 1 0x376da000
core   0: 0x80002648 (0x01a749b3) xor     s3, a4, s10
core   0: 3 0x80002648 (0x01a749b3) x19 0x79116183
core   0: 0x8000264c (0x40045693) srai    a3, s0, 0
core   0: 3 0x8000264c (0x40045693) x13 0xfffffbfd
core   0: 0x80002650 (0x0037ebb3) or      s7, a5, gp
core   0: 3 0x80002650 (0x0037ebb3) x23 0xfffffe5d
core   0: 0x80002654 (0x00000013) nop
core   0: 3 0x80002654 (0x00000013)
core   0: 0x80002658 (0x403c5593) srai    a1, s8, 3
core   0: 3 0x80002658 (0x403c5593) x11 0xf8f256c2
core   0: 0x8000265c (0x88604e13) xori    t3, zero, -1914
core   0: 3 0x8000265c (0x88604e13) x28 0xfffff886
core   0: 0x80002660 (0x0123b833) sltu    a6, t2, s2
core   0: 3 0x80002660 (0x0123b833) x16 0x00000000
core   0: 0x80002664 (0x01ab60b3) or      ra, s6, s10
core   0: 3 0x80002664 (0x01ab60b3) x 1 0xeeef9ffd
core   0: 0x80002668 (0x01e43333) sltu    t1, s0, t5
core   0: 3 0x80002668 (0x01e43333) x 6 0x00000000
core   0: 0x8000266c (0x8767af13) slti    t5, a5, -1930
core   0: 3 0x8000266c (0x8767af13) x30 0x00000000
core   0: 0x80002670 (0xa9156d93) ori     s11, a0, -1391
core   0: 3 0x80002670 (0xa9156d93) x27 0xfffffa91
core   0: 0x80002674 (0x0098c733) xor     a4, a7, s1
core   0: 3 0x80002674 (0x0098c733) x14 0xe24d2e64
core   0: 0x80002678 (0x00861593) slli    a1, a2, 8
core   0: 3 0x80002678 (0x00861593) x11 0x0006e700
core   0: 0x8000267c (0x01f4fdb3) and     s11, s1, t6
core   0: 3 0x8000267c (0x01f4fdb3) x27 0x00000000
core   0: 0x80002680 (0x00000013) nop
core   0: 3 0x80002680 (0x00000013)
core   0: 0x80002684 (0xb002a493) slti    s1, t0, -1280
core   0: 3 0x80002684 (0xb002a493) x 9 0x00000000
core   0: 0x80002688 (0x008019b3) sll     s3, zero, s0
core   0: 3 0x80002688 (0x008019b3) x19 0x00000000
core   0: 0x8000268c (0x00f081b3) add     gp, ra, a5
core   0: 3 0x8000268c (0x00f081b3) x 3 0xeeef9ffd
core   0: 0x80002690 (0x00e40833) add     a6, s0, a4
core   0: 3 0x80002690 (0x00e40833) x16 0xe24d2a61
core   0: 0x80002694 (0x3f836f13) ori     t5, t1, 1016
core   0: 3 0x80002694 (0x3f836f13) x30 0x000003f8
core   0: 0x80002698 (0x00c39e33) sll     t3, t2, a2
core   0: 3 0x80002698 (0x00c39e33) x28 0x00ae7200
core   0: 0x8000269c (0x00000013) nop
core   0: 3 0x8000269c (0x00000013)
core   0: 0x800026a0 (0xf363ea93) ori     s5, t2, -202
core   0: 3 0x800026a0 (0xf363ea93) x21 0xfffffff6
core   0: 0x800026a4 (0x00ad5d33) srl     s10, s10, a0
core   0: 3 0x800026a4 (0x00ad5d33) x26 0x86ee9d7c
core   0: 0x800026a8 (0x00da2733) slt     a4, s4, a3
core   0: 3 0x800026a8 (0x00da2733) x14 0x00000001
core   0: 0x800026ac (0x009fc033) xor     zero, t6, s1
core   0: 3 0x800026ac (0x009fc033)
core   0: 0x800026b0 (0x00000013) nop
core   0: 3 0x800026b0 (0x00000013)
core   0: 0x800026b4 (0x4167d1b3) sra     gp, a5, s6
core   0: 3 0x800026b4 (0x4167d1b3) x 3 0x00000000
core   0: 0x800026b8 (0x005c9cb3) sll     s9, s9, t0
core   0: 3 0x800026b8 (0x005c9cb3) x25 0x00000000
core   0: 0x800026bc (0x412ed113) srai    sp, t4, 18
core   0: 3 0x800026bc (0x412ed113) x 2 0x0000000c
core   0: 0x800026c0 (0x8c81a793) slti    a5, gp, -1848
core   0: 3 0x800026c0 (0x8c81a793) x15 0x00000000
core   0: 0x800026c4 (0x4062d1b3) sra     gp, t0, t1
core   0: 3 0x800026c4 (0x4062d1b3) x 3 0x00000001
core   0: 0x800026c8 (0x00000013) nop
core   0: 3 0x800026c8 (0x00000013)
core   0: 0x800026cc (0x00e85413) srli    s0, a6, 14
core   0: 3 0x800026cc (0x00e85413) x 8 0x00038934
core   0: 0x800026d0 (0x00000013) nop
core   0: 3 0x800026d0 (0x00000013)
core   0: 0x800026d4 (0x951c4593) xori    a1, s8, -1711
core   0: 3 0x800026d4 (0x951c4593) x11 0x386d4f41
core   0: 0x800026d8 (0x061b7293) andi    t0, s6, 97
core   0: 3 0x800026d8 (0x061b7293) x 5 0x00000061
core   0: 0x800026dc (0x000807b3) add     a5, a6, zero
core   0: 3 0x800026dc (0x000807b3) x15 0xe24d2a61
core   0: 0x800026e0 (0x00eb5693) srli    a3, s6, 14
core   0: 3 0x800026e0 (0x00eb5693) x13 0x0003a20e
core   0: 0x800026e4 (0x0cdd8c93) addi    s9, s11, 205
core   0: 3 0x800026e4 (0x0cdd8c93) x25 0x000000cd
core   0: 0x800026e8 (0xb17b6213) ori     tp, s6, -1257
core   0: 3 0x800026e8 (0xb17b6213) x 4 0xfffffff7
core   0: 0x800026ec (0x00c0a533) slt     a0, ra, a2
core   0: 3 0x800026ec (0x00c0a533) x10 0x00000001
core   0: 0x800026f0 (0x00eb9493) slli    s1, s7, 14
core   0: 3 0x800026f0 (0x00eb9493) x 9 0xff974000
core   0: 0x800026f4 (0x01c88db3) add     s11, a7, t3
core   0: 3 0x800026f4 (0x01c88db3) x27 0x80af9064
core   0: 0x800026f8 (0x43d50637) lui     a2, 0x43d50
core   0: 3 0x800026f8 (0x43d50637) x12 0x43d50000
core   0: 0x800026fc (0x0146e1b3) or      gp, a3, s4
core   0: 3 0x800026fc (0x0146e1b3) x 3 0xffffa20e
core   0: 0x80002700 (0xcb607e93) andi    t4, zero, -842
core   0: 3 0x80002700 (0xcb607e93) x29 0x00000000
core   0: 0x80002704 (0x01796d33) or      s10, s2, s7
core   0: 3 0x80002704 (0x01796d33) x26 0xfffffe5d
core   0: 0x80002708 (0x8cff4313) xori    t1, t5, -1841
core   0: 3 0x80002708 (0x8cff4313) x 6 0xfffffb37
core   0: 0x8000270c (0x410b0533) sub     a0, s6, a6
core   0: 3 0x8000270c (0x410b0533) x10 0x06366c80
core   0: 0x80002710 (0x0039d413) srli    s0, s3, 3
core   0: 3 0x80002710 (0x0039d413) x 8 0x00000000
core   0: 0x80002714 (0x00d3e917) auipc   s2, 0xd3e
core   0: 3 0x80002714 (0x00d3e917) x18 0x80d40714
core   0: 0x80002718 (0x019a59b3) srl     s3, s4, s9
core   0: 3 0x80002718 (0x019a59b3) x19 0x0007fff8
core   0: 0x8000271c (0x01e770b3) and     ra, a4, t5
core   0: 3 0x8000271c (0x01e770b3) x 1 0x00000000
core   0: 0x80002720 (0x405ddf13) srai    t5, s11, 5
core   0: 3 0x80002720 (0x405ddf13) x30 0xfc057c83
core   0: 0x80002724 (0xa0bb0f13) addi    t5, s6, -1525
core   0: 3 0x80002724 (0xa0bb0f13) x30 0xe88390ec
core   0: 0x80002728 (0x78efe313) ori     t1, t6, 1934
core   0: 3 0x80002728 (0x78efe313) x 6 0x0000078e
core   0: 0x8000272c (0x001a70b3) and     ra, s4, ra
core   0: 3 0x8000272c (0x001a70b3) x 1 0x00000000
core   0: 0x80002730 (0x000b9633) sll     a2, s7, zero
core   0: 3 0x80002730 (0x000b9633) x12 0xfffffe5d
core   0: 0x80002734 (0x0194aeb3) slt     t4, s1, s9
core   0: 3 0x80002734 (0x0194aeb3) x29 0x00000001
core   0: 0x80002738 (0x408cdd33) sra     s10, s9, s0
core   0: 3 0x80002738 (0x408cdd33) x26 0x000000cd
core   0: 0x8000273c (0x9e93ea13) ori     s4, t2, -1559
core   0: 3 0x8000273c (0x9e93ea13) x20 0xfffffded
core   0: 0x80002740 (0x00000013) nop
core   0: 3 0x80002740 (0x00000013)
core   0: 0x80002744 (0x0009e5b3) or      a1, s3, zero
core   0: 3 0x80002744 (0x0009e5b3) x11 0x0007fff8
core   0: 0x80002748 (0x014d6233) or      tp, s10, s4
core   0: 3 0x80002748 (0x014d6233) x 4 0xfffffded
core   0: 0x8000274c (0x005369b3) or      s3, t1, t0
core   0: 3 0x8000274c (0x005369b3) x19 0x000007ef
core   0: 0x80002750 (0x003b1193) slli    gp, s6, 3
core   0: 3 0x80002750 (0x003b1193) x 3 0x441cb708
core   0: 0x80002754 (0xcd607c13) andi    s8, zero, -810
core   0: 3 0x80002754 (0xcd607c13) x24 0x00000000
core   0: 0x80002758 (0x644dfe93) andi    t4, s11, 1604
core   0: 3 0x80002758 (0x644dfe93) x29 0x00000044
core   0: 0x8000275c (0x6b20ca13) xori    s4, ra, 1714
core   0: 3 0x8000275c (0x6b20ca13) x20 0x000006b2
core   0: 0x80002760 (0x0013c1b3) xor     gp, t2, ra
core   0: 3 0x80002760 (0x0013c1b3) x 3 0x80015ce4
core   0: 0x80002764 (0x005e9f13) slli    t5, t4, 5
core   0: 3 0x80002764 (0x005e9f13) x30 0x00000880
core   0: 0x80002768 (0x018e9c13) slli    s8, t4, 24
core   0: 3 0x80002768 (0x018e9c13) x24 0x44000000
core   0: 0x8000276c (0x0184c9b3) xor     s3, s1, s8
core   0: 3 0x8000276c (0x0184c9b3) x19 0xbb974000
core   0: 0x80002770 (0x01e6dab3) srl     s5, a3, t5
core   0: 3 0x80002770 (0x01e6dab3) x21 0x0003a20e
core   0: 0x80002774 (0x01871c33) sll     s8, a4, s8
core   0: 3 0x80002774 (0x01871c33) x24 0x00000001
core   0: 0x80002778 (0x00f15033) srl     zero, sp, a5
core   0: 3 0x80002778 (0x00f15033)
core   0: 0x8000277c (0x018f3333) sltu    t1, t5, s8
core   0: 3 0x8000277c (0x018f3333) x 6 0x00000000
core   0: 0x80002780 (0x0186d213) srli    tp, a3, 24
core   0: 3 0x80002780 (0x0186d213) x 4 0x00000000
core   0: 0x80002784 (0x00cf9033) sll     zero, t6, a2
core   0: 3 0x80002784 (0x00cf9033)
core   0: 0x80002788 (0xe408a113) slti    sp, a7, -448
core   0: 3 0x80002788 (0xe408a113) x 2 0x00000001
core   0: 0x8000278c (0x000801b3) add     gp, a6, zero
core   0: 3 0x8000278c (0x000801b3) x 3 0xe24d2a61
core   0: 0x80002790 (0x40145d93) srai    s11, s0, 1
core   0: 3 0x80002790 (0x40145d93) x27 0x00000000
core   0: 0x80002794 (0x0000bbb3) sltu    s7, ra, zero
core   0: 3 0x80002794 (0x0000bbb3) x23 0x00000000
core   0: 0x80002798 (0x3962f313) andi    t1, t0, 918
core   0: 3 0x80002798 (0x3962f313) x 6 0x00000000
core   0: 0x8000279c (0x002e3633) sltu    a2, t3, sp
core   0: 3 0x8000279c (0x002e3633) x12 0x00000000
core   0: 0x800027a0 (0x00eb5313) srli    t1, s6, 14
core   0: 3 0x800027a0 (0x00eb5313) x 6 0x0003a20e
core   0: 0x800027a4 (0x00d355b3) srl     a1, t1, a3
core   0: 3 0x800027a4 (0x00d355b3) x11 0x0000000e
core   0: 0x800027a8 (0x0134f133) and     sp, s1, s3
core   0: 3 0x800027a8 (0x0134f133) x 2 0xbb974000
core   0: 0x800027ac (0x501fa313) slti    t1, t6, 1281
core   0: 3 0x800027ac (0x501fa313) x 6 0x00000001
core   0: 0x800027b0 (0x007b2133) slt     sp, s6, t2
core   0: 3 0x800027b0 (0x007b2133) x 2 0x00000000
core   0: 0x800027b4 (0xdbc8e013) ori     zero, a7, -580
core   0: 3 0x800027b4 (0xdbc8e013)
core   0: 0x800027b8 (0x00000013) nop
core   0: 3 0x800027b8 (0x00000013)
core   0: 0x800027bc (0x416ad433) sra     s0, s5, s6
core   0: 3 0x800027bc (0x416ad433) x 8 0x0001d107
core   0: 0x800027c0 (0xddd00493) li      s1, -547
core   0: 3 0x800027c0 (0xddd00493) x 9 0xfffffddd
core   0: 0x800027c4 (0x40218833) sub     a6, gp, sp
core   0: 3 0x800027c4 (0x40218833) x16 0xe24d2a61
core   0: 0x800027c8 (0xdafdcdb7) lui     s11, 0xdafdc
core   0: 3 0x800027c8 (0xdafdcdb7) x27 0xdafdc000
core   0: 0x800027cc (0x00a60db3) add     s11, a2, a0
core   0: 3 0x800027cc (0x00a60db3) x27 0x06366c80
core   0: 0x800027d0 (0x4152da13) srai    s4, t0, 21
core   0: 3 0x800027d0 (0x4152da13) x20 0x00000000
core   0: 0x800027d4 (0x417cd413) srai    s0, s9, 23
core   0: 3 0x800027d4 (0x417cd413) x 8 0x00000000
core   0: 0x800027d8 (0x00903eb3) snez    t4, s1
core   0: 3 0x800027d8 (0x00903eb3) x29 0x00000001
core   0: 0x800027dc (0x01d90433) add     s0, s2, t4
core   0: 3 0x800027dc (0x01d90433) x 8 0x80d40715
core   0: 0x800027e0 (0xd8632793) slti    a5, t1, -634
core   0: 3 0x800027e0 (0xd8632793) x15 0x00000000
core   0: 0x800027e4 (0x61358293) addi    t0, a1, 1555
core   0: 3 0x800027e4 (0x61358293) x 5 0x00000621
core   0: 0x800027e8 (0x8b87ef93) ori     t6, a5, -1864
core   0: 3 0x800027e8 (0x8b87ef93) x31 0xfffff8b8
core   0: 0x800027ec (0x40435993) srai    s3, t1, 4
core   0: 3 0x800027ec (0x40435993) x19 0x00000000
core   0: 0x800027f0 (0x2e5c6513) ori     a0, s8, 741
core   0: 3 0x800027f0 (0x2e5c6513) x10 0x000002e5
core   0: 0x800027f4 (0x0129dab3) srl     s5, s3, s2
core   0: 3 0x800027f4 (0x0129dab3) x21 0x00000000
core   0: 0x800027f8 (0x011f3133) sltu    sp, t5, a7
core   0: 3 0x800027f8 (0x011f3133) x 2 0x00000001
core   0: 0x800027fc (0x8fa9b113) sltiu   sp, s3, -1798
core   0: 3 0x800027fc (0x8fa9b113) x 2 0x00000001
core   0: 0x80002800 (0x26963513) sltiu   a0, a2, 617
core   0: 3 0x80002800 (0x26963513) x10 0x00000001
core   0: 0x80002804 (0x00000013) nop
core   0: 3 0x80002804 (0x00000013)
core   0: 0x80002808 (0x00b2b633) sltu    a2, t0, a1
core   0: 3 0x80002808 (0x00b2b633) x12 0x00000000
core   0: 0x8000280c (0xc33c6f13) ori     t5, s8, -973
core   0: 3 0x8000280c (0xc33c6f13) x30 0xfffffc33
core   0: 0x80002810 (0x00017533) and     a0, sp, zero
core   0: 3 0x80002810 (0x00017533) x10 0x00000000
core   0: 0x80002814 (0x011905b3) add     a1, s2, a7
core   0: 3 0x80002814 (0x011905b3) x11 0x00d52578
core   0: 0x80002818 (0x007604b3) add     s1, a2, t2
core   0: 3 0x80002818 (0x007604b3) x 9 0x80015ce4
core   0: 0x8000281c (0x01e99f33) sll     t5, s3, t5
core   0: 3 0x8000281c (0x01e99f33) x30 0x00000000
core   0: 0x80002820 (0x0107a633) slt     a2, a5, a6
core   0: 3 0x80002820 (0x0107a633) x12 0x00000000
core   0: 0x80002824 (0x4e557313) andi    t1, a0, 1253
core   0: 3 0x80002824 (0x4e557313) x 6 0x00000000
core   0: 0x80002828 (0x00cf1433) sll     s0, t5, a2
core   0: 3 0x80002828 (0x00cf1433) x 8 0x00000000
core   0: 0x8000282c (0x0097bab3) sltu    s5, a5, s1
core   0: 3 0x8000282c (0x0097bab3) x21 0x00000001
core   0: 0x80002830 (0x01e73d33) sltu    s10, a4, t5
core   0: 3 0x80002830 (0x01e73d33) x26 0x00000000
core   0: 0x80002834 (0x014e8bb3) add     s7, t4, s4
core   0: 3 0x80002834 (0x014e8bb3) x23 0x00000001
core   0: 0x80002838 (0x34907d93) andi    s11, zero, 841
core   0: 3 0x80002838 (0x34907d93) x27 0x00000000
core   0: 0x8000283c (0x00bfd2b3) srl     t0, t6, a1
core   0: 3 0x8000283c (0x00bfd2b3) x 5 0x000000ff
core   0: 0x80002840 (0xb413ff97) auipc   t6, 0xb413f
core   0: 3 0x80002840 (0xb413ff97) x31 0x34141840
core   0: 0x80002844 (0x602d0613) addi    a2, s10, 1538
core   0: 3 0x80002844 (0x602d0613) x12 0x00000602
core   0: 0x80002848 (0x8671ff13) andi    t5, gp, -1945
core   0: 3 0x80002848 (0x8671ff13) x30 0xe24d2861
core   0: 0x8000284c (0x83a5bb93) sltiu   s7, a1, -1990
core   0: 3 0x8000284c (0x83a5bb93) x23 0x00000001
core   0: 0x80002850 (0x01cea933) slt     s2, t4, t3
core   0: 3 0x80002850 (0x01cea933) x18 0x00000001
core   0: 0x80002854 (0x01b5b433) sltu    s0, a1, s11
core   0: 3 0x80002854 (0x01b5b433) x 8 0x00000000
core   0: 0x80002858 (0x009a9e33) sll     t3, s5, s1
core   0: 3 0x80002858 (0x009a9e33) x28 0x00000010
core   0: 0x8000285c (0x01ed11b3) sll     gp, s10, t5
core   0: 3 0x8000285c (0x01ed11b3) x 3 0x00000000
core   0: 0x80002860 (0x32df2f13) slti    t5, t5, 813
core   0: 3 0x80002860 (0x32df2f13) x30 0x00000001
core   0: 0x80002864 (0x00e61bb3) sll     s7, a2, a4
core   0: 3 0x80002864 (0x00e61bb3) x23 0x00000c04
core   0: 0x80002868 (0x3bbba793) slti    a5, s7, 955
core   0: 3 0x80002868 (0x3bbba793) x15 0x00000000
core   0: 0x8000286c (0x01881c33) sll     s8, a6, s8
core   0: 3 0x8000286c (0x01881c33) x24 0xc49a54c2
core   0: 0x80002870 (0x40b50cb3) sub     s9, a0, a1
core   0: 3 0x80002870 (0x40b50cb3) x25 0xff2ada88
core   0: 0x80002874 (0x011d2333) slt     t1, s10, a7
core   0: 3 0x80002874 (0x011d2333) x 6 0x00000000
core   0: 0x80002878 (0x40bad833) sra     a6, s5, a1
core   0: 3 0x80002878 (0x40bad833) x16 0x00000000
core   0: 0x8000287c (0x008b1433) sll     s0, s6, s0
core   0: 3 0x8000287c (0x008b1433) x 8 0xe88396e1
core   0: 0x80002880 (0x4036d493) srai    s1, a3, 3
core   0: 3 0x80002880 (0x4036d493) x 9 0x00007441
core   0: 0x80002884 (0x7c36ae13) slti    t3, a3, 1987
core   0: 3 0x80002884 (0x7c36ae13) x28 0x00000000
core   0: 0x80002888 (0x00000013) nop
core   0: 3 0x80002888 (0x00000013)
core   0: 0x8000288c (0x0023f2b3) and     t0, t2, sp
core   0: 3 0x8000288c (0x0023f2b3) x 5 0x00000000
core   0: 0x80002890 (0x00000013) nop
core   0: 3 0x80002890 (0x00000013)
core   0: 0x80002894 (0x0040d1b3) srl     gp, ra, tp
core   0: 3 0x80002894 (0x0040d1b3) x 3 0x00000000
core   0: 0x80002898 (0xf752dbb7) lui     s7, 0xf752d
core   0: 3 0x80002898 (0xf752dbb7) x23 0xf752d000
core   0: 0x8000289c (0x00169213) slli    tp, a3, 1
core   0: 3 0x8000289c (0x00169213) x 4 0x0007441c
core   0: 0x800028a0 (0xaacfcb93) xori    s7, t6, -1364
core   0: 3 0x800028a0 (0xaacfcb93) x23 0xcbebe2ec
core   0: 0x800028a4 (0x01c100b3) add     ra, sp, t3
core   0: 3 0x800028a4 (0x01c100b3) x 1 0x00000001
core   0: 0x800028a8 (0xc49a8813) addi    a6, s5, -951
core   0: 3 0x800028a8 (0xc49a8813) x16 0xfffffc4a
core   0: 0x800028ac (0x40b687b3) sub     a5, a3, a1
core   0: 3 0x800028ac (0x40b687b3) x15 0xff2e7c96
core   0: 0x800028b0 (0x403cd413) srai    s0, s9, 3
core   0: 3 0x800028b0 (0x403cd413) x 8 0xffe55b51
core   0: 0x800028b4 (0x5cf4e313) ori     t1, s1, 1487
core   0: 3 0x800028b4 (0x5cf4e313) x 6 0x000075cf
core   0: 0x800028b8 (0x00a4c133) xor     sp, s1, a0
core   0: 3 0x800028b8 (0x00a4c133) x 2 0x00007441
core   0: 0x800028bc (0x41f45093) srai    ra, s0, 31
core   0: 3 0x800028bc (0x41f45093) x 1 0xffffffff
core   0: 0x800028c0 (0x41605d13) srai    s10, zero, 22
core   0: 3 0x800028c0 (0x41605d13) x26 0x00000000
core   0: 0x800028c4 (0x01dae1b3) or      gp, s5, t4
core   0: 3 0x800028c4 (0x01dae1b3) x 3 0x00000001
core   0: 0x800028c8 (0xb9233593) sltiu   a1, t1, -1134
core   0: 3 0x800028c8 (0xb9233593) x11 0x00000001
core   0: 0x800028cc (0x01dc8cb3) add     s9, s9, t4
core   0: 3 0x800028cc (0x01dc8cb3) x25 0xff2ada89
core   0: 0x800028d0 (0x013cc733) xor     a4, s9, s3
core   0: 3 0x800028d0 (0x013cc733) x14 0xff2ada89
core   0: 0x800028d4 (0x01b17233) and     tp, sp, s11
core   0: 3 0x800028d4 (0x01b17233) x 4 0x00000000
core   0: 0x800028d8 (0x00000013) nop
core   0: 3 0x800028d8 (0x00000013)
core   0: 0x800028dc (0x003741b3) xor     gp, a4, gp
core   0: 3 0x800028dc (0x003741b3) x 3 0xff2ada88
core   0: 0x800028e0 (0x1502c913) xori    s2, t0, 336
core   0: 3 0x800028e0 (0x1502c913) x18 0x00000150
core   0: 0x800028e4 (0x019dedb3) or      s11, s11, s9
core   0: 3 0x800028e4 (0x019dedb3) x27 0xff2ada89
core   0: 0x800028e8 (0x0098df33) srl     t5, a7, s1
core   0: 3 0x800028e8 (0x0098df33) x30 0x40008f32
core   0: 0x800028ec (0x01c87cb3) and     s9, a6, t3
core   0: 3 0x800028ec (0x01c87cb3) x25 0x00000000
core   0: 0x800028f0 (0x6f88fd93) andi    s11, a7, 1784
core   0: 3 0x800028f0 (0x6f88fd93) x27 0x00000660
core   0: 0x800028f4 (0x005bb233) sltu    tp, s7, t0
core   0: 3 0x800028f4 (0x005bb233) x 4 0x00000000
core   0: 0x800028f8 (0x980ea113) slti    sp, t4, -1664
core   0: 3 0x800028f8 (0x980ea113) x 2 0x00000000
core   0: 0x800028fc (0x013debb3) or      s7, s11, s3
core   0: 3 0x800028fc (0x013debb3) x23 0x00000660
core   0: 0x80002900 (0x0014f7b3) and     a5, s1, ra
core   0: 3 0x80002900 (0x0014f7b3) x15 0x00007441
core   0: 0x80002904 (0x4f27df37) lui     t5, 0x4f27d
core   0: 3 0x80002904 (0x4f27df37) x30 0x4f27d000
core   0: 0x80002908 (0x00000013) nop
core   0: 3 0x80002908 (0x00000013)
core   0: 0x8000290c (0x40985db3) sra     s11, a6, s1
core   0: 3 0x8000290c (0x40985db3) x27 0xfffffe25
core   0: 0x80002910 (0x88ac3593) sltiu   a1, s8, -1910
core   0: 3 0x80002910 (0x88ac3593) x11 0x00000001
core   0: 0x80002914 (0x017e8633) add     a2, t4, s7
core   0: 3 0x80002914 (0x017e8633) x12 0x00000661
core   0: 0x80002918 (0x00afc733) xor     a4, t6, a0
core   0: 3 0x80002918 (0x00afc733) x14 0x34141840
core   0: 0x8000291c (0x40abd533) sra     a0, s7, a0
core   0: 3 0x8000291c (0x40abd533) x10 0x00000660
core   0: 0x80002920 (0x000594b3) sll     s1, a1, zero
core   0: 3 0x80002920 (0x000594b3) x 9 0x00000001
core   0: 0x80002924 (0x5609dfb7) lui     t6, 0x5609d
core   0: 3 0x80002924 (0x5609dfb7) x31 0x5609d000
core   0: 0x80002928 (0x005457b3) srl     a5, s0, t0
core   0: 3 0x80002928 (0x005457b3) x15 0xffe55b51
core   0: 0x8000292c (0x5f434b93) xori    s7, t1, 1524
core   0: 3 0x8000292c (0x5f434b93) x23 0x0000703b
core   0: 0x80002930 (0x01facf33) xor     t5, s5, t6
core   0: 3 0x80002930 (0x01facf33) x30 0x5609d001
core   0: 0x80002934 (0x400b8333) sub     t1, s7, zero
core   0: 3 0x80002934 (0x400b8333) x 6 0x0000703b
core   0: 0x80002938 (0x9ff1bc13) sltiu   s8, gp, -1537
core   0: 3 0x80002938 (0x9ff1bc13) x24 0x00000001
core   0: 0x8000293c (0x00f66c33) or      s8, a2, a5
core   0: 3 0x8000293c (0x00f66c33) x24 0xffe55f71
core   0: 0x80002940 (0x2fded097) auipc   ra, 0x2fded
core   0: 3 0x80002940 (0x2fded097) x 1 0xafdef940
core   0: 0x80002944 (0x58d7feb7) lui     t4, 0x58d7f
core   0: 3 0x80002944 (0x58d7feb7) x29 0x58d7f000
core   0: 0x80002948 (0x00000013) nop
core   0: 3 0x80002948 (0x00000013)
core   0: 0x8000294c (0x43a9ad13) slti    s10, s3, 1082
core   0: 3 0x8000294c (0x43a9ad13) x26 0x00000001
core   0: 0x80002950 (0xd4a9aa93) slti    s5, s3, -694
core   0: 3 0x80002950 (0xd4a9aa93) x21 0x00000000
core   0: 0x80002954 (0x00c6ea33) or      s4, a3, a2
core   0: 3 0x80002954 (0x00c6ea33) x20 0x0003a66f
core   0: 0x80002958 (0x36cc87b7) lui     a5, 0x36cc8
core   0: 3 0x80002958 (0x36cc87b7) x15 0x36cc8000
core   0: 0x8000295c (0x01f8c833) xor     a6, a7, t6
core   0: 3 0x8000295c (0x01f8c833) x16 0xd608ce64
core   0: 0x80002960 (0x001f1f33) sll     t5, t5, ra
core   0: 3 0x80002960 (0x001f1f33) x30 0x5609d001
core   0: 0x80002964 (0x28c94293) xori    t0, s2, 652
core   0: 3 0x80002964 (0x28c94293) x 5 0x000003dc
core   0: 0x80002968 (0x01c91633) sll     a2, s2, t3
core   0: 3 0x80002968 (0x01c91633) x12 0x00000150
core   0: 0x8000296c (0x0090aa33) slt     s4, ra, s1
core   0: 3 0x8000296c (0x0090aa33) x20 0x00000001
core   0: 0x80002970 (0x012445b3) xor     a1, s0, s2
core   0: 3 0x80002970 (0x012445b3) x11 0xffe55a01
core   0: 0x80002974 (0x713ab513) sltiu   a0, s5, 1811
core   0: 3 0x80002974 (0x713ab513) x10 0x00000001
core   0: 0x80002978 (0x00c0b433) sltu    s0, ra, a2
core   0: 3 0x80002978 (0x00c0b433) x 8 0x00000000
core   0: 0x8000297c (0x001370b3) and     ra, t1, ra
core   0: 3 0x8000297c (0x001370b3) x 1 0x00007000
core   0: 0x80002980 (0x016d46b3) xor     a3, s10, s6
core   0: 3 0x80002980 (0x016d46b3) x13 0xe88396e0
core   0: 0x80002984 (0x00000013) nop
core   0: 3 0x80002984 (0x00000013)
core   0: 0x80002988 (0x42f64813) xori    a6, a2, 1071
core   0: 3 0x80002988 (0x42f64813) x16 0x0000057f
core   0: 0x8000298c (0x01da6033) or      zero, s4, t4
core   0: 3 0x8000298c (0x01da6033)
core   0: 0x80002990 (0x005eceb3) xor     t4, t4, t0
core   0: 3 0x80002990 (0x005eceb3) x29 0x58d7f3dc
core   0: 0x80002994 (0x9f733d93) sltiu   s11, t1, -1545
core   0: 3 0x80002994 (0x9f733d93) x27 0x00000001
core   0: 0x80002998 (0x0060ba33) sltu    s4, ra, t1
core   0: 3 0x80002998 (0x0060ba33) x20 0x00000001
core   0: 0x8000299c (0x01113cb3) sltu    s9, sp, a7
core   0: 3 0x8000299c (0x01113cb3) x25 0x00000001
core   0: 0x800029a0 (0x4a358093) addi    ra, a1, 1187
core   0: 3 0x800029a0 (0x4a358093) x 1 0xffe55ea4
core   0: 0x800029a4 (0x00a7c5b3) xor     a1, a5, a0
core   0: 3 0x800029a4 (0x00a7c5b3) x11 0x36cc8001
core   0: 0x800029a8 (0x01830633) add     a2, t1, s8
core   0: 3 0x800029a8 (0x01830633) x12 0xffe5cfac
core   0: 0x800029ac (0xf855b997) auipc   s3, 0xf855b
core   0: 3 0x800029ac (0xf855b997) x19 0x7855d9ac
core   0: 0x800029b0 (0x00ac2d33) slt     s10, s8, a0
core   0: 3 0x800029b0 (0x00ac2d33) x26 0x00000001
core   0: 0x800029b4 (0x00000013) nop
core   0: 3 0x800029b4 (0x00000013)
core   0: 0x800029b8 (0x00e17333) and     t1, sp, a4
core   0: 3 0x800029b8 (0x00e17333) x 6 0x00000000
core   0: 0x800029bc (0x40cfd513) srai    a0, t6, 12
core   0: 3 0x800029bc (0x40cfd513) x10 0x0005609d
core   0: 0x800029c0 (0xf9c76a93) ori     s5, a4, -100
core   0: 3 0x800029c0 (0xf9c76a93) x21 0xffffffdc
core   0: 0x800029c4 (0x00cf1713) slli    a4, t5, 12
core   0: 3 0x800029c4 (0x00cf1713) x14 0x9d001000
core   0: 0x800029c8 (0x7ff6f793) andi    a5, a3, 2047
core   0: 3 0x800029c8 (0x7ff6f793) x15 0x000006e0
core   0: 0x800029cc (0x63e5f237) lui     tp, 0x63e5f
core   0: 3 0x800029cc (0x63e5f237) x 4 0x63e5f000
core   0: 0x800029d0 (0x01893bb3) sltu    s7, s2, s8
core   0: 3 0x800029d0 (0x01893bb3) x23 0x00000001
core   0: 0x800029d4 (0xf5626713) ori     a4, tp, -170
core   0: 3 0x800029d4 (0xf5626713) x14 0xffffff56
core   0: 0x800029d8 (0x1c179b97) auipc   s7, 0x1c179
core   0: 3 0x800029d8 (0x1c179b97) x23 0x9c17b9d8
core   0: 0x800029dc (0x9a7a4d93) xori    s11, s4, -1625
core   0: 3 0x800029dc (0x9a7a4d93) x27 0xfffff9a6
core   0: 0x800029e0 (0x3df6ebb7) lui     s7, 0x3df6e
core   0: 3 0x800029e0 (0x3df6ebb7) x23 0x3df6e000
core   0: 0x800029e4 (0x01d46133) or      sp, s0, t4
core   0: 3 0x800029e4 (0x01d46133) x 2 0x58d7f3dc
core   0: 0x800029e8 (0xec5f3a17) auipc   s4, 0xec5f3
core   0: 3 0x800029e8 (0xec5f3a17) x20 0x6c5f59e8
core   0: 0x800029ec (0x00000013) nop
core   0: 3 0x800029ec (0x00000013)
core   0: 0x800029f0 (0x008cf833) and     a6, s9, s0
core   0: 3 0x800029f0 (0x008cf833) x16 0x00000000
core   0: 0x800029f4 (0x41fb0933) sub     s2, s6, t6
core   0: 3 0x800029f4 (0x41fb0933) x18 0x9279c6e1
core   0: 0x800029f8 (0x01555c93) srli    s9, a0, 21
core   0: 3 0x800029f8 (0x01555c93) x25 0x00000000
core   0: 0x800029fc (0x6879e293) ori     t0, s3, 1671
core   0: 3 0x800029fc (0x6879e293) x 5 0x7855dfaf
core   0: 0x80002a00 (0x0154c933) xor     s2, s1, s5
core   0: 3 0x80002a00 (0x0154c933) x18 0xffffffdd
core   0: 0x80002a04 (0x40e184b3) sub     s1, gp, a4
core   0: 3 0x80002a04 (0x40e184b3) x 9 0xff2adb32
core   0: 0x80002a08 (0x01a9e733) or      a4, s3, s10
core   0: 3 0x80002a08 (0x01a9e733) x14 0x7855d9ad
core   0: 0x80002a0c (0x41d08eb3) sub     t4, ra, t4
core   0: 3 0x80002a0c (0x41d08eb3) x29 0xa70d6ac8
core   0: 0x80002a10 (0x8668a413) slti    s0, a7, -1946
core   0: 3 0x80002a10 (0x8668a413) x 8 0x00000001
core   0: 0x80002a14 (0x3be63e93) sltiu   t4, a2, 958
core   0: 3 0x80002a14 (0x3be63e93) x29 0x00000000
core   0: 0x80002a18 (0x41275fb3) sra     t6, a4, s2
core   0: 3 0x80002a18 (0x41275fb3) x31 0x00000003
core   0: 0x80002a1c (0xd2d89137) lui     sp, 0xd2d89
core   0: 3 0x80002a1c (0xd2d89137) x 2 0xd2d89000
core   0: 0x80002a20 (0xdeb50993) addi    s3, a0, -533
core   0: 3 0x80002a20 (0xdeb50993) x19 0x00055e88
core   0: 0x80002a24 (0x01c0d793) srli    a5, ra, 28
core   0: 3 0x80002a24 (0x01c0d793) x15 0x0000000f
core   0: 0x80002a28 (0x01412933) slt     s2, sp, s4
core   0: 3 0x80002a28 (0x01412933) x18 0x00000001
core   0: 0x80002a2c (0x00cf5e93) srli    t4, t5, 12
core   0: 3 0x80002a2c (0x00cf5e93) x29 0x0005609d
core   0: 0x80002a30 (0xaf1d4d93) xori    s11, s10, -1295
core   0: 3 0x80002a30 (0xaf1d4d93) x27 0xfffffaf0
core   0: 0x80002a34 (0x4142dfb3) sra     t6, t0, s4
core   0: 3 0x80002a34 (0x4142dfb3) x31 0x007855df
core   0: 0x80002a38 (0xb59e0f37) lui     t5, 0xb59e0
core   0: 3 0x80002a38 (0xb59e0f37) x30 0xb59e0000
core   0: 0x80002a3c (0x00c50933) add     s2, a0, a2
core   0: 3 0x80002a3c (0x00c50933) x18 0xffeb3049
core   0: 0x80002a40 (0x40ba0933) sub     s2, s4, a1
core   0: 3 0x80002a40 (0x40ba0933) x18 0x3592d9e7
core   0: 0x80002a44 (0x001085b3) add     a1, ra, ra
core   0: 3 0x80002a44 (0x001085b3) x11 0xffcabd48
core   0: 0x80002a48 (0x00e05d13) srli    s10, zero, 14
core   0: 3 0x80002a48 (0x00e05d13) x26 0x00000000
core   0: 0x80002a4c (0x9a2c6513) ori     a0, s8, -1630
core   0: 3 0x80002a4c (0x9a2c6513) x10 0xfffffff3
core   0: 0x80002a50 (0x66683493) sltiu   s1, a6, 1638
core   0: 3 0x80002a50 (0x66683493) x 9 0x00000001
core   0: 0x80002a54 (0x496a2213) slti    tp, s4, 1174
core   0: 3 0x80002a54 (0x496a2213) x 4 0x00000000
core   0: 0x80002a58 (0x00000013) nop
core   0: 3 0x80002a58 (0x00000013)
core   0: 0x80002a5c (0xeda3cf97) auipc   t6, 0xeda3c
core   0: 3 0x80002a5c (0xeda3cf97) x31 0x6da3ea5c
core   0: 0x80002a60 (0x01309913) slli    s2, ra, 19
core   0: 3 0x80002a60 (0x01309913) x18 0xf5200000
core   0: 0x80002a64 (0x01dd0733) add     a4, s10, t4
core   0: 3 0x80002a64 (0x01dd0733) x14 0x0005609d
core   0: 0x80002a68 (0xb9df8493) addi    s1, t6, -1123
core   0: 3 0x80002a68 (0xb9df8493) x 9 0x6da3e5f9
core   0: 0x80002a6c (0x40c00fb3) sub     t6, zero, a2
core   0: 3 0x80002a6c (0x40c00fb3) x31 0x001a3054
core   0: 0x80002a70 (0x014e77b3) and     a5, t3, s4
core   0: 3 0x80002a70 (0x014e77b3) x15 0x00000000
core   0: 0x80002a74 (0x94a77993) andi    s3, a4, -1718
core   0: 3 0x80002a74 (0x94a77993) x19 0x00056008
core   0: 0x80002a78 (0x00273eb3) sltu    t4, a4, sp
core   0: 3 0x80002a78 (0x00273eb3) x29 0x00000001
core   0: 0x80002a7c (0xe439b313) sltiu   t1, s3, -445
core   0: 3 0x80002a7c (0xe439b313) x 6 0x00000001
core   0: 0x80002a80 (0x00000013) nop
core   0: 3 0x80002a80 (0x00000013)
core   0: 0x80002a84 (0xe3e14e13) xori    t3, sp, -450
core   0: 3 0x80002a84 (0xe3e14e13) x28 0x2d276e3e
core   0: 0x80002a88 (0xb76b2493) slti    s1, s6, -1162
core   0: 3 0x80002a88 (0xb76b2493) x 9 0x00000001
core   0: 0x80002a8c (0x0051d533) srl     a0, gp, t0
core   0: 3 0x80002a8c (0x0051d533) x10 0x0001fe55
core   0: 0x80002a90 (0x000582b3) add     t0, a1, zero
core   0: 3 0x80002a90 (0x000582b3) x 5 0xffcabd48
core   0: 0x80002a94 (0x73890c93) addi    s9, s2, 1848
core   0: 3 0x80002a94 (0x73890c93) x25 0xf5200738
core   0: 0x80002a98 (0x009006b3) add     a3, zero, s1
core   0: 3 0x80002a98 (0x009006b3) x13 0x00000001
core   0: 0x80002a9c (0x75313793) sltiu   a5, sp, 1875
core   0: 3 0x80002a9c (0x75313793) x15 0x00000000
core   0: 0x80002aa0 (0x01e147b3) xor     a5, sp, t5
core   0: 3 0x80002aa0 (0x01e147b3) x15 0x67469000
core   0: 0x80002aa4 (0xf5dd6713) ori     a4, s10, -163
core   0: 3 0x80002aa4 (0xf5dd6713) x14 0xffffff5d
core   0: 0x80002aa8 (0xc68e6f13) ori     t5, t3, -920
core   0: 3 0x80002aa8 (0xc68e6f13) x30 0xfffffe7e
core   0: 0x80002aac (0x56b92293) slti    t0, s2, 1387
core   0: 3 0x80002aac (0x56b92293) x 5 0x00000001
core   0: 0x80002ab0 (0x0146d093) srli    ra, a3, 20
core   0: 3 0x80002ab0 (0x0146d093) x 1 0x00000000
core   0: 0x80002ab4 (0xe8200513) li      a0, -382
core   0: 3 0x80002ab4 (0xe8200513) x10 0xfffffe82
core   0: 0x80002ab8 (0x00000013) nop
core   0: 3 0x80002ab8 (0x00000013)
core   0: 0x80002abc (0x01c85533) srl     a0, a6, t3
core   0: 3 0x80002abc (0x01c85533) x10 0x00000000
core   0: 0x80002ac0 (0x62300593) li      a1, 1571
core   0: 3 0x80002ac0 (0x62300593) x11 0x00000623
core   0: 0x80002ac4 (0x005bd533) srl     a0, s7, t0
core   0: 3 0x80002ac4 (0x005bd533) x10 0x1efb7000
core   0: 0x80002ac8 (0xde803313) sltiu   t1, zero, -536
core   0: 3 0x80002ac8 (0xde803313) x 6 0x00000001
core   0: 0x80002acc (0x2d94b913) sltiu   s2, s1, 729
core   0: 3 0x80002acc (0x2d94b913) x18 0x00000001
core   0: 0x80002ad0 (0x409a00b3) sub     ra, s4, s1
core   0: 3 0x80002ad0 (0x409a00b3) x 1 0x6c5f59e7
core   0: 0x80002ad4 (0xe4be0293) addi    t0, t3, -437
core   0: 3 0x80002ad4 (0xe4be0293) x 5 0x2d276c89
core   0: 0x80002ad8 (0x400c5517) auipc   a0, 0x400c5
core   0: 3 0x80002ad8 (0x400c5517) x10 0xc00c7ad8
core   0: 0x80002adc (0x0002bc33) sltu    s8, t0, zero
core   0: 3 0x80002adc (0x0002bc33) x24 0x00000000
core   0: 0x80002ae0 (0x0b822513) slti    a0, tp, 184
core   0: 3 0x80002ae0 (0x0b822513) x10 0x00000001
core   0: 0x80002ae4 (0x40238833) sub     a6, t2, sp
core   0: 3 0x80002ae4 (0x40238833) x16 0xad28cce4
core   0: 0x80002ae8 (0xc1c2b293) sltiu   t0, t0, -996
core   0: 3 0x80002ae8 (0xc1c2b293) x 5 0x00000001
core   0: 0x80002aec (0x01c745b3) xor     a1, a4, t3
core   0: 3 0x80002aec (0x01c745b3) x11 0xd2d89163
core   0: 0x80002af0 (0x072accb7) lui     s9, 0x72ac
core   0: 3 0x80002af0 (0x072accb7) x25 0x072ac000
core   0: 0x80002af4 (0x038edb97) auipc   s7, 0x38ed
core   0: 3 0x80002af4 (0x038edb97) x23 0x838efaf4
core   0: 0x80002af8 (0x15247713) andi    a4, s0, 338
core   0: 3 0x80002af8 (0x15247713) x14 0x00000000
core   0: 0x80002afc (0x004a8f33) add     t5, s5, tp
core   0: 3 0x80002afc (0x004a8f33) x30 0xffffffdc
core   0: 0x80002b00 (0x5582a113) slti    sp, t0, 1368
core   0: 3 0x80002b00 (0x5582a113) x 2 0x00000001
core   0: 0x80002b04 (0x01d50733) add     a4, a0, t4
core   0: 3 0x80002b04 (0x01d50733) x14 0x00000002
core   0: 0x80002b08 (0x017c5c93) srli    s9, s8, 23
core   0: 3 0x80002b08 (0x017c5c93) x25 0x00000000
core   0: 0x80002b0c (0x40c65413) srai    s0, a2, 12
core   0: 3 0x80002b0c (0x40c65413) x 8 0xfffffe5c
core   0: 0x80002b10 (0x00cc66b3) or      a3, s8, a2
core   0: 3 0x80002b10 (0x00cc66b3) x13 0xffe5cfac
core   0: 0x80002b14 (0x010c3db3) sltu    s11, s8, a6
core   0: 3 0x80002b14 (0x010c3db3) x27 0x00000001
core   0: 0x80002b18 (0x018891b3) sll     gp, a7, s8
core   0: 3 0x80002b18 (0x018891b3) x 3 0x80011e64
core   0: 0x80002b1c (0x41bfd4b3) sra     s1, t6, s11
core   0: 3 0x80002b1c (0x41bfd4b3) x 9 0x000d182a
core   0: 0x80002b20 (0x003dde33) srl     t3, s11, gp
core   0: 3 0x80002b20 (0x003dde33) x28 0x00000000
core   0: 0x80002b24 (0x01a68fb3) add     t6, a3, s10
core   0: 3 0x80002b24 (0x01a68fb3) x31 0xffe5cfac
core   0: 0x80002b28 (0x54ee0613) addi    a2, t3, 1358
core   0: 3 0x80002b28 (0x54ee0613) x12 0x0000054e
core   0: 0x80002b2c (0xf6132b93) slti    s7, t1, -159
core   0: 3 0x80002b2c (0xf6132b93) x23 0x00000000
core   0: 0x80002b30 (0xaf166c13) ori     s8, a2, -1295
core   0: 3 0x80002b30 (0xaf166c13) x24 0xffffffff
core   0: 0x80002b34 (0x01b94733) xor     a4, s2, s11
core   0: 3 0x80002b34 (0x01b94733) x14 0x00000000
core   0: 0x80002b38 (0x0003b6b3) sltu    a3, t2, zero
core   0: 3 0x80002b38 (0x0003b6b3) x13 0x00000000
core   0: 0x80002b3c (0x01d79db3) sll     s11, a5, t4
core   0: 3 0x80002b3c (0x01d79db3) x27 0xce8d2000
core   0: 0x80002b40 (0x018ac433) xor     s0, s5, s8
core   0: 3 0x80002b40 (0x018ac433) x 8 0x00000023
core   0: 0x80002b44 (0x40cf8433) sub     s0, t6, a2
core   0: 3 0x80002b44 (0x40cf8433) x 8 0xffe5ca5e
core   0: 0x80002b48 (0x00b92233) slt     tp, s2, a1
core   0: 3 0x80002b48 (0x00b92233) x 4 0x00000000
core   0: 0x80002b4c (0x001a2cb3) slt     s9, s4, ra
core   0: 3 0x80002b4c (0x001a2cb3) x25 0x00000000
core   0: 0x80002b50 (0x78b03c93) sltiu   s9, zero, 1931
core   0: 3 0x80002b50 (0x78b03c93) x25 0x00000001
core   0: 0x80002b54 (0x01222cb3) slt     s9, tp, s2
core   0: 3 0x80002b54 (0x01222cb3) x25 0x00000001
core   0: 0x80002b58 (0x4078d513) srai    a0, a7, 7
core   0: 3 0x80002b58 (0x4078d513) x10 0xff00023c
core   0: 0x80002b5c (0x00a0bdb3) sltu    s11, ra, a0
core   0: 3 0x80002b5c (0x00a0bdb3) x27 0x00000001
core   0: 0x80002b60 (0x1471e593) ori     a1, gp, 327
core   0: 3 0x80002b60 (0x1471e593) x11 0x80011f67
core   0: 0x80002b64 (0x3580fa13) andi    s4, ra, 856
core   0: 3 0x80002b64 (0x3580fa13) x20 0x00000140
core   0: 0x80002b68 (0x3b1ee493) ori     s1, t4, 945
core   0: 3 0x80002b68 (0x3b1ee493) x 9 0x000003b1
core   0: 0x80002b6c (0x01525513) srli    a0, tp, 21
core   0: 3 0x80002b6c (0x01525513) x10 0x00000000
core   0: 0x80002b70 (0x40e78db3) sub     s11, a5, a4
core   0: 3 0x80002b70 (0x40e78db3) x27 0x67469000
core   0: 0x80002b74 (0xcf78ef93) ori     t6, a7, -777
core   0: 3 0x80002b74 (0xcf78ef93) x31 0xfffffef7
core   0: 0x80002b78 (0x2cb04f93) xori    t6, zero, 715
core   0: 3 0x80002b78 (0x2cb04f93) x31 0x000002cb
core   0: 0x80002b7c (0x14b51817) auipc   a6, 0x14b51
core   0: 3 0x80002b7c (0x14b51817) x16 0x94b53b7c
core   0: 0x80002b80 (0x00bb92b3) sll     t0, s7, a1
core   0: 3 0x80002b80 (0x00bb92b3) x 5 0x00000000
core   0: 0x80002b84 (0x40a05013) srai    zero, zero, 10
core   0: 3 0x80002b84 (0x40a05013)
core   0: 0x80002b88 (0x0186de33) srl     t3, a3, s8
core   0: 3 0x80002b88 (0x0186de33) x28 0x00000000
core   0: 0x80002b8c (0x01652833) slt     a6, a0, s6
core   0: 3 0x80002b8c (0x01652833) x16 0x00000000
core   0: 0x80002b90 (0xd6bdbd37) lui     s10, 0xd6bdb
core   0: 3 0x80002b90 (0xd6bdbd37) x26 0xd6bdb000
core   0: 0x80002b94 (0x58e12793) slti    a5, sp, 1422
core   0: 3 0x80002b94 (0x58e12793) x15 0x00000001
core   0: 0x80002b98 (0x00c11e93) slli    t4, sp, 12
core   0: 3 0x80002b98 (0x00c11e93) x29 0x00001000
core   0: 0x80002b9c (0x1f1bc793) xori    a5, s7, 497
core   0: 3 0x80002b9c (0x1f1bc793) x15 0x000001f1
core   0: 0x80002ba0 (0xf9c79bb7) lui     s7, 0xf9c79
core   0: 3 0x80002ba0 (0xf9c79bb7) x23 0xf9c79000
core   0: 0x80002ba4 (0x411f0933) sub     s2, t5, a7
core   0: 3 0x80002ba4 (0x411f0933) x18 0x7ffee178
core   0: 0x80002ba8 (0x00f45533) srl     a0, s0, a5
core   0: 3 0x80002ba8 (0x00f45533) x10 0x00007ff2
core   0: 0x80002bac (0x01db9133) sll     sp, s7, t4
core   0: 3 0x80002bac (0x01db9133) x 2 0xf9c79000
core   0: 0x80002bb0 (0x019227b3) slt     a5, tp, s9
core   0: 3 0x80002bb0 (0x019227b3) x15 0x00000001
core   0: 0x80002bb4 (0x414e5d13) srai    s10, t3, 20
core   0: 3 0x80002bb4 (0x414e5d13) x26 0x00000000
core   0: 0x80002bb8 (0x00a18e33) add     t3, gp, a0
core   0: 3 0x80002bb8 (0x00a18e33) x28 0x80019e56
core   0: 0x80002bbc (0x00b35833) srl     a6, t1, a1
core   0: 3 0x80002bbc (0x00b35833) x16 0x00000000
core   0: 0x80002bc0 (0xc52cf513) andi    a0, s9, -942
core   0: 3 0x80002bc0 (0xc52cf513) x10 0x00000000
core   0: 0x80002bc4 (0x006a72b3) and     t0, s4, t1
core   0: 3 0x80002bc4 (0x006a72b3) x 5 0x00000000
core   0: 0x80002bc8 (0x409782b3) sub     t0, a5, s1
core   0: 3 0x80002bc8 (0x409782b3) x 5 0xfffffc50
core   0: 0x80002bcc (0xf5843e93) sltiu   t4, s0, -168
core   0: 3 0x80002bcc (0xf5843e93) x29 0x00000001
core   0: 0x80002bd0 (0x00588a33) add     s4, a7, t0
core   0: 3 0x80002bd0 (0x00588a33) x20 0x80011ab4
core   0: 0x80002bd4 (0x5fe7e993) ori     s3, a5, 1534
core   0: 3 0x80002bd4 (0x5fe7e993) x19 0x000005ff
core   0: 0x80002bd8 (0x002bdd93) srli    s11, s7, 2
core   0: 3 0x80002bd8 (0x002bdd93) x27 0x3e71e400
core   0: 0x80002bdc (0x01a64ab3) xor     s5, a2, s10
core   0: 3 0x80002bdc (0x01a64ab3) x21 0x0000054e
core   0: 0x80002be0 (0x00c64eb3) xor     t4, a2, a2
core   0: 3 0x80002be0 (0x00c64eb3) x29 0x00000000
core   0: 0x80002be4 (0xd1bd6e93) ori     t4, s10, -741
core   0: 3 0x80002be4 (0xd1bd6e93) x29 0xfffffd1b
core   0: 0x80002be8 (0x69dd3f37) lui     t5, 0x69dd3
core   0: 3 0x80002be8 (0x69dd3f37) x30 0x69dd3000
core   0: 0x80002bec (0x406a0e33) sub     t3, s4, t1
core   0: 3 0x80002bec (0x406a0e33) x28 0x80011ab3
core   0: 0x80002bf0 (0xa0f43337) lui     t1, 0xa0f43
core   0: 3 0x80002bf0 (0xa0f43337) x 6 0xa0f43000
core   0: 0x80002bf4 (0x007ecf33) xor     t5, t4, t2
core   0: 3 0x80002bf4 (0x007ecf33) x30 0x7ffea1ff
core   0: 0x80002bf8 (0xda6c7ab7) lui     s5, 0xda6c7
core   0: 3 0x80002bf8 (0xda6c7ab7) x21 0xda6c7000
core   0: 0x80002bfc (0x0134a9b3) slt     s3, s1, s3
core   0: 3 0x80002bfc (0x0134a9b3) x19 0x00000001
core   0: 0x80002c00 (0x000b3ab3) sltu    s5, s6, zero
core   0: 3 0x80002c00 (0x000b3ab3) x21 0x00000000
core   0: 0x80002c04 (0x00db5013) srli    zero, s6, 13
core   0: 3 0x80002c04 (0x00db5013)
core   0: 0x80002c08 (0x75a96013) ori     zero, s2, 1882
core   0: 3 0x80002c08 (0x75a96013)
core   0: 0x80002c0c (0x01e3e9b3) or      s3, t2, t5
core   0: 3 0x80002c0c (0x01e3e9b3) x19 0xfffffdff
core   0: 0x80002c10 (0x6daa7693) andi    a3, s4, 1754
core   0: 3 0x80002c10 (0x6daa7693) x13 0x00000290
core   0: 0x80002c14 (0x0153e533) or      a0, t2, s5
core   0: 3 0x80002c14 (0x0153e533) x10 0x80015ce4
core   0: 0x80002c18 (0x41565f33) sra     t5, a2, s5
core   0: 3 0x80002c18 (0x41565f33) x30 0x0000054e
core   0: 0x80002c1c (0x0088f6b3) and     a3, a7, s0
core   0: 3 0x80002c1c (0x0088f6b3) x13 0x80010a44
core   0: 0x80002c20 (0x0034f733) and     a4, s1, gp
core   0: 3 0x80002c20 (0x0034f733) x14 0x00000220
core   0: 0x80002c24 (0xc199c593) xori    a1, s3, -999
core   0: 3 0x80002c24 (0xc199c593) x11 0x000001e6
core   0: 0x80002c28 (0x01675833) srl     a6, a4, s6
core   0: 3 0x80002c28 (0x01675833) x16 0x00000110
core   0: 0x80002c2c (0x5e96b713) sltiu   a4, a3, 1513
core   0: 3 0x80002c2c (0x5e96b713) x14 0x00000000
core   0: 0x80002c30 (0xcfa9ce93) xori    t4, s3, -774
core   0: 3 0x80002c30 (0xcfa9ce93) x29 0x00000105
core   0: 0x80002c34 (0xc9834793) xori    a5, t1, -872
core   0: 3 0x80002c34 (0xc9834793) x15 0x5f0bcc98
core   0: 0x80002c38 (0x00b42333) slt     t1, s0, a1
core   0: 3 0x80002c38 (0x00b42333) x 6 0x00000001
core   0: 0x80002c3c (0xea1ec613) xori    a2, t4, -351
core   0: 3 0x80002c3c (0xea1ec613) x12 0xffffffa4
core   0: 0x80002c40 (0x41d089b3) sub     s3, ra, t4
core   0: 3 0x80002c40 (0x41d089b3) x19 0x6c5f58e2
core   0: 0x80002c44 (0x0196a633) slt     a2, a3, s9
core   0: 3 0x80002c44 (0x0196a633) x12 0x00000001
core   0: 0x80002c48 (0x943b8813) addi    a6, s7, -1725
core   0: 3 0x80002c48 (0x943b8813) x16 0xf9c78943
core   0: 0x80002c4c (0xe1df8e13) addi    t3, t6, -483
core   0: 3 0x80002c4c (0xe1df8e13) x28 0x000000e8
core   0: 0x80002c50 (0x00000013) nop
core   0: 3 0x80002c50 (0x00000013)
core   0: 0x80002c54 (0xd3b00093) li      ra, -709
core   0: 3 0x80002c54 (0xd3b00093) x 1 0xfffffd3b
core   0: 0x80002c58 (0x00a2de93) srli    t4, t0, 10
core   0: 3 0x80002c58 (0x00a2de93) x29 0x003fffff
core   0: 0x80002c5c (0x017dd5b3) srl     a1, s11, s7
core   0: 3 0x80002c5c (0x017dd5b3) x11 0x3e71e400
core   0: 0x80002c60 (0xa0c52213) slti    tp, a0, -1524
core   0: 3 0x80002c60 (0xa0c52213) x 4 0x00000001
core   0: 0x80002c64 (0x48103993) sltiu   s3, zero, 1153
core   0: 3 0x80002c64 (0x48103993) x19 0x00000001
core   0: 0x80002c68 (0x001bf2b3) and     t0, s7, ra
core   0: 3 0x80002c68 (0x001bf2b3) x 5 0xf9c79000
core   0: 0x80002c6c (0x008eca33) xor     s4, t4, s0
core   0: 3 0x80002c6c (0x008eca33) x20 0xffda35a1
core   0: 0x80002c70 (0x407351b3) sra     gp, t1, t2
core   0: 3 0x80002c70 (0x407351b3) x 3 0x00000000
core   0: 0x80002c74 (0xd3f9be13) sltiu   t3, s3, -705
core   0: 3 0x80002c74 (0xd3f9be13) x28 0x00000001
core   0: 0x80002c78 (0x6c902813) slti    a6, zero, 1737
core   0: 3 0x80002c78 (0x6c902813) x16 0x00000001
core   0: 0x80002c7c (0x0130e833) or      a6, ra, s3
core   0: 3 0x80002c7c (0x0130e833) x16 0xfffffd3b
core   0: 0x80002c80 (0x0081ff33) and     t5, gp, s0
core   0: 3 0x80002c80 (0x0081ff33) x30 0x00000000
core   0: 0x80002c84 (0x01b89f13) slli    t5, a7, 27
core   0: 3 0x80002c84 (0x01b89f13) x30 0x20000000
core   0: 0x80002c88 (0x405ade93) srai    t4, s5, 5
core   0: 3 0x80002c88 (0x405ade93) x29 0x00000000
core   0: 0x80002c8c (0x7cd33937) lui     s2, 0x7cd33
core   0: 3 0x80002c8c (0x7cd33937) x18 0x7cd33000
core   0: 0x80002c90 (0x88a7e093) ori     ra, a5, -1910
core   0: 3 0x80002c90 (0x88a7e093) x 1 0xfffffc9a
core   0: 0x80002c94 (0x00bbdf13) srli    t5, s7, 11
core   0: 3 0x80002c94 (0x00bbdf13) x30 0x001f38f2
core   0: 0x80002c98 (0x01ae36b3) sltu    a3, t3, s10
core   0: 3 0x80002c98 (0x01ae36b3) x13 0x00000000
core   0: 0x80002c9c (0x44436f93) ori     t6, t1, 1092
core   0: 3 0x80002c9c (0x44436f93) x31 0x00000445
core   0: 0x80002ca0 (0xa9ce2813) slti    a6, t3, -1380
core   0: 3 0x80002ca0 (0xa9ce2813) x16 0x00000000
core   0: 0x80002ca4 (0x012907b3) add     a5, s2, s2
core   0: 3 0x80002ca4 (0x012907b3) x15 0xf9a66000
core   0: 0x80002ca8 (0x14a08113) addi    sp, ra, 330
core   0: 3 0x80002ca8 (0x14a08113) x 2 0xfffffde4
core   0: 0x80002cac (0x00225633) srl     a2, tp, sp
core   0: 3 0x80002cac (0x00225633) x12 0x00000000
core   0: 0x80002cb0 (0xe99bfc13) andi    s8, s7, -359
core   0: 3 0x80002cb0 (0xe99bfc13) x24 0xf9c79000
core   0: 0x80002cb4 (0x01b35d33) srl     s10, t1, s11
core   0: 3 0x80002cb4 (0x01b35d33) x26 0x00000001
core   0: 0x80002cb8 (0x0159fe33) and     t3, s3, s5
core   0: 3 0x80002cb8 (0x0159fe33) x28 0x00000000
core   0: 0x80002cbc (0x87316f93) ori     t6, sp, -1933
core   0: 3 0x80002cbc (0x87316f93) x31 0xfffffdf7
core   0: 0x80002cc0 (0x20081437) lui     s0, 0x20081
core   0: 3 0x80002cc0 (0x20081437) x 8 0x20081000
core   0: 0x80002cc4 (0x40f85813) srai    a6, a6, 15
core   0: 3 0x80002cc4 (0x40f85813) x16 0x00000000
core   0: 0x80002cc8 (0x00f2d713) srli    a4, t0, 15
core   0: 3 0x80002cc8 (0x00f2d713) x14 0x0001f38f
core   0: 0x80002ccc (0xb1476a13) ori     s4, a4, -1260
core   0: 3 0x80002ccc (0xb1476a13) x20 0xfffffb9f
core   0: 0x80002cd0 (0x1db62e13) slti    t3, a2, 475
core   0: 3 0x80002cd0 (0x1db62e13) x28 0x00000001
core   0: 0x80002cd4 (0x83f87093) andi    ra, a6, -1985
core   0: 3 0x80002cd4 (0x83f87093) x 1 0x00000000
core   0: 0x80002cd8 (0x0049a9b3) slt     s3, s3, tp
core   0: 3 0x80002cd8 (0x0049a9b3) x19 0x00000000
core   0: 0x80002cdc (0x415d5a33) sra     s4, s10, s5
core   0: 3 0x80002cdc (0x415d5a33) x20 0x00000001
core   0: 0x80002ce0 (0x0112dcb3) srl     s9, t0, a7
core   0: 3 0x80002ce0 (0x0112dcb3) x25 0x0f9c7900
core   0: 0x80002ce4 (0x01d5efb3) or      t6, a1, t4
core   0: 3 0x80002ce4 (0x01d5efb3) x31 0x3e71e400
core   0: 0x80002ce8 (0x003aa833) slt     a6, s5, gp
core   0: 3 0x80002ce8 (0x003aa833) x16 0x00000000
core   0: 0x80002cec (0x35bf7993) andi    s3, t5, 859
core   0: 3 0x80002cec (0x35bf7993) x19 0x00000052
core   0: 0x80002cf0 (0x4a92eb93) ori     s7, t0, 1193
core   0: 3 0x80002cf0 (0x4a92eb93) x23 0xf9c794a9
core   0: 0x80002cf4 (0x4103e813) ori     a6, t2, 1040
core   0: 3 0x80002cf4 (0x4103e813) x16 0x80015cf4
core   0: 0x80002cf8 (0x014b8fb3) add     t6, s7, s4
core   0: 3 0x80002cf8 (0x014b8fb3) x31 0xf9c794aa
core   0: 0x80002cfc (0x80e84993) xori    s3, a6, -2034
core   0: 3 0x80002cfc (0x80e84993) x19 0x7ffea4fa
core   0: 0x80002d00 (0xb9a52d13) slti    s10, a0, -1126
core   0: 3 0x80002d00 (0xb9a52d13) x26 0x00000001
core   0: 0x80002d04 (0x00939ab3) sll     s5, t2, s1
core   0: 3 0x80002d04 (0x00939ab3) x21 0xb9c80000
core   0: 0x80002d08 (0x00d85133) srl     sp, a6, a3
core   0: 3 0x80002d08 (0x00d85133) x 2 0x80015cf4
core   0: 0x80002d0c (0x0111e033) or      zero, gp, a7
core   0: 3 0x80002d0c (0x0111e033)
core   0: 0x80002d10 (0x002a14b3) sll     s1, s4, sp
core   0: 3 0x80002d10 (0x002a14b3) x 9 0x00100000
core   0: 0x80002d14 (0x843ba513) slti    a0, s7, -1981
core   0: 3 0x80002d14 (0x843ba513) x10 0x00000001
core   0: 0x80002d18 (0x01839513) slli    a0, t2, 24
core   0: 3 0x80002d18 (0x01839513) x10 0xe4000000
core   0: 0x80002d1c (0x00a602b3) add     t0, a2, a0
core   0: 3 0x80002d1c (0x00a602b3) x 5 0xe4000000
core   0: 0x80002d20 (0x4059d913) srai    s2, s3, 5
core   0: 3 0x80002d20 (0x4059d913) x18 0x03fff527
core   0: 0x80002d24 (0x00000013) nop
core   0: 3 0x80002d24 (0x00000013)
core   0: 0x80002d28 (0xcba53d93) sltiu   s11, a0, -838
core   0: 3 0x80002d28 (0xcba53d93) x27 0x00000001
core   0: 0x80002d2c (0x0037d193) srli    gp, a5, 3
core   0: 3 0x80002d2c (0x0037d193) x 3 0x1f34cc00
core   0: 0x80002d30 (0x008bbdb3) sltu    s11, s7, s0
core   0: 3 0x80002d30 (0x008bbdb3) x27 0x00000000
core   0: 0x80002d34 (0x41aadab3) sra     s5, s5, s10
core   0: 3 0x80002d34 (0x41aadab3) x21 0xdce40000
core   0: 0x80002d38 (0x01b54e33) xor     t3, a0, s11
core   0: 3 0x80002d38 (0x01b54e33) x28 0xe4000000
core   0: 0x80002d3c (0x01315913) srli    s2, sp, 19
core   0: 3 0x80002d3c (0x01315913) x18 0x00001000
core   0: 0x80002d40 (0x00c49233) sll     tp, s1, a2
core   0: 3 0x80002d40 (0x00c49233) x 4 0x00100000
core   0: 0x80002d44 (0xa0e9b913) sltiu   s2, s3, -1522
core   0: 3 0x80002d44 (0xa0e9b913) x18 0x00000001
core   0: 0x80002d48 (0x00000013) nop
core   0: 3 0x80002d48 (0x00000013)
core   0: 0x80002d4c (0x0197d7b3) srl     a5, a5, s9
core   0: 3 0x80002d4c (0x0197d7b3) x15 0xf9a66000
core   0: 0x80002d50 (0x4190db93) srai    s7, ra, 25
core   0: 3 0x80002d50 (0x4190db93) x23 0x00000000
core   0: 0x80002d54 (0x41b18733) sub     a4, gp, s11
core   0: 3 0x80002d54 (0x41b18733) x14 0x1f34cc00
core   0: 0x80002d58 (0x41cf5513) srai    a0, t5, 28
core   0: 3 0x80002d58 (0x41cf5513) x10 0x00000000
core   0: 0x80002d5c (0x113d8a93) addi    s5, s11, 275
core   0: 3 0x80002d5c (0x113d8a93) x21 0x00000113
core   0: 0x80002d60 (0x405f0113) addi    sp, t5, 1029
core   0: 3 0x80002d60 (0x405f0113) x 2 0x001f3cf7
core   0: 0x80002d64 (0x80000c37) lui     s8, 0x80000
core   0: 3 0x80002d64 (0x80000c37) x24 0x80000000
core   0: 0x80002d68 (0x8d1c64b7) lui     s1, 0x8d1c6
core   0: 3 0x80002d68 (0x8d1c64b7) x 9 0x8d1c6000
core   0: 0x80002d6c (0x64c48493) addi    s1, s1, 1612
core   0: 3 0x80002d6c (0x64c48493) x 9 0x8d1c664c
core   0: 0x80002d70 (0x00000e93) li      t4, 0
core   0: 3 0x80002d70 (0x00000e93) x29 0x00000000
core   0: 0x80002d74 (0xd9ec2737) lui     a4, 0xd9ec2
core   0: 3 0x80002d74 (0xd9ec2737) x14 0xd9ec2000
core   0: 0x80002d78 (0xe1770713) addi    a4, a4, -489
core   0: 3 0x80002d78 (0xe1770713) x14 0xd9ec1e17
core   0: 0x80002d7c (0xf50349b7) lui     s3, 0xf5034
core   0: 3 0x80002d7c (0xf50349b7) x19 0xf5034000
core   0: 0x80002d80 (0xf0098993) addi    s3, s3, -256
core   0: 3 0x80002d80 (0xf0098993) x19 0xf5033f00
core   0: 0x80002d84 (0xbd3ef537) lui     a0, 0xbd3ef
core   0: 3 0x80002d84 (0xbd3ef537) x10 0xbd3ef000
core   0: 0x80002d88 (0x79050513) addi    a0, a0, 1936
core   0: 3 0x80002d88 (0x79050513) x10 0xbd3ef790
core   0: 0x80002d8c (0x80000937) lui     s2, 0x80000
core   0: 3 0x80002d8c (0x80000937) x18 0x80000000
core   0: 0x80002d90 (0xfff00193) li      gp, -1
core   0: 3 0x80002d90 (0xfff00193) x 3 0xffffffff
core   0: 0x80002d94 (0x80000137) lui     sp, 0x80000
core   0: 3 0x80002d94 (0x80000137) x 2 0x80000000
core   0: 0x80002d98 (0x00000a13) li      s4, 0
core   0: 3 0x80002d98 (0x00000a13) x20 0x00000000
core   0: 0x80002d9c (0x01de8eb3) add     t4, t4, t4
core   0: 3 0x80002d9c (0x01de8eb3) x29 0x00000000
core   0: 0x80002da0 (0xf74e7717) auipc   a4, 0xf74e7
core   0: 3 0x80002da0 (0xf74e7717) x14 0x774e9da0
core   0: 0x80002da4 (0x413c0eb3) sub     t4, s8, s3
core   0: 3 0x80002da4 (0x413c0eb3) x29 0x8afcc100
core   0: 0x80002da8 (0x1be65eb7) lui     t4, 0x1be65
core   0: 3 0x80002da8 (0x1be65eb7) x29 0x1be65000
core   0: 0x80002dac (0x40248533) sub     a0, s1, sp
core   0: 3 0x80002dac (0x40248533) x10 0x0d1c664c
core   0: 0x80002db0 (0x00390a33) add     s4, s2, gp
core   0: 3 0x80002db0 (0x00390a33) x20 0x7fffffff
core   0: 0x80002db4 (0x00e18eb3) add     t4, gp, a4
core   0: 3 0x80002db4 (0x00e18eb3) x29 0x774e9d9f
core   0: 0x80002db8 (0x00000013) nop
core   0: 3 0x80002db8 (0x00000013)
core   0: 0x80002dbc (0x00000013) nop
core   0: 3 0x80002dbc (0x00000013)
core   0: 0x80002dc0 (0x300f91b7) lui     gp, 0x300f9
core   0: 3 0x80002dc0 (0x300f91b7) x 3 0x300f9000
core   0: 0x80002dc4 (0xbf521497) auipc   s1, 0xbf521
core   0: 3 0x80002dc4 (0xbf521497) x 9 0x3f523dc4
core   0: 0x80002dc8 (0x8d275c17) auipc   s8, 0x8d275
core   0: 3 0x80002dc8 (0x8d275c17) x24 0x0d277dc8
core   0: 0x80002dcc (0x403981b3) sub     gp, s3, gp
core   0: 3 0x80002dcc (0x403981b3) x 3 0xc4f3af00
core   0: 0x80002dd0 (0xe56f3a37) lui     s4, 0xe56f3
core   0: 3 0x80002dd0 (0xe56f3a37) x20 0xe56f3000
core   0: 0x80002dd4 (0x00000013) nop
core   0: 3 0x80002dd4 (0x00000013)
core   0: 0x80002dd8 (0x418704b3) sub     s1, a4, s8
core   0: 3 0x80002dd8 (0x418704b3) x 9 0x6a271fd8
core   0: 0x80002ddc (0x7991ae97) auipc   t4, 0x7991a
core   0: 3 0x80002ddc (0x7991ae97) x29 0xf991cddc
core   0: 0x80002de0 (0x782cbe97) auipc   t4, 0x782cb
core   0: 3 0x80002de0 (0x782cbe97) x29 0xf82cdde0
core   0: 0x80002de4 (0x40ea0133) sub     sp, s4, a4
core   0: 3 0x80002de4 (0x40ea0133) x 2 0x6e209260
core   0: 0x80002de8 (0x00370eb3) add     t4, a4, gp
core   0: 3 0x80002de8 (0x00370eb3) x29 0x3c424ca0
core   0: 0x80002dec (0x013e84b3) add     s1, t4, s3
core   0: 3 0x80002dec (0x013e84b3) x 9 0x31458ba0
core   0: 0x80002df0 (0x9a8c14b7) lui     s1, 0x9a8c1
core   0: 3 0x80002df0 (0x9a8c14b7) x 9 0x9a8c1000
core   0: 0x80002df4 (0x012c04b3) add     s1, s8, s2
core   0: 3 0x80002df4 (0x012c04b3) x 9 0x8d277dc8
core   0: 0x80002df8 (0x00000013) nop
core   0: 3 0x80002df8 (0x00000013)
core   0: 0x80002dfc (0x41448933) sub     s2, s1, s4
core   0: 3 0x80002dfc (0x41448933) x18 0xa7b84dc8
core   0: 0x80002e00 (0x14280a17) auipc   s4, 0x14280
core   0: 3 0x80002e00 (0x14280a17) x20 0x94282e00
core   0: 0x80002e04 (0x00000013) nop
core   0: 3 0x80002e04 (0x00000013)
core   0: 0x80002e08 (0xf0ee6493) ori     s1, t3, -242
core   0: 3 0x80002e08 (0xf0ee6493) x 9 0xffffff0e
core   0: 0x80002e0c (0x415a5d13) srai    s10, s4, 21
core   0: 3 0x80002e0c (0x415a5d13) x26 0xfffffca1
core   0: 0x80002e10 (0x7ca40037) lui     zero, 0x7ca40
core   0: 3 0x80002e10 (0x7ca40037)
core   0: 0x80002e14 (0x3fe58f93) addi    t6, a1, 1022
core   0: 3 0x80002e14 (0x3fe58f93) x31 0x3e71e7fe
core   0: 0x80002e18 (0xeb07e793) ori     a5, a5, -336
core   0: 3 0x80002e18 (0xeb07e793) x15 0xfffffeb0
core   0: 0x80002e1c (0x010c8533) add     a0, s9, a6
core   0: 3 0x80002e1c (0x010c8533) x10 0x8f9dd5f4
core   0: 0x80002e20 (0x40720db3) sub     s11, tp, t2
core   0: 3 0x80002e20 (0x40720db3) x27 0x800ea31c
core   0: 0x80002e24 (0x01ab2a33) slt     s4, s6, s10
core   0: 3 0x80002e24 (0x01ab2a33) x20 0x00000001
core   0: 0x80002e28 (0xe2cf2f13) slti    t5, t5, -468
core   0: 3 0x80002e28 (0xe2cf2f13) x30 0x00000000
core   0: 0x80002e2c (0x4eee6593) ori     a1, t3, 1262
core   0: 3 0x80002e2c (0x4eee6593) x11 0xe40004ee
core   0: 0x80002e30 (0x00018d33) add     s10, gp, zero
core   0: 3 0x80002e30 (0x00018d33) x26 0xc4f3af00
core   0: 0x80002e34 (0x000242b3) xor     t0, tp, zero
core   0: 3 0x80002e34 (0x000242b3) x 5 0x00100000
core   0: 0x80002e38 (0x01459ab3) sll     s5, a1, s4
core   0: 3 0x80002e38 (0x01459ab3) x21 0xc80009dc
core   0: 0x80002e3c (0x0e118c97) auipc   s9, 0xe118
core   0: 3 0x80002e3c (0x0e118c97) x25 0x8e11ae3c
core   0: 0x80002e40 (0xde5df993) andi    s3, s11, -539
core   0: 3 0x80002e40 (0xde5df993) x19 0x800ea104
core   0: 0x80002e44 (0x41e45033) sra     zero, s0, t5
core   0: 3 0x80002e44 (0x41e45033)
core   0: 0x80002e48 (0x01052db3) slt     s11, a0, a6
core   0: 3 0x80002e48 (0x01052db3) x27 0x00000000
core   0: 0x80002e4c (0x0b60f613) andi    a2, ra, 182
core   0: 3 0x80002e4c (0x0b60f613) x12 0x00000000
core   0: 0x80002e50 (0x41525293) srai    t0, tp, 21
core   0: 3 0x80002e50 (0x41525293) x 5 0x00000000
core   0: 0x80002e54 (0x01c71213) slli    tp, a4, 28
core   0: 3 0x80002e54 (0x01c71213) x 4 0x00000000
core   0: 0x80002e58 (0xb6706f93) ori     t6, zero, -1177
core   0: 3 0x80002e58 (0xb6706f93) x31 0xfffffb67
core   0: 0x80002e5c (0x015be9b3) or      s3, s7, s5
core   0: 3 0x80002e5c (0x015be9b3) x19 0xc80009dc
core   0: 0x80002e60 (0x00ee1e13) slli    t3, t3, 14
core   0: 3 0x80002e60 (0x00ee1e13) x28 0x00000000
core   0: 0x80002e64 (0x014ed933) srl     s2, t4, s4
core   0: 3 0x80002e64 (0x014ed933) x18 0x1e212650
core   0: 0x80002e68 (0x00255633) srl     a2, a0, sp
core   0: 3 0x80002e68 (0x00255633) x12 0x8f9dd5f4
core   0: 0x80002e6c (0x10614ab7) lui     s5, 0x10614
core   0: 3 0x80002e6c (0x10614ab7) x21 0x10614000
core   0: 0x80002e70 (0x02e80193) addi    gp, a6, 46
core   0: 3 0x80002e70 (0x02e80193) x 3 0x80015d22
core   0: 0x80002e74 (0x41ad8ab3) sub     s5, s11, s10
core   0: 3 0x80002e74 (0x41ad8ab3) x21 0x3b0c5100
core   0: 0x80002e78 (0x012731b3) sltu    gp, a4, s2
core   0: 3 0x80002e78 (0x012731b3) x 3 0x00000000
core   0: 0x80002e7c (0x91c53d93) sltiu   s11, a0, -1764
core   0: 3 0x80002e7c (0x91c53d93) x27 0x00000001
core   0: 0x80002e80 (0xafde0a13) addi    s4, t3, -1283
core   0: 3 0x80002e80 (0xafde0a13) x20 0xfffffafd
core   0: 0x80002e84 (0x00561733) sll     a4, a2, t0
core   0: 3 0x80002e84 (0x00561733) x14 0x8f9dd5f4
core   0: 0x80002e88 (0x003ce833) or      a6, s9, gp
core   0: 3 0x80002e88 (0x003ce833) x16 0x8e11ae3c
core   0: 0x80002e8c (0xd1f52e13) slti    t3, a0, -737
core   0: 3 0x80002e8c (0xd1f52e13) x28 0x00000001
core   0: 0x80002e90 (0xe7e13093) sltiu   ra, sp, -386
core   0: 3 0x80002e90 (0xe7e13093) x 1 0x00000001
core   0: 0x80002e94 (0xc1df3493) sltiu   s1, t5, -995
core   0: 3 0x80002e94 (0xc1df3493) x 9 0x00000001
core   0: 0x80002e98 (0x402d5cb3) sra     s9, s10, sp
core   0: 3 0x80002e98 (0x402d5cb3) x25 0xc4f3af00
core   0: 0x80002e9c (0x27006f93) ori     t6, zero, 624
core   0: 3 0x80002e9c (0x27006f93) x31 0x00000270
core   0: 0x80002ea0 (0x0001f833) and     a6, gp, zero
core   0: 3 0x80002ea0 (0x0001f833) x16 0x00000000
core   0: 0x80002ea4 (0x01b7d6b3) srl     a3, a5, s11
core   0: 3 0x80002ea4 (0x01b7d6b3) x13 0x7fffff58
core   0: 0x80002ea8 (0x00000013) nop
core   0: 3 0x80002ea8 (0x00000013)
core   0: 0x80002eac (0x403f5913) srai    s2, t5, 3
core   0: 3 0x80002eac (0x403f5913) x18 0x00000000
core   0: 0x80002eb0 (0x00ede833) or      a6, s11, a4
core   0: 3 0x80002eb0 (0x00ede833) x16 0x8f9dd5f5
core   0: 0x80002eb4 (0xdd712413) slti    s0, sp, -553
core   0: 3 0x80002eb4 (0xdd712413) x 8 0x00000000
core   0: 0x80002eb8 (0x0181ffb3) and     t6, gp, s8
core   0: 3 0x80002eb8 (0x0181ffb3) x31 0x00000000
core   0: 0x80002ebc (0x416cd6b3) sra     a3, s9, s6
core   0: 3 0x80002ebc (0x416cd6b3) x13 0xe279d780
core   0: 0x80002ec0 (0x010920b3) slt     ra, s2, a6
core   0: 3 0x80002ec0 (0x010920b3) x 1 0x00000000
core   0: 0x80002ec4 (0x013aa6b3) slt     a3, s5, s3
core   0: 3 0x80002ec4 (0x013aa6b3) x13 0x00000000
core   0: 0x80002ec8 (0xd883fe93) andi    t4, t2, -632
core   0: 3 0x80002ec8 (0xd883fe93) x29 0x80015c80
core   0: 0x80002ecc (0x015f2eb3) slt     t4, t5, s5
core   0: 3 0x80002ecc (0x015f2eb3) x29 0x00000001
core   0: 0x80002ed0 (0x00101233) sll     tp, zero, ra
core   0: 3 0x80002ed0 (0x00101233) x 4 0x00000000
core   0: 0x80002ed4 (0x000b32b3) sltu    t0, s6, zero
core   0: 3 0x80002ed4 (0x000b32b3) x 5 0x00000000
core   0: 0x80002ed8 (0x00f86033) or      zero, a6, a5
core   0: 3 0x80002ed8 (0x00f86033)
core   0: 0x80002edc (0x1ce72d93) slti    s11, a4, 462
core   0: 3 0x80002edc (0x1ce72d93) x27 0x00000001
core   0: 0x80002ee0 (0x000bf333) and     t1, s7, zero
core   0: 3 0x80002ee0 (0x000bf333) x 6 0x00000000
core   0: 0x80002ee4 (0xf9566497) auipc   s1, 0xf9566
core   0: 3 0x80002ee4 (0xf9566497) x 9 0x79568ee4
core   0: 0x80002ee8 (0x408dda13) srai    s4, s11, 8
core   0: 3 0x80002ee8 (0x408dda13) x20 0x00000000
core   0: 0x80002eec (0x00ad0933) add     s2, s10, a0
core   0: 3 0x80002eec (0x00ad0933) x18 0x549184f4
core   0: 0x80002ef0 (0x008670b3) and     ra, a2, s0
core   0: 3 0x80002ef0 (0x008670b3) x 1 0x00000000
core   0: 0x80002ef4 (0x006b1c13) slli    s8, s6, 6
core   0: 3 0x80002ef4 (0x006b1c13) x24 0x20e5b840
core   0: 0x80002ef8 (0x00d5c1b3) xor     gp, a1, a3
core   0: 3 0x80002ef8 (0x00d5c1b3) x 3 0xe40004ee
core   0: 0x80002efc (0x010de333) or      t1, s11, a6
core   0: 3 0x80002efc (0x010de333) x 6 0x8f9dd5f5
core   0: 0x80002f00 (0xbcbeee13) ori     t3, t4, -1077
core   0: 3 0x80002f00 (0xbcbeee13) x28 0xfffffbcb
core   0: 0x80002f04 (0x01dcc7b3) xor     a5, s9, t4
core   0: 3 0x80002f04 (0x01dcc7b3) x15 0xc4f3af01
core   0: 0x80002f08 (0x6c608093) addi    ra, ra, 1734
core   0: 3 0x80002f08 (0x6c608093) x 1 0x000006c6
core   0: 0x80002f0c (0x004fe833) or      a6, t6, tp
core   0: 3 0x80002f0c (0x004fe833) x16 0x00000000
core   0: 0x80002f10 (0x744be313) ori     t1, s7, 1860
core   0: 3 0x80002f10 (0x744be313) x 6 0x00000744
core   0: 0x80002f14 (0x00a7f933) and     s2, a5, a0
core   0: 3 0x80002f14 (0x00a7f933) x18 0x84918500
core   0: 0x80002f18 (0x41870333) sub     t1, a4, s8
core   0: 3 0x80002f18 (0x41870333) x 6 0x6eb81db4
core   0: 0x80002f1c (0x00000013) nop
core   0: 3 0x80002f1c (0x00000013)
core   0: 0x80002f20 (0x0124bc33) sltu    s8, s1, s2
core   0: 3 0x80002f20 (0x0124bc33) x24 0x00000001
core   0: 0x80002f24 (0x0164dbb3) srl     s7, s1, s6
core   0: 3 0x80002f24 (0x0164dbb3) x23 0x3cab4772
core   0: 0x80002f28 (0x6cdc8b97) auipc   s7, 0x6cdc8
core   0: 3 0x80002f28 (0x6cdc8b97) x23 0xecdcaf28
core   0: 0x80002f2c (0x0124fcb3) and     s9, s1, s2
core   0: 3 0x80002f2c (0x0124fcb3) x25 0x00108400
core   0: 0x80002f30 (0xdedd4713) xori    a4, s10, -531
core   0: 3 0x80002f30 (0xdedd4713) x14 0x3b0c52ed
core   0: 0x80002f34 (0x01445613) srli    a2, s0, 20
core   0: 3 0x80002f34 (0x01445613) x12 0x00000000
core   0: 0x80002f38 (0x257bbeb7) lui     t4, 0x257bb
core   0: 3 0x80002f38 (0x257bbeb7) x29 0x257bb000
core   0: 0x80002f3c (0x01bf6ab3) or      s5, t5, s11
core   0: 3 0x80002f3c (0x01bf6ab3) x21 0x00000001
core   0: 0x80002f40 (0x01eb74b3) and     s1, s6, t5
core   0: 3 0x80002f40 (0x01eb74b3) x 9 0x00000000
core   0: 0x80002f44 (0x96c96c93) ori     s9, s2, -1684
core   0: 3 0x80002f44 (0x96c96c93) x25 0xfffffd6c
core   0: 0x80002f48 (0x00b28d33) add     s10, t0, a1
core   0: 3 0x80002f48 (0x00b28d33) x26 0xe40004ee
core   0: 0x80002f4c (0x000726b3) slt     a3, a4, zero
core   0: 3 0x80002f4c (0x000726b3) x13 0x00000000
core   0: 0x80002f50 (0x00453bb3) sltu    s7, a0, tp
core   0: 3 0x80002f50 (0x00453bb3) x23 0x00000000
core   0: 0x80002f54 (0xe3927d13) andi    s10, tp, -455
core   0: 3 0x80002f54 (0xe3927d13) x26 0x00000000
core   0: 0x80002f58 (0xfb4ff493) andi    s1, t6, -76
core   0: 3 0x80002f58 (0xfb4ff493) x 9 0x00000000
core   0: 0x80002f5c (0x4a87f813) andi    a6, a5, 1192
core   0: 3 0x80002f5c (0x4a87f813) x16 0x00000400
core   0: 0x80002f60 (0xf8eab337) lui     t1, 0xf8eab
core   0: 3 0x80002f60 (0xf8eab337) x 6 0xf8eab000
core   0: 0x80002f64 (0x2666b813) sltiu   a6, a3, 614
core   0: 3 0x80002f64 (0x2666b813) x16 0x00000001
core   0: 0x80002f68 (0x011eb2b3) sltu    t0, t4, a7
core   0: 3 0x80002f68 (0x011eb2b3) x 5 0x00000001
core   0: 0x80002f6c (0x006e6f33) or      t5, t3, t1
core   0: 3 0x80002f6c (0x006e6f33) x30 0xfffffbcb
core   0: 0x80002f70 (0x5b76f293) andi    t0, a3, 1463
core   0: 3 0x80002f70 (0x5b76f293) x 5 0x00000000
core   0: 0x80002f74 (0x01322533) slt     a0, tp, s3
core   0: 3 0x80002f74 (0x01322533) x10 0x00000000
core   0: 0x80002f78 (0x01989833) sll     a6, a7, s9
core   0: 3 0x80002f78 (0x01989833) x16 0x11e64000
core   0: 0x80002f7c (0xb8f96193) ori     gp, s2, -1137
core   0: 3 0x80002f7c (0xb8f96193) x 3 0xffffff8f
core   0: 0x80002f80 (0x0103b7b3) sltu    a5, t2, a6
core   0: 3 0x80002f80 (0x0103b7b3) x15 0x00000000
core   0: 0x80002f84 (0xdc60b813) sltiu   a6, ra, -570
core   0: 3 0x80002f84 (0xdc60b813) x16 0x00000001
core   0: 0x80002f88 (0xb326cf13) xori    t5, a3, -1230
core   0: 3 0x80002f88 (0xb326cf13) x30 0xfffffb32
core   0: 0x80002f8c (0x417c8333) sub     t1, s9, s7
core   0: 3 0x80002f8c (0x417c8333) x 6 0xfffffd6c
core   0: 0x80002f90 (0xeb488013) addi    zero, a7, -332
core   0: 3 0x80002f90 (0xeb488013)
core   0: 0x80002f94 (0x00b73cb3) sltu    s9, a4, a1
core   0: 3 0x80002f94 (0x00b73cb3) x25 0x00000001
core   0: 0x80002f98 (0x01e5eeb3) or      t4, a1, t5
core   0: 3 0x80002f98 (0x01e5eeb3) x29 0xfffffffe
core   0: 0x80002f9c (0x015fbf33) sltu    t5, t6, s5
core   0: 3 0x80002f9c (0x015fbf33) x30 0x00000001
core   0: 0x80002fa0 (0x00943733) sltu    a4, s0, s1
core   0: 3 0x80002fa0 (0x00943733) x14 0x00000000
core   0: 0x80002fa4 (0x00a88933) add     s2, a7, a0
core   0: 3 0x80002fa4 (0x00a88933) x18 0x80011e64
core   0: 0x80002fa8 (0x001f2f33) slt     t5, t5, ra
core   0: 3 0x80002fa8 (0x001f2f33) x30 0x00000001
core   0: 0x80002fac (0x0017ebb3) or      s7, a5, ra
core   0: 3 0x80002fac (0x0017ebb3) x23 0x000006c6
core   0: 0x80002fb0 (0xd080c413) xori    s0, ra, -760
core   0: 3 0x80002fb0 (0xd080c413) x 8 0xfffffbce
core   0: 0x80002fb4 (0x802e3313) sltiu   t1, t3, -2046
core   0: 3 0x80002fb4 (0x802e3313) x 6 0x00000000
core   0: 0x80002fb8 (0xb338f313) andi    t1, a7, -1229
core   0: 3 0x80002fb8 (0xb338f313) x 6 0x80011a20
core   0: 0x80002fbc (0x40315bb3) sra     s7, sp, gp
core   0: 3 0x80002fbc (0x40315bb3) x23 0x0000dc41
core   0: 0x80002fc0 (0xe6e87193) andi    gp, a6, -402
core   0: 3 0x80002fc0 (0xe6e87193) x 3 0x00000000
core   0: 0x80002fc4 (0x4004dc33) sra     s8, s1, zero
core   0: 3 0x80002fc4 (0x4004dc33) x24 0x00000000
core   0: 0x80002fc8 (0x00000013) nop
core   0: 3 0x80002fc8 (0x00000013)
core   0: 0x80002fcc (0x01ca40b3) xor     ra, s4, t3
core   0: 3 0x80002fcc (0x01ca40b3) x 1 0xfffffbcb
core   0: 0x80002fd0 (0x410bda93) srai    s5, s7, 16
core   0: 3 0x80002fd0 (0x410bda93) x21 0x00000000
core   0: 0x80002fd4 (0x00cac5b3) xor     a1, s5, a2
core   0: 3 0x80002fd4 (0x00cac5b3) x11 0x00000000
core   0: 0x80002fd8 (0x01fa9bb3) sll     s7, s5, t6
core   0: 3 0x80002fd8 (0x01fa9bb3) x23 0x00000000
core   0: 0x80002fdc (0x015df5b3) and     a1, s11, s5
core   0: 3 0x80002fdc (0x015df5b3) x11 0x00000000
core   0: 0x80002fe0 (0xf2234bb7) lui     s7, 0xf2234
core   0: 3 0x80002fe0 (0xf2234bb7) x23 0xf2234000
core   0: 0x80002fe4 (0x01dc2bb3) slt     s7, s8, t4
core   0: 3 0x80002fe4 (0x01dc2bb3) x23 0x00000000
core   0: 0x80002fe8 (0x0174f633) and     a2, s1, s7
core   0: 3 0x80002fe8 (0x0174f633) x12 0x00000000
core   0: 0x80002fec (0x8f152413) slti    s0, a0, -1807
core   0: 3 0x80002fec (0x8f152413) x 8 0x00000000
core   0: 0x80002ff0 (0x415a06b3) sub     a3, s4, s5
core   0: 3 0x80002ff0 (0x415a06b3) x13 0x00000000
core   0: 0x80002ff4 (0x01046a33) or      s4, s0, a6
core   0: 3 0x80002ff4 (0x01046a33) x20 0x00000001
core   0: 0x80002ff8 (0x40eadf13) srai    t5, s5, 14
core   0: 3 0x80002ff8 (0x40eadf13) x30 0x00000000
core   0: 0x80002ffc (0x01ba5593) srli    a1, s4, 27
core   0: 3 0x80002ffc (0x01ba5593) x11 0x00000000
core   0: 0x80003000 (0x00896eb3) or      t4, s2, s0
core   0: 3 0x80003000 (0x00896eb3) x29 0x80011e64
core   0: 0x80003004 (0x832ebf97) auipc   t6, 0x832eb
core   0: 3 0x80003004 (0x832ebf97) x31 0x032ee004
core   0: 0x80003008 (0x07598d93) addi    s11, s3, 117
core   0: 3 0x80003008 (0x07598d93) x27 0xc8000a51
core   0: 0x8000300c (0xbfd8b113) sltiu   sp, a7, -1027
core   0: 3 0x8000300c (0xbfd8b113) x 2 0x00000001
core   0: 0x80003010 (0x9ca2ad13) slti    s10, t0, -1590
core   0: 3 0x80003010 (0x9ca2ad13) x26 0x00000000
core   0: 0x80003014 (0x01c68bb3) add     s7, a3, t3
core   0: 3 0x80003014 (0x01c68bb3) x23 0xfffffbcb
core   0: 0x80003018 (0x004d6933) or      s2, s10, tp
core   0: 3 0x80003018 (0x004d6933) x18 0x00000000
core   0: 0x8000301c (0x398fb413) sltiu   s0, t6, 920
core   0: 3 0x8000301c (0x398fb413) x 8 0x00000000
core   0: 0x80003020 (0x00c87433) and     s0, a6, a2
core   0: 3 0x80003020 (0x00c87433) x 8 0x00000000
core   0: 0x80003024 (0x01c12db3) slt     s11, sp, t3
core   0: 3 0x80003024 (0x01c12db3) x27 0x00000000
core   0: 0x80003028 (0x80eb0493) addi    s1, s6, -2034
core   0: 3 0x80003028 (0x80eb0493) x 9 0xe8838eef
core   0: 0x8000302c (0x00000013) nop
core   0: 3 0x8000302c (0x00000013)
core   0: 0x80003030 (0x00000013) nop
core   0: 3 0x80003030 (0x00000013)
core   0: 0x80003034 (0xabbe4fb7) lui     t6, 0xabbe4
core   0: 3 0x80003034 (0xabbe4fb7) x31 0xabbe4000
core   0: 0x80003038 (0x01796033) or      zero, s2, s7
core   0: 3 0x80003038 (0x01796033)
core   0: 0x8000303c (0x01ef6cb3) or      s9, t5, t5
core   0: 3 0x8000303c (0x01ef6cb3) x25 0x00000000
core   0: 0x80003040 (0x01c2df33) srl     t5, t0, t3
core   0: 3 0x80003040 (0x01c2df33) x30 0x00000000
core   0: 0x80003044 (0x0108e533) or      a0, a7, a6
core   0: 3 0x80003044 (0x0108e533) x10 0x80011e65
core   0: 0x80003048 (0x8772d837) lui     a6, 0x8772d
core   0: 3 0x80003048 (0x8772d837) x16 0x8772d000
core   0: 0x8000304c (0x40da5db3) sra     s11, s4, a3
core   0: 3 0x8000304c (0x40da5db3) x27 0x00000001
core   0: 0x80003050 (0x35ff7993) andi    s3, t5, 863
core   0: 3 0x80003050 (0x35ff7993) x19 0x00000000
core   0: 0x80003054 (0xc7cf3093) sltiu   ra, t5, -900
core   0: 3 0x80003054 (0xc7cf3093) x 1 0x00000001
core   0: 0x80003058 (0x006987b3) add     a5, s3, t1
core   0: 3 0x80003058 (0x006987b3) x15 0x80011a20
core   0: 0x8000305c (0x403d5313) srai    t1, s10, 3
core   0: 3 0x8000305c (0x403d5313) x 6 0x00000000
core   0: 0x80003060 (0xd663f017) auipc   zero, 0xd663f
core   0: 3 0x80003060 (0xd663f017)
core   0: 0x80003064 (0x01faea33) or      s4, s5, t6
core   0: 3 0x80003064 (0x01faea33) x20 0xabbe4000
core   0: 0x80003068 (0xb1bac217) auipc   tp, 0xb1bac
core   0: 3 0x80003068 (0xb1bac217) x 4 0x31baf068
core   0: 0x8000306c (0x015f41b3) xor     gp, t5, s5
core   0: 3 0x8000306c (0x015f41b3) x 3 0x00000000
core   0: 0x80003070 (0xf45d2613) slti    a2, s10, -187
core   0: 3 0x80003070 (0xf45d2613) x12 0x00000000
core   0: 0x80003074 (0x6a8d4c93) xori    s9, s10, 1704
core   0: 3 0x80003074 (0x6a8d4c93) x25 0x000006a8
core   0: 0x80003078 (0x015f5013) srli    zero, t5, 21
core   0: 3 0x80003078 (0x015f5013)
core   0: 0x8000307c (0x0019d933) srl     s2, s3, ra
core   0: 3 0x8000307c (0x0019d933) x18 0x00000000
core   0: 0x80003080 (0x4f174813) xori    a6, a4, 1265
core   0: 3 0x80003080 (0x4f174813) x16 0x000004f1
core   0: 0x80003084 (0xe73b6f13) ori     t5, s6, -397
core   0: 3 0x80003084 (0xe73b6f13) x30 0xfffffef3
core   0: 0x80003088 (0x0147ae33) slt     t3, a5, s4
core   0: 3 0x80003088 (0x0147ae33) x28 0x00000001
core   0: 0x8000308c (0x7f0d7b93) andi    s7, s10, 2032
core   0: 3 0x8000308c (0x7f0d7b93) x23 0x00000000
core   0: 0x80003090 (0x002f5233) srl     tp, t5, sp
core   0: 3 0x80003090 (0x002f5233) x 4 0x7fffff79
core   0: 0x80003094 (0x01979933) sll     s2, a5, s9
core   0: 3 0x80003094 (0x01979933) x18 0x011a2000
core   0: 0x80003098 (0xdc5a6b93) ori     s7, s4, -571
core   0: 3 0x80003098 (0xdc5a6b93) x23 0xfffffdc5
core   0: 0x8000309c (0x01c38033) add     zero, t2, t3
core   0: 3 0x8000309c (0x01c38033)
core   0: 0x800030a0 (0x40f8d1b3) sra     gp, a7, a5
core   0: 3 0x800030a0 (0x40f8d1b3) x 3 0x80011e64
core   0: 0x800030a4 (0x3a903913) sltiu   s2, zero, 937
core   0: 3 0x800030a4 (0x3a903913) x18 0x00000001
core   0: 0x800030a8 (0x00000013) nop
core   0: 3 0x800030a8 (0x00000013)
core   0: 0x800030ac (0x0088deb3) srl     t4, a7, s0
core   0: 3 0x800030ac (0x0088deb3) x29 0x80011e64
core   0: 0x800030b0 (0x00000013) nop
core   0: 3 0x800030b0 (0x00000013)
core   0: 0x800030b4 (0x00661f13) slli    t5, a2, 6
core   0: 3 0x800030b4 (0x00661f13) x30 0x00000000
core   0: 0x800030b8 (0x2baee137) lui     sp, 0x2baee
core   0: 3 0x800030b8 (0x2baee137) x 2 0x2baee000
core   0: 0x800030bc (0x413f5613) srai    a2, t5, 19
core   0: 3 0x800030bc (0x413f5613) x12 0x00000000
core   0: 0x800030c0 (0x99b5e713) ori     a4, a1, -1637
core   0: 3 0x800030c0 (0x99b5e713) x14 0xfffff99b
core   0: 0x800030c4 (0x00167eb3) and     t4, a2, ra
core   0: 3 0x800030c4 (0x00167eb3) x29 0x00000000
core   0: 0x800030c8 (0x008e1f33) sll     t5, t3, s0
core   0: 3 0x800030c8 (0x008e1f33) x30 0x00000001
core   0: 0x800030cc (0x00000013) nop
core   0: 3 0x800030cc (0x00000013)
core   0: 0x800030d0 (0x2e20c493) xori    s1, ra, 738
core   0: 3 0x800030d0 (0x2e20c493) x 9 0x000002e3
core   0: 0x800030d4 (0x013ed713) srli    a4, t4, 19
core   0: 3 0x800030d4 (0x013ed713) x14 0x00000000
core   0: 0x800030d8 (0x1d1e3f13) sltiu   t5, t3, 465
core   0: 3 0x800030d8 (0x1d1e3f13) x30 0x00000001
core   0: 0x800030dc (0x927f6a93) ori     s5, t5, -1753
core   0: 3 0x800030dc (0x927f6a93) x21 0xfffff927
core   0: 0x800030e0 (0x40255293) srai    t0, a0, 2
core   0: 3 0x800030e0 (0x40255293) x 5 0xe0004799
core   0: 0x800030e4 (0x402c5793) srai    a5, s8, 2
core   0: 3 0x800030e4 (0x402c5793) x15 0x00000000
core   0: 0x800030e8 (0xbf86af13) slti    t5, a3, -1032
core   0: 3 0x800030e8 (0xbf86af13) x30 0x00000000
core   0: 0x800030ec (0xa51bbe93) sltiu   t4, s7, -1455
core   0: 3 0x800030ec (0xa51bbe93) x29 0x00000000
core   0: 0x800030f0 (0x011242b3) xor     t0, tp, a7
core   0: 3 0x800030f0 (0x011242b3) x 5 0xfffee11d
core   0: 0x800030f4 (0x005edb93) srli    s7, t4, 5
core   0: 3 0x800030f4 (0x005edb93) x23 0x00000000
core   0: 0x800030f8 (0xad368db7) lui     s11, 0xad368
core   0: 3 0x800030f8 (0xad368db7) x27 0xad368000
core   0: 0x800030fc (0x01743333) sltu    t1, s0, s7
core   0: 3 0x800030fc (0x01743333) x 6 0x00000000
core   0: 0x80003100 (0xed757c13) andi    s8, a0, -297
core   0: 3 0x80003100 (0xed757c13) x24 0x80011e45
core   0: 0x80003104 (0x414bd993) srai    s3, s7, 20
core   0: 3 0x80003104 (0x414bd993) x19 0x00000000
core   0: 0x80003108 (0x00350733) add     a4, a0, gp
core   0: 3 0x80003108 (0x00350733) x14 0x00023cc9
core   0: 0x8000310c (0x00000013) nop
core   0: 3 0x8000310c (0x00000013)
core   0: 0x80003110 (0x41668033) sub     zero, a3, s6
core   0: 3 0x80003110 (0x41668033)
core   0: 0x80003114 (0x014606b3) add     a3, a2, s4
core   0: 3 0x80003114 (0x014606b3) x13 0xabbe4000
core   0: 0x80003118 (0x4f21c093) xori    ra, gp, 1266
core   0: 3 0x80003118 (0x4f21c093) x 1 0x80011a96
core   0: 0x8000311c (0x016d5613) srli    a2, s10, 22
core   0: 3 0x8000311c (0x016d5613) x12 0x00000000
core   0: 0x80003120 (0x01c61a33) sll     s4, a2, t3
core   0: 3 0x80003120 (0x01c61a33) x20 0x00000000
core   0: 0x80003124 (0x00a89113) slli    sp, a7, 10
core   0: 3 0x80003124 (0x00a89113) x 2 0x04799000
core   0: 0x80003128 (0x00000013) nop
core   0: 3 0x80003128 (0x00000013)
core   0: 0x8000312c (0xfd45dab7) lui     s5, 0xfd45d
core   0: 3 0x8000312c (0xfd45dab7) x21 0xfd45d000
core   0: 0x80003130 (0xe71b7313) andi    t1, s6, -399
core   0: 3 0x80003130 (0xe71b7313) x 6 0xe8839661
core   0: 0x80003134 (0x40905a33) sra     s4, zero, s1
core   0: 3 0x80003134 (0x40905a33) x20 0x00000000
core   0: 0x80003138 (0x01aee4b3) or      s1, t4, s10
core   0: 3 0x80003138 (0x01aee4b3) x 9 0x00000000
core   0: 0x8000313c (0x5631b413) sltiu   s0, gp, 1379
core   0: 3 0x8000313c (0x5631b413) x 8 0x00000000
core   0: 0x80003140 (0x01190733) add     a4, s2, a7
core   0: 3 0x80003140 (0x01190733) x14 0x80011e65
core   0: 0x80003144 (0x83283513) sltiu   a0, a6, -1998
core   0: 3 0x80003144 (0x83283513) x10 0x00000001
core   0: 0x80003148 (0x2301c413) xori    s0, gp, 560
core   0: 3 0x80003148 (0x2301c413) x 8 0x80011c54
core   0: 0x8000314c (0x41590ab3) sub     s5, s2, s5
core   0: 3 0x8000314c (0x41590ab3) x21 0x02ba3001
core   0: 0x80003150 (0x9471df37) lui     t5, 0x9471d
core   0: 3 0x80003150 (0x9471df37) x30 0x9471d000
core   0: 0x80003154 (0x35403837) lui     a6, 0x35403
core   0: 3 0x80003154 (0x35403837) x16 0x35403000
core   0: 0x80003158 (0x011ad533) srl     a0, s5, a7
core   0: 3 0x80003158 (0x011ad533) x10 0x002ba300
core   0: 0x8000315c (0x941de493) ori     s1, s11, -1727
core   0: 3 0x8000315c (0x941de493) x 9 0xfffff941
core   0: 0x80003160 (0x01fbd813) srli    a6, s7, 31
core   0: 3 0x80003160 (0x01fbd813) x16 0x00000000
core   0: 0x80003164 (0x415b5113) srai    sp, s6, 21
core   0: 3 0x80003164 (0x415b5113) x 2 0xffffff44
core   0: 0x80003168 (0x01251193) slli    gp, a0, 18
core   0: 3 0x80003168 (0x01251193) x 3 0x8c000000
core   0: 0x8000316c (0x405d8c33) sub     s8, s11, t0
core   0: 3 0x8000316c (0x405d8c33) x24 0xad379ee3
core   0: 0x80003170 (0x00fdb7b3) sltu    a5, s11, a5
core   0: 3 0x80003170 (0x00fdb7b3) x15 0x00000000
core   0: 0x80003174 (0x4777ed13) ori     s10, a5, 1143
core   0: 3 0x80003174 (0x4777ed13) x26 0x00000477
core   0: 0x80003178 (0x0116b933) sltu    s2, a3, a7
core   0: 3 0x80003178 (0x0116b933) x18 0x00000000
core   0: 0x8000317c (0x40395c93) srai    s9, s2, 3
core   0: 3 0x8000317c (0x40395c93) x25 0x00000000
core   0: 0x80003180 (0x413b04b3) sub     s1, s6, s3
core   0: 3 0x80003180 (0x413b04b3) x 9 0xe88396e1
core   0: 0x80003184 (0x00e09d13) slli    s10, ra, 14
core   0: 3 0x80003184 (0x00e09d13) x26 0x46a58000
core   0: 0x80003188 (0x413d5d93) srai    s11, s10, 19
core   0: 3 0x80003188 (0x413d5d93) x27 0x000008d4
core   0: 0x8000318c (0x012f9eb3) sll     t4, t6, s2
core   0: 3 0x8000318c (0x012f9eb3) x29 0xabbe4000
core   0: 0x80003190 (0x017fd1b3) srl     gp, t6, s7
core   0: 3 0x80003190 (0x017fd1b3) x 3 0xabbe4000
core   0: 0x80003194 (0x40ed8f33) sub     t5, s11, a4
core   0: 3 0x80003194 (0x40ed8f33) x30 0x7ffeea6f
core   0: 0x80003198 (0x40abd933) sra     s2, s7, a0
core   0: 3 0x80003198 (0x40abd933) x18 0x00000000
core   0: 0x8000319c (0x003f0133) add     sp, t5, gp
core   0: 3 0x8000319c (0x003f0133) x 2 0x2bbd2a6f
core   0: 0x800031a0 (0x401cdbb3) sra     s7, s9, ra
core   0: 3 0x800031a0 (0x401cdbb3) x23 0x00000000
core   0: 0x800031a4 (0x21303fb7) lui     t6, 0x21303
core   0: 3 0x800031a4 (0x21303fb7) x31 0x21303000
core   0: 0x800031a8 (0x4146d6b3) sra     a3, a3, s4
core   0: 3 0x800031a8 (0x4146d6b3) x13 0xabbe4000
core   0: 0x800031ac (0x75a22313) slti    t1, tp, 1882
core   0: 3 0x800031ac (0x75a22313) x 6 0x00000000
core   0: 0x800031b0 (0x791c5217) auipc   tp, 0x791c5
core   0: 3 0x800031b0 (0x791c5217) x 4 0xf91c81b0
core   0: 0x800031b4 (0x00592c33) slt     s8, s2, t0
core   0: 3 0x800031b4 (0x00592c33) x24 0x00000000
core   0: 0x800031b8 (0x390e0b93) addi    s7, t3, 912
core   0: 3 0x800031b8 (0x390e0b93) x23 0x00000391
core   0: 0x800031bc (0xe8d8d737) lui     a4, 0xe8d8d
core   0: 3 0x800031bc (0xe8d8d737) x14 0xe8d8d000
core   0: 0x800031c0 (0x001942b3) xor     t0, s2, ra
core   0: 3 0x800031c0 (0x001942b3) x 5 0x80011a96
core   0: 0x800031c4 (0x015d86b3) add     a3, s11, s5
core   0: 3 0x800031c4 (0x015d86b3) x13 0x02ba38d5
core   0: 0x800031c8 (0x004d9713) slli    a4, s11, 4
core   0: 3 0x800031c8 (0x004d9713) x14 0x00008d40
core   0: 0x800031cc (0x41a35f93) srai    t6, t1, 26
core   0: 3 0x800031cc (0x41a35f93) x31 0x00000000
core   0: 0x800031d0 (0x41eeda13) srai    s4, t4, 30
core   0: 3 0x800031d0 (0x41eeda13) x20 0xfffffffe
core   0: 0x800031d4 (0x1ed9e193) ori     gp, s3, 493
core   0: 3 0x800031d4 (0x1ed9e193) x 3 0x000001ed
core   0: 0x800031d8 (0x405d0633) sub     a2, s10, t0
core   0: 3 0x800031d8 (0x405d0633) x12 0xc6a4656a
core   0: 0x800031dc (0x3c277813) andi    a6, a4, 962
core   0: 3 0x800031dc (0x3c277813) x16 0x00000140
core   0: 0x800031e0 (0xc4f17c13) andi    s8, sp, -945
core   0: 3 0x800031e0 (0xc4f17c13) x24 0x2bbd284f
core   0: 0x800031e4 (0x40ebd093) srai    ra, s7, 14
core   0: 3 0x800031e4 (0x40ebd093) x 1 0x00000000
core   0: 0x800031e8 (0x41c754b3) sra     s1, a4, t3
core   0: 3 0x800031e8 (0x41c754b3) x 9 0x000046a0
core   0: 0x800031ec (0x00e9a4b3) slt     s1, s3, a4
core   0: 3 0x800031ec (0x00e9a4b3) x 9 0x00000001
core   0: 0x800031f0 (0xdae3bf93) sltiu   t6, t2, -594
core   0: 3 0x800031f0 (0xdae3bf93) x31 0x00000001
core   0: 0x800031f4 (0x00629eb3) sll     t4, t0, t1
core   0: 3 0x800031f4 (0x00629eb3) x29 0x80011a96
core   0: 0x800031f8 (0x011a1513) slli    a0, s4, 17
core   0: 3 0x800031f8 (0x011a1513) x10 0xfffc0000
core   0: 0x800031fc (0x008ba9b3) slt     s3, s7, s0
core   0: 3 0x800031fc (0x008ba9b3) x19 0x00000000
core   0: 0x80003200 (0x002e1a93) slli    s5, t3, 2
core   0: 3 0x80003200 (0x002e1a93) x21 0x00000004
core   0: 0x80003204 (0x1af88e13) addi    t3, a7, 431
core   0: 3 0x80003204 (0x1af88e13) x28 0x80012013
core   0: 0x80003208 (0x4057d2b3) sra     t0, a5, t0
core   0: 3 0x80003208 (0x4057d2b3) x 5 0x00000000
core   0: 0x8000320c (0xfc1ade17) auipc   t3, 0xfc1ad
core   0: 3 0x8000320c (0xfc1ade17) x28 0x7c1b020c
core   0: 0x80003210 (0x003465b3) or      a1, s0, gp
core   0: 3 0x80003210 (0x003465b3) x11 0x80011dfd
core   0: 0x80003214 (0x008dc7b3) xor     a5, s11, s0
core   0: 3 0x80003214 (0x008dc7b3) x15 0x80011480
core   0: 0x80003218 (0xb7b9f613) andi    a2, s3, -1157
core   0: 3 0x80003218 (0xb7b9f613) x12 0x00000000
core   0: 0x8000321c (0x00158bb3) add     s7, a1, ra
core   0: 3 0x8000321c (0x00158bb3) x23 0x80011dfd
core   0: 0x80003220 (0x40b4d313) srai    t1, s1, 11
core   0: 3 0x80003220 (0x40b4d313) x 6 0x00000000
core   0: 0x80003224 (0x01a85113) srli    sp, a6, 26
core   0: 3 0x80003224 (0x01a85113) x 2 0x00000000
core   0: 0x80003228 (0x00253733) sltu    a4, a0, sp
core   0: 3 0x80003228 (0x00253733) x14 0x00000000
core   0: 0x8000322c (0x387ba537) lui     a0, 0x387ba
core   0: 3 0x8000322c (0x387ba537) x10 0x387ba000
core   0: 0x80003230 (0x01399593) slli    a1, s3, 19
core   0: 3 0x80003230 (0x01399593) x11 0x00000000
core   0: 0x80003234 (0x00000013) nop
core   0: 3 0x80003234 (0x00000013)
core   0: 0x80003238 (0x00c7deb3) srl     t4, a5, a2
core   0: 3 0x80003238 (0x00c7deb3) x29 0x80011480
core   0: 0x8000323c (0xdd7a0f13) addi    t5, s4, -553
core   0: 3 0x8000323c (0xdd7a0f13) x30 0xfffffdd5
core   0: 0x80003240 (0x18f9aa93) slti    s5, s3, 399
core   0: 3 0x80003240 (0x18f9aa93) x21 0x00000001
core   0: 0x80003244 (0x01d8e533) or      a0, a7, t4
core   0: 3 0x80003244 (0x01d8e533) x10 0x80011ee4
core   0: 0x80003248 (0x403d5613) srai    a2, s10, 3
core   0: 3 0x80003248 (0x403d5613) x12 0x08d4b000
core   0: 0x8000324c (0x0a332e97) auipc   t4, 0xa332
core   0: 3 0x8000324c (0x0a332e97) x29 0x8a33524c
core   0: 0x80003250 (0x00d27d33) and     s10, tp, a3
core   0: 3 0x80003250 (0x00d27d33) x26 0x00180090
core   0: 0x80003254 (0x40da5833) sra     a6, s4, a3
core   0: 3 0x80003254 (0x40da5833) x16 0xffffffff
core   0: 0x80003258 (0x01941c93) slli    s9, s0, 25
core   0: 3 0x80003258 (0x01941c93) x25 0xa8000000
core   0: 0x8000325c (0x00000013) nop
core   0: 3 0x8000325c (0x00000013)
core   0: 0x80003260 (0x004d59b3) srl     s3, s10, tp
core   0: 3 0x80003260 (0x004d59b3) x19 0x00000018
core   0: 0x80003264 (0x01c6b933) sltu    s2, a3, t3
core   0: 3 0x80003264 (0x01c6b933) x18 0x00000001
core   0: 0x80003268 (0x007a09b3) add     s3, s4, t2
core   0: 3 0x80003268 (0x007a09b3) x19 0x80015ce2
core   0: 0x8000326c (0x41d4deb3) sra     t4, s1, t4
core   0: 3 0x8000326c (0x41d4deb3) x29 0x00000000
core   0: 0x80003270 (0x01c2e433) or      s0, t0, t3
core   0: 3 0x80003270 (0x01c2e433) x 8 0x7c1b020c
core   0: 0x80003274 (0x01135133) srl     sp, t1, a7
core   0: 3 0x80003274 (0x01135133) x 2 0x00000000
core   0: 0x80003278 (0x41ae5c13) srai    s8, t3, 26
core   0: 3 0x80003278 (0x41ae5c13) x24 0x0000001f
core   0: 0x8000327c (0xd3846693) ori     a3, s0, -712
core   0: 3 0x8000327c (0xd3846693) x13 0xffffff3c
core   0: 0x80003280 (0x319f7b93) andi    s7, t5, 793
core   0: 3 0x80003280 (0x319f7b93) x23 0x00000111
core   0: 0x80003284 (0x408855b3) sra     a1, a6, s0
core   0: 3 0x80003284 (0x408855b3) x11 0xffffffff
core   0: 0x80003288 (0x4032d613) srai    a2, t0, 3
core   0: 3 0x80003288 (0x4032d613) x12 0x00000000
core   0: 0x8000328c (0x00f94033) xor     zero, s2, a5
core   0: 3 0x8000328c (0x00f94033)
core   0: 0x80003290 (0x01523a33) sltu    s4, tp, s5
core   0: 3 0x80003290 (0x01523a33) x20 0x00000000
core   0: 0x80003294 (0xd9a87b93) andi    s7, a6, -614
core   0: 3 0x80003294 (0xd9a87b93) x23 0xfffffd9a
core   0: 0x80003298 (0x01812533) slt     a0, sp, s8
core   0: 3 0x80003298 (0x01812533) x10 0x00000001
core   0: 0x8000329c (0x00d2d233) srl     tp, t0, a3
core   0: 3 0x8000329c (0x00d2d233) x 4 0x00000000
core   0: 0x800032a0 (0xfb885117) auipc   sp, 0xfb885
core   0: 3 0x800032a0 (0xfb885117) x 2 0x7b8882a0
core   0: 0x800032a4 (0x412a5f93) srai    t6, s4, 18
core   0: 3 0x800032a4 (0x412a5f93) x31 0x00000000
core   0: 0x800032a8 (0xd323f593) andi    a1, t2, -718
core   0: 3 0x800032a8 (0xd323f593) x11 0x80015c20
core   0: 0x800032ac (0x009045b3) xor     a1, zero, s1
core   0: 3 0x800032ac (0x009045b3) x11 0x00000001
core   0: 0x800032b0 (0x01d10533) add     a0, sp, t4
core   0: 3 0x800032b0 (0x01d10533) x10 0x7b8882a0
core   0: 0x800032b4 (0x003c9233) sll     tp, s9, gp
core   0: 3 0x800032b4 (0x003c9233) x 4 0x00000000
core   0: 0x800032b8 (0x41c6d213) srai    tp, a3, 28
core   0: 3 0x800032b8 (0x41c6d213) x 4 0xffffffff
core   0: 0x800032bc (0x0103bc33) sltu    s8, t2, a6
core   0: 3 0x800032bc (0x0103bc33) x24 0x00000001
core   0: 0x800032c0 (0x00d5cc33) xor     s8, a1, a3
core   0: 3 0x800032c0 (0x00d5cc33) x24 0xffffff3d
core   0: 0x800032c4 (0x01cba333) slt     t1, s7, t3
core   0: 3 0x800032c4 (0x01cba333) x 6 0x00000001
core   0: 0x800032c8 (0x406b8313) addi    t1, s7, 1030
core   0: 3 0x800032c8 (0x406b8313) x 6 0x000001a0
core   0: 0x800032cc (0x41195493) srai    s1, s2, 17
core   0: 3 0x800032cc (0x41195493) x 9 0x00000000
core   0: 0x800032d0 (0x00f6b333) sltu    t1, a3, a5
core   0: 3 0x800032d0 (0x00f6b333) x 6 0x00000000
core   0: 0x800032d4 (0x00000013) nop
core   0: 3 0x800032d4 (0x00000013)
core   0: 0x800032d8 (0x011f80b3) add     ra, t6, a7
core   0: 3 0x800032d8 (0x011f80b3) x 1 0x80011e64
core   0: 0x800032dc (0x014814b3) sll     s1, a6, s4
core   0: 3 0x800032dc (0x014814b3) x 9 0xffffffff
core   0: 0x800032e0 (0x0198a833) slt     a6, a7, s9
core   0: 3 0x800032e0 (0x0198a833) x16 0x00000001
core   0: 0x800032e4 (0x008df9b3) and     s3, s11, s0
core   0: 3 0x800032e4 (0x008df9b3) x19 0x00000004
core   0: 0x800032e8 (0x019c25b3) slt     a1, s8, s9
core   0: 3 0x800032e8 (0x019c25b3) x11 0x00000000
core   0: 0x800032ec (0x005eaeb3) slt     t4, t4, t0
core   0: 3 0x800032ec (0x005eaeb3) x29 0x00000000
core   0: 0x800032f0 (0x40aa5b93) srai    s7, s4, 10
core   0: 3 0x800032f0 (0x40aa5b93) x23 0x00000000
core   0: 0x800032f4 (0x2f55be13) sltiu   t3, a1, 757
core   0: 3 0x800032f4 (0x2f55be13) x28 0x00000001
core   0: 0x800032f8 (0x012e6a33) or      s4, t3, s2
core   0: 3 0x800032f8 (0x012e6a33) x20 0x00000001
core   0: 0x800032fc (0x01151a93) slli    s5, a0, 17
core   0: 3 0x800032fc (0x01151a93) x21 0x05400000
core   0: 0x80003300 (0x41bc5e33) sra     t3, s8, s11
core   0: 3 0x80003300 (0x41bc5e33) x28 0xffffffff
core   0: 0x80003304 (0x884e3517) auipc   a0, 0x884e3
core   0: 3 0x80003304 (0x884e3517) x10 0x084e6304
core   0: 0x80003308 (0x015915b3) sll     a1, s2, s5
core   0: 3 0x80003308 (0x015915b3) x11 0x00000001
core   0: 0x8000330c (0x01652833) slt     a6, a0, s6
core   0: 3 0x8000330c (0x01652833) x16 0x00000000
core   0: 0x80003310 (0x66376513) ori     a0, a4, 1635
core   0: 3 0x80003310 (0x66376513) x10 0x00000663
core   0: 0x80003314 (0x00f529b3) slt     s3, a0, a5
core   0: 3 0x80003314 (0x00f529b3) x19 0x00000000
core   0: 0x80003318 (0x220df593) andi    a1, s11, 544
core   0: 3 0x80003318 (0x220df593) x11 0x00000000
core   0: 0x8000331c (0x4005d313) srai    t1, a1, 0
core   0: 3 0x8000331c (0x4005d313) x 6 0x00000000
core   0: 0x80003320 (0x84008213) addi    tp, ra, -1984
core   0: 3 0x80003320 (0x84008213) x 4 0x800116a4
core   0: 0x80003324 (0x411e8db3) sub     s11, t4, a7
core   0: 3 0x80003324 (0x411e8db3) x27 0x7ffee19c
core   0: 0x80003328 (0x00b34ab3) xor     s5, t1, a1
core   0: 3 0x80003328 (0x00b34ab3) x21 0x00000000
core   0: 0x8000332c (0x41698d33) sub     s10, s3, s6
core   0: 3 0x8000332c (0x41698d33) x26 0x177c691f
core   0: 0x80003330 (0x01498a33) add     s4, s3, s4
core   0: 3 0x80003330 (0x01498a33) x20 0x00000001
core   0: 0x80003334 (0x41610f33) sub     t5, sp, s6
core   0: 3 0x80003334 (0x41610f33) x30 0x9304ebbf
core   0: 0x80003338 (0x00b27c33) and     s8, tp, a1
core   0: 3 0x80003338 (0x00b27c33) x24 0x00000000
core   0: 0x8000333c (0x012109b3) add     s3, sp, s2
core   0: 3 0x8000333c (0x012109b3) x19 0x7b8882a1
core   0: 0x80003340 (0x3b87cc93) xori    s9, a5, 952
core   0: 3 0x80003340 (0x3b87cc93) x25 0x80011738
core   0: 0x80003344 (0x00f5b0b3) sltu    ra, a1, a5
core   0: 3 0x80003344 (0x00f5b0b3) x 1 0x00000001
core   0: 0x80003348 (0x00000013) nop
core   0: 3 0x80003348 (0x00000013)
core   0: 0x8000334c (0x41b6d5b3) sra     a1, a3, s11
core   0: 3 0x8000334c (0x41b6d5b3) x11 0xffffffff
core   0: 0x80003350 (0xbaf32e13) slti    t3, t1, -1105
core   0: 3 0x80003350 (0xbaf32e13) x28 0x00000000
core   0: 0x80003354 (0x003afdb3) and     s11, s5, gp
core   0: 3 0x80003354 (0x003afdb3) x27 0x00000000
core   0: 0x80003358 (0x2f6fe313) ori     t1, t6, 758
core   0: 3 0x80003358 (0x2f6fe313) x 6 0x000002f6
core   0: 0x8000335c (0x013bff33) and     t5, s7, s3
core   0: 3 0x8000335c (0x013bff33) x30 0x00000000
core   0: 0x80003360 (0x41acd993) srai    s3, s9, 26
core   0: 3 0x80003360 (0x41acd993) x19 0xffffffe0
core   0: 0x80003364 (0x01329bb3) sll     s7, t0, s3
core   0: 3 0x80003364 (0x01329bb3) x23 0x00000000
core   0: 0x80003368 (0x01297733) and     a4, s2, s2
core   0: 3 0x80003368 (0x01297733) x14 0x00000001
core   0: 0x8000336c (0x0129afb3) slt     t6, s3, s2
core   0: 3 0x8000336c (0x0129afb3) x31 0x00000001
core   0: 0x80003370 (0x0a7ff713) andi    a4, t6, 167
core   0: 3 0x80003370 (0x0a7ff713) x14 0x00000001
core   0: 0x80003374 (0x01ff1093) slli    ra, t5, 31
core   0: 3 0x80003374 (0x01ff1093) x 1 0x00000000
core   0: 0x80003378 (0x41825033) sra     zero, tp, s8
core   0: 3 0x80003378 (0x41825033)
core   0: 0x8000337c (0x00b369b3) or      s3, t1, a1
core   0: 3 0x8000337c (0x00b369b3) x19 0xffffffff
core   0: 0x80003380 (0x01103833) snez    a6, a7
core   0: 3 0x80003380 (0x01103833) x16 0x00000001
core   0: 0x80003384 (0xd2590093) addi    ra, s2, -731
core   0: 3 0x80003384 (0xd2590093) x 1 0xfffffd26
core   0: 0x80003388 (0x0060ef33) or      t5, ra, t1
core   0: 3 0x80003388 (0x0060ef33) x30 0xfffffff6
core   0: 0x8000338c (0x43a26013) ori     zero, tp, 1082
core   0: 3 0x8000338c (0x43a26013)
core   0: 0x80003390 (0x10572d13) slti    s10, a4, 261
core   0: 3 0x80003390 (0x10572d13) x26 0x00000001
core   0: 0x80003394 (0x00b95cb3) srl     s9, s2, a1
core   0: 3 0x80003394 (0x00b95cb3) x25 0x00000000
core   0: 0x80003398 (0xb2b7ee93) ori     t4, a5, -1237
core   0: 3 0x80003398 (0xb2b7ee93) x29 0xffffffab
core   0: 0x8000339c (0x01264c33) xor     s8, a2, s2
core   0: 3 0x8000339c (0x01264c33) x24 0x00000001
core   0: 0x800033a0 (0x00a2cc33) xor     s8, t0, a0
core   0: 3 0x800033a0 (0x00a2cc33) x24 0x00000663
core   0: 0x800033a4 (0x8b5f6a13) ori     s4, t5, -1867
core   0: 3 0x800033a4 (0x8b5f6a13) x20 0xfffffff7
core   0: 0x800033a8 (0x01c09033) sll     zero, ra, t3
core   0: 3 0x800033a8 (0x01c09033)
core   0: 0x800033ac (0x8fbbff93) andi    t6, s7, -1797
core   0: 3 0x800033ac (0x8fbbff93) x31 0x00000000
core   0: 0x800033b0 (0x0168bbb3) sltu    s7, a7, s6
core   0: 3 0x800033b0 (0x0168bbb3) x23 0x00000001
core   0: 0x800033b4 (0x7f0d3a13) sltiu   s4, s10, 2032
core   0: 3 0x800033b4 (0x7f0d3a13) x20 0x00000001
core   0: 0x800033b8 (0xe2656d13) ori     s10, a0, -474
core   0: 3 0x800033b8 (0xe2656d13) x26 0xfffffe67
core   0: 0x800033bc (0x01ce5d13) srli    s10, t3, 28
core   0: 3 0x800033bc (0x01ce5d13) x26 0x00000000
core   0: 0x800033c0 (0x0137df93) srli    t6, a5, 19
core   0: 3 0x800033c0 (0x0137df93) x31 0x00001000
core   0: 0x800033c4 (0x014c6833) or      a6, s8, s4
core   0: 3 0x800033c4 (0x014c6833) x16 0x00000663
core   0: 0x800033c8 (0x01519bb3) sll     s7, gp, s5
core   0: 3 0x800033c8 (0x01519bb3) x23 0x000001ed
core   0: 0x800033cc (0x00486933) or      s2, a6, tp
core   0: 3 0x800033cc (0x00486933) x18 0x800116e7
core   0: 0x800033d0 (0x001c51b3) srl     gp, s8, ra
core   0: 3 0x800033d0 (0x001c51b3) x 3 0x00000019
core   0: 0x800033d4 (0xdfcd7213) andi    tp, s10, -516
core   0: 3 0x800033d4 (0xdfcd7213) x 4 0x00000000
core   0: 0x800033d8 (0x00b077b3) and     a5, zero, a1
core   0: 3 0x800033d8 (0x00b077b3) x15 0x00000000
core   0: 0x800033dc (0x006f2cb3) slt     s9, t5, t1
core   0: 3 0x800033dc (0x006f2cb3) x25 0x00000001
core   0: 0x800033e0 (0xd36b2b93) slti    s7, s6, -714
core   0: 3 0x800033e0 (0xd36b2b93) x23 0x00000001
core   0: 0x800033e4 (0x80dcb993) sltiu   s3, s9, -2035
core   0: 3 0x800033e4 (0x80dcb993) x19 0x00000001
core   0: 0x800033e8 (0x019f8d33) add     s10, t6, s9
core   0: 3 0x800033e8 (0x019f8d33) x26 0x00001001
core   0: 0x800033ec (0x00fdc5b3) xor     a1, s11, a5
core   0: 3 0x800033ec (0x00fdc5b3) x11 0x00000000
core   0: 0x800033f0 (0x8bbc5237) lui     tp, 0x8bbc5
core   0: 3 0x800033f0 (0x8bbc5237) x 4 0x8bbc5000
core   0: 0x800033f4 (0x01223a33) sltu    s4, tp, s2
core   0: 3 0x800033f4 (0x01223a33) x20 0x00000000
core   0: 0x800033f8 (0x01964e33) xor     t3, a2, s9
core   0: 3 0x800033f8 (0x01964e33) x28 0x00000001
core   0: 0x800033fc (0x40735e93) srai    t4, t1, 7
core   0: 3 0x800033fc (0x40735e93) x29 0x00000005
core   0: 0x80003400 (0x00000013) nop
core   0: 3 0x80003400 (0x00000013)
core   0: 0x80003404 (0xaa833993) sltiu   s3, t1, -1368
core   0: 3 0x80003404 (0xaa833993) x19 0x00000001
core   0: 0x80003408 (0xcb2d0113) addi    sp, s10, -846
core   0: 3 0x80003408 (0xcb2d0113) x 2 0x00000cb3
core   0: 0x8000340c (0x00f88333) add     t1, a7, a5
core   0: 3 0x8000340c (0x00f88333) x 6 0x80011e64
core   0: 0x80003410 (0x00366ab3) or      s5, a2, gp
core   0: 3 0x80003410 (0x00366ab3) x21 0x00000019
core   0: 0x80003414 (0x00318133) add     sp, gp, gp
core   0: 3 0x80003414 (0x00318133) x 2 0x00000032
core   0: 0x80003418 (0x10d1bf13) sltiu   t5, gp, 269
core   0: 3 0x80003418 (0x10d1bf13) x30 0x00000001
core   0: 0x8000341c (0x65713e13) sltiu   t3, sp, 1623
core   0: 3 0x8000341c (0x65713e13) x28 0x00000001
core   0: 0x80003420 (0x00000013) nop
core   0: 3 0x80003420 (0x00000013)
core   0: 0x80003424 (0x83fabc17) auipc   s8, 0x83fab
core   0: 3 0x80003424 (0x83fabc17) x24 0x03fae424
core   0: 0x80003428 (0x00000013) nop
core   0: 3 0x80003428 (0x00000013)
core   0: 0x8000342c (0x15c0c213) xori    tp, ra, 348
core   0: 3 0x8000342c (0x15c0c213) x 4 0xfffffc7a
core   0: 0x80003430 (0x6d3b8e93) addi    t4, s7, 1747
core   0: 3 0x80003430 (0x6d3b8e93) x29 0x000006d4
core   0: 0x80003434 (0x414f5533) sra     a0, t5, s4
core   0: 3 0x80003434 (0x414f5533) x10 0x00000001
core   0: 0x80003438 (0xa003ba93) sltiu   s5, t2, -1536
core   0: 3 0x80003438 (0xa003ba93) x21 0x00000001
core   0: 0x8000343c (0x545dad13) slti    s10, s11, 1349
core   0: 3 0x8000343c (0x545dad13) x26 0x00000001
core   0: 0x80003440 (0x80f60493) addi    s1, a2, -2033
core   0: 3 0x80003440 (0x80f60493) x 9 0xfffff80f
core   0: 0x80003444 (0x5d693513) sltiu   a0, s2, 1494
core   0: 3 0x80003444 (0x5d693513) x10 0x00000000
core   0: 0x80003448 (0x40df5013) srai    zero, t5, 13
core   0: 3 0x80003448 (0x40df5013)
core   0: 0x8000344c (0x378c8c93) addi    s9, s9, 888
core   0: 3 0x8000344c (0x378c8c93) x25 0x00000379
core   0: 0x80003450 (0x011066b3) or      a3, zero, a7
core   0: 3 0x80003450 (0x011066b3) x13 0x80011e64
core   0: 0x80003454 (0x0182e2b3) or      t0, t0, s8
core   0: 3 0x80003454 (0x0182e2b3) x 5 0x03fae424
core   0: 0x80003458 (0x00000013) nop
core   0: 3 0x80003458 (0x00000013)
core   0: 0x8000345c (0x4073d133) sra     sp, t2, t2
core   0: 3 0x8000345c (0x4073d133) x 2 0xf80015ce
core   0: 0x80003460 (0x4059dc93) srai    s9, s3, 5
core   0: 3 0x80003460 (0x4059dc93) x25 0x00000000
core   0: 0x80003464 (0x4095d7b3) sra     a5, a1, s1
core   0: 3 0x80003464 (0x4095d7b3) x15 0x00000000
core   0: 0x80003468 (0x00553433) sltu    s0, a0, t0
core   0: 3 0x80003468 (0x00553433) x 8 0x00000001
core   0: 0x8000346c (0x01809bb3) sll     s7, ra, s8
core   0: 3 0x8000346c (0x01809bb3) x23 0xffffd260
core   0: 0x80003470 (0x01bcb233) sltu    tp, s9, s11
core   0: 3 0x80003470 (0x01bcb233) x 4 0x00000000
core   0: 0x80003474 (0x00344433) xor     s0, s0, gp
core   0: 3 0x80003474 (0x00344433) x 8 0x00000018
core   0: 0x80003478 (0x01259d13) slli    s10, a1, 18
core   0: 3 0x80003478 (0x01259d13) x26 0x00000000
core   0: 0x8000347c (0x41c9d233) sra     tp, s3, t3
core   0: 3 0x8000347c (0x41c9d233) x 4 0x00000000
core   0: 0x80003480 (0x0186b233) sltu    tp, a3, s8
core   0: 3 0x80003480 (0x0186b233) x 4 0x00000000
core   0: 0x80003484 (0x4150dfb3) sra     t6, ra, s5
core   0: 3 0x80003484 (0x4150dfb3) x31 0xfffffe93
core   0: 0x80003488 (0xbf524013) xori    zero, tp, -1035
core   0: 3 0x80003488 (0xbf524013)
core   0: 0x8000348c (0x01d43333) sltu    t1, s0, t4
core   0: 3 0x8000348c (0x01d43333) x 6 0x00000001
core   0: 0x80003490 (0x000f2733) slt     a4, t5, zero
core   0: 3 0x80003490 (0x000f2733) x14 0x00000000
core   0: 0x80003494 (0x01d389b3) add     s3, t2, t4
core   0: 3 0x80003494 (0x01d389b3) x19 0x800163b8
core   0: 0x80003498 (0x01caabb3) slt     s7, s5, t3
core   0: 3 0x80003498 (0x01caabb3) x23 0x00000000
core   0: 0x8000349c (0x00974cb3) xor     s9, a4, s1
core   0: 3 0x8000349c (0x00974cb3) x25 0xfffff80f
core   0: 0x800034a0 (0x00e5dc33) srl     s8, a1, a4
core   0: 3 0x800034a0 (0x00e5dc33) x24 0x00000000
core   0: 0x800034a4 (0xaade2313) slti    t1, t3, -1363
core   0: 3 0x800034a4 (0xaade2313) x 6 0x00000000
core   0: 0x800034a8 (0xd81e3193) sltiu   gp, t3, -639
core   0: 3 0x800034a8 (0xd81e3193) x 3 0x00000001
core   0: 0x800034ac (0x404d57b3) sra     a5, s10, tp
core   0: 3 0x800034ac (0x404d57b3) x15 0x00000000
core   0: 0x800034b0 (0x00282eb3) slt     t4, a6, sp
core   0: 3 0x800034b0 (0x00282eb3) x29 0x00000000
core   0: 0x800034b4 (0x40c05d13) srai    s10, zero, 12
core   0: 3 0x800034b4 (0x40c05d13) x26 0x00000000
core   0: 0x800034b8 (0xe781fc93) andi    s9, gp, -392
core   0: 3 0x800034b8 (0xe781fc93) x25 0x00000000
core   0: 0x800034bc (0xc9765117) auipc   sp, 0xc9765
core   0: 3 0x800034bc (0xc9765117) x 2 0x497684bc
core   0: 0x800034c0 (0x006c1713) slli    a4, s8, 6
core   0: 3 0x800034c0 (0x006c1713) x14 0x00000000
core   0: 0x800034c4 (0x01f95c93) srli    s9, s2, 31
core   0: 3 0x800034c4 (0x01f95c93) x25 0x00000001
core   0: 0x800034c8 (0x40725a13) srai    s4, tp, 7
core   0: 3 0x800034c8 (0x40725a13) x20 0x00000000
core   0: 0x800034cc (0x4068da13) srai    s4, a7, 6
core   0: 3 0x800034cc (0x4068da13) x20 0xfe000479
core   0: 0x800034d0 (0x39c2c913) xori    s2, t0, 924
core   0: 3 0x800034d0 (0x39c2c913) x18 0x03fae7b8
core   0: 0x800034d4 (0x05e3ab93) slti    s7, t2, 94
core   0: 3 0x800034d4 (0x05e3ab93) x23 0x00000001
core   0: 0x800034d8 (0x18f14c13) xori    s8, sp, 399
core   0: 3 0x800034d8 (0x18f14c13) x24 0x49768533
core   0: 0x800034dc (0x0028c0b3) xor     ra, a7, sp
core   0: 3 0x800034dc (0x0028c0b3) x 1 0xc9779ad8
core   0: 0x800034e0 (0xe75c3013) sltiu   zero, s8, -395
core   0: 3 0x800034e0 (0xe75c3013)
core   0: 0x800034e4 (0x0177fa33) and     s4, a5, s7
core   0: 3 0x800034e4 (0x0177fa33) x20 0x00000000
core   0: 0x800034e8 (0x01999c13) slli    s8, s3, 25
core   0: 3 0x800034e8 (0x01999c13) x24 0x70000000
core   0: 0x800034ec (0x01764db3) xor     s11, a2, s7
core   0: 3 0x800034ec (0x01764db3) x27 0x00000001
core   0: 0x800034f0 (0x01f79793) slli    a5, a5, 31
core   0: 3 0x800034f0 (0x01f79793) x15 0x00000000
core   0: 0x800034f4 (0xc32e2313) slti    t1, t3, -974
core   0: 3 0x800034f4 (0xc32e2313) x 6 0x00000000
core   0: 0x800034f8 (0xfa04be93) sltiu   t4, s1, -96
core   0: 3 0x800034f8 (0xfa04be93) x29 0x00000001
core   0: 0x800034fc (0x47453313) sltiu   t1, a0, 1140
core   0: 3 0x800034fc (0x47453313) x 6 0x00000001
core   0: 0x80003500 (0x00c5e533) or      a0, a1, a2
core   0: 3 0x80003500 (0x00c5e533) x10 0x00000000
core   0: 0x80003504 (0x90d67f93) andi    t6, a2, -1779
core   0: 3 0x80003504 (0x90d67f93) x31 0x00000000
core   0: 0x80003508 (0x55b12513) slti    a0, sp, 1371
core   0: 3 0x80003508 (0x55b12513) x10 0x00000000
core   0: 0x8000350c (0x2ba93813) sltiu   a6, s2, 698
core   0: 3 0x8000350c (0x2ba93813) x16 0x00000000
core   0: 0x80003510 (0xcd747293) andi    t0, s0, -809
core   0: 3 0x80003510 (0xcd747293) x 5 0x00000010
core   0: 0x80003514 (0xf7ec0997) auipc   s3, 0xf7ec0
core   0: 3 0x80003514 (0xf7ec0997) x19 0x77ec3514
core   0: 0x80003518 (0x018084b3) add     s1, ra, s8
core   0: 3 0x80003518 (0x018084b3) x 9 0x39779ad8
core   0: 0x8000351c (0x001c82b3) add     t0, s9, ra
core   0: 3 0x8000351c (0x001c82b3) x 5 0xc9779ad9
core   0: 0x80003520 (0x017f7bb3) and     s7, t5, s7
core   0: 3 0x80003520 (0x017f7bb3) x23 0x00000001
core   0: 0x80003524 (0x507dc293) xori    t0, s11, 1287
core   0: 3 0x80003524 (0x507dc293) x 5 0x00000506
core   0: 0x80003528 (0xaed02513) slti    a0, zero, -1299
core   0: 3 0x80003528 (0xaed02513) x10 0x00000000
core   0: 0x8000352c (0x00fc1c13) slli    s8, s8, 15
core   0: 3 0x8000352c (0x00fc1c13) x24 0x00000000
core   0: 0x80003530 (0x01ba50b3) srl     ra, s4, s11
core   0: 3 0x80003530 (0x01ba50b3) x 1 0x00000000
core   0: 0x80003534 (0x0a6e6f13) ori     t5, t3, 166
core   0: 3 0x80003534 (0x0a6e6f13) x30 0x000000a7
core   0: 0x80003538 (0x01cded33) or      s10, s11, t3
core   0: 3 0x80003538 (0x01cded33) x26 0x00000001
core   0: 0x8000353c (0x01c05493) srli    s1, zero, 28
core   0: 3 0x8000353c (0x01c05493) x 9 0x00000000
core   0: 0x80003540 (0x01862fb3) slt     t6, a2, s8
core   0: 3 0x80003540 (0x01862fb3) x31 0x00000000
core   0: 0x80003544 (0x88e6ea93) ori     s5, a3, -1906
core   0: 3 0x80003544 (0x88e6ea93) x21 0xfffffeee
core   0: 0x80003548 (0x017b9a13) slli    s4, s7, 23
core   0: 3 0x80003548 (0x017b9a13) x20 0x00800000
core   0: 0x8000354c (0xc857fa93) andi    s5, a5, -891
core   0: 3 0x8000354c (0xc857fa93) x21 0x00000000
core   0: 0x80003550 (0x008c4eb3) xor     t4, s8, s0
core   0: 3 0x80003550 (0x008c4eb3) x29 0x00000018
core   0: 0x80003554 (0x008f6ab3) or      s5, t5, s0
core   0: 3 0x80003554 (0x008f6ab3) x21 0x000000bf
core   0: 0x80003558 (0x00279f93) slli    t6, a5, 2
core   0: 3 0x80003558 (0x00279f93) x31 0x00000000
core   0: 0x8000355c (0x016004b3) add     s1, zero, s6
core   0: 3 0x8000355c (0x016004b3) x 9 0xe88396e1
core   0: 0x80003560 (0x01a5d493) srli    s1, a1, 26
core   0: 3 0x80003560 (0x01a5d493) x 9 0x00000000
core   0: 0x80003564 (0xd7c84513) xori    a0, a6, -644
core   0: 3 0x80003564 (0xd7c84513) x10 0xfffffd7c
core   0: 0x80003568 (0x002b6bb3) or      s7, s6, sp
core   0: 3 0x80003568 (0x002b6bb3) x23 0xe9f796fd
core   0: 0x8000356c (0xb395e9b7) lui     s3, 0xb395e
core   0: 3 0x8000356c (0xb395e9b7) x19 0xb395e000
core   0: 0x80003570 (0x00d04733) xor     a4, zero, a3
core   0: 3 0x80003570 (0x00d04733) x14 0x80011e64
core   0: 0x80003574 (0x00000013) nop
core   0: 3 0x80003574 (0x00000013)
core   0: 0x80003578 (0x00c57c33) and     s8, a0, a2
core   0: 3 0x80003578 (0x00c57c33) x24 0x00000000
core   0: 0x8000357c (0xb3dec593) xori    a1, t4, -1219
core   0: 3 0x8000357c (0xb3dec593) x11 0xfffffb25
core   0: 0x80003580 (0x571db693) sltiu   a3, s11, 1393
core   0: 3 0x80003580 (0x571db693) x13 0x00000001
core   0: 0x80003584 (0xc1ab99b7) lui     s3, 0xc1ab9
core   0: 3 0x80003584 (0xc1ab99b7) x19 0xc1ab9000
core   0: 0x80003588 (0x019fff33) and     t5, t6, s9
core   0: 3 0x80003588 (0x019fff33) x30 0x00000000
core   0: 0x8000358c (0x01964733) xor     a4, a2, s9
core   0: 3 0x8000358c (0x01964733) x14 0x00000001
core   0: 0x80003590 (0x00b3b733) sltu    a4, t2, a1
core   0: 3 0x80003590 (0x00b3b733) x14 0x00000001
core   0: 0x80003594 (0xe50bdb97) auipc   s7, 0xe50bd
core   0: 3 0x80003594 (0xe50bdb97) x23 0x650c0594
core   0: 0x80003598 (0x00c50c33) add     s8, a0, a2
core   0: 3 0x80003598 (0x00c50c33) x24 0xfffffd7c
core   0: 0x8000359c (0x8347e213) ori     tp, a5, -1996
core   0: 3 0x8000359c (0x8347e213) x 4 0xfffff834
core   0: 0x800035a0 (0x00a00533) add     a0, zero, a0
core   0: 3 0x800035a0 (0x00a00533) x10 0xfffffd7c
core   0: 0x800035a4 (0x41bb07b3) sub     a5, s6, s11
core   0: 3 0x800035a4 (0x41bb07b3) x15 0xe88396e0
core   0: 0x800035a8 (0xb30c7593) andi    a1, s8, -1232
core   0: 3 0x800035a8 (0xb30c7593) x11 0xfffff930
core   0: 0x800035ac (0xa81b2593) slti    a1, s6, -1407
core   0: 3 0x800035ac (0xa81b2593) x11 0x00000001
core   0: 0x800035b0 (0x00a4aa33) slt     s4, s1, a0
core   0: 3 0x800035b0 (0x00a4aa33) x20 0x00000000
core   0: 0x800035b4 (0x00000013) nop
core   0: 3 0x800035b4 (0x00000013)
core   0: 0x800035b8 (0x0140fdb3) and     s11, ra, s4
core   0: 3 0x800035b8 (0x0140fdb3) x27 0x00000000
core   0: 0x800035bc (0x015e9bb3) sll     s7, t4, s5
core   0: 3 0x800035bc (0x015e9bb3) x23 0x00000000
core   0: 0x800035c0 (0x00000013) nop
core   0: 3 0x800035c0 (0x00000013)
core   0: 0x800035c4 (0xbcd2b793) sltiu   a5, t0, -1075
core   0: 3 0x800035c4 (0xbcd2b793) x15 0x00000001
core   0: 0x800035c8 (0x0021cab3) xor     s5, gp, sp
core   0: 3 0x800035c8 (0x0021cab3) x21 0x497684bd
core   0: 0x800035cc (0x00aa3bb3) sltu    s7, s4, a0
core   0: 3 0x800035cc (0x00aa3bb3) x23 0x00000001
core   0: 0x800035d0 (0x046b6813) ori     a6, s6, 70
core   0: 3 0x800035d0 (0x046b6813) x16 0xe88396e7
core   0: 0x800035d4 (0x01588833) add     a6, a7, s5
core   0: 3 0x800035d4 (0x01588833) x16 0xc977a321
core   0: 0x800035d8 (0x93fb0e37) lui     t3, 0x93fb0
core   0: 3 0x800035d8 (0x93fb0e37) x28 0x93fb0000
core   0: 0x800035dc (0x94983e93) sltiu   t4, a6, -1719
core   0: 3 0x800035dc (0x94983e93) x29 0x00000001
core   0: 0x800035e0 (0x009c81b3) add     gp, s9, s1
core   0: 3 0x800035e0 (0x009c81b3) x 3 0x00000001
core   0: 0x800035e4 (0x0085edb3) or      s11, a1, s0
core   0: 3 0x800035e4 (0x0085edb3) x27 0x00000019
core   0: 0x800035e8 (0x01c2fc33) and     s8, t0, t3
core   0: 3 0x800035e8 (0x01c2fc33) x24 0x00000000
core   0: 0x800035ec (0x16417db7) lui     s11, 0x16417
core   0: 3 0x800035ec (0x16417db7) x27 0x16417000
core   0: 0x800035f0 (0x50c67993) andi    s3, a2, 1292
core   0: 3 0x800035f0 (0x50c67993) x19 0x00000000
core   0: 0x800035f4 (0x5be4eb93) ori     s7, s1, 1470
core   0: 3 0x800035f4 (0x5be4eb93) x23 0x000005be
core   0: 0x800035f8 (0x005d5713) srli    a4, s10, 5
core   0: 3 0x800035f8 (0x005d5713) x14 0x00000000
core   0: 0x800035fc (0xc1077b93) andi    s7, a4, -1008
core   0: 3 0x800035fc (0xc1077b93) x23 0x00000000
core   0: 0x80003600 (0x54b3eb93) ori     s7, t2, 1355
core   0: 3 0x80003600 (0x54b3eb93) x23 0x80015def
core   0: 0x80003604 (0x00955813) srli    a6, a0, 9
core   0: 3 0x80003604 (0x00955813) x16 0x007ffffe
core   0: 0x80003608 (0x404cd193) srai    gp, s9, 4
core   0: 3 0x80003608 (0x404cd193) x 3 0x00000000
core   0: 0x8000360c (0x014b9a93) slli    s5, s7, 20
core   0: 3 0x8000360c (0x014b9a93) x21 0xdef00000
core   0: 0x80003610 (0x00000013) nop
core   0: 3 0x80003610 (0x00000013)
core   0: 0x80003614 (0xf6e66a93) ori     s5, a2, -146
core   0: 3 0x80003614 (0xf6e66a93) x21 0xffffff6e
core   0: 0x80003618 (0x01f39233) sll     tp, t2, t6
core   0: 3 0x80003618 (0x01f39233) x 4 0x80015ce4
core   0: 0x8000361c (0x01835a93) srli    s5, t1, 24
core   0: 3 0x8000361c (0x01835a93) x21 0x00000000
core   0: 0x80003620 (0x016395b3) sll     a1, t2, s6
core   0: 3 0x80003620 (0x016395b3) x11 0x0002b9c8
core   0: 0x80003624 (0x017366b3) or      a3, t1, s7
core   0: 3 0x80003624 (0x017366b3) x13 0x80015def
core   0: 0x80003628 (0x01d39e13) slli    t3, t2, 29
core   0: 3 0x80003628 (0x01d39e13) x28 0x80000000
core   0: 0x8000362c (0x00a55313) srli    t1, a0, 10
core   0: 3 0x8000362c (0x00a55313) x 6 0x003fffff
core   0: 0x80003630 (0x012f1e93) slli    t4, t5, 18
core   0: 3 0x80003630 (0x012f1e93) x29 0x00000000
core   0: 0x80003634 (0x4179dc33) sra     s8, s3, s7
core   0: 3 0x80003634 (0x4179dc33) x24 0x00000000
core   0: 0x80003638 (0x007ade33) srl     t3, s5, t2
core   0: 3 0x80003638 (0x007ade33) x28 0x00000000
core   0: 0x8000363c (0x00000013) nop
core   0: 3 0x8000363c (0x00000013)
core   0: 0x80003640 (0x083fec13) ori     s8, t6, 131
core   0: 3 0x80003640 (0x083fec13) x24 0x00000083
core   0: 0x80003644 (0x007ab333) sltu    t1, s5, t2
core   0: 3 0x80003644 (0x007ab333) x 6 0x00000001
core   0: 0x80003648 (0x0186de93) srli    t4, a3, 24
core   0: 3 0x80003648 (0x0186de93) x29 0x00000080
core   0: 0x8000364c (0x0075f7b3) and     a5, a1, t2
core   0: 3 0x8000364c (0x0075f7b3) x15 0x000018c0
core   0: 0x80003650 (0xd4b96193) ori     gp, s2, -693
core   0: 3 0x80003650 (0xd4b96193) x 3 0xfffffffb
core   0: 0x80003654 (0x00961913) slli    s2, a2, 9
core   0: 3 0x80003654 (0x00961913) x18 0x00000000
core   0: 0x80003658 (0x010a5593) srli    a1, s4, 16
core   0: 3 0x80003658 (0x010a5593) x11 0x00000000
core   0: 0x8000365c (0xcba57593) andi    a1, a0, -838
core   0: 3 0x8000365c (0xcba57593) x11 0xfffffc38
core   0: 0x80003660 (0xd9387213) andi    tp, a6, -621
core   0: 3 0x80003660 (0xd9387213) x 4 0x007ffd92
core   0: 0x80003664 (0x40ef5d93) srai    s11, t5, 14
core   0: 3 0x80003664 (0x40ef5d93) x27 0x00000000
core   0: 0x80003668 (0x40600333) sub     t1, zero, t1
core   0: 3 0x80003668 (0x40600333) x 6 0xffffffff
core   0: 0x8000366c (0x00000013) nop
core   0: 3 0x8000366c (0x00000013)
core   0: 0x80003670 (0x55c44f93) xori    t6, s0, 1372
core   0: 3 0x80003670 (0x55c44f93) x31 0x00000544
core   0: 0x80003674 (0x00000013) nop
core   0: 3 0x80003674 (0x00000013)
core   0: 0x80003678 (0x01924bb3) xor     s7, tp, s9
core   0: 3 0x80003678 (0x01924bb3) x23 0x007ffd93
core   0: 0x8000367c (0x01e2dd13) srli    s10, t0, 30
core   0: 3 0x8000367c (0x01e2dd13) x26 0x00000000
core   0: 0x80003680 (0x001d74b3) and     s1, s10, ra
core   0: 3 0x80003680 (0x001d74b3) x 9 0x00000000
core   0: 0x80003684 (0x0036f6b3) and     a3, a3, gp
core   0: 3 0x80003684 (0x0036f6b3) x13 0x80015deb
core   0: 0x80003688 (0x00000013) nop
core   0: 3 0x80003688 (0x00000013)
core   0: 0x8000368c (0x8fac0993) addi    s3, s8, -1798
core   0: 3 0x8000368c (0x8fac0993) x19 0xfffff97d
core   0: 0x80003690 (0x7c5ff693) andi    a3, t6, 1989
core   0: 3 0x80003690 (0x7c5ff693) x13 0x00000544
core   0: 0x80003694 (0x3cf3ef13) ori     t5, t2, 975
core   0: 3 0x80003694 (0x3cf3ef13) x30 0x80015fef
core   0: 0x80003698 (0x00875233) srl     tp, a4, s0
core   0: 3 0x80003698 (0x00875233) x 4 0x00000000
core   0: 0x8000369c (0x010947b3) xor     a5, s2, a6
core   0: 3 0x8000369c (0x010947b3) x15 0x007ffffe
core   0: 0x800036a0 (0xc538a213) slti    tp, a7, -941
core   0: 3 0x800036a0 (0xc538a213) x 4 0x00000001
core   0: 0x800036a4 (0x00c31e13) slli    t3, t1, 12
core   0: 3 0x800036a4 (0x00c31e13) x28 0xfffff000
core   0: 0x800036a8 (0x01525933) srl     s2, tp, s5
core   0: 3 0x800036a8 (0x01525933) x18 0x00000001
core   0: 0x800036ac (0x00000013) nop
core   0: 3 0x800036ac (0x00000013)
core   0: 0x800036b0 (0x417b8933) sub     s2, s7, s7
core   0: 3 0x800036b0 (0x417b8933) x18 0x00000000
core   0: 0x800036b4 (0x1393f993) andi    s3, t2, 313
core   0: 3 0x800036b4 (0x1393f993) x19 0x00000020
core   0: 0x800036b8 (0x0fa48a37) lui     s4, 0xfa48
core   0: 3 0x800036b8 (0x0fa48a37) x20 0x0fa48000
core   0: 0x800036bc (0x0099f0b3) and     ra, s3, s1
core   0: 3 0x800036bc (0x0099f0b3) x 1 0x00000000
core   0: 0x800036c0 (0xab32c817) auipc   a6, 0xab32c
core   0: 3 0x800036c0 (0xab32c817) x16 0x2b32f6c0
core   0: 0x800036c4 (0x01aea133) slt     sp, t4, s10
core   0: 3 0x800036c4 (0x01aea133) x 2 0x00000000
core   0: 0x800036c8 (0x406c5593) srai    a1, s8, 6
core   0: 3 0x800036c8 (0x406c5593) x11 0x00000002
core   0: 0x800036cc (0x01652333) slt     t1, a0, s6
core   0: 3 0x800036cc (0x01652333) x 6 0x00000000
core   0: 0x800036d0 (0xfc3cc213) xori    tp, s9, -61
core   0: 3 0x800036d0 (0xfc3cc213) x 4 0xffffffc2
core   0: 0x800036d4 (0x8c6df993) andi    s3, s11, -1850
core   0: 3 0x800036d4 (0x8c6df993) x19 0x00000000
core   0: 0x800036d8 (0xb62e8093) addi    ra, t4, -1182
core   0: 3 0x800036d8 (0xb62e8093) x 1 0xfffffbe2
core   0: 0x800036dc (0x6f95ed13) ori     s10, a1, 1785
core   0: 3 0x800036dc (0x6f95ed13) x26 0x000006fb
core   0: 0x800036e0 (0x40a807b3) sub     a5, a6, a0
core   0: 3 0x800036e0 (0x40a807b3) x15 0x2b32f944
core   0: 0x800036e4 (0x37fff513) andi    a0, t6, 895
core   0: 3 0x800036e4 (0x37fff513) x10 0x00000144
core   0: 0x800036e8 (0xe6984093) xori    ra, a6, -407
core   0: 3 0x800036e8 (0xe6984093) x 1 0xd4cd08a9
core   0: 0x800036ec (0x10c48493) addi    s1, s1, 268
core   0: 3 0x800036ec (0x10c48493) x 9 0x0000010c
core   0: 0x800036f0 (0x90225917) auipc   s2, 0x90225
core   0: 3 0x800036f0 (0x90225917) x18 0x102286f0
core   0: 0x800036f4 (0x4021d7b3) sra     a5, gp, sp
core   0: 3 0x800036f4 (0x4021d7b3) x15 0xfffffffb
core   0: 0x800036f8 (0xb7e4fa93) andi    s5, s1, -1154
core   0: 3 0x800036f8 (0xb7e4fa93) x21 0x0000010c
core   0: 0x800036fc (0xb9d94413) xori    s0, s2, -1123
core   0: 3 0x800036fc (0xb9d94413) x 8 0xefdd7d6d
core   0: 0x80003700 (0x00000013) nop
core   0: 3 0x80003700 (0x00000013)
core   0: 0x80003704 (0x419f57b3) sra     a5, t5, s9
core   0: 3 0x80003704 (0x419f57b3) x15 0xc000aff7
core   0: 0x80003708 (0x01e84333) xor     t1, a6, t5
core   0: 3 0x80003708 (0x01e84333) x 6 0xab33a92f
core   0: 0x8000370c (0x02dcb317) auipc   t1, 0x2dcb
core   0: 3 0x8000370c (0x02dcb317) x 6 0x82dce70c
core   0: 0x80003710 (0xc3a76617) auipc   a2, 0xc3a76
core   0: 3 0x80003710 (0xc3a76617) x12 0x43a79710
core   0: 0x80003714 (0x00d22493) slti    s1, tp, 13
core   0: 3 0x80003714 (0x00d22493) x 9 0x00000001
core   0: 0x80003718 (0x1096c413) xori    s0, a3, 265
core   0: 3 0x80003718 (0x1096c413) x 8 0x0000044d
core   0: 0x8000371c (0x0e9a2593) slti    a1, s4, 233
core   0: 3 0x8000371c (0x0e9a2593) x11 0x00000000
core   0: 0x80003720 (0xb0c98093) addi    ra, s3, -1268
core   0: 3 0x80003720 (0xb0c98093) x 1 0xfffffb0c
core   0: 0x80003724 (0x02f8ceb7) lui     t4, 0x2f8c
core   0: 3 0x80003724 (0x02f8ceb7) x29 0x02f8c000
core   0: 0x80003728 (0x005e1693) slli    a3, t3, 5
core   0: 3 0x80003728 (0x005e1693) x13 0xfffe0000
core   0: 0x8000372c (0xa70eea13) ori     s4, t4, -1424
core   0: 3 0x8000372c (0xa70eea13) x20 0xfffffa70
core   0: 0x80003730 (0x00000013) nop
core   0: 3 0x80003730 (0x00000013)
core   0: 0x80003734 (0x410007b3) sub     a5, zero, a6
core   0: 3 0x80003734 (0x410007b3) x15 0xd4cd0940
core   0: 0x80003738 (0x01061293) slli    t0, a2, 16
core   0: 3 0x80003738 (0x01061293) x 5 0x97100000
core   0: 0x8000373c (0x408456b3) sra     a3, s0, s0
core   0: 3 0x8000373c (0x408456b3) x13 0x00000000
core   0: 0x80003740 (0x409e8bb3) sub     s7, t4, s1
core   0: 3 0x80003740 (0x409e8bb3) x23 0x02f8bfff
core   0: 0x80003744 (0x9c95cb93) xori    s7, a1, -1591
core   0: 3 0x80003744 (0x9c95cb93) x23 0xfffff9c9
core   0: 0x80003748 (0x0ccd2513) slti    a0, s10, 204
core   0: 3 0x80003748 (0x0ccd2513) x10 0x00000000
core   0: 0x8000374c (0x00f91f33) sll     t5, s2, a5
core   0: 3 0x8000374c (0x00f91f33) x30 0x102286f0
core   0: 0x80003750 (0x4148d293) srai    t0, a7, 20
core   0: 3 0x80003750 (0x4148d293) x 5 0xfffff800
core   0: 0x80003754 (0x01e1cf33) xor     t5, gp, t5
core   0: 3 0x80003754 (0x01e1cf33) x30 0xefdd790b
core   0: 0x80003758 (0x41270033) sub     zero, a4, s2
core   0: 3 0x80003758 (0x41270033)
core   0: 0x8000375c (0x918e3813) sltiu   a6, t3, -1768
core   0: 3 0x8000375c (0x918e3813) x16 0x00000001
core   0: 0x80003760 (0x01fe8cb3) add     s9, t4, t6
core   0: 3 0x80003760 (0x01fe8cb3) x25 0x02f8c544
core   0: 0x80003764 (0x01076cb3) or      s9, a4, a6
core   0: 3 0x80003764 (0x01076cb3) x25 0x00000001
core   0: 0x80003768 (0x00be87b3) add     a5, t4, a1
core   0: 3 0x80003768 (0x00be87b3) x15 0x02f8c000
core   0: 0x8000376c (0x015164b3) or      s1, sp, s5
core   0: 3 0x8000376c (0x015164b3) x 9 0x0000010c
core   0: 0x80003770 (0x01275e93) srli    t4, a4, 18
core   0: 3 0x80003770 (0x01275e93) x29 0x00000000
core   0: 0x80003774 (0x40cf8c33) sub     s8, t6, a2
core   0: 3 0x80003774 (0x40cf8c33) x24 0xbc586e34
core   0: 0x80003778 (0xf33d4213) xori    tp, s10, -205
core   0: 3 0x80003778 (0xf33d4213) x 4 0xfffff9c8
core   0: 0x8000377c (0x99aaf793) andi    a5, s5, -1638
core   0: 3 0x8000377c (0x99aaf793) x15 0x00000108
core   0: 0x80003780 (0x40c70fb3) sub     t6, a4, a2
core   0: 3 0x80003780 (0x40c70fb3) x31 0xbc5868f0
core   0: 0x80003784 (0xa2b93a93) sltiu   s5, s2, -1493
core   0: 3 0x80003784 (0xa2b93a93) x21 0x00000001
core   0: 0x80003788 (0x408c82b3) sub     t0, s9, s0
core   0: 3 0x80003788 (0x408c82b3) x 5 0xfffffbb4
core   0: 0x8000378c (0xae310f93) addi    t6, sp, -1309
core   0: 3 0x8000378c (0xae310f93) x31 0xfffffae3
core   0: 0x80003790 (0x4c697fb7) lui     t6, 0x4c697
core   0: 3 0x80003790 (0x4c697fb7) x31 0x4c697000
core   0: 0x80003794 (0x7fa43613) sltiu   a2, s0, 2042
core   0: 3 0x80003794 (0x7fa43613) x12 0x00000001
core   0: 0x80003798 (0xe8525e97) auipc   t4, 0xe8525
core   0: 3 0x80003798 (0xe8525e97) x29 0x68528798
core   0: 0x8000379c (0x0079a9b3) slt     s3, s3, t2
core   0: 3 0x8000379c (0x0079a9b3) x19 0x00000000
core   0: 0x800037a0 (0x11294493) xori    s1, s2, 274
core   0: 3 0x800037a0 (0x11294493) x 9 0x102287e2
core   0: 0x800037a4 (0x00c079b3) and     s3, zero, a2
core   0: 3 0x800037a4 (0x00c079b3) x19 0x00000000
core   0: 0x800037a8 (0x0bda2613) slti    a2, s4, 189
core   0: 3 0x800037a8 (0x0bda2613) x12 0x00000001
core   0: 0x800037ac (0x404b5a93) srai    s5, s6, 4
core   0: 3 0x800037ac (0x404b5a93) x21 0xfe88396e
core   0: 0x800037b0 (0x105cf413) andi    s0, s9, 261
core   0: 3 0x800037b0 (0x105cf413) x 8 0x00000001
core   0: 0x800037b4 (0x01ecebb3) or      s7, s9, t5
core   0: 3 0x800037b4 (0x01ecebb3) x23 0xefdd790b
core   0: 0x800037b8 (0x01e85833) srl     a6, a6, t5
core   0: 3 0x800037b8 (0x01e85833) x16 0x00000000
core   0: 0x800037bc (0x40fc5293) srai    t0, s8, 15
core   0: 3 0x800037bc (0x40fc5293) x 5 0xffff78b0
core   0: 0x800037c0 (0x01c9bfb3) sltu    t6, s3, t3
core   0: 3 0x800037c0 (0x01c9bfb3) x31 0x00000001
core   0: 0x800037c4 (0xf3286313) ori     t1, a6, -206
core   0: 3 0x800037c4 (0xf3286313) x 6 0xffffff32
core   0: 0x800037c8 (0x42d36c17) auipc   s8, 0x42d36
core   0: 3 0x800037c8 (0x42d36c17) x24 0xc2d397c8
core   0: 0x800037cc (0x41d7d9b3) sra     s3, a5, t4
core   0: 3 0x800037cc (0x41d7d9b3) x19 0x00000000
core   0: 0x800037d0 (0x00000013) nop
core   0: 3 0x800037d0 (0x00000013)
core   0: 0x800037d4 (0x403a81b3) sub     gp, s5, gp
core   0: 3 0x800037d4 (0x403a81b3) x 3 0xfe883973
core   0: 0x800037d8 (0x004d9813) slli    a6, s11, 4
core   0: 3 0x800037d8 (0x004d9813) x16 0x00000000
core   0: 0x800037dc (0xbda3aa93) slti    s5, t2, -1062
core   0: 3 0x800037dc (0xbda3aa93) x21 0x00000001
core   0: 0x800037e0 (0x01e0a1b3) slt     gp, ra, t5
core   0: 3 0x800037e0 (0x01e0a1b3) x 3 0x00000000
core   0: 0x800037e4 (0x00e7d533) srl     a0, a5, a4
core   0: 3 0x800037e4 (0x00e7d533) x10 0x00000108
core   0: 0x800037e8 (0xb309ba13) sltiu   s4, s3, -1232
core   0: 3 0x800037e8 (0xb309ba13) x20 0x00000001
core   0: 0x800037ec (0x9c262593) slti    a1, a2, -1598
core   0: 3 0x800037ec (0x9c262593) x11 0x00000000
core   0: 0x800037f0 (0x00b5a9b3) slt     s3, a1, a1
core   0: 3 0x800037f0 (0x00b5a9b3) x19 0x00000000
core   0: 0x800037f4 (0x019b8533) add     a0, s7, s9
core   0: 3 0x800037f4 (0x019b8533) x10 0xefdd790c
core   0: 0x800037f8 (0x00c82a33) slt     s4, a6, a2
core   0: 3 0x800037f8 (0x00c82a33) x20 0x00000001
core   0: 0x800037fc (0x00000013) nop
core   0: 3 0x800037fc (0x00000013)
core   0: 0x80003800 (0xd3ea6913) ori     s2, s4, -706
core   0: 3 0x80003800 (0xd3ea6913) x18 0xfffffd3f
core   0: 0x80003804 (0x40c0de93) srai    t4, ra, 12
core   0: 3 0x80003804 (0x40c0de93) x29 0xffffffff
core   0: 0x80003808 (0x01d141b3) xor     gp, sp, t4
core   0: 3 0x80003808 (0x01d141b3) x 3 0xffffffff
core   0: 0x8000380c (0x01ac9813) slli    a6, s9, 26
core   0: 3 0x8000380c (0x01ac9813) x16 0x04000000
core   0: 0x80003810 (0xc560a513) slti    a0, ra, -938
core   0: 3 0x80003810 (0xc560a513) x10 0x00000001
core   0: 0x80003814 (0x017304b3) add     s1, t1, s7
core   0: 3 0x80003814 (0x017304b3) x 9 0xefdd783d
core   0: 0x80003818 (0x00b29a93) slli    s5, t0, 11
core   0: 3 0x80003818 (0x00b29a93) x21 0xfbc58000
core   0: 0x8000381c (0x01de49b3) xor     s3, t3, t4
core   0: 3 0x8000381c (0x01de49b3) x19 0x00000fff
core   0: 0x80003820 (0x01cf1913) slli    s2, t5, 28
core   0: 3 0x80003820 (0x01cf1913) x18 0xb0000000
core   0: 0x80003824 (0x4115d233) sra     tp, a1, a7
core   0: 3 0x80003824 (0x4115d233) x 4 0x00000000
core   0: 0x80003828 (0xbc4bc993) xori    s3, s7, -1084
core   0: 3 0x80003828 (0xbc4bc993) x19 0x102282cf
core   0: 0x8000382c (0x540a0c13) addi    s8, s4, 1344
core   0: 3 0x8000382c (0x540a0c13) x24 0x00000541
core   0: 0x80003830 (0xf95c0013) addi    zero, s8, -107
core   0: 3 0x80003830 (0xf95c0013)
core   0: 0x80003834 (0x76740a93) addi    s5, s0, 1895
core   0: 3 0x80003834 (0x76740a93) x21 0x00000768
core   0: 0x80003838 (0x00000013) nop
core   0: 3 0x80003838 (0x00000013)
core   0: 0x8000383c (0x40735693) srai    a3, t1, 7
core   0: 3 0x8000383c (0x40735693) x13 0xfffffffe
core   0: 0x80003840 (0x4c3bca17) auipc   s4, 0x4c3bc
core   0: 3 0x80003840 (0x4c3bca17) x20 0xcc3bf840
core   0: 0x80003844 (0x00a0c733) xor     a4, ra, a0
core   0: 3 0x80003844 (0x00a0c733) x14 0xfffffb0d
core   0: 0x80003848 (0x00796233) or      tp, s2, t2
core   0: 3 0x80003848 (0x00796233) x 4 0xb0015ce4
core   0: 0x8000384c (0x01b0a1b3) slt     gp, ra, s11
core   0: 3 0x8000384c (0x01b0a1b3) x 3 0x00000001
core   0: 0x80003850 (0x79a3f593) andi    a1, t2, 1946
core   0: 3 0x80003850 (0x79a3f593) x11 0x00000480
core   0: 0x80003854 (0xca3cc613) xori    a2, s9, -861
core   0: 3 0x80003854 (0xca3cc613) x12 0xfffffca2
core   0: 0x80003858 (0x00d67fb3) and     t6, a2, a3
core   0: 3 0x80003858 (0x00d67fb3) x31 0xfffffca2
core   0: 0x8000385c (0x01a4b9b3) sltu    s3, s1, s10
core   0: 3 0x8000385c (0x01a4b9b3) x19 0x00000000
core   0: 0x80003860 (0x40fe0d33) sub     s10, t3, a5
core   0: 3 0x80003860 (0x40fe0d33) x26 0xffffeef8
core   0: 0x80003864 (0x00cc9b93) slli    s7, s9, 12
core   0: 3 0x80003864 (0x00cc9b93) x23 0x00001000
core   0: 0x80003868 (0x402486b3) sub     a3, s1, sp
core   0: 3 0x80003868 (0x402486b3) x13 0xefdd783d
core   0: 0x8000386c (0x69334813) xori    a6, t1, 1683
core   0: 3 0x8000386c (0x69334813) x16 0xfffff9a1
core   0: 0x80003870 (0xc6100c13) li      s8, -927
core   0: 3 0x80003870 (0xc6100c13) x24 0xfffffc61
core   0: 0x80003874 (0x00fda9b3) slt     s3, s11, a5
core   0: 3 0x80003874 (0x00fda9b3) x19 0x00000001
core   0: 0x80003878 (0x011f1693) slli    a3, t5, 17
core   0: 3 0x80003878 (0x011f1693) x13 0xf2160000
core   0: 0x8000387c (0x40c65413) srai    s0, a2, 12
core   0: 3 0x8000387c (0x40c65413) x 8 0xffffffff
core   0: 0x80003880 (0x00d98ab3) add     s5, s3, a3
core   0: 3 0x80003880 (0x00d98ab3) x21 0xf2160001
core   0: 0x80003884 (0x01f1ddb3) srl     s11, gp, t6
core   0: 3 0x80003884 (0x01f1ddb3) x27 0x00000000
core   0: 0x80003888 (0x411b5fb3) sra     t6, s6, a7
core   0: 3 0x80003888 (0x411b5fb3) x31 0xfe88396e
core   0: 0x8000388c (0x01c0f4b3) and     s1, ra, t3
core   0: 3 0x8000388c (0x01c0f4b3) x 9 0xfffff000
core   0: 0x80003890 (0x01e42f33) slt     t5, s0, t5
core   0: 3 0x80003890 (0x01e42f33) x30 0x00000000
core   0: 0x80003894 (0xf9ee9337) lui     t1, 0xf9ee9
core   0: 3 0x80003894 (0xf9ee9337) x 6 0xf9ee9000
core   0: 0x80003898 (0x6a308593) addi    a1, ra, 1699
core   0: 3 0x80003898 (0x6a308593) x11 0x000001af
core   0: 0x8000389c (0x0154d793) srli    a5, s1, 21
core   0: 3 0x8000389c (0x0154d793) x15 0x000007ff
core   0: 0x800038a0 (0xc1330e13) addi    t3, t1, -1005
core   0: 3 0x800038a0 (0xc1330e13) x28 0xf9ee8c13
core   0: 0x800038a4 (0x00f949b3) xor     s3, s2, a5
core   0: 3 0x800038a4 (0x00f949b3) x19 0xb00007ff
core   0: 0x800038a8 (0xdbacf913) andi    s2, s9, -582
core   0: 3 0x800038a8 (0xdbacf913) x18 0x00000000
core   0: 0x800038ac (0x00c759b3) srl     s3, a4, a2
core   0: 3 0x800038ac (0x00c759b3) x19 0x3ffffec3
core   0: 0x800038b0 (0x41bd0f33) sub     t5, s10, s11
core   0: 3 0x800038b0 (0x41bd0f33) x30 0xffffeef8
core   0: 0x800038b4 (0x00f06033) or      zero, zero, a5
core   0: 3 0x800038b4 (0x00f06033)
core   0: 0x800038b8 (0x6aa28813) addi    a6, t0, 1706
core   0: 3 0x800038b8 (0x6aa28813) x16 0xffff7f5a
core   0: 0x800038bc (0x01b97333) and     t1, s2, s11
core   0: 3 0x800038bc (0x01b97333) x 6 0x00000000
core   0: 0x800038c0 (0x6b364113) xori    sp, a2, 1715
core   0: 3 0x800038c0 (0x6b364113) x 2 0xfffffa11
core   0: 0x800038c4 (0x40a2df33) sra     t5, t0, a0
core   0: 3 0x800038c4 (0x40a2df33) x30 0xffffbc58
core   0: 0x800038c8 (0x01079433) sll     s0, a5, a6
core   0: 3 0x800038c8 (0x01079433) x 8 0xfc000000
core   0: 0x800038cc (0x010f37b3) sltu    a5, t5, a6
core   0: 3 0x800038cc (0x010f37b3) x15 0x00000000
core   0: 0x800038d0 (0x00539433) sll     s0, t2, t0
core   0: 3 0x800038d0 (0x00539433) x 8 0x5ce40000
core   0: 0x800038d4 (0xa59d6193) ori     gp, s10, -1447
core   0: 3 0x800038d4 (0xa59d6193) x 3 0xfffffef9
core   0: 0x800038d8 (0x01359093) slli    ra, a1, 19
core   0: 3 0x800038d8 (0x01359093) x 1 0x0d780000
core   0: 0x800038dc (0x015817b3) sll     a5, a6, s5
core   0: 3 0x800038dc (0x015817b3) x15 0xfffefeb4
core   0: 0x800038e0 (0x1e6baa17) auipc   s4, 0x1e6ba
core   0: 3 0x800038e0 (0x1e6baa17) x20 0x9e6bd8e0
core   0: 0x800038e4 (0x00077a33) and     s4, a4, zero
core   0: 3 0x800038e4 (0x00077a33) x20 0x00000000
core   0: 0x800038e8 (0x4072dc13) srai    s8, t0, 7
core   0: 3 0x800038e8 (0x4072dc13) x24 0xfffffef1
core   0: 0x800038ec (0x01691eb3) sll     t4, s2, s6
core   0: 3 0x800038ec (0x01691eb3) x29 0x00000000
core   0: 0x800038f0 (0x00801413) slli    s0, zero, 8
core   0: 3 0x800038f0 (0x00801413) x 8 0x00000000
core   0: 0x800038f4 (0x00000013) nop
core   0: 3 0x800038f4 (0x00000013)
core   0: 0x800038f8 (0x00b32533) slt     a0, t1, a1
core   0: 3 0x800038f8 (0x00b32533) x10 0x00000001
core   0: 0x800038fc (0x40045493) srai    s1, s0, 0
core   0: 3 0x800038fc (0x40045493) x 9 0x00000000
core   0: 0x80003900 (0xa23e2f93) slti    t6, t3, -1501
core   0: 3 0x80003900 (0xa23e2f93) x31 0x00000001
core   0: 0x80003904 (0xc29f9197) auipc   gp, 0xc29f9
core   0: 3 0x80003904 (0xc29f9197) x 3 0x429fc904
core   0: 0x80003908 (0x006f9513) slli    a0, t6, 6
core   0: 3 0x80003908 (0x006f9513) x10 0x00000040
core   0: 0x8000390c (0x00021933) sll     s2, tp, zero
core   0: 3 0x8000390c (0x00021933) x18 0xb0015ce4
core   0: 0x80003910 (0x99a00413) li      s0, -1638
core   0: 3 0x80003910 (0x99a00413) x 8 0xfffff99a
core   0: 0x80003914 (0x41110033) sub     zero, sp, a7
core   0: 3 0x80003914 (0x41110033)
core   0: 0x80003918 (0xde08e593) ori     a1, a7, -544
core   0: 3 0x80003918 (0xde08e593) x11 0xffffffe4
core   0: 0x8000391c (0x01809733) sll     a4, ra, s8
core   0: 3 0x8000391c (0x01809733) x14 0x00000000
core   0: 0x80003920 (0x41d652b3) sra     t0, a2, t4
core   0: 3 0x80003920 (0x41d652b3) x 5 0xfffffca2
core   0: 0x80003924 (0x749c4e13) xori    t3, s8, 1865
core   0: 3 0x80003924 (0x749c4e13) x28 0xfffff9b8
core   0: 0x80003928 (0x00c715b3) sll     a1, a4, a2
core   0: 3 0x80003928 (0x00c715b3) x11 0x00000000
core   0: 0x8000392c (0x1d9e3e93) sltiu   t4, t3, 473
core   0: 3 0x8000392c (0x1d9e3e93) x29 0x00000000
core   0: 0x80003930 (0x01aafeb3) and     t4, s5, s10
core   0: 3 0x80003930 (0x01aafeb3) x29 0xf2160000
core   0: 0x80003934 (0x64ea3293) sltiu   t0, s4, 1614
core   0: 3 0x80003934 (0x64ea3293) x 5 0x00000001
core   0: 0x80003938 (0x00df3e33) sltu    t3, t5, a3
core   0: 3 0x80003938 (0x00df3e33) x28 0x00000000
core   0: 0x8000393c (0x4b6c4b93) xori    s7, s8, 1206
core   0: 3 0x8000393c (0x4b6c4b93) x23 0xfffffa47
core   0: 0x80003940 (0xc03d3e13) sltiu   t3, s10, -1021
core   0: 3 0x80003940 (0xc03d3e13) x28 0x00000001
core   0: 0x80003944 (0x00000013) nop
core   0: 3 0x80003944 (0x00000013)
core   0: 0x80003948 (0x009e70b3) and     ra, t3, s1
core   0: 3 0x80003948 (0x009e70b3) x 1 0x00000000
core   0: 0x8000394c (0x40ee5e93) srai    t4, t3, 14
core   0: 3 0x8000394c (0x40ee5e93) x29 0x00000000
core   0: 0x80003950 (0xacc33197) auipc   gp, 0xacc33
core   0: 3 0x80003950 (0xacc33197) x 3 0x2cc36950
core   0: 0x80003954 (0xb5c93c37) lui     s8, 0xb5c93
core   0: 3 0x80003954 (0xb5c93c37) x24 0xb5c93000
core   0: 0x80003958 (0x40ee5333) sra     t1, t3, a4
core   0: 3 0x80003958 (0x40ee5333) x 6 0x00000001
core   0: 0x8000395c (0x00160133) add     sp, a2, ra
core   0: 3 0x8000395c (0x00160133) x 2 0xfffffca2
core   0: 0x80003960 (0x001a71b3) and     gp, s4, ra
core   0: 3 0x80003960 (0x001a71b3) x 3 0x00000000
core   0: 0x80003964 (0x4020d333) sra     t1, ra, sp
core   0: 3 0x80003964 (0x4020d333) x 6 0x00000000
core   0: 0x80003968 (0x1368dc17) auipc   s8, 0x1368d
core   0: 3 0x80003968 (0x1368dc17) x24 0x93690968
core   0: 0x8000396c (0x00c80133) add     sp, a6, a2
core   0: 3 0x8000396c (0x00c80133) x 2 0xffff7bfc
core   0: 0x80003970 (0x6dd7e313) ori     t1, a5, 1757
core   0: 3 0x80003970 (0x6dd7e313) x 6 0xfffefefd
core   0: 0x80003974 (0x007355b3) srl     a1, t1, t2
core   0: 3 0x80003974 (0x007355b3) x11 0x0fffefef
core   0: 0x80003978 (0x016887b3) add     a5, a7, s6
core   0: 3 0x80003978 (0x016887b3) x15 0x6884b545
core   0: 0x8000397c (0x00fbbab3) sltu    s5, s7, a5
core   0: 3 0x8000397c (0x00fbbab3) x21 0x00000000
core   0: 0x80003980 (0x00ba9a13) slli    s4, s5, 11
core   0: 3 0x80003980 (0x00ba9a13) x20 0x00000000
core   0: 0x80003984 (0xd6bb0f93) addi    t6, s6, -661
core   0: 3 0x80003984 (0xd6bb0f93) x31 0xe883944c
core   0: 0x80003988 (0x01cb5993) srli    s3, s6, 28
core   0: 3 0x80003988 (0x01cb5993) x19 0x0000000e
core   0: 0x8000398c (0x00000013) nop
core   0: 3 0x8000398c (0x00000013)
core   0: 0x80003990 (0x40cb80b3) sub     ra, s7, a2
core   0: 3 0x80003990 (0x40cb80b3) x 1 0xfffffda5
core   0: 0x80003994 (0x0017b0b3) sltu    ra, a5, ra
core   0: 3 0x80003994 (0x0017b0b3) x 1 0x00000001
core   0: 0x80003998 (0x019c2e33) slt     t3, s8, s9
core   0: 3 0x80003998 (0x019c2e33) x28 0x00000001
core   0: 0x8000399c (0x40420f33) sub     t5, tp, tp
core   0: 3 0x8000399c (0x40420f33) x30 0x00000000
core   0: 0x800039a0 (0x00a45d93) srli    s11, s0, 10
core   0: 3 0x800039a0 (0x00a45d93) x27 0x003ffffe
core   0: 0x800039a4 (0x00000013) nop
core   0: 3 0x800039a4 (0x00000013)
core   0: 0x800039a8 (0x2759e513) ori     a0, s3, 629
core   0: 3 0x800039a8 (0x2759e513) x10 0x0000027f
core   0: 0x800039ac (0x418bdd13) srai    s10, s7, 24
core   0: 3 0x800039ac (0x418bdd13) x26 0xffffffff
core   0: 0x800039b0 (0x06794993) xori    s3, s2, 103
core   0: 3 0x800039b0 (0x06794993) x19 0xb0015c83
core   0: 0x800039b4 (0x003a0ab3) add     s5, s4, gp
core   0: 3 0x800039b4 (0x003a0ab3) x21 0x00000000
core   0: 0x800039b8 (0x1aeb5817) auipc   a6, 0x1aeb5
core   0: 3 0x800039b8 (0x1aeb5817) x16 0x9aeb89b8
core   0: 0x800039bc (0xe2d78f13) addi    t5, a5, -467
core   0: 3 0x800039bc (0xe2d78f13) x30 0x6884b372
core   0: 0x800039c0 (0x408cd793) srai    a5, s9, 8
core   0: 3 0x800039c0 (0x408cd793) x15 0x00000000
core   0: 0x800039c4 (0x016b4833) xor     a6, s6, s6
core   0: 3 0x800039c4 (0x016b4833) x16 0x00000000
core   0: 0x800039c8 (0x00f52333) slt     t1, a0, a5
core   0: 3 0x800039c8 (0x00f52333) x 6 0x00000000
core   0: 0x800039cc (0x0105b133) sltu    sp, a1, a6
core   0: 3 0x800039cc (0x0105b133) x 2 0x00000000
core   0: 0x800039d0 (0x40f25293) srai    t0, tp, 15
core   0: 3 0x800039d0 (0x40f25293) x 5 0xffff6002
core   0: 0x800039d4 (0x40650db3) sub     s11, a0, t1
core   0: 3 0x800039d4 (0x40650db3) x27 0x0000027f
core   0: 0x800039d8 (0x41705d13) srai    s10, zero, 23
core   0: 3 0x800039d8 (0x41705d13) x26 0x00000000
core   0: 0x800039dc (0x01101f13) slli    t5, zero, 17
core   0: 3 0x800039dc (0x01101f13) x30 0x00000000
core   0: 0x800039e0 (0x014b3933) sltu    s2, s6, s4
core   0: 3 0x800039e0 (0x014b3933) x18 0x00000000
core   0: 0x800039e4 (0x50d1f993) andi    s3, gp, 1293
core   0: 3 0x800039e4 (0x50d1f993) x19 0x00000000
core   0: 0x800039e8 (0x00b4dc33) srl     s8, s1, a1
core   0: 3 0x800039e8 (0x00b4dc33) x24 0x00000000
core   0: 0x800039ec (0x3b18c713) xori    a4, a7, 945
core   0: 3 0x800039ec (0x3b18c713) x14 0x80011dd5
core   0: 0x800039f0 (0x016eda13) srli    s4, t4, 22
core   0: 3 0x800039f0 (0x016eda13) x20 0x00000000
core   0: 0x800039f4 (0x0088c833) xor     a6, a7, s0
core   0: 3 0x800039f4 (0x0088c833) x16 0x7ffee7fe
core   0: 0x800039f8 (0xbf6c3837) lui     a6, 0xbf6c3
core   0: 3 0x800039f8 (0xbf6c3837) x16 0xbf6c3000
core   0: 0x800039fc (0x0184f9b3) and     s3, s1, s8
core   0: 3 0x800039fc (0x0184f9b3) x19 0x00000000
core   0: 0x80003a00 (0x00d77c33) and     s8, a4, a3
core   0: 3 0x80003a00 (0x00d77c33) x24 0x80000000
core   0: 0x80003a04 (0x3dbafd37) lui     s10, 0x3dbaf
core   0: 3 0x80003a04 (0x3dbafd37) x26 0x3dbaf000
core   0: 0x80003a08 (0xcccea097) auipc   ra, 0xcccea
core   0: 3 0x80003a08 (0xcccea097) x 1 0x4cceda08
core   0: 0x80003a0c (0x842d0d93) addi    s11, s10, -1982
core   0: 3 0x80003a0c (0x842d0d93) x27 0x3dbae842
core   0: 0x80003a10 (0x449f7cb7) lui     s9, 0x449f7
core   0: 3 0x80003a10 (0x449f7cb7) x25 0x449f7000
core   0: 0x80003a14 (0x0030a633) slt     a2, ra, gp
core   0: 3 0x80003a14 (0x0030a633) x12 0x00000000
core   0: 0x80003a18 (0x00011033) sll     zero, sp, zero
core   0: 3 0x80003a18 (0x00011033)
core   0: 0x80003a1c (0x0116e613) ori     a2, a3, 17
core   0: 3 0x80003a1c (0x0116e613) x12 0xf2160011
core   0: 0x80003a20 (0x000a55b3) srl     a1, s4, zero
core   0: 3 0x80003a20 (0x000a55b3) x11 0x00000000
core   0: 0x80003a24 (0x00537033) and     zero, t1, t0
core   0: 3 0x80003a24 (0x00537033)
core   0: 0x80003a28 (0x004e5913) srli    s2, t3, 4
core   0: 3 0x80003a28 (0x004e5913) x18 0x00000000
core   0: 0x80003a2c (0x40e35433) sra     s0, t1, a4
core   0: 3 0x80003a2c (0x40e35433) x 8 0x00000000
core   0: 0x80003a30 (0x014aae33) slt     t3, s5, s4
core   0: 3 0x80003a30 (0x014aae33) x28 0x00000000
core   0: 0x80003a34 (0x8e5e4313) xori    t1, t3, -1819
core   0: 3 0x80003a34 (0x8e5e4313) x 6 0xfffff8e5
core   0: 0x80003a38 (0x4008d433) sra     s0, a7, zero
core   0: 3 0x80003a38 (0x4008d433) x 8 0x80011e64
core   0: 0x80003a3c (0x006e9613) slli    a2, t4, 6
core   0: 3 0x80003a3c (0x006e9613) x12 0x00000000
core   0: 0x80003a40 (0x001b89b3) add     s3, s7, ra
core   0: 3 0x80003a40 (0x001b89b3) x19 0x4cced44f
core   0: 0x80003a44 (0x01fe79b3) and     s3, t3, t6
core   0: 3 0x80003a44 (0x01fe79b3) x19 0x00000000
core   0: 0x80003a48 (0xe52cbd93) sltiu   s11, s9, -430
core   0: 3 0x80003a48 (0xe52cbd93) x27 0x00000001
core   0: 0x80003a4c (0xa41ba2b7) lui     t0, 0xa41ba
core   0: 3 0x80003a4c (0xa41ba2b7) x 5 0xa41ba000
core   0: 0x80003a50 (0x005fd613) srli    a2, t6, 5
core   0: 3 0x80003a50 (0x005fd613) x12 0x07441ca2
core   0: 0x80003a54 (0x4125d613) srai    a2, a1, 18
core   0: 3 0x80003a54 (0x4125d613) x12 0x00000000
core   0: 0x80003a58 (0x4c3c2313) slti    t1, s8, 1219
core   0: 3 0x80003a58 (0x4c3c2313) x 6 0x00000001
core   0: 0x80003a5c (0x00000013) nop
core   0: 3 0x80003a5c (0x00000013)
core   0: 0x80003a60 (0x00f35693) srli    a3, t1, 15
core   0: 3 0x80003a60 (0x00f35693) x13 0x00000000
core   0: 0x80003a64 (0x41e90a33) sub     s4, s2, t5
core   0: 3 0x80003a64 (0x41e90a33) x20 0x00000000
core   0: 0x80003a68 (0x014c8c33) add     s8, s9, s4
core   0: 3 0x80003a68 (0x014c8c33) x24 0x449f7000
core   0: 0x80003a6c (0x001e8c33) add     s8, t4, ra
core   0: 3 0x80003a6c (0x001e8c33) x24 0x4cceda08
core   0: 0x80003a70 (0x01a08fb3) add     t6, ra, s10
core   0: 3 0x80003a70 (0x01a08fb3) x31 0x8a89ca08
core   0: 0x80003a74 (0x0c749bb7) lui     s7, 0xc749
core   0: 3 0x80003a74 (0x0c749bb7) x23 0x0c749000
core   0: 0x80003a78 (0x3637b193) sltiu   gp, a5, 867
core   0: 3 0x80003a78 (0x3637b193) x 3 0x00000001
core   0: 0x80003a7c (0x41568ab3) sub     s5, a3, s5
core   0: 3 0x80003a7c (0x41568ab3) x21 0x00000000
core   0: 0x80003a80 (0x41085d33) sra     s10, a6, a6
core   0: 3 0x80003a80 (0x41085d33) x26 0xbf6c3000
core   0: 0x80003a84 (0x004e4933) xor     s2, t3, tp
core   0: 3 0x80003a84 (0x004e4933) x18 0xb0015ce4
core   0: 0x80003a88 (0x01fc3933) sltu    s2, s8, t6
core   0: 3 0x80003a88 (0x01fc3933) x18 0x00000001
core   0: 0x80003a8c (0x01545fb3) srl     t6, s0, s5
core   0: 3 0x80003a8c (0x01545fb3) x31 0x80011e64
core   0: 0x80003a90 (0x41da8333) sub     t1, s5, t4
core   0: 3 0x80003a90 (0x41da8333) x 6 0x00000000
core   0: 0x80003a94 (0x4854e793) ori     a5, s1, 1157
core   0: 3 0x80003a94 (0x4854e793) x15 0x00000485
core   0: 0x80003a98 (0x00d21433) sll     s0, tp, a3
core   0: 3 0x80003a98 (0x00d21433) x 8 0xb0015ce4
core   0: 0x80003a9c (0x414c0fb3) sub     t6, s8, s4
core   0: 3 0x80003a9c (0x414c0fb3) x31 0x4cceda08
core   0: 0x80003aa0 (0x00fa22b3) slt     t0, s4, a5
core   0: 3 0x80003aa0 (0x00fa22b3) x 5 0x00000001
core   0: 0x80003aa4 (0x000af1b3) and     gp, s5, zero
core   0: 3 0x80003aa4 (0x000af1b3) x 3 0x00000000
core   0: 0x80003aa8 (0x4058d4b3) sra     s1, a7, t0
core   0: 3 0x80003aa8 (0x4058d4b3) x 9 0xc0008f32
core   0: 0x80003aac (0x01eeb333) sltu    t1, t4, t5
core   0: 3 0x80003aac (0x01eeb333) x 6 0x00000000
core   0: 0x80003ab0 (0xc3870f13) addi    t5, a4, -968
core   0: 3 0x80003ab0 (0xc3870f13) x30 0x80011a0d
core   0: 0x80003ab4 (0x01cddbb3) srl     s7, s11, t3
core   0: 3 0x80003ab4 (0x01cddbb3) x23 0x00000001
core   0: 0x80003ab8 (0x79925517) auipc   a0, 0x79925
core   0: 3 0x80003ab8 (0x79925517) x10 0xf9928ab8
core   0: 0x80003abc (0x00733e33) sltu    t3, t1, t2
core   0: 3 0x80003abc (0x00733e33) x28 0x00000001
core   0: 0x80003ac0 (0x00dc0933) add     s2, s8, a3
core   0: 3 0x80003ac0 (0x00dc0933) x18 0x4cceda08
core   0: 0x80003ac4 (0x01474733) xor     a4, a4, s4
core   0: 3 0x80003ac4 (0x01474733) x14 0x80011dd5
core   0: 0x80003ac8 (0x00a7abb3) slt     s7, a5, a0
core   0: 3 0x80003ac8 (0x00a7abb3) x23 0x00000000
core   0: 0x80003acc (0x01fa44b3) xor     s1, s4, t6
core   0: 3 0x80003acc (0x01fa44b3) x 9 0x4cceda08
core   0: 0x80003ad0 (0x00000013) nop
core   0: 3 0x80003ad0 (0x00000013)
core   0: 0x80003ad4 (0x413f5233) sra     tp, t5, s3
core   0: 3 0x80003ad4 (0x413f5233) x 4 0x80011a0d
core   0: 0x80003ad8 (0x17f9fa93) andi    s5, s3, 383
core   0: 3 0x80003ad8 (0x17f9fa93) x21 0x00000000
core   0: 0x80003adc (0xc86e6713) ori     a4, t3, -890
core   0: 3 0x80003adc (0xc86e6713) x14 0xfffffc87
core   0: 0x80003ae0 (0x01c63333) sltu    t1, a2, t3
core   0: 3 0x80003ae0 (0x01c63333) x 6 0x00000001
core   0: 0x80003ae4 (0x001b4533) xor     a0, s6, ra
core   0: 3 0x80003ae4 (0x001b4533) x10 0xa44d4ce9
core   0: 0x80003ae8 (0x005dd313) srli    t1, s11, 5
core   0: 3 0x80003ae8 (0x005dd313) x 6 0x00000000
core   0: 0x80003aec (0x011b90b3) sll     ra, s7, a7
core   0: 3 0x80003aec (0x011b90b3) x 1 0x00000000
core   0: 0x80003af0 (0x01fed193) srli    gp, t4, 31
core   0: 3 0x80003af0 (0x01fed193) x 3 0x00000000
core   0: 0x80003af4 (0x015cafb3) slt     t6, s9, s5
core   0: 3 0x80003af4 (0x015cafb3) x31 0x00000000
core   0: 0x80003af8 (0xf6f54f93) xori    t6, a0, -145
core   0: 3 0x80003af8 (0xf6f54f93) x31 0x5bb2b386
core   0: 0x80003afc (0x42307793) andi    a5, zero, 1059
core   0: 3 0x80003afc (0x42307793) x15 0x00000000
core   0: 0x80003b00 (0x011234b3) sltu    s1, tp, a7
core   0: 3 0x80003b00 (0x011234b3) x 9 0x00000001
core   0: 0x80003b04 (0x000b1633) sll     a2, s6, zero
core   0: 3 0x80003b04 (0x000b1633) x12 0xe88396e1
core   0: 0x80003b08 (0x0002d493) srli    s1, t0, 0
core   0: 3 0x80003b08 (0x0002d493) x 9 0x00000001
core   0: 0x80003b0c (0xbf2f2237) lui     tp, 0xbf2f2
core   0: 3 0x80003b0c (0xbf2f2237) x 4 0xbf2f2000
core   0: 0x80003b10 (0x007a8c33) add     s8, s5, t2
core   0: 3 0x80003b10 (0x007a8c33) x24 0x80015ce4
core   0: 0x80003b14 (0x8f998613) addi    a2, s3, -1799
core   0: 3 0x80003b14 (0x8f998613) x12 0xfffff8f9
core   0: 0x80003b18 (0x0033dab3) srl     s5, t2, gp
core   0: 3 0x80003b18 (0x0033dab3) x21 0x80015ce4
core   0: 0x80003b1c (0x00391e33) sll     t3, s2, gp
core   0: 3 0x80003b1c (0x00391e33) x28 0x4cceda08
core   0: 0x80003b20 (0x00000013) nop
core   0: 3 0x80003b20 (0x00000013)
core   0: 0x80003b24 (0xbd438213) addi    tp, t2, -1068
core   0: 3 0x80003b24 (0xbd438213) x 4 0x800158b8
core   0: 0x80003b28 (0xfefeba97) auipc   s5, 0xfefeb
core   0: 3 0x80003b28 (0xfefeba97) x21 0x7efeeb28
core   0: 0x80003b2c (0x406802b3) sub     t0, a6, t1
core   0: 3 0x80003b2c (0x406802b3) x 5 0xbf6c3000
core   0: 0x80003b30 (0x00000013) nop
core   0: 3 0x80003b30 (0x00000013)
core   0: 0x80003b34 (0x0175feb3) and     t4, a1, s7
core   0: 3 0x80003b34 (0x0175feb3) x29 0x00000000
core   0: 0x80003b38 (0x01f49c13) slli    s8, s1, 31
core   0: 3 0x80003b38 (0x01f49c13) x24 0x80000000
core   0: 0x80003b3c (0x80000cb7) lui     s9, 0x80000
core   0: 3 0x80003b3c (0x80000cb7) x25 0x80000000
core   0: 0x80003b40 (0x800007b7) lui     a5, 0x80000
core   0: 3 0x80003b40 (0x800007b7) x15 0x80000000
core   0: 0x80003b44 (0x00000b93) li      s7, 0
core   0: 3 0x80003b44 (0x00000b93) x23 0x00000000
core   0: 0x80003b48 (0xfff00313) li      t1, -1
core   0: 3 0x80003b48 (0xfff00313) x 6 0xffffffff
core   0: 0x80003b4c (0x00000093) li      ra, 0
core   0: 3 0x80003b4c (0x00000093) x 1 0x00000000
core   0: 0x80003b50 (0x80000a37) lui     s4, 0x80000
core   0: 3 0x80003b50 (0x80000a37) x20 0x80000000
core   0: 0x80003b54 (0x00000293) li      t0, 0
core   0: 3 0x80003b54 (0x00000293) x 5 0x00000000
core   0: 0x80003b58 (0xfff00613) li      a2, -1
core   0: 3 0x80003b58 (0xfff00613) x12 0xffffffff
core   0: 0x80003b5c (0x8761cfb7) lui     t6, 0x8761c
core   0: 3 0x80003b5c (0x8761cfb7) x31 0x8761c000
core   0: 0x80003b60 (0x195f8f93) addi    t6, t6, 405
core   0: 3 0x80003b60 (0x195f8f93) x31 0x8761c195
core   0: 0x80003b64 (0x00000f13) li      t5, 0
core   0: 3 0x80003b64 (0x00000f13) x30 0x00000000
core   0: 0x80003b68 (0x944ff617) auipc   a2, 0x944ff
core   0: 3 0x80003b68 (0x944ff617) x12 0x14502b68
core   0: 0x80003b6c (0x401a0a33) sub     s4, s4, ra
core   0: 3 0x80003b6c (0x401a0a33) x20 0x80000000
core   0: 0x80003b70 (0x01ec80b3) add     ra, s9, t5
core   0: 3 0x80003b70 (0x01ec80b3) x 1 0x80000000
core   0: 0x80003b74 (0x9bb78613) addi    a2, a5, -1605
core   0: 3 0x80003b74 (0x9bb78613) x12 0x7ffff9bb
core   0: 0x80003b78 (0x00000013) nop
core   0: 3 0x80003b78 (0x00000013)
core   0: 0x80003b7c (0xda8ca0b7) lui     ra, 0xda8ca
core   0: 3 0x80003b7c (0xda8ca0b7) x 1 0xda8ca000
core   0: 0x80003b80 (0x41930633) sub     a2, t1, s9
core   0: 3 0x80003b80 (0x41930633) x12 0x7fffffff
core   0: 0x80003b84 (0xac616f37) lui     t5, 0xac616
core   0: 3 0x80003b84 (0xac616f37) x30 0xac616000
core   0: 0x80003b88 (0x00000013) nop
core   0: 3 0x80003b88 (0x00000013)
core   0: 0x80003b8c (0x01930bb3) add     s7, t1, s9
core   0: 3 0x80003b8c (0x01930bb3) x23 0x7fffffff
core   0: 0x80003b90 (0x350ba617) auipc   a2, 0x350ba
core   0: 3 0x80003b90 (0x350ba617) x12 0xb50bdb90
core   0: 0x80003b94 (0x41760fb3) sub     t6, a2, s7
core   0: 3 0x80003b94 (0x41760fb3) x31 0x350bdb91
core   0: 0x80003b98 (0x5f3a0317) auipc   t1, 0x5f3a0
core   0: 3 0x80003b98 (0x5f3a0317) x 6 0xdf3a3b98
core   0: 0x80003b9c (0x768f5f37) lui     t5, 0x768f5
core   0: 3 0x80003b9c (0x768f5f37) x30 0x768f5000
core   0: 0x80003ba0 (0x41ff0bb3) sub     s7, t5, t6
core   0: 3 0x80003ba0 (0x41ff0bb3) x23 0x4183746f
core   0: 0x80003ba4 (0x00000013) nop
core   0: 3 0x80003ba4 (0x00000013)
core   0: 0x80003ba8 (0x00000013) nop
core   0: 3 0x80003ba8 (0x00000013)
core   0: 0x80003bac (0x0128dd13) srli    s10, a7, 18
core   0: 3 0x80003bac (0x0128dd13) x26 0x00002000
core   0: 0x80003bb0 (0x01779a33) sll     s4, a5, s7
core   0: 3 0x80003bb0 (0x01779a33) x20 0x00000000
core   0: 0x80003bb4 (0xa656c793) xori    a5, a3, -1435
core   0: 3 0x80003bb4 (0xa656c793) x15 0xfffffa65
core   0: 0x80003bb8 (0x0133a7b3) slt     a5, t2, s3
core   0: 3 0x80003bb8 (0x0133a7b3) x15 0x00000001
core   0: 0x80003bbc (0x41778233) sub     tp, a5, s7
core   0: 3 0x80003bbc (0x41778233) x 4 0xbe7c8b92
core   0: 0x80003bc0 (0x4016d593) srai    a1, a3, 1
core   0: 3 0x80003bc0 (0x4016d593) x11 0x00000000
core   0: 0x80003bc4 (0x8b718617) auipc   a2, 0x8b718
core   0: 3 0x80003bc4 (0x8b718617) x12 0x0b71bbc4
core   0: 0x80003bc8 (0x2b953cb7) lui     s9, 0x2b953
core   0: 3 0x80003bc8 (0x2b953cb7) x25 0x2b953000
core   0: 0x80003bcc (0x01e5ea33) or      s4, a1, t5
core   0: 3 0x80003bcc (0x01e5ea33) x20 0x768f5000
core   0: 0x80003bd0 (0x00000013) nop
core   0: 3 0x80003bd0 (0x00000013)
core   0: 0x80003bd4 (0x01da29b3) slt     s3, s4, t4
core   0: 3 0x80003bd4 (0x01da29b3) x19 0x00000000
core   0: 0x80003bd8 (0x41fe0433) sub     s0, t3, t6
core   0: 3 0x80003bd8 (0x41fe0433) x 8 0x17c2fe77
core   0: 0x80003bdc (0xe7dc0693) addi    a3, s8, -387
core   0: 3 0x80003bdc (0xe7dc0693) x13 0x7ffffe7d
core   0: 0x80003be0 (0x002dd693) srli    a3, s11, 2
core   0: 3 0x80003be0 (0x002dd693) x13 0x00000000
core   0: 0x80003be4 (0x9d1f2bb7) lui     s7, 0x9d1f2
core   0: 3 0x80003be4 (0x9d1f2bb7) x23 0x9d1f2000
core   0: 0x80003be8 (0xec8de793) ori     a5, s11, -312
core   0: 3 0x80003be8 (0xec8de793) x15 0xfffffec9
core   0: 0x80003bec (0x0038af33) slt     t5, a7, gp
core   0: 3 0x80003bec (0x0038af33) x30 0x00000001
core   0: 0x80003bf0 (0x417d5a93) srai    s5, s10, 23
core   0: 3 0x80003bf0 (0x417d5a93) x21 0x00000000
core   0: 0x80003bf4 (0x0126f2b3) and     t0, a3, s2
core   0: 3 0x80003bf4 (0x0126f2b3) x 5 0x00000000
core   0: 0x80003bf8 (0x40a55113) srai    sp, a0, 10
core   0: 3 0x80003bf8 (0x40a55113) x 2 0xffe91353
core   0: 0x80003bfc (0x415edd33) sra     s10, t4, s5
core   0: 3 0x80003bfc (0x415edd33) x26 0x00000000
core   0: 0x80003c00 (0x01ace2b3) or      t0, s9, s10
core   0: 3 0x80003c00 (0x01ace2b3) x 5 0x2b953000
core   0: 0x80003c04 (0x00f220b3) slt     ra, tp, a5
core   0: 3 0x80003c04 (0x00f220b3) x 1 0x00000001
core   0: 0x80003c08 (0x00289693) slli    a3, a7, 2
core   0: 3 0x80003c08 (0x00289693) x13 0x00047990
core   0: 0x80003c0c (0x0089d793) srli    a5, s3, 8
core   0: 3 0x80003c0c (0x0089d793) x15 0x00000000
core   0: 0x80003c10 (0x00f14eb3) xor     t4, sp, a5
core   0: 3 0x80003c10 (0x00f14eb3) x29 0xffe91353
core   0: 0x80003c14 (0x016c9313) slli    t1, s9, 22
core   0: 3 0x80003c14 (0x016c9313) x 6 0x00000000
core   0: 0x80003c18 (0x00000013) nop
core   0: 3 0x80003c18 (0x00000013)
core   0: 0x80003c1c (0x40595793) srai    a5, s2, 5
core   0: 3 0x80003c1c (0x40595793) x15 0x026676d0
core   0: 0x80003c20 (0x72cb1d97) auipc   s11, 0x72cb1
core   0: 3 0x80003c20 (0x72cb1d97) x27 0xf2cb4c20
core   0: 0x80003c24 (0x408d01b3) sub     gp, s10, s0
core   0: 3 0x80003c24 (0x408d01b3) x 3 0xe83d0189
core   0: 0x80003c28 (0xae27c713) xori    a4, a5, -1310
core   0: 3 0x80003c28 (0xae27c713) x14 0xfd998c32
core   0: 0x80003c2c (0xff1f3293) sltiu   t0, t5, -15
core   0: 3 0x80003c2c (0xff1f3293) x 5 0x00000001
core   0: 0x80003c30 (0x01a2ffb3) and     t6, t0, s10
core   0: 3 0x80003c30 (0x01a2ffb3) x31 0x00000000
core   0: 0x80003c34 (0x01ea1cb3) sll     s9, s4, t5
core   0: 3 0x80003c34 (0x01ea1cb3) x25 0xed1ea000
core   0: 0x80003c38 (0x00000013) nop
core   0: 3 0x80003c38 (0x00000013)
core   0: 0x80003c3c (0x1d38c493) xori    s1, a7, 467
core   0: 3 0x80003c3c (0x1d38c493) x 9 0x80011fb7
core   0: 0x80003c40 (0x0120ae33) slt     t3, ra, s2
core   0: 3 0x80003c40 (0x0120ae33) x28 0x00000001
core   0: 0x80003c44 (0x008174b3) and     s1, sp, s0
core   0: 3 0x80003c44 (0x008174b3) x 9 0x17c01253
core   0: 0x80003c48 (0x019dfbb3) and     s7, s11, s9
core   0: 3 0x80003c48 (0x019dfbb3) x23 0xe00a0000
core   0: 0x80003c4c (0x00509a33) sll     s4, ra, t0
core   0: 3 0x80003c4c (0x00509a33) x20 0x00000002
core   0: 0x80003c50 (0x42fee213) ori     tp, t4, 1071
core   0: 3 0x80003c50 (0x42fee213) x 4 0xffe9177f
core   0: 0x80003c54 (0x40bbd9b3) sra     s3, s7, a1
core   0: 3 0x80003c54 (0x40bbd9b3) x19 0xe00a0000
core   0: 0x80003c58 (0xab866613) ori     a2, a2, -1352
core   0: 3 0x80003c58 (0xab866613) x12 0xfffffbfc
core   0: 0x80003c5c (0x00623fb3) sltu    t6, tp, t1
core   0: 3 0x80003c5c (0x00623fb3) x31 0x00000000
core   0: 0x80003c60 (0xe02baf13) slti    t5, s7, -510
core   0: 3 0x80003c60 (0xe02baf13) x30 0x00000001
core   0: 0x80003c64 (0x0131a133) slt     sp, gp, s3
core   0: 3 0x80003c64 (0x0131a133) x 2 0x00000000
core   0: 0x80003c68 (0x00000013) nop
core   0: 3 0x80003c68 (0x00000013)
core   0: 0x80003c6c (0x00000013) nop
core   0: 3 0x80003c6c (0x00000013)
core   0: 0x80003c70 (0x32fcab93) slti    s7, s9, 815
core   0: 3 0x80003c70 (0x32fcab93) x23 0x00000001
core   0: 0x80003c74 (0x84138993) addi    s3, t2, -1983
core   0: 3 0x80003c74 (0x84138993) x19 0x80015525
core   0: 0x80003c78 (0x008c9593) slli    a1, s9, 8
core   0: 3 0x80003c78 (0x008c9593) x11 0x1ea00000
core   0: 0x80003c7c (0x80000737) lui     a4, 0x80000
core   0: 3 0x80003c7c (0x80000737) x14 0x80000000
core   0: 0x80003c80 (0x7f003e37) lui     t3, 0x7f003
core   0: 3 0x80003c80 (0x7f003e37) x28 0x7f003000
core   0: 0x80003c84 (0x0d3e0e13) addi    t3, t3, 211
core   0: 3 0x80003c84 (0x0d3e0e13) x28 0x7f0030d3
core   0: 0x80003c88 (0x80000d37) lui     s10, 0x80000
core   0: 3 0x80003c88 (0x80000d37) x26 0x80000000
core   0: 0x80003c8c (0x00000193) li      gp, 0
core   0: 3 0x80003c8c (0x00000193) x 3 0x00000000
core   0: 0x80003c90 (0x468ee137) lui     sp, 0x468ee
core   0: 3 0x80003c90 (0x468ee137) x 2 0x468ee000
core   0: 0x80003c94 (0x3d010113) addi    sp, sp, 976
core   0: 3 0x80003c94 (0x3d010113) x 2 0x468ee3d0
core   0: 0x80003c98 (0xfff00793) li      a5, -1
core   0: 3 0x80003c98 (0xfff00793) x15 0xffffffff
core   0: 0x80003c9c (0xfff00613) li      a2, -1
core   0: 3 0x80003c9c (0xfff00613) x12 0xffffffff
core   0: 0x80003ca0 (0x00000f13) li      t5, 0
core   0: 3 0x80003ca0 (0x00000f13) x30 0x00000000
core   0: 0x80003ca4 (0x00000993) li      s3, 0
core   0: 3 0x80003ca4 (0x00000993) x19 0x00000000
core   0: 0x80003ca8 (0xfff00d93) li      s11, -1
core   0: 3 0x80003ca8 (0xfff00d93) x27 0xffffffff
core   0: 0x80003cac (0x00000013) nop
core   0: 3 0x80003cac (0x00000013)
core   0: 0x80003cb0 (0xe2dffdb7) lui     s11, 0xe2dff
core   0: 3 0x80003cb0 (0xe2dffdb7) x27 0xe2dff000
core   0: 0x80003cb4 (0x00000013) nop
core   0: 3 0x80003cb4 (0x00000013)
core   0: 0x80003cb8 (0x85af3117) auipc   sp, 0x85af3
core   0: 3 0x80003cb8 (0x85af3117) x 2 0x05af6cb8
core   0: 0x80003cbc (0x02f60113) addi    sp, a2, 47
core   0: 3 0x80003cbc (0x02f60113) x 2 0x0000002e
core   0: 0x80003cc0 (0x51632f37) lui     t5, 0x51632
core   0: 3 0x80003cc0 (0x51632f37) x30 0x51632000
core   0: 0x80003cc4 (0x3e5951b7) lui     gp, 0x3e595
core   0: 3 0x80003cc4 (0x3e5951b7) x 3 0x3e595000
core   0: 0x80003cc8 (0x41370e33) sub     t3, a4, s3
core   0: 3 0x80003cc8 (0x41370e33) x28 0x80000000
core   0: 0x80003ccc (0xcd501f17) auipc   t5, 0xcd501
core   0: 3 0x80003ccc (0xcd501f17) x30 0x4d504ccc
core   0: 0x80003cd0 (0x01a107b3) add     a5, sp, s10
core   0: 3 0x80003cd0 (0x01a107b3) x15 0x8000002e
core   0: 0x80003cd4 (0x003e09b3) add     s3, t3, gp
core   0: 3 0x80003cd4 (0x003e09b3) x19 0xbe595000
core   0: 0x80003cd8 (0x297e5617) auipc   a2, 0x297e5
core   0: 3 0x80003cd8 (0x297e5617) x12 0xa97e8cd8
core   0: 0x80003cdc (0x00c10633) add     a2, sp, a2
core   0: 3 0x80003cdc (0x00c10633) x12 0xa97e8d06
core   0: 0x80003ce0 (0x002187b3) add     a5, gp, sp
core   0: 3 0x80003ce0 (0x002187b3) x15 0x3e59502e
core   0: 0x80003ce4 (0x9b671d17) auipc   s10, 0x9b671
core   0: 3 0x80003ce4 (0x9b671d17) x26 0x1b674ce4
core   0: 0x80003ce8 (0xf38d8d93) addi    s11, s11, -200
core   0: 3 0x80003ce8 (0xf38d8d93) x27 0xe2dfef38
core   0: 0x80003cec (0xf9f209b7) lui     s3, 0xf9f20
core   0: 3 0x80003cec (0xf9f209b7) x19 0xf9f20000
core   0: 0x80003cf0 (0xb069c1b7) lui     gp, 0xb069c
core   0: 3 0x80003cf0 (0xb069c1b7) x 3 0xb069c000
core   0: 0x80003cf4 (0x03678613) addi    a2, a5, 54
core   0: 3 0x80003cf4 (0x03678613) x12 0x3e595064
core   0: 0x80003cf8 (0x2d0f0193) addi    gp, t5, 720
core   0: 3 0x80003cf8 (0x2d0f0193) x 3 0x4d504f9c
core   0: 0x80003cfc (0x00000013) nop
core   0: 3 0x80003cfc (0x00000013)
core   0: 0x80003d00 (0x40ff0e33) sub     t3, t5, a5
core   0: 3 0x80003d00 (0x40ff0e33) x28 0x0ef6fc9e
core   0: 0x80003d04 (0x5a712f37) lui     t5, 0x5a712
core   0: 3 0x80003d04 (0x5a712f37) x30 0x5a712000
core   0: 0x80003d08 (0x01378e33) add     t3, a5, s3
core   0: 3 0x80003d08 (0x01378e33) x28 0x384b502e
core   0: 0x80003d0c (0x00000013) nop
core   0: 3 0x80003d0c (0x00000013)
core   0: 0x80003d10 (0x49987717) auipc   a4, 0x49987
core   0: 3 0x80003d10 (0x49987717) x14 0xc998ad10
core   0: 0x80003d14 (0x10c18793) addi    a5, gp, 268
core   0: 3 0x80003d14 (0x10c18793) x15 0x4d5050a8
core   0: 0x80003d18 (0x061fa137) lui     sp, 0x61fa
core   0: 3 0x80003d18 (0x061fa137) x 2 0x061fa000
core   0: 0x80003d1c (0x79c4e413) ori     s0, s1, 1948
core   0: 3 0x80003d1c (0x79c4e413) x 8 0x17c017df
core   0: 0x80003d20 (0x41fbd533) sra     a0, s7, t6
core   0: 3 0x80003d20 (0x41fbd533) x10 0x00000001
core   0: 0x80003d24 (0x003a9933) sll     s2, s5, gp
core   0: 3 0x80003d24 (0x003a9933) x18 0x00000000
core   0: 0x80003d28 (0x9d5be513) ori     a0, s7, -1579
core   0: 3 0x80003d28 (0x9d5be513) x10 0xfffff9d5
core   0: 0x80003d2c (0x00dae333) or      t1, s5, a3
core   0: 3 0x80003d2c (0x00dae333) x 6 0x00047990
core   0: 0x80003d30 (0x33c18c93) addi    s9, gp, 828
core   0: 3 0x80003d30 (0x33c18c93) x25 0x4d5052d8
core   0: 0x80003d34 (0x707d6493) ori     s1, s10, 1799
core   0: 3 0x80003d34 (0x707d6493) x 9 0x1b674fe7
core   0: 0x80003d38 (0x6c8787b7) lui     a5, 0x6c878
core   0: 3 0x80003d38 (0x6c8787b7) x15 0x6c878000
core   0: 0x80003d3c (0x40295713) srai    a4, s2, 2
core   0: 3 0x80003d3c (0x40295713) x14 0x00000000
core   0: 0x80003d40 (0x59b1ef13) ori     t5, gp, 1435
core   0: 3 0x80003d40 (0x59b1ef13) x30 0x4d504f9f
core   0: 0x80003d44 (0x0006c2b3) xor     t0, a3, zero
core   0: 3 0x80003d44 (0x0006c2b3) x 5 0x00047990
core   0: 0x80003d48 (0x06833913) sltiu   s2, t1, 104
core   0: 3 0x80003d48 (0x06833913) x18 0x00000000
core   0: 0x80003d4c (0x01824c33) xor     s8, tp, s8
core   0: 3 0x80003d4c (0x01824c33) x24 0x7fe9177f
core   0: 0x80003d50 (0x0117b4b3) sltu    s1, a5, a7
core   0: 3 0x80003d50 (0x0117b4b3) x 9 0x00000001
core   0: 0x80003d54 (0x01e75333) srl     t1, a4, t5
core   0: 3 0x80003d54 (0x01e75333) x 6 0x00000000
core   0: 0x80003d58 (0x01e0d5b3) srl     a1, ra, t5
core   0: 3 0x80003d58 (0x01e0d5b3) x11 0x00000000
core   0: 0x80003d5c (0x00631f13) slli    t5, t1, 6
core   0: 3 0x80003d5c (0x00631f13) x30 0x00000000
core   0: 0x80003d60 (0x017a1733) sll     a4, s4, s7
core   0: 3 0x80003d60 (0x017a1733) x14 0x00000004
core   0: 0x80003d64 (0x2742c937) lui     s2, 0x2742c
core   0: 3 0x80003d64 (0x2742c937) x18 0x2742c000
core   0: 0x80003d68 (0x9c974193) xori    gp, a4, -1591
core   0: 3 0x80003d68 (0x9c974193) x 3 0xfffff9cd
core   0: 0x80003d6c (0x00e29093) slli    ra, t0, 14
core   0: 3 0x80003d6c (0x00e29093) x 1 0x1e640000
core   0: 0x80003d70 (0x0007a7b3) slt     a5, a5, zero
core   0: 3 0x80003d70 (0x0007a7b3) x15 0x00000000
core   0: 0x80003d74 (0x06992f13) slti    t5, s2, 105
core   0: 3 0x80003d74 (0x06992f13) x30 0x00000000
core   0: 0x80003d78 (0x40105d33) sra     s10, zero, ra
core   0: 3 0x80003d78 (0x40105d33) x26 0x00000000
core   0: 0x80003d7c (0x13a96193) ori     gp, s2, 314
core   0: 3 0x80003d7c (0x13a96193) x 3 0x2742c13a
core   0: 0x80003d80 (0x01671593) slli    a1, a4, 22
core   0: 3 0x80003d80 (0x01671593) x11 0x01000000
core   0: 0x80003d84 (0x01f195b3) sll     a1, gp, t6
core   0: 3 0x80003d84 (0x01f195b3) x11 0x2742c13a
core   0: 0x80003d88 (0x019d15b3) sll     a1, s10, s9
core   0: 3 0x80003d88 (0x019d15b3) x11 0x00000000
core   0: 0x80003d8c (0xb3744793) xori    a5, s0, -1225
core   0: 3 0x80003d8c (0xb3744793) x15 0xe83fece8
core   0: 0x80003d90 (0x011d0cb3) add     s9, s10, a7
core   0: 3 0x80003d90 (0x011d0cb3) x25 0x80011e64
core   0: 0x80003d94 (0x01839093) slli    ra, t2, 24
core   0: 3 0x80003d94 (0x01839093) x 1 0xe4000000
core   0: 0x80003d98 (0x01ca02b3) add     t0, s4, t3
core   0: 3 0x80003d98 (0x01ca02b3) x 5 0x384b5030
core   0: 0x80003d9c (0x88343c13) sltiu   s8, s0, -1917
core   0: 3 0x80003d9c (0x88343c13) x24 0x00000001
core   0: 0x80003da0 (0x06a4e113) ori     sp, s1, 106
core   0: 3 0x80003da0 (0x06a4e113) x 2 0x0000006b
core   0: 0x80003da4 (0x0180dd13) srli    s10, ra, 24
core   0: 3 0x80003da4 (0x0180dd13) x26 0x000000e4
core   0: 0x80003da8 (0x009e74b3) and     s1, t3, s1
core   0: 3 0x80003da8 (0x009e74b3) x 9 0x00000000
core   0: 0x80003dac (0x407c85b3) sub     a1, s9, t2
core   0: 3 0x80003dac (0x407c85b3) x11 0xffffc180
core   0: 0x80003db0 (0x7a3bcbb7) lui     s7, 0x7a3bc
core   0: 3 0x80003db0 (0x7a3bcbb7) x23 0x7a3bc000
core   0: 0x80003db4 (0x01dabe33) sltu    t3, s5, t4
core   0: 3 0x80003db4 (0x01dabe33) x28 0x00000001
core   0: 0x80003db8 (0x018e0c33) add     s8, t3, s8
core   0: 3 0x80003db8 (0x018e0c33) x24 0x00000002
core   0: 0x80003dbc (0x4ab8f493) andi    s1, a7, 1195
core   0: 3 0x80003dbc (0x4ab8f493) x 9 0x00000420
core   0: 0x80003dc0 (0xe6c3a113) slti    sp, t2, -404
core   0: 3 0x80003dc0 (0xe6c3a113) x 2 0x00000001
core   0: 0x80003dc4 (0x00000013) nop
core   0: 3 0x80003dc4 (0x00000013)
core   0: 0x80003dc8 (0xd829a613) slti    a2, s3, -638
core   0: 3 0x80003dc8 (0xd829a613) x12 0x00000001
core   0: 0x80003dcc (0x0003f233) and     tp, t2, zero
core   0: 3 0x80003dcc (0x0003f233) x 4 0x00000000
core   0: 0x80003dd0 (0x41ba5d93) srai    s11, s4, 27
core   0: 3 0x80003dd0 (0x41ba5d93) x27 0x00000000
core   0: 0x80003dd4 (0x6a19d6b7) lui     a3, 0x6a19d
core   0: 3 0x80003dd4 (0x6a19d6b7) x13 0x6a19d000
core   0: 0x80003dd8 (0x00000013) nop
core   0: 3 0x80003dd8 (0x00000013)
core   0: 0x80003ddc (0x5323bd93) sltiu   s11, t2, 1330
core   0: 3 0x80003ddc (0x5323bd93) x27 0x00000000
core   0: 0x80003de0 (0x4109d333) sra     t1, s3, a6
core   0: 3 0x80003de0 (0x4109d333) x 6 0xf9f20000
core   0: 0x80003de4 (0xcac28a93) addi    s5, t0, -852
core   0: 3 0x80003de4 (0xcac28a93) x21 0x384b4cdc
core   0: 0x80003de8 (0x41765833) sra     a6, a2, s7
core   0: 3 0x80003de8 (0x41765833) x16 0x00000001
core   0: 0x80003dec (0x01d01613) slli    a2, zero, 29
core   0: 3 0x80003dec (0x01d01613) x12 0x00000000
core   0: 0x80003df0 (0x9b8c2b93) slti    s7, s8, -1608
core   0: 3 0x80003df0 (0x9b8c2b93) x23 0x00000000
core   0: 0x80003df4 (0x00a45093) srli    ra, s0, 10
core   0: 3 0x80003df4 (0x00a45093) x 1 0x0005f005
core   0: 0x80003df8 (0x00000013) nop
core   0: 3 0x80003df8 (0x00000013)
core   0: 0x80003dfc (0xb45b9017) auipc   zero, 0xb45b9
core   0: 3 0x80003dfc (0xb45b9017)
core   0: 0x80003e00 (0x8395be13) sltiu   t3, a1, -1991
core   0: 3 0x80003e00 (0x8395be13) x28 0x00000001
core   0: 0x80003e04 (0x01118a33) add     s4, gp, a7
core   0: 3 0x80003e04 (0x01118a33) x20 0xa743df9e
core   0: 0x80003e08 (0x413ddc93) srai    s9, s11, 19
core   0: 3 0x80003e08 (0x413ddc93) x25 0x00000000
core   0: 0x80003e0c (0x9b84ea17) auipc   s4, 0x9b84e
core   0: 3 0x80003e0c (0x9b84ea17) x20 0x1b851e0c
core   0: 0x80003e10 (0x001c2bb3) slt     s7, s8, ra
core   0: 3 0x80003e10 (0x001c2bb3) x23 0x00000001
core   0: 0x80003e14 (0x40d1df13) srai    t5, gp, 13
core   0: 3 0x80003e14 (0x40d1df13) x30 0x00013a16
core   0: 0x80003e18 (0xa7116d13) ori     s10, sp, -1423
core   0: 3 0x80003e18 (0xa7116d13) x26 0xfffffa71
core   0: 0x80003e1c (0x000a57b3) srl     a5, s4, zero
core   0: 3 0x80003e1c (0x000a57b3) x15 0x1b851e0c
core   0: 0x80003e20 (0x8ced7f93) andi    t6, s10, -1842
core   0: 3 0x80003e20 (0x8ced7f93) x31 0xfffff840
core   0: 0x80003e24 (0x0050d613) srli    a2, ra, 5
core   0: 3 0x80003e24 (0x0050d613) x12 0x00002f80
core   0: 0x80003e28 (0x0da96a93) ori     s5, s2, 218
core   0: 3 0x80003e28 (0x0da96a93) x21 0x2742c0da
core   0: 0x80003e2c (0x00d39ab3) sll     s5, t2, a3
core   0: 3 0x80003e2c (0x00d39ab3) x21 0x80015ce4
core   0: 0x80003e30 (0x01dfe4b3) or      s1, t6, t4
core   0: 3 0x80003e30 (0x01dfe4b3) x 9 0xfffffb53
core   0: 0x80003e34 (0x00000013) nop
core   0: 3 0x80003e34 (0x00000013)
core   0: 0x80003e38 (0x40f15093) srai    ra, sp, 15
core   0: 3 0x80003e38 (0x40f15093) x 1 0x00000000
core   0: 0x80003e3c (0x01f31113) slli    sp, t1, 31
core   0: 3 0x80003e3c (0x01f31113) x 2 0x00000000
core   0: 0x80003e40 (0x00ac3233) sltu    tp, s8, a0
core   0: 3 0x80003e40 (0x00ac3233) x 4 0x00000001
core   0: 0x80003e44 (0x00000013) nop
core   0: 3 0x80003e44 (0x00000013)
core   0: 0x80003e48 (0xb651f993) andi    s3, gp, -1179
core   0: 3 0x80003e48 (0xb651f993) x19 0x2742c120
core   0: 0x80003e4c (0xabd1a513) slti    a0, gp, -1347
core   0: 3 0x80003e4c (0xabd1a513) x10 0x00000000
core   0: 0x80003e50 (0x52257637) lui     a2, 0x52257
core   0: 3 0x80003e50 (0x52257637) x12 0x52257000
core   0: 0x80003e54 (0x0013abb3) slt     s7, t2, ra
core   0: 3 0x80003e54 (0x0013abb3) x23 0x00000001
core   0: 0x80003e58 (0x0188de13) srli    t3, a7, 24
core   0: 3 0x80003e58 (0x0188de13) x28 0x00000080
core   0: 0x80003e5c (0x00e6f5b3) and     a1, a3, a4
core   0: 3 0x80003e5c (0x00e6f5b3) x11 0x00000000
core   0: 0x80003e60 (0x01b67133) and     sp, a2, s11
core   0: 3 0x80003e60 (0x01b67133) x 2 0x00000000
core   0: 0x80003e64 (0x005f37b3) sltu    a5, t5, t0
core   0: 3 0x80003e64 (0x005f37b3) x15 0x00000001
core   0: 0x80003e68 (0x190c2d13) slti    s10, s8, 400
core   0: 3 0x80003e68 (0x190c2d13) x26 0x00000001
core   0: 0x80003e6c (0xe71a2013) slti    zero, s4, -399
core   0: 3 0x80003e6c (0xe71a2013)
core   0: 0x80003e70 (0x01365613) srli    a2, a2, 19
core   0: 3 0x80003e70 (0x01365613) x12 0x00000a44
core   0: 0x80003e74 (0x00397ab3) and     s5, s2, gp
core   0: 3 0x80003e74 (0x00397ab3) x21 0x2742c000
core   0: 0x80003e78 (0x40685a13) srai    s4, a6, 6
core   0: 3 0x80003e78 (0x40685a13) x20 0x00000000
core   0: 0x80003e7c (0x41d552b3) sra     t0, a0, t4
core   0: 3 0x80003e7c (0x41d552b3) x 5 0x00000000
core   0: 0x80003e80 (0x019781b3) add     gp, a5, s9
core   0: 3 0x80003e80 (0x019781b3) x 3 0x00000001
core   0: 0x80003e84 (0x0143b233) sltu    tp, t2, s4
core   0: 3 0x80003e84 (0x0143b233) x 4 0x00000000
core   0: 0x80003e88 (0x7385e193) ori     gp, a1, 1848
core   0: 3 0x80003e88 (0x7385e193) x 3 0x00000738
core   0: 0x80003e8c (0x40070533) sub     a0, a4, zero
core   0: 3 0x80003e8c (0x40070533) x10 0x00000004
core   0: 0x80003e90 (0x000adbb3) srl     s7, s5, zero
core   0: 3 0x80003e90 (0x000adbb3) x23 0x2742c000
core   0: 0x80003e94 (0x008cb4b3) sltu    s1, s9, s0
core   0: 3 0x80003e94 (0x008cb4b3) x 9 0x00000001
core   0: 0x80003e98 (0x01f33a33) sltu    s4, t1, t6
core   0: 3 0x80003e98 (0x01f33a33) x20 0x00000001
core   0: 0x80003e9c (0x01372c37) lui     s8, 0x1372
core   0: 3 0x80003e9c (0x01372c37) x24 0x01372000
core   0: 0x80003ea0 (0x41485c33) sra     s8, a6, s4
core   0: 3 0x80003ea0 (0x41485c33) x24 0x00000000
core   0: 0x80003ea4 (0x00ff2933) slt     s2, t5, a5
core   0: 3 0x80003ea4 (0x00ff2933) x18 0x00000000
core   0: 0x80003ea8 (0xb07c60b7) lui     ra, 0xb07c6
core   0: 3 0x80003ea8 (0xb07c60b7) x 1 0xb07c6000
core   0: 0x80003eac (0x5f3e7a13) andi    s4, t3, 1523
core   0: 3 0x80003eac (0x5f3e7a13) x20 0x00000080
core   0: 0x80003eb0 (0x3a890db7) lui     s11, 0x3a890
core   0: 3 0x80003eb0 (0x3a890db7) x27 0x3a890000
core   0: 0x80003eb4 (0x012e5293) srli    t0, t3, 18
core   0: 3 0x80003eb4 (0x012e5293) x 5 0x00000000
core   0: 0x80003eb8 (0x00ce3833) sltu    a6, t3, a2
core   0: 3 0x80003eb8 (0x00ce3833) x16 0x00000001
core   0: 0x80003ebc (0x0139cab3) xor     s5, s3, s3
core   0: 3 0x80003ebc (0x0139cab3) x21 0x00000000
core   0: 0x80003ec0 (0x002a05b3) add     a1, s4, sp
core   0: 3 0x80003ec0 (0x002a05b3) x11 0x00000080
core   0: 0x80003ec4 (0x01fbd413) srli    s0, s7, 31
core   0: 3 0x80003ec4 (0x01fbd413) x 8 0x00000000
core   0: 0x80003ec8 (0x40e65333) sra     t1, a2, a4
core   0: 3 0x80003ec8 (0x40e65333) x 6 0x000000a4
core   0: 0x80003ecc (0x0099dd93) srli    s11, s3, 9
core   0: 3 0x80003ecc (0x0099dd93) x27 0x0013a160
core   0: 0x80003ed0 (0x9452e513) ori     a0, t0, -1723
core   0: 3 0x80003ed0 (0x9452e513) x10 0xfffff945
core   0: 0x80003ed4 (0x004b74b3) and     s1, s6, tp
core   0: 3 0x80003ed4 (0x004b74b3) x 9 0x00000000
core   0: 0x80003ed8 (0xf7b68193) addi    gp, a3, -133
core   0: 3 0x80003ed8 (0xf7b68193) x 3 0x6a19cf7b
core   0: 0x80003edc (0x00985d93) srli    s11, a6, 9
core   0: 3 0x80003edc (0x00985d93) x27 0x00000000
core   0: 0x80003ee0 (0xf9394813) xori    a6, s2, -109
core   0: 3 0x80003ee0 (0xf9394813) x16 0xffffff93
core   0: 0x80003ee4 (0x41495813) srai    a6, s2, 20
core   0: 3 0x80003ee4 (0x41495813) x16 0x00000000
core   0: 0x80003ee8 (0x01a68333) add     t1, a3, s10
core   0: 3 0x80003ee8 (0x01a68333) x 6 0x6a19d001
core   0: 0x80003eec (0x013b31b3) sltu    gp, s6, s3
core   0: 3 0x80003eec (0x013b31b3) x 3 0x00000000
core   0: 0x80003ef0 (0xe9b9c193) xori    gp, s3, -357
core   0: 3 0x80003ef0 (0xe9b9c193) x 3 0xd8bd3fbb
core   0: 0x80003ef4 (0x0bbd4493) xori    s1, s10, 187
core   0: 3 0x80003ef4 (0x0bbd4493) x 9 0x000000ba
core   0: 0x80003ef8 (0x008a1cb3) sll     s9, s4, s0
core   0: 3 0x80003ef8 (0x008a1cb3) x25 0x00000080
core   0: 0x80003efc (0x786b6e93) ori     t4, s6, 1926
core   0: 3 0x80003efc (0x786b6e93) x29 0xe88397e7
core   0: 0x80003f00 (0x00dad033) srl     zero, s5, a3
core   0: 3 0x80003f00 (0x00dad033)
core   0: 0x80003f04 (0x01d7f633) and     a2, a5, t4
core   0: 3 0x80003f04 (0x01d7f633) x12 0x00000001
core   0: 0x80003f08 (0x006eefb3) or      t6, t4, t1
core   0: 3 0x80003f08 (0x006eefb3) x31 0xea9bd7e7
core   0: 0x80003f0c (0x41a2d193) srai    gp, t0, 26
core   0: 3 0x80003f0c (0x41a2d193) x 3 0x00000000
core   0: 0x80003f10 (0x00fa21b3) slt     gp, s4, a5
core   0: 3 0x80003f10 (0x00fa21b3) x 3 0x00000000
core   0: 0x80003f14 (0x00b6b533) sltu    a0, a3, a1
core   0: 3 0x80003f14 (0x00b6b533) x10 0x00000000
core   0: 0x80003f18 (0x01b075b3) and     a1, zero, s11
core   0: 3 0x80003f18 (0x01b075b3) x11 0x00000000
core   0: 0x80003f1c (0x414700b3) sub     ra, a4, s4
core   0: 3 0x80003f1c (0x414700b3) x 1 0xffffff84
core   0: 0x80003f20 (0x40d10333) sub     t1, sp, a3
core   0: 3 0x80003f20 (0x40d10333) x 6 0x95e63000
core   0: 0x80003f24 (0x0058c9b3) xor     s3, a7, t0
core   0: 3 0x80003f24 (0x0058c9b3) x19 0x80011e64
core   0: 0x80003f28 (0x00e689b3) add     s3, a3, a4
core   0: 3 0x80003f28 (0x00e689b3) x19 0x6a19d004
core   0: 0x80003f2c (0x0050e833) or      a6, ra, t0
core   0: 3 0x80003f2c (0x0050e833) x16 0xffffff84
core   0: 0x80003f30 (0x01601793) slli    a5, zero, 22
core   0: 3 0x80003f30 (0x01601793) x15 0x00000000
core   0: 0x80003f34 (0x0103dab3) srl     s5, t2, a6
core   0: 3 0x80003f34 (0x0103dab3) x21 0x080015ce
core   0: 0x80003f38 (0x018294b3) sll     s1, t0, s8
core   0: 3 0x80003f38 (0x018294b3) x 9 0x00000000
core   0: 0x80003f3c (0x543cce17) auipc   t3, 0x543cc
core   0: 3 0x80003f3c (0x543cce17) x28 0xd43cff3c
core   0: 0x80003f40 (0x22758713) addi    a4, a1, 551
core   0: 3 0x80003f40 (0x22758713) x14 0x00000227
core   0: 0x80003f44 (0x88726317) auipc   t1, 0x88726
core   0: 3 0x80003f44 (0x88726317) x 6 0x08729f44
core   0: 0x80003f48 (0x0195d533) srl     a0, a1, s9
core   0: 3 0x80003f48 (0x0195d533) x10 0x00000000
core   0: 0x80003f4c (0x013fafb3) slt     t6, t6, s3
core   0: 3 0x80003f4c (0x013fafb3) x31 0x00000001
core   0: 0x80003f50 (0x00b1bdb3) sltu    s11, gp, a1
core   0: 3 0x80003f50 (0x00b1bdb3) x27 0x00000000
core   0: 0x80003f54 (0x757d4a13) xori    s4, s10, 1879
core   0: 3 0x80003f54 (0x757d4a13) x20 0x00000756
core   0: 0x80003f58 (0x4111da13) srai    s4, gp, 17
core   0: 3 0x80003f58 (0x4111da13) x20 0x00000000
core   0: 0x80003f5c (0x00a96833) or      a6, s2, a0
core   0: 3 0x80003f5c (0x00a96833) x16 0x00000000
core   0: 0x80003f60 (0xfdee8617) auipc   a2, 0xfdee8
core   0: 3 0x80003f60 (0xfdee8617) x12 0x7deebf60
core   0: 0x80003f64 (0x1a9cd797) auipc   a5, 0x1a9cd
core   0: 3 0x80003f64 (0x1a9cd797) x15 0x9a9d0f64
core   0: 0x80003f68 (0x57f30613) addi    a2, t1, 1407
core   0: 3 0x80003f68 (0x57f30613) x12 0x0872a4c3
core   0: 0x80003f6c (0xf8373793) sltiu   a5, a4, -125
core   0: 3 0x80003f6c (0xf8373793) x15 0x00000001
core   0: 0x80003f70 (0xc11f3413) sltiu   s0, t5, -1007
core   0: 3 0x80003f70 (0xc11f3413) x 8 0x00000001
core   0: 0x80003f74 (0x074f8ab7) lui     s5, 0x74f8
core   0: 3 0x80003f74 (0x074f8ab7) x21 0x074f8000
core   0: 0x80003f78 (0x4060df33) sra     t5, ra, t1
core   0: 3 0x80003f78 (0x4060df33) x30 0xfffffff8
core   0: 0x80003f7c (0x015fa4b3) slt     s1, t6, s5
core   0: 3 0x80003f7c (0x015fa4b3) x 9 0x00000001
core   0: 0x80003f80 (0xb33e0313) addi    t1, t3, -1229
core   0: 3 0x80003f80 (0xb33e0313) x 6 0xd43cfa6f
core   0: 0x80003f84 (0x008fe6b3) or      a3, t6, s0
core   0: 3 0x80003f84 (0x008fe6b3) x13 0x00000001
core   0: 0x80003f88 (0x40dadd33) sra     s10, s5, a3
core   0: 3 0x80003f88 (0x40dadd33) x26 0x03a7c000
core   0: 0x80003f8c (0x0196c6b3) xor     a3, a3, s9
core   0: 3 0x80003f8c (0x0196c6b3) x13 0x00000081
core   0: 0x80003f90 (0x7f4bf593) andi    a1, s7, 2036
core   0: 3 0x80003f90 (0x7f4bf593) x11 0x00000000
core   0: 0x80003f94 (0x2ee56b93) ori     s7, a0, 750
core   0: 3 0x80003f94 (0x2ee56b93) x23 0x000002ee
core   0: 0x80003f98 (0x006209b3) add     s3, tp, t1
core   0: 3 0x80003f98 (0x006209b3) x19 0xd43cfa6f
core   0: 0x80003f9c (0x00babab3) sltu    s5, s5, a1
core   0: 3 0x80003f9c (0x00babab3) x21 0x00000000
core   0: 0x80003fa0 (0x01f18433) add     s0, gp, t6
core   0: 3 0x80003fa0 (0x01f18433) x 8 0x00000001
core   0: 0x80003fa4 (0x00516cb3) or      s9, sp, t0
core   0: 3 0x80003fa4 (0x00516cb3) x25 0x00000000
core   0: 0x80003fa8 (0x0129fdb3) and     s11, s3, s2
core   0: 3 0x80003fa8 (0x0129fdb3) x27 0x00000000
core   0: 0x80003fac (0x418b5b93) srai    s7, s6, 24
core   0: 3 0x80003fac (0x418b5b93) x23 0xffffffe8
core   0: 0x80003fb0 (0x0170d533) srl     a0, ra, s7
core   0: 3 0x80003fb0 (0x0170d533) x10 0x00ffffff
core   0: 0x80003fb4 (0xb1dfb213) sltiu   tp, t6, -1251
core   0: 3 0x80003fb4 (0xb1dfb213) x 4 0x00000001
core   0: 0x80003fb8 (0x40b352b3) sra     t0, t1, a1
core   0: 3 0x80003fb8 (0x40b352b3) x 5 0xd43cfa6f
core   0: 0x80003fbc (0x0159e6b3) or      a3, s3, s5
core   0: 3 0x80003fbc (0x0159e6b3) x13 0xd43cfa6f
core   0: 0x80003fc0 (0x08c04913) xori    s2, zero, 140
core   0: 3 0x80003fc0 (0x08c04913) x18 0x0000008c
core   0: 0x80003fc4 (0x777cd697) auipc   a3, 0x777cd
core   0: 3 0x80003fc4 (0x777cd697) x13 0xf77d0fc4
core   0: 0x80003fc8 (0x00fa2cb3) slt     s9, s4, a5
core   0: 3 0x80003fc8 (0x00fa2cb3) x25 0x00000001
core   0: 0x80003fcc (0x00c80cb3) add     s9, a6, a2
core   0: 3 0x80003fcc (0x00c80cb3) x25 0x0872a4c3
core   0: 0x80003fd0 (0x409ad293) srai    t0, s5, 9
core   0: 3 0x80003fd0 (0x409ad293) x 5 0x00000000
core   0: 0x80003fd4 (0x01532bb3) slt     s7, t1, s5
core   0: 3 0x80003fd4 (0x01532bb3) x23 0x00000001
core   0: 0x80003fd8 (0x005bf1b3) and     gp, s7, t0
core   0: 3 0x80003fd8 (0x005bf1b3) x 3 0x00000000
core   0: 0x80003fdc (0x606c0d13) addi    s10, s8, 1542
core   0: 3 0x80003fdc (0x606c0d13) x26 0x00000606
core   0: 0x80003fe0 (0x4167da13) srai    s4, a5, 22
core   0: 3 0x80003fe0 (0x4167da13) x20 0x00000000
core   0: 0x80003fe4 (0xd9b41e97) auipc   t4, 0xd9b41
core   0: 3 0x80003fe4 (0xd9b41e97) x29 0x59b44fe4
core   0: 0x80003fe8 (0x00388933) add     s2, a7, gp
core   0: 3 0x80003fe8 (0x00388933) x18 0x80011e64
core   0: 0x80003fec (0x00b21113) slli    sp, tp, 11
core   0: 3 0x80003fec (0x00b21113) x 2 0x00000800
core   0: 0x80003ff0 (0x01846ab3) or      s5, s0, s8
core   0: 3 0x80003ff0 (0x01846ab3) x21 0x00000001
core   0: 0x80003ff4 (0x00000013) nop
core   0: 3 0x80003ff4 (0x00000013)
core   0: 0x80003ff8 (0x40df0c33) sub     s8, t5, a3
core   0: 3 0x80003ff8 (0x40df0c33) x24 0x0882f034
core   0: 0x80003ffc (0x73692a93) slti    s5, s2, 1846
core   0: 3 0x80003ffc (0x73692a93) x21 0x00000001
core   0: 0x80004000 (0x0152c333) xor     t1, t0, s5
core   0: 3 0x80004000 (0x0152c333) x 6 0x00000001
core   0: 0x80004004 (0x41e78cb3) sub     s9, a5, t5
core   0: 3 0x80004004 (0x41e78cb3) x25 0x00000009
core   0: 0x80004008 (0xfbba4713) xori    a4, s4, -69
core   0: 3 0x80004008 (0xfbba4713) x14 0xffffffbb
core   0: 0x8000400c (0x0166dcb3) srl     s9, a3, s6
core   0: 3 0x8000400c (0x0166dcb3) x25 0x7bbe87e2
core   0: 0x80004010 (0x003d26b3) slt     a3, s10, gp
core   0: 3 0x80004010 (0x003d26b3) x13 0x00000000
core   0: 0x80004014 (0x65d60293) addi    t0, a2, 1629
core   0: 3 0x80004014 (0x65d60293) x 5 0x0872ab20
core   0: 0x80004018 (0x41f4df13) srai    t5, s1, 31
core   0: 3 0x80004018 (0x41f4df13) x30 0x00000000
core   0: 0x8000401c (0x18b18a93) addi    s5, gp, 395
core   0: 3 0x8000401c (0x18b18a93) x21 0x0000018b
core   0: 0x80004020 (0x5c5f2f97) auipc   t6, 0x5c5f2
core   0: 3 0x80004020 (0x5c5f2f97) x31 0xdc5f6020
core   0: 0x80004024 (0x00604933) xor     s2, zero, t1
core   0: 3 0x80004024 (0x00604933) x18 0x00000001
core   0: 0x80004028 (0xbac1f037) lui     zero, 0xbac1f
core   0: 3 0x80004028 (0xbac1f037)
core   0: 0x8000402c (0x23633eb7) lui     t4, 0x23633
core   0: 3 0x8000402c (0x23633eb7) x29 0x23633000
core   0: 0x80004030 (0x8c9e4993) xori    s3, t3, -1847
core   0: 3 0x80004030 (0x8c9e4993) x19 0x2bc307f5
core   0: 0x80004034 (0x01c444b3) xor     s1, s0, t3
core   0: 3 0x80004034 (0x01c444b3) x 9 0xd43cff3d
core   0: 0x80004038 (0xd3e78c93) addi    s9, a5, -706
core   0: 3 0x80004038 (0xd3e78c93) x25 0xfffffd3f
core   0: 0x8000403c (0x96813693) sltiu   a3, sp, -1688
core   0: 3 0x8000403c (0x96813693) x13 0x00000001
core   0: 0x80004040 (0x4b196737) lui     a4, 0x4b196
core   0: 3 0x80004040 (0x4b196737) x14 0x4b196000
core   0: 0x80004044 (0x7a882c13) slti    s8, a6, 1960
core   0: 3 0x80004044 (0x7a882c13) x24 0x00000001
core   0: 0x80004048 (0x00000013) nop
core   0: 3 0x80004048 (0x00000013)
core   0: 0x8000404c (0x01dc9813) slli    a6, s9, 29
core   0: 3 0x8000404c (0x01dc9813) x16 0xe0000000
core   0: 0x80004050 (0x9b7eea93) ori     s5, t4, -1609
core   0: 3 0x80004050 (0x9b7eea93) x21 0xfffff9b7
core   0: 0x80004054 (0xaa57f613) andi    a2, a5, -1371
core   0: 3 0x80004054 (0xaa57f613) x12 0x00000001
core   0: 0x80004058 (0x645ab993) sltiu   s3, s5, 1605
core   0: 3 0x80004058 (0x645ab993) x19 0x00000000
core   0: 0x8000405c (0x41c58d33) sub     s10, a1, t3
core   0: 3 0x8000405c (0x41c58d33) x26 0x2bc300c4
core   0: 0x80004060 (0xf905b193) sltiu   gp, a1, -112
core   0: 3 0x80004060 (0xf905b193) x 3 0x00000001
core   0: 0x80004064 (0x013455b3) srl     a1, s0, s3
core   0: 3 0x80004064 (0x013455b3) x11 0x00000001
core   0: 0x80004068 (0x73be9a37) lui     s4, 0x73be9
core   0: 3 0x80004068 (0x73be9a37) x20 0x73be9000
core   0: 0x8000406c (0xdd98f793) andi    a5, a7, -551
core   0: 3 0x8000406c (0xdd98f793) x15 0x80011c40
core   0: 0x80004070 (0x064369b7) lui     s3, 0x6436
core   0: 3 0x80004070 (0x064369b7) x19 0x06436000
core   0: 0x80004074 (0x01ff8c33) add     s8, t6, t6
core   0: 3 0x80004074 (0x01ff8c33) x24 0xb8bec040
core   0: 0x80004078 (0x00000013) nop
core   0: 3 0x80004078 (0x00000013)
core   0: 0x8000407c (0x00f717b3) sll     a5, a4, a5
core   0: 3 0x8000407c (0x00f717b3) x15 0x4b196000
core   0: 0x80004080 (0x5ae9e993) ori     s3, s3, 1454
core   0: 3 0x80004080 (0x5ae9e993) x19 0x064365ae
core   0: 0x80004084 (0xf4488e13) addi    t3, a7, -188
core   0: 3 0x80004084 (0xf4488e13) x28 0x80011da8
core   0: 0x80004088 (0x015f1e93) slli    t4, t5, 21
core   0: 3 0x80004088 (0x015f1e93) x29 0x00000000
core   0: 0x8000408c (0x01a71a93) slli    s5, a4, 26
core   0: 3 0x8000408c (0x01a71a93) x21 0x00000000
core   0: 0x80004090 (0x0050abb3) slt     s7, ra, t0
core   0: 3 0x80004090 (0x0050abb3) x23 0x00000001
core   0: 0x80004094 (0x003a7fb3) and     t6, s4, gp
core   0: 3 0x80004094 (0x003a7fb3) x31 0x00000000
core   0: 0x80004098 (0x40625d13) srai    s10, tp, 6
core   0: 3 0x80004098 (0x40625d13) x26 0x00000000
core   0: 0x8000409c (0x46a88337) lui     t1, 0x46a88
core   0: 3 0x8000409c (0x46a88337) x 6 0x46a88000
core   0: 0x800040a0 (0xa8396b93) ori     s7, s2, -1405
core   0: 3 0x800040a0 (0xa8396b93) x23 0xfffffa83
core   0: 0x800040a4 (0x00000013) nop
core   0: 3 0x800040a4 (0x00000013)
core   0: 0x800040a8 (0x005dd933) srl     s2, s11, t0
core   0: 3 0x800040a8 (0x005dd933) x18 0x00000000
core   0: 0x800040ac (0x24d93313) sltiu   t1, s2, 589
core   0: 3 0x800040ac (0x24d93313) x 6 0x00000001
core   0: 0x800040b0 (0x41c356b3) sra     a3, t1, t3
core   0: 3 0x800040b0 (0x41c356b3) x13 0x00000000
core   0: 0x800040b4 (0x00cf7d33) and     s10, t5, a2
core   0: 3 0x800040b4 (0x00cf7d33) x26 0x00000000
core   0: 0x800040b8 (0x00c69033) sll     zero, a3, a2
core   0: 3 0x800040b8 (0x00c69033)
core   0: 0x800040bc (0xb9f9bc93) sltiu   s9, s3, -1121
core   0: 3 0x800040bc (0xb9f9bc93) x25 0x00000001
core   0: 0x800040c0 (0x40b00f33) sub     t5, zero, a1
core   0: 3 0x800040c0 (0x40b00f33) x30 0xffffffff
core   0: 0x800040c4 (0x407d07b3) sub     a5, s10, t2
core   0: 3 0x800040c4 (0x407d07b3) x15 0x7ffea31c
core   0: 0x800040c8 (0xb568b193) sltiu   gp, a7, -1194
core   0: 3 0x800040c8 (0xb568b193) x 3 0x00000001
core   0: 0x800040cc (0x01ef82b3) add     t0, t6, t5
core   0: 3 0x800040cc (0x01ef82b3) x 5 0xffffffff
core   0: 0x800040d0 (0x017f3bb3) sltu    s7, t5, s7
core   0: 3 0x800040d0 (0x017f3bb3) x23 0x00000000
core   0: 0x800040d4 (0x357f6493) ori     s1, t5, 855
core   0: 3 0x800040d4 (0x357f6493) x 9 0xffffffff
core   0: 0x800040d8 (0x0188afb3) slt     t6, a7, s8
core   0: 3 0x800040d8 (0x0188afb3) x31 0x00000001
core   0: 0x800040dc (0xfdaa3013) sltiu   zero, s4, -38
core   0: 3 0x800040dc (0xfdaa3013)
core   0: 0x800040e0 (0xa6ad3c93) sltiu   s9, s10, -1430
core   0: 3 0x800040e0 (0xa6ad3c93) x25 0x00000001
core   0: 0x800040e4 (0x407552b3) sra     t0, a0, t2
core   0: 3 0x800040e4 (0x407552b3) x 5 0x000fffff
core   0: 0x800040e8 (0x012c9033) sll     zero, s9, s2
core   0: 3 0x800040e8 (0x012c9033)
core   0: 0x800040ec (0x00911f93) slli    t6, sp, 9
core   0: 3 0x800040ec (0x00911f93) x31 0x00100000
core   0: 0x800040f0 (0x00451093) slli    ra, a0, 4
core   0: 3 0x800040f0 (0x00451093) x 1 0x0ffffff0
core   0: 0x800040f4 (0x7c684c93) xori    s9, a6, 1990
core   0: 3 0x800040f4 (0x7c684c93) x25 0xe00007c6
core   0: 0x800040f8 (0xf12ce417) auipc   s0, 0xf12ce
core   0: 3 0x800040f8 (0xf12ce417) x 8 0x712d20f8
core   0: 0x800040fc (0x00042233) slt     tp, s0, zero
core   0: 3 0x800040fc (0x00042233) x 4 0x00000000
core   0: 0x80004100 (0x40e1d013) srai    zero, gp, 14
core   0: 3 0x80004100 (0x40e1d013)
core   0: 0x80004104 (0x007e45b3) xor     a1, t3, t2
core   0: 3 0x80004104 (0x007e45b3) x11 0x0000414c
core   0: 0x80004108 (0x40ff81b3) sub     gp, t6, a5
core   0: 3 0x80004108 (0x40ff81b3) x 3 0x80115ce4
core   0: 0x8000410c (0x8b755db7) lui     s11, 0x8b755
core   0: 3 0x8000410c (0x8b755db7) x27 0x8b755000
core   0: 0x80004110 (0x89ad8d93) addi    s11, s11, -1894
core   0: 3 0x80004110 (0x89ad8d93) x27 0x8b75489a
core   0: 0x80004114 (0x80000a37) lui     s4, 0x80000
core   0: 3 0x80004114 (0x80000a37) x20 0x80000000
core   0: 0x80004118 (0xfff00493) li      s1, -1
core   0: 3 0x80004118 (0xfff00493) x 9 0xffffffff
core   0: 0x8000411c (0x800007b7) lui     a5, 0x80000
core   0: 3 0x8000411c (0x800007b7) x15 0x80000000
core   0: 0x80004120 (0x19bbf6b7) lui     a3, 0x19bbf
core   0: 3 0x80004120 (0x19bbf6b7) x13 0x19bbf000
core   0: 0x80004124 (0x66268693) addi    a3, a3, 1634
core   0: 3 0x80004124 (0x66268693) x13 0x19bbf662
core   0: 0x80004128 (0xfff00c93) li      s9, -1
core   0: 3 0x80004128 (0xfff00c93) x25 0xffffffff
core   0: 0x8000412c (0x80000537) lui     a0, 0x80000
core   0: 3 0x8000412c (0x80000537) x10 0x80000000
core   0: 0x80004130 (0xbfa7a5b7) lui     a1, 0xbfa7a
core   0: 3 0x80004130 (0xbfa7a5b7) x11 0xbfa7a000
core   0: 0x80004134 (0xc0858593) addi    a1, a1, -1016
core   0: 3 0x80004134 (0xc0858593) x11 0xbfa79c08
core   0: 0x80004138 (0x800000b7) lui     ra, 0x80000
core   0: 3 0x80004138 (0x800000b7) x 1 0x80000000
core   0: 0x8000413c (0x00000e93) li      t4, 0
core   0: 3 0x8000413c (0x00000e93) x29 0x00000000
core   0: 0x80004140 (0x019e8533) add     a0, t4, s9
core   0: 3 0x80004140 (0x019e8533) x10 0xffffffff
core   0: 0x80004144 (0x00aa07b3) add     a5, s4, a0
core   0: 3 0x80004144 (0x00aa07b3) x15 0x7fffffff
core   0: 0x80004148 (0x001086b3) add     a3, ra, ra
core   0: 3 0x80004148 (0x001086b3) x13 0x00000000
core   0: 0x8000414c (0x6aa50c93) addi    s9, a0, 1706
core   0: 3 0x8000414c (0x6aa50c93) x25 0x000006a9
core   0: 0x80004150 (0x19c9ecb7) lui     s9, 0x19c9e
core   0: 3 0x80004150 (0x19c9ecb7) x25 0x19c9e000
core   0: 0x80004154 (0x83f62db7) lui     s11, 0x83f62
core   0: 3 0x80004154 (0x83f62db7) x27 0x83f62000
core   0: 0x80004158 (0x401586b3) sub     a3, a1, ra
core   0: 3 0x80004158 (0x401586b3) x13 0x3fa79c08
core   0: 0x8000415c (0x00be8533) add     a0, t4, a1
core   0: 3 0x8000415c (0x00be8533) x10 0xbfa79c08
core   0: 0x80004160 (0x40a08eb3) sub     t4, ra, a0
core   0: 3 0x80004160 (0x40a08eb3) x29 0xc05863f8
core   0: 0x80004164 (0x401680b3) sub     ra, a3, ra
core   0: 3 0x80004164 (0x401680b3) x 1 0xbfa79c08
core   0: 0x80004168 (0x01978533) add     a0, a5, s9
core   0: 3 0x80004168 (0x01978533) x10 0x99c9dfff
core   0: 0x8000416c (0x45f205b7) lui     a1, 0x45f20
core   0: 3 0x8000416c (0x45f205b7) x11 0x45f20000
core   0: 0x80004170 (0x00000013) nop
core   0: 3 0x80004170 (0x00000013)
core   0: 0x80004174 (0x2a94ccb7) lui     s9, 0x2a94c
core   0: 3 0x80004174 (0x2a94ccb7) x25 0x2a94c000
core   0: 0x80004178 (0x00000013) nop
core   0: 3 0x80004178 (0x00000013)
core   0: 0x8000417c (0x01dc84b3) add     s1, s9, t4
core   0: 3 0x8000417c (0x01dc84b3) x 9 0xeaed23f8
core   0: 0x80004180 (0x0bcc8a37) lui     s4, 0xbcc8
core   0: 3 0x80004180 (0x0bcc8a37) x20 0x0bcc8000
core   0: 0x80004184 (0x00000013) nop
core   0: 3 0x80004184 (0x00000013)
core   0: 0x80004188 (0x00000013) nop
core   0: 3 0x80004188 (0x00000013)
core   0: 0x8000418c (0x6f4510b7) lui     ra, 0x6f451
core   0: 3 0x8000418c (0x6f4510b7) x 1 0x6f451000
core   0: 0x80004190 (0x39092d97) auipc   s11, 0x39092
core   0: 3 0x80004190 (0x39092d97) x27 0xb9096190
core   0: 0x80004194 (0x0312adb7) lui     s11, 0x312a
core   0: 3 0x80004194 (0x0312adb7) x27 0x0312a000
core   0: 0x80004198 (0x00dd8a33) add     s4, s11, a3
core   0: 3 0x80004198 (0x00dd8a33) x20 0x42ba3c08
core   0: 0x8000419c (0xc25a6a17) auipc   s4, 0xc25a6
core   0: 3 0x8000419c (0xc25a6a17) x20 0x425aa19c
core   0: 0x800041a0 (0x3e20a093) slti    ra, ra, 994
core   0: 3 0x800041a0 (0x3e20a093) x 1 0x00000000
core   0: 0x800041a4 (0x668d2b93) slti    s7, s10, 1640
core   0: 3 0x800041a4 (0x668d2b93) x23 0x00000001
core   0: 0x800041a8 (0x41e40533) sub     a0, s0, t5
core   0: 3 0x800041a8 (0x41e40533) x10 0x712d20f9
core   0: 0x800041ac (0x005fcf33) xor     t5, t6, t0
core   0: 3 0x800041ac (0x005fcf33) x30 0x001fffff
core   0: 0x800041b0 (0x7cecf193) andi    gp, s9, 1998
core   0: 3 0x800041b0 (0x7cecf193) x 3 0x00000000
core   0: 0x800041b4 (0x0028c1b3) xor     gp, a7, sp
core   0: 3 0x800041b4 (0x0028c1b3) x 3 0x80011664
core   0: 0x800041b8 (0x01980033) add     zero, a6, s9
core   0: 3 0x800041b8 (0x01980033)
core   0: 0x800041bc (0x019fa533) slt     a0, t6, s9
core   0: 3 0x800041bc (0x019fa533) x10 0x00000001
core   0: 0x800041c0 (0x46091bb7) lui     s7, 0x46091
core   0: 3 0x800041c0 (0x46091bb7) x23 0x46091000
core   0: 0x800041c4 (0xe0e8ef93) ori     t6, a7, -498
core   0: 3 0x800041c4 (0xe0e8ef93) x31 0xfffffe6e
core   0: 0x800041c8 (0x00f5ff33) and     t5, a1, a5
core   0: 3 0x800041c8 (0x00f5ff33) x30 0x45f20000
core   0: 0x800041cc (0xbbc54013) xori    zero, a0, -1092
core   0: 3 0x800041cc (0xbbc54013)
core   0: 0x800041d0 (0x412c5593) srai    a1, s8, 18
core   0: 3 0x800041d0 (0x412c5593) x11 0xffffee2f
core   0: 0x800041d4 (0x01b14033) xor     zero, sp, s11
core   0: 3 0x800041d4 (0x01b14033)
core   0: 0x800041d8 (0x00000013) nop
core   0: 3 0x800041d8 (0x00000013)
core   0: 0x800041dc (0x00000013) nop
core   0: 3 0x800041dc (0x00000013)
core   0: 0x800041e0 (0x01a93333) sltu    t1, s2, s10
core   0: 3 0x800041e0 (0x01a93333) x 6 0x00000000
core   0: 0x800041e4 (0x00000013) nop
core   0: 3 0x800041e4 (0x00000013)
core   0: 0x800041e8 (0xf3526a93) ori     s5, tp, -203
core   0: 3 0x800041e8 (0xf3526a93) x21 0xffffff35
core   0: 0x800041ec (0x410c8e33) sub     t3, s9, a6
core   0: 3 0x800041ec (0x410c8e33) x28 0x4a94c000
core   0: 0x800041f0 (0x99278713) addi    a4, a5, -1646
core   0: 3 0x800041f0 (0x99278713) x14 0x7ffff991
core   0: 0x800041f4 (0x17afc337) lui     t1, 0x17afc
core   0: 3 0x800041f4 (0x17afc337) x 6 0x17afc000
core   0: 0x800041f8 (0x4126d493) srai    s1, a3, 18
core   0: 3 0x800041f8 (0x4126d493) x 9 0x00000fe9
core   0: 0x800041fc (0x1b95ee97) auipc   t4, 0x1b95e
core   0: 3 0x800041fc (0x1b95ee97) x29 0x9b9621fc
core   0: 0x80004200 (0x8b08ebb7) lui     s7, 0x8b08e
core   0: 3 0x80004200 (0x8b08ebb7) x23 0x8b08e000
core   0: 0x80004204 (0x017776b3) and     a3, a4, s7
core   0: 3 0x80004204 (0x017776b3) x13 0x0b08e000
core   0: 0x80004208 (0x002b55b3) srl     a1, s6, sp
core   0: 3 0x80004208 (0x002b55b3) x11 0xe88396e1
core   0: 0x8000420c (0x00000013) nop
core   0: 3 0x8000420c (0x00000013)
core   0: 0x80004210 (0x41e45bb3) sra     s7, s0, t5
core   0: 3 0x80004210 (0x41e45bb3) x23 0x712d20f8
core   0: 0x80004214 (0x0168e4b3) or      s1, a7, s6
core   0: 3 0x80004214 (0x0168e4b3) x 9 0xe8839ee5
core   0: 0x80004218 (0x40168333) sub     t1, a3, ra
core   0: 3 0x80004218 (0x40168333) x 6 0x0b08e000
core   0: 0x8000421c (0x0194c333) xor     t1, s1, s9
core   0: 3 0x8000421c (0x0194c333) x 6 0xc2175ee5
core   0: 0x80004220 (0x00062433) slt     s0, a2, zero
core   0: 3 0x80004220 (0x00062433) x 8 0x00000000
core   0: 0x80004224 (0x6b47f613) andi    a2, a5, 1716
core   0: 3 0x80004224 (0x6b47f613) x12 0x000006b4
core   0: 0x80004228 (0x00011a93) slli    s5, sp, 0
core   0: 3 0x80004228 (0x00011a93) x21 0x00000800
core   0: 0x8000422c (0x4117d793) srai    a5, a5, 17
core   0: 3 0x8000422c (0x4117d793) x15 0x00003fff
core   0: 0x80004230 (0xdff4e417) auipc   s0, 0xdff4e
core   0: 3 0x80004230 (0xdff4e417) x 8 0x5ff52230
core   0: 0x80004234 (0x01021733) sll     a4, tp, a6
core   0: 3 0x80004234 (0x01021733) x14 0x00000000
core   0: 0x80004238 (0x0134afb3) slt     t6, s1, s3
core   0: 3 0x80004238 (0x0134afb3) x31 0x00000001
core   0: 0x8000423c (0x4172deb3) sra     t4, t0, s7
core   0: 3 0x8000423c (0x4172deb3) x29 0x00000000
core   0: 0x80004240 (0xe4b33d13) sltiu   s10, t1, -437
core   0: 3 0x80004240 (0xe4b33d13) x26 0x00000001
core   0: 0x80004244 (0x00dd8433) add     s0, s11, a3
core   0: 3 0x80004244 (0x00dd8433) x 8 0x0e1b8000
core   0: 0x80004248 (0x00c0a533) slt     a0, ra, a2
core   0: 3 0x80004248 (0x00c0a533) x10 0x00000001
core   0: 0x8000424c (0x001712b3) sll     t0, a4, ra
core   0: 3 0x8000424c (0x001712b3) x 5 0x00000000
core   0: 0x80004250 (0x0118d913) srli    s2, a7, 17
core   0: 3 0x80004250 (0x0118d913) x18 0x00004000
core   0: 0x80004254 (0x01701cb3) sll     s9, zero, s7
core   0: 3 0x80004254 (0x01701cb3) x25 0x00000000
core   0: 0x80004258 (0x01529333) sll     t1, t0, s5
core   0: 3 0x80004258 (0x01529333) x 6 0x00000000
core   0: 0x8000425c (0x00b76533) or      a0, a4, a1
core   0: 3 0x8000425c (0x00b76533) x10 0xe88396e1
core   0: 0x80004260 (0x4002d233) sra     tp, t0, zero
core   0: 3 0x80004260 (0x4002d233) x 4 0x00000000
core   0: 0x80004264 (0x403f0eb3) sub     t4, t5, gp
core   0: 3 0x80004264 (0x403f0eb3) x29 0xc5f0e99c
core   0: 0x80004268 (0xf11de793) ori     a5, s11, -239
core   0: 3 0x80004268 (0xf11de793) x15 0xffffff11
core   0: 0x8000426c (0x01fea9b3) slt     s3, t4, t6
core   0: 3 0x8000426c (0x01fea9b3) x19 0x00000001
core   0: 0x80004270 (0x14f26db7) lui     s11, 0x14f26
core   0: 3 0x80004270 (0x14f26db7) x27 0x14f26000
core   0: 0x80004274 (0x00000013) nop
core   0: 3 0x80004274 (0x00000013)
core   0: 0x80004278 (0x0136cd33) xor     s10, a3, s3
core   0: 3 0x80004278 (0x0136cd33) x26 0x0b08e001
core   0: 0x8000427c (0x85665217) auipc   tp, 0x85665
core   0: 3 0x8000427c (0x85665217) x 4 0x0566927c
core   0: 0x80004280 (0x00000013) nop
core   0: 3 0x80004280 (0x00000013)
core   0: 0x80004284 (0xa58e2593) slti    a1, t3, -1448
core   0: 3 0x80004284 (0xa58e2593) x11 0x00000000
core   0: 0x80004288 (0x011a1293) slli    t0, s4, 17
core   0: 3 0x80004288 (0x011a1293) x 5 0x43380000
core   0: 0x8000428c (0x01b79e33) sll     t3, a5, s11
core   0: 3 0x8000428c (0x01b79e33) x28 0xffffff11
core   0: 0x80004290 (0x407004b3) sub     s1, zero, t2
core   0: 3 0x80004290 (0x407004b3) x 9 0x7ffea31c
core   0: 0x80004294 (0x00c3f333) and     t1, t2, a2
core   0: 3 0x80004294 (0x00c3f333) x 6 0x000004a4
core   0: 0x80004298 (0x00000013) nop
core   0: 3 0x80004298 (0x00000013)
core   0: 0x8000429c (0x0036d813) srli    a6, a3, 3
core   0: 3 0x8000429c (0x0036d813) x16 0x01611c00
core   0: 0x800042a0 (0x0050aa33) slt     s4, ra, t0
core   0: 3 0x800042a0 (0x0050aa33) x20 0x00000001
core   0: 0x800042a4 (0x640e5737) lui     a4, 0x640e5
core   0: 3 0x800042a4 (0x640e5737) x14 0x640e5000
core   0: 0x800042a8 (0x01549933) sll     s2, s1, s5
core   0: 3 0x800042a8 (0x01549933) x18 0x7ffea31c
core   0: 0x800042ac (0xe981ef93) ori     t6, gp, -360
core   0: 3 0x800042ac (0xe981ef93) x31 0xfffffefc
core   0: 0x800042b0 (0x00b6c433) xor     s0, a3, a1
core   0: 3 0x800042b0 (0x00b6c433) x 8 0x0b08e000
core   0: 0x800042b4 (0xa1e6ea93) ori     s5, a3, -1506
core   0: 3 0x800042b4 (0xa1e6ea93) x21 0xfffffa1e
core   0: 0x800042b8 (0x070f3113) sltiu   sp, t5, 112
core   0: 3 0x800042b8 (0x070f3113) x 2 0x00000000
core   0: 0x800042bc (0x01bb9813) slli    a6, s7, 27
core   0: 3 0x800042bc (0x01bb9813) x16 0xc0000000
core   0: 0x800042c0 (0x002237b3) sltu    a5, tp, sp
core   0: 3 0x800042c0 (0x002237b3) x15 0x00000000
core   0: 0x800042c4 (0x00422033) slt     zero, tp, tp
core   0: 3 0x800042c4 (0x00422033)
core   0: 0x800042c8 (0x0098aab3) slt     s5, a7, s1
core   0: 3 0x800042c8 (0x0098aab3) x21 0x00000001
core   0: 0x800042cc (0x00349413) slli    s0, s1, 3
core   0: 3 0x800042cc (0x00349413) x 8 0xfff518e0
core   0: 0x800042d0 (0x00068e33) add     t3, a3, zero
core   0: 3 0x800042d0 (0x00068e33) x28 0x0b08e000
core   0: 0x800042d4 (0x539d6e93) ori     t4, s10, 1337
core   0: 3 0x800042d4 (0x539d6e93) x29 0x0b08e539
core   0: 0x800042d8 (0x01c80d33) add     s10, a6, t3
core   0: 3 0x800042d8 (0x01c80d33) x26 0xcb08e000
core   0: 0x800042dc (0x4b867f13) andi    t5, a2, 1208
core   0: 3 0x800042dc (0x4b867f13) x30 0x000004b0
core   0: 0x800042e0 (0x19dc0d13) addi    s10, s8, 413
core   0: 3 0x800042e0 (0x19dc0d13) x26 0xb8bec1dd
core   0: 0x800042e4 (0x9eb1a093) slti    ra, gp, -1557
core   0: 3 0x800042e4 (0x9eb1a093) x 1 0x00000001
core   0: 0x800042e8 (0x00000013) nop
core   0: 3 0x800042e8 (0x00000013)
core   0: 0x800042ec (0x45d3ac13) slti    s8, t2, 1117
core   0: 3 0x800042ec (0x45d3ac13) x24 0x00000001
core   0: 0x800042f0 (0xd7fef113) andi    sp, t4, -641
core   0: 3 0x800042f0 (0xd7fef113) x 2 0x0b08e539
core   0: 0x800042f4 (0x001f5c13) srli    s8, t5, 1
core   0: 3 0x800042f4 (0x001f5c13) x24 0x00000258
core   0: 0x800042f8 (0x40b0dcb3) sra     s9, ra, a1
core   0: 3 0x800042f8 (0x40b0dcb3) x25 0x00000001
core   0: 0x800042fc (0x00099693) slli    a3, s3, 0
core   0: 3 0x800042fc (0x00099693) x13 0x00000001
core   0: 0x80004300 (0x018e65b3) or      a1, t3, s8
core   0: 3 0x80004300 (0x018e65b3) x11 0x0b08e258
core   0: 0x80004304 (0x00296333) or      t1, s2, sp
core   0: 3 0x80004304 (0x00296333) x 6 0x7ffee73d
core   0: 0x80004308 (0xd7048eb7) lui     t4, 0xd7048
core   0: 3 0x80004308 (0xd7048eb7) x29 0xd7048000
core   0: 0x8000430c (0x0172e233) or      tp, t0, s7
core   0: 3 0x8000430c (0x0172e233) x 4 0x733d20f8
core   0: 0x80004310 (0x41eadf93) srai    t6, s5, 30
core   0: 3 0x80004310 (0x41eadf93) x31 0x00000000
core   0: 0x80004314 (0x00e29613) slli    a2, t0, 14
core   0: 3 0x80004314 (0x00e29613) x12 0x00000000
core   0: 0x80004318 (0x01028033) add     zero, t0, a6
core   0: 3 0x80004318 (0x01028033)
core   0: 0x8000431c (0x01cbf5b3) and     a1, s7, t3
core   0: 3 0x8000431c (0x01cbf5b3) x11 0x01082000
core   0: 0x80004320 (0x00f1f133) and     sp, gp, a5
core   0: 3 0x80004320 (0x00f1f133) x 2 0x00000000
core   0: 0x80004324 (0x400600b3) sub     ra, a2, zero
core   0: 3 0x80004324 (0x400600b3) x 1 0x00000000
core   0: 0x80004328 (0x562d4a13) xori    s4, s10, 1378
core   0: 3 0x80004328 (0x562d4a13) x20 0xb8bec4bf
core   0: 0x8000432c (0x02426a97) auipc   s5, 0x2426
core   0: 3 0x8000432c (0x02426a97) x21 0x8242a32c
core   0: 0x80004330 (0x00e927b3) slt     a5, s2, a4
core   0: 3 0x80004330 (0x00e927b3) x15 0x00000000
core   0: 0x80004334 (0x01673733) sltu    a4, a4, s6
core   0: 3 0x80004334 (0x01673733) x14 0x00000001
core   0: 0x80004338 (0x068f8613) addi    a2, t6, 104
core   0: 3 0x80004338 (0x068f8613) x12 0x00000068
core   0: 0x8000433c (0x01088633) add     a2, a7, a6
core   0: 3 0x8000433c (0x01088633) x12 0x40011e64
core   0: 0x80004340 (0x002a7db3) and     s11, s4, sp
core   0: 3 0x80004340 (0x002a7db3) x27 0x00000000
core   0: 0x80004344 (0x1e7ece13) xori    t3, t4, 487
core   0: 3 0x80004344 (0x1e7ece13) x28 0xd70481e7
core   0: 0x80004348 (0x018c9ab3) sll     s5, s9, s8
core   0: 3 0x80004348 (0x018c9ab3) x21 0x01000000
core   0: 0x8000434c (0x01d2c4b3) xor     s1, t0, t4
core   0: 3 0x8000434c (0x01d2c4b3) x 9 0x943c8000
core   0: 0x80004350 (0x00949f13) slli    t5, s1, 9
core   0: 3 0x80004350 (0x00949f13) x30 0x79000000
core   0: 0x80004354 (0x56b18113) addi    sp, gp, 1387
core   0: 3 0x80004354 (0x56b18113) x 2 0x80011bcf
core   0: 0x80004358 (0x0040d113) srli    sp, ra, 4
core   0: 3 0x80004358 (0x0040d113) x 2 0x00000000
core   0: 0x8000435c (0x01f29913) slli    s2, t0, 31
core   0: 3 0x8000435c (0x01f29913) x18 0x00000000
core   0: 0x80004360 (0x5d0bbc93) sltiu   s9, s7, 1488
core   0: 3 0x80004360 (0x5d0bbc93) x25 0x00000000
core   0: 0x80004364 (0x1f524913) xori    s2, tp, 501
core   0: 3 0x80004364 (0x1f524913) x18 0x733d210d
core   0: 0x80004368 (0x04410213) addi    tp, sp, 68
core   0: 3 0x80004368 (0x04410213) x 4 0x00000044
core   0: 0x8000436c (0x16c56f13) ori     t5, a0, 364
core   0: 3 0x8000436c (0x16c56f13) x30 0xe88397ed
core   0: 0x80004370 (0x00871533) sll     a0, a4, s0
core   0: 3 0x80004370 (0x00871533) x10 0x00000001
core   0: 0x80004374 (0x404b0f33) sub     t5, s6, tp
core   0: 3 0x80004374 (0x404b0f33) x30 0xe883969d
core   0: 0x80004378 (0x25fa1037) lui     zero, 0x25fa1
core   0: 3 0x80004378 (0x25fa1037)
core   0: 0x8000437c (0xe3938297) auipc   t0, 0xe3938
core   0: 3 0x8000437c (0xe3938297) x 5 0x6393c37c
core   0: 0x80004380 (0x6ca7ae93) slti    t4, a5, 1738
core   0: 3 0x80004380 (0x6ca7ae93) x29 0x00000001
core   0: 0x80004384 (0xcdc60093) addi    ra, a2, -804
core   0: 3 0x80004384 (0xcdc60093) x 1 0x40011b40
core   0: 0x80004388 (0x3aa63493) sltiu   s1, a2, 938
core   0: 3 0x80004388 (0x3aa63493) x 9 0x00000000
core   0: 0x8000438c (0xcb0375b7) lui     a1, 0xcb037
core   0: 3 0x8000438c (0xcb0375b7) x11 0xcb037000
core   0: 0x80004390 (0x864a3693) sltiu   a3, s4, -1948
core   0: 3 0x80004390 (0x864a3693) x13 0x00000001
core   0: 0x80004394 (0x0062a933) slt     s2, t0, t1
core   0: 3 0x80004394 (0x0062a933) x18 0x00000001
core   0: 0x80004398 (0xd6a26113) ori     sp, tp, -662
core   0: 3 0x80004398 (0xd6a26113) x 2 0xfffffd6e
core   0: 0x8000439c (0x016a74b3) and     s1, s4, s6
core   0: 3 0x8000439c (0x016a74b3) x 9 0xa88284a1
core   0: 0x800043a0 (0x01d9db93) srli    s7, s3, 29
core   0: 3 0x800043a0 (0x01d9db93) x23 0x00000000
core   0: 0x800043a4 (0x014366b3) or      a3, t1, s4
core   0: 3 0x800043a4 (0x014366b3) x13 0xfffee7bf
core   0: 0x800043a8 (0x004cd813) srli    a6, s9, 4
core   0: 3 0x800043a8 (0x004cd813) x16 0x00000000
core   0: 0x800043ac (0x25c7c313) xori    t1, a5, 604
core   0: 3 0x800043ac (0x25c7c313) x 6 0x0000025c
core   0: 0x800043b0 (0x01bcf633) and     a2, s9, s11
core   0: 3 0x800043b0 (0x01bcf633) x12 0x00000000
core   0: 0x800043b4 (0x00531813) slli    a6, t1, 5
core   0: 3 0x800043b4 (0x00531813) x16 0x00004b80
core   0: 0x800043b8 (0x009da133) slt     sp, s11, s1
core   0: 3 0x800043b8 (0x009da133) x 2 0x00000000
core   0: 0x800043bc (0xd71b2f13) slti    t5, s6, -655
core   0: 3 0x800043bc (0xd71b2f13) x30 0x00000001
core   0: 0x800043c0 (0x01ed86b3) add     a3, s11, t5
core   0: 3 0x800043c0 (0x01ed86b3) x13 0x00000001
core   0: 0x800043c4 (0x01a1d0b3) srl     ra, gp, s10
core   0: 3 0x800043c4 (0x01a1d0b3) x 1 0x00000004
core   0: 0x800043c8 (0x00c880b3) add     ra, a7, a2
core   0: 3 0x800043c8 (0x00c880b3) x 1 0x80011e64
core   0: 0x800043cc (0x41a7d613) srai    a2, a5, 26
core   0: 3 0x800043cc (0x41a7d613) x12 0x00000000
core   0: 0x800043d0 (0x02b22193) slti    gp, tp, 43
core   0: 3 0x800043d0 (0x02b22193) x 3 0x00000000
core   0: 0x800043d4 (0x410d0ab3) sub     s5, s10, a6
core   0: 3 0x800043d4 (0x410d0ab3) x21 0xb8be765d
core   0: 0x800043d8 (0x875cca93) xori    s5, s9, -1931
core   0: 3 0x800043d8 (0x875cca93) x21 0xfffff875
core   0: 0x800043dc (0x67c65a17) auipc   s4, 0x67c65
core   0: 3 0x800043dc (0x67c65a17) x20 0xe7c693dc
core   0: 0x800043e0 (0x502e6493) ori     s1, t3, 1282
core   0: 3 0x800043e0 (0x502e6493) x 9 0xd70485e7
core   0: 0x800043e4 (0xa2880093) addi    ra, a6, -1496
core   0: 3 0x800043e4 (0xa2880093) x 1 0x000045a8
core   0: 0x800043e8 (0x0001deb3) srl     t4, gp, zero
core   0: 3 0x800043e8 (0x0001deb3) x29 0x00000000
core   0: 0x800043ec (0x29227093) andi    ra, tp, 658
core   0: 3 0x800043ec (0x29227093) x 1 0x00000000
core   0: 0x800043f0 (0x00791633) sll     a2, s2, t2
core   0: 3 0x800043f0 (0x00791633) x12 0x00000010
core   0: 0x800043f4 (0xec5c4913) xori    s2, s8, -315
core   0: 3 0x800043f4 (0xec5c4913) x18 0xfffffc9d
core   0: 0x800043f8 (0x01f9ceb3) xor     t4, s3, t6
core   0: 3 0x800043f8 (0x01f9ceb3) x29 0x00000001
core   0: 0x800043fc (0xe124f313) andi    t1, s1, -494
core   0: 3 0x800043fc (0xe124f313) x 6 0xd7048402
core   0: 0x80004400 (0x01bae133) or      sp, s5, s11
core   0: 3 0x80004400 (0x01bae133) x 2 0xfffff875
core   0: 0x80004404 (0x013b1f33) sll     t5, s6, s3
core   0: 3 0x80004404 (0x013b1f33) x30 0xd1072dc2
core   0: 0x80004408 (0x40ffdd13) srai    s10, t6, 15
core   0: 3 0x80004408 (0x40ffdd13) x26 0x00000000
core   0: 0x8000440c (0xf1ab92b7) lui     t0, 0xf1ab9
core   0: 3 0x8000440c (0xf1ab92b7) x 5 0xf1ab9000
core   0: 0x80004410 (0x29164913) xori    s2, a2, 657
core   0: 3 0x80004410 (0x29164913) x18 0x00000281
core   0: 0x80004414 (0x00000013) nop
core   0: 3 0x80004414 (0x00000013)
core   0: 0x80004418 (0x044c8d37) lui     s10, 0x44c8
core   0: 3 0x80004418 (0x044c8d37) x26 0x044c8000
core   0: 0x8000441c (0xad256093) ori     ra, a0, -1326
core   0: 3 0x8000441c (0xad256093) x 1 0xfffffad3
core   0: 0x80004420 (0x99106293) ori     t0, zero, -1647
core   0: 3 0x80004420 (0x99106293) x 5 0xfffff991
core   0: 0x80004424 (0x8a8a6313) ori     t1, s4, -1880
core   0: 3 0x80004424 (0x8a8a6313) x 6 0xfffffbfc
core   0: 0x80004428 (0x40eb8a33) sub     s4, s7, a4
core   0: 3 0x80004428 (0x40eb8a33) x20 0xffffffff
core   0: 0x8000442c (0x01078633) add     a2, a5, a6
core   0: 3 0x8000442c (0x01078633) x12 0x00004b80
core   0: 0x80004430 (0x00ffcab3) xor     s5, t6, a5
core   0: 3 0x80004430 (0x00ffcab3) x21 0x00000000
core   0: 0x80004434 (0x982dba13) sltiu   s4, s11, -1662
core   0: 3 0x80004434 (0x982dba13) x20 0x00000001
core   0: 0x80004438 (0x00631ab3) sll     s5, t1, t1
core   0: 3 0x80004438 (0x00631ab3) x21 0xc0000000
core   0: 0x8000443c (0x01b1a833) slt     a6, gp, s11
core   0: 3 0x8000443c (0x01b1a833) x16 0x00000000
core   0: 0x80004440 (0x00b82eb3) slt     t4, a6, a1
core   0: 3 0x80004440 (0x00b82eb3) x29 0x00000000
core   0: 0x80004444 (0x017fdf13) srli    t5, t6, 23
core   0: 3 0x80004444 (0x017fdf13) x30 0x00000000
core   0: 0x80004448 (0x413cd013) srai    zero, s9, 19
core   0: 3 0x80004448 (0x413cd013)
core   0: 0x8000444c (0x00c7f7b3) and     a5, a5, a2
core   0: 3 0x8000444c (0x00c7f7b3) x15 0x00000000
core   0: 0x80004450 (0x404bd493) srai    s1, s7, 4
core   0: 3 0x80004450 (0x404bd493) x 9 0x00000000
core   0: 0x80004454 (0x00000013) nop
core   0: 3 0x80004454 (0x00000013)
core   0: 0x80004458 (0x21fe8113) addi    sp, t4, 543
core   0: 3 0x80004458 (0x21fe8113) x 2 0x0000021f
core   0: 0x8000445c (0xa1583913) sltiu   s2, a6, -1515
core   0: 3 0x8000445c (0xa1583913) x18 0x00000001
core   0: 0x80004460 (0x01b21793) slli    a5, tp, 27
core   0: 3 0x80004460 (0x01b21793) x15 0x20000000
core   0: 0x80004464 (0x00bfaa33) slt     s4, t6, a1
core   0: 3 0x80004464 (0x00bfaa33) x20 0x00000000
core   0: 0x80004468 (0x4014da13) srai    s4, s1, 1
core   0: 3 0x80004468 (0x4014da13) x20 0x00000000
core   0: 0x8000446c (0x00be84b3) add     s1, t4, a1
core   0: 3 0x8000446c (0x00be84b3) x 9 0xcb037000
core   0: 0x80004470 (0x001b61b3) or      gp, s6, ra
core   0: 3 0x80004470 (0x001b61b3) x 3 0xfffffef3
core   0: 0x80004474 (0x00491c93) slli    s9, s2, 4
core   0: 3 0x80004474 (0x00491c93) x25 0x00000010
core   0: 0x80004478 (0x00000013) nop
core   0: 3 0x80004478 (0x00000013)
core   0: 0x8000447c (0xe3c08217) auipc   tp, 0xe3c08
core   0: 3 0x8000447c (0xe3c08217) x 4 0x63c0c47c
core   0: 0x80004480 (0x40a05993) srai    s3, zero, 10
core   0: 3 0x80004480 (0x40a05993) x19 0x00000000
core   0: 0x80004484 (0xbeb6eb93) ori     s7, a3, -1045
core   0: 3 0x80004484 (0xbeb6eb93) x23 0xfffffbeb
core   0: 0x80004488 (0x01afbeb3) sltu    t4, t6, s10
core   0: 3 0x80004488 (0x01afbeb3) x29 0x00000001
core   0: 0x8000448c (0x0022ee33) or      t3, t0, sp
core   0: 3 0x8000448c (0x0022ee33) x28 0xfffffb9f
core   0: 0x80004490 (0x406457b3) sra     a5, s0, t1
core   0: 3 0x80004490 (0x406457b3) x15 0xffffffff
core   0: 0x80004494 (0x01410933) add     s2, sp, s4
core   0: 3 0x80004494 (0x01410933) x18 0x0000021f
core   0: 0x80004498 (0x418586b3) sub     a3, a1, s8
core   0: 3 0x80004498 (0x418586b3) x13 0xcb036da8
core   0: 0x8000449c (0x00fb42b3) xor     t0, s6, a5
core   0: 3 0x8000449c (0x00fb42b3) x 5 0x177c691e
core   0: 0x800044a0 (0x001cefb3) or      t6, s9, ra
core   0: 3 0x800044a0 (0x001cefb3) x31 0xfffffad3
core   0: 0x800044a4 (0xd79dce17) auipc   t3, 0xd79dc
core   0: 3 0x800044a4 (0xd79dce17) x28 0x579e04a4
core   0: 0x800044a8 (0x262e7113) andi    sp, t3, 610
core   0: 3 0x800044a8 (0x262e7113) x 2 0x00000020
core   0: 0x800044ac (0x01715593) srli    a1, sp, 23
core   0: 3 0x800044ac (0x01715593) x11 0x00000000
core   0: 0x800044b0 (0x3eb32093) slti    ra, t1, 1003
core   0: 3 0x800044b0 (0x3eb32093) x 1 0x00000001
core   0: 0x800044b4 (0x1a53c013) xori    zero, t2, 421
core   0: 3 0x800044b4 (0x1a53c013)
core   0: 0x800044b8 (0x40a55e13) srai    t3, a0, 10
core   0: 3 0x800044b8 (0x40a55e13) x28 0x00000000
core   0: 0x800044bc (0x2a9b4293) xori    t0, s6, 681
core   0: 3 0x800044bc (0x2a9b4293) x 5 0xe8839448
core   0: 0x800044c0 (0x046d7197) auipc   gp, 0x46d7
core   0: 3 0x800044c0 (0x046d7197) x 3 0x846db4c0
core   0: 0x800044c4 (0x01d56bb3) or      s7, a0, t4
core   0: 3 0x800044c4 (0x01d56bb3) x23 0x00000001
core   0: 0x800044c8 (0x00dd5633) srl     a2, s10, a3
core   0: 3 0x800044c8 (0x00dd5633) x12 0x00044c80
core   0: 0x800044cc (0x01dd47b3) xor     a5, s10, t4
core   0: 3 0x800044cc (0x01dd47b3) x15 0x044c8001
core   0: 0x800044d0 (0x017fd5b3) srl     a1, t6, s7
core   0: 3 0x800044d0 (0x017fd5b3) x11 0x7ffffd69
core   0: 0x800044d4 (0x00616db3) or      s11, sp, t1
core   0: 3 0x800044d4 (0x00616db3) x27 0xfffffbfc
core   0: 0x800044d8 (0x785feb93) ori     s7, t6, 1925
core   0: 3 0x800044d8 (0x785feb93) x23 0xffffffd7
core   0: 0x800044dc (0x9e29e713) ori     a4, s3, -1566
core   0: 3 0x800044dc (0x9e29e713) x14 0xfffff9e2
core   0: 0x800044e0 (0x00e1ff33) and     t5, gp, a4
core   0: 3 0x800044e0 (0x00e1ff33) x30 0x846db0c0
core   0: 0x800044e4 (0x01424833) xor     a6, tp, s4
core   0: 3 0x800044e4 (0x01424833) x16 0x63c0c47c
core   0: 0x800044e8 (0x40165633) sra     a2, a2, ra
core   0: 3 0x800044e8 (0x40165633) x12 0x00022640
core   0: 0x800044ec (0xfcd2e697) auipc   a3, 0xfcd2e
core   0: 3 0x800044ec (0xfcd2e697) x13 0x7cd324ec
core   0: 0x800044f0 (0x7378c613) xori    a2, a7, 1847
core   0: 3 0x800044f0 (0x7378c613) x12 0x80011953
core   0: 0x800044f4 (0x2ac6ab93) slti    s7, a3, 684
core   0: 3 0x800044f4 (0x2ac6ab93) x23 0x00000000
core   0: 0x800044f8 (0x00f4d933) srl     s2, s1, a5
core   0: 3 0x800044f8 (0x00f4d933) x18 0x6581b800
core   0: 0x800044fc (0x41e3da33) sra     s4, t2, t5
core   0: 3 0x800044fc (0x41e3da33) x20 0x80015ce4
core   0: 0x80004500 (0x01544133) xor     sp, s0, s5
core   0: 3 0x80004500 (0x01544133) x 2 0x3ff518e0
core   0: 0x80004504 (0xa3842713) slti    a4, s0, -1480
core   0: 3 0x80004504 (0xa3842713) x14 0x00000001
core   0: 0x80004508 (0x3254b813) sltiu   a6, s1, 805
core   0: 3 0x80004508 (0x3254b813) x16 0x00000000
core   0: 0x8000450c (0x01425413) srli    s0, tp, 20
core   0: 3 0x8000450c (0x01425413) x 8 0x0000063c
core   0: 0x80004510 (0x0024db93) srli    s7, s1, 2
core   0: 3 0x80004510 (0x0024db93) x23 0x32c0dc00
core   0: 0x80004514 (0x007db6b3) sltu    a3, s11, t2
core   0: 3 0x80004514 (0x007db6b3) x13 0x00000000
core   0: 0x80004518 (0x017aa5b3) slt     a1, s5, s7
core   0: 3 0x80004518 (0x017aa5b3) x11 0x00000001
core   0: 0x8000451c (0x40fbdb93) srai    s7, s7, 15
core   0: 3 0x8000451c (0x40fbdb93) x23 0x00006581
core   0: 0x80004520 (0x003cd433) srl     s0, s9, gp
core   0: 3 0x80004520 (0x003cd433) x 8 0x00000010
core   0: 0x80004524 (0x41aed813) srai    a6, t4, 26
core   0: 3 0x80004524 (0x41aed813) x16 0x00000000
core   0: 0x80004528 (0x00000013) nop
core   0: 3 0x80004528 (0x00000013)
core   0: 0x8000452c (0xef88fc93) andi    s9, a7, -264
core   0: 3 0x8000452c (0xef88fc93) x25 0x80011e60
core   0: 0x80004530 (0x00ad2333) slt     t1, s10, a0
core   0: 3 0x80004530 (0x00ad2333) x 6 0x00000000
core   0: 0x80004534 (0x36cebc17) auipc   s8, 0x36ceb
core   0: 3 0x80004534 (0x36cebc17) x24 0xb6cef534
core   0: 0x80004538 (0x006a95b3) sll     a1, s5, t1
core   0: 3 0x80004538 (0x006a95b3) x11 0xc0000000
core   0: 0x8000453c (0x018af133) and     sp, s5, s8
core   0: 3 0x8000453c (0x018af133) x 2 0x80000000
core   0: 0x80004540 (0x40e20333) sub     t1, tp, a4
core   0: 3 0x80004540 (0x40e20333) x 6 0x63c0c47b
core   0: 0x80004544 (0x014bd2b3) srl     t0, s7, s4
core   0: 3 0x80004544 (0x014bd2b3) x 5 0x00000658
core   0: 0x80004548 (0x00505cb3) srl     s9, zero, t0
core   0: 3 0x80004548 (0x00505cb3) x25 0x00000000
core   0: 0x8000454c (0x9a35ac37) lui     s8, 0x9a35a
core   0: 3 0x8000454c (0x9a35ac37) x24 0x9a35a000
core   0: 0x80004550 (0x7c1e4313) xori    t1, t3, 1985
core   0: 3 0x80004550 (0x7c1e4313) x 6 0x000007c1
core   0: 0x80004554 (0x00d72533) slt     a0, a4, a3
core   0: 3 0x80004554 (0x00d72533) x10 0x00000000
core   0: 0x80004558 (0x01f554b3) srl     s1, a0, t6
core   0: 3 0x80004558 (0x01f554b3) x 9 0x00000000
core   0: 0x8000455c (0x41a0ddb3) sra     s11, ra, s10
core   0: 3 0x8000455c (0x41a0ddb3) x27 0x00000001
core   0: 0x80004560 (0x010f1cb3) sll     s9, t5, a6
core   0: 3 0x80004560 (0x010f1cb3) x25 0x846db0c0
core   0: 0x80004564 (0x01b3d213) srli    tp, t2, 27
core   0: 3 0x80004564 (0x01b3d213) x 4 0x00000010
core   0: 0x80004568 (0xbdf32b93) slti    s7, t1, -1057
core   0: 3 0x80004568 (0xbdf32b93) x23 0x00000000
core   0: 0x8000456c (0x019e6633) or      a2, t3, s9
core   0: 3 0x8000456c (0x019e6633) x12 0x846db0c0
core   0: 0x80004570 (0x00dcde13) srli    t3, s9, 13
core   0: 3 0x80004570 (0x00dcde13) x28 0x0004236d
core   0: 0x80004574 (0x0109d593) srli    a1, s3, 16
core   0: 3 0x80004574 (0x0109d593) x11 0x00000000
core   0: 0x80004578 (0x01528733) add     a4, t0, s5
core   0: 3 0x80004578 (0x01528733) x14 0xc0000658
core   0: 0x8000457c (0x41125fb3) sra     t6, tp, a7
core   0: 3 0x8000457c (0x41125fb3) x31 0x00000001
core   0: 0x80004580 (0x4130da13) srai    s4, ra, 19
core   0: 3 0x80004580 (0x4130da13) x20 0x00000000
core   0: 0x80004584 (0x0145dd33) srl     s10, a1, s4
core   0: 3 0x80004584 (0x0145dd33) x26 0x00000000
core   0: 0x80004588 (0x01a6a9b3) slt     s3, a3, s10
core   0: 3 0x80004588 (0x01a6a9b3) x19 0x00000000
core   0: 0x8000458c (0x40215133) sra     sp, sp, sp
core   0: 3 0x8000458c (0x40215133) x 2 0x80000000
core   0: 0x80004590 (0x523b8e13) addi    t3, s7, 1315
core   0: 3 0x80004590 (0x523b8e13) x28 0x00000523
core   0: 0x80004594 (0x00b09c93) slli    s9, ra, 11
core   0: 3 0x80004594 (0x00b09c93) x25 0x00000800
core   0: 0x80004598 (0x1b8f2917) auipc   s2, 0x1b8f2
core   0: 3 0x80004598 (0x1b8f2917) x18 0x9b8f6598
core   0: 0x8000459c (0x1aadf813) andi    a6, s11, 426
core   0: 3 0x8000459c (0x1aadf813) x16 0x00000000
core   0: 0x800045a0 (0x40d0d713) srai    a4, ra, 13
core   0: 3 0x800045a0 (0x40d0d713) x14 0x00000000
core   0: 0x800045a4 (0x000ca833) slt     a6, s9, zero
core   0: 3 0x800045a4 (0x000ca833) x16 0x00000000
core   0: 0x800045a8 (0x01c21713) slli    a4, tp, 28
core   0: 3 0x800045a8 (0x01c21713) x14 0x00000000
core   0: 0x800045ac (0xe450aa17) auipc   s4, 0xe450a
core   0: 3 0x800045ac (0xe450aa17) x20 0x6450e5ac
core   0: 0x800045b0 (0x8fb04c93) xori    s9, zero, -1797
core   0: 3 0x800045b0 (0x8fb04c93) x25 0xfffff8fb
core   0: 0x800045b4 (0x79a86913) ori     s2, a6, 1946
core   0: 3 0x800045b4 (0x79a86913) x18 0x0000079a
core   0: 0x800045b8 (0x4d342213) slti    tp, s0, 1235
core   0: 3 0x800045b8 (0x4d342213) x 4 0x00000001
core   0: 0x800045bc (0x00a0b233) sltu    tp, ra, a0
core   0: 3 0x800045bc (0x00a0b233) x 4 0x00000000
core   0: 0x800045c0 (0x015d5033) srl     zero, s10, s5
core   0: 3 0x800045c0 (0x015d5033)
core   0: 0x800045c4 (0x017aca33) xor     s4, s5, s7
core   0: 3 0x800045c4 (0x017aca33) x20 0xc0000000
core   0: 0x800045c8 (0x41875293) srai    t0, a4, 24
core   0: 3 0x800045c8 (0x41875293) x 5 0x00000000
core   0: 0x800045cc (0x00000013) nop
core   0: 3 0x800045cc (0x00000013)
core   0: 0x800045d0 (0x010c9993) slli    s3, s9, 16
core   0: 3 0x800045d0 (0x010c9993) x19 0xf8fb0000
core   0: 0x800045d4 (0x00000013) nop
core   0: 3 0x800045d4 (0x00000013)
core   0: 0x800045d8 (0x01d3b033) sltu    zero, t2, t4
core   0: 3 0x800045d8 (0x01d3b033)
core   0: 0x800045dc (0x40c85c33) sra     s8, a6, a2
core   0: 3 0x800045dc (0x40c85c33) x24 0x00000000
core   0: 0x800045e0 (0x011f67b3) or      a5, t5, a7
core   0: 3 0x800045e0 (0x011f67b3) x15 0x846dbee4
core   0: 0x800045e4 (0x0029d7b3) srl     a5, s3, sp
core   0: 3 0x800045e4 (0x0029d7b3) x15 0xf8fb0000
core   0: 0x800045e8 (0x004d9693) slli    a3, s11, 4
core   0: 3 0x800045e8 (0x004d9693) x13 0x00000010
core   0: 0x800045ec (0x0036dc13) srli    s8, a3, 3
core   0: 3 0x800045ec (0x0036dc13) x24 0x00000002
core   0: 0x800045f0 (0x014f7437) lui     s0, 0x14f7
core   0: 3 0x800045f0 (0x014f7437) x 8 0x014f7000
core   0: 0x800045f4 (0x00afe233) or      tp, t6, a0
core   0: 3 0x800045f4 (0x00afe233) x 4 0x00000001
core   0: 0x800045f8 (0x41785f33) sra     t5, a6, s7
core   0: 3 0x800045f8 (0x41785f33) x30 0x00000000
core   0: 0x800045fc (0xa22de993) ori     s3, s11, -1502
core   0: 3 0x800045fc (0xa22de993) x19 0xfffffa23
core   0: 0x80004600 (0x57d8a593) slti    a1, a7, 1405
core   0: 3 0x80004600 (0x57d8a593) x11 0x00000001
core   0: 0x80004604 (0x563e8993) addi    s3, t4, 1379
core   0: 3 0x80004604 (0x563e8993) x19 0x00000564
core   0: 0x80004608 (0xce914593) xori    a1, sp, -791
core   0: 3 0x80004608 (0xce914593) x11 0x7ffffce9
core   0: 0x8000460c (0x003f6eb3) or      t4, t5, gp
core   0: 3 0x8000460c (0x003f6eb3) x29 0x846db4c0
core   0: 0x80004610 (0xfc86a013) slti    zero, a3, -56
core   0: 3 0x80004610 (0xfc86a013)
core   0: 0x80004614 (0x01c2bbb3) sltu    s7, t0, t3
core   0: 3 0x80004614 (0x01c2bbb3) x23 0x00000001
core   0: 0x80004618 (0x00739513) slli    a0, t2, 7
core   0: 3 0x80004618 (0x00739513) x10 0x00ae7200
core   0: 0x8000461c (0x01441a13) slli    s4, s0, 20
core   0: 3 0x8000461c (0x01441a13) x20 0x00000000
core   0: 0x80004620 (0x00c8d313) srli    t1, a7, 12
core   0: 3 0x80004620 (0x00c8d313) x 6 0x00080011
core   0: 0x80004624 (0x00fac433) xor     s0, s5, a5
core   0: 3 0x80004624 (0x00fac433) x 8 0x38fb0000
core   0: 0x80004628 (0x410ed0b3) sra     ra, t4, a6
core   0: 3 0x80004628 (0x410ed0b3) x 1 0x846db4c0
core   0: 0x8000462c (0x41525fb3) sra     t6, tp, s5
core   0: 3 0x8000462c (0x41525fb3) x31 0x00000001
core   0: 0x80004630 (0x00ad7533) and     a0, s10, a0
core   0: 3 0x80004630 (0x00ad7533) x10 0x00000000
core   0: 0x80004634 (0x01954cb3) xor     s9, a0, s9
core   0: 3 0x80004634 (0x01954cb3) x25 0xfffff8fb
core   0: 0x80004638 (0x4051d793) srai    a5, gp, 5
core   0: 3 0x80004638 (0x4051d793) x15 0xfc236da6
core   0: 0x8000463c (0x01194833) xor     a6, s2, a7
core   0: 3 0x8000463c (0x01194833) x16 0x800119fe
core   0: 0x80004640 (0x767197b7) lui     a5, 0x76719
core   0: 3 0x80004640 (0x767197b7) x15 0x76719000
core   0: 0x80004644 (0x01223333) sltu    t1, tp, s2
core   0: 3 0x80004644 (0x01223333) x 6 0x00000001
core   0: 0x80004648 (0x41c10db3) sub     s11, sp, t3
core   0: 3 0x80004648 (0x41c10db3) x27 0x7ffffadd
core   0: 0x8000464c (0x0100f333) and     t1, ra, a6
core   0: 3 0x8000464c (0x0100f333) x 6 0x800110c0
core   0: 0x80004650 (0xb8dc4497) auipc   s1, 0xb8dc4
core   0: 3 0x80004650 (0xb8dc4497) x 9 0x38dc8650
core   0: 0x80004654 (0x00000013) nop
core   0: 3 0x80004654 (0x00000013)
core   0: 0x80004658 (0x2c40ce97) auipc   t4, 0x2c40c
core   0: 3 0x80004658 (0x2c40ce97) x29 0xac410658
core   0: 0x8000465c (0x8579a993) slti    s3, s3, -1961
core   0: 3 0x8000465c (0x8579a993) x19 0x00000000
core   0: 0x80004660 (0xff864813) xori    a6, a2, -8
core   0: 3 0x80004660 (0xff864813) x16 0x7b924f38
core   0: 0x80004664 (0x01e91833) sll     a6, s2, t5
core   0: 3 0x80004664 (0x01e91833) x16 0x0000079a
core   0: 0x80004668 (0x0047da33) srl     s4, a5, tp
core   0: 3 0x80004668 (0x0047da33) x20 0x3b38c800
core   0: 0x8000466c (0x2f0b7993) andi    s3, s6, 752
core   0: 3 0x8000466c (0x2f0b7993) x19 0x000002e0
core   0: 0x80004670 (0x01a43433) sltu    s0, s0, s10
core   0: 3 0x80004670 (0x01a43433) x 8 0x00000000
core   0: 0x80004674 (0x4184dab3) sra     s5, s1, s8
core   0: 3 0x80004674 (0x4184dab3) x21 0x0e372194
core   0: 0x80004678 (0x00e7bab3) sltu    s5, a5, a4
core   0: 3 0x80004678 (0x00e7bab3) x21 0x00000000
core   0: 0x8000467c (0x012d4833) xor     a6, s10, s2
core   0: 3 0x8000467c (0x012d4833) x16 0x0000079a
core   0: 0x80004680 (0x52f80e93) addi    t4, a6, 1327
core   0: 3 0x80004680 (0x52f80e93) x29 0x00000cc9
core   0: 0x80004684 (0xa100c793) xori    a5, ra, -1520
core   0: 3 0x80004684 (0xa100c793) x15 0x7b924ed0
core   0: 0x80004688 (0x01d93bb3) sltu    s7, s2, t4
core   0: 3 0x80004688 (0x01d93bb3) x23 0x00000001
core   0: 0x8000468c (0xbea60f93) addi    t6, a2, -1046
core   0: 3 0x8000468c (0xbea60f93) x31 0x846dacaa
core   0: 0x80004690 (0x00671d93) slli    s11, a4, 6
core   0: 3 0x80004690 (0x00671d93) x27 0x00000000
core   0: 0x80004694 (0x01139513) slli    a0, t2, 17
core   0: 3 0x80004694 (0x01139513) x10 0xb9c80000
core   0: 0x80004698 (0x00d355b3) srl     a1, t1, a3
core   0: 3 0x80004698 (0x00d355b3) x11 0x00008001
core   0: 0x8000469c (0x32e08013) addi    zero, ra, 814
core   0: 3 0x8000469c (0x32e08013)
core   0: 0x800046a0 (0x01d5d593) srli    a1, a1, 29
core   0: 3 0x800046a0 (0x01d5d593) x11 0x00000000
core   0: 0x800046a4 (0x01695933) srl     s2, s2, s6
core   0: 3 0x800046a4 (0x01695933) x18 0x000003cd
core   0: 0x800046a8 (0x00491fb3) sll     t6, s2, tp
core   0: 3 0x800046a8 (0x00491fb3) x31 0x0000079a
core   0: 0x800046ac (0x013c0533) add     a0, s8, s3
core   0: 3 0x800046ac (0x013c0533) x10 0x000002e2
core   0: 0x800046b0 (0x01320ab3) add     s5, tp, s3
core   0: 3 0x800046b0 (0x01320ab3) x21 0x000002e1
core   0: 0x800046b4 (0x41cf56b3) sra     a3, t5, t3
core   0: 3 0x800046b4 (0x41cf56b3) x13 0x00000000
core   0: 0x800046b8 (0x41b2d313) srai    t1, t0, 27
core   0: 3 0x800046b8 (0x41b2d313) x 6 0x00000000
core   0: 0x800046bc (0x0085ee33) or      t3, a1, s0
core   0: 3 0x800046bc (0x0085ee33) x28 0x00000000
core   0: 0x800046c0 (0xa000af17) auipc   t5, 0xa000a
core   0: 3 0x800046c0 (0xa000af17) x30 0x2000e6c0
core   0: 0x800046c4 (0x00cc3933) sltu    s2, s8, a2
core   0: 3 0x800046c4 (0x00cc3933) x18 0x00000001
core   0: 0x800046c8 (0x00000013) nop
core   0: 3 0x800046c8 (0x00000013)
core   0: 0x800046cc (0x00479913) slli    s2, a5, 4
core   0: 3 0x800046cc (0x00479913) x18 0xb924ed00
core   0: 0x800046d0 (0x47134e93) xori    t4, t1, 1137
core   0: 3 0x800046d0 (0x47134e93) x29 0x00000471
core   0: 0x800046d4 (0xa07d6f13) ori     t5, s10, -1529
core   0: 3 0x800046d4 (0xa07d6f13) x30 0xfffffa07
core   0: 0x800046d8 (0x01f6f9b3) and     s3, a3, t6
core   0: 3 0x800046d8 (0x01f6f9b3) x19 0x00000000
core   0: 0x800046dc (0x02103913) sltiu   s2, zero, 33
core   0: 3 0x800046dc (0x02103913) x18 0x00000001
core   0: 0x800046e0 (0x00445f13) srli    t5, s0, 4
core   0: 3 0x800046e0 (0x00445f13) x30 0x00000000
core   0: 0x800046e4 (0x006da6b3) slt     a3, s11, t1
core   0: 3 0x800046e4 (0x006da6b3) x13 0x00000000
core   0: 0x800046e8 (0x5dca6313) ori     t1, s4, 1500
core   0: 3 0x800046e8 (0x5dca6313) x 6 0x3b38cddc
core   0: 0x800046ec (0x01ec72b3) and     t0, s8, t5
core   0: 3 0x800046ec (0x01ec72b3) x 5 0x00000000
core   0: 0x800046f0 (0x40670eb3) sub     t4, a4, t1
core   0: 3 0x800046f0 (0x40670eb3) x29 0xc4c73224
core   0: 0x800046f4 (0xe053b713) sltiu   a4, t2, -507
core   0: 3 0x800046f4 (0xe053b713) x14 0x00000001
core   0: 0x800046f8 (0x013610b3) sll     ra, a2, s3
core   0: 3 0x800046f8 (0x013610b3) x 1 0x846db0c0
core   0: 0x800046fc (0x41e256b3) sra     a3, tp, t5
core   0: 3 0x800046fc (0x41e256b3) x13 0x00000001
core   0: 0x80004700 (0x0189dd13) srli    s10, s3, 24
core   0: 3 0x80004700 (0x0189dd13) x26 0x00000000
core   0: 0x80004704 (0x41d9de13) srai    t3, s3, 29
core   0: 3 0x80004704 (0x41d9de13) x28 0x00000000
core   0: 0x80004708 (0x00cbf933) and     s2, s7, a2
core   0: 3 0x80004708 (0x00cbf933) x18 0x00000000
core   0: 0x8000470c (0x2c906513) ori     a0, zero, 713
core   0: 3 0x8000470c (0x2c906513) x10 0x000002c9
core   0: 0x80004710 (0x4951bd13) sltiu   s10, gp, 1173
core   0: 3 0x80004710 (0x4951bd13) x26 0x00000000
core   0: 0x80004714 (0xff912a13) slti    s4, sp, -7
core   0: 3 0x80004714 (0xff912a13) x20 0x00000001
core   0: 0x80004718 (0xe4803413) sltiu   s0, zero, -440
core   0: 3 0x80004718 (0xe4803413) x 8 0x00000001
core   0: 0x8000471c (0x05273913) sltiu   s2, a4, 82
core   0: 3 0x8000471c (0x05273913) x18 0x00000001
core   0: 0x80004720 (0x00000013) nop
core   0: 3 0x80004720 (0x00000013)
core   0: 0x80004724 (0x00499b93) slli    s7, s3, 4
core   0: 3 0x80004724 (0x00499b93) x23 0x00000000
core   0: 0x80004728 (0x01e62e33) slt     t3, a2, t5
core   0: 3 0x80004728 (0x01e62e33) x28 0x00000001
core   0: 0x8000472c (0x01a1bbb3) sltu    s7, gp, s10
core   0: 3 0x8000472c (0x01a1bbb3) x23 0x00000000
core   0: 0x80004730 (0x007e1413) slli    s0, t3, 7
core   0: 3 0x80004730 (0x007e1413) x 8 0x00000080
core   0: 0x80004734 (0x001527b3) slt     a5, a0, ra
core   0: 3 0x80004734 (0x001527b3) x15 0x00000000
core   0: 0x80004738 (0x008e8ab3) add     s5, t4, s0
core   0: 3 0x80004738 (0x008e8ab3) x21 0xc4c732a4
core   0: 0x8000473c (0x415dd313) srai    t1, s11, 21
core   0: 3 0x8000473c (0x415dd313) x 6 0x00000000
core   0: 0x80004740 (0x016d9d13) slli    s10, s11, 22
core   0: 3 0x80004740 (0x016d9d13) x26 0x00000000
core   0: 0x80004744 (0x41e4d113) srai    sp, s1, 30
core   0: 3 0x80004744 (0x41e4d113) x 2 0x00000000
core   0: 0x80004748 (0x02f23493) sltiu   s1, tp, 47
core   0: 3 0x80004748 (0x02f23493) x 9 0x00000001
core   0: 0x8000474c (0xe36f4693) xori    a3, t5, -458
core   0: 3 0x8000474c (0xe36f4693) x13 0xfffffe36
core   0: 0x80004750 (0x01cf1213) slli    tp, t5, 28
core   0: 3 0x80004750 (0x01cf1213) x 4 0x00000000
core   0: 0x80004754 (0x01d41c93) slli    s9, s0, 29
core   0: 3 0x80004754 (0x01d41c93) x25 0x00000000
core   0: 0x80004758 (0x4d7d8f17) auipc   t5, 0x4d7d8
core   0: 3 0x80004758 (0x4d7d8f17) x30 0xcd7dc758
core   0: 0x8000475c (0x00f2df13) srli    t5, t0, 15
core   0: 3 0x8000475c (0x00f2df13) x30 0x00000000
core   0: 0x80004760 (0x001d15b3) sll     a1, s10, ra
core   0: 3 0x80004760 (0x001d15b3) x11 0x00000000
core   0: 0x80004764 (0x416fd0b3) sra     ra, t6, s6
core   0: 3 0x80004764 (0x416fd0b3) x 1 0x000003cd
core   0: 0x80004768 (0x0087c9b3) xor     s3, a5, s0
core   0: 3 0x80004768 (0x0087c9b3) x19 0x00000080
core   0: 0x8000476c (0xca12ae13) slti    t3, t0, -863
core   0: 3 0x8000476c (0xca12ae13) x28 0x00000000
core   0: 0x80004770 (0x2c533613) sltiu   a2, t1, 709
core   0: 3 0x80004770 (0x2c533613) x12 0x00000001
core   0: 0x80004774 (0x4181df93) srai    t6, gp, 24
core   0: 3 0x80004774 (0x4181df93) x31 0xffffff84
core   0: 0x80004778 (0x0029ef33) or      t5, s3, sp
core   0: 3 0x80004778 (0x0029ef33) x30 0x00000080
core   0: 0x8000477c (0x01569ab3) sll     s5, a3, s5
core   0: 3 0x8000477c (0x01569ab3) x21 0xffffe360
core   0: 0x80004780 (0xf7290337) lui     t1, 0xf7290
core   0: 3 0x80004780 (0xf7290337) x 6 0xf7290000
core   0: 0x80004784 (0x32573013) sltiu   zero, a4, 805
core   0: 3 0x80004784 (0x32573013)
core   0: 0x80004788 (0x00b45733) srl     a4, s0, a1
core   0: 3 0x80004788 (0x00b45733) x14 0x00000080
core   0: 0x8000478c (0x6e0cc797) auipc   a5, 0x6e0cc
core   0: 3 0x8000478c (0x6e0cc797) x15 0xee0d078c
core   0: 0x80004790 (0x01d38e33) add     t3, t2, t4
core   0: 3 0x80004790 (0x01d38e33) x28 0x44c88f08
core   0: 0x80004794 (0x0092c333) xor     t1, t0, s1
core   0: 3 0x80004794 (0x0092c333) x 6 0x00000001
core   0: 0x80004798 (0x015d7d33) and     s10, s10, s5
core   0: 3 0x80004798 (0x015d7d33) x26 0x00000000
core   0: 0x8000479c (0x00335533) srl     a0, t1, gp
core   0: 3 0x8000479c (0x00335533) x10 0x00000001
core   0: 0x800047a0 (0xb47a6eb7) lui     t4, 0xb47a6
core   0: 3 0x800047a0 (0xb47a6eb7) x29 0xb47a6000
core   0: 0x800047a4 (0xf89d6f13) ori     t5, s10, -119
core   0: 3 0x800047a4 (0xf89d6f13) x30 0xffffff89
core   0: 0x800047a8 (0x655d7a13) andi    s4, s10, 1621
core   0: 3 0x800047a8 (0x655d7a13) x20 0x00000000
core   0: 0x800047ac (0x0194bd33) sltu    s10, s1, s9
core   0: 3 0x800047ac (0x0194bd33) x26 0x00000000
core   0: 0x800047b0 (0x2bda7a93) andi    s5, s4, 701
core   0: 3 0x800047b0 (0x2bda7a93) x21 0x00000000
core   0: 0x800047b4 (0x40600a33) sub     s4, zero, t1
core   0: 3 0x800047b4 (0x40600a33) x20 0xffffffff
core   0: 0x800047b8 (0x5c61ac13) slti    s8, gp, 1478
core   0: 3 0x800047b8 (0x5c61ac13) x24 0x00000001
core   0: 0x800047bc (0x015116b3) sll     a3, sp, s5
core   0: 3 0x800047bc (0x015116b3) x13 0x00000000
core   0: 0x800047c0 (0x012d6333) or      t1, s10, s2
core   0: 3 0x800047c0 (0x012d6333) x 6 0x00000001
core   0: 0x800047c4 (0x010d95b3) sll     a1, s11, a6
core   0: 3 0x800047c4 (0x010d95b3) x11 0x00000000
core   0: 0x800047c8 (0x004af5b3) and     a1, s5, tp
core   0: 3 0x800047c8 (0x004af5b3) x11 0x00000000
core   0: 0x800047cc (0xc2610993) addi    s3, sp, -986
core   0: 3 0x800047cc (0xc2610993) x19 0xfffffc26
core   0: 0x800047d0 (0x017f1113) slli    sp, t5, 23
core   0: 3 0x800047d0 (0x017f1113) x 2 0xc4800000
core   0: 0x800047d4 (0x9380f593) andi    a1, ra, -1736
core   0: 3 0x800047d4 (0x9380f593) x11 0x00000108
core   0: 0x800047d8 (0x000d1093) slli    ra, s10, 0
core   0: 3 0x800047d8 (0x000d1093) x 1 0x00000000
core   0: 0x800047dc (0x00757333) and     t1, a0, t2
core   0: 3 0x800047dc (0x00757333) x 6 0x00000000
core   0: 0x800047e0 (0x41e75813) srai    a6, a4, 30
core   0: 3 0x800047e0 (0x41e75813) x16 0x00000000
core   0: 0x800047e4 (0x0057e433) or      s0, a5, t0
core   0: 3 0x800047e4 (0x0057e433) x 8 0xee0d078c
core   0: 0x800047e8 (0xccf9b513) sltiu   a0, s3, -817
core   0: 3 0x800047e8 (0xccf9b513) x10 0x00000001
core   0: 0x800047ec (0x01e59233) sll     tp, a1, t5
core   0: 3 0x800047ec (0x01e59233) x 4 0x00021000
core   0: 0x800047f0 (0x0149bd33) sltu    s10, s3, s4
core   0: 3 0x800047f0 (0x0149bd33) x26 0x00000001
core   0: 0x800047f4 (0x00000013) nop
core   0: 3 0x800047f4 (0x00000013)
core   0: 0x800047f8 (0x000b2d33) slt     s10, s6, zero
core   0: 3 0x800047f8 (0x000b2d33) x26 0x00000001
core   0: 0x800047fc (0x00000013) nop
core   0: 3 0x800047fc (0x00000013)
core   0: 0x80004800 (0x01471433) sll     s0, a4, s4
core   0: 3 0x80004800 (0x01471433) x 8 0x00000000
core   0: 0x80004804 (0x01c69e93) slli    t4, a3, 28
core   0: 3 0x80004804 (0x01c69e93) x29 0x00000000
core   0: 0x80004808 (0x01d41a93) slli    s5, s0, 29
core   0: 3 0x80004808 (0x01d41a93) x21 0x00000000
core   0: 0x8000480c (0x002c2ab3) slt     s5, s8, sp
core   0: 3 0x8000480c (0x002c2ab3) x21 0x00000000
core   0: 0x80004810 (0x01dabc33) sltu    s8, s5, t4
core   0: 3 0x80004810 (0x01dabc33) x24 0x00000000
core   0: 0x80004814 (0x4f2bcd13) xori    s10, s7, 1266
core   0: 3 0x80004814 (0x4f2bcd13) x26 0x000004f2
core   0: 0x80004818 (0x9803e013) ori     zero, t2, -1664
core   0: 3 0x80004818 (0x9803e013)
core   0: 0x8000481c (0x01652eb3) slt     t4, a0, s6
core   0: 3 0x8000481c (0x01652eb3) x29 0x00000000
core   0: 0x80004820 (0x9b7ae413) ori     s0, s5, -1609
core   0: 3 0x80004820 (0x9b7ae413) x 8 0xfffff9b7
core   0: 0x80004824 (0x41e350b3) sra     ra, t1, t5
core   0: 3 0x80004824 (0x41e350b3) x 1 0x00000000
core   0: 0x80004828 (0x3947ca93) xori    s5, a5, 916
core   0: 3 0x80004828 (0x3947ca93) x21 0xee0d0418
core   0: 0x8000482c (0x411f0ab3) sub     s5, t5, a7
core   0: 3 0x8000482c (0x411f0ab3) x21 0x7ffee125
core   0: 0x80004830 (0x401adab3) sra     s5, s5, ra
core   0: 3 0x80004830 (0x401adab3) x21 0x7ffee125
core   0: 0x80004834 (0x00f0e733) or      a4, ra, a5
core   0: 3 0x80004834 (0x00f0e733) x14 0xee0d078c
core   0: 0x80004838 (0xbff30993) addi    s3, t1, -1025
core   0: 3 0x80004838 (0xbff30993) x19 0xfffffbff
core   0: 0x8000483c (0x4fdbcfb7) lui     t6, 0x4fdbc
core   0: 3 0x8000483c (0x4fdbcfb7) x31 0x4fdbc000
core   0: 0x80004840 (0x01101193) slli    gp, zero, 17
core   0: 3 0x80004840 (0x01101193) x 3 0x00000000
core   0: 0x80004844 (0x01461bb3) sll     s7, a2, s4
core   0: 3 0x80004844 (0x01461bb3) x23 0x80000000
core   0: 0x80004848 (0x00ccdd93) srli    s11, s9, 12
core   0: 3 0x80004848 (0x00ccdd93) x27 0x00000000
core   0: 0x8000484c (0x0012f033) and     zero, t0, ra
core   0: 3 0x8000484c (0x0012f033)
core   0: 0x80004850 (0x4079d493) srai    s1, s3, 7
core   0: 3 0x80004850 (0x4079d493) x 9 0xfffffff7
core   0: 0x80004854 (0x01c33933) sltu    s2, t1, t3
core   0: 3 0x80004854 (0x01c33933) x18 0x00000001
core   0: 0x80004858 (0x40b10533) sub     a0, sp, a1
core   0: 3 0x80004858 (0x40b10533) x10 0xc47ffef8
core   0: 0x8000485c (0x00df9933) sll     s2, t6, a3
core   0: 3 0x8000485c (0x00df9933) x18 0x4fdbc000
core   0: 0x80004860 (0x00024633) xor     a2, tp, zero
core   0: 3 0x80004860 (0x00024633) x12 0x00021000
core   0: 0x80004864 (0x0148b7b3) sltu    a5, a7, s4
core   0: 3 0x80004864 (0x0148b7b3) x15 0x00000001
core   0: 0x80004868 (0x0e99e013) ori     zero, s3, 233
core   0: 3 0x80004868 (0x0e99e013)
core   0: 0x8000486c (0x0157b2b3) sltu    t0, a5, s5
core   0: 3 0x8000486c (0x0157b2b3) x 5 0x00000001
core   0: 0x80004870 (0x4032da93) srai    s5, t0, 3
core   0: 3 0x80004870 (0x4032da93) x21 0x00000000
core   0: 0x80004874 (0x01c47e33) and     t3, s0, t3
core   0: 3 0x80004874 (0x01c47e33) x28 0x44c88900
core   0: 0x80004878 (0x006916b3) sll     a3, s2, t1
core   0: 3 0x80004878 (0x006916b3) x13 0x4fdbc000
core   0: 0x8000487c (0x01176f33) or      t5, a4, a7
core   0: 3 0x8000487c (0x01176f33) x30 0xee0d1fec
core   0: 0x80004880 (0x7c3db913) sltiu   s2, s11, 1987
core   0: 3 0x80004880 (0x7c3db913) x18 0x00000001
core   0: 0x80004884 (0x4041d493) srai    s1, gp, 4
core   0: 3 0x80004884 (0x4041d493) x 9 0x00000000
core   0: 0x80004888 (0x404b0bb3) sub     s7, s6, tp
core   0: 3 0x80004888 (0x404b0bb3) x23 0xe88186e1
core   0: 0x8000488c (0x41fadfb3) sra     t6, s5, t6
core   0: 3 0x8000488c (0x41fadfb3) x31 0x00000000
core   0: 0x80004890 (0x019ff0b3) and     ra, t6, s9
core   0: 3 0x80004890 (0x019ff0b3) x 1 0x00000000
core   0: 0x80004894 (0x01262a33) slt     s4, a2, s2
core   0: 3 0x80004894 (0x01262a33) x20 0x00000000
core   0: 0x80004898 (0x3bbee993) ori     s3, t4, 955
core   0: 3 0x80004898 (0x3bbee993) x19 0x000003bb
core   0: 0x8000489c (0xfab7b5b7) lui     a1, 0xfab7b
core   0: 3 0x8000489c (0xfab7b5b7) x11 0xfab7b000
core   0: 0x800048a0 (0x01d1d333) srl     t1, gp, t4
core   0: 3 0x800048a0 (0x01d1d333) x 6 0x00000000
core   0: 0x800048a4 (0x00f054b3) srl     s1, zero, a5
core   0: 3 0x800048a4 (0x00f054b3) x 9 0x00000000
core   0: 0x800048a8 (0x003fa433) slt     s0, t6, gp
core   0: 3 0x800048a8 (0x003fa433) x 8 0x00000000
core   0: 0x800048ac (0x00000013) nop
core   0: 3 0x800048ac (0x00000013)
core   0: 0x800048b0 (0x416c5633) sra     a2, s8, s6
core   0: 3 0x800048b0 (0x416c5633) x12 0x00000000
core   0: 0x800048b4 (0x7cb42313) slti    t1, s0, 1995
core   0: 3 0x800048b4 (0x7cb42313) x 6 0x00000001
core   0: 0x800048b8 (0x00000013) nop
core   0: 3 0x800048b8 (0x00000013)
core   0: 0x800048bc (0x277fa9b7) lui     s3, 0x277fa
core   0: 3 0x800048bc (0x277fa9b7) x19 0x277fa000
core   0: 0x800048c0 (0x00e617b3) sll     a5, a2, a4
core   0: 3 0x800048c0 (0x00e617b3) x15 0x00000000
core   0: 0x800048c4 (0xa421eb93) ori     s7, gp, -1470
core   0: 3 0x800048c4 (0xa421eb93) x23 0xfffffa42
core   0: 0x800048c8 (0x00432533) slt     a0, t1, tp
core   0: 3 0x800048c8 (0x00432533) x10 0x00000001
core   0: 0x800048cc (0xf3987513) andi    a0, a6, -199
core   0: 3 0x800048cc (0xf3987513) x10 0x00000000
core   0: 0x800048d0 (0x01185693) srli    a3, a6, 17
core   0: 3 0x800048d0 (0x01185693) x13 0x00000000
core   0: 0x800048d4 (0x00b11c13) slli    s8, sp, 11
core   0: 3 0x800048d4 (0x00b11c13) x24 0x00000000
core   0: 0x800048d8 (0x6adb7117) auipc   sp, 0x6adb7
core   0: 3 0x800048d8 (0x6adb7117) x 2 0xeadbb8d8
core   0: 0x800048dc (0x00a5d493) srli    s1, a1, 10
core   0: 3 0x800048dc (0x00a5d493) x 9 0x003eadec
core   0: 0x800048e0 (0x01ba1b93) slli    s7, s4, 27
core   0: 3 0x800048e0 (0x01ba1b93) x23 0x00000000
core   0: 0x800048e4 (0x404f5bb3) sra     s7, t5, tp
core   0: 3 0x800048e4 (0x404f5bb3) x23 0xee0d1fec
core   0: 0x800048e8 (0x2bc60513) addi    a0, a2, 700
core   0: 3 0x800048e8 (0x2bc60513) x10 0x000002bc
core   0: 0x800048ec (0x81f9e313) ori     t1, s3, -2017
core   0: 3 0x800048ec (0x81f9e313) x 6 0xfffff81f
core   0: 0x800048f0 (0x013e06b3) add     a3, t3, s3
core   0: 3 0x800048f0 (0x013e06b3) x13 0x6c482900
core   0: 0x800048f4 (0x01526db3) or      s11, tp, s5
core   0: 3 0x800048f4 (0x01526db3) x27 0x00021000
core   0: 0x800048f8 (0x5c009c37) lui     s8, 0x5c009
core   0: 3 0x800048f8 (0x5c009c37) x24 0x5c009000
core   0: 0x800048fc (0x77fe0a13) addi    s4, t3, 1919
core   0: 3 0x800048fc (0x77fe0a13) x20 0x44c8907f
core   0: 0x80004900 (0x404e8bb3) sub     s7, t4, tp
core   0: 3 0x80004900 (0x404e8bb3) x23 0xfffdf000
core   0: 0x80004904 (0x014a1493) slli    s1, s4, 20
core   0: 3 0x80004904 (0x014a1493) x 9 0x07f00000
core   0: 0x80004908 (0x41960433) sub     s0, a2, s9
core   0: 3 0x80004908 (0x41960433) x 8 0x00000000
core   0: 0x8000490c (0x5eb5cd93) xori    s11, a1, 1515
core   0: 3 0x8000490c (0x5eb5cd93) x27 0xfab7b5eb
core   0: 0x80004910 (0xe2e14313) xori    t1, sp, -466
core   0: 3 0x80004910 (0xe2e14313) x 6 0x152446f6
core   0: 0x80004914 (0x01c6a433) slt     s0, a3, t3
core   0: 3 0x80004914 (0x01c6a433) x 8 0x00000000
core   0: 0x80004918 (0x008d5113) srli    sp, s10, 8
core   0: 3 0x80004918 (0x008d5113) x 2 0x00000004
core   0: 0x8000491c (0x0176d4b3) srl     s1, a3, s7
core   0: 3 0x8000491c (0x0176d4b3) x 9 0x6c482900
core   0: 0x80004920 (0x40f3d813) srai    a6, t2, 15
core   0: 3 0x80004920 (0x40f3d813) x16 0xffff0002
core   0: 0x80004924 (0x40a00c33) sub     s8, zero, a0
core   0: 3 0x80004924 (0x40a00c33) x24 0xfffffd44
core   0: 0x80004928 (0x00fb9d13) slli    s10, s7, 15
core   0: 3 0x80004928 (0x00fb9d13) x26 0xf8000000
core   0: 0x8000492c (0x000c9c33) sll     s8, s9, zero
core   0: 3 0x8000492c (0x000c9c33) x24 0x00000000
core   0: 0x80004930 (0xf36d2513) slti    a0, s10, -202
core   0: 3 0x80004930 (0xf36d2513) x10 0x00000001
core   0: 0x80004934 (0x00eb6fb3) or      t6, s6, a4
core   0: 3 0x80004934 (0x00eb6fb3) x31 0xee8f97ed
core   0: 0x80004938 (0x14ec3093) sltiu   ra, s8, 334
core   0: 3 0x80004938 (0x14ec3093) x 1 0x00000001
core   0: 0x8000493c (0x01c595b3) sll     a1, a1, t3
core   0: 3 0x8000493c (0x01c595b3) x11 0xfab7b000
core   0: 0x80004940 (0x40500e33) sub     t3, zero, t0
core   0: 3 0x80004940 (0x40500e33) x28 0xffffffff
core   0: 0x80004944 (0x64e25d17) auipc   s10, 0x64e25
core   0: 3 0x80004944 (0x64e25d17) x26 0xe4e29944
core   0: 0x80004948 (0xe0648db7) lui     s11, 0xe0648
core   0: 3 0x80004948 (0xe0648db7) x27 0xe0648000
core   0: 0x8000494c (0x4038d033) sra     zero, a7, gp
core   0: 3 0x8000494c (0x4038d033)
core   0: 0x80004950 (0x007be433) or      s0, s7, t2
core   0: 3 0x80004950 (0x007be433) x 8 0xfffdfce4
core   0: 0x80004954 (0x00000013) nop
core   0: 3 0x80004954 (0x00000013)
core   0: 0x80004958 (0x59c52493) slti    s1, a0, 1436
core   0: 3 0x80004958 (0x59c52493) x 9 0x00000001
core   0: 0x8000495c (0x00bf5413) srli    s0, t5, 11
core   0: 3 0x8000495c (0x00bf5413) x 8 0x001dc1a3
core   0: 0x80004960 (0xdb4f6b93) ori     s7, t5, -588
core   0: 3 0x80004960 (0xdb4f6b93) x23 0xfffffffc
core   0: 0x80004964 (0x00a8f4b3) and     s1, a7, a0
core   0: 3 0x80004964 (0x00a8f4b3) x 9 0x00000000
core   0: 0x80004968 (0x6cd92e13) slti    t3, s2, 1741
core   0: 3 0x80004968 (0x6cd92e13) x28 0x00000001
core   0: 0x8000496c (0xbb8ee137) lui     sp, 0xbb8ee
core   0: 3 0x8000496c (0xbb8ee137) x 2 0xbb8ee000
core   0: 0x80004970 (0x01dfcd33) xor     s10, t6, t4
core   0: 3 0x80004970 (0x01dfcd33) x26 0xee8f97ed
core   0: 0x80004974 (0x44201bb7) lui     s7, 0x44201
core   0: 3 0x80004974 (0x44201bb7) x23 0x44201000
core   0: 0x80004978 (0xcc6f0793) addi    a5, t5, -826
core   0: 3 0x80004978 (0xcc6f0793) x15 0xee0d1cb2
core   0: 0x8000497c (0xea9a8597) auipc   a1, 0xea9a8
core   0: 3 0x8000497c (0xea9a8597) x11 0x6a9ac97c
core   0: 0x80004980 (0x00ccb033) sltu    zero, s9, a2
core   0: 3 0x80004980 (0x00ccb033)
core   0: 0x80004984 (0x01cea5b3) slt     a1, t4, t3
core   0: 3 0x80004984 (0x01cea5b3) x11 0x00000001
core   0: 0x80004988 (0x2ba95e97) auipc   t4, 0x2ba95
core   0: 3 0x80004988 (0x2ba95e97) x29 0xaba99988
core   0: 0x8000498c (0x00ed6cb3) or      s9, s10, a4
core   0: 3 0x8000498c (0x00ed6cb3) x25 0xee8f97ed
core   0: 0x80004990 (0x01f1adb3) slt     s11, gp, t6
core   0: 3 0x80004990 (0x01f1adb3) x27 0x00000000
core   0: 0x80004994 (0x53d93517) auipc   a0, 0x53d93
core   0: 3 0x80004994 (0x53d93517) x10 0xd3d97994
core   0: 0x80004998 (0xed1fb513) sltiu   a0, t6, -303
core   0: 3 0x80004998 (0xed1fb513) x10 0x00000001
core   0: 0x8000499c (0x00fc06b3) add     a3, s8, a5
core   0: 3 0x8000499c (0x00fc06b3) x13 0xee0d1cb2
core   0: 0x800049a0 (0x00552033) slt     zero, a0, t0
core   0: 3 0x800049a0 (0x00552033)
core   0: 0x800049a4 (0x002db9b3) sltu    s3, s11, sp
core   0: 3 0x800049a4 (0x002db9b3) x19 0x00000001
core   0: 0x800049a8 (0x007b9ab3) sll     s5, s7, t2
core   0: 3 0x800049a8 (0x007b9ab3) x21 0x42010000
core   0: 0x800049ac (0xc6301f17) auipc   t5, 0xc6301
core   0: 3 0x800049ac (0xc6301f17) x30 0x463059ac
core   0: 0x800049b0 (0x6912a413) slti    s0, t0, 1681
core   0: 3 0x800049b0 (0x6912a413) x 8 0x00000001
core   0: 0x800049b4 (0x01f66333) or      t1, a2, t6
core   0: 3 0x800049b4 (0x01f66333) x 6 0xee8f97ed
core   0: 0x800049b8 (0x402b0133) sub     sp, s6, sp
core   0: 3 0x800049b8 (0x402b0133) x 2 0x2cf4b6e1
core   0: 0x800049bc (0x0085d713) srli    a4, a1, 8
core   0: 3 0x800049bc (0x0085d713) x14 0x00000000
core   0: 0x800049c0 (0x4161df13) srai    t5, gp, 22
core   0: 3 0x800049c0 (0x4161df13) x30 0x00000000
core   0: 0x800049c4 (0x00000013) nop
core   0: 3 0x800049c4 (0x00000013)
core   0: 0x800049c8 (0x62386c93) ori     s9, a6, 1571
core   0: 3 0x800049c8 (0x62386c93) x25 0xffff0623
core   0: 0x800049cc (0x406c8c33) sub     s8, s9, t1
core   0: 3 0x800049cc (0x406c8c33) x24 0x116f6e36
core   0: 0x800049d0 (0xd1753937) lui     s2, 0xd1753
core   0: 3 0x800049d0 (0xd1753937) x18 0xd1753000
core   0: 0x800049d4 (0x01e3f933) and     s2, t2, t5
core   0: 3 0x800049d4 (0x01e3f933) x18 0x00000000
core   0: 0x800049d8 (0x01049433) sll     s0, s1, a6
core   0: 3 0x800049d8 (0x01049433) x 8 0x00000000
core   0: 0x800049dc (0x41168833) sub     a6, a3, a7
core   0: 3 0x800049dc (0x41168833) x16 0x6e0bfe4e
core   0: 0x800049e0 (0x71414c93) xori    s9, sp, 1812
core   0: 3 0x800049e0 (0x71414c93) x25 0x2cf4b1f5
core   0: 0x800049e4 (0x01b266b3) or      a3, tp, s11
core   0: 3 0x800049e4 (0x01b266b3) x13 0x00021000
core   0: 0x800049e8 (0x00000013) nop
core   0: 3 0x800049e8 (0x00000013)
core   0: 0x800049ec (0x4a370f17) auipc   t5, 0x4a370
core   0: 3 0x800049ec (0x4a370f17) x30 0xca3749ec
core   0: 0x800049f0 (0x78fdb497) auipc   s1, 0x78fdb
core   0: 3 0x800049f0 (0x78fdb497) x 9 0xf8fdf9f0
core   0: 0x800049f4 (0x01990cb3) add     s9, s2, s9
core   0: 3 0x800049f4 (0x01990cb3) x25 0x2cf4b1f5
core   0: 0x800049f8 (0x97de2313) slti    t1, t3, -1667
core   0: 3 0x800049f8 (0x97de2313) x 6 0x00000000
core   0: 0x800049fc (0x00c2c7b3) xor     a5, t0, a2
core   0: 3 0x800049fc (0x00c2c7b3) x15 0x00000001
core   0: 0x80004a00 (0x41f25d33) sra     s10, tp, t6
core   0: 3 0x80004a00 (0x41f25d33) x26 0x00000010
core   0: 0x80004a04 (0x698e4f93) xori    t6, t3, 1688
core   0: 3 0x80004a04 (0x698e4f93) x31 0x00000699
core   0: 0x80004a08 (0x009f1213) slli    tp, t5, 9
core   0: 3 0x80004a08 (0x009f1213) x 4 0x6e93d800
core   0: 0x80004a0c (0x40b9de13) srai    t3, s3, 11
core   0: 3 0x80004a0c (0x40b9de13) x28 0x00000000
core   0: 0x80004a10 (0x00642933) slt     s2, s0, t1
core   0: 3 0x80004a10 (0x00642933) x18 0x00000000
core   0: 0x80004a14 (0x00000013) nop
core   0: 3 0x80004a14 (0x00000013)
core   0: 0x80004a18 (0x8eeaba13) sltiu   s4, s5, -1810
core   0: 3 0x80004a18 (0x8eeaba13) x20 0x00000001
core   0: 0x80004a1c (0x01718233) add     tp, gp, s7
core   0: 3 0x80004a1c (0x01718233) x 4 0x44201000
core   0: 0x80004a20 (0x5b584813) xori    a6, a6, 1461
core   0: 3 0x80004a20 (0x5b584813) x16 0x6e0bfbfb
core   0: 0x80004a24 (0x01098333) add     t1, s3, a6
core   0: 3 0x80004a24 (0x01098333) x 6 0x6e0bfbfc
core   0: 0x80004a28 (0x00dae933) or      s2, s5, a3
core   0: 3 0x80004a28 (0x00dae933) x18 0x42031000
core   0: 0x80004a2c (0x00c25193) srli    gp, tp, 12
core   0: 3 0x80004a2c (0x00c25193) x 3 0x00044201
core   0: 0x80004a30 (0x0bcf2713) slti    a4, t5, 188
core   0: 3 0x80004a30 (0x0bcf2713) x14 0x00000001
core   0: 0x80004a34 (0x01f99633) sll     a2, s3, t6
core   0: 3 0x80004a34 (0x01f99633) x12 0x02000000
core   0: 0x80004a38 (0x9934f213) andi    tp, s1, -1645
core   0: 3 0x80004a38 (0x9934f213) x 4 0xf8fdf990
core   0: 0x80004a3c (0x411e07b3) sub     a5, t3, a7
core   0: 3 0x80004a3c (0x411e07b3) x15 0x7ffee19c
core   0: 0x80004a40 (0x0089d4b3) srl     s1, s3, s0
core   0: 3 0x80004a40 (0x0089d4b3) x 9 0x00000001
core   0: 0x80004a44 (0x213efe13) andi    t3, t4, 531
core   0: 3 0x80004a44 (0x213efe13) x28 0x00000000
core   0: 0x80004a48 (0x0021f133) and     sp, gp, sp
core   0: 3 0x80004a48 (0x0021f133) x 2 0x00040201
core   0: 0x80004a4c (0x67fac993) xori    s3, s5, 1663
core   0: 3 0x80004a4c (0x67fac993) x19 0x4201067f
core   0: 0x80004a50 (0x0089a033) slt     zero, s3, s0
core   0: 3 0x80004a50 (0x0089a033)
core   0: 0x80004a54 (0x0112c9b3) xor     s3, t0, a7
core   0: 3 0x80004a54 (0x0112c9b3) x19 0x80011e65
core   0: 0x80004a58 (0x00c11ab3) sll     s5, sp, a2
core   0: 3 0x80004a58 (0x00c11ab3) x21 0x00040201
core   0: 0x80004a5c (0x003789b3) add     s3, a5, gp
core   0: 3 0x80004a5c (0x003789b3) x19 0x8003239d
core   0: 0x80004a60 (0x40f556b3) sra     a3, a0, a5
core   0: 3 0x80004a60 (0x40f556b3) x13 0x00000000
core   0: 0x80004a64 (0x00b51093) slli    ra, a0, 11
core   0: 3 0x80004a64 (0x00b51093) x 1 0x00000800
core   0: 0x80004a68 (0x40b75913) srai    s2, a4, 11
core   0: 3 0x80004a68 (0x40b75913) x18 0x00000000
core   0: 0x80004a6c (0x140db613) sltiu   a2, s11, 320
core   0: 3 0x80004a6c (0x140db613) x12 0x00000001
core   0: 0x80004a70 (0x01aa0533) add     a0, s4, s10
core   0: 3 0x80004a70 (0x01aa0533) x10 0x00000011
core   0: 0x80004a74 (0x03cc15b7) lui     a1, 0x3cc1
core   0: 3 0x80004a74 (0x03cc15b7) x11 0x03cc1000
core   0: 0x80004a78 (0xaa820cb7) lui     s9, 0xaa820
core   0: 3 0x80004a78 (0xaa820cb7) x25 0xaa820000
core   0: 0x80004a7c (0x019e42b3) xor     t0, t3, s9
core   0: 3 0x80004a7c (0x019e42b3) x 5 0xaa820000
core   0: 0x80004a80 (0x00e11cb3) sll     s9, sp, a4
core   0: 3 0x80004a80 (0x00e11cb3) x25 0x00080402
core   0: 0x80004a84 (0x004f72b3) and     t0, t5, tp
core   0: 3 0x80004a84 (0x004f72b3) x 5 0xc8354980
core   0: 0x80004a88 (0x01e99613) slli    a2, s3, 30
core   0: 3 0x80004a88 (0x01e99613) x12 0x40000000
core   0: 0x80004a8c (0x409d85b3) sub     a1, s11, s1
core   0: 3 0x80004a8c (0x409d85b3) x11 0xffffffff
core   0: 0x80004a90 (0x00000013) nop
core   0: 3 0x80004a90 (0x00000013)
core   0: 0x80004a94 (0x00ec0033) add     zero, s8, a4
core   0: 3 0x80004a94 (0x00ec0033)
core   0: 0x80004a98 (0xd38c4213) xori    tp, s8, -712
core   0: 3 0x80004a98 (0xd38c4213) x 4 0xee90930e
core   0: 0x80004a9c (0xd5c30e17) auipc   t3, 0xd5c30
core   0: 3 0x80004a9c (0xd5c30e17) x28 0x55c34a9c
core   0: 0x80004aa0 (0x2c908f13) addi    t5, ra, 713
core   0: 3 0x80004aa0 (0x2c908f13) x30 0x00000ac9
core   0: 0x80004aa4 (0x00000013) nop
core   0: 3 0x80004aa4 (0x00000013)
core   0: 0x80004aa8 (0x41ee5c33) sra     s8, t3, t5
core   0: 3 0x80004aa8 (0x41ee5c33) x24 0x002ae1a5
core   0: 0x80004aac (0x23155797) auipc   a5, 0x23155
core   0: 3 0x80004aac (0x23155797) x15 0xa3159aac
core   0: 0x80004ab0 (0x000aa7b3) slt     a5, s5, zero
core   0: 3 0x80004ab0 (0x000aa7b3) x15 0x00000000
core   0: 0x80004ab4 (0x2c0d2097) auipc   ra, 0x2c0d2
core   0: 3 0x80004ab4 (0x2c0d2097) x 1 0xac0d6ab4
core   0: 0x80004ab8 (0xca7c3813) sltiu   a6, s8, -857
core   0: 3 0x80004ab8 (0xca7c3813) x16 0x00000001
core   0: 0x80004abc (0x010ad913) srli    s2, s5, 16
core   0: 3 0x80004abc (0x010ad913) x18 0x00000004
core   0: 0x80004ac0 (0x00397333) and     t1, s2, gp
core   0: 3 0x80004ac0 (0x00397333) x 6 0x00000000
core   0: 0x80004ac4 (0xe8caf193) andi    gp, s5, -372
core   0: 3 0x80004ac4 (0xe8caf193) x 3 0x00040200
core   0: 0x80004ac8 (0xb5000c97) auipc   s9, 0xb5000
core   0: 3 0x80004ac8 (0xb5000c97) x25 0x35004ac8
core   0: 0x80004acc (0xc03da837) lui     a6, 0xc03da
core   0: 3 0x80004acc (0xc03da837) x16 0xc03da000
core   0: 0x80004ad0 (0x00b99213) slli    tp, s3, 11
core   0: 3 0x80004ad0 (0x00b99213) x 4 0x191ce800
core   0: 0x80004ad4 (0x3e93aa93) slti    s5, t2, 1001
core   0: 3 0x80004ad4 (0x3e93aa93) x21 0x00000001
core   0: 0x80004ad8 (0xe05de613) ori     a2, s11, -507
core   0: 3 0x80004ad8 (0xe05de613) x12 0xfffffe05
core   0: 0x80004adc (0x43287313) andi    t1, a6, 1074
core   0: 3 0x80004adc (0x43287313) x 6 0x00000000
core   0: 0x80004ae0 (0x01a48833) add     a6, s1, s10
core   0: 3 0x80004ae0 (0x01a48833) x16 0x00000011
core   0: 0x80004ae4 (0xc0ba0113) addi    sp, s4, -1013
core   0: 3 0x80004ae4 (0xc0ba0113) x 2 0xfffffc0c
core   0: 0x80004ae8 (0x722b3f37) lui     t5, 0x722b3
core   0: 3 0x80004ae8 (0x722b3f37) x30 0x722b3000
core   0: 0x80004aec (0x00415eb3) srl     t4, sp, tp
core   0: 3 0x80004aec (0x00415eb3) x29 0xfffffc0c
core   0: 0x80004af0 (0x01d371b3) and     gp, t1, t4
core   0: 3 0x80004af0 (0x01d371b3) x 3 0x00000000
core   0: 0x80004af4 (0x40215013) srai    zero, sp, 2
core   0: 3 0x80004af4 (0x40215013)
core   0: 0x80004af8 (0x00106933) or      s2, zero, ra
core   0: 3 0x80004af8 (0x00106933) x18 0xac0d6ab4
core   0: 0x80004afc (0x00062733) slt     a4, a2, zero
core   0: 3 0x80004afc (0x00062733) x14 0x00000001
core   0: 0x80004b00 (0x01e407b3) add     a5, s0, t5
core   0: 3 0x80004b00 (0x01e407b3) x15 0x722b3000
core   0: 0x80004b04 (0x00789413) slli    s0, a7, 7
core   0: 3 0x80004b04 (0x00789413) x 8 0x008f3200
core   0: 0x80004b08 (0x8a218913) addi    s2, gp, -1886
core   0: 3 0x80004b08 (0x8a218913) x18 0xfffff8a2
core   0: 0x80004b0c (0x00f01c93) slli    s9, zero, 15
core   0: 3 0x80004b0c (0x00f01c93) x25 0x00000000
core   0: 0x80004b10 (0x00039813) slli    a6, t2, 0
core   0: 3 0x80004b10 (0x00039813) x16 0x80015ce4
core   0: 0x80004b14 (0x9d38e213) ori     tp, a7, -1581
core   0: 3 0x80004b14 (0x9d38e213) x 4 0xfffffff7
core   0: 0x80004b18 (0x219e0693) addi    a3, t3, 537
core   0: 3 0x80004b18 (0x219e0693) x13 0x55c34cb5
core   0: 0x80004b1c (0x404bdf93) srai    t6, s7, 4
core   0: 3 0x80004b1c (0x404bdf93) x31 0x04420100
core   0: 0x80004b20 (0x40d2dbb3) sra     s7, t0, a3
core   0: 3 0x80004b20 (0x40d2dbb3) x23 0xfffffe41
core   0: 0x80004b24 (0x018bc9b3) xor     s3, s7, s8
core   0: 3 0x80004b24 (0x018bc9b3) x19 0xffd51fe4
core   0: 0x80004b28 (0x41ec5d93) srai    s11, s8, 30
core   0: 3 0x80004b28 (0x41ec5d93) x27 0x00000000
core   0: 0x80004b2c (0x40605093) srai    ra, zero, 6
core   0: 3 0x80004b2c (0x40605093) x 1 0x00000000
core   0: 0x80004b30 (0x006d5193) srli    gp, s10, 6
core   0: 3 0x80004b30 (0x006d5193) x 3 0x00000000
core   0: 0x80004b34 (0x009921b3) slt     gp, s2, s1
core   0: 3 0x80004b34 (0x009921b3) x 3 0x00000001
core   0: 0x80004b38 (0x4072d613) srai    a2, t0, 7
core   0: 3 0x80004b38 (0x4072d613) x12 0xff906a93
core   0: 0x80004b3c (0x01e66533) or      a0, a2, t5
core   0: 3 0x80004b3c (0x01e66533) x10 0xffbb7a93
core   0: 0x80004b40 (0xbc143d13) sltiu   s10, s0, -1087
core   0: 3 0x80004b40 (0xbc143d13) x26 0x00000001
core   0: 0x80004b44 (0x3d162c93) slti    s9, a2, 977
core   0: 3 0x80004b44 (0x3d162c93) x25 0x00000001
core   0: 0x80004b48 (0x16d28a93) addi    s5, t0, 365
core   0: 3 0x80004b48 (0x16d28a93) x21 0xc8354aed
core   0: 0x80004b4c (0x0082b0b3) sltu    ra, t0, s0
core   0: 3 0x80004b4c (0x0082b0b3) x 1 0x00000000
core   0: 0x80004b50 (0x409d5e33) sra     t3, s10, s1
core   0: 3 0x80004b50 (0x409d5e33) x28 0x00000000
core   0: 0x80004b54 (0x40b756b3) sra     a3, a4, a1
core   0: 3 0x80004b54 (0x40b756b3) x13 0x00000000
core   0: 0x80004b58 (0x01e89313) slli    t1, a7, 30
core   0: 3 0x80004b58 (0x01e89313) x 6 0x00000000
core   0: 0x80004b5c (0x01bbc233) xor     tp, s7, s11
core   0: 3 0x80004b5c (0x01bbc233) x 4 0xfffffe41
core   0: 0x80004b60 (0x01658db3) add     s11, a1, s6
core   0: 3 0x80004b60 (0x01658db3) x27 0xe88396e0
core   0: 0x80004b64 (0x00000013) nop
core   0: 3 0x80004b64 (0x00000013)
core   0: 0x80004b68 (0x05a0be13) sltiu   t3, ra, 90
core   0: 3 0x80004b68 (0x05a0be13) x28 0x00000001
core   0: 0x80004b6c (0x00000013) nop
core   0: 3 0x80004b6c (0x00000013)
core   0: 0x80004b70 (0x002cf933) and     s2, s9, sp
core   0: 3 0x80004b70 (0x002cf933) x18 0x00000000
core   0: 0x80004b74 (0x01035ab3) srl     s5, t1, a6
core   0: 3 0x80004b74 (0x01035ab3) x21 0x00000000
core   0: 0x80004b78 (0x00000013) nop
core   0: 3 0x80004b78 (0x00000013)
core   0: 0x80004b7c (0x018296b3) sll     a3, t0, s8
core   0: 3 0x80004b7c (0x018296b3) x13 0x06a93000
core   0: 0x80004b80 (0x015fe633) or      a2, t6, s5
core   0: 3 0x80004b80 (0x015fe633) x12 0x04420100
core   0: 0x80004b84 (0x13b72713) slti    a4, a4, 315
core   0: 3 0x80004b84 (0x13b72713) x14 0x00000001
core   0: 0x80004b88 (0x00bb47b3) xor     a5, s6, a1
core   0: 3 0x80004b88 (0x00bb47b3) x15 0x177c691e
core   0: 0x80004b8c (0xb20d6213) ori     tp, s10, -1248
core   0: 3 0x80004b8c (0xb20d6213) x 4 0xfffffb21
core   0: 0x80004b90 (0x9b48b993) sltiu   s3, a7, -1612
core   0: 3 0x80004b90 (0x9b48b993) x19 0x00000001
core   0: 0x80004b94 (0x00d98117) auipc   sp, 0xd98
core   0: 3 0x80004b94 (0x00d98117) x 2 0x80d9cb94
core   0: 0x80004b98 (0x01dd8633) add     a2, s11, t4
core   0: 3 0x80004b98 (0x01dd8633) x12 0xe88392ec
core   0: 0x80004b9c (0x19778493) addi    s1, a5, 407
core   0: 3 0x80004b9c (0x19778493) x 9 0x177c6ab5
core   0: 0x80004ba0 (0x96f45037) lui     zero, 0x96f45
core   0: 3 0x80004ba0 (0x96f45037)
core   0: 0x80004ba4 (0x40ee5733) sra     a4, t3, a4
core   0: 3 0x80004ba4 (0x40ee5733) x14 0x00000000
core   0: 0x80004ba8 (0xb06ca993) slti    s3, s9, -1274
core   0: 3 0x80004ba8 (0xb06ca993) x19 0x00000000
core   0: 0x80004bac (0xb9424a17) auipc   s4, 0xb9424
core   0: 3 0x80004bac (0xb9424a17) x20 0x39428bac
core   0: 0x80004bb0 (0x017fe633) or      a2, t6, s7
core   0: 3 0x80004bb0 (0x017fe633) x12 0xffffff41
core   0: 0x80004bb4 (0x00000013) nop
core   0: 3 0x80004bb4 (0x00000013)
core   0: 0x80004bb8 (0x41008333) sub     t1, ra, a6
core   0: 3 0x80004bb8 (0x41008333) x 6 0x7ffea31c
core   0: 0x80004bbc (0x9330e993) ori     s3, ra, -1741
core   0: 3 0x80004bbc (0x9330e993) x19 0xfffff933
core   0: 0x80004bc0 (0x8c8db617) auipc   a2, 0x8c8db
core   0: 3 0x80004bc0 (0x8c8db617) x12 0x0c8dfbc0
core   0: 0x80004bc4 (0x01bc6db3) or      s11, s8, s11
core   0: 3 0x80004bc4 (0x01bc6db3) x27 0xe8abf7e5
core   0: 0x80004bc8 (0x01260333) add     t1, a2, s2
core   0: 3 0x80004bc8 (0x01260333) x 6 0x0c8dfbc0
core   0: 0x80004bcc (0x4e198917) auipc   s2, 0x4e198
core   0: 3 0x80004bcc (0x4e198917) x18 0xce19cbcc
core   0: 0x80004bd0 (0xfc3f7797) auipc   a5, 0xfc3f7
core   0: 3 0x80004bd0 (0xfc3f7797) x15 0x7c3fbbd0
core   0: 0x80004bd4 (0x01a960b3) or      ra, s2, s10
core   0: 3 0x80004bd4 (0x01a960b3) x 1 0xce19cbcd
core   0: 0x80004bd8 (0x0194c0b3) xor     ra, s1, s9
core   0: 3 0x80004bd8 (0x0194c0b3) x 1 0x177c6ab4
core   0: 0x80004bdc (0x8dfab093) sltiu   ra, s5, -1825
core   0: 3 0x80004bdc (0x8dfab093) x 1 0x00000001
core   0: 0x80004be0 (0x005ea5b3) slt     a1, t4, t0
core   0: 3 0x80004be0 (0x005ea5b3) x11 0x00000000
core   0: 0x80004be4 (0x015e2633) slt     a2, t3, s5
core   0: 3 0x80004be4 (0x015e2633) x12 0x00000000
core   0: 0x80004be8 (0xa2007413) andi    s0, zero, -1504
core   0: 3 0x80004be8 (0xa2007413) x 8 0x00000000
core   0: 0x80004bec (0x01bc3933) sltu    s2, s8, s11
core   0: 3 0x80004bec (0x01bc3933) x18 0x00000001
core   0: 0x80004bf0 (0xa8eafb93) andi    s7, s5, -1394
core   0: 3 0x80004bf0 (0xa8eafb93) x23 0x00000000
core   0: 0x80004bf4 (0x41e8df13) srai    t5, a7, 30
core   0: 3 0x80004bf4 (0x41e8df13) x30 0xfffffffe
core   0: 0x80004bf8 (0x41a35d93) srai    s11, t1, 26
core   0: 3 0x80004bf8 (0x41a35d93) x27 0x00000003
core   0: 0x80004bfc (0x12178593) addi    a1, a5, 289
core   0: 3 0x80004bfc (0x12178593) x11 0x7c3fbcf1
core   0: 0x80004c00 (0x01244c33) xor     s8, s0, s2
core   0: 3 0x80004c00 (0x01244c33) x24 0x00000001
core   0: 0x80004c04 (0xafbd8d13) addi    s10, s11, -1285
core   0: 3 0x80004c04 (0xafbd8d13) x26 0xfffffafe
core   0: 0x80004c08 (0x01b3de13) srli    t3, t2, 27
core   0: 3 0x80004c08 (0x01b3de13) x28 0x00000010
core   0: 0x80004c0c (0x00910333) add     t1, sp, s1
core   0: 3 0x80004c0c (0x00910333) x 6 0x98563649
core   0: 0x80004c10 (0x121df793) andi    a5, s11, 289
core   0: 3 0x80004c10 (0x121df793) x15 0x00000001
core   0: 0x80004c14 (0x5e351c37) lui     s8, 0x5e351
core   0: 3 0x80004c14 (0x5e351c37) x24 0x5e351000
core   0: 0x80004c18 (0x017de5b3) or      a1, s11, s7
core   0: 3 0x80004c18 (0x017de5b3) x11 0x00000003
core   0: 0x80004c1c (0x00000013) nop
core   0: 3 0x80004c1c (0x00000013)
core   0: 0x80004c20 (0x40d655b3) sra     a1, a2, a3
core   0: 3 0x80004c20 (0x40d655b3) x11 0x00000000
core   0: 0x80004c24 (0x40008cb3) sub     s9, ra, zero
core   0: 3 0x80004c24 (0x40008cb3) x25 0x00000001
core   0: 0x80004c28 (0x00ed5e13) srli    t3, s10, 14
core   0: 3 0x80004c28 (0x00ed5e13) x28 0x0003ffff
core   0: 0x80004c2c (0x001aad33) slt     s10, s5, ra
core   0: 3 0x80004c2c (0x001aad33) x26 0x00000001
core   0: 0x80004c30 (0x01549e33) sll     t3, s1, s5
core   0: 3 0x80004c30 (0x01549e33) x28 0x177c6ab5
core   0: 0x80004c34 (0x000826b3) slt     a3, a6, zero
core   0: 3 0x80004c34 (0x000826b3) x13 0x00000001
core   0: 0x80004c38 (0x00000013) nop
core   0: 3 0x80004c38 (0x00000013)
core   0: 0x80004c3c (0x41235293) srai    t0, t1, 18
core   0: 3 0x80004c3c (0x41235293) x 5 0xffffe615
core   0: 0x80004c40 (0x701c3f13) sltiu   t5, s8, 1793
core   0: 3 0x80004c40 (0x701c3f13) x30 0x00000000
core   0: 0x80004c44 (0xb9010213) addi    tp, sp, -1136
core   0: 3 0x80004c44 (0xb9010213) x 4 0x80d9c724
core   0: 0x80004c48 (0x00444533) xor     a0, s0, tp
core   0: 3 0x80004c48 (0x00444533) x10 0x80d9c724
core   0: 0x80004c4c (0x7aad7793) andi    a5, s10, 1962
core   0: 3 0x80004c4c (0x7aad7793) x15 0x00000000
core   0: 0x80004c50 (0x00f559b3) srl     s3, a0, a5
core   0: 3 0x80004c50 (0x00f559b3) x19 0x80d9c724
core   0: 0x80004c54 (0xcedbfa93) andi    s5, s7, -787
core   0: 3 0x80004c54 (0xcedbfa93) x21 0x00000000
core   0: 0x80004c58 (0x0162ea33) or      s4, t0, s6
core   0: 3 0x80004c58 (0x0162ea33) x20 0xfffff6f5
core   0: 0x80004c5c (0x41c75e93) srai    t4, a4, 28
core   0: 3 0x80004c5c (0x41c75e93) x29 0x00000000
core   0: 0x80004c60 (0x01d71d93) slli    s11, a4, 29
core   0: 3 0x80004c60 (0x01d71d93) x27 0x00000000
core   0: 0x80004c64 (0x014d5193) srli    gp, s10, 20
core   0: 3 0x80004c64 (0x014d5193) x 3 0x00000000
core   0: 0x80004c68 (0x00b98eb3) add     t4, s3, a1
core   0: 3 0x80004c68 (0x00b98eb3) x29 0x80d9c724
core   0: 0x80004c6c (0x00896eb3) or      t4, s2, s0
core   0: 3 0x80004c6c (0x00896eb3) x29 0x00000001
core   0: 0x80004c70 (0x40165213) srai    tp, a2, 1
core   0: 3 0x80004c70 (0x40165213) x 4 0x00000000
core   0: 0x80004c74 (0x121ede37) lui     t3, 0x121ed
core   0: 3 0x80004c74 (0x121ede37) x28 0x121ed000
core   0: 0x80004c78 (0x01ae8333) add     t1, t4, s10
core   0: 3 0x80004c78 (0x01ae8333) x 6 0x00000002
core   0: 0x80004c7c (0x5e38b613) sltiu   a2, a7, 1507
core   0: 3 0x80004c7c (0x5e38b613) x12 0x00000000
core   0: 0x80004c80 (0x8f272713) slti    a4, a4, -1806
core   0: 3 0x80004c80 (0x8f272713) x14 0x00000000
core   0: 0x80004c84 (0x00c35013) srli    zero, t1, 12
core   0: 3 0x80004c84 (0x00c35013)
core   0: 0x80004c88 (0x40005613) srai    a2, zero, 0
core   0: 3 0x80004c88 (0x40005613) x12 0x00000000
core   0: 0x80004c8c (0x403adc33) sra     s8, s5, gp
core   0: 3 0x80004c8c (0x403adc33) x24 0x00000000
core   0: 0x80004c90 (0x40735693) srai    a3, t1, 7
core   0: 3 0x80004c90 (0x40735693) x13 0x00000000
core   0: 0x80004c94 (0x016c2bb3) slt     s7, s8, s6
core   0: 3 0x80004c94 (0x016c2bb3) x23 0x00000000
core   0: 0x80004c98 (0x012e3333) sltu    t1, t3, s2
core   0: 3 0x80004c98 (0x012e3333) x 6 0x00000000
core   0: 0x80004c9c (0x11517b93) andi    s7, sp, 277
core   0: 3 0x80004c9c (0x11517b93) x23 0x00000114
core   0: 0x80004ca0 (0x01185613) srli    a2, a6, 17
core   0: 3 0x80004ca0 (0x01185613) x12 0x00004000
core   0: 0x80004ca4 (0xf7258f13) addi    t5, a1, -142
core   0: 3 0x80004ca4 (0xf7258f13) x30 0xffffff72
core   0: 0x80004ca8 (0xcd5aa697) auipc   a3, 0xcd5aa
core   0: 3 0x80004ca8 (0xcd5aa697) x13 0x4d5aeca8
core   0: 0x80004cac (0x009e7e33) and     t3, t3, s1
core   0: 3 0x80004cac (0x009e7e33) x28 0x121c4000
core   0: 0x80004cb0 (0x402a5933) sra     s2, s4, sp
core   0: 3 0x80004cb0 (0x402a5933) x18 0xffffffff
core   0: 0x80004cb4 (0x002425b3) slt     a1, s0, sp
core   0: 3 0x80004cb4 (0x002425b3) x11 0x00000000
core   0: 0x80004cb8 (0xba9eb593) sltiu   a1, t4, -1111
core   0: 3 0x80004cb8 (0xba9eb593) x11 0x00000001
core   0: 0x80004cbc (0x66eca313) slti    t1, s9, 1646
core   0: 3 0x80004cbc (0x66eca313) x 6 0x00000001
core   0: 0x80004cc0 (0x50510b93) addi    s7, sp, 1285
core   0: 3 0x80004cc0 (0x50510b93) x23 0x80d9d099
core   0: 0x80004cc4 (0x0117d613) srli    a2, a5, 17
core   0: 3 0x80004cc4 (0x0117d613) x12 0x00000000
core   0: 0x80004cc8 (0xf4043e93) sltiu   t4, s0, -192
core   0: 3 0x80004cc8 (0xf4043e93) x29 0x00000001
core   0: 0x80004ccc (0x8e3a6293) ori     t0, s4, -1821
core   0: 3 0x80004ccc (0x8e3a6293) x 5 0xfffffef7
core   0: 0x80004cd0 (0x0031bf33) sltu    t5, gp, gp
core   0: 3 0x80004cd0 (0x0031bf33) x30 0x00000000
core   0: 0x80004cd4 (0x34deb013) sltiu   zero, t4, 845
core   0: 3 0x80004cd4 (0x34deb013)
core   0: 0x80004cd8 (0x017b5d13) srli    s10, s6, 23
core   0: 3 0x80004cd8 (0x017b5d13) x26 0x000001d1
core   0: 0x80004cdc (0x001e5833) srl     a6, t3, ra
core   0: 3 0x80004cdc (0x001e5833) x16 0x090e2000
core   0: 0x80004ce0 (0x01d251b3) srl     gp, tp, t4
core   0: 3 0x80004ce0 (0x01d251b3) x 3 0x00000000
core   0: 0x80004ce4 (0x01e55593) srli    a1, a0, 30
core   0: 3 0x80004ce4 (0x01e55593) x11 0x00000002
core   0: 0x80004ce8 (0x41fbda13) srai    s4, s7, 31
core   0: 3 0x80004ce8 (0x41fbda13) x20 0xffffffff
core   0: 0x80004cec (0x00bb1d93) slli    s11, s6, 11
core   0: 3 0x80004cec (0x00bb1d93) x27 0x1cb70800
core   0: 0x80004cf0 (0x7f616713) ori     a4, sp, 2038
core   0: 3 0x80004cf0 (0x7f616713) x14 0x80d9cff6
core   0: 0x80004cf4 (0x402e0033) sub     zero, t3, sp
core   0: 3 0x80004cf4 (0x402e0033)
core   0: 0x80004cf8 (0x7f97f493) andi    s1, a5, 2041
core   0: 3 0x80004cf8 (0x7f97f493) x 9 0x00000000
core   0: 0x80004cfc (0x401a5e13) srai    t3, s4, 1
core   0: 3 0x80004cfc (0x401a5e13) x28 0xffffffff
core   0: 0x80004d00 (0x00000013) nop
core   0: 3 0x80004d00 (0x00000013)
core   0: 0x80004d04 (0xb587ca13) xori    s4, a5, -1192
core   0: 3 0x80004d04 (0xb587ca13) x20 0xfffffb58
core   0: 0x80004d08 (0x015e92b3) sll     t0, t4, s5
core   0: 3 0x80004d08 (0x015e92b3) x 5 0x00000001
core   0: 0x80004d0c (0x418ad033) sra     zero, s5, s8
core   0: 3 0x80004d0c (0x418ad033)
core   0: 0x80004d10 (0x40cf5633) sra     a2, t5, a2
core   0: 3 0x80004d10 (0x40cf5633) x12 0x00000000
core   0: 0x80004d14 (0x23807437) lui     s0, 0x23807
core   0: 3 0x80004d14 (0x23807437) x 8 0x23807000
core   0: 0x80004d18 (0x0037e0b3) or      ra, a5, gp
core   0: 3 0x80004d18 (0x0037e0b3) x 1 0x00000000
core   0: 0x80004d1c (0x59acfd93) andi    s11, s9, 1434
core   0: 3 0x80004d1c (0x59acfd93) x27 0x00000000
core   0: 0x80004d20 (0x089c4f37) lui     t5, 0x89c4
core   0: 3 0x80004d20 (0x089c4f37) x30 0x089c4000
core   0: 0x80004d24 (0x29613d13) sltiu   s10, sp, 662
core   0: 3 0x80004d24 (0x29613d13) x26 0x00000000
core   0: 0x80004d28 (0x39178493) addi    s1, a5, 913
core   0: 3 0x80004d28 (0x39178493) x 9 0x00000391
core   0: 0x80004d2c (0xb7552793) slti    a5, a0, -1163
core   0: 3 0x80004d2c (0xb7552793) x15 0x00000001
core   0: 0x80004d30 (0x40f50133) sub     sp, a0, a5
core   0: 3 0x80004d30 (0x40f50133) x 2 0x80d9c723
core   0: 0x80004d34 (0x9d28e213) ori     tp, a7, -1582
core   0: 3 0x80004d34 (0x9d28e213) x 4 0xfffffff6
core   0: 0x80004d38 (0x00c167b3) or      a5, sp, a2
core   0: 3 0x80004d38 (0x00c167b3) x15 0x80d9c723
core   0: 0x80004d3c (0xbdcb6f93) ori     t6, s6, -1060
core   0: 3 0x80004d3c (0xbdcb6f93) x31 0xfffffffd
core   0: 0x80004d40 (0xbea98813) addi    a6, s3, -1046
core   0: 3 0x80004d40 (0xbea98813) x16 0x80d9c30e
core   0: 0x80004d44 (0x00000013) nop
core   0: 3 0x80004d44 (0x00000013)
core   0: 0x80004d48 (0x01379c33) sll     s8, a5, s3
core   0: 3 0x80004d48 (0x01379c33) x24 0x0d9c7230
core   0: 0x80004d4c (0x00208db3) add     s11, ra, sp
core   0: 3 0x80004d4c (0x00208db3) x27 0x80d9c723
core   0: 0x80004d50 (0x00c831b3) sltu    gp, a6, a2
core   0: 3 0x80004d50 (0x00c831b3) x 3 0x00000000
core   0: 0x80004d54 (0x404fd593) srai    a1, t6, 4
core   0: 3 0x80004d54 (0x404fd593) x11 0xffffffff
core   0: 0x80004d58 (0x4602a217) auipc   tp, 0x4602a
core   0: 3 0x80004d58 (0x4602a217) x 4 0xc602ed58
core   0: 0x80004d5c (0x0e59c513) xori    a0, s3, 229
core   0: 3 0x80004d5c (0x0e59c513) x10 0x80d9c7c1
core   0: 0x80004d60 (0x112a8793) addi    a5, s5, 274
core   0: 3 0x80004d60 (0x112a8793) x15 0x00000112
core   0: 0x80004d64 (0x00245293) srli    t0, s0, 2
core   0: 3 0x80004d64 (0x00245293) x 5 0x08e01c00
core   0: 0x80004d68 (0x4142fb93) andi    s7, t0, 1044
core   0: 3 0x80004d68 (0x4142fb93) x23 0x00000400
core   0: 0x80004d6c (0xba463e13) sltiu   t3, a2, -1116
core   0: 3 0x80004d6c (0xba463e13) x28 0x00000001
core   0: 0x80004d70 (0xaf72f717) auipc   a4, 0xaf72f
core   0: 3 0x80004d70 (0xaf72f717) x14 0x2f733d70
core   0: 0x80004d74 (0x403b0ab3) sub     s5, s6, gp
core   0: 3 0x80004d74 (0x403b0ab3) x21 0xe88396e1
core   0: 0x80004d78 (0x006fdbb3) srl     s7, t6, t1
core   0: 3 0x80004d78 (0x006fdbb3) x23 0x7ffffffe
core   0: 0x80004d7c (0x01e0ffb3) and     t6, ra, t5
core   0: 3 0x80004d7c (0x01e0ffb3) x31 0x00000000
core   0: 0x80004d80 (0x00d25cb3) srl     s9, tp, a3
core   0: 3 0x80004d80 (0x00d25cb3) x25 0x00c602ed
core   0: 0x80004d84 (0x41b2da93) srai    s5, t0, 27
core   0: 3 0x80004d84 (0x41b2da93) x21 0x00000001
core   0: 0x80004d88 (0x0b62ba13) sltiu   s4, t0, 182
core   0: 3 0x80004d88 (0x0b62ba13) x20 0x00000000
core   0: 0x80004d8c (0x411bd113) srai    sp, s7, 17
core   0: 3 0x80004d8c (0x411bd113) x 2 0x00003fff
core   0: 0x80004d90 (0x40b95713) srai    a4, s2, 11
core   0: 3 0x80004d90 (0x40b95713) x14 0xffffffff
core   0: 0x80004d94 (0x00c3bdb3) sltu    s11, t2, a2
core   0: 3 0x80004d94 (0x00c3bdb3) x27 0x00000000
core   0: 0x80004d98 (0x7a7d0d93) addi    s11, s10, 1959
core   0: 3 0x80004d98 (0x7a7d0d93) x27 0x000007a7
core   0: 0x80004d9c (0x00e1d913) srli    s2, gp, 14
core   0: 3 0x80004d9c (0x00e1d913) x18 0x00000000
core   0: 0x80004da0 (0x0157f533) and     a0, a5, s5
core   0: 3 0x80004da0 (0x0157f533) x10 0x00000000
core   0: 0x80004da4 (0x0111e533) or      a0, gp, a7
core   0: 3 0x80004da4 (0x0111e533) x10 0x80011e64
core   0: 0x80004da8 (0x01a72f33) slt     t5, a4, s10
core   0: 3 0x80004da8 (0x01a72f33) x30 0x00000001
core   0: 0x80004dac (0x00cc22b3) slt     t0, s8, a2
core   0: 3 0x80004dac (0x00cc22b3) x 5 0x00000000
core   0: 0x80004db0 (0x41f0d313) srai    t1, ra, 31
core   0: 3 0x80004db0 (0x41f0d313) x 6 0x00000000
core   0: 0x80004db4 (0x006436b3) sltu    a3, s0, t1
core   0: 3 0x80004db4 (0x006436b3) x13 0x00000000
core   0: 0x80004db8 (0x00be0cb3) add     s9, t3, a1
core   0: 3 0x80004db8 (0x00be0cb3) x25 0x00000000
core   0: 0x80004dbc (0x00000013) nop
core   0: 3 0x80004dbc (0x00000013)
core   0: 0x80004dc0 (0x405e00b3) sub     ra, t3, t0
core   0: 3 0x80004dc0 (0x405e00b3) x 1 0x00000001
core   0: 0x80004dc4 (0x55bf2613) slti    a2, t5, 1371
core   0: 3 0x80004dc4 (0x55bf2613) x12 0x00000001
core   0: 0x80004dc8 (0x55758613) addi    a2, a1, 1367
core   0: 3 0x80004dc8 (0x55758613) x12 0x00000556
core   0: 0x80004dcc (0x01ffe4b3) or      s1, t6, t6
core   0: 3 0x80004dcc (0x01ffe4b3) x 9 0x00000000
core   0: 0x80004dd0 (0xe558cf13) xori    t5, a7, -427
core   0: 3 0x80004dd0 (0xe558cf13) x30 0x7ffee031
core   0: 0x80004dd4 (0x76a98213) addi    tp, s3, 1898
core   0: 3 0x80004dd4 (0x76a98213) x 4 0x80d9ce8e
core   0: 0x80004dd8 (0x41365193) srai    gp, a2, 19
core   0: 3 0x80004dd8 (0x41365193) x 3 0x00000000
core   0: 0x80004ddc (0x41c50333) sub     t1, a0, t3
core   0: 3 0x80004ddc (0x41c50333) x 6 0x80011e63
core   0: 0x80004de0 (0x00e49c13) slli    s8, s1, 14
core   0: 3 0x80004de0 (0x00e49c13) x24 0x00000000
core   0: 0x80004de4 (0x00291793) slli    a5, s2, 2
core   0: 3 0x80004de4 (0x00291793) x15 0x00000000
core   0: 0x80004de8 (0x006ede13) srli    t3, t4, 6
core   0: 3 0x80004de8 (0x006ede13) x28 0x00000000
core   0: 0x80004dec (0x00000013) nop
core   0: 3 0x80004dec (0x00000013)
core   0: 0x80004df0 (0x00865113) srli    sp, a2, 8
core   0: 3 0x80004df0 (0x00865113) x 2 0x00000005
core   0: 0x80004df4 (0x40fc5313) srai    t1, s8, 15
core   0: 3 0x80004df4 (0x40fc5313) x 6 0x00000000
core   0: 0x80004df8 (0x38513b93) sltiu   s7, sp, 901
core   0: 3 0x80004df8 (0x38513b93) x23 0x00000001
core   0: 0x80004dfc (0xc5c3ba93) sltiu   s5, t2, -932
core   0: 3 0x80004dfc (0xc5c3ba93) x21 0x00000001
core   0: 0x80004e00 (0x41b25613) srai    a2, tp, 27
core   0: 3 0x80004e00 (0x41b25613) x12 0xfffffff0
core   0: 0x80004e04 (0x01b3df93) srli    t6, t2, 27
core   0: 3 0x80004e04 (0x01b3df93) x31 0x00000010
core   0: 0x80004e08 (0x508ce693) ori     a3, s9, 1288
core   0: 3 0x80004e08 (0x508ce693) x13 0x00000508
core   0: 0x80004e0c (0x01fcd993) srli    s3, s9, 31
core   0: 3 0x80004e0c (0x01fcd993) x19 0x00000000
core   0: 0x80004e10 (0x00b55513) srli    a0, a0, 11
core   0: 3 0x80004e10 (0x00b55513) x10 0x00100023
core   0: 0x80004e14 (0x01589433) sll     s0, a7, s5
core   0: 3 0x80004e14 (0x01589433) x 8 0x00023cc8
core   0: 0x80004e18 (0x0175da93) srli    s5, a1, 23
core   0: 3 0x80004e18 (0x0175da93) x21 0x000001ff
core   0: 0x80004e1c (0x400f5133) sra     sp, t5, zero
core   0: 3 0x80004e1c (0x400f5133) x 2 0x7ffee031
core   0: 0x80004e20 (0x0065af33) slt     t5, a1, t1
core   0: 3 0x80004e20 (0x0065af33) x30 0x00000001
core   0: 0x80004e24 (0xa03ceb93) ori     s7, s9, -1533
core   0: 3 0x80004e24 (0xa03ceb93) x23 0xfffffa03
core   0: 0x80004e28 (0xcb10fd93) andi    s11, ra, -847
core   0: 3 0x80004e28 (0xcb10fd93) x27 0x00000001
core   0: 0x80004e2c (0x013021b3) slt     gp, zero, s3
core   0: 3 0x80004e2c (0x013021b3) x 3 0x00000000
core   0: 0x80004e30 (0x01a09f13) slli    t5, ra, 26
core   0: 3 0x80004e30 (0x01a09f13) x30 0x04000000
core   0: 0x80004e34 (0x41be56b3) sra     a3, t3, s11
core   0: 3 0x80004e34 (0x41be56b3) x13 0x00000000
core   0: 0x80004e38 (0x65286f13) ori     t5, a6, 1618
core   0: 3 0x80004e38 (0x65286f13) x30 0x80d9c75e
core   0: 0x80004e3c (0x0131afb3) slt     t6, gp, s3
core   0: 3 0x80004e3c (0x0131afb3) x31 0x00000000
core   0: 0x80004e40 (0x019151b3) srl     gp, sp, s9
core   0: 3 0x80004e40 (0x019151b3) x 3 0x7ffee031
core   0: 0x80004e44 (0xa5818717) auipc   a4, 0xa5818
core   0: 3 0x80004e44 (0xa5818717) x14 0x2581ce44
core   0: 0x80004e48 (0x3a332293) slti    t0, t1, 931
core   0: 3 0x80004e48 (0x3a332293) x 5 0x00000001
core   0: 0x80004e4c (0x01d070b3) and     ra, zero, t4
core   0: 3 0x80004e4c (0x01d070b3) x 1 0x00000000
core   0: 0x80004e50 (0x012982b3) add     t0, s3, s2
core   0: 3 0x80004e50 (0x012982b3) x 5 0x00000000
core   0: 0x80004e54 (0xc1b76193) ori     gp, a4, -997
core   0: 3 0x80004e54 (0xc1b76193) x 3 0xfffffe5f
core   0: 0x80004e58 (0x0203f093) andi    ra, t2, 32
core   0: 3 0x80004e58 (0x0203f093) x 1 0x00000020
core   0: 0x80004e5c (0x015f7833) and     a6, t5, s5
core   0: 3 0x80004e5c (0x015f7833) x16 0x0000015e
core   0: 0x80004e60 (0x594a2a93) slti    s5, s4, 1428
core   0: 3 0x80004e60 (0x594a2a93) x21 0x00000001
core   0: 0x80004e64 (0x019ff6b3) and     a3, t6, s9
core   0: 3 0x80004e64 (0x019ff6b3) x13 0x00000000
core   0: 0x80004e68 (0x9492e237) lui     tp, 0x9492e
core   0: 3 0x80004e68 (0x9492e237) x 4 0x9492e000
core   0: 0x80004e6c (0xbf720213) addi    tp, tp, -1033
core   0: 3 0x80004e6c (0xbf720213) x 4 0x9492dbf7
core   0: 0x80004e70 (0x800001b7) lui     gp, 0x80000
core   0: 3 0x80004e70 (0x800001b7) x 3 0x80000000
core   0: 0x80004e74 (0x4724c737) lui     a4, 0x4724c
core   0: 3 0x80004e74 (0x4724c737) x14 0x4724c000
core   0: 0x80004e78 (0x68f70713) addi    a4, a4, 1679
core   0: 3 0x80004e78 (0x68f70713) x14 0x4724c68f
core   0: 0x80004e7c (0x00000b93) li      s7, 0
core   0: 3 0x80004e7c (0x00000b93) x23 0x00000000
core   0: 0x80004e80 (0xf697d537) lui     a0, 0xf697d
core   0: 3 0x80004e80 (0xf697d537) x10 0xf697d000
core   0: 0x80004e84 (0x8cf50513) addi    a0, a0, -1841
core   0: 3 0x80004e84 (0x8cf50513) x10 0xf697c8cf
core   0: 0x80004e88 (0xfff00f13) li      t5, -1
core   0: 3 0x80004e88 (0xfff00f13) x30 0xffffffff
core   0: 0x80004e8c (0x00000a13) li      s4, 0
core   0: 3 0x80004e8c (0x00000a13) x20 0x00000000
core   0: 0x80004e90 (0x00000113) li      sp, 0
core   0: 3 0x80004e90 (0x00000113) x 2 0x00000000
core   0: 0x80004e94 (0xfcd2c4b7) lui     s1, 0xfcd2c
core   0: 3 0x80004e94 (0xfcd2c4b7) x 9 0xfcd2c000
core   0: 0x80004e98 (0xd8c48493) addi    s1, s1, -628
core   0: 3 0x80004e98 (0xd8c48493) x 9 0xfcd2bd8c
core   0: 0x80004e9c (0x00000a93) li      s5, 0
core   0: 3 0x80004e9c (0x00000a93) x21 0x00000000
core   0: 0x80004ea0 (0x015a0533) add     a0, s4, s5
core   0: 3 0x80004ea0 (0x015a0533) x10 0x00000000
core   0: 0x80004ea4 (0xb5aa0b93) addi    s7, s4, -1190
core   0: 3 0x80004ea4 (0xb5aa0b93) x23 0xfffffb5a
core   0: 0x80004ea8 (0x00a18bb3) add     s7, gp, a0
core   0: 3 0x80004ea8 (0x00a18bb3) x23 0x80000000
core   0: 0x80004eac (0x41ef0233) sub     tp, t5, t5
core   0: 3 0x80004eac (0x41ef0233) x 4 0x00000000
core   0: 0x80004eb0 (0x6b4c8b97) auipc   s7, 0x6b4c8
core   0: 3 0x80004eb0 (0x6b4c8b97) x23 0xeb4cceb0
core   0: 0x80004eb4 (0x009f04b3) add     s1, t5, s1
core   0: 3 0x80004eb4 (0x009f04b3) x 9 0xfcd2bd8b
core   0: 0x80004eb8 (0x2b502ab7) lui     s5, 0x2b502
core   0: 3 0x80004eb8 (0x2b502ab7) x21 0x2b502000
core   0: 0x80004ebc (0x41520533) sub     a0, tp, s5
core   0: 3 0x80004ebc (0x41520533) x10 0xd4afe000
core   0: 0x80004ec0 (0x40aa0bb3) sub     s7, s4, a0
core   0: 3 0x80004ec0 (0x40aa0bb3) x23 0x2b502000
core   0: 0x80004ec4 (0x1cc4aab7) lui     s5, 0x1cc4a
core   0: 3 0x80004ec4 (0x1cc4aab7) x21 0x1cc4a000
core   0: 0x80004ec8 (0x00000013) nop
core   0: 3 0x80004ec8 (0x00000013)
core   0: 0x80004ecc (0x40248233) sub     tp, s1, sp
core   0: 3 0x80004ecc (0x40248233) x 4 0xfcd2bd8b
core   0: 0x80004ed0 (0x002f0133) add     sp, t5, sp
core   0: 3 0x80004ed0 (0x002f0133) x 2 0xffffffff
core   0: 0x80004ed4 (0x40418bb3) sub     s7, gp, tp
core   0: 3 0x80004ed4 (0x40418bb3) x23 0x832d4275
core   0: 0x80004ed8 (0x40ea8ab3) sub     s5, s5, a4
core   0: 3 0x80004ed8 (0x40ea8ab3) x21 0xd59fd971
core   0: 0x80004edc (0x00000013) nop
core   0: 3 0x80004edc (0x00000013)
core   0: 0x80004ee0 (0x367ac197) auipc   gp, 0x367ac
core   0: 3 0x80004ee0 (0x367ac197) x 3 0xb67b0ee0
core   0: 0x80004ee4 (0xfffa0a13) addi    s4, s4, -1
core   0: 3 0x80004ee4 (0xfffa0a13) x20 0xffffffff
core   0: 0x80004ee8 (0x014b8ab3) add     s5, s7, s4
core   0: 3 0x80004ee8 (0x014b8ab3) x21 0x832d4274
core   0: 0x80004eec (0x00000013) nop
core   0: 3 0x80004eec (0x00000013)
core   0: 0x80004ef0 (0xdda3aab7) lui     s5, 0xdda3a
core   0: 3 0x80004ef0 (0xdda3aab7) x21 0xdda3a000
core   0: 0x80004ef4 (0x417484b3) sub     s1, s1, s7
core   0: 3 0x80004ef4 (0x417484b3) x 9 0x79a57b16
core   0: 0x80004ef8 (0x00000013) nop
core   0: 3 0x80004ef8 (0x00000013)
core   0: 0x80004efc (0x015a0233) add     tp, s4, s5
core   0: 3 0x80004efc (0x015a0233) x 4 0xdda39fff
core   0: 0x80004f00 (0x6abd0237) lui     tp, 0x6abd0
core   0: 3 0x80004f00 (0x6abd0237) x 4 0x6abd0000
core   0: 0x80004f04 (0x00e50233) add     tp, a0, a4
core   0: 3 0x80004f04 (0x00e50233) x 4 0x1bd4a68f
core   0: 0x80004f08 (0x81a48493) addi    s1, s1, -2022
core   0: 3 0x80004f08 (0x81a48493) x 9 0x79a57330
core   0: 0x80004f0c (0x01718ab3) add     s5, gp, s7
core   0: 3 0x80004f0c (0x01718ab3) x21 0x39a85155
core   0: 0x80004f10 (0x00000013) nop
core   0: 3 0x80004f10 (0x00000013)
core   0: 0x80004f14 (0xc31f2b97) auipc   s7, 0xc31f2
core   0: 3 0x80004f14 (0xc31f2b97) x23 0x431f6f14
core   0: 0x80004f18 (0x0075be33) sltu    t3, a1, t2
core   0: 3 0x80004f18 (0x0075be33) x28 0x00000000
core   0: 0x80004f1c (0x1221a437) lui     s0, 0x1221a
core   0: 3 0x80004f1c (0x1221a437) x 8 0x1221a000
core   0: 0x80004f20 (0x00d80633) add     a2, a6, a3
core   0: 3 0x80004f20 (0x00d80633) x12 0x0000015e
core   0: 0x80004f24 (0x01f766b3) or      a3, a4, t6
core   0: 3 0x80004f24 (0x01f766b3) x13 0x4724c68f
core   0: 0x80004f28 (0x0dd14913) xori    s2, sp, 221
core   0: 3 0x80004f28 (0x0dd14913) x18 0xffffff22
core   0: 0x80004f2c (0x00e38cb3) add     s9, t2, a4
core   0: 3 0x80004f2c (0x00e38cb3) x25 0xc7262373
core   0: 0x80004f30 (0x3fba8593) addi    a1, s5, 1019
core   0: 3 0x80004f30 (0x3fba8593) x11 0x39a85550
core   0: 0x80004f34 (0x41db5233) sra     tp, s6, t4
core   0: 3 0x80004f34 (0x41db5233) x 4 0xf441cb70
core   0: 0x80004f38 (0x01ab6e33) or      t3, s6, s10
core   0: 3 0x80004f38 (0x01ab6e33) x28 0xe88396e1
core   0: 0x80004f3c (0x00000013) nop
core   0: 3 0x80004f3c (0x00000013)
core   0: 0x80004f40 (0x014b7bb3) and     s7, s6, s4
core   0: 3 0x80004f40 (0x014b7bb3) x23 0xe88396e1
core   0: 0x80004f44 (0x01e047b3) xor     a5, zero, t5
core   0: 3 0x80004f44 (0x01e047b3) x15 0xffffffff
core   0: 0x80004f48 (0x41a85e33) sra     t3, a6, s10
core   0: 3 0x80004f48 (0x41a85e33) x28 0x0000015e
core   0: 0x80004f4c (0x41ca8233) sub     tp, s5, t3
core   0: 3 0x80004f4c (0x41ca8233) x 4 0x39a84ff7
core   0: 0x80004f50 (0x018b9013) slli    zero, s7, 24
core   0: 3 0x80004f50 (0x018b9013)
core   0: 0x80004f54 (0x417487b3) sub     a5, s1, s7
core   0: 3 0x80004f54 (0x417487b3) x15 0x9121dc4f
core   0: 0x80004f58 (0x008cefb3) or      t6, s9, s0
core   0: 3 0x80004f58 (0x008cefb3) x31 0xd727a373
core   0: 0x80004f5c (0x00c87cb3) and     s9, a6, a2
core   0: 3 0x80004f5c (0x00c87cb3) x25 0x0000015e
core   0: 0x80004f60 (0x007742b3) xor     t0, a4, t2
core   0: 3 0x80004f60 (0x007742b3) x 5 0xc7259a6b
core   0: 0x80004f64 (0x0155dd33) srl     s10, a1, s5
core   0: 3 0x80004f64 (0x0155dd33) x26 0x000001cd
core   0: 0x80004f68 (0xd6921f17) auipc   t5, 0xd6921
core   0: 3 0x80004f68 (0xd6921f17) x30 0x56925f68
core   0: 0x80004f6c (0x01ab24b3) slt     s1, s6, s10
core   0: 3 0x80004f6c (0x01ab24b3) x 9 0x00000001
core   0: 0x80004f70 (0xbe152e93) slti    t4, a0, -1055
core   0: 3 0x80004f70 (0xbe152e93) x29 0x00000001
core   0: 0x80004f74 (0x415d8ab3) sub     s5, s11, s5
core   0: 3 0x80004f74 (0x415d8ab3) x21 0xc657aeac
core   0: 0x80004f78 (0x41b9ddb3) sra     s11, s3, s11
core   0: 3 0x80004f78 (0x41b9ddb3) x27 0x00000000
core   0: 0x80004f7c (0x30878913) addi    s2, a5, 776
core   0: 3 0x80004f7c (0x30878913) x18 0x9121df57
core   0: 0x80004f80 (0x00055793) srli    a5, a0, 0
core   0: 3 0x80004f80 (0x00055793) x15 0xd4afe000
core   0: 0x80004f84 (0x00139593) slli    a1, t2, 1
core   0: 3 0x80004f84 (0x00139593) x11 0x0002b9c8
core   0: 0x80004f88 (0x40075133) sra     sp, a4, zero
core   0: 3 0x80004f88 (0x40075133) x 2 0x4724c68f
core   0: 0x80004f8c (0x007d5693) srli    a3, s10, 7
core   0: 3 0x80004f8c (0x007d5693) x13 0x00000003
core   0: 0x80004f90 (0x01809013) slli    zero, ra, 24
core   0: 3 0x80004f90 (0x01809013)
core   0: 0x80004f94 (0x3d016713) ori     a4, sp, 976
core   0: 3 0x80004f94 (0x3d016713) x14 0x4724c7df
core   0: 0x80004f98 (0x01250cb3) add     s9, a0, s2
core   0: 3 0x80004f98 (0x01250cb3) x25 0x65d1bf57
core   0: 0x80004f9c (0x01939d33) sll     s10, t2, s9
core   0: 3 0x80004f9c (0x01939d33) x26 0x72000000
core   0: 0x80004fa0 (0x00000013) nop
core   0: 3 0x80004fa0 (0x00000013)
core   0: 0x80004fa4 (0x40c0d513) srai    a0, ra, 12
core   0: 3 0x80004fa4 (0x40c0d513) x10 0x00000000
core   0: 0x80004fa8 (0x4149d333) sra     t1, s3, s4
core   0: 3 0x80004fa8 (0x4149d333) x 6 0x00000000
core   0: 0x80004fac (0xc7202597) auipc   a1, 0xc7202
core   0: 3 0x80004fac (0xc7202597) x11 0x47206fac
core   0: 0x80004fb0 (0x01d6d233) srl     tp, a3, t4
core   0: 3 0x80004fb0 (0x01d6d233) x 4 0x00000001
core   0: 0x80004fb4 (0x00fb90b3) sll     ra, s7, a5
core   0: 3 0x80004fb4 (0x00fb90b3) x 1 0xe88396e1
core   0: 0x80004fb8 (0xd1ff8037) lui     zero, 0xd1ff8
core   0: 3 0x80004fb8 (0xd1ff8037)
core   0: 0x80004fbc (0x013a1c33) sll     s8, s4, s3
core   0: 3 0x80004fbc (0x013a1c33) x24 0xffffffff
core   0: 0x80004fc0 (0x4115d233) sra     tp, a1, a7
core   0: 3 0x80004fc0 (0x4115d233) x 4 0x047206fa
core   0: 0x80004fc4 (0x014a1213) slli    tp, s4, 20
core   0: 3 0x80004fc4 (0x014a1213) x 4 0xfff00000
core   0: 0x80004fc8 (0xd218a513) slti    a0, a7, -735
core   0: 3 0x80004fc8 (0xd218a513) x10 0x00000001
core   0: 0x80004fcc (0x00000013) nop
core   0: 3 0x80004fcc (0x00000013)
core   0: 0x80004fd0 (0x404259b3) sra     s3, tp, tp
core   0: 3 0x80004fd0 (0x404259b3) x19 0xfff00000
core   0: 0x80004fd4 (0x01161233) sll     tp, a2, a7
core   0: 3 0x80004fd4 (0x01161233) x 4 0x000015e0
core   0: 0x80004fd8 (0x00d59333) sll     t1, a1, a3
core   0: 3 0x80004fd8 (0x00d59333) x 6 0x39037d60
core   0: 0x80004fdc (0x00e1c7b3) xor     a5, gp, a4
core   0: 3 0x80004fdc (0x00e1c7b3) x15 0xf15fc93f
core   0: 0x80004fe0 (0xeb19ad13) slti    s10, s3, -335
core   0: 3 0x80004fe0 (0xeb19ad13) x26 0x00000001
core   0: 0x80004fe4 (0x40be0a33) sub     s4, t3, a1
core   0: 3 0x80004fe4 (0x40be0a33) x20 0xb8df91b2
core   0: 0x80004fe8 (0x20444b93) xori    s7, s0, 516
core   0: 3 0x80004fe8 (0x20444b93) x23 0x1221a204
core   0: 0x80004fec (0x0034bc33) sltu    s8, s1, gp
core   0: 3 0x80004fec (0x0034bc33) x24 0x00000001
core   0: 0x80004ff0 (0x41500033) sub     zero, zero, s5
core   0: 3 0x80004ff0 (0x41500033)
core   0: 0x80004ff4 (0x43b57093) andi    ra, a0, 1083
core   0: 3 0x80004ff4 (0x43b57093) x 1 0x00000001
core   0: 0x80004ff8 (0x0082d033) srl     zero, t0, s0
core   0: 3 0x80004ff8 (0x0082d033)
core   0: 0x80004ffc (0xec3ad197) auipc   gp, 0xec3ad
core   0: 3 0x80004ffc (0xec3ad197) x 3 0x6c3b1ffc
core   0: 0x80005000 (0x654ab793) sltiu   a5, s5, 1620
core   0: 3 0x80005000 (0x654ab793) x15 0x00000000
core   0: 0x80005004 (0x006615b3) sll     a1, a2, t1
core   0: 3 0x80005004 (0x006615b3) x11 0x0000015e
core   0: 0x80005008 (0x018b51b3) srl     gp, s6, s8
core   0: 3 0x80005008 (0x018b51b3) x 3 0x7441cb70
core   0: 0x8000500c (0xd6822717) auipc   a4, 0xd6822
core   0: 3 0x8000500c (0xd6822717) x14 0x5682700c
core   0: 0x80005010 (0x008bdf33) srl     t5, s7, s0
core   0: 3 0x80005010 (0x008bdf33) x30 0x1221a204
core   0: 0x80005014 (0x016da133) slt     sp, s11, s6
core   0: 3 0x80005014 (0x016da133) x 2 0x00000000
core   0: 0x80005018 (0xba3e2c93) slti    s9, t3, -1117
core   0: 3 0x80005018 (0xba3e2c93) x25 0x00000000
core   0: 0x8000501c (0x00000013) nop
core   0: 3 0x8000501c (0x00000013)
core   0: 0x80005020 (0x2ae7e993) ori     s3, a5, 686
core   0: 3 0x80005020 (0x2ae7e993) x19 0x000002ae
core   0: 0x80005024 (0x29a1f813) andi    a6, gp, 666
core   0: 3 0x80005024 (0x29a1f813) x16 0x00000210
core   0: 0x80005028 (0x28cde093) ori     ra, s11, 652
core   0: 3 0x80005028 (0x28cde093) x 1 0x0000028c
core   0: 0x8000502c (0x89e9b493) sltiu   s1, s3, -1890
core   0: 3 0x8000502c (0x89e9b493) x 9 0x00000001
core   0: 0x80005030 (0x4101dd13) srai    s10, gp, 16
core   0: 3 0x80005030 (0x4101dd13) x26 0x00007441
core   0: 0x80005034 (0xf0d99c17) auipc   s8, 0xf0d99
core   0: 3 0x80005034 (0xf0d99c17) x24 0x70d9e034
core   0: 0x80005038 (0x60b78293) addi    t0, a5, 1547
core   0: 3 0x80005038 (0x60b78293) x 5 0x0000060b
core   0: 0x8000503c (0x01aecbb3) xor     s7, t4, s10
core   0: 3 0x8000503c (0x01aecbb3) x23 0x00007440
core   0: 0x80005040 (0xf898e013) ori     zero, a7, -119
core   0: 3 0x80005040 (0xf898e013)
core   0: 0x80005044 (0x5712e693) ori     a3, t0, 1393
core   0: 3 0x80005044 (0x5712e693) x13 0x0000077b
core   0: 0x80005048 (0x7a93c093) xori    ra, t2, 1961
core   0: 3 0x80005048 (0x7a93c093) x 1 0x80015b4d
core   0: 0x8000504c (0x010146b3) xor     a3, sp, a6
core   0: 3 0x8000504c (0x010146b3) x13 0x00000210
core   0: 0x80005050 (0x1100c693) xori    a3, ra, 272
core   0: 3 0x80005050 (0x1100c693) x13 0x80015a5d
core   0: 0x80005054 (0xaeddf593) andi    a1, s11, -1299
core   0: 3 0x80005054 (0xaeddf593) x11 0x00000000
core   0: 0x80005058 (0x01573e33) sltu    t3, a4, s5
core   0: 3 0x80005058 (0x01573e33) x28 0x00000001
core   0: 0x8000505c (0xffebca93) xori    s5, s7, -2
core   0: 3 0x8000505c (0xffebca93) x21 0xffff8bbe
core   0: 0x80005060 (0x41d25b93) srai    s7, tp, 29
core   0: 3 0x80005060 (0x41d25b93) x23 0x00000000
core   0: 0x80005064 (0x0184b9b3) sltu    s3, s1, s8
core   0: 3 0x80005064 (0x0184b9b3) x19 0x00000001
core   0: 0x80005068 (0x83516c93) ori     s9, sp, -1995
core   0: 3 0x80005068 (0x83516c93) x25 0xfffff835
core   0: 0x8000506c (0xe83f7293) andi    t0, t5, -381
core   0: 3 0x8000506c (0xe83f7293) x 5 0x1221a200
core   0: 0x80005070 (0x0196e933) or      s2, a3, s9
core   0: 3 0x80005070 (0x0196e933) x18 0xfffffa7d
core   0: 0x80005074 (0x088b0713) addi    a4, s6, 136
core   0: 3 0x80005074 (0x088b0713) x14 0xe8839769
core   0: 0x80005078 (0x9b207f37) lui     t5, 0x9b207
core   0: 3 0x80005078 (0x9b207f37) x30 0x9b207000
core   0: 0x8000507c (0x00668fb3) add     t6, a3, t1
core   0: 3 0x8000507c (0x00668fb3) x31 0xb904d7bd
core   0: 0x80005080 (0x6339c613) xori    a2, s3, 1587
core   0: 3 0x80005080 (0x6339c613) x12 0x00000632
core   0: 0x80005084 (0x008a6433) or      s0, s4, s0
core   0: 3 0x80005084 (0x008a6433) x 8 0xbaffb1b2
core   0: 0x80005088 (0x33cd2793) slti    a5, s10, 828
core   0: 3 0x80005088 (0x33cd2793) x15 0x00000000
core   0: 0x8000508c (0x20957613) andi    a2, a0, 521
core   0: 3 0x8000508c (0x20957613) x12 0x00000001
core   0: 0x80005090 (0x01397e33) and     t3, s2, s3
core   0: 3 0x80005090 (0x01397e33) x28 0x00000001
core   0: 0x80005094 (0x0876c413) xori    s0, a3, 135
core   0: 3 0x80005094 (0x0876c413) x 8 0x80015ada
core   0: 0x80005098 (0x47050a13) addi    s4, a0, 1136
core   0: 3 0x80005098 (0x47050a13) x20 0x00000471
core   0: 0x8000509c (0x00fa7333) and     t1, s4, a5
core   0: 3 0x8000509c (0x00fa7333) x 6 0x00000000
core   0: 0x800050a0 (0x01675c13) srli    s8, a4, 22
core   0: 3 0x800050a0 (0x01675c13) x24 0x000003a2
core   0: 0x800050a4 (0x90547c97) auipc   s9, 0x90547
core   0: 3 0x800050a4 (0x90547c97) x25 0x1054c0a4
core   0: 0x800050a8 (0x00000013) nop
core   0: 3 0x800050a8 (0x00000013)
core   0: 0x800050ac (0x00a83c33) sltu    s8, a6, a0
core   0: 3 0x800050ac (0x00a83c33) x24 0x00000000
core   0: 0x800050b0 (0x00095d13) srli    s10, s2, 0
core   0: 3 0x800050b0 (0x00095d13) x26 0xfffffa7d
core   0: 0x800050b4 (0x4099d233) sra     tp, s3, s1
core   0: 3 0x800050b4 (0x4099d233) x 4 0x00000000
core   0: 0x800050b8 (0x40d5d293) srai    t0, a1, 13
core   0: 3 0x800050b8 (0x40d5d293) x 5 0x00000000
core   0: 0x800050bc (0x011b17b3) sll     a5, s6, a7
core   0: 3 0x800050bc (0x011b17b3) x15 0x88396e10
core   0: 0x800050c0 (0xdd99c093) xori    ra, s3, -551
core   0: 3 0x800050c0 (0xdd99c093) x 1 0xfffffdd8
core   0: 0x800050c4 (0x00e060b3) or      ra, zero, a4
core   0: 3 0x800050c4 (0x00e060b3) x 1 0xe8839769
core   0: 0x800050c8 (0xda86ff13) andi    t5, a3, -600
core   0: 3 0x800050c8 (0xda86ff13) x30 0x80015808
core   0: 0x800050cc (0x018f1513) slli    a0, t5, 24
core   0: 3 0x800050cc (0x018f1513) x10 0x08000000
core   0: 0x800050d0 (0x01d65413) srli    s0, a2, 29
core   0: 3 0x800050d0 (0x01d65413) x 8 0x00000000
core   0: 0x800050d4 (0x2f0d3513) sltiu   a0, s10, 752
core   0: 3 0x800050d4 (0x2f0d3513) x10 0x00000000
core   0: 0x800050d8 (0x00b4db93) srli    s7, s1, 11
core   0: 3 0x800050d8 (0x00b4db93) x23 0x00000000
core   0: 0x800050dc (0x003e5793) srli    a5, t3, 3
core   0: 3 0x800050dc (0x003e5793) x15 0x00000000
core   0: 0x800050e0 (0x00621833) sll     a6, tp, t1
core   0: 3 0x800050e0 (0x00621833) x16 0x00000000
core   0: 0x800050e4 (0x88584093) xori    ra, a6, -1915
core   0: 3 0x800050e4 (0x88584093) x 1 0xfffff885
core   0: 0x800050e8 (0x01adedb3) or      s11, s11, s10
core   0: 3 0x800050e8 (0x01adedb3) x27 0xfffffa7d
core   0: 0x800050ec (0x011294b3) sll     s1, t0, a7
core   0: 3 0x800050ec (0x011294b3) x 9 0x00000000
core   0: 0x800050f0 (0x40838333) sub     t1, t2, s0
core   0: 3 0x800050f0 (0x40838333) x 6 0x80015ce4
core   0: 0x800050f4 (0x01035c33) srl     s8, t1, a6
core   0: 3 0x800050f4 (0x01035c33) x24 0x80015ce4
core   0: 0x800050f8 (0x6aaff213) andi    tp, t6, 1706
core   0: 3 0x800050f8 (0x6aaff213) x 4 0x000006a8
core   0: 0x800050fc (0x01e21593) slli    a1, tp, 30
core   0: 3 0x800050fc (0x01e21593) x11 0x00000000
core   0: 0x80005100 (0x60100513) li      a0, 1537
core   0: 3 0x80005100 (0x60100513) x10 0x00000601
core   0: 0x80005104 (0x406ddf33) sra     t5, s11, t1
core   0: 3 0x80005104 (0x406ddf33) x30 0xffffffa7
core   0: 0x80005108 (0x00669a93) slli    s5, a3, 6
core   0: 3 0x80005108 (0x00669a93) x21 0x00569740
core   0: 0x8000510c (0xa376cd93) xori    s11, a3, -1481
core   0: 3 0x8000510c (0xa376cd93) x27 0x7ffea06a
core   0: 0x80005110 (0x006d3833) sltu    a6, s10, t1
core   0: 3 0x80005110 (0x006d3833) x16 0x00000000
core   0: 0x80005114 (0xc0def913) andi    s2, t4, -1011
core   0: 3 0x80005114 (0xc0def913) x18 0x00000001
core   0: 0x80005118 (0x00739c93) slli    s9, t2, 7
core   0: 3 0x80005118 (0x00739c93) x25 0x00ae7200
core   0: 0x8000511c (0x41545fb3) sra     t6, s0, s5
core   0: 3 0x8000511c (0x41545fb3) x31 0x00000000
core   0: 0x80005120 (0x4162df33) sra     t5, t0, s6
core   0: 3 0x80005120 (0x4162df33) x30 0x00000000
core   0: 0x80005124 (0x23f2e117) auipc   sp, 0x23f2e
core   0: 3 0x80005124 (0x23f2e117) x 2 0xa3f33124
core   0: 0x80005128 (0x00f25d13) srli    s10, tp, 15
core   0: 3 0x80005128 (0x00f25d13) x26 0x00000000
core   0: 0x8000512c (0xa55a4113) xori    sp, s4, -1451
core   0: 3 0x8000512c (0xa55a4113) x 2 0xfffffe24
core   0: 0x80005130 (0x41175d33) sra     s10, a4, a7
core   0: 3 0x80005130 (0x41175d33) x26 0xfe883976
core   0: 0x80005134 (0x01bd2d33) slt     s10, s10, s11
core   0: 3 0x80005134 (0x01bd2d33) x26 0x00000001
core   0: 0x80005138 (0x41dcd213) srai    tp, s9, 29
core   0: 3 0x80005138 (0x41dcd213) x 4 0x00000000
core   0: 0x8000513c (0x001165b3) or      a1, sp, ra
core   0: 3 0x8000513c (0x001165b3) x11 0xfffffea5
core   0: 0x80005140 (0x885d2797) auipc   a5, 0x885d2
core   0: 3 0x80005140 (0x885d2797) x15 0x085d7140
core   0: 0x80005144 (0x206c6713) ori     a4, s8, 518
core   0: 3 0x80005144 (0x206c6713) x14 0x80015ee6
core   0: 0x80005148 (0x016516b3) sll     a3, a0, s6
core   0: 3 0x80005148 (0x016516b3) x13 0x00000c02
core   0: 0x8000514c (0x0134a7b3) slt     a5, s1, s3
core   0: 3 0x8000514c (0x0134a7b3) x15 0x00000001
core   0: 0x80005150 (0x7a556193) ori     gp, a0, 1957
core   0: 3 0x80005150 (0x7a556193) x 3 0x000007a5
core   0: 0x80005154 (0x1b823993) sltiu   s3, tp, 440
core   0: 3 0x80005154 (0x1b823993) x19 0x00000001
core   0: 0x80005158 (0x01f91533) sll     a0, s2, t6
core   0: 3 0x80005158 (0x01f91533) x10 0x00000001
core   0: 0x8000515c (0xead1bc17) auipc   s8, 0xead1b
core   0: 3 0x8000515c (0xead1bc17) x24 0x6ad2015c
core   0: 0x80005160 (0x00856db3) or      s11, a0, s0
core   0: 3 0x80005160 (0x00856db3) x27 0x00000001
core   0: 0x80005164 (0xafe28913) addi    s2, t0, -1282
core   0: 3 0x80005164 (0xafe28913) x18 0xfffffafe
core   0: 0x80005168 (0x015c0633) add     a2, s8, s5
core   0: 3 0x80005168 (0x015c0633) x12 0x6b28989c
core   0: 0x8000516c (0x00000013) nop
core   0: 3 0x8000516c (0x00000013)
core   0: 0x80005170 (0x3bc0b293) sltiu   t0, ra, 956
core   0: 3 0x80005170 (0x3bc0b293) x 5 0x00000000
core   0: 0x80005174 (0x00061033) sll     zero, a2, zero
core   0: 3 0x80005174 (0x00061033)
core   0: 0x80005178 (0x3a9bb193) sltiu   gp, s7, 937
core   0: 3 0x80005178 (0x3a9bb193) x 3 0x00000001
core   0: 0x8000517c (0x610c6f13) ori     t5, s8, 1552
core   0: 3 0x8000517c (0x610c6f13) x30 0x6ad2075c
core   0: 0x80005180 (0x00905fb3) srl     t6, zero, s1
core   0: 3 0x80005180 (0x00905fb3) x31 0x00000000
core   0: 0x80005184 (0x008620b3) slt     ra, a2, s0
core   0: 3 0x80005184 (0x008620b3) x 1 0x00000000
core   0: 0x80005188 (0xf5522c17) auipc   s8, 0xf5522
core   0: 3 0x80005188 (0xf5522c17) x24 0x75527188
core   0: 0x8000518c (0x3ef1b713) sltiu   a4, gp, 1007
core   0: 3 0x8000518c (0x3ef1b713) x14 0x00000001
core   0: 0x80005190 (0x0196a9b3) slt     s3, a3, s9
core   0: 3 0x80005190 (0x0196a9b3) x19 0x00000001
core   0: 0x80005194 (0x00000013) nop
core   0: 3 0x80005194 (0x00000013)
core   0: 0x80005198 (0x3775a093) slti    ra, a1, 887
core   0: 3 0x80005198 (0x3775a093) x 1 0x00000001
core   0: 0x8000519c (0x2418e793) ori     a5, a7, 577
core   0: 3 0x8000519c (0x2418e793) x15 0x80011e65
core   0: 0x800051a0 (0x01597433) and     s0, s2, s5
core   0: 3 0x800051a0 (0x01597433) x 8 0x00569240
core   0: 0x800051a4 (0xc3021fb7) lui     t6, 0xc3021
core   0: 3 0x800051a4 (0xc3021fb7) x31 0xc3021000
core   0: 0x800051a8 (0x55c8fe93) andi    t4, a7, 1372
core   0: 3 0x800051a8 (0x55c8fe93) x29 0x00000444
core   0: 0x800051ac (0x019f07b3) add     a5, t5, s9
core   0: 3 0x800051ac (0x019f07b3) x15 0x6b80795c
core   0: 0x800051b0 (0xfe028f13) addi    t5, t0, -32
core   0: 3 0x800051b0 (0xfe028f13) x30 0xffffffe0
core   0: 0x800051b4 (0x01481013) slli    zero, a6, 20
core   0: 3 0x800051b4 (0x01481013)
core   0: 0x800051b8 (0x013b89b3) add     s3, s7, s3
core   0: 3 0x800051b8 (0x013b89b3) x19 0x00000001
core   0: 0x800051bc (0x24227d13) andi    s10, tp, 578
core   0: 3 0x800051bc (0x24227d13) x26 0x00000000
core   0: 0x800051c0 (0xb2453613) sltiu   a2, a0, -1244
core   0: 3 0x800051c0 (0xb2453613) x12 0x00000001
core   0: 0x800051c4 (0x40efd193) srai    gp, t6, 14
core   0: 3 0x800051c4 (0x40efd193) x 3 0xffff0c08
core   0: 0x800051c8 (0x008fe133) or      sp, t6, s0
core   0: 3 0x800051c8 (0x008fe133) x 2 0xc3569240
core   0: 0x800051cc (0x60b1acb7) lui     s9, 0x60b1a
core   0: 3 0x800051cc (0x60b1acb7) x25 0x60b1a000
core   0: 0x800051d0 (0x01565513) srli    a0, a2, 21
core   0: 3 0x800051d0 (0x01565513) x10 0x00000000
core   0: 0x800051d4 (0xe3ac7793) andi    a5, s8, -454
core   0: 3 0x800051d4 (0xe3ac7793) x15 0x75527008
core   0: 0x800051d8 (0x00f89793) slli    a5, a7, 15
core   0: 3 0x800051d8 (0x00f89793) x15 0x8f320000
core   0: 0x800051dc (0x01158333) add     t1, a1, a7
core   0: 3 0x800051dc (0x01158333) x 6 0x80011d09
core   0: 0x800051e0 (0x004defb3) or      t6, s11, tp
core   0: 3 0x800051e0 (0x004defb3) x31 0x00000001
core   0: 0x800051e4 (0xf62ab813) sltiu   a6, s5, -158
core   0: 3 0x800051e4 (0xf62ab813) x16 0x00000001
core   0: 0x800051e8 (0x01140db3) add     s11, s0, a7
core   0: 3 0x800051e8 (0x01140db3) x27 0x8057b0a4
core   0: 0x800051ec (0x007f7333) and     t1, t5, t2
core   0: 3 0x800051ec (0x007f7333) x 6 0x80015ce0
core   0: 0x800051f0 (0x9df44f93) xori    t6, s0, -1569
core   0: 3 0x800051f0 (0x9df44f93) x31 0xffa96b9f
core   0: 0x800051f4 (0x41cbad13) slti    s10, s7, 1052
core   0: 3 0x800051f4 (0x41cbad13) x26 0x00000001
core   0: 0x800051f8 (0x00e61793) slli    a5, a2, 14
core   0: 3 0x800051f8 (0x00e61793) x15 0x00004000
core   0: 0x800051fc (0x0142ef33) or      t5, t0, s4
core   0: 3 0x800051fc (0x0142ef33) x30 0x00000471
core   0: 0x80005200 (0x01078c33) add     s8, a5, a6
core   0: 3 0x80005200 (0x01078c33) x24 0x00004001
core   0: 0x80005204 (0x24a3a193) slti    gp, t2, 586
core   0: 3 0x80005204 (0x24a3a193) x 3 0x00000001
core   0: 0x80005208 (0x00ef9333) sll     t1, t6, a4
core   0: 3 0x80005208 (0x00ef9333) x 6 0xff52d73e
core   0: 0x8000520c (0x014e1193) slli    gp, t3, 20
core   0: 3 0x8000520c (0x014e1193) x 3 0x00100000
core   0: 0x80005210 (0xf05e6e13) ori     t3, t3, -251
core   0: 3 0x80005210 (0xf05e6e13) x28 0xffffff05
core   0: 0x80005214 (0x00210333) add     t1, sp, sp
core   0: 3 0x80005214 (0x00210333) x 6 0x86ad2480
core   0: 0x80005218 (0x4779a193) slti    gp, s3, 1143
core   0: 3 0x80005218 (0x4779a193) x 3 0x00000001
core   0: 0x8000521c (0x00000013) nop
core   0: 3 0x8000521c (0x00000013)
core   0: 0x80005220 (0x4fb91037) lui     zero, 0x4fb91
core   0: 3 0x80005220 (0x4fb91037)
core   0: 0x80005224 (0x01062633) slt     a2, a2, a6
core   0: 3 0x80005224 (0x01062633) x12 0x00000000
core   0: 0x80005228 (0x4dab3913) sltiu   s2, s6, 1242
core   0: 3 0x80005228 (0x4dab3913) x18 0x00000000
core   0: 0x8000522c (0x8c9a4297) auipc   t0, 0x8c9a4
core   0: 3 0x8000522c (0x8c9a4297) x 5 0x0c9a922c
core   0: 0x80005230 (0x016504b3) add     s1, a0, s6
core   0: 3 0x80005230 (0x016504b3) x 9 0xe88396e1
core   0: 0x80005234 (0x790d6193) ori     gp, s10, 1936
core   0: 3 0x80005234 (0x790d6193) x 3 0x00000791
core   0: 0x80005238 (0x0ca2e113) ori     sp, t0, 202
core   0: 3 0x80005238 (0x0ca2e113) x 2 0x0c9a92ee
core   0: 0x8000523c (0x00000013) nop
core   0: 3 0x8000523c (0x00000013)
core   0: 0x80005240 (0xe0176593) ori     a1, a4, -511
core   0: 3 0x80005240 (0xe0176593) x11 0xfffffe01
core   0: 0x80005244 (0x0079b0b3) sltu    ra, s3, t2
core   0: 3 0x80005244 (0x0079b0b3) x 1 0x00000001
core   0: 0x80005248 (0x2e073293) sltiu   t0, a4, 736
core   0: 3 0x80005248 (0x2e073293) x 5 0x00000001
core   0: 0x8000524c (0x3ada8697) auipc   a3, 0x3ada8
core   0: 3 0x8000524c (0x3ada8697) x13 0xbadad24c
core   0: 0x80005250 (0x01f85a93) srli    s5, a6, 31
core   0: 3 0x80005250 (0x01f85a93) x21 0x00000000
core   0: 0x80005254 (0x0b0d6097) auipc   ra, 0xb0d6
core   0: 3 0x80005254 (0x0b0d6097) x 1 0x8b0db254
core   0: 0x80005258 (0x01218433) add     s0, gp, s2
core   0: 3 0x80005258 (0x01218433) x 8 0x00000791
core   0: 0x8000525c (0x51d8b693) sltiu   a3, a7, 1309
core   0: 3 0x8000525c (0x51d8b693) x13 0x00000000
core   0: 0x80005260 (0x01c15093) srli    ra, sp, 28
core   0: 3 0x80005260 (0x01c15093) x 1 0x00000000
core   0: 0x80005264 (0x000bef33) or      t5, s7, zero
core   0: 3 0x80005264 (0x000bef33) x30 0x00000000
core   0: 0x80005268 (0xfa347793) andi    a5, s0, -93
core   0: 3 0x80005268 (0xfa347793) x15 0x00000781
core   0: 0x8000526c (0x01afb733) sltu    a4, t6, s10
core   0: 3 0x8000526c (0x01afb733) x14 0x00000000
core   0: 0x80005270 (0x00f609b3) add     s3, a2, a5
core   0: 3 0x80005270 (0x00f609b3) x19 0x00000781
core   0: 0x80005274 (0x403302b3) sub     t0, t1, gp
core   0: 3 0x80005274 (0x403302b3) x 5 0x86ad1cef
core   0: 0x80005278 (0x97277593) andi    a1, a4, -1678
core   0: 3 0x80005278 (0x97277593) x11 0x00000000
core   0: 0x8000527c (0x2b290b93) addi    s7, s2, 690
core   0: 3 0x8000527c (0x2b290b93) x23 0x000002b2
core   0: 0x80005280 (0x40ee5e93) srai    t4, t3, 14
core   0: 3 0x80005280 (0x40ee5e93) x29 0xffffffff
core   0: 0x80005284 (0x01ee31b3) sltu    gp, t3, t5
core   0: 3 0x80005284 (0x01ee31b3) x 3 0x00000000
core   0: 0x80005288 (0xaed9ce13) xori    t3, s3, -1299
core   0: 3 0x80005288 (0xaed9ce13) x28 0xfffffd6c
core   0: 0x8000528c (0x95ff7813) andi    a6, t5, -1697
core   0: 3 0x8000528c (0x95ff7813) x16 0x00000000
core   0: 0x80005290 (0x9e79ba93) sltiu   s5, s3, -1561
core   0: 3 0x80005290 (0x9e79ba93) x21 0x00000001
core   0: 0x80005294 (0xaae82a93) slti    s5, a6, -1362
core   0: 3 0x80005294 (0xaae82a93) x21 0x00000000
core   0: 0x80005298 (0x017639b3) sltu    s3, a2, s7
core   0: 3 0x80005298 (0x017639b3) x19 0x00000001
core   0: 0x8000529c (0x00a99213) slli    tp, s3, 10
core   0: 3 0x8000529c (0x00a99213) x 4 0x00000400
core   0: 0x800052a0 (0x7bcb4013) xori    zero, s6, 1980
core   0: 3 0x800052a0 (0x7bcb4013)
core   0: 0x800052a4 (0x00000013) nop
core   0: 3 0x800052a4 (0x00000013)
core   0: 0x800052a8 (0x00000013) nop
core   0: 3 0x800052a8 (0x00000013)
core   0: 0x800052ac (0x012b2933) slt     s2, s6, s2
core   0: 3 0x800052ac (0x012b2933) x18 0x00000001
core   0: 0x800052b0 (0x01d479b3) and     s3, s0, t4
core   0: 3 0x800052b0 (0x01d479b3) x19 0x00000791
core   0: 0x800052b4 (0x019e87b3) add     a5, t4, s9
core   0: 3 0x800052b4 (0x019e87b3) x15 0x60b19fff
core   0: 0x800052b8 (0x00fa72b3) and     t0, s4, a5
core   0: 3 0x800052b8 (0x00fa72b3) x 5 0x00000471
core   0: 0x800052bc (0xf55ab013) sltiu   zero, s5, -171
core   0: 3 0x800052bc (0xf55ab013)
core   0: 0x800052c0 (0x00b8e233) or      tp, a7, a1
core   0: 3 0x800052c0 (0x00b8e233) x 4 0x80011e64
core   0: 0x800052c4 (0x00b64233) xor     tp, a2, a1
core   0: 3 0x800052c4 (0x00b64233) x 4 0x00000000
core   0: 0x800052c8 (0x01ea7f33) and     t5, s4, t5
core   0: 3 0x800052c8 (0x01ea7f33) x30 0x00000000
core   0: 0x800052cc (0x01c27033) and     zero, tp, t3
core   0: 3 0x800052cc (0x01c27033)
core   0: 0x800052d0 (0x01a4d813) srli    a6, s1, 26
core   0: 3 0x800052d0 (0x01a4d813) x16 0x0000003a
core   0: 0x800052d4 (0x01db1193) slli    gp, s6, 29
core   0: 3 0x800052d4 (0x01db1193) x 3 0x20000000
core   0: 0x800052d8 (0x00de91b3) sll     gp, t4, a3
core   0: 3 0x800052d8 (0x00de91b3) x 3 0xffffffff
core   0: 0x800052dc (0x01eb2fb3) slt     t6, s6, t5
core   0: 3 0x800052dc (0x01eb2fb3) x31 0x00000001
core   0: 0x800052e0 (0x006070b3) and     ra, zero, t1
core   0: 3 0x800052e0 (0x006070b3) x 1 0x00000000
core   0: 0x800052e4 (0x0062d913) srli    s2, t0, 6
core   0: 3 0x800052e4 (0x0062d913) x18 0x00000011
core   0: 0x800052e8 (0x2f3cff17) auipc   t5, 0x2f3cf
core   0: 3 0x800052e8 (0x2f3cff17) x30 0xaf3d42e8
core   0: 0x800052ec (0xa3702993) slti    s3, zero, -1481
core   0: 3 0x800052ec (0xa3702993) x19 0x00000000
core   0: 0x800052f0 (0x01c7f733) and     a4, a5, t3
core   0: 3 0x800052f0 (0x01c7f733) x14 0x60b19d6c
core   0: 0x800052f4 (0x000e6933) or      s2, t3, zero
core   0: 3 0x800052f4 (0x000e6933) x18 0xfffffd6c
core   0: 0x800052f8 (0xe3bbb093) sltiu   ra, s7, -453
core   0: 3 0x800052f8 (0xe3bbb093) x 1 0x00000001
core   0: 0x800052fc (0x01db8f33) add     t5, s7, t4
core   0: 3 0x800052fc (0x01db8f33) x30 0x000002b1
core   0: 0x80005300 (0x000aa5b3) slt     a1, s5, zero
core   0: 3 0x80005300 (0x000aa5b3) x11 0x00000000
core   0: 0x80005304 (0x32a83713) sltiu   a4, a6, 810
core   0: 3 0x80005304 (0x32a83713) x14 0x00000001
core   0: 0x80005308 (0x0b966697) auipc   a3, 0xb966
core   0: 3 0x80005308 (0x0b966697) x13 0x8b96b308
core   0: 0x8000530c (0x0196b5b3) sltu    a1, a3, s9
core   0: 3 0x8000530c (0x0196b5b3) x11 0x00000000
core   0: 0x80005310 (0xd30d7e17) auipc   t3, 0xd30d7
core   0: 3 0x80005310 (0xd30d7e17) x28 0x530dc310
core   0: 0x80005314 (0x0008d293) srli    t0, a7, 0
core   0: 3 0x80005314 (0x0008d293) x 5 0x80011e64
core   0: 0x80005318 (0xdefc76b7) lui     a3, 0xdefc7
core   0: 3 0x80005318 (0xdefc76b7) x13 0xdefc7000
core   0: 0x8000531c (0x413c5f13) srai    t5, s8, 19
core   0: 3 0x8000531c (0x413c5f13) x30 0x00000000
core   0: 0x80005320 (0x004906b3) add     a3, s2, tp
core   0: 3 0x80005320 (0x004906b3) x13 0xfffffd6c
core   0: 0x80005324 (0xf3380993) addi    s3, a6, -205
core   0: 3 0x80005324 (0xf3380993) x19 0xffffff6d
core   0: 0x80005328 (0x4390f113) andi    sp, ra, 1081
core   0: 3 0x80005328 (0x4390f113) x 2 0x00000001
core   0: 0x8000532c (0x00f66733) or      a4, a2, a5
core   0: 3 0x8000532c (0x00f66733) x14 0x60b19fff
core   0: 0x80005330 (0x012796b3) sll     a3, a5, s2
core   0: 3 0x80005330 (0x012796b3) x13 0x19fff000
core   0: 0x80005334 (0x00e34933) xor     s2, t1, a4
core   0: 3 0x80005334 (0x00e34933) x18 0xe61cbb7f
core   0: 0x80005338 (0x00000013) nop
core   0: 3 0x80005338 (0x00000013)
core   0: 0x8000533c (0x9d527813) andi    a6, tp, -1579
core   0: 3 0x8000533c (0x9d527813) x16 0x00000000
core   0: 0x80005340 (0x016aae33) slt     t3, s5, s6
core   0: 3 0x80005340 (0x016aae33) x28 0x00000000
core   0: 0x80005344 (0x16f1e493) ori     s1, gp, 367
core   0: 3 0x80005344 (0x16f1e493) x 9 0xffffffff
core   0: 0x80005348 (0x015a05b3) add     a1, s4, s5
core   0: 3 0x80005348 (0x015a05b3) x11 0x00000471
core   0: 0x8000534c (0x013afbb3) and     s7, s5, s3
core   0: 3 0x8000534c (0x013afbb3) x23 0x00000000
core   0: 0x80005350 (0x40938433) sub     s0, t2, s1
core   0: 3 0x80005350 (0x40938433) x 8 0x80015ce5
core   0: 0x80005354 (0xe4d23c13) sltiu   s8, tp, -435
core   0: 3 0x80005354 (0xe4d23c13) x24 0x00000001
core   0: 0x80005358 (0x0e9d3e93) sltiu   t4, s10, 233
core   0: 3 0x80005358 (0x0e9d3e93) x29 0x00000001
core   0: 0x8000535c (0x7f234c93) xori    s9, t1, 2034
core   0: 3 0x8000535c (0x7f234c93) x25 0x86ad2372
core   0: 0x80005360 (0x00509a33) sll     s4, ra, t0
core   0: 3 0x80005360 (0x00509a33) x20 0x00000010
core   0: 0x80005364 (0x40ba5693) srai    a3, s4, 11
core   0: 3 0x80005364 (0x40ba5693) x13 0x00000000
core   0: 0x80005368 (0xc3e3a513) slti    a0, t2, -962
core   0: 3 0x80005368 (0xc3e3a513) x10 0x00000001
core   0: 0x8000536c (0x41d85533) sra     a0, a6, t4
core   0: 3 0x8000536c (0x41d85533) x10 0x00000000
core   0: 0x80005370 (0x40dd5733) sra     a4, s10, a3
core   0: 3 0x80005370 (0x40dd5733) x14 0x00000001
core   0: 0x80005374 (0x01b42833) slt     a6, s0, s11
core   0: 3 0x80005374 (0x01b42833) x16 0x00000001
core   0: 0x80005378 (0x007b9c33) sll     s8, s7, t2
core   0: 3 0x80005378 (0x007b9c33) x24 0x00000000
core   0: 0x8000537c (0x40e15693) srai    a3, sp, 14
core   0: 3 0x8000537c (0x40e15693) x13 0x00000000
core   0: 0x80005380 (0x001c9a33) sll     s4, s9, ra
core   0: 3 0x80005380 (0x001c9a33) x20 0x0d5a46e4
core   0: 0x80005384 (0x00935213) srli    tp, t1, 9
core   0: 3 0x80005384 (0x00935213) x 4 0x00435692
core   0: 0x80005388 (0x003d9293) slli    t0, s11, 3
core   0: 3 0x80005388 (0x003d9293) x 5 0x02bd8520
core   0: 0x8000538c (0x00000013) nop
core   0: 3 0x8000538c (0x00000013)
core   0: 0x80005390 (0x91ab6a13) ori     s4, s6, -1766
core   0: 3 0x80005390 (0x91ab6a13) x20 0xfffffffb
core   0: 0x80005394 (0x9db96993) ori     s3, s2, -1573
core   0: 3 0x80005394 (0x9db96993) x19 0xfffffbff
core   0: 0x80005398 (0x00b04fb3) xor     t6, zero, a1
core   0: 3 0x80005398 (0x00b04fb3) x31 0x00000471
core   0: 0x8000539c (0x004ddab3) srl     s5, s11, tp
core   0: 3 0x8000539c (0x004ddab3) x21 0x00002015
core   0: 0x800053a0 (0x013fa933) slt     s2, t6, s3
core   0: 3 0x800053a0 (0x013fa933) x18 0x00000000
core   0: 0x800053a4 (0xecae52b7) lui     t0, 0xecae5
core   0: 3 0x800053a4 (0xecae52b7) x 5 0xecae5000
core   0: 0x800053a8 (0x58966993) ori     s3, a2, 1417
core   0: 3 0x800053a8 (0x58966993) x19 0x00000589
core   0: 0x800053ac (0xe7c28b93) addi    s7, t0, -388
core   0: 3 0x800053ac (0xe7c28b93) x23 0xecae4e7c
core   0: 0x800053b0 (0x952c4e13) xori    t3, s8, -1710
core   0: 3 0x800053b0 (0x952c4e13) x28 0xfffff952
core   0: 0x800053b4 (0x01bb9233) sll     tp, s7, s11
core   0: 3 0x800053b4 (0x01bb9233) x 4 0xcae4e7c0
core   0: 0x800053b8 (0x002ce4b3) or      s1, s9, sp
core   0: 3 0x800053b8 (0x002ce4b3) x 9 0x86ad2373
core   0: 0x800053bc (0x00fffd33) and     s10, t6, a5
core   0: 3 0x800053bc (0x00fffd33) x26 0x00000471
core   0: 0x800053c0 (0x418e8bb3) sub     s7, t4, s8
core   0: 3 0x800053c0 (0x418e8bb3) x23 0x00000001
core   0: 0x800053c4 (0x1a8b3793) sltiu   a5, s6, 424
core   0: 3 0x800053c4 (0x1a8b3793) x15 0x00000000
core   0: 0x800053c8 (0xfe498813) addi    a6, s3, -28
core   0: 3 0x800053c8 (0xfe498813) x16 0x0000056d
core   0: 0x800053cc (0x5c613213) sltiu   tp, sp, 1478
core   0: 3 0x800053cc (0x5c613213) x 4 0x00000001
core   0: 0x800053d0 (0xbf814c13) xori    s8, sp, -1032
core   0: 3 0x800053d0 (0xbf814c13) x24 0xfffffbf9
core   0: 0x800053d4 (0x01191cb3) sll     s9, s2, a7
core   0: 3 0x800053d4 (0x01191cb3) x25 0x00000000
core   0: 0x800053d8 (0x5c107d97) auipc   s11, 0x5c107
core   0: 3 0x800053d8 (0x5c107d97) x27 0xdc10c3d8
core   0: 0x800053dc (0x014d8a33) add     s4, s11, s4
core   0: 3 0x800053dc (0x014d8a33) x20 0xdc10c3d3
core   0: 0x800053e0 (0xe65d8613) addi    a2, s11, -411
core   0: 3 0x800053e0 (0xe65d8613) x12 0xdc10c23d
core   0: 0x800053e4 (0x3a47ea13) ori     s4, a5, 932
core   0: 3 0x800053e4 (0x3a47ea13) x20 0x000003a4
core   0: 0x800053e8 (0x004baeb3) slt     t4, s7, tp
core   0: 3 0x800053e8 (0x004baeb3) x29 0x00000000
core   0: 0x800053ec (0x7e0bbc93) sltiu   s9, s7, 2016
core   0: 3 0x800053ec (0x7e0bbc93) x25 0x00000001
core   0: 0x800053f0 (0xe809a713) slti    a4, s3, -384
core   0: 3 0x800053f0 (0xe809a713) x14 0x00000000
core   0: 0x800053f4 (0x0159f7b3) and     a5, s3, s5
core   0: 3 0x800053f4 (0x0159f7b3) x15 0x00000001
core   0: 0x800053f8 (0x00000013) nop
core   0: 3 0x800053f8 (0x00000013)
core   0: 0x800053fc (0x0092e833) or      a6, t0, s1
core   0: 3 0x800053fc (0x0092e833) x16 0xeeaf7373
core   0: 0x80005400 (0xde5a7513) andi    a0, s4, -539
core   0: 3 0x80005400 (0xde5a7513) x10 0x000001a4
core   0: 0x80005404 (0x01dd7533) and     a0, s10, t4
core   0: 3 0x80005404 (0x01dd7533) x10 0x00000000
core   0: 0x80005408 (0x0155a1b3) slt     gp, a1, s5
core   0: 3 0x80005408 (0x0155a1b3) x 3 0x00000001
core   0: 0x8000540c (0xf5413517) auipc   a0, 0xf5413
core   0: 3 0x8000540c (0xf5413517) x10 0x7541840c
core   0: 0x80005410 (0x40295e93) srai    t4, s2, 2
core   0: 3 0x80005410 (0x40295e93) x29 0x00000000
core   0: 0x80005414 (0x0020a6b3) slt     a3, ra, sp
core   0: 3 0x80005414 (0x0020a6b3) x13 0x00000000
core   0: 0x80005418 (0x001adbb3) srl     s7, s5, ra
core   0: 3 0x80005418 (0x001adbb3) x23 0x0000100a
core   0: 0x8000541c (0x00000013) nop
core   0: 3 0x8000541c (0x00000013)
core   0: 0x80005420 (0x41e6de13) srai    t3, a3, 30
core   0: 3 0x80005420 (0x41e6de13) x28 0x00000000
core   0: 0x80005424 (0x41a75d33) sra     s10, a4, s10
core   0: 3 0x80005424 (0x41a75d33) x26 0x00000000
core   0: 0x80005428 (0xfaf6b513) sltiu   a0, a3, -81
core   0: 3 0x80005428 (0xfaf6b513) x10 0x00000001
core   0: 0x8000542c (0x01759bb3) sll     s7, a1, s7
core   0: 3 0x8000542c (0x01759bb3) x23 0x0011c400
core   0: 0x80005430 (0x00000013) nop
core   0: 3 0x80005430 (0x00000013)
core   0: 0x80005434 (0x01b05cb3) srl     s9, zero, s11
core   0: 3 0x80005434 (0x01b05cb3) x25 0x00000000
core   0: 0x80005438 (0x01723f33) sltu    t5, tp, s7
core   0: 3 0x80005438 (0x01723f33) x30 0x00000001
core   0: 0x8000543c (0x00000013) nop
core   0: 3 0x8000543c (0x00000013)
core   0: 0x80005440 (0x47b28a13) addi    s4, t0, 1147
core   0: 3 0x80005440 (0x47b28a13) x20 0xecae547b
core   0: 0x80005444 (0x762b1d97) auipc   s11, 0x762b1
core   0: 3 0x80005444 (0x762b1d97) x27 0xf62b6444
core   0: 0x80005448 (0x40a6dd13) srai    s10, a3, 10
core   0: 3 0x80005448 (0x40a6dd13) x26 0x00000000
core   0: 0x8000544c (0x000c9013) slli    zero, s9, 0
core   0: 3 0x8000544c (0x000c9013)
core   0: 0x80005450 (0x7e6dec17) auipc   s8, 0x7e6de
core   0: 3 0x80005450 (0x7e6dec17) x24 0xfe6e3450
core   0: 0x80005454 (0x01c95033) srl     zero, s2, t3
core   0: 3 0x80005454 (0x01c95033)
core   0: 0x80005458 (0x00eed2b3) srl     t0, t4, a4
core   0: 3 0x80005458 (0x00eed2b3) x 5 0x00000000
core   0: 0x8000545c (0x0118ce33) xor     t3, a7, a7
core   0: 3 0x8000545c (0x0118ce33) x28 0x00000000
core   0: 0x80005460 (0x00502f33) slt     t5, zero, t0
core   0: 3 0x80005460 (0x00502f33) x30 0x00000000
core   0: 0x80005464 (0x1ef08193) addi    gp, ra, 495
core   0: 3 0x80005464 (0x1ef08193) x 3 0x000001f0
core   0: 0x80005468 (0x01d10033) add     zero, sp, t4
core   0: 3 0x80005468 (0x01d10033)
core   0: 0x8000546c (0xe6e20113) addi    sp, tp, -402
core   0: 3 0x8000546c (0xe6e20113) x 2 0xfffffe6f
core   0: 0x80005470 (0x0031ac33) slt     s8, gp, gp
core   0: 3 0x80005470 (0x0031ac33) x24 0x00000000
core   0: 0x80005474 (0x01894433) xor     s0, s2, s8
core   0: 3 0x80005474 (0x01894433) x 8 0x00000000
core   0: 0x80005478 (0x00000013) nop
core   0: 3 0x80005478 (0x00000013)
core   0: 0x8000547c (0x2bb8b913) sltiu   s2, a7, 699
core   0: 3 0x8000547c (0x2bb8b913) x18 0x00000000
core   0: 0x80005480 (0x04fab813) sltiu   a6, s5, 79
core   0: 3 0x80005480 (0x04fab813) x16 0x00000000
core   0: 0x80005484 (0x00a31c33) sll     s8, t1, a0
core   0: 3 0x80005484 (0x00a31c33) x24 0x0d5a4900
core   0: 0x80005488 (0x00d4d913) srli    s2, s1, 13
core   0: 3 0x80005488 (0x00d4d913) x18 0x00043569
core   0: 0x8000548c (0x8743a493) slti    s1, t2, -1932
core   0: 3 0x8000548c (0x8743a493) x 9 0x00000001
core   0: 0x80005490 (0x00ccd313) srli    t1, s9, 12
core   0: 3 0x80005490 (0x00ccd313) x 6 0x00000000
core   0: 0x80005494 (0xde68f313) andi    t1, a7, -538
core   0: 3 0x80005494 (0xde68f313) x 6 0x80011c64
core   0: 0x80005498 (0x01e04d33) xor     s10, zero, t5
core   0: 3 0x80005498 (0x01e04d33) x26 0x00000000
core   0: 0x8000549c (0x00223533) sltu    a0, tp, sp
core   0: 3 0x8000549c (0x00223533) x10 0x00000001
core   0: 0x800054a0 (0x41cc5d33) sra     s10, s8, t3
core   0: 3 0x800054a0 (0x41cc5d33) x26 0x0d5a4900
core   0: 0x800054a4 (0xe30c6013) ori     zero, s8, -464
core   0: 3 0x800054a4 (0xe30c6013)
core   0: 0x800054a8 (0x40d651b3) sra     gp, a2, a3
core   0: 3 0x800054a8 (0x40d651b3) x 3 0xdc10c23d
core   0: 0x800054ac (0x410787b3) sub     a5, a5, a6
core   0: 3 0x800054ac (0x410787b3) x15 0x00000001
core   0: 0x800054b0 (0x008b71b3) and     gp, s6, s0
core   0: 3 0x800054b0 (0x008b71b3) x 3 0x00000000
core   0: 0x800054b4 (0x01d34333) xor     t1, t1, t4
core   0: 3 0x800054b4 (0x01d34333) x 6 0x80011c64
core   0: 0x800054b8 (0x3c209a37) lui     s4, 0x3c209
core   0: 3 0x800054b8 (0x3c209a37) x20 0x3c209000
core   0: 0x800054bc (0x006e1c33) sll     s8, t3, t1
core   0: 3 0x800054bc (0x006e1c33) x24 0x00000000
core   0: 0x800054c0 (0x003119b3) sll     s3, sp, gp
core   0: 3 0x800054c0 (0x003119b3) x19 0xfffffe6f
core   0: 0x800054c4 (0x01cc67b3) or      a5, s8, t3
core   0: 3 0x800054c4 (0x01cc67b3) x15 0x00000000
core   0: 0x800054c8 (0x0193c5b3) xor     a1, t2, s9
core   0: 3 0x800054c8 (0x0193c5b3) x11 0x80015ce4
core   0: 0x800054cc (0x90a44513) xori    a0, s0, -1782
core   0: 3 0x800054cc (0x90a44513) x10 0xfffff90a
core   0: 0x800054d0 (0xf2b4a193) slti    gp, s1, -213
core   0: 3 0x800054d0 (0xf2b4a193) x 3 0x00000000
core   0: 0x800054d4 (0x4023d933) sra     s2, t2, sp
core   0: 3 0x800054d4 (0x4023d933) x18 0xffff0002
core   0: 0x800054d8 (0x00275333) srl     t1, a4, sp
core   0: 3 0x800054d8 (0x00275333) x 6 0x00000000
core   0: 0x800054dc (0x00648833) add     a6, s1, t1
core   0: 3 0x800054dc (0x00648833) x16 0x00000001
core   0: 0x800054e0 (0xf7f6bd37) lui     s10, 0xf7f6b
core   0: 3 0x800054e0 (0xf7f6bd37) x26 0xf7f6b000
core   0: 0x800054e4 (0x28a9ff93) andi    t6, s3, 650
core   0: 3 0x800054e4 (0x28a9ff93) x31 0x0000020a
core   0: 0x800054e8 (0x411305b3) sub     a1, t1, a7
core   0: 3 0x800054e8 (0x411305b3) x11 0x7ffee19c
core   0: 0x800054ec (0x5de8d417) auipc   s0, 0x5de8d
core   0: 3 0x800054ec (0x5de8d417) x 8 0xdde924ec
core   0: 0x800054f0 (0x413654b3) sra     s1, a2, s3
core   0: 3 0x800054f0 (0x413654b3) x 9 0xffffb821
core   0: 0x800054f4 (0xbf854593) xori    a1, a0, -1032
core   0: 3 0x800054f4 (0xbf854593) x11 0x000002f2
core   0: 0x800054f8 (0x41c05e13) srai    t3, zero, 28
core   0: 3 0x800054f8 (0x41c05e13) x28 0x00000000
core   0: 0x800054fc (0x4125d593) srai    a1, a1, 18
core   0: 3 0x800054fc (0x4125d593) x11 0x00000000
core   0: 0x80005500 (0x01c81593) slli    a1, a6, 28
core   0: 3 0x80005500 (0x01c81593) x11 0x10000000
core   0: 0x80005504 (0x0128b533) sltu    a0, a7, s2
core   0: 3 0x80005504 (0x0128b533) x10 0x00000001
core   0: 0x80005508 (0x00e7dcb3) srl     s9, a5, a4
core   0: 3 0x80005508 (0x00e7dcb3) x25 0x00000000
core   0: 0x8000550c (0xa5de3793) sltiu   a5, t3, -1443
core   0: 3 0x8000550c (0xa5de3793) x15 0x00000001
core   0: 0x80005510 (0x5b786a93) ori     s5, a6, 1463
core   0: 3 0x80005510 (0x5b786a93) x21 0x000005b7
core   0: 0x80005514 (0x1ba94117) auipc   sp, 0x1ba94
core   0: 3 0x80005514 (0x1ba94117) x 2 0x9ba99514
core   0: 0x80005518 (0x01089bb3) sll     s7, a7, a6
core   0: 3 0x80005518 (0x01089bb3) x23 0x00023cc8
core   0: 0x8000551c (0x0099da13) srli    s4, s3, 9
core   0: 3 0x8000551c (0x0099da13) x20 0x007fffff
core   0: 0x80005520 (0x15c64313) xori    t1, a2, 348
core   0: 3 0x80005520 (0x15c64313) x 6 0xdc10c361
core   0: 0x80005524 (0x013d3033) sltu    zero, s10, s3
core   0: 3 0x80005524 (0x013d3033)
core   0: 0x80005528 (0x9f267113) andi    sp, a2, -1550
core   0: 3 0x80005528 (0x9f267113) x 2 0xdc10c030
core   0: 0x8000552c (0x67c96093) ori     ra, s2, 1660
core   0: 3 0x8000552c (0x67c96093) x 1 0xffff067e
core   0: 0x80005530 (0x00000013) nop
core   0: 3 0x80005530 (0x00000013)
core   0: 0x80005534 (0x01ad9593) slli    a1, s11, 26
core   0: 3 0x80005534 (0x01ad9593) x11 0x10000000
core   0: 0x80005538 (0x40a25993) srai    s3, tp, 10
core   0: 3 0x80005538 (0x40a25993) x19 0x00000000
core   0: 0x8000553c (0x00b757b3) srl     a5, a4, a1
core   0: 3 0x8000553c (0x00b757b3) x15 0x00000000
core   0: 0x80005540 (0x00eaacb3) slt     s9, s5, a4
core   0: 3 0x80005540 (0x00eaacb3) x25 0x00000000
core   0: 0x80005544 (0xe90cef13) ori     t5, s9, -368
core   0: 3 0x80005544 (0xe90cef13) x30 0xfffffe90
core   0: 0x80005548 (0x0025da13) srli    s4, a1, 2
core   0: 3 0x80005548 (0x0025da13) x20 0x04000000
core   0: 0x8000554c (0x8e5c8593) addi    a1, s9, -1819
core   0: 3 0x8000554c (0x8e5c8593) x11 0xfffff8e5
core   0: 0x80005550 (0x001a71b3) and     gp, s4, ra
core   0: 3 0x80005550 (0x001a71b3) x 3 0x04000000
core   0: 0x80005554 (0x66b67f93) andi    t6, a2, 1643
core   0: 3 0x80005554 (0x66b67f93) x31 0x00000229
core   0: 0x80005558 (0x01712d33) slt     s10, sp, s7
core   0: 3 0x80005558 (0x01712d33) x26 0x00000001
core   0: 0x8000555c (0x012ed2b3) srl     t0, t4, s2
core   0: 3 0x8000555c (0x012ed2b3) x 5 0x00000000
core   0: 0x80005560 (0x01431213) slli    tp, t1, 20
core   0: 3 0x80005560 (0x01431213) x 4 0x36100000
core   0: 0x80005564 (0x00ea9213) slli    tp, s5, 14
core   0: 3 0x80005564 (0x00ea9213) x 4 0x016dc000
core   0: 0x80005568 (0x01770cb3) add     s9, a4, s7
core   0: 3 0x80005568 (0x01770cb3) x25 0x00023cc8
core   0: 0x8000556c (0x01821133) sll     sp, tp, s8
core   0: 3 0x8000556c (0x01821133) x 2 0x016dc000
core   0: 0x80005570 (0x357fb493) sltiu   s1, t6, 855
core   0: 3 0x80005570 (0x357fb493) x 9 0x00000001
core   0: 0x80005574 (0x0025f133) and     sp, a1, sp
core   0: 3 0x80005574 (0x0025f133) x 2 0x016dc000
core   0: 0x80005578 (0x01d1e133) or      sp, gp, t4
core   0: 3 0x80005578 (0x01d1e133) x 2 0x04000000
core   0: 0x8000557c (0xf4be8093) addi    ra, t4, -181
core   0: 3 0x8000557c (0xf4be8093) x 1 0xffffff4b
core   0: 0x80005580 (0x018fe833) or      a6, t6, s8
core   0: 3 0x80005580 (0x018fe833) x16 0x00000229
core   0: 0x80005584 (0x7b613d13) sltiu   s10, sp, 1974
core   0: 3 0x80005584 (0x7b613d13) x26 0x00000000
core   0: 0x80005588 (0x01d57f33) and     t5, a0, t4
core   0: 3 0x80005588 (0x01d57f33) x30 0x00000000
core   0: 0x8000558c (0x01f06ab3) or      s5, zero, t6
core   0: 3 0x8000558c (0x01f06ab3) x21 0x00000229
core   0: 0x80005590 (0x00596c33) or      s8, s2, t0
core   0: 3 0x80005590 (0x00596c33) x24 0xffff0002
core   0: 0x80005594 (0x1b2eee93) ori     t4, t4, 434
core   0: 3 0x80005594 (0x1b2eee93) x29 0x000001b2
core   0: 0x80005598 (0x01110d33) add     s10, sp, a7
core   0: 3 0x80005598 (0x01110d33) x26 0x84011e64
core   0: 0x8000559c (0x0163d193) srli    gp, t2, 22
core   0: 3 0x8000559c (0x0163d193) x 3 0x00000200
core   0: 0x800055a0 (0x00000013) nop
core   0: 3 0x800055a0 (0x00000013)
core   0: 0x800055a4 (0x409052b3) sra     t0, zero, s1
core   0: 3 0x800055a4 (0x409052b3) x 5 0x00000000
core   0: 0x800055a8 (0xb1218693) addi    a3, gp, -1262
core   0: 3 0x800055a8 (0xb1218693) x13 0xfffffd12
core   0: 0x800055ac (0x01fc6fb3) or      t6, s8, t6
core   0: 3 0x800055ac (0x01fc6fb3) x31 0xffff022b
core   0: 0x800055b0 (0x40af5fb3) sra     t6, t5, a0
core   0: 3 0x800055b0 (0x40af5fb3) x31 0x00000000
core   0: 0x800055b4 (0x00129733) sll     a4, t0, ra
core   0: 3 0x800055b4 (0x00129733) x14 0x00000000
core   0: 0x800055b8 (0x00a68833) add     a6, a3, a0
core   0: 3 0x800055b8 (0x00a68833) x16 0xfffffd13
core   0: 0x800055bc (0x01998e33) add     t3, s3, s9
core   0: 3 0x800055bc (0x01998e33) x28 0x00023cc8
core   0: 0x800055c0 (0x41060133) sub     sp, a2, a6
core   0: 3 0x800055c0 (0x41060133) x 2 0xdc10c52a
core   0: 0x800055c4 (0x00205233) srl     tp, zero, sp
core   0: 3 0x800055c4 (0x00205233) x 4 0x00000000
core   0: 0x800055c8 (0x00ad7d33) and     s10, s10, a0
core   0: 3 0x800055c8 (0x00ad7d33) x26 0x00000000
core   0: 0x800055cc (0x8b827113) andi    sp, tp, -1864
core   0: 3 0x800055cc (0x8b827113) x 2 0x00000000
core   0: 0x800055d0 (0x0138ad33) slt     s10, a7, s3
core   0: 3 0x800055d0 (0x0138ad33) x26 0x00000001
core   0: 0x800055d4 (0x00e12cb3) slt     s9, sp, a4
core   0: 3 0x800055d4 (0x00e12cb3) x25 0x00000000
core   0: 0x800055d8 (0x00945813) srli    a6, s0, 9
core   0: 3 0x800055d8 (0x00945813) x16 0x006ef492
core   0: 0x800055dc (0xc5199bb7) lui     s7, 0xc5199
core   0: 3 0x800055dc (0xc5199bb7) x23 0xc5199000
core   0: 0x800055e0 (0x01b33eb3) sltu    t4, t1, s11
core   0: 3 0x800055e0 (0x01b33eb3) x29 0x00000001
core   0: 0x800055e4 (0x411f5833) sra     a6, t5, a7
core   0: 3 0x800055e4 (0x411f5833) x16 0x00000000
core   0: 0x800055e8 (0x01a32e33) slt     t3, t1, s10
core   0: 3 0x800055e8 (0x01a32e33) x28 0x00000001
core   0: 0x800055ec (0x21d4d7b7) lui     a5, 0x21d4d
core   0: 3 0x800055ec (0x21d4d7b7) x15 0x21d4d000
core   0: 0x800055f0 (0x52a52237) lui     tp, 0x52a52
core   0: 3 0x800055f0 (0x52a52237) x 4 0x52a52000
core   0: 0x800055f4 (0x013c8eb3) add     t4, s9, s3
core   0: 3 0x800055f4 (0x013c8eb3) x29 0x00000000
core   0: 0x800055f8 (0x2a6b8e13) addi    t3, s7, 678
core   0: 3 0x800055f8 (0x2a6b8e13) x28 0xc51992a6
core   0: 0x800055fc (0x0164ebb3) or      s7, s1, s6
core   0: 3 0x800055fc (0x0164ebb3) x23 0xe88396e1
core   0: 0x80005600 (0x2a61f217) auipc   tp, 0x2a61f
core   0: 3 0x80005600 (0x2a61f217) x 4 0xaa624600
core   0: 0x80005604 (0x77730493) addi    s1, t1, 1911
core   0: 3 0x80005604 (0x77730493) x 9 0xdc10cad8
core   0: 0x80005608 (0x412a5293) srai    t0, s4, 18
core   0: 3 0x80005608 (0x412a5293) x 5 0x00000100
core   0: 0x8000560c (0x00c75913) srli    s2, a4, 12
core   0: 3 0x8000560c (0x00c75913) x18 0x00000000
core   0: 0x80005610 (0xf6254e37) lui     t3, 0xf6254
core   0: 3 0x80005610 (0xf6254e37) x28 0xf6254000
core   0: 0x80005614 (0x01f1d1b3) srl     gp, gp, t6
core   0: 3 0x80005614 (0x01f1d1b3) x 3 0x00000200
core   0: 0x80005618 (0x00f70cb3) add     s9, a4, a5
core   0: 3 0x80005618 (0x00f70cb3) x25 0x21d4d000
core   0: 0x8000561c (0x01b2feb3) and     t4, t0, s11
core   0: 3 0x8000561c (0x01b2feb3) x29 0x00000000
core   0: 0x80005620 (0x01b74ab3) xor     s5, a4, s11
core   0: 3 0x80005620 (0x01b74ab3) x21 0xf62b6444
core   0: 0x80005624 (0xdad37693) andi    a3, t1, -595
core   0: 3 0x80005624 (0xdad37693) x13 0xdc10c121
core   0: 0x80005628 (0x00d5a1b3) slt     gp, a1, a3
core   0: 3 0x80005628 (0x00d5a1b3) x 3 0x00000000
core   0: 0x8000562c (0x0166afb3) slt     t6, a3, s6
core   0: 3 0x8000562c (0x0166afb3) x31 0x00000001
core   0: 0x80005630 (0x8d162b93) slti    s7, a2, -1839
core   0: 3 0x80005630 (0x8d162b93) x23 0x00000001
core   0: 0x80005634 (0xf8b8f913) andi    s2, a7, -117
core   0: 3 0x80005634 (0xf8b8f913) x18 0x80011e00
core   0: 0x80005638 (0x98f27c13) andi    s8, tp, -1649
core   0: 3 0x80005638 (0x98f27c13) x24 0xaa624000
core   0: 0x8000563c (0x250eef93) ori     t6, t4, 592
core   0: 3 0x8000563c (0x250eef93) x31 0x00000250
core   0: 0x80005640 (0x00f95db3) srl     s11, s2, a5
core   0: 3 0x80005640 (0x00f95db3) x27 0x80011e00
core   0: 0x80005644 (0xd04fed13) ori     s10, t6, -764
core   0: 3 0x80005644 (0xd04fed13) x26 0xffffff54
core   0: 0x80005648 (0x01ef54b3) srl     s1, t5, t5
core   0: 3 0x80005648 (0x01ef54b3) x 9 0x00000000
core   0: 0x8000564c (0x00e95613) srli    a2, s2, 14
core   0: 3 0x8000564c (0x00e95613) x12 0x00020004
core   0: 0x80005650 (0x0034ccb3) xor     s9, s1, gp
core   0: 3 0x80005650 (0x0034ccb3) x25 0x00000000
core   0: 0x80005654 (0x41ef8bb3) sub     s7, t6, t5
core   0: 3 0x80005654 (0x41ef8bb3) x23 0x00000250
core   0: 0x80005658 (0x0048d0b3) srl     ra, a7, tp
core   0: 3 0x80005658 (0x0048d0b3) x 1 0x80011e64
core   0: 0x8000565c (0x014f6cb3) or      s9, t5, s4
core   0: 3 0x8000565c (0x014f6cb3) x25 0x04000000
core   0: 0x80005660 (0x89072f93) slti    t6, a4, -1904
core   0: 3 0x80005660 (0x89072f93) x31 0x00000000
core   0: 0x80005664 (0x404b8d33) sub     s10, s7, tp
core   0: 3 0x80005664 (0x404b8d33) x26 0x559dbc50
core   0: 0x80005668 (0x013e6ab3) or      s5, t3, s3
core   0: 3 0x80005668 (0x013e6ab3) x21 0xf6254000
core   0: 0x8000566c (0x006c5313) srli    t1, s8, 6
core   0: 3 0x8000566c (0x006c5313) x 6 0x02a98900
core   0: 0x80005670 (0x00de5033) srl     zero, t3, a3
core   0: 3 0x80005670 (0x00de5033)
core   0: 0x80005674 (0x017d1913) slli    s2, s10, 23
core   0: 3 0x80005674 (0x017d1913) x18 0x28000000
core   0: 0x80005678 (0x00000013) nop
core   0: 3 0x80005678 (0x00000013)
core   0: 0x8000567c (0xb0307237) lui     tp, 0xb0307
core   0: 3 0x8000567c (0xb0307237) x 4 0xb0307000
core   0: 0x80005680 (0x001a7333) and     t1, s4, ra
core   0: 3 0x80005680 (0x001a7333) x 6 0x00000000
core   0: 0x80005684 (0x0189cdb3) xor     s11, s3, s8
core   0: 3 0x80005684 (0x0189cdb3) x27 0xaa624000
core   0: 0x80005688 (0x01c49613) slli    a2, s1, 28
core   0: 3 0x80005688 (0x01c49613) x12 0x00000000
core   0: 0x8000568c (0x00479f13) slli    t5, a5, 4
core   0: 3 0x8000568c (0x00479f13) x30 0x1d4d0000
core   0: 0x80005690 (0x01931213) slli    tp, t1, 25
core   0: 3 0x80005690 (0x01931213) x 4 0x00000000
core   0: 0x80005694 (0x00a62c93) slti    s9, a2, 10
core   0: 3 0x80005694 (0x00a62c93) x25 0x00000001
core   0: 0x80005698 (0x01fa9613) slli    a2, s5, 31
core   0: 3 0x80005698 (0x01fa9613) x12 0x00000000
core   0: 0x8000569c (0xeb74aa13) slti    s4, s1, -329
core   0: 3 0x8000569c (0xeb74aa13) x20 0x00000000
core   0: 0x800056a0 (0x4aca7f93) andi    t6, s4, 1196
core   0: 3 0x800056a0 (0x4aca7f93) x31 0x00000000
core   0: 0x800056a4 (0x0124e033) or      zero, s1, s2
core   0: 3 0x800056a4 (0x0124e033)
core   0: 0x800056a8 (0x9dc3b793) sltiu   a5, t2, -1572
core   0: 3 0x800056a8 (0x9dc3b793) x15 0x00000001
core   0: 0x800056ac (0x055677b7) lui     a5, 0x5567
core   0: 3 0x800056ac (0x055677b7) x15 0x05567000
core   0: 0x800056b0 (0x00000013) nop
core   0: 3 0x800056b0 (0x00000013)
core   0: 0x800056b4 (0x00000013) nop
core   0: 3 0x800056b4 (0x00000013)
core   0: 0x800056b8 (0x010d6eb3) or      t4, s10, a6
core   0: 3 0x800056b8 (0x010d6eb3) x29 0x559dbc50
core   0: 0x800056bc (0xcc39b193) sltiu   gp, s3, -829
core   0: 3 0x800056bc (0xcc39b193) x 3 0x00000001
core   0: 0x800056c0 (0x01ca5313) srli    t1, s4, 28
core   0: 3 0x800056c0 (0x01ca5313) x 6 0x00000000
core   0: 0x800056c4 (0x01d87533) and     a0, a6, t4
core   0: 3 0x800056c4 (0x01d87533) x10 0x00000000
core   0: 0x800056c8 (0x00af0bb3) add     s7, t5, a0
core   0: 3 0x800056c8 (0x00af0bb3) x23 0x1d4d0000
core   0: 0x800056cc (0x009fc2b3) xor     t0, t6, s1
core   0: 3 0x800056cc (0x009fc2b3) x 5 0x00000000
core   0: 0x800056d0 (0x5ae0e313) ori     t1, ra, 1454
core   0: 3 0x800056d0 (0x5ae0e313) x 6 0x80011fee
core   0: 0x800056d4 (0x525d2613) slti    a2, s10, 1317
core   0: 3 0x800056d4 (0x525d2613) x12 0x00000000
core   0: 0x800056d8 (0x00865813) srli    a6, a2, 8
core   0: 3 0x800056d8 (0x00865813) x16 0x00000000
core   0: 0x800056dc (0x00c094b3) sll     s1, ra, a2
core   0: 3 0x800056dc (0x00c094b3) x 9 0x80011e64
core   0: 0x800056e0 (0x010bc4b3) xor     s1, s7, a6
core   0: 3 0x800056e0 (0x010bc4b3) x 9 0x1d4d0000
core   0: 0x800056e4 (0x01275213) srli    tp, a4, 18
core   0: 3 0x800056e4 (0x01275213) x 4 0x00000000
core   0: 0x800056e8 (0x01493fb3) sltu    t6, s2, s4
core   0: 3 0x800056e8 (0x01493fb3) x31 0x00000000
core   0: 0x800056ec (0xf9aa7c13) andi    s8, s4, -102
core   0: 3 0x800056ec (0xf9aa7c13) x24 0x00000000
core   0: 0x800056f0 (0xb62c3613) sltiu   a2, s8, -1182
core   0: 3 0x800056f0 (0xb62c3613) x12 0x00000001
core   0: 0x800056f4 (0xb7034713) xori    a4, t1, -1168
core   0: 3 0x800056f4 (0xb7034713) x14 0x7ffee49e
core   0: 0x800056f8 (0x010d1c13) slli    s8, s10, 16
core   0: 3 0x800056f8 (0x010d1c13) x24 0xbc500000
core   0: 0x800056fc (0x00000013) nop
core   0: 3 0x800056fc (0x00000013)
core   0: 0x80005700 (0x8490c593) xori    a1, ra, -1975
core   0: 3 0x80005700 (0x8490c593) x11 0x7ffee62d
core   0: 0x80005704 (0x1508b793) sltiu   a5, a7, 336
core   0: 3 0x80005704 (0x1508b793) x15 0x00000000
core   0: 0x80005708 (0x41b2de33) sra     t3, t0, s11
core   0: 3 0x80005708 (0x41b2de33) x28 0x00000000
core   0: 0x8000570c (0x00861433) sll     s0, a2, s0
core   0: 3 0x8000570c (0x00861433) x 8 0x00001000
core   0: 0x80005710 (0x405f0233) sub     tp, t5, t0
core   0: 3 0x80005710 (0x405f0233) x 4 0x1d4d0000
core   0: 0x80005714 (0x41b8d033) sra     zero, a7, s11
core   0: 3 0x80005714 (0x41b8d033)
core   0: 0x80005718 (0x01215413) srli    s0, sp, 18
core   0: 3 0x80005718 (0x01215413) x 8 0x00000000
core   0: 0x8000571c (0x14218993) addi    s3, gp, 322
core   0: 3 0x8000571c (0x14218993) x19 0x00000143
core   0: 0x80005720 (0x000f54b3) srl     s1, t5, zero
core   0: 3 0x80005720 (0x000f54b3) x 9 0x1d4d0000
core   0: 0x80005724 (0x4023d433) sra     s0, t2, sp
core   0: 3 0x80005724 (0x4023d433) x 8 0x80015ce4
core   0: 0x80005728 (0x635c3f37) lui     t5, 0x635c3
core   0: 3 0x80005728 (0x635c3f37) x30 0x635c3000
core   0: 0x8000572c (0x0088c5b3) xor     a1, a7, s0
core   0: 3 0x8000572c (0x0088c5b3) x11 0x00004280
core   0: 0x80005730 (0xb9713d13) sltiu   s10, sp, -1129
core   0: 3 0x80005730 (0xb9713d13) x26 0x00000001
core   0: 0x80005734 (0x005b8733) add     a4, s7, t0
core   0: 3 0x80005734 (0x005b8733) x14 0x1d4d0000
core   0: 0x80005738 (0x404dd613) srai    a2, s11, 4
core   0: 3 0x80005738 (0x404dd613) x12 0xfaa62400
core   0: 0x8000573c (0x62a90f13) addi    t5, s2, 1578
core   0: 3 0x8000573c (0x62a90f13) x30 0x2800062a
core   0: 0x80005740 (0xd7a0f213) andi    tp, ra, -646
core   0: 3 0x80005740 (0xd7a0f213) x 4 0x80011c60
core   0: 0x80005744 (0x00278db3) add     s11, a5, sp
core   0: 3 0x80005744 (0x00278db3) x27 0x00000000
core   0: 0x80005748 (0x006c1a33) sll     s4, s8, t1
core   0: 3 0x80005748 (0x006c1a33) x20 0x00000000
core   0: 0x8000574c (0x00779313) slli    t1, a5, 7
core   0: 3 0x8000574c (0x00779313) x 6 0x00000000
core   0: 0x80005750 (0x00d979b3) and     s3, s2, a3
core   0: 3 0x80005750 (0x00d979b3) x19 0x08000000
core   0: 0x80005754 (0x00000013) nop
core   0: 3 0x80005754 (0x00000013)
core   0: 0x80005758 (0x4013d793) srai    a5, t2, 1
core   0: 3 0x80005758 (0x4013d793) x15 0xc000ae72
core   0: 0x8000575c (0xea5ea013) slti    zero, t4, -347
core   0: 3 0x8000575c (0xea5ea013)
core   0: 0x80005760 (0x00000013) nop
core   0: 3 0x80005760 (0x00000013)
core   0: 0x80005764 (0x007961b3) or      gp, s2, t2
core   0: 3 0x80005764 (0x007961b3) x 3 0xa8015ce4
core   0: 0x80005768 (0x003b25b3) slt     a1, s6, gp
core   0: 3 0x80005768 (0x003b25b3) x11 0x00000000
core   0: 0x8000576c (0x5e097297) auipc   t0, 0x5e097
core   0: 3 0x8000576c (0x5e097297) x 5 0xde09c76c
core   0: 0x80005770 (0x00bbf433) and     s0, s7, a1
core   0: 3 0x80005770 (0x00bbf433) x 8 0x00000000
core   0: 0x80005774 (0x005bf5b3) and     a1, s7, t0
core   0: 3 0x80005774 (0x005bf5b3) x11 0x1c090000
core   0: 0x80005778 (0xd3aefc97) auipc   s9, 0xd3aef
core   0: 3 0x80005778 (0xd3aefc97) x25 0x53af4778
core   0: 0x8000577c (0xdf51b693) sltiu   a3, gp, -523
core   0: 3 0x8000577c (0xdf51b693) x13 0x00000001
core   0: 0x80005780 (0xf1c52d13) slti    s10, a0, -228
core   0: 3 0x80005780 (0xf1c52d13) x26 0x00000000
core   0: 0x80005784 (0x00f37333) and     t1, t1, a5
core   0: 3 0x80005784 (0x00f37333) x 6 0x00000000
core   0: 0x80005788 (0x4006d333) sra     t1, a3, zero
core   0: 3 0x80005788 (0x4006d333) x 6 0x00000001
core   0: 0x8000578c (0x5c008113) addi    sp, ra, 1472
core   0: 3 0x8000578c (0x5c008113) x 2 0x80012424
core   0: 0x80005790 (0x00ce1813) slli    a6, t3, 12
core   0: 3 0x80005790 (0x00ce1813) x16 0x00000000
core   0: 0x80005794 (0x747d9717) auipc   a4, 0x747d9
core   0: 3 0x80005794 (0x747d9717) x14 0xf47de794
core   0: 0x80005798 (0x009e04b3) add     s1, t3, s1
core   0: 3 0x80005798 (0x009e04b3) x 9 0x1d4d0000
core   0: 0x8000579c (0x00ed8133) add     sp, s11, a4
core   0: 3 0x8000579c (0x00ed8133) x 2 0xf47de794
core   0: 0x800057a0 (0x00a5d2b3) srl     t0, a1, a0
core   0: 3 0x800057a0 (0x00a5d2b3) x 5 0x1c090000
core   0: 0x800057a4 (0x6a4207b7) lui     a5, 0x6a420
core   0: 3 0x800057a4 (0x6a4207b7) x15 0x6a420000
core   0: 0x800057a8 (0xbd2f1c37) lui     s8, 0xbd2f1
core   0: 3 0x800057a8 (0xbd2f1c37) x24 0xbd2f1000
core   0: 0x800057ac (0x40c85693) srai    a3, a6, 12
core   0: 3 0x800057ac (0x40c85693) x13 0x00000000
core   0: 0x800057b0 (0xe5f4b593) sltiu   a1, s1, -417
core   0: 3 0x800057b0 (0xe5f4b593) x11 0x00000001
core   0: 0x800057b4 (0x405382b3) sub     t0, t2, t0
core   0: 3 0x800057b4 (0x405382b3) x 5 0x63f85ce4
core   0: 0x800057b8 (0x4597ef93) ori     t6, a5, 1113
core   0: 3 0x800057b8 (0x4597ef93) x31 0x6a420459
core   0: 0x800057bc (0x00000013) nop
core   0: 3 0x800057bc (0x00000013)
core   0: 0x800057c0 (0x00f716b3) sll     a3, a4, a5
core   0: 3 0x800057c0 (0x00f716b3) x13 0xf47de794
core   0: 0x800057c4 (0x00133533) sltu    a0, t1, ra
core   0: 3 0x800057c4 (0x00133533) x10 0x00000001
core   0: 0x800057c8 (0x00519213) slli    tp, gp, 5
core   0: 3 0x800057c8 (0x00519213) x 4 0x002b9c80
core   0: 0x800057cc (0x00be2533) slt     a0, t3, a1
core   0: 3 0x800057cc (0x00be2533) x10 0x00000001
core   0: 0x800057d0 (0x62408213) addi    tp, ra, 1572
core   0: 3 0x800057d0 (0x62408213) x 4 0x80012488
core   0: 0x800057d4 (0x0127d9b3) srl     s3, a5, s2
core   0: 3 0x800057d4 (0x0127d9b3) x19 0x6a420000
core   0: 0x800057d8 (0x007e1813) slli    a6, t3, 7
core   0: 3 0x800057d8 (0x007e1813) x16 0x00000000
core   0: 0x800057dc (0x00f579b3) and     s3, a0, a5
core   0: 3 0x800057dc (0x00f579b3) x19 0x00000000
core   0: 0x800057e0 (0x418e0ab3) sub     s5, t3, s8
core   0: 3 0x800057e0 (0x418e0ab3) x21 0x42d0f000
core   0: 0x800057e4 (0x00000013) nop
core   0: 3 0x800057e4 (0x00000013)
core   0: 0x800057e8 (0x01669133) sll     sp, a3, s6
core   0: 3 0x800057e8 (0x01669133) x 2 0xe8fbcf28
core   0: 0x800057ec (0x40f6d513) srai    a0, a3, 15
core   0: 3 0x800057ec (0x40f6d513) x10 0xffffe8fb
core   0: 0x800057f0 (0x005bfe33) and     t3, s7, t0
core   0: 3 0x800057f0 (0x005bfe33) x28 0x01480000
core   0: 0x800057f4 (0x433c2d13) slti    s10, s8, 1075
core   0: 3 0x800057f4 (0x433c2d13) x26 0x00000001
core   0: 0x800057f8 (0x7dd06237) lui     tp, 0x7dd06
core   0: 3 0x800057f8 (0x7dd06237) x 4 0x7dd06000
core   0: 0x800057fc (0x00c210b3) sll     ra, tp, a2
core   0: 3 0x800057fc (0x00c210b3) x 1 0x7dd06000
core   0: 0x80005800 (0xd0010793) addi    a5, sp, -768
core   0: 3 0x80005800 (0xd0010793) x15 0xe8fbcc28
core   0: 0x80005804 (0x000c9993) slli    s3, s9, 0
core   0: 3 0x80005804 (0x000c9993) x19 0x53af4778
core   0: 0x80005808 (0x00141f33) sll     t5, s0, ra
core   0: 3 0x80005808 (0x00141f33) x30 0x00000000
core   0: 0x8000580c (0x007e5993) srli    s3, t3, 7
core   0: 3 0x8000580c (0x007e5993) x19 0x00029000
core   0: 0x80005810 (0x014f1013) slli    zero, t5, 20
core   0: 3 0x80005810 (0x014f1013)
core   0: 0x80005814 (0x00483833) sltu    a6, a6, tp
core   0: 3 0x80005814 (0x00483833) x16 0x00000001
core   0: 0x80005818 (0xef123793) sltiu   a5, tp, -271
core   0: 3 0x80005818 (0xef123793) x15 0x00000001
core   0: 0x8000581c (0x402e8833) sub     a6, t4, sp
core   0: 3 0x8000581c (0x402e8833) x16 0x6ca1ed28
core   0: 0x80005820 (0xc6e7c193) xori    gp, a5, -914
core   0: 3 0x80005820 (0xc6e7c193) x 3 0xfffffc6f
core   0: 0x80005824 (0xa3048a17) auipc   s4, 0xa3048
core   0: 3 0x80005824 (0xa3048a17) x20 0x2304d824
core   0: 0x80005828 (0x40bb5db3) sra     s11, s6, a1
core   0: 3 0x80005828 (0x40bb5db3) x27 0xf441cb70
core   0: 0x8000582c (0x41c750b3) sra     ra, a4, t3
core   0: 3 0x8000582c (0x41c750b3) x 1 0xf47de794
core   0: 0x80005830 (0xc9dca313) slti    t1, s9, -867
core   0: 3 0x80005830 (0xc9dca313) x 6 0x00000000
core   0: 0x80005834 (0x92d30d93) addi    s11, t1, -1747
core   0: 3 0x80005834 (0x92d30d93) x27 0xfffff92d
core   0: 0x80005838 (0x00e9e9b3) or      s3, s3, a4
core   0: 3 0x80005838 (0x00e9e9b3) x19 0xf47ff794
core   0: 0x8000583c (0x83e9aa93) slti    s5, s3, -1986
core   0: 3 0x8000583c (0x83e9aa93) x21 0x00000001
core   0: 0x80005840 (0x01020033) add     zero, tp, a6
core   0: 3 0x80005840 (0x01020033)
core   0: 0x80005844 (0x01444db3) xor     s11, s0, s4
core   0: 3 0x80005844 (0x01444db3) x27 0x2304d824
core   0: 0x80005848 (0x8a42e437) lui     s0, 0x8a42e
core   0: 3 0x80005848 (0x8a42e437) x 8 0x8a42e000
core   0: 0x8000584c (0x1fd72493) slti    s1, a4, 509
core   0: 3 0x8000584c (0x1fd72493) x 9 0x00000001
core   0: 0x80005850 (0x100a8793) addi    a5, s5, 256
core   0: 3 0x80005850 (0x100a8793) x15 0x00000101
core   0: 0x80005854 (0x41250e33) sub     t3, a0, s2
core   0: 3 0x80005854 (0x41250e33) x28 0xd7ffe8fb
core   0: 0x80005858 (0xd6758193) addi    gp, a1, -665
core   0: 3 0x80005858 (0xd6758193) x 3 0xfffffd68
core   0: 0x8000585c (0x00dfce33) xor     t3, t6, a3
core   0: 3 0x8000585c (0x00dfce33) x28 0x9e3fe3cd
core   0: 0x80005860 (0x96a43f13) sltiu   t5, s0, -1686
core   0: 3 0x80005860 (0x96a43f13) x30 0x00000001
core   0: 0x80005864 (0x004c45b3) xor     a1, s8, tp
core   0: 3 0x80005864 (0x004c45b3) x11 0xc0ff7000
core   0: 0x80005868 (0x92c48a13) addi    s4, s1, -1748
core   0: 3 0x80005868 (0x92c48a13) x20 0xfffff92d
core   0: 0x8000586c (0x00b01593) slli    a1, zero, 11
core   0: 3 0x8000586c (0x00b01593) x11 0x00000000
core   0: 0x80005870 (0x000b52b3) srl     t0, s6, zero
core   0: 3 0x80005870 (0x000b52b3) x 5 0xe88396e1
core   0: 0x80005874 (0x00930933) add     s2, t1, s1
core   0: 3 0x80005874 (0x00930933) x18 0x00000001
core   0: 0x80005878 (0xc9d71d97) auipc   s11, 0xc9d71
core   0: 3 0x80005878 (0xc9d71d97) x27 0x49d76878
core   0: 0x8000587c (0x010e9eb3) sll     t4, t4, a6
core   0: 3 0x8000587c (0x010e9eb3) x29 0x9dbc5000
core   0: 0x80005880 (0x36134513) xori    a0, t1, 865
core   0: 3 0x80005880 (0x36134513) x10 0x00000361
core   0: 0x80005884 (0x008c9813) slli    a6, s9, 8
core   0: 3 0x80005884 (0x008c9813) x16 0xaf477800
core   0: 0x80005888 (0x42583a93) sltiu   s5, a6, 1061
core   0: 3 0x80005888 (0x42583a93) x21 0x00000000
core   0: 0x8000588c (0x00915d13) srli    s10, sp, 9
core   0: 3 0x8000588c (0x00915d13) x26 0x00747de7
core   0: 0x80005890 (0xab604e13) xori    t3, zero, -1354
core   0: 3 0x80005890 (0xab604e13) x28 0xfffffab6
core   0: 0x80005894 (0x004cda93) srli    s5, s9, 4
core   0: 3 0x80005894 (0x004cda93) x21 0x053af477
core   0: 0x80005898 (0x395a52b7) lui     t0, 0x395a5
core   0: 3 0x80005898 (0x395a52b7) x 5 0x395a5000
core   0: 0x8000589c (0x01cb60b3) or      ra, s6, t3
core   0: 3 0x8000589c (0x01cb60b3) x 1 0xfffffef7
core   0: 0x800058a0 (0x01638633) add     a2, t2, s6
core   0: 3 0x800058a0 (0x01638633) x12 0x6884f3c5
core   0: 0x800058a4 (0x003f9613) slli    a2, t6, 3
core   0: 3 0x800058a4 (0x003f9613) x12 0x521022c8
core   0: 0x800058a8 (0xb7762a13) slti    s4, a2, -1161
core   0: 3 0x800058a8 (0xb7762a13) x20 0x00000000
core   0: 0x800058ac (0x2ddeae93) slti    t4, t4, 733
core   0: 3 0x800058ac (0x2ddeae93) x29 0x00000001
core   0: 0x800058b0 (0x008986b3) add     a3, s3, s0
core   0: 3 0x800058b0 (0x008986b3) x13 0x7ec2d794
core   0: 0x800058b4 (0x01e68733) add     a4, a3, t5
core   0: 3 0x800058b4 (0x01e68733) x14 0x7ec2d795
core   0: 0x800058b8 (0x7e704a37) lui     s4, 0x7e704
core   0: 3 0x800058b8 (0x7e704a37) x20 0x7e704000
core   0: 0x800058bc (0x00965093) srli    ra, a2, 9
core   0: 3 0x800058bc (0x00965093) x 1 0x00290811
core   0: 0x800058c0 (0x4360b093) sltiu   ra, ra, 1078
core   0: 3 0x800058c0 (0x4360b093) x 1 0x00000000
core   0: 0x800058c4 (0x00726933) or      s2, tp, t2
core   0: 3 0x800058c4 (0x00726933) x18 0xfdd17ce4
core   0: 0x800058c8 (0x010da1b3) slt     gp, s11, a6
core   0: 3 0x800058c8 (0x010da1b3) x 3 0x00000000
core   0: 0x800058cc (0x006482b3) add     t0, s1, t1
core   0: 3 0x800058cc (0x006482b3) x 5 0x00000001
core   0: 0x800058d0 (0x8d0ac813) xori    a6, s5, -1840
core   0: 3 0x800058d0 (0x8d0ac813) x16 0xfac50ca7
core   0: 0x800058d4 (0x015edd13) srli    s10, t4, 21
core   0: 3 0x800058d4 (0x015edd13) x26 0x00000000
core   0: 0x800058d8 (0xd5777993) andi    s3, a4, -681
core   0: 3 0x800058d8 (0xd5777993) x19 0x7ec2d515
core   0: 0x800058dc (0xf5502093) slti    ra, zero, -171
core   0: 3 0x800058dc (0xf5502093) x 1 0x00000000
core   0: 0x800058e0 (0x40f25f93) srai    t6, tp, 15
core   0: 3 0x800058e0 (0x40f25f93) x31 0x0000fba0
core   0: 0x800058e4 (0x366e2c93) slti    s9, t3, 870
core   0: 3 0x800058e4 (0x366e2c93) x25 0x00000001
core   0: 0x800058e8 (0x71c36513) ori     a0, t1, 1820
core   0: 3 0x800058e8 (0x71c36513) x10 0x0000071c
core   0: 0x800058ec (0x01ef31b3) sltu    gp, t5, t5
core   0: 3 0x800058ec (0x01ef31b3) x 3 0x00000000
core   0: 0x800058f0 (0x3ccb4193) xori    gp, s6, 972
core   0: 3 0x800058f0 (0x3ccb4193) x 3 0xe883952d
core   0: 0x800058f4 (0x02512093) slti    ra, sp, 37
core   0: 3 0x800058f4 (0x02512093) x 1 0x00000001
core   0: 0x800058f8 (0xd859f7b7) lui     a5, 0xd859f
core   0: 3 0x800058f8 (0xd859f7b7) x15 0xd859f000
core   0: 0x800058fc (0x01b4d793) srli    a5, s1, 27
core   0: 3 0x800058fc (0x01b4d793) x15 0x00000000
core   0: 0x80005900 (0xe1f80493) addi    s1, a6, -481
core   0: 3 0x80005900 (0xe1f80493) x 9 0xfac50ac6
core   0: 0x80005904 (0x012d9e93) slli    t4, s11, 18
core   0: 3 0x80005904 (0x012d9e93) x29 0xa1e00000
core   0: 0x80005908 (0x007bba33) sltu    s4, s7, t2
core   0: 3 0x80005908 (0x007bba33) x20 0x00000001
core   0: 0x8000590c (0xdd74cc93) xori    s9, s1, -553
core   0: 3 0x8000590c (0xdd74cc93) x25 0x053af711
core   0: 0x80005910 (0x01c8c133) xor     sp, a7, t3
core   0: 3 0x80005910 (0x01c8c133) x 2 0x7ffee4d2
core   0: 0x80005914 (0x00404813) xori    a6, zero, 4
core   0: 3 0x80005914 (0x00404813) x16 0x00000004
core   0: 0x80005918 (0x010e81b3) add     gp, t4, a6
core   0: 3 0x80005918 (0x010e81b3) x 3 0xa1e00004
core   0: 0x8000591c (0x4067d733) sra     a4, a5, t1
core   0: 3 0x8000591c (0x4067d733) x14 0x00000000
core   0: 0x80005920 (0x0117b0b3) sltu    ra, a5, a7
core   0: 3 0x80005920 (0x0117b0b3) x 1 0x00000001
core   0: 0x80005924 (0xb0869997) auipc   s3, 0xb0869
core   0: 3 0x80005924 (0xb0869997) x19 0x3086e924
core   0: 0x80005928 (0x01b62d33) slt     s10, a2, s11
core   0: 3 0x80005928 (0x01b62d33) x26 0x00000000
core   0: 0x8000592c (0x62db4d13) xori    s10, s6, 1581
core   0: 3 0x8000592c (0x62db4d13) x26 0xe88390cc
core   0: 0x80005930 (0xadb1f313) andi    t1, gp, -1317
core   0: 3 0x80005930 (0xadb1f313) x 6 0xa1e00000
core   0: 0x80005934 (0x33fe0013) addi    zero, t3, 831
core   0: 3 0x80005934 (0x33fe0013)
core   0: 0x80005938 (0x8c866a93) ori     s5, a2, -1848
core   0: 3 0x80005938 (0x8c866a93) x21 0xfffffac8
core   0: 0x8000593c (0x40aa5413) srai    s0, s4, 10
core   0: 3 0x8000593c (0x40aa5413) x 8 0x00000000
core   0: 0x80005940 (0x40358fb3) sub     t6, a1, gp
core   0: 3 0x80005940 (0x40358fb3) x31 0x5e1ffffc
core   0: 0x80005944 (0x01b9bc33) sltu    s8, s3, s11
core   0: 3 0x80005944 (0x01b9bc33) x24 0x00000001
core   0: 0x80005948 (0x01e06333) or      t1, zero, t5
core   0: 3 0x80005948 (0x01e06333) x 6 0x00000001
core   0: 0x8000594c (0x01283933) sltu    s2, a6, s2
core   0: 3 0x8000594c (0x01283933) x18 0x00000001
core   0: 0x80005950 (0xc787f713) andi    a4, a5, -904
core   0: 3 0x80005950 (0xc787f713) x14 0x00000000
core   0: 0x80005954 (0x0026ea33) or      s4, a3, sp
core   0: 3 0x80005954 (0x0026ea33) x20 0x7ffef7d6
core   0: 0x80005958 (0x002109b3) add     s3, sp, sp
core   0: 3 0x80005958 (0x002109b3) x19 0xfffdc9a4
core   0: 0x8000595c (0x41dcd433) sra     s0, s9, t4
core   0: 3 0x8000595c (0x41dcd433) x 8 0x053af711
core   0: 0x80005960 (0x27077093) andi    ra, a4, 624
core   0: 3 0x80005960 (0x27077093) x 1 0x00000000
core   0: 0x80005964 (0x73afbf13) sltiu   t5, t6, 1850
core   0: 3 0x80005964 (0x73afbf13) x30 0x00000000
core   0: 0x80005968 (0x00a09933) sll     s2, ra, a0
core   0: 3 0x80005968 (0x00a09933) x18 0x00000000
core   0: 0x8000596c (0x4084a113) slti    sp, s1, 1032
core   0: 3 0x8000596c (0x4084a113) x 2 0x00000001
core   0: 0x80005970 (0xf98dbc13) sltiu   s8, s11, -104
core   0: 3 0x80005970 (0xf98dbc13) x24 0x00000001
core   0: 0x80005974 (0xdba0b213) sltiu   tp, ra, -582
core   0: 3 0x80005974 (0xdba0b213) x 4 0x00000001
core   0: 0x80005978 (0x00000013) nop
core   0: 3 0x80005978 (0x00000013)
core   0: 0x8000597c (0x0026b2b3) sltu    t0, a3, sp
core   0: 3 0x8000597c (0x0026b2b3) x 5 0x00000000
core   0: 0x80005980 (0x49736797) auipc   a5, 0x49736
core   0: 3 0x80005980 (0x49736797) x15 0xc973b980
core   0: 0x80005984 (0x41835713) srai    a4, t1, 24
core   0: 3 0x80005984 (0x41835713) x14 0x00000000
core   0: 0x80005988 (0x29fb3693) sltiu   a3, s6, 671
core   0: 3 0x80005988 (0x29fb3693) x13 0x00000000
core   0: 0x8000598c (0x4133deb3) sra     t4, t2, s3
core   0: 3 0x8000598c (0x4133deb3) x29 0xf80015ce
core   0: 0x80005990 (0x417756b3) sra     a3, a4, s7
core   0: 3 0x80005990 (0x417756b3) x13 0x00000000
core   0: 0x80005994 (0x00000013) nop
core   0: 3 0x80005994 (0x00000013)
core   0: 0x80005998 (0x001e5e13) srli    t3, t3, 1
core   0: 3 0x80005998 (0x001e5e13) x28 0x7ffffd5b
core   0: 0x8000599c (0x40350433) sub     s0, a0, gp
core   0: 3 0x8000599c (0x40350433) x 8 0x5e200718
core   0: 0x800059a0 (0x417780b3) sub     ra, a5, s7
core   0: 3 0x800059a0 (0x417780b3) x 1 0xac26b980
core   0: 0x800059a4 (0xe3ff6c93) ori     s9, t5, -449
core   0: 3 0x800059a4 (0xe3ff6c93) x25 0xfffffe3f
core   0: 0x800059a8 (0x1bbbe793) ori     a5, s7, 443
core   0: 3 0x800059a8 (0x1bbbe793) x15 0x1d4d01bb
core   0: 0x800059ac (0x013c1a93) slli    s5, s8, 19
core   0: 3 0x800059ac (0x013c1a93) x21 0x00080000
core   0: 0x800059b0 (0x0189bdb3) sltu    s11, s3, s8
core   0: 3 0x800059b0 (0x0189bdb3) x27 0x00000000
core   0: 0x800059b4 (0x10e86493) ori     s1, a6, 270
core   0: 3 0x800059b4 (0x10e86493) x 9 0x0000010e
core   0: 0x800059b8 (0xf2774993) xori    s3, a4, -217
core   0: 3 0x800059b8 (0xf2774993) x19 0xffffff27
core   0: 0x800059bc (0x01a91913) slli    s2, s2, 26
core   0: 3 0x800059bc (0x01a91913) x18 0x00000000
core   0: 0x800059c0 (0x004b2c33) slt     s8, s6, tp
core   0: 3 0x800059c0 (0x004b2c33) x24 0x00000001
core   0: 0x800059c4 (0x00f5d593) srli    a1, a1, 15
core   0: 3 0x800059c4 (0x00f5d593) x11 0x00000000
core   0: 0x800059c8 (0x41a35f93) srai    t6, t1, 26
core   0: 3 0x800059c8 (0x41a35f93) x31 0x00000000
core   0: 0x800059cc (0x010b1a13) slli    s4, s6, 16
core   0: 3 0x800059cc (0x010b1a13) x20 0x96e10000
core   0: 0x800059d0 (0x00fc5833) srl     a6, s8, a5
core   0: 3 0x800059d0 (0x00fc5833) x16 0x00000000
core   0: 0x800059d4 (0x409a5f33) sra     t5, s4, s1
core   0: 3 0x800059d4 (0x409a5f33) x30 0xfffe5b84
core   0: 0x800059d8 (0x407856b3) sra     a3, a6, t2
core   0: 3 0x800059d8 (0x407856b3) x13 0x00000000
core   0: 0x800059dc (0x615de013) ori     zero, s11, 1557
core   0: 3 0x800059dc (0x615de013)
core   0: 0x800059e0 (0x00b85b93) srli    s7, a6, 11
core   0: 3 0x800059e0 (0x00b85b93) x23 0x00000000
core   0: 0x800059e4 (0x00bf9c13) slli    s8, t6, 11
core   0: 3 0x800059e4 (0x00bf9c13) x24 0x00000000
core   0: 0x800059e8 (0x00768933) add     s2, a3, t2
core   0: 3 0x800059e8 (0x00768933) x18 0x80015ce4
core   0: 0x800059ec (0x01bd8cb3) add     s9, s11, s11
core   0: 3 0x800059ec (0x01bd8cb3) x25 0x00000000
core   0: 0x800059f0 (0x00590db3) add     s11, s2, t0
core   0: 3 0x800059f0 (0x00590db3) x27 0x80015ce4
core   0: 0x800059f4 (0x0090beb3) sltu    t4, ra, s1
core   0: 3 0x800059f4 (0x0090beb3) x29 0x00000000
core   0: 0x800059f8 (0xc591b113) sltiu   sp, gp, -935
core   0: 3 0x800059f8 (0xc591b113) x 2 0x00000001
core   0: 0x800059fc (0x00ad8433) add     s0, s11, a0
core   0: 3 0x800059fc (0x00ad8433) x 8 0x80016400
core   0: 0x80005a00 (0xaac2f493) andi    s1, t0, -1364
core   0: 3 0x80005a00 (0xaac2f493) x 9 0x00000000
core   0: 0x80005a04 (0x00aa1093) slli    ra, s4, 10
core   0: 3 0x80005a04 (0x00aa1093) x 1 0x84000000
core   0: 0x80005a08 (0x00a2c4b3) xor     s1, t0, a0
core   0: 3 0x80005a08 (0x00a2c4b3) x 9 0x0000071c
core   0: 0x80005a0c (0x40b1de13) srai    t3, gp, 11
core   0: 3 0x80005a0c (0x40b1de13) x28 0xfff43c00
core   0: 0x80005a10 (0x018fac33) slt     s8, t6, s8
core   0: 3 0x80005a10 (0x018fac33) x24 0x00000000
core   0: 0x80005a14 (0x000a9313) slli    t1, s5, 0
core   0: 3 0x80005a14 (0x000a9313) x 6 0x00080000
core   0: 0x80005a18 (0x00049113) slli    sp, s1, 0
core   0: 3 0x80005a18 (0x00049113) x 2 0x0000071c
core   0: 0x80005a1c (0x000e6db3) or      s11, t3, zero
core   0: 3 0x80005a1c (0x000e6db3) x27 0xfff43c00
core   0: 0x80005a20 (0xd1cc0b93) addi    s7, s8, -740
core   0: 3 0x80005a20 (0xd1cc0b93) x23 0xfffffd1c
core   0: 0x80005a24 (0x01828a33) add     s4, t0, s8
core   0: 3 0x80005a24 (0x01828a33) x20 0x00000000
core   0: 0x80005a28 (0x00cd5833) srl     a6, s10, a2
core   0: 3 0x80005a28 (0x00cd5833) x16 0x00e88390
core   0: 0x80005a2c (0x1566ef13) ori     t5, a3, 342
core   0: 3 0x80005a2c (0x1566ef13) x30 0x00000156
core   0: 0x80005a30 (0x0190d193) srli    gp, ra, 25
core   0: 3 0x80005a30 (0x0190d193) x 3 0x00000042
core   0: 0x80005a34 (0x00fa3333) sltu    t1, s4, a5
core   0: 3 0x80005a34 (0x00fa3333) x 6 0x00000001
core   0: 0x80005a38 (0x009d0ab3) add     s5, s10, s1
core   0: 3 0x80005a38 (0x009d0ab3) x21 0xe88397e8
core   0: 0x80005a3c (0x00cfdf13) srli    t5, t6, 12
core   0: 3 0x80005a3c (0x00cfdf13) x30 0x00000000
core   0: 0x80005a40 (0x40540ab3) sub     s5, s0, t0
core   0: 3 0x80005a40 (0x40540ab3) x21 0x80016400
core   0: 0x80005a44 (0x41b80db3) sub     s11, a6, s11
core   0: 3 0x80005a44 (0x41b80db3) x27 0x00f44790
core   0: 0x80005a48 (0xa485d697) auipc   a3, 0xa485d
core   0: 3 0x80005a48 (0xa485d697) x13 0x24862a48
core   0: 0x80005a4c (0x36e26d13) ori     s10, tp, 878
core   0: 3 0x80005a4c (0x36e26d13) x26 0x0000036f
core   0: 0x80005a50 (0x72854213) xori    tp, a0, 1832
core   0: 3 0x80005a50 (0x72854213) x 4 0x00000034
core   0: 0x80005a54 (0x007a8933) add     s2, s5, t2
core   0: 3 0x80005a54 (0x007a8933) x18 0x0002c0e4
core   0: 0x80005a58 (0x51b4c493) xori    s1, s1, 1307
core   0: 3 0x80005a58 (0x51b4c493) x 9 0x00000207
core   0: 0x80005a5c (0x4131dcb3) sra     s9, gp, s3
core   0: 3 0x80005a5c (0x4131dcb3) x25 0x00000000
core   0: 0x80005a60 (0x000a1433) sll     s0, s4, zero
core   0: 3 0x80005a60 (0x000a1433) x 8 0x00000000
core   0: 0x80005a64 (0x2404f613) andi    a2, s1, 576
core   0: 3 0x80005a64 (0x2404f613) x12 0x00000200
core   0: 0x80005a68 (0x40525193) srai    gp, tp, 5
core   0: 3 0x80005a68 (0x40525193) x 3 0x00000001
core   0: 0x80005a6c (0xc658a597) auipc   a1, 0xc658a
core   0: 3 0x80005a6c (0xc658a597) x11 0x4658fa6c
core   0: 0x80005a70 (0x017d20b3) slt     ra, s10, s7
core   0: 3 0x80005a70 (0x017d20b3) x 1 0x00000000
core   0: 0x80005a74 (0x011a3c33) sltu    s8, s4, a7
core   0: 3 0x80005a74 (0x011a3c33) x24 0x00000001
core   0: 0x80005a78 (0x0e67fd93) andi    s11, a5, 230
core   0: 3 0x80005a78 (0x0e67fd93) x27 0x000000a2
core   0: 0x80005a7c (0x6b1d3193) sltiu   gp, s10, 1713
core   0: 3 0x80005a7c (0x6b1d3193) x 3 0x00000001
core   0: 0x80005a80 (0x01485f33) srl     t5, a6, s4
core   0: 3 0x80005a80 (0x01485f33) x30 0x00e88390
core   0: 0x80005a84 (0x412b0933) sub     s2, s6, s2
core   0: 3 0x80005a84 (0x412b0933) x18 0xe880d5fd
core   0: 0x80005a88 (0x009ad2b3) srl     t0, s5, s1
core   0: 3 0x80005a88 (0x009ad2b3) x 5 0x010002c8
core   0: 0x80005a8c (0x019d6a33) or      s4, s10, s9
core   0: 3 0x80005a8c (0x019d6a33) x20 0x0000036f
core   0: 0x80005a90 (0xcc800593) li      a1, -824
core   0: 3 0x80005a90 (0xcc800593) x11 0xfffffcc8
core   0: 0x80005a94 (0x41cfd313) srai    t1, t6, 28
core   0: 3 0x80005a94 (0x41cfd313) x 6 0x00000000
core   0: 0x80005a98 (0x0073aab3) slt     s5, t2, t2
core   0: 3 0x80005a98 (0x0073aab3) x21 0x00000000
core   0: 0x80005a9c (0x000f3a33) sltu    s4, t5, zero
core   0: 3 0x80005a9c (0x000f3a33) x20 0x00000000
core   0: 0x80005aa0 (0x01ea9c33) sll     s8, s5, t5
core   0: 3 0x80005aa0 (0x01ea9c33) x24 0x00000000
core   0: 0x80005aa4 (0x26726913) ori     s2, tp, 615
core   0: 3 0x80005aa4 (0x26726913) x18 0x00000277
core   0: 0x80005aa8 (0x0c7e6517) auipc   a0, 0xc7e6
core   0: 3 0x80005aa8 (0x0c7e6517) x10 0x8c7ebaa8
core   0: 0x80005aac (0x017be2b3) or      t0, s7, s7
core   0: 3 0x80005aac (0x017be2b3) x 5 0xfffffd1c
core   0: 0x80005ab0 (0x00f61e93) slli    t4, a2, 15
core   0: 3 0x80005ab0 (0x00f61e93) x29 0x01000000
core   0: 0x80005ab4 (0x00a7a4b3) slt     s1, a5, a0
core   0: 3 0x80005ab4 (0x00a7a4b3) x 9 0x00000000
core   0: 0x80005ab8 (0x40aa5a13) srai    s4, s4, 10
core   0: 3 0x80005ab8 (0x40aa5a13) x20 0x00000000
core   0: 0x80005abc (0xe3957293) andi    t0, a0, -455
core   0: 3 0x80005abc (0xe3957293) x 5 0x8c7eba28
core   0: 0x80005ac0 (0x00000913) li      s2, 0
core   0: 3 0x80005ac0 (0x00000913) x18 0x00000000
core   0: 0x80005ac4 (0x00000793) li      a5, 0
core   0: 3 0x80005ac4 (0x00000793) x15 0x00000000
core   0: 0x80005ac8 (0xfff00693) li      a3, -1
core   0: 3 0x80005ac8 (0xfff00693) x13 0xffffffff
core   0: 0x80005acc (0x87cdf237) lui     tp, 0x87cdf
core   0: 3 0x80005acc (0x87cdf237) x 4 0x87cdf000
core   0: 0x80005ad0 (0x29f20213) addi    tp, tp, 671
core   0: 3 0x80005ad0 (0x29f20213) x 4 0x87cdf29f
core   0: 0x80005ad4 (0x00000e13) li      t3, 0
core   0: 3 0x80005ad4 (0x00000e13) x28 0x00000000
core   0: 0x80005ad8 (0x80000eb7) lui     t4, 0x80000
core   0: 3 0x80005ad8 (0x80000eb7) x29 0x80000000
core   0: 0x80005adc (0x800001b7) lui     gp, 0x80000
core   0: 3 0x80005adc (0x800001b7) x 3 0x80000000
core   0: 0x80005ae0 (0xfff00993) li      s3, -1
core   0: 3 0x80005ae0 (0xfff00993) x19 0xffffffff
core   0: 0x80005ae4 (0xfff00613) li      a2, -1
core   0: 3 0x80005ae4 (0xfff00613) x12 0xffffffff
core   0: 0x80005ae8 (0xfff00713) li      a4, -1
core   0: 3 0x80005ae8 (0xfff00713) x14 0xffffffff
core   0: 0x80005aec (0x00000013) nop
core   0: 3 0x80005aec (0x00000013)
core   0: 0x80005af0 (0x00e68233) add     tp, a3, a4
core   0: 3 0x80005af0 (0x00e68233) x 4 0xfffffffe
core   0: 0x80005af4 (0x40378e33) sub     t3, a5, gp
core   0: 3 0x80005af4 (0x40378e33) x28 0x80000000
core   0: 0x80005af8 (0x404e8933) sub     s2, t4, tp
core   0: 3 0x80005af8 (0x404e8933) x18 0x80000002
core   0: 0x80005afc (0x41398e33) sub     t3, s3, s3
core   0: 3 0x80005afc (0x41398e33) x28 0x00000000
core   0: 0x80005b00 (0x00000013) nop
core   0: 3 0x80005b00 (0x00000013)
core   0: 0x80005b04 (0x00000013) nop
core   0: 3 0x80005b04 (0x00000013)
core   0: 0x80005b08 (0x01298733) add     a4, s3, s2
core   0: 3 0x80005b08 (0x01298733) x14 0x80000001
core   0: 0x80005b0c (0x6d034697) auipc   a3, 0x6d034
core   0: 3 0x80005b0c (0x6d034697) x13 0xed039b0c
core   0: 0x80005b10 (0x00000013) nop
core   0: 3 0x80005b10 (0x00000013)
core   0: 0x80005b14 (0x131e8913) addi    s2, t4, 305
core   0: 3 0x80005b14 (0x131e8913) x18 0x80000131
core   0: 0x80005b18 (0x00000013) nop
core   0: 3 0x80005b18 (0x00000013)
core   0: 0x80005b1c (0x877489b7) lui     s3, 0x87748
core   0: 3 0x80005b1c (0x877489b7) x19 0x87748000
core   0: 0x80005b20 (0x403e8933) sub     s2, t4, gp
core   0: 3 0x80005b20 (0x403e8933) x18 0x00000000
core   0: 0x80005b24 (0xfee60913) addi    s2, a2, -18
core   0: 3 0x80005b24 (0xfee60913) x18 0xffffffed
core   0: 0x80005b28 (0x7137c917) auipc   s2, 0x7137c
core   0: 3 0x80005b28 (0x7137c917) x18 0xf1381b28
core   0: 0x80005b2c (0x3eb70993) addi    s3, a4, 1003
core   0: 3 0x80005b2c (0x3eb70993) x19 0x800003ec
core   0: 0x80005b30 (0x00000013) nop
core   0: 3 0x80005b30 (0x00000013)
core   0: 0x80005b34 (0x01aca133) slt     sp, s9, s10
core   0: 3 0x80005b34 (0x01aca133) x 2 0x00000001
core   0: 0x80005b38 (0x40b78133) sub     sp, a5, a1
core   0: 3 0x80005b38 (0x40b78133) x 2 0x00000338
core   0: 0x80005b3c (0xc6e5be97) auipc   t4, 0xc6e5b
core   0: 3 0x80005b3c (0xc6e5be97) x29 0x46e60b3c
core   0: 0x80005b40 (0x001217b3) sll     a5, tp, ra
core   0: 3 0x80005b40 (0x001217b3) x15 0xfffffffe
core   0: 0x80005b44 (0x01f41193) slli    gp, s0, 31
core   0: 3 0x80005b44 (0x01f41193) x 3 0x00000000
core   0: 0x80005b48 (0x01b155b3) srl     a1, sp, s11
core   0: 3 0x80005b48 (0x01b155b3) x11 0x000000ce
core   0: 0x80005b4c (0x2d17b313) sltiu   t1, a5, 721
core   0: 3 0x80005b4c (0x2d17b313) x 6 0x00000000
core   0: 0x80005b50 (0x0071ddb3) srl     s11, gp, t2
core   0: 3 0x80005b50 (0x0071ddb3) x27 0x00000000
core   0: 0x80005b54 (0xb510fe93) andi    t4, ra, -1199
core   0: 3 0x80005b54 (0xb510fe93) x29 0x00000000
core   0: 0x80005b58 (0x90c57093) andi    ra, a0, -1780
core   0: 3 0x80005b58 (0x90c57093) x 1 0x8c7eb808
core   0: 0x80005b5c (0x004a5a33) srl     s4, s4, tp
core   0: 3 0x80005b5c (0x004a5a33) x20 0x00000000
core   0: 0x80005b60 (0x20d06337) lui     t1, 0x20d06
core   0: 3 0x80005b60 (0x20d06337) x 6 0x20d06000
core   0: 0x80005b64 (0x876f8293) addi    t0, t6, -1930
core   0: 3 0x80005b64 (0x876f8293) x 5 0xfffff876
core   0: 0x80005b68 (0xe91e2f17) auipc   t5, 0xe91e2
core   0: 3 0x80005b68 (0xe91e2f17) x30 0x691e7b68
core   0: 0x80005b6c (0xfd6c6e93) ori     t4, s8, -42
core   0: 3 0x80005b6c (0xfd6c6e93) x29 0xffffffd6
core   0: 0x80005b70 (0x0000d2b3) srl     t0, ra, zero
core   0: 3 0x80005b70 (0x0000d2b3) x 5 0x8c7eb808
core   0: 0x80005b74 (0xd082c7b7) lui     a5, 0xd082c
core   0: 3 0x80005b74 (0xd082c7b7) x15 0xd082c000
core   0: 0x80005b78 (0x00677233) and     tp, a4, t1
core   0: 3 0x80005b78 (0x00677233) x 4 0x00000000
core   0: 0x80005b7c (0x01322f33) slt     t5, tp, s3
core   0: 3 0x80005b7c (0x01322f33) x30 0x00000000
core   0: 0x80005b80 (0x012234b3) sltu    s1, tp, s2
core   0: 3 0x80005b80 (0x012234b3) x 9 0x00000001
core   0: 0x80005b84 (0x00c236b3) sltu    a3, tp, a2
core   0: 3 0x80005b84 (0x00c236b3) x13 0x00000001
core   0: 0x80005b88 (0x00289093) slli    ra, a7, 2
core   0: 3 0x80005b88 (0x00289093) x 1 0x00047990
core   0: 0x80005b8c (0xed8cfe13) andi    t3, s9, -296
core   0: 3 0x80005b8c (0xed8cfe13) x28 0x00000000
core   0: 0x80005b90 (0x006efcb3) and     s9, t4, t1
core   0: 3 0x80005b90 (0x006efcb3) x25 0x20d06000
core   0: 0x80005b94 (0x41d98833) sub     a6, s3, t4
core   0: 3 0x80005b94 (0x41d98833) x16 0x80000416
core   0: 0x80005b98 (0x003a8f33) add     t5, s5, gp
core   0: 3 0x80005b98 (0x003a8f33) x30 0x00000000
core   0: 0x80005b9c (0x016270b3) and     ra, tp, s6
core   0: 3 0x80005b9c (0x016270b3) x 1 0x00000000
core   0: 0x80005ba0 (0xf74c2313) slti    t1, s8, -140
core   0: 3 0x80005ba0 (0xf74c2313) x 6 0x00000000
core   0: 0x80005ba4 (0xd4e70c13) addi    s8, a4, -690
core   0: 3 0x80005ba4 (0xd4e70c13) x24 0x7ffffd4f
core   0: 0x80005ba8 (0x400f0433) sub     s0, t5, zero
core   0: 3 0x80005ba8 (0x400f0433) x 8 0x00000000
core   0: 0x80005bac (0x00de7f33) and     t5, t3, a3
core   0: 3 0x80005bac (0x00de7f33) x30 0x00000000
core   0: 0x80005bb0 (0x3fc10197) auipc   gp, 0x3fc10
core   0: 3 0x80005bb0 (0x3fc10197) x 3 0xbfc15bb0
core   0: 0x80005bb4 (0x01897033) and     zero, s2, s8
core   0: 3 0x80005bb4 (0x01897033)
core   0: 0x80005bb8 (0x01b610b3) sll     ra, a2, s11
core   0: 3 0x80005bb8 (0x01b610b3) x 1 0xffffffff
core   0: 0x80005bbc (0x0183f6b3) and     a3, t2, s8
core   0: 3 0x80005bbc (0x0183f6b3) x13 0x00015c44
core   0: 0x80005bc0 (0xe61bef93) ori     t6, s7, -415
core   0: 3 0x80005bc0 (0xe61bef93) x31 0xffffff7d
core   0: 0x80005bc4 (0x01b5c333) xor     t1, a1, s11
core   0: 3 0x80005bc4 (0x01b5c333) x 6 0x000000ce
core   0: 0x80005bc8 (0x00000013) nop
core   0: 3 0x80005bc8 (0x00000013)
core   0: 0x80005bcc (0x0084ee33) or      t3, s1, s0
core   0: 3 0x80005bcc (0x0084ee33) x28 0x00000001
core   0: 0x80005bd0 (0x00c299b3) sll     s3, t0, a2
core   0: 3 0x80005bd0 (0x00c299b3) x19 0x00000000
core   0: 0x80005bd4 (0x755fcf93) xori    t6, t6, 1877
core   0: 3 0x80005bd4 (0x755fcf93) x31 0xfffff828
core   0: 0x80005bd8 (0x41d65913) srai    s2, a2, 29
core   0: 3 0x80005bd8 (0x41d65913) x18 0xffffffff
core   0: 0x80005bdc (0x2bdf3693) sltiu   a3, t5, 701
core   0: 3 0x80005bdc (0x2bdf3693) x13 0x00000001
core   0: 0x80005be0 (0x00bd60b3) or      ra, s10, a1
core   0: 3 0x80005be0 (0x00bd60b3) x 1 0x000003ef
core   0: 0x80005be4 (0x01525333) srl     t1, tp, s5
core   0: 3 0x80005be4 (0x01525333) x 6 0x00000000
core   0: 0x80005be8 (0x412a5d13) srai    s10, s4, 18
core   0: 3 0x80005be8 (0x412a5d13) x26 0x00000000
core   0: 0x80005bec (0x01295293) srli    t0, s2, 18
core   0: 3 0x80005bec (0x01295293) x 5 0x00003fff
core   0: 0x80005bf0 (0x0185d533) srl     a0, a1, s8
core   0: 3 0x80005bf0 (0x0185d533) x10 0x00000000
core   0: 0x80005bf4 (0x001f9793) slli    a5, t6, 1
core   0: 3 0x80005bf4 (0x001f9793) x15 0xfffff050
core   0: 0x80005bf8 (0x40c8d333) sra     t1, a7, a2
core   0: 3 0x80005bf8 (0x40c8d333) x 6 0xffffffff
core   0: 0x80005bfc (0x56a4a2b7) lui     t0, 0x56a4a
core   0: 3 0x80005bfc (0x56a4a2b7) x 5 0x56a4a000
core   0: 0x80005c00 (0x00de9bb3) sll     s7, t4, a3
core   0: 3 0x80005c00 (0x00de9bb3) x23 0xffffffac
core   0: 0x80005c04 (0x01125c93) srli    s9, tp, 17
core   0: 3 0x80005c04 (0x01125c93) x25 0x00000000
core   0: 0x80005c08 (0x0109ae33) slt     t3, s3, a6
core   0: 3 0x80005c08 (0x0109ae33) x28 0x00000000
core   0: 0x80005c0c (0xbd59af93) slti    t6, s3, -1067
core   0: 3 0x80005c0c (0xbd59af93) x31 0x00000000
core   0: 0x80005c10 (0x00ce8833) add     a6, t4, a2
core   0: 3 0x80005c10 (0x00ce8833) x16 0xffffffd5
core   0: 0x80005c14 (0x010b5713) srli    a4, s6, 16
core   0: 3 0x80005c14 (0x010b5713) x14 0x0000e883
core   0: 0x80005c18 (0xcdfc9337) lui     t1, 0xcdfc9
core   0: 3 0x80005c18 (0xcdfc9337) x 6 0xcdfc9000
core   0: 0x80005c1c (0x04b26293) ori     t0, tp, 75
core   0: 3 0x80005c1c (0x04b26293) x 5 0x0000004b
core   0: 0x80005c20 (0x01765e93) srli    t4, a2, 23
core   0: 3 0x80005c20 (0x01765e93) x29 0x000001ff
core   0: 0x80005c24 (0x016a3433) sltu    s0, s4, s6
core   0: 3 0x80005c24 (0x016a3433) x 8 0x00000001
core   0: 0x80005c28 (0x4082d313) srai    t1, t0, 8
core   0: 3 0x80005c28 (0x4082d313) x 6 0x00000000
core   0: 0x80005c2c (0x784e9097) auipc   ra, 0x784e9
core   0: 3 0x80005c2c (0x784e9097) x 1 0xf84eec2c
core   0: 0x80005c30 (0x0188ae33) slt     t3, a7, s8
core   0: 3 0x80005c30 (0x0188ae33) x28 0x00000001
core   0: 0x80005c34 (0x407f5213) srai    tp, t5, 7
core   0: 3 0x80005c34 (0x407f5213) x 4 0x00000000
core   0: 0x80005c38 (0x62da8697) auipc   a3, 0x62da8
core   0: 3 0x80005c38 (0x62da8697) x13 0xe2dadc38
core   0: 0x80005c3c (0x00000313) li      t1, 0
core   0: 3 0x80005c3c (0x00000313) x 6 0x00000000
core   0: 0x80005c40 (0xfff00613) li      a2, -1
core   0: 3 0x80005c40 (0xfff00613) x12 0xffffffff
core   0: 0x80005c44 (0x00000793) li      a5, 0
core   0: 3 0x80005c44 (0x00000793) x15 0x00000000
core   0: 0x80005c48 (0x00000193) li      gp, 0
core   0: 3 0x80005c48 (0x00000193) x 3 0x00000000
core   0: 0x80005c4c (0x80000d37) lui     s10, 0x80000
core   0: 3 0x80005c4c (0x80000d37) x26 0x80000000
core   0: 0x80005c50 (0x0f1bec37) lui     s8, 0xf1be
core   0: 3 0x80005c50 (0x0f1bec37) x24 0x0f1be000
core   0: 0x80005c54 (0x261c0c13) addi    s8, s8, 609
core   0: 3 0x80005c54 (0x261c0c13) x24 0x0f1be261
core   0: 0x80005c58 (0xfff00d93) li      s11, -1
core   0: 3 0x80005c58 (0xfff00d93) x27 0xffffffff
core   0: 0x80005c5c (0x00000693) li      a3, 0
core   0: 3 0x80005c5c (0x00000693) x13 0x00000000
core   0: 0x80005c60 (0xbdc47fb7) lui     t6, 0xbdc47
core   0: 3 0x80005c60 (0xbdc47fb7) x31 0xbdc47000
core   0: 0x80005c64 (0x444f8f93) addi    t6, t6, 1092
core   0: 3 0x80005c64 (0x444f8f93) x31 0xbdc47444
core   0: 0x80005c68 (0x800009b7) lui     s3, 0x80000
core   0: 3 0x80005c68 (0x800009b7) x19 0x80000000
core   0: 0x80005c6c (0x403d8db3) sub     s11, s11, gp
core   0: 3 0x80005c6c (0x403d8db3) x27 0xffffffff
core   0: 0x80005c70 (0x8f2c0793) addi    a5, s8, -1806
core   0: 3 0x80005c70 (0x8f2c0793) x15 0x0f1bdb53
core   0: 0x80005c74 (0x418d06b3) sub     a3, s10, s8
core   0: 3 0x80005c74 (0x418d06b3) x13 0x70e41d9f
core   0: 0x80005c78 (0xd6025c17) auipc   s8, 0xd6025
core   0: 3 0x80005c78 (0xd6025c17) x24 0x5602ac78
core   0: 0x80005c7c (0x00f18633) add     a2, gp, a5
core   0: 3 0x80005c7c (0x00f18633) x12 0x0f1bdb53
core   0: 0x80005c80 (0x2c0f8313) addi    t1, t6, 704
core   0: 3 0x80005c80 (0x2c0f8313) x 6 0xbdc47704
core   0: 0x80005c84 (0x00c681b3) add     gp, a3, a2
core   0: 3 0x80005c84 (0x00c681b3) x 3 0x7ffff8f2
core   0: 0x80005c88 (0xcf818d17) auipc   s10, 0xcf818
core   0: 3 0x80005c88 (0xcf818d17) x26 0x4f81dc88
core   0: 0x80005c8c (0x73bbb637) lui     a2, 0x73bbb
core   0: 3 0x80005c8c (0x73bbb637) x12 0x73bbb000
core   0: 0x80005c90 (0x6b1ed617) auipc   a2, 0x6b1ed
core   0: 3 0x80005c90 (0x6b1ed617) x12 0xeb1f2c90
core   0: 0x80005c94 (0x00000013) nop
core   0: 3 0x80005c94 (0x00000013)
core   0: 0x80005c98 (0x5bc16c37) lui     s8, 0x5bc16
core   0: 3 0x80005c98 (0x5bc16c37) x24 0x5bc16000
core   0: 0x80005c9c (0x41ff86b3) sub     a3, t6, t6
core   0: 3 0x80005c9c (0x41ff86b3) x13 0x00000000
core   0: 0x80005ca0 (0x69eca997) auipc   s3, 0x69eca
core   0: 3 0x80005ca0 (0x69eca997) x19 0xe9ecfca0
core   0: 0x80005ca4 (0x413689b3) sub     s3, a3, s3
core   0: 3 0x80005ca4 (0x413689b3) x19 0x16130360
core   0: 0x80005ca8 (0xd77d3317) auipc   t1, 0xd77d3
core   0: 3 0x80005ca8 (0xd77d3317) x 6 0x577d8ca8
core   0: 0x80005cac (0x00000013) nop
core   0: 3 0x80005cac (0x00000013)
core   0: 0x80005cb0 (0x786f4d37) lui     s10, 0x786f4
core   0: 3 0x80005cb0 (0x786f4d37) x26 0x786f4000
core   0: 0x80005cb4 (0x79150337) lui     t1, 0x79150
core   0: 3 0x80005cb4 (0x79150337) x 6 0x79150000
core   0: 0x80005cb8 (0x2d2d0313) addi    t1, s10, 722
core   0: 3 0x80005cb8 (0x2d2d0313) x 6 0x786f42d2
core   0: 0x80005cbc (0x2e15bd37) lui     s10, 0x2e15b
core   0: 3 0x80005cbc (0x2e15bd37) x26 0x2e15b000
core   0: 0x80005cc0 (0x41f609b3) sub     s3, a2, t6
core   0: 3 0x80005cc0 (0x41f609b3) x19 0x2d5ab84c
core   0: 0x80005cc4 (0xa9168d93) addi    s11, a3, -1391
core   0: 3 0x80005cc4 (0xa9168d93) x27 0xfffffa91
core   0: 0x80005cc8 (0x406e5c93) srai    s9, t3, 6
core   0: 3 0x80005cc8 (0x406e5c93) x25 0x00000000
core   0: 0x80005ccc (0x0079d5b3) srl     a1, s3, t2
core   0: 3 0x80005ccc (0x0079d5b3) x11 0x02d5ab84
core   0: 0x80005cd0 (0xa6f64013) xori    zero, a2, -1425
core   0: 3 0x80005cd0 (0xa6f64013)
core   0: 0x80005cd4 (0xb5b5fc37) lui     s8, 0xb5b5f
core   0: 3 0x80005cd4 (0xb5b5fc37) x24 0xb5b5f000
core   0: 0x80005cd8 (0x00000013) nop
core   0: 3 0x80005cd8 (0x00000013)
core   0: 0x80005cdc (0x013f07b3) add     a5, t5, s3
core   0: 3 0x80005cdc (0x013f07b3) x15 0x2d5ab84c
core   0: 0x80005ce0 (0x76dc2d13) slti    s10, s8, 1901
core   0: 3 0x80005ce0 (0x76dc2d13) x26 0x00000001
core   0: 0x80005ce4 (0x69e2aa17) auipc   s4, 0x69e2a
core   0: 3 0x80005ce4 (0x69e2aa17) x20 0xe9e2fce4
core   0: 0x80005ce8 (0x00000013) nop
core   0: 3 0x80005ce8 (0x00000013)
core   0: 0x80005cec (0x407054b3) sra     s1, zero, t2
core   0: 3 0x80005cec (0x407054b3) x 9 0x00000000
core   0: 0x80005cf0 (0x006e1fb3) sll     t6, t3, t1
core   0: 3 0x80005cf0 (0x006e1fb3) x31 0x00040000
core   0: 0x80005cf4 (0xa0e22813) slti    a6, tp, -1522
core   0: 3 0x80005cf4 (0xa0e22813) x16 0x00000000
core   0: 0x80005cf8 (0x017cfa33) and     s4, s9, s7
core   0: 3 0x80005cf8 (0x017cfa33) x20 0x00000000
core   0: 0x80005cfc (0x00bf9a93) slli    s5, t6, 11
core   0: 3 0x80005cfc (0x00bf9a93) x21 0x20000000
core   0: 0x80005d00 (0x01b934b3) sltu    s1, s2, s11
core   0: 3 0x80005d00 (0x01b934b3) x 9 0x00000000
core   0: 0x80005d04 (0x4c232f93) slti    t6, t1, 1218
core   0: 3 0x80005d04 (0x4c232f93) x31 0x00000000
core   0: 0x80005d08 (0x000adeb3) srl     t4, s5, zero
core   0: 3 0x80005d08 (0x000adeb3) x29 0x20000000
core   0: 0x80005d0c (0x01d75e13) srli    t3, a4, 29
core   0: 3 0x80005d0c (0x01d75e13) x28 0x00000000
core   0: 0x80005d10 (0x01ae7633) and     a2, t3, s10
core   0: 3 0x80005d10 (0x01ae7633) x12 0x00000000
core   0: 0x80005d14 (0x015c5a13) srli    s4, s8, 21
core   0: 3 0x80005d14 (0x015c5a13) x20 0x000005ad
core   0: 0x80005d18 (0x007f5fb3) srl     t6, t5, t2
core   0: 3 0x80005d18 (0x007f5fb3) x31 0x00000000
core   0: 0x80005d1c (0xf8dfaa93) slti    s5, t6, -115
core   0: 3 0x80005d1c (0xf8dfaa93) x21 0x00000000
core   0: 0x80005d20 (0x00bce7b3) or      a5, s9, a1
core   0: 3 0x80005d20 (0x00bce7b3) x15 0x02d5ab84
core   0: 0x80005d24 (0x01de1693) slli    a3, t3, 29
core   0: 3 0x80005d24 (0x01de1693) x13 0x00000000
core   0: 0x80005d28 (0x016bd193) srli    gp, s7, 22
core   0: 3 0x80005d28 (0x016bd193) x 3 0x000003ff
core   0: 0x80005d2c (0x45e36e93) ori     t4, t1, 1118
core   0: 3 0x80005d2c (0x45e36e93) x29 0x786f46de
core   0: 0x80005d30 (0x13fabe93) sltiu   t4, s5, 319
core   0: 3 0x80005d30 (0x13fabe93) x29 0x00000001
core   0: 0x80005d34 (0x01cbafb3) slt     t6, s7, t3
core   0: 3 0x80005d34 (0x01cbafb3) x31 0x00000001
core   0: 0x80005d38 (0x017721b3) slt     gp, a4, s7
core   0: 3 0x80005d38 (0x017721b3) x 3 0x00000000
core   0: 0x80005d3c (0x5bf10f37) lui     t5, 0x5bf10
core   0: 3 0x80005d3c (0x5bf10f37) x30 0x5bf10000
core   0: 0x80005d40 (0x6e13e913) ori     s2, t2, 1761
core   0: 3 0x80005d40 (0x6e13e913) x18 0x80015ee5
core   0: 0x80005d44 (0x0190e533) or      a0, ra, s9
core   0: 3 0x80005d44 (0x0190e533) x10 0xf84eec2c
core   0: 0x80005d48 (0x017c8a33) add     s4, s9, s7
core   0: 3 0x80005d48 (0x017c8a33) x20 0xffffffac
core   0: 0x80005d4c (0x002a4db3) xor     s11, s4, sp
core   0: 3 0x80005d4c (0x002a4db3) x27 0xfffffc94
core   0: 0x80005d50 (0x41af0533) sub     a0, t5, s10
core   0: 3 0x80005d50 (0x41af0533) x10 0x5bf0ffff
core   0: 0x80005d54 (0x8762ed13) ori     s10, t0, -1930
core   0: 3 0x80005d54 (0x8762ed13) x26 0xfffff87f
core   0: 0x80005d58 (0x00684933) xor     s2, a6, t1
core   0: 3 0x80005d58 (0x00684933) x18 0x786f42d2
core   0: 0x80005d5c (0x403b5c13) srai    s8, s6, 3
core   0: 3 0x80005d5c (0x403b5c13) x24 0xfd1072dc
core   0: 0x80005d60 (0x0059e5b3) or      a1, s3, t0
core   0: 3 0x80005d60 (0x0059e5b3) x11 0x2d5ab84f
core   0: 0x80005d64 (0x01fa1e13) slli    t3, s4, 31
core   0: 3 0x80005d64 (0x01fa1e13) x28 0x00000000
core   0: 0x80005d68 (0x0013ee33) or      t3, t2, ra
core   0: 3 0x80005d68 (0x0013ee33) x28 0xf84ffcec
core   0: 0x80005d6c (0x41b25a13) srai    s4, tp, 27
core   0: 3 0x80005d6c (0x41b25a13) x20 0x00000000
core   0: 0x80005d70 (0x8cd14417) auipc   s0, 0x8cd14
core   0: 3 0x80005d70 (0x8cd14417) x 8 0x0cd19d70
core   0: 0x80005d74 (0xee4cfa93) andi    s5, s9, -284
core   0: 3 0x80005d74 (0xee4cfa93) x21 0x00000000
core   0: 0x80005d78 (0x01e55593) srli    a1, a0, 30
core   0: 3 0x80005d78 (0x01e55593) x11 0x00000001
core   0: 0x80005d7c (0x00a32533) slt     a0, t1, a0
core   0: 3 0x80005d7c (0x00a32533) x10 0x00000000
core   0: 0x80005d80 (0x010c0db3) add     s11, s8, a6
core   0: 3 0x80005d80 (0x010c0db3) x27 0xfd1072dc
core   0: 0x80005d84 (0x621e0193) addi    gp, t3, 1569
core   0: 3 0x80005d84 (0x621e0193) x 3 0xf850030d
core   0: 0x80005d88 (0x00000013) nop
core   0: 3 0x80005d88 (0x00000013)
core   0: 0x80005d8c (0x47bdb793) sltiu   a5, s11, 1147
core   0: 3 0x80005d8c (0x47bdb793) x15 0x00000000
core   0: 0x80005d90 (0x00d79eb3) sll     t4, a5, a3
core   0: 3 0x80005d90 (0x00d79eb3) x29 0x00000000
core   0: 0x80005d94 (0x0065ff33) and     t5, a1, t1
core   0: 3 0x80005d94 (0x0065ff33) x30 0x00000000
core   0: 0x80005d98 (0x01f88d33) add     s10, a7, t6
core   0: 3 0x80005d98 (0x01f88d33) x26 0x80011e65
core   0: 0x80005d9c (0x007aca33) xor     s4, s5, t2
core   0: 3 0x80005d9c (0x007aca33) x20 0x80015ce4
core   0: 0x80005da0 (0x40c08633) sub     a2, ra, a2
core   0: 3 0x80005da0 (0x40c08633) x12 0xf84eec2c
core   0: 0x80005da4 (0x299d7693) andi    a3, s10, 665
core   0: 3 0x80005da4 (0x299d7693) x13 0x00000201
core   0: 0x80005da8 (0x0086c0b3) xor     ra, a3, s0
core   0: 3 0x80005da8 (0x0086c0b3) x 1 0x0cd19f71
core   0: 0x80005dac (0xc509cd13) xori    s10, s3, -944
core   0: 3 0x80005dac (0xc509cd13) x26 0xd2a5441c
core   0: 0x80005db0 (0x008971b3) and     gp, s2, s0
core   0: 3 0x80005db0 (0x008971b3) x 3 0x08410050
core   0: 0x80005db4 (0x0d07c613) xori    a2, a5, 208
core   0: 3 0x80005db4 (0x0d07c613) x12 0x000000d0
core   0: 0x80005db8 (0xf21c8b93) addi    s7, s9, -223
core   0: 3 0x80005db8 (0xf21c8b93) x23 0xffffff21
core   0: 0x80005dbc (0xe5c7c913) xori    s2, a5, -420
core   0: 3 0x80005dbc (0xe5c7c913) x18 0xfffffe5c
core   0: 0x80005dc0 (0xbba24313) xori    t1, tp, -1094
core   0: 3 0x80005dc0 (0xbba24313) x 6 0xfffffbba
core   0: 0x80005dc4 (0x23212093) slti    ra, sp, 562
core   0: 3 0x80005dc4 (0x23212093) x 1 0x00000000
core   0: 0x80005dc8 (0x00124bb3) xor     s7, tp, ra
core   0: 3 0x80005dc8 (0x00124bb3) x23 0x00000000
core   0: 0x80005dcc (0x017956b3) srl     a3, s2, s7
core   0: 3 0x80005dcc (0x017956b3) x13 0xfffffe5c
core   0: 0x80005dd0 (0x016b1233) sll     tp, s6, s6
core   0: 3 0x80005dd0 (0x016b1233) x 4 0xd1072dc2
core   0: 0x80005dd4 (0x00000013) nop
core   0: 3 0x80005dd4 (0x00000013)
core   0: 0x80005dd8 (0x01d2ebb3) or      s7, t0, t4
core   0: 3 0x80005dd8 (0x01d2ebb3) x23 0x0000004b
core   0: 0x80005ddc (0x0109a533) slt     a0, s3, a6
core   0: 3 0x80005ddc (0x0109a533) x10 0x00000000
core   0: 0x80005de0 (0x011d8ab3) add     s5, s11, a7
core   0: 3 0x80005de0 (0x011d8ab3) x21 0x7d119140
core   0: 0x80005de4 (0x006c11b3) sll     gp, s8, t1
core   0: 3 0x80005de4 (0x006c11b3) x 3 0x70000000
core   0: 0x80005de8 (0x00000013) nop
core   0: 3 0x80005de8 (0x00000013)
core   0: 0x80005dec (0x00474d33) xor     s10, a4, tp
core   0: 3 0x80005dec (0x00474d33) x26 0xd107c541
core   0: 0x80005df0 (0x4191df33) sra     t5, gp, s9
core   0: 3 0x80005df0 (0x4191df33) x30 0x70000000
core   0: 0x80005df4 (0x40445913) srai    s2, s0, 4
core   0: 3 0x80005df4 (0x40445913) x18 0x00cd19d7
core   0: 0x80005df8 (0x9f02e913) ori     s2, t0, -1552
core   0: 3 0x80005df8 (0x9f02e913) x18 0xfffff9fb
core   0: 0x80005dfc (0x9df50097) auipc   ra, 0x9df50
core   0: 3 0x80005dfc (0x9df50097) x 1 0x1df55dfc
core   0: 0x80005e00 (0x00df5033) srl     zero, t5, a3
core   0: 3 0x80005e00 (0x00df5033)
core   0: 0x80005e04 (0x00000013) nop
core   0: 3 0x80005e04 (0x00000013)
core   0: 0x80005e08 (0xb681fe13) andi    t3, gp, -1176
core   0: 3 0x80005e08 (0xb681fe13) x28 0x70000000
core   0: 0x80005e0c (0x019c9cb3) sll     s9, s9, s9
core   0: 3 0x80005e0c (0x019c9cb3) x25 0x00000000
core   0: 0x80005e10 (0x0065db93) srli    s7, a1, 6
core   0: 3 0x80005e10 (0x0065db93) x23 0x00000000
core   0: 0x80005e14 (0xb4dc8d13) addi    s10, s9, -1203
core   0: 3 0x80005e14 (0xb4dc8d13) x26 0xfffffb4d
core   0: 0x80005e18 (0x01021a33) sll     s4, tp, a6
core   0: 3 0x80005e18 (0x01021a33) x20 0xd1072dc2
core   0: 0x80005e1c (0x4068deb3) sra     t4, a7, t1
core   0: 3 0x80005e1c (0x4068deb3) x29 0xffffffe0
core   0: 0x80005e20 (0xd2bad817) auipc   a6, 0xd2bad
core   0: 3 0x80005e20 (0xd2bad817) x16 0x52bb2e20
core   0: 0x80005e24 (0x5eb74093) xori    ra, a4, 1515
core   0: 3 0x80005e24 (0x5eb74093) x 1 0x0000ed68
core   0: 0x80005e28 (0x001a55b3) srl     a1, s4, ra
core   0: 3 0x80005e28 (0x001a55b3) x11 0x00d1072d
core   0: 0x80005e2c (0x01199113) slli    sp, s3, 17
core   0: 3 0x80005e2c (0x01199113) x 2 0x70980000
core   0: 0x80005e30 (0x00000013) nop
core   0: 3 0x80005e30 (0x00000013)
core   0: 0x80005e34 (0x017014b3) sll     s1, zero, s7
core   0: 3 0x80005e34 (0x017014b3) x 9 0x00000000
core   0: 0x80005e38 (0x59ee3e13) sltiu   t3, t3, 1438
core   0: 3 0x80005e38 (0x59ee3e13) x28 0x00000000
core   0: 0x80005e3c (0x016b1813) slli    a6, s6, 22
core   0: 3 0x80005e3c (0x016b1813) x16 0xb8400000
core   0: 0x80005e40 (0xeec0b013) sltiu   zero, ra, -276
core   0: 3 0x80005e40 (0xeec0b013)
core   0: 0x80005e44 (0x00247533) and     a0, s0, sp
core   0: 3 0x80005e44 (0x00247533) x10 0x00900000
core   0: 0x80005e48 (0x00f205b3) add     a1, tp, a5
core   0: 3 0x80005e48 (0x00f205b3) x11 0xd1072dc2
core   0: 0x80005e4c (0x409150b3) sra     ra, sp, s1
core   0: 3 0x80005e4c (0x409150b3) x 1 0x70980000
core   0: 0x80005e50 (0x409fde13) srai    t3, t6, 9
core   0: 3 0x80005e50 (0x409fde13) x28 0x00000000
core   0: 0x80005e54 (0x00929133) sll     sp, t0, s1
core   0: 3 0x80005e54 (0x00929133) x 2 0x0000004b
core   0: 0x80005e58 (0x01ca3a33) sltu    s4, s4, t3
core   0: 3 0x80005e58 (0x01ca3a33) x20 0x00000000
core   0: 0x80005e5c (0x00dd9233) sll     tp, s11, a3
core   0: 3 0x80005e5c (0x00dd9233) x 4 0xc0000000
core   0: 0x80005e60 (0x025d5a17) auipc   s4, 0x25d5
core   0: 3 0x80005e60 (0x025d5a17) x20 0x825dae60
core   0: 0x80005e64 (0x01ec1113) slli    sp, s8, 30
core   0: 3 0x80005e64 (0x01ec1113) x 2 0x00000000
core   0: 0x80005e68 (0xca0e3913) sltiu   s2, t3, -864
core   0: 3 0x80005e68 (0xca0e3913) x18 0x00000001
core   0: 0x80005e6c (0x01349533) sll     a0, s1, s3
core   0: 3 0x80005e6c (0x01349533) x10 0x00000000
core   0: 0x80005e70 (0x001fccb3) xor     s9, t6, ra
core   0: 3 0x80005e70 (0x001fccb3) x25 0x70980001
core   0: 0x80005e74 (0x40dc82b3) sub     t0, s9, a3
core   0: 3 0x80005e74 (0x40dc82b3) x 5 0x709801a5
core   0: 0x80005e78 (0x96f8c413) xori    s0, a7, -1681
core   0: 3 0x80005e78 (0x96f8c413) x 8 0x7ffee70b
core   0: 0x80005e7c (0x00e8ac33) slt     s8, a7, a4
core   0: 3 0x80005e7c (0x00e8ac33) x24 0x00000001
core   0: 0x80005e80 (0x01b369b3) or      s3, t1, s11
core   0: 3 0x80005e80 (0x01b369b3) x19 0xfffffbfe
core   0: 0x80005e84 (0xe0fe6093) ori     ra, t3, -497
core   0: 3 0x80005e84 (0xe0fe6093) x 1 0xfffffe0f
core   0: 0x80005e88 (0x009e2733) slt     a4, t3, s1
core   0: 3 0x80005e88 (0x009e2733) x14 0x00000000
core   0: 0x80005e8c (0x0118b833) sltu    a6, a7, a7
core   0: 3 0x80005e8c (0x0118b833) x16 0x00000000
core   0: 0x80005e90 (0x404a5433) sra     s0, s4, tp
core   0: 3 0x80005e90 (0x404a5433) x 8 0x825dae60
core   0: 0x80005e94 (0x6c099137) lui     sp, 0x6c099
core   0: 3 0x80005e94 (0x6c099137) x 2 0x6c099000
core   0: 0x80005e98 (0x41d8d093) srai    ra, a7, 29
core   0: 3 0x80005e98 (0x41d8d093) x 1 0xfffffffc
core   0: 0x80005e9c (0x019d8133) add     sp, s11, s9
core   0: 3 0x80005e9c (0x019d8133) x 2 0x6da872dd
core   0: 0x80005ea0 (0x41888133) sub     sp, a7, s8
core   0: 3 0x80005ea0 (0x41888133) x 2 0x80011e63
core   0: 0x80005ea4 (0x407c89b3) sub     s3, s9, t2
core   0: 3 0x80005ea4 (0x407c89b3) x19 0xf096a31d
core   0: 0x80005ea8 (0x8f226193) ori     gp, tp, -1806
core   0: 3 0x80005ea8 (0x8f226193) x 3 0xfffff8f2
core   0: 0x80005eac (0x00a0ffb3) and     t6, ra, a0
core   0: 3 0x80005eac (0x00a0ffb3) x31 0x00000000
core   0: 0x80005eb0 (0x46c7d617) auipc   a2, 0x46c7d
core   0: 3 0x80005eb0 (0x46c7d617) x12 0xc6c82eb0
core   0: 0x80005eb4 (0x41160933) sub     s2, a2, a7
core   0: 3 0x80005eb4 (0x41160933) x18 0x46c7104c
core   0: 0x80005eb8 (0x00699e33) sll     t3, s3, t1
core   0: 3 0x80005eb8 (0x00699e33) x28 0x74000000
core   0: 0x80005ebc (0x40fbdf93) srai    t6, s7, 15
core   0: 3 0x80005ebc (0x40fbdf93) x31 0x00000000
core   0: 0x80005ec0 (0x00ce5f13) srli    t5, t3, 12
core   0: 3 0x80005ec0 (0x00ce5f13) x30 0x00074000
core   0: 0x80005ec4 (0x0175ed33) or      s10, a1, s7
core   0: 3 0x80005ec4 (0x0175ed33) x26 0xd1072dc2
core   0: 0x80005ec8 (0x01689a93) slli    s5, a7, 22
core   0: 3 0x80005ec8 (0x01689a93) x21 0x99000000
core   0: 0x80005ecc (0x27efb993) sltiu   s3, t6, 638
core   0: 3 0x80005ecc (0x27efb993) x19 0x00000001
core   0: 0x80005ed0 (0x003f6fb3) or      t6, t5, gp
core   0: 3 0x80005ed0 (0x003f6fb3) x31 0xfffff8f2
core   0: 0x80005ed4 (0x9fa0f113) andi    sp, ra, -1542
core   0: 3 0x80005ed4 (0x9fa0f113) x 2 0xfffff9f8
core   0: 0x80005ed8 (0xd03abd13) sltiu   s10, s5, -765
core   0: 3 0x80005ed8 (0xd03abd13) x26 0x00000001
core   0: 0x80005edc (0x004c3e33) sltu    t3, s8, tp
core   0: 3 0x80005edc (0x004c3e33) x28 0x00000001
core   0: 0x80005ee0 (0x010b20b3) slt     ra, s6, a6
core   0: 3 0x80005ee0 (0x010b20b3) x 1 0x00000001
core   0: 0x80005ee4 (0x01d61733) sll     a4, a2, t4
core   0: 3 0x80005ee4 (0x01d61733) x14 0xc6c82eb0
core   0: 0x80005ee8 (0x01cd5133) srl     sp, s10, t3
core   0: 3 0x80005ee8 (0x01cd5133) x 2 0x00000000
core   0: 0x80005eec (0x01eec0b3) xor     ra, t4, t5
core   0: 3 0x80005eec (0x01eec0b3) x 1 0xfff8bfe0
core   0: 0x80005ef0 (0x712ab113) sltiu   sp, s5, 1810
core   0: 3 0x80005ef0 (0x712ab113) x 2 0x00000000
core   0: 0x80005ef4 (0x00000013) nop
core   0: 3 0x80005ef4 (0x00000013)
core   0: 0x80005ef8 (0x01646ab3) or      s5, s0, s6
core   0: 3 0x80005ef8 (0x01646ab3) x21 0xeadfbee1
core   0: 0x80005efc (0x82a78113) addi    sp, a5, -2006
core   0: 3 0x80005efc (0x82a78113) x 2 0xfffff82a
core   0: 0x80005f00 (0x00a652b3) srl     t0, a2, a0
core   0: 3 0x80005f00 (0x00a652b3) x 5 0xc6c82eb0
core   0: 0x80005f04 (0x885aac13) slti    s8, s5, -1915
core   0: 3 0x80005f04 (0x885aac13) x24 0x00000001
core   0: 0x80005f08 (0x41865fb3) sra     t6, a2, s8
core   0: 3 0x80005f08 (0x41865fb3) x31 0xe3641758
core   0: 0x80005f0c (0x00bb4ab3) xor     s5, s6, a1
core   0: 3 0x80005f0c (0x00bb4ab3) x21 0x3984bb23
core   0: 0x80005f10 (0xeabde9b7) lui     s3, 0xeabde
core   0: 3 0x80005f10 (0xeabde9b7) x19 0xeabde000
core   0: 0x80005f14 (0x00bbad33) slt     s10, s7, a1
core   0: 3 0x80005f14 (0x00bbad33) x26 0x00000000
core   0: 0x80005f18 (0x6b883513) sltiu   a0, a6, 1720
core   0: 3 0x80005f18 (0x6b883513) x10 0x00000001
core   0: 0x80005f1c (0x01e6aa33) slt     s4, a3, t5
core   0: 3 0x80005f1c (0x01e6aa33) x20 0x00000001
core   0: 0x80005f20 (0x40f2d4b3) sra     s1, t0, a5
core   0: 3 0x80005f20 (0x40f2d4b3) x 9 0xc6c82eb0
core   0: 0x80005f24 (0x415cdeb3) sra     t4, s9, s5
core   0: 3 0x80005f24 (0x415cdeb3) x29 0x0e130000
core   0: 0x80005f28 (0x404d5d13) srai    s10, s10, 4
core   0: 3 0x80005f28 (0x404d5d13) x26 0x00000000
core   0: 0x80005f2c (0x29652193) slti    gp, a0, 662
core   0: 3 0x80005f2c (0x29652193) x 3 0x00000001
core   0: 0x80005f30 (0xdf0ab513) sltiu   a0, s5, -528
core   0: 3 0x80005f30 (0xdf0ab513) x10 0x00000001
core   0: 0x80005f34 (0x007e67b3) or      a5, t3, t2
core   0: 3 0x80005f34 (0x007e67b3) x15 0x80015ce5
core   0: 0x80005f38 (0xa5c98b93) addi    s7, s3, -1444
core   0: 3 0x80005f38 (0xa5c98b93) x23 0xeabdda5c
core   0: 0x80005f3c (0x018b0a33) add     s4, s6, s8
core   0: 3 0x80005f3c (0x018b0a33) x20 0xe88396e2
core   0: 0x80005f40 (0x4168dbb3) sra     s7, a7, s6
core   0: 3 0x80005f40 (0x4168dbb3) x23 0xc0008f32
core   0: 0x80005f44 (0x00000013) nop
core   0: 3 0x80005f44 (0x00000013)
core   0: 0x80005f48 (0xfc126c13) ori     s8, tp, -63
core   0: 3 0x80005f48 (0xfc126c13) x24 0xffffffc1
core   0: 0x80005f4c (0x402781b3) sub     gp, a5, sp
core   0: 3 0x80005f4c (0x402781b3) x 3 0x800164bb
core   0: 0x80005f50 (0xb1eb0d93) addi    s11, s6, -1250
core   0: 3 0x80005f50 (0xb1eb0d93) x27 0xe88391ff
core   0: 0x80005f54 (0x406159b3) sra     s3, sp, t1
core   0: 3 0x80005f54 (0x406159b3) x19 0xffffffff
core   0: 0x80005f58 (0x014ee4b3) or      s1, t4, s4
core   0: 3 0x80005f58 (0x014ee4b3) x 9 0xee9396e2
core   0: 0x80005f5c (0x01dab333) sltu    t1, s5, t4
core   0: 3 0x80005f5c (0x01dab333) x 6 0x00000000
core   0: 0x80005f60 (0x004decb3) or      s9, s11, tp
core   0: 3 0x80005f60 (0x004decb3) x25 0xe88391ff
core   0: 0x80005f64 (0x004b82b3) add     t0, s7, tp
core   0: 3 0x80005f64 (0x004b82b3) x 5 0x80008f32
core   0: 0x80005f68 (0x40add113) srai    sp, s11, 10
core   0: 3 0x80005f68 (0x40add113) x 2 0xfffa20e4
core   0: 0x80005f6c (0xf7438913) addi    s2, t2, -140
core   0: 3 0x80005f6c (0xf7438913) x18 0x80015c58
core   0: 0x80005f70 (0xc1018513) addi    a0, gp, -1008
core   0: 3 0x80005f70 (0xc1018513) x10 0x800160cb
core   0: 0x80005f74 (0x01320033) add     zero, tp, s3
core   0: 3 0x80005f74 (0x01320033)
core   0: 0x80005f78 (0x2b904917) auipc   s2, 0x2b904
core   0: 3 0x80005f78 (0x2b904917) x18 0xab909f78
core   0: 0x80005f7c (0x0086c5b3) xor     a1, a3, s0
core   0: 3 0x80005f7c (0x0086c5b3) x11 0x7da2503c
core   0: 0x80005f80 (0x00d516b3) sll     a3, a0, a3
core   0: 3 0x80005f80 (0x00d516b3) x13 0xb0000000
core   0: 0x80005f84 (0x41c5ddb3) sra     s11, a1, t3
core   0: 3 0x80005f84 (0x41c5ddb3) x27 0x3ed1281e
core   0: 0x80005f88 (0xed938813) addi    a6, t2, -295
core   0: 3 0x80005f88 (0xed938813) x16 0x80015bbd
core   0: 0x80005f8c (0xf41b4e37) lui     t3, 0xf41b4
core   0: 3 0x80005f8c (0xf41b4e37) x28 0xf41b4000
core   0: 0x80005f90 (0x12b4f993) andi    s3, s1, 299
core   0: 3 0x80005f90 (0x12b4f993) x19 0x00000022
core   0: 0x80005f94 (0x010ffbb3) and     s7, t6, a6
core   0: 3 0x80005f94 (0x010ffbb3) x23 0x80001318
core   0: 0x80005f98 (0x006ad713) srli    a4, s5, 6
core   0: 3 0x80005f98 (0x006ad713) x14 0x00e612ec
core   0: 0x80005f9c (0x0162d713) srli    a4, t0, 22
core   0: 3 0x80005f9c (0x0162d713) x14 0x00000200
core   0: 0x80005fa0 (0x0074a7b3) slt     a5, s1, t2
core   0: 3 0x80005fa0 (0x0074a7b3) x15 0x00000000
core   0: 0x80005fa4 (0x41ce59b3) sra     s3, t3, t3
core   0: 3 0x80005fa4 (0x41ce59b3) x19 0xf41b4000
core   0: 0x80005fa8 (0x01709233) sll     tp, ra, s7
core   0: 3 0x80005fa8 (0x01709233) x 4 0xe0000000
core   0: 0x80005fac (0xbd3bbc93) sltiu   s9, s7, -1069
core   0: 3 0x80005fac (0xbd3bbc93) x25 0x00000001
core   0: 0x80005fb0 (0x01649ab3) sll     s5, s1, s6
core   0: 3 0x80005fb0 (0x01649ab3) x21 0xdd272dc4
core   0: 0x80005fb4 (0x01d97a33) and     s4, s2, t4
core   0: 3 0x80005fb4 (0x01d97a33) x20 0x0a100000
core   0: 0x80005fb8 (0x41ba59b3) sra     s3, s4, s11
core   0: 3 0x80005fb8 (0x41ba59b3) x19 0x00000000
core   0: 0x80005fbc (0x01966533) or      a0, a2, s9
core   0: 3 0x80005fbc (0x01966533) x10 0xc6c82eb1
core   0: 0x80005fc0 (0x01aa1933) sll     s2, s4, s10
core   0: 3 0x80005fc0 (0x01aa1933) x18 0x0a100000
core   0: 0x80005fc4 (0x015f6a33) or      s4, t5, s5
core   0: 3 0x80005fc4 (0x015f6a33) x20 0xdd276dc4
core   0: 0x80005fc8 (0x0099b5b3) sltu    a1, s3, s1
core   0: 3 0x80005fc8 (0x0099b5b3) x11 0x00000001
core   0: 0x80005fcc (0x00f875b3) and     a1, a6, a5
core   0: 3 0x80005fcc (0x00f875b3) x11 0x00000000
core   0: 0x80005fd0 (0x01611a33) sll     s4, sp, s6
core   0: 3 0x80005fd0 (0x01611a33) x20 0xfff441c8
core   0: 0x80005fd4 (0x40ee5bb3) sra     s7, t3, a4
core   0: 3 0x80005fd4 (0x40ee5bb3) x23 0xf41b4000
core   0: 0x80005fd8 (0x01471a13) slli    s4, a4, 20
core   0: 3 0x80005fd8 (0x01471a13) x20 0x20000000
core   0: 0x80005fdc (0x3cc77913) andi    s2, a4, 972
core   0: 3 0x80005fdc (0x3cc77913) x18 0x00000200
core   0: 0x80005fe0 (0x0f9bcd13) xori    s10, s7, 249
core   0: 3 0x80005fe0 (0x0f9bcd13) x26 0xf41b40f9
core   0: 0x80005fe4 (0x01b5bc33) sltu    s8, a1, s11
core   0: 3 0x80005fe4 (0x01b5bc33) x24 0x00000001
core   0: 0x80005fe8 (0x260ae197) auipc   gp, 0x260ae
core   0: 3 0x80005fe8 (0x260ae197) x 3 0xa60b3fe8
core   0: 0x80005fec (0x41535a33) sra     s4, t1, s5
core   0: 3 0x80005fec (0x41535a33) x20 0x00000000
core   0: 0x80005ff0 (0x41da5913) srai    s2, s4, 29
core   0: 3 0x80005ff0 (0x41da5913) x18 0x00000000
core   0: 0x80005ff4 (0x00f49cb3) sll     s9, s1, a5
core   0: 3 0x80005ff4 (0x00f49cb3) x25 0xee9396e2
core   0: 0x80005ff8 (0x00b42033) slt     zero, s0, a1
core   0: 3 0x80005ff8 (0x00b42033)
core   0: 0x80005ffc (0x00751a13) slli    s4, a0, 7
core   0: 3 0x80005ffc (0x00751a13) x20 0x64175880
core   0: 0x80006000 (0x01632db3) slt     s11, t1, s6
core   0: 3 0x80006000 (0x01632db3) x27 0x00000000
core   0: 0x80006004 (0x34e56f13) ori     t5, a0, 846
core   0: 3 0x80006004 (0x34e56f13) x30 0xc6c82fff
core   0: 0x80006008 (0x01b7c133) xor     sp, a5, s11
core   0: 3 0x80006008 (0x01b7c133) x 2 0x00000000
core   0: 0x8000600c (0x003036b3) snez    a3, gp
core   0: 3 0x8000600c (0x003036b3) x13 0x00000001
core   0: 0x80006010 (0x009a4733) xor     a4, s4, s1
core   0: 3 0x80006010 (0x009a4733) x14 0x8a84ce62
core   0: 0x80006014 (0x010e8333) add     t1, t4, a6
core   0: 3 0x80006014 (0x010e8333) x 6 0x8e145bbd
core   0: 0x80006018 (0x4f93db97) auipc   s7, 0x4f93d
core   0: 3 0x80006018 (0x4f93db97) x23 0xcf943018
core   0: 0x8000601c (0x01967533) and     a0, a2, s9
core   0: 3 0x8000601c (0x01967533) x10 0xc68006a0
core   0: 0x80006020 (0x4122da93) srai    s5, t0, 18
core   0: 3 0x80006020 (0x4122da93) x21 0xffffe000
core   0: 0x80006024 (0x014a3cb3) sltu    s9, s4, s4
core   0: 3 0x80006024 (0x014a3cb3) x25 0x00000000
core   0: 0x80006028 (0x010e8bb3) add     s7, t4, a6
core   0: 3 0x80006028 (0x010e8bb3) x23 0x8e145bbd
core   0: 0x8000602c (0x00e9c233) xor     tp, s3, a4
core   0: 3 0x8000602c (0x00e9c233) x 4 0x8a84ce62
core   0: 0x80006030 (0x00000013) nop
core   0: 3 0x80006030 (0x00000013)
core   0: 0x80006034 (0x01f130b3) sltu    ra, sp, t6
core   0: 3 0x80006034 (0x01f130b3) x 1 0x00000001
core   0: 0x80006038 (0x010ab6b3) sltu    a3, s5, a6
core   0: 3 0x80006038 (0x010ab6b3) x13 0x00000000
core   0: 0x8000603c (0x010f5113) srli    sp, t5, 16
core   0: 3 0x8000603c (0x010f5113) x 2 0x0000c6c8
core   0: 0x80006040 (0x40925313) srai    t1, tp, 9
core   0: 3 0x80006040 (0x40925313) x 6 0xffc54267
core   0: 0x80006044 (0xba273293) sltiu   t0, a4, -1118
core   0: 3 0x80006044 (0xba273293) x 5 0x00000001
core   0: 0x80006048 (0x9e53f993) andi    s3, t2, -1563
core   0: 3 0x80006048 (0x9e53f993) x19 0x800158e4
core   0: 0x8000604c (0x011ed933) srl     s2, t4, a7
core   0: 3 0x8000604c (0x011ed933) x18 0x00e13000
core   0: 0x80006050 (0x01405f93) srli    t6, zero, 20
core   0: 3 0x80006050 (0x01405f93) x31 0x00000000
core   0: 0x80006054 (0xcb3a3a13) sltiu   s4, s4, -845
core   0: 3 0x80006054 (0xcb3a3a13) x20 0x00000001
core   0: 0x80006058 (0x014a5c13) srli    s8, s4, 20
core   0: 3 0x80006058 (0x014a5c13) x24 0x00000000
core   0: 0x8000605c (0x0043d213) srli    tp, t2, 4
core   0: 3 0x8000605c (0x0043d213) x 4 0x080015ce
core   0: 0x80006060 (0x4095db93) srai    s7, a1, 9
core   0: 3 0x80006060 (0x4095db93) x23 0x00000000
core   0: 0x80006064 (0x13e446b7) lui     a3, 0x13e44
core   0: 3 0x80006064 (0x13e446b7) x13 0x13e44000
core   0: 0x80006068 (0x00f3b333) sltu    t1, t2, a5
core   0: 3 0x80006068 (0x00f3b333) x 6 0x00000000
core   0: 0x8000606c (0x40725a13) srai    s4, tp, 7
core   0: 3 0x8000606c (0x40725a13) x20 0x0010002b
core   0: 0x80006070 (0xcfb2c197) auipc   gp, 0xcfb2c
core   0: 3 0x80006070 (0xcfb2c197) x 3 0x4fb32070
core   0: 0x80006074 (0x01f19313) slli    t1, gp, 31
core   0: 3 0x80006074 (0x01f19313) x 6 0x00000000
core   0: 0x80006078 (0x0192e333) or      t1, t0, s9
core   0: 3 0x80006078 (0x0192e333) x 6 0x00000001
core   0: 0x8000607c (0x944dea13) ori     s4, s11, -1724
core   0: 3 0x8000607c (0x944dea13) x20 0xfffff944
core   0: 0x80006080 (0x016e8033) add     zero, t4, s6
core   0: 3 0x80006080 (0x016e8033)
core   0: 0x80006084 (0x00000013) nop
core   0: 3 0x80006084 (0x00000013)
core   0: 0x80006088 (0x135e8d13) addi    s10, t4, 309
core   0: 3 0x80006088 (0x135e8d13) x26 0x0e130135
core   0: 0x8000608c (0x40570133) sub     sp, a4, t0
core   0: 3 0x8000608c (0x40570133) x 2 0x8a84ce61
core   0: 0x80006090 (0x00000013) nop
core   0: 3 0x80006090 (0x00000013)
core   0: 0x80006094 (0xf9838713) addi    a4, t2, -104
core   0: 3 0x80006094 (0xf9838713) x14 0x80015c7c
core   0: 0x80006098 (0xb8711a37) lui     s4, 0xb8711
core   0: 3 0x80006098 (0xb8711a37) x20 0xb8711000
core   0: 0x8000609c (0x005961b3) or      gp, s2, t0
core   0: 3 0x8000609c (0x005961b3) x 3 0x00e13001
core   0: 0x800060a0 (0xded00493) li      s1, -531
core   0: 3 0x800060a0 (0xded00493) x 9 0xfffffded
core   0: 0x800060a4 (0x407bdbb3) sra     s7, s7, t2
core   0: 3 0x800060a4 (0x407bdbb3) x23 0x00000000
core   0: 0x800060a8 (0xd0cc3513) sltiu   a0, s8, -756
core   0: 3 0x800060a8 (0xd0cc3513) x10 0x00000001
core   0: 0x800060ac (0x61682593) slti    a1, a6, 1558
core   0: 3 0x800060ac (0x61682593) x11 0x00000001
core   0: 0x800060b0 (0x705de913) ori     s2, s11, 1797
core   0: 3 0x800060b0 (0x705de913) x18 0x00000705
core   0: 0x800060b4 (0x016990b3) sll     ra, s3, s6
core   0: 3 0x800060b4 (0x016990b3) x 1 0x0002b1c8
core   0: 0x800060b8 (0x41a15c13) srai    s8, sp, 26
core   0: 3 0x800060b8 (0x41a15c13) x24 0xffffffe2
core   0: 0x800060bc (0x00000013) nop
core   0: 3 0x800060bc (0x00000013)
core   0: 0x800060c0 (0x40625f93) srai    t6, tp, 6
core   0: 3 0x800060c0 (0x40625f93) x31 0x00200057
core   0: 0x800060c4 (0x00149cb3) sll     s9, s1, ra
core   0: 3 0x800060c4 (0x00149cb3) x25 0xfffded00
core   0: 0x800060c8 (0x004e2433) slt     s0, t3, tp
core   0: 3 0x800060c8 (0x004e2433) x 8 0x00000001
core   0: 0x800060cc (0xb27cfe37) lui     t3, 0xb27cf
core   0: 3 0x800060cc (0xb27cfe37) x28 0xb27cf000
core   0: 0x800060d0 (0x01c8a733) slt     a4, a7, t3
core   0: 3 0x800060d0 (0x01c8a733) x14 0x00000001
core   0: 0x800060d4 (0x00000013) nop
core   0: 3 0x800060d4 (0x00000013)
core   0: 0x800060d8 (0x01a81033) sll     zero, a6, s10
core   0: 3 0x800060d8 (0x01a81033)
core   0: 0x800060dc (0xe3d0b913) sltiu   s2, ra, -451
core   0: 3 0x800060dc (0xe3d0b913) x18 0x00000001
core   0: 0x800060e0 (0x9b8f0313) addi    t1, t5, -1608
core   0: 3 0x800060e0 (0x9b8f0313) x 6 0xc6c829b7
core   0: 0x800060e4 (0x019bdc13) srli    s8, s7, 25
core   0: 3 0x800060e4 (0x019bdc13) x24 0x00000000
core   0: 0x800060e8 (0x2af26017) auipc   zero, 0x2af26
core   0: 3 0x800060e8 (0x2af26017)
core   0: 0x800060ec (0x955f3e13) sltiu   t3, t5, -1707
core   0: 3 0x800060ec (0x955f3e13) x28 0x00000001
core   0: 0x800060f0 (0x44a1f313) andi    t1, gp, 1098
core   0: 3 0x800060f0 (0x44a1f313) x 6 0x00000000
core   0: 0x800060f4 (0x01502133) slt     sp, zero, s5
core   0: 3 0x800060f4 (0x01502133) x 2 0x00000000
core   0: 0x800060f8 (0x517b8313) addi    t1, s7, 1303
core   0: 3 0x800060f8 (0x517b8313) x 6 0x00000517
core   0: 0x800060fc (0x01983233) sltu    tp, a6, s9
core   0: 3 0x800060fc (0x01983233) x 4 0x00000001
core   0: 0x80006100 (0x01051c33) sll     s8, a0, a6
core   0: 3 0x80006100 (0x01051c33) x24 0x20000000
core   0: 0x80006104 (0x13b00d13) li      s10, 315
core   0: 3 0x80006104 (0x13b00d13) x26 0x0000013b
core   0: 0x80006108 (0xb5538613) addi    a2, t2, -1195
core   0: 3 0x80006108 (0xb5538613) x12 0x80015839
core   0: 0x8000610c (0x3d493a93) sltiu   s5, s2, 980
core   0: 3 0x8000610c (0x3d493a93) x21 0x00000001
core   0: 0x80006110 (0x019e50b3) srl     ra, t3, s9
core   0: 3 0x80006110 (0x019e50b3) x 1 0x00000001
core   0: 0x80006114 (0xfbdbd937) lui     s2, 0xfbdbd
core   0: 3 0x80006114 (0xfbdbd937) x18 0xfbdbd000
core   0: 0x80006118 (0x01b38c33) add     s8, t2, s11
core   0: 3 0x80006118 (0x01b38c33) x24 0x80015ce4
core   0: 0x8000611c (0x40455733) sra     a4, a0, tp
core   0: 3 0x8000611c (0x40455733) x14 0x00000000
core   0: 0x80006120 (0x40af8d33) sub     s10, t6, a0
core   0: 3 0x80006120 (0x40af8d33) x26 0x00200056
core   0: 0x80006124 (0xe7e676b7) lui     a3, 0xe7e67
core   0: 3 0x80006124 (0xe7e676b7) x13 0xe7e67000
core   0: 0x80006128 (0xd2346c13) ori     s8, s0, -733
core   0: 3 0x80006128 (0xd2346c13) x24 0xfffffd23
core   0: 0x8000612c (0xdd07ba13) sltiu   s4, a5, -560
core   0: 3 0x8000612c (0xdd07ba13) x20 0x00000001
core   0: 0x80006130 (0x00000013) nop
core   0: 3 0x80006130 (0x00000013)
core   0: 0x80006134 (0x4f04b213) sltiu   tp, s1, 1264
core   0: 3 0x80006134 (0x4f04b213) x 4 0x00000000
core   0: 0x80006138 (0x005b20b3) slt     ra, s6, t0
core   0: 3 0x80006138 (0x005b20b3) x 1 0x00000001
core   0: 0x8000613c (0xa4388313) addi    t1, a7, -1469
core   0: 3 0x8000613c (0xa4388313) x 6 0x800118a7
core   0: 0x80006140 (0x013644b3) xor     s1, a2, s3
core   0: 3 0x80006140 (0x013644b3) x 9 0x000000dd
core   0: 0x80006144 (0x27406d13) ori     s10, zero, 628
core   0: 3 0x80006144 (0x27406d13) x26 0x00000274
core   0: 0x80006148 (0x60453593) sltiu   a1, a0, 1540
core   0: 3 0x80006148 (0x60453593) x11 0x00000001
core   0: 0x8000614c (0x002fd333) srl     t1, t6, sp
core   0: 3 0x8000614c (0x002fd333) x 6 0x00200057
core   0: 0x80006150 (0x405d0d33) sub     s10, s10, t0
core   0: 3 0x80006150 (0x405d0d33) x26 0x00000273
core   0: 0x80006154 (0x7bf16493) ori     s1, sp, 1983
core   0: 3 0x80006154 (0x7bf16493) x 9 0x000007bf
core   0: 0x80006158 (0xd8b2e013) ori     zero, t0, -629
core   0: 3 0x80006158 (0xd8b2e013)
core   0: 0x8000615c (0x5830c793) xori    a5, ra, 1411
core   0: 3 0x8000615c (0x5830c793) x15 0x00000582
core   0: 0x80006160 (0x93af3e37) lui     t3, 0x93af3
core   0: 3 0x80006160 (0x93af3e37) x28 0x93af3000
core   0: 0x80006164 (0x008f86b3) add     a3, t6, s0
core   0: 3 0x80006164 (0x008f86b3) x13 0x00200058
core   0: 0x80006168 (0x00d1a333) slt     t1, gp, a3
core   0: 3 0x80006168 (0x00d1a333) x 6 0x00000000
core   0: 0x8000616c (0x41b5dc33) sra     s8, a1, s11
core   0: 3 0x8000616c (0x41b5dc33) x24 0x00000001
core   0: 0x80006170 (0x419a5713) srai    a4, s4, 25
core   0: 3 0x80006170 (0x419a5713) x14 0x00000000
core   0: 0x80006174 (0x01f98533) add     a0, s3, t6
core   0: 3 0x80006174 (0x01f98533) x10 0x8021593b
core   0: 0x80006178 (0x01d09413) slli    s0, ra, 29
core   0: 3 0x80006178 (0x01d09413) x 8 0x20000000
core   0: 0x8000617c (0x00a64833) xor     a6, a2, a0
core   0: 3 0x8000617c (0x00a64833) x16 0x00200102
core   0: 0x80006180 (0x019b5533) srl     a0, s6, s9
core   0: 3 0x80006180 (0x019b5533) x10 0xe88396e1
core   0: 0x80006184 (0xd5a4ad97) auipc   s11, 0xd5a4a
core   0: 3 0x80006184 (0xd5a4ad97) x27 0x55a50184
core   0: 0x80006188 (0x42c49e17) auipc   t3, 0x42c49
core   0: 3 0x80006188 (0x42c49e17) x28 0xc2c4f188
core   0: 0x8000618c (0xe83aa193) slti    gp, s5, -381
core   0: 3 0x8000618c (0xe83aa193) x 3 0x00000000
core   0: 0x80006190 (0xbffb6f13) ori     t5, s6, -1025
core   0: 3 0x80006190 (0xbffb6f13) x30 0xffffffff
core   0: 0x80006194 (0xfe52b793) sltiu   a5, t0, -27
core   0: 3 0x80006194 (0xfe52b793) x15 0x00000001
core   0: 0x80006198 (0x0e6c0b93) addi    s7, s8, 230
core   0: 3 0x80006198 (0x0e6c0b93) x23 0x000000e7
core   0: 0x8000619c (0xa27e0797) auipc   a5, 0xa27e0
core   0: 3 0x8000619c (0xa27e0797) x15 0x227e619c
core   0: 0x800061a0 (0x003d1c33) sll     s8, s10, gp
core   0: 3 0x800061a0 (0x003d1c33) x24 0x00000273
core   0: 0x800061a4 (0x00000013) nop
core   0: 3 0x800061a4 (0x00000013)
core   0: 0x800061a8 (0x0154df13) srli    t5, s1, 21
core   0: 3 0x800061a8 (0x0154df13) x30 0x00000000
core   0: 0x800061ac (0xc02ecdb7) lui     s11, 0xc02ec
core   0: 3 0x800061ac (0xc02ecdb7) x27 0xc02ec000
core   0: 0x800061b0 (0xa305f713) andi    a4, a1, -1488
core   0: 3 0x800061b0 (0xa305f713) x14 0x00000000
core   0: 0x800061b4 (0x41e2d913) srai    s2, t0, 30
core   0: 3 0x800061b4 (0x41e2d913) x18 0x00000000
core   0: 0x800061b8 (0x01f0a2b3) slt     t0, ra, t6
core   0: 3 0x800061b8 (0x01f0a2b3) x 5 0x00000001
core   0: 0x800061bc (0x00a31eb3) sll     t4, t1, a0
core   0: 3 0x800061bc (0x00a31eb3) x29 0x00000000
core   0: 0x800061c0 (0x019d9c93) slli    s9, s11, 25
core   0: 3 0x800061c0 (0x019d9c93) x25 0x00000000
core   0: 0x800061c4 (0x00405b93) srli    s7, zero, 4
core   0: 3 0x800061c4 (0x00405b93) x23 0x00000000
core   0: 0x800061c8 (0x400c56b3) sra     a3, s8, zero
core   0: 3 0x800061c8 (0x400c56b3) x13 0x00000273
core   0: 0x800061cc (0x5ad70d13) addi    s10, a4, 1453
core   0: 3 0x800061cc (0x5ad70d13) x26 0x000005ad
core   0: 0x800061d0 (0x8c3ff997) auipc   s3, 0x8c3ff
core   0: 3 0x800061d0 (0x8c3ff997) x19 0x0c4051d0
core   0: 0x800061d4 (0xa2bb6493) ori     s1, s6, -1493
core   0: 3 0x800061d4 (0xa2bb6493) x 9 0xfffffeeb
core   0: 0x800061d8 (0x003967b3) or      a5, s2, gp
core   0: 3 0x800061d8 (0x003967b3) x15 0x00000000
core   0: 0x800061dc (0x00841f33) sll     t5, s0, s0
core   0: 3 0x800061dc (0x00841f33) x30 0x20000000
core   0: 0x800061e0 (0x41a0d993) srai    s3, ra, 26
core   0: 3 0x800061e0 (0x41a0d993) x19 0x00000000
core   0: 0x800061e4 (0x01894c33) xor     s8, s2, s8
core   0: 3 0x800061e4 (0x01894c33) x24 0x00000273
core   0: 0x800061e8 (0x40108433) sub     s0, ra, ra
core   0: 3 0x800061e8 (0x40108433) x 8 0x00000000
core   0: 0x800061ec (0x001f9e13) slli    t3, t6, 1
core   0: 3 0x800061ec (0x001f9e13) x28 0x004000ae
core   0: 0x800061f0 (0x01c81313) slli    t1, a6, 28
core   0: 3 0x800061f0 (0x01c81313) x 6 0x20000000
core   0: 0x800061f4 (0x402b0533) sub     a0, s6, sp
core   0: 3 0x800061f4 (0x402b0533) x10 0xe88396e1
core   0: 0x800061f8 (0x409fd2b3) sra     t0, t6, s1
core   0: 3 0x800061f8 (0x409fd2b3) x 5 0x00000400
core   0: 0x800061fc (0xa440e493) ori     s1, ra, -1468
core   0: 3 0x800061fc (0xa440e493) x 9 0xfffffa45
core   0: 0x80006200 (0xb6c01d17) auipc   s10, 0xb6c01
core   0: 3 0x80006200 (0xb6c01d17) x26 0x36c07200
core   0: 0x80006204 (0x00978eb3) add     t4, a5, s1
core   0: 3 0x80006204 (0x00978eb3) x29 0xfffffa45
core   0: 0x80006208 (0x34eeca93) xori    s5, t4, 846
core   0: 3 0x80006208 (0x34eeca93) x21 0xfffff90b
core   0: 0x8000620c (0x40875333) sra     t1, a4, s0
core   0: 3 0x8000620c (0x40875333) x 6 0x00000000
core   0: 0x80006210 (0x18934b93) xori    s7, t1, 393
core   0: 3 0x80006210 (0x18934b93) x23 0x00000189
core   0: 0x80006214 (0xe45b2913) slti    s2, s6, -443
core   0: 3 0x80006214 (0xe45b2913) x18 0x00000001
core   0: 0x80006218 (0x79027293) andi    t0, tp, 1936
core   0: 3 0x80006218 (0x79027293) x 5 0x00000000
core   0: 0x8000621c (0x02e46a13) ori     s4, s0, 46
core   0: 3 0x8000621c (0x02e46a13) x20 0x0000002e
core   0: 0x80006220 (0x003e0eb3) add     t4, t3, gp
core   0: 3 0x80006220 (0x003e0eb3) x29 0x004000ae
core   0: 0x80006224 (0x019bcc33) xor     s8, s7, s9
core   0: 3 0x80006224 (0x019bcc33) x24 0x00000189
core   0: 0x80006228 (0x002af6b3) and     a3, s5, sp
core   0: 3 0x80006228 (0x002af6b3) x13 0x00000000
core   0: 0x8000622c (0x01758db3) add     s11, a1, s7
core   0: 3 0x8000622c (0x01758db3) x27 0x0000018a
core   0: 0x80006230 (0x09a7a213) slti    tp, a5, 154
core   0: 3 0x80006230 (0x09a7a213) x 4 0x00000001
core   0: 0x80006234 (0xdc860e93) addi    t4, a2, -568
core   0: 3 0x80006234 (0xdc860e93) x29 0x80015601
core   0: 0x80006238 (0x41f05233) sra     tp, zero, t6
core   0: 3 0x80006238 (0x41f05233) x 4 0x00000000
core   0: 0x8000623c (0x409581b3) sub     gp, a1, s1
core   0: 3 0x8000623c (0x409581b3) x 3 0x000005bc
core   0: 0x80006240 (0xdb47b493) sltiu   s1, a5, -588
core   0: 3 0x80006240 (0xdb47b493) x 9 0x00000001
core   0: 0x80006244 (0x011e1ab3) sll     s5, t3, a7
core   0: 3 0x80006244 (0x011e1ab3) x21 0x04000ae0
core   0: 0x80006248 (0x40aa0033) sub     zero, s4, a0
core   0: 3 0x80006248 (0x40aa0033)
core   0: 0x8000624c (0x01cdf633) and     a2, s11, t3
core   0: 3 0x8000624c (0x01cdf633) x12 0x0000008a
core   0: 0x80006250 (0x8e1ea513) slti    a0, t4, -1823
core   0: 3 0x80006250 (0x8e1ea513) x10 0x00000001
core   0: 0x80006254 (0x003737b3) sltu    a5, a4, gp
core   0: 3 0x80006254 (0x003737b3) x15 0x00000001
core   0: 0x80006258 (0x0cefb613) sltiu   a2, t6, 206
core   0: 3 0x80006258 (0x0cefb613) x12 0x00000000
core   0: 0x8000625c (0x407c84b3) sub     s1, s9, t2
core   0: 3 0x8000625c (0x407c84b3) x 9 0x7ffea31c
core   0: 0x80006260 (0x014e3733) sltu    a4, t3, s4
core   0: 3 0x80006260 (0x014e3733) x14 0x00000000
core   0: 0x80006264 (0x40ec0733) sub     a4, s8, a4
core   0: 3 0x80006264 (0x40ec0733) x14 0x00000189
core   0: 0x80006268 (0x019f30b3) sltu    ra, t5, s9
core   0: 3 0x80006268 (0x019f30b3) x 1 0x00000000
core   0: 0x8000626c (0x83707713) andi    a4, zero, -1993
core   0: 3 0x8000626c (0x83707713) x14 0x00000000
core   0: 0x80006270 (0x41c4dc93) srai    s9, s1, 28
core   0: 3 0x80006270 (0x41c4dc93) x25 0x00000007
core   0: 0x80006274 (0x2e39f313) andi    t1, s3, 739
core   0: 3 0x80006274 (0x2e39f313) x 6 0x00000000
core   0: 0x80006278 (0x012e5c33) srl     s8, t3, s2
core   0: 3 0x80006278 (0x012e5c33) x24 0x00200057
core   0: 0x8000627c (0x00d6ecb3) or      s9, a3, a3
core   0: 3 0x8000627c (0x00d6ecb3) x25 0x00000000
core   0: 0x80006280 (0x0e52b793) sltiu   a5, t0, 229
core   0: 3 0x80006280 (0x0e52b793) x15 0x00000001
core   0: 0x80006284 (0x00b78fb3) add     t6, a5, a1
core   0: 3 0x80006284 (0x00b78fb3) x31 0x00000002
core   0: 0x80006288 (0x019a5933) srl     s2, s4, s9
core   0: 3 0x80006288 (0x019a5933) x18 0x0000002e
core   0: 0x8000628c (0x406387b3) sub     a5, t2, t1
core   0: 3 0x8000628c (0x406387b3) x15 0x80015ce4
core   0: 0x80006290 (0x172a6e93) ori     t4, s4, 370
core   0: 3 0x80006290 (0x172a6e93) x29 0x0000017e
core   0: 0x80006294 (0x003eba33) sltu    s4, t4, gp
core   0: 3 0x80006294 (0x003eba33) x20 0x00000001
core   0: 0x80006298 (0x00447933) and     s2, s0, tp
core   0: 3 0x80006298 (0x00447933) x18 0x00000000
core   0: 0x8000629c (0x00000013) nop
core   0: 3 0x8000629c (0x00000013)
core   0: 0x800062a0 (0xa6fd3617) auipc   a2, 0xa6fd3
core   0: 3 0x800062a0 (0xa6fd3617) x12 0x26fd92a0
core   0: 0x800062a4 (0xa300a613) slti    a2, ra, -1488
core   0: 3 0x800062a4 (0xa300a613) x12 0x00000000
core   0: 0x800062a8 (0x01e1e0b3) or      ra, gp, t5
core   0: 3 0x800062a8 (0x01e1e0b3) x 1 0x200005bc
core   0: 0x800062ac (0x01504233) xor     tp, zero, s5
core   0: 3 0x800062ac (0x01504233) x 4 0x04000ae0
core   0: 0x800062b0 (0x014d54b3) srl     s1, s10, s4
core   0: 3 0x800062b0 (0x014d54b3) x 9 0x1b603900
core   0: 0x800062b4 (0x00a76cb3) or      s9, a4, a0
core   0: 3 0x800062b4 (0x00a76cb3) x25 0x00000001
core   0: 0x800062b8 (0x40c587b3) sub     a5, a1, a2
core   0: 3 0x800062b8 (0x40c587b3) x15 0x00000001
core   0: 0x800062bc (0x00dd9d33) sll     s10, s11, a3
core   0: 3 0x800062bc (0x00dd9d33) x26 0x0000018a
core   0: 0x800062c0 (0xfe2b7513) andi    a0, s6, -30
core   0: 3 0x800062c0 (0xfe2b7513) x10 0xe88396e0
core   0: 0x800062c4 (0x2ad88113) addi    sp, a7, 685
core   0: 3 0x800062c4 (0x2ad88113) x 2 0x80012111
core   0: 0x800062c8 (0xc1c7ac93) slti    s9, a5, -996
core   0: 3 0x800062c8 (0xc1c7ac93) x25 0x00000000
core   0: 0x800062cc (0x00caf2b3) and     t0, s5, a2
core   0: 3 0x800062cc (0x00caf2b3) x 5 0x00000000
core   0: 0x800062d0 (0x31f68993) addi    s3, a3, 799
core   0: 3 0x800062d0 (0x31f68993) x19 0x0000031f
core   0: 0x800062d4 (0x01c9d1b3) srl     gp, s3, t3
core   0: 3 0x800062d4 (0x01c9d1b3) x 3 0x00000000
core   0: 0x800062d8 (0x40565533) sra     a0, a2, t0
core   0: 3 0x800062d8 (0x40565533) x10 0x00000000
core   0: 0x800062dc (0x2699b093) sltiu   ra, s3, 617
core   0: 3 0x800062dc (0x2699b093) x 1 0x00000000
core   0: 0x800062e0 (0x7b6bdf37) lui     t5, 0x7b6bd
core   0: 3 0x800062e0 (0x7b6bdf37) x30 0x7b6bd000
core   0: 0x800062e4 (0x00e36cb3) or      s9, t1, a4
core   0: 3 0x800062e4 (0x00e36cb3) x25 0x00000000
core   0: 0x800062e8 (0xba2ef313) andi    t1, t4, -1118
core   0: 3 0x800062e8 (0xba2ef313) x 6 0x00000122
core   0: 0x800062ec (0x00eff0b3) and     ra, t6, a4
core   0: 3 0x800062ec (0x00eff0b3) x 1 0x00000000
core   0: 0x800062f0 (0x001600b3) add     ra, a2, ra
core   0: 3 0x800062f0 (0x001600b3) x 1 0x00000000
core   0: 0x800062f4 (0x40c6d113) srai    sp, a3, 12
core   0: 3 0x800062f4 (0x40c6d113) x 2 0x00000000
core   0: 0x800062f8 (0x5b148693) addi    a3, s1, 1457
core   0: 3 0x800062f8 (0x5b148693) x13 0x1b603eb1
core   0: 0x800062fc (0x01b75fb3) srl     t6, a4, s11
core   0: 3 0x800062fc (0x01b75fb3) x31 0x00000000
core   0: 0x80006300 (0x001564b3) or      s1, a0, ra
core   0: 3 0x80006300 (0x001564b3) x 9 0x00000000
core   0: 0x80006304 (0x52a2a093) slti    ra, t0, 1322
core   0: 3 0x80006304 (0x52a2a093) x 1 0x00000001
core   0: 0x80006308 (0x01ce1bb3) sll     s7, t3, t3
core   0: 3 0x80006308 (0x01ce1bb3) x23 0x002b8000
core   0: 0x8000630c (0x003785b3) add     a1, a5, gp
core   0: 3 0x8000630c (0x003785b3) x11 0x00000001
core   0: 0x80006310 (0x0034d433) srl     s0, s1, gp
core   0: 3 0x80006310 (0x0034d433) x 8 0x00000000
core   0: 0x80006314 (0x01a11313) slli    t1, sp, 26
core   0: 3 0x80006314 (0x01a11313) x 6 0x00000000
core   0: 0x80006318 (0x182d3197) auipc   gp, 0x182d3
core   0: 3 0x80006318 (0x182d3197) x 3 0x982d9318
core   0: 0x8000631c (0x010baa33) slt     s4, s7, a6
core   0: 3 0x8000631c (0x010baa33) x20 0x00000000
core   0: 0x80006320 (0x01d49693) slli    a3, s1, 29
core   0: 3 0x80006320 (0x01d49693) x13 0x00000000
core   0: 0x80006324 (0x3a9e9eb7) lui     t4, 0x3a9e9
core   0: 3 0x80006324 (0x3a9e9eb7) x29 0x3a9e9000
core   0: 0x80006328 (0x1c8cbf13) sltiu   t5, s9, 456
core   0: 3 0x80006328 (0x1c8cbf13) x30 0x00000001
core   0: 0x8000632c (0x4175dbb3) sra     s7, a1, s7
core   0: 3 0x8000632c (0x4175dbb3) x23 0x00000001
core   0: 0x80006330 (0x014f5e33) srl     t3, t5, s4
core   0: 3 0x80006330 (0x014f5e33) x28 0x00000001
core   0: 0x80006334 (0x01cca4b3) slt     s1, s9, t3
core   0: 3 0x80006334 (0x01cca4b3) x 9 0x00000001
core   0: 0x80006338 (0x0081cbb3) xor     s7, gp, s0
core   0: 3 0x80006338 (0x0081cbb3) x23 0x982d9318
core   0: 0x8000633c (0x00e05db3) srl     s11, zero, a4
core   0: 3 0x8000633c (0x00e05db3) x27 0x00000000
core   0: 0x80006340 (0xc27dd797) auipc   a5, 0xc27dd
core   0: 3 0x80006340 (0xc27dd797) x15 0x427e3340
core   0: 0x80006344 (0x60f43e13) sltiu   t3, s0, 1551
core   0: 3 0x80006344 (0x60f43e13) x28 0x00000001
core   0: 0x80006348 (0x434b16b7) lui     a3, 0x434b1
core   0: 3 0x80006348 (0x434b16b7) x13 0x434b1000
core   0: 0x8000634c (0x00e55633) srl     a2, a0, a4
core   0: 3 0x8000634c (0x00e55633) x12 0x00000000
core   0: 0x80006350 (0x01e59a13) slli    s4, a1, 30
core   0: 3 0x80006350 (0x01e59a13) x20 0x40000000
core   0: 0x80006354 (0x01d23e33) sltu    t3, tp, t4
core   0: 3 0x80006354 (0x01d23e33) x28 0x00000001
core   0: 0x80006358 (0x01b69133) sll     sp, a3, s11
core   0: 3 0x80006358 (0x01b69133) x 2 0x434b1000
core   0: 0x8000635c (0x418d8ab3) sub     s5, s11, s8
core   0: 3 0x8000635c (0x418d8ab3) x21 0xffdfffa9
core   0: 0x80006360 (0x00000013) nop
core   0: 3 0x80006360 (0x00000013)
core   0: 0x80006364 (0x01a8e733) or      a4, a7, s10
core   0: 3 0x80006364 (0x01a8e733) x14 0x80011fee
core   0: 0x80006368 (0x006eb6b3) sltu    a3, t4, t1
core   0: 3 0x80006368 (0x006eb6b3) x13 0x00000000
core   0: 0x8000636c (0x001076b3) and     a3, zero, ra
core   0: 3 0x8000636c (0x001076b3) x13 0x00000000
core   0: 0x80006370 (0x65b247b7) lui     a5, 0x65b24
core   0: 3 0x80006370 (0x65b247b7) x15 0x65b24000
core   0: 0x80006374 (0xe9d78793) addi    a5, a5, -355
core   0: 3 0x80006374 (0xe9d78793) x15 0x65b23e9d
core   0: 0x80006378 (0x00000813) li      a6, 0
core   0: 3 0x80006378 (0x00000813) x16 0x00000000
core   0: 0x8000637c (0x00000613) li      a2, 0
core   0: 3 0x8000637c (0x00000613) x12 0x00000000
core   0: 0x80006380 (0x00000b93) li      s7, 0
core   0: 3 0x80006380 (0x00000b93) x23 0x00000000
core   0: 0x80006384 (0xfff00f93) li      t6, -1
core   0: 3 0x80006384 (0xfff00f93) x31 0xffffffff
core   0: 0x80006388 (0x8df7dab7) lui     s5, 0x8df7d
core   0: 3 0x80006388 (0x8df7dab7) x21 0x8df7d000
core   0: 0x8000638c (0x578a8a93) addi    s5, s5, 1400
core   0: 3 0x8000638c (0x578a8a93) x21 0x8df7d578
core   0: 0x80006390 (0xfff00693) li      a3, -1
core   0: 3 0x80006390 (0xfff00693) x13 0xffffffff
core   0: 0x80006394 (0xfff00913) li      s2, -1
core   0: 3 0x80006394 (0xfff00913) x18 0xffffffff
core   0: 0x80006398 (0x00000c93) li      s9, 0
core   0: 3 0x80006398 (0x00000c93) x25 0x00000000
core   0: 0x8000639c (0x6967f2b7) lui     t0, 0x6967f
core   0: 3 0x8000639c (0x6967f2b7) x 5 0x6967f000
core   0: 0x800063a0 (0xf1a28293) addi    t0, t0, -230
core   0: 3 0x800063a0 (0xf1a28293) x 5 0x6967ef1a
core   0: 0x800063a4 (0x2574ebb7) lui     s7, 0x2574e
core   0: 3 0x800063a4 (0x2574ebb7) x23 0x2574e000
core   0: 0x800063a8 (0x64178293) addi    t0, a5, 1601
core   0: 3 0x800063a8 (0x64178293) x 5 0x65b244de
core   0: 0x800063ac (0x00000013) nop
core   0: 3 0x800063ac (0x00000013)
core   0: 0x800063b0 (0x96990f93) addi    t6, s2, -1687
core   0: 3 0x800063b0 (0x96990f93) x31 0xfffff968
core   0: 0x800063b4 (0x00000013) nop
core   0: 3 0x800063b4 (0x00000013)
core   0: 0x800063b8 (0x01768613) addi    a2, a3, 23
core   0: 3 0x800063b8 (0x01768613) x12 0x00000016
core   0: 0x800063bc (0x00d602b3) add     t0, a2, a3
core   0: 3 0x800063bc (0x00d602b3) x 5 0x00000015
core   0: 0x800063c0 (0x019c8bb3) add     s7, s9, s9
core   0: 3 0x800063c0 (0x019c8bb3) x23 0x00000000
core   0: 0x800063c4 (0x00f60cb3) add     s9, a2, a5
core   0: 3 0x800063c4 (0x00f60cb3) x25 0x65b23eb3
core   0: 0x800063c8 (0x608a87b7) lui     a5, 0x608a8
core   0: 3 0x800063c8 (0x608a87b7) x15 0x608a8000
core   0: 0x800063cc (0x00000013) nop
core   0: 3 0x800063cc (0x00000013)
core   0: 0x800063d0 (0x00000013) nop
core   0: 3 0x800063d0 (0x00000013)
core   0: 0x800063d4 (0x01f78cb3) add     s9, a5, t6
core   0: 3 0x800063d4 (0x01f78cb3) x25 0x608a7968
core   0: 0x800063d8 (0x8fca1297) auipc   t0, 0x8fca1
core   0: 3 0x800063d8 (0x8fca1297) x 5 0x0fca73d8
core   0: 0x800063dc (0x00887837) lui     a6, 0x887
core   0: 3 0x800063dc (0x00887837) x16 0x00887000
core   0: 0x800063e0 (0x01560933) add     s2, a2, s5
core   0: 3 0x800063e0 (0x01560933) x18 0x8df7d58e
core   0: 0x800063e4 (0xb57b9617) auipc   a2, 0xb57b9
core   0: 3 0x800063e4 (0xb57b9617) x12 0x357bf3e4
core   0: 0x800063e8 (0x01228ab3) add     s5, t0, s2
core   0: 3 0x800063e8 (0x01228ab3) x21 0x9dc24966
core   0: 0x800063ec (0x00000013) nop
core   0: 3 0x800063ec (0x00000013)
core   0: 0x800063f0 (0x1f1c3c93) sltiu   s9, s8, 497
core   0: 3 0x800063f0 (0x1f1c3c93) x25 0x00000000
core   0: 0x800063f4 (0x07e3ff97) auipc   t6, 0x7e3f
core   0: 3 0x800063f4 (0x07e3ff97) x31 0x87e453f4
core   0: 0x800063f8 (0x41240fb3) sub     t6, s0, s2
core   0: 3 0x800063f8 (0x41240fb3) x31 0x72082a72
core   0: 0x800063fc (0x4064d793) srai    a5, s1, 6
core   0: 3 0x800063fc (0x4064d793) x15 0x00000000
core   0: 0x80006400 (0x24ac3d93) sltiu   s11, s8, 586
core   0: 3 0x80006400 (0x24ac3d93) x27 0x00000000
core   0: 0x80006404 (0xc39b9cb7) lui     s9, 0xc39b9
core   0: 3 0x80006404 (0xc39b9cb7) x25 0xc39b9000
core   0: 0x80006408 (0x013cee33) or      t3, s9, s3
core   0: 3 0x80006408 (0x013cee33) x28 0xc39b931f
core   0: 0x8000640c (0x71623293) sltiu   t0, tp, 1814
core   0: 3 0x8000640c (0x71623293) x 5 0x00000000
core   0: 0x80006410 (0x0006e533) or      a0, a3, zero
core   0: 3 0x80006410 (0x0006e533) x10 0xffffffff
core   0: 0x80006414 (0xbbecf813) andi    a6, s9, -1090
core   0: 3 0x80006414 (0xbbecf813) x16 0xc39b9000
core   0: 0x80006418 (0x00b76a33) or      s4, a4, a1
core   0: 3 0x80006418 (0x00b76a33) x20 0x80011fef
core   0: 0x8000641c (0x88b67913) andi    s2, a2, -1909
core   0: 3 0x8000641c (0x88b67913) x18 0x357bf080
core   0: 0x80006420 (0xedd07c93) andi    s9, zero, -291
core   0: 3 0x80006420 (0xedd07c93) x25 0x00000000
core   0: 0x80006424 (0x8a957137) lui     sp, 0x8a957
core   0: 3 0x80006424 (0x8a957137) x 2 0x8a957000
core   0: 0x80006428 (0x00d26733) or      a4, tp, a3
core   0: 3 0x80006428 (0x00d26733) x14 0xffffffff
core   0: 0x8000642c (0x01475f13) srli    t5, a4, 20
core   0: 3 0x8000642c (0x01475f13) x30 0x00000fff
core   0: 0x80006430 (0x414280b3) sub     ra, t0, s4
core   0: 3 0x80006430 (0x414280b3) x 1 0x7ffee011
core   0: 0x80006434 (0x00bce533) or      a0, s9, a1
core   0: 3 0x80006434 (0x00bce533) x10 0x00000001
core   0: 0x80006438 (0x00000013) nop
core   0: 3 0x80006438 (0x00000013)
core   0: 0x8000643c (0x01b6cf33) xor     t5, a3, s11
core   0: 3 0x8000643c (0x01b6cf33) x30 0xffffffff
core   0: 0x80006440 (0x1ff14f13) xori    t5, sp, 511
core   0: 3 0x80006440 (0x1ff14f13) x30 0x8a9571ff
core   0: 0x80006444 (0x01c09db3) sll     s11, ra, t3
core   0: 3 0x80006444 (0x01c09db3) x27 0x80000000
core   0: 0x80006448 (0x5b2a2293) slti    t0, s4, 1458
core   0: 3 0x80006448 (0x5b2a2293) x 5 0x00000001
core   0: 0x8000644c (0x014829b3) slt     s3, a6, s4
core   0: 3 0x8000644c (0x014829b3) x19 0x00000000
core   0: 0x80006450 (0x0048f033) and     zero, a7, tp
core   0: 3 0x80006450 (0x0048f033)
core   0: 0x80006454 (0x40ac5693) srai    a3, s8, 10
core   0: 3 0x80006454 (0x40ac5693) x13 0x00000800
core   0: 0x80006458 (0x01895f33) srl     t5, s2, s8
core   0: 3 0x80006458 (0x01895f33) x30 0x0000006a
core   0: 0x8000645c (0x00db9913) slli    s2, s7, 13
core   0: 3 0x8000645c (0x00db9913) x18 0x00000000
core   0: 0x80006460 (0x695f7513) andi    a0, t5, 1685
core   0: 3 0x80006460 (0x695f7513) x10 0x00000000
core   0: 0x80006464 (0x019cdc13) srli    s8, s9, 25
core   0: 3 0x80006464 (0x019cdc13) x24 0x00000000
core   0: 0x80006468 (0x00c0abb3) slt     s7, ra, a2
core   0: 3 0x80006468 (0x00c0abb3) x23 0x00000000
core   0: 0x8000646c (0x00000b93) li      s7, 0
core   0: 3 0x8000646c (0x00000b93) x23 0x00000000
core   0: 0x80006470 (0x80000e37) lui     t3, 0x80000
core   0: 3 0x80006470 (0x80000e37) x28 0x80000000
core   0: 0x80006474 (0x80000c37) lui     s8, 0x80000
core   0: 3 0x80006474 (0x80000c37) x24 0x80000000
core   0: 0x80006478 (0xfff00213) li      tp, -1
core   0: 3 0x80006478 (0xfff00213) x 4 0xffffffff
core   0: 0x8000647c (0x5e432437) lui     s0, 0x5e432
core   0: 3 0x8000647c (0x5e432437) x 8 0x5e432000
core   0: 0x80006480 (0xbc440413) addi    s0, s0, -1084
core   0: 3 0x80006480 (0xbc440413) x 8 0x5e431bc4
core   0: 0x80006484 (0x3f5597b7) lui     a5, 0x3f559
core   0: 3 0x80006484 (0x3f5597b7) x15 0x3f559000
core   0: 0x80006488 (0x36078793) addi    a5, a5, 864
core   0: 3 0x80006488 (0x36078793) x15 0x3f559360
core   0: 0x8000648c (0xfff00093) li      ra, -1
core   0: 3 0x8000648c (0xfff00093) x 1 0xffffffff
core   0: 0x80006490 (0xfff00513) li      a0, -1
core   0: 3 0x80006490 (0xfff00513) x10 0xffffffff
core   0: 0x80006494 (0xfff00193) li      gp, -1
core   0: 3 0x80006494 (0xfff00193) x 3 0xffffffff
core   0: 0x80006498 (0x00000713) li      a4, 0
core   0: 3 0x80006498 (0x00000713) x14 0x00000000
core   0: 0x8000649c (0x00820233) add     tp, tp, s0
core   0: 3 0x8000649c (0x00820233) x 4 0x5e431bc3
core   0: 0x800064a0 (0x00a20533) add     a0, tp, a0
core   0: 3 0x800064a0 (0x00a20533) x10 0x5e431bc2
core   0: 0x800064a4 (0x417b80b3) sub     ra, s7, s7
core   0: 3 0x800064a4 (0x417b80b3) x 1 0x00000000
core   0: 0x800064a8 (0x40450bb3) sub     s7, a0, tp
core   0: 3 0x800064a8 (0x40450bb3) x23 0xffffffff
core   0: 0x800064ac (0xd5885797) auipc   a5, 0xd5885
core   0: 3 0x800064ac (0xd5885797) x15 0x5588b4ac
core   0: 0x800064b0 (0x401200b3) sub     ra, tp, ra
core   0: 3 0x800064b0 (0x401200b3) x 1 0x5e431bc3
core   0: 0x800064b4 (0x8010e217) auipc   tp, 0x8010e
core   0: 3 0x800064b4 (0x8010e217) x 4 0x001144b4
core   0: 0x800064b8 (0x00870733) add     a4, a4, s0
core   0: 3 0x800064b8 (0x00870733) x14 0x5e431bc4
core   0: 0x800064bc (0x7666d1b7) lui     gp, 0x7666d
core   0: 3 0x800064bc (0x7666d1b7) x 3 0x7666d000
core   0: 0x800064c0 (0xe7a997b7) lui     a5, 0xe7a99
core   0: 3 0x800064c0 (0xe7a997b7) x15 0xe7a99000
core   0: 0x800064c4 (0x30245c37) lui     s8, 0x30245
core   0: 3 0x800064c4 (0x30245c37) x24 0x30245000
core   0: 0x800064c8 (0x00000013) nop
core   0: 3 0x800064c8 (0x00000013)
core   0: 0x800064cc (0x00000013) nop
core   0: 3 0x800064cc (0x00000013)
core   0: 0x800064d0 (0x19318213) addi    tp, gp, 403
core   0: 3 0x800064d0 (0x19318213) x 4 0x7666d193
core   0: 0x800064d4 (0x00000013) nop
core   0: 3 0x800064d4 (0x00000013)
core   0: 0x800064d8 (0x418c0c33) sub     s8, s8, s8
core   0: 3 0x800064d8 (0x418c0c33) x24 0x00000000
core   0: 0x800064dc (0x00a78c33) add     s8, a5, a0
core   0: 3 0x800064dc (0x00a78c33) x24 0x45ecabc2
core   0: 0x800064e0 (0x00000013) nop
core   0: 3 0x800064e0 (0x00000013)
core   0: 0x800064e4 (0x64446e17) auipc   t3, 0x64446
core   0: 3 0x800064e4 (0x64446e17) x28 0xe444c4e4
core   0: 0x800064e8 (0xa5294217) auipc   tp, 0xa5294
core   0: 3 0x800064e8 (0xa5294217) x 4 0x2529a4e8
core   0: 0x800064ec (0x00ac0533) add     a0, s8, a0
core   0: 3 0x800064ec (0x00ac0533) x10 0xa42fc784
core   0: 0x800064f0 (0x77ab8bb7) lui     s7, 0x77ab8
core   0: 3 0x800064f0 (0x77ab8bb7) x23 0x77ab8000
core   0: 0x800064f4 (0x418c0093) addi    ra, s8, 1048
core   0: 3 0x800064f4 (0x418c0093) x 1 0x45ecafda
core   0: 0x800064f8 (0x6f408193) addi    gp, ra, 1780
core   0: 3 0x800064f8 (0x6f408193) x 3 0x45ecb6ce
core   0: 0x800064fc (0x36e20413) addi    s0, tp, 878
core   0: 3 0x800064fc (0x36e20413) x 8 0x2529a856
core   0: 0x80006500 (0xd0a20793) addi    a5, tp, -758
core   0: 3 0x80006500 (0xd0a20793) x15 0x2529a1f2
core   0: 0x80006504 (0x00000013) nop
core   0: 3 0x80006504 (0x00000013)
core   0: 0x80006508 (0x017c07b3) add     a5, s8, s7
core   0: 3 0x80006508 (0x017c07b3) x15 0xbd982bc2
core   0: 0x8000650c (0x8c88be17) auipc   t3, 0x8c88b
core   0: 3 0x8000650c (0x8c88be17) x28 0x0c89150c
core   0: 0x80006510 (0x009a5f13) srli    t5, s4, 9
core   0: 3 0x80006510 (0x009a5f13) x30 0x0040008f
core   0: 0x80006514 (0x21771537) lui     a0, 0x21771
core   0: 3 0x80006514 (0x21771537) x10 0x21771000
core   0: 0x80006518 (0x6154e193) ori     gp, s1, 1557
core   0: 3 0x80006518 (0x6154e193) x 3 0x00000615
core   0: 0x8000651c (0x5c5c3bb7) lui     s7, 0x5c5c3
core   0: 3 0x8000651c (0x5c5c3bb7) x23 0x5c5c3000
core   0: 0x80006520 (0x010389b3) add     s3, t2, a6
core   0: 3 0x80006520 (0x010389b3) x19 0x439cece4
core   0: 0x80006524 (0x00acf9b3) and     s3, s9, a0
core   0: 3 0x80006524 (0x00acf9b3) x19 0x00000000
core   0: 0x80006528 (0x007de333) or      t1, s11, t2
core   0: 3 0x80006528 (0x007de333) x 6 0x80015ce4
core   0: 0x8000652c (0xac680793) addi    a5, a6, -1338
core   0: 3 0x8000652c (0xac680793) x15 0xc39b8ac6
core   0: 0x80006530 (0x41888bb3) sub     s7, a7, s8
core   0: 3 0x80006530 (0x41888bb3) x23 0x3a1472a2
core   0: 0x80006534 (0x404e8cb3) sub     s9, t4, tp
core   0: 3 0x80006534 (0x404e8cb3) x25 0x1574eb18
core   0: 0x80006538 (0x00f93eb3) sltu    t4, s2, a5
core   0: 3 0x80006538 (0x00f93eb3) x29 0x00000001
core   0: 0x8000653c (0xaeceb993) sltiu   s3, t4, -1300
core   0: 3 0x8000653c (0xaeceb993) x19 0x00000001
core   0: 0x80006540 (0x017d27b3) slt     a5, s10, s7
core   0: 3 0x80006540 (0x017d27b3) x15 0x00000001
core   0: 0x80006544 (0x62704a13) xori    s4, zero, 1575
core   0: 3 0x80006544 (0x62704a13) x20 0x00000627
core   0: 0x80006548 (0x8825a613) slti    a2, a1, -1918
core   0: 3 0x80006548 (0x8825a613) x12 0x00000000
core   0: 0x8000654c (0x01a71513) slli    a0, a4, 26
core   0: 3 0x8000654c (0x01a71513) x10 0x10000000
core   0: 0x80006550 (0x107cb493) sltiu   s1, s9, 263
core   0: 3 0x80006550 (0x107cb493) x 9 0x00000000
core   0: 0x80006554 (0x3189b793) sltiu   a5, s3, 792
core   0: 3 0x80006554 (0x3189b793) x15 0x00000001
core   0: 0x80006558 (0x004315b3) sll     a1, t1, tp
core   0: 3 0x80006558 (0x004315b3) x11 0x015ce400
core   0: 0x8000655c (0x41ed05b3) sub     a1, s10, t5
core   0: 3 0x8000655c (0x41ed05b3) x11 0xffc000fb
core   0: 0x80006560 (0x9ac27013) andi    zero, tp, -1620
core   0: 3 0x80006560 (0x9ac27013)
core   0: 0x80006564 (0x00c93db3) sltu    s11, s2, a2
core   0: 3 0x80006564 (0x00c93db3) x27 0x00000000
core   0: 0x80006568 (0x35d4ed97) auipc   s11, 0x35d4e
core   0: 3 0x80006568 (0x35d4ed97) x27 0xb5d54568
core   0: 0x8000656c (0xbdfbf993) andi    s3, s7, -1057
core   0: 3 0x8000656c (0xbdfbf993) x19 0x3a147282
core   0: 0x80006570 (0xeeb57e13) andi    t3, a0, -277
core   0: 3 0x80006570 (0xeeb57e13) x28 0x10000000
core   0: 0x80006574 (0x53940d93) addi    s11, s0, 1337
core   0: 3 0x80006574 (0x53940d93) x27 0x2529ad8f
core   0: 0x80006578 (0x4164d013) srai    zero, s1, 22
core   0: 3 0x80006578 (0x4164d013)
core   0: 0x8000657c (0x01269313) slli    t1, a3, 18
core   0: 3 0x8000657c (0x01269313) x 6 0x20000000
core   0: 0x80006580 (0xc3bc7317) auipc   t1, 0xc3bc7
core   0: 3 0x80006580 (0xc3bc7317) x 6 0x43bcd580
core   0: 0x80006584 (0x3b416e13) ori     t3, sp, 948
core   0: 3 0x80006584 (0x3b416e13) x28 0x8a9573b4
core   0: 0x80006588 (0x7a80be13) sltiu   t3, ra, 1960
core   0: 3 0x80006588 (0x7a80be13) x28 0x00000000
core   0: 0x8000658c (0x00a43bb3) sltu    s7, s0, a0
core   0: 3 0x8000658c (0x00a43bb3) x23 0x00000000
core   0: 0x80006590 (0x41290633) sub     a2, s2, s2
core   0: 3 0x80006590 (0x41290633) x12 0x00000000
core   0: 0x80006594 (0xed6dee13) ori     t3, s11, -298
core   0: 3 0x80006594 (0xed6dee13) x28 0xffffffdf
core   0: 0x80006598 (0x005066b3) or      a3, zero, t0
core   0: 3 0x80006598 (0x005066b3) x13 0x00000001
core   0: 0x8000659c (0x009e2933) slt     s2, t3, s1
core   0: 3 0x8000659c (0x009e2933) x18 0x00000001
core   0: 0x800065a0 (0x122df513) andi    a0, s11, 290
core   0: 3 0x800065a0 (0x122df513) x10 0x00000102
core   0: 0x800065a4 (0x00312633) slt     a2, sp, gp
core   0: 3 0x800065a4 (0x00312633) x12 0x00000001
core   0: 0x800065a8 (0xe7a92a93) slti    s5, s2, -390
core   0: 3 0x800065a8 (0xe7a92a93) x21 0x00000000
core   0: 0x800065ac (0x01f9dc33) srl     s8, s3, t6
core   0: 3 0x800065ac (0x01f9dc33) x24 0x00000e85
core   0: 0x800065b0 (0x012d7533) and     a0, s10, s2
core   0: 3 0x800065b0 (0x012d7533) x10 0x00000000
core   0: 0x800065b4 (0x01335a93) srli    s5, t1, 19
core   0: 3 0x800065b4 (0x01335a93) x21 0x00000877
core   0: 0x800065b8 (0x00c1a5b3) slt     a1, gp, a2
core   0: 3 0x800065b8 (0x00c1a5b3) x11 0x00000000
core   0: 0x800065bc (0x00613c33) sltu    s8, sp, t1
core   0: 3 0x800065bc (0x00613c33) x24 0x00000000
core   0: 0x800065c0 (0xf2182eb7) lui     t4, 0xf2182
core   0: 3 0x800065c0 (0xf2182eb7) x29 0xf2182000
core   0: 0x800065c4 (0x00088d33) add     s10, a7, zero
core   0: 3 0x800065c4 (0x00088d33) x26 0x80011e64
core   0: 0x800065c8 (0x005fbfb3) sltu    t6, t6, t0
core   0: 3 0x800065c8 (0x005fbfb3) x31 0x00000000
core   0: 0x800065cc (0xe3177c93) andi    s9, a4, -463
core   0: 3 0x800065cc (0xe3177c93) x25 0x5e431a00
core   0: 0x800065d0 (0x01aac1b3) xor     gp, s5, s10
core   0: 3 0x800065d0 (0x01aac1b3) x 3 0x80011613
core   0: 0x800065d4 (0xda103817) auipc   a6, 0xda103
core   0: 3 0x800065d4 (0xda103817) x16 0x5a1095d4
core   0: 0x800065d8 (0x002f26b3) slt     a3, t5, sp
core   0: 3 0x800065d8 (0x002f26b3) x13 0x00000000
core   0: 0x800065dc (0x014e3db3) sltu    s11, t3, s4
core   0: 3 0x800065dc (0x014e3db3) x27 0x00000000
core   0: 0x800065e0 (0x2dc6c997) auipc   s3, 0x2dc6c
core   0: 3 0x800065e0 (0x2dc6c997) x19 0xadc725e0
core   0: 0x800065e4 (0xf1da2813) slti    a6, s4, -227
core   0: 3 0x800065e4 (0xf1da2813) x16 0x00000000
core   0: 0x800065e8 (0x01ffef33) or      t5, t6, t6
core   0: 3 0x800065e8 (0x01ffef33) x30 0x00000000
core   0: 0x800065ec (0x417cdbb3) sra     s7, s9, s7
core   0: 3 0x800065ec (0x417cdbb3) x23 0x5e431a00
core   0: 0x800065f0 (0x01f8beb3) sltu    t4, a7, t6
core   0: 3 0x800065f0 (0x01f8beb3) x29 0x00000000
core   0: 0x800065f4 (0x01cc1f33) sll     t5, s8, t3
core   0: 3 0x800065f4 (0x01cc1f33) x30 0x00000000
core   0: 0x800065f8 (0x4c077c13) andi    s8, a4, 1216
core   0: 3 0x800065f8 (0x4c077c13) x24 0x000000c0
core   0: 0x800065fc (0x003b7633) and     a2, s6, gp
core   0: 3 0x800065fc (0x003b7633) x12 0x80011601
core   0: 0x80006600 (0x35122993) slti    s3, tp, 849
core   0: 3 0x80006600 (0x35122993) x19 0x00000000
core   0: 0x80006604 (0x00a232b3) sltu    t0, tp, a0
core   0: 3 0x80006604 (0x00a232b3) x 5 0x00000000
core   0: 0x80006608 (0x00000013) nop
core   0: 3 0x80006608 (0x00000013)
core   0: 0x8000660c (0x0101deb3) srl     t4, gp, a6
core   0: 3 0x8000660c (0x0101deb3) x29 0x80011613
core   0: 0x80006610 (0x4083d293) srai    t0, t2, 8
core   0: 3 0x80006610 (0x4083d293) x 5 0xff80015c
core   0: 0x80006614 (0xec3bd917) auipc   s2, 0xec3bd
core   0: 3 0x80006614 (0xec3bd917) x18 0x6c3c3614
core   0: 0x80006618 (0x00000013) nop
core   0: 3 0x80006618 (0x00000013)
core   0: 0x8000661c (0x0185fbb3) and     s7, a1, s8
core   0: 3 0x8000661c (0x0185fbb3) x23 0x00000000
core   0: 0x80006620 (0x95267413) andi    s0, a2, -1710
core   0: 3 0x80006620 (0x95267413) x 8 0x80011000
core   0: 0x80006624 (0x005b1493) slli    s1, s6, 5
core   0: 3 0x80006624 (0x005b1493) x 9 0x1072dc20
core   0: 0x80006628 (0x4034de93) srai    t4, s1, 3
core   0: 3 0x80006628 (0x4034de93) x29 0x020e5b84
core   0: 0x8000662c (0x00165813) srli    a6, a2, 1
core   0: 3 0x8000662c (0x00165813) x16 0x40008b00
core   0: 0x80006630 (0x017ae1b3) or      gp, s5, s7
core   0: 3 0x80006630 (0x017ae1b3) x 3 0x00000877
core   0: 0x80006634 (0x0133bfb3) sltu    t6, t2, s3
core   0: 3 0x80006634 (0x0133bfb3) x31 0x00000000
core   0: 0x80006638 (0x4026d1b3) sra     gp, a3, sp
core   0: 3 0x80006638 (0x4026d1b3) x 3 0x00000000
core   0: 0x8000663c (0x00000013) nop
core   0: 3 0x8000663c (0x00000013)
core   0: 0x80006640 (0x93f50ab7) lui     s5, 0x93f50
core   0: 3 0x80006640 (0x93f50ab7) x21 0x93f50000
core   0: 0x80006644 (0x41455633) sra     a2, a0, s4
core   0: 3 0x80006644 (0x41455633) x12 0x00000000
core   0: 0x80006648 (0x8776c793) xori    a5, a3, -1929
core   0: 3 0x80006648 (0x8776c793) x15 0xfffff877
core   0: 0x8000664c (0x40b281b3) sub     gp, t0, a1
core   0: 3 0x8000664c (0x40b281b3) x 3 0xff80015c
core   0: 0x80006650 (0x67315197) auipc   gp, 0x67315
core   0: 3 0x80006650 (0x67315197) x 3 0xe731b650
core   0: 0x80006654 (0x00eebab3) sltu    s5, t4, a4
core   0: 3 0x80006654 (0x00eebab3) x21 0x00000001
core   0: 0x80006658 (0x01506133) or      sp, zero, s5
core   0: 3 0x80006658 (0x01506133) x 2 0x00000001
core   0: 0x8000665c (0x00000013) nop
core   0: 3 0x8000665c (0x00000013)
core   0: 0x80006660 (0x416f54b3) sra     s1, t5, s6
core   0: 3 0x80006660 (0x416f54b3) x 9 0x00000000
core   0: 0x80006664 (0x01a72733) slt     a4, a4, s10
core   0: 3 0x80006664 (0x01a72733) x14 0x00000000
core   0: 0x80006668 (0x3b482913) slti    s2, a6, 948
core   0: 3 0x80006668 (0x3b482913) x18 0x00000000
core   0: 0x8000666c (0x01fdd933) srl     s2, s11, t6
core   0: 3 0x8000666c (0x01fdd933) x18 0x00000000
core   0: 0x80006670 (0x6c22e613) ori     a2, t0, 1730
core   0: 3 0x80006670 (0x6c22e613) x12 0xff8007de
core   0: 0x80006674 (0x38499e97) auipc   t4, 0x38499
core   0: 3 0x80006674 (0x38499e97) x29 0xb849f674
core   0: 0x80006678 (0x00000013) nop
core   0: 3 0x80006678 (0x00000013)
core   0: 0x8000667c (0x00690133) add     sp, s2, t1
core   0: 3 0x8000667c (0x00690133) x 2 0x43bcd580
core   0: 0x80006680 (0x01c539b3) sltu    s3, a0, t3
core   0: 3 0x80006680 (0x01c539b3) x19 0x00000001
core   0: 0x80006684 (0x01b51cb3) sll     s9, a0, s11
core   0: 3 0x80006684 (0x01b51cb3) x25 0x00000000
core   0: 0x80006688 (0x01981293) slli    t0, a6, 25
core   0: 3 0x80006688 (0x01981293) x 5 0x00000000
core   0: 0x8000668c (0xf6c30513) addi    a0, t1, -148
core   0: 3 0x8000668c (0xf6c30513) x10 0x43bcd4ec
core   0: 0x80006690 (0x0027ff33) and     t5, a5, sp
core   0: 3 0x80006690 (0x0027ff33) x30 0x43bcd000
core   0: 0x80006694 (0x00000013) nop
core   0: 3 0x80006694 (0x00000013)
core   0: 0x80006698 (0x00da1313) slli    t1, s4, 13
core   0: 3 0x80006698 (0x00da1313) x 6 0x00c4e000
core   0: 0x8000669c (0x01b47533) and     a0, s0, s11
core   0: 3 0x8000669c (0x01b47533) x10 0x00000000
core   0: 0x800066a0 (0x01e8a7b3) slt     a5, a7, t5
core   0: 3 0x800066a0 (0x01e8a7b3) x15 0x00000001
core   0: 0x800066a4 (0x06d1ed93) ori     s11, gp, 109
core   0: 3 0x800066a4 (0x06d1ed93) x27 0xe731b67d
core   0: 0x800066a8 (0x00000013) nop
core   0: 3 0x800066a8 (0x00000013)
core   0: 0x800066ac (0x004c7fb3) and     t6, s8, tp
core   0: 3 0x800066ac (0x004c7fb3) x31 0x000000c0
core   0: 0x800066b0 (0x40d004b3) sub     s1, zero, a3
core   0: 3 0x800066b0 (0x40d004b3) x 9 0x00000000
core   0: 0x800066b4 (0x00000013) nop
core   0: 3 0x800066b4 (0x00000013)
core   0: 0x800066b8 (0x41b95033) sra     zero, s2, s11
core   0: 3 0x800066b8 (0x41b95033)
core   0: 0x800066bc (0xe6ca4137) lui     sp, 0xe6ca4
core   0: 3 0x800066bc (0xe6ca4137) x 2 0xe6ca4000
core   0: 0x800066c0 (0x006deeb3) or      t4, s11, t1
core   0: 3 0x800066c0 (0x006deeb3) x29 0xe7f5f67d
core   0: 0x800066c4 (0xc7b38737) lui     a4, 0xc7b38
core   0: 3 0x800066c4 (0xc7b38737) x14 0xc7b38000
core   0: 0x800066c8 (0x40140933) sub     s2, s0, ra
core   0: 3 0x800066c8 (0x40140933) x18 0x3a146026
core   0: 0x800066cc (0x0141a1b3) slt     gp, gp, s4
core   0: 3 0x800066cc (0x0141a1b3) x 3 0x00000001
core   0: 0x800066d0 (0x01389033) sll     zero, a7, s3
core   0: 3 0x800066d0 (0x01389033)
core   0: 0x800066d4 (0x0117da33) srl     s4, a5, a7
core   0: 3 0x800066d4 (0x0117da33) x20 0x00000000
core   0: 0x800066d8 (0x00df0cb3) add     s9, t5, a3
core   0: 3 0x800066d8 (0x00df0cb3) x25 0x43bcd000
core   0: 0x800066dc (0x009ddc93) srli    s9, s11, 9
core   0: 3 0x800066dc (0x009ddc93) x25 0x007398db
core   0: 0x800066e0 (0x41890433) sub     s0, s2, s8
core   0: 3 0x800066e0 (0x41890433) x 8 0x3a145f66
core   0: 0x800066e4 (0x00392f33) slt     t5, s2, gp
core   0: 3 0x800066e4 (0x00392f33) x30 0x00000000
core   0: 0x800066e8 (0x6a68c993) xori    s3, a7, 1702
core   0: 3 0x800066e8 (0x6a68c993) x19 0x800118c2
core   0: 0x800066ec (0x00532133) slt     sp, t1, t0
core   0: 3 0x800066ec (0x00532133) x 2 0x00000000
core   0: 0x800066f0 (0x018e0a33) add     s4, t3, s8
core   0: 3 0x800066f0 (0x018e0a33) x20 0x0000009f
core   0: 0x800066f4 (0x01211313) slli    t1, sp, 18
core   0: 3 0x800066f4 (0x01211313) x 6 0x00000000
core   0: 0x800066f8 (0x01e51933) sll     s2, a0, t5
core   0: 3 0x800066f8 (0x01e51933) x18 0x00000000
core   0: 0x800066fc (0x0753b913) sltiu   s2, t2, 117
core   0: 3 0x800066fc (0x0753b913) x18 0x00000000
core   0: 0x80006700 (0x41ce0ab3) sub     s5, t3, t3
core   0: 3 0x80006700 (0x41ce0ab3) x21 0x00000000
core   0: 0x80006704 (0x0075e4b3) or      s1, a1, t2
core   0: 3 0x80006704 (0x0075e4b3) x 9 0x80015ce4
core   0: 0x80006708 (0x41ae87b3) sub     a5, t4, s10
core   0: 3 0x80006708 (0x41ae87b3) x15 0x67f4d819
core   0: 0x8000670c (0x00ef6e33) or      t3, t5, a4
core   0: 3 0x8000670c (0x00ef6e33) x28 0xc7b38000
core   0: 0x80006710 (0x01432233) slt     tp, t1, s4
core   0: 3 0x80006710 (0x01432233) x 4 0x00000001
core   0: 0x80006714 (0x3586fc93) andi    s9, a3, 856
core   0: 3 0x80006714 (0x3586fc93) x25 0x00000000
core   0: 0x80006718 (0x00e989b3) add     s3, s3, a4
core   0: 3 0x80006718 (0x00e989b3) x19 0x47b498c2
core   0: 0x8000671c (0x00687e93) andi    t4, a6, 6
core   0: 3 0x8000671c (0x00687e93) x29 0x00000000
core   0: 0x80006720 (0xc0843013) sltiu   zero, s0, -1016
core   0: 3 0x80006720 (0xc0843013)
core   0: 0x80006724 (0x00e83333) sltu    t1, a6, a4
core   0: 3 0x80006724 (0x00e83333) x 6 0x00000001
core   0: 0x80006728 (0x2865aa97) auipc   s5, 0x2865a
core   0: 3 0x80006728 (0x2865aa97) x21 0xa8660728
core   0: 0x8000672c (0x0093b7b3) sltu    a5, t2, s1
core   0: 3 0x8000672c (0x0093b7b3) x15 0x00000000
core   0: 0x80006730 (0x01a5d793) srli    a5, a1, 26
core   0: 3 0x80006730 (0x01a5d793) x15 0x00000000
core   0: 0x80006734 (0x41c0d5b3) sra     a1, ra, t3
core   0: 3 0x80006734 (0x41c0d5b3) x11 0x45ecafda
core   0: 0x80006738 (0x01341013) slli    zero, s0, 19
core   0: 3 0x80006738 (0x01341013)
core   0: 0x8000673c (0x40085f93) srai    t6, a6, 0
core   0: 3 0x8000673c (0x40085f93) x31 0x40008b00
core   0: 0x80006740 (0x01c4f933) and     s2, s1, t3
core   0: 3 0x80006740 (0x01c4f933) x18 0x80010000
core   0: 0x80006744 (0x01d59093) slli    ra, a1, 29
core   0: 3 0x80006744 (0x01d59093) x 1 0x40000000
core   0: 0x80006748 (0x40020633) sub     a2, tp, zero
core   0: 3 0x80006748 (0x40020633) x12 0x00000001
core   0: 0x8000674c (0x00000013) nop
core   0: 3 0x8000674c (0x00000013)
core   0: 0x80006750 (0x00c7da93) srli    s5, a5, 12
core   0: 3 0x80006750 (0x00c7da93) x21 0x00000000
core   0: 0x80006754 (0x01e09693) slli    a3, ra, 30
core   0: 3 0x80006754 (0x01e09693) x13 0x00000000
core   0: 0x80006758 (0x0044df93) srli    t6, s1, 4
core   0: 3 0x80006758 (0x0044df93) x31 0x080015ce
core   0: 0x8000675c (0x68f34337) lui     t1, 0x68f34
core   0: 3 0x8000675c (0x68f34337) x 6 0x68f34000
core   0: 0x80006760 (0x4172d193) srai    gp, t0, 23
core   0: 3 0x80006760 (0x4172d193) x 3 0x00000000
core   0: 0x80006764 (0x00cbdcb3) srl     s9, s7, a2
core   0: 3 0x80006764 (0x00cbdcb3) x25 0x00000000
core   0: 0x80006768 (0x00a617b3) sll     a5, a2, a0
core   0: 3 0x80006768 (0x00a617b3) x15 0x00000001
core   0: 0x8000676c (0x0083e1b3) or      gp, t2, s0
core   0: 3 0x8000676c (0x0083e1b3) x 3 0xba155fe6
core   0: 0x80006770 (0x407cd133) sra     sp, s9, t2
core   0: 3 0x80006770 (0x407cd133) x 2 0x00000000
core   0: 0x80006774 (0x400e0a33) sub     s4, t3, zero
core   0: 3 0x80006774 (0x400e0a33) x20 0xc7b38000
core   0: 0x80006778 (0x001b4cb3) xor     s9, s6, ra
core   0: 3 0x80006778 (0x001b4cb3) x25 0xa88396e1
core   0: 0x8000677c (0x62cb0d17) auipc   s10, 0x62cb0
core   0: 3 0x8000677c (0x62cb0d17) x26 0xe2cb677c
core   0: 0x80006780 (0x121e0293) addi    t0, t3, 289
core   0: 3 0x80006780 (0x121e0293) x 5 0xc7b38121
core   0: 0x80006784 (0x00c4c433) xor     s0, s1, a2
core   0: 3 0x80006784 (0x00c4c433) x 8 0x80015ce5
core   0: 0x80006788 (0xd60eb413) sltiu   s0, t4, -672
core   0: 3 0x80006788 (0xd60eb413) x 8 0x00000001
core   0: 0x8000678c (0x00c2bbb3) sltu    s7, t0, a2
core   0: 3 0x8000678c (0x00c2bbb3) x23 0x00000000
core   0: 0x80006790 (0x40ac85b3) sub     a1, s9, a0
core   0: 3 0x80006790 (0x40ac85b3) x11 0xa88396e1
core   0: 0x80006794 (0x13997a93) andi    s5, s2, 313
core   0: 3 0x80006794 (0x13997a93) x21 0x00000000
core   0: 0x80006798 (0x00ca9493) slli    s1, s5, 12
core   0: 3 0x80006798 (0x00ca9493) x 9 0x00000000
core   0: 0x8000679c (0x40ed0bb3) sub     s7, s10, a4
core   0: 3 0x8000679c (0x40ed0bb3) x23 0x1b17e77c
core   0: 0x800067a0 (0x43c67813) andi    a6, a2, 1084
core   0: 3 0x800067a0 (0x43c67813) x16 0x00000000
core   0: 0x800067a4 (0x0164d113) srli    sp, s1, 22
core   0: 3 0x800067a4 (0x0164d113) x 2 0x00000000
core   0: 0x800067a8 (0x8c480693) addi    a3, a6, -1852
core   0: 3 0x800067a8 (0x8c480693) x13 0xfffff8c4
core   0: 0x800067ac (0x00025793) srli    a5, tp, 0
core   0: 3 0x800067ac (0x00025793) x15 0x00000001
core   0: 0x800067b0 (0xd21a6113) ori     sp, s4, -735
core   0: 3 0x800067b0 (0xd21a6113) x 2 0xfffffd21
core   0: 0x800067b4 (0x00000013) nop
core   0: 3 0x800067b4 (0x00000013)
core   0: 0x800067b8 (0x4118d033) sra     zero, a7, a7
core   0: 3 0x800067b8 (0x4118d033)
core   0: 0x800067bc (0x95f7a693) slti    a3, a5, -1697
core   0: 3 0x800067bc (0x95f7a693) x13 0x00000000
core   0: 0x800067c0 (0x006f7633) and     a2, t5, t1
core   0: 3 0x800067c0 (0x006f7633) x12 0x00000000
core   0: 0x800067c4 (0x4154d733) sra     a4, s1, s5
core   0: 3 0x800067c4 (0x4154d733) x14 0x00000000
core   0: 0x800067c8 (0x417454b3) sra     s1, s0, s7
core   0: 3 0x800067c8 (0x417454b3) x 9 0x00000000
core   0: 0x800067cc (0x081d0113) addi    sp, s10, 129
core   0: 3 0x800067cc (0x081d0113) x 2 0xe2cb67fd
core   0: 0x800067d0 (0xab64c293) xori    t0, s1, -1354
core   0: 3 0x800067d0 (0xab64c293) x 5 0xfffffab6
core   0: 0x800067d4 (0x93553213) sltiu   tp, a0, -1739
core   0: 3 0x800067d4 (0x93553213) x 4 0x00000001
core   0: 0x800067d8 (0x00fef333) and     t1, t4, a5
core   0: 3 0x800067d8 (0x00fef333) x 6 0x00000000
core   0: 0x800067dc (0x00000013) nop
core   0: 3 0x800067dc (0x00000013)
core   0: 0x800067e0 (0x0191bcb3) sltu    s9, gp, s9
core   0: 3 0x800067e0 (0x0191bcb3) x25 0x00000000
core   0: 0x800067e4 (0x09abba13) sltiu   s4, s7, 154
core   0: 3 0x800067e4 (0x09abba13) x20 0x00000000
core   0: 0x800067e8 (0x0afd0013) addi    zero, s10, 175
core   0: 3 0x800067e8 (0x0afd0013)
core   0: 0x800067ec (0xb4223493) sltiu   s1, tp, -1214
core   0: 3 0x800067ec (0xb4223493) x 9 0x00000001
core   0: 0x800067f0 (0x00aa9f93) slli    t6, s5, 10
core   0: 3 0x800067f0 (0x00aa9f93) x31 0x00000000
core   0: 0x800067f4 (0x00596833) or      a6, s2, t0
core   0: 3 0x800067f4 (0x00596833) x16 0xfffffab6
core   0: 0x800067f8 (0x00d6a333) slt     t1, a3, a3
core   0: 3 0x800067f8 (0x00d6a333) x 6 0x00000000
core   0: 0x800067fc (0x009d1613) slli    a2, s10, 9
core   0: 3 0x800067fc (0x009d1613) x12 0x96cef800
core   0: 0x80006800 (0x0074aab3) slt     s5, s1, t2
core   0: 3 0x80006800 (0x0074aab3) x21 0x00000000
core   0: 0x80006804 (0x01d69f93) slli    t6, a3, 29
core   0: 3 0x80006804 (0x01d69f93) x31 0x00000000
core   0: 0x80006808 (0x012a9bb3) sll     s7, s5, s2
core   0: 3 0x80006808 (0x012a9bb3) x23 0x00000000
core   0: 0x8000680c (0x441bb613) sltiu   a2, s7, 1089
core   0: 3 0x8000680c (0x441bb613) x12 0x00000001
core   0: 0x80006810 (0xbacd3c13) sltiu   s8, s10, -1108
core   0: 3 0x80006810 (0xbacd3c13) x24 0x00000001
core   0: 0x80006814 (0x009eb0b3) sltu    ra, t4, s1
core   0: 3 0x80006814 (0x009eb0b3) x 1 0x00000001
core   0: 0x80006818 (0x00900e33) add     t3, zero, s1
core   0: 3 0x80006818 (0x00900e33) x28 0x00000001
core   0: 0x8000681c (0x407ed013) srai    zero, t4, 7
core   0: 3 0x8000681c (0x407ed013)
core   0: 0x80006820 (0x00959e33) sll     t3, a1, s1
core   0: 3 0x80006820 (0x00959e33) x28 0x51072dc2
core   0: 0x80006824 (0x46d7ec93) ori     s9, a5, 1133
core   0: 3 0x80006824 (0x46d7ec93) x25 0x0000046d
core   0: 0x80006828 (0x00fd7433) and     s0, s10, a5
core   0: 3 0x80006828 (0x00fd7433) x 8 0x00000000
core   0: 0x8000682c (0x00000013) nop
core   0: 3 0x8000682c (0x00000013)
core   0: 0x80006830 (0x9d5a4f97) auipc   t6, 0x9d5a4
core   0: 3 0x80006830 (0x9d5a4f97) x31 0x1d5aa830
core   0: 0x80006834 (0x018ac933) xor     s2, s5, s8
core   0: 3 0x80006834 (0x018ac933) x18 0x00000001
core   0: 0x80006838 (0x1817bb97) auipc   s7, 0x1817b
core   0: 3 0x80006838 (0x1817bb97) x23 0x98181838
core   0: 0x8000683c (0x3968c213) xori    tp, a7, 918
core   0: 3 0x8000683c (0x3968c213) x 4 0x80011df2
core   0: 0x80006840 (0x00000013) nop
core   0: 3 0x80006840 (0x00000013)
core   0: 0x80006844 (0x4d76b713) sltiu   a4, a3, 1239
core   0: 3 0x80006844 (0x4d76b713) x14 0x00000001
core   0: 0x80006848 (0x5aef0793) addi    a5, t5, 1454
core   0: 3 0x80006848 (0x5aef0793) x15 0x000005ae
core   0: 0x8000684c (0x0035f433) and     s0, a1, gp
core   0: 3 0x8000684c (0x0035f433) x 8 0xa80116e0
core   0: 0x80006850 (0xe81cf113) andi    sp, s9, -383
core   0: 3 0x80006850 (0xe81cf113) x 2 0x00000401
core   0: 0x80006854 (0x00b6f6b3) and     a3, a3, a1
core   0: 3 0x80006854 (0x00b6f6b3) x13 0x00000000
core   0: 0x80006858 (0x0061bfb3) sltu    t6, gp, t1
core   0: 3 0x80006858 (0x0061bfb3) x31 0x00000000
core   0: 0x8000685c (0x432b4413) xori    s0, s6, 1074
core   0: 3 0x8000685c (0x432b4413) x 8 0xe88392d3
core   0: 0x80006860 (0x180d4713) xori    a4, s10, 384
core   0: 3 0x80006860 (0x180d4713) x14 0xe2cb66fc
core   0: 0x80006864 (0x0012e0b3) or      ra, t0, ra
core   0: 3 0x80006864 (0x0012e0b3) x 1 0xfffffab7
core   0: 0x80006868 (0x014c8e33) add     t3, s9, s4
core   0: 3 0x80006868 (0x014c8e33) x28 0x0000046d
core   0: 0x8000686c (0x41dd5a33) sra     s4, s10, t4
core   0: 3 0x8000686c (0x41dd5a33) x20 0xe2cb677c
core   0: 0x80006870 (0x005bc533) xor     a0, s7, t0
core   0: 3 0x80006870 (0x005bc533) x10 0x67e7e28e
core   0: 0x80006874 (0x01911f93) slli    t6, sp, 25
core   0: 3 0x80006874 (0x01911f93) x31 0x02000000
core   0: 0x80006878 (0x7d3b7797) auipc   a5, 0x7d3b7
core   0: 3 0x80006878 (0x7d3b7797) x15 0xfd3bd878
core   0: 0x8000687c (0x0047dc33) srl     s8, a5, tp
core   0: 3 0x8000687c (0x0047dc33) x24 0x00003f4e
core   0: 0x80006880 (0x015df433) and     s0, s11, s5
core   0: 3 0x80006880 (0x015df433) x 8 0x00000000
core   0: 0x80006884 (0x41295193) srai    gp, s2, 18
core   0: 3 0x80006884 (0x41295193) x 3 0x00000000
core   0: 0x80006888 (0x01435c93) srli    s9, t1, 20
core   0: 3 0x80006888 (0x01435c93) x25 0x00000000
core   0: 0x8000688c (0x95923913) sltiu   s2, tp, -1703
core   0: 3 0x8000688c (0x95923913) x18 0x00000001
core   0: 0x80006890 (0x4145d733) sra     a4, a1, s4
core   0: 3 0x80006890 (0x4145d733) x14 0xfffffffa
core   0: 0x80006894 (0x20477693) andi    a3, a4, 516
core   0: 3 0x80006894 (0x20477693) x13 0x00000200
core   0: 0x80006898 (0xe80c9c37) lui     s8, 0xe80c9
core   0: 3 0x80006898 (0xe80c9c37) x24 0xe80c9000
core   0: 0x8000689c (0x01f21093) slli    ra, tp, 31
core   0: 3 0x8000689c (0x01f21093) x 1 0x00000000
core   0: 0x800068a0 (0x00b150b3) srl     ra, sp, a1
core   0: 3 0x800068a0 (0x00b150b3) x 1 0x00000200
core   0: 0x800068a4 (0x01435813) srli    a6, t1, 20
core   0: 3 0x800068a4 (0x01435813) x16 0x00000000
core   0: 0x800068a8 (0xebec6137) lui     sp, 0xebec6
core   0: 3 0x800068a8 (0xebec6137) x 2 0xebec6000
core   0: 0x800068ac (0x00fb0f33) add     t5, s6, a5
core   0: 3 0x800068ac (0x00fb0f33) x30 0xe5bf6f59
core   0: 0x800068b0 (0x402985b3) sub     a1, s3, sp
core   0: 3 0x800068b0 (0x402985b3) x11 0x5bc838c2
core   0: 0x800068b4 (0x00885833) srl     a6, a6, s0
core   0: 3 0x800068b4 (0x00885833) x16 0x00000000
core   0: 0x800068b8 (0x9713a5b7) lui     a1, 0x9713a
core   0: 3 0x800068b8 (0x9713a5b7) x11 0x9713a000
core   0: 0x800068bc (0x00448f33) add     t5, s1, tp
core   0: 3 0x800068bc (0x00448f33) x30 0x80011df3
core   0: 0x800068c0 (0x014ca233) slt     tp, s9, s4
core   0: 3 0x800068c0 (0x014ca233) x 4 0x00000000
core   0: 0x800068c4 (0x000b1933) sll     s2, s6, zero
core   0: 3 0x800068c4 (0x000b1933) x18 0xe88396e1
core   0: 0x800068c8 (0x41c78cb3) sub     s9, a5, t3
core   0: 3 0x800068c8 (0x41c78cb3) x25 0xfd3bd40b
core   0: 0x800068cc (0xd1986613) ori     a2, a6, -743
core   0: 3 0x800068cc (0xd1986613) x12 0xfffffd19
core   0: 0x800068d0 (0x0606bd13) sltiu   s10, a3, 96
core   0: 3 0x800068d0 (0x0606bd13) x26 0x00000000
core   0: 0x800068d4 (0x01e89933) sll     s2, a7, t5
core   0: 3 0x800068d4 (0x01e89933) x18 0xf3200000
core   0: 0x800068d8 (0x018250b3) srl     ra, tp, s8
core   0: 3 0x800068d8 (0x018250b3) x 1 0x00000000
core   0: 0x800068dc (0x00ea26b3) slt     a3, s4, a4
core   0: 3 0x800068dc (0x00ea26b3) x13 0x00000001
core   0: 0x800068e0 (0x83930493) addi    s1, t1, -1991
core   0: 3 0x800068e0 (0x83930493) x 9 0xfffff839
core   0: 0x800068e4 (0x00350db3) add     s11, a0, gp
core   0: 3 0x800068e4 (0x00350db3) x27 0x67e7e28e
core   0: 0x800068e8 (0x013bf0b3) and     ra, s7, s3
core   0: 3 0x800068e8 (0x013bf0b3) x 1 0x00101800
core   0: 0x800068ec (0xf3692593) slti    a1, s2, -202
core   0: 3 0x800068ec (0xf3692593) x11 0x00000001
core   0: 0x800068f0 (0xbb1acc97) auipc   s9, 0xbb1ac
core   0: 3 0x800068f0 (0xbb1acc97) x25 0x3b1b28f0
core   0: 0x800068f4 (0x015987b3) add     a5, s3, s5
core   0: 3 0x800068f4 (0x015987b3) x15 0x47b498c2
core   0: 0x800068f8 (0x019ddc93) srli    s9, s11, 25
core   0: 3 0x800068f8 (0x019ddc93) x25 0x00000033
core   0: 0x800068fc (0xc71bb217) auipc   tp, 0xc71bb
core   0: 3 0x800068fc (0xc71bb217) x 4 0x471c18fc
core   0: 0x80006900 (0x82782813) slti    a6, a6, -2009
core   0: 3 0x80006900 (0x82782813) x16 0x00000000
core   0: 0x80006904 (0x00000013) nop
core   0: 3 0x80006904 (0x00000013)
core   0: 0x80006908 (0x9a93a817) auipc   a6, 0x9a93a
core   0: 3 0x80006908 (0x9a93a817) x16 0x1a940908
core   0: 0x8000690c (0xd0fc4313) xori    t1, s8, -753
core   0: 3 0x8000690c (0xd0fc4313) x 6 0x17f36d0f
core   0: 0x80006910 (0x41af5313) srai    t1, t5, 26
core   0: 3 0x80006910 (0x41af5313) x 6 0xffffffe0
core   0: 0x80006914 (0x01059593) slli    a1, a1, 16
core   0: 3 0x80006914 (0x01059593) x11 0x00010000
core   0: 0x80006918 (0x41b70db3) sub     s11, a4, s11
core   0: 3 0x80006918 (0x41b70db3) x27 0x98181d6c
core   0: 0x8000691c (0x00c651b3) srl     gp, a2, a2
core   0: 3 0x8000691c (0x00c651b3) x 3 0x0000007f
core   0: 0x80006920 (0x56e7e437) lui     s0, 0x56e7e
core   0: 3 0x80006920 (0x56e7e437) x 8 0x56e7e000
core   0: 0x80006924 (0x7a5de593) ori     a1, s11, 1957
core   0: 3 0x80006924 (0x7a5de593) x11 0x98181fed
core   0: 0x80006928 (0x0173fdb3) and     s11, t2, s7
core   0: 3 0x80006928 (0x0173fdb3) x27 0x80001820
core   0: 0x8000692c (0x002daab3) slt     s5, s11, sp
core   0: 3 0x8000692c (0x002daab3) x21 0x00000001
core   0: 0x80006930 (0x6af15937) lui     s2, 0x6af15
core   0: 3 0x80006930 (0x6af15937) x18 0x6af15000
core   0: 0x80006934 (0x42a38993) addi    s3, t2, 1066
core   0: 3 0x80006934 (0x42a38993) x19 0x8001610e
core   0: 0x80006938 (0x0074a0b3) slt     ra, s1, t2
core   0: 3 0x80006938 (0x0074a0b3) x 1 0x00000000
core   0: 0x8000693c (0xf43ff313) andi    t1, t6, -189
core   0: 3 0x8000693c (0xf43ff313) x 6 0x02000000
core   0: 0x80006940 (0xd7488f13) addi    t5, a7, -652
core   0: 3 0x80006940 (0xd7488f13) x30 0x80011bd8
core   0: 0x80006944 (0x40530133) sub     sp, t1, t0
core   0: 3 0x80006944 (0x40530133) x 2 0x0200054a
core   0: 0x80006948 (0x21b23913) sltiu   s2, tp, 539
core   0: 3 0x80006948 (0x21b23913) x18 0x00000000
core   0: 0x8000694c (0x017d7cb3) and     s9, s10, s7
core   0: 3 0x8000694c (0x017d7cb3) x25 0x00000000
core   0: 0x80006950 (0x0e188793) addi    a5, a7, 225
core   0: 3 0x80006950 (0x0e188793) x15 0x80011f45
core   0: 0x80006954 (0x5231af93) slti    t6, gp, 1315
core   0: 3 0x80006954 (0x5231af93) x31 0x00000001
core   0: 0x80006958 (0x40165093) srai    ra, a2, 1
core   0: 3 0x80006958 (0x40165093) x 1 0xfffffe8c
core   0: 0x8000695c (0x011a4733) xor     a4, s4, a7
core   0: 3 0x8000695c (0x011a4733) x14 0x62ca7918
core   0: 0x80006960 (0x00000013) nop
core   0: 3 0x80006960 (0x00000013)
core   0: 0x80006964 (0x012b9a33) sll     s4, s7, s2
core   0: 3 0x80006964 (0x012b9a33) x20 0x98181838
core   0: 0x80006968 (0x6d894693) xori    a3, s2, 1752
core   0: 3 0x80006968 (0x6d894693) x13 0x000006d8
core   0: 0x8000696c (0x8c926297) auipc   t0, 0x8c926
core   0: 3 0x8000696c (0x8c926297) x 5 0x0c92c96c
core   0: 0x80006970 (0x003a3333) sltu    t1, s4, gp
core   0: 3 0x80006970 (0x003a3333) x 6 0x00000000
core   0: 0x80006974 (0x00339b93) slli    s7, t2, 3
core   0: 3 0x80006974 (0x00339b93) x23 0x000ae720
core   0: 0x80006978 (0x443fbf13) sltiu   t5, t6, 1091
core   0: 3 0x80006978 (0x443fbf13) x30 0x00000001
core   0: 0x8000697c (0x01475213) srli    tp, a4, 20
core   0: 3 0x8000697c (0x01475213) x 4 0x0000062c
core   0: 0x80006980 (0x640bd237) lui     tp, 0x640bd
core   0: 3 0x80006980 (0x640bd237) x 4 0x640bd000
core   0: 0x80006984 (0x00579093) slli    ra, a5, 5
core   0: 3 0x80006984 (0x00579093) x 1 0x0023e8a0
core   0: 0x80006988 (0x0158c2b3) xor     t0, a7, s5
core   0: 3 0x80006988 (0x0158c2b3) x 5 0x80011e65
core   0: 0x8000698c (0x018239b3) sltu    s3, tp, s8
core   0: 3 0x8000698c (0x018239b3) x19 0x00000001
core   0: 0x80006990 (0x6292e813) ori     a6, t0, 1577
core   0: 3 0x80006990 (0x6292e813) x16 0x80011e6d
core   0: 0x80006994 (0x00a5b5b3) sltu    a1, a1, a0
core   0: 3 0x80006994 (0x00a5b5b3) x11 0x00000000
core   0: 0x80006998 (0x4007d293) srai    t0, a5, 0
core   0: 3 0x80006998 (0x4007d293) x 5 0x80011f45
core   0: 0x8000699c (0x95566c17) auipc   s8, 0x95566
core   0: 3 0x8000699c (0x95566c17) x24 0x1556c99c
core   0: 0x800069a0 (0x00e26f33) or      t5, tp, a4
core   0: 3 0x800069a0 (0x00e26f33) x30 0x66cbf918
core   0: 0x800069a4 (0x00405433) srl     s0, zero, tp
core   0: 3 0x800069a4 (0x00405433) x 8 0x00000000
core   0: 0x800069a8 (0x17d63293) sltiu   t0, a2, 381
core   0: 3 0x800069a8 (0x17d63293) x 5 0x00000000
core   0: 0x800069ac (0x00163633) sltu    a2, a2, ra
core   0: 3 0x800069ac (0x00163633) x12 0x00000000
core   0: 0x800069b0 (0x009a91b3) sll     gp, s5, s1
core   0: 3 0x800069b0 (0x009a91b3) x 3 0x02000000
core   0: 0x800069b4 (0x00000013) nop
core   0: 3 0x800069b4 (0x00000013)
core   0: 0x800069b8 (0x9b5ae713) ori     a4, s5, -1611
core   0: 3 0x800069b8 (0x9b5ae713) x14 0xfffff9b5
core   0: 0x800069bc (0xa7306513) ori     a0, zero, -1421
core   0: 3 0x800069bc (0xa7306513) x10 0xfffffa73
core   0: 0x800069c0 (0x40800f33) sub     t5, zero, s0
core   0: 3 0x800069c0 (0x40800f33) x30 0x00000000
core   0: 0x800069c4 (0x00000013) nop
core   0: 3 0x800069c4 (0x00000013)
core   0: 0x800069c8 (0x00f2da13) srli    s4, t0, 15
core   0: 3 0x800069c8 (0x00f2da13) x20 0x00000000
core   0: 0x800069cc (0xa768bc93) sltiu   s9, a7, -1418
core   0: 3 0x800069cc (0xa768bc93) x25 0x00000001
core   0: 0x800069d0 (0x014871b3) and     gp, a6, s4
core   0: 3 0x800069d0 (0x014871b3) x 3 0x00000000
core   0: 0x800069d4 (0xb01f70b7) lui     ra, 0xb01f7
core   0: 3 0x800069d4 (0xb01f70b7) x 1 0xb01f7000
core   0: 0x800069d8 (0x8d7e7b93) andi    s7, t3, -1833
core   0: 3 0x800069d8 (0x8d7e7b93) x23 0x00000045
core   0: 0x800069dc (0x17f7c713) xori    a4, a5, 383
core   0: 3 0x800069dc (0x17f7c713) x14 0x80011e3a
core   0: 0x800069e0 (0x0051d313) srli    t1, gp, 5
core   0: 3 0x800069e0 (0x0051d313) x 6 0x00000000
core   0: 0x800069e4 (0x010f5a93) srli    s5, t5, 16
core   0: 3 0x800069e4 (0x010f5a93) x21 0x00000000
core   0: 0x800069e8 (0x40a85613) srai    a2, a6, 10
core   0: 3 0x800069e8 (0x40a85613) x12 0xffe00047
core   0: 0x800069ec (0x32580f13) addi    t5, a6, 805
core   0: 3 0x800069ec (0x32580f13) x30 0x80012192
core   0: 0x800069f0 (0x449e7e93) andi    t4, t3, 1097
core   0: 3 0x800069f0 (0x449e7e93) x29 0x00000449
core   0: 0x800069f4 (0x01eba333) slt     t1, s7, t5
core   0: 3 0x800069f4 (0x01eba333) x 6 0x00000000
core   0: 0x800069f8 (0x0b498213) addi    tp, s3, 180
core   0: 3 0x800069f8 (0x0b498213) x 4 0x000000b5
core   0: 0x800069fc (0x00213233) sltu    tp, sp, sp
core   0: 3 0x800069fc (0x00213233) x 4 0x00000000
core   0: 0x80006a00 (0xe8f07113) andi    sp, zero, -369
core   0: 3 0x80006a00 (0xe8f07113) x 2 0x00000000
core   0: 0x80006a04 (0xa3a37f13) andi    t5, t1, -1478
core   0: 3 0x80006a04 (0xa3a37f13) x30 0x00000000
core   0: 0x80006a08 (0x01b06ab3) or      s5, zero, s11
core   0: 3 0x80006a08 (0x01b06ab3) x21 0x80001820
core   0: 0x80006a0c (0x00000013) nop
core   0: 3 0x80006a0c (0x00000013)
core   0: 0x80006a10 (0x413b8433) sub     s0, s7, s3
core   0: 3 0x80006a10 (0x413b8433) x 8 0x00000044
core   0: 0x80006a14 (0x00cb3633) sltu    a2, s6, a2
core   0: 3 0x80006a14 (0x00cb3633) x12 0x00000001
core   0: 0x80006a18 (0x023066b7) lui     a3, 0x2306
core   0: 3 0x80006a18 (0x023066b7) x13 0x02306000
core   0: 0x80006a1c (0x6c47e413) ori     s0, a5, 1732
core   0: 3 0x80006a1c (0x6c47e413) x 8 0x80011fc5
core   0: 0x80006a20 (0x01b96233) or      tp, s2, s11
core   0: 3 0x80006a20 (0x01b96233) x 4 0x80001820
core   0: 0x80006a24 (0x009a8c33) add     s8, s5, s1
core   0: 3 0x80006a24 (0x009a8c33) x24 0x80001059
core   0: 0x80006a28 (0xec4bb1b7) lui     gp, 0xec4bb
core   0: 3 0x80006a28 (0xec4bb1b7) x 3 0xec4bb000
core   0: 0x80006a2c (0x4019d2b3) sra     t0, s3, ra
core   0: 3 0x80006a2c (0x4019d2b3) x 5 0x00000001
core   0: 0x80006a30 (0x41c401b3) sub     gp, s0, t3
core   0: 3 0x80006a30 (0x41c401b3) x 3 0x80011b58
core   0: 0x80006a34 (0x012f9613) slli    a2, t6, 18
core   0: 3 0x80006a34 (0x012f9613) x12 0x00040000
core   0: 0x80006a38 (0x5a6f8593) addi    a1, t6, 1446
core   0: 3 0x80006a38 (0x5a6f8593) x11 0x000005a7
core   0: 0x80006a3c (0x006a7bb3) and     s7, s4, t1
core   0: 3 0x80006a3c (0x006a7bb3) x23 0x00000000
core   0: 0x80006a40 (0x00235f13) srli    t5, t1, 2
core   0: 3 0x80006a40 (0x00235f13) x30 0x00000000
core   0: 0x80006a44 (0x01a7da33) srl     s4, a5, s10
core   0: 3 0x80006a44 (0x01a7da33) x20 0x80011f45
core   0: 0x80006a48 (0x416c2337) lui     t1, 0x416c2
core   0: 3 0x80006a48 (0x416c2337) x 6 0x416c2000
core   0: 0x80006a4c (0x97377a13) andi    s4, a4, -1677
core   0: 3 0x80006a4c (0x97377a13) x20 0x80011832
core   0: 0x80006a50 (0x4cf43a17) auipc   s4, 0x4cf43
core   0: 3 0x80006a50 (0x4cf43a17) x20 0xccf49a50
core   0: 0x80006a54 (0x12e88513) addi    a0, a7, 302
core   0: 3 0x80006a54 (0x12e88513) x10 0x80011f92
core   0: 0x80006a58 (0x61e8af13) slti    t5, a7, 1566
core   0: 3 0x80006a58 (0x61e8af13) x30 0x00000001
core   0: 0x80006a5c (0x86b0a513) slti    a0, ra, -1941
core   0: 3 0x80006a5c (0x86b0a513) x10 0x00000001
core   0: 0x80006a60 (0x01246833) or      a6, s0, s2
core   0: 3 0x80006a60 (0x01246833) x16 0x80011fc5
core   0: 0x80006a64 (0xc75ea313) slti    t1, t4, -907
core   0: 3 0x80006a64 (0xc75ea313) x 6 0x00000000
core   0: 0x80006a68 (0x4017d4b3) sra     s1, a5, ra
core   0: 3 0x80006a68 (0x4017d4b3) x 9 0x80011f45
core   0: 0x80006a6c (0x00f18f33) add     t5, gp, a5
core   0: 3 0x80006a6c (0x00f18f33) x30 0x00023a9d
core   0: 0x80006a70 (0x3df66613) ori     a2, a2, 991
core   0: 3 0x80006a70 (0x3df66613) x12 0x000403df
core   0: 0x80006a74 (0x0003d2b3) srl     t0, t2, zero
core   0: 3 0x80006a74 (0x0003d2b3) x 5 0x80015ce4
core   0: 0x80006a78 (0x8ab7ed13) ori     s10, a5, -1877
core   0: 3 0x80006a78 (0x8ab7ed13) x26 0xffffffef
core   0: 0x80006a7c (0x86e83593) sltiu   a1, a6, -1938
core   0: 3 0x80006a7c (0x86e83593) x11 0x00000001
core   0: 0x80006a80 (0x01ed6833) or      a6, s10, t5
core   0: 3 0x80006a80 (0x01ed6833) x16 0xffffffff
core   0: 0x80006a84 (0x004eecb3) or      s9, t4, tp
core   0: 3 0x80006a84 (0x004eecb3) x25 0x80001c69
core   0: 0x80006a88 (0x00782c33) slt     s8, a6, t2
core   0: 3 0x80006a88 (0x00782c33) x24 0x00000000
core   0: 0x80006a8c (0x01fa24b3) slt     s1, s4, t6
core   0: 3 0x80006a8c (0x01fa24b3) x 9 0x00000001
core   0: 0x80006a90 (0x6888a693) slti    a3, a7, 1672
core   0: 3 0x80006a90 (0x6888a693) x13 0x00000001
core   0: 0x80006a94 (0xc80c3c93) sltiu   s9, s8, -896
core   0: 3 0x80006a94 (0xc80c3c93) x25 0x00000001
core   0: 0x80006a98 (0x00000013) nop
core   0: 3 0x80006a98 (0x00000013)
core   0: 0x80006a9c (0x01353633) sltu    a2, a0, s3
core   0: 3 0x80006a9c (0x01353633) x12 0x00000000
core   0: 0x80006aa0 (0x401bdbb3) sra     s7, s7, ra
core   0: 3 0x80006aa0 (0x401bdbb3) x23 0x00000000
core   0: 0x80006aa4 (0x0014e2b3) or      t0, s1, ra
core   0: 3 0x80006aa4 (0x0014e2b3) x 5 0xb01f7001
core   0: 0x80006aa8 (0x40508db3) sub     s11, ra, t0
core   0: 3 0x80006aa8 (0x40508db3) x27 0xffffffff
core   0: 0x80006aac (0x010b85b3) add     a1, s7, a6
core   0: 3 0x80006aac (0x010b85b3) x11 0xffffffff
core   0: 0x80006ab0 (0x0e7f4f93) xori    t6, t5, 231
core   0: 3 0x80006ab0 (0x0e7f4f93) x31 0x00023a7a
core   0: 0x80006ab4 (0x01049e33) sll     t3, s1, a6
core   0: 3 0x80006ab4 (0x01049e33) x28 0x80000000
core   0: 0x80006ab8 (0x00f59c93) slli    s9, a1, 15
core   0: 3 0x80006ab8 (0x00f59c93) x25 0xffff8000
core   0: 0x80006abc (0x013be6b3) or      a3, s7, s3
core   0: 3 0x80006abc (0x013be6b3) x13 0x00000001
core   0: 0x80006ac0 (0xa6f38a13) addi    s4, t2, -1425
core   0: 3 0x80006ac0 (0xa6f38a13) x20 0x80015753
core   0: 0x80006ac4 (0xf5c1fd93) andi    s11, gp, -164
core   0: 3 0x80006ac4 (0xf5c1fd93) x27 0x80011b58
core   0: 0x80006ac8 (0x016fe433) or      s0, t6, s6
core   0: 3 0x80006ac8 (0x016fe433) x 8 0xe883befb
core   0: 0x80006acc (0xe22889b7) lui     s3, 0xe2288
core   0: 3 0x80006acc (0xe22889b7) x19 0xe2288000
core   0: 0x80006ad0 (0x01016333) or      t1, sp, a6
core   0: 3 0x80006ad0 (0x01016333) x 6 0xffffffff
core   0: 0x80006ad4 (0x00000013) nop
core   0: 3 0x80006ad4 (0x00000013)
core   0: 0x80006ad8 (0x013aa533) slt     a0, s5, s3
core   0: 3 0x80006ad8 (0x013aa533) x10 0x00000001
core   0: 0x80006adc (0x40e88a33) sub     s4, a7, a4
core   0: 3 0x80006adc (0x40e88a33) x20 0x0000002a
core   0: 0x80006ae0 (0x01755433) srl     s0, a0, s7
core   0: 3 0x80006ae0 (0x01755433) x 8 0x00000001
core   0: 0x80006ae4 (0x01ee5913) srli    s2, t3, 30
core   0: 3 0x80006ae4 (0x01ee5913) x18 0x00000002
core   0: 0x80006ae8 (0xb9b2bab7) lui     s5, 0xb9b2b
core   0: 3 0x80006ae8 (0xb9b2bab7) x21 0xb9b2b000
core   0: 0x80006aec (0x01bf7fb3) and     t6, t5, s11
core   0: 3 0x80006aec (0x01bf7fb3) x31 0x00001a18
core   0: 0x80006af0 (0x015832b3) sltu    t0, a6, s5
core   0: 3 0x80006af0 (0x015832b3) x 5 0x00000000
core   0: 0x80006af4 (0x6fb9bd13) sltiu   s10, s3, 1787
core   0: 3 0x80006af4 (0x6fb9bd13) x26 0x00000000
core   0: 0x80006af8 (0x41aa0c33) sub     s8, s4, s10
core   0: 3 0x80006af8 (0x41aa0c33) x24 0x0000002a
core   0: 0x80006afc (0xfdce7693) andi    a3, t3, -36
core   0: 3 0x80006afc (0xfdce7693) x13 0x80000000
core   0: 0x80006b00 (0xa23a6613) ori     a2, s4, -1501
core   0: 3 0x80006b00 (0xa23a6613) x12 0xfffffa2b
core   0: 0x80006b04 (0x01826ab3) or      s5, tp, s8
core   0: 3 0x80006b04 (0x01826ab3) x21 0x8000182a
core   0: 0x80006b08 (0x01eb4e33) xor     t3, s6, t5
core   0: 3 0x80006b08 (0x01eb4e33) x28 0xe881ac7c
core   0: 0x80006b0c (0xff81c437) lui     s0, 0xff81c
core   0: 3 0x80006b0c (0xff81c437) x 8 0xff81c000
core   0: 0x80006b10 (0xd94f4013) xori    zero, t5, -620
core   0: 3 0x80006b10 (0xd94f4013)
core   0: 0x80006b14 (0x01719513) slli    a0, gp, 23
core   0: 3 0x80006b14 (0x01719513) x10 0xac000000
core   0: 0x80006b18 (0xaaca5437) lui     s0, 0xaaca5
core   0: 3 0x80006b18 (0xaaca5437) x 8 0xaaca5000
core   0: 0x80006b1c (0x0ac63193) sltiu   gp, a2, 172
core   0: 3 0x80006b1c (0x0ac63193) x 3 0x00000000
core   0: 0x80006b20 (0x0154a133) slt     sp, s1, s5
core   0: 3 0x80006b20 (0x0154a133) x 2 0x00000000
core   0: 0x80006b24 (0x41fdd7b3) sra     a5, s11, t6
core   0: 3 0x80006b24 (0x41fdd7b3) x15 0xffffff80
core   0: 0x80006b28 (0x01ef1f13) slli    t5, t5, 30
core   0: 3 0x80006b28 (0x01ef1f13) x30 0x40000000
core   0: 0x80006b2c (0x41aad493) srai    s1, s5, 26
core   0: 3 0x80006b2c (0x41aad493) x 9 0xffffffe0
core   0: 0x80006b30 (0x01d09613) slli    a2, ra, 29
core   0: 3 0x80006b30 (0x01d09613) x12 0x00000000
core   0: 0x80006b34 (0x41135bb3) sra     s7, t1, a7
core   0: 3 0x80006b34 (0x41135bb3) x23 0xffffffff
core   0: 0x80006b38 (0x00ee2833) slt     a6, t3, a4
core   0: 3 0x80006b38 (0x00ee2833) x16 0x00000000
core   0: 0x80006b3c (0x00441bb3) sll     s7, s0, tp
core   0: 3 0x80006b3c (0x00441bb3) x23 0xaaca5000
core   0: 0x80006b40 (0xa23ebf93) sltiu   t6, t4, -1501
core   0: 3 0x80006b40 (0xa23ebf93) x31 0x00000001
core   0: 0x80006b44 (0x01b15fb3) srl     t6, sp, s11
core   0: 3 0x80006b44 (0x01b15fb3) x31 0x00000000
core   0: 0x80006b48 (0xde65f213) andi    tp, a1, -538
core   0: 3 0x80006b48 (0xde65f213) x 4 0xfffffde6
core   0: 0x80006b4c (0x5ca11297) auipc   t0, 0x5ca11
core   0: 3 0x80006b4c (0x5ca11297) x 5 0xdca17b4c
core   0: 0x80006b50 (0xb487d117) auipc   sp, 0xb487d
core   0: 3 0x80006b50 (0xb487d117) x 2 0x34883b50
core   0: 0x80006b54 (0x00000013) nop
core   0: 3 0x80006b54 (0x00000013)
core   0: 0x80006b58 (0x62f6e637) lui     a2, 0x62f6e
core   0: 3 0x80006b58 (0x62f6e637) x12 0x62f6e000
core   0: 0x80006b5c (0x00ff3433) sltu    s0, t5, a5
core   0: 3 0x80006b5c (0x00ff3433) x 8 0x00000001
core   0: 0x80006b60 (0x013eea33) or      s4, t4, s3
core   0: 3 0x80006b60 (0x013eea33) x20 0xe2288449
core   0: 0x80006b64 (0x001a2ab3) slt     s5, s4, ra
core   0: 3 0x80006b64 (0x001a2ab3) x21 0x00000000
core   0: 0x80006b68 (0x506fba13) sltiu   s4, t6, 1286
core   0: 3 0x80006b68 (0x506fba13) x20 0x00000001
core   0: 0x80006b6c (0x5f28f413) andi    s0, a7, 1522
core   0: 3 0x80006b6c (0x5f28f413) x 8 0x00000460
core   0: 0x80006b70 (0x0195d613) srli    a2, a1, 25
core   0: 3 0x80006b70 (0x0195d613) x12 0x0000007f
core   0: 0x80006b74 (0x01ad9a13) slli    s4, s11, 26
core   0: 3 0x80006b74 (0x01ad9a13) x20 0x60000000
core   0: 0x80006b78 (0x001b8033) add     zero, s7, ra
core   0: 3 0x80006b78 (0x001b8033)
core   0: 0x80006b7c (0x78815cb7) lui     s9, 0x78815
core   0: 3 0x80006b7c (0x78815cb7) x25 0x78815000
core   0: 0x80006b80 (0x01f441b3) xor     gp, s0, t6
core   0: 3 0x80006b80 (0x01f441b3) x 3 0x00000460
core   0: 0x80006b84 (0xd3be8e13) addi    t3, t4, -709
core   0: 3 0x80006b84 (0xd3be8e13) x28 0x00000184
core   0: 0x80006b88 (0x00e50733) add     a4, a0, a4
core   0: 3 0x80006b88 (0x00e50733) x14 0x2c011e3a
core   0: 0x80006b8c (0x0190dd93) srli    s11, ra, 25
core   0: 3 0x80006b8c (0x0190dd93) x27 0x00000058
core   0: 0x80006b90 (0x014922b3) slt     t0, s2, s4
core   0: 3 0x80006b90 (0x014922b3) x 5 0x00000001
core   0: 0x80006b94 (0x7453d937) lui     s2, 0x7453d
core   0: 3 0x80006b94 (0x7453d937) x18 0x7453d000
core   0: 0x80006b98 (0x2a25fe97) auipc   t4, 0x2a25f
core   0: 3 0x80006b98 (0x2a25fe97) x29 0xaa265b98
core   0: 0x80006b9c (0xda454e97) auipc   t4, 0xda454
core   0: 3 0x80006b9c (0xda454e97) x29 0x5a45ab9c
core   0: 0x80006ba0 (0xef550a97) auipc   s5, 0xef550
core   0: 3 0x80006ba0 (0xef550a97) x21 0x6f556ba0
core   0: 0x80006ba4 (0x017b7533) and     a0, s6, s7
core   0: 3 0x80006ba4 (0x017b7533) x10 0xa8821000
core   0: 0x80006ba8 (0x00651533) sll     a0, a0, t1
core   0: 3 0x80006ba8 (0x00651533) x10 0x00000000
core   0: 0x80006bac (0x00000013) nop
core   0: 3 0x80006bac (0x00000013)
core   0: 0x80006bb0 (0x5ddc95b7) lui     a1, 0x5ddc9
core   0: 3 0x80006bb0 (0x5ddc95b7) x11 0x5ddc9000
core   0: 0x80006bb4 (0xc7b2c593) xori    a1, t0, -901
core   0: 3 0x80006bb4 (0xc7b2c593) x11 0xfffffc7a
core   0: 0x80006bb8 (0x00f35133) srl     sp, t1, a5
core   0: 3 0x80006bb8 (0x00f35133) x 2 0xffffffff
core   0: 0x80006bbc (0xdf3a2d93) slti    s11, s4, -525
core   0: 3 0x80006bbc (0xdf3a2d93) x27 0x00000000
core   0: 0x80006bc0 (0x013f8db3) add     s11, t6, s3
core   0: 3 0x80006bc0 (0x013f8db3) x27 0xe2288000
core   0: 0x80006bc4 (0x00000013) nop
core   0: 3 0x80006bc4 (0x00000013)
core   0: 0x80006bc8 (0x012d1113) slli    sp, s10, 18
core   0: 3 0x80006bc8 (0x012d1113) x 2 0x00000000
core   0: 0x80006bcc (0xcb43ff93) andi    t6, t2, -844
core   0: 3 0x80006bcc (0xcb43ff93) x31 0x80015ca4
core   0: 0x80006bd0 (0x00802633) slt     a2, zero, s0
core   0: 3 0x80006bd0 (0x00802633) x12 0x00000001
core   0: 0x80006bd4 (0x00db41b3) xor     gp, s6, a3
core   0: 3 0x80006bd4 (0x00db41b3) x 3 0x688396e1
core   0: 0x80006bd8 (0x00000013) nop
core   0: 3 0x80006bd8 (0x00000013)
core   0: 0x80006bdc (0x405c8733) sub     a4, s9, t0
core   0: 3 0x80006bdc (0x405c8733) x14 0x78814fff
core   0: 0x80006be0 (0x1048c793) xori    a5, a7, 260
core   0: 3 0x80006be0 (0x1048c793) x15 0x80011f60
core   0: 0x80006be4 (0x01e80f33) add     t5, a6, t5
core   0: 3 0x80006be4 (0x01e80f33) x30 0x40000000
core   0: 0x80006be8 (0x01e49fb3) sll     t6, s1, t5
core   0: 3 0x80006be8 (0x01e49fb3) x31 0xffffffe0
core   0: 0x80006bec (0x0139dd13) srli    s10, s3, 19
core   0: 3 0x80006bec (0x0139dd13) x26 0x00001c45
core   0: 0x80006bf0 (0x40a4d613) srai    a2, s1, 10
core   0: 3 0x80006bf0 (0x40a4d613) x12 0xffffffff
core   0: 0x80006bf4 (0x26f4e593) ori     a1, s1, 623
core   0: 3 0x80006bf4 (0x26f4e593) x11 0xffffffef
core   0: 0x80006bf8 (0x01244833) xor     a6, s0, s2
core   0: 3 0x80006bf8 (0x01244833) x16 0x7453d460
core   0: 0x80006bfc (0xa9af3d13) sltiu   s10, t5, -1382
core   0: 3 0x80006bfc (0xa9af3d13) x26 0x00000001
core   0: 0x80006c00 (0xffca7493) andi    s1, s4, -4
core   0: 3 0x80006c00 (0xffca7493) x 9 0x60000000
core   0: 0x80006c04 (0x2f5e7913) andi    s2, t3, 757
core   0: 3 0x80006c04 (0x2f5e7913) x18 0x00000084
core   0: 0x80006c08 (0x10bf8093) addi    ra, t6, 267
core   0: 3 0x80006c08 (0x10bf8093) x 1 0x000000eb
core   0: 0x80006c0c (0x00ead313) srli    t1, s5, 14
core   0: 3 0x80006c0c (0x00ead313) x 6 0x0001bd55
core   0: 0x80006c10 (0xa1b3a613) slti    a2, t2, -1509
core   0: 3 0x80006c10 (0xa1b3a613) x12 0x00000001
core   0: 0x80006c14 (0x007035b3) snez    a1, t2
core   0: 3 0x80006c14 (0x007035b3) x11 0x00000001
core   0: 0x80006c18 (0xfda2ee93) ori     t4, t0, -38
core   0: 3 0x80006c18 (0xfda2ee93) x29 0xffffffdb
core   0: 0x80006c1c (0x000d1f33) sll     t5, s10, zero
core   0: 3 0x80006c1c (0x000d1f33) x30 0x00000001
core   0: 0x80006c20 (0x67c52493) slti    s1, a0, 1660
core   0: 3 0x80006c20 (0x67c52493) x 9 0x00000001
core   0: 0x80006c24 (0x01591093) slli    ra, s2, 21
core   0: 3 0x80006c24 (0x01591093) x 1 0x10800000
core   0: 0x80006c28 (0x01b089b3) add     s3, ra, s11
core   0: 3 0x80006c28 (0x01b089b3) x19 0xf2a88000
core   0: 0x80006c2c (0x000a3fb3) sltu    t6, s4, zero
core   0: 3 0x80006c2c (0x000a3fb3) x31 0x00000000
core   0: 0x80006c30 (0x00a4acb3) slt     s9, s1, a0
core   0: 3 0x80006c30 (0x00a4acb3) x25 0x00000000
core   0: 0x80006c34 (0xade52c17) auipc   s8, 0xade52
core   0: 3 0x80006c34 (0xade52c17) x24 0x2de58c34
core   0: 0x80006c38 (0x5b196293) ori     t0, s2, 1457
core   0: 3 0x80006c38 (0x5b196293) x 5 0x000005b5
core   0: 0x80006c3c (0x001ce433) or      s0, s9, ra
core   0: 3 0x80006c3c (0x001ce433) x 8 0x10800000
core   0: 0x80006c40 (0x00015913) srli    s2, sp, 0
core   0: 3 0x80006c40 (0x00015913) x18 0x00000000
core   0: 0x80006c44 (0x01180c33) add     s8, a6, a7
core   0: 3 0x80006c44 (0x01180c33) x24 0xf454f2c4
core   0: 0x80006c48 (0x1338a993) slti    s3, a7, 307
core   0: 3 0x80006c48 (0x1338a993) x19 0x00000001
core   0: 0x80006c4c (0x40c98933) sub     s2, s3, a2
core   0: 3 0x80006c4c (0x40c98933) x18 0x00000000
core   0: 0x80006c50 (0x01a42cb3) slt     s9, s0, s10
core   0: 3 0x80006c50 (0x01a42cb3) x25 0x00000000
core   0: 0x80006c54 (0x01e4a6b3) slt     a3, s1, t5
core   0: 3 0x80006c54 (0x01e4a6b3) x13 0x00000000
core   0: 0x80006c58 (0xd642d117) auipc   sp, 0xd642d
core   0: 3 0x80006c58 (0xd642d117) x 2 0x56433c58
core   0: 0x80006c5c (0x0085e533) or      a0, a1, s0
core   0: 3 0x80006c5c (0x0085e533) x10 0x10800001
core   0: 0x80006c60 (0x00d44933) xor     s2, s0, a3
core   0: 3 0x80006c60 (0x00d44933) x18 0x10800000
core   0: 0x80006c64 (0x412a5f33) sra     t5, s4, s2
core   0: 3 0x80006c64 (0x412a5f33) x30 0x60000000
core   0: 0x80006c68 (0x98c87013) andi    zero, a6, -1652
core   0: 3 0x80006c68 (0x98c87013)
core   0: 0x80006c6c (0x015c27b3) slt     a5, s8, s5
core   0: 3 0x80006c6c (0x015c27b3) x15 0x00000001
core   0: 0x80006c70 (0x00000013) nop
core   0: 3 0x80006c70 (0x00000013)
core   0: 0x80006c74 (0x0038e633) or      a2, a7, gp
core   0: 3 0x80006c74 (0x0038e633) x12 0xe8839ee5
core   0: 0x80006c78 (0x00e7de13) srli    t3, a5, 14
core   0: 3 0x80006c78 (0x00e7de13) x28 0x00000000
core   0: 0x80006c7c (0xbef0ea13) ori     s4, ra, -1041
core   0: 3 0x80006c7c (0xbef0ea13) x20 0xfffffbef
core   0: 0x80006c80 (0x00000013) nop
core   0: 3 0x80006c80 (0x00000013)
core   0: 0x80006c84 (0x00097a33) and     s4, s2, zero
core   0: 3 0x80006c84 (0x00097a33) x20 0x00000000
core   0: 0x80006c88 (0x00116933) or      s2, sp, ra
core   0: 3 0x80006c88 (0x00116933) x18 0x56c33c58
core   0: 0x80006c8c (0x00000013) nop
core   0: 3 0x80006c8c (0x00000013)
core   0: 0x80006c90 (0x0115fc13) andi    s8, a1, 17
core   0: 3 0x80006c90 (0x0115fc13) x24 0x00000001
core   0: 0x80006c94 (0xc0fdb413) sltiu   s0, s11, -1009
core   0: 3 0x80006c94 (0xc0fdb413) x 8 0x00000001
core   0: 0x80006c98 (0x00ff1e33) sll     t3, t5, a5
core   0: 3 0x80006c98 (0x00ff1e33) x28 0xc0000000
core   0: 0x80006c9c (0x15824413) xori    s0, tp, 344
core   0: 3 0x80006c9c (0x15824413) x 8 0xfffffcbe
core   0: 0x80006ca0 (0x411301b3) sub     gp, t1, a7
core   0: 3 0x80006ca0 (0x411301b3) x 3 0x80009ef1
core   0: 0x80006ca4 (0x01f1d333) srl     t1, gp, t6
core   0: 3 0x80006ca4 (0x01f1d333) x 6 0x80009ef1
core   0: 0x80006ca8 (0xb97da593) slti    a1, s11, -1129
core   0: 3 0x80006ca8 (0xb97da593) x11 0x00000001
core   0: 0x80006cac (0x00000013) nop
core   0: 3 0x80006cac (0x00000013)
core   0: 0x80006cb0 (0x5f9aec93) ori     s9, s5, 1529
core   0: 3 0x80006cb0 (0x5f9aec93) x25 0x6f556ff9
core   0: 0x80006cb4 (0x6645a313) slti    t1, a1, 1636
core   0: 3 0x80006cb4 (0x6645a313) x 6 0x00000001
core   0: 0x80006cb8 (0x7435c313) xori    t1, a1, 1859
core   0: 3 0x80006cb8 (0x7435c313) x 6 0x00000742
core   0: 0x80006cbc (0x00a6f633) and     a2, a3, a0
core   0: 3 0x80006cbc (0x00a6f633) x12 0x00000000
core   0: 0x80006cc0 (0x00951e33) sll     t3, a0, s1
core   0: 3 0x80006cc0 (0x00951e33) x28 0x21000002
core   0: 0x80006cc4 (0x01e13933) sltu    s2, sp, t5
core   0: 3 0x80006cc4 (0x01e13933) x18 0x00000001
core   0: 0x80006cc8 (0x0053b9b3) sltu    s3, t2, t0
core   0: 3 0x80006cc8 (0x0053b9b3) x19 0x00000000
core   0: 0x80006ccc (0x41558ab3) sub     s5, a1, s5
core   0: 3 0x80006ccc (0x41558ab3) x21 0x90aa9461
core   0: 0x80006cd0 (0x59e8d137) lui     sp, 0x59e8d
core   0: 3 0x80006cd0 (0x59e8d137) x 2 0x59e8d000
core   0: 0x80006cd4 (0x409202b3) sub     t0, tp, s1
core   0: 3 0x80006cd4 (0x409202b3) x 5 0xfffffde5
core   0: 0x80006cd8 (0x8d947a13) andi    s4, s0, -1831
core   0: 3 0x80006cd8 (0x8d947a13) x20 0xfffff898
core   0: 0x80006cdc (0x4094de93) srai    t4, s1, 9
core   0: 3 0x80006cdc (0x4094de93) x29 0x00000000
core   0: 0x80006ce0 (0xa6f52b93) slti    s7, a0, -1425
core   0: 3 0x80006ce0 (0xa6f52b93) x23 0x00000000
core   0: 0x80006ce4 (0xb396b493) sltiu   s1, a3, -1223
core   0: 3 0x80006ce4 (0xb396b493) x 9 0x00000001
core   0: 0x80006ce8 (0xb07aa837) lui     a6, 0xb07aa
core   0: 3 0x80006ce8 (0xb07aa837) x16 0xb07aa000
core   0: 0x80006cec (0x01d3bf33) sltu    t5, t2, t4
core   0: 3 0x80006cec (0x01d3bf33) x30 0x00000000
core   0: 0x80006cf0 (0xf9f8cd13) xori    s10, a7, -97
core   0: 3 0x80006cf0 (0xf9f8cd13) x26 0x7ffee1fb
core   0: 0x80006cf4 (0x7fd702b7) lui     t0, 0x7fd70
core   0: 3 0x80006cf4 (0x7fd702b7) x 5 0x7fd70000
core   0: 0x80006cf8 (0x41ba5913) srai    s2, s4, 27
core   0: 3 0x80006cf8 (0x41ba5913) x18 0xffffffff
core   0: 0x80006cfc (0xe5113513) sltiu   a0, sp, -431
core   0: 3 0x80006cfc (0xe5113513) x10 0x00000001
core   0: 0x80006d00 (0x00000013) nop
core   0: 3 0x80006d00 (0x00000013)
core   0: 0x80006d04 (0x00df5433) srl     s0, t5, a3
core   0: 3 0x80006d04 (0x00df5433) x 8 0x00000000
core   0: 0x80006d08 (0x367dfc13) andi    s8, s11, 871
core   0: 3 0x80006d08 (0x367dfc13) x24 0x00000000
core   0: 0x80006d0c (0xa9003813) sltiu   a6, zero, -1392
core   0: 3 0x80006d0c (0xa9003813) x16 0x00000001
core   0: 0x80006d10 (0x38eb8813) addi    a6, s7, 910
core   0: 3 0x80006d10 (0x38eb8813) x16 0x0000038e
core   0: 0x80006d14 (0x2e998e93) addi    t4, s3, 745
core   0: 3 0x80006d14 (0x2e998e93) x29 0x000002e9
core   0: 0x80006d18 (0x40a7d733) sra     a4, a5, a0
core   0: 3 0x80006d18 (0x40a7d733) x14 0x00000000
core   0: 0x80006d1c (0x41d989b3) sub     s3, s3, t4
core   0: 3 0x80006d1c (0x41d989b3) x19 0xfffffd17
core   0: 0x80006d20 (0x4163de33) sra     t3, t2, s6
core   0: 3 0x80006d20 (0x4163de33) x28 0xc000ae72
core   0: 0x80006d24 (0x00988cb3) add     s9, a7, s1
core   0: 3 0x80006d24 (0x00988cb3) x25 0x80011e65
core   0: 0x80006d28 (0x013779b3) and     s3, a4, s3
core   0: 3 0x80006d28 (0x013779b3) x19 0x00000000
core   0: 0x80006d2c (0x4023d813) srai    a6, t2, 2
core   0: 3 0x80006d2c (0x4023d813) x16 0xe0005739
core   0: 0x80006d30 (0x002ca833) slt     a6, s9, sp
core   0: 3 0x80006d30 (0x002ca833) x16 0x00000001
core   0: 0x80006d34 (0xd25db9b7) lui     s3, 0xd25db
core   0: 3 0x80006d34 (0xd25db9b7) x19 0xd25db000
core   0: 0x80006d38 (0x013a52b3) srl     t0, s4, s3
core   0: 3 0x80006d38 (0x013a52b3) x 5 0xfffff898
core   0: 0x80006d3c (0x00225933) srl     s2, tp, sp
core   0: 3 0x80006d3c (0x00225933) x18 0xfffffde6
core   0: 0x80006d40 (0x00c786b3) add     a3, a5, a2
core   0: 3 0x80006d40 (0x00c786b3) x13 0x00000001
core   0: 0x80006d44 (0x00000013) nop
core   0: 3 0x80006d44 (0x00000013)
core   0: 0x80006d48 (0xba8c1797) auipc   a5, 0xba8c1
core   0: 3 0x80006d48 (0xba8c1797) x15 0x3a8c7d48
core   0: 0x80006d4c (0x3e80c793) xori    a5, ra, 1000
core   0: 3 0x80006d4c (0x3e80c793) x15 0x108003e8
core   0: 0x80006d50 (0x00180633) add     a2, a6, ra
core   0: 3 0x80006d50 (0x00180633) x12 0x10800001
core   0: 0x80006d54 (0x00ee5fb3) srl     t6, t3, a4
core   0: 3 0x80006d54 (0x00ee5fb3) x31 0xc000ae72
core   0: 0x80006d58 (0xeca1ce93) xori    t4, gp, -310
core   0: 3 0x80006d58 (0xeca1ce93) x29 0x7fff603b
core   0: 0x80006d5c (0x414fcf93) xori    t6, t6, 1044
core   0: 3 0x80006d5c (0x414fcf93) x31 0xc000aa66
core   0: 0x80006d60 (0x98b66413) ori     s0, a2, -1653
core   0: 3 0x80006d60 (0x98b66413) x 8 0xfffff98b
core   0: 0x80006d64 (0x00000013) nop
core   0: 3 0x80006d64 (0x00000013)
core   0: 0x80006d68 (0x41788d33) sub     s10, a7, s7
core   0: 3 0x80006d68 (0x41788d33) x26 0x80011e64
core   0: 0x80006d6c (0x44373293) sltiu   t0, a4, 1091
core   0: 3 0x80006d6c (0x44373293) x 5 0x00000001
core   0: 0x80006d70 (0x7baeac93) slti    s9, t4, 1978
core   0: 3 0x80006d70 (0x7baeac93) x25 0x00000000
core   0: 0x80006d74 (0x03924497) auipc   s1, 0x3924
core   0: 3 0x80006d74 (0x03924497) x 9 0x8392ad74
core   0: 0x80006d78 (0x00d230b3) sltu    ra, tp, a3
core   0: 3 0x80006d78 (0x00d230b3) x 1 0x00000000
core   0: 0x80006d7c (0x0002d613) srli    a2, t0, 0
core   0: 3 0x80006d7c (0x0002d613) x12 0x00000001
core   0: 0x80006d80 (0x40205233) sra     tp, zero, sp
core   0: 3 0x80006d80 (0x40205233) x 4 0x00000000
core   0: 0x80006d84 (0x4ff94e13) xori    t3, s2, 1279
core   0: 3 0x80006d84 (0x4ff94e13) x28 0xfffff919
core   0: 0x80006d88 (0x404dd413) srai    s0, s11, 4
core   0: 3 0x80006d88 (0x404dd413) x 8 0xfe228800
core   0: 0x80006d8c (0x01131eb3) sll     t4, t1, a7
core   0: 3 0x80006d8c (0x01131eb3) x29 0x00007420
core   0: 0x80006d90 (0x40098f33) sub     t5, s3, zero
core   0: 3 0x80006d90 (0x40098f33) x30 0xd25db000
core   0: 0x80006d94 (0x0198dd33) srl     s10, a7, s9
core   0: 3 0x80006d94 (0x0198dd33) x26 0x80011e64
core   0: 0x80006d98 (0x408bd9b3) sra     s3, s7, s0
core   0: 3 0x80006d98 (0x408bd9b3) x19 0x00000000
core   0: 0x80006d9c (0x01418933) add     s2, gp, s4
core   0: 3 0x80006d9c (0x01418933) x18 0x80009789
core   0: 0x80006da0 (0x61c2a313) slti    t1, t0, 1564
core   0: 3 0x80006da0 (0x61c2a313) x 6 0x00000001
core   0: 0x80006da4 (0x40d80333) sub     t1, a6, a3
core   0: 3 0x80006da4 (0x40d80333) x 6 0x00000000
core   0: 0x80006da8 (0x00bcd513) srli    a0, s9, 11
core   0: 3 0x80006da8 (0x00bcd513) x10 0x00000000
core   0: 0x80006dac (0x1aa9c313) xori    t1, s3, 426
core   0: 3 0x80006dac (0x1aa9c313) x 6 0x000001aa
core   0: 0x80006db0 (0x92937713) andi    a4, t1, -1751
core   0: 3 0x80006db0 (0x92937713) x14 0x00000128
core   0: 0x80006db4 (0x00043033) sltu    zero, s0, zero
core   0: 3 0x80006db4 (0x00043033)
core   0: 0x80006db8 (0x40bbdf33) sra     t5, s7, a1
core   0: 3 0x80006db8 (0x40bbdf33) x30 0x00000000
core   0: 0x80006dbc (0x01041c33) sll     s8, s0, a6
core   0: 3 0x80006dbc (0x01041c33) x24 0xfc451000
core   0: 0x80006dc0 (0x007afab3) and     s5, s5, t2
core   0: 3 0x80006dc0 (0x007afab3) x21 0x80001460
core   0: 0x80006dc4 (0x00000013) nop
core   0: 3 0x80006dc4 (0x00000013)
core   0: 0x80006dc8 (0xd145fa13) andi    s4, a1, -748
core   0: 3 0x80006dc8 (0xd145fa13) x20 0x00000000
core   0: 0x80006dcc (0x419a5713) srai    a4, s4, 25
core   0: 3 0x80006dcc (0x419a5713) x14 0x00000000
core   0: 0x80006dd0 (0x404c80b3) sub     ra, s9, tp
core   0: 3 0x80006dd0 (0x404c80b3) x 1 0x00000000
core   0: 0x80006dd4 (0x33e219b7) lui     s3, 0x33e21
core   0: 3 0x80006dd4 (0x33e219b7) x19 0x33e21000
core   0: 0x80006dd8 (0xce7dda37) lui     s4, 0xce7dd
core   0: 3 0x80006dd8 (0xce7dda37) x20 0xce7dd000
core   0: 0x80006ddc (0x3f3d09b7) lui     s3, 0x3f3d0
core   0: 3 0x80006ddc (0x3f3d09b7) x19 0x3f3d0000
core   0: 0x80006de0 (0x27998993) addi    s3, s3, 633
core   0: 3 0x80006de0 (0x27998993) x19 0x3f3d0279
core   0: 0x80006de4 (0xd28eb337) lui     t1, 0xd28eb
core   0: 3 0x80006de4 (0xd28eb337) x 6 0xd28eb000
core   0: 0x80006de8 (0x75030313) addi    t1, t1, 1872
core   0: 3 0x80006de8 (0x75030313) x 6 0xd28eb750
core   0: 0x80006dec (0x00000c93) li      s9, 0
core   0: 3 0x80006dec (0x00000c93) x25 0x00000000
core   0: 0x80006df0 (0x00000093) li      ra, 0
core   0: 3 0x80006df0 (0x00000093) x 1 0x00000000
core   0: 0x80006df4 (0x00000813) li      a6, 0
core   0: 3 0x80006df4 (0x00000813) x16 0x00000000
core   0: 0x80006df8 (0xfff00913) li      s2, -1
core   0: 3 0x80006df8 (0xfff00913) x18 0xffffffff
core   0: 0x80006dfc (0x00000413) li      s0, 0
core   0: 3 0x80006dfc (0x00000413) x 8 0x00000000
core   0: 0x80006e00 (0xfff00a93) li      s5, -1
core   0: 3 0x80006e00 (0xfff00a93) x21 0xffffffff
core   0: 0x80006e04 (0xfff00d13) li      s10, -1
core   0: 3 0x80006e04 (0xfff00d13) x26 0xffffffff
core   0: 0x80006e08 (0x80000f37) lui     t5, 0x80000
core   0: 3 0x80006e08 (0x80000f37) x30 0x80000000
core   0: 0x80006e0c (0x449be0b7) lui     ra, 0x449be
core   0: 3 0x80006e0c (0x449be0b7) x 1 0x449be000
core   0: 0x80006e10 (0x758a8413) addi    s0, s5, 1880
core   0: 3 0x80006e10 (0x758a8413) x 8 0x00000757
core   0: 0x80006e14 (0x006400b3) add     ra, s0, t1
core   0: 3 0x80006e14 (0x006400b3) x 1 0xd28ebea7
core   0: 0x80006e18 (0x001d0333) add     t1, s10, ra
core   0: 3 0x80006e18 (0x001d0333) x 6 0xd28ebea6
core   0: 0x80006e1c (0x00000013) nop
core   0: 3 0x80006e1c (0x00000013)
core   0: 0x80006e20 (0x410d0ab3) sub     s5, s10, a6
core   0: 3 0x80006e20 (0x410d0ab3) x21 0xffffffff
core   0: 0x80006e24 (0xd7f4bab7) lui     s5, 0xd7f4b
core   0: 3 0x80006e24 (0xd7f4bab7) x21 0xd7f4b000
core   0: 0x80006e28 (0x00000013) nop
core   0: 3 0x80006e28 (0x00000013)
core   0: 0x80006e2c (0xcdb98813) addi    a6, s3, -805
core   0: 3 0x80006e2c (0xcdb98813) x16 0x3f3cff54
core   0: 0x80006e30 (0x41008833) sub     a6, ra, a6
core   0: 3 0x80006e30 (0x41008833) x16 0x9351bf53
core   0: 0x80006e34 (0xc871c937) lui     s2, 0xc871c
core   0: 3 0x80006e34 (0xc871c937) x18 0xc871c000
core   0: 0x80006e38 (0x401c8ab3) sub     s5, s9, ra
core   0: 3 0x80006e38 (0x401c8ab3) x21 0x2d714159
core   0: 0x80006e3c (0x41208cb3) sub     s9, ra, s2
core   0: 3 0x80006e3c (0x41208cb3) x25 0x0a1cfea7
core   0: 0x80006e40 (0x41530cb3) sub     s9, t1, s5
core   0: 3 0x80006e40 (0x41530cb3) x25 0xa51d7d4d
core   0: 0x80006e44 (0x01540d33) add     s10, s0, s5
core   0: 3 0x80006e44 (0x01540d33) x26 0x2d7148b0
core   0: 0x80006e48 (0x40830ab3) sub     s5, t1, s0
core   0: 3 0x80006e48 (0x40830ab3) x21 0xd28eb74f
core   0: 0x80006e4c (0x415080b3) sub     ra, ra, s5
core   0: 3 0x80006e4c (0x415080b3) x 1 0x00000758
core   0: 0x80006e50 (0x01330ab3) add     s5, t1, s3
core   0: 3 0x80006e50 (0x01330ab3) x21 0x11cbc11f
core   0: 0x80006e54 (0x3c9f0313) addi    t1, t5, 969
core   0: 3 0x80006e54 (0x3c9f0313) x 6 0x800003c9
core   0: 0x80006e58 (0xd88b6337) lui     t1, 0xd88b6
core   0: 3 0x80006e58 (0xd88b6337) x 6 0xd88b6000
core   0: 0x80006e5c (0x006a8833) add     a6, s5, t1
core   0: 3 0x80006e5c (0x006a8833) x16 0xea57211f
core   0: 0x80006e60 (0x00000013) nop
core   0: 3 0x80006e60 (0x00000013)
core   0: 0x80006e64 (0x37193817) auipc   a6, 0x37193
core   0: 3 0x80006e64 (0x37193817) x16 0xb7199e64
core   0: 0x80006e68 (0xde040413) addi    s0, s0, -544
core   0: 3 0x80006e68 (0xde040413) x 8 0x00000537
core   0: 0x80006e6c (0x1846fa13) andi    s4, a3, 388
core   0: 3 0x80006e6c (0x1846fa13) x20 0x00000000
core   0: 0x80006e70 (0x4d251a17) auipc   s4, 0x4d251
core   0: 3 0x80006e70 (0x4d251a17) x20 0xcd257e70
core   0: 0x80006e74 (0x00e2bab3) sltu    s5, t0, a4
core   0: 3 0x80006e74 (0x00e2bab3) x21 0x00000000
core   0: 0x80006e78 (0x01942133) slt     sp, s0, s9
core   0: 3 0x80006e78 (0x01942133) x 2 0x00000000
core   0: 0x80006e7c (0x4126dd13) srai    s10, a3, 18
core   0: 3 0x80006e7c (0x4126dd13) x26 0x00000000
core   0: 0x80006e80 (0x5713f113) andi    sp, t2, 1393
core   0: 3 0x80006e80 (0x5713f113) x 2 0x00000460
core   0: 0x80006e84 (0x00eee733) or      a4, t4, a4
core   0: 3 0x80006e84 (0x00eee733) x14 0x00007420
core   0: 0x80006e88 (0x86a54793) xori    a5, a0, -1942
core   0: 3 0x80006e88 (0x86a54793) x15 0xfffff86a
core   0: 0x80006e8c (0x012be533) or      a0, s7, s2
core   0: 3 0x80006e8c (0x012be533) x10 0xc871c000
core   0: 0x80006e90 (0x299f6993) ori     s3, t5, 665
core   0: 3 0x80006e90 (0x299f6993) x19 0x80000299
core   0: 0x80006e94 (0x005f75b3) and     a1, t5, t0
core   0: 3 0x80006e94 (0x005f75b3) x11 0x00000000
core   0: 0x80006e98 (0x00559433) sll     s0, a1, t0
core   0: 3 0x80006e98 (0x00559433) x 8 0x00000000
core   0: 0x80006e9c (0x404d81b3) sub     gp, s11, tp
core   0: 3 0x80006e9c (0x404d81b3) x 3 0xe2288000
core   0: 0x80006ea0 (0x019b1193) slli    gp, s6, 25
core   0: 3 0x80006ea0 (0x019b1193) x 3 0xc2000000
core   0: 0x80006ea4 (0x891deb93) ori     s7, s11, -1903
core   0: 3 0x80006ea4 (0x891deb93) x23 0xfffff891
core   0: 0x80006ea8 (0x4e3da193) slti    gp, s11, 1251
core   0: 3 0x80006ea8 (0x4e3da193) x 3 0x00000001
core   0: 0x80006eac (0x00000013) nop
core   0: 3 0x80006eac (0x00000013)
core   0: 0x80006eb0 (0x005eed33) or      s10, t4, t0
core   0: 3 0x80006eb0 (0x005eed33) x26 0x00007421
core   0: 0x80006eb4 (0x7c8f3a93) sltiu   s5, t5, 1992
core   0: 3 0x80006eb4 (0x7c8f3a93) x21 0x00000000
core   0: 0x80006eb8 (0x00809413) slli    s0, ra, 8
core   0: 3 0x80006eb8 (0x00809413) x 8 0x00075800
core   0: 0x80006ebc (0x41b10233) sub     tp, sp, s11
core   0: 3 0x80006ebc (0x41b10233) x 4 0x1dd78460
core   0: 0x80006ec0 (0x41760eb3) sub     t4, a2, s7
core   0: 3 0x80006ec0 (0x41760eb3) x29 0x00000770
core   0: 0x80006ec4 (0x009f9913) slli    s2, t6, 9
core   0: 3 0x80006ec4 (0x009f9913) x18 0x0154cc00
core   0: 0x80006ec8 (0x005b5133) srl     sp, s6, t0
core   0: 3 0x80006ec8 (0x005b5133) x 2 0x7441cb70
core   0: 0x80006ecc (0x01f09213) slli    tp, ra, 31
core   0: 3 0x80006ecc (0x01f09213) x 4 0x00000000
core   0: 0x80006ed0 (0x99816e13) ori     t3, sp, -1640
core   0: 3 0x80006ed0 (0x99816e13) x28 0xfffffbf8
core   0: 0x80006ed4 (0x6c58aa13) slti    s4, a7, 1733
core   0: 3 0x80006ed4 (0x6c58aa13) x20 0x00000001
core   0: 0x80006ed8 (0x8e4f4c93) xori    s9, t5, -1820
core   0: 3 0x80006ed8 (0x8e4f4c93) x25 0x7ffff8e4
core   0: 0x80006edc (0x006377b3) and     a5, t1, t1
core   0: 3 0x80006edc (0x006377b3) x15 0xd88b6000
core   0: 0x80006ee0 (0x01d6ad33) slt     s10, a3, t4
core   0: 3 0x80006ee0 (0x01d6ad33) x26 0x00000001
core   0: 0x80006ee4 (0xcc5d4c93) xori    s9, s10, -827
core   0: 3 0x80006ee4 (0xcc5d4c93) x25 0xfffffcc4
core   0: 0x80006ee8 (0x6835ae97) auipc   t4, 0x6835a
core   0: 3 0x80006ee8 (0x6835ae97) x29 0xe8360ee8
core   0: 0x80006eec (0x61224193) xori    gp, tp, 1554
core   0: 3 0x80006eec (0x61224193) x 3 0x00000612
core   0: 0x80006ef0 (0x40fc5cb3) sra     s9, s8, a5
core   0: 3 0x80006ef0 (0x40fc5cb3) x25 0xfc451000
core   0: 0x80006ef4 (0x01109193) slli    gp, ra, 17
core   0: 3 0x80006ef4 (0x01109193) x 3 0x0eb00000
core   0: 0x80006ef8 (0x00afbcb3) sltu    s9, t6, a0
core   0: 3 0x80006ef8 (0x00afbcb3) x25 0x00000001
core   0: 0x80006efc (0x01f3bcb3) sltu    s9, t2, t6
core   0: 3 0x80006efc (0x01f3bcb3) x25 0x00000001
core   0: 0x80006f00 (0x42c6fa13) andi    s4, a3, 1068
core   0: 3 0x80006f00 (0x42c6fa13) x20 0x00000000
core   0: 0x80006f04 (0x00000013) nop
core   0: 3 0x80006f04 (0x00000013)
core   0: 0x80006f08 (0x36498b93) addi    s7, s3, 868
core   0: 3 0x80006f08 (0x36498b93) x23 0x800005fd
core   0: 0x80006f0c (0x00000013) nop
core   0: 3 0x80006f0c (0x00000013)
core   0: 0x80006f10 (0x007ae4b3) or      s1, s5, t2
core   0: 3 0x80006f10 (0x007ae4b3) x 9 0x80015ce4
core   0: 0x80006f14 (0x0041da93) srli    s5, gp, 4
core   0: 3 0x80006f14 (0x0041da93) x21 0x00eb0000
core   0: 0x80006f18 (0x1b36cd93) xori    s11, a3, 435
core   0: 3 0x80006f18 (0x1b36cd93) x27 0x000001b2
core   0: 0x80006f1c (0xd503c293) xori    t0, t2, -688
core   0: 3 0x80006f1c (0xd503c293) x 5 0x7ffea1b4
core   0: 0x80006f20 (0x3dac7c13) andi    s8, s8, 986
core   0: 3 0x80006f20 (0x3dac7c13) x24 0x00000000
core   0: 0x80006f24 (0xd1de8213) addi    tp, t4, -739
core   0: 3 0x80006f24 (0xd1de8213) x 4 0xe8360c05
core   0: 0x80006f28 (0x004cce33) xor     t3, s9, tp
core   0: 3 0x80006f28 (0x004cce33) x28 0xe8360c04
core   0: 0x80006f2c (0xf68d4293) xori    t0, s10, -152
core   0: 3 0x80006f2c (0xf68d4293) x 5 0xffffff69
core   0: 0x80006f30 (0xd6dc2237) lui     tp, 0xd6dc2
core   0: 3 0x80006f30 (0xd6dc2237) x 4 0xd6dc2000
core   0: 0x80006f34 (0x00723933) sltu    s2, tp, t2
core   0: 3 0x80006f34 (0x00723933) x18 0x00000000
core   0: 0x80006f38 (0x40735cb3) sra     s9, t1, t2
core   0: 3 0x80006f38 (0x40735cb3) x25 0xfd88b600
core   0: 0x80006f3c (0x3e234437) lui     s0, 0x3e234
core   0: 3 0x80006f3c (0x3e234437) x 8 0x3e234000
core   0: 0x80006f40 (0xad940413) addi    s0, s0, -1319
core   0: 3 0x80006f40 (0xad940413) x 8 0x3e233ad9
core   0: 0x80006f44 (0xa5066637) lui     a2, 0xa5066
core   0: 3 0x80006f44 (0xa5066637) x12 0xa5066000
core   0: 0x80006f48 (0x88360613) addi    a2, a2, -1917
core   0: 3 0x80006f48 (0x88360613) x12 0xa5065883
core   0: 0x80006f4c (0x80000d37) lui     s10, 0x80000
core   0: 3 0x80006f4c (0x80000d37) x26 0x80000000
core   0: 0x80006f50 (0xa2cb56b7) lui     a3, 0xa2cb5
core   0: 3 0x80006f50 (0xa2cb56b7) x13 0xa2cb5000
core   0: 0x80006f54 (0x5eb68693) addi    a3, a3, 1515
core   0: 3 0x80006f54 (0x5eb68693) x13 0xa2cb55eb
core   0: 0x80006f58 (0x80000a37) lui     s4, 0x80000
core   0: 3 0x80006f58 (0x80000a37) x20 0x80000000
core   0: 0x80006f5c (0xfff00113) li      sp, -1
core   0: 3 0x80006f5c (0xfff00113) x 2 0xffffffff
core   0: 0x80006f60 (0x00000c13) li      s8, 0
core   0: 3 0x80006f60 (0x00000c13) x24 0x00000000
core   0: 0x80006f64 (0x800005b7) lui     a1, 0x80000
core   0: 3 0x80006f64 (0x800005b7) x11 0x80000000
core   0: 0x80006f68 (0x00000493) li      s1, 0
core   0: 3 0x80006f68 (0x00000493) x 9 0x00000000
core   0: 0x80006f6c (0xd2cfeeb7) lui     t4, 0xd2cfe
core   0: 3 0x80006f6c (0xd2cfeeb7) x29 0xd2cfe000
core   0: 0x80006f70 (0x1ffe8e93) addi    t4, t4, 511
core   0: 3 0x80006f70 (0x1ffe8e93) x29 0xd2cfe1ff
core   0: 0x80006f74 (0x6b958593) addi    a1, a1, 1721
core   0: 3 0x80006f74 (0x6b958593) x11 0x800006b9
core   0: 0x80006f78 (0x1c6e8613) addi    a2, t4, 454
core   0: 3 0x80006f78 (0x1c6e8613) x12 0xd2cfe3c5
core   0: 0x80006f7c (0x00000013) nop
core   0: 3 0x80006f7c (0x00000013)
core   0: 0x80006f80 (0x38243637) lui     a2, 0x38243
core   0: 3 0x80006f80 (0x38243637) x12 0x38243000
core   0: 0x80006f84 (0xa7d3ba37) lui     s4, 0xa7d3b
core   0: 3 0x80006f84 (0xa7d3ba37) x20 0xa7d3b000
core   0: 0x80006f88 (0x414a05b3) sub     a1, s4, s4
core   0: 3 0x80006f88 (0x414a05b3) x11 0x00000000
core   0: 0x80006f8c (0x00b40c33) add     s8, s0, a1
core   0: 3 0x80006f8c (0x00b40c33) x24 0x3e233ad9
core   0: 0x80006f90 (0x40910133) sub     sp, sp, s1
core   0: 3 0x80006f90 (0x40910133) x 2 0xffffffff
core   0: 0x80006f94 (0x00000013) nop
core   0: 3 0x80006f94 (0x00000013)
core   0: 0x80006f98 (0x45210d13) addi    s10, sp, 1106
core   0: 3 0x80006f98 (0x45210d13) x26 0x00000451
core   0: 0x80006f9c (0xd30a0a13) addi    s4, s4, -720
core   0: 3 0x80006f9c (0xd30a0a13) x20 0xa7d3ad30
core   0: 0x80006fa0 (0x00000013) nop
core   0: 3 0x80006fa0 (0x00000013)
core   0: 0x80006fa4 (0x002a0433) add     s0, s4, sp
core   0: 3 0x80006fa4 (0x002a0433) x 8 0xa7d3ad2f
core   0: 0x80006fa8 (0x734b6617) auipc   a2, 0x734b6
core   0: 3 0x80006fa8 (0x734b6617) x12 0xf34bcfa8
core   0: 0x80006fac (0x0c3f0c37) lui     s8, 0xc3f0
core   0: 3 0x80006fac (0x0c3f0c37) x24 0x0c3f0000
core   0: 0x80006fb0 (0x000b0eb3) add     t4, s6, zero
core   0: 3 0x80006fb0 (0x000b0eb3) x29 0xe88396e1
core   0: 0x80006fb4 (0x110ded37) lui     s10, 0x110de
core   0: 3 0x80006fb4 (0x110ded37) x26 0x110de000
core   0: 0x80006fb8 (0x5a236293) ori     t0, t1, 1442
core   0: 3 0x80006fb8 (0x5a236293) x 5 0xd88b65a2
core   0: 0x80006fbc (0x019c5d33) srl     s10, s8, s9
core   0: 3 0x80006fbc (0x019c5d33) x26 0x0c3f0000
core   0: 0x80006fc0 (0x403f5c33) sra     s8, t5, gp
core   0: 3 0x80006fc0 (0x403f5c33) x24 0x80000000
core   0: 0x80006fc4 (0x001a00b3) add     ra, s4, ra
core   0: 3 0x80006fc4 (0x001a00b3) x 1 0xa7d3b488
core   0: 0x80006fc8 (0x40938eb3) sub     t4, t2, s1
core   0: 3 0x80006fc8 (0x40938eb3) x29 0x80015ce4
core   0: 0x80006fcc (0x0171c5b3) xor     a1, gp, s7
core   0: 3 0x80006fcc (0x0171c5b3) x11 0x8eb005fd
core   0: 0x80006fd0 (0x22c87a93) andi    s5, a6, 556
core   0: 3 0x80006fd0 (0x22c87a93) x21 0x00000224
core   0: 0x80006fd4 (0x003b3fb3) sltu    t6, s6, gp
core   0: 3 0x80006fd4 (0x003b3fb3) x31 0x00000000
core   0: 0x80006fd8 (0x019152b3) srl     t0, sp, s9
core   0: 3 0x80006fd8 (0x019152b3) x 5 0xffffffff
core   0: 0x80006fdc (0x411a5e33) sra     t3, s4, a7
core   0: 3 0x80006fdc (0x411a5e33) x28 0xfa7d3ad3
core   0: 0x80006fe0 (0x407d5993) srai    s3, s10, 7
core   0: 3 0x80006fe0 (0x407d5993) x19 0x00187e00
core   0: 0x80006fe4 (0x00e75eb3) srl     t4, a4, a4
core   0: 3 0x80006fe4 (0x00e75eb3) x29 0x00007420
core   0: 0x80006fe8 (0x008331b3) sltu    gp, t1, s0
core   0: 3 0x80006fe8 (0x008331b3) x 3 0x00000000
core   0: 0x80006fec (0x01339bb3) sll     s7, t2, s3
core   0: 3 0x80006fec (0x01339bb3) x23 0x80015ce4
core   0: 0x80006ff0 (0x002dc6b3) xor     a3, s11, sp
core   0: 3 0x80006ff0 (0x002dc6b3) x13 0xfffffe4d
core   0: 0x80006ff4 (0x7ede0213) addi    tp, t3, 2029
core   0: 3 0x80006ff4 (0x7ede0213) x 4 0xfa7d42c0
core   0: 0x80006ff8 (0x404f6513) ori     a0, t5, 1028
core   0: 3 0x80006ff8 (0x404f6513) x10 0x80000404
core   0: 0x80006ffc (0x93c57413) andi    s0, a0, -1732
core   0: 3 0x80006ffc (0x93c57413) x 8 0x80000004
core   0: 0x80007000 (0x01869d33) sll     s10, a3, s8
core   0: 3 0x80007000 (0x01869d33) x26 0xfffffe4d
core   0: 0x80007004 (0x01c31cb3) sll     s9, t1, t3
core   0: 3 0x80007004 (0x01c31cb3) x25 0x00000000
core   0: 0x80007008 (0x016ac4b3) xor     s1, s5, s6
core   0: 3 0x80007008 (0x016ac4b3) x 9 0xe88394c5
core   0: 0x8000700c (0x417b5033) sra     zero, s6, s7
core   0: 3 0x8000700c (0x417b5033)
core   0: 0x80007010 (0xfa280993) addi    s3, a6, -94
core   0: 3 0x80007010 (0xfa280993) x19 0xb7199e06
core   0: 0x80007014 (0x41e10333) sub     t1, sp, t5
core   0: 3 0x80007014 (0x41e10333) x 6 0x7fffffff
core   0: 0x80007018 (0x00826533) or      a0, tp, s0
core   0: 3 0x80007018 (0x00826533) x10 0xfa7d42c4
core   0: 0x8000701c (0x00b3f9b3) and     s3, t2, a1
core   0: 3 0x8000701c (0x00b3f9b3) x19 0x800004e4
core   0: 0x80007020 (0x16a3a413) slti    s0, t2, 362
core   0: 3 0x80007020 (0x16a3a413) x 8 0x00000001
core   0: 0x80007024 (0x0402e113) ori     sp, t0, 64
core   0: 3 0x80007024 (0x0402e113) x 2 0xffffffff
core   0: 0x80007028 (0x04effd13) andi    s10, t6, 78
core   0: 3 0x80007028 (0x04effd13) x26 0x00000000
core   0: 0x8000702c (0xf6babd13) sltiu   s10, s5, -149
core   0: 3 0x8000702c (0xf6babd13) x26 0x00000001
core   0: 0x80007030 (0x01b5f033) and     zero, a1, s11
core   0: 3 0x80007030 (0x01b5f033)
core   0: 0x80007034 (0xed932d93) slti    s11, t1, -295
core   0: 3 0x80007034 (0xed932d93) x27 0x00000000
core   0: 0x80007038 (0x01853033) sltu    zero, a0, s8
core   0: 3 0x80007038 (0x01853033)
core   0: 0x8000703c (0x00022fb3) slt     t6, tp, zero
core   0: 3 0x8000703c (0x00022fb3) x31 0x00000001
core   0: 0x80007040 (0x2dbd0c93) addi    s9, s10, 731
core   0: 3 0x80007040 (0x2dbd0c93) x25 0x000002dc
core   0: 0x80007044 (0x011cd713) srli    a4, s9, 17
core   0: 3 0x80007044 (0x011cd713) x14 0x00000000
core   0: 0x80007048 (0xfefdf593) andi    a1, s11, -17
core   0: 3 0x80007048 (0xfefdf593) x11 0x00000000
core   0: 0x8000704c (0x00000013) nop
core   0: 3 0x8000704c (0x00000013)
core   0: 0x80007050 (0x00e6dd93) srli    s11, a3, 14
core   0: 3 0x80007050 (0x00e6dd93) x27 0x0003ffff
core   0: 0x80007054 (0x010455b3) srl     a1, s0, a6
core   0: 3 0x80007054 (0x010455b3) x11 0x00000000
core   0: 0x80007058 (0x01df9c93) slli    s9, t6, 29
core   0: 3 0x80007058 (0x01df9c93) x25 0x20000000
core   0: 0x8000705c (0x009277b3) and     a5, tp, s1
core   0: 3 0x8000705c (0x009277b3) x15 0xe80100c0
core   0: 0x80007060 (0x0054c4b3) xor     s1, s1, t0
core   0: 3 0x80007060 (0x0054c4b3) x 9 0x177c6b3a
core   0: 0x80007064 (0x010b5913) srli    s2, s6, 16
core   0: 3 0x80007064 (0x010b5913) x18 0x0000e883
core   0: 0x80007068 (0x00fea933) slt     s2, t4, a5
core   0: 3 0x80007068 (0x00fea933) x18 0x00000000
core   0: 0x8000706c (0x72b14693) xori    a3, sp, 1835
core   0: 3 0x8000706c (0x72b14693) x13 0xfffff8d4
core   0: 0x80007070 (0x37cc9037) lui     zero, 0x37cc9
core   0: 3 0x80007070 (0x37cc9037)
core   0: 0x80007074 (0x41c104b3) sub     s1, sp, t3
core   0: 3 0x80007074 (0x41c104b3) x 9 0x0582c52c
core   0: 0x80007078 (0x0fa1b693) sltiu   a3, gp, 250
core   0: 3 0x80007078 (0x0fa1b693) x13 0x00000001
core   0: 0x8000707c (0x40035733) sra     a4, t1, zero
core   0: 3 0x8000707c (0x40035733) x14 0x7fffffff
core   0: 0x80007080 (0xbba3c313) xori    t1, t2, -1094
core   0: 3 0x80007080 (0xbba3c313) x 6 0x7ffea75e
core   0: 0x80007084 (0x45c8c293) xori    t0, a7, 1116
core   0: 3 0x80007084 (0x45c8c293) x 5 0x80011a38
core   0: 0x80007088 (0x47dd6797) auipc   a5, 0x47dd6
core   0: 3 0x80007088 (0x47dd6797) x15 0xc7ddd088
core   0: 0x8000708c (0x709b2c13) slti    s8, s6, 1801
core   0: 3 0x8000708c (0x709b2c13) x24 0x00000001
core   0: 0x80007090 (0x003456b3) srl     a3, s0, gp
core   0: 3 0x80007090 (0x003456b3) x13 0x00000001
core   0: 0x80007094 (0x00505bb3) srl     s7, zero, t0
core   0: 3 0x80007094 (0x00505bb3) x23 0x00000000
core   0: 0x80007098 (0x00b500b3) add     ra, a0, a1
core   0: 3 0x80007098 (0x00b500b3) x 1 0xfa7d42c4
core   0: 0x8000709c (0x419d5fb3) sra     t6, s10, s9
core   0: 3 0x8000709c (0x419d5fb3) x31 0x00000001
core   0: 0x800070a0 (0xc62a0017) auipc   zero, 0xc62a0
core   0: 3 0x800070a0 (0xc62a0017)
core   0: 0x800070a4 (0xfd75ca13) xori    s4, a1, -41
core   0: 3 0x800070a4 (0xfd75ca13) x20 0xffffffd7
core   0: 0x800070a8 (0x01b1c4b3) xor     s1, gp, s11
core   0: 3 0x800070a8 (0x01b1c4b3) x 9 0x0003ffff
core   0: 0x800070ac (0x01340833) add     a6, s0, s3
core   0: 3 0x800070ac (0x01340833) x16 0x800004e5
core   0: 0x800070b0 (0x01bce833) or      a6, s9, s11
core   0: 3 0x800070b0 (0x01bce833) x16 0x2003ffff
core   0: 0x800070b4 (0x01385313) srli    t1, a6, 19
core   0: 3 0x800070b4 (0x01385313) x 6 0x00000400
core   0: 0x800070b8 (0x00f35d33) srl     s10, t1, a5
core   0: 3 0x800070b8 (0x00f35d33) x26 0x00000004
core   0: 0x800070bc (0x004ebeb3) sltu    t4, t4, tp
core   0: 3 0x800070bc (0x004ebeb3) x29 0x00000001
core   0: 0x800070c0 (0x01d99833) sll     a6, s3, t4
core   0: 3 0x800070c0 (0x01d99833) x16 0x000009c8
core   0: 0x800070c4 (0x013cecb3) or      s9, s9, s3
core   0: 3 0x800070c4 (0x013cecb3) x25 0xa00004e4
core   0: 0x800070c8 (0x92862813) slti    a6, a2, -1752
core   0: 3 0x800070c8 (0x92862813) x16 0x00000001
core   0: 0x800070cc (0xf10f4f13) xori    t5, t5, -240
core   0: 3 0x800070cc (0xf10f4f13) x30 0x7fffff10
core   0: 0x800070d0 (0x09342213) slti    tp, s0, 147
core   0: 3 0x800070d0 (0x09342213) x 4 0x00000001
core   0: 0x800070d4 (0x007b2a33) slt     s4, s6, t2
core   0: 3 0x800070d4 (0x007b2a33) x20 0x00000000
core   0: 0x800070d8 (0x01b255b3) srl     a1, tp, s11
core   0: 3 0x800070d8 (0x01b255b3) x11 0x00000000
core   0: 0x800070dc (0x015aa5b3) slt     a1, s5, s5
core   0: 3 0x800070dc (0x015aa5b3) x11 0x00000000
core   0: 0x800070e0 (0x0fe28093) addi    ra, t0, 254
core   0: 3 0x800070e0 (0x0fe28093) x 1 0x80011b36
core   0: 0x800070e4 (0xae84be37) lui     t3, 0xae84b
core   0: 3 0x800070e4 (0xae84be37) x28 0xae84b000
core   0: 0x800070e8 (0x015ff5b3) and     a1, t6, s5
core   0: 3 0x800070e8 (0x015ff5b3) x11 0x00000000
core   0: 0x800070ec (0x00ebcdb3) xor     s11, s7, a4
core   0: 3 0x800070ec (0x00ebcdb3) x27 0x7fffffff
core   0: 0x800070f0 (0x010d6c33) or      s8, s10, a6
core   0: 3 0x800070f0 (0x010d6c33) x24 0x00000005
core   0: 0x800070f4 (0x8e6ec513) xori    a0, t4, -1818
core   0: 3 0x800070f4 (0x8e6ec513) x10 0xfffff8e7
core   0: 0x800070f8 (0x00b154b3) srl     s1, sp, a1
core   0: 3 0x800070f8 (0x00b154b3) x 9 0xffffffff
core   0: 0x800070fc (0x01104833) xor     a6, zero, a7
core   0: 3 0x800070fc (0x01104833) x16 0x80011e64
core   0: 0x80007100 (0x0191cf33) xor     t5, gp, s9
core   0: 3 0x80007100 (0x0191cf33) x30 0xa00004e4
core   0: 0x80007104 (0x418c5713) srai    a4, s8, 24
core   0: 3 0x80007104 (0x418c5713) x14 0x00000000
core   0: 0x80007108 (0x8f28bd93) sltiu   s11, a7, -1806
core   0: 3 0x80007108 (0x8f28bd93) x27 0x00000001
core   0: 0x8000710c (0x004ddb93) srli    s7, s11, 4
core   0: 3 0x8000710c (0x004ddb93) x23 0x00000000
core   0: 0x80007110 (0x006775b3) and     a1, a4, t1
core   0: 3 0x80007110 (0x006775b3) x11 0x00000000
core   0: 0x80007114 (0x00bcd593) srli    a1, s9, 11
core   0: 3 0x80007114 (0x00bcd593) x11 0x00140000
core   0: 0x80007118 (0x2652e493) ori     s1, t0, 613
core   0: 3 0x80007118 (0x2652e493) x 9 0x80011a7d
core   0: 0x8000711c (0x13bfe517) auipc   a0, 0x13bfe
core   0: 3 0x8000711c (0x13bfe517) x10 0x93c0511c
core   0: 0x80007120 (0xe69df193) andi    gp, s11, -407
core   0: 3 0x80007120 (0xe69df193) x 3 0x00000001
core   0: 0x80007124 (0x787eb093) sltiu   ra, t4, 1927
core   0: 3 0x80007124 (0x787eb093) x 1 0x00000001
core   0: 0x80007128 (0x7e6be613) ori     a2, s7, 2022
core   0: 3 0x80007128 (0x7e6be613) x12 0x000007e6
core   0: 0x8000712c (0x42112813) slti    a6, sp, 1057
core   0: 3 0x8000712c (0x42112813) x16 0x00000001
core   0: 0x80007130 (0x40798533) sub     a0, s3, t2
core   0: 3 0x80007130 (0x40798533) x10 0xfffea800
core   0: 0x80007134 (0x9d4cb713) sltiu   a4, s9, -1580
core   0: 3 0x80007134 (0x9d4cb713) x14 0x00000001
core   0: 0x80007138 (0x40d50eb3) sub     t4, a0, a3
core   0: 3 0x80007138 (0x40d50eb3) x29 0xfffea7ff
core   0: 0x8000713c (0xd9338093) addi    ra, t2, -621
core   0: 3 0x8000713c (0xd9338093) x 1 0x80015a77
core   0: 0x80007140 (0x40f9df33) sra     t5, s3, a5
core   0: 3 0x80007140 (0x40f9df33) x30 0xff800004
core   0: 0x80007144 (0x01a9a833) slt     a6, s3, s10
core   0: 3 0x80007144 (0x01a9a833) x16 0x00000001
core   0: 0x80007148 (0x00cb7cb3) and     s9, s6, a2
core   0: 3 0x80007148 (0x00cb7cb3) x25 0x000006e0
core   0: 0x8000714c (0x407c5a93) srai    s5, s8, 7
core   0: 3 0x8000714c (0x407c5a93) x21 0x00000000
core   0: 0x80007150 (0x01f25713) srli    a4, tp, 31
core   0: 3 0x80007150 (0x01f25713) x14 0x00000000
core   0: 0x80007154 (0x69682813) slti    a6, a6, 1686
core   0: 3 0x80007154 (0x69682813) x16 0x00000001
core   0: 0x80007158 (0x008c8633) add     a2, s9, s0
core   0: 3 0x80007158 (0x008c8633) x12 0x000006e1
core   0: 0x8000715c (0x000b7d33) and     s10, s6, zero
core   0: 3 0x8000715c (0x000b7d33) x26 0x00000000
core   0: 0x80007160 (0x0013c5b3) xor     a1, t2, ra
core   0: 3 0x80007160 (0x0013c5b3) x11 0x00000693
core   0: 0x80007164 (0xc5b33c37) lui     s8, 0xc5b33
core   0: 3 0x80007164 (0xc5b33c37) x24 0xc5b33000
core   0: 0x80007168 (0x00191fb3) sll     t6, s2, ra
core   0: 3 0x80007168 (0x00191fb3) x31 0x00000000
core   0: 0x8000716c (0x41888f33) sub     t5, a7, s8
core   0: 3 0x8000716c (0x41888f33) x30 0xba4dee64
core   0: 0x80007170 (0x00a7fc33) and     s8, a5, a0
core   0: 3 0x80007170 (0x00a7fc33) x24 0xc7dc8000
core   0: 0x80007174 (0x40b70113) addi    sp, a4, 1035
core   0: 3 0x80007174 (0x40b70113) x 2 0x0000040b
core   0: 0x80007178 (0xbed84413) xori    s0, a6, -1043
core   0: 3 0x80007178 (0xbed84413) x 8 0xfffffbec
core   0: 0x8000717c (0x9e10d1b7) lui     gp, 0x9e10d
core   0: 3 0x8000717c (0x9e10d1b7) x 3 0x9e10d000
core   0: 0x80007180 (0xfcefec93) ori     s9, t6, -50
core   0: 3 0x80007180 (0xfcefec93) x25 0xffffffce
core   0: 0x80007184 (0x0050df93) srli    t6, ra, 5
core   0: 3 0x80007184 (0x0050df93) x31 0x04000ad3
core   0: 0x80007188 (0xfad4ae37) lui     t3, 0xfad4a
core   0: 3 0x80007188 (0xfad4ae37) x28 0xfad4a000
core   0: 0x8000718c (0x40228a33) sub     s4, t0, sp
core   0: 3 0x8000718c (0x40228a33) x20 0x8001162d
core   0: 0x80007190 (0x009e9933) sll     s2, t4, s1
core   0: 3 0x80007190 (0x009e9933) x18 0xe0000000
core   0: 0x80007194 (0x5f22ab93) slti    s7, t0, 1522
core   0: 3 0x80007194 (0x5f22ab93) x23 0x00000001
core   0: 0x80007198 (0x01223633) sltu    a2, tp, s2
core   0: 3 0x80007198 (0x01223633) x12 0x00000001
core   0: 0x8000719c (0x00000013) nop
core   0: 3 0x8000719c (0x00000013)
core   0: 0x800071a0 (0x111a3913) sltiu   s2, s4, 273
core   0: 3 0x800071a0 (0x111a3913) x18 0x00000000
core   0: 0x800071a4 (0x00b05b93) srli    s7, zero, 11
core   0: 3 0x800071a4 (0x00b05b93) x23 0x00000000
core   0: 0x800071a8 (0xd0374e93) xori    t4, a4, -765
core   0: 3 0x800071a8 (0xd0374e93) x29 0xfffffd03
core   0: 0x800071ac (0x00000013) nop
core   0: 3 0x800071ac (0x00000013)
core   0: 0x800071b0 (0x266b2213) slti    tp, s6, 614
core   0: 3 0x800071b0 (0x266b2213) x 4 0x00000001
core   0: 0x800071b4 (0x23683317) auipc   t1, 0x23683
core   0: 3 0x800071b4 (0x23683317) x 6 0xa368a1b4
core   0: 0x800071b8 (0x005d2e33) slt     t3, s10, t0
core   0: 3 0x800071b8 (0x005d2e33) x28 0x00000000
core   0: 0x800071bc (0x01959e93) slli    t4, a1, 25
core   0: 3 0x800071bc (0x01959e93) x29 0x26000000
core   0: 0x800071c0 (0x00367f93) andi    t6, a2, 3
core   0: 3 0x800071c0 (0x00367f93) x31 0x00000001
core   0: 0x800071c4 (0xf14db697) auipc   a3, 0xf14db
core   0: 3 0x800071c4 (0xf14db697) x13 0x714e21c4
core   0: 0x800071c8 (0x00f50fb3) add     t6, a0, a5
core   0: 3 0x800071c8 (0x00f50fb3) x31 0xc7dc7888
core   0: 0x800071cc (0x00bd8eb3) add     t4, s11, a1
core   0: 3 0x800071cc (0x00bd8eb3) x29 0x00000694
core   0: 0x800071d0 (0x40d5d633) sra     a2, a1, a3
core   0: 3 0x800071d0 (0x40d5d633) x12 0x00000069
core   0: 0x800071d4 (0x35926217) auipc   tp, 0x35926
core   0: 3 0x800071d4 (0x35926217) x 4 0xb592d1d4
core   0: 0x800071d8 (0x8bb4b193) sltiu   gp, s1, -1861
core   0: 3 0x800071d8 (0x8bb4b193) x 3 0x00000001
core   0: 0x800071dc (0x88caf813) andi    a6, s5, -1908
core   0: 3 0x800071dc (0x88caf813) x16 0x00000000
core   0: 0x800071e0 (0x3ab83313) sltiu   t1, a6, 939
core   0: 3 0x800071e0 (0x3ab83313) x 6 0x00000001
core   0: 0x800071e4 (0x004eddb3) srl     s11, t4, tp
core   0: 3 0x800071e4 (0x004eddb3) x27 0x00000000
core   0: 0x800071e8 (0x1c6b7db7) lui     s11, 0x1c6b7
core   0: 3 0x800071e8 (0x1c6b7db7) x27 0x1c6b7000
core   0: 0x800071ec (0x00d4d9b3) srl     s3, s1, a3
core   0: 3 0x800071ec (0x00d4d9b3) x19 0x080011a7
core   0: 0x800071f0 (0x4003d913) srai    s2, t2, 0
core   0: 3 0x800071f0 (0x4003d913) x18 0x80015ce4
core   0: 0x800071f4 (0x01dcc9b3) xor     s3, s9, t4
core   0: 3 0x800071f4 (0x01dcc9b3) x19 0xfffff95a
core   0: 0x800071f8 (0x00284f33) xor     t5, a6, sp
core   0: 3 0x800071f8 (0x00284f33) x30 0x0000040b
core   0: 0x800071fc (0x9144a313) slti    t1, s1, -1772
core   0: 3 0x800071fc (0x9144a313) x 6 0x00000001
core   0: 0x80007200 (0x4b7c4513) xori    a0, s8, 1207
core   0: 3 0x80007200 (0x4b7c4513) x10 0xc7dc84b7
core   0: 0x80007204 (0x01591333) sll     t1, s2, s5
core   0: 3 0x80007204 (0x01591333) x 6 0x80015ce4
core   0: 0x80007208 (0x01b51e13) slli    t3, a0, 27
core   0: 3 0x80007208 (0x01b51e13) x28 0xb8000000
core   0: 0x8000720c (0xb6004113) xori    sp, zero, -1184
core   0: 3 0x8000720c (0xb6004113) x 2 0xfffffb60
core   0: 0x80007210 (0x01524133) xor     sp, tp, s5
core   0: 3 0x80007210 (0x01524133) x 2 0xb592d1d4
core   0: 0x80007214 (0x0094ae33) slt     t3, s1, s1
core   0: 3 0x80007214 (0x0094ae33) x28 0x00000000
core   0: 0x80007218 (0x00416f33) or      t5, sp, tp
core   0: 3 0x80007218 (0x00416f33) x30 0xb592d1d4
core   0: 0x8000721c (0x01d682b3) add     t0, a3, t4
core   0: 3 0x8000721c (0x01d682b3) x 5 0x714e2858
core   0: 0x80007220 (0x1612ba93) sltiu   s5, t0, 353
core   0: 3 0x80007220 (0x1612ba93) x21 0x00000000
core   0: 0x80007224 (0x36ad0c93) addi    s9, s10, 874
core   0: 3 0x80007224 (0x36ad0c93) x25 0x0000036a
core   0: 0x80007228 (0x00000013) nop
core   0: 3 0x80007228 (0x00000013)
core   0: 0x8000722c (0x01021633) sll     a2, tp, a6
core   0: 3 0x8000722c (0x01021633) x12 0xb592d1d4
core   0: 0x80007230 (0x0180ecb3) or      s9, ra, s8
core   0: 3 0x80007230 (0x0180ecb3) x25 0xc7ddda77
core   0: 0x80007234 (0x01c489b3) add     s3, s1, t3
core   0: 3 0x80007234 (0x01c489b3) x19 0x80011a7d
core   0: 0x80007238 (0x299ee813) ori     a6, t4, 665
core   0: 3 0x80007238 (0x299ee813) x16 0x0000069d
core   0: 0x8000723c (0x99f09697) auipc   a3, 0x99f09
core   0: 3 0x8000723c (0x99f09697) x13 0x19f1023c
core   0: 0x80007240 (0xbf660817) auipc   a6, 0xbf660
core   0: 3 0x80007240 (0xbf660817) x16 0x3f667240
core   0: 0x80007244 (0x00be1593) slli    a1, t3, 11
core   0: 3 0x80007244 (0x00be1593) x11 0x00000000
core   0: 0x80007248 (0x017c2833) slt     a6, s8, s7
core   0: 3 0x80007248 (0x017c2833) x16 0x00000001
core   0: 0x8000724c (0x0127feb3) and     t4, a5, s2
core   0: 3 0x8000724c (0x0127feb3) x29 0x80015080
core   0: 0x80007250 (0x4171d1b3) sra     gp, gp, s7
core   0: 3 0x80007250 (0x4171d1b3) x 3 0x00000001
core   0: 0x80007254 (0x01801933) sll     s2, zero, s8
core   0: 3 0x80007254 (0x01801933) x18 0x00000000
core   0: 0x80007258 (0x4177d533) sra     a0, a5, s7
core   0: 3 0x80007258 (0x4177d533) x10 0xc7ddd088
core   0: 0x8000725c (0x00b79013) slli    zero, a5, 11
core   0: 3 0x8000725c (0x00b79013)
core   0: 0x80007260 (0x51e0b213) sltiu   tp, ra, 1310
core   0: 3 0x80007260 (0x51e0b213) x 4 0x00000000
core   0: 0x80007264 (0x00f121b3) slt     gp, sp, a5
core   0: 3 0x80007264 (0x00f121b3) x 3 0x00000001
core   0: 0x80007268 (0xd147e037) lui     zero, 0xd147e
core   0: 3 0x80007268 (0xd147e037)
core   0: 0x8000726c (0xff93c793) xori    a5, t2, -7
core   0: 3 0x8000726c (0xff93c793) x15 0x7ffea31d
core   0: 0x80007270 (0x41a05693) srai    a3, zero, 26
core   0: 3 0x80007270 (0x41a05693) x13 0x00000000
core   0: 0x80007274 (0x8493a937) lui     s2, 0x8493a
core   0: 3 0x80007274 (0x8493a937) x18 0x8493a000
core   0: 0x80007278 (0xc5984b93) xori    s7, a6, -935
core   0: 3 0x80007278 (0xc5984b93) x23 0xfffffc58
core   0: 0x8000727c (0x001a2533) slt     a0, s4, ra
core   0: 3 0x8000727c (0x001a2533) x10 0x00000001
core   0: 0x80007280 (0x40bb2493) slti    s1, s6, 1035
core   0: 3 0x80007280 (0x40bb2493) x 9 0x00000001
core   0: 0x80007284 (0xb88f2137) lui     sp, 0xb88f2
core   0: 3 0x80007284 (0xb88f2137) x 2 0xb88f2000
core   0: 0x80007288 (0x00000013) nop
core   0: 3 0x80007288 (0x00000013)
core   0: 0x8000728c (0x017bc4b3) xor     s1, s7, s7
core   0: 3 0x8000728c (0x017bc4b3) x 9 0x00000000
core   0: 0x80007290 (0x408d5bb3) sra     s7, s10, s0
core   0: 3 0x80007290 (0x408d5bb3) x23 0x00000000
core   0: 0x80007294 (0x412bdb93) srai    s7, s7, 18
core   0: 3 0x80007294 (0x412bdb93) x23 0x00000000
core   0: 0x80007298 (0xefacca93) xori    s5, s9, -262
core   0: 3 0x80007298 (0xefacca93) x21 0x3822248d
core   0: 0x8000729c (0x001bf2b3) and     t0, s7, ra
core   0: 3 0x8000729c (0x001bf2b3) x 5 0x00000000
core   0: 0x800072a0 (0x00669213) slli    tp, a3, 6
core   0: 3 0x800072a0 (0x00669213) x 4 0x00000000
core   0: 0x800072a4 (0x014ab4b3) sltu    s1, s5, s4
core   0: 3 0x800072a4 (0x014ab4b3) x 9 0x00000001
core   0: 0x800072a8 (0x40fd5e13) srai    t3, s10, 15
core   0: 3 0x800072a8 (0x40fd5e13) x28 0x00000000
core   0: 0x800072ac (0x01855413) srli    s0, a0, 24
core   0: 3 0x800072ac (0x01855413) x 8 0x00000000
core   0: 0x800072b0 (0x729caa13) slti    s4, s9, 1833
core   0: 3 0x800072b0 (0x729caa13) x20 0x00000001
core   0: 0x800072b4 (0x405ad833) sra     a6, s5, t0
core   0: 3 0x800072b4 (0x405ad833) x16 0x3822248d
core   0: 0x800072b8 (0x546e7913) andi    s2, t3, 1350
core   0: 3 0x800072b8 (0x546e7913) x18 0x00000000
core   0: 0x800072bc (0x00000013) nop
core   0: 3 0x800072bc (0x00000013)
core   0: 0x800072c0 (0x9a438a13) addi    s4, t2, -1628
core   0: 3 0x800072c0 (0x9a438a13) x20 0x80015688
core   0: 0x800072c4 (0x0dd00213) li      tp, 221
core   0: 3 0x800072c4 (0x0dd00213) x 4 0x000000dd
core   0: 0x800072c8 (0x00fce433) or      s0, s9, a5
core   0: 3 0x800072c8 (0x00fce433) x 8 0xfffffb7f
core   0: 0x800072cc (0xfa5516b7) lui     a3, 0xfa551
core   0: 3 0x800072cc (0xfa5516b7) x13 0xfa551000
core   0: 0x800072d0 (0x0127ddb3) srl     s11, a5, s2
core   0: 3 0x800072d0 (0x0127ddb3) x27 0x7ffea31d
core   0: 0x800072d4 (0x0080f833) and     a6, ra, s0
core   0: 3 0x800072d4 (0x0080f833) x16 0x80015a77
core   0: 0x800072d8 (0x7eb7e813) ori     a6, a5, 2027
core   0: 3 0x800072d8 (0x7eb7e813) x16 0x7ffea7ff
core   0: 0x800072dc (0x00230233) add     tp, t1, sp
core   0: 3 0x800072dc (0x00230233) x 4 0x38907ce4
core   0: 0x800072e0 (0x01801613) slli    a2, zero, 24
core   0: 3 0x800072e0 (0x01801613) x12 0x00000000
core   0: 0x800072e4 (0x41bb51b3) sra     gp, s6, s11
core   0: 3 0x800072e4 (0x41bb51b3) x 3 0xffffffff
core   0: 0x800072e8 (0x3e02b513) sltiu   a0, t0, 992
core   0: 3 0x800072e8 (0x3e02b513) x10 0x00000001
core   0: 0x800072ec (0xbb26aa93) slti    s5, a3, -1102
core   0: 3 0x800072ec (0xbb26aa93) x21 0x00000001
core   0: 0x800072f0 (0x41965333) sra     t1, a2, s9
core   0: 3 0x800072f0 (0x41965333) x 6 0x00000000
core   0: 0x800072f4 (0x015f5293) srli    t0, t5, 21
core   0: 3 0x800072f4 (0x015f5293) x 5 0x000005ac
core   0: 0x800072f8 (0x012ea833) slt     a6, t4, s2
core   0: 3 0x800072f8 (0x012ea833) x16 0x00000001
core   0: 0x800072fc (0x00000493) li      s1, 0
core   0: 3 0x800072fc (0x00000493) x 9 0x00000000
core   0: 0x80007300 (0x21137c37) lui     s8, 0x21137
core   0: 3 0x80007300 (0x21137c37) x24 0x21137000
core   0: 0x80007304 (0x0f2c0c13) addi    s8, s8, 242
core   0: 3 0x80007304 (0x0f2c0c13) x24 0x211370f2
core   0: 0x80007308 (0xfff00f93) li      t6, -1
core   0: 3 0x80007308 (0xfff00f93) x31 0xffffffff
core   0: 0x8000730c (0xec854537) lui     a0, 0xec854
core   0: 3 0x8000730c (0xec854537) x10 0xec854000
core   0: 0x80007310 (0x04650513) addi    a0, a0, 70
core   0: 3 0x80007310 (0x04650513) x10 0xec854046
core   0: 0x80007314 (0x00000d93) li      s11, 0
core   0: 3 0x80007314 (0x00000d93) x27 0x00000000
core   0: 0x80007318 (0x415d9eb7) lui     t4, 0x415d9
core   0: 3 0x80007318 (0x415d9eb7) x29 0x415d9000
core   0: 0x8000731c (0x3bae8e93) addi    t4, t4, 954
core   0: 3 0x8000731c (0x3bae8e93) x29 0x415d93ba
core   0: 0x80007320 (0x00000e13) li      t3, 0
core   0: 3 0x80007320 (0x00000e13) x28 0x00000000
core   0: 0x80007324 (0x80000f37) lui     t5, 0x80000
core   0: 3 0x80007324 (0x80000f37) x30 0x80000000
core   0: 0x80007328 (0xfff00d13) li      s10, -1
core   0: 3 0x80007328 (0xfff00d13) x26 0xffffffff
core   0: 0x8000732c (0xfff00b93) li      s7, -1
core   0: 3 0x8000732c (0xfff00b93) x23 0xffffffff
core   0: 0x80007330 (0xa10c5517) auipc   a0, 0xa10c5
core   0: 3 0x80007330 (0xa10c5517) x10 0x210cc330
core   0: 0x80007334 (0x01db8bb3) add     s7, s7, t4
core   0: 3 0x80007334 (0x01db8bb3) x23 0x415d93b9
core   0: 0x80007338 (0x96da5eb7) lui     t4, 0x96da5
core   0: 3 0x80007338 (0x96da5eb7) x29 0x96da5000
core   0: 0x8000733c (0x62f76b97) auipc   s7, 0x62f76
core   0: 3 0x8000733c (0x62f76b97) x23 0xe2f7d33c
core   0: 0x80007340 (0xe07fb537) lui     a0, 0xe07fb
core   0: 3 0x80007340 (0xe07fb537) x10 0xe07fb000
core   0: 0x80007344 (0x01ad0c33) add     s8, s10, s10
core   0: 3 0x80007344 (0x01ad0c33) x24 0xfffffffe
core   0: 0x80007348 (0x01fe0f33) add     t5, t3, t6
core   0: 3 0x80007348 (0x01fe0f33) x30 0xffffffff
core   0: 0x8000734c (0xc4527537) lui     a0, 0xc4527
core   0: 3 0x8000734c (0xc4527537) x10 0xc4527000
core   0: 0x80007350 (0x01750533) add     a0, a0, s7
core   0: 3 0x80007350 (0x01750533) x10 0xa74a433c
core   0: 0x80007354 (0x01dc0eb3) add     t4, s8, t4
core   0: 3 0x80007354 (0x01dc0eb3) x29 0x96da4ffe
core   0: 0x80007358 (0x00000013) nop
core   0: 3 0x80007358 (0x00000013)
core   0: 0x8000735c (0x6da0d497) auipc   s1, 0x6da0d
core   0: 3 0x8000735c (0x6da0d497) x 9 0xeda1435c
core   0: 0x80007360 (0xe6048c13) addi    s8, s1, -416
core   0: 3 0x80007360 (0xe6048c13) x24 0xeda141bc
core   0: 0x80007364 (0x41ed0bb3) sub     s7, s10, t5
core   0: 3 0x80007364 (0x41ed0bb3) x23 0x00000000
core   0: 0x80007368 (0xe5c33537) lui     a0, 0xe5c33
core   0: 3 0x80007368 (0xe5c33537) x10 0xe5c33000
core   0: 0x8000736c (0x41dc0f33) sub     t5, s8, t4
core   0: 3 0x8000736c (0x41dc0f33) x30 0x56c6f1be
core   0: 0x80007370 (0xe454ac13) slti    s8, s1, -443
core   0: 3 0x80007370 (0xe454ac13) x24 0x00000001
core   0: 0x80007374 (0x424f2d13) slti    s10, t5, 1060
core   0: 3 0x80007374 (0x424f2d13) x26 0x00000000
core   0: 0x80007378 (0x00d5e433) or      s0, a1, a3
core   0: 3 0x80007378 (0x00d5e433) x 8 0xfa551000
core   0: 0x8000737c (0x3b34f913) andi    s2, s1, 947
core   0: 3 0x8000737c (0x3b34f913) x18 0x00000310
core   0: 0x80007380 (0x413d5a33) sra     s4, s10, s3
core   0: 3 0x80007380 (0x413d5a33) x20 0x00000000
core   0: 0x80007384 (0x56a8bf93) sltiu   t6, a7, 1386
core   0: 3 0x80007384 (0x56a8bf93) x31 0x00000000
core   0: 0x80007388 (0x1be23113) sltiu   sp, tp, 446
core   0: 3 0x80007388 (0x1be23113) x 2 0x00000000
core   0: 0x8000738c (0xb45f4913) xori    s2, t5, -1211
core   0: 3 0x8000738c (0xb45f4913) x18 0xa9390afb
core   0: 0x80007390 (0x0b68f413) andi    s0, a7, 182
core   0: 3 0x80007390 (0x0b68f413) x 8 0x00000024
core   0: 0x80007394 (0x74183837) lui     a6, 0x74183
core   0: 3 0x80007394 (0x74183837) x16 0x74183000
core   0: 0x80007398 (0x92f0f813) andi    a6, ra, -1745
core   0: 3 0x80007398 (0x92f0f813) x16 0x80015827
core   0: 0x8000739c (0x0033e0b3) or      ra, t2, gp
core   0: 3 0x8000739c (0x0033e0b3) x 1 0xffffffff
core   0: 0x800073a0 (0x01847a33) and     s4, s0, s8
core   0: 3 0x800073a0 (0x01847a33) x20 0x00000000
core   0: 0x800073a4 (0xc8517113) andi    sp, sp, -891
core   0: 3 0x800073a4 (0xc8517113) x 2 0x00000000
core   0: 0x800073a8 (0x002522b3) slt     t0, a0, sp
core   0: 3 0x800073a8 (0x002522b3) x 5 0x00000001
core   0: 0x800073ac (0x00321033) sll     zero, tp, gp
core   0: 3 0x800073ac (0x00321033)
core   0: 0x800073b0 (0xe6ca3f97) auipc   t6, 0xe6ca3
core   0: 3 0x800073b0 (0xe6ca3f97) x31 0x66caa3b0
core   0: 0x800073b4 (0x0047d313) srli    t1, a5, 4
core   0: 3 0x800073b4 (0x0047d313) x 6 0x07ffea31
core   0: 0x800073b8 (0x0157dc93) srli    s9, a5, 21
core   0: 3 0x800073b8 (0x0157dc93) x25 0x000003ff
core   0: 0x800073bc (0x404d0ab3) sub     s5, s10, tp
core   0: 3 0x800073bc (0x404d0ab3) x21 0xc76f831c
core   0: 0x800073c0 (0x01583cb3) sltu    s9, a6, s5
core   0: 3 0x800073c0 (0x01583cb3) x25 0x00000001
core   0: 0x800073c4 (0x01ede833) or      a6, s11, t5
core   0: 3 0x800073c4 (0x01ede833) x16 0x56c6f1be
core   0: 0x800073c8 (0x0024d233) srl     tp, s1, sp
core   0: 3 0x800073c8 (0x0024d233) x 4 0xeda1435c
core   0: 0x800073cc (0x00fbcdb3) xor     s11, s7, a5
core   0: 3 0x800073cc (0x00fbcdb3) x27 0x7ffea31d
core   0: 0x800073d0 (0x006dc4b3) xor     s1, s11, t1
core   0: 3 0x800073d0 (0x006dc4b3) x 9 0x7801492c
core   0: 0x800073d4 (0x00688933) add     s2, a7, t1
core   0: 3 0x800073d4 (0x00688933) x18 0x88010895
core   0: 0x800073d8 (0x00d1c733) xor     a4, gp, a3
core   0: 3 0x800073d8 (0x00d1c733) x14 0x05aaefff
core   0: 0x800073dc (0x0006c233) xor     tp, a3, zero
core   0: 3 0x800073dc (0x0006c233) x 4 0xfa551000
core   0: 0x800073e0 (0x00000013) nop
core   0: 3 0x800073e0 (0x00000013)
core   0: 0x800073e4 (0xdaa27613) andi    a2, tp, -598
core   0: 3 0x800073e4 (0xdaa27613) x12 0xfa551000
core   0: 0x800073e8 (0x71f9b693) sltiu   a3, s3, 1823
core   0: 3 0x800073e8 (0x71f9b693) x13 0x00000000
core   0: 0x800073ec (0xcb227f93) andi    t6, tp, -846
core   0: 3 0x800073ec (0xcb227f93) x31 0xfa551000
core   0: 0x800073f0 (0x018f84b3) add     s1, t6, s8
core   0: 3 0x800073f0 (0x018f84b3) x 9 0xfa551001
core   0: 0x800073f4 (0x40735c13) srai    s8, t1, 7
core   0: 3 0x800073f4 (0x40735c13) x24 0x000fffd4
core   0: 0x800073f8 (0x017f5f93) srli    t6, t5, 23
core   0: 3 0x800073f8 (0x017f5f93) x31 0x000000ad
core   0: 0x800073fc (0x26da8593) addi    a1, s5, 621
core   0: 3 0x800073fc (0x26da8593) x11 0xc76f8589
core   0: 0x80007400 (0x00000013) nop
core   0: 3 0x80007400 (0x00000013)
core   0: 0x80007404 (0x00f11ab3) sll     s5, sp, a5
core   0: 3 0x80007404 (0x00f11ab3) x21 0x00000000
core   0: 0x80007408 (0x41bad2b3) sra     t0, s5, s11
core   0: 3 0x80007408 (0x41bad2b3) x 5 0x00000000
core   0: 0x8000740c (0x20550d93) addi    s11, a0, 517
core   0: 3 0x8000740c (0x20550d93) x27 0xe5c33205
core   0: 0x80007410 (0x41b9d193) srai    gp, s3, 27
core   0: 3 0x80007410 (0x41b9d193) x 3 0xfffffff0
core   0: 0x80007414 (0x5a2e8f13) addi    t5, t4, 1442
core   0: 3 0x80007414 (0x5a2e8f13) x30 0x96da55a0
core   0: 0x80007418 (0x00a7d533) srl     a0, a5, a0
core   0: 3 0x80007418 (0x00a7d533) x10 0x7ffea31d
core   0: 0x8000741c (0x5558e193) ori     gp, a7, 1365
core   0: 3 0x8000741c (0x5558e193) x 3 0x80011f75
core   0: 0x80007420 (0x00b806b3) add     a3, a6, a1
core   0: 3 0x80007420 (0x00b806b3) x13 0x1e367747
core   0: 0x80007424 (0x00000013) nop
core   0: 3 0x80007424 (0x00000013)
core   0: 0x80007428 (0x7fc46093) ori     ra, s0, 2044
core   0: 3 0x80007428 (0x7fc46093) x 1 0x000007fc
core   0: 0x8000742c (0x003210b3) sll     ra, tp, gp
core   0: 3 0x8000742c (0x003210b3) x 1 0x00000000
core   0: 0x80007430 (0x71ae6037) lui     zero, 0x71ae6
core   0: 3 0x80007430 (0x71ae6037)
core   0: 0x80007434 (0xcda97d13) andi    s10, s2, -806
core   0: 3 0x80007434 (0xcda97d13) x26 0x88010890
core   0: 0x80007438 (0x01e09993) slli    s3, ra, 30
core   0: 3 0x80007438 (0x01e09993) x19 0x00000000
core   0: 0x8000743c (0x01655a13) srli    s4, a0, 22
core   0: 3 0x8000743c (0x01655a13) x20 0x000001ff
core   0: 0x80007440 (0x0040f533) and     a0, ra, tp
core   0: 3 0x80007440 (0x0040f533) x10 0x00000000
core   0: 0x80007444 (0x013f7533) and     a0, t5, s3
core   0: 3 0x80007444 (0x013f7533) x10 0x00000000
core   0: 0x80007448 (0x8c23a113) slti    sp, t2, -1854
core   0: 3 0x80007448 (0x8c23a113) x 2 0x00000001
core   0: 0x8000744c (0x6e966c93) ori     s9, a2, 1769
core   0: 3 0x8000744c (0x6e966c93) x25 0xfa5516e9
core   0: 0x80007450 (0x1e07b093) sltiu   ra, a5, 480
core   0: 3 0x80007450 (0x1e07b093) x 1 0x00000000
core   0: 0x80007454 (0x00a8f6b3) and     a3, a7, a0
core   0: 3 0x80007454 (0x00a8f6b3) x13 0x00000000
core   0: 0x80007458 (0xd9fbf493) andi    s1, s7, -609
core   0: 3 0x80007458 (0xd9fbf493) x 9 0x00000000
core   0: 0x8000745c (0x01982c33) slt     s8, a6, s9
core   0: 3 0x8000745c (0x01982c33) x24 0x00000000
core   0: 0x80007460 (0x00ab4433) xor     s0, s6, a0
core   0: 3 0x80007460 (0x00ab4433) x 8 0xe88396e1
core   0: 0x80007464 (0x409d80b3) sub     ra, s11, s1
core   0: 3 0x80007464 (0x409d80b3) x 1 0xe5c33205
core   0: 0x80007468 (0x01324633) xor     a2, tp, s3
core   0: 3 0x80007468 (0x01324633) x12 0xfa551000
core   0: 0x8000746c (0x00000013) nop
core   0: 3 0x8000746c (0x00000013)
core   0: 0x80007470 (0xbd1f9f37) lui     t5, 0xbd1f9
core   0: 3 0x80007470 (0xbd1f9f37) x30 0xbd1f9000
core   0: 0x80007474 (0x4190d4b3) sra     s1, ra, s9
core   0: 3 0x80007474 (0x4190d4b3) x 9 0xfff2e199
core   0: 0x80007478 (0x404cd913) srai    s2, s9, 4
core   0: 3 0x80007478 (0x404cd913) x18 0xffa5516e
core   0: 0x8000747c (0x0138bfb3) sltu    t6, a7, s3
core   0: 3 0x8000747c (0x0138bfb3) x31 0x00000000
core   0: 0x80007480 (0x6d176413) ori     s0, a4, 1745
core   0: 3 0x80007480 (0x6d176413) x 8 0x05aaefff
core   0: 0x80007484 (0x92312793) slti    a5, sp, -1757
core   0: 3 0x80007484 (0x92312793) x15 0x00000000
core   0: 0x80007488 (0xbc53f293) andi    t0, t2, -1083
core   0: 3 0x80007488 (0xbc53f293) x 5 0x800158c4
core   0: 0x8000748c (0x4021d693) srai    a3, gp, 2
core   0: 3 0x8000748c (0x4021d693) x13 0xe00047dd
core   0: 0x80007490 (0x00000013) nop
core   0: 3 0x80007490 (0x00000013)
core   0: 0x80007494 (0x00fe0233) add     tp, t3, a5
core   0: 3 0x80007494 (0x00fe0233) x 4 0x00000000
core   0: 0x80007498 (0x01ad9b93) slli    s7, s11, 26
core   0: 3 0x80007498 (0x01ad9b93) x23 0x14000000
core   0: 0x8000749c (0x00000013) nop
core   0: 3 0x8000749c (0x00000013)
core   0: 0x800074a0 (0x40328533) sub     a0, t0, gp
core   0: 3 0x800074a0 (0x40328533) x10 0x0000394f
core   0: 0x800074a4 (0x0081f033) and     zero, gp, s0
core   0: 3 0x800074a4 (0x0081f033)
core   0: 0x800074a8 (0x00000013) nop
core   0: 3 0x800074a8 (0x00000013)
core   0: 0x800074ac (0x00d349b3) xor     s3, t1, a3
core   0: 3 0x800074ac (0x00d349b3) x19 0xe7ffadec
core   0: 0x800074b0 (0xc5af6693) ori     a3, t5, -934
core   0: 3 0x800074b0 (0xc5af6693) x13 0xfffffc5a
core   0: 0x800074b4 (0xaf5b6f93) ori     t6, s6, -1291
core   0: 3 0x800074b4 (0xaf5b6f93) x31 0xfffffef5
core   0: 0x800074b8 (0x01f30533) add     a0, t1, t6
core   0: 3 0x800074b8 (0x01f30533) x10 0x07ffe926
core   0: 0x800074bc (0x1024f293) andi    t0, s1, 258
core   0: 3 0x800074bc (0x1024f293) x 5 0x00000100
core   0: 0x800074c0 (0x01f3c5b3) xor     a1, t2, t6
core   0: 3 0x800074c0 (0x01f3c5b3) x11 0x7ffea211
core   0: 0x800074c4 (0xef9c4693) xori    a3, s8, -263
core   0: 3 0x800074c4 (0xef9c4693) x13 0xfffffef9
core   0: 0x800074c8 (0x009ff733) and     a4, t6, s1
core   0: 3 0x800074c8 (0x009ff733) x14 0xfff2e091
core   0: 0x800074cc (0x00cea1b3) slt     gp, t4, a2
core   0: 3 0x800074cc (0x00cea1b3) x 3 0x00000001
core   0: 0x800074d0 (0x41c1d813) srai    a6, gp, 28
core   0: 3 0x800074d0 (0x41c1d813) x16 0x00000000
core   0: 0x800074d4 (0x204a8f97) auipc   t6, 0x204a8
core   0: 3 0x800074d4 (0x204a8f97) x31 0xa04af4d4
core   0: 0x800074d8 (0x01421ab3) sll     s5, tp, s4
core   0: 3 0x800074d8 (0x01421ab3) x21 0x00000000
core   0: 0x800074dc (0xa99ec493) xori    s1, t4, -1383
core   0: 3 0x800074dc (0xa99ec493) x 9 0x6925b567
core   0: 0x800074e0 (0x010d74b3) and     s1, s10, a6
core   0: 3 0x800074e0 (0x010d74b3) x 9 0x00000000
core   0: 0x800074e4 (0xd8c2c613) xori    a2, t0, -628
core   0: 3 0x800074e4 (0xd8c2c613) x12 0xfffffc8c
core   0: 0x800074e8 (0x1d77c213) xori    tp, a5, 471
core   0: 3 0x800074e8 (0x1d77c213) x 4 0x000001d7
core   0: 0x800074ec (0x68985917) auipc   s2, 0x68985
core   0: 3 0x800074ec (0x68985917) x18 0xe898c4ec
core   0: 0x800074f0 (0x01da4333) xor     t1, s4, t4
core   0: 3 0x800074f0 (0x01da4333) x 6 0x96da4e01
core   0: 0x800074f4 (0x00929613) slli    a2, t0, 9
core   0: 3 0x800074f4 (0x00929613) x12 0x00020000
core   0: 0x800074f8 (0x00489293) slli    t0, a7, 4
core   0: 3 0x800074f8 (0x00489293) x 5 0x0011e640
core   0: 0x800074fc (0x76d93f13) sltiu   t5, s2, 1901
core   0: 3 0x800074fc (0x76d93f13) x30 0x00000000
core   0: 0x80007500 (0x01234db3) xor     s11, t1, s2
core   0: 3 0x80007500 (0x01234db3) x27 0x7e428aed
core   0: 0x80007504 (0x40a85833) sra     a6, a6, a0
core   0: 3 0x80007504 (0x40a85833) x16 0x00000000
core   0: 0x80007508 (0x402b59b3) sra     s3, s6, sp
core   0: 3 0x80007508 (0x402b59b3) x19 0xf441cb70
core   0: 0x8000750c (0xd8ec0997) auipc   s3, 0xd8ec0
core   0: 3 0x8000750c (0xd8ec0997) x19 0x58ec750c
core   0: 0x80007510 (0x6e67a917) auipc   s2, 0x6e67a
core   0: 3 0x80007510 (0x6e67a917) x18 0xee681510
core   0: 0x80007514 (0x53f1bf37) lui     t5, 0x53f1b
core   0: 3 0x80007514 (0x53f1bf37) x30 0x53f1b000
core   0: 0x80007518 (0x57518013) addi    zero, gp, 1397
core   0: 3 0x80007518 (0x57518013)
core   0: 0x8000751c (0x00ec19b3) sll     s3, s8, a4
core   0: 3 0x8000751c (0x00ec19b3) x19 0x00000000
core   0: 0x80007520 (0x00c7e2b3) or      t0, a5, a2
core   0: 3 0x80007520 (0x00c7e2b3) x 5 0x00020000
core   0: 0x80007524 (0xfbf24513) xori    a0, tp, -65
core   0: 3 0x80007524 (0xfbf24513) x10 0xfffffe68
core   0: 0x80007528 (0x00501613) slli    a2, zero, 5
core   0: 3 0x80007528 (0x00501613) x12 0x00000000
core   0: 0x8000752c (0x01e0fc33) and     s8, ra, t5
core   0: 3 0x8000752c (0x01e0fc33) x24 0x41c13000
core   0: 0x80007530 (0x00425913) srli    s2, tp, 4
core   0: 3 0x80007530 (0x00425913) x18 0x0000001d
core   0: 0x80007534 (0x00000013) nop
core   0: 3 0x80007534 (0x00000013)
core   0: 0x80007538 (0xed64ba93) sltiu   s5, s1, -298
core   0: 3 0x80007538 (0xed64ba93) x21 0x00000001
core   0: 0x8000753c (0x00000013) nop
core   0: 3 0x8000753c (0x00000013)
core   0: 0x80007540 (0x01f10d33) add     s10, sp, t6
core   0: 3 0x80007540 (0x01f10d33) x26 0xa04af4d5
core   0: 0x80007544 (0x00c665b3) or      a1, a2, a2
core   0: 3 0x80007544 (0x00c665b3) x11 0x00000000
core   0: 0x80007548 (0xb9166c13) ori     s8, a2, -1135
core   0: 3 0x80007548 (0xb9166c13) x24 0xfffffb91
core   0: 0x8000754c (0x00e8ca33) xor     s4, a7, a4
core   0: 3 0x8000754c (0x00e8ca33) x20 0x7ff3fef5
core   0: 0x80007550 (0x8befec93) ori     s9, t6, -1858
core   0: 3 0x80007550 (0x8befec93) x25 0xfffffcfe
core   0: 0x80007554 (0x00bfb833) sltu    a6, t6, a1
core   0: 3 0x80007554 (0x00bfb833) x16 0x00000000
core   0: 0x80007558 (0x00549433) sll     s0, s1, t0
core   0: 3 0x80007558 (0x00549433) x 8 0x00000000
core   0: 0x8000755c (0xada41f17) auipc   t5, 0xada41
core   0: 3 0x8000755c (0xada41f17) x30 0x2da4855c
core   0: 0x80007560 (0x11f9e693) ori     a3, s3, 287
core   0: 3 0x80007560 (0x11f9e693) x13 0x0000011f
core   0: 0x80007564 (0x01547a33) and     s4, s0, s5
core   0: 3 0x80007564 (0x01547a33) x20 0x00000000
core   0: 0x80007568 (0x001c06b3) add     a3, s8, ra
core   0: 3 0x80007568 (0x001c06b3) x13 0xe5c32d96
core   0: 0x8000756c (0x5a082993) slti    s3, a6, 1440
core   0: 3 0x8000756c (0x5a082993) x19 0x00000001
core   0: 0x80007570 (0xe577c993) xori    s3, a5, -425
core   0: 3 0x80007570 (0xe577c993) x19 0xfffffe57
core   0: 0x80007574 (0x220ec9b7) lui     s3, 0x220ec
core   0: 3 0x80007574 (0x220ec9b7) x19 0x220ec000
core   0: 0x80007578 (0x417a5733) sra     a4, s4, s7
core   0: 3 0x80007578 (0x417a5733) x14 0x00000000
core   0: 0x8000757c (0x00632cb3) slt     s9, t1, t1
core   0: 3 0x8000757c (0x00632cb3) x25 0x00000000
core   0: 0x80007580 (0x010275b3) and     a1, tp, a6
core   0: 3 0x80007580 (0x010275b3) x11 0x00000000
core   0: 0x80007584 (0x6a242513) slti    a0, s0, 1698
core   0: 3 0x80007584 (0x6a242513) x10 0x00000001
core   0: 0x80007588 (0x29b06c93) ori     s9, zero, 667
core   0: 3 0x80007588 (0x29b06c93) x25 0x0000029b
core   0: 0x8000758c (0x016d59b3) srl     s3, s10, s6
core   0: 3 0x8000758c (0x016d59b3) x19 0x50257a6a
core   0: 0x80007590 (0x013154b3) srl     s1, sp, s3
core   0: 3 0x80007590 (0x013154b3) x 9 0x00000000
core   0: 0x80007594 (0x8aad0313) addi    t1, s10, -1878
core   0: 3 0x80007594 (0x8aad0313) x 6 0xa04aed7f
core   0: 0x80007598 (0x003c0eb3) add     t4, s8, gp
core   0: 3 0x80007598 (0x003c0eb3) x29 0xfffffb92
core   0: 0x8000759c (0x01e67733) and     a4, a2, t5
core   0: 3 0x8000759c (0x01e67733) x14 0x00000000
core   0: 0x800075a0 (0x14bb7293) andi    t0, s6, 331
core   0: 3 0x800075a0 (0x14bb7293) x 5 0x00000041
core   0: 0x800075a4 (0x01f4efb3) or      t6, s1, t6
core   0: 3 0x800075a4 (0x01f4efb3) x31 0xa04af4d4
core   0: 0x800075a8 (0x031e69b7) lui     s3, 0x31e6
core   0: 3 0x800075a8 (0x031e69b7) x19 0x031e6000
core   0: 0x800075ac (0x40060733) sub     a4, a2, zero
core   0: 3 0x800075ac (0x40060733) x14 0x00000000
core   0: 0x800075b0 (0x404c59b3) sra     s3, s8, tp
core   0: 3 0x800075b0 (0x404c59b3) x19 0xffffffff
core   0: 0x800075b4 (0x01611293) slli    t0, sp, 22
core   0: 3 0x800075b4 (0x01611293) x 5 0x00400000
core   0: 0x800075b8 (0x006bd333) srl     t1, s7, t1
core   0: 3 0x800075b8 (0x006bd333) x 6 0x00000000
core   0: 0x800075bc (0xfbb912b7) lui     t0, 0xfbb91
core   0: 3 0x800075bc (0xfbb912b7) x 5 0xfbb91000
core   0: 0x800075c0 (0x00dbfa33) and     s4, s7, a3
core   0: 3 0x800075c0 (0x00dbfa33) x20 0x04000000
core   0: 0x800075c4 (0x8935cb97) auipc   s7, 0x8935c
core   0: 3 0x800075c4 (0x8935cb97) x23 0x093635c4
core   0: 0x800075c8 (0x400502b3) sub     t0, a0, zero
core   0: 3 0x800075c8 (0x400502b3) x 5 0x00000001
core   0: 0x800075cc (0xc649e093) ori     ra, s3, -924
core   0: 3 0x800075cc (0xc649e093) x 1 0xffffffff
core   0: 0x800075d0 (0x01d5b6b3) sltu    a3, a1, t4
core   0: 3 0x800075d0 (0x01d5b6b3) x13 0x00000001
core   0: 0x800075d4 (0x01e9d933) srl     s2, s3, t5
core   0: 3 0x800075d4 (0x01e9d933) x18 0x0000000f
core   0: 0x800075d8 (0x00918433) add     s0, gp, s1
core   0: 3 0x800075d8 (0x00918433) x 8 0x00000001
core   0: 0x800075dc (0x0094ccb3) xor     s9, s1, s1
core   0: 3 0x800075dc (0x0094ccb3) x25 0x00000000
core   0: 0x800075e0 (0x41930333) sub     t1, t1, s9
core   0: 3 0x800075e0 (0x41930333) x 6 0x00000000
core   0: 0x800075e4 (0x01beef33) or      t5, t4, s11
core   0: 3 0x800075e4 (0x01beef33) x30 0xfffffbff
core   0: 0x800075e8 (0x00610e33) add     t3, sp, t1
core   0: 3 0x800075e8 (0x00610e33) x28 0x00000001
core   0: 0x800075ec (0x01d9fe33) and     t3, s3, t4
core   0: 3 0x800075ec (0x01d9fe33) x28 0xfffffb92
core   0: 0x800075f0 (0x00000013) nop
core   0: 3 0x800075f0 (0x00000013)
core   0: 0x800075f4 (0x00491293) slli    t0, s2, 4
core   0: 3 0x800075f4 (0x00491293) x 5 0x000000f0
core   0: 0x800075f8 (0x41d90133) sub     sp, s2, t4
core   0: 3 0x800075f8 (0x41d90133) x 2 0x0000047d
core   0: 0x800075fc (0x01fe1593) slli    a1, t3, 31
core   0: 3 0x800075fc (0x01fe1593) x11 0x00000000
core   0: 0x80007600 (0x0015fd33) and     s10, a1, ra
core   0: 3 0x80007600 (0x0015fd33) x26 0x00000000
core   0: 0x80007604 (0x17edef13) ori     t5, s11, 382
core   0: 3 0x80007604 (0x17edef13) x30 0x7e428bff
core   0: 0x80007608 (0xfa953193) sltiu   gp, a0, -87
core   0: 3 0x80007608 (0xfa953193) x 3 0x00000001
core   0: 0x8000760c (0x0038ddb3) srl     s11, a7, gp
core   0: 3 0x8000760c (0x0038ddb3) x27 0x40008f32
core   0: 0x80007610 (0x003fac33) slt     s8, t6, gp
core   0: 3 0x80007610 (0x003fac33) x24 0x00000001
core   0: 0x80007614 (0x2a1ea213) slti    tp, t4, 673
core   0: 3 0x80007614 (0x2a1ea213) x 4 0x00000001
core   0: 0x80007618 (0x01459193) slli    gp, a1, 20
core   0: 3 0x80007618 (0x01459193) x 3 0x00000000
core   0: 0x8000761c (0xe6714493) xori    s1, sp, -409
core   0: 3 0x8000761c (0xe6714493) x 9 0xfffffa1a
core   0: 0x80007620 (0xf00fb993) sltiu   s3, t6, -256
core   0: 3 0x80007620 (0xf00fb993) x19 0x00000001
core   0: 0x80007624 (0x000cddb3) srl     s11, s9, zero
core   0: 3 0x80007624 (0x000cddb3) x27 0x00000000
core   0: 0x80007628 (0x01e571b3) and     gp, a0, t5
core   0: 3 0x80007628 (0x01e571b3) x 3 0x00000001
core   0: 0x8000762c (0x00dde0b3) or      ra, s11, a3
core   0: 3 0x8000762c (0x00dde0b3) x 1 0x00000001
core   0: 0x80007630 (0x40f3d9b3) sra     s3, t2, a5
core   0: 3 0x80007630 (0x40f3d9b3) x19 0x80015ce4
core   0: 0x80007634 (0xed092f13) slti    t5, s2, -304
core   0: 3 0x80007634 (0xed092f13) x30 0x00000000
core   0: 0x80007638 (0x6f1e4993) xori    s3, t3, 1777
core   0: 3 0x80007638 (0x6f1e4993) x19 0xfffffd63
core   0: 0x8000763c (0x001ff833) and     a6, t6, ra
core   0: 3 0x8000763c (0x001ff833) x16 0x00000000
core   0: 0x80007640 (0x59690913) addi    s2, s2, 1430
core   0: 3 0x80007640 (0x59690913) x18 0x000005a5
core   0: 0x80007644 (0x00714133) xor     sp, sp, t2
core   0: 3 0x80007644 (0x00714133) x 2 0x80015899
core   0: 0x80007648 (0x000c5113) srli    sp, s8, 0
core   0: 3 0x80007648 (0x000c5113) x 2 0x00000001
core   0: 0x8000764c (0xb6ed6193) ori     gp, s10, -1170
core   0: 3 0x8000764c (0xb6ed6193) x 3 0xfffffb6e
core   0: 0x80007650 (0xcc20a013) slti    zero, ra, -830
core   0: 3 0x80007650 (0xcc20a013)
core   0: 0x80007654 (0x412d5193) srai    gp, s10, 18
core   0: 3 0x80007654 (0x412d5193) x 3 0x00000000
core   0: 0x80007658 (0x01288633) add     a2, a7, s2
core   0: 3 0x80007658 (0x01288633) x12 0x80012409
core   0: 0x8000765c (0x75eeb013) sltiu   zero, t4, 1886
core   0: 3 0x8000765c (0x75eeb013)
core   0: 0x80007660 (0x0057d013) srli    zero, a5, 5
core   0: 3 0x80007660 (0x0057d013)
core   0: 0x80007664 (0x0145bcb3) sltu    s9, a1, s4
core   0: 3 0x80007664 (0x0145bcb3) x25 0x00000001
core   0: 0x80007668 (0x0120e2b3) or      t0, ra, s2
core   0: 3 0x80007668 (0x0120e2b3) x 5 0x000005a5
core   0: 0x8000766c (0x005eb033) sltu    zero, t4, t0
core   0: 3 0x8000766c (0x005eb033)
core   0: 0x80007670 (0x01df6bb3) or      s7, t5, t4
core   0: 3 0x80007670 (0x01df6bb3) x23 0xfffffb92
core   0: 0x80007674 (0x40e9dfb3) sra     t6, s3, a4
core   0: 3 0x80007674 (0x40e9dfb3) x31 0xfffffd63
core   0: 0x80007678 (0x00676f33) or      t5, a4, t1
core   0: 3 0x80007678 (0x00676f33) x30 0x00000000
core   0: 0x8000767c (0x69571db7) lui     s11, 0x69571
core   0: 3 0x8000767c (0x69571db7) x27 0x69571000
core   0: 0x80007680 (0x8d544193) xori    gp, s0, -1835
core   0: 3 0x80007680 (0x8d544193) x 3 0xfffff8d4
core   0: 0x80007684 (0x01d479b3) and     s3, s0, t4
core   0: 3 0x80007684 (0x01d479b3) x19 0x00000000
core   0: 0x80007688 (0x0071feb3) and     t4, gp, t2
core   0: 3 0x80007688 (0x0071feb3) x29 0x800158c4
core   0: 0x8000768c (0x008287b3) add     a5, t0, s0
core   0: 3 0x8000768c (0x008287b3) x15 0x000005a6
core   0: 0x80007690 (0xfa644493) xori    s1, s0, -90
core   0: 3 0x80007690 (0xfa644493) x 9 0xffffffa7
core   0: 0x80007694 (0x736226b7) lui     a3, 0x73622
core   0: 3 0x80007694 (0x736226b7) x13 0x73622000
core   0: 0x80007698 (0x002bff33) and     t5, s7, sp
core   0: 3 0x80007698 (0x002bff33) x30 0x00000000
core   0: 0x8000769c (0x40015eb3) sra     t4, sp, zero
core   0: 3 0x8000769c (0x40015eb3) x29 0x00000001
core   0: 0x800076a0 (0xc214c293) xori    t0, s1, -991
core   0: 3 0x800076a0 (0xc214c293) x 5 0x00000386
core   0: 0x800076a4 (0xe386f513) andi    a0, a3, -456
core   0: 3 0x800076a4 (0xe386f513) x10 0x73622000
core   0: 0x800076a8 (0x71183b93) sltiu   s7, a6, 1809
core   0: 3 0x800076a8 (0x71183b93) x23 0x00000001
core   0: 0x800076ac (0x38bee913) ori     s2, t4, 907
core   0: 3 0x800076ac (0x38bee913) x18 0x0000038b
core   0: 0x800076b0 (0x01b327b3) slt     a5, t1, s11
core   0: 3 0x800076b0 (0x01b327b3) x15 0x00000001
core   0: 0x800076b4 (0x5ce63313) sltiu   t1, a2, 1486
core   0: 3 0x800076b4 (0x5ce63313) x 6 0x00000000
core   0: 0x800076b8 (0xcf2fcf17) auipc   t5, 0xcf2fc
core   0: 3 0x800076b8 (0xcf2fcf17) x30 0x4f3036b8
core   0: 0x800076bc (0x01ea5b93) srli    s7, s4, 30
core   0: 3 0x800076bc (0x01ea5b93) x23 0x00000000
core   0: 0x800076c0 (0x017e7233) and     tp, t3, s7
core   0: 3 0x800076c0 (0x017e7233) x 4 0x00000000
core   0: 0x800076c4 (0x00000013) nop
core   0: 3 0x800076c4 (0x00000013)
core   0: 0x800076c8 (0x67c5ef13) ori     t5, a1, 1660
core   0: 3 0x800076c8 (0x67c5ef13) x30 0x0000067c
core   0: 0x800076cc (0x41fdd2b3) sra     t0, s11, t6
core   0: 3 0x800076cc (0x41fdd2b3) x 5 0x0d2ae200
core   0: 0x800076d0 (0x01941c13) slli    s8, s0, 25
core   0: 3 0x800076d0 (0x01941c13) x24 0x02000000
core   0: 0x800076d4 (0x405a07b3) sub     a5, s4, t0
core   0: 3 0x800076d4 (0x405a07b3) x15 0xf6d51e00
core   0: 0x800076d8 (0x6f97c613) xori    a2, a5, 1785
core   0: 3 0x800076d8 (0x6f97c613) x12 0xf6d518f9
core   0: 0x800076dc (0x00e870b3) and     ra, a6, a4
core   0: 3 0x800076dc (0x00e870b3) x 1 0x00000000
core   0: 0x800076e0 (0x40f90eb3) sub     t4, s2, a5
core   0: 3 0x800076e0 (0x40f90eb3) x29 0x092ae58b
core   0: 0x800076e4 (0x812aa413) slti    s0, s5, -2030
core   0: 3 0x800076e4 (0x812aa413) x 8 0x00000000
core   0: 0x800076e8 (0x41e300b3) sub     ra, t1, t5
core   0: 3 0x800076e8 (0x41e300b3) x 1 0xfffff984
core   0: 0x800076ec (0x01d15313) srli    t1, sp, 29
core   0: 3 0x800076ec (0x01d15313) x 6 0x00000000
core   0: 0x800076f0 (0x68bce237) lui     tp, 0x68bce
core   0: 3 0x800076f0 (0x68bce237) x 4 0x68bce000
core   0: 0x800076f4 (0x015d5eb3) srl     t4, s10, s5
core   0: 3 0x800076f4 (0x015d5eb3) x29 0x00000000
core   0: 0x800076f8 (0x007000b3) add     ra, zero, t2
core   0: 3 0x800076f8 (0x007000b3) x 1 0x80015ce4
core   0: 0x800076fc (0x407eddb3) sra     s11, t4, t2
core   0: 3 0x800076fc (0x407eddb3) x27 0x00000000
core   0: 0x80007700 (0x002abfb3) sltu    t6, s5, sp
core   0: 3 0x80007700 (0x002abfb3) x31 0x00000000
core   0: 0x80007704 (0x41b3d213) srai    tp, t2, 27
core   0: 3 0x80007704 (0x41b3d213) x 4 0xfffffff0
core   0: 0x80007708 (0x6c2bee93) ori     t4, s7, 1730
core   0: 3 0x80007708 (0x6c2bee93) x29 0x000006c2
core   0: 0x8000770c (0x26f50093) addi    ra, a0, 623
core   0: 3 0x8000770c (0x26f50093) x 1 0x7362226f
core   0: 0x80007710 (0x02608f37) lui     t5, 0x2608
core   0: 3 0x80007710 (0x02608f37) x30 0x02608000
core   0: 0x80007714 (0x00983ab3) sltu    s5, a6, s1
core   0: 3 0x80007714 (0x00983ab3) x21 0x00000001
core   0: 0x80007718 (0x41485f33) sra     t5, a6, s4
core   0: 3 0x80007718 (0x41485f33) x30 0x00000000
core   0: 0x8000771c (0xdde18993) addi    s3, gp, -546
core   0: 3 0x8000771c (0xdde18993) x19 0xfffff6b2
core   0: 0x80007720 (0x9defe717) auipc   a4, 0x9defe
core   0: 3 0x80007720 (0x9defe717) x14 0x1df05720
core   0: 0x80007724 (0x7c9a6d13) ori     s10, s4, 1993
core   0: 3 0x80007724 (0x7c9a6d13) x26 0x040007c9
core   0: 0x80007728 (0x00275993) srli    s3, a4, 2
core   0: 3 0x80007728 (0x00275993) x19 0x077c15c8
core   0: 0x8000772c (0x003eb1b3) sltu    gp, t4, gp
core   0: 3 0x8000772c (0x003eb1b3) x 3 0x00000001
core   0: 0x80007730 (0x4fa9b293) sltiu   t0, s3, 1274
core   0: 3 0x80007730 (0x4fa9b293) x 5 0x00000000
core   0: 0x80007734 (0x4041de13) srai    t3, gp, 4
core   0: 3 0x80007734 (0x4041de13) x28 0x00000000
core   0: 0x80007738 (0x7e38d717) auipc   a4, 0x7e38d
core   0: 3 0x80007738 (0x7e38d717) x14 0xfe394738
core   0: 0x8000773c (0x00510fb3) add     t6, sp, t0
core   0: 3 0x8000773c (0x00510fb3) x31 0x00000001
core   0: 0x80007740 (0xa36ecc93) xori    s9, t4, -1482
core   0: 3 0x80007740 (0xa36ecc93) x25 0xfffffcf4
core   0: 0x80007744 (0x016cafb3) slt     t6, s9, s6
core   0: 3 0x80007744 (0x016cafb3) x31 0x00000000
core   0: 0x80007748 (0x07b2be13) sltiu   t3, t0, 123
core   0: 3 0x80007748 (0x07b2be13) x28 0x00000001
core   0: 0x8000774c (0xbebc7113) andi    sp, s8, -1045
core   0: 3 0x8000774c (0xbebc7113) x 2 0x02000000
core   0: 0x80007750 (0xef74c113) xori    sp, s1, -265
core   0: 3 0x80007750 (0xef74c113) x 2 0x00000150
core   0: 0x80007754 (0x00000013) nop
core   0: 3 0x80007754 (0x00000013)
core   0: 0x80007758 (0xd0c92493) slti    s1, s2, -756
core   0: 3 0x80007758 (0xd0c92493) x 9 0x00000000
core   0: 0x8000775c (0x409c5d93) srai    s11, s8, 9
core   0: 3 0x8000775c (0x409c5d93) x27 0x00010000
core   0: 0x80007760 (0x3114a597) auipc   a1, 0x3114a
core   0: 3 0x80007760 (0x3114a597) x11 0xb1151760
core   0: 0x80007764 (0x64eae213) ori     tp, s5, 1614
core   0: 3 0x80007764 (0x64eae213) x 4 0x0000064f
core   0: 0x80007768 (0x012fa2b3) slt     t0, t6, s2
core   0: 3 0x80007768 (0x012fa2b3) x 5 0x00000001
core   0: 0x8000776c (0x0076f7b3) and     a5, a3, t2
core   0: 3 0x8000776c (0x0076f7b3) x15 0x00000000
core   0: 0x80007770 (0x39977a93) andi    s5, a4, 921
core   0: 3 0x80007770 (0x39977a93) x21 0x00000318
core   0: 0x80007774 (0x00869433) sll     s0, a3, s0
core   0: 3 0x80007774 (0x00869433) x 8 0x73622000
core   0: 0x80007778 (0x00f792b3) sll     t0, a5, a5
core   0: 3 0x80007778 (0x00f792b3) x 5 0x00000000
core   0: 0x8000777c (0x00000013) nop
core   0: 3 0x8000777c (0x00000013)
core   0: 0x80007780 (0x693c7793) andi    a5, s8, 1683
core   0: 3 0x80007780 (0x693c7793) x15 0x00000000
core   0: 0x80007784 (0xf23d4f93) xori    t6, s10, -221
core   0: 3 0x80007784 (0xf23d4f93) x31 0xfbfff8ea
core   0: 0x80007788 (0x01cb1333) sll     t1, s6, t3
core   0: 3 0x80007788 (0x01cb1333) x 6 0xd1072dc2
core   0: 0x8000778c (0x00d01333) sll     t1, zero, a3
core   0: 3 0x8000778c (0x00d01333) x 6 0x00000000
core   0: 0x80007790 (0x36a08193) addi    gp, ra, 874
core   0: 3 0x80007790 (0x36a08193) x 3 0x736225d9
core   0: 0x80007794 (0x0179e7b3) or      a5, s3, s7
core   0: 3 0x80007794 (0x0179e7b3) x15 0x077c15c8
core   0: 0x80007798 (0x8e08e193) ori     gp, a7, -1824
core   0: 3 0x80007798 (0x8e08e193) x 3 0xfffffee4
core   0: 0x8000779c (0xf2d70237) lui     tp, 0xf2d70
core   0: 3 0x8000779c (0xf2d70237) x 4 0xf2d70000
core   0: 0x800077a0 (0x401850b3) sra     ra, a6, ra
core   0: 3 0x800077a0 (0x401850b3) x 1 0x00000000
core   0: 0x800077a4 (0x00000013) nop
core   0: 3 0x800077a4 (0x00000013)
core   0: 0x800077a8 (0x00847933) and     s2, s0, s0
core   0: 3 0x800077a8 (0x00847933) x18 0x73622000
core   0: 0x800077ac (0x04f7a693) slti    a3, a5, 79
core   0: 3 0x800077ac (0x04f7a693) x13 0x00000000
core   0: 0x800077b0 (0xd97a00b7) lui     ra, 0xd97a0
core   0: 3 0x800077b0 (0xd97a00b7) x 1 0xd97a0000
core   0: 0x800077b4 (0x01d7ceb3) xor     t4, a5, t4
core   0: 3 0x800077b4 (0x01d7ceb3) x29 0x077c130a
core   0: 0x800077b8 (0x40a60433) sub     s0, a2, a0
core   0: 3 0x800077b8 (0x40a60433) x 8 0x8372f8f9
core   0: 0x800077bc (0x010e8bb3) add     s7, t4, a6
core   0: 3 0x800077bc (0x010e8bb3) x23 0x077c130a
core   0: 0x800077c0 (0x00a95493) srli    s1, s2, 10
core   0: 3 0x800077c0 (0x00a95493) x 9 0x001cd888
core   0: 0x800077c4 (0xe0a6ec37) lui     s8, 0xe0a6e
core   0: 3 0x800077c4 (0xe0a6ec37) x24 0xe0a6e000
core   0: 0x800077c8 (0x01cb5e33) srl     t3, s6, t3
core   0: 3 0x800077c8 (0x01cb5e33) x28 0x7441cb70
core   0: 0x800077cc (0x0068d9b3) srl     s3, a7, t1
core   0: 3 0x800077cc (0x0068d9b3) x19 0x80011e64
core   0: 0x800077d0 (0xb087c813) xori    a6, a5, -1272
core   0: 3 0x800077d0 (0xb087c813) x16 0xf883eec0
core   0: 0x800077d4 (0x39b7ec37) lui     s8, 0x39b7e
core   0: 3 0x800077d4 (0x39b7ec37) x24 0x39b7e000
core   0: 0x800077d8 (0x56707737) lui     a4, 0x56707
core   0: 3 0x800077d8 (0x56707737) x14 0x56707000
core   0: 0x800077dc (0x41b952b3) sra     t0, s2, s11
core   0: 3 0x800077dc (0x41b952b3) x 5 0x73622000
core   0: 0x800077e0 (0x7f5c4c93) xori    s9, s8, 2037
core   0: 3 0x800077e0 (0x7f5c4c93) x25 0x39b7e7f5
core   0: 0x800077e4 (0xcc5bf137) lui     sp, 0xcc5bf
core   0: 3 0x800077e4 (0xcc5bf137) x 2 0xcc5bf000
core   0: 0x800077e8 (0x2521e097) auipc   ra, 0x2521e
core   0: 3 0x800077e8 (0x2521e097) x 1 0xa52257e8
core   0: 0x800077ec (0x400e3913) sltiu   s2, t3, 1024
core   0: 3 0x800077ec (0x400e3913) x18 0x00000000
core   0: 0x800077f0 (0x413fdab3) sra     s5, t6, s3
core   0: 3 0x800077f0 (0x413fdab3) x21 0xffbfff8e
core   0: 0x800077f4 (0x40c887b3) sub     a5, a7, a2
core   0: 3 0x800077f4 (0x40c887b3) x15 0x892c056b
core   0: 0x800077f8 (0x0070fbb3) and     s7, ra, t2
core   0: 3 0x800077f8 (0x0070fbb3) x23 0x800054e0
core   0: 0x800077fc (0x00c99493) slli    s1, s3, 12
core   0: 3 0x800077fc (0x00c99493) x 9 0x11e64000
core   0: 0x80007800 (0x762b54b7) lui     s1, 0x762b5
core   0: 3 0x80007800 (0x762b54b7) x 9 0x762b5000
core   0: 0x80007804 (0x01d28333) add     t1, t0, t4
core   0: 3 0x80007804 (0x01d28333) x 6 0x7ade330a
core   0: 0x80007808 (0x00304bb3) xor     s7, zero, gp
core   0: 3 0x80007808 (0x00304bb3) x23 0xfffffee4
core   0: 0x8000780c (0x00079133) sll     sp, a5, zero
core   0: 3 0x8000780c (0x00079133) x 2 0x892c056b
core   0: 0x80007810 (0xc7488a93) addi    s5, a7, -908
core   0: 3 0x80007810 (0xc7488a93) x21 0x80011ad8
core   0: 0x80007814 (0x001fd133) srl     sp, t6, ra
core   0: 3 0x80007814 (0x001fd133) x 2 0x00fbfff8
core   0: 0x80007818 (0x0157b1b3) sltu    gp, a5, s5
core   0: 3 0x80007818 (0x0157b1b3) x 3 0x00000000
core   0: 0x8000781c (0x012eb1b3) sltu    gp, t4, s2
core   0: 3 0x8000781c (0x012eb1b3) x 3 0x00000000
core   0: 0x80007820 (0x8358e013) ori     zero, a7, -1995
core   0: 3 0x80007820 (0x8358e013)
core   0: 0x80007824 (0x10916293) ori     t0, sp, 265
core   0: 3 0x80007824 (0x10916293) x 5 0x00fbfff9
core   0: 0x80007828 (0x488b7f13) andi    t5, s6, 1160
core   0: 3 0x80007828 (0x488b7f13) x30 0x00000480
core   0: 0x8000782c (0x41fe5593) srai    a1, t3, 31
core   0: 3 0x8000782c (0x41fe5593) x11 0x00000000
core   0: 0x80007830 (0x0035b6b3) sltu    a3, a1, gp
core   0: 3 0x80007830 (0x0035b6b3) x13 0x00000000
core   0: 0x80007834 (0x00a9fe33) and     t3, s3, a0
core   0: 3 0x80007834 (0x00a9fe33) x28 0x00000000
core   0: 0x80007838 (0x01f112b3) sll     t0, sp, t6
core   0: 3 0x80007838 (0x01f112b3) x 5 0xefffe000
core   0: 0x8000783c (0x01a4fdb3) and     s11, s1, s10
core   0: 3 0x8000783c (0x01a4fdb3) x27 0x04000000
core   0: 0x80007840 (0x01344633) xor     a2, s0, s3
core   0: 3 0x80007840 (0x01344633) x12 0x0373e69d
core   0: 0x80007844 (0x40138bb3) sub     s7, t2, ra
core   0: 3 0x80007844 (0x40138bb3) x23 0xdadf04fc
core   0: 0x80007848 (0x41700033) sub     zero, zero, s7
core   0: 3 0x80007848 (0x41700033)
core   0: 0x8000784c (0x0123b1b3) sltu    gp, t2, s2
core   0: 3 0x8000784c (0x0123b1b3) x 3 0x00000000
core   0: 0x80007850 (0x41908033) sub     zero, ra, s9
core   0: 3 0x80007850 (0x41908033)
core   0: 0x80007854 (0x415f5ab3) sra     s5, t5, s5
core   0: 3 0x80007854 (0x415f5ab3) x21 0x00000000
core   0: 0x80007858 (0x00000013) nop
core   0: 3 0x80007858 (0x00000013)
core   0: 0x8000785c (0x41e0d4b3) sra     s1, ra, t5
core   0: 3 0x8000785c (0x41e0d4b3) x 9 0xa52257e8
core   0: 0x80007860 (0x00000013) nop
core   0: 3 0x80007860 (0x00000013)
core   0: 0x80007864 (0x013daa33) slt     s4, s11, s3
core   0: 3 0x80007864 (0x013daa33) x20 0x00000000
core   0: 0x80007868 (0x01a19b93) slli    s7, gp, 26
core   0: 3 0x80007868 (0x01a19b93) x23 0x00000000
core   0: 0x8000786c (0xfff00b93) li      s7, -1
core   0: 3 0x8000786c (0xfff00b93) x23 0xffffffff
core   0: 0x80007870 (0x80000d37) lui     s10, 0x80000
core   0: 3 0x80007870 (0x80000d37) x26 0x80000000
core   0: 0x80007874 (0x00000a93) li      s5, 0
core   0: 3 0x80007874 (0x00000a93) x21 0x00000000
core   0: 0x80007878 (0x800007b7) lui     a5, 0x80000
core   0: 3 0x80007878 (0x800007b7) x15 0x80000000
core   0: 0x8000787c (0xfff00c13) li      s8, -1
core   0: 3 0x8000787c (0xfff00c13) x24 0xffffffff
core   0: 0x80007880 (0x06be4f37) lui     t5, 0x6be4
core   0: 3 0x80007880 (0x06be4f37) x30 0x06be4000
core   0: 0x80007884 (0xfecf0f13) addi    t5, t5, -20
core   0: 3 0x80007884 (0xfecf0f13) x30 0x06be3fec
core   0: 0x80007888 (0xfff00e93) li      t4, -1
core   0: 3 0x80007888 (0xfff00e93) x29 0xffffffff
core   0: 0x8000788c (0xfff00193) li      gp, -1
core   0: 3 0x8000788c (0xfff00193) x 3 0xffffffff
core   0: 0x80007890 (0xfff00293) li      t0, -1
core   0: 3 0x80007890 (0xfff00293) x 5 0xffffffff
core   0: 0x80007894 (0x800009b7) lui     s3, 0x80000
core   0: 3 0x80007894 (0x800009b7) x19 0x80000000
core   0: 0x80007898 (0x013b87b3) add     a5, s7, s3
core   0: 3 0x80007898 (0x013b87b3) x15 0x7fffffff
core   0: 0x8000789c (0x14163f17) auipc   t5, 0x14163
core   0: 3 0x8000789c (0x14163f17) x30 0x9416a89c
core   0: 0x800078a0 (0x00328d33) add     s10, t0, gp
core   0: 3 0x800078a0 (0x00328d33) x26 0xfffffffe
core   0: 0x800078a4 (0xd25b97b7) lui     a5, 0xd25b9
core   0: 3 0x800078a4 (0xd25b97b7) x15 0xd25b9000
core   0: 0x800078a8 (0x00000013) nop
core   0: 3 0x800078a8 (0x00000013)
core   0: 0x800078ac (0x41dd01b3) sub     gp, s10, t4
core   0: 3 0x800078ac (0x41dd01b3) x 3 0xffffffff
core   0: 0x800078b0 (0x64ab8193) addi    gp, s7, 1610
core   0: 3 0x800078b0 (0x64ab8193) x 3 0x00000649
core   0: 0x800078b4 (0x1073deb7) lui     t4, 0x1073d
core   0: 3 0x800078b4 (0x1073deb7) x29 0x1073d000
core   0: 0x800078b8 (0x6bbe7997) auipc   s3, 0x6bbe7
core   0: 3 0x800078b8 (0x6bbe7997) x19 0xebbee8b8
core   0: 0x800078bc (0x936c0a93) addi    s5, s8, -1738
core   0: 3 0x800078bc (0x936c0a93) x21 0xfffff935
core   0: 0x800078c0 (0x015182b3) add     t0, gp, s5
core   0: 3 0x800078c0 (0x015182b3) x 5 0xffffff7e
core   0: 0x800078c4 (0xc55e8e93) addi    t4, t4, -939
core   0: 3 0x800078c4 (0xc55e8e93) x29 0x1073cc55
core   0: 0x800078c8 (0x003f0eb3) add     t4, t5, gp
core   0: 3 0x800078c8 (0x003f0eb3) x29 0x9416aee5
core   0: 0x800078cc (0x00000013) nop
core   0: 3 0x800078cc (0x00000013)
core   0: 0x800078d0 (0xdd287d37) lui     s10, 0xdd287
core   0: 3 0x800078d0 (0xdd287d37) x26 0xdd287000
core   0: 0x800078d4 (0xce1681b7) lui     gp, 0xce168
core   0: 3 0x800078d4 (0xce1681b7) x 3 0xce168000
core   0: 0x800078d8 (0x41d98bb3) sub     s7, s3, t4
core   0: 3 0x800078d8 (0x41d98bb3) x23 0x57a839d3
core   0: 0x800078dc (0xcdb5dc17) auipc   s8, 0xcdb5d
core   0: 3 0x800078dc (0xcdb5dc17) x24 0x4db648dc
core   0: 0x800078e0 (0x00000013) nop
core   0: 3 0x800078e0 (0x00000013)
core   0: 0x800078e4 (0x01378c33) add     s8, a5, s3
core   0: 3 0x800078e4 (0x01378c33) x24 0xbe1a78b8
core   0: 0x800078e8 (0x01322733) slt     a4, tp, s3
core   0: 3 0x800078e8 (0x01322733) x14 0x00000000
core   0: 0x800078ec (0x01b0a4b3) slt     s1, ra, s11
core   0: 3 0x800078ec (0x01b0a4b3) x 9 0x00000001
core   0: 0x800078f0 (0x013f40b3) xor     ra, t5, s3
core   0: 3 0x800078f0 (0x013f40b3) x 1 0x7fa84024
core   0: 0x800078f4 (0xa12be813) ori     a6, s7, -1518
core   0: 3 0x800078f4 (0xa12be813) x16 0xfffffbd3
core   0: 0x800078f8 (0xecedaf93) slti    t6, s11, -306
core   0: 3 0x800078f8 (0xecedaf93) x31 0x00000000
core   0: 0x800078fc (0x01d081b3) add     gp, ra, t4
core   0: 3 0x800078fc (0x01d081b3) x 3 0x13beef09
core   0: 0x80007900 (0x32edc293) xori    t0, s11, 814
core   0: 3 0x80007900 (0x32edc293) x 5 0x0400032e
core   0: 0x80007904 (0x40885bb3) sra     s7, a6, s0
core   0: 3 0x80007904 (0x40885bb3) x23 0xffffffff
core   0: 0x80007908 (0x00e08cb3) add     s9, ra, a4
core   0: 3 0x80007908 (0x00e08cb3) x25 0x7fa84024
core   0: 0x8000790c (0x00109113) slli    sp, ra, 1
core   0: 3 0x8000790c (0x00109113) x 2 0xff508048
core   0: 0x80007910 (0xe4416717) auipc   a4, 0xe4416
core   0: 3 0x80007910 (0xe4416717) x14 0x6441d910
core   0: 0x80007914 (0x011e16b3) sll     a3, t3, a7
core   0: 3 0x80007914 (0x011e16b3) x13 0x00000000
core   0: 0x80007918 (0x00ded933) srl     s2, t4, a3
core   0: 3 0x80007918 (0x00ded933) x18 0x9416aee5
core   0: 0x8000791c (0x8853de97) auipc   t4, 0x8853d
core   0: 3 0x8000791c (0x8853de97) x29 0x0854491c
core   0: 0x80007920 (0x00b41113) slli    sp, s0, 11
core   0: 3 0x80007920 (0x00b41113) x 2 0x97c7c800
core   0: 0x80007924 (0x413adbb3) sra     s7, s5, s3
core   0: 3 0x80007924 (0x413adbb3) x23 0xffffffff
core   0: 0x80007928 (0x001de6b3) or      a3, s11, ra
core   0: 3 0x80007928 (0x001de6b3) x13 0x7fa84024
core   0: 0x8000792c (0x00000013) nop
core   0: 3 0x8000792c (0x00000013)
core   0: 0x80007930 (0xe6ed7a93) andi    s5, s10, -402
core   0: 3 0x80007930 (0xe6ed7a93) x21 0xdd287000
core   0: 0x80007934 (0x0130ba33) sltu    s4, ra, s3
core   0: 3 0x80007934 (0x0130ba33) x20 0x00000001
core   0: 0x80007938 (0x00000013) nop
core   0: 3 0x80007938 (0x00000013)
core   0: 0x8000793c (0x00e24c33) xor     s8, tp, a4
core   0: 3 0x8000793c (0x00e24c33) x24 0x9696d910
core   0: 0x80007940 (0x170b6413) ori     s0, s6, 368
core   0: 3 0x80007940 (0x170b6413) x 8 0xe88397f1
core   0: 0x80007944 (0x410b5913) srai    s2, s6, 16
core   0: 3 0x80007944 (0x410b5913) x18 0xffffe883
core   0: 0x80007948 (0x017c01b3) add     gp, s8, s7
core   0: 3 0x80007948 (0x017c01b3) x 3 0x9696d90f
core   0: 0x8000794c (0x01086ab3) or      s5, a6, a6
core   0: 3 0x8000794c (0x01086ab3) x21 0xfffffbd3
core   0: 0x80007950 (0x8a8ae093) ori     ra, s5, -1880
core   0: 3 0x80007950 (0x8a8ae093) x 1 0xfffffbfb
core   0: 0x80007954 (0x00605d93) srli    s11, zero, 6
core   0: 3 0x80007954 (0x00605d93) x27 0x00000000
core   0: 0x80007958 (0x40c3dd13) srai    s10, t2, 12
core   0: 3 0x80007958 (0x40c3dd13) x26 0xfff80015
core   0: 0x8000795c (0x00e1da93) srli    s5, gp, 14
core   0: 3 0x8000795c (0x00e1da93) x21 0x00025a5b
core   0: 0x80007960 (0x410d5033) sra     zero, s10, a6
core   0: 3 0x80007960 (0x410d5033)
core   0: 0x80007964 (0xedf36597) auipc   a1, 0xedf36
core   0: 3 0x80007964 (0xedf36597) x11 0x6df3d964
core   0: 0x80007968 (0x00844f33) xor     t5, s0, s0
core   0: 3 0x80007968 (0x00844f33) x30 0x00000000
core   0: 0x8000796c (0x77d93097) auipc   ra, 0x77d93
core   0: 3 0x8000796c (0x77d93097) x 1 0xf7d9a96c
core   0: 0x80007970 (0x405189b3) sub     s3, gp, t0
core   0: 3 0x80007970 (0x405189b3) x19 0x9296d5e1
core   0: 0x80007974 (0x00351f33) sll     t5, a0, gp
core   0: 3 0x80007974 (0x00351f33) x30 0x10000000
core   0: 0x80007978 (0xac807a17) auipc   s4, 0xac807
core   0: 3 0x80007978 (0xac807a17) x20 0x2c80e978
core   0: 0x8000797c (0x94cec693) xori    a3, t4, -1716
core   0: 3 0x8000797c (0x94cec693) x13 0xf7abb050
core   0: 0x80007980 (0x013a2d33) slt     s10, s4, s3
core   0: 3 0x80007980 (0x013a2d33) x26 0x00000000
core   0: 0x80007984 (0x007755b3) srl     a1, a4, t2
core   0: 3 0x80007984 (0x007755b3) x11 0x06441d91
core   0: 0x80007988 (0x37f60193) addi    gp, a2, 895
core   0: 3 0x80007988 (0x37f60193) x 3 0x0373ea1c
core   0: 0x8000798c (0x40fd5093) srai    ra, s10, 15
core   0: 3 0x8000798c (0x40fd5093) x 1 0x00000000
core   0: 0x80007990 (0x00dda033) slt     zero, s11, a3
core   0: 3 0x80007990 (0x00dda033)
core   0: 0x80007994 (0xe18abc93) sltiu   s9, s5, -488
core   0: 3 0x80007994 (0xe18abc93) x25 0x00000001
core   0: 0x80007998 (0x5c820e13) addi    t3, tp, 1480
core   0: 3 0x80007998 (0x5c820e13) x28 0xf2d705c8
core   0: 0x8000799c (0x004640b3) xor     ra, a2, tp
core   0: 3 0x8000799c (0x004640b3) x 1 0xf1a4e69d
core   0: 0x800079a0 (0x0183ed33) or      s10, t2, s8
core   0: 3 0x800079a0 (0x0183ed33) x26 0x9697ddf4
core   0: 0x800079a4 (0x01999533) sll     a0, s3, s9
core   0: 3 0x800079a4 (0x01999533) x10 0x252dabc2
core   0: 0x800079a8 (0xe079e693) ori     a3, s3, -505
core   0: 3 0x800079a8 (0xe079e693) x13 0xffffffe7
core   0: 0x800079ac (0x40545793) srai    a5, s0, 5
core   0: 3 0x800079ac (0x40545793) x15 0xff441cbf
core   0: 0x800079b0 (0xead8a093) slti    ra, a7, -339
core   0: 3 0x800079b0 (0xead8a093) x 1 0x00000001
core   0: 0x800079b4 (0x0174a413) slti    s0, s1, 23
core   0: 3 0x800079b4 (0x0174a413) x 8 0x00000001
core   0: 0x800079b8 (0x873faa13) slti    s4, t6, -1933
core   0: 3 0x800079b8 (0x873faa13) x20 0x00000000
core   0: 0x800079bc (0x40965c33) sra     s8, a2, s1
core   0: 3 0x800079bc (0x40965c33) x24 0x01b9f34e
core   0: 0x800079c0 (0x00805c33) srl     s8, zero, s0
core   0: 3 0x800079c0 (0x00805c33) x24 0x00000000
core   0: 0x800079c4 (0x0113df93) srli    t6, t2, 17
core   0: 3 0x800079c4 (0x0113df93) x31 0x00004000
core   0: 0x800079c8 (0xf0f34193) xori    gp, t1, -241
core   0: 3 0x800079c8 (0xf0f34193) x 3 0x8521cc05
core   0: 0x800079cc (0x419ad313) srai    t1, s5, 25
core   0: 3 0x800079cc (0x419ad313) x 6 0x00000000
core   0: 0x800079d0 (0x41eeda93) srai    s5, t4, 30
core   0: 3 0x800079d0 (0x41eeda93) x21 0x00000000
core   0: 0x800079d4 (0x412c50b3) sra     ra, s8, s2
core   0: 3 0x800079d4 (0x412c50b3) x 1 0x00000000
core   0: 0x800079d8 (0x22035097) auipc   ra, 0x22035
core   0: 3 0x800079d8 (0x22035097) x 1 0xa203c9d8
core   0: 0x800079dc (0xbf990a93) addi    s5, s2, -1031
core   0: 3 0x800079dc (0xbf990a93) x21 0xffffe47c
core   0: 0x800079e0 (0x00e42233) slt     tp, s0, a4
core   0: 3 0x800079e0 (0x00e42233) x 4 0x00000001
core   0: 0x800079e4 (0x005cfbb3) and     s7, s9, t0
core   0: 3 0x800079e4 (0x005cfbb3) x23 0x00000000
core   0: 0x800079e8 (0x009b7133) and     sp, s6, s1
core   0: 3 0x800079e8 (0x009b7133) x 2 0x00000001
core   0: 0x800079ec (0xf2d6a793) slti    a5, a3, -211
core   0: 3 0x800079ec (0xf2d6a793) x15 0x00000000
core   0: 0x800079f0 (0x405d0333) sub     t1, s10, t0
core   0: 3 0x800079f0 (0x405d0333) x 6 0x9297dac6
core   0: 0x800079f4 (0x01311e33) sll     t3, sp, s3
core   0: 3 0x800079f4 (0x01311e33) x28 0x00000002
core   0: 0x800079f8 (0x017c5433) srl     s0, s8, s7
core   0: 3 0x800079f8 (0x017c5433) x 8 0x00000000
core   0: 0x800079fc (0x01331493) slli    s1, t1, 19
core   0: 3 0x800079fc (0x01331493) x 9 0xd6300000
core   0: 0x80007a00 (0x01bb5013) srli    zero, s6, 27
core   0: 3 0x80007a00 (0x01bb5013)
core   0: 0x80007a04 (0x00000013) nop
core   0: 3 0x80007a04 (0x00000013)
core   0: 0x80007a08 (0x01b5dc93) srli    s9, a1, 27
core   0: 3 0x80007a08 (0x01b5dc93) x25 0x00000000
core   0: 0x80007a0c (0x9d08fa93) andi    s5, a7, -1584
core   0: 3 0x80007a0c (0x9d08fa93) x21 0x80011840
core   0: 0x80007a10 (0x41945db3) sra     s11, s0, s9
core   0: 3 0x80007a10 (0x41945db3) x27 0x00000000
core   0: 0x80007a14 (0x00000013) nop
core   0: 3 0x80007a14 (0x00000013)
core   0: 0x80007a18 (0x007afcb3) and     s9, s5, t2
core   0: 3 0x80007a18 (0x007afcb3) x25 0x80011840
core   0: 0x80007a1c (0x4513f017) auipc   zero, 0x4513f
core   0: 3 0x80007a1c (0x4513f017)
core   0: 0x80007a20 (0x38da7e93) andi    t4, s4, 909
core   0: 3 0x80007a20 (0x38da7e93) x29 0x00000000
core   0: 0x80007a24 (0x00099eb3) sll     t4, s3, zero
core   0: 3 0x80007a24 (0x00099eb3) x29 0x9296d5e1
core   0: 0x80007a28 (0x21f17c13) andi    s8, sp, 543
core   0: 3 0x80007a28 (0x21f17c13) x24 0x00000001
core   0: 0x80007a2c (0x0175cc33) xor     s8, a1, s7
core   0: 3 0x80007a2c (0x0175cc33) x24 0x06441d91
core   0: 0x80007a30 (0x0068e733) or      a4, a7, t1
core   0: 3 0x80007a30 (0x0068e733) x14 0x9297dee6
core   0: 0x80007a34 (0x00313033) sltu    zero, sp, gp
core   0: 3 0x80007a34 (0x00313033)
core   0: 0x80007a38 (0x41a85433) sra     s0, a6, s10
core   0: 3 0x80007a38 (0x41a85433) x 8 0xffffffff
core   0: 0x80007a3c (0x00620133) add     sp, tp, t1
core   0: 3 0x80007a3c (0x00620133) x 2 0x9297dac7
core   0: 0x80007a40 (0x003c1eb3) sll     t4, s8, gp
core   0: 3 0x80007a40 (0x003c1eb3) x29 0xc883b220
core   0: 0x80007a44 (0xea543313) sltiu   t1, s0, -347
core   0: 3 0x80007a44 (0xea543313) x 6 0x00000000
core   0: 0x80007a48 (0x006de933) or      s2, s11, t1
core   0: 3 0x80007a48 (0x006de933) x18 0x00000000
core   0: 0x80007a4c (0x00698233) add     tp, s3, t1
core   0: 3 0x80007a4c (0x00698233) x 4 0x9296d5e1
core   0: 0x80007a50 (0x409d5813) srai    a6, s10, 9
core   0: 3 0x80007a50 (0x409d5813) x16 0xffcb4bee
core   0: 0x80007a54 (0x01649f33) sll     t5, s1, s6
core   0: 3 0x80007a54 (0x01649f33) x30 0xac600000
core   0: 0x80007a58 (0xc94d6137) lui     sp, 0xc94d6
core   0: 3 0x80007a58 (0xc94d6137) x 2 0xc94d6000
core   0: 0x80007a5c (0x00691733) sll     a4, s2, t1
core   0: 3 0x80007a5c (0x00691733) x14 0x00000000
core   0: 0x80007a60 (0xc26f4693) xori    a3, t5, -986
core   0: 3 0x80007a60 (0xc26f4693) x13 0x539ffc26
core   0: 0x80007a64 (0x003d6333) or      t1, s10, gp
core   0: 3 0x80007a64 (0x003d6333) x 6 0x97b7ddf5
core   0: 0x80007a68 (0x009f7bb3) and     s7, t5, s1
core   0: 3 0x80007a68 (0x009f7bb3) x23 0x84200000
core   0: 0x80007a6c (0x40f6e937) lui     s2, 0x40f6e
core   0: 3 0x80007a6c (0x40f6e937) x18 0x40f6e000
core   0: 0x80007a70 (0xe8476c93) ori     s9, a4, -380
core   0: 3 0x80007a70 (0xe8476c93) x25 0xfffffe84
core   0: 0x80007a74 (0x01136833) or      a6, t1, a7
core   0: 3 0x80007a74 (0x01136833) x16 0x97b7dff5
core   0: 0x80007a78 (0x003d1a33) sll     s4, s10, gp
core   0: 3 0x80007a78 (0x003d1a33) x20 0xd2fbbe80
core   0: 0x80007a7c (0x000c5d33) srl     s10, s8, zero
core   0: 3 0x80007a7c (0x000c5d33) x26 0x06441d91
core   0: 0x80007a80 (0x014ec733) xor     a4, t4, s4
core   0: 3 0x80007a80 (0x014ec733) x14 0x1a780ca0
core   0: 0x80007a84 (0x0190f7b3) and     a5, ra, s9
core   0: 3 0x80007a84 (0x0190f7b3) x15 0xa203c880
core   0: 0x80007a88 (0x2f03b413) sltiu   s0, t2, 752
core   0: 3 0x80007a88 (0x2f03b413) x 8 0x00000000
core   0: 0x80007a8c (0x0157a133) slt     sp, a5, s5
core   0: 3 0x80007a8c (0x0157a133) x 2 0x00000000
core   0: 0x80007a90 (0x4048d533) sra     a0, a7, tp
core   0: 3 0x80007a90 (0x4048d533) x10 0xc0008f32
core   0: 0x80007a94 (0x9c088d93) addi    s11, a7, -1600
core   0: 3 0x80007a94 (0x9c088d93) x27 0x80011824
core   0: 0x80007a98 (0x00dd8533) add     a0, s11, a3
core   0: 3 0x80007a98 (0x00dd8533) x10 0xd3a1144a
core   0: 0x80007a9c (0x40488fb3) sub     t6, a7, tp
core   0: 3 0x80007a9c (0x40488fb3) x31 0xed6a4883
core   0: 0x80007aa0 (0x01958f33) add     t5, a1, s9
core   0: 3 0x80007aa0 (0x01958f33) x30 0x06441c15
core   0: 0x80007aa4 (0x01f7b2b3) sltu    t0, a5, t6
core   0: 3 0x80007aa4 (0x01f7b2b3) x 5 0x00000001
core   0: 0x80007aa8 (0xb4e07793) andi    a5, zero, -1202
core   0: 3 0x80007aa8 (0xb4e07793) x15 0x00000000
core   0: 0x80007aac (0x00686a33) or      s4, a6, t1
core   0: 3 0x80007aac (0x00686a33) x20 0x97b7dff5
core   0: 0x80007ab0 (0x41c35493) srai    s1, t1, 28
core   0: 3 0x80007ab0 (0x41c35493) x 9 0xfffffff9
core   0: 0x80007ab4 (0xa4653a93) sltiu   s5, a0, -1466
core   0: 3 0x80007ab4 (0xa4653a93) x21 0x00000001
core   0: 0x80007ab8 (0x016b0f13) addi    t5, s6, 22
core   0: 3 0x80007ab8 (0x016b0f13) x30 0xe88396f7
core   0: 0x80007abc (0x3383cb97) auipc   s7, 0x3383c
core   0: 3 0x80007abc (0x3383cb97) x23 0xb3843abc
core   0: 0x80007ac0 (0x8d8ff113) andi    sp, t6, -1832
core   0: 3 0x80007ac0 (0x8d8ff113) x 2 0xed6a4880
core   0: 0x80007ac4 (0x86e1ef13) ori     t5, gp, -1938
core   0: 3 0x80007ac4 (0x86e1ef13) x30 0xfffffc6f
core   0: 0x80007ac8 (0x0148bfb3) sltu    t6, a7, s4
core   0: 3 0x80007ac8 (0x0148bfb3) x31 0x00000001
core   0: 0x80007acc (0x003460b3) or      ra, s0, gp
core   0: 3 0x80007acc (0x003460b3) x 1 0x8521cc05
core   0: 0x80007ad0 (0x7c174e93) xori    t4, a4, 1985
core   0: 3 0x80007ad0 (0x7c174e93) x29 0x1a780b61
core   0: 0x80007ad4 (0x01b6c0b3) xor     ra, a3, s11
core   0: 3 0x80007ad4 (0x01b6c0b3) x 1 0xd39ee402
core   0: 0x80007ad8 (0x01b8d313) srli    t1, a7, 27
core   0: 3 0x80007ad8 (0x01b8d313) x 6 0x00000010
core   0: 0x80007adc (0x01718833) add     a6, gp, s7
core   0: 3 0x80007adc (0x01718833) x16 0x38a606c1
core   0: 0x80007ae0 (0x40748cb3) sub     s9, s1, t2
core   0: 3 0x80007ae0 (0x40748cb3) x25 0x7ffea315
core   0: 0x80007ae4 (0x00a57233) and     tp, a0, a0
core   0: 3 0x80007ae4 (0x00a57233) x 4 0xd3a1144a
core   0: 0x80007ae8 (0x21378593) addi    a1, a5, 531
core   0: 3 0x80007ae8 (0x21378593) x11 0x00000213
core   0: 0x80007aec (0x41458fb3) sub     t6, a1, s4
core   0: 3 0x80007aec (0x41458fb3) x31 0x6848221e
core   0: 0x80007af0 (0x01f4e733) or      a4, s1, t6
core   0: 3 0x80007af0 (0x01f4e733) x14 0xffffffff
core   0: 0x80007af4 (0xe1038d93) addi    s11, t2, -496
core   0: 3 0x80007af4 (0xe1038d93) x27 0x80015af4
core   0: 0x80007af8 (0xb5214597) auipc   a1, 0xb5214
core   0: 3 0x80007af8 (0xb5214597) x11 0x3521baf8
core   0: 0x80007afc (0x6d4f6bb7) lui     s7, 0x6d4f6
core   0: 3 0x80007afc (0x6d4f6bb7) x23 0x6d4f6000
core   0: 0x80007b00 (0x00a71713) slli    a4, a4, 10
core   0: 3 0x80007b00 (0x00a71713) x14 0xfffffc00
core   0: 0x80007b04 (0x0053d913) srli    s2, t2, 5
core   0: 3 0x80007b04 (0x0053d913) x18 0x04000ae7
core   0: 0x80007b08 (0x01e546b3) xor     a3, a0, t5
core   0: 3 0x80007b08 (0x01e546b3) x13 0x2c5ee825
core   0: 0x80007b0c (0xf56db7b7) lui     a5, 0xf56db
core   0: 3 0x80007b0c (0xf56db7b7) x15 0xf56db000
core   0: 0x80007b10 (0x41d70ab3) sub     s5, a4, t4
core   0: 3 0x80007b10 (0x41d70ab3) x21 0xe587f09f
core   0: 0x80007b14 (0x40a30033) sub     zero, t1, a0
core   0: 3 0x80007b14 (0x40a30033)
core   0: 0x80007b18 (0xb3993413) sltiu   s0, s2, -1223
core   0: 3 0x80007b18 (0xb3993413) x 8 0x00000001
core   0: 0x80007b1c (0x656c4613) xori    a2, s8, 1622
core   0: 3 0x80007b1c (0x656c4613) x12 0x06441bc7
core   0: 0x80007b20 (0xa322eb93) ori     s7, t0, -1486
core   0: 3 0x80007b20 (0xa322eb93) x23 0xfffffa33
core   0: 0x80007b24 (0x0075ca17) auipc   s4, 0x75c
core   0: 3 0x80007b24 (0x0075ca17) x20 0x80763b24
core   0: 0x80007b28 (0xc06e4c93) xori    s9, t3, -1018
core   0: 3 0x80007b28 (0xc06e4c93) x25 0xfffffc04
core   0: 0x80007b2c (0x00000013) nop
core   0: 3 0x80007b2c (0x00000013)
core   0: 0x80007b30 (0x3669e613) ori     a2, s3, 870
core   0: 3 0x80007b30 (0x3669e613) x12 0x9296d7e7
core   0: 0x80007b34 (0x00e60933) add     s2, a2, a4
core   0: 3 0x80007b34 (0x00e60933) x18 0x9296d3e7
core   0: 0x80007b38 (0x40d95033) sra     zero, s2, a3
core   0: 3 0x80007b38 (0x40d95033)
core   0: 0x80007b3c (0x01142133) slt     sp, s0, a7
core   0: 3 0x80007b3c (0x01142133) x 2 0x00000000
core   0: 0x80007b40 (0x867bd137) lui     sp, 0x867bd
core   0: 3 0x80007b40 (0x867bd137) x 2 0x867bd000
core   0: 0x80007b44 (0x199e2193) slti    gp, t3, 409
core   0: 3 0x80007b44 (0x199e2193) x 3 0x00000001
core   0: 0x80007b48 (0xc41a6513) ori     a0, s4, -959
core   0: 3 0x80007b48 (0xc41a6513) x10 0xffffff65
core   0: 0x80007b4c (0x000c5033) srl     zero, s8, zero
core   0: 3 0x80007b4c (0x000c5033)
core   0: 0x80007b50 (0x00c910b3) sll     ra, s2, a2
core   0: 3 0x80007b50 (0x00c910b3) x 1 0x4b69f380
core   0: 0x80007b54 (0x332cc693) xori    a3, s9, 818
core   0: 3 0x80007b54 (0x332cc693) x13 0xffffff36
core   0: 0x80007b58 (0x00ff0733) add     a4, t5, a5
core   0: 3 0x80007b58 (0x00ff0733) x14 0xf56dac6f
core   0: 0x80007b5c (0x011eed33) or      s10, t4, a7
core   0: 3 0x80007b5c (0x011eed33) x26 0x9a791f65
core   0: 0x80007b60 (0xd5a63b93) sltiu   s7, a2, -678
core   0: 3 0x80007b60 (0xd5a63b93) x23 0x00000001
core   0: 0x80007b64 (0x007689b3) add     s3, a3, t2
core   0: 3 0x80007b64 (0x007689b3) x19 0x80015c1a
core   0: 0x80007b68 (0x012e12b3) sll     t0, t3, s2
core   0: 3 0x80007b68 (0x012e12b3) x 5 0x00000100
core   0: 0x80007b6c (0x83b0e513) ori     a0, ra, -1989
core   0: 3 0x80007b6c (0x83b0e513) x10 0xfffffbbb
core   0: 0x80007b70 (0x011b39b3) sltu    s3, s6, a7
core   0: 3 0x80007b70 (0x011b39b3) x19 0x00000000
core   0: 0x80007b74 (0x00ebe833) or      a6, s7, a4
core   0: 3 0x80007b74 (0x00ebe833) x16 0xf56dac6f
core   0: 0x80007b78 (0x002d9a13) slli    s4, s11, 2
core   0: 3 0x80007b78 (0x002d9a13) x20 0x00056bd0
core   0: 0x80007b7c (0x00000013) nop
core   0: 3 0x80007b7c (0x00000013)
core   0: 0x80007b80 (0x45256e93) ori     t4, a0, 1106
core   0: 3 0x80007b80 (0x45256e93) x29 0xfffffffb
core   0: 0x80007b84 (0x012b9513) slli    a0, s7, 18
core   0: 3 0x80007b84 (0x012b9513) x10 0x00040000
core   0: 0x80007b88 (0x01f11313) slli    t1, sp, 31
core   0: 3 0x80007b88 (0x01f11313) x 6 0x00000000
core   0: 0x80007b8c (0x41d55ab3) sra     s5, a0, t4
core   0: 3 0x80007b8c (0x41d55ab3) x21 0x00000000
core   0: 0x80007b90 (0x003a9e93) slli    t4, s5, 3
core   0: 3 0x80007b90 (0x003a9e93) x29 0x00000000
core   0: 0x80007b94 (0x921b7b93) andi    s7, s6, -1759
core   0: 3 0x80007b94 (0x921b7b93) x23 0xe8839021
core   0: 0x80007b98 (0x0ad37113) andi    sp, t1, 173
core   0: 3 0x80007b98 (0x0ad37113) x 2 0x00000000
core   0: 0x80007b9c (0x36a14813) xori    a6, sp, 874
core   0: 3 0x80007b9c (0x36a14813) x16 0x0000036a
core   0: 0x80007ba0 (0x003fc4b3) xor     s1, t6, gp
core   0: 3 0x80007ba0 (0x003fc4b3) x 9 0x6848221f
core   0: 0x80007ba4 (0x41bcdd93) srai    s11, s9, 27
core   0: 3 0x80007ba4 (0x41bcdd93) x27 0xffffffff
core   0: 0x80007ba8 (0x01f997b3) sll     a5, s3, t6
core   0: 3 0x80007ba8 (0x01f997b3) x15 0x00000000
core   0: 0x80007bac (0x0057b033) sltu    zero, a5, t0
core   0: 3 0x80007bac (0x0057b033)
core   0: 0x80007bb0 (0x0052d1b3) srl     gp, t0, t0
core   0: 3 0x80007bb0 (0x0052d1b3) x 3 0x00000100
core   0: 0x80007bb4 (0xb89bea13) ori     s4, s7, -1143
core   0: 3 0x80007bb4 (0xb89bea13) x20 0xfffffba9
core   0: 0x80007bb8 (0x00ecb1b3) sltu    gp, s9, a4
core   0: 3 0x80007bb8 (0x00ecb1b3) x 3 0x00000000
core   0: 0x80007bbc (0x00a81993) slli    s3, a6, 10
core   0: 3 0x80007bbc (0x00a81993) x19 0x000da800
core   0: 0x80007bc0 (0x41be5313) srai    t1, t3, 27
core   0: 3 0x80007bc0 (0x41be5313) x 6 0x00000000
core   0: 0x80007bc4 (0x00b0eeb3) or      t4, ra, a1
core   0: 3 0x80007bc4 (0x00b0eeb3) x29 0x7f69fbf8
core   0: 0x80007bc8 (0x27456f93) ori     t6, a0, 628
core   0: 3 0x80007bc8 (0x27456f93) x31 0x00040274
core   0: 0x80007bcc (0xeade44b7) lui     s1, 0xeade4
core   0: 3 0x80007bcc (0xeade44b7) x 9 0xeade4000
core   0: 0x80007bd0 (0x007e9a93) slli    s5, t4, 7
core   0: 3 0x80007bd0 (0x007e9a93) x21 0xb4fdfc00
core   0: 0x80007bd4 (0x00445133) srl     sp, s0, tp
core   0: 3 0x80007bd4 (0x00445133) x 2 0x00000000
core   0: 0x80007bd8 (0x00a9bd33) sltu    s10, s3, a0
core   0: 3 0x80007bd8 (0x00a9bd33) x26 0x00000000
core   0: 0x80007bdc (0x00fe1a93) slli    s5, t3, 15
core   0: 3 0x80007bdc (0x00fe1a93) x21 0x00010000
core   0: 0x80007be0 (0x00939f93) slli    t6, t2, 9
core   0: 3 0x80007be0 (0x00939f93) x31 0x02b9c800
core   0: 0x80007be4 (0x92ee72b7) lui     t0, 0x92ee7
core   0: 3 0x80007be4 (0x92ee72b7) x 5 0x92ee7000
core   0: 0x80007be8 (0x61f87713) andi    a4, a6, 1567
core   0: 3 0x80007be8 (0x61f87713) x14 0x0000020a
core   0: 0x80007bec (0x0042c5b3) xor     a1, t0, tp
core   0: 3 0x80007bec (0x0042c5b3) x11 0x414f644a
core   0: 0x80007bf0 (0x00128333) add     t1, t0, ra
core   0: 3 0x80007bf0 (0x00128333) x 6 0xde586380
core   0: 0x80007bf4 (0x1de42f93) slti    t6, s0, 478
core   0: 3 0x80007bf4 (0x1de42f93) x31 0x00000001
core   0: 0x80007bf8 (0x00896d33) or      s10, s2, s0
core   0: 3 0x80007bf8 (0x00896d33) x26 0x9296d3e7
core   0: 0x80007bfc (0x007aac33) slt     s8, s5, t2
core   0: 3 0x80007bfc (0x007aac33) x24 0x00000000
core   0: 0x80007c00 (0xf0e05fb7) lui     t6, 0xf0e05
core   0: 3 0x80007c00 (0xf0e05fb7) x31 0xf0e05000
core   0: 0x80007c04 (0x00b2fdb3) and     s11, t0, a1
core   0: 3 0x80007c04 (0x00b2fdb3) x27 0x004e6000
core   0: 0x80007c08 (0xea267213) andi    tp, a2, -350
core   0: 3 0x80007c08 (0xea267213) x 4 0x9296d6a2
core   0: 0x80007c0c (0x00000013) nop
core   0: 3 0x80007c0c (0x00000013)
core   0: 0x80007c10 (0xcc1e81b7) lui     gp, 0xcc1e8
core   0: 3 0x80007c10 (0xcc1e81b7) x 3 0xcc1e8000
core   0: 0x80007c14 (0x73418193) addi    gp, gp, 1844
core   0: 3 0x80007c14 (0x73418193) x 3 0xcc1e8734
core   0: 0x80007c18 (0x80000bb7) lui     s7, 0x80000
core   0: 3 0x80007c18 (0x80000bb7) x23 0x80000000
core   0: 0x80007c1c (0x29c48537) lui     a0, 0x29c48
core   0: 3 0x80007c1c (0x29c48537) x10 0x29c48000
core   0: 0x80007c20 (0x68750513) addi    a0, a0, 1671
core   0: 3 0x80007c20 (0x68750513) x10 0x29c48687
core   0: 0x80007c24 (0xfff00493) li      s1, -1
core   0: 3 0x80007c24 (0xfff00493) x 9 0xffffffff
core   0: 0x80007c28 (0xfff00413) li      s0, -1
core   0: 3 0x80007c28 (0xfff00413) x 8 0xffffffff
core   0: 0x80007c2c (0xc6762eb7) lui     t4, 0xc6762
core   0: 3 0x80007c2c (0xc6762eb7) x29 0xc6762000
core   0: 0x80007c30 (0x1d1e8e93) addi    t4, t4, 465
core   0: 3 0x80007c30 (0x1d1e8e93) x29 0xc67621d1
core   0: 0x80007c34 (0xfff00593) li      a1, -1
core   0: 3 0x80007c34 (0xfff00593) x11 0xffffffff
core   0: 0x80007c38 (0x6a4adab7) lui     s5, 0x6a4ad
core   0: 3 0x80007c38 (0x6a4adab7) x21 0x6a4ad000
core   0: 0x80007c3c (0x1b7a8a93) addi    s5, s5, 439
core   0: 3 0x80007c3c (0x1b7a8a93) x21 0x6a4ad1b7
core   0: 0x80007c40 (0x9a313cb7) lui     s9, 0x9a313
core   0: 3 0x80007c40 (0x9a313cb7) x25 0x9a313000
core   0: 0x80007c44 (0x85ac8c93) addi    s9, s9, -1958
core   0: 3 0x80007c44 (0x85ac8c93) x25 0x9a31285a
core   0: 0x80007c48 (0x00000613) li      a2, 0
core   0: 3 0x80007c48 (0x00000613) x12 0x00000000
core   0: 0x80007c4c (0x008c8633) add     a2, s9, s0
core   0: 3 0x80007c4c (0x008c8633) x12 0x9a312859
core   0: 0x80007c50 (0x40ae8cb3) sub     s9, t4, a0
core   0: 3 0x80007c50 (0x40ae8cb3) x25 0x9cb19b4a
core   0: 0x80007c54 (0x82ffea97) auipc   s5, 0x82ffe
core   0: 3 0x80007c54 (0x82ffea97) x21 0x03005c54
core   0: 0x80007c58 (0x01560ab3) add     s5, a2, s5
core   0: 3 0x80007c58 (0x01560ab3) x21 0x9d3184ad
core   0: 0x80007c5c (0xd702da97) auipc   s5, 0xd702d
core   0: 3 0x80007c5c (0xd702da97) x21 0x57034c5c
core   0: 0x80007c60 (0xa0f48bb7) lui     s7, 0xa0f48
core   0: 3 0x80007c60 (0xa0f48bb7) x23 0xa0f48000
core   0: 0x80007c64 (0x01d60633) add     a2, a2, t4
core   0: 3 0x80007c64 (0x01d60633) x12 0x60a74a2a
core   0: 0x80007c68 (0x4f8b8513) addi    a0, s7, 1272
core   0: 3 0x80007c68 (0x4f8b8513) x10 0xa0f484f8
core   0: 0x80007c6c (0x00000013) nop
core   0: 3 0x80007c6c (0x00000013)
core   0: 0x80007c70 (0x3cc52437) lui     s0, 0x3cc52
core   0: 3 0x80007c70 (0x3cc52437) x 8 0x3cc52000
core   0: 0x80007c74 (0x4d4e9bb7) lui     s7, 0x4d4e9
core   0: 3 0x80007c74 (0x4d4e9bb7) x23 0x4d4e9000
core   0: 0x80007c78 (0x811e4ab7) lui     s5, 0x811e4
core   0: 3 0x80007c78 (0x811e4ab7) x21 0x811e4000
core   0: 0x80007c7c (0x40b184b3) sub     s1, gp, a1
core   0: 3 0x80007c7c (0x40b184b3) x 9 0xcc1e8735
core   0: 0x80007c80 (0x409a85b3) sub     a1, s5, s1
core   0: 3 0x80007c80 (0x409a85b3) x11 0xb4ffb8cb
core   0: 0x80007c84 (0x00bb8bb3) add     s7, s7, a1
core   0: 3 0x80007c84 (0x00bb8bb3) x23 0x024e48cb
core   0: 0x80007c88 (0x35496617) auipc   a2, 0x35496
core   0: 3 0x80007c88 (0x35496617) x12 0xb549dc88
core   0: 0x80007c8c (0xb9ab5437) lui     s0, 0xb9ab5
core   0: 3 0x80007c8c (0xb9ab5437) x 8 0xb9ab5000
core   0: 0x80007c90 (0x8202c617) auipc   a2, 0x8202c
core   0: 3 0x80007c90 (0x8202c617) x12 0x02033c90
core   0: 0x80007c94 (0x0006c333) xor     t1, a3, zero
core   0: 3 0x80007c94 (0x0006c333) x 6 0xffffff36
core   0: 0x80007c98 (0x87a46093) ori     ra, s0, -1926
core   0: 3 0x80007c98 (0x87a46093) x 1 0xfffff87a
core   0: 0x80007c9c (0xc8c23813) sltiu   a6, tp, -884
core   0: 3 0x80007c9c (0xc8c23813) x16 0x00000001
core   0: 0x80007ca0 (0x160db513) sltiu   a0, s11, 352
core   0: 3 0x80007ca0 (0x160db513) x10 0x00000000
core   0: 0x80007ca4 (0xa775b193) sltiu   gp, a1, -1417
core   0: 3 0x80007ca4 (0xa775b193) x 3 0x00000001
core   0: 0x80007ca8 (0x012e9333) sll     t1, t4, s2
core   0: 3 0x80007ca8 (0x012e9333) x 6 0x3b10e880
core   0: 0x80007cac (0xdb7c2f97) auipc   t6, 0xdb7c2
core   0: 3 0x80007cac (0xdb7c2f97) x31 0x5b7c9cac
core   0: 0x80007cb0 (0x27d2e793) ori     a5, t0, 637
core   0: 3 0x80007cb0 (0x27d2e793) x15 0x92ee727d
core   0: 0x80007cb4 (0x01d06eb3) or      t4, zero, t4
core   0: 3 0x80007cb4 (0x01d06eb3) x29 0xc67621d1
core   0: 0x80007cb8 (0x2f6fbc93) sltiu   s9, t6, 758
core   0: 3 0x80007cb8 (0x2f6fbc93) x25 0x00000000
core   0: 0x80007cbc (0x0171b733) sltu    a4, gp, s7
core   0: 3 0x80007cbc (0x0171b733) x14 0x00000001
core   0: 0x80007cc0 (0x00030fb3) add     t6, t1, zero
core   0: 3 0x80007cc0 (0x00030fb3) x31 0x3b10e880
core   0: 0x80007cc4 (0x220ee9b7) lui     s3, 0x220ee
core   0: 3 0x80007cc4 (0x220ee9b7) x19 0x220ee000
core   0: 0x80007cc8 (0x01c81293) slli    t0, a6, 28
core   0: 3 0x80007cc8 (0x01c81293) x 5 0x10000000
core   0: 0x80007ccc (0xa9538297) auipc   t0, 0xa9538
core   0: 3 0x80007ccc (0xa9538297) x 5 0x2953fccc
core   0: 0x80007cd0 (0x411909b3) sub     s3, s2, a7
core   0: 3 0x80007cd0 (0x411909b3) x19 0x1295b583
core   0: 0x80007cd4 (0x01eca333) slt     t1, s9, t5
core   0: 3 0x80007cd4 (0x01eca333) x 6 0x00000000
core   0: 0x80007cd8 (0x00493233) sltu    tp, s2, tp
core   0: 3 0x80007cd8 (0x00493233) x 4 0x00000001
core   0: 0x80007cdc (0x006ca933) slt     s2, s9, t1
core   0: 3 0x80007cdc (0x006ca933) x18 0x00000000
core   0: 0x80007ce0 (0x350b4993) xori    s3, s6, 848
core   0: 3 0x80007ce0 (0x350b4993) x19 0xe88395b1
core   0: 0x80007ce4 (0x01ee4e33) xor     t3, t3, t5
core   0: 3 0x80007ce4 (0x01ee4e33) x28 0xfffffc6d
core   0: 0x80007ce8 (0x01579b93) slli    s7, a5, 21
core   0: 3 0x80007ce8 (0x01579b93) x23 0x4fa00000
core   0: 0x80007cec (0x407a0233) sub     tp, s4, t2
core   0: 3 0x80007cec (0x407a0233) x 4 0x7ffe9ec5
core   0: 0x80007cf0 (0x01e800b3) add     ra, a6, t5
core   0: 3 0x80007cf0 (0x01e800b3) x 1 0xfffffc70
core   0: 0x80007cf4 (0x40a90933) sub     s2, s2, a0
core   0: 3 0x80007cf4 (0x40a90933) x18 0x00000000
core   0: 0x80007cf8 (0x01ffb533) sltu    a0, t6, t6
core   0: 3 0x80007cf8 (0x01ffb533) x10 0x00000000
core   0: 0x80007cfc (0x461f94b7) lui     s1, 0x461f9
core   0: 3 0x80007cfc (0x461f94b7) x 9 0x461f9000
core   0: 0x80007d00 (0x00000013) nop
core   0: 3 0x80007d00 (0x00000013)
core   0: 0x80007d04 (0xcc90f1b7) lui     gp, 0xcc90f
core   0: 3 0x80007d04 (0xcc90f1b7) x 3 0xcc90f000
core   0: 0x80007d08 (0x40455493) srai    s1, a0, 4
core   0: 3 0x80007d08 (0x40455493) x 9 0x00000000
core   0: 0x80007d0c (0x00551f93) slli    t6, a0, 5
core   0: 3 0x80007d0c (0x00551f93) x31 0x00000000
core   0: 0x80007d10 (0x00771b93) slli    s7, a4, 7
core   0: 3 0x80007d10 (0x00771b93) x23 0x00000080
core   0: 0x80007d14 (0x169eb613) sltiu   a2, t4, 361
core   0: 3 0x80007d14 (0x169eb613) x12 0x00000000
core   0: 0x80007d18 (0xe287f013) andi    zero, a5, -472
core   0: 3 0x80007d18 (0xe287f013)
core   0: 0x80007d1c (0x01b28a33) add     s4, t0, s11
core   0: 3 0x80007d1c (0x01b28a33) x20 0x29a25ccc
core   0: 0x80007d20 (0xfc6ca937) lui     s2, 0xfc6ca
core   0: 3 0x80007d20 (0xfc6ca937) x18 0xfc6ca000
core   0: 0x80007d24 (0x98860c13) addi    s8, a2, -1656
core   0: 3 0x80007d24 (0x98860c13) x24 0xfffff988
core   0: 0x80007d28 (0x40800533) sub     a0, zero, s0
core   0: 3 0x80007d28 (0x40800533) x10 0x4654b000
core   0: 0x80007d2c (0x4c242a93) slti    s5, s0, 1218
core   0: 3 0x80007d2c (0x4c242a93) x21 0x00000001
core   0: 0x80007d30 (0x0110e733) or      a4, ra, a7
core   0: 3 0x80007d30 (0x0110e733) x14 0xfffffe74
core   0: 0x80007d34 (0x00a90eb3) add     t4, s2, a0
core   0: 3 0x80007d34 (0x00a90eb3) x29 0x42c15000
core   0: 0x80007d38 (0x00712d33) slt     s10, sp, t2
core   0: 3 0x80007d38 (0x00712d33) x26 0x00000000
core   0: 0x80007d3c (0x1d983713) sltiu   a4, a6, 473
core   0: 3 0x80007d3c (0x1d983713) x14 0x00000001
core   0: 0x80007d40 (0x00572433) slt     s0, a4, t0
core   0: 3 0x80007d40 (0x00572433) x 8 0x00000001
core   0: 0x80007d44 (0x985a6713) ori     a4, s4, -1659
core   0: 3 0x80007d44 (0x985a6713) x14 0xfffffdcd
core   0: 0x80007d48 (0x015caab3) slt     s5, s9, s5
core   0: 3 0x80007d48 (0x015caab3) x21 0x00000001
core   0: 0x80007d4c (0x00c046b3) xor     a3, zero, a2
core   0: 3 0x80007d4c (0x00c046b3) x13 0x00000000
core   0: 0x80007d50 (0x00000013) nop
core   0: 3 0x80007d50 (0x00000013)
core   0: 0x80007d54 (0x79370913) addi    s2, a4, 1939
core   0: 3 0x80007d54 (0x79370913) x18 0x00000560
core   0: 0x80007d58 (0x106ab093) sltiu   ra, s5, 262
core   0: 3 0x80007d58 (0x106ab093) x 1 0x00000001
core   0: 0x80007d5c (0xdf9bd537) lui     a0, 0xdf9bd
core   0: 3 0x80007d5c (0xdf9bd537) x10 0xdf9bd000
core   0: 0x80007d60 (0x41355d13) srai    s10, a0, 19
core   0: 3 0x80007d60 (0x41355d13) x26 0xfffffbf3
core   0: 0x80007d64 (0xaa0fa513) slti    a0, t6, -1376
core   0: 3 0x80007d64 (0xaa0fa513) x10 0x00000000
core   0: 0x80007d68 (0xcc794a37) lui     s4, 0xcc794
core   0: 3 0x80007d68 (0xcc794a37) x20 0xcc794000
core   0: 0x80007d6c (0x005357b3) srl     a5, t1, t0
core   0: 3 0x80007d6c (0x005357b3) x15 0x00000000
core   0: 0x80007d70 (0x4175d113) srai    sp, a1, 23
core   0: 3 0x80007d70 (0x4175d113) x 2 0xffffff69
core   0: 0x80007d74 (0xf7700e93) li      t4, -137
core   0: 3 0x80007d74 (0xf7700e93) x29 0xffffff77
core   0: 0x80007d78 (0x01a4cab3) xor     s5, s1, s10
core   0: 3 0x80007d78 (0x01a4cab3) x21 0xfffffbf3
core   0: 0x80007d7c (0xed09ed13) ori     s10, s3, -304
core   0: 3 0x80007d7c (0xed09ed13) x26 0xfffffff1
core   0: 0x80007d80 (0x41905633) sra     a2, zero, s9
core   0: 3 0x80007d80 (0x41905633) x12 0x00000000
core   0: 0x80007d84 (0x41155c33) sra     s8, a0, a7
core   0: 3 0x80007d84 (0x41155c33) x24 0x00000000
core   0: 0x80007d88 (0x412c5033) sra     zero, s8, s2
core   0: 3 0x80007d88 (0x412c5033)
core   0: 0x80007d8c (0x00d1bc33) sltu    s8, gp, a3
core   0: 3 0x80007d8c (0x00d1bc33) x24 0x00000000
core   0: 0x80007d90 (0x922d2513) slti    a0, s10, -1758
core   0: 3 0x80007d90 (0x922d2513) x10 0x00000000
core   0: 0x80007d94 (0x41b380b3) sub     ra, t2, s11
core   0: 3 0x80007d94 (0x41b380b3) x 1 0x7fb2fce4
core   0: 0x80007d98 (0x00b51833) sll     a6, a0, a1
core   0: 3 0x80007d98 (0x00b51833) x16 0x00000000
core   0: 0x80007d9c (0x0090a033) slt     zero, ra, s1
core   0: 3 0x80007d9c (0x0090a033)
core   0: 0x80007da0 (0x00f29913) slli    s2, t0, 15
core   0: 3 0x80007da0 (0x00f29913) x18 0xfe660000
core   0: 0x80007da4 (0x009edbb3) srl     s7, t4, s1
core   0: 3 0x80007da4 (0x009edbb3) x23 0xffffff77
core   0: 0x80007da8 (0x00172a33) slt     s4, a4, ra
core   0: 3 0x80007da8 (0x00172a33) x20 0x00000001
core   0: 0x80007dac (0x409d07b3) sub     a5, s10, s1
core   0: 3 0x80007dac (0x409d07b3) x15 0xfffffff1
core   0: 0x80007db0 (0x0168d133) srl     sp, a7, s6
core   0: 3 0x80007db0 (0x0168d133) x 2 0x40008f32
core   0: 0x80007db4 (0xd63d1597) auipc   a1, 0xd63d1
core   0: 3 0x80007db4 (0xd63d1597) x11 0x563d8db4
core   0: 0x80007db8 (0x01f971b3) and     gp, s2, t6
core   0: 3 0x80007db8 (0x01f971b3) x 3 0x00000000
core   0: 0x80007dbc (0x5021cf13) xori    t5, gp, 1282
core   0: 3 0x80007dbc (0x5021cf13) x30 0x00000502
core   0: 0x80007dc0 (0x00ded713) srli    a4, t4, 13
core   0: 3 0x80007dc0 (0x00ded713) x14 0x0007ffff
core   0: 0x80007dc4 (0x01aa5f93) srli    t6, s4, 26
core   0: 3 0x80007dc4 (0x01aa5f93) x31 0x00000000
core   0: 0x80007dc8 (0x40c35d33) sra     s10, t1, a2
core   0: 3 0x80007dc8 (0x40c35d33) x26 0x00000000
core   0: 0x80007dcc (0x01dc3933) sltu    s2, s8, t4
core   0: 3 0x80007dcc (0x01dc3933) x18 0x00000001
core   0: 0x80007dd0 (0xa6272d97) auipc   s11, 0xa6272
core   0: 3 0x80007dd0 (0xa6272d97) x27 0x26279dd0
core   0: 0x80007dd4 (0x60df8c13) addi    s8, t6, 1549
core   0: 3 0x80007dd4 (0x60df8c13) x24 0x0000060d
core   0: 0x80007dd8 (0x386cb093) sltiu   ra, s9, 902
core   0: 3 0x80007dd8 (0x386cb093) x 1 0x00000001
core   0: 0x80007ddc (0x793e3413) sltiu   s0, t3, 1939
core   0: 3 0x80007ddc (0x793e3413) x 8 0x00000000
core   0: 0x80007de0 (0x0187ae33) slt     t3, a5, s8
core   0: 3 0x80007de0 (0x0187ae33) x28 0x00000001
core   0: 0x80007de4 (0x414d5613) srai    a2, s10, 20
core   0: 3 0x80007de4 (0x414d5613) x12 0x00000000
core   0: 0x80007de8 (0x01d72ab3) slt     s5, a4, t4
core   0: 3 0x80007de8 (0x01d72ab3) x21 0x00000000
core   0: 0x80007dec (0xbca3ba37) lui     s4, 0xbca3b
core   0: 3 0x80007dec (0xbca3ba37) x20 0xbca3b000
core   0: 0x80007df0 (0x0048ef33) or      t5, a7, tp
core   0: 3 0x80007df0 (0x0048ef33) x30 0xffff9ee5
core   0: 0x80007df4 (0x006e6633) or      a2, t3, t1
core   0: 3 0x80007df4 (0x006e6633) x12 0x00000001
core   0: 0x80007df8 (0x01ffb833) sltu    a6, t6, t6
core   0: 3 0x80007df8 (0x01ffb833) x16 0x00000000
core   0: 0x80007dfc (0x001b9793) slli    a5, s7, 1
core   0: 3 0x80007dfc (0x001b9793) x15 0xfffffeee
core   0: 0x80007e00 (0x00f621b3) slt     gp, a2, a5
core   0: 3 0x80007e00 (0x00f621b3) x 3 0x00000000
core   0: 0x80007e04 (0x413fdf93) srai    t6, t6, 19
core   0: 3 0x80007e04 (0x413fdf93) x31 0x00000000
core   0: 0x80007e08 (0x015a5093) srli    ra, s4, 21
core   0: 3 0x80007e08 (0x015a5093) x 1 0x000005e5
core   0: 0x80007e0c (0x734fb793) sltiu   a5, t6, 1844
core   0: 3 0x80007e0c (0x734fb793) x15 0x00000001
core   0: 0x80007e10 (0x00001033) sll     zero, zero, zero
core   0: 3 0x80007e10 (0x00001033)
core   0: 0x80007e14 (0x41d0d513) srai    a0, ra, 29
core   0: 3 0x80007e14 (0x41d0d513) x10 0x00000000
core   0: 0x80007e18 (0x016cdd93) srli    s11, s9, 22
core   0: 3 0x80007e18 (0x016cdd93) x27 0x00000000
core   0: 0x80007e1c (0x000e6133) or      sp, t3, zero
core   0: 3 0x80007e1c (0x000e6133) x 2 0x00000001
core   0: 0x80007e20 (0x000c72b3) and     t0, s8, zero
core   0: 3 0x80007e20 (0x000c72b3) x 5 0x00000000
core   0: 0x80007e24 (0x01a91233) sll     tp, s2, s10
core   0: 3 0x80007e24 (0x01a91233) x 4 0x00000001
core   0: 0x80007e28 (0xc4e06813) ori     a6, zero, -946
core   0: 3 0x80007e28 (0xc4e06813) x16 0xfffffc4e
core   0: 0x80007e2c (0x01451093) slli    ra, a0, 20
core   0: 3 0x80007e2c (0x01451093) x 1 0x00000000
core   0: 0x80007e30 (0x0f43f493) andi    s1, t2, 244
core   0: 3 0x80007e30 (0x0f43f493) x 9 0x000000e4
core   0: 0x80007e34 (0xb5132d13) slti    s10, t1, -1199
core   0: 3 0x80007e34 (0xb5132d13) x26 0x00000000
core   0: 0x80007e38 (0x00f94533) xor     a0, s2, a5
core   0: 3 0x80007e38 (0x00f94533) x10 0x00000000
core   0: 0x80007e3c (0x006490b3) sll     ra, s1, t1
core   0: 3 0x80007e3c (0x006490b3) x 1 0x000000e4
core   0: 0x80007e40 (0x40198033) sub     zero, s3, ra
core   0: 3 0x80007e40 (0x40198033)
core   0: 0x80007e44 (0x01159a13) slli    s4, a1, 17
core   0: 3 0x80007e44 (0x01159a13) x20 0x1b680000
core   0: 0x80007e48 (0x4bf20293) addi    t0, tp, 1215
core   0: 3 0x80007e48 (0x4bf20293) x 5 0x000004c0
core   0: 0x80007e4c (0x003f9193) slli    gp, t6, 3
core   0: 3 0x80007e4c (0x003f9193) x 3 0x00000000
core   0: 0x80007e50 (0x01ee3933) sltu    s2, t3, t5
core   0: 3 0x80007e50 (0x01ee3933) x18 0x00000001
core   0: 0x80007e54 (0x6cee4d13) xori    s10, t3, 1742
core   0: 3 0x80007e54 (0x6cee4d13) x26 0x000006cf
core   0: 0x80007e58 (0x72cc6f93) ori     t6, s8, 1836
core   0: 3 0x80007e58 (0x72cc6f93) x31 0x0000072d
core   0: 0x80007e5c (0x01ccd313) srli    t1, s9, 28
core   0: 3 0x80007e5c (0x01ccd313) x 6 0x00000000
core   0: 0x80007e60 (0xea48c493) xori    s1, a7, -348
core   0: 3 0x80007e60 (0xea48c493) x 9 0x7ffee0c0
core   0: 0x80007e64 (0x00b91a13) slli    s4, s2, 11
core   0: 3 0x80007e64 (0x00b91a13) x20 0x00000800
core   0: 0x80007e68 (0x8d31ff13) andi    t5, gp, -1837
core   0: 3 0x80007e68 (0x8d31ff13) x30 0x00000000
core   0: 0x80007e6c (0xe6d19817) auipc   a6, 0xe6d19
core   0: 3 0x80007e6c (0xe6d19817) x16 0x66d20e6c
core   0: 0x80007e70 (0x01bf9213) slli    tp, t6, 27
core   0: 3 0x80007e70 (0x01bf9213) x 4 0x68000000
core   0: 0x80007e74 (0x41c45c93) srai    s9, s0, 28
core   0: 3 0x80007e74 (0x41c45c93) x25 0x00000000
core   0: 0x80007e78 (0x01512bb3) slt     s7, sp, s5
core   0: 3 0x80007e78 (0x01512bb3) x23 0x00000000
core   0: 0x80007e7c (0x01de22b3) slt     t0, t3, t4
core   0: 3 0x80007e7c (0x01de22b3) x 5 0x00000000
core   0: 0x80007e80 (0x01bd07b3) add     a5, s10, s11
core   0: 3 0x80007e80 (0x01bd07b3) x15 0x000006cf
core   0: 0x80007e84 (0x41e75db3) sra     s11, a4, t5
core   0: 3 0x80007e84 (0x41e75db3) x27 0x0007ffff
core   0: 0x80007e88 (0x0331b493) sltiu   s1, gp, 51
core   0: 3 0x80007e88 (0x0331b493) x 9 0x00000001
core   0: 0x80007e8c (0x00000013) nop
core   0: 3 0x80007e8c (0x00000013)
core   0: 0x80007e90 (0x5b5b0b93) addi    s7, s6, 1461
core   0: 3 0x80007e90 (0x5b5b0b93) x23 0xe8839c96
core   0: 0x80007e94 (0x01fb9d93) slli    s11, s7, 31
core   0: 3 0x80007e94 (0x01fb9d93) x27 0x00000000
core   0: 0x80007e98 (0x01eed533) srl     a0, t4, t5
core   0: 3 0x80007e98 (0x01eed533) x10 0xffffff77
core   0: 0x80007e9c (0x01611193) slli    gp, sp, 22
core   0: 3 0x80007e9c (0x01611193) x 3 0x00400000
core   0: 0x80007ea0 (0x67634113) xori    sp, t1, 1654
core   0: 3 0x80007ea0 (0x67634113) x 2 0x00000676
core   0: 0x80007ea4 (0x010fb833) sltu    a6, t6, a6
core   0: 3 0x80007ea4 (0x010fb833) x16 0x00000001
core   0: 0x80007ea8 (0xb4decb93) xori    s7, t4, -1203
core   0: 3 0x80007ea8 (0xb4decb93) x23 0x0000043a
core   0: 0x80007eac (0x6f19af37) lui     t5, 0x6f19a
core   0: 3 0x80007eac (0x6f19af37) x30 0x6f19a000
core   0: 0x80007eb0 (0xf2912d37) lui     s10, 0xf2912
core   0: 3 0x80007eb0 (0xf2912d37) x26 0xf2912000
core   0: 0x80007eb4 (0xad4b1e17) auipc   t3, 0xad4b1
core   0: 3 0x80007eb4 (0xad4b1e17) x28 0x2d4b8eb4
core   0: 0x80007eb8 (0x81891837) lui     a6, 0x81891
core   0: 3 0x80007eb8 (0x81891837) x16 0x81891000
core   0: 0x80007ebc (0x018b3833) sltu    a6, s6, s8
core   0: 3 0x80007ebc (0x018b3833) x16 0x00000000
core   0: 0x80007ec0 (0x6c32f013) andi    zero, t0, 1731
core   0: 3 0x80007ec0 (0x6c32f013)
core   0: 0x80007ec4 (0xda92d2b7) lui     t0, 0xda92d
core   0: 3 0x80007ec4 (0xda92d2b7) x 5 0xda92d000
core   0: 0x80007ec8 (0x41a2de13) srai    t3, t0, 26
core   0: 3 0x80007ec8 (0x41a2de13) x28 0xfffffff6
core   0: 0x80007ecc (0x00935733) srl     a4, t1, s1
core   0: 3 0x80007ecc (0x00935733) x14 0x00000000
core   0: 0x80007ed0 (0x01b44cb3) xor     s9, s0, s11
core   0: 3 0x80007ed0 (0x01b44cb3) x25 0x00000000
core   0: 0x80007ed4 (0x00cbdc33) srl     s8, s7, a2
core   0: 3 0x80007ed4 (0x00cbdc33) x24 0x0000021d
core   0: 0x80007ed8 (0x7d83c793) xori    a5, t2, 2008
core   0: 3 0x80007ed8 (0x7d83c793) x15 0x80015b3c
core   0: 0x80007edc (0x018d9c33) sll     s8, s11, s8
core   0: 3 0x80007edc (0x018d9c33) x24 0x00000000
core   0: 0x80007ee0 (0x41bcdc13) srai    s8, s9, 27
core   0: 3 0x80007ee0 (0x41bcdc13) x24 0x00000000
core   0: 0x80007ee4 (0x00bd1293) slli    t0, s10, 11
core   0: 3 0x80007ee4 (0x00bd1293) x 5 0x89000000
core   0: 0x80007ee8 (0x571b6197) auipc   gp, 0x571b6
core   0: 3 0x80007ee8 (0x571b6197) x 3 0xd71bdee8
core   0: 0x80007eec (0xc1942013) slti    zero, s0, -999
core   0: 3 0x80007eec (0xc1942013)
core   0: 0x80007ef0 (0xa815ae37) lui     t3, 0xa815a
core   0: 3 0x80007ef0 (0xa815ae37) x28 0xa815a000
core   0: 0x80007ef4 (0x014d5833) srl     a6, s10, s4
core   0: 3 0x80007ef4 (0x014d5833) x16 0xf2912000
core   0: 0x80007ef8 (0x019c5213) srli    tp, s8, 25
core   0: 3 0x80007ef8 (0x019c5213) x 4 0x00000000
core   0: 0x80007efc (0x4190d813) srai    a6, ra, 25
core   0: 3 0x80007efc (0x4190d813) x16 0x00000000
core   0: 0x80007f00 (0xab684697) auipc   a3, 0xab684
core   0: 3 0x80007f00 (0xab684697) x13 0x2b68bf00
core   0: 0x80007f04 (0x40f3d533) sra     a0, t2, a5
core   0: 3 0x80007f04 (0x40f3d533) x10 0xfffffff8
core   0: 0x80007f08 (0x67977213) andi    tp, a4, 1657
core   0: 3 0x80007f08 (0x67977213) x 4 0x00000000
core   0: 0x80007f0c (0x37c44a37) lui     s4, 0x37c44
core   0: 3 0x80007f0c (0x37c44a37) x20 0x37c44000
core   0: 0x80007f10 (0x41b3d193) srai    gp, t2, 27
core   0: 3 0x80007f10 (0x41b3d193) x 3 0xfffffff0
core   0: 0x80007f14 (0x57ecb193) sltiu   gp, s9, 1406
core   0: 3 0x80007f14 (0x57ecb193) x 3 0x00000001
core   0: 0x80007f18 (0x40aedeb3) sra     t4, t4, a0
core   0: 3 0x80007f18 (0x40aedeb3) x29 0xffffffff
core   0: 0x80007f1c (0x406804b3) sub     s1, a6, t1
core   0: 3 0x80007f1c (0x406804b3) x 9 0x00000000
core   0: 0x80007f20 (0x63af3093) sltiu   ra, t5, 1594
core   0: 3 0x80007f20 (0x63af3093) x 1 0x00000000
core   0: 0x80007f24 (0x0d9d1237) lui     tp, 0xd9d1
core   0: 3 0x80007f24 (0x0d9d1237) x 4 0x0d9d1000
core   0: 0x80007f28 (0x0062a0b3) slt     ra, t0, t1
core   0: 3 0x80007f28 (0x0062a0b3) x 1 0x00000001
core   0: 0x80007f2c (0x01e1b7b3) sltu    a5, gp, t5
core   0: 3 0x80007f2c (0x01e1b7b3) x15 0x00000001
core   0: 0x80007f30 (0x41545493) srai    s1, s0, 21
core   0: 3 0x80007f30 (0x41545493) x 9 0x00000000
core   0: 0x80007f34 (0x9f39e297) auipc   t0, 0x9f39e
core   0: 3 0x80007f34 (0x9f39e297) x 5 0x1f3a5f34
core   0: 0x80007f38 (0x011c8733) add     a4, s9, a7
core   0: 3 0x80007f38 (0x011c8733) x14 0x80011e64
core   0: 0x80007f3c (0x82ab4b93) xori    s7, s6, -2006
core   0: 3 0x80007f3c (0x82ab4b93) x23 0x177c6ecb
core   0: 0x80007f40 (0x01d0aa33) slt     s4, ra, t4
core   0: 3 0x80007f40 (0x01d0aa33) x20 0x00000000
core   0: 0x80007f44 (0xe40a3e93) sltiu   t4, s4, -448
core   0: 3 0x80007f44 (0xe40a3e93) x29 0x00000001
core   0: 0x80007f48 (0x002332b3) sltu    t0, t1, sp
core   0: 3 0x80007f48 (0x002332b3) x 5 0x00000001
core   0: 0x80007f4c (0xa28419b7) lui     s3, 0xa2841
core   0: 3 0x80007f4c (0xa28419b7) x19 0xa2841000
core   0: 0x80007f50 (0x927bbb93) sltiu   s7, s7, -1753
core   0: 3 0x80007f50 (0x927bbb93) x23 0x00000001
core   0: 0x80007f54 (0x014f5113) srli    sp, t5, 20
core   0: 3 0x80007f54 (0x014f5113) x 2 0x000006f1
core   0: 0x80007f58 (0x00f7b6b3) sltu    a3, a5, a5
core   0: 3 0x80007f58 (0x00f7b6b3) x13 0x00000000
core   0: 0x80007f5c (0x01f35a13) srli    s4, t1, 31
core   0: 3 0x80007f5c (0x01f35a13) x20 0x00000000
core   0: 0x80007f60 (0x017820b3) slt     ra, a6, s7
core   0: 3 0x80007f60 (0x017820b3) x 1 0x00000001
core   0: 0x80007f64 (0xbce92217) auipc   tp, 0xbce92
core   0: 3 0x80007f64 (0xbce92217) x 4 0x3ce99f64
core   0: 0x80007f68 (0x07843d93) sltiu   s11, s0, 120
core   0: 3 0x80007f68 (0x07843d93) x27 0x00000001
core   0: 0x80007f6c (0x2e0580b7) lui     ra, 0x2e058
core   0: 3 0x80007f6c (0x2e0580b7) x 1 0x2e058000
core   0: 0x80007f70 (0x00000013) nop
core   0: 3 0x80007f70 (0x00000013)
core   0: 0x80007f74 (0x019f7f33) and     t5, t5, s9
core   0: 3 0x80007f74 (0x019f7f33) x30 0x00000000
core   0: 0x80007f78 (0x00ad95b3) sll     a1, s11, a0
core   0: 3 0x80007f78 (0x00ad95b3) x11 0x01000000
core   0: 0x80007f7c (0x40f28733) sub     a4, t0, a5
core   0: 3 0x80007f7c (0x40f28733) x14 0x00000000
core   0: 0x80007f80 (0xb52d5637) lui     a2, 0xb52d5
core   0: 3 0x80007f80 (0xb52d5637) x12 0xb52d5000
core   0: 0x80007f84 (0x018e55b3) srl     a1, t3, s8
core   0: 3 0x80007f84 (0x018e55b3) x11 0xa815a000
core   0: 0x80007f88 (0xf0322093) slti    ra, tp, -253
core   0: 3 0x80007f88 (0xf0322093) x 1 0x00000000
core   0: 0x80007f8c (0x417e3d93) sltiu   s11, t3, 1047
core   0: 3 0x80007f8c (0x417e3d93) x27 0x00000000
core   0: 0x80007f90 (0x41315313) srai    t1, sp, 19
core   0: 3 0x80007f90 (0x41315313) x 6 0x00000000
core   0: 0x80007f94 (0x40095933) sra     s2, s2, zero
core   0: 3 0x80007f94 (0x40095933) x18 0x00000001
core   0: 0x80007f98 (0x6ca9cf13) xori    t5, s3, 1738
core   0: 3 0x80007f98 (0x6ca9cf13) x30 0xa28416ca
core   0: 0x80007f9c (0x008ff333) and     t1, t6, s0
core   0: 3 0x80007f9c (0x008ff333) x 6 0x00000000
core   0: 0x80007fa0 (0x1038fd13) andi    s10, a7, 259
core   0: 3 0x80007fa0 (0x1038fd13) x26 0x00000000
core   0: 0x80007fa4 (0x415e8cb3) sub     s9, t4, s5
core   0: 3 0x80007fa4 (0x415e8cb3) x25 0x00000001
core   0: 0x80007fa8 (0x024ead93) slti    s11, t4, 36
core   0: 3 0x80007fa8 (0x024ead93) x27 0x00000001
core   0: 0x80007fac (0x245b2a13) slti    s4, s6, 581
core   0: 3 0x80007fac (0x245b2a13) x20 0x00000001
core   0: 0x80007fb0 (0x01c3ccb3) xor     s9, t2, t3
core   0: 3 0x80007fb0 (0x01c3ccb3) x25 0x2814fce4
core   0: 0x80007fb4 (0x01d38533) add     a0, t2, t4
core   0: 3 0x80007fb4 (0x01d38533) x10 0x80015ce5
core   0: 0x80007fb8 (0x41205c33) sra     s8, zero, s2
core   0: 3 0x80007fb8 (0x41205c33) x24 0x00000000
core   0: 0x80007fbc (0x00b174b3) and     s1, sp, a1
core   0: 3 0x80007fbc (0x00b174b3) x 9 0x00000000
core   0: 0x80007fc0 (0x01024e33) xor     t3, tp, a6
core   0: 3 0x80007fc0 (0x01024e33) x28 0x3ce99f64
core   0: 0x80007fc4 (0xa0440c13) addi    s8, s0, -1532
core   0: 3 0x80007fc4 (0xa0440c13) x24 0xfffffa04
core   0: 0x80007fc8 (0x017aa4b3) slt     s1, s5, s7
core   0: 3 0x80007fc8 (0x017aa4b3) x 9 0x00000001
core   0: 0x80007fcc (0x948fe413) ori     s0, t6, -1720
core   0: 3 0x80007fcc (0x948fe413) x 8 0xffffff6d
core   0: 0x80007fd0 (0x40d8d993) srai    s3, a7, 13
core   0: 3 0x80007fd0 (0x40d8d993) x19 0xfffc0008
core   0: 0x80007fd4 (0x00426833) or      a6, tp, tp
core   0: 3 0x80007fd4 (0x00426833) x16 0x3ce99f64
core   0: 0x80007fd8 (0x001bb4b3) sltu    s1, s7, ra
core   0: 3 0x80007fd8 (0x001bb4b3) x 9 0x00000000
core   0: 0x80007fdc (0x00050533) add     a0, a0, zero
core   0: 3 0x80007fdc (0x00050533) x10 0x80015ce5
core   0: 0x80007fe0 (0x0194aa33) slt     s4, s1, s9
core   0: 3 0x80007fe0 (0x0194aa33) x20 0x00000001
core   0: 0x80007fe4 (0x0128d193) srli    gp, a7, 18
core   0: 3 0x80007fe4 (0x0128d193) x 3 0x00002000
core   0: 0x80007fe8 (0x01f51533) sll     a0, a0, t6
core   0: 3 0x80007fe8 (0x01f51533) x10 0x2b9ca000
core   0: 0x80007fec (0x40ff5113) srai    sp, t5, 15
core   0: 3 0x80007fec (0x40ff5113) x 2 0xffff4508
core   0: 0x80007ff0 (0x410106b3) sub     a3, sp, a6
core   0: 3 0x80007ff0 (0x410106b3) x13 0xc315a5a4
core   0: 0x80007ff4 (0x010faeb3) slt     t4, t6, a6
core   0: 3 0x80007ff4 (0x010faeb3) x29 0x00000001
core   0: 0x80007ff8 (0x15364317) auipc   t1, 0x15364
core   0: 3 0x80007ff8 (0x15364317) x 6 0x9536bff8
core   0: 0x80007ffc (0x016e1533) sll     a0, t3, s6
core   0: 3 0x80007ffc (0x016e1533) x10 0x79d33ec8
core   0: 0x80008000 (0x16763c93) sltiu   s9, a2, 359
core   0: 3 0x80008000 (0x16763c93) x25 0x00000000
core   0: 0x80008004 (0x41fb8bb3) sub     s7, s7, t6
core   0: 3 0x80008004 (0x41fb8bb3) x23 0xfffff8d4
core   0: 0x80008008 (0xe5e38113) addi    sp, t2, -418
core   0: 3 0x80008008 (0xe5e38113) x 2 0x80015b42
core   0: 0x8000800c (0x00afc033) xor     zero, t6, a0
core   0: 3 0x8000800c (0x00afc033)
core   0: 0x80008010 (0x402154b3) sra     s1, sp, sp
core   0: 3 0x80008010 (0x402154b3) x 9 0xe00056d0
core   0: 0x80008014 (0x00155113) srli    sp, a0, 1
core   0: 3 0x80008014 (0x00155113) x 2 0x3ce99f64
core   0: 0x80008018 (0x7d978f93) addi    t6, a5, 2009
core   0: 3 0x80008018 (0x7d978f93) x31 0x000007da
core   0: 0x8000801c (0x00b05e33) srl     t3, zero, a1
core   0: 3 0x8000801c (0x00b05e33) x28 0x00000000
core   0: 0x80008020 (0x01cbddb3) srl     s11, s7, t3
core   0: 3 0x80008020 (0x01cbddb3) x27 0xfffff8d4
core   0: 0x80008024 (0x359f3513) sltiu   a0, t5, 857
core   0: 3 0x80008024 (0x359f3513) x10 0x00000000
core   0: 0x80008028 (0x402707b3) sub     a5, a4, sp
core   0: 3 0x80008028 (0x402707b3) x15 0xc316609c
core   0: 0x8000802c (0xa71ee193) ori     gp, t4, -1423
core   0: 3 0x8000802c (0xa71ee193) x 3 0xfffffa71
core   0: 0x80008030 (0xaf15ff97) auipc   t6, 0xaf15f
core   0: 3 0x80008030 (0xaf15ff97) x31 0x2f167030
core   0: 0x80008034 (0xd78d0a93) addi    s5, s10, -648
core   0: 3 0x80008034 (0xd78d0a93) x21 0xfffffd78
core   0: 0x80008038 (0x4c3ed917) auipc   s2, 0x4c3ed
core   0: 3 0x80008038 (0x4c3ed917) x18 0xcc3f5038
core   0: 0x8000803c (0x9db47e93) andi    t4, s0, -1573
core   0: 3 0x8000803c (0x9db47e93) x29 0xfffff949
core   0: 0x80008040 (0x00fa5eb3) srl     t4, s4, a5
core   0: 3 0x80008040 (0x00fa5eb3) x29 0x00000000
core   0: 0x80008044 (0x00000013) nop
core   0: 3 0x80008044 (0x00000013)
core   0: 0x80008048 (0x41140633) sub     a2, s0, a7
core   0: 3 0x80008048 (0x41140633) x12 0x7ffee109
core   0: 0x8000804c (0xdbe4b613) sltiu   a2, s1, -578
core   0: 3 0x8000804c (0xdbe4b613) x12 0x00000001
core   0: 0x80008050 (0x010c1233) sll     tp, s8, a6
core   0: 3 0x80008050 (0x010c1233) x 4 0xffffa040
core   0: 0x80008054 (0x01505633) srl     a2, zero, s5
core   0: 3 0x80008054 (0x01505633) x12 0x00000000
core   0: 0x80008058 (0xcff78813) addi    a6, a5, -769
core   0: 3 0x80008058 (0xcff78813) x16 0xc3165d9b
core   0: 0x8000805c (0x00ff4133) xor     sp, t5, a5
core   0: 3 0x8000805c (0x00ff4133) x 2 0x61927656
core   0: 0x80008060 (0x00020033) add     zero, tp, zero
core   0: 3 0x80008060 (0x00020033)
core   0: 0x80008064 (0x41e55933) sra     s2, a0, t5
core   0: 3 0x80008064 (0x41e55933) x18 0x00000000
core   0: 0x80008068 (0x001f59b3) srl     s3, t5, ra
core   0: 3 0x80008068 (0x001f59b3) x19 0xa28416ca
core   0: 0x8000806c (0x01ee74b3) and     s1, t3, t5
core   0: 3 0x8000806c (0x01ee74b3) x 9 0x00000000
core   0: 0x80008070 (0x400a85b3) sub     a1, s5, zero
core   0: 3 0x80008070 (0x400a85b3) x11 0xfffffd78
core   0: 0x80008074 (0xd13f4f93) xori    t6, t5, -749
core   0: 3 0x80008074 (0xd13f4f93) x31 0x5d7bebd9
core   0: 0x80008078 (0x01e02433) slt     s0, zero, t5
core   0: 3 0x80008078 (0x01e02433) x 8 0x00000000
core   0: 0x8000807c (0x90a1eb93) ori     s7, gp, -1782
core   0: 3 0x8000807c (0x90a1eb93) x23 0xfffffb7b
core   0: 0x80008080 (0xfaacc513) xori    a0, s9, -86
core   0: 3 0x80008080 (0xfaacc513) x10 0xffffffaa
core   0: 0x80008084 (0x052c3c13) sltiu   s8, s8, 82
core   0: 3 0x80008084 (0x052c3c13) x24 0x00000000
core   0: 0x80008088 (0x0034ad33) slt     s10, s1, gp
core   0: 3 0x80008088 (0x0034ad33) x26 0x00000000
core   0: 0x8000808c (0x955b0793) addi    a5, s6, -1707
core   0: 3 0x8000808c (0x955b0793) x15 0xe8839036
core   0: 0x80008090 (0x01a9c533) xor     a0, s3, s10
core   0: 3 0x80008090 (0x01a9c533) x10 0xa28416ca
core   0: 0x80008094 (0x019136b3) sltu    a3, sp, s9
core   0: 3 0x80008094 (0x019136b3) x13 0x00000000
core   0: 0x80008098 (0x00bb64b3) or      s1, s6, a1
core   0: 3 0x80008098 (0x00bb64b3) x 9 0xfffffff9
core   0: 0x8000809c (0x01746633) or      a2, s0, s7
core   0: 3 0x8000809c (0x01746633) x12 0xfffffb7b
core   0: 0x800080a0 (0x40dfd0b3) sra     ra, t6, a3
core   0: 3 0x800080a0 (0x40dfd0b3) x 1 0x5d7bebd9
core   0: 0x800080a4 (0x08556013) ori     zero, a0, 133
core   0: 3 0x800080a4 (0x08556013)
core   0: 0x800080a8 (0x00231bb3) sll     s7, t1, sp
core   0: 3 0x800080a8 (0x00231bb3) x23 0xfe000000
core   0: 0x800080ac (0x01ee2e33) slt     t3, t3, t5
core   0: 3 0x800080ac (0x01ee2e33) x28 0x00000000
core   0: 0x800080b0 (0x01d72933) slt     s2, a4, t4
core   0: 3 0x800080b0 (0x01d72933) x18 0x00000000
core   0: 0x800080b4 (0x008ad093) srli    ra, s5, 8
core   0: 3 0x800080b4 (0x008ad093) x 1 0x00fffffd
core   0: 0x800080b8 (0xff4a6617) auipc   a2, 0xff4a6
core   0: 3 0x800080b8 (0xff4a6617) x12 0x7f4ae0b8
core   0: 0x800080bc (0x40008333) sub     t1, ra, zero
core   0: 3 0x800080bc (0x40008333) x 6 0x00fffffd
core   0: 0x800080c0 (0x4d316613) ori     a2, sp, 1235
core   0: 3 0x800080c0 (0x4d316613) x12 0x619276d7
core   0: 0x800080c4 (0x00000013) nop
core   0: 3 0x800080c4 (0x00000013)
core   0: 0x800080c8 (0x00d145b3) xor     a1, sp, a3
core   0: 3 0x800080c8 (0x00d145b3) x11 0x61927656
core   0: 0x800080cc (0x00ca0cb3) add     s9, s4, a2
core   0: 3 0x800080cc (0x00ca0cb3) x25 0x619276d8
core   0: 0x800080d0 (0x01123333) sltu    t1, tp, a7
core   0: 3 0x800080d0 (0x01123333) x 6 0x00000000
core   0: 0x800080d4 (0x00d7ddb3) srl     s11, a5, a3
core   0: 3 0x800080d4 (0x00d7ddb3) x27 0xe8839036
core   0: 0x800080d8 (0x72512d13) slti    s10, sp, 1829
core   0: 3 0x800080d8 (0x72512d13) x26 0x00000000
core   0: 0x800080dc (0x01f05a13) srli    s4, zero, 31
core   0: 3 0x800080dc (0x01f05a13) x20 0x00000000
core   0: 0x800080e0 (0x40825993) srai    s3, tp, 8
core   0: 3 0x800080e0 (0x40825993) x19 0xffffffa0
core   0: 0x800080e4 (0x01e045b3) xor     a1, zero, t5
core   0: 3 0x800080e4 (0x01e045b3) x11 0xa28416ca
core   0: 0x800080e8 (0x00541313) slli    t1, s0, 5
core   0: 3 0x800080e8 (0x00541313) x 6 0x00000000
core   0: 0x800080ec (0x0086fa33) and     s4, a3, s0
core   0: 3 0x800080ec (0x0086fa33) x20 0x00000000
core   0: 0x800080f0 (0xb795cc93) xori    s9, a1, -1159
core   0: 3 0x800080f0 (0xb795cc93) x25 0x5d7bedb3
core   0: 0x800080f4 (0xa3c92593) slti    a1, s2, -1476
core   0: 3 0x800080f4 (0xa3c92593) x11 0x00000000
core   0: 0x800080f8 (0xd66b7313) andi    t1, s6, -666
core   0: 3 0x800080f8 (0xd66b7313) x 6 0xe8839460
core   0: 0x800080fc (0x41e10d33) sub     s10, sp, t5
core   0: 3 0x800080fc (0x41e10d33) x26 0xbf0e5f8c
core   0: 0x80008100 (0x000546b3) xor     a3, a0, zero
core   0: 3 0x80008100 (0x000546b3) x13 0xa28416ca
core   0: 0x80008104 (0x415081b3) sub     gp, ra, s5
core   0: 3 0x80008104 (0x415081b3) x 3 0x01000285
core   0: 0x80008108 (0x41608c33) sub     s8, ra, s6
core   0: 3 0x80008108 (0x41608c33) x24 0x187c691c
core   0: 0x8000810c (0xec8e0037) lui     zero, 0xec8e0
core   0: 3 0x8000810c (0xec8e0037)
core   0: 0x80008110 (0xf5df7313) andi    t1, t5, -163
core   0: 3 0x80008110 (0xf5df7313) x 6 0xa2841648
core   0: 0x80008114 (0x0007d5b3) srl     a1, a5, zero
core   0: 3 0x80008114 (0x0007d5b3) x11 0xe8839036
core   0: 0x80008118 (0x00f504b3) add     s1, a0, a5
core   0: 3 0x80008118 (0x00f504b3) x 9 0x8b07a700
core   0: 0x8000811c (0x0099dfb3) srl     t6, s3, s1
core   0: 3 0x8000811c (0x0099dfb3) x31 0xffffffa0
core   0: 0x80008120 (0x0113d013) srli    zero, t2, 17
core   0: 3 0x80008120 (0x0113d013)
core   0: 0x80008124 (0x01296433) or      s0, s2, s2
core   0: 3 0x80008124 (0x01296433) x 8 0x00000000
core   0: 0x80008128 (0x408d5693) srai    a3, s10, 8
core   0: 3 0x80008128 (0x408d5693) x13 0xffbf0e5f
core   0: 0x8000812c (0x07004a93) xori    s5, zero, 112
core   0: 3 0x8000812c (0x07004a93) x21 0x00000070
core   0: 0x80008130 (0x00ff9ab3) sll     s5, t6, a5
core   0: 3 0x80008130 (0x00ff9ab3) x21 0xe8000000
core   0: 0x80008134 (0x4daa8913) addi    s2, s5, 1242
core   0: 3 0x80008134 (0x4daa8913) x18 0xe80004da
core   0: 0x80008138 (0x00dc0fb3) add     t6, s8, a3
core   0: 3 0x80008138 (0x00dc0fb3) x31 0x183b777b
core   0: 0x8000813c (0x00f0c5b3) xor     a1, ra, a5
core   0: 3 0x8000813c (0x00f0c5b3) x11 0xe87c6fcb
core   0: 0x80008140 (0x010d9613) slli    a2, s11, 16
core   0: 3 0x80008140 (0x010d9613) x12 0x90360000
core   0: 0x80008144 (0x018835b3) sltu    a1, a6, s8
core   0: 3 0x80008144 (0x018835b3) x11 0x00000000
core   0: 0x80008148 (0x41f15433) sra     s0, sp, t6
core   0: 3 0x80008148 (0x41f15433) x 8 0x0000000c
core   0: 0x8000814c (0x00733d33) sltu    s10, t1, t2
core   0: 3 0x8000814c (0x00733d33) x26 0x00000000
core   0: 0x80008150 (0x2168f993) andi    s3, a7, 534
core   0: 3 0x80008150 (0x2168f993) x19 0x00000204
core   0: 0x80008154 (0x00e8be33) sltu    t3, a7, a4
core   0: 3 0x80008154 (0x00e8be33) x28 0x00000000
core   0: 0x80008158 (0x376e3f93) sltiu   t6, t3, 886
core   0: 3 0x80008158 (0x376e3f93) x31 0x00000001
core   0: 0x8000815c (0x0f22b617) auipc   a2, 0xf22b
core   0: 3 0x8000815c (0x0f22b617) x12 0x8f23315c
core   0: 0x80008160 (0x40cdd413) srai    s0, s11, 12
core   0: 3 0x80008160 (0x40cdd413) x 8 0xfffe8839
core   0: 0x80008164 (0x40a55a13) srai    s4, a0, 10
core   0: 3 0x80008164 (0x40a55a13) x20 0xffe8a105
core   0: 0x80008168 (0x0066c333) xor     t1, a3, t1
core   0: 3 0x80008168 (0x0066c333) x 6 0x5d3b1817
core   0: 0x8000816c (0x8bcfcf93) xori    t6, t6, -1860
core   0: 3 0x8000816c (0x8bcfcf93) x31 0xfffff8bd
core   0: 0x80008170 (0x001c0c33) add     s8, s8, ra
core   0: 3 0x80008170 (0x001c0c33) x24 0x197c6919
core   0: 0x80008174 (0x00c1d493) srli    s1, gp, 12
core   0: 3 0x80008174 (0x00c1d493) x 9 0x00001000
core   0: 0x80008178 (0x00368db3) add     s11, a3, gp
core   0: 3 0x80008178 (0x00368db3) x27 0x00bf10e4
core   0: 0x8000817c (0x71a87913) andi    s2, a6, 1818
core   0: 3 0x8000817c (0x71a87913) x18 0x0000051a
core   0: 0x80008180 (0x31dfc013) xori    zero, t6, 797
core   0: 3 0x80008180 (0x31dfc013)
core   0: 0x80008184 (0x017271b3) and     gp, tp, s7
core   0: 3 0x80008184 (0x017271b3) x 3 0xfe000000
core   0: 0x80008188 (0x009976b3) and     a3, s2, s1
core   0: 3 0x80008188 (0x009976b3) x13 0x00000000
core   0: 0x8000818c (0x40a1d193) srai    gp, gp, 10
core   0: 3 0x8000818c (0x40a1d193) x 3 0xffff8000
core   0: 0x80008190 (0xa8bc4313) xori    t1, s8, -1397
core   0: 3 0x80008190 (0xa8bc4313) x 6 0xe6839392
core   0: 0x80008194 (0x36fc6093) ori     ra, s8, 879
core   0: 3 0x80008194 (0x36fc6093) x 1 0x197c6b7f
core   0: 0x80008198 (0x0067d113) srli    sp, a5, 6
core   0: 3 0x80008198 (0x0067d113) x 2 0x03a20e40
core   0: 0x8000819c (0x00f85113) srli    sp, a6, 15
core   0: 3 0x8000819c (0x00f85113) x 2 0x0001862c
core   0: 0x800081a0 (0x018c15b3) sll     a1, s8, s8
core   0: 3 0x800081a0 (0x018c15b3) x11 0x32000000
core   0: 0x800081a4 (0x01a39633) sll     a2, t2, s10
core   0: 3 0x800081a4 (0x01a39633) x12 0x80015ce4
core   0: 0x800081a8 (0x00bde7b3) or      a5, s11, a1
core   0: 3 0x800081a8 (0x00bde7b3) x15 0x32bf10e4
core   0: 0x800081ac (0x41335793) srai    a5, t1, 19
core   0: 3 0x800081ac (0x41335793) x15 0xfffffcd0
core   0: 0x800081b0 (0x41af5633) sra     a2, t5, s10
core   0: 3 0x800081b0 (0x41af5633) x12 0xa28416ca
core   0: 0x800081b4 (0x40288433) sub     s0, a7, sp
core   0: 3 0x800081b4 (0x40288433) x 8 0x7fff9838
core   0: 0x800081b8 (0x011035b3) snez    a1, a7
core   0: 3 0x800081b8 (0x011035b3) x11 0x00000001
core   0: 0x800081bc (0x006c9333) sll     t1, s9, t1
core   0: 3 0x800081bc (0x006c9333) x 6 0xb6cc0000
core   0: 0x800081c0 (0x01f304b3) add     s1, t1, t6
core   0: 3 0x800081c0 (0x01f304b3) x 9 0xb6cbf8bd
core   0: 0x800081c4 (0x0085c033) xor     zero, a1, s0
core   0: 3 0x800081c4 (0x0085c033)
core   0: 0x800081c8 (0xd0992037) lui     zero, 0xd0992
core   0: 3 0x800081c8 (0xd0992037)
core   0: 0x800081cc (0x00afe7b3) or      a5, t6, a0
core   0: 3 0x800081cc (0x00afe7b3) x15 0xfffffeff
core   0: 0x800081d0 (0x002787b3) add     a5, a5, sp
core   0: 3 0x800081d0 (0x002787b3) x15 0x0001852b
core   0: 0x800081d4 (0x415d02b3) sub     t0, s10, s5
core   0: 3 0x800081d4 (0x415d02b3) x 5 0x18000000
core   0: 0x800081d8 (0x00e2cab3) xor     s5, t0, a4
core   0: 3 0x800081d8 (0x00e2cab3) x21 0x18000000
core   0: 0x800081dc (0x00f552b3) srl     t0, a0, a5
core   0: 3 0x800081dc (0x00f552b3) x 5 0x00145082
core   0: 0x800081e0 (0x01531493) slli    s1, t1, 21
core   0: 3 0x800081e0 (0x01531493) x 9 0x00000000
core   0: 0x800081e4 (0x011c9293) slli    t0, s9, 17
core   0: 3 0x800081e4 (0x011c9293) x 5 0xdb660000
core   0: 0x800081e8 (0xccb63117) auipc   sp, 0xccb63
core   0: 3 0x800081e8 (0xccb63117) x 2 0x4cb6b1e8
core   0: 0x800081ec (0x413a02b3) sub     t0, s4, s3
core   0: 3 0x800081ec (0x413a02b3) x 5 0xffe89f01
core   0: 0x800081f0 (0x40c207b3) sub     a5, tp, a2
core   0: 3 0x800081f0 (0x40c207b3) x15 0x5d7b8976
core   0: 0x800081f4 (0x0f516693) ori     a3, sp, 245
core   0: 3 0x800081f4 (0x0f516693) x13 0x4cb6b1fd
core   0: 0x800081f8 (0x618cc013) xori    zero, s9, 1560
core   0: 3 0x800081f8 (0x618cc013)
core   0: 0x800081fc (0x00d559b3) srl     s3, a0, a3
core   0: 3 0x800081fc (0x00d559b3) x19 0x00000005
core   0: 0x80008200 (0x40028933) sub     s2, t0, zero
core   0: 3 0x80008200 (0x40028933) x18 0xffe89f01
core   0: 0x80008204 (0xabf96293) ori     t0, s2, -1345
core   0: 3 0x80008204 (0xabf96293) x 5 0xffffffbf
core   0: 0x80008208 (0x00d1beb3) sltu    t4, gp, a3
core   0: 3 0x80008208 (0x00d1beb3) x29 0x00000000
core   0: 0x8000820c (0x406fd693) srai    a3, t6, 6
core   0: 3 0x8000820c (0x406fd693) x13 0xffffffe2
core   0: 0x80008210 (0x01db9913) slli    s2, s7, 29
core   0: 3 0x80008210 (0x01db9913) x18 0x00000000
core   0: 0x80008214 (0x01a34833) xor     a6, t1, s10
core   0: 3 0x80008214 (0x01a34833) x16 0xb6cc0000
core   0: 0x80008218 (0x00549f13) slli    t5, s1, 5
core   0: 3 0x80008218 (0x00549f13) x30 0x00000000
core   0: 0x8000821c (0x0c7fcc93) xori    s9, t6, 199
core   0: 3 0x8000821c (0x0c7fcc93) x25 0xfffff87a
core   0: 0x80008220 (0xfb35ef93) ori     t6, a1, -77
core   0: 3 0x80008220 (0xfb35ef93) x31 0xffffffb3
core   0: 0x80008224 (0x4f2acd13) xori    s10, s5, 1266
core   0: 3 0x80008224 (0x4f2acd13) x26 0x180004f2
core   0: 0x80008228 (0x00200bb3) add     s7, zero, sp
core   0: 3 0x80008228 (0x00200bb3) x23 0x4cb6b1e8
core   0: 0x8000822c (0x0ec62337) lui     t1, 0xec62
core   0: 3 0x8000822c (0x0ec62337) x 6 0x0ec62000
core   0: 0x80008230 (0x00b6d833) srl     a6, a3, a1
core   0: 3 0x80008230 (0x00b6d833) x16 0x7ffffff1
core   0: 0x80008234 (0x01648133) add     sp, s1, s6
core   0: 3 0x80008234 (0x01648133) x 2 0xe88396e1
core   0: 0x80008238 (0xd0cf4d13) xori    s10, t5, -756
core   0: 3 0x80008238 (0xd0cf4d13) x26 0xfffffd0c
core   0: 0x8000823c (0x01c9e833) or      a6, s3, t3
core   0: 3 0x8000823c (0x01c9e833) x16 0x00000005
core   0: 0x80008240 (0x00cf6833) or      a6, t5, a2
core   0: 3 0x80008240 (0x00cf6833) x16 0xa28416ca
core   0: 0x80008244 (0x00861993) slli    s3, a2, 8
core   0: 3 0x80008244 (0x00861993) x19 0x8416ca00
core   0: 0x80008248 (0x00000013) nop
core   0: 3 0x80008248 (0x00000013)
core   0: 0x8000824c (0x00188f33) add     t5, a7, ra
core   0: 3 0x8000824c (0x00188f33) x30 0x997d89e3
core   0: 0x80008250 (0x01e0f733) and     a4, ra, t5
core   0: 3 0x80008250 (0x01e0f733) x14 0x197c0963
core   0: 0x80008254 (0x015ed533) srl     a0, t4, s5
core   0: 3 0x80008254 (0x015ed533) x10 0x00000000
core   0: 0x80008258 (0x97b83997) auipc   s3, 0x97b83
core   0: 3 0x80008258 (0x97b83997) x19 0x17b8b258
core   0: 0x8000825c (0x005aa1b3) slt     gp, s5, t0
core   0: 3 0x8000825c (0x005aa1b3) x 3 0x00000000
core   0: 0x80008260 (0xaaec2913) slti    s2, s8, -1362
core   0: 3 0x80008260 (0xaaec2913) x18 0x00000000
core   0: 0x80008264 (0x60feb493) sltiu   s1, t4, 1551
core   0: 3 0x80008264 (0x60feb493) x 9 0x00000001
core   0: 0x80008268 (0x00451133) sll     sp, a0, tp
core   0: 3 0x80008268 (0x00451133) x 2 0x00000000
core   0: 0x8000826c (0xe0353093) sltiu   ra, a0, -509
core   0: 3 0x8000826c (0xe0353093) x 1 0x00000001
core   0: 0x80008270 (0x01936e33) or      t3, t1, s9
core   0: 3 0x80008270 (0x01936e33) x28 0xfffff87a
core   0: 0x80008274 (0x00092fb3) slt     t6, s2, zero
core   0: 3 0x80008274 (0x00092fb3) x31 0x00000000
core   0: 0x80008278 (0x7b37e713) ori     a4, a5, 1971
core   0: 3 0x80008278 (0x7b37e713) x14 0x5d7b8ff7
core   0: 0x8000827c (0x00000013) nop
core   0: 3 0x8000827c (0x00000013)
core   0: 0x80008280 (0x40450733) sub     a4, a0, tp
core   0: 3 0x80008280 (0x40450733) x14 0x00005fc0
core   0: 0x80008284 (0x001c5ab3) srl     s5, s8, ra
core   0: 3 0x80008284 (0x001c5ab3) x21 0x0cbe348c
core   0: 0x80008288 (0x00baf7b3) and     a5, s5, a1
core   0: 3 0x80008288 (0x00baf7b3) x15 0x00000000
core   0: 0x8000828c (0x58c63493) sltiu   s1, a2, 1420
core   0: 3 0x8000828c (0x58c63493) x 9 0x00000000
core   0: 0x80008290 (0xc7113d13) sltiu   s10, sp, -911
core   0: 3 0x80008290 (0xc7113d13) x26 0x00000001
core   0: 0x80008294 (0x41e785b3) sub     a1, a5, t5
core   0: 3 0x80008294 (0x41e785b3) x11 0x6682761d
core   0: 0x80008298 (0xa9a14f13) xori    t5, sp, -1382
core   0: 3 0x80008298 (0xa9a14f13) x30 0xfffffa9a
core   0: 0x8000829c (0x904c7593) andi    a1, s8, -1788
core   0: 3 0x8000829c (0x904c7593) x11 0x197c6900
core   0: 0x800082a0 (0x00ccfa33) and     s4, s9, a2
core   0: 3 0x800082a0 (0x00ccfa33) x20 0xa284104a
core   0: 0x800082a4 (0x0c704813) xori    a6, zero, 199
core   0: 3 0x800082a4 (0x0c704813) x16 0x000000c7
core   0: 0x800082a8 (0x200de793) ori     a5, s11, 512
core   0: 3 0x800082a8 (0x200de793) x15 0x00bf12e4
core   0: 0x800082ac (0x013a41b3) xor     gp, s4, s3
core   0: 3 0x800082ac (0x013a41b3) x 3 0xb53ca212
core   0: 0x800082b0 (0xfd527b93) andi    s7, tp, -43
core   0: 3 0x800082b0 (0xfd527b93) x23 0xffffa040
core   0: 0x800082b4 (0xc7e6cd13) xori    s10, a3, -898
core   0: 3 0x800082b4 (0xc7e6cd13) x26 0x0000039c
core   0: 0x800082b8 (0x01ecdbb3) srl     s7, s9, t5
core   0: 3 0x800082b8 (0x01ecdbb3) x23 0x0000003f
core   0: 0x800082bc (0x0015fbb3) and     s7, a1, ra
core   0: 3 0x800082bc (0x0015fbb3) x23 0x00000000
core   0: 0x800082c0 (0x008c2233) slt     tp, s8, s0
core   0: 3 0x800082c0 (0x008c2233) x 4 0x00000001
core   0: 0x800082c4 (0xe6954c93) xori    s9, a0, -407
core   0: 3 0x800082c4 (0xe6954c93) x25 0xfffffe69
core   0: 0x800082c8 (0x401fd2b3) sra     t0, t6, ra
core   0: 3 0x800082c8 (0x401fd2b3) x 5 0x00000000
core   0: 0x800082cc (0x41f6d4b3) sra     s1, a3, t6
core   0: 3 0x800082cc (0x41f6d4b3) x 9 0xffffffe2
core   0: 0x800082d0 (0xbd888997) auipc   s3, 0xbd888
core   0: 3 0x800082d0 (0xbd888997) x19 0x3d8902d0
core   0: 0x800082d4 (0xa72ac937) lui     s2, 0xa72ac
core   0: 3 0x800082d4 (0xa72ac937) x18 0xa72ac000
core   0: 0x800082d8 (0x01b9c033) xor     zero, s3, s11
core   0: 3 0x800082d8 (0x01b9c033)
core   0: 0x800082dc (0x8e187113) andi    sp, a6, -1823
core   0: 3 0x800082dc (0x8e187113) x 2 0x000000c1
core   0: 0x800082e0 (0x95c03f93) sltiu   t6, zero, -1700
core   0: 3 0x800082e0 (0x95c03f93) x31 0x00000001
core   0: 0x800082e4 (0x00993d33) sltu    s10, s2, s1
core   0: 3 0x800082e4 (0x00993d33) x26 0x00000001
core   0: 0x800082e8 (0x9f2c7037) lui     zero, 0x9f2c7
core   0: 3 0x800082e8 (0x9f2c7037)
core   0: 0x800082ec (0x41ef67b7) lui     a5, 0x41ef6
core   0: 3 0x800082ec (0x41ef67b7) x15 0x41ef6000
core   0: 0x800082f0 (0x01f9b333) sltu    t1, s3, t6
core   0: 3 0x800082f0 (0x01f9b333) x 6 0x00000000
core   0: 0x800082f4 (0x47844093) xori    ra, s0, 1144
core   0: 3 0x800082f4 (0x47844093) x 1 0x7fff9c40
core   0: 0x800082f8 (0x0bb00713) li      a4, 187
core   0: 3 0x800082f8 (0x0bb00713) x14 0x000000bb
core   0: 0x800082fc (0x00829db3) sll     s11, t0, s0
core   0: 3 0x800082fc (0x00829db3) x27 0x00000000
core   0: 0x80008300 (0x0082c9b3) xor     s3, t0, s0
core   0: 3 0x80008300 (0x0082c9b3) x19 0x7fff9838
core   0: 0x80008304 (0x00c81093) slli    ra, a6, 12
core   0: 3 0x80008304 (0x00c81093) x 1 0x000c7000
core   0: 0x80008308 (0x83d84993) xori    s3, a6, -1987
core   0: 3 0x80008308 (0x83d84993) x19 0xfffff8fa
core   0: 0x8000830c (0x015bef33) or      t5, s7, s5
core   0: 3 0x8000830c (0x015bef33) x30 0x0cbe348c
core   0: 0x80008310 (0x01c31d13) slli    s10, t1, 28
core   0: 3 0x80008310 (0x01c31d13) x26 0x00000000
core   0: 0x80008314 (0x6edeec13) ori     s8, t4, 1773
core   0: 3 0x80008314 (0x6edeec13) x24 0x000006ed
core   0: 0x80008318 (0x07e56f13) ori     t5, a0, 126
core   0: 3 0x80008318 (0x07e56f13) x30 0x0000007e
core   0: 0x8000831c (0x40e45a93) srai    s5, s0, 14
core   0: 3 0x8000831c (0x40e45a93) x21 0x0001fffe
core   0: 0x80008320 (0x54dc7493) andi    s1, s8, 1357
core   0: 3 0x80008320 (0x54dc7493) x 9 0x0000044d
core   0: 0x80008324 (0xf927e613) ori     a2, a5, -110
core   0: 3 0x80008324 (0xf927e613) x12 0xffffff92
core   0: 0x80008328 (0x00feffb3) and     t6, t4, a5
core   0: 3 0x80008328 (0x00feffb3) x31 0x00000000
core   0: 0x8000832c (0x015ebab3) sltu    s5, t4, s5
core   0: 3 0x8000832c (0x015ebab3) x21 0x00000001
core   0: 0x80008330 (0x006c25b3) slt     a1, s8, t1
core   0: 3 0x80008330 (0x006c25b3) x11 0x00000000
core   0: 0x80008334 (0xf81e5637) lui     a2, 0xf81e5
core   0: 3 0x80008334 (0xf81e5637) x12 0xf81e5000
core   0: 0x80008338 (0x00761433) sll     s0, a2, t2
core   0: 3 0x80008338 (0x00761433) x 8 0x81e50000
core   0: 0x8000833c (0xd1176413) ori     s0, a4, -751
core   0: 3 0x8000833c (0xd1176413) x 8 0xfffffdbb
core   0: 0x80008340 (0x01994f33) xor     t5, s2, s9
core   0: 3 0x80008340 (0x01994f33) x30 0x58d53e69
core   0: 0x80008344 (0x5782e5b7) lui     a1, 0x5782e
core   0: 3 0x80008344 (0x5782e5b7) x11 0x5782e000
core   0: 0x80008348 (0x41eddd33) sra     s10, s11, t5
core   0: 3 0x80008348 (0x41eddd33) x26 0x00000000
core   0: 0x8000834c (0x00992433) slt     s0, s2, s1
core   0: 3 0x8000834c (0x00992433) x 8 0x00000001
core   0: 0x80008350 (0x256fac93) slti    s9, t6, 598
core   0: 3 0x80008350 (0x256fac93) x25 0x00000001
core   0: 0x80008354 (0x40540533) sub     a0, s0, t0
core   0: 3 0x80008354 (0x40540533) x10 0x00000001
core   0: 0x80008358 (0xfc830793) addi    a5, t1, -56
core   0: 3 0x80008358 (0xfc830793) x15 0xffffffc8
core   0: 0x8000835c (0x01a55bb3) srl     s7, a0, s10
core   0: 3 0x8000835c (0x01a55bb3) x23 0x00000001
core   0: 0x80008360 (0x0062d993) srli    s3, t0, 6
core   0: 3 0x80008360 (0x0062d993) x19 0x00000000
core   0: 0x80008364 (0x74980793) addi    a5, a6, 1865
core   0: 3 0x80008364 (0x74980793) x15 0x00000810
core   0: 0x80008368 (0x01b8dc13) srli    s8, a7, 27
core   0: 3 0x80008368 (0x01b8dc13) x24 0x00000010
core   0: 0x8000836c (0x0164ae33) slt     t3, s1, s6
core   0: 3 0x8000836c (0x0164ae33) x28 0x00000000
core   0: 0x80008370 (0x00000013) nop
core   0: 3 0x80008370 (0x00000013)
core   0: 0x80008374 (0x35c34bb7) lui     s7, 0x35c34
core   0: 3 0x80008374 (0x35c34bb7) x23 0x35c34000
core   0: 0x80008378 (0x405a5913) srai    s2, s4, 5
core   0: 3 0x80008378 (0x405a5913) x18 0xfd142082
core   0: 0x8000837c (0x00b8b233) sltu    tp, a7, a1
core   0: 3 0x8000837c (0x00b8b233) x 4 0x00000000
core   0: 0x80008380 (0x01869fb3) sll     t6, a3, s8
core   0: 3 0x80008380 (0x01869fb3) x31 0xffe20000
core   0: 0x80008384 (0x01b4d813) srli    a6, s1, 27
core   0: 3 0x80008384 (0x01b4d813) x16 0x00000000
core   0: 0x80008388 (0x41b25e93) srai    t4, tp, 27
core   0: 3 0x80008388 (0x41b25e93) x29 0x00000000
core   0: 0x8000838c (0x22b45697) auipc   a3, 0x22b45
core   0: 3 0x8000838c (0x22b45697) x13 0xa2b4d38c
core   0: 0x80008390 (0xf7deee13) ori     t3, t4, -131
core   0: 3 0x80008390 (0xf7deee13) x28 0xffffff7d
core   0: 0x80008394 (0x017505b3) add     a1, a0, s7
core   0: 3 0x80008394 (0x017505b3) x11 0x35c34001
core   0: 0x80008398 (0x017e1513) slli    a0, t3, 23
core   0: 3 0x80008398 (0x017e1513) x10 0xbe800000
core   0: 0x8000839c (0x40425db3) sra     s11, tp, tp
core   0: 3 0x8000839c (0x40425db3) x27 0x00000000
core   0: 0x800083a0 (0x018b05b3) add     a1, s6, s8
core   0: 3 0x800083a0 (0x018b05b3) x11 0xe88396f1
core   0: 0x800083a4 (0x01cf1913) slli    s2, t5, 28
core   0: 3 0x800083a4 (0x01cf1913) x18 0x90000000
core   0: 0x800083a8 (0x40308d33) sub     s10, ra, gp
core   0: 3 0x800083a8 (0x40308d33) x26 0x4acfcdee
core   0: 0x800083ac (0x01dde5b3) or      a1, s11, t4
core   0: 3 0x800083ac (0x01dde5b3) x11 0x00000000
core   0: 0x800083b0 (0x01e09f93) slli    t6, ra, 30
core   0: 3 0x800083b0 (0x01e09f93) x31 0x00000000
core   0: 0x800083b4 (0x018d5a93) srli    s5, s10, 24
core   0: 3 0x800083b4 (0x018d5a93) x21 0x0000004a
core   0: 0x800083b8 (0x0197bd33) sltu    s10, a5, s9
core   0: 3 0x800083b8 (0x0197bd33) x26 0x00000000
core   0: 0x800083bc (0x01a6b9b3) sltu    s3, a3, s10
core   0: 3 0x800083bc (0x01a6b9b3) x19 0x00000000
core   0: 0x800083c0 (0x01bceeb3) or      t4, s9, s11
core   0: 3 0x800083c0 (0x01bceeb3) x29 0x00000001
core   0: 0x800083c4 (0x00000013) nop
core   0: 3 0x800083c4 (0x00000013)
core   0: 0x800083c8 (0x151db093) sltiu   ra, s11, 337
core   0: 3 0x800083c8 (0x151db093) x 1 0x00000001
core   0: 0x800083cc (0x00000013) nop
core   0: 3 0x800083cc (0x00000013)
core   0: 0x800083d0 (0x8e9144b7) lui     s1, 0x8e914
core   0: 3 0x800083d0 (0x8e9144b7) x 9 0x8e914000
core   0: 0x800083d4 (0x01231f13) slli    t5, t1, 18
core   0: 3 0x800083d4 (0x01231f13) x30 0x00000000
core   0: 0x800083d8 (0x4fc73b93) sltiu   s7, a4, 1276
core   0: 3 0x800083d8 (0x4fc73b93) x23 0x00000001
core   0: 0x800083dc (0x006f1733) sll     a4, t5, t1
core   0: 3 0x800083dc (0x006f1733) x14 0x00000000
core   0: 0x800083e0 (0xb5efc513) xori    a0, t6, -1186
core   0: 3 0x800083e0 (0xb5efc513) x10 0xfffffb5e
core   0: 0x800083e4 (0x017a51b3) srl     gp, s4, s7
core   0: 3 0x800083e4 (0x017a51b3) x 3 0x51420825
core   0: 0x800083e8 (0x01ac7833) and     a6, s8, s10
core   0: 3 0x800083e8 (0x01ac7833) x16 0x00000000
core   0: 0x800083ec (0x4013deb3) sra     t4, t2, ra
core   0: 3 0x800083ec (0x4013deb3) x29 0xc000ae72
core   0: 0x800083f0 (0x01230e33) add     t3, t1, s2
core   0: 3 0x800083f0 (0x01230e33) x28 0x90000000
core   0: 0x800083f4 (0xa4973e13) sltiu   t3, a4, -1463
core   0: 3 0x800083f4 (0xa4973e13) x28 0x00000001
core   0: 0x800083f8 (0x4154ddb3) sra     s11, s1, s5
core   0: 3 0x800083f8 (0x4154ddb3) x27 0xffe3a450
core   0: 0x800083fc (0x01fdbf33) sltu    t5, s11, t6
core   0: 3 0x800083fc (0x01fdbf33) x30 0x00000000
core   0: 0x80008400 (0x00634a33) xor     s4, t1, t1
core   0: 3 0x80008400 (0x00634a33) x20 0x00000000
core   0: 0x80008404 (0x7fdac493) xori    s1, s5, 2045
core   0: 3 0x80008404 (0x7fdac493) x 9 0x000007b7
core   0: 0x80008408 (0x00fbf133) and     sp, s7, a5
core   0: 3 0x80008408 (0x00fbf133) x 2 0x00000000
core   0: 0x8000840c (0x0173e4b3) or      s1, t2, s7
core   0: 3 0x8000840c (0x0173e4b3) x 9 0x80015ce5
core   0: 0x80008410 (0x00d4ad33) slt     s10, s1, a3
core   0: 3 0x80008410 (0x00d4ad33) x26 0x00000001
core   0: 0x80008414 (0x4eaaa993) slti    s3, s5, 1258
core   0: 3 0x80008414 (0x4eaaa993) x19 0x00000001
core   0: 0x80008418 (0xdb058193) addi    gp, a1, -592
core   0: 3 0x80008418 (0xdb058193) x 3 0xfffffdb0
core   0: 0x8000841c (0xf52bc917) auipc   s2, 0xf52bc
core   0: 3 0x8000841c (0xf52bc917) x18 0x752c441c
core   0: 0x80008420 (0x4b3daf93) slti    t6, s11, 1203
core   0: 3 0x80008420 (0x4b3daf93) x31 0x00000001
core   0: 0x80008424 (0x000db333) sltu    t1, s11, zero
core   0: 3 0x80008424 (0x000db333) x 6 0x00000000
core   0: 0x80008428 (0x400bd633) sra     a2, s7, zero
core   0: 3 0x80008428 (0x400bd633) x12 0x00000001
core   0: 0x8000842c (0x0cd8c813) xori    a6, a7, 205
core   0: 3 0x8000842c (0x0cd8c813) x16 0x80011ea9
core   0: 0x80008430 (0x408f0e33) sub     t3, t5, s0
core   0: 3 0x80008430 (0x408f0e33) x28 0xffffffff
core   0: 0x80008434 (0x00000013) nop
core   0: 3 0x80008434 (0x00000013)
core   0: 0x80008438 (0x20174313) xori    t1, a4, 513
core   0: 3 0x80008438 (0x20174313) x 6 0x00000201
core   0: 0x8000843c (0x013c7c33) and     s8, s8, s3
core   0: 3 0x8000843c (0x013c7c33) x24 0x00000000
core   0: 0x80008440 (0x013e44b3) xor     s1, t3, s3
core   0: 3 0x80008440 (0x013e44b3) x 9 0xfffffffe
core   0: 0x80008444 (0x01d51193) slli    gp, a0, 29
core   0: 3 0x80008444 (0x01d51193) x 3 0xc0000000
core   0: 0x80008448 (0x00ba5d13) srli    s10, s4, 11
core   0: 3 0x80008448 (0x00ba5d13) x26 0x00000000
core   0: 0x8000844c (0x01827133) and     sp, tp, s8
core   0: 3 0x8000844c (0x01827133) x 2 0x00000000
core   0: 0x80008450 (0x01a7fcb3) and     s9, a5, s10
core   0: 3 0x80008450 (0x01a7fcb3) x25 0x00000000
core   0: 0x80008454 (0x0011b833) sltu    a6, gp, ra
core   0: 3 0x80008454 (0x0011b833) x16 0x00000000
core   0: 0x80008458 (0x01a782b3) add     t0, a5, s10
core   0: 3 0x80008458 (0x01a782b3) x 5 0x00000810
core   0: 0x8000845c (0x014e60b3) or      ra, t3, s4
core   0: 3 0x8000845c (0x014e60b3) x 1 0xffffffff
core   0: 0x80008460 (0x417fd213) srai    tp, t6, 23
core   0: 3 0x80008460 (0x417fd213) x 4 0x00000000
core   0: 0x80008464 (0x00d31233) sll     tp, t1, a3
core   0: 3 0x80008464 (0x00d31233) x 4 0x00201000
core   0: 0x80008468 (0x0156f133) and     sp, a3, s5
core   0: 3 0x80008468 (0x0156f133) x 2 0x00000008
core   0: 0x8000846c (0x495d4e93) xori    t4, s10, 1173
core   0: 3 0x8000846c (0x495d4e93) x29 0x00000495
core   0: 0x80008470 (0x00000013) nop
core   0: 3 0x80008470 (0x00000013)
core   0: 0x80008474 (0x89222a37) lui     s4, 0x89222
core   0: 3 0x80008474 (0x89222a37) x20 0x89222000
core   0: 0x80008478 (0x40c905b3) sub     a1, s2, a2
core   0: 3 0x80008478 (0x40c905b3) x11 0x752c441b
core   0: 0x8000847c (0x41148733) sub     a4, s1, a7
core   0: 3 0x8000847c (0x41148733) x14 0x7ffee19a
core   0: 0x80008480 (0x007ddc33) srl     s8, s11, t2
core   0: 3 0x80008480 (0x007ddc33) x24 0x0ffe3a45
core   0: 0x80008484 (0x00a69a33) sll     s4, a3, a0
core   0: 3 0x80008484 (0x00a69a33) x20 0x00000000
core   0: 0x80008488 (0xb3ca8a37) lui     s4, 0xb3ca8
core   0: 3 0x80008488 (0xb3ca8a37) x20 0xb3ca8000
core   0: 0x8000848c (0x4afa0a13) addi    s4, s4, 1199
core   0: 3 0x8000848c (0x4afa0a13) x20 0xb3ca84af
core   0: 0x80008490 (0xfff00093) li      ra, -1
core   0: 3 0x80008490 (0xfff00093) x 1 0xffffffff
core   0: 0x80008494 (0x80000fb7) lui     t6, 0x80000
core   0: 3 0x80008494 (0x80000fb7) x31 0x80000000
core   0: 0x80008498 (0xbbce5cb7) lui     s9, 0xbbce5
core   0: 3 0x80008498 (0xbbce5cb7) x25 0xbbce5000
core   0: 0x8000849c (0x850c8c93) addi    s9, s9, -1968
core   0: 3 0x8000849c (0x850c8c93) x25 0xbbce4850
core   0: 0x800084a0 (0xd49ea437) lui     s0, 0xd49ea
core   0: 3 0x800084a0 (0xd49ea437) x 8 0xd49ea000
core   0: 0x800084a4 (0x83d40413) addi    s0, s0, -1987
core   0: 3 0x800084a4 (0x83d40413) x 8 0xd49e983d
core   0: 0x800084a8 (0xfff00613) li      a2, -1
core   0: 3 0x800084a8 (0xfff00613) x12 0xffffffff
core   0: 0x800084ac (0x00000d13) li      s10, 0
core   0: 3 0x800084ac (0x00000d13) x26 0x00000000
core   0: 0x800084b0 (0x80000837) lui     a6, 0x80000
core   0: 3 0x800084b0 (0x80000837) x16 0x80000000
core   0: 0x800084b4 (0xfff00213) li      tp, -1
core   0: 3 0x800084b4 (0xfff00213) x 4 0xffffffff
core   0: 0x800084b8 (0x80000e37) lui     t3, 0x80000
core   0: 3 0x800084b8 (0x80000e37) x28 0x80000000
core   0: 0x800084bc (0x140c8d13) addi    s10, s9, 320
core   0: 3 0x800084bc (0x140c8d13) x26 0xbbce4990
core   0: 0x800084c0 (0x7a4d6817) auipc   a6, 0x7a4d6
core   0: 3 0x800084c0 (0x7a4d6817) x16 0xfa4de4c0
core   0: 0x800084c4 (0x01ff8233) add     tp, t6, t6
core   0: 3 0x800084c4 (0x01ff8233) x 4 0x00000000
core   0: 0x800084c8 (0xb456a837) lui     a6, 0xb456a
core   0: 3 0x800084c8 (0xb456a837) x16 0xb456a000
core   0: 0x800084cc (0x00000013) nop
core   0: 3 0x800084cc (0x00000013)
core   0: 0x800084d0 (0x01c200b3) add     ra, tp, t3
core   0: 3 0x800084d0 (0x01c200b3) x 1 0x80000000
core   0: 0x800084d4 (0x41af80b3) sub     ra, t6, s10
core   0: 3 0x800084d4 (0x41af80b3) x 1 0xc431b670
core   0: 0x800084d8 (0x52793d17) auipc   s10, 0x52793
core   0: 3 0x800084d8 (0x52793d17) x26 0xd279b4d8
core   0: 0x800084dc (0x4c59bc97) auipc   s9, 0x4c59b
core   0: 3 0x800084dc (0x4c59bc97) x25 0xcc5a34dc
core   0: 0x800084e0 (0x01f08fb3) add     t6, ra, t6
core   0: 3 0x800084e0 (0x01f08fb3) x31 0x4431b670
core   0: 0x800084e4 (0x00000013) nop
core   0: 3 0x800084e4 (0x00000013)
core   0: 0x800084e8 (0x77708f93) addi    t6, ra, 1911
core   0: 3 0x800084e8 (0x77708f93) x31 0xc431bde7
core   0: 0x800084ec (0x00000013) nop
core   0: 3 0x800084ec (0x00000013)
core   0: 0x800084f0 (0x40ca0d33) sub     s10, s4, a2
core   0: 3 0x800084f0 (0x40ca0d33) x26 0xb3ca84b0
core   0: 0x800084f4 (0x01a80833) add     a6, a6, s10
core   0: 3 0x800084f4 (0x01a80833) x16 0x682124b0
core   0: 0x800084f8 (0x41c40833) sub     a6, s0, t3
core   0: 3 0x800084f8 (0x41c40833) x16 0x549e983d
core   0: 0x800084fc (0x5a9f8213) addi    tp, t6, 1449
core   0: 3 0x800084fc (0x5a9f8213) x 4 0xc431c390
core   0: 0x80008500 (0x010d0fb3) add     t6, s10, a6
core   0: 3 0x80008500 (0x010d0fb3) x31 0x08691ced
core   0: 0x80008504 (0x472fa637) lui     a2, 0x472fa
core   0: 3 0x80008504 (0x472fa637) x12 0x472fa000
core   0: 0x80008508 (0x008c8633) add     a2, s9, s0
core   0: 3 0x80008508 (0x008c8633) x12 0xa0f8cd19
core   0: 0x8000850c (0x9afcb097) auipc   ra, 0x9afcb
core   0: 3 0x8000850c (0x9afcb097) x 1 0x1afd350c
core   0: 0x80008510 (0x40408833) sub     a6, ra, tp
core   0: 3 0x80008510 (0x40408833) x16 0x56cb717c
core   0: 0x80008514 (0x07bc7817) auipc   a6, 0x7bc7
core   0: 3 0x80008514 (0x07bc7817) x16 0x87bcf514
core   0: 0x80008518 (0x32908213) addi    tp, ra, 809
core   0: 3 0x80008518 (0x32908213) x 4 0x1afd3835
core   0: 0x8000851c (0xa3981817) auipc   a6, 0xa3981
core   0: 3 0x8000851c (0xa3981817) x16 0x2398951c
core   0: 0x80008520 (0x75164793) xori    a5, a2, 1873
core   0: 3 0x80008520 (0x75164793) x15 0xa0f8ca48
core   0: 0x80008524 (0x0123c133) xor     sp, t2, s2
core   0: 3 0x80008524 (0x0123c133) x 2 0xf52d18f8
core   0: 0x80008528 (0x01f18e33) add     t3, gp, t6
core   0: 3 0x80008528 (0x01f18e33) x28 0xc8691ced
core   0: 0x8000852c (0x3fcdcf17) auipc   t5, 0x3fcdc
core   0: 3 0x8000852c (0x3fcdcf17) x30 0xbfce452c
core   0: 0x80008530 (0x0052db93) srli    s7, t0, 5
core   0: 3 0x80008530 (0x0052db93) x23 0x00000040
core   0: 0x80008534 (0x32617537) lui     a0, 0x32617
core   0: 3 0x80008534 (0x32617537) x10 0x32617000
core   0: 0x80008538 (0x00ca1913) slli    s2, s4, 12
core   0: 3 0x80008538 (0x00ca1913) x18 0xa84af000
core   0: 0x8000853c (0x00000013) nop
core   0: 3 0x8000853c (0x00000013)
core   0: 0x80008540 (0x002de533) or      a0, s11, sp
core   0: 3 0x80008540 (0x002de533) x10 0xffefbcf8
core   0: 0x80008544 (0x00cd1c13) slli    s8, s10, 12
core   0: 3 0x80008544 (0x00cd1c13) x24 0xa84b0000
core   0: 0x80008548 (0x013f6bb3) or      s7, t5, s3
core   0: 3 0x80008548 (0x013f6bb3) x23 0xbfce452d
core   0: 0x8000854c (0x012602b3) add     t0, a2, s2
core   0: 3 0x8000854c (0x012602b3) x 5 0x4943bd19
core   0: 0x80008550 (0x01e0b333) sltu    t1, ra, t5
core   0: 3 0x80008550 (0x01e0b333) x 6 0x00000001
core   0: 0x80008554 (0x00ddde33) srl     t3, s11, a3
core   0: 3 0x80008554 (0x00ddde33) x28 0x000ffe3a
core   0: 0x80008558 (0x006a1533) sll     a0, s4, t1
core   0: 3 0x80008558 (0x006a1533) x10 0x6795095e
core   0: 0x8000855c (0x94372993) slti    s3, a4, -1725
core   0: 3 0x8000855c (0x94372993) x19 0x00000000
core   0: 0x80008560 (0xf2dfe437) lui     s0, 0xf2dfe
core   0: 3 0x80008560 (0xf2dfe437) x 8 0xf2dfe000
core   0: 0x80008564 (0x009bf033) and     zero, s7, s1
core   0: 3 0x80008564 (0x009bf033)
core   0: 0x80008568 (0x01cd7e93) andi    t4, s10, 28
core   0: 3 0x80008568 (0x01cd7e93) x29 0x00000010
core   0: 0x8000856c (0xbe76ba93) sltiu   s5, a3, -1049
core   0: 3 0x8000856c (0xbe76ba93) x21 0x00000001
core   0: 0x80008570 (0x00611d13) slli    s10, sp, 6
core   0: 3 0x80008570 (0x00611d13) x26 0x4b463e00
core   0: 0x80008574 (0x00ee9b93) slli    s7, t4, 14
core   0: 3 0x80008574 (0x00ee9b93) x23 0x00040000
core   0: 0x80008578 (0x0092f2b3) and     t0, t0, s1
core   0: 3 0x80008578 (0x0092f2b3) x 5 0x4943bd18
core   0: 0x8000857c (0x019ad013) srli    zero, s5, 25
core   0: 3 0x8000857c (0x019ad013)
core   0: 0x80008580 (0x00e88833) add     a6, a7, a4
core   0: 3 0x80008580 (0x00e88833) x16 0xfffffffe
core   0: 0x80008584 (0x00539033) sll     zero, t2, t0
core   0: 3 0x80008584 (0x00539033)
core   0: 0x80008588 (0x00321bb3) sll     s7, tp, gp
core   0: 3 0x80008588 (0x00321bb3) x23 0x1afd3835
core   0: 0x8000858c (0x40558133) sub     sp, a1, t0
core   0: 3 0x8000858c (0x40558133) x 2 0x2be88703
core   0: 0x80008590 (0x0011a033) slt     zero, gp, ra
core   0: 3 0x80008590 (0x0011a033)
core   0: 0x80008594 (0x00fd3bb3) sltu    s7, s10, a5
core   0: 3 0x80008594 (0x00fd3bb3) x23 0x00000001
core   0: 0x80008598 (0x016b8833) add     a6, s7, s6
core   0: 3 0x80008598 (0x016b8833) x16 0xe88396e2
core   0: 0x8000859c (0x93cb2913) slti    s2, s6, -1732
core   0: 3 0x8000859c (0x93cb2913) x18 0x00000001
core   0: 0x800085a0 (0x01ceafb3) slt     t6, t4, t3
core   0: 3 0x800085a0 (0x01ceafb3) x31 0x00000001
core   0: 0x800085a4 (0x89899137) lui     sp, 0x89899
core   0: 3 0x800085a4 (0x89899137) x 2 0x89899000
core   0: 0x800085a8 (0x0076ed33) or      s10, a3, t2
core   0: 3 0x800085a8 (0x0076ed33) x26 0xa2b5dfec
core   0: 0x800085ac (0x01a03fb3) snez    t6, s10
core   0: 3 0x800085ac (0x01a03fb3) x31 0x00000001
core   0: 0x800085b0 (0x411054b3) sra     s1, zero, a7
core   0: 3 0x800085b0 (0x411054b3) x 9 0x00000000
core   0: 0x800085b4 (0xef737193) andi    gp, t1, -265
core   0: 3 0x800085b4 (0xef737193) x 3 0x00000001
core   0: 0x800085b8 (0x407504b3) sub     s1, a0, t2
core   0: 3 0x800085b8 (0x407504b3) x 9 0xe793ac7a
core   0: 0x800085bc (0x00000013) nop
core   0: 3 0x800085bc (0x00000013)
core   0: 0x800085c0 (0x21c77e13) andi    t3, a4, 540
core   0: 3 0x800085c0 (0x21c77e13) x28 0x00000018
core   0: 0x800085c4 (0x77c27113) andi    sp, tp, 1916
core   0: 3 0x800085c4 (0x77c27113) x 2 0x00000034
core   0: 0x800085c8 (0x0144ed33) or      s10, s1, s4
core   0: 3 0x800085c8 (0x0144ed33) x26 0xf7dbacff
core   0: 0x800085cc (0x00000013) nop
core   0: 3 0x800085cc (0x00000013)
core   0: 0x800085d0 (0x0060ca33) xor     s4, ra, t1
core   0: 3 0x800085d0 (0x0060ca33) x20 0x1afd350d
core   0: 0x800085d4 (0x92414493) xori    s1, sp, -1756
core   0: 3 0x800085d4 (0x92414493) x 9 0xfffff910
core   0: 0x800085d8 (0xf6ad4193) xori    gp, s10, -150
core   0: 3 0x800085d8 (0xf6ad4193) x 3 0x08245395
core   0: 0x800085dc (0x6b168197) auipc   gp, 0x6b168
core   0: 3 0x800085dc (0x6b168197) x 3 0xeb1705dc
core   0: 0x800085e0 (0x40180bb3) sub     s7, a6, ra
core   0: 3 0x800085e0 (0x40180bb3) x23 0xcd8661d6
core   0: 0x800085e4 (0x40c4dcb3) sra     s9, s1, a2
core   0: 3 0x800085e4 (0x40c4dcb3) x25 0xffffffff
core   0: 0x800085e8 (0xf3d28293) addi    t0, t0, -195
core   0: 3 0x800085e8 (0xf3d28293) x 5 0x4943bc55
core   0: 0x800085ec (0xbd25a293) slti    t0, a1, -1070
core   0: 3 0x800085ec (0xbd25a293) x 5 0x00000000
core   0: 0x800085f0 (0x41208ab3) sub     s5, ra, s2
core   0: 3 0x800085f0 (0x41208ab3) x21 0x1afd350b
core   0: 0x800085f4 (0x01e142b3) xor     t0, sp, t5
core   0: 3 0x800085f4 (0x01e142b3) x 5 0xbfce4518
core   0: 0x800085f8 (0x0100d213) srli    tp, ra, 16
core   0: 3 0x800085f8 (0x0100d213) x 4 0x00001afd
core   0: 0x800085fc (0x400f82b3) sub     t0, t6, zero
core   0: 3 0x800085fc (0x400f82b3) x 5 0x00000001
core   0: 0x80008600 (0x407cdbb3) sra     s7, s9, t2
core   0: 3 0x80008600 (0x407cdbb3) x23 0xffffffff
core   0: 0x80008604 (0x751f0713) addi    a4, t5, 1873
core   0: 3 0x80008604 (0x751f0713) x14 0xbfce4c7d
core   0: 0x80008608 (0x00708cb3) add     s9, ra, t2
core   0: 3 0x80008608 (0x00708cb3) x25 0x9afe91f0
core   0: 0x8000860c (0x49426813) ori     a6, tp, 1172
core   0: 3 0x8000860c (0x49426813) x16 0x00001efd
core   0: 0x80008610 (0x826db593) sltiu   a1, s11, -2010
core   0: 3 0x80008610 (0x826db593) x11 0x00000001
core   0: 0x80008614 (0x40b3d233) sra     tp, t2, a1
core   0: 3 0x80008614 (0x40b3d233) x 4 0xc000ae72
core   0: 0x80008618 (0x00665113) srli    sp, a2, 6
core   0: 3 0x80008618 (0x00665113) x 2 0x0283e334
core   0: 0x8000861c (0x00c23a33) sltu    s4, tp, a2
core   0: 3 0x8000861c (0x00c23a33) x20 0x00000000
core   0: 0x80008620 (0x4c43ac93) slti    s9, t2, 1220
core   0: 3 0x80008620 (0x4c43ac93) x25 0x00000001
core   0: 0x80008624 (0x009112b3) sll     t0, sp, s1
core   0: 3 0x80008624 (0x009112b3) x 5 0xe3340000
core   0: 0x80008628 (0x01634d33) xor     s10, t1, s6
core   0: 3 0x80008628 (0x01634d33) x26 0xe88396e0
core   0: 0x8000862c (0x096f4113) xori    sp, t5, 150
core   0: 3 0x8000862c (0x096f4113) x 2 0xbfce45ba
core   0: 0x80008630 (0x7317b993) sltiu   s3, a5, 1841
core   0: 3 0x80008630 (0x7317b993) x19 0x00000000
core   0: 0x80008634 (0x002caeb3) slt     t4, s9, sp
core   0: 3 0x80008634 (0x002caeb3) x29 0x00000000
core   0: 0x80008638 (0x40bb5833) sra     a6, s6, a1
core   0: 3 0x80008638 (0x40bb5833) x16 0xf441cb70
core   0: 0x8000863c (0x00b3e933) or      s2, t2, a1
core   0: 3 0x8000863c (0x00b3e933) x18 0x80015ce5
core   0: 0x80008640 (0x014fcf33) xor     t5, t6, s4
core   0: 3 0x80008640 (0x014fcf33) x30 0x00000001
core   0: 0x80008644 (0x01cf5493) srli    s1, t5, 28
core   0: 3 0x80008644 (0x01cf5493) x 9 0x00000000
core   0: 0x80008648 (0x00a65bb3) srl     s7, a2, a0
core   0: 3 0x80008648 (0x00a65bb3) x23 0x00000002
core   0: 0x8000864c (0x4651ad93) slti    s11, gp, 1125
core   0: 3 0x8000864c (0x4651ad93) x27 0x00000001
core   0: 0x80008650 (0x00000013) nop
core   0: 3 0x80008650 (0x00000013)
core   0: 0x80008654 (0xc340cd13) xori    s10, ra, -972
core   0: 3 0x80008654 (0xc340cd13) x26 0xe502c938
core   0: 0x80008658 (0xced6f037) lui     zero, 0xced6f
core   0: 3 0x80008658 (0xced6f037)
core   0: 0x8000865c (0x8b6de617) auipc   a2, 0x8b6de
core   0: 3 0x8000865c (0x8b6de617) x12 0x0b6e665c
core   0: 0x80008660 (0x41985bb3) sra     s7, a6, s9
core   0: 3 0x80008660 (0x41985bb3) x23 0xfa20e5b8
core   0: 0x80008664 (0x41d45193) srai    gp, s0, 29
core   0: 3 0x80008664 (0x41d45193) x 3 0xffffffff
core   0: 0x80008668 (0xebaace13) xori    t3, s5, -326
core   0: 3 0x80008668 (0xebaace13) x28 0xe502cbb1
core   0: 0x8000866c (0x011dcfb3) xor     t6, s11, a7
core   0: 3 0x8000866c (0x011dcfb3) x31 0x80011e65
core   0: 0x80008670 (0x00000013) nop
core   0: 3 0x80008670 (0x00000013)
core   0: 0x80008674 (0x8b5a0b93) addi    s7, s4, -1867
core   0: 3 0x80008674 (0x8b5a0b93) x23 0xfffff8b5
core   0: 0x80008678 (0xd164bb93) sltiu   s7, s1, -746
core   0: 3 0x80008678 (0xd164bb93) x23 0x00000001
core   0: 0x8000867c (0x014df933) and     s2, s11, s4
core   0: 3 0x8000867c (0x014df933) x18 0x00000000
core   0: 0x80008680 (0x01964d33) xor     s10, a2, s9
core   0: 3 0x80008680 (0x01964d33) x26 0x0b6e665d
core   0: 0x80008684 (0x40300133) sub     sp, zero, gp
core   0: 3 0x80008684 (0x40300133) x 2 0x00000001
core   0: 0x80008688 (0x01e15613) srli    a2, sp, 30
core   0: 3 0x80008688 (0x01e15613) x12 0x00000000
core   0: 0x8000868c (0x011a2eb3) slt     t4, s4, a7
core   0: 3 0x8000868c (0x011a2eb3) x29 0x00000000
core   0: 0x80008690 (0x00ac1213) slli    tp, s8, 10
core   0: 3 0x80008690 (0x00ac1213) x 4 0x2c000000
core   0: 0x80008694 (0x41385933) sra     s2, a6, s3
core   0: 3 0x80008694 (0x41385933) x18 0xf441cb70
core   0: 0x80008698 (0x869d7113) andi    sp, s10, -1943
core   0: 3 0x80008698 (0x869d7113) x 2 0x0b6e6049
core   0: 0x8000869c (0x400552b3) sra     t0, a0, zero
core   0: 3 0x8000869c (0x400552b3) x 5 0x6795095e
core   0: 0x800086a0 (0x0082a4b3) slt     s1, t0, s0
core   0: 3 0x800086a0 (0x0082a4b3) x 9 0x00000000
core   0: 0x800086a4 (0x1e8e8913) addi    s2, t4, 488
core   0: 3 0x800086a4 (0x1e8e8913) x18 0x000001e8
core   0: 0x800086a8 (0x29c79817) auipc   a6, 0x29c79
core   0: 3 0x800086a8 (0x29c79817) x16 0xa9c816a8
core   0: 0x800086ac (0x01568833) add     a6, a3, s5
core   0: 3 0x800086ac (0x01568833) x16 0xbdb20897
core   0: 0x800086b0 (0x77922713) slti    a4, tp, 1913
core   0: 3 0x800086b0 (0x77922713) x14 0x00000000
core   0: 0x800086b4 (0x405cdf93) srai    t6, s9, 5
core   0: 3 0x800086b4 (0x405cdf93) x31 0x00000000
core   0: 0x800086b8 (0x01ac4433) xor     s0, s8, s10
core   0: 3 0x800086b8 (0x01ac4433) x 8 0xa325665d
core   0: 0x800086bc (0x9caca993) slti    s3, s9, -1590
core   0: 3 0x800086bc (0x9caca993) x19 0x00000000
core   0: 0x800086c0 (0x241f7793) andi    a5, t5, 577
core   0: 3 0x800086c0 (0x241f7793) x15 0x00000001
core   0: 0x800086c4 (0x019aec33) or      s8, s5, s9
core   0: 3 0x800086c4 (0x019aec33) x24 0x1afd350b
core   0: 0x800086c8 (0xc57f8b93) addi    s7, t6, -937
core   0: 3 0x800086c8 (0xc57f8b93) x23 0xfffffc57
core   0: 0x800086cc (0x82f16617) auipc   a2, 0x82f16
core   0: 3 0x800086cc (0x82f16617) x12 0x02f1e6cc
core   0: 0x800086d0 (0x014c8733) add     a4, s9, s4
core   0: 3 0x800086d0 (0x014c8733) x14 0x00000001
core   0: 0x800086d4 (0x016f3533) sltu    a0, t5, s6
core   0: 3 0x800086d4 (0x016f3533) x10 0x00000001
core   0: 0x800086d8 (0xad3a7013) andi    zero, s4, -1325
core   0: 3 0x800086d8 (0xad3a7013)
core   0: 0x800086dc (0x012a9b93) slli    s7, s5, 18
core   0: 3 0x800086dc (0x012a9b93) x23 0xd42c0000
core   0: 0x800086e0 (0xe0feff13) andi    t5, t4, -497
core   0: 3 0x800086e0 (0xe0feff13) x30 0x00000000
core   0: 0x800086e4 (0x40a25413) srai    s0, tp, 10
core   0: 3 0x800086e4 (0x40a25413) x 8 0x000b0000
core   0: 0x800086e8 (0x4193da13) srai    s4, t2, 25
core   0: 3 0x800086e8 (0x4193da13) x20 0xffffffc0
core   0: 0x800086ec (0x827ba193) slti    gp, s7, -2009
core   0: 3 0x800086ec (0x827ba193) x 3 0x00000001
core   0: 0x800086f0 (0x41c68233) sub     tp, a3, t3
core   0: 3 0x800086f0 (0x41c68233) x 4 0xbdb207db
core   0: 0x800086f4 (0x00621d33) sll     s10, tp, t1
core   0: 3 0x800086f4 (0x00621d33) x26 0x7b640fb6
core   0: 0x800086f8 (0x8b2d7d13) andi    s10, s10, -1870
core   0: 3 0x800086f8 (0x8b2d7d13) x26 0x7b6408b2
core   0: 0x800086fc (0x813d9197) auipc   gp, 0x813d9
core   0: 3 0x800086fc (0x813d9197) x 3 0x013e16fc
core   0: 0x80008700 (0x11509db7) lui     s11, 0x11509
core   0: 3 0x80008700 (0x11509db7) x27 0x11509000
core   0: 0x80008704 (0x00f94033) xor     zero, s2, a5
core   0: 3 0x80008704 (0x00f94033)
core   0: 0x80008708 (0x00000013) nop
core   0: 3 0x80008708 (0x00000013)
core   0: 0x8000870c (0x01a565b3) or      a1, a0, s10
core   0: 3 0x8000870c (0x01a565b3) x11 0x7b6408b3
core   0: 0x80008710 (0x415751b3) sra     gp, a4, s5
core   0: 3 0x80008710 (0x415751b3) x 3 0x00000000
core   0: 0x80008714 (0x412fd5b3) sra     a1, t6, s2
core   0: 3 0x80008714 (0x412fd5b3) x11 0x00000000
core   0: 0x80008718 (0x00a271b3) and     gp, tp, a0
core   0: 3 0x80008718 (0x00a271b3) x 3 0x00000001
core   0: 0x8000871c (0x01c9e5b3) or      a1, s3, t3
core   0: 3 0x8000871c (0x01c9e5b3) x11 0xe502cbb1
core   0: 0x80008720 (0x4023d7b3) sra     a5, t2, sp
core   0: 3 0x80008720 (0x4023d7b3) x15 0xffc000ae
core   0: 0x80008724 (0x40f58f33) sub     t5, a1, a5
core   0: 3 0x80008724 (0x40f58f33) x30 0xe542cb03
core   0: 0x80008728 (0x004641b3) xor     gp, a2, tp
core   0: 3 0x80008728 (0x004641b3) x 3 0xbf43e117
core   0: 0x8000872c (0x00570eb3) add     t4, a4, t0
core   0: 3 0x8000872c (0x00570eb3) x29 0x6795095f
core   0: 0x80008730 (0x7c1ee993) ori     s3, t4, 1985
core   0: 3 0x80008730 (0x7c1ee993) x19 0x67950fdf
core   0: 0x80008734 (0x4004d793) srai    a5, s1, 0
core   0: 3 0x80008734 (0x4004d793) x15 0x00000000
core   0: 0x80008738 (0xe7caf313) andi    t1, s5, -388
core   0: 3 0x80008738 (0xe7caf313) x 6 0x1afd3408
core   0: 0x8000873c (0x01cc5133) srl     sp, s8, t3
core   0: 3 0x8000873c (0x01cc5133) x 2 0x00000d7e
core   0: 0x80008740 (0x1b004a37) lui     s4, 0x1b004
core   0: 3 0x80008740 (0x1b004a37) x20 0x1b004000
core   0: 0x80008744 (0x416652b3) sra     t0, a2, s6
core   0: 3 0x80008744 (0x416652b3) x 5 0x0178f366
core   0: 0x80008748 (0x01402297) auipc   t0, 0x1402
core   0: 3 0x80008748 (0x01402297) x 5 0x8140a748
core   0: 0x8000874c (0x4102de33) sra     t3, t0, a6
core   0: 3 0x8000874c (0x4102de33) x28 0xffffff02
core   0: 0x80008750 (0x0110f533) and     a0, ra, a7
core   0: 3 0x80008750 (0x0110f533) x10 0x00011404
core   0: 0x80008754 (0x0032bc33) sltu    s8, t0, gp
core   0: 3 0x80008754 (0x0032bc33) x24 0x00000001
core   0: 0x80008758 (0x4da93493) sltiu   s1, s2, 1242
core   0: 3 0x80008758 (0x4da93493) x 9 0x00000001
core   0: 0x8000875c (0x00207133) and     sp, zero, sp
core   0: 3 0x8000875c (0x00207133) x 2 0x00000000
core   0: 0x80008760 (0x01467317) auipc   t1, 0x1467
core   0: 3 0x80008760 (0x01467317) x 6 0x8146f760
core   0: 0x80008764 (0x400d5a33) sra     s4, s10, zero
core   0: 3 0x80008764 (0x400d5a33) x20 0x7b6408b2
core   0: 0x80008768 (0x01cb29b3) slt     s3, s6, t3
core   0: 3 0x80008768 (0x01cb29b3) x19 0x00000001
core   0: 0x8000876c (0x41acd4b3) sra     s1, s9, s10
core   0: 3 0x8000876c (0x41acd4b3) x 9 0x00000000
core   0: 0x80008770 (0x2816e913) ori     s2, a3, 641
core   0: 3 0x80008770 (0x2816e913) x18 0xa2b4d38d
core   0: 0x80008774 (0x40b8d613) srai    a2, a7, 11
core   0: 3 0x80008774 (0x40b8d613) x12 0xfff00023
core   0: 0x80008778 (0x01d45993) srli    s3, s0, 29
core   0: 3 0x80008778 (0x01d45993) x19 0x00000000
core   0: 0x8000877c (0x01525433) srl     s0, tp, s5
core   0: 3 0x8000877c (0x01525433) x 8 0x0017b640
core   0: 0x80008780 (0x01814f33) xor     t5, sp, s8
core   0: 3 0x80008780 (0x01814f33) x30 0x00000001
core   0: 0x80008784 (0x121d8593) addi    a1, s11, 289
core   0: 3 0x80008784 (0x121d8593) x11 0x11509121
core   0: 0x80008788 (0xba64bc93) sltiu   s9, s1, -1114
core   0: 3 0x80008788 (0xba64bc93) x25 0x00000001
core   0: 0x8000878c (0xd347e993) ori     s3, a5, -716
core   0: 3 0x8000878c (0xd347e993) x19 0xfffffd34
core   0: 0x80008790 (0x8cf42d13) slti    s10, s0, -1841
core   0: 3 0x80008790 (0x8cf42d13) x26 0x00000000
core   0: 0x80008794 (0xf7b7f613) andi    a2, a5, -133
core   0: 3 0x80008794 (0xf7b7f613) x12 0x00000000
core   0: 0x80008798 (0x012b2c33) slt     s8, s6, s2
core   0: 3 0x80008798 (0x012b2c33) x24 0x00000000
core   0: 0x8000879c (0xec563713) sltiu   a4, a2, -315
core   0: 3 0x8000879c (0xec563713) x14 0x00000001
core   0: 0x800087a0 (0x5d994213) xori    tp, s2, 1497
core   0: 3 0x800087a0 (0x5d994213) x 4 0xa2b4d654
core   0: 0x800087a4 (0x13ae6193) ori     gp, t3, 314
core   0: 3 0x800087a4 (0x13ae6193) x 3 0xffffff3a
core   0: 0x800087a8 (0x00c857b3) srl     a5, a6, a2
core   0: 3 0x800087a8 (0x00c857b3) x15 0xbdb20897
core   0: 0x800087ac (0x01b55533) srl     a0, a0, s11
core   0: 3 0x800087ac (0x01b55533) x10 0x00011404
core   0: 0x800087b0 (0x5fafe113) ori     sp, t6, 1530
core   0: 3 0x800087b0 (0x5fafe113) x 2 0x000005fa
core   0: 0x800087b4 (0x00000013) nop
core   0: 3 0x800087b4 (0x00000013)
core   0: 0x800087b8 (0x2bee0413) addi    s0, t3, 702
core   0: 3 0x800087b8 (0x2bee0413) x 8 0x000001c0
core   0: 0x800087bc (0x4066d4b3) sra     s1, a3, t1
core   0: 3 0x800087bc (0x4066d4b3) x 9 0xa2b4d38c
core   0: 0x800087c0 (0xc6624493) xori    s1, tp, -922
core   0: 3 0x800087c0 (0xc6624493) x 9 0x5d4b2a32
core   0: 0x800087c4 (0x00899913) slli    s2, s3, 8
core   0: 3 0x800087c4 (0x00899913) x18 0xfffd3400
core   0: 0x800087c8 (0x00cf64b3) or      s1, t5, a2
core   0: 3 0x800087c8 (0x00cf64b3) x 9 0x00000001
core   0: 0x800087cc (0x01857eb3) and     t4, a0, s8
core   0: 3 0x800087cc (0x01857eb3) x29 0x00000000
core   0: 0x800087d0 (0x00add4b3) srl     s1, s11, a0
core   0: 3 0x800087d0 (0x00add4b3) x 9 0x01150900
core   0: 0x800087d4 (0xf89aa593) slti    a1, s5, -119
core   0: 3 0x800087d4 (0xf89aa593) x11 0x00000000
core   0: 0x800087d8 (0x01a2d333) srl     t1, t0, s10
core   0: 3 0x800087d8 (0x01a2d333) x 6 0x8140a748
core   0: 0x800087dc (0x74526793) ori     a5, tp, 1861
core   0: 3 0x800087dc (0x74526793) x15 0xa2b4d755
core   0: 0x800087e0 (0x417309b3) sub     s3, t1, s7
core   0: 3 0x800087e0 (0x417309b3) x19 0xad14a748
core   0: 0x800087e4 (0x408fd793) srai    a5, t6, 8
core   0: 3 0x800087e4 (0x408fd793) x15 0x00000000
core   0: 0x800087e8 (0x00905333) srl     t1, zero, s1
core   0: 3 0x800087e8 (0x00905333) x 6 0x00000000
core   0: 0x800087ec (0x00000013) nop
core   0: 3 0x800087ec (0x00000013)
core   0: 0x800087f0 (0x00dc32b3) sltu    t0, s8, a3
core   0: 3 0x800087f0 (0x00dc32b3) x 5 0x00000001
core   0: 0x800087f4 (0x392b3d13) sltiu   s10, s6, 914
core   0: 3 0x800087f4 (0x392b3d13) x26 0x00000000
core   0: 0x800087f8 (0x00710333) add     t1, sp, t2
core   0: 3 0x800087f8 (0x00710333) x 6 0x800162de
core   0: 0x800087fc (0x00000013) nop
core   0: 3 0x800087fc (0x00000013)
core   0: 0x80008800 (0x40200e33) sub     t3, zero, sp
core   0: 3 0x80008800 (0x40200e33) x28 0xfffffa06
core   0: 0x80008804 (0x010f47b3) xor     a5, t5, a6
core   0: 3 0x80008804 (0x010f47b3) x15 0xbdb20896
core   0: 0x80008808 (0x003aa733) slt     a4, s5, gp
core   0: 3 0x80008808 (0x003aa733) x14 0x00000000
core   0: 0x8000880c (0x01051293) slli    t0, a0, 16
core   0: 3 0x8000880c (0x01051293) x 5 0x14040000
core   0: 0x80008810 (0x7b313537) lui     a0, 0x7b313
core   0: 3 0x80008810 (0x7b313537) x10 0x7b313000
core   0: 0x80008814 (0x019cd433) srl     s0, s9, s9
core   0: 3 0x80008814 (0x019cd433) x 8 0x00000000
core   0: 0x80008818 (0x6e7d8d93) addi    s11, s11, 1767
core   0: 3 0x80008818 (0x6e7d8d93) x27 0x115096e7
core   0: 0x8000881c (0x40f782b3) sub     t0, a5, a5
core   0: 3 0x8000881c (0x40f782b3) x 5 0x00000000
core   0: 0x80008820 (0x0142beb3) sltu    t4, t0, s4
core   0: 3 0x80008820 (0x0142beb3) x29 0x00000001
core   0: 0x80008824 (0x6e7b4ab7) lui     s5, 0x6e7b4
core   0: 3 0x80008824 (0x6e7b4ab7) x21 0x6e7b4000
core   0: 0x80008828 (0xbd466d17) auipc   s10, 0xbd466
core   0: 3 0x80008828 (0xbd466d17) x26 0x3d46e828
core   0: 0x8000882c (0xc5933e13) sltiu   t3, t1, -935
core   0: 3 0x8000882c (0xc5933e13) x28 0x00000001
core   0: 0x80008830 (0x01499193) slli    gp, s3, 20
core   0: 3 0x80008830 (0x01499193) x 3 0x74800000
core   0: 0x80008834 (0xd57c6c13) ori     s8, s8, -681
core   0: 3 0x80008834 (0xd57c6c13) x24 0xfffffd57
core   0: 0x80008838 (0x40370533) sub     a0, a4, gp
core   0: 3 0x80008838 (0x40370533) x10 0x8b800000
core   0: 0x8000883c (0x01975e93) srli    t4, a4, 25
core   0: 3 0x8000883c (0x01975e93) x29 0x00000000
core   0: 0x80008840 (0x40855033) sra     zero, a0, s0
core   0: 3 0x80008840 (0x40855033)
core   0: 0x80008844 (0xb1584593) xori    a1, a6, -1259
core   0: 3 0x80008844 (0xb1584593) x11 0x424df382
core   0: 0x80008848 (0x01383633) sltu    a2, a6, s3
core   0: 3 0x80008848 (0x01383633) x12 0x00000000
core   0: 0x8000884c (0x1a876b97) auipc   s7, 0x1a876
core   0: 3 0x8000884c (0x1a876b97) x23 0x9a87e84c
core   0: 0x80008850 (0xa1c7f013) andi    zero, a5, -1508
core   0: 3 0x80008850 (0xa1c7f013)
core   0: 0x80008854 (0x006410b3) sll     ra, s0, t1
core   0: 3 0x80008854 (0x006410b3) x 1 0x00000000
core   0: 0x80008858 (0x0bfcc693) xori    a3, s9, 191
core   0: 3 0x80008858 (0x0bfcc693) x13 0x000000be
core   0: 0x8000885c (0x323f6313) ori     t1, t5, 803
core   0: 3 0x8000885c (0x323f6313) x 6 0x00000323
core   0: 0x80008860 (0x962ea593) slti    a1, t4, -1694
core   0: 3 0x80008860 (0x962ea593) x11 0x00000000
core   0: 0x80008864 (0x002acab3) xor     s5, s5, sp
core   0: 3 0x80008864 (0x002acab3) x21 0x6e7b45fa
core   0: 0x80008868 (0x5bb8fcb7) lui     s9, 0x5bb8f
core   0: 3 0x80008868 (0x5bb8fcb7) x25 0x5bb8f000
core   0: 0x8000886c (0x94e5b213) sltiu   tp, a1, -1714
core   0: 3 0x8000886c (0x94e5b213) x 4 0x00000001
core   0: 0x80008870 (0x41aa8d13) addi    s10, s5, 1050
core   0: 3 0x80008870 (0x41aa8d13) x26 0x6e7b4a14
core   0: 0x80008874 (0x2cf43c13) sltiu   s8, s0, 719
core   0: 3 0x80008874 (0x2cf43c13) x24 0x00000001
core   0: 0x80008878 (0x9e5f96b7) lui     a3, 0x9e5f9
core   0: 3 0x80008878 (0x9e5f96b7) x13 0x9e5f9000
core   0: 0x8000887c (0x01c81e13) slli    t3, a6, 28
core   0: 3 0x8000887c (0x01c81e13) x28 0x70000000
core   0: 0x80008880 (0xdb315917) auipc   s2, 0xdb315
core   0: 3 0x80008880 (0xdb315917) x18 0x5b31d880
core   0: 0x80008884 (0x00762733) slt     a4, a2, t2
core   0: 3 0x80008884 (0x00762733) x14 0x00000000
core   0: 0x80008888 (0x01515a13) srli    s4, sp, 21
core   0: 3 0x80008888 (0x01515a13) x20 0x00000000
core   0: 0x8000888c (0x012acab3) xor     s5, s5, s2
core   0: 3 0x8000888c (0x012acab3) x21 0x354a9d7a
core   0: 0x80008890 (0x40c40c33) sub     s8, s0, a2
core   0: 3 0x80008890 (0x40c40c33) x24 0x00000000
core   0: 0x80008894 (0x00f57eb3) and     t4, a0, a5
core   0: 3 0x80008894 (0x00f57eb3) x29 0x89800000
core   0: 0x80008898 (0x015c8433) add     s0, s9, s5
core   0: 3 0x80008898 (0x015c8433) x 8 0x91038d7a
core   0: 0x8000889c (0xc2bdfb93) andi    s7, s11, -981
core   0: 3 0x8000889c (0xc2bdfb93) x23 0x11509423
core   0: 0x800088a0 (0xa9f9ed37) lui     s10, 0xa9f9e
core   0: 3 0x800088a0 (0xa9f9ed37) x26 0xa9f9e000
core   0: 0x800088a4 (0xa261c013) xori    zero, gp, -1498
core   0: 3 0x800088a4 (0xa261c013)
core   0: 0x800088a8 (0x01fde233) or      tp, s11, t6
core   0: 3 0x800088a8 (0x01fde233) x 4 0x115096e7
core   0: 0x800088ac (0x01eb5933) srl     s2, s6, t5
core   0: 3 0x800088ac (0x01eb5933) x18 0x7441cb70
core   0: 0x800088b0 (0x01436533) or      a0, t1, s4
core   0: 3 0x800088b0 (0x01436533) x10 0x00000323
core   0: 0x800088b4 (0x01c105b3) add     a1, sp, t3
core   0: 3 0x800088b4 (0x01c105b3) x11 0x700005fa
core   0: 0x800088b8 (0x00015813) srli    a6, sp, 0
core   0: 3 0x800088b8 (0x00015813) x16 0x000005fa
core   0: 0x800088bc (0x3628a593) slti    a1, a7, 866
core   0: 3 0x800088bc (0x3628a593) x11 0x00000001
core   0: 0x800088c0 (0x00680433) add     s0, a6, t1
core   0: 3 0x800088c0 (0x00680433) x 8 0x0000091d
core   0: 0x800088c4 (0x1e613f17) auipc   t5, 0x1e613
core   0: 3 0x800088c4 (0x1e613f17) x30 0x9e61b8c4
core   0: 0x800088c8 (0x0137dc13) srli    s8, a5, 19
core   0: 3 0x800088c8 (0x0137dc13) x24 0x000017b6
core   0: 0x800088cc (0x00d386b3) add     a3, t2, a3
core   0: 3 0x800088cc (0x00d386b3) x13 0x1e60ece4
core   0: 0x800088d0 (0xf7114c17) auipc   s8, 0xf7114
core   0: 3 0x800088d0 (0xf7114c17) x24 0x7711c8d0
core   0: 0x800088d4 (0xe4287e13) andi    t3, a6, -446
core   0: 3 0x800088d4 (0xe4287e13) x28 0x00000442
core   0: 0x800088d8 (0x40675613) srai    a2, a4, 6
core   0: 3 0x800088d8 (0x40675613) x12 0x00000000
core   0: 0x800088dc (0x01030433) add     s0, t1, a6
core   0: 3 0x800088dc (0x01030433) x 8 0x0000091d
core   0: 0x800088e0 (0x00a4c4b3) xor     s1, s1, a0
core   0: 3 0x800088e0 (0x00a4c4b3) x 9 0x01150a23
core   0: 0x800088e4 (0xa3ddcc13) xori    s8, s11, -1475
core   0: 3 0x800088e4 (0xa3ddcc13) x24 0xeeaf6cda
core   0: 0x800088e8 (0x7bf27093) andi    ra, tp, 1983
core   0: 3 0x800088e8 (0x7bf27093) x 1 0x000006a7
core   0: 0x800088ec (0x00de1233) sll     tp, t3, a3
core   0: 3 0x800088ec (0x00de1233) x 4 0x00004420
core   0: 0x800088f0 (0x8f908993) addi    s3, ra, -1799
core   0: 3 0x800088f0 (0x8f908993) x19 0xffffffa0
core   0: 0x800088f4 (0xb8704cb7) lui     s9, 0xb8704
core   0: 3 0x800088f4 (0xb8704cb7) x25 0xb8704000
core   0: 0x800088f8 (0x012c4933) xor     s2, s8, s2
core   0: 3 0x800088f8 (0x012c4933) x18 0x9aeea7aa
core   0: 0x800088fc (0x30b04d93) xori    s11, zero, 779
core   0: 3 0x800088fc (0x30b04d93) x27 0x0000030b
core   0: 0x80008900 (0x009e9e13) slli    t3, t4, 9
core   0: 3 0x80008900 (0x009e9e13) x28 0x00000000
core   0: 0x80008904 (0x4166d133) sra     sp, a3, s6
core   0: 3 0x80008904 (0x4166d133) x 2 0x0f307672
core   0: 0x80008908 (0x41248433) sub     s0, s1, s2
core   0: 3 0x80008908 (0x41248433) x 8 0x66266279
core   0: 0x8000890c (0x002c0f33) add     t5, s8, sp
core   0: 3 0x8000890c (0x002c0f33) x30 0xfddfe34c
core   0: 0x80008910 (0x00000013) nop
core   0: 3 0x80008910 (0x00000013)
core   0: 0x80008914 (0xddbd6c93) ori     s9, s10, -549
core   0: 3 0x80008914 (0xddbd6c93) x25 0xfffffddb
core   0: 0x80008918 (0x0ae48c13) addi    s8, s1, 174
core   0: 3 0x80008918 (0x0ae48c13) x24 0x01150ad1
core   0: 0x8000891c (0x00242a33) slt     s4, s0, sp
core   0: 3 0x8000891c (0x00242a33) x20 0x00000000
core   0: 0x80008920 (0xa9432593) slti    a1, t1, -1388
core   0: 3 0x80008920 (0xa9432593) x11 0x00000000
core   0: 0x80008924 (0xfc413f93) sltiu   t6, sp, -60
core   0: 3 0x80008924 (0xfc413f93) x31 0x00000001
core   0: 0x80008928 (0x416259b3) sra     s3, tp, s6
core   0: 3 0x80008928 (0x416259b3) x19 0x00002210
core   0: 0x8000892c (0xcfa2eb93) ori     s7, t0, -774
core   0: 3 0x8000892c (0xcfa2eb93) x23 0xfffffcfa
core   0: 0x80008930 (0x0ea76313) ori     t1, a4, 234
core   0: 3 0x80008930 (0x0ea76313) x 6 0x000000ea
core   0: 0x80008934 (0x00be62b3) or      t0, t3, a1
core   0: 3 0x80008934 (0x00be62b3) x 5 0x00000000
core   0: 0x80008938 (0xd277fe93) andi    t4, a5, -729
core   0: 3 0x80008938 (0xd277fe93) x29 0xbdb20806
core   0: 0x8000893c (0x33840413) addi    s0, s0, 824
core   0: 3 0x8000893c (0x33840413) x 8 0x662665b1
core   0: 0x80008940 (0x017d5e13) srli    t3, s10, 23
core   0: 3 0x80008940 (0x017d5e13) x28 0x00000153
core   0: 0x80008944 (0x0cd72f13) slti    t5, a4, 205
core   0: 3 0x80008944 (0x0cd72f13) x30 0x00000001
core   0: 0x80008948 (0x4ef8fb93) andi    s7, a7, 1263
core   0: 3 0x80008948 (0x4ef8fb93) x23 0x00000464
core   0: 0x8000894c (0xc32eeb93) ori     s7, t4, -974
core   0: 3 0x8000894c (0xc32eeb93) x23 0xfffffc36
core   0: 0x80008950 (0x00d2f7b3) and     a5, t0, a3
core   0: 3 0x80008950 (0x00d2f7b3) x15 0x00000000
core   0: 0x80008954 (0x401a81b3) sub     gp, s5, ra
core   0: 3 0x80008954 (0x401a81b3) x 3 0x354a96d3
core   0: 0x80008958 (0xd66ff993) andi    s3, t6, -666
core   0: 3 0x80008958 (0xd66ff993) x19 0x00000000
core   0: 0x8000895c (0x01873e33) sltu    t3, a4, s8
core   0: 3 0x8000895c (0x01873e33) x28 0x00000001
core   0: 0x80008960 (0x82522993) slti    s3, tp, -2011
core   0: 3 0x80008960 (0x82522993) x19 0x00000000
core   0: 0x80008964 (0x00e269b3) or      s3, tp, a4
core   0: 3 0x80008964 (0x00e269b3) x19 0x00004420
core   0: 0x80008968 (0x01851913) slli    s2, a0, 24
core   0: 3 0x80008968 (0x01851913) x18 0x23000000
core   0: 0x8000896c (0x01c16c33) or      s8, sp, t3
core   0: 3 0x8000896c (0x01c16c33) x24 0x0f307673
core   0: 0x80008970 (0x40f00ab3) sub     s5, zero, a5
core   0: 3 0x80008970 (0x40f00ab3) x21 0x00000000
core   0: 0x80008974 (0x01b99e13) slli    t3, s3, 27
core   0: 3 0x80008974 (0x01b99e13) x28 0x00000000
core   0: 0x80008978 (0x401f5293) srai    t0, t5, 1
core   0: 3 0x80008978 (0x401f5293) x 5 0x00000000
core   0: 0x8000897c (0xd9a5f913) andi    s2, a1, -614
core   0: 3 0x8000897c (0xd9a5f913) x18 0x00000000
core   0: 0x80008980 (0x10ab8a97) auipc   s5, 0x10ab8
core   0: 3 0x80008980 (0x10ab8a97) x21 0x90ac0980
core   0: 0x80008984 (0x01b92293) slti    t0, s2, 27
core   0: 3 0x80008984 (0x01b92293) x 5 0x00000001
core   0: 0x80008988 (0x19362193) slti    gp, a2, 403
core   0: 3 0x80008988 (0x19362193) x 3 0x00000001
core   0: 0x8000898c (0x41f5d713) srai    a4, a1, 31
core   0: 3 0x8000898c (0x41f5d713) x14 0x00000000
core   0: 0x80008990 (0x00bbf1b3) and     gp, s7, a1
core   0: 3 0x80008990 (0x00bbf1b3) x 3 0x00000000
core   0: 0x80008994 (0x017c1093) slli    ra, s8, 23
core   0: 3 0x80008994 (0x017c1093) x 1 0x39800000
core   0: 0x80008998 (0x4028d7b3) sra     a5, a7, sp
core   0: 3 0x80008998 (0x4028d7b3) x15 0xffffe000
core   0: 0x8000899c (0x00e4dcb3) srl     s9, s1, a4
core   0: 3 0x8000899c (0x00e4dcb3) x25 0x01150a23
core   0: 0x800089a0 (0x40668333) sub     t1, a3, t1
core   0: 3 0x800089a0 (0x40668333) x 6 0x1e60ebfa
core   0: 0x800089a4 (0x01816e17) auipc   t3, 0x1816
core   0: 3 0x800089a4 (0x01816e17) x28 0x8181e9a4
core   0: 0x800089a8 (0x00692f33) slt     t5, s2, t1
core   0: 3 0x800089a8 (0x00692f33) x30 0x00000001
core   0: 0x800089ac (0x015c5293) srli    t0, s8, 21
core   0: 3 0x800089ac (0x015c5293) x 5 0x00000079
core   0: 0x800089b0 (0x016e1633) sll     a2, t3, s6
core   0: 3 0x800089b0 (0x016e1633) x12 0x0303d348
core   0: 0x800089b4 (0x00e51033) sll     zero, a0, a4
core   0: 3 0x800089b4 (0x00e51033)
core   0: 0x800089b8 (0x01929333) sll     t1, t0, s9
core   0: 3 0x800089b8 (0x01929333) x 6 0x000003c8
core   0: 0x800089bc (0x40968db3) sub     s11, a3, s1
core   0: 3 0x800089bc (0x40968db3) x27 0x1d4be2c1
core   0: 0x800089c0 (0x00211833) sll     a6, sp, sp
core   0: 3 0x800089c0 (0x00211833) x16 0xd9c80000
core   0: 0x800089c4 (0x015d0533) add     a0, s10, s5
core   0: 3 0x800089c4 (0x015d0533) x10 0x3aa5e980
core   0: 0x800089c8 (0x00509833) sll     a6, ra, t0
core   0: 3 0x800089c8 (0x00509833) x16 0x00000000
core   0: 0x800089cc (0xd70fe013) ori     zero, t6, -656
core   0: 3 0x800089cc (0xd70fe013)
core   0: 0x800089d0 (0x01d27e33) and     t3, tp, t4
core   0: 3 0x800089d0 (0x01d27e33) x28 0x00000000
core   0: 0x800089d4 (0x018d6f33) or      t5, s10, s8
core   0: 3 0x800089d4 (0x018d6f33) x30 0xaff9f673
core   0: 0x800089d8 (0x412e5293) srai    t0, t3, 18
core   0: 3 0x800089d8 (0x412e5293) x 5 0x00000000
core   0: 0x800089dc (0xb2424813) xori    a6, tp, -1244
core   0: 3 0x800089dc (0xb2424813) x16 0xffffbf04
core   0: 0x800089e0 (0x008447b3) xor     a5, s0, s0
core   0: 3 0x800089e0 (0x008447b3) x15 0x00000000
core   0: 0x800089e4 (0x00774033) xor     zero, a4, t2
core   0: 3 0x800089e4 (0x00774033)
core   0: 0x800089e8 (0x406ed733) sra     a4, t4, t1
core   0: 3 0x800089e8 (0x406ed733) x14 0xffbdb208
core   0: 0x800089ec (0x016effb3) and     t6, t4, s6
core   0: 3 0x800089ec (0x016effb3) x31 0xa8820000
core   0: 0x800089f0 (0x0039fbb3) and     s7, s3, gp
core   0: 3 0x800089f0 (0x0039fbb3) x23 0x00000000
core   0: 0x800089f4 (0x0119ccb3) xor     s9, s3, a7
core   0: 3 0x800089f4 (0x0119ccb3) x25 0x80015a44
core   0: 0x800089f8 (0x405889b3) sub     s3, a7, t0
core   0: 3 0x800089f8 (0x405889b3) x19 0x80011e64
core   0: 0x800089fc (0x01b065b3) or      a1, zero, s11
core   0: 3 0x800089fc (0x01b065b3) x11 0x1d4be2c1
core   0: 0x80008a00 (0x002e9a93) slli    s5, t4, 2
core   0: 3 0x80008a00 (0x002e9a93) x21 0xf6c82018
core   0: 0x80008a04 (0x011da633) slt     a2, s11, a7
core   0: 3 0x80008a04 (0x011da633) x12 0x00000000
core   0: 0x80008a08 (0x01a6cfb3) xor     t6, a3, s10
core   0: 3 0x80008a08 (0x01a6cfb3) x31 0xb7990ce4
core   0: 0x80008a0c (0x017ce633) or      a2, s9, s7
core   0: 3 0x80008a0c (0x017ce633) x12 0x80015a44
core   0: 0x80008a10 (0x01545413) srli    s0, s0, 21
core   0: 3 0x80008a10 (0x01545413) x 8 0x00000331
core   0: 0x80008a14 (0xd210fa93) andi    s5, ra, -735
core   0: 3 0x80008a14 (0xd210fa93) x21 0x39800000
core   0: 0x80008a18 (0x018c1a33) sll     s4, s8, s8
core   0: 3 0x80008a18 (0x018c1a33) x20 0xb3980000
core   0: 0x80008a1c (0x01d86a13) ori     s4, a6, 29
core   0: 3 0x80008a1c (0x01d86a13) x20 0xffffbf1d
core   0: 0x80008a20 (0x00000013) nop
core   0: 3 0x80008a20 (0x00000013)
core   0: 0x80008a24 (0x73180413) addi    s0, a6, 1841
core   0: 3 0x80008a24 (0x73180413) x 8 0xffffc635
core   0: 0x80008a28 (0x005a2a33) slt     s4, s4, t0
core   0: 3 0x80008a28 (0x005a2a33) x20 0x00000001
core   0: 0x80008a2c (0x007495b3) sll     a1, s1, t2
core   0: 3 0x80008a2c (0x007495b3) x11 0x1150a230
core   0: 0x80008a30 (0x0046eeb3) or      t4, a3, tp
core   0: 3 0x80008a30 (0x0046eeb3) x29 0x1e60ece4
core   0: 0x80008a34 (0x001bfa33) and     s4, s7, ra
core   0: 3 0x80008a34 (0x001bfa33) x20 0x00000000
core   0: 0x80008a38 (0x8c163d93) sltiu   s11, a2, -1855
core   0: 3 0x80008a38 (0x8c163d93) x27 0x00000001
core   0: 0x80008a3c (0x00b56fb3) or      t6, a0, a1
core   0: 3 0x80008a3c (0x00b56fb3) x31 0x3bf5ebb0
core   0: 0x80008a40 (0x8dcf3e13) sltiu   t3, t5, -1828
core   0: 3 0x80008a40 (0x8dcf3e13) x28 0x00000001
core   0: 0x80008a44 (0xd128ee93) ori     t4, a7, -750
core   0: 3 0x80008a44 (0xd128ee93) x29 0xffffff76
core   0: 0x80008a48 (0xdec06713) ori     a4, zero, -532
core   0: 3 0x80008a48 (0xdec06713) x14 0xfffffdec
core   0: 0x80008a4c (0x417dd533) sra     a0, s11, s7
core   0: 3 0x80008a4c (0x417dd533) x10 0x00000001
core   0: 0x80008a50 (0x00000013) nop
core   0: 3 0x80008a50 (0x00000013)
core   0: 0x80008a54 (0x00bdd113) srli    sp, s11, 11
core   0: 3 0x80008a54 (0x00bdd113) x 2 0x00000000
core   0: 0x80008a58 (0x4133df33) sra     t5, t2, s3
core   0: 3 0x80008a58 (0x4133df33) x30 0xf80015ce
core   0: 0x80008a5c (0x006d7933) and     s2, s10, t1
core   0: 3 0x80008a5c (0x006d7933) x18 0x00000000
core   0: 0x80008a60 (0x00cddbb3) srl     s7, s11, a2
core   0: 3 0x80008a60 (0x00cddbb3) x23 0x00000000
core   0: 0x80008a64 (0x018a07b3) add     a5, s4, s8
core   0: 3 0x80008a64 (0x018a07b3) x15 0x0f307673
core   0: 0x80008a68 (0x960bbe97) auipc   t4, 0x960bb
core   0: 3 0x80008a68 (0x960bbe97) x29 0x160c3a68
core   0: 0x80008a6c (0xd9faa013) slti    zero, s5, -609
core   0: 3 0x80008a6c (0xd9faa013)
core   0: 0x80008a70 (0xb7e90a93) addi    s5, s2, -1154
core   0: 3 0x80008a70 (0xb7e90a93) x21 0xfffffb7e
core   0: 0x80008a74 (0x0013ccb3) xor     s9, t2, ra
core   0: 3 0x80008a74 (0x0013ccb3) x25 0xb9815ce4
core   0: 0x80008a78 (0x009bd313) srli    t1, s7, 9
core   0: 3 0x80008a78 (0x009bd313) x 6 0x00000000
core   0: 0x80008a7c (0x0177dd33) srl     s10, a5, s7
core   0: 3 0x80008a7c (0x0177dd33) x26 0x0f307673
core   0: 0x80008a80 (0x005c1f93) slli    t6, s8, 5
core   0: 3 0x80008a80 (0x005c1f93) x31 0xe60ece60
core   0: 0x80008a84 (0xf2c46013) ori     zero, s0, -212
core   0: 3 0x80008a84 (0xf2c46013)
core   0: 0x80008a88 (0x001e10b3) sll     ra, t3, ra
core   0: 3 0x80008a88 (0x001e10b3) x 1 0x00000001
core   0: 0x80008a8c (0x017986b3) add     a3, s3, s7
core   0: 3 0x80008a8c (0x017986b3) x13 0x80011e64
core   0: 0x80008a90 (0x6d2aa797) auipc   a5, 0x6d2aa
core   0: 3 0x80008a90 (0x6d2aa797) x15 0xed2b2a90
core   0: 0x80008a94 (0x005f8fb3) add     t6, t6, t0
core   0: 3 0x80008a94 (0x005f8fb3) x31 0xe60ece60
core   0: 0x80008a98 (0x406d5413) srai    s0, s10, 6
core   0: 3 0x80008a98 (0x406d5413) x 8 0x003cc1d9
core   0: 0x80008a9c (0x010f70b3) and     ra, t5, a6
core   0: 3 0x80008a9c (0x010f70b3) x 1 0xf8001504
core   0: 0x80008aa0 (0x01251313) slli    t1, a0, 18
core   0: 3 0x80008aa0 (0x01251313) x 6 0x00040000
core   0: 0x80008aa4 (0x01401f13) slli    t5, zero, 20
core   0: 3 0x80008aa4 (0x01401f13) x30 0x00000000
core   0: 0x80008aa8 (0x9f3d4593) xori    a1, s10, -1549
core   0: 3 0x80008aa8 (0x9f3d4593) x11 0xf0cf8f80
core   0: 0x80008aac (0x410fd693) srai    a3, t6, 16
core   0: 3 0x80008aac (0x410fd693) x13 0xffffe60e
core   0: 0x80008ab0 (0xc3bb4f93) xori    t6, s6, -965
core   0: 3 0x80008ab0 (0xc3bb4f93) x31 0x177c6ada
core   0: 0x80008ab4 (0x00aaebb3) or      s7, s5, a0
core   0: 3 0x80008ab4 (0x00aaebb3) x23 0xfffffb7f
core   0: 0x80008ab8 (0x00f8c533) xor     a0, a7, a5
core   0: 3 0x80008ab8 (0x00f8c533) x10 0x6d2a34f4
core   0: 0x80008abc (0x0102c5b3) xor     a1, t0, a6
core   0: 3 0x80008abc (0x0102c5b3) x11 0xffffbf04
core   0: 0x80008ac0 (0x70b77f17) auipc   t5, 0x70b77
core   0: 3 0x80008ac0 (0x70b77f17) x30 0xf0b7fac0
core   0: 0x80008ac4 (0x01d0e333) or      t1, ra, t4
core   0: 3 0x80008ac4 (0x01d0e333) x 6 0xfe0c3f6c
core   0: 0x80008ac8 (0x01f94cb3) xor     s9, s2, t6
core   0: 3 0x80008ac8 (0x01f94cb3) x25 0x177c6ada
core   0: 0x80008acc (0x01960f33) add     t5, a2, s9
core   0: 3 0x80008acc (0x01960f33) x30 0x977dc51e
core   0: 0x80008ad0 (0x64478093) addi    ra, a5, 1604
core   0: 3 0x80008ad0 (0x64478093) x 1 0xed2b30d4
core   0: 0x80008ad4 (0x418b5a93) srai    s5, s6, 24
core   0: 3 0x80008ad4 (0x418b5a93) x21 0xffffffe8
core   0: 0x80008ad8 (0x015b47b3) xor     a5, s6, s5
core   0: 3 0x80008ad8 (0x015b47b3) x15 0x177c6909
core   0: 0x80008adc (0x012af033) and     zero, s5, s2
core   0: 3 0x80008adc (0x012af033)
core   0: 0x80008ae0 (0x00bd6233) or      tp, s10, a1
core   0: 3 0x80008ae0 (0x00bd6233) x 4 0xffffff77
core   0: 0x80008ae4 (0x39480713) addi    a4, a6, 916
core   0: 3 0x80008ae4 (0x39480713) x14 0xffffc298
core   0: 0x80008ae8 (0x006e80b3) add     ra, t4, t1
core   0: 3 0x80008ae8 (0x006e80b3) x 1 0x141879d4
core   0: 0x80008aec (0x41565bb3) sra     s7, a2, s5
core   0: 3 0x80008aec (0x41565bb3) x23 0xff80015a
core   0: 0x80008af0 (0x00005913) srli    s2, zero, 0
core   0: 3 0x80008af0 (0x00005913) x18 0x00000000
core   0: 0x80008af4 (0x4004d013) srai    zero, s1, 0
core   0: 3 0x80008af4 (0x4004d013)
core   0: 0x80008af8 (0x058bea13) ori     s4, s7, 88
core   0: 3 0x80008af8 (0x058bea13) x20 0xff80015a
core   0: 0x80008afc (0x40bd5713) srai    a4, s10, 11
core   0: 3 0x80008afc (0x40bd5713) x14 0x0001e60e
core   0: 0x80008b00 (0x016cd033) srl     zero, s9, s6
core   0: 3 0x80008b00 (0x016cd033)
core   0: 0x80008b04 (0x411cda13) srai    s4, s9, 17
core   0: 3 0x80008b04 (0x411cda13) x20 0x00000bbe
core   0: 0x80008b08 (0x000db133) sltu    sp, s11, zero
core   0: 3 0x80008b08 (0x000db133) x 2 0x00000000
core   0: 0x80008b0c (0x016b0bb3) add     s7, s6, s6
core   0: 3 0x80008b0c (0x016b0bb3) x23 0xd1072dc2
core   0: 0x80008b10 (0x00df2133) slt     sp, t5, a3
core   0: 3 0x80008b10 (0x00df2133) x 2 0x00000001
core   0: 0x80008b14 (0xee220313) addi    t1, tp, -286
core   0: 3 0x80008b14 (0xee220313) x 6 0xfffffe59
core   0: 0x80008b18 (0x010ea233) slt     tp, t4, a6
core   0: 3 0x80008b18 (0x010ea233) x 4 0x00000000
core   0: 0x80008b1c (0x0136cdb3) xor     s11, a3, s3
core   0: 3 0x80008b1c (0x0136cdb3) x27 0x7ffef86a
core   0: 0x80008b20 (0x313d0e13) addi    t3, s10, 787
core   0: 3 0x80008b20 (0x313d0e13) x28 0x0f307986
core   0: 0x80008b24 (0x7cb1e913) ori     s2, gp, 1995
core   0: 3 0x80008b24 (0x7cb1e913) x18 0x000007cb
core   0: 0x80008b28 (0x41bc84b3) sub     s1, s9, s11
core   0: 3 0x80008b28 (0x41bc84b3) x 9 0x977d7270
core   0: 0x80008b2c (0x00e3e4b3) or      s1, t2, a4
core   0: 3 0x80008b2c (0x00e3e4b3) x 9 0x8001feee
core   0: 0x80008b30 (0x41488ab3) sub     s5, a7, s4
core   0: 3 0x80008b30 (0x41488ab3) x21 0x800112a6
core   0: 0x80008b34 (0x012aca33) xor     s4, s5, s2
core   0: 3 0x80008b34 (0x012aca33) x20 0x8001156d
core   0: 0x80008b38 (0x0130c5b3) xor     a1, ra, s3
core   0: 3 0x80008b38 (0x0130c5b3) x11 0x941967b0
core   0: 0x80008b3c (0x00f3c333) xor     t1, t2, a5
core   0: 3 0x80008b3c (0x00f3c333) x 6 0x977d35ed
core   0: 0x80008b40 (0x01486e33) or      t3, a6, s4
core   0: 3 0x80008b40 (0x01486e33) x28 0xffffbf6d
core   0: 0x80008b44 (0x0064d1b3) srl     gp, s1, t1
core   0: 3 0x80008b44 (0x0064d1b3) x 3 0x0004000f
core   0: 0x80008b48 (0xc5643313) sltiu   t1, s0, -938
core   0: 3 0x80008b48 (0xc5643313) x 6 0x00000001
core   0: 0x80008b4c (0x0084d733) srl     a4, s1, s0
core   0: 3 0x80008b4c (0x0084d733) x14 0x00000040
core   0: 0x80008b50 (0x010a5c13) srli    s8, s4, 16
core   0: 3 0x80008b50 (0x010a5c13) x24 0x00008001
core   0: 0x80008b54 (0xfe6fb913) sltiu   s2, t6, -26
core   0: 3 0x80008b54 (0xfe6fb913) x18 0x00000001
core   0: 0x80008b58 (0x00fcd813) srli    a6, s9, 15
core   0: 3 0x80008b58 (0x00fcd813) x16 0x00002ef8
core   0: 0x80008b5c (0x005b7633) and     a2, s6, t0
core   0: 3 0x80008b5c (0x005b7633) x12 0x00000000
core   0: 0x80008b60 (0x00bf8e33) add     t3, t6, a1
core   0: 3 0x80008b60 (0x00bf8e33) x28 0xab95d28a
core   0: 0x80008b64 (0x41ba0fb3) sub     t6, s4, s11
core   0: 3 0x80008b64 (0x41ba0fb3) x31 0x00021d03
core   0: 0x80008b68 (0x0059be33) sltu    t3, s3, t0
core   0: 3 0x80008b68 (0x0059be33) x28 0x00000000
core   0: 0x80008b6c (0x00a97533) and     a0, s2, a0
core   0: 3 0x80008b6c (0x00a97533) x10 0x00000000
core   0: 0x80008b70 (0x01a58833) add     a6, a1, s10
core   0: 3 0x80008b70 (0x01a58833) x16 0xa349de23
core   0: 0x80008b74 (0x00e67633) and     a2, a2, a4
core   0: 3 0x80008b74 (0x00e67633) x12 0x00000000
core   0: 0x80008b78 (0x41b1d2b3) sra     t0, gp, s11
core   0: 3 0x80008b78 (0x41b1d2b3) x 5 0x00000100
core   0: 0x80008b7c (0x122fc913) xori    s2, t6, 290
core   0: 3 0x80008b7c (0x122fc913) x18 0x00021c21
core   0: 0x80008b80 (0x87bfc213) xori    tp, t6, -1925
core   0: 3 0x80008b80 (0x87bfc213) x 4 0xfffde578
core   0: 0x80008b84 (0x404d0633) sub     a2, s10, tp
core   0: 3 0x80008b84 (0x404d0633) x12 0x0f3290fb
core   0: 0x80008b88 (0x014c4fb3) xor     t6, s8, s4
core   0: 3 0x80008b88 (0x014c4fb3) x31 0x8001956c
core   0: 0x80008b8c (0x00b1da93) srli    s5, gp, 11
core   0: 3 0x80008b8c (0x00b1da93) x21 0x00000080
core   0: 0x80008b90 (0x019d0fb3) add     t6, s10, s9
core   0: 3 0x80008b90 (0x019d0fb3) x31 0x26ace14d
core   0: 0x80008b94 (0x3b72a293) slti    t0, t0, 951
core   0: 3 0x80008b94 (0x3b72a293) x 5 0x00000001
core   0: 0x80008b98 (0x00000013) nop
core   0: 3 0x80008b98 (0x00000013)
core   0: 0x80008b9c (0x6b9d7c93) andi    s9, s10, 1721
core   0: 3 0x80008b9c (0x6b9d7c93) x25 0x00000631
core   0: 0x80008ba0 (0xccb6f593) andi    a1, a3, -821
core   0: 3 0x80008ba0 (0xccb6f593) x11 0xffffe40a
core   0: 0x80008ba4 (0x01ba5933) srl     s2, s4, s11
core   0: 3 0x80008ba4 (0x01ba5933) x18 0x00200045
core   0: 0x80008ba8 (0x464d3937) lui     s2, 0x464d3
core   0: 3 0x80008ba8 (0x464d3937) x18 0x464d3000
core   0: 0x80008bac (0x402f89b3) sub     s3, t6, sp
core   0: 3 0x80008bac (0x402f89b3) x19 0x26ace14c
core   0: 0x80008bb0 (0x0313b1b7) lui     gp, 0x313b
core   0: 3 0x80008bb0 (0x0313b1b7) x 3 0x0313b000
core   0: 0x80008bb4 (0x0153d213) srli    tp, t2, 21
core   0: 3 0x80008bb4 (0x0153d213) x 4 0x00000400
core   0: 0x80008bb8 (0x2ccf6e93) ori     t4, t5, 716
core   0: 3 0x80008bb8 (0x2ccf6e93) x29 0x977dc7de
core   0: 0x80008bbc (0x01442db3) slt     s11, s0, s4
core   0: 3 0x80008bbc (0x01442db3) x27 0x00000000
core   0: 0x80008bc0 (0xd274dc37) lui     s8, 0xd274d
core   0: 3 0x80008bc0 (0xd274dc37) x24 0xd274d000
core   0: 0x80008bc4 (0x69dc8293) addi    t0, s9, 1693
core   0: 3 0x80008bc4 (0x69dc8293) x 5 0x00000cce
core   0: 0x80008bc8 (0x00f99333) sll     t1, s3, a5
core   0: 3 0x80008bc8 (0x00f99333) x 6 0x59c29800
core   0: 0x80008bcc (0x55c67a93) andi    s5, a2, 1372
core   0: 3 0x80008bcc (0x55c67a93) x21 0x00000058
core   0: 0x80008bd0 (0x72b26593) ori     a1, tp, 1835
core   0: 3 0x80008bd0 (0x72b26593) x11 0x0000072b
core   0: 0x80008bd4 (0xbf194513) xori    a0, s2, -1039
core   0: 3 0x80008bd4 (0xbf194513) x10 0xb9b2cbf1
core   0: 0x80008bd8 (0x00cbbfb3) sltu    t6, s7, a2
core   0: 3 0x80008bd8 (0x00cbbfb3) x31 0x00000000
core   0: 0x80008bdc (0xca0cfa93) andi    s5, s9, -864
core   0: 3 0x80008bdc (0xca0cfa93) x21 0x00000420
core   0: 0x80008be0 (0x01f960b3) or      ra, s2, t6
core   0: 3 0x80008be0 (0x01f960b3) x 1 0x464d3000
core   0: 0x80008be4 (0x016b5db3) srl     s11, s6, s6
core   0: 3 0x80008be4 (0x016b5db3) x27 0x7441cb70
core   0: 0x80008be8 (0x00000013) nop
core   0: 3 0x80008be8 (0x00000013)
core   0: 0x80008bec (0x01bb9593) slli    a1, s7, 27
core   0: 3 0x80008bec (0x01bb9593) x11 0x10000000
core   0: 0x80008bf0 (0x00ee7ab3) and     s5, t3, a4
core   0: 3 0x80008bf0 (0x00ee7ab3) x21 0x00000000
core   0: 0x80008bf4 (0xa6035ab7) lui     s5, 0xa6035
core   0: 3 0x80008bf4 (0xa6035ab7) x21 0xa6035000
core   0: 0x80008bf8 (0x5453c093) xori    ra, t2, 1349
core   0: 3 0x80008bf8 (0x5453c093) x 1 0x800159a1
core   0: 0x80008bfc (0x019b0f33) add     t5, s6, s9
core   0: 3 0x80008bfc (0x019b0f33) x30 0xe8839d12
core   0: 0x80008c00 (0x40cb5f13) srai    t5, s6, 12
core   0: 3 0x80008c00 (0x40cb5f13) x30 0xfffe8839
core   0: 0x80008c04 (0x8b4b3e93) sltiu   t4, s6, -1868
core   0: 3 0x80008c04 (0x8b4b3e93) x29 0x00000001
core   0: 0x80008c08 (0x002c02b3) add     t0, s8, sp
core   0: 3 0x80008c08 (0x002c02b3) x 5 0xd274d001
core   0: 0x80008c0c (0x0166f733) and     a4, a3, s6
core   0: 3 0x80008c0c (0x0166f733) x14 0xe8838600
core   0: 0x80008c10 (0x0039f133) and     sp, s3, gp
core   0: 3 0x80008c10 (0x0039f133) x 2 0x0200a000
core   0: 0x80008c14 (0x002b0cb3) add     s9, s6, sp
core   0: 3 0x80008c14 (0x002b0cb3) x25 0xea8436e1
core   0: 0x80008c18 (0x97c54993) xori    s3, a0, -1668
core   0: 3 0x80008c18 (0x97c54993) x19 0x464d328d
core   0: 0x80008c1c (0x10b67037) lui     zero, 0x10b67
core   0: 3 0x80008c1c (0x10b67037)
core   0: 0x80008c20 (0x00000013) nop
core   0: 3 0x80008c20 (0x00000013)
core   0: 0x80008c24 (0x41955013) srai    zero, a0, 25
core   0: 3 0x80008c24 (0x41955013)
core   0: 0x80008c28 (0xff683e93) sltiu   t4, a6, -10
core   0: 3 0x80008c28 (0xff683e93) x29 0x00000001
core   0: 0x80008c2c (0x5a37f997) auipc   s3, 0x5a37f
core   0: 3 0x80008c2c (0x5a37f997) x19 0xda387c2c
core   0: 0x80008c30 (0x00000013) nop
core   0: 3 0x80008c30 (0x00000013)
core   0: 0x80008c34 (0x40055993) srai    s3, a0, 0
core   0: 3 0x80008c34 (0x40055993) x19 0xb9b2cbf1
core   0: 0x80008c38 (0xaaf03c17) auipc   s8, 0xaaf03
core   0: 3 0x80008c38 (0xaaf03c17) x24 0x2af0bc38
core   0: 0x80008c3c (0x413405b3) sub     a1, s0, s3
core   0: 3 0x80008c3c (0x413405b3) x11 0x4689f5e8
core   0: 0x80008c40 (0xa93f5197) auipc   gp, 0xa93f5
core   0: 3 0x80008c40 (0xa93f5197) x 3 0x293fdc40
core   0: 0x80008c44 (0x4ffc7f93) andi    t6, s8, 1279
core   0: 3 0x80008c44 (0x4ffc7f93) x31 0x00000438
core   0: 0x80008c48 (0x40dddc33) sra     s8, s11, a3
core   0: 3 0x80008c48 (0x40dddc33) x24 0x0001d107
core   0: 0x80008c4c (0x414f5c93) srai    s9, t5, 20
core   0: 3 0x80008c4c (0x414f5c93) x25 0xffffffff
core   0: 0x80008c50 (0x7934f5b7) lui     a1, 0x7934f
core   0: 3 0x80008c50 (0x7934f5b7) x11 0x7934f000
core   0: 0x80008c54 (0x76a5ef13) ori     t5, a1, 1898
core   0: 3 0x80008c54 (0x76a5ef13) x30 0x7934f76a
core   0: 0x80008c58 (0x006c70b3) and     ra, s8, t1
core   0: 3 0x80008c58 (0x006c70b3) x 1 0x00009000
core   0: 0x80008c5c (0x00600db3) add     s11, zero, t1
core   0: 3 0x80008c5c (0x00600db3) x27 0x59c29800
core   0: 0x80008c60 (0xc769ae93) slti    t4, s3, -906
core   0: 3 0x80008c60 (0xc769ae93) x29 0x00000001
core   0: 0x80008c64 (0x01b48433) add     s0, s1, s11
core   0: 3 0x80008c64 (0x01b48433) x 8 0xd9c496ee
core   0: 0x80008c68 (0x2b38f813) andi    a6, a7, 691
core   0: 3 0x80008c68 (0x2b38f813) x16 0x00000220
core   0: 0x80008c6c (0x00621f93) slli    t6, tp, 6
core   0: 3 0x80008c6c (0x00621f93) x31 0x00010000
core   0: 0x80008c70 (0x40f90933) sub     s2, s2, a5
core   0: 3 0x80008c70 (0x40f90933) x18 0x2ed0c6f7
core   0: 0x80008c74 (0x01c72cb3) slt     s9, a4, t3
core   0: 3 0x80008c74 (0x01c72cb3) x25 0x00000001
core   0: 0x80008c78 (0x3b254913) xori    s2, a0, 946
core   0: 3 0x80008c78 (0x3b254913) x18 0xb9b2c843
core   0: 0x80008c7c (0x416c0a33) sub     s4, s8, s6
core   0: 3 0x80008c7c (0x416c0a33) x20 0x177e3a26
core   0: 0x80008c80 (0x01bca9b3) slt     s3, s9, s11
core   0: 3 0x80008c80 (0x01bca9b3) x19 0x00000001
core   0: 0x80008c84 (0x00b58d33) add     s10, a1, a1
core   0: 3 0x80008c84 (0x00b58d33) x26 0xf269e000
core   0: 0x80008c88 (0x01c2aeb3) slt     t4, t0, t3
core   0: 3 0x80008c88 (0x01c2aeb3) x29 0x00000001
core   0: 0x80008c8c (0x00bd5833) srl     a6, s10, a1
core   0: 3 0x80008c8c (0x00bd5833) x16 0xf269e000
core   0: 0x80008c90 (0x0183df33) srl     t5, t2, s8
core   0: 3 0x80008c90 (0x0183df33) x30 0x010002b9
core   0: 0x80008c94 (0x01782eb3) slt     t4, a6, s7
core   0: 3 0x80008c94 (0x01782eb3) x29 0x00000000
core   0: 0x80008c98 (0x00b4ce33) xor     t3, s1, a1
core   0: 3 0x80008c98 (0x00b4ce33) x28 0xf9350eee
core   0: 0x80008c9c (0x5d5c6c13) ori     s8, s8, 1493
core   0: 3 0x80008c9c (0x5d5c6c13) x24 0x0001d5d7
core   0: 0x80008ca0 (0x00bebf33) sltu    t5, t4, a1
core   0: 3 0x80008ca0 (0x00bebf33) x30 0x00000001
core   0: 0x80008ca4 (0x2c328113) addi    sp, t0, 707
core   0: 3 0x80008ca4 (0x2c328113) x 2 0xd274d2c4
core   0: 0x80008ca8 (0xd9d29d37) lui     s10, 0xd9d29
core   0: 3 0x80008ca8 (0xd9d29d37) x26 0xd9d29000
core   0: 0x80008cac (0x01c235b3) sltu    a1, tp, t3
core   0: 3 0x80008cac (0x01c235b3) x11 0x00000001
core   0: 0x80008cb0 (0xa84cc493) xori    s1, s9, -1404
core   0: 3 0x80008cb0 (0xa84cc493) x 9 0xfffffa85
core   0: 0x80008cb4 (0x00adcdb3) xor     s11, s11, a0
core   0: 3 0x80008cb4 (0x00adcdb3) x27 0xe07053f1
core   0: 0x80008cb8 (0x011a8d33) add     s10, s5, a7
core   0: 3 0x80008cb8 (0x011a8d33) x26 0x26046e64
core   0: 0x80008cbc (0x41025333) sra     t1, tp, a6
core   0: 3 0x80008cbc (0x41025333) x 6 0x00000400
core   0: 0x80008cc0 (0x01249633) sll     a2, s1, s2
core   0: 3 0x80008cc0 (0x01249633) x12 0xffffd428
core   0: 0x80008cc4 (0xb777fe37) lui     t3, 0xb777f
core   0: 3 0x80008cc4 (0xb777fe37) x28 0xb777f000
core   0: 0x80008cc8 (0x52984c93) xori    s9, a6, 1321
core   0: 3 0x80008cc8 (0x52984c93) x25 0xf269e529
core   0: 0x80008ccc (0x00ab22b3) slt     t0, s6, a0
core   0: 3 0x80008ccc (0x00ab22b3) x 5 0x00000000
core   0: 0x80008cd0 (0x00b96733) or      a4, s2, a1
core   0: 3 0x80008cd0 (0x00b96733) x14 0xb9b2c843
core   0: 0x80008cd4 (0xb68a7493) andi    s1, s4, -1176
core   0: 3 0x80008cd4 (0xb68a7493) x 9 0x177e3a20
core   0: 0x80008cd8 (0x018f2f33) slt     t5, t5, s8
core   0: 3 0x80008cd8 (0x018f2f33) x30 0x00000001
core   0: 0x80008cdc (0x00000013) nop
core   0: 3 0x80008cdc (0x00000013)
core   0: 0x80008ce0 (0xc1c0dd97) auipc   s11, 0xc1c0d
core   0: 3 0x80008ce0 (0xc1c0dd97) x27 0x41c15ce0
core   0: 0x80008ce4 (0x8089ea93) ori     s5, s3, -2040
core   0: 3 0x80008ce4 (0x8089ea93) x21 0xfffff809
core   0: 0x80008ce8 (0x9bb70113) addi    sp, a4, -1605
core   0: 3 0x80008ce8 (0x9bb70113) x 2 0xb9b2c1fe
core   0: 0x80008cec (0x40f30cb3) sub     s9, t1, a5
core   0: 3 0x80008cec (0x40f30cb3) x25 0xe8839af7
core   0: 0x80008cf0 (0xa60b0593) addi    a1, s6, -1440
core   0: 3 0x80008cf0 (0xa60b0593) x11 0xe8839141
core   0: 0x80008cf4 (0x0120c133) xor     sp, ra, s2
core   0: 3 0x80008cf4 (0x0120c133) x 2 0xb9b25843
core   0: 0x80008cf8 (0x1869f293) andi    t0, s3, 390
core   0: 3 0x80008cf8 (0x1869f293) x 5 0x00000000
core   0: 0x80008cfc (0x404adf33) sra     t5, s5, tp
core   0: 3 0x80008cfc (0x404adf33) x30 0xfffff809
core   0: 0x80008d00 (0x00925713) srli    a4, tp, 9
core   0: 3 0x80008d00 (0x00925713) x14 0x00000002
core   0: 0x80008d04 (0x01e15bb3) srl     s7, sp, t5
core   0: 3 0x80008d04 (0x01e15bb3) x23 0x005cd92c
core   0: 0x80008d08 (0x0048fdb3) and     s11, a7, tp
core   0: 3 0x80008d08 (0x0048fdb3) x27 0x00000400
core   0: 0x80008d0c (0xb9552293) slti    t0, a0, -1131
core   0: 3 0x80008d0c (0xb9552293) x 5 0x00000001
core   0: 0x80008d10 (0x40edd413) srai    s0, s11, 14
core   0: 3 0x80008d10 (0x40edd413) x 8 0x00000000
core   0: 0x80008d14 (0xc1676d97) auipc   s11, 0xc1676
core   0: 3 0x80008d14 (0xc1676d97) x27 0x4167ed14
core   0: 0x80008d18 (0x32266293) ori     t0, a2, 802
core   0: 3 0x80008d18 (0x32266293) x 5 0xffffd72a
core   0: 0x80008d1c (0x00b6d093) srli    ra, a3, 11
core   0: 3 0x80008d1c (0x00b6d093) x 1 0x001ffffc
core   0: 0x80008d20 (0x0074f5b3) and     a1, s1, t2
core   0: 3 0x80008d20 (0x0074f5b3) x11 0x00001820
core   0: 0x80008d24 (0x45ba0d37) lui     s10, 0x45ba0
core   0: 3 0x80008d24 (0x45ba0d37) x26 0x45ba0000
core   0: 0x80008d28 (0x004df7b3) and     a5, s11, tp
core   0: 3 0x80008d28 (0x004df7b3) x15 0x00000400
core   0: 0x80008d2c (0x112b7093) andi    ra, s6, 274
core   0: 3 0x80008d2c (0x112b7093) x 1 0x00000000
core   0: 0x80008d30 (0x00000013) nop
core   0: 3 0x80008d30 (0x00000013)
core   0: 0x80008d34 (0x419a8433) sub     s0, s5, s9
core   0: 3 0x80008d34 (0x419a8433) x 8 0x177c5d12
core   0: 0x80008d38 (0x01ace233) or      tp, s9, s10
core   0: 3 0x80008d38 (0x01ace233) x 4 0xedbb9af7
core   0: 0x80008d3c (0x0160b9b3) sltu    s3, ra, s6
core   0: 3 0x80008d3c (0x0160b9b3) x19 0x00000001
core   0: 0x80008d40 (0x400ada93) srai    s5, s5, 0
core   0: 3 0x80008d40 (0x400ada93) x21 0xfffff809
core   0: 0x80008d44 (0x00fee733) or      a4, t4, a5
core   0: 3 0x80008d44 (0x00fee733) x14 0x00000400
core   0: 0x80008d48 (0x014bd133) srl     sp, s7, s4
core   0: 3 0x80008d48 (0x014bd133) x 2 0x00017364
core   0: 0x80008d4c (0x00000013) nop
core   0: 3 0x80008d4c (0x00000013)
core   0: 0x80008d50 (0x76ec2093) slti    ra, s8, 1902
core   0: 3 0x80008d50 (0x76ec2093) x 1 0x00000000
core   0: 0x80008d54 (0x8fac6d13) ori     s10, s8, -1798
core   0: 3 0x80008d54 (0x8fac6d13) x26 0xfffffdff
core   0: 0x80008d58 (0x00c1c233) xor     tp, gp, a2
core   0: 3 0x80008d58 (0x00c1c233) x 4 0xd6c00868
core   0: 0x80008d5c (0x00697fb3) and     t6, s2, t1
core   0: 3 0x80008d5c (0x00697fb3) x31 0x00000000
core   0: 0x80008d60 (0x40ba8433) sub     s0, s5, a1
core   0: 3 0x80008d60 (0x40ba8433) x 8 0xffffdfe9
core   0: 0x80008d64 (0x09dae913) ori     s2, s5, 157
core   0: 3 0x80008d64 (0x09dae913) x18 0xfffff89d
core   0: 0x80008d68 (0x0068cab3) xor     s5, a7, t1
core   0: 3 0x80008d68 (0x0068cab3) x21 0x80011a64
core   0: 0x80008d6c (0x009b4833) xor     a6, s6, s1
core   0: 3 0x80008d6c (0x009b4833) x16 0xfffdacc1
core   0: 0x80008d70 (0x85db5e97) auipc   t4, 0x85db5
core   0: 3 0x80008d70 (0x85db5e97) x29 0x05dbdd70
core   0: 0x80008d74 (0x40ad0f33) sub     t5, s10, a0
core   0: 3 0x80008d74 (0x40ad0f33) x30 0x464d320e
core   0: 0x80008d78 (0x01e04f33) xor     t5, zero, t5
core   0: 3 0x80008d78 (0x01e04f33) x30 0x464d320e
core   0: 0x80008d7c (0x41cb5533) sra     a0, s6, t3
core   0: 3 0x80008d7c (0x41cb5533) x10 0xe88396e1
core   0: 0x80008d80 (0x01f2c533) xor     a0, t0, t6
core   0: 3 0x80008d80 (0x01f2c533) x10 0xffffd72a
core   0: 0x80008d84 (0x0199d6b3) srl     a3, s3, s9
core   0: 3 0x80008d84 (0x0199d6b3) x13 0x00000000
core   0: 0x80008d88 (0x01b797b3) sll     a5, a5, s11
core   0: 3 0x80008d88 (0x01b797b3) x15 0x40000000
core   0: 0x80008d8c (0x0b676f13) ori     t5, a4, 182
core   0: 3 0x80008d8c (0x0b676f13) x30 0x000004b6
core   0: 0x80008d90 (0xf5628b93) addi    s7, t0, -170
core   0: 3 0x80008d90 (0xf5628b93) x23 0xffffd680
core   0: 0x80008d94 (0x0035a133) slt     sp, a1, gp
core   0: 3 0x80008d94 (0x0035a133) x 2 0x00000001
core   0: 0x80008d98 (0x0049e5b3) or      a1, s3, tp
core   0: 3 0x80008d98 (0x0049e5b3) x11 0xd6c00869
core   0: 0x80008d9c (0xf8f4c337) lui     t1, 0xf8f4c
core   0: 3 0x80008d9c (0xf8f4c337) x 6 0xf8f4c000
core   0: 0x80008da0 (0x00acd9b3) srl     s3, s9, a0
core   0: 3 0x80008da0 (0x00acd9b3) x19 0x003a20e6
core   0: 0x80008da4 (0x0093ea33) or      s4, t2, s1
core   0: 3 0x80008da4 (0x0093ea33) x20 0x977f7ee4
core   0: 0x80008da8 (0x01c76233) or      tp, a4, t3
core   0: 3 0x80008da8 (0x01c76233) x 4 0xb777f400
core   0: 0x80008dac (0x41a4dcb3) sra     s9, s1, s10
core   0: 3 0x80008dac (0x41a4dcb3) x25 0x00000000
core   0: 0x80008db0 (0xd651f197) auipc   gp, 0xd651f
core   0: 3 0x80008db0 (0xd651f197) x 3 0x56527db0
core   0: 0x80008db4 (0x7413bb93) sltiu   s7, t2, 1857
core   0: 3 0x80008db4 (0x7413bb93) x23 0x00000000
core   0: 0x80008db8 (0xa69a4093) xori    ra, s4, -1431
core   0: 3 0x80008db8 (0xa69a4093) x 1 0x6880848d
core   0: 0x80008dbc (0x98310813) addi    a6, sp, -1661
core   0: 3 0x80008dbc (0x98310813) x16 0xfffff984
core   0: 0x80008dc0 (0x009a4933) xor     s2, s4, s1
core   0: 3 0x80008dc0 (0x009a4933) x18 0x800144c4
core   0: 0x80008dc4 (0x00af5bb3) srl     s7, t5, a0
core   0: 3 0x80008dc4 (0x00af5bb3) x23 0x00000001
core   0: 0x80008dc8 (0xe309bb93) sltiu   s7, s3, -464
core   0: 3 0x80008dc8 (0xe309bb93) x23 0x00000001
core   0: 0x80008dcc (0x41a686b3) sub     a3, a3, s10
core   0: 3 0x80008dcc (0x41a686b3) x13 0x00000201
core   0: 0x80008dd0 (0x01cb75b3) and     a1, s6, t3
core   0: 3 0x80008dd0 (0x01cb75b3) x11 0xa0039000
core   0: 0x80008dd4 (0x32f8e493) ori     s1, a7, 815
core   0: 3 0x80008dd4 (0x32f8e493) x 9 0x80011f6f
core   0: 0x80008dd8 (0x413edf33) sra     t5, t4, s3
core   0: 3 0x80008dd8 (0x413edf33) x30 0x00176f75
core   0: 0x80008ddc (0x003b0033) add     zero, s6, gp
core   0: 3 0x80008ddc (0x003b0033)
core   0: 0x80008de0 (0x00ee1c93) slli    s9, t3, 14
core   0: 3 0x80008de0 (0x00ee1c93) x25 0xfc000000
core   0: 0x80008de4 (0x01416e33) or      t3, sp, s4
core   0: 3 0x80008de4 (0x01416e33) x28 0x977f7ee5
core   0: 0x80008de8 (0x8265b413) sltiu   s0, a1, -2010
core   0: 3 0x80008de8 (0x8265b413) x 8 0x00000001
core   0: 0x80008dec (0xd87d6e13) ori     t3, s10, -633
core   0: 3 0x80008dec (0xd87d6e13) x28 0xfffffdff
core   0: 0x80008df0 (0xd9373093) sltiu   ra, a4, -621
core   0: 3 0x80008df0 (0xd9373093) x 1 0x00000001
core   0: 0x80008df4 (0xbc257593) andi    a1, a0, -1086
core   0: 3 0x80008df4 (0xbc257593) x11 0xffffd302
core   0: 0x80008df8 (0x01f7b733) sltu    a4, a5, t6
core   0: 3 0x80008df8 (0x01f7b733) x14 0x00000000
core   0: 0x80008dfc (0x0023fbb3) and     s7, t2, sp
core   0: 3 0x80008dfc (0x0023fbb3) x23 0x00000000
core   0: 0x80008e00 (0x01a7dc13) srli    s8, a5, 26
core   0: 3 0x80008e00 (0x01a7dc13) x24 0x00000010
core   0: 0x80008e04 (0x834f4293) xori    t0, t5, -1996
core   0: 3 0x80008e04 (0x834f4293) x 5 0xffe89741
core   0: 0x80008e08 (0x0192e2b3) or      t0, t0, s9
core   0: 3 0x80008e08 (0x0192e2b3) x 5 0xffe89741
core   0: 0x80008e0c (0xcab3b197) auipc   gp, 0xcab3b
core   0: 3 0x80008e0c (0xcab3b197) x 3 0x4ab43e0c
core   0: 0x80008e10 (0x408bd513) srai    a0, s7, 8
core   0: 3 0x80008e10 (0x408bd513) x10 0x00000000
core   0: 0x80008e14 (0x31f61237) lui     tp, 0x31f61
core   0: 3 0x80008e14 (0x31f61237) x 4 0x31f61000
core   0: 0x80008e18 (0x8a3fc113) xori    sp, t6, -1885
core   0: 3 0x80008e18 (0x8a3fc113) x 2 0xfffff8a3
core   0: 0x80008e1c (0x00000013) nop
core   0: 3 0x80008e1c (0x00000013)
core   0: 0x80008e20 (0xfb44b293) sltiu   t0, s1, -76
core   0: 3 0x80008e20 (0xfb44b293) x 5 0x00000001
core   0: 0x80008e24 (0x018f9233) sll     tp, t6, s8
core   0: 3 0x80008e24 (0x018f9233) x 4 0x00000000
core   0: 0x80008e28 (0x6fff7a93) andi    s5, t5, 1791
core   0: 3 0x80008e28 (0x6fff7a93) x21 0x00000675
core   0: 0x80008e2c (0x00805233) srl     tp, zero, s0
core   0: 3 0x80008e2c (0x00805233) x 4 0x00000000
core   0: 0x80008e30 (0x007fc333) xor     t1, t6, t2
core   0: 3 0x80008e30 (0x007fc333) x 6 0x80015ce4
core   0: 0x80008e34 (0x00c01493) slli    s1, zero, 12
core   0: 3 0x80008e34 (0x00c01493) x 9 0x00000000
core   0: 0x80008e38 (0x9226eb93) ori     s7, a3, -1758
core   0: 3 0x80008e38 (0x9226eb93) x23 0xfffffb23
core   0: 0x80008e3c (0x00fa31b3) sltu    gp, s4, a5
core   0: 3 0x80008e3c (0x00fa31b3) x 3 0x00000000
core   0: 0x80008e40 (0x2aa34797) auipc   a5, 0x2aa34
core   0: 3 0x80008e40 (0x2aa34797) x15 0xaaa3ce40
core   0: 0x80008e44 (0x00ae5493) srli    s1, t3, 10
core   0: 3 0x80008e44 (0x00ae5493) x 9 0x003fffff
core   0: 0x80008e48 (0x0127d813) srli    a6, a5, 18
core   0: 3 0x80008e48 (0x0127d813) x16 0x00002aa8
core   0: 0x80008e4c (0x00dacd13) xori    s10, s5, 13
core   0: 3 0x80008e4c (0x00dacd13) x26 0x00000678
core   0: 0x80008e50 (0x00105a13) srli    s4, zero, 1
core   0: 3 0x80008e50 (0x00105a13) x20 0x00000000
core   0: 0x80008e54 (0x00971593) slli    a1, a4, 9
core   0: 3 0x80008e54 (0x00971593) x11 0x00000000
core   0: 0x80008e58 (0x74a7a413) slti    s0, a5, 1866
core   0: 3 0x80008e58 (0x74a7a413) x 8 0x00000001
core   0: 0x80008e5c (0x69833113) sltiu   sp, t1, 1688
core   0: 3 0x80008e5c (0x69833113) x 2 0x00000000
core   0: 0x80008e60 (0x00e3d633) srl     a2, t2, a4
core   0: 3 0x80008e60 (0x00e3d633) x12 0x80015ce4
core   0: 0x80008e64 (0x007d29b3) slt     s3, s10, t2
core   0: 3 0x80008e64 (0x007d29b3) x19 0x00000000
core   0: 0x80008e68 (0x417fd533) sra     a0, t6, s7
core   0: 3 0x80008e68 (0x417fd533) x10 0x00000000
core   0: 0x80008e6c (0x00666033) or      zero, a2, t1
core   0: 3 0x80008e6c (0x00666033)
core   0: 0x80008e70 (0x40d70c33) sub     s8, a4, a3
core   0: 3 0x80008e70 (0x40d70c33) x24 0xfffffdff
core   0: 0x80008e74 (0xb50e4993) xori    s3, t3, -1200
core   0: 3 0x80008e74 (0xb50e4993) x19 0x000006af
core   0: 0x80008e78 (0x41f8d913) srai    s2, a7, 31
core   0: 3 0x80008e78 (0x41f8d913) x18 0xffffffff
core   0: 0x80008e7c (0x01b85c13) srli    s8, a6, 27
core   0: 3 0x80008e7c (0x01b85c13) x24 0x00000000
core   0: 0x80008e80 (0x2f954417) auipc   s0, 0x2f954
core   0: 3 0x80008e80 (0x2f954417) x 8 0xaf95ce80
core   0: 0x80008e84 (0xce14f937) lui     s2, 0xce14f
core   0: 3 0x80008e84 (0xce14f937) x18 0xce14f000
core   0: 0x80008e88 (0x000e5bb3) srl     s7, t3, zero
core   0: 3 0x80008e88 (0x000e5bb3) x23 0xfffffdff
core   0: 0x80008e8c (0x000e9993) slli    s3, t4, 0
core   0: 3 0x80008e8c (0x000e9993) x19 0x05dbdd70
core   0: 0x80008e90 (0xb9e5f713) andi    a4, a1, -1122
core   0: 3 0x80008e90 (0xb9e5f713) x14 0x00000000
core   0: 0x80008e94 (0x007bd193) srli    gp, s7, 7
core   0: 3 0x80008e94 (0x007bd193) x 3 0x01fffffb
core   0: 0x80008e98 (0xdfa4fc97) auipc   s9, 0xdfa4f
core   0: 3 0x80008e98 (0xdfa4fc97) x25 0x5fa57e98
core   0: 0x80008e9c (0x41a0dd93) srai    s11, ra, 26
core   0: 3 0x80008e9c (0x41a0dd93) x27 0x00000000
core   0: 0x80008ea0 (0x4a3ff737) lui     a4, 0x4a3ff
core   0: 3 0x80008ea0 (0x4a3ff737) x14 0x4a3ff000
core   0: 0x80008ea4 (0x79f0c237) lui     tp, 0x79f0c
core   0: 3 0x80008ea4 (0x79f0c237) x 4 0x79f0c000
core   0: 0x80008ea8 (0xca688493) addi    s1, a7, -858
core   0: 3 0x80008ea8 (0xca688493) x 9 0x80011b0a
core   0: 0x80008eac (0x1d1de213) ori     tp, s11, 465
core   0: 3 0x80008eac (0x1d1de213) x 4 0x000001d1
core   0: 0x80008eb0 (0x4022d1b3) sra     gp, t0, sp
core   0: 3 0x80008eb0 (0x4022d1b3) x 3 0x00000001
core   0: 0x80008eb4 (0x00afe533) or      a0, t6, a0
core   0: 3 0x80008eb4 (0x00afe533) x10 0x00000000
core   0: 0x80008eb8 (0x00745493) srli    s1, s0, 7
core   0: 3 0x80008eb8 (0x00745493) x 9 0x015f2b9d
core   0: 0x80008ebc (0x019edc93) srli    s9, t4, 25
core   0: 3 0x80008ebc (0x019edc93) x25 0x00000002
core   0: 0x80008ec0 (0x7a884293) xori    t0, a6, 1960
core   0: 3 0x80008ec0 (0x7a884293) x 5 0x00002d00
core   0: 0x80008ec4 (0x00000013) nop
core   0: 3 0x80008ec4 (0x00000013)
core   0: 0x80008ec8 (0x00f7fc33) and     s8, a5, a5
core   0: 3 0x80008ec8 (0x00f7fc33) x24 0xaaa3ce40
core   0: 0x80008ecc (0x415d04b3) sub     s1, s10, s5
core   0: 3 0x80008ecc (0x415d04b3) x 9 0x00000003
core   0: 0x80008ed0 (0x00000013) nop
core   0: 3 0x80008ed0 (0x00000013)
core   0: 0x80008ed4 (0x419380b3) sub     ra, t2, s9
core   0: 3 0x80008ed4 (0x419380b3) x 1 0x80015ce2
core   0: 0x80008ed8 (0x00508233) add     tp, ra, t0
core   0: 3 0x80008ed8 (0x00508233) x 4 0x800189e2
core   0: 0x80008edc (0x00e09eb3) sll     t4, ra, a4
core   0: 3 0x80008edc (0x00e09eb3) x29 0x80015ce2
core   0: 0x80008ee0 (0x00732d33) slt     s10, t1, t2
core   0: 3 0x80008ee0 (0x00732d33) x26 0x00000000
core   0: 0x80008ee4 (0x00000013) nop
core   0: 3 0x80008ee4 (0x00000013)
core   0: 0x80008ee8 (0x00ad8e33) add     t3, s11, a0
core   0: 3 0x80008ee8 (0x00ad8e33) x28 0x00000000
core   0: 0x80008eec (0x41b65a33) sra     s4, a2, s11
core   0: 3 0x80008eec (0x41b65a33) x20 0x80015ce4
core   0: 0x80008ef0 (0x006c5633) srl     a2, s8, t1
core   0: 3 0x80008ef0 (0x006c5633) x12 0x0aaa3ce4
core   0: 0x80008ef4 (0x40e7d493) srai    s1, a5, 14
core   0: 3 0x80008ef4 (0x40e7d493) x 9 0xfffeaa8f
core   0: 0x80008ef8 (0x41555333) sra     t1, a0, s5
core   0: 3 0x80008ef8 (0x41555333) x 6 0x00000000
core   0: 0x80008efc (0x41405913) srai    s2, zero, 20
core   0: 3 0x80008efc (0x41405913) x18 0x00000000
core   0: 0x80008f00 (0x028f3d93) sltiu   s11, t5, 40
core   0: 3 0x80008f00 (0x028f3d93) x27 0x00000000
core   0: 0x80008f04 (0x50fd0093) addi    ra, s10, 1295
core   0: 3 0x80008f04 (0x50fd0093) x 1 0x0000050f
core   0: 0x80008f08 (0x7d2cea13) ori     s4, s9, 2002
core   0: 3 0x80008f08 (0x7d2cea13) x20 0x000007d2
core   0: 0x80008f0c (0x01cef2b3) and     t0, t4, t3
core   0: 3 0x80008f0c (0x01cef2b3) x 5 0x00000000
core   0: 0x80008f10 (0x00ca4333) xor     t1, s4, a2
core   0: 3 0x80008f10 (0x00ca4333) x 6 0x0aaa3b36
core   0: 0x80008f14 (0x40655333) sra     t1, a0, t1
core   0: 3 0x80008f14 (0x40655333) x 6 0x00000000
core   0: 0x80008f18 (0x40c48a33) sub     s4, s1, a2
core   0: 3 0x80008f18 (0x40c48a33) x20 0xf5546dab
core   0: 0x80008f1c (0x017da733) slt     a4, s11, s7
core   0: 3 0x80008f1c (0x017da733) x14 0x00000000
core   0: 0x80008f20 (0x004a9d33) sll     s10, s5, tp
core   0: 3 0x80008f20 (0x004a9d33) x26 0x000019d4
core   0: 0x80008f24 (0xb168c313) xori    t1, a7, -1258
core   0: 3 0x80008f24 (0xb168c313) x 6 0x7ffee572
core   0: 0x80008f28 (0x00e94433) xor     s0, s2, a4
core   0: 3 0x80008f28 (0x00e94433) x 8 0x00000000
core   0: 0x80008f2c (0x016b5fb3) srl     t6, s6, s6
core   0: 3 0x80008f2c (0x016b5fb3) x31 0x7441cb70
core   0: 0x80008f30 (0x01ff9833) sll     a6, t6, t6
core   0: 3 0x80008f30 (0x01ff9833) x16 0xcb700000
core   0: 0x80008f34 (0x92ae7913) andi    s2, t3, -1750
core   0: 3 0x80008f34 (0x92ae7913) x18 0x00000000
core   0: 0x80008f38 (0x00000013) nop
core   0: 3 0x80008f38 (0x00000013)
core   0: 0x80008f3c (0x01c8aeb3) slt     t4, a7, t3
core   0: 3 0x80008f3c (0x01c8aeb3) x29 0x00000001
core   0: 0x80008f40 (0x019ab433) sltu    s0, s5, s9
core   0: 3 0x80008f40 (0x019ab433) x 8 0x00000000
core   0: 0x80008f44 (0xe66c3493) sltiu   s1, s8, -410
core   0: 3 0x80008f44 (0xe66c3493) x 9 0x00000001
core   0: 0x80008f48 (0xd7b5a593) slti    a1, a1, -645
core   0: 3 0x80008f48 (0xd7b5a593) x11 0x00000000
core   0: 0x80008f4c (0x00ad5833) srl     a6, s10, a0
core   0: 3 0x80008f4c (0x00ad5833) x16 0x000019d4
core   0: 0x80008f50 (0x00199eb3) sll     t4, s3, ra
core   0: 3 0x80008f50 (0x00199eb3) x29 0xeeb80000
core   0: 0x80008f54 (0xc2932c93) slti    s9, t1, -983
core   0: 3 0x80008f54 (0xc2932c93) x25 0x00000000
core   0: 0x80008f58 (0x00ecdb93) srli    s7, s9, 14
core   0: 3 0x80008f58 (0x00ecdb93) x23 0x00000000
core   0: 0x80008f5c (0x01a38eb3) add     t4, t2, s10
core   0: 3 0x80008f5c (0x01a38eb3) x29 0x800176b8
core   0: 0x80008f60 (0x17824513) xori    a0, tp, 376
core   0: 3 0x80008f60 (0x17824513) x10 0x8001889a
core   0: 0x80008f64 (0x410755b3) sra     a1, a4, a6
core   0: 3 0x80008f64 (0x410755b3) x11 0x00000000
core   0: 0x80008f68 (0x00d019b3) sll     s3, zero, a3
core   0: 3 0x80008f68 (0x00d019b3) x19 0x00000000
core   0: 0x80008f6c (0x6c99a193) slti    gp, s3, 1737
core   0: 3 0x80008f6c (0x6c99a193) x 3 0x00000001
core   0: 0x80008f70 (0x40e4d913) srai    s2, s1, 14
core   0: 3 0x80008f70 (0x40e4d913) x18 0x00000000
core   0: 0x80008f74 (0x01715993) srli    s3, sp, 23
core   0: 3 0x80008f74 (0x01715993) x19 0x00000000
core   0: 0x80008f78 (0x01f5a033) slt     zero, a1, t6
core   0: 3 0x80008f78 (0x01f5a033)
core   0: 0x80008f7c (0x82453c93) sltiu   s9, a0, -2012
core   0: 3 0x80008f7c (0x82453c93) x25 0x00000001
core   0: 0x80008f80 (0x0175b0b3) sltu    ra, a1, s7
core   0: 3 0x80008f80 (0x0175b0b3) x 1 0x00000000
core   0: 0x80008f84 (0x00a9a5b3) slt     a1, s3, a0
core   0: 3 0x80008f84 (0x00a9a5b3) x11 0x00000000
core   0: 0x80008f88 (0xad193313) sltiu   t1, s2, -1327
core   0: 3 0x80008f88 (0xad193313) x 6 0x00000001
core   0: 0x80008f8c (0x6e472f93) slti    t6, a4, 1764
core   0: 3 0x80008f8c (0x6e472f93) x31 0x00000001
core   0: 0x80008f90 (0x2f980f37) lui     t5, 0x2f980
core   0: 3 0x80008f90 (0x2f980f37) x30 0x2f980000
core   0: 0x80008f94 (0x41a9d693) srai    a3, s3, 26
core   0: 3 0x80008f94 (0x41a9d693) x13 0x00000000
core   0: 0x80008f98 (0x017c5613) srli    a2, s8, 23
core   0: 3 0x80008f98 (0x017c5613) x12 0x00000155
core   0: 0x80008f9c (0x40c25813) srai    a6, tp, 12
core   0: 3 0x80008f9c (0x40c25813) x16 0xfff80018
core   0: 0x80008fa0 (0x01b29493) slli    s1, t0, 27
core   0: 3 0x80008fa0 (0x01b29493) x 9 0x00000000
core   0: 0x80008fa4 (0x0107eeb3) or      t4, a5, a6
core   0: 3 0x80008fa4 (0x0107eeb3) x29 0xfffbce58
core   0: 0x80008fa8 (0x013860b3) or      ra, a6, s3
core   0: 3 0x80008fa8 (0x013860b3) x 1 0xfff80018
core   0: 0x80008fac (0x411a5933) sra     s2, s4, a7
core   0: 3 0x80008fac (0x411a5933) x18 0xff5546da
core   0: 0x80008fb0 (0x00b44333) xor     t1, s0, a1
core   0: 3 0x80008fb0 (0x00b44333) x 6 0x00000000
core   0: 0x80008fb4 (0x415dd693) srai    a3, s11, 21
core   0: 3 0x80008fb4 (0x415dd693) x13 0x00000000
core   0: 0x80008fb8 (0xa0ac2713) slti    a4, s8, -1526
core   0: 3 0x80008fb8 (0xa0ac2713) x14 0x00000001
core   0: 0x80008fbc (0x48e64993) xori    s3, a2, 1166
core   0: 3 0x80008fbc (0x48e64993) x19 0x000005db
core   0: 0x80008fc0 (0x41265813) srai    a6, a2, 18
core   0: 3 0x80008fc0 (0x41265813) x16 0x00000000
core   0: 0x80008fc4 (0xc7988f93) addi    t6, a7, -903
core   0: 3 0x80008fc4 (0xc7988f93) x31 0x80011add
core   0: 0x80008fc8 (0x13f9f493) andi    s1, s3, 319
core   0: 3 0x80008fc8 (0x13f9f493) x 9 0x0000011b
core   0: 0x80008fcc (0x00646e33) or      t3, s0, t1
core   0: 3 0x80008fcc (0x00646e33) x28 0x00000000
core   0: 0x80008fd0 (0x00c78e33) add     t3, a5, a2
core   0: 3 0x80008fd0 (0x00c78e33) x28 0xaaa3cf95
core   0: 0x80008fd4 (0x40105e13) srai    t3, zero, 1
core   0: 3 0x80008fd4 (0x40105e13) x28 0x00000000
core   0: 0x80008fd8 (0x1e536e13) ori     t3, t1, 485
core   0: 3 0x80008fd8 (0x1e536e13) x28 0x000001e5
core   0: 0x80008fdc (0xc2b02137) lui     sp, 0xc2b02
core   0: 3 0x80008fdc (0xc2b02137) x 2 0xc2b02000
core   0: 0x80008fe0 (0x0000d313) srli    t1, ra, 0
core   0: 3 0x80008fe0 (0x0000d313) x 6 0xfff80018
core   0: 0x80008fe4 (0x00000013) nop
core   0: 3 0x80008fe4 (0x00000013)
core   0: 0x80008fe8 (0x43fa6097) auipc   ra, 0x43fa6
core   0: 3 0x80008fe8 (0x43fa6097) x 1 0xc3faefe8
core   0: 0x80008fec (0x06dc3f13) sltiu   t5, s8, 109
core   0: 3 0x80008fec (0x06dc3f13) x30 0x00000000
core   0: 0x80008ff0 (0x01dc25b3) slt     a1, s8, t4
core   0: 3 0x80008ff0 (0x01dc25b3) x11 0x00000001
core   0: 0x80008ff4 (0xedf22313) slti    t1, tp, -289
core   0: 3 0x80008ff4 (0xedf22313) x 6 0x00000001
core   0: 0x80008ff8 (0x01aad993) srli    s3, s5, 26
core   0: 3 0x80008ff8 (0x01aad993) x19 0x00000000
core   0: 0x80008ffc (0x00009813) slli    a6, ra, 0
core   0: 3 0x80008ffc (0x00009813) x16 0xc3faefe8
core   0: 0x80009000 (0x00265693) srli    a3, a2, 2
core   0: 3 0x80009000 (0x00265693) x13 0x00000055
core   0: 0x80009004 (0x015efeb3) and     t4, t4, s5
core   0: 3 0x80009004 (0x015efeb3) x29 0x00000650
core   0: 0x80009008 (0x406d0c33) sub     s8, s10, t1
core   0: 3 0x80009008 (0x406d0c33) x24 0x000019d3
core   0: 0x8000900c (0x006a8933) add     s2, s5, t1
core   0: 3 0x8000900c (0x006a8933) x18 0x00000676
core   0: 0x80009010 (0x6461f113) andi    sp, gp, 1606
core   0: 3 0x80009010 (0x6461f113) x 2 0x00000000
core   0: 0x80009014 (0x003036b3) snez    a3, gp
core   0: 3 0x80009014 (0x003036b3) x13 0x00000001
core   0: 0x80009018 (0x40add633) sra     a2, s11, a0
core   0: 3 0x80009018 (0x40add633) x12 0x00000000
core   0: 0x8000901c (0x41b157b3) sra     a5, sp, s11
core   0: 3 0x8000901c (0x41b157b3) x15 0x00000000
core   0: 0x80009020 (0x00546cb3) or      s9, s0, t0
core   0: 3 0x80009020 (0x00546cb3) x25 0x00000000
core   0: 0x80009024 (0x41aa5e13) srai    t3, s4, 26
core   0: 3 0x80009024 (0x41aa5e13) x28 0xfffffffd
core   0: 0x80009028 (0x0154f933) and     s2, s1, s5
core   0: 3 0x80009028 (0x0154f933) x18 0x00000011
core   0: 0x8000902c (0x53bbfc13) andi    s8, s7, 1339
core   0: 3 0x8000902c (0x53bbfc13) x24 0x00000000
core   0: 0x80009030 (0x0018cf33) xor     t5, a7, ra
core   0: 3 0x80009030 (0x0018cf33) x30 0x43fbf18c
core   0: 0x80009034 (0x410cdb93) srai    s7, s9, 16
core   0: 3 0x80009034 (0x410cdb93) x23 0x00000000
core   0: 0x80009038 (0xd0724513) xori    a0, tp, -761
core   0: 3 0x80009038 (0xd0724513) x10 0x7ffe74e5
core   0: 0x8000903c (0x00473a33) sltu    s4, a4, tp
core   0: 3 0x8000903c (0x00473a33) x20 0x00000001
core   0: 0x80009040 (0x010f4e33) xor     t3, t5, a6
core   0: 3 0x80009040 (0x010f4e33) x28 0x80011e64
core   0: 0x80009044 (0x4151ddb3) sra     s11, gp, s5
core   0: 3 0x80009044 (0x4151ddb3) x27 0x00000000
core   0: 0x80009048 (0x0e8baf37) lui     t5, 0xe8ba
core   0: 3 0x80009048 (0x0e8baf37) x30 0x0e8ba000
core   0: 0x8000904c (0x002312b3) sll     t0, t1, sp
core   0: 3 0x8000904c (0x002312b3) x 5 0x00000001
core   0: 0x80009050 (0x016a9013) slli    zero, s5, 22
core   0: 3 0x80009050 (0x016a9013)
core   0: 0x80009054 (0x5af77813) andi    a6, a4, 1455
core   0: 3 0x80009054 (0x5af77813) x16 0x00000001
core   0: 0x80009058 (0x01eea533) slt     a0, t4, t5
core   0: 3 0x80009058 (0x01eea533) x10 0x00000001
core   0: 0x8000905c (0x00aae5b3) or      a1, s5, a0
core   0: 3 0x8000905c (0x00aae5b3) x11 0x00000675
core   0: 0x80009060 (0x0e1cbf13) sltiu   t5, s9, 225
core   0: 3 0x80009060 (0x0e1cbf13) x30 0x00000001
core   0: 0x80009064 (0x0167d013) srli    zero, a5, 22
core   0: 3 0x80009064 (0x0167d013)
core   0: 0x80009068 (0x00a19d13) slli    s10, gp, 10
core   0: 3 0x80009068 (0x00a19d13) x26 0x00000400
core   0: 0x8000906c (0x9c814197) auipc   gp, 0x9c814
core   0: 3 0x8000906c (0x9c814197) x 3 0x1c81d06c
core   0: 0x80009070 (0x4054d2b3) sra     t0, s1, t0
core   0: 3 0x80009070 (0x4054d2b3) x 5 0x0000008d
core   0: 0x80009074 (0x4c3de813) ori     a6, s11, 1219
core   0: 3 0x80009074 (0x4c3de813) x16 0x000004c3
core   0: 0x80009078 (0x01cb1f93) slli    t6, s6, 28
core   0: 3 0x80009078 (0x01cb1f93) x31 0x10000000
core   0: 0x8000907c (0x4004dbb3) sra     s7, s1, zero
core   0: 3 0x8000907c (0x4004dbb3) x23 0x0000011b
core   0: 0x80009080 (0x01fcca13) xori    s4, s9, 31
core   0: 3 0x80009080 (0x01fcca13) x20 0x0000001f
core   0: 0x80009084 (0x00c75093) srli    ra, a4, 12
core   0: 3 0x80009084 (0x00c75093) x 1 0x00000000
core   0: 0x80009088 (0xd195eb93) ori     s7, a1, -743
core   0: 3 0x80009088 (0xd195eb93) x23 0xffffff7d
core   0: 0x8000908c (0x40c4d993) srai    s3, s1, 12
core   0: 3 0x8000908c (0x40c4d993) x19 0x00000000
core   0: 0x80009090 (0xf22b0c93) addi    s9, s6, -222
core   0: 3 0x80009090 (0xf22b0c93) x25 0xe8839603
core   0: 0x80009094 (0xed9afc13) andi    s8, s5, -295
core   0: 3 0x80009094 (0xed9afc13) x24 0x00000651
core   0: 0x80009098 (0x0018d513) srli    a0, a7, 1
core   0: 3 0x80009098 (0x0018d513) x10 0x40008f32
core   0: 0x8000909c (0x00e75533) srl     a0, a4, a4
core   0: 3 0x8000909c (0x00e75533) x10 0x00000000
core   0: 0x800090a0 (0xd93bb513) sltiu   a0, s7, -621
core   0: 3 0x800090a0 (0xd93bb513) x10 0x00000000
core   0: 0x800090a4 (0x00000013) nop
core   0: 3 0x800090a4 (0x00000013)
core   0: 0x800090a8 (0x00985eb3) srl     t4, a6, s1
core   0: 3 0x800090a8 (0x00985eb3) x29 0x00000000
core   0: 0x800090ac (0x01e7a2b3) slt     t0, a5, t5
core   0: 3 0x800090ac (0x01e7a2b3) x 5 0x00000001
core   0: 0x800090b0 (0xa55d3e13) sltiu   t3, s10, -1451
core   0: 3 0x800090b0 (0xa55d3e13) x28 0x00000001
core   0: 0x800090b4 (0x00000013) nop
core   0: 3 0x800090b4 (0x00000013)
core   0: 0x800090b8 (0x413009b3) sub     s3, zero, s3
core   0: 3 0x800090b8 (0x413009b3) x19 0x00000000
core   0: 0x800090bc (0x00743833) sltu    a6, s0, t2
core   0: 3 0x800090bc (0x00743833) x16 0x00000001
core   0: 0x800090c0 (0x01338933) add     s2, t2, s3
core   0: 3 0x800090c0 (0x01338933) x18 0x80015ce4
core   0: 0x800090c4 (0x0106e7b3) or      a5, a3, a6
core   0: 3 0x800090c4 (0x0106e7b3) x15 0x00000001
core   0: 0x800090c8 (0xe27a4093) xori    ra, s4, -473
core   0: 3 0x800090c8 (0xe27a4093) x 1 0xfffffe38
core   0: 0x800090cc (0x01867db3) and     s11, a2, s8
core   0: 3 0x800090cc (0x01867db3) x27 0x00000000
core   0: 0x800090d0 (0x1942ae13) slti    t3, t0, 404
core   0: 3 0x800090d0 (0x1942ae13) x28 0x00000001
core   0: 0x800090d4 (0x012d37b3) sltu    a5, s10, s2
core   0: 3 0x800090d4 (0x012d37b3) x15 0x00000001
core   0: 0x800090d8 (0x008ae233) or      tp, s5, s0
core   0: 3 0x800090d8 (0x008ae233) x 4 0x00000675
core   0: 0x800090dc (0x007294b3) sll     s1, t0, t2
core   0: 3 0x800090dc (0x007294b3) x 9 0x00000010
core   0: 0x800090e0 (0x0061d313) srli    t1, gp, 6
core   0: 3 0x800090e0 (0x0061d313) x 6 0x00720741
core   0: 0x800090e4 (0x014a5a33) srl     s4, s4, s4
core   0: 3 0x800090e4 (0x014a5a33) x20 0x00000000
core   0: 0x800090e8 (0x00000013) nop
core   0: 3 0x800090e8 (0x00000013)
core   0: 0x800090ec (0x7274aa93) slti    s5, s1, 1831
core   0: 3 0x800090ec (0x7274aa93) x21 0x00000001
core   0: 0x800090f0 (0x00c186b3) add     a3, gp, a2
core   0: 3 0x800090f0 (0x00c186b3) x13 0x1c81d06c
core   0: 0x800090f4 (0x9783b417) auipc   s0, 0x9783b
core   0: 3 0x800090f4 (0x9783b417) x 8 0x178440f4
core   0: 0x800090f8 (0xfdbc7913) andi    s2, s8, -37
core   0: 3 0x800090f8 (0xfdbc7913) x18 0x00000651
core   0: 0x800090fc (0x010c9793) slli    a5, s9, 16
core   0: 3 0x800090fc (0x010c9793) x15 0x96030000
core   0: 0x80009100 (0x018fadb3) slt     s11, t6, s8
core   0: 3 0x80009100 (0x018fadb3) x27 0x00000000
core   0: 0x80009104 (0x68c4f593) andi    a1, s1, 1676
core   0: 3 0x80009104 (0x68c4f593) x11 0x00000000
core   0: 0x80009108 (0x01c51eb3) sll     t4, a0, t3
core   0: 3 0x80009108 (0x01c51eb3) x29 0x00000000
core   0: 0x8000910c (0x11c2ef17) auipc   t5, 0x11c2e
core   0: 3 0x8000910c (0x11c2ef17) x30 0x91c3710c
core   0: 0x80009110 (0xd34a4a17) auipc   s4, 0xd34a4
core   0: 3 0x80009110 (0xd34a4a17) x20 0x534ad110
core   0: 0x80009114 (0x0097bc33) sltu    s8, a5, s1
core   0: 3 0x80009114 (0x0097bc33) x24 0x00000000
core   0: 0x80009118 (0x00000013) nop
core   0: 3 0x80009118 (0x00000013)
core   0: 0x8000911c (0x26d09137) lui     sp, 0x26d09
core   0: 3 0x8000911c (0x26d09137) x 2 0x26d09000
core   0: 0x80009120 (0x406a0633) sub     a2, s4, t1
core   0: 3 0x80009120 (0x406a0633) x12 0x52d8c9cf
core   0: 0x80009124 (0x008f9f33) sll     t5, t6, s0
core   0: 3 0x80009124 (0x008f9f33) x30 0x00000000
core   0: 0x80009128 (0x00fee913) ori     s2, t4, 15
core   0: 3 0x80009128 (0x00fee913) x18 0x0000000f
core   0: 0x8000912c (0x40775333) sra     t1, a4, t2
core   0: 3 0x8000912c (0x40775333) x 6 0x00000000
core   0: 0x80009130 (0x0031feb3) and     t4, gp, gp
core   0: 3 0x80009130 (0x0031feb3) x29 0x1c81d06c
core   0: 0x80009134 (0x0029fa33) and     s4, s3, sp
core   0: 3 0x80009134 (0x0029fa33) x20 0x00000000
core   0: 0x80009138 (0x21eca313) slti    t1, s9, 542
core   0: 3 0x80009138 (0x21eca313) x 6 0x00000001
core   0: 0x8000913c (0x01145433) srl     s0, s0, a7
core   0: 3 0x8000913c (0x01145433) x 8 0x0178440f
core   0: 0x80009140 (0x01e89993) slli    s3, a7, 30
core   0: 3 0x80009140 (0x01e89993) x19 0x00000000
core   0: 0x80009144 (0x01d61c13) slli    s8, a2, 29
core   0: 3 0x80009144 (0x01d61c13) x24 0xe0000000
core   0: 0x80009148 (0x00573833) sltu    a6, a4, t0
core   0: 3 0x80009148 (0x00573833) x16 0x00000000
core   0: 0x8000914c (0x37773093) sltiu   ra, a4, 887
core   0: 3 0x8000914c (0x37773093) x 1 0x00000001
core   0: 0x80009150 (0x007fdf33) srl     t5, t6, t2
core   0: 3 0x80009150 (0x007fdf33) x30 0x01000000
core   0: 0x80009154 (0x20143713) sltiu   a4, s0, 513
core   0: 3 0x80009154 (0x20143713) x14 0x00000000
core   0: 0x80009158 (0x0024ef33) or      t5, s1, sp
core   0: 3 0x80009158 (0x0024ef33) x30 0x26d09010
core   0: 0x8000915c (0x4037d013) srai    zero, a5, 3
core   0: 3 0x8000915c (0x4037d013)
core   0: 0x80009160 (0x00c65db3) srl     s11, a2, a2
core   0: 3 0x80009160 (0x00c65db3) x27 0x0000a5b1
core   0: 0x80009164 (0x0be0fc13) andi    s8, ra, 190
core   0: 3 0x80009164 (0x0be0fc13) x24 0x00000000
core   0: 0x80009168 (0x41305d33) sra     s10, zero, s3
core   0: 3 0x80009168 (0x41305d33) x26 0x00000000
core   0: 0x8000916c (0x41c78ab3) sub     s5, a5, t3
core   0: 3 0x8000916c (0x41c78ab3) x21 0x9602ffff
core   0: 0x80009170 (0x88fde913) ori     s2, s11, -1905
core   0: 3 0x80009170 (0x88fde913) x18 0xfffffdbf
core   0: 0x80009174 (0x2d706d13) ori     s10, zero, 727
core   0: 3 0x80009174 (0x2d706d13) x26 0x000002d7
core   0: 0x80009178 (0x41675193) srai    gp, a4, 22
core   0: 3 0x80009178 (0x41675193) x 3 0x00000000
core   0: 0x8000917c (0x73b97a93) andi    s5, s2, 1851
core   0: 3 0x8000917c (0x73b97a93) x21 0x0000053b
core   0: 0x80009180 (0x2a147793) andi    a5, s0, 673
core   0: 3 0x80009180 (0x2a147793) x15 0x00000001
core   0: 0x80009184 (0x00000013) nop
core   0: 3 0x80009184 (0x00000013)
core   0: 0x80009188 (0xaa33e913) ori     s2, t2, -1373
core   0: 3 0x80009188 (0xaa33e913) x18 0xfffffee7
core   0: 0x8000918c (0x00f5f533) and     a0, a1, a5
core   0: 3 0x8000918c (0x00f5f533) x10 0x00000000
core   0: 0x80009190 (0x019f6f33) or      t5, t5, s9
core   0: 3 0x80009190 (0x019f6f33) x30 0xeed39613
core   0: 0x80009194 (0x0166df13) srli    t5, a3, 22
core   0: 3 0x80009194 (0x0166df13) x30 0x00000072
core   0: 0x80009198 (0x413d80b3) sub     ra, s11, s3
core   0: 3 0x80009198 (0x413d80b3) x 1 0x0000a5b1
core   0: 0x8000919c (0x002ed713) srli    a4, t4, 2
core   0: 3 0x8000919c (0x002ed713) x14 0x0720741b
core   0: 0x800091a0 (0x004c1cb3) sll     s9, s8, tp
core   0: 3 0x800091a0 (0x004c1cb3) x25 0x00000000
core   0: 0x800091a4 (0x685ba593) slti    a1, s7, 1669
core   0: 3 0x800091a4 (0x685ba593) x11 0x00000001
core   0: 0x800091a8 (0x014164b3) or      s1, sp, s4
core   0: 3 0x800091a8 (0x014164b3) x 9 0x26d09000
core   0: 0x800091ac (0x89158e37) lui     t3, 0x89158
core   0: 3 0x800091ac (0x89158e37) x28 0x89158000
core   0: 0x800091b0 (0x01ed61b3) or      gp, s10, t5
core   0: 3 0x800091b0 (0x01ed61b3) x 3 0x000002f7
core   0: 0x800091b4 (0x41ee5733) sra     a4, t3, t5
core   0: 3 0x800091b4 (0x41ee5733) x14 0xffffe245
core   0: 0x800091b8 (0x8e251697) auipc   a3, 0x8e251
core   0: 3 0x800091b8 (0x8e251697) x13 0x0e25a1b8
core   0: 0x800091bc (0x003012b3) sll     t0, zero, gp
core   0: 3 0x800091bc (0x003012b3) x 5 0x00000000
core   0: 0x800091c0 (0xa8c7abb7) lui     s7, 0xa8c7a
core   0: 3 0x800091c0 (0xa8c7abb7) x23 0xa8c7a000
core   0: 0x800091c4 (0xf4214337) lui     t1, 0xf4214
core   0: 3 0x800091c4 (0xf4214337) x 6 0xf4214000
core   0: 0x800091c8 (0xc51e4d93) xori    s11, t3, -943
core   0: 3 0x800091c8 (0xc51e4d93) x27 0x76ea7c51
core   0: 0x800091cc (0x01b7be33) sltu    t3, a5, s11
core   0: 3 0x800091cc (0x01b7be33) x28 0x00000001
core   0: 0x800091d0 (0x80000537) lui     a0, 0x80000
core   0: 3 0x800091d0 (0x80000537) x10 0x80000000
core   0: 0x800091d4 (0x00000a93) li      s5, 0
core   0: 3 0x800091d4 (0x00000a93) x21 0x00000000
core   0: 0x800091d8 (0x00000293) li      t0, 0
core   0: 3 0x800091d8 (0x00000293) x 5 0x00000000
core   0: 0x800091dc (0xfff00d13) li      s10, -1
core   0: 3 0x800091dc (0xfff00d13) x26 0xffffffff
core   0: 0x800091e0 (0x077f26b7) lui     a3, 0x77f2
core   0: 3 0x800091e0 (0x077f26b7) x13 0x077f2000
core   0: 0x800091e4 (0xa7b68693) addi    a3, a3, -1413
core   0: 3 0x800091e4 (0xa7b68693) x13 0x077f1a7b
core   0: 0x800091e8 (0x00000793) li      a5, 0
core   0: 3 0x800091e8 (0x00000793) x15 0x00000000
core   0: 0x800091ec (0x80000237) lui     tp, 0x80000
core   0: 3 0x800091ec (0x80000237) x 4 0x80000000
core   0: 0x800091f0 (0x00000193) li      gp, 0
core   0: 3 0x800091f0 (0x00000193) x 3 0x00000000
core   0: 0x800091f4 (0x00000593) li      a1, 0
core   0: 3 0x800091f4 (0x00000593) x11 0x00000000
core   0: 0x800091f8 (0x00000a13) li      s4, 0
core   0: 3 0x800091f8 (0x00000a13) x20 0x00000000
core   0: 0x800091fc (0x00000013) nop
core   0: 3 0x800091fc (0x00000013)
core   0: 0x80009200 (0x40a78ab3) sub     s5, a5, a0
core   0: 3 0x80009200 (0x40a78ab3) x21 0x80000000
core   0: 0x80009204 (0x00000013) nop
core   0: 3 0x80009204 (0x00000013)
core   0: 0x80009208 (0x540a8193) addi    gp, s5, 1344
core   0: 3 0x80009208 (0x540a8193) x 3 0x80000540
core   0: 0x8000920c (0x01a185b3) add     a1, gp, s10
core   0: 3 0x8000920c (0x01a185b3) x11 0x8000053f
core   0: 0x80009210 (0x00000013) nop
core   0: 3 0x80009210 (0x00000013)
core   0: 0x80009214 (0x40f581b3) sub     gp, a1, a5
core   0: 3 0x80009214 (0x40f581b3) x 3 0x8000053f
core   0: 0x80009218 (0x6d336517) auipc   a0, 0x6d336
core   0: 3 0x80009218 (0x6d336517) x10 0xed33f218
core   0: 0x8000921c (0x015187b3) add     a5, gp, s5
core   0: 3 0x8000921c (0x015187b3) x15 0x0000053f
core   0: 0x80009220 (0x014d0a33) add     s4, s10, s4
core   0: 3 0x80009220 (0x014d0a33) x20 0xffffffff
core   0: 0x80009224 (0xfcb18193) addi    gp, gp, -53
core   0: 3 0x80009224 (0xfcb18193) x 3 0x8000050a
core   0: 0x80009228 (0x00f786b3) add     a3, a5, a5
core   0: 3 0x80009228 (0x00f786b3) x13 0x00000a7e
core   0: 0x8000922c (0x301d9a97) auipc   s5, 0x301d9
core   0: 3 0x8000922c (0x301d9a97) x21 0xb01e222c
core   0: 0x80009230 (0x5a879237) lui     tp, 0x5a879
core   0: 3 0x80009230 (0x5a879237) x 4 0x5a879000
core   0: 0x80009234 (0x00d281b3) add     gp, t0, a3
core   0: 3 0x80009234 (0x00d281b3) x 3 0x00000a7e
core   0: 0x80009238 (0x40b207b3) sub     a5, tp, a1
core   0: 3 0x80009238 (0x40b207b3) x15 0xda878ac1
core   0: 0x8000923c (0x00afc5b3) xor     a1, t6, a0
core   0: 3 0x8000923c (0x00afc5b3) x11 0xfd33f218
core   0: 0x80009240 (0x01090433) add     s0, s2, a6
core   0: 3 0x80009240 (0x01090433) x 8 0xfffffee7
core   0: 0x80009244 (0xc5d44793) xori    a5, s0, -931
core   0: 3 0x80009244 (0xc5d44793) x15 0x000002ba
core   0: 0x80009248 (0x012ae633) or      a2, s5, s2
core   0: 3 0x80009248 (0x012ae633) x12 0xfffffeef
core   0: 0x8000924c (0x00348a33) add     s4, s1, gp
core   0: 3 0x8000924c (0x00348a33) x20 0x26d09a7e
core   0: 0x80009250 (0x69b6f413) andi    s0, a3, 1691
core   0: 3 0x80009250 (0x69b6f413) x 8 0x0000021a
core   0: 0x80009254 (0x00a5f833) and     a6, a1, a0
core   0: 3 0x80009254 (0x00a5f833) x16 0xed33f218
core   0: 0x80009258 (0x00f41fb3) sll     t6, s0, a5
core   0: 3 0x80009258 (0x00f41fb3) x31 0x68000000
core   0: 0x8000925c (0x00cff933) and     s2, t6, a2
core   0: 3 0x8000925c (0x00cff933) x18 0x68000000
core   0: 0x80009260 (0x5681a093) slti    ra, gp, 1384
core   0: 3 0x80009260 (0x5681a093) x 1 0x00000000
core   0: 0x80009264 (0x40aed493) srai    s1, t4, 10
core   0: 3 0x80009264 (0x40aed493) x 9 0x00072074
core   0: 0x80009268 (0xbb348313) addi    t1, s1, -1101
core   0: 3 0x80009268 (0xbb348313) x 6 0x00071c27
core   0: 0x8000926c (0x01298e33) add     t3, s3, s2
core   0: 3 0x8000926c (0x01298e33) x28 0x68000000
core   0: 0x80009270 (0x9cf34a13) xori    s4, t1, -1585
core   0: 3 0x80009270 (0x9cf34a13) x20 0xfff8e5e8
core   0: 0x80009274 (0x01ee5633) srl     a2, t3, t5
core   0: 3 0x80009274 (0x01ee5633) x12 0x00001a00
core   0: 0x80009278 (0x00515033) srl     zero, sp, t0
core   0: 3 0x80009278 (0x00515033)
core   0: 0x8000927c (0x00631313) slli    t1, t1, 6
core   0: 3 0x8000927c (0x00631313) x 6 0x01c709c0
core   0: 0x80009280 (0xc9898d13) addi    s10, s3, -872
core   0: 3 0x80009280 (0xc9898d13) x26 0xfffffc98
core   0: 0x80009284 (0x01564533) xor     a0, a2, s5
core   0: 3 0x80009284 (0x01564533) x10 0xb01e382c
core   0: 0x80009288 (0x41750d33) sub     s10, a0, s7
core   0: 3 0x80009288 (0x41750d33) x26 0x0756982c
core   0: 0x8000928c (0x00c91f93) slli    t6, s2, 12
core   0: 3 0x8000928c (0x00c91f93) x31 0x00000000
core   0: 0x80009290 (0x005360b3) or      ra, t1, t0
core   0: 3 0x80009290 (0x005360b3) x 1 0x01c709c0
core   0: 0x80009294 (0xe5fbe513) ori     a0, s7, -417
core   0: 3 0x80009294 (0xe5fbe513) x10 0xfffffe5f
core   0: 0x80009298 (0x408b8733) sub     a4, s7, s0
core   0: 3 0x80009298 (0x408b8733) x14 0xa8c79de6
core   0: 0x8000929c (0xcc892c93) slti    s9, s2, -824
core   0: 3 0x8000929c (0xcc892c93) x25 0x00000000
core   0: 0x800092a0 (0x004a24b3) slt     s1, s4, tp
core   0: 3 0x800092a0 (0x004a24b3) x 9 0x00000001
core   0: 0x800092a4 (0x01bf1a93) slli    s5, t5, 27
core   0: 3 0x800092a4 (0x01bf1a93) x21 0x90000000
core   0: 0x800092a8 (0x40a85a33) sra     s4, a6, a0
core   0: 3 0x800092a8 (0x40a85a33) x20 0xffffffff
core   0: 0x800092ac (0x00ac9233) sll     tp, s9, a0
core   0: 3 0x800092ac (0x00ac9233) x 4 0x00000000
core   0: 0x800092b0 (0x0086c833) xor     a6, a3, s0
core   0: 3 0x800092b0 (0x0086c833) x16 0x00000864
core   0: 0x800092b4 (0x41e3dc93) srai    s9, t2, 30
core   0: 3 0x800092b4 (0x41e3dc93) x25 0xfffffffe
core   0: 0x800092b8 (0x110d4c93) xori    s9, s10, 272
core   0: 3 0x800092b8 (0x110d4c93) x25 0x0756993c
core   0: 0x800092bc (0x013edeb3) srl     t4, t4, s3
core   0: 3 0x800092bc (0x013edeb3) x29 0x1c81d06c
core   0: 0x800092c0 (0x0016eab3) or      s5, a3, ra
core   0: 3 0x800092c0 (0x0016eab3) x21 0x01c70bfe
core   0: 0x800092c4 (0xf753f013) andi    zero, t2, -139
core   0: 3 0x800092c4 (0xf753f013)
core   0: 0x800092c8 (0x01e90fb3) add     t6, s2, t5
core   0: 3 0x800092c8 (0x01e90fb3) x31 0x68000072
core   0: 0x800092cc (0x320e4517) auipc   a0, 0x320e4
core   0: 3 0x800092cc (0x320e4517) x10 0xb20ed2cc
core   0: 0x800092d0 (0x01c8b9b3) sltu    s3, a7, t3
core   0: 3 0x800092d0 (0x01c8b9b3) x19 0x00000000
core   0: 0x800092d4 (0x002fa2b3) slt     t0, t6, sp
core   0: 3 0x800092d4 (0x002fa2b3) x 5 0x00000000
core   0: 0x800092d8 (0x010ad833) srl     a6, s5, a6
core   0: 3 0x800092d8 (0x010ad833) x16 0x001c70bf
core   0: 0x800092dc (0x0096cdb3) xor     s11, a3, s1
core   0: 3 0x800092dc (0x0096cdb3) x27 0x00000a7f
core   0: 0x800092e0 (0x00411f33) sll     t5, sp, tp
core   0: 3 0x800092e0 (0x00411f33) x30 0x26d09000
core   0: 0x800092e4 (0xf27d6e93) ori     t4, s10, -217
core   0: 3 0x800092e4 (0xf27d6e93) x29 0xffffff2f
core   0: 0x800092e8 (0x40655233) sra     tp, a0, t1
core   0: 3 0x800092e8 (0x40655233) x 4 0xb20ed2cc
core   0: 0x800092ec (0x00f8f5b3) and     a1, a7, a5
core   0: 3 0x800092ec (0x00f8f5b3) x11 0x00000220
core   0: 0x800092f0 (0x013f6933) or      s2, t5, s3
core   0: 3 0x800092f0 (0x013f6933) x18 0x26d09000
core   0: 0x800092f4 (0x7c1ea493) slti    s1, t4, 1985
core   0: 3 0x800092f4 (0x7c1ea493) x 9 0x00000001
core   0: 0x800092f8 (0x41cf0bb3) sub     s7, t5, t3
core   0: 3 0x800092f8 (0x41cf0bb3) x23 0xbed09000
core   0: 0x800092fc (0x00e230b3) sltu    ra, tp, a4
core   0: 3 0x800092fc (0x00e230b3) x 1 0x00000000
core   0: 0x80009300 (0x40b68d33) sub     s10, a3, a1
core   0: 3 0x80009300 (0x40b68d33) x26 0x0000085e
core   0: 0x80009304 (0x00e5b733) sltu    a4, a1, a4
core   0: 3 0x80009304 (0x00e5b733) x14 0x00000001
core   0: 0x80009308 (0x00633833) sltu    a6, t1, t1
core   0: 3 0x80009308 (0x00633833) x16 0x00000000
core   0: 0x8000930c (0x006279b3) and     s3, tp, t1
core   0: 3 0x8000930c (0x006279b3) x19 0x000600c0
core   0: 0x80009310 (0x571be213) ori     tp, s7, 1393
core   0: 3 0x80009310 (0x571be213) x 4 0xbed09571
core   0: 0x80009314 (0x41ba5ab3) sra     s5, s4, s11
core   0: 3 0x80009314 (0x41ba5ab3) x21 0xffffffff
core   0: 0x80009318 (0x00b9eab3) or      s5, s3, a1
core   0: 3 0x80009318 (0x00b9eab3) x21 0x000602e0
core   0: 0x8000931c (0x00c821b3) slt     gp, a6, a2
core   0: 3 0x8000931c (0x00c821b3) x 3 0x00000001
core   0: 0x80009320 (0x40a20733) sub     a4, tp, a0
core   0: 3 0x80009320 (0x40a20733) x14 0x0cc1c2a5
core   0: 0x80009324 (0x409900b3) sub     ra, s2, s1
core   0: 3 0x80009324 (0x409900b3) x 1 0x26d08fff
core   0: 0x80009328 (0x01944633) xor     a2, s0, s9
core   0: 3 0x80009328 (0x01944633) x12 0x07569b26
core   0: 0x8000932c (0x014c8c33) add     s8, s9, s4
core   0: 3 0x8000932c (0x014c8c33) x24 0x0756993b
core   0: 0x80009330 (0x01048ab3) add     s5, s1, a6
core   0: 3 0x80009330 (0x01048ab3) x21 0x00000001
core   0: 0x80009334 (0x01051633) sll     a2, a0, a6
core   0: 3 0x80009334 (0x01051633) x12 0xb20ed2cc
core   0: 0x80009338 (0x70f97317) auipc   t1, 0x70f97
core   0: 3 0x80009338 (0x70f97317) x 6 0xf0fa0338
core   0: 0x8000933c (0xb9fca193) slti    gp, s9, -1121
core   0: 3 0x8000933c (0xb9fca193) x 3 0x00000000
core   0: 0x80009340 (0x01548033) add     zero, s1, s5
core   0: 3 0x80009340 (0x01548033)
core   0: 0x80009344 (0x40170933) sub     s2, a4, ra
core   0: 3 0x80009344 (0x40170933) x18 0xe5f132a6
core   0: 0x80009348 (0x00c6a7b3) slt     a5, a3, a2
core   0: 3 0x80009348 (0x00c6a7b3) x15 0x00000000
core   0: 0x8000934c (0x4113d033) sra     zero, t2, a7
core   0: 3 0x8000934c (0x4113d033)
core   0: 0x80009350 (0x65a72a13) slti    s4, a4, 1626
core   0: 3 0x80009350 (0x65a72a13) x20 0x00000000
core   0: 0x80009354 (0x6e8dee93) ori     t4, s11, 1768
core   0: 3 0x80009354 (0x6e8dee93) x29 0x00000eff
core   0: 0x80009358 (0x1b736c93) ori     s9, t1, 439
core   0: 3 0x80009358 (0x1b736c93) x25 0xf0fa03bf
core   0: 0x8000935c (0x00d0aa33) slt     s4, ra, a3
core   0: 3 0x8000935c (0x00d0aa33) x20 0x00000000
core   0: 0x80009360 (0x01f806b3) add     a3, a6, t6
core   0: 3 0x80009360 (0x01f806b3) x13 0x68000072
core   0: 0x80009364 (0x01c39ab3) sll     s5, t2, t3
core   0: 3 0x80009364 (0x01c39ab3) x21 0x80015ce4
core   0: 0x80009368 (0x00e81f33) sll     t5, a6, a4
core   0: 3 0x80009368 (0x00e81f33) x30 0x00000000
core   0: 0x8000936c (0x00690533) add     a0, s2, t1
core   0: 3 0x8000936c (0x00690533) x10 0xd6eb35de
core   0: 0x80009370 (0x94c2bd93) sltiu   s11, t0, -1716
core   0: 3 0x80009370 (0x94c2bd93) x27 0x00000001
core   0: 0x80009374 (0x016a9913) slli    s2, s5, 22
core   0: 3 0x80009374 (0x016a9913) x18 0x39000000
core   0: 0x80009378 (0x25486a93) ori     s5, a6, 596
core   0: 3 0x80009378 (0x25486a93) x21 0x00000254
core   0: 0x8000937c (0x0bbbf013) andi    zero, s7, 187
core   0: 3 0x8000937c (0x0bbbf013)
core   0: 0x80009380 (0x001e52b3) srl     t0, t3, ra
core   0: 3 0x80009380 (0x001e52b3) x 5 0x00000000
core   0: 0x80009384 (0x006d2933) slt     s2, s10, t1
core   0: 3 0x80009384 (0x006d2933) x18 0x00000000
core   0: 0x80009388 (0x01b79eb3) sll     t4, a5, s11
core   0: 3 0x80009388 (0x01b79eb3) x29 0x00000000
core   0: 0x8000938c (0x00aa6333) or      t1, s4, a0
core   0: 3 0x8000938c (0x00aa6333) x 6 0xd6eb35de
core   0: 0x80009390 (0x01404a33) xor     s4, zero, s4
core   0: 3 0x80009390 (0x01404a33) x20 0x00000000
core   0: 0x80009394 (0x000b2c33) slt     s8, s6, zero
core   0: 3 0x80009394 (0x000b2c33) x24 0x00000001
core   0: 0x80009398 (0x4694e213) ori     tp, s1, 1129
core   0: 3 0x80009398 (0x4694e213) x 4 0x00000469
core   0: 0x8000939c (0x00117a33) and     s4, sp, ra
core   0: 3 0x8000939c (0x00117a33) x20 0x26d08000
core   0: 0x800093a0 (0x0ec78a13) addi    s4, a5, 236
core   0: 3 0x800093a0 (0x0ec78a13) x20 0x000000ec
core   0: 0x800093a4 (0x2ba6cc93) xori    s9, a3, 698
core   0: 3 0x800093a4 (0x2ba6cc93) x25 0x680002c8
core   0: 0x800093a8 (0x2210e193) ori     gp, ra, 545
core   0: 3 0x800093a8 (0x2210e193) x 3 0x26d08fff
core   0: 0x800093ac (0x012fdf93) srli    t6, t6, 18
core   0: 3 0x800093ac (0x012fdf93) x31 0x00001a00
core   0: 0x800093b0 (0xb9ba4593) xori    a1, s4, -1125
core   0: 3 0x800093b0 (0xb9ba4593) x11 0xfffffb77
core   0: 0x800093b4 (0x006df333) and     t1, s11, t1
core   0: 3 0x800093b4 (0x006df333) x 6 0x00000000
core   0: 0x800093b8 (0x410fdd93) srai    s11, t6, 16
core   0: 3 0x800093b8 (0x410fdd93) x27 0x00000000
core   0: 0x800093bc (0x41fdd993) srai    s3, s11, 31
core   0: 3 0x800093bc (0x41fdd993) x19 0x00000000
core   0: 0x800093c0 (0x40cb5413) srai    s0, s6, 12
core   0: 3 0x800093c0 (0x40cb5413) x 8 0xfffe8839
core   0: 0x800093c4 (0x68ec8313) addi    t1, s9, 1678
core   0: 3 0x800093c4 (0x68ec8313) x 6 0x68000956
core   0: 0x800093c8 (0x353f0813) addi    a6, t5, 851
core   0: 3 0x800093c8 (0x353f0813) x16 0x00000353
core   0: 0x800093cc (0xd590be13) sltiu   t3, ra, -679
core   0: 3 0x800093cc (0xd590be13) x28 0x00000001
core   0: 0x800093d0 (0x5cbe3513) sltiu   a0, t3, 1483
core   0: 3 0x800093d0 (0x5cbe3513) x10 0x00000001
core   0: 0x800093d4 (0x0167a2b3) slt     t0, a5, s6
core   0: 3 0x800093d4 (0x0167a2b3) x 5 0x00000000
core   0: 0x800093d8 (0x41d2d793) srai    a5, t0, 29
core   0: 3 0x800093d8 (0x41d2d793) x15 0x00000000
core   0: 0x800093dc (0x00bdf6b3) and     a3, s11, a1
core   0: 3 0x800093dc (0x00bdf6b3) x13 0x00000000
core   0: 0x800093e0 (0x006c5c33) srl     s8, s8, t1
core   0: 3 0x800093e0 (0x006c5c33) x24 0x00000000
core   0: 0x800093e4 (0xe573f413) andi    s0, t2, -425
core   0: 3 0x800093e4 (0xe573f413) x 8 0x80015c44
core   0: 0x800093e8 (0x02093e93) sltiu   t4, s2, 32
core   0: 3 0x800093e8 (0x02093e93) x29 0x00000001
core   0: 0x800093ec (0x01b21813) slli    a6, tp, 27
core   0: 3 0x800093ec (0x01b21813) x16 0x48000000
core   0: 0x800093f0 (0x013fad33) slt     s10, t6, s3
core   0: 3 0x800093f0 (0x013fad33) x26 0x00000000
core   0: 0x800093f4 (0x00fa1413) slli    s0, s4, 15
core   0: 3 0x800093f4 (0x00fa1413) x 8 0x00760000
core   0: 0x800093f8 (0xc1fd6f93) ori     t6, s10, -993
core   0: 3 0x800093f8 (0xc1fd6f93) x31 0xfffffc1f
core   0: 0x800093fc (0x01c50133) add     sp, a0, t3
core   0: 3 0x800093fc (0x01c50133) x 2 0x00000002
core   0: 0x80009400 (0x01f7c133) xor     sp, a5, t6
core   0: 3 0x80009400 (0x01f7c133) x 2 0xfffffc1f
core   0: 0x80009404 (0x40a45213) srai    tp, s0, 10
core   0: 3 0x80009404 (0x40a45213) x 4 0x00001d80
core   0: 0x80009408 (0x016eda13) srli    s4, t4, 22
core   0: 3 0x80009408 (0x016eda13) x20 0x00000000
core   0: 0x8000940c (0x72476293) ori     t0, a4, 1828
core   0: 3 0x8000940c (0x72476293) x 5 0x0cc1c7a5
core   0: 0x80009410 (0x4e4a6b93) ori     s7, s4, 1252
core   0: 3 0x80009410 (0x4e4a6b93) x23 0x000004e4
core   0: 0x80009414 (0x01c05433) srl     s0, zero, t3
core   0: 3 0x80009414 (0x01c05433) x 8 0x00000000
core   0: 0x80009418 (0xce800f17) auipc   t5, 0xce800
core   0: 3 0x80009418 (0xce800f17) x30 0x4e809418
core   0: 0x8000941c (0x73033f13) sltiu   t5, t1, 1840
core   0: 3 0x8000941c (0x73033f13) x30 0x00000000
core   0: 0x80009420 (0x080a3f13) sltiu   t5, s4, 128
core   0: 3 0x80009420 (0x080a3f13) x30 0x00000001
core   0: 0x80009424 (0x00026f33) or      t5, tp, zero
core   0: 3 0x80009424 (0x00026f33) x30 0x00001d80
core   0: 0x80009428 (0x0151a5b3) slt     a1, gp, s5
core   0: 3 0x80009428 (0x0151a5b3) x11 0x00000000
core   0: 0x8000942c (0x001e5593) srli    a1, t3, 1
core   0: 3 0x8000942c (0x001e5593) x11 0x00000000
core   0: 0x80009430 (0xd9e95297) auipc   t0, 0xd9e95
core   0: 3 0x80009430 (0xd9e95297) x 5 0x59e9e430
core   0: 0x80009434 (0xa92bae93) slti    t4, s7, -1390
core   0: 3 0x80009434 (0xa92bae93) x29 0x00000000
core   0: 0x80009438 (0x019bf7b3) and     a5, s7, s9
core   0: 3 0x80009438 (0x019bf7b3) x15 0x000000c0
core   0: 0x8000943c (0x008de6b3) or      a3, s11, s0
core   0: 3 0x8000943c (0x008de6b3) x13 0x00000000
core   0: 0x80009440 (0x01337433) and     s0, t1, s3
core   0: 3 0x80009440 (0x01337433) x 8 0x00000000
core   0: 0x80009444 (0x3ee67a93) andi    s5, a2, 1006
core   0: 3 0x80009444 (0x3ee67a93) x21 0x000002cc
core   0: 0x80009448 (0x8efcdf37) lui     t5, 0x8efcd
core   0: 3 0x80009448 (0x8efcdf37) x30 0x8efcd000
core   0: 0x8000944c (0xa1e1cc13) xori    s8, gp, -1506
core   0: 3 0x8000944c (0xa1e1cc13) x24 0xd92f75e1
core   0: 0x80009450 (0x98660997) auipc   s3, 0x98660
core   0: 3 0x80009450 (0x98660997) x19 0x18669450
core   0: 0x80009454 (0x40a25933) sra     s2, tp, a0
core   0: 3 0x80009454 (0x40a25933) x18 0x00000ec0
core   0: 0x80009458 (0x006bf9b3) and     s3, s7, t1
core   0: 3 0x80009458 (0x006bf9b3) x19 0x00000044
core   0: 0x8000945c (0xf4778513) addi    a0, a5, -185
core   0: 3 0x8000945c (0xf4778513) x10 0x00000007
core   0: 0x80009460 (0x00767e33) and     t3, a2, t2
core   0: 3 0x80009460 (0x00767e33) x28 0x800050c4
core   0: 0x80009464 (0x017100b3) add     ra, sp, s7
core   0: 3 0x80009464 (0x017100b3) x 1 0x00000103
core   0: 0x80009468 (0x0189d793) srli    a5, s3, 24
core   0: 3 0x80009468 (0x0189d793) x15 0x00000000
core   0: 0x8000946c (0x84308093) addi    ra, ra, -1981
core   0: 3 0x8000946c (0x84308093) x 1 0xfffff946
core   0: 0x80009470 (0x00fceeb3) or      t4, s9, a5
core   0: 3 0x80009470 (0x00fceeb3) x29 0x680002c8
core   0: 0x80009474 (0x00114f33) xor     t5, sp, ra
core   0: 3 0x80009474 (0x00114f33) x30 0x00000559
core   0: 0x80009478 (0x01826333) or      t1, tp, s8
core   0: 3 0x80009478 (0x01826333) x 6 0xd92f7de1
core   0: 0x8000947c (0x00ada9b3) slt     s3, s11, a0
core   0: 3 0x8000947c (0x00ada9b3) x19 0x00000001
core   0: 0x80009480 (0x00c75733) srl     a4, a4, a2
core   0: 3 0x80009480 (0x00c75733) x14 0x0000cc1c
core   0: 0x80009484 (0x01de1193) slli    gp, t3, 29
core   0: 3 0x80009484 (0x01de1193) x 3 0x80000000
core   0: 0x80009488 (0x0123d9b3) srl     s3, t2, s2
core   0: 3 0x80009488 (0x0123d9b3) x19 0x80015ce4
core   0: 0x8000948c (0x01ce6833) or      a6, t3, t3
core   0: 3 0x8000948c (0x01ce6833) x16 0x800050c4
core   0: 0x80009490 (0xac93e293) ori     t0, t2, -1335
core   0: 3 0x80009490 (0xac93e293) x 5 0xfffffeed
core   0: 0x80009494 (0xbd90ec13) ori     s8, ra, -1063
core   0: 3 0x80009494 (0xbd90ec13) x24 0xfffffbdf
core   0: 0x80009498 (0x23506093) ori     ra, zero, 565
core   0: 3 0x80009498 (0x23506093) x 1 0x00000235
core   0: 0x8000949c (0x00000013) nop
core   0: 3 0x8000949c (0x00000013)
core   0: 0x800094a0 (0x005325b3) slt     a1, t1, t0
core   0: 3 0x800094a0 (0x005325b3) x11 0x00000001
core   0: 0x800094a4 (0x0177e433) or      s0, a5, s7
core   0: 3 0x800094a4 (0x0177e433) x 8 0x000004e4
core   0: 0x800094a8 (0x41df07b3) sub     a5, t5, t4
core   0: 3 0x800094a8 (0x41df07b3) x15 0x98000291
core   0: 0x800094ac (0x01178d33) add     s10, a5, a7
core   0: 3 0x800094ac (0x01178d33) x26 0x180120f5
core   0: 0x800094b0 (0x01ffe0b3) or      ra, t6, t6
core   0: 3 0x800094b0 (0x01ffe0b3) x 1 0xfffffc1f
core   0: 0x800094b4 (0x00d9e6b3) or      a3, s3, a3
core   0: 3 0x800094b4 (0x00d9e6b3) x13 0x80015ce4
core   0: 0x800094b8 (0xf0f439b7) lui     s3, 0xf0f43
core   0: 3 0x800094b8 (0xf0f439b7) x19 0xf0f43000
core   0: 0x800094bc (0x86762993) slti    s3, a2, -1945
core   0: 3 0x800094bc (0x86762993) x19 0x00000001
core   0: 0x800094c0 (0x50366093) ori     ra, a2, 1283
core   0: 3 0x800094c0 (0x50366093) x 1 0xb20ed7cf
core   0: 0x800094c4 (0x8d5ec413) xori    s0, t4, -1835
core   0: 3 0x800094c4 (0x8d5ec413) x 8 0x97fffa1d
core   0: 0x800094c8 (0x01ce0333) add     t1, t3, t3
core   0: 3 0x800094c8 (0x01ce0333) x 6 0x0000a188
core   0: 0x800094cc (0x4168d693) srai    a3, a7, 22
core   0: 3 0x800094cc (0x4168d693) x13 0xfffffe00
core   0: 0x800094d0 (0x89843493) sltiu   s1, s0, -1896
core   0: 3 0x800094d0 (0x89843493) x 9 0x00000001
core   0: 0x800094d4 (0x017026b3) slt     a3, zero, s7
core   0: 3 0x800094d4 (0x017026b3) x13 0x00000001
core   0: 0x800094d8 (0x1b94e693) ori     a3, s1, 441
core   0: 3 0x800094d8 (0x1b94e693) x13 0x000001b9
core   0: 0x800094dc (0x000a64b3) or      s1, s4, zero
core   0: 3 0x800094dc (0x000a64b3) x 9 0x00000000
core   0: 0x800094e0 (0x402255b3) sra     a1, tp, sp
core   0: 3 0x800094e0 (0x402255b3) x11 0x00000000
core   0: 0x800094e4 (0x015fd4b3) srl     s1, t6, s5
core   0: 3 0x800094e4 (0x015fd4b3) x 9 0x000fffff
core   0: 0x800094e8 (0x41715ab3) sra     s5, sp, s7
core   0: 3 0x800094e8 (0x41715ab3) x21 0xffffffc1
core   0: 0x800094ec (0xa778c0b7) lui     ra, 0xa778c
core   0: 3 0x800094ec (0xa778c0b7) x 1 0xa778c000
core   0: 0x800094f0 (0x000d12b3) sll     t0, s10, zero
core   0: 3 0x800094f0 (0x000d12b3) x 5 0x180120f5
core   0: 0x800094f4 (0xed866293) ori     t0, a2, -296
core   0: 3 0x800094f4 (0xed866293) x 5 0xfffffedc
core   0: 0x800094f8 (0xe1e12837) lui     a6, 0xe1e12
core   0: 3 0x800094f8 (0xe1e12837) x16 0xe1e12000
core   0: 0x800094fc (0x41fa5513) srai    a0, s4, 31
core   0: 3 0x800094fc (0x41fa5513) x10 0x00000000
core   0: 0x80009500 (0x108b3bb7) lui     s7, 0x108b3
core   0: 3 0x80009500 (0x108b3bb7) x23 0x108b3000
core   0: 0x80009504 (0x40255813) srai    a6, a0, 2
core   0: 3 0x80009504 (0x40255813) x16 0x00000000
core   0: 0x80009508 (0xe4a0adb7) lui     s11, 0xe4a0a
core   0: 3 0x80009508 (0xe4a0adb7) x27 0xe4a0a000
core   0: 0x8000950c (0x01035993) srli    s3, t1, 16
core   0: 3 0x8000950c (0x01035993) x19 0x00000000
core   0: 0x80009510 (0x89d3c7b7) lui     a5, 0x89d3c
core   0: 3 0x80009510 (0x89d3c7b7) x15 0x89d3c000
core   0: 0x80009514 (0x01fba033) slt     zero, s7, t6
core   0: 3 0x80009514 (0x01fba033)
core   0: 0x80009518 (0xa5893093) sltiu   ra, s2, -1448
core   0: 3 0x80009518 (0xa5893093) x 1 0x00000001
core   0: 0x8000951c (0x0055e1b3) or      gp, a1, t0
core   0: 3 0x8000951c (0x0055e1b3) x 3 0xfffffedc
core   0: 0x80009520 (0x00651ab3) sll     s5, a0, t1
core   0: 3 0x80009520 (0x00651ab3) x21 0x00000000
core   0: 0x80009524 (0x00d17233) and     tp, sp, a3
core   0: 3 0x80009524 (0x00d17233) x 4 0x00000019
core   0: 0x80009528 (0x0121ae33) slt     t3, gp, s2
core   0: 3 0x80009528 (0x0121ae33) x28 0x00000001
core   0: 0x8000952c (0x02b55317) auipc   t1, 0x2b55
core   0: 3 0x8000952c (0x02b55317) x 6 0x82b5e52c
core   0: 0x80009530 (0x005ca633) slt     a2, s9, t0
core   0: 3 0x80009530 (0x005ca633) x12 0x00000000
core   0: 0x80009534 (0x015bc333) xor     t1, s7, s5
core   0: 3 0x80009534 (0x015bc333) x 6 0x108b3000
core   0: 0x80009538 (0x0d0ca313) slti    t1, s9, 208
core   0: 3 0x80009538 (0x0d0ca313) x 6 0x00000000
core   0: 0x8000953c (0x00f94533) xor     a0, s2, a5
core   0: 3 0x8000953c (0x00f94533) x10 0x89d3cec0
core   0: 0x80009540 (0x000cd093) srli    ra, s9, 0
core   0: 3 0x80009540 (0x000cd093) x 1 0x680002c8
core   0: 0x80009544 (0x40a4df13) srai    t5, s1, 10
core   0: 3 0x80009544 (0x40a4df13) x30 0x000003ff
core   0: 0x80009548 (0x01ee5e13) srli    t3, t3, 30
core   0: 3 0x80009548 (0x01ee5e13) x28 0x00000000
core   0: 0x8000954c (0x00ee3f33) sltu    t5, t3, a4
core   0: 3 0x8000954c (0x00ee3f33) x30 0x00000001
core   0: 0x80009550 (0xf2cfe513) ori     a0, t6, -212
core   0: 3 0x80009550 (0xf2cfe513) x10 0xffffff3f
core   0: 0x80009554 (0x9a6d6c93) ori     s9, s10, -1626
core   0: 3 0x80009554 (0x9a6d6c93) x25 0xfffff9f7
core   0: 0x80009558 (0x00a7bcb3) sltu    s9, a5, a0
core   0: 3 0x80009558 (0x00a7bcb3) x25 0x00000001
core   0: 0x8000955c (0x1baae513) ori     a0, s5, 442
core   0: 3 0x8000955c (0x1baae513) x10 0x000001ba
core   0: 0x80009560 (0x01dd8033) add     zero, s11, t4
core   0: 3 0x80009560 (0x01dd8033)
core   0: 0x80009564 (0x01959f33) sll     t5, a1, s9
core   0: 3 0x80009564 (0x01959f33) x30 0x00000000
core   0: 0x80009568 (0x0047c733) xor     a4, a5, tp
core   0: 3 0x80009568 (0x0047c733) x14 0x89d3c019
core   0: 0x8000956c (0xb2277093) andi    ra, a4, -1246
core   0: 3 0x8000956c (0xb2277093) x 1 0x89d3c000
core   0: 0x80009570 (0x00ec9713) slli    a4, s9, 14
core   0: 3 0x80009570 (0x00ec9713) x14 0x00004000
core   0: 0x80009574 (0x00b79993) slli    s3, a5, 11
core   0: 3 0x80009574 (0x00b79993) x19 0x9e000000
core   0: 0x80009578 (0xafb7f313) andi    t1, a5, -1285
core   0: 3 0x80009578 (0xafb7f313) x 6 0x89d3c000
core   0: 0x8000957c (0x412d5c33) sra     s8, s10, s2
core   0: 3 0x8000957c (0x412d5c33) x24 0x180120f5
core   0: 0x80009580 (0x01acfc33) and     s8, s9, s10
core   0: 3 0x80009580 (0x01acfc33) x24 0x00000001
core   0: 0x80009584 (0x9b0afe93) andi    t4, s5, -1616
core   0: 3 0x80009584 (0x9b0afe93) x29 0x00000000
core   0: 0x80009588 (0x40fb0933) sub     s2, s6, a5
core   0: 3 0x80009588 (0x40fb0933) x18 0x5eafd6e1
core   0: 0x8000958c (0x00faae33) slt     t3, s5, a5
core   0: 3 0x8000958c (0x00faae33) x28 0x00000000
core   0: 0x80009590 (0xdbeb2913) slti    s2, s6, -578
core   0: 3 0x80009590 (0xdbeb2913) x18 0x00000001
core   0: 0x80009594 (0x01d157b3) srl     a5, sp, t4
core   0: 3 0x80009594 (0x01d157b3) x15 0xfffffc1f
core   0: 0x80009598 (0x0130dc33) srl     s8, ra, s3
core   0: 3 0x80009598 (0x0130dc33) x24 0x89d3c000
core   0: 0x8000959c (0x00000013) nop
core   0: 3 0x8000959c (0x00000013)
core   0: 0x800095a0 (0x01343333) sltu    t1, s0, s3
core   0: 3 0x800095a0 (0x01343333) x 6 0x00000001
core   0: 0x800095a4 (0x00000013) nop
core   0: 3 0x800095a4 (0x00000013)
core   0: 0x800095a8 (0xdb8ba093) slti    ra, s7, -584
core   0: 3 0x800095a8 (0xdb8ba093) x 1 0x00000000
core   0: 0x800095ac (0x015cf133) and     sp, s9, s5
core   0: 3 0x800095ac (0x015cf133) x 2 0x00000000
core   0: 0x800095b0 (0x01e83733) sltu    a4, a6, t5
core   0: 3 0x800095b0 (0x01e83733) x14 0x00000000
core   0: 0x800095b4 (0x40198f33) sub     t5, s3, ra
core   0: 3 0x800095b4 (0x40198f33) x30 0x9e000000
core   0: 0x800095b8 (0x100ec993) xori    s3, t4, 256
core   0: 3 0x800095b8 (0x100ec993) x19 0x00000100
core   0: 0x800095bc (0x00c83c33) sltu    s8, a6, a2
core   0: 3 0x800095bc (0x00c83c33) x24 0x00000000
core   0: 0x800095c0 (0x00a14233) xor     tp, sp, a0
core   0: 3 0x800095c0 (0x00a14233) x 4 0x000001ba
core   0: 0x800095c4 (0x41fe05b3) sub     a1, t3, t6
core   0: 3 0x800095c4 (0x41fe05b3) x11 0x000003e1
core   0: 0x800095c8 (0x00dfe9b3) or      s3, t6, a3
core   0: 3 0x800095c8 (0x00dfe9b3) x19 0xfffffdbf
core   0: 0x800095cc (0x4131da13) srai    s4, gp, 19
core   0: 3 0x800095cc (0x4131da13) x20 0xffffffff
core   0: 0x800095d0 (0x0078dc33) srl     s8, a7, t2
core   0: 3 0x800095d0 (0x0078dc33) x24 0x080011e6
core   0: 0x800095d4 (0x00fcd9b3) srl     s3, s9, a5
core   0: 3 0x800095d4 (0x00fcd9b3) x19 0x00000000
core   0: 0x800095d8 (0x0015be33) sltu    t3, a1, ra
core   0: 3 0x800095d8 (0x0015be33) x28 0x00000000
core   0: 0x800095dc (0x001982b3) add     t0, s3, ra
core   0: 3 0x800095dc (0x001982b3) x 5 0x00000000
core   0: 0x800095e0 (0x00a6fbb3) and     s7, a3, a0
core   0: 3 0x800095e0 (0x00a6fbb3) x23 0x000001b8
core   0: 0x800095e4 (0xeb0eb113) sltiu   sp, t4, -336
core   0: 3 0x800095e4 (0xeb0eb113) x 2 0x00000001
core   0: 0x800095e8 (0x00086933) or      s2, a6, zero
core   0: 3 0x800095e8 (0x00086933) x18 0x00000000
core   0: 0x800095ec (0xd2eebbb7) lui     s7, 0xd2eeb
core   0: 3 0x800095ec (0xd2eebbb7) x23 0xd2eeb000
core   0: 0x800095f0 (0x41b6da93) srai    s5, a3, 27
core   0: 3 0x800095f0 (0x41b6da93) x21 0x00000000
core   0: 0x800095f4 (0x7754af13) slti    t5, s1, 1909
core   0: 3 0x800095f4 (0x7754af13) x30 0x00000000
core   0: 0x800095f8 (0x00f006b3) add     a3, zero, a5
core   0: 3 0x800095f8 (0x00f006b3) x13 0xfffffc1f
core   0: 0x800095fc (0x00b82ab3) slt     s5, a6, a1
core   0: 3 0x800095fc (0x00b82ab3) x21 0x00000001
core   0: 0x80009600 (0x014846b3) xor     a3, a6, s4
core   0: 3 0x80009600 (0x014846b3) x13 0xffffffff
core   0: 0x80009604 (0x010334b3) sltu    s1, t1, a6
core   0: 3 0x80009604 (0x010334b3) x 9 0x00000000
core   0: 0x80009608 (0x00e5de33) srl     t3, a1, a4
core   0: 3 0x80009608 (0x00e5de33) x28 0x000003e1
core   0: 0x8000960c (0xef778913) addi    s2, a5, -265
core   0: 3 0x8000960c (0xef778913) x18 0xfffffb16
core   0: 0x80009610 (0xb802af93) slti    t6, t0, -1152
core   0: 3 0x80009610 (0xb802af93) x31 0x00000000
core   0: 0x80009614 (0x00000013) nop
core   0: 3 0x80009614 (0x00000013)
core   0: 0x80009618 (0x407b5513) srai    a0, s6, 7
core   0: 3 0x80009618 (0x407b5513) x10 0xffd1072d
core   0: 0x8000961c (0x41f10bb3) sub     s7, sp, t6
core   0: 3 0x8000961c (0x41f10bb3) x23 0x00000001
core   0: 0x80009620 (0xed2cce93) xori    t4, s9, -302
core   0: 3 0x80009620 (0xed2cce93) x29 0xfffffed3
core   0: 0x80009624 (0x0171b833) sltu    a6, gp, s7
core   0: 3 0x80009624 (0x0171b833) x16 0x00000000
core   0: 0x80009628 (0xc0874593) xori    a1, a4, -1016
core   0: 3 0x80009628 (0xc0874593) x11 0xfffffc08
core   0: 0x8000962c (0x00fad313) srli    t1, s5, 15
core   0: 3 0x8000962c (0x00fad313) x 6 0x00000000
core   0: 0x80009630 (0x00ca2a33) slt     s4, s4, a2
core   0: 3 0x80009630 (0x00ca2a33) x20 0x00000001
core   0: 0x80009634 (0x376afa93) andi    s5, s5, 886
core   0: 3 0x80009634 (0x376afa93) x21 0x00000000
core   0: 0x80009638 (0x000ef333) and     t1, t4, zero
core   0: 3 0x80009638 (0x000ef333) x 6 0x00000000
core   0: 0x8000963c (0xd015f593) andi    a1, a1, -767
core   0: 3 0x8000963c (0xd015f593) x11 0xfffffc00
core   0: 0x80009640 (0x00000013) nop
core   0: 3 0x80009640 (0x00000013)
core   0: 0x80009644 (0x00000013) nop
core   0: 3 0x80009644 (0x00000013)
core   0: 0x80009648 (0x259b8793) addi    a5, s7, 601
core   0: 3 0x80009648 (0x259b8793) x15 0x0000025a
core   0: 0x8000964c (0x00d91293) slli    t0, s2, 13
core   0: 3 0x8000964c (0x00d91293) x 5 0xff62c000
core   0: 0x80009650 (0x0101ebb3) or      s7, gp, a6
core   0: 3 0x80009650 (0x0101ebb3) x23 0xfffffedc
core   0: 0x80009654 (0xbb40cc13) xori    s8, ra, -1100
core   0: 3 0x80009654 (0xbb40cc13) x24 0xfffffbb4
core   0: 0x80009658 (0x013ddbb3) srl     s7, s11, s3
core   0: 3 0x80009658 (0x013ddbb3) x23 0xe4a0a000
core   0: 0x8000965c (0xbb426793) ori     a5, tp, -1100
core   0: 3 0x8000965c (0xbb426793) x15 0xfffffbbe
core   0: 0x80009660 (0xf136ed13) ori     s10, a3, -237
core   0: 3 0x80009660 (0xf136ed13) x26 0xffffffff
core   0: 0x80009664 (0x727c0913) addi    s2, s8, 1831
core   0: 3 0x80009664 (0x727c0913) x18 0x000002db
core   0: 0x80009668 (0x5c0c1517) auipc   a0, 0x5c0c1
core   0: 3 0x80009668 (0x5c0c1517) x10 0xdc0ca668
core   0: 0x8000966c (0x0193dd33) srl     s10, t2, s9
core   0: 3 0x8000966c (0x0193dd33) x26 0x4000ae72
core   0: 0x80009670 (0xaef881b7) lui     gp, 0xaef88
core   0: 3 0x80009670 (0xaef881b7) x 3 0xaef88000
core   0: 0x80009674 (0x2aefe313) ori     t1, t6, 686
core   0: 3 0x80009674 (0x2aefe313) x 6 0x000002ae
core   0: 0x80009678 (0x006e9bb3) sll     s7, t4, t1
core   0: 3 0x80009678 (0x006e9bb3) x23 0xffb4c000
core   0: 0x8000967c (0x00f62233) slt     tp, a2, a5
core   0: 3 0x8000967c (0x00f62233) x 4 0x00000000
core   0: 0x80009680 (0x40a2df33) sra     t5, t0, a0
core   0: 3 0x80009680 (0x40a2df33) x30 0xffff62c0
core   0: 0x80009684 (0x41fb55b3) sra     a1, s6, t6
core   0: 3 0x80009684 (0x41fb55b3) x11 0xe88396e1
core   0: 0x80009688 (0xaa548993) addi    s3, s1, -1371
core   0: 3 0x80009688 (0xaa548993) x19 0xfffffaa5
core   0: 0x8000968c (0x0078a833) slt     a6, a7, t2
core   0: 3 0x8000968c (0x0078a833) x16 0x00000001
core   0: 0x80009690 (0x00a207b3) add     a5, tp, a0
core   0: 3 0x80009690 (0x00a207b3) x15 0xdc0ca668
core   0: 0x80009694 (0x01b05333) srl     t1, zero, s11
core   0: 3 0x80009694 (0x01b05333) x 6 0x00000000
core   0: 0x80009698 (0xc5ea2113) slti    sp, s4, -930
core   0: 3 0x80009698 (0xc5ea2113) x 2 0x00000000
core   0: 0x8000969c (0x407f5093) srai    ra, t5, 7
core   0: 3 0x8000969c (0x407f5093) x 1 0xfffffec5
core   0: 0x800096a0 (0x01536bb3) or      s7, t1, s5
core   0: 3 0x800096a0 (0x01536bb3) x23 0x00000000
core   0: 0x800096a4 (0x58c5e313) ori     t1, a1, 1420
core   0: 3 0x800096a4 (0x58c5e313) x 6 0xe88397ed
core   0: 0x800096a8 (0xdc908993) addi    s3, ra, -567
core   0: 3 0x800096a8 (0xdc908993) x19 0xfffffc8e
core   0: 0x800096ac (0x2cb5c617) auipc   a2, 0x2cb5c
core   0: 3 0x800096ac (0x2cb5c617) x12 0xacb656ac
core   0: 0x800096b0 (0x6a3bae13) slti    t3, s7, 1699
core   0: 3 0x800096b0 (0x6a3bae13) x28 0x00000001
core   0: 0x800096b4 (0xef6e9a97) auipc   s5, 0xef6e9
core   0: 3 0x800096b4 (0xef6e9a97) x21 0x6f6f26b4
core   0: 0x800096b8 (0x0109db93) srli    s7, s3, 16
core   0: 3 0x800096b8 (0x0109db93) x23 0x0000ffff
core   0: 0x800096bc (0x009dbfb3) sltu    t6, s11, s1
core   0: 3 0x800096bc (0x009dbfb3) x31 0x00000000
core   0: 0x800096c0 (0x00000013) nop
core   0: 3 0x800096c0 (0x00000013)
core   0: 0x800096c4 (0x003fd1b3) srl     gp, t6, gp
core   0: 3 0x800096c4 (0x003fd1b3) x 3 0x00000000
core   0: 0x800096c8 (0x4045de33) sra     t3, a1, tp
core   0: 3 0x800096c8 (0x4045de33) x28 0xe88396e1
core   0: 0x800096cc (0x01654633) xor     a2, a0, s6
core   0: 3 0x800096cc (0x01654633) x12 0x348f3089
core   0: 0x800096d0 (0xc2e03413) sltiu   s0, zero, -978
core   0: 3 0x800096d0 (0xc2e03413) x 8 0x00000001
core   0: 0x800096d4 (0x01bf2733) slt     a4, t5, s11
core   0: 3 0x800096d4 (0x01bf2733) x14 0x00000000
core   0: 0x800096d8 (0x01609e93) slli    t4, ra, 22
core   0: 3 0x800096d8 (0x01609e93) x29 0xb1400000
core   0: 0x800096dc (0x41d45cb3) sra     s9, s0, t4
core   0: 3 0x800096dc (0x41d45cb3) x25 0x00000001
core   0: 0x800096e0 (0x0176a633) slt     a2, a3, s7
core   0: 3 0x800096e0 (0x0176a633) x12 0x00000001
core   0: 0x800096e4 (0x4082d913) srai    s2, t0, 8
core   0: 3 0x800096e4 (0x4082d913) x18 0xffff62c0
core   0: 0x800096e8 (0x41e089b3) sub     s3, ra, t5
core   0: 3 0x800096e8 (0x41e089b3) x19 0x00009c05
core   0: 0x800096ec (0x249a0793) addi    a5, s4, 585
core   0: 3 0x800096ec (0x249a0793) x15 0x0000024a
core   0: 0x800096f0 (0x8b7ad837) lui     a6, 0x8b7ad
core   0: 3 0x800096f0 (0x8b7ad837) x16 0x8b7ad000
core   0: 0x800096f4 (0x990bef13) ori     t5, s7, -1648
core   0: 3 0x800096f4 (0x990bef13) x30 0xffffffff
core   0: 0x800096f8 (0x8957e813) ori     a6, a5, -1899
core   0: 3 0x800096f8 (0x8957e813) x16 0xfffffadf
core   0: 0x800096fc (0xe3078a93) addi    s5, a5, -464
core   0: 3 0x800096fc (0xe3078a93) x21 0x0000007a
core   0: 0x80009700 (0x007f3e33) sltu    t3, t5, t2
core   0: 3 0x80009700 (0x007f3e33) x28 0x00000000
core   0: 0x80009704 (0x00000013) nop
core   0: 3 0x80009704 (0x00000013)
core   0: 0x80009708 (0x010fd7b3) srl     a5, t6, a6
core   0: 3 0x80009708 (0x010fd7b3) x15 0x00000000
core   0: 0x8000970c (0x62fbf493) andi    s1, s7, 1583
core   0: 3 0x8000970c (0x62fbf493) x 9 0x0000062f
core   0: 0x80009710 (0x4130d733) sra     a4, ra, s3
core   0: 3 0x80009710 (0x4130d733) x14 0xfffffff6
core   0: 0x80009714 (0x0182ea33) or      s4, t0, s8
core   0: 3 0x80009714 (0x0182ea33) x20 0xfffffbb4
core   0: 0x80009718 (0x609b1837) lui     a6, 0x609b1
core   0: 3 0x80009718 (0x609b1837) x16 0x609b1000
core   0: 0x8000971c (0x0022ebb3) or      s7, t0, sp
core   0: 3 0x8000971c (0x0022ebb3) x23 0xff62c000
core   0: 0x80009720 (0x003e9333) sll     t1, t4, gp
core   0: 3 0x80009720 (0x003e9333) x 6 0xb1400000
core   0: 0x80009724 (0xc0330a13) addi    s4, t1, -1021
core   0: 3 0x80009724 (0xc0330a13) x20 0xb13ffc03
core   0: 0x80009728 (0x78430813) addi    a6, t1, 1924
core   0: 3 0x80009728 (0x78430813) x16 0xb1400784
core   0: 0x8000972c (0x00762633) slt     a2, a2, t2
core   0: 3 0x8000972c (0x00762633) x12 0x00000000
core   0: 0x80009730 (0x006b6e33) or      t3, s6, t1
core   0: 3 0x80009730 (0x006b6e33) x28 0xf9c396e1
core   0: 0x80009734 (0x9fd38613) addi    a2, t2, -1539
core   0: 3 0x80009734 (0x9fd38613) x12 0x800156e1
core   0: 0x80009738 (0x01207bb3) and     s7, zero, s2
core   0: 3 0x80009738 (0x01207bb3) x23 0x00000000
core   0: 0x8000973c (0x41a486b3) sub     a3, s1, s10
core   0: 3 0x8000973c (0x41a486b3) x13 0xbfff57bd
core   0: 0x80009740 (0x0060d733) srl     a4, ra, t1
core   0: 3 0x80009740 (0x0060d733) x14 0xfffffec5
core   0: 0x80009744 (0x21551017) auipc   zero, 0x21551
core   0: 3 0x80009744 (0x21551017)
core   0: 0x80009748 (0x00fb3cb3) sltu    s9, s6, a5
core   0: 3 0x80009748 (0x00fb3cb3) x25 0x00000000
core   0: 0x8000974c (0x01ff79b3) and     s3, t5, t6
core   0: 3 0x8000974c (0x01ff79b3) x19 0x00000000
core   0: 0x80009750 (0xfbee7b93) andi    s7, t3, -66
core   0: 3 0x80009750 (0xfbee7b93) x23 0xf9c396a0
core   0: 0x80009754 (0x00000013) nop
core   0: 3 0x80009754 (0x00000013)
core   0: 0x80009758 (0x400ad1b3) sra     gp, s5, zero
core   0: 3 0x80009758 (0x400ad1b3) x 3 0x0000007a
core   0: 0x8000975c (0x8c8ede37) lui     t3, 0x8c8ed
core   0: 3 0x8000975c (0x8c8ede37) x28 0x8c8ed000
core   0: 0x80009760 (0xcd230493) addi    s1, t1, -814
core   0: 3 0x80009760 (0xcd230493) x 9 0xb13ffcd2
core   0: 0x80009764 (0x0199aab3) slt     s5, s3, s9
core   0: 3 0x80009764 (0x0199aab3) x21 0x00000000
core   0: 0x80009768 (0x00febab3) sltu    s5, t4, a5
core   0: 3 0x80009768 (0x00febab3) x21 0x00000000
core   0: 0x8000976c (0xea7cb793) sltiu   a5, s9, -345
core   0: 3 0x8000976c (0xea7cb793) x15 0x00000001
core   0: 0x80009770 (0x013b2ab3) slt     s5, s6, s3
core   0: 3 0x80009770 (0x013b2ab3) x21 0x00000001
core   0: 0x80009774 (0x0048ff33) and     t5, a7, tp
core   0: 3 0x80009774 (0x0048ff33) x30 0x00000000
core   0: 0x80009778 (0xa3fcfa93) andi    s5, s9, -1473
core   0: 3 0x80009778 (0xa3fcfa93) x21 0x00000000
core   0: 0x8000977c (0x002b7cb3) and     s9, s6, sp
core   0: 3 0x8000977c (0x002b7cb3) x25 0x00000000
core   0: 0x80009780 (0x8717c313) xori    t1, a5, -1935
core   0: 3 0x80009780 (0x8717c313) x 6 0xfffff870
core   0: 0x80009784 (0xf12cb613) sltiu   a2, s9, -238
core   0: 3 0x80009784 (0xf12cb613) x12 0x00000001
core   0: 0x80009788 (0x0173d633) srl     a2, t2, s7
core   0: 3 0x80009788 (0x0173d633) x12 0x80015ce4
core   0: 0x8000978c (0x4180d213) srai    tp, ra, 24
core   0: 3 0x8000978c (0x4180d213) x 4 0xffffffff
core   0: 0x80009790 (0x338e4cb7) lui     s9, 0x338e4
core   0: 3 0x80009790 (0x338e4cb7) x25 0x338e4000
core   0: 0x80009794 (0x0105f033) and     zero, a1, a6
core   0: 3 0x80009794 (0x0105f033)
core   0: 0x80009798 (0x016c7833) and     a6, s8, s6
core   0: 3 0x80009798 (0x016c7833) x16 0xe88392a0
core   0: 0x8000979c (0xf8a40e13) addi    t3, s0, -118
core   0: 3 0x8000979c (0xf8a40e13) x28 0xffffff8b
core   0: 0x800097a0 (0x00d01633) sll     a2, zero, a3
core   0: 3 0x800097a0 (0x00d01633) x12 0x00000000
core   0: 0x800097a4 (0x00000013) nop
core   0: 3 0x800097a4 (0x00000013)
core   0: 0x800097a8 (0x2b506613) ori     a2, zero, 693
core   0: 3 0x800097a8 (0x2b506613) x12 0x000002b5
core   0: 0x800097ac (0x002d5f13) srli    t5, s10, 2
core   0: 3 0x800097ac (0x002d5f13) x30 0x10002b9c
core   0: 0x800097b0 (0x53f57613) andi    a2, a0, 1343
core   0: 3 0x800097b0 (0x53f57613) x12 0x00000428
core   0: 0x800097b4 (0xa431e4b7) lui     s1, 0xa431e
core   0: 3 0x800097b4 (0xa431e4b7) x 9 0xa431e000
core   0: 0x800097b8 (0x01466ab3) or      s5, a2, s4
core   0: 3 0x800097b8 (0x01466ab3) x21 0xb13ffc2b
core   0: 0x800097bc (0x0166b533) sltu    a0, a3, s6
core   0: 3 0x800097bc (0x0166b533) x10 0x00000001
core   0: 0x800097c0 (0x00919a93) slli    s5, gp, 9
core   0: 3 0x800097c0 (0x00919a93) x21 0x0000f400
core   0: 0x800097c4 (0x06816413) ori     s0, sp, 104
core   0: 3 0x800097c4 (0x06816413) x 8 0x00000068
core   0: 0x800097c8 (0x1b6be093) ori     ra, s7, 438
core   0: 3 0x800097c8 (0x1b6be093) x 1 0xf9c397b6
core   0: 0x800097cc (0x2ec50993) addi    s3, a0, 748
core   0: 3 0x800097cc (0x2ec50993) x19 0x000002ed
core   0: 0x800097d0 (0x016ecc33) xor     s8, t4, s6
core   0: 3 0x800097d0 (0x016ecc33) x24 0x59c396e1
core   0: 0x800097d4 (0x0114a333) slt     t1, s1, a7
core   0: 3 0x800097d4 (0x0114a333) x 6 0x00000000
core   0: 0x800097d8 (0x019501b3) add     gp, a0, s9
core   0: 3 0x800097d8 (0x019501b3) x 3 0x338e4001
core   0: 0x800097dc (0x40520e33) sub     t3, tp, t0
core   0: 3 0x800097dc (0x40520e33) x28 0x009d3fff
core   0: 0x800097e0 (0x41ea89b3) sub     s3, s5, t5
core   0: 3 0x800097e0 (0x41ea89b3) x19 0xf000c864
core   0: 0x800097e4 (0x4059de13) srai    t3, s3, 5
core   0: 3 0x800097e4 (0x4059de13) x28 0xff800643
core   0: 0x800097e8 (0x00750533) add     a0, a0, t2
core   0: 3 0x800097e8 (0x00750533) x10 0x80015ce5
core   0: 0x800097ec (0x00c96ab3) or      s5, s2, a2
core   0: 3 0x800097ec (0x00c96ab3) x21 0xffff66e8
core   0: 0x800097f0 (0x001daf33) slt     t5, s11, ra
core   0: 3 0x800097f0 (0x001daf33) x30 0x00000001
core   0: 0x800097f4 (0x00b74533) xor     a0, a4, a1
core   0: 3 0x800097f4 (0x00b74533) x10 0x177c6824
core   0: 0x800097f8 (0xcec73f37) lui     t5, 0xcec73
core   0: 3 0x800097f8 (0xcec73f37) x30 0xcec73000
core   0: 0x800097fc (0xc55fb013) sltiu   zero, t6, -939
core   0: 3 0x800097fc (0xc55fb013)
core   0: 0x80009800 (0x0121a9b3) slt     s3, gp, s2
core   0: 3 0x80009800 (0x0121a9b3) x19 0x00000000
core   0: 0x80009804 (0x0130d933) srl     s2, ra, s3
core   0: 3 0x80009804 (0x0130d933) x18 0xf9c397b6
core   0: 0x80009808 (0x10138f93) addi    t6, t2, 257
core   0: 3 0x80009808 (0x10138f93) x31 0x80015de5
core   0: 0x8000980c (0x64fc4613) xori    a2, s8, 1615
core   0: 3 0x8000980c (0x64fc4613) x12 0x59c390ae
core   0: 0x80009810 (0x008a9f33) sll     t5, s5, s0
core   0: 3 0x80009810 (0x008a9f33) x30 0xff66e800
core   0: 0x80009814 (0x0049d833) srl     a6, s3, tp
core   0: 3 0x80009814 (0x0049d833) x16 0x00000000
core   0: 0x80009818 (0x00000013) nop
core   0: 3 0x80009818 (0x00000013)
core   0: 0x8000981c (0x009e2db3) slt     s11, t3, s1
core   0: 3 0x8000981c (0x009e2db3) x27 0x00000000
core   0: 0x80009820 (0x00d67033) and     zero, a2, a3
core   0: 3 0x80009820 (0x00d67033)
core   0: 0x80009824 (0xac7b2593) slti    a1, s6, -1337
core   0: 3 0x80009824 (0xac7b2593) x11 0x00000001
core   0: 0x80009828 (0x012a71b3) and     gp, s4, s2
core   0: 3 0x80009828 (0x012a71b3) x 3 0xb1039402
core   0: 0x8000982c (0x01561433) sll     s0, a2, s5
core   0: 3 0x8000982c (0x01561433) x 8 0xc390ae00
core   0: 0x80009830 (0xc7aac493) xori    s1, s5, -902
core   0: 3 0x80009830 (0xc7aac493) x 9 0x00009a92
core   0: 0x80009834 (0x4192d9b3) sra     s3, t0, s9
core   0: 3 0x80009834 (0x4192d9b3) x19 0xff62c000
core   0: 0x80009838 (0xfcdcf013) andi    zero, s9, -51
core   0: 3 0x80009838 (0xfcdcf013)
core   0: 0x8000983c (0xc858eb93) ori     s7, a7, -891
core   0: 3 0x8000983c (0xc858eb93) x23 0xfffffee5
core   0: 0x80009840 (0x7680b593) sltiu   a1, ra, 1896
core   0: 3 0x80009840 (0x7680b593) x11 0x00000000
core   0: 0x80009844 (0x013444b3) xor     s1, s0, s3
core   0: 3 0x80009844 (0x013444b3) x 9 0x3cf26e00
core   0: 0x80009848 (0x40e98533) sub     a0, s3, a4
core   0: 3 0x80009848 (0x40e98533) x10 0xff62c13b
core   0: 0x8000984c (0x415b5833) sra     a6, s6, s5
core   0: 3 0x8000984c (0x415b5833) x16 0xffe88396
core   0: 0x80009850 (0x01429813) slli    a6, t0, 20
core   0: 3 0x80009850 (0x01429813) x16 0x00000000
core   0: 0x80009854 (0x0143e033) or      zero, t2, s4
core   0: 3 0x80009854 (0x0143e033)
core   0: 0x80009858 (0x0077c533) xor     a0, a5, t2
core   0: 3 0x80009858 (0x0077c533) x10 0x80015ce5
core   0: 0x8000985c (0x3c05a337) lui     t1, 0x3c05a
core   0: 3 0x8000985c (0x3c05a337) x 6 0x3c05a000
core   0: 0x80009860 (0x00078133) add     sp, a5, zero
core   0: 3 0x80009860 (0x00078133) x 2 0x00000001
core   0: 0x80009864 (0x46cd6eb7) lui     t4, 0x46cd6
core   0: 3 0x80009864 (0x46cd6eb7) x29 0x46cd6000
core   0: 0x80009868 (0xa8f68993) addi    s3, a3, -1393
core   0: 3 0x80009868 (0xa8f68993) x19 0xbfff524c
core   0: 0x8000986c (0x01d21033) sll     zero, tp, t4
core   0: 3 0x8000986c (0x01d21033)
core   0: 0x80009870 (0x01b15193) srli    gp, sp, 27
core   0: 3 0x80009870 (0x01b15193) x 3 0x00000000
core   0: 0x80009874 (0x9db47593) andi    a1, s0, -1573
core   0: 3 0x80009874 (0x9db47593) x11 0xc390a800
core   0: 0x80009878 (0x00000013) nop
core   0: 3 0x80009878 (0x00000013)
core   0: 0x8000987c (0x7af57e13) andi    t3, a0, 1967
core   0: 3 0x8000987c (0x7af57e13) x28 0x000004a5
core   0: 0x80009880 (0xc5ef0213) addi    tp, t5, -930
core   0: 3 0x80009880 (0xc5ef0213) x 4 0xff66e45e
core   0: 0x80009884 (0x01568c33) add     s8, a3, s5
core   0: 3 0x80009884 (0x01568c33) x24 0xbffebea5
core   0: 0x80009888 (0x003b3033) sltu    zero, s6, gp
core   0: 3 0x80009888 (0x003b3033)
core   0: 0x8000988c (0xb98aeb93) ori     s7, s5, -1128
core   0: 3 0x8000988c (0xb98aeb93) x23 0xfffffff8
core   0: 0x80009890 (0x145cb593) sltiu   a1, s9, 325
core   0: 3 0x80009890 (0x145cb593) x11 0x00000000
core   0: 0x80009894 (0xdfae3693) sltiu   a3, t3, -518
core   0: 3 0x80009894 (0xdfae3693) x13 0x00000001
core   0: 0x80009898 (0x00675793) srli    a5, a4, 6
core   0: 3 0x80009898 (0x00675793) x15 0x03fffffb
core   0: 0x8000989c (0x00b25093) srli    ra, tp, 11
core   0: 3 0x8000989c (0x00b25093) x 1 0x001fecdc
core   0: 0x800098a0 (0xa8e9b413) sltiu   s0, s3, -1394
core   0: 3 0x800098a0 (0xa8e9b413) x 8 0x00000001
core   0: 0x800098a4 (0x00950433) add     s0, a0, s1
core   0: 3 0x800098a4 (0x00950433) x 8 0xbcf3cae5
core   0: 0x800098a8 (0x017a41b3) xor     gp, s4, s7
core   0: 3 0x800098a8 (0x017a41b3) x 3 0x4ec003fb
core   0: 0x800098ac (0xd07ce793) ori     a5, s9, -761
core   0: 3 0x800098ac (0xd07ce793) x15 0xfffffd07
core   0: 0x800098b0 (0x00de8633) add     a2, t4, a3
core   0: 3 0x800098b0 (0x00de8633) x12 0x46cd6001
core   0: 0x800098b4 (0x40aa5b93) srai    s7, s4, 10
core   0: 3 0x800098b4 (0x40aa5b93) x23 0xffec4fff
core   0: 0x800098b8 (0xc2656817) auipc   a6, 0xc2656
core   0: 3 0x800098b8 (0xc2656817) x16 0x4265f8b8
core   0: 0x800098bc (0x1d0c2093) slti    ra, s8, 464
core   0: 3 0x800098bc (0x1d0c2093) x 1 0x00000001
core   0: 0x800098c0 (0x003a7433) and     s0, s4, gp
core   0: 3 0x800098c0 (0x003a7433) x 8 0x00000003
core   0: 0x800098c4 (0x01185cb3) srl     s9, a6, a7
core   0: 3 0x800098c4 (0x01185cb3) x25 0x04265f8b
core   0: 0x800098c8 (0x53f66e37) lui     t3, 0x53f66
core   0: 3 0x800098c8 (0x53f66e37) x28 0x53f66000
core   0: 0x800098cc (0x6cbe4593) xori    a1, t3, 1739
core   0: 3 0x800098cc (0x6cbe4593) x11 0x53f666cb
core   0: 0x800098d0 (0x0173d333) srl     t1, t2, s7
core   0: 3 0x800098d0 (0x0173d333) x 6 0x00000001
core   0: 0x800098d4 (0xf165b093) sltiu   ra, a1, -234
core   0: 3 0x800098d4 (0xf165b093) x 1 0x00000001
core   0: 0x800098d8 (0x01064433) xor     s0, a2, a6
core   0: 3 0x800098d8 (0x01064433) x 8 0x04a898b9
core   0: 0x800098dc (0x4122dc93) srai    s9, t0, 18
core   0: 3 0x800098dc (0x4122dc93) x25 0xffffffd8
core   0: 0x800098e0 (0x005297b3) sll     a5, t0, t0
core   0: 3 0x800098e0 (0x005297b3) x15 0xff62c000
core   0: 0x800098e4 (0x0092cdb3) xor     s11, t0, s1
core   0: 3 0x800098e4 (0x0092cdb3) x27 0xc390ae00
core   0: 0x800098e8 (0x40995f33) sra     t5, s2, s1
core   0: 3 0x800098e8 (0x40995f33) x30 0xf9c397b6
core   0: 0x800098ec (0x400edcb3) sra     s9, t4, zero
core   0: 3 0x800098ec (0x400edcb3) x25 0x46cd6000
core   0: 0x800098f0 (0x008c1e13) slli    t3, s8, 8
core   0: 3 0x800098f0 (0x008c1e13) x28 0xfebea500
core   0: 0x800098f4 (0x00000013) nop
core   0: 3 0x800098f4 (0x00000013)
core   0: 0x800098f8 (0xe570cd13) xori    s10, ra, -425
core   0: 3 0x800098f8 (0xe570cd13) x26 0xfffffe56
core   0: 0x800098fc (0x41518d33) sub     s10, gp, s5
core   0: 3 0x800098fc (0x41518d33) x26 0x4ec09d13
core   0: 0x80009900 (0x4021dab3) sra     s5, gp, sp
core   0: 3 0x80009900 (0x4021dab3) x21 0x276001fd
core   0: 0x80009904 (0xbcd3b297) auipc   t0, 0xbcd3b
core   0: 3 0x80009904 (0xbcd3b297) x 5 0x3cd44904
core   0: 0x80009908 (0xaa3e6593) ori     a1, t3, -1373
core   0: 3 0x80009908 (0xaa3e6593) x11 0xffffffa3
core   0: 0x8000990c (0x85c74e13) xori    t3, a4, -1956
core   0: 3 0x8000990c (0x85c74e13) x28 0x00000699
core   0: 0x80009910 (0x01d05693) srli    a3, zero, 29
core   0: 3 0x80009910 (0x01d05693) x13 0x00000000
core   0: 0x80009914 (0x40245113) srai    sp, s0, 2
core   0: 3 0x80009914 (0x40245113) x 2 0x012a262e
core   0: 0x80009918 (0x00a6ca33) xor     s4, a3, a0
core   0: 3 0x80009918 (0x00a6ca33) x20 0x80015ce5
core   0: 0x8000991c (0x419cd533) sra     a0, s9, s9
core   0: 3 0x8000991c (0x419cd533) x10 0x46cd6000
core   0: 0x80009920 (0x0173beb3) sltu    t4, t2, s7
core   0: 3 0x80009920 (0x0173beb3) x29 0x00000001
core   0: 0x80009924 (0x01183fb3) sltu    t6, a6, a7
core   0: 3 0x80009924 (0x01183fb3) x31 0x00000001
core   0: 0x80009928 (0x84a6a813) slti    a6, a3, -1974
core   0: 3 0x80009928 (0x84a6a813) x16 0x00000000
core   0: 0x8000992c (0x0067a933) slt     s2, a5, t1
core   0: 3 0x8000992c (0x0067a933) x18 0x00000001
core   0: 0x80009930 (0x407959b3) sra     s3, s2, t2
core   0: 3 0x80009930 (0x407959b3) x19 0x00000000
core   0: 0x80009934 (0x01ec8833) add     a6, s9, t5
core   0: 3 0x80009934 (0x01ec8833) x16 0x4090f7b6
core   0: 0x80009938 (0x52643793) sltiu   a5, s0, 1318
core   0: 3 0x80009938 (0x52643793) x15 0x00000000
core   0: 0x8000993c (0xf79e9797) auipc   a5, 0xf79e9
core   0: 3 0x8000993c (0xf79e9797) x15 0x779f293c
core   0: 0x80009940 (0x412fdb93) srai    s7, t6, 18
core   0: 3 0x80009940 (0x412fdb93) x23 0x00000000
core   0: 0x80009944 (0x2430e813) ori     a6, ra, 579
core   0: 3 0x80009944 (0x2430e813) x16 0x00000243
core   0: 0x80009948 (0x01541133) sll     sp, s0, s5
core   0: 3 0x80009948 (0x01541133) x 2 0x20000000
core   0: 0x8000994c (0x4199d293) srai    t0, s3, 25
core   0: 3 0x8000994c (0x4199d293) x 5 0x00000000
core   0: 0x80009950 (0x019bd933) srl     s2, s7, s9
core   0: 3 0x80009950 (0x019bd933) x18 0x00000000
core   0: 0x80009954 (0x419d51b3) sra     gp, s10, s9
core   0: 3 0x80009954 (0x419d51b3) x 3 0x4ec09d13
core   0: 0x80009958 (0x00de7633) and     a2, t3, a3
core   0: 3 0x80009958 (0x00de7633) x12 0x00000000
core   0: 0x8000995c (0x00f8b533) sltu    a0, a7, a5
core   0: 3 0x8000995c (0x00f8b533) x10 0x00000000
core   0: 0x80009960 (0xcdec0617) auipc   a2, 0xcdec0
core   0: 3 0x80009960 (0xcdec0617) x12 0x4dec9960
core   0: 0x80009964 (0x018b75b3) and     a1, s6, s8
core   0: 3 0x80009964 (0x018b75b3) x11 0xa88296a1
core   0: 0x80009968 (0x005e9333) sll     t1, t4, t0
core   0: 3 0x80009968 (0x005e9333) x 6 0x00000001
core   0: 0x8000996c (0x914fd517) auipc   a0, 0x914fd
core   0: 3 0x8000996c (0x914fd517) x10 0x1150696c
core   0: 0x80009970 (0x00000013) nop
core   0: 3 0x80009970 (0x00000013)
core   0: 0x80009974 (0x01dc9013) slli    zero, s9, 29
core   0: 3 0x80009974 (0x01dc9013)
core   0: 0x80009978 (0x017f4e33) xor     t3, t5, s7
core   0: 3 0x80009978 (0x017f4e33) x28 0xf9c397b6
core   0: 0x8000997c (0x01afa7b3) slt     a5, t6, s10
core   0: 3 0x8000997c (0x01afa7b3) x15 0x00000001
core   0: 0x80009980 (0x00b9dab3) srl     s5, s3, a1
core   0: 3 0x80009980 (0x00b9dab3) x21 0x00000000
core   0: 0x80009984 (0x7dfa6413) ori     s0, s4, 2015
core   0: 3 0x80009984 (0x7dfa6413) x 8 0x80015fff
core   0: 0x80009988 (0x01870d13) addi    s10, a4, 24
core   0: 3 0x80009988 (0x01870d13) x26 0xfffffedd
core   0: 0x8000998c (0xf9efd5b7) lui     a1, 0xf9efd
core   0: 3 0x8000998c (0xf9efd5b7) x11 0xf9efd000
core   0: 0x80009990 (0xd81c7d13) andi    s10, s8, -639
core   0: 3 0x80009990 (0xd81c7d13) x26 0xbffebc81
core   0: 0x80009994 (0x011fd633) srl     a2, t6, a7
core   0: 3 0x80009994 (0x011fd633) x12 0x00000000
core   0: 0x80009998 (0x18859c17) auipc   s8, 0x18859
core   0: 3 0x80009998 (0x18859c17) x24 0x98862998
core   0: 0x8000999c (0x00dd6933) or      s2, s10, a3
core   0: 3 0x8000999c (0x00dd6933) x18 0xbffebc81
core   0: 0x800099a0 (0xa9628113) addi    sp, t0, -1386
core   0: 3 0x800099a0 (0xa9628113) x 2 0xfffffa96
core   0: 0x800099a4 (0x64da8d93) addi    s11, s5, 1613
core   0: 3 0x800099a4 (0x64da8d93) x27 0x0000064d
core   0: 0x800099a8 (0x5695fc13) andi    s8, a1, 1385
core   0: 3 0x800099a8 (0x5695fc13) x24 0x00000000
core   0: 0x800099ac (0xd4f3c613) xori    a2, t2, -689
core   0: 3 0x800099ac (0xd4f3c613) x12 0x7ffea1ab
core   0: 0x800099b0 (0x013e39b3) sltu    s3, t3, s3
core   0: 3 0x800099b0 (0x013e39b3) x19 0x00000000
core   0: 0x800099b4 (0x3c4b8217) auipc   tp, 0x3c4b8
core   0: 3 0x800099b4 (0x3c4b8217) x 4 0xbc4c19b4
core   0: 0x800099b8 (0xe83b5d97) auipc   s11, 0xe83b5
core   0: 3 0x800099b8 (0xe83b5d97) x27 0x683be9b8
core   0: 0x800099bc (0x000f5ab3) srl     s5, t5, zero
core   0: 3 0x800099bc (0x000f5ab3) x21 0xf9c397b6
core   0: 0x800099c0 (0xe8a75a37) lui     s4, 0xe8a75
core   0: 3 0x800099c0 (0xe8a75a37) x20 0xe8a75000
core   0: 0x800099c4 (0xb7ba8f93) addi    t6, s5, -1157
core   0: 3 0x800099c4 (0xb7ba8f93) x31 0xf9c39331
core   0: 0x800099c8 (0x41b10933) sub     s2, sp, s11
core   0: 3 0x800099c8 (0x41b10933) x18 0x97c410de
core   0: 0x800099cc (0x41c55cb3) sra     s9, a0, t3
core   0: 3 0x800099cc (0x41c55cb3) x25 0x00000045
core   0: 0x800099d0 (0x2475e513) ori     a0, a1, 583
core   0: 3 0x800099d0 (0x2475e513) x10 0xf9efd247
core   0: 0x800099d4 (0x40c85093) srai    ra, a6, 12
core   0: 3 0x800099d4 (0x40c85093) x 1 0x00000000
core   0: 0x800099d8 (0xf82bb293) sltiu   t0, s7, -126
core   0: 3 0x800099d8 (0xf82bb293) x 5 0x00000001
core   0: 0x800099dc (0xa21da693) slti    a3, s11, -1503
core   0: 3 0x800099dc (0xa21da693) x13 0x00000000
core   0: 0x800099e0 (0xd185d497) auipc   s1, 0xd185d
core   0: 3 0x800099e0 (0xd185d497) x 9 0x518669e0
core   0: 0x800099e4 (0x7b946413) ori     s0, s0, 1977
core   0: 3 0x800099e4 (0x7b946413) x 8 0x80015fff
core   0: 0x800099e8 (0x40605e33) sra     t3, zero, t1
core   0: 3 0x800099e8 (0x40605e33) x28 0x00000000
core   0: 0x800099ec (0xc16c6613) ori     a2, s8, -1002
core   0: 3 0x800099ec (0xc16c6613) x12 0xfffffc16
core   0: 0x800099f0 (0xa1e022b7) lui     t0, 0xa1e02
core   0: 3 0x800099f0 (0xa1e022b7) x 5 0xa1e02000
core   0: 0x800099f4 (0xe4cfd317) auipc   t1, 0xe4cfd
core   0: 3 0x800099f4 (0xe4cfd317) x 6 0x64d069f4
core   0: 0x800099f8 (0x40ae7617) auipc   a2, 0x40ae7
core   0: 3 0x800099f8 (0x40ae7617) x12 0xc0af09f8
core   0: 0x800099fc (0x012430b3) sltu    ra, s0, s2
core   0: 3 0x800099fc (0x012430b3) x 1 0x00000001
core   0: 0x80009a00 (0x009a1033) sll     zero, s4, s1
core   0: 3 0x80009a00 (0x009a1033)
core   0: 0x80009a04 (0x1c413c93) sltiu   s9, sp, 452
core   0: 3 0x80009a04 (0x1c413c93) x25 0x00000000
core   0: 0x80009a08 (0xcc384193) xori    gp, a6, -829
core   0: 3 0x80009a08 (0xcc384193) x 3 0xfffffe80
core   0: 0x80009a0c (0x00e99e93) slli    t4, s3, 14
core   0: 3 0x80009a0c (0x00e99e93) x29 0x00000000
core   0: 0x80009a10 (0x01029bb3) sll     s7, t0, a6
core   0: 3 0x80009a10 (0x01029bb3) x23 0x0f010000
core   0: 0x80009a14 (0xe5a06213) ori     tp, zero, -422
core   0: 3 0x80009a14 (0xe5a06213) x 4 0xfffffe5a
core   0: 0x80009a18 (0x01900d33) add     s10, zero, s9
core   0: 3 0x80009a18 (0x01900d33) x26 0x00000000
core   0: 0x80009a1c (0x75f16613) ori     a2, sp, 1887
core   0: 3 0x80009a1c (0x75f16613) x12 0xffffffdf
core   0: 0x80009a20 (0x4022df13) srai    t5, t0, 2
core   0: 3 0x80009a20 (0x4022df13) x30 0xe8780800
core   0: 0x80009a24 (0x410b5293) srai    t0, s6, 16
core   0: 3 0x80009a24 (0x410b5293) x 5 0xffffe883
core   0: 0x80009a28 (0x4a0b0a93) addi    s5, s6, 1184
core   0: 3 0x80009a28 (0x4a0b0a93) x21 0xe8839b81
core   0: 0x80009a2c (0x00ffd013) srli    zero, t6, 15
core   0: 3 0x80009a2c (0x00ffd013)
core   0: 0x80009a30 (0xfddf4013) xori    zero, t5, -35
core   0: 3 0x80009a30 (0xfddf4013)
core   0: 0x80009a34 (0x00dd7cb3) and     s9, s10, a3
core   0: 3 0x80009a34 (0x00dd7cb3) x25 0x00000000
core   0: 0x80009a38 (0x0cd43a13) sltiu   s4, s0, 205
core   0: 3 0x80009a38 (0x0cd43a13) x20 0x00000000
core   0: 0x80009a3c (0x0060c533) xor     a0, ra, t1
core   0: 3 0x80009a3c (0x0060c533) x10 0x64d069f5
core   0: 0x80009a40 (0x0029d633) srl     a2, s3, sp
core   0: 3 0x80009a40 (0x0029d633) x12 0x00000000
core   0: 0x80009a44 (0x0147f433) and     s0, a5, s4
core   0: 3 0x80009a44 (0x0147f433) x 8 0x00000000
core   0: 0x80009a48 (0x001fd193) srli    gp, t6, 1
core   0: 3 0x80009a48 (0x001fd193) x 3 0x7ce1c998
core   0: 0x80009a4c (0x59c42613) slti    a2, s0, 1436
core   0: 3 0x80009a4c (0x59c42613) x12 0x00000001
core   0: 0x80009a50 (0xcc3a8817) auipc   a6, 0xcc3a8
core   0: 3 0x80009a50 (0xcc3a8817) x16 0x4c3b1a50
core   0: 0x80009a54 (0x0138e333) or      t1, a7, s3
core   0: 3 0x80009a54 (0x0138e333) x 6 0x80011e64
core   0: 0x80009a58 (0x688be593) ori     a1, s7, 1672
core   0: 3 0x80009a58 (0x688be593) x11 0x0f010688
core   0: 0x80009a5c (0x72988093) addi    ra, a7, 1833
core   0: 3 0x80009a5c (0x72988093) x 1 0x8001258d
core   0: 0x80009a60 (0x315ac937) lui     s2, 0x315ac
core   0: 3 0x80009a60 (0x315ac937) x18 0x315ac000
core   0: 0x80009a64 (0x41f00ab3) sub     s5, zero, t6
core   0: 3 0x80009a64 (0x41f00ab3) x21 0x063c6ccf
core   0: 0x80009a68 (0x418b0233) sub     tp, s6, s8
core   0: 3 0x80009a68 (0x418b0233) x 4 0xe88396e1
core   0: 0x80009a6c (0x01b702b3) add     t0, a4, s11
core   0: 3 0x80009a6c (0x01b702b3) x 5 0x683be87d
core   0: 0x80009a70 (0x0019b233) sltu    tp, s3, ra
core   0: 3 0x80009a70 (0x0019b233) x 4 0x00000001
core   0: 0x80009a74 (0x41738ab3) sub     s5, t2, s7
core   0: 3 0x80009a74 (0x41738ab3) x21 0x71005ce4
core   0: 0x80009a78 (0x012cb433) sltu    s0, s9, s2
core   0: 3 0x80009a78 (0x012cb433) x 8 0x00000001
core   0: 0x80009a7c (0xd79a2993) slti    s3, s4, -647
core   0: 3 0x80009a7c (0xd79a2993) x19 0x00000000
core   0: 0x80009a80 (0x85f64837) lui     a6, 0x85f64
core   0: 3 0x80009a80 (0x85f64837) x16 0x85f64000
core   0: 0x80009a84 (0x01744cb3) xor     s9, s0, s7
core   0: 3 0x80009a84 (0x01744cb3) x25 0x0f010001
core   0: 0x80009a88 (0x00382d33) slt     s10, a6, gp
core   0: 3 0x80009a88 (0x00382d33) x26 0x00000001
core   0: 0x80009a8c (0x019b6eb3) or      t4, s6, s9
core   0: 3 0x80009a8c (0x019b6eb3) x29 0xef8396e1
core   0: 0x80009a90 (0x282c6213) ori     tp, s8, 642
core   0: 3 0x80009a90 (0x282c6213) x 4 0x00000282
core   0: 0x80009a94 (0x40edde93) srai    t4, s11, 14
core   0: 3 0x80009a94 (0x40edde93) x29 0x0001a0ef
core   0: 0x80009a98 (0x40275013) srai    zero, a4, 2
core   0: 3 0x80009a98 (0x40275013)
core   0: 0x80009a9c (0x01aac9b3) xor     s3, s5, s10
core   0: 3 0x80009a9c (0x01aac9b3) x19 0x71005ce5
core   0: 0x80009aa0 (0x7644b693) sltiu   a3, s1, 1892
core   0: 3 0x80009aa0 (0x7644b693) x13 0x00000000
core   0: 0x80009aa4 (0x01a31813) slli    a6, t1, 26
core   0: 3 0x80009aa4 (0x01a31813) x16 0x90000000
core   0: 0x80009aa8 (0x012c9c33) sll     s8, s9, s2
core   0: 3 0x80009aa8 (0x012c9c33) x24 0x0f010001
core   0: 0x80009aac (0x00e79813) slli    a6, a5, 14
core   0: 3 0x80009aac (0x00e79813) x16 0x00004000
core   0: 0x80009ab0 (0x92f63e93) sltiu   t4, a2, -1745
core   0: 3 0x80009ab0 (0x92f63e93) x29 0x00000001
core   0: 0x80009ab4 (0x7438dcb7) lui     s9, 0x7438d
core   0: 3 0x80009ab4 (0x7438dcb7) x25 0x7438d000
core   0: 0x80009ab8 (0x50622713) slti    a4, tp, 1286
core   0: 3 0x80009ab8 (0x50622713) x14 0x00000001
core   0: 0x80009abc (0x418d8733) sub     a4, s11, s8
core   0: 3 0x80009abc (0x418d8733) x14 0x593ae9b7
core   0: 0x80009ac0 (0x00824d33) xor     s10, tp, s0
core   0: 3 0x80009ac0 (0x00824d33) x26 0x00000283
core   0: 0x80009ac4 (0x4190dd13) srai    s10, ra, 25
core   0: 3 0x80009ac4 (0x4190dd13) x26 0xffffffc0
core   0: 0x80009ac8 (0x41dcd193) srai    gp, s9, 29
core   0: 3 0x80009ac8 (0x41dcd193) x 3 0x00000003
core   0: 0x80009acc (0x7386c4b7) lui     s1, 0x7386c
core   0: 3 0x80009acc (0x7386c4b7) x 9 0x7386c000
core   0: 0x80009ad0 (0x01be2cb3) slt     s9, t3, s11
core   0: 3 0x80009ad0 (0x01be2cb3) x25 0x00000001
core   0: 0x80009ad4 (0x00f960b3) or      ra, s2, a5
core   0: 3 0x80009ad4 (0x00f960b3) x 1 0x315ac001
core   0: 0x80009ad8 (0x00979213) slli    tp, a5, 9
core   0: 3 0x80009ad8 (0x00979213) x 4 0x00000200
core   0: 0x80009adc (0x015b1233) sll     tp, s6, s5
core   0: 3 0x80009adc (0x015b1233) x 4 0x88396e10
core   0: 0x80009ae0 (0x00355013) srli    zero, a0, 3
core   0: 3 0x80009ae0 (0x00355013)
core   0: 0x80009ae4 (0x00c5dab3) srl     s5, a1, a2
core   0: 3 0x80009ae4 (0x00c5dab3) x21 0x07808344
core   0: 0x80009ae8 (0xc90f7013) andi    zero, t5, -880
core   0: 3 0x80009ae8 (0xc90f7013)
core   0: 0x80009aec (0x0135dcb3) srl     s9, a1, s3
core   0: 3 0x80009aec (0x0135dcb3) x25 0x00780834
core   0: 0x80009af0 (0x4132d5b3) sra     a1, t0, s3
core   0: 3 0x80009af0 (0x4132d5b3) x11 0x0341df43
core   0: 0x80009af4 (0x014ed293) srli    t0, t4, 20
core   0: 3 0x80009af4 (0x014ed293) x 5 0x00000000
core   0: 0x80009af8 (0x41d9d433) sra     s0, s3, t4
core   0: 3 0x80009af8 (0x41d9d433) x 8 0x38802e72
core   0: 0x80009afc (0x01e636b3) sltu    a3, a2, t5
core   0: 3 0x80009afc (0x01e636b3) x13 0x00000001
core   0: 0x80009b00 (0x846a3413) sltiu   s0, s4, -1978
core   0: 3 0x80009b00 (0x846a3413) x 8 0x00000001
core   0: 0x80009b04 (0xa7a2c013) xori    zero, t0, -1414
core   0: 3 0x80009b04 (0xa7a2c013)
core   0: 0x80009b08 (0x58b7c193) xori    gp, a5, 1419
core   0: 3 0x80009b08 (0x58b7c193) x 3 0x0000058a
core   0: 0x80009b0c (0xf1183a13) sltiu   s4, a6, -239
core   0: 3 0x80009b0c (0xf1183a13) x20 0x00000001
core   0: 0x80009b10 (0x40e787b3) sub     a5, a5, a4
core   0: 3 0x80009b10 (0x40e787b3) x15 0xa6c5164a
core   0: 0x80009b14 (0x40160a33) sub     s4, a2, ra
core   0: 3 0x80009b14 (0x40160a33) x20 0xcea54000
core   0: 0x80009b18 (0x007d5a13) srli    s4, s10, 7
core   0: 3 0x80009b18 (0x007d5a13) x20 0x01ffffff
core   0: 0x80009b1c (0x007e46b3) xor     a3, t3, t2
core   0: 3 0x80009b1c (0x007e46b3) x13 0x80015ce4
core   0: 0x80009b20 (0x00a69db3) sll     s11, a3, a0
core   0: 3 0x80009b20 (0x00a69db3) x27 0x9c800000
core   0: 0x80009b24 (0x7e5a8e13) addi    t3, s5, 2021
core   0: 3 0x80009b24 (0x7e5a8e13) x28 0x07808b29
core   0: 0x80009b28 (0x01881813) slli    a6, a6, 24
core   0: 3 0x80009b28 (0x01881813) x16 0x00000000
core   0: 0x80009b2c (0x405bd713) srai    a4, s7, 5
core   0: 3 0x80009b2c (0x405bd713) x14 0x00780800
core   0: 0x80009b30 (0x2ae42f13) slti    t5, s0, 686
core   0: 3 0x80009b30 (0x2ae42f13) x30 0x00000001
core   0: 0x80009b34 (0x00fe9793) slli    a5, t4, 15
core   0: 3 0x80009b34 (0x00fe9793) x15 0x00008000
core   0: 0x80009b38 (0x71597b93) andi    s7, s2, 1813
core   0: 3 0x80009b38 (0x71597b93) x23 0x00000000
core   0: 0x80009b3c (0x011505b3) add     a1, a0, a7
core   0: 3 0x80009b3c (0x011505b3) x11 0xe4d18859
core   0: 0x80009b40 (0x410ad413) srai    s0, s5, 16
core   0: 3 0x80009b40 (0x410ad413) x 8 0x00000780
core   0: 0x80009b44 (0x4619e613) ori     a2, s3, 1121
core   0: 3 0x80009b44 (0x4619e613) x12 0x71005ce5
core   0: 0x80009b48 (0x00585f13) srli    t5, a6, 5
core   0: 3 0x80009b48 (0x00585f13) x30 0x00000000
core   0: 0x80009b4c (0x6f774593) xori    a1, a4, 1783
core   0: 3 0x80009b4c (0x6f774593) x11 0x00780ef7
core   0: 0x80009b50 (0x3bed4297) auipc   t0, 0x3bed4
core   0: 3 0x80009b50 (0x3bed4297) x 5 0xbbeddb50
core   0: 0x80009b54 (0x011d6cb3) or      s9, s10, a7
core   0: 3 0x80009b54 (0x011d6cb3) x25 0xffffffe4
core   0: 0x80009b58 (0x00f6acb3) slt     s9, a3, a5
core   0: 3 0x80009b58 (0x00f6acb3) x25 0x00000001
core   0: 0x80009b5c (0x018e06b3) add     a3, t3, s8
core   0: 3 0x80009b5c (0x018e06b3) x13 0x16818b2a
core   0: 0x80009b60 (0x82301437) lui     s0, 0x82301
core   0: 3 0x80009b60 (0x82301437) x 8 0x82301000
core   0: 0x80009b64 (0x00575d13) srli    s10, a4, 5
core   0: 3 0x80009b64 (0x00575d13) x26 0x0003c040
core   0: 0x80009b68 (0x01688cb3) add     s9, a7, s6
core   0: 3 0x80009b68 (0x01688cb3) x25 0x6884b545
core   0: 0x80009b6c (0x92632937) lui     s2, 0x92632
core   0: 3 0x80009b6c (0x92632937) x18 0x92632000
core   0: 0x80009b70 (0x0035e0b3) or      ra, a1, gp
core   0: 3 0x80009b70 (0x0035e0b3) x 1 0x00780fff
core   0: 0x80009b74 (0x016b05b3) add     a1, s6, s6
core   0: 3 0x80009b74 (0x016b05b3) x11 0xd1072dc2
core   0: 0x80009b78 (0xe0cd2713) slti    a4, s10, -500
core   0: 3 0x80009b78 (0xe0cd2713) x14 0x00000000
core   0: 0x80009b7c (0x41945d33) sra     s10, s0, s9
core   0: 3 0x80009b7c (0x41945d33) x26 0xfc118080
core   0: 0x80009b80 (0x7f8f4113) xori    sp, t5, 2040
core   0: 3 0x80009b80 (0x7f8f4113) x 2 0x000007f8
core   0: 0x80009b84 (0x5117bc13) sltiu   s8, a5, 1297
core   0: 3 0x80009b84 (0x5117bc13) x24 0x00000000
core   0: 0x80009b88 (0x0093a133) slt     sp, t2, s1
core   0: 3 0x80009b88 (0x0093a133) x 2 0x00000001
core   0: 0x80009b8c (0x014b0633) add     a2, s6, s4
core   0: 3 0x80009b8c (0x014b0633) x12 0xea8396e0
core   0: 0x80009b90 (0x68697793) andi    a5, s2, 1670
core   0: 3 0x80009b90 (0x68697793) x15 0x00000000
core   0: 0x80009b94 (0x1e3f2593) slti    a1, t5, 483
core   0: 3 0x80009b94 (0x1e3f2593) x11 0x00000001
core   0: 0x80009b98 (0x4c026913) ori     s2, tp, 1216
core   0: 3 0x80009b98 (0x4c026913) x18 0x88396ed0
core   0: 0x80009b9c (0x00e61293) slli    t0, a2, 14
core   0: 3 0x80009b9c (0x00e61293) x 5 0xe5b80000
core   0: 0x80009ba0 (0x41355eb3) sra     t4, a0, s3
core   0: 3 0x80009ba0 (0x41355eb3) x29 0x0326834f
core   0: 0x80009ba4 (0xc3b3b013) sltiu   zero, t2, -965
core   0: 3 0x80009ba4 (0xc3b3b013)
core   0: 0x80009ba8 (0x01f4c0b3) xor     ra, s1, t6
core   0: 3 0x80009ba8 (0x01f4c0b3) x 1 0x8a455331
core   0: 0x80009bac (0x014d9d13) slli    s10, s11, 20
core   0: 3 0x80009bac (0x014d9d13) x26 0x00000000
core   0: 0x80009bb0 (0x7e800313) li      t1, 2024
core   0: 3 0x80009bb0 (0x7e800313) x 6 0x000007e8
core   0: 0x80009bb4 (0xc7fc3093) sltiu   ra, s8, -897
core   0: 3 0x80009bb4 (0xc7fc3093) x 1 0x00000001
core   0: 0x80009bb8 (0x3f2cb093) sltiu   ra, s9, 1010
core   0: 3 0x80009bb8 (0x3f2cb093) x 1 0x00000000
core   0: 0x80009bbc (0x011676b3) and     a3, a2, a7
core   0: 3 0x80009bbc (0x011676b3) x13 0x80011660
core   0: 0x80009bc0 (0xfc99b193) sltiu   gp, s3, -55
core   0: 3 0x80009bc0 (0xfc99b193) x 3 0x00000001
core   0: 0x80009bc4 (0x334ad297) auipc   t0, 0x334ad
core   0: 3 0x80009bc4 (0x334ad297) x 5 0xb34b6bc4
core   0: 0x80009bc8 (0x7b6f2693) slti    a3, t5, 1974
core   0: 3 0x80009bc8 (0x7b6f2693) x13 0x00000001
core   0: 0x80009bcc (0x00165a33) srl     s4, a2, ra
core   0: 3 0x80009bcc (0x00165a33) x20 0xea8396e0
core   0: 0x80009bd0 (0x01e01d93) slli    s11, zero, 30
core   0: 3 0x80009bd0 (0x01e01d93) x27 0x00000000
core   0: 0x80009bd4 (0xe66e7713) andi    a4, t3, -410
core   0: 3 0x80009bd4 (0xe66e7713) x14 0x07808a20
core   0: 0x80009bd8 (0x5742f913) andi    s2, t0, 1396
core   0: 3 0x80009bd8 (0x5742f913) x18 0x00000144
core   0: 0x80009bdc (0xd33c5837) lui     a6, 0xd33c5
core   0: 3 0x80009bdc (0xd33c5837) x16 0xd33c5000
core   0: 0x80009be0 (0x6785deb7) lui     t4, 0x6785d
core   0: 3 0x80009be0 (0x6785deb7) x29 0x6785d000
core   0: 0x80009be4 (0x0105cdb3) xor     s11, a1, a6
core   0: 3 0x80009be4 (0x0105cdb3) x27 0xd33c5001
core   0: 0x80009be8 (0x7a5a8493) addi    s1, s5, 1957
core   0: 3 0x80009be8 (0x7a5a8493) x 9 0x07808ae9
core   0: 0x80009bec (0x01dc5433) srl     s0, s8, t4
core   0: 3 0x80009bec (0x01dc5433) x 8 0x00000000
core   0: 0x80009bf0 (0x000d1db3) sll     s11, s10, zero
core   0: 3 0x80009bf0 (0x000d1db3) x27 0x00000000
core   0: 0x80009bf4 (0x41ab0033) sub     zero, s6, s10
core   0: 3 0x80009bf4 (0x41ab0033)
core   0: 0x80009bf8 (0xee607f93) andi    t6, zero, -282
core   0: 3 0x80009bf8 (0xee607f93) x31 0x00000000
core   0: 0x80009bfc (0x01107c33) and     s8, zero, a7
core   0: 3 0x80009bfc (0x01107c33) x24 0x00000000
core   0: 0x80009c00 (0x019cddb3) srl     s11, s9, s9
core   0: 3 0x80009c00 (0x019cddb3) x27 0x034425aa
core   0: 0x80009c04 (0x01323eb3) sltu    t4, tp, s3
core   0: 3 0x80009c04 (0x01323eb3) x29 0x00000000
core   0: 0x80009c08 (0x0039f0b3) and     ra, s3, gp
core   0: 3 0x80009c08 (0x0039f0b3) x 1 0x00000001
core   0: 0x80009c0c (0xbb20bf13) sltiu   t5, ra, -1102
core   0: 3 0x80009c0c (0xbb20bf13) x30 0x00000001
core   0: 0x80009c10 (0x2187e793) ori     a5, a5, 536
core   0: 3 0x80009c10 (0x2187e793) x15 0x00000218
core   0: 0x80009c14 (0xaff5b7b7) lui     a5, 0xaff5b
core   0: 3 0x80009c14 (0xaff5b7b7) x15 0xaff5b000
core   0: 0x80009c18 (0x294b7193) andi    gp, s6, 660
core   0: 3 0x80009c18 (0x294b7193) x 3 0x00000280
core   0: 0x80009c1c (0x473a3b93) sltiu   s7, s4, 1139
core   0: 3 0x80009c1c (0x473a3b93) x23 0x00000000
core   0: 0x80009c20 (0x0080dc13) srli    s8, ra, 8
core   0: 3 0x80009c20 (0x0080dc13) x24 0x00000000
core   0: 0x80009c24 (0xcdd57493) andi    s1, a0, -803
core   0: 3 0x80009c24 (0xcdd57493) x 9 0x64d068d5
core   0: 0x80009c28 (0x009f9813) slli    a6, t6, 9
core   0: 3 0x80009c28 (0x009f9813) x16 0x00000000
core   0: 0x80009c2c (0x00000013) nop
core   0: 3 0x80009c2c (0x00000013)
core   0: 0x80009c30 (0xfc230217) auipc   tp, 0xfc230
core   0: 3 0x80009c30 (0xfc230217) x 4 0x7c239c30
core   0: 0x80009c34 (0x40a38cb3) sub     s9, t2, a0
core   0: 3 0x80009c34 (0x40a38cb3) x25 0x1b30f2ef
core   0: 0x80009c38 (0x411edc93) srai    s9, t4, 17
core   0: 3 0x80009c38 (0x411edc93) x25 0x00000000
core   0: 0x80009c3c (0x01ccd193) srli    gp, s9, 28
core   0: 3 0x80009c3c (0x01ccd193) x 3 0x00000000
core   0: 0x80009c40 (0x00594c33) xor     s8, s2, t0
core   0: 3 0x80009c40 (0x00594c33) x24 0xb34b6a80
core   0: 0x80009c44 (0x41892037) lui     zero, 0x41892
core   0: 3 0x80009c44 (0x41892037)
core   0: 0x80009c48 (0x8d1f7493) andi    s1, t5, -1839
core   0: 3 0x80009c48 (0x8d1f7493) x 9 0x00000001
core   0: 0x80009c4c (0x405850b3) sra     ra, a6, t0
core   0: 3 0x80009c4c (0x405850b3) x 1 0x00000000
core   0: 0x80009c50 (0x737bac93) slti    s9, s7, 1847
core   0: 3 0x80009c50 (0x737bac93) x25 0x00000001
core   0: 0x80009c54 (0x00000013) nop
core   0: 3 0x80009c54 (0x00000013)
core   0: 0x80009c58 (0xab966f37) lui     t5, 0xab966
core   0: 3 0x80009c58 (0xab966f37) x30 0xab966000
core   0: 0x80009c5c (0x005749b3) xor     s3, a4, t0
core   0: 3 0x80009c5c (0x005749b3) x19 0xb4cbe1e4
core   0: 0x80009c60 (0x01a99333) sll     t1, s3, s10
core   0: 3 0x80009c60 (0x01a99333) x 6 0xb4cbe1e4
core   0: 0x80009c64 (0x0168dc33) srl     s8, a7, s6
core   0: 3 0x80009c64 (0x0168dc33) x24 0x40008f32
core   0: 0x80009c68 (0x00c07633) and     a2, zero, a2
core   0: 3 0x80009c68 (0x00c07633) x12 0x00000000
core   0: 0x80009c6c (0x04448293) addi    t0, s1, 68
core   0: 3 0x80009c6c (0x04448293) x 5 0x00000045
core   0: 0x80009c70 (0x01983133) sltu    sp, a6, s9
core   0: 3 0x80009c70 (0x01983133) x 2 0x00000001
core   0: 0x80009c74 (0x90ee3d13) sltiu   s10, t3, -1778
core   0: 3 0x80009c74 (0x90ee3d13) x26 0x00000001
core   0: 0x80009c78 (0xf745e313) ori     t1, a1, -140
core   0: 3 0x80009c78 (0xf745e313) x 6 0xffffff75
core   0: 0x80009c7c (0x01c739b3) sltu    s3, a4, t3
core   0: 3 0x80009c7c (0x01c739b3) x19 0x00000001
core   0: 0x80009c80 (0x01d674b3) and     s1, a2, t4
core   0: 3 0x80009c80 (0x01d674b3) x 9 0x00000000
core   0: 0x80009c84 (0x0132da93) srli    s5, t0, 19
core   0: 3 0x80009c84 (0x0132da93) x21 0x00000000
core   0: 0x80009c88 (0x7ea07417) auipc   s0, 0x7ea07
core   0: 3 0x80009c88 (0x7ea07417) x 8 0xfea10c88
core   0: 0x80009c8c (0x27ff8793) addi    a5, t6, 639
core   0: 3 0x80009c8c (0x27ff8793) x15 0x0000027f
core   0: 0x80009c90 (0x82ce5f37) lui     t5, 0x82ce5
core   0: 3 0x80009c90 (0x82ce5f37) x30 0x82ce5000
core   0: 0x80009c94 (0x40675e33) sra     t3, a4, t1
core   0: 3 0x80009c94 (0x40675e33) x28 0x0000003c
core   0: 0x80009c98 (0x01d67db3) and     s11, a2, t4
core   0: 3 0x80009c98 (0x01d67db3) x27 0x00000000
core   0: 0x80009c9c (0x01540833) add     a6, s0, s5
core   0: 3 0x80009c9c (0x01540833) x16 0xfea10c88
core   0: 0x80009ca0 (0x416e57b3) sra     a5, t3, s6
core   0: 3 0x80009ca0 (0x416e57b3) x15 0x0000001e
core   0: 0x80009ca4 (0x00965bb3) srl     s7, a2, s1
core   0: 3 0x80009ca4 (0x00965bb3) x23 0x00000000
core   0: 0x80009ca8 (0x00000013) nop
core   0: 3 0x80009ca8 (0x00000013)
core   0: 0x80009cac (0x60f09137) lui     sp, 0x60f09
core   0: 3 0x80009cac (0x60f09137) x 2 0x60f09000
core   0: 0x80009cb0 (0xd448e493) ori     s1, a7, -700
core   0: 3 0x80009cb0 (0xd448e493) x 9 0xffffff64
core   0: 0x80009cb4 (0x00659a13) slli    s4, a1, 6
core   0: 3 0x80009cb4 (0x00659a13) x20 0x00000040
core   0: 0x80009cb8 (0x4128db93) srai    s7, a7, 18
core   0: 3 0x80009cb8 (0x4128db93) x23 0xffffe000
core   0: 0x80009cbc (0x007dd913) srli    s2, s11, 7
core   0: 3 0x80009cbc (0x007dd913) x18 0x00000000
core   0: 0x80009cc0 (0x00000013) nop
core   0: 3 0x80009cc0 (0x00000013)
core   0: 0x80009cc4 (0x00000013) nop
core   0: 3 0x80009cc4 (0x00000013)
core   0: 0x80009cc8 (0x4116d093) srai    ra, a3, 17
core   0: 3 0x80009cc8 (0x4116d093) x 1 0x00000000
core   0: 0x80009ccc (0x58591db7) lui     s11, 0x58591
core   0: 3 0x80009ccc (0x58591db7) x27 0x58591000
core   0: 0x80009cd0 (0xdc4a65b7) lui     a1, 0xdc4a6
core   0: 3 0x80009cd0 (0xdc4a65b7) x11 0xdc4a6000
core   0: 0x80009cd4 (0x402c80b3) sub     ra, s9, sp
core   0: 3 0x80009cd4 (0x402c80b3) x 1 0x9f0f7001
core   0: 0x80009cd8 (0xf939c117) auipc   sp, 0xf939c
core   0: 3 0x80009cd8 (0xf939c117) x 2 0x793a5cd8
core   0: 0x80009cdc (0xfdc43337) lui     t1, 0xfdc43
core   0: 3 0x80009cdc (0xfdc43337) x 6 0xfdc43000
core   0: 0x80009ce0 (0xfc11fb93) andi    s7, gp, -63
core   0: 3 0x80009ce0 (0xfc11fb93) x23 0x00000000
core   0: 0x80009ce4 (0x01499e13) slli    t3, s3, 20
core   0: 3 0x80009ce4 (0x01499e13) x28 0x00100000
core   0: 0x80009ce8 (0x00cd1193) slli    gp, s10, 12
core   0: 3 0x80009ce8 (0x00cd1193) x 3 0x00001000
core   0: 0x80009cec (0x41870ab3) sub     s5, a4, s8
core   0: 3 0x80009cec (0x41870ab3) x21 0xc77ffaee
core   0: 0x80009cf0 (0x00f1a933) slt     s2, gp, a5
core   0: 3 0x80009cf0 (0x00f1a933) x18 0x00000000
core   0: 0x80009cf4 (0x0108a7b3) slt     a5, a7, a6
core   0: 3 0x80009cf4 (0x0108a7b3) x15 0x00000001
core   0: 0x80009cf8 (0x00f06d33) or      s10, zero, a5
core   0: 3 0x80009cf8 (0x00f06d33) x26 0x00000001
core   0: 0x80009cfc (0x00000013) nop
core   0: 3 0x80009cfc (0x00000013)
core   0: 0x80009d00 (0x0027ceb3) xor     t4, a5, sp
core   0: 3 0x80009d00 (0x0027ceb3) x29 0x793a5cd9
core   0: 0x80009d04 (0xe768d797) auipc   a5, 0xe768d
core   0: 3 0x80009d04 (0xe768d797) x15 0x67696d04
core   0: 0x80009d08 (0x00d8d613) srli    a2, a7, 13
core   0: 3 0x80009d08 (0x00d8d613) x12 0x00040008
core   0: 0x80009d0c (0x00000013) nop
core   0: 3 0x80009d0c (0x00000013)
core   0: 0x80009d10 (0x00f05513) srli    a0, zero, 15
core   0: 3 0x80009d10 (0x00f05513) x10 0x00000000
core   0: 0x80009d14 (0x5acc76b7) lui     a3, 0x5acc7
core   0: 3 0x80009d14 (0x5acc76b7) x13 0x5acc7000
core   0: 0x80009d18 (0x01541133) sll     sp, s0, s5
core   0: 3 0x80009d18 (0x01541133) x 2 0x43220000
core   0: 0x80009d1c (0x01438db3) add     s11, t2, s4
core   0: 3 0x80009d1c (0x01438db3) x27 0x80015d24
core   0: 0x80009d20 (0x0fa0e4b7) lui     s1, 0xfa0e
core   0: 3 0x80009d20 (0x0fa0e4b7) x 9 0x0fa0e000
core   0: 0x80009d24 (0x41870933) sub     s2, a4, s8
core   0: 3 0x80009d24 (0x41870933) x18 0xc77ffaee
core   0: 0x80009d28 (0x2664ce93) xori    t4, s1, 614
core   0: 3 0x80009d28 (0x2664ce93) x29 0x0fa0e266
core   0: 0x80009d2c (0x35abd937) lui     s2, 0x35abd
core   0: 3 0x80009d2c (0x35abd937) x18 0x35abd000
core   0: 0x80009d30 (0x017d3a33) sltu    s4, s10, s7
core   0: 3 0x80009d30 (0x017d3a33) x20 0x00000000
core   0: 0x80009d34 (0x045f6497) auipc   s1, 0x45f6
core   0: 3 0x80009d34 (0x045f6497) x 9 0x845ffd34
core   0: 0x80009d38 (0x007fe4b3) or      s1, t6, t2
core   0: 3 0x80009d38 (0x007fe4b3) x 9 0x80015ce4
core   0: 0x80009d3c (0xf4a1b593) sltiu   a1, gp, -182
core   0: 3 0x80009d3c (0xf4a1b593) x11 0x00000001
core   0: 0x80009d40 (0x00000013) nop
core   0: 3 0x80009d40 (0x00000013)
core   0: 0x80009d44 (0x2eada313) slti    t1, s11, 746
core   0: 3 0x80009d44 (0x2eada313) x 6 0x00000001
core   0: 0x80009d48 (0x00c31e33) sll     t3, t1, a2
core   0: 3 0x80009d48 (0x00c31e33) x28 0x00000100
core   0: 0x80009d4c (0x2a504b93) xori    s7, zero, 677
core   0: 3 0x80009d4c (0x2a504b93) x23 0x000002a5
core   0: 0x80009d50 (0x5e539c37) lui     s8, 0x5e539
core   0: 3 0x80009d50 (0x5e539c37) x24 0x5e539000
core   0: 0x80009d54 (0x01a9bcb3) sltu    s9, s3, s10
core   0: 3 0x80009d54 (0x01a9bcb3) x25 0x00000000
core   0: 0x80009d58 (0x00d11313) slli    t1, sp, 13
core   0: 3 0x80009d58 (0x00d11313) x 6 0x40000000
core   0: 0x80009d5c (0xc962c993) xori    s3, t0, -874
core   0: 3 0x80009d5c (0xc962c993) x19 0xfffffcd3
core   0: 0x80009d60 (0x707d5597) auipc   a1, 0x707d5
core   0: 3 0x80009d60 (0x707d5597) x11 0xf07ded60
core   0: 0x80009d64 (0x40ef5713) srai    a4, t5, 14
core   0: 3 0x80009d64 (0x40ef5713) x14 0xfffe0b39
core   0: 0x80009d68 (0x40cd5d93) srai    s11, s10, 12
core   0: 3 0x80009d68 (0x40cd5d93) x27 0x00000000
core   0: 0x80009d6c (0x01e09993) slli    s3, ra, 30
core   0: 3 0x80009d6c (0x01e09993) x19 0x40000000
core   0: 0x80009d70 (0x00000013) nop
core   0: 3 0x80009d70 (0x00000013)
core   0: 0x80009d74 (0xa288f713) andi    a4, a7, -1496
core   0: 3 0x80009d74 (0xa288f713) x14 0x80011a20
core   0: 0x80009d78 (0x00585bb3) srl     s7, a6, t0
core   0: 3 0x80009d78 (0x00585bb3) x23 0x07f50864
core   0: 0x80009d7c (0x00ab0533) add     a0, s6, a0
core   0: 3 0x80009d7c (0x00ab0533) x10 0xe88396e1
core   0: 0x80009d80 (0x017a0fb3) add     t6, s4, s7
core   0: 3 0x80009d80 (0x017a0fb3) x31 0x07f50864
core   0: 0x80009d84 (0xde252313) slti    t1, a0, -542
core   0: 3 0x80009d84 (0xde252313) x 6 0x00000001
core   0: 0x80009d88 (0x6f55a313) slti    t1, a1, 1781
core   0: 3 0x80009d88 (0x6f55a313) x 6 0x00000001
core   0: 0x80009d8c (0x00000013) nop
core   0: 3 0x80009d8c (0x00000013)
core   0: 0x80009d90 (0xae5bb313) sltiu   t1, s7, -1307
core   0: 3 0x80009d90 (0xae5bb313) x 6 0x00000001
core   0: 0x80009d94 (0x41add113) srai    sp, s11, 26
core   0: 3 0x80009d94 (0x41add113) x 2 0x00000000
core   0: 0x80009d98 (0x416209b3) sub     s3, tp, s6
core   0: 3 0x80009d98 (0x416209b3) x19 0x93a0054f
core   0: 0x80009d9c (0x00000013) nop
core   0: 3 0x80009d9c (0x00000013)
core   0: 0x80009da0 (0x31a6c2b7) lui     t0, 0x31a6c
core   0: 3 0x80009da0 (0x31a6c2b7) x 5 0x31a6c000
core   0: 0x80009da4 (0x01cca0b3) slt     ra, s9, t3
core   0: 3 0x80009da4 (0x01cca0b3) x 1 0x00000001
core   0: 0x80009da8 (0x00000013) nop
core   0: 3 0x80009da8 (0x00000013)
core   0: 0x80009dac (0x5331bab7) lui     s5, 0x5331b
core   0: 3 0x80009dac (0x5331bab7) x21 0x5331b000
core   0: 0x80009db0 (0x7e750937) lui     s2, 0x7e750
core   0: 3 0x80009db0 (0x7e750937) x18 0x7e750000
core   0: 0x80009db4 (0x40ab5e93) srai    t4, s6, 10
core   0: 3 0x80009db4 (0x40ab5e93) x29 0xfffa20e5
core   0: 0x80009db8 (0x00f11d93) slli    s11, sp, 15
core   0: 3 0x80009db8 (0x00f11d93) x27 0x00000000
core   0: 0x80009dbc (0x011f2f33) slt     t5, t5, a7
core   0: 3 0x80009dbc (0x011f2f33) x30 0x00000000
core   0: 0x80009dc0 (0x00159e13) slli    t3, a1, 1
core   0: 3 0x80009dc0 (0x00159e13) x28 0xe0fbdac0
core   0: 0x80009dc4 (0x01501e93) slli    t4, zero, 21
core   0: 3 0x80009dc4 (0x01501e93) x29 0x00000000
core   0: 0x80009dc8 (0x015415b3) sll     a1, s0, s5
core   0: 3 0x80009dc8 (0x015415b3) x11 0xfea10c88
core   0: 0x80009dcc (0x008a44b3) xor     s1, s4, s0
core   0: 3 0x80009dcc (0x008a44b3) x 9 0xfea10c88
core   0: 0x80009dd0 (0x40b9d313) srai    t1, s3, 11
core   0: 3 0x80009dd0 (0x40b9d313) x 6 0xfff27400
core   0: 0x80009dd4 (0xda89ca13) xori    s4, s3, -600
core   0: 3 0x80009dd4 (0xda89ca13) x20 0x6c5ff8e7
core   0: 0x80009dd8 (0x40d35513) srai    a0, t1, 13
core   0: 3 0x80009dd8 (0x40d35513) x10 0xffffff93
core   0: 0x80009ddc (0xd4922593) slti    a1, tp, -695
core   0: 3 0x80009ddc (0xd4922593) x11 0x00000000
core   0: 0x80009de0 (0x00000013) nop
core   0: 3 0x80009de0 (0x00000013)
core   0: 0x80009de4 (0x01ddf633) and     a2, s11, t4
core   0: 3 0x80009de4 (0x01ddf633) x12 0x00000000
core   0: 0x80009de8 (0x015a1193) slli    gp, s4, 21
core   0: 3 0x80009de8 (0x015a1193) x 3 0x1ce00000
core   0: 0x80009dec (0x01b042b3) xor     t0, zero, s11
core   0: 3 0x80009dec (0x01b042b3) x 5 0x00000000
core   0: 0x80009df0 (0x97070c93) addi    s9, a4, -1680
core   0: 3 0x80009df0 (0x97070c93) x25 0x80011390
core   0: 0x80009df4 (0x000fe2b3) or      t0, t6, zero
core   0: 3 0x80009df4 (0x000fe2b3) x 5 0x07f50864
core   0: 0x80009df8 (0x0274ec97) auipc   s9, 0x274e
core   0: 3 0x80009df8 (0x0274ec97) x25 0x82757df8
core   0: 0x80009dfc (0x012d3a33) sltu    s4, s10, s2
core   0: 3 0x80009dfc (0x012d3a33) x20 0x00000001
core   0: 0x80009e00 (0x01aded33) or      s10, s11, s10
core   0: 3 0x80009e00 (0x01aded33) x26 0x00000001
core   0: 0x80009e04 (0xed26fe93) andi    t4, a3, -302
core   0: 3 0x80009e04 (0xed26fe93) x29 0x5acc7000
core   0: 0x80009e08 (0x0013b333) sltu    t1, t2, ra
core   0: 3 0x80009e08 (0x0013b333) x 6 0x00000000
core   0: 0x80009e0c (0x00025913) srli    s2, tp, 0
core   0: 3 0x80009e0c (0x00025913) x18 0x7c239c30
core   0: 0x80009e10 (0x41d9d913) srai    s2, s3, 29
core   0: 3 0x80009e10 (0x41d9d913) x18 0xfffffffc
core   0: 0x80009e14 (0xa781ef93) ori     t6, gp, -1416
core   0: 3 0x80009e14 (0xa781ef93) x31 0xfffffa78
core   0: 0x80009e18 (0x41995793) srai    a5, s2, 25
core   0: 3 0x80009e18 (0x41995793) x15 0xffffffff
core   0: 0x80009e1c (0x01db5f33) srl     t5, s6, t4
core   0: 3 0x80009e1c (0x01db5f33) x30 0xe88396e1
core   0: 0x80009e20 (0x00261c33) sll     s8, a2, sp
core   0: 3 0x80009e20 (0x00261c33) x24 0x00000000
core   0: 0x80009e24 (0x4011d233) sra     tp, gp, ra
core   0: 3 0x80009e24 (0x4011d233) x 4 0x0e700000
core   0: 0x80009e28 (0x41440533) sub     a0, s0, s4
core   0: 3 0x80009e28 (0x41440533) x10 0xfea10c87
core   0: 0x80009e2c (0xf8ab0fb7) lui     t6, 0xf8ab0
core   0: 3 0x80009e2c (0xf8ab0fb7) x31 0xf8ab0000
core   0: 0x80009e30 (0xb2e68693) addi    a3, a3, -1234
core   0: 3 0x80009e30 (0xb2e68693) x13 0x5acc6b2e
core   0: 0x80009e34 (0x00000013) nop
core   0: 3 0x80009e34 (0x00000013)
core   0: 0x80009e38 (0x00393733) sltu    a4, s2, gp
core   0: 3 0x80009e38 (0x00393733) x14 0x00000000
core   0: 0x80009e3c (0x8ea63693) sltiu   a3, a2, -1814
core   0: 3 0x80009e3c (0x8ea63693) x13 0x00000001
core   0: 0x80009e40 (0x0081e933) or      s2, gp, s0
core   0: 3 0x80009e40 (0x0081e933) x18 0xfee10c88
core   0: 0x80009e44 (0xd55aa713) slti    a4, s5, -683
core   0: 3 0x80009e44 (0xd55aa713) x14 0x00000000
core   0: 0x80009e48 (0x01f747b3) xor     a5, a4, t6
core   0: 3 0x80009e48 (0x01f747b3) x15 0xf8ab0000
core   0: 0x80009e4c (0x0030b7b3) sltu    a5, ra, gp
core   0: 3 0x80009e4c (0x0030b7b3) x15 0x00000001
core   0: 0x80009e50 (0x016fee33) or      t3, t6, s6
core   0: 3 0x80009e50 (0x016fee33) x28 0xf8ab96e1
core   0: 0x80009e54 (0x00282cb3) slt     s9, a6, sp
core   0: 3 0x80009e54 (0x00282cb3) x25 0x00000001
core   0: 0x80009e58 (0x41c1d293) srai    t0, gp, 28
core   0: 3 0x80009e58 (0x41c1d293) x 5 0x00000001
core   0: 0x80009e5c (0x002416b3) sll     a3, s0, sp
core   0: 3 0x80009e5c (0x002416b3) x13 0xfea10c88
core   0: 0x80009e60 (0x40e75d13) srai    s10, a4, 14
core   0: 3 0x80009e60 (0x40e75d13) x26 0x00000000
core   0: 0x80009e64 (0x7aa5a993) slti    s3, a1, 1962
core   0: 3 0x80009e64 (0x7aa5a993) x19 0x00000001
core   0: 0x80009e68 (0xbc0aea93) ori     s5, s5, -1088
core   0: 3 0x80009e68 (0xbc0aea93) x21 0xfffffbc0
core   0: 0x80009e6c (0x017f5a33) srl     s4, t5, s7
core   0: 3 0x80009e6c (0x017f5a33) x20 0x0e88396e
core   0: 0x80009e70 (0x000a1213) slli    tp, s4, 0
core   0: 3 0x80009e70 (0x000a1213) x 4 0x0e88396e
core   0: 0x80009e74 (0x01cd89b3) add     s3, s11, t3
core   0: 3 0x80009e74 (0x01cd89b3) x19 0xf8ab96e1
core   0: 0x80009e78 (0x41bf80b3) sub     ra, t6, s11
core   0: 3 0x80009e78 (0x41bf80b3) x 1 0xf8ab0000
core   0: 0x80009e7c (0x00007ab3) and     s5, zero, zero
core   0: 3 0x80009e7c (0x00007ab3) x21 0x00000000
core   0: 0x80009e80 (0x01c94833) xor     a6, s2, t3
core   0: 3 0x80009e80 (0x01c94833) x16 0x064a9a69
core   0: 0x80009e84 (0x7615fb93) andi    s7, a1, 1889
core   0: 3 0x80009e84 (0x7615fb93) x23 0x00000000
core   0: 0x80009e88 (0x00985113) srli    sp, a6, 9
core   0: 3 0x80009e88 (0x00985113) x 2 0x0003254d
core   0: 0x80009e8c (0x408200b3) sub     ra, tp, s0
core   0: 3 0x80009e8c (0x408200b3) x 1 0x0fe72ce6
core   0: 0x80009e90 (0x3d454c13) xori    s8, a0, 980
core   0: 3 0x80009e90 (0x3d454c13) x24 0xfea10f53
core   0: 0x80009e94 (0x50282c93) slti    s9, a6, 1282
core   0: 3 0x80009e94 (0x50282c93) x25 0x00000000
core   0: 0x80009e98 (0x01679093) slli    ra, a5, 22
core   0: 3 0x80009e98 (0x01679093) x 1 0x00400000
core   0: 0x80009e9c (0x0773e793) ori     a5, t2, 119
core   0: 3 0x80009e9c (0x0773e793) x15 0x80015cf7
core   0: 0x80009ea0 (0x083b4b93) xori    s7, s6, 131
core   0: 3 0x80009ea0 (0x083b4b93) x23 0xe8839662
core   0: 0x80009ea4 (0x0033ffb3) and     t6, t2, gp
core   0: 3 0x80009ea4 (0x0033ffb3) x31 0x00000000
core   0: 0x80009ea8 (0x000706b3) add     a3, a4, zero
core   0: 3 0x80009ea8 (0x000706b3) x13 0x00000000
core   0: 0x80009eac (0x403954b3) sra     s1, s2, gp
core   0: 3 0x80009eac (0x403954b3) x 9 0xfee10c88
core   0: 0x80009eb0 (0x01469313) slli    t1, a3, 20
core   0: 3 0x80009eb0 (0x01469313) x 6 0x00000000
core   0: 0x80009eb4 (0x00000013) nop
core   0: 3 0x80009eb4 (0x00000013)
core   0: 0x80009eb8 (0x01257633) and     a2, a0, s2
core   0: 3 0x80009eb8 (0x01257633) x12 0xfea10c80
core   0: 0x80009ebc (0x0113e933) or      s2, t2, a7
core   0: 3 0x80009ebc (0x0113e933) x18 0x80015ee4
core   0: 0x80009ec0 (0xca8b4e93) xori    t4, s6, -856
core   0: 3 0x80009ec0 (0xca8b4e93) x29 0x177c6a49
core   0: 0x80009ec4 (0x01e6aa33) slt     s4, a3, t5
core   0: 3 0x80009ec4 (0x01e6aa33) x20 0x00000000
core   0: 0x80009ec8 (0x3229ab93) slti    s7, s3, 802
core   0: 3 0x80009ec8 (0x3229ab93) x23 0x00000001
core   0: 0x80009ecc (0x01c314b3) sll     s1, t1, t3
core   0: 3 0x80009ecc (0x01c314b3) x 9 0x00000000
core   0: 0x80009ed0 (0x41840bb3) sub     s7, s0, s8
core   0: 3 0x80009ed0 (0x41840bb3) x23 0xfffffd35
core   0: 0x80009ed4 (0x018b9b93) slli    s7, s7, 24
core   0: 3 0x80009ed4 (0x018b9b93) x23 0x35000000
core   0: 0x80009ed8 (0x00991613) slli    a2, s2, 9
core   0: 3 0x80009ed8 (0x00991613) x12 0x02bdc800
core   0: 0x80009edc (0x015986b3) add     a3, s3, s5
core   0: 3 0x80009edc (0x015986b3) x13 0xf8ab96e1
core   0: 0x80009ee0 (0x0059bc33) sltu    s8, s3, t0
core   0: 3 0x80009ee0 (0x0059bc33) x24 0x00000000
core   0: 0x80009ee4 (0x00660f33) add     t5, a2, t1
core   0: 3 0x80009ee4 (0x00660f33) x30 0x02bdc800
core   0: 0x80009ee8 (0x00000013) nop
core   0: 3 0x80009ee8 (0x00000013)
core   0: 0x80009eec (0x1f31a437) lui     s0, 0x1f31a
core   0: 3 0x80009eec (0x1f31a437) x 8 0x1f31a000
core   0: 0x80009ef0 (0x00b63d33) sltu    s10, a2, a1
core   0: 3 0x80009ef0 (0x00b63d33) x26 0x00000000
core   0: 0x80009ef4 (0x01f1fab3) and     s5, gp, t6
core   0: 3 0x80009ef4 (0x01f1fab3) x21 0x00000000
core   0: 0x80009ef8 (0x01499fb3) sll     t6, s3, s4
core   0: 3 0x80009ef8 (0x01499fb3) x31 0xf8ab96e1
core   0: 0x80009efc (0x01bce833) or      a6, s9, s11
core   0: 3 0x80009efc (0x01bce833) x16 0x00000000
core   0: 0x80009f00 (0x41ec0fb3) sub     t6, s8, t5
core   0: 3 0x80009f00 (0x41ec0fb3) x31 0xfd423800
core   0: 0x80009f04 (0x001d4033) xor     zero, s10, ra
core   0: 3 0x80009f04 (0x001d4033)
core   0: 0x80009f08 (0x009f31b3) sltu    gp, t5, s1
core   0: 3 0x80009f08 (0x009f31b3) x 3 0x00000000
core   0: 0x80009f0c (0x9c4bc293) xori    t0, s7, -1596
core   0: 3 0x80009f0c (0x9c4bc293) x 5 0xcafff9c4
core   0: 0x80009f10 (0x3c4ae813) ori     a6, s5, 964
core   0: 3 0x80009f10 (0x3c4ae813) x16 0x000003c4
core   0: 0x80009f14 (0x01959293) slli    t0, a1, 25
core   0: 3 0x80009f14 (0x01959293) x 5 0x00000000
core   0: 0x80009f18 (0x2153a293) slti    t0, t2, 533
core   0: 3 0x80009f18 (0x2153a293) x 5 0x00000001
core   0: 0x80009f1c (0x0b27a613) slti    a2, a5, 178
core   0: 3 0x80009f1c (0x0b27a613) x12 0x00000001
core   0: 0x80009f20 (0xcedd2013) slti    zero, s10, -787
core   0: 3 0x80009f20 (0xcedd2013)
core   0: 0x80009f24 (0x01b45713) srli    a4, s0, 27
core   0: 3 0x80009f24 (0x01b45713) x14 0x00000003
core   0: 0x80009f28 (0x1b1785b7) lui     a1, 0x1b178
core   0: 3 0x80009f28 (0x1b1785b7) x11 0x1b178000
core   0: 0x80009f2c (0x01de90b3) sll     ra, t4, t4
core   0: 3 0x80009f2c (0x01de90b3) x 1 0xf8d49200
core   0: 0x80009f30 (0x00d71093) slli    ra, a4, 13
core   0: 3 0x80009f30 (0x00d71093) x 1 0x00006000
core   0: 0x80009f34 (0x067cfa13) andi    s4, s9, 103
core   0: 3 0x80009f34 (0x067cfa13) x20 0x00000000
core   0: 0x80009f38 (0x01aefbb3) and     s7, t4, s10
core   0: 3 0x80009f38 (0x01aefbb3) x23 0x00000000
core   0: 0x80009f3c (0x018a7133) and     sp, s4, s8
core   0: 3 0x80009f3c (0x018a7133) x 2 0x00000000
core   0: 0x80009f40 (0xa1e0cc93) xori    s9, ra, -1506
core   0: 3 0x80009f40 (0xa1e0cc93) x25 0xffff9a1e
core   0: 0x80009f44 (0x9d592493) slti    s1, s2, -1579
core   0: 3 0x80009f44 (0x9d592493) x 9 0x00000001
core   0: 0x80009f48 (0x01ed3a33) sltu    s4, s10, t5
core   0: 3 0x80009f48 (0x01ed3a33) x20 0x00000001
core   0: 0x80009f4c (0x9575f913) andi    s2, a1, -1705
core   0: 3 0x80009f4c (0x9575f913) x18 0x1b178000
core   0: 0x80009f50 (0x001b9933) sll     s2, s7, ra
core   0: 3 0x80009f50 (0x001b9933) x18 0x00000000
core   0: 0x80009f54 (0x3d223d13) sltiu   s10, tp, 978
core   0: 3 0x80009f54 (0x3d223d13) x26 0x00000000
core   0: 0x80009f58 (0x01230db3) add     s11, t1, s2
core   0: 3 0x80009f58 (0x01230db3) x27 0x00000000
core   0: 0x80009f5c (0x0d6cc037) lui     zero, 0xd6cc
core   0: 3 0x80009f5c (0x0d6cc037)
core   0: 0x80009f60 (0x00000013) nop
core   0: 3 0x80009f60 (0x00000013)
core   0: 0x80009f64 (0x009e1333) sll     t1, t3, s1
core   0: 3 0x80009f64 (0x009e1333) x 6 0xf1572dc2
core   0: 0x80009f68 (0x14d67317) auipc   t1, 0x14d67
core   0: 3 0x80009f68 (0x14d67317) x 6 0x94d70f68
core   0: 0x80009f6c (0x00546633) or      a2, s0, t0
core   0: 3 0x80009f6c (0x00546633) x12 0x1f31a001
core   0: 0x80009f70 (0x01a164b3) or      s1, sp, s10
core   0: 3 0x80009f70 (0x01a164b3) x 9 0x00000000
core   0: 0x80009f74 (0x00000013) nop
core   0: 3 0x80009f74 (0x00000013)
core   0: 0x80009f78 (0x013a2433) slt     s0, s4, s3
core   0: 3 0x80009f78 (0x013a2433) x 8 0x00000000
core   0: 0x80009f7c (0x013ad993) srli    s3, s5, 19
core   0: 3 0x80009f7c (0x013ad993) x19 0x00000000
core   0: 0x80009f80 (0xc5b1c913) xori    s2, gp, -933
core   0: 3 0x80009f80 (0xc5b1c913) x18 0xfffffc5b
core   0: 0x80009f84 (0x943b4713) xori    a4, s6, -1725
core   0: 3 0x80009f84 (0x943b4713) x14 0x177c6fa2
core   0: 0x80009f88 (0x41cb5813) srai    a6, s6, 28
core   0: 3 0x80009f88 (0x41cb5813) x16 0xfffffffe
core   0: 0x80009f8c (0xaa197313) andi    t1, s2, -1375
core   0: 3 0x80009f8c (0xaa197313) x 6 0xfffff801
core   0: 0x80009f90 (0x41d65093) srai    ra, a2, 29
core   0: 3 0x80009f90 (0x41d65093) x 1 0x00000000
core   0: 0x80009f94 (0x18e14b93) xori    s7, sp, 398
core   0: 3 0x80009f94 (0x18e14b93) x23 0x0000018e
core   0: 0x80009f98 (0x0175e2b3) or      t0, a1, s7
core   0: 3 0x80009f98 (0x0175e2b3) x 5 0x1b17818e
core   0: 0x80009f9c (0x0000e4b3) or      s1, ra, zero
core   0: 3 0x80009f9c (0x0000e4b3) x 9 0x00000000
core   0: 0x80009fa0 (0x01879f93) slli    t6, a5, 24
core   0: 3 0x80009fa0 (0x01879f93) x31 0xf7000000
core   0: 0x80009fa4 (0x4057d0b3) sra     ra, a5, t0
core   0: 3 0x80009fa4 (0x4057d0b3) x 1 0xfffe0005
core   0: 0x80009fa8 (0x012cf533) and     a0, s9, s2
core   0: 3 0x80009fa8 (0x012cf533) x10 0xffff981a
core   0: 0x80009fac (0x01ed5a93) srli    s5, s10, 30
core   0: 3 0x80009fac (0x01ed5a93) x21 0x00000000
core   0: 0x80009fb0 (0x409fdd13) srai    s10, t6, 9
core   0: 3 0x80009fb0 (0x409fdd13) x26 0xfffb8000
core   0: 0x80009fb4 (0x013d5633) srl     a2, s10, s3
core   0: 3 0x80009fb4 (0x013d5633) x12 0xfffb8000
core   0: 0x80009fb8 (0xcb180c97) auipc   s9, 0xcb180
core   0: 3 0x80009fb8 (0xcb180c97) x25 0x4b189fb8
core   0: 0x80009fbc (0x7b61f493) andi    s1, gp, 1974
core   0: 3 0x80009fbc (0x7b61f493) x 9 0x00000000
core   0: 0x80009fc0 (0x003c1213) slli    tp, s8, 3
core   0: 3 0x80009fc0 (0x003c1213) x 4 0x00000000
core   0: 0x80009fc4 (0x001f5613) srli    a2, t5, 1
core   0: 3 0x80009fc4 (0x001f5613) x12 0x015ee400
core   0: 0x80009fc8 (0xcfdfb813) sltiu   a6, t6, -771
core   0: 3 0x80009fc8 (0xcfdfb813) x16 0x00000001
core   0: 0x80009fcc (0x9e010cb7) lui     s9, 0x9e010
core   0: 3 0x80009fcc (0x9e010cb7) x25 0x9e010000
core   0: 0x80009fd0 (0x40ec5d93) srai    s11, s8, 14
core   0: 3 0x80009fd0 (0x40ec5d93) x27 0x00000000
core   0: 0x80009fd4 (0x00bbe4b3) or      s1, s7, a1
core   0: 3 0x80009fd4 (0x00bbe4b3) x 9 0x1b17818e
core   0: 0x80009fd8 (0x02146913) ori     s2, s0, 33
core   0: 3 0x80009fd8 (0x02146913) x18 0x00000021
core   0: 0x80009fdc (0xfaa872b7) lui     t0, 0xfaa87
core   0: 3 0x80009fdc (0xfaa872b7) x 5 0xfaa87000
core   0: 0x80009fe0 (0x0072acb3) slt     s9, t0, t2
core   0: 3 0x80009fe0 (0x0072acb3) x25 0x00000000
core   0: 0x80009fe4 (0x4019d913) srai    s2, s3, 1
core   0: 3 0x80009fe4 (0x4019d913) x18 0x00000000
core   0: 0x80009fe8 (0x40118533) sub     a0, gp, ra
core   0: 3 0x80009fe8 (0x40118533) x10 0x0001fffb
core   0: 0x80009fec (0x00f58833) add     a6, a1, a5
core   0: 3 0x80009fec (0x00f58833) x16 0x9b18dcf7
core   0: 0x80009ff0 (0x01b62633) slt     a2, a2, s11
core   0: 3 0x80009ff0 (0x01b62633) x12 0x00000000
core   0: 0x80009ff4 (0x8532ba13) sltiu   s4, t0, -1965
core   0: 3 0x80009ff4 (0x8532ba13) x20 0x00000001
core   0: 0x80009ff8 (0x00000013) nop
core   0: 3 0x80009ff8 (0x00000013)
core   0: 0x80009ffc (0x019bd6b3) srl     a3, s7, s9
core   0: 3 0x80009ffc (0x019bd6b3) x13 0x0000018e
core   0: 0x8000a000 (0x01d0c1b3) xor     gp, ra, t4
core   0: 3 0x8000a000 (0x01d0c1b3) x 3 0xe8826a4c
core   0: 0x8000a004 (0x01c2a2b3) slt     t0, t0, t3
core   0: 3 0x8000a004 (0x01c2a2b3) x 5 0x00000000
core   0: 0x8000a008 (0x013511b3) sll     gp, a0, s3
core   0: 3 0x8000a008 (0x013511b3) x 3 0x0001fffb
core   0: 0x8000a00c (0xde197a13) andi    s4, s2, -543
core   0: 3 0x8000a00c (0xde197a13) x20 0x00000000
core   0: 0x8000a010 (0x9f1ab297) auipc   t0, 0x9f1ab
core   0: 3 0x8000a010 (0x9f1ab297) x 5 0x1f1b5010
core   0: 0x8000a014 (0x002c5193) srli    gp, s8, 2
core   0: 3 0x8000a014 (0x002c5193) x 3 0x00000000
core   0: 0x8000a018 (0x5a45cf93) xori    t6, a1, 1444
core   0: 3 0x8000a018 (0x5a45cf93) x31 0x1b1785a4
core   0: 0x8000a01c (0x2f4b2c13) slti    s8, s6, 756
core   0: 3 0x8000a01c (0x2f4b2c13) x24 0x00000001
core   0: 0x8000a020 (0x01461313) slli    t1, a2, 20
core   0: 3 0x8000a020 (0x01461313) x 6 0x00000000
core   0: 0x8000a024 (0x01297133) and     sp, s2, s2
core   0: 3 0x8000a024 (0x01297133) x 2 0x00000000
core   0: 0x8000a028 (0x01fa89b3) add     s3, s5, t6
core   0: 3 0x8000a028 (0x01fa89b3) x19 0x1b1785a4
core   0: 0x8000a02c (0x01d69833) sll     a6, a3, t4
core   0: 3 0x8000a02c (0x01d69833) x16 0x00031c00
core   0: 0x8000a030 (0x01201d93) slli    s11, zero, 18
core   0: 3 0x8000a030 (0x01201d93) x27 0x00000000
core   0: 0x8000a034 (0x4128d193) srai    gp, a7, 18
core   0: 3 0x8000a034 (0x4128d193) x 3 0xffffe000
core   0: 0x8000a038 (0x00279913) slli    s2, a5, 2
core   0: 3 0x8000a038 (0x00279913) x18 0x000573dc
core   0: 0x8000a03c (0x005bd7b3) srl     a5, s7, t0
core   0: 3 0x8000a03c (0x005bd7b3) x15 0x00000000
core   0: 0x8000a040 (0x517d6e13) ori     t3, s10, 1303
core   0: 3 0x8000a040 (0x517d6e13) x28 0xfffb8517
core   0: 0x8000a044 (0x017a9313) slli    t1, s5, 23
core   0: 3 0x8000a044 (0x017a9313) x 6 0x00000000
core   0: 0x8000a048 (0xdf56fc93) andi    s9, a3, -523
core   0: 3 0x8000a048 (0xdf56fc93) x25 0x00000184
core   0: 0x8000a04c (0x4fc9c213) xori    tp, s3, 1276
core   0: 3 0x8000a04c (0x4fc9c213) x 4 0x1b178158
core   0: 0x8000a050 (0x00d19ab3) sll     s5, gp, a3
core   0: 3 0x8000a050 (0x00d19ab3) x21 0xf8000000
core   0: 0x8000a054 (0x01341513) slli    a0, s0, 19
core   0: 3 0x8000a054 (0x01341513) x10 0x00000000
core   0: 0x8000a058 (0x016c05b3) add     a1, s8, s6
core   0: 3 0x8000a058 (0x016c05b3) x11 0xe88396e2
core   0: 0x8000a05c (0x38336493) ori     s1, t1, 899
core   0: 3 0x8000a05c (0x38336493) x 9 0x00000383
core   0: 0x8000a060 (0x01f55fb3) srl     t6, a0, t6
core   0: 3 0x8000a060 (0x01f55fb3) x31 0x00000000
core   0: 0x8000a064 (0xcce37513) andi    a0, t1, -818
core   0: 3 0x8000a064 (0xcce37513) x10 0x00000000
core   0: 0x8000a068 (0x40e45613) srai    a2, s0, 14
core   0: 3 0x8000a068 (0x40e45613) x12 0x00000000
core   0: 0x8000a06c (0x0139d633) srl     a2, s3, s3
core   0: 3 0x8000a06c (0x0139d633) x12 0x01b1785a
core   0: 0x8000a070 (0x01d2ad33) slt     s10, t0, t4
core   0: 3 0x8000a070 (0x01d2ad33) x26 0x00000000
core   0: 0x8000a074 (0x008424b3) slt     s1, s0, s0
core   0: 3 0x8000a074 (0x008424b3) x 9 0x00000000
core   0: 0x8000a078 (0x013ef5b3) and     a1, t4, s3
core   0: 3 0x8000a078 (0x013ef5b3) x11 0x13140000
core   0: 0x8000a07c (0x015ba1b3) slt     gp, s7, s5
core   0: 3 0x8000a07c (0x015ba1b3) x 3 0x00000000
core   0: 0x8000a080 (0x013b72b3) and     t0, s6, s3
core   0: 3 0x8000a080 (0x013b72b3) x 5 0x080384a0
core   0: 0x8000a084 (0x40c201b3) sub     gp, tp, a2
core   0: 3 0x8000a084 (0x40c201b3) x 3 0x196608fe
core   0: 0x8000a088 (0x40ec5313) srai    t1, s8, 14
core   0: 3 0x8000a088 (0x40ec5313) x 6 0x00000000
core   0: 0x8000a08c (0x41d55a93) srai    s5, a0, 29
core   0: 3 0x8000a08c (0x41d55a93) x21 0x00000000
core   0: 0x8000a090 (0x41ab5413) srai    s0, s6, 26
core   0: 3 0x8000a090 (0x41ab5413) x 8 0xfffffffa
core   0: 0x8000a094 (0x40e75333) sra     t1, a4, a4
core   0: 3 0x8000a094 (0x40e75333) x 6 0x05df1be8
core   0: 0x8000a098 (0x85147813) andi    a6, s0, -1967
core   0: 3 0x8000a098 (0x85147813) x16 0xfffff850
core   0: 0x8000a09c (0x17c3f413) andi    s0, t2, 380
core   0: 3 0x8000a09c (0x17c3f413) x 8 0x00000064
core   0: 0x8000a0a0 (0x90f98193) addi    gp, s3, -1777
core   0: 3 0x8000a0a0 (0x90f98193) x 3 0x1b177eb3
core   0: 0x8000a0a4 (0x3f184793) xori    a5, a6, 1009
core   0: 3 0x8000a0a4 (0x3f184793) x15 0xfffffba1
core   0: 0x8000a0a8 (0x011c4733) xor     a4, s8, a7
core   0: 3 0x8000a0a8 (0x011c4733) x14 0x80011e65
core   0: 0x8000a0ac (0x0f154793) xori    a5, a0, 241
core   0: 3 0x8000a0ac (0x0f154793) x15 0x000000f1
core   0: 0x8000a0b0 (0xf6b4ca93) xori    s5, s1, -149
core   0: 3 0x8000a0b0 (0xf6b4ca93) x21 0xffffff6b
core   0: 0x8000a0b4 (0x0091beb3) sltu    t4, gp, s1
core   0: 3 0x8000a0b4 (0x0091beb3) x29 0x00000000
core   0: 0x8000a0b8 (0x001a0833) add     a6, s4, ra
core   0: 3 0x8000a0b8 (0x001a0833) x16 0xfffe0005
core   0: 0x8000a0bc (0x2b1a6693) ori     a3, s4, 689
core   0: 3 0x8000a0bc (0x2b1a6693) x13 0x000002b1
core   0: 0x8000a0c0 (0x40fb5d13) srai    s10, s6, 15
core   0: 3 0x8000a0c0 (0x40fb5d13) x26 0xffffd107
core   0: 0x8000a0c4 (0x01033233) sltu    tp, t1, a6
core   0: 3 0x8000a0c4 (0x01033233) x 4 0x00000001
core   0: 0x8000a0c8 (0x0195e1b3) or      gp, a1, s9
core   0: 3 0x8000a0c8 (0x0195e1b3) x 3 0x13140184
core   0: 0x8000a0cc (0x560f0c93) addi    s9, t5, 1376
core   0: 3 0x8000a0cc (0x560f0c93) x25 0x02bdcd60
core   0: 0x8000a0d0 (0xdc3c4f93) xori    t6, s8, -573
core   0: 3 0x8000a0d0 (0xdc3c4f93) x31 0xfffffdc2
core   0: 0x8000a0d4 (0xdf224537) lui     a0, 0xdf224
core   0: 3 0x8000a0d4 (0xdf224537) x10 0xdf224000
core   0: 0x8000a0d8 (0xb6068a13) addi    s4, a3, -1184
core   0: 3 0x8000a0d8 (0xb6068a13) x20 0xfffffe11
core   0: 0x8000a0dc (0x009d8233) add     tp, s11, s1
core   0: 3 0x8000a0dc (0x009d8233) x 4 0x00000000
core   0: 0x8000a0e0 (0x00db9f93) slli    t6, s7, 13
core   0: 3 0x8000a0e0 (0x00db9f93) x31 0x0031c000
core   0: 0x8000a0e4 (0x01a362b3) or      t0, t1, s10
core   0: 3 0x8000a0e4 (0x01a362b3) x 5 0xffffdbef
core   0: 0x8000a0e8 (0x01cc0133) add     sp, s8, t3
core   0: 3 0x8000a0e8 (0x01cc0133) x 2 0xfffb8518
core   0: 0x8000a0ec (0x00e532b3) sltu    t0, a0, a4
core   0: 3 0x8000a0ec (0x00e532b3) x 5 0x00000000
core   0: 0x8000a0f0 (0x4142d0b3) sra     ra, t0, s4
core   0: 3 0x8000a0f0 (0x4142d0b3) x 1 0x00000000
core   0: 0x8000a0f4 (0xf93b0493) addi    s1, s6, -109
core   0: 3 0x8000a0f4 (0xf93b0493) x 9 0xe8839674
core   0: 0x8000a0f8 (0x259ae713) ori     a4, s5, 601
core   0: 3 0x8000a0f8 (0x259ae713) x14 0xffffff7b
core   0: 0x8000a0fc (0x7340c017) auipc   zero, 0x7340c
core   0: 3 0x8000a0fc (0x7340c017)
core   0: 0x8000a100 (0x00de1c93) slli    s9, t3, 13
core   0: 3 0x8000a100 (0x00de1c93) x25 0x70a2e000
core   0: 0x8000a104 (0x00487793) andi    a5, a6, 4
core   0: 3 0x8000a104 (0x00487793) x15 0x00000004
core   0: 0x8000a108 (0xaa470f93) addi    t6, a4, -1372
core   0: 3 0x8000a108 (0xaa470f93) x31 0xfffffa1f
core   0: 0x8000a10c (0x006c2333) slt     t1, s8, t1
core   0: 3 0x8000a10c (0x006c2333) x 6 0x00000001
core   0: 0x8000a110 (0x0191c6b3) xor     a3, gp, s9
core   0: 3 0x8000a110 (0x0191c6b3) x13 0x63b6e184
core   0: 0x8000a114 (0x00969293) slli    t0, a3, 9
core   0: 3 0x8000a114 (0x00969293) x 5 0x6dc30800
core   0: 0x8000a118 (0x01711493) slli    s1, sp, 23
core   0: 3 0x8000a118 (0x01711493) x 9 0x8c000000
core   0: 0x8000a11c (0x6ee22997) auipc   s3, 0x6ee22
core   0: 3 0x8000a11c (0x6ee22997) x19 0xeee2c11c
core   0: 0x8000a120 (0x66f50597) auipc   a1, 0x66f50
core   0: 3 0x8000a120 (0x66f50597) x11 0xe6f5a120
core   0: 0x8000a124 (0x00193633) sltu    a2, s2, ra
core   0: 3 0x8000a124 (0x00193633) x12 0x00000000
core   0: 0x8000a128 (0x00042db3) slt     s11, s0, zero
core   0: 3 0x8000a128 (0x00042db3) x27 0x00000000
core   0: 0x8000a12c (0x407b0eb3) sub     t4, s6, t2
core   0: 3 0x8000a12c (0x407b0eb3) x29 0x688239fd
core   0: 0x8000a130 (0xec2e8f13) addi    t5, t4, -318
core   0: 3 0x8000a130 (0xec2e8f13) x30 0x688238bf
core   0: 0x8000a134 (0x00605993) srli    s3, zero, 6
core   0: 3 0x8000a134 (0x00605993) x19 0x00000000
core   0: 0x8000a138 (0x85518db7) lui     s11, 0x85518
core   0: 3 0x8000a138 (0x85518db7) x27 0x85518000
core   0: 0x8000a13c (0xb25a6e97) auipc   t4, 0xb25a6
core   0: 3 0x8000a13c (0xb25a6e97) x29 0x325b013c
core   0: 0x8000a140 (0x00000013) nop
core   0: 3 0x8000a140 (0x00000013)
core   0: 0x8000a144 (0x40ca5233) sra     tp, s4, a2
core   0: 3 0x8000a144 (0x40ca5233) x 4 0xfffffe11
core   0: 0x8000a148 (0x015031b3) snez    gp, s5
core   0: 3 0x8000a148 (0x015031b3) x 3 0x00000001
core   0: 0x8000a14c (0xb690f117) auipc   sp, 0xb690f
core   0: 3 0x8000a14c (0xb690f117) x 2 0x3691914c
core   0: 0x8000a150 (0x41825c13) srai    s8, tp, 24
core   0: 3 0x8000a150 (0x41825c13) x24 0xffffffff
core   0: 0x8000a154 (0xd4e98093) addi    ra, s3, -690
core   0: 3 0x8000a154 (0xd4e98093) x 1 0xfffffd4e
core   0: 0x8000a158 (0x40cb8db3) sub     s11, s7, a2
core   0: 3 0x8000a158 (0x40cb8db3) x27 0x0000018e
core   0: 0x8000a15c (0x00000013) nop
core   0: 3 0x8000a15c (0x00000013)
core   0: 0x8000a160 (0x01b7f7b3) and     a5, a5, s11
core   0: 3 0x8000a160 (0x01b7f7b3) x15 0x00000004
core   0: 0x8000a164 (0xbee96f93) ori     t6, s2, -1042
core   0: 3 0x8000a164 (0xbee96f93) x31 0xfffffbfe
core   0: 0x8000a168 (0x01cd8e33) add     t3, s11, t3
core   0: 3 0x8000a168 (0x01cd8e33) x28 0xfffb86a5
core   0: 0x8000a16c (0x016876b3) and     a3, a6, s6
core   0: 3 0x8000a16c (0x016876b3) x13 0xe8820001
core   0: 0x8000a170 (0x32d41f17) auipc   t5, 0x32d41
core   0: 3 0x8000a170 (0x32d41f17) x30 0xb2d4b170
core   0: 0x8000a174 (0xeacec793) xori    a5, t4, -340
core   0: 3 0x8000a174 (0xeacec793) x15 0xcda4ff90
core   0: 0x8000a178 (0x01205293) srli    t0, zero, 18
core   0: 3 0x8000a178 (0x01205293) x 5 0x00000000
core   0: 0x8000a17c (0x011979b3) and     s3, s2, a7
core   0: 3 0x8000a17c (0x011979b3) x19 0x00011244
core   0: 0x8000a180 (0x14252313) slti    t1, a0, 322
core   0: 3 0x8000a180 (0x14252313) x 6 0x00000001
core   0: 0x8000a184 (0x002e1593) slli    a1, t3, 2
core   0: 3 0x8000a184 (0x002e1593) x11 0xffee1a94
core   0: 0x8000a188 (0x01344c33) xor     s8, s0, s3
core   0: 3 0x8000a188 (0x01344c33) x24 0x00011220
core   0: 0x8000a18c (0x00eaefb3) or      t6, s5, a4
core   0: 3 0x8000a18c (0x00eaefb3) x31 0xffffff7b
core   0: 0x8000a190 (0x5cae3a93) sltiu   s5, t3, 1482
core   0: 3 0x8000a190 (0x5cae3a93) x21 0x00000000
core   0: 0x8000a194 (0xf0ce4693) xori    a3, t3, -244
core   0: 3 0x8000a194 (0xf0ce4693) x13 0x000479a9
core   0: 0x8000a198 (0xc99e8913) addi    s2, t4, -871
core   0: 3 0x8000a198 (0xc99e8913) x18 0x325afdd5
core   0: 0x8000a19c (0x01dab333) sltu    t1, s5, t4
core   0: 3 0x8000a19c (0x01dab333) x 6 0x00000001
core   0: 0x8000a1a0 (0x00431193) slli    gp, t1, 4
core   0: 3 0x8000a1a0 (0x00431193) x 3 0x00000010
core   0: 0x8000a1a4 (0x00cde0b3) or      ra, s11, a2
core   0: 3 0x8000a1a4 (0x00cde0b3) x 1 0x0000018e
core   0: 0x8000a1a8 (0x00335933) srl     s2, t1, gp
core   0: 3 0x8000a1a8 (0x00335933) x18 0x00000000
core   0: 0x8000a1ac (0x41905e93) srai    t4, zero, 25
core   0: 3 0x8000a1ac (0x41905e93) x29 0x00000000
core   0: 0x8000a1b0 (0x00ef57b3) srl     a5, t5, a4
core   0: 3 0x8000a1b0 (0x00ef57b3) x15 0x00000016
core   0: 0x8000a1b4 (0xd69aba97) auipc   s5, 0xd69ab
core   0: 3 0x8000a1b4 (0xd69aba97) x21 0x569b51b4
core   0: 0x8000a1b8 (0x40b900b3) sub     ra, s2, a1
core   0: 3 0x8000a1b8 (0x40b900b3) x 1 0x0011e56c
core   0: 0x8000a1bc (0x00075cb3) srl     s9, a4, zero
core   0: 3 0x8000a1bc (0x00075cb3) x25 0xffffff7b
core   0: 0x8000a1c0 (0x009351b3) srl     gp, t1, s1
core   0: 3 0x8000a1c0 (0x009351b3) x 3 0x00000001
core   0: 0x8000a1c4 (0x00571313) slli    t1, a4, 5
core   0: 3 0x8000a1c4 (0x00571313) x 6 0xffffef60
core   0: 0x8000a1c8 (0x00000013) nop
core   0: 3 0x8000a1c8 (0x00000013)
core   0: 0x8000a1cc (0x41858bb3) sub     s7, a1, s8
core   0: 3 0x8000a1cc (0x41858bb3) x23 0xffed0874
core   0: 0x8000a1d0 (0x41bfd793) srai    a5, t6, 27
core   0: 3 0x8000a1d0 (0x41bfd793) x15 0xffffffff
core   0: 0x8000a1d4 (0x405dd213) srai    tp, s11, 5
core   0: 3 0x8000a1d4 (0x405dd213) x 4 0x0000000c
core   0: 0x8000a1d8 (0x41928c33) sub     s8, t0, s9
core   0: 3 0x8000a1d8 (0x41928c33) x24 0x00000085
core   0: 0x8000a1dc (0xf372cd93) xori    s11, t0, -201
core   0: 3 0x8000a1dc (0xf372cd93) x27 0xffffff37
core   0: 0x8000a1e0 (0x391cf513) andi    a0, s9, 913
core   0: 3 0x8000a1e0 (0x391cf513) x10 0x00000311
core   0: 0x8000a1e4 (0x01959193) slli    gp, a1, 25
core   0: 3 0x8000a1e4 (0x01959193) x 3 0x28000000
core   0: 0x8000a1e8 (0x4e1fbe13) sltiu   t3, t6, 1249
core   0: 3 0x8000a1e8 (0x4e1fbe13) x28 0x00000000
core   0: 0x8000a1ec (0xfff00993) li      s3, -1
core   0: 3 0x8000a1ec (0xfff00993) x19 0xffffffff
core   0: 0x8000a1f0 (0x2b205db7) lui     s11, 0x2b205
core   0: 3 0x8000a1f0 (0x2b205db7) x27 0x2b205000
core   0: 0x8000a1f4 (0x7e9d8d93) addi    s11, s11, 2025
core   0: 3 0x8000a1f4 (0x7e9d8d93) x27 0x2b2057e9
core   0: 0x8000a1f8 (0xfff00493) li      s1, -1
core   0: 3 0x8000a1f8 (0xfff00493) x 9 0xffffffff
core   0: 0x8000a1fc (0x80000a37) lui     s4, 0x80000
core   0: 3 0x8000a1fc (0x80000a37) x20 0x80000000
core   0: 0x8000a200 (0x00000b93) li      s7, 0
core   0: 3 0x8000a200 (0x00000b93) x23 0x00000000
core   0: 0x8000a204 (0x00000913) li      s2, 0
core   0: 3 0x8000a204 (0x00000913) x18 0x00000000
core   0: 0x8000a208 (0x00000f93) li      t6, 0
core   0: 3 0x8000a208 (0x00000f93) x31 0x00000000
core   0: 0x8000a20c (0x00000d13) li      s10, 0
core   0: 3 0x8000a20c (0x00000d13) x26 0x00000000
core   0: 0x8000a210 (0x00000813) li      a6, 0
core   0: 3 0x8000a210 (0x00000813) x16 0x00000000
core   0: 0x8000a214 (0x00000c13) li      s8, 0
core   0: 3 0x8000a214 (0x00000c13) x24 0x00000000
core   0: 0x8000a218 (0x48cf7c37) lui     s8, 0x48cf7
core   0: 3 0x8000a218 (0x48cf7c37) x24 0x48cf7000
core   0: 0x8000a21c (0x01898933) add     s2, s3, s8
core   0: 3 0x8000a21c (0x01898933) x18 0x48cf6fff
core   0: 0x8000a220 (0x00000013) nop
core   0: 3 0x8000a220 (0x00000013)
core   0: 0x8000a224 (0x2c224937) lui     s2, 0x2c224
core   0: 3 0x8000a224 (0x2c224937) x18 0x2c224000
core   0: 0x8000a228 (0x2dd2cc37) lui     s8, 0x2dd2c
core   0: 3 0x8000a228 (0x2dd2cc37) x24 0x2dd2c000
core   0: 0x8000a22c (0x013d04b3) add     s1, s10, s3
core   0: 3 0x8000a22c (0x013d04b3) x 9 0xffffffff
core   0: 0x8000a230 (0x00000013) nop
core   0: 3 0x8000a230 (0x00000013)
core   0: 0x8000a234 (0x01748c33) add     s8, s1, s7
core   0: 3 0x8000a234 (0x01748c33) x24 0xffffffff
core   0: 0x8000a238 (0x017d8a33) add     s4, s11, s7
core   0: 3 0x8000a238 (0x017d8a33) x20 0x2b2057e9
core   0: 0x8000a23c (0x65df29b7) lui     s3, 0x65df2
core   0: 3 0x8000a23c (0x65df29b7) x19 0x65df2000
core   0: 0x8000a240 (0x00000013) nop
core   0: 3 0x8000a240 (0x00000013)
core   0: 0x8000a244 (0xed88fc17) auipc   s8, 0xed88f
core   0: 3 0x8000a244 (0xed88fc17) x24 0x6d899244
core   0: 0x8000a248 (0x34548813) addi    a6, s1, 837
core   0: 3 0x8000a248 (0x34548813) x16 0x00000344
core   0: 0x8000a24c (0x6f2a0993) addi    s3, s4, 1778
core   0: 3 0x8000a24c (0x6f2a0993) x19 0x2b205edb
core   0: 0x8000a250 (0x41fa0db3) sub     s11, s4, t6
core   0: 3 0x8000a250 (0x41fa0db3) x27 0x2b2057e9
core   0: 0x8000a254 (0x887dc497) auipc   s1, 0x887dc
core   0: 3 0x8000a254 (0x887dc497) x 9 0x087e6254
core   0: 0x8000a258 (0xcada0993) addi    s3, s4, -851
core   0: 3 0x8000a258 (0xcada0993) x19 0x2b205496
core   0: 0x8000a25c (0x00000013) nop
core   0: 3 0x8000a25c (0x00000013)
core   0: 0x8000a260 (0x41bb8bb3) sub     s7, s7, s11
core   0: 3 0x8000a260 (0x41bb8bb3) x23 0xd4dfa817
core   0: 0x8000a264 (0x40948c33) sub     s8, s1, s1
core   0: 3 0x8000a264 (0x40948c33) x24 0x00000000
core   0: 0x8000a268 (0x013c0fb3) add     t6, s8, s3
core   0: 3 0x8000a268 (0x013c0fb3) x31 0x2b205496
core   0: 0x8000a26c (0x418484b3) sub     s1, s1, s8
core   0: 3 0x8000a26c (0x418484b3) x 9 0x087e6254
core   0: 0x8000a270 (0x010f8bb3) add     s7, t6, a6
core   0: 3 0x8000a270 (0x010f8bb3) x23 0x2b2057da
core   0: 0x8000a274 (0x85096293) ori     t0, s2, -1968
core   0: 3 0x8000a274 (0x85096293) x 5 0xfffff850
core   0: 0x8000a278 (0x5cad7413) andi    s0, s10, 1482
core   0: 3 0x8000a278 (0x5cad7413) x 8 0x00000000
core   0: 0x8000a27c (0xaf25c193) xori    gp, a1, -1294
core   0: 3 0x8000a27c (0xaf25c193) x 3 0x0011e066
core   0: 0x8000a280 (0x8f4afcb7) lui     s9, 0x8f4af
core   0: 3 0x8000a280 (0x8f4afcb7) x25 0x8f4af000
core   0: 0x8000a284 (0x01739b93) slli    s7, t2, 23
core   0: 3 0x8000a284 (0x01739b93) x23 0x72000000
core   0: 0x8000a288 (0x002f7833) and     a6, t5, sp
core   0: 3 0x8000a288 (0x002f7833) x16 0x32909140
core   0: 0x8000a28c (0x006caf33) slt     t5, s9, t1
core   0: 3 0x8000a28c (0x006caf33) x30 0x00000001
core   0: 0x8000a290 (0x407e5eb3) sra     t4, t3, t2
core   0: 3 0x8000a290 (0x407e5eb3) x29 0x00000000
core   0: 0x8000a294 (0x555ce413) ori     s0, s9, 1365
core   0: 3 0x8000a294 (0x555ce413) x 8 0x8f4af555
core   0: 0x8000a298 (0x012d2fb3) slt     t6, s10, s2
core   0: 3 0x8000a298 (0x012d2fb3) x31 0x00000001
core   0: 0x8000a29c (0x00039993) slli    s3, t2, 0
core   0: 3 0x8000a29c (0x00039993) x19 0x80015ce4
core   0: 0x8000a2a0 (0x00222d33) slt     s10, tp, sp
core   0: 3 0x8000a2a0 (0x00222d33) x26 0x00000001
core   0: 0x8000a2a4 (0x41232d37) lui     s10, 0x41232
core   0: 3 0x8000a2a4 (0x41232d37) x26 0x41232000
core   0: 0x8000a2a8 (0x404f5993) srai    s3, t5, 4
core   0: 3 0x8000a2a8 (0x404f5993) x19 0x00000000
core   0: 0x8000a2ac (0x00379313) slli    t1, a5, 3
core   0: 3 0x8000a2ac (0x00379313) x 6 0xfffffff8
core   0: 0x8000a2b0 (0x44c76213) ori     tp, a4, 1100
core   0: 3 0x8000a2b0 (0x44c76213) x 4 0xffffff7f
core   0: 0x8000a2b4 (0x2a66b993) sltiu   s3, a3, 678
core   0: 3 0x8000a2b4 (0x2a66b993) x19 0x00000000
core   0: 0x8000a2b8 (0x0155e033) or      zero, a1, s5
core   0: 3 0x8000a2b8 (0x0155e033)
core   0: 0x8000a2bc (0x01640933) add     s2, s0, s6
core   0: 3 0x8000a2bc (0x01640933) x18 0x77ce8c36
core   0: 0x8000a2c0 (0x74cc3a93) sltiu   s5, s8, 1868
core   0: 3 0x8000a2c0 (0x74cc3a93) x21 0x00000001
core   0: 0x8000a2c4 (0x40e25333) sra     t1, tp, a4
core   0: 3 0x8000a2c4 (0x40e25333) x 6 0xffffffff
core   0: 0x8000a2c8 (0x4380cf13) xori    t5, ra, 1080
core   0: 3 0x8000a2c8 (0x4380cf13) x30 0x0011e154
core   0: 0x8000a2cc (0xfc30d6b7) lui     a3, 0xfc30d
core   0: 3 0x8000a2cc (0xfc30d6b7) x13 0xfc30d000
core   0: 0x8000a2d0 (0x01dc1193) slli    gp, s8, 29
core   0: 3 0x8000a2d0 (0x01dc1193) x 3 0x00000000
core   0: 0x8000a2d4 (0x41548e33) sub     t3, s1, s5
core   0: 3 0x8000a2d4 (0x41548e33) x28 0x087e6253
core   0: 0x8000a2d8 (0x414a5133) sra     sp, s4, s4
core   0: 3 0x8000a2d8 (0x414a5133) x 2 0x0015902b
core   0: 0x8000a2dc (0x03b27093) andi    ra, tp, 59
core   0: 3 0x8000a2dc (0x03b27093) x 1 0x0000003b
core   0: 0x8000a2e0 (0x9ab8e513) ori     a0, a7, -1621
core   0: 3 0x8000a2e0 (0x9ab8e513) x10 0xffffffef
core   0: 0x8000a2e4 (0x01d21093) slli    ra, tp, 29
core   0: 3 0x8000a2e4 (0x01d21093) x 1 0xe0000000
core   0: 0x8000a2e8 (0x40228833) sub     a6, t0, sp
core   0: 3 0x8000a2e8 (0x40228833) x16 0xffea6825
core   0: 0x8000a2ec (0x00dfdf93) srli    t6, t6, 13
core   0: 3 0x8000a2ec (0x00dfdf93) x31 0x00000000
core   0: 0x8000a2f0 (0x16f5c813) xori    a6, a1, 367
core   0: 3 0x8000a2f0 (0x16f5c813) x16 0xffee1bfb
core   0: 0x8000a2f4 (0xaba14413) xori    s0, sp, -1350
core   0: 3 0x8000a2f4 (0xaba14413) x 8 0xffea6a91
core   0: 0x8000a2f8 (0x40a97313) andi    t1, s2, 1034
core   0: 3 0x8000a2f8 (0x40a97313) x 6 0x00000402
core   0: 0x8000a2fc (0x00df1593) slli    a1, t5, 13
core   0: 3 0x8000a2fc (0x00df1593) x11 0x3c2a8000
core   0: 0x8000a300 (0x00000013) nop
core   0: 3 0x8000a300 (0x00000013)
core   0: 0x8000a304 (0x0159a6b3) slt     a3, s3, s5
core   0: 3 0x8000a304 (0x0159a6b3) x13 0x00000001
core   0: 0x8000a308 (0x5f4db993) sltiu   s3, s11, 1524
core   0: 3 0x8000a308 (0x5f4db993) x19 0x00000000
core   0: 0x8000a30c (0xe0e0eb93) ori     s7, ra, -498
core   0: 3 0x8000a30c (0xe0e0eb93) x23 0xfffffe0e
core   0: 0x8000a310 (0x40e20bb3) sub     s7, tp, a4
core   0: 3 0x8000a310 (0x40e20bb3) x23 0x00000004
core   0: 0x8000a314 (0x016cd2b3) srl     t0, s9, s6
core   0: 3 0x8000a314 (0x016cd2b3) x 5 0x47a57800
core   0: 0x8000a318 (0x5511c993) xori    s3, gp, 1361
core   0: 3 0x8000a318 (0x5511c993) x19 0x00000551
core   0: 0x8000a31c (0x00af2233) slt     tp, t5, a0
core   0: 3 0x8000a31c (0x00af2233) x 4 0x00000000
core   0: 0x8000a320 (0x408482b3) sub     t0, s1, s0
core   0: 3 0x8000a320 (0x408482b3) x 5 0x0893f7c3
core   0: 0x8000a324 (0x017ba4b3) slt     s1, s7, s7
core   0: 3 0x8000a324 (0x017ba4b3) x 9 0x00000000
core   0: 0x8000a328 (0x00f011b3) sll     gp, zero, a5
core   0: 3 0x8000a328 (0x00f011b3) x 3 0x00000000
core   0: 0x8000a32c (0x01d08f33) add     t5, ra, t4
core   0: 3 0x8000a32c (0x01d08f33) x30 0xe0000000
core   0: 0x8000a330 (0x006d9913) slli    s2, s11, 6
core   0: 3 0x8000a330 (0x006d9913) x18 0xc815fa40
core   0: 0x8000a334 (0x001d1493) slli    s1, s10, 1
core   0: 3 0x8000a334 (0x001d1493) x 9 0x82464000
core   0: 0x8000a338 (0x04b66293) ori     t0, a2, 75
core   0: 3 0x8000a338 (0x04b66293) x 5 0x0000004b
core   0: 0x8000a33c (0xde034213) xori    tp, t1, -544
core   0: 3 0x8000a33c (0xde034213) x 4 0xfffff9e2
core   0: 0x8000a340 (0x4316f613) andi    a2, a3, 1073
core   0: 3 0x8000a340 (0x4316f613) x12 0x00000001
core   0: 0x8000a344 (0xf4392093) slti    ra, s2, -189
core   0: 3 0x8000a344 (0xf4392093) x 1 0x00000001
core   0: 0x8000a348 (0x01e48c33) add     s8, s1, t5
core   0: 3 0x8000a348 (0x01e48c33) x24 0x62464000
core   0: 0x8000a34c (0x003f5833) srl     a6, t5, gp
core   0: 3 0x8000a34c (0x003f5833) x16 0xe0000000
core   0: 0x8000a350 (0x41e05e33) sra     t3, zero, t5
core   0: 3 0x8000a350 (0x41e05e33) x28 0x00000000
core   0: 0x8000a354 (0x014c04b3) add     s1, s8, s4
core   0: 3 0x8000a354 (0x014c04b3) x 9 0x8d6697e9
core   0: 0x8000a358 (0x00c3f733) and     a4, t2, a2
core   0: 3 0x8000a358 (0x00c3f733) x14 0x00000000
core   0: 0x8000a35c (0x1a7dc337) lui     t1, 0x1a7dc
core   0: 3 0x8000a35c (0x1a7dc337) x 6 0x1a7dc000
core   0: 0x8000a360 (0x003cf0b3) and     ra, s9, gp
core   0: 3 0x8000a360 (0x003cf0b3) x 1 0x00000000
core   0: 0x8000a364 (0x01889233) sll     tp, a7, s8
core   0: 3 0x8000a364 (0x01889233) x 4 0x80011e64
core   0: 0x8000a368 (0xb04f3793) sltiu   a5, t5, -1276
core   0: 3 0x8000a368 (0xb04f3793) x15 0x00000001
core   0: 0x8000a36c (0xc2f00697) auipc   a3, 0xc2f00
core   0: 3 0x8000a36c (0xc2f00697) x13 0x42f0a36c
core   0: 0x8000a370 (0x016a32b3) sltu    t0, s4, s6
core   0: 3 0x8000a370 (0x016a32b3) x 5 0x00000001
core   0: 0x8000a374 (0x00ad6133) or      sp, s10, a0
core   0: 3 0x8000a374 (0x00ad6133) x 2 0xffffffef
core   0: 0x8000a378 (0x01724933) xor     s2, tp, s7
core   0: 3 0x8000a378 (0x01724933) x18 0x80011e60
core   0: 0x8000a37c (0xce923f97) auipc   t6, 0xce923
core   0: 3 0x8000a37c (0xce923f97) x31 0x4e92d37c
core   0: 0x8000a380 (0x0166dc33) srl     s8, a3, s6
core   0: 3 0x8000a380 (0x0166dc33) x24 0x217851b6
core   0: 0x8000a384 (0x3082a693) slti    a3, t0, 776
core   0: 3 0x8000a384 (0x3082a693) x13 0x00000001
core   0: 0x8000a388 (0x400add13) srai    s10, s5, 0
core   0: 3 0x8000a388 (0x400add13) x26 0x00000001
core   0: 0x8000a38c (0x8deb8a93) addi    s5, s7, -1826
core   0: 3 0x8000a38c (0x8deb8a93) x21 0xfffff8e2
core   0: 0x8000a390 (0x01a45933) srl     s2, s0, s10
core   0: 3 0x8000a390 (0x01a45933) x18 0x7ff53548
core   0: 0x8000a394 (0x0195c633) xor     a2, a1, s9
core   0: 3 0x8000a394 (0x0195c633) x12 0xb3607000
core   0: 0x8000a398 (0x00ad9d13) slli    s10, s11, 10
core   0: 3 0x8000a398 (0x00ad9d13) x26 0x815fa400
core   0: 0x8000a39c (0x1ec6a713) slti    a4, a3, 492
core   0: 3 0x8000a39c (0x1ec6a713) x14 0x00000001
core   0: 0x8000a3a0 (0x00000013) nop
core   0: 3 0x8000a3a0 (0x00000013)
core   0: 0x8000a3a4 (0x63dfc737) lui     a4, 0x63dfc
core   0: 3 0x8000a3a4 (0x63dfc737) x14 0x63dfc000
core   0: 0x8000a3a8 (0x00508933) add     s2, ra, t0
core   0: 3 0x8000a3a8 (0x00508933) x18 0x00000001
core   0: 0x8000a3ac (0x00cd1f13) slli    t5, s10, 12
core   0: 3 0x8000a3ac (0x00cd1f13) x30 0xfa400000
core   0: 0x8000a3b0 (0x011f9f33) sll     t5, t6, a7
core   0: 3 0x8000a3b0 (0x011f9f33) x30 0xe92d37c0
core   0: 0x8000a3b4 (0x018c3333) sltu    t1, s8, s8
core   0: 3 0x8000a3b4 (0x018c3333) x 6 0x00000000
core   0: 0x8000a3b8 (0x00000013) nop
core   0: 3 0x8000a3b8 (0x00000013)
core   0: 0x8000a3bc (0x00c774b3) and     s1, a4, a2
core   0: 3 0x8000a3bc (0x00c774b3) x 9 0x23404000
core   0: 0x8000a3c0 (0x014baf33) slt     t5, s7, s4
core   0: 3 0x8000a3c0 (0x014baf33) x30 0x00000001
core   0: 0x8000a3c4 (0x1d6f7813) andi    a6, t5, 470
core   0: 3 0x8000a3c4 (0x1d6f7813) x16 0x00000000
core   0: 0x8000a3c8 (0x01fae233) or      tp, s5, t6
core   0: 3 0x8000a3c8 (0x01fae233) x 4 0xfffffbfe
core   0: 0x8000a3cc (0x5159e793) ori     a5, s3, 1301
core   0: 3 0x8000a3cc (0x5159e793) x15 0x00000555
core   0: 0x8000a3d0 (0x0ad74313) xori    t1, a4, 173
core   0: 3 0x8000a3d0 (0x0ad74313) x 6 0x63dfc0ad
core   0: 0x8000a3d4 (0x41d9de93) srai    t4, s3, 29
core   0: 3 0x8000a3d4 (0x41d9de93) x29 0x00000000
core   0: 0x8000a3d8 (0x72c30d93) addi    s11, t1, 1836
core   0: 3 0x8000a3d8 (0x72c30d93) x27 0x63dfc7d9
core   0: 0x8000a3dc (0x00d88133) add     sp, a7, a3
core   0: 3 0x8000a3dc (0x00d88133) x 2 0x80011e65
core   0: 0x8000a3e0 (0x80f5c693) xori    a3, a1, -2033
core   0: 3 0x8000a3e0 (0x80f5c693) x13 0xc3d5780f
core   0: 0x8000a3e4 (0x00141513) slli    a0, s0, 1
core   0: 3 0x8000a3e4 (0x00141513) x10 0xffd4d522
core   0: 0x8000a3e8 (0xfe490637) lui     a2, 0xfe490
core   0: 3 0x8000a3e8 (0xfe490637) x12 0xfe490000
core   0: 0x8000a3ec (0x0139feb3) and     t4, s3, s3
core   0: 3 0x8000a3ec (0x0139feb3) x29 0x00000551
core   0: 0x8000a3f0 (0x00000013) nop
core   0: 3 0x8000a3f0 (0x00000013)
core   0: 0x8000a3f4 (0xaf8ccf97) auipc   t6, 0xaf8cc
core   0: 3 0x8000a3f4 (0xaf8ccf97) x31 0x2f8d63f4
core   0: 0x8000a3f8 (0x017cd7b3) srl     a5, s9, s7
core   0: 3 0x8000a3f8 (0x017cd7b3) x15 0x08f4af00
core   0: 0x8000a3fc (0xb434e513) ori     a0, s1, -1213
core   0: 3 0x8000a3fc (0xb434e513) x10 0xfffffb43
core   0: 0x8000a400 (0x00b840b3) xor     ra, a6, a1
core   0: 3 0x8000a400 (0x00b840b3) x 1 0x3c2a8000
core   0: 0x8000a404 (0x40e7dbb3) sra     s7, a5, a4
core   0: 3 0x8000a404 (0x40e7dbb3) x23 0x08f4af00
core   0: 0x8000a408 (0x2c7bcfb7) lui     t6, 0x2c7bc
core   0: 3 0x8000a408 (0x2c7bcfb7) x31 0x2c7bc000
core   0: 0x8000a40c (0x3cbf8f93) addi    t6, t6, 971
core   0: 3 0x8000a40c (0x3cbf8f93) x31 0x2c7bc3cb
core   0: 0x8000a410 (0xfb82c0b7) lui     ra, 0xfb82c
core   0: 3 0x8000a410 (0xfb82c0b7) x 1 0xfb82c000
core   0: 0x8000a414 (0x4db08093) addi    ra, ra, 1243
core   0: 3 0x8000a414 (0x4db08093) x 1 0xfb82c4db
core   0: 0x8000a418 (0xfff00613) li      a2, -1
core   0: 3 0x8000a418 (0xfff00613) x12 0xffffffff
core   0: 0x8000a41c (0xf59d4db7) lui     s11, 0xf59d4
core   0: 3 0x8000a41c (0xf59d4db7) x27 0xf59d4000
core   0: 0x8000a420 (0x0a0d8d93) addi    s11, s11, 160
core   0: 3 0x8000a420 (0x0a0d8d93) x27 0xf59d40a0
core   0: 0x8000a424 (0xfff00e13) li      t3, -1
core   0: 3 0x8000a424 (0xfff00e13) x28 0xffffffff
core   0: 0x8000a428 (0x75a074b7) lui     s1, 0x75a07
core   0: 3 0x8000a428 (0x75a074b7) x 9 0x75a07000
core   0: 0x8000a42c (0x9a248493) addi    s1, s1, -1630
core   0: 3 0x8000a42c (0x9a248493) x 9 0x75a069a2
core   0: 0x8000a430 (0xfff00913) li      s2, -1
core   0: 3 0x8000a430 (0xfff00913) x18 0xffffffff
core   0: 0x8000a434 (0x00000b93) li      s7, 0
core   0: 3 0x8000a434 (0x00000b93) x23 0x00000000
core   0: 0x8000a438 (0x00000993) li      s3, 0
core   0: 3 0x8000a438 (0x00000993) x19 0x00000000
core   0: 0x8000a43c (0x00000413) li      s0, 0
core   0: 3 0x8000a43c (0x00000413) x 8 0x00000000
core   0: 0x8000a440 (0x00000013) nop
core   0: 3 0x8000a440 (0x00000013)
core   0: 0x8000a444 (0x40c90db3) sub     s11, s2, a2
core   0: 3 0x8000a444 (0x40c90db3) x27 0x00000000
core   0: 0x8000a448 (0x012904b3) add     s1, s2, s2
core   0: 3 0x8000a448 (0x012904b3) x 9 0xfffffffe
core   0: 0x8000a44c (0x40948db3) sub     s11, s1, s1
core   0: 3 0x8000a44c (0x40948db3) x27 0x00000000
core   0: 0x8000a450 (0x00000013) nop
core   0: 3 0x8000a450 (0x00000013)
core   0: 0x8000a454 (0x009e0933) add     s2, t3, s1
core   0: 3 0x8000a454 (0x009e0933) x18 0xfffffffd
core   0: 0x8000a458 (0x01b40633) add     a2, s0, s11
core   0: 3 0x8000a458 (0x01b40633) x12 0x00000000
core   0: 0x8000a45c (0x409b8fb3) sub     t6, s7, s1
core   0: 3 0x8000a45c (0x409b8fb3) x31 0x00000002
core   0: 0x8000a460 (0xb0d46db7) lui     s11, 0xb0d46
core   0: 3 0x8000a460 (0xb0d46db7) x27 0xb0d46000
core   0: 0x8000a464 (0x93928637) lui     a2, 0x93928
core   0: 3 0x8000a464 (0x93928637) x12 0x93928000
core   0: 0x8000a468 (0xc2b5a917) auipc   s2, 0xc2b5a
core   0: 3 0x8000a468 (0xc2b5a917) x18 0x42b64468
core   0: 0x8000a46c (0xd3c40493) addi    s1, s0, -708
core   0: 3 0x8000a46c (0xd3c40493) x 9 0xfffffd3c
core   0: 0x8000a470 (0x40860fb3) sub     t6, a2, s0
core   0: 3 0x8000a470 (0x40860fb3) x31 0x93928000
core   0: 0x8000a474 (0x00000013) nop
core   0: 3 0x8000a474 (0x00000013)
core   0: 0x8000a478 (0xfee08413) addi    s0, ra, -18
core   0: 3 0x8000a478 (0xfee08413) x 8 0xfb82c4c9
core   0: 0x8000a47c (0x89c43617) auipc   a2, 0x89c43
core   0: 3 0x8000a47c (0x89c43617) x12 0x09c4d47c
core   0: 0x8000a480 (0x00000013) nop
core   0: 3 0x8000a480 (0x00000013)
core   0: 0x8000a484 (0x00000013) nop
core   0: 3 0x8000a484 (0x00000013)
core   0: 0x8000a488 (0x00000013) nop
core   0: 3 0x8000a488 (0x00000013)
core   0: 0x8000a48c (0x2bc60417) auipc   s0, 0x2bc60
core   0: 3 0x8000a48c (0x2bc60417) x 8 0xabc6a48c
core   0: 0x8000a490 (0xd53d8413) addi    s0, s11, -685
core   0: 3 0x8000a490 (0xd53d8413) x 8 0xb0d45d53
core   0: 0x8000a494 (0x408904b3) sub     s1, s2, s0
core   0: 3 0x8000a494 (0x408904b3) x 9 0x91e1e715
core   0: 0x8000a498 (0x00000013) nop
core   0: 3 0x8000a498 (0x00000013)
core   0: 0x8000a49c (0x00000013) nop
core   0: 3 0x8000a49c (0x00000013)
core   0: 0x8000a4a0 (0x52f08093) addi    ra, ra, 1327
core   0: 3 0x8000a4a0 (0x52f08093) x 1 0xfb82ca0a
core   0: 0x8000a4a4 (0x00862933) slt     s2, a2, s0
core   0: 3 0x8000a4a4 (0x00862933) x18 0x00000000
core   0: 0x8000a4a8 (0x4ba08093) addi    ra, ra, 1210
core   0: 3 0x8000a4a8 (0x4ba08093) x 1 0xfb82cec4
core   0: 0x8000a4ac (0x32466313) ori     t1, a2, 804
core   0: 3 0x8000a4ac (0x32466313) x 6 0x09c4d77c
core   0: 0x8000a4b0 (0xffbc3b93) sltiu   s7, s8, -5
core   0: 3 0x8000a4b0 (0xffbc3b93) x23 0x00000001
core   0: 0x8000a4b4 (0x016d2633) slt     a2, s10, s6
core   0: 3 0x8000a4b4 (0x016d2633) x12 0x00000001
core   0: 0x8000a4b8 (0x68f8c713) xori    a4, a7, 1679
core   0: 3 0x8000a4b8 (0x68f8c713) x14 0x800118eb
core   0: 0x8000a4bc (0x01329d33) sll     s10, t0, s3
core   0: 3 0x8000a4bc (0x01329d33) x26 0x00000001
core   0: 0x8000a4c0 (0x623a6313) ori     t1, s4, 1571
core   0: 3 0x8000a4c0 (0x623a6313) x 6 0x2b2057eb
core   0: 0x8000a4c4 (0x0159ff33) and     t5, s3, s5
core   0: 3 0x8000a4c4 (0x0159ff33) x30 0x00000000
core   0: 0x8000a4c8 (0x002b9033) sll     zero, s7, sp
core   0: 3 0x8000a4c8 (0x002b9033)
core   0: 0x8000a4cc (0xc394ce93) xori    t4, s1, -967
core   0: 3 0x8000a4cc (0xc394ce93) x29 0x6e1e1b2c
core   0: 0x8000a4d0 (0x00b65bb3) srl     s7, a2, a1
core   0: 3 0x8000a4d0 (0x00b65bb3) x23 0x00000001
core   0: 0x8000a4d4 (0x41905013) srai    zero, zero, 25
core   0: 3 0x8000a4d4 (0x41905013)
core   0: 0x8000a4d8 (0x01a4eab3) or      s5, s1, s10
core   0: 3 0x8000a4d8 (0x01a4eab3) x21 0x91e1e715
core   0: 0x8000a4dc (0x00dbb0b3) sltu    ra, s7, a3
core   0: 3 0x8000a4dc (0x00dbb0b3) x 1 0x00000001
core   0: 0x8000a4e0 (0x4a78e113) ori     sp, a7, 1191
core   0: 3 0x8000a4e0 (0x4a78e113) x 2 0x80011ee7
core   0: 0x8000a4e4 (0x00366e33) or      t3, a2, gp
core   0: 3 0x8000a4e4 (0x00366e33) x28 0x00000001
core   0: 0x8000a4e8 (0x01df0cb3) add     s9, t5, t4
core   0: 3 0x8000a4e8 (0x01df0cb3) x25 0x6e1e1b2c
core   0: 0x8000a4ec (0x119cc413) xori    s0, s9, 281
core   0: 3 0x8000a4ec (0x119cc413) x 8 0x6e1e1a35
core   0: 0x8000a4f0 (0x017070b3) and     ra, zero, s7
core   0: 3 0x8000a4f0 (0x017070b3) x 1 0x00000000
core   0: 0x8000a4f4 (0x1bb1eab7) lui     s5, 0x1bb1e
core   0: 3 0x8000a4f4 (0x1bb1eab7) x21 0x1bb1e000
core   0: 0x8000a4f8 (0x01bf40b3) xor     ra, t5, s11
core   0: 3 0x8000a4f8 (0x01bf40b3) x 1 0xb0d46000
core   0: 0x8000a4fc (0x00afd493) srli    s1, t6, 10
core   0: 3 0x8000a4fc (0x00afd493) x 9 0x0024e4a0
core   0: 0x8000a500 (0x40e50033) sub     zero, a0, a4
core   0: 3 0x8000a500 (0x40e50033)
core   0: 0x8000a504 (0x01c542b3) xor     t0, a0, t3
core   0: 3 0x8000a504 (0x01c542b3) x 5 0xfffffb42
core   0: 0x8000a508 (0xf56a2f93) slti    t6, s4, -170
core   0: 3 0x8000a508 (0xf56a2f93) x31 0x00000000
core   0: 0x8000a50c (0x00000013) nop
core   0: 3 0x8000a50c (0x00000013)
core   0: 0x8000a510 (0x00000013) nop
core   0: 3 0x8000a510 (0x00000013)
core   0: 0x8000a514 (0x108cc513) xori    a0, s9, 264
core   0: 3 0x8000a514 (0x108cc513) x10 0x6e1e1a24
core   0: 0x8000a518 (0x41470db3) sub     s11, a4, s4
core   0: 3 0x8000a518 (0x41470db3) x27 0x54e0c102
core   0: 0x8000a51c (0x01a0c533) xor     a0, ra, s10
core   0: 3 0x8000a51c (0x01a0c533) x10 0xb0d46001
core   0: 0x8000a520 (0x41f9d413) srai    s0, s3, 31
core   0: 3 0x8000a520 (0x41f9d413) x 8 0x00000000
core   0: 0x8000a524 (0x4d4fab93) slti    s7, t6, 1236
core   0: 3 0x8000a524 (0x4d4fab93) x23 0x00000001
core   0: 0x8000a528 (0xa6f87313) andi    t1, a6, -1425
core   0: 3 0x8000a528 (0xa6f87313) x 6 0x00000000
core   0: 0x8000a52c (0xb61097b7) lui     a5, 0xb6109
core   0: 3 0x8000a52c (0xb61097b7) x15 0xb6109000
core   0: 0x8000a530 (0x016d3a33) sltu    s4, s10, s6
core   0: 3 0x8000a530 (0x016d3a33) x20 0x00000001
core   0: 0x8000a534 (0x5db56113) ori     sp, a0, 1499
core   0: 3 0x8000a534 (0x5db56113) x 2 0xb0d465db
core   0: 0x8000a538 (0x01659d93) slli    s11, a1, 22
core   0: 3 0x8000a538 (0x01659d93) x27 0x00000000
core   0: 0x8000a53c (0x00191313) slli    t1, s2, 1
core   0: 3 0x8000a53c (0x00191313) x 6 0x00000000
core   0: 0x8000a540 (0x6bf6a913) slti    s2, a3, 1727
core   0: 3 0x8000a540 (0x6bf6a913) x18 0x00000001
core   0: 0x8000a544 (0x005b1993) slli    s3, s6, 5
core   0: 3 0x8000a544 (0x005b1993) x19 0x1072dc20
core   0: 0x8000a548 (0x01c47833) and     a6, s0, t3
core   0: 3 0x8000a548 (0x01c47833) x16 0x00000000
core   0: 0x8000a54c (0x00f576b3) and     a3, a0, a5
core   0: 3 0x8000a54c (0x00f576b3) x13 0xb0100000
core   0: 0x8000a550 (0x006310b3) sll     ra, t1, t1
core   0: 3 0x8000a550 (0x006310b3) x 1 0x00000000
core   0: 0x8000a554 (0x0049ac33) slt     s8, s3, tp
core   0: 3 0x8000a554 (0x0049ac33) x24 0x00000000
core   0: 0x8000a558 (0x55777013) andi    zero, a4, 1367
core   0: 3 0x8000a558 (0x55777013)
core   0: 0x8000a55c (0x009c1eb3) sll     t4, s8, s1
core   0: 3 0x8000a55c (0x009c1eb3) x29 0x00000000
core   0: 0x8000a560 (0x01fa5093) srli    ra, s4, 31
core   0: 3 0x8000a560 (0x01fa5093) x 1 0x00000000
core   0: 0x8000a564 (0x34ef3013) sltiu   zero, t5, 846
core   0: 3 0x8000a564 (0x34ef3013)
core   0: 0x8000a568 (0xece58d13) addi    s10, a1, -306
core   0: 3 0x8000a568 (0xece58d13) x26 0x3c2a7ece
core   0: 0x8000a56c (0x4143d2b3) sra     t0, t2, s4
core   0: 3 0x8000a56c (0x4143d2b3) x 5 0xc000ae72
core   0: 0x8000a570 (0x40665c33) sra     s8, a2, t1
core   0: 3 0x8000a570 (0x40665c33) x24 0x00000001
core   0: 0x8000a574 (0x00dcd733) srl     a4, s9, a3
core   0: 3 0x8000a574 (0x00dcd733) x14 0x6e1e1b2c
core   0: 0x8000a578 (0x8757a613) slti    a2, a5, -1931
core   0: 3 0x8000a578 (0x8757a613) x12 0x00000001
core   0: 0x8000a57c (0x01e5b733) sltu    a4, a1, t5
core   0: 3 0x8000a57c (0x01e5b733) x14 0x00000000
core   0: 0x8000a580 (0x004cde33) srl     t3, s9, tp
core   0: 3 0x8000a580 (0x004cde33) x28 0x00000001
core   0: 0x8000a584 (0x01b3a1b3) slt     gp, t2, s11
core   0: 3 0x8000a584 (0x01b3a1b3) x 3 0x00000001
core   0: 0x8000a588 (0xe71b5d97) auipc   s11, 0xe71b5
core   0: 3 0x8000a588 (0xe71b5d97) x27 0x671bf588
core   0: 0x8000a58c (0x400dd113) srai    sp, s11, 0
core   0: 3 0x8000a58c (0x400dd113) x 2 0x671bf588
core   0: 0x8000a590 (0x0fafe593) ori     a1, t6, 250
core   0: 3 0x8000a590 (0x0fafe593) x11 0x000000fa
core   0: 0x8000a594 (0x4045dd93) srai    s11, a1, 4
core   0: 3 0x8000a594 (0x4045dd93) x27 0x0000000f
core   0: 0x8000a598 (0x01dd8733) add     a4, s11, t4
core   0: 3 0x8000a598 (0x01dd8733) x14 0x0000000f
core   0: 0x8000a59c (0x0ec43413) sltiu   s0, s0, 236
core   0: 3 0x8000a59c (0x0ec43413) x 8 0x00000001
core   0: 0x8000a5a0 (0x00000013) nop
core   0: 3 0x8000a5a0 (0x00000013)
core   0: 0x8000a5a4 (0x01deca33) xor     s4, t4, t4
core   0: 3 0x8000a5a4 (0x01deca33) x20 0x00000000
core   0: 0x8000a5a8 (0x00e05133) srl     sp, zero, a4
core   0: 3 0x8000a5a8 (0x00e05133) x 2 0x00000000
core   0: 0x8000a5ac (0x40f55b93) srai    s7, a0, 15
core   0: 3 0x8000a5ac (0x40f55b93) x23 0xffff61a8
core   0: 0x8000a5b0 (0x46672d93) slti    s11, a4, 1126
core   0: 3 0x8000a5b0 (0x46672d93) x27 0x00000001
core   0: 0x8000a5b4 (0xa50b6613) ori     a2, s6, -1456
core   0: 3 0x8000a5b4 (0xa50b6613) x12 0xfffffef1
core   0: 0x8000a5b8 (0x02cc0813) addi    a6, s8, 44
core   0: 3 0x8000a5b8 (0x02cc0813) x16 0x0000002d
core   0: 0x8000a5bc (0x93b68093) addi    ra, a3, -1733
core   0: 3 0x8000a5bc (0x93b68093) x 1 0xb00ff93b
core   0: 0x8000a5c0 (0x0965ae13) slti    t3, a1, 150
core   0: 3 0x8000a5c0 (0x0965ae13) x28 0x00000000
core   0: 0x8000a5c4 (0x00000013) nop
core   0: 3 0x8000a5c4 (0x00000013)
core   0: 0x8000a5c8 (0x01b01533) sll     a0, zero, s11
core   0: 3 0x8000a5c8 (0x01b01533) x10 0x00000000
core   0: 0x8000a5cc (0x400fdf93) srai    t6, t6, 0
core   0: 3 0x8000a5cc (0x400fdf93) x31 0x00000000
core   0: 0x8000a5d0 (0x01d40733) add     a4, s0, t4
core   0: 3 0x8000a5d0 (0x01d40733) x14 0x00000001
core   0: 0x8000a5d4 (0x46537f93) andi    t6, t1, 1125
core   0: 3 0x8000a5d4 (0x46537f93) x31 0x00000000
core   0: 0x8000a5d8 (0xb45b4813) xori    a6, s6, -1211
core   0: 3 0x8000a5d8 (0xb45b4813) x16 0x177c6da4
core   0: 0x8000a5dc (0x00c95113) srli    sp, s2, 12
core   0: 3 0x8000a5dc (0x00c95113) x 2 0x00000000
core   0: 0x8000a5e0 (0x00000013) nop
core   0: 3 0x8000a5e0 (0x00000013)
core   0: 0x8000a5e4 (0xbe8b2413) slti    s0, s6, -1048
core   0: 3 0x8000a5e4 (0xbe8b2413) x 8 0x00000001
core   0: 0x8000a5e8 (0x0181d533) srl     a0, gp, s8
core   0: 3 0x8000a5e8 (0x0181d533) x10 0x00000000
core   0: 0x8000a5ec (0x01baa833) slt     a6, s5, s11
core   0: 3 0x8000a5ec (0x01baa833) x16 0x00000000
core   0: 0x8000a5f0 (0x9e2db413) sltiu   s0, s11, -1566
core   0: 3 0x8000a5f0 (0x9e2db413) x 8 0x00000001
core   0: 0x8000a5f4 (0x41915433) sra     s0, sp, s9
core   0: 3 0x8000a5f4 (0x41915433) x 8 0x00000000
core   0: 0x8000a5f8 (0x0091a233) slt     tp, gp, s1
core   0: 3 0x8000a5f8 (0x0091a233) x 4 0x00000001
core   0: 0x8000a5fc (0xe6397093) andi    ra, s2, -413
core   0: 3 0x8000a5fc (0xe6397093) x 1 0x00000001
core   0: 0x8000a600 (0x00000013) nop
core   0: 3 0x8000a600 (0x00000013)
core   0: 0x8000a604 (0x7a70ec13) ori     s8, ra, 1959
core   0: 3 0x8000a604 (0x7a70ec13) x24 0x000007a7
core   0: 0x8000a608 (0x409f0cb3) sub     s9, t5, s1
core   0: 3 0x8000a608 (0x409f0cb3) x25 0xffdb1b60
core   0: 0x8000a60c (0x056ff0b7) lui     ra, 0x56ff
core   0: 3 0x8000a60c (0x056ff0b7) x 1 0x056ff000
core   0: 0x8000a610 (0x6901b293) sltiu   t0, gp, 1680
core   0: 3 0x8000a610 (0x6901b293) x 5 0x00000001
core   0: 0x8000a614 (0x414f5fb3) sra     t6, t5, s4
core   0: 3 0x8000a614 (0x414f5fb3) x31 0x00000000
core   0: 0x8000a618 (0x011a0eb3) add     t4, s4, a7
core   0: 3 0x8000a618 (0x011a0eb3) x29 0x80011e64
core   0: 0x8000a61c (0x000a9c13) slli    s8, s5, 0
core   0: 3 0x8000a61c (0x000a9c13) x24 0x1bb1e000
core   0: 0x8000a620 (0x014baeb3) slt     t4, s7, s4
core   0: 3 0x8000a620 (0x014baeb3) x29 0x00000001
core   0: 0x8000a624 (0xe1d74213) xori    tp, a4, -483
core   0: 3 0x8000a624 (0xe1d74213) x 4 0xfffffe1c
core   0: 0x8000a628 (0x015b20b3) slt     ra, s6, s5
core   0: 3 0x8000a628 (0x015b20b3) x 1 0x00000001
core   0: 0x8000a62c (0x01780fb3) add     t6, a6, s7
core   0: 3 0x8000a62c (0x01780fb3) x31 0xffff61a8
core   0: 0x8000a630 (0x2ea8bc93) sltiu   s9, a7, 746
core   0: 3 0x8000a630 (0x2ea8bc93) x25 0x00000000
core   0: 0x8000a634 (0x00f45733) srl     a4, s0, a5
core   0: 3 0x8000a634 (0x00f45733) x14 0x00000000
core   0: 0x8000a638 (0x15db3513) sltiu   a0, s6, 349
core   0: 3 0x8000a638 (0x15db3513) x10 0x00000000
core   0: 0x8000a63c (0x015c57b3) srl     a5, s8, s5
core   0: 3 0x8000a63c (0x015c57b3) x15 0x1bb1e000
core   0: 0x8000a640 (0x40945493) srai    s1, s0, 9
core   0: 3 0x8000a640 (0x40945493) x 9 0x00000000
core   0: 0x8000a644 (0x00000013) nop
core   0: 3 0x8000a644 (0x00000013)
core   0: 0x8000a648 (0x0066bab3) sltu    s5, a3, t1
core   0: 3 0x8000a648 (0x0066bab3) x21 0x00000000
core   0: 0x8000a64c (0x006bc0b3) xor     ra, s7, t1
core   0: 3 0x8000a64c (0x006bc0b3) x 1 0xffff61a8
core   0: 0x8000a650 (0x00000013) nop
core   0: 3 0x8000a650 (0x00000013)
core   0: 0x8000a654 (0x89f9af93) slti    t6, s3, -1889
core   0: 3 0x8000a654 (0x89f9af93) x31 0x00000000
core   0: 0x8000a658 (0x0144d693) srli    a3, s1, 20
core   0: 3 0x8000a658 (0x0144d693) x13 0x00000000
core   0: 0x8000a65c (0x41b1d9b3) sra     s3, gp, s11
core   0: 3 0x8000a65c (0x41b1d9b3) x19 0x00000000
core   0: 0x8000a660 (0x0143f1b3) and     gp, t2, s4
core   0: 3 0x8000a660 (0x0143f1b3) x 3 0x00000000
core   0: 0x8000a664 (0x00000013) nop
core   0: 3 0x8000a664 (0x00000013)
core   0: 0x8000a668 (0x00000013) nop
core   0: 3 0x8000a668 (0x00000013)
core   0: 0x8000a66c (0xd8b2fc97) auipc   s9, 0xd8b2f
core   0: 3 0x8000a66c (0xd8b2fc97) x25 0x58b3966c
core   0: 0x8000a670 (0x00000013) nop
core   0: 3 0x8000a670 (0x00000013)
core   0: 0x8000a674 (0x41025113) srai    sp, tp, 16
core   0: 3 0x8000a674 (0x41025113) x 2 0xffffffff
core   0: 0x8000a678 (0x00edbeb3) sltu    t4, s11, a4
core   0: 3 0x8000a678 (0x00edbeb3) x29 0x00000000
core   0: 0x8000a67c (0x01629113) slli    sp, t0, 22
core   0: 3 0x8000a67c (0x01629113) x 2 0x00400000
core   0: 0x8000a680 (0x003cf233) and     tp, s9, gp
core   0: 3 0x8000a680 (0x003cf233) x 4 0x00000000
core   0: 0x8000a684 (0x01d4b933) sltu    s2, s1, t4
core   0: 3 0x8000a684 (0x01d4b933) x18 0x00000000
core   0: 0x8000a688 (0x0012b5b3) sltu    a1, t0, ra
core   0: 3 0x8000a688 (0x0012b5b3) x11 0x00000001
core   0: 0x8000a68c (0xeabbbb93) sltiu   s7, s7, -341
core   0: 3 0x8000a68c (0xeabbbb93) x23 0x00000001
core   0: 0x8000a690 (0x00294d33) xor     s10, s2, sp
core   0: 3 0x8000a690 (0x00294d33) x26 0x00400000
core   0: 0x8000a694 (0x7fae8237) lui     tp, 0x7fae8
core   0: 3 0x8000a694 (0x7fae8237) x 4 0x7fae8000
core   0: 0x8000a698 (0x6f8bbcb7) lui     s9, 0x6f8bb
core   0: 3 0x8000a698 (0x6f8bbcb7) x25 0x6f8bb000
core   0: 0x8000a69c (0x01cb1e93) slli    t4, s6, 28
core   0: 3 0x8000a69c (0x01cb1e93) x29 0x10000000
core   0: 0x8000a6a0 (0x415c5793) srai    a5, s8, 21
core   0: 3 0x8000a6a0 (0x415c5793) x15 0x000000dd
core   0: 0x8000a6a4 (0x00f4c1b3) xor     gp, s1, a5
core   0: 3 0x8000a6a4 (0x00f4c1b3) x 3 0x000000dd
core   0: 0x8000a6a8 (0x4d1c7493) andi    s1, s8, 1233
core   0: 3 0x8000a6a8 (0x4d1c7493) x 9 0x00000000
core   0: 0x8000a6ac (0x005177b3) and     a5, sp, t0
core   0: 3 0x8000a6ac (0x005177b3) x15 0x00000000
core   0: 0x8000a6b0 (0x002f1c93) slli    s9, t5, 2
core   0: 3 0x8000a6b0 (0x002f1c93) x25 0x00000000
core   0: 0x8000a6b4 (0x006d2f33) slt     t5, s10, t1
core   0: 3 0x8000a6b4 (0x006d2f33) x30 0x00000000
core   0: 0x8000a6b8 (0x01a8d613) srli    a2, a7, 26
core   0: 3 0x8000a6b8 (0x01a8d613) x12 0x00000020
core   0: 0x8000a6bc (0x001a2833) slt     a6, s4, ra
core   0: 3 0x8000a6bc (0x001a2833) x16 0x00000000
core   0: 0x8000a6c0 (0x00aeda93) srli    s5, t4, 10
core   0: 3 0x8000a6c0 (0x00aeda93) x21 0x00040000
core   0: 0x8000a6c4 (0xb745bd13) sltiu   s10, a1, -1164
core   0: 3 0x8000a6c4 (0xb745bd13) x26 0x00000001
core   0: 0x8000a6c8 (0x3bc30613) addi    a2, t1, 956
core   0: 3 0x8000a6c8 (0x3bc30613) x12 0x000003bc
core   0: 0x8000a6cc (0x6a4f4593) xori    a1, t5, 1700
core   0: 3 0x8000a6cc (0x6a4f4593) x11 0x000006a4
core   0: 0x8000a6d0 (0x417b5f13) srai    t5, s6, 23
core   0: 3 0x8000a6d0 (0x417b5f13) x30 0xffffffd1
core   0: 0x8000a6d4 (0x40045413) srai    s0, s0, 0
core   0: 3 0x8000a6d4 (0x40045413) x 8 0x00000000
core   0: 0x8000a6d8 (0x8a594813) xori    a6, s2, -1883
core   0: 3 0x8000a6d8 (0x8a594813) x16 0xfffff8a5
core   0: 0x8000a6dc (0x008e05b3) add     a1, t3, s0
core   0: 3 0x8000a6dc (0x008e05b3) x11 0x00000000
core   0: 0x8000a6e0 (0x410d5213) srai    tp, s10, 16
core   0: 3 0x8000a6e0 (0x410d5213) x 4 0x00000000
core   0: 0x8000a6e4 (0x011b5193) srli    gp, s6, 17
core   0: 3 0x8000a6e4 (0x011b5193) x 3 0x00007441
core   0: 0x8000a6e8 (0x7f4c3113) sltiu   sp, s8, 2036
core   0: 3 0x8000a6e8 (0x7f4c3113) x 2 0x00000000
core   0: 0x8000a6ec (0x41740933) sub     s2, s0, s7
core   0: 3 0x8000a6ec (0x41740933) x18 0xffffffff
core   0: 0x8000a6f0 (0x0182cf33) xor     t5, t0, s8
core   0: 3 0x8000a6f0 (0x0182cf33) x30 0x1bb1e001
core   0: 0x8000a6f4 (0x1ae63e13) sltiu   t3, a2, 430
core   0: 3 0x8000a6f4 (0x1ae63e13) x28 0x00000000
core   0: 0x8000a6f8 (0x45cad097) auipc   ra, 0x45cad
core   0: 3 0x8000a6f8 (0x45cad097) x 1 0xc5cb76f8
core   0: 0x8000a6fc (0x01b6c033) xor     zero, a3, s11
core   0: 3 0x8000a6fc (0x01b6c033)
core   0: 0x8000a700 (0x00571c93) slli    s9, a4, 5
core   0: 3 0x8000a700 (0x00571c93) x25 0x00000000
core   0: 0x8000a704 (0x01c3d513) srli    a0, t2, 28
core   0: 3 0x8000a704 (0x01c3d513) x10 0x00000008
core   0: 0x8000a708 (0xa6673993) sltiu   s3, a4, -1434
core   0: 3 0x8000a708 (0xa6673993) x19 0x00000001
core   0: 0x8000a70c (0x61fd7093) andi    ra, s10, 1567
core   0: 3 0x8000a70c (0x61fd7093) x 1 0x00000001
core   0: 0x8000a710 (0x00630bb3) add     s7, t1, t1
core   0: 3 0x8000a710 (0x00630bb3) x23 0x00000000
core   0: 0x8000a714 (0x00000013) nop
core   0: 3 0x8000a714 (0x00000013)
core   0: 0x8000a718 (0xc75a0e13) addi    t3, s4, -907
core   0: 3 0x8000a718 (0xc75a0e13) x28 0xfffffc75
core   0: 0x8000a71c (0x0055a533) slt     a0, a1, t0
core   0: 3 0x8000a71c (0x0055a533) x10 0x00000001
core   0: 0x8000a720 (0x4024d793) srai    a5, s1, 2
core   0: 3 0x8000a720 (0x4024d793) x15 0x00000000
core   0: 0x8000a724 (0xe6ec6f93) ori     t6, s8, -402
core   0: 3 0x8000a724 (0xe6ec6f93) x31 0xfffffe6e
core   0: 0x8000a728 (0x01445f33) srl     t5, s0, s4
core   0: 3 0x8000a728 (0x01445f33) x30 0x00000000
core   0: 0x8000a72c (0x01a35cb3) srl     s9, t1, s10
core   0: 3 0x8000a72c (0x01a35cb3) x25 0x00000000
core   0: 0x8000a730 (0x01274933) xor     s2, a4, s2
core   0: 3 0x8000a730 (0x01274933) x18 0xffffffff
core   0: 0x8000a734 (0x01f631b3) sltu    gp, a2, t6
core   0: 3 0x8000a734 (0x01f631b3) x 3 0x00000001
core   0: 0x8000a738 (0x41bc0db3) sub     s11, s8, s11
core   0: 3 0x8000a738 (0x41bc0db3) x27 0x1bb1dfff
core   0: 0x8000a73c (0x00a4cbb3) xor     s7, s1, a0
core   0: 3 0x8000a73c (0x00a4cbb3) x23 0x00000001
core   0: 0x8000a740 (0x014bb2b3) sltu    t0, s7, s4
core   0: 3 0x8000a740 (0x014bb2b3) x 5 0x00000000
core   0: 0x8000a744 (0x41a85533) sra     a0, a6, s10
core   0: 3 0x8000a744 (0x41a85533) x10 0xfffffc52
core   0: 0x8000a748 (0x01582033) slt     zero, a6, s5
core   0: 3 0x8000a748 (0x01582033)
core   0: 0x8000a74c (0xa4d2f613) andi    a2, t0, -1459
core   0: 3 0x8000a74c (0xa4d2f613) x12 0x00000000
core   0: 0x8000a750 (0x5e8ba413) slti    s0, s7, 1512
core   0: 3 0x8000a750 (0x5e8ba413) x 8 0x00000001
core   0: 0x8000a754 (0x0137b9b3) sltu    s3, a5, s3
core   0: 3 0x8000a754 (0x0137b9b3) x19 0x00000001
core   0: 0x8000a758 (0x015a1093) slli    ra, s4, 21
core   0: 3 0x8000a758 (0x015a1093) x 1 0x00000000
core   0: 0x8000a75c (0x417401b3) sub     gp, s0, s7
core   0: 3 0x8000a75c (0x417401b3) x 3 0x00000000
core   0: 0x8000a760 (0x43f4bd13) sltiu   s10, s1, 1087
core   0: 3 0x8000a760 (0x43f4bd13) x26 0x00000001
core   0: 0x8000a764 (0xd1c03e93) sltiu   t4, zero, -740
core   0: 3 0x8000a764 (0xd1c03e93) x29 0x00000001
core   0: 0x8000a768 (0x00706033) or      zero, zero, t2
core   0: 3 0x8000a768 (0x00706033)
core   0: 0x8000a76c (0xa06ab513) sltiu   a0, s5, -1530
core   0: 3 0x8000a76c (0xa06ab513) x10 0x00000001
core   0: 0x8000a770 (0x01a984b3) add     s1, s3, s10
core   0: 3 0x8000a770 (0x01a984b3) x 9 0x00000002
core   0: 0x8000a774 (0x00fcd2b3) srl     t0, s9, a5
core   0: 3 0x8000a774 (0x00fcd2b3) x 5 0x00000000
core   0: 0x8000a778 (0x00000013) nop
core   0: 3 0x8000a778 (0x00000013)
core   0: 0x8000a77c (0xe306a513) slti    a0, a3, -464
core   0: 3 0x8000a77c (0xe306a513) x10 0x00000000
core   0: 0x8000a780 (0x00859513) slli    a0, a1, 8
core   0: 3 0x8000a780 (0x00859513) x10 0x00000000
core   0: 0x8000a784 (0xa2477a93) andi    s5, a4, -1500
core   0: 3 0x8000a784 (0xa2477a93) x21 0x00000000
core   0: 0x8000a788 (0x008d64b3) or      s1, s10, s0
core   0: 3 0x8000a788 (0x008d64b3) x 9 0x00000001
core   0: 0x8000a78c (0x409fdf93) srai    t6, t6, 9
core   0: 3 0x8000a78c (0x409fdf93) x31 0xffffffff
core   0: 0x8000a790 (0xf14ec713) xori    a4, t4, -236
core   0: 3 0x8000a790 (0xf14ec713) x14 0xffffff15
core   0: 0x8000a794 (0x41d25bb3) sra     s7, tp, t4
core   0: 3 0x8000a794 (0x41d25bb3) x23 0x00000000
core   0: 0x8000a798 (0x00eb7433) and     s0, s6, a4
core   0: 3 0x8000a798 (0x00eb7433) x 8 0xe8839601
core   0: 0x8000a79c (0xbccb3693) sltiu   a3, s6, -1076
core   0: 3 0x8000a79c (0xbccb3693) x13 0x00000001
core   0: 0x8000a7a0 (0x40bdd333) sra     t1, s11, a1
core   0: 3 0x8000a7a0 (0x40bdd333) x 6 0x1bb1dfff
core   0: 0x8000a7a4 (0x01635e93) srli    t4, t1, 22
core   0: 3 0x8000a7a4 (0x01635e93) x29 0x0000006e
core   0: 0x8000a7a8 (0x41af56b3) sra     a3, t5, s10
core   0: 3 0x8000a7a8 (0x41af56b3) x13 0x00000000
core   0: 0x8000a7ac (0x00975f13) srli    t5, a4, 9
core   0: 3 0x8000a7ac (0x00975f13) x30 0x007fffff
core   0: 0x8000a7b0 (0x00e39613) slli    a2, t2, 14
core   0: 3 0x8000a7b0 (0x00e39613) x12 0x57390000
core   0: 0x8000a7b4 (0x002034b3) snez    s1, sp
core   0: 3 0x8000a7b4 (0x002034b3) x 9 0x00000000
core   0: 0x8000a7b8 (0x01a51793) slli    a5, a0, 26
core   0: 3 0x8000a7b8 (0x01a51793) x15 0x00000000
core   0: 0x8000a7bc (0x40f1df33) sra     t5, gp, a5
core   0: 3 0x8000a7bc (0x40f1df33) x30 0x00000000
core   0: 0x8000a7c0 (0x00a04fb3) xor     t6, zero, a0
core   0: 3 0x8000a7c0 (0x00a04fb3) x31 0x00000000
core   0: 0x8000a7c4 (0x018c9b93) slli    s7, s9, 24
core   0: 3 0x8000a7c4 (0x018c9b93) x23 0x00000000
core   0: 0x8000a7c8 (0x3ab24513) xori    a0, tp, 939
core   0: 3 0x8000a7c8 (0x3ab24513) x10 0x000003ab
core   0: 0x8000a7cc (0x00fe44b3) xor     s1, t3, a5
core   0: 3 0x8000a7cc (0x00fe44b3) x 9 0xfffffc75
core   0: 0x8000a7d0 (0x40d680b3) sub     ra, a3, a3
core   0: 3 0x8000a7d0 (0x40d680b3) x 1 0x00000000
core   0: 0x8000a7d4 (0x01279713) slli    a4, a5, 18
core   0: 3 0x8000a7d4 (0x01279713) x14 0x00000000
core   0: 0x8000a7d8 (0x00605f13) srli    t5, zero, 6
core   0: 3 0x8000a7d8 (0x00605f13) x30 0x00000000
core   0: 0x8000a7dc (0x0cb4f137) lui     sp, 0xcb4f
core   0: 3 0x8000a7dc (0x0cb4f137) x 2 0x0cb4f000
core   0: 0x8000a7e0 (0x6a2f2513) slti    a0, t5, 1698
core   0: 3 0x8000a7e0 (0x6a2f2513) x10 0x00000001
core   0: 0x8000a7e4 (0xdd306c93) ori     s9, zero, -557
core   0: 3 0x8000a7e4 (0xdd306c93) x25 0xfffffdd3
core   0: 0x8000a7e8 (0x00000013) nop
core   0: 3 0x8000a7e8 (0x00000013)
core   0: 0x8000a7ec (0x00155f33) srl     t5, a0, ra
core   0: 3 0x8000a7ec (0x00155f33) x30 0x00000001
core   0: 0x8000a7f0 (0x014c99b3) sll     s3, s9, s4
core   0: 3 0x8000a7f0 (0x014c99b3) x19 0xfffffdd3
core   0: 0x8000a7f4 (0x00f89e33) sll     t3, a7, a5
core   0: 3 0x8000a7f4 (0x00f89e33) x28 0x80011e64
core   0: 0x8000a7f8 (0x40dbdf13) srai    t5, s7, 13
core   0: 3 0x8000a7f8 (0x40dbdf13) x30 0x00000000
core   0: 0x8000a7fc (0x41d25eb3) sra     t4, tp, t4
core   0: 3 0x8000a7fc (0x41d25eb3) x29 0x00000000
core   0: 0x8000a800 (0x00420333) add     t1, tp, tp
core   0: 3 0x8000a800 (0x00420333) x 6 0x00000000
core   0: 0x8000a804 (0x00a8d433) srl     s0, a7, a0
core   0: 3 0x8000a804 (0x00a8d433) x 8 0x40008f32
core   0: 0x8000a808 (0x40090d33) sub     s10, s2, zero
core   0: 3 0x8000a808 (0x40090d33) x26 0xffffffff
core   0: 0x8000a80c (0x00f8ca33) xor     s4, a7, a5
core   0: 3 0x8000a80c (0x00f8ca33) x20 0x80011e64
core   0: 0x8000a810 (0x2c27ed93) ori     s11, a5, 706
core   0: 3 0x8000a810 (0x2c27ed93) x27 0x000002c2
core   0: 0x8000a814 (0x0053f033) and     zero, t2, t0
core   0: 3 0x8000a814 (0x0053f033)
core   0: 0x8000a818 (0x5d183fb7) lui     t6, 0x5d183
core   0: 3 0x8000a818 (0x5d183fb7) x31 0x5d183000
core   0: 0x8000a81c (0x01c11633) sll     a2, sp, t3
core   0: 3 0x8000a81c (0x01c11633) x12 0xcb4f0000
core   0: 0x8000a820 (0x41d3dbb3) sra     s7, t2, t4
core   0: 3 0x8000a820 (0x41d3dbb3) x23 0x80015ce4
core   0: 0x8000a824 (0x413cdb93) srai    s7, s9, 19
core   0: 3 0x8000a824 (0x413cdb93) x23 0xffffffff
core   0: 0x8000a828 (0xb5b2df37) lui     t5, 0xb5b2d
core   0: 3 0x8000a828 (0xb5b2df37) x30 0xb5b2d000
core   0: 0x8000a82c (0x01cf9113) slli    sp, t6, 28
core   0: 3 0x8000a82c (0x01cf9113) x 2 0x00000000
core   0: 0x8000a830 (0x40ed0333) sub     t1, s10, a4
core   0: 3 0x8000a830 (0x40ed0333) x 6 0xffffffff
core   0: 0x8000a834 (0x00742233) slt     tp, s0, t2
core   0: 3 0x8000a834 (0x00742233) x 4 0x00000000
core   0: 0x8000a838 (0x0a3ee813) ori     a6, t4, 163
core   0: 3 0x8000a838 (0x0a3ee813) x16 0x000000a3
core   0: 0x8000a83c (0xeee03c93) sltiu   s9, zero, -274
core   0: 3 0x8000a83c (0xeee03c93) x25 0x00000001
core   0: 0x8000a840 (0x40315593) srai    a1, sp, 3
core   0: 3 0x8000a840 (0x40315593) x11 0x00000000
core   0: 0x8000a844 (0x404050b3) sra     ra, zero, tp
core   0: 3 0x8000a844 (0x404050b3) x 1 0x00000000
core   0: 0x8000a848 (0x00f84833) xor     a6, a6, a5
core   0: 3 0x8000a848 (0x00f84833) x16 0x000000a3
core   0: 0x8000a84c (0x00824737) lui     a4, 0x824
core   0: 3 0x8000a84c (0x00824737) x14 0x00824000
core   0: 0x8000a850 (0x013a6db3) or      s11, s4, s3
core   0: 3 0x8000a850 (0x013a6db3) x27 0xfffffff7
core   0: 0x8000a854 (0x019ded33) or      s10, s11, s9
core   0: 3 0x8000a854 (0x019ded33) x26 0xfffffff7
core   0: 0x8000a858 (0x00bdd413) srli    s0, s11, 11
core   0: 3 0x8000a858 (0x00bdd413) x 8 0x001fffff
core   0: 0x8000a85c (0x81143e93) sltiu   t4, s0, -2031
core   0: 3 0x8000a85c (0x81143e93) x29 0x00000001
core   0: 0x8000a860 (0x01fd1813) slli    a6, s10, 31
core   0: 3 0x8000a860 (0x01fd1813) x16 0x80000000
core   0: 0x8000a864 (0x01b45a93) srli    s5, s0, 27
core   0: 3 0x8000a864 (0x01b45a93) x21 0x00000000
core   0: 0x8000a868 (0x41e18933) sub     s2, gp, t5
core   0: 3 0x8000a868 (0x41e18933) x18 0x4a4d3000
core   0: 0x8000a86c (0xb20a7993) andi    s3, s4, -1248
core   0: 3 0x8000a86c (0xb20a7993) x19 0x80011a20
core   0: 0x8000a870 (0x0056d613) srli    a2, a3, 5
core   0: 3 0x8000a870 (0x0056d613) x12 0x00000000
core   0: 0x8000a874 (0x70768813) addi    a6, a3, 1799
core   0: 3 0x8000a874 (0x70768813) x16 0x00000707
core   0: 0x8000a878 (0x000b30b3) sltu    ra, s6, zero
core   0: 3 0x8000a878 (0x000b30b3) x 1 0x00000000
core   0: 0x8000a87c (0x01015733) srl     a4, sp, a6
core   0: 3 0x8000a87c (0x01015733) x14 0x00000000
core   0: 0x8000a880 (0x91af7313) andi    t1, t5, -1766
core   0: 3 0x8000a880 (0x91af7313) x 6 0xb5b2d000
core   0: 0x8000a884 (0x01a6bd33) sltu    s10, a3, s10
core   0: 3 0x8000a884 (0x01a6bd33) x26 0x00000001
core   0: 0x8000a888 (0x402e8c33) sub     s8, t4, sp
core   0: 3 0x8000a888 (0x402e8c33) x24 0x00000001
core   0: 0x8000a88c (0x010667b3) or      a5, a2, a6
core   0: 3 0x8000a88c (0x010667b3) x15 0x00000707
core   0: 0x8000a890 (0x014edd13) srli    s10, t4, 20
core   0: 3 0x8000a890 (0x014edd13) x26 0x00000000
core   0: 0x8000a894 (0x01ee8933) add     s2, t4, t5
core   0: 3 0x8000a894 (0x01ee8933) x18 0xb5b2d001
core   0: 0x8000a898 (0x50a15bb7) lui     s7, 0x50a15
core   0: 3 0x8000a898 (0x50a15bb7) x23 0x50a15000
core   0: 0x8000a89c (0x01f01193) slli    gp, zero, 31
core   0: 3 0x8000a89c (0x01f01193) x 3 0x00000000
core   0: 0x8000a8a0 (0x0030a5b3) slt     a1, ra, gp
core   0: 3 0x8000a8a0 (0x0030a5b3) x11 0x00000000
core   0: 0x8000a8a4 (0xecfd3c13) sltiu   s8, s10, -305
core   0: 3 0x8000a8a4 (0xecfd3c13) x24 0x00000001
core   0: 0x8000a8a8 (0x00d7bdb3) sltu    s11, a5, a3
core   0: 3 0x8000a8a8 (0x00d7bdb3) x27 0x00000000
core   0: 0x8000a8ac (0x01f6de33) srl     t3, a3, t6
core   0: 3 0x8000a8ac (0x01f6de33) x28 0x00000000
core   0: 0x8000a8b0 (0x016ed7b3) srl     a5, t4, s6
core   0: 3 0x8000a8b0 (0x016ed7b3) x15 0x00000000
core   0: 0x8000a8b4 (0x00000013) nop
core   0: 3 0x8000a8b4 (0x00000013)
core   0: 0x8000a8b8 (0x01008033) add     zero, ra, a6
core   0: 3 0x8000a8b8 (0x01008033)
core   0: 0x8000a8bc (0x9d6c4f93) xori    t6, s8, -1578
core   0: 3 0x8000a8bc (0x9d6c4f93) x31 0xfffff9d7
core   0: 0x8000a8c0 (0x013d62b3) or      t0, s10, s3
core   0: 3 0x8000a8c0 (0x013d62b3) x 5 0x80011a20
core   0: 0x8000a8c4 (0xc6c12913) slti    s2, sp, -916
core   0: 3 0x8000a8c4 (0xc6c12913) x18 0x00000000
core   0: 0x8000a8c8 (0x01455533) srl     a0, a0, s4
core   0: 3 0x8000a8c8 (0x01455533) x10 0x00000000
core   0: 0x8000a8cc (0x0064acb3) slt     s9, s1, t1
core   0: 3 0x8000a8cc (0x0064acb3) x25 0x00000000
core   0: 0x8000a8d0 (0x00000013) nop
core   0: 3 0x8000a8d0 (0x00000013)
core   0: 0x8000a8d4 (0x019a4033) xor     zero, s4, s9
core   0: 3 0x8000a8d4 (0x019a4033)
core   0: 0x8000a8d8 (0x001a5593) srli    a1, s4, 1
core   0: 3 0x8000a8d8 (0x001a5593) x11 0x40008f32
core   0: 0x8000a8dc (0x00000013) nop
core   0: 3 0x8000a8dc (0x00000013)
core   0: 0x8000a8e0 (0x005660b3) or      ra, a2, t0
core   0: 3 0x8000a8e0 (0x005660b3) x 1 0x80011a20
core   0: 0x8000a8e4 (0xb80b0793) addi    a5, s6, -1152
core   0: 3 0x8000a8e4 (0xb80b0793) x15 0xe8839261
core   0: 0x8000a8e8 (0x010c2333) slt     t1, s8, a6
core   0: 3 0x8000a8e8 (0x010c2333) x 6 0x00000001
core   0: 0x8000a8ec (0x000662b3) or      t0, a2, zero
core   0: 3 0x8000a8ec (0x000662b3) x 5 0x00000000
core   0: 0x8000a8f0 (0x01fde433) or      s0, s11, t6
core   0: 3 0x8000a8f0 (0x01fde433) x 8 0xfffff9d7
core   0: 0x8000a8f4 (0x00272c33) slt     s8, a4, sp
core   0: 3 0x8000a8f4 (0x00272c33) x24 0x00000000
core   0: 0x8000a8f8 (0x00b2dc13) srli    s8, t0, 11
core   0: 3 0x8000a8f8 (0x00b2dc13) x24 0x00000000
core   0: 0x8000a8fc (0xdd6a2a13) slti    s4, s4, -554
core   0: 3 0x8000a8fc (0xdd6a2a13) x20 0x00000001
core   0: 0x8000a900 (0x0128bdb3) sltu    s11, a7, s2
core   0: 3 0x8000a900 (0x0128bdb3) x27 0x00000000
core   0: 0x8000a904 (0xf8df3293) sltiu   t0, t5, -115
core   0: 3 0x8000a904 (0xf8df3293) x 5 0x00000001
core   0: 0x8000a908 (0x414b0133) sub     sp, s6, s4
core   0: 3 0x8000a908 (0x414b0133) x 2 0xe88396e0
core   0: 0x8000a90c (0x019300b3) add     ra, t1, s9
core   0: 3 0x8000a90c (0x019300b3) x 1 0x00000001
core   0: 0x8000a910 (0x557ecf13) xori    t5, t4, 1367
core   0: 3 0x8000a910 (0x557ecf13) x30 0x00000556
core   0: 0x8000a914 (0xa70e8913) addi    s2, t4, -1424
core   0: 3 0x8000a914 (0xa70e8913) x18 0xfffffa71
core   0: 0x8000a918 (0xb8c63593) sltiu   a1, a2, -1140
core   0: 3 0x8000a918 (0xb8c63593) x11 0x00000001
core   0: 0x8000a91c (0x019b9f93) slli    t6, s7, 25
core   0: 3 0x8000a91c (0x019b9f93) x31 0x00000000
core   0: 0x8000a920 (0xa023f913) andi    s2, t2, -1534
core   0: 3 0x8000a920 (0xa023f913) x18 0x80015800
core   0: 0x8000a924 (0x9dbdbe13) sltiu   t3, s11, -1573
core   0: 3 0x8000a924 (0x9dbdbe13) x28 0x00000001
core   0: 0x8000a928 (0x0076c533) xor     a0, a3, t2
core   0: 3 0x8000a928 (0x0076c533) x10 0x80015ce4
core   0: 0x8000a92c (0x017f37b3) sltu    a5, t5, s7
core   0: 3 0x8000a92c (0x017f37b3) x15 0x00000001
core   0: 0x8000a930 (0x39f33693) sltiu   a3, t1, 927
core   0: 3 0x8000a930 (0x39f33693) x13 0x00000001
core   0: 0x8000a934 (0x019febb3) or      s7, t6, s9
core   0: 3 0x8000a934 (0x019febb3) x23 0x00000000
core   0: 0x8000a938 (0x6282aa93) slti    s5, t0, 1576
core   0: 3 0x8000a938 (0x6282aa93) x21 0x00000001
core   0: 0x8000a93c (0x92a7a793) slti    a5, a5, -1750
core   0: 3 0x8000a93c (0x92a7a793) x15 0x00000000
core   0: 0x8000a940 (0x0002ba33) sltu    s4, t0, zero
core   0: 3 0x8000a940 (0x0002ba33) x20 0x00000000
core   0: 0x8000a944 (0x39431997) auipc   s3, 0x39431
core   0: 3 0x8000a944 (0x39431997) x19 0xb943b944
core   0: 0x8000a948 (0x016fd733) srl     a4, t6, s6
core   0: 3 0x8000a948 (0x016fd733) x14 0x00000000
core   0: 0x8000a94c (0x0186a433) slt     s0, a3, s8
core   0: 3 0x8000a94c (0x0186a433) x 8 0x00000000
core   0: 0x8000a950 (0xb6006013) ori     zero, zero, -1184
core   0: 3 0x8000a950 (0xb6006013)
core   0: 0x8000a954 (0xe0aa0697) auipc   a3, 0xe0aa0
core   0: 3 0x8000a954 (0xe0aa0697) x13 0x60aaa954
core   0: 0x8000a958 (0x016ec7b3) xor     a5, t4, s6
core   0: 3 0x8000a958 (0x016ec7b3) x15 0xe88396e0
core   0: 0x8000a95c (0x8cd40e13) addi    t3, s0, -1843
core   0: 3 0x8000a95c (0x8cd40e13) x28 0xfffff8cd
core   0: 0x8000a960 (0x01b46f33) or      t5, s0, s11
core   0: 3 0x8000a960 (0x01b46f33) x30 0x00000000
core   0: 0x8000a964 (0x1e41a613) slti    a2, gp, 484
core   0: 3 0x8000a964 (0x1e41a613) x12 0x00000001
core   0: 0x8000a968 (0x00333d33) sltu    s10, t1, gp
core   0: 3 0x8000a968 (0x00333d33) x26 0x00000000
core   0: 0x8000a96c (0x9a8b0537) lui     a0, 0x9a8b0
core   0: 3 0x8000a96c (0x9a8b0537) x10 0x9a8b0000
core   0: 0x8000a970 (0x012a82b3) add     t0, s5, s2
core   0: 3 0x8000a970 (0x012a82b3) x 5 0x80015801
core   0: 0x8000a974 (0x77948113) addi    sp, s1, 1913
core   0: 3 0x8000a974 (0x77948113) x 2 0x000003ee
core   0: 0x8000a978 (0x64114a13) xori    s4, sp, 1601
core   0: 3 0x8000a978 (0x64114a13) x20 0x000005af
core   0: 0x8000a97c (0x7498fa93) andi    s5, a7, 1865
core   0: 3 0x8000a97c (0x7498fa93) x21 0x00000640
core   0: 0x8000a980 (0xbe920a93) addi    s5, tp, -1047
core   0: 3 0x8000a980 (0xbe920a93) x21 0xfffffbe9
core   0: 0x8000a984 (0x5fff7e13) andi    t3, t5, 1535
core   0: 3 0x8000a984 (0x5fff7e13) x28 0x00000000
core   0: 0x8000a988 (0x011a41b3) xor     gp, s4, a7
core   0: 3 0x8000a988 (0x011a41b3) x 3 0x80011bcb
core   0: 0x8000a98c (0x4e427a93) andi    s5, tp, 1252
core   0: 3 0x8000a98c (0x4e427a93) x21 0x00000000
core   0: 0x8000a990 (0x013ec233) xor     tp, t4, s3
core   0: 3 0x8000a990 (0x013ec233) x 4 0xb943b945
core   0: 0x8000a994 (0x01b6a2b3) slt     t0, a3, s11
core   0: 3 0x8000a994 (0x01b6a2b3) x 5 0x00000000
core   0: 0x8000a998 (0x24b42713) slti    a4, s0, 587
core   0: 3 0x8000a998 (0x24b42713) x14 0x00000001
core   0: 0x8000a99c (0x01ad4833) xor     a6, s10, s10
core   0: 3 0x8000a99c (0x01ad4833) x16 0x00000000
core   0: 0x8000a9a0 (0x6bb12793) slti    a5, sp, 1723
core   0: 3 0x8000a9a0 (0x6bb12793) x15 0x00000001
core   0: 0x8000a9a4 (0x013ef1b3) and     gp, t4, s3
core   0: 3 0x8000a9a4 (0x013ef1b3) x 3 0x00000000
core   0: 0x8000a9a8 (0x008ff833) and     a6, t6, s0
core   0: 3 0x8000a9a8 (0x008ff833) x16 0x00000000
core   0: 0x8000a9ac (0x0148d533) srl     a0, a7, s4
core   0: 3 0x8000a9ac (0x0148d533) x10 0x00010002
core   0: 0x8000a9b0 (0x0170cc33) xor     s8, ra, s7
core   0: 3 0x8000a9b0 (0x0170cc33) x24 0x00000001
core   0: 0x8000a9b4 (0x01a7d9b3) srl     s3, a5, s10
core   0: 3 0x8000a9b4 (0x01a7d9b3) x19 0x00000001
core   0: 0x8000a9b8 (0x4029dcb3) sra     s9, s3, sp
core   0: 3 0x8000a9b8 (0x4029dcb3) x25 0x00000000
core   0: 0x8000a9bc (0xb8d2be13) sltiu   t3, t0, -1139
core   0: 3 0x8000a9bc (0xb8d2be13) x28 0x00000001
core   0: 0x8000a9c0 (0x0123b0b3) sltu    ra, t2, s2
core   0: 3 0x8000a9c0 (0x0123b0b3) x 1 0x00000000
core   0: 0x8000a9c4 (0x00df5313) srli    t1, t5, 13
core   0: 3 0x8000a9c4 (0x00df5313) x 6 0x00000000
core   0: 0x8000a9c8 (0x40ba8eb3) sub     t4, s5, a1
core   0: 3 0x8000a9c8 (0x40ba8eb3) x29 0xffffffff
core   0: 0x8000a9cc (0x00000013) nop
core   0: 3 0x8000a9cc (0x00000013)
core   0: 0x8000a9d0 (0x015e3933) sltu    s2, t3, s5
core   0: 3 0x8000a9d0 (0x015e3933) x18 0x00000000
core   0: 0x8000a9d4 (0x00c01e33) sll     t3, zero, a2
core   0: 3 0x8000a9d4 (0x00c01e33) x28 0x00000000
core   0: 0x8000a9d8 (0x31bd5317) auipc   t1, 0x31bd5
core   0: 3 0x8000a9d8 (0x31bd5317) x 6 0xb1bdf9d8
core   0: 0x8000a9dc (0x5e8bb293) sltiu   t0, s7, 1512
core   0: 3 0x8000a9dc (0x5e8bb293) x 5 0x00000001
core   0: 0x8000a9e0 (0x3309ae13) slti    t3, s3, 816
core   0: 3 0x8000a9e0 (0x3309ae13) x28 0x00000001
core   0: 0x8000a9e4 (0x019b5e93) srli    t4, s6, 25
core   0: 3 0x8000a9e4 (0x019b5e93) x29 0x00000074
core   0: 0x8000a9e8 (0x01d4c4b3) xor     s1, s1, t4
core   0: 3 0x8000a9e8 (0x01d4c4b3) x 9 0xfffffc01
core   0: 0x8000a9ec (0xa1ab4693) xori    a3, s6, -1510
core   0: 3 0x8000a9ec (0xa1ab4693) x13 0x177c6cfb
core   0: 0x8000a9f0 (0x29f42a93) slti    s5, s0, 671
core   0: 3 0x8000a9f0 (0x29f42a93) x21 0x00000001
core   0: 0x8000a9f4 (0x01e84933) xor     s2, a6, t5
core   0: 3 0x8000a9f4 (0x01e84933) x18 0x00000000
core   0: 0x8000a9f8 (0xe11fa793) slti    a5, t6, -495
core   0: 3 0x8000a9f8 (0xe11fa793) x15 0x00000000
core   0: 0x8000a9fc (0x0156a433) slt     s0, a3, s5
core   0: 3 0x8000a9fc (0x0156a433) x 8 0x00000000
core   0: 0x8000aa00 (0x0076c9b3) xor     s3, a3, t2
core   0: 3 0x8000aa00 (0x0076c9b3) x19 0x977d301f
core   0: 0x8000aa04 (0x015a4233) xor     tp, s4, s5
core   0: 3 0x8000aa04 (0x015a4233) x 4 0x000005ae
core   0: 0x8000aa08 (0x019d6133) or      sp, s10, s9
core   0: 3 0x8000aa08 (0x019d6133) x 2 0x00000000
core   0: 0x8000aa0c (0x00e587b3) add     a5, a1, a4
core   0: 3 0x8000aa0c (0x00e587b3) x15 0x00000002
core   0: 0x8000aa10 (0x00d252b3) srl     t0, tp, a3
core   0: 3 0x8000aa10 (0x00d252b3) x 5 0x00000000
core   0: 0x8000aa14 (0xf7ae0337) lui     t1, 0xf7ae0
core   0: 3 0x8000aa14 (0xf7ae0337) x 6 0xf7ae0000
core   0: 0x8000aa18 (0xe7ee7313) andi    t1, t3, -386
core   0: 3 0x8000aa18 (0xe7ee7313) x 6 0x00000000
core   0: 0x8000aa1c (0x0074ec33) or      s8, s1, t2
core   0: 3 0x8000aa1c (0x0074ec33) x24 0xfffffce5
core   0: 0x8000aa20 (0x745d8113) addi    sp, s11, 1861
core   0: 3 0x8000aa20 (0x745d8113) x 2 0x00000745
core   0: 0x8000aa24 (0x7f42c193) xori    gp, t0, 2036
core   0: 3 0x8000aa24 (0x7f42c193) x 3 0x000007f4
core   0: 0x8000aa28 (0xb25ceb93) ori     s7, s9, -1243
core   0: 3 0x8000aa28 (0xb25ceb93) x23 0xfffffb25
core   0: 0x8000aa2c (0x01373cb3) sltu    s9, a4, s3
core   0: 3 0x8000aa2c (0x01373cb3) x25 0x00000001
core   0: 0x8000aa30 (0x01390cb3) add     s9, s2, s3
core   0: 3 0x8000aa30 (0x01390cb3) x25 0x977d301f
core   0: 0x8000aa34 (0x0185ae33) slt     t3, a1, s8
core   0: 3 0x8000aa34 (0x0185ae33) x28 0x00000000
core   0: 0x8000aa38 (0x006d0333) add     t1, s10, t1
core   0: 3 0x8000aa38 (0x006d0333) x 6 0x00000000
core   0: 0x8000aa3c (0x00da01b3) add     gp, s4, a3
core   0: 3 0x8000aa3c (0x00da01b3) x 3 0x177c72aa
core   0: 0x8000aa40 (0x00254733) xor     a4, a0, sp
core   0: 3 0x8000aa40 (0x00254733) x14 0x00010747
core   0: 0x8000aa44 (0x41695813) srai    a6, s2, 22
core   0: 3 0x8000aa44 (0x41695813) x16 0x00000000
core   0: 0x8000aa48 (0x00705613) srli    a2, zero, 7
core   0: 3 0x8000aa48 (0x00705613) x12 0x00000000
core   0: 0x8000aa4c (0x006e4c33) xor     s8, t3, t1
core   0: 3 0x8000aa4c (0x006e4c33) x24 0x00000000
core   0: 0x8000aa50 (0x00000013) nop
core   0: 3 0x8000aa50 (0x00000013)
core   0: 0x8000aa54 (0xf01bf313) andi    t1, s7, -255
core   0: 3 0x8000aa54 (0xf01bf313) x 6 0xfffffb01
core   0: 0x8000aa58 (0x0113b733) sltu    a4, t2, a7
core   0: 3 0x8000aa58 (0x0113b733) x14 0x00000000
core   0: 0x8000aa5c (0x415102b3) sub     t0, sp, s5
core   0: 3 0x8000aa5c (0x415102b3) x 5 0x00000744
core   0: 0x8000aa60 (0x9a446917) auipc   s2, 0x9a446
core   0: 3 0x8000aa60 (0x9a446917) x18 0x1a450a60
core   0: 0x8000aa64 (0x007fe833) or      a6, t6, t2
core   0: 3 0x8000aa64 (0x007fe833) x16 0x80015ce4
core   0: 0x8000aa68 (0x40bf5313) srai    t1, t5, 11
core   0: 3 0x8000aa68 (0x40bf5313) x 6 0x00000000
core   0: 0x8000aa6c (0x00e75313) srli    t1, a4, 14
core   0: 3 0x8000aa6c (0x00e75313) x 6 0x00000000
core   0: 0x8000aa70 (0x00445bb3) srl     s7, s0, tp
core   0: 3 0x8000aa70 (0x00445bb3) x23 0x00000000
core   0: 0x8000aa74 (0x80000c37) lui     s8, 0x80000
core   0: 3 0x8000aa74 (0x80000c37) x24 0x80000000
core   0: 0x8000aa78 (0xc04c2fb7) lui     t6, 0xc04c2
core   0: 3 0x8000aa78 (0xc04c2fb7) x31 0xc04c2000
core   0: 0x8000aa7c (0xcd5f8f93) addi    t6, t6, -811
core   0: 3 0x8000aa7c (0xcd5f8f93) x31 0xc04c1cd5
core   0: 0x8000aa80 (0xfff00a93) li      s5, -1
core   0: 3 0x8000aa80 (0xfff00a93) x21 0xffffffff
core   0: 0x8000aa84 (0x800002b7) lui     t0, 0x80000
core   0: 3 0x8000aa84 (0x800002b7) x 5 0x80000000
core   0: 0x8000aa88 (0xfff00313) li      t1, -1
core   0: 3 0x8000aa88 (0xfff00313) x 6 0xffffffff
core   0: 0x8000aa8c (0x0de2ccb7) lui     s9, 0xde2c
core   0: 3 0x8000aa8c (0x0de2ccb7) x25 0x0de2c000
core   0: 0x8000aa90 (0xb96c8c93) addi    s9, s9, -1130
core   0: 3 0x8000aa90 (0xb96c8c93) x25 0x0de2bb96
core   0: 0x8000aa94 (0xfff00d93) li      s11, -1
core   0: 3 0x8000aa94 (0xfff00d93) x27 0xffffffff
core   0: 0x8000aa98 (0x80000e37) lui     t3, 0x80000
core   0: 3 0x8000aa98 (0x80000e37) x28 0x80000000
core   0: 0x8000aa9c (0x80000237) lui     tp, 0x80000
core   0: 3 0x8000aa9c (0x80000237) x 4 0x80000000
core   0: 0x8000aaa0 (0x00000513) li      a0, 0
core   0: 3 0x8000aaa0 (0x00000513) x10 0x00000000
core   0: 0x8000aaa4 (0x41f28333) sub     t1, t0, t6
core   0: 3 0x8000aaa4 (0x41f28333) x 6 0xbfb3e32b
core   0: 0x8000aaa8 (0xda995217) auipc   tp, 0xda995
core   0: 3 0x8000aaa8 (0xda995217) x 4 0x5a99faa8
core   0: 0x8000aaac (0xcee52ab7) lui     s5, 0xcee52
core   0: 3 0x8000aaac (0xcee52ab7) x21 0xcee52000
core   0: 0x8000aab0 (0x8e8a8c93) addi    s9, s5, -1816
core   0: 3 0x8000aab0 (0x8e8a8c93) x25 0xcee518e8
core   0: 0x8000aab4 (0xa58b9c97) auipc   s9, 0xa58b9
core   0: 3 0x8000aab4 (0xa58b9c97) x25 0x258c3ab4
core   0: 0x8000aab8 (0xf1aa3517) auipc   a0, 0xf1aa3
core   0: 3 0x8000aab8 (0xf1aa3517) x10 0x71aadab8
core   0: 0x8000aabc (0x00000013) nop
core   0: 3 0x8000aabc (0x00000013)
core   0: 0x8000aac0 (0x40630533) sub     a0, t1, t1
core   0: 3 0x8000aac0 (0x40630533) x10 0x00000000
core   0: 0x8000aac4 (0xcbdbd2b7) lui     t0, 0xcbdbd
core   0: 3 0x8000aac4 (0xcbdbd2b7) x 5 0xcbdbd000
core   0: 0x8000aac8 (0x01cf8ab3) add     s5, t6, t3
core   0: 3 0x8000aac8 (0x01cf8ab3) x21 0x404c1cd5
core   0: 0x8000aacc (0x00000013) nop
core   0: 3 0x8000aacc (0x00000013)
core   0: 0x8000aad0 (0x419a8533) sub     a0, s5, s9
core   0: 3 0x8000aad0 (0x419a8533) x10 0x1abfe221
core   0: 0x8000aad4 (0xf5f61217) auipc   tp, 0xf5f61
core   0: 3 0x8000aad4 (0xf5f61217) x 4 0x75f6bad4
core   0: 0x8000aad8 (0xb312cd97) auipc   s11, 0xb312c
core   0: 3 0x8000aad8 (0xb312cd97) x27 0x33136ad8
core   0: 0x8000aadc (0x019d8fb3) add     t6, s11, s9
core   0: 3 0x8000aadc (0x019d8fb3) x31 0x589fa58c
core   0: 0x8000aae0 (0x41e10033) sub     zero, sp, t5
core   0: 3 0x8000aae0 (0x41e10033)
core   0: 0x8000aae4 (0x67f61e17) auipc   t3, 0x67f61
core   0: 3 0x8000aae4 (0x67f61e17) x28 0xe7f6bae4
core   0: 0x8000aae8 (0x41958833) sub     a6, a1, s9
core   0: 3 0x8000aae8 (0x41958833) x16 0xda73c54d
core   0: 0x8000aaec (0x4459c193) xori    gp, s3, 1093
core   0: 3 0x8000aaec (0x4459c193) x 3 0x977d345a
core   0: 0x8000aaf0 (0x419ed9b3) sra     s3, t4, s9
core   0: 3 0x8000aaf0 (0x419ed9b3) x19 0x00000000
core   0: 0x8000aaf4 (0x35457293) andi    t0, a0, 852
core   0: 3 0x8000aaf4 (0x35457293) x 5 0x00000200
core   0: 0x8000aaf8 (0xc7fc3597) auipc   a1, 0xc7fc3
core   0: 3 0x8000aaf8 (0xc7fc3597) x11 0x47fcdaf8
core   0: 0x8000aafc (0x01dbfbb3) and     s7, s7, t4
core   0: 3 0x8000aafc (0x01dbfbb3) x23 0x00000000
core   0: 0x8000ab00 (0x4b306a13) ori     s4, zero, 1203
core   0: 3 0x8000ab00 (0x4b306a13) x20 0x000004b3
core   0: 0x8000ab04 (0x4175d297) auipc   t0, 0x4175d
core   0: 3 0x8000ab04 (0x4175d297) x 5 0xc1767b04
core   0: 0x8000ab08 (0x4451ba13) sltiu   s4, gp, 1093
core   0: 3 0x8000ab08 (0x4451ba13) x20 0x00000000
core   0: 0x8000ab0c (0x00730733) add     a4, t1, t2
core   0: 3 0x8000ab0c (0x00730733) x14 0x3fb5400f
core   0: 0x8000ab10 (0x05fc9197) auipc   gp, 0x5fc9
core   0: 3 0x8000ab10 (0x05fc9197) x 3 0x85fd3b10
core   0: 0x8000ab14 (0xe18f0f97) auipc   t6, 0xe18f0
core   0: 3 0x8000ab14 (0xe18f0f97) x31 0x618fab14
core   0: 0x8000ab18 (0x6f08a913) slti    s2, a7, 1776
core   0: 3 0x8000ab18 (0x6f08a913) x18 0x00000001
core   0: 0x8000ab1c (0x319c0293) addi    t0, s8, 793
core   0: 3 0x8000ab1c (0x319c0293) x 5 0x80000319
core   0: 0x8000ab20 (0xe7050213) addi    tp, a0, -400
core   0: 3 0x8000ab20 (0xe7050213) x 4 0x1abfe091
core   0: 0x8000ab24 (0x00991cb3) sll     s9, s2, s1
core   0: 3 0x8000ab24 (0x00991cb3) x25 0x00000002
core   0: 0x8000ab28 (0x99fd3013) sltiu   zero, s10, -1633
core   0: 3 0x8000ab28 (0x99fd3013)
core   0: 0x8000ab2c (0x00c821b3) slt     gp, a6, a2
core   0: 3 0x8000ab2c (0x00c821b3) x 3 0x00000001
core   0: 0x8000ab30 (0x000b5db3) srl     s11, s6, zero
core   0: 3 0x8000ab30 (0x000b5db3) x27 0xe88396e1
core   0: 0x8000ab34 (0x008a8333) add     t1, s5, s0
core   0: 3 0x8000ab34 (0x008a8333) x 6 0x404c1cd5
core   0: 0x8000ab38 (0xbf020313) addi    t1, tp, -1040
core   0: 3 0x8000ab38 (0xbf020313) x 6 0x1abfdc81
core   0: 0x8000ab3c (0x405fd033) sra     zero, t6, t0
core   0: 3 0x8000ab3c (0x405fd033)
core   0: 0x8000ab40 (0x41d8d5b3) sra     a1, a7, t4
core   0: 3 0x8000ab40 (0x41d8d5b3) x11 0xfffff800
core   0: 0x8000ab44 (0x65ac8813) addi    a6, s9, 1626
core   0: 3 0x8000ab44 (0x65ac8813) x16 0x0000065c
core   0: 0x8000ab48 (0x00b87cb3) and     s9, a6, a1
core   0: 3 0x8000ab48 (0x00b87cb3) x25 0x00000000
core   0: 0x8000ab4c (0x00166933) or      s2, a2, ra
core   0: 3 0x8000ab4c (0x00166933) x18 0x00000000
core   0: 0x8000ab50 (0x010e9e93) slli    t4, t4, 16
core   0: 3 0x8000ab50 (0x010e9e93) x29 0x00740000
core   0: 0x8000ab54 (0x00e69fb3) sll     t6, a3, a4
core   0: 3 0x8000ab54 (0x00e69fb3) x31 0x367d8000
core   0: 0x8000ab58 (0x18712713) slti    a4, sp, 391
core   0: 3 0x8000ab58 (0x18712713) x14 0x00000000
core   0: 0x8000ab5c (0x00bf0bb3) add     s7, t5, a1
core   0: 3 0x8000ab5c (0x00bf0bb3) x23 0xfffff800
core   0: 0x8000ab60 (0x00c0cc33) xor     s8, ra, a2
core   0: 3 0x8000ab60 (0x00c0cc33) x24 0x00000000
core   0: 0x8000ab64 (0x01e1f833) and     a6, gp, t5
core   0: 3 0x8000ab64 (0x01e1f833) x16 0x00000000
core   0: 0x8000ab68 (0x01eb4c33) xor     s8, s6, t5
core   0: 3 0x8000ab68 (0x01eb4c33) x24 0xe88396e1
core   0: 0x8000ab6c (0xc8897037) lui     zero, 0xc8897
core   0: 3 0x8000ab6c (0xc8897037)
core   0: 0x8000ab70 (0x4166d913) srai    s2, a3, 22
core   0: 3 0x8000ab70 (0x4166d913) x18 0x0000005d
core   0: 0x8000ab74 (0x01982533) slt     a0, a6, s9
core   0: 3 0x8000ab74 (0x01982533) x10 0x00000000
core   0: 0x8000ab78 (0x409ad493) srai    s1, s5, 9
core   0: 3 0x8000ab78 (0x409ad493) x 9 0x0020260e
core   0: 0x8000ab7c (0x01a3dab3) srl     s5, t2, s10
core   0: 3 0x8000ab7c (0x01a3dab3) x21 0x80015ce4
core   0: 0x8000ab80 (0x007d9bb3) sll     s7, s11, t2
core   0: 3 0x8000ab80 (0x007d9bb3) x23 0x88396e10
core   0: 0x8000ab84 (0x01ccef33) or      t5, s9, t3
core   0: 3 0x8000ab84 (0x01ccef33) x30 0xe7f6bae4
core   0: 0x8000ab88 (0x41a6d793) srai    a5, a3, 26
core   0: 3 0x8000ab88 (0x41a6d793) x15 0x00000005
core   0: 0x8000ab8c (0x202f1b97) auipc   s7, 0x202f1
core   0: 3 0x8000ab8c (0x202f1b97) x23 0xa02fbb8c
core   0: 0x8000ab90 (0x41428ab3) sub     s5, t0, s4
core   0: 3 0x8000ab90 (0x41428ab3) x21 0x80000319
core   0: 0x8000ab94 (0x41c35193) srai    gp, t1, 28
core   0: 3 0x8000ab94 (0x41c35193) x 3 0x00000001
core   0: 0x8000ab98 (0x7cb8e993) ori     s3, a7, 1995
core   0: 3 0x8000ab98 (0x7cb8e993) x19 0x80011fef
core   0: 0x8000ab9c (0x01f90333) add     t1, s2, t6
core   0: 3 0x8000ab9c (0x01f90333) x 6 0x367d805d
core   0: 0x8000aba0 (0xe897ea93) ori     s5, a5, -375
core   0: 3 0x8000aba0 (0xe897ea93) x21 0xfffffe8d
core   0: 0x8000aba4 (0x00000013) nop
core   0: 3 0x8000aba4 (0x00000013)
core   0: 0x8000aba8 (0x4070da33) sra     s4, ra, t2
core   0: 3 0x8000aba8 (0x4070da33) x20 0x00000000
core   0: 0x8000abac (0x40305d33) sra     s10, zero, gp
core   0: 3 0x8000abac (0x40305d33) x26 0x00000000
core   0: 0x8000abb0 (0x95f72093) slti    ra, a4, -1697
core   0: 3 0x8000abb0 (0x95f72093) x 1 0x00000000
core   0: 0x8000abb4 (0x00000013) nop
core   0: 3 0x8000abb4 (0x00000013)
core   0: 0x8000abb8 (0xe4e58313) addi    t1, a1, -434
core   0: 3 0x8000abb8 (0xe4e58313) x 6 0xfffff64e
core   0: 0x8000abbc (0x3ceef1b7) lui     gp, 0x3ceef
core   0: 3 0x8000abbc (0x3ceef1b7) x 3 0x3ceef000
core   0: 0x8000abc0 (0x3bd00693) li      a3, 957
core   0: 3 0x8000abc0 (0x3bd00693) x13 0x000003bd
core   0: 0x8000abc4 (0x6d623a93) sltiu   s5, tp, 1750
core   0: 3 0x8000abc4 (0x6d623a93) x21 0x00000000
core   0: 0x8000abc8 (0x00000013) nop
core   0: 3 0x8000abc8 (0x00000013)
core   0: 0x8000abcc (0x977e2513) slti    a0, t3, -1673
core   0: 3 0x8000abcc (0x977e2513) x10 0x00000001
core   0: 0x8000abd0 (0x01635193) srli    gp, t1, 22
core   0: 3 0x8000abd0 (0x01635193) x 3 0x000003ff
core   0: 0x8000abd4 (0xac6bf093) andi    ra, s7, -1338
core   0: 3 0x8000abd4 (0xac6bf093) x 1 0xa02fba84
core   0: 0x8000abd8 (0x0124dc13) srli    s8, s1, 18
core   0: 3 0x8000abd8 (0x0124dc13) x24 0x00000008
core   0: 0x8000abdc (0x25272e13) slti    t3, a4, 594
core   0: 3 0x8000abdc (0x25272e13) x28 0x00000001
core   0: 0x8000abe0 (0x1eb5b813) sltiu   a6, a1, 491
core   0: 3 0x8000abe0 (0x1eb5b813) x16 0x00000000
core   0: 0x8000abe4 (0x01109713) slli    a4, ra, 17
core   0: 3 0x8000abe4 (0x01109713) x14 0x75080000
core   0: 0x8000abe8 (0x002946b3) xor     a3, s2, sp
core   0: 3 0x8000abe8 (0x002946b3) x13 0x00000718
core   0: 0x8000abec (0x0157d833) srl     a6, a5, s5
core   0: 3 0x8000abec (0x0157d833) x16 0x00000005
core   0: 0x8000abf0 (0x00dd3eb3) sltu    t4, s10, a3
core   0: 3 0x8000abf0 (0x00dd3eb3) x29 0x00000001
core   0: 0x8000abf4 (0x00cf8e33) add     t3, t6, a2
core   0: 3 0x8000abf4 (0x00cf8e33) x28 0x367d8000
core   0: 0x8000abf8 (0x001a5593) srli    a1, s4, 1
core   0: 3 0x8000abf8 (0x001a5593) x11 0x00000000
core   0: 0x8000abfc (0x6131bc37) lui     s8, 0x6131b
core   0: 3 0x8000abfc (0x6131bc37) x24 0x6131b000
core   0: 0x8000ac00 (0x41575a13) srai    s4, a4, 21
core   0: 3 0x8000ac00 (0x41575a13) x20 0x000003a8
core   0: 0x8000ac04 (0x3af3fbb7) lui     s7, 0x3af3f
core   0: 3 0x8000ac04 (0x3af3fbb7) x23 0x3af3f000
core   0: 0x8000ac08 (0x21468913) addi    s2, a3, 532
core   0: 3 0x8000ac08 (0x21468913) x18 0x0000092c
core   0: 0x8000ac0c (0x3bceb713) sltiu   a4, t4, 956
core   0: 3 0x8000ac0c (0x3bceb713) x14 0x00000001
core   0: 0x8000ac10 (0xcc8df913) andi    s2, s11, -824
core   0: 3 0x8000ac10 (0xcc8df913) x18 0xe88394c0
core   0: 0x8000ac14 (0x00289413) slli    s0, a7, 2
core   0: 3 0x8000ac14 (0x00289413) x 8 0x00047990
core   0: 0x8000ac18 (0x93c2cc13) xori    s8, t0, -1732
core   0: 3 0x8000ac18 (0x93c2cc13) x24 0x7ffffa25
core   0: 0x8000ac1c (0x01cca533) slt     a0, s9, t3
core   0: 3 0x8000ac1c (0x01cca533) x10 0x00000001
core   0: 0x8000ac20 (0x00d8dd13) srli    s10, a7, 13
core   0: 3 0x8000ac20 (0x00d8dd13) x26 0x00040008
core   0: 0x8000ac24 (0xa348e693) ori     a3, a7, -1484
core   0: 3 0x8000ac24 (0xa348e693) x13 0xfffffe74
core   0: 0x8000ac28 (0x41ea5993) srai    s3, s4, 30
core   0: 3 0x8000ac28 (0x41ea5993) x19 0x00000000
core   0: 0x8000ac2c (0x01493433) sltu    s0, s2, s4
core   0: 3 0x8000ac2c (0x01493433) x 8 0x00000000
core   0: 0x8000ac30 (0x1845dd97) auipc   s11, 0x1845d
core   0: 3 0x8000ac30 (0x1845dd97) x27 0x98467c30
core   0: 0x8000ac34 (0x01ea6db3) or      s11, s4, t5
core   0: 3 0x8000ac34 (0x01ea6db3) x27 0xe7f6bbec
core   0: 0x8000ac38 (0xee1165b7) lui     a1, 0xee116
core   0: 3 0x8000ac38 (0xee1165b7) x11 0xee116000
core   0: 0x8000ac3c (0x46477d93) andi    s11, a4, 1124
core   0: 3 0x8000ac3c (0x46477d93) x27 0x00000000
core   0: 0x8000ac40 (0x40ce0ab3) sub     s5, t3, a2
core   0: 3 0x8000ac40 (0x40ce0ab3) x21 0x367d8000
core   0: 0x8000ac44 (0x00000013) nop
core   0: 3 0x8000ac44 (0x00000013)
core   0: 0x8000ac48 (0x40630033) sub     zero, t1, t1
core   0: 3 0x8000ac48 (0x40630033)
core   0: 0x8000ac4c (0x006f7db3) and     s11, t5, t1
core   0: 3 0x8000ac4c (0x006f7db3) x27 0xe7f6b244
core   0: 0x8000ac50 (0x00f40633) add     a2, s0, a5
core   0: 3 0x8000ac50 (0x00f40633) x12 0x00000005
core   0: 0x8000ac54 (0x889b8c13) addi    s8, s7, -1911
core   0: 3 0x8000ac54 (0x889b8c13) x24 0x3af3e889
core   0: 0x8000ac58 (0x406a8e33) sub     t3, s5, t1
core   0: 3 0x8000ac58 (0x406a8e33) x28 0x367d89b2
core   0: 0x8000ac5c (0xd5ec8813) addi    a6, s9, -674
core   0: 3 0x8000ac5c (0xd5ec8813) x16 0xfffffd5e
core   0: 0x8000ac60 (0x01d3b4b3) sltu    s1, t2, t4
core   0: 3 0x8000ac60 (0x01d3b4b3) x 9 0x00000000
core   0: 0x8000ac64 (0x013ad993) srli    s3, s5, 19
core   0: 3 0x8000ac64 (0x013ad993) x19 0x000006cf
core   0: 0x8000ac68 (0x0180d213) srli    tp, ra, 24
core   0: 3 0x8000ac68 (0x0180d213) x 4 0x000000a0
core   0: 0x8000ac6c (0x05265837) lui     a6, 0x5265
core   0: 3 0x8000ac6c (0x05265837) x16 0x05265000
core   0: 0x8000ac70 (0x018996b3) sll     a3, s3, s8
core   0: 3 0x8000ac70 (0x018996b3) x13 0x000d9e00
core   0: 0x8000ac74 (0x40628533) sub     a0, t0, t1
core   0: 3 0x8000ac74 (0x40628533) x10 0x80000ccb
core   0: 0x8000ac78 (0x76d0e413) ori     s0, ra, 1901
core   0: 3 0x8000ac78 (0x76d0e413) x 8 0xa02fbfed
core   0: 0x8000ac7c (0x0015a933) slt     s2, a1, ra
core   0: 3 0x8000ac7c (0x0015a933) x18 0x00000000
core   0: 0x8000ac80 (0x896cc113) xori    sp, s9, -1898
core   0: 3 0x8000ac80 (0x896cc113) x 2 0xfffff896
core   0: 0x8000ac84 (0x009b12b3) sll     t0, s6, s1
core   0: 3 0x8000ac84 (0x009b12b3) x 5 0xe88396e1
core   0: 0x8000ac88 (0x55fe2113) slti    sp, t3, 1375
core   0: 3 0x8000ac88 (0x55fe2113) x 2 0x00000000
core   0: 0x8000ac8c (0x004c9f13) slli    t5, s9, 4
core   0: 3 0x8000ac8c (0x004c9f13) x30 0x00000000
core   0: 0x8000ac90 (0x006ee533) or      a0, t4, t1
core   0: 3 0x8000ac90 (0x006ee533) x10 0xfffff64f
core   0: 0x8000ac94 (0x018b3933) sltu    s2, s6, s8
core   0: 3 0x8000ac94 (0x018b3933) x18 0x00000000
core   0: 0x8000ac98 (0xbc6be9b7) lui     s3, 0xbc6be
core   0: 3 0x8000ac98 (0xbc6be9b7) x19 0xbc6be000
core   0: 0x8000ac9c (0xb1e12993) slti    s3, sp, -1250
core   0: 3 0x8000ac9c (0xb1e12993) x19 0x00000000
core   0: 0x8000aca0 (0x01ca6ab3) or      s5, s4, t3
core   0: 3 0x8000aca0 (0x01ca6ab3) x21 0x367d8bba
core   0: 0x8000aca4 (0xf4492213) slti    tp, s2, -188
core   0: 3 0x8000aca4 (0xf4492213) x 4 0x00000000
core   0: 0x8000aca8 (0x002e4533) xor     a0, t3, sp
core   0: 3 0x8000aca8 (0x002e4533) x10 0x367d89b2
core   0: 0x8000acac (0x6151aeb7) lui     t4, 0x6151a
core   0: 3 0x8000acac (0x6151aeb7) x29 0x6151a000
core   0: 0x8000acb0 (0x6c337193) andi    gp, t1, 1731
core   0: 3 0x8000acb0 (0x6c337193) x 3 0x00000642
core   0: 0x8000acb4 (0x000279b3) and     s3, tp, zero
core   0: 3 0x8000acb4 (0x000279b3) x19 0x00000000
core   0: 0x8000acb8 (0x4b136913) ori     s2, t1, 1201
core   0: 3 0x8000acb8 (0x4b136913) x18 0xfffff6ff
core   0: 0x8000acbc (0x00000013) nop
core   0: 3 0x8000acbc (0x00000013)
core   0: 0x8000acc0 (0x01a737b3) sltu    a5, a4, s10
core   0: 3 0x8000acc0 (0x01a737b3) x15 0x00000001
core   0: 0x8000acc4 (0x011a1013) slli    zero, s4, 17
core   0: 3 0x8000acc4 (0x011a1013)
core   0: 0x8000acc8 (0x0ada4093) xori    ra, s4, 173
core   0: 3 0x8000acc8 (0x0ada4093) x 1 0x00000305
core   0: 0x8000accc (0x01d33333) sltu    t1, t1, t4
core   0: 3 0x8000accc (0x01d33333) x 6 0x00000000
core   0: 0x8000acd0 (0xc26baf13) slti    t5, s7, -986
core   0: 3 0x8000acd0 (0xc26baf13) x30 0x00000000
core   0: 0x8000acd4 (0x00a29293) slli    t0, t0, 10
core   0: 3 0x8000acd4 (0x00a29293) x 5 0x0e5b8400
core   0: 0x8000acd8 (0x01bed313) srli    t1, t4, 27
core   0: 3 0x8000acd8 (0x01bed313) x 6 0x0000000c
core   0: 0x8000acdc (0x400d0433) sub     s0, s10, zero
core   0: 3 0x8000acdc (0x400d0433) x 8 0x00040008
core   0: 0x8000ace0 (0x41840833) sub     a6, s0, s8
core   0: 3 0x8000ace0 (0x41840833) x16 0xc510177f
core   0: 0x8000ace4 (0x0089dd93) srli    s11, s3, 8
core   0: 3 0x8000ace4 (0x0089dd93) x27 0x00000000
core   0: 0x8000ace8 (0x00c89d33) sll     s10, a7, a2
core   0: 3 0x8000ace8 (0x00c89d33) x26 0x0023cc80
core   0: 0x8000acec (0xdd3a51b7) lui     gp, 0xdd3a5
core   0: 3 0x8000acec (0xdd3a51b7) x 3 0xdd3a5000
core   0: 0x8000acf0 (0x8316a013) slti    zero, a3, -1999
core   0: 3 0x8000acf0 (0x8316a013)
core   0: 0x8000acf4 (0x0019ff33) and     t5, s3, ra
core   0: 3 0x8000acf4 (0x0019ff33) x30 0x00000000
core   0: 0x8000acf8 (0x39b63593) sltiu   a1, a2, 923
core   0: 3 0x8000acf8 (0x39b63593) x11 0x00000001
core   0: 0x8000acfc (0x00785e13) srli    t3, a6, 7
core   0: 3 0x8000acfc (0x00785e13) x28 0x018a202e
core   0: 0x8000ad00 (0x016de1b3) or      gp, s11, s6
core   0: 3 0x8000ad00 (0x016de1b3) x 3 0xe88396e1
core   0: 0x8000ad04 (0x407f5193) srai    gp, t5, 7
core   0: 3 0x8000ad04 (0x407f5193) x 3 0x00000000
core   0: 0x8000ad08 (0x007e4d33) xor     s10, t3, t2
core   0: 3 0x8000ad08 (0x007e4d33) x26 0x818b7cca
core   0: 0x8000ad0c (0x01ce9d33) sll     s10, t4, t3
core   0: 3 0x8000ad0c (0x01ce9d33) x26 0x68000000
core   0: 0x8000ad10 (0x005cfe33) and     t3, s9, t0
core   0: 3 0x8000ad10 (0x005cfe33) x28 0x00000000
core   0: 0x8000ad14 (0xecc43a13) sltiu   s4, s0, -308
core   0: 3 0x8000ad14 (0xecc43a13) x20 0x00000001
core   0: 0x8000ad18 (0x184c7a13) andi    s4, s8, 388
core   0: 3 0x8000ad18 (0x184c7a13) x20 0x00000080
core   0: 0x8000ad1c (0xdde7f213) andi    tp, a5, -546
core   0: 3 0x8000ad1c (0xdde7f213) x 4 0x00000000
core   0: 0x8000ad20 (0x40e4dd93) srai    s11, s1, 14
core   0: 3 0x8000ad20 (0x40e4dd93) x27 0x00000000
core   0: 0x8000ad24 (0x00be4db3) xor     s11, t3, a1
core   0: 3 0x8000ad24 (0x00be4db3) x27 0x00000001
core   0: 0x8000ad28 (0x0179f5b3) and     a1, s3, s7
core   0: 3 0x8000ad28 (0x0179f5b3) x11 0x00000000
core   0: 0x8000ad2c (0x40565f93) srai    t6, a2, 5
core   0: 3 0x8000ad2c (0x40565f93) x31 0x00000000
core   0: 0x8000ad30 (0x40260f33) sub     t5, a2, sp
core   0: 3 0x8000ad30 (0x40260f33) x30 0x00000005
core   0: 0x8000ad34 (0xdde53593) sltiu   a1, a0, -546
core   0: 3 0x8000ad34 (0xdde53593) x11 0x00000001
core   0: 0x8000ad38 (0x72747193) andi    gp, s0, 1831
core   0: 3 0x8000ad38 (0x72747193) x 3 0x00000000
core   0: 0x8000ad3c (0x000ddd93) srli    s11, s11, 0
core   0: 3 0x8000ad3c (0x000ddd93) x27 0x00000001
core   0: 0x8000ad40 (0x0134d533) srl     a0, s1, s3
core   0: 3 0x8000ad40 (0x0134d533) x10 0x00000000
core   0: 0x8000ad44 (0x005c6bb3) or      s7, s8, t0
core   0: 3 0x8000ad44 (0x005c6bb3) x23 0x3efbec89
core   0: 0x8000ad48 (0xb22c2c93) slti    s9, s8, -1246
core   0: 3 0x8000ad48 (0xb22c2c93) x25 0x00000000
core   0: 0x8000ad4c (0x4006d293) srai    t0, a3, 0
core   0: 3 0x8000ad4c (0x4006d293) x 5 0x000d9e00
core   0: 0x8000ad50 (0x005cd2b3) srl     t0, s9, t0
core   0: 3 0x8000ad50 (0x005cd2b3) x 5 0x00000000
core   0: 0x8000ad54 (0x012e1a33) sll     s4, t3, s2
core   0: 3 0x8000ad54 (0x012e1a33) x20 0x00000000
core   0: 0x8000ad58 (0x01eadeb3) srl     t4, s5, t5
core   0: 3 0x8000ad58 (0x01eadeb3) x29 0x01b3ec5d
core   0: 0x8000ad5c (0x40155bb3) sra     s7, a0, ra
core   0: 3 0x8000ad5c (0x40155bb3) x23 0x00000000
core   0: 0x8000ad60 (0xefcb8517) auipc   a0, 0xefcb8
core   0: 3 0x8000ad60 (0xefcb8517) x10 0x6fcc2d60
core   0: 0x8000ad64 (0x417e0d33) sub     s10, t3, s7
core   0: 3 0x8000ad64 (0x417e0d33) x26 0x00000000
core   0: 0x8000ad68 (0x010b40b3) xor     ra, s6, a6
core   0: 3 0x8000ad68 (0x010b40b3) x 1 0x2d93819e
core   0: 0x8000ad6c (0x71652793) slti    a5, a0, 1814
core   0: 3 0x8000ad6c (0x71652793) x15 0x00000000
core   0: 0x8000ad70 (0x01a775b3) and     a1, a4, s10
core   0: 3 0x8000ad70 (0x01a775b3) x11 0x00000000
core   0: 0x8000ad74 (0xd42acc93) xori    s9, s5, -702
core   0: 3 0x8000ad74 (0xd42acc93) x25 0xc98276f8
core   0: 0x8000ad78 (0x66d23613) sltiu   a2, tp, 1645
core   0: 3 0x8000ad78 (0x66d23613) x12 0x00000001
core   0: 0x8000ad7c (0x658ace13) xori    t3, s5, 1624
core   0: 3 0x8000ad7c (0x658ace13) x28 0x367d8de2
core   0: 0x8000ad80 (0x01606633) or      a2, zero, s6
core   0: 3 0x8000ad80 (0x01606633) x12 0xe88396e1
core   0: 0x8000ad84 (0xe072ec93) ori     s9, t0, -505
core   0: 3 0x8000ad84 (0xe072ec93) x25 0xfffffe07
core   0: 0x8000ad88 (0x94715bb7) lui     s7, 0x94715
core   0: 3 0x8000ad88 (0x94715bb7) x23 0x94715000
core   0: 0x8000ad8c (0x2e882b93) slti    s7, a6, 744
core   0: 3 0x8000ad8c (0x2e882b93) x23 0x00000001
core   0: 0x8000ad90 (0x01501fb3) sll     t6, zero, s5
core   0: 3 0x8000ad90 (0x01501fb3) x31 0x00000000
core   0: 0x8000ad94 (0xb8d16e93) ori     t4, sp, -1139
core   0: 3 0x8000ad94 (0xb8d16e93) x29 0xfffffb8d
core   0: 0x8000ad98 (0x0039d493) srli    s1, s3, 3
core   0: 3 0x8000ad98 (0x0039d493) x 9 0x00000000
core   0: 0x8000ad9c (0xa25f8513) addi    a0, t6, -1499
core   0: 3 0x8000ad9c (0xa25f8513) x10 0xfffffa25
core   0: 0x8000ada0 (0x4158d093) srai    ra, a7, 21
core   0: 3 0x8000ada0 (0x4158d093) x 1 0xfffffc00
core   0: 0x8000ada4 (0x00233333) sltu    t1, t1, sp
core   0: 3 0x8000ada4 (0x00233333) x 6 0x00000000
core   0: 0x8000ada8 (0xa3a2a793) slti    a5, t0, -1478
core   0: 3 0x8000ada8 (0xa3a2a793) x15 0x00000000
core   0: 0x8000adac (0x40b254b3) sra     s1, tp, a1
core   0: 3 0x8000adac (0x40b254b3) x 9 0x00000000
core   0: 0x8000adb0 (0x2bf242b7) lui     t0, 0x2bf24
core   0: 3 0x8000adb0 (0x2bf242b7) x 5 0x2bf24000
core   0: 0x8000adb4 (0xff91f693) andi    a3, gp, -7
core   0: 3 0x8000adb4 (0xff91f693) x13 0x00000000
core   0: 0x8000adb8 (0x01004bb3) xor     s7, zero, a6
core   0: 3 0x8000adb8 (0x01004bb3) x23 0xc510177f
core   0: 0x8000adbc (0xd12ccc13) xori    s8, s9, -750
core   0: 3 0x8000adbc (0xd12ccc13) x24 0x00000315
core   0: 0x8000adc0 (0xf03c4793) xori    a5, s8, -253
core   0: 3 0x8000adc0 (0xf03c4793) x15 0xfffffc16
core   0: 0x8000adc4 (0x01c9ffb3) and     t6, s3, t3
core   0: 3 0x8000adc4 (0x01c9ffb3) x31 0x00000000
core   0: 0x8000adc8 (0x41818733) sub     a4, gp, s8
core   0: 3 0x8000adc8 (0x41818733) x14 0xfffffceb
core   0: 0x8000adcc (0x412bd4b3) sra     s1, s7, s2
core   0: 3 0x8000adcc (0x412bd4b3) x 9 0xffffffff
core   0: 0x8000add0 (0xcbd3a813) slti    a6, t2, -835
core   0: 3 0x8000add0 (0xcbd3a813) x16 0x00000001
core   0: 0x8000add4 (0xda568c13) addi    s8, a3, -603
core   0: 3 0x8000add4 (0xda568c13) x24 0xfffffda5
core   0: 0x8000add8 (0xd4516d13) ori     s10, sp, -699
core   0: 3 0x8000add8 (0xd4516d13) x26 0xfffffd45
core   0: 0x8000addc (0x41805013) srai    zero, zero, 24
core   0: 3 0x8000addc (0x41805013)
core   0: 0x8000ade0 (0x01bd2bb3) slt     s7, s10, s11
core   0: 3 0x8000ade0 (0x01bd2bb3) x23 0x00000001
core   0: 0x8000ade4 (0x019b6033) or      zero, s6, s9
core   0: 3 0x8000ade4 (0x019b6033)
core   0: 0x8000ade8 (0x984c6997) auipc   s3, 0x984c6
core   0: 3 0x8000ade8 (0x984c6997) x19 0x184d0de8
core   0: 0x8000adec (0xdb53dd17) auipc   s10, 0xdb53d
core   0: 3 0x8000adec (0xdb53dd17) x26 0x5b547dec
core   0: 0x8000adf0 (0x8947ff93) andi    t6, a5, -1900
core   0: 3 0x8000adf0 (0x8947ff93) x31 0xfffff814
core   0: 0x8000adf4 (0xad570f17) auipc   t5, 0xad570
core   0: 3 0x8000adf4 (0xad570f17) x30 0x2d57adf4
core   0: 0x8000adf8 (0x86744793) xori    a5, s0, -1945
core   0: 3 0x8000adf8 (0x86744793) x15 0xfffbf86f
core   0: 0x8000adfc (0xa42fc713) xori    a4, t6, -1470
core   0: 3 0x8000adfc (0xa42fc713) x14 0x00000256
core   0: 0x8000ae00 (0xe0c0fe13) andi    t3, ra, -500
core   0: 3 0x8000ae00 (0xe0c0fe13) x28 0xfffffc00
core   0: 0x8000ae04 (0xc209a413) slti    s0, s3, -992
core   0: 3 0x8000ae04 (0xc209a413) x 8 0x00000000
core   0: 0x8000ae08 (0x00745c93) srli    s9, s0, 7
core   0: 3 0x8000ae08 (0x00745c93) x25 0x00000000
core   0: 0x8000ae0c (0x0137bdb3) sltu    s11, a5, s3
core   0: 3 0x8000ae0c (0x0137bdb3) x27 0x00000000
core   0: 0x8000ae10 (0x00ef8cb3) add     s9, t6, a4
core   0: 3 0x8000ae10 (0x00ef8cb3) x25 0xfffffa6a
core   0: 0x8000ae14 (0x8aa03913) sltiu   s2, zero, -1878
core   0: 3 0x8000ae14 (0x8aa03913) x18 0x00000001
core   0: 0x8000ae18 (0x41205813) srai    a6, zero, 18
core   0: 3 0x8000ae18 (0x41205813) x16 0x00000000
core   0: 0x8000ae1c (0x005ac433) xor     s0, s5, t0
core   0: 3 0x8000ae1c (0x005ac433) x 8 0x1d8fcbba
core   0: 0x8000ae20 (0x01529533) sll     a0, t0, s5
core   0: 3 0x8000ae20 (0x01529533) x10 0x00000000
core   0: 0x8000ae24 (0x007e80b3) add     ra, t4, t2
core   0: 3 0x8000ae24 (0x007e80b3) x 1 0x80015871
core   0: 0x8000ae28 (0xd1f3b213) sltiu   tp, t2, -737
core   0: 3 0x8000ae28 (0xd1f3b213) x 4 0x00000001
core   0: 0x8000ae2c (0x00829433) sll     s0, t0, s0
core   0: 3 0x8000ae2c (0x00829433) x 8 0x00000000
core   0: 0x8000ae30 (0x6f0f5fb7) lui     t6, 0x6f0f5
core   0: 3 0x8000ae30 (0x6f0f5fb7) x31 0x6f0f5000
core   0: 0x8000ae34 (0x40925913) srai    s2, tp, 9
core   0: 3 0x8000ae34 (0x40925913) x18 0x00000000
core   0: 0x8000ae38 (0x00636a33) or      s4, t1, t1
core   0: 3 0x8000ae38 (0x00636a33) x20 0x00000000
core   0: 0x8000ae3c (0x41e5d1b3) sra     gp, a1, t5
core   0: 3 0x8000ae3c (0x41e5d1b3) x 3 0x00000000
core   0: 0x8000ae40 (0x00eb89b3) add     s3, s7, a4
core   0: 3 0x8000ae40 (0x00eb89b3) x19 0x00000257
core   0: 0x8000ae44 (0xc1d7aa13) slti    s4, a5, -995
core   0: 3 0x8000ae44 (0xc1d7aa13) x20 0x00000001
core   0: 0x8000ae48 (0x8647f913) andi    s2, a5, -1948
core   0: 3 0x8000ae48 (0x8647f913) x18 0xfffbf864
core   0: 0x8000ae4c (0x01fa4233) xor     tp, s4, t6
core   0: 3 0x8000ae4c (0x01fa4233) x 4 0x6f0f5001
core   0: 0x8000ae50 (0x018e5993) srli    s3, t3, 24
core   0: 3 0x8000ae50 (0x018e5993) x19 0x000000ff
core   0: 0x8000ae54 (0x01b5da13) srli    s4, a1, 27
core   0: 3 0x8000ae54 (0x01b5da13) x20 0x00000000
core   0: 0x8000ae58 (0xa3320113) addi    sp, tp, -1485
core   0: 3 0x8000ae58 (0xa3320113) x 2 0x6f0f4a34
core   0: 0x8000ae5c (0x1676f2b7) lui     t0, 0x1676f
core   0: 3 0x8000ae5c (0x1676f2b7) x 5 0x1676f000
core   0: 0x8000ae60 (0x01625ab3) srl     s5, tp, s6
core   0: 3 0x8000ae60 (0x01625ab3) x21 0x3787a800
core   0: 0x8000ae64 (0x203bf413) andi    s0, s7, 515
core   0: 3 0x8000ae64 (0x203bf413) x 8 0x00000001
core   0: 0x8000ae68 (0x0091d613) srli    a2, gp, 9
core   0: 3 0x8000ae68 (0x0091d613) x12 0x00000000
core   0: 0x8000ae6c (0x001a1993) slli    s3, s4, 1
core   0: 3 0x8000ae6c (0x001a1993) x19 0x00000000
core   0: 0x8000ae70 (0x6fa36b93) ori     s7, t1, 1786
core   0: 3 0x8000ae70 (0x6fa36b93) x23 0x000006fa
core   0: 0x8000ae74 (0x019ddf93) srli    t6, s11, 25
core   0: 3 0x8000ae74 (0x019ddf93) x31 0x00000000
core   0: 0x8000ae78 (0xafa1c213) xori    tp, gp, -1286
core   0: 3 0x8000ae78 (0xafa1c213) x 4 0xfffffafa
core   0: 0x8000ae7c (0x016c5913) srli    s2, s8, 22
core   0: 3 0x8000ae7c (0x016c5913) x18 0x000003ff
core   0: 0x8000ae80 (0x9309ef13) ori     t5, s3, -1744
core   0: 3 0x8000ae80 (0x9309ef13) x30 0xfffff930
core   0: 0x8000ae84 (0xc95e4593) xori    a1, t3, -875
core   0: 3 0x8000ae84 (0xc95e4593) x11 0x00000095
core   0: 0x8000ae88 (0xd401e813) ori     a6, gp, -704
core   0: 3 0x8000ae88 (0xd401e813) x16 0xfffffd40
core   0: 0x8000ae8c (0x0048f2b3) and     t0, a7, tp
core   0: 3 0x8000ae8c (0x0048f2b3) x 5 0x80011a60
core   0: 0x8000ae90 (0xe55f0093) addi    ra, t5, -427
core   0: 3 0x8000ae90 (0xe55f0093) x 1 0xfffff785
core   0: 0x8000ae94 (0x41cde717) auipc   a4, 0x41cde
core   0: 3 0x8000ae94 (0x41cde717) x14 0xc1ce8e94
core   0: 0x8000ae98 (0xafe2b713) sltiu   a4, t0, -1282
core   0: 3 0x8000ae98 (0xafe2b713) x14 0x00000001
core   0: 0x8000ae9c (0x6039fd13) andi    s10, s3, 1539
core   0: 3 0x8000ae9c (0x6039fd13) x26 0x00000000
core   0: 0x8000aea0 (0x015b1bb3) sll     s7, s6, s5
core   0: 3 0x8000aea0 (0x015b1bb3) x23 0xe88396e1
core   0: 0x8000aea4 (0x01105333) srl     t1, zero, a7
core   0: 3 0x8000aea4 (0x01105333) x 6 0x00000000
core   0: 0x8000aea8 (0x0f32c813) xori    a6, t0, 243
core   0: 3 0x8000aea8 (0x0f32c813) x16 0x80011a93
core   0: 0x8000aeac (0x407fd333) sra     t1, t6, t2
core   0: 3 0x8000aeac (0x407fd333) x 6 0x00000000
core   0: 0x8000aeb0 (0x00ad09b3) add     s3, s10, a0
core   0: 3 0x8000aeb0 (0x00ad09b3) x19 0x00000000
core   0: 0x8000aeb4 (0x007564b3) or      s1, a0, t2
core   0: 3 0x8000aeb4 (0x007564b3) x 9 0x80015ce4
core   0: 0x8000aeb8 (0x002a64b3) or      s1, s4, sp
core   0: 3 0x8000aeb8 (0x002a64b3) x 9 0x6f0f4a34
core   0: 0x8000aebc (0x00000013) nop
core   0: 3 0x8000aebc (0x00000013)
core   0: 0x8000aec0 (0x4078d613) srai    a2, a7, 7
core   0: 3 0x8000aec0 (0x4078d613) x12 0xff00023c
core   0: 0x8000aec4 (0x30f1ce97) auipc   t4, 0x30f1c
core   0: 3 0x8000aec4 (0x30f1ce97) x29 0xb0f26ec4
core   0: 0x8000aec8 (0x0083e5b3) or      a1, t2, s0
core   0: 3 0x8000aec8 (0x0083e5b3) x11 0x80015ce5
core   0: 0x8000aecc (0x01749e13) slli    t3, s1, 23
core   0: 3 0x8000aecc (0x01749e13) x28 0x1a000000
core   0: 0x8000aed0 (0xd6d94b93) xori    s7, s2, -659
core   0: 3 0x8000aed0 (0xd6d94b93) x23 0xfffffe92
core   0: 0x8000aed4 (0x014647b3) xor     a5, a2, s4
core   0: 3 0x8000aed4 (0x014647b3) x15 0xff00023c
core   0: 0x8000aed8 (0x01649093) slli    ra, s1, 22
core   0: 3 0x8000aed8 (0x01649093) x 1 0x8d000000
core   0: 0x8000aedc (0x00338533) add     a0, t2, gp
core   0: 3 0x8000aedc (0x00338533) x10 0x80015ce4
core   0: 0x8000aee0 (0xb5e6ea93) ori     s5, a3, -1186
core   0: 3 0x8000aee0 (0xb5e6ea93) x21 0xfffffb5e
core   0: 0x8000aee4 (0x01085c13) srli    s8, a6, 16
core   0: 3 0x8000aee4 (0x01085c13) x24 0x00008001
core   0: 0x8000aee8 (0x55b4cc13) xori    s8, s1, 1371
core   0: 3 0x8000aee8 (0x55b4cc13) x24 0x6f0f4f6f
core   0: 0x8000aeec (0x01c17333) and     t1, sp, t3
core   0: 3 0x8000aeec (0x01c17333) x 6 0x0a000000
core   0: 0x8000aef0 (0xbfab2913) slti    s2, s6, -1030
core   0: 3 0x8000aef0 (0xbfab2913) x18 0x00000001
core   0: 0x8000aef4 (0x4153ddb3) sra     s11, t2, s5
core   0: 3 0x8000aef4 (0x4153ddb3) x27 0xfffffffe
core   0: 0x8000aef8 (0xc3966513) ori     a0, a2, -967
core   0: 3 0x8000aef8 (0xc3966513) x10 0xfffffe3d
core   0: 0x8000aefc (0x002615b3) sll     a1, a2, sp
core   0: 3 0x8000aefc (0x002615b3) x11 0x23c00000
core   0: 0x8000af00 (0x00584033) xor     zero, a6, t0
core   0: 3 0x8000af00 (0x00584033)
core   0: 0x8000af04 (0xa508a317) auipc   t1, 0xa508a
core   0: 3 0x8000af04 (0xa508a317) x 6 0x25094f04
core   0: 0x8000af08 (0x00000013) nop
core   0: 3 0x8000af08 (0x00000013)
core   0: 0x8000af0c (0x01317d33) and     s10, sp, s3
core   0: 3 0x8000af0c (0x01317d33) x26 0x00000000
core   0: 0x8000af10 (0x01be5c93) srli    s9, t3, 27
core   0: 3 0x8000af10 (0x01be5c93) x25 0x00000003
core   0: 0x8000af14 (0x9648e513) ori     a0, a7, -1692
core   0: 3 0x8000af14 (0x9648e513) x10 0xffffff64
core   0: 0x8000af18 (0x010f4eb3) xor     t4, t5, a6
core   0: 3 0x8000af18 (0x010f4eb3) x29 0x7ffee3a3
core   0: 0x8000af1c (0x01b72333) slt     t1, a4, s11
core   0: 3 0x8000af1c (0x01b72333) x 6 0x00000000
core   0: 0x8000af20 (0x415805b3) sub     a1, a6, s5
core   0: 3 0x8000af20 (0x415805b3) x11 0x80011f35
core   0: 0x8000af24 (0x40ad8a33) sub     s4, s11, a0
core   0: 3 0x8000af24 (0x40ad8a33) x20 0x0000009a
core   0: 0x8000af28 (0x419c5113) srai    sp, s8, 25
core   0: 3 0x8000af28 (0x419c5113) x 2 0x00000037
core   0: 0x8000af2c (0x1de67613) andi    a2, a2, 478
core   0: 3 0x8000af2c (0x1de67613) x12 0x0000001c
core   0: 0x8000af30 (0x4131dab3) sra     s5, gp, s3
core   0: 3 0x8000af30 (0x4131dab3) x21 0x00000000
core   0: 0x8000af34 (0x01ce0ab3) add     s5, t3, t3
core   0: 3 0x8000af34 (0x01ce0ab3) x21 0x34000000
core   0: 0x8000af38 (0x41150733) sub     a4, a0, a7
core   0: 3 0x8000af38 (0x41150733) x14 0x7ffee100
core   0: 0x8000af3c (0x00f9c633) xor     a2, s3, a5
core   0: 3 0x8000af3c (0x00f9c633) x12 0xff00023c
core   0: 0x8000af40 (0x01a1bcb3) sltu    s9, gp, s10
core   0: 3 0x8000af40 (0x01a1bcb3) x25 0x00000000
core   0: 0x8000af44 (0xf52d0a97) auipc   s5, 0xf52d0
core   0: 3 0x8000af44 (0xf52d0a97) x21 0x752daf44
core   0: 0x8000af48 (0xe106d037) lui     zero, 0xe106d
core   0: 3 0x8000af48 (0xe106d037)
core   0: 0x8000af4c (0x415e5513) srai    a0, t3, 21
core   0: 3 0x8000af4c (0x415e5513) x10 0x000000d0
core   0: 0x8000af50 (0x9ccd9a17) auipc   s4, 0x9ccd9
core   0: 3 0x8000af50 (0x9ccd9a17) x20 0x1cce3f50
core   0: 0x8000af54 (0x41f78633) sub     a2, a5, t6
core   0: 3 0x8000af54 (0x41f78633) x12 0xff00023c
core   0: 0x8000af58 (0xc33c8c97) auipc   s9, 0xc33c8
core   0: 3 0x8000af58 (0xc33c8c97) x25 0x433d2f58
core   0: 0x8000af5c (0x22a97913) andi    s2, s2, 554
core   0: 3 0x8000af5c (0x22a97913) x18 0x00000000
core   0: 0x8000af60 (0x005d2233) slt     tp, s10, t0
core   0: 3 0x8000af60 (0x005d2233) x 4 0x00000000
core   0: 0x8000af64 (0x00281413) slli    s0, a6, 2
core   0: 3 0x8000af64 (0x00281413) x 8 0x00046a4c
core   0: 0x8000af68 (0x402252b3) sra     t0, tp, sp
core   0: 3 0x8000af68 (0x402252b3) x 5 0x00000000
core   0: 0x8000af6c (0x404d09b3) sub     s3, s10, tp
core   0: 3 0x8000af6c (0x404d09b3) x19 0x00000000
core   0: 0x8000af70 (0x00fb9193) slli    gp, s7, 15
core   0: 3 0x8000af70 (0x00fb9193) x 3 0xff490000
core   0: 0x8000af74 (0x00accf33) xor     t5, s9, a0
core   0: 3 0x8000af74 (0x00accf33) x30 0x433d2f88
core   0: 0x8000af78 (0x01d1df93) srli    t6, gp, 29
core   0: 3 0x8000af78 (0x01d1df93) x31 0x00000007
core   0: 0x8000af7c (0x002c3c33) sltu    s8, s8, sp
core   0: 3 0x8000af7c (0x002c3c33) x24 0x00000000
core   0: 0x8000af80 (0x00ab3fb3) sltu    t6, s6, a0
core   0: 3 0x8000af80 (0x00ab3fb3) x31 0x00000000
core   0: 0x8000af84 (0x404b5633) sra     a2, s6, tp
core   0: 3 0x8000af84 (0x404b5633) x12 0xe88396e1
core   0: 0x8000af88 (0x54837113) andi    sp, t1, 1352
core   0: 3 0x8000af88 (0x54837113) x 2 0x00000000
core   0: 0x8000af8c (0x00486733) or      a4, a6, tp
core   0: 3 0x8000af8c (0x00486733) x14 0x80011a93
core   0: 0x8000af90 (0x003de233) or      tp, s11, gp
core   0: 3 0x8000af90 (0x003de233) x 4 0xfffffffe
core   0: 0x8000af94 (0x01d7d533) srl     a0, a5, t4
core   0: 3 0x8000af94 (0x01d7d533) x10 0x1fe00047
core   0: 0x8000af98 (0x109b4b97) auipc   s7, 0x109b4
core   0: 3 0x8000af98 (0x109b4b97) x23 0x909bef98
core   0: 0x8000af9c (0x01c3f133) and     sp, t2, t3
core   0: 3 0x8000af9c (0x01c3f133) x 2 0x00000000
core   0: 0x8000afa0 (0x00a11193) slli    gp, sp, 10
core   0: 3 0x8000afa0 (0x00a11193) x 3 0x00000000
core   0: 0x8000afa4 (0xbf51fe93) andi    t4, gp, -1035
core   0: 3 0x8000afa4 (0xbf51fe93) x29 0x00000000
core   0: 0x8000afa8 (0x002a8033) add     zero, s5, sp
core   0: 3 0x8000afa8 (0x002a8033)
core   0: 0x8000afac (0x410c50b3) sra     ra, s8, a6
core   0: 3 0x8000afac (0x410c50b3) x 1 0x00000000
core   0: 0x8000afb0 (0x40685233) sra     tp, a6, t1
core   0: 3 0x8000afb0 (0x40685233) x 4 0x80011a93
core   0: 0x8000afb4 (0x01b78d33) add     s10, a5, s11
core   0: 3 0x8000afb4 (0x01b78d33) x26 0xff00023a
core   0: 0x8000afb8 (0xf146e493) ori     s1, a3, -236
core   0: 3 0x8000afb8 (0xf146e493) x 9 0xffffff14
core   0: 0x8000afbc (0x4096d233) sra     tp, a3, s1
core   0: 3 0x8000afbc (0x4096d233) x 4 0x00000000
core   0: 0x8000afc0 (0x78ff6ab7) lui     s5, 0x78ff6
core   0: 3 0x8000afc0 (0x78ff6ab7) x21 0x78ff6000
core   0: 0x8000afc4 (0x94e86593) ori     a1, a6, -1714
core   0: 3 0x8000afc4 (0x94e86593) x11 0xfffffbdf
core   0: 0x8000afc8 (0xb3c92813) slti    a6, s2, -1220
core   0: 3 0x8000afc8 (0xb3c92813) x16 0x00000000
core   0: 0x8000afcc (0x01e95933) srl     s2, s2, t5
core   0: 3 0x8000afcc (0x01e95933) x18 0x00000000
core   0: 0x8000afd0 (0x5c020193) addi    gp, tp, 1472
core   0: 3 0x8000afd0 (0x5c020193) x 3 0x000005c0
core   0: 0x8000afd4 (0x3e7e7213) andi    tp, t3, 999
core   0: 3 0x8000afd4 (0x3e7e7213) x 4 0x00000000
core   0: 0x8000afd8 (0x01bd8033) add     zero, s11, s11
core   0: 3 0x8000afd8 (0x01bd8033)
core   0: 0x8000afdc (0xd0e3ad13) slti    s10, t2, -754
core   0: 3 0x8000afdc (0xd0e3ad13) x26 0x00000001
core   0: 0x8000afe0 (0x1df57293) andi    t0, a0, 479
core   0: 3 0x8000afe0 (0x1df57293) x 5 0x00000047
core   0: 0x8000afe4 (0x01b16033) or      zero, sp, s11
core   0: 3 0x8000afe4 (0x01b16033)
core   0: 0x8000afe8 (0x00fc2533) slt     a0, s8, a5
core   0: 3 0x8000afe8 (0x00fc2533) x10 0x00000000
core   0: 0x8000afec (0x00294233) xor     tp, s2, sp
core   0: 3 0x8000afec (0x00294233) x 4 0x00000000
core   0: 0x8000aff0 (0x00a441b3) xor     gp, s0, a0
core   0: 3 0x8000aff0 (0x00a441b3) x 3 0x00046a4c
core   0: 0x8000aff4 (0xf9ce7b93) andi    s7, t3, -100
core   0: 3 0x8000aff4 (0xf9ce7b93) x23 0x1a000000
core   0: 0x8000aff8 (0xc657ccb7) lui     s9, 0xc657c
core   0: 3 0x8000aff8 (0xc657ccb7) x25 0xc657c000
core   0: 0x8000affc (0x011df0b3) and     ra, s11, a7
core   0: 3 0x8000affc (0x011df0b3) x 1 0x80011e64
core   0: 0x8000b000 (0x00000013) nop
core   0: 3 0x8000b000 (0x00000013)
core   0: 0x8000b004 (0x01d310b3) sll     ra, t1, t4
core   0: 3 0x8000b004 (0x01d310b3) x 1 0x00000000
core   0: 0x8000b008 (0x3fe22e13) slti    t3, tp, 1022
core   0: 3 0x8000b008 (0x3fe22e13) x28 0x00000001
core   0: 0x8000b00c (0x01bff833) and     a6, t6, s11
core   0: 3 0x8000b00c (0x01bff833) x16 0x00000000
core   0: 0x8000b010 (0x78513b93) sltiu   s7, sp, 1925
core   0: 3 0x8000b010 (0x78513b93) x23 0x00000001
core   0: 0x8000b014 (0x00000013) nop
core   0: 3 0x8000b014 (0x00000013)
core   0: 0x8000b018 (0x5fb6b193) sltiu   gp, a3, 1531
core   0: 3 0x8000b018 (0x5fb6b193) x 3 0x00000001
core   0: 0x8000b01c (0x00531313) slli    t1, t1, 5
core   0: 3 0x8000b01c (0x00531313) x 6 0x00000000
core   0: 0x8000b020 (0x01209a33) sll     s4, ra, s2
core   0: 3 0x8000b020 (0x01209a33) x20 0x00000000
core   0: 0x8000b024 (0x41265233) sra     tp, a2, s2
core   0: 3 0x8000b024 (0x41265233) x 4 0xe88396e1
core   0: 0x8000b028 (0x0085b9b3) sltu    s3, a1, s0
core   0: 3 0x8000b028 (0x0085b9b3) x19 0x00000000
core   0: 0x8000b02c (0xb802be93) sltiu   t4, t0, -1152
core   0: 3 0x8000b02c (0xb802be93) x29 0x00000001
core   0: 0x8000b030 (0x00000013) nop
core   0: 3 0x8000b030 (0x00000013)
core   0: 0x8000b034 (0x419484b3) sub     s1, s1, s9
core   0: 3 0x8000b034 (0x419484b3) x 9 0x39a83f14
core   0: 0x8000b038 (0x19036313) ori     t1, t1, 400
core   0: 3 0x8000b038 (0x19036313) x 6 0x00000190
core   0: 0x8000b03c (0x4aa76813) ori     a6, a4, 1194
core   0: 3 0x8000b03c (0x4aa76813) x16 0x80011ebb
core   0: 0x8000b040 (0x02ea0f13) addi    t5, s4, 46
core   0: 3 0x8000b040 (0x02ea0f13) x30 0x0000002e
core   0: 0x8000b044 (0x00000013) nop
core   0: 3 0x8000b044 (0x00000013)
core   0: 0x8000b048 (0x00059713) slli    a4, a1, 0
core   0: 3 0x8000b048 (0x00059713) x14 0xfffffbdf
core   0: 0x8000b04c (0x0018ee33) or      t3, a7, ra
core   0: 3 0x8000b04c (0x0018ee33) x28 0x80011e64
core   0: 0x8000b050 (0x013e59b3) srl     s3, t3, s3
core   0: 3 0x8000b050 (0x013e59b3) x19 0x80011e64
core   0: 0x8000b054 (0xcbe88413) addi    s0, a7, -834
core   0: 3 0x8000b054 (0xcbe88413) x 8 0x80011b22
core   0: 0x8000b058 (0xf910a313) slti    t1, ra, -111
core   0: 3 0x8000b058 (0xf910a313) x 6 0x00000000
core   0: 0x8000b05c (0x00b31333) sll     t1, t1, a1
core   0: 3 0x8000b05c (0x00b31333) x 6 0x00000000
core   0: 0x8000b060 (0x00000013) nop
core   0: 3 0x8000b060 (0x00000013)
core   0: 0x8000b064 (0xca3cf713) andi    a4, s9, -861
core   0: 3 0x8000b064 (0xca3cf713) x14 0xc657c000
core   0: 0x8000b068 (0x006edfb3) srl     t6, t4, t1
core   0: 3 0x8000b068 (0x006edfb3) x31 0x00000001
core   0: 0x8000b06c (0x0066fdb3) and     s11, a3, t1
core   0: 3 0x8000b06c (0x0066fdb3) x27 0x00000000
core   0: 0x8000b070 (0x401a5993) srai    s3, s4, 1
core   0: 3 0x8000b070 (0x401a5993) x19 0x00000000
core   0: 0x8000b074 (0x34edaf13) slti    t5, s11, 846
core   0: 3 0x8000b074 (0x34edaf13) x30 0x00000001
core   0: 0x8000b078 (0x00000013) nop
core   0: 3 0x8000b078 (0x00000013)
core   0: 0x8000b07c (0x00c476b3) and     a3, s0, a2
core   0: 3 0x8000b07c (0x00c476b3) x13 0x80011220
core   0: 0x8000b080 (0x2c72da17) auipc   s4, 0x2c72d
core   0: 3 0x8000b080 (0x2c72da17) x20 0xac738080
core   0: 0x8000b084 (0x3f854293) xori    t0, a0, 1016
core   0: 3 0x8000b084 (0x3f854293) x 5 0x000003f8
core   0: 0x8000b088 (0x41e35f93) srai    t6, t1, 30
core   0: 3 0x8000b088 (0x41e35f93) x31 0x00000000
core   0: 0x8000b08c (0x9631e9b7) lui     s3, 0x9631e
core   0: 3 0x8000b08c (0x9631e9b7) x19 0x9631e000
core   0: 0x8000b090 (0x0c112717) auipc   a4, 0xc112
core   0: 3 0x8000b090 (0x0c112717) x14 0x8c11d090
core   0: 0x8000b094 (0x008fa933) slt     s2, t6, s0
core   0: 3 0x8000b094 (0x008fa933) x18 0x00000000
core   0: 0x8000b098 (0x0010f4b3) and     s1, ra, ra
core   0: 3 0x8000b098 (0x0010f4b3) x 9 0x00000000
core   0: 0x8000b09c (0xf41bb493) sltiu   s1, s7, -191
core   0: 3 0x8000b09c (0xf41bb493) x 9 0x00000001
core   0: 0x8000b0a0 (0x01756533) or      a0, a0, s7
core   0: 3 0x8000b0a0 (0x01756533) x10 0x00000001
core   0: 0x8000b0a4 (0x0066d693) srli    a3, a3, 6
core   0: 3 0x8000b0a4 (0x0066d693) x13 0x02000448
core   0: 0x8000b0a8 (0xeeb02e93) slti    t4, zero, -277
core   0: 3 0x8000b0a8 (0xeeb02e93) x29 0x00000000
core   0: 0x8000b0ac (0x00df35b3) sltu    a1, t5, a3
core   0: 3 0x8000b0ac (0x00df35b3) x11 0x00000001
core   0: 0x8000b0b0 (0x01762ab3) slt     s5, a2, s7
core   0: 3 0x8000b0b0 (0x01762ab3) x21 0x00000001
core   0: 0x8000b0b4 (0x01ef7db3) and     s11, t5, t5
core   0: 3 0x8000b0b4 (0x01ef7db3) x27 0x00000001
core   0: 0x8000b0b8 (0xc280af13) slti    t5, ra, -984
core   0: 3 0x8000b0b8 (0xc280af13) x30 0x00000000
core   0: 0x8000b0bc (0x2c7ab2b7) lui     t0, 0x2c7ab
core   0: 3 0x8000b0bc (0x2c7ab2b7) x 5 0x2c7ab000
core   0: 0x8000b0c0 (0x00000013) nop
core   0: 3 0x8000b0c0 (0x00000013)
core   0: 0x8000b0c4 (0x00035533) srl     a0, t1, zero
core   0: 3 0x8000b0c4 (0x00035533) x10 0x00000000
core   0: 0x8000b0c8 (0x011a4633) xor     a2, s4, a7
core   0: 3 0x8000b0c8 (0x011a4633) x12 0x2c729ee4
core   0: 0x8000b0cc (0x01caca93) xori    s5, s5, 28
core   0: 3 0x8000b0cc (0x01caca93) x21 0x0000001d
core   0: 0x8000b0d0 (0x7f02b7b7) lui     a5, 0x7f02b
core   0: 3 0x8000b0d0 (0x7f02b7b7) x15 0x7f02b000
core   0: 0x8000b0d4 (0x00c6ed33) or      s10, a3, a2
core   0: 3 0x8000b0d4 (0x00c6ed33) x26 0x2e729eec
core   0: 0x8000b0d8 (0x00000013) nop
core   0: 3 0x8000b0d8 (0x00000013)
core   0: 0x8000b0dc (0x00000013) nop
core   0: 3 0x8000b0dc (0x00000013)
core   0: 0x8000b0e0 (0x013ebeb3) sltu    t4, t4, s3
core   0: 3 0x8000b0e0 (0x013ebeb3) x29 0x00000001
core   0: 0x8000b0e4 (0xc37be1b7) lui     gp, 0xc37be
core   0: 3 0x8000b0e4 (0xc37be1b7) x 3 0xc37be000
core   0: 0x8000b0e8 (0x000814b3) sll     s1, a6, zero
core   0: 3 0x8000b0e8 (0x000814b3) x 9 0x80011ebb
core   0: 0x8000b0ec (0x00d6a4b3) slt     s1, a3, a3
core   0: 3 0x8000b0ec (0x00d6a4b3) x 9 0x00000000
core   0: 0x8000b0f0 (0x40a3d6b3) sra     a3, t2, a0
core   0: 3 0x8000b0f0 (0x40a3d6b3) x13 0x80015ce4
core   0: 0x8000b0f4 (0x0841ac97) auipc   s9, 0x841a
core   0: 3 0x8000b0f4 (0x0841ac97) x25 0x884250f4
core   0: 0x8000b0f8 (0x00394933) xor     s2, s2, gp
core   0: 3 0x8000b0f8 (0x00394933) x18 0xc37be000
core   0: 0x8000b0fc (0x0d03d5b7) lui     a1, 0xd03d
core   0: 3 0x8000b0fc (0x0d03d5b7) x11 0x0d03d000
core   0: 0x8000b100 (0x00bf0433) add     s0, t5, a1
core   0: 3 0x8000b100 (0x00bf0433) x 8 0x0d03d000
core   0: 0x8000b104 (0x5d17f593) andi    a1, a5, 1489
core   0: 3 0x8000b104 (0x5d17f593) x11 0x00000000
core   0: 0x8000b108 (0x00000013) nop
core   0: 3 0x8000b108 (0x00000013)
core   0: 0x8000b10c (0x0094b733) sltu    a4, s1, s1
core   0: 3 0x8000b10c (0x0094b733) x14 0x00000000
core   0: 0x8000b110 (0x00c62a33) slt     s4, a2, a2
core   0: 3 0x8000b110 (0x00c62a33) x20 0x00000000
core   0: 0x8000b114 (0xa24c7493) andi    s1, s8, -1500
core   0: 3 0x8000b114 (0xa24c7493) x 9 0x00000000
core   0: 0x8000b118 (0x3e56b813) sltiu   a6, a3, 997
core   0: 3 0x8000b118 (0x3e56b813) x16 0x00000000
core   0: 0x8000b11c (0x717c1fb7) lui     t6, 0x717c1
core   0: 3 0x8000b11c (0x717c1fb7) x31 0x717c1000
core   0: 0x8000b120 (0x01865613) srli    a2, a2, 24
core   0: 3 0x8000b120 (0x01865613) x12 0x0000002c
core   0: 0x8000b124 (0x014e3333) sltu    t1, t3, s4
core   0: 3 0x8000b124 (0x014e3333) x 6 0x00000000
core   0: 0x8000b128 (0x00f1cbb3) xor     s7, gp, a5
core   0: 3 0x8000b128 (0x00f1cbb3) x23 0xbc795000
core   0: 0x8000b12c (0xf3c63913) sltiu   s2, a2, -196
core   0: 3 0x8000b12c (0xf3c63913) x18 0x00000001
core   0: 0x8000b130 (0x002cd093) srli    ra, s9, 2
core   0: 3 0x8000b130 (0x002cd093) x 1 0x2210943d
core   0: 0x8000b134 (0x60622213) slti    tp, tp, 1542
core   0: 3 0x8000b134 (0x60622213) x 4 0x00000001
core   0: 0x8000b138 (0xe2154093) xori    ra, a0, -479
core   0: 3 0x8000b138 (0xe2154093) x 1 0xfffffe21
core   0: 0x8000b13c (0x0120a533) slt     a0, ra, s2
core   0: 3 0x8000b13c (0x0120a533) x10 0x00000001
core   0: 0x8000b140 (0x01dba0b3) slt     ra, s7, t4
core   0: 3 0x8000b140 (0x01dba0b3) x 1 0x00000001
core   0: 0x8000b144 (0xcd768c13) addi    s8, a3, -809
core   0: 3 0x8000b144 (0xcd768c13) x24 0x800159bb
core   0: 0x8000b148 (0x00826bb3) or      s7, tp, s0
core   0: 3 0x8000b148 (0x00826bb3) x23 0x0d03d001
core   0: 0x8000b14c (0x01897cb3) and     s9, s2, s8
core   0: 3 0x8000b14c (0x01897cb3) x25 0x00000001
core   0: 0x8000b150 (0x6395c313) xori    t1, a1, 1593
core   0: 3 0x8000b150 (0x6395c313) x 6 0x00000639
core   0: 0x8000b154 (0x6422f593) andi    a1, t0, 1602
core   0: 3 0x8000b154 (0x6422f593) x11 0x00000000
core   0: 0x8000b158 (0x01b241b3) xor     gp, tp, s11
core   0: 3 0x8000b158 (0x01b241b3) x 3 0x00000000
core   0: 0x8000b15c (0x37e83837) lui     a6, 0x37e83
core   0: 3 0x8000b15c (0x37e83837) x16 0x37e83000
core   0: 0x8000b160 (0x013c6a33) or      s4, s8, s3
core   0: 3 0x8000b160 (0x013c6a33) x20 0x9631f9bb
core   0: 0x8000b164 (0x003b0333) add     t1, s6, gp
core   0: 3 0x8000b164 (0x003b0333) x 6 0xe88396e1
core   0: 0x8000b168 (0xfdbdcd93) xori    s11, s11, -37
core   0: 3 0x8000b168 (0xfdbdcd93) x27 0xffffffda
core   0: 0x8000b16c (0x41dcd913) srai    s2, s9, 29
core   0: 3 0x8000b16c (0x41dcd913) x18 0x00000000
core   0: 0x8000b170 (0x0123fcb3) and     s9, t2, s2
core   0: 3 0x8000b170 (0x0123fcb3) x25 0x00000000
core   0: 0x8000b174 (0x0164c9b3) xor     s3, s1, s6
core   0: 3 0x8000b174 (0x0164c9b3) x19 0xe88396e1
core   0: 0x8000b178 (0x00347433) and     s0, s0, gp
core   0: 3 0x8000b178 (0x00347433) x 8 0x00000000
core   0: 0x8000b17c (0xb9567613) andi    a2, a2, -1131
core   0: 3 0x8000b17c (0xb9567613) x12 0x00000004
core   0: 0x8000b180 (0x45fc3593) sltiu   a1, s8, 1119
core   0: 3 0x8000b180 (0x45fc3593) x11 0x00000000
core   0: 0x8000b184 (0x40d957b3) sra     a5, s2, a3
core   0: 3 0x8000b184 (0x40d957b3) x15 0x00000000
core   0: 0x8000b188 (0x33919037) lui     zero, 0x33919
core   0: 3 0x8000b188 (0x33919037)
core   0: 0x8000b18c (0x00fcef33) or      t5, s9, a5
core   0: 3 0x8000b18c (0x00fcef33) x30 0x00000000
core   0: 0x8000b190 (0x00b930b3) sltu    ra, s2, a1
core   0: 3 0x8000b190 (0x00b930b3) x 1 0x00000000
core   0: 0x8000b194 (0x0088bf33) sltu    t5, a7, s0
core   0: 3 0x8000b194 (0x0088bf33) x30 0x00000000
core   0: 0x8000b198 (0x11feaa17) auipc   s4, 0x11fea
core   0: 3 0x8000b198 (0x11feaa17) x20 0x91ff5198
core   0: 0x8000b19c (0x45d6f193) andi    gp, a3, 1117
core   0: 3 0x8000b19c (0x45d6f193) x 3 0x00000444
core   0: 0x8000b1a0 (0x0162b433) sltu    s0, t0, s6
core   0: 3 0x8000b1a0 (0x0162b433) x 8 0x00000001
core   0: 0x8000b1a4 (0x00831d13) slli    s10, t1, 8
core   0: 3 0x8000b1a4 (0x00831d13) x26 0x8396e100
core   0: 0x8000b1a8 (0x495ea093) slti    ra, t4, 1173
core   0: 3 0x8000b1a8 (0x495ea093) x 1 0x00000001
core   0: 0x8000b1ac (0x01e16eb3) or      t4, sp, t5
core   0: 3 0x8000b1ac (0x01e16eb3) x29 0x00000000
core   0: 0x8000b1b0 (0x405c5bb3) sra     s7, s8, t0
core   0: 3 0x8000b1b0 (0x405c5bb3) x23 0x800159bb
core   0: 0x8000b1b4 (0x4a707413) andi    s0, zero, 1191
core   0: 3 0x8000b1b4 (0x4a707413) x 8 0x00000000
core   0: 0x8000b1b8 (0x1bd0aa93) slti    s5, ra, 445
core   0: 3 0x8000b1b8 (0x1bd0aa93) x21 0x00000001
core   0: 0x8000b1bc (0x004adc13) srli    s8, s5, 4
core   0: 3 0x8000b1bc (0x004adc13) x24 0x00000000
core   0: 0x8000b1c0 (0x016a2633) slt     a2, s4, s6
core   0: 3 0x8000b1c0 (0x016a2633) x12 0x00000001
core   0: 0x8000b1c4 (0x00000013) nop
core   0: 3 0x8000b1c4 (0x00000013)
core   0: 0x8000b1c8 (0x01a8dab3) srl     s5, a7, s10
core   0: 3 0x8000b1c8 (0x01a8dab3) x21 0x80011e64
core   0: 0x8000b1cc (0x0186cf33) xor     t5, a3, s8
core   0: 3 0x8000b1cc (0x0186cf33) x30 0x80015ce4
core   0: 0x8000b1d0 (0x4104df13) srai    t5, s1, 16
core   0: 3 0x8000b1d0 (0x4104df13) x30 0x00000000
core   0: 0x8000b1d4 (0x40e55193) srai    gp, a0, 14
core   0: 3 0x8000b1d4 (0x40e55193) x 3 0x00000000
core   0: 0x8000b1d8 (0x000e3cb3) sltu    s9, t3, zero
core   0: 3 0x8000b1d8 (0x000e3cb3) x25 0x00000000
core   0: 0x8000b1dc (0x01bb8c33) add     s8, s7, s11
core   0: 3 0x8000b1dc (0x01bb8c33) x24 0x80015995
core   0: 0x8000b1e0 (0x01bfddb3) srl     s11, t6, s11
core   0: 3 0x8000b1e0 (0x01bfddb3) x27 0x0000001c
core   0: 0x8000b1e4 (0x014cb833) sltu    a6, s9, s4
core   0: 3 0x8000b1e4 (0x014cb833) x16 0x00000001
core   0: 0x8000b1e8 (0x019d76b3) and     a3, s10, s9
core   0: 3 0x8000b1e8 (0x019d76b3) x13 0x00000000
core   0: 0x8000b1ec (0x40a9df13) srai    t5, s3, 10
core   0: 3 0x8000b1ec (0x40a9df13) x30 0xfffa20e5
core   0: 0x8000b1f0 (0x414c5e33) sra     t3, s8, s4
core   0: 3 0x8000b1f0 (0x414c5e33) x28 0xffffff80
core   0: 0x8000b1f4 (0x004675b3) and     a1, a2, tp
core   0: 3 0x8000b1f4 (0x004675b3) x11 0x00000001
core   0: 0x8000b1f8 (0x04f84413) xori    s0, a6, 79
core   0: 3 0x8000b1f8 (0x04f84413) x 8 0x0000004e
core   0: 0x8000b1fc (0x001259b3) srl     s3, tp, ra
core   0: 3 0x8000b1fc (0x001259b3) x19 0x00000000
core   0: 0x8000b200 (0x850a6813) ori     a6, s4, -1968
core   0: 3 0x8000b200 (0x850a6813) x16 0xfffff9d8
core   0: 0x8000b204 (0x01cc2233) slt     tp, s8, t3
core   0: 3 0x8000b204 (0x01cc2233) x 4 0x00000001
core   0: 0x8000b208 (0x003bfc33) and     s8, s7, gp
core   0: 3 0x8000b208 (0x003bfc33) x24 0x00000000
core   0: 0x8000b20c (0x0155bd33) sltu    s10, a1, s5
core   0: 3 0x8000b20c (0x0155bd33) x26 0x00000001
core   0: 0x8000b210 (0x7e98b613) sltiu   a2, a7, 2025
core   0: 3 0x8000b210 (0x7e98b613) x12 0x00000000
core   0: 0x8000b214 (0x01d93db3) sltu    s11, s2, t4
core   0: 3 0x8000b214 (0x01d93db3) x27 0x00000000
core   0: 0x8000b218 (0x01ecebb3) or      s7, s9, t5
core   0: 3 0x8000b218 (0x01ecebb3) x23 0xfffa20e5
core   0: 0x8000b21c (0xd159ba13) sltiu   s4, s3, -747
core   0: 3 0x8000b21c (0xd159ba13) x20 0x00000001
core   0: 0x8000b220 (0x007cfe33) and     t3, s9, t2
core   0: 3 0x8000b220 (0x007cfe33) x28 0x00000000
core   0: 0x8000b224 (0x41890a33) sub     s4, s2, s8
core   0: 3 0x8000b224 (0x41890a33) x20 0x00000000
core   0: 0x8000b228 (0x418ddab3) sra     s5, s11, s8
core   0: 3 0x8000b228 (0x418ddab3) x21 0x00000000
core   0: 0x8000b22c (0x417505b3) sub     a1, a0, s7
core   0: 3 0x8000b22c (0x417505b3) x11 0x0005df1c
core   0: 0x8000b230 (0x00000013) nop
core   0: 3 0x8000b230 (0x00000013)
core   0: 0x8000b234 (0xfebc7113) andi    sp, s8, -21
core   0: 3 0x8000b234 (0xfebc7113) x 2 0x00000000
core   0: 0x8000b238 (0xa510e693) ori     a3, ra, -1455
core   0: 3 0x8000b238 (0xa510e693) x13 0xfffffa51
core   0: 0x8000b23c (0xf8718513) addi    a0, gp, -121
core   0: 3 0x8000b23c (0xf8718513) x10 0xffffff87
core   0: 0x8000b240 (0x01d8ecb3) or      s9, a7, t4
core   0: 3 0x8000b240 (0x01d8ecb3) x25 0x80011e64
core   0: 0x8000b244 (0x018a4bb3) xor     s7, s4, s8
core   0: 3 0x8000b244 (0x018a4bb3) x23 0x00000000
core   0: 0x8000b248 (0x017951b3) srl     gp, s2, s7
core   0: 3 0x8000b248 (0x017951b3) x 3 0x00000000
core   0: 0x8000b24c (0x012b5d93) srli    s11, s6, 18
core   0: 3 0x8000b24c (0x012b5d93) x27 0x00003a20
core   0: 0x8000b250 (0x01619733) sll     a4, gp, s6
core   0: 3 0x8000b250 (0x01619733) x14 0x00000000
core   0: 0x8000b254 (0xe0ad3213) sltiu   tp, s10, -502
core   0: 3 0x8000b254 (0xe0ad3213) x 4 0x00000001
core   0: 0x8000b258 (0x90f735b7) lui     a1, 0x90f73
core   0: 3 0x8000b258 (0x90f735b7) x11 0x90f73000
core   0: 0x8000b25c (0xc90f8613) addi    a2, t6, -880
core   0: 3 0x8000b25c (0xc90f8613) x12 0x717c0c90
core   0: 0x8000b260 (0x41bedf13) srai    t5, t4, 27
core   0: 3 0x8000b260 (0x41bedf13) x30 0x00000000
core   0: 0x8000b264 (0x008e3cb3) sltu    s9, t3, s0
core   0: 3 0x8000b264 (0x008e3cb3) x25 0x00000001
core   0: 0x8000b268 (0x4c5e2093) slti    ra, t3, 1221
core   0: 3 0x8000b268 (0x4c5e2093) x 1 0x00000001
core   0: 0x8000b26c (0x40ba8533) sub     a0, s5, a1
core   0: 3 0x8000b26c (0x40ba8533) x10 0x6f08d000
core   0: 0x8000b270 (0x01b1c7b3) xor     a5, gp, s11
core   0: 3 0x8000b270 (0x01b1c7b3) x15 0x00003a20
core   0: 0x8000b274 (0x41255b93) srai    s7, a0, 18
core   0: 3 0x8000b274 (0x41255b93) x23 0x00001bc2
core   0: 0x8000b278 (0xe5236013) ori     zero, t1, -430
core   0: 3 0x8000b278 (0xe5236013)
core   0: 0x8000b27c (0x01e280b3) add     ra, t0, t5
core   0: 3 0x8000b27c (0x01e280b3) x 1 0x2c7ab000
core   0: 0x8000b280 (0x0ba76593) ori     a1, a4, 186
core   0: 3 0x8000b280 (0x0ba76593) x11 0x000000ba
core   0: 0x8000b284 (0x019d77b3) and     a5, s10, s9
core   0: 3 0x8000b284 (0x019d77b3) x15 0x00000001
core   0: 0x8000b288 (0x01c702b3) add     t0, a4, t3
core   0: 3 0x8000b288 (0x01c702b3) x 5 0x00000000
core   0: 0x8000b28c (0x015eddb3) srl     s11, t4, s5
core   0: 3 0x8000b28c (0x015eddb3) x27 0x00000000
core   0: 0x8000b290 (0xd6bc1417) auipc   s0, 0xd6bc1
core   0: 3 0x8000b290 (0xd6bc1417) x 8 0x56bcc290
core   0: 0x8000b294 (0x2c517f13) andi    t5, sp, 709
core   0: 3 0x8000b294 (0x2c517f13) x30 0x00000000
core   0: 0x8000b298 (0x01eaa333) slt     t1, s5, t5
core   0: 3 0x8000b298 (0x01eaa333) x 6 0x00000000
core   0: 0x8000b29c (0xdb734e93) xori    t4, t1, -585
core   0: 3 0x8000b29c (0xdb734e93) x29 0xfffffdb7
core   0: 0x8000b2a0 (0x00d7d833) srl     a6, a5, a3
core   0: 3 0x8000b2a0 (0x00d7d833) x16 0x00000000
core   0: 0x8000b2a4 (0x0194f2b3) and     t0, s1, s9
core   0: 3 0x8000b2a4 (0x0194f2b3) x 5 0x00000000
core   0: 0x8000b2a8 (0xbfe08713) addi    a4, ra, -1026
core   0: 3 0x8000b2a8 (0xbfe08713) x14 0x2c7aabfe
core   0: 0x8000b2ac (0x011ef533) and     a0, t4, a7
core   0: 3 0x8000b2ac (0x011ef533) x10 0x80011c24
core   0: 0x8000b2b0 (0x0162e4b3) or      s1, t0, s6
core   0: 3 0x8000b2b0 (0x0162e4b3) x 9 0xe88396e1
core   0: 0x8000b2b4 (0x0660f493) andi    s1, ra, 102
core   0: 3 0x8000b2b4 (0x0660f493) x 9 0x00000000
core   0: 0x8000b2b8 (0x6407f993) andi    s3, a5, 1600
core   0: 3 0x8000b2b8 (0x6407f993) x19 0x00000000
core   0: 0x8000b2bc (0x323b6193) ori     gp, s6, 803
core   0: 3 0x8000b2bc (0x323b6193) x 3 0xe88397e3
core   0: 0x8000b2c0 (0x4288c613) xori    a2, a7, 1064
core   0: 3 0x8000b2c0 (0x4288c613) x12 0x80011a4c
core   0: 0x8000b2c4 (0x0087efb3) or      t6, a5, s0
core   0: 3 0x8000b2c4 (0x0087efb3) x31 0x56bcc291
core   0: 0x8000b2c8 (0x0043a033) slt     zero, t2, tp
core   0: 3 0x8000b2c8 (0x0043a033)
core   0: 0x8000b2cc (0x81592493) slti    s1, s2, -2027
core   0: 3 0x8000b2cc (0x81592493) x 9 0x00000000
core   0: 0x8000b2d0 (0xee61e037) lui     zero, 0xee61e
core   0: 3 0x8000b2d0 (0xee61e037)
core   0: 0x8000b2d4 (0x018861b3) or      gp, a6, s8
core   0: 3 0x8000b2d4 (0x018861b3) x 3 0x00000000
core   0: 0x8000b2d8 (0x00529493) slli    s1, t0, 5
core   0: 3 0x8000b2d8 (0x00529493) x 9 0x00000000
core   0: 0x8000b2dc (0x418a54b3) sra     s1, s4, s8
core   0: 3 0x8000b2dc (0x418a54b3) x 9 0x00000000
core   0: 0x8000b2e0 (0x0121e0b3) or      ra, gp, s2
core   0: 3 0x8000b2e0 (0x0121e0b3) x 1 0x00000000
core   0: 0x8000b2e4 (0x00000b17) auipc   s6, 0x0
core   0: 3 0x8000b2e4 (0x00000b17) x22 0x8000b2e4
core   0: 0x8000b2e8 (0x00cb0b13) addi    s6, s6, 12
core   0: 3 0x8000b2e8 (0x00cb0b13) x22 0x8000b2f0
core   0: 0x8000b2ec (0x000b0067) jr      s6
core   0: 3 0x8000b2ec (0x000b0067)
core   0: 0x8000b2f0 (0x00100193) li      gp, 1
core   0: 3 0x8000b2f0 (0x00100193) x 3 0x00000001
core   0: 0x8000b2f4 (0x00000073) ecall
core   0: exception trap_machine_ecall, epc 0x8000b2f4
core   0: >>>>  mtvec_handler
core   0: 0x8000bd20 (0x0400006f) j       pc + 0x40
core   0: 3 0x8000bd20 (0x0400006f)
core   0: 0x8000bd60 (0xffc38393) addi    t2, t2, -4
core   0: 3 0x8000bd60 (0xffc38393) x 7 0x80015ce0
core   0: 0x8000bd64 (0x0113a023) sw      a7, 0(t2)
core   0: 3 0x8000bd64 (0x0113a023) mem 0x80015ce0 0x80011e64
core   0: 0x8000bd68 (0x000388b3) add     a7, t2, zero
core   0: 3 0x8000bd68 (0x000388b3) x17 0x80015ce0
core   0: 0x8000bd6c (0xf8088893) addi    a7, a7, -128
core   0: 3 0x8000bd6c (0xf8088893) x17 0x80015c60
core   0: 0x8000bd70 (0x0018a223) sw      ra, 4(a7)
core   0: 3 0x8000bd70 (0x0018a223) mem 0x80015c64 0x00000000
core   0: 0x8000bd74 (0x0028a423) sw      sp, 8(a7)
core   0: 3 0x8000bd74 (0x0028a423) mem 0x80015c68 0x00000000
core   0: 0x8000bd78 (0x0038a623) sw      gp, 12(a7)
core   0: 3 0x8000bd78 (0x0038a623) mem 0x80015c6c 0x00000001
core   0: 0x8000bd7c (0x0048a823) sw      tp, 16(a7)
core   0: 3 0x8000bd7c (0x0048a823) mem 0x80015c70 0x00000001
core   0: 0x8000bd80 (0x0058aa23) sw      t0, 20(a7)
core   0: 3 0x8000bd80 (0x0058aa23) mem 0x80015c74 0x00000000
core   0: 0x8000bd84 (0x0068ac23) sw      t1, 24(a7)
core   0: 3 0x8000bd84 (0x0068ac23) mem 0x80015c78 0x00000000
core   0: 0x8000bd88 (0x0078ae23) sw      t2, 28(a7)
core   0: 3 0x8000bd88 (0x0078ae23) mem 0x80015c7c 0x80015ce0
core   0: 0x8000bd8c (0x0288a023) sw      s0, 32(a7)
core   0: 3 0x8000bd8c (0x0288a023) mem 0x80015c80 0x56bcc290
core   0: 0x8000bd90 (0x0298a223) sw      s1, 36(a7)
core   0: 3 0x8000bd90 (0x0298a223) mem 0x80015c84 0x00000000
core   0: 0x8000bd94 (0x02a8a423) sw      a0, 40(a7)
core   0: 3 0x8000bd94 (0x02a8a423) mem 0x80015c88 0x80011c24
core   0: 0x8000bd98 (0x02b8a623) sw      a1, 44(a7)
core   0: 3 0x8000bd98 (0x02b8a623) mem 0x80015c8c 0x000000ba
core   0: 0x8000bd9c (0x02c8a823) sw      a2, 48(a7)
core   0: 3 0x8000bd9c (0x02c8a823) mem 0x80015c90 0x80011a4c
core   0: 0x8000bda0 (0x02d8aa23) sw      a3, 52(a7)
core   0: 3 0x8000bda0 (0x02d8aa23) mem 0x80015c94 0xfffffa51
core   0: 0x8000bda4 (0x02e8ac23) sw      a4, 56(a7)
core   0: 3 0x8000bda4 (0x02e8ac23) mem 0x80015c98 0x2c7aabfe
core   0: 0x8000bda8 (0x02f8ae23) sw      a5, 60(a7)
core   0: 3 0x8000bda8 (0x02f8ae23) mem 0x80015c9c 0x00000001
core   0: 0x8000bdac (0x0508a023) sw      a6, 64(a7)
core   0: 3 0x8000bdac (0x0508a023) mem 0x80015ca0 0x00000000
core   0: 0x8000bdb0 (0x0518a223) sw      a7, 68(a7)
core   0: 3 0x8000bdb0 (0x0518a223) mem 0x80015ca4 0x80015c60
core   0: 0x8000bdb4 (0x0528a423) sw      s2, 72(a7)
core   0: 3 0x8000bdb4 (0x0528a423) mem 0x80015ca8 0x00000000
core   0: 0x8000bdb8 (0x0538a623) sw      s3, 76(a7)
core   0: 3 0x8000bdb8 (0x0538a623) mem 0x80015cac 0x00000000
core   0: 0x8000bdbc (0x0548a823) sw      s4, 80(a7)
core   0: 3 0x8000bdbc (0x0548a823) mem 0x80015cb0 0x00000000
core   0: 0x8000bdc0 (0x0558aa23) sw      s5, 84(a7)
core   0: 3 0x8000bdc0 (0x0558aa23) mem 0x80015cb4 0x00000000
core   0: 0x8000bdc4 (0x0568ac23) sw      s6, 88(a7)
core   0: 3 0x8000bdc4 (0x0568ac23) mem 0x80015cb8 0x8000b2f0
core   0: 0x8000bdc8 (0x0578ae23) sw      s7, 92(a7)
core   0: 3 0x8000bdc8 (0x0578ae23) mem 0x80015cbc 0x00001bc2
core   0: 0x8000bdcc (0x0788a023) sw      s8, 96(a7)
core   0: 3 0x8000bdcc (0x0788a023) mem 0x80015cc0 0x00000000
core   0: 0x8000bdd0 (0x0798a223) sw      s9, 100(a7)
core   0: 3 0x8000bdd0 (0x0798a223) mem 0x80015cc4 0x00000001
core   0: 0x8000bdd4 (0x07a8a423) sw      s10, 104(a7)
core   0: 3 0x8000bdd4 (0x07a8a423) mem 0x80015cc8 0x00000001
core   0: 0x8000bdd8 (0x07b8a623) sw      s11, 108(a7)
core   0: 3 0x8000bdd8 (0x07b8a623) mem 0x80015ccc 0x00000000
core   0: 0x8000bddc (0x07c8a823) sw      t3, 112(a7)
core   0: 3 0x8000bddc (0x07c8a823) mem 0x80015cd0 0x00000000
core   0: 0x8000bde0 (0x07d8aa23) sw      t4, 116(a7)
core   0: 3 0x8000bde0 (0x07d8aa23) mem 0x80015cd4 0xfffffdb7
core   0: 0x8000bde4 (0x07e8ac23) sw      t5, 120(a7)
core   0: 3 0x8000bde4 (0x07e8ac23) mem 0x80015cd8 0x00000000
core   0: 0x8000bde8 (0x07f8ae23) sw      t6, 124(a7)
core   0: 3 0x8000bde8 (0x07f8ae23) mem 0x80015cdc 0x56bcc291
core   0: 0x8000bdec (0x000883b3) add     t2, a7, zero
core   0: 3 0x8000bdec (0x000883b3) x 7 0x80015c60
core   0: 0x8000bdf0 (0x34102673) csrr    a2, mepc
core   0: 3 0x8000bdf0 (0x34102673) x12 0x8000b2f4
core   0: 0x8000bdf4 (0x34202673) csrr    a2, mcause
core   0: 3 0x8000bdf4 (0x34202673) x12 0x0000000b
core   0: 0x8000bdf8 (0x00300513) li      a0, 3
core   0: 3 0x8000bdf8 (0x00300513) x10 0x00000003
core   0: 0x8000bdfc (0x2aa60a63) beq     a2, a0, pc + 692
core   0: 3 0x8000bdfc (0x2aa60a63)
core   0: 0x8000be00 (0x00800513) li      a0, 8
core   0: 3 0x8000be00 (0x00800513) x10 0x00000008
core   0: 0x8000be04 (0x04a60e63) beq     a2, a0, pc + 92
core   0: 3 0x8000be04 (0x04a60e63)
core   0: 0x8000be08 (0x00900513) li      a0, 9
core   0: 3 0x8000be08 (0x00900513) x10 0x00000009
core   0: 0x8000be0c (0x04a60a63) beq     a2, a0, pc + 84
core   0: 3 0x8000be0c (0x04a60a63)
core   0: 0x8000be10 (0x00b00513) li      a0, 11
core   0: 3 0x8000be10 (0x00b00513) x10 0x0000000b
core   0: 0x8000be14 (0x04a60663) beq     a2, a0, pc + 76
core   0: 3 0x8000be14 (0x04a60663)
core   0: 0x8000be60 (0xffff4617) auipc   a2, 0xffff4
core   0: 3 0x8000be60 (0xffff4617) x12 0x7ffffe60
core   0: 0x8000be64 (0x1a060613) addi    a2, a2, 416
core   0: 3 0x8000be64 (0x1a060613) x12 0x80000000
core   0: 0x8000be68 (0x00062023) sw      zero, 0(a2)
core   0: 3 0x8000be68 (0x00062023) mem 0x80000000 0x00000000
core   0: 0x8000be6c (0x00162223) sw      ra, 4(a2)
core   0: 3 0x8000be6c (0x00162223) mem 0x80000004 0x00000000
core   0: 0x8000be70 (0x00262423) sw      sp, 8(a2)
core   0: 3 0x8000be70 (0x00262423) mem 0x80000008 0x00000000
core   0: 0x8000be74 (0x00362623) sw      gp, 12(a2)
core   0: 3 0x8000be74 (0x00362623) mem 0x8000000c 0x00000001
core   0: 0x8000be78 (0x00462823) sw      tp, 16(a2)
core   0: 3 0x8000be78 (0x00462823) mem 0x80000010 0x00000001
core   0: 0x8000be7c (0x00562a23) sw      t0, 20(a2)
core   0: 3 0x8000be7c (0x00562a23) mem 0x80000014 0x00000000
core   0: 0x8000be80 (0x00662c23) sw      t1, 24(a2)
core   0: 3 0x8000be80 (0x00662c23) mem 0x80000018 0x00000000
core   0: 0x8000be84 (0x00762e23) sw      t2, 28(a2)
core   0: 3 0x8000be84 (0x00762e23) mem 0x8000001c 0x80015c60
core   0: 0x8000be88 (0x02862023) sw      s0, 32(a2)
core   0: 3 0x8000be88 (0x02862023) mem 0x80000020 0x56bcc290
core   0: 0x8000be8c (0x02962223) sw      s1, 36(a2)
core   0: 3 0x8000be8c (0x02962223) mem 0x80000024 0x00000000
core   0: 0x8000be90 (0x02a62423) sw      a0, 40(a2)
core   0: 3 0x8000be90 (0x02a62423) mem 0x80000028 0x0000000b
core   0: 0x8000be94 (0x02b62623) sw      a1, 44(a2)
core   0: 3 0x8000be94 (0x02b62623) mem 0x8000002c 0x000000ba
core   0: 0x8000be98 (0x02c62823) sw      a2, 48(a2)
core   0: 3 0x8000be98 (0x02c62823) mem 0x80000030 0x80000000
core   0: 0x8000be9c (0x02d62a23) sw      a3, 52(a2)
core   0: 3 0x8000be9c (0x02d62a23) mem 0x80000034 0xfffffa51
core   0: 0x8000bea0 (0x02e62c23) sw      a4, 56(a2)
core   0: 3 0x8000bea0 (0x02e62c23) mem 0x80000038 0x2c7aabfe
core   0: 0x8000bea4 (0x02f62e23) sw      a5, 60(a2)
core   0: 3 0x8000bea4 (0x02f62e23) mem 0x8000003c 0x00000001
core   0: 0x8000bea8 (0x05062023) sw      a6, 64(a2)
core   0: 3 0x8000bea8 (0x05062023) mem 0x80000040 0x00000000
core   0: 0x8000beac (0x05162223) sw      a7, 68(a2)
core   0: 3 0x8000beac (0x05162223) mem 0x80000044 0x80015c60
core   0: 0x8000beb0 (0x05262423) sw      s2, 72(a2)
core   0: 3 0x8000beb0 (0x05262423) mem 0x80000048 0x00000000
core   0: 0x8000beb4 (0x05362623) sw      s3, 76(a2)
core   0: 3 0x8000beb4 (0x05362623) mem 0x8000004c 0x00000000
core   0: 0x8000beb8 (0x05462823) sw      s4, 80(a2)
core   0: 3 0x8000beb8 (0x05462823) mem 0x80000050 0x00000000
core   0: 0x8000bebc (0x05562a23) sw      s5, 84(a2)
core   0: 3 0x8000bebc (0x05562a23) mem 0x80000054 0x00000000
core   0: 0x8000bec0 (0x05662c23) sw      s6, 88(a2)
core   0: 3 0x8000bec0 (0x05662c23) mem 0x80000058 0x8000b2f0
core   0: 0x8000bec4 (0x05762e23) sw      s7, 92(a2)
core   0: 3 0x8000bec4 (0x05762e23) mem 0x8000005c 0x00001bc2
core   0: 0x8000bec8 (0x07862023) sw      s8, 96(a2)
core   0: 3 0x8000bec8 (0x07862023) mem 0x80000060 0x00000000
core   0: 0x8000becc (0x07962223) sw      s9, 100(a2)
core   0: 3 0x8000becc (0x07962223) mem 0x80000064 0x00000001
core   0: 0x8000bed0 (0x07a62423) sw      s10, 104(a2)
core   0: 3 0x8000bed0 (0x07a62423) mem 0x80000068 0x00000001
core   0: 0x8000bed4 (0x07b62623) sw      s11, 108(a2)
core   0: 3 0x8000bed4 (0x07b62623) mem 0x8000006c 0x00000000
core   0: 0x8000bed8 (0x07c62823) sw      t3, 112(a2)
core   0: 3 0x8000bed8 (0x07c62823) mem 0x80000070 0x00000000
core   0: 0x8000bedc (0x07d62a23) sw      t4, 116(a2)
core   0: 3 0x8000bedc (0x07d62a23) mem 0x80000074 0xfffffdb7
core   0: 0x8000bee0 (0x07e62c23) sw      t5, 120(a2)
core   0: 3 0x8000bee0 (0x07e62c23) mem 0x80000078 0x00000000
core   0: 0x8000bee4 (0x07f62e23) sw      t6, 124(a2)
core   0: 3 0x8000bee4 (0x07f62e23) mem 0x8000007c 0x56bcc291
core   0: 0x8000bee8 (0xfffffb17) auipc   s6, 0xfffff
core   0: 3 0x8000bee8 (0xfffffb17) x22 0x8000aee8
core   0: 0x8000beec (0x410b0b13) addi    s6, s6, 1040
core   0: 3 0x8000beec (0x410b0b13) x22 0x8000b2f8
core   0: 0x8000bef0 (0x000b0067) jr      s6
core   0: 3 0x8000bef0 (0x000b0067)
core   0: 0x8000b2f8 (0x00002f17) auipc   t5, 0x2
core   0: 3 0x8000b2f8 (0x00002f17) x30 0x8000d2f8
core   0: 0x8000b2fc (0xd03f2423) sw      gp, -760(t5)
core   0: 3 0x8000b2fc (0xd03f2423) mem 0x8000d000 0x00000001
core   0: 0x8000b300 (0xff9ff06f) j       pc - 0x8
core   0: 3 0x8000b300 (0xff9ff06f)
core   0: 0x8000b2f8 (0x00002f17) auipc   t5, 0x2
core   0: 3 0x8000b2f8 (0x00002f17) x30 0x8000d2f8
core   0: 0x8000b2fc (0xd03f2423) sw      gp, -760(t5)
core   0: 3 0x8000b2fc (0xd03f2423) mem 0x8000d000 0x00000001
core   0: 0x8000b300 (0xff9ff06f) j       pc - 0x8
core   0: 3 0x8000b300 (0xff9ff06f)
core   0: 0x8000b2f8 (0x00002f17) auipc   t5, 0x2
core   0: 3 0x8000b2f8 (0x00002f17) x30 0x8000d2f8
core   0: 0x8000b2fc (0xd03f2423) sw      gp, -760(t5)
core   0: 3 0x8000b2fc (0xd03f2423) mem 0x8000d000 0x00000001
core   0: 0x8000b300 (0xff9ff06f) j       pc - 0x8
core   0: 3 0x8000b300 (0xff9ff06f)
core   0: 0x8000b2f8 (0x00002f17) auipc   t5, 0x2
core   0: 3 0x8000b2f8 (0x00002f17) x30 0x8000d2f8
core   0: 0x8000b2fc (0xd03f2423) sw      gp, -760(t5)
core   0: 3 0x8000b2fc (0xd03f2423) mem 0x8000d000 0x00000001
core   0: 0x8000b300 (0xff9ff06f) j       pc - 0x8
core   0: 3 0x8000b300 (0xff9ff06f)
core   0: 0x8000b2f8 (0x00002f17) auipc   t5, 0x2
core   0: 3 0x8000b2f8 (0x00002f17) x30 0x8000d2f8
core   0: 0x8000b2fc (0xd03f2423) sw      gp, -760(t5)
core   0: 3 0x8000b2fc (0xd03f2423) mem 0x8000d000 0x00000001
core   0: 0x8000b300 (0xff9ff06f) j       pc - 0x8
core   0: 3 0x8000b300 (0xff9ff06f)
core   0: 0x8000b2f8 (0x00002f17) auipc   t5, 0x2
core   0: 3 0x8000b2f8 (0x00002f17) x30 0x8000d2f8
core   0: 0x8000b2fc (0xd03f2423) sw      gp, -760(t5)
core   0: 3 0x8000b2fc (0xd03f2423) mem 0x8000d000 0x00000001
core   0: 0x8000b300 (0xff9ff06f) j       pc - 0x8
core   0: 3 0x8000b300 (0xff9ff06f)
core   0: 0x8000b2f8 (0x00002f17) auipc   t5, 0x2
core   0: 3 0x8000b2f8 (0x00002f17) x30 0x8000d2f8
core   0: 0x8000b2fc (0xd03f2423) sw      gp, -760(t5)
core   0: 3 0x8000b2fc (0xd03f2423) mem 0x8000d000 0x00000001
core   0: 0x8000b300 (0xff9ff06f) j       pc - 0x8
core   0: 3 0x8000b300 (0xff9ff06f)
core   0: 0x8000b2f8 (0x00002f17) auipc   t5, 0x2
core   0: 3 0x8000b2f8 (0x00002f17) x30 0x8000d2f8
core   0: 0x8000b2fc (0xd03f2423) sw      gp, -760(t5)
core   0: 3 0x8000b2fc (0xd03f2423) mem 0x8000d000 0x00000001
core   0: 0x8000b300 (0xff9ff06f) j       pc - 0x8
core   0: 3 0x8000b300 (0xff9ff06f)
core   0: 0x8000b2f8 (0x00002f17) auipc   t5, 0x2
core   0: 3 0x8000b2f8 (0x00002f17) x30 0x8000d2f8
core   0: 0x8000b2fc (0xd03f2423) sw      gp, -760(t5)
core   0: 3 0x8000b2fc (0xd03f2423) mem 0x8000d000 0x00000001
core   0: 0x8000b300 (0xff9ff06f) j       pc - 0x8
core   0: 3 0x8000b300 (0xff9ff06f)
core   0: 0x8000b2f8 (0x00002f17) auipc   t5, 0x2
core   0: 3 0x8000b2f8 (0x00002f17) x30 0x8000d2f8
core   0: 0x8000b2fc (0xd03f2423) sw      gp, -760(t5)
core   0: 3 0x8000b2fc (0xd03f2423) mem 0x8000d000 0x00000001
core   0: 0x8000b300 (0xff9ff06f) j       pc - 0x8
core   0: 3 0x8000b300 (0xff9ff06f)
core   0: 0x8000b2f8 (0x00002f17) auipc   t5, 0x2
core   0: 3 0x8000b2f8 (0x00002f17) x30 0x8000d2f8
core   0: 0x8000b2fc (0xd03f2423) sw      gp, -760(t5)
core   0: 3 0x8000b2fc (0xd03f2423) mem 0x8000d000 0x00000001
core   0: 0x8000b300 (0xff9ff06f) j       pc - 0x8
core   0: 3 0x8000b300 (0xff9ff06f)
core   0: 0x8000b2f8 (0x00002f17) auipc   t5, 0x2
core   0: 3 0x8000b2f8 (0x00002f17) x30 0x8000d2f8
core   0: 0x8000b2fc (0xd03f2423) sw      gp, -760(t5)
core   0: 3 0x8000b2fc (0xd03f2423) mem 0x8000d000 0x00000001
core   0: 0x8000b300 (0xff9ff06f) j       pc - 0x8
core   0: 3 0x8000b300 (0xff9ff06f)
core   0: 0x8000b2f8 (0x00002f17) auipc   t5, 0x2
core   0: 3 0x8000b2f8 (0x00002f17) x30 0x8000d2f8
core   0: 0x8000b2fc (0xd03f2423) sw      gp, -760(t5)
core   0: 3 0x8000b2fc (0xd03f2423) mem 0x8000d000 0x00000001
core   0: 0x8000b300 (0xff9ff06f) j       pc - 0x8
core   0: 3 0x8000b300 (0xff9ff06f)
core   0: 0x8000b2f8 (0x00002f17) auipc   t5, 0x2
core   0: 3 0x8000b2f8 (0x00002f17) x30 0x8000d2f8
core   0: 0x8000b2fc (0xd03f2423) sw      gp, -760(t5)
core   0: 3 0x8000b2fc (0xd03f2423) mem 0x8000d000 0x00000001
core   0: 0x8000b300 (0xff9ff06f) j       pc - 0x8
core   0: 3 0x8000b300 (0xff9ff06f)
core   0: 0x8000b2f8 (0x00002f17) auipc   t5, 0x2
core   0: 3 0x8000b2f8 (0x00002f17) x30 0x8000d2f8
core   0: 0x8000b2fc (0xd03f2423) sw      gp, -760(t5)
core   0: 3 0x8000b2fc (0xd03f2423) mem 0x8000d000 0x00000001
core   0: 0x8000b300 (0xff9ff06f) j       pc - 0x8
core   0: 3 0x8000b300 (0xff9ff06f)
core   0: 0x8000b2f8 (0x00002f17) auipc   t5, 0x2
core   0: 3 0x8000b2f8 (0x00002f17) x30 0x8000d2f8
core   0: 0x8000b2fc (0xd03f2423) sw      gp, -760(t5)
core   0: 3 0x8000b2fc (0xd03f2423) mem 0x8000d000 0x00000001
core   0: 0x8000b300 (0xff9ff06f) j       pc - 0x8
core   0: 3 0x8000b300 (0xff9ff06f)
core   0: 0x8000b2f8 (0x00002f17) auipc   t5, 0x2
core   0: 3 0x8000b2f8 (0x00002f17) x30 0x8000d2f8
core   0: 0x8000b2fc (0xd03f2423) sw      gp, -760(t5)
core   0: 3 0x8000b2fc (0xd03f2423) mem 0x8000d000 0x00000001
core   0: 0x8000b300 (0xff9ff06f) j       pc - 0x8
core   0: 3 0x8000b300 (0xff9ff06f)
core   0: 0x8000b2f8 (0x00002f17) auipc   t5, 0x2
core   0: 3 0x8000b2f8 (0x00002f17) x30 0x8000d2f8
core   0: 0x8000b2fc (0xd03f2423) sw      gp, -760(t5)
core   0: 3 0x8000b2fc (0xd03f2423) mem 0x8000d000 0x00000001
core   0: 0x8000b300 (0xff9ff06f) j       pc - 0x8
core   0: 3 0x8000b300 (0xff9ff06f)
core   0: 0x8000b2f8 (0x00002f17) auipc   t5, 0x2
core   0: 3 0x8000b2f8 (0x00002f17) x30 0x8000d2f8
core   0: 0x8000b2fc (0xd03f2423) sw      gp, -760(t5)
core   0: 3 0x8000b2fc (0xd03f2423) mem 0x8000d000 0x00000001
core   0: 0x8000b300 (0xff9ff06f) j       pc - 0x8
core   0: 3 0x8000b300 (0xff9ff06f)
core   0: 0x8000b2f8 (0x00002f17) auipc   t5, 0x2
core   0: 3 0x8000b2f8 (0x00002f17) x30 0x8000d2f8
core   0: 0x8000b2fc (0xd03f2423) sw      gp, -760(t5)
core   0: 3 0x8000b2fc (0xd03f2423) mem 0x8000d000 0x00000001
core   0: 0x8000b300 (0xff9ff06f) j       pc - 0x8
core   0: 3 0x8000b300 (0xff9ff06f)
core   0: 0x8000b2f8 (0x00002f17) auipc   t5, 0x2
core   0: 3 0x8000b2f8 (0x00002f17) x30 0x8000d2f8
core   0: 0x8000b2fc (0xd03f2423) sw      gp, -760(t5)
core   0: 3 0x8000b2fc (0xd03f2423) mem 0x8000d000 0x00000001
core   0: 0x8000b300 (0xff9ff06f) j       pc - 0x8
core   0: 3 0x8000b300 (0xff9ff06f)
core   0: 0x8000b2f8 (0x00002f17) auipc   t5, 0x2
core   0: 3 0x8000b2f8 (0x00002f17) x30 0x8000d2f8
core   0: 0x8000b2fc (0xd03f2423) sw      gp, -760(t5)
core   0: 3 0x8000b2fc (0xd03f2423) mem 0x8000d000 0x00000001
core   0: 0x8000b300 (0xff9ff06f) j       pc - 0x8
core   0: 3 0x8000b300 (0xff9ff06f)
core   0: 0x8000b2f8 (0x00002f17) auipc   t5, 0x2
core   0: 3 0x8000b2f8 (0x00002f17) x30 0x8000d2f8
core   0: 0x8000b2fc (0xd03f2423) sw      gp, -760(t5)
core   0: 3 0x8000b2fc (0xd03f2423) mem 0x8000d000 0x00000001
core   0: 0x8000b300 (0xff9ff06f) j       pc - 0x8
core   0: 3 0x8000b300 (0xff9ff06f)
core   0: 0x8000b2f8 (0x00002f17) auipc   t5, 0x2
core   0: 3 0x8000b2f8 (0x00002f17) x30 0x8000d2f8
core   0: 0x8000b2fc (0xd03f2423) sw      gp, -760(t5)
core   0: 3 0x8000b2fc (0xd03f2423) mem 0x8000d000 0x00000001
core   0: 0x8000b300 (0xff9ff06f) j       pc - 0x8
core   0: 3 0x8000b300 (0xff9ff06f)
core   0: 0x8000b2f8 (0x00002f17) auipc   t5, 0x2
core   0: 3 0x8000b2f8 (0x00002f17) x30 0x8000d2f8
core   0: 0x8000b2fc (0xd03f2423) sw      gp, -760(t5)
core   0: 3 0x8000b2fc (0xd03f2423) mem 0x8000d000 0x00000001
core   0: 0x8000b300 (0xff9ff06f) j       pc - 0x8
core   0: 3 0x8000b300 (0xff9ff06f)
core   0: 0x8000b2f8 (0x00002f17) auipc   t5, 0x2
core   0: 3 0x8000b2f8 (0x00002f17) x30 0x8000d2f8
core   0: 0x8000b2fc (0xd03f2423) sw      gp, -760(t5)
core   0: 3 0x8000b2fc (0xd03f2423) mem 0x8000d000 0x00000001
core   0: 0x8000b300 (0xff9ff06f) j       pc - 0x8
core   0: 3 0x8000b300 (0xff9ff06f)
core   0: 0x8000b2f8 (0x00002f17) auipc   t5, 0x2
core   0: 3 0x8000b2f8 (0x00002f17) x30 0x8000d2f8
core   0: 0x8000b2fc (0xd03f2423) sw      gp, -760(t5)
core   0: 3 0x8000b2fc (0xd03f2423) mem 0x8000d000 0x00000001
core   0: 0x8000b300 (0xff9ff06f) j       pc - 0x8
core   0: 3 0x8000b300 (0xff9ff06f)
core   0: 0x8000b2f8 (0x00002f17) auipc   t5, 0x2
core   0: 3 0x8000b2f8 (0x00002f17) x30 0x8000d2f8
core   0: 0x8000b2fc (0xd03f2423) sw      gp, -760(t5)
core   0: 3 0x8000b2fc (0xd03f2423) mem 0x8000d000 0x00000001
core   0: 0x8000b300 (0xff9ff06f) j       pc - 0x8
core   0: 3 0x8000b300 (0xff9ff06f)
core   0: 0x8000b2f8 (0x00002f17) auipc   t5, 0x2
core   0: 3 0x8000b2f8 (0x00002f17) x30 0x8000d2f8
core   0: 0x8000b2fc (0xd03f2423) sw      gp, -760(t5)
core   0: 3 0x8000b2fc (0xd03f2423) mem 0x8000d000 0x00000001
core   0: 0x8000b300 (0xff9ff06f) j       pc - 0x8
core   0: 3 0x8000b300 (0xff9ff06f)
core   0: 0x8000b2f8 (0x00002f17) auipc   t5, 0x2
core   0: 3 0x8000b2f8 (0x00002f17) x30 0x8000d2f8
core   0: 0x8000b2fc (0xd03f2423) sw      gp, -760(t5)
core   0: 3 0x8000b2fc (0xd03f2423) mem 0x8000d000 0x00000001
core   0: 0x8000b300 (0xff9ff06f) j       pc - 0x8
core   0: 3 0x8000b300 (0xff9ff06f)
core   0: 0x8000b2f8 (0x00002f17) auipc   t5, 0x2
core   0: 3 0x8000b2f8 (0x00002f17) x30 0x8000d2f8
core   0: 0x8000b2fc (0xd03f2423) sw      gp, -760(t5)
core   0: 3 0x8000b2fc (0xd03f2423) mem 0x8000d000 0x00000001
core   0: 0x8000b300 (0xff9ff06f) j       pc - 0x8
core   0: 3 0x8000b300 (0xff9ff06f)
core   0: 0x8000b2f8 (0x00002f17) auipc   t5, 0x2
core   0: 3 0x8000b2f8 (0x00002f17) x30 0x8000d2f8
core   0: 0x8000b2fc (0xd03f2423) sw      gp, -760(t5)
core   0: 3 0x8000b2fc (0xd03f2423) mem 0x8000d000 0x00000001
core   0: 0x8000b300 (0xff9ff06f) j       pc - 0x8
core   0: 3 0x8000b300 (0xff9ff06f)
core   0: 0x8000b2f8 (0x00002f17) auipc   t5, 0x2
core   0: 3 0x8000b2f8 (0x00002f17) x30 0x8000d2f8
core   0: 0x8000b2fc (0xd03f2423) sw      gp, -760(t5)
core   0: 3 0x8000b2fc (0xd03f2423) mem 0x8000d000 0x00000001
core   0: 0x8000b300 (0xff9ff06f) j       pc - 0x8
core   0: 3 0x8000b300 (0xff9ff06f)
core   0: 0x8000b2f8 (0x00002f17) auipc   t5, 0x2
core   0: 3 0x8000b2f8 (0x00002f17) x30 0x8000d2f8
core   0: 0x8000b2fc (0xd03f2423) sw      gp, -760(t5)
core   0: 3 0x8000b2fc (0xd03f2423) mem 0x8000d000 0x00000001
core   0: 0x8000b300 (0xff9ff06f) j       pc - 0x8
core   0: 3 0x8000b300 (0xff9ff06f)
core   0: 0x8000b2f8 (0x00002f17) auipc   t5, 0x2
core   0: 3 0x8000b2f8 (0x00002f17) x30 0x8000d2f8
core   0: 0x8000b2fc (0xd03f2423) sw      gp, -760(t5)
core   0: 3 0x8000b2fc (0xd03f2423) mem 0x8000d000 0x00000001
core   0: 0x8000b300 (0xff9ff06f) j       pc - 0x8
core   0: 3 0x8000b300 (0xff9ff06f)
core   0: 0x8000b2f8 (0x00002f17) auipc   t5, 0x2
core   0: 3 0x8000b2f8 (0x00002f17) x30 0x8000d2f8
core   0: 0x8000b2fc (0xd03f2423) sw      gp, -760(t5)
core   0: 3 0x8000b2fc (0xd03f2423) mem 0x8000d000 0x00000001
core   0: 0x8000b300 (0xff9ff06f) j       pc - 0x8
core   0: 3 0x8000b300 (0xff9ff06f)
core   0: 0x8000b2f8 (0x00002f17) auipc   t5, 0x2
core   0: 3 0x8000b2f8 (0x00002f17) x30 0x8000d2f8
core   0: 0x8000b2fc (0xd03f2423) sw      gp, -760(t5)
core   0: 3 0x8000b2fc (0xd03f2423) mem 0x8000d000 0x00000001
core   0: 0x8000b300 (0xff9ff06f) j       pc - 0x8
core   0: 3 0x8000b300 (0xff9ff06f)
core   0: 0x8000b2f8 (0x00002f17) auipc   t5, 0x2
core   0: 3 0x8000b2f8 (0x00002f17) x30 0x8000d2f8
core   0: 0x8000b2fc (0xd03f2423) sw      gp, -760(t5)
core   0: 3 0x8000b2fc (0xd03f2423) mem 0x8000d000 0x00000001
core   0: 0x8000b300 (0xff9ff06f) j       pc - 0x8
core   0: 3 0x8000b300 (0xff9ff06f)
core   0: 0x8000b2f8 (0x00002f17) auipc   t5, 0x2
core   0: 3 0x8000b2f8 (0x00002f17) x30 0x8000d2f8
core   0: 0x8000b2fc (0xd03f2423) sw      gp, -760(t5)
core   0: 3 0x8000b2fc (0xd03f2423) mem 0x8000d000 0x00000001
core   0: 0x8000b300 (0xff9ff06f) j       pc - 0x8
core   0: 3 0x8000b300 (0xff9ff06f)
core   0: 0x8000b2f8 (0x00002f17) auipc   t5, 0x2
core   0: 3 0x8000b2f8 (0x00002f17) x30 0x8000d2f8
core   0: 0x8000b2fc (0xd03f2423) sw      gp, -760(t5)
core   0: 3 0x8000b2fc (0xd03f2423) mem 0x8000d000 0x00000001
core   0: 0x8000b300 (0xff9ff06f) j       pc - 0x8
core   0: 3 0x8000b300 (0xff9ff06f)
core   0: 0x8000b2f8 (0x00002f17) auipc   t5, 0x2
core   0: 3 0x8000b2f8 (0x00002f17) x30 0x8000d2f8
core   0: 0x8000b2fc (0xd03f2423) sw      gp, -760(t5)
core   0: 3 0x8000b2fc (0xd03f2423) mem 0x8000d000 0x00000001
core   0: 0x8000b300 (0xff9ff06f) j       pc - 0x8
core   0: 3 0x8000b300 (0xff9ff06f)
core   0: 0x8000b2f8 (0x00002f17) auipc   t5, 0x2
core   0: 3 0x8000b2f8 (0x00002f17) x30 0x8000d2f8
core   0: 0x8000b2fc (0xd03f2423) sw      gp, -760(t5)
core   0: 3 0x8000b2fc (0xd03f2423) mem 0x8000d000 0x00000001
core   0: 0x8000b300 (0xff9ff06f) j       pc - 0x8
core   0: 3 0x8000b300 (0xff9ff06f)
core   0: 0x8000b2f8 (0x00002f17) auipc   t5, 0x2
core   0: 3 0x8000b2f8 (0x00002f17) x30 0x8000d2f8
core   0: 0x8000b2fc (0xd03f2423) sw      gp, -760(t5)
core   0: 3 0x8000b2fc (0xd03f2423) mem 0x8000d000 0x00000001
core   0: 0x8000b300 (0xff9ff06f) j       pc - 0x8
core   0: 3 0x8000b300 (0xff9ff06f)
core   0: 0x8000b2f8 (0x00002f17) auipc   t5, 0x2
core   0: 3 0x8000b2f8 (0x00002f17) x30 0x8000d2f8
core   0: 0x8000b2fc (0xd03f2423) sw      gp, -760(t5)
core   0: 3 0x8000b2fc (0xd03f2423) mem 0x8000d000 0x00000001
core   0: 0x8000b300 (0xff9ff06f) j       pc - 0x8
core   0: 3 0x8000b300 (0xff9ff06f)
core   0: 0x8000b2f8 (0x00002f17) auipc   t5, 0x2
core   0: 3 0x8000b2f8 (0x00002f17) x30 0x8000d2f8
core   0: 0x8000b2fc (0xd03f2423) sw      gp, -760(t5)
core   0: 3 0x8000b2fc (0xd03f2423) mem 0x8000d000 0x00000001
core   0: 0x8000b300 (0xff9ff06f) j       pc - 0x8
core   0: 3 0x8000b300 (0xff9ff06f)
core   0: 0x8000b2f8 (0x00002f17) auipc   t5, 0x2
core   0: 3 0x8000b2f8 (0x00002f17) x30 0x8000d2f8
core   0: 0x8000b2fc (0xd03f2423) sw      gp, -760(t5)
core   0: 3 0x8000b2fc (0xd03f2423) mem 0x8000d000 0x00000001
core   0: 0x8000b300 (0xff9ff06f) j       pc - 0x8
core   0: 3 0x8000b300 (0xff9ff06f)
core   0: 0x8000b2f8 (0x00002f17) auipc   t5, 0x2
core   0: 3 0x8000b2f8 (0x00002f17) x30 0x8000d2f8
core   0: 0x8000b2fc (0xd03f2423) sw      gp, -760(t5)
core   0: 3 0x8000b2fc (0xd03f2423) mem 0x8000d000 0x00000001
core   0: 0x8000b300 (0xff9ff06f) j       pc - 0x8
core   0: 3 0x8000b300 (0xff9ff06f)
core   0: 0x8000b2f8 (0x00002f17) auipc   t5, 0x2
core   0: 3 0x8000b2f8 (0x00002f17) x30 0x8000d2f8
core   0: 0x8000b2fc (0xd03f2423) sw      gp, -760(t5)
core   0: 3 0x8000b2fc (0xd03f2423) mem 0x8000d000 0x00000001
core   0: 0x8000b300 (0xff9ff06f) j       pc - 0x8
core   0: 3 0x8000b300 (0xff9ff06f)
core   0: 0x8000b2f8 (0x00002f17) auipc   t5, 0x2
core   0: 3 0x8000b2f8 (0x00002f17) x30 0x8000d2f8
core   0: 0x8000b2fc (0xd03f2423) sw      gp, -760(t5)
core   0: 3 0x8000b2fc (0xd03f2423) mem 0x8000d000 0x00000001
core   0: 0x8000b300 (0xff9ff06f) j       pc - 0x8
core   0: 3 0x8000b300 (0xff9ff06f)
core   0: 0x8000b2f8 (0x00002f17) auipc   t5, 0x2
core   0: 3 0x8000b2f8 (0x00002f17) x30 0x8000d2f8
core   0: 0x8000b2fc (0xd03f2423) sw      gp, -760(t5)
core   0: 3 0x8000b2fc (0xd03f2423) mem 0x8000d000 0x00000001
core   0: 0x8000b300 (0xff9ff06f) j       pc - 0x8
core   0: 3 0x8000b300 (0xff9ff06f)
core   0: 0x8000b2f8 (0x00002f17) auipc   t5, 0x2
core   0: 3 0x8000b2f8 (0x00002f17) x30 0x8000d2f8
core   0: 0x8000b2fc (0xd03f2423) sw      gp, -760(t5)
core   0: 3 0x8000b2fc (0xd03f2423) mem 0x8000d000 0x00000001
core   0: 0x8000b300 (0xff9ff06f) j       pc - 0x8
core   0: 3 0x8000b300 (0xff9ff06f)
core   0: 0x8000b2f8 (0x00002f17) auipc   t5, 0x2
core   0: 3 0x8000b2f8 (0x00002f17) x30 0x8000d2f8
core   0: 0x8000b2fc (0xd03f2423) sw      gp, -760(t5)
core   0: 3 0x8000b2fc (0xd03f2423) mem 0x8000d000 0x00000001
core   0: 0x8000b300 (0xff9ff06f) j       pc - 0x8
core   0: 3 0x8000b300 (0xff9ff06f)
core   0: 0x8000b2f8 (0x00002f17) auipc   t5, 0x2
core   0: 3 0x8000b2f8 (0x00002f17) x30 0x8000d2f8
core   0: 0x8000b2fc (0xd03f2423) sw      gp, -760(t5)
core   0: 3 0x8000b2fc (0xd03f2423) mem 0x8000d000 0x00000001
core   0: 0x8000b300 (0xff9ff06f) j       pc - 0x8
core   0: 3 0x8000b300 (0xff9ff06f)
core   0: 0x8000b2f8 (0x00002f17) auipc   t5, 0x2
core   0: 3 0x8000b2f8 (0x00002f17) x30 0x8000d2f8
core   0: 0x8000b2fc (0xd03f2423) sw      gp, -760(t5)
core   0: 3 0x8000b2fc (0xd03f2423) mem 0x8000d000 0x00000001
core   0: 0x8000b300 (0xff9ff06f) j       pc - 0x8
core   0: 3 0x8000b300 (0xff9ff06f)
core   0: 0x8000b2f8 (0x00002f17) auipc   t5, 0x2
core   0: 3 0x8000b2f8 (0x00002f17) x30 0x8000d2f8
core   0: 0x8000b2fc (0xd03f2423) sw      gp, -760(t5)
core   0: 3 0x8000b2fc (0xd03f2423) mem 0x8000d000 0x00000001
core   0: 0x8000b300 (0xff9ff06f) j       pc - 0x8
core   0: 3 0x8000b300 (0xff9ff06f)
core   0: 0x8000b2f8 (0x00002f17) auipc   t5, 0x2
core   0: 3 0x8000b2f8 (0x00002f17) x30 0x8000d2f8
core   0: 0x8000b2fc (0xd03f2423) sw      gp, -760(t5)
core   0: 3 0x8000b2fc (0xd03f2423) mem 0x8000d000 0x00000001
core   0: 0x8000b300 (0xff9ff06f) j       pc - 0x8
core   0: 3 0x8000b300 (0xff9ff06f)
core   0: 0x8000b2f8 (0x00002f17) auipc   t5, 0x2
core   0: 3 0x8000b2f8 (0x00002f17) x30 0x8000d2f8
core   0: 0x8000b2fc (0xd03f2423) sw      gp, -760(t5)
core   0: 3 0x8000b2fc (0xd03f2423) mem 0x8000d000 0x00000001
core   0: 0x8000b300 (0xff9ff06f) j       pc - 0x8
core   0: 3 0x8000b300 (0xff9ff06f)
core   0: 0x8000b2f8 (0x00002f17) auipc   t5, 0x2
core   0: 3 0x8000b2f8 (0x00002f17) x30 0x8000d2f8
core   0: 0x8000b2fc (0xd03f2423) sw      gp, -760(t5)
core   0: 3 0x8000b2fc (0xd03f2423) mem 0x8000d000 0x00000001
core   0: 0x8000b300 (0xff9ff06f) j       pc - 0x8
core   0: 3 0x8000b300 (0xff9ff06f)
core   0: 0x8000b2f8 (0x00002f17) auipc   t5, 0x2
core   0: 3 0x8000b2f8 (0x00002f17) x30 0x8000d2f8
core   0: 0x8000b2fc (0xd03f2423) sw      gp, -760(t5)
core   0: 3 0x8000b2fc (0xd03f2423) mem 0x8000d000 0x00000001
core   0: 0x8000b300 (0xff9ff06f) j       pc - 0x8
core   0: 3 0x8000b300 (0xff9ff06f)
core   0: 0x8000b2f8 (0x00002f17) auipc   t5, 0x2
core   0: 3 0x8000b2f8 (0x00002f17) x30 0x8000d2f8
core   0: 0x8000b2fc (0xd03f2423) sw      gp, -760(t5)
core   0: 3 0x8000b2fc (0xd03f2423) mem 0x8000d000 0x00000001
core   0: 0x8000b300 (0xff9ff06f) j       pc - 0x8
core   0: 3 0x8000b300 (0xff9ff06f)
core   0: 0x8000b2f8 (0x00002f17) auipc   t5, 0x2
core   0: 3 0x8000b2f8 (0x00002f17) x30 0x8000d2f8
core   0: 0x8000b2fc (0xd03f2423) sw      gp, -760(t5)
core   0: 3 0x8000b2fc (0xd03f2423) mem 0x8000d000 0x00000001
core   0: 0x8000b300 (0xff9ff06f) j       pc - 0x8
core   0: 3 0x8000b300 (0xff9ff06f)
core   0: 0x8000b2f8 (0x00002f17) auipc   t5, 0x2
core   0: 3 0x8000b2f8 (0x00002f17) x30 0x8000d2f8
core   0: 0x8000b2fc (0xd03f2423) sw      gp, -760(t5)
core   0: 3 0x8000b2fc (0xd03f2423) mem 0x8000d000 0x00000001
core   0: 0x8000b300 (0xff9ff06f) j       pc - 0x8
core   0: 3 0x8000b300 (0xff9ff06f)
core   0: 0x8000b2f8 (0x00002f17) auipc   t5, 0x2
core   0: 3 0x8000b2f8 (0x00002f17) x30 0x8000d2f8
core   0: 0x8000b2fc (0xd03f2423) sw      gp, -760(t5)
core   0: 3 0x8000b2fc (0xd03f2423) mem 0x8000d000 0x00000001
core   0: 0x8000b300 (0xff9ff06f) j       pc - 0x8
core   0: 3 0x8000b300 (0xff9ff06f)
core   0: 0x8000b2f8 (0x00002f17) auipc   t5, 0x2
core   0: 3 0x8000b2f8 (0x00002f17) x30 0x8000d2f8
core   0: 0x8000b2fc (0xd03f2423) sw      gp, -760(t5)
core   0: 3 0x8000b2fc (0xd03f2423) mem 0x8000d000 0x00000001
core   0: 0x8000b300 (0xff9ff06f) j       pc - 0x8
core   0: 3 0x8000b300 (0xff9ff06f)
core   0: 0x8000b2f8 (0x00002f17) auipc   t5, 0x2
core   0: 3 0x8000b2f8 (0x00002f17) x30 0x8000d2f8
core   0: 0x8000b2fc (0xd03f2423) sw      gp, -760(t5)
core   0: 3 0x8000b2fc (0xd03f2423) mem 0x8000d000 0x00000001
core   0: 0x8000b300 (0xff9ff06f) j       pc - 0x8
core   0: 3 0x8000b300 (0xff9ff06f)
core   0: 0x8000b2f8 (0x00002f17) auipc   t5, 0x2
core   0: 3 0x8000b2f8 (0x00002f17) x30 0x8000d2f8
core   0: 0x8000b2fc (0xd03f2423) sw      gp, -760(t5)
core   0: 3 0x8000b2fc (0xd03f2423) mem 0x8000d000 0x00000001
core   0: 0x8000b300 (0xff9ff06f) j       pc - 0x8
core   0: 3 0x8000b300 (0xff9ff06f)
core   0: 0x8000b2f8 (0x00002f17) auipc   t5, 0x2
core   0: 3 0x8000b2f8 (0x00002f17) x30 0x8000d2f8
core   0: 0x8000b2fc (0xd03f2423) sw      gp, -760(t5)
core   0: 3 0x8000b2fc (0xd03f2423) mem 0x8000d000 0x00000001
core   0: 0x8000b300 (0xff9ff06f) j       pc - 0x8
core   0: 3 0x8000b300 (0xff9ff06f)
core   0: 0x8000b2f8 (0x00002f17) auipc   t5, 0x2
core   0: 3 0x8000b2f8 (0x00002f17) x30 0x8000d2f8
core   0: 0x8000b2fc (0xd03f2423) sw      gp, -760(t5)
core   0: 3 0x8000b2fc (0xd03f2423) mem 0x8000d000 0x00000001
core   0: 0x8000b300 (0xff9ff06f) j       pc - 0x8
core   0: 3 0x8000b300 (0xff9ff06f)
core   0: 0x8000b2f8 (0x00002f17) auipc   t5, 0x2
core   0: 3 0x8000b2f8 (0x00002f17) x30 0x8000d2f8
core   0: 0x8000b2fc (0xd03f2423) sw      gp, -760(t5)
core   0: 3 0x8000b2fc (0xd03f2423) mem 0x8000d000 0x00000001
core   0: 0x8000b300 (0xff9ff06f) j       pc - 0x8
core   0: 3 0x8000b300 (0xff9ff06f)
core   0: 0x8000b2f8 (0x00002f17) auipc   t5, 0x2
core   0: 3 0x8000b2f8 (0x00002f17) x30 0x8000d2f8
core   0: 0x8000b2fc (0xd03f2423) sw      gp, -760(t5)
core   0: 3 0x8000b2fc (0xd03f2423) mem 0x8000d000 0x00000001
core   0: 0x8000b300 (0xff9ff06f) j       pc - 0x8
core   0: 3 0x8000b300 (0xff9ff06f)
core   0: 0x8000b2f8 (0x00002f17) auipc   t5, 0x2
core   0: 3 0x8000b2f8 (0x00002f17) x30 0x8000d2f8
core   0: 0x8000b2fc (0xd03f2423) sw      gp, -760(t5)
core   0: 3 0x8000b2fc (0xd03f2423) mem 0x8000d000 0x00000001
core   0: 0x8000b300 (0xff9ff06f) j       pc - 0x8
core   0: 3 0x8000b300 (0xff9ff06f)
core   0: 0x8000b2f8 (0x00002f17) auipc   t5, 0x2
core   0: 3 0x8000b2f8 (0x00002f17) x30 0x8000d2f8
core   0: 0x8000b2fc (0xd03f2423) sw      gp, -760(t5)
core   0: 3 0x8000b2fc (0xd03f2423) mem 0x8000d000 0x00000001
core   0: 0x8000b300 (0xff9ff06f) j       pc - 0x8
core   0: 3 0x8000b300 (0xff9ff06f)
core   0: 0x8000b2f8 (0x00002f17) auipc   t5, 0x2
core   0: 3 0x8000b2f8 (0x00002f17) x30 0x8000d2f8
core   0: 0x8000b2fc (0xd03f2423) sw      gp, -760(t5)
core   0: 3 0x8000b2fc (0xd03f2423) mem 0x8000d000 0x00000001
core   0: 0x8000b300 (0xff9ff06f) j       pc - 0x8
core   0: 3 0x8000b300 (0xff9ff06f)
core   0: 0x8000b2f8 (0x00002f17) auipc   t5, 0x2
core   0: 3 0x8000b2f8 (0x00002f17) x30 0x8000d2f8
core   0: 0x8000b2fc (0xd03f2423) sw      gp, -760(t5)
core   0: 3 0x8000b2fc (0xd03f2423) mem 0x8000d000 0x00000001
core   0: 0x8000b300 (0xff9ff06f) j       pc - 0x8
core   0: 3 0x8000b300 (0xff9ff06f)
core   0: 0x8000b2f8 (0x00002f17) auipc   t5, 0x2
core   0: 3 0x8000b2f8 (0x00002f17) x30 0x8000d2f8
core   0: 0x8000b2fc (0xd03f2423) sw      gp, -760(t5)
core   0: 3 0x8000b2fc (0xd03f2423) mem 0x8000d000 0x00000001
core   0: 0x8000b300 (0xff9ff06f) j       pc - 0x8
core   0: 3 0x8000b300 (0xff9ff06f)
core   0: 0x8000b2f8 (0x00002f17) auipc   t5, 0x2
core   0: 3 0x8000b2f8 (0x00002f17) x30 0x8000d2f8
core   0: 0x8000b2fc (0xd03f2423) sw      gp, -760(t5)
core   0: 3 0x8000b2fc (0xd03f2423) mem 0x8000d000 0x00000001
core   0: 0x8000b300 (0xff9ff06f) j       pc - 0x8
core   0: 3 0x8000b300 (0xff9ff06f)
core   0: 0x8000b2f8 (0x00002f17) auipc   t5, 0x2
core   0: 3 0x8000b2f8 (0x00002f17) x30 0x8000d2f8
core   0: 0x8000b2fc (0xd03f2423) sw      gp, -760(t5)
core   0: 3 0x8000b2fc (0xd03f2423) mem 0x8000d000 0x00000001
core   0: 0x8000b300 (0xff9ff06f) j       pc - 0x8
core   0: 3 0x8000b300 (0xff9ff06f)
core   0: 0x8000b2f8 (0x00002f17) auipc   t5, 0x2
core   0: 3 0x8000b2f8 (0x00002f17) x30 0x8000d2f8
core   0: 0x8000b2fc (0xd03f2423) sw      gp, -760(t5)
core   0: 3 0x8000b2fc (0xd03f2423) mem 0x8000d000 0x00000001
core   0: 0x8000b300 (0xff9ff06f) j       pc - 0x8
core   0: 3 0x8000b300 (0xff9ff06f)
core   0: 0x8000b2f8 (0x00002f17) auipc   t5, 0x2
core   0: 3 0x8000b2f8 (0x00002f17) x30 0x8000d2f8
core   0: 0x8000b2fc (0xd03f2423) sw      gp, -760(t5)
core   0: 3 0x8000b2fc (0xd03f2423) mem 0x8000d000 0x00000001
core   0: 0x8000b300 (0xff9ff06f) j       pc - 0x8
core   0: 3 0x8000b300 (0xff9ff06f)
core   0: 0x8000b2f8 (0x00002f17) auipc   t5, 0x2
core   0: 3 0x8000b2f8 (0x00002f17) x30 0x8000d2f8
core   0: 0x8000b2fc (0xd03f2423) sw      gp, -760(t5)
core   0: 3 0x8000b2fc (0xd03f2423) mem 0x8000d000 0x00000001
core   0: 0x8000b300 (0xff9ff06f) j       pc - 0x8
core   0: 3 0x8000b300 (0xff9ff06f)
core   0: 0x8000b2f8 (0x00002f17) auipc   t5, 0x2
core   0: 3 0x8000b2f8 (0x00002f17) x30 0x8000d2f8
core   0: 0x8000b2fc (0xd03f2423) sw      gp, -760(t5)
core   0: 3 0x8000b2fc (0xd03f2423) mem 0x8000d000 0x00000001
core   0: 0x8000b300 (0xff9ff06f) j       pc - 0x8
core   0: 3 0x8000b300 (0xff9ff06f)
core   0: 0x8000b2f8 (0x00002f17) auipc   t5, 0x2
core   0: 3 0x8000b2f8 (0x00002f17) x30 0x8000d2f8
core   0: 0x8000b2fc (0xd03f2423) sw      gp, -760(t5)
core   0: 3 0x8000b2fc (0xd03f2423) mem 0x8000d000 0x00000001
core   0: 0x8000b300 (0xff9ff06f) j       pc - 0x8
core   0: 3 0x8000b300 (0xff9ff06f)
core   0: 0x8000b2f8 (0x00002f17) auipc   t5, 0x2
core   0: 3 0x8000b2f8 (0x00002f17) x30 0x8000d2f8
core   0: 0x8000b2fc (0xd03f2423) sw      gp, -760(t5)
core   0: 3 0x8000b2fc (0xd03f2423) mem 0x8000d000 0x00000001
core   0: 0x8000b300 (0xff9ff06f) j       pc - 0x8
core   0: 3 0x8000b300 (0xff9ff06f)
core   0: 0x8000b2f8 (0x00002f17) auipc   t5, 0x2
core   0: 3 0x8000b2f8 (0x00002f17) x30 0x8000d2f8
core   0: 0x8000b2fc (0xd03f2423) sw      gp, -760(t5)
core   0: 3 0x8000b2fc (0xd03f2423) mem 0x8000d000 0x00000001
core   0: 0x8000b300 (0xff9ff06f) j       pc - 0x8
core   0: 3 0x8000b300 (0xff9ff06f)
core   0: 0x8000b2f8 (0x00002f17) auipc   t5, 0x2
core   0: 3 0x8000b2f8 (0x00002f17) x30 0x8000d2f8
core   0: 0x8000b2fc (0xd03f2423) sw      gp, -760(t5)
core   0: 3 0x8000b2fc (0xd03f2423) mem 0x8000d000 0x00000001
core   0: 0x8000b300 (0xff9ff06f) j       pc - 0x8
core   0: 3 0x8000b300 (0xff9ff06f)
core   0: 0x8000b2f8 (0x00002f17) auipc   t5, 0x2
core   0: 3 0x8000b2f8 (0x00002f17) x30 0x8000d2f8
core   0: 0x8000b2fc (0xd03f2423) sw      gp, -760(t5)
core   0: 3 0x8000b2fc (0xd03f2423) mem 0x8000d000 0x00000001
core   0: 0x8000b300 (0xff9ff06f) j       pc - 0x8
core   0: 3 0x8000b300 (0xff9ff06f)
core   0: 0x8000b2f8 (0x00002f17) auipc   t5, 0x2
core   0: 3 0x8000b2f8 (0x00002f17) x30 0x8000d2f8
core   0: 0x8000b2fc (0xd03f2423) sw      gp, -760(t5)
core   0: 3 0x8000b2fc (0xd03f2423) mem 0x8000d000 0x00000001
core   0: 0x8000b300 (0xff9ff06f) j       pc - 0x8
core   0: 3 0x8000b300 (0xff9ff06f)
core   0: 0x8000b2f8 (0x00002f17) auipc   t5, 0x2
core   0: 3 0x8000b2f8 (0x00002f17) x30 0x8000d2f8
core   0: 0x8000b2fc (0xd03f2423) sw      gp, -760(t5)
core   0: 3 0x8000b2fc (0xd03f2423) mem 0x8000d000 0x00000001
core   0: 0x8000b300 (0xff9ff06f) j       pc - 0x8
core   0: 3 0x8000b300 (0xff9ff06f)
core   0: 0x8000b2f8 (0x00002f17) auipc   t5, 0x2
core   0: 3 0x8000b2f8 (0x00002f17) x30 0x8000d2f8
core   0: 0x8000b2fc (0xd03f2423) sw      gp, -760(t5)
core   0: 3 0x8000b2fc (0xd03f2423) mem 0x8000d000 0x00000001
core   0: 0x8000b300 (0xff9ff06f) j       pc - 0x8
core   0: 3 0x8000b300 (0xff9ff06f)
core   0: 0x8000b2f8 (0x00002f17) auipc   t5, 0x2
core   0: 3 0x8000b2f8 (0x00002f17) x30 0x8000d2f8
core   0: 0x8000b2fc (0xd03f2423) sw      gp, -760(t5)
core   0: 3 0x8000b2fc (0xd03f2423) mem 0x8000d000 0x00000001
core   0: 0x8000b300 (0xff9ff06f) j       pc - 0x8
core   0: 3 0x8000b300 (0xff9ff06f)
core   0: 0x8000b2f8 (0x00002f17) auipc   t5, 0x2
core   0: 3 0x8000b2f8 (0x00002f17) x30 0x8000d2f8
core   0: 0x8000b2fc (0xd03f2423) sw      gp, -760(t5)
core   0: 3 0x8000b2fc (0xd03f2423) mem 0x8000d000 0x00000001
core   0: 0x8000b300 (0xff9ff06f) j       pc - 0x8
core   0: 3 0x8000b300 (0xff9ff06f)
core   0: 0x8000b2f8 (0x00002f17) auipc   t5, 0x2
core   0: 3 0x8000b2f8 (0x00002f17) x30 0x8000d2f8
core   0: 0x8000b2fc (0xd03f2423) sw      gp, -760(t5)
core   0: 3 0x8000b2fc (0xd03f2423) mem 0x8000d000 0x00000001
core   0: 0x8000b300 (0xff9ff06f) j       pc - 0x8
core   0: 3 0x8000b300 (0xff9ff06f)
core   0: 0x8000b2f8 (0x00002f17) auipc   t5, 0x2
core   0: 3 0x8000b2f8 (0x00002f17) x30 0x8000d2f8
core   0: 0x8000b2fc (0xd03f2423) sw      gp, -760(t5)
core   0: 3 0x8000b2fc (0xd03f2423) mem 0x8000d000 0x00000001
core   0: 0x8000b300 (0xff9ff06f) j       pc - 0x8
core   0: 3 0x8000b300 (0xff9ff06f)
core   0: 0x8000b2f8 (0x00002f17) auipc   t5, 0x2
core   0: 3 0x8000b2f8 (0x00002f17) x30 0x8000d2f8
core   0: 0x8000b2fc (0xd03f2423) sw      gp, -760(t5)
core   0: 3 0x8000b2fc (0xd03f2423) mem 0x8000d000 0x00000001
core   0: 0x8000b300 (0xff9ff06f) j       pc - 0x8
core   0: 3 0x8000b300 (0xff9ff06f)
core   0: 0x8000b2f8 (0x00002f17) auipc   t5, 0x2
core   0: 3 0x8000b2f8 (0x00002f17) x30 0x8000d2f8
core   0: 0x8000b2fc (0xd03f2423) sw      gp, -760(t5)
core   0: 3 0x8000b2fc (0xd03f2423) mem 0x8000d000 0x00000001
core   0: 0x8000b300 (0xff9ff06f) j       pc - 0x8
core   0: 3 0x8000b300 (0xff9ff06f)
core   0: 0x8000b2f8 (0x00002f17) auipc   t5, 0x2
core   0: 3 0x8000b2f8 (0x00002f17) x30 0x8000d2f8
core   0: 0x8000b2fc (0xd03f2423) sw      gp, -760(t5)
core   0: 3 0x8000b2fc (0xd03f2423) mem 0x8000d000 0x00000001
core   0: 0x8000b300 (0xff9ff06f) j       pc - 0x8
core   0: 3 0x8000b300 (0xff9ff06f)
core   0: 0x8000b2f8 (0x00002f17) auipc   t5, 0x2
core   0: 3 0x8000b2f8 (0x00002f17) x30 0x8000d2f8
core   0: 0x8000b2fc (0xd03f2423) sw      gp, -760(t5)
core   0: 3 0x8000b2fc (0xd03f2423) mem 0x8000d000 0x00000001
core   0: 0x8000b300 (0xff9ff06f) j       pc - 0x8
core   0: 3 0x8000b300 (0xff9ff06f)
core   0: 0x8000b2f8 (0x00002f17) auipc   t5, 0x2
core   0: 3 0x8000b2f8 (0x00002f17) x30 0x8000d2f8
core   0: 0x8000b2fc (0xd03f2423) sw      gp, -760(t5)
core   0: 3 0x8000b2fc (0xd03f2423) mem 0x8000d000 0x00000001
core   0: 0x8000b300 (0xff9ff06f) j       pc - 0x8
core   0: 3 0x8000b300 (0xff9ff06f)
core   0: 0x8000b2f8 (0x00002f17) auipc   t5, 0x2
core   0: 3 0x8000b2f8 (0x00002f17) x30 0x8000d2f8
core   0: 0x8000b2fc (0xd03f2423) sw      gp, -760(t5)
core   0: 3 0x8000b2fc (0xd03f2423) mem 0x8000d000 0x00000001
core   0: 0x8000b300 (0xff9ff06f) j       pc - 0x8
core   0: 3 0x8000b300 (0xff9ff06f)
core   0: 0x8000b2f8 (0x00002f17) auipc   t5, 0x2
core   0: 3 0x8000b2f8 (0x00002f17) x30 0x8000d2f8
core   0: 0x8000b2fc (0xd03f2423) sw      gp, -760(t5)
core   0: 3 0x8000b2fc (0xd03f2423) mem 0x8000d000 0x00000001
core   0: 0x8000b300 (0xff9ff06f) j       pc - 0x8
core   0: 3 0x8000b300 (0xff9ff06f)
core   0: 0x8000b2f8 (0x00002f17) auipc   t5, 0x2
core   0: 3 0x8000b2f8 (0x00002f17) x30 0x8000d2f8
core   0: 0x8000b2fc (0xd03f2423) sw      gp, -760(t5)
core   0: 3 0x8000b2fc (0xd03f2423) mem 0x8000d000 0x00000001
core   0: 0x8000b300 (0xff9ff06f) j       pc - 0x8
core   0: 3 0x8000b300 (0xff9ff06f)
core   0: 0x8000b2f8 (0x00002f17) auipc   t5, 0x2
core   0: 3 0x8000b2f8 (0x00002f17) x30 0x8000d2f8
core   0: 0x8000b2fc (0xd03f2423) sw      gp, -760(t5)
core   0: 3 0x8000b2fc (0xd03f2423) mem 0x8000d000 0x00000001
core   0: 0x8000b300 (0xff9ff06f) j       pc - 0x8
core   0: 3 0x8000b300 (0xff9ff06f)
core   0: 0x8000b2f8 (0x00002f17) auipc   t5, 0x2
core   0: 3 0x8000b2f8 (0x00002f17) x30 0x8000d2f8
core   0: 0x8000b2fc (0xd03f2423) sw      gp, -760(t5)
core   0: 3 0x8000b2fc (0xd03f2423) mem 0x8000d000 0x00000001
core   0: 0x8000b300 (0xff9ff06f) j       pc - 0x8
core   0: 3 0x8000b300 (0xff9ff06f)
core   0: 0x8000b2f8 (0x00002f17) auipc   t5, 0x2
core   0: 3 0x8000b2f8 (0x00002f17) x30 0x8000d2f8
core   0: 0x8000b2fc (0xd03f2423) sw      gp, -760(t5)
core   0: 3 0x8000b2fc (0xd03f2423) mem 0x8000d000 0x00000001
core   0: 0x8000b300 (0xff9ff06f) j       pc - 0x8
core   0: 3 0x8000b300 (0xff9ff06f)
core   0: 0x8000b2f8 (0x00002f17) auipc   t5, 0x2
core   0: 3 0x8000b2f8 (0x00002f17) x30 0x8000d2f8
core   0: 0x8000b2fc (0xd03f2423) sw      gp, -760(t5)
core   0: 3 0x8000b2fc (0xd03f2423) mem 0x8000d000 0x00000001
core   0: 0x8000b300 (0xff9ff06f) j       pc - 0x8
core   0: 3 0x8000b300 (0xff9ff06f)
core   0: 0x8000b2f8 (0x00002f17) auipc   t5, 0x2
core   0: 3 0x8000b2f8 (0x00002f17) x30 0x8000d2f8
core   0: 0x8000b2fc (0xd03f2423) sw      gp, -760(t5)
core   0: 3 0x8000b2fc (0xd03f2423) mem 0x8000d000 0x00000001
core   0: 0x8000b300 (0xff9ff06f) j       pc - 0x8
core   0: 3 0x8000b300 (0xff9ff06f)
core   0: 0x8000b2f8 (0x00002f17) auipc   t5, 0x2
core   0: 3 0x8000b2f8 (0x00002f17) x30 0x8000d2f8
core   0: 0x8000b2fc (0xd03f2423) sw      gp, -760(t5)
core   0: 3 0x8000b2fc (0xd03f2423) mem 0x8000d000 0x00000001
core   0: 0x8000b300 (0xff9ff06f) j       pc - 0x8
core   0: 3 0x8000b300 (0xff9ff06f)
core   0: 0x8000b2f8 (0x00002f17) auipc   t5, 0x2
core   0: 3 0x8000b2f8 (0x00002f17) x30 0x8000d2f8
core   0: 0x8000b2fc (0xd03f2423) sw      gp, -760(t5)
core   0: 3 0x8000b2fc (0xd03f2423) mem 0x8000d000 0x00000001
core   0: 0x8000b300 (0xff9ff06f) j       pc - 0x8
core   0: 3 0x8000b300 (0xff9ff06f)
core   0: 0x8000b2f8 (0x00002f17) auipc   t5, 0x2
core   0: 3 0x8000b2f8 (0x00002f17) x30 0x8000d2f8
core   0: 0x8000b2fc (0xd03f2423) sw      gp, -760(t5)
core   0: 3 0x8000b2fc (0xd03f2423) mem 0x8000d000 0x00000001
core   0: 0x8000b300 (0xff9ff06f) j       pc - 0x8
core   0: 3 0x8000b300 (0xff9ff06f)
core   0: 0x8000b2f8 (0x00002f17) auipc   t5, 0x2
core   0: 3 0x8000b2f8 (0x00002f17) x30 0x8000d2f8
core   0: 0x8000b2fc (0xd03f2423) sw      gp, -760(t5)
core   0: 3 0x8000b2fc (0xd03f2423) mem 0x8000d000 0x00000001
core   0: 0x8000b300 (0xff9ff06f) j       pc - 0x8
core   0: 3 0x8000b300 (0xff9ff06f)
core   0: 0x8000b2f8 (0x00002f17) auipc   t5, 0x2
core   0: 3 0x8000b2f8 (0x00002f17) x30 0x8000d2f8
core   0: 0x8000b2fc (0xd03f2423) sw      gp, -760(t5)
core   0: 3 0x8000b2fc (0xd03f2423) mem 0x8000d000 0x00000001
core   0: 0x8000b300 (0xff9ff06f) j       pc - 0x8
core   0: 3 0x8000b300 (0xff9ff06f)
core   0: 0x8000b2f8 (0x00002f17) auipc   t5, 0x2
core   0: 3 0x8000b2f8 (0x00002f17) x30 0x8000d2f8
core   0: 0x8000b2fc (0xd03f2423) sw      gp, -760(t5)
core   0: 3 0x8000b2fc (0xd03f2423) mem 0x8000d000 0x00000001
core   0: 0x8000b300 (0xff9ff06f) j       pc - 0x8
core   0: 3 0x8000b300 (0xff9ff06f)
core   0: 0x8000b2f8 (0x00002f17) auipc   t5, 0x2
core   0: 3 0x8000b2f8 (0x00002f17) x30 0x8000d2f8
core   0: 0x8000b2fc (0xd03f2423) sw      gp, -760(t5)
core   0: 3 0x8000b2fc (0xd03f2423) mem 0x8000d000 0x00000001
core   0: 0x8000b300 (0xff9ff06f) j       pc - 0x8
core   0: 3 0x8000b300 (0xff9ff06f)
core   0: 0x8000b2f8 (0x00002f17) auipc   t5, 0x2
core   0: 3 0x8000b2f8 (0x00002f17) x30 0x8000d2f8
core   0: 0x8000b2fc (0xd03f2423) sw      gp, -760(t5)
core   0: 3 0x8000b2fc (0xd03f2423) mem 0x8000d000 0x00000001
core   0: 0x8000b300 (0xff9ff06f) j       pc - 0x8
core   0: 3 0x8000b300 (0xff9ff06f)
core   0: 0x8000b2f8 (0x00002f17) auipc   t5, 0x2
core   0: 3 0x8000b2f8 (0x00002f17) x30 0x8000d2f8
core   0: 0x8000b2fc (0xd03f2423) sw      gp, -760(t5)
core   0: 3 0x8000b2fc (0xd03f2423) mem 0x8000d000 0x00000001
core   0: 0x8000b300 (0xff9ff06f) j       pc - 0x8
core   0: 3 0x8000b300 (0xff9ff06f)
core   0: 0x8000b2f8 (0x00002f17) auipc   t5, 0x2
core   0: 3 0x8000b2f8 (0x00002f17) x30 0x8000d2f8
core   0: 0x8000b2fc (0xd03f2423) sw      gp, -760(t5)
core   0: 3 0x8000b2fc (0xd03f2423) mem 0x8000d000 0x00000001
core   0: 0x8000b300 (0xff9ff06f) j       pc - 0x8
core   0: 3 0x8000b300 (0xff9ff06f)
core   0: 0x8000b2f8 (0x00002f17) auipc   t5, 0x2
core   0: 3 0x8000b2f8 (0x00002f17) x30 0x8000d2f8
core   0: 0x8000b2fc (0xd03f2423) sw      gp, -760(t5)
core   0: 3 0x8000b2fc (0xd03f2423) mem 0x8000d000 0x00000001
core   0: 0x8000b300 (0xff9ff06f) j       pc - 0x8
core   0: 3 0x8000b300 (0xff9ff06f)
core   0: 0x8000b2f8 (0x00002f17) auipc   t5, 0x2
core   0: 3 0x8000b2f8 (0x00002f17) x30 0x8000d2f8
core   0: 0x8000b2fc (0xd03f2423) sw      gp, -760(t5)
core   0: 3 0x8000b2fc (0xd03f2423) mem 0x8000d000 0x00000001
core   0: 0x8000b300 (0xff9ff06f) j       pc - 0x8
core   0: 3 0x8000b300 (0xff9ff06f)
core   0: 0x8000b2f8 (0x00002f17) auipc   t5, 0x2
core   0: 3 0x8000b2f8 (0x00002f17) x30 0x8000d2f8
core   0: 0x8000b2fc (0xd03f2423) sw      gp, -760(t5)
core   0: 3 0x8000b2fc (0xd03f2423) mem 0x8000d000 0x00000001
core   0: 0x8000b300 (0xff9ff06f) j       pc - 0x8
core   0: 3 0x8000b300 (0xff9ff06f)
core   0: 0x8000b2f8 (0x00002f17) auipc   t5, 0x2
core   0: 3 0x8000b2f8 (0x00002f17) x30 0x8000d2f8
core   0: 0x8000b2fc (0xd03f2423) sw      gp, -760(t5)
core   0: 3 0x8000b2fc (0xd03f2423) mem 0x8000d000 0x00000001
core   0: 0x8000b300 (0xff9ff06f) j       pc - 0x8
core   0: 3 0x8000b300 (0xff9ff06f)
core   0: 0x8000b2f8 (0x00002f17) auipc   t5, 0x2
core   0: 3 0x8000b2f8 (0x00002f17) x30 0x8000d2f8
core   0: 0x8000b2fc (0xd03f2423) sw      gp, -760(t5)
core   0: 3 0x8000b2fc (0xd03f2423) mem 0x8000d000 0x00000001
core   0: 0x8000b300 (0xff9ff06f) j       pc - 0x8
core   0: 3 0x8000b300 (0xff9ff06f)
core   0: 0x8000b2f8 (0x00002f17) auipc   t5, 0x2
core   0: 3 0x8000b2f8 (0x00002f17) x30 0x8000d2f8
core   0: 0x8000b2fc (0xd03f2423) sw      gp, -760(t5)
core   0: 3 0x8000b2fc (0xd03f2423) mem 0x8000d000 0x00000001
core   0: 0x8000b300 (0xff9ff06f) j       pc - 0x8
core   0: 3 0x8000b300 (0xff9ff06f)
core   0: 0x8000b2f8 (0x00002f17) auipc   t5, 0x2
core   0: 3 0x8000b2f8 (0x00002f17) x30 0x8000d2f8
core   0: 0x8000b2fc (0xd03f2423) sw      gp, -760(t5)
core   0: 3 0x8000b2fc (0xd03f2423) mem 0x8000d000 0x00000001
core   0: 0x8000b300 (0xff9ff06f) j       pc - 0x8
core   0: 3 0x8000b300 (0xff9ff06f)
core   0: 0x8000b2f8 (0x00002f17) auipc   t5, 0x2
core   0: 3 0x8000b2f8 (0x00002f17) x30 0x8000d2f8
core   0: 0x8000b2fc (0xd03f2423) sw      gp, -760(t5)
core   0: 3 0x8000b2fc (0xd03f2423) mem 0x8000d000 0x00000001
core   0: 0x8000b300 (0xff9ff06f) j       pc - 0x8
core   0: 3 0x8000b300 (0xff9ff06f)
core   0: 0x8000b2f8 (0x00002f17) auipc   t5, 0x2
core   0: 3 0x8000b2f8 (0x00002f17) x30 0x8000d2f8
core   0: 0x8000b2fc (0xd03f2423) sw      gp, -760(t5)
core   0: 3 0x8000b2fc (0xd03f2423) mem 0x8000d000 0x00000001
core   0: 0x8000b300 (0xff9ff06f) j       pc - 0x8
core   0: 3 0x8000b300 (0xff9ff06f)
core   0: 0x8000b2f8 (0x00002f17) auipc   t5, 0x2
core   0: 3 0x8000b2f8 (0x00002f17) x30 0x8000d2f8
core   0: 0x8000b2fc (0xd03f2423) sw      gp, -760(t5)
core   0: 3 0x8000b2fc (0xd03f2423) mem 0x8000d000 0x00000001
core   0: 0x8000b300 (0xff9ff06f) j       pc - 0x8
core   0: 3 0x8000b300 (0xff9ff06f)
core   0: 0x8000b2f8 (0x00002f17) auipc   t5, 0x2
core   0: 3 0x8000b2f8 (0x00002f17) x30 0x8000d2f8
core   0: 0x8000b2fc (0xd03f2423) sw      gp, -760(t5)
core   0: 3 0x8000b2fc (0xd03f2423) mem 0x8000d000 0x00000001
core   0: 0x8000b300 (0xff9ff06f) j       pc - 0x8
core   0: 3 0x8000b300 (0xff9ff06f)
core   0: 0x8000b2f8 (0x00002f17) auipc   t5, 0x2
core   0: 3 0x8000b2f8 (0x00002f17) x30 0x8000d2f8
core   0: 0x8000b2fc (0xd03f2423) sw      gp, -760(t5)
core   0: 3 0x8000b2fc (0xd03f2423) mem 0x8000d000 0x00000001
core   0: 0x8000b300 (0xff9ff06f) j       pc - 0x8
core   0: 3 0x8000b300 (0xff9ff06f)
core   0: 0x8000b2f8 (0x00002f17) auipc   t5, 0x2
core   0: 3 0x8000b2f8 (0x00002f17) x30 0x8000d2f8
core   0: 0x8000b2fc (0xd03f2423) sw      gp, -760(t5)
core   0: 3 0x8000b2fc (0xd03f2423) mem 0x8000d000 0x00000001
core   0: 0x8000b300 (0xff9ff06f) j       pc - 0x8
core   0: 3 0x8000b300 (0xff9ff06f)
core   0: 0x8000b2f8 (0x00002f17) auipc   t5, 0x2
core   0: 3 0x8000b2f8 (0x00002f17) x30 0x8000d2f8
core   0: 0x8000b2fc (0xd03f2423) sw      gp, -760(t5)
core   0: 3 0x8000b2fc (0xd03f2423) mem 0x8000d000 0x00000001
core   0: 0x8000b300 (0xff9ff06f) j       pc - 0x8
core   0: 3 0x8000b300 (0xff9ff06f)
core   0: 0x8000b2f8 (0x00002f17) auipc   t5, 0x2
core   0: 3 0x8000b2f8 (0x00002f17) x30 0x8000d2f8
core   0: 0x8000b2fc (0xd03f2423) sw      gp, -760(t5)
core   0: 3 0x8000b2fc (0xd03f2423) mem 0x8000d000 0x00000001
core   0: 0x8000b300 (0xff9ff06f) j       pc - 0x8
core   0: 3 0x8000b300 (0xff9ff06f)
core   0: 0x8000b2f8 (0x00002f17) auipc   t5, 0x2
core   0: 3 0x8000b2f8 (0x00002f17) x30 0x8000d2f8
core   0: 0x8000b2fc (0xd03f2423) sw      gp, -760(t5)
core   0: 3 0x8000b2fc (0xd03f2423) mem 0x8000d000 0x00000001
core   0: 0x8000b300 (0xff9ff06f) j       pc - 0x8
core   0: 3 0x8000b300 (0xff9ff06f)
core   0: 0x8000b2f8 (0x00002f17) auipc   t5, 0x2
core   0: 3 0x8000b2f8 (0x00002f17) x30 0x8000d2f8
core   0: 0x8000b2fc (0xd03f2423) sw      gp, -760(t5)
core   0: 3 0x8000b2fc (0xd03f2423) mem 0x8000d000 0x00000001
core   0: 0x8000b300 (0xff9ff06f) j       pc - 0x8
core   0: 3 0x8000b300 (0xff9ff06f)
core   0: 0x8000b2f8 (0x00002f17) auipc   t5, 0x2
core   0: 3 0x8000b2f8 (0x00002f17) x30 0x8000d2f8
core   0: 0x8000b2fc (0xd03f2423) sw      gp, -760(t5)
core   0: 3 0x8000b2fc (0xd03f2423) mem 0x8000d000 0x00000001
core   0: 0x8000b300 (0xff9ff06f) j       pc - 0x8
core   0: 3 0x8000b300 (0xff9ff06f)
core   0: 0x8000b2f8 (0x00002f17) auipc   t5, 0x2
core   0: 3 0x8000b2f8 (0x00002f17) x30 0x8000d2f8
core   0: 0x8000b2fc (0xd03f2423) sw      gp, -760(t5)
core   0: 3 0x8000b2fc (0xd03f2423) mem 0x8000d000 0x00000001
core   0: 0x8000b300 (0xff9ff06f) j       pc - 0x8
core   0: 3 0x8000b300 (0xff9ff06f)
core   0: 0x8000b2f8 (0x00002f17) auipc   t5, 0x2
core   0: 3 0x8000b2f8 (0x00002f17) x30 0x8000d2f8
core   0: 0x8000b2fc (0xd03f2423) sw      gp, -760(t5)
core   0: 3 0x8000b2fc (0xd03f2423) mem 0x8000d000 0x00000001
core   0: 0x8000b300 (0xff9ff06f) j       pc - 0x8
core   0: 3 0x8000b300 (0xff9ff06f)
core   0: 0x8000b2f8 (0x00002f17) auipc   t5, 0x2
core   0: 3 0x8000b2f8 (0x00002f17) x30 0x8000d2f8
core   0: 0x8000b2fc (0xd03f2423) sw      gp, -760(t5)
core   0: 3 0x8000b2fc (0xd03f2423) mem 0x8000d000 0x00000001
core   0: 0x8000b300 (0xff9ff06f) j       pc - 0x8
core   0: 3 0x8000b300 (0xff9ff06f)
core   0: 0x8000b2f8 (0x00002f17) auipc   t5, 0x2
core   0: 3 0x8000b2f8 (0x00002f17) x30 0x8000d2f8
core   0: 0x8000b2fc (0xd03f2423) sw      gp, -760(t5)
core   0: 3 0x8000b2fc (0xd03f2423) mem 0x8000d000 0x00000001
core   0: 0x8000b300 (0xff9ff06f) j       pc - 0x8
core   0: 3 0x8000b300 (0xff9ff06f)
core   0: 0x8000b2f8 (0x00002f17) auipc   t5, 0x2
core   0: 3 0x8000b2f8 (0x00002f17) x30 0x8000d2f8
core   0: 0x8000b2fc (0xd03f2423) sw      gp, -760(t5)
core   0: 3 0x8000b2fc (0xd03f2423) mem 0x8000d000 0x00000001
core   0: 0x8000b300 (0xff9ff06f) j       pc - 0x8
core   0: 3 0x8000b300 (0xff9ff06f)
core   0: 0x8000b2f8 (0x00002f17) auipc   t5, 0x2
core   0: 3 0x8000b2f8 (0x00002f17) x30 0x8000d2f8
core   0: 0x8000b2fc (0xd03f2423) sw      gp, -760(t5)
core   0: 3 0x8000b2fc (0xd03f2423) mem 0x8000d000 0x00000001
core   0: 0x8000b300 (0xff9ff06f) j       pc - 0x8
core   0: 3 0x8000b300 (0xff9ff06f)
core   0: 0x8000b2f8 (0x00002f17) auipc   t5, 0x2
core   0: 3 0x8000b2f8 (0x00002f17) x30 0x8000d2f8
core   0: 0x8000b2fc (0xd03f2423) sw      gp, -760(t5)
core   0: 3 0x8000b2fc (0xd03f2423) mem 0x8000d000 0x00000001
core   0: 0x8000b300 (0xff9ff06f) j       pc - 0x8
core   0: 3 0x8000b300 (0xff9ff06f)
core   0: 0x8000b2f8 (0x00002f17) auipc   t5, 0x2
core   0: 3 0x8000b2f8 (0x00002f17) x30 0x8000d2f8
core   0: 0x8000b2fc (0xd03f2423) sw      gp, -760(t5)
core   0: 3 0x8000b2fc (0xd03f2423) mem 0x8000d000 0x00000001
core   0: 0x8000b300 (0xff9ff06f) j       pc - 0x8
core   0: 3 0x8000b300 (0xff9ff06f)
core   0: 0x8000b2f8 (0x00002f17) auipc   t5, 0x2
core   0: 3 0x8000b2f8 (0x00002f17) x30 0x8000d2f8
core   0: 0x8000b2fc (0xd03f2423) sw      gp, -760(t5)
core   0: 3 0x8000b2fc (0xd03f2423) mem 0x8000d000 0x00000001
core   0: 0x8000b300 (0xff9ff06f) j       pc - 0x8
core   0: 3 0x8000b300 (0xff9ff06f)
core   0: 0x8000b2f8 (0x00002f17) auipc   t5, 0x2
core   0: 3 0x8000b2f8 (0x00002f17) x30 0x8000d2f8
core   0: 0x8000b2fc (0xd03f2423) sw      gp, -760(t5)
core   0: 3 0x8000b2fc (0xd03f2423) mem 0x8000d000 0x00000001
core   0: 0x8000b300 (0xff9ff06f) j       pc - 0x8
core   0: 3 0x8000b300 (0xff9ff06f)
core   0: 0x8000b2f8 (0x00002f17) auipc   t5, 0x2
core   0: 3 0x8000b2f8 (0x00002f17) x30 0x8000d2f8
core   0: 0x8000b2fc (0xd03f2423) sw      gp, -760(t5)
core   0: 3 0x8000b2fc (0xd03f2423) mem 0x8000d000 0x00000001
core   0: 0x8000b300 (0xff9ff06f) j       pc - 0x8
core   0: 3 0x8000b300 (0xff9ff06f)
core   0: 0x8000b2f8 (0x00002f17) auipc   t5, 0x2
core   0: 3 0x8000b2f8 (0x00002f17) x30 0x8000d2f8
core   0: 0x8000b2fc (0xd03f2423) sw      gp, -760(t5)
core   0: 3 0x8000b2fc (0xd03f2423) mem 0x8000d000 0x00000001
core   0: 0x8000b300 (0xff9ff06f) j       pc - 0x8
core   0: 3 0x8000b300 (0xff9ff06f)
core   0: 0x8000b2f8 (0x00002f17) auipc   t5, 0x2
core   0: 3 0x8000b2f8 (0x00002f17) x30 0x8000d2f8
core   0: 0x8000b2fc (0xd03f2423) sw      gp, -760(t5)
core   0: 3 0x8000b2fc (0xd03f2423) mem 0x8000d000 0x00000001
core   0: 0x8000b300 (0xff9ff06f) j       pc - 0x8
core   0: 3 0x8000b300 (0xff9ff06f)
core   0: 0x8000b2f8 (0x00002f17) auipc   t5, 0x2
core   0: 3 0x8000b2f8 (0x00002f17) x30 0x8000d2f8
core   0: 0x8000b2fc (0xd03f2423) sw      gp, -760(t5)
core   0: 3 0x8000b2fc (0xd03f2423) mem 0x8000d000 0x00000001
core   0: 0x8000b300 (0xff9ff06f) j       pc - 0x8
core   0: 3 0x8000b300 (0xff9ff06f)
core   0: 0x8000b2f8 (0x00002f17) auipc   t5, 0x2
core   0: 3 0x8000b2f8 (0x00002f17) x30 0x8000d2f8
core   0: 0x8000b2fc (0xd03f2423) sw      gp, -760(t5)
core   0: 3 0x8000b2fc (0xd03f2423) mem 0x8000d000 0x00000001
core   0: 0x8000b300 (0xff9ff06f) j       pc - 0x8
core   0: 3 0x8000b300 (0xff9ff06f)
core   0: 0x8000b2f8 (0x00002f17) auipc   t5, 0x2
core   0: 3 0x8000b2f8 (0x00002f17) x30 0x8000d2f8
core   0: 0x8000b2fc (0xd03f2423) sw      gp, -760(t5)
core   0: 3 0x8000b2fc (0xd03f2423) mem 0x8000d000 0x00000001
core   0: 0x8000b300 (0xff9ff06f) j       pc - 0x8
core   0: 3 0x8000b300 (0xff9ff06f)
core   0: 0x8000b2f8 (0x00002f17) auipc   t5, 0x2
core   0: 3 0x8000b2f8 (0x00002f17) x30 0x8000d2f8
core   0: 0x8000b2fc (0xd03f2423) sw      gp, -760(t5)
core   0: 3 0x8000b2fc (0xd03f2423) mem 0x8000d000 0x00000001
core   0: 0x8000b300 (0xff9ff06f) j       pc - 0x8
core   0: 3 0x8000b300 (0xff9ff06f)
core   0: 0x8000b2f8 (0x00002f17) auipc   t5, 0x2
core   0: 3 0x8000b2f8 (0x00002f17) x30 0x8000d2f8
core   0: 0x8000b2fc (0xd03f2423) sw      gp, -760(t5)
core   0: 3 0x8000b2fc (0xd03f2423) mem 0x8000d000 0x00000001
core   0: 0x8000b300 (0xff9ff06f) j       pc - 0x8
core   0: 3 0x8000b300 (0xff9ff06f)
core   0: 0x8000b2f8 (0x00002f17) auipc   t5, 0x2
core   0: 3 0x8000b2f8 (0x00002f17) x30 0x8000d2f8
core   0: 0x8000b2fc (0xd03f2423) sw      gp, -760(t5)
core   0: 3 0x8000b2fc (0xd03f2423) mem 0x8000d000 0x00000001
core   0: 0x8000b300 (0xff9ff06f) j       pc - 0x8
core   0: 3 0x8000b300 (0xff9ff06f)
core   0: 0x8000b2f8 (0x00002f17) auipc   t5, 0x2
core   0: 3 0x8000b2f8 (0x00002f17) x30 0x8000d2f8
core   0: 0x8000b2fc (0xd03f2423) sw      gp, -760(t5)
core   0: 3 0x8000b2fc (0xd03f2423) mem 0x8000d000 0x00000001
core   0: 0x8000b300 (0xff9ff06f) j       pc - 0x8
core   0: 3 0x8000b300 (0xff9ff06f)
core   0: 0x8000b2f8 (0x00002f17) auipc   t5, 0x2
core   0: 3 0x8000b2f8 (0x00002f17) x30 0x8000d2f8
core   0: 0x8000b2fc (0xd03f2423) sw      gp, -760(t5)
core   0: 3 0x8000b2fc (0xd03f2423) mem 0x8000d000 0x00000001
core   0: 0x8000b300 (0xff9ff06f) j       pc - 0x8
core   0: 3 0x8000b300 (0xff9ff06f)
core   0: 0x8000b2f8 (0x00002f17) auipc   t5, 0x2
core   0: 3 0x8000b2f8 (0x00002f17) x30 0x8000d2f8
core   0: 0x8000b2fc (0xd03f2423) sw      gp, -760(t5)
core   0: 3 0x8000b2fc (0xd03f2423) mem 0x8000d000 0x00000001
core   0: 0x8000b300 (0xff9ff06f) j       pc - 0x8
core   0: 3 0x8000b300 (0xff9ff06f)
core   0: 0x8000b2f8 (0x00002f17) auipc   t5, 0x2
core   0: 3 0x8000b2f8 (0x00002f17) x30 0x8000d2f8
core   0: 0x8000b2fc (0xd03f2423) sw      gp, -760(t5)
core   0: 3 0x8000b2fc (0xd03f2423) mem 0x8000d000 0x00000001
core   0: 0x8000b300 (0xff9ff06f) j       pc - 0x8
core   0: 3 0x8000b300 (0xff9ff06f)
core   0: 0x8000b2f8 (0x00002f17) auipc   t5, 0x2
core   0: 3 0x8000b2f8 (0x00002f17) x30 0x8000d2f8
core   0: 0x8000b2fc (0xd03f2423) sw      gp, -760(t5)
core   0: 3 0x8000b2fc (0xd03f2423) mem 0x8000d000 0x00000001
core   0: 0x8000b300 (0xff9ff06f) j       pc - 0x8
core   0: 3 0x8000b300 (0xff9ff06f)
core   0: 0x8000b2f8 (0x00002f17) auipc   t5, 0x2
core   0: 3 0x8000b2f8 (0x00002f17) x30 0x8000d2f8
core   0: 0x8000b2fc (0xd03f2423) sw      gp, -760(t5)
core   0: 3 0x8000b2fc (0xd03f2423) mem 0x8000d000 0x00000001
core   0: 0x8000b300 (0xff9ff06f) j       pc - 0x8
core   0: 3 0x8000b300 (0xff9ff06f)
core   0: 0x8000b2f8 (0x00002f17) auipc   t5, 0x2
core   0: 3 0x8000b2f8 (0x00002f17) x30 0x8000d2f8
core   0: 0x8000b2fc (0xd03f2423) sw      gp, -760(t5)
core   0: 3 0x8000b2fc (0xd03f2423) mem 0x8000d000 0x00000001
core   0: 0x8000b300 (0xff9ff06f) j       pc - 0x8
core   0: 3 0x8000b300 (0xff9ff06f)
core   0: 0x8000b2f8 (0x00002f17) auipc   t5, 0x2
core   0: 3 0x8000b2f8 (0x00002f17) x30 0x8000d2f8
core   0: 0x8000b2fc (0xd03f2423) sw      gp, -760(t5)
core   0: 3 0x8000b2fc (0xd03f2423) mem 0x8000d000 0x00000001
core   0: 0x8000b300 (0xff9ff06f) j       pc - 0x8
core   0: 3 0x8000b300 (0xff9ff06f)
core   0: 0x8000b2f8 (0x00002f17) auipc   t5, 0x2
core   0: 3 0x8000b2f8 (0x00002f17) x30 0x8000d2f8
core   0: 0x8000b2fc (0xd03f2423) sw      gp, -760(t5)
core   0: 3 0x8000b2fc (0xd03f2423) mem 0x8000d000 0x00000001
core   0: 0x8000b300 (0xff9ff06f) j       pc - 0x8
core   0: 3 0x8000b300 (0xff9ff06f)
core   0: 0x8000b2f8 (0x00002f17) auipc   t5, 0x2
core   0: 3 0x8000b2f8 (0x00002f17) x30 0x8000d2f8
core   0: 0x8000b2fc (0xd03f2423) sw      gp, -760(t5)
core   0: 3 0x8000b2fc (0xd03f2423) mem 0x8000d000 0x00000001
core   0: 0x8000b300 (0xff9ff06f) j       pc - 0x8
core   0: 3 0x8000b300 (0xff9ff06f)
core   0: 0x8000b2f8 (0x00002f17) auipc   t5, 0x2
core   0: 3 0x8000b2f8 (0x00002f17) x30 0x8000d2f8
core   0: 0x8000b2fc (0xd03f2423) sw      gp, -760(t5)
core   0: 3 0x8000b2fc (0xd03f2423) mem 0x8000d000 0x00000001
core   0: 0x8000b300 (0xff9ff06f) j       pc - 0x8
core   0: 3 0x8000b300 (0xff9ff06f)
core   0: 0x8000b2f8 (0x00002f17) auipc   t5, 0x2
core   0: 3 0x8000b2f8 (0x00002f17) x30 0x8000d2f8
core   0: 0x8000b2fc (0xd03f2423) sw      gp, -760(t5)
core   0: 3 0x8000b2fc (0xd03f2423) mem 0x8000d000 0x00000001
core   0: 0x8000b300 (0xff9ff06f) j       pc - 0x8
core   0: 3 0x8000b300 (0xff9ff06f)
core   0: 0x8000b2f8 (0x00002f17) auipc   t5, 0x2
core   0: 3 0x8000b2f8 (0x00002f17) x30 0x8000d2f8
core   0: 0x8000b2fc (0xd03f2423) sw      gp, -760(t5)
core   0: 3 0x8000b2fc (0xd03f2423) mem 0x8000d000 0x00000001
core   0: 0x8000b300 (0xff9ff06f) j       pc - 0x8
core   0: 3 0x8000b300 (0xff9ff06f)
core   0: 0x8000b2f8 (0x00002f17) auipc   t5, 0x2
core   0: 3 0x8000b2f8 (0x00002f17) x30 0x8000d2f8
core   0: 0x8000b2fc (0xd03f2423) sw      gp, -760(t5)
core   0: 3 0x8000b2fc (0xd03f2423) mem 0x8000d000 0x00000001
core   0: 0x8000b300 (0xff9ff06f) j       pc - 0x8
core   0: 3 0x8000b300 (0xff9ff06f)
core   0: 0x8000b2f8 (0x00002f17) auipc   t5, 0x2
core   0: 3 0x8000b2f8 (0x00002f17) x30 0x8000d2f8
core   0: 0x8000b2fc (0xd03f2423) sw      gp, -760(t5)
core   0: 3 0x8000b2fc (0xd03f2423) mem 0x8000d000 0x00000001
core   0: 0x8000b300 (0xff9ff06f) j       pc - 0x8
core   0: 3 0x8000b300 (0xff9ff06f)
core   0: 0x8000b2f8 (0x00002f17) auipc   t5, 0x2
core   0: 3 0x8000b2f8 (0x00002f17) x30 0x8000d2f8
core   0: 0x8000b2fc (0xd03f2423) sw      gp, -760(t5)
core   0: 3 0x8000b2fc (0xd03f2423) mem 0x8000d000 0x00000001
core   0: 0x8000b300 (0xff9ff06f) j       pc - 0x8
core   0: 3 0x8000b300 (0xff9ff06f)
core   0: 0x8000b2f8 (0x00002f17) auipc   t5, 0x2
core   0: 3 0x8000b2f8 (0x00002f17) x30 0x8000d2f8
core   0: 0x8000b2fc (0xd03f2423) sw      gp, -760(t5)
core   0: 3 0x8000b2fc (0xd03f2423) mem 0x8000d000 0x00000001
core   0: 0x8000b300 (0xff9ff06f) j       pc - 0x8
core   0: 3 0x8000b300 (0xff9ff06f)
core   0: 0x8000b2f8 (0x00002f17) auipc   t5, 0x2
core   0: 3 0x8000b2f8 (0x00002f17) x30 0x8000d2f8
core   0: 0x8000b2fc (0xd03f2423) sw      gp, -760(t5)
core   0: 3 0x8000b2fc (0xd03f2423) mem 0x8000d000 0x00000001
core   0: 0x8000b300 (0xff9ff06f) j       pc - 0x8
core   0: 3 0x8000b300 (0xff9ff06f)
core   0: 0x8000b2f8 (0x00002f17) auipc   t5, 0x2
core   0: 3 0x8000b2f8 (0x00002f17) x30 0x8000d2f8
core   0: 0x8000b2fc (0xd03f2423) sw      gp, -760(t5)
core   0: 3 0x8000b2fc (0xd03f2423) mem 0x8000d000 0x00000001
core   0: 0x8000b300 (0xff9ff06f) j       pc - 0x8
core   0: 3 0x8000b300 (0xff9ff06f)
core   0: 0x8000b2f8 (0x00002f17) auipc   t5, 0x2
core   0: 3 0x8000b2f8 (0x00002f17) x30 0x8000d2f8
core   0: 0x8000b2fc (0xd03f2423) sw      gp, -760(t5)
core   0: 3 0x8000b2fc (0xd03f2423) mem 0x8000d000 0x00000001
core   0: 0x8000b300 (0xff9ff06f) j       pc - 0x8
core   0: 3 0x8000b300 (0xff9ff06f)
core   0: 0x8000b2f8 (0x00002f17) auipc   t5, 0x2
core   0: 3 0x8000b2f8 (0x00002f17) x30 0x8000d2f8
core   0: 0x8000b2fc (0xd03f2423) sw      gp, -760(t5)
core   0: 3 0x8000b2fc (0xd03f2423) mem 0x8000d000 0x00000001
core   0: 0x8000b300 (0xff9ff06f) j       pc - 0x8
core   0: 3 0x8000b300 (0xff9ff06f)
core   0: 0x8000b2f8 (0x00002f17) auipc   t5, 0x2
core   0: 3 0x8000b2f8 (0x00002f17) x30 0x8000d2f8
core   0: 0x8000b2fc (0xd03f2423) sw      gp, -760(t5)
core   0: 3 0x8000b2fc (0xd03f2423) mem 0x8000d000 0x00000001
core   0: 0x8000b300 (0xff9ff06f) j       pc - 0x8
core   0: 3 0x8000b300 (0xff9ff06f)
core   0: 0x8000b2f8 (0x00002f17) auipc   t5, 0x2
core   0: 3 0x8000b2f8 (0x00002f17) x30 0x8000d2f8
core   0: 0x8000b2fc (0xd03f2423) sw      gp, -760(t5)
core   0: 3 0x8000b2fc (0xd03f2423) mem 0x8000d000 0x00000001
core   0: 0x8000b300 (0xff9ff06f) j       pc - 0x8
core   0: 3 0x8000b300 (0xff9ff06f)
core   0: 0x8000b2f8 (0x00002f17) auipc   t5, 0x2
core   0: 3 0x8000b2f8 (0x00002f17) x30 0x8000d2f8
core   0: 0x8000b2fc (0xd03f2423) sw      gp, -760(t5)
core   0: 3 0x8000b2fc (0xd03f2423) mem 0x8000d000 0x00000001
core   0: 0x8000b300 (0xff9ff06f) j       pc - 0x8
core   0: 3 0x8000b300 (0xff9ff06f)
core   0: 0x8000b2f8 (0x00002f17) auipc   t5, 0x2
core   0: 3 0x8000b2f8 (0x00002f17) x30 0x8000d2f8
core   0: 0x8000b2fc (0xd03f2423) sw      gp, -760(t5)
core   0: 3 0x8000b2fc (0xd03f2423) mem 0x8000d000 0x00000001
core   0: 0x8000b300 (0xff9ff06f) j       pc - 0x8
core   0: 3 0x8000b300 (0xff9ff06f)
core   0: 0x8000b2f8 (0x00002f17) auipc   t5, 0x2
core   0: 3 0x8000b2f8 (0x00002f17) x30 0x8000d2f8
core   0: 0x8000b2fc (0xd03f2423) sw      gp, -760(t5)
core   0: 3 0x8000b2fc (0xd03f2423) mem 0x8000d000 0x00000001
core   0: 0x8000b300 (0xff9ff06f) j       pc - 0x8
core   0: 3 0x8000b300 (0xff9ff06f)
core   0: 0x8000b2f8 (0x00002f17) auipc   t5, 0x2
core   0: 3 0x8000b2f8 (0x00002f17) x30 0x8000d2f8
core   0: 0x8000b2fc (0xd03f2423) sw      gp, -760(t5)
core   0: 3 0x8000b2fc (0xd03f2423) mem 0x8000d000 0x00000001
core   0: 0x8000b300 (0xff9ff06f) j       pc - 0x8
core   0: 3 0x8000b300 (0xff9ff06f)
core   0: 0x8000b2f8 (0x00002f17) auipc   t5, 0x2
core   0: 3 0x8000b2f8 (0x00002f17) x30 0x8000d2f8
core   0: 0x8000b2fc (0xd03f2423) sw      gp, -760(t5)
core   0: 3 0x8000b2fc (0xd03f2423) mem 0x8000d000 0x00000001
core   0: 0x8000b300 (0xff9ff06f) j       pc - 0x8
core   0: 3 0x8000b300 (0xff9ff06f)
core   0: 0x8000b2f8 (0x00002f17) auipc   t5, 0x2
core   0: 3 0x8000b2f8 (0x00002f17) x30 0x8000d2f8
core   0: 0x8000b2fc (0xd03f2423) sw      gp, -760(t5)
core   0: 3 0x8000b2fc (0xd03f2423) mem 0x8000d000 0x00000001
core   0: 0x8000b300 (0xff9ff06f) j       pc - 0x8
core   0: 3 0x8000b300 (0xff9ff06f)
core   0: 0x8000b2f8 (0x00002f17) auipc   t5, 0x2
core   0: 3 0x8000b2f8 (0x00002f17) x30 0x8000d2f8
core   0: 0x8000b2fc (0xd03f2423) sw      gp, -760(t5)
core   0: 3 0x8000b2fc (0xd03f2423) mem 0x8000d000 0x00000001
core   0: 0x8000b300 (0xff9ff06f) j       pc - 0x8
core   0: 3 0x8000b300 (0xff9ff06f)
core   0: 0x8000b2f8 (0x00002f17) auipc   t5, 0x2
core   0: 3 0x8000b2f8 (0x00002f17) x30 0x8000d2f8
core   0: 0x8000b2fc (0xd03f2423) sw      gp, -760(t5)
core   0: 3 0x8000b2fc (0xd03f2423) mem 0x8000d000 0x00000001
core   0: 0x8000b300 (0xff9ff06f) j       pc - 0x8
core   0: 3 0x8000b300 (0xff9ff06f)
core   0: 0x8000b2f8 (0x00002f17) auipc   t5, 0x2
core   0: 3 0x8000b2f8 (0x00002f17) x30 0x8000d2f8
core   0: 0x8000b2fc (0xd03f2423) sw      gp, -760(t5)
core   0: 3 0x8000b2fc (0xd03f2423) mem 0x8000d000 0x00000001
core   0: 0x8000b300 (0xff9ff06f) j       pc - 0x8
core   0: 3 0x8000b300 (0xff9ff06f)
core   0: 0x8000b2f8 (0x00002f17) auipc   t5, 0x2
core   0: 3 0x8000b2f8 (0x00002f17) x30 0x8000d2f8
core   0: 0x8000b2fc (0xd03f2423) sw      gp, -760(t5)
core   0: 3 0x8000b2fc (0xd03f2423) mem 0x8000d000 0x00000001
core   0: 0x8000b300 (0xff9ff06f) j       pc - 0x8
core   0: 3 0x8000b300 (0xff9ff06f)
core   0: 0x8000b2f8 (0x00002f17) auipc   t5, 0x2
core   0: 3 0x8000b2f8 (0x00002f17) x30 0x8000d2f8
core   0: 0x8000b2fc (0xd03f2423) sw      gp, -760(t5)
core   0: 3 0x8000b2fc (0xd03f2423) mem 0x8000d000 0x00000001
core   0: 0x8000b300 (0xff9ff06f) j       pc - 0x8
core   0: 3 0x8000b300 (0xff9ff06f)
core   0: 0x8000b2f8 (0x00002f17) auipc   t5, 0x2
core   0: 3 0x8000b2f8 (0x00002f17) x30 0x8000d2f8
core   0: 0x8000b2fc (0xd03f2423) sw      gp, -760(t5)
core   0: 3 0x8000b2fc (0xd03f2423) mem 0x8000d000 0x00000001
core   0: 0x8000b300 (0xff9ff06f) j       pc - 0x8
core   0: 3 0x8000b300 (0xff9ff06f)
core   0: 0x8000b2f8 (0x00002f17) auipc   t5, 0x2
core   0: 3 0x8000b2f8 (0x00002f17) x30 0x8000d2f8
core   0: 0x8000b2fc (0xd03f2423) sw      gp, -760(t5)
core   0: 3 0x8000b2fc (0xd03f2423) mem 0x8000d000 0x00000001
core   0: 0x8000b300 (0xff9ff06f) j       pc - 0x8
core   0: 3 0x8000b300 (0xff9ff06f)
core   0: 0x8000b2f8 (0x00002f17) auipc   t5, 0x2
core   0: 3 0x8000b2f8 (0x00002f17) x30 0x8000d2f8
core   0: 0x8000b2fc (0xd03f2423) sw      gp, -760(t5)
core   0: 3 0x8000b2fc (0xd03f2423) mem 0x8000d000 0x00000001
core   0: 0x8000b300 (0xff9ff06f) j       pc - 0x8
core   0: 3 0x8000b300 (0xff9ff06f)
core   0: 0x8000b2f8 (0x00002f17) auipc   t5, 0x2
core   0: 3 0x8000b2f8 (0x00002f17) x30 0x8000d2f8
core   0: 0x8000b2fc (0xd03f2423) sw      gp, -760(t5)
core   0: 3 0x8000b2fc (0xd03f2423) mem 0x8000d000 0x00000001
core   0: 0x8000b300 (0xff9ff06f) j       pc - 0x8
core   0: 3 0x8000b300 (0xff9ff06f)
core   0: 0x8000b2f8 (0x00002f17) auipc   t5, 0x2
core   0: 3 0x8000b2f8 (0x00002f17) x30 0x8000d2f8
core   0: 0x8000b2fc (0xd03f2423) sw      gp, -760(t5)
core   0: 3 0x8000b2fc (0xd03f2423) mem 0x8000d000 0x00000001
core   0: 0x8000b300 (0xff9ff06f) j       pc - 0x8
core   0: 3 0x8000b300 (0xff9ff06f)
core   0: 0x8000b2f8 (0x00002f17) auipc   t5, 0x2
core   0: 3 0x8000b2f8 (0x00002f17) x30 0x8000d2f8
core   0: 0x8000b2fc (0xd03f2423) sw      gp, -760(t5)
core   0: 3 0x8000b2fc (0xd03f2423) mem 0x8000d000 0x00000001
core   0: 0x8000b300 (0xff9ff06f) j       pc - 0x8
core   0: 3 0x8000b300 (0xff9ff06f)
core   0: 0x8000b2f8 (0x00002f17) auipc   t5, 0x2
core   0: 3 0x8000b2f8 (0x00002f17) x30 0x8000d2f8
core   0: 0x8000b2fc (0xd03f2423) sw      gp, -760(t5)
core   0: 3 0x8000b2fc (0xd03f2423) mem 0x8000d000 0x00000001
core   0: 0x8000b300 (0xff9ff06f) j       pc - 0x8
core   0: 3 0x8000b300 (0xff9ff06f)
core   0: 0x8000b2f8 (0x00002f17) auipc   t5, 0x2
core   0: 3 0x8000b2f8 (0x00002f17) x30 0x8000d2f8
core   0: 0x8000b2fc (0xd03f2423) sw      gp, -760(t5)
core   0: 3 0x8000b2fc (0xd03f2423) mem 0x8000d000 0x00000001
core   0: 0x8000b300 (0xff9ff06f) j       pc - 0x8
core   0: 3 0x8000b300 (0xff9ff06f)
core   0: 0x8000b2f8 (0x00002f17) auipc   t5, 0x2
core   0: 3 0x8000b2f8 (0x00002f17) x30 0x8000d2f8
core   0: 0x8000b2fc (0xd03f2423) sw      gp, -760(t5)
core   0: 3 0x8000b2fc (0xd03f2423) mem 0x8000d000 0x00000001
core   0: 0x8000b300 (0xff9ff06f) j       pc - 0x8
core   0: 3 0x8000b300 (0xff9ff06f)
core   0: 0x8000b2f8 (0x00002f17) auipc   t5, 0x2
core   0: 3 0x8000b2f8 (0x00002f17) x30 0x8000d2f8
core   0: 0x8000b2fc (0xd03f2423) sw      gp, -760(t5)
core   0: 3 0x8000b2fc (0xd03f2423) mem 0x8000d000 0x00000001
core   0: 0x8000b300 (0xff9ff06f) j       pc - 0x8
core   0: 3 0x8000b300 (0xff9ff06f)
core   0: 0x8000b2f8 (0x00002f17) auipc   t5, 0x2
core   0: 3 0x8000b2f8 (0x00002f17) x30 0x8000d2f8
core   0: 0x8000b2fc (0xd03f2423) sw      gp, -760(t5)
core   0: 3 0x8000b2fc (0xd03f2423) mem 0x8000d000 0x00000001
core   0: 0x8000b300 (0xff9ff06f) j       pc - 0x8
core   0: 3 0x8000b300 (0xff9ff06f)
core   0: 0x8000b2f8 (0x00002f17) auipc   t5, 0x2
core   0: 3 0x8000b2f8 (0x00002f17) x30 0x8000d2f8
core   0: 0x8000b2fc (0xd03f2423) sw      gp, -760(t5)
core   0: 3 0x8000b2fc (0xd03f2423) mem 0x8000d000 0x00000001
core   0: 0x8000b300 (0xff9ff06f) j       pc - 0x8
core   0: 3 0x8000b300 (0xff9ff06f)
core   0: 0x8000b2f8 (0x00002f17) auipc   t5, 0x2
core   0: 3 0x8000b2f8 (0x00002f17) x30 0x8000d2f8
core   0: 0x8000b2fc (0xd03f2423) sw      gp, -760(t5)
core   0: 3 0x8000b2fc (0xd03f2423) mem 0x8000d000 0x00000001
core   0: 0x8000b300 (0xff9ff06f) j       pc - 0x8
core   0: 3 0x8000b300 (0xff9ff06f)
core   0: 0x8000b2f8 (0x00002f17) auipc   t5, 0x2
core   0: 3 0x8000b2f8 (0x00002f17) x30 0x8000d2f8
core   0: 0x8000b2fc (0xd03f2423) sw      gp, -760(t5)
core   0: 3 0x8000b2fc (0xd03f2423) mem 0x8000d000 0x00000001
core   0: 0x8000b300 (0xff9ff06f) j       pc - 0x8
core   0: 3 0x8000b300 (0xff9ff06f)
core   0: 0x8000b2f8 (0x00002f17) auipc   t5, 0x2
core   0: 3 0x8000b2f8 (0x00002f17) x30 0x8000d2f8
core   0: 0x8000b2fc (0xd03f2423) sw      gp, -760(t5)
core   0: 3 0x8000b2fc (0xd03f2423) mem 0x8000d000 0x00000001
core   0: 0x8000b300 (0xff9ff06f) j       pc - 0x8
core   0: 3 0x8000b300 (0xff9ff06f)
core   0: 0x8000b2f8 (0x00002f17) auipc   t5, 0x2
core   0: 3 0x8000b2f8 (0x00002f17) x30 0x8000d2f8
core   0: 0x8000b2fc (0xd03f2423) sw      gp, -760(t5)
core   0: 3 0x8000b2fc (0xd03f2423) mem 0x8000d000 0x00000001
core   0: 0x8000b300 (0xff9ff06f) j       pc - 0x8
core   0: 3 0x8000b300 (0xff9ff06f)
core   0: 0x8000b2f8 (0x00002f17) auipc   t5, 0x2
core   0: 3 0x8000b2f8 (0x00002f17) x30 0x8000d2f8
core   0: 0x8000b2fc (0xd03f2423) sw      gp, -760(t5)
core   0: 3 0x8000b2fc (0xd03f2423) mem 0x8000d000 0x00000001
core   0: 0x8000b300 (0xff9ff06f) j       pc - 0x8
core   0: 3 0x8000b300 (0xff9ff06f)
core   0: 0x8000b2f8 (0x00002f17) auipc   t5, 0x2
core   0: 3 0x8000b2f8 (0x00002f17) x30 0x8000d2f8
core   0: 0x8000b2fc (0xd03f2423) sw      gp, -760(t5)
core   0: 3 0x8000b2fc (0xd03f2423) mem 0x8000d000 0x00000001
core   0: 0x8000b300 (0xff9ff06f) j       pc - 0x8
core   0: 3 0x8000b300 (0xff9ff06f)
core   0: 0x8000b2f8 (0x00002f17) auipc   t5, 0x2
core   0: 3 0x8000b2f8 (0x00002f17) x30 0x8000d2f8
core   0: 0x8000b2fc (0xd03f2423) sw      gp, -760(t5)
core   0: 3 0x8000b2fc (0xd03f2423) mem 0x8000d000 0x00000001
core   0: 0x8000b300 (0xff9ff06f) j       pc - 0x8
core   0: 3 0x8000b300 (0xff9ff06f)
core   0: 0x8000b2f8 (0x00002f17) auipc   t5, 0x2
core   0: 3 0x8000b2f8 (0x00002f17) x30 0x8000d2f8
core   0: 0x8000b2fc (0xd03f2423) sw      gp, -760(t5)
core   0: 3 0x8000b2fc (0xd03f2423) mem 0x8000d000 0x00000001
core   0: 0x8000b300 (0xff9ff06f) j       pc - 0x8
core   0: 3 0x8000b300 (0xff9ff06f)
core   0: 0x8000b2f8 (0x00002f17) auipc   t5, 0x2
core   0: 3 0x8000b2f8 (0x00002f17) x30 0x8000d2f8
core   0: 0x8000b2fc (0xd03f2423) sw      gp, -760(t5)
core   0: 3 0x8000b2fc (0xd03f2423) mem 0x8000d000 0x00000001
core   0: 0x8000b300 (0xff9ff06f) j       pc - 0x8
core   0: 3 0x8000b300 (0xff9ff06f)
core   0: 0x8000b2f8 (0x00002f17) auipc   t5, 0x2
core   0: 3 0x8000b2f8 (0x00002f17) x30 0x8000d2f8
core   0: 0x8000b2fc (0xd03f2423) sw      gp, -760(t5)
core   0: 3 0x8000b2fc (0xd03f2423) mem 0x8000d000 0x00000001
core   0: 0x8000b300 (0xff9ff06f) j       pc - 0x8
core   0: 3 0x8000b300 (0xff9ff06f)
core   0: 0x8000b2f8 (0x00002f17) auipc   t5, 0x2
core   0: 3 0x8000b2f8 (0x00002f17) x30 0x8000d2f8
core   0: 0x8000b2fc (0xd03f2423) sw      gp, -760(t5)
core   0: 3 0x8000b2fc (0xd03f2423) mem 0x8000d000 0x00000001
core   0: 0x8000b300 (0xff9ff06f) j       pc - 0x8
core   0: 3 0x8000b300 (0xff9ff06f)
core   0: 0x8000b2f8 (0x00002f17) auipc   t5, 0x2
core   0: 3 0x8000b2f8 (0x00002f17) x30 0x8000d2f8
core   0: 0x8000b2fc (0xd03f2423) sw      gp, -760(t5)
core   0: 3 0x8000b2fc (0xd03f2423) mem 0x8000d000 0x00000001
core   0: 0x8000b300 (0xff9ff06f) j       pc - 0x8
core   0: 3 0x8000b300 (0xff9ff06f)
core   0: 0x8000b2f8 (0x00002f17) auipc   t5, 0x2
core   0: 3 0x8000b2f8 (0x00002f17) x30 0x8000d2f8
core   0: 0x8000b2fc (0xd03f2423) sw      gp, -760(t5)
core   0: 3 0x8000b2fc (0xd03f2423) mem 0x8000d000 0x00000001
core   0: 0x8000b300 (0xff9ff06f) j       pc - 0x8
core   0: 3 0x8000b300 (0xff9ff06f)
core   0: 0x8000b2f8 (0x00002f17) auipc   t5, 0x2
core   0: 3 0x8000b2f8 (0x00002f17) x30 0x8000d2f8
core   0: 0x8000b2fc (0xd03f2423) sw      gp, -760(t5)
core   0: 3 0x8000b2fc (0xd03f2423) mem 0x8000d000 0x00000001
core   0: 0x8000b300 (0xff9ff06f) j       pc - 0x8
core   0: 3 0x8000b300 (0xff9ff06f)
core   0: 0x8000b2f8 (0x00002f17) auipc   t5, 0x2
core   0: 3 0x8000b2f8 (0x00002f17) x30 0x8000d2f8
core   0: 0x8000b2fc (0xd03f2423) sw      gp, -760(t5)
core   0: 3 0x8000b2fc (0xd03f2423) mem 0x8000d000 0x00000001
core   0: 0x8000b300 (0xff9ff06f) j       pc - 0x8
core   0: 3 0x8000b300 (0xff9ff06f)
core   0: 0x8000b2f8 (0x00002f17) auipc   t5, 0x2
core   0: 3 0x8000b2f8 (0x00002f17) x30 0x8000d2f8
core   0: 0x8000b2fc (0xd03f2423) sw      gp, -760(t5)
core   0: 3 0x8000b2fc (0xd03f2423) mem 0x8000d000 0x00000001
core   0: 0x8000b300 (0xff9ff06f) j       pc - 0x8
core   0: 3 0x8000b300 (0xff9ff06f)
core   0: 0x8000b2f8 (0x00002f17) auipc   t5, 0x2
core   0: 3 0x8000b2f8 (0x00002f17) x30 0x8000d2f8
core   0: 0x8000b2fc (0xd03f2423) sw      gp, -760(t5)
core   0: 3 0x8000b2fc (0xd03f2423) mem 0x8000d000 0x00000001
core   0: 0x8000b300 (0xff9ff06f) j       pc - 0x8
core   0: 3 0x8000b300 (0xff9ff06f)
core   0: 0x8000b2f8 (0x00002f17) auipc   t5, 0x2
core   0: 3 0x8000b2f8 (0x00002f17) x30 0x8000d2f8
core   0: 0x8000b2fc (0xd03f2423) sw      gp, -760(t5)
core   0: 3 0x8000b2fc (0xd03f2423) mem 0x8000d000 0x00000001
core   0: 0x8000b300 (0xff9ff06f) j       pc - 0x8
core   0: 3 0x8000b300 (0xff9ff06f)
core   0: 0x8000b2f8 (0x00002f17) auipc   t5, 0x2
core   0: 3 0x8000b2f8 (0x00002f17) x30 0x8000d2f8
core   0: 0x8000b2fc (0xd03f2423) sw      gp, -760(t5)
core   0: 3 0x8000b2fc (0xd03f2423) mem 0x8000d000 0x00000001
core   0: 0x8000b300 (0xff9ff06f) j       pc - 0x8
core   0: 3 0x8000b300 (0xff9ff06f)
core   0: 0x8000b2f8 (0x00002f17) auipc   t5, 0x2
core   0: 3 0x8000b2f8 (0x00002f17) x30 0x8000d2f8
core   0: 0x8000b2fc (0xd03f2423) sw      gp, -760(t5)
core   0: 3 0x8000b2fc (0xd03f2423) mem 0x8000d000 0x00000001
core   0: 0x8000b300 (0xff9ff06f) j       pc - 0x8
core   0: 3 0x8000b300 (0xff9ff06f)
core   0: 0x8000b2f8 (0x00002f17) auipc   t5, 0x2
core   0: 3 0x8000b2f8 (0x00002f17) x30 0x8000d2f8
core   0: 0x8000b2fc (0xd03f2423) sw      gp, -760(t5)
core   0: 3 0x8000b2fc (0xd03f2423) mem 0x8000d000 0x00000001
core   0: 0x8000b300 (0xff9ff06f) j       pc - 0x8
core   0: 3 0x8000b300 (0xff9ff06f)
core   0: 0x8000b2f8 (0x00002f17) auipc   t5, 0x2
core   0: 3 0x8000b2f8 (0x00002f17) x30 0x8000d2f8
core   0: 0x8000b2fc (0xd03f2423) sw      gp, -760(t5)
core   0: 3 0x8000b2fc (0xd03f2423) mem 0x8000d000 0x00000001
core   0: 0x8000b300 (0xff9ff06f) j       pc - 0x8
core   0: 3 0x8000b300 (0xff9ff06f)
core   0: 0x8000b2f8 (0x00002f17) auipc   t5, 0x2
core   0: 3 0x8000b2f8 (0x00002f17) x30 0x8000d2f8
core   0: 0x8000b2fc (0xd03f2423) sw      gp, -760(t5)
core   0: 3 0x8000b2fc (0xd03f2423) mem 0x8000d000 0x00000001
core   0: 0x8000b300 (0xff9ff06f) j       pc - 0x8
core   0: 3 0x8000b300 (0xff9ff06f)
core   0: 0x8000b2f8 (0x00002f17) auipc   t5, 0x2
core   0: 3 0x8000b2f8 (0x00002f17) x30 0x8000d2f8
core   0: 0x8000b2fc (0xd03f2423) sw      gp, -760(t5)
core   0: 3 0x8000b2fc (0xd03f2423) mem 0x8000d000 0x00000001
core   0: 0x8000b300 (0xff9ff06f) j       pc - 0x8
core   0: 3 0x8000b300 (0xff9ff06f)
core   0: 0x8000b2f8 (0x00002f17) auipc   t5, 0x2
core   0: 3 0x8000b2f8 (0x00002f17) x30 0x8000d2f8
core   0: 0x8000b2fc (0xd03f2423) sw      gp, -760(t5)
core   0: 3 0x8000b2fc (0xd03f2423) mem 0x8000d000 0x00000001
core   0: 0x8000b300 (0xff9ff06f) j       pc - 0x8
core   0: 3 0x8000b300 (0xff9ff06f)
core   0: 0x8000b2f8 (0x00002f17) auipc   t5, 0x2
core   0: 3 0x8000b2f8 (0x00002f17) x30 0x8000d2f8
core   0: 0x8000b2fc (0xd03f2423) sw      gp, -760(t5)
core   0: 3 0x8000b2fc (0xd03f2423) mem 0x8000d000 0x00000001
core   0: 0x8000b300 (0xff9ff06f) j       pc - 0x8
core   0: 3 0x8000b300 (0xff9ff06f)
core   0: 0x8000b2f8 (0x00002f17) auipc   t5, 0x2
core   0: 3 0x8000b2f8 (0x00002f17) x30 0x8000d2f8
core   0: 0x8000b2fc (0xd03f2423) sw      gp, -760(t5)
core   0: 3 0x8000b2fc (0xd03f2423) mem 0x8000d000 0x00000001
core   0: 0x8000b300 (0xff9ff06f) j       pc - 0x8
core   0: 3 0x8000b300 (0xff9ff06f)
core   0: 0x8000b2f8 (0x00002f17) auipc   t5, 0x2
core   0: 3 0x8000b2f8 (0x00002f17) x30 0x8000d2f8
core   0: 0x8000b2fc (0xd03f2423) sw      gp, -760(t5)
core   0: 3 0x8000b2fc (0xd03f2423) mem 0x8000d000 0x00000001
core   0: 0x8000b300 (0xff9ff06f) j       pc - 0x8
core   0: 3 0x8000b300 (0xff9ff06f)
core   0: 0x8000b2f8 (0x00002f17) auipc   t5, 0x2
core   0: 3 0x8000b2f8 (0x00002f17) x30 0x8000d2f8
core   0: 0x8000b2fc (0xd03f2423) sw      gp, -760(t5)
core   0: 3 0x8000b2fc (0xd03f2423) mem 0x8000d000 0x00000001
core   0: 0x8000b300 (0xff9ff06f) j       pc - 0x8
core   0: 3 0x8000b300 (0xff9ff06f)
core   0: 0x8000b2f8 (0x00002f17) auipc   t5, 0x2
core   0: 3 0x8000b2f8 (0x00002f17) x30 0x8000d2f8
core   0: 0x8000b2fc (0xd03f2423) sw      gp, -760(t5)
core   0: 3 0x8000b2fc (0xd03f2423) mem 0x8000d000 0x00000001
core   0: 0x8000b300 (0xff9ff06f) j       pc - 0x8
core   0: 3 0x8000b300 (0xff9ff06f)
core   0: 0x8000b2f8 (0x00002f17) auipc   t5, 0x2
core   0: 3 0x8000b2f8 (0x00002f17) x30 0x8000d2f8
core   0: 0x8000b2fc (0xd03f2423) sw      gp, -760(t5)
core   0: 3 0x8000b2fc (0xd03f2423) mem 0x8000d000 0x00000001
core   0: 0x8000b300 (0xff9ff06f) j       pc - 0x8
core   0: 3 0x8000b300 (0xff9ff06f)
core   0: 0x8000b2f8 (0x00002f17) auipc   t5, 0x2
core   0: 3 0x8000b2f8 (0x00002f17) x30 0x8000d2f8
core   0: 0x8000b2fc (0xd03f2423) sw      gp, -760(t5)
core   0: 3 0x8000b2fc (0xd03f2423) mem 0x8000d000 0x00000001
core   0: 0x8000b300 (0xff9ff06f) j       pc - 0x8
core   0: 3 0x8000b300 (0xff9ff06f)
core   0: 0x8000b2f8 (0x00002f17) auipc   t5, 0x2
core   0: 3 0x8000b2f8 (0x00002f17) x30 0x8000d2f8
core   0: 0x8000b2fc (0xd03f2423) sw      gp, -760(t5)
core   0: 3 0x8000b2fc (0xd03f2423) mem 0x8000d000 0x00000001
core   0: 0x8000b300 (0xff9ff06f) j       pc - 0x8
core   0: 3 0x8000b300 (0xff9ff06f)
core   0: 0x8000b2f8 (0x00002f17) auipc   t5, 0x2
core   0: 3 0x8000b2f8 (0x00002f17) x30 0x8000d2f8
core   0: 0x8000b2fc (0xd03f2423) sw      gp, -760(t5)
core   0: 3 0x8000b2fc (0xd03f2423) mem 0x8000d000 0x00000001
core   0: 0x8000b300 (0xff9ff06f) j       pc - 0x8
core   0: 3 0x8000b300 (0xff9ff06f)
core   0: 0x8000b2f8 (0x00002f17) auipc   t5, 0x2
core   0: 3 0x8000b2f8 (0x00002f17) x30 0x8000d2f8
core   0: 0x8000b2fc (0xd03f2423) sw      gp, -760(t5)
core   0: 3 0x8000b2fc (0xd03f2423) mem 0x8000d000 0x00000001
core   0: 0x8000b300 (0xff9ff06f) j       pc - 0x8
core   0: 3 0x8000b300 (0xff9ff06f)
core   0: 0x8000b2f8 (0x00002f17) auipc   t5, 0x2
core   0: 3 0x8000b2f8 (0x00002f17) x30 0x8000d2f8
core   0: 0x8000b2fc (0xd03f2423) sw      gp, -760(t5)
core   0: 3 0x8000b2fc (0xd03f2423) mem 0x8000d000 0x00000001
core   0: 0x8000b300 (0xff9ff06f) j       pc - 0x8
core   0: 3 0x8000b300 (0xff9ff06f)
core   0: 0x8000b2f8 (0x00002f17) auipc   t5, 0x2
core   0: 3 0x8000b2f8 (0x00002f17) x30 0x8000d2f8
core   0: 0x8000b2fc (0xd03f2423) sw      gp, -760(t5)
core   0: 3 0x8000b2fc (0xd03f2423) mem 0x8000d000 0x00000001
core   0: 0x8000b300 (0xff9ff06f) j       pc - 0x8
core   0: 3 0x8000b300 (0xff9ff06f)
core   0: 0x8000b2f8 (0x00002f17) auipc   t5, 0x2
core   0: 3 0x8000b2f8 (0x00002f17) x30 0x8000d2f8
core   0: 0x8000b2fc (0xd03f2423) sw      gp, -760(t5)
core   0: 3 0x8000b2fc (0xd03f2423) mem 0x8000d000 0x00000001
core   0: 0x8000b300 (0xff9ff06f) j       pc - 0x8
core   0: 3 0x8000b300 (0xff9ff06f)
core   0: 0x8000b2f8 (0x00002f17) auipc   t5, 0x2
core   0: 3 0x8000b2f8 (0x00002f17) x30 0x8000d2f8
core   0: 0x8000b2fc (0xd03f2423) sw      gp, -760(t5)
core   0: 3 0x8000b2fc (0xd03f2423) mem 0x8000d000 0x00000001
core   0: 0x8000b300 (0xff9ff06f) j       pc - 0x8
core   0: 3 0x8000b300 (0xff9ff06f)
core   0: 0x8000b2f8 (0x00002f17) auipc   t5, 0x2
core   0: 3 0x8000b2f8 (0x00002f17) x30 0x8000d2f8
core   0: 0x8000b2fc (0xd03f2423) sw      gp, -760(t5)
core   0: 3 0x8000b2fc (0xd03f2423) mem 0x8000d000 0x00000001
core   0: 0x8000b300 (0xff9ff06f) j       pc - 0x8
core   0: 3 0x8000b300 (0xff9ff06f)
core   0: 0x8000b2f8 (0x00002f17) auipc   t5, 0x2
core   0: 3 0x8000b2f8 (0x00002f17) x30 0x8000d2f8
core   0: 0x8000b2fc (0xd03f2423) sw      gp, -760(t5)
core   0: 3 0x8000b2fc (0xd03f2423) mem 0x8000d000 0x00000001
core   0: 0x8000b300 (0xff9ff06f) j       pc - 0x8
core   0: 3 0x8000b300 (0xff9ff06f)
core   0: 0x8000b2f8 (0x00002f17) auipc   t5, 0x2
core   0: 3 0x8000b2f8 (0x00002f17) x30 0x8000d2f8
core   0: 0x8000b2fc (0xd03f2423) sw      gp, -760(t5)
core   0: 3 0x8000b2fc (0xd03f2423) mem 0x8000d000 0x00000001
core   0: 0x8000b300 (0xff9ff06f) j       pc - 0x8
core   0: 3 0x8000b300 (0xff9ff06f)
core   0: 0x8000b2f8 (0x00002f17) auipc   t5, 0x2
core   0: 3 0x8000b2f8 (0x00002f17) x30 0x8000d2f8
core   0: 0x8000b2fc (0xd03f2423) sw      gp, -760(t5)
core   0: 3 0x8000b2fc (0xd03f2423) mem 0x8000d000 0x00000001
core   0: 0x8000b300 (0xff9ff06f) j       pc - 0x8
core   0: 3 0x8000b300 (0xff9ff06f)
core   0: 0x8000b2f8 (0x00002f17) auipc   t5, 0x2
core   0: 3 0x8000b2f8 (0x00002f17) x30 0x8000d2f8
core   0: 0x8000b2fc (0xd03f2423) sw      gp, -760(t5)
core   0: 3 0x8000b2fc (0xd03f2423) mem 0x8000d000 0x00000001
core   0: 0x8000b300 (0xff9ff06f) j       pc - 0x8
core   0: 3 0x8000b300 (0xff9ff06f)
core   0: 0x8000b2f8 (0x00002f17) auipc   t5, 0x2
core   0: 3 0x8000b2f8 (0x00002f17) x30 0x8000d2f8
core   0: 0x8000b2fc (0xd03f2423) sw      gp, -760(t5)
core   0: 3 0x8000b2fc (0xd03f2423) mem 0x8000d000 0x00000001
core   0: 0x8000b300 (0xff9ff06f) j       pc - 0x8
core   0: 3 0x8000b300 (0xff9ff06f)
core   0: 0x8000b2f8 (0x00002f17) auipc   t5, 0x2
core   0: 3 0x8000b2f8 (0x00002f17) x30 0x8000d2f8
core   0: 0x8000b2fc (0xd03f2423) sw      gp, -760(t5)
core   0: 3 0x8000b2fc (0xd03f2423) mem 0x8000d000 0x00000001
core   0: 0x8000b300 (0xff9ff06f) j       pc - 0x8
core   0: 3 0x8000b300 (0xff9ff06f)
core   0: 0x8000b2f8 (0x00002f17) auipc   t5, 0x2
core   0: 3 0x8000b2f8 (0x00002f17) x30 0x8000d2f8
core   0: 0x8000b2fc (0xd03f2423) sw      gp, -760(t5)
core   0: 3 0x8000b2fc (0xd03f2423) mem 0x8000d000 0x00000001
core   0: 0x8000b300 (0xff9ff06f) j       pc - 0x8
core   0: 3 0x8000b300 (0xff9ff06f)
core   0: 0x8000b2f8 (0x00002f17) auipc   t5, 0x2
core   0: 3 0x8000b2f8 (0x00002f17) x30 0x8000d2f8
core   0: 0x8000b2fc (0xd03f2423) sw      gp, -760(t5)
core   0: 3 0x8000b2fc (0xd03f2423) mem 0x8000d000 0x00000001
core   0: 0x8000b300 (0xff9ff06f) j       pc - 0x8
core   0: 3 0x8000b300 (0xff9ff06f)
core   0: 0x8000b2f8 (0x00002f17) auipc   t5, 0x2
core   0: 3 0x8000b2f8 (0x00002f17) x30 0x8000d2f8
core   0: 0x8000b2fc (0xd03f2423) sw      gp, -760(t5)
core   0: 3 0x8000b2fc (0xd03f2423) mem 0x8000d000 0x00000001
core   0: 0x8000b300 (0xff9ff06f) j       pc - 0x8
core   0: 3 0x8000b300 (0xff9ff06f)
core   0: 0x8000b2f8 (0x00002f17) auipc   t5, 0x2
core   0: 3 0x8000b2f8 (0x00002f17) x30 0x8000d2f8
core   0: 0x8000b2fc (0xd03f2423) sw      gp, -760(t5)
core   0: 3 0x8000b2fc (0xd03f2423) mem 0x8000d000 0x00000001
core   0: 0x8000b300 (0xff9ff06f) j       pc - 0x8
core   0: 3 0x8000b300 (0xff9ff06f)
core   0: 0x8000b2f8 (0x00002f17) auipc   t5, 0x2
core   0: 3 0x8000b2f8 (0x00002f17) x30 0x8000d2f8
core   0: 0x8000b2fc (0xd03f2423) sw      gp, -760(t5)
core   0: 3 0x8000b2fc (0xd03f2423) mem 0x8000d000 0x00000001
core   0: 0x8000b300 (0xff9ff06f) j       pc - 0x8
core   0: 3 0x8000b300 (0xff9ff06f)
core   0: 0x8000b2f8 (0x00002f17) auipc   t5, 0x2
core   0: 3 0x8000b2f8 (0x00002f17) x30 0x8000d2f8
core   0: 0x8000b2fc (0xd03f2423) sw      gp, -760(t5)
core   0: 3 0x8000b2fc (0xd03f2423) mem 0x8000d000 0x00000001
core   0: 0x8000b300 (0xff9ff06f) j       pc - 0x8
core   0: 3 0x8000b300 (0xff9ff06f)
core   0: 0x8000b2f8 (0x00002f17) auipc   t5, 0x2
core   0: 3 0x8000b2f8 (0x00002f17) x30 0x8000d2f8
core   0: 0x8000b2fc (0xd03f2423) sw      gp, -760(t5)
core   0: 3 0x8000b2fc (0xd03f2423) mem 0x8000d000 0x00000001
core   0: 0x8000b300 (0xff9ff06f) j       pc - 0x8
core   0: 3 0x8000b300 (0xff9ff06f)
core   0: 0x8000b2f8 (0x00002f17) auipc   t5, 0x2
core   0: 3 0x8000b2f8 (0x00002f17) x30 0x8000d2f8
core   0: 0x8000b2fc (0xd03f2423) sw      gp, -760(t5)
core   0: 3 0x8000b2fc (0xd03f2423) mem 0x8000d000 0x00000001
core   0: 0x8000b300 (0xff9ff06f) j       pc - 0x8
core   0: 3 0x8000b300 (0xff9ff06f)
core   0: 0x8000b2f8 (0x00002f17) auipc   t5, 0x2
core   0: 3 0x8000b2f8 (0x00002f17) x30 0x8000d2f8
core   0: 0x8000b2fc (0xd03f2423) sw      gp, -760(t5)
core   0: 3 0x8000b2fc (0xd03f2423) mem 0x8000d000 0x00000001
core   0: 0x8000b300 (0xff9ff06f) j       pc - 0x8
core   0: 3 0x8000b300 (0xff9ff06f)
core   0: 0x8000b2f8 (0x00002f17) auipc   t5, 0x2
core   0: 3 0x8000b2f8 (0x00002f17) x30 0x8000d2f8
core   0: 0x8000b2fc (0xd03f2423) sw      gp, -760(t5)
core   0: 3 0x8000b2fc (0xd03f2423) mem 0x8000d000 0x00000001
core   0: 0x8000b300 (0xff9ff06f) j       pc - 0x8
core   0: 3 0x8000b300 (0xff9ff06f)
core   0: 0x8000b2f8 (0x00002f17) auipc   t5, 0x2
core   0: 3 0x8000b2f8 (0x00002f17) x30 0x8000d2f8
core   0: 0x8000b2fc (0xd03f2423) sw      gp, -760(t5)
core   0: 3 0x8000b2fc (0xd03f2423) mem 0x8000d000 0x00000001
core   0: 0x8000b300 (0xff9ff06f) j       pc - 0x8
core   0: 3 0x8000b300 (0xff9ff06f)
core   0: 0x8000b2f8 (0x00002f17) auipc   t5, 0x2
core   0: 3 0x8000b2f8 (0x00002f17) x30 0x8000d2f8
core   0: 0x8000b2fc (0xd03f2423) sw      gp, -760(t5)
core   0: 3 0x8000b2fc (0xd03f2423) mem 0x8000d000 0x00000001
core   0: 0x8000b300 (0xff9ff06f) j       pc - 0x8
core   0: 3 0x8000b300 (0xff9ff06f)
core   0: 0x8000b2f8 (0x00002f17) auipc   t5, 0x2
core   0: 3 0x8000b2f8 (0x00002f17) x30 0x8000d2f8
core   0: 0x8000b2fc (0xd03f2423) sw      gp, -760(t5)
core   0: 3 0x8000b2fc (0xd03f2423) mem 0x8000d000 0x00000001
core   0: 0x8000b300 (0xff9ff06f) j       pc - 0x8
core   0: 3 0x8000b300 (0xff9ff06f)
core   0: 0x8000b2f8 (0x00002f17) auipc   t5, 0x2
core   0: 3 0x8000b2f8 (0x00002f17) x30 0x8000d2f8
core   0: 0x8000b2fc (0xd03f2423) sw      gp, -760(t5)
core   0: 3 0x8000b2fc (0xd03f2423) mem 0x8000d000 0x00000001
core   0: 0x8000b300 (0xff9ff06f) j       pc - 0x8
core   0: 3 0x8000b300 (0xff9ff06f)
core   0: 0x8000b2f8 (0x00002f17) auipc   t5, 0x2
core   0: 3 0x8000b2f8 (0x00002f17) x30 0x8000d2f8
core   0: 0x8000b2fc (0xd03f2423) sw      gp, -760(t5)
core   0: 3 0x8000b2fc (0xd03f2423) mem 0x8000d000 0x00000001
core   0: 0x8000b300 (0xff9ff06f) j       pc - 0x8
core   0: 3 0x8000b300 (0xff9ff06f)
core   0: 0x8000b2f8 (0x00002f17) auipc   t5, 0x2
core   0: 3 0x8000b2f8 (0x00002f17) x30 0x8000d2f8
core   0: 0x8000b2fc (0xd03f2423) sw      gp, -760(t5)
core   0: 3 0x8000b2fc (0xd03f2423) mem 0x8000d000 0x00000001
core   0: 0x8000b300 (0xff9ff06f) j       pc - 0x8
core   0: 3 0x8000b300 (0xff9ff06f)
core   0: 0x8000b2f8 (0x00002f17) auipc   t5, 0x2
core   0: 3 0x8000b2f8 (0x00002f17) x30 0x8000d2f8
core   0: 0x8000b2fc (0xd03f2423) sw      gp, -760(t5)
core   0: 3 0x8000b2fc (0xd03f2423) mem 0x8000d000 0x00000001
core   0: 0x8000b300 (0xff9ff06f) j       pc - 0x8
core   0: 3 0x8000b300 (0xff9ff06f)
core   0: 0x8000b2f8 (0x00002f17) auipc   t5, 0x2
core   0: 3 0x8000b2f8 (0x00002f17) x30 0x8000d2f8
core   0: 0x8000b2fc (0xd03f2423) sw      gp, -760(t5)
core   0: 3 0x8000b2fc (0xd03f2423) mem 0x8000d000 0x00000001
core   0: 0x8000b300 (0xff9ff06f) j       pc - 0x8
core   0: 3 0x8000b300 (0xff9ff06f)
core   0: 0x8000b2f8 (0x00002f17) auipc   t5, 0x2
core   0: 3 0x8000b2f8 (0x00002f17) x30 0x8000d2f8
core   0: 0x8000b2fc (0xd03f2423) sw      gp, -760(t5)
core   0: 3 0x8000b2fc (0xd03f2423) mem 0x8000d000 0x00000001
core   0: 0x8000b300 (0xff9ff06f) j       pc - 0x8
core   0: 3 0x8000b300 (0xff9ff06f)
core   0: 0x8000b2f8 (0x00002f17) auipc   t5, 0x2
core   0: 3 0x8000b2f8 (0x00002f17) x30 0x8000d2f8
core   0: 0x8000b2fc (0xd03f2423) sw      gp, -760(t5)
core   0: 3 0x8000b2fc (0xd03f2423) mem 0x8000d000 0x00000001
core   0: 0x8000b300 (0xff9ff06f) j       pc - 0x8
core   0: 3 0x8000b300 (0xff9ff06f)
core   0: 0x8000b2f8 (0x00002f17) auipc   t5, 0x2
core   0: 3 0x8000b2f8 (0x00002f17) x30 0x8000d2f8
core   0: 0x8000b2fc (0xd03f2423) sw      gp, -760(t5)
core   0: 3 0x8000b2fc (0xd03f2423) mem 0x8000d000 0x00000001
core   0: 0x8000b300 (0xff9ff06f) j       pc - 0x8
core   0: 3 0x8000b300 (0xff9ff06f)
core   0: 0x8000b2f8 (0x00002f17) auipc   t5, 0x2
core   0: 3 0x8000b2f8 (0x00002f17) x30 0x8000d2f8
core   0: 0x8000b2fc (0xd03f2423) sw      gp, -760(t5)
core   0: 3 0x8000b2fc (0xd03f2423) mem 0x8000d000 0x00000001
core   0: 0x8000b300 (0xff9ff06f) j       pc - 0x8
core   0: 3 0x8000b300 (0xff9ff06f)
core   0: 0x8000b2f8 (0x00002f17) auipc   t5, 0x2
core   0: 3 0x8000b2f8 (0x00002f17) x30 0x8000d2f8
core   0: 0x8000b2fc (0xd03f2423) sw      gp, -760(t5)
core   0: 3 0x8000b2fc (0xd03f2423) mem 0x8000d000 0x00000001
core   0: 0x8000b300 (0xff9ff06f) j       pc - 0x8
core   0: 3 0x8000b300 (0xff9ff06f)
core   0: 0x8000b2f8 (0x00002f17) auipc   t5, 0x2
core   0: 3 0x8000b2f8 (0x00002f17) x30 0x8000d2f8
core   0: 0x8000b2fc (0xd03f2423) sw      gp, -760(t5)
core   0: 3 0x8000b2fc (0xd03f2423) mem 0x8000d000 0x00000001
core   0: 0x8000b300 (0xff9ff06f) j       pc - 0x8
core   0: 3 0x8000b300 (0xff9ff06f)
core   0: 0x8000b2f8 (0x00002f17) auipc   t5, 0x2
core   0: 3 0x8000b2f8 (0x00002f17) x30 0x8000d2f8
core   0: 0x8000b2fc (0xd03f2423) sw      gp, -760(t5)
core   0: 3 0x8000b2fc (0xd03f2423) mem 0x8000d000 0x00000001
core   0: 0x8000b300 (0xff9ff06f) j       pc - 0x8
core   0: 3 0x8000b300 (0xff9ff06f)
core   0: 0x8000b2f8 (0x00002f17) auipc   t5, 0x2
core   0: 3 0x8000b2f8 (0x00002f17) x30 0x8000d2f8
core   0: 0x8000b2fc (0xd03f2423) sw      gp, -760(t5)
core   0: 3 0x8000b2fc (0xd03f2423) mem 0x8000d000 0x00000001
core   0: 0x8000b300 (0xff9ff06f) j       pc - 0x8
core   0: 3 0x8000b300 (0xff9ff06f)
core   0: 0x8000b2f8 (0x00002f17) auipc   t5, 0x2
core   0: 3 0x8000b2f8 (0x00002f17) x30 0x8000d2f8
core   0: 0x8000b2fc (0xd03f2423) sw      gp, -760(t5)
core   0: 3 0x8000b2fc (0xd03f2423) mem 0x8000d000 0x00000001
core   0: 0x8000b300 (0xff9ff06f) j       pc - 0x8
core   0: 3 0x8000b300 (0xff9ff06f)
core   0: 0x8000b2f8 (0x00002f17) auipc   t5, 0x2
core   0: 3 0x8000b2f8 (0x00002f17) x30 0x8000d2f8
core   0: 0x8000b2fc (0xd03f2423) sw      gp, -760(t5)
core   0: 3 0x8000b2fc (0xd03f2423) mem 0x8000d000 0x00000001
core   0: 0x8000b300 (0xff9ff06f) j       pc - 0x8
core   0: 3 0x8000b300 (0xff9ff06f)
core   0: 0x8000b2f8 (0x00002f17) auipc   t5, 0x2
core   0: 3 0x8000b2f8 (0x00002f17) x30 0x8000d2f8
core   0: 0x8000b2fc (0xd03f2423) sw      gp, -760(t5)
core   0: 3 0x8000b2fc (0xd03f2423) mem 0x8000d000 0x00000001
core   0: 0x8000b300 (0xff9ff06f) j       pc - 0x8
core   0: 3 0x8000b300 (0xff9ff06f)
core   0: 0x8000b2f8 (0x00002f17) auipc   t5, 0x2
core   0: 3 0x8000b2f8 (0x00002f17) x30 0x8000d2f8
core   0: 0x8000b2fc (0xd03f2423) sw      gp, -760(t5)
core   0: 3 0x8000b2fc (0xd03f2423) mem 0x8000d000 0x00000001
core   0: 0x8000b300 (0xff9ff06f) j       pc - 0x8
core   0: 3 0x8000b300 (0xff9ff06f)
core   0: 0x8000b2f8 (0x00002f17) auipc   t5, 0x2
core   0: 3 0x8000b2f8 (0x00002f17) x30 0x8000d2f8
core   0: 0x8000b2fc (0xd03f2423) sw      gp, -760(t5)
core   0: 3 0x8000b2fc (0xd03f2423) mem 0x8000d000 0x00000001
core   0: 0x8000b300 (0xff9ff06f) j       pc - 0x8
core   0: 3 0x8000b300 (0xff9ff06f)
core   0: 0x8000b2f8 (0x00002f17) auipc   t5, 0x2
core   0: 3 0x8000b2f8 (0x00002f17) x30 0x8000d2f8
core   0: 0x8000b2fc (0xd03f2423) sw      gp, -760(t5)
core   0: 3 0x8000b2fc (0xd03f2423) mem 0x8000d000 0x00000001
core   0: 0x8000b300 (0xff9ff06f) j       pc - 0x8
core   0: 3 0x8000b300 (0xff9ff06f)
core   0: 0x8000b2f8 (0x00002f17) auipc   t5, 0x2
core   0: 3 0x8000b2f8 (0x00002f17) x30 0x8000d2f8
core   0: 0x8000b2fc (0xd03f2423) sw      gp, -760(t5)
core   0: 3 0x8000b2fc (0xd03f2423) mem 0x8000d000 0x00000001
core   0: 0x8000b300 (0xff9ff06f) j       pc - 0x8
core   0: 3 0x8000b300 (0xff9ff06f)
core   0: 0x8000b2f8 (0x00002f17) auipc   t5, 0x2
core   0: 3 0x8000b2f8 (0x00002f17) x30 0x8000d2f8
core   0: 0x8000b2fc (0xd03f2423) sw      gp, -760(t5)
core   0: 3 0x8000b2fc (0xd03f2423) mem 0x8000d000 0x00000001
core   0: 0x8000b300 (0xff9ff06f) j       pc - 0x8
core   0: 3 0x8000b300 (0xff9ff06f)
core   0: 0x8000b2f8 (0x00002f17) auipc   t5, 0x2
core   0: 3 0x8000b2f8 (0x00002f17) x30 0x8000d2f8
core   0: 0x8000b2fc (0xd03f2423) sw      gp, -760(t5)
core   0: 3 0x8000b2fc (0xd03f2423) mem 0x8000d000 0x00000001
core   0: 0x8000b300 (0xff9ff06f) j       pc - 0x8
core   0: 3 0x8000b300 (0xff9ff06f)
core   0: 0x8000b2f8 (0x00002f17) auipc   t5, 0x2
core   0: 3 0x8000b2f8 (0x00002f17) x30 0x8000d2f8
core   0: 0x8000b2fc (0xd03f2423) sw      gp, -760(t5)
core   0: 3 0x8000b2fc (0xd03f2423) mem 0x8000d000 0x00000001
core   0: 0x8000b300 (0xff9ff06f) j       pc - 0x8
core   0: 3 0x8000b300 (0xff9ff06f)
core   0: 0x8000b2f8 (0x00002f17) auipc   t5, 0x2
core   0: 3 0x8000b2f8 (0x00002f17) x30 0x8000d2f8
core   0: 0x8000b2fc (0xd03f2423) sw      gp, -760(t5)
core   0: 3 0x8000b2fc (0xd03f2423) mem 0x8000d000 0x00000001
core   0: 0x8000b300 (0xff9ff06f) j       pc - 0x8
core   0: 3 0x8000b300 (0xff9ff06f)
core   0: 0x8000b2f8 (0x00002f17) auipc   t5, 0x2
core   0: 3 0x8000b2f8 (0x00002f17) x30 0x8000d2f8
core   0: 0x8000b2fc (0xd03f2423) sw      gp, -760(t5)
core   0: 3 0x8000b2fc (0xd03f2423) mem 0x8000d000 0x00000001
core   0: 0x8000b300 (0xff9ff06f) j       pc - 0x8
core   0: 3 0x8000b300 (0xff9ff06f)
core   0: 0x8000b2f8 (0x00002f17) auipc   t5, 0x2
core   0: 3 0x8000b2f8 (0x00002f17) x30 0x8000d2f8
core   0: 0x8000b2fc (0xd03f2423) sw      gp, -760(t5)
core   0: 3 0x8000b2fc (0xd03f2423) mem 0x8000d000 0x00000001
core   0: 0x8000b300 (0xff9ff06f) j       pc - 0x8
core   0: 3 0x8000b300 (0xff9ff06f)
core   0: 0x8000b2f8 (0x00002f17) auipc   t5, 0x2
core   0: 3 0x8000b2f8 (0x00002f17) x30 0x8000d2f8
core   0: 0x8000b2fc (0xd03f2423) sw      gp, -760(t5)
core   0: 3 0x8000b2fc (0xd03f2423) mem 0x8000d000 0x00000001
core   0: 0x8000b300 (0xff9ff06f) j       pc - 0x8
core   0: 3 0x8000b300 (0xff9ff06f)
core   0: 0x8000b2f8 (0x00002f17) auipc   t5, 0x2
core   0: 3 0x8000b2f8 (0x00002f17) x30 0x8000d2f8
core   0: 0x8000b2fc (0xd03f2423) sw      gp, -760(t5)
core   0: 3 0x8000b2fc (0xd03f2423) mem 0x8000d000 0x00000001
core   0: 0x8000b300 (0xff9ff06f) j       pc - 0x8
core   0: 3 0x8000b300 (0xff9ff06f)
core   0: 0x8000b2f8 (0x00002f17) auipc   t5, 0x2
core   0: 3 0x8000b2f8 (0x00002f17) x30 0x8000d2f8
core   0: 0x8000b2fc (0xd03f2423) sw      gp, -760(t5)
core   0: 3 0x8000b2fc (0xd03f2423) mem 0x8000d000 0x00000001
core   0: 0x8000b300 (0xff9ff06f) j       pc - 0x8
core   0: 3 0x8000b300 (0xff9ff06f)
core   0: 0x8000b2f8 (0x00002f17) auipc   t5, 0x2
core   0: 3 0x8000b2f8 (0x00002f17) x30 0x8000d2f8
core   0: 0x8000b2fc (0xd03f2423) sw      gp, -760(t5)
core   0: 3 0x8000b2fc (0xd03f2423) mem 0x8000d000 0x00000001
core   0: 0x8000b300 (0xff9ff06f) j       pc - 0x8
core   0: 3 0x8000b300 (0xff9ff06f)
core   0: 0x8000b2f8 (0x00002f17) auipc   t5, 0x2
core   0: 3 0x8000b2f8 (0x00002f17) x30 0x8000d2f8
core   0: 0x8000b2fc (0xd03f2423) sw      gp, -760(t5)
core   0: 3 0x8000b2fc (0xd03f2423) mem 0x8000d000 0x00000001
core   0: 0x8000b300 (0xff9ff06f) j       pc - 0x8
core   0: 3 0x8000b300 (0xff9ff06f)
core   0: 0x8000b2f8 (0x00002f17) auipc   t5, 0x2
core   0: 3 0x8000b2f8 (0x00002f17) x30 0x8000d2f8
core   0: 0x8000b2fc (0xd03f2423) sw      gp, -760(t5)
core   0: 3 0x8000b2fc (0xd03f2423) mem 0x8000d000 0x00000001
core   0: 0x8000b300 (0xff9ff06f) j       pc - 0x8
core   0: 3 0x8000b300 (0xff9ff06f)
core   0: 0x8000b2f8 (0x00002f17) auipc   t5, 0x2
core   0: 3 0x8000b2f8 (0x00002f17) x30 0x8000d2f8
core   0: 0x8000b2fc (0xd03f2423) sw      gp, -760(t5)
core   0: 3 0x8000b2fc (0xd03f2423) mem 0x8000d000 0x00000001
core   0: 0x8000b300 (0xff9ff06f) j       pc - 0x8
core   0: 3 0x8000b300 (0xff9ff06f)
core   0: 0x8000b2f8 (0x00002f17) auipc   t5, 0x2
core   0: 3 0x8000b2f8 (0x00002f17) x30 0x8000d2f8
core   0: 0x8000b2fc (0xd03f2423) sw      gp, -760(t5)
core   0: 3 0x8000b2fc (0xd03f2423) mem 0x8000d000 0x00000001
core   0: 0x8000b300 (0xff9ff06f) j       pc - 0x8
core   0: 3 0x8000b300 (0xff9ff06f)
core   0: 0x8000b2f8 (0x00002f17) auipc   t5, 0x2
core   0: 3 0x8000b2f8 (0x00002f17) x30 0x8000d2f8
core   0: 0x8000b2fc (0xd03f2423) sw      gp, -760(t5)
core   0: 3 0x8000b2fc (0xd03f2423) mem 0x8000d000 0x00000001
core   0: 0x8000b300 (0xff9ff06f) j       pc - 0x8
core   0: 3 0x8000b300 (0xff9ff06f)
core   0: 0x8000b2f8 (0x00002f17) auipc   t5, 0x2
core   0: 3 0x8000b2f8 (0x00002f17) x30 0x8000d2f8
core   0: 0x8000b2fc (0xd03f2423) sw      gp, -760(t5)
core   0: 3 0x8000b2fc (0xd03f2423) mem 0x8000d000 0x00000001
core   0: 0x8000b300 (0xff9ff06f) j       pc - 0x8
core   0: 3 0x8000b300 (0xff9ff06f)
core   0: 0x8000b2f8 (0x00002f17) auipc   t5, 0x2
core   0: 3 0x8000b2f8 (0x00002f17) x30 0x8000d2f8
core   0: 0x8000b2fc (0xd03f2423) sw      gp, -760(t5)
core   0: 3 0x8000b2fc (0xd03f2423) mem 0x8000d000 0x00000001
core   0: 0x8000b300 (0xff9ff06f) j       pc - 0x8
core   0: 3 0x8000b300 (0xff9ff06f)
core   0: 0x8000b2f8 (0x00002f17) auipc   t5, 0x2
core   0: 3 0x8000b2f8 (0x00002f17) x30 0x8000d2f8
core   0: 0x8000b2fc (0xd03f2423) sw      gp, -760(t5)
core   0: 3 0x8000b2fc (0xd03f2423) mem 0x8000d000 0x00000001
core   0: 0x8000b300 (0xff9ff06f) j       pc - 0x8
core   0: 3 0x8000b300 (0xff9ff06f)
core   0: 0x8000b2f8 (0x00002f17) auipc   t5, 0x2
core   0: 3 0x8000b2f8 (0x00002f17) x30 0x8000d2f8
core   0: 0x8000b2fc (0xd03f2423) sw      gp, -760(t5)
core   0: 3 0x8000b2fc (0xd03f2423) mem 0x8000d000 0x00000001
core   0: 0x8000b300 (0xff9ff06f) j       pc - 0x8
core   0: 3 0x8000b300 (0xff9ff06f)
core   0: 0x8000b2f8 (0x00002f17) auipc   t5, 0x2
core   0: 3 0x8000b2f8 (0x00002f17) x30 0x8000d2f8
core   0: 0x8000b2fc (0xd03f2423) sw      gp, -760(t5)
core   0: 3 0x8000b2fc (0xd03f2423) mem 0x8000d000 0x00000001
core   0: 0x8000b300 (0xff9ff06f) j       pc - 0x8
core   0: 3 0x8000b300 (0xff9ff06f)
core   0: 0x8000b2f8 (0x00002f17) auipc   t5, 0x2
core   0: 3 0x8000b2f8 (0x00002f17) x30 0x8000d2f8
core   0: 0x8000b2fc (0xd03f2423) sw      gp, -760(t5)
core   0: 3 0x8000b2fc (0xd03f2423) mem 0x8000d000 0x00000001
core   0: 0x8000b300 (0xff9ff06f) j       pc - 0x8
core   0: 3 0x8000b300 (0xff9ff06f)
core   0: 0x8000b2f8 (0x00002f17) auipc   t5, 0x2
core   0: 3 0x8000b2f8 (0x00002f17) x30 0x8000d2f8
core   0: 0x8000b2fc (0xd03f2423) sw      gp, -760(t5)
core   0: 3 0x8000b2fc (0xd03f2423) mem 0x8000d000 0x00000001
core   0: 0x8000b300 (0xff9ff06f) j       pc - 0x8
core   0: 3 0x8000b300 (0xff9ff06f)
core   0: 0x8000b2f8 (0x00002f17) auipc   t5, 0x2
core   0: 3 0x8000b2f8 (0x00002f17) x30 0x8000d2f8
core   0: 0x8000b2fc (0xd03f2423) sw      gp, -760(t5)
core   0: 3 0x8000b2fc (0xd03f2423) mem 0x8000d000 0x00000001
core   0: 0x8000b300 (0xff9ff06f) j       pc - 0x8
core   0: 3 0x8000b300 (0xff9ff06f)
core   0: 0x8000b2f8 (0x00002f17) auipc   t5, 0x2
core   0: 3 0x8000b2f8 (0x00002f17) x30 0x8000d2f8
core   0: 0x8000b2fc (0xd03f2423) sw      gp, -760(t5)
core   0: 3 0x8000b2fc (0xd03f2423) mem 0x8000d000 0x00000001
core   0: 0x8000b300 (0xff9ff06f) j       pc - 0x8
core   0: 3 0x8000b300 (0xff9ff06f)
core   0: 0x8000b2f8 (0x00002f17) auipc   t5, 0x2
core   0: 3 0x8000b2f8 (0x00002f17) x30 0x8000d2f8
core   0: 0x8000b2fc (0xd03f2423) sw      gp, -760(t5)
core   0: 3 0x8000b2fc (0xd03f2423) mem 0x8000d000 0x00000001
core   0: 0x8000b300 (0xff9ff06f) j       pc - 0x8
core   0: 3 0x8000b300 (0xff9ff06f)
core   0: 0x8000b2f8 (0x00002f17) auipc   t5, 0x2
core   0: 3 0x8000b2f8 (0x00002f17) x30 0x8000d2f8
core   0: 0x8000b2fc (0xd03f2423) sw      gp, -760(t5)
core   0: 3 0x8000b2fc (0xd03f2423) mem 0x8000d000 0x00000001
core   0: 0x8000b300 (0xff9ff06f) j       pc - 0x8
core   0: 3 0x8000b300 (0xff9ff06f)
core   0: 0x8000b2f8 (0x00002f17) auipc   t5, 0x2
core   0: 3 0x8000b2f8 (0x00002f17) x30 0x8000d2f8
core   0: 0x8000b2fc (0xd03f2423) sw      gp, -760(t5)
core   0: 3 0x8000b2fc (0xd03f2423) mem 0x8000d000 0x00000001
core   0: 0x8000b300 (0xff9ff06f) j       pc - 0x8
core   0: 3 0x8000b300 (0xff9ff06f)
core   0: 0x8000b2f8 (0x00002f17) auipc   t5, 0x2
core   0: 3 0x8000b2f8 (0x00002f17) x30 0x8000d2f8
core   0: 0x8000b2fc (0xd03f2423) sw      gp, -760(t5)
core   0: 3 0x8000b2fc (0xd03f2423) mem 0x8000d000 0x00000001
core   0: 0x8000b300 (0xff9ff06f) j       pc - 0x8
core   0: 3 0x8000b300 (0xff9ff06f)
core   0: 0x8000b2f8 (0x00002f17) auipc   t5, 0x2
core   0: 3 0x8000b2f8 (0x00002f17) x30 0x8000d2f8
core   0: 0x8000b2fc (0xd03f2423) sw      gp, -760(t5)
core   0: 3 0x8000b2fc (0xd03f2423) mem 0x8000d000 0x00000001
core   0: 0x8000b300 (0xff9ff06f) j       pc - 0x8
core   0: 3 0x8000b300 (0xff9ff06f)
core   0: 0x8000b2f8 (0x00002f17) auipc   t5, 0x2
core   0: 3 0x8000b2f8 (0x00002f17) x30 0x8000d2f8
core   0: 0x8000b2fc (0xd03f2423) sw      gp, -760(t5)
core   0: 3 0x8000b2fc (0xd03f2423) mem 0x8000d000 0x00000001
core   0: 0x8000b300 (0xff9ff06f) j       pc - 0x8
core   0: 3 0x8000b300 (0xff9ff06f)
core   0: 0x8000b2f8 (0x00002f17) auipc   t5, 0x2
core   0: 3 0x8000b2f8 (0x00002f17) x30 0x8000d2f8
core   0: 0x8000b2fc (0xd03f2423) sw      gp, -760(t5)
core   0: 3 0x8000b2fc (0xd03f2423) mem 0x8000d000 0x00000001
core   0: 0x8000b300 (0xff9ff06f) j       pc - 0x8
core   0: 3 0x8000b300 (0xff9ff06f)
core   0: 0x8000b2f8 (0x00002f17) auipc   t5, 0x2
core   0: 3 0x8000b2f8 (0x00002f17) x30 0x8000d2f8
core   0: 0x8000b2fc (0xd03f2423) sw      gp, -760(t5)
core   0: 3 0x8000b2fc (0xd03f2423) mem 0x8000d000 0x00000001
core   0: 0x8000b300 (0xff9ff06f) j       pc - 0x8
core   0: 3 0x8000b300 (0xff9ff06f)
core   0: 0x8000b2f8 (0x00002f17) auipc   t5, 0x2
core   0: 3 0x8000b2f8 (0x00002f17) x30 0x8000d2f8
core   0: 0x8000b2fc (0xd03f2423) sw      gp, -760(t5)
core   0: 3 0x8000b2fc (0xd03f2423) mem 0x8000d000 0x00000001
core   0: 0x8000b300 (0xff9ff06f) j       pc - 0x8
core   0: 3 0x8000b300 (0xff9ff06f)
core   0: 0x8000b2f8 (0x00002f17) auipc   t5, 0x2
core   0: 3 0x8000b2f8 (0x00002f17) x30 0x8000d2f8
core   0: 0x8000b2fc (0xd03f2423) sw      gp, -760(t5)
core   0: 3 0x8000b2fc (0xd03f2423) mem 0x8000d000 0x00000001
core   0: 0x8000b300 (0xff9ff06f) j       pc - 0x8
core   0: 3 0x8000b300 (0xff9ff06f)
core   0: 0x8000b2f8 (0x00002f17) auipc   t5, 0x2
core   0: 3 0x8000b2f8 (0x00002f17) x30 0x8000d2f8
core   0: 0x8000b2fc (0xd03f2423) sw      gp, -760(t5)
core   0: 3 0x8000b2fc (0xd03f2423) mem 0x8000d000 0x00000001
core   0: 0x8000b300 (0xff9ff06f) j       pc - 0x8
core   0: 3 0x8000b300 (0xff9ff06f)
core   0: 0x8000b2f8 (0x00002f17) auipc   t5, 0x2
core   0: 3 0x8000b2f8 (0x00002f17) x30 0x8000d2f8
core   0: 0x8000b2fc (0xd03f2423) sw      gp, -760(t5)
core   0: 3 0x8000b2fc (0xd03f2423) mem 0x8000d000 0x00000001
core   0: 0x8000b300 (0xff9ff06f) j       pc - 0x8
core   0: 3 0x8000b300 (0xff9ff06f)
core   0: 0x8000b2f8 (0x00002f17) auipc   t5, 0x2
core   0: 3 0x8000b2f8 (0x00002f17) x30 0x8000d2f8
core   0: 0x8000b2fc (0xd03f2423) sw      gp, -760(t5)
core   0: 3 0x8000b2fc (0xd03f2423) mem 0x8000d000 0x00000001
core   0: 0x8000b300 (0xff9ff06f) j       pc - 0x8
core   0: 3 0x8000b300 (0xff9ff06f)
core   0: 0x8000b2f8 (0x00002f17) auipc   t5, 0x2
core   0: 3 0x8000b2f8 (0x00002f17) x30 0x8000d2f8
core   0: 0x8000b2fc (0xd03f2423) sw      gp, -760(t5)
core   0: 3 0x8000b2fc (0xd03f2423) mem 0x8000d000 0x00000001
core   0: 0x8000b300 (0xff9ff06f) j       pc - 0x8
core   0: 3 0x8000b300 (0xff9ff06f)
core   0: 0x8000b2f8 (0x00002f17) auipc   t5, 0x2
core   0: 3 0x8000b2f8 (0x00002f17) x30 0x8000d2f8
core   0: 0x8000b2fc (0xd03f2423) sw      gp, -760(t5)
core   0: 3 0x8000b2fc (0xd03f2423) mem 0x8000d000 0x00000001
core   0: 0x8000b300 (0xff9ff06f) j       pc - 0x8
core   0: 3 0x8000b300 (0xff9ff06f)
core   0: 0x8000b2f8 (0x00002f17) auipc   t5, 0x2
core   0: 3 0x8000b2f8 (0x00002f17) x30 0x8000d2f8
core   0: 0x8000b2fc (0xd03f2423) sw      gp, -760(t5)
core   0: 3 0x8000b2fc (0xd03f2423) mem 0x8000d000 0x00000001
core   0: 0x8000b300 (0xff9ff06f) j       pc - 0x8
core   0: 3 0x8000b300 (0xff9ff06f)
core   0: 0x8000b2f8 (0x00002f17) auipc   t5, 0x2
core   0: 3 0x8000b2f8 (0x00002f17) x30 0x8000d2f8
core   0: 0x8000b2fc (0xd03f2423) sw      gp, -760(t5)
core   0: 3 0x8000b2fc (0xd03f2423) mem 0x8000d000 0x00000001
core   0: 0x8000b300 (0xff9ff06f) j       pc - 0x8
core   0: 3 0x8000b300 (0xff9ff06f)
core   0: 0x8000b2f8 (0x00002f17) auipc   t5, 0x2
core   0: 3 0x8000b2f8 (0x00002f17) x30 0x8000d2f8
core   0: 0x8000b2fc (0xd03f2423) sw      gp, -760(t5)
core   0: 3 0x8000b2fc (0xd03f2423) mem 0x8000d000 0x00000001
core   0: 0x8000b300 (0xff9ff06f) j       pc - 0x8
core   0: 3 0x8000b300 (0xff9ff06f)
core   0: 0x8000b2f8 (0x00002f17) auipc   t5, 0x2
core   0: 3 0x8000b2f8 (0x00002f17) x30 0x8000d2f8
core   0: 0x8000b2fc (0xd03f2423) sw      gp, -760(t5)
core   0: 3 0x8000b2fc (0xd03f2423) mem 0x8000d000 0x00000001
core   0: 0x8000b300 (0xff9ff06f) j       pc - 0x8
core   0: 3 0x8000b300 (0xff9ff06f)
core   0: 0x8000b2f8 (0x00002f17) auipc   t5, 0x2
core   0: 3 0x8000b2f8 (0x00002f17) x30 0x8000d2f8
core   0: 0x8000b2fc (0xd03f2423) sw      gp, -760(t5)
core   0: 3 0x8000b2fc (0xd03f2423) mem 0x8000d000 0x00000001
core   0: 0x8000b300 (0xff9ff06f) j       pc - 0x8
core   0: 3 0x8000b300 (0xff9ff06f)
core   0: 0x8000b2f8 (0x00002f17) auipc   t5, 0x2
core   0: 3 0x8000b2f8 (0x00002f17) x30 0x8000d2f8
core   0: 0x8000b2fc (0xd03f2423) sw      gp, -760(t5)
core   0: 3 0x8000b2fc (0xd03f2423) mem 0x8000d000 0x00000001
core   0: 0x8000b300 (0xff9ff06f) j       pc - 0x8
core   0: 3 0x8000b300 (0xff9ff06f)
core   0: 0x8000b2f8 (0x00002f17) auipc   t5, 0x2
core   0: 3 0x8000b2f8 (0x00002f17) x30 0x8000d2f8
core   0: 0x8000b2fc (0xd03f2423) sw      gp, -760(t5)
core   0: 3 0x8000b2fc (0xd03f2423) mem 0x8000d000 0x00000001
core   0: 0x8000b300 (0xff9ff06f) j       pc - 0x8
core   0: 3 0x8000b300 (0xff9ff06f)
core   0: 0x8000b2f8 (0x00002f17) auipc   t5, 0x2
core   0: 3 0x8000b2f8 (0x00002f17) x30 0x8000d2f8
core   0: 0x8000b2fc (0xd03f2423) sw      gp, -760(t5)
core   0: 3 0x8000b2fc (0xd03f2423) mem 0x8000d000 0x00000001
core   0: 0x8000b300 (0xff9ff06f) j       pc - 0x8
core   0: 3 0x8000b300 (0xff9ff06f)
core   0: 0x8000b2f8 (0x00002f17) auipc   t5, 0x2
core   0: 3 0x8000b2f8 (0x00002f17) x30 0x8000d2f8
core   0: 0x8000b2fc (0xd03f2423) sw      gp, -760(t5)
core   0: 3 0x8000b2fc (0xd03f2423) mem 0x8000d000 0x00000001
core   0: 0x8000b300 (0xff9ff06f) j       pc - 0x8
core   0: 3 0x8000b300 (0xff9ff06f)
core   0: 0x8000b2f8 (0x00002f17) auipc   t5, 0x2
core   0: 3 0x8000b2f8 (0x00002f17) x30 0x8000d2f8
core   0: 0x8000b2fc (0xd03f2423) sw      gp, -760(t5)
core   0: 3 0x8000b2fc (0xd03f2423) mem 0x8000d000 0x00000001
core   0: 0x8000b300 (0xff9ff06f) j       pc - 0x8
core   0: 3 0x8000b300 (0xff9ff06f)
core   0: 0x8000b2f8 (0x00002f17) auipc   t5, 0x2
core   0: 3 0x8000b2f8 (0x00002f17) x30 0x8000d2f8
core   0: 0x8000b2fc (0xd03f2423) sw      gp, -760(t5)
core   0: 3 0x8000b2fc (0xd03f2423) mem 0x8000d000 0x00000001
core   0: 0x8000b300 (0xff9ff06f) j       pc - 0x8
core   0: 3 0x8000b300 (0xff9ff06f)
core   0: 0x8000b2f8 (0x00002f17) auipc   t5, 0x2
core   0: 3 0x8000b2f8 (0x00002f17) x30 0x8000d2f8
core   0: 0x8000b2fc (0xd03f2423) sw      gp, -760(t5)
core   0: 3 0x8000b2fc (0xd03f2423) mem 0x8000d000 0x00000001
core   0: 0x8000b300 (0xff9ff06f) j       pc - 0x8
core   0: 3 0x8000b300 (0xff9ff06f)
core   0: 0x8000b2f8 (0x00002f17) auipc   t5, 0x2
core   0: 3 0x8000b2f8 (0x00002f17) x30 0x8000d2f8
core   0: 0x8000b2fc (0xd03f2423) sw      gp, -760(t5)
core   0: 3 0x8000b2fc (0xd03f2423) mem 0x8000d000 0x00000001
core   0: 0x8000b300 (0xff9ff06f) j       pc - 0x8
core   0: 3 0x8000b300 (0xff9ff06f)
core   0: 0x8000b2f8 (0x00002f17) auipc   t5, 0x2
core   0: 3 0x8000b2f8 (0x00002f17) x30 0x8000d2f8
core   0: 0x8000b2fc (0xd03f2423) sw      gp, -760(t5)
core   0: 3 0x8000b2fc (0xd03f2423) mem 0x8000d000 0x00000001
core   0: 0x8000b300 (0xff9ff06f) j       pc - 0x8
core   0: 3 0x8000b300 (0xff9ff06f)
core   0: 0x8000b2f8 (0x00002f17) auipc   t5, 0x2
core   0: 3 0x8000b2f8 (0x00002f17) x30 0x8000d2f8
core   0: 0x8000b2fc (0xd03f2423) sw      gp, -760(t5)
core   0: 3 0x8000b2fc (0xd03f2423) mem 0x8000d000 0x00000001
core   0: 0x8000b300 (0xff9ff06f) j       pc - 0x8
core   0: 3 0x8000b300 (0xff9ff06f)
core   0: 0x8000b2f8 (0x00002f17) auipc   t5, 0x2
core   0: 3 0x8000b2f8 (0x00002f17) x30 0x8000d2f8
core   0: 0x8000b2fc (0xd03f2423) sw      gp, -760(t5)
core   0: 3 0x8000b2fc (0xd03f2423) mem 0x8000d000 0x00000001
core   0: 0x8000b300 (0xff9ff06f) j       pc - 0x8
core   0: 3 0x8000b300 (0xff9ff06f)
core   0: 0x8000b2f8 (0x00002f17) auipc   t5, 0x2
core   0: 3 0x8000b2f8 (0x00002f17) x30 0x8000d2f8
core   0: 0x8000b2fc (0xd03f2423) sw      gp, -760(t5)
core   0: 3 0x8000b2fc (0xd03f2423) mem 0x8000d000 0x00000001
core   0: 0x8000b300 (0xff9ff06f) j       pc - 0x8
core   0: 3 0x8000b300 (0xff9ff06f)
core   0: 0x8000b2f8 (0x00002f17) auipc   t5, 0x2
core   0: 3 0x8000b2f8 (0x00002f17) x30 0x8000d2f8
core   0: 0x8000b2fc (0xd03f2423) sw      gp, -760(t5)
core   0: 3 0x8000b2fc (0xd03f2423) mem 0x8000d000 0x00000001
core   0: 0x8000b300 (0xff9ff06f) j       pc - 0x8
core   0: 3 0x8000b300 (0xff9ff06f)
core   0: 0x8000b2f8 (0x00002f17) auipc   t5, 0x2
core   0: 3 0x8000b2f8 (0x00002f17) x30 0x8000d2f8
core   0: 0x8000b2fc (0xd03f2423) sw      gp, -760(t5)
core   0: 3 0x8000b2fc (0xd03f2423) mem 0x8000d000 0x00000001
core   0: 0x8000b300 (0xff9ff06f) j       pc - 0x8
core   0: 3 0x8000b300 (0xff9ff06f)
core   0: 0x8000b2f8 (0x00002f17) auipc   t5, 0x2
core   0: 3 0x8000b2f8 (0x00002f17) x30 0x8000d2f8
core   0: 0x8000b2fc (0xd03f2423) sw      gp, -760(t5)
core   0: 3 0x8000b2fc (0xd03f2423) mem 0x8000d000 0x00000001
core   0: 0x8000b300 (0xff9ff06f) j       pc - 0x8
core   0: 3 0x8000b300 (0xff9ff06f)
core   0: 0x8000b2f8 (0x00002f17) auipc   t5, 0x2
core   0: 3 0x8000b2f8 (0x00002f17) x30 0x8000d2f8
core   0: 0x8000b2fc (0xd03f2423) sw      gp, -760(t5)
core   0: 3 0x8000b2fc (0xd03f2423) mem 0x8000d000 0x00000001
core   0: 0x8000b300 (0xff9ff06f) j       pc - 0x8
core   0: 3 0x8000b300 (0xff9ff06f)
core   0: 0x8000b2f8 (0x00002f17) auipc   t5, 0x2
core   0: 3 0x8000b2f8 (0x00002f17) x30 0x8000d2f8
core   0: 0x8000b2fc (0xd03f2423) sw      gp, -760(t5)
core   0: 3 0x8000b2fc (0xd03f2423) mem 0x8000d000 0x00000001
core   0: 0x8000b300 (0xff9ff06f) j       pc - 0x8
core   0: 3 0x8000b300 (0xff9ff06f)
core   0: 0x8000b2f8 (0x00002f17) auipc   t5, 0x2
core   0: 3 0x8000b2f8 (0x00002f17) x30 0x8000d2f8
core   0: 0x8000b2fc (0xd03f2423) sw      gp, -760(t5)
core   0: 3 0x8000b2fc (0xd03f2423) mem 0x8000d000 0x00000001
core   0: 0x8000b300 (0xff9ff06f) j       pc - 0x8
core   0: 3 0x8000b300 (0xff9ff06f)
core   0: 0x8000b2f8 (0x00002f17) auipc   t5, 0x2
core   0: 3 0x8000b2f8 (0x00002f17) x30 0x8000d2f8
core   0: 0x8000b2fc (0xd03f2423) sw      gp, -760(t5)
core   0: 3 0x8000b2fc (0xd03f2423) mem 0x8000d000 0x00000001
core   0: 0x8000b300 (0xff9ff06f) j       pc - 0x8
core   0: 3 0x8000b300 (0xff9ff06f)
core   0: 0x8000b2f8 (0x00002f17) auipc   t5, 0x2
core   0: 3 0x8000b2f8 (0x00002f17) x30 0x8000d2f8
core   0: 0x8000b2fc (0xd03f2423) sw      gp, -760(t5)
core   0: 3 0x8000b2fc (0xd03f2423) mem 0x8000d000 0x00000001
core   0: 0x8000b300 (0xff9ff06f) j       pc - 0x8
core   0: 3 0x8000b300 (0xff9ff06f)
core   0: 0x8000b2f8 (0x00002f17) auipc   t5, 0x2
core   0: 3 0x8000b2f8 (0x00002f17) x30 0x8000d2f8
core   0: 0x8000b2fc (0xd03f2423) sw      gp, -760(t5)
core   0: 3 0x8000b2fc (0xd03f2423) mem 0x8000d000 0x00000001
core   0: 0x8000b300 (0xff9ff06f) j       pc - 0x8
core   0: 3 0x8000b300 (0xff9ff06f)
core   0: 0x8000b2f8 (0x00002f17) auipc   t5, 0x2
core   0: 3 0x8000b2f8 (0x00002f17) x30 0x8000d2f8
core   0: 0x8000b2fc (0xd03f2423) sw      gp, -760(t5)
core   0: 3 0x8000b2fc (0xd03f2423) mem 0x8000d000 0x00000001
core   0: 0x8000b300 (0xff9ff06f) j       pc - 0x8
core   0: 3 0x8000b300 (0xff9ff06f)
core   0: 0x8000b2f8 (0x00002f17) auipc   t5, 0x2
core   0: 3 0x8000b2f8 (0x00002f17) x30 0x8000d2f8
core   0: 0x8000b2fc (0xd03f2423) sw      gp, -760(t5)
core   0: 3 0x8000b2fc (0xd03f2423) mem 0x8000d000 0x00000001
core   0: 0x8000b300 (0xff9ff06f) j       pc - 0x8
core   0: 3 0x8000b300 (0xff9ff06f)
core   0: 0x8000b2f8 (0x00002f17) auipc   t5, 0x2
core   0: 3 0x8000b2f8 (0x00002f17) x30 0x8000d2f8
core   0: 0x8000b2fc (0xd03f2423) sw      gp, -760(t5)
core   0: 3 0x8000b2fc (0xd03f2423) mem 0x8000d000 0x00000001
core   0: 0x8000b300 (0xff9ff06f) j       pc - 0x8
core   0: 3 0x8000b300 (0xff9ff06f)
core   0: 0x8000b2f8 (0x00002f17) auipc   t5, 0x2
core   0: 3 0x8000b2f8 (0x00002f17) x30 0x8000d2f8
core   0: 0x8000b2fc (0xd03f2423) sw      gp, -760(t5)
core   0: 3 0x8000b2fc (0xd03f2423) mem 0x8000d000 0x00000001
core   0: 0x8000b300 (0xff9ff06f) j       pc - 0x8
core   0: 3 0x8000b300 (0xff9ff06f)
core   0: 0x8000b2f8 (0x00002f17) auipc   t5, 0x2
core   0: 3 0x8000b2f8 (0x00002f17) x30 0x8000d2f8
core   0: 0x8000b2fc (0xd03f2423) sw      gp, -760(t5)
core   0: 3 0x8000b2fc (0xd03f2423) mem 0x8000d000 0x00000001
core   0: 0x8000b300 (0xff9ff06f) j       pc - 0x8
core   0: 3 0x8000b300 (0xff9ff06f)
core   0: 0x8000b2f8 (0x00002f17) auipc   t5, 0x2
core   0: 3 0x8000b2f8 (0x00002f17) x30 0x8000d2f8
core   0: 0x8000b2fc (0xd03f2423) sw      gp, -760(t5)
core   0: 3 0x8000b2fc (0xd03f2423) mem 0x8000d000 0x00000001
core   0: 0x8000b300 (0xff9ff06f) j       pc - 0x8
core   0: 3 0x8000b300 (0xff9ff06f)
core   0: 0x8000b2f8 (0x00002f17) auipc   t5, 0x2
core   0: 3 0x8000b2f8 (0x00002f17) x30 0x8000d2f8
core   0: 0x8000b2fc (0xd03f2423) sw      gp, -760(t5)
core   0: 3 0x8000b2fc (0xd03f2423) mem 0x8000d000 0x00000001
core   0: 0x8000b300 (0xff9ff06f) j       pc - 0x8
core   0: 3 0x8000b300 (0xff9ff06f)
core   0: 0x8000b2f8 (0x00002f17) auipc   t5, 0x2
core   0: 3 0x8000b2f8 (0x00002f17) x30 0x8000d2f8
core   0: 0x8000b2fc (0xd03f2423) sw      gp, -760(t5)
core   0: 3 0x8000b2fc (0xd03f2423) mem 0x8000d000 0x00000001
core   0: 0x8000b300 (0xff9ff06f) j       pc - 0x8
core   0: 3 0x8000b300 (0xff9ff06f)
core   0: 0x8000b2f8 (0x00002f17) auipc   t5, 0x2
core   0: 3 0x8000b2f8 (0x00002f17) x30 0x8000d2f8
core   0: 0x8000b2fc (0xd03f2423) sw      gp, -760(t5)
core   0: 3 0x8000b2fc (0xd03f2423) mem 0x8000d000 0x00000001
core   0: 0x8000b300 (0xff9ff06f) j       pc - 0x8
core   0: 3 0x8000b300 (0xff9ff06f)
core   0: 0x8000b2f8 (0x00002f17) auipc   t5, 0x2
core   0: 3 0x8000b2f8 (0x00002f17) x30 0x8000d2f8
core   0: 0x8000b2fc (0xd03f2423) sw      gp, -760(t5)
core   0: 3 0x8000b2fc (0xd03f2423) mem 0x8000d000 0x00000001
core   0: 0x8000b300 (0xff9ff06f) j       pc - 0x8
core   0: 3 0x8000b300 (0xff9ff06f)
core   0: 0x8000b2f8 (0x00002f17) auipc   t5, 0x2
core   0: 3 0x8000b2f8 (0x00002f17) x30 0x8000d2f8
core   0: 0x8000b2fc (0xd03f2423) sw      gp, -760(t5)
core   0: 3 0x8000b2fc (0xd03f2423) mem 0x8000d000 0x00000001
core   0: 0x8000b300 (0xff9ff06f) j       pc - 0x8
core   0: 3 0x8000b300 (0xff9ff06f)
core   0: 0x8000b2f8 (0x00002f17) auipc   t5, 0x2
core   0: 3 0x8000b2f8 (0x00002f17) x30 0x8000d2f8
core   0: 0x8000b2fc (0xd03f2423) sw      gp, -760(t5)
core   0: 3 0x8000b2fc (0xd03f2423) mem 0x8000d000 0x00000001
core   0: 0x8000b300 (0xff9ff06f) j       pc - 0x8
core   0: 3 0x8000b300 (0xff9ff06f)
core   0: 0x8000b2f8 (0x00002f17) auipc   t5, 0x2
core   0: 3 0x8000b2f8 (0x00002f17) x30 0x8000d2f8
core   0: 0x8000b2fc (0xd03f2423) sw      gp, -760(t5)
core   0: 3 0x8000b2fc (0xd03f2423) mem 0x8000d000 0x00000001
core   0: 0x8000b300 (0xff9ff06f) j       pc - 0x8
core   0: 3 0x8000b300 (0xff9ff06f)
core   0: 0x8000b2f8 (0x00002f17) auipc   t5, 0x2
core   0: 3 0x8000b2f8 (0x00002f17) x30 0x8000d2f8
core   0: 0x8000b2fc (0xd03f2423) sw      gp, -760(t5)
core   0: 3 0x8000b2fc (0xd03f2423) mem 0x8000d000 0x00000001
core   0: 0x8000b300 (0xff9ff06f) j       pc - 0x8
core   0: 3 0x8000b300 (0xff9ff06f)
core   0: 0x8000b2f8 (0x00002f17) auipc   t5, 0x2
core   0: 3 0x8000b2f8 (0x00002f17) x30 0x8000d2f8
core   0: 0x8000b2fc (0xd03f2423) sw      gp, -760(t5)
core   0: 3 0x8000b2fc (0xd03f2423) mem 0x8000d000 0x00000001
core   0: 0x8000b300 (0xff9ff06f) j       pc - 0x8
core   0: 3 0x8000b300 (0xff9ff06f)
core   0: 0x8000b2f8 (0x00002f17) auipc   t5, 0x2
core   0: 3 0x8000b2f8 (0x00002f17) x30 0x8000d2f8
core   0: 0x8000b2fc (0xd03f2423) sw      gp, -760(t5)
core   0: 3 0x8000b2fc (0xd03f2423) mem 0x8000d000 0x00000001
core   0: 0x8000b300 (0xff9ff06f) j       pc - 0x8
core   0: 3 0x8000b300 (0xff9ff06f)
core   0: 0x8000b2f8 (0x00002f17) auipc   t5, 0x2
core   0: 3 0x8000b2f8 (0x00002f17) x30 0x8000d2f8
core   0: 0x8000b2fc (0xd03f2423) sw      gp, -760(t5)
core   0: 3 0x8000b2fc (0xd03f2423) mem 0x8000d000 0x00000001
core   0: 0x8000b300 (0xff9ff06f) j       pc - 0x8
core   0: 3 0x8000b300 (0xff9ff06f)
core   0: 0x8000b2f8 (0x00002f17) auipc   t5, 0x2
core   0: 3 0x8000b2f8 (0x00002f17) x30 0x8000d2f8
core   0: 0x8000b2fc (0xd03f2423) sw      gp, -760(t5)
core   0: 3 0x8000b2fc (0xd03f2423) mem 0x8000d000 0x00000001
core   0: 0x8000b300 (0xff9ff06f) j       pc - 0x8
core   0: 3 0x8000b300 (0xff9ff06f)
core   0: 0x8000b2f8 (0x00002f17) auipc   t5, 0x2
core   0: 3 0x8000b2f8 (0x00002f17) x30 0x8000d2f8
core   0: 0x8000b2fc (0xd03f2423) sw      gp, -760(t5)
core   0: 3 0x8000b2fc (0xd03f2423) mem 0x8000d000 0x00000001
core   0: 0x8000b300 (0xff9ff06f) j       pc - 0x8
core   0: 3 0x8000b300 (0xff9ff06f)
core   0: 0x8000b2f8 (0x00002f17) auipc   t5, 0x2
core   0: 3 0x8000b2f8 (0x00002f17) x30 0x8000d2f8
core   0: 0x8000b2fc (0xd03f2423) sw      gp, -760(t5)
core   0: 3 0x8000b2fc (0xd03f2423) mem 0x8000d000 0x00000001
core   0: 0x8000b300 (0xff9ff06f) j       pc - 0x8
core   0: 3 0x8000b300 (0xff9ff06f)
core   0: 0x8000b2f8 (0x00002f17) auipc   t5, 0x2
core   0: 3 0x8000b2f8 (0x00002f17) x30 0x8000d2f8
core   0: 0x8000b2fc (0xd03f2423) sw      gp, -760(t5)
core   0: 3 0x8000b2fc (0xd03f2423) mem 0x8000d000 0x00000001
core   0: 0x8000b300 (0xff9ff06f) j       pc - 0x8
core   0: 3 0x8000b300 (0xff9ff06f)
core   0: 0x8000b2f8 (0x00002f17) auipc   t5, 0x2
core   0: 3 0x8000b2f8 (0x00002f17) x30 0x8000d2f8
core   0: 0x8000b2fc (0xd03f2423) sw      gp, -760(t5)
core   0: 3 0x8000b2fc (0xd03f2423) mem 0x8000d000 0x00000001
core   0: 0x8000b300 (0xff9ff06f) j       pc - 0x8
core   0: 3 0x8000b300 (0xff9ff06f)
core   0: 0x8000b2f8 (0x00002f17) auipc   t5, 0x2
core   0: 3 0x8000b2f8 (0x00002f17) x30 0x8000d2f8
core   0: 0x8000b2fc (0xd03f2423) sw      gp, -760(t5)
core   0: 3 0x8000b2fc (0xd03f2423) mem 0x8000d000 0x00000001
core   0: 0x8000b300 (0xff9ff06f) j       pc - 0x8
core   0: 3 0x8000b300 (0xff9ff06f)
core   0: 0x8000b2f8 (0x00002f17) auipc   t5, 0x2
core   0: 3 0x8000b2f8 (0x00002f17) x30 0x8000d2f8
core   0: 0x8000b2fc (0xd03f2423) sw      gp, -760(t5)
core   0: 3 0x8000b2fc (0xd03f2423) mem 0x8000d000 0x00000001
core   0: 0x8000b300 (0xff9ff06f) j       pc - 0x8
core   0: 3 0x8000b300 (0xff9ff06f)
core   0: 0x8000b2f8 (0x00002f17) auipc   t5, 0x2
core   0: 3 0x8000b2f8 (0x00002f17) x30 0x8000d2f8
core   0: 0x8000b2fc (0xd03f2423) sw      gp, -760(t5)
core   0: 3 0x8000b2fc (0xd03f2423) mem 0x8000d000 0x00000001
core   0: 0x8000b300 (0xff9ff06f) j       pc - 0x8
core   0: 3 0x8000b300 (0xff9ff06f)
core   0: 0x8000b2f8 (0x00002f17) auipc   t5, 0x2
core   0: 3 0x8000b2f8 (0x00002f17) x30 0x8000d2f8
core   0: 0x8000b2fc (0xd03f2423) sw      gp, -760(t5)
core   0: 3 0x8000b2fc (0xd03f2423) mem 0x8000d000 0x00000001
core   0: 0x8000b300 (0xff9ff06f) j       pc - 0x8
core   0: 3 0x8000b300 (0xff9ff06f)
core   0: 0x8000b2f8 (0x00002f17) auipc   t5, 0x2
core   0: 3 0x8000b2f8 (0x00002f17) x30 0x8000d2f8
core   0: 0x8000b2fc (0xd03f2423) sw      gp, -760(t5)
core   0: 3 0x8000b2fc (0xd03f2423) mem 0x8000d000 0x00000001
core   0: 0x8000b300 (0xff9ff06f) j       pc - 0x8
core   0: 3 0x8000b300 (0xff9ff06f)
core   0: 0x8000b2f8 (0x00002f17) auipc   t5, 0x2
core   0: 3 0x8000b2f8 (0x00002f17) x30 0x8000d2f8
core   0: 0x8000b2fc (0xd03f2423) sw      gp, -760(t5)
core   0: 3 0x8000b2fc (0xd03f2423) mem 0x8000d000 0x00000001
core   0: 0x8000b300 (0xff9ff06f) j       pc - 0x8
core   0: 3 0x8000b300 (0xff9ff06f)
core   0: 0x8000b2f8 (0x00002f17) auipc   t5, 0x2
core   0: 3 0x8000b2f8 (0x00002f17) x30 0x8000d2f8
core   0: 0x8000b2fc (0xd03f2423) sw      gp, -760(t5)
core   0: 3 0x8000b2fc (0xd03f2423) mem 0x8000d000 0x00000001
core   0: 0x8000b300 (0xff9ff06f) j       pc - 0x8
core   0: 3 0x8000b300 (0xff9ff06f)
core   0: 0x8000b2f8 (0x00002f17) auipc   t5, 0x2
core   0: 3 0x8000b2f8 (0x00002f17) x30 0x8000d2f8
core   0: 0x8000b2fc (0xd03f2423) sw      gp, -760(t5)
core   0: 3 0x8000b2fc (0xd03f2423) mem 0x8000d000 0x00000001
core   0: 0x8000b300 (0xff9ff06f) j       pc - 0x8
core   0: 3 0x8000b300 (0xff9ff06f)
core   0: 0x8000b2f8 (0x00002f17) auipc   t5, 0x2
core   0: 3 0x8000b2f8 (0x00002f17) x30 0x8000d2f8
core   0: 0x8000b2fc (0xd03f2423) sw      gp, -760(t5)
core   0: 3 0x8000b2fc (0xd03f2423) mem 0x8000d000 0x00000001
core   0: 0x8000b300 (0xff9ff06f) j       pc - 0x8
core   0: 3 0x8000b300 (0xff9ff06f)
core   0: 0x8000b2f8 (0x00002f17) auipc   t5, 0x2
core   0: 3 0x8000b2f8 (0x00002f17) x30 0x8000d2f8
core   0: 0x8000b2fc (0xd03f2423) sw      gp, -760(t5)
core   0: 3 0x8000b2fc (0xd03f2423) mem 0x8000d000 0x00000001
core   0: 0x8000b300 (0xff9ff06f) j       pc - 0x8
core   0: 3 0x8000b300 (0xff9ff06f)
core   0: 0x8000b2f8 (0x00002f17) auipc   t5, 0x2
core   0: 3 0x8000b2f8 (0x00002f17) x30 0x8000d2f8
core   0: 0x8000b2fc (0xd03f2423) sw      gp, -760(t5)
core   0: 3 0x8000b2fc (0xd03f2423) mem 0x8000d000 0x00000001
core   0: 0x8000b300 (0xff9ff06f) j       pc - 0x8
core   0: 3 0x8000b300 (0xff9ff06f)
core   0: 0x8000b2f8 (0x00002f17) auipc   t5, 0x2
core   0: 3 0x8000b2f8 (0x00002f17) x30 0x8000d2f8
core   0: 0x8000b2fc (0xd03f2423) sw      gp, -760(t5)
core   0: 3 0x8000b2fc (0xd03f2423) mem 0x8000d000 0x00000001
core   0: 0x8000b300 (0xff9ff06f) j       pc - 0x8
core   0: 3 0x8000b300 (0xff9ff06f)
core   0: 0x8000b2f8 (0x00002f17) auipc   t5, 0x2
core   0: 3 0x8000b2f8 (0x00002f17) x30 0x8000d2f8
core   0: 0x8000b2fc (0xd03f2423) sw      gp, -760(t5)
core   0: 3 0x8000b2fc (0xd03f2423) mem 0x8000d000 0x00000001
core   0: 0x8000b300 (0xff9ff06f) j       pc - 0x8
core   0: 3 0x8000b300 (0xff9ff06f)
core   0: 0x8000b2f8 (0x00002f17) auipc   t5, 0x2
core   0: 3 0x8000b2f8 (0x00002f17) x30 0x8000d2f8
core   0: 0x8000b2fc (0xd03f2423) sw      gp, -760(t5)
core   0: 3 0x8000b2fc (0xd03f2423) mem 0x8000d000 0x00000001
core   0: 0x8000b300 (0xff9ff06f) j       pc - 0x8
core   0: 3 0x8000b300 (0xff9ff06f)
core   0: 0x8000b2f8 (0x00002f17) auipc   t5, 0x2
core   0: 3 0x8000b2f8 (0x00002f17) x30 0x8000d2f8
core   0: 0x8000b2fc (0xd03f2423) sw      gp, -760(t5)
core   0: 3 0x8000b2fc (0xd03f2423) mem 0x8000d000 0x00000001
core   0: 0x8000b300 (0xff9ff06f) j       pc - 0x8
core   0: 3 0x8000b300 (0xff9ff06f)
core   0: 0x8000b2f8 (0x00002f17) auipc   t5, 0x2
core   0: 3 0x8000b2f8 (0x00002f17) x30 0x8000d2f8
core   0: 0x8000b2fc (0xd03f2423) sw      gp, -760(t5)
core   0: 3 0x8000b2fc (0xd03f2423) mem 0x8000d000 0x00000001
core   0: 0x8000b300 (0xff9ff06f) j       pc - 0x8
core   0: 3 0x8000b300 (0xff9ff06f)
core   0: 0x8000b2f8 (0x00002f17) auipc   t5, 0x2
core   0: 3 0x8000b2f8 (0x00002f17) x30 0x8000d2f8
core   0: 0x8000b2fc (0xd03f2423) sw      gp, -760(t5)
core   0: 3 0x8000b2fc (0xd03f2423) mem 0x8000d000 0x00000001
core   0: 0x8000b300 (0xff9ff06f) j       pc - 0x8
core   0: 3 0x8000b300 (0xff9ff06f)
core   0: 0x8000b2f8 (0x00002f17) auipc   t5, 0x2
core   0: 3 0x8000b2f8 (0x00002f17) x30 0x8000d2f8
core   0: 0x8000b2fc (0xd03f2423) sw      gp, -760(t5)
core   0: 3 0x8000b2fc (0xd03f2423) mem 0x8000d000 0x00000001
core   0: 0x8000b300 (0xff9ff06f) j       pc - 0x8
core   0: 3 0x8000b300 (0xff9ff06f)
core   0: 0x8000b2f8 (0x00002f17) auipc   t5, 0x2
core   0: 3 0x8000b2f8 (0x00002f17) x30 0x8000d2f8
core   0: 0x8000b2fc (0xd03f2423) sw      gp, -760(t5)
core   0: 3 0x8000b2fc (0xd03f2423) mem 0x8000d000 0x00000001
core   0: 0x8000b300 (0xff9ff06f) j       pc - 0x8
core   0: 3 0x8000b300 (0xff9ff06f)
core   0: 0x8000b2f8 (0x00002f17) auipc   t5, 0x2
core   0: 3 0x8000b2f8 (0x00002f17) x30 0x8000d2f8
core   0: 0x8000b2fc (0xd03f2423) sw      gp, -760(t5)
core   0: 3 0x8000b2fc (0xd03f2423) mem 0x8000d000 0x00000001
core   0: 0x8000b300 (0xff9ff06f) j       pc - 0x8
core   0: 3 0x8000b300 (0xff9ff06f)
core   0: 0x8000b2f8 (0x00002f17) auipc   t5, 0x2
core   0: 3 0x8000b2f8 (0x00002f17) x30 0x8000d2f8
core   0: 0x8000b2fc (0xd03f2423) sw      gp, -760(t5)
core   0: 3 0x8000b2fc (0xd03f2423) mem 0x8000d000 0x00000001
core   0: 0x8000b300 (0xff9ff06f) j       pc - 0x8
core   0: 3 0x8000b300 (0xff9ff06f)
core   0: 0x8000b2f8 (0x00002f17) auipc   t5, 0x2
core   0: 3 0x8000b2f8 (0x00002f17) x30 0x8000d2f8
core   0: 0x8000b2fc (0xd03f2423) sw      gp, -760(t5)
core   0: 3 0x8000b2fc (0xd03f2423) mem 0x8000d000 0x00000001
core   0: 0x8000b300 (0xff9ff06f) j       pc - 0x8
core   0: 3 0x8000b300 (0xff9ff06f)
core   0: 0x8000b2f8 (0x00002f17) auipc   t5, 0x2
core   0: 3 0x8000b2f8 (0x00002f17) x30 0x8000d2f8
core   0: 0x8000b2fc (0xd03f2423) sw      gp, -760(t5)
core   0: 3 0x8000b2fc (0xd03f2423) mem 0x8000d000 0x00000001
core   0: 0x8000b300 (0xff9ff06f) j       pc - 0x8
core   0: 3 0x8000b300 (0xff9ff06f)
core   0: 0x8000b2f8 (0x00002f17) auipc   t5, 0x2
core   0: 3 0x8000b2f8 (0x00002f17) x30 0x8000d2f8
core   0: 0x8000b2fc (0xd03f2423) sw      gp, -760(t5)
core   0: 3 0x8000b2fc (0xd03f2423) mem 0x8000d000 0x00000001
core   0: 0x8000b300 (0xff9ff06f) j       pc - 0x8
core   0: 3 0x8000b300 (0xff9ff06f)
core   0: 0x8000b2f8 (0x00002f17) auipc   t5, 0x2
core   0: 3 0x8000b2f8 (0x00002f17) x30 0x8000d2f8
core   0: 0x8000b2fc (0xd03f2423) sw      gp, -760(t5)
core   0: 3 0x8000b2fc (0xd03f2423) mem 0x8000d000 0x00000001
core   0: 0x8000b300 (0xff9ff06f) j       pc - 0x8
core   0: 3 0x8000b300 (0xff9ff06f)
core   0: 0x8000b2f8 (0x00002f17) auipc   t5, 0x2
core   0: 3 0x8000b2f8 (0x00002f17) x30 0x8000d2f8
core   0: 0x8000b2fc (0xd03f2423) sw      gp, -760(t5)
core   0: 3 0x8000b2fc (0xd03f2423) mem 0x8000d000 0x00000001
core   0: 0x8000b300 (0xff9ff06f) j       pc - 0x8
core   0: 3 0x8000b300 (0xff9ff06f)
core   0: 0x8000b2f8 (0x00002f17) auipc   t5, 0x2
core   0: 3 0x8000b2f8 (0x00002f17) x30 0x8000d2f8
core   0: 0x8000b2fc (0xd03f2423) sw      gp, -760(t5)
core   0: 3 0x8000b2fc (0xd03f2423) mem 0x8000d000 0x00000001
core   0: 0x8000b300 (0xff9ff06f) j       pc - 0x8
core   0: 3 0x8000b300 (0xff9ff06f)
core   0: 0x8000b2f8 (0x00002f17) auipc   t5, 0x2
core   0: 3 0x8000b2f8 (0x00002f17) x30 0x8000d2f8
core   0: 0x8000b2fc (0xd03f2423) sw      gp, -760(t5)
core   0: 3 0x8000b2fc (0xd03f2423) mem 0x8000d000 0x00000001
core   0: 0x8000b300 (0xff9ff06f) j       pc - 0x8
core   0: 3 0x8000b300 (0xff9ff06f)
core   0: 0x8000b2f8 (0x00002f17) auipc   t5, 0x2
core   0: 3 0x8000b2f8 (0x00002f17) x30 0x8000d2f8
core   0: 0x8000b2fc (0xd03f2423) sw      gp, -760(t5)
core   0: 3 0x8000b2fc (0xd03f2423) mem 0x8000d000 0x00000001
core   0: 0x8000b300 (0xff9ff06f) j       pc - 0x8
core   0: 3 0x8000b300 (0xff9ff06f)
core   0: 0x8000b2f8 (0x00002f17) auipc   t5, 0x2
core   0: 3 0x8000b2f8 (0x00002f17) x30 0x8000d2f8
core   0: 0x8000b2fc (0xd03f2423) sw      gp, -760(t5)
core   0: 3 0x8000b2fc (0xd03f2423) mem 0x8000d000 0x00000001
core   0: 0x8000b300 (0xff9ff06f) j       pc - 0x8
core   0: 3 0x8000b300 (0xff9ff06f)
core   0: 0x8000b2f8 (0x00002f17) auipc   t5, 0x2
core   0: 3 0x8000b2f8 (0x00002f17) x30 0x8000d2f8
core   0: 0x8000b2fc (0xd03f2423) sw      gp, -760(t5)
core   0: 3 0x8000b2fc (0xd03f2423) mem 0x8000d000 0x00000001
core   0: 0x8000b300 (0xff9ff06f) j       pc - 0x8
core   0: 3 0x8000b300 (0xff9ff06f)
core   0: 0x8000b2f8 (0x00002f17) auipc   t5, 0x2
core   0: 3 0x8000b2f8 (0x00002f17) x30 0x8000d2f8
core   0: 0x8000b2fc (0xd03f2423) sw      gp, -760(t5)
core   0: 3 0x8000b2fc (0xd03f2423) mem 0x8000d000 0x00000001
core   0: 0x8000b300 (0xff9ff06f) j       pc - 0x8
core   0: 3 0x8000b300 (0xff9ff06f)
core   0: 0x8000b2f8 (0x00002f17) auipc   t5, 0x2
core   0: 3 0x8000b2f8 (0x00002f17) x30 0x8000d2f8
core   0: 0x8000b2fc (0xd03f2423) sw      gp, -760(t5)
core   0: 3 0x8000b2fc (0xd03f2423) mem 0x8000d000 0x00000001
core   0: 0x8000b300 (0xff9ff06f) j       pc - 0x8
core   0: 3 0x8000b300 (0xff9ff06f)
core   0: 0x8000b2f8 (0x00002f17) auipc   t5, 0x2
core   0: 3 0x8000b2f8 (0x00002f17) x30 0x8000d2f8
core   0: 0x8000b2fc (0xd03f2423) sw      gp, -760(t5)
core   0: 3 0x8000b2fc (0xd03f2423) mem 0x8000d000 0x00000001
core   0: 0x8000b300 (0xff9ff06f) j       pc - 0x8
core   0: 3 0x8000b300 (0xff9ff06f)
core   0: 0x8000b2f8 (0x00002f17) auipc   t5, 0x2
core   0: 3 0x8000b2f8 (0x00002f17) x30 0x8000d2f8
core   0: 0x8000b2fc (0xd03f2423) sw      gp, -760(t5)
core   0: 3 0x8000b2fc (0xd03f2423) mem 0x8000d000 0x00000001
core   0: 0x8000b300 (0xff9ff06f) j       pc - 0x8
core   0: 3 0x8000b300 (0xff9ff06f)
core   0: 0x8000b2f8 (0x00002f17) auipc   t5, 0x2
core   0: 3 0x8000b2f8 (0x00002f17) x30 0x8000d2f8
core   0: 0x8000b2fc (0xd03f2423) sw      gp, -760(t5)
core   0: 3 0x8000b2fc (0xd03f2423) mem 0x8000d000 0x00000001
core   0: 0x8000b300 (0xff9ff06f) j       pc - 0x8
core   0: 3 0x8000b300 (0xff9ff06f)
core   0: 0x8000b2f8 (0x00002f17) auipc   t5, 0x2
core   0: 3 0x8000b2f8 (0x00002f17) x30 0x8000d2f8
core   0: 0x8000b2fc (0xd03f2423) sw      gp, -760(t5)
core   0: 3 0x8000b2fc (0xd03f2423) mem 0x8000d000 0x00000001
core   0: 0x8000b300 (0xff9ff06f) j       pc - 0x8
core   0: 3 0x8000b300 (0xff9ff06f)
core   0: 0x8000b2f8 (0x00002f17) auipc   t5, 0x2
core   0: 3 0x8000b2f8 (0x00002f17) x30 0x8000d2f8
core   0: 0x8000b2fc (0xd03f2423) sw      gp, -760(t5)
core   0: 3 0x8000b2fc (0xd03f2423) mem 0x8000d000 0x00000001
core   0: 0x8000b300 (0xff9ff06f) j       pc - 0x8
core   0: 3 0x8000b300 (0xff9ff06f)
core   0: 0x8000b2f8 (0x00002f17) auipc   t5, 0x2
core   0: 3 0x8000b2f8 (0x00002f17) x30 0x8000d2f8
core   0: 0x8000b2fc (0xd03f2423) sw      gp, -760(t5)
core   0: 3 0x8000b2fc (0xd03f2423) mem 0x8000d000 0x00000001
core   0: 0x8000b300 (0xff9ff06f) j       pc - 0x8
core   0: 3 0x8000b300 (0xff9ff06f)
core   0: 0x8000b2f8 (0x00002f17) auipc   t5, 0x2
core   0: 3 0x8000b2f8 (0x00002f17) x30 0x8000d2f8
core   0: 0x8000b2fc (0xd03f2423) sw      gp, -760(t5)
core   0: 3 0x8000b2fc (0xd03f2423) mem 0x8000d000 0x00000001
core   0: 0x8000b300 (0xff9ff06f) j       pc - 0x8
core   0: 3 0x8000b300 (0xff9ff06f)
core   0: 0x8000b2f8 (0x00002f17) auipc   t5, 0x2
core   0: 3 0x8000b2f8 (0x00002f17) x30 0x8000d2f8
core   0: 0x8000b2fc (0xd03f2423) sw      gp, -760(t5)
core   0: 3 0x8000b2fc (0xd03f2423) mem 0x8000d000 0x00000001
core   0: 0x8000b300 (0xff9ff06f) j       pc - 0x8
core   0: 3 0x8000b300 (0xff9ff06f)
core   0: 0x8000b2f8 (0x00002f17) auipc   t5, 0x2
core   0: 3 0x8000b2f8 (0x00002f17) x30 0x8000d2f8
core   0: 0x8000b2fc (0xd03f2423) sw      gp, -760(t5)
core   0: 3 0x8000b2fc (0xd03f2423) mem 0x8000d000 0x00000001
core   0: 0x8000b300 (0xff9ff06f) j       pc - 0x8
core   0: 3 0x8000b300 (0xff9ff06f)
core   0: 0x8000b2f8 (0x00002f17) auipc   t5, 0x2
core   0: 3 0x8000b2f8 (0x00002f17) x30 0x8000d2f8
core   0: 0x8000b2fc (0xd03f2423) sw      gp, -760(t5)
core   0: 3 0x8000b2fc (0xd03f2423) mem 0x8000d000 0x00000001
core   0: 0x8000b300 (0xff9ff06f) j       pc - 0x8
core   0: 3 0x8000b300 (0xff9ff06f)
core   0: 0x8000b2f8 (0x00002f17) auipc   t5, 0x2
core   0: 3 0x8000b2f8 (0x00002f17) x30 0x8000d2f8
core   0: 0x8000b2fc (0xd03f2423) sw      gp, -760(t5)
core   0: 3 0x8000b2fc (0xd03f2423) mem 0x8000d000 0x00000001
core   0: 0x8000b300 (0xff9ff06f) j       pc - 0x8
core   0: 3 0x8000b300 (0xff9ff06f)
core   0: 0x8000b2f8 (0x00002f17) auipc   t5, 0x2
core   0: 3 0x8000b2f8 (0x00002f17) x30 0x8000d2f8
core   0: 0x8000b2fc (0xd03f2423) sw      gp, -760(t5)
core   0: 3 0x8000b2fc (0xd03f2423) mem 0x8000d000 0x00000001
core   0: 0x8000b300 (0xff9ff06f) j       pc - 0x8
core   0: 3 0x8000b300 (0xff9ff06f)
core   0: 0x8000b2f8 (0x00002f17) auipc   t5, 0x2
core   0: 3 0x8000b2f8 (0x00002f17) x30 0x8000d2f8
core   0: 0x8000b2fc (0xd03f2423) sw      gp, -760(t5)
core   0: 3 0x8000b2fc (0xd03f2423) mem 0x8000d000 0x00000001
core   0: 0x8000b300 (0xff9ff06f) j       pc - 0x8
core   0: 3 0x8000b300 (0xff9ff06f)
core   0: 0x8000b2f8 (0x00002f17) auipc   t5, 0x2
core   0: 3 0x8000b2f8 (0x00002f17) x30 0x8000d2f8
core   0: 0x8000b2fc (0xd03f2423) sw      gp, -760(t5)
core   0: 3 0x8000b2fc (0xd03f2423) mem 0x8000d000 0x00000001
core   0: 0x8000b300 (0xff9ff06f) j       pc - 0x8
core   0: 3 0x8000b300 (0xff9ff06f)
core   0: 0x8000b2f8 (0x00002f17) auipc   t5, 0x2
core   0: 3 0x8000b2f8 (0x00002f17) x30 0x8000d2f8
core   0: 0x8000b2fc (0xd03f2423) sw      gp, -760(t5)
core   0: 3 0x8000b2fc (0xd03f2423) mem 0x8000d000 0x00000001
core   0: 0x8000b300 (0xff9ff06f) j       pc - 0x8
core   0: 3 0x8000b300 (0xff9ff06f)
core   0: 0x8000b2f8 (0x00002f17) auipc   t5, 0x2
core   0: 3 0x8000b2f8 (0x00002f17) x30 0x8000d2f8
core   0: 0x8000b2fc (0xd03f2423) sw      gp, -760(t5)
core   0: 3 0x8000b2fc (0xd03f2423) mem 0x8000d000 0x00000001
core   0: 0x8000b300 (0xff9ff06f) j       pc - 0x8
core   0: 3 0x8000b300 (0xff9ff06f)
core   0: 0x8000b2f8 (0x00002f17) auipc   t5, 0x2
core   0: 3 0x8000b2f8 (0x00002f17) x30 0x8000d2f8
core   0: 0x8000b2fc (0xd03f2423) sw      gp, -760(t5)
core   0: 3 0x8000b2fc (0xd03f2423) mem 0x8000d000 0x00000001
core   0: 0x8000b300 (0xff9ff06f) j       pc - 0x8
core   0: 3 0x8000b300 (0xff9ff06f)
core   0: 0x8000b2f8 (0x00002f17) auipc   t5, 0x2
core   0: 3 0x8000b2f8 (0x00002f17) x30 0x8000d2f8
core   0: 0x8000b2fc (0xd03f2423) sw      gp, -760(t5)
core   0: 3 0x8000b2fc (0xd03f2423) mem 0x8000d000 0x00000001
core   0: 0x8000b300 (0xff9ff06f) j       pc - 0x8
core   0: 3 0x8000b300 (0xff9ff06f)
core   0: 0x8000b2f8 (0x00002f17) auipc   t5, 0x2
core   0: 3 0x8000b2f8 (0x00002f17) x30 0x8000d2f8
core   0: 0x8000b2fc (0xd03f2423) sw      gp, -760(t5)
core   0: 3 0x8000b2fc (0xd03f2423) mem 0x8000d000 0x00000001
core   0: 0x8000b300 (0xff9ff06f) j       pc - 0x8
core   0: 3 0x8000b300 (0xff9ff06f)
core   0: 0x8000b2f8 (0x00002f17) auipc   t5, 0x2
core   0: 3 0x8000b2f8 (0x00002f17) x30 0x8000d2f8
core   0: 0x8000b2fc (0xd03f2423) sw      gp, -760(t5)
core   0: 3 0x8000b2fc (0xd03f2423) mem 0x8000d000 0x00000001
core   0: 0x8000b300 (0xff9ff06f) j       pc - 0x8
core   0: 3 0x8000b300 (0xff9ff06f)
core   0: 0x8000b2f8 (0x00002f17) auipc   t5, 0x2
core   0: 3 0x8000b2f8 (0x00002f17) x30 0x8000d2f8
core   0: 0x8000b2fc (0xd03f2423) sw      gp, -760(t5)
core   0: 3 0x8000b2fc (0xd03f2423) mem 0x8000d000 0x00000001
core   0: 0x8000b300 (0xff9ff06f) j       pc - 0x8
core   0: 3 0x8000b300 (0xff9ff06f)
core   0: 0x8000b2f8 (0x00002f17) auipc   t5, 0x2
core   0: 3 0x8000b2f8 (0x00002f17) x30 0x8000d2f8
core   0: 0x8000b2fc (0xd03f2423) sw      gp, -760(t5)
core   0: 3 0x8000b2fc (0xd03f2423) mem 0x8000d000 0x00000001
core   0: 0x8000b300 (0xff9ff06f) j       pc - 0x8
core   0: 3 0x8000b300 (0xff9ff06f)
core   0: 0x8000b2f8 (0x00002f17) auipc   t5, 0x2
core   0: 3 0x8000b2f8 (0x00002f17) x30 0x8000d2f8
core   0: 0x8000b2fc (0xd03f2423) sw      gp, -760(t5)
core   0: 3 0x8000b2fc (0xd03f2423) mem 0x8000d000 0x00000001
core   0: 0x8000b300 (0xff9ff06f) j       pc - 0x8
core   0: 3 0x8000b300 (0xff9ff06f)
core   0: 0x8000b2f8 (0x00002f17) auipc   t5, 0x2
core   0: 3 0x8000b2f8 (0x00002f17) x30 0x8000d2f8
core   0: 0x8000b2fc (0xd03f2423) sw      gp, -760(t5)
core   0: 3 0x8000b2fc (0xd03f2423) mem 0x8000d000 0x00000001
core   0: 0x8000b300 (0xff9ff06f) j       pc - 0x8
core   0: 3 0x8000b300 (0xff9ff06f)
core   0: 0x8000b2f8 (0x00002f17) auipc   t5, 0x2
core   0: 3 0x8000b2f8 (0x00002f17) x30 0x8000d2f8
core   0: 0x8000b2fc (0xd03f2423) sw      gp, -760(t5)
core   0: 3 0x8000b2fc (0xd03f2423) mem 0x8000d000 0x00000001
core   0: 0x8000b300 (0xff9ff06f) j       pc - 0x8
core   0: 3 0x8000b300 (0xff9ff06f)
core   0: 0x8000b2f8 (0x00002f17) auipc   t5, 0x2
core   0: 3 0x8000b2f8 (0x00002f17) x30 0x8000d2f8
core   0: 0x8000b2fc (0xd03f2423) sw      gp, -760(t5)
core   0: 3 0x8000b2fc (0xd03f2423) mem 0x8000d000 0x00000001
core   0: 0x8000b300 (0xff9ff06f) j       pc - 0x8
core   0: 3 0x8000b300 (0xff9ff06f)
core   0: 0x8000b2f8 (0x00002f17) auipc   t5, 0x2
core   0: 3 0x8000b2f8 (0x00002f17) x30 0x8000d2f8
core   0: 0x8000b2fc (0xd03f2423) sw      gp, -760(t5)
core   0: 3 0x8000b2fc (0xd03f2423) mem 0x8000d000 0x00000001
core   0: 0x8000b300 (0xff9ff06f) j       pc - 0x8
core   0: 3 0x8000b300 (0xff9ff06f)
core   0: 0x8000b2f8 (0x00002f17) auipc   t5, 0x2
core   0: 3 0x8000b2f8 (0x00002f17) x30 0x8000d2f8
core   0: 0x8000b2fc (0xd03f2423) sw      gp, -760(t5)
core   0: 3 0x8000b2fc (0xd03f2423) mem 0x8000d000 0x00000001
core   0: 0x8000b300 (0xff9ff06f) j       pc - 0x8
core   0: 3 0x8000b300 (0xff9ff06f)
core   0: 0x8000b2f8 (0x00002f17) auipc   t5, 0x2
core   0: 3 0x8000b2f8 (0x00002f17) x30 0x8000d2f8
core   0: 0x8000b2fc (0xd03f2423) sw      gp, -760(t5)
core   0: 3 0x8000b2fc (0xd03f2423) mem 0x8000d000 0x00000001
core   0: 0x8000b300 (0xff9ff06f) j       pc - 0x8
core   0: 3 0x8000b300 (0xff9ff06f)
core   0: 0x8000b2f8 (0x00002f17) auipc   t5, 0x2
core   0: 3 0x8000b2f8 (0x00002f17) x30 0x8000d2f8
core   0: 0x8000b2fc (0xd03f2423) sw      gp, -760(t5)
core   0: 3 0x8000b2fc (0xd03f2423) mem 0x8000d000 0x00000001
core   0: 0x8000b300 (0xff9ff06f) j       pc - 0x8
core   0: 3 0x8000b300 (0xff9ff06f)
core   0: 0x8000b2f8 (0x00002f17) auipc   t5, 0x2
core   0: 3 0x8000b2f8 (0x00002f17) x30 0x8000d2f8
core   0: 0x8000b2fc (0xd03f2423) sw      gp, -760(t5)
core   0: 3 0x8000b2fc (0xd03f2423) mem 0x8000d000 0x00000001
core   0: 0x8000b300 (0xff9ff06f) j       pc - 0x8
core   0: 3 0x8000b300 (0xff9ff06f)
core   0: 0x8000b2f8 (0x00002f17) auipc   t5, 0x2
core   0: 3 0x8000b2f8 (0x00002f17) x30 0x8000d2f8
core   0: 0x8000b2fc (0xd03f2423) sw      gp, -760(t5)
core   0: 3 0x8000b2fc (0xd03f2423) mem 0x8000d000 0x00000001
core   0: 0x8000b300 (0xff9ff06f) j       pc - 0x8
core   0: 3 0x8000b300 (0xff9ff06f)
core   0: 0x8000b2f8 (0x00002f17) auipc   t5, 0x2
core   0: 3 0x8000b2f8 (0x00002f17) x30 0x8000d2f8
core   0: 0x8000b2fc (0xd03f2423) sw      gp, -760(t5)
core   0: 3 0x8000b2fc (0xd03f2423) mem 0x8000d000 0x00000001
core   0: 0x8000b300 (0xff9ff06f) j       pc - 0x8
core   0: 3 0x8000b300 (0xff9ff06f)
core   0: 0x8000b2f8 (0x00002f17) auipc   t5, 0x2
core   0: 3 0x8000b2f8 (0x00002f17) x30 0x8000d2f8
core   0: 0x8000b2fc (0xd03f2423) sw      gp, -760(t5)
core   0: 3 0x8000b2fc (0xd03f2423) mem 0x8000d000 0x00000001
core   0: 0x8000b300 (0xff9ff06f) j       pc - 0x8
core   0: 3 0x8000b300 (0xff9ff06f)
core   0: 0x8000b2f8 (0x00002f17) auipc   t5, 0x2
core   0: 3 0x8000b2f8 (0x00002f17) x30 0x8000d2f8
core   0: 0x8000b2fc (0xd03f2423) sw      gp, -760(t5)
core   0: 3 0x8000b2fc (0xd03f2423) mem 0x8000d000 0x00000001
core   0: 0x8000b300 (0xff9ff06f) j       pc - 0x8
core   0: 3 0x8000b300 (0xff9ff06f)
core   0: 0x8000b2f8 (0x00002f17) auipc   t5, 0x2
core   0: 3 0x8000b2f8 (0x00002f17) x30 0x8000d2f8
core   0: 0x8000b2fc (0xd03f2423) sw      gp, -760(t5)
core   0: 3 0x8000b2fc (0xd03f2423) mem 0x8000d000 0x00000001
core   0: 0x8000b300 (0xff9ff06f) j       pc - 0x8
core   0: 3 0x8000b300 (0xff9ff06f)
core   0: 0x8000b2f8 (0x00002f17) auipc   t5, 0x2
core   0: 3 0x8000b2f8 (0x00002f17) x30 0x8000d2f8
core   0: 0x8000b2fc (0xd03f2423) sw      gp, -760(t5)
core   0: 3 0x8000b2fc (0xd03f2423) mem 0x8000d000 0x00000001
core   0: 0x8000b300 (0xff9ff06f) j       pc - 0x8
core   0: 3 0x8000b300 (0xff9ff06f)
core   0: 0x8000b2f8 (0x00002f17) auipc   t5, 0x2
core   0: 3 0x8000b2f8 (0x00002f17) x30 0x8000d2f8
core   0: 0x8000b2fc (0xd03f2423) sw      gp, -760(t5)
core   0: 3 0x8000b2fc (0xd03f2423) mem 0x8000d000 0x00000001
core   0: 0x8000b300 (0xff9ff06f) j       pc - 0x8
core   0: 3 0x8000b300 (0xff9ff06f)
core   0: 0x8000b2f8 (0x00002f17) auipc   t5, 0x2
core   0: 3 0x8000b2f8 (0x00002f17) x30 0x8000d2f8
core   0: 0x8000b2fc (0xd03f2423) sw      gp, -760(t5)
core   0: 3 0x8000b2fc (0xd03f2423) mem 0x8000d000 0x00000001
core   0: 0x8000b300 (0xff9ff06f) j       pc - 0x8
core   0: 3 0x8000b300 (0xff9ff06f)
core   0: 0x8000b2f8 (0x00002f17) auipc   t5, 0x2
core   0: 3 0x8000b2f8 (0x00002f17) x30 0x8000d2f8
core   0: 0x8000b2fc (0xd03f2423) sw      gp, -760(t5)
core   0: 3 0x8000b2fc (0xd03f2423) mem 0x8000d000 0x00000001
core   0: 0x8000b300 (0xff9ff06f) j       pc - 0x8
core   0: 3 0x8000b300 (0xff9ff06f)
core   0: 0x8000b2f8 (0x00002f17) auipc   t5, 0x2
core   0: 3 0x8000b2f8 (0x00002f17) x30 0x8000d2f8
core   0: 0x8000b2fc (0xd03f2423) sw      gp, -760(t5)
core   0: 3 0x8000b2fc (0xd03f2423) mem 0x8000d000 0x00000001
core   0: 0x8000b300 (0xff9ff06f) j       pc - 0x8
core   0: 3 0x8000b300 (0xff9ff06f)
core   0: 0x8000b2f8 (0x00002f17) auipc   t5, 0x2
core   0: 3 0x8000b2f8 (0x00002f17) x30 0x8000d2f8
core   0: 0x8000b2fc (0xd03f2423) sw      gp, -760(t5)
core   0: 3 0x8000b2fc (0xd03f2423) mem 0x8000d000 0x00000001
core   0: 0x8000b300 (0xff9ff06f) j       pc - 0x8
core   0: 3 0x8000b300 (0xff9ff06f)
core   0: 0x8000b2f8 (0x00002f17) auipc   t5, 0x2
core   0: 3 0x8000b2f8 (0x00002f17) x30 0x8000d2f8
core   0: 0x8000b2fc (0xd03f2423) sw      gp, -760(t5)
core   0: 3 0x8000b2fc (0xd03f2423) mem 0x8000d000 0x00000001
core   0: 0x8000b300 (0xff9ff06f) j       pc - 0x8
core   0: 3 0x8000b300 (0xff9ff06f)
core   0: 0x8000b2f8 (0x00002f17) auipc   t5, 0x2
core   0: 3 0x8000b2f8 (0x00002f17) x30 0x8000d2f8
core   0: 0x8000b2fc (0xd03f2423) sw      gp, -760(t5)
core   0: 3 0x8000b2fc (0xd03f2423) mem 0x8000d000 0x00000001
core   0: 0x8000b300 (0xff9ff06f) j       pc - 0x8
core   0: 3 0x8000b300 (0xff9ff06f)
core   0: 0x8000b2f8 (0x00002f17) auipc   t5, 0x2
core   0: 3 0x8000b2f8 (0x00002f17) x30 0x8000d2f8
core   0: 0x8000b2fc (0xd03f2423) sw      gp, -760(t5)
core   0: 3 0x8000b2fc (0xd03f2423) mem 0x8000d000 0x00000001
core   0: 0x8000b300 (0xff9ff06f) j       pc - 0x8
core   0: 3 0x8000b300 (0xff9ff06f)
core   0: 0x8000b2f8 (0x00002f17) auipc   t5, 0x2
core   0: 3 0x8000b2f8 (0x00002f17) x30 0x8000d2f8
core   0: 0x8000b2fc (0xd03f2423) sw      gp, -760(t5)
core   0: 3 0x8000b2fc (0xd03f2423) mem 0x8000d000 0x00000001
core   0: 0x8000b300 (0xff9ff06f) j       pc - 0x8
core   0: 3 0x8000b300 (0xff9ff06f)
core   0: 0x8000b2f8 (0x00002f17) auipc   t5, 0x2
core   0: 3 0x8000b2f8 (0x00002f17) x30 0x8000d2f8
core   0: 0x8000b2fc (0xd03f2423) sw      gp, -760(t5)
core   0: 3 0x8000b2fc (0xd03f2423) mem 0x8000d000 0x00000001
core   0: 0x8000b300 (0xff9ff06f) j       pc - 0x8
core   0: 3 0x8000b300 (0xff9ff06f)
core   0: 0x8000b2f8 (0x00002f17) auipc   t5, 0x2
core   0: 3 0x8000b2f8 (0x00002f17) x30 0x8000d2f8
core   0: 0x8000b2fc (0xd03f2423) sw      gp, -760(t5)
core   0: 3 0x8000b2fc (0xd03f2423) mem 0x8000d000 0x00000001
core   0: 0x8000b300 (0xff9ff06f) j       pc - 0x8
core   0: 3 0x8000b300 (0xff9ff06f)
core   0: 0x8000b2f8 (0x00002f17) auipc   t5, 0x2
core   0: 3 0x8000b2f8 (0x00002f17) x30 0x8000d2f8
core   0: 0x8000b2fc (0xd03f2423) sw      gp, -760(t5)
core   0: 3 0x8000b2fc (0xd03f2423) mem 0x8000d000 0x00000001
core   0: 0x8000b300 (0xff9ff06f) j       pc - 0x8
core   0: 3 0x8000b300 (0xff9ff06f)
core   0: 0x8000b2f8 (0x00002f17) auipc   t5, 0x2
core   0: 3 0x8000b2f8 (0x00002f17) x30 0x8000d2f8
core   0: 0x8000b2fc (0xd03f2423) sw      gp, -760(t5)
core   0: 3 0x8000b2fc (0xd03f2423) mem 0x8000d000 0x00000001
core   0: 0x8000b300 (0xff9ff06f) j       pc - 0x8
core   0: 3 0x8000b300 (0xff9ff06f)
core   0: 0x8000b2f8 (0x00002f17) auipc   t5, 0x2
core   0: 3 0x8000b2f8 (0x00002f17) x30 0x8000d2f8
core   0: 0x8000b2fc (0xd03f2423) sw      gp, -760(t5)
core   0: 3 0x8000b2fc (0xd03f2423) mem 0x8000d000 0x00000001
core   0: 0x8000b300 (0xff9ff06f) j       pc - 0x8
core   0: 3 0x8000b300 (0xff9ff06f)
core   0: 0x8000b2f8 (0x00002f17) auipc   t5, 0x2
core   0: 3 0x8000b2f8 (0x00002f17) x30 0x8000d2f8
core   0: 0x8000b2fc (0xd03f2423) sw      gp, -760(t5)
core   0: 3 0x8000b2fc (0xd03f2423) mem 0x8000d000 0x00000001
core   0: 0x8000b300 (0xff9ff06f) j       pc - 0x8
core   0: 3 0x8000b300 (0xff9ff06f)
core   0: 0x8000b2f8 (0x00002f17) auipc   t5, 0x2
core   0: 3 0x8000b2f8 (0x00002f17) x30 0x8000d2f8
core   0: 0x8000b2fc (0xd03f2423) sw      gp, -760(t5)
core   0: 3 0x8000b2fc (0xd03f2423) mem 0x8000d000 0x00000001
core   0: 0x8000b300 (0xff9ff06f) j       pc - 0x8
core   0: 3 0x8000b300 (0xff9ff06f)
core   0: 0x8000b2f8 (0x00002f17) auipc   t5, 0x2
core   0: 3 0x8000b2f8 (0x00002f17) x30 0x8000d2f8
core   0: 0x8000b2fc (0xd03f2423) sw      gp, -760(t5)
core   0: 3 0x8000b2fc (0xd03f2423) mem 0x8000d000 0x00000001
core   0: 0x8000b300 (0xff9ff06f) j       pc - 0x8
core   0: 3 0x8000b300 (0xff9ff06f)
core   0: 0x8000b2f8 (0x00002f17) auipc   t5, 0x2
core   0: 3 0x8000b2f8 (0x00002f17) x30 0x8000d2f8
core   0: 0x8000b2fc (0xd03f2423) sw      gp, -760(t5)
core   0: 3 0x8000b2fc (0xd03f2423) mem 0x8000d000 0x00000001
core   0: 0x8000b300 (0xff9ff06f) j       pc - 0x8
core   0: 3 0x8000b300 (0xff9ff06f)
core   0: 0x8000b2f8 (0x00002f17) auipc   t5, 0x2
core   0: 3 0x8000b2f8 (0x00002f17) x30 0x8000d2f8
core   0: 0x8000b2fc (0xd03f2423) sw      gp, -760(t5)
core   0: 3 0x8000b2fc (0xd03f2423) mem 0x8000d000 0x00000001
core   0: 0x8000b300 (0xff9ff06f) j       pc - 0x8
core   0: 3 0x8000b300 (0xff9ff06f)
core   0: 0x8000b2f8 (0x00002f17) auipc   t5, 0x2
core   0: 3 0x8000b2f8 (0x00002f17) x30 0x8000d2f8
core   0: 0x8000b2fc (0xd03f2423) sw      gp, -760(t5)
core   0: 3 0x8000b2fc (0xd03f2423) mem 0x8000d000 0x00000001
core   0: 0x8000b300 (0xff9ff06f) j       pc - 0x8
core   0: 3 0x8000b300 (0xff9ff06f)
core   0: 0x8000b2f8 (0x00002f17) auipc   t5, 0x2
core   0: 3 0x8000b2f8 (0x00002f17) x30 0x8000d2f8
core   0: 0x8000b2fc (0xd03f2423) sw      gp, -760(t5)
core   0: 3 0x8000b2fc (0xd03f2423) mem 0x8000d000 0x00000001
core   0: 0x8000b300 (0xff9ff06f) j       pc - 0x8
core   0: 3 0x8000b300 (0xff9ff06f)
core   0: 0x8000b2f8 (0x00002f17) auipc   t5, 0x2
core   0: 3 0x8000b2f8 (0x00002f17) x30 0x8000d2f8
core   0: 0x8000b2fc (0xd03f2423) sw      gp, -760(t5)
core   0: 3 0x8000b2fc (0xd03f2423) mem 0x8000d000 0x00000001
core   0: 0x8000b300 (0xff9ff06f) j       pc - 0x8
core   0: 3 0x8000b300 (0xff9ff06f)
core   0: 0x8000b2f8 (0x00002f17) auipc   t5, 0x2
core   0: 3 0x8000b2f8 (0x00002f17) x30 0x8000d2f8
core   0: 0x8000b2fc (0xd03f2423) sw      gp, -760(t5)
core   0: 3 0x8000b2fc (0xd03f2423) mem 0x8000d000 0x00000001
core   0: 0x8000b300 (0xff9ff06f) j       pc - 0x8
core   0: 3 0x8000b300 (0xff9ff06f)
core   0: 0x8000b2f8 (0x00002f17) auipc   t5, 0x2
core   0: 3 0x8000b2f8 (0x00002f17) x30 0x8000d2f8
core   0: 0x8000b2fc (0xd03f2423) sw      gp, -760(t5)
core   0: 3 0x8000b2fc (0xd03f2423) mem 0x8000d000 0x00000001
core   0: 0x8000b300 (0xff9ff06f) j       pc - 0x8
core   0: 3 0x8000b300 (0xff9ff06f)
core   0: 0x8000b2f8 (0x00002f17) auipc   t5, 0x2
core   0: 3 0x8000b2f8 (0x00002f17) x30 0x8000d2f8
core   0: 0x8000b2fc (0xd03f2423) sw      gp, -760(t5)
core   0: 3 0x8000b2fc (0xd03f2423) mem 0x8000d000 0x00000001
core   0: 0x8000b300 (0xff9ff06f) j       pc - 0x8
core   0: 3 0x8000b300 (0xff9ff06f)
core   0: 0x8000b2f8 (0x00002f17) auipc   t5, 0x2
core   0: 3 0x8000b2f8 (0x00002f17) x30 0x8000d2f8
core   0: 0x8000b2fc (0xd03f2423) sw      gp, -760(t5)
core   0: 3 0x8000b2fc (0xd03f2423) mem 0x8000d000 0x00000001
core   0: 0x8000b300 (0xff9ff06f) j       pc - 0x8
core   0: 3 0x8000b300 (0xff9ff06f)
core   0: 0x8000b2f8 (0x00002f17) auipc   t5, 0x2
core   0: 3 0x8000b2f8 (0x00002f17) x30 0x8000d2f8
core   0: 0x8000b2fc (0xd03f2423) sw      gp, -760(t5)
core   0: 3 0x8000b2fc (0xd03f2423) mem 0x8000d000 0x00000001
core   0: 0x8000b300 (0xff9ff06f) j       pc - 0x8
core   0: 3 0x8000b300 (0xff9ff06f)
core   0: 0x8000b2f8 (0x00002f17) auipc   t5, 0x2
core   0: 3 0x8000b2f8 (0x00002f17) x30 0x8000d2f8
core   0: 0x8000b2fc (0xd03f2423) sw      gp, -760(t5)
core   0: 3 0x8000b2fc (0xd03f2423) mem 0x8000d000 0x00000001
core   0: 0x8000b300 (0xff9ff06f) j       pc - 0x8
core   0: 3 0x8000b300 (0xff9ff06f)
core   0: 0x8000b2f8 (0x00002f17) auipc   t5, 0x2
core   0: 3 0x8000b2f8 (0x00002f17) x30 0x8000d2f8
core   0: 0x8000b2fc (0xd03f2423) sw      gp, -760(t5)
core   0: 3 0x8000b2fc (0xd03f2423) mem 0x8000d000 0x00000001
core   0: 0x8000b300 (0xff9ff06f) j       pc - 0x8
core   0: 3 0x8000b300 (0xff9ff06f)
core   0: 0x8000b2f8 (0x00002f17) auipc   t5, 0x2
core   0: 3 0x8000b2f8 (0x00002f17) x30 0x8000d2f8
core   0: 0x8000b2fc (0xd03f2423) sw      gp, -760(t5)
core   0: 3 0x8000b2fc (0xd03f2423) mem 0x8000d000 0x00000001
core   0: 0x8000b300 (0xff9ff06f) j       pc - 0x8
core   0: 3 0x8000b300 (0xff9ff06f)
core   0: 0x8000b2f8 (0x00002f17) auipc   t5, 0x2
core   0: 3 0x8000b2f8 (0x00002f17) x30 0x8000d2f8
core   0: 0x8000b2fc (0xd03f2423) sw      gp, -760(t5)
core   0: 3 0x8000b2fc (0xd03f2423) mem 0x8000d000 0x00000001
core   0: 0x8000b300 (0xff9ff06f) j       pc - 0x8
core   0: 3 0x8000b300 (0xff9ff06f)
core   0: 0x8000b2f8 (0x00002f17) auipc   t5, 0x2
core   0: 3 0x8000b2f8 (0x00002f17) x30 0x8000d2f8
core   0: 0x8000b2fc (0xd03f2423) sw      gp, -760(t5)
core   0: 3 0x8000b2fc (0xd03f2423) mem 0x8000d000 0x00000001
core   0: 0x8000b300 (0xff9ff06f) j       pc - 0x8
core   0: 3 0x8000b300 (0xff9ff06f)
core   0: 0x8000b2f8 (0x00002f17) auipc   t5, 0x2
core   0: 3 0x8000b2f8 (0x00002f17) x30 0x8000d2f8
core   0: 0x8000b2fc (0xd03f2423) sw      gp, -760(t5)
core   0: 3 0x8000b2fc (0xd03f2423) mem 0x8000d000 0x00000001
core   0: 0x8000b300 (0xff9ff06f) j       pc - 0x8
core   0: 3 0x8000b300 (0xff9ff06f)
core   0: 0x8000b2f8 (0x00002f17) auipc   t5, 0x2
core   0: 3 0x8000b2f8 (0x00002f17) x30 0x8000d2f8
core   0: 0x8000b2fc (0xd03f2423) sw      gp, -760(t5)
core   0: 3 0x8000b2fc (0xd03f2423) mem 0x8000d000 0x00000001
core   0: 0x8000b300 (0xff9ff06f) j       pc - 0x8
core   0: 3 0x8000b300 (0xff9ff06f)
core   0: 0x8000b2f8 (0x00002f17) auipc   t5, 0x2
core   0: 3 0x8000b2f8 (0x00002f17) x30 0x8000d2f8
core   0: 0x8000b2fc (0xd03f2423) sw      gp, -760(t5)
core   0: 3 0x8000b2fc (0xd03f2423) mem 0x8000d000 0x00000001
core   0: 0x8000b300 (0xff9ff06f) j       pc - 0x8
core   0: 3 0x8000b300 (0xff9ff06f)
core   0: 0x8000b2f8 (0x00002f17) auipc   t5, 0x2
core   0: 3 0x8000b2f8 (0x00002f17) x30 0x8000d2f8
core   0: 0x8000b2fc (0xd03f2423) sw      gp, -760(t5)
core   0: 3 0x8000b2fc (0xd03f2423) mem 0x8000d000 0x00000001
core   0: 0x8000b300 (0xff9ff06f) j       pc - 0x8
core   0: 3 0x8000b300 (0xff9ff06f)
core   0: 0x8000b2f8 (0x00002f17) auipc   t5, 0x2
core   0: 3 0x8000b2f8 (0x00002f17) x30 0x8000d2f8
core   0: 0x8000b2fc (0xd03f2423) sw      gp, -760(t5)
core   0: 3 0x8000b2fc (0xd03f2423) mem 0x8000d000 0x00000001
core   0: 0x8000b300 (0xff9ff06f) j       pc - 0x8
core   0: 3 0x8000b300 (0xff9ff06f)
core   0: 0x8000b2f8 (0x00002f17) auipc   t5, 0x2
core   0: 3 0x8000b2f8 (0x00002f17) x30 0x8000d2f8
core   0: 0x8000b2fc (0xd03f2423) sw      gp, -760(t5)
core   0: 3 0x8000b2fc (0xd03f2423) mem 0x8000d000 0x00000001
core   0: 0x8000b300 (0xff9ff06f) j       pc - 0x8
core   0: 3 0x8000b300 (0xff9ff06f)
core   0: 0x8000b2f8 (0x00002f17) auipc   t5, 0x2
core   0: 3 0x8000b2f8 (0x00002f17) x30 0x8000d2f8
core   0: 0x8000b2fc (0xd03f2423) sw      gp, -760(t5)
core   0: 3 0x8000b2fc (0xd03f2423) mem 0x8000d000 0x00000001
core   0: 0x8000b300 (0xff9ff06f) j       pc - 0x8
core   0: 3 0x8000b300 (0xff9ff06f)
core   0: 0x8000b2f8 (0x00002f17) auipc   t5, 0x2
core   0: 3 0x8000b2f8 (0x00002f17) x30 0x8000d2f8
core   0: 0x8000b2fc (0xd03f2423) sw      gp, -760(t5)
core   0: 3 0x8000b2fc (0xd03f2423) mem 0x8000d000 0x00000001
core   0: 0x8000b300 (0xff9ff06f) j       pc - 0x8
core   0: 3 0x8000b300 (0xff9ff06f)
core   0: 0x8000b2f8 (0x00002f17) auipc   t5, 0x2
core   0: 3 0x8000b2f8 (0x00002f17) x30 0x8000d2f8
core   0: 0x8000b2fc (0xd03f2423) sw      gp, -760(t5)
core   0: 3 0x8000b2fc (0xd03f2423) mem 0x8000d000 0x00000001
core   0: 0x8000b300 (0xff9ff06f) j       pc - 0x8
core   0: 3 0x8000b300 (0xff9ff06f)
core   0: 0x8000b2f8 (0x00002f17) auipc   t5, 0x2
core   0: 3 0x8000b2f8 (0x00002f17) x30 0x8000d2f8
core   0: 0x8000b2fc (0xd03f2423) sw      gp, -760(t5)
core   0: 3 0x8000b2fc (0xd03f2423) mem 0x8000d000 0x00000001
core   0: 0x8000b300 (0xff9ff06f) j       pc - 0x8
core   0: 3 0x8000b300 (0xff9ff06f)
core   0: 0x8000b2f8 (0x00002f17) auipc   t5, 0x2
core   0: 3 0x8000b2f8 (0x00002f17) x30 0x8000d2f8
core   0: 0x8000b2fc (0xd03f2423) sw      gp, -760(t5)
core   0: 3 0x8000b2fc (0xd03f2423) mem 0x8000d000 0x00000001
core   0: 0x8000b300 (0xff9ff06f) j       pc - 0x8
core   0: 3 0x8000b300 (0xff9ff06f)
core   0: 0x8000b2f8 (0x00002f17) auipc   t5, 0x2
core   0: 3 0x8000b2f8 (0x00002f17) x30 0x8000d2f8
core   0: 0x8000b2fc (0xd03f2423) sw      gp, -760(t5)
core   0: 3 0x8000b2fc (0xd03f2423) mem 0x8000d000 0x00000001
core   0: 0x8000b300 (0xff9ff06f) j       pc - 0x8
core   0: 3 0x8000b300 (0xff9ff06f)
core   0: 0x8000b2f8 (0x00002f17) auipc   t5, 0x2
core   0: 3 0x8000b2f8 (0x00002f17) x30 0x8000d2f8
core   0: 0x8000b2fc (0xd03f2423) sw      gp, -760(t5)
core   0: 3 0x8000b2fc (0xd03f2423) mem 0x8000d000 0x00000001
core   0: 0x8000b300 (0xff9ff06f) j       pc - 0x8
core   0: 3 0x8000b300 (0xff9ff06f)
core   0: 0x8000b2f8 (0x00002f17) auipc   t5, 0x2
core   0: 3 0x8000b2f8 (0x00002f17) x30 0x8000d2f8
core   0: 0x8000b2fc (0xd03f2423) sw      gp, -760(t5)
core   0: 3 0x8000b2fc (0xd03f2423) mem 0x8000d000 0x00000001
core   0: 0x8000b300 (0xff9ff06f) j       pc - 0x8
core   0: 3 0x8000b300 (0xff9ff06f)
core   0: 0x8000b2f8 (0x00002f17) auipc   t5, 0x2
core   0: 3 0x8000b2f8 (0x00002f17) x30 0x8000d2f8
core   0: 0x8000b2fc (0xd03f2423) sw      gp, -760(t5)
core   0: 3 0x8000b2fc (0xd03f2423) mem 0x8000d000 0x00000001
core   0: 0x8000b300 (0xff9ff06f) j       pc - 0x8
core   0: 3 0x8000b300 (0xff9ff06f)
core   0: 0x8000b2f8 (0x00002f17) auipc   t5, 0x2
core   0: 3 0x8000b2f8 (0x00002f17) x30 0x8000d2f8
core   0: 0x8000b2fc (0xd03f2423) sw      gp, -760(t5)
core   0: 3 0x8000b2fc (0xd03f2423) mem 0x8000d000 0x00000001
core   0: 0x8000b300 (0xff9ff06f) j       pc - 0x8
core   0: 3 0x8000b300 (0xff9ff06f)
core   0: 0x8000b2f8 (0x00002f17) auipc   t5, 0x2
core   0: 3 0x8000b2f8 (0x00002f17) x30 0x8000d2f8
core   0: 0x8000b2fc (0xd03f2423) sw      gp, -760(t5)
core   0: 3 0x8000b2fc (0xd03f2423) mem 0x8000d000 0x00000001
core   0: 0x8000b300 (0xff9ff06f) j       pc - 0x8
core   0: 3 0x8000b300 (0xff9ff06f)
core   0: 0x8000b2f8 (0x00002f17) auipc   t5, 0x2
core   0: 3 0x8000b2f8 (0x00002f17) x30 0x8000d2f8
core   0: 0x8000b2fc (0xd03f2423) sw      gp, -760(t5)
core   0: 3 0x8000b2fc (0xd03f2423) mem 0x8000d000 0x00000001
core   0: 0x8000b300 (0xff9ff06f) j       pc - 0x8
core   0: 3 0x8000b300 (0xff9ff06f)
core   0: 0x8000b2f8 (0x00002f17) auipc   t5, 0x2
core   0: 3 0x8000b2f8 (0x00002f17) x30 0x8000d2f8
core   0: 0x8000b2fc (0xd03f2423) sw      gp, -760(t5)
core   0: 3 0x8000b2fc (0xd03f2423) mem 0x8000d000 0x00000001
core   0: 0x8000b300 (0xff9ff06f) j       pc - 0x8
core   0: 3 0x8000b300 (0xff9ff06f)
core   0: 0x8000b2f8 (0x00002f17) auipc   t5, 0x2
core   0: 3 0x8000b2f8 (0x00002f17) x30 0x8000d2f8
core   0: 0x8000b2fc (0xd03f2423) sw      gp, -760(t5)
core   0: 3 0x8000b2fc (0xd03f2423) mem 0x8000d000 0x00000001
core   0: 0x8000b300 (0xff9ff06f) j       pc - 0x8
core   0: 3 0x8000b300 (0xff9ff06f)
core   0: 0x8000b2f8 (0x00002f17) auipc   t5, 0x2
core   0: 3 0x8000b2f8 (0x00002f17) x30 0x8000d2f8
core   0: 0x8000b2fc (0xd03f2423) sw      gp, -760(t5)
core   0: 3 0x8000b2fc (0xd03f2423) mem 0x8000d000 0x00000001
core   0: 0x8000b300 (0xff9ff06f) j       pc - 0x8
core   0: 3 0x8000b300 (0xff9ff06f)
core   0: 0x8000b2f8 (0x00002f17) auipc   t5, 0x2
core   0: 3 0x8000b2f8 (0x00002f17) x30 0x8000d2f8
core   0: 0x8000b2fc (0xd03f2423) sw      gp, -760(t5)
core   0: 3 0x8000b2fc (0xd03f2423) mem 0x8000d000 0x00000001
core   0: 0x8000b300 (0xff9ff06f) j       pc - 0x8
core   0: 3 0x8000b300 (0xff9ff06f)
core   0: 0x8000b2f8 (0x00002f17) auipc   t5, 0x2
core   0: 3 0x8000b2f8 (0x00002f17) x30 0x8000d2f8
core   0: 0x8000b2fc (0xd03f2423) sw      gp, -760(t5)
core   0: 3 0x8000b2fc (0xd03f2423) mem 0x8000d000 0x00000001
core   0: 0x8000b300 (0xff9ff06f) j       pc - 0x8
core   0: 3 0x8000b300 (0xff9ff06f)
core   0: 0x8000b2f8 (0x00002f17) auipc   t5, 0x2
core   0: 3 0x8000b2f8 (0x00002f17) x30 0x8000d2f8
core   0: 0x8000b2fc (0xd03f2423) sw      gp, -760(t5)
core   0: 3 0x8000b2fc (0xd03f2423) mem 0x8000d000 0x00000001
core   0: 0x8000b300 (0xff9ff06f) j       pc - 0x8
core   0: 3 0x8000b300 (0xff9ff06f)
core   0: 0x8000b2f8 (0x00002f17) auipc   t5, 0x2
core   0: 3 0x8000b2f8 (0x00002f17) x30 0x8000d2f8
core   0: 0x8000b2fc (0xd03f2423) sw      gp, -760(t5)
core   0: 3 0x8000b2fc (0xd03f2423) mem 0x8000d000 0x00000001
core   0: 0x8000b300 (0xff9ff06f) j       pc - 0x8
core   0: 3 0x8000b300 (0xff9ff06f)
core   0: 0x8000b2f8 (0x00002f17) auipc   t5, 0x2
core   0: 3 0x8000b2f8 (0x00002f17) x30 0x8000d2f8
core   0: 0x8000b2fc (0xd03f2423) sw      gp, -760(t5)
core   0: 3 0x8000b2fc (0xd03f2423) mem 0x8000d000 0x00000001
core   0: 0x8000b300 (0xff9ff06f) j       pc - 0x8
core   0: 3 0x8000b300 (0xff9ff06f)
core   0: 0x8000b2f8 (0x00002f17) auipc   t5, 0x2
core   0: 3 0x8000b2f8 (0x00002f17) x30 0x8000d2f8
core   0: 0x8000b2fc (0xd03f2423) sw      gp, -760(t5)
core   0: 3 0x8000b2fc (0xd03f2423) mem 0x8000d000 0x00000001
core   0: 0x8000b300 (0xff9ff06f) j       pc - 0x8
core   0: 3 0x8000b300 (0xff9ff06f)
core   0: 0x8000b2f8 (0x00002f17) auipc   t5, 0x2
core   0: 3 0x8000b2f8 (0x00002f17) x30 0x8000d2f8
core   0: 0x8000b2fc (0xd03f2423) sw      gp, -760(t5)
core   0: 3 0x8000b2fc (0xd03f2423) mem 0x8000d000 0x00000001
core   0: 0x8000b300 (0xff9ff06f) j       pc - 0x8
core   0: 3 0x8000b300 (0xff9ff06f)
core   0: 0x8000b2f8 (0x00002f17) auipc   t5, 0x2
core   0: 3 0x8000b2f8 (0x00002f17) x30 0x8000d2f8
core   0: 0x8000b2fc (0xd03f2423) sw      gp, -760(t5)
core   0: 3 0x8000b2fc (0xd03f2423) mem 0x8000d000 0x00000001
core   0: 0x8000b300 (0xff9ff06f) j       pc - 0x8
core   0: 3 0x8000b300 (0xff9ff06f)
core   0: 0x8000b2f8 (0x00002f17) auipc   t5, 0x2
core   0: 3 0x8000b2f8 (0x00002f17) x30 0x8000d2f8
core   0: 0x8000b2fc (0xd03f2423) sw      gp, -760(t5)
core   0: 3 0x8000b2fc (0xd03f2423) mem 0x8000d000 0x00000001
core   0: 0x8000b300 (0xff9ff06f) j       pc - 0x8
core   0: 3 0x8000b300 (0xff9ff06f)
core   0: 0x8000b2f8 (0x00002f17) auipc   t5, 0x2
core   0: 3 0x8000b2f8 (0x00002f17) x30 0x8000d2f8
core   0: 0x8000b2fc (0xd03f2423) sw      gp, -760(t5)
core   0: 3 0x8000b2fc (0xd03f2423) mem 0x8000d000 0x00000001
core   0: 0x8000b300 (0xff9ff06f) j       pc - 0x8
core   0: 3 0x8000b300 (0xff9ff06f)
core   0: 0x8000b2f8 (0x00002f17) auipc   t5, 0x2
core   0: 3 0x8000b2f8 (0x00002f17) x30 0x8000d2f8
core   0: 0x8000b2fc (0xd03f2423) sw      gp, -760(t5)
core   0: 3 0x8000b2fc (0xd03f2423) mem 0x8000d000 0x00000001
core   0: 0x8000b300 (0xff9ff06f) j       pc - 0x8
core   0: 3 0x8000b300 (0xff9ff06f)
core   0: 0x8000b2f8 (0x00002f17) auipc   t5, 0x2
core   0: 3 0x8000b2f8 (0x00002f17) x30 0x8000d2f8
core   0: 0x8000b2fc (0xd03f2423) sw      gp, -760(t5)
core   0: 3 0x8000b2fc (0xd03f2423) mem 0x8000d000 0x00000001
core   0: 0x8000b300 (0xff9ff06f) j       pc - 0x8
core   0: 3 0x8000b300 (0xff9ff06f)
core   0: 0x8000b2f8 (0x00002f17) auipc   t5, 0x2
core   0: 3 0x8000b2f8 (0x00002f17) x30 0x8000d2f8
core   0: 0x8000b2fc (0xd03f2423) sw      gp, -760(t5)
core   0: 3 0x8000b2fc (0xd03f2423) mem 0x8000d000 0x00000001
core   0: 0x8000b300 (0xff9ff06f) j       pc - 0x8
core   0: 3 0x8000b300 (0xff9ff06f)
core   0: 0x8000b2f8 (0x00002f17) auipc   t5, 0x2
core   0: 3 0x8000b2f8 (0x00002f17) x30 0x8000d2f8
core   0: 0x8000b2fc (0xd03f2423) sw      gp, -760(t5)
core   0: 3 0x8000b2fc (0xd03f2423) mem 0x8000d000 0x00000001
core   0: 0x8000b300 (0xff9ff06f) j       pc - 0x8
core   0: 3 0x8000b300 (0xff9ff06f)
core   0: 0x8000b2f8 (0x00002f17) auipc   t5, 0x2
core   0: 3 0x8000b2f8 (0x00002f17) x30 0x8000d2f8
core   0: 0x8000b2fc (0xd03f2423) sw      gp, -760(t5)
core   0: 3 0x8000b2fc (0xd03f2423) mem 0x8000d000 0x00000001
core   0: 0x8000b300 (0xff9ff06f) j       pc - 0x8
core   0: 3 0x8000b300 (0xff9ff06f)
core   0: 0x8000b2f8 (0x00002f17) auipc   t5, 0x2
core   0: 3 0x8000b2f8 (0x00002f17) x30 0x8000d2f8
core   0: 0x8000b2fc (0xd03f2423) sw      gp, -760(t5)
core   0: 3 0x8000b2fc (0xd03f2423) mem 0x8000d000 0x00000001
core   0: 0x8000b300 (0xff9ff06f) j       pc - 0x8
core   0: 3 0x8000b300 (0xff9ff06f)
core   0: 0x8000b2f8 (0x00002f17) auipc   t5, 0x2
core   0: 3 0x8000b2f8 (0x00002f17) x30 0x8000d2f8
core   0: 0x8000b2fc (0xd03f2423) sw      gp, -760(t5)
core   0: 3 0x8000b2fc (0xd03f2423) mem 0x8000d000 0x00000001
core   0: 0x8000b300 (0xff9ff06f) j       pc - 0x8
core   0: 3 0x8000b300 (0xff9ff06f)
core   0: 0x8000b2f8 (0x00002f17) auipc   t5, 0x2
core   0: 3 0x8000b2f8 (0x00002f17) x30 0x8000d2f8
core   0: 0x8000b2fc (0xd03f2423) sw      gp, -760(t5)
core   0: 3 0x8000b2fc (0xd03f2423) mem 0x8000d000 0x00000001
core   0: 0x8000b300 (0xff9ff06f) j       pc - 0x8
core   0: 3 0x8000b300 (0xff9ff06f)
core   0: 0x8000b2f8 (0x00002f17) auipc   t5, 0x2
core   0: 3 0x8000b2f8 (0x00002f17) x30 0x8000d2f8
core   0: 0x8000b2fc (0xd03f2423) sw      gp, -760(t5)
core   0: 3 0x8000b2fc (0xd03f2423) mem 0x8000d000 0x00000001
core   0: 0x8000b300 (0xff9ff06f) j       pc - 0x8
core   0: 3 0x8000b300 (0xff9ff06f)
core   0: 0x8000b2f8 (0x00002f17) auipc   t5, 0x2
core   0: 3 0x8000b2f8 (0x00002f17) x30 0x8000d2f8
core   0: 0x8000b2fc (0xd03f2423) sw      gp, -760(t5)
core   0: 3 0x8000b2fc (0xd03f2423) mem 0x8000d000 0x00000001
core   0: 0x8000b300 (0xff9ff06f) j       pc - 0x8
core   0: 3 0x8000b300 (0xff9ff06f)
core   0: 0x8000b2f8 (0x00002f17) auipc   t5, 0x2
core   0: 3 0x8000b2f8 (0x00002f17) x30 0x8000d2f8
core   0: 0x8000b2fc (0xd03f2423) sw      gp, -760(t5)
core   0: 3 0x8000b2fc (0xd03f2423) mem 0x8000d000 0x00000001
core   0: 0x8000b300 (0xff9ff06f) j       pc - 0x8
core   0: 3 0x8000b300 (0xff9ff06f)
core   0: 0x8000b2f8 (0x00002f17) auipc   t5, 0x2
core   0: 3 0x8000b2f8 (0x00002f17) x30 0x8000d2f8
core   0: 0x8000b2fc (0xd03f2423) sw      gp, -760(t5)
core   0: 3 0x8000b2fc (0xd03f2423) mem 0x8000d000 0x00000001
core   0: 0x8000b300 (0xff9ff06f) j       pc - 0x8
core   0: 3 0x8000b300 (0xff9ff06f)
core   0: 0x8000b2f8 (0x00002f17) auipc   t5, 0x2
core   0: 3 0x8000b2f8 (0x00002f17) x30 0x8000d2f8
core   0: 0x8000b2fc (0xd03f2423) sw      gp, -760(t5)
core   0: 3 0x8000b2fc (0xd03f2423) mem 0x8000d000 0x00000001
core   0: 0x8000b300 (0xff9ff06f) j       pc - 0x8
core   0: 3 0x8000b300 (0xff9ff06f)
core   0: 0x8000b2f8 (0x00002f17) auipc   t5, 0x2
core   0: 3 0x8000b2f8 (0x00002f17) x30 0x8000d2f8
core   0: 0x8000b2fc (0xd03f2423) sw      gp, -760(t5)
core   0: 3 0x8000b2fc (0xd03f2423) mem 0x8000d000 0x00000001
core   0: 0x8000b300 (0xff9ff06f) j       pc - 0x8
core   0: 3 0x8000b300 (0xff9ff06f)
core   0: 0x8000b2f8 (0x00002f17) auipc   t5, 0x2
core   0: 3 0x8000b2f8 (0x00002f17) x30 0x8000d2f8
core   0: 0x8000b2fc (0xd03f2423) sw      gp, -760(t5)
core   0: 3 0x8000b2fc (0xd03f2423) mem 0x8000d000 0x00000001
core   0: 0x8000b300 (0xff9ff06f) j       pc - 0x8
core   0: 3 0x8000b300 (0xff9ff06f)
core   0: 0x8000b2f8 (0x00002f17) auipc   t5, 0x2
core   0: 3 0x8000b2f8 (0x00002f17) x30 0x8000d2f8
core   0: 0x8000b2fc (0xd03f2423) sw      gp, -760(t5)
core   0: 3 0x8000b2fc (0xd03f2423) mem 0x8000d000 0x00000001
core   0: 0x8000b300 (0xff9ff06f) j       pc - 0x8
core   0: 3 0x8000b300 (0xff9ff06f)
core   0: 0x8000b2f8 (0x00002f17) auipc   t5, 0x2
core   0: 3 0x8000b2f8 (0x00002f17) x30 0x8000d2f8
core   0: 0x8000b2fc (0xd03f2423) sw      gp, -760(t5)
core   0: 3 0x8000b2fc (0xd03f2423) mem 0x8000d000 0x00000001
core   0: 0x8000b300 (0xff9ff06f) j       pc - 0x8
core   0: 3 0x8000b300 (0xff9ff06f)
core   0: 0x8000b2f8 (0x00002f17) auipc   t5, 0x2
core   0: 3 0x8000b2f8 (0x00002f17) x30 0x8000d2f8
core   0: 0x8000b2fc (0xd03f2423) sw      gp, -760(t5)
core   0: 3 0x8000b2fc (0xd03f2423) mem 0x8000d000 0x00000001
core   0: 0x8000b300 (0xff9ff06f) j       pc - 0x8
core   0: 3 0x8000b300 (0xff9ff06f)
core   0: 0x8000b2f8 (0x00002f17) auipc   t5, 0x2
core   0: 3 0x8000b2f8 (0x00002f17) x30 0x8000d2f8
core   0: 0x8000b2fc (0xd03f2423) sw      gp, -760(t5)
core   0: 3 0x8000b2fc (0xd03f2423) mem 0x8000d000 0x00000001
core   0: 0x8000b300 (0xff9ff06f) j       pc - 0x8
core   0: 3 0x8000b300 (0xff9ff06f)
core   0: 0x8000b2f8 (0x00002f17) auipc   t5, 0x2
core   0: 3 0x8000b2f8 (0x00002f17) x30 0x8000d2f8
core   0: 0x8000b2fc (0xd03f2423) sw      gp, -760(t5)
core   0: 3 0x8000b2fc (0xd03f2423) mem 0x8000d000 0x00000001
core   0: 0x8000b300 (0xff9ff06f) j       pc - 0x8
core   0: 3 0x8000b300 (0xff9ff06f)
core   0: 0x8000b2f8 (0x00002f17) auipc   t5, 0x2
core   0: 3 0x8000b2f8 (0x00002f17) x30 0x8000d2f8
core   0: 0x8000b2fc (0xd03f2423) sw      gp, -760(t5)
core   0: 3 0x8000b2fc (0xd03f2423) mem 0x8000d000 0x00000001
core   0: 0x8000b300 (0xff9ff06f) j       pc - 0x8
core   0: 3 0x8000b300 (0xff9ff06f)
core   0: 0x8000b2f8 (0x00002f17) auipc   t5, 0x2
core   0: 3 0x8000b2f8 (0x00002f17) x30 0x8000d2f8
core   0: 0x8000b2fc (0xd03f2423) sw      gp, -760(t5)
core   0: 3 0x8000b2fc (0xd03f2423) mem 0x8000d000 0x00000001
core   0: 0x8000b300 (0xff9ff06f) j       pc - 0x8
core   0: 3 0x8000b300 (0xff9ff06f)
core   0: 0x8000b2f8 (0x00002f17) auipc   t5, 0x2
core   0: 3 0x8000b2f8 (0x00002f17) x30 0x8000d2f8
core   0: 0x8000b2fc (0xd03f2423) sw      gp, -760(t5)
core   0: 3 0x8000b2fc (0xd03f2423) mem 0x8000d000 0x00000001
core   0: 0x8000b300 (0xff9ff06f) j       pc - 0x8
core   0: 3 0x8000b300 (0xff9ff06f)
core   0: 0x8000b2f8 (0x00002f17) auipc   t5, 0x2
core   0: 3 0x8000b2f8 (0x00002f17) x30 0x8000d2f8
core   0: 0x8000b2fc (0xd03f2423) sw      gp, -760(t5)
core   0: 3 0x8000b2fc (0xd03f2423) mem 0x8000d000 0x00000001
core   0: 0x8000b300 (0xff9ff06f) j       pc - 0x8
core   0: 3 0x8000b300 (0xff9ff06f)
core   0: 0x8000b2f8 (0x00002f17) auipc   t5, 0x2
core   0: 3 0x8000b2f8 (0x00002f17) x30 0x8000d2f8
core   0: 0x8000b2fc (0xd03f2423) sw      gp, -760(t5)
core   0: 3 0x8000b2fc (0xd03f2423) mem 0x8000d000 0x00000001
core   0: 0x8000b300 (0xff9ff06f) j       pc - 0x8
core   0: 3 0x8000b300 (0xff9ff06f)
core   0: 0x8000b2f8 (0x00002f17) auipc   t5, 0x2
core   0: 3 0x8000b2f8 (0x00002f17) x30 0x8000d2f8
core   0: 0x8000b2fc (0xd03f2423) sw      gp, -760(t5)
core   0: 3 0x8000b2fc (0xd03f2423) mem 0x8000d000 0x00000001
core   0: 0x8000b300 (0xff9ff06f) j       pc - 0x8
core   0: 3 0x8000b300 (0xff9ff06f)
core   0: 0x8000b2f8 (0x00002f17) auipc   t5, 0x2
core   0: 3 0x8000b2f8 (0x00002f17) x30 0x8000d2f8
core   0: 0x8000b2fc (0xd03f2423) sw      gp, -760(t5)
core   0: 3 0x8000b2fc (0xd03f2423) mem 0x8000d000 0x00000001
core   0: 0x8000b300 (0xff9ff06f) j       pc - 0x8
core   0: 3 0x8000b300 (0xff9ff06f)
core   0: 0x8000b2f8 (0x00002f17) auipc   t5, 0x2
core   0: 3 0x8000b2f8 (0x00002f17) x30 0x8000d2f8
core   0: 0x8000b2fc (0xd03f2423) sw      gp, -760(t5)
core   0: 3 0x8000b2fc (0xd03f2423) mem 0x8000d000 0x00000001
core   0: 0x8000b300 (0xff9ff06f) j       pc - 0x8
core   0: 3 0x8000b300 (0xff9ff06f)
core   0: 0x8000b2f8 (0x00002f17) auipc   t5, 0x2
core   0: 3 0x8000b2f8 (0x00002f17) x30 0x8000d2f8
core   0: 0x8000b2fc (0xd03f2423) sw      gp, -760(t5)
core   0: 3 0x8000b2fc (0xd03f2423) mem 0x8000d000 0x00000001
core   0: 0x8000b300 (0xff9ff06f) j       pc - 0x8
core   0: 3 0x8000b300 (0xff9ff06f)
core   0: 0x8000b2f8 (0x00002f17) auipc   t5, 0x2
core   0: 3 0x8000b2f8 (0x00002f17) x30 0x8000d2f8
core   0: 0x8000b2fc (0xd03f2423) sw      gp, -760(t5)
core   0: 3 0x8000b2fc (0xd03f2423) mem 0x8000d000 0x00000001
core   0: 0x8000b300 (0xff9ff06f) j       pc - 0x8
core   0: 3 0x8000b300 (0xff9ff06f)
core   0: 0x8000b2f8 (0x00002f17) auipc   t5, 0x2
core   0: 3 0x8000b2f8 (0x00002f17) x30 0x8000d2f8
core   0: 0x8000b2fc (0xd03f2423) sw      gp, -760(t5)
core   0: 3 0x8000b2fc (0xd03f2423) mem 0x8000d000 0x00000001
core   0: 0x8000b300 (0xff9ff06f) j       pc - 0x8
core   0: 3 0x8000b300 (0xff9ff06f)
core   0: 0x8000b2f8 (0x00002f17) auipc   t5, 0x2
core   0: 3 0x8000b2f8 (0x00002f17) x30 0x8000d2f8
core   0: 0x8000b2fc (0xd03f2423) sw      gp, -760(t5)
core   0: 3 0x8000b2fc (0xd03f2423) mem 0x8000d000 0x00000001
core   0: 0x8000b300 (0xff9ff06f) j       pc - 0x8
core   0: 3 0x8000b300 (0xff9ff06f)
core   0: 0x8000b2f8 (0x00002f17) auipc   t5, 0x2
core   0: 3 0x8000b2f8 (0x00002f17) x30 0x8000d2f8
core   0: 0x8000b2fc (0xd03f2423) sw      gp, -760(t5)
core   0: 3 0x8000b2fc (0xd03f2423) mem 0x8000d000 0x00000001
core   0: 0x8000b300 (0xff9ff06f) j       pc - 0x8
core   0: 3 0x8000b300 (0xff9ff06f)
core   0: 0x8000b2f8 (0x00002f17) auipc   t5, 0x2
core   0: 3 0x8000b2f8 (0x00002f17) x30 0x8000d2f8
core   0: 0x8000b2fc (0xd03f2423) sw      gp, -760(t5)
core   0: 3 0x8000b2fc (0xd03f2423) mem 0x8000d000 0x00000001
core   0: 0x8000b300 (0xff9ff06f) j       pc - 0x8
core   0: 3 0x8000b300 (0xff9ff06f)
core   0: 0x8000b2f8 (0x00002f17) auipc   t5, 0x2
core   0: 3 0x8000b2f8 (0x00002f17) x30 0x8000d2f8
core   0: 0x8000b2fc (0xd03f2423) sw      gp, -760(t5)
core   0: 3 0x8000b2fc (0xd03f2423) mem 0x8000d000 0x00000001
core   0: 0x8000b300 (0xff9ff06f) j       pc - 0x8
core   0: 3 0x8000b300 (0xff9ff06f)
core   0: 0x8000b2f8 (0x00002f17) auipc   t5, 0x2
core   0: 3 0x8000b2f8 (0x00002f17) x30 0x8000d2f8
core   0: 0x8000b2fc (0xd03f2423) sw      gp, -760(t5)
core   0: 3 0x8000b2fc (0xd03f2423) mem 0x8000d000 0x00000001
core   0: 0x8000b300 (0xff9ff06f) j       pc - 0x8
core   0: 3 0x8000b300 (0xff9ff06f)
core   0: 0x8000b2f8 (0x00002f17) auipc   t5, 0x2
core   0: 3 0x8000b2f8 (0x00002f17) x30 0x8000d2f8
core   0: 0x8000b2fc (0xd03f2423) sw      gp, -760(t5)
core   0: 3 0x8000b2fc (0xd03f2423) mem 0x8000d000 0x00000001
core   0: 0x8000b300 (0xff9ff06f) j       pc - 0x8
core   0: 3 0x8000b300 (0xff9ff06f)
core   0: 0x8000b2f8 (0x00002f17) auipc   t5, 0x2
core   0: 3 0x8000b2f8 (0x00002f17) x30 0x8000d2f8
core   0: 0x8000b2fc (0xd03f2423) sw      gp, -760(t5)
core   0: 3 0x8000b2fc (0xd03f2423) mem 0x8000d000 0x00000001
core   0: 0x8000b300 (0xff9ff06f) j       pc - 0x8
core   0: 3 0x8000b300 (0xff9ff06f)
core   0: 0x8000b2f8 (0x00002f17) auipc   t5, 0x2
core   0: 3 0x8000b2f8 (0x00002f17) x30 0x8000d2f8
core   0: 0x8000b2fc (0xd03f2423) sw      gp, -760(t5)
core   0: 3 0x8000b2fc (0xd03f2423) mem 0x8000d000 0x00000001
core   0: 0x8000b300 (0xff9ff06f) j       pc - 0x8
core   0: 3 0x8000b300 (0xff9ff06f)
core   0: 0x8000b2f8 (0x00002f17) auipc   t5, 0x2
core   0: 3 0x8000b2f8 (0x00002f17) x30 0x8000d2f8
core   0: 0x8000b2fc (0xd03f2423) sw      gp, -760(t5)
core   0: 3 0x8000b2fc (0xd03f2423) mem 0x8000d000 0x00000001
core   0: 0x8000b300 (0xff9ff06f) j       pc - 0x8
core   0: 3 0x8000b300 (0xff9ff06f)
core   0: 0x8000b2f8 (0x00002f17) auipc   t5, 0x2
core   0: 3 0x8000b2f8 (0x00002f17) x30 0x8000d2f8
core   0: 0x8000b2fc (0xd03f2423) sw      gp, -760(t5)
core   0: 3 0x8000b2fc (0xd03f2423) mem 0x8000d000 0x00000001
core   0: 0x8000b300 (0xff9ff06f) j       pc - 0x8
core   0: 3 0x8000b300 (0xff9ff06f)
core   0: 0x8000b2f8 (0x00002f17) auipc   t5, 0x2
core   0: 3 0x8000b2f8 (0x00002f17) x30 0x8000d2f8
core   0: 0x8000b2fc (0xd03f2423) sw      gp, -760(t5)
core   0: 3 0x8000b2fc (0xd03f2423) mem 0x8000d000 0x00000001
core   0: 0x8000b300 (0xff9ff06f) j       pc - 0x8
core   0: 3 0x8000b300 (0xff9ff06f)
core   0: 0x8000b2f8 (0x00002f17) auipc   t5, 0x2
core   0: 3 0x8000b2f8 (0x00002f17) x30 0x8000d2f8
core   0: 0x8000b2fc (0xd03f2423) sw      gp, -760(t5)
core   0: 3 0x8000b2fc (0xd03f2423) mem 0x8000d000 0x00000001
core   0: 0x8000b300 (0xff9ff06f) j       pc - 0x8
core   0: 3 0x8000b300 (0xff9ff06f)
core   0: 0x8000b2f8 (0x00002f17) auipc   t5, 0x2
core   0: 3 0x8000b2f8 (0x00002f17) x30 0x8000d2f8
core   0: 0x8000b2fc (0xd03f2423) sw      gp, -760(t5)
core   0: 3 0x8000b2fc (0xd03f2423) mem 0x8000d000 0x00000001
core   0: 0x8000b300 (0xff9ff06f) j       pc - 0x8
core   0: 3 0x8000b300 (0xff9ff06f)
core   0: 0x8000b2f8 (0x00002f17) auipc   t5, 0x2
core   0: 3 0x8000b2f8 (0x00002f17) x30 0x8000d2f8
core   0: 0x8000b2fc (0xd03f2423) sw      gp, -760(t5)
core   0: 3 0x8000b2fc (0xd03f2423) mem 0x8000d000 0x00000001
core   0: 0x8000b300 (0xff9ff06f) j       pc - 0x8
core   0: 3 0x8000b300 (0xff9ff06f)
core   0: 0x8000b2f8 (0x00002f17) auipc   t5, 0x2
core   0: 3 0x8000b2f8 (0x00002f17) x30 0x8000d2f8
core   0: 0x8000b2fc (0xd03f2423) sw      gp, -760(t5)
core   0: 3 0x8000b2fc (0xd03f2423) mem 0x8000d000 0x00000001
core   0: 0x8000b300 (0xff9ff06f) j       pc - 0x8
core   0: 3 0x8000b300 (0xff9ff06f)
core   0: 0x8000b2f8 (0x00002f17) auipc   t5, 0x2
core   0: 3 0x8000b2f8 (0x00002f17) x30 0x8000d2f8
core   0: 0x8000b2fc (0xd03f2423) sw      gp, -760(t5)
core   0: 3 0x8000b2fc (0xd03f2423) mem 0x8000d000 0x00000001
core   0: 0x8000b300 (0xff9ff06f) j       pc - 0x8
core   0: 3 0x8000b300 (0xff9ff06f)
core   0: 0x8000b2f8 (0x00002f17) auipc   t5, 0x2
core   0: 3 0x8000b2f8 (0x00002f17) x30 0x8000d2f8
core   0: 0x8000b2fc (0xd03f2423) sw      gp, -760(t5)
core   0: 3 0x8000b2fc (0xd03f2423) mem 0x8000d000 0x00000001
core   0: 0x8000b300 (0xff9ff06f) j       pc - 0x8
core   0: 3 0x8000b300 (0xff9ff06f)
core   0: 0x8000b2f8 (0x00002f17) auipc   t5, 0x2
core   0: 3 0x8000b2f8 (0x00002f17) x30 0x8000d2f8
core   0: 0x8000b2fc (0xd03f2423) sw      gp, -760(t5)
core   0: 3 0x8000b2fc (0xd03f2423) mem 0x8000d000 0x00000001
core   0: 0x8000b300 (0xff9ff06f) j       pc - 0x8
core   0: 3 0x8000b300 (0xff9ff06f)
core   0: 0x8000b2f8 (0x00002f17) auipc   t5, 0x2
core   0: 3 0x8000b2f8 (0x00002f17) x30 0x8000d2f8
core   0: 0x8000b2fc (0xd03f2423) sw      gp, -760(t5)
core   0: 3 0x8000b2fc (0xd03f2423) mem 0x8000d000 0x00000001
core   0: 0x8000b300 (0xff9ff06f) j       pc - 0x8
core   0: 3 0x8000b300 (0xff9ff06f)
core   0: 0x8000b2f8 (0x00002f17) auipc   t5, 0x2
core   0: 3 0x8000b2f8 (0x00002f17) x30 0x8000d2f8
core   0: 0x8000b2fc (0xd03f2423) sw      gp, -760(t5)
core   0: 3 0x8000b2fc (0xd03f2423) mem 0x8000d000 0x00000001
core   0: 0x8000b300 (0xff9ff06f) j       pc - 0x8
core   0: 3 0x8000b300 (0xff9ff06f)
core   0: 0x8000b2f8 (0x00002f17) auipc   t5, 0x2
core   0: 3 0x8000b2f8 (0x00002f17) x30 0x8000d2f8
core   0: 0x8000b2fc (0xd03f2423) sw      gp, -760(t5)
core   0: 3 0x8000b2fc (0xd03f2423) mem 0x8000d000 0x00000001
core   0: 0x8000b300 (0xff9ff06f) j       pc - 0x8
core   0: 3 0x8000b300 (0xff9ff06f)
core   0: 0x8000b2f8 (0x00002f17) auipc   t5, 0x2
core   0: 3 0x8000b2f8 (0x00002f17) x30 0x8000d2f8
core   0: 0x8000b2fc (0xd03f2423) sw      gp, -760(t5)
core   0: 3 0x8000b2fc (0xd03f2423) mem 0x8000d000 0x00000001
core   0: 0x8000b300 (0xff9ff06f) j       pc - 0x8
core   0: 3 0x8000b300 (0xff9ff06f)
core   0: 0x8000b2f8 (0x00002f17) auipc   t5, 0x2
core   0: 3 0x8000b2f8 (0x00002f17) x30 0x8000d2f8
core   0: 0x8000b2fc (0xd03f2423) sw      gp, -760(t5)
core   0: 3 0x8000b2fc (0xd03f2423) mem 0x8000d000 0x00000001
core   0: 0x8000b300 (0xff9ff06f) j       pc - 0x8
core   0: 3 0x8000b300 (0xff9ff06f)
core   0: 0x8000b2f8 (0x00002f17) auipc   t5, 0x2
core   0: 3 0x8000b2f8 (0x00002f17) x30 0x8000d2f8
core   0: 0x8000b2fc (0xd03f2423) sw      gp, -760(t5)
core   0: 3 0x8000b2fc (0xd03f2423) mem 0x8000d000 0x00000001
core   0: 0x8000b300 (0xff9ff06f) j       pc - 0x8
core   0: 3 0x8000b300 (0xff9ff06f)
core   0: 0x8000b2f8 (0x00002f17) auipc   t5, 0x2
core   0: 3 0x8000b2f8 (0x00002f17) x30 0x8000d2f8
core   0: 0x8000b2fc (0xd03f2423) sw      gp, -760(t5)
core   0: 3 0x8000b2fc (0xd03f2423) mem 0x8000d000 0x00000001
core   0: 0x8000b300 (0xff9ff06f) j       pc - 0x8
core   0: 3 0x8000b300 (0xff9ff06f)
core   0: 0x8000b2f8 (0x00002f17) auipc   t5, 0x2
core   0: 3 0x8000b2f8 (0x00002f17) x30 0x8000d2f8
core   0: 0x8000b2fc (0xd03f2423) sw      gp, -760(t5)
core   0: 3 0x8000b2fc (0xd03f2423) mem 0x8000d000 0x00000001
core   0: 0x8000b300 (0xff9ff06f) j       pc - 0x8
core   0: 3 0x8000b300 (0xff9ff06f)
core   0: 0x8000b2f8 (0x00002f17) auipc   t5, 0x2
core   0: 3 0x8000b2f8 (0x00002f17) x30 0x8000d2f8
core   0: 0x8000b2fc (0xd03f2423) sw      gp, -760(t5)
core   0: 3 0x8000b2fc (0xd03f2423) mem 0x8000d000 0x00000001
core   0: 0x8000b300 (0xff9ff06f) j       pc - 0x8
core   0: 3 0x8000b300 (0xff9ff06f)
core   0: 0x8000b2f8 (0x00002f17) auipc   t5, 0x2
core   0: 3 0x8000b2f8 (0x00002f17) x30 0x8000d2f8
core   0: 0x8000b2fc (0xd03f2423) sw      gp, -760(t5)
core   0: 3 0x8000b2fc (0xd03f2423) mem 0x8000d000 0x00000001
core   0: 0x8000b300 (0xff9ff06f) j       pc - 0x8
core   0: 3 0x8000b300 (0xff9ff06f)
core   0: 0x8000b2f8 (0x00002f17) auipc   t5, 0x2
core   0: 3 0x8000b2f8 (0x00002f17) x30 0x8000d2f8
core   0: 0x8000b2fc (0xd03f2423) sw      gp, -760(t5)
core   0: 3 0x8000b2fc (0xd03f2423) mem 0x8000d000 0x00000001
core   0: 0x8000b300 (0xff9ff06f) j       pc - 0x8
core   0: 3 0x8000b300 (0xff9ff06f)
core   0: 0x8000b2f8 (0x00002f17) auipc   t5, 0x2
core   0: 3 0x8000b2f8 (0x00002f17) x30 0x8000d2f8
core   0: 0x8000b2fc (0xd03f2423) sw      gp, -760(t5)
core   0: 3 0x8000b2fc (0xd03f2423) mem 0x8000d000 0x00000001
core   0: 0x8000b300 (0xff9ff06f) j       pc - 0x8
core   0: 3 0x8000b300 (0xff9ff06f)
core   0: 0x8000b2f8 (0x00002f17) auipc   t5, 0x2
core   0: 3 0x8000b2f8 (0x00002f17) x30 0x8000d2f8
core   0: 0x8000b2fc (0xd03f2423) sw      gp, -760(t5)
core   0: 3 0x8000b2fc (0xd03f2423) mem 0x8000d000 0x00000001
core   0: 0x8000b300 (0xff9ff06f) j       pc - 0x8
core   0: 3 0x8000b300 (0xff9ff06f)
core   0: 0x8000b2f8 (0x00002f17) auipc   t5, 0x2
core   0: 3 0x8000b2f8 (0x00002f17) x30 0x8000d2f8
core   0: 0x8000b2fc (0xd03f2423) sw      gp, -760(t5)
core   0: 3 0x8000b2fc (0xd03f2423) mem 0x8000d000 0x00000001
core   0: 0x8000b300 (0xff9ff06f) j       pc - 0x8
core   0: 3 0x8000b300 (0xff9ff06f)
core   0: 0x8000b2f8 (0x00002f17) auipc   t5, 0x2
core   0: 3 0x8000b2f8 (0x00002f17) x30 0x8000d2f8
core   0: 0x8000b2fc (0xd03f2423) sw      gp, -760(t5)
core   0: 3 0x8000b2fc (0xd03f2423) mem 0x8000d000 0x00000001
core   0: 0x8000b300 (0xff9ff06f) j       pc - 0x8
core   0: 3 0x8000b300 (0xff9ff06f)
core   0: 0x8000b2f8 (0x00002f17) auipc   t5, 0x2
core   0: 3 0x8000b2f8 (0x00002f17) x30 0x8000d2f8
core   0: 0x8000b2fc (0xd03f2423) sw      gp, -760(t5)
core   0: 3 0x8000b2fc (0xd03f2423) mem 0x8000d000 0x00000001
core   0: 0x8000b300 (0xff9ff06f) j       pc - 0x8
core   0: 3 0x8000b300 (0xff9ff06f)
core   0: 0x8000b2f8 (0x00002f17) auipc   t5, 0x2
core   0: 3 0x8000b2f8 (0x00002f17) x30 0x8000d2f8
core   0: 0x8000b2fc (0xd03f2423) sw      gp, -760(t5)
core   0: 3 0x8000b2fc (0xd03f2423) mem 0x8000d000 0x00000001
core   0: 0x8000b300 (0xff9ff06f) j       pc - 0x8
core   0: 3 0x8000b300 (0xff9ff06f)
core   0: 0x8000b2f8 (0x00002f17) auipc   t5, 0x2
core   0: 3 0x8000b2f8 (0x00002f17) x30 0x8000d2f8
core   0: 0x8000b2fc (0xd03f2423) sw      gp, -760(t5)
core   0: 3 0x8000b2fc (0xd03f2423) mem 0x8000d000 0x00000001
core   0: 0x8000b300 (0xff9ff06f) j       pc - 0x8
core   0: 3 0x8000b300 (0xff9ff06f)
core   0: 0x8000b2f8 (0x00002f17) auipc   t5, 0x2
core   0: 3 0x8000b2f8 (0x00002f17) x30 0x8000d2f8
core   0: 0x8000b2fc (0xd03f2423) sw      gp, -760(t5)
core   0: 3 0x8000b2fc (0xd03f2423) mem 0x8000d000 0x00000001
core   0: 0x8000b300 (0xff9ff06f) j       pc - 0x8
core   0: 3 0x8000b300 (0xff9ff06f)
core   0: 0x8000b2f8 (0x00002f17) auipc   t5, 0x2
core   0: 3 0x8000b2f8 (0x00002f17) x30 0x8000d2f8
core   0: 0x8000b2fc (0xd03f2423) sw      gp, -760(t5)
core   0: 3 0x8000b2fc (0xd03f2423) mem 0x8000d000 0x00000001
core   0: 0x8000b300 (0xff9ff06f) j       pc - 0x8
core   0: 3 0x8000b300 (0xff9ff06f)
core   0: 0x8000b2f8 (0x00002f17) auipc   t5, 0x2
core   0: 3 0x8000b2f8 (0x00002f17) x30 0x8000d2f8
core   0: 0x8000b2fc (0xd03f2423) sw      gp, -760(t5)
core   0: 3 0x8000b2fc (0xd03f2423) mem 0x8000d000 0x00000001
core   0: 0x8000b300 (0xff9ff06f) j       pc - 0x8
core   0: 3 0x8000b300 (0xff9ff06f)
core   0: 0x8000b2f8 (0x00002f17) auipc   t5, 0x2
core   0: 3 0x8000b2f8 (0x00002f17) x30 0x8000d2f8
core   0: 0x8000b2fc (0xd03f2423) sw      gp, -760(t5)
core   0: 3 0x8000b2fc (0xd03f2423) mem 0x8000d000 0x00000001
core   0: 0x8000b300 (0xff9ff06f) j       pc - 0x8
core   0: 3 0x8000b300 (0xff9ff06f)
core   0: 0x8000b2f8 (0x00002f17) auipc   t5, 0x2
core   0: 3 0x8000b2f8 (0x00002f17) x30 0x8000d2f8
core   0: 0x8000b2fc (0xd03f2423) sw      gp, -760(t5)
core   0: 3 0x8000b2fc (0xd03f2423) mem 0x8000d000 0x00000001
core   0: 0x8000b300 (0xff9ff06f) j       pc - 0x8
core   0: 3 0x8000b300 (0xff9ff06f)
core   0: 0x8000b2f8 (0x00002f17) auipc   t5, 0x2
core   0: 3 0x8000b2f8 (0x00002f17) x30 0x8000d2f8
core   0: 0x8000b2fc (0xd03f2423) sw      gp, -760(t5)
core   0: 3 0x8000b2fc (0xd03f2423) mem 0x8000d000 0x00000001
core   0: 0x8000b300 (0xff9ff06f) j       pc - 0x8
core   0: 3 0x8000b300 (0xff9ff06f)
core   0: 0x8000b2f8 (0x00002f17) auipc   t5, 0x2
core   0: 3 0x8000b2f8 (0x00002f17) x30 0x8000d2f8
core   0: 0x8000b2fc (0xd03f2423) sw      gp, -760(t5)
core   0: 3 0x8000b2fc (0xd03f2423) mem 0x8000d000 0x00000001
core   0: 0x8000b300 (0xff9ff06f) j       pc - 0x8
core   0: 3 0x8000b300 (0xff9ff06f)
core   0: 0x8000b2f8 (0x00002f17) auipc   t5, 0x2
core   0: 3 0x8000b2f8 (0x00002f17) x30 0x8000d2f8
core   0: 0x8000b2fc (0xd03f2423) sw      gp, -760(t5)
core   0: 3 0x8000b2fc (0xd03f2423) mem 0x8000d000 0x00000001
core   0: 0x8000b300 (0xff9ff06f) j       pc - 0x8
core   0: 3 0x8000b300 (0xff9ff06f)
core   0: 0x8000b2f8 (0x00002f17) auipc   t5, 0x2
core   0: 3 0x8000b2f8 (0x00002f17) x30 0x8000d2f8
core   0: 0x8000b2fc (0xd03f2423) sw      gp, -760(t5)
core   0: 3 0x8000b2fc (0xd03f2423) mem 0x8000d000 0x00000001
core   0: 0x8000b300 (0xff9ff06f) j       pc - 0x8
core   0: 3 0x8000b300 (0xff9ff06f)
core   0: 0x8000b2f8 (0x00002f17) auipc   t5, 0x2
core   0: 3 0x8000b2f8 (0x00002f17) x30 0x8000d2f8
core   0: 0x8000b2fc (0xd03f2423) sw      gp, -760(t5)
core   0: 3 0x8000b2fc (0xd03f2423) mem 0x8000d000 0x00000001
core   0: 0x8000b300 (0xff9ff06f) j       pc - 0x8
core   0: 3 0x8000b300 (0xff9ff06f)
core   0: 0x8000b2f8 (0x00002f17) auipc   t5, 0x2
core   0: 3 0x8000b2f8 (0x00002f17) x30 0x8000d2f8
core   0: 0x8000b2fc (0xd03f2423) sw      gp, -760(t5)
core   0: 3 0x8000b2fc (0xd03f2423) mem 0x8000d000 0x00000001
core   0: 0x8000b300 (0xff9ff06f) j       pc - 0x8
core   0: 3 0x8000b300 (0xff9ff06f)
core   0: 0x8000b2f8 (0x00002f17) auipc   t5, 0x2
core   0: 3 0x8000b2f8 (0x00002f17) x30 0x8000d2f8
core   0: 0x8000b2fc (0xd03f2423) sw      gp, -760(t5)
core   0: 3 0x8000b2fc (0xd03f2423) mem 0x8000d000 0x00000001
core   0: 0x8000b300 (0xff9ff06f) j       pc - 0x8
core   0: 3 0x8000b300 (0xff9ff06f)
core   0: 0x8000b2f8 (0x00002f17) auipc   t5, 0x2
core   0: 3 0x8000b2f8 (0x00002f17) x30 0x8000d2f8
core   0: 0x8000b2fc (0xd03f2423) sw      gp, -760(t5)
core   0: 3 0x8000b2fc (0xd03f2423) mem 0x8000d000 0x00000001
core   0: 0x8000b300 (0xff9ff06f) j       pc - 0x8
core   0: 3 0x8000b300 (0xff9ff06f)
core   0: 0x8000b2f8 (0x00002f17) auipc   t5, 0x2
core   0: 3 0x8000b2f8 (0x00002f17) x30 0x8000d2f8
core   0: 0x8000b2fc (0xd03f2423) sw      gp, -760(t5)
core   0: 3 0x8000b2fc (0xd03f2423) mem 0x8000d000 0x00000001
core   0: 0x8000b300 (0xff9ff06f) j       pc - 0x8
core   0: 3 0x8000b300 (0xff9ff06f)
core   0: 0x8000b2f8 (0x00002f17) auipc   t5, 0x2
core   0: 3 0x8000b2f8 (0x00002f17) x30 0x8000d2f8
core   0: 0x8000b2fc (0xd03f2423) sw      gp, -760(t5)
core   0: 3 0x8000b2fc (0xd03f2423) mem 0x8000d000 0x00000001
core   0: 0x8000b300 (0xff9ff06f) j       pc - 0x8
core   0: 3 0x8000b300 (0xff9ff06f)
core   0: 0x8000b2f8 (0x00002f17) auipc   t5, 0x2
core   0: 3 0x8000b2f8 (0x00002f17) x30 0x8000d2f8
core   0: 0x8000b2fc (0xd03f2423) sw      gp, -760(t5)
core   0: 3 0x8000b2fc (0xd03f2423) mem 0x8000d000 0x00000001
core   0: 0x8000b300 (0xff9ff06f) j       pc - 0x8
core   0: 3 0x8000b300 (0xff9ff06f)
core   0: 0x8000b2f8 (0x00002f17) auipc   t5, 0x2
core   0: 3 0x8000b2f8 (0x00002f17) x30 0x8000d2f8
core   0: 0x8000b2fc (0xd03f2423) sw      gp, -760(t5)
core   0: 3 0x8000b2fc (0xd03f2423) mem 0x8000d000 0x00000001
core   0: 0x8000b300 (0xff9ff06f) j       pc - 0x8
core   0: 3 0x8000b300 (0xff9ff06f)
core   0: 0x8000b2f8 (0x00002f17) auipc   t5, 0x2
core   0: 3 0x8000b2f8 (0x00002f17) x30 0x8000d2f8
core   0: 0x8000b2fc (0xd03f2423) sw      gp, -760(t5)
core   0: 3 0x8000b2fc (0xd03f2423) mem 0x8000d000 0x00000001
core   0: 0x8000b300 (0xff9ff06f) j       pc - 0x8
core   0: 3 0x8000b300 (0xff9ff06f)
core   0: 0x8000b2f8 (0x00002f17) auipc   t5, 0x2
core   0: 3 0x8000b2f8 (0x00002f17) x30 0x8000d2f8
core   0: 0x8000b2fc (0xd03f2423) sw      gp, -760(t5)
core   0: 3 0x8000b2fc (0xd03f2423) mem 0x8000d000 0x00000001
core   0: 0x8000b300 (0xff9ff06f) j       pc - 0x8
core   0: 3 0x8000b300 (0xff9ff06f)
core   0: 0x8000b2f8 (0x00002f17) auipc   t5, 0x2
core   0: 3 0x8000b2f8 (0x00002f17) x30 0x8000d2f8
core   0: 0x8000b2fc (0xd03f2423) sw      gp, -760(t5)
core   0: 3 0x8000b2fc (0xd03f2423) mem 0x8000d000 0x00000001
core   0: 0x8000b300 (0xff9ff06f) j       pc - 0x8
core   0: 3 0x8000b300 (0xff9ff06f)
core   0: 0x8000b2f8 (0x00002f17) auipc   t5, 0x2
core   0: 3 0x8000b2f8 (0x00002f17) x30 0x8000d2f8
core   0: 0x8000b2fc (0xd03f2423) sw      gp, -760(t5)
core   0: 3 0x8000b2fc (0xd03f2423) mem 0x8000d000 0x00000001
core   0: 0x8000b300 (0xff9ff06f) j       pc - 0x8
core   0: 3 0x8000b300 (0xff9ff06f)
core   0: 0x8000b2f8 (0x00002f17) auipc   t5, 0x2
core   0: 3 0x8000b2f8 (0x00002f17) x30 0x8000d2f8
core   0: 0x8000b2fc (0xd03f2423) sw      gp, -760(t5)
core   0: 3 0x8000b2fc (0xd03f2423) mem 0x8000d000 0x00000001
core   0: 0x8000b300 (0xff9ff06f) j       pc - 0x8
core   0: 3 0x8000b300 (0xff9ff06f)
core   0: 0x8000b2f8 (0x00002f17) auipc   t5, 0x2
core   0: 3 0x8000b2f8 (0x00002f17) x30 0x8000d2f8
core   0: 0x8000b2fc (0xd03f2423) sw      gp, -760(t5)
core   0: 3 0x8000b2fc (0xd03f2423) mem 0x8000d000 0x00000001
core   0: 0x8000b300 (0xff9ff06f) j       pc - 0x8
core   0: 3 0x8000b300 (0xff9ff06f)
core   0: 0x8000b2f8 (0x00002f17) auipc   t5, 0x2
core   0: 3 0x8000b2f8 (0x00002f17) x30 0x8000d2f8
core   0: 0x8000b2fc (0xd03f2423) sw      gp, -760(t5)
core   0: 3 0x8000b2fc (0xd03f2423) mem 0x8000d000 0x00000001
core   0: 0x8000b300 (0xff9ff06f) j       pc - 0x8
core   0: 3 0x8000b300 (0xff9ff06f)
core   0: 0x8000b2f8 (0x00002f17) auipc   t5, 0x2
core   0: 3 0x8000b2f8 (0x00002f17) x30 0x8000d2f8
core   0: 0x8000b2fc (0xd03f2423) sw      gp, -760(t5)
core   0: 3 0x8000b2fc (0xd03f2423) mem 0x8000d000 0x00000001
core   0: 0x8000b300 (0xff9ff06f) j       pc - 0x8
core   0: 3 0x8000b300 (0xff9ff06f)
core   0: 0x8000b2f8 (0x00002f17) auipc   t5, 0x2
core   0: 3 0x8000b2f8 (0x00002f17) x30 0x8000d2f8
core   0: 0x8000b2fc (0xd03f2423) sw      gp, -760(t5)
core   0: 3 0x8000b2fc (0xd03f2423) mem 0x8000d000 0x00000001
core   0: 0x8000b300 (0xff9ff06f) j       pc - 0x8
core   0: 3 0x8000b300 (0xff9ff06f)
core   0: 0x8000b2f8 (0x00002f17) auipc   t5, 0x2
core   0: 3 0x8000b2f8 (0x00002f17) x30 0x8000d2f8
core   0: 0x8000b2fc (0xd03f2423) sw      gp, -760(t5)
core   0: 3 0x8000b2fc (0xd03f2423) mem 0x8000d000 0x00000001
core   0: 0x8000b300 (0xff9ff06f) j       pc - 0x8
core   0: 3 0x8000b300 (0xff9ff06f)
core   0: 0x8000b2f8 (0x00002f17) auipc   t5, 0x2
core   0: 3 0x8000b2f8 (0x00002f17) x30 0x8000d2f8
core   0: 0x8000b2fc (0xd03f2423) sw      gp, -760(t5)
core   0: 3 0x8000b2fc (0xd03f2423) mem 0x8000d000 0x00000001
core   0: 0x8000b300 (0xff9ff06f) j       pc - 0x8
core   0: 3 0x8000b300 (0xff9ff06f)
core   0: 0x8000b2f8 (0x00002f17) auipc   t5, 0x2
core   0: 3 0x8000b2f8 (0x00002f17) x30 0x8000d2f8
core   0: 0x8000b2fc (0xd03f2423) sw      gp, -760(t5)
core   0: 3 0x8000b2fc (0xd03f2423) mem 0x8000d000 0x00000001
core   0: 0x8000b300 (0xff9ff06f) j       pc - 0x8
core   0: 3 0x8000b300 (0xff9ff06f)
core   0: 0x8000b2f8 (0x00002f17) auipc   t5, 0x2
core   0: 3 0x8000b2f8 (0x00002f17) x30 0x8000d2f8
core   0: 0x8000b2fc (0xd03f2423) sw      gp, -760(t5)
core   0: 3 0x8000b2fc (0xd03f2423) mem 0x8000d000 0x00000001
core   0: 0x8000b300 (0xff9ff06f) j       pc - 0x8
core   0: 3 0x8000b300 (0xff9ff06f)
core   0: 0x8000b2f8 (0x00002f17) auipc   t5, 0x2
core   0: 3 0x8000b2f8 (0x00002f17) x30 0x8000d2f8
core   0: 0x8000b2fc (0xd03f2423) sw      gp, -760(t5)
core   0: 3 0x8000b2fc (0xd03f2423) mem 0x8000d000 0x00000001
core   0: 0x8000b300 (0xff9ff06f) j       pc - 0x8
core   0: 3 0x8000b300 (0xff9ff06f)
core   0: 0x8000b2f8 (0x00002f17) auipc   t5, 0x2
core   0: 3 0x8000b2f8 (0x00002f17) x30 0x8000d2f8
core   0: 0x8000b2fc (0xd03f2423) sw      gp, -760(t5)
core   0: 3 0x8000b2fc (0xd03f2423) mem 0x8000d000 0x00000001
core   0: 0x8000b300 (0xff9ff06f) j       pc - 0x8
core   0: 3 0x8000b300 (0xff9ff06f)
core   0: 0x8000b2f8 (0x00002f17) auipc   t5, 0x2
core   0: 3 0x8000b2f8 (0x00002f17) x30 0x8000d2f8
core   0: 0x8000b2fc (0xd03f2423) sw      gp, -760(t5)
core   0: 3 0x8000b2fc (0xd03f2423) mem 0x8000d000 0x00000001
core   0: 0x8000b300 (0xff9ff06f) j       pc - 0x8
core   0: 3 0x8000b300 (0xff9ff06f)
core   0: 0x8000b2f8 (0x00002f17) auipc   t5, 0x2
core   0: 3 0x8000b2f8 (0x00002f17) x30 0x8000d2f8
core   0: 0x8000b2fc (0xd03f2423) sw      gp, -760(t5)
core   0: 3 0x8000b2fc (0xd03f2423) mem 0x8000d000 0x00000001
core   0: 0x8000b300 (0xff9ff06f) j       pc - 0x8
core   0: 3 0x8000b300 (0xff9ff06f)
core   0: 0x8000b2f8 (0x00002f17) auipc   t5, 0x2
core   0: 3 0x8000b2f8 (0x00002f17) x30 0x8000d2f8
core   0: 0x8000b2fc (0xd03f2423) sw      gp, -760(t5)
core   0: 3 0x8000b2fc (0xd03f2423) mem 0x8000d000 0x00000001
core   0: 0x8000b300 (0xff9ff06f) j       pc - 0x8
core   0: 3 0x8000b300 (0xff9ff06f)
core   0: 0x8000b2f8 (0x00002f17) auipc   t5, 0x2
core   0: 3 0x8000b2f8 (0x00002f17) x30 0x8000d2f8
core   0: 0x8000b2fc (0xd03f2423) sw      gp, -760(t5)
core   0: 3 0x8000b2fc (0xd03f2423) mem 0x8000d000 0x00000001
core   0: 0x8000b300 (0xff9ff06f) j       pc - 0x8
core   0: 3 0x8000b300 (0xff9ff06f)
core   0: 0x8000b2f8 (0x00002f17) auipc   t5, 0x2
core   0: 3 0x8000b2f8 (0x00002f17) x30 0x8000d2f8
core   0: 0x8000b2fc (0xd03f2423) sw      gp, -760(t5)
core   0: 3 0x8000b2fc (0xd03f2423) mem 0x8000d000 0x00000001
core   0: 0x8000b300 (0xff9ff06f) j       pc - 0x8
core   0: 3 0x8000b300 (0xff9ff06f)
core   0: 0x8000b2f8 (0x00002f17) auipc   t5, 0x2
core   0: 3 0x8000b2f8 (0x00002f17) x30 0x8000d2f8
core   0: 0x8000b2fc (0xd03f2423) sw      gp, -760(t5)
core   0: 3 0x8000b2fc (0xd03f2423) mem 0x8000d000 0x00000001
core   0: 0x8000b300 (0xff9ff06f) j       pc - 0x8
core   0: 3 0x8000b300 (0xff9ff06f)
core   0: 0x8000b2f8 (0x00002f17) auipc   t5, 0x2
core   0: 3 0x8000b2f8 (0x00002f17) x30 0x8000d2f8
core   0: 0x8000b2fc (0xd03f2423) sw      gp, -760(t5)
core   0: 3 0x8000b2fc (0xd03f2423) mem 0x8000d000 0x00000001
core   0: 0x8000b300 (0xff9ff06f) j       pc - 0x8
core   0: 3 0x8000b300 (0xff9ff06f)
core   0: 0x8000b2f8 (0x00002f17) auipc   t5, 0x2
core   0: 3 0x8000b2f8 (0x00002f17) x30 0x8000d2f8
core   0: 0x8000b2fc (0xd03f2423) sw      gp, -760(t5)
core   0: 3 0x8000b2fc (0xd03f2423) mem 0x8000d000 0x00000001
core   0: 0x8000b300 (0xff9ff06f) j       pc - 0x8
core   0: 3 0x8000b300 (0xff9ff06f)
core   0: 0x8000b2f8 (0x00002f17) auipc   t5, 0x2
core   0: 3 0x8000b2f8 (0x00002f17) x30 0x8000d2f8
core   0: 0x8000b2fc (0xd03f2423) sw      gp, -760(t5)
core   0: 3 0x8000b2fc (0xd03f2423) mem 0x8000d000 0x00000001
core   0: 0x8000b300 (0xff9ff06f) j       pc - 0x8
core   0: 3 0x8000b300 (0xff9ff06f)
core   0: 0x8000b2f8 (0x00002f17) auipc   t5, 0x2
core   0: 3 0x8000b2f8 (0x00002f17) x30 0x8000d2f8
core   0: 0x8000b2fc (0xd03f2423) sw      gp, -760(t5)
core   0: 3 0x8000b2fc (0xd03f2423) mem 0x8000d000 0x00000001
core   0: 0x8000b300 (0xff9ff06f) j       pc - 0x8
core   0: 3 0x8000b300 (0xff9ff06f)
core   0: 0x8000b2f8 (0x00002f17) auipc   t5, 0x2
core   0: 3 0x8000b2f8 (0x00002f17) x30 0x8000d2f8
core   0: 0x8000b2fc (0xd03f2423) sw      gp, -760(t5)
core   0: 3 0x8000b2fc (0xd03f2423) mem 0x8000d000 0x00000001
core   0: 0x8000b300 (0xff9ff06f) j       pc - 0x8
core   0: 3 0x8000b300 (0xff9ff06f)
core   0: 0x8000b2f8 (0x00002f17) auipc   t5, 0x2
core   0: 3 0x8000b2f8 (0x00002f17) x30 0x8000d2f8
core   0: 0x8000b2fc (0xd03f2423) sw      gp, -760(t5)
core   0: 3 0x8000b2fc (0xd03f2423) mem 0x8000d000 0x00000001
core   0: 0x8000b300 (0xff9ff06f) j       pc - 0x8
core   0: 3 0x8000b300 (0xff9ff06f)
core   0: 0x8000b2f8 (0x00002f17) auipc   t5, 0x2
core   0: 3 0x8000b2f8 (0x00002f17) x30 0x8000d2f8
core   0: 0x8000b2fc (0xd03f2423) sw      gp, -760(t5)
core   0: 3 0x8000b2fc (0xd03f2423) mem 0x8000d000 0x00000001
core   0: 0x8000b300 (0xff9ff06f) j       pc - 0x8
core   0: 3 0x8000b300 (0xff9ff06f)
core   0: 0x8000b2f8 (0x00002f17) auipc   t5, 0x2
core   0: 3 0x8000b2f8 (0x00002f17) x30 0x8000d2f8
core   0: 0x8000b2fc (0xd03f2423) sw      gp, -760(t5)
core   0: 3 0x8000b2fc (0xd03f2423) mem 0x8000d000 0x00000001
core   0: 0x8000b300 (0xff9ff06f) j       pc - 0x8
core   0: 3 0x8000b300 (0xff9ff06f)
core   0: 0x8000b2f8 (0x00002f17) auipc   t5, 0x2
core   0: 3 0x8000b2f8 (0x00002f17) x30 0x8000d2f8
core   0: 0x8000b2fc (0xd03f2423) sw      gp, -760(t5)
core   0: 3 0x8000b2fc (0xd03f2423) mem 0x8000d000 0x00000001
core   0: 0x8000b300 (0xff9ff06f) j       pc - 0x8
core   0: 3 0x8000b300 (0xff9ff06f)
core   0: 0x8000b2f8 (0x00002f17) auipc   t5, 0x2
core   0: 3 0x8000b2f8 (0x00002f17) x30 0x8000d2f8
core   0: 0x8000b2fc (0xd03f2423) sw      gp, -760(t5)
core   0: 3 0x8000b2fc (0xd03f2423) mem 0x8000d000 0x00000001
core   0: 0x8000b300 (0xff9ff06f) j       pc - 0x8
core   0: 3 0x8000b300 (0xff9ff06f)
core   0: 0x8000b2f8 (0x00002f17) auipc   t5, 0x2
core   0: 3 0x8000b2f8 (0x00002f17) x30 0x8000d2f8
core   0: 0x8000b2fc (0xd03f2423) sw      gp, -760(t5)
core   0: 3 0x8000b2fc (0xd03f2423) mem 0x8000d000 0x00000001
core   0: 0x8000b300 (0xff9ff06f) j       pc - 0x8
core   0: 3 0x8000b300 (0xff9ff06f)
core   0: 0x8000b2f8 (0x00002f17) auipc   t5, 0x2
core   0: 3 0x8000b2f8 (0x00002f17) x30 0x8000d2f8
core   0: 0x8000b2fc (0xd03f2423) sw      gp, -760(t5)
core   0: 3 0x8000b2fc (0xd03f2423) mem 0x8000d000 0x00000001
core   0: 0x8000b300 (0xff9ff06f) j       pc - 0x8
core   0: 3 0x8000b300 (0xff9ff06f)
core   0: 0x8000b2f8 (0x00002f17) auipc   t5, 0x2
core   0: 3 0x8000b2f8 (0x00002f17) x30 0x8000d2f8
core   0: 0x8000b2fc (0xd03f2423) sw      gp, -760(t5)
core   0: 3 0x8000b2fc (0xd03f2423) mem 0x8000d000 0x00000001
core   0: 0x8000b300 (0xff9ff06f) j       pc - 0x8
core   0: 3 0x8000b300 (0xff9ff06f)
core   0: 0x8000b2f8 (0x00002f17) auipc   t5, 0x2
core   0: 3 0x8000b2f8 (0x00002f17) x30 0x8000d2f8
core   0: 0x8000b2fc (0xd03f2423) sw      gp, -760(t5)
core   0: 3 0x8000b2fc (0xd03f2423) mem 0x8000d000 0x00000001
core   0: 0x8000b300 (0xff9ff06f) j       pc - 0x8
core   0: 3 0x8000b300 (0xff9ff06f)
core   0: 0x8000b2f8 (0x00002f17) auipc   t5, 0x2
core   0: 3 0x8000b2f8 (0x00002f17) x30 0x8000d2f8
core   0: 0x8000b2fc (0xd03f2423) sw      gp, -760(t5)
core   0: 3 0x8000b2fc (0xd03f2423) mem 0x8000d000 0x00000001
core   0: 0x8000b300 (0xff9ff06f) j       pc - 0x8
core   0: 3 0x8000b300 (0xff9ff06f)
core   0: 0x8000b2f8 (0x00002f17) auipc   t5, 0x2
core   0: 3 0x8000b2f8 (0x00002f17) x30 0x8000d2f8
core   0: 0x8000b2fc (0xd03f2423) sw      gp, -760(t5)
core   0: 3 0x8000b2fc (0xd03f2423) mem 0x8000d000 0x00000001
core   0: 0x8000b300 (0xff9ff06f) j       pc - 0x8
core   0: 3 0x8000b300 (0xff9ff06f)
core   0: 0x8000b2f8 (0x00002f17) auipc   t5, 0x2
core   0: 3 0x8000b2f8 (0x00002f17) x30 0x8000d2f8
core   0: 0x8000b2fc (0xd03f2423) sw      gp, -760(t5)
core   0: 3 0x8000b2fc (0xd03f2423) mem 0x8000d000 0x00000001
core   0: 0x8000b300 (0xff9ff06f) j       pc - 0x8
core   0: 3 0x8000b300 (0xff9ff06f)
core   0: 0x8000b2f8 (0x00002f17) auipc   t5, 0x2
core   0: 3 0x8000b2f8 (0x00002f17) x30 0x8000d2f8
core   0: 0x8000b2fc (0xd03f2423) sw      gp, -760(t5)
core   0: 3 0x8000b2fc (0xd03f2423) mem 0x8000d000 0x00000001
core   0: 0x8000b300 (0xff9ff06f) j       pc - 0x8
core   0: 3 0x8000b300 (0xff9ff06f)
core   0: 0x8000b2f8 (0x00002f17) auipc   t5, 0x2
core   0: 3 0x8000b2f8 (0x00002f17) x30 0x8000d2f8
core   0: 0x8000b2fc (0xd03f2423) sw      gp, -760(t5)
core   0: 3 0x8000b2fc (0xd03f2423) mem 0x8000d000 0x00000001
core   0: 0x8000b300 (0xff9ff06f) j       pc - 0x8
core   0: 3 0x8000b300 (0xff9ff06f)
core   0: 0x8000b2f8 (0x00002f17) auipc   t5, 0x2
core   0: 3 0x8000b2f8 (0x00002f17) x30 0x8000d2f8
core   0: 0x8000b2fc (0xd03f2423) sw      gp, -760(t5)
core   0: 3 0x8000b2fc (0xd03f2423) mem 0x8000d000 0x00000001
core   0: 0x8000b300 (0xff9ff06f) j       pc - 0x8
core   0: 3 0x8000b300 (0xff9ff06f)
core   0: 0x8000b2f8 (0x00002f17) auipc   t5, 0x2
core   0: 3 0x8000b2f8 (0x00002f17) x30 0x8000d2f8
core   0: 0x8000b2fc (0xd03f2423) sw      gp, -760(t5)
core   0: 3 0x8000b2fc (0xd03f2423) mem 0x8000d000 0x00000001
core   0: 0x8000b300 (0xff9ff06f) j       pc - 0x8
core   0: 3 0x8000b300 (0xff9ff06f)
core   0: 0x8000b2f8 (0x00002f17) auipc   t5, 0x2
core   0: 3 0x8000b2f8 (0x00002f17) x30 0x8000d2f8
core   0: 0x8000b2fc (0xd03f2423) sw      gp, -760(t5)
core   0: 3 0x8000b2fc (0xd03f2423) mem 0x8000d000 0x00000001
core   0: 0x8000b300 (0xff9ff06f) j       pc - 0x8
core   0: 3 0x8000b300 (0xff9ff06f)
core   0: 0x8000b2f8 (0x00002f17) auipc   t5, 0x2
core   0: 3 0x8000b2f8 (0x00002f17) x30 0x8000d2f8
core   0: 0x8000b2fc (0xd03f2423) sw      gp, -760(t5)
core   0: 3 0x8000b2fc (0xd03f2423) mem 0x8000d000 0x00000001
core   0: 0x8000b300 (0xff9ff06f) j       pc - 0x8
core   0: 3 0x8000b300 (0xff9ff06f)
core   0: 0x8000b2f8 (0x00002f17) auipc   t5, 0x2
core   0: 3 0x8000b2f8 (0x00002f17) x30 0x8000d2f8
core   0: 0x8000b2fc (0xd03f2423) sw      gp, -760(t5)
core   0: 3 0x8000b2fc (0xd03f2423) mem 0x8000d000 0x00000001
core   0: 0x8000b300 (0xff9ff06f) j       pc - 0x8
core   0: 3 0x8000b300 (0xff9ff06f)
core   0: 0x8000b2f8 (0x00002f17) auipc   t5, 0x2
core   0: 3 0x8000b2f8 (0x00002f17) x30 0x8000d2f8
core   0: 0x8000b2fc (0xd03f2423) sw      gp, -760(t5)
core   0: 3 0x8000b2fc (0xd03f2423) mem 0x8000d000 0x00000001
core   0: 0x8000b300 (0xff9ff06f) j       pc - 0x8
core   0: 3 0x8000b300 (0xff9ff06f)
core   0: 0x8000b2f8 (0x00002f17) auipc   t5, 0x2
core   0: 3 0x8000b2f8 (0x00002f17) x30 0x8000d2f8
core   0: 0x8000b2fc (0xd03f2423) sw      gp, -760(t5)
core   0: 3 0x8000b2fc (0xd03f2423) mem 0x8000d000 0x00000001
core   0: 0x8000b300 (0xff9ff06f) j       pc - 0x8
core   0: 3 0x8000b300 (0xff9ff06f)
core   0: 0x8000b2f8 (0x00002f17) auipc   t5, 0x2
core   0: 3 0x8000b2f8 (0x00002f17) x30 0x8000d2f8
core   0: 0x8000b2fc (0xd03f2423) sw      gp, -760(t5)
core   0: 3 0x8000b2fc (0xd03f2423) mem 0x8000d000 0x00000001
core   0: 0x8000b300 (0xff9ff06f) j       pc - 0x8
core   0: 3 0x8000b300 (0xff9ff06f)
core   0: 0x8000b2f8 (0x00002f17) auipc   t5, 0x2
core   0: 3 0x8000b2f8 (0x00002f17) x30 0x8000d2f8
core   0: 0x8000b2fc (0xd03f2423) sw      gp, -760(t5)
core   0: 3 0x8000b2fc (0xd03f2423) mem 0x8000d000 0x00000001
core   0: 0x8000b300 (0xff9ff06f) j       pc - 0x8
core   0: 3 0x8000b300 (0xff9ff06f)
core   0: 0x8000b2f8 (0x00002f17) auipc   t5, 0x2
core   0: 3 0x8000b2f8 (0x00002f17) x30 0x8000d2f8
core   0: 0x8000b2fc (0xd03f2423) sw      gp, -760(t5)
core   0: 3 0x8000b2fc (0xd03f2423) mem 0x8000d000 0x00000001
core   0: 0x8000b300 (0xff9ff06f) j       pc - 0x8
core   0: 3 0x8000b300 (0xff9ff06f)
core   0: 0x8000b2f8 (0x00002f17) auipc   t5, 0x2
core   0: 3 0x8000b2f8 (0x00002f17) x30 0x8000d2f8
core   0: 0x8000b2fc (0xd03f2423) sw      gp, -760(t5)
core   0: 3 0x8000b2fc (0xd03f2423) mem 0x8000d000 0x00000001
core   0: 0x8000b300 (0xff9ff06f) j       pc - 0x8
core   0: 3 0x8000b300 (0xff9ff06f)
core   0: 0x8000b2f8 (0x00002f17) auipc   t5, 0x2
core   0: 3 0x8000b2f8 (0x00002f17) x30 0x8000d2f8
core   0: 0x8000b2fc (0xd03f2423) sw      gp, -760(t5)
core   0: 3 0x8000b2fc (0xd03f2423) mem 0x8000d000 0x00000001
core   0: 0x8000b300 (0xff9ff06f) j       pc - 0x8
core   0: 3 0x8000b300 (0xff9ff06f)
core   0: 0x8000b2f8 (0x00002f17) auipc   t5, 0x2
core   0: 3 0x8000b2f8 (0x00002f17) x30 0x8000d2f8
core   0: 0x8000b2fc (0xd03f2423) sw      gp, -760(t5)
core   0: 3 0x8000b2fc (0xd03f2423) mem 0x8000d000 0x00000001
core   0: 0x8000b300 (0xff9ff06f) j       pc - 0x8
core   0: 3 0x8000b300 (0xff9ff06f)
core   0: 0x8000b2f8 (0x00002f17) auipc   t5, 0x2
core   0: 3 0x8000b2f8 (0x00002f17) x30 0x8000d2f8
core   0: 0x8000b2fc (0xd03f2423) sw      gp, -760(t5)
core   0: 3 0x8000b2fc (0xd03f2423) mem 0x8000d000 0x00000001
core   0: 0x8000b300 (0xff9ff06f) j       pc - 0x8
core   0: 3 0x8000b300 (0xff9ff06f)
core   0: 0x8000b2f8 (0x00002f17) auipc   t5, 0x2
core   0: 3 0x8000b2f8 (0x00002f17) x30 0x8000d2f8
core   0: 0x8000b2fc (0xd03f2423) sw      gp, -760(t5)
core   0: 3 0x8000b2fc (0xd03f2423) mem 0x8000d000 0x00000001
core   0: 0x8000b300 (0xff9ff06f) j       pc - 0x8
core   0: 3 0x8000b300 (0xff9ff06f)
core   0: 0x8000b2f8 (0x00002f17) auipc   t5, 0x2
core   0: 3 0x8000b2f8 (0x00002f17) x30 0x8000d2f8
core   0: 0x8000b2fc (0xd03f2423) sw      gp, -760(t5)
core   0: 3 0x8000b2fc (0xd03f2423) mem 0x8000d000 0x00000001
core   0: 0x8000b300 (0xff9ff06f) j       pc - 0x8
core   0: 3 0x8000b300 (0xff9ff06f)
core   0: 0x8000b2f8 (0x00002f17) auipc   t5, 0x2
core   0: 3 0x8000b2f8 (0x00002f17) x30 0x8000d2f8
core   0: 0x8000b2fc (0xd03f2423) sw      gp, -760(t5)
core   0: 3 0x8000b2fc (0xd03f2423) mem 0x8000d000 0x00000001
core   0: 0x8000b300 (0xff9ff06f) j       pc - 0x8
core   0: 3 0x8000b300 (0xff9ff06f)
core   0: 0x8000b2f8 (0x00002f17) auipc   t5, 0x2
core   0: 3 0x8000b2f8 (0x00002f17) x30 0x8000d2f8
core   0: 0x8000b2fc (0xd03f2423) sw      gp, -760(t5)
core   0: 3 0x8000b2fc (0xd03f2423) mem 0x8000d000 0x00000001
core   0: 0x8000b300 (0xff9ff06f) j       pc - 0x8
core   0: 3 0x8000b300 (0xff9ff06f)
core   0: 0x8000b2f8 (0x00002f17) auipc   t5, 0x2
core   0: 3 0x8000b2f8 (0x00002f17) x30 0x8000d2f8
core   0: 0x8000b2fc (0xd03f2423) sw      gp, -760(t5)
core   0: 3 0x8000b2fc (0xd03f2423) mem 0x8000d000 0x00000001
core   0: 0x8000b300 (0xff9ff06f) j       pc - 0x8
core   0: 3 0x8000b300 (0xff9ff06f)
core   0: 0x8000b2f8 (0x00002f17) auipc   t5, 0x2
core   0: 3 0x8000b2f8 (0x00002f17) x30 0x8000d2f8
core   0: 0x8000b2fc (0xd03f2423) sw      gp, -760(t5)
core   0: 3 0x8000b2fc (0xd03f2423) mem 0x8000d000 0x00000001
core   0: 0x8000b300 (0xff9ff06f) j       pc - 0x8
core   0: 3 0x8000b300 (0xff9ff06f)
core   0: 0x8000b2f8 (0x00002f17) auipc   t5, 0x2
core   0: 3 0x8000b2f8 (0x00002f17) x30 0x8000d2f8
core   0: 0x8000b2fc (0xd03f2423) sw      gp, -760(t5)
core   0: 3 0x8000b2fc (0xd03f2423) mem 0x8000d000 0x00000001
core   0: 0x8000b300 (0xff9ff06f) j       pc - 0x8
core   0: 3 0x8000b300 (0xff9ff06f)
core   0: 0x8000b2f8 (0x00002f17) auipc   t5, 0x2
core   0: 3 0x8000b2f8 (0x00002f17) x30 0x8000d2f8
core   0: 0x8000b2fc (0xd03f2423) sw      gp, -760(t5)
core   0: 3 0x8000b2fc (0xd03f2423) mem 0x8000d000 0x00000001
core   0: 0x8000b300 (0xff9ff06f) j       pc - 0x8
core   0: 3 0x8000b300 (0xff9ff06f)
core   0: 0x8000b2f8 (0x00002f17) auipc   t5, 0x2
core   0: 3 0x8000b2f8 (0x00002f17) x30 0x8000d2f8
core   0: 0x8000b2fc (0xd03f2423) sw      gp, -760(t5)
core   0: 3 0x8000b2fc (0xd03f2423) mem 0x8000d000 0x00000001
core   0: 0x8000b300 (0xff9ff06f) j       pc - 0x8
core   0: 3 0x8000b300 (0xff9ff06f)
core   0: 0x8000b2f8 (0x00002f17) auipc   t5, 0x2
core   0: 3 0x8000b2f8 (0x00002f17) x30 0x8000d2f8
core   0: 0x8000b2fc (0xd03f2423) sw      gp, -760(t5)
core   0: 3 0x8000b2fc (0xd03f2423) mem 0x8000d000 0x00000001
core   0: 0x8000b300 (0xff9ff06f) j       pc - 0x8
core   0: 3 0x8000b300 (0xff9ff06f)
core   0: 0x8000b2f8 (0x00002f17) auipc   t5, 0x2
core   0: 3 0x8000b2f8 (0x00002f17) x30 0x8000d2f8
core   0: 0x8000b2fc (0xd03f2423) sw      gp, -760(t5)
core   0: 3 0x8000b2fc (0xd03f2423) mem 0x8000d000 0x00000001
core   0: 0x8000b300 (0xff9ff06f) j       pc - 0x8
core   0: 3 0x8000b300 (0xff9ff06f)
core   0: 0x8000b2f8 (0x00002f17) auipc   t5, 0x2
core   0: 3 0x8000b2f8 (0x00002f17) x30 0x8000d2f8
core   0: 0x8000b2fc (0xd03f2423) sw      gp, -760(t5)
core   0: 3 0x8000b2fc (0xd03f2423) mem 0x8000d000 0x00000001
core   0: 0x8000b300 (0xff9ff06f) j       pc - 0x8
core   0: 3 0x8000b300 (0xff9ff06f)
core   0: 0x8000b2f8 (0x00002f17) auipc   t5, 0x2
core   0: 3 0x8000b2f8 (0x00002f17) x30 0x8000d2f8
core   0: 0x8000b2fc (0xd03f2423) sw      gp, -760(t5)
core   0: 3 0x8000b2fc (0xd03f2423) mem 0x8000d000 0x00000001
core   0: 0x8000b300 (0xff9ff06f) j       pc - 0x8
core   0: 3 0x8000b300 (0xff9ff06f)
core   0: 0x8000b2f8 (0x00002f17) auipc   t5, 0x2
core   0: 3 0x8000b2f8 (0x00002f17) x30 0x8000d2f8
core   0: 0x8000b2fc (0xd03f2423) sw      gp, -760(t5)
core   0: 3 0x8000b2fc (0xd03f2423) mem 0x8000d000 0x00000001
core   0: 0x8000b300 (0xff9ff06f) j       pc - 0x8
core   0: 3 0x8000b300 (0xff9ff06f)
core   0: 0x8000b2f8 (0x00002f17) auipc   t5, 0x2
core   0: 3 0x8000b2f8 (0x00002f17) x30 0x8000d2f8
core   0: 0x8000b2fc (0xd03f2423) sw      gp, -760(t5)
core   0: 3 0x8000b2fc (0xd03f2423) mem 0x8000d000 0x00000001
core   0: 0x8000b300 (0xff9ff06f) j       pc - 0x8
core   0: 3 0x8000b300 (0xff9ff06f)
core   0: 0x8000b2f8 (0x00002f17) auipc   t5, 0x2
core   0: 3 0x8000b2f8 (0x00002f17) x30 0x8000d2f8
core   0: 0x8000b2fc (0xd03f2423) sw      gp, -760(t5)
core   0: 3 0x8000b2fc (0xd03f2423) mem 0x8000d000 0x00000001
core   0: 0x8000b300 (0xff9ff06f) j       pc - 0x8
core   0: 3 0x8000b300 (0xff9ff06f)
core   0: 0x8000b2f8 (0x00002f17) auipc   t5, 0x2
core   0: 3 0x8000b2f8 (0x00002f17) x30 0x8000d2f8
core   0: 0x8000b2fc (0xd03f2423) sw      gp, -760(t5)
core   0: 3 0x8000b2fc (0xd03f2423) mem 0x8000d000 0x00000001
core   0: 0x8000b300 (0xff9ff06f) j       pc - 0x8
core   0: 3 0x8000b300 (0xff9ff06f)
core   0: 0x8000b2f8 (0x00002f17) auipc   t5, 0x2
core   0: 3 0x8000b2f8 (0x00002f17) x30 0x8000d2f8
core   0: 0x8000b2fc (0xd03f2423) sw      gp, -760(t5)
core   0: 3 0x8000b2fc (0xd03f2423) mem 0x8000d000 0x00000001
core   0: 0x8000b300 (0xff9ff06f) j       pc - 0x8
core   0: 3 0x8000b300 (0xff9ff06f)
core   0: 0x8000b2f8 (0x00002f17) auipc   t5, 0x2
core   0: 3 0x8000b2f8 (0x00002f17) x30 0x8000d2f8
core   0: 0x8000b2fc (0xd03f2423) sw      gp, -760(t5)
core   0: 3 0x8000b2fc (0xd03f2423) mem 0x8000d000 0x00000001
core   0: 0x8000b300 (0xff9ff06f) j       pc - 0x8
core   0: 3 0x8000b300 (0xff9ff06f)
core   0: 0x8000b2f8 (0x00002f17) auipc   t5, 0x2
core   0: 3 0x8000b2f8 (0x00002f17) x30 0x8000d2f8
core   0: 0x8000b2fc (0xd03f2423) sw      gp, -760(t5)
core   0: 3 0x8000b2fc (0xd03f2423) mem 0x8000d000 0x00000001
core   0: 0x8000b300 (0xff9ff06f) j       pc - 0x8
core   0: 3 0x8000b300 (0xff9ff06f)
core   0: 0x8000b2f8 (0x00002f17) auipc   t5, 0x2
core   0: 3 0x8000b2f8 (0x00002f17) x30 0x8000d2f8
core   0: 0x8000b2fc (0xd03f2423) sw      gp, -760(t5)
core   0: 3 0x8000b2fc (0xd03f2423) mem 0x8000d000 0x00000001
core   0: 0x8000b300 (0xff9ff06f) j       pc - 0x8
core   0: 3 0x8000b300 (0xff9ff06f)
core   0: 0x8000b2f8 (0x00002f17) auipc   t5, 0x2
core   0: 3 0x8000b2f8 (0x00002f17) x30 0x8000d2f8
core   0: 0x8000b2fc (0xd03f2423) sw      gp, -760(t5)
core   0: 3 0x8000b2fc (0xd03f2423) mem 0x8000d000 0x00000001
core   0: 0x8000b300 (0xff9ff06f) j       pc - 0x8
core   0: 3 0x8000b300 (0xff9ff06f)
core   0: 0x8000b2f8 (0x00002f17) auipc   t5, 0x2
core   0: 3 0x8000b2f8 (0x00002f17) x30 0x8000d2f8
core   0: 0x8000b2fc (0xd03f2423) sw      gp, -760(t5)
core   0: 3 0x8000b2fc (0xd03f2423) mem 0x8000d000 0x00000001
core   0: 0x8000b300 (0xff9ff06f) j       pc - 0x8
core   0: 3 0x8000b300 (0xff9ff06f)
core   0: 0x8000b2f8 (0x00002f17) auipc   t5, 0x2
core   0: 3 0x8000b2f8 (0x00002f17) x30 0x8000d2f8
core   0: 0x8000b2fc (0xd03f2423) sw      gp, -760(t5)
core   0: 3 0x8000b2fc (0xd03f2423) mem 0x8000d000 0x00000001
core   0: 0x8000b300 (0xff9ff06f) j       pc - 0x8
core   0: 3 0x8000b300 (0xff9ff06f)
core   0: 0x8000b2f8 (0x00002f17) auipc   t5, 0x2
core   0: 3 0x8000b2f8 (0x00002f17) x30 0x8000d2f8
core   0: 0x8000b2fc (0xd03f2423) sw      gp, -760(t5)
core   0: 3 0x8000b2fc (0xd03f2423) mem 0x8000d000 0x00000001
core   0: 0x8000b300 (0xff9ff06f) j       pc - 0x8
core   0: 3 0x8000b300 (0xff9ff06f)
core   0: 0x8000b2f8 (0x00002f17) auipc   t5, 0x2
core   0: 3 0x8000b2f8 (0x00002f17) x30 0x8000d2f8
core   0: 0x8000b2fc (0xd03f2423) sw      gp, -760(t5)
core   0: 3 0x8000b2fc (0xd03f2423) mem 0x8000d000 0x00000001
core   0: 0x8000b300 (0xff9ff06f) j       pc - 0x8
core   0: 3 0x8000b300 (0xff9ff06f)
core   0: 0x8000b2f8 (0x00002f17) auipc   t5, 0x2
core   0: 3 0x8000b2f8 (0x00002f17) x30 0x8000d2f8
core   0: 0x8000b2fc (0xd03f2423) sw      gp, -760(t5)
core   0: 3 0x8000b2fc (0xd03f2423) mem 0x8000d000 0x00000001
core   0: 0x8000b300 (0xff9ff06f) j       pc - 0x8
core   0: 3 0x8000b300 (0xff9ff06f)
core   0: 0x8000b2f8 (0x00002f17) auipc   t5, 0x2
core   0: 3 0x8000b2f8 (0x00002f17) x30 0x8000d2f8
core   0: 0x8000b2fc (0xd03f2423) sw      gp, -760(t5)
core   0: 3 0x8000b2fc (0xd03f2423) mem 0x8000d000 0x00000001
core   0: 0x8000b300 (0xff9ff06f) j       pc - 0x8
core   0: 3 0x8000b300 (0xff9ff06f)
core   0: 0x8000b2f8 (0x00002f17) auipc   t5, 0x2
core   0: 3 0x8000b2f8 (0x00002f17) x30 0x8000d2f8
core   0: 0x8000b2fc (0xd03f2423) sw      gp, -760(t5)
core   0: 3 0x8000b2fc (0xd03f2423) mem 0x8000d000 0x00000001
core   0: 0x8000b300 (0xff9ff06f) j       pc - 0x8
core   0: 3 0x8000b300 (0xff9ff06f)
core   0: 0x8000b2f8 (0x00002f17) auipc   t5, 0x2
core   0: 3 0x8000b2f8 (0x00002f17) x30 0x8000d2f8
core   0: 0x8000b2fc (0xd03f2423) sw      gp, -760(t5)
core   0: 3 0x8000b2fc (0xd03f2423) mem 0x8000d000 0x00000001
core   0: 0x8000b300 (0xff9ff06f) j       pc - 0x8
core   0: 3 0x8000b300 (0xff9ff06f)
core   0: 0x8000b2f8 (0x00002f17) auipc   t5, 0x2
core   0: 3 0x8000b2f8 (0x00002f17) x30 0x8000d2f8
core   0: 0x8000b2fc (0xd03f2423) sw      gp, -760(t5)
core   0: 3 0x8000b2fc (0xd03f2423) mem 0x8000d000 0x00000001
core   0: 0x8000b300 (0xff9ff06f) j       pc - 0x8
core   0: 3 0x8000b300 (0xff9ff06f)
core   0: 0x8000b2f8 (0x00002f17) auipc   t5, 0x2
core   0: 3 0x8000b2f8 (0x00002f17) x30 0x8000d2f8
core   0: 0x8000b2fc (0xd03f2423) sw      gp, -760(t5)
core   0: 3 0x8000b2fc (0xd03f2423) mem 0x8000d000 0x00000001
core   0: 0x8000b300 (0xff9ff06f) j       pc - 0x8
core   0: 3 0x8000b300 (0xff9ff06f)
core   0: 0x8000b2f8 (0x00002f17) auipc   t5, 0x2
core   0: 3 0x8000b2f8 (0x00002f17) x30 0x8000d2f8
core   0: 0x8000b2fc (0xd03f2423) sw      gp, -760(t5)
core   0: 3 0x8000b2fc (0xd03f2423) mem 0x8000d000 0x00000001
core   0: 0x8000b300 (0xff9ff06f) j       pc - 0x8
core   0: 3 0x8000b300 (0xff9ff06f)
core   0: 0x8000b2f8 (0x00002f17) auipc   t5, 0x2
core   0: 3 0x8000b2f8 (0x00002f17) x30 0x8000d2f8
core   0: 0x8000b2fc (0xd03f2423) sw      gp, -760(t5)
core   0: 3 0x8000b2fc (0xd03f2423) mem 0x8000d000 0x00000001
core   0: 0x8000b300 (0xff9ff06f) j       pc - 0x8
core   0: 3 0x8000b300 (0xff9ff06f)
core   0: 0x8000b2f8 (0x00002f17) auipc   t5, 0x2
core   0: 3 0x8000b2f8 (0x00002f17) x30 0x8000d2f8
core   0: 0x8000b2fc (0xd03f2423) sw      gp, -760(t5)
core   0: 3 0x8000b2fc (0xd03f2423) mem 0x8000d000 0x00000001
core   0: 0x8000b300 (0xff9ff06f) j       pc - 0x8
core   0: 3 0x8000b300 (0xff9ff06f)
core   0: 0x8000b2f8 (0x00002f17) auipc   t5, 0x2
core   0: 3 0x8000b2f8 (0x00002f17) x30 0x8000d2f8
core   0: 0x8000b2fc (0xd03f2423) sw      gp, -760(t5)
core   0: 3 0x8000b2fc (0xd03f2423) mem 0x8000d000 0x00000001
core   0: 0x8000b300 (0xff9ff06f) j       pc - 0x8
core   0: 3 0x8000b300 (0xff9ff06f)
core   0: 0x8000b2f8 (0x00002f17) auipc   t5, 0x2
core   0: 3 0x8000b2f8 (0x00002f17) x30 0x8000d2f8
core   0: 0x8000b2fc (0xd03f2423) sw      gp, -760(t5)
core   0: 3 0x8000b2fc (0xd03f2423) mem 0x8000d000 0x00000001
core   0: 0x8000b300 (0xff9ff06f) j       pc - 0x8
core   0: 3 0x8000b300 (0xff9ff06f)
core   0: 0x8000b2f8 (0x00002f17) auipc   t5, 0x2
core   0: 3 0x8000b2f8 (0x00002f17) x30 0x8000d2f8
core   0: 0x8000b2fc (0xd03f2423) sw      gp, -760(t5)
core   0: 3 0x8000b2fc (0xd03f2423) mem 0x8000d000 0x00000001
core   0: 0x8000b300 (0xff9ff06f) j       pc - 0x8
core   0: 3 0x8000b300 (0xff9ff06f)
core   0: 0x8000b2f8 (0x00002f17) auipc   t5, 0x2
core   0: 3 0x8000b2f8 (0x00002f17) x30 0x8000d2f8
core   0: 0x8000b2fc (0xd03f2423) sw      gp, -760(t5)
core   0: 3 0x8000b2fc (0xd03f2423) mem 0x8000d000 0x00000001
core   0: 0x8000b300 (0xff9ff06f) j       pc - 0x8
core   0: 3 0x8000b300 (0xff9ff06f)
core   0: 0x8000b2f8 (0x00002f17) auipc   t5, 0x2
core   0: 3 0x8000b2f8 (0x00002f17) x30 0x8000d2f8
core   0: 0x8000b2fc (0xd03f2423) sw      gp, -760(t5)
core   0: 3 0x8000b2fc (0xd03f2423) mem 0x8000d000 0x00000001
core   0: 0x8000b300 (0xff9ff06f) j       pc - 0x8
core   0: 3 0x8000b300 (0xff9ff06f)
core   0: 0x8000b2f8 (0x00002f17) auipc   t5, 0x2
core   0: 3 0x8000b2f8 (0x00002f17) x30 0x8000d2f8
core   0: 0x8000b2fc (0xd03f2423) sw      gp, -760(t5)
core   0: 3 0x8000b2fc (0xd03f2423) mem 0x8000d000 0x00000001
core   0: 0x8000b300 (0xff9ff06f) j       pc - 0x8
core   0: 3 0x8000b300 (0xff9ff06f)
core   0: 0x8000b2f8 (0x00002f17) auipc   t5, 0x2
core   0: 3 0x8000b2f8 (0x00002f17) x30 0x8000d2f8
core   0: 0x8000b2fc (0xd03f2423) sw      gp, -760(t5)
core   0: 3 0x8000b2fc (0xd03f2423) mem 0x8000d000 0x00000001
core   0: 0x8000b300 (0xff9ff06f) j       pc - 0x8
core   0: 3 0x8000b300 (0xff9ff06f)
core   0: 0x8000b2f8 (0x00002f17) auipc   t5, 0x2
core   0: 3 0x8000b2f8 (0x00002f17) x30 0x8000d2f8
core   0: 0x8000b2fc (0xd03f2423) sw      gp, -760(t5)
core   0: 3 0x8000b2fc (0xd03f2423) mem 0x8000d000 0x00000001
core   0: 0x8000b300 (0xff9ff06f) j       pc - 0x8
core   0: 3 0x8000b300 (0xff9ff06f)
core   0: 0x8000b2f8 (0x00002f17) auipc   t5, 0x2
core   0: 3 0x8000b2f8 (0x00002f17) x30 0x8000d2f8
core   0: 0x8000b2fc (0xd03f2423) sw      gp, -760(t5)
core   0: 3 0x8000b2fc (0xd03f2423) mem 0x8000d000 0x00000001
core   0: 0x8000b300 (0xff9ff06f) j       pc - 0x8
core   0: 3 0x8000b300 (0xff9ff06f)
core   0: 0x8000b2f8 (0x00002f17) auipc   t5, 0x2
core   0: 3 0x8000b2f8 (0x00002f17) x30 0x8000d2f8
core   0: 0x8000b2fc (0xd03f2423) sw      gp, -760(t5)
core   0: 3 0x8000b2fc (0xd03f2423) mem 0x8000d000 0x00000001
core   0: 0x8000b300 (0xff9ff06f) j       pc - 0x8
core   0: 3 0x8000b300 (0xff9ff06f)
core   0: 0x8000b2f8 (0x00002f17) auipc   t5, 0x2
core   0: 3 0x8000b2f8 (0x00002f17) x30 0x8000d2f8
core   0: 0x8000b2fc (0xd03f2423) sw      gp, -760(t5)
core   0: 3 0x8000b2fc (0xd03f2423) mem 0x8000d000 0x00000001
core   0: 0x8000b300 (0xff9ff06f) j       pc - 0x8
core   0: 3 0x8000b300 (0xff9ff06f)
core   0: 0x8000b2f8 (0x00002f17) auipc   t5, 0x2
core   0: 3 0x8000b2f8 (0x00002f17) x30 0x8000d2f8
core   0: 0x8000b2fc (0xd03f2423) sw      gp, -760(t5)
core   0: 3 0x8000b2fc (0xd03f2423) mem 0x8000d000 0x00000001
core   0: 0x8000b300 (0xff9ff06f) j       pc - 0x8
core   0: 3 0x8000b300 (0xff9ff06f)
core   0: 0x8000b2f8 (0x00002f17) auipc   t5, 0x2
core   0: 3 0x8000b2f8 (0x00002f17) x30 0x8000d2f8
core   0: 0x8000b2fc (0xd03f2423) sw      gp, -760(t5)
core   0: 3 0x8000b2fc (0xd03f2423) mem 0x8000d000 0x00000001
core   0: 0x8000b300 (0xff9ff06f) j       pc - 0x8
core   0: 3 0x8000b300 (0xff9ff06f)
core   0: 0x8000b2f8 (0x00002f17) auipc   t5, 0x2
core   0: 3 0x8000b2f8 (0x00002f17) x30 0x8000d2f8
core   0: 0x8000b2fc (0xd03f2423) sw      gp, -760(t5)
core   0: 3 0x8000b2fc (0xd03f2423) mem 0x8000d000 0x00000001
core   0: 0x8000b300 (0xff9ff06f) j       pc - 0x8
core   0: 3 0x8000b300 (0xff9ff06f)
core   0: 0x8000b2f8 (0x00002f17) auipc   t5, 0x2
core   0: 3 0x8000b2f8 (0x00002f17) x30 0x8000d2f8
core   0: 0x8000b2fc (0xd03f2423) sw      gp, -760(t5)
core   0: 3 0x8000b2fc (0xd03f2423) mem 0x8000d000 0x00000001
core   0: 0x8000b300 (0xff9ff06f) j       pc - 0x8
core   0: 3 0x8000b300 (0xff9ff06f)
core   0: 0x8000b2f8 (0x00002f17) auipc   t5, 0x2
core   0: 3 0x8000b2f8 (0x00002f17) x30 0x8000d2f8
core   0: 0x8000b2fc (0xd03f2423) sw      gp, -760(t5)
core   0: 3 0x8000b2fc (0xd03f2423) mem 0x8000d000 0x00000001
core   0: 0x8000b300 (0xff9ff06f) j       pc - 0x8
core   0: 3 0x8000b300 (0xff9ff06f)
core   0: 0x8000b2f8 (0x00002f17) auipc   t5, 0x2
core   0: 3 0x8000b2f8 (0x00002f17) x30 0x8000d2f8
core   0: 0x8000b2fc (0xd03f2423) sw      gp, -760(t5)
core   0: 3 0x8000b2fc (0xd03f2423) mem 0x8000d000 0x00000001
core   0: 0x8000b300 (0xff9ff06f) j       pc - 0x8
core   0: 3 0x8000b300 (0xff9ff06f)
core   0: 0x8000b2f8 (0x00002f17) auipc   t5, 0x2
core   0: 3 0x8000b2f8 (0x00002f17) x30 0x8000d2f8
core   0: 0x8000b2fc (0xd03f2423) sw      gp, -760(t5)
core   0: 3 0x8000b2fc (0xd03f2423) mem 0x8000d000 0x00000001
core   0: 0x8000b300 (0xff9ff06f) j       pc - 0x8
core   0: 3 0x8000b300 (0xff9ff06f)
core   0: 0x8000b2f8 (0x00002f17) auipc   t5, 0x2
core   0: 3 0x8000b2f8 (0x00002f17) x30 0x8000d2f8
core   0: 0x8000b2fc (0xd03f2423) sw      gp, -760(t5)
core   0: 3 0x8000b2fc (0xd03f2423) mem 0x8000d000 0x00000001
core   0: 0x8000b300 (0xff9ff06f) j       pc - 0x8
core   0: 3 0x8000b300 (0xff9ff06f)
core   0: 0x8000b2f8 (0x00002f17) auipc   t5, 0x2
core   0: 3 0x8000b2f8 (0x00002f17) x30 0x8000d2f8
core   0: 0x8000b2fc (0xd03f2423) sw      gp, -760(t5)
core   0: 3 0x8000b2fc (0xd03f2423) mem 0x8000d000 0x00000001
core   0: 0x8000b300 (0xff9ff06f) j       pc - 0x8
core   0: 3 0x8000b300 (0xff9ff06f)
core   0: 0x8000b2f8 (0x00002f17) auipc   t5, 0x2
core   0: 3 0x8000b2f8 (0x00002f17) x30 0x8000d2f8
core   0: 0x8000b2fc (0xd03f2423) sw      gp, -760(t5)
core   0: 3 0x8000b2fc (0xd03f2423) mem 0x8000d000 0x00000001
core   0: 0x8000b300 (0xff9ff06f) j       pc - 0x8
core   0: 3 0x8000b300 (0xff9ff06f)
core   0: 0x8000b2f8 (0x00002f17) auipc   t5, 0x2
core   0: 3 0x8000b2f8 (0x00002f17) x30 0x8000d2f8
core   0: 0x8000b2fc (0xd03f2423) sw      gp, -760(t5)
core   0: 3 0x8000b2fc (0xd03f2423) mem 0x8000d000 0x00000001
core   0: 0x8000b300 (0xff9ff06f) j       pc - 0x8
core   0: 3 0x8000b300 (0xff9ff06f)
core   0: 0x8000b2f8 (0x00002f17) auipc   t5, 0x2
core   0: 3 0x8000b2f8 (0x00002f17) x30 0x8000d2f8
core   0: 0x8000b2fc (0xd03f2423) sw      gp, -760(t5)
core   0: 3 0x8000b2fc (0xd03f2423) mem 0x8000d000 0x00000001
core   0: 0x8000b300 (0xff9ff06f) j       pc - 0x8
core   0: 3 0x8000b300 (0xff9ff06f)
core   0: 0x8000b2f8 (0x00002f17) auipc   t5, 0x2
core   0: 3 0x8000b2f8 (0x00002f17) x30 0x8000d2f8
core   0: 0x8000b2fc (0xd03f2423) sw      gp, -760(t5)
core   0: 3 0x8000b2fc (0xd03f2423) mem 0x8000d000 0x00000001
core   0: 0x8000b300 (0xff9ff06f) j       pc - 0x8
core   0: 3 0x8000b300 (0xff9ff06f)
core   0: 0x8000b2f8 (0x00002f17) auipc   t5, 0x2
core   0: 3 0x8000b2f8 (0x00002f17) x30 0x8000d2f8
core   0: 0x8000b2fc (0xd03f2423) sw      gp, -760(t5)
core   0: 3 0x8000b2fc (0xd03f2423) mem 0x8000d000 0x00000001
core   0: 0x8000b300 (0xff9ff06f) j       pc - 0x8
core   0: 3 0x8000b300 (0xff9ff06f)
core   0: 0x8000b2f8 (0x00002f17) auipc   t5, 0x2
core   0: 3 0x8000b2f8 (0x00002f17) x30 0x8000d2f8
core   0: 0x8000b2fc (0xd03f2423) sw      gp, -760(t5)
core   0: 3 0x8000b2fc (0xd03f2423) mem 0x8000d000 0x00000001
core   0: 0x8000b300 (0xff9ff06f) j       pc - 0x8
core   0: 3 0x8000b300 (0xff9ff06f)
core   0: 0x8000b2f8 (0x00002f17) auipc   t5, 0x2
core   0: 3 0x8000b2f8 (0x00002f17) x30 0x8000d2f8
core   0: 0x8000b2fc (0xd03f2423) sw      gp, -760(t5)
core   0: 3 0x8000b2fc (0xd03f2423) mem 0x8000d000 0x00000001
core   0: 0x8000b300 (0xff9ff06f) j       pc - 0x8
core   0: 3 0x8000b300 (0xff9ff06f)
core   0: 0x8000b2f8 (0x00002f17) auipc   t5, 0x2
core   0: 3 0x8000b2f8 (0x00002f17) x30 0x8000d2f8
core   0: 0x8000b2fc (0xd03f2423) sw      gp, -760(t5)
core   0: 3 0x8000b2fc (0xd03f2423) mem 0x8000d000 0x00000001
core   0: 0x8000b300 (0xff9ff06f) j       pc - 0x8
core   0: 3 0x8000b300 (0xff9ff06f)
core   0: 0x8000b2f8 (0x00002f17) auipc   t5, 0x2
core   0: 3 0x8000b2f8 (0x00002f17) x30 0x8000d2f8
core   0: 0x8000b2fc (0xd03f2423) sw      gp, -760(t5)
core   0: 3 0x8000b2fc (0xd03f2423) mem 0x8000d000 0x00000001
core   0: 0x8000b300 (0xff9ff06f) j       pc - 0x8
core   0: 3 0x8000b300 (0xff9ff06f)
core   0: 0x8000b2f8 (0x00002f17) auipc   t5, 0x2
core   0: 3 0x8000b2f8 (0x00002f17) x30 0x8000d2f8
core   0: 0x8000b2fc (0xd03f2423) sw      gp, -760(t5)
core   0: 3 0x8000b2fc (0xd03f2423) mem 0x8000d000 0x00000001
core   0: 0x8000b300 (0xff9ff06f) j       pc - 0x8
core   0: 3 0x8000b300 (0xff9ff06f)
core   0: 0x8000b2f8 (0x00002f17) auipc   t5, 0x2
core   0: 3 0x8000b2f8 (0x00002f17) x30 0x8000d2f8
core   0: 0x8000b2fc (0xd03f2423) sw      gp, -760(t5)
core   0: 3 0x8000b2fc (0xd03f2423) mem 0x8000d000 0x00000001
core   0: 0x8000b300 (0xff9ff06f) j       pc - 0x8
core   0: 3 0x8000b300 (0xff9ff06f)
core   0: 0x8000b2f8 (0x00002f17) auipc   t5, 0x2
core   0: 3 0x8000b2f8 (0x00002f17) x30 0x8000d2f8
core   0: 0x8000b2fc (0xd03f2423) sw      gp, -760(t5)
core   0: 3 0x8000b2fc (0xd03f2423) mem 0x8000d000 0x00000001
core   0: 0x8000b300 (0xff9ff06f) j       pc - 0x8
core   0: 3 0x8000b300 (0xff9ff06f)
core   0: 0x8000b2f8 (0x00002f17) auipc   t5, 0x2
core   0: 3 0x8000b2f8 (0x00002f17) x30 0x8000d2f8
core   0: 0x8000b2fc (0xd03f2423) sw      gp, -760(t5)
core   0: 3 0x8000b2fc (0xd03f2423) mem 0x8000d000 0x00000001
core   0: 0x8000b300 (0xff9ff06f) j       pc - 0x8
core   0: 3 0x8000b300 (0xff9ff06f)
core   0: 0x8000b2f8 (0x00002f17) auipc   t5, 0x2
core   0: 3 0x8000b2f8 (0x00002f17) x30 0x8000d2f8
core   0: 0x8000b2fc (0xd03f2423) sw      gp, -760(t5)
core   0: 3 0x8000b2fc (0xd03f2423) mem 0x8000d000 0x00000001
core   0: 0x8000b300 (0xff9ff06f) j       pc - 0x8
core   0: 3 0x8000b300 (0xff9ff06f)
core   0: 0x8000b2f8 (0x00002f17) auipc   t5, 0x2
core   0: 3 0x8000b2f8 (0x00002f17) x30 0x8000d2f8
core   0: 0x8000b2fc (0xd03f2423) sw      gp, -760(t5)
core   0: 3 0x8000b2fc (0xd03f2423) mem 0x8000d000 0x00000001
core   0: 0x8000b300 (0xff9ff06f) j       pc - 0x8
core   0: 3 0x8000b300 (0xff9ff06f)
core   0: 0x8000b2f8 (0x00002f17) auipc   t5, 0x2
core   0: 3 0x8000b2f8 (0x00002f17) x30 0x8000d2f8
core   0: 0x8000b2fc (0xd03f2423) sw      gp, -760(t5)
core   0: 3 0x8000b2fc (0xd03f2423) mem 0x8000d000 0x00000001
core   0: 0x8000b300 (0xff9ff06f) j       pc - 0x8
core   0: 3 0x8000b300 (0xff9ff06f)
core   0: 0x8000b2f8 (0x00002f17) auipc   t5, 0x2
core   0: 3 0x8000b2f8 (0x00002f17) x30 0x8000d2f8
core   0: 0x8000b2fc (0xd03f2423) sw      gp, -760(t5)
core   0: 3 0x8000b2fc (0xd03f2423) mem 0x8000d000 0x00000001
core   0: 0x8000b300 (0xff9ff06f) j       pc - 0x8
core   0: 3 0x8000b300 (0xff9ff06f)
core   0: 0x8000b2f8 (0x00002f17) auipc   t5, 0x2
core   0: 3 0x8000b2f8 (0x00002f17) x30 0x8000d2f8
core   0: 0x8000b2fc (0xd03f2423) sw      gp, -760(t5)
core   0: 3 0x8000b2fc (0xd03f2423) mem 0x8000d000 0x00000001
core   0: 0x8000b300 (0xff9ff06f) j       pc - 0x8
core   0: 3 0x8000b300 (0xff9ff06f)
core   0: 0x8000b2f8 (0x00002f17) auipc   t5, 0x2
core   0: 3 0x8000b2f8 (0x00002f17) x30 0x8000d2f8
core   0: 0x8000b2fc (0xd03f2423) sw      gp, -760(t5)
core   0: 3 0x8000b2fc (0xd03f2423) mem 0x8000d000 0x00000001
core   0: 0x8000b300 (0xff9ff06f) j       pc - 0x8
core   0: 3 0x8000b300 (0xff9ff06f)
core   0: 0x8000b2f8 (0x00002f17) auipc   t5, 0x2
core   0: 3 0x8000b2f8 (0x00002f17) x30 0x8000d2f8
core   0: 0x8000b2fc (0xd03f2423) sw      gp, -760(t5)
core   0: 3 0x8000b2fc (0xd03f2423) mem 0x8000d000 0x00000001
core   0: 0x8000b300 (0xff9ff06f) j       pc - 0x8
core   0: 3 0x8000b300 (0xff9ff06f)
core   0: 0x8000b2f8 (0x00002f17) auipc   t5, 0x2
core   0: 3 0x8000b2f8 (0x00002f17) x30 0x8000d2f8
core   0: 0x8000b2fc (0xd03f2423) sw      gp, -760(t5)
core   0: 3 0x8000b2fc (0xd03f2423) mem 0x8000d000 0x00000001
core   0: 0x8000b300 (0xff9ff06f) j       pc - 0x8
core   0: 3 0x8000b300 (0xff9ff06f)
core   0: 0x8000b2f8 (0x00002f17) auipc   t5, 0x2
core   0: 3 0x8000b2f8 (0x00002f17) x30 0x8000d2f8
core   0: 0x8000b2fc (0xd03f2423) sw      gp, -760(t5)
core   0: 3 0x8000b2fc (0xd03f2423) mem 0x8000d000 0x00000001
core   0: 0x8000b300 (0xff9ff06f) j       pc - 0x8
core   0: 3 0x8000b300 (0xff9ff06f)
core   0: 0x8000b2f8 (0x00002f17) auipc   t5, 0x2
core   0: 3 0x8000b2f8 (0x00002f17) x30 0x8000d2f8
core   0: 0x8000b2fc (0xd03f2423) sw      gp, -760(t5)
core   0: 3 0x8000b2fc (0xd03f2423) mem 0x8000d000 0x00000001
core   0: 0x8000b300 (0xff9ff06f) j       pc - 0x8
core   0: 3 0x8000b300 (0xff9ff06f)
core   0: 0x8000b2f8 (0x00002f17) auipc   t5, 0x2
core   0: 3 0x8000b2f8 (0x00002f17) x30 0x8000d2f8
core   0: 0x8000b2fc (0xd03f2423) sw      gp, -760(t5)
core   0: 3 0x8000b2fc (0xd03f2423) mem 0x8000d000 0x00000001
core   0: 0x8000b300 (0xff9ff06f) j       pc - 0x8
core   0: 3 0x8000b300 (0xff9ff06f)
core   0: 0x8000b2f8 (0x00002f17) auipc   t5, 0x2
core   0: 3 0x8000b2f8 (0x00002f17) x30 0x8000d2f8
core   0: 0x8000b2fc (0xd03f2423) sw      gp, -760(t5)
core   0: 3 0x8000b2fc (0xd03f2423) mem 0x8000d000 0x00000001
core   0: 0x8000b300 (0xff9ff06f) j       pc - 0x8
core   0: 3 0x8000b300 (0xff9ff06f)
core   0: 0x8000b2f8 (0x00002f17) auipc   t5, 0x2
core   0: 3 0x8000b2f8 (0x00002f17) x30 0x8000d2f8
core   0: 0x8000b2fc (0xd03f2423) sw      gp, -760(t5)
core   0: 3 0x8000b2fc (0xd03f2423) mem 0x8000d000 0x00000001
core   0: 0x8000b300 (0xff9ff06f) j       pc - 0x8
core   0: 3 0x8000b300 (0xff9ff06f)
core   0: 0x8000b2f8 (0x00002f17) auipc   t5, 0x2
core   0: 3 0x8000b2f8 (0x00002f17) x30 0x8000d2f8
core   0: 0x8000b2fc (0xd03f2423) sw      gp, -760(t5)
core   0: 3 0x8000b2fc (0xd03f2423) mem 0x8000d000 0x00000001
core   0: 0x8000b300 (0xff9ff06f) j       pc - 0x8
core   0: 3 0x8000b300 (0xff9ff06f)
core   0: 0x8000b2f8 (0x00002f17) auipc   t5, 0x2
core   0: 3 0x8000b2f8 (0x00002f17) x30 0x8000d2f8
core   0: 0x8000b2fc (0xd03f2423) sw      gp, -760(t5)
core   0: 3 0x8000b2fc (0xd03f2423) mem 0x8000d000 0x00000001
core   0: 0x8000b300 (0xff9ff06f) j       pc - 0x8
core   0: 3 0x8000b300 (0xff9ff06f)
core   0: 0x8000b2f8 (0x00002f17) auipc   t5, 0x2
core   0: 3 0x8000b2f8 (0x00002f17) x30 0x8000d2f8
core   0: 0x8000b2fc (0xd03f2423) sw      gp, -760(t5)
core   0: 3 0x8000b2fc (0xd03f2423) mem 0x8000d000 0x00000001
core   0: 0x8000b300 (0xff9ff06f) j       pc - 0x8
core   0: 3 0x8000b300 (0xff9ff06f)
core   0: 0x8000b2f8 (0x00002f17) auipc   t5, 0x2
core   0: 3 0x8000b2f8 (0x00002f17) x30 0x8000d2f8
core   0: 0x8000b2fc (0xd03f2423) sw      gp, -760(t5)
core   0: 3 0x8000b2fc (0xd03f2423) mem 0x8000d000 0x00000001
core   0: 0x8000b300 (0xff9ff06f) j       pc - 0x8
core   0: 3 0x8000b300 (0xff9ff06f)
core   0: 0x8000b2f8 (0x00002f17) auipc   t5, 0x2
core   0: 3 0x8000b2f8 (0x00002f17) x30 0x8000d2f8
core   0: 0x8000b2fc (0xd03f2423) sw      gp, -760(t5)
core   0: 3 0x8000b2fc (0xd03f2423) mem 0x8000d000 0x00000001
core   0: 0x8000b300 (0xff9ff06f) j       pc - 0x8
core   0: 3 0x8000b300 (0xff9ff06f)
core   0: 0x8000b2f8 (0x00002f17) auipc   t5, 0x2
core   0: 3 0x8000b2f8 (0x00002f17) x30 0x8000d2f8
core   0: 0x8000b2fc (0xd03f2423) sw      gp, -760(t5)
core   0: 3 0x8000b2fc (0xd03f2423) mem 0x8000d000 0x00000001
core   0: 0x8000b300 (0xff9ff06f) j       pc - 0x8
core   0: 3 0x8000b300 (0xff9ff06f)
core   0: 0x8000b2f8 (0x00002f17) auipc   t5, 0x2
core   0: 3 0x8000b2f8 (0x00002f17) x30 0x8000d2f8
core   0: 0x8000b2fc (0xd03f2423) sw      gp, -760(t5)
core   0: 3 0x8000b2fc (0xd03f2423) mem 0x8000d000 0x00000001
core   0: 0x8000b300 (0xff9ff06f) j       pc - 0x8
core   0: 3 0x8000b300 (0xff9ff06f)
core   0: 0x8000b2f8 (0x00002f17) auipc   t5, 0x2
core   0: 3 0x8000b2f8 (0x00002f17) x30 0x8000d2f8
core   0: 0x8000b2fc (0xd03f2423) sw      gp, -760(t5)
core   0: 3 0x8000b2fc (0xd03f2423) mem 0x8000d000 0x00000001
core   0: 0x8000b300 (0xff9ff06f) j       pc - 0x8
core   0: 3 0x8000b300 (0xff9ff06f)
core   0: 0x8000b2f8 (0x00002f17) auipc   t5, 0x2
core   0: 3 0x8000b2f8 (0x00002f17) x30 0x8000d2f8
core   0: 0x8000b2fc (0xd03f2423) sw      gp, -760(t5)
core   0: 3 0x8000b2fc (0xd03f2423) mem 0x8000d000 0x00000001
core   0: 0x8000b300 (0xff9ff06f) j       pc - 0x8
core   0: 3 0x8000b300 (0xff9ff06f)
core   0: 0x8000b2f8 (0x00002f17) auipc   t5, 0x2
core   0: 3 0x8000b2f8 (0x00002f17) x30 0x8000d2f8
core   0: 0x8000b2fc (0xd03f2423) sw      gp, -760(t5)
core   0: 3 0x8000b2fc (0xd03f2423) mem 0x8000d000 0x00000001
core   0: 0x8000b300 (0xff9ff06f) j       pc - 0x8
core   0: 3 0x8000b300 (0xff9ff06f)
core   0: 0x8000b2f8 (0x00002f17) auipc   t5, 0x2
core   0: 3 0x8000b2f8 (0x00002f17) x30 0x8000d2f8
core   0: 0x8000b2fc (0xd03f2423) sw      gp, -760(t5)
core   0: 3 0x8000b2fc (0xd03f2423) mem 0x8000d000 0x00000001
core   0: 0x8000b300 (0xff9ff06f) j       pc - 0x8
core   0: 3 0x8000b300 (0xff9ff06f)
core   0: 0x8000b2f8 (0x00002f17) auipc   t5, 0x2
core   0: 3 0x8000b2f8 (0x00002f17) x30 0x8000d2f8
core   0: 0x8000b2fc (0xd03f2423) sw      gp, -760(t5)
core   0: 3 0x8000b2fc (0xd03f2423) mem 0x8000d000 0x00000001
core   0: 0x8000b300 (0xff9ff06f) j       pc - 0x8
core   0: 3 0x8000b300 (0xff9ff06f)
core   0: 0x8000b2f8 (0x00002f17) auipc   t5, 0x2
core   0: 3 0x8000b2f8 (0x00002f17) x30 0x8000d2f8
core   0: 0x8000b2fc (0xd03f2423) sw      gp, -760(t5)
core   0: 3 0x8000b2fc (0xd03f2423) mem 0x8000d000 0x00000001
core   0: 0x8000b300 (0xff9ff06f) j       pc - 0x8
core   0: 3 0x8000b300 (0xff9ff06f)
core   0: 0x8000b2f8 (0x00002f17) auipc   t5, 0x2
core   0: 3 0x8000b2f8 (0x00002f17) x30 0x8000d2f8
core   0: 0x8000b2fc (0xd03f2423) sw      gp, -760(t5)
core   0: 3 0x8000b2fc (0xd03f2423) mem 0x8000d000 0x00000001
core   0: 0x8000b300 (0xff9ff06f) j       pc - 0x8
core   0: 3 0x8000b300 (0xff9ff06f)
core   0: 0x8000b2f8 (0x00002f17) auipc   t5, 0x2
core   0: 3 0x8000b2f8 (0x00002f17) x30 0x8000d2f8
core   0: 0x8000b2fc (0xd03f2423) sw      gp, -760(t5)
core   0: 3 0x8000b2fc (0xd03f2423) mem 0x8000d000 0x00000001
core   0: 0x8000b300 (0xff9ff06f) j       pc - 0x8
core   0: 3 0x8000b300 (0xff9ff06f)
core   0: 0x8000b2f8 (0x00002f17) auipc   t5, 0x2
core   0: 3 0x8000b2f8 (0x00002f17) x30 0x8000d2f8
core   0: 0x8000b2fc (0xd03f2423) sw      gp, -760(t5)
core   0: 3 0x8000b2fc (0xd03f2423) mem 0x8000d000 0x00000001
core   0: 0x8000b300 (0xff9ff06f) j       pc - 0x8
core   0: 3 0x8000b300 (0xff9ff06f)
core   0: 0x8000b2f8 (0x00002f17) auipc   t5, 0x2
core   0: 3 0x8000b2f8 (0x00002f17) x30 0x8000d2f8
core   0: 0x8000b2fc (0xd03f2423) sw      gp, -760(t5)
core   0: 3 0x8000b2fc (0xd03f2423) mem 0x8000d000 0x00000001
core   0: 0x8000b300 (0xff9ff06f) j       pc - 0x8
core   0: 3 0x8000b300 (0xff9ff06f)
core   0: 0x8000b2f8 (0x00002f17) auipc   t5, 0x2
core   0: 3 0x8000b2f8 (0x00002f17) x30 0x8000d2f8
core   0: 0x8000b2fc (0xd03f2423) sw      gp, -760(t5)
core   0: 3 0x8000b2fc (0xd03f2423) mem 0x8000d000 0x00000001
core   0: 0x8000b300 (0xff9ff06f) j       pc - 0x8
core   0: 3 0x8000b300 (0xff9ff06f)
core   0: 0x8000b2f8 (0x00002f17) auipc   t5, 0x2
core   0: 3 0x8000b2f8 (0x00002f17) x30 0x8000d2f8
core   0: 0x8000b2fc (0xd03f2423) sw      gp, -760(t5)
core   0: 3 0x8000b2fc (0xd03f2423) mem 0x8000d000 0x00000001
core   0: 0x8000b300 (0xff9ff06f) j       pc - 0x8
core   0: 3 0x8000b300 (0xff9ff06f)
core   0: 0x8000b2f8 (0x00002f17) auipc   t5, 0x2
core   0: 3 0x8000b2f8 (0x00002f17) x30 0x8000d2f8
core   0: 0x8000b2fc (0xd03f2423) sw      gp, -760(t5)
core   0: 3 0x8000b2fc (0xd03f2423) mem 0x8000d000 0x00000001
core   0: 0x8000b300 (0xff9ff06f) j       pc - 0x8
core   0: 3 0x8000b300 (0xff9ff06f)
core   0: 0x8000b2f8 (0x00002f17) auipc   t5, 0x2
core   0: 3 0x8000b2f8 (0x00002f17) x30 0x8000d2f8
core   0: 0x8000b2fc (0xd03f2423) sw      gp, -760(t5)
core   0: 3 0x8000b2fc (0xd03f2423) mem 0x8000d000 0x00000001
core   0: 0x8000b300 (0xff9ff06f) j       pc - 0x8
core   0: 3 0x8000b300 (0xff9ff06f)
core   0: 0x8000b2f8 (0x00002f17) auipc   t5, 0x2
core   0: 3 0x8000b2f8 (0x00002f17) x30 0x8000d2f8
core   0: 0x8000b2fc (0xd03f2423) sw      gp, -760(t5)
core   0: 3 0x8000b2fc (0xd03f2423) mem 0x8000d000 0x00000001
core   0: 0x8000b300 (0xff9ff06f) j       pc - 0x8
core   0: 3 0x8000b300 (0xff9ff06f)
core   0: 0x8000b2f8 (0x00002f17) auipc   t5, 0x2
core   0: 3 0x8000b2f8 (0x00002f17) x30 0x8000d2f8
core   0: 0x8000b2fc (0xd03f2423) sw      gp, -760(t5)
core   0: 3 0x8000b2fc (0xd03f2423) mem 0x8000d000 0x00000001
core   0: 0x8000b300 (0xff9ff06f) j       pc - 0x8
core   0: 3 0x8000b300 (0xff9ff06f)
core   0: 0x8000b2f8 (0x00002f17) auipc   t5, 0x2
core   0: 3 0x8000b2f8 (0x00002f17) x30 0x8000d2f8
core   0: 0x8000b2fc (0xd03f2423) sw      gp, -760(t5)
core   0: 3 0x8000b2fc (0xd03f2423) mem 0x8000d000 0x00000001
core   0: 0x8000b300 (0xff9ff06f) j       pc - 0x8
core   0: 3 0x8000b300 (0xff9ff06f)
core   0: 0x8000b2f8 (0x00002f17) auipc   t5, 0x2
core   0: 3 0x8000b2f8 (0x00002f17) x30 0x8000d2f8
core   0: 0x8000b2fc (0xd03f2423) sw      gp, -760(t5)
core   0: 3 0x8000b2fc (0xd03f2423) mem 0x8000d000 0x00000001
core   0: 0x8000b300 (0xff9ff06f) j       pc - 0x8
core   0: 3 0x8000b300 (0xff9ff06f)
core   0: 0x8000b2f8 (0x00002f17) auipc   t5, 0x2
core   0: 3 0x8000b2f8 (0x00002f17) x30 0x8000d2f8
core   0: 0x8000b2fc (0xd03f2423) sw      gp, -760(t5)
core   0: 3 0x8000b2fc (0xd03f2423) mem 0x8000d000 0x00000001
core   0: 0x8000b300 (0xff9ff06f) j       pc - 0x8
core   0: 3 0x8000b300 (0xff9ff06f)
core   0: 0x8000b2f8 (0x00002f17) auipc   t5, 0x2
core   0: 3 0x8000b2f8 (0x00002f17) x30 0x8000d2f8
core   0: 0x8000b2fc (0xd03f2423) sw      gp, -760(t5)
core   0: 3 0x8000b2fc (0xd03f2423) mem 0x8000d000 0x00000001
core   0: 0x8000b300 (0xff9ff06f) j       pc - 0x8
core   0: 3 0x8000b300 (0xff9ff06f)
core   0: 0x8000b2f8 (0x00002f17) auipc   t5, 0x2
core   0: 3 0x8000b2f8 (0x00002f17) x30 0x8000d2f8
core   0: 0x8000b2fc (0xd03f2423) sw      gp, -760(t5)
core   0: 3 0x8000b2fc (0xd03f2423) mem 0x8000d000 0x00000001
core   0: 0x8000b300 (0xff9ff06f) j       pc - 0x8
core   0: 3 0x8000b300 (0xff9ff06f)
core   0: 0x8000b2f8 (0x00002f17) auipc   t5, 0x2
core   0: 3 0x8000b2f8 (0x00002f17) x30 0x8000d2f8
core   0: 0x8000b2fc (0xd03f2423) sw      gp, -760(t5)
core   0: 3 0x8000b2fc (0xd03f2423) mem 0x8000d000 0x00000001
core   0: 0x8000b300 (0xff9ff06f) j       pc - 0x8
core   0: 3 0x8000b300 (0xff9ff06f)
core   0: 0x8000b2f8 (0x00002f17) auipc   t5, 0x2
core   0: 3 0x8000b2f8 (0x00002f17) x30 0x8000d2f8
core   0: 0x8000b2fc (0xd03f2423) sw      gp, -760(t5)
core   0: 3 0x8000b2fc (0xd03f2423) mem 0x8000d000 0x00000001
core   0: 0x8000b300 (0xff9ff06f) j       pc - 0x8
core   0: 3 0x8000b300 (0xff9ff06f)
core   0: 0x8000b2f8 (0x00002f17) auipc   t5, 0x2
core   0: 3 0x8000b2f8 (0x00002f17) x30 0x8000d2f8
core   0: 0x8000b2fc (0xd03f2423) sw      gp, -760(t5)
core   0: 3 0x8000b2fc (0xd03f2423) mem 0x8000d000 0x00000001
core   0: 0x8000b300 (0xff9ff06f) j       pc - 0x8
core   0: 3 0x8000b300 (0xff9ff06f)
core   0: 0x8000b2f8 (0x00002f17) auipc   t5, 0x2
core   0: 3 0x8000b2f8 (0x00002f17) x30 0x8000d2f8
core   0: 0x8000b2fc (0xd03f2423) sw      gp, -760(t5)
core   0: 3 0x8000b2fc (0xd03f2423) mem 0x8000d000 0x00000001
core   0: 0x8000b300 (0xff9ff06f) j       pc - 0x8
core   0: 3 0x8000b300 (0xff9ff06f)
core   0: 0x8000b2f8 (0x00002f17) auipc   t5, 0x2
core   0: 3 0x8000b2f8 (0x00002f17) x30 0x8000d2f8
core   0: 0x8000b2fc (0xd03f2423) sw      gp, -760(t5)
core   0: 3 0x8000b2fc (0xd03f2423) mem 0x8000d000 0x00000001
core   0: 0x8000b300 (0xff9ff06f) j       pc - 0x8
core   0: 3 0x8000b300 (0xff9ff06f)
core   0: 0x8000b2f8 (0x00002f17) auipc   t5, 0x2
core   0: 3 0x8000b2f8 (0x00002f17) x30 0x8000d2f8
core   0: 0x8000b2fc (0xd03f2423) sw      gp, -760(t5)
core   0: 3 0x8000b2fc (0xd03f2423) mem 0x8000d000 0x00000001
core   0: 0x8000b300 (0xff9ff06f) j       pc - 0x8
core   0: 3 0x8000b300 (0xff9ff06f)
core   0: 0x8000b2f8 (0x00002f17) auipc   t5, 0x2
core   0: 3 0x8000b2f8 (0x00002f17) x30 0x8000d2f8
core   0: 0x8000b2fc (0xd03f2423) sw      gp, -760(t5)
core   0: 3 0x8000b2fc (0xd03f2423) mem 0x8000d000 0x00000001
core   0: 0x8000b300 (0xff9ff06f) j       pc - 0x8
core   0: 3 0x8000b300 (0xff9ff06f)
core   0: 0x8000b2f8 (0x00002f17) auipc   t5, 0x2
core   0: 3 0x8000b2f8 (0x00002f17) x30 0x8000d2f8
core   0: 0x8000b2fc (0xd03f2423) sw      gp, -760(t5)
core   0: 3 0x8000b2fc (0xd03f2423) mem 0x8000d000 0x00000001
core   0: 0x8000b300 (0xff9ff06f) j       pc - 0x8
core   0: 3 0x8000b300 (0xff9ff06f)
core   0: 0x8000b2f8 (0x00002f17) auipc   t5, 0x2
core   0: 3 0x8000b2f8 (0x00002f17) x30 0x8000d2f8
core   0: 0x8000b2fc (0xd03f2423) sw      gp, -760(t5)
core   0: 3 0x8000b2fc (0xd03f2423) mem 0x8000d000 0x00000001
core   0: 0x8000b300 (0xff9ff06f) j       pc - 0x8
core   0: 3 0x8000b300 (0xff9ff06f)
core   0: 0x8000b2f8 (0x00002f17) auipc   t5, 0x2
core   0: 3 0x8000b2f8 (0x00002f17) x30 0x8000d2f8
core   0: 0x8000b2fc (0xd03f2423) sw      gp, -760(t5)
core   0: 3 0x8000b2fc (0xd03f2423) mem 0x8000d000 0x00000001
core   0: 0x8000b300 (0xff9ff06f) j       pc - 0x8
core   0: 3 0x8000b300 (0xff9ff06f)
core   0: 0x8000b2f8 (0x00002f17) auipc   t5, 0x2
core   0: 3 0x8000b2f8 (0x00002f17) x30 0x8000d2f8
core   0: 0x8000b2fc (0xd03f2423) sw      gp, -760(t5)
core   0: 3 0x8000b2fc (0xd03f2423) mem 0x8000d000 0x00000001
core   0: 0x8000b300 (0xff9ff06f) j       pc - 0x8
core   0: 3 0x8000b300 (0xff9ff06f)
core   0: 0x8000b2f8 (0x00002f17) auipc   t5, 0x2
core   0: 3 0x8000b2f8 (0x00002f17) x30 0x8000d2f8
core   0: 0x8000b2fc (0xd03f2423) sw      gp, -760(t5)
core   0: 3 0x8000b2fc (0xd03f2423) mem 0x8000d000 0x00000001
core   0: 0x8000b300 (0xff9ff06f) j       pc - 0x8
core   0: 3 0x8000b300 (0xff9ff06f)
core   0: 0x8000b2f8 (0x00002f17) auipc   t5, 0x2
core   0: 3 0x8000b2f8 (0x00002f17) x30 0x8000d2f8
core   0: 0x8000b2fc (0xd03f2423) sw      gp, -760(t5)
core   0: 3 0x8000b2fc (0xd03f2423) mem 0x8000d000 0x00000001
core   0: 0x8000b300 (0xff9ff06f) j       pc - 0x8
core   0: 3 0x8000b300 (0xff9ff06f)
core   0: 0x8000b2f8 (0x00002f17) auipc   t5, 0x2
core   0: 3 0x8000b2f8 (0x00002f17) x30 0x8000d2f8
core   0: 0x8000b2fc (0xd03f2423) sw      gp, -760(t5)
core   0: 3 0x8000b2fc (0xd03f2423) mem 0x8000d000 0x00000001
core   0: 0x8000b300 (0xff9ff06f) j       pc - 0x8
core   0: 3 0x8000b300 (0xff9ff06f)
core   0: 0x8000b2f8 (0x00002f17) auipc   t5, 0x2
core   0: 3 0x8000b2f8 (0x00002f17) x30 0x8000d2f8
core   0: 0x8000b2fc (0xd03f2423) sw      gp, -760(t5)
core   0: 3 0x8000b2fc (0xd03f2423) mem 0x8000d000 0x00000001
core   0: 0x8000b300 (0xff9ff06f) j       pc - 0x8
core   0: 3 0x8000b300 (0xff9ff06f)
core   0: 0x8000b2f8 (0x00002f17) auipc   t5, 0x2
core   0: 3 0x8000b2f8 (0x00002f17) x30 0x8000d2f8
core   0: 0x8000b2fc (0xd03f2423) sw      gp, -760(t5)
core   0: 3 0x8000b2fc (0xd03f2423) mem 0x8000d000 0x00000001
core   0: 0x8000b300 (0xff9ff06f) j       pc - 0x8
core   0: 3 0x8000b300 (0xff9ff06f)
core   0: 0x8000b2f8 (0x00002f17) auipc   t5, 0x2
core   0: 3 0x8000b2f8 (0x00002f17) x30 0x8000d2f8
core   0: 0x8000b2fc (0xd03f2423) sw      gp, -760(t5)
core   0: 3 0x8000b2fc (0xd03f2423) mem 0x8000d000 0x00000001
core   0: 0x8000b300 (0xff9ff06f) j       pc - 0x8
core   0: 3 0x8000b300 (0xff9ff06f)
core   0: 0x8000b2f8 (0x00002f17) auipc   t5, 0x2
core   0: 3 0x8000b2f8 (0x00002f17) x30 0x8000d2f8
core   0: 0x8000b2fc (0xd03f2423) sw      gp, -760(t5)
core   0: 3 0x8000b2fc (0xd03f2423) mem 0x8000d000 0x00000001
core   0: 0x8000b300 (0xff9ff06f) j       pc - 0x8
core   0: 3 0x8000b300 (0xff9ff06f)
core   0: 0x8000b2f8 (0x00002f17) auipc   t5, 0x2
core   0: 3 0x8000b2f8 (0x00002f17) x30 0x8000d2f8
core   0: 0x8000b2fc (0xd03f2423) sw      gp, -760(t5)
core   0: 3 0x8000b2fc (0xd03f2423) mem 0x8000d000 0x00000001
core   0: 0x8000b300 (0xff9ff06f) j       pc - 0x8
core   0: 3 0x8000b300 (0xff9ff06f)
core   0: 0x8000b2f8 (0x00002f17) auipc   t5, 0x2
core   0: 3 0x8000b2f8 (0x00002f17) x30 0x8000d2f8
core   0: 0x8000b2fc (0xd03f2423) sw      gp, -760(t5)
core   0: 3 0x8000b2fc (0xd03f2423) mem 0x8000d000 0x00000001
core   0: 0x8000b300 (0xff9ff06f) j       pc - 0x8
core   0: 3 0x8000b300 (0xff9ff06f)
core   0: 0x8000b2f8 (0x00002f17) auipc   t5, 0x2
core   0: 3 0x8000b2f8 (0x00002f17) x30 0x8000d2f8
core   0: 0x8000b2fc (0xd03f2423) sw      gp, -760(t5)
core   0: 3 0x8000b2fc (0xd03f2423) mem 0x8000d000 0x00000001
core   0: 0x8000b300 (0xff9ff06f) j       pc - 0x8
core   0: 3 0x8000b300 (0xff9ff06f)
core   0: 0x8000b2f8 (0x00002f17) auipc   t5, 0x2
core   0: 3 0x8000b2f8 (0x00002f17) x30 0x8000d2f8
core   0: 0x8000b2fc (0xd03f2423) sw      gp, -760(t5)
core   0: 3 0x8000b2fc (0xd03f2423) mem 0x8000d000 0x00000001
core   0: 0x8000b300 (0xff9ff06f) j       pc - 0x8
core   0: 3 0x8000b300 (0xff9ff06f)
core   0: 0x8000b2f8 (0x00002f17) auipc   t5, 0x2
core   0: 3 0x8000b2f8 (0x00002f17) x30 0x8000d2f8
core   0: 0x8000b2fc (0xd03f2423) sw      gp, -760(t5)
core   0: 3 0x8000b2fc (0xd03f2423) mem 0x8000d000 0x00000001
core   0: 0x8000b300 (0xff9ff06f) j       pc - 0x8
core   0: 3 0x8000b300 (0xff9ff06f)
core   0: 0x8000b2f8 (0x00002f17) auipc   t5, 0x2
core   0: 3 0x8000b2f8 (0x00002f17) x30 0x8000d2f8
core   0: 0x8000b2fc (0xd03f2423) sw      gp, -760(t5)
core   0: 3 0x8000b2fc (0xd03f2423) mem 0x8000d000 0x00000001
core   0: 0x8000b300 (0xff9ff06f) j       pc - 0x8
core   0: 3 0x8000b300 (0xff9ff06f)
core   0: 0x8000b2f8 (0x00002f17) auipc   t5, 0x2
core   0: 3 0x8000b2f8 (0x00002f17) x30 0x8000d2f8
core   0: 0x8000b2fc (0xd03f2423) sw      gp, -760(t5)
core   0: 3 0x8000b2fc (0xd03f2423) mem 0x8000d000 0x00000001
core   0: 0x8000b300 (0xff9ff06f) j       pc - 0x8
core   0: 3 0x8000b300 (0xff9ff06f)
core   0: 0x8000b2f8 (0x00002f17) auipc   t5, 0x2
core   0: 3 0x8000b2f8 (0x00002f17) x30 0x8000d2f8
core   0: 0x8000b2fc (0xd03f2423) sw      gp, -760(t5)
core   0: 3 0x8000b2fc (0xd03f2423) mem 0x8000d000 0x00000001
core   0: 0x8000b300 (0xff9ff06f) j       pc - 0x8
core   0: 3 0x8000b300 (0xff9ff06f)
core   0: 0x8000b2f8 (0x00002f17) auipc   t5, 0x2
core   0: 3 0x8000b2f8 (0x00002f17) x30 0x8000d2f8
core   0: 0x8000b2fc (0xd03f2423) sw      gp, -760(t5)
core   0: 3 0x8000b2fc (0xd03f2423) mem 0x8000d000 0x00000001
core   0: 0x8000b300 (0xff9ff06f) j       pc - 0x8
core   0: 3 0x8000b300 (0xff9ff06f)
core   0: 0x8000b2f8 (0x00002f17) auipc   t5, 0x2
core   0: 3 0x8000b2f8 (0x00002f17) x30 0x8000d2f8
core   0: 0x8000b2fc (0xd03f2423) sw      gp, -760(t5)
core   0: 3 0x8000b2fc (0xd03f2423) mem 0x8000d000 0x00000001
core   0: 0x8000b300 (0xff9ff06f) j       pc - 0x8
core   0: 3 0x8000b300 (0xff9ff06f)
core   0: 0x8000b2f8 (0x00002f17) auipc   t5, 0x2
core   0: 3 0x8000b2f8 (0x00002f17) x30 0x8000d2f8
core   0: 0x8000b2fc (0xd03f2423) sw      gp, -760(t5)
core   0: 3 0x8000b2fc (0xd03f2423) mem 0x8000d000 0x00000001
core   0: 0x8000b300 (0xff9ff06f) j       pc - 0x8
core   0: 3 0x8000b300 (0xff9ff06f)
core   0: 0x8000b2f8 (0x00002f17) auipc   t5, 0x2
core   0: 3 0x8000b2f8 (0x00002f17) x30 0x8000d2f8
core   0: 0x8000b2fc (0xd03f2423) sw      gp, -760(t5)
core   0: 3 0x8000b2fc (0xd03f2423) mem 0x8000d000 0x00000001
core   0: 0x8000b300 (0xff9ff06f) j       pc - 0x8
core   0: 3 0x8000b300 (0xff9ff06f)
core   0: 0x8000b2f8 (0x00002f17) auipc   t5, 0x2
core   0: 3 0x8000b2f8 (0x00002f17) x30 0x8000d2f8
core   0: 0x8000b2fc (0xd03f2423) sw      gp, -760(t5)
core   0: 3 0x8000b2fc (0xd03f2423) mem 0x8000d000 0x00000001
core   0: 0x8000b300 (0xff9ff06f) j       pc - 0x8
core   0: 3 0x8000b300 (0xff9ff06f)
core   0: 0x8000b2f8 (0x00002f17) auipc   t5, 0x2
core   0: 3 0x8000b2f8 (0x00002f17) x30 0x8000d2f8
core   0: 0x8000b2fc (0xd03f2423) sw      gp, -760(t5)
core   0: 3 0x8000b2fc (0xd03f2423) mem 0x8000d000 0x00000001
core   0: 0x8000b300 (0xff9ff06f) j       pc - 0x8
core   0: 3 0x8000b300 (0xff9ff06f)
core   0: 0x8000b2f8 (0x00002f17) auipc   t5, 0x2
core   0: 3 0x8000b2f8 (0x00002f17) x30 0x8000d2f8
core   0: 0x8000b2fc (0xd03f2423) sw      gp, -760(t5)
core   0: 3 0x8000b2fc (0xd03f2423) mem 0x8000d000 0x00000001
core   0: 0x8000b300 (0xff9ff06f) j       pc - 0x8
core   0: 3 0x8000b300 (0xff9ff06f)
core   0: 0x8000b2f8 (0x00002f17) auipc   t5, 0x2
core   0: 3 0x8000b2f8 (0x00002f17) x30 0x8000d2f8
core   0: 0x8000b2fc (0xd03f2423) sw      gp, -760(t5)
core   0: 3 0x8000b2fc (0xd03f2423) mem 0x8000d000 0x00000001
core   0: 0x8000b300 (0xff9ff06f) j       pc - 0x8
core   0: 3 0x8000b300 (0xff9ff06f)
core   0: 0x8000b2f8 (0x00002f17) auipc   t5, 0x2
core   0: 3 0x8000b2f8 (0x00002f17) x30 0x8000d2f8
core   0: 0x8000b2fc (0xd03f2423) sw      gp, -760(t5)
core   0: 3 0x8000b2fc (0xd03f2423) mem 0x8000d000 0x00000001
core   0: 0x8000b300 (0xff9ff06f) j       pc - 0x8
core   0: 3 0x8000b300 (0xff9ff06f)
core   0: 0x8000b2f8 (0x00002f17) auipc   t5, 0x2
core   0: 3 0x8000b2f8 (0x00002f17) x30 0x8000d2f8
core   0: 0x8000b2fc (0xd03f2423) sw      gp, -760(t5)
core   0: 3 0x8000b2fc (0xd03f2423) mem 0x8000d000 0x00000001
core   0: 0x8000b300 (0xff9ff06f) j       pc - 0x8
core   0: 3 0x8000b300 (0xff9ff06f)
core   0: 0x8000b2f8 (0x00002f17) auipc   t5, 0x2
core   0: 3 0x8000b2f8 (0x00002f17) x30 0x8000d2f8
core   0: 0x8000b2fc (0xd03f2423) sw      gp, -760(t5)
core   0: 3 0x8000b2fc (0xd03f2423) mem 0x8000d000 0x00000001
core   0: 0x8000b300 (0xff9ff06f) j       pc - 0x8
core   0: 3 0x8000b300 (0xff9ff06f)
core   0: 0x8000b2f8 (0x00002f17) auipc   t5, 0x2
core   0: 3 0x8000b2f8 (0x00002f17) x30 0x8000d2f8
core   0: 0x8000b2fc (0xd03f2423) sw      gp, -760(t5)
core   0: 3 0x8000b2fc (0xd03f2423) mem 0x8000d000 0x00000001
core   0: 0x8000b300 (0xff9ff06f) j       pc - 0x8
core   0: 3 0x8000b300 (0xff9ff06f)
core   0: 0x8000b2f8 (0x00002f17) auipc   t5, 0x2
core   0: 3 0x8000b2f8 (0x00002f17) x30 0x8000d2f8
core   0: 0x8000b2fc (0xd03f2423) sw      gp, -760(t5)
core   0: 3 0x8000b2fc (0xd03f2423) mem 0x8000d000 0x00000001
core   0: 0x8000b300 (0xff9ff06f) j       pc - 0x8
core   0: 3 0x8000b300 (0xff9ff06f)
core   0: 0x8000b2f8 (0x00002f17) auipc   t5, 0x2
core   0: 3 0x8000b2f8 (0x00002f17) x30 0x8000d2f8
core   0: 0x8000b2fc (0xd03f2423) sw      gp, -760(t5)
core   0: 3 0x8000b2fc (0xd03f2423) mem 0x8000d000 0x00000001
core   0: 0x8000b300 (0xff9ff06f) j       pc - 0x8
core   0: 3 0x8000b300 (0xff9ff06f)
core   0: 0x8000b2f8 (0x00002f17) auipc   t5, 0x2
core   0: 3 0x8000b2f8 (0x00002f17) x30 0x8000d2f8
core   0: 0x8000b2fc (0xd03f2423) sw      gp, -760(t5)
core   0: 3 0x8000b2fc (0xd03f2423) mem 0x8000d000 0x00000001
core   0: 0x8000b300 (0xff9ff06f) j       pc - 0x8
core   0: 3 0x8000b300 (0xff9ff06f)
core   0: 0x8000b2f8 (0x00002f17) auipc   t5, 0x2
core   0: 3 0x8000b2f8 (0x00002f17) x30 0x8000d2f8
core   0: 0x8000b2fc (0xd03f2423) sw      gp, -760(t5)
core   0: 3 0x8000b2fc (0xd03f2423) mem 0x8000d000 0x00000001
core   0: 0x8000b300 (0xff9ff06f) j       pc - 0x8
core   0: 3 0x8000b300 (0xff9ff06f)
core   0: 0x8000b2f8 (0x00002f17) auipc   t5, 0x2
core   0: 3 0x8000b2f8 (0x00002f17) x30 0x8000d2f8
core   0: 0x8000b2fc (0xd03f2423) sw      gp, -760(t5)
core   0: 3 0x8000b2fc (0xd03f2423) mem 0x8000d000 0x00000001
core   0: 0x8000b300 (0xff9ff06f) j       pc - 0x8
core   0: 3 0x8000b300 (0xff9ff06f)
core   0: 0x8000b2f8 (0x00002f17) auipc   t5, 0x2
core   0: 3 0x8000b2f8 (0x00002f17) x30 0x8000d2f8
core   0: 0x8000b2fc (0xd03f2423) sw      gp, -760(t5)
core   0: 3 0x8000b2fc (0xd03f2423) mem 0x8000d000 0x00000001
core   0: 0x8000b300 (0xff9ff06f) j       pc - 0x8
core   0: 3 0x8000b300 (0xff9ff06f)
core   0: 0x8000b2f8 (0x00002f17) auipc   t5, 0x2
core   0: 3 0x8000b2f8 (0x00002f17) x30 0x8000d2f8
core   0: 0x8000b2fc (0xd03f2423) sw      gp, -760(t5)
core   0: 3 0x8000b2fc (0xd03f2423) mem 0x8000d000 0x00000001
core   0: 0x8000b300 (0xff9ff06f) j       pc - 0x8
core   0: 3 0x8000b300 (0xff9ff06f)
core   0: 0x8000b2f8 (0x00002f17) auipc   t5, 0x2
core   0: 3 0x8000b2f8 (0x00002f17) x30 0x8000d2f8
core   0: 0x8000b2fc (0xd03f2423) sw      gp, -760(t5)
core   0: 3 0x8000b2fc (0xd03f2423) mem 0x8000d000 0x00000001
core   0: 0x8000b300 (0xff9ff06f) j       pc - 0x8
core   0: 3 0x8000b300 (0xff9ff06f)
core   0: 0x8000b2f8 (0x00002f17) auipc   t5, 0x2
core   0: 3 0x8000b2f8 (0x00002f17) x30 0x8000d2f8
core   0: 0x8000b2fc (0xd03f2423) sw      gp, -760(t5)
core   0: 3 0x8000b2fc (0xd03f2423) mem 0x8000d000 0x00000001
core   0: 0x8000b300 (0xff9ff06f) j       pc - 0x8
core   0: 3 0x8000b300 (0xff9ff06f)
core   0: 0x8000b2f8 (0x00002f17) auipc   t5, 0x2
core   0: 3 0x8000b2f8 (0x00002f17) x30 0x8000d2f8
core   0: 0x8000b2fc (0xd03f2423) sw      gp, -760(t5)
core   0: 3 0x8000b2fc (0xd03f2423) mem 0x8000d000 0x00000001
core   0: 0x8000b300 (0xff9ff06f) j       pc - 0x8
core   0: 3 0x8000b300 (0xff9ff06f)
core   0: 0x8000b2f8 (0x00002f17) auipc   t5, 0x2
core   0: 3 0x8000b2f8 (0x00002f17) x30 0x8000d2f8
core   0: 0x8000b2fc (0xd03f2423) sw      gp, -760(t5)
core   0: 3 0x8000b2fc (0xd03f2423) mem 0x8000d000 0x00000001
core   0: 0x8000b300 (0xff9ff06f) j       pc - 0x8
core   0: 3 0x8000b300 (0xff9ff06f)
core   0: 0x8000b2f8 (0x00002f17) auipc   t5, 0x2
core   0: 3 0x8000b2f8 (0x00002f17) x30 0x8000d2f8
core   0: 0x8000b2fc (0xd03f2423) sw      gp, -760(t5)
core   0: 3 0x8000b2fc (0xd03f2423) mem 0x8000d000 0x00000001
core   0: 0x8000b300 (0xff9ff06f) j       pc - 0x8
core   0: 3 0x8000b300 (0xff9ff06f)
core   0: 0x8000b2f8 (0x00002f17) auipc   t5, 0x2
core   0: 3 0x8000b2f8 (0x00002f17) x30 0x8000d2f8
core   0: 0x8000b2fc (0xd03f2423) sw      gp, -760(t5)
core   0: 3 0x8000b2fc (0xd03f2423) mem 0x8000d000 0x00000001
core   0: 0x8000b300 (0xff9ff06f) j       pc - 0x8
core   0: 3 0x8000b300 (0xff9ff06f)
core   0: 0x8000b2f8 (0x00002f17) auipc   t5, 0x2
core   0: 3 0x8000b2f8 (0x00002f17) x30 0x8000d2f8
core   0: 0x8000b2fc (0xd03f2423) sw      gp, -760(t5)
core   0: 3 0x8000b2fc (0xd03f2423) mem 0x8000d000 0x00000001
core   0: 0x8000b300 (0xff9ff06f) j       pc - 0x8
core   0: 3 0x8000b300 (0xff9ff06f)
core   0: 0x8000b2f8 (0x00002f17) auipc   t5, 0x2
core   0: 3 0x8000b2f8 (0x00002f17) x30 0x8000d2f8
core   0: 0x8000b2fc (0xd03f2423) sw      gp, -760(t5)
core   0: 3 0x8000b2fc (0xd03f2423) mem 0x8000d000 0x00000001
core   0: 0x8000b300 (0xff9ff06f) j       pc - 0x8
core   0: 3 0x8000b300 (0xff9ff06f)
core   0: 0x8000b2f8 (0x00002f17) auipc   t5, 0x2
core   0: 3 0x8000b2f8 (0x00002f17) x30 0x8000d2f8
core   0: 0x8000b2fc (0xd03f2423) sw      gp, -760(t5)
core   0: 3 0x8000b2fc (0xd03f2423) mem 0x8000d000 0x00000001
core   0: 0x8000b300 (0xff9ff06f) j       pc - 0x8
core   0: 3 0x8000b300 (0xff9ff06f)
core   0: 0x8000b2f8 (0x00002f17) auipc   t5, 0x2
core   0: 3 0x8000b2f8 (0x00002f17) x30 0x8000d2f8
core   0: 0x8000b2fc (0xd03f2423) sw      gp, -760(t5)
core   0: 3 0x8000b2fc (0xd03f2423) mem 0x8000d000 0x00000001
core   0: 0x8000b300 (0xff9ff06f) j       pc - 0x8
core   0: 3 0x8000b300 (0xff9ff06f)
core   0: 0x8000b2f8 (0x00002f17) auipc   t5, 0x2
core   0: 3 0x8000b2f8 (0x00002f17) x30 0x8000d2f8
core   0: 0x8000b2fc (0xd03f2423) sw      gp, -760(t5)
core   0: 3 0x8000b2fc (0xd03f2423) mem 0x8000d000 0x00000001
core   0: 0x8000b300 (0xff9ff06f) j       pc - 0x8
core   0: 3 0x8000b300 (0xff9ff06f)
core   0: 0x8000b2f8 (0x00002f17) auipc   t5, 0x2
core   0: 3 0x8000b2f8 (0x00002f17) x30 0x8000d2f8
core   0: 0x8000b2fc (0xd03f2423) sw      gp, -760(t5)
core   0: 3 0x8000b2fc (0xd03f2423) mem 0x8000d000 0x00000001
core   0: 0x8000b300 (0xff9ff06f) j       pc - 0x8
core   0: 3 0x8000b300 (0xff9ff06f)
core   0: 0x8000b2f8 (0x00002f17) auipc   t5, 0x2
core   0: 3 0x8000b2f8 (0x00002f17) x30 0x8000d2f8
core   0: 0x8000b2fc (0xd03f2423) sw      gp, -760(t5)
core   0: 3 0x8000b2fc (0xd03f2423) mem 0x8000d000 0x00000001
core   0: 0x8000b300 (0xff9ff06f) j       pc - 0x8
core   0: 3 0x8000b300 (0xff9ff06f)
core   0: 0x8000b2f8 (0x00002f17) auipc   t5, 0x2
core   0: 3 0x8000b2f8 (0x00002f17) x30 0x8000d2f8
core   0: 0x8000b2fc (0xd03f2423) sw      gp, -760(t5)
core   0: 3 0x8000b2fc (0xd03f2423) mem 0x8000d000 0x00000001
core   0: 0x8000b300 (0xff9ff06f) j       pc - 0x8
core   0: 3 0x8000b300 (0xff9ff06f)
core   0: 0x8000b2f8 (0x00002f17) auipc   t5, 0x2
core   0: 3 0x8000b2f8 (0x00002f17) x30 0x8000d2f8
core   0: 0x8000b2fc (0xd03f2423) sw      gp, -760(t5)
core   0: 3 0x8000b2fc (0xd03f2423) mem 0x8000d000 0x00000001
core   0: 0x8000b300 (0xff9ff06f) j       pc - 0x8
core   0: 3 0x8000b300 (0xff9ff06f)
core   0: 0x8000b2f8 (0x00002f17) auipc   t5, 0x2
core   0: 3 0x8000b2f8 (0x00002f17) x30 0x8000d2f8
core   0: 0x8000b2fc (0xd03f2423) sw      gp, -760(t5)
core   0: 3 0x8000b2fc (0xd03f2423) mem 0x8000d000 0x00000001
core   0: 0x8000b300 (0xff9ff06f) j       pc - 0x8
core   0: 3 0x8000b300 (0xff9ff06f)
core   0: 0x8000b2f8 (0x00002f17) auipc   t5, 0x2
core   0: 3 0x8000b2f8 (0x00002f17) x30 0x8000d2f8
core   0: 0x8000b2fc (0xd03f2423) sw      gp, -760(t5)
core   0: 3 0x8000b2fc (0xd03f2423) mem 0x8000d000 0x00000001
core   0: 0x8000b300 (0xff9ff06f) j       pc - 0x8
core   0: 3 0x8000b300 (0xff9ff06f)
core   0: 0x8000b2f8 (0x00002f17) auipc   t5, 0x2
core   0: 3 0x8000b2f8 (0x00002f17) x30 0x8000d2f8
core   0: 0x8000b2fc (0xd03f2423) sw      gp, -760(t5)
core   0: 3 0x8000b2fc (0xd03f2423) mem 0x8000d000 0x00000001
core   0: 0x8000b300 (0xff9ff06f) j       pc - 0x8
core   0: 3 0x8000b300 (0xff9ff06f)
core   0: 0x8000b2f8 (0x00002f17) auipc   t5, 0x2
core   0: 3 0x8000b2f8 (0x00002f17) x30 0x8000d2f8
core   0: 0x8000b2fc (0xd03f2423) sw      gp, -760(t5)
core   0: 3 0x8000b2fc (0xd03f2423) mem 0x8000d000 0x00000001
core   0: 0x8000b300 (0xff9ff06f) j       pc - 0x8
core   0: 3 0x8000b300 (0xff9ff06f)
core   0: 0x8000b2f8 (0x00002f17) auipc   t5, 0x2
core   0: 3 0x8000b2f8 (0x00002f17) x30 0x8000d2f8
core   0: 0x8000b2fc (0xd03f2423) sw      gp, -760(t5)
core   0: 3 0x8000b2fc (0xd03f2423) mem 0x8000d000 0x00000001
core   0: 0x8000b300 (0xff9ff06f) j       pc - 0x8
core   0: 3 0x8000b300 (0xff9ff06f)
core   0: 0x8000b2f8 (0x00002f17) auipc   t5, 0x2
core   0: 3 0x8000b2f8 (0x00002f17) x30 0x8000d2f8
core   0: 0x8000b2fc (0xd03f2423) sw      gp, -760(t5)
core   0: 3 0x8000b2fc (0xd03f2423) mem 0x8000d000 0x00000001
core   0: 0x8000b300 (0xff9ff06f) j       pc - 0x8
core   0: 3 0x8000b300 (0xff9ff06f)
core   0: 0x8000b2f8 (0x00002f17) auipc   t5, 0x2
core   0: 3 0x8000b2f8 (0x00002f17) x30 0x8000d2f8
core   0: 0x8000b2fc (0xd03f2423) sw      gp, -760(t5)
core   0: 3 0x8000b2fc (0xd03f2423) mem 0x8000d000 0x00000001
core   0: 0x8000b300 (0xff9ff06f) j       pc - 0x8
core   0: 3 0x8000b300 (0xff9ff06f)
core   0: 0x8000b2f8 (0x00002f17) auipc   t5, 0x2
core   0: 3 0x8000b2f8 (0x00002f17) x30 0x8000d2f8
core   0: 0x8000b2fc (0xd03f2423) sw      gp, -760(t5)
core   0: 3 0x8000b2fc (0xd03f2423) mem 0x8000d000 0x00000001
core   0: 0x8000b300 (0xff9ff06f) j       pc - 0x8
core   0: 3 0x8000b300 (0xff9ff06f)
core   0: 0x8000b2f8 (0x00002f17) auipc   t5, 0x2
core   0: 3 0x8000b2f8 (0x00002f17) x30 0x8000d2f8
core   0: 0x8000b2fc (0xd03f2423) sw      gp, -760(t5)
core   0: 3 0x8000b2fc (0xd03f2423) mem 0x8000d000 0x00000001
core   0: 0x8000b300 (0xff9ff06f) j       pc - 0x8
core   0: 3 0x8000b300 (0xff9ff06f)
core   0: 0x8000b2f8 (0x00002f17) auipc   t5, 0x2
core   0: 3 0x8000b2f8 (0x00002f17) x30 0x8000d2f8
core   0: 0x8000b2fc (0xd03f2423) sw      gp, -760(t5)
core   0: 3 0x8000b2fc (0xd03f2423) mem 0x8000d000 0x00000001
core   0: 0x8000b300 (0xff9ff06f) j       pc - 0x8
core   0: 3 0x8000b300 (0xff9ff06f)
core   0: 0x8000b2f8 (0x00002f17) auipc   t5, 0x2
core   0: 3 0x8000b2f8 (0x00002f17) x30 0x8000d2f8
core   0: 0x8000b2fc (0xd03f2423) sw      gp, -760(t5)
core   0: 3 0x8000b2fc (0xd03f2423) mem 0x8000d000 0x00000001
core   0: 0x8000b300 (0xff9ff06f) j       pc - 0x8
core   0: 3 0x8000b300 (0xff9ff06f)
core   0: 0x8000b2f8 (0x00002f17) auipc   t5, 0x2
core   0: 3 0x8000b2f8 (0x00002f17) x30 0x8000d2f8
core   0: 0x8000b2fc (0xd03f2423) sw      gp, -760(t5)
core   0: 3 0x8000b2fc (0xd03f2423) mem 0x8000d000 0x00000001
core   0: 0x8000b300 (0xff9ff06f) j       pc - 0x8
core   0: 3 0x8000b300 (0xff9ff06f)
core   0: 0x8000b2f8 (0x00002f17) auipc   t5, 0x2
core   0: 3 0x8000b2f8 (0x00002f17) x30 0x8000d2f8
core   0: 0x8000b2fc (0xd03f2423) sw      gp, -760(t5)
core   0: 3 0x8000b2fc (0xd03f2423) mem 0x8000d000 0x00000001
core   0: 0x8000b300 (0xff9ff06f) j       pc - 0x8
core   0: 3 0x8000b300 (0xff9ff06f)
core   0: 0x8000b2f8 (0x00002f17) auipc   t5, 0x2
core   0: 3 0x8000b2f8 (0x00002f17) x30 0x8000d2f8
core   0: 0x8000b2fc (0xd03f2423) sw      gp, -760(t5)
core   0: 3 0x8000b2fc (0xd03f2423) mem 0x8000d000 0x00000001
core   0: 0x8000b300 (0xff9ff06f) j       pc - 0x8
core   0: 3 0x8000b300 (0xff9ff06f)
core   0: 0x8000b2f8 (0x00002f17) auipc   t5, 0x2
core   0: 3 0x8000b2f8 (0x00002f17) x30 0x8000d2f8
core   0: 0x8000b2fc (0xd03f2423) sw      gp, -760(t5)
core   0: 3 0x8000b2fc (0xd03f2423) mem 0x8000d000 0x00000001
core   0: 0x8000b300 (0xff9ff06f) j       pc - 0x8
core   0: 3 0x8000b300 (0xff9ff06f)
core   0: 0x8000b2f8 (0x00002f17) auipc   t5, 0x2
core   0: 3 0x8000b2f8 (0x00002f17) x30 0x8000d2f8
core   0: 0x8000b2fc (0xd03f2423) sw      gp, -760(t5)
core   0: 3 0x8000b2fc (0xd03f2423) mem 0x8000d000 0x00000001
core   0: 0x8000b300 (0xff9ff06f) j       pc - 0x8
core   0: 3 0x8000b300 (0xff9ff06f)
core   0: 0x8000b2f8 (0x00002f17) auipc   t5, 0x2
core   0: 3 0x8000b2f8 (0x00002f17) x30 0x8000d2f8
core   0: 0x8000b2fc (0xd03f2423) sw      gp, -760(t5)
core   0: 3 0x8000b2fc (0xd03f2423) mem 0x8000d000 0x00000001
core   0: 0x8000b300 (0xff9ff06f) j       pc - 0x8
core   0: 3 0x8000b300 (0xff9ff06f)
core   0: 0x8000b2f8 (0x00002f17) auipc   t5, 0x2
core   0: 3 0x8000b2f8 (0x00002f17) x30 0x8000d2f8
core   0: 0x8000b2fc (0xd03f2423) sw      gp, -760(t5)
core   0: 3 0x8000b2fc (0xd03f2423) mem 0x8000d000 0x00000001
core   0: 0x8000b300 (0xff9ff06f) j       pc - 0x8
core   0: 3 0x8000b300 (0xff9ff06f)
core   0: 0x8000b2f8 (0x00002f17) auipc   t5, 0x2
core   0: 3 0x8000b2f8 (0x00002f17) x30 0x8000d2f8
core   0: 0x8000b2fc (0xd03f2423) sw      gp, -760(t5)
core   0: 3 0x8000b2fc (0xd03f2423) mem 0x8000d000 0x00000001
core   0: 0x8000b300 (0xff9ff06f) j       pc - 0x8
core   0: 3 0x8000b300 (0xff9ff06f)
core   0: 0x8000b2f8 (0x00002f17) auipc   t5, 0x2
core   0: 3 0x8000b2f8 (0x00002f17) x30 0x8000d2f8
core   0: 0x8000b2fc (0xd03f2423) sw      gp, -760(t5)
core   0: 3 0x8000b2fc (0xd03f2423) mem 0x8000d000 0x00000001
core   0: 0x8000b300 (0xff9ff06f) j       pc - 0x8
core   0: 3 0x8000b300 (0xff9ff06f)
core   0: 0x8000b2f8 (0x00002f17) auipc   t5, 0x2
core   0: 3 0x8000b2f8 (0x00002f17) x30 0x8000d2f8
core   0: 0x8000b2fc (0xd03f2423) sw      gp, -760(t5)
core   0: 3 0x8000b2fc (0xd03f2423) mem 0x8000d000 0x00000001
core   0: 0x8000b300 (0xff9ff06f) j       pc - 0x8
core   0: 3 0x8000b300 (0xff9ff06f)
core   0: 0x8000b2f8 (0x00002f17) auipc   t5, 0x2
core   0: 3 0x8000b2f8 (0x00002f17) x30 0x8000d2f8
core   0: 0x8000b2fc (0xd03f2423) sw      gp, -760(t5)
core   0: 3 0x8000b2fc (0xd03f2423) mem 0x8000d000 0x00000001
core   0: 0x8000b300 (0xff9ff06f) j       pc - 0x8
core   0: 3 0x8000b300 (0xff9ff06f)
core   0: 0x8000b2f8 (0x00002f17) auipc   t5, 0x2
core   0: 3 0x8000b2f8 (0x00002f17) x30 0x8000d2f8
core   0: 0x8000b2fc (0xd03f2423) sw      gp, -760(t5)
core   0: 3 0x8000b2fc (0xd03f2423) mem 0x8000d000 0x00000001
core   0: 0x8000b300 (0xff9ff06f) j       pc - 0x8
core   0: 3 0x8000b300 (0xff9ff06f)
core   0: 0x8000b2f8 (0x00002f17) auipc   t5, 0x2
core   0: 3 0x8000b2f8 (0x00002f17) x30 0x8000d2f8
core   0: 0x8000b2fc (0xd03f2423) sw      gp, -760(t5)
core   0: 3 0x8000b2fc (0xd03f2423) mem 0x8000d000 0x00000001
core   0: 0x8000b300 (0xff9ff06f) j       pc - 0x8
core   0: 3 0x8000b300 (0xff9ff06f)
core   0: 0x8000b2f8 (0x00002f17) auipc   t5, 0x2
core   0: 3 0x8000b2f8 (0x00002f17) x30 0x8000d2f8
core   0: 0x8000b2fc (0xd03f2423) sw      gp, -760(t5)
core   0: 3 0x8000b2fc (0xd03f2423) mem 0x8000d000 0x00000001
core   0: 0x8000b300 (0xff9ff06f) j       pc - 0x8
core   0: 3 0x8000b300 (0xff9ff06f)
core   0: 0x8000b2f8 (0x00002f17) auipc   t5, 0x2
core   0: 3 0x8000b2f8 (0x00002f17) x30 0x8000d2f8
core   0: 0x8000b2fc (0xd03f2423) sw      gp, -760(t5)
core   0: 3 0x8000b2fc (0xd03f2423) mem 0x8000d000 0x00000001
core   0: 0x8000b300 (0xff9ff06f) j       pc - 0x8
core   0: 3 0x8000b300 (0xff9ff06f)
core   0: 0x8000b2f8 (0x00002f17) auipc   t5, 0x2
core   0: 3 0x8000b2f8 (0x00002f17) x30 0x8000d2f8
core   0: 0x8000b2fc (0xd03f2423) sw      gp, -760(t5)
core   0: 3 0x8000b2fc (0xd03f2423) mem 0x8000d000 0x00000001
core   0: 0x8000b300 (0xff9ff06f) j       pc - 0x8
core   0: 3 0x8000b300 (0xff9ff06f)
core   0: 0x8000b2f8 (0x00002f17) auipc   t5, 0x2
core   0: 3 0x8000b2f8 (0x00002f17) x30 0x8000d2f8
core   0: 0x8000b2fc (0xd03f2423) sw      gp, -760(t5)
core   0: 3 0x8000b2fc (0xd03f2423) mem 0x8000d000 0x00000001
core   0: 0x8000b300 (0xff9ff06f) j       pc - 0x8
core   0: 3 0x8000b300 (0xff9ff06f)
core   0: 0x8000b2f8 (0x00002f17) auipc   t5, 0x2
core   0: 3 0x8000b2f8 (0x00002f17) x30 0x8000d2f8
core   0: 0x8000b2fc (0xd03f2423) sw      gp, -760(t5)
core   0: 3 0x8000b2fc (0xd03f2423) mem 0x8000d000 0x00000001
core   0: 0x8000b300 (0xff9ff06f) j       pc - 0x8
core   0: 3 0x8000b300 (0xff9ff06f)
core   0: 0x8000b2f8 (0x00002f17) auipc   t5, 0x2
core   0: 3 0x8000b2f8 (0x00002f17) x30 0x8000d2f8
core   0: 0x8000b2fc (0xd03f2423) sw      gp, -760(t5)
core   0: 3 0x8000b2fc (0xd03f2423) mem 0x8000d000 0x00000001
core   0: 0x8000b300 (0xff9ff06f) j       pc - 0x8
core   0: 3 0x8000b300 (0xff9ff06f)
core   0: 0x8000b2f8 (0x00002f17) auipc   t5, 0x2
core   0: 3 0x8000b2f8 (0x00002f17) x30 0x8000d2f8
core   0: 0x8000b2fc (0xd03f2423) sw      gp, -760(t5)
core   0: 3 0x8000b2fc (0xd03f2423) mem 0x8000d000 0x00000001
core   0: 0x8000b300 (0xff9ff06f) j       pc - 0x8
core   0: 3 0x8000b300 (0xff9ff06f)
core   0: 0x8000b2f8 (0x00002f17) auipc   t5, 0x2
core   0: 3 0x8000b2f8 (0x00002f17) x30 0x8000d2f8
core   0: 0x8000b2fc (0xd03f2423) sw      gp, -760(t5)
core   0: 3 0x8000b2fc (0xd03f2423) mem 0x8000d000 0x00000001
core   0: 0x8000b300 (0xff9ff06f) j       pc - 0x8
core   0: 3 0x8000b300 (0xff9ff06f)
core   0: 0x8000b2f8 (0x00002f17) auipc   t5, 0x2
core   0: 3 0x8000b2f8 (0x00002f17) x30 0x8000d2f8
core   0: 0x8000b2fc (0xd03f2423) sw      gp, -760(t5)
core   0: 3 0x8000b2fc (0xd03f2423) mem 0x8000d000 0x00000001
core   0: 0x8000b300 (0xff9ff06f) j       pc - 0x8
core   0: 3 0x8000b300 (0xff9ff06f)
core   0: 0x8000b2f8 (0x00002f17) auipc   t5, 0x2
core   0: 3 0x8000b2f8 (0x00002f17) x30 0x8000d2f8
core   0: 0x8000b2fc (0xd03f2423) sw      gp, -760(t5)
core   0: 3 0x8000b2fc (0xd03f2423) mem 0x8000d000 0x00000001
core   0: 0x8000b300 (0xff9ff06f) j       pc - 0x8
core   0: 3 0x8000b300 (0xff9ff06f)
core   0: 0x8000b2f8 (0x00002f17) auipc   t5, 0x2
core   0: 3 0x8000b2f8 (0x00002f17) x30 0x8000d2f8
core   0: 0x8000b2fc (0xd03f2423) sw      gp, -760(t5)
core   0: 3 0x8000b2fc (0xd03f2423) mem 0x8000d000 0x00000001
core   0: 0x8000b300 (0xff9ff06f) j       pc - 0x8
core   0: 3 0x8000b300 (0xff9ff06f)
core   0: 0x8000b2f8 (0x00002f17) auipc   t5, 0x2
core   0: 3 0x8000b2f8 (0x00002f17) x30 0x8000d2f8
core   0: 0x8000b2fc (0xd03f2423) sw      gp, -760(t5)
core   0: 3 0x8000b2fc (0xd03f2423) mem 0x8000d000 0x00000001
core   0: 0x8000b300 (0xff9ff06f) j       pc - 0x8
core   0: 3 0x8000b300 (0xff9ff06f)
core   0: 0x8000b2f8 (0x00002f17) auipc   t5, 0x2
core   0: 3 0x8000b2f8 (0x00002f17) x30 0x8000d2f8
core   0: 0x8000b2fc (0xd03f2423) sw      gp, -760(t5)
core   0: 3 0x8000b2fc (0xd03f2423) mem 0x8000d000 0x00000001
core   0: 0x8000b300 (0xff9ff06f) j       pc - 0x8
core   0: 3 0x8000b300 (0xff9ff06f)
core   0: 0x8000b2f8 (0x00002f17) auipc   t5, 0x2
core   0: 3 0x8000b2f8 (0x00002f17) x30 0x8000d2f8
core   0: 0x8000b2fc (0xd03f2423) sw      gp, -760(t5)
core   0: 3 0x8000b2fc (0xd03f2423) mem 0x8000d000 0x00000001
core   0: 0x8000b300 (0xff9ff06f) j       pc - 0x8
core   0: 3 0x8000b300 (0xff9ff06f)
core   0: 0x8000b2f8 (0x00002f17) auipc   t5, 0x2
core   0: 3 0x8000b2f8 (0x00002f17) x30 0x8000d2f8
core   0: 0x8000b2fc (0xd03f2423) sw      gp, -760(t5)
core   0: 3 0x8000b2fc (0xd03f2423) mem 0x8000d000 0x00000001
core   0: 0x8000b300 (0xff9ff06f) j       pc - 0x8
core   0: 3 0x8000b300 (0xff9ff06f)
core   0: 0x8000b2f8 (0x00002f17) auipc   t5, 0x2
core   0: 3 0x8000b2f8 (0x00002f17) x30 0x8000d2f8
core   0: 0x8000b2fc (0xd03f2423) sw      gp, -760(t5)
core   0: 3 0x8000b2fc (0xd03f2423) mem 0x8000d000 0x00000001
core   0: 0x8000b300 (0xff9ff06f) j       pc - 0x8
core   0: 3 0x8000b300 (0xff9ff06f)
core   0: 0x8000b2f8 (0x00002f17) auipc   t5, 0x2
core   0: 3 0x8000b2f8 (0x00002f17) x30 0x8000d2f8
core   0: 0x8000b2fc (0xd03f2423) sw      gp, -760(t5)
core   0: 3 0x8000b2fc (0xd03f2423) mem 0x8000d000 0x00000001
core   0: 0x8000b300 (0xff9ff06f) j       pc - 0x8
core   0: 3 0x8000b300 (0xff9ff06f)
core   0: 0x8000b2f8 (0x00002f17) auipc   t5, 0x2
core   0: 3 0x8000b2f8 (0x00002f17) x30 0x8000d2f8
core   0: 0x8000b2fc (0xd03f2423) sw      gp, -760(t5)
core   0: 3 0x8000b2fc (0xd03f2423) mem 0x8000d000 0x00000001
core   0: 0x8000b300 (0xff9ff06f) j       pc - 0x8
core   0: 3 0x8000b300 (0xff9ff06f)
core   0: 0x8000b2f8 (0x00002f17) auipc   t5, 0x2
core   0: 3 0x8000b2f8 (0x00002f17) x30 0x8000d2f8
core   0: 0x8000b2fc (0xd03f2423) sw      gp, -760(t5)
core   0: 3 0x8000b2fc (0xd03f2423) mem 0x8000d000 0x00000001
core   0: 0x8000b300 (0xff9ff06f) j       pc - 0x8
core   0: 3 0x8000b300 (0xff9ff06f)
core   0: 0x8000b2f8 (0x00002f17) auipc   t5, 0x2
core   0: 3 0x8000b2f8 (0x00002f17) x30 0x8000d2f8
core   0: 0x8000b2fc (0xd03f2423) sw      gp, -760(t5)
core   0: 3 0x8000b2fc (0xd03f2423) mem 0x8000d000 0x00000001
core   0: 0x8000b300 (0xff9ff06f) j       pc - 0x8
core   0: 3 0x8000b300 (0xff9ff06f)
core   0: 0x8000b2f8 (0x00002f17) auipc   t5, 0x2
core   0: 3 0x8000b2f8 (0x00002f17) x30 0x8000d2f8
core   0: 0x8000b2fc (0xd03f2423) sw      gp, -760(t5)
core   0: 3 0x8000b2fc (0xd03f2423) mem 0x8000d000 0x00000001
core   0: 0x8000b300 (0xff9ff06f) j       pc - 0x8
core   0: 3 0x8000b300 (0xff9ff06f)
core   0: 0x8000b2f8 (0x00002f17) auipc   t5, 0x2
core   0: 3 0x8000b2f8 (0x00002f17) x30 0x8000d2f8
core   0: 0x8000b2fc (0xd03f2423) sw      gp, -760(t5)
core   0: 3 0x8000b2fc (0xd03f2423) mem 0x8000d000 0x00000001
core   0: 0x8000b300 (0xff9ff06f) j       pc - 0x8
core   0: 3 0x8000b300 (0xff9ff06f)
core   0: 0x8000b2f8 (0x00002f17) auipc   t5, 0x2
core   0: 3 0x8000b2f8 (0x00002f17) x30 0x8000d2f8
core   0: 0x8000b2fc (0xd03f2423) sw      gp, -760(t5)
core   0: 3 0x8000b2fc (0xd03f2423) mem 0x8000d000 0x00000001
core   0: 0x8000b300 (0xff9ff06f) j       pc - 0x8
core   0: 3 0x8000b300 (0xff9ff06f)
core   0: 0x8000b2f8 (0x00002f17) auipc   t5, 0x2
core   0: 3 0x8000b2f8 (0x00002f17) x30 0x8000d2f8
core   0: 0x8000b2fc (0xd03f2423) sw      gp, -760(t5)
core   0: 3 0x8000b2fc (0xd03f2423) mem 0x8000d000 0x00000001
core   0: 0x8000b300 (0xff9ff06f) j       pc - 0x8
core   0: 3 0x8000b300 (0xff9ff06f)
core   0: 0x8000b2f8 (0x00002f17) auipc   t5, 0x2
core   0: 3 0x8000b2f8 (0x00002f17) x30 0x8000d2f8
core   0: 0x8000b2fc (0xd03f2423) sw      gp, -760(t5)
core   0: 3 0x8000b2fc (0xd03f2423) mem 0x8000d000 0x00000001
core   0: 0x8000b300 (0xff9ff06f) j       pc - 0x8
core   0: 3 0x8000b300 (0xff9ff06f)
core   0: 0x8000b2f8 (0x00002f17) auipc   t5, 0x2
core   0: 3 0x8000b2f8 (0x00002f17) x30 0x8000d2f8
core   0: 0x8000b2fc (0xd03f2423) sw      gp, -760(t5)
core   0: 3 0x8000b2fc (0xd03f2423) mem 0x8000d000 0x00000001
core   0: 0x8000b300 (0xff9ff06f) j       pc - 0x8
core   0: 3 0x8000b300 (0xff9ff06f)
core   0: 0x8000b2f8 (0x00002f17) auipc   t5, 0x2
core   0: 3 0x8000b2f8 (0x00002f17) x30 0x8000d2f8
core   0: 0x8000b2fc (0xd03f2423) sw      gp, -760(t5)
core   0: 3 0x8000b2fc (0xd03f2423) mem 0x8000d000 0x00000001
core   0: 0x8000b300 (0xff9ff06f) j       pc - 0x8
core   0: 3 0x8000b300 (0xff9ff06f)
core   0: 0x8000b2f8 (0x00002f17) auipc   t5, 0x2
core   0: 3 0x8000b2f8 (0x00002f17) x30 0x8000d2f8
core   0: 0x8000b2fc (0xd03f2423) sw      gp, -760(t5)
core   0: 3 0x8000b2fc (0xd03f2423) mem 0x8000d000 0x00000001
core   0: 0x8000b300 (0xff9ff06f) j       pc - 0x8
core   0: 3 0x8000b300 (0xff9ff06f)
core   0: 0x8000b2f8 (0x00002f17) auipc   t5, 0x2
core   0: 3 0x8000b2f8 (0x00002f17) x30 0x8000d2f8
core   0: 0x8000b2fc (0xd03f2423) sw      gp, -760(t5)
core   0: 3 0x8000b2fc (0xd03f2423) mem 0x8000d000 0x00000001
core   0: 0x8000b300 (0xff9ff06f) j       pc - 0x8
core   0: 3 0x8000b300 (0xff9ff06f)
core   0: 0x8000b2f8 (0x00002f17) auipc   t5, 0x2
core   0: 3 0x8000b2f8 (0x00002f17) x30 0x8000d2f8
core   0: 0x8000b2fc (0xd03f2423) sw      gp, -760(t5)
core   0: 3 0x8000b2fc (0xd03f2423) mem 0x8000d000 0x00000001
core   0: 0x8000b300 (0xff9ff06f) j       pc - 0x8
core   0: 3 0x8000b300 (0xff9ff06f)
core   0: 0x8000b2f8 (0x00002f17) auipc   t5, 0x2
core   0: 3 0x8000b2f8 (0x00002f17) x30 0x8000d2f8
core   0: 0x8000b2fc (0xd03f2423) sw      gp, -760(t5)
core   0: 3 0x8000b2fc (0xd03f2423) mem 0x8000d000 0x00000001
core   0: 0x8000b300 (0xff9ff06f) j       pc - 0x8
core   0: 3 0x8000b300 (0xff9ff06f)
core   0: 0x8000b2f8 (0x00002f17) auipc   t5, 0x2
core   0: 3 0x8000b2f8 (0x00002f17) x30 0x8000d2f8
core   0: 0x8000b2fc (0xd03f2423) sw      gp, -760(t5)
core   0: 3 0x8000b2fc (0xd03f2423) mem 0x8000d000 0x00000001
core   0: 0x8000b300 (0xff9ff06f) j       pc - 0x8
core   0: 3 0x8000b300 (0xff9ff06f)
core   0: 0x8000b2f8 (0x00002f17) auipc   t5, 0x2
core   0: 3 0x8000b2f8 (0x00002f17) x30 0x8000d2f8
core   0: 0x8000b2fc (0xd03f2423) sw      gp, -760(t5)
core   0: 3 0x8000b2fc (0xd03f2423) mem 0x8000d000 0x00000001
core   0: 0x8000b300 (0xff9ff06f) j       pc - 0x8
core   0: 3 0x8000b300 (0xff9ff06f)
core   0: 0x8000b2f8 (0x00002f17) auipc   t5, 0x2
core   0: 3 0x8000b2f8 (0x00002f17) x30 0x8000d2f8
core   0: 0x8000b2fc (0xd03f2423) sw      gp, -760(t5)
core   0: 3 0x8000b2fc (0xd03f2423) mem 0x8000d000 0x00000001
core   0: 0x8000b300 (0xff9ff06f) j       pc - 0x8
core   0: 3 0x8000b300 (0xff9ff06f)
core   0: 0x8000b2f8 (0x00002f17) auipc   t5, 0x2
core   0: 3 0x8000b2f8 (0x00002f17) x30 0x8000d2f8
core   0: 0x8000b2fc (0xd03f2423) sw      gp, -760(t5)
core   0: 3 0x8000b2fc (0xd03f2423) mem 0x8000d000 0x00000001
core   0: 0x8000b300 (0xff9ff06f) j       pc - 0x8
core   0: 3 0x8000b300 (0xff9ff06f)
core   0: 0x8000b2f8 (0x00002f17) auipc   t5, 0x2
core   0: 3 0x8000b2f8 (0x00002f17) x30 0x8000d2f8
core   0: 0x8000b2fc (0xd03f2423) sw      gp, -760(t5)
core   0: 3 0x8000b2fc (0xd03f2423) mem 0x8000d000 0x00000001
core   0: 0x8000b300 (0xff9ff06f) j       pc - 0x8
core   0: 3 0x8000b300 (0xff9ff06f)
core   0: 0x8000b2f8 (0x00002f17) auipc   t5, 0x2
core   0: 3 0x8000b2f8 (0x00002f17) x30 0x8000d2f8
core   0: 0x8000b2fc (0xd03f2423) sw      gp, -760(t5)
core   0: 3 0x8000b2fc (0xd03f2423) mem 0x8000d000 0x00000001
core   0: 0x8000b300 (0xff9ff06f) j       pc - 0x8
core   0: 3 0x8000b300 (0xff9ff06f)
core   0: 0x8000b2f8 (0x00002f17) auipc   t5, 0x2
core   0: 3 0x8000b2f8 (0x00002f17) x30 0x8000d2f8
core   0: 0x8000b2fc (0xd03f2423) sw      gp, -760(t5)
core   0: 3 0x8000b2fc (0xd03f2423) mem 0x8000d000 0x00000001
core   0: 0x8000b300 (0xff9ff06f) j       pc - 0x8
core   0: 3 0x8000b300 (0xff9ff06f)
core   0: 0x8000b2f8 (0x00002f17) auipc   t5, 0x2
core   0: 3 0x8000b2f8 (0x00002f17) x30 0x8000d2f8
core   0: 0x8000b2fc (0xd03f2423) sw      gp, -760(t5)
core   0: 3 0x8000b2fc (0xd03f2423) mem 0x8000d000 0x00000001
core   0: 0x8000b300 (0xff9ff06f) j       pc - 0x8
core   0: 3 0x8000b300 (0xff9ff06f)
core   0: 0x8000b2f8 (0x00002f17) auipc   t5, 0x2
core   0: 3 0x8000b2f8 (0x00002f17) x30 0x8000d2f8
core   0: 0x8000b2fc (0xd03f2423) sw      gp, -760(t5)
core   0: 3 0x8000b2fc (0xd03f2423) mem 0x8000d000 0x00000001
core   0: 0x8000b300 (0xff9ff06f) j       pc - 0x8
core   0: 3 0x8000b300 (0xff9ff06f)
core   0: 0x8000b2f8 (0x00002f17) auipc   t5, 0x2
core   0: 3 0x8000b2f8 (0x00002f17) x30 0x8000d2f8
core   0: 0x8000b2fc (0xd03f2423) sw      gp, -760(t5)
core   0: 3 0x8000b2fc (0xd03f2423) mem 0x8000d000 0x00000001
core   0: 0x8000b300 (0xff9ff06f) j       pc - 0x8
core   0: 3 0x8000b300 (0xff9ff06f)
core   0: 0x8000b2f8 (0x00002f17) auipc   t5, 0x2
core   0: 3 0x8000b2f8 (0x00002f17) x30 0x8000d2f8
core   0: 0x8000b2fc (0xd03f2423) sw      gp, -760(t5)
core   0: 3 0x8000b2fc (0xd03f2423) mem 0x8000d000 0x00000001
core   0: 0x8000b300 (0xff9ff06f) j       pc - 0x8
core   0: 3 0x8000b300 (0xff9ff06f)
core   0: 0x8000b2f8 (0x00002f17) auipc   t5, 0x2
core   0: 3 0x8000b2f8 (0x00002f17) x30 0x8000d2f8
core   0: 0x8000b2fc (0xd03f2423) sw      gp, -760(t5)
core   0: 3 0x8000b2fc (0xd03f2423) mem 0x8000d000 0x00000001
core   0: 0x8000b300 (0xff9ff06f) j       pc - 0x8
core   0: 3 0x8000b300 (0xff9ff06f)
core   0: 0x8000b2f8 (0x00002f17) auipc   t5, 0x2
core   0: 3 0x8000b2f8 (0x00002f17) x30 0x8000d2f8
core   0: 0x8000b2fc (0xd03f2423) sw      gp, -760(t5)
core   0: 3 0x8000b2fc (0xd03f2423) mem 0x8000d000 0x00000001
core   0: 0x8000b300 (0xff9ff06f) j       pc - 0x8
core   0: 3 0x8000b300 (0xff9ff06f)
core   0: 0x8000b2f8 (0x00002f17) auipc   t5, 0x2
core   0: 3 0x8000b2f8 (0x00002f17) x30 0x8000d2f8
core   0: 0x8000b2fc (0xd03f2423) sw      gp, -760(t5)
core   0: 3 0x8000b2fc (0xd03f2423) mem 0x8000d000 0x00000001
core   0: 0x8000b300 (0xff9ff06f) j       pc - 0x8
core   0: 3 0x8000b300 (0xff9ff06f)
core   0: 0x8000b2f8 (0x00002f17) auipc   t5, 0x2
core   0: 3 0x8000b2f8 (0x00002f17) x30 0x8000d2f8
core   0: 0x8000b2fc (0xd03f2423) sw      gp, -760(t5)
core   0: 3 0x8000b2fc (0xd03f2423) mem 0x8000d000 0x00000001
core   0: 0x8000b300 (0xff9ff06f) j       pc - 0x8
core   0: 3 0x8000b300 (0xff9ff06f)
core   0: 0x8000b2f8 (0x00002f17) auipc   t5, 0x2
core   0: 3 0x8000b2f8 (0x00002f17) x30 0x8000d2f8
core   0: 0x8000b2fc (0xd03f2423) sw      gp, -760(t5)
core   0: 3 0x8000b2fc (0xd03f2423) mem 0x8000d000 0x00000001
core   0: 0x8000b300 (0xff9ff06f) j       pc - 0x8
core   0: 3 0x8000b300 (0xff9ff06f)
core   0: 0x8000b2f8 (0x00002f17) auipc   t5, 0x2
core   0: 3 0x8000b2f8 (0x00002f17) x30 0x8000d2f8
core   0: 0x8000b2fc (0xd03f2423) sw      gp, -760(t5)
core   0: 3 0x8000b2fc (0xd03f2423) mem 0x8000d000 0x00000001
core   0: 0x8000b300 (0xff9ff06f) j       pc - 0x8
core   0: 3 0x8000b300 (0xff9ff06f)
core   0: 0x8000b2f8 (0x00002f17) auipc   t5, 0x2
core   0: 3 0x8000b2f8 (0x00002f17) x30 0x8000d2f8
core   0: 0x8000b2fc (0xd03f2423) sw      gp, -760(t5)
core   0: 3 0x8000b2fc (0xd03f2423) mem 0x8000d000 0x00000001
core   0: 0x8000b300 (0xff9ff06f) j       pc - 0x8
core   0: 3 0x8000b300 (0xff9ff06f)
core   0: 0x8000b2f8 (0x00002f17) auipc   t5, 0x2
core   0: 3 0x8000b2f8 (0x00002f17) x30 0x8000d2f8
core   0: 0x8000b2fc (0xd03f2423) sw      gp, -760(t5)
core   0: 3 0x8000b2fc (0xd03f2423) mem 0x8000d000 0x00000001
core   0: 0x8000b300 (0xff9ff06f) j       pc - 0x8
core   0: 3 0x8000b300 (0xff9ff06f)
core   0: 0x8000b2f8 (0x00002f17) auipc   t5, 0x2
core   0: 3 0x8000b2f8 (0x00002f17) x30 0x8000d2f8
core   0: 0x8000b2fc (0xd03f2423) sw      gp, -760(t5)
core   0: 3 0x8000b2fc (0xd03f2423) mem 0x8000d000 0x00000001
core   0: 0x8000b300 (0xff9ff06f) j       pc - 0x8
core   0: 3 0x8000b300 (0xff9ff06f)
core   0: 0x8000b2f8 (0x00002f17) auipc   t5, 0x2
core   0: 3 0x8000b2f8 (0x00002f17) x30 0x8000d2f8
core   0: 0x8000b2fc (0xd03f2423) sw      gp, -760(t5)
core   0: 3 0x8000b2fc (0xd03f2423) mem 0x8000d000 0x00000001
core   0: 0x8000b300 (0xff9ff06f) j       pc - 0x8
core   0: 3 0x8000b300 (0xff9ff06f)
core   0: 0x8000b2f8 (0x00002f17) auipc   t5, 0x2
core   0: 3 0x8000b2f8 (0x00002f17) x30 0x8000d2f8
core   0: 0x8000b2fc (0xd03f2423) sw      gp, -760(t5)
core   0: 3 0x8000b2fc (0xd03f2423) mem 0x8000d000 0x00000001
core   0: 0x8000b300 (0xff9ff06f) j       pc - 0x8
core   0: 3 0x8000b300 (0xff9ff06f)
core   0: 0x8000b2f8 (0x00002f17) auipc   t5, 0x2
core   0: 3 0x8000b2f8 (0x00002f17) x30 0x8000d2f8
core   0: 0x8000b2fc (0xd03f2423) sw      gp, -760(t5)
core   0: 3 0x8000b2fc (0xd03f2423) mem 0x8000d000 0x00000001
core   0: 0x8000b300 (0xff9ff06f) j       pc - 0x8
core   0: 3 0x8000b300 (0xff9ff06f)
core   0: 0x8000b2f8 (0x00002f17) auipc   t5, 0x2
core   0: 3 0x8000b2f8 (0x00002f17) x30 0x8000d2f8
core   0: 0x8000b2fc (0xd03f2423) sw      gp, -760(t5)
core   0: 3 0x8000b2fc (0xd03f2423) mem 0x8000d000 0x00000001
core   0: 0x8000b300 (0xff9ff06f) j       pc - 0x8
core   0: 3 0x8000b300 (0xff9ff06f)
core   0: 0x8000b2f8 (0x00002f17) auipc   t5, 0x2
core   0: 3 0x8000b2f8 (0x00002f17) x30 0x8000d2f8
core   0: 0x8000b2fc (0xd03f2423) sw      gp, -760(t5)
core   0: 3 0x8000b2fc (0xd03f2423) mem 0x8000d000 0x00000001
core   0: 0x8000b300 (0xff9ff06f) j       pc - 0x8
core   0: 3 0x8000b300 (0xff9ff06f)
core   0: 0x8000b2f8 (0x00002f17) auipc   t5, 0x2
core   0: 3 0x8000b2f8 (0x00002f17) x30 0x8000d2f8
core   0: 0x8000b2fc (0xd03f2423) sw      gp, -760(t5)
core   0: 3 0x8000b2fc (0xd03f2423) mem 0x8000d000 0x00000001
core   0: 0x8000b300 (0xff9ff06f) j       pc - 0x8
core   0: 3 0x8000b300 (0xff9ff06f)
core   0: 0x8000b2f8 (0x00002f17) auipc   t5, 0x2
core   0: 3 0x8000b2f8 (0x00002f17) x30 0x8000d2f8
core   0: 0x8000b2fc (0xd03f2423) sw      gp, -760(t5)
core   0: 3 0x8000b2fc (0xd03f2423) mem 0x8000d000 0x00000001
core   0: 0x8000b300 (0xff9ff06f) j       pc - 0x8
core   0: 3 0x8000b300 (0xff9ff06f)
core   0: 0x8000b2f8 (0x00002f17) auipc   t5, 0x2
core   0: 3 0x8000b2f8 (0x00002f17) x30 0x8000d2f8
core   0: 0x8000b2fc (0xd03f2423) sw      gp, -760(t5)
core   0: 3 0x8000b2fc (0xd03f2423) mem 0x8000d000 0x00000001
core   0: 0x8000b300 (0xff9ff06f) j       pc - 0x8
core   0: 3 0x8000b300 (0xff9ff06f)
core   0: 0x8000b2f8 (0x00002f17) auipc   t5, 0x2
core   0: 3 0x8000b2f8 (0x00002f17) x30 0x8000d2f8
core   0: 0x8000b2fc (0xd03f2423) sw      gp, -760(t5)
core   0: 3 0x8000b2fc (0xd03f2423) mem 0x8000d000 0x00000001
core   0: 0x8000b300 (0xff9ff06f) j       pc - 0x8
core   0: 3 0x8000b300 (0xff9ff06f)
core   0: 0x8000b2f8 (0x00002f17) auipc   t5, 0x2
core   0: 3 0x8000b2f8 (0x00002f17) x30 0x8000d2f8
core   0: 0x8000b2fc (0xd03f2423) sw      gp, -760(t5)
core   0: 3 0x8000b2fc (0xd03f2423) mem 0x8000d000 0x00000001
core   0: 0x8000b300 (0xff9ff06f) j       pc - 0x8
core   0: 3 0x8000b300 (0xff9ff06f)
core   0: 0x8000b2f8 (0x00002f17) auipc   t5, 0x2
core   0: 3 0x8000b2f8 (0x00002f17) x30 0x8000d2f8
core   0: 0x8000b2fc (0xd03f2423) sw      gp, -760(t5)
core   0: 3 0x8000b2fc (0xd03f2423) mem 0x8000d000 0x00000001
core   0: 0x8000b300 (0xff9ff06f) j       pc - 0x8
core   0: 3 0x8000b300 (0xff9ff06f)
core   0: 0x8000b2f8 (0x00002f17) auipc   t5, 0x2
core   0: 3 0x8000b2f8 (0x00002f17) x30 0x8000d2f8
core   0: 0x8000b2fc (0xd03f2423) sw      gp, -760(t5)
core   0: 3 0x8000b2fc (0xd03f2423) mem 0x8000d000 0x00000001
core   0: 0x8000b300 (0xff9ff06f) j       pc - 0x8
core   0: 3 0x8000b300 (0xff9ff06f)
core   0: 0x8000b2f8 (0x00002f17) auipc   t5, 0x2
core   0: 3 0x8000b2f8 (0x00002f17) x30 0x8000d2f8
core   0: 0x8000b2fc (0xd03f2423) sw      gp, -760(t5)
core   0: 3 0x8000b2fc (0xd03f2423) mem 0x8000d000 0x00000001
core   0: 0x8000b300 (0xff9ff06f) j       pc - 0x8
core   0: 3 0x8000b300 (0xff9ff06f)
core   0: 0x8000b2f8 (0x00002f17) auipc   t5, 0x2
core   0: 3 0x8000b2f8 (0x00002f17) x30 0x8000d2f8
core   0: 0x8000b2fc (0xd03f2423) sw      gp, -760(t5)
core   0: 3 0x8000b2fc (0xd03f2423) mem 0x8000d000 0x00000001
core   0: 0x8000b300 (0xff9ff06f) j       pc - 0x8
core   0: 3 0x8000b300 (0xff9ff06f)
core   0: 0x8000b2f8 (0x00002f17) auipc   t5, 0x2
core   0: 3 0x8000b2f8 (0x00002f17) x30 0x8000d2f8
core   0: 0x8000b2fc (0xd03f2423) sw      gp, -760(t5)
core   0: 3 0x8000b2fc (0xd03f2423) mem 0x8000d000 0x00000001
core   0: 0x8000b300 (0xff9ff06f) j       pc - 0x8
core   0: 3 0x8000b300 (0xff9ff06f)
core   0: 0x8000b2f8 (0x00002f17) auipc   t5, 0x2
core   0: 3 0x8000b2f8 (0x00002f17) x30 0x8000d2f8
core   0: 0x8000b2fc (0xd03f2423) sw      gp, -760(t5)
core   0: 3 0x8000b2fc (0xd03f2423) mem 0x8000d000 0x00000001
core   0: 0x8000b300 (0xff9ff06f) j       pc - 0x8
core   0: 3 0x8000b300 (0xff9ff06f)
core   0: 0x8000b2f8 (0x00002f17) auipc   t5, 0x2
core   0: 3 0x8000b2f8 (0x00002f17) x30 0x8000d2f8
core   0: 0x8000b2fc (0xd03f2423) sw      gp, -760(t5)
core   0: 3 0x8000b2fc (0xd03f2423) mem 0x8000d000 0x00000001
core   0: 0x8000b300 (0xff9ff06f) j       pc - 0x8
core   0: 3 0x8000b300 (0xff9ff06f)
core   0: 0x8000b2f8 (0x00002f17) auipc   t5, 0x2
core   0: 3 0x8000b2f8 (0x00002f17) x30 0x8000d2f8
core   0: 0x8000b2fc (0xd03f2423) sw      gp, -760(t5)
core   0: 3 0x8000b2fc (0xd03f2423) mem 0x8000d000 0x00000001
core   0: 0x8000b300 (0xff9ff06f) j       pc - 0x8
core   0: 3 0x8000b300 (0xff9ff06f)
core   0: 0x8000b2f8 (0x00002f17) auipc   t5, 0x2
core   0: 3 0x8000b2f8 (0x00002f17) x30 0x8000d2f8
core   0: 0x8000b2fc (0xd03f2423) sw      gp, -760(t5)
core   0: 3 0x8000b2fc (0xd03f2423) mem 0x8000d000 0x00000001
core   0: 0x8000b300 (0xff9ff06f) j       pc - 0x8
core   0: 3 0x8000b300 (0xff9ff06f)
core   0: 0x8000b2f8 (0x00002f17) auipc   t5, 0x2
core   0: 3 0x8000b2f8 (0x00002f17) x30 0x8000d2f8
core   0: 0x8000b2fc (0xd03f2423) sw      gp, -760(t5)
core   0: 3 0x8000b2fc (0xd03f2423) mem 0x8000d000 0x00000001
core   0: 0x8000b300 (0xff9ff06f) j       pc - 0x8
core   0: 3 0x8000b300 (0xff9ff06f)
core   0: 0x8000b2f8 (0x00002f17) auipc   t5, 0x2
core   0: 3 0x8000b2f8 (0x00002f17) x30 0x8000d2f8
core   0: 0x8000b2fc (0xd03f2423) sw      gp, -760(t5)
core   0: 3 0x8000b2fc (0xd03f2423) mem 0x8000d000 0x00000001
core   0: 0x8000b300 (0xff9ff06f) j       pc - 0x8
core   0: 3 0x8000b300 (0xff9ff06f)
core   0: 0x8000b2f8 (0x00002f17) auipc   t5, 0x2
core   0: 3 0x8000b2f8 (0x00002f17) x30 0x8000d2f8
core   0: 0x8000b2fc (0xd03f2423) sw      gp, -760(t5)
core   0: 3 0x8000b2fc (0xd03f2423) mem 0x8000d000 0x00000001
core   0: 0x8000b300 (0xff9ff06f) j       pc - 0x8
core   0: 3 0x8000b300 (0xff9ff06f)
core   0: 0x8000b2f8 (0x00002f17) auipc   t5, 0x2
core   0: 3 0x8000b2f8 (0x00002f17) x30 0x8000d2f8
core   0: 0x8000b2fc (0xd03f2423) sw      gp, -760(t5)
core   0: 3 0x8000b2fc (0xd03f2423) mem 0x8000d000 0x00000001
core   0: 0x8000b300 (0xff9ff06f) j       pc - 0x8
core   0: 3 0x8000b300 (0xff9ff06f)
core   0: 0x8000b2f8 (0x00002f17) auipc   t5, 0x2
core   0: 3 0x8000b2f8 (0x00002f17) x30 0x8000d2f8
core   0: 0x8000b2fc (0xd03f2423) sw      gp, -760(t5)
core   0: 3 0x8000b2fc (0xd03f2423) mem 0x8000d000 0x00000001
core   0: 0x8000b300 (0xff9ff06f) j       pc - 0x8
core   0: 3 0x8000b300 (0xff9ff06f)
core   0: 0x8000b2f8 (0x00002f17) auipc   t5, 0x2
core   0: 3 0x8000b2f8 (0x00002f17) x30 0x8000d2f8
core   0: 0x8000b2fc (0xd03f2423) sw      gp, -760(t5)
core   0: 3 0x8000b2fc (0xd03f2423) mem 0x8000d000 0x00000001
core   0: 0x8000b300 (0xff9ff06f) j       pc - 0x8
core   0: 3 0x8000b300 (0xff9ff06f)
core   0: 0x8000b2f8 (0x00002f17) auipc   t5, 0x2
core   0: 3 0x8000b2f8 (0x00002f17) x30 0x8000d2f8
core   0: 0x8000b2fc (0xd03f2423) sw      gp, -760(t5)
core   0: 3 0x8000b2fc (0xd03f2423) mem 0x8000d000 0x00000001
core   0: 0x8000b300 (0xff9ff06f) j       pc - 0x8
core   0: 3 0x8000b300 (0xff9ff06f)
core   0: 0x8000b2f8 (0x00002f17) auipc   t5, 0x2
core   0: 3 0x8000b2f8 (0x00002f17) x30 0x8000d2f8
core   0: 0x8000b2fc (0xd03f2423) sw      gp, -760(t5)
core   0: 3 0x8000b2fc (0xd03f2423) mem 0x8000d000 0x00000001
core   0: 0x8000b300 (0xff9ff06f) j       pc - 0x8
core   0: 3 0x8000b300 (0xff9ff06f)
core   0: 0x8000b2f8 (0x00002f17) auipc   t5, 0x2
core   0: 3 0x8000b2f8 (0x00002f17) x30 0x8000d2f8
core   0: 0x8000b2fc (0xd03f2423) sw      gp, -760(t5)
core   0: 3 0x8000b2fc (0xd03f2423) mem 0x8000d000 0x00000001
core   0: 0x8000b300 (0xff9ff06f) j       pc - 0x8
core   0: 3 0x8000b300 (0xff9ff06f)
core   0: 0x8000b2f8 (0x00002f17) auipc   t5, 0x2
core   0: 3 0x8000b2f8 (0x00002f17) x30 0x8000d2f8
core   0: 0x8000b2fc (0xd03f2423) sw      gp, -760(t5)
core   0: 3 0x8000b2fc (0xd03f2423) mem 0x8000d000 0x00000001
core   0: 0x8000b300 (0xff9ff06f) j       pc - 0x8
core   0: 3 0x8000b300 (0xff9ff06f)
core   0: 0x8000b2f8 (0x00002f17) auipc   t5, 0x2
core   0: 3 0x8000b2f8 (0x00002f17) x30 0x8000d2f8
core   0: 0x8000b2fc (0xd03f2423) sw      gp, -760(t5)
core   0: 3 0x8000b2fc (0xd03f2423) mem 0x8000d000 0x00000001
core   0: 0x8000b300 (0xff9ff06f) j       pc - 0x8
core   0: 3 0x8000b300 (0xff9ff06f)
core   0: 0x8000b2f8 (0x00002f17) auipc   t5, 0x2
core   0: 3 0x8000b2f8 (0x00002f17) x30 0x8000d2f8
core   0: 0x8000b2fc (0xd03f2423) sw      gp, -760(t5)
core   0: 3 0x8000b2fc (0xd03f2423) mem 0x8000d000 0x00000001
core   0: 0x8000b300 (0xff9ff06f) j       pc - 0x8
core   0: 3 0x8000b300 (0xff9ff06f)
core   0: 0x8000b2f8 (0x00002f17) auipc   t5, 0x2
core   0: 3 0x8000b2f8 (0x00002f17) x30 0x8000d2f8
core   0: 0x8000b2fc (0xd03f2423) sw      gp, -760(t5)
core   0: 3 0x8000b2fc (0xd03f2423) mem 0x8000d000 0x00000001
core   0: 0x8000b300 (0xff9ff06f) j       pc - 0x8
core   0: 3 0x8000b300 (0xff9ff06f)
core   0: 0x8000b2f8 (0x00002f17) auipc   t5, 0x2
core   0: 3 0x8000b2f8 (0x00002f17) x30 0x8000d2f8
core   0: 0x8000b2fc (0xd03f2423) sw      gp, -760(t5)
core   0: 3 0x8000b2fc (0xd03f2423) mem 0x8000d000 0x00000001
core   0: 0x8000b300 (0xff9ff06f) j       pc - 0x8
core   0: 3 0x8000b300 (0xff9ff06f)
core   0: 0x8000b2f8 (0x00002f17) auipc   t5, 0x2
core   0: 3 0x8000b2f8 (0x00002f17) x30 0x8000d2f8
core   0: 0x8000b2fc (0xd03f2423) sw      gp, -760(t5)
core   0: 3 0x8000b2fc (0xd03f2423) mem 0x8000d000 0x00000001
core   0: 0x8000b300 (0xff9ff06f) j       pc - 0x8
core   0: 3 0x8000b300 (0xff9ff06f)
core   0: 0x8000b2f8 (0x00002f17) auipc   t5, 0x2
core   0: 3 0x8000b2f8 (0x00002f17) x30 0x8000d2f8
core   0: 0x8000b2fc (0xd03f2423) sw      gp, -760(t5)
core   0: 3 0x8000b2fc (0xd03f2423) mem 0x8000d000 0x00000001
core   0: 0x8000b300 (0xff9ff06f) j       pc - 0x8
core   0: 3 0x8000b300 (0xff9ff06f)
core   0: 0x8000b2f8 (0x00002f17) auipc   t5, 0x2
core   0: 3 0x8000b2f8 (0x00002f17) x30 0x8000d2f8
core   0: 0x8000b2fc (0xd03f2423) sw      gp, -760(t5)
core   0: 3 0x8000b2fc (0xd03f2423) mem 0x8000d000 0x00000001
core   0: 0x8000b300 (0xff9ff06f) j       pc - 0x8
core   0: 3 0x8000b300 (0xff9ff06f)
core   0: 0x8000b2f8 (0x00002f17) auipc   t5, 0x2
core   0: 3 0x8000b2f8 (0x00002f17) x30 0x8000d2f8
core   0: 0x8000b2fc (0xd03f2423) sw      gp, -760(t5)
core   0: 3 0x8000b2fc (0xd03f2423) mem 0x8000d000 0x00000001
core   0: 0x8000b300 (0xff9ff06f) j       pc - 0x8
core   0: 3 0x8000b300 (0xff9ff06f)
core   0: 0x8000b2f8 (0x00002f17) auipc   t5, 0x2
core   0: 3 0x8000b2f8 (0x00002f17) x30 0x8000d2f8
core   0: 0x8000b2fc (0xd03f2423) sw      gp, -760(t5)
core   0: 3 0x8000b2fc (0xd03f2423) mem 0x8000d000 0x00000001
core   0: 0x8000b300 (0xff9ff06f) j       pc - 0x8
core   0: 3 0x8000b300 (0xff9ff06f)
core   0: 0x8000b2f8 (0x00002f17) auipc   t5, 0x2
core   0: 3 0x8000b2f8 (0x00002f17) x30 0x8000d2f8
core   0: 0x8000b2fc (0xd03f2423) sw      gp, -760(t5)
core   0: 3 0x8000b2fc (0xd03f2423) mem 0x8000d000 0x00000001
core   0: 0x8000b300 (0xff9ff06f) j       pc - 0x8
core   0: 3 0x8000b300 (0xff9ff06f)
core   0: 0x8000b2f8 (0x00002f17) auipc   t5, 0x2
core   0: 3 0x8000b2f8 (0x00002f17) x30 0x8000d2f8
core   0: 0x8000b2fc (0xd03f2423) sw      gp, -760(t5)
core   0: 3 0x8000b2fc (0xd03f2423) mem 0x8000d000 0x00000001
core   0: 0x8000b300 (0xff9ff06f) j       pc - 0x8
core   0: 3 0x8000b300 (0xff9ff06f)
core   0: 0x8000b2f8 (0x00002f17) auipc   t5, 0x2
core   0: 3 0x8000b2f8 (0x00002f17) x30 0x8000d2f8
core   0: 0x8000b2fc (0xd03f2423) sw      gp, -760(t5)
core   0: 3 0x8000b2fc (0xd03f2423) mem 0x8000d000 0x00000001
core   0: 0x8000b300 (0xff9ff06f) j       pc - 0x8
core   0: 3 0x8000b300 (0xff9ff06f)
core   0: 0x8000b2f8 (0x00002f17) auipc   t5, 0x2
core   0: 3 0x8000b2f8 (0x00002f17) x30 0x8000d2f8
core   0: 0x8000b2fc (0xd03f2423) sw      gp, -760(t5)
core   0: 3 0x8000b2fc (0xd03f2423) mem 0x8000d000 0x00000001
core   0: 0x8000b300 (0xff9ff06f) j       pc - 0x8
core   0: 3 0x8000b300 (0xff9ff06f)
core   0: 0x8000b2f8 (0x00002f17) auipc   t5, 0x2
core   0: 3 0x8000b2f8 (0x00002f17) x30 0x8000d2f8
core   0: 0x8000b2fc (0xd03f2423) sw      gp, -760(t5)
core   0: 3 0x8000b2fc (0xd03f2423) mem 0x8000d000 0x00000001
core   0: 0x8000b300 (0xff9ff06f) j       pc - 0x8
core   0: 3 0x8000b300 (0xff9ff06f)
core   0: 0x8000b2f8 (0x00002f17) auipc   t5, 0x2
core   0: 3 0x8000b2f8 (0x00002f17) x30 0x8000d2f8
core   0: 0x8000b2fc (0xd03f2423) sw      gp, -760(t5)
core   0: 3 0x8000b2fc (0xd03f2423) mem 0x8000d000 0x00000001
core   0: 0x8000b300 (0xff9ff06f) j       pc - 0x8
core   0: 3 0x8000b300 (0xff9ff06f)
core   0: 0x8000b2f8 (0x00002f17) auipc   t5, 0x2
core   0: 3 0x8000b2f8 (0x00002f17) x30 0x8000d2f8
core   0: 0x8000b2fc (0xd03f2423) sw      gp, -760(t5)
core   0: 3 0x8000b2fc (0xd03f2423) mem 0x8000d000 0x00000001
core   0: 0x8000b300 (0xff9ff06f) j       pc - 0x8
core   0: 3 0x8000b300 (0xff9ff06f)
core   0: 0x8000b2f8 (0x00002f17) auipc   t5, 0x2
core   0: 3 0x8000b2f8 (0x00002f17) x30 0x8000d2f8
core   0: 0x8000b2fc (0xd03f2423) sw      gp, -760(t5)
core   0: 3 0x8000b2fc (0xd03f2423) mem 0x8000d000 0x00000001
core   0: 0x8000b300 (0xff9ff06f) j       pc - 0x8
core   0: 3 0x8000b300 (0xff9ff06f)
core   0: 0x8000b2f8 (0x00002f17) auipc   t5, 0x2
core   0: 3 0x8000b2f8 (0x00002f17) x30 0x8000d2f8
core   0: 0x8000b2fc (0xd03f2423) sw      gp, -760(t5)
core   0: 3 0x8000b2fc (0xd03f2423) mem 0x8000d000 0x00000001
core   0: 0x8000b300 (0xff9ff06f) j       pc - 0x8
core   0: 3 0x8000b300 (0xff9ff06f)
core   0: 0x8000b2f8 (0x00002f17) auipc   t5, 0x2
core   0: 3 0x8000b2f8 (0x00002f17) x30 0x8000d2f8
core   0: 0x8000b2fc (0xd03f2423) sw      gp, -760(t5)
core   0: 3 0x8000b2fc (0xd03f2423) mem 0x8000d000 0x00000001
core   0: 0x8000b300 (0xff9ff06f) j       pc - 0x8
core   0: 3 0x8000b300 (0xff9ff06f)
core   0: 0x8000b2f8 (0x00002f17) auipc   t5, 0x2
core   0: 3 0x8000b2f8 (0x00002f17) x30 0x8000d2f8
core   0: 0x8000b2fc (0xd03f2423) sw      gp, -760(t5)
core   0: 3 0x8000b2fc (0xd03f2423) mem 0x8000d000 0x00000001
core   0: 0x8000b300 (0xff9ff06f) j       pc - 0x8
core   0: 3 0x8000b300 (0xff9ff06f)
core   0: 0x8000b2f8 (0x00002f17) auipc   t5, 0x2
core   0: 3 0x8000b2f8 (0x00002f17) x30 0x8000d2f8
core   0: 0x8000b2fc (0xd03f2423) sw      gp, -760(t5)
core   0: 3 0x8000b2fc (0xd03f2423) mem 0x8000d000 0x00000001
core   0: 0x8000b300 (0xff9ff06f) j       pc - 0x8
core   0: 3 0x8000b300 (0xff9ff06f)
core   0: 0x8000b2f8 (0x00002f17) auipc   t5, 0x2
core   0: 3 0x8000b2f8 (0x00002f17) x30 0x8000d2f8
core   0: 0x8000b2fc (0xd03f2423) sw      gp, -760(t5)
core   0: 3 0x8000b2fc (0xd03f2423) mem 0x8000d000 0x00000001
core   0: 0x8000b300 (0xff9ff06f) j       pc - 0x8
core   0: 3 0x8000b300 (0xff9ff06f)
core   0: 0x8000b2f8 (0x00002f17) auipc   t5, 0x2
core   0: 3 0x8000b2f8 (0x00002f17) x30 0x8000d2f8
core   0: 0x8000b2fc (0xd03f2423) sw      gp, -760(t5)
core   0: 3 0x8000b2fc (0xd03f2423) mem 0x8000d000 0x00000001
core   0: 0x8000b300 (0xff9ff06f) j       pc - 0x8
core   0: 3 0x8000b300 (0xff9ff06f)
core   0: 0x8000b2f8 (0x00002f17) auipc   t5, 0x2
core   0: 3 0x8000b2f8 (0x00002f17) x30 0x8000d2f8
core   0: 0x8000b2fc (0xd03f2423) sw      gp, -760(t5)
core   0: 3 0x8000b2fc (0xd03f2423) mem 0x8000d000 0x00000001
core   0: 0x8000b300 (0xff9ff06f) j       pc - 0x8
core   0: 3 0x8000b300 (0xff9ff06f)
core   0: 0x8000b2f8 (0x00002f17) auipc   t5, 0x2
core   0: 3 0x8000b2f8 (0x00002f17) x30 0x8000d2f8
core   0: 0x8000b2fc (0xd03f2423) sw      gp, -760(t5)
core   0: 3 0x8000b2fc (0xd03f2423) mem 0x8000d000 0x00000001
core   0: 0x8000b300 (0xff9ff06f) j       pc - 0x8
core   0: 3 0x8000b300 (0xff9ff06f)
core   0: 0x8000b2f8 (0x00002f17) auipc   t5, 0x2
core   0: 3 0x8000b2f8 (0x00002f17) x30 0x8000d2f8
core   0: 0x8000b2fc (0xd03f2423) sw      gp, -760(t5)
core   0: 3 0x8000b2fc (0xd03f2423) mem 0x8000d000 0x00000001
core   0: 0x8000b300 (0xff9ff06f) j       pc - 0x8
core   0: 3 0x8000b300 (0xff9ff06f)
core   0: 0x8000b2f8 (0x00002f17) auipc   t5, 0x2
core   0: 3 0x8000b2f8 (0x00002f17) x30 0x8000d2f8
core   0: 0x8000b2fc (0xd03f2423) sw      gp, -760(t5)
core   0: 3 0x8000b2fc (0xd03f2423) mem 0x8000d000 0x00000001
core   0: 0x8000b300 (0xff9ff06f) j       pc - 0x8
core   0: 3 0x8000b300 (0xff9ff06f)
core   0: 0x8000b2f8 (0x00002f17) auipc   t5, 0x2
core   0: 3 0x8000b2f8 (0x00002f17) x30 0x8000d2f8
core   0: 0x8000b2fc (0xd03f2423) sw      gp, -760(t5)
core   0: 3 0x8000b2fc (0xd03f2423) mem 0x8000d000 0x00000001
core   0: 0x8000b300 (0xff9ff06f) j       pc - 0x8
core   0: 3 0x8000b300 (0xff9ff06f)
core   0: 0x8000b2f8 (0x00002f17) auipc   t5, 0x2
core   0: 3 0x8000b2f8 (0x00002f17) x30 0x8000d2f8
core   0: 0x8000b2fc (0xd03f2423) sw      gp, -760(t5)
core   0: 3 0x8000b2fc (0xd03f2423) mem 0x8000d000 0x00000001
core   0: 0x8000b300 (0xff9ff06f) j       pc - 0x8
core   0: 3 0x8000b300 (0xff9ff06f)
core   0: 0x8000b2f8 (0x00002f17) auipc   t5, 0x2
core   0: 3 0x8000b2f8 (0x00002f17) x30 0x8000d2f8
core   0: 0x8000b2fc (0xd03f2423) sw      gp, -760(t5)
core   0: 3 0x8000b2fc (0xd03f2423) mem 0x8000d000 0x00000001
core   0: 0x8000b300 (0xff9ff06f) j       pc - 0x8
core   0: 3 0x8000b300 (0xff9ff06f)
core   0: 0x8000b2f8 (0x00002f17) auipc   t5, 0x2
core   0: 3 0x8000b2f8 (0x00002f17) x30 0x8000d2f8
core   0: 0x8000b2fc (0xd03f2423) sw      gp, -760(t5)
core   0: 3 0x8000b2fc (0xd03f2423) mem 0x8000d000 0x00000001
core   0: 0x8000b300 (0xff9ff06f) j       pc - 0x8
core   0: 3 0x8000b300 (0xff9ff06f)
core   0: 0x8000b2f8 (0x00002f17) auipc   t5, 0x2
core   0: 3 0x8000b2f8 (0x00002f17) x30 0x8000d2f8
core   0: 0x8000b2fc (0xd03f2423) sw      gp, -760(t5)
core   0: 3 0x8000b2fc (0xd03f2423) mem 0x8000d000 0x00000001
core   0: 0x8000b300 (0xff9ff06f) j       pc - 0x8
core   0: 3 0x8000b300 (0xff9ff06f)
core   0: 0x8000b2f8 (0x00002f17) auipc   t5, 0x2
core   0: 3 0x8000b2f8 (0x00002f17) x30 0x8000d2f8
core   0: 0x8000b2fc (0xd03f2423) sw      gp, -760(t5)
core   0: 3 0x8000b2fc (0xd03f2423) mem 0x8000d000 0x00000001
core   0: 0x8000b300 (0xff9ff06f) j       pc - 0x8
core   0: 3 0x8000b300 (0xff9ff06f)
core   0: 0x8000b2f8 (0x00002f17) auipc   t5, 0x2
core   0: 3 0x8000b2f8 (0x00002f17) x30 0x8000d2f8
core   0: 0x8000b2fc (0xd03f2423) sw      gp, -760(t5)
core   0: 3 0x8000b2fc (0xd03f2423) mem 0x8000d000 0x00000001
core   0: 0x8000b300 (0xff9ff06f) j       pc - 0x8
core   0: 3 0x8000b300 (0xff9ff06f)
core   0: 0x8000b2f8 (0x00002f17) auipc   t5, 0x2
core   0: 3 0x8000b2f8 (0x00002f17) x30 0x8000d2f8
core   0: 0x8000b2fc (0xd03f2423) sw      gp, -760(t5)
core   0: 3 0x8000b2fc (0xd03f2423) mem 0x8000d000 0x00000001
core   0: 0x8000b300 (0xff9ff06f) j       pc - 0x8
core   0: 3 0x8000b300 (0xff9ff06f)
core   0: 0x8000b2f8 (0x00002f17) auipc   t5, 0x2
core   0: 3 0x8000b2f8 (0x00002f17) x30 0x8000d2f8
core   0: 0x8000b2fc (0xd03f2423) sw      gp, -760(t5)
core   0: 3 0x8000b2fc (0xd03f2423) mem 0x8000d000 0x00000001
core   0: 0x8000b300 (0xff9ff06f) j       pc - 0x8
core   0: 3 0x8000b300 (0xff9ff06f)
core   0: 0x8000b2f8 (0x00002f17) auipc   t5, 0x2
core   0: 3 0x8000b2f8 (0x00002f17) x30 0x8000d2f8
core   0: 0x8000b2fc (0xd03f2423) sw      gp, -760(t5)
core   0: 3 0x8000b2fc (0xd03f2423) mem 0x8000d000 0x00000001
core   0: 0x8000b300 (0xff9ff06f) j       pc - 0x8
core   0: 3 0x8000b300 (0xff9ff06f)
core   0: 0x8000b2f8 (0x00002f17) auipc   t5, 0x2
core   0: 3 0x8000b2f8 (0x00002f17) x30 0x8000d2f8
core   0: 0x8000b2fc (0xd03f2423) sw      gp, -760(t5)
core   0: 3 0x8000b2fc (0xd03f2423) mem 0x8000d000 0x00000001
core   0: 0x8000b300 (0xff9ff06f) j       pc - 0x8
core   0: 3 0x8000b300 (0xff9ff06f)
core   0: 0x8000b2f8 (0x00002f17) auipc   t5, 0x2
core   0: 3 0x8000b2f8 (0x00002f17) x30 0x8000d2f8
core   0: 0x8000b2fc (0xd03f2423) sw      gp, -760(t5)
core   0: 3 0x8000b2fc (0xd03f2423) mem 0x8000d000 0x00000001
core   0: 0x8000b300 (0xff9ff06f) j       pc - 0x8
core   0: 3 0x8000b300 (0xff9ff06f)
core   0: 0x8000b2f8 (0x00002f17) auipc   t5, 0x2
core   0: 3 0x8000b2f8 (0x00002f17) x30 0x8000d2f8
core   0: 0x8000b2fc (0xd03f2423) sw      gp, -760(t5)
core   0: 3 0x8000b2fc (0xd03f2423) mem 0x8000d000 0x00000001
core   0: 0x8000b300 (0xff9ff06f) j       pc - 0x8
core   0: 3 0x8000b300 (0xff9ff06f)
core   0: 0x8000b2f8 (0x00002f17) auipc   t5, 0x2
core   0: 3 0x8000b2f8 (0x00002f17) x30 0x8000d2f8
core   0: 0x8000b2fc (0xd03f2423) sw      gp, -760(t5)
core   0: 3 0x8000b2fc (0xd03f2423) mem 0x8000d000 0x00000001
core   0: 0x8000b300 (0xff9ff06f) j       pc - 0x8
core   0: 3 0x8000b300 (0xff9ff06f)
core   0: 0x8000b2f8 (0x00002f17) auipc   t5, 0x2
core   0: 3 0x8000b2f8 (0x00002f17) x30 0x8000d2f8
core   0: 0x8000b2fc (0xd03f2423) sw      gp, -760(t5)
core   0: 3 0x8000b2fc (0xd03f2423) mem 0x8000d000 0x00000001
core   0: 0x8000b300 (0xff9ff06f) j       pc - 0x8
core   0: 3 0x8000b300 (0xff9ff06f)
core   0: 0x8000b2f8 (0x00002f17) auipc   t5, 0x2
core   0: 3 0x8000b2f8 (0x00002f17) x30 0x8000d2f8
core   0: 0x8000b2fc (0xd03f2423) sw      gp, -760(t5)
core   0: 3 0x8000b2fc (0xd03f2423) mem 0x8000d000 0x00000001
core   0: 0x8000b300 (0xff9ff06f) j       pc - 0x8
core   0: 3 0x8000b300 (0xff9ff06f)
core   0: 0x8000b2f8 (0x00002f17) auipc   t5, 0x2
core   0: 3 0x8000b2f8 (0x00002f17) x30 0x8000d2f8
core   0: 0x8000b2fc (0xd03f2423) sw      gp, -760(t5)
core   0: 3 0x8000b2fc (0xd03f2423) mem 0x8000d000 0x00000001
core   0: 0x8000b300 (0xff9ff06f) j       pc - 0x8
core   0: 3 0x8000b300 (0xff9ff06f)
core   0: 0x8000b2f8 (0x00002f17) auipc   t5, 0x2
core   0: 3 0x8000b2f8 (0x00002f17) x30 0x8000d2f8
core   0: 0x8000b2fc (0xd03f2423) sw      gp, -760(t5)
core   0: 3 0x8000b2fc (0xd03f2423) mem 0x8000d000 0x00000001
core   0: 0x8000b300 (0xff9ff06f) j       pc - 0x8
core   0: 3 0x8000b300 (0xff9ff06f)
core   0: 0x8000b2f8 (0x00002f17) auipc   t5, 0x2
core   0: 3 0x8000b2f8 (0x00002f17) x30 0x8000d2f8
core   0: 0x8000b2fc (0xd03f2423) sw      gp, -760(t5)
core   0: 3 0x8000b2fc (0xd03f2423) mem 0x8000d000 0x00000001
core   0: 0x8000b300 (0xff9ff06f) j       pc - 0x8
core   0: 3 0x8000b300 (0xff9ff06f)
core   0: 0x8000b2f8 (0x00002f17) auipc   t5, 0x2
core   0: 3 0x8000b2f8 (0x00002f17) x30 0x8000d2f8
core   0: 0x8000b2fc (0xd03f2423) sw      gp, -760(t5)
core   0: 3 0x8000b2fc (0xd03f2423) mem 0x8000d000 0x00000001
core   0: 0x8000b300 (0xff9ff06f) j       pc - 0x8
core   0: 3 0x8000b300 (0xff9ff06f)
core   0: 0x8000b2f8 (0x00002f17) auipc   t5, 0x2
core   0: 3 0x8000b2f8 (0x00002f17) x30 0x8000d2f8
core   0: 0x8000b2fc (0xd03f2423) sw      gp, -760(t5)
core   0: 3 0x8000b2fc (0xd03f2423) mem 0x8000d000 0x00000001
core   0: 0x8000b300 (0xff9ff06f) j       pc - 0x8
core   0: 3 0x8000b300 (0xff9ff06f)
core   0: 0x8000b2f8 (0x00002f17) auipc   t5, 0x2
core   0: 3 0x8000b2f8 (0x00002f17) x30 0x8000d2f8
core   0: 0x8000b2fc (0xd03f2423) sw      gp, -760(t5)
core   0: 3 0x8000b2fc (0xd03f2423) mem 0x8000d000 0x00000001
core   0: 0x8000b300 (0xff9ff06f) j       pc - 0x8
core   0: 3 0x8000b300 (0xff9ff06f)
core   0: 0x8000b2f8 (0x00002f17) auipc   t5, 0x2
core   0: 3 0x8000b2f8 (0x00002f17) x30 0x8000d2f8
core   0: 0x8000b2fc (0xd03f2423) sw      gp, -760(t5)
core   0: 3 0x8000b2fc (0xd03f2423) mem 0x8000d000 0x00000001
core   0: 0x8000b300 (0xff9ff06f) j       pc - 0x8
core   0: 3 0x8000b300 (0xff9ff06f)
core   0: 0x8000b2f8 (0x00002f17) auipc   t5, 0x2
core   0: 3 0x8000b2f8 (0x00002f17) x30 0x8000d2f8
core   0: 0x8000b2fc (0xd03f2423) sw      gp, -760(t5)
core   0: 3 0x8000b2fc (0xd03f2423) mem 0x8000d000 0x00000001
core   0: 0x8000b300 (0xff9ff06f) j       pc - 0x8
core   0: 3 0x8000b300 (0xff9ff06f)
core   0: 0x8000b2f8 (0x00002f17) auipc   t5, 0x2
core   0: 3 0x8000b2f8 (0x00002f17) x30 0x8000d2f8
core   0: 0x8000b2fc (0xd03f2423) sw      gp, -760(t5)
core   0: 3 0x8000b2fc (0xd03f2423) mem 0x8000d000 0x00000001
core   0: 0x8000b300 (0xff9ff06f) j       pc - 0x8
core   0: 3 0x8000b300 (0xff9ff06f)
core   0: 0x8000b2f8 (0x00002f17) auipc   t5, 0x2
core   0: 3 0x8000b2f8 (0x00002f17) x30 0x8000d2f8
core   0: 0x8000b2fc (0xd03f2423) sw      gp, -760(t5)
core   0: 3 0x8000b2fc (0xd03f2423) mem 0x8000d000 0x00000001
core   0: 0x8000b300 (0xff9ff06f) j       pc - 0x8
core   0: 3 0x8000b300 (0xff9ff06f)
core   0: 0x8000b2f8 (0x00002f17) auipc   t5, 0x2
core   0: 3 0x8000b2f8 (0x00002f17) x30 0x8000d2f8
core   0: 0x8000b2fc (0xd03f2423) sw      gp, -760(t5)
core   0: 3 0x8000b2fc (0xd03f2423) mem 0x8000d000 0x00000001
core   0: 0x8000b300 (0xff9ff06f) j       pc - 0x8
core   0: 3 0x8000b300 (0xff9ff06f)
core   0: 0x8000b2f8 (0x00002f17) auipc   t5, 0x2
core   0: 3 0x8000b2f8 (0x00002f17) x30 0x8000d2f8
core   0: 0x8000b2fc (0xd03f2423) sw      gp, -760(t5)
core   0: 3 0x8000b2fc (0xd03f2423) mem 0x8000d000 0x00000001
core   0: 0x8000b300 (0xff9ff06f) j       pc - 0x8
core   0: 3 0x8000b300 (0xff9ff06f)
core   0: 0x8000b2f8 (0x00002f17) auipc   t5, 0x2
core   0: 3 0x8000b2f8 (0x00002f17) x30 0x8000d2f8
core   0: 0x8000b2fc (0xd03f2423) sw      gp, -760(t5)
core   0: 3 0x8000b2fc (0xd03f2423) mem 0x8000d000 0x00000001
core   0: 0x8000b300 (0xff9ff06f) j       pc - 0x8
core   0: 3 0x8000b300 (0xff9ff06f)
core   0: 0x8000b2f8 (0x00002f17) auipc   t5, 0x2
core   0: 3 0x8000b2f8 (0x00002f17) x30 0x8000d2f8
core   0: 0x8000b2fc (0xd03f2423) sw      gp, -760(t5)
core   0: 3 0x8000b2fc (0xd03f2423) mem 0x8000d000 0x00000001
core   0: 0x8000b300 (0xff9ff06f) j       pc - 0x8
core   0: 3 0x8000b300 (0xff9ff06f)
core   0: 0x8000b2f8 (0x00002f17) auipc   t5, 0x2
core   0: 3 0x8000b2f8 (0x00002f17) x30 0x8000d2f8
core   0: 0x8000b2fc (0xd03f2423) sw      gp, -760(t5)
core   0: 3 0x8000b2fc (0xd03f2423) mem 0x8000d000 0x00000001
core   0: 0x8000b300 (0xff9ff06f) j       pc - 0x8
core   0: 3 0x8000b300 (0xff9ff06f)
core   0: 0x8000b2f8 (0x00002f17) auipc   t5, 0x2
core   0: 3 0x8000b2f8 (0x00002f17) x30 0x8000d2f8
core   0: 0x8000b2fc (0xd03f2423) sw      gp, -760(t5)
core   0: 3 0x8000b2fc (0xd03f2423) mem 0x8000d000 0x00000001
core   0: 0x8000b300 (0xff9ff06f) j       pc - 0x8
core   0: 3 0x8000b300 (0xff9ff06f)
core   0: 0x8000b2f8 (0x00002f17) auipc   t5, 0x2
core   0: 3 0x8000b2f8 (0x00002f17) x30 0x8000d2f8
core   0: 0x8000b2fc (0xd03f2423) sw      gp, -760(t5)
core   0: 3 0x8000b2fc (0xd03f2423) mem 0x8000d000 0x00000001
core   0: 0x8000b300 (0xff9ff06f) j       pc - 0x8
core   0: 3 0x8000b300 (0xff9ff06f)
core   0: 0x8000b2f8 (0x00002f17) auipc   t5, 0x2
core   0: 3 0x8000b2f8 (0x00002f17) x30 0x8000d2f8
core   0: 0x8000b2fc (0xd03f2423) sw      gp, -760(t5)
core   0: 3 0x8000b2fc (0xd03f2423) mem 0x8000d000 0x00000001
core   0: 0x8000b300 (0xff9ff06f) j       pc - 0x8
core   0: 3 0x8000b300 (0xff9ff06f)
core   0: 0x8000b2f8 (0x00002f17) auipc   t5, 0x2
core   0: 3 0x8000b2f8 (0x00002f17) x30 0x8000d2f8
core   0: 0x8000b2fc (0xd03f2423) sw      gp, -760(t5)
core   0: 3 0x8000b2fc (0xd03f2423) mem 0x8000d000 0x00000001
core   0: 0x8000b300 (0xff9ff06f) j       pc - 0x8
core   0: 3 0x8000b300 (0xff9ff06f)
core   0: 0x8000b2f8 (0x00002f17) auipc   t5, 0x2
core   0: 3 0x8000b2f8 (0x00002f17) x30 0x8000d2f8
core   0: 0x8000b2fc (0xd03f2423) sw      gp, -760(t5)
core   0: 3 0x8000b2fc (0xd03f2423) mem 0x8000d000 0x00000001
core   0: 0x8000b300 (0xff9ff06f) j       pc - 0x8
core   0: 3 0x8000b300 (0xff9ff06f)
core   0: 0x8000b2f8 (0x00002f17) auipc   t5, 0x2
core   0: 3 0x8000b2f8 (0x00002f17) x30 0x8000d2f8
core   0: 0x8000b2fc (0xd03f2423) sw      gp, -760(t5)
core   0: 3 0x8000b2fc (0xd03f2423) mem 0x8000d000 0x00000001
core   0: 0x8000b300 (0xff9ff06f) j       pc - 0x8
core   0: 3 0x8000b300 (0xff9ff06f)
core   0: 0x8000b2f8 (0x00002f17) auipc   t5, 0x2
core   0: 3 0x8000b2f8 (0x00002f17) x30 0x8000d2f8
core   0: 0x8000b2fc (0xd03f2423) sw      gp, -760(t5)
core   0: 3 0x8000b2fc (0xd03f2423) mem 0x8000d000 0x00000001
core   0: 0x8000b300 (0xff9ff06f) j       pc - 0x8
core   0: 3 0x8000b300 (0xff9ff06f)
core   0: 0x8000b2f8 (0x00002f17) auipc   t5, 0x2
core   0: 3 0x8000b2f8 (0x00002f17) x30 0x8000d2f8
core   0: 0x8000b2fc (0xd03f2423) sw      gp, -760(t5)
core   0: 3 0x8000b2fc (0xd03f2423) mem 0x8000d000 0x00000001
core   0: 0x8000b300 (0xff9ff06f) j       pc - 0x8
core   0: 3 0x8000b300 (0xff9ff06f)
core   0: 0x8000b2f8 (0x00002f17) auipc   t5, 0x2
core   0: 3 0x8000b2f8 (0x00002f17) x30 0x8000d2f8
core   0: 0x8000b2fc (0xd03f2423) sw      gp, -760(t5)
core   0: 3 0x8000b2fc (0xd03f2423) mem 0x8000d000 0x00000001
core   0: 0x8000b300 (0xff9ff06f) j       pc - 0x8
core   0: 3 0x8000b300 (0xff9ff06f)
core   0: 0x8000b2f8 (0x00002f17) auipc   t5, 0x2
core   0: 3 0x8000b2f8 (0x00002f17) x30 0x8000d2f8
core   0: 0x8000b2fc (0xd03f2423) sw      gp, -760(t5)
core   0: 3 0x8000b2fc (0xd03f2423) mem 0x8000d000 0x00000001
core   0: 0x8000b300 (0xff9ff06f) j       pc - 0x8
core   0: 3 0x8000b300 (0xff9ff06f)
core   0: 0x8000b2f8 (0x00002f17) auipc   t5, 0x2
core   0: 3 0x8000b2f8 (0x00002f17) x30 0x8000d2f8
core   0: 0x8000b2fc (0xd03f2423) sw      gp, -760(t5)
core   0: 3 0x8000b2fc (0xd03f2423) mem 0x8000d000 0x00000001
core   0: 0x8000b300 (0xff9ff06f) j       pc - 0x8
core   0: 3 0x8000b300 (0xff9ff06f)
core   0: 0x8000b2f8 (0x00002f17) auipc   t5, 0x2
core   0: 3 0x8000b2f8 (0x00002f17) x30 0x8000d2f8
core   0: 0x8000b2fc (0xd03f2423) sw      gp, -760(t5)
core   0: 3 0x8000b2fc (0xd03f2423) mem 0x8000d000 0x00000001
core   0: 0x8000b300 (0xff9ff06f) j       pc - 0x8
core   0: 3 0x8000b300 (0xff9ff06f)
core   0: 0x8000b2f8 (0x00002f17) auipc   t5, 0x2
core   0: 3 0x8000b2f8 (0x00002f17) x30 0x8000d2f8
core   0: 0x8000b2fc (0xd03f2423) sw      gp, -760(t5)
core   0: 3 0x8000b2fc (0xd03f2423) mem 0x8000d000 0x00000001
core   0: 0x8000b300 (0xff9ff06f) j       pc - 0x8
core   0: 3 0x8000b300 (0xff9ff06f)
core   0: 0x8000b2f8 (0x00002f17) auipc   t5, 0x2
core   0: 3 0x8000b2f8 (0x00002f17) x30 0x8000d2f8
core   0: 0x8000b2fc (0xd03f2423) sw      gp, -760(t5)
core   0: 3 0x8000b2fc (0xd03f2423) mem 0x8000d000 0x00000001
core   0: 0x8000b300 (0xff9ff06f) j       pc - 0x8
core   0: 3 0x8000b300 (0xff9ff06f)
core   0: 0x8000b2f8 (0x00002f17) auipc   t5, 0x2
core   0: 3 0x8000b2f8 (0x00002f17) x30 0x8000d2f8
core   0: 0x8000b2fc (0xd03f2423) sw      gp, -760(t5)
core   0: 3 0x8000b2fc (0xd03f2423) mem 0x8000d000 0x00000001
core   0: 0x8000b300 (0xff9ff06f) j       pc - 0x8
core   0: 3 0x8000b300 (0xff9ff06f)
core   0: 0x8000b2f8 (0x00002f17) auipc   t5, 0x2
core   0: 3 0x8000b2f8 (0x00002f17) x30 0x8000d2f8
core   0: 0x8000b2fc (0xd03f2423) sw      gp, -760(t5)
core   0: 3 0x8000b2fc (0xd03f2423) mem 0x8000d000 0x00000001
core   0: 0x8000b300 (0xff9ff06f) j       pc - 0x8
core   0: 3 0x8000b300 (0xff9ff06f)
core   0: 0x8000b2f8 (0x00002f17) auipc   t5, 0x2
core   0: 3 0x8000b2f8 (0x00002f17) x30 0x8000d2f8
core   0: 0x8000b2fc (0xd03f2423) sw      gp, -760(t5)
core   0: 3 0x8000b2fc (0xd03f2423) mem 0x8000d000 0x00000001
core   0: 0x8000b300 (0xff9ff06f) j       pc - 0x8
core   0: 3 0x8000b300 (0xff9ff06f)
core   0: 0x8000b2f8 (0x00002f17) auipc   t5, 0x2
core   0: 3 0x8000b2f8 (0x00002f17) x30 0x8000d2f8
core   0: 0x8000b2fc (0xd03f2423) sw      gp, -760(t5)
core   0: 3 0x8000b2fc (0xd03f2423) mem 0x8000d000 0x00000001
core   0: 0x8000b300 (0xff9ff06f) j       pc - 0x8
core   0: 3 0x8000b300 (0xff9ff06f)
core   0: 0x8000b2f8 (0x00002f17) auipc   t5, 0x2
core   0: 3 0x8000b2f8 (0x00002f17) x30 0x8000d2f8
core   0: 0x8000b2fc (0xd03f2423) sw      gp, -760(t5)
core   0: 3 0x8000b2fc (0xd03f2423) mem 0x8000d000 0x00000001
core   0: 0x8000b300 (0xff9ff06f) j       pc - 0x8
core   0: 3 0x8000b300 (0xff9ff06f)
core   0: 0x8000b2f8 (0x00002f17) auipc   t5, 0x2
core   0: 3 0x8000b2f8 (0x00002f17) x30 0x8000d2f8
core   0: 0x8000b2fc (0xd03f2423) sw      gp, -760(t5)
core   0: 3 0x8000b2fc (0xd03f2423) mem 0x8000d000 0x00000001
core   0: 0x8000b300 (0xff9ff06f) j       pc - 0x8
core   0: 3 0x8000b300 (0xff9ff06f)
core   0: 0x8000b2f8 (0x00002f17) auipc   t5, 0x2
core   0: 3 0x8000b2f8 (0x00002f17) x30 0x8000d2f8
core   0: 0x8000b2fc (0xd03f2423) sw      gp, -760(t5)
core   0: 3 0x8000b2fc (0xd03f2423) mem 0x8000d000 0x00000001
core   0: 0x8000b300 (0xff9ff06f) j       pc - 0x8
core   0: 3 0x8000b300 (0xff9ff06f)
core   0: 0x8000b2f8 (0x00002f17) auipc   t5, 0x2
core   0: 3 0x8000b2f8 (0x00002f17) x30 0x8000d2f8
core   0: 0x8000b2fc (0xd03f2423) sw      gp, -760(t5)
core   0: 3 0x8000b2fc (0xd03f2423) mem 0x8000d000 0x00000001
core   0: 0x8000b300 (0xff9ff06f) j       pc - 0x8
core   0: 3 0x8000b300 (0xff9ff06f)
core   0: 0x8000b2f8 (0x00002f17) auipc   t5, 0x2
core   0: 3 0x8000b2f8 (0x00002f17) x30 0x8000d2f8
core   0: 0x8000b2fc (0xd03f2423) sw      gp, -760(t5)
core   0: 3 0x8000b2fc (0xd03f2423) mem 0x8000d000 0x00000001
core   0: 0x8000b300 (0xff9ff06f) j       pc - 0x8
core   0: 3 0x8000b300 (0xff9ff06f)
core   0: 0x8000b2f8 (0x00002f17) auipc   t5, 0x2
core   0: 3 0x8000b2f8 (0x00002f17) x30 0x8000d2f8
core   0: 0x8000b2fc (0xd03f2423) sw      gp, -760(t5)
core   0: 3 0x8000b2fc (0xd03f2423) mem 0x8000d000 0x00000001
core   0: 0x8000b300 (0xff9ff06f) j       pc - 0x8
core   0: 3 0x8000b300 (0xff9ff06f)
core   0: 0x8000b2f8 (0x00002f17) auipc   t5, 0x2
core   0: 3 0x8000b2f8 (0x00002f17) x30 0x8000d2f8
core   0: 0x8000b2fc (0xd03f2423) sw      gp, -760(t5)
core   0: 3 0x8000b2fc (0xd03f2423) mem 0x8000d000 0x00000001
core   0: 0x8000b300 (0xff9ff06f) j       pc - 0x8
core   0: 3 0x8000b300 (0xff9ff06f)
core   0: 0x8000b2f8 (0x00002f17) auipc   t5, 0x2
core   0: 3 0x8000b2f8 (0x00002f17) x30 0x8000d2f8
core   0: 0x8000b2fc (0xd03f2423) sw      gp, -760(t5)
core   0: 3 0x8000b2fc (0xd03f2423) mem 0x8000d000 0x00000001
core   0: 0x8000b300 (0xff9ff06f) j       pc - 0x8
core   0: 3 0x8000b300 (0xff9ff06f)
core   0: 0x8000b2f8 (0x00002f17) auipc   t5, 0x2
core   0: 3 0x8000b2f8 (0x00002f17) x30 0x8000d2f8
core   0: 0x8000b2fc (0xd03f2423) sw      gp, -760(t5)
core   0: 3 0x8000b2fc (0xd03f2423) mem 0x8000d000 0x00000001
core   0: 0x8000b300 (0xff9ff06f) j       pc - 0x8
core   0: 3 0x8000b300 (0xff9ff06f)
core   0: 0x8000b2f8 (0x00002f17) auipc   t5, 0x2
core   0: 3 0x8000b2f8 (0x00002f17) x30 0x8000d2f8
core   0: 0x8000b2fc (0xd03f2423) sw      gp, -760(t5)
core   0: 3 0x8000b2fc (0xd03f2423) mem 0x8000d000 0x00000001
core   0: 0x8000b300 (0xff9ff06f) j       pc - 0x8
core   0: 3 0x8000b300 (0xff9ff06f)
core   0: 0x8000b2f8 (0x00002f17) auipc   t5, 0x2
core   0: 3 0x8000b2f8 (0x00002f17) x30 0x8000d2f8
core   0: 0x8000b2fc (0xd03f2423) sw      gp, -760(t5)
core   0: 3 0x8000b2fc (0xd03f2423) mem 0x8000d000 0x00000001
core   0: 0x8000b300 (0xff9ff06f) j       pc - 0x8
core   0: 3 0x8000b300 (0xff9ff06f)
core   0: 0x8000b2f8 (0x00002f17) auipc   t5, 0x2
core   0: 3 0x8000b2f8 (0x00002f17) x30 0x8000d2f8
core   0: 0x8000b2fc (0xd03f2423) sw      gp, -760(t5)
core   0: 3 0x8000b2fc (0xd03f2423) mem 0x8000d000 0x00000001
core   0: 0x8000b300 (0xff9ff06f) j       pc - 0x8
core   0: 3 0x8000b300 (0xff9ff06f)
core   0: 0x8000b2f8 (0x00002f17) auipc   t5, 0x2
core   0: 3 0x8000b2f8 (0x00002f17) x30 0x8000d2f8
core   0: 0x8000b2fc (0xd03f2423) sw      gp, -760(t5)
core   0: 3 0x8000b2fc (0xd03f2423) mem 0x8000d000 0x00000001
core   0: 0x8000b300 (0xff9ff06f) j       pc - 0x8
core   0: 3 0x8000b300 (0xff9ff06f)
core   0: 0x8000b2f8 (0x00002f17) auipc   t5, 0x2
core   0: 3 0x8000b2f8 (0x00002f17) x30 0x8000d2f8
core   0: 0x8000b2fc (0xd03f2423) sw      gp, -760(t5)
core   0: 3 0x8000b2fc (0xd03f2423) mem 0x8000d000 0x00000001
core   0: 0x8000b300 (0xff9ff06f) j       pc - 0x8
core   0: 3 0x8000b300 (0xff9ff06f)
core   0: 0x8000b2f8 (0x00002f17) auipc   t5, 0x2
core   0: 3 0x8000b2f8 (0x00002f17) x30 0x8000d2f8
core   0: 0x8000b2fc (0xd03f2423) sw      gp, -760(t5)
core   0: 3 0x8000b2fc (0xd03f2423) mem 0x8000d000 0x00000001
core   0: 0x8000b300 (0xff9ff06f) j       pc - 0x8
core   0: 3 0x8000b300 (0xff9ff06f)
core   0: 0x8000b2f8 (0x00002f17) auipc   t5, 0x2
core   0: 3 0x8000b2f8 (0x00002f17) x30 0x8000d2f8
core   0: 0x8000b2fc (0xd03f2423) sw      gp, -760(t5)
core   0: 3 0x8000b2fc (0xd03f2423) mem 0x8000d000 0x00000001
core   0: 0x8000b300 (0xff9ff06f) j       pc - 0x8
core   0: 3 0x8000b300 (0xff9ff06f)
core   0: 0x8000b2f8 (0x00002f17) auipc   t5, 0x2
core   0: 3 0x8000b2f8 (0x00002f17) x30 0x8000d2f8
core   0: 0x8000b2fc (0xd03f2423) sw      gp, -760(t5)
core   0: 3 0x8000b2fc (0xd03f2423) mem 0x8000d000 0x00000001
core   0: 0x8000b300 (0xff9ff06f) j       pc - 0x8
core   0: 3 0x8000b300 (0xff9ff06f)
core   0: 0x8000b2f8 (0x00002f17) auipc   t5, 0x2
core   0: 3 0x8000b2f8 (0x00002f17) x30 0x8000d2f8
core   0: 0x8000b2fc (0xd03f2423) sw      gp, -760(t5)
core   0: 3 0x8000b2fc (0xd03f2423) mem 0x8000d000 0x00000001
core   0: 0x8000b300 (0xff9ff06f) j       pc - 0x8
core   0: 3 0x8000b300 (0xff9ff06f)
core   0: 0x8000b2f8 (0x00002f17) auipc   t5, 0x2
core   0: 3 0x8000b2f8 (0x00002f17) x30 0x8000d2f8
core   0: 0x8000b2fc (0xd03f2423) sw      gp, -760(t5)
core   0: 3 0x8000b2fc (0xd03f2423) mem 0x8000d000 0x00000001
core   0: 0x8000b300 (0xff9ff06f) j       pc - 0x8
core   0: 3 0x8000b300 (0xff9ff06f)
core   0: 0x8000b2f8 (0x00002f17) auipc   t5, 0x2
core   0: 3 0x8000b2f8 (0x00002f17) x30 0x8000d2f8
core   0: 0x8000b2fc (0xd03f2423) sw      gp, -760(t5)
core   0: 3 0x8000b2fc (0xd03f2423) mem 0x8000d000 0x00000001
core   0: 0x8000b300 (0xff9ff06f) j       pc - 0x8
core   0: 3 0x8000b300 (0xff9ff06f)
core   0: 0x8000b2f8 (0x00002f17) auipc   t5, 0x2
core   0: 3 0x8000b2f8 (0x00002f17) x30 0x8000d2f8
core   0: 0x8000b2fc (0xd03f2423) sw      gp, -760(t5)
core   0: 3 0x8000b2fc (0xd03f2423) mem 0x8000d000 0x00000001
core   0: 0x8000b300 (0xff9ff06f) j       pc - 0x8
core   0: 3 0x8000b300 (0xff9ff06f)
core   0: 0x8000b2f8 (0x00002f17) auipc   t5, 0x2
core   0: 3 0x8000b2f8 (0x00002f17) x30 0x8000d2f8
core   0: 0x8000b2fc (0xd03f2423) sw      gp, -760(t5)
core   0: 3 0x8000b2fc (0xd03f2423) mem 0x8000d000 0x00000001
core   0: 0x8000b300 (0xff9ff06f) j       pc - 0x8
core   0: 3 0x8000b300 (0xff9ff06f)
core   0: 0x8000b2f8 (0x00002f17) auipc   t5, 0x2
core   0: 3 0x8000b2f8 (0x00002f17) x30 0x8000d2f8
core   0: 0x8000b2fc (0xd03f2423) sw      gp, -760(t5)
core   0: 3 0x8000b2fc (0xd03f2423) mem 0x8000d000 0x00000001
core   0: 0x8000b300 (0xff9ff06f) j       pc - 0x8
core   0: 3 0x8000b300 (0xff9ff06f)
core   0: 0x8000b2f8 (0x00002f17) auipc   t5, 0x2
core   0: 3 0x8000b2f8 (0x00002f17) x30 0x8000d2f8
core   0: 0x8000b2fc (0xd03f2423) sw      gp, -760(t5)
core   0: 3 0x8000b2fc (0xd03f2423) mem 0x8000d000 0x00000001
core   0: 0x8000b300 (0xff9ff06f) j       pc - 0x8
core   0: 3 0x8000b300 (0xff9ff06f)
core   0: 0x8000b2f8 (0x00002f17) auipc   t5, 0x2
core   0: 3 0x8000b2f8 (0x00002f17) x30 0x8000d2f8
core   0: 0x8000b2fc (0xd03f2423) sw      gp, -760(t5)
core   0: 3 0x8000b2fc (0xd03f2423) mem 0x8000d000 0x00000001
core   0: 0x8000b300 (0xff9ff06f) j       pc - 0x8
core   0: 3 0x8000b300 (0xff9ff06f)
core   0: 0x8000b2f8 (0x00002f17) auipc   t5, 0x2
core   0: 3 0x8000b2f8 (0x00002f17) x30 0x8000d2f8
core   0: 0x8000b2fc (0xd03f2423) sw      gp, -760(t5)
core   0: 3 0x8000b2fc (0xd03f2423) mem 0x8000d000 0x00000001
core   0: 0x8000b300 (0xff9ff06f) j       pc - 0x8
core   0: 3 0x8000b300 (0xff9ff06f)
core   0: 0x8000b2f8 (0x00002f17) auipc   t5, 0x2
core   0: 3 0x8000b2f8 (0x00002f17) x30 0x8000d2f8
core   0: 0x8000b2fc (0xd03f2423) sw      gp, -760(t5)
core   0: 3 0x8000b2fc (0xd03f2423) mem 0x8000d000 0x00000001
core   0: 0x8000b300 (0xff9ff06f) j       pc - 0x8
core   0: 3 0x8000b300 (0xff9ff06f)
core   0: 0x8000b2f8 (0x00002f17) auipc   t5, 0x2
core   0: 3 0x8000b2f8 (0x00002f17) x30 0x8000d2f8
core   0: 0x8000b2fc (0xd03f2423) sw      gp, -760(t5)
core   0: 3 0x8000b2fc (0xd03f2423) mem 0x8000d000 0x00000001
core   0: 0x8000b300 (0xff9ff06f) j       pc - 0x8
core   0: 3 0x8000b300 (0xff9ff06f)
core   0: 0x8000b2f8 (0x00002f17) auipc   t5, 0x2
core   0: 3 0x8000b2f8 (0x00002f17) x30 0x8000d2f8
core   0: 0x8000b2fc (0xd03f2423) sw      gp, -760(t5)
core   0: 3 0x8000b2fc (0xd03f2423) mem 0x8000d000 0x00000001
core   0: 0x8000b300 (0xff9ff06f) j       pc - 0x8
core   0: 3 0x8000b300 (0xff9ff06f)
core   0: 0x8000b2f8 (0x00002f17) auipc   t5, 0x2
core   0: 3 0x8000b2f8 (0x00002f17) x30 0x8000d2f8
core   0: 0x8000b2fc (0xd03f2423) sw      gp, -760(t5)
core   0: 3 0x8000b2fc (0xd03f2423) mem 0x8000d000 0x00000001
core   0: 0x8000b300 (0xff9ff06f) j       pc - 0x8
core   0: 3 0x8000b300 (0xff9ff06f)
core   0: 0x8000b2f8 (0x00002f17) auipc   t5, 0x2
core   0: 3 0x8000b2f8 (0x00002f17) x30 0x8000d2f8
core   0: 0x8000b2fc (0xd03f2423) sw      gp, -760(t5)
core   0: 3 0x8000b2fc (0xd03f2423) mem 0x8000d000 0x00000001
core   0: 0x8000b300 (0xff9ff06f) j       pc - 0x8
core   0: 3 0x8000b300 (0xff9ff06f)
core   0: 0x8000b2f8 (0x00002f17) auipc   t5, 0x2
core   0: 3 0x8000b2f8 (0x00002f17) x30 0x8000d2f8
core   0: 0x8000b2fc (0xd03f2423) sw      gp, -760(t5)
core   0: 3 0x8000b2fc (0xd03f2423) mem 0x8000d000 0x00000001
core   0: 0x8000b300 (0xff9ff06f) j       pc - 0x8
core   0: 3 0x8000b300 (0xff9ff06f)
core   0: 0x8000b2f8 (0x00002f17) auipc   t5, 0x2
core   0: 3 0x8000b2f8 (0x00002f17) x30 0x8000d2f8
core   0: 0x8000b2fc (0xd03f2423) sw      gp, -760(t5)
core   0: 3 0x8000b2fc (0xd03f2423) mem 0x8000d000 0x00000001
core   0: 0x8000b300 (0xff9ff06f) j       pc - 0x8
core   0: 3 0x8000b300 (0xff9ff06f)
core   0: 0x8000b2f8 (0x00002f17) auipc   t5, 0x2
core   0: 3 0x8000b2f8 (0x00002f17) x30 0x8000d2f8
core   0: 0x8000b2fc (0xd03f2423) sw      gp, -760(t5)
core   0: 3 0x8000b2fc (0xd03f2423) mem 0x8000d000 0x00000001
core   0: 0x8000b300 (0xff9ff06f) j       pc - 0x8
core   0: 3 0x8000b300 (0xff9ff06f)
core   0: 0x8000b2f8 (0x00002f17) auipc   t5, 0x2
core   0: 3 0x8000b2f8 (0x00002f17) x30 0x8000d2f8
core   0: 0x8000b2fc (0xd03f2423) sw      gp, -760(t5)
core   0: 3 0x8000b2fc (0xd03f2423) mem 0x8000d000 0x00000001
core   0: 0x8000b300 (0xff9ff06f) j       pc - 0x8
core   0: 3 0x8000b300 (0xff9ff06f)
core   0: 0x8000b2f8 (0x00002f17) auipc   t5, 0x2
core   0: 3 0x8000b2f8 (0x00002f17) x30 0x8000d2f8
core   0: 0x8000b2fc (0xd03f2423) sw      gp, -760(t5)
core   0: 3 0x8000b2fc (0xd03f2423) mem 0x8000d000 0x00000001
core   0: 0x8000b300 (0xff9ff06f) j       pc - 0x8
core   0: 3 0x8000b300 (0xff9ff06f)
core   0: 0x8000b2f8 (0x00002f17) auipc   t5, 0x2
core   0: 3 0x8000b2f8 (0x00002f17) x30 0x8000d2f8
core   0: 0x8000b2fc (0xd03f2423) sw      gp, -760(t5)
core   0: 3 0x8000b2fc (0xd03f2423) mem 0x8000d000 0x00000001
core   0: 0x8000b300 (0xff9ff06f) j       pc - 0x8
core   0: 3 0x8000b300 (0xff9ff06f)
core   0: 0x8000b2f8 (0x00002f17) auipc   t5, 0x2
core   0: 3 0x8000b2f8 (0x00002f17) x30 0x8000d2f8
core   0: 0x8000b2fc (0xd03f2423) sw      gp, -760(t5)
core   0: 3 0x8000b2fc (0xd03f2423) mem 0x8000d000 0x00000001
core   0: 0x8000b300 (0xff9ff06f) j       pc - 0x8
core   0: 3 0x8000b300 (0xff9ff06f)
core   0: 0x8000b2f8 (0x00002f17) auipc   t5, 0x2
core   0: 3 0x8000b2f8 (0x00002f17) x30 0x8000d2f8
core   0: 0x8000b2fc (0xd03f2423) sw      gp, -760(t5)
core   0: 3 0x8000b2fc (0xd03f2423) mem 0x8000d000 0x00000001
core   0: 0x8000b300 (0xff9ff06f) j       pc - 0x8
core   0: 3 0x8000b300 (0xff9ff06f)
core   0: 0x8000b2f8 (0x00002f17) auipc   t5, 0x2
core   0: 3 0x8000b2f8 (0x00002f17) x30 0x8000d2f8
core   0: 0x8000b2fc (0xd03f2423) sw      gp, -760(t5)
core   0: 3 0x8000b2fc (0xd03f2423) mem 0x8000d000 0x00000001
core   0: 0x8000b300 (0xff9ff06f) j       pc - 0x8
core   0: 3 0x8000b300 (0xff9ff06f)
core   0: 0x8000b2f8 (0x00002f17) auipc   t5, 0x2
core   0: 3 0x8000b2f8 (0x00002f17) x30 0x8000d2f8
core   0: 0x8000b2fc (0xd03f2423) sw      gp, -760(t5)
core   0: 3 0x8000b2fc (0xd03f2423) mem 0x8000d000 0x00000001
core   0: 0x8000b300 (0xff9ff06f) j       pc - 0x8
core   0: 3 0x8000b300 (0xff9ff06f)
core   0: 0x8000b2f8 (0x00002f17) auipc   t5, 0x2
core   0: 3 0x8000b2f8 (0x00002f17) x30 0x8000d2f8
core   0: 0x8000b2fc (0xd03f2423) sw      gp, -760(t5)
core   0: 3 0x8000b2fc (0xd03f2423) mem 0x8000d000 0x00000001
core   0: 0x8000b300 (0xff9ff06f) j       pc - 0x8
core   0: 3 0x8000b300 (0xff9ff06f)
core   0: 0x8000b2f8 (0x00002f17) auipc   t5, 0x2
core   0: 3 0x8000b2f8 (0x00002f17) x30 0x8000d2f8
core   0: 0x8000b2fc (0xd03f2423) sw      gp, -760(t5)
core   0: 3 0x8000b2fc (0xd03f2423) mem 0x8000d000 0x00000001
core   0: 0x8000b300 (0xff9ff06f) j       pc - 0x8
core   0: 3 0x8000b300 (0xff9ff06f)
core   0: 0x8000b2f8 (0x00002f17) auipc   t5, 0x2
core   0: 3 0x8000b2f8 (0x00002f17) x30 0x8000d2f8
core   0: 0x8000b2fc (0xd03f2423) sw      gp, -760(t5)
core   0: 3 0x8000b2fc (0xd03f2423) mem 0x8000d000 0x00000001
core   0: 0x8000b300 (0xff9ff06f) j       pc - 0x8
core   0: 3 0x8000b300 (0xff9ff06f)
core   0: 0x8000b2f8 (0x00002f17) auipc   t5, 0x2
core   0: 3 0x8000b2f8 (0x00002f17) x30 0x8000d2f8
core   0: 0x8000b2fc (0xd03f2423) sw      gp, -760(t5)
core   0: 3 0x8000b2fc (0xd03f2423) mem 0x8000d000 0x00000001
core   0: 0x8000b300 (0xff9ff06f) j       pc - 0x8
core   0: 3 0x8000b300 (0xff9ff06f)
core   0: 0x8000b2f8 (0x00002f17) auipc   t5, 0x2
core   0: 3 0x8000b2f8 (0x00002f17) x30 0x8000d2f8
core   0: 0x8000b2fc (0xd03f2423) sw      gp, -760(t5)
core   0: 3 0x8000b2fc (0xd03f2423) mem 0x8000d000 0x00000001
core   0: 0x8000b300 (0xff9ff06f) j       pc - 0x8
core   0: 3 0x8000b300 (0xff9ff06f)
core   0: 0x8000b2f8 (0x00002f17) auipc   t5, 0x2
core   0: 3 0x8000b2f8 (0x00002f17) x30 0x8000d2f8
core   0: 0x8000b2fc (0xd03f2423) sw      gp, -760(t5)
core   0: 3 0x8000b2fc (0xd03f2423) mem 0x8000d000 0x00000001
core   0: 0x8000b300 (0xff9ff06f) j       pc - 0x8
core   0: 3 0x8000b300 (0xff9ff06f)
core   0: 0x8000b2f8 (0x00002f17) auipc   t5, 0x2
core   0: 3 0x8000b2f8 (0x00002f17) x30 0x8000d2f8
core   0: 0x8000b2fc (0xd03f2423) sw      gp, -760(t5)
core   0: 3 0x8000b2fc (0xd03f2423) mem 0x8000d000 0x00000001
core   0: 0x8000b300 (0xff9ff06f) j       pc - 0x8
core   0: 3 0x8000b300 (0xff9ff06f)
core   0: 0x8000b2f8 (0x00002f17) auipc   t5, 0x2
core   0: 3 0x8000b2f8 (0x00002f17) x30 0x8000d2f8
core   0: 0x8000b2fc (0xd03f2423) sw      gp, -760(t5)
core   0: 3 0x8000b2fc (0xd03f2423) mem 0x8000d000 0x00000001
core   0: 0x8000b300 (0xff9ff06f) j       pc - 0x8
core   0: 3 0x8000b300 (0xff9ff06f)
core   0: 0x8000b2f8 (0x00002f17) auipc   t5, 0x2
core   0: 3 0x8000b2f8 (0x00002f17) x30 0x8000d2f8
core   0: 0x8000b2fc (0xd03f2423) sw      gp, -760(t5)
core   0: 3 0x8000b2fc (0xd03f2423) mem 0x8000d000 0x00000001
core   0: 0x8000b300 (0xff9ff06f) j       pc - 0x8
core   0: 3 0x8000b300 (0xff9ff06f)
core   0: 0x8000b2f8 (0x00002f17) auipc   t5, 0x2
core   0: 3 0x8000b2f8 (0x00002f17) x30 0x8000d2f8
core   0: 0x8000b2fc (0xd03f2423) sw      gp, -760(t5)
core   0: 3 0x8000b2fc (0xd03f2423) mem 0x8000d000 0x00000001
core   0: 0x8000b300 (0xff9ff06f) j       pc - 0x8
core   0: 3 0x8000b300 (0xff9ff06f)
core   0: 0x8000b2f8 (0x00002f17) auipc   t5, 0x2
core   0: 3 0x8000b2f8 (0x00002f17) x30 0x8000d2f8
core   0: 0x8000b2fc (0xd03f2423) sw      gp, -760(t5)
core   0: 3 0x8000b2fc (0xd03f2423) mem 0x8000d000 0x00000001
core   0: 0x8000b300 (0xff9ff06f) j       pc - 0x8
core   0: 3 0x8000b300 (0xff9ff06f)
core   0: 0x8000b2f8 (0x00002f17) auipc   t5, 0x2
core   0: 3 0x8000b2f8 (0x00002f17) x30 0x8000d2f8
core   0: 0x8000b2fc (0xd03f2423) sw      gp, -760(t5)
core   0: 3 0x8000b2fc (0xd03f2423) mem 0x8000d000 0x00000001
core   0: 0x8000b300 (0xff9ff06f) j       pc - 0x8
core   0: 3 0x8000b300 (0xff9ff06f)
core   0: 0x8000b2f8 (0x00002f17) auipc   t5, 0x2
core   0: 3 0x8000b2f8 (0x00002f17) x30 0x8000d2f8
core   0: 0x8000b2fc (0xd03f2423) sw      gp, -760(t5)
core   0: 3 0x8000b2fc (0xd03f2423) mem 0x8000d000 0x00000001
core   0: 0x8000b300 (0xff9ff06f) j       pc - 0x8
core   0: 3 0x8000b300 (0xff9ff06f)
core   0: 0x8000b2f8 (0x00002f17) auipc   t5, 0x2
core   0: 3 0x8000b2f8 (0x00002f17) x30 0x8000d2f8
core   0: 0x8000b2fc (0xd03f2423) sw      gp, -760(t5)
core   0: 3 0x8000b2fc (0xd03f2423) mem 0x8000d000 0x00000001
core   0: 0x8000b300 (0xff9ff06f) j       pc - 0x8
core   0: 3 0x8000b300 (0xff9ff06f)
core   0: 0x8000b2f8 (0x00002f17) auipc   t5, 0x2
core   0: 3 0x8000b2f8 (0x00002f17) x30 0x8000d2f8
core   0: 0x8000b2fc (0xd03f2423) sw      gp, -760(t5)
core   0: 3 0x8000b2fc (0xd03f2423) mem 0x8000d000 0x00000001
core   0: 0x8000b300 (0xff9ff06f) j       pc - 0x8
core   0: 3 0x8000b300 (0xff9ff06f)
core   0: 0x8000b2f8 (0x00002f17) auipc   t5, 0x2
core   0: 3 0x8000b2f8 (0x00002f17) x30 0x8000d2f8
core   0: 0x8000b2fc (0xd03f2423) sw      gp, -760(t5)
core   0: 3 0x8000b2fc (0xd03f2423) mem 0x8000d000 0x00000001
core   0: 0x8000b300 (0xff9ff06f) j       pc - 0x8
core   0: 3 0x8000b300 (0xff9ff06f)
core   0: 0x8000b2f8 (0x00002f17) auipc   t5, 0x2
core   0: 3 0x8000b2f8 (0x00002f17) x30 0x8000d2f8
core   0: 0x8000b2fc (0xd03f2423) sw      gp, -760(t5)
core   0: 3 0x8000b2fc (0xd03f2423) mem 0x8000d000 0x00000001
core   0: 0x8000b300 (0xff9ff06f) j       pc - 0x8
core   0: 3 0x8000b300 (0xff9ff06f)
core   0: 0x8000b2f8 (0x00002f17) auipc   t5, 0x2
core   0: 3 0x8000b2f8 (0x00002f17) x30 0x8000d2f8
core   0: 0x8000b2fc (0xd03f2423) sw      gp, -760(t5)
core   0: 3 0x8000b2fc (0xd03f2423) mem 0x8000d000 0x00000001
core   0: 0x8000b300 (0xff9ff06f) j       pc - 0x8
core   0: 3 0x8000b300 (0xff9ff06f)
core   0: 0x8000b2f8 (0x00002f17) auipc   t5, 0x2
core   0: 3 0x8000b2f8 (0x00002f17) x30 0x8000d2f8
core   0: 0x8000b2fc (0xd03f2423) sw      gp, -760(t5)
core   0: 3 0x8000b2fc (0xd03f2423) mem 0x8000d000 0x00000001
core   0: 0x8000b300 (0xff9ff06f) j       pc - 0x8
core   0: 3 0x8000b300 (0xff9ff06f)
core   0: 0x8000b2f8 (0x00002f17) auipc   t5, 0x2
core   0: 3 0x8000b2f8 (0x00002f17) x30 0x8000d2f8
core   0: 0x8000b2fc (0xd03f2423) sw      gp, -760(t5)
core   0: 3 0x8000b2fc (0xd03f2423) mem 0x8000d000 0x00000001
core   0: 0x8000b300 (0xff9ff06f) j       pc - 0x8
core   0: 3 0x8000b300 (0xff9ff06f)
core   0: 0x8000b2f8 (0x00002f17) auipc   t5, 0x2
core   0: 3 0x8000b2f8 (0x00002f17) x30 0x8000d2f8
core   0: 0x8000b2fc (0xd03f2423) sw      gp, -760(t5)
core   0: 3 0x8000b2fc (0xd03f2423) mem 0x8000d000 0x00000001
core   0: 0x8000b300 (0xff9ff06f) j       pc - 0x8
core   0: 3 0x8000b300 (0xff9ff06f)
core   0: 0x8000b2f8 (0x00002f17) auipc   t5, 0x2
core   0: 3 0x8000b2f8 (0x00002f17) x30 0x8000d2f8
core   0: 0x8000b2fc (0xd03f2423) sw      gp, -760(t5)
core   0: 3 0x8000b2fc (0xd03f2423) mem 0x8000d000 0x00000001
core   0: 0x8000b300 (0xff9ff06f) j       pc - 0x8
core   0: 3 0x8000b300 (0xff9ff06f)
core   0: 0x8000b2f8 (0x00002f17) auipc   t5, 0x2
core   0: 3 0x8000b2f8 (0x00002f17) x30 0x8000d2f8
core   0: 0x8000b2fc (0xd03f2423) sw      gp, -760(t5)
core   0: 3 0x8000b2fc (0xd03f2423) mem 0x8000d000 0x00000001
core   0: 0x8000b300 (0xff9ff06f) j       pc - 0x8
core   0: 3 0x8000b300 (0xff9ff06f)
core   0: 0x8000b2f8 (0x00002f17) auipc   t5, 0x2
core   0: 3 0x8000b2f8 (0x00002f17) x30 0x8000d2f8
core   0: 0x8000b2fc (0xd03f2423) sw      gp, -760(t5)
core   0: 3 0x8000b2fc (0xd03f2423) mem 0x8000d000 0x00000001
core   0: 0x8000b300 (0xff9ff06f) j       pc - 0x8
core   0: 3 0x8000b300 (0xff9ff06f)
core   0: 0x8000b2f8 (0x00002f17) auipc   t5, 0x2
core   0: 3 0x8000b2f8 (0x00002f17) x30 0x8000d2f8
core   0: 0x8000b2fc (0xd03f2423) sw      gp, -760(t5)
core   0: 3 0x8000b2fc (0xd03f2423) mem 0x8000d000 0x00000001
core   0: 0x8000b300 (0xff9ff06f) j       pc - 0x8
core   0: 3 0x8000b300 (0xff9ff06f)
core   0: 0x8000b2f8 (0x00002f17) auipc   t5, 0x2
core   0: 3 0x8000b2f8 (0x00002f17) x30 0x8000d2f8
core   0: 0x8000b2fc (0xd03f2423) sw      gp, -760(t5)
core   0: 3 0x8000b2fc (0xd03f2423) mem 0x8000d000 0x00000001
core   0: 0x8000b300 (0xff9ff06f) j       pc - 0x8
core   0: 3 0x8000b300 (0xff9ff06f)
core   0: 0x8000b2f8 (0x00002f17) auipc   t5, 0x2
core   0: 3 0x8000b2f8 (0x00002f17) x30 0x8000d2f8
core   0: 0x8000b2fc (0xd03f2423) sw      gp, -760(t5)
core   0: 3 0x8000b2fc (0xd03f2423) mem 0x8000d000 0x00000001
core   0: 0x8000b300 (0xff9ff06f) j       pc - 0x8
core   0: 3 0x8000b300 (0xff9ff06f)
core   0: 0x8000b2f8 (0x00002f17) auipc   t5, 0x2
core   0: 3 0x8000b2f8 (0x00002f17) x30 0x8000d2f8
core   0: 0x8000b2fc (0xd03f2423) sw      gp, -760(t5)
core   0: 3 0x8000b2fc (0xd03f2423) mem 0x8000d000 0x00000001
core   0: 0x8000b300 (0xff9ff06f) j       pc - 0x8
core   0: 3 0x8000b300 (0xff9ff06f)
core   0: 0x8000b2f8 (0x00002f17) auipc   t5, 0x2
core   0: 3 0x8000b2f8 (0x00002f17) x30 0x8000d2f8
core   0: 0x8000b2fc (0xd03f2423) sw      gp, -760(t5)
core   0: 3 0x8000b2fc (0xd03f2423) mem 0x8000d000 0x00000001
core   0: 0x8000b300 (0xff9ff06f) j       pc - 0x8
core   0: 3 0x8000b300 (0xff9ff06f)
core   0: 0x8000b2f8 (0x00002f17) auipc   t5, 0x2
core   0: 3 0x8000b2f8 (0x00002f17) x30 0x8000d2f8
core   0: 0x8000b2fc (0xd03f2423) sw      gp, -760(t5)
core   0: 3 0x8000b2fc (0xd03f2423) mem 0x8000d000 0x00000001
core   0: 0x8000b300 (0xff9ff06f) j       pc - 0x8
core   0: 3 0x8000b300 (0xff9ff06f)
core   0: 0x8000b2f8 (0x00002f17) auipc   t5, 0x2
core   0: 3 0x8000b2f8 (0x00002f17) x30 0x8000d2f8
core   0: 0x8000b2fc (0xd03f2423) sw      gp, -760(t5)
core   0: 3 0x8000b2fc (0xd03f2423) mem 0x8000d000 0x00000001
core   0: 0x8000b300 (0xff9ff06f) j       pc - 0x8
core   0: 3 0x8000b300 (0xff9ff06f)
core   0: 0x8000b2f8 (0x00002f17) auipc   t5, 0x2
core   0: 3 0x8000b2f8 (0x00002f17) x30 0x8000d2f8
core   0: 0x8000b2fc (0xd03f2423) sw      gp, -760(t5)
core   0: 3 0x8000b2fc (0xd03f2423) mem 0x8000d000 0x00000001
core   0: 0x8000b300 (0xff9ff06f) j       pc - 0x8
core   0: 3 0x8000b300 (0xff9ff06f)
core   0: 0x8000b2f8 (0x00002f17) auipc   t5, 0x2
core   0: 3 0x8000b2f8 (0x00002f17) x30 0x8000d2f8
core   0: 0x8000b2fc (0xd03f2423) sw      gp, -760(t5)
core   0: 3 0x8000b2fc (0xd03f2423) mem 0x8000d000 0x00000001
core   0: 0x8000b300 (0xff9ff06f) j       pc - 0x8
core   0: 3 0x8000b300 (0xff9ff06f)
core   0: 0x8000b2f8 (0x00002f17) auipc   t5, 0x2
core   0: 3 0x8000b2f8 (0x00002f17) x30 0x8000d2f8
core   0: 0x8000b2fc (0xd03f2423) sw      gp, -760(t5)
core   0: 3 0x8000b2fc (0xd03f2423) mem 0x8000d000 0x00000001
core   0: 0x8000b300 (0xff9ff06f) j       pc - 0x8
core   0: 3 0x8000b300 (0xff9ff06f)
core   0: 0x8000b2f8 (0x00002f17) auipc   t5, 0x2
core   0: 3 0x8000b2f8 (0x00002f17) x30 0x8000d2f8
core   0: 0x8000b2fc (0xd03f2423) sw      gp, -760(t5)
core   0: 3 0x8000b2fc (0xd03f2423) mem 0x8000d000 0x00000001
core   0: 0x8000b300 (0xff9ff06f) j       pc - 0x8
core   0: 3 0x8000b300 (0xff9ff06f)
core   0: 0x8000b2f8 (0x00002f17) auipc   t5, 0x2
core   0: 3 0x8000b2f8 (0x00002f17) x30 0x8000d2f8
core   0: 0x8000b2fc (0xd03f2423) sw      gp, -760(t5)
core   0: 3 0x8000b2fc (0xd03f2423) mem 0x8000d000 0x00000001
core   0: 0x8000b300 (0xff9ff06f) j       pc - 0x8
core   0: 3 0x8000b300 (0xff9ff06f)
core   0: 0x8000b2f8 (0x00002f17) auipc   t5, 0x2
core   0: 3 0x8000b2f8 (0x00002f17) x30 0x8000d2f8
core   0: 0x8000b2fc (0xd03f2423) sw      gp, -760(t5)
core   0: 3 0x8000b2fc (0xd03f2423) mem 0x8000d000 0x00000001
core   0: 0x8000b300 (0xff9ff06f) j       pc - 0x8
core   0: 3 0x8000b300 (0xff9ff06f)
core   0: 0x8000b2f8 (0x00002f17) auipc   t5, 0x2
core   0: 3 0x8000b2f8 (0x00002f17) x30 0x8000d2f8
core   0: 0x8000b2fc (0xd03f2423) sw      gp, -760(t5)
core   0: 3 0x8000b2fc (0xd03f2423) mem 0x8000d000 0x00000001
core   0: 0x8000b300 (0xff9ff06f) j       pc - 0x8
core   0: 3 0x8000b300 (0xff9ff06f)
core   0: 0x8000b2f8 (0x00002f17) auipc   t5, 0x2
core   0: 3 0x8000b2f8 (0x00002f17) x30 0x8000d2f8
core   0: 0x8000b2fc (0xd03f2423) sw      gp, -760(t5)
core   0: 3 0x8000b2fc (0xd03f2423) mem 0x8000d000 0x00000001
core   0: 0x8000b300 (0xff9ff06f) j       pc - 0x8
core   0: 3 0x8000b300 (0xff9ff06f)
core   0: 0x8000b2f8 (0x00002f17) auipc   t5, 0x2
core   0: 3 0x8000b2f8 (0x00002f17) x30 0x8000d2f8
core   0: 0x8000b2fc (0xd03f2423) sw      gp, -760(t5)
core   0: 3 0x8000b2fc (0xd03f2423) mem 0x8000d000 0x00000001
core   0: 0x8000b300 (0xff9ff06f) j       pc - 0x8
core   0: 3 0x8000b300 (0xff9ff06f)
core   0: 0x8000b2f8 (0x00002f17) auipc   t5, 0x2
core   0: 3 0x8000b2f8 (0x00002f17) x30 0x8000d2f8
core   0: 0x8000b2fc (0xd03f2423) sw      gp, -760(t5)
core   0: 3 0x8000b2fc (0xd03f2423) mem 0x8000d000 0x00000001
core   0: 0x8000b300 (0xff9ff06f) j       pc - 0x8
core   0: 3 0x8000b300 (0xff9ff06f)
core   0: 0x8000b2f8 (0x00002f17) auipc   t5, 0x2
core   0: 3 0x8000b2f8 (0x00002f17) x30 0x8000d2f8
core   0: 0x8000b2fc (0xd03f2423) sw      gp, -760(t5)
core   0: 3 0x8000b2fc (0xd03f2423) mem 0x8000d000 0x00000001
core   0: 0x8000b300 (0xff9ff06f) j       pc - 0x8
core   0: 3 0x8000b300 (0xff9ff06f)
core   0: 0x8000b2f8 (0x00002f17) auipc   t5, 0x2
core   0: 3 0x8000b2f8 (0x00002f17) x30 0x8000d2f8
core   0: 0x8000b2fc (0xd03f2423) sw      gp, -760(t5)
core   0: 3 0x8000b2fc (0xd03f2423) mem 0x8000d000 0x00000001
core   0: 0x8000b300 (0xff9ff06f) j       pc - 0x8
core   0: 3 0x8000b300 (0xff9ff06f)
core   0: 0x8000b2f8 (0x00002f17) auipc   t5, 0x2
core   0: 3 0x8000b2f8 (0x00002f17) x30 0x8000d2f8
core   0: 0x8000b2fc (0xd03f2423) sw      gp, -760(t5)
core   0: 3 0x8000b2fc (0xd03f2423) mem 0x8000d000 0x00000001
core   0: 0x8000b300 (0xff9ff06f) j       pc - 0x8
core   0: 3 0x8000b300 (0xff9ff06f)
core   0: 0x8000b2f8 (0x00002f17) auipc   t5, 0x2
core   0: 3 0x8000b2f8 (0x00002f17) x30 0x8000d2f8
core   0: 0x8000b2fc (0xd03f2423) sw      gp, -760(t5)
core   0: 3 0x8000b2fc (0xd03f2423) mem 0x8000d000 0x00000001
core   0: 0x8000b300 (0xff9ff06f) j       pc - 0x8
core   0: 3 0x8000b300 (0xff9ff06f)
core   0: 0x8000b2f8 (0x00002f17) auipc   t5, 0x2
core   0: 3 0x8000b2f8 (0x00002f17) x30 0x8000d2f8
core   0: 0x8000b2fc (0xd03f2423) sw      gp, -760(t5)
core   0: 3 0x8000b2fc (0xd03f2423) mem 0x8000d000 0x00000001
core   0: 0x8000b300 (0xff9ff06f) j       pc - 0x8
core   0: 3 0x8000b300 (0xff9ff06f)
core   0: 0x8000b2f8 (0x00002f17) auipc   t5, 0x2
core   0: 3 0x8000b2f8 (0x00002f17) x30 0x8000d2f8
core   0: 0x8000b2fc (0xd03f2423) sw      gp, -760(t5)
core   0: 3 0x8000b2fc (0xd03f2423) mem 0x8000d000 0x00000001
core   0: 0x8000b300 (0xff9ff06f) j       pc - 0x8
core   0: 3 0x8000b300 (0xff9ff06f)
core   0: 0x8000b2f8 (0x00002f17) auipc   t5, 0x2
core   0: 3 0x8000b2f8 (0x00002f17) x30 0x8000d2f8
core   0: 0x8000b2fc (0xd03f2423) sw      gp, -760(t5)
core   0: 3 0x8000b2fc (0xd03f2423) mem 0x8000d000 0x00000001
core   0: 0x8000b300 (0xff9ff06f) j       pc - 0x8
core   0: 3 0x8000b300 (0xff9ff06f)
core   0: 0x8000b2f8 (0x00002f17) auipc   t5, 0x2
core   0: 3 0x8000b2f8 (0x00002f17) x30 0x8000d2f8
core   0: 0x8000b2fc (0xd03f2423) sw      gp, -760(t5)
core   0: 3 0x8000b2fc (0xd03f2423) mem 0x8000d000 0x00000001
core   0: 0x8000b300 (0xff9ff06f) j       pc - 0x8
core   0: 3 0x8000b300 (0xff9ff06f)
core   0: 0x8000b2f8 (0x00002f17) auipc   t5, 0x2
core   0: 3 0x8000b2f8 (0x00002f17) x30 0x8000d2f8
core   0: 0x8000b2fc (0xd03f2423) sw      gp, -760(t5)
core   0: 3 0x8000b2fc (0xd03f2423) mem 0x8000d000 0x00000001
core   0: 0x8000b300 (0xff9ff06f) j       pc - 0x8
core   0: 3 0x8000b300 (0xff9ff06f)
core   0: 0x8000b2f8 (0x00002f17) auipc   t5, 0x2
core   0: 3 0x8000b2f8 (0x00002f17) x30 0x8000d2f8
core   0: 0x8000b2fc (0xd03f2423) sw      gp, -760(t5)
core   0: 3 0x8000b2fc (0xd03f2423) mem 0x8000d000 0x00000001
core   0: 0x8000b300 (0xff9ff06f) j       pc - 0x8
core   0: 3 0x8000b300 (0xff9ff06f)
core   0: 0x8000b2f8 (0x00002f17) auipc   t5, 0x2
core   0: 3 0x8000b2f8 (0x00002f17) x30 0x8000d2f8
core   0: 0x8000b2fc (0xd03f2423) sw      gp, -760(t5)
core   0: 3 0x8000b2fc (0xd03f2423) mem 0x8000d000 0x00000001
core   0: 0x8000b300 (0xff9ff06f) j       pc - 0x8
core   0: 3 0x8000b300 (0xff9ff06f)
core   0: 0x8000b2f8 (0x00002f17) auipc   t5, 0x2
core   0: 3 0x8000b2f8 (0x00002f17) x30 0x8000d2f8
core   0: 0x8000b2fc (0xd03f2423) sw      gp, -760(t5)
core   0: 3 0x8000b2fc (0xd03f2423) mem 0x8000d000 0x00000001
core   0: 0x8000b300 (0xff9ff06f) j       pc - 0x8
core   0: 3 0x8000b300 (0xff9ff06f)
core   0: 0x8000b2f8 (0x00002f17) auipc   t5, 0x2
core   0: 3 0x8000b2f8 (0x00002f17) x30 0x8000d2f8
core   0: 0x8000b2fc (0xd03f2423) sw      gp, -760(t5)
core   0: 3 0x8000b2fc (0xd03f2423) mem 0x8000d000 0x00000001
core   0: 0x8000b300 (0xff9ff06f) j       pc - 0x8
core   0: 3 0x8000b300 (0xff9ff06f)
core   0: 0x8000b2f8 (0x00002f17) auipc   t5, 0x2
core   0: 3 0x8000b2f8 (0x00002f17) x30 0x8000d2f8
core   0: 0x8000b2fc (0xd03f2423) sw      gp, -760(t5)
core   0: 3 0x8000b2fc (0xd03f2423) mem 0x8000d000 0x00000001
core   0: 0x8000b300 (0xff9ff06f) j       pc - 0x8
core   0: 3 0x8000b300 (0xff9ff06f)
core   0: 0x8000b2f8 (0x00002f17) auipc   t5, 0x2
core   0: 3 0x8000b2f8 (0x00002f17) x30 0x8000d2f8
core   0: 0x8000b2fc (0xd03f2423) sw      gp, -760(t5)
core   0: 3 0x8000b2fc (0xd03f2423) mem 0x8000d000 0x00000001
core   0: 0x8000b300 (0xff9ff06f) j       pc - 0x8
core   0: 3 0x8000b300 (0xff9ff06f)
core   0: 0x8000b2f8 (0x00002f17) auipc   t5, 0x2
core   0: 3 0x8000b2f8 (0x00002f17) x30 0x8000d2f8
core   0: 0x8000b2fc (0xd03f2423) sw      gp, -760(t5)
core   0: 3 0x8000b2fc (0xd03f2423) mem 0x8000d000 0x00000001
core   0: 0x8000b300 (0xff9ff06f) j       pc - 0x8
core   0: 3 0x8000b300 (0xff9ff06f)
core   0: 0x8000b2f8 (0x00002f17) auipc   t5, 0x2
core   0: 3 0x8000b2f8 (0x00002f17) x30 0x8000d2f8
core   0: 0x8000b2fc (0xd03f2423) sw      gp, -760(t5)
core   0: 3 0x8000b2fc (0xd03f2423) mem 0x8000d000 0x00000001
core   0: 0x8000b300 (0xff9ff06f) j       pc - 0x8
core   0: 3 0x8000b300 (0xff9ff06f)
core   0: 0x8000b2f8 (0x00002f17) auipc   t5, 0x2
core   0: 3 0x8000b2f8 (0x00002f17) x30 0x8000d2f8
core   0: 0x8000b2fc (0xd03f2423) sw      gp, -760(t5)
core   0: 3 0x8000b2fc (0xd03f2423) mem 0x8000d000 0x00000001
core   0: 0x8000b300 (0xff9ff06f) j       pc - 0x8
core   0: 3 0x8000b300 (0xff9ff06f)
core   0: 0x8000b2f8 (0x00002f17) auipc   t5, 0x2
core   0: 3 0x8000b2f8 (0x00002f17) x30 0x8000d2f8
core   0: 0x8000b2fc (0xd03f2423) sw      gp, -760(t5)
core   0: 3 0x8000b2fc (0xd03f2423) mem 0x8000d000 0x00000001
core   0: 0x8000b300 (0xff9ff06f) j       pc - 0x8
core   0: 3 0x8000b300 (0xff9ff06f)
core   0: 0x8000b2f8 (0x00002f17) auipc   t5, 0x2
core   0: 3 0x8000b2f8 (0x00002f17) x30 0x8000d2f8
core   0: 0x8000b2fc (0xd03f2423) sw      gp, -760(t5)
core   0: 3 0x8000b2fc (0xd03f2423) mem 0x8000d000 0x00000001
core   0: 0x8000b300 (0xff9ff06f) j       pc - 0x8
core   0: 3 0x8000b300 (0xff9ff06f)
core   0: 0x8000b2f8 (0x00002f17) auipc   t5, 0x2
core   0: 3 0x8000b2f8 (0x00002f17) x30 0x8000d2f8
core   0: 0x8000b2fc (0xd03f2423) sw      gp, -760(t5)
core   0: 3 0x8000b2fc (0xd03f2423) mem 0x8000d000 0x00000001
core   0: 0x8000b300 (0xff9ff06f) j       pc - 0x8
core   0: 3 0x8000b300 (0xff9ff06f)
core   0: 0x8000b2f8 (0x00002f17) auipc   t5, 0x2
core   0: 3 0x8000b2f8 (0x00002f17) x30 0x8000d2f8
core   0: 0x8000b2fc (0xd03f2423) sw      gp, -760(t5)
core   0: 3 0x8000b2fc (0xd03f2423) mem 0x8000d000 0x00000001
core   0: 0x8000b300 (0xff9ff06f) j       pc - 0x8
core   0: 3 0x8000b300 (0xff9ff06f)
core   0: 0x8000b2f8 (0x00002f17) auipc   t5, 0x2
core   0: 3 0x8000b2f8 (0x00002f17) x30 0x8000d2f8
core   0: 0x8000b2fc (0xd03f2423) sw      gp, -760(t5)
core   0: 3 0x8000b2fc (0xd03f2423) mem 0x8000d000 0x00000001
core   0: 0x8000b300 (0xff9ff06f) j       pc - 0x8
core   0: 3 0x8000b300 (0xff9ff06f)
core   0: 0x8000b2f8 (0x00002f17) auipc   t5, 0x2
core   0: 3 0x8000b2f8 (0x00002f17) x30 0x8000d2f8
core   0: 0x8000b2fc (0xd03f2423) sw      gp, -760(t5)
core   0: 3 0x8000b2fc (0xd03f2423) mem 0x8000d000 0x00000001
core   0: 0x8000b300 (0xff9ff06f) j       pc - 0x8
core   0: 3 0x8000b300 (0xff9ff06f)
core   0: 0x8000b2f8 (0x00002f17) auipc   t5, 0x2
core   0: 3 0x8000b2f8 (0x00002f17) x30 0x8000d2f8
core   0: 0x8000b2fc (0xd03f2423) sw      gp, -760(t5)
core   0: 3 0x8000b2fc (0xd03f2423) mem 0x8000d000 0x00000001
core   0: 0x8000b300 (0xff9ff06f) j       pc - 0x8
core   0: 3 0x8000b300 (0xff9ff06f)
core   0: 0x8000b2f8 (0x00002f17) auipc   t5, 0x2
core   0: 3 0x8000b2f8 (0x00002f17) x30 0x8000d2f8
core   0: 0x8000b2fc (0xd03f2423) sw      gp, -760(t5)
core   0: 3 0x8000b2fc (0xd03f2423) mem 0x8000d000 0x00000001
core   0: 0x8000b300 (0xff9ff06f) j       pc - 0x8
core   0: 3 0x8000b300 (0xff9ff06f)
core   0: 0x8000b2f8 (0x00002f17) auipc   t5, 0x2
core   0: 3 0x8000b2f8 (0x00002f17) x30 0x8000d2f8
core   0: 0x8000b2fc (0xd03f2423) sw      gp, -760(t5)
core   0: 3 0x8000b2fc (0xd03f2423) mem 0x8000d000 0x00000001
core   0: 0x8000b300 (0xff9ff06f) j       pc - 0x8
core   0: 3 0x8000b300 (0xff9ff06f)
core   0: 0x8000b2f8 (0x00002f17) auipc   t5, 0x2
core   0: 3 0x8000b2f8 (0x00002f17) x30 0x8000d2f8
core   0: 0x8000b2fc (0xd03f2423) sw      gp, -760(t5)
core   0: 3 0x8000b2fc (0xd03f2423) mem 0x8000d000 0x00000001
core   0: 0x8000b300 (0xff9ff06f) j       pc - 0x8
core   0: 3 0x8000b300 (0xff9ff06f)
core   0: 0x8000b2f8 (0x00002f17) auipc   t5, 0x2
core   0: 3 0x8000b2f8 (0x00002f17) x30 0x8000d2f8
core   0: 0x8000b2fc (0xd03f2423) sw      gp, -760(t5)
core   0: 3 0x8000b2fc (0xd03f2423) mem 0x8000d000 0x00000001
core   0: 0x8000b300 (0xff9ff06f) j       pc - 0x8
core   0: 3 0x8000b300 (0xff9ff06f)
core   0: 0x8000b2f8 (0x00002f17) auipc   t5, 0x2
core   0: 3 0x8000b2f8 (0x00002f17) x30 0x8000d2f8
core   0: 0x8000b2fc (0xd03f2423) sw      gp, -760(t5)
core   0: 3 0x8000b2fc (0xd03f2423) mem 0x8000d000 0x00000001
core   0: 0x8000b300 (0xff9ff06f) j       pc - 0x8
core   0: 3 0x8000b300 (0xff9ff06f)
core   0: 0x8000b2f8 (0x00002f17) auipc   t5, 0x2
core   0: 3 0x8000b2f8 (0x00002f17) x30 0x8000d2f8
core   0: 0x8000b2fc (0xd03f2423) sw      gp, -760(t5)
core   0: 3 0x8000b2fc (0xd03f2423) mem 0x8000d000 0x00000001
core   0: 0x8000b300 (0xff9ff06f) j       pc - 0x8
core   0: 3 0x8000b300 (0xff9ff06f)
core   0: 0x8000b2f8 (0x00002f17) auipc   t5, 0x2
core   0: 3 0x8000b2f8 (0x00002f17) x30 0x8000d2f8
core   0: 0x8000b2fc (0xd03f2423) sw      gp, -760(t5)
core   0: 3 0x8000b2fc (0xd03f2423) mem 0x8000d000 0x00000001
core   0: 0x8000b300 (0xff9ff06f) j       pc - 0x8
core   0: 3 0x8000b300 (0xff9ff06f)
core   0: 0x8000b2f8 (0x00002f17) auipc   t5, 0x2
core   0: 3 0x8000b2f8 (0x00002f17) x30 0x8000d2f8
core   0: 0x8000b2fc (0xd03f2423) sw      gp, -760(t5)
core   0: 3 0x8000b2fc (0xd03f2423) mem 0x8000d000 0x00000001
core   0: 0x8000b300 (0xff9ff06f) j       pc - 0x8
core   0: 3 0x8000b300 (0xff9ff06f)
core   0: 0x8000b2f8 (0x00002f17) auipc   t5, 0x2
core   0: 3 0x8000b2f8 (0x00002f17) x30 0x8000d2f8
core   0: 0x8000b2fc (0xd03f2423) sw      gp, -760(t5)
core   0: 3 0x8000b2fc (0xd03f2423) mem 0x8000d000 0x00000001
core   0: 0x8000b300 (0xff9ff06f) j       pc - 0x8
core   0: 3 0x8000b300 (0xff9ff06f)
core   0: 0x8000b2f8 (0x00002f17) auipc   t5, 0x2
core   0: 3 0x8000b2f8 (0x00002f17) x30 0x8000d2f8
core   0: 0x8000b2fc (0xd03f2423) sw      gp, -760(t5)
core   0: 3 0x8000b2fc (0xd03f2423) mem 0x8000d000 0x00000001
core   0: 0x8000b300 (0xff9ff06f) j       pc - 0x8
core   0: 3 0x8000b300 (0xff9ff06f)
core   0: 0x8000b2f8 (0x00002f17) auipc   t5, 0x2
core   0: 3 0x8000b2f8 (0x00002f17) x30 0x8000d2f8
core   0: 0x8000b2fc (0xd03f2423) sw      gp, -760(t5)
core   0: 3 0x8000b2fc (0xd03f2423) mem 0x8000d000 0x00000001
core   0: 0x8000b300 (0xff9ff06f) j       pc - 0x8
core   0: 3 0x8000b300 (0xff9ff06f)
core   0: 0x8000b2f8 (0x00002f17) auipc   t5, 0x2
core   0: 3 0x8000b2f8 (0x00002f17) x30 0x8000d2f8
core   0: 0x8000b2fc (0xd03f2423) sw      gp, -760(t5)
core   0: 3 0x8000b2fc (0xd03f2423) mem 0x8000d000 0x00000001
core   0: 0x8000b300 (0xff9ff06f) j       pc - 0x8
core   0: 3 0x8000b300 (0xff9ff06f)
core   0: 0x8000b2f8 (0x00002f17) auipc   t5, 0x2
core   0: 3 0x8000b2f8 (0x00002f17) x30 0x8000d2f8
core   0: 0x8000b2fc (0xd03f2423) sw      gp, -760(t5)
core   0: 3 0x8000b2fc (0xd03f2423) mem 0x8000d000 0x00000001
core   0: 0x8000b300 (0xff9ff06f) j       pc - 0x8
core   0: 3 0x8000b300 (0xff9ff06f)
core   0: 0x8000b2f8 (0x00002f17) auipc   t5, 0x2
core   0: 3 0x8000b2f8 (0x00002f17) x30 0x8000d2f8
core   0: 0x8000b2fc (0xd03f2423) sw      gp, -760(t5)
core   0: 3 0x8000b2fc (0xd03f2423) mem 0x8000d000 0x00000001
core   0: 0x8000b300 (0xff9ff06f) j       pc - 0x8
core   0: 3 0x8000b300 (0xff9ff06f)
core   0: 0x8000b2f8 (0x00002f17) auipc   t5, 0x2
core   0: 3 0x8000b2f8 (0x00002f17) x30 0x8000d2f8
core   0: 0x8000b2fc (0xd03f2423) sw      gp, -760(t5)
core   0: 3 0x8000b2fc (0xd03f2423) mem 0x8000d000 0x00000001
core   0: 0x8000b300 (0xff9ff06f) j       pc - 0x8
core   0: 3 0x8000b300 (0xff9ff06f)
core   0: 0x8000b2f8 (0x00002f17) auipc   t5, 0x2
core   0: 3 0x8000b2f8 (0x00002f17) x30 0x8000d2f8
core   0: 0x8000b2fc (0xd03f2423) sw      gp, -760(t5)
core   0: 3 0x8000b2fc (0xd03f2423) mem 0x8000d000 0x00000001
core   0: 0x8000b300 (0xff9ff06f) j       pc - 0x8
core   0: 3 0x8000b300 (0xff9ff06f)
core   0: 0x8000b2f8 (0x00002f17) auipc   t5, 0x2
core   0: 3 0x8000b2f8 (0x00002f17) x30 0x8000d2f8
core   0: 0x8000b2fc (0xd03f2423) sw      gp, -760(t5)
core   0: 3 0x8000b2fc (0xd03f2423) mem 0x8000d000 0x00000001
core   0: 0x8000b300 (0xff9ff06f) j       pc - 0x8
core   0: 3 0x8000b300 (0xff9ff06f)
core   0: 0x8000b2f8 (0x00002f17) auipc   t5, 0x2
core   0: 3 0x8000b2f8 (0x00002f17) x30 0x8000d2f8
core   0: 0x8000b2fc (0xd03f2423) sw      gp, -760(t5)
core   0: 3 0x8000b2fc (0xd03f2423) mem 0x8000d000 0x00000001
core   0: 0x8000b300 (0xff9ff06f) j       pc - 0x8
core   0: 3 0x8000b300 (0xff9ff06f)
core   0: 0x8000b2f8 (0x00002f17) auipc   t5, 0x2
core   0: 3 0x8000b2f8 (0x00002f17) x30 0x8000d2f8
core   0: 0x8000b2fc (0xd03f2423) sw      gp, -760(t5)
core   0: 3 0x8000b2fc (0xd03f2423) mem 0x8000d000 0x00000001
core   0: 0x8000b300 (0xff9ff06f) j       pc - 0x8
core   0: 3 0x8000b300 (0xff9ff06f)
core   0: 0x8000b2f8 (0x00002f17) auipc   t5, 0x2
core   0: 3 0x8000b2f8 (0x00002f17) x30 0x8000d2f8
core   0: 0x8000b2fc (0xd03f2423) sw      gp, -760(t5)
core   0: 3 0x8000b2fc (0xd03f2423) mem 0x8000d000 0x00000001
core   0: 0x8000b300 (0xff9ff06f) j       pc - 0x8
core   0: 3 0x8000b300 (0xff9ff06f)
core   0: 0x8000b2f8 (0x00002f17) auipc   t5, 0x2
core   0: 3 0x8000b2f8 (0x00002f17) x30 0x8000d2f8
core   0: 0x8000b2fc (0xd03f2423) sw      gp, -760(t5)
core   0: 3 0x8000b2fc (0xd03f2423) mem 0x8000d000 0x00000001
core   0: 0x8000b300 (0xff9ff06f) j       pc - 0x8
core   0: 3 0x8000b300 (0xff9ff06f)
core   0: 0x8000b2f8 (0x00002f17) auipc   t5, 0x2
core   0: 3 0x8000b2f8 (0x00002f17) x30 0x8000d2f8
core   0: 0x8000b2fc (0xd03f2423) sw      gp, -760(t5)
core   0: 3 0x8000b2fc (0xd03f2423) mem 0x8000d000 0x00000001
core   0: 0x8000b300 (0xff9ff06f) j       pc - 0x8
core   0: 3 0x8000b300 (0xff9ff06f)
core   0: 0x8000b2f8 (0x00002f17) auipc   t5, 0x2
core   0: 3 0x8000b2f8 (0x00002f17) x30 0x8000d2f8
core   0: 0x8000b2fc (0xd03f2423) sw      gp, -760(t5)
core   0: 3 0x8000b2fc (0xd03f2423) mem 0x8000d000 0x00000001
core   0: 0x8000b300 (0xff9ff06f) j       pc - 0x8
core   0: 3 0x8000b300 (0xff9ff06f)
core   0: 0x8000b2f8 (0x00002f17) auipc   t5, 0x2
core   0: 3 0x8000b2f8 (0x00002f17) x30 0x8000d2f8
core   0: 0x8000b2fc (0xd03f2423) sw      gp, -760(t5)
core   0: 3 0x8000b2fc (0xd03f2423) mem 0x8000d000 0x00000001
core   0: 0x8000b300 (0xff9ff06f) j       pc - 0x8
core   0: 3 0x8000b300 (0xff9ff06f)
core   0: 0x8000b2f8 (0x00002f17) auipc   t5, 0x2
core   0: 3 0x8000b2f8 (0x00002f17) x30 0x8000d2f8
core   0: 0x8000b2fc (0xd03f2423) sw      gp, -760(t5)
core   0: 3 0x8000b2fc (0xd03f2423) mem 0x8000d000 0x00000001
core   0: 0x8000b300 (0xff9ff06f) j       pc - 0x8
core   0: 3 0x8000b300 (0xff9ff06f)
core   0: 0x8000b2f8 (0x00002f17) auipc   t5, 0x2
core   0: 3 0x8000b2f8 (0x00002f17) x30 0x8000d2f8
core   0: 0x8000b2fc (0xd03f2423) sw      gp, -760(t5)
core   0: 3 0x8000b2fc (0xd03f2423) mem 0x8000d000 0x00000001
core   0: 0x8000b300 (0xff9ff06f) j       pc - 0x8
core   0: 3 0x8000b300 (0xff9ff06f)
core   0: 0x8000b2f8 (0x00002f17) auipc   t5, 0x2
core   0: 3 0x8000b2f8 (0x00002f17) x30 0x8000d2f8
core   0: 0x8000b2fc (0xd03f2423) sw      gp, -760(t5)
core   0: 3 0x8000b2fc (0xd03f2423) mem 0x8000d000 0x00000001
core   0: 0x8000b300 (0xff9ff06f) j       pc - 0x8
core   0: 3 0x8000b300 (0xff9ff06f)
core   0: 0x8000b2f8 (0x00002f17) auipc   t5, 0x2
core   0: 3 0x8000b2f8 (0x00002f17) x30 0x8000d2f8
core   0: 0x8000b2fc (0xd03f2423) sw      gp, -760(t5)
core   0: 3 0x8000b2fc (0xd03f2423) mem 0x8000d000 0x00000001
core   0: 0x8000b300 (0xff9ff06f) j       pc - 0x8
core   0: 3 0x8000b300 (0xff9ff06f)
core   0: 0x8000b2f8 (0x00002f17) auipc   t5, 0x2
core   0: 3 0x8000b2f8 (0x00002f17) x30 0x8000d2f8
core   0: 0x8000b2fc (0xd03f2423) sw      gp, -760(t5)
core   0: 3 0x8000b2fc (0xd03f2423) mem 0x8000d000 0x00000001
core   0: 0x8000b300 (0xff9ff06f) j       pc - 0x8
core   0: 3 0x8000b300 (0xff9ff06f)
core   0: 0x8000b2f8 (0x00002f17) auipc   t5, 0x2
core   0: 3 0x8000b2f8 (0x00002f17) x30 0x8000d2f8
core   0: 0x8000b2fc (0xd03f2423) sw      gp, -760(t5)
core   0: 3 0x8000b2fc (0xd03f2423) mem 0x8000d000 0x00000001
core   0: 0x8000b300 (0xff9ff06f) j       pc - 0x8
core   0: 3 0x8000b300 (0xff9ff06f)
core   0: 0x8000b2f8 (0x00002f17) auipc   t5, 0x2
core   0: 3 0x8000b2f8 (0x00002f17) x30 0x8000d2f8
core   0: 0x8000b2fc (0xd03f2423) sw      gp, -760(t5)
core   0: 3 0x8000b2fc (0xd03f2423) mem 0x8000d000 0x00000001
core   0: 0x8000b300 (0xff9ff06f) j       pc - 0x8
core   0: 3 0x8000b300 (0xff9ff06f)
core   0: 0x8000b2f8 (0x00002f17) auipc   t5, 0x2
core   0: 3 0x8000b2f8 (0x00002f17) x30 0x8000d2f8
core   0: 0x8000b2fc (0xd03f2423) sw      gp, -760(t5)
core   0: 3 0x8000b2fc (0xd03f2423) mem 0x8000d000 0x00000001
core   0: 0x8000b300 (0xff9ff06f) j       pc - 0x8
core   0: 3 0x8000b300 (0xff9ff06f)
core   0: 0x8000b2f8 (0x00002f17) auipc   t5, 0x2
core   0: 3 0x8000b2f8 (0x00002f17) x30 0x8000d2f8
core   0: 0x8000b2fc (0xd03f2423) sw      gp, -760(t5)
core   0: 3 0x8000b2fc (0xd03f2423) mem 0x8000d000 0x00000001
core   0: 0x8000b300 (0xff9ff06f) j       pc - 0x8
core   0: 3 0x8000b300 (0xff9ff06f)
core   0: 0x8000b2f8 (0x00002f17) auipc   t5, 0x2
core   0: 3 0x8000b2f8 (0x00002f17) x30 0x8000d2f8
core   0: 0x8000b2fc (0xd03f2423) sw      gp, -760(t5)
core   0: 3 0x8000b2fc (0xd03f2423) mem 0x8000d000 0x00000001
core   0: 0x8000b300 (0xff9ff06f) j       pc - 0x8
core   0: 3 0x8000b300 (0xff9ff06f)
core   0: 0x8000b2f8 (0x00002f17) auipc   t5, 0x2
core   0: 3 0x8000b2f8 (0x00002f17) x30 0x8000d2f8
core   0: 0x8000b2fc (0xd03f2423) sw      gp, -760(t5)
core   0: 3 0x8000b2fc (0xd03f2423) mem 0x8000d000 0x00000001
core   0: 0x8000b300 (0xff9ff06f) j       pc - 0x8
core   0: 3 0x8000b300 (0xff9ff06f)
core   0: 0x8000b2f8 (0x00002f17) auipc   t5, 0x2
core   0: 3 0x8000b2f8 (0x00002f17) x30 0x8000d2f8
core   0: 0x8000b2fc (0xd03f2423) sw      gp, -760(t5)
core   0: 3 0x8000b2fc (0xd03f2423) mem 0x8000d000 0x00000001
core   0: 0x8000b300 (0xff9ff06f) j       pc - 0x8
core   0: 3 0x8000b300 (0xff9ff06f)
core   0: 0x8000b2f8 (0x00002f17) auipc   t5, 0x2
core   0: 3 0x8000b2f8 (0x00002f17) x30 0x8000d2f8
core   0: 0x8000b2fc (0xd03f2423) sw      gp, -760(t5)
core   0: 3 0x8000b2fc (0xd03f2423) mem 0x8000d000 0x00000001
core   0: 0x8000b300 (0xff9ff06f) j       pc - 0x8
core   0: 3 0x8000b300 (0xff9ff06f)
core   0: 0x8000b2f8 (0x00002f17) auipc   t5, 0x2
core   0: 3 0x8000b2f8 (0x00002f17) x30 0x8000d2f8
core   0: 0x8000b2fc (0xd03f2423) sw      gp, -760(t5)
core   0: 3 0x8000b2fc (0xd03f2423) mem 0x8000d000 0x00000001
core   0: 0x8000b300 (0xff9ff06f) j       pc - 0x8
core   0: 3 0x8000b300 (0xff9ff06f)
core   0: 0x8000b2f8 (0x00002f17) auipc   t5, 0x2
core   0: 3 0x8000b2f8 (0x00002f17) x30 0x8000d2f8
core   0: 0x8000b2fc (0xd03f2423) sw      gp, -760(t5)
core   0: 3 0x8000b2fc (0xd03f2423) mem 0x8000d000 0x00000001
core   0: 0x8000b300 (0xff9ff06f) j       pc - 0x8
core   0: 3 0x8000b300 (0xff9ff06f)
core   0: 0x8000b2f8 (0x00002f17) auipc   t5, 0x2
core   0: 3 0x8000b2f8 (0x00002f17) x30 0x8000d2f8
core   0: 0x8000b2fc (0xd03f2423) sw      gp, -760(t5)
core   0: 3 0x8000b2fc (0xd03f2423) mem 0x8000d000 0x00000001
core   0: 0x8000b300 (0xff9ff06f) j       pc - 0x8
core   0: 3 0x8000b300 (0xff9ff06f)
core   0: 0x8000b2f8 (0x00002f17) auipc   t5, 0x2
core   0: 3 0x8000b2f8 (0x00002f17) x30 0x8000d2f8
core   0: 0x8000b2fc (0xd03f2423) sw      gp, -760(t5)
core   0: 3 0x8000b2fc (0xd03f2423) mem 0x8000d000 0x00000001
core   0: 0x8000b300 (0xff9ff06f) j       pc - 0x8
core   0: 3 0x8000b300 (0xff9ff06f)
core   0: 0x8000b2f8 (0x00002f17) auipc   t5, 0x2
core   0: 3 0x8000b2f8 (0x00002f17) x30 0x8000d2f8
core   0: 0x8000b2fc (0xd03f2423) sw      gp, -760(t5)
core   0: 3 0x8000b2fc (0xd03f2423) mem 0x8000d000 0x00000001
core   0: 0x8000b300 (0xff9ff06f) j       pc - 0x8
core   0: 3 0x8000b300 (0xff9ff06f)
core   0: 0x8000b2f8 (0x00002f17) auipc   t5, 0x2
core   0: 3 0x8000b2f8 (0x00002f17) x30 0x8000d2f8
core   0: 0x8000b2fc (0xd03f2423) sw      gp, -760(t5)
core   0: 3 0x8000b2fc (0xd03f2423) mem 0x8000d000 0x00000001
core   0: 0x8000b300 (0xff9ff06f) j       pc - 0x8
core   0: 3 0x8000b300 (0xff9ff06f)
core   0: 0x8000b2f8 (0x00002f17) auipc   t5, 0x2
core   0: 3 0x8000b2f8 (0x00002f17) x30 0x8000d2f8
core   0: 0x8000b2fc (0xd03f2423) sw      gp, -760(t5)
core   0: 3 0x8000b2fc (0xd03f2423) mem 0x8000d000 0x00000001
core   0: 0x8000b300 (0xff9ff06f) j       pc - 0x8
core   0: 3 0x8000b300 (0xff9ff06f)
core   0: 0x8000b2f8 (0x00002f17) auipc   t5, 0x2
core   0: 3 0x8000b2f8 (0x00002f17) x30 0x8000d2f8
core   0: 0x8000b2fc (0xd03f2423) sw      gp, -760(t5)
core   0: 3 0x8000b2fc (0xd03f2423) mem 0x8000d000 0x00000001
core   0: 0x8000b300 (0xff9ff06f) j       pc - 0x8
core   0: 3 0x8000b300 (0xff9ff06f)
core   0: 0x8000b2f8 (0x00002f17) auipc   t5, 0x2
core   0: 3 0x8000b2f8 (0x00002f17) x30 0x8000d2f8
core   0: 0x8000b2fc (0xd03f2423) sw      gp, -760(t5)
core   0: 3 0x8000b2fc (0xd03f2423) mem 0x8000d000 0x00000001
core   0: 0x8000b300 (0xff9ff06f) j       pc - 0x8
core   0: 3 0x8000b300 (0xff9ff06f)
core   0: 0x8000b2f8 (0x00002f17) auipc   t5, 0x2
core   0: 3 0x8000b2f8 (0x00002f17) x30 0x8000d2f8
core   0: 0x8000b2fc (0xd03f2423) sw      gp, -760(t5)
core   0: 3 0x8000b2fc (0xd03f2423) mem 0x8000d000 0x00000001
core   0: 0x8000b300 (0xff9ff06f) j       pc - 0x8
core   0: 3 0x8000b300 (0xff9ff06f)
core   0: 0x8000b2f8 (0x00002f17) auipc   t5, 0x2
core   0: 3 0x8000b2f8 (0x00002f17) x30 0x8000d2f8
core   0: 0x8000b2fc (0xd03f2423) sw      gp, -760(t5)
core   0: 3 0x8000b2fc (0xd03f2423) mem 0x8000d000 0x00000001
core   0: 0x8000b300 (0xff9ff06f) j       pc - 0x8
core   0: 3 0x8000b300 (0xff9ff06f)
core   0: 0x8000b2f8 (0x00002f17) auipc   t5, 0x2
core   0: 3 0x8000b2f8 (0x00002f17) x30 0x8000d2f8
core   0: 0x8000b2fc (0xd03f2423) sw      gp, -760(t5)
core   0: 3 0x8000b2fc (0xd03f2423) mem 0x8000d000 0x00000001
core   0: 0x8000b300 (0xff9ff06f) j       pc - 0x8
core   0: 3 0x8000b300 (0xff9ff06f)
core   0: 0x8000b2f8 (0x00002f17) auipc   t5, 0x2
core   0: 3 0x8000b2f8 (0x00002f17) x30 0x8000d2f8
core   0: 0x8000b2fc (0xd03f2423) sw      gp, -760(t5)
core   0: 3 0x8000b2fc (0xd03f2423) mem 0x8000d000 0x00000001
core   0: 0x8000b300 (0xff9ff06f) j       pc - 0x8
core   0: 3 0x8000b300 (0xff9ff06f)
core   0: 0x8000b2f8 (0x00002f17) auipc   t5, 0x2
core   0: 3 0x8000b2f8 (0x00002f17) x30 0x8000d2f8
core   0: 0x8000b2fc (0xd03f2423) sw      gp, -760(t5)
core   0: 3 0x8000b2fc (0xd03f2423) mem 0x8000d000 0x00000001
core   0: 0x8000b300 (0xff9ff06f) j       pc - 0x8
core   0: 3 0x8000b300 (0xff9ff06f)
core   0: 0x8000b2f8 (0x00002f17) auipc   t5, 0x2
core   0: 3 0x8000b2f8 (0x00002f17) x30 0x8000d2f8
core   0: 0x8000b2fc (0xd03f2423) sw      gp, -760(t5)
core   0: 3 0x8000b2fc (0xd03f2423) mem 0x8000d000 0x00000001
core   0: 0x8000b300 (0xff9ff06f) j       pc - 0x8
core   0: 3 0x8000b300 (0xff9ff06f)
core   0: 0x8000b2f8 (0x00002f17) auipc   t5, 0x2
core   0: 3 0x8000b2f8 (0x00002f17) x30 0x8000d2f8
core   0: 0x8000b2fc (0xd03f2423) sw      gp, -760(t5)
core   0: 3 0x8000b2fc (0xd03f2423) mem 0x8000d000 0x00000001
core   0: 0x8000b300 (0xff9ff06f) j       pc - 0x8
core   0: 3 0x8000b300 (0xff9ff06f)
core   0: 0x8000b2f8 (0x00002f17) auipc   t5, 0x2
core   0: 3 0x8000b2f8 (0x00002f17) x30 0x8000d2f8
core   0: 0x8000b2fc (0xd03f2423) sw      gp, -760(t5)
core   0: 3 0x8000b2fc (0xd03f2423) mem 0x8000d000 0x00000001
core   0: 0x8000b300 (0xff9ff06f) j       pc - 0x8
core   0: 3 0x8000b300 (0xff9ff06f)
core   0: 0x8000b2f8 (0x00002f17) auipc   t5, 0x2
core   0: 3 0x8000b2f8 (0x00002f17) x30 0x8000d2f8
core   0: 0x8000b2fc (0xd03f2423) sw      gp, -760(t5)
core   0: 3 0x8000b2fc (0xd03f2423) mem 0x8000d000 0x00000001
core   0: 0x8000b300 (0xff9ff06f) j       pc - 0x8
core   0: 3 0x8000b300 (0xff9ff06f)
core   0: 0x8000b2f8 (0x00002f17) auipc   t5, 0x2
core   0: 3 0x8000b2f8 (0x00002f17) x30 0x8000d2f8
core   0: 0x8000b2fc (0xd03f2423) sw      gp, -760(t5)
core   0: 3 0x8000b2fc (0xd03f2423) mem 0x8000d000 0x00000001
core   0: 0x8000b300 (0xff9ff06f) j       pc - 0x8
core   0: 3 0x8000b300 (0xff9ff06f)
core   0: 0x8000b2f8 (0x00002f17) auipc   t5, 0x2
core   0: 3 0x8000b2f8 (0x00002f17) x30 0x8000d2f8
core   0: 0x8000b2fc (0xd03f2423) sw      gp, -760(t5)
core   0: 3 0x8000b2fc (0xd03f2423) mem 0x8000d000 0x00000001
core   0: 0x8000b300 (0xff9ff06f) j       pc - 0x8
core   0: 3 0x8000b300 (0xff9ff06f)
core   0: 0x8000b2f8 (0x00002f17) auipc   t5, 0x2
core   0: 3 0x8000b2f8 (0x00002f17) x30 0x8000d2f8
core   0: 0x8000b2fc (0xd03f2423) sw      gp, -760(t5)
core   0: 3 0x8000b2fc (0xd03f2423) mem 0x8000d000 0x00000001
core   0: 0x8000b300 (0xff9ff06f) j       pc - 0x8
core   0: 3 0x8000b300 (0xff9ff06f)
core   0: 0x8000b2f8 (0x00002f17) auipc   t5, 0x2
core   0: 3 0x8000b2f8 (0x00002f17) x30 0x8000d2f8
core   0: 0x8000b2fc (0xd03f2423) sw      gp, -760(t5)
core   0: 3 0x8000b2fc (0xd03f2423) mem 0x8000d000 0x00000001
core   0: 0x8000b300 (0xff9ff06f) j       pc - 0x8
core   0: 3 0x8000b300 (0xff9ff06f)
core   0: 0x8000b2f8 (0x00002f17) auipc   t5, 0x2
core   0: 3 0x8000b2f8 (0x00002f17) x30 0x8000d2f8
core   0: 0x8000b2fc (0xd03f2423) sw      gp, -760(t5)
core   0: 3 0x8000b2fc (0xd03f2423) mem 0x8000d000 0x00000001
core   0: 0x8000b300 (0xff9ff06f) j       pc - 0x8
core   0: 3 0x8000b300 (0xff9ff06f)
core   0: 0x8000b2f8 (0x00002f17) auipc   t5, 0x2
core   0: 3 0x8000b2f8 (0x00002f17) x30 0x8000d2f8
core   0: 0x8000b2fc (0xd03f2423) sw      gp, -760(t5)
core   0: 3 0x8000b2fc (0xd03f2423) mem 0x8000d000 0x00000001
core   0: 0x8000b300 (0xff9ff06f) j       pc - 0x8
core   0: 3 0x8000b300 (0xff9ff06f)
core   0: 0x8000b2f8 (0x00002f17) auipc   t5, 0x2
core   0: 3 0x8000b2f8 (0x00002f17) x30 0x8000d2f8
core   0: 0x8000b2fc (0xd03f2423) sw      gp, -760(t5)
core   0: 3 0x8000b2fc (0xd03f2423) mem 0x8000d000 0x00000001
core   0: 0x8000b300 (0xff9ff06f) j       pc - 0x8
core   0: 3 0x8000b300 (0xff9ff06f)
core   0: 0x8000b2f8 (0x00002f17) auipc   t5, 0x2
core   0: 3 0x8000b2f8 (0x00002f17) x30 0x8000d2f8
core   0: 0x8000b2fc (0xd03f2423) sw      gp, -760(t5)
core   0: 3 0x8000b2fc (0xd03f2423) mem 0x8000d000 0x00000001
core   0: 0x8000b300 (0xff9ff06f) j       pc - 0x8
core   0: 3 0x8000b300 (0xff9ff06f)
core   0: 0x8000b2f8 (0x00002f17) auipc   t5, 0x2
core   0: 3 0x8000b2f8 (0x00002f17) x30 0x8000d2f8
core   0: 0x8000b2fc (0xd03f2423) sw      gp, -760(t5)
core   0: 3 0x8000b2fc (0xd03f2423) mem 0x8000d000 0x00000001
core   0: 0x8000b300 (0xff9ff06f) j       pc - 0x8
core   0: 3 0x8000b300 (0xff9ff06f)
core   0: 0x8000b2f8 (0x00002f17) auipc   t5, 0x2
core   0: 3 0x8000b2f8 (0x00002f17) x30 0x8000d2f8
core   0: 0x8000b2fc (0xd03f2423) sw      gp, -760(t5)
core   0: 3 0x8000b2fc (0xd03f2423) mem 0x8000d000 0x00000001
core   0: 0x8000b300 (0xff9ff06f) j       pc - 0x8
core   0: 3 0x8000b300 (0xff9ff06f)
core   0: 0x8000b2f8 (0x00002f17) auipc   t5, 0x2
core   0: 3 0x8000b2f8 (0x00002f17) x30 0x8000d2f8
core   0: 0x8000b2fc (0xd03f2423) sw      gp, -760(t5)
core   0: 3 0x8000b2fc (0xd03f2423) mem 0x8000d000 0x00000001
core   0: 0x8000b300 (0xff9ff06f) j       pc - 0x8
core   0: 3 0x8000b300 (0xff9ff06f)
core   0: 0x8000b2f8 (0x00002f17) auipc   t5, 0x2
core   0: 3 0x8000b2f8 (0x00002f17) x30 0x8000d2f8
core   0: 0x8000b2fc (0xd03f2423) sw      gp, -760(t5)
core   0: 3 0x8000b2fc (0xd03f2423) mem 0x8000d000 0x00000001
core   0: 0x8000b300 (0xff9ff06f) j       pc - 0x8
core   0: 3 0x8000b300 (0xff9ff06f)
core   0: 0x8000b2f8 (0x00002f17) auipc   t5, 0x2
core   0: 3 0x8000b2f8 (0x00002f17) x30 0x8000d2f8
core   0: 0x8000b2fc (0xd03f2423) sw      gp, -760(t5)
core   0: 3 0x8000b2fc (0xd03f2423) mem 0x8000d000 0x00000001
core   0: 0x8000b300 (0xff9ff06f) j       pc - 0x8
core   0: 3 0x8000b300 (0xff9ff06f)
core   0: 0x8000b2f8 (0x00002f17) auipc   t5, 0x2
core   0: 3 0x8000b2f8 (0x00002f17) x30 0x8000d2f8
core   0: 0x8000b2fc (0xd03f2423) sw      gp, -760(t5)
core   0: 3 0x8000b2fc (0xd03f2423) mem 0x8000d000 0x00000001
core   0: 0x8000b300 (0xff9ff06f) j       pc - 0x8
core   0: 3 0x8000b300 (0xff9ff06f)
core   0: 0x8000b2f8 (0x00002f17) auipc   t5, 0x2
core   0: 3 0x8000b2f8 (0x00002f17) x30 0x8000d2f8
core   0: 0x8000b2fc (0xd03f2423) sw      gp, -760(t5)
core   0: 3 0x8000b2fc (0xd03f2423) mem 0x8000d000 0x00000001
core   0: 0x8000b300 (0xff9ff06f) j       pc - 0x8
core   0: 3 0x8000b300 (0xff9ff06f)
core   0: 0x8000b2f8 (0x00002f17) auipc   t5, 0x2
core   0: 3 0x8000b2f8 (0x00002f17) x30 0x8000d2f8
core   0: 0x8000b2fc (0xd03f2423) sw      gp, -760(t5)
core   0: 3 0x8000b2fc (0xd03f2423) mem 0x8000d000 0x00000001
core   0: 0x8000b300 (0xff9ff06f) j       pc - 0x8
core   0: 3 0x8000b300 (0xff9ff06f)
core   0: 0x8000b2f8 (0x00002f17) auipc   t5, 0x2
core   0: 3 0x8000b2f8 (0x00002f17) x30 0x8000d2f8
core   0: 0x8000b2fc (0xd03f2423) sw      gp, -760(t5)
core   0: 3 0x8000b2fc (0xd03f2423) mem 0x8000d000 0x00000001
core   0: 0x8000b300 (0xff9ff06f) j       pc - 0x8
core   0: 3 0x8000b300 (0xff9ff06f)
core   0: 0x8000b2f8 (0x00002f17) auipc   t5, 0x2
core   0: 3 0x8000b2f8 (0x00002f17) x30 0x8000d2f8
core   0: 0x8000b2fc (0xd03f2423) sw      gp, -760(t5)
core   0: 3 0x8000b2fc (0xd03f2423) mem 0x8000d000 0x00000001
core   0: 0x8000b300 (0xff9ff06f) j       pc - 0x8
core   0: 3 0x8000b300 (0xff9ff06f)
core   0: 0x8000b2f8 (0x00002f17) auipc   t5, 0x2
core   0: 3 0x8000b2f8 (0x00002f17) x30 0x8000d2f8
core   0: 0x8000b2fc (0xd03f2423) sw      gp, -760(t5)
core   0: 3 0x8000b2fc (0xd03f2423) mem 0x8000d000 0x00000001
core   0: 0x8000b300 (0xff9ff06f) j       pc - 0x8
core   0: 3 0x8000b300 (0xff9ff06f)
core   0: 0x8000b2f8 (0x00002f17) auipc   t5, 0x2
core   0: 3 0x8000b2f8 (0x00002f17) x30 0x8000d2f8
core   0: 0x8000b2fc (0xd03f2423) sw      gp, -760(t5)
core   0: 3 0x8000b2fc (0xd03f2423) mem 0x8000d000 0x00000001
core   0: 0x8000b300 (0xff9ff06f) j       pc - 0x8
core   0: 3 0x8000b300 (0xff9ff06f)
core   0: 0x8000b2f8 (0x00002f17) auipc   t5, 0x2
core   0: 3 0x8000b2f8 (0x00002f17) x30 0x8000d2f8
core   0: 0x8000b2fc (0xd03f2423) sw      gp, -760(t5)
core   0: 3 0x8000b2fc (0xd03f2423) mem 0x8000d000 0x00000001
core   0: 0x8000b300 (0xff9ff06f) j       pc - 0x8
core   0: 3 0x8000b300 (0xff9ff06f)
core   0: 0x8000b2f8 (0x00002f17) auipc   t5, 0x2
core   0: 3 0x8000b2f8 (0x00002f17) x30 0x8000d2f8
core   0: 0x8000b2fc (0xd03f2423) sw      gp, -760(t5)
core   0: 3 0x8000b2fc (0xd03f2423) mem 0x8000d000 0x00000001
core   0: 0x8000b300 (0xff9ff06f) j       pc - 0x8
core   0: 3 0x8000b300 (0xff9ff06f)
core   0: 0x8000b2f8 (0x00002f17) auipc   t5, 0x2
core   0: 3 0x8000b2f8 (0x00002f17) x30 0x8000d2f8
core   0: 0x8000b2fc (0xd03f2423) sw      gp, -760(t5)
core   0: 3 0x8000b2fc (0xd03f2423) mem 0x8000d000 0x00000001
core   0: 0x8000b300 (0xff9ff06f) j       pc - 0x8
core   0: 3 0x8000b300 (0xff9ff06f)
core   0: 0x8000b2f8 (0x00002f17) auipc   t5, 0x2
core   0: 3 0x8000b2f8 (0x00002f17) x30 0x8000d2f8
core   0: 0x8000b2fc (0xd03f2423) sw      gp, -760(t5)
core   0: 3 0x8000b2fc (0xd03f2423) mem 0x8000d000 0x00000001
core   0: 0x8000b300 (0xff9ff06f) j       pc - 0x8
core   0: 3 0x8000b300 (0xff9ff06f)
core   0: 0x8000b2f8 (0x00002f17) auipc   t5, 0x2
core   0: 3 0x8000b2f8 (0x00002f17) x30 0x8000d2f8
core   0: 0x8000b2fc (0xd03f2423) sw      gp, -760(t5)
core   0: 3 0x8000b2fc (0xd03f2423) mem 0x8000d000 0x00000001
core   0: 0x8000b300 (0xff9ff06f) j       pc - 0x8
core   0: 3 0x8000b300 (0xff9ff06f)
core   0: 0x8000b2f8 (0x00002f17) auipc   t5, 0x2
core   0: 3 0x8000b2f8 (0x00002f17) x30 0x8000d2f8
core   0: 0x8000b2fc (0xd03f2423) sw      gp, -760(t5)
core   0: 3 0x8000b2fc (0xd03f2423) mem 0x8000d000 0x00000001
core   0: 0x8000b300 (0xff9ff06f) j       pc - 0x8
core   0: 3 0x8000b300 (0xff9ff06f)
core   0: 0x8000b2f8 (0x00002f17) auipc   t5, 0x2
core   0: 3 0x8000b2f8 (0x00002f17) x30 0x8000d2f8
core   0: 0x8000b2fc (0xd03f2423) sw      gp, -760(t5)
core   0: 3 0x8000b2fc (0xd03f2423) mem 0x8000d000 0x00000001
core   0: 0x8000b300 (0xff9ff06f) j       pc - 0x8
core   0: 3 0x8000b300 (0xff9ff06f)
core   0: 0x8000b2f8 (0x00002f17) auipc   t5, 0x2
core   0: 3 0x8000b2f8 (0x00002f17) x30 0x8000d2f8
core   0: 0x8000b2fc (0xd03f2423) sw      gp, -760(t5)
core   0: 3 0x8000b2fc (0xd03f2423) mem 0x8000d000 0x00000001
core   0: 0x8000b300 (0xff9ff06f) j       pc - 0x8
core   0: 3 0x8000b300 (0xff9ff06f)
core   0: 0x8000b2f8 (0x00002f17) auipc   t5, 0x2
core   0: 3 0x8000b2f8 (0x00002f17) x30 0x8000d2f8
core   0: 0x8000b2fc (0xd03f2423) sw      gp, -760(t5)
core   0: 3 0x8000b2fc (0xd03f2423) mem 0x8000d000 0x00000001
core   0: 0x8000b300 (0xff9ff06f) j       pc - 0x8
core   0: 3 0x8000b300 (0xff9ff06f)
core   0: 0x8000b2f8 (0x00002f17) auipc   t5, 0x2
core   0: 3 0x8000b2f8 (0x00002f17) x30 0x8000d2f8
core   0: 0x8000b2fc (0xd03f2423) sw      gp, -760(t5)
core   0: 3 0x8000b2fc (0xd03f2423) mem 0x8000d000 0x00000001
core   0: 0x8000b300 (0xff9ff06f) j       pc - 0x8
core   0: 3 0x8000b300 (0xff9ff06f)
core   0: 0x8000b2f8 (0x00002f17) auipc   t5, 0x2
core   0: 3 0x8000b2f8 (0x00002f17) x30 0x8000d2f8
core   0: 0x8000b2fc (0xd03f2423) sw      gp, -760(t5)
core   0: 3 0x8000b2fc (0xd03f2423) mem 0x8000d000 0x00000001
core   0: 0x8000b300 (0xff9ff06f) j       pc - 0x8
core   0: 3 0x8000b300 (0xff9ff06f)
core   0: 0x8000b2f8 (0x00002f17) auipc   t5, 0x2
core   0: 3 0x8000b2f8 (0x00002f17) x30 0x8000d2f8
core   0: 0x8000b2fc (0xd03f2423) sw      gp, -760(t5)
core   0: 3 0x8000b2fc (0xd03f2423) mem 0x8000d000 0x00000001
core   0: 0x8000b300 (0xff9ff06f) j       pc - 0x8
core   0: 3 0x8000b300 (0xff9ff06f)
core   0: 0x8000b2f8 (0x00002f17) auipc   t5, 0x2
core   0: 3 0x8000b2f8 (0x00002f17) x30 0x8000d2f8
core   0: 0x8000b2fc (0xd03f2423) sw      gp, -760(t5)
core   0: 3 0x8000b2fc (0xd03f2423) mem 0x8000d000 0x00000001
core   0: 0x8000b300 (0xff9ff06f) j       pc - 0x8
core   0: 3 0x8000b300 (0xff9ff06f)
core   0: 0x8000b2f8 (0x00002f17) auipc   t5, 0x2
core   0: 3 0x8000b2f8 (0x00002f17) x30 0x8000d2f8
core   0: 0x8000b2fc (0xd03f2423) sw      gp, -760(t5)
core   0: 3 0x8000b2fc (0xd03f2423) mem 0x8000d000 0x00000001
core   0: 0x8000b300 (0xff9ff06f) j       pc - 0x8
core   0: 3 0x8000b300 (0xff9ff06f)
core   0: 0x8000b2f8 (0x00002f17) auipc   t5, 0x2
core   0: 3 0x8000b2f8 (0x00002f17) x30 0x8000d2f8
core   0: 0x8000b2fc (0xd03f2423) sw      gp, -760(t5)
core   0: 3 0x8000b2fc (0xd03f2423) mem 0x8000d000 0x00000001
core   0: 0x8000b300 (0xff9ff06f) j       pc - 0x8
core   0: 3 0x8000b300 (0xff9ff06f)
core   0: 0x8000b2f8 (0x00002f17) auipc   t5, 0x2
core   0: 3 0x8000b2f8 (0x00002f17) x30 0x8000d2f8
core   0: 0x8000b2fc (0xd03f2423) sw      gp, -760(t5)
core   0: 3 0x8000b2fc (0xd03f2423) mem 0x8000d000 0x00000001
core   0: 0x8000b300 (0xff9ff06f) j       pc - 0x8
core   0: 3 0x8000b300 (0xff9ff06f)
core   0: 0x8000b2f8 (0x00002f17) auipc   t5, 0x2
core   0: 3 0x8000b2f8 (0x00002f17) x30 0x8000d2f8
core   0: 0x8000b2fc (0xd03f2423) sw      gp, -760(t5)
core   0: 3 0x8000b2fc (0xd03f2423) mem 0x8000d000 0x00000001
core   0: 0x8000b300 (0xff9ff06f) j       pc - 0x8
core   0: 3 0x8000b300 (0xff9ff06f)
core   0: 0x8000b2f8 (0x00002f17) auipc   t5, 0x2
core   0: 3 0x8000b2f8 (0x00002f17) x30 0x8000d2f8
core   0: 0x8000b2fc (0xd03f2423) sw      gp, -760(t5)
core   0: 3 0x8000b2fc (0xd03f2423) mem 0x8000d000 0x00000001
core   0: 0x8000b300 (0xff9ff06f) j       pc - 0x8
core   0: 3 0x8000b300 (0xff9ff06f)
core   0: 0x8000b2f8 (0x00002f17) auipc   t5, 0x2
core   0: 3 0x8000b2f8 (0x00002f17) x30 0x8000d2f8
core   0: 0x8000b2fc (0xd03f2423) sw      gp, -760(t5)
core   0: 3 0x8000b2fc (0xd03f2423) mem 0x8000d000 0x00000001
core   0: 0x8000b300 (0xff9ff06f) j       pc - 0x8
core   0: 3 0x8000b300 (0xff9ff06f)
core   0: 0x8000b2f8 (0x00002f17) auipc   t5, 0x2
core   0: 3 0x8000b2f8 (0x00002f17) x30 0x8000d2f8
core   0: 0x8000b2fc (0xd03f2423) sw      gp, -760(t5)
core   0: 3 0x8000b2fc (0xd03f2423) mem 0x8000d000 0x00000001
core   0: 0x8000b300 (0xff9ff06f) j       pc - 0x8
core   0: 3 0x8000b300 (0xff9ff06f)
core   0: 0x8000b2f8 (0x00002f17) auipc   t5, 0x2
core   0: 3 0x8000b2f8 (0x00002f17) x30 0x8000d2f8
core   0: 0x8000b2fc (0xd03f2423) sw      gp, -760(t5)
core   0: 3 0x8000b2fc (0xd03f2423) mem 0x8000d000 0x00000001
core   0: 0x8000b300 (0xff9ff06f) j       pc - 0x8
core   0: 3 0x8000b300 (0xff9ff06f)
core   0: 0x8000b2f8 (0x00002f17) auipc   t5, 0x2
core   0: 3 0x8000b2f8 (0x00002f17) x30 0x8000d2f8
core   0: 0x8000b2fc (0xd03f2423) sw      gp, -760(t5)
core   0: 3 0x8000b2fc (0xd03f2423) mem 0x8000d000 0x00000001
core   0: 0x8000b300 (0xff9ff06f) j       pc - 0x8
core   0: 3 0x8000b300 (0xff9ff06f)
core   0: 0x8000b2f8 (0x00002f17) auipc   t5, 0x2
core   0: 3 0x8000b2f8 (0x00002f17) x30 0x8000d2f8
core   0: 0x8000b2fc (0xd03f2423) sw      gp, -760(t5)
core   0: 3 0x8000b2fc (0xd03f2423) mem 0x8000d000 0x00000001
core   0: 0x8000b300 (0xff9ff06f) j       pc - 0x8
core   0: 3 0x8000b300 (0xff9ff06f)
core   0: 0x8000b2f8 (0x00002f17) auipc   t5, 0x2
core   0: 3 0x8000b2f8 (0x00002f17) x30 0x8000d2f8
core   0: 0x8000b2fc (0xd03f2423) sw      gp, -760(t5)
core   0: 3 0x8000b2fc (0xd03f2423) mem 0x8000d000 0x00000001
core   0: 0x8000b300 (0xff9ff06f) j       pc - 0x8
core   0: 3 0x8000b300 (0xff9ff06f)
core   0: 0x8000b2f8 (0x00002f17) auipc   t5, 0x2
core   0: 3 0x8000b2f8 (0x00002f17) x30 0x8000d2f8
core   0: 0x8000b2fc (0xd03f2423) sw      gp, -760(t5)
core   0: 3 0x8000b2fc (0xd03f2423) mem 0x8000d000 0x00000001
core   0: 0x8000b300 (0xff9ff06f) j       pc - 0x8
core   0: 3 0x8000b300 (0xff9ff06f)
core   0: 0x8000b2f8 (0x00002f17) auipc   t5, 0x2
core   0: 3 0x8000b2f8 (0x00002f17) x30 0x8000d2f8
core   0: 0x8000b2fc (0xd03f2423) sw      gp, -760(t5)
core   0: 3 0x8000b2fc (0xd03f2423) mem 0x8000d000 0x00000001
core   0: 0x8000b300 (0xff9ff06f) j       pc - 0x8
core   0: 3 0x8000b300 (0xff9ff06f)
core   0: 0x8000b2f8 (0x00002f17) auipc   t5, 0x2
core   0: 3 0x8000b2f8 (0x00002f17) x30 0x8000d2f8
core   0: 0x8000b2fc (0xd03f2423) sw      gp, -760(t5)
core   0: 3 0x8000b2fc (0xd03f2423) mem 0x8000d000 0x00000001
core   0: 0x8000b300 (0xff9ff06f) j       pc - 0x8
core   0: 3 0x8000b300 (0xff9ff06f)
core   0: 0x8000b2f8 (0x00002f17) auipc   t5, 0x2
core   0: 3 0x8000b2f8 (0x00002f17) x30 0x8000d2f8
core   0: 0x8000b2fc (0xd03f2423) sw      gp, -760(t5)
core   0: 3 0x8000b2fc (0xd03f2423) mem 0x8000d000 0x00000001
core   0: 0x8000b300 (0xff9ff06f) j       pc - 0x8
core   0: 3 0x8000b300 (0xff9ff06f)
core   0: 0x8000b2f8 (0x00002f17) auipc   t5, 0x2
core   0: 3 0x8000b2f8 (0x00002f17) x30 0x8000d2f8
core   0: 0x8000b2fc (0xd03f2423) sw      gp, -760(t5)
core   0: 3 0x8000b2fc (0xd03f2423) mem 0x8000d000 0x00000001
core   0: 0x8000b300 (0xff9ff06f) j       pc - 0x8
core   0: 3 0x8000b300 (0xff9ff06f)
core   0: 0x8000b2f8 (0x00002f17) auipc   t5, 0x2
core   0: 3 0x8000b2f8 (0x00002f17) x30 0x8000d2f8
core   0: 0x8000b2fc (0xd03f2423) sw      gp, -760(t5)
core   0: 3 0x8000b2fc (0xd03f2423) mem 0x8000d000 0x00000001
core   0: 0x8000b300 (0xff9ff06f) j       pc - 0x8
core   0: 3 0x8000b300 (0xff9ff06f)
core   0: 0x8000b2f8 (0x00002f17) auipc   t5, 0x2
core   0: 3 0x8000b2f8 (0x00002f17) x30 0x8000d2f8
core   0: 0x8000b2fc (0xd03f2423) sw      gp, -760(t5)
core   0: 3 0x8000b2fc (0xd03f2423) mem 0x8000d000 0x00000001
core   0: 0x8000b300 (0xff9ff06f) j       pc - 0x8
core   0: 3 0x8000b300 (0xff9ff06f)
core   0: 0x8000b2f8 (0x00002f17) auipc   t5, 0x2
core   0: 3 0x8000b2f8 (0x00002f17) x30 0x8000d2f8
core   0: 0x8000b2fc (0xd03f2423) sw      gp, -760(t5)
core   0: 3 0x8000b2fc (0xd03f2423) mem 0x8000d000 0x00000001
core   0: 0x8000b300 (0xff9ff06f) j       pc - 0x8
core   0: 3 0x8000b300 (0xff9ff06f)
core   0: 0x8000b2f8 (0x00002f17) auipc   t5, 0x2
core   0: 3 0x8000b2f8 (0x00002f17) x30 0x8000d2f8
core   0: 0x8000b2fc (0xd03f2423) sw      gp, -760(t5)
core   0: 3 0x8000b2fc (0xd03f2423) mem 0x8000d000 0x00000001
core   0: 0x8000b300 (0xff9ff06f) j       pc - 0x8
core   0: 3 0x8000b300 (0xff9ff06f)
core   0: 0x8000b2f8 (0x00002f17) auipc   t5, 0x2
core   0: 3 0x8000b2f8 (0x00002f17) x30 0x8000d2f8
core   0: 0x8000b2fc (0xd03f2423) sw      gp, -760(t5)
core   0: 3 0x8000b2fc (0xd03f2423) mem 0x8000d000 0x00000001
core   0: 0x8000b300 (0xff9ff06f) j       pc - 0x8
core   0: 3 0x8000b300 (0xff9ff06f)
core   0: 0x8000b2f8 (0x00002f17) auipc   t5, 0x2
core   0: 3 0x8000b2f8 (0x00002f17) x30 0x8000d2f8
core   0: 0x8000b2fc (0xd03f2423) sw      gp, -760(t5)
core   0: 3 0x8000b2fc (0xd03f2423) mem 0x8000d000 0x00000001
core   0: 0x8000b300 (0xff9ff06f) j       pc - 0x8
core   0: 3 0x8000b300 (0xff9ff06f)
core   0: 0x8000b2f8 (0x00002f17) auipc   t5, 0x2
core   0: 3 0x8000b2f8 (0x00002f17) x30 0x8000d2f8
core   0: 0x8000b2fc (0xd03f2423) sw      gp, -760(t5)
core   0: 3 0x8000b2fc (0xd03f2423) mem 0x8000d000 0x00000001
core   0: 0x8000b300 (0xff9ff06f) j       pc - 0x8
core   0: 3 0x8000b300 (0xff9ff06f)
core   0: 0x8000b2f8 (0x00002f17) auipc   t5, 0x2
core   0: 3 0x8000b2f8 (0x00002f17) x30 0x8000d2f8
core   0: 0x8000b2fc (0xd03f2423) sw      gp, -760(t5)
core   0: 3 0x8000b2fc (0xd03f2423) mem 0x8000d000 0x00000001
core   0: 0x8000b300 (0xff9ff06f) j       pc - 0x8
core   0: 3 0x8000b300 (0xff9ff06f)
core   0: 0x8000b2f8 (0x00002f17) auipc   t5, 0x2
core   0: 3 0x8000b2f8 (0x00002f17) x30 0x8000d2f8
core   0: 0x8000b2fc (0xd03f2423) sw      gp, -760(t5)
core   0: 3 0x8000b2fc (0xd03f2423) mem 0x8000d000 0x00000001
core   0: 0x8000b300 (0xff9ff06f) j       pc - 0x8
core   0: 3 0x8000b300 (0xff9ff06f)
core   0: 0x8000b2f8 (0x00002f17) auipc   t5, 0x2
core   0: 3 0x8000b2f8 (0x00002f17) x30 0x8000d2f8
core   0: 0x8000b2fc (0xd03f2423) sw      gp, -760(t5)
core   0: 3 0x8000b2fc (0xd03f2423) mem 0x8000d000 0x00000001
core   0: 0x8000b300 (0xff9ff06f) j       pc - 0x8
core   0: 3 0x8000b300 (0xff9ff06f)
core   0: 0x8000b2f8 (0x00002f17) auipc   t5, 0x2
core   0: 3 0x8000b2f8 (0x00002f17) x30 0x8000d2f8
core   0: 0x8000b2fc (0xd03f2423) sw      gp, -760(t5)
core   0: 3 0x8000b2fc (0xd03f2423) mem 0x8000d000 0x00000001
core   0: 0x8000b300 (0xff9ff06f) j       pc - 0x8
core   0: 3 0x8000b300 (0xff9ff06f)
core   0: 0x8000b2f8 (0x00002f17) auipc   t5, 0x2
core   0: 3 0x8000b2f8 (0x00002f17) x30 0x8000d2f8
core   0: 0x8000b2fc (0xd03f2423) sw      gp, -760(t5)
core   0: 3 0x8000b2fc (0xd03f2423) mem 0x8000d000 0x00000001
core   0: 0x8000b300 (0xff9ff06f) j       pc - 0x8
core   0: 3 0x8000b300 (0xff9ff06f)
core   0: 0x8000b2f8 (0x00002f17) auipc   t5, 0x2
core   0: 3 0x8000b2f8 (0x00002f17) x30 0x8000d2f8
core   0: 0x8000b2fc (0xd03f2423) sw      gp, -760(t5)
core   0: 3 0x8000b2fc (0xd03f2423) mem 0x8000d000 0x00000001
core   0: 0x8000b300 (0xff9ff06f) j       pc - 0x8
core   0: 3 0x8000b300 (0xff9ff06f)
core   0: 0x8000b2f8 (0x00002f17) auipc   t5, 0x2
core   0: 3 0x8000b2f8 (0x00002f17) x30 0x8000d2f8
core   0: 0x8000b2fc (0xd03f2423) sw      gp, -760(t5)
core   0: 3 0x8000b2fc (0xd03f2423) mem 0x8000d000 0x00000001
core   0: 0x8000b300 (0xff9ff06f) j       pc - 0x8
core   0: 3 0x8000b300 (0xff9ff06f)
core   0: 0x8000b2f8 (0x00002f17) auipc   t5, 0x2
core   0: 3 0x8000b2f8 (0x00002f17) x30 0x8000d2f8
core   0: 0x8000b2fc (0xd03f2423) sw      gp, -760(t5)
core   0: 3 0x8000b2fc (0xd03f2423) mem 0x8000d000 0x00000001
core   0: 0x8000b300 (0xff9ff06f) j       pc - 0x8
core   0: 3 0x8000b300 (0xff9ff06f)
core   0: 0x8000b2f8 (0x00002f17) auipc   t5, 0x2
core   0: 3 0x8000b2f8 (0x00002f17) x30 0x8000d2f8
core   0: 0x8000b2fc (0xd03f2423) sw      gp, -760(t5)
core   0: 3 0x8000b2fc (0xd03f2423) mem 0x8000d000 0x00000001
core   0: 0x8000b300 (0xff9ff06f) j       pc - 0x8
core   0: 3 0x8000b300 (0xff9ff06f)
core   0: 0x8000b2f8 (0x00002f17) auipc   t5, 0x2
core   0: 3 0x8000b2f8 (0x00002f17) x30 0x8000d2f8
core   0: 0x8000b2fc (0xd03f2423) sw      gp, -760(t5)
core   0: 3 0x8000b2fc (0xd03f2423) mem 0x8000d000 0x00000001
core   0: 0x8000b300 (0xff9ff06f) j       pc - 0x8
core   0: 3 0x8000b300 (0xff9ff06f)
core   0: 0x8000b2f8 (0x00002f17) auipc   t5, 0x2
core   0: 3 0x8000b2f8 (0x00002f17) x30 0x8000d2f8
core   0: 0x8000b2fc (0xd03f2423) sw      gp, -760(t5)
core   0: 3 0x8000b2fc (0xd03f2423) mem 0x8000d000 0x00000001
core   0: 0x8000b300 (0xff9ff06f) j       pc - 0x8
core   0: 3 0x8000b300 (0xff9ff06f)
core   0: 0x8000b2f8 (0x00002f17) auipc   t5, 0x2
core   0: 3 0x8000b2f8 (0x00002f17) x30 0x8000d2f8
core   0: 0x8000b2fc (0xd03f2423) sw      gp, -760(t5)
core   0: 3 0x8000b2fc (0xd03f2423) mem 0x8000d000 0x00000001
core   0: 0x8000b300 (0xff9ff06f) j       pc - 0x8
core   0: 3 0x8000b300 (0xff9ff06f)
core   0: 0x8000b2f8 (0x00002f17) auipc   t5, 0x2
core   0: 3 0x8000b2f8 (0x00002f17) x30 0x8000d2f8
core   0: 0x8000b2fc (0xd03f2423) sw      gp, -760(t5)
core   0: 3 0x8000b2fc (0xd03f2423) mem 0x8000d000 0x00000001
core   0: 0x8000b300 (0xff9ff06f) j       pc - 0x8
core   0: 3 0x8000b300 (0xff9ff06f)
core   0: 0x8000b2f8 (0x00002f17) auipc   t5, 0x2
core   0: 3 0x8000b2f8 (0x00002f17) x30 0x8000d2f8
core   0: 0x8000b2fc (0xd03f2423) sw      gp, -760(t5)
core   0: 3 0x8000b2fc (0xd03f2423) mem 0x8000d000 0x00000001
core   0: 0x8000b300 (0xff9ff06f) j       pc - 0x8
core   0: 3 0x8000b300 (0xff9ff06f)
core   0: 0x8000b2f8 (0x00002f17) auipc   t5, 0x2
core   0: 3 0x8000b2f8 (0x00002f17) x30 0x8000d2f8
core   0: 0x8000b2fc (0xd03f2423) sw      gp, -760(t5)
core   0: 3 0x8000b2fc (0xd03f2423) mem 0x8000d000 0x00000001
core   0: 0x8000b300 (0xff9ff06f) j       pc - 0x8
core   0: 3 0x8000b300 (0xff9ff06f)
core   0: 0x8000b2f8 (0x00002f17) auipc   t5, 0x2
core   0: 3 0x8000b2f8 (0x00002f17) x30 0x8000d2f8
core   0: 0x8000b2fc (0xd03f2423) sw      gp, -760(t5)
core   0: 3 0x8000b2fc (0xd03f2423) mem 0x8000d000 0x00000001
core   0: 0x8000b300 (0xff9ff06f) j       pc - 0x8
core   0: 3 0x8000b300 (0xff9ff06f)
core   0: 0x8000b2f8 (0x00002f17) auipc   t5, 0x2
core   0: 3 0x8000b2f8 (0x00002f17) x30 0x8000d2f8
core   0: 0x8000b2fc (0xd03f2423) sw      gp, -760(t5)
core   0: 3 0x8000b2fc (0xd03f2423) mem 0x8000d000 0x00000001
core   0: 0x8000b300 (0xff9ff06f) j       pc - 0x8
core   0: 3 0x8000b300 (0xff9ff06f)
core   0: 0x8000b2f8 (0x00002f17) auipc   t5, 0x2
core   0: 3 0x8000b2f8 (0x00002f17) x30 0x8000d2f8
core   0: 0x8000b2fc (0xd03f2423) sw      gp, -760(t5)
core   0: 3 0x8000b2fc (0xd03f2423) mem 0x8000d000 0x00000001
core   0: 0x8000b300 (0xff9ff06f) j       pc - 0x8
core   0: 3 0x8000b300 (0xff9ff06f)
core   0: 0x8000b2f8 (0x00002f17) auipc   t5, 0x2
core   0: 3 0x8000b2f8 (0x00002f17) x30 0x8000d2f8
core   0: 0x8000b2fc (0xd03f2423) sw      gp, -760(t5)
core   0: 3 0x8000b2fc (0xd03f2423) mem 0x8000d000 0x00000001
core   0: 0x8000b300 (0xff9ff06f) j       pc - 0x8
core   0: 3 0x8000b300 (0xff9ff06f)
core   0: 0x8000b2f8 (0x00002f17) auipc   t5, 0x2
core   0: 3 0x8000b2f8 (0x00002f17) x30 0x8000d2f8
core   0: 0x8000b2fc (0xd03f2423) sw      gp, -760(t5)
core   0: 3 0x8000b2fc (0xd03f2423) mem 0x8000d000 0x00000001
core   0: 0x8000b300 (0xff9ff06f) j       pc - 0x8
core   0: 3 0x8000b300 (0xff9ff06f)
core   0: 0x8000b2f8 (0x00002f17) auipc   t5, 0x2
core   0: 3 0x8000b2f8 (0x00002f17) x30 0x8000d2f8
core   0: 0x8000b2fc (0xd03f2423) sw      gp, -760(t5)
core   0: 3 0x8000b2fc (0xd03f2423) mem 0x8000d000 0x00000001
core   0: 0x8000b300 (0xff9ff06f) j       pc - 0x8
core   0: 3 0x8000b300 (0xff9ff06f)
core   0: 0x8000b2f8 (0x00002f17) auipc   t5, 0x2
core   0: 3 0x8000b2f8 (0x00002f17) x30 0x8000d2f8
core   0: 0x8000b2fc (0xd03f2423) sw      gp, -760(t5)
core   0: 3 0x8000b2fc (0xd03f2423) mem 0x8000d000 0x00000001
core   0: 0x8000b300 (0xff9ff06f) j       pc - 0x8
core   0: 3 0x8000b300 (0xff9ff06f)
core   0: 0x8000b2f8 (0x00002f17) auipc   t5, 0x2
core   0: 3 0x8000b2f8 (0x00002f17) x30 0x8000d2f8
core   0: 0x8000b2fc (0xd03f2423) sw      gp, -760(t5)
core   0: 3 0x8000b2fc (0xd03f2423) mem 0x8000d000 0x00000001
core   0: 0x8000b300 (0xff9ff06f) j       pc - 0x8
core   0: 3 0x8000b300 (0xff9ff06f)
core   0: 0x8000b2f8 (0x00002f17) auipc   t5, 0x2
core   0: 3 0x8000b2f8 (0x00002f17) x30 0x8000d2f8
core   0: 0x8000b2fc (0xd03f2423) sw      gp, -760(t5)
core   0: 3 0x8000b2fc (0xd03f2423) mem 0x8000d000 0x00000001
core   0: 0x8000b300 (0xff9ff06f) j       pc - 0x8
core   0: 3 0x8000b300 (0xff9ff06f)
core   0: 0x8000b2f8 (0x00002f17) auipc   t5, 0x2
core   0: 3 0x8000b2f8 (0x00002f17) x30 0x8000d2f8
core   0: 0x8000b2fc (0xd03f2423) sw      gp, -760(t5)
core   0: 3 0x8000b2fc (0xd03f2423) mem 0x8000d000 0x00000001
core   0: 0x8000b300 (0xff9ff06f) j       pc - 0x8
core   0: 3 0x8000b300 (0xff9ff06f)
core   0: 0x8000b2f8 (0x00002f17) auipc   t5, 0x2
core   0: 3 0x8000b2f8 (0x00002f17) x30 0x8000d2f8
core   0: 0x8000b2fc (0xd03f2423) sw      gp, -760(t5)
core   0: 3 0x8000b2fc (0xd03f2423) mem 0x8000d000 0x00000001
core   0: 0x8000b300 (0xff9ff06f) j       pc - 0x8
core   0: 3 0x8000b300 (0xff9ff06f)
core   0: 0x8000b2f8 (0x00002f17) auipc   t5, 0x2
core   0: 3 0x8000b2f8 (0x00002f17) x30 0x8000d2f8
core   0: 0x8000b2fc (0xd03f2423) sw      gp, -760(t5)
core   0: 3 0x8000b2fc (0xd03f2423) mem 0x8000d000 0x00000001
core   0: 0x8000b300 (0xff9ff06f) j       pc - 0x8
core   0: 3 0x8000b300 (0xff9ff06f)
core   0: 0x8000b2f8 (0x00002f17) auipc   t5, 0x2
core   0: 3 0x8000b2f8 (0x00002f17) x30 0x8000d2f8
core   0: 0x8000b2fc (0xd03f2423) sw      gp, -760(t5)
core   0: 3 0x8000b2fc (0xd03f2423) mem 0x8000d000 0x00000001
core   0: 0x8000b300 (0xff9ff06f) j       pc - 0x8
core   0: 3 0x8000b300 (0xff9ff06f)
core   0: 0x8000b2f8 (0x00002f17) auipc   t5, 0x2
core   0: 3 0x8000b2f8 (0x00002f17) x30 0x8000d2f8
core   0: 0x8000b2fc (0xd03f2423) sw      gp, -760(t5)
core   0: 3 0x8000b2fc (0xd03f2423) mem 0x8000d000 0x00000001
core   0: 0x8000b300 (0xff9ff06f) j       pc - 0x8
core   0: 3 0x8000b300 (0xff9ff06f)
core   0: 0x8000b2f8 (0x00002f17) auipc   t5, 0x2
core   0: 3 0x8000b2f8 (0x00002f17) x30 0x8000d2f8
core   0: 0x8000b2fc (0xd03f2423) sw      gp, -760(t5)
core   0: 3 0x8000b2fc (0xd03f2423) mem 0x8000d000 0x00000001
core   0: 0x8000b300 (0xff9ff06f) j       pc - 0x8
core   0: 3 0x8000b300 (0xff9ff06f)
core   0: 0x8000b2f8 (0x00002f17) auipc   t5, 0x2
core   0: 3 0x8000b2f8 (0x00002f17) x30 0x8000d2f8
core   0: 0x8000b2fc (0xd03f2423) sw      gp, -760(t5)
core   0: 3 0x8000b2fc (0xd03f2423) mem 0x8000d000 0x00000001
core   0: 0x8000b300 (0xff9ff06f) j       pc - 0x8
core   0: 3 0x8000b300 (0xff9ff06f)
core   0: 0x8000b2f8 (0x00002f17) auipc   t5, 0x2
core   0: 3 0x8000b2f8 (0x00002f17) x30 0x8000d2f8
core   0: 0x8000b2fc (0xd03f2423) sw      gp, -760(t5)
core   0: 3 0x8000b2fc (0xd03f2423) mem 0x8000d000 0x00000001
core   0: 0x8000b300 (0xff9ff06f) j       pc - 0x8
core   0: 3 0x8000b300 (0xff9ff06f)
core   0: 0x8000b2f8 (0x00002f17) auipc   t5, 0x2
core   0: 3 0x8000b2f8 (0x00002f17) x30 0x8000d2f8
core   0: 0x8000b2fc (0xd03f2423) sw      gp, -760(t5)
core   0: 3 0x8000b2fc (0xd03f2423) mem 0x8000d000 0x00000001
core   0: 0x8000b300 (0xff9ff06f) j       pc - 0x8
core   0: 3 0x8000b300 (0xff9ff06f)
core   0: 0x8000b2f8 (0x00002f17) auipc   t5, 0x2
core   0: 3 0x8000b2f8 (0x00002f17) x30 0x8000d2f8
core   0: 0x8000b2fc (0xd03f2423) sw      gp, -760(t5)
core   0: 3 0x8000b2fc (0xd03f2423) mem 0x8000d000 0x00000001
core   0: 0x8000b300 (0xff9ff06f) j       pc - 0x8
core   0: 3 0x8000b300 (0xff9ff06f)
core   0: 0x8000b2f8 (0x00002f17) auipc   t5, 0x2
core   0: 3 0x8000b2f8 (0x00002f17) x30 0x8000d2f8
core   0: 0x8000b2fc (0xd03f2423) sw      gp, -760(t5)
core   0: 3 0x8000b2fc (0xd03f2423) mem 0x8000d000 0x00000001
core   0: 0x8000b300 (0xff9ff06f) j       pc - 0x8
core   0: 3 0x8000b300 (0xff9ff06f)
core   0: 0x8000b2f8 (0x00002f17) auipc   t5, 0x2
core   0: 3 0x8000b2f8 (0x00002f17) x30 0x8000d2f8
core   0: 0x8000b2fc (0xd03f2423) sw      gp, -760(t5)
core   0: 3 0x8000b2fc (0xd03f2423) mem 0x8000d000 0x00000001
core   0: 0x8000b300 (0xff9ff06f) j       pc - 0x8
core   0: 3 0x8000b300 (0xff9ff06f)
core   0: 0x8000b2f8 (0x00002f17) auipc   t5, 0x2
core   0: 3 0x8000b2f8 (0x00002f17) x30 0x8000d2f8
core   0: 0x8000b2fc (0xd03f2423) sw      gp, -760(t5)
core   0: 3 0x8000b2fc (0xd03f2423) mem 0x8000d000 0x00000001
core   0: 0x8000b300 (0xff9ff06f) j       pc - 0x8
core   0: 3 0x8000b300 (0xff9ff06f)
core   0: 0x8000b2f8 (0x00002f17) auipc   t5, 0x2
core   0: 3 0x8000b2f8 (0x00002f17) x30 0x8000d2f8
core   0: 0x8000b2fc (0xd03f2423) sw      gp, -760(t5)
core   0: 3 0x8000b2fc (0xd03f2423) mem 0x8000d000 0x00000001
core   0: 0x8000b300 (0xff9ff06f) j       pc - 0x8
core   0: 3 0x8000b300 (0xff9ff06f)
core   0: 0x8000b2f8 (0x00002f17) auipc   t5, 0x2
core   0: 3 0x8000b2f8 (0x00002f17) x30 0x8000d2f8
core   0: 0x8000b2fc (0xd03f2423) sw      gp, -760(t5)
core   0: 3 0x8000b2fc (0xd03f2423) mem 0x8000d000 0x00000001
core   0: 0x8000b300 (0xff9ff06f) j       pc - 0x8
core   0: 3 0x8000b300 (0xff9ff06f)
core   0: 0x8000b2f8 (0x00002f17) auipc   t5, 0x2
core   0: 3 0x8000b2f8 (0x00002f17) x30 0x8000d2f8
core   0: 0x8000b2fc (0xd03f2423) sw      gp, -760(t5)
core   0: 3 0x8000b2fc (0xd03f2423) mem 0x8000d000 0x00000001
core   0: 0x8000b300 (0xff9ff06f) j       pc - 0x8
core   0: 3 0x8000b300 (0xff9ff06f)
core   0: 0x8000b2f8 (0x00002f17) auipc   t5, 0x2
core   0: 3 0x8000b2f8 (0x00002f17) x30 0x8000d2f8
core   0: 0x8000b2fc (0xd03f2423) sw      gp, -760(t5)
core   0: 3 0x8000b2fc (0xd03f2423) mem 0x8000d000 0x00000001
core   0: 0x8000b300 (0xff9ff06f) j       pc - 0x8
core   0: 3 0x8000b300 (0xff9ff06f)
core   0: 0x8000b2f8 (0x00002f17) auipc   t5, 0x2
core   0: 3 0x8000b2f8 (0x00002f17) x30 0x8000d2f8
core   0: 0x8000b2fc (0xd03f2423) sw      gp, -760(t5)
core   0: 3 0x8000b2fc (0xd03f2423) mem 0x8000d000 0x00000001
core   0: 0x8000b300 (0xff9ff06f) j       pc - 0x8
core   0: 3 0x8000b300 (0xff9ff06f)
core   0: 0x8000b2f8 (0x00002f17) auipc   t5, 0x2
core   0: 3 0x8000b2f8 (0x00002f17) x30 0x8000d2f8
core   0: 0x8000b2fc (0xd03f2423) sw      gp, -760(t5)
core   0: 3 0x8000b2fc (0xd03f2423) mem 0x8000d000 0x00000001
core   0: 0x8000b300 (0xff9ff06f) j       pc - 0x8
core   0: 3 0x8000b300 (0xff9ff06f)
core   0: 0x8000b2f8 (0x00002f17) auipc   t5, 0x2
core   0: 3 0x8000b2f8 (0x00002f17) x30 0x8000d2f8
core   0: 0x8000b2fc (0xd03f2423) sw      gp, -760(t5)
core   0: 3 0x8000b2fc (0xd03f2423) mem 0x8000d000 0x00000001
core   0: 0x8000b300 (0xff9ff06f) j       pc - 0x8
core   0: 3 0x8000b300 (0xff9ff06f)
core   0: 0x8000b2f8 (0x00002f17) auipc   t5, 0x2
core   0: 3 0x8000b2f8 (0x00002f17) x30 0x8000d2f8
core   0: 0x8000b2fc (0xd03f2423) sw      gp, -760(t5)
core   0: 3 0x8000b2fc (0xd03f2423) mem 0x8000d000 0x00000001
core   0: 0x8000b300 (0xff9ff06f) j       pc - 0x8
core   0: 3 0x8000b300 (0xff9ff06f)
core   0: 0x8000b2f8 (0x00002f17) auipc   t5, 0x2
core   0: 3 0x8000b2f8 (0x00002f17) x30 0x8000d2f8
core   0: 0x8000b2fc (0xd03f2423) sw      gp, -760(t5)
core   0: 3 0x8000b2fc (0xd03f2423) mem 0x8000d000 0x00000001
core   0: 0x8000b300 (0xff9ff06f) j       pc - 0x8
core   0: 3 0x8000b300 (0xff9ff06f)
core   0: 0x8000b2f8 (0x00002f17) auipc   t5, 0x2
core   0: 3 0x8000b2f8 (0x00002f17) x30 0x8000d2f8
core   0: 0x8000b2fc (0xd03f2423) sw      gp, -760(t5)
core   0: 3 0x8000b2fc (0xd03f2423) mem 0x8000d000 0x00000001
core   0: 0x8000b300 (0xff9ff06f) j       pc - 0x8
core   0: 3 0x8000b300 (0xff9ff06f)
core   0: 0x8000b2f8 (0x00002f17) auipc   t5, 0x2
core   0: 3 0x8000b2f8 (0x00002f17) x30 0x8000d2f8
core   0: 0x8000b2fc (0xd03f2423) sw      gp, -760(t5)
core   0: 3 0x8000b2fc (0xd03f2423) mem 0x8000d000 0x00000001
core   0: 0x8000b300 (0xff9ff06f) j       pc - 0x8
core   0: 3 0x8000b300 (0xff9ff06f)
core   0: 0x8000b2f8 (0x00002f17) auipc   t5, 0x2
core   0: 3 0x8000b2f8 (0x00002f17) x30 0x8000d2f8
core   0: 0x8000b2fc (0xd03f2423) sw      gp, -760(t5)
core   0: 3 0x8000b2fc (0xd03f2423) mem 0x8000d000 0x00000001
core   0: 0x8000b300 (0xff9ff06f) j       pc - 0x8
core   0: 3 0x8000b300 (0xff9ff06f)
core   0: 0x8000b2f8 (0x00002f17) auipc   t5, 0x2
core   0: 3 0x8000b2f8 (0x00002f17) x30 0x8000d2f8
core   0: 0x8000b2fc (0xd03f2423) sw      gp, -760(t5)
core   0: 3 0x8000b2fc (0xd03f2423) mem 0x8000d000 0x00000001
core   0: 0x8000b300 (0xff9ff06f) j       pc - 0x8
core   0: 3 0x8000b300 (0xff9ff06f)
core   0: 0x8000b2f8 (0x00002f17) auipc   t5, 0x2
core   0: 3 0x8000b2f8 (0x00002f17) x30 0x8000d2f8
core   0: 0x8000b2fc (0xd03f2423) sw      gp, -760(t5)
core   0: 3 0x8000b2fc (0xd03f2423) mem 0x8000d000 0x00000001
core   0: 0x8000b300 (0xff9ff06f) j       pc - 0x8
core   0: 3 0x8000b300 (0xff9ff06f)
core   0: 0x8000b2f8 (0x00002f17) auipc   t5, 0x2
core   0: 3 0x8000b2f8 (0x00002f17) x30 0x8000d2f8
core   0: 0x8000b2fc (0xd03f2423) sw      gp, -760(t5)
core   0: 3 0x8000b2fc (0xd03f2423) mem 0x8000d000 0x00000001
core   0: 0x8000b300 (0xff9ff06f) j       pc - 0x8
core   0: 3 0x8000b300 (0xff9ff06f)
core   0: 0x8000b2f8 (0x00002f17) auipc   t5, 0x2
core   0: 3 0x8000b2f8 (0x00002f17) x30 0x8000d2f8
core   0: 0x8000b2fc (0xd03f2423) sw      gp, -760(t5)
core   0: 3 0x8000b2fc (0xd03f2423) mem 0x8000d000 0x00000001
core   0: 0x8000b300 (0xff9ff06f) j       pc - 0x8
core   0: 3 0x8000b300 (0xff9ff06f)
core   0: 0x8000b2f8 (0x00002f17) auipc   t5, 0x2
core   0: 3 0x8000b2f8 (0x00002f17) x30 0x8000d2f8
core   0: 0x8000b2fc (0xd03f2423) sw      gp, -760(t5)
core   0: 3 0x8000b2fc (0xd03f2423) mem 0x8000d000 0x00000001
core   0: 0x8000b300 (0xff9ff06f) j       pc - 0x8
core   0: 3 0x8000b300 (0xff9ff06f)
core   0: 0x8000b2f8 (0x00002f17) auipc   t5, 0x2
core   0: 3 0x8000b2f8 (0x00002f17) x30 0x8000d2f8
core   0: 0x8000b2fc (0xd03f2423) sw      gp, -760(t5)
core   0: 3 0x8000b2fc (0xd03f2423) mem 0x8000d000 0x00000001
core   0: 0x8000b300 (0xff9ff06f) j       pc - 0x8
core   0: 3 0x8000b300 (0xff9ff06f)
core   0: 0x8000b2f8 (0x00002f17) auipc   t5, 0x2
core   0: 3 0x8000b2f8 (0x00002f17) x30 0x8000d2f8
core   0: 0x8000b2fc (0xd03f2423) sw      gp, -760(t5)
core   0: 3 0x8000b2fc (0xd03f2423) mem 0x8000d000 0x00000001
core   0: 0x8000b300 (0xff9ff06f) j       pc - 0x8
core   0: 3 0x8000b300 (0xff9ff06f)
core   0: 0x8000b2f8 (0x00002f17) auipc   t5, 0x2
core   0: 3 0x8000b2f8 (0x00002f17) x30 0x8000d2f8
core   0: 0x8000b2fc (0xd03f2423) sw      gp, -760(t5)
core   0: 3 0x8000b2fc (0xd03f2423) mem 0x8000d000 0x00000001
core   0: 0x8000b300 (0xff9ff06f) j       pc - 0x8
core   0: 3 0x8000b300 (0xff9ff06f)
core   0: 0x8000b2f8 (0x00002f17) auipc   t5, 0x2
core   0: 3 0x8000b2f8 (0x00002f17) x30 0x8000d2f8
core   0: 0x8000b2fc (0xd03f2423) sw      gp, -760(t5)
core   0: 3 0x8000b2fc (0xd03f2423) mem 0x8000d000 0x00000001
core   0: 0x8000b300 (0xff9ff06f) j       pc - 0x8
core   0: 3 0x8000b300 (0xff9ff06f)
core   0: 0x8000b2f8 (0x00002f17) auipc   t5, 0x2
core   0: 3 0x8000b2f8 (0x00002f17) x30 0x8000d2f8
core   0: 0x8000b2fc (0xd03f2423) sw      gp, -760(t5)
core   0: 3 0x8000b2fc (0xd03f2423) mem 0x8000d000 0x00000001
core   0: 0x8000b300 (0xff9ff06f) j       pc - 0x8
core   0: 3 0x8000b300 (0xff9ff06f)
core   0: 0x8000b2f8 (0x00002f17) auipc   t5, 0x2
core   0: 3 0x8000b2f8 (0x00002f17) x30 0x8000d2f8
core   0: 0x8000b2fc (0xd03f2423) sw      gp, -760(t5)
core   0: 3 0x8000b2fc (0xd03f2423) mem 0x8000d000 0x00000001
core   0: 0x8000b300 (0xff9ff06f) j       pc - 0x8
core   0: 3 0x8000b300 (0xff9ff06f)
core   0: 0x8000b2f8 (0x00002f17) auipc   t5, 0x2
core   0: 3 0x8000b2f8 (0x00002f17) x30 0x8000d2f8
core   0: 0x8000b2fc (0xd03f2423) sw      gp, -760(t5)
core   0: 3 0x8000b2fc (0xd03f2423) mem 0x8000d000 0x00000001
core   0: 0x8000b300 (0xff9ff06f) j       pc - 0x8
core   0: 3 0x8000b300 (0xff9ff06f)
core   0: 0x8000b2f8 (0x00002f17) auipc   t5, 0x2
core   0: 3 0x8000b2f8 (0x00002f17) x30 0x8000d2f8
core   0: 0x8000b2fc (0xd03f2423) sw      gp, -760(t5)
core   0: 3 0x8000b2fc (0xd03f2423) mem 0x8000d000 0x00000001
core   0: 0x8000b300 (0xff9ff06f) j       pc - 0x8
core   0: 3 0x8000b300 (0xff9ff06f)
core   0: 0x8000b2f8 (0x00002f17) auipc   t5, 0x2
core   0: 3 0x8000b2f8 (0x00002f17) x30 0x8000d2f8
core   0: 0x8000b2fc (0xd03f2423) sw      gp, -760(t5)
core   0: 3 0x8000b2fc (0xd03f2423) mem 0x8000d000 0x00000001
core   0: 0x8000b300 (0xff9ff06f) j       pc - 0x8
core   0: 3 0x8000b300 (0xff9ff06f)
core   0: 0x8000b2f8 (0x00002f17) auipc   t5, 0x2
core   0: 3 0x8000b2f8 (0x00002f17) x30 0x8000d2f8
core   0: 0x8000b2fc (0xd03f2423) sw      gp, -760(t5)
core   0: 3 0x8000b2fc (0xd03f2423) mem 0x8000d000 0x00000001
core   0: 0x8000b300 (0xff9ff06f) j       pc - 0x8
core   0: 3 0x8000b300 (0xff9ff06f)
core   0: 0x8000b2f8 (0x00002f17) auipc   t5, 0x2
core   0: 3 0x8000b2f8 (0x00002f17) x30 0x8000d2f8
core   0: 0x8000b2fc (0xd03f2423) sw      gp, -760(t5)
core   0: 3 0x8000b2fc (0xd03f2423) mem 0x8000d000 0x00000001
core   0: 0x8000b300 (0xff9ff06f) j       pc - 0x8
core   0: 3 0x8000b300 (0xff9ff06f)
core   0: 0x8000b2f8 (0x00002f17) auipc   t5, 0x2
core   0: 3 0x8000b2f8 (0x00002f17) x30 0x8000d2f8
core   0: 0x8000b2fc (0xd03f2423) sw      gp, -760(t5)
core   0: 3 0x8000b2fc (0xd03f2423) mem 0x8000d000 0x00000001
core   0: 0x8000b300 (0xff9ff06f) j       pc - 0x8
core   0: 3 0x8000b300 (0xff9ff06f)
core   0: 0x8000b2f8 (0x00002f17) auipc   t5, 0x2
core   0: 3 0x8000b2f8 (0x00002f17) x30 0x8000d2f8
core   0: 0x8000b2fc (0xd03f2423) sw      gp, -760(t5)
core   0: 3 0x8000b2fc (0xd03f2423) mem 0x8000d000 0x00000001
core   0: 0x8000b300 (0xff9ff06f) j       pc - 0x8
core   0: 3 0x8000b300 (0xff9ff06f)
core   0: 0x8000b2f8 (0x00002f17) auipc   t5, 0x2
core   0: 3 0x8000b2f8 (0x00002f17) x30 0x8000d2f8
core   0: 0x8000b2fc (0xd03f2423) sw      gp, -760(t5)
core   0: 3 0x8000b2fc (0xd03f2423) mem 0x8000d000 0x00000001
core   0: 0x8000b300 (0xff9ff06f) j       pc - 0x8
core   0: 3 0x8000b300 (0xff9ff06f)
core   0: 0x8000b2f8 (0x00002f17) auipc   t5, 0x2
core   0: 3 0x8000b2f8 (0x00002f17) x30 0x8000d2f8
core   0: 0x8000b2fc (0xd03f2423) sw      gp, -760(t5)
core   0: 3 0x8000b2fc (0xd03f2423) mem 0x8000d000 0x00000001
core   0: 0x8000b300 (0xff9ff06f) j       pc - 0x8
core   0: 3 0x8000b300 (0xff9ff06f)
core   0: 0x8000b2f8 (0x00002f17) auipc   t5, 0x2
core   0: 3 0x8000b2f8 (0x00002f17) x30 0x8000d2f8
core   0: 0x8000b2fc (0xd03f2423) sw      gp, -760(t5)
core   0: 3 0x8000b2fc (0xd03f2423) mem 0x8000d000 0x00000001
core   0: 0x8000b300 (0xff9ff06f) j       pc - 0x8
core   0: 3 0x8000b300 (0xff9ff06f)
core   0: 0x8000b2f8 (0x00002f17) auipc   t5, 0x2
core   0: 3 0x8000b2f8 (0x00002f17) x30 0x8000d2f8
core   0: 0x8000b2fc (0xd03f2423) sw      gp, -760(t5)
core   0: 3 0x8000b2fc (0xd03f2423) mem 0x8000d000 0x00000001
core   0: 0x8000b300 (0xff9ff06f) j       pc - 0x8
core   0: 3 0x8000b300 (0xff9ff06f)
core   0: 0x8000b2f8 (0x00002f17) auipc   t5, 0x2
core   0: 3 0x8000b2f8 (0x00002f17) x30 0x8000d2f8
core   0: 0x8000b2fc (0xd03f2423) sw      gp, -760(t5)
core   0: 3 0x8000b2fc (0xd03f2423) mem 0x8000d000 0x00000001
core   0: 0x8000b300 (0xff9ff06f) j       pc - 0x8
core   0: 3 0x8000b300 (0xff9ff06f)
core   0: 0x8000b2f8 (0x00002f17) auipc   t5, 0x2
core   0: 3 0x8000b2f8 (0x00002f17) x30 0x8000d2f8
core   0: 0x8000b2fc (0xd03f2423) sw      gp, -760(t5)
core   0: 3 0x8000b2fc (0xd03f2423) mem 0x8000d000 0x00000001
core   0: 0x8000b300 (0xff9ff06f) j       pc - 0x8
core   0: 3 0x8000b300 (0xff9ff06f)
core   0: 0x8000b2f8 (0x00002f17) auipc   t5, 0x2
core   0: 3 0x8000b2f8 (0x00002f17) x30 0x8000d2f8
core   0: 0x8000b2fc (0xd03f2423) sw      gp, -760(t5)
core   0: 3 0x8000b2fc (0xd03f2423) mem 0x8000d000 0x00000001
core   0: 0x8000b300 (0xff9ff06f) j       pc - 0x8
core   0: 3 0x8000b300 (0xff9ff06f)
core   0: 0x8000b2f8 (0x00002f17) auipc   t5, 0x2
core   0: 3 0x8000b2f8 (0x00002f17) x30 0x8000d2f8
core   0: 0x8000b2fc (0xd03f2423) sw      gp, -760(t5)
core   0: 3 0x8000b2fc (0xd03f2423) mem 0x8000d000 0x00000001
core   0: 0x8000b300 (0xff9ff06f) j       pc - 0x8
core   0: 3 0x8000b300 (0xff9ff06f)
core   0: 0x8000b2f8 (0x00002f17) auipc   t5, 0x2
core   0: 3 0x8000b2f8 (0x00002f17) x30 0x8000d2f8
core   0: 0x8000b2fc (0xd03f2423) sw      gp, -760(t5)
core   0: 3 0x8000b2fc (0xd03f2423) mem 0x8000d000 0x00000001
core   0: 0x8000b300 (0xff9ff06f) j       pc - 0x8
core   0: 3 0x8000b300 (0xff9ff06f)
core   0: 0x8000b2f8 (0x00002f17) auipc   t5, 0x2
core   0: 3 0x8000b2f8 (0x00002f17) x30 0x8000d2f8
core   0: 0x8000b2fc (0xd03f2423) sw      gp, -760(t5)
core   0: 3 0x8000b2fc (0xd03f2423) mem 0x8000d000 0x00000001
core   0: 0x8000b300 (0xff9ff06f) j       pc - 0x8
core   0: 3 0x8000b300 (0xff9ff06f)
core   0: 0x8000b2f8 (0x00002f17) auipc   t5, 0x2
core   0: 3 0x8000b2f8 (0x00002f17) x30 0x8000d2f8
core   0: 0x8000b2fc (0xd03f2423) sw      gp, -760(t5)
core   0: 3 0x8000b2fc (0xd03f2423) mem 0x8000d000 0x00000001
core   0: 0x8000b300 (0xff9ff06f) j       pc - 0x8
core   0: 3 0x8000b300 (0xff9ff06f)
core   0: 0x8000b2f8 (0x00002f17) auipc   t5, 0x2
core   0: 3 0x8000b2f8 (0x00002f17) x30 0x8000d2f8
core   0: 0x8000b2fc (0xd03f2423) sw      gp, -760(t5)
core   0: 3 0x8000b2fc (0xd03f2423) mem 0x8000d000 0x00000001
core   0: 0x8000b300 (0xff9ff06f) j       pc - 0x8
core   0: 3 0x8000b300 (0xff9ff06f)
core   0: 0x8000b2f8 (0x00002f17) auipc   t5, 0x2
core   0: 3 0x8000b2f8 (0x00002f17) x30 0x8000d2f8
core   0: 0x8000b2fc (0xd03f2423) sw      gp, -760(t5)
core   0: 3 0x8000b2fc (0xd03f2423) mem 0x8000d000 0x00000001
core   0: 0x8000b300 (0xff9ff06f) j       pc - 0x8
core   0: 3 0x8000b300 (0xff9ff06f)
core   0: 0x8000b2f8 (0x00002f17) auipc   t5, 0x2
core   0: 3 0x8000b2f8 (0x00002f17) x30 0x8000d2f8
core   0: 0x8000b2fc (0xd03f2423) sw      gp, -760(t5)
core   0: 3 0x8000b2fc (0xd03f2423) mem 0x8000d000 0x00000001
core   0: 0x8000b300 (0xff9ff06f) j       pc - 0x8
core   0: 3 0x8000b300 (0xff9ff06f)
core   0: 0x8000b2f8 (0x00002f17) auipc   t5, 0x2
core   0: 3 0x8000b2f8 (0x00002f17) x30 0x8000d2f8
core   0: 0x8000b2fc (0xd03f2423) sw      gp, -760(t5)
core   0: 3 0x8000b2fc (0xd03f2423) mem 0x8000d000 0x00000001
core   0: 0x8000b300 (0xff9ff06f) j       pc - 0x8
core   0: 3 0x8000b300 (0xff9ff06f)
core   0: 0x8000b2f8 (0x00002f17) auipc   t5, 0x2
core   0: 3 0x8000b2f8 (0x00002f17) x30 0x8000d2f8
core   0: 0x8000b2fc (0xd03f2423) sw      gp, -760(t5)
core   0: 3 0x8000b2fc (0xd03f2423) mem 0x8000d000 0x00000001
core   0: 0x8000b300 (0xff9ff06f) j       pc - 0x8
core   0: 3 0x8000b300 (0xff9ff06f)
core   0: 0x8000b2f8 (0x00002f17) auipc   t5, 0x2
core   0: 3 0x8000b2f8 (0x00002f17) x30 0x8000d2f8
core   0: 0x8000b2fc (0xd03f2423) sw      gp, -760(t5)
core   0: 3 0x8000b2fc (0xd03f2423) mem 0x8000d000 0x00000001
core   0: 0x8000b300 (0xff9ff06f) j       pc - 0x8
core   0: 3 0x8000b300 (0xff9ff06f)
core   0: 0x8000b2f8 (0x00002f17) auipc   t5, 0x2
core   0: 3 0x8000b2f8 (0x00002f17) x30 0x8000d2f8
core   0: 0x8000b2fc (0xd03f2423) sw      gp, -760(t5)
core   0: 3 0x8000b2fc (0xd03f2423) mem 0x8000d000 0x00000001
core   0: 0x8000b300 (0xff9ff06f) j       pc - 0x8
core   0: 3 0x8000b300 (0xff9ff06f)
core   0: 0x8000b2f8 (0x00002f17) auipc   t5, 0x2
core   0: 3 0x8000b2f8 (0x00002f17) x30 0x8000d2f8
core   0: 0x8000b2fc (0xd03f2423) sw      gp, -760(t5)
core   0: 3 0x8000b2fc (0xd03f2423) mem 0x8000d000 0x00000001
core   0: 0x8000b300 (0xff9ff06f) j       pc - 0x8
core   0: 3 0x8000b300 (0xff9ff06f)
core   0: 0x8000b2f8 (0x00002f17) auipc   t5, 0x2
core   0: 3 0x8000b2f8 (0x00002f17) x30 0x8000d2f8
core   0: 0x8000b2fc (0xd03f2423) sw      gp, -760(t5)
core   0: 3 0x8000b2fc (0xd03f2423) mem 0x8000d000 0x00000001
core   0: 0x8000b300 (0xff9ff06f) j       pc - 0x8
core   0: 3 0x8000b300 (0xff9ff06f)
core   0: 0x8000b2f8 (0x00002f17) auipc   t5, 0x2
core   0: 3 0x8000b2f8 (0x00002f17) x30 0x8000d2f8
core   0: 0x8000b2fc (0xd03f2423) sw      gp, -760(t5)
core   0: 3 0x8000b2fc (0xd03f2423) mem 0x8000d000 0x00000001
core   0: 0x8000b300 (0xff9ff06f) j       pc - 0x8
core   0: 3 0x8000b300 (0xff9ff06f)
core   0: 0x8000b2f8 (0x00002f17) auipc   t5, 0x2
core   0: 3 0x8000b2f8 (0x00002f17) x30 0x8000d2f8
core   0: 0x8000b2fc (0xd03f2423) sw      gp, -760(t5)
core   0: 3 0x8000b2fc (0xd03f2423) mem 0x8000d000 0x00000001
core   0: 0x8000b300 (0xff9ff06f) j       pc - 0x8
core   0: 3 0x8000b300 (0xff9ff06f)
core   0: 0x8000b2f8 (0x00002f17) auipc   t5, 0x2
core   0: 3 0x8000b2f8 (0x00002f17) x30 0x8000d2f8
core   0: 0x8000b2fc (0xd03f2423) sw      gp, -760(t5)
core   0: 3 0x8000b2fc (0xd03f2423) mem 0x8000d000 0x00000001
core   0: 0x8000b300 (0xff9ff06f) j       pc - 0x8
core   0: 3 0x8000b300 (0xff9ff06f)
core   0: 0x8000b2f8 (0x00002f17) auipc   t5, 0x2
core   0: 3 0x8000b2f8 (0x00002f17) x30 0x8000d2f8
core   0: 0x8000b2fc (0xd03f2423) sw      gp, -760(t5)
core   0: 3 0x8000b2fc (0xd03f2423) mem 0x8000d000 0x00000001
core   0: 0x8000b300 (0xff9ff06f) j       pc - 0x8
core   0: 3 0x8000b300 (0xff9ff06f)
core   0: 0x8000b2f8 (0x00002f17) auipc   t5, 0x2
core   0: 3 0x8000b2f8 (0x00002f17) x30 0x8000d2f8
core   0: 0x8000b2fc (0xd03f2423) sw      gp, -760(t5)
core   0: 3 0x8000b2fc (0xd03f2423) mem 0x8000d000 0x00000001
core   0: 0x8000b300 (0xff9ff06f) j       pc - 0x8
core   0: 3 0x8000b300 (0xff9ff06f)
core   0: 0x8000b2f8 (0x00002f17) auipc   t5, 0x2
core   0: 3 0x8000b2f8 (0x00002f17) x30 0x8000d2f8
core   0: 0x8000b2fc (0xd03f2423) sw      gp, -760(t5)
core   0: 3 0x8000b2fc (0xd03f2423) mem 0x8000d000 0x00000001
core   0: 0x8000b300 (0xff9ff06f) j       pc - 0x8
core   0: 3 0x8000b300 (0xff9ff06f)
core   0: 0x8000b2f8 (0x00002f17) auipc   t5, 0x2
core   0: 3 0x8000b2f8 (0x00002f17) x30 0x8000d2f8
core   0: 0x8000b2fc (0xd03f2423) sw      gp, -760(t5)
core   0: 3 0x8000b2fc (0xd03f2423) mem 0x8000d000 0x00000001
core   0: 0x8000b300 (0xff9ff06f) j       pc - 0x8
core   0: 3 0x8000b300 (0xff9ff06f)
core   0: 0x8000b2f8 (0x00002f17) auipc   t5, 0x2
core   0: 3 0x8000b2f8 (0x00002f17) x30 0x8000d2f8
core   0: 0x8000b2fc (0xd03f2423) sw      gp, -760(t5)
core   0: 3 0x8000b2fc (0xd03f2423) mem 0x8000d000 0x00000001
core   0: 0x8000b300 (0xff9ff06f) j       pc - 0x8
core   0: 3 0x8000b300 (0xff9ff06f)
core   0: 0x8000b2f8 (0x00002f17) auipc   t5, 0x2
core   0: 3 0x8000b2f8 (0x00002f17) x30 0x8000d2f8
core   0: 0x8000b2fc (0xd03f2423) sw      gp, -760(t5)
core   0: 3 0x8000b2fc (0xd03f2423) mem 0x8000d000 0x00000001
core   0: 0x8000b300 (0xff9ff06f) j       pc - 0x8
core   0: 3 0x8000b300 (0xff9ff06f)
core   0: 0x8000b2f8 (0x00002f17) auipc   t5, 0x2
core   0: 3 0x8000b2f8 (0x00002f17) x30 0x8000d2f8
core   0: 0x8000b2fc (0xd03f2423) sw      gp, -760(t5)
core   0: 3 0x8000b2fc (0xd03f2423) mem 0x8000d000 0x00000001
core   0: 0x8000b300 (0xff9ff06f) j       pc - 0x8
core   0: 3 0x8000b300 (0xff9ff06f)
core   0: 0x8000b2f8 (0x00002f17) auipc   t5, 0x2
core   0: 3 0x8000b2f8 (0x00002f17) x30 0x8000d2f8
core   0: 0x8000b2fc (0xd03f2423) sw      gp, -760(t5)
core   0: 3 0x8000b2fc (0xd03f2423) mem 0x8000d000 0x00000001
core   0: 0x8000b300 (0xff9ff06f) j       pc - 0x8
core   0: 3 0x8000b300 (0xff9ff06f)
core   0: 0x8000b2f8 (0x00002f17) auipc   t5, 0x2
core   0: 3 0x8000b2f8 (0x00002f17) x30 0x8000d2f8
core   0: 0x8000b2fc (0xd03f2423) sw      gp, -760(t5)
core   0: 3 0x8000b2fc (0xd03f2423) mem 0x8000d000 0x00000001
core   0: 0x8000b300 (0xff9ff06f) j       pc - 0x8
core   0: 3 0x8000b300 (0xff9ff06f)
core   0: 0x8000b2f8 (0x00002f17) auipc   t5, 0x2
core   0: 3 0x8000b2f8 (0x00002f17) x30 0x8000d2f8
core   0: 0x8000b2fc (0xd03f2423) sw      gp, -760(t5)
core   0: 3 0x8000b2fc (0xd03f2423) mem 0x8000d000 0x00000001
core   0: 0x8000b300 (0xff9ff06f) j       pc - 0x8
core   0: 3 0x8000b300 (0xff9ff06f)
core   0: 0x8000b2f8 (0x00002f17) auipc   t5, 0x2
core   0: 3 0x8000b2f8 (0x00002f17) x30 0x8000d2f8
core   0: 0x8000b2fc (0xd03f2423) sw      gp, -760(t5)
core   0: 3 0x8000b2fc (0xd03f2423) mem 0x8000d000 0x00000001
core   0: 0x8000b300 (0xff9ff06f) j       pc - 0x8
core   0: 3 0x8000b300 (0xff9ff06f)
core   0: 0x8000b2f8 (0x00002f17) auipc   t5, 0x2
core   0: 3 0x8000b2f8 (0x00002f17) x30 0x8000d2f8
core   0: 0x8000b2fc (0xd03f2423) sw      gp, -760(t5)
core   0: 3 0x8000b2fc (0xd03f2423) mem 0x8000d000 0x00000001
core   0: 0x8000b300 (0xff9ff06f) j       pc - 0x8
core   0: 3 0x8000b300 (0xff9ff06f)
core   0: 0x8000b2f8 (0x00002f17) auipc   t5, 0x2
core   0: 3 0x8000b2f8 (0x00002f17) x30 0x8000d2f8
core   0: 0x8000b2fc (0xd03f2423) sw      gp, -760(t5)
core   0: 3 0x8000b2fc (0xd03f2423) mem 0x8000d000 0x00000001
core   0: 0x8000b300 (0xff9ff06f) j       pc - 0x8
core   0: 3 0x8000b300 (0xff9ff06f)
core   0: 0x8000b2f8 (0x00002f17) auipc   t5, 0x2
core   0: 3 0x8000b2f8 (0x00002f17) x30 0x8000d2f8
core   0: 0x8000b2fc (0xd03f2423) sw      gp, -760(t5)
core   0: 3 0x8000b2fc (0xd03f2423) mem 0x8000d000 0x00000001
core   0: 0x8000b300 (0xff9ff06f) j       pc - 0x8
core   0: 3 0x8000b300 (0xff9ff06f)
core   0: 0x8000b2f8 (0x00002f17) auipc   t5, 0x2
core   0: 3 0x8000b2f8 (0x00002f17) x30 0x8000d2f8
core   0: 0x8000b2fc (0xd03f2423) sw      gp, -760(t5)
core   0: 3 0x8000b2fc (0xd03f2423) mem 0x8000d000 0x00000001
core   0: 0x8000b300 (0xff9ff06f) j       pc - 0x8
core   0: 3 0x8000b300 (0xff9ff06f)
core   0: 0x8000b2f8 (0x00002f17) auipc   t5, 0x2
core   0: 3 0x8000b2f8 (0x00002f17) x30 0x8000d2f8
core   0: 0x8000b2fc (0xd03f2423) sw      gp, -760(t5)
core   0: 3 0x8000b2fc (0xd03f2423) mem 0x8000d000 0x00000001
core   0: 0x8000b300 (0xff9ff06f) j       pc - 0x8
core   0: 3 0x8000b300 (0xff9ff06f)
core   0: 0x8000b2f8 (0x00002f17) auipc   t5, 0x2
core   0: 3 0x8000b2f8 (0x00002f17) x30 0x8000d2f8
core   0: 0x8000b2fc (0xd03f2423) sw      gp, -760(t5)
core   0: 3 0x8000b2fc (0xd03f2423) mem 0x8000d000 0x00000001
core   0: 0x8000b300 (0xff9ff06f) j       pc - 0x8
core   0: 3 0x8000b300 (0xff9ff06f)
core   0: 0x8000b2f8 (0x00002f17) auipc   t5, 0x2
core   0: 3 0x8000b2f8 (0x00002f17) x30 0x8000d2f8
core   0: 0x8000b2fc (0xd03f2423) sw      gp, -760(t5)
core   0: 3 0x8000b2fc (0xd03f2423) mem 0x8000d000 0x00000001
core   0: 0x8000b300 (0xff9ff06f) j       pc - 0x8
core   0: 3 0x8000b300 (0xff9ff06f)
core   0: 0x8000b2f8 (0x00002f17) auipc   t5, 0x2
core   0: 3 0x8000b2f8 (0x00002f17) x30 0x8000d2f8
core   0: 0x8000b2fc (0xd03f2423) sw      gp, -760(t5)
core   0: 3 0x8000b2fc (0xd03f2423) mem 0x8000d000 0x00000001
core   0: 0x8000b300 (0xff9ff06f) j       pc - 0x8
core   0: 3 0x8000b300 (0xff9ff06f)
core   0: 0x8000b2f8 (0x00002f17) auipc   t5, 0x2
core   0: 3 0x8000b2f8 (0x00002f17) x30 0x8000d2f8
core   0: 0x8000b2fc (0xd03f2423) sw      gp, -760(t5)
core   0: 3 0x8000b2fc (0xd03f2423) mem 0x8000d000 0x00000001
core   0: 0x8000b300 (0xff9ff06f) j       pc - 0x8
core   0: 3 0x8000b300 (0xff9ff06f)
core   0: 0x8000b2f8 (0x00002f17) auipc   t5, 0x2
core   0: 3 0x8000b2f8 (0x00002f17) x30 0x8000d2f8
core   0: 0x8000b2fc (0xd03f2423) sw      gp, -760(t5)
core   0: 3 0x8000b2fc (0xd03f2423) mem 0x8000d000 0x00000001
core   0: 0x8000b300 (0xff9ff06f) j       pc - 0x8
core   0: 3 0x8000b300 (0xff9ff06f)
core   0: 0x8000b2f8 (0x00002f17) auipc   t5, 0x2
core   0: 3 0x8000b2f8 (0x00002f17) x30 0x8000d2f8
core   0: 0x8000b2fc (0xd03f2423) sw      gp, -760(t5)
core   0: 3 0x8000b2fc (0xd03f2423) mem 0x8000d000 0x00000001
core   0: 0x8000b300 (0xff9ff06f) j       pc - 0x8
core   0: 3 0x8000b300 (0xff9ff06f)
core   0: 0x8000b2f8 (0x00002f17) auipc   t5, 0x2
core   0: 3 0x8000b2f8 (0x00002f17) x30 0x8000d2f8
core   0: 0x8000b2fc (0xd03f2423) sw      gp, -760(t5)
core   0: 3 0x8000b2fc (0xd03f2423) mem 0x8000d000 0x00000001
core   0: 0x8000b300 (0xff9ff06f) j       pc - 0x8
core   0: 3 0x8000b300 (0xff9ff06f)
core   0: 0x8000b2f8 (0x00002f17) auipc   t5, 0x2
core   0: 3 0x8000b2f8 (0x00002f17) x30 0x8000d2f8
core   0: 0x8000b2fc (0xd03f2423) sw      gp, -760(t5)
core   0: 3 0x8000b2fc (0xd03f2423) mem 0x8000d000 0x00000001
core   0: 0x8000b300 (0xff9ff06f) j       pc - 0x8
core   0: 3 0x8000b300 (0xff9ff06f)
core   0: 0x8000b2f8 (0x00002f17) auipc   t5, 0x2
core   0: 3 0x8000b2f8 (0x00002f17) x30 0x8000d2f8
core   0: 0x8000b2fc (0xd03f2423) sw      gp, -760(t5)
core   0: 3 0x8000b2fc (0xd03f2423) mem 0x8000d000 0x00000001
core   0: 0x8000b300 (0xff9ff06f) j       pc - 0x8
core   0: 3 0x8000b300 (0xff9ff06f)
core   0: 0x8000b2f8 (0x00002f17) auipc   t5, 0x2
core   0: 3 0x8000b2f8 (0x00002f17) x30 0x8000d2f8
core   0: 0x8000b2fc (0xd03f2423) sw      gp, -760(t5)
core   0: 3 0x8000b2fc (0xd03f2423) mem 0x8000d000 0x00000001
core   0: 0x8000b300 (0xff9ff06f) j       pc - 0x8
core   0: 3 0x8000b300 (0xff9ff06f)
core   0: 0x8000b2f8 (0x00002f17) auipc   t5, 0x2
core   0: 3 0x8000b2f8 (0x00002f17) x30 0x8000d2f8
core   0: 0x8000b2fc (0xd03f2423) sw      gp, -760(t5)
core   0: 3 0x8000b2fc (0xd03f2423) mem 0x8000d000 0x00000001
core   0: 0x8000b300 (0xff9ff06f) j       pc - 0x8
core   0: 3 0x8000b300 (0xff9ff06f)
core   0: 0x8000b2f8 (0x00002f17) auipc   t5, 0x2
core   0: 3 0x8000b2f8 (0x00002f17) x30 0x8000d2f8
core   0: 0x8000b2fc (0xd03f2423) sw      gp, -760(t5)
core   0: 3 0x8000b2fc (0xd03f2423) mem 0x8000d000 0x00000001
core   0: 0x8000b300 (0xff9ff06f) j       pc - 0x8
core   0: 3 0x8000b300 (0xff9ff06f)
core   0: 0x8000b2f8 (0x00002f17) auipc   t5, 0x2
core   0: 3 0x8000b2f8 (0x00002f17) x30 0x8000d2f8
core   0: 0x8000b2fc (0xd03f2423) sw      gp, -760(t5)
core   0: 3 0x8000b2fc (0xd03f2423) mem 0x8000d000 0x00000001
core   0: 0x8000b300 (0xff9ff06f) j       pc - 0x8
core   0: 3 0x8000b300 (0xff9ff06f)
core   0: 0x8000b2f8 (0x00002f17) auipc   t5, 0x2
core   0: 3 0x8000b2f8 (0x00002f17) x30 0x8000d2f8
core   0: 0x8000b2fc (0xd03f2423) sw      gp, -760(t5)
core   0: 3 0x8000b2fc (0xd03f2423) mem 0x8000d000 0x00000001
core   0: 0x8000b300 (0xff9ff06f) j       pc - 0x8
core   0: 3 0x8000b300 (0xff9ff06f)
core   0: 0x8000b2f8 (0x00002f17) auipc   t5, 0x2
core   0: 3 0x8000b2f8 (0x00002f17) x30 0x8000d2f8
core   0: 0x8000b2fc (0xd03f2423) sw      gp, -760(t5)
core   0: 3 0x8000b2fc (0xd03f2423) mem 0x8000d000 0x00000001
core   0: 0x8000b300 (0xff9ff06f) j       pc - 0x8
core   0: 3 0x8000b300 (0xff9ff06f)
core   0: 0x8000b2f8 (0x00002f17) auipc   t5, 0x2
core   0: 3 0x8000b2f8 (0x00002f17) x30 0x8000d2f8
core   0: 0x8000b2fc (0xd03f2423) sw      gp, -760(t5)
core   0: 3 0x8000b2fc (0xd03f2423) mem 0x8000d000 0x00000001
core   0: 0x8000b300 (0xff9ff06f) j       pc - 0x8
core   0: 3 0x8000b300 (0xff9ff06f)
core   0: 0x8000b2f8 (0x00002f17) auipc   t5, 0x2
core   0: 3 0x8000b2f8 (0x00002f17) x30 0x8000d2f8
core   0: 0x8000b2fc (0xd03f2423) sw      gp, -760(t5)
core   0: 3 0x8000b2fc (0xd03f2423) mem 0x8000d000 0x00000001
core   0: 0x8000b300 (0xff9ff06f) j       pc - 0x8
core   0: 3 0x8000b300 (0xff9ff06f)
core   0: 0x8000b2f8 (0x00002f17) auipc   t5, 0x2
core   0: 3 0x8000b2f8 (0x00002f17) x30 0x8000d2f8
core   0: 0x8000b2fc (0xd03f2423) sw      gp, -760(t5)
core   0: 3 0x8000b2fc (0xd03f2423) mem 0x8000d000 0x00000001
core   0: 0x8000b300 (0xff9ff06f) j       pc - 0x8
core   0: 3 0x8000b300 (0xff9ff06f)
core   0: 0x8000b2f8 (0x00002f17) auipc   t5, 0x2
core   0: 3 0x8000b2f8 (0x00002f17) x30 0x8000d2f8
core   0: 0x8000b2fc (0xd03f2423) sw      gp, -760(t5)
core   0: 3 0x8000b2fc (0xd03f2423) mem 0x8000d000 0x00000001
core   0: 0x8000b300 (0xff9ff06f) j       pc - 0x8
core   0: 3 0x8000b300 (0xff9ff06f)
core   0: 0x8000b2f8 (0x00002f17) auipc   t5, 0x2
core   0: 3 0x8000b2f8 (0x00002f17) x30 0x8000d2f8
core   0: 0x8000b2fc (0xd03f2423) sw      gp, -760(t5)
core   0: 3 0x8000b2fc (0xd03f2423) mem 0x8000d000 0x00000001
core   0: 0x8000b300 (0xff9ff06f) j       pc - 0x8
core   0: 3 0x8000b300 (0xff9ff06f)
core   0: 0x8000b2f8 (0x00002f17) auipc   t5, 0x2
core   0: 3 0x8000b2f8 (0x00002f17) x30 0x8000d2f8
core   0: 0x8000b2fc (0xd03f2423) sw      gp, -760(t5)
core   0: 3 0x8000b2fc (0xd03f2423) mem 0x8000d000 0x00000001
core   0: 0x8000b300 (0xff9ff06f) j       pc - 0x8
core   0: 3 0x8000b300 (0xff9ff06f)
core   0: 0x8000b2f8 (0x00002f17) auipc   t5, 0x2
core   0: 3 0x8000b2f8 (0x00002f17) x30 0x8000d2f8
core   0: 0x8000b2fc (0xd03f2423) sw      gp, -760(t5)
core   0: 3 0x8000b2fc (0xd03f2423) mem 0x8000d000 0x00000001
core   0: 0x8000b300 (0xff9ff06f) j       pc - 0x8
core   0: 3 0x8000b300 (0xff9ff06f)
core   0: 0x8000b2f8 (0x00002f17) auipc   t5, 0x2
core   0: 3 0x8000b2f8 (0x00002f17) x30 0x8000d2f8
core   0: 0x8000b2fc (0xd03f2423) sw      gp, -760(t5)
core   0: 3 0x8000b2fc (0xd03f2423) mem 0x8000d000 0x00000001
core   0: 0x8000b300 (0xff9ff06f) j       pc - 0x8
core   0: 3 0x8000b300 (0xff9ff06f)
core   0: 0x8000b2f8 (0x00002f17) auipc   t5, 0x2
core   0: 3 0x8000b2f8 (0x00002f17) x30 0x8000d2f8
core   0: 0x8000b2fc (0xd03f2423) sw      gp, -760(t5)
core   0: 3 0x8000b2fc (0xd03f2423) mem 0x8000d000 0x00000001
core   0: 0x8000b300 (0xff9ff06f) j       pc - 0x8
core   0: 3 0x8000b300 (0xff9ff06f)
core   0: 0x8000b2f8 (0x00002f17) auipc   t5, 0x2
core   0: 3 0x8000b2f8 (0x00002f17) x30 0x8000d2f8
core   0: 0x8000b2fc (0xd03f2423) sw      gp, -760(t5)
core   0: 3 0x8000b2fc (0xd03f2423) mem 0x8000d000 0x00000001
core   0: 0x8000b300 (0xff9ff06f) j       pc - 0x8
core   0: 3 0x8000b300 (0xff9ff06f)
core   0: 0x8000b2f8 (0x00002f17) auipc   t5, 0x2
core   0: 3 0x8000b2f8 (0x00002f17) x30 0x8000d2f8
core   0: 0x8000b2fc (0xd03f2423) sw      gp, -760(t5)
core   0: 3 0x8000b2fc (0xd03f2423) mem 0x8000d000 0x00000001
core   0: 0x8000b300 (0xff9ff06f) j       pc - 0x8
core   0: 3 0x8000b300 (0xff9ff06f)
core   0: 0x8000b2f8 (0x00002f17) auipc   t5, 0x2
core   0: 3 0x8000b2f8 (0x00002f17) x30 0x8000d2f8
core   0: 0x8000b2fc (0xd03f2423) sw      gp, -760(t5)
core   0: 3 0x8000b2fc (0xd03f2423) mem 0x8000d000 0x00000001
core   0: 0x8000b300 (0xff9ff06f) j       pc - 0x8
core   0: 3 0x8000b300 (0xff9ff06f)
core   0: 0x8000b2f8 (0x00002f17) auipc   t5, 0x2
core   0: 3 0x8000b2f8 (0x00002f17) x30 0x8000d2f8
core   0: 0x8000b2fc (0xd03f2423) sw      gp, -760(t5)
core   0: 3 0x8000b2fc (0xd03f2423) mem 0x8000d000 0x00000001
core   0: 0x8000b300 (0xff9ff06f) j       pc - 0x8
core   0: 3 0x8000b300 (0xff9ff06f)
core   0: 0x8000b2f8 (0x00002f17) auipc   t5, 0x2
core   0: 3 0x8000b2f8 (0x00002f17) x30 0x8000d2f8
core   0: 0x8000b2fc (0xd03f2423) sw      gp, -760(t5)
core   0: 3 0x8000b2fc (0xd03f2423) mem 0x8000d000 0x00000001
core   0: 0x8000b300 (0xff9ff06f) j       pc - 0x8
core   0: 3 0x8000b300 (0xff9ff06f)
core   0: 0x8000b2f8 (0x00002f17) auipc   t5, 0x2
core   0: 3 0x8000b2f8 (0x00002f17) x30 0x8000d2f8
core   0: 0x8000b2fc (0xd03f2423) sw      gp, -760(t5)
core   0: 3 0x8000b2fc (0xd03f2423) mem 0x8000d000 0x00000001
core   0: 0x8000b300 (0xff9ff06f) j       pc - 0x8
core   0: 3 0x8000b300 (0xff9ff06f)
core   0: 0x8000b2f8 (0x00002f17) auipc   t5, 0x2
core   0: 3 0x8000b2f8 (0x00002f17) x30 0x8000d2f8
core   0: 0x8000b2fc (0xd03f2423) sw      gp, -760(t5)
core   0: 3 0x8000b2fc (0xd03f2423) mem 0x8000d000 0x00000001
core   0: 0x8000b300 (0xff9ff06f) j       pc - 0x8
core   0: 3 0x8000b300 (0xff9ff06f)
core   0: 0x8000b2f8 (0x00002f17) auipc   t5, 0x2
core   0: 3 0x8000b2f8 (0x00002f17) x30 0x8000d2f8
core   0: 0x8000b2fc (0xd03f2423) sw      gp, -760(t5)
core   0: 3 0x8000b2fc (0xd03f2423) mem 0x8000d000 0x00000001
core   0: 0x8000b300 (0xff9ff06f) j       pc - 0x8
core   0: 3 0x8000b300 (0xff9ff06f)
core   0: 0x8000b2f8 (0x00002f17) auipc   t5, 0x2
core   0: 3 0x8000b2f8 (0x00002f17) x30 0x8000d2f8
core   0: 0x8000b2fc (0xd03f2423) sw      gp, -760(t5)
core   0: 3 0x8000b2fc (0xd03f2423) mem 0x8000d000 0x00000001
core   0: 0x8000b300 (0xff9ff06f) j       pc - 0x8
core   0: 3 0x8000b300 (0xff9ff06f)
core   0: 0x8000b2f8 (0x00002f17) auipc   t5, 0x2
core   0: 3 0x8000b2f8 (0x00002f17) x30 0x8000d2f8
core   0: 0x8000b2fc (0xd03f2423) sw      gp, -760(t5)
core   0: 3 0x8000b2fc (0xd03f2423) mem 0x8000d000 0x00000001
core   0: 0x8000b300 (0xff9ff06f) j       pc - 0x8
core   0: 3 0x8000b300 (0xff9ff06f)
core   0: 0x8000b2f8 (0x00002f17) auipc   t5, 0x2
core   0: 3 0x8000b2f8 (0x00002f17) x30 0x8000d2f8
core   0: 0x8000b2fc (0xd03f2423) sw      gp, -760(t5)
core   0: 3 0x8000b2fc (0xd03f2423) mem 0x8000d000 0x00000001
core   0: 0x8000b300 (0xff9ff06f) j       pc - 0x8
core   0: 3 0x8000b300 (0xff9ff06f)
core   0: 0x8000b2f8 (0x00002f17) auipc   t5, 0x2
core   0: 3 0x8000b2f8 (0x00002f17) x30 0x8000d2f8
core   0: 0x8000b2fc (0xd03f2423) sw      gp, -760(t5)
core   0: 3 0x8000b2fc (0xd03f2423) mem 0x8000d000 0x00000001
core   0: 0x8000b300 (0xff9ff06f) j       pc - 0x8
core   0: 3 0x8000b300 (0xff9ff06f)
core   0: 0x8000b2f8 (0x00002f17) auipc   t5, 0x2
core   0: 3 0x8000b2f8 (0x00002f17) x30 0x8000d2f8
core   0: 0x8000b2fc (0xd03f2423) sw      gp, -760(t5)
core   0: 3 0x8000b2fc (0xd03f2423) mem 0x8000d000 0x00000001
core   0: 0x8000b300 (0xff9ff06f) j       pc - 0x8
core   0: 3 0x8000b300 (0xff9ff06f)
core   0: 0x8000b2f8 (0x00002f17) auipc   t5, 0x2
core   0: 3 0x8000b2f8 (0x00002f17) x30 0x8000d2f8
core   0: 0x8000b2fc (0xd03f2423) sw      gp, -760(t5)
core   0: 3 0x8000b2fc (0xd03f2423) mem 0x8000d000 0x00000001
core   0: 0x8000b300 (0xff9ff06f) j       pc - 0x8
core   0: 3 0x8000b300 (0xff9ff06f)
core   0: 0x8000b2f8 (0x00002f17) auipc   t5, 0x2
core   0: 3 0x8000b2f8 (0x00002f17) x30 0x8000d2f8
core   0: 0x8000b2fc (0xd03f2423) sw      gp, -760(t5)
core   0: 3 0x8000b2fc (0xd03f2423) mem 0x8000d000 0x00000001
core   0: 0x8000b300 (0xff9ff06f) j       pc - 0x8
core   0: 3 0x8000b300 (0xff9ff06f)
core   0: 0x8000b2f8 (0x00002f17) auipc   t5, 0x2
core   0: 3 0x8000b2f8 (0x00002f17) x30 0x8000d2f8
core   0: 0x8000b2fc (0xd03f2423) sw      gp, -760(t5)
core   0: 3 0x8000b2fc (0xd03f2423) mem 0x8000d000 0x00000001
core   0: 0x8000b300 (0xff9ff06f) j       pc - 0x8
core   0: 3 0x8000b300 (0xff9ff06f)
core   0: 0x8000b2f8 (0x00002f17) auipc   t5, 0x2
core   0: 3 0x8000b2f8 (0x00002f17) x30 0x8000d2f8
core   0: 0x8000b2fc (0xd03f2423) sw      gp, -760(t5)
core   0: 3 0x8000b2fc (0xd03f2423) mem 0x8000d000 0x00000001
core   0: 0x8000b300 (0xff9ff06f) j       pc - 0x8
core   0: 3 0x8000b300 (0xff9ff06f)
core   0: 0x8000b2f8 (0x00002f17) auipc   t5, 0x2
core   0: 3 0x8000b2f8 (0x00002f17) x30 0x8000d2f8
core   0: 0x8000b2fc (0xd03f2423) sw      gp, -760(t5)
core   0: 3 0x8000b2fc (0xd03f2423) mem 0x8000d000 0x00000001
core   0: 0x8000b300 (0xff9ff06f) j       pc - 0x8
core   0: 3 0x8000b300 (0xff9ff06f)
core   0: 0x8000b2f8 (0x00002f17) auipc   t5, 0x2
core   0: 3 0x8000b2f8 (0x00002f17) x30 0x8000d2f8
core   0: 0x8000b2fc (0xd03f2423) sw      gp, -760(t5)
core   0: 3 0x8000b2fc (0xd03f2423) mem 0x8000d000 0x00000001
core   0: 0x8000b300 (0xff9ff06f) j       pc - 0x8
core   0: 3 0x8000b300 (0xff9ff06f)
core   0: 0x8000b2f8 (0x00002f17) auipc   t5, 0x2
core   0: 3 0x8000b2f8 (0x00002f17) x30 0x8000d2f8
core   0: 0x8000b2fc (0xd03f2423) sw      gp, -760(t5)
core   0: 3 0x8000b2fc (0xd03f2423) mem 0x8000d000 0x00000001
core   0: 0x8000b300 (0xff9ff06f) j       pc - 0x8
core   0: 3 0x8000b300 (0xff9ff06f)
core   0: 0x8000b2f8 (0x00002f17) auipc   t5, 0x2
core   0: 3 0x8000b2f8 (0x00002f17) x30 0x8000d2f8
core   0: 0x8000b2fc (0xd03f2423) sw      gp, -760(t5)
core   0: 3 0x8000b2fc (0xd03f2423) mem 0x8000d000 0x00000001
core   0: 0x8000b300 (0xff9ff06f) j       pc - 0x8
core   0: 3 0x8000b300 (0xff9ff06f)
core   0: 0x8000b2f8 (0x00002f17) auipc   t5, 0x2
core   0: 3 0x8000b2f8 (0x00002f17) x30 0x8000d2f8
core   0: 0x8000b2fc (0xd03f2423) sw      gp, -760(t5)
core   0: 3 0x8000b2fc (0xd03f2423) mem 0x8000d000 0x00000001
core   0: 0x8000b300 (0xff9ff06f) j       pc - 0x8
core   0: 3 0x8000b300 (0xff9ff06f)
core   0: 0x8000b2f8 (0x00002f17) auipc   t5, 0x2
core   0: 3 0x8000b2f8 (0x00002f17) x30 0x8000d2f8
core   0: 0x8000b2fc (0xd03f2423) sw      gp, -760(t5)
core   0: 3 0x8000b2fc (0xd03f2423) mem 0x8000d000 0x00000001
core   0: 0x8000b300 (0xff9ff06f) j       pc - 0x8
core   0: 3 0x8000b300 (0xff9ff06f)
core   0: 0x8000b2f8 (0x00002f17) auipc   t5, 0x2
core   0: 3 0x8000b2f8 (0x00002f17) x30 0x8000d2f8
core   0: 0x8000b2fc (0xd03f2423) sw      gp, -760(t5)
core   0: 3 0x8000b2fc (0xd03f2423) mem 0x8000d000 0x00000001
core   0: 0x8000b300 (0xff9ff06f) j       pc - 0x8
core   0: 3 0x8000b300 (0xff9ff06f)
core   0: 0x8000b2f8 (0x00002f17) auipc   t5, 0x2
core   0: 3 0x8000b2f8 (0x00002f17) x30 0x8000d2f8
core   0: 0x8000b2fc (0xd03f2423) sw      gp, -760(t5)
core   0: 3 0x8000b2fc (0xd03f2423) mem 0x8000d000 0x00000001
core   0: 0x8000b300 (0xff9ff06f) j       pc - 0x8
core   0: 3 0x8000b300 (0xff9ff06f)
core   0: 0x8000b2f8 (0x00002f17) auipc   t5, 0x2
core   0: 3 0x8000b2f8 (0x00002f17) x30 0x8000d2f8
core   0: 0x8000b2fc (0xd03f2423) sw      gp, -760(t5)
core   0: 3 0x8000b2fc (0xd03f2423) mem 0x8000d000 0x00000001
core   0: 0x8000b300 (0xff9ff06f) j       pc - 0x8
core   0: 3 0x8000b300 (0xff9ff06f)
core   0: 0x8000b2f8 (0x00002f17) auipc   t5, 0x2
core   0: 3 0x8000b2f8 (0x00002f17) x30 0x8000d2f8
core   0: 0x8000b2fc (0xd03f2423) sw      gp, -760(t5)
core   0: 3 0x8000b2fc (0xd03f2423) mem 0x8000d000 0x00000001
core   0: 0x8000b300 (0xff9ff06f) j       pc - 0x8
core   0: 3 0x8000b300 (0xff9ff06f)
core   0: 0x8000b2f8 (0x00002f17) auipc   t5, 0x2
core   0: 3 0x8000b2f8 (0x00002f17) x30 0x8000d2f8
core   0: 0x8000b2fc (0xd03f2423) sw      gp, -760(t5)
core   0: 3 0x8000b2fc (0xd03f2423) mem 0x8000d000 0x00000001
core   0: 0x8000b300 (0xff9ff06f) j       pc - 0x8
core   0: 3 0x8000b300 (0xff9ff06f)
core   0: 0x8000b2f8 (0x00002f17) auipc   t5, 0x2
core   0: 3 0x8000b2f8 (0x00002f17) x30 0x8000d2f8
core   0: 0x8000b2fc (0xd03f2423) sw      gp, -760(t5)
core   0: 3 0x8000b2fc (0xd03f2423) mem 0x8000d000 0x00000001
core   0: 0x8000b300 (0xff9ff06f) j       pc - 0x8
core   0: 3 0x8000b300 (0xff9ff06f)
core   0: 0x8000b2f8 (0x00002f17) auipc   t5, 0x2
core   0: 3 0x8000b2f8 (0x00002f17) x30 0x8000d2f8
core   0: 0x8000b2fc (0xd03f2423) sw      gp, -760(t5)
core   0: 3 0x8000b2fc (0xd03f2423) mem 0x8000d000 0x00000001
core   0: 0x8000b300 (0xff9ff06f) j       pc - 0x8
core   0: 3 0x8000b300 (0xff9ff06f)
core   0: 0x8000b2f8 (0x00002f17) auipc   t5, 0x2
core   0: 3 0x8000b2f8 (0x00002f17) x30 0x8000d2f8
core   0: 0x8000b2fc (0xd03f2423) sw      gp, -760(t5)
core   0: 3 0x8000b2fc (0xd03f2423) mem 0x8000d000 0x00000001
core   0: 0x8000b300 (0xff9ff06f) j       pc - 0x8
core   0: 3 0x8000b300 (0xff9ff06f)
core   0: 0x8000b2f8 (0x00002f17) auipc   t5, 0x2
core   0: 3 0x8000b2f8 (0x00002f17) x30 0x8000d2f8
core   0: 0x8000b2fc (0xd03f2423) sw      gp, -760(t5)
core   0: 3 0x8000b2fc (0xd03f2423) mem 0x8000d000 0x00000001
core   0: 0x8000b300 (0xff9ff06f) j       pc - 0x8
core   0: 3 0x8000b300 (0xff9ff06f)
core   0: 0x8000b2f8 (0x00002f17) auipc   t5, 0x2
core   0: 3 0x8000b2f8 (0x00002f17) x30 0x8000d2f8
core   0: 0x8000b2fc (0xd03f2423) sw      gp, -760(t5)
core   0: 3 0x8000b2fc (0xd03f2423) mem 0x8000d000 0x00000001
core   0: 0x8000b300 (0xff9ff06f) j       pc - 0x8
core   0: 3 0x8000b300 (0xff9ff06f)
core   0: 0x8000b2f8 (0x00002f17) auipc   t5, 0x2
core   0: 3 0x8000b2f8 (0x00002f17) x30 0x8000d2f8
core   0: 0x8000b2fc (0xd03f2423) sw      gp, -760(t5)
core   0: 3 0x8000b2fc (0xd03f2423) mem 0x8000d000 0x00000001
core   0: 0x8000b300 (0xff9ff06f) j       pc - 0x8
core   0: 3 0x8000b300 (0xff9ff06f)
core   0: 0x8000b2f8 (0x00002f17) auipc   t5, 0x2
core   0: 3 0x8000b2f8 (0x00002f17) x30 0x8000d2f8
core   0: 0x8000b2fc (0xd03f2423) sw      gp, -760(t5)
core   0: 3 0x8000b2fc (0xd03f2423) mem 0x8000d000 0x00000001
core   0: 0x8000b300 (0xff9ff06f) j       pc - 0x8
core   0: 3 0x8000b300 (0xff9ff06f)
core   0: 0x8000b2f8 (0x00002f17) auipc   t5, 0x2
core   0: 3 0x8000b2f8 (0x00002f17) x30 0x8000d2f8
core   0: 0x8000b2fc (0xd03f2423) sw      gp, -760(t5)
core   0: 3 0x8000b2fc (0xd03f2423) mem 0x8000d000 0x00000001
core   0: 0x8000b300 (0xff9ff06f) j       pc - 0x8
core   0: 3 0x8000b300 (0xff9ff06f)
core   0: 0x8000b2f8 (0x00002f17) auipc   t5, 0x2
core   0: 3 0x8000b2f8 (0x00002f17) x30 0x8000d2f8
core   0: 0x8000b2fc (0xd03f2423) sw      gp, -760(t5)
core   0: 3 0x8000b2fc (0xd03f2423) mem 0x8000d000 0x00000001
core   0: 0x8000b300 (0xff9ff06f) j       pc - 0x8
core   0: 3 0x8000b300 (0xff9ff06f)
core   0: 0x8000b2f8 (0x00002f17) auipc   t5, 0x2
core   0: 3 0x8000b2f8 (0x00002f17) x30 0x8000d2f8
core   0: 0x8000b2fc (0xd03f2423) sw      gp, -760(t5)
core   0: 3 0x8000b2fc (0xd03f2423) mem 0x8000d000 0x00000001
core   0: 0x8000b300 (0xff9ff06f) j       pc - 0x8
core   0: 3 0x8000b300 (0xff9ff06f)
core   0: 0x8000b2f8 (0x00002f17) auipc   t5, 0x2
core   0: 3 0x8000b2f8 (0x00002f17) x30 0x8000d2f8
core   0: 0x8000b2fc (0xd03f2423) sw      gp, -760(t5)
core   0: 3 0x8000b2fc (0xd03f2423) mem 0x8000d000 0x00000001
core   0: 0x8000b300 (0xff9ff06f) j       pc - 0x8
core   0: 3 0x8000b300 (0xff9ff06f)
core   0: 0x8000b2f8 (0x00002f17) auipc   t5, 0x2
core   0: 3 0x8000b2f8 (0x00002f17) x30 0x8000d2f8
core   0: 0x8000b2fc (0xd03f2423) sw      gp, -760(t5)
core   0: 3 0x8000b2fc (0xd03f2423) mem 0x8000d000 0x00000001
core   0: 0x8000b300 (0xff9ff06f) j       pc - 0x8
core   0: 3 0x8000b300 (0xff9ff06f)
core   0: 0x8000b2f8 (0x00002f17) auipc   t5, 0x2
core   0: 3 0x8000b2f8 (0x00002f17) x30 0x8000d2f8
core   0: 0x8000b2fc (0xd03f2423) sw      gp, -760(t5)
core   0: 3 0x8000b2fc (0xd03f2423) mem 0x8000d000 0x00000001
core   0: 0x8000b300 (0xff9ff06f) j       pc - 0x8
core   0: 3 0x8000b300 (0xff9ff06f)
core   0: 0x8000b2f8 (0x00002f17) auipc   t5, 0x2
core   0: 3 0x8000b2f8 (0x00002f17) x30 0x8000d2f8
core   0: 0x8000b2fc (0xd03f2423) sw      gp, -760(t5)
core   0: 3 0x8000b2fc (0xd03f2423) mem 0x8000d000 0x00000001
core   0: 0x8000b300 (0xff9ff06f) j       pc - 0x8
core   0: 3 0x8000b300 (0xff9ff06f)
core   0: 0x8000b2f8 (0x00002f17) auipc   t5, 0x2
core   0: 3 0x8000b2f8 (0x00002f17) x30 0x8000d2f8
core   0: 0x8000b2fc (0xd03f2423) sw      gp, -760(t5)
core   0: 3 0x8000b2fc (0xd03f2423) mem 0x8000d000 0x00000001
core   0: 0x8000b300 (0xff9ff06f) j       pc - 0x8
core   0: 3 0x8000b300 (0xff9ff06f)
core   0: 0x8000b2f8 (0x00002f17) auipc   t5, 0x2
core   0: 3 0x8000b2f8 (0x00002f17) x30 0x8000d2f8
core   0: 0x8000b2fc (0xd03f2423) sw      gp, -760(t5)
core   0: 3 0x8000b2fc (0xd03f2423) mem 0x8000d000 0x00000001
core   0: 0x8000b300 (0xff9ff06f) j       pc - 0x8
core   0: 3 0x8000b300 (0xff9ff06f)
core   0: 0x8000b2f8 (0x00002f17) auipc   t5, 0x2
core   0: 3 0x8000b2f8 (0x00002f17) x30 0x8000d2f8
core   0: 0x8000b2fc (0xd03f2423) sw      gp, -760(t5)
core   0: 3 0x8000b2fc (0xd03f2423) mem 0x8000d000 0x00000001
core   0: 0x8000b300 (0xff9ff06f) j       pc - 0x8
core   0: 3 0x8000b300 (0xff9ff06f)
core   0: 0x8000b2f8 (0x00002f17) auipc   t5, 0x2
core   0: 3 0x8000b2f8 (0x00002f17) x30 0x8000d2f8
core   0: 0x8000b2fc (0xd03f2423) sw      gp, -760(t5)
core   0: 3 0x8000b2fc (0xd03f2423) mem 0x8000d000 0x00000001
core   0: 0x8000b300 (0xff9ff06f) j       pc - 0x8
core   0: 3 0x8000b300 (0xff9ff06f)
core   0: 0x8000b2f8 (0x00002f17) auipc   t5, 0x2
core   0: 3 0x8000b2f8 (0x00002f17) x30 0x8000d2f8
core   0: 0x8000b2fc (0xd03f2423) sw      gp, -760(t5)
core   0: 3 0x8000b2fc (0xd03f2423) mem 0x8000d000 0x00000001
core   0: 0x8000b300 (0xff9ff06f) j       pc - 0x8
core   0: 3 0x8000b300 (0xff9ff06f)
core   0: 0x8000b2f8 (0x00002f17) auipc   t5, 0x2
core   0: 3 0x8000b2f8 (0x00002f17) x30 0x8000d2f8
core   0: 0x8000b2fc (0xd03f2423) sw      gp, -760(t5)
core   0: 3 0x8000b2fc (0xd03f2423) mem 0x8000d000 0x00000001
core   0: 0x8000b300 (0xff9ff06f) j       pc - 0x8
core   0: 3 0x8000b300 (0xff9ff06f)
core   0: 0x8000b2f8 (0x00002f17) auipc   t5, 0x2
core   0: 3 0x8000b2f8 (0x00002f17) x30 0x8000d2f8
core   0: 0x8000b2fc (0xd03f2423) sw      gp, -760(t5)
core   0: 3 0x8000b2fc (0xd03f2423) mem 0x8000d000 0x00000001
core   0: 0x8000b300 (0xff9ff06f) j       pc - 0x8
core   0: 3 0x8000b300 (0xff9ff06f)
core   0: 0x8000b2f8 (0x00002f17) auipc   t5, 0x2
core   0: 3 0x8000b2f8 (0x00002f17) x30 0x8000d2f8
core   0: 0x8000b2fc (0xd03f2423) sw      gp, -760(t5)
core   0: 3 0x8000b2fc (0xd03f2423) mem 0x8000d000 0x00000001
core   0: 0x8000b300 (0xff9ff06f) j       pc - 0x8
core   0: 3 0x8000b300 (0xff9ff06f)
core   0: 0x8000b2f8 (0x00002f17) auipc   t5, 0x2
core   0: 3 0x8000b2f8 (0x00002f17) x30 0x8000d2f8
core   0: 0x8000b2fc (0xd03f2423) sw      gp, -760(t5)
core   0: 3 0x8000b2fc (0xd03f2423) mem 0x8000d000 0x00000001
core   0: 0x8000b300 (0xff9ff06f) j       pc - 0x8
core   0: 3 0x8000b300 (0xff9ff06f)
core   0: 0x8000b2f8 (0x00002f17) auipc   t5, 0x2
core   0: 3 0x8000b2f8 (0x00002f17) x30 0x8000d2f8
core   0: 0x8000b2fc (0xd03f2423) sw      gp, -760(t5)
core   0: 3 0x8000b2fc (0xd03f2423) mem 0x8000d000 0x00000001
core   0: 0x8000b300 (0xff9ff06f) j       pc - 0x8
core   0: 3 0x8000b300 (0xff9ff06f)
core   0: 0x8000b2f8 (0x00002f17) auipc   t5, 0x2
core   0: 3 0x8000b2f8 (0x00002f17) x30 0x8000d2f8
core   0: 0x8000b2fc (0xd03f2423) sw      gp, -760(t5)
core   0: 3 0x8000b2fc (0xd03f2423) mem 0x8000d000 0x00000001
core   0: 0x8000b300 (0xff9ff06f) j       pc - 0x8
core   0: 3 0x8000b300 (0xff9ff06f)
core   0: 0x8000b2f8 (0x00002f17) auipc   t5, 0x2
core   0: 3 0x8000b2f8 (0x00002f17) x30 0x8000d2f8
core   0: 0x8000b2fc (0xd03f2423) sw      gp, -760(t5)
core   0: 3 0x8000b2fc (0xd03f2423) mem 0x8000d000 0x00000001
core   0: 0x8000b300 (0xff9ff06f) j       pc - 0x8
core   0: 3 0x8000b300 (0xff9ff06f)
core   0: 0x8000b2f8 (0x00002f17) auipc   t5, 0x2
core   0: 3 0x8000b2f8 (0x00002f17) x30 0x8000d2f8
core   0: 0x8000b2fc (0xd03f2423) sw      gp, -760(t5)
core   0: 3 0x8000b2fc (0xd03f2423) mem 0x8000d000 0x00000001
core   0: 0x8000b300 (0xff9ff06f) j       pc - 0x8
core   0: 3 0x8000b300 (0xff9ff06f)
core   0: 0x8000b2f8 (0x00002f17) auipc   t5, 0x2
core   0: 3 0x8000b2f8 (0x00002f17) x30 0x8000d2f8
core   0: 0x8000b2fc (0xd03f2423) sw      gp, -760(t5)
core   0: 3 0x8000b2fc (0xd03f2423) mem 0x8000d000 0x00000001
core   0: 0x8000b300 (0xff9ff06f) j       pc - 0x8
core   0: 3 0x8000b300 (0xff9ff06f)
core   0: 0x8000b2f8 (0x00002f17) auipc   t5, 0x2
core   0: 3 0x8000b2f8 (0x00002f17) x30 0x8000d2f8
core   0: 0x8000b2fc (0xd03f2423) sw      gp, -760(t5)
core   0: 3 0x8000b2fc (0xd03f2423) mem 0x8000d000 0x00000001
core   0: 0x8000b300 (0xff9ff06f) j       pc - 0x8
core   0: 3 0x8000b300 (0xff9ff06f)
core   0: 0x8000b2f8 (0x00002f17) auipc   t5, 0x2
core   0: 3 0x8000b2f8 (0x00002f17) x30 0x8000d2f8
core   0: 0x8000b2fc (0xd03f2423) sw      gp, -760(t5)
core   0: 3 0x8000b2fc (0xd03f2423) mem 0x8000d000 0x00000001
core   0: 0x8000b300 (0xff9ff06f) j       pc - 0x8
core   0: 3 0x8000b300 (0xff9ff06f)
core   0: 0x8000b2f8 (0x00002f17) auipc   t5, 0x2
core   0: 3 0x8000b2f8 (0x00002f17) x30 0x8000d2f8
core   0: 0x8000b2fc (0xd03f2423) sw      gp, -760(t5)
core   0: 3 0x8000b2fc (0xd03f2423) mem 0x8000d000 0x00000001
core   0: 0x8000b300 (0xff9ff06f) j       pc - 0x8
core   0: 3 0x8000b300 (0xff9ff06f)
core   0: 0x8000b2f8 (0x00002f17) auipc   t5, 0x2
core   0: 3 0x8000b2f8 (0x00002f17) x30 0x8000d2f8
core   0: 0x8000b2fc (0xd03f2423) sw      gp, -760(t5)
core   0: 3 0x8000b2fc (0xd03f2423) mem 0x8000d000 0x00000001
core   0: 0x8000b300 (0xff9ff06f) j       pc - 0x8
core   0: 3 0x8000b300 (0xff9ff06f)
core   0: 0x8000b2f8 (0x00002f17) auipc   t5, 0x2
core   0: 3 0x8000b2f8 (0x00002f17) x30 0x8000d2f8
core   0: 0x8000b2fc (0xd03f2423) sw      gp, -760(t5)
core   0: 3 0x8000b2fc (0xd03f2423) mem 0x8000d000 0x00000001
core   0: 0x8000b300 (0xff9ff06f) j       pc - 0x8
core   0: 3 0x8000b300 (0xff9ff06f)
core   0: 0x8000b2f8 (0x00002f17) auipc   t5, 0x2
core   0: 3 0x8000b2f8 (0x00002f17) x30 0x8000d2f8
core   0: 0x8000b2fc (0xd03f2423) sw      gp, -760(t5)
core   0: 3 0x8000b2fc (0xd03f2423) mem 0x8000d000 0x00000001
core   0: 0x8000b300 (0xff9ff06f) j       pc - 0x8
core   0: 3 0x8000b300 (0xff9ff06f)
core   0: 0x8000b2f8 (0x00002f17) auipc   t5, 0x2
core   0: 3 0x8000b2f8 (0x00002f17) x30 0x8000d2f8
core   0: 0x8000b2fc (0xd03f2423) sw      gp, -760(t5)
core   0: 3 0x8000b2fc (0xd03f2423) mem 0x8000d000 0x00000001
core   0: 0x8000b300 (0xff9ff06f) j       pc - 0x8
core   0: 3 0x8000b300 (0xff9ff06f)
core   0: 0x8000b2f8 (0x00002f17) auipc   t5, 0x2
core   0: 3 0x8000b2f8 (0x00002f17) x30 0x8000d2f8
core   0: 0x8000b2fc (0xd03f2423) sw      gp, -760(t5)
core   0: 3 0x8000b2fc (0xd03f2423) mem 0x8000d000 0x00000001
core   0: 0x8000b300 (0xff9ff06f) j       pc - 0x8
core   0: 3 0x8000b300 (0xff9ff06f)
core   0: 0x8000b2f8 (0x00002f17) auipc   t5, 0x2
core   0: 3 0x8000b2f8 (0x00002f17) x30 0x8000d2f8
core   0: 0x8000b2fc (0xd03f2423) sw      gp, -760(t5)
core   0: 3 0x8000b2fc (0xd03f2423) mem 0x8000d000 0x00000001
core   0: 0x8000b300 (0xff9ff06f) j       pc - 0x8
core   0: 3 0x8000b300 (0xff9ff06f)
core   0: 0x8000b2f8 (0x00002f17) auipc   t5, 0x2
core   0: 3 0x8000b2f8 (0x00002f17) x30 0x8000d2f8
core   0: 0x8000b2fc (0xd03f2423) sw      gp, -760(t5)
core   0: 3 0x8000b2fc (0xd03f2423) mem 0x8000d000 0x00000001
core   0: 0x8000b300 (0xff9ff06f) j       pc - 0x8
core   0: 3 0x8000b300 (0xff9ff06f)
core   0: 0x8000b2f8 (0x00002f17) auipc   t5, 0x2
core   0: 3 0x8000b2f8 (0x00002f17) x30 0x8000d2f8
core   0: 0x8000b2fc (0xd03f2423) sw      gp, -760(t5)
core   0: 3 0x8000b2fc (0xd03f2423) mem 0x8000d000 0x00000001
core   0: 0x8000b300 (0xff9ff06f) j       pc - 0x8
core   0: 3 0x8000b300 (0xff9ff06f)
core   0: 0x8000b2f8 (0x00002f17) auipc   t5, 0x2
core   0: 3 0x8000b2f8 (0x00002f17) x30 0x8000d2f8
core   0: 0x8000b2fc (0xd03f2423) sw      gp, -760(t5)
core   0: 3 0x8000b2fc (0xd03f2423) mem 0x8000d000 0x00000001
core   0: 0x8000b300 (0xff9ff06f) j       pc - 0x8
core   0: 3 0x8000b300 (0xff9ff06f)
core   0: 0x8000b2f8 (0x00002f17) auipc   t5, 0x2
core   0: 3 0x8000b2f8 (0x00002f17) x30 0x8000d2f8
core   0: 0x8000b2fc (0xd03f2423) sw      gp, -760(t5)
core   0: 3 0x8000b2fc (0xd03f2423) mem 0x8000d000 0x00000001
core   0: 0x8000b300 (0xff9ff06f) j       pc - 0x8
core   0: 3 0x8000b300 (0xff9ff06f)
core   0: 0x8000b2f8 (0x00002f17) auipc   t5, 0x2
core   0: 3 0x8000b2f8 (0x00002f17) x30 0x8000d2f8
core   0: 0x8000b2fc (0xd03f2423) sw      gp, -760(t5)
core   0: 3 0x8000b2fc (0xd03f2423) mem 0x8000d000 0x00000001
core   0: 0x8000b300 (0xff9ff06f) j       pc - 0x8
core   0: 3 0x8000b300 (0xff9ff06f)
core   0: 0x8000b2f8 (0x00002f17) auipc   t5, 0x2
core   0: 3 0x8000b2f8 (0x00002f17) x30 0x8000d2f8
core   0: 0x8000b2fc (0xd03f2423) sw      gp, -760(t5)
core   0: 3 0x8000b2fc (0xd03f2423) mem 0x8000d000 0x00000001
core   0: 0x8000b300 (0xff9ff06f) j       pc - 0x8
core   0: 3 0x8000b300 (0xff9ff06f)
core   0: 0x8000b2f8 (0x00002f17) auipc   t5, 0x2
core   0: 3 0x8000b2f8 (0x00002f17) x30 0x8000d2f8
core   0: 0x8000b2fc (0xd03f2423) sw      gp, -760(t5)
core   0: 3 0x8000b2fc (0xd03f2423) mem 0x8000d000 0x00000001
core   0: 0x8000b300 (0xff9ff06f) j       pc - 0x8
core   0: 3 0x8000b300 (0xff9ff06f)
core   0: 0x8000b2f8 (0x00002f17) auipc   t5, 0x2
core   0: 3 0x8000b2f8 (0x00002f17) x30 0x8000d2f8
core   0: 0x8000b2fc (0xd03f2423) sw      gp, -760(t5)
core   0: 3 0x8000b2fc (0xd03f2423) mem 0x8000d000 0x00000001
core   0: 0x8000b300 (0xff9ff06f) j       pc - 0x8
core   0: 3 0x8000b300 (0xff9ff06f)
core   0: 0x8000b2f8 (0x00002f17) auipc   t5, 0x2
core   0: 3 0x8000b2f8 (0x00002f17) x30 0x8000d2f8
core   0: 0x8000b2fc (0xd03f2423) sw      gp, -760(t5)
core   0: 3 0x8000b2fc (0xd03f2423) mem 0x8000d000 0x00000001
core   0: 0x8000b300 (0xff9ff06f) j       pc - 0x8
core   0: 3 0x8000b300 (0xff9ff06f)
core   0: 0x8000b2f8 (0x00002f17) auipc   t5, 0x2
core   0: 3 0x8000b2f8 (0x00002f17) x30 0x8000d2f8
core   0: 0x8000b2fc (0xd03f2423) sw      gp, -760(t5)
core   0: 3 0x8000b2fc (0xd03f2423) mem 0x8000d000 0x00000001
core   0: 0x8000b300 (0xff9ff06f) j       pc - 0x8
core   0: 3 0x8000b300 (0xff9ff06f)
core   0: 0x8000b2f8 (0x00002f17) auipc   t5, 0x2
core   0: 3 0x8000b2f8 (0x00002f17) x30 0x8000d2f8
core   0: 0x8000b2fc (0xd03f2423) sw      gp, -760(t5)
core   0: 3 0x8000b2fc (0xd03f2423) mem 0x8000d000 0x00000001
core   0: 0x8000b300 (0xff9ff06f) j       pc - 0x8
core   0: 3 0x8000b300 (0xff9ff06f)
core   0: 0x8000b2f8 (0x00002f17) auipc   t5, 0x2
core   0: 3 0x8000b2f8 (0x00002f17) x30 0x8000d2f8
core   0: 0x8000b2fc (0xd03f2423) sw      gp, -760(t5)
core   0: 3 0x8000b2fc (0xd03f2423) mem 0x8000d000 0x00000001
core   0: 0x8000b300 (0xff9ff06f) j       pc - 0x8
core   0: 3 0x8000b300 (0xff9ff06f)
core   0: 0x8000b2f8 (0x00002f17) auipc   t5, 0x2
core   0: 3 0x8000b2f8 (0x00002f17) x30 0x8000d2f8
core   0: 0x8000b2fc (0xd03f2423) sw      gp, -760(t5)
core   0: 3 0x8000b2fc (0xd03f2423) mem 0x8000d000 0x00000001
core   0: 0x8000b300 (0xff9ff06f) j       pc - 0x8
core   0: 3 0x8000b300 (0xff9ff06f)
core   0: 0x8000b2f8 (0x00002f17) auipc   t5, 0x2
core   0: 3 0x8000b2f8 (0x00002f17) x30 0x8000d2f8
core   0: 0x8000b2fc (0xd03f2423) sw      gp, -760(t5)
core   0: 3 0x8000b2fc (0xd03f2423) mem 0x8000d000 0x00000001
core   0: 0x8000b300 (0xff9ff06f) j       pc - 0x8
core   0: 3 0x8000b300 (0xff9ff06f)
core   0: 0x8000b2f8 (0x00002f17) auipc   t5, 0x2
core   0: 3 0x8000b2f8 (0x00002f17) x30 0x8000d2f8
core   0: 0x8000b2fc (0xd03f2423) sw      gp, -760(t5)
core   0: 3 0x8000b2fc (0xd03f2423) mem 0x8000d000 0x00000001
core   0: 0x8000b300 (0xff9ff06f) j       pc - 0x8
core   0: 3 0x8000b300 (0xff9ff06f)
core   0: 0x8000b2f8 (0x00002f17) auipc   t5, 0x2
core   0: 3 0x8000b2f8 (0x00002f17) x30 0x8000d2f8
core   0: 0x8000b2fc (0xd03f2423) sw      gp, -760(t5)
core   0: 3 0x8000b2fc (0xd03f2423) mem 0x8000d000 0x00000001
core   0: 0x8000b300 (0xff9ff06f) j       pc - 0x8
core   0: 3 0x8000b300 (0xff9ff06f)
core   0: 0x8000b2f8 (0x00002f17) auipc   t5, 0x2
core   0: 3 0x8000b2f8 (0x00002f17) x30 0x8000d2f8
core   0: 0x8000b2fc (0xd03f2423) sw      gp, -760(t5)
core   0: 3 0x8000b2fc (0xd03f2423) mem 0x8000d000 0x00000001
core   0: 0x8000b300 (0xff9ff06f) j       pc - 0x8
core   0: 3 0x8000b300 (0xff9ff06f)
core   0: 0x8000b2f8 (0x00002f17) auipc   t5, 0x2
core   0: 3 0x8000b2f8 (0x00002f17) x30 0x8000d2f8
core   0: 0x8000b2fc (0xd03f2423) sw      gp, -760(t5)
core   0: 3 0x8000b2fc (0xd03f2423) mem 0x8000d000 0x00000001
core   0: 0x8000b300 (0xff9ff06f) j       pc - 0x8
core   0: 3 0x8000b300 (0xff9ff06f)
core   0: 0x8000b2f8 (0x00002f17) auipc   t5, 0x2
core   0: 3 0x8000b2f8 (0x00002f17) x30 0x8000d2f8
core   0: 0x8000b2fc (0xd03f2423) sw      gp, -760(t5)
core   0: 3 0x8000b2fc (0xd03f2423) mem 0x8000d000 0x00000001
core   0: 0x8000b300 (0xff9ff06f) j       pc - 0x8
core   0: 3 0x8000b300 (0xff9ff06f)
core   0: 0x8000b2f8 (0x00002f17) auipc   t5, 0x2
core   0: 3 0x8000b2f8 (0x00002f17) x30 0x8000d2f8
core   0: 0x8000b2fc (0xd03f2423) sw      gp, -760(t5)
core   0: 3 0x8000b2fc (0xd03f2423) mem 0x8000d000 0x00000001
core   0: 0x8000b300 (0xff9ff06f) j       pc - 0x8
core   0: 3 0x8000b300 (0xff9ff06f)
core   0: 0x8000b2f8 (0x00002f17) auipc   t5, 0x2
core   0: 3 0x8000b2f8 (0x00002f17) x30 0x8000d2f8
core   0: 0x8000b2fc (0xd03f2423) sw      gp, -760(t5)
core   0: 3 0x8000b2fc (0xd03f2423) mem 0x8000d000 0x00000001
core   0: 0x8000b300 (0xff9ff06f) j       pc - 0x8
core   0: 3 0x8000b300 (0xff9ff06f)
core   0: 0x8000b2f8 (0x00002f17) auipc   t5, 0x2
core   0: 3 0x8000b2f8 (0x00002f17) x30 0x8000d2f8
core   0: 0x8000b2fc (0xd03f2423) sw      gp, -760(t5)
core   0: 3 0x8000b2fc (0xd03f2423) mem 0x8000d000 0x00000001
core   0: 0x8000b300 (0xff9ff06f) j       pc - 0x8
core   0: 3 0x8000b300 (0xff9ff06f)
core   0: 0x8000b2f8 (0x00002f17) auipc   t5, 0x2
core   0: 3 0x8000b2f8 (0x00002f17) x30 0x8000d2f8
core   0: 0x8000b2fc (0xd03f2423) sw      gp, -760(t5)
core   0: 3 0x8000b2fc (0xd03f2423) mem 0x8000d000 0x00000001
core   0: 0x8000b300 (0xff9ff06f) j       pc - 0x8
core   0: 3 0x8000b300 (0xff9ff06f)
core   0: 0x8000b2f8 (0x00002f17) auipc   t5, 0x2
core   0: 3 0x8000b2f8 (0x00002f17) x30 0x8000d2f8
core   0: 0x8000b2fc (0xd03f2423) sw      gp, -760(t5)
core   0: 3 0x8000b2fc (0xd03f2423) mem 0x8000d000 0x00000001
core   0: 0x8000b300 (0xff9ff06f) j       pc - 0x8
core   0: 3 0x8000b300 (0xff9ff06f)
core   0: 0x8000b2f8 (0x00002f17) auipc   t5, 0x2
core   0: 3 0x8000b2f8 (0x00002f17) x30 0x8000d2f8
core   0: 0x8000b2fc (0xd03f2423) sw      gp, -760(t5)
core   0: 3 0x8000b2fc (0xd03f2423) mem 0x8000d000 0x00000001
core   0: 0x8000b300 (0xff9ff06f) j       pc - 0x8
core   0: 3 0x8000b300 (0xff9ff06f)
core   0: 0x8000b2f8 (0x00002f17) auipc   t5, 0x2
core   0: 3 0x8000b2f8 (0x00002f17) x30 0x8000d2f8
core   0: 0x8000b2fc (0xd03f2423) sw      gp, -760(t5)
core   0: 3 0x8000b2fc (0xd03f2423) mem 0x8000d000 0x00000001
core   0: 0x8000b300 (0xff9ff06f) j       pc - 0x8
core   0: 3 0x8000b300 (0xff9ff06f)
core   0: 0x8000b2f8 (0x00002f17) auipc   t5, 0x2
core   0: 3 0x8000b2f8 (0x00002f17) x30 0x8000d2f8
core   0: 0x8000b2fc (0xd03f2423) sw      gp, -760(t5)
core   0: 3 0x8000b2fc (0xd03f2423) mem 0x8000d000 0x00000001
core   0: 0x8000b300 (0xff9ff06f) j       pc - 0x8
core   0: 3 0x8000b300 (0xff9ff06f)
core   0: 0x8000b2f8 (0x00002f17) auipc   t5, 0x2
core   0: 3 0x8000b2f8 (0x00002f17) x30 0x8000d2f8
core   0: 0x8000b2fc (0xd03f2423) sw      gp, -760(t5)
core   0: 3 0x8000b2fc (0xd03f2423) mem 0x8000d000 0x00000001
core   0: 0x8000b300 (0xff9ff06f) j       pc - 0x8
core   0: 3 0x8000b300 (0xff9ff06f)
core   0: 0x8000b2f8 (0x00002f17) auipc   t5, 0x2
core   0: 3 0x8000b2f8 (0x00002f17) x30 0x8000d2f8
core   0: 0x8000b2fc (0xd03f2423) sw      gp, -760(t5)
core   0: 3 0x8000b2fc (0xd03f2423) mem 0x8000d000 0x00000001
core   0: 0x8000b300 (0xff9ff06f) j       pc - 0x8
core   0: 3 0x8000b300 (0xff9ff06f)
core   0: 0x8000b2f8 (0x00002f17) auipc   t5, 0x2
core   0: 3 0x8000b2f8 (0x00002f17) x30 0x8000d2f8
core   0: 0x8000b2fc (0xd03f2423) sw      gp, -760(t5)
core   0: 3 0x8000b2fc (0xd03f2423) mem 0x8000d000 0x00000001
core   0: 0x8000b300 (0xff9ff06f) j       pc - 0x8
core   0: 3 0x8000b300 (0xff9ff06f)
core   0: 0x8000b2f8 (0x00002f17) auipc   t5, 0x2
core   0: 3 0x8000b2f8 (0x00002f17) x30 0x8000d2f8
core   0: 0x8000b2fc (0xd03f2423) sw      gp, -760(t5)
core   0: 3 0x8000b2fc (0xd03f2423) mem 0x8000d000 0x00000001
core   0: 0x8000b300 (0xff9ff06f) j       pc - 0x8
core   0: 3 0x8000b300 (0xff9ff06f)
core   0: 0x8000b2f8 (0x00002f17) auipc   t5, 0x2
core   0: 3 0x8000b2f8 (0x00002f17) x30 0x8000d2f8
core   0: 0x8000b2fc (0xd03f2423) sw      gp, -760(t5)
core   0: 3 0x8000b2fc (0xd03f2423) mem 0x8000d000 0x00000001
core   0: 0x8000b300 (0xff9ff06f) j       pc - 0x8
core   0: 3 0x8000b300 (0xff9ff06f)
core   0: 0x8000b2f8 (0x00002f17) auipc   t5, 0x2
core   0: 3 0x8000b2f8 (0x00002f17) x30 0x8000d2f8
core   0: 0x8000b2fc (0xd03f2423) sw      gp, -760(t5)
core   0: 3 0x8000b2fc (0xd03f2423) mem 0x8000d000 0x00000001
core   0: 0x8000b300 (0xff9ff06f) j       pc - 0x8
core   0: 3 0x8000b300 (0xff9ff06f)
core   0: 0x8000b2f8 (0x00002f17) auipc   t5, 0x2
core   0: 3 0x8000b2f8 (0x00002f17) x30 0x8000d2f8
core   0: 0x8000b2fc (0xd03f2423) sw      gp, -760(t5)
core   0: 3 0x8000b2fc (0xd03f2423) mem 0x8000d000 0x00000001
core   0: 0x8000b300 (0xff9ff06f) j       pc - 0x8
core   0: 3 0x8000b300 (0xff9ff06f)
core   0: 0x8000b2f8 (0x00002f17) auipc   t5, 0x2
core   0: 3 0x8000b2f8 (0x00002f17) x30 0x8000d2f8
core   0: 0x8000b2fc (0xd03f2423) sw      gp, -760(t5)
core   0: 3 0x8000b2fc (0xd03f2423) mem 0x8000d000 0x00000001
core   0: 0x8000b300 (0xff9ff06f) j       pc - 0x8
core   0: 3 0x8000b300 (0xff9ff06f)
core   0: 0x8000b2f8 (0x00002f17) auipc   t5, 0x2
core   0: 3 0x8000b2f8 (0x00002f17) x30 0x8000d2f8
core   0: 0x8000b2fc (0xd03f2423) sw      gp, -760(t5)
core   0: 3 0x8000b2fc (0xd03f2423) mem 0x8000d000 0x00000001
core   0: 0x8000b300 (0xff9ff06f) j       pc - 0x8
core   0: 3 0x8000b300 (0xff9ff06f)
core   0: 0x8000b2f8 (0x00002f17) auipc   t5, 0x2
core   0: 3 0x8000b2f8 (0x00002f17) x30 0x8000d2f8
core   0: 0x8000b2fc (0xd03f2423) sw      gp, -760(t5)
core   0: 3 0x8000b2fc (0xd03f2423) mem 0x8000d000 0x00000001
core   0: 0x8000b300 (0xff9ff06f) j       pc - 0x8
core   0: 3 0x8000b300 (0xff9ff06f)
core   0: 0x8000b2f8 (0x00002f17) auipc   t5, 0x2
core   0: 3 0x8000b2f8 (0x00002f17) x30 0x8000d2f8
core   0: 0x8000b2fc (0xd03f2423) sw      gp, -760(t5)
core   0: 3 0x8000b2fc (0xd03f2423) mem 0x8000d000 0x00000001
core   0: 0x8000b300 (0xff9ff06f) j       pc - 0x8
core   0: 3 0x8000b300 (0xff9ff06f)
core   0: 0x8000b2f8 (0x00002f17) auipc   t5, 0x2
core   0: 3 0x8000b2f8 (0x00002f17) x30 0x8000d2f8
core   0: 0x8000b2fc (0xd03f2423) sw      gp, -760(t5)
core   0: 3 0x8000b2fc (0xd03f2423) mem 0x8000d000 0x00000001
core   0: 0x8000b300 (0xff9ff06f) j       pc - 0x8
core   0: 3 0x8000b300 (0xff9ff06f)
core   0: 0x8000b2f8 (0x00002f17) auipc   t5, 0x2
core   0: 3 0x8000b2f8 (0x00002f17) x30 0x8000d2f8
core   0: 0x8000b2fc (0xd03f2423) sw      gp, -760(t5)
core   0: 3 0x8000b2fc (0xd03f2423) mem 0x8000d000 0x00000001
core   0: 0x8000b300 (0xff9ff06f) j       pc - 0x8
core   0: 3 0x8000b300 (0xff9ff06f)
core   0: 0x8000b2f8 (0x00002f17) auipc   t5, 0x2
core   0: 3 0x8000b2f8 (0x00002f17) x30 0x8000d2f8
core   0: 0x8000b2fc (0xd03f2423) sw      gp, -760(t5)
core   0: 3 0x8000b2fc (0xd03f2423) mem 0x8000d000 0x00000001
core   0: 0x8000b300 (0xff9ff06f) j       pc - 0x8
core   0: 3 0x8000b300 (0xff9ff06f)
core   0: 0x8000b2f8 (0x00002f17) auipc   t5, 0x2
core   0: 3 0x8000b2f8 (0x00002f17) x30 0x8000d2f8
core   0: 0x8000b2fc (0xd03f2423) sw      gp, -760(t5)
core   0: 3 0x8000b2fc (0xd03f2423) mem 0x8000d000 0x00000001
core   0: 0x8000b300 (0xff9ff06f) j       pc - 0x8
core   0: 3 0x8000b300 (0xff9ff06f)
core   0: 0x8000b2f8 (0x00002f17) auipc   t5, 0x2
core   0: 3 0x8000b2f8 (0x00002f17) x30 0x8000d2f8
core   0: 0x8000b2fc (0xd03f2423) sw      gp, -760(t5)
core   0: 3 0x8000b2fc (0xd03f2423) mem 0x8000d000 0x00000001
core   0: 0x8000b300 (0xff9ff06f) j       pc - 0x8
core   0: 3 0x8000b300 (0xff9ff06f)
core   0: 0x8000b2f8 (0x00002f17) auipc   t5, 0x2
core   0: 3 0x8000b2f8 (0x00002f17) x30 0x8000d2f8
core   0: 0x8000b2fc (0xd03f2423) sw      gp, -760(t5)
core   0: 3 0x8000b2fc (0xd03f2423) mem 0x8000d000 0x00000001
core   0: 0x8000b300 (0xff9ff06f) j       pc - 0x8
core   0: 3 0x8000b300 (0xff9ff06f)
core   0: 0x8000b2f8 (0x00002f17) auipc   t5, 0x2
core   0: 3 0x8000b2f8 (0x00002f17) x30 0x8000d2f8
core   0: 0x8000b2fc (0xd03f2423) sw      gp, -760(t5)
core   0: 3 0x8000b2fc (0xd03f2423) mem 0x8000d000 0x00000001
core   0: 0x8000b300 (0xff9ff06f) j       pc - 0x8
core   0: 3 0x8000b300 (0xff9ff06f)
core   0: 0x8000b2f8 (0x00002f17) auipc   t5, 0x2
core   0: 3 0x8000b2f8 (0x00002f17) x30 0x8000d2f8
core   0: 0x8000b2fc (0xd03f2423) sw      gp, -760(t5)
core   0: 3 0x8000b2fc (0xd03f2423) mem 0x8000d000 0x00000001
core   0: 0x8000b300 (0xff9ff06f) j       pc - 0x8
core   0: 3 0x8000b300 (0xff9ff06f)
core   0: 0x8000b2f8 (0x00002f17) auipc   t5, 0x2
core   0: 3 0x8000b2f8 (0x00002f17) x30 0x8000d2f8
core   0: 0x8000b2fc (0xd03f2423) sw      gp, -760(t5)
core   0: 3 0x8000b2fc (0xd03f2423) mem 0x8000d000 0x00000001
core   0: 0x8000b300 (0xff9ff06f) j       pc - 0x8
core   0: 3 0x8000b300 (0xff9ff06f)
core   0: 0x8000b2f8 (0x00002f17) auipc   t5, 0x2
core   0: 3 0x8000b2f8 (0x00002f17) x30 0x8000d2f8
core   0: 0x8000b2fc (0xd03f2423) sw      gp, -760(t5)
core   0: 3 0x8000b2fc (0xd03f2423) mem 0x8000d000 0x00000001
core   0: 0x8000b300 (0xff9ff06f) j       pc - 0x8
core   0: 3 0x8000b300 (0xff9ff06f)
core   0: 0x8000b2f8 (0x00002f17) auipc   t5, 0x2
core   0: 3 0x8000b2f8 (0x00002f17) x30 0x8000d2f8
core   0: 0x8000b2fc (0xd03f2423) sw      gp, -760(t5)
core   0: 3 0x8000b2fc (0xd03f2423) mem 0x8000d000 0x00000001
core   0: 0x8000b300 (0xff9ff06f) j       pc - 0x8
core   0: 3 0x8000b300 (0xff9ff06f)
core   0: 0x8000b2f8 (0x00002f17) auipc   t5, 0x2
core   0: 3 0x8000b2f8 (0x00002f17) x30 0x8000d2f8
core   0: 0x8000b2fc (0xd03f2423) sw      gp, -760(t5)
core   0: 3 0x8000b2fc (0xd03f2423) mem 0x8000d000 0x00000001
core   0: 0x8000b300 (0xff9ff06f) j       pc - 0x8
core   0: 3 0x8000b300 (0xff9ff06f)
core   0: 0x8000b2f8 (0x00002f17) auipc   t5, 0x2
core   0: 3 0x8000b2f8 (0x00002f17) x30 0x8000d2f8
core   0: 0x8000b2fc (0xd03f2423) sw      gp, -760(t5)
core   0: 3 0x8000b2fc (0xd03f2423) mem 0x8000d000 0x00000001
core   0: 0x8000b300 (0xff9ff06f) j       pc - 0x8
core   0: 3 0x8000b300 (0xff9ff06f)
core   0: 0x8000b2f8 (0x00002f17) auipc   t5, 0x2
core   0: 3 0x8000b2f8 (0x00002f17) x30 0x8000d2f8
core   0: 0x8000b2fc (0xd03f2423) sw      gp, -760(t5)
core   0: 3 0x8000b2fc (0xd03f2423) mem 0x8000d000 0x00000001
core   0: 0x8000b300 (0xff9ff06f) j       pc - 0x8
core   0: 3 0x8000b300 (0xff9ff06f)
core   0: 0x8000b2f8 (0x00002f17) auipc   t5, 0x2
core   0: 3 0x8000b2f8 (0x00002f17) x30 0x8000d2f8
core   0: 0x8000b2fc (0xd03f2423) sw      gp, -760(t5)
core   0: 3 0x8000b2fc (0xd03f2423) mem 0x8000d000 0x00000001
core   0: 0x8000b300 (0xff9ff06f) j       pc - 0x8
core   0: 3 0x8000b300 (0xff9ff06f)
core   0: 0x8000b2f8 (0x00002f17) auipc   t5, 0x2
core   0: 3 0x8000b2f8 (0x00002f17) x30 0x8000d2f8
core   0: 0x8000b2fc (0xd03f2423) sw      gp, -760(t5)
core   0: 3 0x8000b2fc (0xd03f2423) mem 0x8000d000 0x00000001
core   0: 0x8000b300 (0xff9ff06f) j       pc - 0x8
core   0: 3 0x8000b300 (0xff9ff06f)
core   0: 0x8000b2f8 (0x00002f17) auipc   t5, 0x2
core   0: 3 0x8000b2f8 (0x00002f17) x30 0x8000d2f8
core   0: 0x8000b2fc (0xd03f2423) sw      gp, -760(t5)
core   0: 3 0x8000b2fc (0xd03f2423) mem 0x8000d000 0x00000001
core   0: 0x8000b300 (0xff9ff06f) j       pc - 0x8
core   0: 3 0x8000b300 (0xff9ff06f)
core   0: 0x8000b2f8 (0x00002f17) auipc   t5, 0x2
core   0: 3 0x8000b2f8 (0x00002f17) x30 0x8000d2f8
core   0: 0x8000b2fc (0xd03f2423) sw      gp, -760(t5)
core   0: 3 0x8000b2fc (0xd03f2423) mem 0x8000d000 0x00000001
core   0: 0x8000b300 (0xff9ff06f) j       pc - 0x8
core   0: 3 0x8000b300 (0xff9ff06f)
core   0: 0x8000b2f8 (0x00002f17) auipc   t5, 0x2
core   0: 3 0x8000b2f8 (0x00002f17) x30 0x8000d2f8
core   0: 0x8000b2fc (0xd03f2423) sw      gp, -760(t5)
core   0: 3 0x8000b2fc (0xd03f2423) mem 0x8000d000 0x00000001
core   0: 0x8000b300 (0xff9ff06f) j       pc - 0x8
core   0: 3 0x8000b300 (0xff9ff06f)
core   0: 0x8000b2f8 (0x00002f17) auipc   t5, 0x2
core   0: 3 0x8000b2f8 (0x00002f17) x30 0x8000d2f8
core   0: 0x8000b2fc (0xd03f2423) sw      gp, -760(t5)
core   0: 3 0x8000b2fc (0xd03f2423) mem 0x8000d000 0x00000001
core   0: 0x8000b300 (0xff9ff06f) j       pc - 0x8
core   0: 3 0x8000b300 (0xff9ff06f)
core   0: 0x8000b2f8 (0x00002f17) auipc   t5, 0x2
core   0: 3 0x8000b2f8 (0x00002f17) x30 0x8000d2f8
core   0: 0x8000b2fc (0xd03f2423) sw      gp, -760(t5)
core   0: 3 0x8000b2fc (0xd03f2423) mem 0x8000d000 0x00000001
core   0: 0x8000b300 (0xff9ff06f) j       pc - 0x8
core   0: 3 0x8000b300 (0xff9ff06f)
core   0: 0x8000b2f8 (0x00002f17) auipc   t5, 0x2
core   0: 3 0x8000b2f8 (0x00002f17) x30 0x8000d2f8
core   0: 0x8000b2fc (0xd03f2423) sw      gp, -760(t5)
core   0: 3 0x8000b2fc (0xd03f2423) mem 0x8000d000 0x00000001
core   0: 0x8000b300 (0xff9ff06f) j       pc - 0x8
core   0: 3 0x8000b300 (0xff9ff06f)
core   0: 0x8000b2f8 (0x00002f17) auipc   t5, 0x2
core   0: 3 0x8000b2f8 (0x00002f17) x30 0x8000d2f8
core   0: 0x8000b2fc (0xd03f2423) sw      gp, -760(t5)
core   0: 3 0x8000b2fc (0xd03f2423) mem 0x8000d000 0x00000001
core   0: 0x8000b300 (0xff9ff06f) j       pc - 0x8
core   0: 3 0x8000b300 (0xff9ff06f)
core   0: 0x8000b2f8 (0x00002f17) auipc   t5, 0x2
core   0: 3 0x8000b2f8 (0x00002f17) x30 0x8000d2f8
core   0: 0x8000b2fc (0xd03f2423) sw      gp, -760(t5)
core   0: 3 0x8000b2fc (0xd03f2423) mem 0x8000d000 0x00000001
core   0: 0x8000b300 (0xff9ff06f) j       pc - 0x8
core   0: 3 0x8000b300 (0xff9ff06f)
core   0: 0x8000b2f8 (0x00002f17) auipc   t5, 0x2
core   0: 3 0x8000b2f8 (0x00002f17) x30 0x8000d2f8
core   0: 0x8000b2fc (0xd03f2423) sw      gp, -760(t5)
core   0: 3 0x8000b2fc (0xd03f2423) mem 0x8000d000 0x00000001
core   0: 0x8000b300 (0xff9ff06f) j       pc - 0x8
core   0: 3 0x8000b300 (0xff9ff06f)
core   0: 0x8000b2f8 (0x00002f17) auipc   t5, 0x2
core   0: 3 0x8000b2f8 (0x00002f17) x30 0x8000d2f8
core   0: 0x8000b2fc (0xd03f2423) sw      gp, -760(t5)
core   0: 3 0x8000b2fc (0xd03f2423) mem 0x8000d000 0x00000001
core   0: 0x8000b300 (0xff9ff06f) j       pc - 0x8
core   0: 3 0x8000b300 (0xff9ff06f)
core   0: 0x8000b2f8 (0x00002f17) auipc   t5, 0x2
core   0: 3 0x8000b2f8 (0x00002f17) x30 0x8000d2f8
core   0: 0x8000b2fc (0xd03f2423) sw      gp, -760(t5)
core   0: 3 0x8000b2fc (0xd03f2423) mem 0x8000d000 0x00000001
core   0: 0x8000b300 (0xff9ff06f) j       pc - 0x8
core   0: 3 0x8000b300 (0xff9ff06f)
core   0: 0x8000b2f8 (0x00002f17) auipc   t5, 0x2
core   0: 3 0x8000b2f8 (0x00002f17) x30 0x8000d2f8
core   0: 0x8000b2fc (0xd03f2423) sw      gp, -760(t5)
core   0: 3 0x8000b2fc (0xd03f2423) mem 0x8000d000 0x00000001
core   0: 0x8000b300 (0xff9ff06f) j       pc - 0x8
core   0: 3 0x8000b300 (0xff9ff06f)
core   0: 0x8000b2f8 (0x00002f17) auipc   t5, 0x2
core   0: 3 0x8000b2f8 (0x00002f17) x30 0x8000d2f8
core   0: 0x8000b2fc (0xd03f2423) sw      gp, -760(t5)
core   0: 3 0x8000b2fc (0xd03f2423) mem 0x8000d000 0x00000001
core   0: 0x8000b300 (0xff9ff06f) j       pc - 0x8
core   0: 3 0x8000b300 (0xff9ff06f)
core   0: 0x8000b2f8 (0x00002f17) auipc   t5, 0x2
core   0: 3 0x8000b2f8 (0x00002f17) x30 0x8000d2f8
core   0: 0x8000b2fc (0xd03f2423) sw      gp, -760(t5)
core   0: 3 0x8000b2fc (0xd03f2423) mem 0x8000d000 0x00000001
core   0: 0x8000b300 (0xff9ff06f) j       pc - 0x8
core   0: 3 0x8000b300 (0xff9ff06f)
core   0: 0x8000b2f8 (0x00002f17) auipc   t5, 0x2
core   0: 3 0x8000b2f8 (0x00002f17) x30 0x8000d2f8
core   0: 0x8000b2fc (0xd03f2423) sw      gp, -760(t5)
core   0: 3 0x8000b2fc (0xd03f2423) mem 0x8000d000 0x00000001
core   0: 0x8000b300 (0xff9ff06f) j       pc - 0x8
core   0: 3 0x8000b300 (0xff9ff06f)
core   0: 0x8000b2f8 (0x00002f17) auipc   t5, 0x2
core   0: 3 0x8000b2f8 (0x00002f17) x30 0x8000d2f8
core   0: 0x8000b2fc (0xd03f2423) sw      gp, -760(t5)
core   0: 3 0x8000b2fc (0xd03f2423) mem 0x8000d000 0x00000001
core   0: 0x8000b300 (0xff9ff06f) j       pc - 0x8
core   0: 3 0x8000b300 (0xff9ff06f)
core   0: 0x8000b2f8 (0x00002f17) auipc   t5, 0x2
core   0: 3 0x8000b2f8 (0x00002f17) x30 0x8000d2f8
core   0: 0x8000b2fc (0xd03f2423) sw      gp, -760(t5)
core   0: 3 0x8000b2fc (0xd03f2423) mem 0x8000d000 0x00000001
core   0: 0x8000b300 (0xff9ff06f) j       pc - 0x8
core   0: 3 0x8000b300 (0xff9ff06f)
core   0: 0x8000b2f8 (0x00002f17) auipc   t5, 0x2
core   0: 3 0x8000b2f8 (0x00002f17) x30 0x8000d2f8
core   0: 0x8000b2fc (0xd03f2423) sw      gp, -760(t5)
core   0: 3 0x8000b2fc (0xd03f2423) mem 0x8000d000 0x00000001
core   0: 0x8000b300 (0xff9ff06f) j       pc - 0x8
core   0: 3 0x8000b300 (0xff9ff06f)
core   0: 0x8000b2f8 (0x00002f17) auipc   t5, 0x2
core   0: 3 0x8000b2f8 (0x00002f17) x30 0x8000d2f8
core   0: 0x8000b2fc (0xd03f2423) sw      gp, -760(t5)
core   0: 3 0x8000b2fc (0xd03f2423) mem 0x8000d000 0x00000001
core   0: 0x8000b300 (0xff9ff06f) j       pc - 0x8
core   0: 3 0x8000b300 (0xff9ff06f)
core   0: 0x8000b2f8 (0x00002f17) auipc   t5, 0x2
core   0: 3 0x8000b2f8 (0x00002f17) x30 0x8000d2f8
core   0: 0x8000b2fc (0xd03f2423) sw      gp, -760(t5)
core   0: 3 0x8000b2fc (0xd03f2423) mem 0x8000d000 0x00000001
core   0: 0x8000b300 (0xff9ff06f) j       pc - 0x8
core   0: 3 0x8000b300 (0xff9ff06f)
core   0: 0x8000b2f8 (0x00002f17) auipc   t5, 0x2
core   0: 3 0x8000b2f8 (0x00002f17) x30 0x8000d2f8
core   0: 0x8000b2fc (0xd03f2423) sw      gp, -760(t5)
core   0: 3 0x8000b2fc (0xd03f2423) mem 0x8000d000 0x00000001
core   0: 0x8000b300 (0xff9ff06f) j       pc - 0x8
core   0: 3 0x8000b300 (0xff9ff06f)
core   0: 0x8000b2f8 (0x00002f17) auipc   t5, 0x2
core   0: 3 0x8000b2f8 (0x00002f17) x30 0x8000d2f8
core   0: 0x8000b2fc (0xd03f2423) sw      gp, -760(t5)
core   0: 3 0x8000b2fc (0xd03f2423) mem 0x8000d000 0x00000001
core   0: 0x8000b300 (0xff9ff06f) j       pc - 0x8
core   0: 3 0x8000b300 (0xff9ff06f)
core   0: 0x8000b2f8 (0x00002f17) auipc   t5, 0x2
core   0: 3 0x8000b2f8 (0x00002f17) x30 0x8000d2f8
core   0: 0x8000b2fc (0xd03f2423) sw      gp, -760(t5)
core   0: 3 0x8000b2fc (0xd03f2423) mem 0x8000d000 0x00000001
core   0: 0x8000b300 (0xff9ff06f) j       pc - 0x8
core   0: 3 0x8000b300 (0xff9ff06f)
core   0: 0x8000b2f8 (0x00002f17) auipc   t5, 0x2
core   0: 3 0x8000b2f8 (0x00002f17) x30 0x8000d2f8
core   0: 0x8000b2fc (0xd03f2423) sw      gp, -760(t5)
core   0: 3 0x8000b2fc (0xd03f2423) mem 0x8000d000 0x00000001
core   0: 0x8000b300 (0xff9ff06f) j       pc - 0x8
core   0: 3 0x8000b300 (0xff9ff06f)
core   0: 0x8000b2f8 (0x00002f17) auipc   t5, 0x2
core   0: 3 0x8000b2f8 (0x00002f17) x30 0x8000d2f8
core   0: 0x8000b2fc (0xd03f2423) sw      gp, -760(t5)
core   0: 3 0x8000b2fc (0xd03f2423) mem 0x8000d000 0x00000001
core   0: 0x8000b300 (0xff9ff06f) j       pc - 0x8
core   0: 3 0x8000b300 (0xff9ff06f)
core   0: 0x8000b2f8 (0x00002f17) auipc   t5, 0x2
core   0: 3 0x8000b2f8 (0x00002f17) x30 0x8000d2f8
core   0: 0x8000b2fc (0xd03f2423) sw      gp, -760(t5)
core   0: 3 0x8000b2fc (0xd03f2423) mem 0x8000d000 0x00000001
core   0: 0x8000b300 (0xff9ff06f) j       pc - 0x8
core   0: 3 0x8000b300 (0xff9ff06f)
core   0: 0x8000b2f8 (0x00002f17) auipc   t5, 0x2
core   0: 3 0x8000b2f8 (0x00002f17) x30 0x8000d2f8
core   0: 0x8000b2fc (0xd03f2423) sw      gp, -760(t5)
core   0: 3 0x8000b2fc (0xd03f2423) mem 0x8000d000 0x00000001
core   0: 0x8000b300 (0xff9ff06f) j       pc - 0x8
core   0: 3 0x8000b300 (0xff9ff06f)
core   0: 0x8000b2f8 (0x00002f17) auipc   t5, 0x2
core   0: 3 0x8000b2f8 (0x00002f17) x30 0x8000d2f8
core   0: 0x8000b2fc (0xd03f2423) sw      gp, -760(t5)
core   0: 3 0x8000b2fc (0xd03f2423) mem 0x8000d000 0x00000001
core   0: 0x8000b300 (0xff9ff06f) j       pc - 0x8
core   0: 3 0x8000b300 (0xff9ff06f)
core   0: 0x8000b2f8 (0x00002f17) auipc   t5, 0x2
core   0: 3 0x8000b2f8 (0x00002f17) x30 0x8000d2f8
core   0: 0x8000b2fc (0xd03f2423) sw      gp, -760(t5)
core   0: 3 0x8000b2fc (0xd03f2423) mem 0x8000d000 0x00000001
core   0: 0x8000b300 (0xff9ff06f) j       pc - 0x8
core   0: 3 0x8000b300 (0xff9ff06f)
core   0: 0x8000b2f8 (0x00002f17) auipc   t5, 0x2
core   0: 3 0x8000b2f8 (0x00002f17) x30 0x8000d2f8
core   0: 0x8000b2fc (0xd03f2423) sw      gp, -760(t5)
core   0: 3 0x8000b2fc (0xd03f2423) mem 0x8000d000 0x00000001
core   0: 0x8000b300 (0xff9ff06f) j       pc - 0x8
core   0: 3 0x8000b300 (0xff9ff06f)
core   0: 0x8000b2f8 (0x00002f17) auipc   t5, 0x2
core   0: 3 0x8000b2f8 (0x00002f17) x30 0x8000d2f8
core   0: 0x8000b2fc (0xd03f2423) sw      gp, -760(t5)
core   0: 3 0x8000b2fc (0xd03f2423) mem 0x8000d000 0x00000001
core   0: 0x8000b300 (0xff9ff06f) j       pc - 0x8
core   0: 3 0x8000b300 (0xff9ff06f)
core   0: 0x8000b2f8 (0x00002f17) auipc   t5, 0x2
core   0: 3 0x8000b2f8 (0x00002f17) x30 0x8000d2f8
core   0: 0x8000b2fc (0xd03f2423) sw      gp, -760(t5)
core   0: 3 0x8000b2fc (0xd03f2423) mem 0x8000d000 0x00000001
core   0: 0x8000b300 (0xff9ff06f) j       pc - 0x8
core   0: 3 0x8000b300 (0xff9ff06f)
core   0: 0x8000b2f8 (0x00002f17) auipc   t5, 0x2
core   0: 3 0x8000b2f8 (0x00002f17) x30 0x8000d2f8
core   0: 0x8000b2fc (0xd03f2423) sw      gp, -760(t5)
core   0: 3 0x8000b2fc (0xd03f2423) mem 0x8000d000 0x00000001
core   0: 0x8000b300 (0xff9ff06f) j       pc - 0x8
core   0: 3 0x8000b300 (0xff9ff06f)
core   0: 0x8000b2f8 (0x00002f17) auipc   t5, 0x2
core   0: 3 0x8000b2f8 (0x00002f17) x30 0x8000d2f8
core   0: 0x8000b2fc (0xd03f2423) sw      gp, -760(t5)
core   0: 3 0x8000b2fc (0xd03f2423) mem 0x8000d000 0x00000001
core   0: 0x8000b300 (0xff9ff06f) j       pc - 0x8
core   0: 3 0x8000b300 (0xff9ff06f)
core   0: 0x8000b2f8 (0x00002f17) auipc   t5, 0x2
core   0: 3 0x8000b2f8 (0x00002f17) x30 0x8000d2f8
core   0: 0x8000b2fc (0xd03f2423) sw      gp, -760(t5)
core   0: 3 0x8000b2fc (0xd03f2423) mem 0x8000d000 0x00000001
core   0: 0x8000b300 (0xff9ff06f) j       pc - 0x8
core   0: 3 0x8000b300 (0xff9ff06f)
core   0: 0x8000b2f8 (0x00002f17) auipc   t5, 0x2
core   0: 3 0x8000b2f8 (0x00002f17) x30 0x8000d2f8
core   0: 0x8000b2fc (0xd03f2423) sw      gp, -760(t5)
core   0: 3 0x8000b2fc (0xd03f2423) mem 0x8000d000 0x00000001
core   0: 0x8000b300 (0xff9ff06f) j       pc - 0x8
core   0: 3 0x8000b300 (0xff9ff06f)
core   0: 0x8000b2f8 (0x00002f17) auipc   t5, 0x2
core   0: 3 0x8000b2f8 (0x00002f17) x30 0x8000d2f8
core   0: 0x8000b2fc (0xd03f2423) sw      gp, -760(t5)
core   0: 3 0x8000b2fc (0xd03f2423) mem 0x8000d000 0x00000001
core   0: 0x8000b300 (0xff9ff06f) j       pc - 0x8
core   0: 3 0x8000b300 (0xff9ff06f)
core   0: 0x8000b2f8 (0x00002f17) auipc   t5, 0x2
core   0: 3 0x8000b2f8 (0x00002f17) x30 0x8000d2f8
core   0: 0x8000b2fc (0xd03f2423) sw      gp, -760(t5)
core   0: 3 0x8000b2fc (0xd03f2423) mem 0x8000d000 0x00000001
core   0: 0x8000b300 (0xff9ff06f) j       pc - 0x8
core   0: 3 0x8000b300 (0xff9ff06f)
core   0: 0x8000b2f8 (0x00002f17) auipc   t5, 0x2
core   0: 3 0x8000b2f8 (0x00002f17) x30 0x8000d2f8
core   0: 0x8000b2fc (0xd03f2423) sw      gp, -760(t5)
core   0: 3 0x8000b2fc (0xd03f2423) mem 0x8000d000 0x00000001
core   0: 0x8000b300 (0xff9ff06f) j       pc - 0x8
core   0: 3 0x8000b300 (0xff9ff06f)
core   0: 0x8000b2f8 (0x00002f17) auipc   t5, 0x2
core   0: 3 0x8000b2f8 (0x00002f17) x30 0x8000d2f8
core   0: 0x8000b2fc (0xd03f2423) sw      gp, -760(t5)
core   0: 3 0x8000b2fc (0xd03f2423) mem 0x8000d000 0x00000001
core   0: 0x8000b300 (0xff9ff06f) j       pc - 0x8
core   0: 3 0x8000b300 (0xff9ff06f)
core   0: 0x8000b2f8 (0x00002f17) auipc   t5, 0x2
core   0: 3 0x8000b2f8 (0x00002f17) x30 0x8000d2f8
core   0: 0x8000b2fc (0xd03f2423) sw      gp, -760(t5)
core   0: 3 0x8000b2fc (0xd03f2423) mem 0x8000d000 0x00000001
core   0: 0x8000b300 (0xff9ff06f) j       pc - 0x8
core   0: 3 0x8000b300 (0xff9ff06f)
core   0: 0x8000b2f8 (0x00002f17) auipc   t5, 0x2
core   0: 3 0x8000b2f8 (0x00002f17) x30 0x8000d2f8
core   0: 0x8000b2fc (0xd03f2423) sw      gp, -760(t5)
core   0: 3 0x8000b2fc (0xd03f2423) mem 0x8000d000 0x00000001
core   0: 0x8000b300 (0xff9ff06f) j       pc - 0x8
core   0: 3 0x8000b300 (0xff9ff06f)
core   0: 0x8000b2f8 (0x00002f17) auipc   t5, 0x2
core   0: 3 0x8000b2f8 (0x00002f17) x30 0x8000d2f8
core   0: 0x8000b2fc (0xd03f2423) sw      gp, -760(t5)
core   0: 3 0x8000b2fc (0xd03f2423) mem 0x8000d000 0x00000001
core   0: 0x8000b300 (0xff9ff06f) j       pc - 0x8
core   0: 3 0x8000b300 (0xff9ff06f)
core   0: 0x8000b2f8 (0x00002f17) auipc   t5, 0x2
core   0: 3 0x8000b2f8 (0x00002f17) x30 0x8000d2f8
core   0: 0x8000b2fc (0xd03f2423) sw      gp, -760(t5)
core   0: 3 0x8000b2fc (0xd03f2423) mem 0x8000d000 0x00000001
core   0: 0x8000b300 (0xff9ff06f) j       pc - 0x8
core   0: 3 0x8000b300 (0xff9ff06f)
core   0: 0x8000b2f8 (0x00002f17) auipc   t5, 0x2
core   0: 3 0x8000b2f8 (0x00002f17) x30 0x8000d2f8
core   0: 0x8000b2fc (0xd03f2423) sw      gp, -760(t5)
core   0: 3 0x8000b2fc (0xd03f2423) mem 0x8000d000 0x00000001
core   0: 0x8000b300 (0xff9ff06f) j       pc - 0x8
core   0: 3 0x8000b300 (0xff9ff06f)
core   0: 0x8000b2f8 (0x00002f17) auipc   t5, 0x2
core   0: 3 0x8000b2f8 (0x00002f17) x30 0x8000d2f8
core   0: 0x8000b2fc (0xd03f2423) sw      gp, -760(t5)
core   0: 3 0x8000b2fc (0xd03f2423) mem 0x8000d000 0x00000001
core   0: 0x8000b300 (0xff9ff06f) j       pc - 0x8
core   0: 3 0x8000b300 (0xff9ff06f)
core   0: 0x8000b2f8 (0x00002f17) auipc   t5, 0x2
core   0: 3 0x8000b2f8 (0x00002f17) x30 0x8000d2f8
core   0: 0x8000b2fc (0xd03f2423) sw      gp, -760(t5)
core   0: 3 0x8000b2fc (0xd03f2423) mem 0x8000d000 0x00000001
core   0: 0x8000b300 (0xff9ff06f) j       pc - 0x8
core   0: 3 0x8000b300 (0xff9ff06f)
core   0: 0x8000b2f8 (0x00002f17) auipc   t5, 0x2
core   0: 3 0x8000b2f8 (0x00002f17) x30 0x8000d2f8
core   0: 0x8000b2fc (0xd03f2423) sw      gp, -760(t5)
core   0: 3 0x8000b2fc (0xd03f2423) mem 0x8000d000 0x00000001
core   0: 0x8000b300 (0xff9ff06f) j       pc - 0x8
core   0: 3 0x8000b300 (0xff9ff06f)
core   0: 0x8000b2f8 (0x00002f17) auipc   t5, 0x2
core   0: 3 0x8000b2f8 (0x00002f17) x30 0x8000d2f8
core   0: 0x8000b2fc (0xd03f2423) sw      gp, -760(t5)
core   0: 3 0x8000b2fc (0xd03f2423) mem 0x8000d000 0x00000001
core   0: 0x8000b300 (0xff9ff06f) j       pc - 0x8
core   0: 3 0x8000b300 (0xff9ff06f)
core   0: 0x8000b2f8 (0x00002f17) auipc   t5, 0x2
core   0: 3 0x8000b2f8 (0x00002f17) x30 0x8000d2f8
core   0: 0x8000b2fc (0xd03f2423) sw      gp, -760(t5)
core   0: 3 0x8000b2fc (0xd03f2423) mem 0x8000d000 0x00000001
core   0: 0x8000b300 (0xff9ff06f) j       pc - 0x8
core   0: 3 0x8000b300 (0xff9ff06f)
core   0: 0x8000b2f8 (0x00002f17) auipc   t5, 0x2
core   0: 3 0x8000b2f8 (0x00002f17) x30 0x8000d2f8
core   0: 0x8000b2fc (0xd03f2423) sw      gp, -760(t5)
core   0: 3 0x8000b2fc (0xd03f2423) mem 0x8000d000 0x00000001
core   0: 0x8000b300 (0xff9ff06f) j       pc - 0x8
core   0: 3 0x8000b300 (0xff9ff06f)
core   0: 0x8000b2f8 (0x00002f17) auipc   t5, 0x2
core   0: 3 0x8000b2f8 (0x00002f17) x30 0x8000d2f8
core   0: 0x8000b2fc (0xd03f2423) sw      gp, -760(t5)
core   0: 3 0x8000b2fc (0xd03f2423) mem 0x8000d000 0x00000001
core   0: 0x8000b300 (0xff9ff06f) j       pc - 0x8
core   0: 3 0x8000b300 (0xff9ff06f)
core   0: 0x8000b2f8 (0x00002f17) auipc   t5, 0x2
core   0: 3 0x8000b2f8 (0x00002f17) x30 0x8000d2f8
core   0: 0x8000b2fc (0xd03f2423) sw      gp, -760(t5)
core   0: 3 0x8000b2fc (0xd03f2423) mem 0x8000d000 0x00000001
core   0: 0x8000b300 (0xff9ff06f) j       pc - 0x8
core   0: 3 0x8000b300 (0xff9ff06f)
core   0: 0x8000b2f8 (0x00002f17) auipc   t5, 0x2
core   0: 3 0x8000b2f8 (0x00002f17) x30 0x8000d2f8
core   0: 0x8000b2fc (0xd03f2423) sw      gp, -760(t5)
core   0: 3 0x8000b2fc (0xd03f2423) mem 0x8000d000 0x00000001
core   0: 0x8000b300 (0xff9ff06f) j       pc - 0x8
core   0: 3 0x8000b300 (0xff9ff06f)
core   0: 0x8000b2f8 (0x00002f17) auipc   t5, 0x2
core   0: 3 0x8000b2f8 (0x00002f17) x30 0x8000d2f8
core   0: 0x8000b2fc (0xd03f2423) sw      gp, -760(t5)
core   0: 3 0x8000b2fc (0xd03f2423) mem 0x8000d000 0x00000001
core   0: 0x8000b300 (0xff9ff06f) j       pc - 0x8
core   0: 3 0x8000b300 (0xff9ff06f)
core   0: 0x8000b2f8 (0x00002f17) auipc   t5, 0x2
core   0: 3 0x8000b2f8 (0x00002f17) x30 0x8000d2f8
core   0: 0x8000b2fc (0xd03f2423) sw      gp, -760(t5)
core   0: 3 0x8000b2fc (0xd03f2423) mem 0x8000d000 0x00000001
core   0: 0x8000b300 (0xff9ff06f) j       pc - 0x8
core   0: 3 0x8000b300 (0xff9ff06f)
core   0: 0x8000b2f8 (0x00002f17) auipc   t5, 0x2
core   0: 3 0x8000b2f8 (0x00002f17) x30 0x8000d2f8
core   0: 0x8000b2fc (0xd03f2423) sw      gp, -760(t5)
core   0: 3 0x8000b2fc (0xd03f2423) mem 0x8000d000 0x00000001
core   0: 0x8000b300 (0xff9ff06f) j       pc - 0x8
core   0: 3 0x8000b300 (0xff9ff06f)
core   0: 0x8000b2f8 (0x00002f17) auipc   t5, 0x2
core   0: 3 0x8000b2f8 (0x00002f17) x30 0x8000d2f8
core   0: 0x8000b2fc (0xd03f2423) sw      gp, -760(t5)
core   0: 3 0x8000b2fc (0xd03f2423) mem 0x8000d000 0x00000001
core   0: 0x8000b300 (0xff9ff06f) j       pc - 0x8
core   0: 3 0x8000b300 (0xff9ff06f)
core   0: 0x8000b2f8 (0x00002f17) auipc   t5, 0x2
core   0: 3 0x8000b2f8 (0x00002f17) x30 0x8000d2f8
core   0: 0x8000b2fc (0xd03f2423) sw      gp, -760(t5)
core   0: 3 0x8000b2fc (0xd03f2423) mem 0x8000d000 0x00000001
core   0: 0x8000b300 (0xff9ff06f) j       pc - 0x8
core   0: 3 0x8000b300 (0xff9ff06f)
core   0: 0x8000b2f8 (0x00002f17) auipc   t5, 0x2
core   0: 3 0x8000b2f8 (0x00002f17) x30 0x8000d2f8
core   0: 0x8000b2fc (0xd03f2423) sw      gp, -760(t5)
core   0: 3 0x8000b2fc (0xd03f2423) mem 0x8000d000 0x00000001
core   0: 0x8000b300 (0xff9ff06f) j       pc - 0x8
core   0: 3 0x8000b300 (0xff9ff06f)
core   0: 0x8000b2f8 (0x00002f17) auipc   t5, 0x2
core   0: 3 0x8000b2f8 (0x00002f17) x30 0x8000d2f8
core   0: 0x8000b2fc (0xd03f2423) sw      gp, -760(t5)
core   0: 3 0x8000b2fc (0xd03f2423) mem 0x8000d000 0x00000001
core   0: 0x8000b300 (0xff9ff06f) j       pc - 0x8
core   0: 3 0x8000b300 (0xff9ff06f)
core   0: 0x8000b2f8 (0x00002f17) auipc   t5, 0x2
core   0: 3 0x8000b2f8 (0x00002f17) x30 0x8000d2f8
core   0: 0x8000b2fc (0xd03f2423) sw      gp, -760(t5)
core   0: 3 0x8000b2fc (0xd03f2423) mem 0x8000d000 0x00000001
core   0: 0x8000b300 (0xff9ff06f) j       pc - 0x8
core   0: 3 0x8000b300 (0xff9ff06f)
core   0: 0x8000b2f8 (0x00002f17) auipc   t5, 0x2
core   0: 3 0x8000b2f8 (0x00002f17) x30 0x8000d2f8
core   0: 0x8000b2fc (0xd03f2423) sw      gp, -760(t5)
core   0: 3 0x8000b2fc (0xd03f2423) mem 0x8000d000 0x00000001
core   0: 0x8000b300 (0xff9ff06f) j       pc - 0x8
core   0: 3 0x8000b300 (0xff9ff06f)
core   0: 0x8000b2f8 (0x00002f17) auipc   t5, 0x2
core   0: 3 0x8000b2f8 (0x00002f17) x30 0x8000d2f8
core   0: 0x8000b2fc (0xd03f2423) sw      gp, -760(t5)
core   0: 3 0x8000b2fc (0xd03f2423) mem 0x8000d000 0x00000001
core   0: 0x8000b300 (0xff9ff06f) j       pc - 0x8
core   0: 3 0x8000b300 (0xff9ff06f)
core   0: 0x8000b2f8 (0x00002f17) auipc   t5, 0x2
core   0: 3 0x8000b2f8 (0x00002f17) x30 0x8000d2f8
core   0: 0x8000b2fc (0xd03f2423) sw      gp, -760(t5)
core   0: 3 0x8000b2fc (0xd03f2423) mem 0x8000d000 0x00000001
core   0: 0x8000b300 (0xff9ff06f) j       pc - 0x8
core   0: 3 0x8000b300 (0xff9ff06f)
core   0: 0x8000b2f8 (0x00002f17) auipc   t5, 0x2
core   0: 3 0x8000b2f8 (0x00002f17) x30 0x8000d2f8
core   0: 0x8000b2fc (0xd03f2423) sw      gp, -760(t5)
core   0: 3 0x8000b2fc (0xd03f2423) mem 0x8000d000 0x00000001
core   0: 0x8000b300 (0xff9ff06f) j       pc - 0x8
core   0: 3 0x8000b300 (0xff9ff06f)
core   0: 0x8000b2f8 (0x00002f17) auipc   t5, 0x2
core   0: 3 0x8000b2f8 (0x00002f17) x30 0x8000d2f8
core   0: 0x8000b2fc (0xd03f2423) sw      gp, -760(t5)
core   0: 3 0x8000b2fc (0xd03f2423) mem 0x8000d000 0x00000001
core   0: 0x8000b300 (0xff9ff06f) j       pc - 0x8
core   0: 3 0x8000b300 (0xff9ff06f)
core   0: 0x8000b2f8 (0x00002f17) auipc   t5, 0x2
core   0: 3 0x8000b2f8 (0x00002f17) x30 0x8000d2f8
core   0: 0x8000b2fc (0xd03f2423) sw      gp, -760(t5)
core   0: 3 0x8000b2fc (0xd03f2423) mem 0x8000d000 0x00000001
core   0: 0x8000b300 (0xff9ff06f) j       pc - 0x8
core   0: 3 0x8000b300 (0xff9ff06f)
core   0: 0x8000b2f8 (0x00002f17) auipc   t5, 0x2
core   0: 3 0x8000b2f8 (0x00002f17) x30 0x8000d2f8
core   0: 0x8000b2fc (0xd03f2423) sw      gp, -760(t5)
core   0: 3 0x8000b2fc (0xd03f2423) mem 0x8000d000 0x00000001
core   0: 0x8000b300 (0xff9ff06f) j       pc - 0x8
core   0: 3 0x8000b300 (0xff9ff06f)
core   0: 0x8000b2f8 (0x00002f17) auipc   t5, 0x2
core   0: 3 0x8000b2f8 (0x00002f17) x30 0x8000d2f8
core   0: 0x8000b2fc (0xd03f2423) sw      gp, -760(t5)
core   0: 3 0x8000b2fc (0xd03f2423) mem 0x8000d000 0x00000001
core   0: 0x8000b300 (0xff9ff06f) j       pc - 0x8
core   0: 3 0x8000b300 (0xff9ff06f)
core   0: 0x8000b2f8 (0x00002f17) auipc   t5, 0x2
core   0: 3 0x8000b2f8 (0x00002f17) x30 0x8000d2f8
core   0: 0x8000b2fc (0xd03f2423) sw      gp, -760(t5)
core   0: 3 0x8000b2fc (0xd03f2423) mem 0x8000d000 0x00000001
core   0: 0x8000b300 (0xff9ff06f) j       pc - 0x8
core   0: 3 0x8000b300 (0xff9ff06f)
core   0: 0x8000b2f8 (0x00002f17) auipc   t5, 0x2
core   0: 3 0x8000b2f8 (0x00002f17) x30 0x8000d2f8
core   0: 0x8000b2fc (0xd03f2423) sw      gp, -760(t5)
core   0: 3 0x8000b2fc (0xd03f2423) mem 0x8000d000 0x00000001
core   0: 0x8000b300 (0xff9ff06f) j       pc - 0x8
core   0: 3 0x8000b300 (0xff9ff06f)
core   0: 0x8000b2f8 (0x00002f17) auipc   t5, 0x2
core   0: 3 0x8000b2f8 (0x00002f17) x30 0x8000d2f8
core   0: 0x8000b2fc (0xd03f2423) sw      gp, -760(t5)
core   0: 3 0x8000b2fc (0xd03f2423) mem 0x8000d000 0x00000001
core   0: 0x8000b300 (0xff9ff06f) j       pc - 0x8
core   0: 3 0x8000b300 (0xff9ff06f)
core   0: 0x8000b2f8 (0x00002f17) auipc   t5, 0x2
core   0: 3 0x8000b2f8 (0x00002f17) x30 0x8000d2f8
core   0: 0x8000b2fc (0xd03f2423) sw      gp, -760(t5)
core   0: 3 0x8000b2fc (0xd03f2423) mem 0x8000d000 0x00000001
core   0: 0x8000b300 (0xff9ff06f) j       pc - 0x8
core   0: 3 0x8000b300 (0xff9ff06f)
core   0: 0x8000b2f8 (0x00002f17) auipc   t5, 0x2
core   0: 3 0x8000b2f8 (0x00002f17) x30 0x8000d2f8
core   0: 0x8000b2fc (0xd03f2423) sw      gp, -760(t5)
core   0: 3 0x8000b2fc (0xd03f2423) mem 0x8000d000 0x00000001
core   0: 0x8000b300 (0xff9ff06f) j       pc - 0x8
core   0: 3 0x8000b300 (0xff9ff06f)
core   0: 0x8000b2f8 (0x00002f17) auipc   t5, 0x2
core   0: 3 0x8000b2f8 (0x00002f17) x30 0x8000d2f8
core   0: 0x8000b2fc (0xd03f2423) sw      gp, -760(t5)
core   0: 3 0x8000b2fc (0xd03f2423) mem 0x8000d000 0x00000001
core   0: 0x8000b300 (0xff9ff06f) j       pc - 0x8
core   0: 3 0x8000b300 (0xff9ff06f)
core   0: 0x8000b2f8 (0x00002f17) auipc   t5, 0x2
core   0: 3 0x8000b2f8 (0x00002f17) x30 0x8000d2f8
core   0: 0x8000b2fc (0xd03f2423) sw      gp, -760(t5)
core   0: 3 0x8000b2fc (0xd03f2423) mem 0x8000d000 0x00000001
core   0: 0x8000b300 (0xff9ff06f) j       pc - 0x8
core   0: 3 0x8000b300 (0xff9ff06f)
core   0: 0x8000b2f8 (0x00002f17) auipc   t5, 0x2
core   0: 3 0x8000b2f8 (0x00002f17) x30 0x8000d2f8
core   0: 0x8000b2fc (0xd03f2423) sw      gp, -760(t5)
core   0: 3 0x8000b2fc (0xd03f2423) mem 0x8000d000 0x00000001
core   0: 0x8000b300 (0xff9ff06f) j       pc - 0x8
core   0: 3 0x8000b300 (0xff9ff06f)
core   0: 0x8000b2f8 (0x00002f17) auipc   t5, 0x2
core   0: 3 0x8000b2f8 (0x00002f17) x30 0x8000d2f8
core   0: 0x8000b2fc (0xd03f2423) sw      gp, -760(t5)
core   0: 3 0x8000b2fc (0xd03f2423) mem 0x8000d000 0x00000001
core   0: 0x8000b300 (0xff9ff06f) j       pc - 0x8
core   0: 3 0x8000b300 (0xff9ff06f)
core   0: 0x8000b2f8 (0x00002f17) auipc   t5, 0x2
core   0: 3 0x8000b2f8 (0x00002f17) x30 0x8000d2f8
core   0: 0x8000b2fc (0xd03f2423) sw      gp, -760(t5)
core   0: 3 0x8000b2fc (0xd03f2423) mem 0x8000d000 0x00000001
core   0: 0x8000b300 (0xff9ff06f) j       pc - 0x8
core   0: 3 0x8000b300 (0xff9ff06f)
core   0: 0x8000b2f8 (0x00002f17) auipc   t5, 0x2
core   0: 3 0x8000b2f8 (0x00002f17) x30 0x8000d2f8
core   0: 0x8000b2fc (0xd03f2423) sw      gp, -760(t5)
core   0: 3 0x8000b2fc (0xd03f2423) mem 0x8000d000 0x00000001
core   0: 0x8000b300 (0xff9ff06f) j       pc - 0x8
core   0: 3 0x8000b300 (0xff9ff06f)
core   0: 0x8000b2f8 (0x00002f17) auipc   t5, 0x2
core   0: 3 0x8000b2f8 (0x00002f17) x30 0x8000d2f8
core   0: 0x8000b2fc (0xd03f2423) sw      gp, -760(t5)
core   0: 3 0x8000b2fc (0xd03f2423) mem 0x8000d000 0x00000001
core   0: 0x8000b300 (0xff9ff06f) j       pc - 0x8
core   0: 3 0x8000b300 (0xff9ff06f)
core   0: 0x8000b2f8 (0x00002f17) auipc   t5, 0x2
core   0: 3 0x8000b2f8 (0x00002f17) x30 0x8000d2f8
core   0: 0x8000b2fc (0xd03f2423) sw      gp, -760(t5)
core   0: 3 0x8000b2fc (0xd03f2423) mem 0x8000d000 0x00000001
core   0: 0x8000b300 (0xff9ff06f) j       pc - 0x8
core   0: 3 0x8000b300 (0xff9ff06f)
core   0: 0x8000b2f8 (0x00002f17) auipc   t5, 0x2
core   0: 3 0x8000b2f8 (0x00002f17) x30 0x8000d2f8
core   0: 0x8000b2fc (0xd03f2423) sw      gp, -760(t5)
core   0: 3 0x8000b2fc (0xd03f2423) mem 0x8000d000 0x00000001
core   0: 0x8000b300 (0xff9ff06f) j       pc - 0x8
core   0: 3 0x8000b300 (0xff9ff06f)
core   0: 0x8000b2f8 (0x00002f17) auipc   t5, 0x2
core   0: 3 0x8000b2f8 (0x00002f17) x30 0x8000d2f8
core   0: 0x8000b2fc (0xd03f2423) sw      gp, -760(t5)
core   0: 3 0x8000b2fc (0xd03f2423) mem 0x8000d000 0x00000001
core   0: 0x8000b300 (0xff9ff06f) j       pc - 0x8
core   0: 3 0x8000b300 (0xff9ff06f)
core   0: 0x8000b2f8 (0x00002f17) auipc   t5, 0x2
core   0: 3 0x8000b2f8 (0x00002f17) x30 0x8000d2f8
core   0: 0x8000b2fc (0xd03f2423) sw      gp, -760(t5)
core   0: 3 0x8000b2fc (0xd03f2423) mem 0x8000d000 0x00000001
core   0: 0x8000b300 (0xff9ff06f) j       pc - 0x8
core   0: 3 0x8000b300 (0xff9ff06f)
core   0: 0x8000b2f8 (0x00002f17) auipc   t5, 0x2
core   0: 3 0x8000b2f8 (0x00002f17) x30 0x8000d2f8
core   0: 0x8000b2fc (0xd03f2423) sw      gp, -760(t5)
core   0: 3 0x8000b2fc (0xd03f2423) mem 0x8000d000 0x00000001
core   0: 0x8000b300 (0xff9ff06f) j       pc - 0x8
core   0: 3 0x8000b300 (0xff9ff06f)
core   0: 0x8000b2f8 (0x00002f17) auipc   t5, 0x2
core   0: 3 0x8000b2f8 (0x00002f17) x30 0x8000d2f8
core   0: 0x8000b2fc (0xd03f2423) sw      gp, -760(t5)
core   0: 3 0x8000b2fc (0xd03f2423) mem 0x8000d000 0x00000001
core   0: 0x8000b300 (0xff9ff06f) j       pc - 0x8
core   0: 3 0x8000b300 (0xff9ff06f)
core   0: 0x8000b2f8 (0x00002f17) auipc   t5, 0x2
core   0: 3 0x8000b2f8 (0x00002f17) x30 0x8000d2f8
core   0: 0x8000b2fc (0xd03f2423) sw      gp, -760(t5)
core   0: 3 0x8000b2fc (0xd03f2423) mem 0x8000d000 0x00000001
core   0: 0x8000b300 (0xff9ff06f) j       pc - 0x8
core   0: 3 0x8000b300 (0xff9ff06f)
core   0: 0x8000b2f8 (0x00002f17) auipc   t5, 0x2
core   0: 3 0x8000b2f8 (0x00002f17) x30 0x8000d2f8
core   0: 0x8000b2fc (0xd03f2423) sw      gp, -760(t5)
core   0: 3 0x8000b2fc (0xd03f2423) mem 0x8000d000 0x00000001
core   0: 0x8000b300 (0xff9ff06f) j       pc - 0x8
core   0: 3 0x8000b300 (0xff9ff06f)
core   0: 0x8000b2f8 (0x00002f17) auipc   t5, 0x2
core   0: 3 0x8000b2f8 (0x00002f17) x30 0x8000d2f8
core   0: 0x8000b2fc (0xd03f2423) sw      gp, -760(t5)
core   0: 3 0x8000b2fc (0xd03f2423) mem 0x8000d000 0x00000001
core   0: 0x8000b300 (0xff9ff06f) j       pc - 0x8
core   0: 3 0x8000b300 (0xff9ff06f)
core   0: 0x8000b2f8 (0x00002f17) auipc   t5, 0x2
core   0: 3 0x8000b2f8 (0x00002f17) x30 0x8000d2f8
core   0: 0x8000b2fc (0xd03f2423) sw      gp, -760(t5)
core   0: 3 0x8000b2fc (0xd03f2423) mem 0x8000d000 0x00000001
core   0: 0x8000b300 (0xff9ff06f) j       pc - 0x8
core   0: 3 0x8000b300 (0xff9ff06f)
core   0: 0x8000b2f8 (0x00002f17) auipc   t5, 0x2
core   0: 3 0x8000b2f8 (0x00002f17) x30 0x8000d2f8
core   0: 0x8000b2fc (0xd03f2423) sw      gp, -760(t5)
core   0: 3 0x8000b2fc (0xd03f2423) mem 0x8000d000 0x00000001
core   0: 0x8000b300 (0xff9ff06f) j       pc - 0x8
core   0: 3 0x8000b300 (0xff9ff06f)
core   0: 0x8000b2f8 (0x00002f17) auipc   t5, 0x2
core   0: 3 0x8000b2f8 (0x00002f17) x30 0x8000d2f8
core   0: 0x8000b2fc (0xd03f2423) sw      gp, -760(t5)
core   0: 3 0x8000b2fc (0xd03f2423) mem 0x8000d000 0x00000001
core   0: 0x8000b300 (0xff9ff06f) j       pc - 0x8
core   0: 3 0x8000b300 (0xff9ff06f)
core   0: 0x8000b2f8 (0x00002f17) auipc   t5, 0x2
core   0: 3 0x8000b2f8 (0x00002f17) x30 0x8000d2f8
core   0: 0x8000b2fc (0xd03f2423) sw      gp, -760(t5)
core   0: 3 0x8000b2fc (0xd03f2423) mem 0x8000d000 0x00000001
core   0: 0x8000b300 (0xff9ff06f) j       pc - 0x8
core   0: 3 0x8000b300 (0xff9ff06f)
core   0: 0x8000b2f8 (0x00002f17) auipc   t5, 0x2
core   0: 3 0x8000b2f8 (0x00002f17) x30 0x8000d2f8
core   0: 0x8000b2fc (0xd03f2423) sw      gp, -760(t5)
core   0: 3 0x8000b2fc (0xd03f2423) mem 0x8000d000 0x00000001
core   0: 0x8000b300 (0xff9ff06f) j       pc - 0x8
core   0: 3 0x8000b300 (0xff9ff06f)
core   0: 0x8000b2f8 (0x00002f17) auipc   t5, 0x2
core   0: 3 0x8000b2f8 (0x00002f17) x30 0x8000d2f8
core   0: 0x8000b2fc (0xd03f2423) sw      gp, -760(t5)
core   0: 3 0x8000b2fc (0xd03f2423) mem 0x8000d000 0x00000001
core   0: 0x8000b300 (0xff9ff06f) j       pc - 0x8
core   0: 3 0x8000b300 (0xff9ff06f)
core   0: 0x8000b2f8 (0x00002f17) auipc   t5, 0x2
core   0: 3 0x8000b2f8 (0x00002f17) x30 0x8000d2f8
core   0: 0x8000b2fc (0xd03f2423) sw      gp, -760(t5)
core   0: 3 0x8000b2fc (0xd03f2423) mem 0x8000d000 0x00000001
core   0: 0x8000b300 (0xff9ff06f) j       pc - 0x8
core   0: 3 0x8000b300 (0xff9ff06f)
core   0: 0x8000b2f8 (0x00002f17) auipc   t5, 0x2
core   0: 3 0x8000b2f8 (0x00002f17) x30 0x8000d2f8
core   0: 0x8000b2fc (0xd03f2423) sw      gp, -760(t5)
core   0: 3 0x8000b2fc (0xd03f2423) mem 0x8000d000 0x00000001
core   0: 0x8000b300 (0xff9ff06f) j       pc - 0x8
core   0: 3 0x8000b300 (0xff9ff06f)
core   0: 0x8000b2f8 (0x00002f17) auipc   t5, 0x2
core   0: 3 0x8000b2f8 (0x00002f17) x30 0x8000d2f8
core   0: 0x8000b2fc (0xd03f2423) sw      gp, -760(t5)
core   0: 3 0x8000b2fc (0xd03f2423) mem 0x8000d000 0x00000001
core   0: 0x8000b300 (0xff9ff06f) j       pc - 0x8
core   0: 3 0x8000b300 (0xff9ff06f)
core   0: 0x8000b2f8 (0x00002f17) auipc   t5, 0x2
core   0: 3 0x8000b2f8 (0x00002f17) x30 0x8000d2f8
core   0: 0x8000b2fc (0xd03f2423) sw      gp, -760(t5)
core   0: 3 0x8000b2fc (0xd03f2423) mem 0x8000d000 0x00000001
core   0: 0x8000b300 (0xff9ff06f) j       pc - 0x8
core   0: 3 0x8000b300 (0xff9ff06f)
core   0: 0x8000b2f8 (0x00002f17) auipc   t5, 0x2
core   0: 3 0x8000b2f8 (0x00002f17) x30 0x8000d2f8
core   0: 0x8000b2fc (0xd03f2423) sw      gp, -760(t5)
core   0: 3 0x8000b2fc (0xd03f2423) mem 0x8000d000 0x00000001
core   0: 0x8000b300 (0xff9ff06f) j       pc - 0x8
core   0: 3 0x8000b300 (0xff9ff06f)
core   0: 0x8000b2f8 (0x00002f17) auipc   t5, 0x2
core   0: 3 0x8000b2f8 (0x00002f17) x30 0x8000d2f8
core   0: 0x8000b2fc (0xd03f2423) sw      gp, -760(t5)
core   0: 3 0x8000b2fc (0xd03f2423) mem 0x8000d000 0x00000001
core   0: 0x8000b300 (0xff9ff06f) j       pc - 0x8
core   0: 3 0x8000b300 (0xff9ff06f)
core   0: 0x8000b2f8 (0x00002f17) auipc   t5, 0x2
core   0: 3 0x8000b2f8 (0x00002f17) x30 0x8000d2f8
core   0: 0x8000b2fc (0xd03f2423) sw      gp, -760(t5)
core   0: 3 0x8000b2fc (0xd03f2423) mem 0x8000d000 0x00000001
core   0: 0x8000b300 (0xff9ff06f) j       pc - 0x8
core   0: 3 0x8000b300 (0xff9ff06f)
core   0: 0x8000b2f8 (0x00002f17) auipc   t5, 0x2
core   0: 3 0x8000b2f8 (0x00002f17) x30 0x8000d2f8
core   0: 0x8000b2fc (0xd03f2423) sw      gp, -760(t5)
core   0: 3 0x8000b2fc (0xd03f2423) mem 0x8000d000 0x00000001
core   0: 0x8000b300 (0xff9ff06f) j       pc - 0x8
core   0: 3 0x8000b300 (0xff9ff06f)
core   0: 0x8000b2f8 (0x00002f17) auipc   t5, 0x2
core   0: 3 0x8000b2f8 (0x00002f17) x30 0x8000d2f8
core   0: 0x8000b2fc (0xd03f2423) sw      gp, -760(t5)
core   0: 3 0x8000b2fc (0xd03f2423) mem 0x8000d000 0x00000001
core   0: 0x8000b300 (0xff9ff06f) j       pc - 0x8
core   0: 3 0x8000b300 (0xff9ff06f)
core   0: 0x8000b2f8 (0x00002f17) auipc   t5, 0x2
core   0: 3 0x8000b2f8 (0x00002f17) x30 0x8000d2f8
core   0: 0x8000b2fc (0xd03f2423) sw      gp, -760(t5)
core   0: 3 0x8000b2fc (0xd03f2423) mem 0x8000d000 0x00000001
core   0: 0x8000b300 (0xff9ff06f) j       pc - 0x8
core   0: 3 0x8000b300 (0xff9ff06f)
core   0: 0x8000b2f8 (0x00002f17) auipc   t5, 0x2
core   0: 3 0x8000b2f8 (0x00002f17) x30 0x8000d2f8
core   0: 0x8000b2fc (0xd03f2423) sw      gp, -760(t5)
core   0: 3 0x8000b2fc (0xd03f2423) mem 0x8000d000 0x00000001
core   0: 0x8000b300 (0xff9ff06f) j       pc - 0x8
core   0: 3 0x8000b300 (0xff9ff06f)
core   0: 0x8000b2f8 (0x00002f17) auipc   t5, 0x2
core   0: 3 0x8000b2f8 (0x00002f17) x30 0x8000d2f8
core   0: 0x8000b2fc (0xd03f2423) sw      gp, -760(t5)
core   0: 3 0x8000b2fc (0xd03f2423) mem 0x8000d000 0x00000001
core   0: 0x8000b300 (0xff9ff06f) j       pc - 0x8
core   0: 3 0x8000b300 (0xff9ff06f)
core   0: 0x8000b2f8 (0x00002f17) auipc   t5, 0x2
core   0: 3 0x8000b2f8 (0x00002f17) x30 0x8000d2f8
core   0: 0x8000b2fc (0xd03f2423) sw      gp, -760(t5)
core   0: 3 0x8000b2fc (0xd03f2423) mem 0x8000d000 0x00000001
core   0: 0x8000b300 (0xff9ff06f) j       pc - 0x8
core   0: 3 0x8000b300 (0xff9ff06f)
core   0: 0x8000b2f8 (0x00002f17) auipc   t5, 0x2
core   0: 3 0x8000b2f8 (0x00002f17) x30 0x8000d2f8
core   0: 0x8000b2fc (0xd03f2423) sw      gp, -760(t5)
core   0: 3 0x8000b2fc (0xd03f2423) mem 0x8000d000 0x00000001
core   0: 0x8000b300 (0xff9ff06f) j       pc - 0x8
core   0: 3 0x8000b300 (0xff9ff06f)
core   0: 0x8000b2f8 (0x00002f17) auipc   t5, 0x2
core   0: 3 0x8000b2f8 (0x00002f17) x30 0x8000d2f8
core   0: 0x8000b2fc (0xd03f2423) sw      gp, -760(t5)
core   0: 3 0x8000b2fc (0xd03f2423) mem 0x8000d000 0x00000001
core   0: 0x8000b300 (0xff9ff06f) j       pc - 0x8
core   0: 3 0x8000b300 (0xff9ff06f)
core   0: 0x8000b2f8 (0x00002f17) auipc   t5, 0x2
core   0: 3 0x8000b2f8 (0x00002f17) x30 0x8000d2f8
core   0: 0x8000b2fc (0xd03f2423) sw      gp, -760(t5)
core   0: 3 0x8000b2fc (0xd03f2423) mem 0x8000d000 0x00000001
core   0: 0x8000b300 (0xff9ff06f) j       pc - 0x8
core   0: 3 0x8000b300 (0xff9ff06f)
core   0: 0x8000b2f8 (0x00002f17) auipc   t5, 0x2
core   0: 3 0x8000b2f8 (0x00002f17) x30 0x8000d2f8
core   0: 0x8000b2fc (0xd03f2423) sw      gp, -760(t5)
core   0: 3 0x8000b2fc (0xd03f2423) mem 0x8000d000 0x00000001
core   0: 0x8000b300 (0xff9ff06f) j       pc - 0x8
core   0: 3 0x8000b300 (0xff9ff06f)
core   0: 0x8000b2f8 (0x00002f17) auipc   t5, 0x2
core   0: 3 0x8000b2f8 (0x00002f17) x30 0x8000d2f8
core   0: 0x8000b2fc (0xd03f2423) sw      gp, -760(t5)
core   0: 3 0x8000b2fc (0xd03f2423) mem 0x8000d000 0x00000001
core   0: 0x8000b300 (0xff9ff06f) j       pc - 0x8
core   0: 3 0x8000b300 (0xff9ff06f)
core   0: 0x8000b2f8 (0x00002f17) auipc   t5, 0x2
core   0: 3 0x8000b2f8 (0x00002f17) x30 0x8000d2f8
core   0: 0x8000b2fc (0xd03f2423) sw      gp, -760(t5)
core   0: 3 0x8000b2fc (0xd03f2423) mem 0x8000d000 0x00000001
core   0: 0x8000b300 (0xff9ff06f) j       pc - 0x8
core   0: 3 0x8000b300 (0xff9ff06f)
core   0: 0x8000b2f8 (0x00002f17) auipc   t5, 0x2
core   0: 3 0x8000b2f8 (0x00002f17) x30 0x8000d2f8
core   0: 0x8000b2fc (0xd03f2423) sw      gp, -760(t5)
core   0: 3 0x8000b2fc (0xd03f2423) mem 0x8000d000 0x00000001
core   0: 0x8000b300 (0xff9ff06f) j       pc - 0x8
core   0: 3 0x8000b300 (0xff9ff06f)
core   0: 0x8000b2f8 (0x00002f17) auipc   t5, 0x2
core   0: 3 0x8000b2f8 (0x00002f17) x30 0x8000d2f8
core   0: 0x8000b2fc (0xd03f2423) sw      gp, -760(t5)
core   0: 3 0x8000b2fc (0xd03f2423) mem 0x8000d000 0x00000001
core   0: 0x8000b300 (0xff9ff06f) j       pc - 0x8
core   0: 3 0x8000b300 (0xff9ff06f)
core   0: 0x8000b2f8 (0x00002f17) auipc   t5, 0x2
core   0: 3 0x8000b2f8 (0x00002f17) x30 0x8000d2f8
core   0: 0x8000b2fc (0xd03f2423) sw      gp, -760(t5)
core   0: 3 0x8000b2fc (0xd03f2423) mem 0x8000d000 0x00000001
core   0: 0x8000b300 (0xff9ff06f) j       pc - 0x8
core   0: 3 0x8000b300 (0xff9ff06f)
core   0: 0x8000b2f8 (0x00002f17) auipc   t5, 0x2
core   0: 3 0x8000b2f8 (0x00002f17) x30 0x8000d2f8
core   0: 0x8000b2fc (0xd03f2423) sw      gp, -760(t5)
core   0: 3 0x8000b2fc (0xd03f2423) mem 0x8000d000 0x00000001
core   0: 0x8000b300 (0xff9ff06f) j       pc - 0x8
core   0: 3 0x8000b300 (0xff9ff06f)
core   0: 0x8000b2f8 (0x00002f17) auipc   t5, 0x2
core   0: 3 0x8000b2f8 (0x00002f17) x30 0x8000d2f8
core   0: 0x8000b2fc (0xd03f2423) sw      gp, -760(t5)
core   0: 3 0x8000b2fc (0xd03f2423) mem 0x8000d000 0x00000001
core   0: 0x8000b300 (0xff9ff06f) j       pc - 0x8
core   0: 3 0x8000b300 (0xff9ff06f)
core   0: 0x8000b2f8 (0x00002f17) auipc   t5, 0x2
core   0: 3 0x8000b2f8 (0x00002f17) x30 0x8000d2f8
core   0: 0x8000b2fc (0xd03f2423) sw      gp, -760(t5)
core   0: 3 0x8000b2fc (0xd03f2423) mem 0x8000d000 0x00000001
core   0: 0x8000b300 (0xff9ff06f) j       pc - 0x8
core   0: 3 0x8000b300 (0xff9ff06f)
core   0: 0x8000b2f8 (0x00002f17) auipc   t5, 0x2
core   0: 3 0x8000b2f8 (0x00002f17) x30 0x8000d2f8
core   0: 0x8000b2fc (0xd03f2423) sw      gp, -760(t5)
core   0: 3 0x8000b2fc (0xd03f2423) mem 0x8000d000 0x00000001
core   0: 0x8000b300 (0xff9ff06f) j       pc - 0x8
core   0: 3 0x8000b300 (0xff9ff06f)
core   0: 0x8000b2f8 (0x00002f17) auipc   t5, 0x2
core   0: 3 0x8000b2f8 (0x00002f17) x30 0x8000d2f8
core   0: 0x8000b2fc (0xd03f2423) sw      gp, -760(t5)
core   0: 3 0x8000b2fc (0xd03f2423) mem 0x8000d000 0x00000001
core   0: 0x8000b300 (0xff9ff06f) j       pc - 0x8
core   0: 3 0x8000b300 (0xff9ff06f)
core   0: 0x8000b2f8 (0x00002f17) auipc   t5, 0x2
core   0: 3 0x8000b2f8 (0x00002f17) x30 0x8000d2f8
core   0: 0x8000b2fc (0xd03f2423) sw      gp, -760(t5)
core   0: 3 0x8000b2fc (0xd03f2423) mem 0x8000d000 0x00000001
core   0: 0x8000b300 (0xff9ff06f) j       pc - 0x8
core   0: 3 0x8000b300 (0xff9ff06f)
core   0: 0x8000b2f8 (0x00002f17) auipc   t5, 0x2
core   0: 3 0x8000b2f8 (0x00002f17) x30 0x8000d2f8
core   0: 0x8000b2fc (0xd03f2423) sw      gp, -760(t5)
core   0: 3 0x8000b2fc (0xd03f2423) mem 0x8000d000 0x00000001
core   0: 0x8000b300 (0xff9ff06f) j       pc - 0x8
core   0: 3 0x8000b300 (0xff9ff06f)
core   0: 0x8000b2f8 (0x00002f17) auipc   t5, 0x2
core   0: 3 0x8000b2f8 (0x00002f17) x30 0x8000d2f8
core   0: 0x8000b2fc (0xd03f2423) sw      gp, -760(t5)
core   0: 3 0x8000b2fc (0xd03f2423) mem 0x8000d000 0x00000001
core   0: 0x8000b300 (0xff9ff06f) j       pc - 0x8
core   0: 3 0x8000b300 (0xff9ff06f)
core   0: 0x8000b2f8 (0x00002f17) auipc   t5, 0x2
core   0: 3 0x8000b2f8 (0x00002f17) x30 0x8000d2f8
core   0: 0x8000b2fc (0xd03f2423) sw      gp, -760(t5)
core   0: 3 0x8000b2fc (0xd03f2423) mem 0x8000d000 0x00000001
core   0: 0x8000b300 (0xff9ff06f) j       pc - 0x8
core   0: 3 0x8000b300 (0xff9ff06f)
core   0: 0x8000b2f8 (0x00002f17) auipc   t5, 0x2
core   0: 3 0x8000b2f8 (0x00002f17) x30 0x8000d2f8
core   0: 0x8000b2fc (0xd03f2423) sw      gp, -760(t5)
core   0: 3 0x8000b2fc (0xd03f2423) mem 0x8000d000 0x00000001
core   0: 0x8000b300 (0xff9ff06f) j       pc - 0x8
core   0: 3 0x8000b300 (0xff9ff06f)
core   0: 0x8000b2f8 (0x00002f17) auipc   t5, 0x2
core   0: 3 0x8000b2f8 (0x00002f17) x30 0x8000d2f8
core   0: 0x8000b2fc (0xd03f2423) sw      gp, -760(t5)
core   0: 3 0x8000b2fc (0xd03f2423) mem 0x8000d000 0x00000001
core   0: 0x8000b300 (0xff9ff06f) j       pc - 0x8
core   0: 3 0x8000b300 (0xff9ff06f)
core   0: 0x8000b2f8 (0x00002f17) auipc   t5, 0x2
core   0: 3 0x8000b2f8 (0x00002f17) x30 0x8000d2f8
core   0: 0x8000b2fc (0xd03f2423) sw      gp, -760(t5)
core   0: 3 0x8000b2fc (0xd03f2423) mem 0x8000d000 0x00000001
core   0: 0x8000b300 (0xff9ff06f) j       pc - 0x8
core   0: 3 0x8000b300 (0xff9ff06f)
core   0: 0x8000b2f8 (0x00002f17) auipc   t5, 0x2
core   0: 3 0x8000b2f8 (0x00002f17) x30 0x8000d2f8
core   0: 0x8000b2fc (0xd03f2423) sw      gp, -760(t5)
core   0: 3 0x8000b2fc (0xd03f2423) mem 0x8000d000 0x00000001
core   0: 0x8000b300 (0xff9ff06f) j       pc - 0x8
core   0: 3 0x8000b300 (0xff9ff06f)
core   0: 0x8000b2f8 (0x00002f17) auipc   t5, 0x2
core   0: 3 0x8000b2f8 (0x00002f17) x30 0x8000d2f8
core   0: 0x8000b2fc (0xd03f2423) sw      gp, -760(t5)
core   0: 3 0x8000b2fc (0xd03f2423) mem 0x8000d000 0x00000001
core   0: 0x8000b300 (0xff9ff06f) j       pc - 0x8
core   0: 3 0x8000b300 (0xff9ff06f)
core   0: 0x8000b2f8 (0x00002f17) auipc   t5, 0x2
core   0: 3 0x8000b2f8 (0x00002f17) x30 0x8000d2f8
core   0: 0x8000b2fc (0xd03f2423) sw      gp, -760(t5)
core   0: 3 0x8000b2fc (0xd03f2423) mem 0x8000d000 0x00000001
core   0: 0x8000b300 (0xff9ff06f) j       pc - 0x8
core   0: 3 0x8000b300 (0xff9ff06f)
core   0: 0x8000b2f8 (0x00002f17) auipc   t5, 0x2
core   0: 3 0x8000b2f8 (0x00002f17) x30 0x8000d2f8
core   0: 0x8000b2fc (0xd03f2423) sw      gp, -760(t5)
core   0: 3 0x8000b2fc (0xd03f2423) mem 0x8000d000 0x00000001
core   0: 0x8000b300 (0xff9ff06f) j       pc - 0x8
core   0: 3 0x8000b300 (0xff9ff06f)
core   0: 0x8000b2f8 (0x00002f17) auipc   t5, 0x2
core   0: 3 0x8000b2f8 (0x00002f17) x30 0x8000d2f8
core   0: 0x8000b2fc (0xd03f2423) sw      gp, -760(t5)
core   0: 3 0x8000b2fc (0xd03f2423) mem 0x8000d000 0x00000001
core   0: 0x8000b300 (0xff9ff06f) j       pc - 0x8
core   0: 3 0x8000b300 (0xff9ff06f)
core   0: 0x8000b2f8 (0x00002f17) auipc   t5, 0x2
core   0: 3 0x8000b2f8 (0x00002f17) x30 0x8000d2f8
core   0: 0x8000b2fc (0xd03f2423) sw      gp, -760(t5)
core   0: 3 0x8000b2fc (0xd03f2423) mem 0x8000d000 0x00000001
core   0: 0x8000b300 (0xff9ff06f) j       pc - 0x8
core   0: 3 0x8000b300 (0xff9ff06f)
core   0: 0x8000b2f8 (0x00002f17) auipc   t5, 0x2
core   0: 3 0x8000b2f8 (0x00002f17) x30 0x8000d2f8
core   0: 0x8000b2fc (0xd03f2423) sw      gp, -760(t5)
core   0: 3 0x8000b2fc (0xd03f2423) mem 0x8000d000 0x00000001
core   0: 0x8000b300 (0xff9ff06f) j       pc - 0x8
core   0: 3 0x8000b300 (0xff9ff06f)
core   0: 0x8000b2f8 (0x00002f17) auipc   t5, 0x2
core   0: 3 0x8000b2f8 (0x00002f17) x30 0x8000d2f8
core   0: 0x8000b2fc (0xd03f2423) sw      gp, -760(t5)
core   0: 3 0x8000b2fc (0xd03f2423) mem 0x8000d000 0x00000001
core   0: 0x8000b300 (0xff9ff06f) j       pc - 0x8
core   0: 3 0x8000b300 (0xff9ff06f)
core   0: 0x8000b2f8 (0x00002f17) auipc   t5, 0x2
core   0: 3 0x8000b2f8 (0x00002f17) x30 0x8000d2f8
core   0: 0x8000b2fc (0xd03f2423) sw      gp, -760(t5)
core   0: 3 0x8000b2fc (0xd03f2423) mem 0x8000d000 0x00000001
core   0: 0x8000b300 (0xff9ff06f) j       pc - 0x8
core   0: 3 0x8000b300 (0xff9ff06f)
core   0: 0x8000b2f8 (0x00002f17) auipc   t5, 0x2
core   0: 3 0x8000b2f8 (0x00002f17) x30 0x8000d2f8
core   0: 0x8000b2fc (0xd03f2423) sw      gp, -760(t5)
core   0: 3 0x8000b2fc (0xd03f2423) mem 0x8000d000 0x00000001
core   0: 0x8000b300 (0xff9ff06f) j       pc - 0x8
core   0: 3 0x8000b300 (0xff9ff06f)
core   0: 0x8000b2f8 (0x00002f17) auipc   t5, 0x2
core   0: 3 0x8000b2f8 (0x00002f17) x30 0x8000d2f8
core   0: 0x8000b2fc (0xd03f2423) sw      gp, -760(t5)
core   0: 3 0x8000b2fc (0xd03f2423) mem 0x8000d000 0x00000001
core   0: 0x8000b300 (0xff9ff06f) j       pc - 0x8
core   0: 3 0x8000b300 (0xff9ff06f)
core   0: 0x8000b2f8 (0x00002f17) auipc   t5, 0x2
core   0: 3 0x8000b2f8 (0x00002f17) x30 0x8000d2f8
core   0: 0x8000b2fc (0xd03f2423) sw      gp, -760(t5)
core   0: 3 0x8000b2fc (0xd03f2423) mem 0x8000d000 0x00000001
core   0: 0x8000b300 (0xff9ff06f) j       pc - 0x8
core   0: 3 0x8000b300 (0xff9ff06f)
core   0: 0x8000b2f8 (0x00002f17) auipc   t5, 0x2
core   0: 3 0x8000b2f8 (0x00002f17) x30 0x8000d2f8
core   0: 0x8000b2fc (0xd03f2423) sw      gp, -760(t5)
core   0: 3 0x8000b2fc (0xd03f2423) mem 0x8000d000 0x00000001
core   0: 0x8000b300 (0xff9ff06f) j       pc - 0x8
core   0: 3 0x8000b300 (0xff9ff06f)
core   0: 0x8000b2f8 (0x00002f17) auipc   t5, 0x2
core   0: 3 0x8000b2f8 (0x00002f17) x30 0x8000d2f8
core   0: 0x8000b2fc (0xd03f2423) sw      gp, -760(t5)
core   0: 3 0x8000b2fc (0xd03f2423) mem 0x8000d000 0x00000001
core   0: 0x8000b300 (0xff9ff06f) j       pc - 0x8
core   0: 3 0x8000b300 (0xff9ff06f)
core   0: 0x8000b2f8 (0x00002f17) auipc   t5, 0x2
core   0: 3 0x8000b2f8 (0x00002f17) x30 0x8000d2f8
core   0: 0x8000b2fc (0xd03f2423) sw      gp, -760(t5)
core   0: 3 0x8000b2fc (0xd03f2423) mem 0x8000d000 0x00000001
core   0: 0x8000b300 (0xff9ff06f) j       pc - 0x8
core   0: 3 0x8000b300 (0xff9ff06f)
core   0: 0x8000b2f8 (0x00002f17) auipc   t5, 0x2
core   0: 3 0x8000b2f8 (0x00002f17) x30 0x8000d2f8
core   0: 0x8000b2fc (0xd03f2423) sw      gp, -760(t5)
core   0: 3 0x8000b2fc (0xd03f2423) mem 0x8000d000 0x00000001
core   0: 0x8000b300 (0xff9ff06f) j       pc - 0x8
core   0: 3 0x8000b300 (0xff9ff06f)
core   0: 0x8000b2f8 (0x00002f17) auipc   t5, 0x2
core   0: 3 0x8000b2f8 (0x00002f17) x30 0x8000d2f8
core   0: 0x8000b2fc (0xd03f2423) sw      gp, -760(t5)
core   0: 3 0x8000b2fc (0xd03f2423) mem 0x8000d000 0x00000001
core   0: 0x8000b300 (0xff9ff06f) j       pc - 0x8
core   0: 3 0x8000b300 (0xff9ff06f)
core   0: 0x8000b2f8 (0x00002f17) auipc   t5, 0x2
core   0: 3 0x8000b2f8 (0x00002f17) x30 0x8000d2f8
core   0: 0x8000b2fc (0xd03f2423) sw      gp, -760(t5)
core   0: 3 0x8000b2fc (0xd03f2423) mem 0x8000d000 0x00000001
core   0: 0x8000b300 (0xff9ff06f) j       pc - 0x8
core   0: 3 0x8000b300 (0xff9ff06f)
core   0: 0x8000b2f8 (0x00002f17) auipc   t5, 0x2
core   0: 3 0x8000b2f8 (0x00002f17) x30 0x8000d2f8
core   0: 0x8000b2fc (0xd03f2423) sw      gp, -760(t5)
core   0: 3 0x8000b2fc (0xd03f2423) mem 0x8000d000 0x00000001
core   0: 0x8000b300 (0xff9ff06f) j       pc - 0x8
core   0: 3 0x8000b300 (0xff9ff06f)
core   0: 0x8000b2f8 (0x00002f17) auipc   t5, 0x2
core   0: 3 0x8000b2f8 (0x00002f17) x30 0x8000d2f8
core   0: 0x8000b2fc (0xd03f2423) sw      gp, -760(t5)
core   0: 3 0x8000b2fc (0xd03f2423) mem 0x8000d000 0x00000001
core   0: 0x8000b300 (0xff9ff06f) j       pc - 0x8
core   0: 3 0x8000b300 (0xff9ff06f)
core   0: 0x8000b2f8 (0x00002f17) auipc   t5, 0x2
core   0: 3 0x8000b2f8 (0x00002f17) x30 0x8000d2f8
core   0: 0x8000b2fc (0xd03f2423) sw      gp, -760(t5)
core   0: 3 0x8000b2fc (0xd03f2423) mem 0x8000d000 0x00000001
core   0: 0x8000b300 (0xff9ff06f) j       pc - 0x8
core   0: 3 0x8000b300 (0xff9ff06f)
core   0: 0x8000b2f8 (0x00002f17) auipc   t5, 0x2
core   0: 3 0x8000b2f8 (0x00002f17) x30 0x8000d2f8
core   0: 0x8000b2fc (0xd03f2423) sw      gp, -760(t5)
core   0: 3 0x8000b2fc (0xd03f2423) mem 0x8000d000 0x00000001
core   0: 0x8000b300 (0xff9ff06f) j       pc - 0x8
core   0: 3 0x8000b300 (0xff9ff06f)
core   0: 0x8000b2f8 (0x00002f17) auipc   t5, 0x2
core   0: 3 0x8000b2f8 (0x00002f17) x30 0x8000d2f8
core   0: 0x8000b2fc (0xd03f2423) sw      gp, -760(t5)
core   0: 3 0x8000b2fc (0xd03f2423) mem 0x8000d000 0x00000001
core   0: 0x8000b300 (0xff9ff06f) j       pc - 0x8
core   0: 3 0x8000b300 (0xff9ff06f)
core   0: 0x8000b2f8 (0x00002f17) auipc   t5, 0x2
core   0: 3 0x8000b2f8 (0x00002f17) x30 0x8000d2f8
core   0: 0x8000b2fc (0xd03f2423) sw      gp, -760(t5)
core   0: 3 0x8000b2fc (0xd03f2423) mem 0x8000d000 0x00000001
core   0: 0x8000b300 (0xff9ff06f) j       pc - 0x8
core   0: 3 0x8000b300 (0xff9ff06f)
core   0: 0x8000b2f8 (0x00002f17) auipc   t5, 0x2
core   0: 3 0x8000b2f8 (0x00002f17) x30 0x8000d2f8
core   0: 0x8000b2fc (0xd03f2423) sw      gp, -760(t5)
core   0: 3 0x8000b2fc (0xd03f2423) mem 0x8000d000 0x00000001
core   0: 0x8000b300 (0xff9ff06f) j       pc - 0x8
core   0: 3 0x8000b300 (0xff9ff06f)
core   0: 0x8000b2f8 (0x00002f17) auipc   t5, 0x2
core   0: 3 0x8000b2f8 (0x00002f17) x30 0x8000d2f8
core   0: 0x8000b2fc (0xd03f2423) sw      gp, -760(t5)
core   0: 3 0x8000b2fc (0xd03f2423) mem 0x8000d000 0x00000001
core   0: 0x8000b300 (0xff9ff06f) j       pc - 0x8
core   0: 3 0x8000b300 (0xff9ff06f)
core   0: 0x8000b2f8 (0x00002f17) auipc   t5, 0x2
core   0: 3 0x8000b2f8 (0x00002f17) x30 0x8000d2f8
core   0: 0x8000b2fc (0xd03f2423) sw      gp, -760(t5)
core   0: 3 0x8000b2fc (0xd03f2423) mem 0x8000d000 0x00000001
core   0: 0x8000b300 (0xff9ff06f) j       pc - 0x8
core   0: 3 0x8000b300 (0xff9ff06f)
core   0: 0x8000b2f8 (0x00002f17) auipc   t5, 0x2
core   0: 3 0x8000b2f8 (0x00002f17) x30 0x8000d2f8
core   0: 0x8000b2fc (0xd03f2423) sw      gp, -760(t5)
core   0: 3 0x8000b2fc (0xd03f2423) mem 0x8000d000 0x00000001
core   0: 0x8000b300 (0xff9ff06f) j       pc - 0x8
core   0: 3 0x8000b300 (0xff9ff06f)
core   0: 0x8000b2f8 (0x00002f17) auipc   t5, 0x2
core   0: 3 0x8000b2f8 (0x00002f17) x30 0x8000d2f8
core   0: 0x8000b2fc (0xd03f2423) sw      gp, -760(t5)
core   0: 3 0x8000b2fc (0xd03f2423) mem 0x8000d000 0x00000001
core   0: 0x8000b300 (0xff9ff06f) j       pc - 0x8
core   0: 3 0x8000b300 (0xff9ff06f)
core   0: 0x8000b2f8 (0x00002f17) auipc   t5, 0x2
core   0: 3 0x8000b2f8 (0x00002f17) x30 0x8000d2f8
core   0: 0x8000b2fc (0xd03f2423) sw      gp, -760(t5)
core   0: 3 0x8000b2fc (0xd03f2423) mem 0x8000d000 0x00000001
core   0: 0x8000b300 (0xff9ff06f) j       pc - 0x8
core   0: 3 0x8000b300 (0xff9ff06f)
core   0: 0x8000b2f8 (0x00002f17) auipc   t5, 0x2
core   0: 3 0x8000b2f8 (0x00002f17) x30 0x8000d2f8
core   0: 0x8000b2fc (0xd03f2423) sw      gp, -760(t5)
core   0: 3 0x8000b2fc (0xd03f2423) mem 0x8000d000 0x00000001
core   0: 0x8000b300 (0xff9ff06f) j       pc - 0x8
core   0: 3 0x8000b300 (0xff9ff06f)
core   0: 0x8000b2f8 (0x00002f17) auipc   t5, 0x2
core   0: 3 0x8000b2f8 (0x00002f17) x30 0x8000d2f8
core   0: 0x8000b2fc (0xd03f2423) sw      gp, -760(t5)
core   0: 3 0x8000b2fc (0xd03f2423) mem 0x8000d000 0x00000001
core   0: 0x8000b300 (0xff9ff06f) j       pc - 0x8
core   0: 3 0x8000b300 (0xff9ff06f)
core   0: 0x8000b2f8 (0x00002f17) auipc   t5, 0x2
core   0: 3 0x8000b2f8 (0x00002f17) x30 0x8000d2f8
core   0: 0x8000b2fc (0xd03f2423) sw      gp, -760(t5)
core   0: 3 0x8000b2fc (0xd03f2423) mem 0x8000d000 0x00000001
core   0: 0x8000b300 (0xff9ff06f) j       pc - 0x8
core   0: 3 0x8000b300 (0xff9ff06f)
core   0: 0x8000b2f8 (0x00002f17) auipc   t5, 0x2
core   0: 3 0x8000b2f8 (0x00002f17) x30 0x8000d2f8
core   0: 0x8000b2fc (0xd03f2423) sw      gp, -760(t5)
core   0: 3 0x8000b2fc (0xd03f2423) mem 0x8000d000 0x00000001
core   0: 0x8000b300 (0xff9ff06f) j       pc - 0x8
core   0: 3 0x8000b300 (0xff9ff06f)
core   0: 0x8000b2f8 (0x00002f17) auipc   t5, 0x2
core   0: 3 0x8000b2f8 (0x00002f17) x30 0x8000d2f8
core   0: 0x8000b2fc (0xd03f2423) sw      gp, -760(t5)
core   0: 3 0x8000b2fc (0xd03f2423) mem 0x8000d000 0x00000001
core   0: 0x8000b300 (0xff9ff06f) j       pc - 0x8
core   0: 3 0x8000b300 (0xff9ff06f)
core   0: 0x8000b2f8 (0x00002f17) auipc   t5, 0x2
core   0: 3 0x8000b2f8 (0x00002f17) x30 0x8000d2f8
core   0: 0x8000b2fc (0xd03f2423) sw      gp, -760(t5)
core   0: 3 0x8000b2fc (0xd03f2423) mem 0x8000d000 0x00000001
core   0: 0x8000b300 (0xff9ff06f) j       pc - 0x8
core   0: 3 0x8000b300 (0xff9ff06f)
core   0: 0x8000b2f8 (0x00002f17) auipc   t5, 0x2
core   0: 3 0x8000b2f8 (0x00002f17) x30 0x8000d2f8
core   0: 0x8000b2fc (0xd03f2423) sw      gp, -760(t5)
core   0: 3 0x8000b2fc (0xd03f2423) mem 0x8000d000 0x00000001
core   0: 0x8000b300 (0xff9ff06f) j       pc - 0x8
core   0: 3 0x8000b300 (0xff9ff06f)
core   0: 0x8000b2f8 (0x00002f17) auipc   t5, 0x2
core   0: 3 0x8000b2f8 (0x00002f17) x30 0x8000d2f8
core   0: 0x8000b2fc (0xd03f2423) sw      gp, -760(t5)
core   0: 3 0x8000b2fc (0xd03f2423) mem 0x8000d000 0x00000001
core   0: 0x8000b300 (0xff9ff06f) j       pc - 0x8
core   0: 3 0x8000b300 (0xff9ff06f)
core   0: 0x8000b2f8 (0x00002f17) auipc   t5, 0x2
core   0: 3 0x8000b2f8 (0x00002f17) x30 0x8000d2f8
core   0: 0x8000b2fc (0xd03f2423) sw      gp, -760(t5)
core   0: 3 0x8000b2fc (0xd03f2423) mem 0x8000d000 0x00000001
core   0: 0x8000b300 (0xff9ff06f) j       pc - 0x8
core   0: 3 0x8000b300 (0xff9ff06f)
core   0: 0x8000b2f8 (0x00002f17) auipc   t5, 0x2
core   0: 3 0x8000b2f8 (0x00002f17) x30 0x8000d2f8
core   0: 0x8000b2fc (0xd03f2423) sw      gp, -760(t5)
core   0: 3 0x8000b2fc (0xd03f2423) mem 0x8000d000 0x00000001
core   0: 0x8000b300 (0xff9ff06f) j       pc - 0x8
core   0: 3 0x8000b300 (0xff9ff06f)
core   0: 0x8000b2f8 (0x00002f17) auipc   t5, 0x2
core   0: 3 0x8000b2f8 (0x00002f17) x30 0x8000d2f8
core   0: 0x8000b2fc (0xd03f2423) sw      gp, -760(t5)
core   0: 3 0x8000b2fc (0xd03f2423) mem 0x8000d000 0x00000001
core   0: 0x8000b300 (0xff9ff06f) j       pc - 0x8
core   0: 3 0x8000b300 (0xff9ff06f)
core   0: 0x8000b2f8 (0x00002f17) auipc   t5, 0x2
core   0: 3 0x8000b2f8 (0x00002f17) x30 0x8000d2f8
core   0: 0x8000b2fc (0xd03f2423) sw      gp, -760(t5)
core   0: 3 0x8000b2fc (0xd03f2423) mem 0x8000d000 0x00000001
core   0: 0x8000b300 (0xff9ff06f) j       pc - 0x8
core   0: 3 0x8000b300 (0xff9ff06f)
core   0: 0x8000b2f8 (0x00002f17) auipc   t5, 0x2
core   0: 3 0x8000b2f8 (0x00002f17) x30 0x8000d2f8
core   0: 0x8000b2fc (0xd03f2423) sw      gp, -760(t5)
core   0: 3 0x8000b2fc (0xd03f2423) mem 0x8000d000 0x00000001
core   0: 0x8000b300 (0xff9ff06f) j       pc - 0x8
core   0: 3 0x8000b300 (0xff9ff06f)
core   0: 0x8000b2f8 (0x00002f17) auipc   t5, 0x2
core   0: 3 0x8000b2f8 (0x00002f17) x30 0x8000d2f8
core   0: 0x8000b2fc (0xd03f2423) sw      gp, -760(t5)
core   0: 3 0x8000b2fc (0xd03f2423) mem 0x8000d000 0x00000001
core   0: 0x8000b300 (0xff9ff06f) j       pc - 0x8
core   0: 3 0x8000b300 (0xff9ff06f)
core   0: 0x8000b2f8 (0x00002f17) auipc   t5, 0x2
core   0: 3 0x8000b2f8 (0x00002f17) x30 0x8000d2f8
core   0: 0x8000b2fc (0xd03f2423) sw      gp, -760(t5)
core   0: 3 0x8000b2fc (0xd03f2423) mem 0x8000d000 0x00000001
core   0: 0x8000b300 (0xff9ff06f) j       pc - 0x8
core   0: 3 0x8000b300 (0xff9ff06f)
core   0: 0x8000b2f8 (0x00002f17) auipc   t5, 0x2
core   0: 3 0x8000b2f8 (0x00002f17) x30 0x8000d2f8
core   0: 0x8000b2fc (0xd03f2423) sw      gp, -760(t5)
core   0: 3 0x8000b2fc (0xd03f2423) mem 0x8000d000 0x00000001
core   0: 0x8000b300 (0xff9ff06f) j       pc - 0x8
core   0: 3 0x8000b300 (0xff9ff06f)
core   0: 0x8000b2f8 (0x00002f17) auipc   t5, 0x2
core   0: 3 0x8000b2f8 (0x00002f17) x30 0x8000d2f8
core   0: 0x8000b2fc (0xd03f2423) sw      gp, -760(t5)
core   0: 3 0x8000b2fc (0xd03f2423) mem 0x8000d000 0x00000001
core   0: 0x8000b300 (0xff9ff06f) j       pc - 0x8
core   0: 3 0x8000b300 (0xff9ff06f)
core   0: 0x8000b2f8 (0x00002f17) auipc   t5, 0x2
core   0: 3 0x8000b2f8 (0x00002f17) x30 0x8000d2f8
core   0: 0x8000b2fc (0xd03f2423) sw      gp, -760(t5)
core   0: 3 0x8000b2fc (0xd03f2423) mem 0x8000d000 0x00000001
core   0: 0x8000b300 (0xff9ff06f) j       pc - 0x8
core   0: 3 0x8000b300 (0xff9ff06f)
core   0: 0x8000b2f8 (0x00002f17) auipc   t5, 0x2
core   0: 3 0x8000b2f8 (0x00002f17) x30 0x8000d2f8
core   0: 0x8000b2fc (0xd03f2423) sw      gp, -760(t5)
core   0: 3 0x8000b2fc (0xd03f2423) mem 0x8000d000 0x00000001
core   0: 0x8000b300 (0xff9ff06f) j       pc - 0x8
core   0: 3 0x8000b300 (0xff9ff06f)
core   0: 0x8000b2f8 (0x00002f17) auipc   t5, 0x2
core   0: 3 0x8000b2f8 (0x00002f17) x30 0x8000d2f8
core   0: 0x8000b2fc (0xd03f2423) sw      gp, -760(t5)
core   0: 3 0x8000b2fc (0xd03f2423) mem 0x8000d000 0x00000001
core   0: 0x8000b300 (0xff9ff06f) j       pc - 0x8
core   0: 3 0x8000b300 (0xff9ff06f)
core   0: 0x8000b2f8 (0x00002f17) auipc   t5, 0x2
core   0: 3 0x8000b2f8 (0x00002f17) x30 0x8000d2f8
core   0: 0x8000b2fc (0xd03f2423) sw      gp, -760(t5)
core   0: 3 0x8000b2fc (0xd03f2423) mem 0x8000d000 0x00000001
core   0: 0x8000b300 (0xff9ff06f) j       pc - 0x8
core   0: 3 0x8000b300 (0xff9ff06f)
core   0: 0x8000b2f8 (0x00002f17) auipc   t5, 0x2
core   0: 3 0x8000b2f8 (0x00002f17) x30 0x8000d2f8
core   0: 0x8000b2fc (0xd03f2423) sw      gp, -760(t5)
core   0: 3 0x8000b2fc (0xd03f2423) mem 0x8000d000 0x00000001
core   0: 0x8000b300 (0xff9ff06f) j       pc - 0x8
core   0: 3 0x8000b300 (0xff9ff06f)
core   0: 0x8000b2f8 (0x00002f17) auipc   t5, 0x2
core   0: 3 0x8000b2f8 (0x00002f17) x30 0x8000d2f8
core   0: 0x8000b2fc (0xd03f2423) sw      gp, -760(t5)
core   0: 3 0x8000b2fc (0xd03f2423) mem 0x8000d000 0x00000001
core   0: 0x8000b300 (0xff9ff06f) j       pc - 0x8
core   0: 3 0x8000b300 (0xff9ff06f)
core   0: 0x8000b2f8 (0x00002f17) auipc   t5, 0x2
core   0: 3 0x8000b2f8 (0x00002f17) x30 0x8000d2f8
core   0: 0x8000b2fc (0xd03f2423) sw      gp, -760(t5)
core   0: 3 0x8000b2fc (0xd03f2423) mem 0x8000d000 0x00000001
core   0: 0x8000b300 (0xff9ff06f) j       pc - 0x8
core   0: 3 0x8000b300 (0xff9ff06f)
core   0: 0x8000b2f8 (0x00002f17) auipc   t5, 0x2
core   0: 3 0x8000b2f8 (0x00002f17) x30 0x8000d2f8
core   0: 0x8000b2fc (0xd03f2423) sw      gp, -760(t5)
core   0: 3 0x8000b2fc (0xd03f2423) mem 0x8000d000 0x00000001
core   0: 0x8000b300 (0xff9ff06f) j       pc - 0x8
core   0: 3 0x8000b300 (0xff9ff06f)
core   0: 0x8000b2f8 (0x00002f17) auipc   t5, 0x2
core   0: 3 0x8000b2f8 (0x00002f17) x30 0x8000d2f8
core   0: 0x8000b2fc (0xd03f2423) sw      gp, -760(t5)
core   0: 3 0x8000b2fc (0xd03f2423) mem 0x8000d000 0x00000001
