core   0: 0x00001000 (0x00000297) auipc   t0, 0x0
core   0: 3 0x00001000 (0x00000297) x 5 0x00001000
core   0: 0x00001004 (0x02028593) addi    a1, t0, 32
core   0: 3 0x00001004 (0x02028593) x11 0x00001020
core   0: 0x00001008 (0xf1402573) csrr    a0, mhartid
core   0: 3 0x00001008 (0xf1402573) x10 0x00000000
core   0: 0x0000100c (0x0182a283) lw      t0, 24(t0)
core   0: 3 0x0000100c (0x0182a283) x 5 0x80000000 mem 0x00001018
core   0: 0x00001010 (0x00028067) jr      t0
core   0: 3 0x00001010 (0x00028067)
core   0: 0x80000000 (0xf14022f3) csrr    t0, mhartid
core   0: 3 0x80000000 (0xf14022f3) x 5 0x00000000
core   0: 0x80000004 (0x00000313) li      t1, 0
core   0: 3 0x80000004 (0x00000313) x 6 0x00000000
core   0: 0x80000008 (0x00628263) beq     t0, t1, pc + 4
core   0: 3 0x80000008 (0x00628263)
core   0: 0x8000000c (0x00000797) auipc   a5, 0x0
core   0: 3 0x8000000c (0x00000797) x15 0x8000000c
core   0: 0x80000010 (0x00c78793) addi    a5, a5, 12
core   0: 3 0x80000010 (0x00c78793) x15 0x80000018
core   0: 0x80000014 (0x00078067) jr      a5
core   0: 3 0x80000014 (0x00078067)
core   0: 0x80000018 (0x40000ab7) lui     s5, 0x40000
core   0: 3 0x80000018 (0x40000ab7) x21 0x40000000
core   0: 0x8000001c (0x100a8a93) addi    s5, s5, 256
core   0: 3 0x8000001c (0x100a8a93) x21 0x40000100
core   0: 0x80000020 (0x301a9073) csrw    misa, s5
core   0: 3 0x80000020 (0x301a9073) c769_misa 0x40140100
core   0: 0x80000024 (0x00015f97) auipc   t6, 0x15
core   0: 3 0x80000024 (0x00015f97) x31 0x80015024
core   0: 0x80000028 (0xcc0f8f93) addi    t6, t6, -832
core   0: 3 0x80000028 (0xcc0f8f93) x31 0x80014ce4
core   0: 0x8000002c (0x0000ba97) auipc   s5, 0xb
core   0: 3 0x8000002c (0x0000ba97) x21 0x8000b02c
core   0: 0x80000030 (0x2eca8a93) addi    s5, s5, 748
core   0: 3 0x80000030 (0x2eca8a93) x21 0x8000b318
core   0: 0x80000034 (0x000aea93) ori     s5, s5, 0
core   0: 3 0x80000034 (0x000aea93) x21 0x8000b318
core   0: 0x80000038 (0x305a9073) csrw    mtvec, s5
core   0: 3 0x80000038 (0x305a9073) c773_mtvec 0x8000b318
core   0: 0x8000003c (0x00000a97) auipc   s5, 0x0
core   0: 3 0x8000003c (0x00000a97) x21 0x8000003c
core   0: 0x80000040 (0x028a8a93) addi    s5, s5, 40
core   0: 3 0x80000040 (0x028a8a93) x21 0x80000064
core   0: 0x80000044 (0x341a9073) csrw    mepc, s5
core   0: 3 0x80000044 (0x341a9073) c833_mepc 0x80000064
core   0: 0x80000048 (0x00000013) nop
core   0: 3 0x80000048 (0x00000013)
core   0: 0x8000004c (0x00002ab7) lui     s5, 0x2
core   0: 3 0x8000004c (0x00002ab7) x21 0x00002000
core   0: 0x80000050 (0x800a8a93) addi    s5, s5, -2048
core   0: 3 0x80000050 (0x800a8a93) x21 0x00001800
core   0: 0x80000054 (0x300a9073) csrw    mstatus, s5
core   0: 3 0x80000054 (0x300a9073) c768_mstatus 0x00001800
core   0: 0x80000058 (0x00000a93) li      s5, 0
core   0: 3 0x80000058 (0x00000a93) x21 0x00000000
core   0: 0x8000005c (0x304a9073) csrw    mie, s5
core   0: 3 0x8000005c (0x304a9073) c772_mie 0x00000000
core   0: 0x80000060 (0x30200073) mret
core   0: 3 0x80000060 (0x30200073) c768_mstatus 0x00000080
core   0: >>>>  init
core   0: 0x80000064 (0x80000037) lui     zero, 0x80000
core   0: 3 0x80000064 (0x80000037)
core   0: 0x80000068 (0x00000013) nop
core   0: 3 0x80000068 (0x00000013)
core   0: 0x8000006c (0x00600093) li      ra, 6
core   0: 3 0x8000006c (0x00600093) x 1 0x00000006
core   0: 0x80000070 (0xfd272137) lui     sp, 0xfd272
core   0: 3 0x80000070 (0xfd272137) x 2 0xfd272000
core   0: 0x80000074 (0xf3a10113) addi    sp, sp, -198
core   0: 3 0x80000074 (0xf3a10113) x 2 0xfd271f3a
core   0: 0x80000078 (0x00000193) li      gp, 0
core   0: 3 0x80000078 (0x00000193) x 3 0x00000000
core   0: 0x8000007c (0xb45e4237) lui     tp, 0xb45e4
core   0: 3 0x8000007c (0xb45e4237) x 4 0xb45e4000
core   0: 0x80000080 (0xa7820213) addi    tp, tp, -1416
core   0: 3 0x80000080 (0xa7820213) x 4 0xb45e3a78
core   0: 0x80000084 (0xf35392b7) lui     t0, 0xf3539
core   0: 3 0x80000084 (0xf35392b7) x 5 0xf3539000
core   0: 0x80000088 (0x44628293) addi    t0, t0, 1094
core   0: 3 0x80000088 (0x44628293) x 5 0xf3539446
core   0: 0x8000008c (0x80000337) lui     t1, 0x80000
core   0: 3 0x8000008c (0x80000337) x 6 0x80000000
core   0: 0x80000090 (0x800003b7) lui     t2, 0x80000
core   0: 3 0x80000090 (0x800003b7) x 7 0x80000000
core   0: 0x80000094 (0x970c2437) lui     s0, 0x970c2
core   0: 3 0x80000094 (0x970c2437) x 8 0x970c2000
core   0: 0x80000098 (0x03e40413) addi    s0, s0, 62
core   0: 3 0x80000098 (0x03e40413) x 8 0x970c203e
core   0: 0x8000009c (0xfb2ea4b7) lui     s1, 0xfb2ea
core   0: 3 0x8000009c (0xfb2ea4b7) x 9 0xfb2ea000
core   0: 0x800000a0 (0x4f648493) addi    s1, s1, 1270
core   0: 3 0x800000a0 (0x4f648493) x 9 0xfb2ea4f6
core   0: 0x800000a4 (0x4056b537) lui     a0, 0x4056b
core   0: 3 0x800000a4 (0x4056b537) x10 0x4056b000
core   0: 0x800000a8 (0x39050513) addi    a0, a0, 912
core   0: 3 0x800000a8 (0x39050513) x10 0x4056b390
core   0: 0x800000ac (0xf862d5b7) lui     a1, 0xf862d
core   0: 3 0x800000ac (0xf862d5b7) x11 0xf862d000
core   0: 0x800000b0 (0xdf058593) addi    a1, a1, -528
core   0: 3 0x800000b0 (0xdf058593) x11 0xf862cdf0
core   0: 0x800000b4 (0x31ce1637) lui     a2, 0x31ce1
core   0: 3 0x800000b4 (0x31ce1637) x12 0x31ce1000
core   0: 0x800000b8 (0x97360613) addi    a2, a2, -1677
core   0: 3 0x800000b8 (0x97360613) x12 0x31ce0973
core   0: 0x800000bc (0xc01086b7) lui     a3, 0xc0108
core   0: 3 0x800000bc (0xc01086b7) x13 0xc0108000
core   0: 0x800000c0 (0xc9068693) addi    a3, a3, -880
core   0: 3 0x800000c0 (0xc9068693) x13 0xc0107c90
core   0: 0x800000c4 (0xff4ea7b7) lui     a5, 0xff4ea
core   0: 3 0x800000c4 (0xff4ea7b7) x15 0xff4ea000
core   0: 0x800000c8 (0xb7e78793) addi    a5, a5, -1154
core   0: 3 0x800000c8 (0xb7e78793) x15 0xff4e9b7e
core   0: 0x800000cc (0x80000837) lui     a6, 0x80000
core   0: 3 0x800000cc (0x80000837) x16 0x80000000
core   0: 0x800000d0 (0xf1dca8b7) lui     a7, 0xf1dca
core   0: 3 0x800000d0 (0xf1dca8b7) x17 0xf1dca000
core   0: 0x800000d4 (0x2a388893) addi    a7, a7, 675
core   0: 3 0x800000d4 (0x2a388893) x17 0xf1dca2a3
core   0: 0x800000d8 (0x00e00913) li      s2, 14
core   0: 3 0x800000d8 (0x00e00913) x18 0x0000000e
core   0: 0x800000dc (0xfb3fd9b7) lui     s3, 0xfb3fd
core   0: 3 0x800000dc (0xfb3fd9b7) x19 0xfb3fd000
core   0: 0x800000e0 (0xf3698993) addi    s3, s3, -202
core   0: 3 0x800000e0 (0xf3698993) x19 0xfb3fcf36
core   0: 0x800000e4 (0x80000a37) lui     s4, 0x80000
core   0: 3 0x800000e4 (0x80000a37) x20 0x80000000
core   0: 0x800000e8 (0xfdb01ab7) lui     s5, 0xfdb01
core   0: 3 0x800000e8 (0xfdb01ab7) x21 0xfdb01000
core   0: 0x800000ec (0x2bba8a93) addi    s5, s5, 699
core   0: 3 0x800000ec (0x2bba8a93) x21 0xfdb012bb
core   0: 0x800000f0 (0xf3eaeb37) lui     s6, 0xf3eae
core   0: 3 0x800000f0 (0xf3eaeb37) x22 0xf3eae000
core   0: 0x800000f4 (0xba7b0b13) addi    s6, s6, -1113
core   0: 3 0x800000f4 (0xba7b0b13) x22 0xf3eadba7
core   0: 0x800000f8 (0x00900b93) li      s7, 9
core   0: 3 0x800000f8 (0x00900b93) x23 0x00000009
core   0: 0x800000fc (0x80000c37) lui     s8, 0x80000
core   0: 3 0x800000fc (0x80000c37) x24 0x80000000
core   0: 0x80000100 (0x00800c93) li      s9, 8
core   0: 3 0x80000100 (0x00800c93) x25 0x00000008
core   0: 0x80000104 (0x00000d13) li      s10, 0
core   0: 3 0x80000104 (0x00000d13) x26 0x00000000
core   0: 0x80000108 (0xfe838db7) lui     s11, 0xfe838
core   0: 3 0x80000108 (0xfe838db7) x27 0xfe838000
core   0: 0x8000010c (0x6bdd8d93) addi    s11, s11, 1725
core   0: 3 0x8000010c (0x6bdd8d93) x27 0xfe8386bd
core   0: 0x80000110 (0x00000e13) li      t3, 0
core   0: 3 0x80000110 (0x00000e13) x28 0x00000000
core   0: 0x80000114 (0x00000e93) li      t4, 0
core   0: 3 0x80000114 (0x00000e93) x29 0x00000000
core   0: 0x80000118 (0x80000f37) lui     t5, 0x80000
core   0: 3 0x80000118 (0x80000f37) x30 0x80000000
core   0: 0x8000011c (0x00011717) auipc   a4, 0x11
core   0: 3 0x8000011c (0x00011717) x14 0x8001111c
core   0: 0x80000120 (0xd4870713) addi    a4, a4, -696
core   0: 3 0x80000120 (0xd4870713) x14 0x80010e64
core   0: 0x80000124 (0x00000613) li      a2, 0
core   0: 3 0x80000124 (0x00000613) x12 0x00000000
core   0: 0x80000128 (0xfff00a93) li      s5, -1
core   0: 3 0x80000128 (0xfff00a93) x21 0xffffffff
core   0: 0x8000012c (0x00000293) li      t0, 0
core   0: 3 0x8000012c (0x00000293) x 5 0x00000000
core   0: 0x80000130 (0x80000937) lui     s2, 0x80000
core   0: 3 0x80000130 (0x80000937) x18 0x80000000
core   0: 0x80000134 (0xfff00393) li      t2, -1
core   0: 3 0x80000134 (0xfff00393) x 7 0xffffffff
core   0: 0x80000138 (0xfff00d93) li      s11, -1
core   0: 3 0x80000138 (0xfff00d93) x27 0xffffffff
core   0: 0x8000013c (0x582f40b7) lui     ra, 0x582f4
core   0: 3 0x8000013c (0x582f40b7) x 1 0x582f4000
core   0: 0x80000140 (0xdd808093) addi    ra, ra, -552
core   0: 3 0x80000140 (0xdd808093) x 1 0x582f3dd8
core   0: 0x80000144 (0x00000e93) li      t4, 0
core   0: 3 0x80000144 (0x00000e93) x29 0x00000000
core   0: 0x80000148 (0x800008b7) lui     a7, 0x80000
core   0: 3 0x80000148 (0x800008b7) x17 0x80000000
core   0: 0x8000014c (0x00000113) li      sp, 0
core   0: 3 0x8000014c (0x00000113) x 2 0x00000000
core   0: 0x80000150 (0x71fe9297) auipc   t0, 0x71fe9
core   0: 3 0x80000150 (0x71fe9297) x 5 0xf1fe9150
core   0: 0x80000154 (0xf9a910b7) lui     ra, 0xf9a91
core   0: 3 0x80000154 (0xf9a910b7) x 1 0xf9a91000
core   0: 0x80000158 (0x53760a93) addi    s5, a2, 1335
core   0: 3 0x80000158 (0x53760a93) x21 0x00000537
core   0: 0x8000015c (0x624a8113) addi    sp, s5, 1572
core   0: 3 0x8000015c (0x624a8113) x 2 0x00000b5b
core   0: 0x80000160 (0x4e980637) lui     a2, 0x4e980
core   0: 3 0x80000160 (0x4e980637) x12 0x4e980000
core   0: 0x80000164 (0xd0aa7637) lui     a2, 0xd0aa7
core   0: 3 0x80000164 (0xd0aa7637) x12 0xd0aa7000
core   0: 0x80000168 (0xb3349617) auipc   a2, 0xb3349
core   0: 3 0x80000168 (0xb3349617) x12 0x33349168
core   0: 0x8000016c (0x00c38633) add     a2, t2, a2
core   0: 3 0x8000016c (0x00c38633) x12 0x33349167
core   0: 0x80000170 (0x01d08db3) add     s11, ra, t4
core   0: 3 0x80000170 (0x01d08db3) x27 0xf9a91000
core   0: 0x80000174 (0x00000013) nop
core   0: 3 0x80000174 (0x00000013)
core   0: 0x80000178 (0x00000013) nop
core   0: 3 0x80000178 (0x00000013)
core   0: 0x8000017c (0xae6c5097) auipc   ra, 0xae6c5
core   0: 3 0x8000017c (0xae6c5097) x 1 0x2e6c517c
core   0: 0x80000180 (0x407103b3) sub     t2, sp, t2
core   0: 3 0x80000180 (0x407103b3) x 7 0x00000b5c
core   0: 0x80000184 (0xce5648b7) lui     a7, 0xce564
core   0: 3 0x80000184 (0xce5648b7) x17 0xce564000
core   0: 0x80000188 (0x2b738093) addi    ra, t2, 695
core   0: 3 0x80000188 (0x2b738093) x 1 0x00000e13
core   0: 0x8000018c (0x68378397) auipc   t2, 0x68378
core   0: 3 0x8000018c (0x68378397) x 7 0xe837818c
core   0: 0x80000190 (0x00000013) nop
core   0: 3 0x80000190 (0x00000013)
core   0: 0x80000194 (0xe0228093) addi    ra, t0, -510
core   0: 3 0x80000194 (0xe0228093) x 1 0xf1fe8f52
core   0: 0x80000198 (0x01da8db3) add     s11, s5, t4
core   0: 3 0x80000198 (0x01da8db3) x27 0x00000537
core   0: 0x8000019c (0x41dd8db3) sub     s11, s11, t4
core   0: 3 0x8000019c (0x41dd8db3) x27 0x00000537
core   0: 0x800001a0 (0x405d88b3) sub     a7, s11, t0
core   0: 3 0x800001a0 (0x405d88b3) x17 0x0e0173e7
core   0: 0x800001a4 (0xaafb1ab7) lui     s5, 0xaafb1
core   0: 3 0x800001a4 (0xaafb1ab7) x21 0xaafb1000
core   0: 0x800001a8 (0x40210db3) sub     s11, sp, sp
core   0: 3 0x800001a8 (0x40210db3) x27 0x00000000
core   0: 0x800001ac (0xddbd8e93) addi    t4, s11, -549
core   0: 3 0x800001ac (0xddbd8e93) x29 0xfffffddb
core   0: 0x800001b0 (0xfff00513) li      a0, -1
core   0: 3 0x800001b0 (0xfff00513) x10 0xffffffff
core   0: 0x800001b4 (0x00000d93) li      s11, 0
core   0: 3 0x800001b4 (0x00000d93) x27 0x00000000
core   0: 0x800001b8 (0xa4744a37) lui     s4, 0xa4744
core   0: 3 0x800001b8 (0xa4744a37) x20 0xa4744000
core   0: 0x800001bc (0xd90a0a13) addi    s4, s4, -624
core   0: 3 0x800001bc (0xd90a0a13) x20 0xa4743d90
core   0: 0x800001c0 (0x00000d13) li      s10, 0
core   0: 3 0x800001c0 (0x00000d13) x26 0x00000000
core   0: 0x800001c4 (0x3164c0b7) lui     ra, 0x3164c
core   0: 3 0x800001c4 (0x3164c0b7) x 1 0x3164c000
core   0: 0x800001c8 (0xba008093) addi    ra, ra, -1120
core   0: 3 0x800001c8 (0xba008093) x 1 0x3164bba0
core   0: 0x800001cc (0x800003b7) lui     t2, 0x80000
core   0: 3 0x800001cc (0x800003b7) x 7 0x80000000
core   0: 0x800001d0 (0x80000337) lui     t1, 0x80000
core   0: 3 0x800001d0 (0x80000337) x 6 0x80000000
core   0: 0x800001d4 (0x80000f37) lui     t5, 0x80000
core   0: 3 0x800001d4 (0x80000f37) x30 0x80000000
core   0: 0x800001d8 (0x00000b93) li      s7, 0
core   0: 3 0x800001d8 (0x00000b93) x23 0x00000000
core   0: 0x800001dc (0x80000cb7) lui     s9, 0x80000
core   0: 3 0x800001dc (0x80000cb7) x25 0x80000000
core   0: 0x800001e0 (0x1cd7d397) auipc   t2, 0x1cd7d
core   0: 3 0x800001e0 (0x1cd7d397) x 7 0x9cd7d1e0
core   0: 0x800001e4 (0x40ad8333) sub     t1, s11, a0
core   0: 3 0x800001e4 (0x40ad8333) x 6 0x00000001
core   0: 0x800001e8 (0x6c666f37) lui     t5, 0x6c666
core   0: 3 0x800001e8 (0x6c666f37) x30 0x6c666000
core   0: 0x800001ec (0xa310e0b7) lui     ra, 0xa310e
core   0: 3 0x800001ec (0xa310e0b7) x 1 0xa310e000
core   0: 0x800001f0 (0x4a268a37) lui     s4, 0x4a268
core   0: 3 0x800001f0 (0x4a268a37) x20 0x4a268000
core   0: 0x800001f4 (0x00000013) nop
core   0: 3 0x800001f4 (0x00000013)
core   0: 0x800001f8 (0x01730333) add     t1, t1, s7
core   0: 3 0x800001f8 (0x01730333) x 6 0x00000001
core   0: 0x800001fc (0x32409cb7) lui     s9, 0x32409
core   0: 3 0x800001fc (0x32409cb7) x25 0x32409000
core   0: 0x80000200 (0x40638a33) sub     s4, t2, t1
core   0: 3 0x80000200 (0x40638a33) x20 0x9cd7d1df
core   0: 0x80000204 (0x866f0313) addi    t1, t5, -1946
core   0: 3 0x80000204 (0x866f0313) x 6 0x6c665866
core   0: 0x80000208 (0xad874397) auipc   t2, 0xad874
core   0: 3 0x80000208 (0xad874397) x 7 0x2d874208
core   0: 0x8000020c (0x0d0b8d13) addi    s10, s7, 208
core   0: 3 0x8000020c (0x0d0b8d13) x26 0x000000d0
core   0: 0x80000210 (0xa12a4d97) auipc   s11, 0xa12a4
core   0: 3 0x80000210 (0xa12a4d97) x27 0x212a4210
core   0: 0x80000214 (0x00000013) nop
core   0: 3 0x80000214 (0x00000013)
core   0: 0x80000218 (0xac170a17) auipc   s4, 0xac170
core   0: 3 0x80000218 (0xac170a17) x20 0x2c170218
core   0: 0x8000021c (0x7deed3b7) lui     t2, 0x7deed
core   0: 3 0x8000021c (0x7deed3b7) x 7 0x7deed000
core   0: 0x80000220 (0x7d53c517) auipc   a0, 0x7d53c
core   0: 3 0x80000220 (0x7d53c517) x10 0xfd53c220
core   0: 0x80000224 (0xf9c08513) addi    a0, ra, -100
core   0: 3 0x80000224 (0xf9c08513) x10 0xa310df9c
core   0: 0x80000228 (0x2042dbb7) lui     s7, 0x2042d
core   0: 3 0x80000228 (0x2042dbb7) x23 0x2042d000
core   0: 0x8000022c (0x00ab8f33) add     t5, s7, a0
core   0: 3 0x8000022c (0x00ab8f33) x30 0xc353af9c
core   0: 0x80000230 (0x01e30f33) add     t5, t1, t5
core   0: 3 0x80000230 (0x01e30f33) x30 0x2fba0802
core   0: 0x80000234 (0x8d5ba337) lui     t1, 0x8d5ba
core   0: 3 0x80000234 (0x8d5ba337) x 6 0x8d5ba000
core   0: 0x80000238 (0x5e630313) addi    t1, t1, 1510
core   0: 3 0x80000238 (0x5e630313) x 6 0x8d5ba5e6
core   0: 0x8000023c (0xbeecb9b7) lui     s3, 0xbeecb
core   0: 3 0x8000023c (0xbeecb9b7) x19 0xbeecb000
core   0: 0x80000240 (0x04b98993) addi    s3, s3, 75
core   0: 3 0x80000240 (0x04b98993) x19 0xbeecb04b
core   0: 0x80000244 (0xfff00a93) li      s5, -1
core   0: 3 0x80000244 (0xfff00a93) x21 0xffffffff
core   0: 0x80000248 (0x00000613) li      a2, 0
core   0: 3 0x80000248 (0x00000613) x12 0x00000000
core   0: 0x8000024c (0xfff00b13) li      s6, -1
core   0: 3 0x8000024c (0xfff00b13) x22 0xffffffff
core   0: 0x80000250 (0x800001b7) lui     gp, 0x80000
core   0: 3 0x80000250 (0x800001b7) x 3 0x80000000
core   0: 0x80000254 (0x80000c37) lui     s8, 0x80000
core   0: 3 0x80000254 (0x80000c37) x24 0x80000000
core   0: 0x80000258 (0x800002b7) lui     t0, 0x80000
core   0: 3 0x80000258 (0x800002b7) x 5 0x80000000
core   0: 0x8000025c (0x800005b7) lui     a1, 0x80000
core   0: 3 0x8000025c (0x800005b7) x11 0x80000000
core   0: 0x80000260 (0x8a413937) lui     s2, 0x8a413
core   0: 3 0x80000260 (0x8a413937) x18 0x8a413000
core   0: 0x80000264 (0x38c90913) addi    s2, s2, 908
core   0: 3 0x80000264 (0x38c90913) x18 0x8a41338c
core   0: 0x80000268 (0x012c0633) add     a2, s8, s2
core   0: 3 0x80000268 (0x012c0633) x12 0x0a41338c
core   0: 0x8000026c (0x711ce637) lui     a2, 0x711ce
core   0: 3 0x8000026c (0x711ce637) x12 0x711ce000
core   0: 0x80000270 (0x00000013) nop
core   0: 3 0x80000270 (0x00000013)
core   0: 0x80000274 (0x00000013) nop
core   0: 3 0x80000274 (0x00000013)
core   0: 0x80000278 (0xf0258617) auipc   a2, 0xf0258
core   0: 3 0x80000278 (0xf0258617) x12 0x70258278
core   0: 0x8000027c (0x00000013) nop
core   0: 3 0x8000027c (0x00000013)
core   0: 0x80000280 (0x00000013) nop
core   0: 3 0x80000280 (0x00000013)
core   0: 0x80000284 (0x00000013) nop
core   0: 3 0x80000284 (0x00000013)
core   0: 0x80000288 (0x00398933) add     s2, s3, gp
core   0: 3 0x80000288 (0x00398933) x18 0x3eecb04b
core   0: 0x8000028c (0xc4f90993) addi    s3, s2, -945
core   0: 3 0x8000028c (0xc4f90993) x19 0x3eecac9a
core   0: 0x80000290 (0x00000013) nop
core   0: 3 0x80000290 (0x00000013)
core   0: 0x80000294 (0x18a75997) auipc   s3, 0x18a75
core   0: 3 0x80000294 (0x18a75997) x19 0x98a75294
core   0: 0x80000298 (0x00000013) nop
core   0: 3 0x80000298 (0x00000013)
core   0: 0x8000029c (0x32667297) auipc   t0, 0x32667
core   0: 3 0x8000029c (0x32667297) x 5 0xb266729c
core   0: 0x800002a0 (0x4af6d9b7) lui     s3, 0x4af6d
core   0: 3 0x800002a0 (0x4af6d9b7) x19 0x4af6d000
core   0: 0x800002a4 (0x4cf87917) auipc   s2, 0x4cf87
core   0: 3 0x800002a4 (0x4cf87917) x18 0xccf872a4
core   0: 0x800002a8 (0xd0cc0593) addi    a1, s8, -756
core   0: 3 0x800002a8 (0xd0cc0593) x11 0x7ffffd0c
core   0: 0x800002ac (0x547d3a97) auipc   s5, 0x547d3
core   0: 3 0x800002ac (0x547d3a97) x21 0xd47d32ac
core   0: 0x800002b0 (0x41658b33) sub     s6, a1, s6
core   0: 3 0x800002b0 (0x41658b33) x22 0x7ffffd0d
core   0: 0x800002b4 (0x415c01b3) sub     gp, s8, s5
core   0: 3 0x800002b4 (0x415c01b3) x 3 0xab82cd54
core   0: 0x800002b8 (0x40330633) sub     a2, t1, gp
core   0: 3 0x800002b8 (0x40330633) x12 0xe1d8d892
core   0: 0x800002bc (0x406b0933) sub     s2, s6, t1
core   0: 3 0x800002bc (0x406b0933) x18 0xf2a45727
core   0: 0x800002c0 (0x412285b3) sub     a1, t0, s2
core   0: 3 0x800002c0 (0x412285b3) x11 0xbfc21b75
core   0: 0x800002c4 (0xd064f937) lui     s2, 0xd064f
core   0: 3 0x800002c4 (0xd064f937) x18 0xd064f000
core   0: 0x800002c8 (0xfff00613) li      a2, -1
core   0: 3 0x800002c8 (0xfff00613) x12 0xffffffff
core   0: 0x800002cc (0x80000ab7) lui     s5, 0x80000
core   0: 3 0x800002cc (0x80000ab7) x21 0x80000000
core   0: 0x800002d0 (0x00000493) li      s1, 0
core   0: 3 0x800002d0 (0x00000493) x 9 0x00000000
core   0: 0x800002d4 (0x73022b37) lui     s6, 0x73022
core   0: 3 0x800002d4 (0x73022b37) x22 0x73022000
core   0: 0x800002d8 (0xdbab0b13) addi    s6, s6, -582
core   0: 3 0x800002d8 (0xdbab0b13) x22 0x73021dba
core   0: 0x800002dc (0x80000eb7) lui     t4, 0x80000
core   0: 3 0x800002dc (0x80000eb7) x29 0x80000000
core   0: 0x800002e0 (0xfff00693) li      a3, -1
core   0: 3 0x800002e0 (0xfff00693) x13 0xffffffff
core   0: 0x800002e4 (0xfff00f13) li      t5, -1
core   0: 3 0x800002e4 (0xfff00f13) x30 0xffffffff
core   0: 0x800002e8 (0x80000837) lui     a6, 0x80000
core   0: 3 0x800002e8 (0x80000837) x16 0x80000000
core   0: 0x800002ec (0x80000e37) lui     t3, 0x80000
core   0: 3 0x800002ec (0x80000e37) x28 0x80000000
core   0: 0x800002f0 (0x87612bb7) lui     s7, 0x87612
core   0: 3 0x800002f0 (0x87612bb7) x23 0x87612000
core   0: 0x800002f4 (0x746b8b93) addi    s7, s7, 1862
core   0: 3 0x800002f4 (0x746b8b93) x23 0x87612746
core   0: 0x800002f8 (0x01680833) add     a6, a6, s6
core   0: 3 0x800002f8 (0x01680833) x16 0xf3021dba
core   0: 0x800002fc (0x88d1fe17) auipc   t3, 0x88d1f
core   0: 3 0x800002fc (0x88d1fe17) x28 0x08d1f2fc
core   0: 0x80000300 (0xf4df0693) addi    a3, t5, -179
core   0: 3 0x80000300 (0xf4df0693) x13 0xffffff4c
core   0: 0x80000304 (0x32180a93) addi    s5, a6, 801
core   0: 3 0x80000304 (0x32180a93) x21 0xf30220db
core   0: 0x80000308 (0x87cf0813) addi    a6, t5, -1924
core   0: 3 0x80000308 (0x87cf0813) x16 0xfffff87b
core   0: 0x8000030c (0x71cb0f13) addi    t5, s6, 1820
core   0: 3 0x8000030c (0x71cb0f13) x30 0x730224d6
core   0: 0x80000310 (0x319b4f17) auipc   t5, 0x319b4
core   0: 3 0x80000310 (0x319b4f17) x30 0xb19b4310
core   0: 0x80000314 (0x88ae4e97) auipc   t4, 0x88ae4
core   0: 3 0x80000314 (0x88ae4e97) x29 0x08ae4314
core   0: 0x80000318 (0x0f53af37) lui     t5, 0xf53a
core   0: 3 0x80000318 (0x0f53af37) x30 0x0f53a000
core   0: 0x8000031c (0x43ed0f17) auipc   t5, 0x43ed0
core   0: 3 0x8000031c (0x43ed0f17) x30 0xc3ed031c
core   0: 0x80000320 (0x75ab0813) addi    a6, s6, 1882
core   0: 3 0x80000320 (0x75ab0813) x16 0x73022514
core   0: 0x80000324 (0x41c484b3) sub     s1, s1, t3
core   0: 3 0x80000324 (0x41c484b3) x 9 0xf72e0d04
core   0: 0x80000328 (0x40df0633) sub     a2, t5, a3
core   0: 3 0x80000328 (0x40df0633) x12 0xc3ed03d0
core   0: 0x8000032c (0x010b0633) add     a2, s6, a6
core   0: 3 0x8000032c (0x010b0633) x12 0xe60442ce
core   0: 0x80000330 (0x00000013) nop
core   0: 3 0x80000330 (0x00000013)
core   0: 0x80000334 (0xe8b60e13) addi    t3, a2, -373
core   0: 3 0x80000334 (0xe8b60e13) x28 0xe6044159
core   0: 0x80000338 (0x41d68b33) sub     s6, a3, t4
core   0: 3 0x80000338 (0x41d68b33) x22 0xf751bc38
core   0: 0x8000033c (0x09960b93) addi    s7, a2, 153
core   0: 3 0x8000033c (0x09960b93) x23 0xe6044367
core   0: 0x80000340 (0x25fc3697) auipc   a3, 0x25fc3
core   0: 3 0x80000340 (0x25fc3697) x13 0xa5fc3340
core   0: 0x80000344 (0x00c60633) add     a2, a2, a2
core   0: 3 0x80000344 (0x00c60633) x12 0xcc08859c
core   0: 0x80000348 (0x6a8826b7) lui     a3, 0x6a882
core   0: 3 0x80000348 (0x6a8826b7) x13 0x6a882000
core   0: 0x8000034c (0x01d60f33) add     t5, a2, t4
core   0: 3 0x8000034c (0x01d60f33) x30 0xd4b6c8b0
core   0: 0x80000350 (0xb4fb8e93) addi    t4, s7, -1201
core   0: 3 0x80000350 (0xb4fb8e93) x29 0xe6043eb6
core   0: 0x80000354 (0x00000013) nop
core   0: 3 0x80000354 (0x00000013)
core   0: 0x80000358 (0x00000013) nop
core   0: 3 0x80000358 (0x00000013)
core   0: 0x8000035c (0xec738b97) auipc   s7, 0xec738
core   0: 3 0x8000035c (0xec738b97) x23 0x6c73835c
core   0: 0x80000360 (0x5bc442b7) lui     t0, 0x5bc44
core   0: 3 0x80000360 (0x5bc442b7) x 5 0x5bc44000
core   0: 0x80000364 (0x10d28293) addi    t0, t0, 269
core   0: 3 0x80000364 (0x10d28293) x 5 0x5bc4410d
core   0: 0x80000368 (0x80000cb7) lui     s9, 0x80000
core   0: 3 0x80000368 (0x80000cb7) x25 0x80000000
core   0: 0x8000036c (0x80000a37) lui     s4, 0x80000
core   0: 3 0x8000036c (0x80000a37) x20 0x80000000
core   0: 0x80000370 (0x80000e37) lui     t3, 0x80000
core   0: 3 0x80000370 (0x80000e37) x28 0x80000000
core   0: 0x80000374 (0xc19bbdb7) lui     s11, 0xc19bb
core   0: 3 0x80000374 (0xc19bbdb7) x27 0xc19bb000
core   0: 0x80000378 (0x61fd8d93) addi    s11, s11, 1567
core   0: 3 0x80000378 (0x61fd8d93) x27 0xc19bb61f
core   0: 0x8000037c (0xd0fa43b7) lui     t2, 0xd0fa4
core   0: 3 0x8000037c (0xd0fa43b7) x 7 0xd0fa4000
core   0: 0x80000380 (0xc2a38393) addi    t2, t2, -982
core   0: 3 0x80000380 (0xc2a38393) x 7 0xd0fa3c2a
core   0: 0x80000384 (0xfff00893) li      a7, -1
core   0: 3 0x80000384 (0xfff00893) x17 0xffffffff
core   0: 0x80000388 (0x00000213) li      tp, 0
core   0: 3 0x80000388 (0x00000213) x 4 0x00000000
core   0: 0x8000038c (0x00000113) li      sp, 0
core   0: 3 0x8000038c (0x00000113) x 2 0x00000000
core   0: 0x80000390 (0xfff00813) li      a6, -1
core   0: 3 0x80000390 (0xfff00813) x16 0xffffffff
core   0: 0x80000394 (0x005e08b3) add     a7, t3, t0
core   0: 3 0x80000394 (0x005e08b3) x17 0xdbc4410d
core   0: 0x80000398 (0xb9e38393) addi    t2, t2, -1122
core   0: 3 0x80000398 (0xb9e38393) x 7 0xd0fa37c8
core   0: 0x8000039c (0x010e0e33) add     t3, t3, a6
core   0: 3 0x8000039c (0x010e0e33) x28 0x7fffffff
core   0: 0x800003a0 (0x00000013) nop
core   0: 3 0x800003a0 (0x00000013)
core   0: 0x800003a4 (0x00000013) nop
core   0: 3 0x800003a4 (0x00000013)
core   0: 0x800003a8 (0x00000013) nop
core   0: 3 0x800003a8 (0x00000013)
core   0: 0x800003ac (0x00000013) nop
core   0: 3 0x800003ac (0x00000013)
core   0: 0x800003b0 (0x00000013) nop
core   0: 3 0x800003b0 (0x00000013)
core   0: 0x800003b4 (0x1ecc5237) lui     tp, 0x1ecc5
core   0: 3 0x800003b4 (0x1ecc5237) x 4 0x1ecc5000
core   0: 0x800003b8 (0x8e37dc97) auipc   s9, 0x8e37d
core   0: 3 0x800003b8 (0x8e37dc97) x25 0x0e37d3b8
core   0: 0x800003bc (0x843a0813) addi    a6, s4, -1981
core   0: 3 0x800003bc (0x843a0813) x16 0x7ffff843
core   0: 0x800003c0 (0x2cb06137) lui     sp, 0x2cb06
core   0: 3 0x800003c0 (0x2cb06137) x 2 0x2cb06000
core   0: 0x800003c4 (0x405d8e33) sub     t3, s11, t0
core   0: 3 0x800003c4 (0x405d8e33) x28 0x65d77512
core   0: 0x800003c8 (0x02d10c93) addi    s9, sp, 45
core   0: 3 0x800003c8 (0x02d10c93) x25 0x2cb0602d
core   0: 0x800003cc (0x48f10297) auipc   t0, 0x48f10
core   0: 3 0x800003cc (0x48f10297) x 5 0xc8f103cc
core   0: 0x800003d0 (0x41ca03b3) sub     t2, s4, t3
core   0: 3 0x800003d0 (0x41ca03b3) x 7 0x1a288aee
core   0: 0x800003d4 (0x00000013) nop
core   0: 3 0x800003d4 (0x00000013)
core   0: 0x800003d8 (0x40510e33) sub     t3, sp, t0
core   0: 3 0x800003d8 (0x40510e33) x28 0x63bf5c34
core   0: 0x800003dc (0x7f9a7397) auipc   t2, 0x7f9a7
core   0: 3 0x800003dc (0x7f9a7397) x 7 0xff9a73dc
core   0: 0x800003e0 (0x464f7cb7) lui     s9, 0x464f7
core   0: 3 0x800003e0 (0x464f7cb7) x25 0x464f7000
core   0: 0x800003e4 (0xf9f09e37) lui     t3, 0xf9f09
core   0: 3 0x800003e4 (0xf9f09e37) x28 0xf9f09000
core   0: 0x800003e8 (0x414c8db3) sub     s11, s9, s4
core   0: 3 0x800003e8 (0x414c8db3) x27 0xc64f7000
core   0: 0x800003ec (0x800004b7) lui     s1, 0x80000
core   0: 3 0x800003ec (0x800004b7) x 9 0x80000000
core   0: 0x800003f0 (0xfff00e93) li      t4, -1
core   0: 3 0x800003f0 (0xfff00e93) x29 0xffffffff
core   0: 0x800003f4 (0xfff00613) li      a2, -1
core   0: 3 0x800003f4 (0xfff00613) x12 0xffffffff
core   0: 0x800003f8 (0xfff00093) li      ra, -1
core   0: 3 0x800003f8 (0xfff00093) x 1 0xffffffff
core   0: 0x800003fc (0x80000c37) lui     s8, 0x80000
core   0: 3 0x800003fc (0x80000c37) x24 0x80000000
core   0: 0x80000400 (0x800002b7) lui     t0, 0x80000
core   0: 3 0x80000400 (0x800002b7) x 5 0x80000000
core   0: 0x80000404 (0x13e06e37) lui     t3, 0x13e06
core   0: 3 0x80000404 (0x13e06e37) x28 0x13e06000
core   0: 0x80000408 (0xf79e0e13) addi    t3, t3, -135
core   0: 3 0x80000408 (0xf79e0e13) x28 0x13e05f79
core   0: 0x8000040c (0xd0e5c237) lui     tp, 0xd0e5c
core   0: 3 0x8000040c (0xd0e5c237) x 4 0xd0e5c000
core   0: 0x80000410 (0xd3020213) addi    tp, tp, -720
core   0: 3 0x80000410 (0xd3020213) x 4 0xd0e5bd30
core   0: 0x80000414 (0x00000913) li      s2, 0
core   0: 3 0x80000414 (0x00000913) x18 0x00000000
core   0: 0x80000418 (0xfff00893) li      a7, -1
core   0: 3 0x80000418 (0xfff00893) x17 0xffffffff
core   0: 0x8000041c (0x2e608913) addi    s2, ra, 742
core   0: 3 0x8000041c (0x2e608913) x18 0x000002e5
core   0: 0x80000420 (0x097e0213) addi    tp, t3, 151
core   0: 3 0x80000420 (0x097e0213) x 4 0x13e06010
core   0: 0x80000424 (0x00ce00b3) add     ra, t3, a2
core   0: 3 0x80000424 (0x00ce00b3) x 1 0x13e05f78
core   0: 0x80000428 (0x001e84b3) add     s1, t4, ra
core   0: 3 0x80000428 (0x001e84b3) x 9 0x13e05f77
core   0: 0x8000042c (0x00000013) nop
core   0: 3 0x8000042c (0x00000013)
core   0: 0x80000430 (0x00000013) nop
core   0: 3 0x80000430 (0x00000013)
core   0: 0x80000434 (0x40490933) sub     s2, s2, tp
core   0: 3 0x80000434 (0x40490933) x18 0xec1fa2d5
core   0: 0x80000438 (0x01d20933) add     s2, tp, t4
core   0: 3 0x80000438 (0x01d20933) x18 0x13e0600f
core   0: 0x8000043c (0xad628293) addi    t0, t0, -1322
core   0: 3 0x8000043c (0xad628293) x 5 0x7ffffad6
core   0: 0x80000440 (0x3d3e8c13) addi    s8, t4, 979
core   0: 3 0x80000440 (0x3d3e8c13) x24 0x000003d2
core   0: 0x80000444 (0x00000013) nop
core   0: 3 0x80000444 (0x00000013)
core   0: 0x80000448 (0xb6ab6637) lui     a2, 0xb6ab6
core   0: 3 0x80000448 (0xb6ab6637) x12 0xb6ab6000
core   0: 0x8000044c (0x411c0933) sub     s2, s8, a7
core   0: 3 0x8000044c (0x411c0933) x18 0x000003d3
core   0: 0x80000450 (0x00000013) nop
core   0: 3 0x80000450 (0x00000013)
core   0: 0x80000454 (0x01828633) add     a2, t0, s8
core   0: 3 0x80000454 (0x01828633) x12 0x7ffffea8
core   0: 0x80000458 (0x9b1e1e37) lui     t3, 0x9b1e1
core   0: 3 0x80000458 (0x9b1e1e37) x28 0x9b1e1000
core   0: 0x8000045c (0xe4290493) addi    s1, s2, -446
core   0: 3 0x8000045c (0xe4290493) x 9 0x00000215
core   0: 0x80000460 (0xf3d3de97) auipc   t4, 0xf3d3d
core   0: 3 0x80000460 (0xf3d3de97) x29 0x73d3d460
core   0: 0x80000464 (0x940522b7) lui     t0, 0x94052
core   0: 3 0x80000464 (0x940522b7) x 5 0x94052000
core   0: 0x80000468 (0x24148c13) addi    s8, s1, 577
core   0: 3 0x80000468 (0x24148c13) x24 0x00000456
core   0: 0x8000046c (0x3b669e37) lui     t3, 0x3b669
core   0: 3 0x8000046c (0x3b669e37) x28 0x3b669000
core   0: 0x80000470 (0xe5055637) lui     a2, 0xe5055
core   0: 3 0x80000470 (0xe5055637) x12 0xe5055000
core   0: 0x80000474 (0xc02aecb7) lui     s9, 0xc02ae
core   0: 3 0x80000474 (0xc02aecb7) x25 0xc02ae000
core   0: 0x80000478 (0xb67c8c93) addi    s9, s9, -1177
core   0: 3 0x80000478 (0xb67c8c93) x25 0xc02adb67
core   0: 0x8000047c (0x9876fd37) lui     s10, 0x9876f
core   0: 3 0x8000047c (0x9876fd37) x26 0x9876f000
core   0: 0x80000480 (0x324d0d13) addi    s10, s10, 804
core   0: 3 0x80000480 (0x324d0d13) x26 0x9876f324
core   0: 0x80000484 (0x80000637) lui     a2, 0x80000
core   0: 3 0x80000484 (0x80000637) x12 0x80000000
core   0: 0x80000488 (0x00000893) li      a7, 0
core   0: 3 0x80000488 (0x00000893) x17 0x00000000
core   0: 0x8000048c (0x80000eb7) lui     t4, 0x80000
core   0: 3 0x8000048c (0x80000eb7) x29 0x80000000
core   0: 0x80000490 (0x80000537) lui     a0, 0x80000
core   0: 3 0x80000490 (0x80000537) x10 0x80000000
core   0: 0x80000494 (0xef18db37) lui     s6, 0xef18d
core   0: 3 0x80000494 (0xef18db37) x22 0xef18d000
core   0: 0x80000498 (0xe29b0b13) addi    s6, s6, -471
core   0: 3 0x80000498 (0xe29b0b13) x22 0xef18ce29
core   0: 0x8000049c (0x00000213) li      tp, 0
core   0: 3 0x8000049c (0x00000213) x 4 0x00000000
core   0: 0x800004a0 (0x00000493) li      s1, 0
core   0: 3 0x800004a0 (0x00000493) x 9 0x00000000
core   0: 0x800004a4 (0xaf668437) lui     s0, 0xaf668
core   0: 3 0x800004a4 (0xaf668437) x 8 0xaf668000
core   0: 0x800004a8 (0x80c40413) addi    s0, s0, -2036
core   0: 3 0x800004a8 (0x80c40413) x 8 0xaf66780c
core   0: 0x800004ac (0x0c60bd17) auipc   s10, 0xc60b
core   0: 3 0x800004ac (0x0c60bd17) x26 0x8c60b4ac
core   0: 0x800004b0 (0xcf248e93) addi    t4, s1, -782
core   0: 3 0x800004b0 (0xcf248e93) x29 0xfffffcf2
core   0: 0x800004b4 (0x404e8eb3) sub     t4, t4, tp
core   0: 3 0x800004b4 (0x404e8eb3) x29 0xfffffcf2
core   0: 0x800004b8 (0x00000013) nop
core   0: 3 0x800004b8 (0x00000013)
core   0: 0x800004bc (0x41a204b3) sub     s1, tp, s10
core   0: 3 0x800004bc (0x41a204b3) x 9 0x739f4b54
core   0: 0x800004c0 (0xcf560413) addi    s0, a2, -779
core   0: 3 0x800004c0 (0xcf560413) x 8 0x7ffffcf5
core   0: 0x800004c4 (0xfa9d18b7) lui     a7, 0xfa9d1
core   0: 3 0x800004c4 (0xfa9d18b7) x17 0xfa9d1000
core   0: 0x800004c8 (0x019e8d33) add     s10, t4, s9
core   0: 3 0x800004c8 (0x019e8d33) x26 0xc02ad859
core   0: 0x800004cc (0x00a40233) add     tp, s0, a0
core   0: 3 0x800004cc (0x00a40233) x 4 0xfffffcf5
core   0: 0x800004d0 (0x00000013) nop
core   0: 3 0x800004d0 (0x00000013)
core   0: 0x800004d4 (0xae29fe97) auipc   t4, 0xae29f
core   0: 3 0x800004d4 (0xae29fe97) x29 0x2e29f4d4
core   0: 0x800004d8 (0x36e79217) auipc   tp, 0x36e79
core   0: 3 0x800004d8 (0x36e79217) x 4 0xb6e794d8
core   0: 0x800004dc (0xbdecc637) lui     a2, 0xbdecc
core   0: 3 0x800004dc (0xbdecc637) x12 0xbdecc000
core   0: 0x800004e0 (0x408e8d33) sub     s10, t4, s0
core   0: 3 0x800004e0 (0x408e8d33) x26 0xae29f7df
core   0: 0x800004e4 (0x004d0533) add     a0, s10, tp
core   0: 3 0x800004e4 (0x004d0533) x10 0x65118cb7
core   0: 0x800004e8 (0x01d20d33) add     s10, tp, t4
core   0: 3 0x800004e8 (0x01d20d33) x26 0xe51189ac
core   0: 0x800004ec (0x00000a13) li      s4, 0
core   0: 3 0x800004ec (0x00000a13) x20 0x00000000
core   0: 0x800004f0 (0xb434dab7) lui     s5, 0xb434d
core   0: 3 0x800004f0 (0xb434dab7) x21 0xb434d000
core   0: 0x800004f4 (0x89fa8a93) addi    s5, s5, -1889
core   0: 3 0x800004f4 (0x89fa8a93) x21 0xb434c89f
core   0: 0x800004f8 (0x83b443b7) lui     t2, 0x83b44
core   0: 3 0x800004f8 (0x83b443b7) x 7 0x83b44000
core   0: 0x800004fc (0x73838393) addi    t2, t2, 1848
core   0: 3 0x800004fc (0x73838393) x 7 0x83b44738
core   0: 0x80000500 (0x8f98ccb7) lui     s9, 0x8f98c
core   0: 3 0x80000500 (0x8f98ccb7) x25 0x8f98c000
core   0: 0x80000504 (0xf4ec8c93) addi    s9, s9, -178
core   0: 3 0x80000504 (0xf4ec8c93) x25 0x8f98bf4e
core   0: 0x80000508 (0x800001b7) lui     gp, 0x80000
core   0: 3 0x80000508 (0x800001b7) x 3 0x80000000
core   0: 0x8000050c (0x00000993) li      s3, 0
core   0: 3 0x8000050c (0x00000993) x19 0x00000000
core   0: 0x80000510 (0x80000f37) lui     t5, 0x80000
core   0: 3 0x80000510 (0x80000f37) x30 0x80000000
core   0: 0x80000514 (0x9bb6e6b7) lui     a3, 0x9bb6e
core   0: 3 0x80000514 (0x9bb6e6b7) x13 0x9bb6e000
core   0: 0x80000518 (0x5ad68693) addi    a3, a3, 1453
core   0: 3 0x80000518 (0x5ad68693) x13 0x9bb6e5ad
core   0: 0x8000051c (0x00000113) li      sp, 0
core   0: 3 0x8000051c (0x00000113) x 2 0x00000000
core   0: 0x80000520 (0x00000d93) li      s11, 0
core   0: 3 0x80000520 (0x00000d93) x27 0x00000000
core   0: 0x80000524 (0x00000013) nop
core   0: 3 0x80000524 (0x00000013)
core   0: 0x80000528 (0x00000013) nop
core   0: 3 0x80000528 (0x00000013)
core   0: 0x8000052c (0xacc61197) auipc   gp, 0xacc61
core   0: 3 0x8000052c (0xacc61197) x 3 0x2cc6152c
core   0: 0x80000530 (0x2c399c97) auipc   s9, 0x2c399
core   0: 3 0x80000530 (0x2c399c97) x25 0xac399530
core   0: 0x80000534 (0x002c8133) add     sp, s9, sp
core   0: 3 0x80000534 (0x002c8133) x 2 0xac399530
core   0: 0x80000538 (0x00000013) nop
core   0: 3 0x80000538 (0x00000013)
core   0: 0x8000053c (0x00df09b3) add     s3, t5, a3
core   0: 3 0x8000053c (0x00df09b3) x19 0x1bb6e5ad
core   0: 0x80000540 (0x00000013) nop
core   0: 3 0x80000540 (0x00000013)
core   0: 0x80000544 (0x79ffa9b7) lui     s3, 0x79ffa
core   0: 3 0x80000544 (0x79ffa9b7) x19 0x79ffa000
core   0: 0x80000548 (0x00000013) nop
core   0: 3 0x80000548 (0x00000013)
core   0: 0x8000054c (0x20af0a93) addi    s5, t5, 522
core   0: 3 0x8000054c (0x20af0a93) x21 0x8000020a
core   0: 0x80000550 (0x40d68db3) sub     s11, a3, a3
core   0: 3 0x80000550 (0x40d68db3) x27 0x00000000
core   0: 0x80000554 (0x05cf0997) auipc   s3, 0x5cf0
core   0: 3 0x80000554 (0x05cf0997) x19 0x85cf0554
core   0: 0x80000558 (0x24405cb7) lui     s9, 0x24405
core   0: 3 0x80000558 (0x24405cb7) x25 0x24405000
core   0: 0x8000055c (0x609c3f37) lui     t5, 0x609c3
core   0: 3 0x8000055c (0x609c3f37) x30 0x609c3000
core   0: 0x80000560 (0x23b38393) addi    t2, t2, 571
core   0: 3 0x80000560 (0x23b38393) x 7 0x83b44973
core   0: 0x80000564 (0x00000013) nop
core   0: 3 0x80000564 (0x00000013)
core   0: 0x80000568 (0x419a0cb3) sub     s9, s4, s9
core   0: 3 0x80000568 (0x419a0cb3) x25 0xdbbfb000
core   0: 0x8000056c (0x419386b3) sub     a3, t2, s9
core   0: 3 0x8000056c (0x419386b3) x13 0xa7f49973
core   0: 0x80000570 (0x00000013) nop
core   0: 3 0x80000570 (0x00000013)
core   0: 0x80000574 (0xf4ad8113) addi    sp, s11, -182
core   0: 3 0x80000574 (0xf4ad8113) x 2 0xffffff4a
core   0: 0x80000578 (0x00000013) nop
core   0: 3 0x80000578 (0x00000013)
core   0: 0x8000057c (0x88c6d3b7) lui     t2, 0x88c6d
core   0: 3 0x8000057c (0x88c6d3b7) x 7 0x88c6d000
core   0: 0x80000580 (0x17c38393) addi    t2, t2, 380
core   0: 3 0x80000580 (0x17c38393) x 7 0x88c6d17c
core   0: 0x80000584 (0x00000213) li      tp, 0
core   0: 3 0x80000584 (0x00000213) x 4 0x00000000
core   0: 0x80000588 (0x00000b93) li      s7, 0
core   0: 3 0x80000588 (0x00000b93) x23 0x00000000
core   0: 0x8000058c (0xfff00093) li      ra, -1
core   0: 3 0x8000058c (0xfff00093) x 1 0xffffffff
core   0: 0x80000590 (0xfff00993) li      s3, -1
core   0: 3 0x80000590 (0xfff00993) x19 0xffffffff
core   0: 0x80000594 (0xfff00113) li      sp, -1
core   0: 3 0x80000594 (0xfff00113) x 2 0xffffffff
core   0: 0x80000598 (0x00000693) li      a3, 0
core   0: 3 0x80000598 (0x00000693) x13 0x00000000
core   0: 0x8000059c (0xfff00d93) li      s11, -1
core   0: 3 0x8000059c (0xfff00d93) x27 0xffffffff
core   0: 0x800005a0 (0x80000ab7) lui     s5, 0x80000
core   0: 3 0x800005a0 (0x80000ab7) x21 0x80000000
core   0: 0x800005a4 (0x00000893) li      a7, 0
core   0: 3 0x800005a4 (0x00000893) x17 0x00000000
core   0: 0x800005a8 (0xa8788393) addi    t2, a7, -1401
core   0: 3 0x800005a8 (0xa8788393) x 7 0xfffffa87
core   0: 0x800005ac (0x00000013) nop
core   0: 3 0x800005ac (0x00000013)
core   0: 0x800005b0 (0x00000013) nop
core   0: 3 0x800005b0 (0x00000013)
core   0: 0x800005b4 (0x5656c697) auipc   a3, 0x5656c
core   0: 3 0x800005b4 (0x5656c697) x13 0xd656c5b4
core   0: 0x800005b8 (0x1a0876b7) lui     a3, 0x1a087
core   0: 3 0x800005b8 (0x1a0876b7) x13 0x1a087000
core   0: 0x800005bc (0x00000013) nop
core   0: 3 0x800005bc (0x00000013)
core   0: 0x800005c0 (0x01338133) add     sp, t2, s3
core   0: 3 0x800005c0 (0x01338133) x 2 0xfffffa86
core   0: 0x800005c4 (0x00108133) add     sp, ra, ra
core   0: 3 0x800005c4 (0x00108133) x 2 0xfffffffe
core   0: 0x800005c8 (0xf1c28137) lui     sp, 0xf1c28
core   0: 3 0x800005c8 (0xf1c28137) x 2 0xf1c28000
core   0: 0x800005cc (0x98c950b7) lui     ra, 0x98c95
core   0: 3 0x800005cc (0x98c950b7) x 1 0x98c95000
core   0: 0x800005d0 (0xd600aa97) auipc   s5, 0xd600a
core   0: 3 0x800005d0 (0xd600aa97) x21 0x5600a5d0
core   0: 0x800005d4 (0xb97acd97) auipc   s11, 0xb97ac
core   0: 3 0x800005d4 (0xb97acd97) x27 0x397ac5d4
core   0: 0x800005d8 (0x013208b3) add     a7, tp, s3
core   0: 3 0x800005d8 (0x013208b3) x17 0xffffffff
core   0: 0x800005dc (0x045a8693) addi    a3, s5, 69
core   0: 3 0x800005dc (0x045a8693) x13 0x5600a615
core   0: 0x800005e0 (0x00000013) nop
core   0: 3 0x800005e0 (0x00000013)
core   0: 0x800005e4 (0x27bb06b7) lui     a3, 0x27bb0
core   0: 3 0x800005e4 (0x27bb06b7) x13 0x27bb0000
core   0: 0x800005e8 (0x00468233) add     tp, a3, tp
core   0: 3 0x800005e8 (0x00468233) x 4 0x27bb0000
core   0: 0x800005ec (0x981f2217) auipc   tp, 0x981f2
core   0: 3 0x800005ec (0x981f2217) x 4 0x181f25ec
core   0: 0x800005f0 (0x41710133) sub     sp, sp, s7
core   0: 3 0x800005f0 (0x41710133) x 2 0xf1c28000
core   0: 0x800005f4 (0x00788db3) add     s11, a7, t2
core   0: 3 0x800005f4 (0x00788db3) x27 0xfffffa86
core   0: 0x800005f8 (0x9b3d8993) addi    s3, s11, -1613
core   0: 3 0x800005f8 (0x9b3d8993) x19 0xfffff439
core   0: 0x800005fc (0x007208b3) add     a7, tp, t2
core   0: 3 0x800005fc (0x007208b3) x17 0x181f2073
core   0: 0x80000600 (0xb09328b7) lui     a7, 0xb0932
core   0: 3 0x80000600 (0xb09328b7) x17 0xb0932000
core   0: 0x80000604 (0x9571b237) lui     tp, 0x9571b
core   0: 3 0x80000604 (0x9571b237) x 4 0x9571b000
core   0: 0x80000608 (0x00000013) nop
core   0: 3 0x80000608 (0x00000013)
core   0: 0x8000060c (0x3c6e36b7) lui     a3, 0x3c6e3
core   0: 3 0x8000060c (0x3c6e36b7) x13 0x3c6e3000
core   0: 0x80000610 (0xebcb8437) lui     s0, 0xebcb8
core   0: 3 0x80000610 (0xebcb8437) x 8 0xebcb8000
core   0: 0x80000614 (0x22940413) addi    s0, s0, 553
core   0: 3 0x80000614 (0x22940413) x 8 0xebcb8229
core   0: 0x80000618 (0xfff00093) li      ra, -1
core   0: 3 0x80000618 (0xfff00093) x 1 0xffffffff
core   0: 0x8000061c (0x80000137) lui     sp, 0x80000
core   0: 3 0x8000061c (0x80000137) x 2 0x80000000
core   0: 0x80000620 (0x00000593) li      a1, 0
core   0: 3 0x80000620 (0x00000593) x11 0x00000000
core   0: 0x80000624 (0xc945b637) lui     a2, 0xc945b
core   0: 3 0x80000624 (0xc945b637) x12 0xc945b000
core   0: 0x80000628 (0x19d60613) addi    a2, a2, 413
core   0: 3 0x80000628 (0x19d60613) x12 0xc945b19d
core   0: 0x8000062c (0x00000693) li      a3, 0
core   0: 3 0x8000062c (0x00000693) x13 0x00000000
core   0: 0x80000630 (0x0aa0d837) lui     a6, 0xaa0d
core   0: 3 0x80000630 (0x0aa0d837) x16 0x0aa0d000
core   0: 0x80000634 (0xe4f80813) addi    a6, a6, -433
core   0: 3 0x80000634 (0xe4f80813) x16 0x0aa0ce4f
core   0: 0x80000638 (0x80cd1db7) lui     s11, 0x80cd1
core   0: 3 0x80000638 (0x80cd1db7) x27 0x80cd1000
core   0: 0x8000063c (0xabfd8d93) addi    s11, s11, -1345
core   0: 3 0x8000063c (0xabfd8d93) x27 0x80cd0abf
core   0: 0x80000640 (0xfff00993) li      s3, -1
core   0: 3 0x80000640 (0xfff00993) x19 0xffffffff
core   0: 0x80000644 (0xbd2dd237) lui     tp, 0xbd2dd
core   0: 3 0x80000644 (0xbd2dd237) x 4 0xbd2dd000
core   0: 0x80000648 (0x54d20213) addi    tp, tp, 1357
core   0: 3 0x80000648 (0x54d20213) x 4 0xbd2dd54d
core   0: 0x8000064c (0x413d8db3) sub     s11, s11, s3
core   0: 3 0x8000064c (0x413d8db3) x27 0x80cd0ac0
core   0: 0x80000650 (0x0ec20697) auipc   a3, 0xec20
core   0: 3 0x80000650 (0x0ec20697) x13 0x8ec20650
core   0: 0x80000654 (0x00000013) nop
core   0: 3 0x80000654 (0x00000013)
core   0: 0x80000658 (0x40880db3) sub     s11, a6, s0
core   0: 3 0x80000658 (0x40880db3) x27 0x1ed54c26
core   0: 0x8000065c (0x00000013) nop
core   0: 3 0x8000065c (0x00000013)
core   0: 0x80000660 (0x00000013) nop
core   0: 3 0x80000660 (0x00000013)
core   0: 0x80000664 (0x44458693) addi    a3, a1, 1092
core   0: 3 0x80000664 (0x44458693) x13 0x00000444
core   0: 0x80000668 (0x001205b3) add     a1, tp, ra
core   0: 3 0x80000668 (0x001205b3) x11 0xbd2dd54c
core   0: 0x8000066c (0x004200b3) add     ra, tp, tp
core   0: 3 0x8000066c (0x004200b3) x 1 0x7a5baa9a
core   0: 0x80000670 (0x00b98133) add     sp, s3, a1
core   0: 3 0x80000670 (0x00b98133) x 2 0xbd2dd54b
core   0: 0x80000674 (0x58235837) lui     a6, 0x58235
core   0: 3 0x80000674 (0x58235837) x16 0x58235000
core   0: 0x80000678 (0x5e00a417) auipc   s0, 0x5e00a
core   0: 3 0x80000678 (0x5e00a417) x 8 0xde00a678
core   0: 0x8000067c (0x40b10233) sub     tp, sp, a1
core   0: 3 0x8000067c (0x40b10233) x 4 0xffffffff
core   0: 0x80000680 (0x00000013) nop
core   0: 3 0x80000680 (0x00000013)
core   0: 0x80000684 (0x9718fd97) auipc   s11, 0x9718f
core   0: 3 0x80000684 (0x9718fd97) x27 0x1718f684
core   0: 0x80000688 (0x00000013) nop
core   0: 3 0x80000688 (0x00000013)
core   0: 0x8000068c (0xd85cf817) auipc   a6, 0xd85cf
core   0: 3 0x8000068c (0xd85cf817) x16 0x585cf68c
core   0: 0x80000690 (0x00000013) nop
core   0: 3 0x80000690 (0x00000013)
core   0: 0x80000694 (0x00000013) nop
core   0: 3 0x80000694 (0x00000013)
core   0: 0x80000698 (0x40b60433) sub     s0, a2, a1
core   0: 3 0x80000698 (0x40b60433) x 8 0x0c17dc51
core   0: 0x8000069c (0x22022417) auipc   s0, 0x22022
core   0: 3 0x8000069c (0x22022417) x 8 0xa202269c
core   0: 0x800006a0 (0x41320133) sub     sp, tp, s3
core   0: 3 0x800006a0 (0x41320133) x 2 0x00000000
core   0: 0x800006a4 (0x40468133) sub     sp, a3, tp
core   0: 3 0x800006a4 (0x40468133) x 2 0x00000445
core   0: 0x800006a8 (0xbc3c9637) lui     a2, 0xbc3c9
core   0: 3 0x800006a8 (0xbc3c9637) x12 0xbc3c9000
core   0: 0x800006ac (0xa0880993) addi    s3, a6, -1528
core   0: 3 0x800006ac (0xa0880993) x19 0x585cf094
core   0: 0x800006b0 (0x40c68413) addi    s0, a3, 1036
core   0: 3 0x800006b0 (0x40c68413) x 8 0x00000850
core   0: 0x800006b4 (0xdd768417) auipc   s0, 0xdd768
core   0: 3 0x800006b4 (0xdd768417) x 8 0x5d7686b4
core   0: 0x800006b8 (0x8f6ca697) auipc   a3, 0x8f6ca
core   0: 3 0x800006b8 (0x8f6ca697) x13 0x0f6ca6b8
core   0: 0x800006bc (0x0ccec137) lui     sp, 0xccec
core   0: 3 0x800006bc (0x0ccec137) x 2 0x0ccec000
core   0: 0x800006c0 (0x800000b7) lui     ra, 0x80000
core   0: 3 0x800006c0 (0x800000b7) x 1 0x80000000
core   0: 0x800006c4 (0xaa56c137) lui     sp, 0xaa56c
core   0: 3 0x800006c4 (0xaa56c137) x 2 0xaa56c000
core   0: 0x800006c8 (0x8e110113) addi    sp, sp, -1823
core   0: 3 0x800006c8 (0x8e110113) x 2 0xaa56b8e1
core   0: 0x800006cc (0xdc355237) lui     tp, 0xdc355
core   0: 3 0x800006cc (0xdc355237) x 4 0xdc355000
core   0: 0x800006d0 (0x05720213) addi    tp, tp, 87
core   0: 3 0x800006d0 (0x05720213) x 4 0xdc355057
core   0: 0x800006d4 (0x00000693) li      a3, 0
core   0: 3 0x800006d4 (0x00000693) x13 0x00000000
core   0: 0x800006d8 (0xfff00e13) li      t3, -1
core   0: 3 0x800006d8 (0xfff00e13) x28 0xffffffff
core   0: 0x800006dc (0xfff00313) li      t1, -1
core   0: 3 0x800006dc (0xfff00313) x 6 0xffffffff
core   0: 0x800006e0 (0x800001b7) lui     gp, 0x80000
core   0: 3 0x800006e0 (0x800001b7) x 3 0x80000000
core   0: 0x800006e4 (0xfff00993) li      s3, -1
core   0: 3 0x800006e4 (0xfff00993) x19 0xffffffff
core   0: 0x800006e8 (0x98e33eb7) lui     t4, 0x98e33
core   0: 3 0x800006e8 (0x98e33eb7) x29 0x98e33000
core   0: 0x800006ec (0xf40e8e93) addi    t4, t4, -192
core   0: 3 0x800006ec (0xf40e8e93) x29 0x98e32f40
core   0: 0x800006f0 (0xfff00f13) li      t5, -1
core   0: 3 0x800006f0 (0xfff00f13) x30 0xffffffff
core   0: 0x800006f4 (0x40e85117) auipc   sp, 0x40e85
core   0: 3 0x800006f4 (0x40e85117) x 2 0xc0e856f4
core   0: 0x800006f8 (0x0da0d117) auipc   sp, 0xda0d
core   0: 3 0x800006f8 (0x0da0d117) x 2 0x8da0d6f8
core   0: 0x800006fc (0x60b10e13) addi    t3, sp, 1547
core   0: 3 0x800006fc (0x60b10e13) x28 0x8da0dd03
core   0: 0x80000700 (0x576ebf17) auipc   t5, 0x576eb
core   0: 3 0x80000700 (0x576ebf17) x30 0xd76eb700
core   0: 0x80000704 (0x40410333) sub     t1, sp, tp
core   0: 3 0x80000704 (0x40410333) x 6 0xb16b86a1
core   0: 0x80000708 (0xf47c0e17) auipc   t3, 0xf47c0
core   0: 3 0x80000708 (0xf47c0e17) x28 0x747c0708
core   0: 0x8000070c (0x402100b3) sub     ra, sp, sp
core   0: 3 0x8000070c (0x402100b3) x 1 0x00000000
core   0: 0x80000710 (0x88ecc697) auipc   a3, 0x88ecc
core   0: 3 0x80000710 (0x88ecc697) x13 0x08ecc710
core   0: 0x80000714 (0x41d086b3) sub     a3, ra, t4
core   0: 3 0x80000714 (0x41d086b3) x13 0x671cd0c0
core   0: 0x80000718 (0xcf5e5337) lui     t1, 0xcf5e5
core   0: 3 0x80000718 (0xcf5e5337) x 6 0xcf5e5000
core   0: 0x8000071c (0x47772117) auipc   sp, 0x47772
core   0: 3 0x8000071c (0x47772117) x 2 0xc777271c
core   0: 0x80000720 (0x00000013) nop
core   0: 3 0x80000720 (0x00000013)
core   0: 0x80000724 (0x00000013) nop
core   0: 3 0x80000724 (0x00000013)
core   0: 0x80000728 (0xff7e2f37) lui     t5, 0xff7e2
core   0: 3 0x80000728 (0xff7e2f37) x30 0xff7e2000
core   0: 0x8000072c (0xe70849b7) lui     s3, 0xe7084
core   0: 3 0x8000072c (0xe70849b7) x19 0xe7084000
core   0: 0x80000730 (0x402eef17) auipc   t5, 0x402ee
core   0: 3 0x80000730 (0x402eef17) x30 0xc02ee730
core   0: 0x80000734 (0xbcc89117) auipc   sp, 0xbcc89
core   0: 3 0x80000734 (0xbcc89117) x 2 0x3cc89734
core   0: 0x80000738 (0x00d20133) add     sp, tp, a3
core   0: 3 0x80000738 (0x00d20133) x 2 0x43522117
core   0: 0x8000073c (0x006186b3) add     a3, gp, t1
core   0: 3 0x8000073c (0x006186b3) x13 0x4f5e5000
core   0: 0x80000740 (0x2cfa8237) lui     tp, 0x2cfa8
core   0: 3 0x80000740 (0x2cfa8237) x 4 0x2cfa8000
core   0: 0x80000744 (0xd1c98093) addi    ra, s3, -740
core   0: 3 0x80000744 (0xd1c98093) x 1 0xe7083d1c
core   0: 0x80000748 (0x00000013) nop
core   0: 3 0x80000748 (0x00000013)
core   0: 0x8000074c (0x413f01b3) sub     gp, t5, s3
core   0: 3 0x8000074c (0x413f01b3) x 3 0xd926a730
core   0: 0x80000750 (0xda989697) auipc   a3, 0xda989
core   0: 3 0x80000750 (0xda989697) x13 0x5a989750
core   0: 0x80000754 (0x40410133) sub     sp, sp, tp
core   0: 3 0x80000754 (0x40410133) x 2 0x1657a117
core   0: 0x80000758 (0x00000013) nop
core   0: 3 0x80000758 (0x00000013)
core   0: 0x8000075c (0x41d10e33) sub     t3, sp, t4
core   0: 3 0x8000075c (0x41d10e33) x28 0x7d7471d7
core   0: 0x80000760 (0x00000013) nop
core   0: 3 0x80000760 (0x00000013)
core   0: 0x80000764 (0x01e68eb3) add     t4, a3, t5
core   0: 3 0x80000764 (0x01e68eb3) x29 0x1ac77e80
core   0: 0x80000768 (0x9f7e0993) addi    s3, t3, -1545
core   0: 3 0x80000768 (0x9f7e0993) x19 0x7d746bce
core   0: 0x8000076c (0xfff00413) li      s0, -1
core   0: 3 0x8000076c (0xfff00413) x 8 0xffffffff
core   0: 0x80000770 (0x9b65d637) lui     a2, 0x9b65d
core   0: 3 0x80000770 (0x9b65d637) x12 0x9b65d000
core   0: 0x80000774 (0x01060613) addi    a2, a2, 16
core   0: 3 0x80000774 (0x01060613) x12 0x9b65d010
core   0: 0x80000778 (0x80000cb7) lui     s9, 0x80000
core   0: 3 0x80000778 (0x80000cb7) x25 0x80000000
core   0: 0x8000077c (0xfff00c13) li      s8, -1
core   0: 3 0x8000077c (0xfff00c13) x24 0xffffffff
core   0: 0x80000780 (0x4a7ff9b7) lui     s3, 0x4a7ff
core   0: 3 0x80000780 (0x4a7ff9b7) x19 0x4a7ff000
core   0: 0x80000784 (0xeb898993) addi    s3, s3, -328
core   0: 3 0x80000784 (0xeb898993) x19 0x4a7feeb8
core   0: 0x80000788 (0x800005b7) lui     a1, 0x80000
core   0: 3 0x80000788 (0x800005b7) x11 0x80000000
core   0: 0x8000078c (0x80000ab7) lui     s5, 0x80000
core   0: 3 0x8000078c (0x80000ab7) x21 0x80000000
core   0: 0x80000790 (0x00000313) li      t1, 0
core   0: 3 0x80000790 (0x00000313) x 6 0x00000000
core   0: 0x80000794 (0x6a73f3b7) lui     t2, 0x6a73f
core   0: 3 0x80000794 (0x6a73f3b7) x 7 0x6a73f000
core   0: 0x80000798 (0xd0e38393) addi    t2, t2, -754
core   0: 3 0x80000798 (0xd0e38393) x 7 0x6a73ed0e
core   0: 0x8000079c (0xfff00d13) li      s10, -1
core   0: 3 0x8000079c (0xfff00d13) x26 0xffffffff
core   0: 0x800007a0 (0x01958c33) add     s8, a1, s9
core   0: 3 0x800007a0 (0x01958c33) x24 0x00000000
core   0: 0x800007a4 (0x00638633) add     a2, t2, t1
core   0: 3 0x800007a4 (0x00638633) x12 0x6a73ed0e
core   0: 0x800007a8 (0xf2b07d17) auipc   s10, 0xf2b07
core   0: 3 0x800007a8 (0xf2b07d17) x26 0x72b077a8
core   0: 0x800007ac (0x62260c93) addi    s9, a2, 1570
core   0: 3 0x800007ac (0x62260c93) x25 0x6a73f330
core   0: 0x800007b0 (0x01d1d317) auipc   t1, 0x1d1d
core   0: 3 0x800007b0 (0x01d1d317) x 6 0x81d1d7b0
core   0: 0x800007b4 (0x05c9a637) lui     a2, 0x5c9a
core   0: 3 0x800007b4 (0x05c9a637) x12 0x05c9a000
core   0: 0x800007b8 (0x00cd0ab3) add     s5, s10, a2
core   0: 3 0x800007b8 (0x00cd0ab3) x21 0x787a17a8
core   0: 0x800007bc (0x8405c437) lui     s0, 0x8405c
core   0: 3 0x800007bc (0x8405c437) x 8 0x8405c000
core   0: 0x800007c0 (0x76f4e397) auipc   t2, 0x76f4e
core   0: 3 0x800007c0 (0x76f4e397) x 7 0xf6f4e7c0
core   0: 0x800007c4 (0xbfa41397) auipc   t2, 0xbfa41
core   0: 3 0x800007c4 (0xbfa41397) x 7 0x3fa417c4
core   0: 0x800007c8 (0x30058c93) addi    s9, a1, 768
core   0: 3 0x800007c8 (0x30058c93) x25 0x80000300
core   0: 0x800007cc (0x41840333) sub     t1, s0, s8
core   0: 3 0x800007cc (0x41840333) x 6 0x8405c000
core   0: 0x800007d0 (0x7ff30413) addi    s0, t1, 2047
core   0: 3 0x800007d0 (0x7ff30413) x 8 0x8405c7ff
core   0: 0x800007d4 (0x01960333) add     t1, a2, s9
core   0: 3 0x800007d4 (0x01960333) x 6 0x85c9a300
core   0: 0x800007d8 (0x0e160393) addi    t2, a2, 225
core   0: 3 0x800007d8 (0x0e160393) x 7 0x05c9a0e1
core   0: 0x800007dc (0x00000013) nop
core   0: 3 0x800007dc (0x00000013)
core   0: 0x800007e0 (0xfff58637) lui     a2, 0xfff58
core   0: 3 0x800007e0 (0xfff58637) x12 0xfff58000
core   0: 0x800007e4 (0x21060613) addi    a2, a2, 528
core   0: 3 0x800007e4 (0x21060613) x12 0xfff58210
core   0: 0x800007e8 (0xfff00a13) li      s4, -1
core   0: 3 0x800007e8 (0xfff00a13) x20 0xffffffff
core   0: 0x800007ec (0xedcceeb7) lui     t4, 0xedcce
core   0: 3 0x800007ec (0xedcceeb7) x29 0xedcce000
core   0: 0x800007f0 (0x660e8e93) addi    t4, t4, 1632
core   0: 3 0x800007f0 (0x660e8e93) x29 0xedcce660
core   0: 0x800007f4 (0x80000db7) lui     s11, 0x80000
core   0: 3 0x800007f4 (0x80000db7) x27 0x80000000
core   0: 0x800007f8 (0x00000993) li      s3, 0
core   0: 3 0x800007f8 (0x00000993) x19 0x00000000
core   0: 0x800007fc (0x00000593) li      a1, 0
core   0: 3 0x800007fc (0x00000593) x11 0x00000000
core   0: 0x80000800 (0x00000e13) li      t3, 0
core   0: 3 0x80000800 (0x00000e13) x28 0x00000000
core   0: 0x80000804 (0x00000413) li      s0, 0
core   0: 3 0x80000804 (0x00000413) x 8 0x00000000
core   0: 0x80000808 (0x80000cb7) lui     s9, 0x80000
core   0: 3 0x80000808 (0x80000cb7) x25 0x80000000
core   0: 0x8000080c (0x00000813) li      a6, 0
core   0: 3 0x8000080c (0x00000813) x16 0x00000000
core   0: 0x80000810 (0x41ce8833) sub     a6, t4, t3
core   0: 3 0x80000810 (0x41ce8833) x16 0xedcce660
core   0: 0x80000814 (0x9fee9997) auipc   s3, 0x9fee9
core   0: 3 0x80000814 (0x9fee9997) x19 0x1fee9814
core   0: 0x80000818 (0x00000013) nop
core   0: 3 0x80000818 (0x00000013)
core   0: 0x8000081c (0xe51289b7) lui     s3, 0xe5128
core   0: 3 0x8000081c (0xe51289b7) x19 0xe5128000
core   0: 0x80000820 (0x413a0833) sub     a6, s4, s3
core   0: 3 0x80000820 (0x413a0833) x16 0x1aed7fff
core   0: 0x80000824 (0x41b809b3) sub     s3, a6, s11
core   0: 3 0x80000824 (0x41b809b3) x19 0x9aed7fff
core   0: 0x80000828 (0x73486417) auipc   s0, 0x73486
core   0: 3 0x80000828 (0x73486417) x 8 0xf3486828
core   0: 0x8000082c (0x00000013) nop
core   0: 3 0x8000082c (0x00000013)
core   0: 0x80000830 (0x7e8a0813) addi    a6, s4, 2024
core   0: 3 0x80000830 (0x7e8a0813) x16 0x000007e7
core   0: 0x80000834 (0x5a53a5b7) lui     a1, 0x5a53a
core   0: 3 0x80000834 (0x5a53a5b7) x11 0x5a53a000
core   0: 0x80000838 (0x2ee5e597) auipc   a1, 0x2ee5e
core   0: 3 0x80000838 (0x2ee5e597) x11 0xaee5e838
core   0: 0x8000083c (0x41080433) sub     s0, a6, a6
core   0: 3 0x8000083c (0x41080433) x 8 0x00000000
core   0: 0x80000840 (0x413a0cb3) sub     s9, s4, s3
core   0: 3 0x80000840 (0x413a0cb3) x25 0x65128000
core   0: 0x80000844 (0x34f46a37) lui     s4, 0x34f46
core   0: 3 0x80000844 (0x34f46a37) x20 0x34f46000
core   0: 0x80000848 (0x40c409b3) sub     s3, s0, a2
core   0: 3 0x80000848 (0x40c409b3) x19 0x000a7df0
core   0: 0x8000084c (0x356a0d93) addi    s11, s4, 854
core   0: 3 0x8000084c (0x356a0d93) x27 0x34f46356
core   0: 0x80000850 (0x40c98433) sub     s0, s3, a2
core   0: 3 0x80000850 (0x40c98433) x 8 0x0014fbe0
core   0: 0x80000854 (0x62d0ee97) auipc   t4, 0x62d0e
core   0: 3 0x80000854 (0x62d0ee97) x29 0xe2d0e854
core   0: 0x80000858 (0x00000913) li      s2, 0
core   0: 3 0x80000858 (0x00000913) x18 0x00000000
core   0: 0x8000085c (0xa79762b7) lui     t0, 0xa7976
core   0: 3 0x8000085c (0xa79762b7) x 5 0xa7976000
core   0: 0x80000860 (0xdaa28293) addi    t0, t0, -598
core   0: 3 0x80000860 (0xdaa28293) x 5 0xa7975daa
core   0: 0x80000864 (0x6d1780b7) lui     ra, 0x6d178
core   0: 3 0x80000864 (0x6d1780b7) x 1 0x6d178000
core   0: 0x80000868 (0xe0408093) addi    ra, ra, -508
core   0: 3 0x80000868 (0xe0408093) x 1 0x6d177e04
core   0: 0x8000086c (0x00000593) li      a1, 0
core   0: 3 0x8000086c (0x00000593) x11 0x00000000
core   0: 0x80000870 (0x80000437) lui     s0, 0x80000
core   0: 3 0x80000870 (0x80000437) x 8 0x80000000
core   0: 0x80000874 (0xfff00e13) li      t3, -1
core   0: 3 0x80000874 (0xfff00e13) x28 0xffffffff
core   0: 0x80000878 (0x00000f13) li      t5, 0
core   0: 3 0x80000878 (0x00000f13) x30 0x00000000
core   0: 0x8000087c (0x80000eb7) lui     t4, 0x80000
core   0: 3 0x8000087c (0x80000eb7) x29 0x80000000
core   0: 0x80000880 (0x80000237) lui     tp, 0x80000
core   0: 3 0x80000880 (0x80000237) x 4 0x80000000
core   0: 0x80000884 (0x00000b13) li      s6, 0
core   0: 3 0x80000884 (0x00000b13) x22 0x00000000
core   0: 0x80000888 (0x37890e13) addi    t3, s2, 888
core   0: 3 0x80000888 (0x37890e13) x28 0x00000378
core   0: 0x8000088c (0x794ed597) auipc   a1, 0x794ed
core   0: 3 0x8000088c (0x794ed597) x11 0xf94ed88c
core   0: 0x80000890 (0x401205b3) sub     a1, tp, ra
core   0: 3 0x80000890 (0x401205b3) x11 0x12e881fc
core   0: 0x80000894 (0x01608eb3) add     t4, ra, s6
core   0: 3 0x80000894 (0x01608eb3) x29 0x6d177e04
core   0: 0x80000898 (0x01220933) add     s2, tp, s2
core   0: 3 0x80000898 (0x01220933) x18 0x80000000
core   0: 0x8000089c (0x405e05b3) sub     a1, t3, t0
core   0: 3 0x8000089c (0x405e05b3) x11 0x5868a5ce
core   0: 0x800008a0 (0x01d28433) add     s0, t0, t4
core   0: 3 0x800008a0 (0x01d28433) x 8 0x14aedbae
core   0: 0x800008a4 (0x40b90eb3) sub     t4, s2, a1
core   0: 3 0x800008a4 (0x40b90eb3) x29 0x27975a32
core   0: 0x800008a8 (0x8c1d92b7) lui     t0, 0x8c1d9
core   0: 3 0x800008a8 (0x8c1d92b7) x 5 0x8c1d9000
core   0: 0x800008ac (0xe658f437) lui     s0, 0xe658f
core   0: 3 0x800008ac (0xe658f437) x 8 0xe658f000
core   0: 0x800008b0 (0x00000013) nop
core   0: 3 0x800008b0 (0x00000013)
core   0: 0x800008b4 (0x87999417) auipc   s0, 0x87999
core   0: 3 0x800008b4 (0x87999417) x 8 0x079998b4
core   0: 0x800008b8 (0x2cbc5f37) lui     t5, 0x2cbc5
core   0: 3 0x800008b8 (0x2cbc5f37) x30 0x2cbc5000
core   0: 0x800008bc (0x51713b37) lui     s6, 0x51713
core   0: 3 0x800008bc (0x51713b37) x22 0x51713000
core   0: 0x800008c0 (0x40bb0433) sub     s0, s6, a1
core   0: 3 0x800008c0 (0x40bb0433) x 8 0xf9088a32
core   0: 0x800008c4 (0xdc2f4237) lui     tp, 0xdc2f4
core   0: 3 0x800008c4 (0xdc2f4237) x 4 0xdc2f4000
core   0: 0x800008c8 (0xd54a6217) auipc   tp, 0xd54a6
core   0: 3 0x800008c8 (0xd54a6217) x 4 0x554a68c8
core   0: 0x800008cc (0x01d58933) add     s2, a1, t4
core   0: 3 0x800008cc (0x01d58933) x18 0x80000000
core   0: 0x800008d0 (0x00590933) add     s2, s2, t0
core   0: 3 0x800008d0 (0x00590933) x18 0x0c1d9000
core   0: 0x800008d4 (0x01c90433) add     s0, s2, t3
core   0: 3 0x800008d4 (0x01c90433) x 8 0x0c1d9378
core   0: 0x800008d8 (0x004585b3) add     a1, a1, tp
core   0: 3 0x800008d8 (0x004585b3) x11 0xadb30e96
core   0: 0x800008dc (0x00000013) nop
core   0: 3 0x800008dc (0x00000013)
core   0: 0x800008e0 (0x80000637) lui     a2, 0x80000
core   0: 3 0x800008e0 (0x80000637) x12 0x80000000
core   0: 0x800008e4 (0xfff00e93) li      t4, -1
core   0: 3 0x800008e4 (0xfff00e93) x29 0xffffffff
core   0: 0x800008e8 (0x00000b13) li      s6, 0
core   0: 3 0x800008e8 (0x00000b13) x22 0x00000000
core   0: 0x800008ec (0x80000a37) lui     s4, 0x80000
core   0: 3 0x800008ec (0x80000a37) x20 0x80000000
core   0: 0x800008f0 (0x800008b7) lui     a7, 0x80000
core   0: 3 0x800008f0 (0x800008b7) x17 0x80000000
core   0: 0x800008f4 (0xfff00913) li      s2, -1
core   0: 3 0x800008f4 (0xfff00913) x18 0xffffffff
core   0: 0x800008f8 (0x800005b7) lui     a1, 0x80000
core   0: 3 0x800008f8 (0x800005b7) x11 0x80000000
core   0: 0x800008fc (0x00000d93) li      s11, 0
core   0: 3 0x800008fc (0x00000d93) x27 0x00000000
core   0: 0x80000900 (0x1d88abb7) lui     s7, 0x1d88a
core   0: 3 0x80000900 (0x1d88abb7) x23 0x1d88a000
core   0: 0x80000904 (0x092b8b93) addi    s7, s7, 146
core   0: 3 0x80000904 (0x092b8b93) x23 0x1d88a092
core   0: 0x80000908 (0xfff00d13) li      s10, -1
core   0: 3 0x80000908 (0xfff00d13) x26 0xffffffff
core   0: 0x8000090c (0x9b1b0593) addi    a1, s6, -1615
core   0: 3 0x8000090c (0x9b1b0593) x11 0xfffff9b1
core   0: 0x80000910 (0x41688b33) sub     s6, a7, s6
core   0: 3 0x80000910 (0x41688b33) x22 0x80000000
core   0: 0x80000914 (0x41d88eb3) sub     t4, a7, t4
core   0: 3 0x80000914 (0x41d88eb3) x29 0x80000001
core   0: 0x80000918 (0x6afb4bb7) lui     s7, 0x6afb4
core   0: 3 0x80000918 (0x6afb4bb7) x23 0x6afb4000
core   0: 0x8000091c (0x416e8633) sub     a2, t4, s6
core   0: 3 0x8000091c (0x416e8633) x12 0x00000001
core   0: 0x80000920 (0x00000013) nop
core   0: 3 0x80000920 (0x00000013)
core   0: 0x80000924 (0xf5828a37) lui     s4, 0xf5828
core   0: 3 0x80000924 (0xf5828a37) x20 0xf5828000
core   0: 0x80000928 (0x41b88db3) sub     s11, a7, s11
core   0: 3 0x80000928 (0x41b88db3) x27 0x80000000
core   0: 0x8000092c (0x00c58b33) add     s6, a1, a2
core   0: 3 0x8000092c (0x00c58b33) x22 0xfffff9b2
core   0: 0x80000930 (0x41688933) sub     s2, a7, s6
core   0: 3 0x80000930 (0x41688933) x18 0x8000064e
core   0: 0x80000934 (0xa3fd48b7) lui     a7, 0xa3fd4
core   0: 3 0x80000934 (0xa3fd48b7) x17 0xa3fd4000
core   0: 0x80000938 (0x00000013) nop
core   0: 3 0x80000938 (0x00000013)
core   0: 0x8000093c (0xe7ad0d13) addi    s10, s10, -390
core   0: 3 0x8000093c (0xe7ad0d13) x26 0xfffffe79
core   0: 0x80000940 (0x70358593) addi    a1, a1, 1795
core   0: 3 0x80000940 (0x70358593) x11 0x000000b4
core   0: 0x80000944 (0x163e6e97) auipc   t4, 0x163e6
core   0: 3 0x80000944 (0x163e6e97) x29 0x963e6944
core   0: 0x80000948 (0xeba655b7) lui     a1, 0xeba65
core   0: 3 0x80000948 (0xeba655b7) x11 0xeba65000
core   0: 0x8000094c (0x416a0a33) sub     s4, s4, s6
core   0: 3 0x8000094c (0x416a0a33) x20 0xf582864e
core   0: 0x80000950 (0x00000013) nop
core   0: 3 0x80000950 (0x00000013)
core   0: 0x80000954 (0xa2917e97) auipc   t4, 0xa2917
core   0: 3 0x80000954 (0xa2917e97) x29 0x22917954
core   0: 0x80000958 (0x9d626b37) lui     s6, 0x9d626
core   0: 3 0x80000958 (0x9d626b37) x22 0x9d626000
core   0: 0x8000095c (0xdfe88eb7) lui     t4, 0xdfe88
core   0: 3 0x8000095c (0xdfe88eb7) x29 0xdfe88000
core   0: 0x80000960 (0x01688b33) add     s6, a7, s6
core   0: 3 0x80000960 (0x01688b33) x22 0x415fa000
core   0: 0x80000964 (0x01ae8933) add     s2, t4, s10
core   0: 3 0x80000964 (0x01ae8933) x18 0xdfe87e79
core   0: 0x80000968 (0xfff00c93) li      s9, -1
core   0: 3 0x80000968 (0xfff00c93) x25 0xffffffff
core   0: 0x8000096c (0x00000c13) li      s8, 0
core   0: 3 0x8000096c (0x00000c13) x24 0x00000000
core   0: 0x80000970 (0x00000313) li      t1, 0
core   0: 3 0x80000970 (0x00000313) x 6 0x00000000
core   0: 0x80000974 (0xfff00393) li      t2, -1
core   0: 3 0x80000974 (0xfff00393) x 7 0xffffffff
core   0: 0x80000978 (0x00000513) li      a0, 0
core   0: 3 0x80000978 (0x00000513) x10 0x00000000
core   0: 0x8000097c (0x00000213) li      tp, 0
core   0: 3 0x8000097c (0x00000213) x 4 0x00000000
core   0: 0x80000980 (0x80000db7) lui     s11, 0x80000
core   0: 3 0x80000980 (0x80000db7) x27 0x80000000
core   0: 0x80000984 (0x00000d13) li      s10, 0
core   0: 3 0x80000984 (0x00000d13) x26 0x00000000
core   0: 0x80000988 (0xeab5ce37) lui     t3, 0xeab5c
core   0: 3 0x80000988 (0xeab5ce37) x28 0xeab5c000
core   0: 0x8000098c (0x92fe0e13) addi    t3, t3, -1745
core   0: 3 0x8000098c (0x92fe0e13) x28 0xeab5b92f
core   0: 0x80000990 (0x00000993) li      s3, 0
core   0: 3 0x80000990 (0x00000993) x19 0x00000000
core   0: 0x80000994 (0x01bd09b3) add     s3, s10, s11
core   0: 3 0x80000994 (0x01bd09b3) x19 0x80000000
core   0: 0x80000998 (0xb57e0c93) addi    s9, t3, -1193
core   0: 3 0x80000998 (0xb57e0c93) x25 0xeab5b486
core   0: 0x8000099c (0x4945ec37) lui     s8, 0x4945e
core   0: 3 0x8000099c (0x4945ec37) x24 0x4945e000
core   0: 0x800009a0 (0x006c0e33) add     t3, s8, t1
core   0: 3 0x800009a0 (0x006c0e33) x28 0x4945e000
core   0: 0x800009a4 (0x9d8d0393) addi    t2, s10, -1576
core   0: 3 0x800009a4 (0x9d8d0393) x 7 0xfffff9d8
core   0: 0x800009a8 (0x00000013) nop
core   0: 3 0x800009a8 (0x00000013)
core   0: 0x800009ac (0x01be0533) add     a0, t3, s11
core   0: 3 0x800009ac (0x01be0533) x10 0xc945e000
core   0: 0x800009b0 (0xb4d20513) addi    a0, tp, -1203
core   0: 3 0x800009b0 (0xb4d20513) x10 0xfffffb4d
core   0: 0x800009b4 (0x00000013) nop
core   0: 3 0x800009b4 (0x00000013)
core   0: 0x800009b8 (0x41320e33) sub     t3, tp, s3
core   0: 3 0x800009b8 (0x41320e33) x28 0x80000000
core   0: 0x800009bc (0x00750cb3) add     s9, a0, t2
core   0: 3 0x800009bc (0x00750cb3) x25 0xfffff525
core   0: 0x800009c0 (0x00000013) nop
core   0: 3 0x800009c0 (0x00000013)
core   0: 0x800009c4 (0x006c8d33) add     s10, s9, t1
core   0: 3 0x800009c4 (0x006c8d33) x26 0xfffff525
core   0: 0x800009c8 (0xb4047e17) auipc   t3, 0xb4047
core   0: 3 0x800009c8 (0xb4047e17) x28 0x340479c8
core   0: 0x800009cc (0x006e0db3) add     s11, t3, t1
core   0: 3 0x800009cc (0x006e0db3) x27 0x340479c8
core   0: 0x800009d0 (0x019e03b3) add     t2, t3, s9
core   0: 3 0x800009d0 (0x019e03b3) x 7 0x34046eed
core   0: 0x800009d4 (0x62f5bcb7) lui     s9, 0x62f5b
core   0: 3 0x800009d4 (0x62f5bcb7) x25 0x62f5b000
core   0: 0x800009d8 (0x98802d97) auipc   s11, 0x98802
core   0: 3 0x800009d8 (0x98802d97) x27 0x188029d8
core   0: 0x800009dc (0x00000013) nop
core   0: 3 0x800009dc (0x00000013)
core   0: 0x800009e0 (0x033f1237) lui     tp, 0x33f1
core   0: 3 0x800009e0 (0x033f1237) x 4 0x033f1000
core   0: 0x800009e4 (0x00000013) nop
core   0: 3 0x800009e4 (0x00000013)
core   0: 0x800009e8 (0x55e8b217) auipc   tp, 0x55e8b
core   0: 3 0x800009e8 (0x55e8b217) x 4 0xd5e8b9e8
core   0: 0x800009ec (0x00000013) nop
core   0: 3 0x800009ec (0x00000013)
core   0: 0x800009f0 (0x00000013) nop
core   0: 3 0x800009f0 (0x00000013)
core   0: 0x800009f4 (0x013d0333) add     t1, s10, s3
core   0: 3 0x800009f4 (0x013d0333) x 6 0x7ffff525
core   0: 0x800009f8 (0x40750233) sub     tp, a0, t2
core   0: 3 0x800009f8 (0x40750233) x 4 0xcbfb8c60
core   0: 0x800009fc (0x325ea217) auipc   tp, 0x325ea
core   0: 3 0x800009fc (0x325ea217) x 4 0xb25ea9fc
core   0: 0x80000a00 (0x42698313) addi    t1, s3, 1062
core   0: 3 0x80000a00 (0x42698313) x 6 0x80000426
core   0: 0x80000a04 (0x902799b7) lui     s3, 0x90279
core   0: 3 0x80000a04 (0x902799b7) x19 0x90279000
core   0: 0x80000a08 (0x7e298993) addi    s3, s3, 2018
core   0: 3 0x80000a08 (0x7e298993) x19 0x902797e2
core   0: 0x80000a0c (0xfff00e93) li      t4, -1
core   0: 3 0x80000a0c (0xfff00e93) x29 0xffffffff
core   0: 0x80000a10 (0x00000913) li      s2, 0
core   0: 3 0x80000a10 (0x00000913) x18 0x00000000
core   0: 0x80000a14 (0x00000213) li      tp, 0
core   0: 3 0x80000a14 (0x00000213) x 4 0x00000000
core   0: 0x80000a18 (0xfff00b13) li      s6, -1
core   0: 3 0x80000a18 (0xfff00b13) x22 0xffffffff
core   0: 0x80000a1c (0x80000537) lui     a0, 0x80000
core   0: 3 0x80000a1c (0x80000537) x10 0x80000000
core   0: 0x80000a20 (0x00000193) li      gp, 0
core   0: 3 0x80000a20 (0x00000193) x 3 0x00000000
core   0: 0x80000a24 (0x80000137) lui     sp, 0x80000
core   0: 3 0x80000a24 (0x80000137) x 2 0x80000000
core   0: 0x80000a28 (0x80000637) lui     a2, 0x80000
core   0: 3 0x80000a28 (0x80000637) x12 0x80000000
core   0: 0x80000a2c (0x80000bb7) lui     s7, 0x80000
core   0: 3 0x80000a2c (0x80000bb7) x23 0x80000000
core   0: 0x80000a30 (0x8f718b13) addi    s6, gp, -1801
core   0: 3 0x80000a30 (0x8f718b13) x22 0xfffff8f7
core   0: 0x80000a34 (0x074e1637) lui     a2, 0x74e1
core   0: 3 0x80000a34 (0x074e1637) x12 0x074e1000
core   0: 0x80000a38 (0x238bf137) lui     sp, 0x238bf
core   0: 3 0x80000a38 (0x238bf137) x 2 0x238bf000
core   0: 0x80000a3c (0x00000013) nop
core   0: 3 0x80000a3c (0x00000013)
core   0: 0x80000a40 (0x00ab0633) add     a2, s6, a0
core   0: 3 0x80000a40 (0x00ab0633) x12 0x7ffff8f7
core   0: 0x80000a44 (0x431ec537) lui     a0, 0x431ec
core   0: 3 0x80000a44 (0x431ec537) x10 0x431ec000
core   0: 0x80000a48 (0x40c18b33) sub     s6, gp, a2
core   0: 3 0x80000a48 (0x40c18b33) x22 0x80000709
core   0: 0x80000a4c (0xc915ceb7) lui     t4, 0xc915c
core   0: 3 0x80000a4c (0xc915ceb7) x29 0xc915c000
core   0: 0x80000a50 (0x7e67dbb7) lui     s7, 0x7e67d
core   0: 3 0x80000a50 (0x7e67dbb7) x23 0x7e67d000
core   0: 0x80000a54 (0xaa3e8993) addi    s3, t4, -1373
core   0: 3 0x80000a54 (0xaa3e8993) x19 0xc915baa3
core   0: 0x80000a58 (0x40360bb3) sub     s7, a2, gp
core   0: 3 0x80000a58 (0x40360bb3) x23 0x7ffff8f7
core   0: 0x80000a5c (0x00000013) nop
core   0: 3 0x80000a5c (0x00000013)
core   0: 0x80000a60 (0x40c981b3) sub     gp, s3, a2
core   0: 3 0x80000a60 (0x40c981b3) x 3 0x4915c1ac
core   0: 0x80000a64 (0xd53251b7) lui     gp, 0xd5325
core   0: 3 0x80000a64 (0xd53251b7) x 3 0xd5325000
core   0: 0x80000a68 (0xc0b98613) addi    a2, s3, -1013
core   0: 3 0x80000a68 (0xc0b98613) x12 0xc915b6ae
core   0: 0x80000a6c (0x404b8233) sub     tp, s7, tp
core   0: 3 0x80000a6c (0x404b8233) x 4 0x7ffff8f7
core   0: 0x80000a70 (0x00420633) add     a2, tp, tp
core   0: 3 0x80000a70 (0x00420633) x12 0xfffff1ee
core   0: 0x80000a74 (0xf0be8613) addi    a2, t4, -245
core   0: 3 0x80000a74 (0xf0be8613) x12 0xc915bf0b
core   0: 0x80000a78 (0x01360533) add     a0, a2, s3
core   0: 3 0x80000a78 (0x01360533) x10 0x922b79ae
core   0: 0x80000a7c (0x01218eb3) add     t4, gp, s2
core   0: 3 0x80000a7c (0x01218eb3) x29 0xd5325000
core   0: 0x80000a80 (0x00000013) nop
core   0: 3 0x80000a80 (0x00000013)
core   0: 0x80000a84 (0x7d298913) addi    s2, s3, 2002
core   0: 3 0x80000a84 (0x7d298913) x18 0xc915c275
core   0: 0x80000a88 (0xfff00113) li      sp, -1
core   0: 3 0x80000a88 (0xfff00113) x 2 0xffffffff
core   0: 0x80000a8c (0x00000b13) li      s6, 0
core   0: 3 0x80000a8c (0x00000b13) x22 0x00000000
core   0: 0x80000a90 (0xfff00413) li      s0, -1
core   0: 3 0x80000a90 (0xfff00413) x 8 0xffffffff
core   0: 0x80000a94 (0xe3ab2eb7) lui     t4, 0xe3ab2
core   0: 3 0x80000a94 (0xe3ab2eb7) x29 0xe3ab2000
core   0: 0x80000a98 (0xe35e8e93) addi    t4, t4, -459
core   0: 3 0x80000a98 (0xe35e8e93) x29 0xe3ab1e35
core   0: 0x80000a9c (0x800000b7) lui     ra, 0x80000
core   0: 3 0x80000a9c (0x800000b7) x 1 0x80000000
core   0: 0x80000aa0 (0x00000613) li      a2, 0
core   0: 3 0x80000aa0 (0x00000613) x12 0x00000000
core   0: 0x80000aa4 (0xfff00c13) li      s8, -1
core   0: 3 0x80000aa4 (0xfff00c13) x24 0xffffffff
core   0: 0x80000aa8 (0xf873dcb7) lui     s9, 0xf873d
core   0: 3 0x80000aa8 (0xf873dcb7) x25 0xf873d000
core   0: 0x80000aac (0x558c8c93) addi    s9, s9, 1368
core   0: 3 0x80000aac (0x558c8c93) x25 0xf873d558
core   0: 0x80000ab0 (0x80000d37) lui     s10, 0x80000
core   0: 3 0x80000ab0 (0x80000d37) x26 0x80000000
core   0: 0x80000ab4 (0xfff00913) li      s2, -1
core   0: 3 0x80000ab4 (0xfff00913) x18 0xffffffff
core   0: 0x80000ab8 (0x5d0b0c97) auipc   s9, 0x5d0b0
core   0: 3 0x80000ab8 (0x5d0b0c97) x25 0xdd0b0ab8
core   0: 0x80000abc (0x41a40c33) sub     s8, s0, s10
core   0: 3 0x80000abc (0x41a40c33) x24 0x7fffffff
core   0: 0x80000ac0 (0x00000013) nop
core   0: 3 0x80000ac0 (0x00000013)
core   0: 0x80000ac4 (0x1a910093) addi    ra, sp, 425
core   0: 3 0x80000ac4 (0x1a910093) x 1 0x000001a8
core   0: 0x80000ac8 (0x45310113) addi    sp, sp, 1107
core   0: 3 0x80000ac8 (0x45310113) x 2 0x00000452
core   0: 0x80000acc (0x8e4f8137) lui     sp, 0x8e4f8
core   0: 3 0x80000acc (0x8e4f8137) x 2 0x8e4f8000
core   0: 0x80000ad0 (0xba7c8c13) addi    s8, s9, -1113
core   0: 3 0x80000ad0 (0xba7c8c13) x24 0xdd0b065f
core   0: 0x80000ad4 (0x40260cb3) sub     s9, a2, sp
core   0: 3 0x80000ad4 (0x40260cb3) x25 0x71b08000
core   0: 0x80000ad8 (0x44fb0413) addi    s0, s6, 1103
core   0: 3 0x80000ad8 (0x44fb0413) x 8 0x0000044f
core   0: 0x80000adc (0x002e8d33) add     s10, t4, sp
core   0: 3 0x80000adc (0x002e8d33) x26 0x71fa9e35
core   0: 0x80000ae0 (0xcc935b37) lui     s6, 0xcc935
core   0: 3 0x80000ae0 (0xcc935b37) x22 0xcc935000
core   0: 0x80000ae4 (0xeebd00b7) lui     ra, 0xeebd0
core   0: 3 0x80000ae4 (0xeebd00b7) x 1 0xeebd0000
core   0: 0x80000ae8 (0x01d08d33) add     s10, ra, t4
core   0: 3 0x80000ae8 (0x01d08d33) x26 0xd2681e35
core   0: 0x80000aec (0x7f140913) addi    s2, s0, 2033
core   0: 3 0x80000aec (0x7f140913) x18 0x00000c40
core   0: 0x80000af0 (0x92908c93) addi    s9, ra, -1751
core   0: 3 0x80000af0 (0x92908c93) x25 0xeebcf929
core   0: 0x80000af4 (0xadeb0097) auipc   ra, 0xadeb0
core   0: 3 0x80000af4 (0xadeb0097) x 1 0x2deb0af4
core   0: 0x80000af8 (0x00000013) nop
core   0: 3 0x80000af8 (0x00000013)
core   0: 0x80000afc (0x0ce7c417) auipc   s0, 0xce7c
core   0: 3 0x80000afc (0x0ce7c417) x 8 0x8ce7cafc
core   0: 0x80000b00 (0x7c6bdc37) lui     s8, 0x7c6bd
core   0: 3 0x80000b00 (0x7c6bdc37) x24 0x7c6bd000
core   0: 0x80000b04 (0x686c0c13) addi    s8, s8, 1670
core   0: 3 0x80000b04 (0x686c0c13) x24 0x7c6bd686
core   0: 0x80000b08 (0xfff00313) li      t1, -1
core   0: 3 0x80000b08 (0xfff00313) x 6 0xffffffff
core   0: 0x80000b0c (0x800000b7) lui     ra, 0x80000
core   0: 3 0x80000b0c (0x800000b7) x 1 0x80000000
core   0: 0x80000b10 (0x00000213) li      tp, 0
core   0: 3 0x80000b10 (0x00000213) x 4 0x00000000
core   0: 0x80000b14 (0xfff00a13) li      s4, -1
core   0: 3 0x80000b14 (0xfff00a13) x20 0xffffffff
core   0: 0x80000b18 (0x00000513) li      a0, 0
core   0: 3 0x80000b18 (0x00000513) x10 0x00000000
core   0: 0x80000b1c (0x00000893) li      a7, 0
core   0: 3 0x80000b1c (0x00000893) x17 0x00000000
core   0: 0x80000b20 (0xfff00593) li      a1, -1
core   0: 3 0x80000b20 (0xfff00593) x11 0xffffffff
core   0: 0x80000b24 (0x00000693) li      a3, 0
core   0: 3 0x80000b24 (0x00000693) x13 0x00000000
core   0: 0x80000b28 (0x990003b7) lui     t2, 0x99000
core   0: 3 0x80000b28 (0x990003b7) x 7 0x99000000
core   0: 0x80000b2c (0x5e438393) addi    t2, t2, 1508
core   0: 3 0x80000b2c (0x5e438393) x 7 0x990005e4
core   0: 0x80000b30 (0x374b7337) lui     t1, 0x374b7
core   0: 3 0x80000b30 (0x374b7337) x 6 0x374b7000
core   0: 0x80000b34 (0x40130333) sub     t1, t1, ra
core   0: 3 0x80000b34 (0x40130333) x 6 0xb74b7000
core   0: 0x80000b38 (0x00000013) nop
core   0: 3 0x80000b38 (0x00000013)
core   0: 0x80000b3c (0x00b38533) add     a0, t2, a1
core   0: 3 0x80000b3c (0x00b38533) x10 0x990005e3
core   0: 0x80000b40 (0x56628a37) lui     s4, 0x56628
core   0: 3 0x80000b40 (0x56628a37) x20 0x56628000
core   0: 0x80000b44 (0x40aa0a33) sub     s4, s4, a0
core   0: 3 0x80000b44 (0x40aa0a33) x20 0xbd627a1d
core   0: 0x80000b48 (0xdfffc317) auipc   t1, 0xdfffc
core   0: 3 0x80000b48 (0xdfffc317) x 6 0x5fffcb48
core   0: 0x80000b4c (0x42a3d8b7) lui     a7, 0x42a3d
core   0: 3 0x80000b4c (0x42a3d8b7) x17 0x42a3d000
core   0: 0x80000b50 (0x1b130693) addi    a3, t1, 433
core   0: 3 0x80000b50 (0x1b130693) x13 0x5fffccf9
core   0: 0x80000b54 (0x00000013) nop
core   0: 3 0x80000b54 (0x00000013)
core   0: 0x80000b58 (0x57b63c17) auipc   s8, 0x57b63
core   0: 3 0x80000b58 (0x57b63c17) x24 0xd7b63b58
core   0: 0x80000b5c (0x125ef697) auipc   a3, 0x125ef
core   0: 3 0x80000b5c (0x125ef697) x13 0x925efb5c
core   0: 0x80000b60 (0x01108333) add     t1, ra, a7
core   0: 3 0x80000b60 (0x01108333) x 6 0xc2a3d000
core   0: 0x80000b64 (0x00000013) nop
core   0: 3 0x80000b64 (0x00000013)
core   0: 0x80000b68 (0xb4230697) auipc   a3, 0xb4230
core   0: 3 0x80000b68 (0xb4230697) x13 0x34230b68
core   0: 0x80000b6c (0x00000013) nop
core   0: 3 0x80000b6c (0x00000013)
core   0: 0x80000b70 (0x7829f697) auipc   a3, 0x7829f
core   0: 3 0x80000b70 (0x7829f697) x13 0xf829fb70
core   0: 0x80000b74 (0x00000013) nop
core   0: 3 0x80000b74 (0x00000013)
core   0: 0x80000b78 (0x1d3a0693) addi    a3, s4, 467
core   0: 3 0x80000b78 (0x1d3a0693) x13 0xbd627bf0
core   0: 0x80000b7c (0x80000db7) lui     s11, 0x80000
core   0: 3 0x80000b7c (0x80000db7) x27 0x80000000
core   0: 0x80000b80 (0x00000093) li      ra, 0
core   0: 3 0x80000b80 (0x00000093) x 1 0x00000000
core   0: 0x80000b84 (0x1395cf37) lui     t5, 0x1395c
core   0: 3 0x80000b84 (0x1395cf37) x30 0x1395c000
core   0: 0x80000b88 (0x5c4f0f13) addi    t5, t5, 1476
core   0: 3 0x80000b88 (0x5c4f0f13) x30 0x1395c5c4
core   0: 0x80000b8c (0x00000813) li      a6, 0
core   0: 3 0x80000b8c (0x00000813) x16 0x00000000
core   0: 0x80000b90 (0xed9a2237) lui     tp, 0xed9a2
core   0: 3 0x80000b90 (0xed9a2237) x 4 0xed9a2000
core   0: 0x80000b94 (0x25820213) addi    tp, tp, 600
core   0: 3 0x80000b94 (0x25820213) x 4 0xed9a2258
core   0: 0x80000b98 (0x8223deb7) lui     t4, 0x8223d
core   0: 3 0x80000b98 (0x8223deb7) x29 0x8223d000
core   0: 0x80000b9c (0xabfe8e93) addi    t4, t4, -1345
core   0: 3 0x80000b9c (0xabfe8e93) x29 0x8223cabf
core   0: 0x80000ba0 (0x80000337) lui     t1, 0x80000
core   0: 3 0x80000ba0 (0x80000337) x 6 0x80000000
core   0: 0x80000ba4 (0xfff00413) li      s0, -1
core   0: 3 0x80000ba4 (0xfff00413) x 8 0xffffffff
core   0: 0x80000ba8 (0xa508a137) lui     sp, 0xa508a
core   0: 3 0x80000ba8 (0xa508a137) x 2 0xa508a000
core   0: 0x80000bac (0x63810113) addi    sp, sp, 1592
core   0: 3 0x80000bac (0x63810113) x 2 0xa508a638
core   0: 0x80000bb0 (0xfff00393) li      t2, -1
core   0: 3 0x80000bb0 (0xfff00393) x 7 0xffffffff
core   0: 0x80000bb4 (0x001f0233) add     tp, t5, ra
core   0: 3 0x80000bb4 (0x001f0233) x 4 0x1395c5c4
core   0: 0x80000bb8 (0xb3c873b7) lui     t2, 0xb3c87
core   0: 3 0x80000bb8 (0xb3c873b7) x 7 0xb3c87000
core   0: 0x80000bbc (0x007e8233) add     tp, t4, t2
core   0: 3 0x80000bbc (0x007e8233) x 4 0x35ec3abf
core   0: 0x80000bc0 (0xacae8393) addi    t2, t4, -1334
core   0: 3 0x80000bc0 (0xacae8393) x 7 0x8223c589
core   0: 0x80000bc4 (0xb0920113) addi    sp, tp, -1271
core   0: 3 0x80000bc4 (0xb0920113) x 2 0x35ec35c8
core   0: 0x80000bc8 (0x71d9e397) auipc   t2, 0x71d9e
core   0: 3 0x80000bc8 (0x71d9e397) x 7 0xf1d9ebc8
core   0: 0x80000bcc (0x9efe8093) addi    ra, t4, -1553
core   0: 3 0x80000bcc (0x9efe8093) x 1 0x8223c4ae
core   0: 0x80000bd0 (0x00000013) nop
core   0: 3 0x80000bd0 (0x00000013)
core   0: 0x80000bd4 (0x9529de97) auipc   t4, 0x9529d
core   0: 3 0x80000bd4 (0x9529de97) x29 0x1529dbd4
core   0: 0x80000bd8 (0x006f0133) add     sp, t5, t1
core   0: 3 0x80000bd8 (0x006f0133) x 2 0x9395c5c4
core   0: 0x80000bdc (0x8fa6bd97) auipc   s11, 0x8fa6b
core   0: 3 0x80000bdc (0x8fa6bd97) x27 0x0fa6bbdc
core   0: 0x80000be0 (0x69b20093) addi    ra, tp, 1691
core   0: 3 0x80000be0 (0x69b20093) x 1 0x35ec415a
core   0: 0x80000be4 (0x40120eb3) sub     t4, tp, ra
core   0: 3 0x80000be4 (0x40120eb3) x29 0xfffff965
core   0: 0x80000be8 (0x16fb2837) lui     a6, 0x16fb2
core   0: 3 0x80000be8 (0x16fb2837) x16 0x16fb2000
core   0: 0x80000bec (0x00000013) nop
core   0: 3 0x80000bec (0x00000013)
core   0: 0x80000bf0 (0x00000013) nop
core   0: 3 0x80000bf0 (0x00000013)
core   0: 0x80000bf4 (0x0f581eb7) lui     t4, 0xf581
core   0: 3 0x80000bf4 (0x0f581eb7) x29 0x0f581000
core   0: 0x80000bf8 (0x54aa9817) auipc   a6, 0x54aa9
core   0: 3 0x80000bf8 (0x54aa9817) x16 0xd4aa9bf8
core   0: 0x80000bfc (0x40120833) sub     a6, tp, ra
core   0: 3 0x80000bfc (0x40120833) x16 0xfffff965
core   0: 0x80000c00 (0xb8835437) lui     s0, 0xb8835
core   0: 3 0x80000c00 (0xb8835437) x 8 0xb8835000
core   0: 0x80000c04 (0x84558ab7) lui     s5, 0x84558
core   0: 3 0x80000c04 (0x84558ab7) x21 0x84558000
core   0: 0x80000c08 (0xc74a8a93) addi    s5, s5, -908
core   0: 3 0x80000c08 (0xc74a8a93) x21 0x84557c74
core   0: 0x80000c0c (0xfff00b93) li      s7, -1
core   0: 3 0x80000c0c (0xfff00b93) x23 0xffffffff
core   0: 0x80000c10 (0xfff00293) li      t0, -1
core   0: 3 0x80000c10 (0xfff00293) x 5 0xffffffff
core   0: 0x80000c14 (0x6c5ae9b7) lui     s3, 0x6c5ae
core   0: 3 0x80000c14 (0x6c5ae9b7) x19 0x6c5ae000
core   0: 0x80000c18 (0x50998993) addi    s3, s3, 1289
core   0: 3 0x80000c18 (0x50998993) x19 0x6c5ae509
core   0: 0x80000c1c (0x80000d37) lui     s10, 0x80000
core   0: 3 0x80000c1c (0x80000d37) x26 0x80000000
core   0: 0x80000c20 (0x7936dc37) lui     s8, 0x7936d
core   0: 3 0x80000c20 (0x7936dc37) x24 0x7936d000
core   0: 0x80000c24 (0xd9fc0c13) addi    s8, s8, -609
core   0: 3 0x80000c24 (0xd9fc0c13) x24 0x7936cd9f
core   0: 0x80000c28 (0x5ea038b7) lui     a7, 0x5ea03
core   0: 3 0x80000c28 (0x5ea038b7) x17 0x5ea03000
core   0: 0x80000c2c (0xeba88893) addi    a7, a7, -326
core   0: 3 0x80000c2c (0xeba88893) x17 0x5ea02eba
core   0: 0x80000c30 (0x80000cb7) lui     s9, 0x80000
core   0: 3 0x80000c30 (0x80000cb7) x25 0x80000000
core   0: 0x80000c34 (0x800001b7) lui     gp, 0x80000
core   0: 3 0x80000c34 (0x800001b7) x 3 0x80000000
core   0: 0x80000c38 (0xfff00513) li      a0, -1
core   0: 3 0x80000c38 (0xfff00513) x10 0xffffffff
core   0: 0x80000c3c (0x4bff7997) auipc   s3, 0x4bff7
core   0: 3 0x80000c3c (0x4bff7997) x19 0xcbff7c3c
core   0: 0x80000c40 (0xe7143d17) auipc   s10, 0xe7143
core   0: 3 0x80000c40 (0xe7143d17) x26 0x67143c40
core   0: 0x80000c44 (0x418d09b3) sub     s3, s10, s8
core   0: 3 0x80000c44 (0x418d09b3) x19 0xeddd6ea1
core   0: 0x80000c48 (0x417d0d33) sub     s10, s10, s7
core   0: 3 0x80000c48 (0x417d0d33) x26 0x67143c41
core   0: 0x80000c4c (0x00000013) nop
core   0: 3 0x80000c4c (0x00000013)
core   0: 0x80000c50 (0xee377517) auipc   a0, 0xee377
core   0: 3 0x80000c50 (0xee377517) x10 0x6e377c50
core   0: 0x80000c54 (0x418281b3) sub     gp, t0, s8
core   0: 3 0x80000c54 (0x418281b3) x 3 0x86c93260
core   0: 0x80000c58 (0xb41c82b7) lui     t0, 0xb41c8
core   0: 3 0x80000c58 (0xb41c82b7) x 5 0xb41c8000
core   0: 0x80000c5c (0x4d92cc97) auipc   s9, 0x4d92c
core   0: 3 0x80000c5c (0x4d92cc97) x25 0xcd92cc5c
core   0: 0x80000c60 (0x3ecf9c37) lui     s8, 0x3ecf9
core   0: 3 0x80000c60 (0x3ecf9c37) x24 0x3ecf9000
core   0: 0x80000c64 (0xb7c85537) lui     a0, 0xb7c85
core   0: 3 0x80000c64 (0xb7c85537) x10 0xb7c85000
core   0: 0x80000c68 (0xff5ffc37) lui     s8, 0xff5ff
core   0: 3 0x80000c68 (0xff5ffc37) x24 0xff5ff000
core   0: 0x80000c6c (0x418a8533) sub     a0, s5, s8
core   0: 3 0x80000c6c (0x418a8533) x10 0x84f58c74
core   0: 0x80000c70 (0x00000013) nop
core   0: 3 0x80000c70 (0x00000013)
core   0: 0x80000c74 (0x00000013) nop
core   0: 3 0x80000c74 (0x00000013)
core   0: 0x80000c78 (0x41725233) sra     tp, tp, s7
core   0: 3 0x80000c78 (0x41725233) x 4 0x00000000
core   0: 0x80000c7c (0x4183d613) srai    a2, t2, 24
core   0: 3 0x80000c7c (0x4183d613) x12 0xfffffff1
core   0: 0x80000c80 (0x0195c033) xor     zero, a1, s9
core   0: 3 0x80000c80 (0x0195c033)
core   0: 0x80000c84 (0x00090533) add     a0, s2, zero
core   0: 3 0x80000c84 (0x00090533) x10 0x00000c40
core   0: 0x80000c88 (0x00100333) add     t1, zero, ra
core   0: 3 0x80000c88 (0x00100333) x 6 0x35ec415a
core   0: 0x80000c8c (0x3bae0d93) addi    s11, t3, 954
core   0: 3 0x80000c8c (0x3bae0d93) x27 0x34047d82
core   0: 0x80000c90 (0xec347f13) andi    t5, s0, -317
core   0: 3 0x80000c90 (0xec347f13) x30 0xb8835000
core   0: 0x80000c94 (0xa0a2af13) slti    t5, t0, -1526
core   0: 3 0x80000c94 (0xa0a2af13) x30 0x00000001
core   0: 0x80000c98 (0x41f75e33) sra     t3, a4, t6
core   0: 3 0x80000c98 (0x41f75e33) x28 0xf80010e6
core   0: 0x80000c9c (0x017a3133) sltu    sp, s4, s7
core   0: 3 0x80000c9c (0x017a3133) x 2 0x00000001
core   0: 0x80000ca0 (0x9be04c13) xori    s8, zero, -1602
core   0: 3 0x80000ca0 (0x9be04c13) x24 0xfffff9be
core   0: 0x80000ca4 (0xc6070513) addi    a0, a4, -928
core   0: 3 0x80000ca4 (0xc6070513) x10 0x80010ac4
core   0: 0x80000ca8 (0x417f5e33) sra     t3, t5, s7
core   0: 3 0x80000ca8 (0x417f5e33) x28 0x00000000
core   0: 0x80000cac (0x40d4d593) srai    a1, s1, 13
core   0: 3 0x80000cac (0x40d4d593) x11 0x00039cfa
core   0: 0x80000cb0 (0xd30b2393) slti    t2, s6, -720
core   0: 3 0x80000cb0 (0xd30b2393) x 7 0x00000001
core   0: 0x80000cb4 (0xa006bf13) sltiu   t5, a3, -1536
core   0: 3 0x80000cb4 (0xa006bf13) x30 0x00000001
core   0: 0x80000cb8 (0x01f0a233) slt     tp, ra, t6
core   0: 3 0x80000cb8 (0x01f0a233) x 4 0x00000000
core   0: 0x80000cbc (0x018cfc33) and     s8, s9, s8
core   0: 3 0x80000cbc (0x018cfc33) x24 0xcd92c81c
core   0: 0x80000cc0 (0x41e9d3b3) sra     t2, s3, t5
core   0: 3 0x80000cc0 (0x41e9d3b3) x 7 0xf6eeb750
core   0: 0x80000cc4 (0x3a147b13) andi    s6, s0, 929
core   0: 3 0x80000cc4 (0x3a147b13) x22 0x00000000
core   0: 0x80000cc8 (0x8df63293) sltiu   t0, a2, -1825
core   0: 3 0x80000cc8 (0x8df63293) x 5 0x00000000
core   0: 0x80000ccc (0x00ee5c93) srli    s9, t3, 14
core   0: 3 0x80000ccc (0x00ee5c93) x25 0x00000000
core   0: 0x80000cd0 (0x0019a2b3) slt     t0, s3, ra
core   0: 3 0x80000cd0 (0x0019a2b3) x 5 0x00000001
core   0: 0x80000cd4 (0x01661993) slli    s3, a2, 22
core   0: 3 0x80000cd4 (0x01661993) x19 0xfc400000
core   0: 0x80000cd8 (0x13b05417) auipc   s0, 0x13b05
core   0: 3 0x80000cd8 (0x13b05417) x 8 0x93b05cd8
core   0: 0x80000cdc (0xabada397) auipc   t2, 0xabada
core   0: 3 0x80000cdc (0xabada397) x 7 0x2badacdc
core   0: 0x80000ce0 (0x010b1f13) slli    t5, s6, 16
core   0: 3 0x80000ce0 (0x010b1f13) x30 0x00000000
core   0: 0x80000ce4 (0xc8aa9ab7) lui     s5, 0xc8aa9
core   0: 3 0x80000ce4 (0xc8aa9ab7) x21 0xc8aa9000
core   0: 0x80000ce8 (0x01631a33) sll     s4, t1, s6
core   0: 3 0x80000ce8 (0x01631a33) x20 0x35ec415a
core   0: 0x80000cec (0x012c9cb3) sll     s9, s9, s2
core   0: 3 0x80000cec (0x012c9cb3) x25 0x00000000
core   0: 0x80000cf0 (0x40755933) sra     s2, a0, t2
core   0: 3 0x80000cf0 (0x40755933) x18 0xfffffff8
core   0: 0x80000cf4 (0x01f7d333) srl     t1, a5, t6
core   0: 3 0x80000cf4 (0x01f7d333) x 6 0x0ff4e9b7
core   0: 0x80000cf8 (0x00ab9b93) slli    s7, s7, 10
core   0: 3 0x80000cf8 (0x00ab9b93) x23 0xfffffc00
core   0: 0x80000cfc (0x0075c833) xor     a6, a1, t2
core   0: 3 0x80000cfc (0x0075c833) x16 0x2bae3026
core   0: 0x80000d00 (0x00000013) nop
core   0: 3 0x80000d00 (0x00000013)
core   0: 0x80000d04 (0x01084bb3) xor     s7, a6, a6
core   0: 3 0x80000d04 (0x01084bb3) x23 0x00000000
core   0: 0x80000d08 (0xa49b7a93) andi    s5, s6, -1463
core   0: 3 0x80000d08 (0xa49b7a93) x21 0x00000000
core   0: 0x80000d0c (0x4958ba93) sltiu   s5, a7, 1173
core   0: 3 0x80000d0c (0x4958ba93) x21 0x00000000
core   0: 0x80000d10 (0x01d2c033) xor     zero, t0, t4
core   0: 3 0x80000d10 (0x01d2c033)
core   0: 0x80000d14 (0x40e20a33) sub     s4, tp, a4
core   0: 3 0x80000d14 (0x40e20a33) x20 0x7ffef19c
core   0: 0x80000d18 (0x00291db3) sll     s11, s2, sp
core   0: 3 0x80000d18 (0x00291db3) x27 0xfffffff0
core   0: 0x80000d1c (0x01a3e033) or      zero, t2, s10
core   0: 3 0x80000d1c (0x01a3e033)
core   0: 0x80000d20 (0xb5a0ceb7) lui     t4, 0xb5a0c
core   0: 3 0x80000d20 (0xb5a0ceb7) x29 0xb5a0c000
core   0: 0x80000d24 (0x007d5d93) srli    s11, s10, 7
core   0: 3 0x80000d24 (0x007d5d93) x27 0x00ce2878
core   0: 0x80000d28 (0xa2b64317) auipc   t1, 0xa2b64
core   0: 3 0x80000d28 (0xa2b64317) x 6 0x22b64d28
core   0: 0x80000d2c (0x41c05393) srai    t2, zero, 28
core   0: 3 0x80000d2c (0x41c05393) x 7 0x00000000
core   0: 0x80000d30 (0x8a442293) slti    t0, s0, -1884
core   0: 3 0x80000d30 (0x8a442293) x 5 0x00000001
core   0: 0x80000d34 (0x667c3a93) sltiu   s5, s8, 1639
core   0: 3 0x80000d34 (0x667c3a93) x21 0x00000000
core   0: 0x80000d38 (0x01358a33) add     s4, a1, s3
core   0: 3 0x80000d38 (0x01358a33) x20 0xfc439cfa
core   0: 0x80000d3c (0x015993b3) sll     t2, s3, s5
core   0: 3 0x80000d3c (0x015993b3) x 7 0xfc400000
core   0: 0x80000d40 (0xadeaf137) lui     sp, 0xadeaf
core   0: 3 0x80000d40 (0xadeaf137) x 2 0xadeaf000
core   0: 0x80000d44 (0x0038eeb3) or      t4, a7, gp
core   0: 3 0x80000d44 (0x0038eeb3) x29 0xdee93efa
core   0: 0x80000d48 (0x01ad9633) sll     a2, s11, s10
core   0: 3 0x80000d48 (0x01ad9633) x12 0x019c50f0
core   0: 0x80000d4c (0x4d0fe113) ori     sp, t6, 1232
core   0: 3 0x80000d4c (0x4d0fe113) x 2 0x80014cf4
core   0: 0x80000d50 (0xaea50813) addi    a6, a0, -1302
core   0: 3 0x80000d50 (0xaea50813) x16 0x800105ae
core   0: 0x80000d54 (0x00256eb3) or      t4, a0, sp
core   0: 3 0x80000d54 (0x00256eb3) x29 0x80014ef4
core   0: 0x80000d58 (0x15124c93) xori    s9, tp, 337
core   0: 3 0x80000d58 (0x15124c93) x25 0x00000151
core   0: 0x80000d5c (0x0111ceb3) xor     t4, gp, a7
core   0: 3 0x80000d5c (0x0111ceb3) x29 0xd8691cda
core   0: 0x80000d60 (0x2a7f7413) andi    s0, t5, 679
core   0: 3 0x80000d60 (0x2a7f7413) x 8 0x00000000
core   0: 0x80000d64 (0x195be593) ori     a1, s7, 405
core   0: 3 0x80000d64 (0x195be593) x11 0x00000195
core   0: 0x80000d68 (0x019650b3) srl     ra, a2, s9
core   0: 3 0x80000d68 (0x019650b3) x 1 0x000000ce
core   0: 0x80000d6c (0x01c35f13) srli    t5, t1, 28
core   0: 3 0x80000d6c (0x01c35f13) x30 0x00000002
core   0: 0x80000d70 (0xf04c2093) slti    ra, s8, -252
core   0: 3 0x80000d70 (0xf04c2093) x 1 0x00000001
core   0: 0x80000d74 (0x5945f513) andi    a0, a1, 1428
core   0: 3 0x80000d74 (0x5945f513) x10 0x00000194
core   0: 0x80000d78 (0xff536313) ori     t1, t1, -11
core   0: 3 0x80000d78 (0xff536313) x 6 0xfffffffd
core   0: 0x80000d7c (0x001d10b3) sll     ra, s10, ra
core   0: 3 0x80000d7c (0x001d10b3) x 1 0xce287882
core   0: 0x80000d80 (0x00457133) and     sp, a0, tp
core   0: 3 0x80000d80 (0x00457133) x 2 0x00000000
core   0: 0x80000d84 (0xb57c24b7) lui     s1, 0xb57c2
core   0: 3 0x80000d84 (0xb57c24b7) x 9 0xb57c2000
core   0: 0x80000d88 (0xc1998013) addi    zero, s3, -999
core   0: 3 0x80000d88 (0xc1998013)
core   0: 0x80000d8c (0x01c51093) slli    ra, a0, 28
core   0: 3 0x80000d8c (0x01c51093) x 1 0x40000000
core   0: 0x80000d90 (0x40b000b3) sub     ra, zero, a1
core   0: 3 0x80000d90 (0x40b000b3) x 1 0xfffffe6b
core   0: 0x80000d94 (0x41dd09b3) sub     s3, s10, t4
core   0: 3 0x80000d94 (0x41dd09b3) x19 0x8eab1f67
core   0: 0x80000d98 (0x012cf133) and     sp, s9, s2
core   0: 3 0x80000d98 (0x012cf133) x 2 0x00000150
core   0: 0x80000d9c (0x97836e13) ori     t3, t1, -1672
core   0: 3 0x80000d9c (0x97836e13) x28 0xfffffffd
core   0: 0x80000da0 (0x32748197) auipc   gp, 0x32748
core   0: 3 0x80000da0 (0x32748197) x 3 0xb2748da0
core   0: 0x80000da4 (0x01540e33) add     t3, s0, s5
core   0: 3 0x80000da4 (0x01540e33) x28 0x00000000
core   0: 0x80000da8 (0x4045dc13) srai    s8, a1, 4
core   0: 3 0x80000da8 (0x4045dc13) x24 0x00000019
core   0: 0x80000dac (0x01b5dc93) srli    s9, a1, 27
core   0: 3 0x80000dac (0x01b5dc93) x25 0x00000000
core   0: 0x80000db0 (0x00c31313) slli    t1, t1, 12
core   0: 3 0x80000db0 (0x00c31313) x 6 0xffffd000
core   0: 0x80000db4 (0x00589c33) sll     s8, a7, t0
core   0: 3 0x80000db4 (0x00589c33) x24 0xbd405d74
core   0: 0x80000db8 (0x014e16b3) sll     a3, t3, s4
core   0: 3 0x80000db8 (0x014e16b3) x13 0x00000000
core   0: 0x80000dbc (0x41165313) srai    t1, a2, 17
core   0: 3 0x80000dbc (0x41165313) x 6 0x000000ce
core   0: 0x80000dc0 (0x006d68b3) or      a7, s10, t1
core   0: 3 0x80000dc0 (0x006d68b3) x17 0x67143ccf
core   0: 0x80000dc4 (0x974ff093) andi    ra, t6, -1676
core   0: 3 0x80000dc4 (0x974ff093) x 1 0x80014864
core   0: 0x80000dc8 (0x005b08b3) add     a7, s6, t0
core   0: 3 0x80000dc8 (0x005b08b3) x17 0x00000001
core   0: 0x80000dcc (0x01b0c5b3) xor     a1, ra, s11
core   0: 3 0x80000dcc (0x01b0c5b3) x11 0x80cf601c
core   0: 0x80000dd0 (0x415a5e93) srai    t4, s4, 21
core   0: 3 0x80000dd0 (0x415a5e93) x29 0xffffffe2
core   0: 0x80000dd4 (0x018bc5b3) xor     a1, s7, s8
core   0: 3 0x80000dd4 (0x018bc5b3) x11 0xbd405d74
core   0: 0x80000dd8 (0x01812c33) slt     s8, sp, s8
core   0: 3 0x80000dd8 (0x01812c33) x24 0x00000000
core   0: 0x80000ddc (0x514cbd13) sltiu   s10, s9, 1300
core   0: 3 0x80000ddc (0x514cbd13) x26 0x00000001
core   0: 0x80000de0 (0x81427893) andi    a7, tp, -2028
core   0: 3 0x80000de0 (0x81427893) x17 0x00000000
core   0: 0x80000de4 (0x2f47be93) sltiu   t4, a5, 756
core   0: 3 0x80000de4 (0x2f47be93) x29 0x00000000
core   0: 0x80000de8 (0x481bad93) slti    s11, s7, 1153
core   0: 3 0x80000de8 (0x481bad93) x27 0x00000001
core   0: 0x80000dec (0x01119213) slli    tp, gp, 17
core   0: 3 0x80000dec (0x01119213) x 4 0x1b400000
core   0: 0x80000df0 (0xc26f4513) xori    a0, t5, -986
core   0: 3 0x80000df0 (0xc26f4513) x10 0xfffffc24
core   0: 0x80000df4 (0x29c73593) sltiu   a1, a4, 668
core   0: 3 0x80000df4 (0x29c73593) x11 0x00000000
core   0: 0x80000df8 (0x2fbcfb17) auipc   s6, 0x2fbcf
core   0: 3 0x80000df8 (0x2fbcfb17) x22 0xafbcfdf8
core   0: 0x80000dfc (0xa650ad93) slti    s11, ra, -1435
core   0: 3 0x80000dfc (0xa650ad93) x27 0x00000001
core   0: 0x80000e00 (0x3635ed13) ori     s10, a1, 867
core   0: 3 0x80000e00 (0x3635ed13) x26 0x00000363
core   0: 0x80000e04 (0x009bd193) srli    gp, s7, 9
core   0: 3 0x80000e04 (0x009bd193) x 3 0x00000000
core   0: 0x80000e08 (0x00975393) srli    t2, a4, 9
core   0: 3 0x80000e08 (0x00975393) x 7 0x00400087
core   0: 0x80000e0c (0x3736a513) slti    a0, a3, 883
core   0: 3 0x80000e0c (0x3736a513) x10 0x00000001
core   0: 0x80000e10 (0x37353a93) sltiu   s5, a0, 883
core   0: 3 0x80000e10 (0x37353a93) x21 0x00000001
core   0: 0x80000e14 (0x404f5913) srai    s2, t5, 4
core   0: 3 0x80000e14 (0x404f5913) x18 0x00000000
core   0: 0x80000e18 (0x00000013) nop
core   0: 3 0x80000e18 (0x00000013)
core   0: 0x80000e1c (0x1cf2f813) andi    a6, t0, 463
core   0: 3 0x80000e1c (0x1cf2f813) x16 0x00000001
core   0: 0x80000e20 (0x00499693) slli    a3, s3, 4
core   0: 3 0x80000e20 (0x00499693) x13 0xeab1f670
core   0: 0x80000e24 (0x007c8933) add     s2, s9, t2
core   0: 3 0x80000e24 (0x007c8933) x18 0x00400087
core   0: 0x80000e28 (0x00261cb3) sll     s9, a2, sp
core   0: 3 0x80000e28 (0x00261cb3) x25 0x50f00000
core   0: 0x80000e2c (0x0110deb3) srl     t4, ra, a7
core   0: 3 0x80000e2c (0x0110deb3) x29 0x80014864
core   0: 0x80000e30 (0x4033de13) srai    t3, t2, 3
core   0: 3 0x80000e30 (0x4033de13) x28 0x00080010
core   0: 0x80000e34 (0xe4d93813) sltiu   a6, s2, -435
core   0: 3 0x80000e34 (0xe4d93813) x16 0x00000001
core   0: 0x80000e38 (0x01b641b3) xor     gp, a2, s11
core   0: 3 0x80000e38 (0x01b641b3) x 3 0x019c50f1
core   0: 0x80000e3c (0x40ad55b3) sra     a1, s10, a0
core   0: 3 0x80000e3c (0x40ad55b3) x11 0x000001b1
core   0: 0x80000e40 (0xe0c4af37) lui     t5, 0xe0c4a
core   0: 3 0x80000e40 (0xe0c4af37) x30 0xe0c4a000
core   0: 0x80000e44 (0x00dad193) srli    gp, s5, 13
core   0: 3 0x80000e44 (0x00dad193) x 3 0x00000000
core   0: 0x80000e48 (0x014a89b3) add     s3, s5, s4
core   0: 3 0x80000e48 (0x014a89b3) x19 0xfc439cfb
core   0: 0x80000e4c (0x00bdd2b3) srl     t0, s11, a1
core   0: 3 0x80000e4c (0x00bdd2b3) x 5 0x00000000
core   0: 0x80000e50 (0x01277f33) and     t5, a4, s2
core   0: 3 0x80000e50 (0x01277f33) x30 0x00000004
core   0: 0x80000e54 (0x00000013) nop
core   0: 3 0x80000e54 (0x00000013)
core   0: 0x80000e58 (0x40b1dd33) sra     s10, gp, a1
core   0: 3 0x80000e58 (0x40b1dd33) x26 0x00000000
core   0: 0x80000e5c (0x79a5cc13) xori    s8, a1, 1946
core   0: 3 0x80000e5c (0x79a5cc13) x24 0x0000062b
core   0: 0x80000e60 (0x01d0da13) srli    s4, ra, 29
core   0: 3 0x80000e60 (0x01d0da13) x20 0x00000004
core   0: 0x80000e64 (0x01695e13) srli    t3, s2, 22
core   0: 3 0x80000e64 (0x01695e13) x28 0x00000001
core   0: 0x80000e68 (0x56c06697) auipc   a3, 0x56c06
core   0: 3 0x80000e68 (0x56c06697) x13 0xd6c06e68
core   0: 0x80000e6c (0xe9098013) addi    zero, s3, -368
core   0: 3 0x80000e6c (0xe9098013)
core   0: 0x80000e70 (0x004c1113) slli    sp, s8, 4
core   0: 3 0x80000e70 (0x004c1113) x 2 0x000062b0
core   0: 0x80000e74 (0x00fece33) xor     t3, t4, a5
core   0: 3 0x80000e74 (0x00fece33) x28 0x7f4fd31a
core   0: 0x80000e78 (0xcaa44513) xori    a0, s0, -854
core   0: 3 0x80000e78 (0xcaa44513) x10 0xfffffcaa
core   0: 0x80000e7c (0x405d5d93) srai    s11, s10, 5
core   0: 3 0x80000e7c (0x405d5d93) x27 0x00000000
core   0: 0x80000e80 (0xa60f7e93) andi    t4, t5, -1440
core   0: 3 0x80000e80 (0xa60f7e93) x29 0x00000000
core   0: 0x80000e84 (0x515d3e13) sltiu   t3, s10, 1301
core   0: 3 0x80000e84 (0x515d3e13) x28 0x00000001
core   0: 0x80000e88 (0x405e0c33) sub     s8, t3, t0
core   0: 3 0x80000e88 (0x405e0c33) x24 0x00000001
core   0: 0x80000e8c (0x52037693) andi    a3, t1, 1312
core   0: 3 0x80000e8c (0x52037693) x13 0x00000000
core   0: 0x80000e90 (0x013a4333) xor     t1, s4, s3
core   0: 3 0x80000e90 (0x013a4333) x 6 0xfc439cff
core   0: 0x80000e94 (0x01ff9b93) slli    s7, t6, 31
core   0: 3 0x80000e94 (0x01ff9b93) x23 0x00000000
core   0: 0x80000e98 (0xca27c3b7) lui     t2, 0xca27c
core   0: 3 0x80000e98 (0xca27c3b7) x 7 0xca27c000
core   0: 0x80000e9c (0x4c31c093) xori    ra, gp, 1219
core   0: 3 0x80000e9c (0x4c31c093) x 1 0x000004c3
core   0: 0x80000ea0 (0x0096edb3) or      s11, a3, s1
core   0: 3 0x80000ea0 (0x0096edb3) x27 0xb57c2000
core   0: 0x80000ea4 (0x00000013) nop
core   0: 3 0x80000ea4 (0x00000013)
core   0: 0x80000ea8 (0xea5f2193) slti    gp, t5, -347
core   0: 3 0x80000ea8 (0xea5f2193) x 3 0x00000000
core   0: 0x80000eac (0xf02e8c13) addi    s8, t4, -254
core   0: 3 0x80000eac (0xf02e8c13) x24 0xffffff02
core   0: 0x80000eb0 (0x001bd333) srl     t1, s7, ra
core   0: 3 0x80000eb0 (0x001bd333) x 6 0x00000000
core   0: 0x80000eb4 (0x00675813) srli    a6, a4, 6
core   0: 3 0x80000eb4 (0x00675813) x16 0x02000439
core   0: 0x80000eb8 (0x9315fb93) andi    s7, a1, -1743
core   0: 3 0x80000eb8 (0x9315fb93) x23 0x00000131
core   0: 0x80000ebc (0x40fc5f13) srai    t5, s8, 15
core   0: 3 0x80000ebc (0x40fc5f13) x30 0xffffffff
core   0: 0x80000ec0 (0x4067d533) sra     a0, a5, t1
core   0: 3 0x80000ec0 (0x4067d533) x10 0xff4e9b7e
core   0: 0x80000ec4 (0x00a04b33) xor     s6, zero, a0
core   0: 3 0x80000ec4 (0x00a04b33) x22 0xff4e9b7e
core   0: 0x80000ec8 (0x00448933) add     s2, s1, tp
core   0: 3 0x80000ec8 (0x00448933) x18 0xd0bc2000
core   0: 0x80000ecc (0x40fdddb3) sra     s11, s11, a5
core   0: 3 0x80000ecc (0x40fdddb3) x27 0xfffffffe
core   0: 0x80000ed0 (0x0045b633) sltu    a2, a1, tp
core   0: 3 0x80000ed0 (0x0045b633) x12 0x00000001
core   0: 0x80000ed4 (0x2f4e8eb7) lui     t4, 0x2f4e8
core   0: 3 0x80000ed4 (0x2f4e8eb7) x29 0x2f4e8000
core   0: 0x80000ed8 (0x00b1dc93) srli    s9, gp, 11
core   0: 3 0x80000ed8 (0x00b1dc93) x25 0x00000000
core   0: 0x80000edc (0x297c2113) slti    sp, s8, 663
core   0: 3 0x80000edc (0x297c2113) x 2 0x00000001
core   0: 0x80000ee0 (0x4137d833) sra     a6, a5, s3
core   0: 3 0x80000ee0 (0x4137d833) x16 0xffffffff
core   0: 0x80000ee4 (0x01eac633) xor     a2, s5, t5
core   0: 3 0x80000ee4 (0x01eac633) x12 0xfffffffe
core   0: 0x80000ee8 (0x010d4533) xor     a0, s10, a6
core   0: 3 0x80000ee8 (0x010d4533) x10 0xffffffff
core   0: 0x80000eec (0x01eb1233) sll     tp, s6, t5
core   0: 3 0x80000eec (0x01eb1233) x 4 0x00000000
core   0: 0x80000ef0 (0x4f750d93) addi    s11, a0, 1271
core   0: 3 0x80000ef0 (0x4f750d93) x27 0x000004f6
core   0: 0x80000ef4 (0x1aa3b693) sltiu   a3, t2, 426
core   0: 3 0x80000ef4 (0x1aa3b693) x13 0x00000000
core   0: 0x80000ef8 (0xa0e6f313) andi    t1, a3, -1522
core   0: 3 0x80000ef8 (0xa0e6f313) x 6 0x00000000
core   0: 0x80000efc (0x5d6341b7) lui     gp, 0x5d634
core   0: 3 0x80000efc (0x5d6341b7) x 3 0x5d634000
core   0: 0x80000f00 (0x01f08833) add     a6, ra, t6
core   0: 3 0x80000f00 (0x01f08833) x16 0x800151a7
core   0: 0x80000f04 (0x8fe2ab93) slti    s7, t0, -1794
core   0: 3 0x80000f04 (0x8fe2ab93) x23 0x00000000
core   0: 0x80000f08 (0x19ca6d13) ori     s10, s4, 412
core   0: 3 0x80000f08 (0x19ca6d13) x26 0x0000019c
core   0: 0x80000f0c (0x008fab33) slt     s6, t6, s0
core   0: 3 0x80000f0c (0x008fab33) x22 0x00000001
core   0: 0x80000f10 (0x01eaf033) and     zero, s5, t5
core   0: 3 0x80000f10 (0x01eaf033)
core   0: 0x80000f14 (0x01099433) sll     s0, s3, a6
core   0: 3 0x80000f14 (0x01099433) x 8 0x21ce7d80
core   0: 0x80000f18 (0x7c654f13) xori    t5, a0, 1990
core   0: 3 0x80000f18 (0x7c654f13) x30 0xfffff839
core   0: 0x80000f1c (0x00000013) nop
core   0: 3 0x80000f1c (0x00000013)
core   0: 0x80000f20 (0x01f75a33) srl     s4, a4, t6
core   0: 3 0x80000f20 (0x01f75a33) x20 0x080010e6
core   0: 0x80000f24 (0x23f9a113) slti    sp, s3, 575
core   0: 3 0x80000f24 (0x23f9a113) x 2 0x00000001
core   0: 0x80000f28 (0x1b87fa97) auipc   s5, 0x1b87f
core   0: 3 0x80000f28 (0x1b87fa97) x21 0x9b87ff28
core   0: 0x80000f2c (0x1aa31637) lui     a2, 0x1aa31
core   0: 3 0x80000f2c (0x1aa31637) x12 0x1aa31000
core   0: 0x80000f30 (0xeca43e93) sltiu   t4, s0, -310
core   0: 3 0x80000f30 (0xeca43e93) x29 0x00000001
core   0: 0x80000f34 (0x01584533) xor     a0, a6, s5
core   0: 3 0x80000f34 (0x01584533) x10 0x1b86ae8f
core   0: 0x80000f38 (0x01a2c933) xor     s2, t0, s10
core   0: 3 0x80000f38 (0x01a2c933) x18 0x0000019c
core   0: 0x80000f3c (0x41b3d3b3) sra     t2, t2, s11
core   0: 3 0x80000f3c (0x41b3d3b3) x 7 0xffffff28
core   0: 0x80000f40 (0x74374d13) xori    s10, a4, 1859
core   0: 3 0x80000f40 (0x74374d13) x26 0x80010927
core   0: 0x80000f44 (0x81c61917) auipc   s2, 0x81c61
core   0: 3 0x80000f44 (0x81c61917) x18 0x01c61f44
core   0: 0x80000f48 (0x00d9f233) and     tp, s3, a3
core   0: 3 0x80000f48 (0x00d9f233) x 4 0x00000000
core   0: 0x80000f4c (0x40a45e33) sra     t3, s0, a0
core   0: 3 0x80000f4c (0x40a45e33) x28 0x0000439c
core   0: 0x80000f50 (0x40ebd093) srai    ra, s7, 14
core   0: 3 0x80000f50 (0x40ebd093) x 1 0x00000000
core   0: 0x80000f54 (0x40b68d33) sub     s10, a3, a1
core   0: 3 0x80000f54 (0x40b68d33) x26 0xfffffe4f
core   0: 0x80000f58 (0x8f768d37) lui     s10, 0x8f768
core   0: 3 0x80000f58 (0x8f768d37) x26 0x8f768000
core   0: 0x80000f5c (0x65c88f13) addi    t5, a7, 1628
core   0: 3 0x80000f5c (0x65c88f13) x30 0x0000065c
core   0: 0x80000f60 (0x6eedf093) andi    ra, s11, 1774
core   0: 3 0x80000f60 (0x6eedf093) x 1 0x000004e6
core   0: 0x80000f64 (0x0147bdb3) sltu    s11, a5, s4
core   0: 3 0x80000f64 (0x0147bdb3) x27 0x00000000
core   0: 0x80000f68 (0x01a77033) and     zero, a4, s10
core   0: 3 0x80000f68 (0x01a77033)
core   0: 0x80000f6c (0x00815d93) srli    s11, sp, 8
core   0: 3 0x80000f6c (0x00815d93) x27 0x00000000
core   0: 0x80000f70 (0x412bd893) srai    a7, s7, 18
core   0: 3 0x80000f70 (0x412bd893) x17 0x00000000
core   0: 0x80000f74 (0x000fb333) sltu    t1, t6, zero
core   0: 3 0x80000f74 (0x000fb333) x 6 0x00000000
core   0: 0x80000f78 (0x01915213) srli    tp, sp, 25
core   0: 3 0x80000f78 (0x01915213) x 4 0x00000000
core   0: 0x80000f7c (0x01d2c9b3) xor     s3, t0, t4
core   0: 3 0x80000f7c (0x01d2c9b3) x19 0x00000001
core   0: 0x80000f80 (0x00aa2ab3) slt     s5, s4, a0
core   0: 3 0x80000f80 (0x00aa2ab3) x21 0x00000001
core   0: 0x80000f84 (0x0178bdb3) sltu    s11, a7, s7
core   0: 3 0x80000f84 (0x0178bdb3) x27 0x00000000
core   0: 0x80000f88 (0x034e2813) slti    a6, t3, 52
core   0: 3 0x80000f88 (0x034e2813) x16 0x00000000
core   0: 0x80000f8c (0x019989b3) add     s3, s3, s9
core   0: 3 0x80000f8c (0x019989b3) x19 0x00000001
core   0: 0x80000f90 (0x0117e333) or      t1, a5, a7
core   0: 3 0x80000f90 (0x0117e333) x 6 0xff4e9b7e
core   0: 0x80000f94 (0x7e893d13) sltiu   s10, s2, 2024
core   0: 3 0x80000f94 (0x7e893d13) x26 0x00000000
core   0: 0x80000f98 (0x316f0893) addi    a7, t5, 790
core   0: 3 0x80000f98 (0x316f0893) x17 0x00000972
core   0: 0x80000f9c (0x01509313) slli    t1, ra, 21
core   0: 3 0x80000f9c (0x01509313) x 6 0x9cc00000
core   0: 0x80000fa0 (0x01985133) srl     sp, a6, s9
core   0: 3 0x80000fa0 (0x01985133) x 2 0x00000000
core   0: 0x80000fa4 (0x4081d913) srai    s2, gp, 8
core   0: 3 0x80000fa4 (0x4081d913) x18 0x005d6340
core   0: 0x80000fa8 (0xf01a7813) andi    a6, s4, -255
core   0: 3 0x80000fa8 (0xf01a7813) x16 0x08001000
core   0: 0x80000fac (0x41efdeb3) sra     t4, t6, t5
core   0: 3 0x80000fac (0x41efdeb3) x29 0xfffffff8
core   0: 0x80000fb0 (0x4015d813) srai    a6, a1, 1
core   0: 3 0x80000fb0 (0x4015d813) x16 0x000000d8
core   0: 0x80000fb4 (0x014602b3) add     t0, a2, s4
core   0: 3 0x80000fb4 (0x014602b3) x 5 0x22a320e6
core   0: 0x80000fb8 (0xa305c313) xori    t1, a1, -1488
core   0: 3 0x80000fb8 (0xa305c313) x 6 0xfffffb81
core   0: 0x80000fbc (0x2c2fabb7) lui     s7, 0x2c2fa
core   0: 3 0x80000fbc (0x2c2fabb7) x23 0x2c2fa000
core   0: 0x80000fc0 (0x014e24b3) slt     s1, t3, s4
core   0: 3 0x80000fc0 (0x014e24b3) x 9 0x00000001
core   0: 0x80000fc4 (0x007ca333) slt     t1, s9, t2
core   0: 3 0x80000fc4 (0x007ca333) x 6 0x00000000
core   0: 0x80000fc8 (0x14402e37) lui     t3, 0x14402
core   0: 3 0x80000fc8 (0x14402e37) x28 0x14402000
core   0: 0x80000fcc (0x8600bd93) sltiu   s11, ra, -1952
core   0: 3 0x80000fcc (0x8600bd93) x27 0x00000001
core   0: 0x80000fd0 (0x6ff1c013) xori    zero, gp, 1791
core   0: 3 0x80000fd0 (0x6ff1c013)
core   0: 0x80000fd4 (0x4bbfaf13) slti    t5, t6, 1211
core   0: 3 0x80000fd4 (0x4bbfaf13) x30 0x00000001
core   0: 0x80000fd8 (0x00000013) nop
core   0: 3 0x80000fd8 (0x00000013)
core   0: 0x80000fdc (0xd5ba76b7) lui     a3, 0xd5ba7
core   0: 3 0x80000fdc (0xd5ba76b7) x13 0xd5ba7000
core   0: 0x80000fe0 (0x003a2b33) slt     s6, s4, gp
core   0: 3 0x80000fe0 (0x003a2b33) x22 0x00000001
core   0: 0x80000fe4 (0x00af41b3) xor     gp, t5, a0
core   0: 3 0x80000fe4 (0x00af41b3) x 3 0x1b86ae8e
core   0: 0x80000fe8 (0x41645c33) sra     s8, s0, s6
core   0: 3 0x80000fe8 (0x41645c33) x24 0x10e73ec0
core   0: 0x80000fec (0x00d94cb3) xor     s9, s2, a3
core   0: 3 0x80000fec (0x00d94cb3) x25 0xd5e71340
core   0: 0x80000ff0 (0x40785e13) srai    t3, a6, 7
core   0: 3 0x80000ff0 (0x40785e13) x28 0x00000001
core   0: 0x80000ff4 (0x39d20c13) addi    s8, tp, 925
core   0: 3 0x80000ff4 (0x39d20c13) x24 0x0000039d
core   0: 0x80000ff8 (0xa8494f17) auipc   t5, 0xa8494
core   0: 3 0x80000ff8 (0xa8494f17) x30 0x28494ff8
core   0: 0x80000ffc (0x1f80c893) xori    a7, ra, 504
core   0: 3 0x80000ffc (0x1f80c893) x17 0x0000051e
core   0: 0x80001000 (0x008e3333) sltu    t1, t3, s0
core   0: 3 0x80001000 (0x008e3333) x 6 0x00000001
core   0: 0x80001004 (0x907be313) ori     t1, s7, -1785
core   0: 3 0x80001004 (0x907be313) x 6 0xfffff907
core   0: 0x80001008 (0xdb4aa613) slti    a2, s5, -588
core   0: 3 0x80001008 (0xdb4aa613) x12 0x00000000
core   0: 0x8000100c (0x01a81f33) sll     t5, a6, s10
core   0: 3 0x8000100c (0x01a81f33) x30 0x000000d8
core   0: 0x80001010 (0x4079d3b3) sra     t2, s3, t2
core   0: 3 0x80001010 (0x4079d3b3) x 7 0x00000000
core   0: 0x80001014 (0x00093b33) sltu    s6, s2, zero
core   0: 3 0x80001014 (0x00093b33) x22 0x00000000
core   0: 0x80001018 (0x5146cf37) lui     t5, 0x5146c
core   0: 3 0x80001018 (0x5146cf37) x30 0x5146c000
core   0: 0x8000101c (0x405d5db3) sra     s11, s10, t0
core   0: 3 0x8000101c (0x405d5db3) x27 0x00000000
core   0: 0x80001020 (0x01de4b33) xor     s6, t3, t4
core   0: 3 0x80001020 (0x01de4b33) x22 0xfffffff9
core   0: 0x80001024 (0x018ec8b3) xor     a7, t4, s8
core   0: 3 0x80001024 (0x018ec8b3) x17 0xfffffc65
core   0: 0x80001028 (0x00000013) nop
core   0: 3 0x80001028 (0x00000013)
core   0: 0x8000102c (0x75b00a93) li      s5, 1883
core   0: 3 0x8000102c (0x75b00a93) x21 0x0000075b
core   0: 0x80001030 (0xdd8b8637) lui     a2, 0xdd8b8
core   0: 3 0x80001030 (0xdd8b8637) x12 0xdd8b8000
core   0: 0x80001034 (0x00e7a8b3) slt     a7, a5, a4
core   0: 3 0x80001034 (0x00e7a8b3) x17 0x00000000
core   0: 0x80001038 (0x002a5293) srli    t0, s4, 2
core   0: 3 0x80001038 (0x002a5293) x 5 0x02000439
core   0: 0x8000103c (0x76747a93) andi    s5, s0, 1895
core   0: 3 0x8000103c (0x76747a93) x21 0x00000500
core   0: 0x80001040 (0x00b0cf33) xor     t5, ra, a1
core   0: 3 0x80001040 (0x00b0cf33) x30 0x00000557
core   0: 0x80001044 (0x00000013) nop
core   0: 3 0x80001044 (0x00000013)
core   0: 0x80001048 (0x01d5b533) sltu    a0, a1, t4
core   0: 3 0x80001048 (0x01d5b533) x10 0x00000001
core   0: 0x8000104c (0x3b57b993) sltiu   s3, a5, 949
core   0: 3 0x8000104c (0x3b57b993) x19 0x00000000
core   0: 0x80001050 (0xbcd77693) andi    a3, a4, -1075
core   0: 3 0x80001050 (0xbcd77693) x13 0x80010a44
core   0: 0x80001054 (0x40060833) sub     a6, a2, zero
core   0: 3 0x80001054 (0x40060833) x16 0xdd8b8000
core   0: 0x80001058 (0xb4772613) slti    a2, a4, -1209
core   0: 3 0x80001058 (0xb4772613) x12 0x00000001
core   0: 0x8000105c (0x410dd293) srai    t0, s11, 16
core   0: 3 0x8000105c (0x410dd293) x 5 0x00000000
core   0: 0x80001060 (0x00ad2133) slt     sp, s10, a0
core   0: 3 0x80001060 (0x00ad2133) x 2 0x00000001
core   0: 0x80001064 (0x01a5d1b3) srl     gp, a1, s10
core   0: 3 0x80001064 (0x01a5d1b3) x 3 0x000001b1
core   0: 0x80001068 (0x41660533) sub     a0, a2, s6
core   0: 3 0x80001068 (0x41660533) x10 0x00000008
core   0: 0x8000106c (0x00679cb3) sll     s9, a5, t1
core   0: 3 0x8000106c (0x00679cb3) x25 0xa74dbf00
core   0: 0x80001070 (0x540c2693) slti    a3, s8, 1344
core   0: 3 0x80001070 (0x540c2693) x13 0x00000001
core   0: 0x80001074 (0xdf478913) addi    s2, a5, -524
core   0: 3 0x80001074 (0xdf478913) x18 0xff4e9972
core   0: 0x80001078 (0x006cadb3) slt     s11, s9, t1
core   0: 3 0x80001078 (0x006cadb3) x27 0x00000001
core   0: 0x8000107c (0x000bdc33) srl     s8, s7, zero
core   0: 3 0x8000107c (0x000bdc33) x24 0x2c2fa000
core   0: 0x80001080 (0x01b83cb3) sltu    s9, a6, s11
core   0: 3 0x80001080 (0x01b83cb3) x25 0x00000000
core   0: 0x80001084 (0x41a1da13) srai    s4, gp, 26
core   0: 3 0x80001084 (0x41a1da13) x20 0x00000000
core   0: 0x80001088 (0x00000013) nop
core   0: 3 0x80001088 (0x00000013)
core   0: 0x8000108c (0x5d078993) addi    s3, a5, 1488
core   0: 3 0x8000108c (0x5d078993) x19 0xff4ea14e
core   0: 0x80001090 (0x01416433) or      s0, sp, s4
core   0: 3 0x80001090 (0x01416433) x 8 0x00000001
core   0: 0x80001094 (0x01d084b3) add     s1, ra, t4
core   0: 3 0x80001094 (0x01d084b3) x 9 0x000004de
core   0: 0x80001098 (0x17660513) addi    a0, a2, 374
core   0: 3 0x80001098 (0x17660513) x10 0x00000177
core   0: 0x8000109c (0x0093fab3) and     s5, t2, s1
core   0: 3 0x8000109c (0x0093fab3) x21 0x00000000
core   0: 0x800010a0 (0xe8faab13) slti    s6, s5, -369
core   0: 3 0x800010a0 (0xe8faab13) x22 0x00000000
core   0: 0x800010a4 (0x401b8533) sub     a0, s7, ra
core   0: 3 0x800010a4 (0x401b8533) x10 0x2c2f9b1a
core   0: 0x800010a8 (0x750f6b13) ori     s6, t5, 1872
core   0: 3 0x800010a8 (0x750f6b13) x22 0x00000757
core   0: 0x800010ac (0x8b5ac993) xori    s3, s5, -1867
core   0: 3 0x800010ac (0x8b5ac993) x19 0xfffff8b5
core   0: 0x800010b0 (0x003bd633) srl     a2, s7, gp
core   0: 3 0x800010b0 (0x003bd633) x12 0x00001617
core   0: 0x800010b4 (0xa2837593) andi    a1, t1, -1496
core   0: 3 0x800010b4 (0xa2837593) x11 0xfffff800
core   0: 0x800010b8 (0x01322c33) slt     s8, tp, s3
core   0: 3 0x800010b8 (0x01322c33) x24 0x00000000
core   0: 0x800010bc (0x00a7b833) sltu    a6, a5, a0
core   0: 3 0x800010bc (0x00a7b833) x16 0x00000000
core   0: 0x800010c0 (0xf6933113) sltiu   sp, t1, -151
core   0: 3 0x800010c0 (0xf6933113) x 2 0x00000001
core   0: 0x800010c4 (0x45cca5b7) lui     a1, 0x45cca
core   0: 3 0x800010c4 (0x45cca5b7) x11 0x45cca000
core   0: 0x800010c8 (0x01f51833) sll     a6, a0, t6
core   0: 3 0x800010c8 (0x01f51833) x16 0xc2f9b1a0
core   0: 0x800010cc (0x41770ab3) sub     s5, a4, s7
core   0: 3 0x800010cc (0x41770ab3) x21 0x53d16e64
core   0: 0x800010d0 (0x8b287213) andi    tp, a6, -1870
core   0: 3 0x800010d0 (0x8b287213) x 4 0xc2f9b0a0
core   0: 0x800010d4 (0x00c22033) slt     zero, tp, a2
core   0: 3 0x800010d4 (0x00c22033)
core   0: 0x800010d8 (0x34d83393) sltiu   t2, a6, 845
core   0: 3 0x800010d8 (0x34d83393) x 7 0x00000000
core   0: 0x800010dc (0x01b32133) slt     sp, t1, s11
core   0: 3 0x800010dc (0x01b32133) x 2 0x00000001
core   0: 0x800010e0 (0x0b67cc13) xori    s8, a5, 182
core   0: 3 0x800010e0 (0x0b67cc13) x24 0xff4e9bc8
core   0: 0x800010e4 (0x00000013) nop
core   0: 3 0x800010e4 (0x00000013)
core   0: 0x800010e8 (0x010b49b3) xor     s3, s6, a6
core   0: 3 0x800010e8 (0x010b49b3) x19 0xc2f9b6f7
core   0: 0x800010ec (0x00000013) nop
core   0: 3 0x800010ec (0x00000013)
core   0: 0x800010f0 (0x00d51693) slli    a3, a0, 13
core   0: 3 0x800010f0 (0x00d51693) x13 0xf3634000
core   0: 0x800010f4 (0x41aed8b3) sra     a7, t4, s10
core   0: 3 0x800010f4 (0x41aed8b3) x17 0xfffffff8
core   0: 0x800010f8 (0x00000013) nop
core   0: 3 0x800010f8 (0x00000013)
core   0: 0x800010fc (0x467ab693) sltiu   a3, s5, 1127
core   0: 3 0x800010fc (0x467ab693) x13 0x00000000
core   0: 0x80001100 (0x012eb833) sltu    a6, t4, s2
core   0: 3 0x80001100 (0x012eb833) x16 0x00000000
core   0: 0x80001104 (0x79822393) slti    t2, tp, 1944
core   0: 3 0x80001104 (0x79822393) x 7 0x00000001
core   0: 0x80001108 (0x017cda13) srli    s4, s9, 23
core   0: 3 0x80001108 (0x017cda13) x20 0x00000000
core   0: 0x8000110c (0x41630f33) sub     t5, t1, s6
core   0: 3 0x8000110c (0x41630f33) x30 0xfffff1b0
core   0: 0x80001110 (0x008b64b3) or      s1, s6, s0
core   0: 3 0x80001110 (0x008b64b3) x 9 0x00000757
core   0: 0x80001114 (0x0183c833) xor     a6, t2, s8
core   0: 3 0x80001114 (0x0183c833) x16 0xff4e9bc9
core   0: 0x80001118 (0xb9400c93) li      s9, -1132
core   0: 3 0x80001118 (0xb9400c93) x25 0xfffffb94
core   0: 0x8000111c (0xfe7ff293) andi    t0, t6, -25
core   0: 3 0x8000111c (0xfe7ff293) x 5 0x80014ce4
core   0: 0x80001120 (0x00cd1313) slli    t1, s10, 12
core   0: 3 0x80001120 (0x00cd1313) x 6 0x00000000
core   0: 0x80001124 (0x018dd093) srli    ra, s11, 24
core   0: 3 0x80001124 (0x018dd093) x 1 0x00000000
core   0: 0x80001128 (0x01bfdab3) srl     s5, t6, s11
core   0: 3 0x80001128 (0x01bfdab3) x21 0x4000a672
core   0: 0x8000112c (0x76ff6897) auipc   a7, 0x76ff6
core   0: 3 0x8000112c (0x76ff6897) x17 0xf6ff712c
core   0: 0x80001130 (0x00f29133) sll     sp, t0, a5
core   0: 3 0x80001130 (0x00f29133) x 2 0x00000000
core   0: 0x80001134 (0x00522db3) slt     s11, tp, t0
core   0: 3 0x80001134 (0x00522db3) x27 0x00000000
core   0: 0x80001138 (0x4139d193) srai    gp, s3, 19
core   0: 3 0x80001138 (0x4139d193) x 3 0xfffff85f
core   0: 0x8000113c (0x11f17b93) andi    s7, sp, 287
core   0: 3 0x8000113c (0x11f17b93) x23 0x00000000
core   0: 0x80001140 (0x00a21133) sll     sp, tp, a0
core   0: 3 0x80001140 (0x00a21133) x 2 0x80000000
core   0: 0x80001144 (0x00000013) nop
core   0: 3 0x80001144 (0x00000013)
core   0: 0x80001148 (0x41010f33) sub     t5, sp, a6
core   0: 3 0x80001148 (0x41010f33) x30 0x80b16437
core   0: 0x8000114c (0x1618ba13) sltiu   s4, a7, 353
core   0: 3 0x8000114c (0x1618ba13) x20 0x00000000
core   0: 0x80001150 (0x01e5ca33) xor     s4, a1, t5
core   0: 3 0x80001150 (0x01e5ca33) x20 0xc57dc437
core   0: 0x80001154 (0x002fd993) srli    s3, t6, 2
core   0: 3 0x80001154 (0x002fd993) x19 0x20005339
core   0: 0x80001158 (0x37212813) slti    a6, sp, 882
core   0: 3 0x80001158 (0x37212813) x16 0x00000001
core   0: 0x8000115c (0x183de537) lui     a0, 0x183de
core   0: 3 0x8000115c (0x183de537) x10 0x183de000
core   0: 0x80001160 (0x0132d613) srli    a2, t0, 19
core   0: 3 0x80001160 (0x0132d613) x12 0x00001000
core   0: 0x80001164 (0x409c5cb3) sra     s9, s8, s1
core   0: 3 0x80001164 (0x409c5cb3) x25 0xfffffffe
core   0: 0x80001168 (0x015f2033) slt     zero, t5, s5
core   0: 3 0x80001168 (0x015f2033)
core   0: 0x8000116c (0xf5320313) addi    t1, tp, -173
core   0: 3 0x8000116c (0xf5320313) x 6 0xc2f9aff3
core   0: 0x80001170 (0xb4cfa593) slti    a1, t6, -1204
core   0: 3 0x80001170 (0xb4cfa593) x11 0x00000001
core   0: 0x80001174 (0x29442d93) slti    s11, s0, 660
core   0: 3 0x80001174 (0x29442d93) x27 0x00000001
core   0: 0x80001178 (0x00374bb3) xor     s7, a4, gp
core   0: 3 0x80001178 (0x00374bb3) x23 0x7ffef63b
core   0: 0x8000117c (0x0045f933) and     s2, a1, tp
core   0: 3 0x8000117c (0x0045f933) x18 0x00000000
core   0: 0x80001180 (0x012079b3) and     s3, zero, s2
core   0: 3 0x80001180 (0x012079b3) x19 0x00000000
core   0: 0x80001184 (0x40b300b3) sub     ra, t1, a1
core   0: 3 0x80001184 (0x40b300b3) x 1 0xc2f9aff2
core   0: 0x80001188 (0x414d5c93) srai    s9, s10, 20
core   0: 3 0x80001188 (0x414d5c93) x25 0x00000000
core   0: 0x8000118c (0x01489533) sll     a0, a7, s4
core   0: 3 0x8000118c (0x01489533) x10 0x96000000
core   0: 0x80001190 (0x543dc013) xori    zero, s11, 1347
core   0: 3 0x80001190 (0x543dc013)
core   0: 0x80001194 (0x28944a93) xori    s5, s0, 649
core   0: 3 0x80001194 (0x28944a93) x21 0x00000288
core   0: 0x80001198 (0x41960833) sub     a6, a2, s9
core   0: 3 0x80001198 (0x41960833) x16 0x00001000
core   0: 0x8000119c (0x258e8113) addi    sp, t4, 600
core   0: 3 0x8000119c (0x258e8113) x 2 0x00000250
core   0: 0x800011a0 (0xf314f013) andi    zero, s1, -207
core   0: 3 0x800011a0 (0xf314f013)
core   0: 0x800011a4 (0xccfa6213) ori     tp, s4, -817
core   0: 3 0x800011a4 (0xccfa6213) x 4 0xfffffcff
core   0: 0x800011a8 (0x00000013) nop
core   0: 3 0x800011a8 (0x00000013)
core   0: 0x800011ac (0x01f89e93) slli    t4, a7, 31
core   0: 3 0x800011ac (0x01f89e93) x29 0x00000000
core   0: 0x800011b0 (0x01f84db3) xor     s11, a6, t6
core   0: 3 0x800011b0 (0x01f84db3) x27 0x80015ce4
core   0: 0x800011b4 (0x01d0a1b3) slt     gp, ra, t4
core   0: 3 0x800011b4 (0x01d0a1b3) x 3 0x00000001
core   0: 0x800011b8 (0x01a403b3) add     t2, s0, s10
core   0: 3 0x800011b8 (0x01a403b3) x 7 0x00000001
core   0: 0x800011bc (0x0030d3b3) srl     t2, ra, gp
core   0: 3 0x800011bc (0x0030d3b3) x 7 0x617cd7f9
core   0: 0x800011c0 (0xcfc2a693) slti    a3, t0, -772
core   0: 3 0x800011c0 (0xcfc2a693) x13 0x00000001
core   0: 0x800011c4 (0x00000013) nop
core   0: 3 0x800011c4 (0x00000013)
core   0: 0x800011c8 (0x97433013) sltiu   zero, t1, -1676
core   0: 3 0x800011c8 (0x97433013)
core   0: 0x800011cc (0x01c4cbb3) xor     s7, s1, t3
core   0: 3 0x800011cc (0x01c4cbb3) x23 0x00000756
core   0: 0x800011d0 (0x2203ba13) sltiu   s4, t2, 544
core   0: 3 0x800011d0 (0x2203ba13) x20 0x00000000
core   0: 0x800011d4 (0x01615293) srli    t0, sp, 22
core   0: 3 0x800011d4 (0x01615293) x 5 0x00000000
core   0: 0x800011d8 (0x411d0eb3) sub     t4, s10, a7
core   0: 3 0x800011d8 (0x411d0eb3) x29 0x09008ed4
core   0: 0x800011dc (0x02b080b7) lui     ra, 0x2b08
core   0: 3 0x800011dc (0x02b080b7) x 1 0x02b08000
core   0: 0x800011e0 (0x01b466b3) or      a3, s0, s11
core   0: 3 0x800011e0 (0x01b466b3) x13 0x80015ce5
core   0: 0x800011e4 (0x0914e413) ori     s0, s1, 145
core   0: 3 0x800011e4 (0x0914e413) x 8 0x000007d7
core   0: 0x800011e8 (0x00609c13) slli    s8, ra, 6
core   0: 3 0x800011e8 (0x00609c13) x24 0xac200000
core   0: 0x800011ec (0x308e1537) lui     a0, 0x308e1
core   0: 3 0x800011ec (0x308e1537) x10 0x308e1000
core   0: 0x800011f0 (0x00a7ad33) slt     s10, a5, a0
core   0: 3 0x800011f0 (0x00a7ad33) x26 0x00000001
core   0: 0x800011f4 (0x405ad493) srai    s1, s5, 5
core   0: 3 0x800011f4 (0x405ad493) x 9 0x00000014
core   0: 0x800011f8 (0x01431a33) sll     s4, t1, s4
core   0: 3 0x800011f8 (0x01431a33) x20 0xc2f9aff3
core   0: 0x800011fc (0x00b0dbb3) srl     s7, ra, a1
core   0: 3 0x800011fc (0x00b0dbb3) x23 0x01584000
core   0: 0x80001200 (0x9ecaa213) slti    tp, s5, -1556
core   0: 3 0x80001200 (0x9ecaa213) x 4 0x00000000
core   0: 0x80001204 (0xe187e613) ori     a2, a5, -488
core   0: 3 0x80001204 (0xe187e613) x12 0xffffff7e
core   0: 0x80001208 (0x00320c33) add     s8, tp, gp
core   0: 3 0x80001208 (0x00320c33) x24 0x00000001
core   0: 0x8000120c (0x09690213) addi    tp, s2, 150
core   0: 3 0x8000120c (0x09690213) x 4 0x00000096
core   0: 0x80001210 (0xd7ec4d93) xori    s11, s8, -642
core   0: 3 0x80001210 (0xd7ec4d93) x27 0xfffffd7f
core   0: 0x80001214 (0x015b91b3) sll     gp, s7, s5
core   0: 3 0x80001214 (0x015b91b3) x 3 0x58400000
core   0: 0x80001218 (0x01698db3) add     s11, s3, s6
core   0: 3 0x80001218 (0x01698db3) x27 0x00000757
core   0: 0x8000121c (0x41dc5493) srai    s1, s8, 29
core   0: 3 0x8000121c (0x41dc5493) x 9 0x00000000
core   0: 0x80001220 (0x41e20d33) sub     s10, tp, t5
core   0: 3 0x80001220 (0x41e20d33) x26 0x7f4e9c5f
core   0: 0x80001224 (0x2ae6af13) slti    t5, a3, 686
core   0: 3 0x80001224 (0x2ae6af13) x30 0x00000001
core   0: 0x80001228 (0x00000013) nop
core   0: 3 0x80001228 (0x00000013)
core   0: 0x8000122c (0x01d04433) xor     s0, zero, t4
core   0: 3 0x8000122c (0x01d04433) x 8 0x09008ed4
core   0: 0x80001230 (0x01325093) srli    ra, tp, 19
core   0: 3 0x80001230 (0x01325093) x 1 0x00000000
core   0: 0x80001234 (0x01666eb3) or      t4, a2, s6
core   0: 3 0x80001234 (0x01666eb3) x29 0xffffff7f
core   0: 0x80001238 (0x017921b3) slt     gp, s2, s7
core   0: 3 0x80001238 (0x017921b3) x 3 0x00000001
core   0: 0x8000123c (0x4040de13) srai    t3, ra, 4
core   0: 3 0x8000123c (0x4040de13) x28 0x00000000
core   0: 0x80001240 (0x017a9113) slli    sp, s5, 23
core   0: 3 0x80001240 (0x017a9113) x 2 0x44000000
core   0: 0x80001244 (0x1cbab213) sltiu   tp, s5, 459
core   0: 3 0x80001244 (0x1cbab213) x 4 0x00000000
core   0: 0x80001248 (0xf6286993) ori     s3, a6, -158
core   0: 3 0x80001248 (0xf6286993) x19 0xffffff62
core   0: 0x8000124c (0x012ac633) xor     a2, s5, s2
core   0: 3 0x8000124c (0x012ac633) x12 0x00000288
core   0: 0x80001250 (0x00c89333) sll     t1, a7, a2
core   0: 3 0x80001250 (0x00c89333) x 6 0xff712c00
core   0: 0x80001254 (0x00000013) nop
core   0: 3 0x80001254 (0x00000013)
core   0: 0x80001258 (0x00179d93) slli    s11, a5, 1
core   0: 3 0x80001258 (0x00179d93) x27 0xfe9d36fc
core   0: 0x8000125c (0x01ae0db3) add     s11, t3, s10
core   0: 3 0x8000125c (0x01ae0db3) x27 0x7f4e9c5f
core   0: 0x80001260 (0x019c10b3) sll     ra, s8, s9
core   0: 3 0x80001260 (0x019c10b3) x 1 0x00000001
core   0: 0x80001264 (0x011a0433) add     s0, s4, a7
core   0: 3 0x80001264 (0x011a0433) x 8 0xb9f9211f
core   0: 0x80001268 (0xb7966193) ori     gp, a2, -1159
core   0: 3 0x80001268 (0xb7966193) x 3 0xfffffbf9
core   0: 0x8000126c (0x8dddc5b7) lui     a1, 0x8dddc
core   0: 3 0x8000126c (0x8dddc5b7) x11 0x8dddc000
core   0: 0x80001270 (0xd1d67c17) auipc   s8, 0xd1d67
core   0: 3 0x80001270 (0xd1d67c17) x24 0x51d68270
core   0: 0x80001274 (0x01d27433) and     s0, tp, t4
core   0: 3 0x80001274 (0x01d27433) x 8 0x00000000
core   0: 0x80001278 (0x861ae313) ori     t1, s5, -1951
core   0: 3 0x80001278 (0x861ae313) x 6 0xfffffae9
core   0: 0x8000127c (0xaeb27bb7) lui     s7, 0xaeb27
core   0: 3 0x8000127c (0xaeb27bb7) x23 0xaeb27000
core   0: 0x80001280 (0x057ba337) lui     t1, 0x57ba
core   0: 3 0x80001280 (0x057ba337) x 6 0x057ba000
core   0: 0x80001284 (0x41b1db13) srai    s6, gp, 27
core   0: 3 0x80001284 (0x41b1db13) x22 0xffffffff
core   0: 0x80001288 (0x003f9833) sll     a6, t6, gp
core   0: 3 0x80001288 (0x003f9833) x16 0xc8000000
core   0: 0x8000128c (0x65279297) auipc   t0, 0x65279
core   0: 3 0x8000128c (0x65279297) x 5 0xe527a28c
core   0: 0x80001290 (0xf150bb93) sltiu   s7, ra, -235
core   0: 3 0x80001290 (0xf150bb93) x23 0x00000001
core   0: 0x80001294 (0x01d75113) srli    sp, a4, 29
core   0: 3 0x80001294 (0x01d75113) x 2 0x00000004
core   0: 0x80001298 (0x00000013) nop
core   0: 3 0x80001298 (0x00000013)
core   0: 0x8000129c (0x40245e33) sra     t3, s0, sp
core   0: 3 0x8000129c (0x40245e33) x28 0x00000000
core   0: 0x800012a0 (0x13991bb7) lui     s7, 0x13991
core   0: 3 0x800012a0 (0x13991bb7) x23 0x13991000
core   0: 0x800012a4 (0x015750b3) srl     ra, a4, s5
core   0: 3 0x800012a4 (0x015750b3) x 1 0x0080010e
core   0: 0x800012a8 (0x01513cb3) sltu    s9, sp, s5
core   0: 3 0x800012a8 (0x01513cb3) x25 0x00000001
core   0: 0x800012ac (0x4178d193) srai    gp, a7, 23
core   0: 3 0x800012ac (0x4178d193) x 3 0xffffffed
core   0: 0x800012b0 (0x68ee6513) ori     a0, t3, 1678
core   0: 3 0x800012b0 (0x68ee6513) x10 0x0000068e
core   0: 0x800012b4 (0x8c30e5b7) lui     a1, 0x8c30e
core   0: 3 0x800012b4 (0x8c30e5b7) x11 0x8c30e000
core   0: 0x800012b8 (0x00000013) nop
core   0: 3 0x800012b8 (0x00000013)
core   0: 0x800012bc (0x1bef2d93) slti    s11, t5, 446
core   0: 3 0x800012bc (0x1bef2d93) x27 0x00000001
core   0: 0x800012c0 (0xae62ab17) auipc   s6, 0xae62a
core   0: 3 0x800012c0 (0xae62ab17) x22 0x2e62b2c0
core   0: 0x800012c4 (0x40c1d093) srai    ra, gp, 12
core   0: 3 0x800012c4 (0x40c1d093) x 1 0xffffffff
core   0: 0x800012c8 (0x004ede33) srl     t3, t4, tp
core   0: 3 0x800012c8 (0x004ede33) x28 0xffffff7f
core   0: 0x800012cc (0x00ad3533) sltu    a0, s10, a0
core   0: 3 0x800012cc (0x00ad3533) x10 0x00000000
core   0: 0x800012d0 (0x00000013) nop
core   0: 3 0x800012d0 (0x00000013)
core   0: 0x800012d4 (0x205d8d93) addi    s11, s11, 517
core   0: 3 0x800012d4 (0x205d8d93) x27 0x00000206
core   0: 0x800012d8 (0xe4859317) auipc   t1, 0xe4859
core   0: 3 0x800012d8 (0xe4859317) x 6 0x6485a2d8
core   0: 0x800012dc (0x6210fc13) andi    s8, ra, 1569
core   0: 3 0x800012dc (0x6210fc13) x24 0x00000621
core   0: 0x800012e0 (0x0d5c3b93) sltiu   s7, s8, 213
core   0: 3 0x800012e0 (0x0d5c3b93) x23 0x00000000
core   0: 0x800012e4 (0x4074db93) srai    s7, s1, 7
core   0: 3 0x800012e4 (0x4074db93) x23 0x00000000
core   0: 0x800012e8 (0x01449813) slli    a6, s1, 20
core   0: 3 0x800012e8 (0x01449813) x16 0x00000000
core   0: 0x800012ec (0xd95b6e17) auipc   t3, 0xd95b6
core   0: 3 0x800012ec (0xd95b6e17) x28 0x595b72ec
core   0: 0x800012f0 (0x00000013) nop
core   0: 3 0x800012f0 (0x00000013)
core   0: 0x800012f4 (0x41088b33) sub     s6, a7, a6
core   0: 3 0x800012f4 (0x41088b33) x22 0xf6ff712c
core   0: 0x800012f8 (0xffe73613) sltiu   a2, a4, -2
core   0: 3 0x800012f8 (0xffe73613) x12 0x00000001
core   0: 0x800012fc (0xed1644b7) lui     s1, 0xed164
core   0: 3 0x800012fc (0xed1644b7) x 9 0xed164000
core   0: 0x80001300 (0x985f2113) slti    sp, t5, -1659
core   0: 3 0x80001300 (0x985f2113) x 2 0x00000000
core   0: 0x80001304 (0x9367a293) slti    t0, a5, -1738
core   0: 3 0x80001304 (0x9367a293) x 5 0x00000001
core   0: 0x80001308 (0x00826b33) or      s6, tp, s0
core   0: 3 0x80001308 (0x00826b33) x22 0x00000000
core   0: 0x8000130c (0xd4dac897) auipc   a7, 0xd4dac
core   0: 3 0x8000130c (0xd4dac897) x17 0x54dad30c
core   0: 0x80001310 (0x01c8cf33) xor     t5, a7, t3
core   0: 3 0x80001310 (0x01c8cf33) x30 0x0d81a1e0
core   0: 0x80001314 (0x00f9d993) srli    s3, s3, 15
core   0: 3 0x80001314 (0x00f9d993) x19 0x0001ffff
core   0: 0x80001318 (0x17966b13) ori     s6, a2, 377
core   0: 3 0x80001318 (0x17966b13) x22 0x00000179
core   0: 0x8000131c (0xe7a8ab13) slti    s6, a7, -390
core   0: 3 0x8000131c (0xe7a8ab13) x22 0x00000000
core   0: 0x80001320 (0x01fe1f33) sll     t5, t3, t6
core   0: 3 0x80001320 (0x01fe1f33) x30 0x95b72ec0
core   0: 0x80001324 (0x6570e593) ori     a1, ra, 1623
core   0: 3 0x80001324 (0x6570e593) x11 0xffffffff
core   0: 0x80001328 (0xd31c8393) addi    t2, s9, -719
core   0: 3 0x80001328 (0xd31c8393) x 7 0xfffffd32
core   0: 0x8000132c (0x0039f633) and     a2, s3, gp
core   0: 3 0x8000132c (0x0039f633) x12 0x0001ffed
core   0: 0x80001330 (0x1ed80e93) addi    t4, a6, 493
core   0: 3 0x80001330 (0x1ed80e93) x29 0x000001ed
core   0: 0x80001334 (0x10a31537) lui     a0, 0x10a31
core   0: 3 0x80001334 (0x10a31537) x10 0x10a31000
core   0: 0x80001338 (0x228b0817) auipc   a6, 0x228b0
core   0: 3 0x80001338 (0x228b0817) x16 0xa28b1338
core   0: 0x8000133c (0x01856633) or      a2, a0, s8
core   0: 3 0x8000133c (0x01856633) x12 0x10a31621
core   0: 0x80001340 (0x41c9dab3) sra     s5, s3, t3
core   0: 3 0x80001340 (0x41c9dab3) x21 0x0000001f
core   0: 0x80001344 (0x00422bb3) slt     s7, tp, tp
core   0: 3 0x80001344 (0x00422bb3) x23 0x00000000
core   0: 0x80001348 (0x0da58813) addi    a6, a1, 218
core   0: 3 0x80001348 (0x0da58813) x16 0x000000d9
core   0: 0x8000134c (0x01194833) xor     a6, s2, a7
core   0: 3 0x8000134c (0x01194833) x16 0x54dad30c
core   0: 0x80001350 (0x017860b3) or      ra, a6, s7
core   0: 3 0x80001350 (0x017860b3) x 1 0x54dad30c
core   0: 0x80001354 (0x01082033) slt     zero, a6, a6
core   0: 3 0x80001354 (0x01082033)
core   0: 0x80001358 (0x0111f3b3) and     t2, gp, a7
core   0: 3 0x80001358 (0x0111f3b3) x 7 0x54dad30c
core   0: 0x8000135c (0x88c2cb13) xori    s6, t0, -1908
core   0: 3 0x8000135c (0x88c2cb13) x22 0xfffff88d
core   0: 0x80001360 (0xff04a913) slti    s2, s1, -16
core   0: 3 0x80001360 (0xff04a913) x18 0x00000001
core   0: 0x80001364 (0x01a7e3b3) or      t2, a5, s10
core   0: 3 0x80001364 (0x01a7e3b3) x 7 0xff4e9f7f
core   0: 0x80001368 (0x00000013) nop
core   0: 3 0x80001368 (0x00000013)
core   0: 0x8000136c (0x007e5193) srli    gp, t3, 7
core   0: 3 0x8000136c (0x007e5193) x 3 0x00b2b6e5
core   0: 0x80001370 (0x511f8e93) addi    t4, t6, 1297
core   0: 3 0x80001370 (0x511f8e93) x29 0x800151f5
core   0: 0x80001374 (0xcea0cb13) xori    s6, ra, -790
core   0: 3 0x80001374 (0xcea0cb13) x22 0xab252fe6
core   0: 0x80001378 (0x00fb6cb3) or      s9, s6, a5
core   0: 3 0x80001378 (0x00fb6cb3) x25 0xff6fbffe
core   0: 0x8000137c (0xb5940513) addi    a0, s0, -1191
core   0: 3 0x8000137c (0xb5940513) x10 0xfffffb59
core   0: 0x80001380 (0x00459293) slli    t0, a1, 4
core   0: 3 0x80001380 (0x00459293) x 5 0xfffffff0
core   0: 0x80001384 (0x0193f2b3) and     t0, t2, s9
core   0: 3 0x80001384 (0x0193f2b3) x 5 0xff4e9f7e
core   0: 0x80001388 (0xf9c22c93) slti    s9, tp, -100
core   0: 3 0x80001388 (0xf9c22c93) x25 0x00000000
core   0: 0x8000138c (0x01a59593) slli    a1, a1, 26
core   0: 3 0x8000138c (0x01a59593) x11 0xfc000000
core   0: 0x80001390 (0x00d81f13) slli    t5, a6, 13
core   0: 3 0x80001390 (0x00d81f13) x30 0x5a618000
core   0: 0x80001394 (0x01bf8833) add     a6, t6, s11
core   0: 3 0x80001394 (0x01bf8833) x16 0x80014eea
core   0: 0x80001398 (0x415c5a93) srai    s5, s8, 21
core   0: 3 0x80001398 (0x415c5a93) x21 0x00000000
core   0: 0x8000139c (0xdd896097) auipc   ra, 0xdd896
core   0: 3 0x8000139c (0xdd896097) x 1 0x5d89739c
core   0: 0x800013a0 (0x01d65ab3) srl     s5, a2, t4
core   0: 3 0x800013a0 (0x01d65ab3) x21 0x00000085
core   0: 0x800013a4 (0x003eceb3) xor     t4, t4, gp
core   0: 3 0x800013a4 (0x003eceb3) x29 0x80b3e710
core   0: 0x800013a8 (0x0106d633) srl     a2, a3, a6
core   0: 3 0x800013a8 (0x0106d633) x12 0x00200057
core   0: 0x800013ac (0x01b01613) slli    a2, zero, 27
core   0: 3 0x800013ac (0x01b01613) x12 0x00000000
core   0: 0x800013b0 (0x8bb37693) andi    a3, t1, -1861
core   0: 3 0x800013b0 (0x8bb37693) x13 0x6485a098
core   0: 0x800013b4 (0x436a8e93) addi    t4, s5, 1078
core   0: 3 0x800013b4 (0x436a8e93) x29 0x000004bb
core   0: 0x800013b8 (0x40af8333) sub     t1, t6, a0
core   0: 3 0x800013b8 (0x40af8333) x 6 0x8001518b
core   0: 0x800013bc (0x3e846617) auipc   a2, 0x3e846
core   0: 3 0x800013bc (0x3e846617) x12 0xbe8473bc
core   0: 0x800013c0 (0x01944d33) xor     s10, s0, s9
core   0: 3 0x800013c0 (0x01944d33) x26 0x00000000
core   0: 0x800013c4 (0x00b593b3) sll     t2, a1, a1
core   0: 3 0x800013c4 (0x00b593b3) x 7 0xfc000000
core   0: 0x800013c8 (0x58af8493) addi    s1, t6, 1418
core   0: 3 0x800013c8 (0x58af8493) x 9 0x8001526e
core   0: 0x800013cc (0x40e08133) sub     sp, ra, a4
core   0: 3 0x800013cc (0x40e08133) x 2 0xdd886538
core   0: 0x800013d0 (0xc13ffe93) andi    t4, t6, -1005
core   0: 3 0x800013d0 (0xc13ffe93) x29 0x80014c00
core   0: 0x800013d4 (0xc21fa113) slti    sp, t6, -991
core   0: 3 0x800013d4 (0xc21fa113) x 2 0x00000001
core   0: 0x800013d8 (0xf4ca7637) lui     a2, 0xf4ca7
core   0: 3 0x800013d8 (0xf4ca7637) x12 0xf4ca7000
core   0: 0x800013dc (0x01535f13) srli    t5, t1, 21
core   0: 3 0x800013dc (0x01535f13) x30 0x00000400
core   0: 0x800013e0 (0x011a5593) srli    a1, s4, 17
core   0: 3 0x800013e0 (0x011a5593) x11 0x0000617c
core   0: 0x800013e4 (0x017b3233) sltu    tp, s6, s7
core   0: 3 0x800013e4 (0x017b3233) x 4 0x00000000
core   0: 0x800013e8 (0x41405013) srai    zero, zero, 20
core   0: 3 0x800013e8 (0x41405013)
core   0: 0x800013ec (0x01e47f33) and     t5, s0, t5
core   0: 3 0x800013ec (0x01e47f33) x30 0x00000000
core   0: 0x800013f0 (0x41fed1b3) sra     gp, t4, t6
core   0: 3 0x800013f0 (0x41fed1b3) x 3 0xf80014c0
core   0: 0x800013f4 (0xdf0f0813) addi    a6, t5, -528
core   0: 3 0x800013f4 (0xdf0f0813) x16 0xfffffdf0
core   0: 0x800013f8 (0x41fb5c93) srai    s9, s6, 31
core   0: 3 0x800013f8 (0x41fb5c93) x25 0xffffffff
core   0: 0x800013fc (0x17eff513) andi    a0, t6, 382
core   0: 3 0x800013fc (0x17eff513) x10 0x00000064
core   0: 0x80001400 (0x3d103b93) sltiu   s7, zero, 977
core   0: 3 0x80001400 (0x3d103b93) x23 0x00000001
core   0: 0x80001404 (0x01d41bb3) sll     s7, s0, t4
core   0: 3 0x80001404 (0x01d41bb3) x23 0x00000000
core   0: 0x80001408 (0x00000013) nop
core   0: 3 0x80001408 (0x00000013)
core   0: 0x8000140c (0xdb38d417) auipc   s0, 0xdb38d
core   0: 3 0x8000140c (0xdb38d417) x 8 0x5b38e40c
core   0: 0x80001410 (0x2fcab613) sltiu   a2, s5, 764
core   0: 3 0x80001410 (0x2fcab613) x12 0x00000001
core   0: 0x80001414 (0x019ecbb3) xor     s7, t4, s9
core   0: 3 0x80001414 (0x019ecbb3) x23 0x7ffeb3ff
core   0: 0x80001418 (0x002f3db3) sltu    s11, t5, sp
core   0: 3 0x80001418 (0x002f3db3) x27 0x00000001
core   0: 0x8000141c (0x01d67b33) and     s6, a2, t4
core   0: 3 0x8000141c (0x01d67b33) x22 0x00000000
core   0: 0x80001420 (0x458c2d93) slti    s11, s8, 1112
core   0: 3 0x80001420 (0x458c2d93) x27 0x00000000
core   0: 0x80001424 (0x00844133) xor     sp, s0, s0
core   0: 3 0x80001424 (0x00844133) x 2 0x00000000
core   0: 0x80001428 (0x00000013) nop
core   0: 3 0x80001428 (0x00000013)
core   0: 0x8000142c (0x0158cd33) xor     s10, a7, s5
core   0: 3 0x8000142c (0x0158cd33) x26 0x54dad389
core   0: 0x80001430 (0x00d7d8b3) srl     a7, a5, a3
core   0: 3 0x80001430 (0x00d7d8b3) x17 0x000000ff
core   0: 0x80001434 (0x415ed193) srai    gp, t4, 21
core   0: 3 0x80001434 (0x415ed193) x 3 0xfffffc00
core   0: 0x80001438 (0x01f99a93) slli    s5, s3, 31
core   0: 3 0x80001438 (0x01f99a93) x21 0x80000000
core   0: 0x8000143c (0x007db333) sltu    t1, s11, t2
core   0: 3 0x8000143c (0x007db333) x 6 0x00000001
core   0: 0x80001440 (0x010c83b3) add     t2, s9, a6
core   0: 3 0x80001440 (0x010c83b3) x 7 0xfffffdef
core   0: 0x80001444 (0x00abe4b3) or      s1, s7, a0
core   0: 3 0x80001444 (0x00abe4b3) x 9 0x7ffeb3ff
core   0: 0x80001448 (0x46954a93) xori    s5, a0, 1129
core   0: 3 0x80001448 (0x46954a93) x21 0x0000040d
core   0: 0x8000144c (0x00952eb3) slt     t4, a0, s1
core   0: 3 0x8000144c (0x00952eb3) x29 0x00000001
core   0: 0x80001450 (0x0027acb3) slt     s9, a5, sp
core   0: 3 0x80001450 (0x0027acb3) x25 0x00000001
core   0: 0x80001454 (0x4127d693) srai    a3, a5, 18
core   0: 3 0x80001454 (0x4127d693) x13 0xffffffd3
core   0: 0x80001458 (0xbafc0597) auipc   a1, 0xbafc0
core   0: 3 0x80001458 (0xbafc0597) x11 0x3afc1458
core   0: 0x8000145c (0x88827c93) andi    s9, tp, -1912
core   0: 3 0x8000145c (0x88827c93) x25 0x00000000
core   0: 0x80001460 (0x0128c333) xor     t1, a7, s2
core   0: 3 0x80001460 (0x0128c333) x 6 0x000000fe
core   0: 0x80001464 (0x01145e13) srli    t3, s0, 17
core   0: 3 0x80001464 (0x01145e13) x28 0x00002d9c
core   0: 0x80001468 (0xe948e593) ori     a1, a7, -364
core   0: 3 0x80001468 (0xe948e593) x11 0xfffffeff
core   0: 0x8000146c (0x01c14e33) xor     t3, sp, t3
core   0: 3 0x8000146c (0x01c14e33) x28 0x00002d9c
core   0: 0x80001470 (0x013f7d33) and     s10, t5, s3
core   0: 3 0x80001470 (0x013f7d33) x26 0x00000000
core   0: 0x80001474 (0x00061233) sll     tp, a2, zero
core   0: 3 0x80001474 (0x00061233) x 4 0x00000001
core   0: 0x80001478 (0x7aecb813) sltiu   a6, s9, 1966
core   0: 3 0x80001478 (0x7aecb813) x16 0x00000001
core   0: 0x8000147c (0x08104e17) auipc   t3, 0x8104
core   0: 3 0x8000147c (0x08104e17) x28 0x8810547c
core   0: 0x80001480 (0x22d36697) auipc   a3, 0x22d36
core   0: 3 0x80001480 (0x22d36697) x13 0xa2d37480
core   0: 0x80001484 (0x017f5413) srli    s0, t5, 23
core   0: 3 0x80001484 (0x017f5413) x 8 0x00000000
core   0: 0x80001488 (0x41435a13) srai    s4, t1, 20
core   0: 3 0x80001488 (0x41435a13) x20 0x00000000
core   0: 0x8000148c (0x472edeb7) lui     t4, 0x472ed
core   0: 3 0x8000148c (0x472edeb7) x29 0x472ed000
core   0: 0x80001490 (0x01a59833) sll     a6, a1, s10
core   0: 3 0x80001490 (0x01a59833) x16 0xfffffeff
core   0: 0x80001494 (0x645bb913) sltiu   s2, s7, 1605
core   0: 3 0x80001494 (0x645bb913) x18 0x00000000
core   0: 0x80001498 (0xafbbf193) andi    gp, s7, -1285
core   0: 3 0x80001498 (0xafbbf193) x 3 0x7ffeb2fb
core   0: 0x8000149c (0x73176b13) ori     s6, a4, 1841
core   0: 3 0x8000149c (0x73176b13) x22 0x80010f75
core   0: 0x800014a0 (0x2bd34213) xori    tp, t1, 701
core   0: 3 0x800014a0 (0x2bd34213) x 4 0x00000243
core   0: 0x800014a4 (0x01f782b3) add     t0, a5, t6
core   0: 3 0x800014a4 (0x01f782b3) x 5 0x7f4fe862
core   0: 0x800014a8 (0x09c3db37) lui     s6, 0x9c3d
core   0: 3 0x800014a8 (0x09c3db37) x22 0x09c3d000
core   0: 0x800014ac (0x4baae613) ori     a2, s5, 1210
core   0: 3 0x800014ac (0x4baae613) x12 0x000004bf
core   0: 0x800014b0 (0x38c220b7) lui     ra, 0x38c22
core   0: 3 0x800014b0 (0x38c220b7) x 1 0x38c22000
core   0: 0x800014b4 (0x00f66833) or      a6, a2, a5
core   0: 3 0x800014b4 (0x00f66833) x16 0xff4e9fff
core   0: 0x800014b8 (0x018956b3) srl     a3, s2, s8
core   0: 3 0x800014b8 (0x018956b3) x13 0x00000000
core   0: 0x800014bc (0x01145f13) srli    t5, s0, 17
core   0: 3 0x800014bc (0x01145f13) x30 0x00000000
core   0: 0x800014c0 (0xae5ab513) sltiu   a0, s5, -1307
core   0: 3 0x800014c0 (0xae5ab513) x10 0x00000001
core   0: 0x800014c4 (0x004d4333) xor     t1, s10, tp
core   0: 3 0x800014c4 (0x004d4333) x 6 0x00000243
core   0: 0x800014c8 (0x2b107a93) andi    s5, zero, 689
core   0: 3 0x800014c8 (0x2b107a93) x21 0x00000000
core   0: 0x800014cc (0x015c5393) srli    t2, s8, 21
core   0: 3 0x800014cc (0x015c5393) x 7 0x00000000
core   0: 0x800014d0 (0x40315a93) srai    s5, sp, 3
core   0: 3 0x800014d0 (0x40315a93) x21 0x00000000
core   0: 0x800014d4 (0x41205393) srai    t2, zero, 18
core   0: 3 0x800014d4 (0x41205393) x 7 0x00000000
core   0: 0x800014d8 (0x01a2abb3) slt     s7, t0, s10
core   0: 3 0x800014d8 (0x01a2abb3) x23 0x00000000
core   0: 0x800014dc (0x4051dd33) sra     s10, gp, t0
core   0: 3 0x800014dc (0x4051dd33) x26 0x1fffacbe
core   0: 0x800014e0 (0x012615b3) sll     a1, a2, s2
core   0: 3 0x800014e0 (0x012615b3) x11 0x000004bf
core   0: 0x800014e4 (0x62512b93) slti    s7, sp, 1573
core   0: 3 0x800014e4 (0x62512b93) x23 0x00000001
core   0: 0x800014e8 (0xbc80c613) xori    a2, ra, -1080
core   0: 3 0x800014e8 (0xbc80c613) x12 0xc73ddbc8
core   0: 0x800014ec (0x3cdee113) ori     sp, t4, 973
core   0: 3 0x800014ec (0x3cdee113) x 2 0x472ed3cd
core   0: 0x800014f0 (0x0004d433) srl     s0, s1, zero
core   0: 3 0x800014f0 (0x0004d433) x 8 0x7ffeb3ff
core   0: 0x800014f4 (0x56cb2213) slti    tp, s6, 1388
core   0: 3 0x800014f4 (0x56cb2213) x 4 0x00000000
core   0: 0x800014f8 (0x000636b3) sltu    a3, a2, zero
core   0: 3 0x800014f8 (0x000636b3) x13 0x00000000
core   0: 0x800014fc (0xfd984c93) xori    s9, a6, -39
core   0: 3 0x800014fc (0xfd984c93) x25 0x00b16026
core   0: 0x80001500 (0x00fe6f33) or      t5, t3, a5
core   0: 3 0x80001500 (0x00fe6f33) x30 0xff5edf7e
core   0: 0x80001504 (0x00482a33) slt     s4, a6, tp
core   0: 3 0x80001504 (0x00482a33) x20 0x00000001
core   0: 0x80001508 (0x01389d33) sll     s10, a7, s3
core   0: 3 0x80001508 (0x01389d33) x26 0x80000000
core   0: 0x8000150c (0x9293d8b7) lui     a7, 0x9293d
core   0: 3 0x8000150c (0x9293d8b7) x17 0x9293d000
core   0: 0x80001510 (0x20cbf193) andi    gp, s7, 524
core   0: 3 0x80001510 (0x20cbf193) x 3 0x00000000
core   0: 0x80001514 (0xbcd759b7) lui     s3, 0xbcd75
core   0: 3 0x80001514 (0xbcd759b7) x19 0xbcd75000
core   0: 0x80001518 (0x409159b3) sra     s3, sp, s1
core   0: 3 0x80001518 (0x409159b3) x19 0x00000000
core   0: 0x8000151c (0x01e44033) xor     zero, s0, t5
core   0: 3 0x8000151c (0x01e44033)
core   0: 0x80001520 (0x00a7d313) srli    t1, a5, 10
core   0: 3 0x80001520 (0x00a7d313) x 6 0x003fd3a6
core   0: 0x80001524 (0xf37410b7) lui     ra, 0xf3741
core   0: 3 0x80001524 (0xf37410b7) x 1 0xf3741000
core   0: 0x80001528 (0x405f58b3) sra     a7, t5, t0
core   0: 3 0x80001528 (0x405f58b3) x17 0xffd7b7df
core   0: 0x8000152c (0x00c7db33) srl     s6, a5, a2
core   0: 3 0x8000152c (0x00c7db33) x22 0x00ff4e9b
core   0: 0x80001530 (0x01fb02b3) add     t0, s6, t6
core   0: 3 0x80001530 (0x01fb02b3) x 5 0x81009b7f
core   0: 0x80001534 (0x00000013) nop
core   0: 3 0x80001534 (0x00000013)
core   0: 0x80001538 (0x4033d2b3) sra     t0, t2, gp
core   0: 3 0x80001538 (0x4033d2b3) x 5 0x00000000
core   0: 0x8000153c (0x00e9bf33) sltu    t5, s3, a4
core   0: 3 0x8000153c (0x00e9bf33) x30 0x00000001
core   0: 0x80001540 (0x00799013) slli    zero, s3, 7
core   0: 3 0x80001540 (0x00799013)
core   0: 0x80001544 (0x00ac9233) sll     tp, s9, a0
core   0: 3 0x80001544 (0x00ac9233) x 4 0x0162c04c
core   0: 0x80001548 (0x084efb93) andi    s7, t4, 132
core   0: 3 0x80001548 (0x084efb93) x23 0x00000000
core   0: 0x8000154c (0x4028dc13) srai    s8, a7, 2
core   0: 3 0x8000154c (0x4028dc13) x24 0xfff5edf7
core   0: 0x80001550 (0x3c7e2993) slti    s3, t3, 967
core   0: 3 0x80001550 (0x3c7e2993) x19 0x00000001
core   0: 0x80001554 (0x4c33ef13) ori     t5, t2, 1219
core   0: 3 0x80001554 (0x4c33ef13) x30 0x000004c3
core   0: 0x80001558 (0x41546a13) ori     s4, s0, 1045
core   0: 3 0x80001558 (0x41546a13) x20 0x7ffeb7ff
core   0: 0x8000155c (0x15c1f617) auipc   a2, 0x15c1f
core   0: 3 0x8000155c (0x15c1f617) x12 0x95c2055c
core   0: 0x80001560 (0x002dabb3) slt     s7, s11, sp
core   0: 3 0x80001560 (0x002dabb3) x23 0x00000001
core   0: 0x80001564 (0xbd66b313) sltiu   t1, a3, -1066
core   0: 3 0x80001564 (0xbd66b313) x 6 0x00000001
core   0: 0x80001568 (0x019c0433) add     s0, s8, s9
core   0: 3 0x80001568 (0x019c0433) x 8 0x00a74e1d
core   0: 0x8000156c (0x01735693) srli    a3, t1, 23
core   0: 3 0x8000156c (0x01735693) x13 0x00000000
core   0: 0x80001570 (0x00195c93) srli    s9, s2, 1
core   0: 3 0x80001570 (0x00195c93) x25 0x00000000
core   0: 0x80001574 (0x66b61697) auipc   a3, 0x66b61
core   0: 3 0x80001574 (0x66b61697) x13 0xe6b62574
core   0: 0x80001578 (0x404301b3) sub     gp, t1, tp
core   0: 3 0x80001578 (0x404301b3) x 3 0xfe9d3fb5
core   0: 0x8000157c (0xf27ccd97) auipc   s11, 0xf27cc
core   0: 3 0x8000157c (0xf27ccd97) x27 0x727cd57c
core   0: 0x80001580 (0xfcbb9437) lui     s0, 0xfcbb9
core   0: 3 0x80001580 (0xfcbb9437) x 8 0xfcbb9000
core   0: 0x80001584 (0x010b1533) sll     a0, s6, a6
core   0: 3 0x80001584 (0x010b1533) x10 0x80000000
core   0: 0x80001588 (0x24caf893) andi    a7, s5, 588
core   0: 3 0x80001588 (0x24caf893) x17 0x00000000
core   0: 0x8000158c (0xf1c3ad13) slti    s10, t2, -228
core   0: 3 0x8000158c (0xf1c3ad13) x26 0x00000000
core   0: 0x80001590 (0x01841f33) sll     t5, s0, s8
core   0: 3 0x80001590 (0x01841f33) x30 0x00000000
core   0: 0x80001594 (0x41408db3) sub     s11, ra, s4
core   0: 3 0x80001594 (0x41408db3) x27 0x73755801
core   0: 0x80001598 (0xc2695f37) lui     t5, 0xc2695
core   0: 3 0x80001598 (0xc2695f37) x30 0xc2695000
core   0: 0x8000159c (0x32a5ca93) xori    s5, a1, 810
core   0: 3 0x8000159c (0x32a5ca93) x21 0x00000795
core   0: 0x800015a0 (0x2bcfce37) lui     t3, 0x2bcfc
core   0: 3 0x800015a0 (0x2bcfce37) x28 0x2bcfc000
core   0: 0x800015a4 (0xc5bd02b7) lui     t0, 0xc5bd0
core   0: 3 0x800015a4 (0xc5bd02b7) x 5 0xc5bd0000
core   0: 0x800015a8 (0x00891613) slli    a2, s2, 8
core   0: 3 0x800015a8 (0x00891613) x12 0x00000000
core   0: 0x800015ac (0xacd5f693) andi    a3, a1, -1331
core   0: 3 0x800015ac (0xacd5f693) x13 0x0000008d
core   0: 0x800015b0 (0x016aeeb3) or      t4, s5, s6
core   0: 3 0x800015b0 (0x016aeeb3) x29 0x00ff4f9f
core   0: 0x800015b4 (0x00000013) nop
core   0: 3 0x800015b4 (0x00000013)
core   0: 0x800015b8 (0x012c8bb3) add     s7, s9, s2
core   0: 3 0x800015b8 (0x012c8bb3) x23 0x00000000
core   0: 0x800015bc (0x0144d313) srli    t1, s1, 20
core   0: 3 0x800015bc (0x0144d313) x 6 0x000007ff
core   0: 0x800015c0 (0xb98af693) andi    a3, s5, -1128
core   0: 3 0x800015c0 (0xb98af693) x13 0x00000390
core   0: 0x800015c4 (0xb79f0013) addi    zero, t5, -1159
core   0: 3 0x800015c4 (0xb79f0013)
core   0: 0x800015c8 (0x17b5be13) sltiu   t3, a1, 379
core   0: 3 0x800015c8 (0x17b5be13) x28 0x00000000
core   0: 0x800015cc (0x404a0cb3) sub     s9, s4, tp
core   0: 3 0x800015cc (0x404a0cb3) x25 0x7e9bf7b3
core   0: 0x800015d0 (0x404d8333) sub     t1, s11, tp
core   0: 3 0x800015d0 (0x404d8333) x 6 0x721297b5
core   0: 0x800015d4 (0x2d3af413) andi    s0, s5, 723
core   0: 3 0x800015d4 (0x2d3af413) x 8 0x00000291
core   0: 0x800015d8 (0x00000013) nop
core   0: 3 0x800015d8 (0x00000013)
core   0: 0x800015dc (0x008d73b3) and     t2, s10, s0
core   0: 3 0x800015dc (0x008d73b3) x 7 0x00000000
core   0: 0x800015e0 (0x0050ea33) or      s4, ra, t0
core   0: 3 0x800015e0 (0x0050ea33) x20 0xf7fd1000
core   0: 0x800015e4 (0x01539233) sll     tp, t2, s5
core   0: 3 0x800015e4 (0x01539233) x 4 0x00000000
core   0: 0x800015e8 (0x4fa12397) auipc   t2, 0x4fa12
core   0: 3 0x800015e8 (0x4fa12397) x 7 0xcfa135e8
core   0: 0x800015ec (0xccb09317) auipc   t1, 0xccb09
core   0: 3 0x800015ec (0xccb09317) x 6 0x4cb0a5ec
core   0: 0x800015f0 (0x19e10b93) addi    s7, sp, 414
core   0: 3 0x800015f0 (0x19e10b93) x23 0x472ed56b
core   0: 0x800015f4 (0x005f04b3) add     s1, t5, t0
core   0: 3 0x800015f4 (0x005f04b3) x 9 0x88265000
core   0: 0x800015f8 (0x00480cb3) add     s9, a6, tp
core   0: 3 0x800015f8 (0x00480cb3) x25 0xff4e9fff
core   0: 0x800015fc (0x48ce3293) sltiu   t0, t3, 1164
core   0: 3 0x800015fc (0x48ce3293) x 5 0x00000001
core   0: 0x80001600 (0x29a02a93) slti    s5, zero, 666
core   0: 3 0x80001600 (0x29a02a93) x21 0x00000001
core   0: 0x80001604 (0x8ea016b7) lui     a3, 0x8ea01
core   0: 3 0x80001604 (0x8ea016b7) x13 0x8ea01000
core   0: 0x80001608 (0x00fbed33) or      s10, s7, a5
core   0: 3 0x80001608 (0x00fbed33) x26 0xff6edf7f
core   0: 0x8000160c (0x0048ebb3) or      s7, a7, tp
core   0: 3 0x8000160c (0x0048ebb3) x23 0x00000000
core   0: 0x80001610 (0x0a7dc537) lui     a0, 0xa7dc
core   0: 3 0x80001610 (0x0a7dc537) x10 0x0a7dc000
core   0: 0x80001614 (0x0e674013) xori    zero, a4, 230
core   0: 3 0x80001614 (0x0e674013)
core   0: 0x80001618 (0x013d3333) sltu    t1, s10, s3
core   0: 3 0x80001618 (0x013d3333) x 6 0x00000000
core   0: 0x8000161c (0x0154d513) srli    a0, s1, 21
core   0: 3 0x8000161c (0x0154d513) x10 0x00000441
core   0: 0x80001620 (0x00e15233) srl     tp, sp, a4
core   0: 3 0x80001620 (0x00e15233) x 4 0x0472ed3c
core   0: 0x80001624 (0x00929433) sll     s0, t0, s1
core   0: 3 0x80001624 (0x00929433) x 8 0x00000001
core   0: 0x80001628 (0x62b2a313) slti    t1, t0, 1579
core   0: 3 0x80001628 (0x62b2a313) x 6 0x00000001
core   0: 0x8000162c (0x00a2aab3) slt     s5, t0, a0
core   0: 3 0x8000162c (0x00a2aab3) x21 0x00000001
core   0: 0x80001630 (0x25b36513) ori     a0, t1, 603
core   0: 3 0x80001630 (0x25b36513) x10 0x0000025b
core   0: 0x80001634 (0x011e46b3) xor     a3, t3, a7
core   0: 3 0x80001634 (0x011e46b3) x13 0x00000000
core   0: 0x80001638 (0x41b35013) srai    zero, t1, 27
core   0: 3 0x80001638 (0x41b35013)
core   0: 0x8000163c (0x01ce4bb3) xor     s7, t3, t3
core   0: 3 0x8000163c (0x01ce4bb3) x23 0x00000000
core   0: 0x80001640 (0x00101eb3) sll     t4, zero, ra
core   0: 3 0x80001640 (0x00101eb3) x29 0x00000000
core   0: 0x80001644 (0x011c6633) or      a2, s8, a7
core   0: 3 0x80001644 (0x011c6633) x12 0xfff5edf7
core   0: 0x80001648 (0x012aa533) slt     a0, s5, s2
core   0: 3 0x80001648 (0x012aa533) x10 0x00000000
core   0: 0x8000164c (0xb9452993) slti    s3, a0, -1132
core   0: 3 0x8000164c (0xb9452993) x19 0x00000000
core   0: 0x80001650 (0x41ee8e33) sub     t3, t4, t5
core   0: 3 0x80001650 (0x41ee8e33) x28 0x3d96b000
core   0: 0x80001654 (0x01776b33) or      s6, a4, s7
core   0: 3 0x80001654 (0x01776b33) x22 0x80010e64
core   0: 0x80001658 (0xc14bcbb7) lui     s7, 0xc14bc
core   0: 3 0x80001658 (0xc14bcbb7) x23 0xc14bc000
core   0: 0x8000165c (0x0087beb3) sltu    t4, a5, s0
core   0: 3 0x8000165c (0x0087beb3) x29 0x00000000
core   0: 0x80001660 (0x00000013) nop
core   0: 3 0x80001660 (0x00000013)
core   0: 0x80001664 (0x41b88533) sub     a0, a7, s11
core   0: 3 0x80001664 (0x41b88533) x10 0x8c8aa7ff
core   0: 0x80001668 (0x938c3d17) auipc   s10, 0x938c3
core   0: 3 0x80001668 (0x938c3d17) x26 0x138c4668
core   0: 0x8000166c (0x10f34293) xori    t0, t1, 271
core   0: 3 0x8000166c (0x10f34293) x 5 0x0000010e
core   0: 0x80001670 (0xd4024513) xori    a0, tp, -704
core   0: 3 0x80001670 (0xd4024513) x10 0xfb8d107c
core   0: 0x80001674 (0x97a3fb93) andi    s7, t2, -1670
core   0: 3 0x80001674 (0x97a3fb93) x23 0xcfa13168
core   0: 0x80001678 (0x011dabb3) slt     s7, s11, a7
core   0: 3 0x80001678 (0x011dabb3) x23 0x00000000
core   0: 0x8000167c (0x41fedc33) sra     s8, t4, t6
core   0: 3 0x8000167c (0x41fedc33) x24 0x00000000
core   0: 0x80001680 (0x00a4f1b3) and     gp, s1, a0
core   0: 3 0x80001680 (0x00a4f1b3) x 3 0x88041000
core   0: 0x80001684 (0x01435393) srli    t2, t1, 20
core   0: 3 0x80001684 (0x01435393) x 7 0x00000000
core   0: 0x80001688 (0x01662a33) slt     s4, a2, s6
core   0: 3 0x80001688 (0x01662a33) x20 0x00000000
core   0: 0x8000168c (0x41415613) srai    a2, sp, 20
core   0: 3 0x8000168c (0x41415613) x12 0x00000472
core   0: 0x80001690 (0xcb697b13) andi    s6, s2, -842
core   0: 3 0x80001690 (0xcb697b13) x22 0x00000000
core   0: 0x80001694 (0x00e52333) slt     t1, a0, a4
core   0: 3 0x80001694 (0x00e52333) x 6 0x00000000
core   0: 0x80001698 (0x74223313) sltiu   t1, tp, 1858
core   0: 3 0x80001698 (0x74223313) x 6 0x00000000
core   0: 0x8000169c (0xb2b4c193) xori    gp, s1, -1237
core   0: 3 0x8000169c (0xb2b4c193) x 3 0x77d9ab2b
core   0: 0x800016a0 (0x01d3db93) srli    s7, t2, 29
core   0: 3 0x800016a0 (0x01d3db93) x23 0x00000000
core   0: 0x800016a4 (0x4152d893) srai    a7, t0, 21
core   0: 3 0x800016a4 (0x4152d893) x17 0x00000000
core   0: 0x800016a8 (0x0125abb3) slt     s7, a1, s2
core   0: 3 0x800016a8 (0x0125abb3) x23 0x00000000
core   0: 0x800016ac (0x444f6413) ori     s0, t5, 1092
core   0: 3 0x800016ac (0x444f6413) x 8 0xc2695444
core   0: 0x800016b0 (0x0157b0b3) sltu    ra, a5, s5
core   0: 3 0x800016b0 (0x0157b0b3) x 1 0x00000000
core   0: 0x800016b4 (0x016e66b3) or      a3, t3, s6
core   0: 3 0x800016b4 (0x016e66b3) x13 0x3d96b000
core   0: 0x800016b8 (0xec737093) andi    ra, t1, -313
core   0: 3 0x800016b8 (0xec737093) x 1 0x00000000
core   0: 0x800016bc (0x00409433) sll     s0, ra, tp
core   0: 3 0x800016bc (0x00409433) x 8 0x00000000
core   0: 0x800016c0 (0x36a5e193) ori     gp, a1, 874
core   0: 3 0x800016c0 (0x36a5e193) x 3 0x000007ff
core   0: 0x800016c4 (0x66427b93) andi    s7, tp, 1636
core   0: 3 0x800016c4 (0x66427b93) x23 0x00000424
core   0: 0x800016c8 (0x01874033) xor     zero, a4, s8
core   0: 3 0x800016c8 (0x01874033)
core   0: 0x800016cc (0x01ee5f13) srli    t5, t3, 30
core   0: 3 0x800016cc (0x01ee5f13) x30 0x00000000
core   0: 0x800016d0 (0x014fde13) srli    t3, t6, 20
core   0: 3 0x800016d0 (0x014fde13) x28 0x00000800
core   0: 0x800016d4 (0xf25b7113) andi    sp, s6, -219
core   0: 3 0x800016d4 (0xf25b7113) x 2 0x00000000
core   0: 0x800016d8 (0x01309b33) sll     s6, ra, s3
core   0: 3 0x800016d8 (0x01309b33) x22 0x00000000
core   0: 0x800016dc (0x2229b993) sltiu   s3, s3, 546
core   0: 3 0x800016dc (0x2229b993) x19 0x00000001
core   0: 0x800016e0 (0xa7624a37) lui     s4, 0xa7624
core   0: 3 0x800016e0 (0xa7624a37) x20 0xa7624000
core   0: 0x800016e4 (0x01ec5e93) srli    t4, s8, 30
core   0: 3 0x800016e4 (0x01ec5e93) x29 0x00000000
core   0: 0x800016e8 (0x010ad1b3) srl     gp, s5, a6
core   0: 3 0x800016e8 (0x010ad1b3) x 3 0x00000000
core   0: 0x800016ec (0x00b30933) add     s2, t1, a1
core   0: 3 0x800016ec (0x00b30933) x18 0x000004bf
core   0: 0x800016f0 (0x011e0d33) add     s10, t3, a7
core   0: 3 0x800016f0 (0x011e0d33) x26 0x00000800
core   0: 0x800016f4 (0x4b43ce93) xori    t4, t2, 1204
core   0: 3 0x800016f4 (0x4b43ce93) x29 0x000004b4
core   0: 0x800016f8 (0x40125593) srai    a1, tp, 1
core   0: 3 0x800016f8 (0x40125593) x11 0x0239769e
core   0: 0x800016fc (0x41f20633) sub     a2, tp, t6
core   0: 3 0x800016fc (0x41f20633) x12 0x8471a058
core   0: 0x80001700 (0x79748393) addi    t2, s1, 1943
core   0: 3 0x80001700 (0x79748393) x 7 0x88265797
core   0: 0x80001704 (0x0086d8b3) srl     a7, a3, s0
core   0: 3 0x80001704 (0x0086d8b3) x17 0x3d96b000
core   0: 0x80001708 (0x016f5993) srli    s3, t5, 22
core   0: 3 0x80001708 (0x016f5993) x19 0x00000000
core   0: 0x8000170c (0x40ab5113) srai    sp, s6, 10
core   0: 3 0x8000170c (0x40ab5113) x 2 0x00000000
core   0: 0x80001710 (0x01a06eb3) or      t4, zero, s10
core   0: 3 0x80001710 (0x01a06eb3) x29 0x00000800
core   0: 0x80001714 (0x18537637) lui     a2, 0x18537
core   0: 3 0x80001714 (0x18537637) x12 0x18537000
core   0: 0x80001718 (0x1c4bf917) auipc   s2, 0x1c4bf
core   0: 3 0x80001718 (0x1c4bf917) x18 0x9c4c0718
core   0: 0x8000171c (0x00b63bb3) sltu    s7, a2, a1
core   0: 3 0x8000171c (0x00b63bb3) x23 0x00000000
core   0: 0x80001720 (0x412ed433) sra     s0, t4, s2
core   0: 3 0x80001720 (0x412ed433) x 8 0x00000000
core   0: 0x80001724 (0x010db0b3) sltu    ra, s11, a6
core   0: 3 0x80001724 (0x010db0b3) x 1 0x00000001
core   0: 0x80001728 (0x006112b3) sll     t0, sp, t1
core   0: 3 0x80001728 (0x006112b3) x 5 0x00000000
core   0: 0x8000172c (0x40465e13) srai    t3, a2, 4
core   0: 3 0x8000172c (0x40465e13) x28 0x01853700
core   0: 0x80001730 (0x41085c93) srai    s9, a6, 16
core   0: 3 0x80001730 (0x41085c93) x25 0xffffff4e
core   0: 0x80001734 (0xf58b0993) addi    s3, s6, -168
core   0: 3 0x80001734 (0xf58b0993) x19 0xffffff58
core   0: 0x80001738 (0x00000013) nop
core   0: 3 0x80001738 (0x00000013)
core   0: 0x8000173c (0x019fe933) or      s2, t6, s9
core   0: 3 0x8000173c (0x019fe933) x18 0xffffffee
core   0: 0x80001740 (0x01086833) or      a6, a6, a6
core   0: 3 0x80001740 (0x01086833) x16 0xff4e9fff
core   0: 0x80001744 (0x00c1f6b3) and     a3, gp, a2
core   0: 3 0x80001744 (0x00c1f6b3) x13 0x00000000
core   0: 0x80001748 (0xa16b8193) addi    gp, s7, -1514
core   0: 3 0x80001748 (0xa16b8193) x 3 0xfffffa16
core   0: 0x8000174c (0x3e842697) auipc   a3, 0x3e842
core   0: 3 0x8000174c (0x3e842697) x13 0xbe84374c
core   0: 0x80001750 (0x00000013) nop
core   0: 3 0x80001750 (0x00000013)
core   0: 0x80001754 (0x77444693) xori    a3, s0, 1908
core   0: 3 0x80001754 (0x77444693) x13 0x00000774
core   0: 0x80001758 (0xd5092593) slti    a1, s2, -688
core   0: 3 0x80001758 (0xd5092593) x11 0x00000000
core   0: 0x8000175c (0x012bfab3) and     s5, s7, s2
core   0: 3 0x8000175c (0x012bfab3) x21 0x00000000
core   0: 0x80001760 (0x4134d033) sra     zero, s1, s3
core   0: 3 0x80001760 (0x4134d033)
core   0: 0x80001764 (0x016429b3) slt     s3, s0, s6
core   0: 3 0x80001764 (0x016429b3) x19 0x00000000
core   0: 0x80001768 (0x00000013) nop
core   0: 3 0x80001768 (0x00000013)
core   0: 0x8000176c (0x40730f33) sub     t5, t1, t2
core   0: 3 0x8000176c (0x40730f33) x30 0x77d9a869
core   0: 0x80001770 (0x40665533) sra     a0, a2, t1
core   0: 3 0x80001770 (0x40665533) x10 0x18537000
core   0: 0x80001774 (0x003301b3) add     gp, t1, gp
core   0: 3 0x80001774 (0x003301b3) x 3 0xfffffa16
core   0: 0x80001778 (0x003e5cb3) srl     s9, t3, gp
core   0: 3 0x80001778 (0x003e5cb3) x25 0x00000006
core   0: 0x8000177c (0x39027493) andi    s1, tp, 912
core   0: 3 0x8000177c (0x39027493) x 9 0x00000110
core   0: 0x80001780 (0xdc210293) addi    t0, sp, -574
core   0: 3 0x80001780 (0xdc210293) x 5 0xfffffdc2
core   0: 0x80001784 (0x22d1c013) xori    zero, gp, 557
core   0: 3 0x80001784 (0x22d1c013)
core   0: 0x80001788 (0x01531a33) sll     s4, t1, s5
core   0: 3 0x80001788 (0x01531a33) x20 0x00000000
core   0: 0x8000178c (0x08e5ac97) auipc   s9, 0x8e5a
core   0: 3 0x8000178c (0x08e5ac97) x25 0x88e5b78c
core   0: 0x80001790 (0x00561e13) slli    t3, a2, 5
core   0: 3 0x80001790 (0x00561e13) x28 0x0a6e0000
core   0: 0x80001794 (0x016bc633) xor     a2, s7, s6
core   0: 3 0x80001794 (0x016bc633) x12 0x00000000
core   0: 0x80001798 (0x000d5d93) srli    s11, s10, 0
core   0: 3 0x80001798 (0x000d5d93) x27 0x00000800
core   0: 0x8000179c (0x01f9c633) xor     a2, s3, t6
core   0: 3 0x8000179c (0x01f9c633) x12 0x80014ce4
core   0: 0x800017a0 (0x24a2ab37) lui     s6, 0x24a2a
core   0: 3 0x800017a0 (0x24a2ab37) x22 0x24a2a000
core   0: 0x800017a4 (0x41a75033) sra     zero, a4, s10
core   0: 3 0x800017a4 (0x41a75033)
core   0: 0x800017a8 (0x89b08297) auipc   t0, 0x89b08
core   0: 3 0x800017a8 (0x89b08297) x 5 0x09b097a8
core   0: 0x800017ac (0xb5b6e293) ori     t0, a3, -1189
core   0: 3 0x800017ac (0xb5b6e293) x 5 0xffffff7f
core   0: 0x800017b0 (0x00b076b3) and     a3, zero, a1
core   0: 3 0x800017b0 (0x00b076b3) x13 0x00000000
core   0: 0x800017b4 (0x41695e13) srai    t3, s2, 22
core   0: 3 0x800017b4 (0x41695e13) x28 0xffffffff
core   0: 0x800017b8 (0x41315413) srai    s0, sp, 19
core   0: 3 0x800017b8 (0x41315413) x 8 0x00000000
core   0: 0x800017bc (0x9d022c93) slti    s9, tp, -1584
core   0: 3 0x800017bc (0x9d022c93) x25 0x00000000
core   0: 0x800017c0 (0x003f3a33) sltu    s4, t5, gp
core   0: 3 0x800017c0 (0x003f3a33) x20 0x00000001
core   0: 0x800017c4 (0x005776b3) and     a3, a4, t0
core   0: 3 0x800017c4 (0x005776b3) x13 0x80010e64
core   0: 0x800017c8 (0x00000013) nop
core   0: 3 0x800017c8 (0x00000013)
core   0: 0x800017cc (0x00d09213) slli    tp, ra, 13
core   0: 3 0x800017cc (0x00d09213) x 4 0x00002000
core   0: 0x800017d0 (0x012daeb3) slt     t4, s11, s2
core   0: 3 0x800017d0 (0x012daeb3) x29 0x00000000
core   0: 0x800017d4 (0x00ad3b33) sltu    s6, s10, a0
core   0: 3 0x800017d4 (0x00ad3b33) x22 0x00000001
core   0: 0x800017d8 (0xd5de7b13) andi    s6, t3, -675
core   0: 3 0x800017d8 (0xd5de7b13) x22 0xfffffd5d
core   0: 0x800017dc (0xd36f4d93) xori    s11, t5, -714
core   0: 3 0x800017dc (0xd36f4d93) x27 0x8826555f
core   0: 0x800017e0 (0x0a6c2693) slti    a3, s8, 166
core   0: 3 0x800017e0 (0x0a6c2693) x13 0x00000001
core   0: 0x800017e4 (0x00000013) nop
core   0: 3 0x800017e4 (0x00000013)
core   0: 0x800017e8 (0xa7dbfa93) andi    s5, s7, -1411
core   0: 3 0x800017e8 (0xa7dbfa93) x21 0x00000000
core   0: 0x800017ec (0x00c0adb3) slt     s11, ra, a2
core   0: 3 0x800017ec (0x00c0adb3) x27 0x00000000
core   0: 0x800017f0 (0x00674133) xor     sp, a4, t1
core   0: 3 0x800017f0 (0x00674133) x 2 0x80010e64
core   0: 0x800017f4 (0x01a282b3) add     t0, t0, s10
core   0: 3 0x800017f4 (0x01a282b3) x 5 0x0000077f
core   0: 0x800017f8 (0x01020833) add     a6, tp, a6
core   0: 3 0x800017f8 (0x01020833) x16 0xff4ebfff
core   0: 0x800017fc (0x0178feb3) and     t4, a7, s7
core   0: 3 0x800017fc (0x0178feb3) x29 0x00000000
core   0: 0x80001800 (0x0b281317) auipc   t1, 0xb281
core   0: 3 0x80001800 (0x0b281317) x 6 0x8b282800
core   0: 0x80001804 (0x00895eb3) srl     t4, s2, s0
core   0: 3 0x80001804 (0x00895eb3) x29 0xffffffee
core   0: 0x80001808 (0x0032ca33) xor     s4, t0, gp
core   0: 3 0x80001808 (0x0032ca33) x20 0xfffffd69
core   0: 0x8000180c (0x40e60d33) sub     s10, a2, a4
core   0: 3 0x8000180c (0x40e60d33) x26 0x00003e80
core   0: 0x80001810 (0x6dd62e93) slti    t4, a2, 1757
core   0: 3 0x80001810 (0x6dd62e93) x29 0x00000001
core   0: 0x80001814 (0x01f7e433) or      s0, a5, t6
core   0: 3 0x80001814 (0x01f7e433) x 8 0xff4fdffe
core   0: 0x80001818 (0xe2680193) addi    gp, a6, -474
core   0: 3 0x80001818 (0xe2680193) x 3 0xff4ebe25
core   0: 0x8000181c (0x00000013) nop
core   0: 3 0x8000181c (0x00000013)
core   0: 0x80001820 (0x01409393) slli    t2, ra, 20
core   0: 3 0x80001820 (0x01409393) x 7 0x00100000
core   0: 0x80001824 (0x01d49a13) slli    s4, s1, 29
core   0: 3 0x80001824 (0x01d49a13) x20 0x00000000
core   0: 0x80001828 (0x00000c13) li      s8, 0
core   0: 3 0x80001828 (0x00000c13) x24 0x00000000
core   0: 0x8000182c (0x80000f37) lui     t5, 0x80000
core   0: 3 0x8000182c (0x80000f37) x30 0x80000000
core   0: 0x80001830 (0xfff00213) li      tp, -1
core   0: 3 0x80001830 (0xfff00213) x 4 0xffffffff
core   0: 0x80001834 (0xfff00993) li      s3, -1
core   0: 3 0x80001834 (0xfff00993) x19 0xffffffff
core   0: 0x80001838 (0x80000437) lui     s0, 0x80000
core   0: 3 0x80001838 (0x80000437) x 8 0x80000000
core   0: 0x8000183c (0x50ce7637) lui     a2, 0x50ce7
core   0: 3 0x8000183c (0x50ce7637) x12 0x50ce7000
core   0: 0x80001840 (0x4f760613) addi    a2, a2, 1271
core   0: 3 0x80001840 (0x4f760613) x12 0x50ce74f7
core   0: 0x80001844 (0xfff00693) li      a3, -1
core   0: 3 0x80001844 (0xfff00693) x13 0xffffffff
core   0: 0x80001848 (0xfff00b13) li      s6, -1
core   0: 3 0x80001848 (0xfff00b13) x22 0xffffffff
core   0: 0x8000184c (0x4e0344b7) lui     s1, 0x4e034
core   0: 3 0x8000184c (0x4e0344b7) x 9 0x4e034000
core   0: 0x80001850 (0x1d848493) addi    s1, s1, 472
core   0: 3 0x80001850 (0x1d848493) x 9 0x4e0341d8
core   0: 0x80001854 (0x80000837) lui     a6, 0x80000
core   0: 3 0x80001854 (0x80000837) x16 0x80000000
core   0: 0x80001858 (0x7dfb0813) addi    a6, s6, 2015
core   0: 3 0x80001858 (0x7dfb0813) x16 0x000007de
core   0: 0x8000185c (0x00498833) add     a6, s3, tp
core   0: 3 0x8000185c (0x00498833) x16 0xfffffffe
core   0: 0x80001860 (0x512f8b17) auipc   s6, 0x512f8
core   0: 3 0x80001860 (0x512f8b17) x22 0xd12f9860
core   0: 0x80001864 (0x57803f17) auipc   t5, 0x57803
core   0: 3 0x80001864 (0x57803f17) x30 0xd7804864
core   0: 0x80001868 (0xe4805b37) lui     s6, 0xe4805
core   0: 3 0x80001868 (0xe4805b37) x22 0xe4805000
core   0: 0x8000186c (0x527e1997) auipc   s3, 0x527e1
core   0: 3 0x8000186c (0x527e1997) x19 0xd27e286c
core   0: 0x80001870 (0x010986b3) add     a3, s3, a6
core   0: 3 0x80001870 (0x010986b3) x13 0xd27e286a
core   0: 0x80001874 (0x0da5f437) lui     s0, 0xda5f
core   0: 3 0x80001874 (0x0da5f437) x 8 0x0da5f000
core   0: 0x80001878 (0x009409b3) add     s3, s0, s1
core   0: 3 0x80001878 (0x009409b3) x19 0x5ba931d8
core   0: 0x8000187c (0x3113d217) auipc   tp, 0x3113d
core   0: 3 0x8000187c (0x3113d217) x 4 0xb113e87c
core   0: 0x80001880 (0x3399c697) auipc   a3, 0x3399c
core   0: 3 0x80001880 (0x3399c697) x13 0xb399d880
core   0: 0x80001884 (0x009f0233) add     tp, t5, s1
core   0: 3 0x80001884 (0x009f0233) x 4 0x25838a3c
core   0: 0x80001888 (0xdff8af17) auipc   t5, 0xdff8a
core   0: 3 0x80001888 (0xdff8af17) x30 0x5ff8b888
core   0: 0x8000188c (0x6e3e2637) lui     a2, 0x6e3e2
core   0: 3 0x8000188c (0x6e3e2637) x12 0x6e3e2000
core   0: 0x80001890 (0x89ff0f13) addi    t5, t5, -1889
core   0: 3 0x80001890 (0x89ff0f13) x30 0x5ff8b127
core   0: 0x80001894 (0x41040833) sub     a6, s0, a6
core   0: 3 0x80001894 (0x41040833) x16 0x0da5f002
core   0: 0x80001898 (0xc8dca497) auipc   s1, 0xc8dca
core   0: 3 0x80001898 (0xc8dca497) x 9 0x48dcb898
core   0: 0x8000189c (0xa8fb4997) auipc   s3, 0xa8fb4
core   0: 3 0x8000189c (0xa8fb4997) x19 0x28fb589c
core   0: 0x800018a0 (0xe0760213) addi    tp, a2, -505
core   0: 3 0x800018a0 (0xe0760213) x 4 0x6e3e1e07
core   0: 0x800018a4 (0x410986b3) sub     a3, s3, a6
core   0: 3 0x800018a4 (0x410986b3) x13 0x1b55689a
core   0: 0x800018a8 (0x00000013) nop
core   0: 3 0x800018a8 (0x00000013)
core   0: 0x800018ac (0x00000013) nop
core   0: 3 0x800018ac (0x00000013)
core   0: 0x800018b0 (0x335959b7) lui     s3, 0x33595
core   0: 3 0x800018b0 (0x335959b7) x19 0x33595000
core   0: 0x800018b4 (0x01620233) add     tp, tp, s6
core   0: 3 0x800018b4 (0x01620233) x 4 0x52be6e07
core   0: 0x800018b8 (0x53180c13) addi    s8, a6, 1329
core   0: 3 0x800018b8 (0x53180c13) x24 0x0da5f533
core   0: 0x800018bc (0xd64356b7) lui     a3, 0xd6435
core   0: 3 0x800018bc (0xd64356b7) x13 0xd6435000
core   0: 0x800018c0 (0xbca48b13) addi    s6, s1, -1078
core   0: 3 0x800018c0 (0xbca48b13) x22 0x48dcb462
core   0: 0x800018c4 (0xa0e80613) addi    a2, a6, -1522
core   0: 3 0x800018c4 (0xa0e80613) x12 0x0da5ea10
core   0: 0x800018c8 (0xc2198b13) addi    s6, s3, -991
core   0: 3 0x800018c8 (0xc2198b13) x22 0x33594c21
core   0: 0x800018cc (0x00df0833) add     a6, t5, a3
core   0: 3 0x800018cc (0x00df0833) x16 0x363c0127
core   0: 0x800018d0 (0x0195af33) slt     t5, a1, s9
core   0: 3 0x800018d0 (0x0195af33) x30 0x00000000
core   0: 0x800018d4 (0x1331b113) sltiu   sp, gp, 307
core   0: 3 0x800018d4 (0x1331b113) x 2 0x00000000
core   0: 0x800018d8 (0x00a15b13) srli    s6, sp, 10
core   0: 3 0x800018d8 (0x00a15b13) x22 0x00000000
core   0: 0x800018dc (0x415edb33) sra     s6, t4, s5
core   0: 3 0x800018dc (0x415edb33) x22 0x00000001
core   0: 0x800018e0 (0x01879493) slli    s1, a5, 24
core   0: 3 0x800018e0 (0x01879493) x 9 0x7e000000
core   0: 0x800018e4 (0xb01be493) ori     s1, s7, -1279
core   0: 3 0x800018e4 (0xb01be493) x 9 0xfffffb01
core   0: 0x800018e8 (0x01140f33) add     t5, s0, a7
core   0: 3 0x800018e8 (0x01140f33) x30 0x4b3ca000
core   0: 0x800018ec (0x00760eb3) add     t4, a2, t2
core   0: 3 0x800018ec (0x00760eb3) x29 0x0db5ea10
core   0: 0x800018f0 (0x1edd2513) slti    a0, s10, 493
core   0: 3 0x800018f0 (0x1edd2513) x10 0x00000000
core   0: 0x800018f4 (0x01f8c333) xor     t1, a7, t6
core   0: 3 0x800018f4 (0x01f8c333) x 6 0xbd97fce4
core   0: 0x800018f8 (0x80bf0c93) addi    s9, t5, -2037
core   0: 3 0x800018f8 (0x80bf0c93) x25 0x4b3c980b
core   0: 0x800018fc (0x15062093) slti    ra, a2, 336
core   0: 3 0x800018fc (0x15062093) x 1 0x00000000
core   0: 0x80001900 (0x01b28a33) add     s4, t0, s11
core   0: 3 0x80001900 (0x01b28a33) x20 0x0000077f
core   0: 0x80001904 (0x6ea16993) ori     s3, sp, 1770
core   0: 3 0x80001904 (0x6ea16993) x19 0x000006ea
core   0: 0x80001908 (0xa0686d93) ori     s11, a6, -1530
core   0: 3 0x80001908 (0xa0686d93) x27 0xfffffb27
core   0: 0x8000190c (0x00fb1693) slli    a3, s6, 15
core   0: 3 0x8000190c (0x00fb1693) x13 0x00008000
core   0: 0x80001910 (0x010e6033) or      zero, t3, a6
core   0: 3 0x80001910 (0x010e6033)
core   0: 0x80001914 (0x01d8f633) and     a2, a7, t4
core   0: 3 0x80001914 (0x01d8f633) x12 0x0d94a000
core   0: 0x80001918 (0x00b820b3) slt     ra, a6, a1
core   0: 3 0x80001918 (0x00b820b3) x 1 0x00000000
core   0: 0x8000191c (0x5c4ee513) ori     a0, t4, 1476
core   0: 3 0x8000191c (0x5c4ee513) x10 0x0db5efd4
core   0: 0x80001920 (0x013b5193) srli    gp, s6, 19
core   0: 3 0x80001920 (0x013b5193) x 3 0x00000000
core   0: 0x80001924 (0xf841ba93) sltiu   s5, gp, -124
core   0: 3 0x80001924 (0xf841ba93) x21 0x00000001
core   0: 0x80001928 (0x01738ab3) add     s5, t2, s7
core   0: 3 0x80001928 (0x01738ab3) x21 0x00100000
core   0: 0x8000192c (0x012558b3) srl     a7, a0, s2
core   0: 3 0x8000192c (0x012558b3) x17 0x000036d7
core   0: 0x80001930 (0x44305837) lui     a6, 0x44305
core   0: 3 0x80001930 (0x44305837) x16 0x44305000
core   0: 0x80001934 (0x408c0f33) sub     t5, s8, s0
core   0: 3 0x80001934 (0x408c0f33) x30 0x00000533
core   0: 0x80001938 (0x01c38b33) add     s6, t2, t3
core   0: 3 0x80001938 (0x01c38b33) x22 0x000fffff
core   0: 0x8000193c (0x40405193) srai    gp, zero, 4
core   0: 3 0x8000193c (0x40405193) x 3 0x00000000
core   0: 0x80001940 (0x003f13b3) sll     t2, t5, gp
core   0: 3 0x80001940 (0x003f13b3) x 7 0x00000533
core   0: 0x80001944 (0x01aefbb3) and     s7, t4, s10
core   0: 3 0x80001944 (0x01aefbb3) x23 0x00002a00
core   0: 0x80001948 (0x41175833) sra     a6, a4, a7
core   0: 3 0x80001948 (0x41175833) x16 0xffffff00
core   0: 0x8000194c (0x00289613) slli    a2, a7, 2
core   0: 3 0x8000194c (0x00289613) x12 0x0000db5c
core   0: 0x80001950 (0x6dc6abb7) lui     s7, 0x6dc6a
core   0: 3 0x80001950 (0x6dc6abb7) x23 0x6dc6a000
core   0: 0x80001954 (0x1d8a6613) ori     a2, s4, 472
core   0: 3 0x80001954 (0x1d8a6613) x12 0x000007ff
core   0: 0x80001958 (0x6d1cce13) xori    t3, s9, 1745
core   0: 3 0x80001958 (0x6d1cce13) x28 0x4b3c9eda
core   0: 0x8000195c (0x00a99c93) slli    s9, s3, 10
core   0: 3 0x8000195c (0x00a99c93) x25 0x001ba800
core   0: 0x80001960 (0x00506133) or      sp, zero, t0
core   0: 3 0x80001960 (0x00506133) x 2 0x0000077f
core   0: 0x80001964 (0x01070c33) add     s8, a4, a6
core   0: 3 0x80001964 (0x01070c33) x24 0x80010d64
core   0: 0x80001968 (0x0041fbb3) and     s7, gp, tp
core   0: 3 0x80001968 (0x0041fbb3) x23 0x00000000
core   0: 0x8000196c (0x02fcf393) andi    t2, s9, 47
core   0: 3 0x8000196c (0x02fcf393) x 7 0x00000000
core   0: 0x80001970 (0x00dd8533) add     a0, s11, a3
core   0: 3 0x80001970 (0x00dd8533) x10 0x00007b27
core   0: 0x80001974 (0x01235d33) srl     s10, t1, s2
core   0: 3 0x80001974 (0x01235d33) x26 0x0002f65f
core   0: 0x80001978 (0x9c1c3113) sltiu   sp, s8, -1599
core   0: 3 0x80001978 (0x9c1c3113) x 2 0x00000001
core   0: 0x8000197c (0xbcab8993) addi    s3, s7, -1078
core   0: 3 0x8000197c (0xbcab8993) x19 0xfffffbca
core   0: 0x80001980 (0x0419c513) xori    a0, s3, 65
core   0: 3 0x80001980 (0x0419c513) x10 0xfffffb8b
core   0: 0x80001984 (0xff597813) andi    a6, s2, -11
core   0: 3 0x80001984 (0xff597813) x16 0xffffffe4
core   0: 0x80001988 (0xac69d837) lui     a6, 0xac69d
core   0: 3 0x80001988 (0xac69d837) x16 0xac69d000
core   0: 0x8000198c (0x016c9933) sll     s2, s9, s6
core   0: 3 0x8000198c (0x016c9933) x18 0x00000000
core   0: 0x80001990 (0x59702993) slti    s3, zero, 1431
core   0: 3 0x80001990 (0x59702993) x19 0x00000001
core   0: 0x80001994 (0x0040f1b3) and     gp, ra, tp
core   0: 3 0x80001994 (0x0040f1b3) x 3 0x00000000
core   0: 0x80001998 (0x00b80333) add     t1, a6, a1
core   0: 3 0x80001998 (0x00b80333) x 6 0xac69d000
core   0: 0x8000199c (0xbf7db893) sltiu   a7, s11, -1033
core   0: 3 0x8000199c (0xbf7db893) x17 0x00000001
core   0: 0x800019a0 (0x00000013) nop
core   0: 3 0x800019a0 (0x00000013)
core   0: 0x800019a4 (0x01641513) slli    a0, s0, 22
core   0: 3 0x800019a4 (0x01641513) x10 0x00000000
core   0: 0x800019a8 (0x01c98533) add     a0, s3, t3
core   0: 3 0x800019a8 (0x01c98533) x10 0x4b3c9edb
core   0: 0x800019ac (0x00be6533) or      a0, t3, a1
core   0: 3 0x800019ac (0x00be6533) x10 0x4b3c9eda
core   0: 0x800019b0 (0x009b1493) slli    s1, s6, 9
core   0: 3 0x800019b0 (0x009b1493) x 9 0x1ffffe00
core   0: 0x800019b4 (0x80e5e913) ori     s2, a1, -2034
core   0: 3 0x800019b4 (0x80e5e913) x18 0xfffff80e
core   0: 0x800019b8 (0x00149393) slli    t2, s1, 1
core   0: 3 0x800019b8 (0x00149393) x 7 0x3ffffc00
core   0: 0x800019bc (0x00155913) srli    s2, a0, 1
core   0: 3 0x800019bc (0x00155913) x18 0x259e4f6d
core   0: 0x800019c0 (0xb940aa93) slti    s5, ra, -1132
core   0: 3 0x800019c0 (0xb940aa93) x21 0x00000000
core   0: 0x800019c4 (0x088681b7) lui     gp, 0x8868
core   0: 3 0x800019c4 (0x088681b7) x 3 0x08868000
core   0: 0x800019c8 (0x01ffde13) srli    t3, t6, 31
core   0: 3 0x800019c8 (0x01ffde13) x28 0x00000001
core   0: 0x800019cc (0x41210f33) sub     t5, sp, s2
core   0: 3 0x800019cc (0x41210f33) x30 0xda61b094
core   0: 0x800019d0 (0x00000013) nop
core   0: 3 0x800019d0 (0x00000013)
core   0: 0x800019d4 (0x0054de93) srli    t4, s1, 5
core   0: 3 0x800019d4 (0x0054de93) x29 0x00fffff0
core   0: 0x800019d8 (0x1e971f37) lui     t5, 0x1e971
core   0: 3 0x800019d8 (0x1e971f37) x30 0x1e971000
core   0: 0x800019dc (0x8fd7c213) xori    tp, a5, -1795
core   0: 3 0x800019dc (0x8fd7c213) x 4 0x00b16383
core   0: 0x800019e0 (0x00e0a233) slt     tp, ra, a4
core   0: 3 0x800019e0 (0x00e0a233) x 4 0x00000000
core   0: 0x800019e4 (0x41ad8133) sub     sp, s11, s10
core   0: 3 0x800019e4 (0x41ad8133) x 2 0xfffd04c8
core   0: 0x800019e8 (0x38784693) xori    a3, a6, 903
core   0: 3 0x800019e8 (0x38784693) x13 0xac69d387
core   0: 0x800019ec (0x40aa8233) sub     tp, s5, a0
core   0: 3 0x800019ec (0x40aa8233) x 4 0xb4c36126
core   0: 0x800019f0 (0x00996533) or      a0, s2, s1
core   0: 3 0x800019f0 (0x00996533) x10 0x3fffff6d
core   0: 0x800019f4 (0x6f5d7393) andi    t2, s10, 1781
core   0: 3 0x800019f4 (0x6f5d7393) x 7 0x00000655
core   0: 0x800019f8 (0x84132517) auipc   a0, 0x84132
core   0: 3 0x800019f8 (0x84132517) x10 0x041339f8
core   0: 0x800019fc (0x00ce5833) srl     a6, t3, a2
core   0: 3 0x800019fc (0x00ce5833) x16 0x00000000
core   0: 0x80001a00 (0x0156b9b3) sltu    s3, a3, s5
core   0: 3 0x80001a00 (0x0156b9b3) x19 0x00000000
core   0: 0x80001a04 (0x01325b13) srli    s6, tp, 19
core   0: 3 0x80001a04 (0x01325b13) x22 0x00001698
core   0: 0x80001a08 (0x01a27c33) and     s8, tp, s10
core   0: 3 0x80001a08 (0x01a27c33) x24 0x00026006
core   0: 0x80001a0c (0xfa991f37) lui     t5, 0xfa991
core   0: 3 0x80001a0c (0xfa991f37) x30 0xfa991000
core   0: 0x80001a10 (0x00724a33) xor     s4, tp, t2
core   0: 3 0x80001a10 (0x00724a33) x20 0xb4c36773
core   0: 0x80001a14 (0xf19f8bb7) lui     s7, 0xf19f8
core   0: 3 0x80001a14 (0xf19f8bb7) x23 0xf19f8000
core   0: 0x80001a18 (0x00f056b3) srl     a3, zero, a5
core   0: 3 0x80001a18 (0x00f056b3) x13 0x00000000
core   0: 0x80001a1c (0x01ce9d93) slli    s11, t4, 28
core   0: 3 0x80001a1c (0x01ce9d93) x27 0x00000000
core   0: 0x80001a20 (0x40255213) srai    tp, a0, 2
core   0: 3 0x80001a20 (0x40255213) x 4 0x0104ce7e
core   0: 0x80001a24 (0x00b79cb3) sll     s9, a5, a1
core   0: 3 0x80001a24 (0x00b79cb3) x25 0xff4e9b7e
core   0: 0x80001a28 (0x01fc2ab3) slt     s5, s8, t6
core   0: 3 0x80001a28 (0x01fc2ab3) x21 0x00000000
core   0: 0x80001a2c (0x01dad8b3) srl     a7, s5, t4
core   0: 3 0x80001a2c (0x01dad8b3) x17 0x00000000
core   0: 0x80001a30 (0x01a8dd13) srli    s10, a7, 26
core   0: 3 0x80001a30 (0x01a8dd13) x26 0x00000000
core   0: 0x80001a34 (0xe50a7637) lui     a2, 0xe50a7
core   0: 3 0x80001a34 (0xe50a7637) x12 0xe50a7000
core   0: 0x80001a38 (0x004c4233) xor     tp, s8, tp
core   0: 3 0x80001a38 (0x004c4233) x 4 0x0106ae78
core   0: 0x80001a3c (0x402fde13) srai    t3, t6, 2
core   0: 3 0x80001a3c (0x402fde13) x28 0xe0005339
core   0: 0x80001a40 (0x97069497) auipc   s1, 0x97069
core   0: 3 0x80001a40 (0x97069497) x 9 0x1706aa40
core   0: 0x80001a44 (0x92828e13) addi    t3, t0, -1752
core   0: 3 0x80001a44 (0x92828e13) x28 0x000000a7
core   0: 0x80001a48 (0x0156eab3) or      s5, a3, s5
core   0: 3 0x80001a48 (0x0156eab3) x21 0x00000000
core   0: 0x80001a4c (0x973e0a93) addi    s5, t3, -1677
core   0: 3 0x80001a4c (0x973e0a93) x21 0xfffffa1a
core   0: 0x80001a50 (0x2b224513) xori    a0, tp, 690
core   0: 3 0x80001a50 (0x2b224513) x10 0x0106acca
core   0: 0x80001a54 (0x4f412ab7) lui     s5, 0x4f412
core   0: 3 0x80001a54 (0x4f412ab7) x21 0x4f412000
core   0: 0x80001a58 (0x69d06093) ori     ra, zero, 1693
core   0: 3 0x80001a58 (0x69d06093) x 1 0x0000069d
core   0: 0x80001a5c (0x01137233) and     tp, t1, a7
core   0: 3 0x80001a5c (0x01137233) x 4 0x00000000
core   0: 0x80001a60 (0x41d15333) sra     t1, sp, t4
core   0: 3 0x80001a60 (0x41d15333) x 6 0xfffffffd
core   0: 0x80001a64 (0x00f23c33) sltu    s8, tp, a5
core   0: 3 0x80001a64 (0x00f23c33) x24 0x00000001
core   0: 0x80001a68 (0x0c212893) slti    a7, sp, 194
core   0: 3 0x80001a68 (0x0c212893) x17 0x00000001
core   0: 0x80001a6c (0x010f1293) slli    t0, t5, 16
core   0: 3 0x80001a6c (0x010f1293) x 5 0x10000000
core   0: 0x80001a70 (0x002b0b33) add     s6, s6, sp
core   0: 3 0x80001a70 (0x002b0b33) x22 0xfffd1b60
core   0: 0x80001a74 (0x582e0c97) auipc   s9, 0x582e0
core   0: 3 0x80001a74 (0x582e0c97) x25 0xd82e1a74
core   0: 0x80001a78 (0x00000013) nop
core   0: 3 0x80001a78 (0x00000013)
core   0: 0x80001a7c (0x90aa13b7) lui     t2, 0x90aa1
core   0: 3 0x80001a7c (0x90aa13b7) x 7 0x90aa1000
core   0: 0x80001a80 (0x01d95033) srl     zero, s2, t4
core   0: 3 0x80001a80 (0x01d95033)
core   0: 0x80001a84 (0x6f337a93) andi    s5, t1, 1779
core   0: 3 0x80001a84 (0x6f337a93) x21 0x000006f1
core   0: 0x80001a88 (0x415ed1b3) sra     gp, t4, s5
core   0: 3 0x80001a88 (0x415ed1b3) x 3 0x0000007f
core   0: 0x80001a8c (0x4ee20b93) addi    s7, tp, 1262
core   0: 3 0x80001a8c (0x4ee20b93) x23 0x000004ee
core   0: 0x80001a90 (0x796e2e93) slti    t4, t3, 1942
core   0: 3 0x80001a90 (0x796e2e93) x29 0x00000001
core   0: 0x80001a94 (0xac394493) xori    s1, s2, -1341
core   0: 3 0x80001a94 (0xac394493) x 9 0xda61b5ae
core   0: 0x80001a98 (0x00000013) nop
core   0: 3 0x80001a98 (0x00000013)
core   0: 0x80001a9c (0x86ca6a13) ori     s4, s4, -1940
core   0: 3 0x80001a9c (0x86ca6a13) x20 0xffffff7f
core   0: 0x80001aa0 (0x3c4bdbb7) lui     s7, 0x3c4bd
core   0: 3 0x80001aa0 (0x3c4bdbb7) x23 0x3c4bd000
core   0: 0x80001aa4 (0x41fc53b3) sra     t2, s8, t6
core   0: 3 0x80001aa4 (0x41fc53b3) x 7 0x00000000
core   0: 0x80001aa8 (0x4104de13) srai    t3, s1, 16
core   0: 3 0x80001aa8 (0x4104de13) x28 0xffffda61
core   0: 0x80001aac (0x01fa3133) sltu    sp, s4, t6
core   0: 3 0x80001aac (0x01fa3133) x 2 0x00000000
core   0: 0x80001ab0 (0x01bc1113) slli    sp, s8, 27
core   0: 3 0x80001ab0 (0x01bc1113) x 2 0x08000000
core   0: 0x80001ab4 (0x419a5d33) sra     s10, s4, s9
core   0: 3 0x80001ab4 (0x419a5d33) x26 0xffffffff
core   0: 0x80001ab8 (0x2a794893) xori    a7, s2, 679
core   0: 3 0x80001ab8 (0x2a794893) x17 0x259e4dca
core   0: 0x80001abc (0x01759ab3) sll     s5, a1, s7
core   0: 3 0x80001abc (0x01759ab3) x21 0x00000000
core   0: 0x80001ac0 (0x01355b33) srl     s6, a0, s3
core   0: 3 0x80001ac0 (0x01355b33) x22 0x0106acca
core   0: 0x80001ac4 (0xf2d1aa13) slti    s4, gp, -211
core   0: 3 0x80001ac4 (0xf2d1aa13) x20 0x00000000
core   0: 0x80001ac8 (0x00fe4633) xor     a2, t3, a5
core   0: 3 0x80001ac8 (0x00fe4633) x12 0x00b1411f
core   0: 0x80001acc (0x009293b3) sll     t2, t0, s1
core   0: 3 0x80001acc (0x009293b3) x 7 0x00000000
core   0: 0x80001ad0 (0x00e796b3) sll     a3, a5, a4
core   0: 3 0x80001ad0 (0x00e796b3) x13 0xf4e9b7e0
core   0: 0x80001ad4 (0x001d92b3) sll     t0, s11, ra
core   0: 3 0x80001ad4 (0x001d92b3) x 5 0x00000000
core   0: 0x80001ad8 (0xa6bd0693) addi    a3, s10, -1429
core   0: 3 0x80001ad8 (0xa6bd0693) x13 0xfffffa6a
core   0: 0x80001adc (0x41080e33) sub     t3, a6, a6
core   0: 3 0x80001adc (0x41080e33) x28 0x00000000
core   0: 0x80001ae0 (0x01ba8333) add     t1, s5, s11
core   0: 3 0x80001ae0 (0x01ba8333) x 6 0x00000000
core   0: 0x80001ae4 (0x005fd833) srl     a6, t6, t0
core   0: 3 0x80001ae4 (0x005fd833) x16 0x80014ce4
core   0: 0x80001ae8 (0x2c018597) auipc   a1, 0x2c018
core   0: 3 0x80001ae8 (0x2c018597) x11 0xac019ae8
core   0: 0x80001aec (0x40a30033) sub     zero, t1, a0
core   0: 3 0x80001aec (0x40a30033)
core   0: 0x80001af0 (0x01460f33) add     t5, a2, s4
core   0: 3 0x80001af0 (0x01460f33) x30 0x00b1411f
core   0: 0x80001af4 (0x0182feb3) and     t4, t0, s8
core   0: 3 0x80001af4 (0x0182feb3) x29 0x00000000
core   0: 0x80001af8 (0x40d25333) sra     t1, tp, a3
core   0: 3 0x80001af8 (0x40d25333) x 6 0x00000000
core   0: 0x80001afc (0x01ba3c33) sltu    s8, s4, s11
core   0: 3 0x80001afc (0x01ba3c33) x24 0x00000000
core   0: 0x80001b00 (0x0032df33) srl     t5, t0, gp
core   0: 3 0x80001b00 (0x0032df33) x30 0x00000000
core   0: 0x80001b04 (0xef736513) ori     a0, t1, -265
core   0: 3 0x80001b04 (0xef736513) x10 0xfffffef7
core   0: 0x80001b08 (0xaf86a113) slti    sp, a3, -1288
core   0: 3 0x80001b08 (0xaf86a113) x 2 0x00000001
core   0: 0x80001b0c (0x01ec1293) slli    t0, s8, 30
core   0: 3 0x80001b0c (0x01ec1293) x 5 0x00000000
core   0: 0x80001b10 (0x0083c633) xor     a2, t2, s0
core   0: 3 0x80001b10 (0x0083c633) x12 0x0da5f000
core   0: 0x80001b14 (0x00000013) nop
core   0: 3 0x80001b14 (0x00000013)
core   0: 0x80001b18 (0x4118d133) sra     sp, a7, a7
core   0: 3 0x80001b18 (0x4118d133) x 2 0x00096793
core   0: 0x80001b1c (0x01ad1e33) sll     t3, s10, s10
core   0: 3 0x80001b1c (0x01ad1e33) x28 0x80000000
core   0: 0x80001b20 (0x55914393) xori    t2, sp, 1369
core   0: 3 0x80001b20 (0x55914393) x 7 0x000962ca
core   0: 0x80001b24 (0x41ae5233) sra     tp, t3, s10
core   0: 3 0x80001b24 (0x41ae5233) x 4 0xffffffff
core   0: 0x80001b28 (0xd29da993) slti    s3, s11, -727
core   0: 3 0x80001b28 (0xd29da993) x19 0x00000000
core   0: 0x80001b2c (0x5f374413) xori    s0, a4, 1523
core   0: 3 0x80001b2c (0x5f374413) x 8 0x80010b97
core   0: 0x80001b30 (0x026a2213) slti    tp, s4, 38
core   0: 3 0x80001b30 (0x026a2213) x 4 0x00000001
core   0: 0x80001b34 (0x9a73a437) lui     s0, 0x9a73a
core   0: 3 0x80001b34 (0x9a73a437) x 8 0x9a73a000
core   0: 0x80001b38 (0xdcc4c013) xori    zero, s1, -564
core   0: 3 0x80001b38 (0xdcc4c013)
core   0: 0x80001b3c (0x010c01b3) add     gp, s8, a6
core   0: 3 0x80001b3c (0x010c01b3) x 3 0x80014ce4
core   0: 0x80001b40 (0x00000013) nop
core   0: 3 0x80001b40 (0x00000013)
core   0: 0x80001b44 (0x91193693) sltiu   a3, s2, -1775
core   0: 3 0x80001b44 (0x91193693) x13 0x00000001
core   0: 0x80001b48 (0x00000013) nop
core   0: 3 0x80001b48 (0x00000013)
core   0: 0x80001b4c (0x00d05893) srli    a7, zero, 13
core   0: 3 0x80001b4c (0x00d05893) x17 0x00000000
core   0: 0x80001b50 (0x01dc6333) or      t1, s8, t4
core   0: 3 0x80001b50 (0x01dc6333) x 6 0x00000000
core   0: 0x80001b54 (0x01ab1f33) sll     t5, s6, s10
core   0: 3 0x80001b54 (0x01ab1f33) x30 0x00000000
core   0: 0x80001b58 (0x1ebb3113) sltiu   sp, s6, 491
core   0: 3 0x80001b58 (0x1ebb3113) x 2 0x00000000
core   0: 0x80001b5c (0xc3083d97) auipc   s11, 0xc3083
core   0: 3 0x80001b5c (0xc3083d97) x27 0x43084b5c
core   0: 0x80001b60 (0x01ff1133) sll     sp, t5, t6
core   0: 3 0x80001b60 (0x01ff1133) x 2 0x00000000
core   0: 0x80001b64 (0x4ee83397) auipc   t2, 0x4ee83
core   0: 3 0x80001b64 (0x4ee83397) x 7 0xcee84b64
core   0: 0x80001b68 (0xea2cea93) ori     s5, s9, -350
core   0: 3 0x80001b68 (0xea2cea93) x21 0xfffffef6
core   0: 0x80001b6c (0x4029d833) sra     a6, s3, sp
core   0: 3 0x80001b6c (0x4029d833) x16 0x00000000
core   0: 0x80001b70 (0x00ed1693) slli    a3, s10, 14
core   0: 3 0x80001b70 (0x00ed1693) x13 0xffffc000
core   0: 0x80001b74 (0x39332893) slti    a7, t1, 915
core   0: 3 0x80001b74 (0x39332893) x17 0x00000001
core   0: 0x80001b78 (0x00ef9933) sll     s2, t6, a4
core   0: 3 0x80001b78 (0x00ef9933) x18 0x0014ce40
core   0: 0x80001b7c (0x19fd3893) sltiu   a7, s10, 415
core   0: 3 0x80001b7c (0x19fd3893) x17 0x00000000
core   0: 0x80001b80 (0xd7ae6393) ori     t2, t3, -646
core   0: 3 0x80001b80 (0xd7ae6393) x 7 0xfffffd7a
core   0: 0x80001b84 (0x0165fc33) and     s8, a1, s6
core   0: 3 0x80001b84 (0x0165fc33) x24 0x000088c8
core   0: 0x80001b88 (0x00035e93) srli    t4, t1, 0
core   0: 3 0x80001b88 (0x00035e93) x29 0x00000000
core   0: 0x80001b8c (0x011f06b3) add     a3, t5, a7
core   0: 3 0x80001b8c (0x011f06b3) x13 0x00000000
core   0: 0x80001b90 (0x36710313) addi    t1, sp, 871
core   0: 3 0x80001b90 (0x36710313) x 6 0x00000367
core   0: 0x80001b94 (0x003245b3) xor     a1, tp, gp
core   0: 3 0x80001b94 (0x003245b3) x11 0x80014ce5
core   0: 0x80001b98 (0xafd8e693) ori     a3, a7, -1283
core   0: 3 0x80001b98 (0xafd8e693) x13 0xfffffafd
core   0: 0x80001b9c (0x0126bcb3) sltu    s9, a3, s2
core   0: 3 0x80001b9c (0x0126bcb3) x25 0x00000000
core   0: 0x80001ba0 (0x01308f33) add     t5, ra, s3
core   0: 3 0x80001ba0 (0x01308f33) x30 0x0000069d
core   0: 0x80001ba4 (0x405e5e93) srai    t4, t3, 5
core   0: 3 0x80001ba4 (0x405e5e93) x29 0xfc000000
core   0: 0x80001ba8 (0x5efaec13) ori     s8, s5, 1519
core   0: 3 0x80001ba8 (0x5efaec13) x24 0xffffffff
core   0: 0x80001bac (0x0036cb33) xor     s6, a3, gp
core   0: 3 0x80001bac (0x0036cb33) x22 0x7ffeb619
core   0: 0x80001bb0 (0xc305f893) andi    a7, a1, -976
core   0: 3 0x80001bb0 (0xc305f893) x17 0x80014c20
core   0: 0x80001bb4 (0x3764e913) ori     s2, s1, 886
core   0: 3 0x80001bb4 (0x3764e913) x18 0xda61b7fe
core   0: 0x80001bb8 (0x00000013) nop
core   0: 3 0x80001bb8 (0x00000013)
core   0: 0x80001bbc (0x954b6c13) ori     s8, s6, -1708
core   0: 3 0x80001bbc (0x954b6c13) x24 0xffffff5d
core   0: 0x80001bc0 (0xfff00c13) li      s8, -1
core   0: 3 0x80001bc0 (0xfff00c13) x24 0xffffffff
core   0: 0x80001bc4 (0xd8f69db7) lui     s11, 0xd8f69
core   0: 3 0x80001bc4 (0xd8f69db7) x27 0xd8f69000
core   0: 0x80001bc8 (0xba9d8d93) addi    s11, s11, -1111
core   0: 3 0x80001bc8 (0xba9d8d93) x27 0xd8f68ba9
core   0: 0x80001bcc (0xfff00d13) li      s10, -1
core   0: 3 0x80001bcc (0xfff00d13) x26 0xffffffff
core   0: 0x80001bd0 (0x800003b7) lui     t2, 0x80000
core   0: 3 0x80001bd0 (0x800003b7) x 7 0x80000000
core   0: 0x80001bd4 (0xfff00913) li      s2, -1
core   0: 3 0x80001bd4 (0xfff00913) x18 0xffffffff
core   0: 0x80001bd8 (0x00000213) li      tp, 0
core   0: 3 0x80001bd8 (0x00000213) x 4 0x00000000
core   0: 0x80001bdc (0xfff00293) li      t0, -1
core   0: 3 0x80001bdc (0xfff00293) x 5 0xffffffff
core   0: 0x80001be0 (0x00000993) li      s3, 0
core   0: 3 0x80001be0 (0x00000993) x19 0x00000000
core   0: 0x80001be4 (0x00000693) li      a3, 0
core   0: 3 0x80001be4 (0x00000693) x13 0x00000000
core   0: 0x80001be8 (0xfff00193) li      gp, -1
core   0: 3 0x80001be8 (0xfff00193) x 3 0xffffffff
core   0: 0x80001bec (0x00d20233) add     tp, tp, a3
core   0: 3 0x80001bec (0x00d20233) x 4 0x00000000
core   0: 0x80001bf0 (0x00000013) nop
core   0: 3 0x80001bf0 (0x00000013)
core   0: 0x80001bf4 (0x54638193) addi    gp, t2, 1350
core   0: 3 0x80001bf4 (0x54638193) x 3 0x80000546
core   0: 0x80001bf8 (0xd66cc237) lui     tp, 0xd66cc
core   0: 3 0x80001bf8 (0xd66cc237) x 4 0xd66cc000
core   0: 0x80001bfc (0xda977937) lui     s2, 0xda977
core   0: 3 0x80001bfc (0xda977937) x18 0xda977000
core   0: 0x80001c00 (0x00dd0d33) add     s10, s10, a3
core   0: 3 0x80001c00 (0x00dd0d33) x26 0xffffffff
core   0: 0x80001c04 (0x01ac0933) add     s2, s8, s10
core   0: 3 0x80001c04 (0x01ac0933) x18 0xfffffffe
core   0: 0x80001c08 (0x98d68c13) addi    s8, a3, -1651
core   0: 3 0x80001c08 (0x98d68c13) x24 0xfffff98d
core   0: 0x80001c0c (0x7c7f8937) lui     s2, 0x7c7f8
core   0: 3 0x80001c0c (0x7c7f8937) x18 0x7c7f8000
core   0: 0x80001c10 (0x41bd8c33) sub     s8, s11, s11
core   0: 3 0x80001c10 (0x41bd8c33) x24 0x00000000
core   0: 0x80001c14 (0x6a568213) addi    tp, a3, 1701
core   0: 3 0x80001c14 (0x6a568213) x 4 0x000006a5
core   0: 0x80001c18 (0xc06c3d17) auipc   s10, 0xc06c3
core   0: 3 0x80001c18 (0xc06c3d17) x26 0x406c4c18
core   0: 0x80001c1c (0x583cf6b7) lui     a3, 0x583cf
core   0: 3 0x80001c1c (0x583cf6b7) x13 0x583cf000
core   0: 0x80001c20 (0xa2b27217) auipc   tp, 0xa2b27
core   0: 3 0x80001c20 (0xa2b27217) x 4 0x22b28c20
core   0: 0x80001c24 (0x7fe38293) addi    t0, t2, 2046
core   0: 3 0x80001c24 (0x7fe38293) x 5 0x800007fe
core   0: 0x80001c28 (0x40720d33) sub     s10, tp, t2
core   0: 3 0x80001c28 (0x40720d33) x26 0xa2b28c20
core   0: 0x80001c2c (0xd5238393) addi    t2, t2, -686
core   0: 3 0x80001c2c (0xd5238393) x 7 0x7ffffd52
core   0: 0x80001c30 (0x00000013) nop
core   0: 3 0x80001c30 (0x00000013)
core   0: 0x80001c34 (0x33218293) addi    t0, gp, 818
core   0: 3 0x80001c34 (0x33218293) x 5 0x80000878
core   0: 0x80001c38 (0x00000013) nop
core   0: 3 0x80001c38 (0x00000013)
core   0: 0x80001c3c (0x219133b7) lui     t2, 0x21913
core   0: 3 0x80001c3c (0x219133b7) x 7 0x21913000
core   0: 0x80001c40 (0x41828233) sub     tp, t0, s8
core   0: 3 0x80001c40 (0x41828233) x 4 0x80000878
core   0: 0x80001c44 (0x00000013) nop
core   0: 3 0x80001c44 (0x00000013)
core   0: 0x80001c48 (0x01220c33) add     s8, tp, s2
core   0: 3 0x80001c48 (0x01220c33) x24 0xfc7f8878
core   0: 0x80001c4c (0x0000f9b7) lui     s3, 0xf
core   0: 3 0x80001c4c (0x0000f9b7) x19 0x0000f000
core   0: 0x80001c50 (0x41bc0233) sub     tp, s8, s11
core   0: 3 0x80001c50 (0x41bc0233) x 4 0x2388fccf
core   0: 0x80001c54 (0xd0f8c3b7) lui     t2, 0xd0f8c
core   0: 3 0x80001c54 (0xd0f8c3b7) x 7 0xd0f8c000
core   0: 0x80001c58 (0x01a676b3) and     a3, a2, s10
core   0: 3 0x80001c58 (0x01a676b3) x13 0x00a08000
core   0: 0x80001c5c (0xfb141e17) auipc   t3, 0xfb141
core   0: 3 0x80001c5c (0xfb141e17) x28 0x7b142c5c
core   0: 0x80001c60 (0x00521813) slli    a6, tp, 5
core   0: 3 0x80001c60 (0x00521813) x16 0x711f99e0
core   0: 0x80001c64 (0x01094ab3) xor     s5, s2, a6
core   0: 3 0x80001c64 (0x01094ab3) x21 0x0d6019e0
core   0: 0x80001c68 (0x01e7c333) xor     t1, a5, t5
core   0: 3 0x80001c68 (0x01e7c333) x 6 0xff4e9de3
core   0: 0x80001c6c (0x5b084513) xori    a0, a6, 1456
core   0: 3 0x80001c6c (0x5b084513) x10 0x711f9c50
core   0: 0x80001c70 (0x0063ea33) or      s4, t2, t1
core   0: 3 0x80001c70 (0x0063ea33) x20 0xfffedde3
core   0: 0x80001c74 (0x007d71b3) and     gp, s10, t2
core   0: 3 0x80001c74 (0x007d71b3) x 3 0x80b08000
core   0: 0x80001c78 (0x40e5deb3) sra     t4, a1, a4
core   0: 3 0x80001c78 (0x40e5deb3) x29 0xf80014ce
core   0: 0x80001c7c (0x00000013) nop
core   0: 3 0x80001c7c (0x00000013)
core   0: 0x80001c80 (0x98e5f613) andi    a2, a1, -1650
core   0: 3 0x80001c80 (0x98e5f613) x12 0x80014884
core   0: 0x80001c84 (0x01f76cb3) or      s9, a4, t6
core   0: 3 0x80001c84 (0x01f76cb3) x25 0x80014ee4
core   0: 0x80001c88 (0x2436a293) slti    t0, a3, 579
core   0: 3 0x80001c88 (0x2436a293) x 5 0x00000000
core   0: 0x80001c8c (0x00050bb3) add     s7, a0, zero
core   0: 3 0x80001c8c (0x00050bb3) x23 0x711f9c50
core   0: 0x80001c90 (0xc4ee3093) sltiu   ra, t3, -946
core   0: 3 0x80001c90 (0xc4ee3093) x 1 0x00000001
core   0: 0x80001c94 (0x41efdd13) srai    s10, t6, 30
core   0: 3 0x80001c94 (0x41efdd13) x26 0xfffffffe
core   0: 0x80001c98 (0x00000013) nop
core   0: 3 0x80001c98 (0x00000013)
core   0: 0x80001c9c (0xa8920f13) addi    t5, tp, -1399
core   0: 3 0x80001c9c (0xa8920f13) x30 0x2388f758
core   0: 0x80001ca0 (0x404d86b3) sub     a3, s11, tp
core   0: 3 0x80001ca0 (0x404d86b3) x13 0xb56d8eda
core   0: 0x80001ca4 (0x18afa0b7) lui     ra, 0x18afa
core   0: 3 0x80001ca4 (0x18afa0b7) x 1 0x18afa000
core   0: 0x80001ca8 (0x8cb2ae13) slti    t3, t0, -1845
core   0: 3 0x80001ca8 (0x8cb2ae13) x28 0x00000000
core   0: 0x80001cac (0x9771eb93) ori     s7, gp, -1673
core   0: 3 0x80001cac (0x9771eb93) x23 0xfffff977
core   0: 0x80001cb0 (0x404cd433) sra     s0, s9, tp
core   0: 3 0x80001cb0 (0x404cd433) x 8 0xffff0002
core   0: 0x80001cb4 (0xe5589297) auipc   t0, 0xe5589
core   0: 3 0x80001cb4 (0xe5589297) x 5 0x6558acb4
core   0: 0x80001cb8 (0x400d0e33) sub     t3, s10, zero
core   0: 3 0x80001cb8 (0x400d0e33) x28 0xfffffffe
core   0: 0x80001cbc (0x016379b3) and     s3, t1, s6
core   0: 3 0x80001cbc (0x016379b3) x19 0x7f4e9401
core   0: 0x80001cc0 (0x5c347393) andi    t2, s0, 1475
core   0: 3 0x80001cc0 (0x5c347393) x 7 0x00000002
core   0: 0x80001cc4 (0x40625693) srai    a3, tp, 6
core   0: 3 0x80001cc4 (0x40625693) x13 0x008e23f3
core   0: 0x80001cc8 (0x743f3913) sltiu   s2, t5, 1859
core   0: 3 0x80001cc8 (0x743f3913) x18 0x00000000
core   0: 0x80001ccc (0x2a6c6193) ori     gp, s8, 678
core   0: 3 0x80001ccc (0x2a6c6193) x 3 0xfc7f8afe
core   0: 0x80001cd0 (0x6970a417) auipc   s0, 0x6970a
core   0: 3 0x80001cd0 (0x6970a417) x 8 0xe970bcd0
core   0: 0x80001cd4 (0x1913e813) ori     a6, t2, 401
core   0: 3 0x80001cd4 (0x1913e813) x16 0x00000193
core   0: 0x80001cd8 (0x41c1d233) sra     tp, gp, t3
core   0: 3 0x80001cd8 (0x41c1d233) x 4 0xffffffff
core   0: 0x80001cdc (0xaa487097) auipc   ra, 0xaa487
core   0: 3 0x80001cdc (0xaa487097) x 1 0x2a488cdc
core   0: 0x80001ce0 (0x01001c93) slli    s9, zero, 16
core   0: 3 0x80001ce0 (0x01001c93) x25 0x00000000
core   0: 0x80001ce4 (0x00000013) nop
core   0: 3 0x80001ce4 (0x00000013)
core   0: 0x80001ce8 (0x40cfde13) srai    t3, t6, 12
core   0: 3 0x80001ce8 (0x40cfde13) x28 0xfff80014
core   0: 0x80001cec (0xac4b4197) auipc   gp, 0xac4b4
core   0: 3 0x80001cec (0xac4b4197) x 3 0x2c4b5cec
core   0: 0x80001cf0 (0x01e5dc93) srli    s9, a1, 30
core   0: 3 0x80001cf0 (0x01e5dc93) x25 0x00000002
core   0: 0x80001cf4 (0x6d457097) auipc   ra, 0x6d457
core   0: 3 0x80001cf4 (0x6d457097) x 1 0xed458cf4
core   0: 0x80001cf8 (0x59f86893) ori     a7, a6, 1439
core   0: 3 0x80001cf8 (0x59f86893) x17 0x0000059f
core   0: 0x80001cfc (0x01e21413) slli    s0, tp, 30
core   0: 3 0x80001cfc (0x01e21413) x 8 0xc0000000
core   0: 0x80001d00 (0x70968c13) addi    s8, a3, 1801
core   0: 3 0x80001d00 (0x70968c13) x24 0x008e2afc
core   0: 0x80001d04 (0x4b7a6f13) ori     t5, s4, 1207
core   0: 3 0x80001d04 (0x4b7a6f13) x30 0xfffeddf7
core   0: 0x80001d08 (0x018ecd33) xor     s10, t4, s8
core   0: 3 0x80001d08 (0x018ecd33) x26 0xf88e3e32
core   0: 0x80001d0c (0x01d77db3) and     s11, a4, t4
core   0: 3 0x80001d0c (0x01d77db3) x27 0x80000444
core   0: 0x80001d10 (0xe211bf13) sltiu   t5, gp, -479
core   0: 3 0x80001d10 (0xe211bf13) x30 0x00000001
core   0: 0x80001d14 (0x00b1d413) srli    s0, gp, 11
core   0: 3 0x80001d14 (0x00b1d413) x 8 0x0005896b
core   0: 0x80001d18 (0x2be3f113) andi    sp, t2, 702
core   0: 3 0x80001d18 (0x2be3f113) x 2 0x00000002
core   0: 0x80001d1c (0x418eda13) srai    s4, t4, 24
core   0: 3 0x80001d1c (0x418eda13) x20 0xfffffff8
core   0: 0x80001d20 (0xfc813613) sltiu   a2, sp, -56
core   0: 3 0x80001d20 (0xfc813613) x12 0x00000001
core   0: 0x80001d24 (0x416e5613) srai    a2, t3, 22
core   0: 3 0x80001d24 (0x416e5613) x12 0xffffffff
core   0: 0x80001d28 (0x602ab393) sltiu   t2, s5, 1538
core   0: 3 0x80001d28 (0x602ab393) x 7 0x00000000
core   0: 0x80001d2c (0x15c21217) auipc   tp, 0x15c21
core   0: 3 0x80001d2c (0x15c21217) x 4 0x95c22d2c
core   0: 0x80001d30 (0x01991c33) sll     s8, s2, s9
core   0: 3 0x80001d30 (0x01991c33) x24 0x00000000
core   0: 0x80001d34 (0x0132dcb3) srl     s9, t0, s3
core   0: 3 0x80001d34 (0x0132dcb3) x25 0x32ac565a
core   0: 0x80001d38 (0xa1909b17) auipc   s6, 0xa1909
core   0: 3 0x80001d38 (0xa1909b17) x22 0x2190ad38
core   0: 0x80001d3c (0x01bd9f33) sll     t5, s11, s11
core   0: 3 0x80001d3c (0x01bd9f33) x30 0x00004440
core   0: 0x80001d40 (0xfbaba293) slti    t0, s7, -70
core   0: 3 0x80001d40 (0xfbaba293) x 5 0x00000001
core   0: 0x80001d44 (0xd499f613) andi    a2, s3, -695
core   0: 3 0x80001d44 (0xd499f613) x12 0x7f4e9401
core   0: 0x80001d48 (0x2fbb8093) addi    ra, s7, 763
core   0: 3 0x80001d48 (0x2fbb8093) x 1 0xfffffc72
core   0: 0x80001d4c (0x43962293) slti    t0, a2, 1081
core   0: 3 0x80001d4c (0x43962293) x 5 0x00000000
core   0: 0x80001d50 (0xbbdefd13) andi    s10, t4, -1091
core   0: 3 0x80001d50 (0xbbdefd13) x26 0xf800108c
core   0: 0x80001d54 (0x01c6f333) and     t1, a3, t3
core   0: 3 0x80001d54 (0x01c6f333) x 6 0x00880010
core   0: 0x80001d58 (0x00000013) nop
core   0: 3 0x80001d58 (0x00000013)
core   0: 0x80001d5c (0x0028c833) xor     a6, a7, sp
core   0: 3 0x80001d5c (0x0028c833) x16 0x0000059d
core   0: 0x80001d60 (0x01aaecb3) or      s9, s5, s10
core   0: 3 0x80001d60 (0x01aaecb3) x25 0xfd6019ec
core   0: 0x80001d64 (0x413f8933) sub     s2, t6, s3
core   0: 3 0x80001d64 (0x413f8933) x18 0x00b2b8e3
core   0: 0x80001d68 (0x50e43c13) sltiu   s8, s0, 1294
core   0: 3 0x80001d68 (0x50e43c13) x24 0x00000000
core   0: 0x80001d6c (0xe91e0d37) lui     s10, 0xe91e0
core   0: 3 0x80001d6c (0xe91e0d37) x26 0xe91e0000
core   0: 0x80001d70 (0x29868913) addi    s2, a3, 664
core   0: 3 0x80001d70 (0x29868913) x18 0x008e268b
core   0: 0x80001d74 (0x01b314b3) sll     s1, t1, s11
core   0: 3 0x80001d74 (0x01b314b3) x 9 0x08800100
core   0: 0x80001d78 (0x402fdc93) srai    s9, t6, 2
core   0: 3 0x80001d78 (0x402fdc93) x25 0xe0005339
core   0: 0x80001d7c (0x0330be93) sltiu   t4, ra, 51
core   0: 3 0x80001d7c (0x0330be93) x29 0x00000000
core   0: 0x80001d80 (0x0175df33) srl     t5, a1, s7
core   0: 3 0x80001d80 (0x0175df33) x30 0x00000100
core   0: 0x80001d84 (0x010f0db3) add     s11, t5, a6
core   0: 3 0x80001d84 (0x010f0db3) x27 0x0000069d
core   0: 0x80001d88 (0x006f7eb3) and     t4, t5, t1
core   0: 3 0x80001d88 (0x006f7eb3) x29 0x00000000
core   0: 0x80001d8c (0x41be08b3) sub     a7, t3, s11
core   0: 3 0x80001d8c (0x41be08b3) x17 0xfff7f977
core   0: 0x80001d90 (0xd2447b93) andi    s7, s0, -732
core   0: 3 0x80001d90 (0xd2447b93) x23 0x00058920
core   0: 0x80001d94 (0x00000013) nop
core   0: 3 0x80001d94 (0x00000013)
core   0: 0x80001d98 (0x00c91a33) sll     s4, s2, a2
core   0: 3 0x80001d98 (0x00c91a33) x20 0x011c4d16
core   0: 0x80001d9c (0x4104d2b3) sra     t0, s1, a6
core   0: 3 0x80001d9c (0x4104d2b3) x 5 0x00000000
core   0: 0x80001da0 (0x01a0d1b3) srl     gp, ra, s10
core   0: 3 0x80001da0 (0x01a0d1b3) x 3 0xfffffc72
core   0: 0x80001da4 (0x27e2be93) sltiu   t4, t0, 638
core   0: 3 0x80001da4 (0x27e2be93) x29 0x00000001
core   0: 0x80001da8 (0x00f19f13) slli    t5, gp, 15
core   0: 3 0x80001da8 (0x00f19f13) x30 0xfe390000
core   0: 0x80001dac (0x01b7ce33) xor     t3, a5, s11
core   0: 3 0x80001dac (0x01b7ce33) x28 0xff4e9de3
core   0: 0x80001db0 (0x86512513) slti    a0, sp, -1947
core   0: 3 0x80001db0 (0x86512513) x10 0x00000000
core   0: 0x80001db4 (0x207bcd93) xori    s11, s7, 519
core   0: 3 0x80001db4 (0x207bcd93) x27 0x00058b27
core   0: 0x80001db8 (0x6b7c7e13) andi    t3, s8, 1719
core   0: 3 0x80001db8 (0x6b7c7e13) x28 0x00000000
core   0: 0x80001dbc (0x010b9ab3) sll     s5, s7, a6
core   0: 3 0x80001dbc (0x010b9ab3) x21 0x00000000
core   0: 0x80001dc0 (0x00c9e533) or      a0, s3, a2
core   0: 3 0x80001dc0 (0x00c9e533) x10 0x7f4e9401
core   0: 0x80001dc4 (0xb36f4bb7) lui     s7, 0xb36f4
core   0: 3 0x80001dc4 (0xb36f4bb7) x23 0xb36f4000
core   0: 0x80001dc8 (0x01ec9ab3) sll     s5, s9, t5
core   0: 3 0x80001dc8 (0x01ec9ab3) x21 0xe0005339
core   0: 0x80001dcc (0x41755433) sra     s0, a0, s7
core   0: 3 0x80001dcc (0x41755433) x 8 0x7f4e9401
core   0: 0x80001dd0 (0x40505e93) srai    t4, zero, 5
core   0: 3 0x80001dd0 (0x40505e93) x29 0x00000000
core   0: 0x80001dd4 (0xfef0ac13) slti    s8, ra, -17
core   0: 3 0x80001dd4 (0xfef0ac13) x24 0x00000001
core   0: 0x80001dd8 (0x01e9abb3) slt     s7, s3, t5
core   0: 3 0x80001dd8 (0x01e9abb3) x23 0x00000000
core   0: 0x80001ddc (0x79e4e113) ori     sp, s1, 1950
core   0: 3 0x80001ddc (0x79e4e113) x 2 0x0880079e
core   0: 0x80001de0 (0x01628333) add     t1, t0, s6
core   0: 3 0x80001de0 (0x01628333) x 6 0x2190ad38
core   0: 0x80001de4 (0x017f5e93) srli    t4, t5, 23
core   0: 3 0x80001de4 (0x017f5e93) x29 0x000001fc
core   0: 0x80001de8 (0x01b8c233) xor     tp, a7, s11
core   0: 3 0x80001de8 (0x01b8c233) x 4 0xfff27250
core   0: 0x80001dec (0x004c73b3) and     t2, s8, tp
core   0: 3 0x80001dec (0x004c73b3) x 7 0x00000000
core   0: 0x80001df0 (0x00d64433) xor     s0, a2, a3
core   0: 3 0x80001df0 (0x00d64433) x 8 0x7fc0b7f2
core   0: 0x80001df4 (0x48514b17) auipc   s6, 0x48514
core   0: 3 0x80001df4 (0x48514b17) x22 0xc8515df4
core   0: 0x80001df8 (0x36c67993) andi    s3, a2, 876
core   0: 3 0x80001df8 (0x36c67993) x19 0x00000000
core   0: 0x80001dfc (0x10517837) lui     a6, 0x10517
core   0: 3 0x80001dfc (0x10517837) x16 0x10517000
core   0: 0x80001e00 (0x008f5db3) srl     s11, t5, s0
core   0: 3 0x80001e00 (0x008f5db3) x27 0x00003f8e
core   0: 0x80001e04 (0x00be1913) slli    s2, t3, 11
core   0: 3 0x80001e04 (0x00be1913) x18 0x00000000
core   0: 0x80001e08 (0x09f2e693) ori     a3, t0, 159
core   0: 3 0x80001e08 (0x09f2e693) x13 0x0000009f
core   0: 0x80001e0c (0x00bb5c33) srl     s8, s6, a1
core   0: 3 0x80001e0c (0x00bb5c33) x24 0x06428aef
core   0: 0x80001e10 (0x00000013) nop
core   0: 3 0x80001e10 (0x00000013)
core   0: 0x80001e14 (0x2b7fc513) xori    a0, t6, 695
core   0: 3 0x80001e14 (0x2b7fc513) x10 0x80014e53
core   0: 0x80001e18 (0x43922313) slti    t1, tp, 1081
core   0: 3 0x80001e18 (0x43922313) x 6 0x00000001
core   0: 0x80001e1c (0x01cc8bb3) add     s7, s9, t3
core   0: 3 0x80001e1c (0x01cc8bb3) x23 0xe0005339
core   0: 0x80001e20 (0x76654c93) xori    s9, a0, 1894
core   0: 3 0x80001e20 (0x76654c93) x25 0x80014935
core   0: 0x80001e24 (0x005edbb3) srl     s7, t4, t0
core   0: 3 0x80001e24 (0x005edbb3) x23 0x000001fc
core   0: 0x80001e28 (0x2e91ee93) ori     t4, gp, 745
core   0: 3 0x80001e28 (0x2e91ee93) x29 0xfffffefb
core   0: 0x80001e2c (0x121f7b37) lui     s6, 0x121f7
core   0: 3 0x80001e2c (0x121f7b37) x22 0x121f7000
core   0: 0x80001e30 (0x414e56b3) sra     a3, t3, s4
core   0: 3 0x80001e30 (0x414e56b3) x13 0x00000000
core   0: 0x80001e34 (0x01179ab3) sll     s5, a5, a7
core   0: 3 0x80001e34 (0x01179ab3) x21 0xbf000000
core   0: 0x80001e38 (0x01751bb3) sll     s7, a0, s7
core   0: 3 0x80001e38 (0x01751bb3) x23 0x30000000
core   0: 0x80001e3c (0x5e047293) andi    t0, s0, 1504
core   0: 3 0x80001e3c (0x5e047293) x 5 0x000005e0
core   0: 0x80001e40 (0xdbee4493) xori    s1, t3, -578
core   0: 3 0x80001e40 (0xdbee4493) x 9 0xfffffdbe
core   0: 0x80001e44 (0x00fc1f33) sll     t5, s8, a5
core   0: 3 0x80001e44 (0x00fc1f33) x30 0xc0000000
core   0: 0x80001e48 (0x84836613) ori     a2, t1, -1976
core   0: 3 0x80001e48 (0x84836613) x12 0xfffff849
core   0: 0x80001e4c (0x93b42213) slti    tp, s0, -1733
core   0: 3 0x80001e4c (0x93b42213) x 4 0x00000000
core   0: 0x80001e50 (0xb3ef8b13) addi    s6, t6, -1218
core   0: 3 0x80001e50 (0xb3ef8b13) x22 0x80014822
core   0: 0x80001e54 (0x44dc2e93) slti    t4, s8, 1101
core   0: 3 0x80001e54 (0x44dc2e93) x29 0x00000000
core   0: 0x80001e58 (0x01585eb3) srl     t4, a6, s5
core   0: 3 0x80001e58 (0x01585eb3) x29 0x10517000
core   0: 0x80001e5c (0x0176cbb3) xor     s7, a3, s7
core   0: 3 0x80001e5c (0x0176cbb3) x23 0x30000000
core   0: 0x80001e60 (0x00000013) nop
core   0: 3 0x80001e60 (0x00000013)
core   0: 0x80001e64 (0x00000013) nop
core   0: 3 0x80001e64 (0x00000013)
core   0: 0x80001e68 (0x417e5d13) srai    s10, t3, 23
core   0: 3 0x80001e68 (0x417e5d13) x26 0x00000000
core   0: 0x80001e6c (0x00fc9a33) sll     s4, s9, a5
core   0: 3 0x80001e6c (0x00fc9a33) x20 0x40000000
core   0: 0x80001e70 (0x419352b3) sra     t0, t1, s9
core   0: 3 0x80001e70 (0x419352b3) x 5 0x00000000
core   0: 0x80001e74 (0x3708a513) slti    a0, a7, 880
core   0: 3 0x80001e74 (0x3708a513) x10 0x00000001
core   0: 0x80001e78 (0x40e2d0b3) sra     ra, t0, a4
core   0: 3 0x80001e78 (0x40e2d0b3) x 1 0x00000000
core   0: 0x80001e7c (0xe7be0393) addi    t2, t3, -389
core   0: 3 0x80001e7c (0xe7be0393) x 7 0xfffffe7b
core   0: 0x80001e80 (0xbc79abb7) lui     s7, 0xbc79a
core   0: 3 0x80001e80 (0xbc79abb7) x23 0xbc79a000
core   0: 0x80001e84 (0x3c1293b7) lui     t2, 0x3c129
core   0: 3 0x80001e84 (0x3c1293b7) x 7 0x3c129000
core   0: 0x80001e88 (0xd6e6aa13) slti    s4, a3, -658
core   0: 3 0x80001e88 (0xd6e6aa13) x20 0x00000000
core   0: 0x80001e8c (0x1f56a693) slti    a3, a3, 501
core   0: 3 0x80001e8c (0x1f56a693) x13 0x00000001
core   0: 0x80001e90 (0x01946cb3) or      s9, s0, s9
core   0: 3 0x80001e90 (0x01946cb3) x25 0xffc1fff7
core   0: 0x80001e94 (0x0157c5b3) xor     a1, a5, s5
core   0: 3 0x80001e94 (0x0157c5b3) x11 0x404e9b7e
core   0: 0x80001e98 (0x00ca9a93) slli    s5, s5, 12
core   0: 3 0x80001e98 (0x00ca9a93) x21 0x00000000
core   0: 0x80001e9c (0x0b5c2313) slti    t1, s8, 181
core   0: 3 0x80001e9c (0x0b5c2313) x 6 0x00000000
core   0: 0x80001ea0 (0x41bf5cb3) sra     s9, t5, s11
core   0: 3 0x80001ea0 (0x41bf5cb3) x25 0xffff0000
core   0: 0x80001ea4 (0x0dc4c097) auipc   ra, 0xdc4c
core   0: 3 0x80001ea4 (0x0dc4c097) x 1 0x8dc4dea4
core   0: 0x80001ea8 (0x3600ad93) slti    s11, ra, 864
core   0: 3 0x80001ea8 (0x3600ad93) x27 0x00000001
core   0: 0x80001eac (0x415d0333) sub     t1, s10, s5
core   0: 3 0x80001eac (0x415d0333) x 6 0x00000000
core   0: 0x80001eb0 (0x01604eb3) xor     t4, zero, s6
core   0: 3 0x80001eb0 (0x01604eb3) x29 0x80014822
core   0: 0x80001eb4 (0xda0e6413) ori     s0, t3, -608
core   0: 3 0x80001eb4 (0xda0e6413) x 8 0xfffffda0
core   0: 0x80001eb8 (0xe820ee13) ori     t3, ra, -382
core   0: 3 0x80001eb8 (0xe820ee13) x28 0xfffffea6
core   0: 0x80001ebc (0x41a90333) sub     t1, s2, s10
core   0: 3 0x80001ebc (0x41a90333) x 6 0x00000000
core   0: 0x80001ec0 (0x00c6d9b3) srl     s3, a3, a2
core   0: 3 0x80001ec0 (0x00c6d9b3) x19 0x00000000
core   0: 0x80001ec4 (0x011f0d33) add     s10, t5, a7
core   0: 3 0x80001ec4 (0x011f0d33) x26 0xbff7f977
core   0: 0x80001ec8 (0x4f7e8193) addi    gp, t4, 1271
core   0: 3 0x80001ec8 (0x4f7e8193) x 3 0x80014d19
core   0: 0x80001ecc (0x01b0ab33) slt     s6, ra, s11
core   0: 3 0x80001ecc (0x01b0ab33) x22 0x00000001
core   0: 0x80001ed0 (0xd77d3893) sltiu   a7, s10, -649
core   0: 3 0x80001ed0 (0xd77d3893) x17 0x00000001
core   0: 0x80001ed4 (0x00a05633) srl     a2, zero, a0
core   0: 3 0x80001ed4 (0x00a05633) x12 0x00000000
core   0: 0x80001ed8 (0x46227d93) andi    s11, tp, 1122
core   0: 3 0x80001ed8 (0x46227d93) x27 0x00000000
core   0: 0x80001edc (0x005fdd33) srl     s10, t6, t0
core   0: 3 0x80001edc (0x005fdd33) x26 0x80014ce4
core   0: 0x80001ee0 (0x37517513) andi    a0, sp, 885
core   0: 3 0x80001ee0 (0x37517513) x10 0x00000314
core   0: 0x80001ee4 (0x87f3cf13) xori    t5, t2, -1921
core   0: 3 0x80001ee4 (0x87f3cf13) x30 0xc3ed687f
core   0: 0x80001ee8 (0xc3bb9197) auipc   gp, 0xc3bb9
core   0: 3 0x80001ee8 (0xc3bb9197) x 3 0x43bbaee8
core   0: 0x80001eec (0x408a53b3) sra     t2, s4, s0
core   0: 3 0x80001eec (0x408a53b3) x 7 0x00000000
core   0: 0x80001ef0 (0x01f4adb3) slt     s11, s1, t6
core   0: 3 0x80001ef0 (0x01f4adb3) x27 0x00000000
core   0: 0x80001ef4 (0x40290db3) sub     s11, s2, sp
core   0: 3 0x80001ef4 (0x40290db3) x27 0xf77ff862
core   0: 0x80001ef8 (0x00912cb3) slt     s9, sp, s1
core   0: 3 0x80001ef8 (0x00912cb3) x25 0x00000000
core   0: 0x80001efc (0xc12debb7) lui     s7, 0xc12de
core   0: 3 0x80001efc (0xc12debb7) x23 0xc12de000
core   0: 0x80001f00 (0xcee92493) slti    s1, s2, -786
core   0: 3 0x80001f00 (0xcee92493) x 9 0x00000000
core   0: 0x80001f04 (0x0108d0b3) srl     ra, a7, a6
core   0: 3 0x80001f04 (0x0108d0b3) x 1 0x00000001
core   0: 0x80001f08 (0x2bdccd13) xori    s10, s9, 701
core   0: 3 0x80001f08 (0x2bdccd13) x26 0x000002bd
core   0: 0x80001f0c (0xccb9fd93) andi    s11, s3, -821
core   0: 3 0x80001f0c (0xccb9fd93) x27 0x00000000
core   0: 0x80001f10 (0xb2e54193) xori    gp, a0, -1234
core   0: 3 0x80001f10 (0xb2e54193) x 3 0xfffff83a
core   0: 0x80001f14 (0x00787b33) and     s6, a6, t2
core   0: 3 0x80001f14 (0x00787b33) x22 0x00000000
core   0: 0x80001f18 (0x00000013) nop
core   0: 3 0x80001f18 (0x00000013)
core   0: 0x80001f1c (0x008ed333) srl     t1, t4, s0
core   0: 3 0x80001f1c (0x008ed333) x 6 0x80014822
core   0: 0x80001f20 (0x00d8cd33) xor     s10, a7, a3
core   0: 3 0x80001f20 (0x00d8cd33) x26 0x00000000
core   0: 0x80001f24 (0x00bddd13) srli    s10, s11, 11
core   0: 3 0x80001f24 (0x00bddd13) x26 0x00000000
core   0: 0x80001f28 (0x8cd1e813) ori     a6, gp, -1843
core   0: 3 0x80001f28 (0x8cd1e813) x16 0xfffff8ff
core   0: 0x80001f2c (0x4009de33) sra     t3, s3, zero
core   0: 3 0x80001f2c (0x4009de33) x28 0x00000000
core   0: 0x80001f30 (0xfb5eb513) sltiu   a0, t4, -75
core   0: 3 0x80001f30 (0xfb5eb513) x10 0x00000001
core   0: 0x80001f34 (0x40ea8033) sub     zero, s5, a4
core   0: 3 0x80001f34 (0x40ea8033)
core   0: 0x80001f38 (0x004e7bb3) and     s7, t3, tp
core   0: 3 0x80001f38 (0x004e7bb3) x23 0x00000000
core   0: 0x80001f3c (0x00000013) nop
core   0: 3 0x80001f3c (0x00000013)
core   0: 0x80001f40 (0x4109d2b3) sra     t0, s3, a6
core   0: 3 0x80001f40 (0x4109d2b3) x 5 0x00000000
core   0: 0x80001f44 (0x74298913) addi    s2, s3, 1858
core   0: 3 0x80001f44 (0x74298913) x18 0x00000742
core   0: 0x80001f48 (0xd57b0d93) addi    s11, s6, -681
core   0: 3 0x80001f48 (0xd57b0d93) x27 0xfffffd57
core   0: 0x80001f4c (0x40c85b13) srai    s6, a6, 12
core   0: 3 0x80001f4c (0x40c85b13) x22 0xffffffff
core   0: 0x80001f50 (0x01fc5093) srli    ra, s8, 31
core   0: 3 0x80001f50 (0x01fc5093) x 1 0x00000000
core   0: 0x80001f54 (0xd5fc7c13) andi    s8, s8, -673
core   0: 3 0x80001f54 (0xd5fc7c13) x24 0x0642884f
core   0: 0x80001f58 (0xdd689a37) lui     s4, 0xdd689
core   0: 3 0x80001f58 (0xdd689a37) x20 0xdd689000
core   0: 0x80001f5c (0x00e3f1b3) and     gp, t2, a4
core   0: 3 0x80001f5c (0x00e3f1b3) x 3 0x00000000
core   0: 0x80001f60 (0x759fee13) ori     t3, t6, 1881
core   0: 3 0x80001f60 (0x759fee13) x28 0x80014ffd
core   0: 0x80001f64 (0x01e5c6b3) xor     a3, a1, t5
core   0: 3 0x80001f64 (0x01e5c6b3) x13 0x83a3f301
core   0: 0x80001f68 (0x00000013) nop
core   0: 3 0x80001f68 (0x00000013)
core   0: 0x80001f6c (0x0013e633) or      a2, t2, ra
core   0: 3 0x80001f6c (0x0013e633) x12 0x00000000
core   0: 0x80001f70 (0x00a1a533) slt     a0, gp, a0
core   0: 3 0x80001f70 (0x00a1a533) x10 0x00000001
core   0: 0x80001f74 (0x01893db3) sltu    s11, s2, s8
core   0: 3 0x80001f74 (0x01893db3) x27 0x00000001
core   0: 0x80001f78 (0x54f02f13) slti    t5, zero, 1359
core   0: 3 0x80001f78 (0x54f02f13) x30 0x00000001
core   0: 0x80001f7c (0x007e9e93) slli    t4, t4, 7
core   0: 3 0x80001f7c (0x007e9e93) x29 0x00a41100
core   0: 0x80001f80 (0x41e6df13) srai    t5, a3, 30
core   0: 3 0x80001f80 (0x41e6df13) x30 0xfffffffe
core   0: 0x80001f84 (0x01c229b3) slt     s3, tp, t3
core   0: 3 0x80001f84 (0x01c229b3) x19 0x00000000
core   0: 0x80001f88 (0x000d9eb3) sll     t4, s11, zero
core   0: 3 0x80001f88 (0x000d9eb3) x29 0x00000001
core   0: 0x80001f8c (0x01af1193) slli    gp, t5, 26
core   0: 3 0x80001f8c (0x01af1193) x 3 0xf8000000
core   0: 0x80001f90 (0x41105593) srai    a1, zero, 17
core   0: 3 0x80001f90 (0x41105593) x11 0x00000000
core   0: 0x80001f94 (0x00ce9b13) slli    s6, t4, 12
core   0: 3 0x80001f94 (0x00ce9b13) x22 0x00001000
core   0: 0x80001f98 (0x00386333) or      t1, a6, gp
core   0: 3 0x80001f98 (0x00386333) x 6 0xfffff8ff
core   0: 0x80001f9c (0x45fd6893) ori     a7, s10, 1119
core   0: 3 0x80001f9c (0x45fd6893) x17 0x0000045f
core   0: 0x80001fa0 (0xc03ee593) ori     a1, t4, -1021
core   0: 3 0x80001fa0 (0xc03ee593) x11 0xfffffc03
core   0: 0x80001fa4 (0x01f82c33) slt     s8, a6, t6
core   0: 3 0x80001fa4 (0x01f82c33) x24 0x00000000
core   0: 0x80001fa8 (0xb6f47613) andi    a2, s0, -1169
core   0: 3 0x80001fa8 (0xb6f47613) x12 0xfffff920
core   0: 0x80001fac (0x003d8a33) add     s4, s11, gp
core   0: 3 0x80001fac (0x003d8a33) x20 0xf8000001
core   0: 0x80001fb0 (0x00551393) slli    t2, a0, 5
core   0: 3 0x80001fb0 (0x00551393) x 7 0x00000020
core   0: 0x80001fb4 (0x01e01513) slli    a0, zero, 30
core   0: 3 0x80001fb4 (0x01e01513) x10 0x00000000
core   0: 0x80001fb8 (0x2fa06e93) ori     t4, zero, 762
core   0: 3 0x80001fb8 (0x2fa06e93) x29 0x000002fa
core   0: 0x80001fbc (0x57a4e613) ori     a2, s1, 1402
core   0: 3 0x80001fbc (0x57a4e613) x12 0x0000057a
core   0: 0x80001fc0 (0x1e073d13) sltiu   s10, a4, 480
core   0: 3 0x80001fc0 (0x1e073d13) x26 0x00000000
core   0: 0x80001fc4 (0x413704b3) sub     s1, a4, s3
core   0: 3 0x80001fc4 (0x413704b3) x 9 0x80010e64
core   0: 0x80001fc8 (0x006aa8b3) slt     a7, s5, t1
core   0: 3 0x80001fc8 (0x006aa8b3) x17 0x00000000
core   0: 0x80001fcc (0x012f9d33) sll     s10, t6, s2
core   0: 3 0x80001fcc (0x012f9d33) x26 0x00053390
core   0: 0x80001fd0 (0x01d1d9b3) srl     s3, gp, t4
core   0: 3 0x80001fd0 (0x01d1d9b3) x19 0x0000003e
core   0: 0x80001fd4 (0x601f0e13) addi    t3, t5, 1537
core   0: 3 0x80001fd4 (0x601f0e13) x28 0x000005ff
core   0: 0x80001fd8 (0xa2e10c13) addi    s8, sp, -1490
core   0: 3 0x80001fd8 (0xa2e10c13) x24 0x088001cc
core   0: 0x80001fdc (0x68274b93) xori    s7, a4, 1666
core   0: 3 0x80001fdc (0x68274b93) x23 0x800108e6
core   0: 0x80001fe0 (0x64839a17) auipc   s4, 0x64839
core   0: 3 0x80001fe0 (0x64839a17) x20 0xe483afe0
core   0: 0x80001fe4 (0x087dbc13) sltiu   s8, s11, 135
core   0: 3 0x80001fe4 (0x087dbc13) x24 0x00000001
core   0: 0x80001fe8 (0x9fbfc593) xori    a1, t6, -1541
core   0: 3 0x80001fe8 (0x9fbfc593) x11 0x7ffeb51f
core   0: 0x80001fec (0x41f75293) srai    t0, a4, 31
core   0: 3 0x80001fec (0x41f75293) x 5 0xffffffff
core   0: 0x80001ff0 (0x3374a413) slti    s0, s1, 823
core   0: 3 0x80001ff0 (0x3374a413) x 8 0x00000001
core   0: 0x80001ff4 (0x01bcf2b3) and     t0, s9, s11
core   0: 3 0x80001ff4 (0x01bcf2b3) x 5 0x00000000
core   0: 0x80001ff8 (0x01531c13) slli    s8, t1, 21
core   0: 3 0x80001ff8 (0x01531c13) x24 0x1fe00000
core   0: 0x80001ffc (0x017769b3) or      s3, a4, s7
core   0: 3 0x80001ffc (0x017769b3) x19 0x80010ee6
core   0: 0x80002000 (0x64cd2893) slti    a7, s10, 1612
core   0: 3 0x80002000 (0x64cd2893) x17 0x00000000
core   0: 0x80002004 (0x6a6bea13) ori     s4, s7, 1702
core   0: 3 0x80002004 (0x6a6bea13) x20 0x80010ee6
core   0: 0x80002008 (0x40a75f33) sra     t5, a4, a0
core   0: 3 0x80002008 (0x40a75f33) x30 0x80010e64
core   0: 0x8000200c (0xbfbb4a93) xori    s5, s6, -1029
core   0: 3 0x8000200c (0xbfbb4a93) x21 0xffffebfb
core   0: 0x80002010 (0x007b8533) add     a0, s7, t2
core   0: 3 0x80002010 (0x007b8533) x10 0x80010906
core   0: 0x80002014 (0x01d3a4b3) slt     s1, t2, t4
core   0: 3 0x80002014 (0x01d3a4b3) x 9 0x00000001
core   0: 0x80002018 (0x0161e233) or      tp, gp, s6
core   0: 3 0x80002018 (0x0161e233) x 4 0xf8001000
core   0: 0x8000201c (0x00594eb3) xor     t4, s2, t0
core   0: 3 0x8000201c (0x00594eb3) x29 0x00000742
core   0: 0x80002020 (0x013a6433) or      s0, s4, s3
core   0: 3 0x80002020 (0x013a6433) x 8 0x80010ee6
core   0: 0x80002024 (0xf987ba93) sltiu   s5, a5, -104
core   0: 3 0x80002024 (0xf987ba93) x21 0x00000001
core   0: 0x80002028 (0x00000013) nop
core   0: 3 0x80002028 (0x00000013)
core   0: 0x8000202c (0xc67bc013) xori    zero, s7, -921
core   0: 3 0x8000202c (0xc67bc013)
core   0: 0x80002030 (0x01514b33) xor     s6, sp, s5
core   0: 3 0x80002030 (0x01514b33) x22 0x0880079f
core   0: 0x80002034 (0xbc8dc693) xori    a3, s11, -1080
core   0: 3 0x80002034 (0xbc8dc693) x13 0xfffffbc9
core   0: 0x80002038 (0x01882a33) slt     s4, a6, s8
core   0: 3 0x80002038 (0x01882a33) x20 0x00000001
core   0: 0x8000203c (0x00000013) nop
core   0: 3 0x8000203c (0x00000013)
core   0: 0x80002040 (0x00c3df13) srli    t5, t2, 12
core   0: 3 0x80002040 (0x00c3df13) x30 0x00000000
core   0: 0x80002044 (0x0013d333) srl     t1, t2, ra
core   0: 3 0x80002044 (0x0013d333) x 6 0x00000020
core   0: 0x80002048 (0x97614093) xori    ra, sp, -1674
core   0: 3 0x80002048 (0x97614093) x 1 0xf77ffee8
core   0: 0x8000204c (0x417b5e93) srai    t4, s6, 23
core   0: 3 0x8000204c (0x417b5e93) x29 0x00000011
core   0: 0x80002050 (0x196d6c13) ori     s8, s10, 406
core   0: 3 0x80002050 (0x196d6c13) x24 0x00053396
core   0: 0x80002054 (0x9a3aa413) slti    s0, s5, -1629
core   0: 3 0x80002054 (0x9a3aa413) x 8 0x00000000
core   0: 0x80002058 (0x00a99c13) slli    s8, s3, 10
core   0: 3 0x80002058 (0x00a99c13) x24 0x043b9800
core   0: 0x8000205c (0x00b81e33) sll     t3, a6, a1
core   0: 3 0x8000205c (0x00b81e33) x28 0x80000000
core   0: 0x80002060 (0x0174db13) srli    s6, s1, 23
core   0: 3 0x80002060 (0x0174db13) x22 0x00000000
core   0: 0x80002064 (0x0179cd33) xor     s10, s3, s7
core   0: 3 0x80002064 (0x0179cd33) x26 0x00000600
core   0: 0x80002068 (0x0194dc13) srli    s8, s1, 25
core   0: 3 0x80002068 (0x0194dc13) x24 0x00000000
core   0: 0x8000206c (0x00ad0b33) add     s6, s10, a0
core   0: 3 0x8000206c (0x00ad0b33) x22 0x80010f06
core   0: 0x80002070 (0x004a6333) or      t1, s4, tp
core   0: 3 0x80002070 (0x004a6333) x 6 0xf8001001
core   0: 0x80002074 (0x73f6b017) auipc   zero, 0x73f6b
core   0: 3 0x80002074 (0x73f6b017)
core   0: 0x80002078 (0xa696ff13) andi    t5, a3, -1431
core   0: 3 0x80002078 (0xa696ff13) x30 0xfffffa49
core   0: 0x8000207c (0x018880b3) add     ra, a7, s8
core   0: 3 0x8000207c (0x018880b3) x 1 0x00000000
core   0: 0x80002080 (0xe4544613) xori    a2, s0, -443
core   0: 3 0x80002080 (0xe4544613) x12 0xfffffe45
core   0: 0x80002084 (0xf34c6113) ori     sp, s8, -204
core   0: 3 0x80002084 (0xf34c6113) x 2 0xffffff34
core   0: 0x80002088 (0x00c475b3) and     a1, s0, a2
core   0: 3 0x80002088 (0x00c475b3) x11 0x00000000
core   0: 0x8000208c (0x40e45633) sra     a2, s0, a4
core   0: 3 0x8000208c (0x40e45633) x12 0x00000000
core   0: 0x80002090 (0x414b0533) sub     a0, s6, s4
core   0: 3 0x80002090 (0x414b0533) x10 0x80010f05
core   0: 0x80002094 (0x405304b3) sub     s1, t1, t0
core   0: 3 0x80002094 (0x405304b3) x 9 0xf8001001
core   0: 0x80002098 (0x55a23313) sltiu   t1, tp, 1370
core   0: 3 0x80002098 (0x55a23313) x 6 0x00000000
core   0: 0x8000209c (0xf44f7c93) andi    s9, t5, -188
core   0: 3 0x8000209c (0xf44f7c93) x25 0xfffffa40
core   0: 0x800020a0 (0x00fc5a93) srli    s5, s8, 15
core   0: 3 0x800020a0 (0x00fc5a93) x21 0x00000000
core   0: 0x800020a4 (0x012ccf33) xor     t5, s9, s2
core   0: 3 0x800020a4 (0x012ccf33) x30 0xfffffd02
core   0: 0x800020a8 (0xfbfa4b93) xori    s7, s4, -65
core   0: 3 0x800020a8 (0xfbfa4b93) x23 0xffffffbe
core   0: 0x800020ac (0x897f3f13) sltiu   t5, t5, -1897
core   0: 3 0x800020ac (0x897f3f13) x30 0x00000000
core   0: 0x800020b0 (0x87d4b913) sltiu   s2, s1, -1923
core   0: 3 0x800020b0 (0x87d4b913) x18 0x00000001
core   0: 0x800020b4 (0x41ad5c13) srai    s8, s10, 26
core   0: 3 0x800020b4 (0x41ad5c13) x24 0x00000000
core   0: 0x800020b8 (0x0073c633) xor     a2, t2, t2
core   0: 3 0x800020b8 (0x0073c633) x12 0x00000000
core   0: 0x800020bc (0x41395c13) srai    s8, s2, 19
core   0: 3 0x800020bc (0x41395c13) x24 0x00000000
core   0: 0x800020c0 (0xcd574017) auipc   zero, 0xcd574
core   0: 3 0x800020c0 (0xcd574017)
core   0: 0x800020c4 (0x019053b3) srl     t2, zero, s9
core   0: 3 0x800020c4 (0x019053b3) x 7 0x00000000
core   0: 0x800020c8 (0x0164d513) srli    a0, s1, 22
core   0: 3 0x800020c8 (0x0164d513) x10 0x000003e0
core   0: 0x800020cc (0x017515b3) sll     a1, a0, s7
core   0: 3 0x800020cc (0x017515b3) x11 0x00000000
core   0: 0x800020d0 (0x40e78233) sub     tp, a5, a4
core   0: 3 0x800020d0 (0x40e78233) x 4 0x7f4d8d1a
core   0: 0x800020d4 (0x50a2bb93) sltiu   s7, t0, 1290
core   0: 3 0x800020d4 (0x50a2bb93) x23 0x00000001
core   0: 0x800020d8 (0x0164c133) xor     sp, s1, s6
core   0: 3 0x800020d8 (0x0164c133) x 2 0x78011f07
core   0: 0x800020dc (0xdb677113) andi    sp, a4, -586
core   0: 3 0x800020dc (0xdb677113) x 2 0x80010c24
core   0: 0x800020e0 (0x01133633) sltu    a2, t1, a7
core   0: 3 0x800020e0 (0x01133633) x12 0x00000000
core   0: 0x800020e4 (0xf7648a13) addi    s4, s1, -138
core   0: 3 0x800020e4 (0xf7648a13) x20 0xf8000f77
core   0: 0x800020e8 (0x29036913) ori     s2, t1, 656
core   0: 3 0x800020e8 (0x29036913) x18 0x00000290
core   0: 0x800020ec (0xf411c893) xori    a7, gp, -191
core   0: 3 0x800020ec (0xf411c893) x17 0x07ffff41
core   0: 0x800020f0 (0x01ff5093) srli    ra, t5, 31
core   0: 3 0x800020f0 (0x01ff5093) x 1 0x00000000
core   0: 0x800020f4 (0x015b2833) slt     a6, s6, s5
core   0: 3 0x800020f4 (0x015b2833) x16 0x00000001
core   0: 0x800020f8 (0x01d29093) slli    ra, t0, 29
core   0: 3 0x800020f8 (0x01d29093) x 1 0x00000000
core   0: 0x800020fc (0x00385833) srl     a6, a6, gp
core   0: 3 0x800020fc (0x00385833) x16 0x00000001
core   0: 0x80002100 (0x01a582b3) add     t0, a1, s10
core   0: 3 0x80002100 (0x01a582b3) x 5 0x00000600
core   0: 0x80002104 (0x01720b33) add     s6, tp, s7
core   0: 3 0x80002104 (0x01720b33) x22 0x7f4d8d1b
core   0: 0x80002108 (0x002b5d13) srli    s10, s6, 2
core   0: 3 0x80002108 (0x002b5d13) x26 0x1fd36346
core   0: 0x8000210c (0x002b9533) sll     a0, s7, sp
core   0: 3 0x8000210c (0x002b9533) x10 0x00000010
core   0: 0x80002110 (0x40f95593) srai    a1, s2, 15
core   0: 3 0x80002110 (0x40f95593) x11 0x00000000
core   0: 0x80002114 (0x01292c33) slt     s8, s2, s2
core   0: 3 0x80002114 (0x01292c33) x24 0x00000000
core   0: 0x80002118 (0xfccac1b7) lui     gp, 0xfccac
core   0: 3 0x80002118 (0xfccac1b7) x 3 0xfccac000
core   0: 0x8000211c (0x00549e93) slli    t4, s1, 5
core   0: 3 0x8000211c (0x00549e93) x29 0x00020020
core   0: 0x80002120 (0x010acab3) xor     s5, s5, a6
core   0: 3 0x80002120 (0x010acab3) x21 0x00000001
core   0: 0x80002124 (0xa1336393) ori     t2, t1, -1517
core   0: 3 0x80002124 (0xa1336393) x 7 0xfffffa13
core   0: 0x80002128 (0x09ed3313) sltiu   t1, s10, 158
core   0: 3 0x80002128 (0x09ed3313) x 6 0x00000000
core   0: 0x8000212c (0xefe94617) auipc   a2, 0xefe94
core   0: 3 0x8000212c (0xefe94617) x12 0x6fe9612c
core   0: 0x80002130 (0x01405593) srli    a1, zero, 20
core   0: 3 0x80002130 (0x01405593) x11 0x00000000
core   0: 0x80002134 (0x8c26e613) ori     a2, a3, -1854
core   0: 3 0x80002134 (0x8c26e613) x12 0xfffffbcb
core   0: 0x80002138 (0x01a92bb3) slt     s7, s2, s10
core   0: 3 0x80002138 (0x01a92bb3) x23 0x00000001
core   0: 0x8000213c (0x002019b3) sll     s3, zero, sp
core   0: 3 0x8000213c (0x002019b3) x19 0x00000000
core   0: 0x80002140 (0x00933eb3) sltu    t4, t1, s1
core   0: 3 0x80002140 (0x00933eb3) x29 0x00000001
core   0: 0x80002144 (0x41e65b33) sra     s6, a2, t5
core   0: 3 0x80002144 (0x41e65b33) x22 0xfffffbcb
core   0: 0x80002148 (0x458ff493) andi    s1, t6, 1112
core   0: 3 0x80002148 (0x458ff493) x 9 0x00000440
core   0: 0x8000214c (0x85cca013) slti    zero, s9, -1956
core   0: 3 0x8000214c (0x85cca013)
core   0: 0x80002150 (0xc76fb013) sltiu   zero, t6, -906
core   0: 3 0x80002150 (0xc76fb013)
core   0: 0x80002154 (0x003ac533) xor     a0, s5, gp
core   0: 3 0x80002154 (0x003ac533) x10 0xfccac001
core   0: 0x80002158 (0x410a0eb3) sub     t4, s4, a6
core   0: 3 0x80002158 (0x410a0eb3) x29 0xf8000f76
core   0: 0x8000215c (0x017a45b3) xor     a1, s4, s7
core   0: 3 0x8000215c (0x017a45b3) x11 0xf8000f76
core   0: 0x80002160 (0xd3d7ff13) andi    t5, a5, -707
core   0: 3 0x80002160 (0xd3d7ff13) x30 0xff4e993c
core   0: 0x80002164 (0x01f17633) and     a2, sp, t6
core   0: 3 0x80002164 (0x01f17633) x12 0x80010c24
core   0: 0x80002168 (0x00de0b33) add     s6, t3, a3
core   0: 3 0x80002168 (0x00de0b33) x22 0x7ffffbc9
core   0: 0x8000216c (0x014c1933) sll     s2, s8, s4
core   0: 3 0x8000216c (0x014c1933) x18 0x00000000
core   0: 0x80002170 (0x0047f5b3) and     a1, a5, tp
core   0: 3 0x80002170 (0x0047f5b3) x11 0x7f4c891a
core   0: 0x80002174 (0x578e7a13) andi    s4, t3, 1400
core   0: 3 0x80002174 (0x578e7a13) x20 0x00000000
core   0: 0x80002178 (0xf6b1c317) auipc   t1, 0xf6b1c
core   0: 3 0x80002178 (0xf6b1c317) x 6 0x76b1e178
core   0: 0x8000217c (0x01835513) srli    a0, t1, 24
core   0: 3 0x8000217c (0x01835513) x10 0x00000076
core   0: 0x80002180 (0xadd7c637) lui     a2, 0xadd7c
core   0: 3 0x80002180 (0xadd7c637) x12 0xadd7c000
core   0: 0x80002184 (0x00000013) nop
core   0: 3 0x80002184 (0x00000013)
core   0: 0x80002188 (0xbfddcb93) xori    s7, s11, -1027
core   0: 3 0x80002188 (0xbfddcb93) x23 0xfffffbfc
core   0: 0x8000218c (0x2d707513) andi    a0, zero, 727
core   0: 3 0x8000218c (0x2d707513) x10 0x00000000
core   0: 0x80002190 (0x412ada33) sra     s4, s5, s2
core   0: 3 0x80002190 (0x412ada33) x20 0x00000001
core   0: 0x80002194 (0x9670be93) sltiu   t4, ra, -1689
core   0: 3 0x80002194 (0x9670be93) x29 0x00000001
core   0: 0x80002198 (0x10c6ce93) xori    t4, a3, 268
core   0: 3 0x80002198 (0x10c6ce93) x29 0xfffffac5
core   0: 0x8000219c (0x34ef3013) sltiu   zero, t5, 846
core   0: 3 0x8000219c (0x34ef3013)
core   0: 0x800021a0 (0x00d19f13) slli    t5, gp, 13
core   0: 3 0x800021a0 (0x00d19f13) x30 0x58000000
core   0: 0x800021a4 (0x402a8933) sub     s2, s5, sp
core   0: 3 0x800021a4 (0x402a8933) x18 0x7ffef3dd
core   0: 0x800021a8 (0x01c80833) add     a6, a6, t3
core   0: 3 0x800021a8 (0x01c80833) x16 0x80000001
core   0: 0x800021ac (0x00dce833) or      a6, s9, a3
core   0: 3 0x800021ac (0x00dce833) x16 0xfffffbc9
core   0: 0x800021b0 (0x41d4dc93) srai    s9, s1, 29
core   0: 3 0x800021b0 (0x41d4dc93) x25 0x00000000
core   0: 0x800021b4 (0x12b42e93) slti    t4, s0, 299
core   0: 3 0x800021b4 (0x12b42e93) x29 0x00000001
core   0: 0x800021b8 (0x6e687013) andi    zero, a6, 1766
core   0: 3 0x800021b8 (0x6e687013)
core   0: 0x800021bc (0x008306b3) add     a3, t1, s0
core   0: 3 0x800021bc (0x008306b3) x13 0x76b1e178
core   0: 0x800021c0 (0x01b92db3) slt     s11, s2, s11
core   0: 3 0x800021c0 (0x01b92db3) x27 0x00000000
core   0: 0x800021c4 (0x00371bb3) sll     s7, a4, gp
core   0: 3 0x800021c4 (0x00371bb3) x23 0x80010e64
core   0: 0x800021c8 (0x01c96233) or      tp, s2, t3
core   0: 3 0x800021c8 (0x01c96233) x 4 0xfffef3dd
core   0: 0x800021cc (0xedf4b493) sltiu   s1, s1, -289
core   0: 3 0x800021cc (0xedf4b493) x 9 0x00000001
core   0: 0x800021d0 (0x7b1e2f13) slti    t5, t3, 1969
core   0: 3 0x800021d0 (0x7b1e2f13) x30 0x00000001
core   0: 0x800021d4 (0x01f12eb3) slt     t4, sp, t6
core   0: 3 0x800021d4 (0x01f12eb3) x29 0x00000001
core   0: 0x800021d8 (0x01c23433) sltu    s0, tp, t3
core   0: 3 0x800021d8 (0x01c23433) x 8 0x00000000
core   0: 0x800021dc (0x8a418393) addi    t2, gp, -1884
core   0: 3 0x800021dc (0x8a418393) x 7 0xfccab8a4
core   0: 0x800021e0 (0x0062ebb3) or      s7, t0, t1
core   0: 3 0x800021e0 (0x0062ebb3) x23 0x76b1e778
core   0: 0x800021e4 (0x13d60193) addi    gp, a2, 317
core   0: 3 0x800021e4 (0x13d60193) x 3 0xadd7c13d
core   0: 0x800021e8 (0xb6c8e013) ori     zero, a7, -1172
core   0: 3 0x800021e8 (0xb6c8e013)
core   0: 0x800021ec (0xfbe34a13) xori    s4, t1, -66
core   0: 3 0x800021ec (0xfbe34a13) x20 0x894e1ec6
core   0: 0x800021f0 (0x01c11533) sll     a0, sp, t3
core   0: 3 0x800021f0 (0x01c11533) x10 0x80010c24
core   0: 0x800021f4 (0x01d708b3) add     a7, a4, t4
core   0: 3 0x800021f4 (0x01d708b3) x17 0x80010e65
core   0: 0x800021f8 (0x000939b3) sltu    s3, s2, zero
core   0: 3 0x800021f8 (0x000939b3) x19 0x00000000
core   0: 0x800021fc (0x001c1993) slli    s3, s8, 1
core   0: 3 0x800021fc (0x001c1993) x19 0x00000000
core   0: 0x80002200 (0x01f3c6b3) xor     a3, t2, t6
core   0: 3 0x80002200 (0x01f3c6b3) x13 0x7ccbf440
core   0: 0x80002204 (0x58dee393) ori     t2, t4, 1421
core   0: 3 0x80002204 (0x58dee393) x 7 0x0000058d
core   0: 0x80002208 (0x01961333) sll     t1, a2, s9
core   0: 3 0x80002208 (0x01961333) x 6 0xadd7c000
core   0: 0x8000220c (0x035f78b7) lui     a7, 0x35f7
core   0: 3 0x8000220c (0x035f78b7) x17 0x035f7000
core   0: 0x80002210 (0x00000013) nop
core   0: 3 0x80002210 (0x00000013)
core   0: 0x80002214 (0x010c8333) add     t1, s9, a6
core   0: 3 0x80002214 (0x010c8333) x 6 0xfffffbc9
core   0: 0x80002218 (0x018af2b3) and     t0, s5, s8
core   0: 3 0x80002218 (0x018af2b3) x 5 0x00000000
core   0: 0x8000221c (0x9d0a2d13) slti    s10, s4, -1584
core   0: 3 0x8000221c (0x9d0a2d13) x26 0x00000001
core   0: 0x80002220 (0x00000013) nop
core   0: 3 0x80002220 (0x00000013)
core   0: 0x80002224 (0xd4ef2c93) slti    s9, t5, -690
core   0: 3 0x80002224 (0xd4ef2c93) x25 0x00000000
core   0: 0x80002228 (0x0002a8b3) slt     a7, t0, zero
core   0: 3 0x80002228 (0x0002a8b3) x17 0x00000000
core   0: 0x8000222c (0x00000013) nop
core   0: 3 0x8000222c (0x00000013)
core   0: 0x80002230 (0x4073d233) sra     tp, t2, t2
core   0: 3 0x80002230 (0x4073d233) x 4 0x00000000
core   0: 0x80002234 (0x405a02b3) sub     t0, s4, t0
core   0: 3 0x80002234 (0x405a02b3) x 5 0x894e1ec6
core   0: 0x80002238 (0x00a83333) sltu    t1, a6, a0
core   0: 3 0x80002238 (0x00a83333) x 6 0x00000000
core   0: 0x8000223c (0x0005c033) xor     zero, a1, zero
core   0: 3 0x8000223c (0x0005c033)
core   0: 0x80002240 (0x008d61b3) or      gp, s10, s0
core   0: 3 0x80002240 (0x008d61b3) x 3 0x00000001
core   0: 0x80002244 (0x01b7ab33) slt     s6, a5, s11
core   0: 3 0x80002244 (0x01b7ab33) x22 0x00000001
core   0: 0x80002248 (0x40105693) srai    a3, zero, 1
core   0: 3 0x80002248 (0x40105693) x13 0x00000000
core   0: 0x8000224c (0x013f5b33) srl     s6, t5, s3
core   0: 3 0x8000224c (0x013f5b33) x22 0x00000001
core   0: 0x80002250 (0xf418fe97) auipc   t4, 0xf418f
core   0: 3 0x80002250 (0xf418fe97) x29 0x74191250
core   0: 0x80002254 (0x40f40eb3) sub     t4, s0, a5
core   0: 3 0x80002254 (0x40f40eb3) x29 0x00b16482
core   0: 0x80002258 (0x88418093) addi    ra, gp, -1916
core   0: 3 0x80002258 (0x88418093) x 1 0xfffff885
core   0: 0x8000225c (0x4140dcb3) sra     s9, ra, s4
core   0: 3 0x8000225c (0x4140dcb3) x25 0xffffffe2
core   0: 0x80002260 (0x01359693) slli    a3, a1, 19
core   0: 3 0x80002260 (0x01359693) x13 0x48d00000
core   0: 0x80002264 (0x001d19b3) sll     s3, s10, ra
core   0: 3 0x80002264 (0x001d19b3) x19 0x00000020
core   0: 0x80002268 (0x004c1393) slli    t2, s8, 4
core   0: 3 0x80002268 (0x004c1393) x 7 0x00000000
core   0: 0x8000226c (0x307eab93) slti    s7, t4, 775
core   0: 3 0x8000226c (0x307eab93) x23 0x00000000
core   0: 0x80002270 (0x007a28b3) slt     a7, s4, t2
core   0: 3 0x80002270 (0x007a28b3) x17 0x00000001
core   0: 0x80002274 (0x41d2d393) srai    t2, t0, 29
core   0: 3 0x80002274 (0x41d2d393) x 7 0xfffffffc
core   0: 0x80002278 (0x40a255b3) sra     a1, tp, a0
core   0: 3 0x80002278 (0x40a255b3) x11 0x00000000
core   0: 0x8000227c (0x4177dc93) srai    s9, a5, 23
core   0: 3 0x8000227c (0x4177dc93) x25 0xfffffffe
core   0: 0x80002280 (0x01e2e0b3) or      ra, t0, t5
core   0: 3 0x80002280 (0x01e2e0b3) x 1 0x894e1ec7
core   0: 0x80002284 (0x01ef0133) add     sp, t5, t5
core   0: 3 0x80002284 (0x01ef0133) x 2 0x00000002
core   0: 0x80002288 (0x0166aab3) slt     s5, a3, s6
core   0: 3 0x80002288 (0x0166aab3) x21 0x00000000
core   0: 0x8000228c (0x0109b033) sltu    zero, s3, a6
core   0: 3 0x8000228c (0x0109b033)
core   0: 0x80002290 (0xb8e56813) ori     a6, a0, -1138
core   0: 3 0x80002290 (0xb8e56813) x16 0xffffffae
core   0: 0x80002294 (0x34c83093) sltiu   ra, a6, 844
core   0: 3 0x80002294 (0x34c83093) x 1 0x00000000
core   0: 0x80002298 (0x01bb6833) or      a6, s6, s11
core   0: 3 0x80002298 (0x01bb6833) x16 0x00000001
core   0: 0x8000229c (0x00552933) slt     s2, a0, t0
core   0: 3 0x8000229c (0x00552933) x18 0x00000001
core   0: 0x800022a0 (0x8ee9a393) slti    t2, s3, -1810
core   0: 3 0x800022a0 (0x8ee9a393) x 7 0x00000000
core   0: 0x800022a4 (0x01067533) and     a0, a2, a6
core   0: 3 0x800022a4 (0x01067533) x10 0x00000000
core   0: 0x800022a8 (0x69513693) sltiu   a3, sp, 1685
core   0: 3 0x800022a8 (0x69513693) x13 0x00000001
core   0: 0x800022ac (0x1238a613) slti    a2, a7, 291
core   0: 3 0x800022ac (0x1238a613) x12 0x00000001
core   0: 0x800022b0 (0x01391233) sll     tp, s2, s3
core   0: 3 0x800022b0 (0x01391233) x 4 0x00000001
core   0: 0x800022b4 (0x016f1c93) slli    s9, t5, 22
core   0: 3 0x800022b4 (0x016f1c93) x25 0x00400000
core   0: 0x800022b8 (0x01259093) slli    ra, a1, 18
core   0: 3 0x800022b8 (0x01259093) x 1 0x00000000
core   0: 0x800022bc (0x59a0f293) andi    t0, ra, 1434
core   0: 3 0x800022bc (0x59a0f293) x 5 0x00000000
core   0: 0x800022c0 (0x00dc65b3) or      a1, s8, a3
core   0: 3 0x800022c0 (0x00dc65b3) x11 0x00000001
core   0: 0x800022c4 (0x74586313) ori     t1, a6, 1861
core   0: 3 0x800022c4 (0x74586313) x 6 0x00000745
core   0: 0x800022c8 (0x007c4f33) xor     t5, s8, t2
core   0: 3 0x800022c8 (0x007c4f33) x30 0x00000000
core   0: 0x800022cc (0x01c21193) slli    gp, tp, 28
core   0: 3 0x800022cc (0x01c21193) x 3 0x10000000
core   0: 0x800022d0 (0x00955eb3) srl     t4, a0, s1
core   0: 3 0x800022d0 (0x00955eb3) x29 0x00000000
core   0: 0x800022d4 (0xebbd6013) ori     zero, s10, -325
core   0: 3 0x800022d4 (0xebbd6013)
core   0: 0x800022d8 (0x10064d97) auipc   s11, 0x10064
core   0: 3 0x800022d8 (0x10064d97) x27 0x900662d8
core   0: 0x800022dc (0x41603e97) auipc   t4, 0x41603
core   0: 3 0x800022dc (0x41603e97) x29 0xc16052dc
core   0: 0x800022e0 (0x00000013) nop
core   0: 3 0x800022e0 (0x00000013)
core   0: 0x800022e4 (0x01f5f333) and     t1, a1, t6
core   0: 3 0x800022e4 (0x01f5f333) x 6 0x00000000
core   0: 0x800022e8 (0x39635e17) auipc   t3, 0x39635
core   0: 3 0x800022e8 (0x39635e17) x28 0xb96372e8
core   0: 0x800022ec (0x0173f633) and     a2, t2, s7
core   0: 3 0x800022ec (0x0173f633) x12 0x00000000
core   0: 0x800022f0 (0xbbddd4b7) lui     s1, 0xbbddd
core   0: 3 0x800022f0 (0xbbddd4b7) x 9 0xbbddd000
core   0: 0x800022f4 (0x01f90f33) add     t5, s2, t6
core   0: 3 0x800022f4 (0x01f90f33) x30 0x80014ce5
core   0: 0x800022f8 (0x93d4ca13) xori    s4, s1, -1731
core   0: 3 0x800022f8 (0x93d4ca13) x20 0x4422293d
core   0: 0x800022fc (0x41c053b3) sra     t2, zero, t3
core   0: 3 0x800022fc (0x41c053b3) x 7 0x00000000
core   0: 0x80002300 (0xa18c2a17) auipc   s4, 0xa18c2
core   0: 3 0x80002300 (0xa18c2a17) x20 0x218c4300
core   0: 0x80002304 (0x2a37a393) slti    t2, a5, 675
core   0: 3 0x80002304 (0x2a37a393) x 7 0x00000001
core   0: 0x80002308 (0xc5bb8913) addi    s2, s7, -933
core   0: 3 0x80002308 (0xc5bb8913) x18 0xfffffc5b
core   0: 0x8000230c (0xff877a93) andi    s5, a4, -8
core   0: 3 0x8000230c (0xff877a93) x21 0x80010e60
core   0: 0x80002310 (0x00e59433) sll     s0, a1, a4
core   0: 3 0x80002310 (0x00e59433) x 8 0x00000010
core   0: 0x80002314 (0x00302c33) slt     s8, zero, gp
core   0: 3 0x80002314 (0x00302c33) x24 0x00000001
core   0: 0x80002318 (0x77cbcd93) xori    s11, s7, 1916
core   0: 3 0x80002318 (0x77cbcd93) x27 0x0000077c
core   0: 0x8000231c (0x002ae2b3) or      t0, s5, sp
core   0: 3 0x8000231c (0x002ae2b3) x 5 0x80010e62
core   0: 0x80002320 (0x00777633) and     a2, a4, t2
core   0: 3 0x80002320 (0x00777633) x12 0x00000000
core   0: 0x80002324 (0x01599513) slli    a0, s3, 21
core   0: 3 0x80002324 (0x01599513) x10 0x04000000
core   0: 0x80002328 (0xde437913) andi    s2, t1, -540
core   0: 3 0x80002328 (0xde437913) x18 0x00000000
core   0: 0x8000232c (0x01cb4c33) xor     s8, s6, t3
core   0: 3 0x8000232c (0x01cb4c33) x24 0xb96372e9
core   0: 0x80002330 (0x01891493) slli    s1, s2, 24
core   0: 3 0x80002330 (0x01891493) x 9 0x00000000
core   0: 0x80002334 (0xb60c2213) slti    tp, s8, -1184
core   0: 3 0x80002334 (0xb60c2213) x 4 0x00000001
core   0: 0x80002338 (0x011d3133) sltu    sp, s10, a7
core   0: 3 0x80002338 (0x011d3133) x 2 0x00000000
core   0: 0x8000233c (0x014e5093) srli    ra, t3, 20
core   0: 3 0x8000233c (0x014e5093) x 1 0x00000b96
core   0: 0x80002340 (0x00ce7cb3) and     s9, t3, a2
core   0: 3 0x80002340 (0x00ce7cb3) x25 0x00000000
core   0: 0x80002344 (0x773a0f13) addi    t5, s4, 1907
core   0: 3 0x80002344 (0x773a0f13) x30 0x218c4a73
core   0: 0x80002348 (0x8c4a3693) sltiu   a3, s4, -1852
core   0: 3 0x80002348 (0x8c4a3693) x13 0x00000001
core   0: 0x8000234c (0x012cf533) and     a0, s9, s2
core   0: 3 0x8000234c (0x012cf533) x10 0x00000000
core   0: 0x80002350 (0x0147de33) srl     t3, a5, s4
core   0: 3 0x80002350 (0x0147de33) x28 0xff4e9b7e
core   0: 0x80002354 (0x01b72bb3) slt     s7, a4, s11
core   0: 3 0x80002354 (0x01b72bb3) x23 0x00000001
core   0: 0x80002358 (0x00561b33) sll     s6, a2, t0
core   0: 3 0x80002358 (0x00561b33) x22 0x00000000
core   0: 0x8000235c (0x007adbb3) srl     s7, s5, t2
core   0: 3 0x8000235c (0x007adbb3) x23 0x40008730
core   0: 0x80002360 (0x002106b3) add     a3, sp, sp
core   0: 3 0x80002360 (0x002106b3) x13 0x00000000
core   0: 0x80002364 (0xa6244993) xori    s3, s0, -1438
core   0: 3 0x80002364 (0xa6244993) x19 0xfffffa72
core   0: 0x80002368 (0x016c1293) slli    t0, s8, 22
core   0: 3 0x80002368 (0x016c1293) x 5 0xba400000
core   0: 0x8000236c (0x01bc9593) slli    a1, s9, 27
core   0: 3 0x8000236c (0x01bc9593) x11 0x00000000
core   0: 0x80002370 (0x004979b3) and     s3, s2, tp
core   0: 3 0x80002370 (0x004979b3) x19 0x00000000
core   0: 0x80002374 (0x0104adb3) slt     s11, s1, a6
core   0: 3 0x80002374 (0x0104adb3) x27 0x00000001
core   0: 0x80002378 (0x01b00db3) add     s11, zero, s11
core   0: 3 0x80002378 (0x01b00db3) x27 0x00000001
core   0: 0x8000237c (0x01db8f33) add     t5, s7, t4
core   0: 3 0x8000237c (0x01db8f33) x30 0x0160da0c
core   0: 0x80002380 (0x004d3333) sltu    t1, s10, tp
core   0: 3 0x80002380 (0x004d3333) x 6 0x00000000
core   0: 0x80002384 (0xec88b313) sltiu   t1, a7, -312
core   0: 3 0x80002384 (0xec88b313) x 6 0x00000001
core   0: 0x80002388 (0x0001deb3) srl     t4, gp, zero
core   0: 3 0x80002388 (0x0001deb3) x29 0x10000000
core   0: 0x8000238c (0x00c7c4b3) xor     s1, a5, a2
core   0: 3 0x8000238c (0x00c7c4b3) x 9 0xff4e9b7e
core   0: 0x80002390 (0x9ebb6993) ori     s3, s6, -1557
core   0: 3 0x80002390 (0x9ebb6993) x19 0xfffff9eb
core   0: 0x80002394 (0x0192c333) xor     t1, t0, s9
core   0: 3 0x80002394 (0x0192c333) x 6 0xba400000
core   0: 0x80002398 (0x0031d813) srli    a6, gp, 3
core   0: 3 0x80002398 (0x0031d813) x16 0x02000000
core   0: 0x8000239c (0x412cd3b3) sra     t2, s9, s2
core   0: 3 0x8000239c (0x412cd3b3) x 7 0x00000000
core   0: 0x800023a0 (0x00ec0eb3) add     t4, s8, a4
core   0: 3 0x800023a0 (0x00ec0eb3) x29 0x3964814d
core   0: 0x800023a4 (0x0036a4b3) slt     s1, a3, gp
core   0: 3 0x800023a4 (0x0036a4b3) x 9 0x00000001
core   0: 0x800023a8 (0xcb5ff9b7) lui     s3, 0xcb5ff
core   0: 3 0x800023a8 (0xcb5ff9b7) x19 0xcb5ff000
core   0: 0x800023ac (0x00eec533) xor     a0, t4, a4
core   0: 3 0x800023ac (0x00eec533) x10 0xb9658f29
core   0: 0x800023b0 (0x28dd8213) addi    tp, s11, 653
core   0: 3 0x800023b0 (0x28dd8213) x 4 0x0000028e
core   0: 0x800023b4 (0x00579bb3) sll     s7, a5, t0
core   0: 3 0x800023b4 (0x00579bb3) x23 0xff4e9b7e
core   0: 0x800023b8 (0x00bfdf13) srli    t5, t6, 11
core   0: 3 0x800023b8 (0x00bfdf13) x30 0x00100029
core   0: 0x800023bc (0x7afded93) ori     s11, s11, 1967
core   0: 3 0x800023bc (0x7afded93) x27 0x000007af
core   0: 0x800023c0 (0x85b14a93) xori    s5, sp, -1957
core   0: 3 0x800023c0 (0x85b14a93) x21 0xfffff85b
core   0: 0x800023c4 (0x00000013) nop
core   0: 3 0x800023c4 (0x00000013)
core   0: 0x800023c8 (0x315e1bb7) lui     s7, 0x315e1
core   0: 3 0x800023c8 (0x315e1bb7) x23 0x315e1000
core   0: 0x800023cc (0x4112dd13) srai    s10, t0, 17
core   0: 3 0x800023cc (0x4112dd13) x26 0xffffdd20
core   0: 0x800023d0 (0x4174dc93) srai    s9, s1, 23
core   0: 3 0x800023d0 (0x4174dc93) x25 0x00000000
core   0: 0x800023d4 (0x1d0e4a93) xori    s5, t3, 464
core   0: 3 0x800023d4 (0x1d0e4a93) x21 0xff4e9aae
core   0: 0x800023d8 (0x746ff893) andi    a7, t6, 1862
core   0: 3 0x800023d8 (0x746ff893) x17 0x00000444
core   0: 0x800023dc (0x538ea113) slti    sp, t4, 1336
core   0: 3 0x800023dc (0x538ea113) x 2 0x00000000
core   0: 0x800023e0 (0x000a9b13) slli    s6, s5, 0
core   0: 3 0x800023e0 (0x000a9b13) x22 0xff4e9aae
core   0: 0x800023e4 (0x18c40513) addi    a0, s0, 396
core   0: 3 0x800023e4 (0x18c40513) x10 0x0000019c
core   0: 0x800023e8 (0x8f38d517) auipc   a0, 0x8f38d
core   0: 3 0x800023e8 (0x8f38d517) x10 0x0f38f3e8
core   0: 0x800023ec (0x00d660b3) or      ra, a2, a3
core   0: 3 0x800023ec (0x00d660b3) x 1 0x00000000
core   0: 0x800023f0 (0x01518433) add     s0, gp, s5
core   0: 3 0x800023f0 (0x01518433) x 8 0x0f4e9aae
core   0: 0x800023f4 (0x012c3db3) sltu    s11, s8, s2
core   0: 3 0x800023f4 (0x012c3db3) x27 0x00000000
core   0: 0x800023f8 (0x1611e337) lui     t1, 0x1611e
core   0: 3 0x800023f8 (0x1611e337) x 6 0x1611e000
core   0: 0x800023fc (0xd2396813) ori     a6, s2, -733
core   0: 3 0x800023fc (0xd2396813) x16 0xfffffd23
core   0: 0x80002400 (0x00dda6b3) slt     a3, s11, a3
core   0: 3 0x80002400 (0x00dda6b3) x13 0x00000000
core   0: 0x80002404 (0x5374cd13) xori    s10, s1, 1335
core   0: 3 0x80002404 (0x5374cd13) x26 0x00000536
core   0: 0x80002408 (0x006185b3) add     a1, gp, t1
core   0: 3 0x80002408 (0x006185b3) x11 0x2611e000
core   0: 0x8000240c (0x714b7b13) andi    s6, s6, 1812
core   0: 3 0x8000240c (0x714b7b13) x22 0x00000204
core   0: 0x80002410 (0x48408b93) addi    s7, ra, 1156
core   0: 3 0x80002410 (0x48408b93) x23 0x00000484
core   0: 0x80002414 (0x47e34b93) xori    s7, t1, 1150
core   0: 3 0x80002414 (0x47e34b93) x23 0x1611e47e
core   0: 0x80002418 (0x8ab54993) xori    s3, a0, -1877
core   0: 3 0x80002418 (0x8ab54993) x19 0xf0c70b43
core   0: 0x8000241c (0x0114b033) sltu    zero, s1, a7
core   0: 3 0x8000241c (0x0114b033)
core   0: 0x80002420 (0xa9223e93) sltiu   t4, tp, -1390
core   0: 3 0x80002420 (0xa9223e93) x29 0x00000001
core   0: 0x80002424 (0x48a00f13) li      t5, 1162
core   0: 3 0x80002424 (0x48a00f13) x30 0x0000048a
core   0: 0x80002428 (0x007e64b3) or      s1, t3, t2
core   0: 3 0x80002428 (0x007e64b3) x 9 0xff4e9b7e
core   0: 0x8000242c (0x407d51b3) sra     gp, s10, t2
core   0: 3 0x8000242c (0x407d51b3) x 3 0x00000536
core   0: 0x80002430 (0x0069dcb3) srl     s9, s3, t1
core   0: 3 0x80002430 (0x0069dcb3) x25 0xf0c70b43
core   0: 0x80002434 (0x0099d093) srli    ra, s3, 9
core   0: 3 0x80002434 (0x0099d093) x 1 0x00786385
core   0: 0x80002438 (0x0cca4f13) xori    t5, s4, 204
core   0: 3 0x80002438 (0x0cca4f13) x30 0x218c43cc
core   0: 0x8000243c (0x015b1913) slli    s2, s6, 21
core   0: 3 0x8000243c (0x015b1913) x18 0x40800000
core   0: 0x80002440 (0xabf5c497) auipc   s1, 0xabf5c
core   0: 3 0x80002440 (0xabf5c497) x 9 0x2bf5e440
core   0: 0x80002444 (0x41428533) sub     a0, t0, s4
core   0: 3 0x80002444 (0x41428533) x10 0x98b3bd00
core   0: 0x80002448 (0x90552c13) slti    s8, a0, -1787
core   0: 3 0x80002448 (0x90552c13) x24 0x00000001
core   0: 0x8000244c (0x016f25b3) slt     a1, t5, s6
core   0: 3 0x8000244c (0x016f25b3) x11 0x00000000
core   0: 0x80002450 (0x9ddb4b13) xori    s6, s6, -1571
core   0: 3 0x80002450 (0x9ddb4b13) x22 0xfffffbd9
core   0: 0x80002454 (0x01e470b3) and     ra, s0, t5
core   0: 3 0x80002454 (0x01e470b3) x 1 0x010c028c
core   0: 0x80002458 (0x001d15b3) sll     a1, s10, ra
core   0: 3 0x80002458 (0x001d15b3) x11 0x00536000
core   0: 0x8000245c (0x01456f33) or      t5, a0, s4
core   0: 3 0x8000245c (0x01456f33) x30 0xb9bfff00
core   0: 0x80002460 (0x1ae23613) sltiu   a2, tp, 430
core   0: 3 0x80002460 (0x1ae23613) x12 0x00000000
core   0: 0x80002464 (0x008546b3) xor     a3, a0, s0
core   0: 3 0x80002464 (0x008546b3) x13 0x97fd27ae
core   0: 0x80002468 (0x289aac17) auipc   s8, 0x289aa
core   0: 3 0x80002468 (0x289aac17) x24 0xa89ac468
core   0: 0x8000246c (0x00801e13) slli    t3, zero, 8
core   0: 3 0x8000246c (0x00801e13) x28 0x00000000
core   0: 0x80002470 (0x01ac4d33) xor     s10, s8, s10
core   0: 3 0x80002470 (0x01ac4d33) x26 0xa89ac15e
core   0: 0x80002474 (0xf12a2693) slti    a3, s4, -238
core   0: 3 0x80002474 (0xf12a2693) x13 0x00000000
core   0: 0x80002478 (0x015666b3) or      a3, a2, s5
core   0: 3 0x80002478 (0x015666b3) x13 0xff4e9aae
core   0: 0x8000247c (0x01efe6b3) or      a3, t6, t5
core   0: 3 0x8000247c (0x01efe6b3) x13 0xb9bfffe4
core   0: 0x80002480 (0x008ebab3) sltu    s5, t4, s0
core   0: 3 0x80002480 (0x008ebab3) x21 0x00000001
core   0: 0x80002484 (0x0080d133) srl     sp, ra, s0
core   0: 3 0x80002484 (0x0080d133) x 2 0x00000430
core   0: 0x80002488 (0x4cb4e417) auipc   s0, 0x4cb4e
core   0: 3 0x80002488 (0x4cb4e417) x 8 0xccb50488
core   0: 0x8000248c (0x0075deb3) srl     t4, a1, t2
core   0: 3 0x8000248c (0x0075deb3) x29 0x00536000
core   0: 0x80002490 (0x008e7633) and     a2, t3, s0
core   0: 3 0x80002490 (0x008e7633) x12 0x00000000
core   0: 0x80002494 (0x012c0bb3) add     s7, s8, s2
core   0: 3 0x80002494 (0x012c0bb3) x23 0xe91ac468
core   0: 0x80002498 (0x01731393) slli    t2, t1, 23
core   0: 3 0x80002498 (0x01731393) x 7 0x00000000
core   0: 0x8000249c (0x01b621b3) slt     gp, a2, s11
core   0: 3 0x8000249c (0x01b621b3) x 3 0x00000000
core   0: 0x800024a0 (0x00000013) nop
core   0: 3 0x800024a0 (0x00000013)
core   0: 0x800024a4 (0x01c0a433) slt     s0, ra, t3
core   0: 3 0x800024a4 (0x01c0a433) x 8 0x00000000
core   0: 0x800024a8 (0x00596533) or      a0, s2, t0
core   0: 3 0x800024a8 (0x00596533) x10 0xfac00000
core   0: 0x800024ac (0x41c18933) sub     s2, gp, t3
core   0: 3 0x800024ac (0x41c18933) x18 0x00000000
core   0: 0x800024b0 (0x881fa493) slti    s1, t6, -1919
core   0: 3 0x800024b0 (0x881fa493) x 9 0x00000001
core   0: 0x800024b4 (0x9b97cc93) xori    s9, a5, -1607
core   0: 3 0x800024b4 (0x9b97cc93) x25 0x00b162c7
core   0: 0x800024b8 (0xe911aa93) slti    s5, gp, -367
core   0: 3 0x800024b8 (0xe911aa93) x21 0x00000000
core   0: 0x800024bc (0x011eb3b3) sltu    t2, t4, a7
core   0: 3 0x800024bc (0x011eb3b3) x 7 0x00000000
core   0: 0x800024c0 (0x004c5513) srli    a0, s8, 4
core   0: 3 0x800024c0 (0x004c5513) x10 0x0a89ac46
core   0: 0x800024c4 (0x0189ce33) xor     t3, s3, s8
core   0: 3 0x800024c4 (0x0189ce33) x28 0x585dcf2b
core   0: 0x800024c8 (0x0163f2b3) and     t0, t2, s6
core   0: 3 0x800024c8 (0x0163f2b3) x 5 0x00000000
core   0: 0x800024cc (0x90c2c097) auipc   ra, 0x90c2c
core   0: 3 0x800024cc (0x90c2c097) x 1 0x10c2e4cc
core   0: 0x800024d0 (0x00f55c93) srli    s9, a0, 15
core   0: 3 0x800024d0 (0x00f55c93) x25 0x00001513
core   0: 0x800024d4 (0x1896f897) auipc   a7, 0x1896f
core   0: 3 0x800024d4 (0x1896f897) x17 0x989714d4
core   0: 0x800024d8 (0x4cfd4693) xori    a3, s10, 1231
core   0: 3 0x800024d8 (0x4cfd4693) x13 0xa89ac591
core   0: 0x800024dc (0x01d6ab33) slt     s6, a3, t4
core   0: 3 0x800024dc (0x01d6ab33) x22 0x00000001
core   0: 0x800024e0 (0x0064c833) xor     a6, s1, t1
core   0: 3 0x800024e0 (0x0064c833) x16 0x1611e001
core   0: 0x800024e4 (0x1208e813) ori     a6, a7, 288
core   0: 3 0x800024e4 (0x1208e813) x16 0x989715f4
core   0: 0x800024e8 (0x86bcb513) sltiu   a0, s9, -1941
core   0: 3 0x800024e8 (0x86bcb513) x10 0x00000001
core   0: 0x800024ec (0xbd5a4f13) xori    t5, s4, -1067
core   0: 3 0x800024ec (0xbd5a4f13) x30 0xde73b8d5
core   0: 0x800024f0 (0x6a8c8393) addi    t2, s9, 1704
core   0: 3 0x800024f0 (0x6a8c8393) x 7 0x00001bbb
core   0: 0x800024f4 (0x00ba4cb3) xor     s9, s4, a1
core   0: 3 0x800024f4 (0x00ba4cb3) x25 0x21df2300
core   0: 0x800024f8 (0x696c8c93) addi    s9, s9, 1686
core   0: 3 0x800024f8 (0x696c8c93) x25 0x21df2996
core   0: 0x800024fc (0x00a2ecb3) or      s9, t0, a0
core   0: 3 0x800024fc (0x00a2ecb3) x25 0x00000001
core   0: 0x80002500 (0x01d363b3) or      t2, t1, t4
core   0: 3 0x80002500 (0x01d363b3) x 7 0x1653e000
core   0: 0x80002504 (0x002a5293) srli    t0, s4, 2
core   0: 3 0x80002504 (0x002a5293) x 5 0x086310c0
core   0: 0x80002508 (0xe11f7693) andi    a3, t5, -495
core   0: 3 0x80002508 (0xe11f7693) x13 0xde73b811
core   0: 0x8000250c (0x00ef03b3) add     t2, t5, a4
core   0: 3 0x8000250c (0x00ef03b3) x 7 0x5e74c739
core   0: 0x80002510 (0x00605f33) srl     t5, zero, t1
core   0: 3 0x80002510 (0x00605f33) x30 0x00000000
core   0: 0x80002514 (0x00b26217) auipc   tp, 0xb26
core   0: 3 0x80002514 (0x00b26217) x 4 0x80b28514
core   0: 0x80002518 (0x0009e0b3) or      ra, s3, zero
core   0: 3 0x80002518 (0x0009e0b3) x 1 0xf0c70b43
core   0: 0x8000251c (0xcda54093) xori    ra, a0, -806
core   0: 3 0x8000251c (0xcda54093) x 1 0xfffffcdb
core   0: 0x80002520 (0x017025b3) slt     a1, zero, s7
core   0: 3 0x80002520 (0x017025b3) x11 0x00000000
core   0: 0x80002524 (0x0089e4b3) or      s1, s3, s0
core   0: 3 0x80002524 (0x0089e4b3) x 9 0xf0c70b43
core   0: 0x80002528 (0x00936133) or      sp, t1, s1
core   0: 3 0x80002528 (0x00936133) x 2 0xf6d7eb43
core   0: 0x8000252c (0x47a5c137) lui     sp, 0x47a5c
core   0: 3 0x8000252c (0x47a5c137) x 2 0x47a5c000
core   0: 0x80002530 (0x4039de13) srai    t3, s3, 3
core   0: 3 0x80002530 (0x4039de13) x28 0xfe18e168
core   0: 0x80002534 (0x84970513) addi    a0, a4, -1975
core   0: 3 0x80002534 (0x84970513) x10 0x800106ad
core   0: 0x80002538 (0x01015a33) srl     s4, sp, a6
core   0: 3 0x80002538 (0x01015a33) x20 0x0000047a
core   0: 0x8000253c (0x00a2d013) srli    zero, t0, 10
core   0: 3 0x8000253c (0x00a2d013)
core   0: 0x80002540 (0x3cb6cf17) auipc   t5, 0x3cb6c
core   0: 3 0x80002540 (0x3cb6cf17) x30 0xbcb6e540
core   0: 0x80002544 (0x4ec92993) slti    s3, s2, 1260
core   0: 3 0x80002544 (0x4ec92993) x19 0x00000001
core   0: 0x80002548 (0x0cf4e193) ori     gp, s1, 207
core   0: 3 0x80002548 (0x0cf4e193) x 3 0xf0c70bcf
core   0: 0x8000254c (0x01a263b3) or      t2, tp, s10
core   0: 3 0x8000254c (0x01a263b3) x 7 0xa8bac55e
core   0: 0x80002550 (0x4043d613) srai    a2, t2, 4
core   0: 3 0x80002550 (0x4043d613) x12 0xfa8bac55
core   0: 0x80002554 (0xe8331597) auipc   a1, 0xe8331
core   0: 3 0x80002554 (0xe8331597) x11 0x68333554
core   0: 0x80002558 (0x607e4317) auipc   t1, 0x607e4
core   0: 3 0x80002558 (0x607e4317) x 6 0xe07e6558
core   0: 0x8000255c (0xca2ba013) slti    zero, s7, -862
core   0: 3 0x8000255c (0xca2ba013)
core   0: 0x80002560 (0xbc7c7bb7) lui     s7, 0xbc7c7
core   0: 3 0x80002560 (0xbc7c7bb7) x23 0xbc7c7000
core   0: 0x80002564 (0x16c23f13) sltiu   t5, tp, 364
core   0: 3 0x80002564 (0x16c23f13) x30 0x00000000
core   0: 0x80002568 (0x4dedf493) andi    s1, s11, 1246
core   0: 3 0x80002568 (0x4dedf493) x 9 0x00000000
core   0: 0x8000256c (0x7e9c3413) sltiu   s0, s8, 2025
core   0: 3 0x8000256c (0x7e9c3413) x 8 0x00000000
core   0: 0x80002570 (0x0078ecb3) or      s9, a7, t2
core   0: 3 0x80002570 (0x0078ecb3) x25 0xb8bfd5de
core   0: 0x80002574 (0x00000013) nop
core   0: 3 0x80002574 (0x00000013)
core   0: 0x80002578 (0xb2f3aa93) slti    s5, t2, -1233
core   0: 3 0x80002578 (0xb2f3aa93) x21 0x00000001
core   0: 0x8000257c (0x00000013) nop
core   0: 3 0x8000257c (0x00000013)
core   0: 0x80002580 (0x83d55617) auipc   a2, 0x83d55
core   0: 3 0x80002580 (0x83d55617) x12 0x03d57580
core   0: 0x80002584 (0x00000013) nop
core   0: 3 0x80002584 (0x00000013)
core   0: 0x80002588 (0x013e1033) sll     zero, t3, s3
core   0: 3 0x80002588 (0x013e1033)
core   0: 0x8000258c (0x40e18d33) sub     s10, gp, a4
core   0: 3 0x8000258c (0x40e18d33) x26 0x70c5fd6b
core   0: 0x80002590 (0x013fec33) or      s8, t6, s3
core   0: 3 0x80002590 (0x013fec33) x24 0x80014ce5
core   0: 0x80002594 (0xc265a993) slti    s3, a1, -986
core   0: 3 0x80002594 (0xc265a993) x19 0x00000000
core   0: 0x80002598 (0x01e6ea33) or      s4, a3, t5
core   0: 3 0x80002598 (0x01e6ea33) x20 0xde73b811
core   0: 0x8000259c (0x7b51ab13) slti    s6, gp, 1973
core   0: 3 0x8000259c (0x7b51ab13) x22 0x00000001
core   0: 0x800025a0 (0x01e845b3) xor     a1, a6, t5
core   0: 3 0x800025a0 (0x01e845b3) x11 0x989715f4
core   0: 0x800025a4 (0xbfda6593) ori     a1, s4, -1027
core   0: 3 0x800025a4 (0xbfda6593) x11 0xfffffbfd
core   0: 0x800025a8 (0x00555293) srli    t0, a0, 5
core   0: 3 0x800025a8 (0x00555293) x 5 0x04000835
core   0: 0x800025ac (0xbf873c37) lui     s8, 0xbf873
core   0: 3 0x800025ac (0xbf873c37) x24 0xbf873000
core   0: 0x800025b0 (0x406edcb3) sra     s9, t4, t1
core   0: 3 0x800025b0 (0x406edcb3) x25 0x00000000
core   0: 0x800025b4 (0x414d59b3) sra     s3, s10, s4
core   0: 3 0x800025b4 (0x414d59b3) x19 0x00003862
core   0: 0x800025b8 (0x406ed213) srai    tp, t4, 6
core   0: 3 0x800025b8 (0x406ed213) x 4 0x00014d80
core   0: 0x800025bc (0x0190d513) srli    a0, ra, 25
core   0: 3 0x800025bc (0x0190d513) x10 0x0000007f
core   0: 0x800025c0 (0x00000013) nop
core   0: 3 0x800025c0 (0x00000013)
core   0: 0x800025c4 (0x439bfc93) andi    s9, s7, 1081
core   0: 3 0x800025c4 (0x439bfc93) x25 0x00000000
core   0: 0x800025c8 (0x01d51833) sll     a6, a0, t4
core   0: 3 0x800025c8 (0x01d51833) x16 0x0000007f
core   0: 0x800025cc (0x00dac9b3) xor     s3, s5, a3
core   0: 3 0x800025cc (0x00dac9b3) x19 0xde73b810
core   0: 0x800025d0 (0x40195693) srai    a3, s2, 1
core   0: 3 0x800025d0 (0x40195693) x13 0x00000000
core   0: 0x800025d4 (0x00e858b3) srl     a7, a6, a4
core   0: 3 0x800025d4 (0x00e858b3) x17 0x00000007
core   0: 0x800025d8 (0x00788833) add     a6, a7, t2
core   0: 3 0x800025d8 (0x00788833) x16 0xa8bac565
core   0: 0x800025dc (0x405c8f33) sub     t5, s9, t0
core   0: 3 0x800025dc (0x405c8f33) x30 0xfbfff7cb
core   0: 0x800025e0 (0x018a43b3) xor     t2, s4, s8
core   0: 3 0x800025e0 (0x018a43b3) x 7 0x61f48811
core   0: 0x800025e4 (0x00bbe333) or      t1, s7, a1
core   0: 3 0x800025e4 (0x00bbe333) x 6 0xfffffbfd
core   0: 0x800025e8 (0x01675c13) srli    s8, a4, 22
core   0: 3 0x800025e8 (0x01675c13) x24 0x00000200
core   0: 0x800025ec (0x00ae1ab3) sll     s5, t3, a0
core   0: 3 0x800025ec (0x00ae1ab3) x21 0x00000000
core   0: 0x800025f0 (0x00000013) nop
core   0: 3 0x800025f0 (0x00000013)
core   0: 0x800025f4 (0x002e1233) sll     tp, t3, sp
core   0: 3 0x800025f4 (0x002e1233) x 4 0xfe18e168
core   0: 0x800025f8 (0x009f7333) and     t1, t5, s1
core   0: 3 0x800025f8 (0x009f7333) x 6 0x00000000
core   0: 0x800025fc (0x01ed26b3) slt     a3, s10, t5
core   0: 3 0x800025fc (0x01ed26b3) x13 0x00000000
core   0: 0x80002600 (0x01b36233) or      tp, t1, s11
core   0: 3 0x80002600 (0x01b36233) x 4 0x00000000
core   0: 0x80002604 (0x01f0d333) srl     t1, ra, t6
core   0: 3 0x80002604 (0x01f0d333) x 6 0x0fffffcd
core   0: 0x80002608 (0x015edab3) srl     s5, t4, s5
core   0: 3 0x80002608 (0x015edab3) x21 0x00536000
core   0: 0x8000260c (0x5fc73b13) sltiu   s6, a4, 1532
core   0: 3 0x8000260c (0x5fc73b13) x22 0x00000000
core   0: 0x80002610 (0x00000013) nop
core   0: 3 0x80002610 (0x00000013)
core   0: 0x80002614 (0x9c2d2d93) slti    s11, s10, -1598
core   0: 3 0x80002614 (0x9c2d2d93) x27 0x00000000
core   0: 0x80002618 (0x248b4313) xori    t1, s6, 584
core   0: 3 0x80002618 (0x248b4313) x 6 0x00000248
core   0: 0x8000261c (0x41d6d1b3) sra     gp, a3, t4
core   0: 3 0x8000261c (0x41d6d1b3) x 3 0x00000000
core   0: 0x80002620 (0x018ce133) or      sp, s9, s8
core   0: 3 0x80002620 (0x018ce133) x 2 0x00000200
core   0: 0x80002624 (0x166a2593) slti    a1, s4, 358
core   0: 3 0x80002624 (0x166a2593) x11 0x00000001
core   0: 0x80002628 (0xfae4a013) slti    zero, s1, -82
core   0: 3 0x80002628 (0xfae4a013)
core   0: 0x8000262c (0x00596633) or      a2, s2, t0
core   0: 3 0x8000262c (0x00596633) x12 0x04000835
core   0: 0x80002630 (0xe644b293) sltiu   t0, s1, -412
core   0: 3 0x80002630 (0xe644b293) x 5 0x00000001
core   0: 0x80002634 (0x0cdc7313) andi    t1, s8, 205
core   0: 3 0x80002634 (0x0cdc7313) x 6 0x00000000
core   0: 0x80002638 (0x00ef1993) slli    s3, t5, 14
core   0: 3 0x80002638 (0x00ef1993) x19 0xfdf2c000
core   0: 0x8000263c (0x400f05b3) sub     a1, t5, zero
core   0: 3 0x8000263c (0x400f05b3) x11 0xfbfff7cb
core   0: 0x80002640 (0x00000013) nop
core   0: 3 0x80002640 (0x00000013)
core   0: 0x80002644 (0x0177a333) slt     t1, a5, s7
core   0: 3 0x80002644 (0x0177a333) x 6 0x00000000
core   0: 0x80002648 (0x414501b3) sub     gp, a0, s4
core   0: 3 0x80002648 (0x414501b3) x 3 0x218c486e
core   0: 0x8000264c (0x006e5313) srli    t1, t3, 6
core   0: 3 0x8000264c (0x006e5313) x 6 0x03f86385
core   0: 0x80002650 (0x20158a93) addi    s5, a1, 513
core   0: 3 0x80002650 (0x20158a93) x21 0xfbfff9cc
core   0: 0x80002654 (0x004dc0b3) xor     ra, s11, tp
core   0: 3 0x80002654 (0x004dc0b3) x 1 0x00000000
core   0: 0x80002658 (0x002b05b3) add     a1, s6, sp
core   0: 3 0x80002658 (0x002b05b3) x11 0x00000200
core   0: 0x8000265c (0x409c5433) sra     s0, s8, s1
core   0: 3 0x8000265c (0x409c5433) x 8 0x00000200
core   0: 0x80002660 (0x40acd113) srai    sp, s9, 10
core   0: 3 0x80002660 (0x40acd113) x 2 0x00000000
core   0: 0x80002664 (0x00385833) srl     a6, a6, gp
core   0: 3 0x80002664 (0x00385833) x16 0x0002a2eb
core   0: 0x80002668 (0x9e010693) addi    a3, sp, -1568
core   0: 3 0x80002668 (0x9e010693) x13 0xfffff9e0
core   0: 0x8000266c (0x017283b3) add     t2, t0, s7
core   0: 3 0x8000266c (0x017283b3) x 7 0xbc7c7001
core   0: 0x80002670 (0x1a992693) slti    a3, s2, 425
core   0: 3 0x80002670 (0x1a992693) x13 0x00000001
core   0: 0x80002674 (0x40945db3) sra     s11, s0, s1
core   0: 3 0x80002674 (0x40945db3) x27 0x00000200
core   0: 0x80002678 (0x01f832b3) sltu    t0, a6, t6
core   0: 3 0x80002678 (0x01f832b3) x 5 0x00000001
core   0: 0x8000267c (0xd723b493) sltiu   s1, t2, -654
core   0: 3 0x8000267c (0xd723b493) x 9 0x00000001
core   0: 0x80002680 (0x00000013) nop
core   0: 3 0x80002680 (0x00000013)
core   0: 0x80002684 (0x346ff193) andi    gp, t6, 838
core   0: 3 0x80002684 (0x346ff193) x 3 0x00000044
core   0: 0x80002688 (0x01699633) sll     a2, s3, s6
core   0: 3 0x80002688 (0x01699633) x12 0xfdf2c000
core   0: 0x8000268c (0x9c997d17) auipc   s10, 0x9c997
core   0: 3 0x8000268c (0x9c997d17) x26 0x1c99968c
core   0: 0x80002690 (0x73254b93) xori    s7, a0, 1842
core   0: 3 0x80002690 (0x73254b93) x23 0x0000074d
core   0: 0x80002694 (0xe097cb13) xori    s6, a5, -503
core   0: 3 0x80002694 (0xe097cb13) x22 0x00b16577
core   0: 0x80002698 (0x41005033) sra     zero, zero, a6
core   0: 3 0x80002698 (0x41005033)
core   0: 0x8000269c (0x0196ceb3) xor     t4, a3, s9
core   0: 3 0x8000269c (0x0196ceb3) x29 0x00000001
core   0: 0x800026a0 (0x41565993) srai    s3, a2, 21
core   0: 3 0x800026a0 (0x41565993) x19 0xffffffef
core   0: 0x800026a4 (0x412e0433) sub     s0, t3, s2
core   0: 3 0x800026a4 (0x412e0433) x 8 0xfe18e168
core   0: 0x800026a8 (0x0105aeb3) slt     t4, a1, a6
core   0: 3 0x800026a8 (0x0105aeb3) x29 0x00000001
core   0: 0x800026ac (0x00b7f3b3) and     t2, a5, a1
core   0: 3 0x800026ac (0x00b7f3b3) x 7 0x00000200
core   0: 0x800026b0 (0x000c10b3) sll     ra, s8, zero
core   0: 3 0x800026b0 (0x000c10b3) x 1 0x00000200
core   0: 0x800026b4 (0x00b03a33) snez    s4, a1
core   0: 3 0x800026b4 (0x00b03a33) x20 0x00000001
core   0: 0x800026b8 (0x00fe8f33) add     t5, t4, a5
core   0: 3 0x800026b8 (0x00fe8f33) x30 0xff4e9b7f
core   0: 0x800026bc (0x01b33a33) sltu    s4, t1, s11
core   0: 3 0x800026bc (0x01b33a33) x20 0x00000000
core   0: 0x800026c0 (0x01651393) slli    t2, a0, 22
core   0: 3 0x800026c0 (0x01651393) x 7 0x1fc00000
core   0: 0x800026c4 (0xe0466c93) ori     s9, a2, -508
core   0: 3 0x800026c4 (0xe0466c93) x25 0xfffffe04
core   0: 0x800026c8 (0x01219313) slli    t1, gp, 18
core   0: 3 0x800026c8 (0x01219313) x 6 0x01100000
core   0: 0x800026cc (0x90503193) sltiu   gp, zero, -1787
core   0: 3 0x800026cc (0x90503193) x 3 0x00000001
core   0: 0x800026d0 (0x01f95b33) srl     s6, s2, t6
core   0: 3 0x800026d0 (0x01f95b33) x22 0x00000000
core   0: 0x800026d4 (0x40a35693) srai    a3, t1, 10
core   0: 3 0x800026d4 (0x40a35693) x13 0x00004400
core   0: 0x800026d8 (0xc7478293) addi    t0, a5, -908
core   0: 3 0x800026d8 (0xc7478293) x 5 0xff4e97f2
core   0: 0x800026dc (0x01105813) srli    a6, zero, 17
core   0: 3 0x800026dc (0x01105813) x16 0x00000000
core   0: 0x800026e0 (0x01b53eb3) sltu    t4, a0, s11
core   0: 3 0x800026e0 (0x01b53eb3) x29 0x00000001
core   0: 0x800026e4 (0x01cf6633) or      a2, t5, t3
core   0: 3 0x800026e4 (0x01cf6633) x12 0xff5efb7f
core   0: 0x800026e8 (0x1cbc7413) andi    s0, s8, 459
core   0: 3 0x800026e8 (0x1cbc7413) x 8 0x00000000
core   0: 0x800026ec (0xc5f6a9b7) lui     s3, 0xc5f6a
core   0: 3 0x800026ec (0xc5f6a9b7) x19 0xc5f6a000
core   0: 0x800026f0 (0x00031533) sll     a0, t1, zero
core   0: 3 0x800026f0 (0x00031533) x10 0x01100000
core   0: 0x800026f4 (0x41d089b3) sub     s3, ra, t4
core   0: 3 0x800026f4 (0x41d089b3) x19 0x000001ff
core   0: 0x800026f8 (0x014b50b3) srl     ra, s6, s4
core   0: 3 0x800026f8 (0x014b50b3) x 1 0x00000000
core   0: 0x800026fc (0x0027dcb3) srl     s9, a5, sp
core   0: 3 0x800026fc (0x0027dcb3) x25 0xff4e9b7e
core   0: 0x80002700 (0x01b9f033) and     zero, s3, s11
core   0: 3 0x80002700 (0x01b9f033)
core   0: 0x80002704 (0xee25f093) andi    ra, a1, -286
core   0: 3 0x80002704 (0xee25f093) x 1 0x00000200
core   0: 0x80002708 (0x01d838b3) sltu    a7, a6, t4
core   0: 3 0x80002708 (0x01d838b3) x17 0x00000001
core   0: 0x8000270c (0x00964ab3) xor     s5, a2, s1
core   0: 3 0x8000270c (0x00964ab3) x21 0xff5efb7e
core   0: 0x80002710 (0xe6edad93) slti    s11, s11, -402
core   0: 3 0x80002710 (0xe6edad93) x27 0x00000000
core   0: 0x80002714 (0x917ac193) xori    gp, s5, -1769
core   0: 3 0x80002714 (0x917ac193) x 3 0x00a10269
core   0: 0x80002718 (0x0a680613) addi    a2, a6, 166
core   0: 3 0x80002718 (0x0a680613) x12 0x000000a6
core   0: 0x8000271c (0xdf6de013) ori     zero, s11, -522
core   0: 3 0x8000271c (0xdf6de013)
core   0: 0x80002720 (0x01b11913) slli    s2, sp, 27
core   0: 3 0x80002720 (0x01b11913) x18 0x00000000
core   0: 0x80002724 (0x0176d993) srli    s3, a3, 23
core   0: 3 0x80002724 (0x0176d993) x19 0x00000000
core   0: 0x80002728 (0x0139d913) srli    s2, s3, 19
core   0: 3 0x80002728 (0x0139d913) x18 0x00000000
core   0: 0x8000272c (0x01c6d433) srl     s0, a3, t3
core   0: 3 0x8000272c (0x01c6d433) x 8 0x00000044
core   0: 0x80002730 (0x899d4b93) xori    s7, s10, -1895
core   0: 3 0x80002730 (0x899d4b93) x23 0xe3666e15
core   0: 0x80002734 (0x00000013) nop
core   0: 3 0x80002734 (0x00000013)
core   0: 0x80002738 (0x5daf3d93) sltiu   s11, t5, 1498
core   0: 3 0x80002738 (0x5daf3d93) x27 0x00000000
core   0: 0x8000273c (0x80000f37) lui     t5, 0x80000
core   0: 3 0x8000273c (0x80000f37) x30 0x80000000
core   0: 0x80002740 (0x00000313) li      t1, 0
core   0: 3 0x80002740 (0x00000313) x 6 0x00000000
core   0: 0x80002744 (0x800005b7) lui     a1, 0x80000
core   0: 3 0x80002744 (0x800005b7) x11 0x80000000
core   0: 0x80002748 (0x800000b7) lui     ra, 0x80000
core   0: 3 0x80002748 (0x800000b7) x 1 0x80000000
core   0: 0x8000274c (0xfd1a06b7) lui     a3, 0xfd1a0
core   0: 3 0x8000274c (0xfd1a06b7) x13 0xfd1a0000
core   0: 0x80002750 (0x5de68693) addi    a3, a3, 1502
core   0: 3 0x80002750 (0x5de68693) x13 0xfd1a05de
core   0: 0x80002754 (0xc72033b7) lui     t2, 0xc7203
core   0: 3 0x80002754 (0xc72033b7) x 7 0xc7203000
core   0: 0x80002758 (0xf8d38393) addi    t2, t2, -115
core   0: 3 0x80002758 (0xf8d38393) x 7 0xc7202f8d
core   0: 0x8000275c (0x800001b7) lui     gp, 0x80000
core   0: 3 0x8000275c (0x800001b7) x 3 0x80000000
core   0: 0x80002760 (0x00000493) li      s1, 0
core   0: 3 0x80002760 (0x00000493) x 9 0x00000000
core   0: 0x80002764 (0xc59d5e37) lui     t3, 0xc59d5
core   0: 3 0x80002764 (0xc59d5e37) x28 0xc59d5000
core   0: 0x80002768 (0xf15e0e13) addi    t3, t3, -235
core   0: 3 0x80002768 (0xf15e0e13) x28 0xc59d4f15
core   0: 0x8000276c (0x80000537) lui     a0, 0x80000
core   0: 3 0x8000276c (0x80000537) x10 0x80000000
core   0: 0x80002770 (0xc620e317) auipc   t1, 0xc620e
core   0: 3 0x80002770 (0xc620e317) x 6 0x46210770
core   0: 0x80002774 (0x41e484b3) sub     s1, s1, t5
core   0: 3 0x80002774 (0x41e484b3) x 9 0x80000000
core   0: 0x80002778 (0x01c385b3) add     a1, t2, t3
core   0: 3 0x80002778 (0x01c385b3) x11 0x8cbd7ea2
core   0: 0x8000277c (0x58830593) addi    a1, t1, 1416
core   0: 3 0x8000277c (0x58830593) x11 0x46210cf8
core   0: 0x80002780 (0x00000013) nop
core   0: 3 0x80002780 (0x00000013)
core   0: 0x80002784 (0x41ee00b3) sub     ra, t3, t5
core   0: 3 0x80002784 (0x41ee00b3) x 1 0x459d4f15
core   0: 0x80002788 (0xf37e0313) addi    t1, t3, -201
core   0: 3 0x80002788 (0xf37e0313) x 6 0xc59d4e4c
core   0: 0x8000278c (0x1a4c3317) auipc   t1, 0x1a4c3
core   0: 3 0x8000278c (0x1a4c3317) x 6 0x9a4c578c
core   0: 0x80002790 (0x00d304b3) add     s1, t1, a3
core   0: 3 0x80002790 (0x00d304b3) x 9 0x97665d6a
core   0: 0x80002794 (0xe6ff0493) addi    s1, t5, -401
core   0: 3 0x80002794 (0xe6ff0493) x 9 0x7ffffe6f
core   0: 0x80002798 (0xaff96e37) lui     t3, 0xaff96
core   0: 3 0x80002798 (0xaff96e37) x28 0xaff96000
core   0: 0x8000279c (0x00de0333) add     t1, t3, a3
core   0: 3 0x8000279c (0x00de0333) x 6 0xad1365de
core   0: 0x800027a0 (0xee649337) lui     t1, 0xee649
core   0: 3 0x800027a0 (0xee649337) x 6 0xee649000
core   0: 0x800027a4 (0x5bdc16b7) lui     a3, 0x5bdc1
core   0: 3 0x800027a4 (0x5bdc16b7) x13 0x5bdc1000
core   0: 0x800027a8 (0x01e58e33) add     t3, a1, t5
core   0: 3 0x800027a8 (0x01e58e33) x28 0xc6210cf8
core   0: 0x800027ac (0x40348533) sub     a0, s1, gp
core   0: 3 0x800027ac (0x40348533) x10 0xfffffe6f
core   0: 0x800027b0 (0xb03e4337) lui     t1, 0xb03e4
core   0: 3 0x800027b0 (0xb03e4337) x 6 0xb03e4000
core   0: 0x800027b4 (0x00350533) add     a0, a0, gp
core   0: 3 0x800027b4 (0x00350533) x10 0x7ffffe6f
core   0: 0x800027b8 (0x013418b3) sll     a7, s0, s3
core   0: 3 0x800027b8 (0x013418b3) x17 0x00000044
core   0: 0x800027bc (0x00f93097) auipc   ra, 0xf93
core   0: 3 0x800027bc (0x00f93097) x 1 0x80f957bc
core   0: 0x800027c0 (0x012ef6b3) and     a3, t4, s2
core   0: 3 0x800027c0 (0x012ef6b3) x13 0x00000000
core   0: 0x800027c4 (0x00000013) nop
core   0: 3 0x800027c4 (0x00000013)
core   0: 0x800027c8 (0x41c68633) sub     a2, a3, t3
core   0: 3 0x800027c8 (0x41c68633) x12 0x39def308
core   0: 0x800027cc (0x4808fb93) andi    s7, a7, 1152
core   0: 3 0x800027cc (0x4808fb93) x23 0x00000000
core   0: 0x800027d0 (0x11532113) slti    sp, t1, 277
core   0: 3 0x800027d0 (0x11532113) x 2 0x00000001
core   0: 0x800027d4 (0x0102b633) sltu    a2, t0, a6
core   0: 3 0x800027d4 (0x0102b633) x12 0x00000000
core   0: 0x800027d8 (0x6cba7f17) auipc   t5, 0x6cba7
core   0: 3 0x800027d8 (0x6cba7f17) x30 0xecba97d8
core   0: 0x800027dc (0x00fae4b3) or      s1, s5, a5
core   0: 3 0x800027dc (0x00fae4b3) x 9 0xff5efb7e
core   0: 0x800027e0 (0x62a3c293) xori    t0, t2, 1578
core   0: 3 0x800027e0 (0x62a3c293) x 5 0xc72029a7
core   0: 0x800027e4 (0x004a4db3) xor     s11, s4, tp
core   0: 3 0x800027e4 (0x004a4db3) x27 0x00000000
core   0: 0x800027e8 (0x417258b3) sra     a7, tp, s7
core   0: 3 0x800027e8 (0x417258b3) x17 0x00000000
core   0: 0x800027ec (0x00000013) nop
core   0: 3 0x800027ec (0x00000013)
core   0: 0x800027f0 (0x01a013b3) sll     t2, zero, s10
core   0: 3 0x800027f0 (0x01a013b3) x 7 0x00000000
core   0: 0x800027f4 (0x3ec3a6b7) lui     a3, 0x3ec3a
core   0: 3 0x800027f4 (0x3ec3a6b7) x13 0x3ec3a000
core   0: 0x800027f8 (0x013ee333) or      t1, t4, s3
core   0: 3 0x800027f8 (0x013ee333) x 6 0x00000001
core   0: 0x800027fc (0x3427ce93) xori    t4, a5, 834
core   0: 3 0x800027fc (0x3427ce93) x29 0xff4e983c
core   0: 0x80002800 (0x41a85413) srai    s0, a6, 26
core   0: 3 0x80002800 (0x41a85413) x 8 0x00000000
core   0: 0x80002804 (0x143e6b13) ori     s6, t3, 323
core   0: 3 0x80002804 (0x143e6b13) x22 0xc6210dfb
core   0: 0x80002808 (0x40efdab3) sra     s5, t6, a4
core   0: 3 0x80002808 (0x40efdab3) x21 0xf80014ce
core   0: 0x8000280c (0x401bddb3) sra     s11, s7, ra
core   0: 3 0x8000280c (0x401bddb3) x27 0x00000000
core   0: 0x80002810 (0x437c2913) slti    s2, s8, 1079
core   0: 3 0x80002810 (0x437c2913) x18 0x00000001
core   0: 0x80002814 (0x01149a33) sll     s4, s1, a7
core   0: 3 0x80002814 (0x01149a33) x20 0xff5efb7e
core   0: 0x80002818 (0xfd833513) sltiu   a0, t1, -40
core   0: 3 0x80002818 (0xfd833513) x10 0x00000001
core   0: 0x8000281c (0x01f47333) and     t1, s0, t6
core   0: 3 0x8000281c (0x01f47333) x 6 0x00000000
core   0: 0x80002820 (0x52ac2a13) slti    s4, s8, 1322
core   0: 3 0x80002820 (0x52ac2a13) x20 0x00000001
core   0: 0x80002824 (0x016045b3) xor     a1, zero, s6
core   0: 3 0x80002824 (0x016045b3) x11 0xc6210dfb
core   0: 0x80002828 (0xc2d24d93) xori    s11, tp, -979
core   0: 3 0x80002828 (0xc2d24d93) x27 0xfffffc2d
core   0: 0x8000282c (0x00aa2b33) slt     s6, s4, a0
core   0: 3 0x8000282c (0x00aa2b33) x22 0x00000000
core   0: 0x80002830 (0x4b86f337) lui     t1, 0x4b86f
core   0: 3 0x80002830 (0x4b86f337) x 6 0x4b86f000
core   0: 0x80002834 (0x00a2dd93) srli    s11, t0, 10
core   0: 3 0x80002834 (0x00a2dd93) x27 0x0031c80a
core   0: 0x80002838 (0x9c916813) ori     a6, sp, -1591
core   0: 3 0x80002838 (0x9c916813) x16 0xfffff9c9
core   0: 0x8000283c (0x00958bb3) add     s7, a1, s1
core   0: 3 0x8000283c (0x00958bb3) x23 0xc5800979
core   0: 0x80002840 (0x422be213) ori     tp, s7, 1058
core   0: 3 0x80002840 (0x422be213) x 4 0xc5800d7b
core   0: 0x80002844 (0x00c4a933) slt     s2, s1, a2
core   0: 3 0x80002844 (0x00c4a933) x18 0x00000001
core   0: 0x80002848 (0x563a0e93) addi    t4, s4, 1379
core   0: 3 0x80002848 (0x563a0e93) x29 0x00000564
core   0: 0x8000284c (0x73d6b413) sltiu   s0, a3, 1853
core   0: 3 0x8000284c (0x73d6b413) x 8 0x00000000
core   0: 0x80002850 (0x01ef76b3) and     a3, t5, t5
core   0: 3 0x80002850 (0x01ef76b3) x13 0xecba97d8
core   0: 0x80002854 (0xfb5b4e17) auipc   t3, 0xfb5b4
core   0: 3 0x80002854 (0xfb5b4e17) x28 0x7b5b6854
core   0: 0x80002858 (0x009a1b93) slli    s7, s4, 9
core   0: 3 0x80002858 (0x009a1b93) x23 0x00000200
core   0: 0x8000285c (0x007e1cb3) sll     s9, t3, t2
core   0: 3 0x8000285c (0x007e1cb3) x25 0x7b5b6854
core   0: 0x80002860 (0xcc8b0493) addi    s1, s6, -824
core   0: 3 0x80002860 (0xcc8b0493) x 9 0xfffffcc8
core   0: 0x80002864 (0x012bd6b3) srl     a3, s7, s2
core   0: 3 0x80002864 (0x012bd6b3) x13 0x00000100
core   0: 0x80002868 (0x6d700813) li      a6, 1751
core   0: 3 0x80002868 (0x6d700813) x16 0x000006d7
core   0: 0x8000286c (0x414b5933) sra     s2, s6, s4
core   0: 3 0x8000286c (0x414b5933) x18 0x00000000
core   0: 0x80002870 (0xb7aa7293) andi    t0, s4, -1158
core   0: 3 0x80002870 (0xb7aa7293) x 5 0x00000000
core   0: 0x80002874 (0x00c31db3) sll     s11, t1, a2
core   0: 3 0x80002874 (0x00c31db3) x27 0x4b86f000
core   0: 0x80002878 (0x0dffe517) auipc   a0, 0xdffe
core   0: 3 0x80002878 (0x0dffe517) x10 0x8e000878
core   0: 0x8000287c (0x9d9d8e93) addi    t4, s11, -1575
core   0: 3 0x8000287c (0x9d9d8e93) x29 0x4b86e9d9
core   0: 0x80002880 (0x00483b33) sltu    s6, a6, tp
core   0: 3 0x80002880 (0x00483b33) x22 0x00000001
core   0: 0x80002884 (0xfeff6f13) ori     t5, t5, -17
core   0: 3 0x80002884 (0xfeff6f13) x30 0xffffffff
core   0: 0x80002888 (0xb31f4417) auipc   s0, 0xb31f4
core   0: 3 0x80002888 (0xb31f4417) x 8 0x331f6888
core   0: 0x8000288c (0xb004cd93) xori    s11, s1, -1280
core   0: 3 0x8000288c (0xb004cd93) x27 0x000007c8
core   0: 0x80002890 (0x6e157613) andi    a2, a0, 1761
core   0: 3 0x80002890 (0x6e157613) x12 0x00000060
core   0: 0x80002894 (0x40c059b3) sra     s3, zero, a2
core   0: 3 0x80002894 (0x40c059b3) x19 0x00000000
core   0: 0x80002898 (0xd2763693) sltiu   a3, a2, -729
core   0: 3 0x80002898 (0xd2763693) x13 0x00000001
core   0: 0x8000289c (0x00a4de93) srli    t4, s1, 10
core   0: 3 0x8000289c (0x00a4de93) x29 0x003fffff
core   0: 0x800028a0 (0x95d4ee93) ori     t4, s1, -1699
core   0: 3 0x800028a0 (0x95d4ee93) x29 0xfffffddd
core   0: 0x800028a4 (0x4160d293) srai    t0, ra, 22
core   0: 3 0x800028a4 (0x4160d293) x 5 0xfffffe03
core   0: 0x800028a8 (0x00da5b93) srli    s7, s4, 13
core   0: 3 0x800028a8 (0x00da5b93) x23 0x00000000
core   0: 0x800028ac (0x005cc3b3) xor     t2, s9, t0
core   0: 3 0x800028ac (0x005cc3b3) x 7 0x84a49657
core   0: 0x800028b0 (0xbb1a0e93) addi    t4, s4, -1103
core   0: 3 0x800028b0 (0xbb1a0e93) x29 0xfffffbb2
core   0: 0x800028b4 (0x00000013) nop
core   0: 3 0x800028b4 (0x00000013)
core   0: 0x800028b8 (0x000aa1b3) slt     gp, s5, zero
core   0: 3 0x800028b8 (0x000aa1b3) x 3 0x00000001
core   0: 0x800028bc (0x01703bb3) snez    s7, s7
core   0: 3 0x800028bc (0x01703bb3) x23 0x00000000
core   0: 0x800028c0 (0x34306c97) auipc   s9, 0x34306
core   0: 3 0x800028c0 (0x34306c97) x25 0xb43088c0
core   0: 0x800028c4 (0xd6796413) ori     s0, s2, -665
core   0: 3 0x800028c4 (0xd6796413) x 8 0xfffffd67
core   0: 0x800028c8 (0x7a2d0193) addi    gp, s10, 1954
core   0: 3 0x800028c8 (0x7a2d0193) x 3 0x1c999e2e
core   0: 0x800028cc (0x01f628b3) slt     a7, a2, t6
core   0: 3 0x800028cc (0x01f628b3) x17 0x00000000
core   0: 0x800028d0 (0x28a62b37) lui     s6, 0x28a62
core   0: 3 0x800028d0 (0x28a62b37) x22 0x28a62000
core   0: 0x800028d4 (0x00b3d033) srl     zero, t2, a1
core   0: 3 0x800028d4 (0x00b3d033)
core   0: 0x800028d8 (0x00428b33) add     s6, t0, tp
core   0: 3 0x800028d8 (0x00428b33) x22 0xc5800b7e
core   0: 0x800028dc (0x01c598b3) sll     a7, a1, t3
core   0: 3 0x800028dc (0x01c598b3) x17 0xdfb00000
core   0: 0x800028e0 (0x00000013) nop
core   0: 3 0x800028e0 (0x00000013)
core   0: 0x800028e4 (0x83c94593) xori    a1, s2, -1988
core   0: 3 0x800028e4 (0x83c94593) x11 0xfffff83c
core   0: 0x800028e8 (0xaf11f613) andi    a2, gp, -1295
core   0: 3 0x800028e8 (0xaf11f613) x12 0x1c999a20
core   0: 0x800028ec (0x01969db3) sll     s11, a3, s9
core   0: 3 0x800028ec (0x01969db3) x27 0x00000001
core   0: 0x800028f0 (0x4070dc93) srai    s9, ra, 7
core   0: 3 0x800028f0 (0x4070dc93) x25 0xff01f2af
core   0: 0x800028f4 (0x39fefc13) andi    s8, t4, 927
core   0: 3 0x800028f4 (0x39fefc13) x24 0x00000392
core   0: 0x800028f8 (0x0034f6b3) and     a3, s1, gp
core   0: 3 0x800028f8 (0x0034f6b3) x13 0x1c999c08
core   0: 0x800028fc (0x409a02b3) sub     t0, s4, s1
core   0: 3 0x800028fc (0x409a02b3) x 5 0x00000339
core   0: 0x80002900 (0x6f97b937) lui     s2, 0x6f97b
core   0: 3 0x80002900 (0x6f97b937) x18 0x6f97b000
core   0: 0x80002904 (0x00000013) nop
core   0: 3 0x80002904 (0x00000013)
core   0: 0x80002908 (0x17c34193) xori    gp, t1, 380
core   0: 3 0x80002908 (0x17c34193) x 3 0x4b86f17c
core   0: 0x8000290c (0x41d08c33) sub     s8, ra, t4
core   0: 3 0x8000290c (0x41d08c33) x24 0x80f95c0a
core   0: 0x80002910 (0x0142e833) or      a6, t0, s4
core   0: 3 0x80002910 (0x0142e833) x16 0x00000339
core   0: 0x80002914 (0x01a0a433) slt     s0, ra, s10
core   0: 3 0x80002914 (0x01a0a433) x 8 0x00000001
core   0: 0x80002918 (0x418b8333) sub     t1, s7, s8
core   0: 3 0x80002918 (0x418b8333) x 6 0x7f06a3f6
core   0: 0x8000291c (0x00000013) nop
core   0: 3 0x8000291c (0x00000013)
core   0: 0x80002920 (0x01bb7d33) and     s10, s6, s11
core   0: 3 0x80002920 (0x01bb7d33) x26 0x00000000
core   0: 0x80002924 (0x00ac0833) add     a6, s8, a0
core   0: 3 0x80002924 (0x00ac0833) x16 0x0ef96482
core   0: 0x80002928 (0x010dfa33) and     s4, s11, a6
core   0: 3 0x80002928 (0x010dfa33) x20 0x00000000
core   0: 0x8000292c (0xcef2c293) xori    t0, t0, -785
core   0: 3 0x8000292c (0xcef2c293) x 5 0xffffffd6
core   0: 0x80002930 (0x00000013) nop
core   0: 3 0x80002930 (0x00000013)
core   0: 0x80002934 (0x002f1413) slli    s0, t5, 2
core   0: 3 0x80002934 (0x002f1413) x 8 0xfffffffc
core   0: 0x80002938 (0x0558e313) ori     t1, a7, 85
core   0: 3 0x80002938 (0x0558e313) x 6 0xdfb00055
core   0: 0x8000293c (0x486df637) lui     a2, 0x486df
core   0: 3 0x8000293c (0x486df637) x12 0x486df000
core   0: 0x80002940 (0x50640a13) addi    s4, s0, 1286
core   0: 3 0x80002940 (0x50640a13) x20 0x00000502
core   0: 0x80002944 (0x009edd13) srli    s10, t4, 9
core   0: 3 0x80002944 (0x009edd13) x26 0x007ffffd
core   0: 0x80002948 (0x016a85b3) add     a1, s5, s6
core   0: 3 0x80002948 (0x016a85b3) x11 0xbd80204c
core   0: 0x8000294c (0x925e7213) andi    tp, t3, -1755
core   0: 3 0x8000294c (0x925e7213) x 4 0x7b5b6804
core   0: 0x80002950 (0xaa94a593) slti    a1, s1, -1367
core   0: 3 0x80002950 (0xaa94a593) x11 0x00000000
core   0: 0x80002954 (0x33142393) slti    t2, s0, 817
core   0: 3 0x80002954 (0x33142393) x 7 0x00000001
core   0: 0x80002958 (0x01330f33) add     t5, t1, s3
core   0: 3 0x80002958 (0x01330f33) x30 0xdfb00055
core   0: 0x8000295c (0x012bebb3) or      s7, s7, s2
core   0: 3 0x8000295c (0x012bebb3) x23 0x6f97b000
core   0: 0x80002960 (0x00785993) srli    s3, a6, 7
core   0: 3 0x80002960 (0x00785993) x19 0x001df2c9
core   0: 0x80002964 (0x01cebcb3) sltu    s9, t4, t3
core   0: 3 0x80002964 (0x01cebcb3) x25 0x00000000
core   0: 0x80002968 (0x2fd7ea93) ori     s5, a5, 765
core   0: 3 0x80002968 (0x2fd7ea93) x21 0xff4e9bff
core   0: 0x8000296c (0x00000013) nop
core   0: 3 0x8000296c (0x00000013)
core   0: 0x80002970 (0x40c801b3) sub     gp, a6, a2
core   0: 3 0x80002970 (0x40c801b3) x 3 0xc68b7482
core   0: 0x80002974 (0x00987a33) and     s4, a6, s1
core   0: 3 0x80002974 (0x00987a33) x20 0x0ef96480
core   0: 0x80002978 (0x000d2eb3) slt     t4, s10, zero
core   0: 3 0x80002978 (0x000d2eb3) x29 0x00000000
core   0: 0x8000297c (0x004bf3b3) and     t2, s7, tp
core   0: 3 0x8000297c (0x004bf3b3) x 7 0x6b132000
core   0: 0x80002980 (0x94182337) lui     t1, 0x94182
core   0: 3 0x80002980 (0x94182337) x 6 0x94182000
core   0: 0x80002984 (0x412e04b3) sub     s1, t3, s2
core   0: 3 0x80002984 (0x412e04b3) x 9 0x0bc3b854
core   0: 0x80002988 (0xd57b2613) slti    a2, s6, -681
core   0: 3 0x80002988 (0xd57b2613) x12 0x00000001
core   0: 0x8000298c (0xffd27513) andi    a0, tp, -3
core   0: 3 0x8000298c (0xffd27513) x10 0x7b5b6804
core   0: 0x80002990 (0x40d05e13) srai    t3, zero, 13
core   0: 3 0x80002990 (0x40d05e13) x28 0x00000000
core   0: 0x80002994 (0x01e03cb3) snez    s9, t5
core   0: 3 0x80002994 (0x01e03cb3) x25 0x00000001
core   0: 0x80002998 (0x007edf13) srli    t5, t4, 7
core   0: 3 0x80002998 (0x007edf13) x30 0x00000000
core   0: 0x8000299c (0x00a81393) slli    t2, a6, 10
core   0: 3 0x8000299c (0x00a81393) x 7 0xe5920800
core   0: 0x800029a0 (0x77b08e93) addi    t4, ra, 1915
core   0: 3 0x800029a0 (0x77b08e93) x29 0x80f95f37
core   0: 0x800029a4 (0x41a705b3) sub     a1, a4, s10
core   0: 3 0x800029a4 (0x41a705b3) x11 0x7f810e67
core   0: 0x800029a8 (0x405d0133) sub     sp, s10, t0
core   0: 3 0x800029a8 (0x405d0133) x 2 0x00800027
core   0: 0x800029ac (0x00726cb3) or      s9, tp, t2
core   0: 3 0x800029ac (0x00726cb3) x25 0xffdb6804
core   0: 0x800029b0 (0x52bf8113) addi    sp, t6, 1323
core   0: 3 0x800029b0 (0x52bf8113) x 2 0x8001520f
core   0: 0x800029b4 (0x76b51637) lui     a2, 0x76b51
core   0: 3 0x800029b4 (0x76b51637) x12 0x76b51000
core   0: 0x800029b8 (0x4078dbb3) sra     s7, a7, t2
core   0: 3 0x800029b8 (0x4078dbb3) x23 0xdfb00000
core   0: 0x800029bc (0x01cd0cb3) add     s9, s10, t3
core   0: 3 0x800029bc (0x01cd0cb3) x25 0x007ffffd
core   0: 0x800029c0 (0x41e9d5b3) sra     a1, s3, t5
core   0: 3 0x800029c0 (0x41e9d5b3) x11 0x001df2c9
core   0: 0x800029c4 (0x408456b3) sra     a3, s0, s0
core   0: 3 0x800029c4 (0x408456b3) x13 0xffffffff
core   0: 0x800029c8 (0x159da113) slti    sp, s11, 345
core   0: 3 0x800029c8 (0x159da113) x 2 0x00000001
core   0: 0x800029cc (0x015ca5b3) slt     a1, s9, s5
core   0: 3 0x800029cc (0x015ca5b3) x11 0x00000000
core   0: 0x800029d0 (0x008e0333) add     t1, t3, s0
core   0: 3 0x800029d0 (0x008e0333) x 6 0xfffffffc
core   0: 0x800029d4 (0x4091d593) srai    a1, gp, 9
core   0: 3 0x800029d4 (0x4091d593) x11 0xffe345ba
core   0: 0x800029d8 (0xc2a48293) addi    t0, s1, -982
core   0: 3 0x800029d8 (0xc2a48293) x 5 0x0bc3b47e
core   0: 0x800029dc (0x000b5333) srl     t1, s6, zero
core   0: 3 0x800029dc (0x000b5333) x 6 0xc5800b7e
core   0: 0x800029e0 (0x41910c33) sub     s8, sp, s9
core   0: 3 0x800029e0 (0x41910c33) x24 0xff800004
core   0: 0x800029e4 (0xda784413) xori    s0, a6, -601
core   0: 3 0x800029e4 (0xda784413) x 8 0xf1069925
core   0: 0x800029e8 (0x0054ce33) xor     t3, s1, t0
core   0: 3 0x800029e8 (0x0054ce33) x28 0x00000c2a
core   0: 0x800029ec (0x327a3813) sltiu   a6, s4, 807
core   0: 3 0x800029ec (0x327a3813) x16 0x00000000
core   0: 0x800029f0 (0xbeb96193) ori     gp, s2, -1045
core   0: 3 0x800029f0 (0xbeb96193) x 3 0xfffffbeb
core   0: 0x800029f4 (0x0e81ed93) ori     s11, gp, 232
core   0: 3 0x800029f4 (0x0e81ed93) x27 0xfffffbeb
core   0: 0x800029f8 (0x00000013) nop
core   0: 3 0x800029f8 (0x00000013)
core   0: 0x800029fc (0xc400b393) sltiu   t2, ra, -960
core   0: 3 0x800029fc (0xc400b393) x 7 0x00000001
core   0: 0x80002a00 (0x40235eb3) sra     t4, t1, sp
core   0: 3 0x80002a00 (0x40235eb3) x29 0xe2c005bf
core   0: 0x80002a04 (0x01714a33) xor     s4, sp, s7
core   0: 3 0x80002a04 (0x01714a33) x20 0xdfb00001
core   0: 0x80002a08 (0x04bd53b7) lui     t2, 0x4bd5
core   0: 3 0x80002a08 (0x04bd53b7) x 7 0x04bd5000
core   0: 0x80002a0c (0x007845b3) xor     a1, a6, t2
core   0: 3 0x80002a0c (0x007845b3) x11 0x04bd5000
core   0: 0x80002a10 (0x01d51633) sll     a2, a0, t4
core   0: 3 0x80002a10 (0x01d51633) x12 0x00000000
core   0: 0x80002a14 (0x01a06a33) or      s4, zero, s10
core   0: 3 0x80002a14 (0x01a06a33) x20 0x007ffffd
core   0: 0x80002a18 (0x41c08d33) sub     s10, ra, t3
core   0: 3 0x80002a18 (0x41c08d33) x26 0x80f94b92
core   0: 0x80002a1c (0x003b49b3) xor     s3, s6, gp
core   0: 3 0x80002a1c (0x003b49b3) x19 0x3a7ff095
core   0: 0x80002a20 (0x00b9d093) srli    ra, s3, 11
core   0: 3 0x80002a20 (0x00b9d093) x 1 0x00074ffe
core   0: 0x80002a24 (0x0049b633) sltu    a2, s3, tp
core   0: 3 0x80002a24 (0x0049b633) x12 0x00000001
core   0: 0x80002a28 (0x5de04893) xori    a7, zero, 1502
core   0: 3 0x80002a28 (0x5de04893) x17 0x000005de
core   0: 0x80002a2c (0xb2692213) slti    tp, s2, -1242
core   0: 3 0x80002a2c (0xb2692213) x 4 0x00000000
core   0: 0x80002a30 (0xc9966393) ori     t2, a2, -871
core   0: 3 0x80002a30 (0xc9966393) x 7 0xfffffc99
core   0: 0x80002a34 (0x41b05913) srai    s2, zero, 27
core   0: 3 0x80002a34 (0x41b05913) x18 0x00000000
core   0: 0x80002a38 (0x26a8fa37) lui     s4, 0x26a8f
core   0: 3 0x80002a38 (0x26a8fa37) x20 0x26a8f000
core   0: 0x80002a3c (0x018a1513) slli    a0, s4, 24
core   0: 3 0x80002a3c (0x018a1513) x10 0x00000000
core   0: 0x80002a40 (0x00000013) nop
core   0: 3 0x80002a40 (0x00000013)
core   0: 0x80002a44 (0xe659d497) auipc   s1, 0xe659d
core   0: 3 0x80002a44 (0xe659d497) x 9 0x6659fa44
core   0: 0x80002a48 (0x016c9d13) slli    s10, s9, 22
core   0: 3 0x80002a48 (0x016c9d13) x26 0xff400000
core   0: 0x80002a4c (0x00000013) nop
core   0: 3 0x80002a4c (0x00000013)
core   0: 0x80002a50 (0xa2b70213) addi    tp, a4, -1493
core   0: 3 0x80002a50 (0xa2b70213) x 4 0x8001088f
core   0: 0x80002a54 (0x4a9eb197) auipc   gp, 0x4a9eb
core   0: 3 0x80002a54 (0x4a9eb197) x 3 0xca9eda54
core   0: 0x80002a58 (0x01651533) sll     a0, a0, s6
core   0: 3 0x80002a58 (0x01651533) x10 0x00000000
core   0: 0x80002a5c (0xb2803193) sltiu   gp, zero, -1240
core   0: 3 0x80002a5c (0xb2803193) x 3 0x00000001
core   0: 0x80002a60 (0x0173d213) srli    tp, t2, 23
core   0: 3 0x80002a60 (0x0173d213) x 4 0x000001ff
core   0: 0x80002a64 (0x401ed113) srai    sp, t4, 1
core   0: 3 0x80002a64 (0x401ed113) x 2 0xf16002df
core   0: 0x80002a68 (0x00d8bdb3) sltu    s11, a7, a3
core   0: 3 0x80002a68 (0x00d8bdb3) x27 0x00000001
core   0: 0x80002a6c (0x00fc0eb3) add     t4, s8, a5
core   0: 3 0x80002a6c (0x00fc0eb3) x29 0xfece9b82
core   0: 0x80002a70 (0x2c279637) lui     a2, 0x2c279
core   0: 3 0x80002a70 (0x2c279637) x12 0x2c279000
core   0: 0x80002a74 (0x018912b3) sll     t0, s2, s8
core   0: 3 0x80002a74 (0x018912b3) x 5 0x00000000
core   0: 0x80002a78 (0xa6ac02b7) lui     t0, 0xa6ac0
core   0: 3 0x80002a78 (0xa6ac02b7) x 5 0xa6ac0000
core   0: 0x80002a7c (0x00b49593) slli    a1, s1, 11
core   0: 3 0x80002a7c (0x00b49593) x11 0xcfd22000
core   0: 0x80002a80 (0x15056893) ori     a7, a0, 336
core   0: 3 0x80002a80 (0x15056893) x17 0x00000150
core   0: 0x80002a84 (0x017969b3) or      s3, s2, s7
core   0: 3 0x80002a84 (0x017969b3) x19 0xdfb00000
core   0: 0x80002a88 (0x41c05a33) sra     s4, zero, t3
core   0: 3 0x80002a88 (0x41c05a33) x20 0x00000000
core   0: 0x80002a8c (0x017ed693) srli    a3, t4, 23
core   0: 3 0x80002a8c (0x017ed693) x13 0x000001fd
core   0: 0x80002a90 (0xd1244013) xori    zero, s0, -750
core   0: 3 0x80002a90 (0xd1244013)
core   0: 0x80002a94 (0x40a25b93) srai    s7, tp, 10
core   0: 3 0x80002a94 (0x40a25b93) x23 0x00000000
core   0: 0x80002a98 (0x01bcb633) sltu    a2, s9, s11
core   0: 3 0x80002a98 (0x01bcb633) x12 0x00000000
core   0: 0x80002a9c (0x00d273b3) and     t2, tp, a3
core   0: 3 0x80002a9c (0x00d273b3) x 7 0x000001fd
core   0: 0x80002aa0 (0x0089d913) srli    s2, s3, 8
core   0: 3 0x80002aa0 (0x0089d913) x18 0x00dfb000
core   0: 0x80002aa4 (0x00df01b3) add     gp, t5, a3
core   0: 3 0x80002aa4 (0x00df01b3) x 3 0x000001fd
core   0: 0x80002aa8 (0xeb0ca8b7) lui     a7, 0xeb0ca
core   0: 3 0x80002aa8 (0xeb0ca8b7) x17 0xeb0ca000
core   0: 0x80002aac (0xd5a02193) slti    gp, zero, -678
core   0: 3 0x80002aac (0xd5a02193) x 3 0x00000000
core   0: 0x80002ab0 (0x41d409b3) sub     s3, s0, t4
core   0: 3 0x80002ab0 (0x41d409b3) x19 0xf237fda3
core   0: 0x80002ab4 (0xaea58693) addi    a3, a1, -1302
core   0: 3 0x80002ab4 (0xaea58693) x13 0xcfd21aea
core   0: 0x80002ab8 (0xb6ee4697) auipc   a3, 0xb6ee4
core   0: 3 0x80002ab8 (0xb6ee4697) x13 0x36ee6ab8
core   0: 0x80002abc (0x01c98bb3) add     s7, s3, t3
core   0: 3 0x80002abc (0x01c98bb3) x23 0xf23809cd
core   0: 0x80002ac0 (0x793d3993) sltiu   s3, s10, 1939
core   0: 3 0x80002ac0 (0x793d3993) x19 0x00000000
core   0: 0x80002ac4 (0xb60ba693) slti    a3, s7, -1184
core   0: 3 0x80002ac4 (0xb60ba693) x13 0x00000001
core   0: 0x80002ac8 (0x012ac9b3) xor     s3, s5, s2
core   0: 3 0x80002ac8 (0x012ac9b3) x19 0xff912bff
core   0: 0x80002acc (0x01641c33) sll     s8, s0, s6
core   0: 3 0x80002acc (0x01641c33) x24 0x40000000
core   0: 0x80002ad0 (0x01038f33) add     t5, t2, a6
core   0: 3 0x80002ad0 (0x01038f33) x30 0x000001fd
core   0: 0x80002ad4 (0x41e284b3) sub     s1, t0, t5
core   0: 3 0x80002ad4 (0x41e284b3) x 9 0xa6abfe03
core   0: 0x80002ad8 (0x0104bf33) sltu    t5, s1, a6
core   0: 3 0x80002ad8 (0x0104bf33) x30 0x00000000
core   0: 0x80002adc (0x00490eb3) add     t4, s2, tp
core   0: 3 0x80002adc (0x00490eb3) x29 0x00dfb1ff
core   0: 0x80002ae0 (0x00000013) nop
core   0: 3 0x80002ae0 (0x00000013)
core   0: 0x80002ae4 (0x0143ddb3) srl     s11, t2, s4
core   0: 3 0x80002ae4 (0x0143ddb3) x27 0x000001fd
core   0: 0x80002ae8 (0x003ad3b3) srl     t2, s5, gp
core   0: 3 0x80002ae8 (0x003ad3b3) x 7 0xff4e9bff
core   0: 0x80002aec (0x289ccb93) xori    s7, s9, 649
core   0: 3 0x80002aec (0x289ccb93) x23 0x007ffd74
core   0: 0x80002af0 (0x0128d193) srli    gp, a7, 18
core   0: 3 0x80002af0 (0x0128d193) x 3 0x00003ac3
core   0: 0x80002af4 (0x00000013) nop
core   0: 3 0x80002af4 (0x00000013)
core   0: 0x80002af8 (0x01bc9d13) slli    s10, s9, 27
core   0: 3 0x80002af8 (0x01bc9d13) x26 0xe8000000
core   0: 0x80002afc (0x00c49e33) sll     t3, s1, a2
core   0: 3 0x80002afc (0x00c49e33) x28 0xa6abfe03
core   0: 0x80002b00 (0x00957133) and     sp, a0, s1
core   0: 3 0x80002b00 (0x00957133) x 2 0x00000000
core   0: 0x80002b04 (0xe233ca13) xori    s4, t2, -477
core   0: 3 0x80002b04 (0xe233ca13) x20 0x00b165dc
core   0: 0x80002b08 (0x408ad133) sra     sp, s5, s0
core   0: 3 0x80002b08 (0x408ad133) x 2 0xfffa74df
core   0: 0x80002b0c (0x40875493) srai    s1, a4, 8
core   0: 3 0x80002b0c (0x40875493) x 9 0xff80010e
core   0: 0x80002b10 (0x00000013) nop
core   0: 3 0x80002b10 (0x00000013)
core   0: 0x80002b14 (0xb757c513) xori    a0, a5, -1163
core   0: 3 0x80002b14 (0xb757c513) x10 0x00b1600b
core   0: 0x80002b18 (0x01dc0db3) add     s11, s8, t4
core   0: 3 0x80002b18 (0x01dc0db3) x27 0x40dfb1ff
core   0: 0x80002b1c (0x204bf913) andi    s2, s7, 516
core   0: 3 0x80002b1c (0x204bf913) x18 0x00000004
core   0: 0x80002b20 (0x0115d033) srl     zero, a1, a7
core   0: 3 0x80002b20 (0x0115d033)
core   0: 0x80002b24 (0x00e29413) slli    s0, t0, 14
core   0: 3 0x80002b24 (0x00e29413) x 8 0x00000000
core   0: 0x80002b28 (0xb9574913) xori    s2, a4, -1131
core   0: 3 0x80002b28 (0xb9574913) x18 0x7ffef5f1
core   0: 0x80002b2c (0xc24816b7) lui     a3, 0xc2481
core   0: 3 0x80002b2c (0xc24816b7) x13 0xc2481000
core   0: 0x80002b30 (0xa1164617) auipc   a2, 0xa1164
core   0: 3 0x80002b30 (0xa1164617) x12 0x21166b30
core   0: 0x80002b34 (0xe4313e93) sltiu   t4, sp, -445
core   0: 3 0x80002b34 (0xe4313e93) x29 0x00000001
core   0: 0x80002b38 (0x007c7c33) and     s8, s8, t2
core   0: 3 0x80002b38 (0x007c7c33) x24 0x40000000
core   0: 0x80002b3c (0x790dfc13) andi    s8, s11, 1936
core   0: 3 0x80002b3c (0x790dfc13) x24 0x00000190
core   0: 0x80002b40 (0x00f4ddb3) srl     s11, s1, a5
core   0: 3 0x80002b40 (0x00f4ddb3) x27 0x00000003
core   0: 0x80002b44 (0x00000013) nop
core   0: 3 0x80002b44 (0x00000013)
core   0: 0x80002b48 (0x00887cb3) and     s9, a6, s0
core   0: 3 0x80002b48 (0x00887cb3) x25 0x00000000
core   0: 0x80002b4c (0x40998033) sub     zero, s3, s1
core   0: 3 0x80002b4c (0x40998033)
core   0: 0x80002b50 (0x00000693) li      a3, 0
core   0: 3 0x80002b50 (0x00000693) x13 0x00000000
core   0: 0x80002b54 (0xfff00f13) li      t5, -1
core   0: 3 0x80002b54 (0xfff00f13) x30 0xffffffff
core   0: 0x80002b58 (0x6c165137) lui     sp, 0x6c165
core   0: 3 0x80002b58 (0x6c165137) x 2 0x6c165000
core   0: 0x80002b5c (0x2c210113) addi    sp, sp, 706
core   0: 3 0x80002b5c (0x2c210113) x 2 0x6c1652c2
core   0: 0x80002b60 (0xfff00413) li      s0, -1
core   0: 3 0x80002b60 (0xfff00413) x 8 0xffffffff
core   0: 0x80002b64 (0x00000093) li      ra, 0
core   0: 3 0x80002b64 (0x00000093) x 1 0x00000000
core   0: 0x80002b68 (0x9f625837) lui     a6, 0x9f625
core   0: 3 0x80002b68 (0x9f625837) x16 0x9f625000
core   0: 0x80002b6c (0x3ba80813) addi    a6, a6, 954
core   0: 3 0x80002b6c (0x3ba80813) x16 0x9f6253ba
core   0: 0x80002b70 (0xfff00293) li      t0, -1
core   0: 3 0x80002b70 (0xfff00293) x 5 0xffffffff
core   0: 0x80002b74 (0xfff00d13) li      s10, -1
core   0: 3 0x80002b74 (0xfff00d13) x26 0xffffffff
core   0: 0x80002b78 (0x00000a13) li      s4, 0
core   0: 3 0x80002b78 (0x00000a13) x20 0x00000000
core   0: 0x80002b7c (0x00000313) li      t1, 0
core   0: 3 0x80002b7c (0x00000313) x 6 0x00000000
core   0: 0x80002b80 (0x92008813) addi    a6, ra, -1760
core   0: 3 0x80002b80 (0x92008813) x16 0xfffff920
core   0: 0x80002b84 (0x00d08433) add     s0, ra, a3
core   0: 3 0x80002b84 (0x00d08433) x 8 0x00000000
core   0: 0x80002b88 (0x41028333) sub     t1, t0, a6
core   0: 3 0x80002b88 (0x41028333) x 6 0x000006df
core   0: 0x80002b8c (0x8ce28113) addi    sp, t0, -1842
core   0: 3 0x80002b8c (0x8ce28113) x 2 0xfffff8cd
core   0: 0x80002b90 (0x9b7a0313) addi    t1, s4, -1609
core   0: 3 0x80002b90 (0x9b7a0313) x 6 0xfffff9b7
core   0: 0x80002b94 (0x2bbd0693) addi    a3, s10, 699
core   0: 3 0x80002b94 (0x2bbd0693) x13 0x000002ba
core   0: 0x80002b98 (0x41a80d33) sub     s10, a6, s10
core   0: 3 0x80002b98 (0x41a80d33) x26 0xfffff921
core   0: 0x80002b9c (0x00000013) nop
core   0: 3 0x80002b9c (0x00000013)
core   0: 0x80002ba0 (0x405f0333) sub     t1, t5, t0
core   0: 3 0x80002ba0 (0x405f0333) x 6 0x00000000
core   0: 0x80002ba4 (0xbc130813) addi    a6, t1, -1087
core   0: 3 0x80002ba4 (0xbc130813) x16 0xfffffbc1
core   0: 0x80002ba8 (0x4baa8d17) auipc   s10, 0x4baa8
core   0: 3 0x80002ba8 (0x4baa8d17) x26 0xcbaaaba8
core   0: 0x80002bac (0xb17a2a37) lui     s4, 0xb17a2
core   0: 3 0x80002bac (0xb17a2a37) x20 0xb17a2000
core   0: 0x80002bb0 (0x0f1cfd37) lui     s10, 0xf1cf
core   0: 3 0x80002bb0 (0x0f1cfd37) x26 0x0f1cf000
core   0: 0x80002bb4 (0x7125c697) auipc   a3, 0x7125c
core   0: 3 0x80002bb4 (0x7125c697) x13 0xf125ebb4
core   0: 0x80002bb8 (0x54108d37) lui     s10, 0x54108
core   0: 3 0x80002bb8 (0x54108d37) x26 0x54108000
core   0: 0x80002bbc (0x23a860b7) lui     ra, 0x23a86
core   0: 3 0x80002bbc (0x23a860b7) x 1 0x23a86000
core   0: 0x80002bc0 (0x406086b3) sub     a3, ra, t1
core   0: 3 0x80002bc0 (0x406086b3) x13 0x23a86000
core   0: 0x80002bc4 (0x39b80f13) addi    t5, a6, 923
core   0: 3 0x80002bc4 (0x39b80f13) x30 0xffffff5c
core   0: 0x80002bc8 (0x41040833) sub     a6, s0, a6
core   0: 3 0x80002bc8 (0x41040833) x16 0x0000043f
core   0: 0x80002bcc (0xc5f68117) auipc   sp, 0xc5f68
core   0: 3 0x80002bcc (0xc5f68117) x 2 0x45f6abcc
core   0: 0x80002bd0 (0x138a0d13) addi    s10, s4, 312
core   0: 3 0x80002bd0 (0x138a0d13) x26 0xb17a2138
core   0: 0x80002bd4 (0xdd380413) addi    s0, a6, -557
core   0: 3 0x80002bd4 (0xdd380413) x 8 0x00000212
core   0: 0x80002bd8 (0x005a06b3) add     a3, s4, t0
core   0: 3 0x80002bd8 (0x005a06b3) x13 0xb17a1fff
core   0: 0x80002bdc (0x00000013) nop
core   0: 3 0x80002bdc (0x00000013)
core   0: 0x80002be0 (0x00000013) nop
core   0: 3 0x80002be0 (0x00000013)
core   0: 0x80002be4 (0x007da833) slt     a6, s11, t2
core   0: 3 0x80002be4 (0x007da833) x16 0x00000000
core   0: 0x80002be8 (0x0002c4b3) xor     s1, t0, zero
core   0: 3 0x80002be8 (0x0002c4b3) x 9 0xffffffff
core   0: 0x80002bec (0x00000013) nop
core   0: 3 0x80002bec (0x00000013)
core   0: 0x80002bf0 (0x5f3fb317) auipc   t1, 0x5f3fb
core   0: 3 0x80002bf0 (0x5f3fb317) x 6 0xdf3fdbf0
core   0: 0x80002bf4 (0xa263ff17) auipc   t5, 0xa263f
core   0: 3 0x80002bf4 (0xa263ff17) x30 0x22641bf4
core   0: 0x80002bf8 (0x0179d693) srli    a3, s3, 23
core   0: 3 0x80002bf8 (0x0179d693) x13 0x000001ff
core   0: 0x80002bfc (0x01be51b3) srl     gp, t3, s11
core   0: 3 0x80002bfc (0x01be51b3) x 3 0x14d57fc0
core   0: 0x80002c00 (0xa4da8113) addi    sp, s5, -1459
core   0: 3 0x80002c00 (0xa4da8113) x 2 0xff4e964c
core   0: 0x80002c04 (0xcade3c13) sltiu   s8, t3, -851
core   0: 3 0x80002c04 (0xcade3c13) x24 0x00000001
core   0: 0x80002c08 (0x014b8233) add     tp, s7, s4
core   0: 3 0x80002c08 (0x014b8233) x 4 0xb1fa1d74
core   0: 0x80002c0c (0xb96c3d13) sltiu   s10, s8, -1130
core   0: 3 0x80002c0c (0xb96c3d13) x26 0x00000001
core   0: 0x80002c10 (0x2f894f13) xori    t5, s2, 760
core   0: 3 0x80002c10 (0x2f894f13) x30 0x7ffef709
core   0: 0x80002c14 (0x66579117) auipc   sp, 0x66579
core   0: 3 0x80002c14 (0x66579117) x 2 0xe657bc14
core   0: 0x80002c18 (0x41735593) srai    a1, t1, 23
core   0: 3 0x80002c18 (0x41735593) x11 0xffffffbe
core   0: 0x80002c1c (0x41fa5cb3) sra     s9, s4, t6
core   0: 3 0x80002c1c (0x41fa5cb3) x25 0xfb17a200
core   0: 0x80002c20 (0x41df0f33) sub     t5, t5, t4
core   0: 3 0x80002c20 (0x41df0f33) x30 0x7ffef708
core   0: 0x80002c24 (0x01361a13) slli    s4, a2, 19
core   0: 3 0x80002c24 (0x01361a13) x20 0x59800000
core   0: 0x80002c28 (0x411bd213) srai    tp, s7, 17
core   0: 3 0x80002c28 (0x411bd213) x 4 0x0000003f
core   0: 0x80002c2c (0x00122bb3) slt     s7, tp, ra
core   0: 3 0x80002c2c (0x00122bb3) x23 0x00000001
core   0: 0x80002c30 (0x00bc1b93) slli    s7, s8, 11
core   0: 3 0x80002c30 (0x00bc1b93) x23 0x00000800
core   0: 0x80002c34 (0x436f3e13) sltiu   t3, t5, 1078
core   0: 3 0x80002c34 (0x436f3e13) x28 0x00000000
core   0: 0x80002c38 (0x41d9df13) srai    t5, s3, 29
core   0: 3 0x80002c38 (0x41d9df13) x30 0xffffffff
core   0: 0x80002c3c (0x0140b433) sltu    s0, ra, s4
core   0: 3 0x80002c3c (0x0140b433) x 8 0x00000001
core   0: 0x80002c40 (0xc8662237) lui     tp, 0xc8662
core   0: 3 0x80002c40 (0xc8662237) x 4 0xc8662000
core   0: 0x80002c44 (0x3ce7f113) andi    sp, a5, 974
core   0: 3 0x80002c44 (0x3ce7f113) x 2 0x0000034e
core   0: 0x80002c48 (0x011d9e33) sll     t3, s11, a7
core   0: 3 0x80002c48 (0x011d9e33) x28 0x00000003
core   0: 0x80002c4c (0x51158e93) addi    t4, a1, 1297
core   0: 3 0x80002c4c (0x51158e93) x29 0x000004cf
core   0: 0x80002c50 (0x9cc80f13) addi    t5, a6, -1588
core   0: 3 0x80002c50 (0x9cc80f13) x30 0xfffff9cc
core   0: 0x80002c54 (0x00118eb3) add     t4, gp, ra
core   0: 3 0x80002c54 (0x00118eb3) x29 0x387ddfc0
core   0: 0x80002c58 (0xfd434d93) xori    s11, t1, -44
core   0: 3 0x80002c58 (0xfd434d93) x27 0x20c02424
core   0: 0x80002c5c (0x018eabb3) slt     s7, t4, s8
core   0: 3 0x80002c5c (0x018eabb3) x23 0x00000000
core   0: 0x80002c60 (0x40c05213) srai    tp, zero, 12
core   0: 3 0x80002c60 (0x40c05213) x 4 0x00000000
core   0: 0x80002c64 (0x0153ed33) or      s10, t2, s5
core   0: 3 0x80002c64 (0x0153ed33) x26 0xff4e9bff
core   0: 0x80002c68 (0x9b3e6013) ori     zero, t3, -1613
core   0: 3 0x80002c68 (0x9b3e6013)
core   0: 0x80002c6c (0x41925693) srai    a3, tp, 25
core   0: 3 0x80002c6c (0x41925693) x13 0x00000000
core   0: 0x80002c70 (0x00000013) nop
core   0: 3 0x80002c70 (0x00000013)
core   0: 0x80002c74 (0x771af293) andi    t0, s5, 1905
core   0: 3 0x80002c74 (0x771af293) x 5 0x00000371
core   0: 0x80002c78 (0x0112ebb3) or      s7, t0, a7
core   0: 3 0x80002c78 (0x0112ebb3) x23 0xeb0ca371
core   0: 0x80002c7c (0x0051c9b3) xor     s3, gp, t0
core   0: 3 0x80002c7c (0x0051c9b3) x19 0x14d57cb1
core   0: 0x80002c80 (0xcc664293) xori    t0, a2, -826
core   0: 3 0x80002c80 (0xcc664293) x 5 0xdee997f6
core   0: 0x80002c84 (0x40e402b3) sub     t0, s0, a4
core   0: 3 0x80002c84 (0x40e402b3) x 5 0x7ffef19d
core   0: 0x80002c88 (0x40d6d133) sra     sp, a3, a3
core   0: 3 0x80002c88 (0x40d6d133) x 2 0x00000000
core   0: 0x80002c8c (0x00e38133) add     sp, t2, a4
core   0: 3 0x80002c8c (0x00e38133) x 2 0x7f4faa63
core   0: 0x80002c90 (0x00000013) nop
core   0: 3 0x80002c90 (0x00000013)
core   0: 0x80002c94 (0x406a8933) sub     s2, s5, t1
core   0: 3 0x80002c94 (0x406a8933) x18 0x200ec00f
core   0: 0x80002c98 (0x0052acb3) slt     s9, t0, t0
core   0: 3 0x80002c98 (0x0052acb3) x25 0x00000000
core   0: 0x80002c9c (0x3871f613) andi    a2, gp, 903
core   0: 3 0x80002c9c (0x3871f613) x12 0x00000380
core   0: 0x80002ca0 (0x4066d6b3) sra     a3, a3, t1
core   0: 3 0x80002ca0 (0x4066d6b3) x13 0x00000000
core   0: 0x80002ca4 (0x01bbd993) srli    s3, s7, 27
core   0: 3 0x80002ca4 (0x01bbd993) x19 0x0000001d
core   0: 0x80002ca8 (0x0164fab3) and     s5, s1, s6
core   0: 3 0x80002ca8 (0x0164fab3) x21 0xc5800b7e
core   0: 0x80002cac (0xdc967c17) auipc   s8, 0xdc967
core   0: 3 0x80002cac (0xdc967c17) x24 0x5c969cac
core   0: 0x80002cb0 (0x01abca13) xori    s4, s7, 26
core   0: 3 0x80002cb0 (0x01abca13) x20 0xeb0ca36b
core   0: 0x80002cb4 (0x1cccbe13) sltiu   t3, s9, 460
core   0: 3 0x80002cb4 (0x1cccbe13) x28 0x00000001
core   0: 0x80002cb8 (0xfff00913) li      s2, -1
core   0: 3 0x80002cb8 (0xfff00913) x18 0xffffffff
core   0: 0x80002cbc (0x80000db7) lui     s11, 0x80000
core   0: 3 0x80002cbc (0x80000db7) x27 0x80000000
core   0: 0x80002cc0 (0x80000637) lui     a2, 0x80000
core   0: 3 0x80002cc0 (0x80000637) x12 0x80000000
core   0: 0x80002cc4 (0x80000437) lui     s0, 0x80000
core   0: 3 0x80002cc4 (0x80000437) x 8 0x80000000
core   0: 0x80002cc8 (0xab57ac37) lui     s8, 0xab57a
core   0: 3 0x80002cc8 (0xab57ac37) x24 0xab57a000
core   0: 0x80002ccc (0xfebc0c13) addi    s8, s8, -21
core   0: 3 0x80002ccc (0xfebc0c13) x24 0xab579feb
core   0: 0x80002cd0 (0x9e6054b7) lui     s1, 0x9e605
core   0: 3 0x80002cd0 (0x9e6054b7) x 9 0x9e605000
core   0: 0x80002cd4 (0x10848493) addi    s1, s1, 264
core   0: 3 0x80002cd4 (0x10848493) x 9 0x9e605108
core   0: 0x80002cd8 (0xfff00213) li      tp, -1
core   0: 3 0x80002cd8 (0xfff00213) x 4 0xffffffff
core   0: 0x80002cdc (0xfff00b93) li      s7, -1
core   0: 3 0x80002cdc (0xfff00b93) x23 0xffffffff
core   0: 0x80002ce0 (0x00000e93) li      t4, 0
core   0: 3 0x80002ce0 (0x00000e93) x29 0x00000000
core   0: 0x80002ce4 (0x00000113) li      sp, 0
core   0: 3 0x80002ce4 (0x00000113) x 2 0x00000000
core   0: 0x80002ce8 (0x00920133) add     sp, tp, s1
core   0: 3 0x80002ce8 (0x00920133) x 2 0x9e605107
core   0: 0x80002cec (0xb0710c13) addi    s8, sp, -1273
core   0: 3 0x80002cec (0xb0710c13) x24 0x9e604c0e
core   0: 0x80002cf0 (0x00000013) nop
core   0: 3 0x80002cf0 (0x00000013)
core   0: 0x80002cf4 (0x41820233) sub     tp, tp, s8
core   0: 3 0x80002cf4 (0x41820233) x 4 0x619fb3f1
core   0: 0x80002cf8 (0x57efddb7) lui     s11, 0x57efd
core   0: 3 0x80002cf8 (0x57efddb7) x27 0x57efd000
core   0: 0x80002cfc (0xd94d8213) addi    tp, s11, -620
core   0: 3 0x80002cfc (0xd94d8213) x 4 0x57efcd94
core   0: 0x80002d00 (0x125c1c37) lui     s8, 0x125c1
core   0: 3 0x80002d00 (0x125c1c37) x24 0x125c1000
core   0: 0x80002d04 (0xd5a05b97) auipc   s7, 0xd5a05
core   0: 3 0x80002d04 (0xd5a05b97) x23 0x55a07d04
core   0: 0x80002d08 (0x418404b3) sub     s1, s0, s8
core   0: 3 0x80002d08 (0x418404b3) x 9 0x6da3f000
core   0: 0x80002d0c (0x40cc0db3) sub     s11, s8, a2
core   0: 3 0x80002d0c (0x40cc0db3) x27 0x925c1000
core   0: 0x80002d10 (0x00000013) nop
core   0: 3 0x80002d10 (0x00000013)
core   0: 0x80002d14 (0x0d460d93) addi    s11, a2, 212
core   0: 3 0x80002d14 (0x0d460d93) x27 0x800000d4
core   0: 0x80002d18 (0x55607db7) lui     s11, 0x55607
core   0: 3 0x80002d18 (0x55607db7) x27 0x55607000
core   0: 0x80002d1c (0x00000013) nop
core   0: 3 0x80002d1c (0x00000013)
core   0: 0x80002d20 (0x00810bb3) add     s7, sp, s0
core   0: 3 0x80002d20 (0x00810bb3) x23 0x1e605107
core   0: 0x80002d24 (0x004d8633) add     a2, s11, tp
core   0: 3 0x80002d24 (0x004d8633) x12 0xad503d94
core   0: 0x80002d28 (0x293e8bb7) lui     s7, 0x293e8
core   0: 3 0x80002d28 (0x293e8bb7) x23 0x293e8000
core   0: 0x80002d2c (0x409e8bb3) sub     s7, t4, s1
core   0: 3 0x80002d2c (0x409e8bb3) x23 0x925c1000
core   0: 0x80002d30 (0x9d6b8213) addi    tp, s7, -1578
core   0: 3 0x80002d30 (0x9d6b8213) x 4 0x925c09d6
core   0: 0x80002d34 (0x01dc0633) add     a2, s8, t4
core   0: 3 0x80002d34 (0x01dc0633) x12 0x125c1000
core   0: 0x80002d38 (0x40260bb3) sub     s7, a2, sp
core   0: 3 0x80002d38 (0x40260bb3) x23 0x73fbbef9
core   0: 0x80002d3c (0xc01ecc17) auipc   s8, 0xc01ec
core   0: 3 0x80002d3c (0xc01ecc17) x24 0x401eed3c
core   0: 0x80002d40 (0x01860933) add     s2, a2, s8
core   0: 3 0x80002d40 (0x01860933) x18 0x527afd3c
core   0: 0x80002d44 (0x00000013) nop
core   0: 3 0x80002d44 (0x00000013)
core   0: 0x80002d48 (0x658e7bb7) lui     s7, 0x658e7
core   0: 3 0x80002d48 (0x658e7bb7) x23 0x658e7000
core   0: 0x80002d4c (0x41220433) sub     s0, tp, s2
core   0: 3 0x80002d4c (0x41220433) x 8 0x3fe10c9a
core   0: 0x80002d50 (0x725eea17) auipc   s4, 0x725ee
core   0: 3 0x80002d50 (0x725eea17) x20 0xf25f0d50
core   0: 0x80002d54 (0x00055533) srl     a0, a0, zero
core   0: 3 0x80002d54 (0x00055533) x10 0x00b1600b
core   0: 0x80002d58 (0x8ce9d3b7) lui     t2, 0x8ce9d
core   0: 3 0x80002d58 (0x8ce9d3b7) x 7 0x8ce9d000
core   0: 0x80002d5c (0x1df76093) ori     ra, a4, 479
core   0: 3 0x80002d5c (0x1df76093) x 1 0x80010fff
core   0: 0x80002d60 (0x01052e33) slt     t3, a0, a6
core   0: 3 0x80002d60 (0x01052e33) x28 0x00000000
core   0: 0x80002d64 (0x01ea9d93) slli    s11, s5, 30
core   0: 3 0x80002d64 (0x01ea9d93) x27 0x80000000
core   0: 0x80002d68 (0x41088433) sub     s0, a7, a6
core   0: 3 0x80002d68 (0x41088433) x 8 0xeb0ca000
core   0: 0x80002d6c (0x01fb3ab3) sltu    s5, s6, t6
core   0: 3 0x80002d6c (0x01fb3ab3) x21 0x00000000
core   0: 0x80002d70 (0xe272e517) auipc   a0, 0xe272e
core   0: 3 0x80002d70 (0xe272e517) x10 0x62730d70
core   0: 0x80002d74 (0x01bed593) srli    a1, t4, 27
core   0: 3 0x80002d74 (0x01bed593) x11 0x00000000
core   0: 0x80002d78 (0x01a72633) slt     a2, a4, s10
core   0: 3 0x80002d78 (0x01a72633) x12 0x00000001
core   0: 0x80002d7c (0x410704b3) sub     s1, a4, a6
core   0: 3 0x80002d7c (0x410704b3) x 9 0x80010e64
core   0: 0x80002d80 (0x411002b3) sub     t0, zero, a7
core   0: 3 0x80002d80 (0x411002b3) x 5 0x14f36000
core   0: 0x80002d84 (0xdb353db7) lui     s11, 0xdb353
core   0: 3 0x80002d84 (0xdb353db7) x27 0xdb353000
core   0: 0x80002d88 (0x4d377b13) andi    s6, a4, 1235
core   0: 3 0x80002d88 (0x4d377b13) x22 0x00000440
core   0: 0x80002d8c (0x00f65bb3) srl     s7, a2, a5
core   0: 3 0x80002d8c (0x00f65bb3) x23 0x00000000
core   0: 0x80002d90 (0x9dee0813) addi    a6, t3, -1570
core   0: 3 0x80002d90 (0x9dee0813) x16 0xfffff9de
core   0: 0x80002d94 (0x6b40ab13) slti    s6, ra, 1716
core   0: 3 0x80002d94 (0x6b40ab13) x22 0x00000001
core   0: 0x80002d98 (0x001e4b33) xor     s6, t3, ra
core   0: 3 0x80002d98 (0x001e4b33) x22 0x80010fff
core   0: 0x80002d9c (0x00000013) nop
core   0: 3 0x80002d9c (0x00000013)
core   0: 0x80002da0 (0x0193d5b3) srl     a1, t2, s9
core   0: 3 0x80002da0 (0x0193d5b3) x11 0x8ce9d000
core   0: 0x80002da4 (0xb23ba593) slti    a1, s7, -1245
core   0: 3 0x80002da4 (0xb23ba593) x11 0x00000000
core   0: 0x80002da8 (0x48c06e13) ori     t3, zero, 1164
core   0: 3 0x80002da8 (0x48c06e13) x28 0x0000048c
core   0: 0x80002dac (0x3ee8a693) slti    a3, a7, 1006
core   0: 3 0x80002dac (0x3ee8a693) x13 0x00000001
core   0: 0x80002db0 (0x00f82eb3) slt     t4, a6, a5
core   0: 3 0x80002db0 (0x00f82eb3) x29 0x00000000
core   0: 0x80002db4 (0xd07e4413) xori    s0, t3, -761
core   0: 3 0x80002db4 (0xd07e4413) x 8 0xfffff98b
core   0: 0x80002db8 (0x01551113) slli    sp, a0, 21
core   0: 3 0x80002db8 (0x01551113) x 2 0xae000000
core   0: 0x80002dbc (0x00756c33) or      s8, a0, t2
core   0: 3 0x80002dbc (0x00756c33) x24 0xeefbdd70
core   0: 0x80002dc0 (0x00ebe033) or      zero, s7, a4
core   0: 3 0x80002dc0 (0x00ebe033)
core   0: 0x80002dc4 (0xc6b1a193) slti    gp, gp, -917
core   0: 3 0x80002dc4 (0xc6b1a193) x 3 0x00000000
core   0: 0x80002dc8 (0x405e8b33) sub     s6, t4, t0
core   0: 3 0x80002dc8 (0x405e8b33) x22 0xeb0ca000
core   0: 0x80002dcc (0xb2fb7613) andi    a2, s6, -1233
core   0: 3 0x80002dcc (0xb2fb7613) x12 0xeb0ca000
core   0: 0x80002dd0 (0x7b038b93) addi    s7, t2, 1968
core   0: 3 0x80002dd0 (0x7b038b93) x23 0x8ce9d7b0
core   0: 0x80002dd4 (0x00c068b3) or      a7, zero, a2
core   0: 3 0x80002dd4 (0x00c068b3) x17 0xeb0ca000
core   0: 0x80002dd8 (0x40265db3) sra     s11, a2, sp
core   0: 3 0x80002dd8 (0x40265db3) x27 0xeb0ca000
core   0: 0x80002ddc (0x01117e33) and     t3, sp, a7
core   0: 3 0x80002ddc (0x01117e33) x28 0xaa000000
core   0: 0x80002de0 (0x43684293) xori    t0, a6, 1078
core   0: 3 0x80002de0 (0x43684293) x 5 0xfffffde8
core   0: 0x80002de4 (0x00000013) nop
core   0: 3 0x80002de4 (0x00000013)
core   0: 0x80002de8 (0x1140eb93) ori     s7, ra, 276
core   0: 3 0x80002de8 (0x1140eb93) x23 0x80010fff
core   0: 0x80002dec (0x476fae13) slti    t3, t6, 1142
core   0: 3 0x80002dec (0x476fae13) x28 0x00000001
core   0: 0x80002df0 (0x01496cb3) or      s9, s2, s4
core   0: 3 0x80002df0 (0x01496cb3) x25 0xf27ffd7c
core   0: 0x80002df4 (0x4188de33) sra     t3, a7, s8
core   0: 3 0x80002df4 (0x4188de33) x28 0xffffeb0c
core   0: 0x80002df8 (0x40cfd113) srai    sp, t6, 12
core   0: 3 0x80002df8 (0x40cfd113) x 2 0xfff80014
core   0: 0x80002dfc (0x41835eb3) sra     t4, t1, s8
core   0: 3 0x80002dfc (0x41835eb3) x29 0xffffdf3f
core   0: 0x80002e00 (0x00000013) nop
core   0: 3 0x80002e00 (0x00000013)
core   0: 0x80002e04 (0xc0a32897) auipc   a7, 0xc0a32
core   0: 3 0x80002e04 (0xc0a32897) x17 0x40a34e04
core   0: 0x80002e08 (0x0093d593) srli    a1, t2, 9
core   0: 3 0x80002e08 (0x0093d593) x11 0x004674e8
core   0: 0x80002e0c (0x01cb69b3) or      s3, s6, t3
core   0: 3 0x80002e0c (0x01cb69b3) x19 0xffffeb0c
core   0: 0x80002e10 (0x2afef593) andi    a1, t4, 687
core   0: 3 0x80002e10 (0x2afef593) x11 0x0000022f
core   0: 0x80002e14 (0x00fe6033) or      zero, t3, a5
core   0: 3 0x80002e14 (0x00fe6033)
core   0: 0x80002e18 (0x013a2633) slt     a2, s4, s3
core   0: 3 0x80002e18 (0x013a2633) x12 0x00000001
core   0: 0x80002e1c (0x77b36897) auipc   a7, 0x77b36
core   0: 3 0x80002e1c (0x77b36897) x17 0xf7b38e1c
core   0: 0x80002e20 (0x01e4a833) slt     a6, s1, t5
core   0: 3 0x80002e20 (0x01e4a833) x16 0x00000001
core   0: 0x80002e24 (0x5a8ef313) andi    t1, t4, 1448
core   0: 3 0x80002e24 (0x5a8ef313) x 6 0x00000528
core   0: 0x80002e28 (0x014a6ab3) or      s5, s4, s4
core   0: 3 0x80002e28 (0x014a6ab3) x21 0xf25f0d50
core   0: 0x80002e2c (0x004686b3) add     a3, a3, tp
core   0: 3 0x80002e2c (0x004686b3) x13 0x925c09d7
core   0: 0x80002e30 (0x47616d13) ori     s10, sp, 1142
core   0: 3 0x80002e30 (0x47616d13) x26 0xfff80476
core   0: 0x80002e34 (0x01aad193) srli    gp, s5, 26
core   0: 3 0x80002e34 (0x01aad193) x 3 0x0000003c
core   0: 0x80002e38 (0xfc030217) auipc   tp, 0xfc030
core   0: 3 0x80002e38 (0xfc030217) x 4 0x7c032e38
core   0: 0x80002e3c (0x019c4633) xor     a2, s8, s9
core   0: 3 0x80002e3c (0x019c4633) x12 0x1c84200c
core   0: 0x80002e40 (0x01dbc5b3) xor     a1, s7, t4
core   0: 3 0x80002e40 (0x01dbc5b3) x11 0x7ffed0c0
core   0: 0x80002e44 (0x00000013) nop
core   0: 3 0x80002e44 (0x00000013)
core   0: 0x80002e48 (0x409a5d93) srai    s11, s4, 9
core   0: 3 0x80002e48 (0x409a5d93) x27 0xfff92f86
core   0: 0x80002e4c (0x00f1c3b3) xor     t2, gp, a5
core   0: 3 0x80002e4c (0x00f1c3b3) x 7 0xff4e9b42
core   0: 0x80002e50 (0x41a35c93) srai    s9, t1, 26
core   0: 3 0x80002e50 (0x41a35c93) x25 0x00000000
core   0: 0x80002e54 (0xf807f393) andi    t2, a5, -128
core   0: 3 0x80002e54 (0xf807f393) x 7 0xff4e9b00
core   0: 0x80002e58 (0x00966e33) or      t3, a2, s1
core   0: 3 0x80002e58 (0x00966e33) x28 0x9c852e6c
core   0: 0x80002e5c (0xab38dc37) lui     s8, 0xab38d
core   0: 3 0x80002e5c (0xab38dc37) x24 0xab38d000
core   0: 0x80002e60 (0x75c68813) addi    a6, a3, 1884
core   0: 3 0x80002e60 (0x75c68813) x16 0x925c1133
core   0: 0x80002e64 (0x011ec3b3) xor     t2, t4, a7
core   0: 3 0x80002e64 (0x011ec3b3) x 7 0x084c5123
core   0: 0x80002e68 (0x406bd613) srai    a2, s7, 6
core   0: 3 0x80002e68 (0x406bd613) x12 0xfe00043f
core   0: 0x80002e6c (0x00101393) slli    t2, zero, 1
core   0: 3 0x80002e6c (0x00101393) x 7 0x00000000
core   0: 0x80002e70 (0x00dcfeb3) and     t4, s9, a3
core   0: 3 0x80002e70 (0x00dcfeb3) x29 0x00000000
core   0: 0x80002e74 (0x01c3e633) or      a2, t2, t3
core   0: 3 0x80002e74 (0x01c3e633) x12 0x9c852e6c
core   0: 0x80002e78 (0x00ff9c33) sll     s8, t6, a5
core   0: 3 0x80002e78 (0x00ff9c33) x24 0x00000000
core   0: 0x80002e7c (0x7bddf393) andi    t2, s11, 1981
core   0: 3 0x80002e7c (0x7bddf393) x 7 0x00000784
core   0: 0x80002e80 (0x00000013) nop
core   0: 3 0x80002e80 (0x00000013)
core   0: 0x80002e84 (0x009e4cb3) xor     s9, t3, s1
core   0: 3 0x80002e84 (0x009e4cb3) x25 0x1c842008
core   0: 0x80002e88 (0x417282b3) sub     t0, t0, s7
core   0: 3 0x80002e88 (0x417282b3) x 5 0x7ffeede9
core   0: 0x80002e8c (0x0124bc33) sltu    s8, s1, s2
core   0: 3 0x80002e8c (0x0124bc33) x24 0x00000000
core   0: 0x80002e90 (0x40685f13) srai    t5, a6, 6
core   0: 3 0x80002e90 (0x40685f13) x30 0xfe497044
core   0: 0x80002e94 (0x014b5f13) srli    t5, s6, 20
core   0: 3 0x80002e94 (0x014b5f13) x30 0x00000eb0
core   0: 0x80002e98 (0x00ea9113) slli    sp, s5, 14
core   0: 3 0x80002e98 (0x00ea9113) x 2 0xc3540000
core   0: 0x80002e9c (0x38dafb37) lui     s6, 0x38daf
core   0: 3 0x80002e9c (0x38dafb37) x22 0x38daf000
core   0: 0x80002ea0 (0x40c8d393) srai    t2, a7, 12
core   0: 3 0x80002ea0 (0x40c8d393) x 7 0xffff7b38
core   0: 0x80002ea4 (0x01305e33) srl     t3, zero, s3
core   0: 3 0x80002ea4 (0x01305e33) x28 0x00000000
core   0: 0x80002ea8 (0x01129393) slli    t2, t0, 17
core   0: 3 0x80002ea8 (0x01129393) x 7 0xdbd20000
core   0: 0x80002eac (0xf7cd7513) andi    a0, s10, -132
core   0: 3 0x80002eac (0xf7cd7513) x10 0xfff80474
core   0: 0x80002eb0 (0x009e7bb3) and     s7, t3, s1
core   0: 3 0x80002eb0 (0x009e7bb3) x23 0x00000000
core   0: 0x80002eb4 (0x4177dc93) srai    s9, a5, 23
core   0: 3 0x80002eb4 (0x4177dc93) x25 0xfffffffe
core   0: 0x80002eb8 (0x403ad093) srai    ra, s5, 3
core   0: 3 0x80002eb8 (0x403ad093) x 1 0xfe4be1aa
core   0: 0x80002ebc (0x0142de93) srli    t4, t0, 20
core   0: 3 0x80002ebc (0x0142de93) x29 0x000007ff
core   0: 0x80002ec0 (0x994eba13) sltiu   s4, t4, -1644
core   0: 3 0x80002ec0 (0x994eba13) x20 0x00000001
core   0: 0x80002ec4 (0x1f56f113) andi    sp, a3, 501
core   0: 3 0x80002ec4 (0x1f56f113) x 2 0x000001d5
core   0: 0x80002ec8 (0xf089a497) auipc   s1, 0xf089a
core   0: 3 0x80002ec8 (0xf089a497) x 9 0x7089cec8
core   0: 0x80002ecc (0x0010d0b3) srl     ra, ra, ra
core   0: 3 0x80002ecc (0x0010d0b3) x 1 0x003f92f8
core   0: 0x80002ed0 (0x01b9d233) srl     tp, s3, s11
core   0: 3 0x80002ed0 (0x01b9d233) x 4 0x03ffffac
core   0: 0x80002ed4 (0xa1c5cc13) xori    s8, a1, -1508
core   0: 3 0x80002ed4 (0xa1c5cc13) x24 0x80012adc
core   0: 0x80002ed8 (0x00550d33) add     s10, a0, t0
core   0: 3 0x80002ed8 (0x00550d33) x26 0x7ff6f25d
core   0: 0x80002edc (0x00bb5f33) srl     t5, s6, a1
core   0: 3 0x80002edc (0x00bb5f33) x30 0x38daf000
core   0: 0x80002ee0 (0x00f6aeb3) slt     t4, a3, a5
core   0: 3 0x80002ee0 (0x00f6aeb3) x29 0x00000001
core   0: 0x80002ee4 (0x12b3ac13) slti    s8, t2, 299
core   0: 3 0x80002ee4 (0x12b3ac13) x24 0x00000001
core   0: 0x80002ee8 (0x41cc58b3) sra     a7, s8, t3
core   0: 3 0x80002ee8 (0x41cc58b3) x17 0x00000001
core   0: 0x80002eec (0x0048c033) xor     zero, a7, tp
core   0: 3 0x80002eec (0x0048c033)
core   0: 0x80002ef0 (0x00600db3) add     s11, zero, t1
core   0: 3 0x80002ef0 (0x00600db3) x27 0x00000528
core   0: 0x80002ef4 (0x6b36ad93) slti    s11, a3, 1715
core   0: 3 0x80002ef4 (0x6b36ad93) x27 0x00000001
core   0: 0x80002ef8 (0xbab7a013) slti    zero, a5, -1109
core   0: 3 0x80002ef8 (0xbab7a013)
core   0: 0x80002efc (0x00dd2933) slt     s2, s10, a3
core   0: 3 0x80002efc (0x00dd2933) x18 0x00000000
core   0: 0x80002f00 (0x01424f33) xor     t5, tp, s4
core   0: 3 0x80002f00 (0x01424f33) x30 0x03ffffad
core   0: 0x80002f04 (0x01c5a333) slt     t1, a1, t3
core   0: 3 0x80002f04 (0x01c5a333) x 6 0x00000000
core   0: 0x80002f08 (0x418c8bb3) sub     s7, s9, s8
core   0: 3 0x80002f08 (0x418c8bb3) x23 0xfffffffd
core   0: 0x80002f0c (0xa93f2a37) lui     s4, 0xa93f2
core   0: 3 0x80002f0c (0xa93f2a37) x20 0xa93f2000
core   0: 0x80002f10 (0x00c236b3) sltu    a3, tp, a2
core   0: 3 0x80002f10 (0x00c236b3) x13 0x00000001
core   0: 0x80002f14 (0x00b1f033) and     zero, gp, a1
core   0: 3 0x80002f14 (0x00b1f033)
core   0: 0x80002f18 (0x0099e3b3) or      t2, s3, s1
core   0: 3 0x80002f18 (0x0099e3b3) x 7 0xffffefcc
core   0: 0x80002f1c (0x013cc9b3) xor     s3, s9, s3
core   0: 3 0x80002f1c (0x013cc9b3) x19 0x000014f2
core   0: 0x80002f20 (0xb26b8113) addi    sp, s7, -1242
core   0: 3 0x80002f20 (0xb26b8113) x 2 0xfffffb23
core   0: 0x80002f24 (0x40a981b3) sub     gp, s3, a0
core   0: 3 0x80002f24 (0x40a981b3) x 3 0x0008107e
core   0: 0x80002f28 (0x00000013) nop
core   0: 3 0x80002f28 (0x00000013)
core   0: 0x80002f2c (0x015d9eb3) sll     t4, s11, s5
core   0: 3 0x80002f2c (0x015d9eb3) x29 0x00010000
core   0: 0x80002f30 (0x4fb00613) li      a2, 1275
core   0: 3 0x80002f30 (0x4fb00613) x12 0x000004fb
core   0: 0x80002f34 (0x006dc6b3) xor     a3, s11, t1
core   0: 3 0x80002f34 (0x006dc6b3) x13 0x00000001
core   0: 0x80002f38 (0x500dea13) ori     s4, s11, 1280
core   0: 3 0x80002f38 (0x500dea13) x20 0x00000501
core   0: 0x80002f3c (0x9141e513) ori     a0, gp, -1772
core   0: 3 0x80002f3c (0x9141e513) x10 0xfffff97e
core   0: 0x80002f40 (0x01ce1b13) slli    s6, t3, 28
core   0: 3 0x80002f40 (0x01ce1b13) x22 0x00000000
core   0: 0x80002f44 (0x016ace33) xor     t3, s5, s6
core   0: 3 0x80002f44 (0x016ace33) x28 0xf25f0d50
core   0: 0x80002f48 (0x00fa4933) xor     s2, s4, a5
core   0: 3 0x80002f48 (0x00fa4933) x18 0xff4e9e7f
core   0: 0x80002f4c (0x404c5133) sra     sp, s8, tp
core   0: 3 0x80002f4c (0x404c5133) x 2 0x00000000
core   0: 0x80002f50 (0x018524b3) slt     s1, a0, s8
core   0: 3 0x80002f50 (0x018524b3) x 9 0x00000001
core   0: 0x80002f54 (0x01738433) add     s0, t2, s7
core   0: 3 0x80002f54 (0x01738433) x 8 0xffffefc9
core   0: 0x80002f58 (0x00494f33) xor     t5, s2, tp
core   0: 3 0x80002f58 (0x00494f33) x30 0xfcb161d3
core   0: 0x80002f5c (0x00846eb3) or      t4, s0, s0
core   0: 3 0x80002f5c (0x00846eb3) x29 0xffffefc9
core   0: 0x80002f60 (0x00000013) nop
core   0: 3 0x80002f60 (0x00000013)
core   0: 0x80002f64 (0x0027d393) srli    t2, a5, 2
core   0: 3 0x80002f64 (0x0027d393) x 7 0x3fd3a6df
core   0: 0x80002f68 (0x6078eb93) ori     s7, a7, 1543
core   0: 3 0x80002f68 (0x6078eb93) x23 0x00000607
core   0: 0x80002f6c (0x40ba89b3) sub     s3, s5, a1
core   0: 3 0x80002f6c (0x40ba89b3) x19 0x72603c90
core   0: 0x80002f70 (0x00709bb3) sll     s7, ra, t2
core   0: 3 0x80002f70 (0x00709bb3) x23 0x00000000
core   0: 0x80002f74 (0x5ecd6193) ori     gp, s10, 1516
core   0: 3 0x80002f74 (0x5ecd6193) x 3 0x7ff6f7fd
core   0: 0x80002f78 (0x2f7f0e13) addi    t3, t5, 759
core   0: 3 0x80002f78 (0x2f7f0e13) x28 0xfcb164ca
core   0: 0x80002f7c (0x00bcfe33) and     t3, s9, a1
core   0: 3 0x80002f7c (0x00bcfe33) x28 0x7ffed0c0
core   0: 0x80002f80 (0x0103c633) xor     a2, t2, a6
core   0: 3 0x80002f80 (0x0103c633) x12 0xad8fb7ec
core   0: 0x80002f84 (0x282aa213) slti    tp, s5, 642
core   0: 3 0x80002f84 (0x282aa213) x 4 0x00000001
core   0: 0x80002f88 (0x01445393) srli    t2, s0, 20
core   0: 3 0x80002f88 (0x01445393) x 7 0x00000fff
core   0: 0x80002f8c (0x018dff33) and     t5, s11, s8
core   0: 3 0x80002f8c (0x018dff33) x30 0x00000001
core   0: 0x80002f90 (0x0147d8b3) srl     a7, a5, s4
core   0: 3 0x80002f90 (0x0147d8b3) x17 0x7fa74dbf
core   0: 0x80002f94 (0x8b7ae017) auipc   zero, 0x8b7ae
core   0: 3 0x80002f94 (0x8b7ae017)
core   0: 0x80002f98 (0x016ccdb3) xor     s11, s9, s6
core   0: 3 0x80002f98 (0x016ccdb3) x27 0xfffffffe
core   0: 0x80002f9c (0x41395d93) srai    s11, s2, 19
core   0: 3 0x80002f9c (0x41395d93) x27 0xffffffe9
core   0: 0x80002fa0 (0x41798db3) sub     s11, s3, s7
core   0: 3 0x80002fa0 (0x41798db3) x27 0x72603c90
core   0: 0x80002fa4 (0x012a1013) slli    zero, s4, 18
core   0: 3 0x80002fa4 (0x012a1013)
core   0: 0x80002fa8 (0xa2a27f13) andi    t5, tp, -1494
core   0: 3 0x80002fa8 (0xa2a27f13) x30 0x00000000
core   0: 0x80002fac (0x00aaa533) slt     a0, s5, a0
core   0: 3 0x80002fac (0x00aaa533) x10 0x00000001
core   0: 0x80002fb0 (0x6f277e93) andi    t4, a4, 1778
core   0: 3 0x80002fb0 (0x6f277e93) x29 0x00000660
core   0: 0x80002fb4 (0x003bcc33) xor     s8, s7, gp
core   0: 3 0x80002fb4 (0x003bcc33) x24 0x7ff6f7fd
core   0: 0x80002fb8 (0x00620833) add     a6, tp, t1
core   0: 3 0x80002fb8 (0x00620833) x16 0x00000001
core   0: 0x80002fbc (0x2a3f6693) ori     a3, t5, 675
core   0: 3 0x80002fbc (0x2a3f6693) x13 0x000002a3
core   0: 0x80002fc0 (0x23d09cb7) lui     s9, 0x23d09
core   0: 3 0x80002fc0 (0x23d09cb7) x25 0x23d09000
core   0: 0x80002fc4 (0x00105cb3) srl     s9, zero, ra
core   0: 3 0x80002fc4 (0x00105cb3) x25 0x00000000
core   0: 0x80002fc8 (0x70964e37) lui     t3, 0x70964
core   0: 3 0x80002fc8 (0x70964e37) x28 0x70964000
core   0: 0x80002fcc (0x00b361b3) or      gp, t1, a1
core   0: 3 0x80002fcc (0x00b361b3) x 3 0x7ffed0c0
core   0: 0x80002fd0 (0x01c10cb3) add     s9, sp, t3
core   0: 3 0x80002fd0 (0x01c10cb3) x25 0x70964000
core   0: 0x80002fd4 (0xced67113) andi    sp, a2, -787
core   0: 3 0x80002fd4 (0xced67113) x 2 0xad8fb4ec
core   0: 0x80002fd8 (0xdfc2a193) slti    gp, t0, -516
core   0: 3 0x80002fd8 (0xdfc2a193) x 3 0x00000000
core   0: 0x80002fdc (0x00f0d693) srli    a3, ra, 15
core   0: 3 0x80002fdc (0x00f0d693) x13 0x0000007f
core   0: 0x80002fe0 (0x00000013) nop
core   0: 3 0x80002fe0 (0x00000013)
core   0: 0x80002fe4 (0x00689413) slli    s0, a7, 6
core   0: 3 0x80002fe4 (0x00689413) x 8 0xe9d36fc0
core   0: 0x80002fe8 (0x00414b33) xor     s6, sp, tp
core   0: 3 0x80002fe8 (0x00414b33) x22 0xad8fb4ed
core   0: 0x80002fec (0x40965233) sra     tp, a2, s1
core   0: 3 0x80002fec (0x40965233) x 4 0xd6c7dbf6
core   0: 0x80002ff0 (0x01d80eb3) add     t4, a6, t4
core   0: 3 0x80002ff0 (0x01d80eb3) x29 0x00000661
core   0: 0x80002ff4 (0x011259b3) srl     s3, tp, a7
core   0: 3 0x80002ff4 (0x011259b3) x19 0x00000001
core   0: 0x80002ff8 (0x4fa20c93) addi    s9, tp, 1274
core   0: 3 0x80002ff8 (0x4fa20c93) x25 0xd6c7e0f0
core   0: 0x80002ffc (0x00000013) nop
core   0: 3 0x80002ffc (0x00000013)
core   0: 0x80003000 (0x0122feb3) and     t4, t0, s2
core   0: 3 0x80003000 (0x0122feb3) x29 0x7f4e8c69
core   0: 0x80003004 (0x01808433) add     s0, ra, s8
core   0: 3 0x80003004 (0x01808433) x 8 0x80368af5
core   0: 0x80003008 (0x017122b3) slt     t0, sp, s7
core   0: 3 0x80003008 (0x017122b3) x 5 0x00000001
core   0: 0x8000300c (0x696a4693) xori    a3, s4, 1686
core   0: 3 0x8000300c (0x696a4693) x13 0x00000397
core   0: 0x80003010 (0x00000013) nop
core   0: 3 0x80003010 (0x00000013)
core   0: 0x80003014 (0x7922f613) andi    a2, t0, 1938
core   0: 3 0x80003014 (0x7922f613) x12 0x00000000
core   0: 0x80003018 (0xdadb1f17) auipc   t5, 0xdadb1
core   0: 3 0x80003018 (0xdadb1f17) x30 0x5adb4018
core   0: 0x8000301c (0x00c2a4b3) slt     s1, t0, a2
core   0: 3 0x8000301c (0x00c2a4b3) x 9 0x00000000
core   0: 0x80003020 (0x855d3893) sltiu   a7, s10, -1963
core   0: 3 0x80003020 (0x855d3893) x17 0x00000001
core   0: 0x80003024 (0x01d15233) srl     tp, sp, t4
core   0: 3 0x80003024 (0x01d15233) x 4 0x0056c7da
core   0: 0x80003028 (0x0119e5b3) or      a1, s3, a7
core   0: 3 0x80003028 (0x0119e5b3) x11 0x00000001
core   0: 0x8000302c (0x00b150b3) srl     ra, sp, a1
core   0: 3 0x8000302c (0x00b150b3) x 1 0x56c7da76
core   0: 0x80003030 (0x016b9a13) slli    s4, s7, 22
core   0: 3 0x80003030 (0x016b9a13) x20 0x00000000
core   0: 0x80003034 (0xdb8c2193) slti    gp, s8, -584
core   0: 3 0x80003034 (0xdb8c2193) x 3 0x00000000
core   0: 0x80003038 (0x804ae813) ori     a6, s5, -2044
core   0: 3 0x80003038 (0x804ae813) x16 0xfffffd54
core   0: 0x8000303c (0x00897633) and     a2, s2, s0
core   0: 3 0x8000303c (0x00897633) x12 0x80068a75
core   0: 0x80003040 (0x01d28e33) add     t3, t0, t4
core   0: 3 0x80003040 (0x01d28e33) x28 0x7f4e8c6a
core   0: 0x80003044 (0x01d0d693) srli    a3, ra, 29
core   0: 3 0x80003044 (0x01d0d693) x13 0x00000002
core   0: 0x80003048 (0x2cb9a213) slti    tp, s3, 715
core   0: 3 0x80003048 (0x2cb9a213) x 4 0x00000001
core   0: 0x8000304c (0x41a2deb3) sra     t4, t0, s10
core   0: 3 0x8000304c (0x41a2deb3) x29 0x00000000
core   0: 0x80003050 (0x00000013) nop
core   0: 3 0x80003050 (0x00000013)
core   0: 0x80003054 (0x00d19c13) slli    s8, gp, 13
core   0: 3 0x80003054 (0x00d19c13) x24 0x00000000
core   0: 0x80003058 (0x00b520b3) slt     ra, a0, a1
core   0: 3 0x80003058 (0x00b520b3) x 1 0x00000000
core   0: 0x8000305c (0x414b8633) sub     a2, s7, s4
core   0: 3 0x8000305c (0x414b8633) x12 0x00000000
core   0: 0x80003060 (0xf2408593) addi    a1, ra, -220
core   0: 3 0x80003060 (0xf2408593) x11 0xffffff24
core   0: 0x80003064 (0x006d91b3) sll     gp, s11, t1
core   0: 3 0x80003064 (0x006d91b3) x 3 0x72603c90
core   0: 0x80003068 (0x019b5d33) srl     s10, s6, s9
core   0: 3 0x80003068 (0x019b5d33) x26 0x0000ad8f
core   0: 0x8000306c (0x01939a33) sll     s4, t2, s9
core   0: 3 0x8000306c (0x01939a33) x20 0x0fff0000
core   0: 0x80003070 (0x400e5b93) srai    s7, t3, 0
core   0: 3 0x80003070 (0x400e5b93) x23 0x7f4e8c6a
core   0: 0x80003074 (0xb6d3cc93) xori    s9, t2, -1171
core   0: 3 0x80003074 (0xb6d3cc93) x25 0xfffff492
core   0: 0x80003078 (0x0192c033) xor     zero, t0, s9
core   0: 3 0x80003078 (0x0192c033)
core   0: 0x8000307c (0x00bd36b3) sltu    a3, s10, a1
core   0: 3 0x8000307c (0x00bd36b3) x13 0x00000001
core   0: 0x80003080 (0xf4ffce13) xori    t3, t6, -177
core   0: 3 0x80003080 (0xf4ffce13) x28 0x7ffeb3ab
core   0: 0x80003084 (0x001e61b3) or      gp, t3, ra
core   0: 3 0x80003084 (0x001e61b3) x 3 0x7ffeb3ab
core   0: 0x80003088 (0x088a8597) auipc   a1, 0x88a8
core   0: 3 0x80003088 (0x088a8597) x11 0x888ab088
core   0: 0x8000308c (0x018109b3) add     s3, sp, s8
core   0: 3 0x8000308c (0x018109b3) x19 0xad8fb4ec
core   0: 0x80003090 (0x4de10397) auipc   t2, 0x4de10
core   0: 3 0x80003090 (0x4de10397) x 7 0xcde13090
core   0: 0x80003094 (0x00912533) slt     a0, sp, s1
core   0: 3 0x80003094 (0x00912533) x10 0x00000001
core   0: 0x80003098 (0x00671c93) slli    s9, a4, 6
core   0: 3 0x80003098 (0x00671c93) x25 0x00439900
core   0: 0x8000309c (0x01ff4f33) xor     t5, t5, t6
core   0: 3 0x8000309c (0x01ff4f33) x30 0xdada0cfc
core   0: 0x800030a0 (0xb4e3d817) auipc   a6, 0xb4e3d
core   0: 3 0x800030a0 (0xb4e3d817) x16 0x34e400a0
core   0: 0x800030a4 (0x00fd9693) slli    a3, s11, 15
core   0: 3 0x800030a4 (0x00fd9693) x13 0x1e480000
core   0: 0x800030a8 (0x407354b3) sra     s1, t1, t2
core   0: 3 0x800030a8 (0x407354b3) x 9 0x00000000
core   0: 0x800030ac (0x7e954a13) xori    s4, a0, 2025
core   0: 3 0x800030ac (0x7e954a13) x20 0x000007e8
core   0: 0x800030b0 (0x0003deb3) srl     t4, t2, zero
core   0: 3 0x800030b0 (0x0003deb3) x29 0xcde13090
core   0: 0x800030b4 (0x1c522f13) slti    t5, tp, 453
core   0: 3 0x800030b4 (0x1c522f13) x30 0x00000001
core   0: 0x800030b8 (0x400a0c33) sub     s8, s4, zero
core   0: 3 0x800030b8 (0x400a0c33) x24 0x000007e8
core   0: 0x800030bc (0x63ad6013) ori     zero, s10, 1594
core   0: 3 0x800030bc (0x63ad6013)
core   0: 0x800030c0 (0x00000013) nop
core   0: 3 0x800030c0 (0x00000013)
core   0: 0x800030c4 (0x003612b3) sll     t0, a2, gp
core   0: 3 0x800030c4 (0x003612b3) x 5 0x00000000
core   0: 0x800030c8 (0x017a4433) xor     s0, s4, s7
core   0: 3 0x800030c8 (0x017a4433) x 8 0x7f4e8b82
core   0: 0x800030cc (0x4153d1b3) sra     gp, t2, s5
core   0: 3 0x800030cc (0x4153d1b3) x 3 0xffffcde1
core   0: 0x800030d0 (0x00d5e9b3) or      s3, a1, a3
core   0: 3 0x800030d0 (0x00d5e9b3) x19 0x9ecab088
core   0: 0x800030d4 (0x249f2093) slti    ra, t5, 585
core   0: 3 0x800030d4 (0x249f2093) x 1 0x00000001
core   0: 0x800030d8 (0x00c49d13) slli    s10, s1, 12
core   0: 3 0x800030d8 (0x00c49d13) x26 0x00000000
core   0: 0x800030dc (0x40215a33) sra     s4, sp, sp
core   0: 3 0x800030dc (0x40215a33) x20 0xfffad8fb
core   0: 0x800030e0 (0xf36c8a93) addi    s5, s9, -202
core   0: 3 0x800030e0 (0xf36c8a93) x21 0x00439836
core   0: 0x800030e4 (0x65e74093) xori    ra, a4, 1630
core   0: 3 0x800030e4 (0x65e74093) x 1 0x8001083a
core   0: 0x800030e8 (0x00f31213) slli    tp, t1, 15
core   0: 3 0x800030e8 (0x00f31213) x 4 0x00000000
core   0: 0x800030ec (0xc4227b93) andi    s7, tp, -958
core   0: 3 0x800030ec (0xc4227b93) x23 0x00000000
core   0: 0x800030f0 (0x80000eb7) lui     t4, 0x80000
core   0: 3 0x800030f0 (0x80000eb7) x29 0x80000000
core   0: 0x800030f4 (0x34270a37) lui     s4, 0x34270
core   0: 3 0x800030f4 (0x34270a37) x20 0x34270000
core   0: 0x800030f8 (0xa69a0a13) addi    s4, s4, -1431
core   0: 3 0x800030f8 (0xa69a0a13) x20 0x3426fa69
core   0: 0x800030fc (0x800006b7) lui     a3, 0x80000
core   0: 3 0x800030fc (0x800006b7) x13 0x80000000
core   0: 0x80003100 (0xfff00e13) li      t3, -1
core   0: 3 0x80003100 (0xfff00e13) x28 0xffffffff
core   0: 0x80003104 (0x80000bb7) lui     s7, 0x80000
core   0: 3 0x80003104 (0x80000bb7) x23 0x80000000
core   0: 0x80003108 (0xfff00193) li      gp, -1
core   0: 3 0x80003108 (0xfff00193) x 3 0xffffffff
core   0: 0x8000310c (0x80000cb7) lui     s9, 0x80000
core   0: 3 0x8000310c (0x80000cb7) x25 0x80000000
core   0: 0x80003110 (0x80000db7) lui     s11, 0x80000
core   0: 3 0x80003110 (0x80000db7) x27 0x80000000
core   0: 0x80003114 (0xfff00d13) li      s10, -1
core   0: 3 0x80003114 (0xfff00d13) x26 0xffffffff
core   0: 0x80003118 (0x00000813) li      a6, 0
core   0: 3 0x80003118 (0x00000813) x16 0x00000000
core   0: 0x8000311c (0x24a43817) auipc   a6, 0x24a43
core   0: 3 0x8000311c (0x24a43817) x16 0xa4a4611c
core   0: 0x80003120 (0x80c77e17) auipc   t3, 0x80c77
core   0: 3 0x80003120 (0x80c77e17) x28 0x00c7a120
core   0: 0x80003124 (0xb4c3a817) auipc   a6, 0xb4c3a
core   0: 3 0x80003124 (0xb4c3a817) x16 0x34c3d124
core   0: 0x80003128 (0x7d0ac1b7) lui     gp, 0x7d0ac
core   0: 3 0x80003128 (0x7d0ac1b7) x 3 0x7d0ac000
core   0: 0x8000312c (0xba266837) lui     a6, 0xba266
core   0: 3 0x8000312c (0xba266837) x16 0xba266000
core   0: 0x80003130 (0x419a01b3) sub     gp, s4, s9
core   0: 3 0x80003130 (0x419a01b3) x 3 0xb426fa69
core   0: 0x80003134 (0xb33a0e93) addi    t4, s4, -1229
core   0: 3 0x80003134 (0xb33a0e93) x29 0x3426f59c
core   0: 0x80003138 (0x27550db7) lui     s11, 0x27550
core   0: 3 0x80003138 (0x27550db7) x27 0x27550000
core   0: 0x8000313c (0x00000013) nop
core   0: 3 0x8000313c (0x00000013)
core   0: 0x80003140 (0x41ad0eb3) sub     t4, s10, s10
core   0: 3 0x80003140 (0x41ad0eb3) x29 0x00000000
core   0: 0x80003144 (0xd52a3697) auipc   a3, 0xd52a3
core   0: 3 0x80003144 (0xd52a3697) x13 0x552a6144
core   0: 0x80003148 (0x93548cb7) lui     s9, 0x93548
core   0: 3 0x80003148 (0x93548cb7) x25 0x93548000
core   0: 0x8000314c (0x388cc197) auipc   gp, 0x388cc
core   0: 3 0x8000314c (0x388cc197) x 3 0xb88cf14c
core   0: 0x80003150 (0x4e8971b7) lui     gp, 0x4e897
core   0: 3 0x80003150 (0x4e8971b7) x 3 0x4e897000
core   0: 0x80003154 (0x01be01b3) add     gp, t3, s11
core   0: 3 0x80003154 (0x01be01b3) x 3 0x281ca120
core   0: 0x80003158 (0x019b8a33) add     s4, s7, s9
core   0: 3 0x80003158 (0x019b8a33) x20 0x13548000
core   0: 0x8000315c (0x23b39db7) lui     s11, 0x23b39
core   0: 3 0x8000315c (0x23b39db7) x27 0x23b39000
core   0: 0x80003160 (0x1cfd5b97) auipc   s7, 0x1cfd5
core   0: 3 0x80003160 (0x1cfd5b97) x23 0x9cfd8160
core   0: 0x80003164 (0x55244637) lui     a2, 0x55244
core   0: 3 0x80003164 (0x55244637) x12 0x55244000
core   0: 0x80003168 (0x3ab37093) andi    ra, t1, 939
core   0: 3 0x80003168 (0x3ab37093) x 1 0x00000000
core   0: 0x8000316c (0xd258e513) ori     a0, a7, -731
core   0: 3 0x8000316c (0xd258e513) x10 0xfffffd25
core   0: 0x80003170 (0xe8f3ca93) xori    s5, t2, -369
core   0: 3 0x80003170 (0xe8f3ca93) x21 0x321ece1f
core   0: 0x80003174 (0x62c92237) lui     tp, 0x62c92
core   0: 3 0x80003174 (0x62c92237) x 4 0x62c92000
core   0: 0x80003178 (0x404d5f13) srai    t5, s10, 4
core   0: 3 0x80003178 (0x404d5f13) x30 0xffffffff
core   0: 0x8000317c (0x40d85333) sra     t1, a6, a3
core   0: 3 0x8000317c (0x40d85333) x 6 0xfba26600
core   0: 0x80003180 (0xb70c3a93) sltiu   s5, s8, -1168
core   0: 3 0x80003180 (0xb70c3a93) x21 0x00000001
core   0: 0x80003184 (0x3d41bf13) sltiu   t5, gp, 980
core   0: 3 0x80003184 (0x3d41bf13) x30 0x00000000
core   0: 0x80003188 (0x00a4a3b3) slt     t2, s1, a0
core   0: 3 0x80003188 (0x00a4a3b3) x 7 0x00000000
core   0: 0x8000318c (0xa265a413) slti    s0, a1, -1498
core   0: 3 0x8000318c (0xa265a413) x 8 0x00000001
core   0: 0x80003190 (0x00435113) srli    sp, t1, 4
core   0: 3 0x80003190 (0x00435113) x 2 0x0fba2660
core   0: 0x80003194 (0x34b3aa17) auipc   s4, 0x34b3a
core   0: 3 0x80003194 (0x34b3aa17) x20 0xb4b3d194
core   0: 0x80003198 (0x41c65f13) srai    t5, a2, 28
core   0: 3 0x80003198 (0x41c65f13) x30 0x00000005
core   0: 0x8000319c (0x2073bf13) sltiu   t5, t2, 519
core   0: 3 0x8000319c (0x2073bf13) x30 0x00000001
core   0: 0x800031a0 (0x394a2493) slti    s1, s4, 916
core   0: 3 0x800031a0 (0x394a2493) x 9 0x00000001
core   0: 0x800031a4 (0x00bd1c93) slli    s9, s10, 11
core   0: 3 0x800031a4 (0x00bd1c93) x25 0xfffff800
core   0: 0x800031a8 (0xb2a48193) addi    gp, s1, -1238
core   0: 3 0x800031a8 (0xb2a48193) x 3 0xfffffb2b
core   0: 0x800031ac (0x0132c3b3) xor     t2, t0, s3
core   0: 3 0x800031ac (0x0132c3b3) x 7 0x9ecab088
core   0: 0x800031b0 (0x016a2633) slt     a2, s4, s6
core   0: 3 0x800031b0 (0x016a2633) x12 0x00000000
core   0: 0x800031b4 (0x2c2094b7) lui     s1, 0x2c209
core   0: 3 0x800031b4 (0x2c2094b7) x 9 0x2c209000
core   0: 0x800031b8 (0x20096013) ori     zero, s2, 512
core   0: 3 0x800031b8 (0x20096013)
core   0: 0x800031bc (0xf5ae2b93) slti    s7, t3, -166
core   0: 3 0x800031bc (0xf5ae2b93) x23 0x00000000
core   0: 0x800031c0 (0x00923eb3) sltu    t4, tp, s1
core   0: 3 0x800031c0 (0x00923eb3) x29 0x00000000
core   0: 0x800031c4 (0x3b5b8313) addi    t1, s7, 949
core   0: 3 0x800031c4 (0x3b5b8313) x 6 0x000003b5
core   0: 0x800031c8 (0x01a872b3) and     t0, a6, s10
core   0: 3 0x800031c8 (0x01a872b3) x 5 0xba266000
core   0: 0x800031cc (0x00e7b0b3) sltu    ra, a5, a4
core   0: 3 0x800031cc (0x00e7b0b3) x 1 0x00000000
core   0: 0x800031d0 (0x0021f0b3) and     ra, gp, sp
core   0: 3 0x800031d0 (0x0021f0b3) x 1 0x0fba2220
core   0: 0x800031d4 (0x0f73bb93) sltiu   s7, t2, 247
core   0: 3 0x800031d4 (0x0f73bb93) x23 0x00000000
core   0: 0x800031d8 (0xad6a3693) sltiu   a3, s4, -1322
core   0: 3 0x800031d8 (0xad6a3693) x13 0x00000001
core   0: 0x800031dc (0x013335b3) sltu    a1, t1, s3
core   0: 3 0x800031dc (0x013335b3) x11 0x00000001
core   0: 0x800031e0 (0x41de8e33) sub     t3, t4, t4
core   0: 3 0x800031e0 (0x41de8e33) x28 0x00000000
core   0: 0x800031e4 (0x417e5333) sra     t1, t3, s7
core   0: 3 0x800031e4 (0x417e5333) x 6 0x00000000
core   0: 0x800031e8 (0x405d54b3) sra     s1, s10, t0
core   0: 3 0x800031e8 (0x405d54b3) x 9 0xffffffff
core   0: 0x800031ec (0x00e4e533) or      a0, s1, a4
core   0: 3 0x800031ec (0x00e4e533) x10 0xffffffff
core   0: 0x800031f0 (0x01345f33) srl     t5, s0, s3
core   0: 3 0x800031f0 (0x01345f33) x30 0x00000000
core   0: 0x800031f4 (0x41ca0c33) sub     s8, s4, t3
core   0: 3 0x800031f4 (0x41ca0c33) x24 0xb4b3d194
core   0: 0x800031f8 (0x00431013) slli    zero, t1, 4
core   0: 3 0x800031f8 (0x00431013)
core   0: 0x800031fc (0x00245813) srli    a6, s0, 2
core   0: 3 0x800031fc (0x00245813) x16 0x00000000
core   0: 0x80003200 (0x1b2d0093) addi    ra, s10, 434
core   0: 3 0x80003200 (0x1b2d0093) x 1 0x000001b1
core   0: 0x80003204 (0x00303933) snez    s2, gp
core   0: 3 0x80003204 (0x00303933) x18 0x00000001
core   0: 0x80003208 (0x00a66933) or      s2, a2, a0
core   0: 3 0x80003208 (0x00a66933) x18 0xffffffff
core   0: 0x8000320c (0x004ca8b3) slt     a7, s9, tp
core   0: 3 0x8000320c (0x004ca8b3) x17 0x00000001
core   0: 0x80003210 (0x9560cb13) xori    s6, ra, -1706
core   0: 3 0x80003210 (0x9560cb13) x22 0xfffff8e7
core   0: 0x80003214 (0x402581b3) sub     gp, a1, sp
core   0: 3 0x80003214 (0x402581b3) x 3 0xf045d9a1
core   0: 0x80003218 (0x006578b3) and     a7, a0, t1
core   0: 3 0x80003218 (0x006578b3) x17 0x00000000
core   0: 0x8000321c (0x2e00de37) lui     t3, 0x2e00d
core   0: 3 0x8000321c (0x2e00de37) x28 0x2e00d000
core   0: 0x80003220 (0x01855c33) srl     s8, a0, s8
core   0: 3 0x80003220 (0x01855c33) x24 0x00000fff
core   0: 0x80003224 (0x0115e0b3) or      ra, a1, a7
core   0: 3 0x80003224 (0x0115e0b3) x 1 0x00000001
core   0: 0x80003228 (0x006eb6b3) sltu    a3, t4, t1
core   0: 3 0x80003228 (0x006eb6b3) x13 0x00000000
core   0: 0x8000322c (0x1c8d0393) addi    t2, s10, 456
core   0: 3 0x8000322c (0x1c8d0393) x 7 0x000001c7
core   0: 0x80003230 (0x00369033) sll     zero, a3, gp
core   0: 3 0x80003230 (0x00369033)
core   0: 0x80003234 (0xe0a02413) slti    s0, zero, -502
core   0: 3 0x80003234 (0xe0a02413) x 8 0x00000000
core   0: 0x80003238 (0x01faf633) and     a2, s5, t6
core   0: 3 0x80003238 (0x01faf633) x12 0x00000000
core   0: 0x8000323c (0x013064b3) or      s1, zero, s3
core   0: 3 0x8000323c (0x013064b3) x 9 0x9ecab088
core   0: 0x80003240 (0x40f30633) sub     a2, t1, a5
core   0: 3 0x80003240 (0x40f30633) x12 0x00b16482
core   0: 0x80003244 (0x41310633) sub     a2, sp, s3
core   0: 3 0x80003244 (0x41310633) x12 0x70ef75d8
core   0: 0x80003248 (0x022c3a93) sltiu   s5, s8, 34
core   0: 3 0x80003248 (0x022c3a93) x21 0x00000000
core   0: 0x8000324c (0x413e8b33) sub     s6, t4, s3
core   0: 3 0x8000324c (0x413e8b33) x22 0x61354f78
core   0: 0x80003250 (0x41d58833) sub     a6, a1, t4
core   0: 3 0x80003250 (0x41d58833) x16 0x00000001
core   0: 0x80003254 (0x007cd5b3) srl     a1, s9, t2
core   0: 3 0x80003254 (0x007cd5b3) x11 0x01fffff0
core   0: 0x80003258 (0xecb9e193) ori     gp, s3, -309
core   0: 3 0x80003258 (0xecb9e193) x 3 0xfffffecb
core   0: 0x8000325c (0x00099eb3) sll     t4, s3, zero
core   0: 3 0x8000325c (0x00099eb3) x29 0x9ecab088
core   0: 0x80003260 (0x01f8ccb3) xor     s9, a7, t6
core   0: 3 0x80003260 (0x01f8ccb3) x25 0x80014ce4
core   0: 0x80003264 (0x019f8a33) add     s4, t6, s9
core   0: 3 0x80003264 (0x019f8a33) x20 0x000299c8
core   0: 0x80003268 (0x41365d13) srai    s10, a2, 19
core   0: 3 0x80003268 (0x41365d13) x26 0x00000e1d
core   0: 0x8000326c (0x00dc9e33) sll     t3, s9, a3
core   0: 3 0x8000326c (0x00dc9e33) x28 0x80014ce4
core   0: 0x80003270 (0xfb305017) auipc   zero, 0xfb305
core   0: 3 0x80003270 (0xfb305017)
core   0: 0x80003274 (0xa9b18f13) addi    t5, gp, -1381
core   0: 3 0x80003274 (0xa9b18f13) x30 0xfffff966
core   0: 0x80003278 (0x0070d213) srli    tp, ra, 7
core   0: 3 0x80003278 (0x0070d213) x 4 0x00000000
core   0: 0x8000327c (0x01291a93) slli    s5, s2, 18
core   0: 3 0x8000327c (0x01291a93) x21 0xfffc0000
core   0: 0x80003280 (0x00a8d113) srli    sp, a7, 10
core   0: 3 0x80003280 (0x00a8d113) x 2 0x00000000
core   0: 0x80003284 (0xef851997) auipc   s3, 0xef851
core   0: 3 0x80003284 (0xef851997) x19 0x6f854284
core   0: 0x80003288 (0x01253b33) sltu    s6, a0, s2
core   0: 3 0x80003288 (0x01253b33) x22 0x00000000
core   0: 0x8000328c (0x401f5113) srai    sp, t5, 1
core   0: 3 0x8000328c (0x401f5113) x 2 0xfffffcb3
core   0: 0x80003290 (0x00ca35b3) sltu    a1, s4, a2
core   0: 3 0x80003290 (0x00ca35b3) x11 0x00000001
core   0: 0x80003294 (0x26f20f13) addi    t5, tp, 623
core   0: 3 0x80003294 (0x26f20f13) x30 0x0000026f
core   0: 0x80003298 (0x00231293) slli    t0, t1, 2
core   0: 3 0x80003298 (0x00231293) x 5 0x00000000
core   0: 0x8000329c (0x20d4e497) auipc   s1, 0x20d4e
core   0: 3 0x8000329c (0x20d4e497) x 9 0xa0d5129c
core   0: 0x800032a0 (0x0004d393) srli    t2, s1, 0
core   0: 3 0x800032a0 (0x0004d393) x 7 0xa0d5129c
core   0: 0x800032a4 (0x01d7e033) or      zero, a5, t4
core   0: 3 0x800032a4 (0x01d7e033)
core   0: 0x800032a8 (0x01bc5693) srli    a3, s8, 27
core   0: 3 0x800032a8 (0x01bc5693) x13 0x00000000
core   0: 0x800032ac (0x01bc2b33) slt     s6, s8, s11
core   0: 3 0x800032ac (0x01bc2b33) x22 0x00000001
core   0: 0x800032b0 (0x66d68e93) addi    t4, a3, 1645
core   0: 3 0x800032b0 (0x66d68e93) x29 0x0000066d
core   0: 0x800032b4 (0x015e7233) and     tp, t3, s5
core   0: 3 0x800032b4 (0x015e7233) x 4 0x80000000
core   0: 0x800032b8 (0x00ad9333) sll     t1, s11, a0
core   0: 3 0x800032b8 (0x00ad9333) x 6 0x00000000
core   0: 0x800032bc (0x00d940b3) xor     ra, s2, a3
core   0: 3 0x800032bc (0x00d940b3) x 1 0xffffffff
core   0: 0x800032c0 (0xa3c76913) ori     s2, a4, -1476
core   0: 3 0x800032c0 (0xa3c76913) x18 0xfffffe7c
core   0: 0x800032c4 (0x019d63b3) or      t2, s10, s9
core   0: 3 0x800032c4 (0x019d63b3) x 7 0x80014efd
core   0: 0x800032c8 (0x017cc0b3) xor     ra, s9, s7
core   0: 3 0x800032c8 (0x017cc0b3) x 1 0x80014ce4
core   0: 0x800032cc (0x4099d393) srai    t2, s3, 9
core   0: 3 0x800032cc (0x4099d393) x 7 0x0037c2a1
core   0: 0x800032d0 (0x00facb33) xor     s6, s5, a5
core   0: 3 0x800032d0 (0x00facb33) x22 0x00b29b7e
core   0: 0x800032d4 (0x20c96913) ori     s2, s2, 524
core   0: 3 0x800032d4 (0x20c96913) x18 0xfffffe7c
core   0: 0x800032d8 (0x00f97d33) and     s10, s2, a5
core   0: 3 0x800032d8 (0x00f97d33) x26 0xff4e9a7c
core   0: 0x800032dc (0x57eaff13) andi    t5, s5, 1406
core   0: 3 0x800032dc (0x57eaff13) x30 0x00000000
core   0: 0x800032e0 (0x7b136613) ori     a2, t1, 1969
core   0: 3 0x800032e0 (0x7b136613) x12 0x000007b1
core   0: 0x800032e4 (0x5331f293) andi    t0, gp, 1331
core   0: 3 0x800032e4 (0x5331f293) x 5 0x00000403
core   0: 0x800032e8 (0x000030b3) snez    ra, zero
core   0: 3 0x800032e8 (0x000030b3) x 1 0x00000000
core   0: 0x800032ec (0x40195a13) srai    s4, s2, 1
core   0: 3 0x800032ec (0x40195a13) x20 0xffffff3e
core   0: 0x800032f0 (0x017e3ab3) sltu    s5, t3, s7
core   0: 3 0x800032f0 (0x017e3ab3) x21 0x00000000
core   0: 0x800032f4 (0x00000013) nop
core   0: 3 0x800032f4 (0x00000013)
core   0: 0x800032f8 (0x00e5d413) srli    s0, a1, 14
core   0: 3 0x800032f8 (0x00e5d413) x 8 0x00000000
core   0: 0x800032fc (0x018d61b3) or      gp, s10, s8
core   0: 3 0x800032fc (0x018d61b3) x 3 0xff4e9fff
core   0: 0x80003300 (0x017e3c33) sltu    s8, t3, s7
core   0: 3 0x80003300 (0x017e3c33) x24 0x00000000
core   0: 0x80003304 (0xab90b037) lui     zero, 0xab90b
core   0: 3 0x80003304 (0xab90b037)
core   0: 0x80003308 (0xc42be693) ori     a3, s7, -958
core   0: 3 0x80003308 (0xc42be693) x13 0xfffffc42
core   0: 0x8000330c (0x006790b3) sll     ra, a5, t1
core   0: 3 0x8000330c (0x006790b3) x 1 0xff4e9b7e
core   0: 0x80003310 (0x0129aab3) slt     s5, s3, s2
core   0: 3 0x80003310 (0x0129aab3) x21 0x00000000
core   0: 0x80003314 (0x00000013) nop
core   0: 3 0x80003314 (0x00000013)
core   0: 0x80003318 (0x00000013) nop
core   0: 3 0x80003318 (0x00000013)
core   0: 0x8000331c (0x00b62433) slt     s0, a2, a1
core   0: 3 0x8000331c (0x00b62433) x 8 0x00000000
core   0: 0x80003320 (0x409bd8b3) sra     a7, s7, s1
core   0: 3 0x80003320 (0x409bd8b3) x17 0x00000000
core   0: 0x80003324 (0x0ab14013) xori    zero, sp, 171
core   0: 3 0x80003324 (0x0ab14013)
core   0: 0x80003328 (0x019c5c93) srli    s9, s8, 25
core   0: 3 0x80003328 (0x019c5c93) x25 0x00000000
core   0: 0x8000332c (0x4152d413) srai    s0, t0, 21
core   0: 3 0x8000332c (0x4152d413) x 8 0x00000000
core   0: 0x80003330 (0x41c05293) srai    t0, zero, 28
core   0: 3 0x80003330 (0x41c05293) x 5 0x00000000
core   0: 0x80003334 (0x400551b3) sra     gp, a0, zero
core   0: 3 0x80003334 (0x400551b3) x 3 0xffffffff
core   0: 0x80003338 (0x86b86697) auipc   a3, 0x86b86
core   0: 3 0x80003338 (0x86b86697) x13 0x06b89338
core   0: 0x8000333c (0x00b10a33) add     s4, sp, a1
core   0: 3 0x8000333c (0x00b10a33) x20 0xfffffcb4
core   0: 0x80003340 (0x001ead33) slt     s10, t4, ra
core   0: 3 0x80003340 (0x001ead33) x26 0x00000000
core   0: 0x80003344 (0x00a5f133) and     sp, a1, a0
core   0: 3 0x80003344 (0x00a5f133) x 2 0x00000001
core   0: 0x80003348 (0x01d71f33) sll     t5, a4, t4
core   0: 3 0x80003348 (0x01d71f33) x30 0x21cc8000
core   0: 0x8000334c (0x9d29dd17) auipc   s10, 0x9d29d
core   0: 3 0x8000334c (0x9d29dd17) x26 0x1d2a034c
core   0: 0x80003350 (0x00cf5a93) srli    s5, t5, 12
core   0: 3 0x80003350 (0x00cf5a93) x21 0x00021cc8
core   0: 0x80003354 (0x41568833) sub     a6, a3, s5
core   0: 3 0x80003354 (0x41568833) x16 0x06b67670
core   0: 0x80003358 (0x00a096b3) sll     a3, ra, a0
core   0: 3 0x80003358 (0x00a096b3) x13 0x00000000
core   0: 0x8000335c (0x00b04a33) xor     s4, zero, a1
core   0: 3 0x8000335c (0x00b04a33) x20 0x00000001
core   0: 0x80003360 (0x006ab333) sltu    t1, s5, t1
core   0: 3 0x80003360 (0x006ab333) x 6 0x00000000
core   0: 0x80003364 (0x2ef8be93) sltiu   t4, a7, 751
core   0: 3 0x80003364 (0x2ef8be93) x29 0x00000001
core   0: 0x80003368 (0x00058233) add     tp, a1, zero
core   0: 3 0x80003368 (0x00058233) x 4 0x00000001
core   0: 0x8000336c (0x93d70c93) addi    s9, a4, -1731
core   0: 3 0x8000336c (0x93d70c93) x25 0x800107a1
core   0: 0x80003370 (0x002c6133) or      sp, s8, sp
core   0: 3 0x80003370 (0x002c6133) x 2 0x00000001
core   0: 0x80003374 (0x00d21813) slli    a6, tp, 13
core   0: 3 0x80003374 (0x00d21813) x16 0x00002000
core   0: 0x80003378 (0x0076d693) srli    a3, a3, 7
core   0: 3 0x80003378 (0x0076d693) x13 0x00000000
core   0: 0x8000337c (0xdfea6693) ori     a3, s4, -514
core   0: 3 0x8000337c (0xdfea6693) x13 0xfffffdff
core   0: 0x80003380 (0x628c2813) slti    a6, s8, 1576
core   0: 3 0x80003380 (0x628c2813) x16 0x00000001
core   0: 0x80003384 (0x00611613) slli    a2, sp, 6
core   0: 3 0x80003384 (0x00611613) x12 0x00000040
core   0: 0x80003388 (0x00bdba33) sltu    s4, s11, a1
core   0: 3 0x80003388 (0x00bdba33) x20 0x00000000
core   0: 0x8000338c (0xb30f7a13) andi    s4, t5, -1232
core   0: 3 0x8000338c (0xb30f7a13) x20 0x21cc8000
core   0: 0x80003390 (0x41c550b3) sra     ra, a0, t3
core   0: 3 0x80003390 (0x41c550b3) x 1 0xffffffff
core   0: 0x80003394 (0x407c8ab3) sub     s5, s9, t2
core   0: 3 0x80003394 (0x407c8ab3) x21 0x7fc94500
core   0: 0x80003398 (0x99086213) ori     tp, a6, -1648
core   0: 3 0x80003398 (0x99086213) x 4 0xfffff991
core   0: 0x8000339c (0x01d49b33) sll     s6, s1, t4
core   0: 3 0x8000339c (0x01d49b33) x22 0x41aa2538
core   0: 0x800033a0 (0xc0e1fb13) andi    s6, gp, -1010
core   0: 3 0x800033a0 (0xc0e1fb13) x22 0xfffffc0e
core   0: 0x800033a4 (0x418d5393) srai    t2, s10, 24
core   0: 3 0x800033a4 (0x418d5393) x 7 0x0000001d
core   0: 0x800033a8 (0x8b16bdb7) lui     s11, 0x8b16b
core   0: 3 0x800033a8 (0x8b16bdb7) x27 0x8b16b000
core   0: 0x800033ac (0x00595413) srli    s0, s2, 5
core   0: 3 0x800033ac (0x00595413) x 8 0x07fffff3
core   0: 0x800033b0 (0x000208b3) add     a7, tp, zero
core   0: 3 0x800033b0 (0x000208b3) x17 0xfffff991
core   0: 0x800033b4 (0xe0dcaa93) slti    s5, s9, -499
core   0: 3 0x800033b4 (0xe0dcaa93) x21 0x00000001
core   0: 0x800033b8 (0x01821233) sll     tp, tp, s8
core   0: 3 0x800033b8 (0x01821233) x 4 0xfffff991
core   0: 0x800033bc (0xe064eb37) lui     s6, 0xe064e
core   0: 3 0x800033bc (0xe064eb37) x22 0xe064e000
core   0: 0x800033c0 (0x00622b33) slt     s6, tp, t1
core   0: 3 0x800033c0 (0x00622b33) x22 0x00000001
core   0: 0x800033c4 (0x00494eb3) xor     t4, s2, tp
core   0: 3 0x800033c4 (0x00494eb3) x29 0x000007ed
core   0: 0x800033c8 (0x34126813) ori     a6, tp, 833
core   0: 3 0x800033c8 (0x34126813) x16 0xfffffbd1
core   0: 0x800033cc (0xb9d60a93) addi    s5, a2, -1123
core   0: 3 0x800033cc (0xb9d60a93) x21 0xfffffbdd
core   0: 0x800033d0 (0x00649e13) slli    t3, s1, 6
core   0: 3 0x800033d0 (0x00649e13) x28 0x3544a700
core   0: 0x800033d4 (0x01b134b3) sltu    s1, sp, s11
core   0: 3 0x800033d4 (0x01b134b3) x 9 0x00000001
core   0: 0x800033d8 (0x01999b33) sll     s6, s3, s9
core   0: 3 0x800033d8 (0x01999b33) x22 0xdf0a8508
core   0: 0x800033dc (0x00704633) xor     a2, zero, t2
core   0: 3 0x800033dc (0x00704633) x12 0x0000001d
core   0: 0x800033e0 (0x1fb2e413) ori     s0, t0, 507
core   0: 3 0x800033e0 (0x1fb2e413) x 8 0x000001fb
core   0: 0x800033e4 (0x61818493) addi    s1, gp, 1560
core   0: 3 0x800033e4 (0x61818493) x 9 0x00000617
core   0: 0x800033e8 (0x01b9b233) sltu    tp, s3, s11
core   0: 3 0x800033e8 (0x01b9b233) x 4 0x00000001
core   0: 0x800033ec (0x002b9493) slli    s1, s7, 2
core   0: 3 0x800033ec (0x002b9493) x 9 0x00000000
core   0: 0x800033f0 (0x00c0e033) or      zero, ra, a2
core   0: 3 0x800033f0 (0x00c0e033)
core   0: 0x800033f4 (0x40b48533) sub     a0, s1, a1
core   0: 3 0x800033f4 (0x40b48533) x10 0xffffffff
core   0: 0x800033f8 (0x00509ab3) sll     s5, ra, t0
core   0: 3 0x800033f8 (0x00509ab3) x21 0xffffffff
core   0: 0x800033fc (0xd15fe913) ori     s2, t6, -747
core   0: 3 0x800033fc (0xd15fe913) x18 0xfffffdf5
core   0: 0x80003400 (0x40e9d4b3) sra     s1, s3, a4
core   0: 3 0x80003400 (0x40e9d4b3) x 9 0x06f85428
core   0: 0x80003404 (0x40055433) sra     s0, a0, zero
core   0: 3 0x80003404 (0x40055433) x 8 0xffffffff
core   0: 0x80003408 (0x6495b813) sltiu   a6, a1, 1609
core   0: 3 0x80003408 (0x6495b813) x16 0x00000001
core   0: 0x8000340c (0x00589e33) sll     t3, a7, t0
core   0: 3 0x8000340c (0x00589e33) x28 0xfffff991
core   0: 0x80003410 (0x018666b3) or      a3, a2, s8
core   0: 3 0x80003410 (0x018666b3) x13 0x0000001d
core   0: 0x80003414 (0x01f644b3) xor     s1, a2, t6
core   0: 3 0x80003414 (0x01f644b3) x 9 0x80014cf9
core   0: 0x80003418 (0xfdd94417) auipc   s0, 0xfdd94
core   0: 3 0x80003418 (0xfdd94417) x 8 0x7dd97418
core   0: 0x8000341c (0x013396b3) sll     a3, t2, s3
core   0: 3 0x8000341c (0x013396b3) x13 0x000001d0
core   0: 0x80003420 (0x01a17c33) and     s8, sp, s10
core   0: 3 0x80003420 (0x01a17c33) x24 0x00000000
core   0: 0x80003424 (0x401d85b3) sub     a1, s11, ra
core   0: 3 0x80003424 (0x401d85b3) x11 0x8b16b001
core   0: 0x80003428 (0x00ffb933) sltu    s2, t6, a5
core   0: 3 0x80003428 (0x00ffb933) x18 0x00000001
core   0: 0x8000342c (0x9f025bb7) lui     s7, 0x9f025
core   0: 3 0x8000342c (0x9f025bb7) x23 0x9f025000
core   0: 0x80003430 (0x00901613) slli    a2, zero, 9
core   0: 3 0x80003430 (0x00901613) x12 0x00000000
core   0: 0x80003434 (0x800a4593) xori    a1, s4, -2048
core   0: 3 0x80003434 (0x800a4593) x11 0xde337800
core   0: 0x80003438 (0x1a6ac493) xori    s1, s5, 422
core   0: 3 0x80003438 (0x1a6ac493) x 9 0xfffffe59
core   0: 0x8000343c (0xd7ad5297) auipc   t0, 0xd7ad5
core   0: 3 0x8000343c (0xd7ad5297) x 5 0x57ad843c
core   0: 0x80003440 (0xe432a213) slti    tp, t0, -445
core   0: 3 0x80003440 (0xe432a213) x 4 0x00000000
core   0: 0x80003444 (0x00000013) nop
core   0: 3 0x80003444 (0x00000013)
core   0: 0x80003448 (0x19c5a093) slti    ra, a1, 412
core   0: 3 0x80003448 (0x19c5a093) x 1 0x00000001
core   0: 0x8000344c (0x01f78233) add     tp, a5, t6
core   0: 3 0x8000344c (0x01f78233) x 4 0x7f4fe862
core   0: 0x80003450 (0x006e5bb3) srl     s7, t3, t1
core   0: 3 0x80003450 (0x006e5bb3) x23 0xfffff991
core   0: 0x80003454 (0x01e20b33) add     s6, tp, t5
core   0: 3 0x80003454 (0x01e20b33) x22 0xa11c6862
core   0: 0x80003458 (0x016da9b3) slt     s3, s11, s6
core   0: 3 0x80003458 (0x016da9b3) x19 0x00000001
core   0: 0x8000345c (0x4047d093) srai    ra, a5, 4
core   0: 3 0x8000345c (0x4047d093) x 1 0xfff4e9b7
core   0: 0x80003460 (0x00bf7333) and     t1, t5, a1
core   0: 3 0x80003460 (0x00bf7333) x 6 0x00000000
core   0: 0x80003464 (0x70a74e13) xori    t3, a4, 1802
core   0: 3 0x80003464 (0x70a74e13) x28 0x8001096e
core   0: 0x80003468 (0x01e5d013) srli    zero, a1, 30
core   0: 3 0x80003468 (0x01e5d013)
core   0: 0x8000346c (0x003c0233) add     tp, s8, gp
core   0: 3 0x8000346c (0x003c0233) x 4 0xffffffff
core   0: 0x80003470 (0x270cfc93) andi    s9, s9, 624
core   0: 3 0x80003470 (0x270cfc93) x25 0x00000220
core   0: 0x80003474 (0x01c03433) snez    s0, t3
core   0: 3 0x80003474 (0x01c03433) x 8 0x00000001
core   0: 0x80003478 (0x0159ceb3) xor     t4, s3, s5
core   0: 3 0x80003478 (0x0159ceb3) x29 0xfffffffe
core   0: 0x8000347c (0x01285bb3) srl     s7, a6, s2
core   0: 3 0x8000347c (0x01285bb3) x23 0x00000000
core   0: 0x80003480 (0x8f2e4313) xori    t1, t3, -1806
core   0: 3 0x80003480 (0x8f2e4313) x 6 0x7ffef19c
core   0: 0x80003484 (0xf6c47b93) andi    s7, s0, -148
core   0: 3 0x80003484 (0xf6c47b93) x23 0x00000000
core   0: 0x80003488 (0x0bc7f293) andi    t0, a5, 188
core   0: 3 0x80003488 (0x0bc7f293) x 5 0x0000003c
core   0: 0x8000348c (0xbe0e3813) sltiu   a6, t3, -1056
core   0: 3 0x8000348c (0xbe0e3813) x16 0x00000001
core   0: 0x80003490 (0x41d5d533) sra     a0, a1, t4
core   0: 3 0x80003490 (0x41d5d533) x10 0xffffffff
core   0: 0x80003494 (0x0046fab3) and     s5, a3, tp
core   0: 3 0x80003494 (0x0046fab3) x21 0x000001d0
core   0: 0x80003498 (0x451453b7) lui     t2, 0x45145
core   0: 3 0x80003498 (0x451453b7) x 7 0x45145000
core   0: 0x8000349c (0x00815a33) srl     s4, sp, s0
core   0: 3 0x8000349c (0x00815a33) x20 0x00000000
core   0: 0x800034a0 (0x01a315b3) sll     a1, t1, s10
core   0: 3 0x800034a0 (0x01a315b3) x11 0xef19c000
core   0: 0x800034a4 (0x005c1e93) slli    t4, s8, 5
core   0: 3 0x800034a4 (0x005c1e93) x29 0x00000000
core   0: 0x800034a8 (0x7293b6b7) lui     a3, 0x7293b
core   0: 3 0x800034a8 (0x7293b6b7) x13 0x7293b000
core   0: 0x800034ac (0x3e1e7e13) andi    t3, t3, 993
core   0: 3 0x800034ac (0x3e1e7e13) x28 0x00000160
core   0: 0x800034b0 (0x00903933) snez    s2, s1
core   0: 3 0x800034b0 (0x00903933) x18 0x00000001
core   0: 0x800034b4 (0x01de9613) slli    a2, t4, 29
core   0: 3 0x800034b4 (0x01de9613) x12 0x00000000
core   0: 0x800034b8 (0x93502993) slti    s3, zero, -1739
core   0: 3 0x800034b8 (0x93502993) x19 0x00000000
core   0: 0x800034bc (0x4184d113) srai    sp, s1, 24
core   0: 3 0x800034bc (0x4184d113) x 2 0xffffffff
core   0: 0x800034c0 (0xc7d46393) ori     t2, s0, -899
core   0: 3 0x800034c0 (0xc7d46393) x 7 0xfffffc7d
core   0: 0x800034c4 (0x0083ab33) slt     s6, t2, s0
core   0: 3 0x800034c4 (0x0083ab33) x22 0x00000001
core   0: 0x800034c8 (0x01cc9b13) slli    s6, s9, 28
core   0: 3 0x800034c8 (0x01cc9b13) x22 0x00000000
core   0: 0x800034cc (0x00000013) nop
core   0: 3 0x800034cc (0x00000013)
core   0: 0x800034d0 (0x4133d2b3) sra     t0, t2, s3
core   0: 3 0x800034d0 (0x4133d2b3) x 5 0xfffffc7d
core   0: 0x800034d4 (0x01aad613) srli    a2, s5, 26
core   0: 3 0x800034d4 (0x01aad613) x12 0x00000000
core   0: 0x800034d8 (0x01a8d2b3) srl     t0, a7, s10
core   0: 3 0x800034d8 (0x01a8d2b3) x 5 0x000fffff
core   0: 0x800034dc (0x414b0e33) sub     t3, s6, s4
core   0: 3 0x800034dc (0x414b0e33) x28 0x00000000
core   0: 0x800034e0 (0x00485a13) srli    s4, a6, 4
core   0: 3 0x800034e0 (0x00485a13) x20 0x00000000
core   0: 0x800034e4 (0x00849833) sll     a6, s1, s0
core   0: 3 0x800034e4 (0x00849833) x16 0xfffffcb2
core   0: 0x800034e8 (0x01dadb13) srli    s6, s5, 29
core   0: 3 0x800034e8 (0x01dadb13) x22 0x00000000
core   0: 0x800034ec (0x00758eb3) add     t4, a1, t2
core   0: 3 0x800034ec (0x00758eb3) x29 0xef19bc7d
core   0: 0x800034f0 (0x7d147e93) andi    t4, s0, 2001
core   0: 3 0x800034f0 (0x7d147e93) x29 0x00000001
core   0: 0x800034f4 (0x00739f13) slli    t5, t2, 7
core   0: 3 0x800034f4 (0x00739f13) x30 0xfffe3e80
core   0: 0x800034f8 (0x01a954b3) srl     s1, s2, s10
core   0: 3 0x800034f8 (0x01a954b3) x 9 0x00000000
core   0: 0x800034fc (0x91a94a93) xori    s5, s2, -1766
core   0: 3 0x800034fc (0x91a94a93) x21 0xfffff91b
core   0: 0x80003500 (0x001e1493) slli    s1, t3, 1
core   0: 3 0x80003500 (0x001e1493) x 9 0x00000000
core   0: 0x80003504 (0x00000013) nop
core   0: 3 0x80003504 (0x00000013)
core   0: 0x80003508 (0x7716bb93) sltiu   s7, a3, 1905
core   0: 3 0x80003508 (0x7716bb93) x23 0x00000000
core   0: 0x8000350c (0x01bd93b3) sll     t2, s11, s11
core   0: 3 0x8000350c (0x01bd93b3) x 7 0x8b16b000
core   0: 0x80003510 (0x00004833) xor     a6, zero, zero
core   0: 3 0x80003510 (0x00004833) x16 0x00000000
core   0: 0x80003514 (0x40b85513) srai    a0, a6, 11
core   0: 3 0x80003514 (0x40b85513) x10 0x00000000
core   0: 0x80003518 (0x008a2133) slt     sp, s4, s0
core   0: 3 0x80003518 (0x008a2133) x 2 0x00000001
core   0: 0x8000351c (0x16a1fc13) andi    s8, gp, 362
core   0: 3 0x8000351c (0x16a1fc13) x24 0x0000016a
core   0: 0x80003520 (0x00ebe8b3) or      a7, s7, a4
core   0: 3 0x80003520 (0x00ebe8b3) x17 0x80010e64
core   0: 0x80003524 (0x005bd3b3) srl     t2, s7, t0
core   0: 3 0x80003524 (0x005bd3b3) x 7 0x00000000
core   0: 0x80003528 (0x67e4b137) lui     sp, 0x67e4b
core   0: 3 0x80003528 (0x67e4b137) x 2 0x67e4b000
core   0: 0x8000352c (0xf1ba8a13) addi    s4, s5, -229
core   0: 3 0x8000352c (0xf1ba8a13) x20 0xfffff836
core   0: 0x80003530 (0x009313b3) sll     t2, t1, s1
core   0: 3 0x80003530 (0x009313b3) x 7 0x7ffef19c
core   0: 0x80003534 (0x008ad933) srl     s2, s5, s0
core   0: 3 0x80003534 (0x008ad933) x18 0x7ffffc8d
core   0: 0x80003538 (0x01dedb33) srl     s6, t4, t4
core   0: 3 0x80003538 (0x01dedb33) x22 0x00000000
core   0: 0x8000353c (0x97103393) sltiu   t2, zero, -1679
core   0: 3 0x8000353c (0x97103393) x 7 0x00000001
core   0: 0x80003540 (0x01ca95b3) sll     a1, s5, t3
core   0: 3 0x80003540 (0x01ca95b3) x11 0xfffff91b
core   0: 0x80003544 (0x91164b17) auipc   s6, 0x91164
core   0: 3 0x80003544 (0x91164b17) x22 0x11167544
core   0: 0x80003548 (0x00d974b3) and     s1, s2, a3
core   0: 3 0x80003548 (0x00d974b3) x 9 0x7293b000
core   0: 0x8000354c (0x00000013) nop
core   0: 3 0x8000354c (0x00000013)
core   0: 0x80003550 (0x4023ab13) slti    s6, t2, 1026
core   0: 3 0x80003550 (0x4023ab13) x22 0x00000001
core   0: 0x80003554 (0x411cd593) srai    a1, s9, 17
core   0: 3 0x80003554 (0x411cd593) x11 0x00000000
core   0: 0x80003558 (0x5ec60b93) addi    s7, a2, 1516
core   0: 3 0x80003558 (0x5ec60b93) x23 0x000005ec
core   0: 0x8000355c (0x41a88833) sub     a6, a7, s10
core   0: 3 0x8000355c (0x41a88833) x16 0x62d70b18
core   0: 0x80003560 (0x41e25e33) sra     t3, tp, t5
core   0: 3 0x80003560 (0x41e25e33) x28 0xffffffff
core   0: 0x80003564 (0x01555513) srli    a0, a0, 21
core   0: 3 0x80003564 (0x01555513) x10 0x00000000
core   0: 0x80003568 (0x9d4d61b7) lui     gp, 0x9d4d6
core   0: 3 0x80003568 (0x9d4d61b7) x 3 0x9d4d6000
core   0: 0x8000356c (0x400ed693) srai    a3, t4, 0
core   0: 3 0x8000356c (0x400ed693) x13 0x00000001
core   0: 0x80003570 (0x41278333) sub     t1, a5, s2
core   0: 3 0x80003570 (0x41278333) x 6 0x7f4e9ef1
core   0: 0x80003574 (0x36257e93) andi    t4, a0, 866
core   0: 3 0x80003574 (0x36257e93) x29 0x00000000
core   0: 0x80003578 (0xd80526b7) lui     a3, 0xd8052
core   0: 3 0x80003578 (0xd80526b7) x13 0xd8052000
core   0: 0x8000357c (0x00000013) nop
core   0: 3 0x8000357c (0x00000013)
core   0: 0x80003580 (0x418e8cb3) sub     s9, t4, s8
core   0: 3 0x80003580 (0x418e8cb3) x25 0xfffffe96
core   0: 0x80003584 (0xd777b493) sltiu   s1, a5, -649
core   0: 3 0x80003584 (0xd777b493) x 9 0x00000001
core   0: 0x80003588 (0x0047c833) xor     a6, a5, tp
core   0: 3 0x80003588 (0x0047c833) x16 0x00b16481
core   0: 0x8000358c (0xe0e4b393) sltiu   t2, s1, -498
core   0: 3 0x8000358c (0xe0e4b393) x 7 0x00000001
core   0: 0x80003590 (0x01145e13) srli    t3, s0, 17
core   0: 3 0x80003590 (0x01145e13) x28 0x00000000
core   0: 0x80003594 (0x4140d5b3) sra     a1, ra, s4
core   0: 3 0x80003594 (0x4140d5b3) x11 0xffffffff
core   0: 0x80003598 (0x00c6d4b3) srl     s1, a3, a2
core   0: 3 0x80003598 (0x00c6d4b3) x 9 0xd8052000
core   0: 0x8000359c (0x007f3bb3) sltu    s7, t5, t2
core   0: 3 0x8000359c (0x007f3bb3) x23 0x00000000
core   0: 0x800035a0 (0x00c2fcb3) and     s9, t0, a2
core   0: 3 0x800035a0 (0x00c2fcb3) x25 0x00000000
core   0: 0x800035a4 (0x008aab33) slt     s6, s5, s0
core   0: 3 0x800035a4 (0x008aab33) x22 0x00000001
core   0: 0x800035a8 (0x0150b6b3) sltu    a3, ra, s5
core   0: 3 0x800035a8 (0x0150b6b3) x13 0x00000001
core   0: 0x800035ac (0x0164da93) srli    s5, s1, 22
core   0: 3 0x800035ac (0x0164da93) x21 0x00000360
core   0: 0x800035b0 (0x00f2e5b3) or      a1, t0, a5
core   0: 3 0x800035b0 (0x00f2e5b3) x11 0xff4fffff
core   0: 0x800035b4 (0x005fe6b3) or      a3, t6, t0
core   0: 3 0x800035b4 (0x005fe6b3) x13 0x800fffff
core   0: 0x800035b8 (0x0093d5b3) srl     a1, t2, s1
core   0: 3 0x800035b8 (0x0093d5b3) x11 0x00000001
core   0: 0x800035bc (0x41c50533) sub     a0, a0, t3
core   0: 3 0x800035bc (0x41c50533) x10 0x00000000
core   0: 0x800035c0 (0x01ea1113) slli    sp, s4, 30
core   0: 3 0x800035c0 (0x01ea1113) x 2 0x80000000
core   0: 0x800035c4 (0x00563d33) sltu    s10, a2, t0
core   0: 3 0x800035c4 (0x00563d33) x26 0x00000001
core   0: 0x800035c8 (0x00885d33) srl     s10, a6, s0
core   0: 3 0x800035c8 (0x00885d33) x26 0x0058b240
core   0: 0x800035cc (0x419ad413) srai    s0, s5, 25
core   0: 3 0x800035cc (0x419ad413) x 8 0x00000000
core   0: 0x800035d0 (0x0074c533) xor     a0, s1, t2
core   0: 3 0x800035d0 (0x0074c533) x10 0xd8052001
core   0: 0x800035d4 (0x00456033) or      zero, a0, tp
core   0: 3 0x800035d4 (0x00456033)
core   0: 0x800035d8 (0xcf166393) ori     t2, a2, -783
core   0: 3 0x800035d8 (0xcf166393) x 7 0xfffffcf1
core   0: 0x800035dc (0x00b0a933) slt     s2, ra, a1
core   0: 3 0x800035dc (0x00b0a933) x18 0x00000001
core   0: 0x800035e0 (0x419d03b3) sub     t2, s10, s9
core   0: 3 0x800035e0 (0x419d03b3) x 7 0x0058b240
core   0: 0x800035e4 (0x01a80c33) add     s8, a6, s10
core   0: 3 0x800035e4 (0x01a80c33) x24 0x010a16c1
core   0: 0x800035e8 (0x00bca933) slt     s2, s9, a1
core   0: 3 0x800035e8 (0x00bca933) x18 0x00000001
core   0: 0x800035ec (0x40d8de93) srai    t4, a7, 13
core   0: 3 0x800035ec (0x40d8de93) x29 0xfffc0008
core   0: 0x800035f0 (0x00000013) nop
core   0: 3 0x800035f0 (0x00000013)
core   0: 0x800035f4 (0x73430b93) addi    s7, t1, 1844
core   0: 3 0x800035f4 (0x73430b93) x23 0x7f4ea625
core   0: 0x800035f8 (0x2db42b93) slti    s7, s0, 731
core   0: 3 0x800035f8 (0x2db42b93) x23 0x00000001
core   0: 0x800035fc (0x01758b33) add     s6, a1, s7
core   0: 3 0x800035fc (0x01758b33) x22 0x00000002
core   0: 0x80003600 (0x0194f9b3) and     s3, s1, s9
core   0: 3 0x80003600 (0x0194f9b3) x19 0x00000000
core   0: 0x80003604 (0x2238c393) xori    t2, a7, 547
core   0: 3 0x80003604 (0x2238c393) x 7 0x80010c47
core   0: 0x80003608 (0xc757c693) xori    a3, a5, -907
core   0: 3 0x80003608 (0xc757c693) x13 0x00b1670b
core   0: 0x8000360c (0x002fd593) srli    a1, t6, 2
core   0: 3 0x8000360c (0x002fd593) x11 0x20005339
core   0: 0x80003610 (0xe76b1897) auipc   a7, 0xe76b1
core   0: 3 0x80003610 (0xe76b1897) x17 0x676b4610
core   0: 0x80003614 (0xca954113) xori    sp, a0, -855
core   0: 3 0x80003614 (0xca954113) x 2 0x27fadca8
core   0: 0x80003618 (0x78922e13) slti    t3, tp, 1929
core   0: 3 0x80003618 (0x78922e13) x28 0x00000001
core   0: 0x8000361c (0x9cfca393) slti    t2, s9, -1585
core   0: 3 0x8000361c (0x9cfca393) x 7 0x00000000
core   0: 0x80003620 (0x01c3f533) and     a0, t2, t3
core   0: 3 0x80003620 (0x01c3f533) x10 0x00000000
core   0: 0x80003624 (0x01719433) sll     s0, gp, s7
core   0: 3 0x80003624 (0x01719433) x 8 0x3a9ac000
core   0: 0x80003628 (0x018c88b7) lui     a7, 0x18c8
core   0: 3 0x80003628 (0x018c88b7) x17 0x018c8000
core   0: 0x8000362c (0xd807e213) ori     tp, a5, -640
core   0: 3 0x8000362c (0xd807e213) x 4 0xfffffffe
core   0: 0x80003630 (0x0619e413) ori     s0, s3, 97
core   0: 3 0x80003630 (0x0619e413) x 8 0x00000061
core   0: 0x80003634 (0xf6144513) xori    a0, s0, -159
core   0: 3 0x80003634 (0xf6144513) x10 0xffffff00
core   0: 0x80003638 (0x411f0033) sub     zero, t5, a7
core   0: 3 0x80003638 (0x411f0033)
core   0: 0x8000363c (0xf93198b7) lui     a7, 0xf9319
core   0: 3 0x8000363c (0xf93198b7) x17 0xf9319000
core   0: 0x80003640 (0xbcd0e313) ori     t1, ra, -1075
core   0: 3 0x80003640 (0xbcd0e313) x 6 0xfffffbff
core   0: 0x80003644 (0x335cf213) andi    tp, s9, 821
core   0: 3 0x80003644 (0x335cf213) x 4 0x00000000
core   0: 0x80003648 (0x0048e2b3) or      t0, a7, tp
core   0: 3 0x80003648 (0x0048e2b3) x 5 0xf9319000
core   0: 0x8000364c (0x0053a8b3) slt     a7, t2, t0
core   0: 3 0x8000364c (0x0053a8b3) x17 0x00000000
core   0: 0x80003650 (0x929fc813) xori    a6, t6, -1751
core   0: 3 0x80003650 (0x929fc813) x16 0x7ffeb5cd
core   0: 0x80003654 (0x0156d333) srl     t1, a3, s5
core   0: 3 0x80003654 (0x0156d333) x 6 0x00b1670b
core   0: 0x80003658 (0x01bc49b3) xor     s3, s8, s11
core   0: 3 0x80003658 (0x01bc49b3) x19 0x8a1ca6c1
core   0: 0x8000365c (0x012bc533) xor     a0, s7, s2
core   0: 3 0x8000365c (0x012bc533) x10 0x00000000
core   0: 0x80003660 (0x008516b3) sll     a3, a0, s0
core   0: 3 0x80003660 (0x008516b3) x13 0x00000000
core   0: 0x80003664 (0x3c887e93) andi    t4, a6, 968
core   0: 3 0x80003664 (0x3c887e93) x29 0x000001c8
core   0: 0x80003668 (0x409d5a13) srai    s4, s10, 9
core   0: 3 0x80003668 (0x409d5a13) x20 0x00002c59
core   0: 0x8000366c (0x015710b3) sll     ra, a4, s5
core   0: 3 0x8000366c (0x015710b3) x 1 0x80010e64
core   0: 0x80003670 (0x00000013) nop
core   0: 3 0x80003670 (0x00000013)
core   0: 0x80003674 (0x4071dab3) sra     s5, gp, t2
core   0: 3 0x80003674 (0x4071dab3) x21 0x9d4d6000
core   0: 0x80003678 (0x09a0ab13) slti    s6, ra, 154
core   0: 3 0x80003678 (0x09a0ab13) x22 0x00000001
core   0: 0x8000367c (0x411451b3) sra     gp, s0, a7
core   0: 3 0x8000367c (0x411451b3) x 3 0x00000061
core   0: 0x80003680 (0x41cb8633) sub     a2, s7, t3
core   0: 3 0x80003680 (0x41cb8633) x12 0x00000000
core   0: 0x80003684 (0x00e01c13) slli    s8, zero, 14
core   0: 3 0x80003684 (0x00e01c13) x24 0x00000000
core   0: 0x80003688 (0x00cc0333) add     t1, s8, a2
core   0: 3 0x80003688 (0x00cc0333) x 6 0x00000000
core   0: 0x8000368c (0x40928933) sub     s2, t0, s1
core   0: 3 0x8000368c (0x40928933) x18 0x212c7000
core   0: 0x80003690 (0x00000013) nop
core   0: 3 0x80003690 (0x00000013)
core   0: 0x80003694 (0x00000013) nop
core   0: 3 0x80003694 (0x00000013)
core   0: 0x80003698 (0x0174d1b3) srl     gp, s1, s7
core   0: 3 0x80003698 (0x0174d1b3) x 3 0x6c029000
core   0: 0x8000369c (0x41113113) sltiu   sp, sp, 1041
core   0: 3 0x8000369c (0x41113113) x 2 0x00000000
core   0: 0x800036a0 (0x0cf7c693) xori    a3, a5, 207
core   0: 3 0x800036a0 (0x0cf7c693) x13 0xff4e9bb1
core   0: 0x800036a4 (0x017e1f33) sll     t5, t3, s7
core   0: 3 0x800036a4 (0x017e1f33) x30 0x00000002
core   0: 0x800036a8 (0x00dd5a13) srli    s4, s10, 13
core   0: 3 0x800036a8 (0x00dd5a13) x20 0x000002c5
core   0: 0x800036ac (0xd4b2ca17) auipc   s4, 0xd4b2c
core   0: 3 0x800036ac (0xd4b2ca17) x20 0x54b2f6ac
core   0: 0x800036b0 (0x400c5313) srai    t1, s8, 0
core   0: 3 0x800036b0 (0x400c5313) x 6 0x00000000
core   0: 0x800036b4 (0x016e9b33) sll     s6, t4, s6
core   0: 3 0x800036b4 (0x016e9b33) x22 0x00000390
core   0: 0x800036b8 (0x01e835b3) sltu    a1, a6, t5
core   0: 3 0x800036b8 (0x01e835b3) x11 0x00000000
core   0: 0x800036bc (0x54ce8593) addi    a1, t4, 1356
core   0: 3 0x800036bc (0x54ce8593) x11 0x00000714
core   0: 0x800036c0 (0x013dd833) srl     a6, s11, s3
core   0: 3 0x800036c0 (0x013dd833) x16 0x458b5800
core   0: 0x800036c4 (0x00215813) srli    a6, sp, 2
core   0: 3 0x800036c4 (0x00215813) x16 0x00000000
core   0: 0x800036c8 (0x40c7d3b3) sra     t2, a5, a2
core   0: 3 0x800036c8 (0x40c7d3b3) x 7 0xff4e9b7e
core   0: 0x800036cc (0x00b30333) add     t1, t1, a1
core   0: 3 0x800036cc (0x00b30333) x 6 0x00000714
core   0: 0x800036d0 (0x8fa8f317) auipc   t1, 0x8fa8f
core   0: 3 0x800036d0 (0x8fa8f317) x 6 0x0fa926d0
core   0: 0x800036d4 (0x955fee13) ori     t3, t6, -1707
core   0: 3 0x800036d4 (0x955fee13) x28 0xfffffdf5
core   0: 0x800036d8 (0x41b0d393) srai    t2, ra, 27
core   0: 3 0x800036d8 (0x41b0d393) x 7 0xfffffff0
core   0: 0x800036dc (0x002ff933) and     s2, t6, sp
core   0: 3 0x800036dc (0x002ff933) x18 0x00000000
core   0: 0x800036e0 (0x01b61293) slli    t0, a2, 27
core   0: 3 0x800036e0 (0x01b61293) x 5 0x00000000
core   0: 0x800036e4 (0x5f6f8b93) addi    s7, t6, 1526
core   0: 3 0x800036e4 (0x5f6f8b93) x23 0x800152da
core   0: 0x800036e8 (0xde8a3d13) sltiu   s10, s4, -536
core   0: 3 0x800036e8 (0xde8a3d13) x26 0x00000001
core   0: 0x800036ec (0x00000013) nop
core   0: 3 0x800036ec (0x00000013)
core   0: 0x800036f0 (0x017dbcb3) sltu    s9, s11, s7
core   0: 3 0x800036f0 (0x017dbcb3) x25 0x00000000
core   0: 0x800036f4 (0x00d043b3) xor     t2, zero, a3
core   0: 3 0x800036f4 (0x00d043b3) x 7 0xff4e9bb1
core   0: 0x800036f8 (0x00000013) nop
core   0: 3 0x800036f8 (0x00000013)
core   0: 0x800036fc (0xd689f693) andi    a3, s3, -664
core   0: 3 0x800036fc (0xd689f693) x13 0x8a1ca440
core   0: 0x80003700 (0x01e324b3) slt     s1, t1, t5
core   0: 3 0x80003700 (0x01e324b3) x 9 0x00000000
core   0: 0x80003704 (0x00000013) nop
core   0: 3 0x80003704 (0x00000013)
core   0: 0x80003708 (0xeaa2fb93) andi    s7, t0, -342
core   0: 3 0x80003708 (0xeaa2fb93) x23 0x00000000
core   0: 0x8000370c (0x015a4db3) xor     s11, s4, s5
core   0: 3 0x8000370c (0x015a4db3) x27 0xc9ff96ac
core   0: 0x80003710 (0x004ff4b3) and     s1, t6, tp
core   0: 3 0x80003710 (0x004ff4b3) x 9 0x00000000
core   0: 0x80003714 (0x00000013) nop
core   0: 3 0x80003714 (0x00000013)
core   0: 0x80003718 (0xdea19e17) auipc   t3, 0xdea19
core   0: 3 0x80003718 (0xdea19e17) x28 0x5ea1c718
core   0: 0x8000371c (0x01cb3e33) sltu    t3, s6, t3
core   0: 3 0x8000371c (0x01cb3e33) x28 0x00000001
core   0: 0x80003720 (0x4119dd33) sra     s10, s3, a7
core   0: 3 0x80003720 (0x4119dd33) x26 0x8a1ca6c1
core   0: 0x80003724 (0x41fa86b3) sub     a3, s5, t6
core   0: 3 0x80003724 (0x41fa86b3) x13 0x1d4c131c
core   0: 0x80003728 (0x41635d13) srai    s10, t1, 22
core   0: 3 0x80003728 (0x41635d13) x26 0x0000003e
core   0: 0x8000372c (0xb73e3c93) sltiu   s9, t3, -1165
core   0: 3 0x8000372c (0xb73e3c93) x25 0x00000001
core   0: 0x80003730 (0x016516b3) sll     a3, a0, s6
core   0: 3 0x80003730 (0x016516b3) x13 0x00000000
core   0: 0x80003734 (0x10af4e93) xori    t4, t5, 266
core   0: 3 0x80003734 (0x10af4e93) x29 0x00000108
core   0: 0x80003738 (0x37176d93) ori     s11, a4, 881
core   0: 3 0x80003738 (0x37176d93) x27 0x80010f75
core   0: 0x8000373c (0x00480633) add     a2, a6, tp
core   0: 3 0x8000373c (0x00480633) x12 0x00000000
core   0: 0x80003740 (0x00e56533) or      a0, a0, a4
core   0: 3 0x80003740 (0x00e56533) x10 0x80010e64
core   0: 0x80003744 (0x00000013) nop
core   0: 3 0x80003744 (0x00000013)
core   0: 0x80003748 (0x0189d513) srli    a0, s3, 24
core   0: 3 0x80003748 (0x0189d513) x10 0x0000008a
core   0: 0x8000374c (0x2a50bc93) sltiu   s9, ra, 677
core   0: 3 0x8000374c (0x2a50bc93) x25 0x00000000
core   0: 0x80003750 (0xa671ad13) slti    s10, gp, -1433
core   0: 3 0x80003750 (0xa671ad13) x26 0x00000000
core   0: 0x80003754 (0x0146de33) srl     t3, a3, s4
core   0: 3 0x80003754 (0x0146de33) x28 0x00000000
core   0: 0x80003758 (0x005c2f33) slt     t5, s8, t0
core   0: 3 0x80003758 (0x005c2f33) x30 0x00000000
core   0: 0x8000375c (0x27ce8893) addi    a7, t4, 636
core   0: 3 0x8000375c (0x27ce8893) x17 0x00000384
core   0: 0x80003760 (0x41d2db13) srai    s6, t0, 29
core   0: 3 0x80003760 (0x41d2db13) x22 0x00000000
core   0: 0x80003764 (0x00000013) nop
core   0: 3 0x80003764 (0x00000013)
core   0: 0x80003768 (0x40ef5d33) sra     s10, t5, a4
core   0: 3 0x80003768 (0x40ef5d33) x26 0x00000000
core   0: 0x8000376c (0xfb222593) slti    a1, tp, -78
core   0: 3 0x8000376c (0xfb222593) x11 0x00000000
core   0: 0x80003770 (0x010beab3) or      s5, s7, a6
core   0: 3 0x80003770 (0x010beab3) x21 0x00000000
core   0: 0x80003774 (0x00096db3) or      s11, s2, zero
core   0: 3 0x80003774 (0x00096db3) x27 0x00000000
core   0: 0x80003778 (0x00489bb3) sll     s7, a7, tp
core   0: 3 0x80003778 (0x00489bb3) x23 0x00000384
core   0: 0x8000377c (0x00b96ab3) or      s5, s2, a1
core   0: 3 0x8000377c (0x00b96ab3) x21 0x00000000
core   0: 0x80003780 (0x40aa5433) sra     s0, s4, a0
core   0: 3 0x80003780 (0x40aa5433) x 8 0x00152cbd
core   0: 0x80003784 (0x40785993) srai    s3, a6, 7
core   0: 3 0x80003784 (0x40785993) x19 0x00000000
core   0: 0x80003788 (0x0038bb33) sltu    s6, a7, gp
core   0: 3 0x80003788 (0x0038bb33) x22 0x00000001
core   0: 0x8000378c (0x41bd52b3) sra     t0, s10, s11
core   0: 3 0x8000378c (0x41bd52b3) x 5 0x00000000
core   0: 0x80003790 (0x4097d233) sra     tp, a5, s1
core   0: 3 0x80003790 (0x4097d233) x 4 0xff4e9b7e
core   0: 0x80003794 (0x00f11c93) slli    s9, sp, 15
core   0: 3 0x80003794 (0x00f11c93) x25 0x00000000
core   0: 0x80003798 (0x01743033) sltu    zero, s0, s7
core   0: 3 0x80003798 (0x01743033)
core   0: 0x8000379c (0x01183ab3) sltu    s5, a6, a7
core   0: 3 0x8000379c (0x01183ab3) x21 0x00000001
core   0: 0x800037a0 (0x6aea8637) lui     a2, 0x6aea8
core   0: 3 0x800037a0 (0x6aea8637) x12 0x6aea8000
core   0: 0x800037a4 (0x008f6633) or      a2, t5, s0
core   0: 3 0x800037a4 (0x008f6633) x12 0x00152cbd
core   0: 0x800037a8 (0x00fd1b93) slli    s7, s10, 15
core   0: 3 0x800037a8 (0x00fd1b93) x23 0x00000000
core   0: 0x800037ac (0x8712b9b7) lui     s3, 0x8712b
core   0: 3 0x800037ac (0x8712b9b7) x19 0x8712b000
core   0: 0x800037b0 (0xe97efab7) lui     s5, 0xe97ef
core   0: 3 0x800037b0 (0xe97efab7) x21 0xe97ef000
core   0: 0x800037b4 (0x01fdd433) srl     s0, s11, t6
core   0: 3 0x800037b4 (0x01fdd433) x 8 0x00000000
core   0: 0x800037b8 (0x96f97893) andi    a7, s2, -1681
core   0: 3 0x800037b8 (0x96f97893) x17 0x00000000
core   0: 0x800037bc (0x251bf193) andi    gp, s7, 593
core   0: 3 0x800037bc (0x251bf193) x 3 0x00000000
core   0: 0x800037c0 (0x01da5e13) srli    t3, s4, 29
core   0: 3 0x800037c0 (0x01da5e13) x28 0x00000002
core   0: 0x800037c4 (0x01abd933) srl     s2, s7, s10
core   0: 3 0x800037c4 (0x01abd933) x18 0x00000000
core   0: 0x800037c8 (0x01832633) slt     a2, t1, s8
core   0: 3 0x800037c8 (0x01832633) x12 0x00000000
core   0: 0x800037cc (0x001685b3) add     a1, a3, ra
core   0: 3 0x800037cc (0x001685b3) x11 0x80010e64
core   0: 0x800037d0 (0x01049d13) slli    s10, s1, 16
core   0: 3 0x800037d0 (0x01049d13) x26 0x00000000
core   0: 0x800037d4 (0x335f1f37) lui     t5, 0x335f1
core   0: 3 0x800037d4 (0x335f1f37) x30 0x335f1000
core   0: 0x800037d8 (0x994f0f13) addi    t5, t5, -1644
core   0: 3 0x800037d8 (0x994f0f13) x30 0x335f0994
core   0: 0x800037dc (0xfff00893) li      a7, -1
core   0: 3 0x800037dc (0xfff00893) x17 0xffffffff
core   0: 0x800037e0 (0x00000313) li      t1, 0
core   0: 3 0x800037e0 (0x00000313) x 6 0x00000000
core   0: 0x800037e4 (0xfff00913) li      s2, -1
core   0: 3 0x800037e4 (0xfff00913) x18 0xffffffff
core   0: 0x800037e8 (0x00000e13) li      t3, 0
core   0: 3 0x800037e8 (0x00000e13) x28 0x00000000
core   0: 0x800037ec (0x00000b93) li      s7, 0
core   0: 3 0x800037ec (0x00000b93) x23 0x00000000
core   0: 0x800037f0 (0xfff00193) li      gp, -1
core   0: 3 0x800037f0 (0xfff00193) x 3 0xffffffff
core   0: 0x800037f4 (0xbc8db2b7) lui     t0, 0xbc8db
core   0: 3 0x800037f4 (0xbc8db2b7) x 5 0xbc8db000
core   0: 0x800037f8 (0x5ef28293) addi    t0, t0, 1519
core   0: 3 0x800037f8 (0x5ef28293) x 5 0xbc8db5ef
core   0: 0x800037fc (0x155b6ab7) lui     s5, 0x155b6
core   0: 3 0x800037fc (0x155b6ab7) x21 0x155b6000
core   0: 0x80003800 (0x389a8a93) addi    s5, s5, 905
core   0: 3 0x80003800 (0x389a8a93) x21 0x155b6389
core   0: 0x80003804 (0xfff00d13) li      s10, -1
core   0: 3 0x80003804 (0xfff00d13) x26 0xffffffff
core   0: 0x80003808 (0x40530e33) sub     t3, t1, t0
core   0: 3 0x80003808 (0x40530e33) x28 0x43724a11
core   0: 0x8000380c (0x00000013) nop
core   0: 3 0x8000380c (0x00000013)
core   0: 0x80003810 (0x20029d17) auipc   s10, 0x20029
core   0: 3 0x80003810 (0x20029d17) x26 0xa002c810
core   0: 0x80003814 (0x01ca8933) add     s2, s5, t3
core   0: 3 0x80003814 (0x01ca8933) x18 0x58cdad9a
core   0: 0x80003818 (0x00000013) nop
core   0: 3 0x80003818 (0x00000013)
core   0: 0x8000381c (0x00000013) nop
core   0: 3 0x8000381c (0x00000013)
core   0: 0x80003820 (0xb59d0d13) addi    s10, s10, -1191
core   0: 3 0x80003820 (0xb59d0d13) x26 0xa002c369
core   0: 0x80003824 (0x41ce0e33) sub     t3, t3, t3
core   0: 3 0x80003824 (0x41ce0e33) x28 0x00000000
core   0: 0x80003828 (0x8d126f17) auipc   t5, 0x8d126
core   0: 3 0x80003828 (0x8d126f17) x30 0x0d129828
core   0: 0x8000382c (0x00000013) nop
core   0: 3 0x8000382c (0x00000013)
core   0: 0x80003830 (0x003b8e33) add     t3, s7, gp
core   0: 3 0x80003830 (0x003b8e33) x28 0xffffffff
core   0: 0x80003834 (0x405881b3) sub     gp, a7, t0
core   0: 3 0x80003834 (0x405881b3) x 3 0x43724a10
core   0: 0x80003838 (0x00000013) nop
core   0: 3 0x80003838 (0x00000013)
core   0: 0x8000383c (0x00000013) nop
core   0: 3 0x8000383c (0x00000013)
core   0: 0x80003840 (0xb1f28313) addi    t1, t0, -1249
core   0: 3 0x80003840 (0xb1f28313) x 6 0xbc8db10e
core   0: 0x80003844 (0x405f0333) sub     t1, t5, t0
core   0: 3 0x80003844 (0x405f0333) x 6 0x5084e239
core   0: 0x80003848 (0x01c88933) add     s2, a7, t3
core   0: 3 0x80003848 (0x01c88933) x18 0xfffffffe
core   0: 0x8000384c (0x01530e33) add     t3, t1, s5
core   0: 3 0x8000384c (0x01530e33) x28 0x65e045c2
core   0: 0x80003850 (0x40590e33) sub     t3, s2, t0
core   0: 3 0x80003850 (0x40590e33) x28 0x43724a0f
core   0: 0x80003854 (0xe890f337) lui     t1, 0xe890f
core   0: 3 0x80003854 (0xe890f337) x 6 0xe890f000
core   0: 0x80003858 (0x002c5593) srli    a1, s8, 2
core   0: 3 0x80003858 (0x002c5593) x11 0x00000000
core   0: 0x8000385c (0x01a52333) slt     t1, a0, s10
core   0: 3 0x8000385c (0x01a52333) x 6 0x00000000
core   0: 0x80003860 (0x1864fe13) andi    t3, s1, 390
core   0: 3 0x80003860 (0x1864fe13) x28 0x00000000
core   0: 0x80003864 (0x0123ebb3) or      s7, t2, s2
core   0: 3 0x80003864 (0x0123ebb3) x23 0xffffffff
core   0: 0x80003868 (0x41c15693) srai    a3, sp, 28
core   0: 3 0x80003868 (0x41c15693) x13 0x00000000
core   0: 0x8000386c (0x41b45593) srai    a1, s0, 27
core   0: 3 0x8000386c (0x41b45593) x11 0x00000000
core   0: 0x80003870 (0x00c09c93) slli    s9, ra, 12
core   0: 3 0x80003870 (0x00c09c93) x25 0x10e64000
core   0: 0x80003874 (0xca938593) addi    a1, t2, -855
core   0: 3 0x80003874 (0xca938593) x11 0xff4e985a
core   0: 0x80003878 (0x0114fab3) and     s5, s1, a7
core   0: 3 0x80003878 (0x0114fab3) x21 0x00000000
core   0: 0x8000387c (0xd32f0993) addi    s3, t5, -718
core   0: 3 0x8000387c (0xd32f0993) x19 0x0d12955a
core   0: 0x80003880 (0x008a8b33) add     s6, s5, s0
core   0: 3 0x80003880 (0x008a8b33) x22 0x00000000
core   0: 0x80003884 (0x002300b3) add     ra, t1, sp
core   0: 3 0x80003884 (0x002300b3) x 1 0x00000000
core   0: 0x80003888 (0x01f50ab3) add     s5, a0, t6
core   0: 3 0x80003888 (0x01f50ab3) x21 0x80014d6e
core   0: 0x8000388c (0xbf49e393) ori     t2, s3, -1036
core   0: 3 0x8000388c (0xbf49e393) x 7 0xfffffffe
core   0: 0x80003890 (0x41f28f33) sub     t5, t0, t6
core   0: 3 0x80003890 (0x41f28f33) x30 0x3c8c690b
core   0: 0x80003894 (0x4004d513) srai    a0, s1, 0
core   0: 3 0x80003894 (0x4004d513) x10 0x00000000
core   0: 0x80003898 (0x67fb0113) addi    sp, s6, 1663
core   0: 3 0x80003898 (0x67fb0113) x 2 0x0000067f
core   0: 0x8000389c (0x40850033) sub     zero, a0, s0
core   0: 3 0x8000389c (0x40850033)
core   0: 0x800038a0 (0x001a26b3) slt     a3, s4, ra
core   0: 3 0x800038a0 (0x001a26b3) x13 0x00000000
core   0: 0x800038a4 (0x74fb3d97) auipc   s11, 0x74fb3
core   0: 3 0x800038a4 (0x74fb3d97) x27 0xf4fb68a4
core   0: 0x800038a8 (0x00e51393) slli    t2, a0, 14
core   0: 3 0x800038a8 (0x00e51393) x 7 0x00000000
core   0: 0x800038ac (0x00000013) nop
core   0: 3 0x800038ac (0x00000013)
core   0: 0x800038b0 (0x88063313) sltiu   t1, a2, -1920
core   0: 3 0x800038b0 (0x88063313) x 6 0x00000001
core   0: 0x800038b4 (0x01c882b3) add     t0, a7, t3
core   0: 3 0x800038b4 (0x01c882b3) x 5 0xffffffff
core   0: 0x800038b8 (0x01151293) slli    t0, a0, 17
core   0: 3 0x800038b8 (0x01151293) x 5 0x00000000
core   0: 0x800038bc (0x41eb8433) sub     s0, s7, t5
core   0: 3 0x800038bc (0x41eb8433) x 8 0xc37396f4
core   0: 0x800038c0 (0x00f8beb3) sltu    t4, a7, a5
core   0: 3 0x800038c0 (0x00f8beb3) x29 0x00000000
core   0: 0x800038c4 (0x0149f033) and     zero, s3, s4
core   0: 3 0x800038c4 (0x0149f033)
core   0: 0x800038c8 (0x8bab3e93) sltiu   t4, s6, -1862
core   0: 3 0x800038c8 (0x8bab3e93) x29 0x00000001
core   0: 0x800038cc (0x000e3e33) sltu    t3, t3, zero
core   0: 3 0x800038cc (0x000e3e33) x28 0x00000000
core   0: 0x800038d0 (0x00f6d533) srl     a0, a3, a5
core   0: 3 0x800038d0 (0x00f6d533) x10 0x00000000
core   0: 0x800038d4 (0x43d4a313) slti    t1, s1, 1085
core   0: 3 0x800038d4 (0x43d4a313) x 6 0x00000001
core   0: 0x800038d8 (0x86072d97) auipc   s11, 0x86072
core   0: 3 0x800038d8 (0x86072d97) x27 0x060758d8
core   0: 0x800038dc (0x77d07593) andi    a1, zero, 1917
core   0: 3 0x800038dc (0x77d07593) x11 0x00000000
core   0: 0x800038e0 (0x0018bbb3) sltu    s7, a7, ra
core   0: 3 0x800038e0 (0x0018bbb3) x23 0x00000000
core   0: 0x800038e4 (0x40a98e33) sub     t3, s3, a0
core   0: 3 0x800038e4 (0x40a98e33) x28 0x0d12955a
core   0: 0x800038e8 (0x41e10d33) sub     s10, sp, t5
core   0: 3 0x800038e8 (0x41e10d33) x26 0xc3739d74
core   0: 0x800038ec (0xcc93ff37) lui     t5, 0xcc93f
core   0: 3 0x800038ec (0xcc93ff37) x30 0xcc93f000
core   0: 0x800038f0 (0x835ff617) auipc   a2, 0x835ff
core   0: 3 0x800038f0 (0x835ff617) x12 0x036028f0
core   0: 0x800038f4 (0x00bd2e33) slt     t3, s10, a1
core   0: 3 0x800038f4 (0x00bd2e33) x28 0x00000001
core   0: 0x800038f8 (0x3ab5ac93) slti    s9, a1, 939
core   0: 3 0x800038f8 (0x3ab5ac93) x25 0x00000001
core   0: 0x800038fc (0x32bb3d93) sltiu   s11, s6, 811
core   0: 3 0x800038fc (0x32bb3d93) x27 0x00000001
core   0: 0x80003900 (0x41285013) srai    zero, a6, 18
core   0: 3 0x80003900 (0x41285013)
core   0: 0x80003904 (0x017f5f33) srl     t5, t5, s7
core   0: 3 0x80003904 (0x017f5f33) x30 0xcc93f000
core   0: 0x80003908 (0x01aba5b3) slt     a1, s7, s10
core   0: 3 0x80003908 (0x01aba5b3) x11 0x00000000
core   0: 0x8000390c (0x01969533) sll     a0, a3, s9
core   0: 3 0x8000390c (0x01969533) x10 0x00000000
core   0: 0x80003910 (0x498bc013) xori    zero, s7, 1176
core   0: 3 0x80003910 (0x498bc013)
core   0: 0x80003914 (0x90944093) xori    ra, s0, -1783
core   0: 3 0x80003914 (0x90944093) x 1 0x3c8c6ffd
core   0: 0x80003918 (0x0107b4b3) sltu    s1, a5, a6
core   0: 3 0x80003918 (0x0107b4b3) x 9 0x00000000
core   0: 0x8000391c (0x00cc2f33) slt     t5, s8, a2
core   0: 3 0x8000391c (0x00cc2f33) x30 0x00000001
core   0: 0x80003920 (0x01731013) slli    zero, t1, 23
core   0: 3 0x80003920 (0x01731013)
core   0: 0x80003924 (0x011d0633) add     a2, s10, a7
core   0: 3 0x80003924 (0x011d0633) x12 0xc3739d73
core   0: 0x80003928 (0x40a10f33) sub     t5, sp, a0
core   0: 3 0x80003928 (0x40a10f33) x30 0x0000067f
core   0: 0x8000392c (0x00941e93) slli    t4, s0, 9
core   0: 3 0x8000392c (0x00941e93) x29 0xe72de800
core   0: 0x80003930 (0x41fe8a33) sub     s4, t4, t6
core   0: 3 0x80003930 (0x41fe8a33) x20 0x672c9b1c
core   0: 0x80003934 (0x01e6deb3) srl     t4, a3, t5
core   0: 3 0x80003934 (0x01e6deb3) x29 0x00000000
core   0: 0x80003938 (0x41fe0a33) sub     s4, t3, t6
core   0: 3 0x80003938 (0x41fe0a33) x20 0x7ffeb31d
core   0: 0x8000393c (0x7c67c913) xori    s2, a5, 1990
core   0: 3 0x8000393c (0x7c67c913) x18 0xff4e9cb8
core   0: 0x80003940 (0xaa8db813) sltiu   a6, s11, -1368
core   0: 3 0x80003940 (0xaa8db813) x16 0x00000001
core   0: 0x80003944 (0x4135d533) sra     a0, a1, s3
core   0: 3 0x80003944 (0x4135d533) x10 0x00000000
core   0: 0x80003948 (0x012f1433) sll     s0, t5, s2
core   0: 3 0x80003948 (0x012f1433) x 8 0x7f000000
core   0: 0x8000394c (0x00c36bb3) or      s7, t1, a2
core   0: 3 0x8000394c (0x00c36bb3) x23 0xc3739d73
core   0: 0x80003950 (0x010bbe33) sltu    t3, s7, a6
core   0: 3 0x80003950 (0x010bbe33) x28 0x00000000
core   0: 0x80003954 (0x4135dcb3) sra     s9, a1, s3
core   0: 3 0x80003954 (0x4135dcb3) x25 0x00000000
core   0: 0x80003958 (0x00089d33) sll     s10, a7, zero
core   0: 3 0x80003958 (0x00089d33) x26 0xffffffff
core   0: 0x8000395c (0x0025deb3) srl     t4, a1, sp
core   0: 3 0x8000395c (0x0025deb3) x29 0x00000000
core   0: 0x80003960 (0x0002e5b3) or      a1, t0, zero
core   0: 3 0x80003960 (0x0002e5b3) x11 0x00000000
core   0: 0x80003964 (0x4193dab3) sra     s5, t2, s9
core   0: 3 0x80003964 (0x4193dab3) x21 0x00000000
core   0: 0x80003968 (0x0179d033) srl     zero, s3, s7
core   0: 3 0x80003968 (0x0179d033)
core   0: 0x8000396c (0x00000013) nop
core   0: 3 0x8000396c (0x00000013)
core   0: 0x80003970 (0x41260c33) sub     s8, a2, s2
core   0: 3 0x80003970 (0x41260c33) x24 0xc42500bb
core   0: 0x80003974 (0x019aa933) slt     s2, s5, s9
core   0: 3 0x80003974 (0x019aa933) x18 0x00000000
core   0: 0x80003978 (0x5f7ea8b7) lui     a7, 0x5f7ea
core   0: 3 0x80003978 (0x5f7ea8b7) x17 0x5f7ea000
core   0: 0x8000397c (0x410a0db3) sub     s11, s4, a6
core   0: 3 0x8000397c (0x410a0db3) x27 0x7ffeb31c
core   0: 0x80003980 (0xac372e13) slti    t3, a4, -1341
core   0: 3 0x80003980 (0xac372e13) x28 0x00000001
core   0: 0x80003984 (0x00289133) sll     sp, a7, sp
core   0: 3 0x80003984 (0x00289133) x 2 0x00000000
core   0: 0x80003988 (0xee7ab513) sltiu   a0, s5, -281
core   0: 3 0x80003988 (0xee7ab513) x10 0x00000001
core   0: 0x8000398c (0x0107c3b3) xor     t2, a5, a6
core   0: 3 0x8000398c (0x0107c3b3) x 7 0xff4e9b7f
core   0: 0x80003990 (0x87f8e993) ori     s3, a7, -1921
core   0: 3 0x80003990 (0x87f8e993) x19 0xfffff87f
core   0: 0x80003994 (0x01c3b5b3) sltu    a1, t2, t3
core   0: 3 0x80003994 (0x01c3b5b3) x11 0x00000000
core   0: 0x80003998 (0x013b9533) sll     a0, s7, s3
core   0: 3 0x80003998 (0x013b9533) x10 0x80000000
core   0: 0x8000399c (0x01149b93) slli    s7, s1, 17
core   0: 3 0x8000399c (0x01149b93) x23 0x00000000
core   0: 0x800039a0 (0x414d8c33) sub     s8, s11, s4
core   0: 3 0x800039a0 (0x414d8c33) x24 0xffffffff
core   0: 0x800039a4 (0x903c3893) sltiu   a7, s8, -1789
core   0: 3 0x800039a4 (0x903c3893) x17 0x00000000
core   0: 0x800039a8 (0x3d4e4b13) xori    s6, t3, 980
core   0: 3 0x800039a8 (0x3d4e4b13) x22 0x000003d5
core   0: 0x800039ac (0x0003d593) srli    a1, t2, 0
core   0: 3 0x800039ac (0x0003d593) x11 0xff4e9b7f
core   0: 0x800039b0 (0x00375113) srli    sp, a4, 3
core   0: 3 0x800039b0 (0x00375113) x 2 0x100021cc
core   0: 0x800039b4 (0x0148c3b3) xor     t2, a7, s4
core   0: 3 0x800039b4 (0x0148c3b3) x 7 0x7ffeb31d
core   0: 0x800039b8 (0x41390c33) sub     s8, s2, s3
core   0: 3 0x800039b8 (0x41390c33) x24 0x00000781
core   0: 0x800039bc (0x6aa3e813) ori     a6, t2, 1706
core   0: 3 0x800039bc (0x6aa3e813) x16 0x7ffeb7bf
core   0: 0x800039c0 (0x01978b33) add     s6, a5, s9
core   0: 3 0x800039c0 (0x01978b33) x22 0xff4e9b7e
core   0: 0x800039c4 (0x360ff293) andi    t0, t6, 864
core   0: 3 0x800039c4 (0x360ff293) x 5 0x00000060
core   0: 0x800039c8 (0x3566feb7) lui     t4, 0x3566f
core   0: 3 0x800039c8 (0x3566feb7) x29 0x3566f000
core   0: 0x800039cc (0x743fc317) auipc   t1, 0x743fc
core   0: 3 0x800039cc (0x743fc317) x 6 0xf43ff9cc
core   0: 0x800039d0 (0x296d4a13) xori    s4, s10, 662
core   0: 3 0x800039d0 (0x296d4a13) x20 0xfffffd69
core   0: 0x800039d4 (0x7a1f0113) addi    sp, t5, 1953
core   0: 3 0x800039d4 (0x7a1f0113) x 2 0x00000e20
core   0: 0x800039d8 (0x32acfd13) andi    s10, s9, 810
core   0: 3 0x800039d8 (0x32acfd13) x26 0x00000000
core   0: 0x800039dc (0x00448133) add     sp, s1, tp
core   0: 3 0x800039dc (0x00448133) x 2 0xff4e9b7e
core   0: 0x800039e0 (0x3af9ce93) xori    t4, s3, 943
core   0: 3 0x800039e0 (0x3af9ce93) x29 0xfffffbd0
core   0: 0x800039e4 (0x41435033) sra     zero, t1, s4
core   0: 3 0x800039e4 (0x41435033)
core   0: 0x800039e8 (0x4042d993) srai    s3, t0, 4
core   0: 3 0x800039e8 (0x4042d993) x19 0x00000006
core   0: 0x800039ec (0x40380833) sub     a6, a6, gp
core   0: 3 0x800039ec (0x40380833) x16 0x3c8c6daf
core   0: 0x800039f0 (0x41578133) sub     sp, a5, s5
core   0: 3 0x800039f0 (0x41578133) x 2 0xff4e9b7e
core   0: 0x800039f4 (0xc38ac893) xori    a7, s5, -968
core   0: 3 0x800039f4 (0xc38ac893) x17 0xfffffc38
core   0: 0x800039f8 (0x01e19d93) slli    s11, gp, 30
core   0: 3 0x800039f8 (0x01e19d93) x27 0x00000000
core   0: 0x800039fc (0x01a25f33) srl     t5, tp, s10
core   0: 3 0x800039fc (0x01a25f33) x30 0xff4e9b7e
core   0: 0x80003a00 (0x0066d333) srl     t1, a3, t1
core   0: 3 0x80003a00 (0x0066d333) x 6 0x00000000
core   0: 0x80003a04 (0x00000013) nop
core   0: 3 0x80003a04 (0x00000013)
core   0: 0x80003a08 (0x016a14b3) sll     s1, s4, s6
core   0: 3 0x80003a08 (0x016a14b3) x 9 0x40000000
core   0: 0x80003a0c (0x26396a13) ori     s4, s2, 611
core   0: 3 0x80003a0c (0x26396a13) x20 0x00000263
core   0: 0x80003a10 (0x40220433) sub     s0, tp, sp
core   0: 3 0x80003a10 (0x40220433) x 8 0x00000000
core   0: 0x80003a14 (0x8f1fc813) xori    a6, t6, -1807
core   0: 3 0x80003a14 (0x8f1fc813) x16 0x7ffeb415
core   0: 0x80003a18 (0xc18e0b37) lui     s6, 0xc18e0
core   0: 3 0x80003a18 (0xc18e0b37) x22 0xc18e0000
core   0: 0x80003a1c (0x01b759b3) srl     s3, a4, s11
core   0: 3 0x80003a1c (0x01b759b3) x19 0x80010e64
core   0: 0x80003a20 (0x10c9fa93) andi    s5, s3, 268
core   0: 3 0x80003a20 (0x10c9fa93) x21 0x00000004
core   0: 0x80003a24 (0x3268c317) auipc   t1, 0x3268c
core   0: 3 0x80003a24 (0x3268c317) x 6 0xb268fa24
core   0: 0x80003a28 (0xafa03e13) sltiu   t3, zero, -1286
core   0: 3 0x80003a28 (0xafa03e13) x28 0x00000001
core   0: 0x80003a2c (0x006f1193) slli    gp, t5, 6
core   0: 3 0x80003a2c (0x006f1193) x 3 0xd3a6df80
core   0: 0x80003a30 (0x006f9333) sll     t1, t6, t1
core   0: 3 0x80003a30 (0x006f9333) x 6 0x0014ce40
core   0: 0x80003a34 (0x65e1ed93) ori     s11, gp, 1630
core   0: 3 0x80003a34 (0x65e1ed93) x27 0xd3a6dfde
core   0: 0x80003a38 (0x38070113) addi    sp, a4, 896
core   0: 3 0x80003a38 (0x38070113) x 2 0x800111e4
core   0: 0x80003a3c (0x8ee34e93) xori    t4, t1, -1810
core   0: 3 0x80003a3c (0x8ee34e93) x29 0xffeb36ae
core   0: 0x80003a40 (0xbb2014b7) lui     s1, 0xbb201
core   0: 3 0x80003a40 (0xbb2014b7) x 9 0xbb201000
core   0: 0x80003a44 (0x013b9c13) slli    s8, s7, 19
core   0: 3 0x80003a44 (0x013b9c13) x24 0x00000000
core   0: 0x80003a48 (0x00258033) add     zero, a1, sp
core   0: 3 0x80003a48 (0x00258033)
core   0: 0x80003a4c (0x00ff5d93) srli    s11, t5, 15
core   0: 3 0x80003a4c (0x00ff5d93) x27 0x0001fe9d
core   0: 0x80003a50 (0x459fca13) xori    s4, t6, 1113
core   0: 3 0x80003a50 (0x459fca13) x20 0x800148bd
core   0: 0x80003a54 (0xcc5b4c97) auipc   s9, 0xcc5b4
core   0: 3 0x80003a54 (0xcc5b4c97) x25 0x4c5b7a54
core   0: 0x80003a58 (0x6f4da693) slti    a3, s11, 1780
core   0: 3 0x80003a58 (0x6f4da693) x13 0x00000000
core   0: 0x80003a5c (0x012c7533) and     a0, s8, s2
core   0: 3 0x80003a5c (0x012c7533) x10 0x00000000
core   0: 0x80003a60 (0x00175a13) srli    s4, a4, 1
core   0: 3 0x80003a60 (0x00175a13) x20 0x40008732
core   0: 0x80003a64 (0x000f1513) slli    a0, t5, 0
core   0: 3 0x80003a64 (0x000f1513) x10 0xff4e9b7e
core   0: 0x80003a68 (0x00f9d433) srl     s0, s3, a5
core   0: 3 0x80003a68 (0x00f9d433) x 8 0x00000002
core   0: 0x80003a6c (0x0169cc33) xor     s8, s3, s6
core   0: 3 0x80003a6c (0x0169cc33) x24 0x418f0e64
core   0: 0x80003a70 (0x009de433) or      s0, s11, s1
core   0: 3 0x80003a70 (0x009de433) x 8 0xbb21fe9d
core   0: 0x80003a74 (0x405f83b3) sub     t2, t6, t0
core   0: 3 0x80003a74 (0x405f83b3) x 7 0x80014c84
core   0: 0x80003a78 (0x406f80b3) sub     ra, t6, t1
core   0: 3 0x80003a78 (0x406f80b3) x 1 0x7fec7ea4
core   0: 0x80003a7c (0x22168897) auipc   a7, 0x22168
core   0: 3 0x80003a7c (0x22168897) x17 0xa216ba7c
core   0: 0x80003a80 (0x00000013) nop
core   0: 3 0x80003a80 (0x00000013)
core   0: 0x80003a84 (0xdfda4313) xori    t1, s4, -515
core   0: 3 0x80003a84 (0xdfda4313) x 6 0xbfff7acf
core   0: 0x80003a88 (0xab580413) addi    s0, a6, -1355
core   0: 3 0x80003a88 (0xab580413) x 8 0x7ffeaeca
core   0: 0x80003a8c (0xa8b32393) slti    t2, t1, -1397
core   0: 3 0x80003a8c (0xa8b32393) x 7 0x00000001
core   0: 0x80003a90 (0x00921d93) slli    s11, tp, 9
core   0: 3 0x80003a90 (0x00921d93) x27 0x9d36fc00
core   0: 0x80003a94 (0x5acd2213) slti    tp, s10, 1452
core   0: 3 0x80003a94 (0x5acd2213) x 4 0x00000001
core   0: 0x80003a98 (0x0189c133) xor     sp, s3, s8
core   0: 3 0x80003a98 (0x0189c133) x 2 0xc18e0000
core   0: 0x80003a9c (0x00000013) nop
core   0: 3 0x80003a9c (0x00000013)
core   0: 0x80003aa0 (0x01edde93) srli    t4, s11, 30
core   0: 3 0x80003aa0 (0x01edde93) x29 0x00000002
core   0: 0x80003aa4 (0xded9ea93) ori     s5, s3, -531
core   0: 3 0x80003aa4 (0xded9ea93) x21 0xffffffed
core   0: 0x80003aa8 (0x00d60433) add     s0, a2, a3
core   0: 3 0x80003aa8 (0x00d60433) x 8 0xc3739d73
core   0: 0x80003aac (0x017f96b3) sll     a3, t6, s7
core   0: 3 0x80003aac (0x017f96b3) x13 0x80014ce4
core   0: 0x80003ab0 (0xe6dc4f13) xori    t5, s8, -403
core   0: 3 0x80003ab0 (0xe6dc4f13) x30 0xbe70f009
core   0: 0x80003ab4 (0x00fbd413) srli    s0, s7, 15
core   0: 3 0x80003ab4 (0x00fbd413) x 8 0x00000000
core   0: 0x80003ab8 (0x00679233) sll     tp, a5, t1
core   0: 3 0x80003ab8 (0x00679233) x 4 0x4dbf0000
core   0: 0x80003abc (0x411582b3) sub     t0, a1, a7
core   0: 3 0x80003abc (0x411582b3) x 5 0x5d37e103
core   0: 0x80003ac0 (0x4f16a393) slti    t2, a3, 1265
core   0: 3 0x80003ac0 (0x4f16a393) x 7 0x00000001
core   0: 0x80003ac4 (0x00259ab3) sll     s5, a1, sp
core   0: 3 0x80003ac4 (0x00259ab3) x21 0xff4e9b7f
core   0: 0x80003ac8 (0x407ddb33) sra     s6, s11, t2
core   0: 3 0x80003ac8 (0x407ddb33) x22 0xce9b7e00
core   0: 0x80003acc (0x317ca593) slti    a1, s9, 791
core   0: 3 0x80003acc (0x317ca593) x11 0x00000000
core   0: 0x80003ad0 (0x00da88b3) add     a7, s5, a3
core   0: 3 0x80003ad0 (0x00da88b3) x17 0x7f4fe863
core   0: 0x80003ad4 (0x003c5033) srl     zero, s8, gp
core   0: 3 0x80003ad4 (0x003c5033)
core   0: 0x80003ad8 (0xac802893) slti    a7, zero, -1336
core   0: 3 0x80003ad8 (0xac802893) x17 0x00000000
core   0: 0x80003adc (0x40758933) sub     s2, a1, t2
core   0: 3 0x80003adc (0x40758933) x18 0xffffffff
core   0: 0x80003ae0 (0x01835e13) srli    t3, t1, 24
core   0: 3 0x80003ae0 (0x01835e13) x28 0x000000bf
core   0: 0x80003ae4 (0xe99e0e97) auipc   t4, 0xe99e0
core   0: 3 0x80003ae4 (0xe99e0e97) x29 0x699e3ae4
core   0: 0x80003ae8 (0x011a7a33) and     s4, s4, a7
core   0: 3 0x80003ae8 (0x011a7a33) x20 0x00000000
core   0: 0x80003aec (0x00476033) or      zero, a4, tp
core   0: 3 0x80003aec (0x00476033)
core   0: 0x80003af0 (0x01bba4b3) slt     s1, s7, s11
core   0: 3 0x80003af0 (0x01bba4b3) x 9 0x00000000
core   0: 0x80003af4 (0xc599bc13) sltiu   s8, s3, -935
core   0: 3 0x80003af4 (0xc599bc13) x24 0x00000001
core   0: 0x80003af8 (0x409e85b3) sub     a1, t4, s1
core   0: 3 0x80003af8 (0x409e85b3) x11 0x699e3ae4
core   0: 0x80003afc (0x40f4d6b3) sra     a3, s1, a5
core   0: 3 0x80003afc (0x40f4d6b3) x13 0x00000000
core   0: 0x80003b00 (0xcaf8e393) ori     t2, a7, -849
core   0: 3 0x80003b00 (0xcaf8e393) x 7 0xfffffcaf
core   0: 0x80003b04 (0x41aa5493) srai    s1, s4, 26
core   0: 3 0x80003b04 (0x41aa5493) x 9 0x00000000
core   0: 0x80003b08 (0x010334b3) sltu    s1, t1, a6
core   0: 3 0x80003b08 (0x010334b3) x 9 0x00000000
core   0: 0x80003b0c (0x44f3fc93) andi    s9, t2, 1103
core   0: 3 0x80003b0c (0x44f3fc93) x25 0x0000040f
core   0: 0x80003b10 (0xc2353313) sltiu   t1, a0, -989
core   0: 3 0x80003b10 (0xc2353313) x 6 0x00000001
core   0: 0x80003b14 (0x4026d913) srai    s2, a3, 2
core   0: 3 0x80003b14 (0x4026d913) x18 0x00000000
core   0: 0x80003b18 (0xdcabe113) ori     sp, s7, -566
core   0: 3 0x80003b18 (0xdcabe113) x 2 0xfffffdca
core   0: 0x80003b1c (0x0049cf33) xor     t5, s3, tp
core   0: 3 0x80003b1c (0x0049cf33) x30 0xcdbe0e64
core   0: 0x80003b20 (0x00935eb3) srl     t4, t1, s1
core   0: 3 0x80003b20 (0x00935eb3) x29 0x00000001
core   0: 0x80003b24 (0x014d2e33) slt     t3, s10, s4
core   0: 3 0x80003b24 (0x014d2e33) x28 0x00000000
core   0: 0x80003b28 (0x409b5433) sra     s0, s6, s1
core   0: 3 0x80003b28 (0x409b5433) x 8 0xce9b7e00
core   0: 0x80003b2c (0x005ece33) xor     t3, t4, t0
core   0: 3 0x80003b2c (0x005ece33) x28 0x5d37e102
core   0: 0x80003b30 (0x011988b3) add     a7, s3, a7
core   0: 3 0x80003b30 (0x011988b3) x17 0x80010e64
core   0: 0x80003b34 (0x6723a493) slti    s1, t2, 1650
core   0: 3 0x80003b34 (0x6723a493) x 9 0x00000001
core   0: 0x80003b38 (0x40cb5513) srai    a0, s6, 12
core   0: 3 0x80003b38 (0x40cb5513) x10 0xfffce9b7
core   0: 0x80003b3c (0x00000013) nop
core   0: 3 0x80003b3c (0x00000013)
core   0: 0x80003b40 (0x00fd2c33) slt     s8, s10, a5
core   0: 3 0x80003b40 (0x00fd2c33) x24 0x00000000
core   0: 0x80003b44 (0x5bbf6693) ori     a3, t5, 1467
core   0: 3 0x80003b44 (0x5bbf6693) x13 0xcdbe0fff
core   0: 0x80003b48 (0x40ea53b3) sra     t2, s4, a4
core   0: 3 0x80003b48 (0x40ea53b3) x 7 0x00000000
core   0: 0x80003b4c (0xd22c3513) sltiu   a0, s8, -734
core   0: 3 0x80003b4c (0xd22c3513) x10 0x00000001
core   0: 0x80003b50 (0x41fa8433) sub     s0, s5, t6
core   0: 3 0x80003b50 (0x41fa8433) x 8 0x7f4d4e9b
core   0: 0x80003b54 (0x40f753b3) sra     t2, a4, a5
core   0: 3 0x80003b54 (0x40f753b3) x 7 0xfffffffe
core   0: 0x80003b58 (0x66227313) andi    t1, tp, 1634
core   0: 3 0x80003b58 (0x66227313) x 6 0x00000000
core   0: 0x80003b5c (0x4121d533) sra     a0, gp, s2
core   0: 3 0x80003b5c (0x4121d533) x10 0xd3a6df80
core   0: 0x80003b60 (0x01b98cb3) add     s9, s3, s11
core   0: 3 0x80003b60 (0x01b98cb3) x25 0x1d380a64
core   0: 0x80003b64 (0x15de18b7) lui     a7, 0x15de1
core   0: 3 0x80003b64 (0x15de18b7) x17 0x15de1000
core   0: 0x80003b68 (0xd51ea017) auipc   zero, 0xd51ea
core   0: 3 0x80003b68 (0xd51ea017)
core   0: 0x80003b6c (0x013c9e93) slli    t4, s9, 19
core   0: 3 0x80003b6c (0x013c9e93) x29 0x53200000
core   0: 0x80003b70 (0x414f5633) sra     a2, t5, s4
core   0: 3 0x80003b70 (0x414f5633) x12 0xcdbe0e64
core   0: 0x80003b74 (0xce92e613) ori     a2, t0, -791
core   0: 3 0x80003b74 (0xce92e613) x12 0xfffffdeb
core   0: 0x80003b78 (0x50340e93) addi    t4, s0, 1283
core   0: 3 0x80003b78 (0x50340e93) x29 0x7f4d539e
core   0: 0x80003b7c (0x40678db3) sub     s11, a5, t1
core   0: 3 0x80003b7c (0x40678db3) x27 0xff4e9b7e
core   0: 0x80003b80 (0x01553133) sltu    sp, a0, s5
core   0: 3 0x80003b80 (0x01553133) x 2 0x00000001
core   0: 0x80003b84 (0x01833333) sltu    t1, t1, s8
core   0: 3 0x80003b84 (0x01833333) x 6 0x00000000
core   0: 0x80003b88 (0x40ccd413) srai    s0, s9, 12
core   0: 3 0x80003b88 (0x40ccd413) x 8 0x0001d380
core   0: 0x80003b8c (0x0051ff33) and     t5, gp, t0
core   0: 3 0x80003b8c (0x0051ff33) x30 0x5126c100
core   0: 0x80003b90 (0x00000013) nop
core   0: 3 0x80003b90 (0x00000013)
core   0: 0x80003b94 (0x00e2a833) slt     a6, t0, a4
core   0: 3 0x80003b94 (0x00e2a833) x16 0x00000000
core   0: 0x80003b98 (0x41e182b3) sub     t0, gp, t5
core   0: 3 0x80003b98 (0x41e182b3) x 5 0x82801e80
core   0: 0x80003b9c (0x004c9133) sll     sp, s9, tp
core   0: 3 0x80003b9c (0x004c9133) x 2 0x1d380a64
core   0: 0x80003ba0 (0x78daa893) slti    a7, s5, 1933
core   0: 3 0x80003ba0 (0x78daa893) x17 0x00000001
core   0: 0x80003ba4 (0x912b2613) slti    a2, s6, -1774
core   0: 3 0x80003ba4 (0x912b2613) x12 0x00000001
core   0: 0x80003ba8 (0x01d67333) and     t1, a2, t4
core   0: 3 0x80003ba8 (0x01d67333) x 6 0x00000000
core   0: 0x80003bac (0x0133f2b3) and     t0, t2, s3
core   0: 3 0x80003bac (0x0133f2b3) x 5 0x80010e64
core   0: 0x80003bb0 (0x4edfbc17) auipc   s8, 0x4edfb
core   0: 3 0x80003bb0 (0x4edfbc17) x24 0xcedfebb0
core   0: 0x80003bb4 (0x8ecff2b7) lui     t0, 0x8ecff
core   0: 3 0x80003bb4 (0x8ecff2b7) x 5 0x8ecff000
core   0: 0x80003bb8 (0x40a5de13) srai    t3, a1, 10
core   0: 3 0x80003bb8 (0x40a5de13) x28 0x001a678e
core   0: 0x80003bbc (0x4009d113) srai    sp, s3, 0
core   0: 3 0x80003bbc (0x4009d113) x 2 0x80010e64
core   0: 0x80003bc0 (0x002b96b3) sll     a3, s7, sp
core   0: 3 0x80003bc0 (0x002b96b3) x13 0x00000000
core   0: 0x80003bc4 (0x00ce6933) or      s2, t3, a2
core   0: 3 0x80003bc4 (0x00ce6933) x18 0x001a678f
core   0: 0x80003bc8 (0x0003e933) or      s2, t2, zero
core   0: 3 0x80003bc8 (0x0003e933) x18 0xfffffffe
core   0: 0x80003bcc (0xe3303893) sltiu   a7, zero, -461
core   0: 3 0x80003bcc (0xe3303893) x17 0x00000001
core   0: 0x80003bd0 (0x2b3d3293) sltiu   t0, s10, 691
core   0: 3 0x80003bd0 (0x2b3d3293) x 5 0x00000001
core   0: 0x80003bd4 (0x00f9c933) xor     s2, s3, a5
core   0: 3 0x80003bd4 (0x00f9c933) x18 0x7f4f951a
core   0: 0x80003bd8 (0x18d68d93) addi    s11, a3, 397
core   0: 3 0x80003bd8 (0x18d68d93) x27 0x0000018d
core   0: 0x80003bdc (0xa726f493) andi    s1, a3, -1422
core   0: 3 0x80003bdc (0xa726f493) x 9 0x00000000
core   0: 0x80003be0 (0x418b5393) srai    t2, s6, 24
core   0: 3 0x80003be0 (0x418b5393) x 7 0xffffffce
core   0: 0x80003be4 (0x4049d933) sra     s2, s3, tp
core   0: 3 0x80003be4 (0x4049d933) x18 0x80010e64
core   0: 0x80003be8 (0xd4144013) xori    zero, s0, -703
core   0: 3 0x80003be8 (0xd4144013)
core   0: 0x80003bec (0x00022133) slt     sp, tp, zero
core   0: 3 0x80003bec (0x00022133) x 2 0x00000000
core   0: 0x80003bf0 (0x007b5f13) srli    t5, s6, 7
core   0: 3 0x80003bf0 (0x007b5f13) x30 0x019d36fc
core   0: 0x80003bf4 (0x00dcabb3) slt     s7, s9, a3
core   0: 3 0x80003bf4 (0x00dcabb3) x23 0x00000000
core   0: 0x80003bf8 (0x41d15893) srai    a7, sp, 29
core   0: 3 0x80003bf8 (0x41d15893) x17 0x00000000
core   0: 0x80003bfc (0x009d7433) and     s0, s10, s1
core   0: 3 0x80003bfc (0x009d7433) x 8 0x00000000
core   0: 0x80003c00 (0x00d8c133) xor     sp, a7, a3
core   0: 3 0x80003c00 (0x00d8c133) x 2 0x00000000
core   0: 0x80003c04 (0x2f3e7093) andi    ra, t3, 755
core   0: 3 0x80003c04 (0x2f3e7093) x 1 0x00000282
core   0: 0x80003c08 (0x4cd0ca13) xori    s4, ra, 1229
core   0: 3 0x80003c08 (0x4cd0ca13) x20 0x0000064f
core   0: 0x80003c0c (0x01f08633) add     a2, ra, t6
core   0: 3 0x80003c0c (0x01f08633) x12 0x80014f66
core   0: 0x80003c10 (0x3108feb7) lui     t4, 0x3108f
core   0: 3 0x80003c10 (0x3108feb7) x29 0x3108f000
core   0: 0x80003c14 (0x00787533) and     a0, a6, t2
core   0: 3 0x80003c14 (0x00787533) x10 0x00000000
core   0: 0x80003c18 (0x01710833) add     a6, sp, s7
core   0: 3 0x80003c18 (0x01710833) x16 0x00000000
core   0: 0x80003c1c (0x0041da93) srli    s5, gp, 4
core   0: 3 0x80003c1c (0x0041da93) x21 0x0d3a6df8
core   0: 0x80003c20 (0x00326f33) or      t5, tp, gp
core   0: 3 0x80003c20 (0x00326f33) x30 0xdfbfdf80
core   0: 0x80003c24 (0x011d9593) slli    a1, s11, 17
core   0: 3 0x80003c24 (0x011d9593) x11 0x031a0000
core   0: 0x80003c28 (0x99aae393) ori     t2, s5, -1638
core   0: 3 0x80003c28 (0x99aae393) x 7 0xfffffdfa
core   0: 0x80003c2c (0x40850233) sub     tp, a0, s0
core   0: 3 0x80003c2c (0x40850233) x 4 0x00000000
core   0: 0x80003c30 (0x016c9033) sll     zero, s9, s6
core   0: 3 0x80003c30 (0x016c9033)
core   0: 0x80003c34 (0x00555db3) srl     s11, a0, t0
core   0: 3 0x80003c34 (0x00555db3) x27 0x00000000
core   0: 0x80003c38 (0x41f00633) sub     a2, zero, t6
core   0: 3 0x80003c38 (0x41f00633) x12 0x7ffeb31c
core   0: 0x80003c3c (0x8b3c2d13) slti    s10, s8, -1869
core   0: 3 0x80003c3c (0x8b3c2d13) x26 0x00000001
core   0: 0x80003c40 (0xaa01fd13) andi    s10, gp, -1376
core   0: 3 0x80003c40 (0xaa01fd13) x26 0xd3a6da80
core   0: 0x80003c44 (0x0052ef33) or      t5, t0, t0
core   0: 3 0x80003c44 (0x0052ef33) x30 0x00000001
core   0: 0x80003c48 (0x004ccf33) xor     t5, s9, tp
core   0: 3 0x80003c48 (0x004ccf33) x30 0x1d380a64
core   0: 0x80003c4c (0x013a23b3) slt     t2, s4, s3
core   0: 3 0x80003c4c (0x013a23b3) x 7 0x00000000
core   0: 0x80003c50 (0x0036cb33) xor     s6, a3, gp
core   0: 3 0x80003c50 (0x0036cb33) x22 0xd3a6df80
core   0: 0x80003c54 (0x8c342a93) slti    s5, s0, -1853
core   0: 3 0x80003c54 (0x8c342a93) x21 0x00000000
core   0: 0x80003c58 (0x017c1513) slli    a0, s8, 23
core   0: 3 0x80003c58 (0x017c1513) x10 0xd8000000
core   0: 0x80003c5c (0x42b93693) sltiu   a3, s2, 1067
core   0: 3 0x80003c5c (0x42b93693) x13 0x00000000
core   0: 0x80003c60 (0xc0db3bb7) lui     s7, 0xc0db3
core   0: 3 0x80003c60 (0xc0db3bb7) x23 0xc0db3000
core   0: 0x80003c64 (0x01923f33) sltu    t5, tp, s9
core   0: 3 0x80003c64 (0x01923f33) x30 0x00000001
core   0: 0x80003c68 (0x00000013) nop
core   0: 3 0x80003c68 (0x00000013)
core   0: 0x80003c6c (0xe87fff13) andi    t5, t6, -377
core   0: 3 0x80003c6c (0xe87fff13) x30 0x80014c84
core   0: 0x80003c70 (0x40765633) sra     a2, a2, t2
core   0: 3 0x80003c70 (0x40765633) x12 0x7ffeb31c
core   0: 0x80003c74 (0x01dbe9b3) or      s3, s7, t4
core   0: 3 0x80003c74 (0x01dbe9b3) x19 0xf1dbf000
core   0: 0x80003c78 (0x00f23033) sltu    zero, tp, a5
core   0: 3 0x80003c78 (0x00f23033)
core   0: 0x80003c7c (0x41b7de93) srai    t4, a5, 27
core   0: 3 0x80003c7c (0x41b7de93) x29 0xffffffff
core   0: 0x80003c80 (0x40178233) sub     tp, a5, ra
core   0: 3 0x80003c80 (0x40178233) x 4 0xff4e98fc
core   0: 0x80003c84 (0x00000013) nop
core   0: 3 0x80003c84 (0x00000013)
core   0: 0x80003c88 (0x014fb433) sltu    s0, t6, s4
core   0: 3 0x80003c88 (0x014fb433) x 8 0x00000000
core   0: 0x80003c8c (0x0124d013) srli    zero, s1, 18
core   0: 3 0x80003c8c (0x0124d013)
core   0: 0x80003c90 (0x40da0b33) sub     s6, s4, a3
core   0: 3 0x80003c90 (0x40da0b33) x22 0x0000064f
core   0: 0x80003c94 (0x41585bb3) sra     s7, a6, s5
core   0: 3 0x80003c94 (0x41585bb3) x23 0x00000000
core   0: 0x80003c98 (0x01d3fc33) and     s8, t2, t4
core   0: 3 0x80003c98 (0x01d3fc33) x24 0x00000000
core   0: 0x80003c9c (0x00c7d313) srli    t1, a5, 12
core   0: 3 0x80003c9c (0x00c7d313) x 6 0x000ff4e9
core   0: 0x80003ca0 (0x0167ff33) and     t5, a5, s6
core   0: 3 0x80003ca0 (0x0167ff33) x30 0x0000024e
core   0: 0x80003ca4 (0x008f4a33) xor     s4, t5, s0
core   0: 3 0x80003ca4 (0x008f4a33) x20 0x0000024e
core   0: 0x80003ca8 (0x99c54b13) xori    s6, a0, -1636
core   0: 3 0x80003ca8 (0x99c54b13) x22 0x27fff99c
core   0: 0x80003cac (0x01dbf4b3) and     s1, s7, t4
core   0: 3 0x80003cac (0x01dbf4b3) x 9 0x00000000
core   0: 0x80003cb0 (0x41acd513) srai    a0, s9, 26
core   0: 3 0x80003cb0 (0x41acd513) x10 0x00000007
core   0: 0x80003cb4 (0x00c634b3) sltu    s1, a2, a2
core   0: 3 0x80003cb4 (0x00c634b3) x 9 0x00000000
core   0: 0x80003cb8 (0x01395593) srli    a1, s2, 19
core   0: 3 0x80003cb8 (0x01395593) x11 0x00001000
core   0: 0x80003cbc (0x01c90d33) add     s10, s2, t3
core   0: 3 0x80003cbc (0x01c90d33) x26 0x801b75f2
core   0: 0x80003cc0 (0x41f3db13) srai    s6, t2, 31
core   0: 3 0x80003cc0 (0x41f3db13) x22 0x00000000
core   0: 0x80003cc4 (0x4e377393) andi    t2, a4, 1251
core   0: 3 0x80003cc4 (0x4e377393) x 7 0x00000460
core   0: 0x80003cc8 (0x01dbf0b3) and     ra, s7, t4
core   0: 3 0x80003cc8 (0x01dbf0b3) x 1 0x00000000
core   0: 0x80003ccc (0xf71d6193) ori     gp, s10, -143
core   0: 3 0x80003ccc (0xf71d6193) x 3 0xfffffff3
core   0: 0x80003cd0 (0x39312a13) slti    s4, sp, 915
core   0: 3 0x80003cd0 (0x39312a13) x20 0x00000001
core   0: 0x80003cd4 (0x002e9e13) slli    t3, t4, 2
core   0: 3 0x80003cd4 (0x002e9e13) x28 0xfffffffc
core   0: 0x80003cd8 (0xbe9ac313) xori    t1, s5, -1047
core   0: 3 0x80003cd8 (0xbe9ac313) x 6 0xfffffbe9
core   0: 0x80003cdc (0x019b7bb3) and     s7, s6, s9
core   0: 3 0x80003cdc (0x019b7bb3) x23 0x00000000
core   0: 0x80003ce0 (0x40c65913) srai    s2, a2, 12
core   0: 3 0x80003ce0 (0x40c65913) x18 0x0007ffeb
core   0: 0x80003ce4 (0xb32a0313) addi    t1, s4, -1230
core   0: 3 0x80003ce4 (0xb32a0313) x 6 0xfffffb33
core   0: 0x80003ce8 (0xd7de8313) addi    t1, t4, -643
core   0: 3 0x80003ce8 (0xd7de8313) x 6 0xfffffd7c
core   0: 0x80003cec (0x40bf02b3) sub     t0, t5, a1
core   0: 3 0x80003cec (0x40bf02b3) x 5 0xfffff24e
core   0: 0x80003cf0 (0x01dc2bb3) slt     s7, s8, t4
core   0: 3 0x80003cf0 (0x01dc2bb3) x23 0x00000000
core   0: 0x80003cf4 (0x001f0533) add     a0, t5, ra
core   0: 3 0x80003cf4 (0x001f0533) x10 0x0000024e
core   0: 0x80003cf8 (0x01d3ed33) or      s10, t2, t4
core   0: 3 0x80003cf8 (0x01d3ed33) x26 0xffffffff
core   0: 0x80003cfc (0x01b30eb3) add     t4, t1, s11
core   0: 3 0x80003cfc (0x01b30eb3) x29 0xfffffd7c
core   0: 0x80003d00 (0x5eb14d93) xori    s11, sp, 1515
core   0: 3 0x80003d00 (0x5eb14d93) x27 0x000005eb
core   0: 0x80003d04 (0x71126313) ori     t1, tp, 1809
core   0: 3 0x80003d04 (0x71126313) x 6 0xff4e9ffd
core   0: 0x80003d08 (0x006543b3) xor     t2, a0, t1
core   0: 3 0x80003d08 (0x006543b3) x 7 0xff4e9db3
core   0: 0x80003d0c (0x00076cb3) or      s9, a4, zero
core   0: 3 0x80003d0c (0x00076cb3) x25 0x80010e64
core   0: 0x80003d10 (0x41af5d13) srai    s10, t5, 26
core   0: 3 0x80003d10 (0x41af5d13) x26 0x00000000
core   0: 0x80003d14 (0x01382ab3) slt     s5, a6, s3
core   0: 3 0x80003d14 (0x01382ab3) x21 0x00000000
core   0: 0x80003d18 (0xdf162693) slti    a3, a2, -527
core   0: 3 0x80003d18 (0xdf162693) x13 0x00000000
core   0: 0x80003d1c (0x006e4133) xor     sp, t3, t1
core   0: 3 0x80003d1c (0x006e4133) x 2 0x00b16001
core   0: 0x80003d20 (0x01e0d693) srli    a3, ra, 30
core   0: 3 0x80003d20 (0x01e0d693) x13 0x00000000
core   0: 0x80003d24 (0x00a396b3) sll     a3, t2, a0
core   0: 3 0x80003d24 (0x00a396b3) x13 0xa76cc000
core   0: 0x80003d28 (0x006f62b3) or      t0, t5, t1
core   0: 3 0x80003d28 (0x006f62b3) x 5 0xff4e9fff
core   0: 0x80003d2c (0x2712e293) ori     t0, t0, 625
core   0: 3 0x80003d2c (0x2712e293) x 5 0xff4e9fff
core   0: 0x80003d30 (0x0013ff33) and     t5, t2, ra
core   0: 3 0x80003d30 (0x0013ff33) x30 0x00000000
core   0: 0x80003d34 (0x00000013) nop
core   0: 3 0x80003d34 (0x00000013)
core   0: 0x80003d38 (0x00f0d933) srl     s2, ra, a5
core   0: 3 0x80003d38 (0x00f0d933) x18 0x00000000
core   0: 0x80003d3c (0x01447b33) and     s6, s0, s4
core   0: 3 0x80003d3c (0x01447b33) x22 0x00000000
core   0: 0x80003d40 (0x01582b33) slt     s6, a6, s5
core   0: 3 0x80003d40 (0x01582b33) x22 0x00000000
core   0: 0x80003d44 (0x01111d33) sll     s10, sp, a7
core   0: 3 0x80003d44 (0x01111d33) x26 0x00b16001
core   0: 0x80003d48 (0x00ee8c33) add     s8, t4, a4
core   0: 3 0x80003d48 (0x00ee8c33) x24 0x80010be0
core   0: 0x80003d4c (0x8fc23d13) sltiu   s10, tp, -1796
core   0: 3 0x80003d4c (0x8fc23d13) x26 0x00000001
core   0: 0x80003d50 (0x00e25c93) srli    s9, tp, 14
core   0: 3 0x80003d50 (0x00e25c93) x25 0x0003fd3a
core   0: 0x80003d54 (0x40ca4593) xori    a1, s4, 1036
core   0: 3 0x80003d54 (0x40ca4593) x11 0x0000040d
core   0: 0x80003d58 (0x00eb3333) sltu    t1, s6, a4
core   0: 3 0x80003d58 (0x00eb3333) x 6 0x00000001
core   0: 0x80003d5c (0x46722993) slti    s3, tp, 1127
core   0: 3 0x80003d5c (0x46722993) x19 0x00000001
core   0: 0x80003d60 (0xae6ab113) sltiu   sp, s5, -1306
core   0: 3 0x80003d60 (0xae6ab113) x 2 0x00000001
core   0: 0x80003d64 (0x013cfbb3) and     s7, s9, s3
core   0: 3 0x80003d64 (0x013cfbb3) x23 0x00000000
core   0: 0x80003d68 (0x2688c093) xori    ra, a7, 616
core   0: 3 0x80003d68 (0x2688c093) x 1 0x00000268
core   0: 0x80003d6c (0x41568e33) sub     t3, a3, s5
core   0: 3 0x80003d6c (0x41568e33) x28 0xa76cc000
core   0: 0x80003d70 (0x009feeb3) or      t4, t6, s1
core   0: 3 0x80003d70 (0x009feeb3) x29 0x80014ce4
core   0: 0x80003d74 (0x0176b333) sltu    t1, a3, s7
core   0: 3 0x80003d74 (0x0176b333) x 6 0x00000000
core   0: 0x80003d78 (0x0127ec33) or      s8, a5, s2
core   0: 3 0x80003d78 (0x0127ec33) x24 0xff4e9b7e
core   0: 0x80003d7c (0x01c25013) srli    zero, tp, 28
core   0: 3 0x80003d7c (0x01c25013)
core   0: 0x80003d80 (0x01a724b3) slt     s1, a4, s10
core   0: 3 0x80003d80 (0x01a724b3) x 9 0x00000001
core   0: 0x80003d84 (0x16483e93) sltiu   t4, a6, 356
core   0: 3 0x80003d84 (0x16483e93) x29 0x00000001
core   0: 0x80003d88 (0x00a863b3) or      t2, a6, a0
core   0: 3 0x80003d88 (0x00a863b3) x 7 0x0000024e
core   0: 0x80003d8c (0x58c0a093) slti    ra, ra, 1420
core   0: 3 0x80003d8c (0x58c0a093) x 1 0x00000001
core   0: 0x80003d90 (0x01501633) sll     a2, zero, s5
core   0: 3 0x80003d90 (0x01501633) x12 0x00000000
core   0: 0x80003d94 (0x00000013) nop
core   0: 3 0x80003d94 (0x00000013)
core   0: 0x80003d98 (0x01c072b3) and     t0, zero, t3
core   0: 3 0x80003d98 (0x01c072b3) x 5 0x00000000
core   0: 0x80003d9c (0x01e8bc33) sltu    s8, a7, t5
core   0: 3 0x80003d9c (0x01e8bc33) x24 0x00000000
core   0: 0x80003da0 (0x23a06f13) ori     t5, zero, 570
core   0: 3 0x80003da0 (0x23a06f13) x30 0x0000023a
core   0: 0x80003da4 (0x40dc5393) srai    t2, s8, 13
core   0: 3 0x80003da4 (0x40dc5393) x 7 0x00000000
core   0: 0x80003da8 (0x41330333) sub     t1, t1, s3
core   0: 3 0x80003da8 (0x41330333) x 6 0xffffffff
core   0: 0x80003dac (0x01d6f833) and     a6, a3, t4
core   0: 3 0x80003dac (0x01d6f833) x16 0x00000000
core   0: 0x80003db0 (0x400ddc33) sra     s8, s11, zero
core   0: 3 0x80003db0 (0x400ddc33) x24 0x000005eb
core   0: 0x80003db4 (0x51380e93) addi    t4, a6, 1299
core   0: 3 0x80003db4 (0x51380e93) x29 0x00000513
core   0: 0x80003db8 (0x5d66ee13) ori     t3, a3, 1494
core   0: 3 0x80003db8 (0x5d66ee13) x28 0xa76cc5d6
core   0: 0x80003dbc (0x006e9c13) slli    s8, t4, 6
core   0: 3 0x80003dbc (0x006e9c13) x24 0x000144c0
core   0: 0x80003dc0 (0x01df5193) srli    gp, t5, 29
core   0: 3 0x80003dc0 (0x01df5193) x 3 0x00000000
core   0: 0x80003dc4 (0xcfe6a193) slti    gp, a3, -770
core   0: 3 0x80003dc4 (0xcfe6a193) x 3 0x00000001
core   0: 0x80003dc8 (0xc7a6b613) sltiu   a2, a3, -902
core   0: 3 0x80003dc8 (0xc7a6b613) x12 0x00000001
core   0: 0x80003dcc (0x01521013) slli    zero, tp, 21
core   0: 3 0x80003dcc (0x01521013)
core   0: 0x80003dd0 (0x01e33cb3) sltu    s9, t1, t5
core   0: 3 0x80003dd0 (0x01e33cb3) x25 0x00000000
core   0: 0x80003dd4 (0x00e71193) slli    gp, a4, 14
core   0: 3 0x80003dd4 (0x00e71193) x 3 0x43990000
core   0: 0x80003dd8 (0xedaaed97) auipc   s11, 0xedaae
core   0: 3 0x80003dd8 (0xedaaed97) x27 0x6dab1dd8
core   0: 0x80003ddc (0xd14e8ab7) lui     s5, 0xd14e8
core   0: 3 0x80003ddc (0xd14e8ab7) x21 0xd14e8000
core   0: 0x80003de0 (0x00659233) sll     tp, a1, t1
core   0: 3 0x80003de0 (0x00659233) x 4 0x80000000
core   0: 0x80003de4 (0x018d6c33) or      s8, s10, s8
core   0: 3 0x80003de4 (0x018d6c33) x24 0x000144c1
core   0: 0x80003de8 (0x01db6a33) or      s4, s6, t4
core   0: 3 0x80003de8 (0x01db6a33) x20 0x00000513
core   0: 0x80003dec (0x01e4c4b3) xor     s1, s1, t5
core   0: 3 0x80003dec (0x01e4c4b3) x 9 0x0000023b
core   0: 0x80003df0 (0x00000013) nop
core   0: 3 0x80003df0 (0x00000013)
core   0: 0x80003df4 (0x2fefb693) sltiu   a3, t6, 766
core   0: 3 0x80003df4 (0x2fefb693) x13 0x00000000
core   0: 0x80003df8 (0x0031e833) or      a6, gp, gp
core   0: 3 0x80003df8 (0x0031e833) x16 0x43990000
core   0: 0x80003dfc (0x00bd03b3) add     t2, s10, a1
core   0: 3 0x80003dfc (0x00bd03b3) x 7 0x0000040e
core   0: 0x80003e00 (0x4026de93) srai    t4, a3, 2
core   0: 3 0x80003e00 (0x4026de93) x29 0x00000000
core   0: 0x80003e04 (0x00a85093) srli    ra, a6, 10
core   0: 3 0x80003e04 (0x00a85093) x 1 0x0010e640
core   0: 0x80003e08 (0x011c2233) slt     tp, s8, a7
core   0: 3 0x80003e08 (0x011c2233) x 4 0x00000000
core   0: 0x80003e0c (0x4112d1b3) sra     gp, t0, a7
core   0: 3 0x80003e0c (0x4112d1b3) x 3 0x00000000
core   0: 0x80003e10 (0x00fe0233) add     tp, t3, a5
core   0: 3 0x80003e10 (0x00fe0233) x 4 0xa6bb6154
core   0: 0x80003e14 (0xb132f393) andi    t2, t0, -1261
core   0: 3 0x80003e14 (0xb132f393) x 7 0x00000000
core   0: 0x80003e18 (0x690d2513) slti    a0, s10, 1680
core   0: 3 0x80003e18 (0x690d2513) x10 0x00000001
core   0: 0x80003e1c (0x008262b3) or      t0, tp, s0
core   0: 3 0x80003e1c (0x008262b3) x 5 0xa6bb6154
core   0: 0x80003e20 (0x008cea33) or      s4, s9, s0
core   0: 3 0x80003e20 (0x008cea33) x20 0x00000000
core   0: 0x80003e24 (0x9fe9cd93) xori    s11, s3, -1538
core   0: 3 0x80003e24 (0x9fe9cd93) x27 0xfffff9ff
core   0: 0x80003e28 (0x41385e33) sra     t3, a6, s3
core   0: 3 0x80003e28 (0x41385e33) x28 0x21cc8000
core   0: 0x80003e2c (0x00c91b93) slli    s7, s2, 12
core   0: 3 0x80003e2c (0x00c91b93) x23 0x00000000
core   0: 0x80003e30 (0x0138e233) or      tp, a7, s3
core   0: 3 0x80003e30 (0x0138e233) x 4 0x00000001
core   0: 0x80003e34 (0xa5f44813) xori    a6, s0, -1441
core   0: 3 0x80003e34 (0xa5f44813) x16 0xfffffa5f
core   0: 0x80003e38 (0x04d6e313) ori     t1, a3, 77
core   0: 3 0x80003e38 (0x04d6e313) x 6 0x0000004d
core   0: 0x80003e3c (0xa7080993) addi    s3, a6, -1424
core   0: 3 0x80003e3c (0xa7080993) x19 0xfffff4cf
core   0: 0x80003e40 (0x41b85213) srai    tp, a6, 27
core   0: 3 0x80003e40 (0x41b85213) x 4 0xffffffff
core   0: 0x80003e44 (0x4190de13) srai    t3, ra, 25
core   0: 3 0x80003e44 (0x4190de13) x28 0x00000000
core   0: 0x80003e48 (0x008d5d93) srli    s11, s10, 8
core   0: 3 0x80003e48 (0x008d5d93) x27 0x00000000
core   0: 0x80003e4c (0xa478b813) sltiu   a6, a7, -1465
core   0: 3 0x80003e4c (0xa478b813) x16 0x00000001
core   0: 0x80003e50 (0x40fcd593) srai    a1, s9, 15
core   0: 3 0x80003e50 (0x40fcd593) x11 0x00000000
core   0: 0x80003e54 (0x0013f233) and     tp, t2, ra
core   0: 3 0x80003e54 (0x0013f233) x 4 0x00000000
core   0: 0x80003e58 (0x408b8233) sub     tp, s7, s0
core   0: 3 0x80003e58 (0x408b8233) x 4 0x00000000
core   0: 0x80003e5c (0x00a9a6b3) slt     a3, s3, a0
core   0: 3 0x80003e5c (0x00a9a6b3) x13 0x00000001
core   0: 0x80003e60 (0x002a9a97) auipc   s5, 0x2a9
core   0: 3 0x80003e60 (0x002a9a97) x21 0x802ace60
core   0: 0x80003e64 (0x00ce50b3) srl     ra, t3, a2
core   0: 3 0x80003e64 (0x00ce50b3) x 1 0x00000000
core   0: 0x80003e68 (0x43ec3913) sltiu   s2, s8, 1086
core   0: 3 0x80003e68 (0x43ec3913) x18 0x00000000
core   0: 0x80003e6c (0x41dc5193) srai    gp, s8, 29
core   0: 3 0x80003e6c (0x41dc5193) x 3 0x00000000
core   0: 0x80003e70 (0x40020c33) sub     s8, tp, zero
core   0: 3 0x80003e70 (0x40020c33) x24 0x00000000
core   0: 0x80003e74 (0x01b5d933) srl     s2, a1, s11
core   0: 3 0x80003e74 (0x01b5d933) x18 0x00000000
core   0: 0x80003e78 (0x017a1d93) slli    s11, s4, 23
core   0: 3 0x80003e78 (0x017a1d93) x27 0x00000000
core   0: 0x80003e7c (0x41d95d93) srai    s11, s2, 29
core   0: 3 0x80003e7c (0x41d95d93) x27 0x00000000
core   0: 0x80003e80 (0x01a31133) sll     sp, t1, s10
core   0: 3 0x80003e80 (0x01a31133) x 2 0x0000009a
core   0: 0x80003e84 (0x00764433) xor     s0, a2, t2
core   0: 3 0x80003e84 (0x00764433) x 8 0x00000001
core   0: 0x80003e88 (0x01affc33) and     s8, t6, s10
core   0: 3 0x80003e88 (0x01affc33) x24 0x00000000
core   0: 0x80003e8c (0x41fc5493) srai    s1, s8, 31
core   0: 3 0x80003e8c (0x41fc5493) x 9 0x00000000
core   0: 0x80003e90 (0xebea4993) xori    s3, s4, -322
core   0: 3 0x80003e90 (0xebea4993) x19 0xfffffebe
core   0: 0x80003e94 (0x00331ab3) sll     s5, t1, gp
core   0: 3 0x80003e94 (0x00331ab3) x21 0x0000004d
core   0: 0x80003e98 (0x0108d333) srl     t1, a7, a6
core   0: 3 0x80003e98 (0x0108d333) x 6 0x00000000
core   0: 0x80003e9c (0xe8d08413) addi    s0, ra, -371
core   0: 3 0x80003e9c (0xe8d08413) x 8 0xfffffe8d
core   0: 0x80003ea0 (0x00f2ef33) or      t5, t0, a5
core   0: 3 0x80003ea0 (0x00f2ef33) x30 0xfffffb7e
core   0: 0x80003ea4 (0x00e1ee33) or      t3, gp, a4
core   0: 3 0x80003ea4 (0x00e1ee33) x28 0x80010e64
core   0: 0x80003ea8 (0xa74d2113) slti    sp, s10, -1420
core   0: 3 0x80003ea8 (0xa74d2113) x 2 0x00000000
core   0: 0x80003eac (0x01335913) srli    s2, t1, 19
core   0: 3 0x80003eac (0x01335913) x18 0x00000000
core   0: 0x80003eb0 (0x0122b1b3) sltu    gp, t0, s2
core   0: 3 0x80003eb0 (0x0122b1b3) x 3 0x00000000
core   0: 0x80003eb4 (0x514f7613) andi    a2, t5, 1300
core   0: 3 0x80003eb4 (0x514f7613) x12 0x00000114
core   0: 0x80003eb8 (0x01a73db3) sltu    s11, a4, s10
core   0: 3 0x80003eb8 (0x01a73db3) x27 0x00000000
core   0: 0x80003ebc (0x498e2137) lui     sp, 0x498e2
core   0: 3 0x80003ebc (0x498e2137) x 2 0x498e2000
core   0: 0x80003ec0 (0x406a5833) sra     a6, s4, t1
core   0: 3 0x80003ec0 (0x406a5833) x16 0x00000000
core   0: 0x80003ec4 (0x40c45c13) srai    s8, s0, 12
core   0: 3 0x80003ec4 (0x40c45c13) x24 0xffffffff
core   0: 0x80003ec8 (0x00000013) nop
core   0: 3 0x80003ec8 (0x00000013)
core   0: 0x80003ecc (0x00e545b3) xor     a1, a0, a4
core   0: 3 0x80003ecc (0x00e545b3) x11 0x80010e65
core   0: 0x80003ed0 (0x011d41b3) xor     gp, s10, a7
core   0: 3 0x80003ed0 (0x011d41b3) x 3 0x00000001
core   0: 0x80003ed4 (0x019f0d33) add     s10, t5, s9
core   0: 3 0x80003ed4 (0x019f0d33) x26 0xfffffb7e
core   0: 0x80003ed8 (0x013a04b3) add     s1, s4, s3
core   0: 3 0x80003ed8 (0x013a04b3) x 9 0xfffffebe
core   0: 0x80003edc (0x067b8013) addi    zero, s7, 103
core   0: 3 0x80003edc (0x067b8013)
core   0: 0x80003ee0 (0x41605213) srai    tp, zero, 22
core   0: 3 0x80003ee0 (0x41605213) x 4 0x00000000
core   0: 0x80003ee4 (0x41225233) sra     tp, tp, s2
core   0: 3 0x80003ee4 (0x41225233) x 4 0x00000000
core   0: 0x80003ee8 (0x00965c13) srli    s8, a2, 9
core   0: 3 0x80003ee8 (0x00965c13) x24 0x00000000
core   0: 0x80003eec (0x9cf2e893) ori     a7, t0, -1585
core   0: 3 0x80003eec (0x9cf2e893) x17 0xfffff9df
core   0: 0x80003ef0 (0xc40ae497) auipc   s1, 0xc40ae
core   0: 3 0x80003ef0 (0xc40ae497) x 9 0x440b1ef0
core   0: 0x80003ef4 (0x00000013) nop
core   0: 3 0x80003ef4 (0x00000013)
core   0: 0x80003ef8 (0xbe016397) auipc   t2, 0xbe016
core   0: 3 0x80003ef8 (0xbe016397) x 7 0x3e019ef8
core   0: 0x80003efc (0x7b08bb13) sltiu   s6, a7, 1968
core   0: 3 0x80003efc (0x7b08bb13) x22 0x00000000
core   0: 0x80003f00 (0x897cab13) slti    s6, s9, -1897
core   0: 3 0x80003f00 (0x897cab13) x22 0x00000000
core   0: 0x80003f04 (0x01c71013) slli    zero, a4, 28
core   0: 3 0x80003f04 (0x01c71013)
core   0: 0x80003f08 (0x35194093) xori    ra, s2, 849
core   0: 3 0x80003f08 (0x35194093) x 1 0x00000351
core   0: 0x80003f0c (0x40d7d1b3) sra     gp, a5, a3
core   0: 3 0x80003f0c (0x40d7d1b3) x 3 0xffa74dbf
core   0: 0x80003f10 (0x0007dc13) srli    s8, a5, 0
core   0: 3 0x80003f10 (0x0007dc13) x24 0xff4e9b7e
core   0: 0x80003f14 (0x01967233) and     tp, a2, s9
core   0: 3 0x80003f14 (0x01967233) x 4 0x00000000
core   0: 0x80003f18 (0x01105113) srli    sp, zero, 17
core   0: 3 0x80003f18 (0x01105113) x 2 0x00000000
core   0: 0x80003f1c (0x401e5493) srai    s1, t3, 1
core   0: 3 0x80003f1c (0x401e5493) x 9 0xc0008732
core   0: 0x80003f20 (0x419b5413) srai    s0, s6, 25
core   0: 3 0x80003f20 (0x419b5413) x 8 0x00000000
core   0: 0x80003f24 (0x41f6d833) sra     a6, a3, t6
core   0: 3 0x80003f24 (0x41f6d833) x16 0x00000000
core   0: 0x80003f28 (0xdfdcd837) lui     a6, 0xdfdcd
core   0: 3 0x80003f28 (0xdfdcd837) x16 0xdfdcd000
core   0: 0x80003f2c (0x01450cb3) add     s9, a0, s4
core   0: 3 0x80003f2c (0x01450cb3) x25 0x00000001
core   0: 0x80003f30 (0x00841d13) slli    s10, s0, 8
core   0: 3 0x80003f30 (0x00841d13) x26 0x00000000
core   0: 0x80003f34 (0x006eef33) or      t5, t4, t1
core   0: 3 0x80003f34 (0x006eef33) x30 0x00000000
core   0: 0x80003f38 (0x2d903313) sltiu   t1, zero, 729
core   0: 3 0x80003f38 (0x2d903313) x 6 0x00000001
core   0: 0x80003f3c (0x70c10217) auipc   tp, 0x70c10
core   0: 3 0x80003f3c (0x70c10217) x 4 0xf0c13f3c
core   0: 0x80003f40 (0x001353b3) srl     t2, t1, ra
core   0: 3 0x80003f40 (0x001353b3) x 7 0x00000000
core   0: 0x80003f44 (0x0037fc33) and     s8, a5, gp
core   0: 3 0x80003f44 (0x0037fc33) x24 0xff06093e
core   0: 0x80003f48 (0x01d7e833) or      a6, a5, t4
core   0: 3 0x80003f48 (0x01d7e833) x16 0xff4e9b7e
core   0: 0x80003f4c (0x4041dd93) srai    s11, gp, 4
core   0: 3 0x80003f4c (0x4041dd93) x27 0xfffa74db
core   0: 0x80003f50 (0x00fad413) srli    s0, s5, 15
core   0: 3 0x80003f50 (0x00fad413) x 8 0x00000000
core   0: 0x80003f54 (0x00000013) nop
core   0: 3 0x80003f54 (0x00000013)
core   0: 0x80003f58 (0x006b5113) srli    sp, s6, 6
core   0: 3 0x80003f58 (0x006b5113) x 2 0x00000000
core   0: 0x80003f5c (0x0111e6b3) or      a3, gp, a7
core   0: 3 0x80003f5c (0x0111e6b3) x13 0xfffffdff
core   0: 0x80003f60 (0x1b376037) lui     zero, 0x1b376
core   0: 3 0x80003f60 (0x1b376037)
core   0: 0x80003f64 (0x28918313) addi    t1, gp, 649
core   0: 3 0x80003f64 (0x28918313) x 6 0xffa75048
core   0: 0x80003f68 (0x01d26b33) or      s6, tp, t4
core   0: 3 0x80003f68 (0x01d26b33) x22 0xf0c13f3c
core   0: 0x80003f6c (0x01e8bcb3) sltu    s9, a7, t5
core   0: 3 0x80003f6c (0x01e8bcb3) x25 0x00000000
core   0: 0x80003f70 (0x005f3433) sltu    s0, t5, t0
core   0: 3 0x80003f70 (0x005f3433) x 8 0x00000001
core   0: 0x80003f74 (0x016d1493) slli    s1, s10, 22
core   0: 3 0x80003f74 (0x016d1493) x 9 0x00000000
core   0: 0x80003f78 (0x007f24b3) slt     s1, t5, t2
core   0: 3 0x80003f78 (0x007f24b3) x 9 0x00000000
core   0: 0x80003f7c (0xdc81f493) andi    s1, gp, -568
core   0: 3 0x80003f7c (0xdc81f493) x 9 0xffa74d88
core   0: 0x80003f80 (0x2dd24513) xori    a0, tp, 733
core   0: 3 0x80003f80 (0x2dd24513) x10 0xf0c13de1
core   0: 0x80003f84 (0x00cbdeb3) srl     t4, s7, a2
core   0: 3 0x80003f84 (0x00cbdeb3) x29 0x00000000
core   0: 0x80003f88 (0xd5724637) lui     a2, 0xd5724
core   0: 3 0x80003f88 (0xd5724637) x12 0xd5724000
core   0: 0x80003f8c (0x6b196e13) ori     t3, s2, 1713
core   0: 3 0x80003f8c (0x6b196e13) x28 0x000006b1
core   0: 0x80003f90 (0xb33d2117) auipc   sp, 0xb33d2
core   0: 3 0x80003f90 (0xb33d2117) x 2 0x333d5f90
core   0: 0x80003f94 (0x00718533) add     a0, gp, t2
core   0: 3 0x80003f94 (0x00718533) x10 0xffa74dbf
core   0: 0x80003f98 (0x0da94c13) xori    s8, s2, 218
core   0: 3 0x80003f98 (0x0da94c13) x24 0x000000da
core   0: 0x80003f9c (0xcca9e513) ori     a0, s3, -822
core   0: 3 0x80003f9c (0xcca9e513) x10 0xfffffefe
core   0: 0x80003fa0 (0x00d60533) add     a0, a2, a3
core   0: 3 0x80003fa0 (0x00d60533) x10 0xd5723dff
core   0: 0x80003fa4 (0x01923433) sltu    s0, tp, s9
core   0: 3 0x80003fa4 (0x01923433) x 8 0x00000000
core   0: 0x80003fa8 (0x37edbc93) sltiu   s9, s11, 894
core   0: 3 0x80003fa8 (0x37edbc93) x25 0x00000000
core   0: 0x80003fac (0xf3f47113) andi    sp, s0, -193
core   0: 3 0x80003fac (0xf3f47113) x 2 0x00000000
core   0: 0x80003fb0 (0x00ce5bb3) srl     s7, t3, a2
core   0: 3 0x80003fb0 (0x00ce5bb3) x23 0x000006b1
core   0: 0x80003fb4 (0x00000013) nop
core   0: 3 0x80003fb4 (0x00000013)
core   0: 0x80003fb8 (0x00121f33) sll     t5, tp, ra
core   0: 3 0x80003fb8 (0x00121f33) x30 0x7e780000
core   0: 0x80003fbc (0xbca87bb7) lui     s7, 0xbca87
core   0: 3 0x80003fbc (0xbca87bb7) x23 0xbca87000
core   0: 0x80003fc0 (0x402b05b3) sub     a1, s6, sp
core   0: 3 0x80003fc0 (0x402b05b3) x11 0xf0c13f3c
core   0: 0x80003fc4 (0x0006acb3) slt     s9, a3, zero
core   0: 3 0x80003fc4 (0x0006acb3) x25 0x00000001
core   0: 0x80003fc8 (0x013273b3) and     t2, tp, s3
core   0: 3 0x80003fc8 (0x013273b3) x 7 0xf0c13e3c
core   0: 0x80003fcc (0x41f65413) srai    s0, a2, 31
core   0: 3 0x80003fcc (0x41f65413) x 8 0xffffffff
core   0: 0x80003fd0 (0x00e59db3) sll     s11, a1, a4
core   0: 3 0x80003fd0 (0x00e59db3) x27 0x0c13f3c0
core   0: 0x80003fd4 (0x8c9afd13) andi    s10, s5, -1847
core   0: 3 0x80003fd4 (0x8c9afd13) x26 0x00000049
core   0: 0x80003fd8 (0x329c0d13) addi    s10, s8, 809
core   0: 3 0x80003fd8 (0x329c0d13) x26 0x00000403
core   0: 0x80003fdc (0x00c99d93) slli    s11, s3, 12
core   0: 3 0x80003fdc (0x00c99d93) x27 0xffebe000
core   0: 0x80003fe0 (0x00964233) xor     tp, a2, s1
core   0: 3 0x80003fe0 (0x00964233) x 4 0x2ad50d88
core   0: 0x80003fe4 (0x01a90933) add     s2, s2, s10
core   0: 3 0x80003fe4 (0x01a90933) x18 0x00000403
core   0: 0x80003fe8 (0x00008933) add     s2, ra, zero
core   0: 3 0x80003fe8 (0x00008933) x18 0x00000351
core   0: 0x80003fec (0x00fd2133) slt     sp, s10, a5
core   0: 3 0x80003fec (0x00fd2133) x 2 0x00000000
core   0: 0x80003ff0 (0x000479b3) and     s3, s0, zero
core   0: 3 0x80003ff0 (0x000479b3) x19 0x00000000
core   0: 0x80003ff4 (0x754c0313) addi    t1, s8, 1876
core   0: 3 0x80003ff4 (0x754c0313) x 6 0x0000082e
core   0: 0x80003ff8 (0x00000013) nop
core   0: 3 0x80003ff8 (0x00000013)
core   0: 0x80003ffc (0x00000013) nop
core   0: 3 0x80003ffc (0x00000013)
core   0: 0x80004000 (0x41735d33) sra     s10, t1, s7
core   0: 3 0x80004000 (0x41735d33) x26 0x0000082e
core   0: 0x80004004 (0x417cd293) srai    t0, s9, 23
core   0: 3 0x80004004 (0x417cd293) x 5 0x00000000
core   0: 0x80004008 (0x019f63b3) or      t2, t5, s9
core   0: 3 0x80004008 (0x019f63b3) x 7 0x7e780001
core   0: 0x8000400c (0x6a492813) slti    a6, s2, 1700
core   0: 3 0x8000400c (0x6a492813) x16 0x00000001
core   0: 0x80004010 (0x3afb6893) ori     a7, s6, 943
core   0: 3 0x80004010 (0x3afb6893) x17 0xf0c13fbf
core   0: 0x80004014 (0x0020aeb3) slt     t4, ra, sp
core   0: 3 0x80004014 (0x0020aeb3) x29 0x00000000
core   0: 0x80004018 (0x000a2bb3) slt     s7, s4, zero
core   0: 3 0x80004018 (0x000a2bb3) x23 0x00000000
core   0: 0x8000401c (0x01b40133) add     sp, s0, s11
core   0: 3 0x8000401c (0x01b40133) x 2 0xffebdfff
core   0: 0x80004020 (0x68e5b8b7) lui     a7, 0x68e5b
core   0: 3 0x80004020 (0x68e5b8b7) x17 0x68e5b000
core   0: 0x80004024 (0x01c81213) slli    tp, a6, 28
core   0: 3 0x80004024 (0x01c81213) x 4 0x10000000
core   0: 0x80004028 (0x01c91213) slli    tp, s2, 28
core   0: 3 0x80004028 (0x01c91213) x 4 0x10000000
core   0: 0x8000402c (0x41c152b3) sra     t0, sp, t3
core   0: 3 0x8000402c (0x41c152b3) x 5 0xfffffff5
core   0: 0x80004030 (0x00d70ab3) add     s5, a4, a3
core   0: 3 0x80004030 (0x00d70ab3) x21 0x80010c63
core   0: 0x80004034 (0x40125f33) sra     t5, tp, ra
core   0: 3 0x80004034 (0x40125f33) x30 0x00000800
core   0: 0x80004038 (0x000da5b3) slt     a1, s11, zero
core   0: 3 0x80004038 (0x000da5b3) x11 0x00000001
core   0: 0x8000403c (0x013a90b3) sll     ra, s5, s3
core   0: 3 0x8000403c (0x013a90b3) x 1 0x80010c63
core   0: 0x80004040 (0x009c5a93) srli    s5, s8, 9
core   0: 3 0x80004040 (0x009c5a93) x21 0x00000000
core   0: 0x80004044 (0x008f9c13) slli    s8, t6, 8
core   0: 3 0x80004044 (0x008f9c13) x24 0x014ce400
core   0: 0x80004048 (0x00000013) nop
core   0: 3 0x80004048 (0x00000013)
core   0: 0x8000404c (0x40cf5233) sra     tp, t5, a2
core   0: 3 0x8000404c (0x40cf5233) x 4 0x00000800
core   0: 0x80004050 (0x0011bdb3) sltu    s11, gp, ra
core   0: 3 0x80004050 (0x0011bdb3) x27 0x00000000
core   0: 0x80004054 (0x400386b3) sub     a3, t2, zero
core   0: 3 0x80004054 (0x400386b3) x13 0x7e780001
core   0: 0x80004058 (0x00e29db3) sll     s11, t0, a4
core   0: 3 0x80004058 (0x00e29db3) x27 0xffffff50
core   0: 0x8000405c (0x688d7293) andi    t0, s10, 1672
core   0: 3 0x8000405c (0x688d7293) x 5 0x00000008
core   0: 0x80004060 (0x7496ad17) auipc   s10, 0x7496a
core   0: 3 0x80004060 (0x7496ad17) x26 0xf496e060
core   0: 0x80004064 (0x0343b497) auipc   s1, 0x343b
core   0: 3 0x80004064 (0x0343b497) x 9 0x8343f064
core   0: 0x80004068 (0x00ddd313) srli    t1, s11, 13
core   0: 3 0x80004068 (0x00ddd313) x 6 0x0007ffff
core   0: 0x8000406c (0x011b9633) sll     a2, s7, a7
core   0: 3 0x8000406c (0x011b9633) x12 0x00000000
core   0: 0x80004070 (0x41be84b3) sub     s1, t4, s11
core   0: 3 0x80004070 (0x41be84b3) x 9 0x000000b0
core   0: 0x80004074 (0x54da2e93) slti    t4, s4, 1357
core   0: 3 0x80004074 (0x54da2e93) x29 0x00000001
core   0: 0x80004078 (0x74883eb7) lui     t4, 0x74883
core   0: 3 0x80004078 (0x74883eb7) x29 0x74883000
core   0: 0x8000407c (0x30deaa93) slti    s5, t4, 781
core   0: 3 0x8000407c (0x30deaa93) x21 0x00000000
core   0: 0x80004080 (0x006980b3) add     ra, s3, t1
core   0: 3 0x80004080 (0x006980b3) x 1 0x0007ffff
core   0: 0x80004084 (0x40dd83b3) sub     t2, s11, a3
core   0: 3 0x80004084 (0x40dd83b3) x 7 0x8187ff4f
core   0: 0x80004088 (0x38464837) lui     a6, 0x38464
core   0: 3 0x80004088 (0x38464837) x16 0x38464000
core   0: 0x8000408c (0xee5e2613) slti    a2, t3, -283
core   0: 3 0x8000408c (0xee5e2613) x12 0x00000000
core   0: 0x80004090 (0x014c3933) sltu    s2, s8, s4
core   0: 3 0x80004090 (0x014c3933) x18 0x00000000
core   0: 0x80004094 (0x954836b7) lui     a3, 0x95483
core   0: 3 0x80004094 (0x954836b7) x13 0x95483000
core   0: 0x80004098 (0x4168d933) sra     s2, a7, s6
core   0: 3 0x80004098 (0x4168d933) x18 0x00000006
core   0: 0x8000409c (0xba1e7a13) andi    s4, t3, -1119
core   0: 3 0x8000409c (0xba1e7a13) x20 0x000002a1
core   0: 0x800040a0 (0x00000013) nop
core   0: 3 0x800040a0 (0x00000013)
core   0: 0x800040a4 (0xe287b193) sltiu   gp, a5, -472
core   0: 3 0x800040a4 (0xe287b193) x 3 0x00000001
core   0: 0x800040a8 (0x40c40ab3) sub     s5, s0, a2
core   0: 3 0x800040a8 (0x40c40ab3) x21 0xffffffff
core   0: 0x800040ac (0x403a0633) sub     a2, s4, gp
core   0: 3 0x800040ac (0x403a0633) x12 0x000002a0
core   0: 0x800040b0 (0x881ff693) andi    a3, t6, -1919
core   0: 3 0x800040b0 (0x881ff693) x13 0x80014880
core   0: 0x800040b4 (0x6bc0e513) ori     a0, ra, 1724
core   0: 3 0x800040b4 (0x6bc0e513) x10 0x0007ffff
core   0: 0x800040b8 (0x00493033) sltu    zero, s2, tp
core   0: 3 0x800040b8 (0x00493033)
core   0: 0x800040bc (0x01d6b233) sltu    tp, a3, t4
core   0: 3 0x800040bc (0x01d6b233) x 4 0x00000000
core   0: 0x800040c0 (0x00000013) nop
core   0: 3 0x800040c0 (0x00000013)
core   0: 0x800040c4 (0x41950f33) sub     t5, a0, s9
core   0: 3 0x800040c4 (0x41950f33) x30 0x0007fffe
core   0: 0x800040c8 (0x09444213) xori    tp, s0, 148
core   0: 3 0x800040c8 (0x09444213) x 4 0xffffff6b
core   0: 0x800040cc (0x517d8513) addi    a0, s11, 1303
core   0: 3 0x800040cc (0x517d8513) x10 0x00000467
core   0: 0x800040d0 (0x418dd433) sra     s0, s11, s8
core   0: 3 0x800040d0 (0x418dd433) x 8 0xffffff50
core   0: 0x800040d4 (0x0004f6b3) and     a3, s1, zero
core   0: 3 0x800040d4 (0x0004f6b3) x13 0x00000000
core   0: 0x800040d8 (0x65848413) addi    s0, s1, 1624
core   0: 3 0x800040d8 (0x65848413) x 8 0x00000708
core   0: 0x800040dc (0xd31c3693) sltiu   a3, s8, -719
core   0: 3 0x800040dc (0xd31c3693) x13 0x00000001
core   0: 0x800040e0 (0xe6b26eb7) lui     t4, 0xe6b26
core   0: 3 0x800040e0 (0xe6b26eb7) x29 0xe6b26000
core   0: 0x800040e4 (0x2aa4cc93) xori    s9, s1, 682
core   0: 3 0x800040e4 (0x2aa4cc93) x25 0x0000021a
core   0: 0x800040e8 (0xde1af313) andi    t1, s5, -543
core   0: 3 0x800040e8 (0xde1af313) x 6 0xfffffde1
core   0: 0x800040ec (0x00e8d533) srl     a0, a7, a4
core   0: 3 0x800040ec (0x00e8d533) x10 0x068e5b00
core   0: 0x800040f0 (0x003a5193) srli    gp, s4, 3
core   0: 3 0x800040f0 (0x003a5193) x 3 0x00000054
core   0: 0x800040f4 (0x0037ddb3) srl     s11, a5, gp
core   0: 3 0x800040f4 (0x0037ddb3) x27 0x00000ff4
core   0: 0x800040f8 (0x011fabb3) slt     s7, t6, a7
core   0: 3 0x800040f8 (0x011fabb3) x23 0x00000001
core   0: 0x800040fc (0x00163cb3) sltu    s9, a2, ra
core   0: 3 0x800040fc (0x00163cb3) x25 0x00000001
core   0: 0x80004100 (0xeedd1017) auipc   zero, 0xeedd1
core   0: 3 0x80004100 (0xeedd1017)
core   0: 0x80004104 (0x01197033) and     zero, s2, a7
core   0: 3 0x80004104 (0x01197033)
core   0: 0x80004108 (0x012f5b33) srl     s6, t5, s2
core   0: 3 0x80004108 (0x012f5b33) x22 0x00001fff
core   0: 0x8000410c (0x01b822b3) slt     t0, a6, s11
core   0: 3 0x8000410c (0x01b822b3) x 5 0x00000000
core   0: 0x80004110 (0x001a88b3) add     a7, s5, ra
core   0: 3 0x80004110 (0x001a88b3) x17 0x0007fffe
core   0: 0x80004114 (0x00b68633) add     a2, a3, a1
core   0: 3 0x80004114 (0x00b68633) x12 0x00000002
core   0: 0x80004118 (0x91fb7193) andi    gp, s6, -1761
core   0: 3 0x80004118 (0x91fb7193) x 3 0x0000191f
core   0: 0x8000411c (0x41595593) srai    a1, s2, 21
core   0: 3 0x8000411c (0x41595593) x11 0x00000000
core   0: 0x80004120 (0x01b1d193) srli    gp, gp, 27
core   0: 3 0x80004120 (0x01b1d193) x 3 0x00000000
core   0: 0x80004124 (0xe5ac9117) auipc   sp, 0xe5ac9
core   0: 3 0x80004124 (0xe5ac9117) x 2 0x65acd124
core   0: 0x80004128 (0x00949333) sll     t1, s1, s1
core   0: 3 0x80004128 (0x00949333) x 6 0x00b00000
core   0: 0x8000412c (0x48bd7b13) andi    s6, s10, 1163
core   0: 3 0x8000412c (0x48bd7b13) x22 0x00000000
core   0: 0x80004130 (0x00000013) nop
core   0: 3 0x80004130 (0x00000013)
core   0: 0x80004134 (0x0073bdb3) sltu    s11, t2, t2
core   0: 3 0x80004134 (0x0073bdb3) x27 0x00000000
core   0: 0x80004138 (0x00710eb3) add     t4, sp, t2
core   0: 3 0x80004138 (0x00710eb3) x29 0xe734d073
core   0: 0x8000413c (0x40055813) srai    a6, a0, 0
core   0: 3 0x8000413c (0x40055813) x16 0x068e5b00
core   0: 0x80004140 (0x41e5de13) srai    t3, a1, 30
core   0: 3 0x80004140 (0x41e5de13) x28 0x00000000
core   0: 0x80004144 (0x01b88333) add     t1, a7, s11
core   0: 3 0x80004144 (0x01b88333) x 6 0x0007fffe
core   0: 0x80004148 (0x005c1eb3) sll     t4, s8, t0
core   0: 3 0x80004148 (0x005c1eb3) x29 0x014ce400
core   0: 0x8000414c (0x391eb193) sltiu   gp, t4, 913
core   0: 3 0x8000414c (0x391eb193) x 3 0x00000000
core   0: 0x80004150 (0x8660e593) ori     a1, ra, -1946
core   0: 3 0x80004150 (0x8660e593) x11 0xffffffff
core   0: 0x80004154 (0x9a7cecb7) lui     s9, 0x9a7ce
core   0: 3 0x80004154 (0x9a7cecb7) x25 0x9a7ce000
core   0: 0x80004158 (0xc03c2193) slti    gp, s8, -1021
core   0: 3 0x80004158 (0xc03c2193) x 3 0x00000000
core   0: 0x8000415c (0xd647f813) andi    a6, a5, -668
core   0: 3 0x8000415c (0xd647f813) x16 0xff4e9964
core   0: 0x80004160 (0x0020c933) xor     s2, ra, sp
core   0: 3 0x80004160 (0x0020c933) x18 0x65ab2edb
core   0: 0x80004164 (0x0019e633) or      a2, s3, ra
core   0: 3 0x80004164 (0x0019e633) x12 0x0007ffff
core   0: 0x80004168 (0x20de4613) xori    a2, t3, 525
core   0: 3 0x80004168 (0x20de4613) x12 0x0000020d
core   0: 0x8000416c (0x513dc693) xori    a3, s11, 1299
core   0: 3 0x8000416c (0x513dc693) x13 0x00000513
core   0: 0x80004170 (0x00d5b333) sltu    t1, a1, a3
core   0: 3 0x80004170 (0x00d5b333) x 6 0x00000000
core   0: 0x80004174 (0x016068b3) or      a7, zero, s6
core   0: 3 0x80004174 (0x016068b3) x17 0x00000000
core   0: 0x80004178 (0x0523f313) andi    t1, t2, 82
core   0: 3 0x80004178 (0x0523f313) x 6 0x00000042
core   0: 0x8000417c (0xa4946313) ori     t1, s0, -1463
core   0: 3 0x8000417c (0xa4946313) x 6 0xffffff49
core   0: 0x80004180 (0x00f643b3) xor     t2, a2, a5
core   0: 3 0x80004180 (0x00f643b3) x 7 0xff4e9973
core   0: 0x80004184 (0xacccf217) auipc   tp, 0xacccf
core   0: 3 0x80004184 (0xacccf217) x 4 0x2ccd3184
core   0: 0x80004188 (0xeafd0813) addi    a6, s10, -337
core   0: 3 0x80004188 (0xeafd0813) x16 0xf496df0f
core   0: 0x8000418c (0x016a3cb3) sltu    s9, s4, s6
core   0: 3 0x8000418c (0x016a3cb3) x25 0x00000000
core   0: 0x80004190 (0x00704233) xor     tp, zero, t2
core   0: 3 0x80004190 (0x00704233) x 4 0xff4e9973
core   0: 0x80004194 (0x01730133) add     sp, t1, s7
core   0: 3 0x80004194 (0x01730133) x 2 0xffffff4a
core   0: 0x80004198 (0x407452b3) sra     t0, s0, t2
core   0: 3 0x80004198 (0x407452b3) x 5 0x00000000
core   0: 0x8000419c (0xe1741f37) lui     t5, 0xe1741
core   0: 3 0x8000419c (0xe1741f37) x30 0xe1741000
core   0: 0x800041a0 (0xc3092693) slti    a3, s2, -976
core   0: 3 0x800041a0 (0xc3092693) x13 0x00000000
core   0: 0x800041a4 (0x41638bb3) sub     s7, t2, s6
core   0: 3 0x800041a4 (0x41638bb3) x23 0xff4e9973
core   0: 0x800041a8 (0xb06502b7) lui     t0, 0xb0650
core   0: 3 0x800041a8 (0xb06502b7) x 5 0xb0650000
core   0: 0x800041ac (0x015a9b13) slli    s6, s5, 21
core   0: 3 0x800041ac (0x015a9b13) x22 0xffe00000
core   0: 0x800041b0 (0x01edf833) and     a6, s11, t5
core   0: 3 0x800041b0 (0x01edf833) x16 0x00000000
core   0: 0x800041b4 (0x00bcd333) srl     t1, s9, a1
core   0: 3 0x800041b4 (0x00bcd333) x 6 0x00000000
core   0: 0x800041b8 (0x009b2e33) slt     t3, s6, s1
core   0: 3 0x800041b8 (0x009b2e33) x28 0x00000001
core   0: 0x800041bc (0x00cc21b3) slt     gp, s8, a2
core   0: 3 0x800041bc (0x00cc21b3) x 3 0x00000000
core   0: 0x800041c0 (0x016e6cb3) or      s9, t3, s6
core   0: 3 0x800041c0 (0x016e6cb3) x25 0xffe00001
core   0: 0x800041c4 (0x01c876b3) and     a3, a6, t3
core   0: 3 0x800041c4 (0x01c876b3) x13 0x00000000
core   0: 0x800041c8 (0x00a50633) add     a2, a0, a0
core   0: 3 0x800041c8 (0x00a50633) x12 0x0d1cb600
core   0: 0x800041cc (0x01348f33) add     t5, s1, s3
core   0: 3 0x800041cc (0x01348f33) x30 0x000000b0
core   0: 0x800041d0 (0xb101ea13) ori     s4, gp, -1264
core   0: 3 0x800041d0 (0xb101ea13) x20 0xfffffb10
core   0: 0x800041d4 (0x010e7bb3) and     s7, t3, a6
core   0: 3 0x800041d4 (0x010e7bb3) x23 0x00000000
core   0: 0x800041d8 (0x01778eb3) add     t4, a5, s7
core   0: 3 0x800041d8 (0x01778eb3) x29 0xff4e9b7e
core   0: 0x800041dc (0x402c0ab3) sub     s5, s8, sp
core   0: 3 0x800041dc (0x402c0ab3) x21 0x014ce4b6
core   0: 0x800041e0 (0x01713a33) sltu    s4, sp, s7
core   0: 3 0x800041e0 (0x01713a33) x20 0x00000000
core   0: 0x800041e4 (0x58962993) slti    s3, a2, 1417
core   0: 3 0x800041e4 (0x58962993) x19 0x00000000
core   0: 0x800041e8 (0x45fe0b93) addi    s7, t3, 1119
core   0: 3 0x800041e8 (0x45fe0b93) x23 0x00000460
core   0: 0x800041ec (0x34266013) ori     zero, a2, 834
core   0: 3 0x800041ec (0x34266013)
core   0: 0x800041f0 (0x00113ab3) sltu    s5, sp, ra
core   0: 3 0x800041f0 (0x00113ab3) x21 0x00000000
core   0: 0x800041f4 (0x41f40633) sub     a2, s0, t6
core   0: 3 0x800041f4 (0x41f40633) x12 0x7ffeba24
core   0: 0x800041f8 (0x41b6dc93) srai    s9, a3, 27
core   0: 3 0x800041f8 (0x41b6dc93) x25 0x00000000
core   0: 0x800041fc (0x00000013) nop
core   0: 3 0x800041fc (0x00000013)
core   0: 0x80004200 (0x00aebab3) sltu    s5, t4, a0
core   0: 3 0x80004200 (0x00aebab3) x21 0x00000000
core   0: 0x80004204 (0x0100d9b3) srl     s3, ra, a6
core   0: 3 0x80004204 (0x0100d9b3) x19 0x0007ffff
core   0: 0x80004208 (0x00000013) nop
core   0: 3 0x80004208 (0x00000013)
core   0: 0x8000420c (0x41705393) srai    t2, zero, 23
core   0: 3 0x8000420c (0x41705393) x 7 0x00000000
core   0: 0x80004210 (0xc8134913) xori    s2, t1, -895
core   0: 3 0x80004210 (0xc8134913) x18 0xfffffc81
core   0: 0x80004214 (0x59d40993) addi    s3, s0, 1437
core   0: 3 0x80004214 (0x59d40993) x19 0x00000ca5
core   0: 0x80004218 (0x001914b3) sll     s1, s2, ra
core   0: 3 0x80004218 (0x001914b3) x 9 0x80000000
core   0: 0x8000421c (0x46463097) auipc   ra, 0x46463
core   0: 3 0x8000421c (0x46463097) x 1 0xc646721c
core   0: 0x80004220 (0x01aab633) sltu    a2, s5, s10
core   0: 3 0x80004220 (0x01aab633) x12 0x00000001
core   0: 0x80004224 (0x2f04cb13) xori    s6, s1, 752
core   0: 3 0x80004224 (0x2f04cb13) x22 0x800002f0
core   0: 0x80004228 (0x9a3ef537) lui     a0, 0x9a3ef
core   0: 3 0x80004228 (0x9a3ef537) x10 0x9a3ef000
core   0: 0x8000422c (0x70436993) ori     s3, t1, 1796
core   0: 3 0x8000422c (0x70436993) x19 0x00000704
core   0: 0x80004230 (0x64837813) andi    a6, t1, 1608
core   0: 3 0x80004230 (0x64837813) x16 0x00000000
core   0: 0x80004234 (0x01f943b3) xor     t2, s2, t6
core   0: 3 0x80004234 (0x01f943b3) x 7 0x7ffeb065
core   0: 0x80004238 (0x6b37f393) andi    t2, a5, 1715
core   0: 3 0x80004238 (0x6b37f393) x 7 0x00000232
core   0: 0x8000423c (0x01cc15b3) sll     a1, s8, t3
core   0: 3 0x8000423c (0x01cc15b3) x11 0x0299c800
core   0: 0x80004240 (0x01397db3) and     s11, s2, s3
core   0: 3 0x80004240 (0x01397db3) x27 0x00000400
core   0: 0x80004244 (0xae358997) auipc   s3, 0xae358
core   0: 3 0x80004244 (0xae358997) x19 0x2e35c244
core   0: 0x80004248 (0x006b93b3) sll     t2, s7, t1
core   0: 3 0x80004248 (0x006b93b3) x 7 0x00000460
core   0: 0x8000424c (0xf43462b7) lui     t0, 0xf4346
core   0: 3 0x8000424c (0xf43462b7) x 5 0xf4346000
core   0: 0x80004250 (0x4214cd13) xori    s10, s1, 1057
core   0: 3 0x80004250 (0x4214cd13) x26 0x80000421
core   0: 0x80004254 (0x00c396b3) sll     a3, t2, a2
core   0: 3 0x80004254 (0x00c396b3) x13 0x000008c0
core   0: 0x80004258 (0x01f2b133) sltu    sp, t0, t6
core   0: 3 0x80004258 (0x01f2b133) x 2 0x00000000
core   0: 0x8000425c (0xd4f07b13) andi    s6, zero, -689
core   0: 3 0x8000425c (0xd4f07b13) x22 0x00000000
core   0: 0x80004260 (0x009e8c33) add     s8, t4, s1
core   0: 3 0x80004260 (0x009e8c33) x24 0x7f4e9b7e
core   0: 0x80004264 (0x0129dd13) srli    s10, s3, 18
core   0: 3 0x80004264 (0x0129dd13) x26 0x00000b8d
core   0: 0x80004268 (0x00077433) and     s0, a4, zero
core   0: 3 0x80004268 (0x00077433) x 8 0x00000000
core   0: 0x8000426c (0x01617f33) and     t5, sp, s6
core   0: 3 0x8000426c (0x01617f33) x30 0x00000000
core   0: 0x80004270 (0x01f15933) srl     s2, sp, t6
core   0: 3 0x80004270 (0x01f15933) x18 0x00000000
core   0: 0x80004274 (0x0176c5b3) xor     a1, a3, s7
core   0: 3 0x80004274 (0x0176c5b3) x11 0x00000ca0
core   0: 0x80004278 (0x00a68f33) add     t5, a3, a0
core   0: 3 0x80004278 (0x00a68f33) x30 0x9a3ef8c0
core   0: 0x8000427c (0x0146c5b3) xor     a1, a3, s4
core   0: 3 0x8000427c (0x0146c5b3) x11 0x000008c0
core   0: 0x80004280 (0x00ad9833) sll     a6, s11, a0
core   0: 3 0x80004280 (0x00ad9833) x16 0x00000400
core   0: 0x80004284 (0x402f5533) sra     a0, t5, sp
core   0: 3 0x80004284 (0x402f5533) x10 0x9a3ef8c0
core   0: 0x80004288 (0x003a5c93) srli    s9, s4, 3
core   0: 3 0x80004288 (0x003a5c93) x25 0x00000000
core   0: 0x8000428c (0x00551f13) slli    t5, a0, 5
core   0: 3 0x8000428c (0x00551f13) x30 0x47df1800
core   0: 0x80004290 (0x41f90533) sub     a0, s2, t6
core   0: 3 0x80004290 (0x41f90533) x10 0x7ffeb31c
core   0: 0x80004294 (0xd8bc8913) addi    s2, s9, -629
core   0: 3 0x80004294 (0xd8bc8913) x18 0xfffffd8b
core   0: 0x80004298 (0xe2bb0893) addi    a7, s6, -469
core   0: 3 0x80004298 (0xe2bb0893) x17 0xfffffe2b
core   0: 0x8000429c (0x01645f13) srli    t5, s0, 22
core   0: 3 0x8000429c (0x01645f13) x30 0x00000000
core   0: 0x800042a0 (0x01a86633) or      a2, a6, s10
core   0: 3 0x800042a0 (0x01a86633) x12 0x00000f8d
core   0: 0x800042a4 (0xd1a9dab7) lui     s5, 0xd1a9d
core   0: 3 0x800042a4 (0xd1a9dab7) x21 0xd1a9d000
core   0: 0x800042a8 (0x00ae68b3) or      a7, t3, a0
core   0: 3 0x800042a8 (0x00ae68b3) x17 0x7ffeb31d
core   0: 0x800042ac (0x0ba76313) ori     t1, a4, 186
core   0: 3 0x800042ac (0x0ba76313) x 6 0x80010efe
core   0: 0x800042b0 (0x003dcf33) xor     t5, s11, gp
core   0: 3 0x800042b0 (0x003dcf33) x30 0x00000400
core   0: 0x800042b4 (0x6a0a0e13) addi    t3, s4, 1696
core   0: 3 0x800042b4 (0x6a0a0e13) x28 0x000006a0
core   0: 0x800042b8 (0x4ae55837) lui     a6, 0x4ae55
core   0: 3 0x800042b8 (0x4ae55837) x16 0x4ae55000
core   0: 0x800042bc (0x00000013) nop
core   0: 3 0x800042bc (0x00000013)
core   0: 0x800042c0 (0x92cb59b7) lui     s3, 0x92cb5
core   0: 3 0x800042c0 (0x92cb59b7) x19 0x92cb5000
core   0: 0x800042c4 (0x1f95ed13) ori     s10, a1, 505
core   0: 3 0x800042c4 (0x1f95ed13) x26 0x000009f9
core   0: 0x800042c8 (0x06bdbe13) sltiu   t3, s11, 107
core   0: 3 0x800042c8 (0x06bdbe13) x28 0x00000000
core   0: 0x800042cc (0x0025bcb3) sltu    s9, a1, sp
core   0: 3 0x800042cc (0x0025bcb3) x25 0x00000000
core   0: 0x800042d0 (0x38e1ff13) andi    t5, gp, 910
core   0: 3 0x800042d0 (0x38e1ff13) x30 0x00000000
core   0: 0x800042d4 (0xc5267eb7) lui     t4, 0xc5267
core   0: 3 0x800042d4 (0xc5267eb7) x29 0xc5267000
core   0: 0x800042d8 (0xce7ab037) lui     zero, 0xce7ab
core   0: 3 0x800042d8 (0xce7ab037)
core   0: 0x800042dc (0x01839293) slli    t0, t2, 24
core   0: 3 0x800042dc (0x01839293) x 5 0x60000000
core   0: 0x800042e0 (0x9c0cf313) andi    t1, s9, -1600
core   0: 3 0x800042e0 (0x9c0cf313) x 6 0x00000000
core   0: 0x800042e4 (0x01c41d13) slli    s10, s0, 28
core   0: 3 0x800042e4 (0x01c41d13) x26 0x00000000
core   0: 0x800042e8 (0xa7f2b513) sltiu   a0, t0, -1409
core   0: 3 0x800042e8 (0xa7f2b513) x10 0x00000001
core   0: 0x800042ec (0xf502b637) lui     a2, 0xf502b
core   0: 3 0x800042ec (0xf502b637) x12 0xf502b000
core   0: 0x800042f0 (0x014f19b3) sll     s3, t5, s4
core   0: 3 0x800042f0 (0x014f19b3) x19 0x00000000
core   0: 0x800042f4 (0x013988b3) add     a7, s3, s3
core   0: 3 0x800042f4 (0x013988b3) x17 0x00000000
core   0: 0x800042f8 (0x01a559b3) srl     s3, a0, s10
core   0: 3 0x800042f8 (0x01a559b3) x19 0x00000001
core   0: 0x800042fc (0x40da5533) sra     a0, s4, a3
core   0: 3 0x800042fc (0x40da5533) x10 0x00000000
core   0: 0x80004300 (0xf232ad93) slti    s11, t0, -221
core   0: 3 0x80004300 (0xf232ad93) x27 0x00000000
core   0: 0x80004304 (0x41595933) sra     s2, s2, s5
core   0: 3 0x80004304 (0x41595933) x18 0xfffffd8b
core   0: 0x80004308 (0x012a5b13) srli    s6, s4, 18
core   0: 3 0x80004308 (0x012a5b13) x22 0x00000000
core   0: 0x8000430c (0x017f44b3) xor     s1, t5, s7
core   0: 3 0x8000430c (0x017f44b3) x 9 0x00000460
core   0: 0x80004310 (0x120dbd93) sltiu   s11, s11, 288
core   0: 3 0x80004310 (0x120dbd93) x27 0x00000001
core   0: 0x80004314 (0xa04f6893) ori     a7, t5, -1532
core   0: 3 0x80004314 (0xa04f6893) x17 0xfffffa04
core   0: 0x80004318 (0x0166df13) srli    t5, a3, 22
core   0: 3 0x80004318 (0x0166df13) x30 0x00000000
core   0: 0x8000431c (0x010c3c33) sltu    s8, s8, a6
core   0: 3 0x8000431c (0x010c3c33) x24 0x00000000
core   0: 0x80004320 (0x01ae8333) add     t1, t4, s10
core   0: 3 0x80004320 (0x01ae8333) x 6 0xc5267000
core   0: 0x80004324 (0xab456393) ori     t2, a0, -1356
core   0: 3 0x80004324 (0xab456393) x 7 0xfffffab4
core   0: 0x80004328 (0x0a727513) andi    a0, tp, 167
core   0: 3 0x80004328 (0x0a727513) x10 0x00000023
core   0: 0x8000432c (0x67d4bd13) sltiu   s10, s1, 1661
core   0: 3 0x8000432c (0x67d4bd13) x26 0x00000001
core   0: 0x80004330 (0x98b4a593) slti    a1, s1, -1653
core   0: 3 0x80004330 (0x98b4a593) x11 0x00000000
core   0: 0x80004334 (0x011b7d33) and     s10, s6, a7
core   0: 3 0x80004334 (0x011b7d33) x26 0x00000000
core   0: 0x80004338 (0x13bf3b93) sltiu   s7, t5, 315
core   0: 3 0x80004338 (0x13bf3b93) x23 0x00000001
core   0: 0x8000433c (0x00431b13) slli    s6, t1, 4
core   0: 3 0x8000433c (0x00431b13) x22 0x52670000
core   0: 0x80004340 (0x01209893) slli    a7, ra, 18
core   0: 3 0x80004340 (0x01209893) x17 0xc8700000
core   0: 0x80004344 (0x4ba23893) sltiu   a7, tp, 1210
core   0: 3 0x80004344 (0x4ba23893) x17 0x00000000
core   0: 0x80004348 (0x0029ff33) and     t5, s3, sp
core   0: 3 0x80004348 (0x0029ff33) x30 0x00000000
core   0: 0x8000434c (0x00000013) nop
core   0: 3 0x8000434c (0x00000013)
core   0: 0x80004350 (0x01da9993) slli    s3, s5, 29
core   0: 3 0x80004350 (0x01da9993) x19 0x00000000
core   0: 0x80004354 (0x018e1bb3) sll     s7, t3, s8
core   0: 3 0x80004354 (0x018e1bb3) x23 0x00000000
core   0: 0x80004358 (0x0093da33) srl     s4, t2, s1
core   0: 3 0x80004358 (0x0093da33) x20 0xfffffab4
core   0: 0x8000435c (0x005f5cb3) srl     s9, t5, t0
core   0: 3 0x8000435c (0x005f5cb3) x25 0x00000000
core   0: 0x80004360 (0x411053b3) sra     t2, zero, a7
core   0: 3 0x80004360 (0x411053b3) x 7 0x00000000
core   0: 0x80004364 (0x40400c33) sub     s8, zero, tp
core   0: 3 0x80004364 (0x40400c33) x24 0x00b1668d
core   0: 0x80004368 (0x01c42433) slt     s0, s0, t3
core   0: 3 0x80004368 (0x01c42433) x 8 0x00000000
core   0: 0x8000436c (0x012a06b7) lui     a3, 0x12a0
core   0: 3 0x8000436c (0x012a06b7) x13 0x012a0000
core   0: 0x80004370 (0xf2857513) andi    a0, a0, -216
core   0: 3 0x80004370 (0xf2857513) x10 0x00000020
core   0: 0x80004374 (0x41375f33) sra     t5, a4, s3
core   0: 3 0x80004374 (0x41375f33) x30 0x80010e64
core   0: 0x80004378 (0x4f8d6e13) ori     t3, s10, 1272
core   0: 3 0x80004378 (0x4f8d6e13) x28 0x000004f8
core   0: 0x8000437c (0x403f8633) sub     a2, t6, gp
core   0: 3 0x8000437c (0x403f8633) x12 0x80014ce4
core   0: 0x80004380 (0x40b2d333) sra     t1, t0, a1
core   0: 3 0x80004380 (0x40b2d333) x 6 0x60000000
core   0: 0x80004384 (0xc8eb6f13) ori     t5, s6, -882
core   0: 3 0x80004384 (0xc8eb6f13) x30 0xfffffc8e
core   0: 0x80004388 (0x41c28d33) sub     s10, t0, t3
core   0: 3 0x80004388 (0x41c28d33) x26 0x5ffffb08
core   0: 0x8000438c (0xcf687b13) andi    s6, a6, -778
core   0: 3 0x8000438c (0xcf687b13) x22 0x4ae55000
core   0: 0x80004390 (0x00cc1993) slli    s3, s8, 12
core   0: 3 0x80004390 (0x00cc1993) x19 0x1668d000
core   0: 0x80004394 (0xf367cd17) auipc   s10, 0xf367c
core   0: 3 0x80004394 (0xf367cd17) x26 0x73680394
core   0: 0x80004398 (0x41ac5933) sra     s2, s8, s10
core   0: 3 0x80004398 (0x41ac5933) x18 0x0000000b
core   0: 0x8000439c (0x01b758b3) srl     a7, a4, s11
core   0: 3 0x8000439c (0x01b758b3) x17 0x40008732
core   0: 0x800043a0 (0x40478db3) sub     s11, a5, tp
core   0: 3 0x800043a0 (0x40478db3) x27 0x0000020b
core   0: 0x800043a4 (0x014eeab3) or      s5, t4, s4
core   0: 3 0x800043a4 (0x014eeab3) x21 0xfffffab4
core   0: 0x800043a8 (0x015d1413) slli    s0, s10, 21
core   0: 3 0x800043a8 (0x015d1413) x 8 0x72800000
core   0: 0x800043ac (0x9cf11397) auipc   t2, 0x9cf11
core   0: 3 0x800043ac (0x9cf11397) x 7 0x1cf153ac
core   0: 0x800043b0 (0xf0b90413) addi    s0, s2, -245
core   0: 3 0x800043b0 (0xf0b90413) x 8 0xffffff16
core   0: 0x800043b4 (0x0142a233) slt     tp, t0, s4
core   0: 3 0x800043b4 (0x0142a233) x 4 0x00000000
core   0: 0x800043b8 (0x01855513) srli    a0, a0, 24
core   0: 3 0x800043b8 (0x01855513) x10 0x00000000
core   0: 0x800043bc (0x291ca213) slti    tp, s9, 657
core   0: 3 0x800043bc (0x291ca213) x 4 0x00000001
core   0: 0x800043c0 (0x010f1cb3) sll     s9, t5, a6
core   0: 3 0x800043c0 (0x010f1cb3) x25 0xfffffc8e
core   0: 0x800043c4 (0x526b0093) addi    ra, s6, 1318
core   0: 3 0x800043c4 (0x526b0093) x 1 0x4ae55526
core   0: 0x800043c8 (0x0150a133) slt     sp, ra, s5
core   0: 3 0x800043c8 (0x0150a133) x 2 0x00000000
core   0: 0x800043cc (0xc74c8393) addi    t2, s9, -908
core   0: 3 0x800043cc (0xc74c8393) x 7 0xfffff902
core   0: 0x800043d0 (0x6e4bcb13) xori    s6, s7, 1764
core   0: 3 0x800043d0 (0x6e4bcb13) x22 0x000006e4
core   0: 0x800043d4 (0x01e46db3) or      s11, s0, t5
core   0: 3 0x800043d4 (0x01e46db3) x27 0xffffff9e
core   0: 0x800043d8 (0x40da85b3) sub     a1, s5, a3
core   0: 3 0x800043d8 (0x40da85b3) x11 0xfed5fab4
core   0: 0x800043dc (0x40f10f33) sub     t5, sp, a5
core   0: 3 0x800043dc (0x40f10f33) x30 0x00b16482
core   0: 0x800043e0 (0x01763133) sltu    sp, a2, s7
core   0: 3 0x800043e0 (0x01763133) x 2 0x00000000
core   0: 0x800043e4 (0x70c0f413) andi    s0, ra, 1804
core   0: 3 0x800043e4 (0x70c0f413) x 8 0x00000504
core   0: 0x800043e8 (0x35d38193) addi    gp, t2, 861
core   0: 3 0x800043e8 (0x35d38193) x 3 0xfffffc5f
core   0: 0x800043ec (0x51c63213) sltiu   tp, a2, 1308
core   0: 3 0x800043ec (0x51c63213) x 4 0x00000000
core   0: 0x800043f0 (0x0091a6b3) slt     a3, gp, s1
core   0: 3 0x800043f0 (0x0091a6b3) x13 0x00000001
core   0: 0x800043f4 (0x40ee5f13) srai    t5, t3, 14
core   0: 3 0x800043f4 (0x40ee5f13) x30 0x00000000
core   0: 0x800043f8 (0x00ef54b3) srl     s1, t5, a4
core   0: 3 0x800043f8 (0x00ef54b3) x 9 0x00000000
core   0: 0x800043fc (0x33e63693) sltiu   a3, a2, 830
core   0: 3 0x800043fc (0x33e63693) x13 0x00000000
core   0: 0x80004400 (0x002bda33) srl     s4, s7, sp
core   0: 3 0x80004400 (0x002bda33) x20 0x00000000
core   0: 0x80004404 (0xb1717213) andi    tp, sp, -1257
core   0: 3 0x80004404 (0xb1717213) x 4 0x00000000
core   0: 0x80004408 (0x22483493) sltiu   s1, a6, 548
core   0: 3 0x80004408 (0x22483493) x 9 0x00000000
core   0: 0x8000440c (0xbc1ba193) slti    gp, s7, -1087
core   0: 3 0x8000440c (0xbc1ba193) x 3 0x00000000
core   0: 0x80004410 (0x00801693) slli    a3, zero, 8
core   0: 3 0x80004410 (0x00801693) x13 0x00000000
core   0: 0x80004414 (0x013debb3) or      s7, s11, s3
core   0: 3 0x80004414 (0x013debb3) x23 0xffffff9e
core   0: 0x80004418 (0x8dbdb293) sltiu   t0, s11, -1829
core   0: 3 0x80004418 (0x8dbdb293) x 5 0x00000000
core   0: 0x8000441c (0xf7547213) andi    tp, s0, -139
core   0: 3 0x8000441c (0xf7547213) x 4 0x00000504
core   0: 0x80004420 (0x41b28533) sub     a0, t0, s11
core   0: 3 0x80004420 (0x41b28533) x10 0x00000062
core   0: 0x80004424 (0x9ad74b37) lui     s6, 0x9ad74
core   0: 3 0x80004424 (0x9ad74b37) x22 0x9ad74000
core   0: 0x80004428 (0x64e8e3b7) lui     t2, 0x64e8e
core   0: 3 0x80004428 (0x64e8e3b7) x 7 0x64e8e000
core   0: 0x8000442c (0x0163fd33) and     s10, t2, s6
core   0: 3 0x8000442c (0x0163fd33) x26 0x00c04000
core   0: 0x80004430 (0x00d4a833) slt     a6, s1, a3
core   0: 3 0x80004430 (0x00d4a833) x16 0x00000000
core   0: 0x80004434 (0x407d0333) sub     t1, s10, t2
core   0: 3 0x80004434 (0x407d0333) x 6 0x9bd76000
core   0: 0x80004438 (0x01d52cb3) slt     s9, a0, t4
core   0: 3 0x80004438 (0x01d52cb3) x25 0x00000000
core   0: 0x8000443c (0x405edc33) sra     s8, t4, t0
core   0: 3 0x8000443c (0x405edc33) x24 0xc5267000
core   0: 0x80004440 (0xc8c0f093) andi    ra, ra, -884
core   0: 3 0x80004440 (0xc8c0f093) x 1 0x4ae55404
core   0: 0x80004444 (0x01b8b8b3) sltu    a7, a7, s11
core   0: 3 0x80004444 (0x01b8b8b3) x17 0x00000001
core   0: 0x80004448 (0x00cc1093) slli    ra, s8, 12
core   0: 3 0x80004448 (0x00cc1093) x 1 0x67000000
core   0: 0x8000444c (0x894e2497) auipc   s1, 0x894e2
core   0: 3 0x8000444c (0x894e2497) x 9 0x094e644c
core   0: 0x80004450 (0x008edd13) srli    s10, t4, 8
core   0: 3 0x80004450 (0x008edd13) x26 0x00c52670
core   0: 0x80004454 (0x019fd493) srli    s1, t6, 25
core   0: 3 0x80004454 (0x019fd493) x 9 0x00000040
core   0: 0x80004458 (0xe9a8a013) slti    zero, a7, -358
core   0: 3 0x80004458 (0xe9a8a013)
core   0: 0x8000445c (0x00d64cb3) xor     s9, a2, a3
core   0: 3 0x8000445c (0x00d64cb3) x25 0x80014ce4
core   0: 0x80004460 (0x015c4933) xor     s2, s8, s5
core   0: 3 0x80004460 (0x015c4933) x18 0x3ad98ab4
core   0: 0x80004464 (0x01dbbdb3) sltu    s11, s7, t4
core   0: 3 0x80004464 (0x01dbbdb3) x27 0x00000000
core   0: 0x80004468 (0x007e2a33) slt     s4, t3, t2
core   0: 3 0x80004468 (0x007e2a33) x20 0x00000001
core   0: 0x8000446c (0x4184d693) srai    a3, s1, 24
core   0: 3 0x8000446c (0x4184d693) x13 0x00000000
core   0: 0x80004470 (0xf18aef13) ori     t5, s5, -232
core   0: 3 0x80004470 (0xf18aef13) x30 0xffffffbc
core   0: 0x80004474 (0x010463b3) or      t2, s0, a6
core   0: 3 0x80004474 (0x010463b3) x 7 0x00000504
core   0: 0x80004478 (0x00525593) srli    a1, tp, 5
core   0: 3 0x80004478 (0x00525593) x11 0x00000028
core   0: 0x8000447c (0x01c99533) sll     a0, s3, t3
core   0: 3 0x8000447c (0x01c99533) x10 0x00000000
core   0: 0x80004480 (0x012e92b3) sll     t0, t4, s2
core   0: 3 0x80004480 (0x012e92b3) x 5 0x00000000
core   0: 0x80004484 (0x00858633) add     a2, a1, s0
core   0: 3 0x80004484 (0x00858633) x12 0x0000052c
core   0: 0x80004488 (0x4a526393) ori     t2, tp, 1189
core   0: 3 0x80004488 (0x4a526393) x 7 0x000005a5
core   0: 0x8000448c (0x41f788b3) sub     a7, a5, t6
core   0: 3 0x8000448c (0x41f788b3) x17 0x7f4d4e9a
core   0: 0x80004490 (0x01317cb3) and     s9, sp, s3
core   0: 3 0x80004490 (0x01317cb3) x25 0x00000000
core   0: 0x80004494 (0x41335db3) sra     s11, t1, s3
core   0: 3 0x80004494 (0x41335db3) x27 0x9bd76000
core   0: 0x80004498 (0x014adc93) srli    s9, s5, 20
core   0: 3 0x80004498 (0x014adc93) x25 0x00000fff
core   0: 0x8000449c (0x00207cb3) and     s9, zero, sp
core   0: 3 0x8000449c (0x00207cb3) x25 0x00000000
core   0: 0x800044a0 (0x010f3033) sltu    zero, t5, a6
core   0: 3 0x800044a0 (0x010f3033)
core   0: 0x800044a4 (0x00a01193) slli    gp, zero, 10
core   0: 3 0x800044a4 (0x00a01193) x 3 0x00000000
core   0: 0x800044a8 (0x006b9993) slli    s3, s7, 6
core   0: 3 0x800044a8 (0x006b9993) x19 0xffffe780
core   0: 0x800044ac (0x000c9213) slli    tp, s9, 0
core   0: 3 0x800044ac (0x000c9213) x 4 0x00000000
core   0: 0x800044b0 (0x40c308b3) sub     a7, t1, a2
core   0: 3 0x800044b0 (0x40c308b3) x17 0x9bd75ad4
core   0: 0x800044b4 (0x40750333) sub     t1, a0, t2
core   0: 3 0x800044b4 (0x40750333) x 6 0xfffffa5b
core   0: 0x800044b8 (0x010e5993) srli    s3, t3, 16
core   0: 3 0x800044b8 (0x010e5993) x19 0x00000000
core   0: 0x800044bc (0x018f6b33) or      s6, t5, s8
core   0: 3 0x800044bc (0x018f6b33) x22 0xffffffbc
core   0: 0x800044c0 (0x0030b333) sltu    t1, ra, gp
core   0: 3 0x800044c0 (0x0030b333) x 6 0x00000000
core   0: 0x800044c4 (0xbd5c8593) addi    a1, s9, -1067
core   0: 3 0x800044c4 (0xbd5c8593) x11 0xfffffbd5
core   0: 0x800044c8 (0x00000013) nop
core   0: 3 0x800044c8 (0x00000013)
core   0: 0x800044cc (0x01347eb3) and     t4, s0, s3
core   0: 3 0x800044cc (0x01347eb3) x29 0x00000000
core   0: 0x800044d0 (0x01ded9b3) srl     s3, t4, t4
core   0: 3 0x800044d0 (0x01ded9b3) x19 0x00000000
core   0: 0x800044d4 (0x4198dd33) sra     s10, a7, s9
core   0: 3 0x800044d4 (0x4198dd33) x26 0x9bd75ad4
core   0: 0x800044d8 (0x014c1933) sll     s2, s8, s4
core   0: 3 0x800044d8 (0x014c1933) x18 0x8a4ce000
core   0: 0x800044dc (0x00000013) nop
core   0: 3 0x800044dc (0x00000013)
core   0: 0x800044e0 (0xa1158997) auipc   s3, 0xa1158
core   0: 3 0x800044e0 (0xa1158997) x19 0x2115c4e0
core   0: 0x800044e4 (0x01a81e33) sll     t3, a6, s10
core   0: 3 0x800044e4 (0x01a81e33) x28 0x00000000
core   0: 0x800044e8 (0xe9dde393) ori     t2, s11, -355
core   0: 3 0x800044e8 (0xe9dde393) x 7 0xfffffe9d
core   0: 0x800044ec (0x012633b3) sltu    t2, a2, s2
core   0: 3 0x800044ec (0x012633b3) x 7 0x00000001
core   0: 0x800044f0 (0x00000013) nop
core   0: 3 0x800044f0 (0x00000013)
core   0: 0x800044f4 (0xfa8bce37) lui     t3, 0xfa8bc
core   0: 3 0x800044f4 (0xfa8bce37) x28 0xfa8bc000
core   0: 0x800044f8 (0x009e7433) and     s0, t3, s1
core   0: 3 0x800044f8 (0x009e7433) x 8 0x00000000
core   0: 0x800044fc (0x017dd593) srli    a1, s11, 23
core   0: 3 0x800044fc (0x017dd593) x11 0x00000137
core   0: 0x80004500 (0x005b5eb3) srl     t4, s6, t0
core   0: 3 0x80004500 (0x005b5eb3) x29 0xffffffbc
core   0: 0x80004504 (0xb615af13) slti    t5, a1, -1183
core   0: 3 0x80004504 (0xb615af13) x30 0x00000000
core   0: 0x80004508 (0x0031fcb3) and     s9, gp, gp
core   0: 3 0x80004508 (0x0031fcb3) x25 0x00000000
core   0: 0x8000450c (0x1d01df17) auipc   t5, 0x1d01d
core   0: 3 0x8000450c (0x1d01df17) x30 0x9d02150c
core   0: 0x80004510 (0x405c51b3) sra     gp, s8, t0
core   0: 3 0x80004510 (0x405c51b3) x 3 0xc5267000
core   0: 0x80004514 (0x40e6d413) srai    s0, a3, 14
core   0: 3 0x80004514 (0x40e6d413) x 8 0x00000000
core   0: 0x80004518 (0x000de133) or      sp, s11, zero
core   0: 3 0x80004518 (0x000de133) x 2 0x9bd76000
core   0: 0x8000451c (0x01fa72b3) and     t0, s4, t6
core   0: 3 0x8000451c (0x01fa72b3) x 5 0x00000000
core   0: 0x80004520 (0x38bb3013) sltiu   zero, s6, 907
core   0: 3 0x80004520 (0x38bb3013)
core   0: 0x80004524 (0x40835513) srai    a0, t1, 8
core   0: 3 0x80004524 (0x40835513) x10 0x00000000
core   0: 0x80004528 (0x012a1013) slli    zero, s4, 18
core   0: 3 0x80004528 (0x012a1013)
core   0: 0x8000452c (0x828b7893) andi    a7, s6, -2008
core   0: 3 0x8000452c (0x828b7893) x17 0xfffff828
core   0: 0x80004530 (0x01f30333) add     t1, t1, t6
core   0: 3 0x80004530 (0x01f30333) x 6 0x80014ce4
core   0: 0x80004534 (0x3066fa93) andi    s5, a3, 774
core   0: 3 0x80004534 (0x3066fa93) x21 0x00000000
core   0: 0x80004538 (0x404a0a33) sub     s4, s4, tp
core   0: 3 0x80004538 (0x404a0a33) x20 0x00000001
core   0: 0x8000453c (0x002dd313) srli    t1, s11, 2
core   0: 3 0x8000453c (0x002dd313) x 6 0x26f5d800
core   0: 0x80004540 (0x412b5db3) sra     s11, s6, s2
core   0: 3 0x80004540 (0x412b5db3) x27 0xffffffbc
core   0: 0x80004544 (0x40b55c13) srai    s8, a0, 11
core   0: 3 0x80004544 (0x40b55c13) x24 0x00000000
core   0: 0x80004548 (0x2957e013) ori     zero, a5, 661
core   0: 3 0x80004548 (0x2957e013)
core   0: 0x8000454c (0x58b5f317) auipc   t1, 0x58b5f
core   0: 3 0x8000454c (0x58b5f317) x 6 0xd8b6354c
core   0: 0x80004550 (0x00b506b3) add     a3, a0, a1
core   0: 3 0x80004550 (0x00b506b3) x13 0x00000137
core   0: 0x80004554 (0x19728113) addi    sp, t0, 407
core   0: 3 0x80004554 (0x19728113) x 2 0x00000197
core   0: 0x80004558 (0x00225813) srli    a6, tp, 2
core   0: 3 0x80004558 (0x00225813) x16 0x00000000
core   0: 0x8000455c (0x01469f33) sll     t5, a3, s4
core   0: 3 0x8000455c (0x01469f33) x30 0x0000026e
core   0: 0x80004560 (0x01841e93) slli    t4, s0, 24
core   0: 3 0x80004560 (0x01841e93) x29 0x00000000
core   0: 0x80004564 (0x01bfd533) srl     a0, t6, s11
core   0: 3 0x80004564 (0x01bfd533) x10 0x00000008
core   0: 0x80004568 (0x6538c993) xori    s3, a7, 1619
core   0: 3 0x80004568 (0x6538c993) x19 0xfffffe7b
core   0: 0x8000456c (0x40925633) sra     a2, tp, s1
core   0: 3 0x8000456c (0x40925633) x12 0x00000000
core   0: 0x80004570 (0x01249413) slli    s0, s1, 18
core   0: 3 0x80004570 (0x01249413) x 8 0x01000000
core   0: 0x80004574 (0x010c0113) addi    sp, s8, 16
core   0: 3 0x80004574 (0x010c0113) x 2 0x00000010
core   0: 0x80004578 (0x48700a13) li      s4, 1159
core   0: 3 0x80004578 (0x48700a13) x20 0x00000487
core   0: 0x8000457c (0xe32ff093) andi    ra, t6, -462
core   0: 3 0x8000457c (0xe32ff093) x 1 0x80014c20
core   0: 0x80004580 (0x019738b3) sltu    a7, a4, s9
core   0: 3 0x80004580 (0x019738b3) x17 0x00000000
core   0: 0x80004584 (0x40f00c33) sub     s8, zero, a5
core   0: 3 0x80004584 (0x40f00c33) x24 0x00b16482
core   0: 0x80004588 (0x00e21cb3) sll     s9, tp, a4
core   0: 3 0x80004588 (0x00e21cb3) x25 0x00000000
core   0: 0x8000458c (0xcd00c113) xori    sp, ra, -816
core   0: 3 0x8000458c (0xcd00c113) x 2 0x7ffeb0f0
core   0: 0x80004590 (0x013e9293) slli    t0, t4, 19
core   0: 3 0x80004590 (0x013e9293) x 5 0x00000000
core   0: 0x80004594 (0x84e0a913) slti    s2, ra, -1970
core   0: 3 0x80004594 (0x84e0a913) x18 0x00000001
core   0: 0x80004598 (0x3239bb13) sltiu   s6, s3, 803
core   0: 3 0x80004598 (0x3239bb13) x22 0x00000000
core   0: 0x8000459c (0x3dd24693) xori    a3, tp, 989
core   0: 3 0x8000459c (0x3dd24693) x13 0x000003dd
core   0: 0x800045a0 (0x01a8b8b3) sltu    a7, a7, s10
core   0: 3 0x800045a0 (0x01a8b8b3) x17 0x00000001
core   0: 0x800045a4 (0x006c35b3) sltu    a1, s8, t1
core   0: 3 0x800045a4 (0x006c35b3) x11 0x00000001
core   0: 0x800045a8 (0xeb3f8193) addi    gp, t6, -333
core   0: 3 0x800045a8 (0xeb3f8193) x 3 0x80014b97
core   0: 0x800045ac (0x40805a33) sra     s4, zero, s0
core   0: 3 0x800045ac (0x40805a33) x20 0x00000000
core   0: 0x800045b0 (0x40ad0e33) sub     t3, s10, a0
core   0: 3 0x800045b0 (0x40ad0e33) x28 0x9bd75acc
core   0: 0x800045b4 (0x41a2d5b3) sra     a1, t0, s10
core   0: 3 0x800045b4 (0x41a2d5b3) x11 0x00000000
core   0: 0x800045b8 (0x018262b3) or      t0, tp, s8
core   0: 3 0x800045b8 (0x018262b3) x 5 0x00b16482
core   0: 0x800045bc (0x00b42cb3) slt     s9, s0, a1
core   0: 3 0x800045bc (0x00b42cb3) x25 0x00000000
core   0: 0x800045c0 (0x017718b3) sll     a7, a4, s7
core   0: 3 0x800045c0 (0x017718b3) x17 0x00000000
core   0: 0x800045c4 (0xc637c313) xori    t1, a5, -925
core   0: 3 0x800045c4 (0xc637c313) x 6 0x00b1671d
core   0: 0x800045c8 (0x4085d2b3) sra     t0, a1, s0
core   0: 3 0x800045c8 (0x4085d2b3) x 5 0x00000000
core   0: 0x800045cc (0x019b9133) sll     sp, s7, s9
core   0: 3 0x800045cc (0x019b9133) x 2 0xffffff9e
core   0: 0x800045d0 (0x0165d133) srl     sp, a1, s6
core   0: 3 0x800045d0 (0x0165d133) x 2 0x00000000
core   0: 0x800045d4 (0x01bc65b3) or      a1, s8, s11
core   0: 3 0x800045d4 (0x01bc65b3) x11 0xffffffbe
core   0: 0x800045d8 (0x172d2f17) auipc   t5, 0x172d2
core   0: 3 0x800045d8 (0x172d2f17) x30 0x972d65d8
core   0: 0x800045dc (0xd4446f13) ori     t5, s0, -700
core   0: 3 0x800045dc (0xd4446f13) x30 0xfffffd44
core   0: 0x800045e0 (0xa75ebd93) sltiu   s11, t4, -1419
core   0: 3 0x800045e0 (0xa75ebd93) x27 0x00000001
core   0: 0x800045e4 (0x00000013) nop
core   0: 3 0x800045e4 (0x00000013)
core   0: 0x800045e8 (0x01b455b3) srl     a1, s0, s11
core   0: 3 0x800045e8 (0x01b455b3) x11 0x00800000
core   0: 0x800045ec (0x0116edb3) or      s11, a3, a7
core   0: 3 0x800045ec (0x0116edb3) x27 0x000003dd
core   0: 0x800045f0 (0x009646b3) xor     a3, a2, s1
core   0: 3 0x800045f0 (0x009646b3) x13 0x00000040
core   0: 0x800045f4 (0x968f0693) addi    a3, t5, -1688
core   0: 3 0x800045f4 (0x968f0693) x13 0xfffff6ac
core   0: 0x800045f8 (0x003f8f33) add     t5, t6, gp
core   0: 3 0x800045f8 (0x003f8f33) x30 0x0002987b
core   0: 0x800045fc (0x00b9da13) srli    s4, s3, 11
core   0: 3 0x800045fc (0x00b9da13) x20 0x001fffff
core   0: 0x80004600 (0x0149c933) xor     s2, s3, s4
core   0: 3 0x80004600 (0x0149c933) x18 0xffe00184
core   0: 0x80004604 (0x015b28b3) slt     a7, s6, s5
core   0: 3 0x80004604 (0x015b28b3) x17 0x00000000
core   0: 0x80004608 (0x4ff90697) auipc   a3, 0x4ff90
core   0: 3 0x80004608 (0x4ff90697) x13 0xcff94608
core   0: 0x8000460c (0x002178b3) and     a7, sp, sp
core   0: 3 0x8000460c (0x002178b3) x17 0x00000000
core   0: 0x80004610 (0x01604cb3) xor     s9, zero, s6
core   0: 3 0x80004610 (0x01604cb3) x25 0x00000000
core   0: 0x80004614 (0x01d9f333) and     t1, s3, t4
core   0: 3 0x80004614 (0x01d9f333) x 6 0x00000000
core   0: 0x80004618 (0x78724013) xori    zero, tp, 1927
core   0: 3 0x80004618 (0x78724013)
core   0: 0x8000461c (0x78be4093) xori    ra, t3, 1931
core   0: 3 0x8000461c (0x78be4093) x 1 0x9bd75d47
core   0: 0x80004620 (0x40945533) sra     a0, s0, s1
core   0: 3 0x80004620 (0x40945533) x10 0x01000000
core   0: 0x80004624 (0x98ace697) auipc   a3, 0x98ace
core   0: 3 0x80004624 (0x98ace697) x13 0x18ad2624
core   0: 0x80004628 (0x39379f17) auipc   t5, 0x39379
core   0: 3 0x80004628 (0x39379f17) x30 0xb937d628
core   0: 0x8000462c (0xd62a4497) auipc   s1, 0xd62a4
core   0: 3 0x8000462c (0xd62a4497) x 9 0x562a862c
core   0: 0x80004630 (0x00f24133) xor     sp, tp, a5
core   0: 3 0x80004630 (0x00f24133) x 2 0xff4e9b7e
core   0: 0x80004634 (0x00bf5d93) srli    s11, t5, 11
core   0: 3 0x80004634 (0x00bf5d93) x27 0x001726fa
core   0: 0x80004638 (0x57b6bd93) sltiu   s11, a3, 1403
core   0: 3 0x80004638 (0x57b6bd93) x27 0x00000000
core   0: 0x8000463c (0x00e60933) add     s2, a2, a4
core   0: 3 0x8000463c (0x00e60933) x18 0x80010e64
core   0: 0x80004640 (0x01ebdc13) srli    s8, s7, 30
core   0: 3 0x80004640 (0x01ebdc13) x24 0x00000003
core   0: 0x80004644 (0x00ea69b3) or      s3, s4, a4
core   0: 3 0x80004644 (0x00ea69b3) x19 0x801fffff
core   0: 0x80004648 (0x406d5b93) srai    s7, s10, 6
core   0: 3 0x80004648 (0x406d5b93) x23 0xfe6f5d6b
core   0: 0x8000464c (0x01ba74b3) and     s1, s4, s11
core   0: 3 0x8000464c (0x01ba74b3) x 9 0x00000000
core   0: 0x80004650 (0x013ac133) xor     sp, s5, s3
core   0: 3 0x80004650 (0x013ac133) x 2 0x801fffff
core   0: 0x80004654 (0x405b0933) sub     s2, s6, t0
core   0: 3 0x80004654 (0x405b0933) x18 0x00000000
core   0: 0x80004658 (0x01bc4a33) xor     s4, s8, s11
core   0: 3 0x80004658 (0x01bc4a33) x20 0x00000003
core   0: 0x8000465c (0x401c8533) sub     a0, s9, ra
core   0: 3 0x8000465c (0x401c8533) x10 0x6428a2b9
core   0: 0x80004660 (0x405cd433) sra     s0, s9, t0
core   0: 3 0x80004660 (0x405cd433) x 8 0x00000000
core   0: 0x80004664 (0x01904cb3) xor     s9, zero, s9
core   0: 3 0x80004664 (0x01904cb3) x25 0x00000000
core   0: 0x80004668 (0x416fd9b3) sra     s3, t6, s6
core   0: 3 0x80004668 (0x416fd9b3) x19 0x80014ce4
core   0: 0x8000466c (0x4038dbb3) sra     s7, a7, gp
core   0: 3 0x8000466c (0x4038dbb3) x23 0x00000000
core   0: 0x80004670 (0x75b67013) andi    zero, a2, 1883
core   0: 3 0x80004670 (0x75b67013)
core   0: 0x80004674 (0x004eda13) srli    s4, t4, 4
core   0: 3 0x80004674 (0x004eda13) x20 0x00000000
core   0: 0x80004678 (0x01612ab3) slt     s5, sp, s6
core   0: 3 0x80004678 (0x01612ab3) x21 0x00000001
core   0: 0x8000467c (0xca5df593) andi    a1, s11, -859
core   0: 3 0x8000467c (0xca5df593) x11 0x00000000
core   0: 0x80004680 (0x6047ad97) auipc   s11, 0x6047a
core   0: 3 0x80004680 (0x6047ad97) x27 0xe047e680
core   0: 0x80004684 (0x36b95817) auipc   a6, 0x36b95
core   0: 3 0x80004684 (0x36b95817) x16 0xb6b99684
core   0: 0x80004688 (0x00000013) nop
core   0: 3 0x80004688 (0x00000013)
core   0: 0x8000468c (0x002c9313) slli    t1, s9, 2
core   0: 3 0x8000468c (0x002c9313) x 6 0x00000000
core   0: 0x80004690 (0x1311fc93) andi    s9, gp, 305
core   0: 3 0x80004690 (0x1311fc93) x25 0x00000111
core   0: 0x80004694 (0x2b544593) xori    a1, s0, 693
core   0: 3 0x80004694 (0x2b544593) x11 0x000002b5
core   0: 0x80004698 (0x66276313) ori     t1, a4, 1634
core   0: 3 0x80004698 (0x66276313) x 6 0x80010e66
core   0: 0x8000469c (0x00635a93) srli    s5, t1, 6
core   0: 3 0x8000469c (0x00635a93) x21 0x02000439
core   0: 0x800046a0 (0x1999a593) slti    a1, s3, 409
core   0: 3 0x800046a0 (0x1999a593) x11 0x00000001
core   0: 0x800046a4 (0x41c1d5b3) sra     a1, gp, t3
core   0: 3 0x800046a4 (0x41c1d5b3) x11 0xfff80014
core   0: 0x800046a8 (0x41db0bb3) sub     s7, s6, t4
core   0: 3 0x800046a8 (0x41db0bb3) x23 0x00000000
core   0: 0x800046ac (0x18284597) auipc   a1, 0x18284
core   0: 3 0x800046ac (0x18284597) x11 0x982886ac
core   0: 0x800046b0 (0x00000013) nop
core   0: 3 0x800046b0 (0x00000013)
core   0: 0x800046b4 (0x400e0193) addi    gp, t3, 1024
core   0: 3 0x800046b4 (0x400e0193) x 3 0x9bd75ecc
core   0: 0x800046b8 (0x01828d33) add     s10, t0, s8
core   0: 3 0x800046b8 (0x01828d33) x26 0x00000003
core   0: 0x800046bc (0x01adc9b3) xor     s3, s11, s10
core   0: 3 0x800046bc (0x01adc9b3) x19 0xe047e683
core   0: 0x800046c0 (0x63243113) sltiu   sp, s0, 1586
core   0: 3 0x800046c0 (0x63243113) x 2 0x00000001
core   0: 0x800046c4 (0xa9887a93) andi    s5, a6, -1384
core   0: 3 0x800046c4 (0xa9887a93) x21 0xb6b99280
core   0: 0x800046c8 (0x00000013) nop
core   0: 3 0x800046c8 (0x00000013)
core   0: 0x800046cc (0x00e995b3) sll     a1, s3, a4
core   0: 3 0x800046cc (0x00e995b3) x11 0x047e6830
core   0: 0x800046d0 (0x017cdb13) srli    s6, s9, 23
core   0: 3 0x800046d0 (0x017cdb13) x22 0x00000000
core   0: 0x800046d4 (0xc0623593) sltiu   a1, tp, -1018
core   0: 3 0x800046d4 (0xc0623593) x11 0x00000001
core   0: 0x800046d8 (0x005071b3) and     gp, zero, t0
core   0: 3 0x800046d8 (0x005071b3) x 3 0x00000000
core   0: 0x800046dc (0x01519893) slli    a7, gp, 21
core   0: 3 0x800046dc (0x01519893) x17 0x00000000
core   0: 0x800046e0 (0x411709b3) sub     s3, a4, a7
core   0: 3 0x800046e0 (0x411709b3) x19 0x80010e64
core   0: 0x800046e4 (0x5203f893) andi    a7, t2, 1312
core   0: 3 0x800046e4 (0x5203f893) x17 0x00000000
core   0: 0x800046e8 (0xad724593) xori    a1, tp, -1321
core   0: 3 0x800046e8 (0xad724593) x11 0xfffffad7
core   0: 0x800046ec (0x73074eb7) lui     t4, 0x73074
core   0: 3 0x800046ec (0x73074eb7) x29 0x73074000
core   0: 0x800046f0 (0x01471ab3) sll     s5, a4, s4
core   0: 3 0x800046f0 (0x01471ab3) x21 0x80010e64
core   0: 0x800046f4 (0x002146b3) xor     a3, sp, sp
core   0: 3 0x800046f4 (0x002146b3) x13 0x00000000
core   0: 0x800046f8 (0xea08f197) auipc   gp, 0xea08f
core   0: 3 0x800046f8 (0xea08f197) x 3 0x6a0936f8
core   0: 0x800046fc (0x01d0a133) slt     sp, ra, t4
core   0: 3 0x800046fc (0x01d0a133) x 2 0x00000001
core   0: 0x80004700 (0xaa1a8f17) auipc   t5, 0xaa1a8
core   0: 3 0x80004700 (0xaa1a8f17) x30 0x2a1ac700
core   0: 0x80004704 (0x78d93f13) sltiu   t5, s2, 1933
core   0: 3 0x80004704 (0x78d93f13) x30 0x00000001
core   0: 0x80004708 (0x4edca593) slti    a1, s9, 1261
core   0: 3 0x80004708 (0x4edca593) x11 0x00000001
core   0: 0x8000470c (0xac8f6513) ori     a0, t5, -1336
core   0: 3 0x8000470c (0xac8f6513) x10 0xfffffac9
core   0: 0x80004710 (0x01c31233) sll     tp, t1, t3
core   0: 3 0x80004710 (0x01c31233) x 4 0x10e66000
core   0: 0x80004714 (0xc0ed7813) andi    a6, s10, -1010
core   0: 3 0x80004714 (0xc0ed7813) x16 0x00000002
core   0: 0x80004718 (0x001e1093) slli    ra, t3, 1
core   0: 3 0x80004718 (0x001e1093) x 1 0x37aeb598
core   0: 0x8000471c (0x346ba493) slti    s1, s7, 838
core   0: 3 0x8000471c (0x346ba493) x 9 0x00000001
core   0: 0x80004720 (0x00b0bbb3) sltu    s7, ra, a1
core   0: 3 0x80004720 (0x00b0bbb3) x23 0x00000000
core   0: 0x80004724 (0x00b59d13) slli    s10, a1, 11
core   0: 3 0x80004724 (0x00b59d13) x26 0x00000800
core   0: 0x80004728 (0x9614ce93) xori    t4, s1, -1695
core   0: 3 0x80004728 (0x9614ce93) x29 0xfffff960
core   0: 0x8000472c (0x89674693) xori    a3, a4, -1898
core   0: 3 0x8000472c (0x89674693) x13 0x7ffef6f2
core   0: 0x80004730 (0x002e69b3) or      s3, t3, sp
core   0: 3 0x80004730 (0x002e69b3) x19 0x9bd75acd
core   0: 0x80004734 (0x00d95e93) srli    t4, s2, 13
core   0: 3 0x80004734 (0x00d95e93) x29 0x00000000
core   0: 0x80004738 (0xa001e817) auipc   a6, 0xa001e
core   0: 3 0x80004738 (0xa001e817) x16 0x20022738
core   0: 0x8000473c (0x41d75b13) srai    s6, a4, 29
core   0: 3 0x8000473c (0x41d75b13) x22 0xfffffffc
core   0: 0x80004740 (0x01861f33) sll     t5, a2, s8
core   0: 3 0x80004740 (0x01861f33) x30 0x00000000
core   0: 0x80004744 (0x00d4b633) sltu    a2, s1, a3
core   0: 3 0x80004744 (0x00d4b633) x12 0x00000001
core   0: 0x80004748 (0x00a5ccb3) xor     s9, a1, a0
core   0: 3 0x80004748 (0x00a5ccb3) x25 0xfffffac8
core   0: 0x8000474c (0x01324a33) xor     s4, tp, s3
core   0: 3 0x8000474c (0x01324a33) x20 0x8b313acd
core   0: 0x80004750 (0x01c31cb3) sll     s9, t1, t3
core   0: 3 0x80004750 (0x01c31cb3) x25 0x10e66000
core   0: 0x80004754 (0x4d1bdc37) lui     s8, 0x4d1bd
core   0: 3 0x80004754 (0x4d1bdc37) x24 0x4d1bd000
core   0: 0x80004758 (0xae0d1397) auipc   t2, 0xae0d1
core   0: 3 0x80004758 (0xae0d1397) x 7 0x2e0d5758
core   0: 0x8000475c (0x015e9eb3) sll     t4, t4, s5
core   0: 3 0x8000475c (0x015e9eb3) x29 0x00000000
core   0: 0x80004760 (0x40d65d13) srai    s10, a2, 13
core   0: 3 0x80004760 (0x40d65d13) x26 0x00000000
core   0: 0x80004764 (0x4bc26b13) ori     s6, tp, 1212
core   0: 3 0x80004764 (0x4bc26b13) x22 0x10e664bc
core   0: 0x80004768 (0x4014dab3) sra     s5, s1, ra
core   0: 3 0x80004768 (0x4014dab3) x21 0x00000000
core   0: 0x8000476c (0x00000013) nop
core   0: 3 0x8000476c (0x00000013)
core   0: 0x80004770 (0x009d1d93) slli    s11, s10, 9
core   0: 3 0x80004770 (0x009d1d93) x27 0x00000000
core   0: 0x80004774 (0x965ff337) lui     t1, 0x965ff
core   0: 3 0x80004774 (0x965ff337) x 6 0x965ff000
core   0: 0x80004778 (0x01a74d33) xor     s10, a4, s10
core   0: 3 0x80004778 (0x01a74d33) x26 0x80010e64
core   0: 0x8000477c (0x1a0aef13) ori     t5, s5, 416
core   0: 3 0x8000477c (0x1a0aef13) x30 0x000001a0
core   0: 0x80004780 (0x014bfa33) and     s4, s7, s4
core   0: 3 0x80004780 (0x014bfa33) x20 0x00000000
core   0: 0x80004784 (0x776e8337) lui     t1, 0x776e8
core   0: 3 0x80004784 (0x776e8337) x 6 0x776e8000
core   0: 0x80004788 (0x0103adb3) slt     s11, t2, a6
core   0: 3 0x80004788 (0x0103adb3) x27 0x00000000
core   0: 0x8000478c (0x00000013) nop
core   0: 3 0x8000478c (0x00000013)
core   0: 0x80004790 (0xf3de8293) addi    t0, t4, -195
core   0: 3 0x80004790 (0xf3de8293) x 5 0xffffff3d
core   0: 0x80004794 (0x0065cf33) xor     t5, a1, t1
core   0: 3 0x80004794 (0x0065cf33) x30 0x776e8001
core   0: 0x80004798 (0x0185c9b3) xor     s3, a1, s8
core   0: 3 0x80004798 (0x0185c9b3) x19 0x4d1bd001
core   0: 0x8000479c (0x00000013) nop
core   0: 3 0x8000479c (0x00000013)
core   0: 0x800047a0 (0xd88c3613) sltiu   a2, s8, -632
core   0: 3 0x800047a0 (0xd88c3613) x12 0x00000001
core   0: 0x800047a4 (0x406bd5b3) sra     a1, s7, t1
core   0: 3 0x800047a4 (0x406bd5b3) x11 0x00000000
core   0: 0x800047a8 (0x6718cc13) xori    s8, a7, 1649
core   0: 3 0x800047a8 (0x6718cc13) x24 0x00000671
core   0: 0x800047ac (0xf89ff217) auipc   tp, 0xf89ff
core   0: 3 0x800047ac (0xf89ff217) x 4 0x78a037ac
core   0: 0x800047b0 (0xe48ec493) xori    s1, t4, -440
core   0: 3 0x800047b0 (0xe48ec493) x 9 0xfffffe48
core   0: 0x800047b4 (0x80b36293) ori     t0, t1, -2037
core   0: 3 0x800047b4 (0x80b36293) x 5 0xfffff80b
core   0: 0x800047b8 (0x40cad493) srai    s1, s5, 12
core   0: 3 0x800047b8 (0x40cad493) x 9 0x00000000
core   0: 0x800047bc (0x01dad8b3) srl     a7, s5, t4
core   0: 3 0x800047bc (0x01dad8b3) x17 0x00000000
core   0: 0x800047c0 (0x01ce1013) slli    zero, t3, 28
core   0: 3 0x800047c0 (0x01ce1013)
core   0: 0x800047c4 (0x01ec5bb3) srl     s7, s8, t5
core   0: 3 0x800047c4 (0x01ec5bb3) x23 0x00000338
core   0: 0x800047c8 (0x40b880b3) sub     ra, a7, a1
core   0: 3 0x800047c8 (0x40b880b3) x 1 0x00000000
core   0: 0x800047cc (0x013bd0b3) srl     ra, s7, s3
core   0: 3 0x800047cc (0x013bd0b3) x 1 0x0000019c
core   0: 0x800047d0 (0xd05b2913) slti    s2, s6, -763
core   0: 3 0x800047d0 (0xd05b2913) x18 0x00000000
core   0: 0x800047d4 (0x01f2d893) srli    a7, t0, 31
core   0: 3 0x800047d4 (0x01f2d893) x17 0x00000001
core   0: 0x800047d8 (0xfff00613) li      a2, -1
core   0: 3 0x800047d8 (0xfff00613) x12 0xffffffff
core   0: 0x800047dc (0xfff00093) li      ra, -1
core   0: 3 0x800047dc (0xfff00093) x 1 0xffffffff
core   0: 0x800047e0 (0x00000f13) li      t5, 0
core   0: 3 0x800047e0 (0x00000f13) x30 0x00000000
core   0: 0x800047e4 (0xfff00393) li      t2, -1
core   0: 3 0x800047e4 (0xfff00393) x 7 0xffffffff
core   0: 0x800047e8 (0x80000537) lui     a0, 0x80000
core   0: 3 0x800047e8 (0x80000537) x10 0x80000000
core   0: 0x800047ec (0x00000913) li      s2, 0
core   0: 3 0x800047ec (0x00000913) x18 0x00000000
core   0: 0x800047f0 (0xfff00693) li      a3, -1
core   0: 3 0x800047f0 (0xfff00693) x13 0xffffffff
core   0: 0x800047f4 (0x00000b13) li      s6, 0
core   0: 3 0x800047f4 (0x00000b13) x22 0x00000000
core   0: 0x800047f8 (0x80000237) lui     tp, 0x80000
core   0: 3 0x800047f8 (0x80000237) x 4 0x80000000
core   0: 0x800047fc (0x800002b7) lui     t0, 0x80000
core   0: 3 0x800047fc (0x800002b7) x 5 0x80000000
core   0: 0x80004800 (0x00ef0693) addi    a3, t5, 14
core   0: 3 0x80004800 (0x00ef0693) x13 0x0000000e
core   0: 0x80004804 (0x0005c397) auipc   t2, 0x5c
core   0: 3 0x80004804 (0x0005c397) x 7 0x80060804
core   0: 0x80004808 (0x00000013) nop
core   0: 3 0x80004808 (0x00000013)
core   0: 0x8000480c (0xf1d6f0b7) lui     ra, 0xf1d6f
core   0: 3 0x8000480c (0xf1d6f0b7) x 1 0xf1d6f000
core   0: 0x80004810 (0x40a38933) sub     s2, t2, a0
core   0: 3 0x80004810 (0x40a38933) x18 0x00060804
core   0: 0x80004814 (0x28219217) auipc   tp, 0x28219
core   0: 3 0x80004814 (0x28219217) x 4 0xa821d814
core   0: 0x80004818 (0x1b247917) auipc   s2, 0x1b247
core   0: 3 0x80004818 (0x1b247917) x18 0x9b24b818
core   0: 0x8000481c (0x405086b3) sub     a3, ra, t0
core   0: 3 0x8000481c (0x405086b3) x13 0x71d6f000
core   0: 0x80004820 (0x40760533) sub     a0, a2, t2
core   0: 3 0x80004820 (0x40760533) x10 0x7ff9f7fb
core   0: 0x80004824 (0xb5780937) lui     s2, 0xb5780
core   0: 3 0x80004824 (0xb5780937) x18 0xb5780000
core   0: 0x80004828 (0xa8dfa097) auipc   ra, 0xa8dfa
core   0: 3 0x80004828 (0xa8dfa097) x 1 0x28dfe828
core   0: 0x8000482c (0x01260233) add     tp, a2, s2
core   0: 3 0x8000482c (0x01260233) x 4 0xb577ffff
core   0: 0x80004830 (0x9302b397) auipc   t2, 0x9302b
core   0: 3 0x80004830 (0x9302b397) x 7 0x1302f830
core   0: 0x80004834 (0x992d56b7) lui     a3, 0x992d5
core   0: 3 0x80004834 (0x992d56b7) x13 0x992d5000
core   0: 0x80004838 (0xb6815097) auipc   ra, 0xb6815
core   0: 3 0x80004838 (0xb6815097) x 1 0x36819838
core   0: 0x8000483c (0x40af0533) sub     a0, t5, a0
core   0: 3 0x8000483c (0x40af0533) x10 0x80060805
core   0: 0x80004840 (0x73d7b517) auipc   a0, 0x73d7b
core   0: 3 0x80004840 (0x73d7b517) x10 0xf3d7f840
core   0: 0x80004844 (0x40d900b3) sub     ra, s2, a3
core   0: 3 0x80004844 (0x40d900b3) x 1 0x1c4ab000
core   0: 0x80004848 (0xebd20913) addi    s2, tp, -323
core   0: 3 0x80004848 (0xebd20913) x18 0xb577febc
core   0: 0x8000484c (0x41e68b33) sub     s6, a3, t5
core   0: 3 0x8000484c (0x41e68b33) x22 0x992d5000
core   0: 0x80004850 (0x40490533) sub     a0, s2, tp
core   0: 3 0x80004850 (0x40490533) x10 0xfffffebd
core   0: 0x80004854 (0x00c902b3) add     t0, s2, a2
core   0: 3 0x80004854 (0x00c902b3) x 5 0xb577febb
core   0: 0x80004858 (0x2bb072b7) lui     t0, 0x2bb07
core   0: 3 0x80004858 (0x2bb072b7) x 5 0x2bb07000
core   0: 0x8000485c (0x00720233) add     tp, tp, t2
core   0: 3 0x8000485c (0x00720233) x 4 0xc87af82f
core   0: 0x80004860 (0x0de90693) addi    a3, s2, 222
core   0: 3 0x80004860 (0x0de90693) x13 0xb577ff9a
core   0: 0x80004864 (0xaa690093) addi    ra, s2, -1370
core   0: 3 0x80004864 (0xaa690093) x 1 0xb577f962
core   0: 0x80004868 (0x8089b097) auipc   ra, 0x8089b
core   0: 3 0x80004868 (0x8089b097) x 1 0x0089f868
core   0: 0x8000486c (0x5b9936b7) lui     a3, 0x5b993
core   0: 3 0x8000486c (0x5b9936b7) x13 0x5b993000
core   0: 0x80004870 (0x4ad5f697) auipc   a3, 0x4ad5f
core   0: 3 0x80004870 (0x4ad5f697) x13 0xcad63870
core   0: 0x80004874 (0x000e3d33) sltu    s10, t3, zero
core   0: 3 0x80004874 (0x000e3d33) x26 0x00000000
core   0: 0x80004878 (0x13a96f13) ori     t5, s2, 314
core   0: 3 0x80004878 (0x13a96f13) x30 0xb577ffbe
core   0: 0x8000487c (0x007c6333) or      t1, s8, t2
core   0: 3 0x8000487c (0x007c6333) x 6 0x1302fe71
core   0: 0x80004880 (0x0066df13) srli    t5, a3, 6
core   0: 3 0x80004880 (0x0066df13) x30 0x032b58e1
core   0: 0x80004884 (0x00bdceb3) xor     t4, s11, a1
core   0: 3 0x80004884 (0x00bdceb3) x29 0x00000000
core   0: 0x80004888 (0x1417c917) auipc   s2, 0x1417c
core   0: 3 0x80004888 (0x1417c917) x18 0x94180888
core   0: 0x8000488c (0x41e2d2b3) sra     t0, t0, t5
core   0: 3 0x8000488c (0x41e2d2b3) x 5 0x15d83800
core   0: 0x80004890 (0x4062d5b3) sra     a1, t0, t1
core   0: 3 0x80004890 (0x4062d5b3) x11 0x00000aec
core   0: 0x80004894 (0xc5f63437) lui     s0, 0xc5f63
core   0: 3 0x80004894 (0xc5f63437) x 8 0xc5f63000
core   0: 0x80004898 (0xba640413) addi    s0, s0, -1114
core   0: 3 0x80004898 (0xba640413) x 8 0xc5f62ba6
core   0: 0x8000489c (0x800000b7) lui     ra, 0x80000
core   0: 3 0x8000489c (0x800000b7) x 1 0x80000000
core   0: 0x800048a0 (0x9c1b8db7) lui     s11, 0x9c1b8
core   0: 3 0x800048a0 (0x9c1b8db7) x27 0x9c1b8000
core   0: 0x800048a4 (0xfdad8d93) addi    s11, s11, -38
core   0: 3 0x800048a4 (0xfdad8d93) x27 0x9c1b7fda
core   0: 0x800048a8 (0x80000b37) lui     s6, 0x80000
core   0: 3 0x800048a8 (0x80000b37) x22 0x80000000
core   0: 0x800048ac (0xfb550e37) lui     t3, 0xfb550
core   0: 3 0x800048ac (0xfb550e37) x28 0xfb550000
core   0: 0x800048b0 (0x129e0e13) addi    t3, t3, 297
core   0: 3 0x800048b0 (0x129e0e13) x28 0xfb550129
core   0: 0x800048b4 (0x80000f37) lui     t5, 0x80000
core   0: 3 0x800048b4 (0x80000f37) x30 0x80000000
core   0: 0x800048b8 (0x00000513) li      a0, 0
core   0: 3 0x800048b8 (0x00000513) x10 0x00000000
core   0: 0x800048bc (0x800005b7) lui     a1, 0x80000
core   0: 3 0x800048bc (0x800005b7) x11 0x80000000
core   0: 0x800048c0 (0x00000913) li      s2, 0
core   0: 3 0x800048c0 (0x00000913) x18 0x00000000
core   0: 0x800048c4 (0x4984a6b7) lui     a3, 0x4984a
core   0: 3 0x800048c4 (0x4984a6b7) x13 0x4984a000
core   0: 0x800048c8 (0x70968693) addi    a3, a3, 1801
core   0: 3 0x800048c8 (0x70968693) x13 0x4984a709
core   0: 0x800048cc (0x00000013) nop
core   0: 3 0x800048cc (0x00000013)
core   0: 0x800048d0 (0x13993b17) auipc   s6, 0x13993
core   0: 3 0x800048d0 (0x13993b17) x22 0x939978d0
core   0: 0x800048d4 (0x00000013) nop
core   0: 3 0x800048d4 (0x00000013)
core   0: 0x800048d8 (0x46d470b7) lui     ra, 0x46d47
core   0: 3 0x800048d8 (0x46d470b7) x 1 0x46d47000
core   0: 0x800048dc (0xadf0fe37) lui     t3, 0xadf0f
core   0: 3 0x800048dc (0xadf0fe37) x28 0xadf0f000
core   0: 0x800048e0 (0xf4a58e37) lui     t3, 0xf4a58
core   0: 3 0x800048e0 (0xf4a58e37) x28 0xf4a58000
core   0: 0x800048e4 (0x00000013) nop
core   0: 3 0x800048e4 (0x00000013)
core   0: 0x800048e8 (0x408e0433) sub     s0, t3, s0
core   0: 3 0x800048e8 (0x408e0433) x 8 0x2eaf545a
core   0: 0x800048ec (0x408b0e33) sub     t3, s6, s0
core   0: 3 0x800048ec (0x408b0e33) x28 0x64ea2476
core   0: 0x800048f0 (0x00000013) nop
core   0: 3 0x800048f0 (0x00000013)
core   0: 0x800048f4 (0x50a92db7) lui     s11, 0x50a92
core   0: 3 0x800048f4 (0x50a92db7) x27 0x50a92000
core   0: 0x800048f8 (0x8995c097) auipc   ra, 0x8995c
core   0: 3 0x800048f8 (0x8995c097) x 1 0x099608f8
core   0: 0x800048fc (0xafb40d93) addi    s11, s0, -1285
core   0: 3 0x800048fc (0xafb40d93) x27 0x2eaf4f55
core   0: 0x80004900 (0xb654a437) lui     s0, 0xb654a
core   0: 3 0x80004900 (0xb654a437) x 8 0xb654a000
core   0: 0x80004904 (0x31f4dd97) auipc   s11, 0x31f4d
core   0: 3 0x80004904 (0x31f4dd97) x27 0xb1f51904
core   0: 0x80004908 (0xb34e3f37) lui     t5, 0xb34e3
core   0: 3 0x80004908 (0xb34e3f37) x30 0xb34e3000
core   0: 0x8000490c (0x41c480b3) sub     ra, s1, t3
core   0: 3 0x8000490c (0x41c480b3) x 1 0x9b15db8a
core   0: 0x80004910 (0x411a86b3) sub     a3, s5, a7
core   0: 3 0x80004910 (0x411a86b3) x13 0xffffffff
core   0: 0x80004914 (0xf1d58093) addi    ra, a1, -227
core   0: 3 0x80004914 (0xf1d58093) x 1 0x7fffff1d
core   0: 0x80004918 (0x05e4c397) auipc   t2, 0x5e4c
core   0: 3 0x80004918 (0x05e4c397) x 7 0x85e50918
core   0: 0x8000491c (0x65748413) addi    s0, s1, 1623
core   0: 3 0x8000491c (0x65748413) x 8 0x00000657
core   0: 0x80004920 (0xb7babd93) sltiu   s11, s5, -1157
core   0: 3 0x80004920 (0xb7babd93) x27 0x00000001
core   0: 0x80004924 (0x34756537) lui     a0, 0x34756
core   0: 3 0x80004924 (0x34756537) x10 0x34756000
core   0: 0x80004928 (0x2c5f55b7) lui     a1, 0x2c5f5
core   0: 3 0x80004928 (0x2c5f55b7) x11 0x2c5f5000
core   0: 0x8000492c (0xd6f1ce93) xori    t4, gp, -657
core   0: 3 0x8000492c (0xd6f1ce93) x29 0x95f6cb97
core   0: 0x80004930 (0xe5ca6237) lui     tp, 0xe5ca6
core   0: 3 0x80004930 (0xe5ca6237) x 4 0xe5ca6000
core   0: 0x80004934 (0x00b59e13) slli    t3, a1, 11
core   0: 3 0x80004934 (0x00b59e13) x28 0xfa800000
core   0: 0x80004938 (0x28fa3913) sltiu   s2, s4, 655
core   0: 3 0x80004938 (0x28fa3913) x18 0x00000001
core   0: 0x8000493c (0x014d6e33) or      t3, s10, s4
core   0: 3 0x8000493c (0x014d6e33) x28 0x00000000
core   0: 0x80004940 (0x019ff933) and     s2, t6, s9
core   0: 3 0x80004940 (0x019ff933) x18 0x00004000
core   0: 0x80004944 (0x400f0533) sub     a0, t5, zero
core   0: 3 0x80004944 (0x400f0533) x10 0xb34e3000
core   0: 0x80004948 (0x01513333) sltu    t1, sp, s5
core   0: 3 0x80004948 (0x01513333) x 6 0x00000000
core   0: 0x8000494c (0x01166233) or      tp, a2, a7
core   0: 3 0x8000494c (0x01166233) x 4 0xffffffff
core   0: 0x80004950 (0x202bfd13) andi    s10, s7, 514
core   0: 3 0x80004950 (0x202bfd13) x26 0x00000200
core   0: 0x80004954 (0x688bf137) lui     sp, 0x688bf
core   0: 3 0x80004954 (0x688bf137) x 2 0x688bf000
core   0: 0x80004958 (0xab236013) ori     zero, t1, -1358
core   0: 3 0x80004958 (0xab236013)
core   0: 0x8000495c (0x409e03b3) sub     t2, t3, s1
core   0: 3 0x8000495c (0x409e03b3) x 7 0x00000000
core   0: 0x80004960 (0xd46a3f13) sltiu   t5, s4, -698
core   0: 3 0x80004960 (0xd46a3f13) x30 0x00000001
core   0: 0x80004964 (0x011471b3) and     gp, s0, a7
core   0: 3 0x80004964 (0x011471b3) x 3 0x00000001
core   0: 0x80004968 (0x42d9ee13) ori     t3, s3, 1069
core   0: 3 0x80004968 (0x42d9ee13) x28 0x4d1bd42d
core   0: 0x8000496c (0x16de0e13) addi    t3, t3, 365
core   0: 3 0x8000496c (0x16de0e13) x28 0x4d1bd59a
core   0: 0x80004970 (0xbba17693) andi    a3, sp, -1094
core   0: 3 0x80004970 (0xbba17693) x13 0x688bf000
core   0: 0x80004974 (0x01bb9db3) sll     s11, s7, s11
core   0: 3 0x80004974 (0x01bb9db3) x27 0x00000670
core   0: 0x80004978 (0xa37bb393) sltiu   t2, s7, -1481
core   0: 3 0x80004978 (0xa37bb393) x 7 0x00000001
core   0: 0x8000497c (0x00000013) nop
core   0: 3 0x8000497c (0x00000013)
core   0: 0x80004980 (0x00549533) sll     a0, s1, t0
core   0: 3 0x80004980 (0x00549533) x10 0x00000000
core   0: 0x80004984 (0x2d7ea117) auipc   sp, 0x2d7ea
core   0: 3 0x80004984 (0x2d7ea117) x 2 0xad7ee984
core   0: 0x80004988 (0x9b23ce13) xori    t3, t2, -1614
core   0: 3 0x80004988 (0x9b23ce13) x28 0xfffff9b3
core   0: 0x8000498c (0x65526913) ori     s2, tp, 1621
core   0: 3 0x8000498c (0x65526913) x18 0xffffffff
core   0: 0x80004990 (0x3a297693) andi    a3, s2, 930
core   0: 3 0x80004990 (0x3a297693) x13 0x000003a2
core   0: 0x80004994 (0x00000013) nop
core   0: 3 0x80004994 (0x00000013)
core   0: 0x80004998 (0x013b83b3) add     t2, s7, s3
core   0: 3 0x80004998 (0x013b83b3) x 7 0x4d1bd339
core   0: 0x8000499c (0xed0f2b17) auipc   s6, 0xed0f2
core   0: 3 0x8000499c (0xed0f2b17) x22 0x6d0f699c
core   0: 0x800049a0 (0x00000013) nop
core   0: 3 0x800049a0 (0x00000013)
core   0: 0x800049a4 (0x01ade2b3) or      t0, s11, s10
core   0: 3 0x800049a4 (0x01ade2b3) x 5 0x00000670
core   0: 0x800049a8 (0x00961b33) sll     s6, a2, s1
core   0: 3 0x800049a8 (0x00961b33) x22 0xffffffff
core   0: 0x800049ac (0x00000013) nop
core   0: 3 0x800049ac (0x00000013)
core   0: 0x800049b0 (0x00571d13) slli    s10, a4, 5
core   0: 3 0x800049b0 (0x00571d13) x26 0x0021cc80
core   0: 0x800049b4 (0x01c23133) sltu    sp, tp, t3
core   0: 3 0x800049b4 (0x01c23133) x 2 0x00000000
core   0: 0x800049b8 (0x412d5d93) srai    s11, s10, 18
core   0: 3 0x800049b8 (0x412d5d93) x27 0x00000008
core   0: 0x800049bc (0x00000013) nop
core   0: 3 0x800049bc (0x00000013)
core   0: 0x800049c0 (0x00115513) srli    a0, sp, 1
core   0: 3 0x800049c0 (0x00115513) x10 0x00000000
core   0: 0x800049c4 (0xaa83fab7) lui     s5, 0xaa83f
core   0: 3 0x800049c4 (0xaa83fab7) x21 0xaa83f000
core   0: 0x800049c8 (0x9fdee493) ori     s1, t4, -1539
core   0: 3 0x800049c8 (0x9fdee493) x 9 0xfffffbff
core   0: 0x800049cc (0xa528eb93) ori     s7, a7, -1454
core   0: 3 0x800049cc (0xa528eb93) x23 0xfffffa53
core   0: 0x800049d0 (0xcab3ac37) lui     s8, 0xcab3a
core   0: 3 0x800049d0 (0xcab3ac37) x24 0xcab3a000
core   0: 0x800049d4 (0x631cae97) auipc   t4, 0x631ca
core   0: 3 0x800049d4 (0x631cae97) x29 0xe31ce9d4
core   0: 0x800049d8 (0x76ae8417) auipc   s0, 0x76ae8
core   0: 3 0x800049d8 (0x76ae8417) x 8 0xf6aec9d8
core   0: 0x800049dc (0x017b36b3) sltu    a3, s6, s7
core   0: 3 0x800049dc (0x017b36b3) x13 0x00000000
core   0: 0x800049e0 (0x6a3b0e93) addi    t4, s6, 1699
core   0: 3 0x800049e0 (0x6a3b0e93) x29 0x000006a2
core   0: 0x800049e4 (0x41cf89b3) sub     s3, t6, t3
core   0: 3 0x800049e4 (0x41cf89b3) x19 0x80015331
core   0: 0x800049e8 (0x00708533) add     a0, ra, t2
core   0: 3 0x800049e8 (0x00708533) x10 0xcd1bd256
core   0: 0x800049ec (0x00af1333) sll     t1, t5, a0
core   0: 3 0x800049ec (0x00af1333) x 6 0x00400000
core   0: 0x800049f0 (0x00a3d433) srl     s0, t2, a0
core   0: 3 0x800049f0 (0x00a3d433) x 8 0x00000134
core   0: 0x800049f4 (0x407e5813) srai    a6, t3, 7
core   0: 3 0x800049f4 (0x407e5813) x16 0xfffffff3
core   0: 0x800049f8 (0x4104d093) srai    ra, s1, 16
core   0: 3 0x800049f8 (0x4104d093) x 1 0xffffffff
core   0: 0x800049fc (0x00000013) nop
core   0: 3 0x800049fc (0x00000013)
core   0: 0x80004a00 (0x921d8b13) addi    s6, s11, -1759
core   0: 3 0x80004a00 (0x921d8b13) x22 0xfffff929
core   0: 0x80004a04 (0x413bd313) srai    t1, s7, 19
core   0: 3 0x80004a04 (0x413bd313) x 6 0xffffffff
core   0: 0x80004a08 (0x01ce69b3) or      s3, t3, t3
core   0: 3 0x80004a08 (0x01ce69b3) x19 0xfffff9b3
core   0: 0x80004a0c (0x40994013) xori    zero, s2, 1033
core   0: 3 0x80004a0c (0x40994013)
core   0: 0x80004a10 (0x43da6137) lui     sp, 0x43da6
core   0: 3 0x80004a10 (0x43da6137) x 2 0x43da6000
core   0: 0x80004a14 (0x00331d13) slli    s10, t1, 3
core   0: 3 0x80004a14 (0x00331d13) x26 0xfffffff8
core   0: 0x80004a18 (0x01f57633) and     a2, a0, t6
core   0: 3 0x80004a18 (0x01f57633) x12 0x80014044
core   0: 0x80004a1c (0x000ce5b3) or      a1, s9, zero
core   0: 3 0x80004a1c (0x000ce5b3) x11 0x10e66000
core   0: 0x80004a20 (0x00f00133) add     sp, zero, a5
core   0: 3 0x80004a20 (0x00f00133) x 2 0xff4e9b7e
core   0: 0x80004a24 (0x00748ab3) add     s5, s1, t2
core   0: 3 0x80004a24 (0x00748ab3) x21 0x4d1bcf38
core   0: 0x80004a28 (0x00b41a93) slli    s5, s0, 11
core   0: 3 0x80004a28 (0x00b41a93) x21 0x0009a000
core   0: 0x80004a2c (0xdb390813) addi    a6, s2, -589
core   0: 3 0x80004a2c (0xdb390813) x16 0xfffffdb2
core   0: 0x80004a30 (0x961decb7) lui     s9, 0x961de
core   0: 3 0x80004a30 (0x961decb7) x25 0x961de000
core   0: 0x80004a34 (0x289c1537) lui     a0, 0x289c1
core   0: 3 0x80004a34 (0x289c1537) x10 0x289c1000
core   0: 0x80004a38 (0x41e48933) sub     s2, s1, t5
core   0: 3 0x80004a38 (0x41e48933) x18 0xfffffbfe
core   0: 0x80004a3c (0x943b6993) ori     s3, s6, -1725
core   0: 3 0x80004a3c (0x943b6993) x19 0xfffff96b
core   0: 0x80004a40 (0x0188dc33) srl     s8, a7, s8
core   0: 3 0x80004a40 (0x0188dc33) x24 0x00000001
core   0: 0x80004a44 (0x07d45697) auipc   a3, 0x7d45
core   0: 3 0x80004a44 (0x07d45697) x13 0x87d49a44
core   0: 0x80004a48 (0x13706c93) ori     s9, zero, 311
core   0: 3 0x80004a48 (0x13706c93) x25 0x00000137
core   0: 0x80004a4c (0x012842b3) xor     t0, a6, s2
core   0: 3 0x80004a4c (0x012842b3) x 5 0x0000064c
core   0: 0x80004a50 (0x0012d033) srl     zero, t0, ra
core   0: 3 0x80004a50 (0x0012d033)
core   0: 0x80004a54 (0x00a05693) srli    a3, zero, 10
core   0: 3 0x80004a54 (0x00a05693) x13 0x00000000
core   0: 0x80004a58 (0xa4204db7) lui     s11, 0xa4204
core   0: 3 0x80004a58 (0xa4204db7) x27 0xa4204000
core   0: 0x80004a5c (0x41fdd593) srai    a1, s11, 31
core   0: 3 0x80004a5c (0x41fdd593) x11 0xffffffff
core   0: 0x80004a60 (0xa2832693) slti    a3, t1, -1496
core   0: 3 0x80004a60 (0xa2832693) x13 0x00000000
core   0: 0x80004a64 (0x26a26617) auipc   a2, 0x26a26
core   0: 3 0x80004a64 (0x26a26617) x12 0xa6a2aa64
core   0: 0x80004a68 (0x01991413) slli    s0, s2, 25
core   0: 3 0x80004a68 (0x01991413) x 8 0xfc000000
core   0: 0x80004a6c (0x00892633) slt     a2, s2, s0
core   0: 3 0x80004a6c (0x00892633) x12 0x00000000
core   0: 0x80004a70 (0x004e35b3) sltu    a1, t3, tp
core   0: 3 0x80004a70 (0x004e35b3) x11 0x00000001
core   0: 0x80004a74 (0x0b7d6c93) ori     s9, s10, 183
core   0: 3 0x80004a74 (0x0b7d6c93) x25 0xffffffff
core   0: 0x80004a78 (0x40d1d233) sra     tp, gp, a3
core   0: 3 0x80004a78 (0x40d1d233) x 4 0x00000001
core   0: 0x80004a7c (0x01c97cb3) and     s9, s2, t3
core   0: 3 0x80004a7c (0x01c97cb3) x25 0xfffff9b2
core   0: 0x80004a80 (0x01ca1333) sll     t1, s4, t3
core   0: 3 0x80004a80 (0x01ca1333) x 6 0x00000000
core   0: 0x80004a84 (0xb99ff193) andi    gp, t6, -1127
core   0: 3 0x80004a84 (0xb99ff193) x 3 0x80014880
core   0: 0x80004a88 (0x012629b3) slt     s3, a2, s2
core   0: 3 0x80004a88 (0x012629b3) x19 0x00000000
core   0: 0x80004a8c (0x41a9df33) sra     t5, s3, s10
core   0: 3 0x80004a8c (0x41a9df33) x30 0x00000000
core   0: 0x80004a90 (0x01406833) or      a6, zero, s4
core   0: 3 0x80004a90 (0x01406833) x16 0x00000000
core   0: 0x80004a94 (0x00000013) nop
core   0: 3 0x80004a94 (0x00000013)
core   0: 0x80004a98 (0x409e8833) sub     a6, t4, s1
core   0: 3 0x80004a98 (0x409e8833) x16 0x00000aa3
core   0: 0x80004a9c (0x9c500193) li      gp, -1595
core   0: 3 0x80004a9c (0x9c500193) x 3 0xfffff9c5
core   0: 0x80004aa0 (0x41305bb3) sra     s7, zero, s3
core   0: 3 0x80004aa0 (0x41305bb3) x23 0x00000000
core   0: 0x80004aa4 (0x4dd43593) sltiu   a1, s0, 1245
core   0: 3 0x80004aa4 (0x4dd43593) x11 0x00000000
core   0: 0x80004aa8 (0x01f2cab3) xor     s5, t0, t6
core   0: 3 0x80004aa8 (0x01f2cab3) x21 0x80014aa8
core   0: 0x80004aac (0x019ad693) srli    a3, s5, 25
core   0: 3 0x80004aac (0x019ad693) x13 0x00000040
core   0: 0x80004ab0 (0x1705d697) auipc   a3, 0x1705d
core   0: 3 0x80004ab0 (0x1705d697) x13 0x97061ab0
core   0: 0x80004ab4 (0x0066fa33) and     s4, a3, t1
core   0: 3 0x80004ab4 (0x0066fa33) x20 0x00000000
core   0: 0x80004ab8 (0x0086c1b3) xor     gp, a3, s0
core   0: 3 0x80004ab8 (0x0086c1b3) x 3 0x6b061ab0
core   0: 0x80004abc (0x003bb8b3) sltu    a7, s7, gp
core   0: 3 0x80004abc (0x003bb8b3) x17 0x00000001
core   0: 0x80004ac0 (0x016696b3) sll     a3, a3, s6
core   0: 3 0x80004ac0 (0x016696b3) x13 0x0c356000
core   0: 0x80004ac4 (0x01239d33) sll     s10, t2, s2
core   0: 3 0x80004ac4 (0x01239d33) x26 0x40000000
core   0: 0x80004ac8 (0x9173c213) xori    tp, t2, -1769
core   0: 3 0x80004ac8 (0x9173c213) x 4 0xb2e42a2e
core   0: 0x80004acc (0x2ca00013) li      zero, 714
core   0: 3 0x80004acc (0x2ca00013)
core   0: 0x80004ad0 (0x0144eb93) ori     s7, s1, 20
core   0: 3 0x80004ad0 (0x0144eb93) x23 0xfffffbff
core   0: 0x80004ad4 (0x00da9f33) sll     t5, s5, a3
core   0: 3 0x80004ad4 (0x00da9f33) x30 0x80014aa8
core   0: 0x80004ad8 (0x018810b3) sll     ra, a6, s8
core   0: 3 0x80004ad8 (0x018810b3) x 1 0x00001546
core   0: 0x80004adc (0xd6117b13) andi    s6, sp, -671
core   0: 3 0x80004adc (0xd6117b13) x22 0xff4e9960
core   0: 0x80004ae0 (0x01f8ef33) or      t5, a7, t6
core   0: 3 0x80004ae0 (0x01f8ef33) x30 0x80014ce5
core   0: 0x80004ae4 (0x2cf8fe13) andi    t3, a7, 719
core   0: 3 0x80004ae4 (0x2cf8fe13) x28 0x00000001
core   0: 0x80004ae8 (0x00402333) slt     t1, zero, tp
core   0: 3 0x80004ae8 (0x00402333) x 6 0x00000000
core   0: 0x80004aec (0xfbdb8037) lui     zero, 0xfbdb8
core   0: 3 0x80004aec (0xfbdb8037)
core   0: 0x80004af0 (0x00915033) srl     zero, sp, s1
core   0: 3 0x80004af0 (0x00915033)
core   0: 0x80004af4 (0x01b4c3b3) xor     t2, s1, s11
core   0: 3 0x80004af4 (0x01b4c3b3) x 7 0x5bdfbbff
core   0: 0x80004af8 (0xff0dbf13) sltiu   t5, s11, -16
core   0: 3 0x80004af8 (0xff0dbf13) x30 0x00000001
core   0: 0x80004afc (0xcea6ee93) ori     t4, a3, -790
core   0: 3 0x80004afc (0xcea6ee93) x29 0xfffffcea
core   0: 0x80004b00 (0x3ccf7813) andi    a6, t5, 972
core   0: 3 0x80004b00 (0x3ccf7813) x16 0x00000000
core   0: 0x80004b04 (0xdf76c593) xori    a1, a3, -521
core   0: 3 0x80004b04 (0xdf76c593) x11 0xf3ca9df7
core   0: 0x80004b08 (0x0183ee33) or      t3, t2, s8
core   0: 3 0x80004b08 (0x0183ee33) x28 0x5bdfbbff
core   0: 0x80004b0c (0x01649c93) slli    s9, s1, 22
core   0: 3 0x80004b0c (0x01649c93) x25 0xffc00000
core   0: 0x80004b10 (0xff4a6393) ori     t2, s4, -12
core   0: 3 0x80004b10 (0xff4a6393) x 7 0xfffffff4
core   0: 0x80004b14 (0x00c7d693) srli    a3, a5, 12
core   0: 3 0x80004b14 (0x00c7d693) x13 0x000ff4e9
core   0: 0x80004b18 (0xd0075117) auipc   sp, 0xd0075
core   0: 3 0x80004b18 (0xd0075117) x 2 0x50079b18
core   0: 0x80004b1c (0xebe24a93) xori    s5, tp, -322
core   0: 3 0x80004b1c (0xebe24a93) x21 0x4d1bd490
core   0: 0x80004b20 (0xcf413813) sltiu   a6, sp, -780
core   0: 3 0x80004b20 (0xcf413813) x16 0x00000001
core   0: 0x80004b24 (0xf6a5e593) ori     a1, a1, -150
core   0: 3 0x80004b24 (0xf6a5e593) x11 0xffffffff
core   0: 0x80004b28 (0x009235b3) sltu    a1, tp, s1
core   0: 3 0x80004b28 (0x009235b3) x11 0x00000001
core   0: 0x80004b2c (0x7b030493) addi    s1, t1, 1968
core   0: 3 0x80004b2c (0x7b030493) x 9 0x000007b0
core   0: 0x80004b30 (0x001c1393) slli    t2, s8, 1
core   0: 3 0x80004b30 (0x001c1393) x 7 0x00000002
core   0: 0x80004b34 (0x04fb3d97) auipc   s11, 0x4fb3
core   0: 3 0x80004b34 (0x04fb3d97) x27 0x84fb7b34
core   0: 0x80004b38 (0x01aa1213) slli    tp, s4, 26
core   0: 3 0x80004b38 (0x01aa1213) x 4 0x00000000
core   0: 0x80004b3c (0x007de333) or      t1, s11, t2
core   0: 3 0x80004b3c (0x007de333) x 6 0x84fb7b36
core   0: 0x80004b40 (0x01296333) or      t1, s2, s2
core   0: 3 0x80004b40 (0x01296333) x 6 0xfffffbfe
core   0: 0x80004b44 (0x00d043b3) xor     t2, zero, a3
core   0: 3 0x80004b44 (0x00d043b3) x 7 0x000ff4e9
core   0: 0x80004b48 (0x01de4d33) xor     s10, t3, t4
core   0: 3 0x80004b48 (0x01de4d33) x26 0xa4204715
core   0: 0x80004b4c (0x053e6313) ori     t1, t3, 83
core   0: 3 0x80004b4c (0x053e6313) x 6 0x5bdfbbff
core   0: 0x80004b50 (0x5aaea593) slti    a1, t4, 1450
core   0: 3 0x80004b50 (0x5aaea593) x11 0x00000001
core   0: 0x80004b54 (0x0187e333) or      t1, a5, s8
core   0: 3 0x80004b54 (0x0187e333) x 6 0xff4e9b7f
core   0: 0x80004b58 (0x01ca0833) add     a6, s4, t3
core   0: 3 0x80004b58 (0x01ca0833) x16 0x5bdfbbff
core   0: 0x80004b5c (0x013a9eb3) sll     t4, s5, s3
core   0: 3 0x80004b5c (0x013a9eb3) x29 0x4d1bd490
core   0: 0x80004b60 (0x00c623b3) slt     t2, a2, a2
core   0: 3 0x80004b60 (0x00c623b3) x 7 0x00000000
core   0: 0x80004b64 (0x00840e33) add     t3, s0, s0
core   0: 3 0x80004b64 (0x00840e33) x28 0xf8000000
core   0: 0x80004b68 (0x013afc33) and     s8, s5, s3
core   0: 3 0x80004b68 (0x013afc33) x24 0x00000000
core   0: 0x80004b6c (0xbe432293) slti    t0, t1, -1052
core   0: 3 0x80004b6c (0xbe432293) x 5 0x00000001
core   0: 0x80004b70 (0x01a4ae33) slt     t3, s1, s10
core   0: 3 0x80004b70 (0x01a4ae33) x28 0x00000000
core   0: 0x80004b74 (0x00000013) nop
core   0: 3 0x80004b74 (0x00000013)
core   0: 0x80004b78 (0x01e51533) sll     a0, a0, t5
core   0: 3 0x80004b78 (0x01e51533) x10 0x51382000
core   0: 0x80004b7c (0x00000013) nop
core   0: 3 0x80004b7c (0x00000013)
core   0: 0x80004b80 (0x01ce9213) slli    tp, t4, 28
core   0: 3 0x80004b80 (0x01ce9213) x 4 0x00000000
core   0: 0x80004b84 (0xb2d1fd93) andi    s11, gp, -1235
core   0: 3 0x80004b84 (0xb2d1fd93) x27 0x6b061a20
core   0: 0x80004b88 (0x7f15b597) auipc   a1, 0x7f15b
core   0: 3 0x80004b88 (0x7f15b597) x11 0xff15fb88
core   0: 0x80004b8c (0x4bec2e13) slti    t3, s8, 1214
core   0: 3 0x80004b8c (0x4bec2e13) x28 0x00000001
core   0: 0x80004b90 (0x43424893) xori    a7, tp, 1076
core   0: 3 0x80004b90 (0x43424893) x17 0x00000434
core   0: 0x80004b94 (0x00000013) nop
core   0: 3 0x80004b94 (0x00000013)
core   0: 0x80004b98 (0x005b1493) slli    s1, s6, 5
core   0: 3 0x80004b98 (0x005b1493) x 9 0xe9d32c00
core   0: 0x80004b9c (0x00000013) nop
core   0: 3 0x80004b9c (0x00000013)
core   0: 0x80004ba0 (0x01626433) or      s0, tp, s6
core   0: 3 0x80004ba0 (0x01626433) x 8 0xff4e9960
core   0: 0x80004ba4 (0xae282093) slti    ra, a6, -1310
core   0: 3 0x80004ba4 (0xae282093) x 1 0x00000000
core   0: 0x80004ba8 (0x00a4e1b3) or      gp, s1, a0
core   0: 3 0x80004ba8 (0x00a4e1b3) x 3 0xf9fb2c00
core   0: 0x80004bac (0x01291633) sll     a2, s2, s2
core   0: 3 0x80004bac (0x01291633) x12 0x80000000
core   0: 0x80004bb0 (0x0062ae33) slt     t3, t0, t1
core   0: 3 0x80004bb0 (0x0062ae33) x28 0x00000000
core   0: 0x80004bb4 (0x497eb693) sltiu   a3, t4, 1175
core   0: 3 0x80004bb4 (0x497eb693) x13 0x00000000
core   0: 0x80004bb8 (0x016a6cb3) or      s9, s4, s6
core   0: 3 0x80004bb8 (0x016a6cb3) x25 0xff4e9960
core   0: 0x80004bbc (0x94b69217) auipc   tp, 0x94b69
core   0: 3 0x80004bbc (0x94b69217) x 4 0x14b6dbbc
core   0: 0x80004bc0 (0xc133af13) slti    t5, t2, -1005
core   0: 3 0x80004bc0 (0xc133af13) x30 0x00000000
core   0: 0x80004bc4 (0x919019b7) lui     s3, 0x91901
core   0: 3 0x80004bc4 (0x919019b7) x19 0x91901000
core   0: 0x80004bc8 (0x8c1c7993) andi    s3, s8, -1855
core   0: 3 0x80004bc8 (0x8c1c7993) x19 0x00000000
core   0: 0x80004bcc (0x01efe833) or      a6, t6, t5
core   0: 3 0x80004bcc (0x01efe833) x16 0x80014ce4
core   0: 0x80004bd0 (0x410d8a33) sub     s4, s11, a6
core   0: 3 0x80004bd0 (0x410d8a33) x20 0xeb04cd3c
core   0: 0x80004bd4 (0x00adc5b3) xor     a1, s11, a0
core   0: 3 0x80004bd4 (0x00adc5b3) x11 0x3a3e3a20
core   0: 0x80004bd8 (0xeb5a9d97) auipc   s11, 0xeb5a9
core   0: 3 0x80004bd8 (0xeb5a9d97) x27 0x6b5adbd8
core   0: 0x80004bdc (0x2c5cb693) sltiu   a3, s9, 709
core   0: 3 0x80004bdc (0x2c5cb693) x13 0x00000000
core   0: 0x80004be0 (0x483dac93) slti    s9, s11, 1155
core   0: 3 0x80004be0 (0x483dac93) x25 0x00000000
core   0: 0x80004be4 (0x011dccb3) xor     s9, s11, a7
core   0: 3 0x80004be4 (0x011dccb3) x25 0x6b5adfec
core   0: 0x80004be8 (0x000bd6b3) srl     a3, s7, zero
core   0: 3 0x80004be8 (0x000bd6b3) x13 0xfffffbff
core   0: 0x80004bec (0x00581cb3) sll     s9, a6, t0
core   0: 3 0x80004bec (0x00581cb3) x25 0x000299c8
core   0: 0x80004bf0 (0x5066a193) slti    gp, a3, 1286
core   0: 3 0x80004bf0 (0x5066a193) x 3 0x00000001
core   0: 0x80004bf4 (0xd6d58593) addi    a1, a1, -659
core   0: 3 0x80004bf4 (0xd6d58593) x11 0x3a3e378d
core   0: 0x80004bf8 (0x41645ab3) sra     s5, s0, s6
core   0: 3 0x80004bf8 (0x41645ab3) x21 0xff4e9960
core   0: 0x80004bfc (0x5a917817) auipc   a6, 0x5a917
core   0: 3 0x80004bfc (0x5a917817) x16 0xda91bbfc
core   0: 0x80004c00 (0x40ce5d33) sra     s10, t3, a2
core   0: 3 0x80004c00 (0x40ce5d33) x26 0x00000000
core   0: 0x80004c04 (0x400a5f33) sra     t5, s4, zero
core   0: 3 0x80004c04 (0x400a5f33) x30 0xeb04cd3c
core   0: 0x80004c08 (0x003c8db3) add     s11, s9, gp
core   0: 3 0x80004c08 (0x003c8db3) x27 0x000299c9
core   0: 0x80004c0c (0x41065213) srai    tp, a2, 16
core   0: 3 0x80004c0c (0x41065213) x 4 0xffff8000
core   0: 0x80004c10 (0x00000013) nop
core   0: 3 0x80004c10 (0x00000013)
core   0: 0x80004c14 (0x013f93b3) sll     t2, t6, s3
core   0: 3 0x80004c14 (0x013f93b3) x 7 0x80014ce4
core   0: 0x80004c18 (0x00552db3) slt     s11, a0, t0
core   0: 3 0x80004c18 (0x00552db3) x27 0x00000000
core   0: 0x80004c1c (0x419f5f13) srai    t5, t5, 25
core   0: 3 0x80004c1c (0x419f5f13) x30 0xfffffff5
core   0: 0x80004c20 (0x97396413) ori     s0, s2, -1677
core   0: 3 0x80004c20 (0x97396413) x 8 0xfffffbff
core   0: 0x80004c24 (0x004ec133) xor     sp, t4, tp
core   0: 3 0x80004c24 (0x004ec133) x 2 0xb2e45490
core   0: 0x80004c28 (0x01fe31b3) sltu    gp, t3, t6
core   0: 3 0x80004c28 (0x01fe31b3) x 3 0x00000001
core   0: 0x80004c2c (0x007a5cb3) srl     s9, s4, t2
core   0: 3 0x80004c2c (0x007a5cb3) x25 0x0eb04cd3
core   0: 0x80004c30 (0x58577997) auipc   s3, 0x58577
core   0: 3 0x80004c30 (0x58577997) x19 0xd857bc30
core   0: 0x80004c34 (0x00000013) nop
core   0: 3 0x80004c34 (0x00000013)
core   0: 0x80004c38 (0xc1cbcb93) xori    s7, s7, -996
core   0: 3 0x80004c38 (0xc1cbcb93) x23 0x000007e3
core   0: 0x80004c3c (0xd2390a93) addi    s5, s2, -733
core   0: 3 0x80004c3c (0xd2390a93) x21 0xfffff921
core   0: 0x80004c40 (0x41c7d113) srai    sp, a5, 28
core   0: 3 0x80004c40 (0x41c7d113) x 2 0xffffffff
core   0: 0x80004c44 (0x70bc6f13) ori     t5, s8, 1803
core   0: 3 0x80004c44 (0x70bc6f13) x30 0x0000070b
core   0: 0x80004c48 (0x0104ce33) xor     t3, s1, a6
core   0: 3 0x80004c48 (0x0104ce33) x28 0x334297fc
core   0: 0x80004c4c (0xf109e393) ori     t2, s3, -240
core   0: 3 0x80004c4c (0xf109e393) x 7 0xffffff30
core   0: 0x80004c50 (0x40a3d0b3) sra     ra, t2, a0
core   0: 3 0x80004c50 (0x40a3d0b3) x 1 0xffffff30
core   0: 0x80004c54 (0x619f8693) addi    a3, t6, 1561
core   0: 3 0x80004c54 (0x619f8693) x13 0x800152fd
core   0: 0x80004c58 (0x01131293) slli    t0, t1, 17
core   0: 3 0x80004c58 (0x01131293) x 5 0x36fe0000
core   0: 0x80004c5c (0x4d6fa093) slti    ra, t6, 1238
core   0: 3 0x80004c5c (0x4d6fa093) x 1 0x00000001
core   0: 0x80004c60 (0x002e13b3) sll     t2, t3, sp
core   0: 3 0x80004c60 (0x002e13b3) x 7 0x00000000
core   0: 0x80004c64 (0x97eaa837) lui     a6, 0x97eaa
core   0: 3 0x80004c64 (0x97eaa837) x16 0x97eaa000
core   0: 0x80004c68 (0x0151a5b3) slt     a1, gp, s5
core   0: 3 0x80004c68 (0x0151a5b3) x11 0x00000000
core   0: 0x80004c6c (0x00877e33) and     t3, a4, s0
core   0: 3 0x80004c6c (0x00877e33) x28 0x80010a64
core   0: 0x80004c70 (0x00f95333) srl     t1, s2, a5
core   0: 3 0x80004c70 (0x00f95333) x 6 0x00000003
core   0: 0x80004c74 (0x48147413) andi    s0, s0, 1153
core   0: 3 0x80004c74 (0x48147413) x 8 0x00000081
core   0: 0x80004c78 (0x016c72b3) and     t0, s8, s6
core   0: 3 0x80004c78 (0x016c72b3) x 5 0x00000000
core   0: 0x80004c7c (0x000d3bb3) sltu    s7, s10, zero
core   0: 3 0x80004c7c (0x000d3bb3) x23 0x00000000
core   0: 0x80004c80 (0x006c5ab3) srl     s5, s8, t1
core   0: 3 0x80004c80 (0x006c5ab3) x21 0x00000000
core   0: 0x80004c84 (0x63cab513) sltiu   a0, s5, 1596
core   0: 3 0x80004c84 (0x63cab513) x10 0x00000001
core   0: 0x80004c88 (0xea73e597) auipc   a1, 0xea73e
core   0: 3 0x80004c88 (0xea73e597) x11 0x6a742c88
core   0: 0x80004c8c (0x752be593) ori     a1, s7, 1874
core   0: 3 0x80004c8c (0x752be593) x11 0x00000752
core   0: 0x80004c90 (0xf82c4913) xori    s2, s8, -126
core   0: 3 0x80004c90 (0xf82c4913) x18 0xffffff82
core   0: 0x80004c94 (0x00219c93) slli    s9, gp, 2
core   0: 3 0x80004c94 (0x00219c93) x25 0x00000004
core   0: 0x80004c98 (0x50c5a197) auipc   gp, 0x50c5a
core   0: 3 0x80004c98 (0x50c5a197) x 3 0xd0c5ec98
core   0: 0x80004c9c (0x01c33233) sltu    tp, t1, t3
core   0: 3 0x80004c9c (0x01c33233) x 4 0x00000001
core   0: 0x80004ca0 (0x63517393) andi    t2, sp, 1589
core   0: 3 0x80004ca0 (0x63517393) x 7 0x00000635
core   0: 0x80004ca4 (0x41e3de33) sra     t3, t2, t5
core   0: 3 0x80004ca4 (0x41e3de33) x28 0x00000000
core   0: 0x80004ca8 (0xe4184b93) xori    s7, a6, -447
core   0: 3 0x80004ca8 (0xe4184b93) x23 0x68155e41
core   0: 0x80004cac (0xba3de417) auipc   s0, 0xba3de
core   0: 3 0x80004cac (0xba3de417) x 8 0x3a3e2cac
core   0: 0x80004cb0 (0x00821db3) sll     s11, tp, s0
core   0: 3 0x80004cb0 (0x00821db3) x27 0x00001000
core   0: 0x80004cb4 (0x83608113) addi    sp, ra, -1994
core   0: 3 0x80004cb4 (0x83608113) x 2 0xfffff837
core   0: 0x80004cb8 (0x00000013) nop
core   0: 3 0x80004cb8 (0x00000013)
core   0: 0x80004cbc (0x01ef7533) and     a0, t5, t5
core   0: 3 0x80004cbc (0x01ef7533) x10 0x0000070b
core   0: 0x80004cc0 (0x404dd633) sra     a2, s11, tp
core   0: 3 0x80004cc0 (0x404dd633) x12 0x00000800
core   0: 0x80004cc4 (0x2f127993) andi    s3, tp, 753
core   0: 3 0x80004cc4 (0x2f127993) x19 0x00000001
core   0: 0x80004cc8 (0xd1ba6213) ori     tp, s4, -741
core   0: 3 0x80004cc8 (0xd1ba6213) x 4 0xfffffd3f
core   0: 0x80004ccc (0x6167fe13) andi    t3, a5, 1558
core   0: 3 0x80004ccc (0x6167fe13) x28 0x00000216
core   0: 0x80004cd0 (0x016f9193) slli    gp, t6, 22
core   0: 3 0x80004cd0 (0x016f9193) x 3 0x39000000
core   0: 0x80004cd4 (0xe49db693) sltiu   a3, s11, -439
core   0: 3 0x80004cd4 (0xe49db693) x13 0x00000001
core   0: 0x80004cd8 (0xfd9f8613) addi    a2, t6, -39
core   0: 3 0x80004cd8 (0xfd9f8613) x12 0x80014cbd
core   0: 0x80004cdc (0x01d8f533) and     a0, a7, t4
core   0: 3 0x80004cdc (0x01d8f533) x10 0x00000410
core   0: 0x80004ce0 (0x00a61233) sll     tp, a2, a0
core   0: 3 0x80004ce0 (0x00a61233) x 4 0x4cbd0000
core   0: 0x80004ce4 (0xb7dda393) slti    t2, s11, -1155
core   0: 3 0x80004ce4 (0xb7dda393) x 7 0x00000000
core   0: 0x80004ce8 (0xd0baf813) andi    a6, s5, -757
core   0: 3 0x80004ce8 (0xd0baf813) x16 0x00000000
core   0: 0x80004cec (0x0170d633) srl     a2, ra, s7
core   0: 3 0x80004cec (0x0170d633) x12 0x00000000
core   0: 0x80004cf0 (0x00d7d693) srli    a3, a5, 13
core   0: 3 0x80004cf0 (0x00d7d693) x13 0x0007fa74
core   0: 0x80004cf4 (0x01857bb3) and     s7, a0, s8
core   0: 3 0x80004cf4 (0x01857bb3) x23 0x00000000
core   0: 0x80004cf8 (0x01a2c333) xor     t1, t0, s10
core   0: 3 0x80004cf8 (0x01a2c333) x 6 0x00000000
core   0: 0x80004cfc (0x014ce833) or      a6, s9, s4
core   0: 3 0x80004cfc (0x014ce833) x16 0xeb04cd3c
core   0: 0x80004d00 (0x39782e13) slti    t3, a6, 919
core   0: 3 0x80004d00 (0x39782e13) x28 0x00000001
core   0: 0x80004d04 (0xdaf2c593) xori    a1, t0, -593
core   0: 3 0x80004d04 (0xdaf2c593) x11 0xfffffdaf
core   0: 0x80004d08 (0xbda1a093) slti    ra, gp, -1062
core   0: 3 0x80004d08 (0xbda1a093) x 1 0x00000000
core   0: 0x80004d0c (0x019fcc33) xor     s8, t6, s9
core   0: 3 0x80004d0c (0x019fcc33) x24 0x80014ce0
core   0: 0x80004d10 (0x2fd92e13) slti    t3, s2, 765
core   0: 3 0x80004d10 (0x2fd92e13) x28 0x00000001
core   0: 0x80004d14 (0xba89e913) ori     s2, s3, -1112
core   0: 3 0x80004d14 (0xba89e913) x18 0xfffffba9
core   0: 0x80004d18 (0x4122d5b3) sra     a1, t0, s2
core   0: 3 0x80004d18 (0x4122d5b3) x11 0x00000000
core   0: 0x80004d1c (0x403f8f33) sub     t5, t6, gp
core   0: 3 0x80004d1c (0x403f8f33) x30 0x47014ce4
core   0: 0x80004d20 (0x9345f413) andi    s0, a1, -1740
core   0: 3 0x80004d20 (0x9345f413) x 8 0x00000000
core   0: 0x80004d24 (0xbbe664b7) lui     s1, 0xbbe66
core   0: 3 0x80004d24 (0xbbe664b7) x 9 0xbbe66000
core   0: 0x80004d28 (0xec56ec93) ori     s9, a3, -315
core   0: 3 0x80004d28 (0xec56ec93) x25 0xfffffef5
core   0: 0x80004d2c (0x48f4a597) auipc   a1, 0x48f4a
core   0: 3 0x80004d2c (0x48f4a597) x11 0xc8f4ed2c
core   0: 0x80004d30 (0x014b23b3) slt     t2, s6, s4
core   0: 3 0x80004d30 (0x014b23b3) x 7 0x00000000
core   0: 0x80004d34 (0x2abda613) slti    a2, s11, 683
core   0: 3 0x80004d34 (0x2abda613) x12 0x00000000
core   0: 0x80004d38 (0x643c3213) sltiu   tp, s8, 1603
core   0: 3 0x80004d38 (0x643c3213) x 4 0x00000000
core   0: 0x80004d3c (0xe66a7693) andi    a3, s4, -410
core   0: 3 0x80004d3c (0xe66a7693) x13 0xeb04cc24
core   0: 0x80004d40 (0x01e66cb3) or      s9, a2, t5
core   0: 3 0x80004d40 (0x01e66cb3) x25 0x47014ce4
core   0: 0x80004d44 (0xfe9ea993) slti    s3, t4, -23
core   0: 3 0x80004d44 (0xfe9ea993) x19 0x00000000
core   0: 0x80004d48 (0x012b6933) or      s2, s6, s2
core   0: 3 0x80004d48 (0x012b6933) x18 0xfffffbe9
core   0: 0x80004d4c (0xca177413) andi    s0, a4, -863
core   0: 3 0x80004d4c (0xca177413) x 8 0x80010c20
core   0: 0x80004d50 (0x00682a33) slt     s4, a6, t1
core   0: 3 0x80004d50 (0x00682a33) x20 0x00000001
core   0: 0x80004d54 (0x00697633) and     a2, s2, t1
core   0: 3 0x80004d54 (0x00697633) x12 0x00000000
core   0: 0x80004d58 (0x0014d313) srli    t1, s1, 1
core   0: 3 0x80004d58 (0x0014d313) x 6 0x5df33000
core   0: 0x80004d5c (0x01445633) srl     a2, s0, s4
core   0: 3 0x80004d5c (0x01445633) x12 0x40008610
core   0: 0x80004d60 (0x4e5a1617) auipc   a2, 0x4e5a1
core   0: 3 0x80004d60 (0x4e5a1617) x12 0xce5a5d60
core   0: 0x80004d64 (0x01582333) slt     t1, a6, s5
core   0: 3 0x80004d64 (0x01582333) x 6 0x00000001
core   0: 0x80004d68 (0x004e5933) srl     s2, t3, tp
core   0: 3 0x80004d68 (0x004e5933) x18 0x00000001
core   0: 0x80004d6c (0x01a49493) slli    s1, s1, 26
core   0: 3 0x80004d6c (0x01a49493) x 9 0x00000000
core   0: 0x80004d70 (0x01105d93) srli    s11, zero, 17
core   0: 3 0x80004d70 (0x01105d93) x27 0x00000000
core   0: 0x80004d74 (0x400e0833) sub     a6, t3, zero
core   0: 3 0x80004d74 (0x400e0833) x16 0x00000001
core   0: 0x80004d78 (0x41515a13) srai    s4, sp, 21
core   0: 3 0x80004d78 (0x41515a13) x20 0xffffffff
core   0: 0x80004d7c (0x40ab5293) srai    t0, s6, 10
core   0: 3 0x80004d7c (0x40ab5293) x 5 0xffffd3a6
core   0: 0x80004d80 (0x3b3d2613) slti    a2, s10, 947
core   0: 3 0x80004d80 (0x3b3d2613) x12 0x00000001
core   0: 0x80004d84 (0x3b26c413) xori    s0, a3, 946
core   0: 3 0x80004d84 (0x3b26c413) x 8 0xeb04cf96
core   0: 0x80004d88 (0x776bd317) auipc   t1, 0x776bd
core   0: 3 0x80004d88 (0x776bd317) x 6 0xf76c1d88
core   0: 0x80004d8c (0x4769edb7) lui     s11, 0x4769e
core   0: 3 0x80004d8c (0x4769edb7) x27 0x4769e000
core   0: 0x80004d90 (0x7b862a13) slti    s4, a2, 1976
core   0: 3 0x80004d90 (0x7b862a13) x20 0x00000001
core   0: 0x80004d94 (0x002e56b3) srl     a3, t3, sp
core   0: 3 0x80004d94 (0x002e56b3) x13 0x00000000
core   0: 0x80004d98 (0x00000013) nop
core   0: 3 0x80004d98 (0x00000013)
core   0: 0x80004d9c (0x0122c4b3) xor     s1, t0, s2
core   0: 3 0x80004d9c (0x0122c4b3) x 9 0xffffd3a7
core   0: 0x80004da0 (0x4302c413) xori    s0, t0, 1072
core   0: 3 0x80004da0 (0x4302c413) x 8 0xffffd796
core   0: 0x80004da4 (0x20d76413) ori     s0, a4, 525
core   0: 3 0x80004da4 (0x20d76413) x 8 0x80010e6d
core   0: 0x80004da8 (0x4119d113) srai    sp, s3, 17
core   0: 3 0x80004da8 (0x4119d113) x 2 0x00000000
core   0: 0x80004dac (0x003c2533) slt     a0, s8, gp
core   0: 3 0x80004dac (0x003c2533) x10 0x00000001
core   0: 0x80004db0 (0x00f638b3) sltu    a7, a2, a5
core   0: 3 0x80004db0 (0x00f638b3) x17 0x00000001
core   0: 0x80004db4 (0x408159b3) sra     s3, sp, s0
core   0: 3 0x80004db4 (0x408159b3) x19 0x00000000
core   0: 0x80004db8 (0x41055eb3) sra     t4, a0, a6
core   0: 3 0x80004db8 (0x41055eb3) x29 0x00000000
core   0: 0x80004dbc (0x9f25e637) lui     a2, 0x9f25e
core   0: 3 0x80004dbc (0x9f25e637) x12 0x9f25e000
core   0: 0x80004dc0 (0x01f01c33) sll     s8, zero, t6
core   0: 3 0x80004dc0 (0x01f01c33) x24 0x00000000
core   0: 0x80004dc4 (0x01e32cb3) slt     s9, t1, t5
core   0: 3 0x80004dc4 (0x01e32cb3) x25 0x00000001
core   0: 0x80004dc8 (0x019b5b93) srli    s7, s6, 25
core   0: 3 0x80004dc8 (0x019b5b93) x23 0x0000007f
core   0: 0x80004dcc (0x0051b433) sltu    s0, gp, t0
core   0: 3 0x80004dcc (0x0051b433) x 8 0x00000001
core   0: 0x80004dd0 (0x00629eb3) sll     t4, t0, t1
core   0: 3 0x80004dd0 (0x00629eb3) x29 0xffd3a600
core   0: 0x80004dd4 (0x8fbc0113) addi    sp, s8, -1797
core   0: 3 0x80004dd4 (0x8fbc0113) x 2 0xfffff8fb
core   0: 0x80004dd8 (0x00000013) nop
core   0: 3 0x80004dd8 (0x00000013)
core   0: 0x80004ddc (0x40e5d3b3) sra     t2, a1, a4
core   0: 3 0x80004ddc (0x40e5d3b3) x 7 0xfc8f4ed2
core   0: 0x80004de0 (0x00e17333) and     t1, sp, a4
core   0: 3 0x80004de0 (0x00e17333) x 6 0x80010860
core   0: 0x80004de4 (0x014e3633) sltu    a2, t3, s4
core   0: 3 0x80004de4 (0x014e3633) x12 0x00000000
core   0: 0x80004de8 (0x012088b3) add     a7, ra, s2
core   0: 3 0x80004de8 (0x012088b3) x17 0x00000001
core   0: 0x80004dec (0x01ad4533) xor     a0, s10, s10
core   0: 3 0x80004dec (0x01ad4533) x10 0x00000000
core   0: 0x80004df0 (0x71f94c93) xori    s9, s2, 1823
core   0: 3 0x80004df0 (0x71f94c93) x25 0x0000071e
core   0: 0x80004df4 (0x22620c13) addi    s8, tp, 550
core   0: 3 0x80004df4 (0x22620c13) x24 0x00000226
core   0: 0x80004df8 (0x417bcc13) xori    s8, s7, 1047
core   0: 3 0x80004df8 (0x417bcc13) x24 0x00000468
core   0: 0x80004dfc (0x01576c33) or      s8, a4, s5
core   0: 3 0x80004dfc (0x01576c33) x24 0x80010e64
core   0: 0x80004e00 (0x00763db3) sltu    s11, a2, t2
core   0: 3 0x80004e00 (0x00763db3) x27 0x00000001
core   0: 0x80004e04 (0xe0f56893) ori     a7, a0, -497
core   0: 3 0x80004e04 (0xe0f56893) x17 0xfffffe0f
core   0: 0x80004e08 (0x00eecb33) xor     s6, t4, a4
core   0: 3 0x80004e08 (0x00eecb33) x22 0x7fd2a864
core   0: 0x80004e0c (0xb6ec6e93) ori     t4, s8, -1170
core   0: 3 0x80004e0c (0xb6ec6e93) x29 0xffffff6e
core   0: 0x80004e10 (0x010f18b3) sll     a7, t5, a6
core   0: 3 0x80004e10 (0x010f18b3) x17 0x8e0299c8
core   0: 0x80004e14 (0x13ef6e93) ori     t4, t5, 318
core   0: 3 0x80004e14 (0x13ef6e93) x29 0x47014dfe
core   0: 0x80004e18 (0x01d2c8b3) xor     a7, t0, t4
core   0: 3 0x80004e18 (0x01d2c8b3) x17 0xb8fe9e58
core   0: 0x80004e1c (0x40440e33) sub     t3, s0, tp
core   0: 3 0x80004e1c (0x40440e33) x28 0x00000001
core   0: 0x80004e20 (0xa50bb093) sltiu   ra, s7, -1456
core   0: 3 0x80004e20 (0xa50bb093) x 1 0x00000001
core   0: 0x80004e24 (0x00926133) or      sp, tp, s1
core   0: 3 0x80004e24 (0x00926133) x 2 0xffffd3a7
core   0: 0x80004e28 (0x41d5d1b3) sra     gp, a1, t4
core   0: 3 0x80004e28 (0x41d5d1b3) x 3 0xffffffff
core   0: 0x80004e2c (0x00042b33) slt     s6, s0, zero
core   0: 3 0x80004e2c (0x00042b33) x22 0x00000000
core   0: 0x80004e30 (0x01c41b33) sll     s6, s0, t3
core   0: 3 0x80004e30 (0x01c41b33) x22 0x00000002
core   0: 0x80004e34 (0x00bf14b3) sll     s1, t5, a1
core   0: 3 0x80004e34 (0x00bf14b3) x 9 0x14ce4000
core   0: 0x80004e38 (0x40120d33) sub     s10, tp, ra
core   0: 3 0x80004e38 (0x40120d33) x26 0xffffffff
core   0: 0x80004e3c (0x4178db33) sra     s6, a7, s7
core   0: 3 0x80004e3c (0x4178db33) x22 0xffffffff
core   0: 0x80004e40 (0xbfc93a93) sltiu   s5, s2, -1028
core   0: 3 0x80004e40 (0xbfc93a93) x21 0x00000001
core   0: 0x80004e44 (0x00d41913) slli    s2, s0, 13
core   0: 3 0x80004e44 (0x00d41913) x18 0x00002000
core   0: 0x80004e48 (0xc7d63213) sltiu   tp, a2, -899
core   0: 3 0x80004e48 (0xc7d63213) x 4 0x00000001
core   0: 0x80004e4c (0xe3eb4917) auipc   s2, 0xe3eb4
core   0: 3 0x80004e4c (0xe3eb4917) x18 0x63eb8e4c
core   0: 0x80004e50 (0x40a05093) srai    ra, zero, 10
core   0: 3 0x80004e50 (0x40a05093) x 1 0x00000000
core   0: 0x80004e54 (0x40ad0eb3) sub     t4, s10, a0
core   0: 3 0x80004e54 (0x40ad0eb3) x29 0xffffffff
core   0: 0x80004e58 (0x00481e93) slli    t4, a6, 4
core   0: 3 0x80004e58 (0x00481e93) x29 0x00000010
core   0: 0x80004e5c (0x007b2333) slt     t1, s6, t2
core   0: 3 0x80004e5c (0x007b2333) x 6 0x00000000
core   0: 0x80004e60 (0x01c6b433) sltu    s0, a3, t3
core   0: 3 0x80004e60 (0x01c6b433) x 8 0x00000001
core   0: 0x80004e64 (0x01a41533) sll     a0, s0, s10
core   0: 3 0x80004e64 (0x01a41533) x10 0x80000000
core   0: 0x80004e68 (0x00a9deb3) srl     t4, s3, a0
core   0: 3 0x80004e68 (0x00a9deb3) x29 0x00000000
core   0: 0x80004e6c (0x001a7f33) and     t5, s4, ra
core   0: 3 0x80004e6c (0x001a7f33) x30 0x00000000
core   0: 0x80004e70 (0x66b56213) ori     tp, a0, 1643
core   0: 3 0x80004e70 (0x66b56213) x 4 0x8000066b
core   0: 0x80004e74 (0x915198b7) lui     a7, 0x91519
core   0: 3 0x80004e74 (0x915198b7) x17 0x91519000
core   0: 0x80004e78 (0xfc9f2493) slti    s1, t5, -55
core   0: 3 0x80004e78 (0xfc9f2493) x 9 0x00000000
core   0: 0x80004e7c (0x55c3ec13) ori     s8, t2, 1372
core   0: 3 0x80004e7c (0x55c3ec13) x24 0xfc8f4fde
core   0: 0x80004e80 (0x00e5fd33) and     s10, a1, a4
core   0: 3 0x80004e80 (0x00e5fd33) x26 0x80000c24
core   0: 0x80004e84 (0x01e9c9b3) xor     s3, s3, t5
core   0: 3 0x80004e84 (0x01e9c9b3) x19 0x00000000
core   0: 0x80004e88 (0x018b0bb3) add     s7, s6, s8
core   0: 3 0x80004e88 (0x018b0bb3) x23 0xfc8f4fdd
core   0: 0x80004e8c (0x408002b3) sub     t0, zero, s0
core   0: 3 0x80004e8c (0x408002b3) x 5 0xffffffff
core   0: 0x80004e90 (0x00330e33) add     t3, t1, gp
core   0: 3 0x80004e90 (0x00330e33) x28 0xffffffff
core   0: 0x80004e94 (0x00fe9133) sll     sp, t4, a5
core   0: 3 0x80004e94 (0x00fe9133) x 2 0x00000000
core   0: 0x80004e98 (0x1eb7d1b7) lui     gp, 0x1eb7d
core   0: 3 0x80004e98 (0x1eb7d1b7) x 3 0x1eb7d000
core   0: 0x80004e9c (0xb6660397) auipc   t2, 0xb6660
core   0: 3 0x80004e9c (0xb6660397) x 7 0x36664e9c
core   0: 0x80004ea0 (0x5731c613) xori    a2, gp, 1395
core   0: 3 0x80004ea0 (0x5731c613) x12 0x1eb7d573
core   0: 0x80004ea4 (0x00bf95b3) sll     a1, t6, a1
core   0: 3 0x80004ea4 (0x00bf95b3) x11 0x14ce4000
core   0: 0x80004ea8 (0x406fdb13) srai    s6, t6, 6
core   0: 3 0x80004ea8 (0x406fdb13) x22 0xfe000533
core   0: 0x80004eac (0x004d1613) slli    a2, s10, 4
core   0: 3 0x80004eac (0x004d1613) x12 0x0000c240
core   0: 0x80004eb0 (0x01589233) sll     tp, a7, s5
core   0: 3 0x80004eb0 (0x01589233) x 4 0x22a32000
core   0: 0x80004eb4 (0x001d55b3) srl     a1, s10, ra
core   0: 3 0x80004eb4 (0x001d55b3) x11 0x80000c24
core   0: 0x80004eb8 (0x00267233) and     tp, a2, sp
core   0: 3 0x80004eb8 (0x00267233) x 4 0x00000000
core   0: 0x80004ebc (0x864d0093) addi    ra, s10, -1948
core   0: 3 0x80004ebc (0x864d0093) x 1 0x80000488
core   0: 0x80004ec0 (0x01ebde33) srl     t3, s7, t5
core   0: 3 0x80004ec0 (0x01ebde33) x28 0xfc8f4fdd
core   0: 0x80004ec4 (0x16106e93) ori     t4, zero, 353
core   0: 3 0x80004ec4 (0x16106e93) x29 0x00000161
core   0: 0x80004ec8 (0x40605433) sra     s0, zero, t1
core   0: 3 0x80004ec8 (0x40605433) x 8 0x00000000
core   0: 0x80004ecc (0x01049d33) sll     s10, s1, a6
core   0: 3 0x80004ecc (0x01049d33) x26 0x00000000
core   0: 0x80004ed0 (0x41388533) sub     a0, a7, s3
core   0: 3 0x80004ed0 (0x41388533) x10 0x91519000
core   0: 0x80004ed4 (0xf2d9cc13) xori    s8, s3, -211
core   0: 3 0x80004ed4 (0xf2d9cc13) x24 0xffffff2d
core   0: 0x80004ed8 (0x01fa43b3) xor     t2, s4, t6
core   0: 3 0x80004ed8 (0x01fa43b3) x 7 0x80014ce5
core   0: 0x80004edc (0x009ba433) slt     s0, s7, s1
core   0: 3 0x80004edc (0x009ba433) x 8 0x00000001
core   0: 0x80004ee0 (0x006041b3) xor     gp, zero, t1
core   0: 3 0x80004ee0 (0x006041b3) x 3 0x00000000
core   0: 0x80004ee4 (0x0019c833) xor     a6, s3, ra
core   0: 3 0x80004ee4 (0x0019c833) x16 0x80000488
core   0: 0x80004ee8 (0x40d883b3) sub     t2, a7, a3
core   0: 3 0x80004ee8 (0x40d883b3) x 7 0x91519000
core   0: 0x80004eec (0x94d9fa13) andi    s4, s3, -1715
core   0: 3 0x80004eec (0x94d9fa13) x20 0x00000000
core   0: 0x80004ef0 (0x7a88af13) slti    t5, a7, 1960
core   0: 3 0x80004ef0 (0x7a88af13) x30 0x00000001
core   0: 0x80004ef4 (0x0110ddb3) srl     s11, ra, a7
core   0: 3 0x80004ef4 (0x0110ddb3) x27 0x80000488
core   0: 0x80004ef8 (0x01891513) slli    a0, s2, 24
core   0: 3 0x80004ef8 (0x01891513) x10 0x4c000000
core   0: 0x80004efc (0x6238bb93) sltiu   s7, a7, 1571
core   0: 3 0x80004efc (0x6238bb93) x23 0x00000000
core   0: 0x80004f00 (0xfe9a3313) sltiu   t1, s4, -23
core   0: 3 0x80004f00 (0xfe9a3313) x 6 0x00000001
core   0: 0x80004f04 (0x76f9a3b7) lui     t2, 0x76f9a
core   0: 3 0x80004f04 (0x76f9a3b7) x 7 0x76f9a000
core   0: 0x80004f08 (0xef15cb13) xori    s6, a1, -271
core   0: 3 0x80004f08 (0xef15cb13) x22 0x7ffff2d5
core   0: 0x80004f0c (0x018b56b3) srl     a3, s6, s8
core   0: 3 0x80004f0c (0x018b56b3) x13 0x0003ffff
core   0: 0x80004f10 (0x01e5ce33) xor     t3, a1, t5
core   0: 3 0x80004f10 (0x01e5ce33) x28 0x80000c25
core   0: 0x80004f14 (0x33043693) sltiu   a3, s0, 816
core   0: 3 0x80004f14 (0x33043693) x13 0x00000001
core   0: 0x80004f18 (0x41d68133) sub     sp, a3, t4
core   0: 3 0x80004f18 (0x41d68133) x 2 0xfffffea0
core   0: 0x80004f1c (0x36916f13) ori     t5, sp, 873
core   0: 3 0x80004f1c (0x36916f13) x30 0xffffffe9
core   0: 0x80004f20 (0x017ea633) slt     a2, t4, s7
core   0: 3 0x80004f20 (0x017ea633) x12 0x00000000
core   0: 0x80004f24 (0x41445b13) srai    s6, s0, 20
core   0: 3 0x80004f24 (0x41445b13) x22 0x00000000
core   0: 0x80004f28 (0x00a7b2b3) sltu    t0, a5, a0
core   0: 3 0x80004f28 (0x00a7b2b3) x 5 0x00000000
core   0: 0x80004f2c (0xd656bf13) sltiu   t5, a3, -667
core   0: 3 0x80004f2c (0xd656bf13) x30 0x00000001
core   0: 0x80004f30 (0x413158b3) sra     a7, sp, s3
core   0: 3 0x80004f30 (0x413158b3) x17 0xfffffea0
core   0: 0x80004f34 (0x00c6dc93) srli    s9, a3, 12
core   0: 3 0x80004f34 (0x00c6dc93) x25 0x00000000
core   0: 0x80004f38 (0x0725e813) ori     a6, a1, 114
core   0: 3 0x80004f38 (0x0725e813) x16 0x80000c76
core   0: 0x80004f3c (0x010def33) or      t5, s11, a6
core   0: 3 0x80004f3c (0x010def33) x30 0x80000cfe
core   0: 0x80004f40 (0xf9ae8593) addi    a1, t4, -102
core   0: 3 0x80004f40 (0xf9ae8593) x11 0x000000fb
core   0: 0x80004f44 (0x01cc8eb3) add     t4, s9, t3
core   0: 3 0x80004f44 (0x01cc8eb3) x29 0x80000c25
core   0: 0x80004f48 (0x00904033) xor     zero, zero, s1
core   0: 3 0x80004f48 (0x00904033)
core   0: 0x80004f4c (0x41c35013) srai    zero, t1, 28
core   0: 3 0x80004f4c (0x41c35013)
core   0: 0x80004f50 (0x6a1f3313) sltiu   t1, t5, 1697
core   0: 3 0x80004f50 (0x6a1f3313) x 6 0x00000000
core   0: 0x80004f54 (0x017cec33) or      s8, s9, s7
core   0: 3 0x80004f54 (0x017cec33) x24 0x00000000
core   0: 0x80004f58 (0x58038593) addi    a1, t2, 1408
core   0: 3 0x80004f58 (0x58038593) x11 0x76f9a580
core   0: 0x80004f5c (0x9741e593) ori     a1, gp, -1676
core   0: 3 0x80004f5c (0x9741e593) x11 0xfffff974
core   0: 0x80004f60 (0xa5d43b17) auipc   s6, 0xa5d43
core   0: 3 0x80004f60 (0xa5d43b17) x22 0x25d47f60
core   0: 0x80004f64 (0x00000013) nop
core   0: 3 0x80004f64 (0x00000013)
core   0: 0x80004f68 (0x01189bb3) sll     s7, a7, a7
core   0: 3 0x80004f68 (0x01189bb3) x23 0xfffffea0
core   0: 0x80004f6c (0x8a74aa93) slti    s5, s1, -1881
core   0: 3 0x80004f6c (0x8a74aa93) x21 0x00000000
core   0: 0x80004f70 (0x6e417a93) andi    s5, sp, 1764
core   0: 3 0x80004f70 (0x6e417a93) x21 0x000006a0
core   0: 0x80004f74 (0x40695a93) srai    s5, s2, 6
core   0: 3 0x80004f74 (0x40695a93) x21 0x018fae39
core   0: 0x80004f78 (0x40010f33) sub     t5, sp, zero
core   0: 3 0x80004f78 (0x40010f33) x30 0xfffffea0
core   0: 0x80004f7c (0x01d73033) sltu    zero, a4, t4
core   0: 3 0x80004f7c (0x01d73033)
core   0: 0x80004f80 (0x01d2c233) xor     tp, t0, t4
core   0: 3 0x80004f80 (0x01d2c233) x 4 0x80000c25
core   0: 0x80004f84 (0x01515313) srli    t1, sp, 21
core   0: 3 0x80004f84 (0x01515313) x 6 0x000007ff
core   0: 0x80004f88 (0xedafc493) xori    s1, t6, -294
core   0: 3 0x80004f88 (0xedafc493) x 9 0x7ffeb23e
core   0: 0x80004f8c (0x26e2c193) xori    gp, t0, 622
core   0: 3 0x80004f8c (0x26e2c193) x 3 0x0000026e
core   0: 0x80004f90 (0x00333933) sltu    s2, t1, gp
core   0: 3 0x80004f90 (0x00333933) x18 0x00000000
core   0: 0x80004f94 (0x40758eb3) sub     t4, a1, t2
core   0: 3 0x80004f94 (0x40758eb3) x29 0x89065974
core   0: 0x80004f98 (0xbcad7b37) lui     s6, 0xbcad7
core   0: 3 0x80004f98 (0xbcad7b37) x22 0xbcad7000
core   0: 0x80004f9c (0x26308e97) auipc   t4, 0x26308
core   0: 3 0x80004f9c (0x26308e97) x29 0xa630cf9c
core   0: 0x80004fa0 (0x00636db3) or      s11, t1, t1
core   0: 3 0x80004fa0 (0x00636db3) x27 0x000007ff
core   0: 0x80004fa4 (0x5e9d2a93) slti    s5, s10, 1513
core   0: 3 0x80004fa4 (0x5e9d2a93) x21 0x00000001
core   0: 0x80004fa8 (0x01311e13) slli    t3, sp, 19
core   0: 3 0x80004fa8 (0x01311e13) x28 0xf5000000
core   0: 0x80004fac (0x641b3037) lui     zero, 0x641b3
core   0: 3 0x80004fac (0x641b3037)
core   0: 0x80004fb0 (0x63fc2ab7) lui     s5, 0x63fc2
core   0: 3 0x80004fb0 (0x63fc2ab7) x21 0x63fc2000
core   0: 0x80004fb4 (0x6f23fe13) andi    t3, t2, 1778
core   0: 3 0x80004fb4 (0x6f23fe13) x28 0x00000000
core   0: 0x80004fb8 (0x010a73b3) and     t2, s4, a6
core   0: 3 0x80004fb8 (0x010a73b3) x 7 0x00000000
core   0: 0x80004fbc (0x69c26113) ori     sp, tp, 1692
core   0: 3 0x80004fbc (0x69c26113) x 2 0x80000ebd
core   0: 0x80004fc0 (0xcea5f993) andi    s3, a1, -790
core   0: 3 0x80004fc0 (0xcea5f993) x19 0xfffff860
core   0: 0x80004fc4 (0x00497333) and     t1, s2, tp
core   0: 3 0x80004fc4 (0x00497333) x 6 0x00000000
core   0: 0x80004fc8 (0x0640ebb7) lui     s7, 0x640e
core   0: 3 0x80004fc8 (0x0640ebb7) x23 0x0640e000
core   0: 0x80004fcc (0x408f0833) sub     a6, t5, s0
core   0: 3 0x80004fcc (0x408f0833) x16 0xfffffe9f
core   0: 0x80004fd0 (0x450af337) lui     t1, 0x450af
core   0: 3 0x80004fd0 (0x450af337) x 6 0x450af000
core   0: 0x80004fd4 (0x1703f393) andi    t2, t2, 368
core   0: 3 0x80004fd4 (0x1703f393) x 7 0x00000000
core   0: 0x80004fd8 (0x01dd66b3) or      a3, s10, t4
core   0: 3 0x80004fd8 (0x01dd66b3) x13 0xa630cf9c
core   0: 0x80004fdc (0x01eb91b3) sll     gp, s7, t5
core   0: 3 0x80004fdc (0x01eb91b3) x 3 0x0640e000
core   0: 0x80004fe0 (0x57864813) xori    a6, a2, 1400
core   0: 3 0x80004fe0 (0x57864813) x16 0x00000578
core   0: 0x80004fe4 (0x00f38ab3) add     s5, t2, a5
core   0: 3 0x80004fe4 (0x00f38ab3) x21 0xff4e9b7e
core   0: 0x80004fe8 (0x20c58193) addi    gp, a1, 524
core   0: 3 0x80004fe8 (0x20c58193) x 3 0xfffffb80
core   0: 0x80004fec (0x0087ed33) or      s10, a5, s0
core   0: 3 0x80004fec (0x0087ed33) x26 0xff4e9b7f
core   0: 0x80004ff0 (0x403bd113) srai    sp, s7, 3
core   0: 3 0x80004ff0 (0x403bd113) x 2 0x00c81c00
core   0: 0x80004ff4 (0x01bad033) srl     zero, s5, s11
core   0: 3 0x80004ff4 (0x01bad033)
core   0: 0x80004ff8 (0x57a92693) slti    a3, s2, 1402
core   0: 3 0x80004ff8 (0x57a92693) x13 0x00000001
core   0: 0x80004ffc (0xb5a9cb93) xori    s7, s3, -1190
core   0: 3 0x80004ffc (0xb5a9cb93) x23 0x0000033a
core   0: 0x80005000 (0x6e807113) andi    sp, zero, 1768
core   0: 3 0x80005000 (0x6e807113) x 2 0x00000000
core   0: 0x80005004 (0x00eede33) srl     t3, t4, a4
core   0: 3 0x80005004 (0x00eede33) x28 0x0a630cf9
core   0: 0x80005008 (0x57296f13) ori     t5, s2, 1394
core   0: 3 0x80005008 (0x57296f13) x30 0x00000572
core   0: 0x8000500c (0x00a9ea33) or      s4, s3, a0
core   0: 3 0x8000500c (0x00a9ea33) x20 0xfffff860
core   0: 0x80005010 (0x2448c993) xori    s3, a7, 580
core   0: 3 0x80005010 (0x2448c993) x19 0xfffffce4
core   0: 0x80005014 (0x01691e33) sll     t3, s2, s6
core   0: 3 0x80005014 (0x01691e33) x28 0x00000000
core   0: 0x80005018 (0x00000013) nop
core   0: 3 0x80005018 (0x00000013)
core   0: 0x8000501c (0xa0f99eb7) lui     t4, 0xa0f99
core   0: 3 0x8000501c (0xa0f99eb7) x29 0xa0f99000
core   0: 0x80005020 (0x017c1333) sll     t1, s8, s7
core   0: 3 0x80005020 (0x017c1333) x 6 0x00000000
core   0: 0x80005024 (0x81143ab7) lui     s5, 0x81143
core   0: 3 0x80005024 (0x81143ab7) x21 0x81143000
core   0: 0x80005028 (0x857f6593) ori     a1, t5, -1961
core   0: 3 0x80005028 (0x857f6593) x11 0xfffffd77
core   0: 0x8000502c (0x00e12033) slt     zero, sp, a4
core   0: 3 0x8000502c (0x00e12033)
core   0: 0x80005030 (0x0172b3b3) sltu    t2, t0, s7
core   0: 3 0x80005030 (0x0172b3b3) x 7 0x00000001
core   0: 0x80005034 (0xb91f3013) sltiu   zero, t5, -1135
core   0: 3 0x80005034 (0xb91f3013)
core   0: 0x80005038 (0xc3527217) auipc   tp, 0xc3527
core   0: 3 0x80005038 (0xc3527217) x 4 0x4352c038
core   0: 0x8000503c (0x01a08633) add     a2, ra, s10
core   0: 3 0x8000503c (0x01a08633) x12 0x7f4ea007
core   0: 0x80005040 (0x00841d13) slli    s10, s0, 8
core   0: 3 0x80005040 (0x00841d13) x26 0x00000100
core   0: 0x80005044 (0x012c13b3) sll     t2, s8, s2
core   0: 3 0x80005044 (0x012c13b3) x 7 0x00000000
core   0: 0x80005048 (0xcb507b13) andi    s6, zero, -843
core   0: 3 0x80005048 (0xcb507b13) x22 0x00000000
core   0: 0x8000504c (0x01fa1293) slli    t0, s4, 31
core   0: 3 0x8000504c (0x01fa1293) x 5 0x00000000
core   0: 0x80005050 (0x00c7bb13) sltiu   s6, a5, 12
core   0: 3 0x80005050 (0x00c7bb13) x22 0x00000000
core   0: 0x80005054 (0x828be693) ori     a3, s7, -2008
core   0: 3 0x80005054 (0x828be693) x13 0xfffffb3a
core   0: 0x80005058 (0x00c45f33) srl     t5, s0, a2
core   0: 3 0x80005058 (0x00c45f33) x30 0x00000000
core   0: 0x8000505c (0x40168633) sub     a2, a3, ra
core   0: 3 0x8000505c (0x40168633) x12 0x7ffff6b2
core   0: 0x80005060 (0x00000013) nop
core   0: 3 0x80005060 (0x00000013)
core   0: 0x80005064 (0x413adb33) sra     s6, s5, s3
core   0: 3 0x80005064 (0x413adb33) x22 0xf8114300
core   0: 0x80005068 (0x01149533) sll     a0, s1, a7
core   0: 3 0x80005068 (0x01149533) x10 0x7ffeb23e
core   0: 0x8000506c (0xc5122e93) slti    t4, tp, -943
core   0: 3 0x8000506c (0xc5122e93) x29 0x00000000
core   0: 0x80005070 (0xae78aa13) slti    s4, a7, -1305
core   0: 3 0x80005070 (0xae78aa13) x20 0x00000000
core   0: 0x80005074 (0x0004cdb3) xor     s11, s1, zero
core   0: 3 0x80005074 (0x0004cdb3) x27 0x7ffeb23e
core   0: 0x80005078 (0x41cf5e93) srai    t4, t5, 28
core   0: 3 0x80005078 (0x41cf5e93) x29 0x00000000
core   0: 0x8000507c (0x412d08b3) sub     a7, s10, s2
core   0: 3 0x8000507c (0x412d08b3) x17 0x00000100
core   0: 0x80005080 (0x003b3133) sltu    sp, s6, gp
core   0: 3 0x80005080 (0x003b3133) x 2 0x00000001
core   0: 0x80005084 (0x41cdd913) srai    s2, s11, 28
core   0: 3 0x80005084 (0x41cdd913) x18 0x00000007
core   0: 0x80005088 (0x06b45e17) auipc   t3, 0x6b45
core   0: 3 0x80005088 (0x06b45e17) x28 0x86b4a088
core   0: 0x8000508c (0x10cd4893) xori    a7, s10, 268
core   0: 3 0x8000508c (0x10cd4893) x17 0x0000000c
core   0: 0x80005090 (0x578fbc93) sltiu   s9, t6, 1400
core   0: 3 0x80005090 (0x578fbc93) x25 0x00000000
core   0: 0x80005094 (0x012be2b3) or      t0, s7, s2
core   0: 3 0x80005094 (0x012be2b3) x 5 0x0000033f
core   0: 0x80005098 (0x004decb3) or      s9, s11, tp
core   0: 3 0x80005098 (0x004decb3) x25 0x7ffef23e
core   0: 0x8000509c (0x01372233) slt     tp, a4, s3
core   0: 3 0x8000509c (0x01372233) x 4 0x00000001
core   0: 0x800050a0 (0x005be3b3) or      t2, s7, t0
core   0: 3 0x800050a0 (0x005be3b3) x 7 0x0000033f
core   0: 0x800050a4 (0x38ef8813) addi    a6, t6, 910
core   0: 3 0x800050a4 (0x38ef8813) x16 0x80015072
core   0: 0x800050a8 (0x01b8db93) srli    s7, a7, 27
core   0: 3 0x800050a8 (0x01b8db93) x23 0x00000000
core   0: 0x800050ac (0x014e03b3) add     t2, t3, s4
core   0: 3 0x800050ac (0x014e03b3) x 7 0x86b4a088
core   0: 0x800050b0 (0x6e07ed93) ori     s11, a5, 1760
core   0: 3 0x800050b0 (0x6e07ed93) x27 0xff4e9ffe
core   0: 0x800050b4 (0xb1d1a193) slti    gp, gp, -1251
core   0: 3 0x800050b4 (0xb1d1a193) x 3 0x00000000
core   0: 0x800050b8 (0x4ac4f313) andi    t1, s1, 1196
core   0: 3 0x800050b8 (0x4ac4f313) x 6 0x0000002c
core   0: 0x800050bc (0x019b1113) slli    sp, s6, 25
core   0: 3 0x800050bc (0x019b1113) x 2 0x00000000
core   0: 0x800050c0 (0x76564f13) xori    t5, a2, 1893
core   0: 3 0x800050c0 (0x76564f13) x30 0x7ffff1d7
core   0: 0x800050c4 (0x015105b3) add     a1, sp, s5
core   0: 3 0x800050c4 (0x015105b3) x11 0x81143000
core   0: 0x800050c8 (0x0010b333) sltu    t1, ra, ra
core   0: 3 0x800050c8 (0x0010b333) x 6 0x00000000
core   0: 0x800050cc (0x00cbb333) sltu    t1, s7, a2
core   0: 3 0x800050cc (0x00cbb333) x 6 0x00000001
core   0: 0x800050d0 (0xbe25a393) slti    t2, a1, -1054
core   0: 3 0x800050d0 (0xbe25a393) x 7 0x00000001
core   0: 0x800050d4 (0x235b4c13) xori    s8, s6, 565
core   0: 3 0x800050d4 (0x235b4c13) x24 0xf8114135
core   0: 0x800050d8 (0x00839893) slli    a7, t2, 8
core   0: 3 0x800050d8 (0x00839893) x17 0x00000100
core   0: 0x800050dc (0x40a9d213) srai    tp, s3, 10
core   0: 3 0x800050dc (0x40a9d213) x 4 0xffffffff
core   0: 0x800050e0 (0x01aaf233) and     tp, s5, s10
core   0: 3 0x800050e0 (0x01aaf233) x 4 0x00000000
core   0: 0x800050e4 (0xa7758a93) addi    s5, a1, -1417
core   0: 3 0x800050e4 (0xa7758a93) x21 0x81142a77
core   0: 0x800050e8 (0x95fb6393) ori     t2, s6, -1697
core   0: 3 0x800050e8 (0x95fb6393) x 7 0xfffffb5f
core   0: 0x800050ec (0x00000013) nop
core   0: 3 0x800050ec (0x00000013)
core   0: 0x800050f0 (0x1f6fe6b7) lui     a3, 0x1f6fe
core   0: 3 0x800050f0 (0x1f6fe6b7) x13 0x1f6fe000
core   0: 0x800050f4 (0x012c3533) sltu    a0, s8, s2
core   0: 3 0x800050f4 (0x012c3533) x10 0x00000000
core   0: 0x800050f8 (0xe6954593) xori    a1, a0, -407
core   0: 3 0x800050f8 (0xe6954593) x11 0xfffffe69
core   0: 0x800050fc (0x7228ab93) slti    s7, a7, 1826
core   0: 3 0x800050fc (0x7228ab93) x23 0x00000001
core   0: 0x80005100 (0x01b0a6b3) slt     a3, ra, s11
core   0: 3 0x80005100 (0x01b0a6b3) x13 0x00000001
core   0: 0x80005104 (0x01cbc6b3) xor     a3, s7, t3
core   0: 3 0x80005104 (0x01cbc6b3) x13 0x86b4a089
core   0: 0x80005108 (0x017b2e33) slt     t3, s6, s7
core   0: 3 0x80005108 (0x017b2e33) x28 0x00000001
core   0: 0x8000510c (0x0079deb3) srl     t4, s3, t2
core   0: 3 0x8000510c (0x0079deb3) x29 0x00000001
core   0: 0x80005110 (0x2bd34593) xori    a1, t1, 701
core   0: 3 0x80005110 (0x2bd34593) x11 0x000002bc
core   0: 0x80005114 (0x00816c33) or      s8, sp, s0
core   0: 3 0x80005114 (0x00816c33) x24 0x00000001
core   0: 0x80005118 (0x015c86b3) add     a3, s9, s5
core   0: 3 0x80005118 (0x015c86b3) x13 0x01131cb5
core   0: 0x8000511c (0x00000013) nop
core   0: 3 0x8000511c (0x00000013)
core   0: 0x80005120 (0x1ceceb13) ori     s6, s9, 462
core   0: 3 0x80005120 (0x1ceceb13) x22 0x7ffef3fe
core   0: 0x80005124 (0xba2a2093) slti    ra, s4, -1118
core   0: 3 0x80005124 (0xba2a2093) x 1 0x00000000
core   0: 0x80005128 (0x01d7f6b3) and     a3, a5, t4
core   0: 3 0x80005128 (0x01d7f6b3) x13 0x00000000
core   0: 0x8000512c (0x418d83b3) sub     t2, s11, s8
core   0: 3 0x8000512c (0x418d83b3) x 7 0xff4e9ffd
core   0: 0x80005130 (0x40705b13) srai    s6, zero, 7
core   0: 3 0x80005130 (0x40705b13) x22 0x00000000
core   0: 0x80005134 (0x014ec9b3) xor     s3, t4, s4
core   0: 3 0x80005134 (0x014ec9b3) x19 0x00000001
core   0: 0x80005138 (0xb0dd0213) addi    tp, s10, -1267
core   0: 3 0x80005138 (0xb0dd0213) x 4 0xfffffc0d
core   0: 0x8000513c (0x8b3eda97) auipc   s5, 0x8b3ed
core   0: 3 0x8000513c (0x8b3eda97) x21 0x0b3f213c
core   0: 0x80005140 (0x403354b3) sra     s1, t1, gp
core   0: 3 0x80005140 (0x403354b3) x 9 0x00000001
core   0: 0x80005144 (0x0109ad33) slt     s10, s3, a6
core   0: 3 0x80005144 (0x0109ad33) x26 0x00000000
core   0: 0x80005148 (0x0100ba33) sltu    s4, ra, a6
core   0: 3 0x80005148 (0x0100ba33) x20 0x00000001
core   0: 0x8000514c (0x0111d693) srli    a3, gp, 17
core   0: 3 0x8000514c (0x0111d693) x13 0x00000000
core   0: 0x80005150 (0x30d06913) ori     s2, zero, 781
core   0: 3 0x80005150 (0x30d06913) x18 0x0000030d
core   0: 0x80005154 (0x01ac28b3) slt     a7, s8, s10
core   0: 3 0x80005154 (0x01ac28b3) x17 0x00000000
core   0: 0x80005158 (0x440b7417) auipc   s0, 0x440b7
core   0: 3 0x80005158 (0x440b7417) x 8 0xc40bc158
core   0: 0x8000515c (0x416a86b3) sub     a3, s5, s6
core   0: 3 0x8000515c (0x416a86b3) x13 0x0b3f213c
core   0: 0x80005160 (0x3f53f537) lui     a0, 0x3f53f
core   0: 3 0x80005160 (0x3f53f537) x10 0x3f53f000
core   0: 0x80005164 (0x07cd3b17) auipc   s6, 0x7cd3
core   0: 3 0x80005164 (0x07cd3b17) x22 0x87cd8164
core   0: 0x80005168 (0x00a0acb3) slt     s9, ra, a0
core   0: 3 0x80005168 (0x00a0acb3) x25 0x00000001
core   0: 0x8000516c (0x01311f33) sll     t5, sp, s3
core   0: 3 0x8000516c (0x01311f33) x30 0x00000000
core   0: 0x80005170 (0x40c68433) sub     s0, a3, a2
core   0: 3 0x80005170 (0x40c68433) x 8 0x8b3f2a8a
core   0: 0x80005174 (0x5e94c393) xori    t2, s1, 1513
core   0: 3 0x80005174 (0x5e94c393) x 7 0x000005e8
core   0: 0x80005178 (0x01b47533) and     a0, s0, s11
core   0: 3 0x80005178 (0x01b47533) x10 0x8b0e0a8a
core   0: 0x8000517c (0x00b23433) sltu    s0, tp, a1
core   0: 3 0x8000517c (0x00b23433) x 8 0x00000000
core   0: 0x80005180 (0x01fc4cb3) xor     s9, s8, t6
core   0: 3 0x80005180 (0x01fc4cb3) x25 0x80014ce5
core   0: 0x80005184 (0x413adb93) srai    s7, s5, 19
core   0: 3 0x80005184 (0x413adb93) x23 0x00000167
core   0: 0x80005188 (0x404bd313) srai    t1, s7, 4
core   0: 3 0x80005188 (0x404bd313) x 6 0x00000016
core   0: 0x8000518c (0x2cd2ab17) auipc   s6, 0x2cd2a
core   0: 3 0x8000518c (0x2cd2ab17) x22 0xacd2f18c
core   0: 0x80005190 (0x3f287b97) auipc   s7, 0x3f287
core   0: 3 0x80005190 (0x3f287b97) x23 0xbf28c190
core   0: 0x80005194 (0x01a51ab3) sll     s5, a0, s10
core   0: 3 0x80005194 (0x01a51ab3) x21 0x8b0e0a8a
core   0: 0x80005198 (0x01ce6033) or      zero, t3, t3
core   0: 3 0x80005198 (0x01ce6033)
core   0: 0x8000519c (0x01ed1493) slli    s1, s10, 30
core   0: 3 0x8000519c (0x01ed1493) x 9 0x00000000
core   0: 0x800051a0 (0x4030db93) srai    s7, ra, 3
core   0: 3 0x800051a0 (0x4030db93) x23 0x00000000
core   0: 0x800051a4 (0x0123d333) srl     t1, t2, s2
core   0: 3 0x800051a4 (0x0123d333) x 6 0x00000000
core   0: 0x800051a8 (0x0108da33) srl     s4, a7, a6
core   0: 3 0x800051a8 (0x0108da33) x20 0x00000000
core   0: 0x800051ac (0xdcb6fc13) andi    s8, a3, -565
core   0: 3 0x800051ac (0xdcb6fc13) x24 0x0b3f2108
core   0: 0x800051b0 (0x40e9d313) srai    t1, s3, 14
core   0: 3 0x800051b0 (0x40e9d313) x 6 0x00000000
core   0: 0x800051b4 (0x00c84db3) xor     s11, a6, a2
core   0: 3 0x800051b4 (0x00c84db3) x27 0xfffea6c0
core   0: 0x800051b8 (0x416c0c33) sub     s8, s8, s6
core   0: 3 0x800051b8 (0x416c0c33) x24 0x5e6c2f7c
core   0: 0x800051bc (0x68406413) ori     s0, zero, 1668
core   0: 3 0x800051bc (0x68406413) x 8 0x00000684
core   0: 0x800051c0 (0xfc582593) slti    a1, a6, -59
core   0: 3 0x800051c0 (0xfc582593) x11 0x00000001
core   0: 0x800051c4 (0x41965bb3) sra     s7, a2, s9
core   0: 3 0x800051c4 (0x41965bb3) x23 0x03ffffb5
core   0: 0x800051c8 (0xfc773a93) sltiu   s5, a4, -57
core   0: 3 0x800051c8 (0xfc773a93) x21 0x00000001
core   0: 0x800051cc (0x009e8a33) add     s4, t4, s1
core   0: 3 0x800051cc (0x009e8a33) x20 0x00000001
core   0: 0x800051d0 (0x35ecb013) sltiu   zero, s9, 862
core   0: 3 0x800051d0 (0x35ecb013)
core   0: 0x800051d4 (0x00372c33) slt     s8, a4, gp
core   0: 3 0x800051d4 (0x00372c33) x24 0x00000001
core   0: 0x800051d8 (0x5af8b293) sltiu   t0, a7, 1455
core   0: 3 0x800051d8 (0x5af8b293) x 5 0x00000001
core   0: 0x800051dc (0x0a98fc93) andi    s9, a7, 169
core   0: 3 0x800051dc (0x0a98fc93) x25 0x00000000
core   0: 0x800051e0 (0x00000013) nop
core   0: 3 0x800051e0 (0x00000013)
core   0: 0x800051e4 (0x015985b3) add     a1, s3, s5
core   0: 3 0x800051e4 (0x015985b3) x11 0x00000002
core   0: 0x800051e8 (0x8517a537) lui     a0, 0x8517a
core   0: 3 0x800051e8 (0x8517a537) x10 0x8517a000
core   0: 0x800051ec (0x002412b3) sll     t0, s0, sp
core   0: 3 0x800051ec (0x002412b3) x 5 0x00000684
core   0: 0x800051f0 (0x402f5b93) srai    s7, t5, 2
core   0: 3 0x800051f0 (0x402f5b93) x23 0x00000000
core   0: 0x800051f4 (0x0010b233) sltu    tp, ra, ra
core   0: 3 0x800051f4 (0x0010b233) x 4 0x00000000
core   0: 0x800051f8 (0xe3276e93) ori     t4, a4, -462
core   0: 3 0x800051f8 (0xe3276e93) x29 0xfffffe76
core   0: 0x800051fc (0x37e34613) xori    a2, t1, 894
core   0: 3 0x800051fc (0x37e34613) x12 0x0000037e
core   0: 0x80005200 (0x0fc06a17) auipc   s4, 0xfc06
core   0: 3 0x80005200 (0x0fc06a17) x20 0x8fc0b200
core   0: 0x80005204 (0x01142033) slt     zero, s0, a7
core   0: 3 0x80005204 (0x01142033)
core   0: 0x80005208 (0x000715b3) sll     a1, a4, zero
core   0: 3 0x80005208 (0x000715b3) x11 0x80010e64
core   0: 0x8000520c (0x00c6dd33) srl     s10, a3, a2
core   0: 3 0x8000520c (0x00c6dd33) x26 0x00000000
core   0: 0x80005210 (0x40285ab3) sra     s5, a6, sp
core   0: 3 0x80005210 (0x40285ab3) x21 0x80015072
core   0: 0x80005214 (0x012cce33) xor     t3, s9, s2
core   0: 3 0x80005214 (0x012cce33) x28 0x0000030d
core   0: 0x80005218 (0x00a9ccb3) xor     s9, s3, a0
core   0: 3 0x80005218 (0x00a9ccb3) x25 0x8517a001
core   0: 0x8000521c (0x00b49ab3) sll     s5, s1, a1
core   0: 3 0x8000521c (0x00b49ab3) x21 0x00000000
core   0: 0x80005220 (0x00985bb3) srl     s7, a6, s1
core   0: 3 0x80005220 (0x00985bb3) x23 0x80015072
core   0: 0x80005224 (0x01dc5593) srli    a1, s8, 29
core   0: 3 0x80005224 (0x01dc5593) x11 0x00000000
core   0: 0x80005228 (0xcaff2293) slti    t0, t5, -849
core   0: 3 0x80005228 (0xcaff2293) x 5 0x00000000
core   0: 0x8000522c (0x67e37f13) andi    t5, t1, 1662
core   0: 3 0x8000522c (0x67e37f13) x30 0x00000000
core   0: 0x80005230 (0x01013833) sltu    a6, sp, a6
core   0: 3 0x80005230 (0x01013833) x16 0x00000001
core   0: 0x80005234 (0x776fee37) lui     t3, 0x776fe
core   0: 3 0x80005234 (0x776fee37) x28 0x776fe000
core   0: 0x80005238 (0x40af5b33) sra     s6, t5, a0
core   0: 3 0x80005238 (0x40af5b33) x22 0x00000000
core   0: 0x8000523c (0x28997537) lui     a0, 0x28997
core   0: 3 0x8000523c (0x28997537) x10 0x28997000
core   0: 0x80005240 (0x01b85ab3) srl     s5, a6, s11
core   0: 3 0x80005240 (0x01b85ab3) x21 0x00000001
core   0: 0x80005244 (0xebbc8c13) addi    s8, s9, -325
core   0: 3 0x80005244 (0xebbc8c13) x24 0x85179ebc
core   0: 0x80005248 (0x179ec613) xori    a2, t4, 377
core   0: 3 0x80005248 (0x179ec613) x12 0xffffff0f
core   0: 0x8000524c (0x0026f3b3) and     t2, a3, sp
core   0: 3 0x8000524c (0x0026f3b3) x 7 0x00000000
core   0: 0x80005250 (0x7f738f13) addi    t5, t2, 2039
core   0: 3 0x80005250 (0x7f738f13) x30 0x000007f7
core   0: 0x80005254 (0x41e8d533) sra     a0, a7, t5
core   0: 3 0x80005254 (0x41e8d533) x10 0x00000000
core   0: 0x80005258 (0xf0120e13) addi    t3, tp, -255
core   0: 3 0x80005258 (0xf0120e13) x28 0xffffff01
core   0: 0x8000525c (0x008b0333) add     t1, s6, s0
core   0: 3 0x8000525c (0x008b0333) x 6 0x00000684
core   0: 0x80005260 (0x017858b3) srl     a7, a6, s7
core   0: 3 0x80005260 (0x017858b3) x17 0x00000000
core   0: 0x80005264 (0x001c42b3) xor     t0, s8, ra
core   0: 3 0x80005264 (0x001c42b3) x 5 0x85179ebc
core   0: 0x80005268 (0x00021593) slli    a1, tp, 0
core   0: 3 0x80005268 (0x00021593) x11 0x00000000
core   0: 0x8000526c (0x3827b293) sltiu   t0, a5, 898
core   0: 3 0x8000526c (0x3827b293) x 5 0x00000000
core   0: 0x80005270 (0x395b7393) andi    t2, s6, 917
core   0: 3 0x80005270 (0x395b7393) x 7 0x00000000
core   0: 0x80005274 (0x00beabb3) slt     s7, t4, a1
core   0: 3 0x80005274 (0x00beabb3) x23 0x00000001
core   0: 0x80005278 (0x00f69e33) sll     t3, a3, a5
core   0: 3 0x80005278 (0x00f69e33) x28 0x00000000
core   0: 0x8000527c (0xa02dc837) lui     a6, 0xa02dc
core   0: 3 0x8000527c (0xa02dc837) x16 0xa02dc000
core   0: 0x80005280 (0x004df6b3) and     a3, s11, tp
core   0: 3 0x80005280 (0x004df6b3) x13 0x00000000
core   0: 0x80005284 (0x008c9d93) slli    s11, s9, 8
core   0: 3 0x80005284 (0x008c9d93) x27 0x17a00100
core   0: 0x80005288 (0x006831b3) sltu    gp, a6, t1
core   0: 3 0x80005288 (0x006831b3) x 3 0x00000000
core   0: 0x8000528c (0x40bd8bb3) sub     s7, s11, a1
core   0: 3 0x8000528c (0x40bd8bb3) x23 0x17a00100
core   0: 0x80005290 (0x7165e237) lui     tp, 0x7165e
core   0: 3 0x80005290 (0x7165e237) x 4 0x7165e000
core   0: 0x80005294 (0x007ccb33) xor     s6, s9, t2
core   0: 3 0x80005294 (0x007ccb33) x22 0x8517a001
core   0: 0x80005298 (0x0180d093) srli    ra, ra, 24
core   0: 3 0x80005298 (0x0180d093) x 1 0x00000000
core   0: 0x8000529c (0x637bdc17) auipc   s8, 0x637bd
core   0: 3 0x8000529c (0x637bdc17) x24 0xe37c229c
core   0: 0x800052a0 (0x00fbd413) srli    s0, s7, 15
core   0: 3 0x800052a0 (0x00fbd413) x 8 0x00002f40
core   0: 0x800052a4 (0x86e9e313) ori     t1, s3, -1938
core   0: 3 0x800052a4 (0x86e9e313) x 6 0xfffff86f
core   0: 0x800052a8 (0x009c9db3) sll     s11, s9, s1
core   0: 3 0x800052a8 (0x009c9db3) x27 0x8517a001
core   0: 0x800052ac (0x01375e13) srli    t3, a4, 19
core   0: 3 0x800052ac (0x01375e13) x28 0x00001000
core   0: 0x800052b0 (0xd1ab7813) andi    a6, s6, -742
core   0: 3 0x800052b0 (0xd1ab7813) x16 0x8517a000
core   0: 0x800052b4 (0x00e5a633) slt     a2, a1, a4
core   0: 3 0x800052b4 (0x00e5a633) x12 0x00000000
core   0: 0x800052b8 (0x013dd833) srl     a6, s11, s3
core   0: 3 0x800052b8 (0x013dd833) x16 0x428bd000
core   0: 0x800052bc (0x004d9693) slli    a3, s11, 4
core   0: 3 0x800052bc (0x004d9693) x13 0x517a0010
core   0: 0x800052c0 (0x006bb1b3) sltu    gp, s7, t1
core   0: 3 0x800052c0 (0x006bb1b3) x 3 0x00000001
core   0: 0x800052c4 (0x5bd5f613) andi    a2, a1, 1469
core   0: 3 0x800052c4 (0x5bd5f613) x12 0x00000000
core   0: 0x800052c8 (0x4da36b97) auipc   s7, 0x4da36
core   0: 3 0x800052c8 (0x4da36b97) x23 0xcda3b2c8
core   0: 0x800052cc (0x9b77e617) auipc   a2, 0x9b77e
core   0: 3 0x800052cc (0x9b77e617) x12 0x1b7832cc
core   0: 0x800052d0 (0x01ded913) srli    s2, t4, 29
core   0: 3 0x800052d0 (0x01ded913) x18 0x00000007
core   0: 0x800052d4 (0x01d15633) srl     a2, sp, t4
core   0: 3 0x800052d4 (0x01d15633) x12 0x00000000
core   0: 0x800052d8 (0x41dc5933) sra     s2, s8, t4
core   0: 3 0x800052d8 (0x41dc5933) x18 0xffffff8d
core   0: 0x800052dc (0x01898033) add     zero, s3, s8
core   0: 3 0x800052dc (0x01898033)
core   0: 0x800052e0 (0x8118f893) andi    a7, a7, -2031
core   0: 3 0x800052e0 (0x8118f893) x17 0x00000000
core   0: 0x800052e4 (0x01e91633) sll     a2, s2, t5
core   0: 3 0x800052e4 (0x01e91633) x12 0xc6800000
core   0: 0x800052e8 (0x0f395b17) auipc   s6, 0xf395
core   0: 3 0x800052e8 (0x0f395b17) x22 0x8f39a2e8
core   0: 0x800052ec (0x004acdb3) xor     s11, s5, tp
core   0: 3 0x800052ec (0x004acdb3) x27 0x7165e001
core   0: 0x800052f0 (0x01b85c93) srli    s9, a6, 27
core   0: 3 0x800052f0 (0x01b85c93) x25 0x00000008
core   0: 0x800052f4 (0x41705933) sra     s2, zero, s7
core   0: 3 0x800052f4 (0x41705933) x18 0x00000000
core   0: 0x800052f8 (0x01193933) sltu    s2, s2, a7
core   0: 3 0x800052f8 (0x01193933) x18 0x00000000
core   0: 0x800052fc (0x53963297) auipc   t0, 0x53963
core   0: 3 0x800052fc (0x53963297) x 5 0xd39682fc
core   0: 0x80005300 (0x01fd9893) slli    a7, s11, 31
core   0: 3 0x80005300 (0x01fd9893) x17 0x80000000
core   0: 0x80005304 (0x00d564b3) or      s1, a0, a3
core   0: 3 0x80005304 (0x00d564b3) x 9 0x517a0010
core   0: 0x80005308 (0x00d82033) slt     zero, a6, a3
core   0: 3 0x80005308 (0x00d82033)
core   0: 0x8000530c (0xc512c3b7) lui     t2, 0xc512c
core   0: 3 0x8000530c (0xc512c3b7) x 7 0xc512c000
core   0: 0x80005310 (0x7528bd13) sltiu   s10, a7, 1874
core   0: 3 0x80005310 (0x7528bd13) x26 0x00000000
core   0: 0x80005314 (0x0022bd33) sltu    s10, t0, sp
core   0: 3 0x80005314 (0x0022bd33) x26 0x00000000
core   0: 0x80005318 (0x40c186b3) sub     a3, gp, a2
core   0: 3 0x80005318 (0x40c186b3) x13 0x39800001
core   0: 0x8000531c (0x01a06633) or      a2, zero, s10
core   0: 3 0x8000531c (0x01a06633) x12 0x00000000
core   0: 0x80005320 (0x40cf8f33) sub     t5, t6, a2
core   0: 3 0x80005320 (0x40cf8f33) x30 0x80014ce4
core   0: 0x80005324 (0x01d7df13) srli    t5, a5, 29
core   0: 3 0x80005324 (0x01d7df13) x30 0x00000007
core   0: 0x80005328 (0x0e12a813) slti    a6, t0, 225
core   0: 3 0x80005328 (0x0e12a813) x16 0x00000001
core   0: 0x8000532c (0x40f48e33) sub     t3, s1, a5
core   0: 3 0x8000532c (0x40f48e33) x28 0x522b6492
core   0: 0x80005330 (0x001a66b3) or      a3, s4, ra
core   0: 3 0x80005330 (0x001a66b3) x13 0x8fc0b200
core   0: 0x80005334 (0x409c5a33) sra     s4, s8, s1
core   0: 3 0x80005334 (0x409c5a33) x20 0xffffe37c
core   0: 0x80005338 (0x4040d5b3) sra     a1, ra, tp
core   0: 3 0x80005338 (0x4040d5b3) x11 0x00000000
core   0: 0x8000533c (0x01bde8b3) or      a7, s11, s11
core   0: 3 0x8000533c (0x01bde8b3) x17 0x7165e001
core   0: 0x80005340 (0xe6552413) slti    s0, a0, -411
core   0: 3 0x80005340 (0xe6552413) x 8 0x00000000
core   0: 0x80005344 (0x002472b3) and     t0, s0, sp
core   0: 3 0x80005344 (0x002472b3) x 5 0x00000000
core   0: 0x80005348 (0x407fd393) srai    t2, t6, 7
core   0: 3 0x80005348 (0x407fd393) x 7 0xff000299
core   0: 0x8000534c (0x0192c933) xor     s2, t0, s9
core   0: 3 0x8000534c (0x0192c933) x18 0x00000008
core   0: 0x80005350 (0x411d5313) srai    t1, s10, 17
core   0: 3 0x80005350 (0x411d5313) x 6 0x00000000
core   0: 0x80005354 (0x00c87b33) and     s6, a6, a2
core   0: 3 0x80005354 (0x00c87b33) x22 0x00000000
core   0: 0x80005358 (0x004eecb3) or      s9, t4, tp
core   0: 3 0x80005358 (0x004eecb3) x25 0xfffffe76
core   0: 0x8000535c (0x93bda693) slti    a3, s11, -1733
core   0: 3 0x8000535c (0x93bda693) x13 0x00000000
core   0: 0x80005360 (0x9c2b4093) xori    ra, s6, -1598
core   0: 3 0x80005360 (0x9c2b4093) x 1 0xfffff9c2
core   0: 0x80005364 (0x01fd6033) or      zero, s10, t6
core   0: 3 0x80005364 (0x01fd6033)
core   0: 0x80005368 (0x000c48b3) xor     a7, s8, zero
core   0: 3 0x80005368 (0x000c48b3) x17 0xe37c229c
core   0: 0x8000536c (0x018d2ab3) slt     s5, s10, s8
core   0: 3 0x8000536c (0x018d2ab3) x21 0x00000000
core   0: 0x80005370 (0x00b55933) srl     s2, a0, a1
core   0: 3 0x80005370 (0x00b55933) x18 0x00000000
core   0: 0x80005374 (0x4e85ac93) slti    s9, a1, 1256
core   0: 3 0x80005374 (0x4e85ac93) x25 0x00000001
core   0: 0x80005378 (0x019fcdb3) xor     s11, t6, s9
core   0: 3 0x80005378 (0x019fcdb3) x27 0x80014ce5
core   0: 0x8000537c (0xb9cbba13) sltiu   s4, s7, -1124
core   0: 3 0x8000537c (0xb9cbba13) x20 0x00000001
core   0: 0x80005380 (0xe268b913) sltiu   s2, a7, -474
core   0: 3 0x80005380 (0xe268b913) x18 0x00000001
core   0: 0x80005384 (0x09d77213) andi    tp, a4, 157
core   0: 3 0x80005384 (0x09d77213) x 4 0x00000004
core   0: 0x80005388 (0x92d2b693) sltiu   a3, t0, -1747
core   0: 3 0x80005388 (0x92d2b693) x13 0x00000001
core   0: 0x8000538c (0x056f7d37) lui     s10, 0x56f7
core   0: 3 0x8000538c (0x056f7d37) x26 0x056f7000
core   0: 0x80005390 (0x00a50133) add     sp, a0, a0
core   0: 3 0x80005390 (0x00a50133) x 2 0x00000000
core   0: 0x80005394 (0x00c2d893) srli    a7, t0, 12
core   0: 3 0x80005394 (0x00c2d893) x17 0x00000000
core   0: 0x80005398 (0x4079d233) sra     tp, s3, t2
core   0: 3 0x80005398 (0x4079d233) x 4 0x00000000
core   0: 0x8000539c (0x06fcbf37) lui     t5, 0x6fcb
core   0: 3 0x8000539c (0x06fcbf37) x30 0x06fcb000
core   0: 0x800053a0 (0x1638c313) xori    t1, a7, 355
core   0: 3 0x800053a0 (0x1638c313) x 6 0x00000163
core   0: 0x800053a4 (0x00000013) nop
core   0: 3 0x800053a4 (0x00000013)
core   0: 0x800053a8 (0x00218933) add     s2, gp, sp
core   0: 3 0x800053a8 (0x00218933) x18 0x00000001
core   0: 0x800053ac (0x00f084b3) add     s1, ra, a5
core   0: 3 0x800053ac (0x00f084b3) x 9 0xff4e9540
core   0: 0x800053b0 (0x01567f13) andi    t5, a2, 21
core   0: 3 0x800053b0 (0x01567f13) x30 0x00000000
core   0: 0x800053b4 (0x01dfb333) sltu    t1, t6, t4
core   0: 3 0x800053b4 (0x01dfb333) x 6 0x00000001
core   0: 0x800053b8 (0x412f80b3) sub     ra, t6, s2
core   0: 3 0x800053b8 (0x412f80b3) x 1 0x80014ce3
core   0: 0x800053bc (0x393a6613) ori     a2, s4, 915
core   0: 3 0x800053bc (0x393a6613) x12 0x00000393
core   0: 0x800053c0 (0x812d0197) auipc   gp, 0x812d0
core   0: 3 0x800053c0 (0x812d0197) x 3 0x012d53c0
core   0: 0x800053c4 (0x7bcfaa13) slti    s4, t6, 1980
core   0: 3 0x800053c4 (0x7bcfaa13) x20 0x00000001
core   0: 0x800053c8 (0x5d189d97) auipc   s11, 0x5d189
core   0: 3 0x800053c8 (0x5d189d97) x27 0xdd18e3c8
core   0: 0x800053cc (0x0058bcb3) sltu    s9, a7, t0
core   0: 3 0x800053cc (0x0058bcb3) x25 0x00000000
core   0: 0x800053d0 (0x01eaf333) and     t1, s5, t5
core   0: 3 0x800053d0 (0x01eaf333) x 6 0x00000000
core   0: 0x800053d4 (0x00000013) nop
core   0: 3 0x800053d4 (0x00000013)
core   0: 0x800053d8 (0x03bd3893) sltiu   a7, s10, 59
core   0: 3 0x800053d8 (0x03bd3893) x17 0x00000000
core   0: 0x800053dc (0x002feab3) or      s5, t6, sp
core   0: 3 0x800053dc (0x002feab3) x21 0x80014ce4
core   0: 0x800053e0 (0x011c24b3) slt     s1, s8, a7
core   0: 3 0x800053e0 (0x011c24b3) x 9 0x00000001
core   0: 0x800053e4 (0x004fd893) srli    a7, t6, 4
core   0: 3 0x800053e4 (0x004fd893) x17 0x080014ce
core   0: 0x800053e8 (0x01a48eb3) add     t4, s1, s10
core   0: 3 0x800053e8 (0x01a48eb3) x29 0x056f7001
core   0: 0x800053ec (0x00000213) li      tp, 0
core   0: 3 0x800053ec (0x00000213) x 4 0x00000000
core   0: 0x800053f0 (0xfff00493) li      s1, -1
core   0: 3 0x800053f0 (0xfff00493) x 9 0xffffffff
core   0: 0x800053f4 (0x91a33db7) lui     s11, 0x91a33
core   0: 3 0x800053f4 (0x91a33db7) x27 0x91a33000
core   0: 0x800053f8 (0x3a6d8d93) addi    s11, s11, 934
core   0: 3 0x800053f8 (0x3a6d8d93) x27 0x91a333a6
core   0: 0x800053fc (0x80000137) lui     sp, 0x80000
core   0: 3 0x800053fc (0x80000137) x 2 0x80000000
core   0: 0x80005400 (0xfff00813) li      a6, -1
core   0: 3 0x80005400 (0xfff00813) x16 0xffffffff
core   0: 0x80005404 (0x80000ab7) lui     s5, 0x80000
core   0: 3 0x80005404 (0x80000ab7) x21 0x80000000
core   0: 0x80005408 (0xdbf2e337) lui     t1, 0xdbf2e
core   0: 3 0x80005408 (0xdbf2e337) x 6 0xdbf2e000
core   0: 0x8000540c (0xf0630313) addi    t1, t1, -250
core   0: 3 0x8000540c (0xf0630313) x 6 0xdbf2df06
core   0: 0x80005410 (0xfff00093) li      ra, -1
core   0: 3 0x80005410 (0xfff00093) x 1 0xffffffff
core   0: 0x80005414 (0x00000513) li      a0, 0
core   0: 3 0x80005414 (0x00000513) x10 0x00000000
core   0: 0x80005418 (0xa1fb4f37) lui     t5, 0xa1fb4
core   0: 3 0x80005418 (0xa1fb4f37) x30 0xa1fb4000
core   0: 0x8000541c (0x19cf0f13) addi    t5, t5, 412
core   0: 3 0x8000541c (0x19cf0f13) x30 0xa1fb419c
core   0: 0x80005420 (0x00000013) nop
core   0: 3 0x80005420 (0x00000013)
core   0: 0x80005424 (0x006a8833) add     a6, s5, t1
core   0: 3 0x80005424 (0x006a8833) x16 0x5bf2df06
core   0: 0x80005428 (0x015d8533) add     a0, s11, s5
core   0: 3 0x80005428 (0x015d8533) x10 0x11a333a6
core   0: 0x8000542c (0x9fda4217) auipc   tp, 0x9fda4
core   0: 3 0x8000542c (0x9fda4217) x 4 0x1fda942c
core   0: 0x80005430 (0x2ba05217) auipc   tp, 0x2ba05
core   0: 3 0x80005430 (0x2ba05217) x 4 0xaba0a430
core   0: 0x80005434 (0x002f0f33) add     t5, t5, sp
core   0: 3 0x80005434 (0x002f0f33) x30 0x21fb419c
core   0: 0x80005438 (0xa5e4b337) lui     t1, 0xa5e4b
core   0: 3 0x80005438 (0xa5e4b337) x 6 0xa5e4b000
core   0: 0x8000543c (0x4aa66237) lui     tp, 0x4aa66
core   0: 3 0x8000543c (0x4aa66237) x 4 0x4aa66000
core   0: 0x80005440 (0x40208333) sub     t1, ra, sp
core   0: 3 0x80005440 (0x40208333) x 6 0x7fffffff
core   0: 0x80005444 (0x00000013) nop
core   0: 3 0x80005444 (0x00000013)
core   0: 0x80005448 (0x00a80833) add     a6, a6, a0
core   0: 3 0x80005448 (0x00a80833) x16 0x6d9612ac
core   0: 0x8000544c (0x00410db3) add     s11, sp, tp
core   0: 3 0x8000544c (0x00410db3) x27 0xcaa66000
core   0: 0x80005450 (0xcbe45237) lui     tp, 0xcbe45
core   0: 3 0x80005450 (0xcbe45237) x 4 0xcbe45000
core   0: 0x80005454 (0x409a8333) sub     t1, s5, s1
core   0: 3 0x80005454 (0x409a8333) x 6 0x80000001
core   0: 0x80005458 (0x2283b4b7) lui     s1, 0x2283b
core   0: 3 0x80005458 (0x2283b4b7) x 9 0x2283b000
core   0: 0x8000545c (0x13280493) addi    s1, a6, 306
core   0: 3 0x8000545c (0x13280493) x 9 0x6d9613de
core   0: 0x80005460 (0x00000013) nop
core   0: 3 0x80005460 (0x00000013)
core   0: 0x80005464 (0x00000013) nop
core   0: 3 0x80005464 (0x00000013)
core   0: 0x80005468 (0xdfb98837) lui     a6, 0xdfb98
core   0: 3 0x80005468 (0xdfb98837) x16 0xdfb98000
core   0: 0x8000546c (0x404480b3) sub     ra, s1, tp
core   0: 3 0x8000546c (0x404480b3) x 1 0xa1b1c3de
core   0: 0x80005470 (0x002f00b3) add     ra, t5, sp
core   0: 3 0x80005470 (0x002f00b3) x 1 0xa1fb419c
core   0: 0x80005474 (0x00000013) nop
core   0: 3 0x80005474 (0x00000013)
core   0: 0x80005478 (0x40a20133) sub     sp, tp, a0
core   0: 3 0x80005478 (0x40a20133) x 2 0xba411c5a
core   0: 0x8000547c (0x75a80113) addi    sp, a6, 1882
core   0: 3 0x8000547c (0x75a80113) x 2 0xdfb9875a
core   0: 0x80005480 (0x00000013) nop
core   0: 3 0x80005480 (0x00000013)
core   0: 0x80005484 (0x404f0333) sub     t1, t5, tp
core   0: 3 0x80005484 (0x404f0333) x 6 0x5616f19c
core   0: 0x80005488 (0x93a9ba97) auipc   s5, 0x93a9b
core   0: 3 0x80005488 (0x93a9ba97) x21 0x13aa0488
core   0: 0x8000548c (0x00000013) nop
core   0: 3 0x8000548c (0x00000013)
core   0: 0x80005490 (0x00a10133) add     sp, sp, a0
core   0: 3 0x80005490 (0x00a10133) x 2 0xf15cbb00
core   0: 0x80005494 (0x1d03b513) sltiu   a0, t2, 464
core   0: 3 0x80005494 (0x1d03b513) x10 0x00000000
core   0: 0x80005498 (0xf7485b97) auipc   s7, 0xf7485
core   0: 3 0x80005498 (0xf7485b97) x23 0x7748a498
core   0: 0x8000549c (0x00166233) or      tp, a2, ra
core   0: 3 0x8000549c (0x00166233) x 4 0xa1fb439f
core   0: 0x800054a0 (0x00000013) nop
core   0: 3 0x800054a0 (0x00000013)
core   0: 0x800054a4 (0x00000013) nop
core   0: 3 0x800054a4 (0x00000013)
core   0: 0x800054a8 (0x4009d293) srai    t0, s3, 0
core   0: 3 0x800054a8 (0x4009d293) x 5 0x00000001
core   0: 0x800054ac (0x01ba7433) and     s0, s4, s11
core   0: 3 0x800054ac (0x01ba7433) x 8 0x00000000
core   0: 0x800054b0 (0x3e818193) addi    gp, gp, 1000
core   0: 3 0x800054b0 (0x3e818193) x 3 0x012d57a8
core   0: 0x800054b4 (0xc305ff13) andi    t5, a1, -976
core   0: 3 0x800054b4 (0xc305ff13) x30 0x00000000
core   0: 0x800054b8 (0x0ab06593) ori     a1, zero, 171
core   0: 3 0x800054b8 (0x0ab06593) x11 0x000000ab
core   0: 0x800054bc (0x417a5b13) srai    s6, s4, 23
core   0: 3 0x800054bc (0x417a5b13) x22 0x00000000
core   0: 0x800054c0 (0x44cd7313) andi    t1, s10, 1100
core   0: 3 0x800054c0 (0x44cd7313) x 6 0x00000000
core   0: 0x800054c4 (0xe1f76313) ori     t1, a4, -481
core   0: 3 0x800054c4 (0xe1f76313) x 6 0xfffffe7f
core   0: 0x800054c8 (0x8ca02393) slti    t2, zero, -1846
core   0: 3 0x800054c8 (0x8ca02393) x 7 0x00000000
core   0: 0x800054cc (0x003d6a33) or      s4, s10, gp
core   0: 3 0x800054cc (0x003d6a33) x20 0x056f77a8
core   0: 0x800054d0 (0xe1f5f093) andi    ra, a1, -481
core   0: 3 0x800054d0 (0xe1f5f093) x 1 0x0000000b
core   0: 0x800054d4 (0x00000013) nop
core   0: 3 0x800054d4 (0x00000013)
core   0: 0x800054d8 (0x5e689e97) auipc   t4, 0x5e689
core   0: 3 0x800054d8 (0x5e689e97) x29 0xde68e4d8
core   0: 0x800054dc (0x01b7ad33) slt     s10, a5, s11
core   0: 3 0x800054dc (0x01b7ad33) x26 0x00000000
core   0: 0x800054e0 (0x9bfbba17) auipc   s4, 0x9bfbb
core   0: 3 0x800054e0 (0x9bfbba17) x20 0x1bfc04e0
core   0: 0x800054e4 (0x008e1c13) slli    s8, t3, 8
core   0: 3 0x800054e4 (0x008e1c13) x24 0x2b649200
core   0: 0x800054e8 (0x13dab293) sltiu   t0, s5, 317
core   0: 3 0x800054e8 (0x13dab293) x 5 0x00000000
core   0: 0x800054ec (0x009c53b3) srl     t2, s8, s1
core   0: 3 0x800054ec (0x009c53b3) x 7 0x00000000
core   0: 0x800054f0 (0x0184dd93) srli    s11, s1, 24
core   0: 3 0x800054f0 (0x0184dd93) x27 0x0000006d
core   0: 0x800054f4 (0xe16fb013) sltiu   zero, t6, -490
core   0: 3 0x800054f4 (0xe16fb013)
core   0: 0x800054f8 (0xe9346013) ori     zero, s0, -365
core   0: 3 0x800054f8 (0xe9346013)
core   0: 0x800054fc (0xba676813) ori     a6, a4, -1114
core   0: 3 0x800054fc (0xba676813) x16 0xffffffe6
core   0: 0x80005500 (0x41000533) sub     a0, zero, a6
core   0: 3 0x80005500 (0x41000533) x10 0x0000001a
core   0: 0x80005504 (0x0174a5b3) slt     a1, s1, s7
core   0: 3 0x80005504 (0x0174a5b3) x11 0x00000001
core   0: 0x80005508 (0x1254f697) auipc   a3, 0x1254f
core   0: 3 0x80005508 (0x1254f697) x13 0x92554508
core   0: 0x8000550c (0x0120fcb3) and     s9, ra, s2
core   0: 3 0x8000550c (0x0120fcb3) x25 0x00000001
core   0: 0x80005510 (0x01289d93) slli    s11, a7, 18
core   0: 3 0x80005510 (0x01289d93) x27 0x53380000
core   0: 0x80005514 (0xffcaa313) slti    t1, s5, -4
core   0: 3 0x80005514 (0xffcaa313) x 6 0x00000000
core   0: 0x80005518 (0x014c4d33) xor     s10, s8, s4
core   0: 3 0x80005518 (0x014c4d33) x26 0x309896e0
core   0: 0x8000551c (0x005fd113) srli    sp, t6, 5
core   0: 3 0x8000551c (0x005fd113) x 2 0x04000a67
core   0: 0x80005520 (0xe0057413) andi    s0, a0, -512
core   0: 3 0x80005520 (0xe0057413) x 8 0x00000000
core   0: 0x80005524 (0x00573f33) sltu    t5, a4, t0
core   0: 3 0x80005524 (0x00573f33) x30 0x00000000
core   0: 0x80005528 (0xe2947517) auipc   a0, 0xe2947
core   0: 3 0x80005528 (0xe2947517) x10 0x6294c528
core   0: 0x8000552c (0x40ac8d33) sub     s10, s9, a0
core   0: 3 0x8000552c (0x40ac8d33) x26 0x9d6b3ad9
core   0: 0x80005530 (0x37418913) addi    s2, gp, 884
core   0: 3 0x80005530 (0x37418913) x18 0x012d5b1c
core   0: 0x80005534 (0xee293a13) sltiu   s4, s2, -286
core   0: 3 0x80005534 (0xee293a13) x20 0x00000001
core   0: 0x80005538 (0x016c10b3) sll     ra, s8, s6
core   0: 3 0x80005538 (0x016c10b3) x 1 0x2b649200
core   0: 0x8000553c (0x018e7eb3) and     t4, t3, s8
core   0: 3 0x8000553c (0x018e7eb3) x29 0x02200000
core   0: 0x80005540 (0x33dae593) ori     a1, s5, 829
core   0: 3 0x80005540 (0x33dae593) x11 0x13aa07bd
core   0: 0x80005544 (0x40f85d13) srai    s10, a6, 15
core   0: 3 0x80005544 (0x40f85d13) x26 0xffffffff
core   0: 0x80005548 (0x5a442297) auipc   t0, 0x5a442
core   0: 3 0x80005548 (0x5a442297) x 5 0xda447548
core   0: 0x8000554c (0xe9cf6893) ori     a7, t5, -356
core   0: 3 0x8000554c (0xe9cf6893) x17 0xfffffe9c
core   0: 0x80005550 (0x004f5b33) srl     s6, t5, tp
core   0: 3 0x80005550 (0x004f5b33) x22 0x00000000
core   0: 0x80005554 (0x64d9dcb7) lui     s9, 0x64d9d
core   0: 3 0x80005554 (0x64d9dcb7) x25 0x64d9d000
core   0: 0x80005558 (0x41c706b3) sub     a3, a4, t3
core   0: 3 0x80005558 (0x41c706b3) x13 0x2dd5a9d2
core   0: 0x8000555c (0x003f9913) slli    s2, t6, 3
core   0: 3 0x8000555c (0x003f9913) x18 0x000a6720
core   0: 0x80005560 (0x35a9fc93) andi    s9, s3, 858
core   0: 3 0x80005560 (0x35a9fc93) x25 0x00000000
core   0: 0x80005564 (0x5e186c93) ori     s9, a6, 1505
core   0: 3 0x80005564 (0x5e186c93) x25 0xffffffe7
core   0: 0x80005568 (0x019f39b3) sltu    s3, t5, s9
core   0: 3 0x80005568 (0x019f39b3) x19 0x00000001
core   0: 0x8000556c (0x016ccdb3) xor     s11, s9, s6
core   0: 3 0x8000556c (0x016ccdb3) x27 0xffffffe7
core   0: 0x80005570 (0x00a575b3) and     a1, a0, a0
core   0: 3 0x80005570 (0x00a575b3) x11 0x6294c528
core   0: 0x80005574 (0x409e0e13) addi    t3, t3, 1033
core   0: 3 0x80005574 (0x409e0e13) x28 0x522b689b
core   0: 0x80005578 (0x0078deb3) srl     t4, a7, t2
core   0: 3 0x80005578 (0x0078deb3) x29 0xfffffe9c
core   0: 0x8000557c (0x45b72d93) slti    s11, a4, 1115
core   0: 3 0x8000557c (0x45b72d93) x27 0x00000001
core   0: 0x80005580 (0x4020deb3) sra     t4, ra, sp
core   0: 3 0x80005580 (0x4020deb3) x29 0x0056c924
core   0: 0x80005584 (0xeb6f2e93) slti    t4, t5, -330
core   0: 3 0x80005584 (0xeb6f2e93) x29 0x00000000
core   0: 0x80005588 (0x00824ab3) xor     s5, tp, s0
core   0: 3 0x80005588 (0x00824ab3) x21 0xa1fb439f
core   0: 0x8000558c (0xdf4db6b7) lui     a3, 0xdf4db
core   0: 3 0x8000558c (0xdf4db6b7) x13 0xdf4db000
core   0: 0x80005590 (0x00b8bf33) sltu    t5, a7, a1
core   0: 3 0x80005590 (0x00b8bf33) x30 0x00000000
core   0: 0x80005594 (0x01111d33) sll     s10, sp, a7
core   0: 3 0x80005594 (0x01111d33) x26 0x70000000
core   0: 0x80005598 (0x0075a5b3) slt     a1, a1, t2
core   0: 3 0x80005598 (0x0075a5b3) x11 0x00000000
core   0: 0x8000559c (0x4119da93) srai    s5, s3, 17
core   0: 3 0x8000559c (0x4119da93) x21 0x00000000
core   0: 0x800055a0 (0x012cf333) and     t1, s9, s2
core   0: 3 0x800055a0 (0x012cf333) x 6 0x000a6720
core   0: 0x800055a4 (0x41bedbb3) sra     s7, t4, s11
core   0: 3 0x800055a4 (0x41bedbb3) x23 0x00000000
core   0: 0x800055a8 (0x4192dbb3) sra     s7, t0, s9
core   0: 3 0x800055a8 (0x4192dbb3) x23 0xffb488ea
core   0: 0x800055ac (0x014b09b3) add     s3, s6, s4
core   0: 3 0x800055ac (0x014b09b3) x19 0x00000001
core   0: 0x800055b0 (0x833fca13) xori    s4, t6, -1997
core   0: 3 0x800055b0 (0x833fca13) x20 0x7ffeb4d7
core   0: 0x800055b4 (0x00e1db33) srl     s6, gp, a4
core   0: 3 0x800055b4 (0x00e1db33) x22 0x0012d57a
core   0: 0x800055b8 (0x007016b3) sll     a3, zero, t2
core   0: 3 0x800055b8 (0x007016b3) x13 0x00000000
core   0: 0x800055bc (0x41e28ab3) sub     s5, t0, t5
core   0: 3 0x800055bc (0x41e28ab3) x21 0xda447548
core   0: 0x800055c0 (0x01adb5b3) sltu    a1, s11, s10
core   0: 3 0x800055c0 (0x01adb5b3) x11 0x00000001
core   0: 0x800055c4 (0x1d672d93) slti    s11, a4, 470
core   0: 3 0x800055c4 (0x1d672d93) x27 0x00000001
core   0: 0x800055c8 (0x56180a13) addi    s4, a6, 1377
core   0: 3 0x800055c8 (0x56180a13) x20 0x00000547
core   0: 0x800055cc (0xfb577513) andi    a0, a4, -75
core   0: 3 0x800055cc (0xfb577513) x10 0x80010e24
core   0: 0x800055d0 (0x52042a13) slti    s4, s0, 1312
core   0: 3 0x800055d0 (0x52042a13) x20 0x00000001
core   0: 0x800055d4 (0xbb0b7337) lui     t1, 0xbb0b7
core   0: 3 0x800055d4 (0xbb0b7337) x 6 0xbb0b7000
core   0: 0x800055d8 (0xcbe90813) addi    a6, s2, -834
core   0: 3 0x800055d8 (0xcbe90813) x16 0x000a63de
core   0: 0x800055dc (0x196b0f13) addi    t5, s6, 406
core   0: 3 0x800055dc (0x196b0f13) x30 0x0012d710
core   0: 0x800055e0 (0xabe88913) addi    s2, a7, -1346
core   0: 3 0x800055e0 (0xabe88913) x18 0xfffff95a
core   0: 0x800055e4 (0x016a92b3) sll     t0, s5, s6
core   0: 3 0x800055e4 (0x016a92b3) x 5 0x20000000
core   0: 0x800055e8 (0x00d1fd33) and     s10, gp, a3
core   0: 3 0x800055e8 (0x00d1fd33) x26 0x00000000
core   0: 0x800055ec (0x41478333) sub     t1, a5, s4
core   0: 3 0x800055ec (0x41478333) x 6 0xff4e9b7d
core   0: 0x800055f0 (0xe8bb6513) ori     a0, s6, -373
core   0: 3 0x800055f0 (0xe8bb6513) x10 0xfffffffb
core   0: 0x800055f4 (0x0117dbb3) srl     s7, a5, a7
core   0: 3 0x800055f4 (0x0117dbb3) x23 0x0000000f
core   0: 0x800055f8 (0x4a5a5c17) auipc   s8, 0x4a5a5
core   0: 3 0x800055f8 (0x4a5a5c17) x24 0xca5aa5f8
core   0: 0x800055fc (0x3b0a4593) xori    a1, s4, 944
core   0: 3 0x800055fc (0x3b0a4593) x11 0x000003b1
core   0: 0x80005600 (0x00000013) nop
core   0: 3 0x80005600 (0x00000013)
core   0: 0x80005604 (0x00dd4433) xor     s0, s10, a3
core   0: 3 0x80005604 (0x00dd4433) x 8 0x00000000
core   0: 0x80005608 (0x3f048a93) addi    s5, s1, 1008
core   0: 3 0x80005608 (0x3f048a93) x21 0x6d9617ce
core   0: 0x8000560c (0x0842af13) slti    t5, t0, 132
core   0: 3 0x8000560c (0x0842af13) x30 0x00000000
core   0: 0x80005610 (0x0047f233) and     tp, a5, tp
core   0: 3 0x80005610 (0x0047f233) x 4 0xa14a031e
core   0: 0x80005614 (0x01485c13) srli    s8, a6, 20
core   0: 3 0x80005614 (0x01485c13) x24 0x00000000
core   0: 0x80005618 (0x417f0633) sub     a2, t5, s7
core   0: 3 0x80005618 (0x417f0633) x12 0xfffffff1
core   0: 0x8000561c (0x008c9b33) sll     s6, s9, s0
core   0: 3 0x8000561c (0x008c9b33) x22 0xffffffe7
core   0: 0x80005620 (0x01612633) slt     a2, sp, s6
core   0: 3 0x80005620 (0x01612633) x12 0x00000000
core   0: 0x80005624 (0x00000013) nop
core   0: 3 0x80005624 (0x00000013)
core   0: 0x80005628 (0x11e6d597) auipc   a1, 0x11e6d
core   0: 3 0x80005628 (0x11e6d597) x11 0x91e72628
core   0: 0x8000562c (0x00b7c233) xor     tp, a5, a1
core   0: 3 0x8000562c (0x00b7c233) x 4 0x6ea9bd56
core   0: 0x80005630 (0x01a524b3) slt     s1, a0, s10
core   0: 3 0x80005630 (0x01a524b3) x 9 0x00000001
core   0: 0x80005634 (0x40c35893) srai    a7, t1, 12
core   0: 3 0x80005634 (0x40c35893) x17 0xfffff4e9
core   0: 0x80005638 (0x00ee45b3) xor     a1, t3, a4
core   0: 3 0x80005638 (0x00ee45b3) x11 0xd22a66ff
core   0: 0x8000563c (0x41e95a13) srai    s4, s2, 30
core   0: 3 0x8000563c (0x41e95a13) x20 0xffffffff
core   0: 0x80005640 (0x016dd2b3) srl     t0, s11, s6
core   0: 3 0x80005640 (0x016dd2b3) x 5 0x00000000
core   0: 0x80005644 (0x6a897593) andi    a1, s2, 1704
core   0: 3 0x80005644 (0x6a897593) x11 0x00000008
core   0: 0x80005648 (0x92d92f13) slti    t5, s2, -1747
core   0: 3 0x80005648 (0x92d92f13) x30 0x00000000
core   0: 0x8000564c (0x54470413) addi    s0, a4, 1348
core   0: 3 0x8000564c (0x54470413) x 8 0x800113a8
core   0: 0x80005650 (0x01a58ab3) add     s5, a1, s10
core   0: 3 0x80005650 (0x01a58ab3) x21 0x00000008
core   0: 0x80005654 (0x01949913) slli    s2, s1, 25
core   0: 3 0x80005654 (0x01949913) x18 0x02000000
core   0: 0x80005658 (0x41675c93) srai    s9, a4, 22
core   0: 3 0x80005658 (0x41675c93) x25 0xfffffe00
core   0: 0x8000565c (0x01f15493) srli    s1, sp, 31
core   0: 3 0x8000565c (0x01f15493) x 9 0x00000000
core   0: 0x80005660 (0xf716ba13) sltiu   s4, a3, -143
core   0: 3 0x80005660 (0xf716ba13) x20 0x00000001
core   0: 0x80005664 (0x21ba3293) sltiu   t0, s4, 539
core   0: 3 0x80005664 (0x21ba3293) x 5 0x00000001
core   0: 0x80005668 (0x00f9c5b3) xor     a1, s3, a5
core   0: 3 0x80005668 (0x00f9c5b3) x11 0xff4e9b7f
core   0: 0x8000566c (0x00001113) slli    sp, zero, 0
core   0: 3 0x8000566c (0x00001113) x 2 0x00000000
core   0: 0x80005670 (0x00015cb3) srl     s9, sp, zero
core   0: 3 0x80005670 (0x00015cb3) x25 0x00000000
core   0: 0x80005674 (0xa8a44f17) auipc   t5, 0xa8a44
core   0: 3 0x80005674 (0xa8a44f17) x30 0x28a49674
core   0: 0x80005678 (0x017bd693) srli    a3, s7, 23
core   0: 3 0x80005678 (0x017bd693) x13 0x00000000
core   0: 0x8000567c (0x0092fa33) and     s4, t0, s1
core   0: 3 0x8000567c (0x0092fa33) x20 0x00000000
core   0: 0x80005680 (0x4e1a4a93) xori    s5, s4, 1249
core   0: 3 0x80005680 (0x4e1a4a93) x21 0x000004e1
core   0: 0x80005684 (0x00000013) nop
core   0: 3 0x80005684 (0x00000013)
core   0: 0x80005688 (0x01be98b3) sll     a7, t4, s11
core   0: 3 0x80005688 (0x01be98b3) x17 0x00000000
core   0: 0x8000568c (0x5c247a93) andi    s5, s0, 1474
core   0: 3 0x8000568c (0x5c247a93) x21 0x00000180
core   0: 0x80005690 (0x01375993) srli    s3, a4, 19
core   0: 3 0x80005690 (0x01375993) x19 0x00001000
core   0: 0x80005694 (0x00a8f1b3) and     gp, a7, a0
core   0: 3 0x80005694 (0x00a8f1b3) x 3 0x00000000
core   0: 0x80005698 (0x40ab0633) sub     a2, s6, a0
core   0: 3 0x80005698 (0x40ab0633) x12 0xffffffec
core   0: 0x8000569c (0xe5f17513) andi    a0, sp, -417
core   0: 3 0x8000569c (0xe5f17513) x10 0x00000000
core   0: 0x800056a0 (0x0105d433) srl     s0, a1, a6
core   0: 3 0x800056a0 (0x0105d433) x 8 0x00000003
core   0: 0x800056a4 (0x34a16d37) lui     s10, 0x34a16
core   0: 3 0x800056a4 (0x34a16d37) x26 0x34a16000
core   0: 0x800056a8 (0x01f49613) slli    a2, s1, 31
core   0: 3 0x800056a8 (0x01f49613) x12 0x00000000
core   0: 0x800056ac (0x0012e5b3) or      a1, t0, ra
core   0: 3 0x800056ac (0x0012e5b3) x11 0x2b649201
core   0: 0x800056b0 (0x001a50b3) srl     ra, s4, ra
core   0: 3 0x800056b0 (0x001a50b3) x 1 0x00000000
core   0: 0x800056b4 (0x00b2c433) xor     s0, t0, a1
core   0: 3 0x800056b4 (0x00b2c433) x 8 0x2b649200
core   0: 0x800056b8 (0x408f5613) srai    a2, t5, 8
core   0: 3 0x800056b8 (0x408f5613) x12 0x0028a496
core   0: 0x800056bc (0x015251b3) srl     gp, tp, s5
core   0: 3 0x800056bc (0x015251b3) x 3 0x6ea9bd56
core   0: 0x800056c0 (0x00d57d33) and     s10, a0, a3
core   0: 3 0x800056c0 (0x00d57d33) x26 0x00000000
core   0: 0x800056c4 (0x000a5f33) srl     t5, s4, zero
core   0: 3 0x800056c4 (0x000a5f33) x30 0x00000000
core   0: 0x800056c8 (0x018325b3) slt     a1, t1, s8
core   0: 3 0x800056c8 (0x018325b3) x11 0x00000001
core   0: 0x800056cc (0x00191f33) sll     t5, s2, ra
core   0: 3 0x800056cc (0x00191f33) x30 0x02000000
core   0: 0x800056d0 (0xc295a493) slti    s1, a1, -983
core   0: 3 0x800056d0 (0xc295a493) x 9 0x00000000
core   0: 0x800056d4 (0x0080aeb3) slt     t4, ra, s0
core   0: 3 0x800056d4 (0x0080aeb3) x29 0x00000001
core   0: 0x800056d8 (0x4b2f61b7) lui     gp, 0x4b2f6
core   0: 3 0x800056d8 (0x4b2f61b7) x 3 0x4b2f6000
core   0: 0x800056dc (0x00a10633) add     a2, sp, a0
core   0: 3 0x800056dc (0x00a10633) x12 0x00000000
core   0: 0x800056e0 (0x00b07db3) and     s11, zero, a1
core   0: 3 0x800056e0 (0x00b07db3) x27 0x00000000
core   0: 0x800056e4 (0x00ec3cb3) sltu    s9, s8, a4
core   0: 3 0x800056e4 (0x00ec3cb3) x25 0x00000001
core   0: 0x800056e8 (0x01c66eb3) or      t4, a2, t3
core   0: 3 0x800056e8 (0x01c66eb3) x29 0x522b689b
core   0: 0x800056ec (0x00f79bb3) sll     s7, a5, a5
core   0: 3 0x800056ec (0x00f79bb3) x23 0x80000000
core   0: 0x800056f0 (0x01ab46b3) xor     a3, s6, s10
core   0: 3 0x800056f0 (0x01ab46b3) x13 0xffffffe7
core   0: 0x800056f4 (0x5dc83197) auipc   gp, 0x5dc83
core   0: 3 0x800056f4 (0x5dc83197) x 3 0xddc886f4
core   0: 0x800056f8 (0x00000013) nop
core   0: 3 0x800056f8 (0x00000013)
core   0: 0x800056fc (0x00f69833) sll     a6, a3, a5
core   0: 3 0x800056fc (0x00f69833) x16 0xc0000000
core   0: 0x80005700 (0xc4c78e13) addi    t3, a5, -948
core   0: 3 0x80005700 (0xc4c78e13) x28 0xff4e97ca
core   0: 0x80005704 (0x01aca833) slt     a6, s9, s10
core   0: 3 0x80005704 (0x01aca833) x16 0x00000000
core   0: 0x80005708 (0x01615d33) srl     s10, sp, s6
core   0: 3 0x80005708 (0x01615d33) x26 0x00000000
core   0: 0x8000570c (0x01b3e3b3) or      t2, t2, s11
core   0: 3 0x8000570c (0x01b3e3b3) x 7 0x00000000
core   0: 0x80005710 (0x40eb06b3) sub     a3, s6, a4
core   0: 3 0x80005710 (0x40eb06b3) x13 0x7ffef183
core   0: 0x80005714 (0xdff06f13) ori     t5, zero, -513
core   0: 3 0x80005714 (0xdff06f13) x30 0xfffffdff
core   0: 0x80005718 (0x95dd7f13) andi    t5, s10, -1699
core   0: 3 0x80005718 (0x95dd7f13) x30 0x00000000
core   0: 0x8000571c (0xbae498b7) lui     a7, 0xbae49
core   0: 3 0x8000571c (0xbae498b7) x17 0xbae49000
core   0: 0x80005720 (0x01fc5233) srl     tp, s8, t6
core   0: 3 0x80005720 (0x01fc5233) x 4 0x00000000
core   0: 0x80005724 (0x410bd533) sra     a0, s7, a6
core   0: 3 0x80005724 (0x410bd533) x10 0x80000000
core   0: 0x80005728 (0x018bcc33) xor     s8, s7, s8
core   0: 3 0x80005728 (0x018bcc33) x24 0x80000000
core   0: 0x8000572c (0x93f98d93) addi    s11, s3, -1729
core   0: 3 0x8000572c (0x93f98d93) x27 0x0000093f
core   0: 0x80005730 (0x5af8e113) ori     sp, a7, 1455
core   0: 3 0x80005730 (0x5af8e113) x 2 0xbae495af
core   0: 0x80005734 (0x00000013) nop
core   0: 3 0x80005734 (0x00000013)
core   0: 0x80005738 (0x011422b3) slt     t0, s0, a7
core   0: 3 0x80005738 (0x011422b3) x 5 0x00000000
core   0: 0x8000573c (0x00c23d33) sltu    s10, tp, a2
core   0: 3 0x8000573c (0x00c23d33) x26 0x00000000
core   0: 0x80005740 (0x9dcfa613) slti    a2, t6, -1572
core   0: 3 0x80005740 (0x9dcfa613) x12 0x00000001
core   0: 0x80005744 (0x0085ebb3) or      s7, a1, s0
core   0: 3 0x80005744 (0x0085ebb3) x23 0x2b649201
core   0: 0x80005748 (0xd6eae817) auipc   a6, 0xd6eae
core   0: 3 0x80005748 (0xd6eae817) x16 0x56eb3748
core   0: 0x8000574c (0x01dc5593) srli    a1, s8, 29
core   0: 3 0x8000574c (0x01dc5593) x11 0x00000004
core   0: 0x80005750 (0x1c273d13) sltiu   s10, a4, 450
core   0: 3 0x80005750 (0x1c273d13) x26 0x00000000
core   0: 0x80005754 (0xad814593) xori    a1, sp, -1320
core   0: 3 0x80005754 (0xad814593) x11 0x451b6f77
core   0: 0x80005758 (0xf8d89bb7) lui     s7, 0xf8d89
core   0: 3 0x80005758 (0xf8d89bb7) x23 0xf8d89000
core   0: 0x8000575c (0x00ff7ab3) and     s5, t5, a5
core   0: 3 0x8000575c (0x00ff7ab3) x21 0x00000000
core   0: 0x80005760 (0x00b1d293) srli    t0, gp, 11
core   0: 3 0x80005760 (0x00b1d293) x 5 0x001bb910
core   0: 0x80005764 (0x40dcd213) srai    tp, s9, 13
core   0: 3 0x80005764 (0x40dcd213) x 4 0x00000000
core   0: 0x80005768 (0x00b8d813) srli    a6, a7, 11
core   0: 3 0x80005768 (0x00b8d813) x16 0x00175c92
core   0: 0x8000576c (0x401bd613) srai    a2, s7, 1
core   0: 3 0x8000576c (0x401bd613) x12 0xfc6c4800
core   0: 0x80005770 (0x9c353593) sltiu   a1, a0, -1597
core   0: 3 0x80005770 (0x9c353593) x11 0x00000001
core   0: 0x80005774 (0x544cff37) lui     t5, 0x544cf
core   0: 3 0x80005774 (0x544cff37) x30 0x544cf000
core   0: 0x80005778 (0x0109d293) srli    t0, s3, 16
core   0: 3 0x80005778 (0x0109d293) x 5 0x00000000
core   0: 0x8000577c (0x9e902993) slti    s3, zero, -1559
core   0: 3 0x8000577c (0x9e902993) x19 0x00000000
core   0: 0x80005780 (0x7348aa13) slti    s4, a7, 1844
core   0: 3 0x80005780 (0x7348aa13) x20 0x00000001
core   0: 0x80005784 (0x01898ab3) add     s5, s3, s8
core   0: 3 0x80005784 (0x01898ab3) x21 0x80000000
core   0: 0x80005788 (0x000e9f33) sll     t5, t4, zero
core   0: 3 0x80005788 (0x000e9f33) x30 0x522b689b
core   0: 0x8000578c (0x001122b3) slt     t0, sp, ra
core   0: 3 0x8000578c (0x001122b3) x 5 0x00000001
core   0: 0x80005790 (0x00924f33) xor     t5, tp, s1
core   0: 3 0x80005790 (0x00924f33) x30 0x00000000
core   0: 0x80005794 (0x00c2e033) or      zero, t0, a2
core   0: 3 0x80005794 (0x00c2e033)
core   0: 0x80005798 (0x414583b3) sub     t2, a1, s4
core   0: 3 0x80005798 (0x414583b3) x 7 0x00000000
core   0: 0x8000579c (0x20c36113) ori     sp, t1, 524
core   0: 3 0x8000579c (0x20c36113) x 2 0xff4e9b7d
core   0: 0x800057a0 (0x010c6eb3) or      t4, s8, a6
core   0: 3 0x800057a0 (0x010c6eb3) x29 0x80175c92
core   0: 0x800057a4 (0x37c50c37) lui     s8, 0x37c50
core   0: 3 0x800057a4 (0x37c50c37) x24 0x37c50000
core   0: 0x800057a8 (0x5059f113) andi    sp, s3, 1285
core   0: 3 0x800057a8 (0x5059f113) x 2 0x00000000
core   0: 0x800057ac (0x014a4433) xor     s0, s4, s4
core   0: 3 0x800057ac (0x014a4433) x 8 0x00000000
core   0: 0x800057b0 (0x779d2213) slti    tp, s10, 1913
core   0: 3 0x800057b0 (0x779d2213) x 4 0x00000001
core   0: 0x800057b4 (0x1809cd93) xori    s11, s3, 384
core   0: 3 0x800057b4 (0x1809cd93) x27 0x00000180
core   0: 0x800057b8 (0x011076b3) and     a3, zero, a7
core   0: 3 0x800057b8 (0x011076b3) x13 0x00000000
core   0: 0x800057bc (0x001e95b3) sll     a1, t4, ra
core   0: 3 0x800057bc (0x001e95b3) x11 0x80175c92
core   0: 0x800057c0 (0x45448b37) lui     s6, 0x45448
core   0: 3 0x800057c0 (0x45448b37) x22 0x45448000
core   0: 0x800057c4 (0xeb7f3e37) lui     t3, 0xeb7f3
core   0: 3 0x800057c4 (0xeb7f3e37) x28 0xeb7f3000
core   0: 0x800057c8 (0x41d55693) srai    a3, a0, 29
core   0: 3 0x800057c8 (0x41d55693) x13 0xfffffffc
core   0: 0x800057cc (0xc06b0437) lui     s0, 0xc06b0
core   0: 3 0x800057cc (0xc06b0437) x 8 0xc06b0000
core   0: 0x800057d0 (0x373f7e93) andi    t4, t5, 883
core   0: 3 0x800057d0 (0x373f7e93) x29 0x00000000
core   0: 0x800057d4 (0x2c660113) addi    sp, a2, 710
core   0: 3 0x800057d4 (0x2c660113) x 2 0xfc6c4ac6
core   0: 0x800057d8 (0x018110b3) sll     ra, sp, s8
core   0: 3 0x800057d8 (0x018110b3) x 1 0xfc6c4ac6
core   0: 0x800057dc (0xa19cfd13) andi    s10, s9, -1511
core   0: 3 0x800057dc (0xa19cfd13) x26 0x00000001
core   0: 0x800057e0 (0xd888b593) sltiu   a1, a7, -632
core   0: 3 0x800057e0 (0xd888b593) x11 0x00000001
core   0: 0x800057e4 (0x01dfb933) sltu    s2, t6, t4
core   0: 3 0x800057e4 (0x01dfb933) x18 0x00000000
core   0: 0x800057e8 (0x7ed7fc93) andi    s9, a5, 2029
core   0: 3 0x800057e8 (0x7ed7fc93) x25 0x0000036c
core   0: 0x800057ec (0x00000013) nop
core   0: 3 0x800057ec (0x00000013)
core   0: 0x800057f0 (0x01b53f33) sltu    t5, a0, s11
core   0: 3 0x800057f0 (0x01b53f33) x30 0x00000000
core   0: 0x800057f4 (0x01e0c6b3) xor     a3, ra, t5
core   0: 3 0x800057f4 (0x01e0c6b3) x13 0xfc6c4ac6
core   0: 0x800057f8 (0x01d09bb3) sll     s7, ra, t4
core   0: 3 0x800057f8 (0x01d09bb3) x23 0xfc6c4ac6
core   0: 0x800057fc (0x00f4ccb3) xor     s9, s1, a5
core   0: 3 0x800057fc (0x00f4ccb3) x25 0xff4e9b7e
core   0: 0x80005800 (0x00000013) nop
core   0: 3 0x80005800 (0x00000013)
core   0: 0x80005804 (0x40dfd313) srai    t1, t6, 13
core   0: 3 0x80005804 (0x40dfd313) x 6 0xfffc000a
core   0: 0x80005808 (0x41e15093) srai    ra, sp, 30
core   0: 3 0x80005808 (0x41e15093) x 1 0xffffffff
core   0: 0x8000580c (0x01692a33) slt     s4, s2, s6
core   0: 3 0x8000580c (0x01692a33) x20 0x00000001
core   0: 0x80005810 (0x00cd8533) add     a0, s11, a2
core   0: 3 0x80005810 (0x00cd8533) x10 0xfc6c4980
core   0: 0x80005814 (0x015301b3) add     gp, t1, s5
core   0: 3 0x80005814 (0x015301b3) x 3 0x7ffc000a
core   0: 0x80005818 (0x0107da93) srli    s5, a5, 16
core   0: 3 0x80005818 (0x0107da93) x21 0x0000ff4e
core   0: 0x8000581c (0x00000013) nop
core   0: 3 0x8000581c (0x00000013)
core   0: 0x80005820 (0x00333d33) sltu    s10, t1, gp
core   0: 3 0x80005820 (0x00333d33) x26 0x00000000
core   0: 0x80005824 (0x4796e093) ori     ra, a3, 1145
core   0: 3 0x80005824 (0x4796e093) x 1 0xfc6c4eff
core   0: 0x80005828 (0x01bd5c13) srli    s8, s10, 27
core   0: 3 0x80005828 (0x01bd5c13) x24 0x00000000
core   0: 0x8000582c (0x41c156b3) sra     a3, sp, t3
core   0: 3 0x8000582c (0x41c156b3) x13 0xfc6c4ac6
core   0: 0x80005830 (0xd768cbb7) lui     s7, 0xd768c
core   0: 3 0x80005830 (0xd768cbb7) x23 0xd768c000
core   0: 0x80005834 (0x01428e33) add     t3, t0, s4
core   0: 3 0x80005834 (0x01428e33) x28 0x00000002
core   0: 0x80005838 (0x5734cc93) xori    s9, s1, 1395
core   0: 3 0x80005838 (0x5734cc93) x25 0x00000573
core   0: 0x8000583c (0x41e4d993) srai    s3, s1, 30
core   0: 3 0x8000583c (0x41e4d993) x19 0x00000000
core   0: 0x80005840 (0x019c3933) sltu    s2, s8, s9
core   0: 3 0x80005840 (0x019c3933) x18 0x00000001
core   0: 0x80005844 (0x00cfc633) xor     a2, t6, a2
core   0: 3 0x80005844 (0x00cfc633) x12 0x7c6d04e4
core   0: 0x80005848 (0x00a6f9b3) and     s3, a3, a0
core   0: 3 0x80005848 (0x00a6f9b3) x19 0xfc6c4880
core   0: 0x8000584c (0xe40ffa13) andi    s4, t6, -448
core   0: 3 0x8000584c (0xe40ffa13) x20 0x80014c40
core   0: 0x80005850 (0x018c1c93) slli    s9, s8, 24
core   0: 3 0x80005850 (0x018c1c93) x25 0x00000000
core   0: 0x80005854 (0x01657833) and     a6, a0, s6
core   0: 3 0x80005854 (0x01657833) x16 0x44440000
core   0: 0x80005858 (0x2c286f13) ori     t5, a6, 706
core   0: 3 0x80005858 (0x2c286f13) x30 0x444402c2
core   0: 0x8000585c (0xe32ef493) andi    s1, t4, -462
core   0: 3 0x8000585c (0xe32ef493) x 9 0x00000000
core   0: 0x80005860 (0x6ada2c13) slti    s8, s4, 1709
core   0: 3 0x80005860 (0x6ada2c13) x24 0x00000001
core   0: 0x80005864 (0x1d807f13) andi    t5, zero, 472
core   0: 3 0x80005864 (0x1d807f13) x30 0x00000000
core   0: 0x80005868 (0x41ed0bb3) sub     s7, s10, t5
core   0: 3 0x80005868 (0x41ed0bb3) x23 0x00000000
core   0: 0x8000586c (0x4061db33) sra     s6, gp, t1
core   0: 3 0x8000586c (0x4061db33) x22 0x001fff00
core   0: 0x80005870 (0xd16eb613) sltiu   a2, t4, -746
core   0: 3 0x80005870 (0xd16eb613) x12 0x00000001
core   0: 0x80005874 (0x3423ec13) ori     s8, t2, 834
core   0: 3 0x80005874 (0x3423ec13) x24 0x00000342
core   0: 0x80005878 (0x192dcb13) xori    s6, s11, 402
core   0: 3 0x80005878 (0x192dcb13) x22 0x00000012
core   0: 0x8000587c (0x4111d413) srai    s0, gp, 17
core   0: 3 0x8000587c (0x4111d413) x 8 0x00003ffe
core   0: 0x80005880 (0x5209ab13) slti    s6, s3, 1312
core   0: 3 0x80005880 (0x5209ab13) x22 0x00000001
core   0: 0x80005884 (0x0022a933) slt     s2, t0, sp
core   0: 3 0x80005884 (0x0022a933) x18 0x00000000
core   0: 0x80005888 (0x41000133) sub     sp, zero, a6
core   0: 3 0x80005888 (0x41000133) x 2 0xbbbc0000
core   0: 0x8000588c (0x01f10a33) add     s4, sp, t6
core   0: 3 0x8000588c (0x01f10a33) x20 0x3bbd4ce4
core   0: 0x80005890 (0x01958333) add     t1, a1, s9
core   0: 3 0x80005890 (0x01958333) x 6 0x00000001
core   0: 0x80005894 (0xdd102a13) slti    s4, zero, -559
core   0: 3 0x80005894 (0xdd102a13) x20 0x00000000
core   0: 0x80005898 (0x01e01133) sll     sp, zero, t5
core   0: 3 0x80005898 (0x01e01133) x 2 0x00000000
core   0: 0x8000589c (0xa3b2a593) slti    a1, t0, -1477
core   0: 3 0x8000589c (0xa3b2a593) x11 0x00000000
core   0: 0x800058a0 (0xfb6cf137) lui     sp, 0xfb6cf
core   0: 3 0x800058a0 (0xfb6cf137) x 2 0xfb6cf000
core   0: 0x800058a4 (0xb7afc513) xori    a0, t6, -1158
core   0: 3 0x800058a4 (0xb7afc513) x10 0x7ffeb79e
core   0: 0x800058a8 (0x00289533) sll     a0, a7, sp
core   0: 3 0x800058a8 (0x00289533) x10 0xbae49000
core   0: 0x800058ac (0xc0aca393) slti    t2, s9, -1014
core   0: 3 0x800058ac (0xc0aca393) x 7 0x00000000
core   0: 0x800058b0 (0x00cee1b3) or      gp, t4, a2
core   0: 3 0x800058b0 (0x00cee1b3) x 3 0x00000001
core   0: 0x800058b4 (0x017fd393) srli    t2, t6, 23
core   0: 3 0x800058b4 (0x017fd393) x 7 0x00000100
core   0: 0x800058b8 (0x01625bb3) srl     s7, tp, s6
core   0: 3 0x800058b8 (0x01625bb3) x23 0x00000000
core   0: 0x800058bc (0xc9433b93) sltiu   s7, t1, -876
core   0: 3 0x800058bc (0xc9433b93) x23 0x00000001
core   0: 0x800058c0 (0x01740933) add     s2, s0, s7
core   0: 3 0x800058c0 (0x01740933) x18 0x00003fff
core   0: 0x800058c4 (0x01cd05b3) add     a1, s10, t3
core   0: 3 0x800058c4 (0x01cd05b3) x11 0x00000002
core   0: 0x800058c8 (0x41d55b33) sra     s6, a0, t4
core   0: 3 0x800058c8 (0x41d55b33) x22 0xbae49000
core   0: 0x800058cc (0x0048a633) slt     a2, a7, tp
core   0: 3 0x800058cc (0x0048a633) x12 0x00000001
core   0: 0x800058d0 (0x00e61f33) sll     t5, a2, a4
core   0: 3 0x800058d0 (0x00e61f33) x30 0x00000010
core   0: 0x800058d4 (0xef6e63b7) lui     t2, 0xef6e6
core   0: 3 0x800058d4 (0xef6e63b7) x 7 0xef6e6000
core   0: 0x800058d8 (0x0192bb33) sltu    s6, t0, s9
core   0: 3 0x800058d8 (0x0192bb33) x22 0x00000000
core   0: 0x800058dc (0x01558ab3) add     s5, a1, s5
core   0: 3 0x800058dc (0x01558ab3) x21 0x0000ff50
core   0: 0x800058e0 (0x00ddc133) xor     sp, s11, a3
core   0: 3 0x800058e0 (0x00ddc133) x 2 0xfc6c4b46
core   0: 0x800058e4 (0x01ec8cb3) add     s9, s9, t5
core   0: 3 0x800058e4 (0x01ec8cb3) x25 0x00000010
core   0: 0x800058e8 (0x3bc20d37) lui     s10, 0x3bc20
core   0: 3 0x800058e8 (0x3bc20d37) x26 0x3bc20000
core   0: 0x800058ec (0xaa08f013) andi    zero, a7, -1376
core   0: 3 0x800058ec (0xaa08f013)
core   0: 0x800058f0 (0x00a5bb33) sltu    s6, a1, a0
core   0: 3 0x800058f0 (0x00a5bb33) x22 0x00000001
core   0: 0x800058f4 (0x01b00333) add     t1, zero, s11
core   0: 3 0x800058f4 (0x01b00333) x 6 0x00000180
core   0: 0x800058f8 (0x01c31b93) slli    s7, t1, 28
core   0: 3 0x800058f8 (0x01c31b93) x23 0x00000000
core   0: 0x800058fc (0x00bfdb33) srl     s6, t6, a1
core   0: 3 0x800058fc (0x00bfdb33) x22 0x20005339
core   0: 0x80005900 (0x0007bb33) sltu    s6, a5, zero
core   0: 3 0x80005900 (0x0007bb33) x22 0x00000000
core   0: 0x80005904 (0x00000013) nop
core   0: 3 0x80005904 (0x00000013)
core   0: 0x80005908 (0x419cdd93) srai    s11, s9, 25
core   0: 3 0x80005908 (0x419cdd93) x27 0x00000000
core   0: 0x8000590c (0x01d66eb3) or      t4, a2, t4
core   0: 3 0x8000590c (0x01d66eb3) x29 0x00000001
core   0: 0x80005910 (0x0c816f13) ori     t5, sp, 200
core   0: 3 0x80005910 (0x0c816f13) x30 0xfc6c4bce
core   0: 0x80005914 (0x40e85213) srai    tp, a6, 14
core   0: 3 0x80005914 (0x40e85213) x 4 0x00011110
core   0: 0x80005918 (0x41b7d433) sra     s0, a5, s11
core   0: 3 0x80005918 (0x41b7d433) x 8 0xff4e9b7e
core   0: 0x8000591c (0x6f66ee93) ori     t4, a3, 1782
core   0: 3 0x8000591c (0x6f66ee93) x29 0xfc6c4ef6
core   0: 0x80005920 (0x402c0633) sub     a2, s8, sp
core   0: 3 0x80005920 (0x402c0633) x12 0x0393b7fc
core   0: 0x80005924 (0x2da8a693) slti    a3, a7, 730
core   0: 3 0x80005924 (0x2da8a693) x13 0x00000001
core   0: 0x80005928 (0xaee23b13) sltiu   s6, tp, -1298
core   0: 3 0x80005928 (0xaee23b13) x22 0x00000001
core   0: 0x8000592c (0x016cfab3) and     s5, s9, s6
core   0: 3 0x8000592c (0x016cfab3) x21 0x00000000
core   0: 0x80005930 (0x1897ee93) ori     t4, a5, 393
core   0: 3 0x80005930 (0x1897ee93) x29 0xff4e9bff
core   0: 0x80005934 (0x00513bb3) sltu    s7, sp, t0
core   0: 3 0x80005934 (0x00513bb3) x23 0x00000000
core   0: 0x80005938 (0x00aab533) sltu    a0, s5, a0
core   0: 3 0x80005938 (0x00aab533) x10 0x00000001
core   0: 0x8000593c (0x00131393) slli    t2, t1, 1
core   0: 3 0x8000593c (0x00131393) x 7 0x00000300
core   0: 0x80005940 (0x012d1593) slli    a1, s10, 18
core   0: 3 0x80005940 (0x012d1593) x11 0x00000000
core   0: 0x80005944 (0x0003f5b3) and     a1, t2, zero
core   0: 3 0x80005944 (0x0003f5b3) x11 0x00000000
core   0: 0x80005948 (0x019125b3) slt     a1, sp, s9
core   0: 3 0x80005948 (0x019125b3) x11 0x00000001
core   0: 0x8000594c (0x000165b3) or      a1, sp, zero
core   0: 3 0x8000594c (0x000165b3) x11 0xfc6c4b46
core   0: 0x80005950 (0x01765d13) srli    s10, a2, 23
core   0: 3 0x80005950 (0x01765d13) x26 0x00000007
core   0: 0x80005954 (0x41dbd833) sra     a6, s7, t4
core   0: 3 0x80005954 (0x41dbd833) x16 0x00000000
core   0: 0x80005958 (0x5dd27637) lui     a2, 0x5dd27
core   0: 3 0x80005958 (0x5dd27637) x12 0x5dd27000
core   0: 0x8000595c (0x0192f633) and     a2, t0, s9
core   0: 3 0x8000595c (0x0192f633) x12 0x00000000
core   0: 0x80005960 (0xf836ee93) ori     t4, a3, -125
core   0: 3 0x80005960 (0xf836ee93) x29 0xffffff83
core   0: 0x80005964 (0x00257833) and     a6, a0, sp
core   0: 3 0x80005964 (0x00257833) x16 0x00000000
core   0: 0x80005968 (0x01702633) slt     a2, zero, s7
core   0: 3 0x80005968 (0x01702633) x12 0x00000000
core   0: 0x8000596c (0x7aa02f17) auipc   t5, 0x7aa02
core   0: 3 0x8000596c (0x7aa02f17) x30 0xfaa0796c
core   0: 0x80005970 (0x01c7dd13) srli    s10, a5, 28
core   0: 3 0x80005970 (0x01c7dd13) x26 0x0000000f
core   0: 0x80005974 (0x00dad233) srl     tp, s5, a3
core   0: 3 0x80005974 (0x00dad233) x 4 0x00000000
core   0: 0x80005978 (0xe8c9fa13) andi    s4, s3, -372
core   0: 3 0x80005978 (0xe8c9fa13) x20 0xfc6c4880
core   0: 0x8000597c (0x219ecb93) xori    s7, t4, 537
core   0: 3 0x8000597c (0x219ecb93) x23 0xfffffd9a
core   0: 0x80005980 (0x013d1493) slli    s1, s10, 19
core   0: 3 0x80005980 (0x013d1493) x 9 0x00780000
core   0: 0x80005984 (0x01d654b3) srl     s1, a2, t4
core   0: 3 0x80005984 (0x01d654b3) x 9 0x00000000
core   0: 0x80005988 (0x010585b3) add     a1, a1, a6
core   0: 3 0x80005988 (0x010585b3) x11 0xfc6c4b46
core   0: 0x8000598c (0xccf71837) lui     a6, 0xccf71
core   0: 3 0x8000598c (0xccf71837) x16 0xccf71000
core   0: 0x80005990 (0x01c37f33) and     t5, t1, t3
core   0: 3 0x80005990 (0x01c37f33) x30 0x00000000
core   0: 0x80005994 (0x41728233) sub     tp, t0, s7
core   0: 3 0x80005994 (0x41728233) x 4 0x00000267
core   0: 0x80005998 (0x415a8f33) sub     t5, s5, s5
core   0: 3 0x80005998 (0x415a8f33) x30 0x00000000
core   0: 0x8000599c (0x01d5a4b3) slt     s1, a1, t4
core   0: 3 0x8000599c (0x01d5a4b3) x 9 0x00000001
core   0: 0x800059a0 (0x00a708b3) add     a7, a4, a0
core   0: 3 0x800059a0 (0x00a708b3) x17 0x80010e65
core   0: 0x800059a4 (0x3b130cb7) lui     s9, 0x3b130
core   0: 3 0x800059a4 (0x3b130cb7) x25 0x3b130000
core   0: 0x800059a8 (0xf7995537) lui     a0, 0xf7995
core   0: 3 0x800059a8 (0xf7995537) x10 0xf7995000
core   0: 0x800059ac (0x65e5c693) xori    a3, a1, 1630
core   0: 3 0x800059ac (0x65e5c693) x13 0xfc6c4d18
core   0: 0x800059b0 (0xb32fa993) slti    s3, t6, -1230
core   0: 3 0x800059b0 (0xb32fa993) x19 0x00000001
core   0: 0x800059b4 (0x000edb93) srli    s7, t4, 0
core   0: 3 0x800059b4 (0x000edb93) x23 0xffffff83
core   0: 0x800059b8 (0x41b55eb3) sra     t4, a0, s11
core   0: 3 0x800059b8 (0x41b55eb3) x29 0xf7995000
core   0: 0x800059bc (0x01ed6d33) or      s10, s10, t5
core   0: 3 0x800059bc (0x01ed6d33) x26 0x0000000f
core   0: 0x800059c0 (0x64f93213) sltiu   tp, s2, 1615
core   0: 3 0x800059c0 (0x64f93213) x 4 0x00000000
core   0: 0x800059c4 (0x006bc533) xor     a0, s7, t1
core   0: 3 0x800059c4 (0x006bc533) x10 0xfffffe03
core   0: 0x800059c8 (0x00000013) nop
core   0: 3 0x800059c8 (0x00000013)
core   0: 0x800059cc (0x45497d93) andi    s11, s2, 1108
core   0: 3 0x800059cc (0x45497d93) x27 0x00000454
core   0: 0x800059d0 (0x01b12833) slt     a6, sp, s11
core   0: 3 0x800059d0 (0x01b12833) x16 0x00000001
core   0: 0x800059d4 (0x4110de13) srai    t3, ra, 17
core   0: 3 0x800059d4 (0x4110de13) x28 0xfffffe36
core   0: 0x800059d8 (0x5a5f9497) auipc   s1, 0x5a5f9
core   0: 3 0x800059d8 (0x5a5f9497) x 9 0xda5fe9d8
core   0: 0x800059dc (0x01b06db3) or      s11, zero, s11
core   0: 3 0x800059dc (0x01b06db3) x27 0x00000454
core   0: 0x800059e0 (0x01333f33) sltu    t5, t1, s3
core   0: 3 0x800059e0 (0x01333f33) x30 0x00000000
core   0: 0x800059e4 (0x001f81b3) add     gp, t6, ra
core   0: 3 0x800059e4 (0x001f81b3) x 3 0x7c6d9be3
core   0: 0x800059e8 (0x01c11613) slli    a2, sp, 28
core   0: 3 0x800059e8 (0x01c11613) x12 0x60000000
core   0: 0x800059ec (0xcbea7297) auipc   t0, 0xcbea7
core   0: 3 0x800059ec (0xcbea7297) x 5 0x4beac9ec
core   0: 0x800059f0 (0x018266b3) or      a3, tp, s8
core   0: 3 0x800059f0 (0x018266b3) x13 0x00000342
core   0: 0x800059f4 (0x01b18933) add     s2, gp, s11
core   0: 3 0x800059f4 (0x01b18933) x18 0x7c6da037
core   0: 0x800059f8 (0xe0466013) ori     zero, a2, -508
core   0: 3 0x800059f8 (0xe0466013)
core   0: 0x800059fc (0x40d30a33) sub     s4, t1, a3
core   0: 3 0x800059fc (0x40d30a33) x20 0xfffffe3e
core   0: 0x80005a00 (0xca4e7813) andi    a6, t3, -860
core   0: 3 0x80005a00 (0xca4e7813) x16 0xfffffc24
core   0: 0x80005a04 (0x401ad893) srai    a7, s5, 1
core   0: 3 0x80005a04 (0x401ad893) x17 0x00000000
core   0: 0x80005a08 (0x008cd513) srli    a0, s9, 8
core   0: 3 0x80005a08 (0x008cd513) x10 0x003b1300
core   0: 0x80005a0c (0x411fdcb3) sra     s9, t6, a7
core   0: 3 0x80005a0c (0x411fdcb3) x25 0x80014ce4
core   0: 0x80005a10 (0x82cdb313) sltiu   t1, s11, -2004
core   0: 3 0x80005a10 (0x82cdb313) x 6 0x00000001
core   0: 0x80005a14 (0x01531993) slli    s3, t1, 21
core   0: 3 0x80005a14 (0x01531993) x19 0x00200000
core   0: 0x80005a18 (0xb7776893) ori     a7, a4, -1161
core   0: 3 0x80005a18 (0xb7776893) x17 0xffffff77
core   0: 0x80005a1c (0x00a05513) srli    a0, zero, 10
core   0: 3 0x80005a1c (0x00a05513) x10 0x00000000
core   0: 0x80005a20 (0xd1714c13) xori    s8, sp, -745
core   0: 3 0x80005a20 (0xd1714c13) x24 0x0393b651
core   0: 0x80005a24 (0x00a03633) snez    a2, a0
core   0: 3 0x80005a24 (0x00a03633) x12 0x00000000
core   0: 0x80005a28 (0x41625f33) sra     t5, tp, s6
core   0: 3 0x80005a28 (0x41625f33) x30 0x00000000
core   0: 0x80005a2c (0x4024d0b3) sra     ra, s1, sp
core   0: 3 0x80005a2c (0x4024d0b3) x 1 0xff697fa7
core   0: 0x80005a30 (0x00c725b3) slt     a1, a4, a2
core   0: 3 0x80005a30 (0x00c725b3) x11 0x00000001
core   0: 0x80005a34 (0x00752c33) slt     s8, a0, t2
core   0: 3 0x80005a34 (0x00752c33) x24 0x00000001
core   0: 0x80005a38 (0x018e0533) add     a0, t3, s8
core   0: 3 0x80005a38 (0x018e0533) x10 0xfffffe37
core   0: 0x80005a3c (0x88d4b313) sltiu   t1, s1, -1907
core   0: 3 0x80005a3c (0x88d4b313) x 6 0x00000001
core   0: 0x80005a40 (0x01dfb4b3) sltu    s1, t6, t4
core   0: 3 0x80005a40 (0x01dfb4b3) x 9 0x00000001
core   0: 0x80005a44 (0x015b2a33) slt     s4, s6, s5
core   0: 3 0x80005a44 (0x015b2a33) x20 0x00000000
core   0: 0x80005a48 (0x011d5db3) srl     s11, s10, a7
core   0: 3 0x80005a48 (0x011d5db3) x27 0x00000000
core   0: 0x80005a4c (0x01a02433) slt     s0, zero, s10
core   0: 3 0x80005a4c (0x01a02433) x 8 0x00000001
core   0: 0x80005a50 (0x0157a1b3) slt     gp, a5, s5
core   0: 3 0x80005a50 (0x0157a1b3) x 3 0x00000001
core   0: 0x80005a54 (0x40225cb3) sra     s9, tp, sp
core   0: 3 0x80005a54 (0x40225cb3) x25 0x00000000
core   0: 0x80005a58 (0x01f80d33) add     s10, a6, t6
core   0: 3 0x80005a58 (0x01f80d33) x26 0x80014908
core   0: 0x80005a5c (0x40e85633) sra     a2, a6, a4
core   0: 3 0x80005a5c (0x40e85633) x12 0xffffffc2
core   0: 0x80005a60 (0x00000013) nop
core   0: 3 0x80005a60 (0x00000013)
core   0: 0x80005a64 (0x071cb817) auipc   a6, 0x71cb
core   0: 3 0x80005a64 (0x071cb817) x16 0x871d0a64
core   0: 0x80005a68 (0x41045d33) sra     s10, s0, a6
core   0: 3 0x80005a68 (0x41045d33) x26 0x00000000
core   0: 0x80005a6c (0x00cb1113) slli    sp, s6, 12
core   0: 3 0x80005a6c (0x00cb1113) x 2 0x00001000
core   0: 0x80005a70 (0x00a41f13) slli    t5, s0, 10
core   0: 3 0x80005a70 (0x00a41f13) x30 0x00000400
core   0: 0x80005a74 (0x01c23e33) sltu    t3, tp, t3
core   0: 3 0x80005a74 (0x01c23e33) x28 0x00000001
core   0: 0x80005a78 (0x41fd5a33) sra     s4, s10, t6
core   0: 3 0x80005a78 (0x41fd5a33) x20 0x00000000
core   0: 0x80005a7c (0x2a90ae93) slti    t4, ra, 681
core   0: 3 0x80005a7c (0x2a90ae93) x29 0x00000001
core   0: 0x80005a80 (0x4268c593) xori    a1, a7, 1062
core   0: 3 0x80005a80 (0x4268c593) x11 0xfffffb51
core   0: 0x80005a84 (0x016bd313) srli    t1, s7, 22
core   0: 3 0x80005a84 (0x016bd313) x 6 0x000003ff
core   0: 0x80005a88 (0x0077d433) srl     s0, a5, t2
core   0: 3 0x80005a88 (0x0077d433) x 8 0xff4e9b7e
core   0: 0x80005a8c (0x00000013) nop
core   0: 3 0x80005a8c (0x00000013)
core   0: 0x80005a90 (0x846daa93) slti    s5, s11, -1978
core   0: 3 0x80005a90 (0x846daa93) x21 0x00000000
core   0: 0x80005a94 (0x01c3aab3) slt     s5, t2, t3
core   0: 3 0x80005a94 (0x01c3aab3) x21 0x00000000
core   0: 0x80005a98 (0x018794b3) sll     s1, a5, s8
core   0: 3 0x80005a98 (0x018794b3) x 9 0xfe9d36fc
core   0: 0x80005a9c (0x872b9d17) auipc   s10, 0x872b9
core   0: 3 0x80005a9c (0x872b9d17) x26 0x072bea9c
core   0: 0x80005aa0 (0x41658d33) sub     s10, a1, s6
core   0: 3 0x80005aa0 (0x41658d33) x26 0xfffffb50
core   0: 0x80005aa4 (0x4158d5b3) sra     a1, a7, s5
core   0: 3 0x80005aa4 (0x4158d5b3) x11 0xffffff77
core   0: 0x80005aa8 (0xd9a14d13) xori    s10, sp, -614
core   0: 3 0x80005aa8 (0xd9a14d13) x26 0xffffed9a
core   0: 0x80005aac (0x01ab9c13) slli    s8, s7, 26
core   0: 3 0x80005aac (0x01ab9c13) x24 0x0c000000
core   0: 0x80005ab0 (0x01d82ab3) slt     s5, a6, t4
core   0: 3 0x80005ab0 (0x01d82ab3) x21 0x00000001
core   0: 0x80005ab4 (0x72288893) addi    a7, a7, 1826
core   0: 3 0x80005ab4 (0x72288893) x17 0x00000699
core   0: 0x80005ab8 (0x011fc617) auipc   a2, 0x11fc
core   0: 3 0x80005ab8 (0x011fc617) x12 0x81201ab8
core   0: 0x80005abc (0xbab2bd13) sltiu   s10, t0, -1109
core   0: 3 0x80005abc (0xbab2bd13) x26 0x00000001
core   0: 0x80005ac0 (0x00889b93) slli    s7, a7, 8
core   0: 3 0x80005ac0 (0x00889b93) x23 0x00069900
core   0: 0x80005ac4 (0x353f3d93) sltiu   s11, t5, 851
core   0: 3 0x80005ac4 (0x353f3d93) x27 0x00000000
core   0: 0x80005ac8 (0xeae2fd93) andi    s11, t0, -338
core   0: 3 0x80005ac8 (0xeae2fd93) x27 0x4beac8ac
core   0: 0x80005acc (0xd95ba393) slti    t2, s7, -619
core   0: 3 0x80005acc (0xd95ba393) x 7 0x00000000
core   0: 0x80005ad0 (0x5d6d2117) auipc   sp, 0x5d6d2
core   0: 3 0x80005ad0 (0x5d6d2117) x 2 0xdd6d7ad0
core   0: 0x80005ad4 (0x00fd1c13) slli    s8, s10, 15
core   0: 3 0x80005ad4 (0x00fd1c13) x24 0x00008000
core   0: 0x80005ad8 (0x52c77e93) andi    t4, a4, 1324
core   0: 3 0x80005ad8 (0x52c77e93) x29 0x00000424
core   0: 0x80005adc (0x410b05b3) sub     a1, s6, a6
core   0: 3 0x80005adc (0x410b05b3) x11 0x78e2f59d
core   0: 0x80005ae0 (0x0083d633) srl     a2, t2, s0
core   0: 3 0x80005ae0 (0x0083d633) x12 0x00000000
core   0: 0x80005ae4 (0x01cf45b3) xor     a1, t5, t3
core   0: 3 0x80005ae4 (0x01cf45b3) x11 0x00000401
core   0: 0x80005ae8 (0x41815b13) srai    s6, sp, 24
core   0: 3 0x80005ae8 (0x41815b13) x22 0xffffffdd
core   0: 0x80005aec (0x003a9bb3) sll     s7, s5, gp
core   0: 3 0x80005aec (0x003a9bb3) x23 0x00000002
core   0: 0x80005af0 (0xe75d3497) auipc   s1, 0xe75d3
core   0: 3 0x80005af0 (0xe75d3497) x 9 0x675d8af0
core   0: 0x80005af4 (0x34dc0db7) lui     s11, 0x34dc0
core   0: 3 0x80005af4 (0x34dc0db7) x27 0x34dc0000
core   0: 0x80005af8 (0x4072d613) srai    a2, t0, 7
core   0: 3 0x80005af8 (0x4072d613) x12 0x0097d593
core   0: 0x80005afc (0x0108d613) srli    a2, a7, 16
core   0: 3 0x80005afc (0x0108d613) x12 0x00000000
core   0: 0x80005b00 (0x00209b33) sll     s6, ra, sp
core   0: 3 0x80005b00 (0x00209b33) x22 0x7fa70000
core   0: 0x80005b04 (0x01094db3) xor     s11, s2, a6
core   0: 3 0x80005b04 (0x01094db3) x27 0xfb70aa53
core   0: 0x80005b08 (0x402c06b3) sub     a3, s8, sp
core   0: 3 0x80005b08 (0x402c06b3) x13 0x22930530
core   0: 0x80005b0c (0x413dd693) srai    a3, s11, 19
core   0: 3 0x80005b0c (0x413dd693) x13 0xffffff6e
core   0: 0x80005b10 (0x0113c2b3) xor     t0, t2, a7
core   0: 3 0x80005b10 (0x0113c2b3) x 5 0x00000699
core   0: 0x80005b14 (0x41b4d433) sra     s0, s1, s11
core   0: 3 0x80005b14 (0x41b4d433) x 8 0x00000ceb
core   0: 0x80005b18 (0x0197ddb3) srl     s11, a5, s9
core   0: 3 0x80005b18 (0x0197ddb3) x27 0xff4e9b7e
core   0: 0x80005b1c (0x00eb1db3) sll     s11, s6, a4
core   0: 3 0x80005b1c (0x00eb1db3) x27 0xfa700000
core   0: 0x80005b20 (0x01dc1413) slli    s0, s8, 29
core   0: 3 0x80005b20 (0x01dc1413) x 8 0x00000000
core   0: 0x80005b24 (0x880ff693) andi    a3, t6, -1920
core   0: 3 0x80005b24 (0x880ff693) x13 0x80014880
core   0: 0x80005b28 (0x002c1013) slli    zero, s8, 2
core   0: 3 0x80005b28 (0x002c1013)
core   0: 0x80005b2c (0x4374eb93) ori     s7, s1, 1079
core   0: 3 0x80005b2c (0x4374eb93) x23 0x675d8ef7
core   0: 0x80005b30 (0x2e2d8513) addi    a0, s11, 738
core   0: 3 0x80005b30 (0x2e2d8513) x10 0xfa7002e2
core   0: 0x80005b34 (0x7d14b813) sltiu   a6, s1, 2001
core   0: 3 0x80005b34 (0x7d14b813) x16 0x00000000
core   0: 0x80005b38 (0x00cf2493) slti    s1, t5, 12
core   0: 3 0x80005b38 (0x00cf2493) x 9 0x00000000
core   0: 0x80005b3c (0x012cfeb3) and     t4, s9, s2
core   0: 3 0x80005b3c (0x012cfeb3) x29 0x00000000
core   0: 0x80005b40 (0x06ce6b93) ori     s7, t3, 108
core   0: 3 0x80005b40 (0x06ce6b93) x23 0x0000006d
core   0: 0x80005b44 (0x00237b33) and     s6, t1, sp
core   0: 3 0x80005b44 (0x00237b33) x22 0x000002d0
core   0: 0x80005b48 (0xc19ebc93) sltiu   s9, t4, -999
core   0: 3 0x80005b48 (0xc19ebc93) x25 0x00000001
core   0: 0x80005b4c (0x757b8013) addi    zero, s7, 1879
core   0: 3 0x80005b4c (0x757b8013)
core   0: 0x80005b50 (0xeee60e13) addi    t3, a2, -274
core   0: 3 0x80005b50 (0xeee60e13) x28 0xfffffeee
core   0: 0x80005b54 (0x014c72b3) and     t0, s8, s4
core   0: 3 0x80005b54 (0x014c72b3) x 5 0x00000000
core   0: 0x80005b58 (0x0039c533) xor     a0, s3, gp
core   0: 3 0x80005b58 (0x0039c533) x10 0x00200001
core   0: 0x80005b5c (0xcf627b13) andi    s6, tp, -778
core   0: 3 0x80005b5c (0xcf627b13) x22 0x00000000
core   0: 0x80005b60 (0x00488c33) add     s8, a7, tp
core   0: 3 0x80005b60 (0x00488c33) x24 0x00000699
core   0: 0x80005b64 (0x01a5bc33) sltu    s8, a1, s10
core   0: 3 0x80005b64 (0x01a5bc33) x24 0x00000000
core   0: 0x80005b68 (0x01169a93) slli    s5, a3, 17
core   0: 3 0x80005b68 (0x01169a93) x21 0x91000000
core   0: 0x80005b6c (0xb422ae93) slti    t4, t0, -1214
core   0: 3 0x80005b6c (0xb422ae93) x29 0x00000000
core   0: 0x80005b70 (0x01e4a9b3) slt     s3, s1, t5
core   0: 3 0x80005b70 (0x01e4a9b3) x19 0x00000001
core   0: 0x80005b74 (0x56910017) auipc   zero, 0x56910
core   0: 3 0x80005b74 (0x56910017)
core   0: 0x80005b78 (0x01f5a533) slt     a0, a1, t6
core   0: 3 0x80005b78 (0x01f5a533) x10 0x00000000
core   0: 0x80005b7c (0xade2f897) auipc   a7, 0xade2f
core   0: 3 0x80005b7c (0xade2f897) x17 0x2de34b7c
core   0: 0x80005b80 (0x98acc493) xori    s1, s9, -1654
core   0: 3 0x80005b80 (0x98acc493) x 9 0xfffff98b
core   0: 0x80005b84 (0x41da5f33) sra     t5, s4, t4
core   0: 3 0x80005b84 (0x41da5f33) x30 0x00000000
core   0: 0x80005b88 (0x0112f633) and     a2, t0, a7
core   0: 3 0x80005b88 (0x0112f633) x12 0x00000000
core   0: 0x80005b8c (0x0023c933) xor     s2, t2, sp
core   0: 3 0x80005b8c (0x0023c933) x18 0xdd6d7ad0
core   0: 0x80005b90 (0x00000013) nop
core   0: 3 0x80005b90 (0x00000013)
core   0: 0x80005b94 (0x019e1c33) sll     s8, t3, s9
core   0: 3 0x80005b94 (0x019e1c33) x24 0xfffffddc
core   0: 0x80005b98 (0x5bfe6e13) ori     t3, t3, 1471
core   0: 3 0x80005b98 (0x5bfe6e13) x28 0xffffffff
core   0: 0x80005b9c (0x019818b3) sll     a7, a6, s9
core   0: 3 0x80005b9c (0x019818b3) x17 0x00000000
core   0: 0x80005ba0 (0x41498b33) sub     s6, s3, s4
core   0: 3 0x80005ba0 (0x41498b33) x22 0x00000001
core   0: 0x80005ba4 (0x00a31693) slli    a3, t1, 10
core   0: 3 0x80005ba4 (0x00a31693) x13 0x000ffc00
core   0: 0x80005ba8 (0x5f46f6b7) lui     a3, 0x5f46f
core   0: 3 0x80005ba8 (0x5f46f6b7) x13 0x5f46f000
core   0: 0x80005bac (0x01c39c13) slli    s8, t2, 28
core   0: 3 0x80005bac (0x01c39c13) x24 0x00000000
core   0: 0x80005bb0 (0x406381b3) sub     gp, t2, t1
core   0: 3 0x80005bb0 (0x406381b3) x 3 0xfffffc01
core   0: 0x80005bb4 (0xd2f28d13) addi    s10, t0, -721
core   0: 3 0x80005bb4 (0xd2f28d13) x26 0xfffffd2f
core   0: 0x80005bb8 (0x01d72f33) slt     t5, a4, t4
core   0: 3 0x80005bb8 (0x01d72f33) x30 0x00000001
core   0: 0x80005bbc (0x01295ab3) srl     s5, s2, s2
core   0: 3 0x80005bbc (0x01295ab3) x21 0x0000dd6d
core   0: 0x80005bc0 (0x00505d93) srli    s11, zero, 5
core   0: 3 0x80005bc0 (0x00505d93) x27 0x00000000
core   0: 0x80005bc4 (0xfdb7cf13) xori    t5, a5, -37
core   0: 3 0x80005bc4 (0xfdb7cf13) x30 0x00b164a5
core   0: 0x80005bc8 (0xcf910d93) addi    s11, sp, -775
core   0: 3 0x80005bc8 (0xcf910d93) x27 0xdd6d77c9
core   0: 0x80005bcc (0x00000013) nop
core   0: 3 0x80005bcc (0x00000013)
core   0: 0x80005bd0 (0x400e04b3) sub     s1, t3, zero
core   0: 3 0x80005bd0 (0x400e04b3) x 9 0xffffffff
core   0: 0x80005bd4 (0x017ea6b3) slt     a3, t4, s7
core   0: 3 0x80005bd4 (0x017ea6b3) x13 0x00000001
core   0: 0x80005bd8 (0x01bfdd13) srli    s10, t6, 27
core   0: 3 0x80005bd8 (0x01bfdd13) x26 0x00000010
core   0: 0x80005bdc (0x00c81233) sll     tp, a6, a2
core   0: 3 0x80005bdc (0x00c81233) x 4 0x00000000
core   0: 0x80005be0 (0x00eb48b3) xor     a7, s6, a4
core   0: 3 0x80005be0 (0x00eb48b3) x17 0x80010e65
core   0: 0x80005be4 (0x016efbb3) and     s7, t4, s6
core   0: 3 0x80005be4 (0x016efbb3) x23 0x00000000
core   0: 0x80005be8 (0x002a06b3) add     a3, s4, sp
core   0: 3 0x80005be8 (0x002a06b3) x13 0xdd6d7ad0
core   0: 0x80005bec (0x00f38db3) add     s11, t2, a5
core   0: 3 0x80005bec (0x00f38db3) x27 0xff4e9b7e
core   0: 0x80005bf0 (0x01a68c33) add     s8, a3, s10
core   0: 3 0x80005bf0 (0x01a68c33) x24 0xdd6d7ae0
core   0: 0x80005bf4 (0x41788933) sub     s2, a7, s7
core   0: 3 0x80005bf4 (0x41788933) x18 0x80010e65
core   0: 0x80005bf8 (0xe9a94313) xori    t1, s2, -358
core   0: 3 0x80005bf8 (0xe9a94313) x 6 0x7ffef0ff
core   0: 0x80005bfc (0x24878137) lui     sp, 0x24878
core   0: 3 0x80005bfc (0x24878137) x 2 0x24878000
core   0: 0x80005c00 (0xb5a0a393) slti    t2, ra, -1190
core   0: 3 0x80005c00 (0xb5a0a393) x 7 0x00000001
core   0: 0x80005c04 (0x0188ea33) or      s4, a7, s8
core   0: 3 0x80005c04 (0x0188ea33) x20 0xdd6d7ee5
core   0: 0x80005c08 (0xc7f14e93) xori    t4, sp, -897
core   0: 3 0x80005c08 (0xc7f14e93) x29 0xdb787c7f
core   0: 0x80005c0c (0x01752d33) slt     s10, a0, s7
core   0: 3 0x80005c0c (0x01752d33) x26 0x00000000
core   0: 0x80005c10 (0x6e8b0b13) addi    s6, s6, 1768
core   0: 3 0x80005c10 (0x6e8b0b13) x22 0x000006e9
core   0: 0x80005c14 (0x00e4cab3) xor     s5, s1, a4
core   0: 3 0x80005c14 (0x00e4cab3) x21 0x7ffef19b
core   0: 0x80005c18 (0xe121b393) sltiu   t2, gp, -494
core   0: 3 0x80005c18 (0xe121b393) x 7 0x00000001
core   0: 0x80005c1c (0x01d2a3b3) slt     t2, t0, t4
core   0: 3 0x80005c1c (0x01d2a3b3) x 7 0x00000000
core   0: 0x80005c20 (0x8b77d9b7) lui     s3, 0x8b77d
core   0: 3 0x80005c20 (0x8b77d9b7) x19 0x8b77d000
core   0: 0x80005c24 (0xf2738513) addi    a0, t2, -217
core   0: 3 0x80005c24 (0xf2738513) x10 0xffffff27
core   0: 0x80005c28 (0xb47eb593) sltiu   a1, t4, -1209
core   0: 3 0x80005c28 (0xb47eb593) x11 0x00000001
core   0: 0x80005c2c (0xb184f393) andi    t2, s1, -1256
core   0: 3 0x80005c2c (0xb184f393) x 7 0xfffffb18
core   0: 0x80005c30 (0xef62a613) slti    a2, t0, -266
core   0: 3 0x80005c30 (0xef62a613) x12 0x00000000
core   0: 0x80005c34 (0x40ed5ab3) sra     s5, s10, a4
core   0: 3 0x80005c34 (0x40ed5ab3) x21 0x00000000
core   0: 0x80005c38 (0xd928a413) slti    s0, a7, -622
core   0: 3 0x80005c38 (0xd928a413) x 8 0x00000001
core   0: 0x80005c3c (0xbb060513) addi    a0, a2, -1104
core   0: 3 0x80005c3c (0xbb060513) x10 0xfffffbb0
core   0: 0x80005c40 (0x00000013) nop
core   0: 3 0x80005c40 (0x00000013)
core   0: 0x80005c44 (0x20feb193) sltiu   gp, t4, 527
core   0: 3 0x80005c44 (0x20feb193) x 3 0x00000000
core   0: 0x80005c48 (0x01573b33) sltu    s6, a4, s5
core   0: 3 0x80005c48 (0x01573b33) x22 0x00000000
core   0: 0x80005c4c (0x01c3d593) srli    a1, t2, 28
core   0: 3 0x80005c4c (0x01c3d593) x11 0x0000000f
core   0: 0x80005c50 (0x36bbb613) sltiu   a2, s7, 875
core   0: 3 0x80005c50 (0x36bbb613) x12 0x00000001
core   0: 0x80005c54 (0x00b8e533) or      a0, a7, a1
core   0: 3 0x80005c54 (0x00b8e533) x10 0x80010e6f
core   0: 0x80005c58 (0x000a4db3) xor     s11, s4, zero
core   0: 3 0x80005c58 (0x000a4db3) x27 0xdd6d7ee5
core   0: 0x80005c5c (0x41da0933) sub     s2, s4, t4
core   0: 3 0x80005c5c (0x41da0933) x18 0x01f50266
core   0: 0x80005c60 (0x01b835b3) sltu    a1, a6, s11
core   0: 3 0x80005c60 (0x01b835b3) x11 0x00000001
core   0: 0x80005c64 (0x413d5b93) srai    s7, s10, 19
core   0: 3 0x80005c64 (0x413d5b93) x23 0x00000000
core   0: 0x80005c68 (0x074d6e93) ori     t4, s10, 116
core   0: 3 0x80005c68 (0x074d6e93) x29 0x00000074
core   0: 0x80005c6c (0x2dd52893) slti    a7, a0, 733
core   0: 3 0x80005c6c (0x2dd52893) x17 0x00000001
core   0: 0x80005c70 (0x007731b3) sltu    gp, a4, t2
core   0: 3 0x80005c70 (0x007731b3) x 3 0x00000001
core   0: 0x80005c74 (0x5268c113) xori    sp, a7, 1318
core   0: 3 0x80005c74 (0x5268c113) x 2 0x00000527
core   0: 0x80005c78 (0x01785c93) srli    s9, a6, 23
core   0: 3 0x80005c78 (0x01785c93) x25 0x00000000
core   0: 0x80005c7c (0x4196d533) sra     a0, a3, s9
core   0: 3 0x80005c7c (0x4196d533) x10 0xdd6d7ad0
core   0: 0x80005c80 (0x01084e33) xor     t3, a6, a6
core   0: 3 0x80005c80 (0x01084e33) x28 0x00000000
core   0: 0x80005c84 (0x00001293) slli    t0, zero, 0
core   0: 3 0x80005c84 (0x00001293) x 5 0x00000000
core   0: 0x80005c88 (0x0029e033) or      zero, s3, sp
core   0: 3 0x80005c88 (0x0029e033)
core   0: 0x80005c8c (0x4020d333) sra     t1, ra, sp
core   0: 3 0x80005c8c (0x4020d333) x 6 0xfffed2ff
core   0: 0x80005c90 (0x40a90533) sub     a0, s2, a0
core   0: 3 0x80005c90 (0x40a90533) x10 0x24878796
core   0: 0x80005c94 (0x00bea433) slt     s0, t4, a1
core   0: 3 0x80005c94 (0x00bea433) x 8 0x00000000
core   0: 0x80005c98 (0x4069da13) srai    s4, s3, 6
core   0: 3 0x80005c98 (0x4069da13) x20 0xfe2ddf40
core   0: 0x80005c9c (0x410b5d33) sra     s10, s6, a6
core   0: 3 0x80005c9c (0x410b5d33) x26 0x00000000
core   0: 0x80005ca0 (0x46958917) auipc   s2, 0x46958
core   0: 3 0x80005ca0 (0x46958917) x18 0xc695dca0
core   0: 0x80005ca4 (0x01469493) slli    s1, a3, 20
core   0: 3 0x80005ca4 (0x01469493) x 9 0xad000000
core   0: 0x80005ca8 (0xc0c90c13) addi    s8, s2, -1012
core   0: 3 0x80005ca8 (0xc0c90c13) x24 0xc695d8ac
core   0: 0x80005cac (0x00f550b3) srl     ra, a0, a5
core   0: 3 0x80005cac (0x00f550b3) x 1 0x00000000
core   0: 0x80005cb0 (0x0091e233) or      tp, gp, s1
core   0: 3 0x80005cb0 (0x0091e233) x 4 0xad000001
core   0: 0x80005cb4 (0xdc0eef17) auipc   t5, 0xdc0ee
core   0: 3 0x80005cb4 (0xdc0eef17) x30 0x5c0f3cb4
core   0: 0x80005cb8 (0x01f03233) snez    tp, t6
core   0: 3 0x80005cb8 (0x01f03233) x 4 0x00000001
core   0: 0x80005cbc (0x01cb59b3) srl     s3, s6, t3
core   0: 3 0x80005cbc (0x01cb59b3) x19 0x00000000
core   0: 0x80005cc0 (0x014e2933) slt     s2, t3, s4
core   0: 3 0x80005cc0 (0x014e2933) x18 0x00000000
core   0: 0x80005cc4 (0x01ac5b13) srli    s6, s8, 26
core   0: 3 0x80005cc4 (0x01ac5b13) x22 0x00000031
core   0: 0x80005cc8 (0x0069b4b3) sltu    s1, s3, t1
core   0: 3 0x80005cc8 (0x0069b4b3) x 9 0x00000001
core   0: 0x80005ccc (0xadfd6113) ori     sp, s10, -1313
core   0: 3 0x80005ccc (0xadfd6113) x 2 0xfffffadf
core   0: 0x80005cd0 (0x002a9d33) sll     s10, s5, sp
core   0: 3 0x80005cd0 (0x002a9d33) x26 0x00000000
core   0: 0x80005cd4 (0x00000013) nop
core   0: 3 0x80005cd4 (0x00000013)
core   0: 0x80005cd8 (0x404d8c33) sub     s8, s11, tp
core   0: 3 0x80005cd8 (0x404d8c33) x24 0xdd6d7ee4
core   0: 0x80005cdc (0x00405db3) srl     s11, zero, tp
core   0: 3 0x80005cdc (0x00405db3) x27 0x00000000
core   0: 0x80005ce0 (0x001585b3) add     a1, a1, ra
core   0: 3 0x80005ce0 (0x001585b3) x11 0x00000001
core   0: 0x80005ce4 (0x006b9c93) slli    s9, s7, 6
core   0: 3 0x80005ce4 (0x006b9c93) x25 0x00000000
core   0: 0x80005ce8 (0x01f4e5b3) or      a1, s1, t6
core   0: 3 0x80005ce8 (0x01f4e5b3) x11 0x80014ce5
core   0: 0x80005cec (0x01c5d3b3) srl     t2, a1, t3
core   0: 3 0x80005cec (0x01c5d3b3) x 7 0x80014ce5
core   0: 0x80005cf0 (0xede40213) addi    tp, s0, -290
core   0: 3 0x80005cf0 (0xede40213) x 4 0xfffffede
core   0: 0x80005cf4 (0x00fe5f13) srli    t5, t3, 15
core   0: 3 0x80005cf4 (0x00fe5f13) x30 0x00000000
core   0: 0x80005cf8 (0x01704d33) xor     s10, zero, s7
core   0: 3 0x80005cf8 (0x01704d33) x26 0x00000000
core   0: 0x80005cfc (0x010a91b3) sll     gp, s5, a6
core   0: 3 0x80005cfc (0x010a91b3) x 3 0x00000000
core   0: 0x80005d00 (0x00f1e2b3) or      t0, gp, a5
core   0: 3 0x80005d00 (0x00f1e2b3) x 5 0xff4e9b7e
core   0: 0x80005d04 (0x00000013) nop
core   0: 3 0x80005d04 (0x00000013)
core   0: 0x80005d08 (0x40300eb3) sub     t4, zero, gp
core   0: 3 0x80005d08 (0x40300eb3) x29 0x00000000
core   0: 0x80005d0c (0x0024b0b3) sltu    ra, s1, sp
core   0: 3 0x80005d0c (0x0024b0b3) x 1 0x00000001
core   0: 0x80005d10 (0x004c3833) sltu    a6, s8, tp
core   0: 3 0x80005d10 (0x004c3833) x16 0x00000001
core   0: 0x80005d14 (0x01b630b3) sltu    ra, a2, s11
core   0: 3 0x80005d14 (0x01b630b3) x 1 0x00000000
core   0: 0x80005d18 (0x017f9333) sll     t1, t6, s7
core   0: 3 0x80005d18 (0x017f9333) x 6 0x80014ce4
core   0: 0x80005d1c (0x0100da93) srli    s5, ra, 16
core   0: 3 0x80005d1c (0x0100da93) x21 0x00000000
core   0: 0x80005d20 (0x32526c93) ori     s9, tp, 805
core   0: 3 0x80005d20 (0x32526c93) x25 0xffffffff
core   0: 0x80005d24 (0x01f282b3) add     t0, t0, t6
core   0: 3 0x80005d24 (0x01f282b3) x 5 0x7f4fe862
core   0: 0x80005d28 (0x015f50b3) srl     ra, t5, s5
core   0: 3 0x80005d28 (0x015f50b3) x 1 0x00000000
core   0: 0x80005d2c (0x1fba2893) slti    a7, s4, 507
core   0: 3 0x80005d2c (0x1fba2893) x17 0x00000001
core   0: 0x80005d30 (0x0193bdb3) sltu    s11, t2, s9
core   0: 3 0x80005d30 (0x0193bdb3) x27 0x00000001
core   0: 0x80005d34 (0x018a9a93) slli    s5, s5, 24
core   0: 3 0x80005d34 (0x018a9a93) x21 0x00000000
core   0: 0x80005d38 (0x54db3613) sltiu   a2, s6, 1357
core   0: 3 0x80005d38 (0x54db3613) x12 0x00000001
core   0: 0x80005d3c (0x01611333) sll     t1, sp, s6
core   0: 3 0x80005d3c (0x01611333) x 6 0xf5be0000
core   0: 0x80005d40 (0x00cd1493) slli    s1, s10, 12
core   0: 3 0x80005d40 (0x00cd1493) x 9 0x00000000
core   0: 0x80005d44 (0x2cd372b7) lui     t0, 0x2cd37
core   0: 3 0x80005d44 (0x2cd372b7) x 5 0x2cd37000
core   0: 0x80005d48 (0x411cd813) srai    a6, s9, 17
core   0: 3 0x80005d48 (0x411cd813) x16 0xffffffff
core   0: 0x80005d4c (0x47f0f193) andi    gp, ra, 1151
core   0: 3 0x80005d4c (0x47f0f193) x 3 0x00000000
core   0: 0x80005d50 (0x007442b3) xor     t0, s0, t2
core   0: 3 0x80005d50 (0x007442b3) x 5 0x80014ce5
core   0: 0x80005d54 (0xb7e06993) ori     s3, zero, -1154
core   0: 3 0x80005d54 (0xb7e06993) x19 0xfffffb7e
core   0: 0x80005d58 (0x00ac4c33) xor     s8, s8, a0
core   0: 3 0x80005d58 (0x00ac4c33) x24 0xf9eaf972
core   0: 0x80005d5c (0x00ab28b3) slt     a7, s6, a0
core   0: 3 0x80005d5c (0x00ab28b3) x17 0x00000001
core   0: 0x80005d60 (0x2a006f13) ori     t5, zero, 672
core   0: 3 0x80005d60 (0x2a006f13) x30 0x000002a0
core   0: 0x80005d64 (0x00bf2f33) slt     t5, t5, a1
core   0: 3 0x80005d64 (0x00bf2f33) x30 0x00000000
core   0: 0x80005d68 (0x01941e93) slli    t4, s0, 25
core   0: 3 0x80005d68 (0x01941e93) x29 0x00000000
core   0: 0x80005d6c (0x002ad913) srli    s2, s5, 2
core   0: 3 0x80005d6c (0x002ad913) x18 0x00000000
core   0: 0x80005d70 (0x0121b4b3) sltu    s1, gp, s2
core   0: 3 0x80005d70 (0x0121b4b3) x 9 0x00000000
core   0: 0x80005d74 (0x01c366b3) or      a3, t1, t3
core   0: 3 0x80005d74 (0x01c366b3) x13 0xf5be0000
core   0: 0x80005d78 (0x0103f5b3) and     a1, t2, a6
core   0: 3 0x80005d78 (0x0103f5b3) x11 0x80014ce5
core   0: 0x80005d7c (0x00000013) nop
core   0: 3 0x80005d7c (0x00000013)
core   0: 0x80005d80 (0x005e85b3) add     a1, t4, t0
core   0: 3 0x80005d80 (0x005e85b3) x11 0x80014ce5
core   0: 0x80005d84 (0xcd48c293) xori    t0, a7, -812
core   0: 3 0x80005d84 (0xcd48c293) x 5 0xfffffcd5
core   0: 0x80005d88 (0x00000013) nop
core   0: 3 0x80005d88 (0x00000013)
core   0: 0x80005d8c (0xc1c8e017) auipc   zero, 0xc1c8e
core   0: 3 0x80005d8c (0xc1c8e017)
core   0: 0x80005d90 (0x008190b3) sll     ra, gp, s0
core   0: 3 0x80005d90 (0x008190b3) x 1 0x00000000
core   0: 0x80005d94 (0x01ede333) or      t1, s11, t5
core   0: 3 0x80005d94 (0x01ede333) x 6 0x00000001
core   0: 0x80005d98 (0x30dd4b13) xori    s6, s10, 781
core   0: 3 0x80005d98 (0x30dd4b13) x22 0x0000030d
core   0: 0x80005d9c (0xe87dea97) auipc   s5, 0xe87de
core   0: 3 0x80005d9c (0xe87dea97) x21 0x687e3d9c
core   0: 0x80005da0 (0x00000013) nop
core   0: 3 0x80005da0 (0x00000013)
core   0: 0x80005da4 (0xb096b037) lui     zero, 0xb096b
core   0: 3 0x80005da4 (0xb096b037)
core   0: 0x80005da8 (0x185a7313) andi    t1, s4, 389
core   0: 3 0x80005da8 (0x185a7313) x 6 0x00000100
core   0: 0x80005dac (0x00ba3c33) sltu    s8, s4, a1
core   0: 3 0x80005dac (0x00ba3c33) x24 0x00000000
core   0: 0x80005db0 (0x0074f133) and     sp, s1, t2
core   0: 3 0x80005db0 (0x0074f133) x 2 0x00000000
core   0: 0x80005db4 (0x01291c33) sll     s8, s2, s2
core   0: 3 0x80005db4 (0x01291c33) x24 0x00000000
core   0: 0x80005db8 (0xd1404217) auipc   tp, 0xd1404
core   0: 3 0x80005db8 (0xd1404217) x 4 0x51409db8
core   0: 0x80005dbc (0x069ebb37) lui     s6, 0x69eb
core   0: 3 0x80005dbc (0x069ebb37) x22 0x069eb000
core   0: 0x80005dc0 (0x983534b7) lui     s1, 0x98353
core   0: 3 0x80005dc0 (0x983534b7) x 9 0x98353000
core   0: 0x80005dc4 (0x010f8233) add     tp, t6, a6
core   0: 3 0x80005dc4 (0x010f8233) x 4 0x80014ce3
core   0: 0x80005dc8 (0x00000013) nop
core   0: 3 0x80005dc8 (0x00000013)
core   0: 0x80005dcc (0x11c7ee93) ori     t4, a5, 284
core   0: 3 0x80005dcc (0x11c7ee93) x29 0xff4e9b7e
core   0: 0x80005dd0 (0x00d69693) slli    a3, a3, 13
core   0: 3 0x80005dd0 (0x00d69693) x13 0xc0000000
core   0: 0x80005dd4 (0x40725c33) sra     s8, tp, t2
core   0: 3 0x80005dd4 (0x40725c33) x24 0xfc000a67
core   0: 0x80005dd8 (0x00000013) nop
core   0: 3 0x80005dd8 (0x00000013)
core   0: 0x80005ddc (0xa6ee4893) xori    a7, t3, -1426
core   0: 3 0x80005ddc (0xa6ee4893) x17 0xfffffa6e
core   0: 0x80005de0 (0x40565ab3) sra     s5, a2, t0
core   0: 3 0x80005de0 (0x40565ab3) x21 0x00000000
core   0: 0x80005de4 (0x36fd0993) addi    s3, s10, 879
core   0: 3 0x80005de4 (0x36fd0993) x19 0x0000036f
core   0: 0x80005de8 (0x41300133) sub     sp, zero, s3
core   0: 3 0x80005de8 (0x41300133) x 2 0xfffffc91
core   0: 0x80005dec (0xd79ecb37) lui     s6, 0xd79ec
core   0: 3 0x80005dec (0xd79ecb37) x22 0xd79ec000
core   0: 0x80005df0 (0x41c005b3) sub     a1, zero, t3
core   0: 3 0x80005df0 (0x41c005b3) x11 0x00000000
core   0: 0x80005df4 (0x01c81e13) slli    t3, a6, 28
core   0: 3 0x80005df4 (0x01c81e13) x28 0xf0000000
core   0: 0x80005df8 (0x01cf31b3) sltu    gp, t5, t3
core   0: 3 0x80005df8 (0x01cf31b3) x 3 0x00000001
core   0: 0x80005dfc (0x41f889b3) sub     s3, a7, t6
core   0: 3 0x80005dfc (0x41f889b3) x19 0x7ffead8a
core   0: 0x80005e00 (0xa2512313) slti    t1, sp, -1499
core   0: 3 0x80005e00 (0xa2512313) x 6 0x00000000
core   0: 0x80005e04 (0x00bcda93) srli    s5, s9, 11
core   0: 3 0x80005e04 (0x00bcda93) x21 0x001fffff
core   0: 0x80005e08 (0x01f8b633) sltu    a2, a7, t6
core   0: 3 0x80005e08 (0x01f8b633) x12 0x00000000
core   0: 0x80005e0c (0x27442437) lui     s0, 0x27442
core   0: 3 0x80005e0c (0x27442437) x 8 0x27442000
core   0: 0x80005e10 (0x40bfd2b3) sra     t0, t6, a1
core   0: 3 0x80005e10 (0x40bfd2b3) x 5 0x80014ce4
core   0: 0x80005e14 (0xb29a8c93) addi    s9, s5, -1239
core   0: 3 0x80005e14 (0xb29a8c93) x25 0x001ffb28
core   0: 0x80005e18 (0x407604b3) sub     s1, a2, t2
core   0: 3 0x80005e18 (0x407604b3) x 9 0x7ffeb31b
core   0: 0x80005e1c (0x00269933) sll     s2, a3, sp
core   0: 3 0x80005e1c (0x00269933) x18 0x00000000
core   0: 0x80005e20 (0x7bbd2113) slti    sp, s10, 1979
core   0: 3 0x80005e20 (0x7bbd2113) x 2 0x00000001
core   0: 0x80005e24 (0x41937913) andi    s2, t1, 1049
core   0: 3 0x80005e24 (0x41937913) x18 0x00000000
core   0: 0x80005e28 (0x01845b13) srli    s6, s0, 24
core   0: 3 0x80005e28 (0x01845b13) x22 0x00000027
core   0: 0x80005e2c (0x41810f33) sub     t5, sp, s8
core   0: 3 0x80005e2c (0x41810f33) x30 0x03fff59a
core   0: 0x80005e30 (0x41b85693) srai    a3, a6, 27
core   0: 3 0x80005e30 (0x41b85693) x13 0xffffffff
core   0: 0x80005e34 (0x01badd93) srli    s11, s5, 27
core   0: 3 0x80005e34 (0x01badd93) x27 0x00000000
core   0: 0x80005e38 (0x015016b3) sll     a3, zero, s5
core   0: 3 0x80005e38 (0x015016b3) x13 0x00000000
core   0: 0x80005e3c (0xb30c3217) auipc   tp, 0xb30c3
core   0: 3 0x80005e3c (0xb30c3217) x 4 0x330c8e3c
core   0: 0x80005e40 (0x01b5df13) srli    t5, a1, 27
core   0: 3 0x80005e40 (0x01b5df13) x30 0x00000000
core   0: 0x80005e44 (0x01c35c13) srli    s8, t1, 28
core   0: 3 0x80005e44 (0x01c35c13) x24 0x00000000
core   0: 0x80005e48 (0x222caf13) slti    t5, s9, 546
core   0: 3 0x80005e48 (0x222caf13) x30 0x00000000
core   0: 0x80005e4c (0xf99ef813) andi    a6, t4, -103
core   0: 3 0x80005e4c (0xf99ef813) x16 0xff4e9b18
core   0: 0x80005e50 (0x01a94833) xor     a6, s2, s10
core   0: 3 0x80005e50 (0x01a94833) x16 0x00000000
core   0: 0x80005e54 (0x01be4833) xor     a6, t3, s11
core   0: 3 0x80005e54 (0x01be4833) x16 0xf0000000
core   0: 0x80005e58 (0x24057493) andi    s1, a0, 576
core   0: 3 0x80005e58 (0x24057493) x 9 0x00000200
core   0: 0x80005e5c (0x01283133) sltu    sp, a6, s2
core   0: 3 0x80005e5c (0x01283133) x 2 0x00000000
core   0: 0x80005e60 (0x019109b3) add     s3, sp, s9
core   0: 3 0x80005e60 (0x019109b3) x19 0x001ffb28
core   0: 0x80005e64 (0x711d8837) lui     a6, 0x711d8
core   0: 3 0x80005e64 (0x711d8837) x16 0x711d8000
core   0: 0x80005e68 (0x406fda93) srai    s5, t6, 6
core   0: 3 0x80005e68 (0x406fda93) x21 0xfe000533
core   0: 0x80005e6c (0x00391133) sll     sp, s2, gp
core   0: 3 0x80005e6c (0x00391133) x 2 0x00000000
core   0: 0x80005e70 (0x28d18113) addi    sp, gp, 653
core   0: 3 0x80005e70 (0x28d18113) x 2 0x0000028e
core   0: 0x80005e74 (0xd9347613) andi    a2, s0, -621
core   0: 3 0x80005e74 (0xd9347613) x12 0x27442000
core   0: 0x80005e78 (0x01ec3b33) sltu    s6, s8, t5
core   0: 3 0x80005e78 (0x01ec3b33) x22 0x00000000
core   0: 0x80005e7c (0x0092fbb3) and     s7, t0, s1
core   0: 3 0x80005e7c (0x0092fbb3) x23 0x00000000
core   0: 0x80005e80 (0x01611913) slli    s2, sp, 22
core   0: 3 0x80005e80 (0x01611913) x18 0xa3800000
core   0: 0x80005e84 (0x014f6133) or      sp, t5, s4
core   0: 3 0x80005e84 (0x014f6133) x 2 0xfe2ddf40
core   0: 0x80005e88 (0x6e11fa97) auipc   s5, 0x6e11f
core   0: 3 0x80005e88 (0x6e11fa97) x21 0xee124e88
core   0: 0x80005e8c (0x1144a593) slti    a1, s1, 276
core   0: 3 0x80005e8c (0x1144a593) x11 0x00000000
core   0: 0x80005e90 (0x5c85ff13) andi    t5, a1, 1480
core   0: 3 0x80005e90 (0x5c85ff13) x30 0x00000000
core   0: 0x80005e94 (0x2658a013) slti    zero, a7, 613
core   0: 3 0x80005e94 (0x2658a013)
core   0: 0x80005e98 (0x008be3b3) or      t2, s7, s0
core   0: 3 0x80005e98 (0x008be3b3) x 7 0x27442000
core   0: 0x80005e9c (0x01526333) or      t1, tp, s5
core   0: 3 0x80005e9c (0x01526333) x 6 0xff1ecebc
core   0: 0x80005ea0 (0x403784b3) sub     s1, a5, gp
core   0: 3 0x80005ea0 (0x403784b3) x 9 0xff4e9b7d
core   0: 0x80005ea4 (0x01656833) or      a6, a0, s6
core   0: 3 0x80005ea4 (0x01656833) x16 0x24878796
core   0: 0x80005ea8 (0x0645e413) ori     s0, a1, 100
core   0: 3 0x80005ea8 (0x0645e413) x 8 0x00000064
core   0: 0x80005eac (0x40d60a33) sub     s4, a2, a3
core   0: 3 0x80005eac (0x40d60a33) x20 0x27442000
core   0: 0x80005eb0 (0xae557d37) lui     s10, 0xae557
core   0: 3 0x80005eb0 (0xae557d37) x26 0xae557000
core   0: 0x80005eb4 (0x06144093) xori    ra, s0, 97
core   0: 3 0x80005eb4 (0x06144093) x 1 0x00000005
core   0: 0x80005eb8 (0x00000013) nop
core   0: 3 0x80005eb8 (0x00000013)
core   0: 0x80005ebc (0x54b5e813) ori     a6, a1, 1355
core   0: 3 0x80005ebc (0x54b5e813) x16 0x0000054b
core   0: 0x80005ec0 (0x00000013) nop
core   0: 3 0x80005ec0 (0x00000013)
core   0: 0x80005ec4 (0x00000013) nop
core   0: 3 0x80005ec4 (0x00000013)
core   0: 0x80005ec8 (0x001c36b3) sltu    a3, s8, ra
core   0: 3 0x80005ec8 (0x001c36b3) x13 0x00000001
core   0: 0x80005ecc (0x00de2133) slt     sp, t3, a3
core   0: 3 0x80005ecc (0x00de2133) x 2 0x00000001
core   0: 0x80005ed0 (0x9a4a8313) addi    t1, s5, -1628
core   0: 3 0x80005ed0 (0x9a4a8313) x 6 0xee12482c
core   0: 0x80005ed4 (0x40385433) sra     s0, a6, gp
core   0: 3 0x80005ed4 (0x40385433) x 8 0x000002a5
core   0: 0x80005ed8 (0x445fe093) ori     ra, t6, 1093
core   0: 3 0x80005ed8 (0x445fe093) x 1 0x80014ce5
core   0: 0x80005edc (0x00ce1e33) sll     t3, t3, a2
core   0: 3 0x80005edc (0x00ce1e33) x28 0xf0000000
core   0: 0x80005ee0 (0xa3b04e93) xori    t4, zero, -1477
core   0: 3 0x80005ee0 (0xa3b04e93) x29 0xfffffa3b
core   0: 0x80005ee4 (0x01bd4433) xor     s0, s10, s11
core   0: 3 0x80005ee4 (0x01bd4433) x 8 0xae557000
core   0: 0x80005ee8 (0x139f2913) slti    s2, t5, 313
core   0: 3 0x80005ee8 (0x139f2913) x18 0x00000001
core   0: 0x80005eec (0x404d51b3) sra     gp, s10, tp
core   0: 3 0x80005eec (0x404d51b3) x 3 0xfffffffa
core   0: 0x80005ef0 (0x7b656693) ori     a3, a0, 1974
core   0: 3 0x80005ef0 (0x7b656693) x13 0x248787b6
core   0: 0x80005ef4 (0x001ba233) slt     tp, s7, ra
core   0: 3 0x80005ef4 (0x001ba233) x 4 0x00000000
core   0: 0x80005ef8 (0x017ccbb3) xor     s7, s9, s7
core   0: 3 0x80005ef8 (0x017ccbb3) x23 0x001ffb28
core   0: 0x80005efc (0x01237933) and     s2, t1, s2
core   0: 3 0x80005efc (0x01237933) x18 0x00000000
core   0: 0x80005f00 (0x0072c9b3) xor     s3, t0, t2
core   0: 3 0x80005f00 (0x0072c9b3) x19 0xa7456ce4
core   0: 0x80005f04 (0x0154d193) srli    gp, s1, 21
core   0: 3 0x80005f04 (0x0154d193) x 3 0x000007fa
core   0: 0x80005f08 (0xb32ccd93) xori    s11, s9, -1230
core   0: 3 0x80005f08 (0xb32ccd93) x27 0xffe0001a
core   0: 0x80005f0c (0x379e7513) andi    a0, t3, 889
core   0: 3 0x80005f0c (0x379e7513) x10 0x00000000
core   0: 0x80005f10 (0x007a6cb3) or      s9, s4, t2
core   0: 3 0x80005f10 (0x007a6cb3) x25 0x27442000
core   0: 0x80005f14 (0x4056de13) srai    t3, a3, 5
core   0: 3 0x80005f14 (0x4056de13) x28 0x01243c3d
core   0: 0x80005f18 (0x4b32a593) slti    a1, t0, 1203
core   0: 3 0x80005f18 (0x4b32a593) x11 0x00000001
core   0: 0x80005f1c (0x00598933) add     s2, s3, t0
core   0: 3 0x80005f1c (0x00598933) x18 0x2746b9c8
core   0: 0x80005f20 (0x0019e5b3) or      a1, s3, ra
core   0: 3 0x80005f20 (0x0019e5b3) x11 0xa7456ce5
core   0: 0x80005f24 (0x004aad33) slt     s10, s5, tp
core   0: 3 0x80005f24 (0x004aad33) x26 0x00000001
core   0: 0x80005f28 (0xe1b20513) addi    a0, tp, -485
core   0: 3 0x80005f28 (0xe1b20513) x10 0xfffffe1b
core   0: 0x80005f2c (0x40ff0f33) sub     t5, t5, a5
core   0: 3 0x80005f2c (0x40ff0f33) x30 0x00b16482
core   0: 0x80005f30 (0x13ea0693) addi    a3, s4, 318
core   0: 3 0x80005f30 (0x13ea0693) x13 0x2744213e
core   0: 0x80005f34 (0x013436b3) sltu    a3, s0, s3
core   0: 3 0x80005f34 (0x013436b3) x13 0x00000000
core   0: 0x80005f38 (0xb9a96b93) ori     s7, s2, -1126
core   0: 3 0x80005f38 (0xb9a96b93) x23 0xfffffbda
core   0: 0x80005f3c (0x00a1a233) slt     tp, gp, a0
core   0: 3 0x80005f3c (0x00a1a233) x 4 0x00000000
core   0: 0x80005f40 (0x5072c613) xori    a2, t0, 1287
core   0: 3 0x80005f40 (0x5072c613) x12 0x800149e3
core   0: 0x80005f44 (0x4e33a593) slti    a1, t2, 1251
core   0: 3 0x80005f44 (0x4e33a593) x11 0x00000000
core   0: 0x80005f48 (0x2ea82417) auipc   s0, 0x2ea82
core   0: 3 0x80005f48 (0x2ea82417) x 8 0xaea87f48
core   0: 0x80005f4c (0x5f37f3b7) lui     t2, 0x5f37f
core   0: 3 0x80005f4c (0x5f37f3b7) x 7 0x5f37f000
core   0: 0x80005f50 (0x01cc4db3) xor     s11, s8, t3
core   0: 3 0x80005f50 (0x01cc4db3) x27 0x01243c3d
core   0: 0x80005f54 (0x408ad213) srai    tp, s5, 8
core   0: 3 0x80005f54 (0x408ad213) x 4 0xffee124e
core   0: 0x80005f58 (0x01c282b3) add     t0, t0, t3
core   0: 3 0x80005f58 (0x01c282b3) x 5 0x81258921
core   0: 0x80005f5c (0xad5d3e37) lui     t3, 0xad5d3
core   0: 3 0x80005f5c (0xad5d3e37) x28 0xad5d3000
core   0: 0x80005f60 (0x093280b7) lui     ra, 0x9328
core   0: 3 0x80005f60 (0x093280b7) x 1 0x09328000
core   0: 0x80005f64 (0x009d2433) slt     s0, s10, s1
core   0: 3 0x80005f64 (0x009d2433) x 8 0x00000000
core   0: 0x80005f68 (0x01308233) add     tp, ra, s3
core   0: 3 0x80005f68 (0x01308233) x 4 0xb077ece4
core   0: 0x80005f6c (0xac36cf13) xori    t5, a3, -1341
core   0: 3 0x80005f6c (0xac36cf13) x30 0xfffffac3
core   0: 0x80005f70 (0xc820e213) ori     tp, ra, -894
core   0: 3 0x80005f70 (0xc820e213) x 4 0xfffffc82
core   0: 0x80005f74 (0x00cdc4b3) xor     s1, s11, a2
core   0: 3 0x80005f74 (0x00cdc4b3) x 9 0x812575de
core   0: 0x80005f78 (0x4137dd33) sra     s10, a5, s3
core   0: 3 0x80005f78 (0x4137dd33) x26 0xfff4e9b7
core   0: 0x80005f7c (0x40cd8bb3) sub     s7, s11, a2
core   0: 3 0x80005f7c (0x40cd8bb3) x23 0x8122f25a
core   0: 0x80005f80 (0x40058bb3) sub     s7, a1, zero
core   0: 3 0x80005f80 (0x40058bb3) x23 0x00000000
core   0: 0x80005f84 (0x01e55933) srl     s2, a0, t5
core   0: 3 0x80005f84 (0x01e55933) x18 0x1fffffc3
core   0: 0x80005f88 (0x010c9013) slli    zero, s9, 16
core   0: 3 0x80005f88 (0x010c9013)
core   0: 0x80005f8c (0x9ad70913) addi    s2, a4, -1619
core   0: 3 0x80005f8c (0x9ad70913) x18 0x80010811
core   0: 0x80005f90 (0x01e8a933) slt     s2, a7, t5
core   0: 3 0x80005f90 (0x01e8a933) x18 0x00000001
core   0: 0x80005f94 (0x005ad3b3) srl     t2, s5, t0
core   0: 3 0x80005f94 (0x005ad3b3) x 7 0x77092744
core   0: 0x80005f98 (0x01e69893) slli    a7, a3, 30
core   0: 3 0x80005f98 (0x01e69893) x17 0x00000000
core   0: 0x80005f9c (0x886fe993) ori     s3, t6, -1914
core   0: 3 0x80005f9c (0x886fe993) x19 0xfffffce6
core   0: 0x80005fa0 (0x00c15f33) srl     t5, sp, a2
core   0: 3 0x80005fa0 (0x00c15f33) x30 0x00000000
core   0: 0x80005fa4 (0x8732b693) sltiu   a3, t0, -1933
core   0: 3 0x80005fa4 (0x8732b693) x13 0x00000001
core   0: 0x80005fa8 (0x41500533) sub     a0, zero, s5
core   0: 3 0x80005fa8 (0x41500533) x10 0x11edb178
core   0: 0x80005fac (0x407e8833) sub     a6, t4, t2
core   0: 3 0x80005fac (0x407e8833) x16 0x88f6d2f7
core   0: 0x80005fb0 (0x019a72b3) and     t0, s4, s9
core   0: 3 0x80005fb0 (0x019a72b3) x 5 0x27442000
core   0: 0x80005fb4 (0x00179893) slli    a7, a5, 1
core   0: 3 0x80005fb4 (0x00179893) x17 0xfe9d36fc
core   0: 0x80005fb8 (0x7245b913) sltiu   s2, a1, 1828
core   0: 3 0x80005fb8 (0x7245b913) x18 0x00000001
core   0: 0x80005fbc (0x01582db3) slt     s11, a6, s5
core   0: 3 0x80005fbc (0x01582db3) x27 0x00000001
core   0: 0x80005fc0 (0x590fa893) slti    a7, t6, 1424
core   0: 3 0x80005fc0 (0x590fa893) x17 0x00000001
core   0: 0x80005fc4 (0x1e013d93) sltiu   s11, sp, 480
core   0: 3 0x80005fc4 (0x1e013d93) x27 0x00000001
core   0: 0x80005fc8 (0x90562113) slti    sp, a2, -1787
core   0: 3 0x80005fc8 (0x90562113) x 2 0x00000001
core   0: 0x80005fcc (0xdc84f293) andi    t0, s1, -568
core   0: 3 0x80005fcc (0xdc84f293) x 5 0x812575c8
core   0: 0x80005fd0 (0x331b0397) auipc   t2, 0x331b0
core   0: 3 0x80005fd0 (0x331b0397) x 7 0xb31b5fd0
core   0: 0x80005fd4 (0x409103b3) sub     t2, sp, s1
core   0: 3 0x80005fd4 (0x409103b3) x 7 0x7eda8a23
core   0: 0x80005fd8 (0x00292333) slt     t1, s2, sp
core   0: 3 0x80005fd8 (0x00292333) x 6 0x00000000
core   0: 0x80005fdc (0x54edcb93) xori    s7, s11, 1358
core   0: 3 0x80005fdc (0x54edcb93) x23 0x0000054f
core   0: 0x80005fe0 (0x0128ccb3) xor     s9, a7, s2
core   0: 3 0x80005fe0 (0x0128ccb3) x25 0x00000000
core   0: 0x80005fe4 (0x40d80bb3) sub     s7, a6, a3
core   0: 3 0x80005fe4 (0x40d80bb3) x23 0x88f6d2f6
core   0: 0x80005fe8 (0x0052c633) xor     a2, t0, t0
core   0: 3 0x80005fe8 (0x0052c633) x12 0x00000000
core   0: 0x80005fec (0x5a448213) addi    tp, s1, 1444
core   0: 3 0x80005fec (0x5a448213) x 4 0x81257b82
core   0: 0x80005ff0 (0x41238233) sub     tp, t2, s2
core   0: 3 0x80005ff0 (0x41238233) x 4 0x7eda8a22
core   0: 0x80005ff4 (0x403a56b3) sra     a3, s4, gp
core   0: 3 0x80005ff4 (0x403a56b3) x13 0x00000009
core   0: 0x80005ff8 (0x4af12593) slti    a1, sp, 1199
core   0: 3 0x80005ff8 (0x4af12593) x11 0x00000001
core   0: 0x80005ffc (0x63bc0493) addi    s1, s8, 1595
core   0: 3 0x80005ffc (0x63bc0493) x 9 0x0000063b
core   0: 0x80006000 (0x9323fb13) andi    s6, t2, -1742
core   0: 3 0x80006000 (0x9323fb13) x22 0x7eda8822
core   0: 0x80006004 (0x01c1d193) srli    gp, gp, 28
core   0: 3 0x80006004 (0x01c1d193) x 3 0x00000000
core   0: 0x80006008 (0x7ba4c113) xori    sp, s1, 1978
core   0: 3 0x80006008 (0x7ba4c113) x 2 0x00000181
core   0: 0x8000600c (0x00000013) nop
core   0: 3 0x8000600c (0x00000013)
core   0: 0x80006010 (0x00a4c333) xor     t1, s1, a0
core   0: 3 0x80006010 (0x00a4c333) x 6 0x11edb743
core   0: 0x80006014 (0x01d81d93) slli    s11, a6, 29
core   0: 3 0x80006014 (0x01d81d93) x27 0xe0000000
core   0: 0x80006018 (0x00f79433) sll     s0, a5, a5
core   0: 3 0x80006018 (0x00f79433) x 8 0x80000000
core   0: 0x8000601c (0x1e44b993) sltiu   s3, s1, 484
core   0: 3 0x8000601c (0x1e44b993) x19 0x00000000
core   0: 0x80006020 (0x00dc7c33) and     s8, s8, a3
core   0: 3 0x80006020 (0x00dc7c33) x24 0x00000000
core   0: 0x80006024 (0xe3a46d13) ori     s10, s0, -454
core   0: 3 0x80006024 (0xe3a46d13) x26 0xfffffe3a
core   0: 0x80006028 (0xfad2a093) slti    ra, t0, -83
core   0: 3 0x80006028 (0xfad2a093) x 1 0x00000001
core   0: 0x8000602c (0xf5167d93) andi    s11, a2, -175
core   0: 3 0x8000602c (0xf5167d93) x27 0x00000000
core   0: 0x80006030 (0x7058f493) andi    s1, a7, 1797
core   0: 3 0x80006030 (0x7058f493) x 9 0x00000001
core   0: 0x80006034 (0x01255893) srli    a7, a0, 18
core   0: 3 0x80006034 (0x01255893) x17 0x0000047b
core   0: 0x80006038 (0x74cc3a93) sltiu   s5, s8, 1868
core   0: 3 0x80006038 (0x74cc3a93) x21 0x00000001
core   0: 0x8000603c (0x01cd43b3) xor     t2, s10, t3
core   0: 3 0x8000603c (0x01cd43b3) x 7 0x52a2ce3a
core   0: 0x80006040 (0x0132b833) sltu    a6, t0, s3
core   0: 3 0x80006040 (0x0132b833) x16 0x00000000
core   0: 0x80006044 (0x40e85313) srai    t1, a6, 14
core   0: 3 0x80006044 (0x40e85313) x 6 0x00000000
core   0: 0x80006048 (0x225e7693) andi    a3, t3, 549
core   0: 3 0x80006048 (0x225e7693) x13 0x00000000
core   0: 0x8000604c (0x4b654313) xori    t1, a0, 1206
core   0: 3 0x8000604c (0x4b654313) x 6 0x11edb5ce
core   0: 0x80006050 (0x416a5413) srai    s0, s4, 22
core   0: 3 0x80006050 (0x416a5413) x 8 0x0000009d
core   0: 0x80006054 (0x3c244a13) xori    s4, s0, 962
core   0: 3 0x80006054 (0x3c244a13) x20 0x0000035f
core   0: 0x80006058 (0x00000013) nop
core   0: 3 0x80006058 (0x00000013)
core   0: 0x8000605c (0xc36c0097) auipc   ra, 0xc36c0
core   0: 3 0x8000605c (0xc36c0097) x 1 0x436c605c
core   0: 0x80006060 (0x00d7a2b3) slt     t0, a5, a3
core   0: 3 0x80006060 (0x00d7a2b3) x 5 0x00000001
core   0: 0x80006064 (0x011259b3) srl     s3, tp, a7
core   0: 3 0x80006064 (0x011259b3) x19 0x0000000f
core   0: 0x80006068 (0x88d45117) auipc   sp, 0x88d45
core   0: 3 0x80006068 (0x88d45117) x 2 0x08d4b068
core   0: 0x8000606c (0x002d09b3) add     s3, s10, sp
core   0: 3 0x8000606c (0x002d09b3) x19 0x08d4aea2
core   0: 0x80006070 (0x01424bb3) xor     s7, tp, s4
core   0: 3 0x80006070 (0x01424bb3) x23 0x7eda897d
core   0: 0x80006074 (0xfa4c01b7) lui     gp, 0xfa4c0
core   0: 3 0x80006074 (0xfa4c01b7) x 3 0xfa4c0000
core   0: 0x80006078 (0x00ae26b3) slt     a3, t3, a0
core   0: 3 0x80006078 (0x00ae26b3) x13 0x00000001
core   0: 0x8000607c (0x010fe133) or      sp, t6, a6
core   0: 3 0x8000607c (0x010fe133) x 2 0x80014ce4
core   0: 0x80006080 (0x40ee8f33) sub     t5, t4, a4
core   0: 3 0x80006080 (0x40ee8f33) x30 0x7ffeebd7
core   0: 0x80006084 (0x643ca4b7) lui     s1, 0x643ca
core   0: 3 0x80006084 (0x643ca4b7) x 9 0x643ca000
core   0: 0x80006088 (0x2002e097) auipc   ra, 0x2002e
core   0: 3 0x80006088 (0x2002e097) x 1 0xa0034088
core   0: 0x8000608c (0x01aa0b33) add     s6, s4, s10
core   0: 3 0x8000608c (0x01aa0b33) x22 0x00000199
core   0: 0x80006090 (0xfd2fea13) ori     s4, t6, -46
core   0: 3 0x80006090 (0xfd2fea13) x20 0xfffffff6
core   0: 0x80006094 (0x00000013) nop
core   0: 3 0x80006094 (0x00000013)
core   0: 0x80006098 (0x003f4e33) xor     t3, t5, gp
core   0: 3 0x80006098 (0x003f4e33) x28 0x85b2ebd7
core   0: 0x8000609c (0x9cc6a313) slti    t1, a3, -1588
core   0: 3 0x8000609c (0x9cc6a313) x 6 0x00000000
core   0: 0x800060a0 (0x8dcac493) xori    s1, s5, -1828
core   0: 3 0x800060a0 (0x8dcac493) x 9 0xfffff8dd
core   0: 0x800060a4 (0x00a799b3) sll     s3, a5, a0
core   0: 3 0x800060a4 (0x00a799b3) x19 0x7e000000
core   0: 0x800060a8 (0x0d1b8e97) auipc   t4, 0xd1b8
core   0: 3 0x800060a8 (0x0d1b8e97) x29 0x8d1be0a8
core   0: 0x800060ac (0x01ce46b3) xor     a3, t3, t3
core   0: 3 0x800060ac (0x01ce46b3) x13 0x00000000
core   0: 0x800060b0 (0xef96cb13) xori    s6, a3, -263
core   0: 3 0x800060b0 (0xef96cb13) x22 0xfffffef9
core   0: 0x800060b4 (0x01a4e1b3) or      gp, s1, s10
core   0: 3 0x800060b4 (0x01a4e1b3) x 3 0xfffffeff
core   0: 0x800060b8 (0x007689b3) add     s3, a3, t2
core   0: 3 0x800060b8 (0x007689b3) x19 0x52a2ce3a
core   0: 0x800060bc (0x018a28b3) slt     a7, s4, s8
core   0: 3 0x800060bc (0x018a28b3) x17 0x00000001
core   0: 0x800060c0 (0x01f2deb3) srl     t4, t0, t6
core   0: 3 0x800060c0 (0x01f2deb3) x29 0x00000000
core   0: 0x800060c4 (0x00217eb3) and     t4, sp, sp
core   0: 3 0x800060c4 (0x00217eb3) x29 0x80014ce4
core   0: 0x800060c8 (0x40fb0eb3) sub     t4, s6, a5
core   0: 3 0x800060c8 (0x40fb0eb3) x29 0x00b1637b
core   0: 0x800060cc (0x2bc4c393) xori    t2, s1, 700
core   0: 3 0x800060cc (0x2bc4c393) x 7 0xfffffa61
core   0: 0x800060d0 (0x00d96833) or      a6, s2, a3
core   0: 3 0x800060d0 (0x00d96833) x16 0x00000001
core   0: 0x800060d4 (0xc46dc313) xori    t1, s11, -954
core   0: 3 0x800060d4 (0xc46dc313) x 6 0xfffffc46
core   0: 0x800060d8 (0xedb72097) auipc   ra, 0xedb72
core   0: 3 0x800060d8 (0xedb72097) x 1 0x6db780d8
core   0: 0x800060dc (0x008b1693) slli    a3, s6, 8
core   0: 3 0x800060dc (0x008b1693) x13 0xfffef900
core   0: 0x800060e0 (0xbcc1f993) andi    s3, gp, -1076
core   0: 3 0x800060e0 (0xbcc1f993) x19 0xfffffacc
core   0: 0x800060e4 (0x00135293) srli    t0, t1, 1
core   0: 3 0x800060e4 (0x00135293) x 5 0x7ffffe23
core   0: 0x800060e8 (0x31612913) slti    s2, sp, 790
core   0: 3 0x800060e8 (0x31612913) x18 0x00000001
core   0: 0x800060ec (0x01d76033) or      zero, a4, t4
core   0: 3 0x800060ec (0x01d76033)
core   0: 0x800060f0 (0x40748f33) sub     t5, s1, t2
core   0: 3 0x800060f0 (0x40748f33) x30 0xfffffe7c
core   0: 0x800060f4 (0x00b1d693) srli    a3, gp, 11
core   0: 3 0x800060f4 (0x00b1d693) x13 0x001fffff
core   0: 0x800060f8 (0x013b9233) sll     tp, s7, s3
core   0: 3 0x800060f8 (0x013b9233) x 4 0xa897d000
core   0: 0x800060fc (0xb34e5697) auipc   a3, 0xb34e5
core   0: 3 0x800060fc (0xb34e5697) x13 0x334eb0fc
core   0: 0x80006100 (0x75cfb893) sltiu   a7, t6, 1884
core   0: 3 0x80006100 (0x75cfb893) x17 0x00000000
core   0: 0x80006104 (0x06e5f597) auipc   a1, 0x6e5f
core   0: 3 0x80006104 (0x06e5f597) x11 0x86e65104
core   0: 0x80006108 (0x0005b533) sltu    a0, a1, zero
core   0: 3 0x80006108 (0x0005b533) x10 0x00000000
core   0: 0x8000610c (0xf20efbb7) lui     s7, 0xf20ef
core   0: 3 0x8000610c (0xf20efbb7) x23 0xf20ef000
core   0: 0x80006110 (0x00ee5533) srl     a0, t3, a4
core   0: 3 0x80006110 (0x00ee5533) x10 0x085b2ebd
core   0: 0x80006114 (0x1a057c93) andi    s9, a0, 416
core   0: 3 0x80006114 (0x1a057c93) x25 0x000000a0
core   0: 0x80006118 (0x0110a4b3) slt     s1, ra, a7
core   0: 3 0x80006118 (0x0110a4b3) x 9 0x00000000
core   0: 0x8000611c (0x6066aa37) lui     s4, 0x6066a
core   0: 3 0x8000611c (0x6066aa37) x20 0x6066a000
core   0: 0x80006120 (0x4185db93) srai    s7, a1, 24
core   0: 3 0x80006120 (0x4185db93) x23 0xffffff86
core   0: 0x80006124 (0x013a3433) sltu    s0, s4, s3
core   0: 3 0x80006124 (0x013a3433) x 8 0x00000001
core   0: 0x80006128 (0x0015ec33) or      s8, a1, ra
core   0: 3 0x80006128 (0x0015ec33) x24 0xeff7d1dc
core   0: 0x8000612c (0x00000013) nop
core   0: 3 0x8000612c (0x00000013)
core   0: 0x80006130 (0xe90de013) ori     zero, s11, -368
core   0: 3 0x80006130 (0xe90de013)
core   0: 0x80006134 (0xc56f0513) addi    a0, t5, -938
core   0: 3 0x80006134 (0xc56f0513) x10 0xfffffad2
core   0: 0x80006138 (0x016a0a33) add     s4, s4, s6
core   0: 3 0x80006138 (0x016a0a33) x20 0x60669ef9
core   0: 0x8000613c (0x01d71b93) slli    s7, a4, 29
core   0: 3 0x8000613c (0x01d71b93) x23 0x80000000
core   0: 0x80006140 (0xdb22fe93) andi    t4, t0, -590
core   0: 3 0x80006140 (0xdb22fe93) x29 0x7ffffc22
core   0: 0x80006144 (0x0009bcb3) sltu    s9, s3, zero
core   0: 3 0x80006144 (0x0009bcb3) x25 0x00000000
core   0: 0x80006148 (0x413e0033) sub     zero, t3, s3
core   0: 3 0x80006148 (0x413e0033)
core   0: 0x8000614c (0x01dfd013) srli    zero, t6, 29
core   0: 3 0x8000614c (0x01dfd013)
core   0: 0x80006150 (0x019294b3) sll     s1, t0, s9
core   0: 3 0x80006150 (0x019294b3) x 9 0x7ffffe23
core   0: 0x80006154 (0xce8cf393) andi    t2, s9, -792
core   0: 3 0x80006154 (0xce8cf393) x 7 0x00000000
core   0: 0x80006158 (0x00d416b3) sll     a3, s0, a3
core   0: 3 0x80006158 (0x00d416b3) x13 0x10000000
core   0: 0x8000615c (0x1908ef37) lui     t5, 0x1908e
core   0: 3 0x8000615c (0x1908ef37) x30 0x1908e000
core   0: 0x80006160 (0x017b48b3) xor     a7, s6, s7
core   0: 3 0x80006160 (0x017b48b3) x17 0x7ffffef9
core   0: 0x80006164 (0x343373b7) lui     t2, 0x34337
core   0: 3 0x80006164 (0x343373b7) x 7 0x34337000
core   0: 0x80006168 (0x3030a013) slti    zero, ra, 771
core   0: 3 0x80006168 (0x3030a013)
core   0: 0x8000616c (0x0038eab3) or      s5, a7, gp
core   0: 3 0x8000616c (0x0038eab3) x21 0xfffffeff
core   0: 0x80006170 (0x00bd0c33) add     s8, s10, a1
core   0: 3 0x80006170 (0x00bd0c33) x24 0x86e64f3e
core   0: 0x80006174 (0x9e87da97) auipc   s5, 0x9e87d
core   0: 3 0x80006174 (0x9e87da97) x21 0x1e883174
core   0: 0x80006178 (0x0134d133) srl     sp, s1, s3
core   0: 3 0x80006178 (0x0134d133) x 2 0x0007ffff
core   0: 0x8000617c (0x00000013) nop
core   0: 3 0x8000617c (0x00000013)
core   0: 0x80006180 (0x73524e93) xori    t4, tp, 1845
core   0: 3 0x80006180 (0x73524e93) x29 0xa897d735
core   0: 0x80006184 (0x01b15db3) srl     s11, sp, s11
core   0: 3 0x80006184 (0x01b15db3) x27 0x0007ffff
core   0: 0x80006188 (0x37a06693) ori     a3, zero, 890
core   0: 3 0x80006188 (0x37a06693) x13 0x0000037a
core   0: 0x8000618c (0x40bbdb93) srai    s7, s7, 11
core   0: 3 0x8000618c (0x40bbdb93) x23 0xfff00000
core   0: 0x80006190 (0x40855893) srai    a7, a0, 8
core   0: 3 0x80006190 (0x40855893) x17 0xfffffffa
core   0: 0x80006194 (0x23852297) auipc   t0, 0x23852
core   0: 3 0x80006194 (0x23852297) x 5 0xa3858194
core   0: 0x80006198 (0x0174c9b3) xor     s3, s1, s7
core   0: 3 0x80006198 (0x0174c9b3) x19 0x800ffe23
core   0: 0x8000619c (0x40a1df13) srai    t5, gp, 10
core   0: 3 0x8000619c (0x40a1df13) x30 0xffffffff
core   0: 0x800061a0 (0x00a19bb3) sll     s7, gp, a0
core   0: 3 0x800061a0 (0x00a19bb3) x23 0xfbfc0000
core   0: 0x800061a4 (0x04dee493) ori     s1, t4, 77
core   0: 3 0x800061a4 (0x04dee493) x 9 0xa897d77d
core   0: 0x800061a8 (0x3b0cb693) sltiu   a3, s9, 944
core   0: 3 0x800061a8 (0x3b0cb693) x13 0x00000001
core   0: 0x800061ac (0x41308c33) sub     s8, ra, s3
core   0: 3 0x800061ac (0x41308c33) x24 0xeda782b5
core   0: 0x800061b0 (0x00000013) nop
core   0: 3 0x800061b0 (0x00000013)
core   0: 0x800061b4 (0x011cc9b3) xor     s3, s9, a7
core   0: 3 0x800061b4 (0x011cc9b3) x19 0xfffffffa
core   0: 0x800061b8 (0x01ab9113) slli    sp, s7, 26
core   0: 3 0x800061b8 (0x01ab9113) x 2 0x00000000
core   0: 0x800061bc (0x012a3c33) sltu    s8, s4, s2
core   0: 3 0x800061bc (0x012a3c33) x24 0x00000000
core   0: 0x800061c0 (0x010f5233) srl     tp, t5, a6
core   0: 3 0x800061c0 (0x010f5233) x 4 0x7fffffff
core   0: 0x800061c4 (0x1e098193) addi    gp, s3, 480
core   0: 3 0x800061c4 (0x1e098193) x 3 0x000001da
core   0: 0x800061c8 (0x00f4dd93) srli    s11, s1, 15
core   0: 3 0x800061c8 (0x00f4dd93) x27 0x0001512f
core   0: 0x800061cc (0x4003ba17) auipc   s4, 0x4003b
core   0: 3 0x800061cc (0x4003ba17) x20 0xc00411cc
core   0: 0x800061d0 (0x002d5f33) srl     t5, s10, sp
core   0: 3 0x800061d0 (0x002d5f33) x30 0xfffffe3a
core   0: 0x800061d4 (0x01139f13) slli    t5, t2, 17
core   0: 3 0x800061d4 (0x01139f13) x30 0xe0000000
core   0: 0x800061d8 (0x402208b3) sub     a7, tp, sp
core   0: 3 0x800061d8 (0x402208b3) x17 0x7fffffff
core   0: 0x800061dc (0x002e4eb3) xor     t4, t3, sp
core   0: 3 0x800061dc (0x002e4eb3) x29 0x85b2ebd7
core   0: 0x800061e0 (0x00775f33) srl     t5, a4, t2
core   0: 3 0x800061e0 (0x00775f33) x30 0x80010e64
core   0: 0x800061e4 (0xe7c50693) addi    a3, a0, -388
core   0: 3 0x800061e4 (0xe7c50693) x13 0xfffff94e
core   0: 0x800061e8 (0x007ec033) xor     zero, t4, t2
core   0: 3 0x800061e8 (0x007ec033)
core   0: 0x800061ec (0x00089933) sll     s2, a7, zero
core   0: 3 0x800061ec (0x00089933) x18 0x7fffffff
core   0: 0x800061f0 (0x8d82a293) slti    t0, t0, -1832
core   0: 3 0x800061f0 (0x8d82a293) x 5 0x00000001
core   0: 0x800061f4 (0x59a16897) auipc   a7, 0x59a16
core   0: 3 0x800061f4 (0x59a16897) x17 0xd9a1c1f4
core   0: 0x800061f8 (0x01d5d013) srli    zero, a1, 29
core   0: 3 0x800061f8 (0x01d5d013)
core   0: 0x800061fc (0x90410e93) addi    t4, sp, -1788
core   0: 3 0x800061fc (0x90410e93) x29 0xfffff904
core   0: 0x80006200 (0x018e9633) sll     a2, t4, s8
core   0: 3 0x80006200 (0x018e9633) x12 0xfffff904
core   0: 0x80006204 (0x0e70a213) slti    tp, ra, 231
core   0: 3 0x80006204 (0x0e70a213) x 4 0x00000000
core   0: 0x80006208 (0x16ce7c93) andi    s9, t3, 364
core   0: 3 0x80006208 (0x16ce7c93) x25 0x00000144
core   0: 0x8000620c (0x60e6b013) sltiu   zero, a3, 1550
core   0: 3 0x8000620c (0x60e6b013)
core   0: 0x80006210 (0x0114bc33) sltu    s8, s1, a7
core   0: 3 0x80006210 (0x0114bc33) x24 0x00000001
core   0: 0x80006214 (0x40ea0233) sub     tp, s4, a4
core   0: 3 0x80006214 (0x40ea0233) x 4 0x40030368
core   0: 0x80006218 (0x783e4013) xori    zero, t3, 1923
core   0: 3 0x80006218 (0x783e4013)
core   0: 0x8000621c (0x00e3da33) srl     s4, t2, a4
core   0: 3 0x8000621c (0x00e3da33) x20 0x03433700
core   0: 0x80006220 (0x01d0edb3) or      s11, ra, t4
core   0: 3 0x80006220 (0x01d0edb3) x27 0xfffff9dc
core   0: 0x80006224 (0x01f834b3) sltu    s1, a6, t6
core   0: 3 0x80006224 (0x01f834b3) x 9 0x00000001
core   0: 0x80006228 (0x04d8bc37) lui     s8, 0x4d8b
core   0: 3 0x80006228 (0x04d8bc37) x24 0x04d8b000
core   0: 0x8000622c (0x416656b3) sra     a3, a2, s6
core   0: 3 0x8000622c (0x416656b3) x13 0xffffffff
core   0: 0x80006230 (0xadde4c93) xori    s9, t3, -1315
core   0: 3 0x80006230 (0xadde4c93) x25 0x7a4d110a
core   0: 0x80006234 (0x7eb33193) sltiu   gp, t1, 2027
core   0: 3 0x80006234 (0x7eb33193) x 3 0x00000000
core   0: 0x80006238 (0x01fc8233) add     tp, s9, t6
core   0: 3 0x80006238 (0x01fc8233) x 4 0xfa4e5dee
core   0: 0x8000623c (0x40715633) sra     a2, sp, t2
core   0: 3 0x8000623c (0x40715633) x12 0x00000000
core   0: 0x80006240 (0x6a96e013) ori     zero, a3, 1705
core   0: 3 0x80006240 (0x6a96e013)
core   0: 0x80006244 (0x418b0833) sub     a6, s6, s8
core   0: 3 0x80006244 (0x418b0833) x16 0xfb274ef9
core   0: 0x80006248 (0x40c05233) sra     tp, zero, a2
core   0: 3 0x80006248 (0x40c05233) x 4 0x00000000
core   0: 0x8000624c (0xc71a0f13) addi    t5, s4, -911
core   0: 3 0x8000624c (0xc71a0f13) x30 0x03433371
core   0: 0x80006250 (0xc6bf2593) slti    a1, t5, -917
core   0: 3 0x80006250 (0xc6bf2593) x11 0x00000000
core   0: 0x80006254 (0x01a06933) or      s2, zero, s10
core   0: 3 0x80006254 (0x01a06933) x18 0xfffffe3a
core   0: 0x80006258 (0x00770933) add     s2, a4, t2
core   0: 3 0x80006258 (0x00770933) x18 0xb4347e64
core   0: 0x8000625c (0x40aa5d93) srai    s11, s4, 10
core   0: 3 0x8000625c (0x40aa5d93) x27 0x0000d0cd
core   0: 0x80006260 (0x00d4c033) xor     zero, s1, a3
core   0: 3 0x80006260 (0x00d4c033)
core   0: 0x80006264 (0x4000d213) srai    tp, ra, 0
core   0: 3 0x80006264 (0x4000d213) x 4 0x6db780d8
core   0: 0x80006268 (0x01bbfa33) and     s4, s7, s11
core   0: 3 0x80006268 (0x01bbfa33) x20 0x00000000
core   0: 0x8000626c (0x00331333) sll     t1, t1, gp
core   0: 3 0x8000626c (0x00331333) x 6 0xfffffc46
core   0: 0x80006270 (0x00d380b3) add     ra, t2, a3
core   0: 3 0x80006270 (0x00d380b3) x 1 0x34336fff
core   0: 0x80006274 (0x00df4cb3) xor     s9, t5, a3
core   0: 3 0x80006274 (0x00df4cb3) x25 0xfcbccc8e
core   0: 0x80006278 (0x71ba3313) sltiu   t1, s4, 1819
core   0: 3 0x80006278 (0x71ba3313) x 6 0x00000001
core   0: 0x8000627c (0x00000013) nop
core   0: 3 0x8000627c (0x00000013)
core   0: 0x80006280 (0x012726b3) slt     a3, a4, s2
core   0: 3 0x80006280 (0x012726b3) x13 0x00000001
core   0: 0x80006284 (0x00f265b3) or      a1, tp, a5
core   0: 3 0x80006284 (0x00f265b3) x11 0xffff9bfe
core   0: 0x80006288 (0x00829393) slli    t2, t0, 8
core   0: 3 0x80006288 (0x00829393) x 7 0x00000100
core   0: 0x8000628c (0x24e1ad97) auipc   s11, 0x24e1a
core   0: 3 0x8000628c (0x24e1ad97) x27 0xa4e2028c
core   0: 0x80006290 (0xa2becc93) xori    s9, t4, -1493
core   0: 3 0x80006290 (0xa2becc93) x25 0x0000032f
core   0: 0x80006294 (0xf626b593) sltiu   a1, a3, -158
core   0: 3 0x80006294 (0xf626b593) x11 0x00000001
core   0: 0x80006298 (0x0040e8b3) or      a7, ra, tp
core   0: 3 0x80006298 (0x0040e8b3) x17 0x7db7efff
core   0: 0x8000629c (0x008b4e33) xor     t3, s6, s0
core   0: 3 0x8000629c (0x008b4e33) x28 0xfffffef8
core   0: 0x800062a0 (0x2a55fc37) lui     s8, 0x2a55f
core   0: 3 0x800062a0 (0x2a55fc37) x24 0x2a55f000
core   0: 0x800062a4 (0x0070de93) srli    t4, ra, 7
core   0: 3 0x800062a4 (0x0070de93) x29 0x006866df
core   0: 0x800062a8 (0x6a06e313) ori     t1, a3, 1696
core   0: 3 0x800062a8 (0x6a06e313) x 6 0x000006a1
core   0: 0x800062ac (0x8929b493) sltiu   s1, s3, -1902
core   0: 3 0x800062ac (0x8929b493) x 9 0x00000000
core   0: 0x800062b0 (0x409a06b3) sub     a3, s4, s1
core   0: 3 0x800062b0 (0x409a06b3) x13 0x00000000
core   0: 0x800062b4 (0x1e16c113) xori    sp, a3, 481
core   0: 3 0x800062b4 (0x1e16c113) x 2 0x000001e1
core   0: 0x800062b8 (0x01881b33) sll     s6, a6, s8
core   0: 3 0x800062b8 (0x01881b33) x22 0xfb274ef9
core   0: 0x800062bc (0x40e35693) srai    a3, t1, 14
core   0: 3 0x800062bc (0x40e35693) x13 0x00000000
core   0: 0x800062c0 (0x27ede9b7) lui     s3, 0x27ede
core   0: 3 0x800062c0 (0x27ede9b7) x19 0x27ede000
core   0: 0x800062c4 (0x016900b3) add     ra, s2, s6
core   0: 3 0x800062c4 (0x016900b3) x 1 0xaf5bcd5d
core   0: 0x800062c8 (0xb47d0913) addi    s2, s10, -1209
core   0: 3 0x800062c8 (0xb47d0913) x18 0xfffff981
core   0: 0x800062cc (0x40f2d433) sra     s0, t0, a5
core   0: 3 0x800062cc (0x40f2d433) x 8 0x00000000
core   0: 0x800062d0 (0x01aed593) srli    a1, t4, 26
core   0: 3 0x800062d0 (0x01aed593) x11 0x00000000
core   0: 0x800062d4 (0x0125a9b3) slt     s3, a1, s2
core   0: 3 0x800062d4 (0x0125a9b3) x19 0x00000000
core   0: 0x800062d8 (0x016f73b3) and     t2, t5, s6
core   0: 3 0x800062d8 (0x016f73b3) x 7 0x03030271
core   0: 0x800062dc (0x03760413) addi    s0, a2, 55
core   0: 3 0x800062dc (0x03760413) x 8 0x00000037
core   0: 0x800062e0 (0x0b793f13) sltiu   t5, s2, 183
core   0: 3 0x800062e0 (0x0b793f13) x30 0x00000000
core   0: 0x800062e4 (0xefc3c317) auipc   t1, 0xefc3c
core   0: 3 0x800062e4 (0xefc3c317) x 6 0x6fc422e4
core   0: 0x800062e8 (0x01070f33) add     t5, a4, a6
core   0: 3 0x800062e8 (0x01070f33) x30 0x7b285d5d
core   0: 0x800062ec (0x006d5533) srl     a0, s10, t1
core   0: 3 0x800062ec (0x006d5533) x10 0x0fffffe3
core   0: 0x800062f0 (0x00000013) nop
core   0: 3 0x800062f0 (0x00000013)
core   0: 0x800062f4 (0x1e5b6193) ori     gp, s6, 485
core   0: 3 0x800062f4 (0x1e5b6193) x 3 0xfb274ffd
core   0: 0x800062f8 (0xa84a3993) sltiu   s3, s4, -1404
core   0: 3 0x800062f8 (0xa84a3993) x19 0x00000001
core   0: 0x800062fc (0x40125f13) srai    t5, tp, 1
core   0: 3 0x800062fc (0x40125f13) x30 0x36dbc06c
core   0: 0x80006300 (0x4136da93) srai    s5, a3, 19
core   0: 3 0x80006300 (0x4136da93) x21 0x00000000
core   0: 0x80006304 (0x9f20f917) auipc   s2, 0x9f20f
core   0: 3 0x80006304 (0x9f20f917) x18 0x1f215304
core   0: 0x80006308 (0x0164dc13) srli    s8, s1, 22
core   0: 3 0x80006308 (0x0164dc13) x24 0x00000000
core   0: 0x8000630c (0x4192d593) srai    a1, t0, 25
core   0: 3 0x8000630c (0x4192d593) x11 0x00000000
core   0: 0x80006310 (0xdef7ef13) ori     t5, a5, -529
core   0: 3 0x80006310 (0xdef7ef13) x30 0xffffffff
core   0: 0x80006314 (0x00000013) nop
core   0: 3 0x80006314 (0x00000013)
core   0: 0x80006318 (0x01981db3) sll     s11, a6, s9
core   0: 3 0x80006318 (0x01981db3) x27 0xa77c8000
core   0: 0x8000631c (0xc82f2d93) slti    s11, t5, -894
core   0: 3 0x8000631c (0xc82f2d93) x27 0x00000000
core   0: 0x80006320 (0x7fa40d13) addi    s10, s0, 2042
core   0: 3 0x80006320 (0x7fa40d13) x26 0x00000831
core   0: 0x80006324 (0xe620d697) auipc   a3, 0xe620d
core   0: 3 0x80006324 (0xe620d697) x13 0x66213324
core   0: 0x80006328 (0x380a9a97) auipc   s5, 0x380a9
core   0: 3 0x80006328 (0x380a9a97) x21 0xb80af328
core   0: 0x8000632c (0x7a53b513) sltiu   a0, t2, 1957
core   0: 3 0x8000632c (0x7a53b513) x10 0x00000000
core   0: 0x80006330 (0x6cdffd13) andi    s10, t6, 1741
core   0: 3 0x80006330 (0x6cdffd13) x26 0x000004c4
core   0: 0x80006334 (0x01269193) slli    gp, a3, 18
core   0: 3 0x80006334 (0x01269193) x 3 0xcc900000
core   0: 0x80006338 (0x01daf933) and     s2, s5, t4
core   0: 3 0x80006338 (0x01daf933) x18 0x00086208
core   0: 0x8000633c (0x36330437) lui     s0, 0x36330
core   0: 3 0x8000633c (0x36330437) x 8 0x36330000
core   0: 0x80006340 (0x5920f513) andi    a0, ra, 1426
core   0: 3 0x80006340 (0x5920f513) x10 0x00000510
core   0: 0x80006344 (0x40ce5133) sra     sp, t3, a2
core   0: 3 0x80006344 (0x40ce5133) x 2 0xfffffef8
core   0: 0x80006348 (0x41a8d6b3) sra     a3, a7, s10
core   0: 3 0x80006348 (0x41a8d6b3) x13 0x07db7eff
core   0: 0x8000634c (0x0193c533) xor     a0, t2, s9
core   0: 3 0x8000634c (0x0193c533) x10 0x0303015e
core   0: 0x80006350 (0x42c83e93) sltiu   t4, a6, 1068
core   0: 3 0x80006350 (0x42c83e93) x29 0x00000000
core   0: 0x80006354 (0x01a8e433) or      s0, a7, s10
core   0: 3 0x80006354 (0x01a8e433) x 8 0x7db7efff
core   0: 0x80006358 (0x01fa5d13) srli    s10, s4, 31
core   0: 3 0x80006358 (0x01fa5d13) x26 0x00000000
core   0: 0x8000635c (0x00000013) nop
core   0: 3 0x8000635c (0x00000013)
core   0: 0x80006360 (0x49bc2813) slti    a6, s8, 1179
core   0: 3 0x80006360 (0x49bc2813) x16 0x00000001
core   0: 0x80006364 (0xbbd9a6b7) lui     a3, 0xbbd9a
core   0: 3 0x80006364 (0xbbd9a6b7) x13 0xbbd9a000
core   0: 0x80006368 (0x005676b3) and     a3, a2, t0
core   0: 3 0x80006368 (0x005676b3) x13 0x00000000
core   0: 0x8000636c (0x40fc5893) srai    a7, s8, 15
core   0: 3 0x8000636c (0x40fc5893) x17 0x00000000
core   0: 0x80006370 (0x00f22db3) slt     s11, tp, a5
core   0: 3 0x80006370 (0x00f22db3) x27 0x00000000
core   0: 0x80006374 (0x0101f0b3) and     ra, gp, a6
core   0: 3 0x80006374 (0x0101f0b3) x 1 0x00000000
core   0: 0x80006378 (0x0367e993) ori     s3, a5, 54
core   0: 3 0x80006378 (0x0367e993) x19 0xff4e9b7e
core   0: 0x8000637c (0x0090d293) srli    t0, ra, 9
core   0: 3 0x8000637c (0x0090d293) x 5 0x00000000
core   0: 0x80006380 (0x55f6e693) ori     a3, a3, 1375
core   0: 3 0x80006380 (0x55f6e693) x13 0x0000055f
core   0: 0x80006384 (0x3695e893) ori     a7, a1, 873
core   0: 3 0x80006384 (0x3695e893) x17 0x00000369
core   0: 0x80006388 (0x00000013) nop
core   0: 3 0x80006388 (0x00000013)
core   0: 0x8000638c (0x00b061b3) or      gp, zero, a1
core   0: 3 0x8000638c (0x00b061b3) x 3 0x00000000
core   0: 0x80006390 (0x017f2f33) slt     t5, t5, s7
core   0: 3 0x80006390 (0x017f2f33) x30 0x00000000
core   0: 0x80006394 (0x00611a33) sll     s4, sp, t1
core   0: 3 0x80006394 (0x00611a33) x20 0xffffef80
core   0: 0x80006398 (0x79767037) lui     zero, 0x79767
core   0: 3 0x80006398 (0x79767037)
core   0: 0x8000639c (0xb0a43413) sltiu   s0, s0, -1270
core   0: 3 0x8000639c (0xb0a43413) x 8 0x00000001
core   0: 0x800063a0 (0x010c9013) slli    zero, s9, 16
core   0: 3 0x800063a0 (0x010c9013)
core   0: 0x800063a4 (0x004dd3b3) srl     t2, s11, tp
core   0: 3 0x800063a4 (0x004dd3b3) x 7 0x00000000
core   0: 0x800063a8 (0x974ca013) slti    zero, s9, -1676
core   0: 3 0x800063a8 (0x974ca013)
core   0: 0x800063ac (0x70be3393) sltiu   t2, t3, 1803
core   0: 3 0x800063ac (0x70be3393) x 7 0x00000000
core   0: 0x800063b0 (0x01902db3) slt     s11, zero, s9
core   0: 3 0x800063b0 (0x01902db3) x27 0x00000001
core   0: 0x800063b4 (0xdd332513) slti    a0, t1, -557
core   0: 3 0x800063b4 (0xdd332513) x10 0x00000000
core   0: 0x800063b8 (0x00981933) sll     s2, a6, s1
core   0: 3 0x800063b8 (0x00981933) x18 0x00000001
core   0: 0x800063bc (0x00cadc33) srl     s8, s5, a2
core   0: 3 0x800063bc (0x00cadc33) x24 0xb80af328
core   0: 0x800063c0 (0x01fac3b3) xor     t2, s5, t6
core   0: 3 0x800063c0 (0x01fac3b3) x 7 0x380bbfcc
core   0: 0x800063c4 (0x00000013) nop
core   0: 3 0x800063c4 (0x00000013)
core   0: 0x800063c8 (0x01485193) srli    gp, a6, 20
core   0: 3 0x800063c8 (0x01485193) x 3 0x00000000
core   0: 0x800063cc (0x00028f33) add     t5, t0, zero
core   0: 3 0x800063cc (0x00028f33) x30 0x00000000
core   0: 0x800063d0 (0xf3460e93) addi    t4, a2, -204
core   0: 3 0x800063d0 (0xf3460e93) x29 0xffffff34
core   0: 0x800063d4 (0x7d1b3137) lui     sp, 0x7d1b3
core   0: 3 0x800063d4 (0x7d1b3137) x 2 0x7d1b3000
core   0: 0x800063d8 (0xaeb20d93) addi    s11, tp, -1301
core   0: 3 0x800063d8 (0xaeb20d93) x27 0x6db77bc3
core   0: 0x800063dc (0x2431f413) andi    s0, gp, 579
core   0: 3 0x800063dc (0x2431f413) x 8 0x00000000
core   0: 0x800063e0 (0x0023a433) slt     s0, t2, sp
core   0: 3 0x800063e0 (0x0023a433) x 8 0x00000001
core   0: 0x800063e4 (0x714f8c93) addi    s9, t6, 1812
core   0: 3 0x800063e4 (0x714f8c93) x25 0x800153f8
core   0: 0x800063e8 (0x00691f13) slli    t5, s2, 6
core   0: 3 0x800063e8 (0x00691f13) x30 0x00000040
core   0: 0x800063ec (0x00d69433) sll     s0, a3, a3
core   0: 3 0x800063ec (0x00d69433) x 8 0x80000000
core   0: 0x800063f0 (0x000f1ab3) sll     s5, t5, zero
core   0: 3 0x800063f0 (0x000f1ab3) x21 0x00000040
core   0: 0x800063f4 (0xb71f0613) addi    a2, t5, -1167
core   0: 3 0x800063f4 (0xb71f0613) x12 0xfffffbb1
core   0: 0x800063f8 (0x252fef13) ori     t5, t6, 594
core   0: 3 0x800063f8 (0x252fef13) x30 0x80014ef6
core   0: 0x800063fc (0x7788a613) slti    a2, a7, 1912
core   0: 3 0x800063fc (0x7788a613) x12 0x00000001
core   0: 0x80006400 (0x01ef91b3) sll     gp, t6, t5
core   0: 3 0x80006400 (0x01ef91b3) x 3 0x39000000
core   0: 0x80006404 (0xadee0493) addi    s1, t3, -1314
core   0: 3 0x80006404 (0xadee0493) x 9 0xfffff9d6
core   0: 0x80006408 (0xe8d3c213) xori    tp, t2, -371
core   0: 3 0x80006408 (0xe8d3c213) x 4 0xc7f44141
core   0: 0x8000640c (0xf1214393) xori    t2, sp, -238
core   0: 3 0x8000640c (0xf1214393) x 7 0x82e4cf12
core   0: 0x80006410 (0xc79d0b13) addi    s6, s10, -903
core   0: 3 0x80006410 (0xc79d0b13) x22 0xfffffc79
core   0: 0x80006414 (0xb030f913) andi    s2, ra, -1277
core   0: 3 0x80006414 (0xb030f913) x18 0x00000000
core   0: 0x80006418 (0x417b03b3) sub     t2, s6, s7
core   0: 3 0x80006418 (0x417b03b3) x 7 0x0403fc79
core   0: 0x8000641c (0x0166dcb3) srl     s9, a3, s6
core   0: 3 0x8000641c (0x0166dcb3) x25 0x00000000
core   0: 0x80006420 (0x014782b3) add     t0, a5, s4
core   0: 3 0x80006420 (0x014782b3) x 5 0xff4e8afe
core   0: 0x80006424 (0x00000013) nop
core   0: 3 0x80006424 (0x00000013)
core   0: 0x80006428 (0x00000013) nop
core   0: 3 0x80006428 (0x00000013)
core   0: 0x8000642c (0x01439eb3) sll     t4, t2, s4
core   0: 3 0x8000642c (0x01439eb3) x29 0x0403fc79
core   0: 0x80006430 (0x00cde133) or      sp, s11, a2
core   0: 3 0x80006430 (0x00cde133) x 2 0x6db77bc3
core   0: 0x80006434 (0x016b9ab3) sll     s5, s7, s6
core   0: 3 0x80006434 (0x016b9ab3) x21 0x00000000
core   0: 0x80006438 (0x40a35233) sra     tp, t1, a0
core   0: 3 0x80006438 (0x40a35233) x 4 0x6fc422e4
core   0: 0x8000643c (0x1cd33f13) sltiu   t5, t1, 461
core   0: 3 0x8000643c (0x1cd33f13) x30 0x00000000
core   0: 0x80006440 (0xc6cf7617) auipc   a2, 0xc6cf7
core   0: 3 0x80006440 (0xc6cf7617) x12 0x46cfd440
core   0: 0x80006444 (0x0122c1b3) xor     gp, t0, s2
core   0: 3 0x80006444 (0x0122c1b3) x 3 0xff4e8afe
core   0: 0x80006448 (0x01708b33) add     s6, ra, s7
core   0: 3 0x80006448 (0x01708b33) x22 0xfbfc0000
core   0: 0x8000644c (0x00732eb3) slt     t4, t1, t2
core   0: 3 0x8000644c (0x00732eb3) x29 0x00000000
core   0: 0x80006450 (0x0108c433) xor     s0, a7, a6
core   0: 3 0x80006450 (0x0108c433) x 8 0x00000368
core   0: 0x80006454 (0x33d7ee13) ori     t3, a5, 829
core   0: 3 0x80006454 (0x33d7ee13) x28 0xff4e9b7f
core   0: 0x80006458 (0xbee0e593) ori     a1, ra, -1042
core   0: 3 0x80006458 (0xbee0e593) x11 0xfffffbee
core   0: 0x8000645c (0x005bb633) sltu    a2, s7, t0
core   0: 3 0x8000645c (0x005bb633) x12 0x00000001
core   0: 0x80006460 (0x0147feb3) and     t4, a5, s4
core   0: 3 0x80006460 (0x0147feb3) x29 0xff4e8b00
core   0: 0x80006464 (0xe2fe9e37) lui     t3, 0xe2fe9
core   0: 3 0x80006464 (0xe2fe9e37) x28 0xe2fe9000
core   0: 0x80006468 (0x01f59133) sll     sp, a1, t6
core   0: 3 0x80006468 (0x01f59133) x 2 0xffffbee0
core   0: 0x8000646c (0x79212c93) slti    s9, sp, 1938
core   0: 3 0x8000646c (0x79212c93) x25 0x00000001
core   0: 0x80006470 (0x012ad593) srli    a1, s5, 18
core   0: 3 0x80006470 (0x012ad593) x11 0x00000000
core   0: 0x80006474 (0x00919413) slli    s0, gp, 9
core   0: 3 0x80006474 (0x00919413) x 8 0x9d15fc00
core   0: 0x80006478 (0x0138e9b3) or      s3, a7, s3
core   0: 3 0x80006478 (0x0138e9b3) x19 0xff4e9b7f
core   0: 0x8000647c (0x01788633) add     a2, a7, s7
core   0: 3 0x8000647c (0x01788633) x12 0xfbfc0369
core   0: 0x80006480 (0x7abb1f37) lui     t5, 0x7abb1
core   0: 3 0x80006480 (0x7abb1f37) x30 0x7abb1000
core   0: 0x80006484 (0x010e9bb3) sll     s7, t4, a6
core   0: 3 0x80006484 (0x010e9bb3) x23 0xfe9d1600
core   0: 0x80006488 (0x00c4e6b3) or      a3, s1, a2
core   0: 3 0x80006488 (0x00c4e6b3) x13 0xfffffbff
core   0: 0x8000648c (0x01946f33) or      t5, s0, s9
core   0: 3 0x8000648c (0x01946f33) x30 0x9d15fc01
core   0: 0x80006490 (0xe8da2013) slti    zero, s4, -371
core   0: 3 0x80006490 (0xe8da2013)
core   0: 0x80006494 (0xf3693113) sltiu   sp, s2, -202
core   0: 3 0x80006494 (0xf3693113) x 2 0x00000001
core   0: 0x80006498 (0x6e1a4c93) xori    s9, s4, 1761
core   0: 3 0x80006498 (0x6e1a4c93) x25 0xffffe961
core   0: 0x8000649c (0x00810533) add     a0, sp, s0
core   0: 3 0x8000649c (0x00810533) x10 0x9d15fc01
core   0: 0x800064a0 (0x0100d433) srl     s0, ra, a6
core   0: 3 0x800064a0 (0x0100d433) x 8 0x00000000
core   0: 0x800064a4 (0x9b168537) lui     a0, 0x9b168
core   0: 3 0x800064a4 (0x9b168537) x10 0x9b168000
core   0: 0x800064a8 (0x1ac14193) xori    gp, sp, 428
core   0: 3 0x800064a8 (0x1ac14193) x 3 0x000001ad
core   0: 0x800064ac (0x0163d993) srli    s3, t2, 22
core   0: 3 0x800064ac (0x0163d993) x19 0x00000010
core   0: 0x800064b0 (0x4052de93) srai    t4, t0, 5
core   0: 3 0x800064b0 (0x4052de93) x29 0xfffa7457
core   0: 0x800064b4 (0x0654fe93) andi    t4, s1, 101
core   0: 3 0x800064b4 (0x0654fe93) x29 0x00000044
core   0: 0x800064b8 (0x01f916b3) sll     a3, s2, t6
core   0: 3 0x800064b8 (0x01f916b3) x13 0x00000000
core   0: 0x800064bc (0xbab6b693) sltiu   a3, a3, -1109
core   0: 3 0x800064bc (0xbab6b693) x13 0x00000001
core   0: 0x800064c0 (0x98ec1037) lui     zero, 0x98ec1
core   0: 3 0x800064c0 (0x98ec1037)
core   0: 0x800064c4 (0x000fbcb3) sltu    s9, t6, zero
core   0: 3 0x800064c4 (0x000fbcb3) x25 0x00000000
core   0: 0x800064c8 (0x00328eb3) add     t4, t0, gp
core   0: 3 0x800064c8 (0x00328eb3) x29 0xff4e8cab
core   0: 0x800064cc (0x0054c433) xor     s0, s1, t0
core   0: 3 0x800064cc (0x0054c433) x 8 0x00b17328
core   0: 0x800064d0 (0x00451e13) slli    t3, a0, 4
core   0: 3 0x800064d0 (0x00451e13) x28 0xb1680000
core   0: 0x800064d4 (0x01fd6933) or      s2, s10, t6
core   0: 3 0x800064d4 (0x01fd6933) x18 0x80014ce4
core   0: 0x800064d8 (0x0152dcb3) srl     s9, t0, s5
core   0: 3 0x800064d8 (0x0152dcb3) x25 0xff4e8afe
core   0: 0x800064dc (0x0110f433) and     s0, ra, a7
core   0: 3 0x800064dc (0x0110f433) x 8 0x00000000
core   0: 0x800064e0 (0x48a80a17) auipc   s4, 0x48a80
core   0: 3 0x800064e0 (0x48a80a17) x20 0xc8a864e0
core   0: 0x800064e4 (0xf0abbd93) sltiu   s11, s7, -246
core   0: 3 0x800064e4 (0xf0abbd93) x27 0x00000001
core   0: 0x800064e8 (0x004f9bb3) sll     s7, t6, tp
core   0: 3 0x800064e8 (0x004f9bb3) x23 0x0014ce40
core   0: 0x800064ec (0x01ced493) srli    s1, t4, 28
core   0: 3 0x800064ec (0x01ced493) x 9 0x0000000f
core   0: 0x800064f0 (0x00cad033) srl     zero, s5, a2
core   0: 3 0x800064f0 (0x00cad033)
core   0: 0x800064f4 (0x014060b3) or      ra, zero, s4
core   0: 3 0x800064f4 (0x014060b3) x 1 0xc8a864e0
core   0: 0x800064f8 (0x01cd23b3) slt     t2, s10, t3
core   0: 3 0x800064f8 (0x01cd23b3) x 7 0x00000000
core   0: 0x800064fc (0x00000013) nop
core   0: 3 0x800064fc (0x00000013)
core   0: 0x80006500 (0xfc25f697) auipc   a3, 0xfc25f
core   0: 3 0x80006500 (0xfc25f697) x13 0x7c265500
core   0: 0x80006504 (0x00309533) sll     a0, ra, gp
core   0: 3 0x80006504 (0x00309533) x10 0x0c9c0000
core   0: 0x80006508 (0x00581eb3) sll     t4, a6, t0
core   0: 3 0x80006508 (0x00581eb3) x29 0x40000000
core   0: 0x8000650c (0x000080b3) add     ra, ra, zero
core   0: 3 0x8000650c (0x000080b3) x 1 0xc8a864e0
core   0: 0x80006510 (0x5e040837) lui     a6, 0x5e040
core   0: 3 0x80006510 (0x5e040837) x16 0x5e040000
core   0: 0x80006514 (0x04eac213) xori    tp, s5, 78
core   0: 3 0x80006514 (0x04eac213) x 4 0x0000004e
core   0: 0x80006518 (0x00d91bb3) sll     s7, s2, a3
core   0: 3 0x80006518 (0x00d91bb3) x23 0x80014ce4
core   0: 0x8000651c (0x41b6df13) srai    t5, a3, 27
core   0: 3 0x8000651c (0x41b6df13) x30 0x0000000f
core   0: 0x80006520 (0x40265093) srai    ra, a2, 2
core   0: 3 0x80006520 (0x40265093) x 1 0xfeff00da
core   0: 0x80006524 (0x015ef933) and     s2, t4, s5
core   0: 3 0x80006524 (0x015ef933) x18 0x00000000
core   0: 0x80006528 (0x0078d9b3) srl     s3, a7, t2
core   0: 3 0x80006528 (0x0078d9b3) x19 0x00000369
core   0: 0x8000652c (0x591ccc93) xori    s9, s9, 1425
core   0: 3 0x8000652c (0x591ccc93) x25 0xff4e8f6f
core   0: 0x80006530 (0x00000013) nop
core   0: 3 0x80006530 (0x00000013)
core   0: 0x80006534 (0x00448833) add     a6, s1, tp
core   0: 3 0x80006534 (0x00448833) x16 0x0000005d
core   0: 0x80006538 (0x00e21db3) sll     s11, tp, a4
core   0: 3 0x80006538 (0x00e21db3) x27 0x000004e0
core   0: 0x8000653c (0x00000013) nop
core   0: 3 0x8000653c (0x00000013)
core   0: 0x80006540 (0x007d3c33) sltu    s8, s10, t2
core   0: 3 0x80006540 (0x007d3c33) x24 0x00000000
core   0: 0x80006544 (0x40d75813) srai    a6, a4, 13
core   0: 3 0x80006544 (0x40d75813) x16 0xfffc0008
core   0: 0x80006548 (0x00000013) nop
core   0: 3 0x80006548 (0x00000013)
core   0: 0x8000654c (0x04a9b893) sltiu   a7, s3, 74
core   0: 3 0x8000654c (0x04a9b893) x17 0x00000000
core   0: 0x80006550 (0x58f7cc13) xori    s8, a5, 1423
core   0: 3 0x80006550 (0x58f7cc13) x24 0xff4e9ef1
core   0: 0x80006554 (0x00a0e033) or      zero, ra, a0
core   0: 3 0x80006554 (0x00a0e033)
core   0: 0x80006558 (0x8dfd65b7) lui     a1, 0x8dfd6
core   0: 3 0x80006558 (0x8dfd65b7) x11 0x8dfd6000
core   0: 0x8000655c (0x4bd2ea13) ori     s4, t0, 1213
core   0: 3 0x8000655c (0x4bd2ea13) x20 0xff4e8eff
core   0: 0x80006560 (0x01f4a0b3) slt     ra, s1, t6
core   0: 3 0x80006560 (0x01f4a0b3) x 1 0x00000000
core   0: 0x80006564 (0x4157d933) sra     s2, a5, s5
core   0: 3 0x80006564 (0x4157d933) x18 0xff4e9b7e
core   0: 0x80006568 (0x01fea8b3) slt     a7, t4, t6
core   0: 3 0x80006568 (0x01fea8b3) x17 0x00000000
core   0: 0x8000656c (0x002d19b3) sll     s3, s10, sp
core   0: 3 0x8000656c (0x002d19b3) x19 0x00000000
core   0: 0x80006570 (0x581ae513) ori     a0, s5, 1409
core   0: 3 0x80006570 (0x581ae513) x10 0x00000581
core   0: 0x80006574 (0x2952a537) lui     a0, 0x2952a
core   0: 3 0x80006574 (0x2952a537) x10 0x2952a000
core   0: 0x80006578 (0xa6c48693) addi    a3, s1, -1428
core   0: 3 0x80006578 (0xa6c48693) x13 0xfffffa7b
core   0: 0x8000657c (0x00838f33) add     t5, t2, s0
core   0: 3 0x8000657c (0x00838f33) x30 0x00000000
core   0: 0x80006580 (0x41ba80b3) sub     ra, s5, s11
core   0: 3 0x80006580 (0x41ba80b3) x 1 0xfffffb20
core   0: 0x80006584 (0x407a00b3) sub     ra, s4, t2
core   0: 3 0x80006584 (0x407a00b3) x 1 0xff4e8eff
core   0: 0x80006588 (0x01c99533) sll     a0, s3, t3
core   0: 3 0x80006588 (0x01c99533) x10 0x00000000
core   0: 0x8000658c (0x00000013) nop
core   0: 3 0x8000658c (0x00000013)
core   0: 0x80006590 (0x011c4f33) xor     t5, s8, a7
core   0: 3 0x80006590 (0x011c4f33) x30 0xff4e9ef1
core   0: 0x80006594 (0x00000013) nop
core   0: 3 0x80006594 (0x00000013)
core   0: 0x80006598 (0x00000013) nop
core   0: 3 0x80006598 (0x00000013)
core   0: 0x8000659c (0x00eb9513) slli    a0, s7, 14
core   0: 3 0x8000659c (0x00eb9513) x10 0x53390000
core   0: 0x800065a0 (0x04000993) li      s3, 64
core   0: 3 0x800065a0 (0x04000993) x19 0x00000040
core   0: 0x800065a4 (0x408884b3) sub     s1, a7, s0
core   0: 3 0x800065a4 (0x408884b3) x 9 0x00000000
core   0: 0x800065a8 (0x00000013) nop
core   0: 3 0x800065a8 (0x00000013)
core   0: 0x800065ac (0x01f77eb3) and     t4, a4, t6
core   0: 3 0x800065ac (0x01f77eb3) x29 0x80010c64
core   0: 0x800065b0 (0x00565b13) srli    s6, a2, 5
core   0: 3 0x800065b0 (0x00565b13) x22 0x07dfe01b
core   0: 0x800065b4 (0x006fdf13) srli    t5, t6, 6
core   0: 3 0x800065b4 (0x006fdf13) x30 0x02000533
core   0: 0x800065b8 (0xaceb2e13) slti    t3, s6, -1330
core   0: 3 0x800065b8 (0xaceb2e13) x28 0x00000000
core   0: 0x800065bc (0x00000013) nop
core   0: 3 0x800065bc (0x00000013)
core   0: 0x800065c0 (0x006cc033) xor     zero, s9, t1
core   0: 3 0x800065c0 (0x006cc033)
core   0: 0x800065c4 (0xcf362513) slti    a0, a2, -781
core   0: 3 0x800065c4 (0xcf362513) x10 0x00000001
core   0: 0x800065c8 (0xaef86893) ori     a7, a6, -1297
core   0: 3 0x800065c8 (0xaef86893) x17 0xfffffaef
core   0: 0x800065cc (0xcf186a93) ori     s5, a6, -783
core   0: 3 0x800065cc (0xcf186a93) x21 0xfffffcf9
core   0: 0x800065d0 (0x788dcc13) xori    s8, s11, 1928
core   0: 3 0x800065d0 (0x788dcc13) x24 0x00000368
core   0: 0x800065d4 (0x01e64ab3) xor     s5, a2, t5
core   0: 3 0x800065d4 (0x01e64ab3) x21 0xf9fc065a
core   0: 0x800065d8 (0x8ef12c93) slti    s9, sp, -1809
core   0: 3 0x800065d8 (0x8ef12c93) x25 0x00000000
core   0: 0x800065dc (0x005fa833) slt     a6, t6, t0
core   0: 3 0x800065dc (0x005fa833) x16 0x00000001
core   0: 0x800065e0 (0x00b43d33) sltu    s10, s0, a1
core   0: 3 0x800065e0 (0x00b43d33) x26 0x00000001
core   0: 0x800065e4 (0x0070f4b3) and     s1, ra, t2
core   0: 3 0x800065e4 (0x0070f4b3) x 9 0x00000000
core   0: 0x800065e8 (0xad7514b7) lui     s1, 0xad751
core   0: 3 0x800065e8 (0xad7514b7) x 9 0xad751000
core   0: 0x800065ec (0x00e77933) and     s2, a4, a4
core   0: 3 0x800065ec (0x00e77933) x18 0x80010e64
core   0: 0x800065f0 (0x68cb3813) sltiu   a6, s6, 1676
core   0: 3 0x800065f0 (0x68cb3813) x16 0x00000000
core   0: 0x800065f4 (0xb3386593) ori     a1, a6, -1229
core   0: 3 0x800065f4 (0xb3386593) x11 0xfffffb33
core   0: 0x800065f8 (0x00c38013) addi    zero, t2, 12
core   0: 3 0x800065f8 (0x00c38013)
core   0: 0x800065fc (0x013b1a13) slli    s4, s6, 19
core   0: 3 0x800065fc (0x013b1a13) x20 0x00d80000
core   0: 0x80006600 (0x71de4b93) xori    s7, t3, 1821
core   0: 3 0x80006600 (0x71de4b93) x23 0x0000071d
core   0: 0x80006604 (0x003566b3) or      a3, a0, gp
core   0: 3 0x80006604 (0x003566b3) x13 0x000001ad
core   0: 0x80006608 (0x80b3fc13) andi    s8, t2, -2037
core   0: 3 0x80006608 (0x80b3fc13) x24 0x00000000
core   0: 0x8000660c (0x007b7f33) and     t5, s6, t2
core   0: 3 0x8000660c (0x007b7f33) x30 0x00000000
core   0: 0x80006610 (0x002d1ab3) sll     s5, s10, sp
core   0: 3 0x80006610 (0x002d1ab3) x21 0x00000002
core   0: 0x80006614 (0x770d4893) xori    a7, s10, 1904
core   0: 3 0x80006614 (0x770d4893) x17 0x00000771
core   0: 0x80006618 (0x00000013) nop
core   0: 3 0x80006618 (0x00000013)
core   0: 0x8000661c (0x00361693) slli    a3, a2, 3
core   0: 3 0x8000661c (0x00361693) x13 0xdfe01b48
core   0: 0x80006620 (0xb7940593) addi    a1, s0, -1159
core   0: 3 0x80006620 (0xb7940593) x11 0xfffffb79
core   0: 0x80006624 (0x40f2d193) srai    gp, t0, 15
core   0: 3 0x80006624 (0x40f2d193) x 3 0xfffffe9d
core   0: 0x80006628 (0x8c21cd13) xori    s10, gp, -1854
core   0: 3 0x80006628 (0x8c21cd13) x26 0x0000065f
core   0: 0x8000662c (0x663e8097) auipc   ra, 0x663e8
core   0: 3 0x8000662c (0x663e8097) x 1 0xe63ee62c
core   0: 0x80006630 (0x0f36c317) auipc   t1, 0xf36c
core   0: 3 0x80006630 (0x0f36c317) x 6 0x8f372630
core   0: 0x80006634 (0xb2816613) ori     a2, sp, -1240
core   0: 3 0x80006634 (0xb2816613) x12 0xfffffb29
core   0: 0x80006638 (0x016cf9b3) and     s3, s9, s6
core   0: 3 0x80006638 (0x016cf9b3) x19 0x00000000
core   0: 0x8000663c (0x002686b3) add     a3, a3, sp
core   0: 3 0x8000663c (0x002686b3) x13 0xdfe01b49
core   0: 0x80006640 (0xd469cb13) xori    s6, s3, -698
core   0: 3 0x80006640 (0xd469cb13) x22 0xfffffd46
core   0: 0x80006644 (0x39cc8913) addi    s2, s9, 924
core   0: 3 0x80006644 (0x39cc8913) x18 0x0000039c
core   0: 0x80006648 (0x00b79b13) slli    s6, a5, 11
core   0: 3 0x80006648 (0x00b79b13) x22 0x74dbf000
core   0: 0x8000664c (0x0030a933) slt     s2, ra, gp
core   0: 3 0x8000664c (0x0030a933) x18 0x00000001
core   0: 0x80006650 (0x34f40813) addi    a6, s0, 847
core   0: 3 0x80006650 (0x34f40813) x16 0x0000034f
core   0: 0x80006654 (0xa9314693) xori    a3, sp, -1389
core   0: 3 0x80006654 (0xa9314693) x13 0xfffffa92
core   0: 0x80006658 (0x005a5a33) srl     s4, s4, t0
core   0: 3 0x80006658 (0x005a5a33) x20 0x00000000
core   0: 0x8000665c (0x004d88b3) add     a7, s11, tp
core   0: 3 0x8000665c (0x004d88b3) x17 0x0000052e
core   0: 0x80006660 (0xfcf12617) auipc   a2, 0xfcf12
core   0: 3 0x80006660 (0xfcf12617) x12 0x7cf18660
core   0: 0x80006664 (0x001fde93) srli    t4, t6, 1
core   0: 3 0x80006664 (0x001fde93) x29 0x4000a672
core   0: 0x80006668 (0x0196a333) slt     t1, a3, s9
core   0: 3 0x80006668 (0x0196a333) x 6 0x00000001
core   0: 0x8000666c (0x8dac3913) sltiu   s2, s8, -1830
core   0: 3 0x8000666c (0x8dac3913) x18 0x00000001
core   0: 0x80006670 (0x013d9033) sll     zero, s11, s3
core   0: 3 0x80006670 (0x013d9033)
core   0: 0x80006674 (0xa6ea8d13) addi    s10, s5, -1426
core   0: 3 0x80006674 (0xa6ea8d13) x26 0xfffffa70
core   0: 0x80006678 (0x41068bb3) sub     s7, a3, a6
core   0: 3 0x80006678 (0x41068bb3) x23 0xfffff743
core   0: 0x8000667c (0x011a7233) and     tp, s4, a7
core   0: 3 0x8000667c (0x011a7233) x 4 0x00000000
core   0: 0x80006680 (0xe0c18593) addi    a1, gp, -500
core   0: 3 0x80006680 (0xe0c18593) x11 0xfffffca9
core   0: 0x80006684 (0x40960533) sub     a0, a2, s1
core   0: 3 0x80006684 (0x40960533) x10 0xcf7c7660
core   0: 0x80006688 (0x9305b593) sltiu   a1, a1, -1744
core   0: 3 0x80006688 (0x9305b593) x11 0x00000000
core   0: 0x8000668c (0x17913b13) sltiu   s6, sp, 377
core   0: 3 0x8000668c (0x17913b13) x22 0x00000001
core   0: 0x80006690 (0x004a4533) xor     a0, s4, tp
core   0: 3 0x80006690 (0x004a4533) x10 0x00000000
core   0: 0x80006694 (0xe4500c13) li      s8, -443
core   0: 3 0x80006694 (0xe4500c13) x24 0xfffffe45
core   0: 0x80006698 (0x6de12e13) slti    t3, sp, 1758
core   0: 3 0x80006698 (0x6de12e13) x28 0x00000001
core   0: 0x8000669c (0x01625193) srli    gp, tp, 22
core   0: 3 0x8000669c (0x01625193) x 3 0x00000000
core   0: 0x800066a0 (0x017b2b33) slt     s6, s6, s7
core   0: 3 0x800066a0 (0x017b2b33) x22 0x00000000
core   0: 0x800066a4 (0x9bbf6313) ori     t1, t5, -1605
core   0: 3 0x800066a4 (0x9bbf6313) x 6 0xfffff9bb
core   0: 0x800066a8 (0x4129d333) sra     t1, s3, s2
core   0: 3 0x800066a8 (0x4129d333) x 6 0x00000000
core   0: 0x800066ac (0x00b2d9b3) srl     s3, t0, a1
core   0: 3 0x800066ac (0x00b2d9b3) x19 0xff4e8afe
core   0: 0x800066b0 (0x41228833) sub     a6, t0, s2
core   0: 3 0x800066b0 (0x41228833) x16 0xff4e8afd
core   0: 0x800066b4 (0x018bc333) xor     t1, s7, s8
core   0: 3 0x800066b4 (0x018bc333) x 6 0x00000906
core   0: 0x800066b8 (0x729dae93) slti    t4, s11, 1833
core   0: 3 0x800066b8 (0x729dae93) x29 0x00000001
core   0: 0x800066bc (0x002cd3b3) srl     t2, s9, sp
core   0: 3 0x800066bc (0x002cd3b3) x 7 0x00000000
core   0: 0x800066c0 (0x40eb0233) sub     tp, s6, a4
core   0: 3 0x800066c0 (0x40eb0233) x 4 0x7ffef19c
core   0: 0x800066c4 (0x0185acb3) slt     s9, a1, s8
core   0: 3 0x800066c4 (0x0185acb3) x25 0x00000000
core   0: 0x800066c8 (0x409a8333) sub     t1, s5, s1
core   0: 3 0x800066c8 (0x409a8333) x 6 0x528af002
core   0: 0x800066cc (0x52716a13) ori     s4, sp, 1319
core   0: 3 0x800066cc (0x52716a13) x20 0x00000527
core   0: 0x800066d0 (0x4b698293) addi    t0, s3, 1206
core   0: 3 0x800066d0 (0x4b698293) x 5 0xff4e8fb4
core   0: 0x800066d4 (0x66da8913) addi    s2, s5, 1645
core   0: 3 0x800066d4 (0x66da8913) x18 0x0000066f
core   0: 0x800066d8 (0x00954633) xor     a2, a0, s1
core   0: 3 0x800066d8 (0x00954633) x12 0xad751000
core   0: 0x800066dc (0xcfdd3d13) sltiu   s10, s10, -771
core   0: 3 0x800066dc (0xcfdd3d13) x26 0x00000001
core   0: 0x800066e0 (0x40055c33) sra     s8, a0, zero
core   0: 3 0x800066e0 (0x40055c33) x24 0x00000000
core   0: 0x800066e4 (0x014624b3) slt     s1, a2, s4
core   0: 3 0x800066e4 (0x014624b3) x 9 0x00000001
core   0: 0x800066e8 (0x9408cc13) xori    s8, a7, -1728
core   0: 3 0x800066e8 (0x9408cc13) x24 0xfffffc6e
core   0: 0x800066ec (0xa3deae93) slti    t4, t4, -1475
core   0: 3 0x800066ec (0xa3deae93) x29 0x00000000
core   0: 0x800066f0 (0x40a8d093) srai    ra, a7, 10
core   0: 3 0x800066f0 (0x40a8d093) x 1 0x00000001
core   0: 0x800066f4 (0xceed7813) andi    a6, s10, -786
core   0: 3 0x800066f4 (0xceed7813) x16 0x00000000
core   0: 0x800066f8 (0x40fb58b3) sra     a7, s6, a5
core   0: 3 0x800066f8 (0x40fb58b3) x17 0x00000000
core   0: 0x800066fc (0x638fb393) sltiu   t2, t6, 1592
core   0: 3 0x800066fc (0x638fb393) x 7 0x00000000
core   0: 0x80006700 (0x401906b3) sub     a3, s2, ra
core   0: 3 0x80006700 (0x401906b3) x13 0x0000066e
core   0: 0x80006704 (0xdca52313) slti    t1, a0, -566
core   0: 3 0x80006704 (0xdca52313) x 6 0x00000000
core   0: 0x80006708 (0x1a054c13) xori    s8, a0, 416
core   0: 3 0x80006708 (0x1a054c13) x24 0x000001a0
core   0: 0x8000670c (0x51e78e93) addi    t4, a5, 1310
core   0: 3 0x8000670c (0x51e78e93) x29 0xff4ea09c
core   0: 0x80006710 (0x40570e33) sub     t3, a4, t0
core   0: 3 0x80006710 (0x40570e33) x28 0x80b27eb0
core   0: 0x80006714 (0x0109e6b3) or      a3, s3, a6
core   0: 3 0x80006714 (0x0109e6b3) x13 0xff4e8afe
core   0: 0x80006718 (0x52abf893) andi    a7, s7, 1322
core   0: 3 0x80006718 (0x52abf893) x17 0x00000502
core   0: 0x8000671c (0x40deddb3) sra     s11, t4, a3
core   0: 3 0x8000671c (0x40deddb3) x27 0xffffffff
core   0: 0x80006720 (0x01043433) sltu    s0, s0, a6
core   0: 3 0x80006720 (0x01043433) x 8 0x00000000
core   0: 0x80006724 (0x00579b33) sll     s6, a5, t0
core   0: 3 0x80006724 (0x00579b33) x22 0xb7e00000
core   0: 0x80006728 (0x01270f33) add     t5, a4, s2
core   0: 3 0x80006728 (0x01270f33) x30 0x800114d3
core   0: 0x8000672c (0xa6474613) xori    a2, a4, -1436
core   0: 3 0x8000672c (0xa6474613) x12 0x7ffef400
core   0: 0x80006730 (0x417f59b3) sra     s3, t5, s7
core   0: 3 0x80006730 (0x417f59b3) x19 0xf000229a
core   0: 0x80006734 (0xf7acac97) auipc   s9, 0xf7aca
core   0: 3 0x80006734 (0xf7acac97) x25 0x77ad0734
core   0: 0x80006738 (0x004fb9b3) sltu    s3, t6, tp
core   0: 3 0x80006738 (0x004fb9b3) x19 0x00000000
core   0: 0x8000673c (0x0686cc13) xori    s8, a3, 104
core   0: 3 0x8000673c (0x0686cc13) x24 0xff4e8a96
core   0: 0x80006740 (0x01beb833) sltu    a6, t4, s11
core   0: 3 0x80006740 (0x01beb833) x16 0x00000001
core   0: 0x80006744 (0x00c8d533) srl     a0, a7, a2
core   0: 3 0x80006744 (0x00c8d533) x10 0x00000502
core   0: 0x80006748 (0x01111033) sll     zero, sp, a7
core   0: 3 0x80006748 (0x01111033)
core   0: 0x8000674c (0xb0f09517) auipc   a0, 0xb0f09
core   0: 3 0x8000674c (0xb0f09517) x10 0x30f0f74c
core   0: 0x80006750 (0x0144b533) sltu    a0, s1, s4
core   0: 3 0x80006750 (0x0144b533) x10 0x00000001
core   0: 0x80006754 (0x404d5993) srai    s3, s10, 4
core   0: 3 0x80006754 (0x404d5993) x19 0x00000000
core   0: 0x80006758 (0x401f5d93) srai    s11, t5, 1
core   0: 3 0x80006758 (0x401f5d93) x27 0xc0008a69
core   0: 0x8000675c (0x01889f33) sll     t5, a7, s8
core   0: 3 0x8000675c (0x01889f33) x30 0x40800000
core   0: 0x80006760 (0x01949813) slli    a6, s1, 25
core   0: 3 0x80006760 (0x01949813) x16 0x02000000
core   0: 0x80006764 (0x1ab90c13) addi    s8, s2, 427
core   0: 3 0x80006764 (0x1ab90c13) x24 0x0000081a
core   0: 0x80006768 (0x00316a33) or      s4, sp, gp
core   0: 3 0x80006768 (0x00316a33) x20 0x00000001
core   0: 0x8000676c (0x24478313) addi    t1, a5, 580
core   0: 3 0x8000676c (0x24478313) x 6 0xff4e9dc2
core   0: 0x80006770 (0x01d89013) slli    zero, a7, 29
core   0: 3 0x80006770 (0x01d89013)
core   0: 0x80006774 (0x0f333913) sltiu   s2, t1, 243
core   0: 3 0x80006774 (0x0f333913) x18 0x00000000
core   0: 0x80006778 (0x00000013) nop
core   0: 3 0x80006778 (0x00000013)
core   0: 0x8000677c (0x0181b0b3) sltu    ra, gp, s8
core   0: 3 0x8000677c (0x0181b0b3) x 1 0x00000001
core   0: 0x80006780 (0x0029de93) srli    t4, s3, 2
core   0: 3 0x80006780 (0x0029de93) x29 0x00000000
core   0: 0x80006784 (0x014cf533) and     a0, s9, s4
core   0: 3 0x80006784 (0x014cf533) x10 0x00000000
core   0: 0x80006788 (0x01fdf233) and     tp, s11, t6
core   0: 3 0x80006788 (0x01fdf233) x 4 0x80000860
core   0: 0x8000678c (0x4f536493) ori     s1, t1, 1269
core   0: 3 0x8000678c (0x4f536493) x 9 0xff4e9df7
core   0: 0x80006790 (0xc6a17213) andi    tp, sp, -918
core   0: 3 0x80006790 (0xc6a17213) x 4 0x00000000
core   0: 0x80006794 (0xc1ab0413) addi    s0, s6, -998
core   0: 3 0x80006794 (0xc1ab0413) x 8 0xb7dffc1a
core   0: 0x80006798 (0x00ea1213) slli    tp, s4, 14
core   0: 3 0x80006798 (0x00ea1213) x 4 0x00004000
core   0: 0x8000679c (0x00d842b3) xor     t0, a6, a3
core   0: 3 0x8000679c (0x00d842b3) x 5 0xfd4e8afe
core   0: 0x800067a0 (0x0107a433) slt     s0, a5, a6
core   0: 3 0x800067a0 (0x0107a433) x 8 0x00000001
core   0: 0x800067a4 (0x40bc5a33) sra     s4, s8, a1
core   0: 3 0x800067a4 (0x40bc5a33) x20 0x0000081a
core   0: 0x800067a8 (0x00d7a133) slt     sp, a5, a3
core   0: 3 0x800067a8 (0x00d7a133) x 2 0x00000000
core   0: 0x800067ac (0x405bd693) srai    a3, s7, 5
core   0: 3 0x800067ac (0x405bd693) x13 0xffffffba
core   0: 0x800067b0 (0xe4d13313) sltiu   t1, sp, -435
core   0: 3 0x800067b0 (0xe4d13313) x 6 0x00000001
core   0: 0x800067b4 (0x01565e13) srli    t3, a2, 21
core   0: 3 0x800067b4 (0x01565e13) x28 0x000003ff
core   0: 0x800067b8 (0x001009b3) add     s3, zero, ra
core   0: 3 0x800067b8 (0x001009b3) x19 0x00000001
core   0: 0x800067bc (0x006cf2b3) and     t0, s9, t1
core   0: 3 0x800067bc (0x006cf2b3) x 5 0x00000000
core   0: 0x800067c0 (0x7c41f393) andi    t2, gp, 1988
core   0: 3 0x800067c0 (0x7c41f393) x 7 0x00000000
core   0: 0x800067c4 (0xe89ea893) slti    a7, t4, -375
core   0: 3 0x800067c4 (0xe89ea893) x17 0x00000000
core   0: 0x800067c8 (0x6009ec93) ori     s9, s3, 1536
core   0: 3 0x800067c8 (0x6009ec93) x25 0x00000601
core   0: 0x800067cc (0x010d4c33) xor     s8, s10, a6
core   0: 3 0x800067cc (0x010d4c33) x24 0x02000001
core   0: 0x800067d0 (0x98abcd93) xori    s11, s7, -1654
core   0: 3 0x800067d0 (0x98abcd93) x27 0x00000ec9
core   0: 0x800067d4 (0x0130c4b3) xor     s1, ra, s3
core   0: 3 0x800067d4 (0x0130c4b3) x 9 0x00000000
core   0: 0x800067d8 (0x0002bc33) sltu    s8, t0, zero
core   0: 3 0x800067d8 (0x0002bc33) x24 0x00000000
core   0: 0x800067dc (0x40b859b3) sra     s3, a6, a1
core   0: 3 0x800067dc (0x40b859b3) x19 0x02000000
core   0: 0x800067e0 (0x405a0b33) sub     s6, s4, t0
core   0: 3 0x800067e0 (0x405a0b33) x22 0x0000081a
core   0: 0x800067e4 (0x8a412d93) slti    s11, sp, -1884
core   0: 3 0x800067e4 (0x8a412d93) x27 0x00000000
core   0: 0x800067e8 (0x01b5b833) sltu    a6, a1, s11
core   0: 3 0x800067e8 (0x01b5b833) x16 0x00000000
core   0: 0x800067ec (0x9a804e93) xori    t4, zero, -1624
core   0: 3 0x800067ec (0x9a804e93) x29 0xfffff9a8
core   0: 0x800067f0 (0x543c4593) xori    a1, s8, 1347
core   0: 3 0x800067f0 (0x543c4593) x11 0x00000543
core   0: 0x800067f4 (0x00c35c33) srl     s8, t1, a2
core   0: 3 0x800067f4 (0x00c35c33) x24 0x00000001
core   0: 0x800067f8 (0xdc900b13) li      s6, -567
core   0: 3 0x800067f8 (0xdc900b13) x22 0xfffffdc9
core   0: 0x800067fc (0x933e8513) addi    a0, t4, -1741
core   0: 3 0x800067fc (0x933e8513) x10 0xfffff2db
core   0: 0x80006800 (0x5f1d4617) auipc   a2, 0x5f1d4
core   0: 3 0x80006800 (0x5f1d4617) x12 0xdf1da800
core   0: 0x80006804 (0x00ce35b3) sltu    a1, t3, a2
core   0: 3 0x80006804 (0x00ce35b3) x11 0x00000001
core   0: 0x80006808 (0x00525b33) srl     s6, tp, t0
core   0: 3 0x80006808 (0x00525b33) x22 0x00004000
core   0: 0x8000680c (0x016b75b3) and     a1, s6, s6
core   0: 3 0x8000680c (0x016b75b3) x11 0x00004000
core   0: 0x80006810 (0x00000013) nop
core   0: 3 0x80006810 (0x00000013)
core   0: 0x80006814 (0x01079e93) slli    t4, a5, 16
core   0: 3 0x80006814 (0x01079e93) x29 0x9b7e0000
core   0: 0x80006818 (0x00f10ab3) add     s5, sp, a5
core   0: 3 0x80006818 (0x00f10ab3) x21 0xff4e9b7e
core   0: 0x8000681c (0x01476d33) or      s10, a4, s4
core   0: 3 0x8000681c (0x01476d33) x26 0x80010e7e
core   0: 0x80006820 (0xedcb1e97) auipc   t4, 0xedcb1
core   0: 3 0x80006820 (0xedcb1e97) x29 0x6dcb7820
core   0: 0x80006824 (0x40228eb3) sub     t4, t0, sp
core   0: 3 0x80006824 (0x40228eb3) x29 0x00000000
core   0: 0x80006828 (0x412c84b3) sub     s1, s9, s2
core   0: 3 0x80006828 (0x412c84b3) x 9 0x00000601
core   0: 0x8000682c (0xe4db3293) sltiu   t0, s6, -435
core   0: 3 0x8000682c (0xe4db3293) x 5 0x00000001
core   0: 0x80006830 (0x0123d633) srl     a2, t2, s2
core   0: 3 0x80006830 (0x0123d633) x12 0x00000000
core   0: 0x80006834 (0x0087a433) slt     s0, a5, s0
core   0: 3 0x80006834 (0x0087a433) x 8 0x00000001
core   0: 0x80006838 (0x402d89b3) sub     s3, s11, sp
core   0: 3 0x80006838 (0x402d89b3) x19 0x00000000
core   0: 0x8000683c (0x01d66633) or      a2, a2, t4
core   0: 3 0x8000683c (0x01d66633) x12 0x00000000
core   0: 0x80006840 (0x00764133) xor     sp, a2, t2
core   0: 3 0x80006840 (0x00764133) x 2 0x00000000
core   0: 0x80006844 (0x0066d313) srli    t1, a3, 6
core   0: 3 0x80006844 (0x0066d313) x 6 0x03fffffe
core   0: 0x80006848 (0xe0eca913) slti    s2, s9, -498
core   0: 3 0x80006848 (0xe0eca913) x18 0x00000000
core   0: 0x8000684c (0x015ad593) srli    a1, s5, 21
core   0: 3 0x8000684c (0x015ad593) x11 0x000007fa
core   0: 0x80006850 (0x00966b33) or      s6, a2, s1
core   0: 3 0x80006850 (0x00966b33) x22 0x00000601
core   0: 0x80006854 (0x40b9da93) srai    s5, s3, 11
core   0: 3 0x80006854 (0x40b9da93) x21 0x00000000
core   0: 0x80006858 (0x00000013) nop
core   0: 3 0x80006858 (0x00000013)
core   0: 0x8000685c (0x0038d333) srl     t1, a7, gp
core   0: 3 0x8000685c (0x0038d333) x 6 0x00000000
core   0: 0x80006860 (0x9b6ac413) xori    s0, s5, -1610
core   0: 3 0x80006860 (0x9b6ac413) x 8 0xfffff9b6
core   0: 0x80006864 (0x008ac233) xor     tp, s5, s0
core   0: 3 0x80006864 (0x008ac233) x 4 0xfffff9b6
core   0: 0x80006868 (0x00b3ceb3) xor     t4, t2, a1
core   0: 3 0x80006868 (0x00b3ceb3) x29 0x000007fa
core   0: 0x8000686c (0x57692693) slti    a3, s2, 1398
core   0: 3 0x8000686c (0x57692693) x13 0x00000001
core   0: 0x80006870 (0x00d7d0b3) srl     ra, a5, a3
core   0: 3 0x80006870 (0x00d7d0b3) x 1 0x7fa74dbf
core   0: 0x80006874 (0x013ed313) srli    t1, t4, 19
core   0: 3 0x80006874 (0x013ed313) x 6 0x00000000
core   0: 0x80006878 (0x00109493) slli    s1, ra, 1
core   0: 3 0x80006878 (0x00109493) x 9 0xff4e9b7e
core   0: 0x8000687c (0x00da5a13) srli    s4, s4, 13
core   0: 3 0x8000687c (0x00da5a13) x20 0x00000000
core   0: 0x80006880 (0x00189433) sll     s0, a7, ra
core   0: 3 0x80006880 (0x00189433) x 8 0x00000000
core   0: 0x80006884 (0x01c9f9b3) and     s3, s3, t3
core   0: 3 0x80006884 (0x01c9f9b3) x19 0x00000000
core   0: 0x80006888 (0x63077a13) andi    s4, a4, 1584
core   0: 3 0x80006888 (0x63077a13) x20 0x00000620
core   0: 0x8000688c (0x01ed1113) slli    sp, s10, 30
core   0: 3 0x8000688c (0x01ed1113) x 2 0x80000000
core   0: 0x80006890 (0x72b11517) auipc   a0, 0x72b11
core   0: 3 0x80006890 (0x72b11517) x10 0xf2b17890
core   0: 0x80006894 (0xc6343297) auipc   t0, 0xc6343
core   0: 3 0x80006894 (0xc6343297) x 5 0x46349894
core   0: 0x80006898 (0x409856b3) sra     a3, a6, s1
core   0: 3 0x80006898 (0x409856b3) x13 0x00000000
core   0: 0x8000689c (0x01217c33) and     s8, sp, s2
core   0: 3 0x8000689c (0x01217c33) x24 0x00000000
core   0: 0x800068a0 (0x00d314b3) sll     s1, t1, a3
core   0: 3 0x800068a0 (0x00d314b3) x 9 0x00000000
core   0: 0x800068a4 (0x012bedb3) or      s11, s7, s2
core   0: 3 0x800068a4 (0x012bedb3) x27 0xfffff743
core   0: 0x800068a8 (0xe200f813) andi    a6, ra, -480
core   0: 3 0x800068a8 (0xe200f813) x16 0x7fa74c20
core   0: 0x800068ac (0x0105d3b3) srl     t2, a1, a6
core   0: 3 0x800068ac (0x0105d3b3) x 7 0x000007fa
core   0: 0x800068b0 (0x69bbcf13) xori    t5, s7, 1691
core   0: 3 0x800068b0 (0x69bbcf13) x30 0xfffff1d8
core   0: 0x800068b4 (0x29b80c13) addi    s8, a6, 667
core   0: 3 0x800068b4 (0x29b80c13) x24 0x7fa74ebb
core   0: 0x800068b8 (0x2f94fe93) andi    t4, s1, 761
core   0: 3 0x800068b8 (0x2f94fe93) x29 0x00000000
core   0: 0x800068bc (0x47133813) sltiu   a6, t1, 1137
core   0: 3 0x800068bc (0x47133813) x16 0x00000001
core   0: 0x800068c0 (0x413ed633) sra     a2, t4, s3
core   0: 3 0x800068c0 (0x413ed633) x12 0x00000000
core   0: 0x800068c4 (0x1610b113) sltiu   sp, ra, 353
core   0: 3 0x800068c4 (0x1610b113) x 2 0x00000000
core   0: 0x800068c8 (0x1c1fa317) auipc   t1, 0x1c1fa
core   0: 3 0x800068c8 (0x1c1fa317) x 6 0x9c2008c8
core   0: 0x800068cc (0x015ce5b3) or      a1, s9, s5
core   0: 3 0x800068cc (0x015ce5b3) x11 0x00000601
core   0: 0x800068d0 (0x01b53333) sltu    t1, a0, s11
core   0: 3 0x800068d0 (0x01b53333) x 6 0x00000001
core   0: 0x800068d4 (0xd5101437) lui     s0, 0xd5101
core   0: 3 0x800068d4 (0xd5101437) x 8 0xd5101000
core   0: 0x800068d8 (0x3c31c393) xori    t2, gp, 963
core   0: 3 0x800068d8 (0x3c31c393) x 7 0x000003c3
core   0: 0x800068dc (0x417059b3) sra     s3, zero, s7
core   0: 3 0x800068dc (0x417059b3) x19 0x00000000
core   0: 0x800068e0 (0xde55f593) andi    a1, a1, -539
core   0: 3 0x800068e0 (0xde55f593) x11 0x00000401
core   0: 0x800068e4 (0x011f7333) and     t1, t5, a7
core   0: 3 0x800068e4 (0x011f7333) x 6 0x00000000
core   0: 0x800068e8 (0x404cde33) sra     t3, s9, tp
core   0: 3 0x800068e8 (0x404cde33) x28 0x00000000
core   0: 0x800068ec (0x01d33cb3) sltu    s9, t1, t4
core   0: 3 0x800068ec (0x01d33cb3) x25 0x00000000
core   0: 0x800068f0 (0x0065c5b3) xor     a1, a1, t1
core   0: 3 0x800068f0 (0x0065c5b3) x11 0x00000401
core   0: 0x800068f4 (0x01e885b3) add     a1, a7, t5
core   0: 3 0x800068f4 (0x01e885b3) x11 0xfffff1d8
core   0: 0x800068f8 (0x44cb7693) andi    a3, s6, 1100
core   0: 3 0x800068f8 (0x44cb7693) x13 0x00000400
core   0: 0x800068fc (0x00000013) nop
core   0: 3 0x800068fc (0x00000013)
core   0: 0x80006900 (0x7ee22eb7) lui     t4, 0x7ee22
core   0: 3 0x80006900 (0x7ee22eb7) x29 0x7ee22000
core   0: 0x80006904 (0x005c89b3) add     s3, s9, t0
core   0: 3 0x80006904 (0x005c89b3) x19 0x46349894
core   0: 0x80006908 (0xda91cd13) xori    s10, gp, -599
core   0: 3 0x80006908 (0xda91cd13) x26 0xfffffda9
core   0: 0x8000690c (0x41c6d933) sra     s2, a3, t3
core   0: 3 0x8000690c (0x41c6d933) x18 0x00000400
core   0: 0x80006910 (0xf5120213) addi    tp, tp, -175
core   0: 3 0x80006910 (0xf5120213) x 4 0xfffff907
core   0: 0x80006914 (0x004cbd33) sltu    s10, s9, tp
core   0: 3 0x80006914 (0x004cbd33) x26 0x00000001
core   0: 0x80006918 (0x208b8593) addi    a1, s7, 520
core   0: 3 0x80006918 (0x208b8593) x11 0xfffff94b
core   0: 0x8000691c (0x951493b7) lui     t2, 0x95149
core   0: 3 0x8000691c (0x951493b7) x 7 0x95149000
core   0: 0x80006920 (0xc6ee6313) ori     t1, t3, -914
core   0: 3 0x80006920 (0xc6ee6313) x 6 0xfffffc6e
core   0: 0x80006924 (0x41a0dbb3) sra     s7, ra, s10
core   0: 3 0x80006924 (0x41a0dbb3) x23 0x3fd3a6df
core   0: 0x80006928 (0x0188d313) srli    t1, a7, 24
core   0: 3 0x80006928 (0x0188d313) x 6 0x00000000
core   0: 0x8000692c (0x0116fab3) and     s5, a3, a7
core   0: 3 0x8000692c (0x0116fab3) x21 0x00000000
core   0: 0x80006930 (0x64d32e93) slti    t4, t1, 1613
core   0: 3 0x80006930 (0x64d32e93) x29 0x00000001
core   0: 0x80006934 (0x00c68bb3) add     s7, a3, a2
core   0: 3 0x80006934 (0x00c68bb3) x23 0x00000400
core   0: 0x80006938 (0x01644833) xor     a6, s0, s6
core   0: 3 0x80006938 (0x01644833) x16 0xd5101601
core   0: 0x8000693c (0xeb8b8497) auipc   s1, 0xeb8b8
core   0: 3 0x8000693c (0xeb8b8497) x 9 0x6b8be93c
core   0: 0x80006940 (0x00015b93) srli    s7, sp, 0
core   0: 3 0x80006940 (0x00015b93) x23 0x00000000
core   0: 0x80006944 (0x01b95813) srli    a6, s2, 27
core   0: 3 0x80006944 (0x01b95813) x16 0x00000000
core   0: 0x80006948 (0xbb1e3613) sltiu   a2, t3, -1103
core   0: 3 0x80006948 (0xbb1e3613) x12 0x00000001
core   0: 0x8000694c (0x1c40a093) slti    ra, ra, 452
core   0: 3 0x8000694c (0x1c40a093) x 1 0x00000000
core   0: 0x80006950 (0x08203a13) sltiu   s4, zero, 130
core   0: 3 0x80006950 (0x08203a13) x20 0x00000001
core   0: 0x80006954 (0x01eb5433) srl     s0, s6, t5
core   0: 3 0x80006954 (0x01eb5433) x 8 0x00000000
core   0: 0x80006958 (0x7e23f693) andi    a3, t2, 2018
core   0: 3 0x80006958 (0x7e23f693) x13 0x00000000
core   0: 0x8000695c (0x001ce5b3) or      a1, s9, ra
core   0: 3 0x8000695c (0x001ce5b3) x11 0x00000000
core   0: 0x80006960 (0xc1fb6b97) auipc   s7, 0xc1fb6
core   0: 3 0x80006960 (0xc1fb6b97) x23 0x41fbc960
core   0: 0x80006964 (0x012bd593) srli    a1, s7, 18
core   0: 3 0x80006964 (0x012bd593) x11 0x0000107e
core   0: 0x80006968 (0xf3192f13) slti    t5, s2, -207
core   0: 3 0x80006968 (0xf3192f13) x30 0x00000000
core   0: 0x8000696c (0x015358b3) srl     a7, t1, s5
core   0: 3 0x8000696c (0x015358b3) x17 0x00000000
core   0: 0x80006970 (0x2bfe4f13) xori    t5, t3, 703
core   0: 3 0x80006970 (0x2bfe4f13) x30 0x000002bf
core   0: 0x80006974 (0x137ba813) slti    a6, s7, 311
core   0: 3 0x80006974 (0x137ba813) x16 0x00000000
core   0: 0x80006978 (0x00043eb3) sltu    t4, s0, zero
core   0: 3 0x80006978 (0x00043eb3) x29 0x00000000
core   0: 0x8000697c (0x01939d93) slli    s11, t2, 25
core   0: 3 0x8000697c (0x01939d93) x27 0x00000000
core   0: 0x80006980 (0x40ec53b3) sra     t2, s8, a4
core   0: 3 0x80006980 (0x40ec53b3) x 7 0x07fa74eb
core   0: 0x80006984 (0x479f7693) andi    a3, t5, 1145
core   0: 3 0x80006984 (0x479f7693) x13 0x00000039
core   0: 0x80006988 (0x012672b3) and     t0, a2, s2
core   0: 3 0x80006988 (0x012672b3) x 5 0x00000000
core   0: 0x8000698c (0x2d8ce8b7) lui     a7, 0x2d8ce
core   0: 3 0x8000698c (0x2d8ce8b7) x17 0x2d8ce000
core   0: 0x80006990 (0x00895913) srli    s2, s2, 8
core   0: 3 0x80006990 (0x00895913) x18 0x00000004
core   0: 0x80006994 (0xc521f313) andi    t1, gp, -942
core   0: 3 0x80006994 (0xc521f313) x 6 0x00000000
core   0: 0x80006998 (0x408a01b3) sub     gp, s4, s0
core   0: 3 0x80006998 (0x408a01b3) x 3 0x00000001
core   0: 0x8000699c (0x019f3cb3) sltu    s9, t5, s9
core   0: 3 0x8000699c (0x019f3cb3) x25 0x00000000
core   0: 0x800069a0 (0x40f0df33) sra     t5, ra, a5
core   0: 3 0x800069a0 (0x40f0df33) x30 0x00000000
core   0: 0x800069a4 (0x403fdc33) sra     s8, t6, gp
core   0: 3 0x800069a4 (0x403fdc33) x24 0xc000a672
core   0: 0x800069a8 (0x01db1033) sll     zero, s6, t4
core   0: 3 0x800069a8 (0x01db1033)
core   0: 0x800069ac (0x00acfeb3) and     t4, s9, a0
core   0: 3 0x800069ac (0x00acfeb3) x29 0x00000000
core   0: 0x800069b0 (0x41d98cb3) sub     s9, s3, t4
core   0: 3 0x800069b0 (0x41d98cb3) x25 0x46349894
core   0: 0x800069b4 (0x00000013) nop
core   0: 3 0x800069b4 (0x00000013)
core   0: 0x800069b8 (0x1e808e93) addi    t4, ra, 488
core   0: 3 0x800069b8 (0x1e808e93) x29 0x000001e8
core   0: 0x800069bc (0x45912d93) slti    s11, sp, 1113
core   0: 3 0x800069bc (0x45912d93) x27 0x00000001
core   0: 0x800069c0 (0x1271bf13) sltiu   t5, gp, 295
core   0: 3 0x800069c0 (0x1271bf13) x30 0x00000001
core   0: 0x800069c4 (0x00a5d693) srli    a3, a1, 10
core   0: 3 0x800069c4 (0x00a5d693) x13 0x00000004
core   0: 0x800069c8 (0x0121f933) and     s2, gp, s2
core   0: 3 0x800069c8 (0x0121f933) x18 0x00000000
core   0: 0x800069cc (0x240cb397) auipc   t2, 0x240cb
core   0: 3 0x800069cc (0x240cb397) x 7 0xa40d19cc
core   0: 0x800069d0 (0x00d496b3) sll     a3, s1, a3
core   0: 3 0x800069d0 (0x00d496b3) x13 0xb8be93c0
core   0: 0x800069d4 (0x73077493) andi    s1, a4, 1840
core   0: 3 0x800069d4 (0x73077493) x 9 0x00000620
core   0: 0x800069d8 (0x006ed093) srli    ra, t4, 6
core   0: 3 0x800069d8 (0x006ed093) x 1 0x00000007
core   0: 0x800069dc (0x4164d413) srai    s0, s1, 22
core   0: 3 0x800069dc (0x4164d413) x 8 0x00000000
core   0: 0x800069e0 (0xc01dcd93) xori    s11, s11, -1023
core   0: 3 0x800069e0 (0xc01dcd93) x27 0xfffffc00
core   0: 0x800069e4 (0x00227233) and     tp, tp, sp
core   0: 3 0x800069e4 (0x00227233) x 4 0x00000000
core   0: 0x800069e8 (0x00176933) or      s2, a4, ra
core   0: 3 0x800069e8 (0x00176933) x18 0x80010e67
core   0: 0x800069ec (0x000824b3) slt     s1, a6, zero
core   0: 3 0x800069ec (0x000824b3) x 9 0x00000000
core   0: 0x800069f0 (0x01e542b3) xor     t0, a0, t5
core   0: 3 0x800069f0 (0x01e542b3) x 5 0xf2b17891
core   0: 0x800069f4 (0x40d651b3) sra     gp, a2, a3
core   0: 3 0x800069f4 (0x40d651b3) x 3 0x00000001
core   0: 0x800069f8 (0xa4984f13) xori    t5, a6, -1463
core   0: 3 0x800069f8 (0xa4984f13) x30 0xfffffa49
core   0: 0x800069fc (0x00b7d1b3) srl     gp, a5, a1
core   0: 3 0x800069fc (0x00b7d1b3) x 3 0x00000003
core   0: 0x80006a00 (0x40f65cb3) sra     s9, a2, a5
core   0: 3 0x80006a00 (0x40f65cb3) x25 0x00000000
core   0: 0x80006a04 (0x40c55a93) srai    s5, a0, 12
core   0: 3 0x80006a04 (0x40c55a93) x21 0xffff2b17
core   0: 0x80006a08 (0x00000013) nop
core   0: 3 0x80006a08 (0x00000013)
core   0: 0x80006a0c (0x0037f3b3) and     t2, a5, gp
core   0: 3 0x80006a0c (0x0037f3b3) x 7 0x00000002
core   0: 0x80006a10 (0x0002f3b3) and     t2, t0, zero
core   0: 3 0x80006a10 (0x0002f3b3) x 7 0x00000000
core   0: 0x80006a14 (0x00483db3) sltu    s11, a6, tp
core   0: 3 0x80006a14 (0x00483db3) x27 0x00000000
core   0: 0x80006a18 (0x5f4e3493) sltiu   s1, t3, 1524
core   0: 3 0x80006a18 (0x5f4e3493) x 9 0x00000001
core   0: 0x80006a1c (0x00380433) add     s0, a6, gp
core   0: 3 0x80006a1c (0x00380433) x 8 0x00000003
core   0: 0x80006a20 (0x86492113) slti    sp, s2, -1948
core   0: 3 0x80006a20 (0x86492113) x 2 0x00000001
core   0: 0x80006a24 (0x010a89b3) add     s3, s5, a6
core   0: 3 0x80006a24 (0x010a89b3) x19 0xffff2b17
core   0: 0x80006a28 (0x07e90193) addi    gp, s2, 126
core   0: 3 0x80006a28 (0x07e90193) x 3 0x80010ee5
core   0: 0x80006a2c (0xe2ebf393) andi    t2, s7, -466
core   0: 3 0x80006a2c (0xe2ebf393) x 7 0x41fbc820
core   0: 0x80006a30 (0x408d8eb3) sub     t4, s11, s0
core   0: 3 0x80006a30 (0x408d8eb3) x29 0xfffffffd
core   0: 0x80006a34 (0x00f3c933) xor     s2, t2, a5
core   0: 3 0x80006a34 (0x00f3c933) x18 0xbeb5535e
core   0: 0x80006a38 (0x0139fb33) and     s6, s3, s3
core   0: 3 0x80006a38 (0x0139fb33) x22 0xffff2b17
core   0: 0x80006a3c (0x3bbafe93) andi    t4, s5, 955
core   0: 3 0x80006a3c (0x3bbafe93) x29 0x00000313
core   0: 0x80006a40 (0x406a5313) srai    t1, s4, 6
core   0: 3 0x80006a40 (0x406a5313) x 6 0x00000000
core   0: 0x80006a44 (0x01fed6b3) srl     a3, t4, t6
core   0: 3 0x80006a44 (0x01fed6b3) x13 0x00000031
core   0: 0x80006a48 (0x019a66b3) or      a3, s4, s9
core   0: 3 0x80006a48 (0x019a66b3) x13 0x00000001
core   0: 0x80006a4c (0x0017d213) srli    tp, a5, 1
core   0: 3 0x80006a4c (0x0017d213) x 4 0x7fa74dbf
core   0: 0x80006a50 (0x004988b3) add     a7, s3, tp
core   0: 3 0x80006a50 (0x004988b3) x17 0x7fa678d6
core   0: 0x80006a54 (0x5b856d93) ori     s11, a0, 1464
core   0: 3 0x80006a54 (0x5b856d93) x27 0xf2b17db8
core   0: 0x80006a58 (0x38047b13) andi    s6, s0, 896
core   0: 3 0x80006a58 (0x38047b13) x22 0x00000000
core   0: 0x80006a5c (0x01c0fc33) and     s8, ra, t3
core   0: 3 0x80006a5c (0x01c0fc33) x24 0x00000000
core   0: 0x80006a60 (0x00000013) nop
core   0: 3 0x80006a60 (0x00000013)
core   0: 0x80006a64 (0x417f8db3) sub     s11, t6, s7
core   0: 3 0x80006a64 (0x417f8db3) x27 0x3e058384
core   0: 0x80006a68 (0x00719313) slli    t1, gp, 7
core   0: 3 0x80006a68 (0x00719313) x 6 0x00877280
core   0: 0x80006a6c (0x412ed893) srai    a7, t4, 18
core   0: 3 0x80006a6c (0x412ed893) x17 0x00000000
core   0: 0x80006a70 (0x98e67393) andi    t2, a2, -1650
core   0: 3 0x80006a70 (0x98e67393) x 7 0x00000000
core   0: 0x80006a74 (0x405a5413) srai    s0, s4, 5
core   0: 3 0x80006a74 (0x405a5413) x 8 0x00000000
core   0: 0x80006a78 (0xc2cd00b7) lui     ra, 0xc2cd0
core   0: 3 0x80006a78 (0xc2cd00b7) x 1 0xc2cd0000
core   0: 0x80006a7c (0x415606b3) sub     a3, a2, s5
core   0: 3 0x80006a7c (0x415606b3) x13 0x0000d4ea
core   0: 0x80006a80 (0x41e909b3) sub     s3, s2, t5
core   0: 3 0x80006a80 (0x41e909b3) x19 0xbeb55915
core   0: 0x80006a84 (0x006adcb3) srl     s9, s5, t1
core   0: 3 0x80006a84 (0x006adcb3) x25 0xffff2b17
core   0: 0x80006a88 (0x01f00a33) add     s4, zero, t6
core   0: 3 0x80006a88 (0x01f00a33) x20 0x80014ce4
core   0: 0x80006a8c (0x1f85ba97) auipc   s5, 0x1f85b
core   0: 3 0x80006a8c (0x1f85ba97) x21 0x9f861a8c
core   0: 0x80006a90 (0x01391f13) slli    t5, s2, 19
core   0: 3 0x80006a90 (0x01391f13) x30 0x9af00000
core   0: 0x80006a94 (0x2a5c6593) ori     a1, s8, 677
core   0: 3 0x80006a94 (0x2a5c6593) x11 0x000002a5
core   0: 0x80006a98 (0x41ce88b3) sub     a7, t4, t3
core   0: 3 0x80006a98 (0x41ce88b3) x17 0x00000313
core   0: 0x80006a9c (0x90b7eb93) ori     s7, a5, -1781
core   0: 3 0x80006a9c (0x90b7eb93) x23 0xfffffb7f
core   0: 0x80006aa0 (0x00000013) nop
core   0: 3 0x80006aa0 (0x00000013)
core   0: 0x80006aa4 (0xa09fe993) ori     s3, t6, -1527
core   0: 3 0x80006aa4 (0xa09fe993) x19 0xfffffeed
core   0: 0x80006aa8 (0x01a7b0b3) sltu    ra, a5, s10
core   0: 3 0x80006aa8 (0x01a7b0b3) x 1 0x00000000
core   0: 0x80006aac (0x00cf5693) srli    a3, t5, 12
core   0: 3 0x80006aac (0x00cf5693) x13 0x0009af00
core   0: 0x80006ab0 (0xa61d0213) addi    tp, s10, -1439
core   0: 3 0x80006ab0 (0xa61d0213) x 4 0xfffffa62
core   0: 0x80006ab4 (0xb821a1b7) lui     gp, 0xb821a
core   0: 3 0x80006ab4 (0xb821a1b7) x 3 0xb821a000
core   0: 0x80006ab8 (0x410a5e13) srai    t3, s4, 16
core   0: 3 0x80006ab8 (0x410a5e13) x28 0xffff8001
core   0: 0x80006abc (0x01166d33) or      s10, a2, a7
core   0: 3 0x80006abc (0x01166d33) x26 0x00000313
core   0: 0x80006ac0 (0x00cf9c13) slli    s8, t6, 12
core   0: 3 0x80006ac0 (0x00cf9c13) x24 0x14ce4000
core   0: 0x80006ac4 (0x871bc537) lui     a0, 0x871bc
core   0: 3 0x80006ac4 (0x871bc537) x10 0x871bc000
core   0: 0x80006ac8 (0x29a2a213) slti    tp, t0, 666
core   0: 3 0x80006ac8 (0x29a2a213) x 4 0x00000001
core   0: 0x80006acc (0x002c7d33) and     s10, s8, sp
core   0: 3 0x80006acc (0x002c7d33) x26 0x00000000
core   0: 0x80006ad0 (0x41a60db3) sub     s11, a2, s10
core   0: 3 0x80006ad0 (0x41a60db3) x27 0x00000001
core   0: 0x80006ad4 (0x002ea6b3) slt     a3, t4, sp
core   0: 3 0x80006ad4 (0x002ea6b3) x13 0x00000000
core   0: 0x80006ad8 (0x01fe2e33) slt     t3, t3, t6
core   0: 3 0x80006ad8 (0x01fe2e33) x28 0x00000000
core   0: 0x80006adc (0x00000013) nop
core   0: 3 0x80006adc (0x00000013)
core   0: 0x80006ae0 (0x00eacb33) xor     s6, s5, a4
core   0: 3 0x80006ae0 (0x00eacb33) x22 0x1f8714e8
core   0: 0x80006ae4 (0x01ce6b33) or      s6, t3, t3
core   0: 3 0x80006ae4 (0x01ce6b33) x22 0x00000000
core   0: 0x80006ae8 (0x000740b3) xor     ra, a4, zero
core   0: 3 0x80006ae8 (0x000740b3) x 1 0x80010e64
core   0: 0x80006aec (0x013fbd33) sltu    s10, t6, s3
core   0: 3 0x80006aec (0x013fbd33) x26 0x00000001
core   0: 0x80006af0 (0x00000013) nop
core   0: 3 0x80006af0 (0x00000013)
core   0: 0x80006af4 (0x9a4d3f37) lui     t5, 0x9a4d3
core   0: 3 0x80006af4 (0x9a4d3f37) x30 0x9a4d3000
core   0: 0x80006af8 (0x40775eb3) sra     t4, a4, t2
core   0: 3 0x80006af8 (0x40775eb3) x29 0x80010e64
core   0: 0x80006afc (0xe3cb3893) sltiu   a7, s6, -452
core   0: 3 0x80006afc (0xe3cb3893) x17 0x00000001
core   0: 0x80006b00 (0x00f0ff33) and     t5, ra, a5
core   0: 3 0x80006b00 (0x00f0ff33) x30 0x80000a64
core   0: 0x80006b04 (0xac693913) sltiu   s2, s2, -1338
core   0: 3 0x80006b04 (0xac693913) x18 0x00000001
core   0: 0x80006b08 (0x26d84293) xori    t0, a6, 621
core   0: 3 0x80006b08 (0x26d84293) x 5 0x0000026d
core   0: 0x80006b0c (0x400a5433) sra     s0, s4, zero
core   0: 3 0x80006b0c (0x400a5433) x 8 0x80014ce4
core   0: 0x80006b10 (0xa23bc437) lui     s0, 0xa23bc
core   0: 3 0x80006b10 (0xa23bc437) x 8 0xa23bc000
core   0: 0x80006b14 (0x014c1c33) sll     s8, s8, s4
core   0: 3 0x80006b14 (0x014c1c33) x24 0x4ce40000
core   0: 0x80006b18 (0x00363033) sltu    zero, a2, gp
core   0: 3 0x80006b18 (0x00363033)
core   0: 0x80006b1c (0x003d09b3) add     s3, s10, gp
core   0: 3 0x80006b1c (0x003d09b3) x19 0xb821a001
core   0: 0x80006b20 (0x7be6fb93) andi    s7, a3, 1982
core   0: 3 0x80006b20 (0x7be6fb93) x23 0x00000000
core   0: 0x80006b24 (0x000575b3) and     a1, a0, zero
core   0: 3 0x80006b24 (0x000575b3) x11 0x00000000
core   0: 0x80006b28 (0x005359b3) srl     s3, t1, t0
core   0: 3 0x80006b28 (0x005359b3) x19 0x0000043b
core   0: 0x80006b2c (0x8c8e9c97) auipc   s9, 0x8c8e9
core   0: 3 0x80006b2c (0x8c8e9c97) x25 0x0c8efb2c
core   0: 0x80006b30 (0x74696237) lui     tp, 0x74696
core   0: 3 0x80006b30 (0x74696237) x 4 0x74696000
core   0: 0x80006b34 (0xea73e4b7) lui     s1, 0xea73e
core   0: 3 0x80006b34 (0xea73e4b7) x 9 0xea73e000
core   0: 0x80006b38 (0x0071c8b3) xor     a7, gp, t2
core   0: 3 0x80006b38 (0x0071c8b3) x17 0xb821a000
core   0: 0x80006b3c (0x84307913) andi    s2, zero, -1981
core   0: 3 0x80006b3c (0x84307913) x18 0x00000000
core   0: 0x80006b40 (0x25e56893) ori     a7, a0, 606
core   0: 3 0x80006b40 (0x25e56893) x17 0x871bc25e
core   0: 0x80006b44 (0x00da9333) sll     t1, s5, a3
core   0: 3 0x80006b44 (0x00da9333) x 6 0x9f861a8c
core   0: 0x80006b48 (0x5df76313) ori     t1, a4, 1503
core   0: 3 0x80006b48 (0x5df76313) x 6 0x80010fff
core   0: 0x80006b4c (0x00d4dc93) srli    s9, s1, 13
core   0: 3 0x80006b4c (0x00d4dc93) x25 0x0007539f
core   0: 0x80006b50 (0x00fb5e93) srli    t4, s6, 15
core   0: 3 0x80006b50 (0x00fb5e93) x29 0x00000000
core   0: 0x80006b54 (0x01120c33) add     s8, tp, a7
core   0: 3 0x80006b54 (0x01120c33) x24 0xfb85225e
core   0: 0x80006b58 (0x005319b3) sll     s3, t1, t0
core   0: 3 0x80006b58 (0x005319b3) x19 0x21ffe000
core   0: 0x80006b5c (0x00771693) slli    a3, a4, 7
core   0: 3 0x80006b5c (0x00771693) x13 0x00873200
core   0: 0x80006b60 (0x01503433) snez    s0, s5
core   0: 3 0x80006b60 (0x01503433) x 8 0x00000001
core   0: 0x80006b64 (0x00000013) nop
core   0: 3 0x80006b64 (0x00000013)
core   0: 0x80006b68 (0x013b7433) and     s0, s6, s3
core   0: 3 0x80006b68 (0x013b7433) x 8 0x00000000
core   0: 0x80006b6c (0x40935b93) srai    s7, t1, 9
core   0: 3 0x80006b6c (0x40935b93) x23 0xffc00087
core   0: 0x80006b70 (0xbbaea593) slti    a1, t4, -1094
core   0: 3 0x80006b70 (0xbbaea593) x11 0x00000000
core   0: 0x80006b74 (0x094328b7) lui     a7, 0x9432
core   0: 3 0x80006b74 (0x094328b7) x17 0x09432000
core   0: 0x80006b78 (0xe5afe613) ori     a2, t6, -422
core   0: 3 0x80006b78 (0xe5afe613) x12 0xfffffefe
core   0: 0x80006b7c (0x01262533) slt     a0, a2, s2
core   0: 3 0x80006b7c (0x01262533) x10 0x00000001
core   0: 0x80006b80 (0xa51a3c93) sltiu   s9, s4, -1455
core   0: 3 0x80006b80 (0xa51a3c93) x25 0x00000001
core   0: 0x80006b84 (0x00ed5613) srli    a2, s10, 14
core   0: 3 0x80006b84 (0x00ed5613) x12 0x00000000
core   0: 0x80006b88 (0x016e08b3) add     a7, t3, s6
core   0: 3 0x80006b88 (0x016e08b3) x17 0x00000000
core   0: 0x80006b8c (0x0015feb3) and     t4, a1, ra
core   0: 3 0x80006b8c (0x0015feb3) x29 0x00000000
core   0: 0x80006b90 (0x019a9b33) sll     s6, s5, s9
core   0: 3 0x80006b90 (0x019a9b33) x22 0x3f0c3518
core   0: 0x80006b94 (0x007bdbb3) srl     s7, s7, t2
core   0: 3 0x80006b94 (0x007bdbb3) x23 0xffc00087
core   0: 0x80006b98 (0x29de7193) andi    gp, t3, 669
core   0: 3 0x80006b98 (0x29de7193) x 3 0x00000000
core   0: 0x80006b9c (0x00812bb3) slt     s7, sp, s0
core   0: 3 0x80006b9c (0x00812bb3) x23 0x00000000
core   0: 0x80006ba0 (0x00011f13) slli    t5, sp, 0
core   0: 3 0x80006ba0 (0x00011f13) x30 0x00000001
core   0: 0x80006ba4 (0x4f3ba817) auipc   a6, 0x4f3ba
core   0: 3 0x80006ba4 (0x4f3ba817) x16 0xcf3c0ba4
core   0: 0x80006ba8 (0xdaf803b7) lui     t2, 0xdaf80
core   0: 3 0x80006ba8 (0xdaf803b7) x 7 0xdaf80000
core   0: 0x80006bac (0xa8e03393) sltiu   t2, zero, -1394
core   0: 3 0x80006bac (0xa8e03393) x 7 0x00000001
core   0: 0x80006bb0 (0x0138f333) and     t1, a7, s3
core   0: 3 0x80006bb0 (0x0138f333) x 6 0x00000000
core   0: 0x80006bb4 (0x4023d913) srai    s2, t2, 2
core   0: 3 0x80006bb4 (0x4023d913) x18 0x00000000
core   0: 0x80006bb8 (0x01461bb3) sll     s7, a2, s4
core   0: 3 0x80006bb8 (0x01461bb3) x23 0x00000000
core   0: 0x80006bbc (0x00000013) nop
core   0: 3 0x80006bbc (0x00000013)
core   0: 0x80006bc0 (0x005df333) and     t1, s11, t0
core   0: 3 0x80006bc0 (0x005df333) x 6 0x00000001
core   0: 0x80006bc4 (0x400fdf13) srai    t5, t6, 0
core   0: 3 0x80006bc4 (0x400fdf13) x30 0x80014ce4
core   0: 0x80006bc8 (0x01581513) slli    a0, a6, 21
core   0: 3 0x80006bc8 (0x01581513) x10 0x74800000
core   0: 0x80006bcc (0x41275433) sra     s0, a4, s2
core   0: 3 0x80006bcc (0x41275433) x 8 0x80010e64
core   0: 0x80006bd0 (0x01e9d313) srli    t1, s3, 30
core   0: 3 0x80006bd0 (0x01e9d313) x 6 0x00000000
core   0: 0x80006bd4 (0x00349313) slli    t1, s1, 3
core   0: 3 0x80006bd4 (0x00349313) x 6 0x539f0000
core   0: 0x80006bd8 (0x6b2c9537) lui     a0, 0x6b2c9
core   0: 3 0x80006bd8 (0x6b2c9537) x10 0x6b2c9000
core   0: 0x80006bdc (0x019f9cb3) sll     s9, t6, s9
core   0: 3 0x80006bdc (0x019f9cb3) x25 0x000299c8
core   0: 0x80006be0 (0x50a00813) li      a6, 1290
core   0: 3 0x80006be0 (0x50a00813) x16 0x0000050a
core   0: 0x80006be4 (0x01f9df13) srli    t5, s3, 31
core   0: 3 0x80006be4 (0x01f9df13) x30 0x00000000
core   0: 0x80006be8 (0x40ea5493) srai    s1, s4, 14
core   0: 3 0x80006be8 (0x40ea5493) x 9 0xfffe0005
core   0: 0x80006bec (0x00000eb3) add     t4, zero, zero
core   0: 3 0x80006bec (0x00000eb3) x29 0x00000000
core   0: 0x80006bf0 (0x00dbf233) and     tp, s7, a3
core   0: 3 0x80006bf0 (0x00dbf233) x 4 0x00000000
core   0: 0x80006bf4 (0x01433633) sltu    a2, t1, s4
core   0: 3 0x80006bf4 (0x01433633) x12 0x00000001
core   0: 0x80006bf8 (0x00947233) and     tp, s0, s1
core   0: 3 0x80006bf8 (0x00947233) x 4 0x80000004
core   0: 0x80006bfc (0x0eb12893) slti    a7, sp, 235
core   0: 3 0x80006bfc (0x0eb12893) x17 0x00000001
core   0: 0x80006c00 (0x40c75cb3) sra     s9, a4, a2
core   0: 3 0x80006c00 (0x40c75cb3) x25 0xc0008732
core   0: 0x80006c04 (0x01f75133) srl     sp, a4, t6
core   0: 3 0x80006c04 (0x01f75133) x 2 0x080010e6
core   0: 0x80006c08 (0x006bb533) sltu    a0, s7, t1
core   0: 3 0x80006c08 (0x006bb533) x10 0x00000001
core   0: 0x80006c0c (0x018ade13) srli    t3, s5, 24
core   0: 3 0x80006c0c (0x018ade13) x28 0x0000009f
core   0: 0x80006c10 (0x012418b3) sll     a7, s0, s2
core   0: 3 0x80006c10 (0x012418b3) x17 0x80010e64
core   0: 0x80006c14 (0x67989917) auipc   s2, 0x67989
core   0: 3 0x80006c14 (0x67989917) x18 0xe798fc14
core   0: 0x80006c18 (0x44d24893) xori    a7, tp, 1101
core   0: 3 0x80006c18 (0x44d24893) x17 0x80000449
core   0: 0x80006c1c (0x41ddd3b3) sra     t2, s11, t4
core   0: 3 0x80006c1c (0x41ddd3b3) x 7 0x00000001
core   0: 0x80006c20 (0xf9a2c313) xori    t1, t0, -102
core   0: 3 0x80006c20 (0xf9a2c313) x 6 0xfffffdf7
core   0: 0x80006c24 (0x017d7a33) and     s4, s10, s7
core   0: 3 0x80006c24 (0x017d7a33) x20 0x00000000
core   0: 0x80006c28 (0x45a769b7) lui     s3, 0x45a76
core   0: 3 0x80006c28 (0x45a769b7) x19 0x45a76000
core   0: 0x80006c2c (0xad427193) andi    gp, tp, -1324
core   0: 3 0x80006c2c (0xad427193) x 3 0x80000004
core   0: 0x80006c30 (0x401dda13) srai    s4, s11, 1
core   0: 3 0x80006c30 (0x401dda13) x20 0x00000000
core   0: 0x80006c34 (0x527f6393) ori     t2, t5, 1319
core   0: 3 0x80006c34 (0x527f6393) x 7 0x00000527
core   0: 0x80006c38 (0x01cd12b3) sll     t0, s10, t3
core   0: 3 0x80006c38 (0x01cd12b3) x 5 0x80000000
core   0: 0x80006c3c (0x0101d513) srli    a0, gp, 16
core   0: 3 0x80006c3c (0x0101d513) x10 0x00008000
core   0: 0x80006c40 (0x017919b3) sll     s3, s2, s7
core   0: 3 0x80006c40 (0x017919b3) x19 0xe798fc14
core   0: 0x80006c44 (0xa8da8613) addi    a2, s5, -1395
core   0: 3 0x80006c44 (0xa8da8613) x12 0x9f861519
core   0: 0x80006c48 (0x40b80333) sub     t1, a6, a1
core   0: 3 0x80006c48 (0x40b80333) x 6 0x0000050a
core   0: 0x80006c4c (0x01e741b3) xor     gp, a4, t5
core   0: 3 0x80006c4c (0x01e741b3) x 3 0x80010e64
core   0: 0x80006c50 (0xaa1232b7) lui     t0, 0xaa123
core   0: 3 0x80006c50 (0xaa1232b7) x 5 0xaa123000
core   0: 0x80006c54 (0x41018c33) sub     s8, gp, a6
core   0: 3 0x80006c54 (0x41018c33) x24 0x8001095a
core   0: 0x80006c58 (0x017c7ab3) and     s5, s8, s7
core   0: 3 0x80006c58 (0x017c7ab3) x21 0x00000000
core   0: 0x80006c5c (0x78652b13) slti    s6, a0, 1926
core   0: 3 0x80006c5c (0x78652b13) x22 0x00000000
core   0: 0x80006c60 (0x1fba3a17) auipc   s4, 0x1fba3
core   0: 3 0x80006c60 (0x1fba3a17) x20 0x9fba9c60
core   0: 0x80006c64 (0x01d648b3) xor     a7, a2, t4
core   0: 3 0x80006c64 (0x01d648b3) x17 0x9f861519
core   0: 0x80006c68 (0x41348e33) sub     t3, s1, s3
core   0: 3 0x80006c68 (0x41348e33) x28 0x186503f1
core   0: 0x80006c6c (0x41b45833) sra     a6, s0, s11
core   0: 3 0x80006c6c (0x41b45833) x16 0xc0008732
core   0: 0x80006c70 (0x41fc5013) srai    zero, s8, 31
core   0: 3 0x80006c70 (0x41fc5013)
core   0: 0x80006c74 (0x01e9eb33) or      s6, s3, t5
core   0: 3 0x80006c74 (0x01e9eb33) x22 0xe798fc14
core   0: 0x80006c78 (0x209d7bb7) lui     s7, 0x209d7
core   0: 3 0x80006c78 (0x209d7bb7) x23 0x209d7000
core   0: 0x80006c7c (0x404f0f33) sub     t5, t5, tp
core   0: 3 0x80006c7c (0x404f0f33) x30 0x7ffffffc
core   0: 0x80006c80 (0x019354b3) srl     s1, t1, s9
core   0: 3 0x80006c80 (0x019354b3) x 9 0x00000000
core   0: 0x80006c84 (0x75f2f393) andi    t2, t0, 1887
core   0: 3 0x80006c84 (0x75f2f393) x 7 0x00000000
core   0: 0x80006c88 (0x00000013) nop
core   0: 3 0x80006c88 (0x00000013)
core   0: 0x80006c8c (0x01f05193) srli    gp, zero, 31
core   0: 3 0x80006c8c (0x01f05193) x 3 0x00000000
core   0: 0x80006c90 (0x018d5913) srli    s2, s10, 24
core   0: 3 0x80006c90 (0x018d5913) x18 0x00000000
core   0: 0x80006c94 (0x01bd1833) sll     a6, s10, s11
core   0: 3 0x80006c94 (0x01bd1833) x16 0x00000002
core   0: 0x80006c98 (0x4136d2b3) sra     t0, a3, s3
core   0: 3 0x80006c98 (0x4136d2b3) x 5 0x00000008
core   0: 0x80006c9c (0x0086e2b3) or      t0, a3, s0
core   0: 3 0x80006c9c (0x0086e2b3) x 5 0x80873e64
core   0: 0x80006ca0 (0xf701ef13) ori     t5, gp, -144
core   0: 3 0x80006ca0 (0xf701ef13) x30 0xffffff70
core   0: 0x80006ca4 (0xf211b613) sltiu   a2, gp, -223
core   0: 3 0x80006ca4 (0xf211b613) x12 0x00000001
core   0: 0x80006ca8 (0x0197d0b3) srl     ra, a5, s9
core   0: 3 0x80006ca8 (0x0197d0b3) x 1 0x00003fd3
core   0: 0x80006cac (0x384e2e13) slti    t3, t3, 900
core   0: 3 0x80006cac (0x384e2e13) x28 0x00000000
core   0: 0x80006cb0 (0x00b4a833) slt     a6, s1, a1
core   0: 3 0x80006cb0 (0x00b4a833) x16 0x00000000
core   0: 0x80006cb4 (0x01e51433) sll     s0, a0, t5
core   0: 3 0x80006cb4 (0x01e51433) x 8 0x80000000
core   0: 0x80006cb8 (0xf3b5ea13) ori     s4, a1, -197
core   0: 3 0x80006cb8 (0xf3b5ea13) x20 0xffffff3b
core   0: 0x80006cbc (0x0143c333) xor     t1, t2, s4
core   0: 3 0x80006cbc (0x0143c333) x 6 0xffffff3b
core   0: 0x80006cc0 (0x004b1db3) sll     s11, s6, tp
core   0: 3 0x80006cc0 (0x004b1db3) x27 0x798fc140
core   0: 0x80006cc4 (0x0004fcb3) and     s9, s1, zero
core   0: 3 0x80006cc4 (0x0004fcb3) x25 0x00000000
core   0: 0x80006cc8 (0x01b8e433) or      s0, a7, s11
core   0: 3 0x80006cc8 (0x01b8e433) x 8 0xff8fd559
core   0: 0x80006ccc (0x00000013) nop
core   0: 3 0x80006ccc (0x00000013)
core   0: 0x80006cd0 (0x01f54eb3) xor     t4, a0, t6
core   0: 3 0x80006cd0 (0x01f54eb3) x29 0x8001cce4
core   0: 0x80006cd4 (0x1ca1ee13) ori     t3, gp, 458
core   0: 3 0x80006cd4 (0x1ca1ee13) x28 0x000001ca
core   0: 0x80006cd8 (0x01ee1193) slli    gp, t3, 30
core   0: 3 0x80006cd8 (0x01ee1193) x 3 0x80000000
core   0: 0x80006cdc (0x406bdbb3) sra     s7, s7, t1
core   0: 3 0x80006cdc (0x406bdbb3) x23 0x00000004
core   0: 0x80006ce0 (0x937ac893) xori    a7, s5, -1737
core   0: 3 0x80006ce0 (0x937ac893) x17 0xfffff937
core   0: 0x80006ce4 (0x01b4db13) srli    s6, s1, 27
core   0: 3 0x80006ce4 (0x01b4db13) x22 0x00000000
core   0: 0x80006ce8 (0x12966213) ori     tp, a2, 297
core   0: 3 0x80006ce8 (0x12966213) x 4 0x00000129
core   0: 0x80006cec (0x1c617d37) lui     s10, 0x1c617
core   0: 3 0x80006cec (0x1c617d37) x26 0x1c617000
core   0: 0x80006cf0 (0x019c1113) slli    sp, s8, 25
core   0: 3 0x80006cf0 (0x019c1113) x 2 0xb4000000
core   0: 0x80006cf4 (0x00120633) add     a2, tp, ra
core   0: 3 0x80006cf4 (0x00120633) x12 0x000040fc
core   0: 0x80006cf8 (0xd5a1b193) sltiu   gp, gp, -678
core   0: 3 0x80006cf8 (0xd5a1b193) x 3 0x00000001
core   0: 0x80006cfc (0x00b95433) srl     s0, s2, a1
core   0: 3 0x80006cfc (0x00b95433) x 8 0x00000000
core   0: 0x80006d00 (0x00f6ed33) or      s10, a3, a5
core   0: 3 0x80006d00 (0x00f6ed33) x26 0xffcfbb7e
core   0: 0x80006d04 (0xde435617) auipc   a2, 0xde435
core   0: 3 0x80006d04 (0xde435617) x12 0x5e43bd04
core   0: 0x80006d08 (0x008273b3) and     t2, tp, s0
core   0: 3 0x80006d08 (0x008273b3) x 7 0x00000000
core   0: 0x80006d0c (0xd8e04d93) xori    s11, zero, -626
core   0: 3 0x80006d0c (0xd8e04d93) x27 0xfffffd8e
core   0: 0x80006d10 (0x41240633) sub     a2, s0, s2
core   0: 3 0x80006d10 (0x41240633) x12 0x00000000
core   0: 0x80006d14 (0x004a5a33) srl     s4, s4, tp
core   0: 3 0x80006d14 (0x004a5a33) x20 0x007fffff
core   0: 0x80006d18 (0x01fd1633) sll     a2, s10, t6
core   0: 3 0x80006d18 (0x01fd1633) x12 0xfcfbb7e0
core   0: 0x80006d1c (0x00324333) xor     t1, tp, gp
core   0: 3 0x80006d1c (0x00324333) x 6 0x00000128
core   0: 0x80006d20 (0x0119c933) xor     s2, s3, a7
core   0: 3 0x80006d20 (0x0119c933) x18 0x18670523
core   0: 0x80006d24 (0xefbbe993) ori     s3, s7, -261
core   0: 3 0x80006d24 (0xefbbe993) x19 0xfffffeff
core   0: 0x80006d28 (0x01bb2bb3) slt     s7, s6, s11
core   0: 3 0x80006d28 (0x01bb2bb3) x23 0x00000000
core   0: 0x80006d2c (0x01d65693) srli    a3, a2, 29
core   0: 3 0x80006d2c (0x01d65693) x13 0x00000007
core   0: 0x80006d30 (0x63754193) xori    gp, a0, 1591
core   0: 3 0x80006d30 (0x63754193) x 3 0x00008637
core   0: 0x80006d34 (0x00dcf693) andi    a3, s9, 13
core   0: 3 0x80006d34 (0x00dcf693) x13 0x00000000
core   0: 0x80006d38 (0x00000013) nop
core   0: 3 0x80006d38 (0x00000013)
core   0: 0x80006d3c (0xd9c38013) addi    zero, t2, -612
core   0: 3 0x80006d3c (0xd9c38013)
core   0: 0x80006d40 (0x00b39493) slli    s1, t2, 11
core   0: 3 0x80006d40 (0x00b39493) x 9 0x00000000
core   0: 0x80006d44 (0x000d5c93) srli    s9, s10, 0
core   0: 3 0x80006d44 (0x000d5c93) x25 0xffcfbb7e
core   0: 0x80006d48 (0x40db5d93) srai    s11, s6, 13
core   0: 3 0x80006d48 (0x40db5d93) x27 0x00000000
core   0: 0x80006d4c (0x0011e833) or      a6, gp, ra
core   0: 3 0x80006d4c (0x0011e833) x16 0x0000bff7
core   0: 0x80006d50 (0xc631f337) lui     t1, 0xc631f
core   0: 3 0x80006d50 (0xc631f337) x 6 0xc631f000
core   0: 0x80006d54 (0x403a5a33) sra     s4, s4, gp
core   0: 3 0x80006d54 (0x403a5a33) x20 0x00000000
core   0: 0x80006d58 (0x9a7da613) slti    a2, s11, -1625
core   0: 3 0x80006d58 (0x9a7da613) x12 0x00000000
core   0: 0x80006d5c (0x00000013) nop
core   0: 3 0x80006d5c (0x00000013)
core   0: 0x80006d60 (0x01c75e93) srli    t4, a4, 28
core   0: 3 0x80006d60 (0x01c75e93) x29 0x00000008
core   0: 0x80006d64 (0x40665c93) srai    s9, a2, 6
core   0: 3 0x80006d64 (0x40665c93) x25 0x00000000
core   0: 0x80006d68 (0x00a79db3) sll     s11, a5, a0
core   0: 3 0x80006d68 (0x00a79db3) x27 0xff4e9b7e
core   0: 0x80006d6c (0xb00a4493) xori    s1, s4, -1280
core   0: 3 0x80006d6c (0xb00a4493) x 9 0xfffffb00
core   0: 0x80006d70 (0xfe10d937) lui     s2, 0xfe10d
core   0: 3 0x80006d70 (0xfe10d937) x18 0xfe10d000
core   0: 0x80006d74 (0x00c08633) add     a2, ra, a2
core   0: 3 0x80006d74 (0x00c08633) x12 0x00003fd3
core   0: 0x80006d78 (0x40748233) sub     tp, s1, t2
core   0: 3 0x80006d78 (0x40748233) x 4 0xfffffb00
core   0: 0x80006d7c (0x0008d813) srli    a6, a7, 0
core   0: 3 0x80006d7c (0x0008d813) x16 0xfffff937
core   0: 0x80006d80 (0x8f3c3613) sltiu   a2, s8, -1805
core   0: 3 0x80006d80 (0x8f3c3613) x12 0x00000001
core   0: 0x80006d84 (0x01805d13) srli    s10, zero, 24
core   0: 3 0x80006d84 (0x01805d13) x26 0x00000000
core   0: 0x80006d88 (0x01345393) srli    t2, s0, 19
core   0: 3 0x80006d88 (0x01345393) x 7 0x00000000
core   0: 0x80006d8c (0x02a02a37) lui     s4, 0x2a02
core   0: 3 0x80006d8c (0x02a02a37) x20 0x02a02000
core   0: 0x80006d90 (0x003f5db3) srl     s11, t5, gp
core   0: 3 0x80006d90 (0x003f5db3) x27 0x000001ff
core   0: 0x80006d94 (0x00143633) sltu    a2, s0, ra
core   0: 3 0x80006d94 (0x00143633) x12 0x00000001
core   0: 0x80006d98 (0x40ae5333) sra     t1, t3, a0
core   0: 3 0x80006d98 (0x40ae5333) x 6 0x000001ca
core   0: 0x80006d9c (0x01a74eb3) xor     t4, a4, s10
core   0: 3 0x80006d9c (0x01a74eb3) x29 0x80010e64
core   0: 0x80006da0 (0x2f92ac13) slti    s8, t0, 761
core   0: 3 0x80006da0 (0x2f92ac13) x24 0x00000001
core   0: 0x80006da4 (0x41d9d6b3) sra     a3, s3, t4
core   0: 3 0x80006da4 (0x41d9d6b3) x13 0xffffffef
core   0: 0x80006da8 (0x77918a13) addi    s4, gp, 1913
core   0: 3 0x80006da8 (0x77918a13) x20 0x00008db0
core   0: 0x80006dac (0x553dd097) auipc   ra, 0x553dd
core   0: 3 0x80006dac (0x553dd097) x 1 0xd53e3dac
core   0: 0x80006db0 (0xa1a92e93) slti    t4, s2, -1510
core   0: 3 0x80006db0 (0xa1a92e93) x29 0x00000001
core   0: 0x80006db4 (0x00e88333) add     t1, a7, a4
core   0: 3 0x80006db4 (0x00e88333) x 6 0x8001079b
core   0: 0x80006db8 (0x010e5533) srl     a0, t3, a6
core   0: 3 0x80006db8 (0x010e5533) x10 0x00000000
core   0: 0x80006dbc (0x01964db3) xor     s11, a2, s9
core   0: 3 0x80006dbc (0x01964db3) x27 0x00000001
core   0: 0x80006dc0 (0x01f6f1b3) and     gp, a3, t6
core   0: 3 0x80006dc0 (0x01f6f1b3) x 3 0x80014ce4
core   0: 0x80006dc4 (0x400d03b3) sub     t2, s10, zero
core   0: 3 0x80006dc4 (0x400d03b3) x 7 0x00000000
core   0: 0x80006dc8 (0x40e55913) srai    s2, a0, 14
core   0: 3 0x80006dc8 (0x40e55913) x18 0x00000000
core   0: 0x80006dcc (0x400c5e33) sra     t3, s8, zero
core   0: 3 0x80006dcc (0x400c5e33) x28 0x00000001
core   0: 0x80006dd0 (0x00d99a13) slli    s4, s3, 13
core   0: 3 0x80006dd0 (0x00d99a13) x20 0xffdfe000
core   0: 0x80006dd4 (0x00c61ab3) sll     s5, a2, a2
core   0: 3 0x80006dd4 (0x00c61ab3) x21 0x00000002
core   0: 0x80006dd8 (0x00b470b3) and     ra, s0, a1
core   0: 3 0x80006dd8 (0x00b470b3) x 1 0x00000000
core   0: 0x80006ddc (0x00feb1b3) sltu    gp, t4, a5
core   0: 3 0x80006ddc (0x00feb1b3) x 3 0x00000001
core   0: 0x80006de0 (0x00f85f13) srli    t5, a6, 15
core   0: 3 0x80006de0 (0x00f85f13) x30 0x0001ffff
core   0: 0x80006de4 (0x48e3a613) slti    a2, t2, 1166
core   0: 3 0x80006de4 (0x48e3a613) x12 0x00000001
core   0: 0x80006de8 (0x016ac2b3) xor     t0, s5, s6
core   0: 3 0x80006de8 (0x016ac2b3) x 5 0x00000002
core   0: 0x80006dec (0x019e8f33) add     t5, t4, s9
core   0: 3 0x80006dec (0x019e8f33) x30 0x00000001
core   0: 0x80006df0 (0x1c28ff17) auipc   t5, 0x1c28f
core   0: 3 0x80006df0 (0x1c28ff17) x30 0x9c295df0
core   0: 0x80006df4 (0x00000013) nop
core   0: 3 0x80006df4 (0x00000013)
core   0: 0x80006df8 (0x0068d993) srli    s3, a7, 6
core   0: 3 0x80006df8 (0x0068d993) x19 0x03ffffe4
core   0: 0x80006dfc (0x00d0cbb3) xor     s7, ra, a3
core   0: 3 0x80006dfc (0x00d0cbb3) x23 0xffffffef
core   0: 0x80006e00 (0x0066d433) srl     s0, a3, t1
core   0: 3 0x80006e00 (0x0066d433) x 8 0x0000001f
core   0: 0x80006e04 (0x2d211237) lui     tp, 0x2d211
core   0: 3 0x80006e04 (0x2d211237) x 4 0x2d211000
core   0: 0x80006e08 (0x080ea193) slti    gp, t4, 128
core   0: 3 0x80006e08 (0x080ea193) x 3 0x00000001
core   0: 0x80006e0c (0x003afdb3) and     s11, s5, gp
core   0: 3 0x80006e0c (0x003afdb3) x27 0x00000000
core   0: 0x80006e10 (0x006e3f33) sltu    t5, t3, t1
core   0: 3 0x80006e10 (0x006e3f33) x30 0x00000001
core   0: 0x80006e14 (0x00ad5913) srli    s2, s10, 10
core   0: 3 0x80006e14 (0x00ad5913) x18 0x00000000
core   0: 0x80006e18 (0x01529bb3) sll     s7, t0, s5
core   0: 3 0x80006e18 (0x01529bb3) x23 0x00000008
core   0: 0x80006e1c (0x0c7b4f37) lui     t5, 0xc7b4
core   0: 3 0x80006e1c (0x0c7b4f37) x30 0x0c7b4000
core   0: 0x80006e20 (0x4042de93) srai    t4, t0, 4
core   0: 3 0x80006e20 (0x4042de93) x29 0x00000000
core   0: 0x80006e24 (0x01b88ab7) lui     s5, 0x1b88
core   0: 3 0x80006e24 (0x01b88ab7) x21 0x01b88000
core   0: 0x80006e28 (0xcb5a66b7) lui     a3, 0xcb5a6
core   0: 3 0x80006e28 (0xcb5a66b7) x13 0xcb5a6000
core   0: 0x80006e2c (0x673b3a13) sltiu   s4, s6, 1651
core   0: 3 0x80006e2c (0x673b3a13) x20 0x00000001
core   0: 0x80006e30 (0x012dd093) srli    ra, s11, 18
core   0: 3 0x80006e30 (0x012dd093) x 1 0x00000000
core   0: 0x80006e34 (0xa4660a17) auipc   s4, 0xa4660
core   0: 3 0x80006e34 (0xa4660a17) x20 0x24666e34
core   0: 0x80006e38 (0x00191d13) slli    s10, s2, 1
core   0: 3 0x80006e38 (0x00191d13) x26 0x00000000
core   0: 0x80006e3c (0x47ee2e93) slti    t4, t3, 1150
core   0: 3 0x80006e3c (0x47ee2e93) x29 0x00000001
core   0: 0x80006e40 (0x40f556b3) sra     a3, a0, a5
core   0: 3 0x80006e40 (0x40f556b3) x13 0x00000000
core   0: 0x80006e44 (0x01951033) sll     zero, a0, s9
core   0: 3 0x80006e44 (0x01951033)
core   0: 0x80006e48 (0x00432d33) slt     s10, t1, tp
core   0: 3 0x80006e48 (0x00432d33) x26 0x00000001
core   0: 0x80006e4c (0x2b4f7813) andi    a6, t5, 692
core   0: 3 0x80006e4c (0x2b4f7813) x16 0x00000000
core   0: 0x80006e50 (0x000e1913) slli    s2, t3, 0
core   0: 3 0x80006e50 (0x000e1913) x18 0x00000001
core   0: 0x80006e54 (0x40dbdd93) srai    s11, s7, 13
core   0: 3 0x80006e54 (0x40dbdd93) x27 0x00000000
core   0: 0x80006e58 (0x4065deb3) sra     t4, a1, t1
core   0: 3 0x80006e58 (0x4065deb3) x29 0x00000000
core   0: 0x80006e5c (0x015db4b3) sltu    s1, s11, s5
core   0: 3 0x80006e5c (0x015db4b3) x 9 0x00000001
core   0: 0x80006e60 (0x0086d6b3) srl     a3, a3, s0
core   0: 3 0x80006e60 (0x0086d6b3) x13 0x00000000
core   0: 0x80006e64 (0xab0c7193) andi    gp, s8, -1360
core   0: 3 0x80006e64 (0xab0c7193) x 3 0x00000000
core   0: 0x80006e68 (0xfd237c93) andi    s9, t1, -46
core   0: 3 0x80006e68 (0xfd237c93) x25 0x80010792
core   0: 0x80006e6c (0x00d7ccb3) xor     s9, a5, a3
core   0: 3 0x80006e6c (0x00d7ccb3) x25 0xff4e9b7e
core   0: 0x80006e70 (0x00179313) slli    t1, a5, 1
core   0: 3 0x80006e70 (0x00179313) x 6 0xfe9d36fc
core   0: 0x80006e74 (0x41d15413) srai    s0, sp, 29
core   0: 3 0x80006e74 (0x41d15413) x 8 0xfffffffd
core   0: 0x80006e78 (0x015ebe33) sltu    t3, t4, s5
core   0: 3 0x80006e78 (0x015ebe33) x28 0x00000001
core   0: 0x80006e7c (0x48928913) addi    s2, t0, 1161
core   0: 3 0x80006e7c (0x48928913) x18 0x0000048b
core   0: 0x80006e80 (0x01e9d433) srl     s0, s3, t5
core   0: 3 0x80006e80 (0x01e9d433) x 8 0x03ffffe4
core   0: 0x80006e84 (0x01075c33) srl     s8, a4, a6
core   0: 3 0x80006e84 (0x01075c33) x24 0x80010e64
core   0: 0x80006e88 (0x402d5f33) sra     t5, s10, sp
core   0: 3 0x80006e88 (0x402d5f33) x30 0x00000001
core   0: 0x80006e8c (0x00aa0c33) add     s8, s4, a0
core   0: 3 0x80006e8c (0x00aa0c33) x24 0x24666e34
core   0: 0x80006e90 (0x183af393) andi    t2, s5, 387
core   0: 3 0x80006e90 (0x183af393) x 7 0x00000000
core   0: 0x80006e94 (0x01a82eb3) slt     t4, a6, s10
core   0: 3 0x80006e94 (0x01a82eb3) x29 0x00000001
core   0: 0x80006e98 (0x032a6237) lui     tp, 0x32a6
core   0: 3 0x80006e98 (0x032a6237) x 4 0x032a6000
core   0: 0x80006e9c (0x01bcd533) srl     a0, s9, s11
core   0: 3 0x80006e9c (0x01bcd533) x10 0xff4e9b7e
core   0: 0x80006ea0 (0x0153de93) srli    t4, t2, 21
core   0: 3 0x80006ea0 (0x0153de93) x29 0x00000000
core   0: 0x80006ea4 (0x92530a93) addi    s5, t1, -1755
core   0: 3 0x80006ea4 (0x92530a93) x21 0xfe9d3021
core   0: 0x80006ea8 (0x262f8813) addi    a6, t6, 610
core   0: 3 0x80006ea8 (0x262f8813) x16 0x80014f46
core   0: 0x80006eac (0x013709b3) add     s3, a4, s3
core   0: 3 0x80006eac (0x013709b3) x19 0x84010e48
core   0: 0x80006eb0 (0x40ff5033) sra     zero, t5, a5
core   0: 3 0x80006eb0 (0x40ff5033)
core   0: 0x80006eb4 (0xd4b4e613) ori     a2, s1, -693
core   0: 3 0x80006eb4 (0xd4b4e613) x12 0xfffffd4b
core   0: 0x80006eb8 (0xa63c4513) xori    a0, s8, -1437
core   0: 3 0x80006eb8 (0xa63c4513) x10 0xdb999457
core   0: 0x80006ebc (0xa7e6cf13) xori    t5, a3, -1410
core   0: 3 0x80006ebc (0xa7e6cf13) x30 0xfffffa7e
core   0: 0x80006ec0 (0x0182da93) srli    s5, t0, 24
core   0: 3 0x80006ec0 (0x0182da93) x21 0x00000000
core   0: 0x80006ec4 (0x2bc63913) sltiu   s2, a2, 700
core   0: 3 0x80006ec4 (0x2bc63913) x18 0x00000000
core   0: 0x80006ec8 (0x00983c33) sltu    s8, a6, s1
core   0: 3 0x80006ec8 (0x00983c33) x24 0x00000000
core   0: 0x80006ecc (0x7b827013) andi    zero, tp, 1976
core   0: 3 0x80006ecc (0x7b827013)
core   0: 0x80006ed0 (0xfc560e93) addi    t4, a2, -59
core   0: 3 0x80006ed0 (0xfc560e93) x29 0xfffffd10
core   0: 0x80006ed4 (0x1e702293) slti    t0, zero, 487
core   0: 3 0x80006ed4 (0x1e702293) x 5 0x00000001
core   0: 0x80006ed8 (0x00981093) slli    ra, a6, 9
core   0: 3 0x80006ed8 (0x00981093) x 1 0x029e8c00
core   0: 0x80006edc (0x005ed213) srli    tp, t4, 5
core   0: 3 0x80006edc (0x005ed213) x 4 0x07ffffe8
core   0: 0x80006ee0 (0x5a830493) addi    s1, t1, 1448
core   0: 3 0x80006ee0 (0x5a830493) x 9 0xfe9d3ca4
core   0: 0x80006ee4 (0x41415313) srai    t1, sp, 20
core   0: 3 0x80006ee4 (0x41415313) x 6 0xfffffb40
core   0: 0x80006ee8 (0x40d28133) sub     sp, t0, a3
core   0: 3 0x80006ee8 (0x40d28133) x 2 0x00000001
core   0: 0x80006eec (0x00168233) add     tp, a3, ra
core   0: 3 0x80006eec (0x00168233) x 4 0x029e8c00
core   0: 0x80006ef0 (0x014e6233) or      tp, t3, s4
core   0: 3 0x80006ef0 (0x014e6233) x 4 0x24666e35
core   0: 0x80006ef4 (0x00212833) slt     a6, sp, sp
core   0: 3 0x80006ef4 (0x00212833) x16 0x00000000
core   0: 0x80006ef8 (0x00000013) nop
core   0: 3 0x80006ef8 (0x00000013)
core   0: 0x80006efc (0x011c2cb3) slt     s9, s8, a7
core   0: 3 0x80006efc (0x011c2cb3) x25 0x00000000
core   0: 0x80006f00 (0x007c1933) sll     s2, s8, t2
core   0: 3 0x80006f00 (0x007c1933) x18 0x00000000
core   0: 0x80006f04 (0x005fff33) and     t5, t6, t0
core   0: 3 0x80006f04 (0x005fff33) x30 0x00000000
core   0: 0x80006f08 (0x83807493) andi    s1, zero, -1992
core   0: 3 0x80006f08 (0x83807493) x 9 0x00000000
core   0: 0x80006f0c (0x41050bb3) sub     s7, a0, a6
core   0: 3 0x80006f0c (0x41050bb3) x23 0xdb999457
core   0: 0x80006f10 (0x016216b3) sll     a3, tp, s6
core   0: 3 0x80006f10 (0x016216b3) x13 0x24666e35
core   0: 0x80006f14 (0x01161513) slli    a0, a2, 17
core   0: 3 0x80006f14 (0x01161513) x10 0xfa960000
core   0: 0x80006f18 (0x34706513) ori     a0, zero, 839
core   0: 3 0x80006f18 (0x34706513) x10 0x00000347
core   0: 0x80006f1c (0x4188db33) sra     s6, a7, s8
core   0: 3 0x80006f1c (0x4188db33) x22 0xfffff937
core   0: 0x80006f20 (0x003b0533) add     a0, s6, gp
core   0: 3 0x80006f20 (0x003b0533) x10 0xfffff937
core   0: 0x80006f24 (0x00000013) nop
core   0: 3 0x80006f24 (0x00000013)
core   0: 0x80006f28 (0x928d02b7) lui     t0, 0x928d0
core   0: 3 0x80006f28 (0x928d02b7) x 5 0x928d0000
core   0: 0x80006f2c (0x00e41213) slli    tp, s0, 14
core   0: 3 0x80006f2c (0x00e41213) x 4 0xfff90000
core   0: 0x80006f30 (0x01056a33) or      s4, a0, a6
core   0: 3 0x80006f30 (0x01056a33) x20 0xfffff937
core   0: 0x80006f34 (0x003b93b3) sll     t2, s7, gp
core   0: 3 0x80006f34 (0x003b93b3) x 7 0xdb999457
core   0: 0x80006f38 (0xa6784b13) xori    s6, a6, -1433
core   0: 3 0x80006f38 (0xa6784b13) x22 0xfffffa67
core   0: 0x80006f3c (0xd34c0113) addi    sp, s8, -716
core   0: 3 0x80006f3c (0xd34c0113) x 2 0xfffffd34
core   0: 0x80006f40 (0x309d7413) andi    s0, s10, 777
core   0: 3 0x80006f40 (0x309d7413) x 8 0x00000001
core   0: 0x80006f44 (0xf818f517) auipc   a0, 0xf818f
core   0: 3 0x80006f44 (0xf818f517) x10 0x78195f44
core   0: 0x80006f48 (0x00ebd033) srl     zero, s7, a4
core   0: 3 0x80006f48 (0x00ebd033)
core   0: 0x80006f4c (0xf928fe93) andi    t4, a7, -110
core   0: 3 0x80006f4c (0xf928fe93) x29 0xfffff912
core   0: 0x80006f50 (0x41825933) sra     s2, tp, s8
core   0: 3 0x80006f50 (0x41825933) x18 0xfff90000
core   0: 0x80006f54 (0x0093da93) srli    s5, t2, 9
core   0: 3 0x80006f54 (0x0093da93) x21 0x006dccca
core   0: 0x80006f58 (0x019c7a33) and     s4, s8, s9
core   0: 3 0x80006f58 (0x019c7a33) x20 0x00000000
core   0: 0x80006f5c (0x027c3c13) sltiu   s8, s8, 39
core   0: 3 0x80006f5c (0x027c3c13) x24 0x00000001
core   0: 0x80006f60 (0x0191c8b3) xor     a7, gp, s9
core   0: 3 0x80006f60 (0x0191c8b3) x17 0x00000000
core   0: 0x80006f64 (0x01211493) slli    s1, sp, 18
core   0: 3 0x80006f64 (0x01211493) x 9 0xf4d00000
core   0: 0x80006f68 (0x00000013) nop
core   0: 3 0x80006f68 (0x00000013)
core   0: 0x80006f6c (0x4061de13) srai    t3, gp, 6
core   0: 3 0x80006f6c (0x4061de13) x28 0x00000000
core   0: 0x80006f70 (0x00000013) nop
core   0: 3 0x80006f70 (0x00000013)
core   0: 0x80006f74 (0x4329c217) auipc   tp, 0x4329c
core   0: 3 0x80006f74 (0x4329c217) x 4 0xc32a2f74
core   0: 0x80006f78 (0x01bb8cb3) add     s9, s7, s11
core   0: 3 0x80006f78 (0x01bb8cb3) x25 0xdb999457
core   0: 0x80006f7c (0x00adfcb3) and     s9, s11, a0
core   0: 3 0x80006f7c (0x00adfcb3) x25 0x00000000
core   0: 0x80006f80 (0x4161d913) srai    s2, gp, 22
core   0: 3 0x80006f80 (0x4161d913) x18 0x00000000
core   0: 0x80006f84 (0x01f34a33) xor     s4, t1, t6
core   0: 3 0x80006f84 (0x01f34a33) x20 0x7ffeb7a4
core   0: 0x80006f88 (0x003338b3) sltu    a7, t1, gp
core   0: 3 0x80006f88 (0x003338b3) x17 0x00000000
core   0: 0x80006f8c (0x018edd93) srli    s11, t4, 24
core   0: 3 0x80006f8c (0x018edd93) x27 0x000000ff
core   0: 0x80006f90 (0x01f28b33) add     s6, t0, t6
core   0: 3 0x80006f90 (0x01f28b33) x22 0x128e4ce4
core   0: 0x80006f94 (0x00832e33) slt     t3, t1, s0
core   0: 3 0x80006f94 (0x00832e33) x28 0x00000001
core   0: 0x80006f98 (0x33cfb613) sltiu   a2, t6, 828
core   0: 3 0x80006f98 (0x33cfb613) x12 0x00000000
core   0: 0x80006f9c (0xadbfbb97) auipc   s7, 0xadbfb
core   0: 3 0x80006f9c (0xadbfbb97) x23 0x2dc01f9c
core   0: 0x80006fa0 (0x92600697) auipc   a3, 0x92600
core   0: 3 0x80006fa0 (0x92600697) x13 0x12606fa0
core   0: 0x80006fa4 (0x009cf1b3) and     gp, s9, s1
core   0: 3 0x80006fa4 (0x009cf1b3) x 3 0x00000000
core   0: 0x80006fa8 (0x41d603b3) sub     t2, a2, t4
core   0: 3 0x80006fa8 (0x41d603b3) x 7 0x000006ee
core   0: 0x80006fac (0x01775e93) srli    t4, a4, 23
core   0: 3 0x80006fac (0x01775e93) x29 0x00000100
core   0: 0x80006fb0 (0x34c1f613) andi    a2, gp, 844
core   0: 3 0x80006fb0 (0x34c1f613) x12 0x00000000
core   0: 0x80006fb4 (0x00e3dcb3) srl     s9, t2, a4
core   0: 3 0x80006fb4 (0x00e3dcb3) x25 0x0000006e
core   0: 0x80006fb8 (0x0015bab3) sltu    s5, a1, ra
core   0: 3 0x80006fb8 (0x0015bab3) x21 0x00000001
core   0: 0x80006fbc (0x019d5333) srl     t1, s10, s9
core   0: 3 0x80006fbc (0x019d5333) x 6 0x00000000
core   0: 0x80006fc0 (0x01e9db33) srl     s6, s3, t5
core   0: 3 0x80006fc0 (0x01e9db33) x22 0x84010e48
core   0: 0x80006fc4 (0x018ac9b3) xor     s3, s5, s8
core   0: 3 0x80006fc4 (0x018ac9b3) x19 0x00000000
core   0: 0x80006fc8 (0x00cfa1b3) slt     gp, t6, a2
core   0: 3 0x80006fc8 (0x00cfa1b3) x 3 0x00000001
core   0: 0x80006fcc (0x00b52e33) slt     t3, a0, a1
core   0: 3 0x80006fcc (0x00b52e33) x28 0x00000000
core   0: 0x80006fd0 (0x43932393) slti    t2, t1, 1081
core   0: 3 0x80006fd0 (0x43932393) x 7 0x00000001
core   0: 0x80006fd4 (0x10dccf13) xori    t5, s9, 269
core   0: 3 0x80006fd4 (0x10dccf13) x30 0x00000163
core   0: 0x80006fd8 (0x8ba72e93) slti    t4, a4, -1862
core   0: 3 0x80006fd8 (0x8ba72e93) x29 0x00000001
core   0: 0x80006fdc (0x01f51033) sll     zero, a0, t6
core   0: 3 0x80006fdc (0x01f51033)
core   0: 0x80006fe0 (0x0118eeb3) or      t4, a7, a7
core   0: 3 0x80006fe0 (0x0118eeb3) x29 0x00000000
core   0: 0x80006fe4 (0x017e0cb3) add     s9, t3, s7
core   0: 3 0x80006fe4 (0x017e0cb3) x25 0x2dc01f9c
core   0: 0x80006fe8 (0x01009f13) slli    t5, ra, 16
core   0: 3 0x80006fe8 (0x01009f13) x30 0x8c000000
core   0: 0x80006fec (0x00000013) nop
core   0: 3 0x80006fec (0x00000013)
core   0: 0x80006ff0 (0x0e932313) slti    t1, t1, 233
core   0: 3 0x80006ff0 (0x0e932313) x 6 0x00000001
core   0: 0x80006ff4 (0x01a75593) srli    a1, a4, 26
core   0: 3 0x80006ff4 (0x01a75593) x11 0x00000020
core   0: 0x80006ff8 (0x80db4197) auipc   gp, 0x80db4
core   0: 3 0x80006ff8 (0x80db4197) x 3 0x00dbaff8
core   0: 0x80006ffc (0x41a35613) srai    a2, t1, 26
core   0: 3 0x80006ffc (0x41a35613) x12 0x00000000
core   0: 0x80007000 (0x018abd33) sltu    s10, s5, s8
core   0: 3 0x80007000 (0x018abd33) x26 0x00000000
core   0: 0x80007004 (0x56b10493) addi    s1, sp, 1387
core   0: 3 0x80007004 (0x56b10493) x 9 0x0000029f
core   0: 0x80007008 (0x00000013) nop
core   0: 3 0x80007008 (0x00000013)
core   0: 0x8000700c (0x01105f33) srl     t5, zero, a7
core   0: 3 0x8000700c (0x01105f33) x30 0x00000000
core   0: 0x80007010 (0x06178213) addi    tp, a5, 97
core   0: 3 0x80007010 (0x06178213) x 4 0xff4e9bdf
core   0: 0x80007014 (0x015234b3) sltu    s1, tp, s5
core   0: 3 0x80007014 (0x015234b3) x 9 0x00000000
core   0: 0x80007018 (0x17830613) addi    a2, t1, 376
core   0: 3 0x80007018 (0x17830613) x12 0x00000179
core   0: 0x8000701c (0x24ac6013) ori     zero, s8, 586
core   0: 3 0x8000701c (0x24ac6013)
core   0: 0x80007020 (0x00479bb3) sll     s7, a5, tp
core   0: 3 0x80007020 (0x00479bb3) x23 0x00000000
core   0: 0x80007024 (0x0178ecb3) or      s9, a7, s7
core   0: 3 0x80007024 (0x0178ecb3) x25 0x00000000
core   0: 0x80007028 (0x414f04b3) sub     s1, t5, s4
core   0: 3 0x80007028 (0x414f04b3) x 9 0x8001485c
core   0: 0x8000702c (0xc7c448b7) lui     a7, 0xc7c44
core   0: 3 0x8000702c (0xc7c448b7) x17 0xc7c44000
core   0: 0x80007030 (0x40c40d33) sub     s10, s0, a2
core   0: 3 0x80007030 (0x40c40d33) x26 0xfffffe88
core   0: 0x80007034 (0x00000013) nop
core   0: 3 0x80007034 (0x00000013)
core   0: 0x80007038 (0xe1522c13) slti    s8, tp, -491
core   0: 3 0x80007038 (0xe1522c13) x24 0x00000001
core   0: 0x8000703c (0x00f56033) or      zero, a0, a5
core   0: 3 0x8000703c (0x00f56033)
core   0: 0x80007040 (0x007febb3) or      s7, t6, t2
core   0: 3 0x80007040 (0x007febb3) x23 0x80014ce5
core   0: 0x80007044 (0x00771013) slli    zero, a4, 7
core   0: 3 0x80007044 (0x00771013)
core   0: 0x80007048 (0x680a3513) sltiu   a0, s4, 1664
core   0: 3 0x80007048 (0x680a3513) x10 0x00000000
core   0: 0x8000704c (0x01af4833) xor     a6, t5, s10
core   0: 3 0x8000704c (0x01af4833) x16 0xfffffe88
core   0: 0x80007050 (0x01dd8c33) add     s8, s11, t4
core   0: 3 0x80007050 (0x01dd8c33) x24 0x000000ff
core   0: 0x80007054 (0x01713133) sltu    sp, sp, s7
core   0: 3 0x80007054 (0x01713133) x 2 0x00000000
core   0: 0x80007058 (0x01de5413) srli    s0, t3, 29
core   0: 3 0x80007058 (0x01de5413) x 8 0x00000000
core   0: 0x8000705c (0x0076ea33) or      s4, a3, t2
core   0: 3 0x8000705c (0x0076ea33) x20 0x12606fa1
core   0: 0x80007060 (0x016fd033) srl     zero, t6, s6
core   0: 3 0x80007060 (0x016fd033)
core   0: 0x80007064 (0xb31de893) ori     a7, s11, -1231
core   0: 3 0x80007064 (0xb31de893) x17 0xfffffbff
core   0: 0x80007068 (0x400bdf13) srai    t5, s7, 0
core   0: 3 0x80007068 (0x400bdf13) x30 0x80014ce5
core   0: 0x8000706c (0x01102233) slt     tp, zero, a7
core   0: 3 0x8000706c (0x01102233) x 4 0x00000000
core   0: 0x80007070 (0xd3a1b913) sltiu   s2, gp, -710
core   0: 3 0x80007070 (0xd3a1b913) x18 0x00000001
core   0: 0x80007074 (0x32218113) addi    sp, gp, 802
core   0: 3 0x80007074 (0x32218113) x 2 0x00dbb31a
core   0: 0x80007078 (0x006bd333) srl     t1, s7, t1
core   0: 3 0x80007078 (0x006bd333) x 6 0x4000a672
core   0: 0x8000707c (0x00000013) nop
core   0: 3 0x8000707c (0x00000013)
core   0: 0x80007080 (0x16120f13) addi    t5, tp, 353
core   0: 3 0x80007080 (0x16120f13) x30 0x00000161
core   0: 0x80007084 (0x00d526b3) slt     a3, a0, a3
core   0: 3 0x80007084 (0x00d526b3) x13 0x00000001
core   0: 0x80007088 (0x0096a633) slt     a2, a3, s1
core   0: 3 0x80007088 (0x0096a633) x12 0x00000000
core   0: 0x8000708c (0xa0f97f13) andi    t5, s2, -1521
core   0: 3 0x8000708c (0xa0f97f13) x30 0x00000001
core   0: 0x80007090 (0x409e5f13) srai    t5, t3, 9
core   0: 3 0x80007090 (0x409e5f13) x30 0x00000000
core   0: 0x80007094 (0x01c66933) or      s2, a2, t3
core   0: 3 0x80007094 (0x01c66933) x18 0x00000000
core   0: 0x80007098 (0x416cd833) sra     a6, s9, s6
core   0: 3 0x80007098 (0x416cd833) x16 0x00000000
core   0: 0x8000709c (0x41ed5313) srai    t1, s10, 30
core   0: 3 0x8000709c (0x41ed5313) x 6 0xffffffff
core   0: 0x800070a0 (0x00000013) nop
core   0: 3 0x800070a0 (0x00000013)
core   0: 0x800070a4 (0x01d52ab3) slt     s5, a0, t4
core   0: 3 0x800070a4 (0x01d52ab3) x21 0x00000000
core   0: 0x800070a8 (0x2afafe93) andi    t4, s5, 687
core   0: 3 0x800070a8 (0x2afafe93) x29 0x00000000
core   0: 0x800070ac (0x27dbab93) slti    s7, s7, 637
core   0: 3 0x800070ac (0x27dbab93) x23 0x00000001
core   0: 0x800070b0 (0xa5947db7) lui     s11, 0xa5947
core   0: 3 0x800070b0 (0xa5947db7) x27 0xa5947000
core   0: 0x800070b4 (0xc0b38393) addi    t2, t2, -1013
core   0: 3 0x800070b4 (0xc0b38393) x 7 0xfffffc0c
core   0: 0x800070b8 (0x41cb8933) sub     s2, s7, t3
core   0: 3 0x800070b8 (0x41cb8933) x18 0x00000001
core   0: 0x800070bc (0x012cddb3) srl     s11, s9, s2
core   0: 3 0x800070bc (0x012cddb3) x27 0x00000000
core   0: 0x800070c0 (0x41295e13) srai    t3, s2, 18
core   0: 3 0x800070c0 (0x41295e13) x28 0x00000000
core   0: 0x800070c4 (0x40aad913) srai    s2, s5, 10
core   0: 3 0x800070c4 (0x40aad913) x18 0x00000000
core   0: 0x800070c8 (0xb36a6e37) lui     t3, 0xb36a6
core   0: 3 0x800070c8 (0xb36a6e37) x28 0xb36a6000
core   0: 0x800070cc (0x00deabb3) slt     s7, t4, a3
core   0: 3 0x800070cc (0x00deabb3) x23 0x00000001
core   0: 0x800070d0 (0x405f5933) sra     s2, t5, t0
core   0: 3 0x800070d0 (0x405f5933) x18 0x00000000
core   0: 0x800070d4 (0x00fdb9b3) sltu    s3, s11, a5
core   0: 3 0x800070d4 (0x00fdb9b3) x19 0x00000001
core   0: 0x800070d8 (0x00869633) sll     a2, a3, s0
core   0: 3 0x800070d8 (0x00869633) x12 0x00000001
core   0: 0x800070dc (0x3a754493) xori    s1, a0, 935
core   0: 3 0x800070dc (0x3a754493) x 9 0x000003a7
core   0: 0x800070e0 (0x011c5133) srl     sp, s8, a7
core   0: 3 0x800070e0 (0x011c5133) x 2 0x00000000
core   0: 0x800070e4 (0x408ad593) srai    a1, s5, 8
core   0: 3 0x800070e4 (0x408ad593) x11 0x00000000
core   0: 0x800070e8 (0xa0cb3993) sltiu   s3, s6, -1524
core   0: 3 0x800070e8 (0xa0cb3993) x19 0x00000001
core   0: 0x800070ec (0xe4612d13) slti    s10, sp, -442
core   0: 3 0x800070ec (0xe4612d13) x26 0x00000000
core   0: 0x800070f0 (0x00fe9b33) sll     s6, t4, a5
core   0: 3 0x800070f0 (0x00fe9b33) x22 0x00000000
core   0: 0x800070f4 (0x013c9593) slli    a1, s9, 19
core   0: 3 0x800070f4 (0x013c9593) x11 0x00000000
core   0: 0x800070f8 (0x00371cb3) sll     s9, a4, gp
core   0: 3 0x800070f8 (0x00371cb3) x25 0x64000000
core   0: 0x800070fc (0xa169f417) auipc   s0, 0xa169f
core   0: 3 0x800070fc (0xa169f417) x 8 0x216a60fc
core   0: 0x80007100 (0x01397033) and     zero, s2, s3
core   0: 3 0x80007100 (0x01397033)
core   0: 0x80007104 (0xafa05c37) lui     s8, 0xafa05
core   0: 3 0x80007104 (0xafa05c37) x24 0xafa05000
core   0: 0x80007108 (0x007c0bb3) add     s7, s8, t2
core   0: 3 0x80007108 (0x007c0bb3) x23 0xafa04c0c
core   0: 0x8000710c (0x0041dab3) srl     s5, gp, tp
core   0: 3 0x8000710c (0x0041dab3) x21 0x00dbaff8
core   0: 0x80007110 (0xe2b27393) andi    t2, tp, -469
core   0: 3 0x80007110 (0xe2b27393) x 7 0x00000000
core   0: 0x80007114 (0x8442c693) xori    a3, t0, -1980
core   0: 3 0x80007114 (0x8442c693) x13 0x6d72f844
core   0: 0x80007118 (0x00165993) srli    s3, a2, 1
core   0: 3 0x80007118 (0x00165993) x19 0x00000000
core   0: 0x8000711c (0x40f1d393) srai    t2, gp, 15
core   0: 3 0x8000711c (0x40f1d393) x 7 0x000001b7
core   0: 0x80007120 (0x41858933) sub     s2, a1, s8
core   0: 3 0x80007120 (0x41858933) x18 0x505fb000
core   0: 0x80007124 (0x41175f33) sra     t5, a4, a7
core   0: 3 0x80007124 (0x41175f33) x30 0xffffffff
core   0: 0x80007128 (0x7a984317) auipc   t1, 0x7a984
core   0: 3 0x80007128 (0x7a984317) x 6 0xfa98b128
core   0: 0x8000712c (0x007c50b3) srl     ra, s8, t2
core   0: 3 0x8000712c (0x007c50b3) x 1 0x0000015f
core   0: 0x80007130 (0x0075feb3) and     t4, a1, t2
core   0: 3 0x80007130 (0x0075feb3) x29 0x00000000
core   0: 0x80007134 (0x41cb8833) sub     a6, s7, t3
core   0: 3 0x80007134 (0x41cb8833) x16 0xfc35ec0c
core   0: 0x80007138 (0x286a32b7) lui     t0, 0x286a3
core   0: 3 0x80007138 (0x286a32b7) x 5 0x286a3000
core   0: 0x8000713c (0x01b10a33) add     s4, sp, s11
core   0: 3 0x8000713c (0x01b10a33) x20 0x00000000
core   0: 0x80007140 (0xa82d2813) slti    a6, s10, -1406
core   0: 3 0x80007140 (0xa82d2813) x16 0x00000000
core   0: 0x80007144 (0x41de0ab3) sub     s5, t3, t4
core   0: 3 0x80007144 (0x41de0ab3) x21 0xb36a6000
core   0: 0x80007148 (0x00becab3) xor     s5, t4, a1
core   0: 3 0x80007148 (0x00becab3) x21 0x00000000
core   0: 0x8000714c (0x41df8ab3) sub     s5, t6, t4
core   0: 3 0x8000714c (0x41df8ab3) x21 0x80014ce4
core   0: 0x80007150 (0x013eeab3) or      s5, t4, s3
core   0: 3 0x80007150 (0x013eeab3) x21 0x00000000
core   0: 0x80007154 (0x91498137) lui     sp, 0x91498
core   0: 3 0x80007154 (0x91498137) x 2 0x91498000
core   0: 0x80007158 (0x8a8dde17) auipc   t3, 0x8a8dd
core   0: 3 0x80007158 (0x8a8dde17) x28 0x0a8e4158
core   0: 0x8000715c (0x00db6ab3) or      s5, s6, a3
core   0: 3 0x8000715c (0x00db6ab3) x21 0x6d72f844
core   0: 0x80007160 (0x403fdc93) srai    s9, t6, 3
core   0: 3 0x80007160 (0x403fdc93) x25 0xf000299c
core   0: 0x80007164 (0x5face593) ori     a1, s9, 1530
core   0: 3 0x80007164 (0x5face593) x11 0xf0002dfe
core   0: 0x80007168 (0x003586b3) add     a3, a1, gp
core   0: 3 0x80007168 (0x003586b3) x13 0xf0dbddf6
core   0: 0x8000716c (0x016e9c33) sll     s8, t4, s6
core   0: 3 0x8000716c (0x016e9c33) x24 0x00000000
core   0: 0x80007170 (0x01ea23b3) slt     t2, s4, t5
core   0: 3 0x80007170 (0x01ea23b3) x 7 0x00000000
core   0: 0x80007174 (0x415ed633) sra     a2, t4, s5
core   0: 3 0x80007174 (0x415ed633) x12 0x00000000
core   0: 0x80007178 (0x019d00b3) add     ra, s10, s9
core   0: 3 0x80007178 (0x019d00b3) x 1 0xf000299c
core   0: 0x8000717c (0x003184b3) add     s1, gp, gp
core   0: 3 0x8000717c (0x003184b3) x 9 0x01b75ff0
core   0: 0x80007180 (0x405c8ab3) sub     s5, s9, t0
core   0: 3 0x80007180 (0x405c8ab3) x21 0xc795f99c
core   0: 0x80007184 (0x016b9593) slli    a1, s7, 22
core   0: 3 0x80007184 (0x016b9593) x11 0x03000000
core   0: 0x80007188 (0x00000013) nop
core   0: 3 0x80007188 (0x00000013)
core   0: 0x8000718c (0x155eb597) auipc   a1, 0x155eb
core   0: 3 0x8000718c (0x155eb597) x11 0x955f218c
core   0: 0x80007190 (0x00b51e33) sll     t3, a0, a1
core   0: 3 0x80007190 (0x00b51e33) x28 0x00000000
core   0: 0x80007194 (0x175d3393) sltiu   t2, s10, 373
core   0: 3 0x80007194 (0x175d3393) x 7 0x00000001
core   0: 0x80007198 (0x48c1a237) lui     tp, 0x48c1a
core   0: 3 0x80007198 (0x48c1a237) x 4 0x48c1a000
core   0: 0x8000719c (0x001e9513) slli    a0, t4, 1
core   0: 3 0x8000719c (0x001e9513) x10 0x00000000
core   0: 0x800071a0 (0x0039d6b3) srl     a3, s3, gp
core   0: 3 0x800071a0 (0x0039d6b3) x13 0x00000000
core   0: 0x800071a4 (0x00c6f9b3) and     s3, a3, a2
core   0: 3 0x800071a4 (0x00c6f9b3) x19 0x00000000
core   0: 0x800071a8 (0x004c45b3) xor     a1, s8, tp
core   0: 3 0x800071a8 (0x004c45b3) x11 0x48c1a000
core   0: 0x800071ac (0x00439ab3) sll     s5, t2, tp
core   0: 3 0x800071ac (0x00439ab3) x21 0x00000001
core   0: 0x800071b0 (0x01f15c33) srl     s8, sp, t6
core   0: 3 0x800071b0 (0x01f15c33) x24 0x09149800
core   0: 0x800071b4 (0x0174dd13) srli    s10, s1, 23
core   0: 3 0x800071b4 (0x0174dd13) x26 0x00000003
core   0: 0x800071b8 (0xc1983e13) sltiu   t3, a6, -999
core   0: 3 0x800071b8 (0xc1983e13) x28 0x00000001
core   0: 0x800071bc (0x00fa21b3) slt     gp, s4, a5
core   0: 3 0x800071bc (0x00fa21b3) x 3 0x00000000
core   0: 0x800071c0 (0x010f09b3) add     s3, t5, a6
core   0: 3 0x800071c0 (0x010f09b3) x19 0xffffffff
core   0: 0x800071c4 (0x9258f437) lui     s0, 0x9258f
core   0: 3 0x800071c4 (0x9258f437) x 8 0x9258f000
core   0: 0x800071c8 (0x00b05633) srl     a2, zero, a1
core   0: 3 0x800071c8 (0x00b05633) x12 0x00000000
core   0: 0x800071cc (0x005a9833) sll     a6, s5, t0
core   0: 3 0x800071cc (0x005a9833) x16 0x00000001
core   0: 0x800071d0 (0x4164d1b3) sra     gp, s1, s6
core   0: 3 0x800071d0 (0x4164d1b3) x 3 0x01b75ff0
core   0: 0x800071d4 (0x9ac04993) xori    s3, zero, -1620
core   0: 3 0x800071d4 (0x9ac04993) x19 0xfffff9ac
core   0: 0x800071d8 (0x6515c893) xori    a7, a1, 1617
core   0: 3 0x800071d8 (0x6515c893) x17 0x48c1a651
core   0: 0x800071dc (0xa0680693) addi    a3, a6, -1530
core   0: 3 0x800071dc (0xa0680693) x13 0xfffffa07
core   0: 0x800071e0 (0x00000013) nop
core   0: 3 0x800071e0 (0x00000013)
core   0: 0x800071e4 (0x01291c33) sll     s8, s2, s2
core   0: 3 0x800071e4 (0x01291c33) x24 0x505fb000
core   0: 0x800071e8 (0x7c367193) andi    gp, a2, 1987
core   0: 3 0x800071e8 (0x7c367193) x 3 0x00000000
core   0: 0x800071ec (0x40b75513) srai    a0, a4, 11
core   0: 3 0x800071ec (0x40b75513) x10 0xfff00021
core   0: 0x800071f0 (0xdd9ea313) slti    t1, t4, -551
core   0: 3 0x800071f0 (0xdd9ea313) x 6 0x00000000
core   0: 0x800071f4 (0x010f6d33) or      s10, t5, a6
core   0: 3 0x800071f4 (0x010f6d33) x26 0xffffffff
core   0: 0x800071f8 (0x00000013) nop
core   0: 3 0x800071f8 (0x00000013)
core   0: 0x800071fc (0x75ea0493) addi    s1, s4, 1886
core   0: 3 0x800071fc (0x75ea0493) x 9 0x0000075e
core   0: 0x80007200 (0x41bb8bb3) sub     s7, s7, s11
core   0: 3 0x80007200 (0x41bb8bb3) x23 0xafa04c0c
core   0: 0x80007204 (0x00000013) nop
core   0: 3 0x80007204 (0x00000013)
core   0: 0x80007208 (0x014cdab3) srl     s5, s9, s4
core   0: 3 0x80007208 (0x014cdab3) x21 0xf000299c
core   0: 0x8000720c (0x00000013) nop
core   0: 3 0x8000720c (0x00000013)
core   0: 0x80007210 (0x0159e133) or      sp, s3, s5
core   0: 3 0x80007210 (0x0159e133) x 2 0xfffff9bc
core   0: 0x80007214 (0x016ed393) srli    t2, t4, 22
core   0: 3 0x80007214 (0x016ed393) x 7 0x00000000
core   0: 0x80007218 (0x00fb3233) sltu    tp, s6, a5
core   0: 3 0x80007218 (0x00fb3233) x 4 0x00000001
core   0: 0x8000721c (0x8de88937) lui     s2, 0x8de88
core   0: 3 0x8000721c (0x8de88937) x18 0x8de88000
core   0: 0x80007220 (0x009cd837) lui     a6, 0x9cd
core   0: 3 0x80007220 (0x009cd837) x16 0x009cd000
core   0: 0x80007224 (0x00e2aa33) slt     s4, t0, a4
core   0: 3 0x80007224 (0x00e2aa33) x20 0x00000000
core   0: 0x80007228 (0x019c2cb3) slt     s9, s8, s9
core   0: 3 0x80007228 (0x019c2cb3) x25 0x00000000
core   0: 0x8000722c (0x005ca033) slt     zero, s9, t0
core   0: 3 0x8000722c (0x005ca033)
core   0: 0x80007230 (0x0117d6b3) srl     a3, a5, a7
core   0: 3 0x80007230 (0x0117d6b3) x13 0x00007fa7
core   0: 0x80007234 (0x6b9c3f13) sltiu   t5, s8, 1721
core   0: 3 0x80007234 (0x6b9c3f13) x30 0x00000000
core   0: 0x80007238 (0x007d5d93) srli    s11, s10, 7
core   0: 3 0x80007238 (0x007d5d93) x27 0x01ffffff
core   0: 0x8000723c (0x016f4bb3) xor     s7, t5, s6
core   0: 3 0x8000723c (0x016f4bb3) x23 0x00000000
core   0: 0x80007240 (0x01d81e93) slli    t4, a6, 29
core   0: 3 0x80007240 (0x01d81e93) x29 0x00000000
core   0: 0x80007244 (0x696bc313) xori    t1, s7, 1686
core   0: 3 0x80007244 (0x696bc313) x 6 0x00000696
core   0: 0x80007248 (0x016e1233) sll     tp, t3, s6
core   0: 3 0x80007248 (0x016e1233) x 4 0x00000001
core   0: 0x8000724c (0x00000013) nop
core   0: 3 0x8000724c (0x00000013)
core   0: 0x80007250 (0x01b0d433) srl     s0, ra, s11
core   0: 3 0x80007250 (0x01b0d433) x 8 0x00000001
core   0: 0x80007254 (0x01f70433) add     s0, a4, t6
core   0: 3 0x80007254 (0x01f70433) x 8 0x00025b48
core   0: 0x80007258 (0xfae74593) xori    a1, a4, -82
core   0: 3 0x80007258 (0xfae74593) x11 0x7ffef1ca
core   0: 0x8000725c (0x016e7bb3) and     s7, t3, s6
core   0: 3 0x8000725c (0x016e7bb3) x23 0x00000000
core   0: 0x80007260 (0x00000013) nop
core   0: 3 0x80007260 (0x00000013)
core   0: 0x80007264 (0x0179a9b3) slt     s3, s3, s7
core   0: 3 0x80007264 (0x0179a9b3) x19 0x00000001
core   0: 0x80007268 (0x3b890993) addi    s3, s2, 952
core   0: 3 0x80007268 (0x3b890993) x19 0x8de883b8
core   0: 0x8000726c (0x00448eb3) add     t4, s1, tp
core   0: 3 0x8000726c (0x00448eb3) x29 0x0000075f
core   0: 0x80007270 (0x419d5e33) sra     t3, s10, s9
core   0: 3 0x80007270 (0x419d5e33) x28 0xffffffff
core   0: 0x80007274 (0x0086c533) xor     a0, a3, s0
core   0: 3 0x80007274 (0x0086c533) x10 0x000224ef
core   0: 0x80007278 (0x014a39b3) sltu    s3, s4, s4
core   0: 3 0x80007278 (0x014a39b3) x19 0x00000000
core   0: 0x8000727c (0x41a2d2b3) sra     t0, t0, s10
core   0: 3 0x8000727c (0x41a2d2b3) x 5 0x00000000
core   0: 0x80007280 (0xdd44f213) andi    tp, s1, -556
core   0: 3 0x80007280 (0xdd44f213) x 4 0x00000554
core   0: 0x80007284 (0x82c12993) slti    s3, sp, -2004
core   0: 3 0x80007284 (0x82c12993) x19 0x00000000
core   0: 0x80007288 (0x013dad33) slt     s10, s11, s3
core   0: 3 0x80007288 (0x013dad33) x26 0x00000000
core   0: 0x8000728c (0x014d9093) slli    ra, s11, 20
core   0: 3 0x8000728c (0x014d9093) x 1 0xfff00000
core   0: 0x80007290 (0x9098f813) andi    a6, a7, -1783
core   0: 3 0x80007290 (0x9098f813) x16 0x48c1a001
core   0: 0x80007294 (0x777cc493) xori    s1, s9, 1911
core   0: 3 0x80007294 (0x777cc493) x 9 0x00000777
core   0: 0x80007298 (0x004f7833) and     a6, t5, tp
core   0: 3 0x80007298 (0x004f7833) x16 0x00000000
core   0: 0x8000729c (0x9a2cc813) xori    a6, s9, -1630
core   0: 3 0x8000729c (0x9a2cc813) x16 0xfffff9a2
core   0: 0x800072a0 (0x2b08f193) andi    gp, a7, 688
core   0: 3 0x800072a0 (0x2b08f193) x 3 0x00000210
core   0: 0x800072a4 (0x4018d9b3) sra     s3, a7, ra
core   0: 3 0x800072a4 (0x4018d9b3) x19 0x48c1a651
core   0: 0x800072a8 (0x015d5393) srli    t2, s10, 21
core   0: 3 0x800072a8 (0x015d5393) x 7 0x00000000
core   0: 0x800072ac (0x00f65d93) srli    s11, a2, 15
core   0: 3 0x800072ac (0x00f65d93) x27 0x00000000
core   0: 0x800072b0 (0x403d5b13) srai    s6, s10, 3
core   0: 3 0x800072b0 (0x403d5b13) x22 0x00000000
core   0: 0x800072b4 (0x01621193) slli    gp, tp, 22
core   0: 3 0x800072b4 (0x01621193) x 3 0x55000000
core   0: 0x800072b8 (0x005563b3) or      t2, a0, t0
core   0: 3 0x800072b8 (0x005563b3) x 7 0x000224ef
core   0: 0x800072bc (0x01f68eb3) add     t4, a3, t6
core   0: 3 0x800072bc (0x01f68eb3) x29 0x8001cc8b
core   0: 0x800072c0 (0x0535fc93) andi    s9, a1, 83
core   0: 3 0x800072c0 (0x0535fc93) x25 0x00000042
core   0: 0x800072c4 (0x01679913) slli    s2, a5, 22
core   0: 3 0x800072c4 (0x01679913) x18 0xdf800000
core   0: 0x800072c8 (0x00000013) nop
core   0: 3 0x800072c8 (0x00000013)
core   0: 0x800072cc (0x00451d93) slli    s11, a0, 4
core   0: 3 0x800072cc (0x00451d93) x27 0x00224ef0
core   0: 0x800072d0 (0x4083d513) srai    a0, t2, 8
core   0: 3 0x800072d0 (0x4083d513) x10 0x00000224
core   0: 0x800072d4 (0x400802b3) sub     t0, a6, zero
core   0: 3 0x800072d4 (0x400802b3) x 5 0xfffff9a2
core   0: 0x800072d8 (0x90d1cd13) xori    s10, gp, -1779
core   0: 3 0x800072d8 (0x90d1cd13) x26 0xaafff90d
core   0: 0x800072dc (0x260e0b13) addi    s6, t3, 608
core   0: 3 0x800072dc (0x260e0b13) x22 0x0000025f
core   0: 0x800072e0 (0x417dd633) sra     a2, s11, s7
core   0: 3 0x800072e0 (0x417dd633) x12 0x00224ef0
core   0: 0x800072e4 (0xb1440b13) addi    s6, s0, -1260
core   0: 3 0x800072e4 (0xb1440b13) x22 0x0002565c
core   0: 0x800072e8 (0x01400933) add     s2, zero, s4
core   0: 3 0x800072e8 (0x01400933) x18 0x00000000
core   0: 0x800072ec (0x00f435b3) sltu    a1, s0, a5
core   0: 3 0x800072ec (0x00f435b3) x11 0x00000001
core   0: 0x800072f0 (0x9bd42e93) slti    t4, s0, -1603
core   0: 3 0x800072f0 (0x9bd42e93) x29 0x00000000
core   0: 0x800072f4 (0xc110a993) slti    s3, ra, -1007
core   0: 3 0x800072f4 (0xc110a993) x19 0x00000001
core   0: 0x800072f8 (0x2fe8f893) andi    a7, a7, 766
core   0: 3 0x800072f8 (0x2fe8f893) x17 0x00000250
core   0: 0x800072fc (0x0129f933) and     s2, s3, s2
core   0: 3 0x800072fc (0x0129f933) x18 0x00000000
core   0: 0x80007300 (0xb3c8e193) ori     gp, a7, -1220
core   0: 3 0x80007300 (0xb3c8e193) x 3 0xfffffb7c
core   0: 0x80007304 (0xbe9eae93) slti    t4, t4, -1047
core   0: 3 0x80007304 (0xbe9eae93) x29 0x00000000
core   0: 0x80007308 (0x008c0a33) add     s4, s8, s0
core   0: 3 0x80007308 (0x008c0a33) x20 0x50620b48
core   0: 0x8000730c (0x005ba4b3) slt     s1, s7, t0
core   0: 3 0x8000730c (0x005ba4b3) x 9 0x00000000
core   0: 0x80007310 (0x01445533) srl     a0, s0, s4
core   0: 3 0x80007310 (0x01445533) x10 0x0000025b
core   0: 0x80007314 (0x019bc233) xor     tp, s7, s9
core   0: 3 0x80007314 (0x019bc233) x 4 0x00000042
core   0: 0x80007318 (0x01335133) srl     sp, t1, s3
core   0: 3 0x80007318 (0x01335133) x 2 0x0000034b
core   0: 0x8000731c (0x011e8b33) add     s6, t4, a7
core   0: 3 0x8000731c (0x011e8b33) x22 0x00000250
core   0: 0x80007320 (0x7a640b93) addi    s7, s0, 1958
core   0: 3 0x80007320 (0x7a640b93) x23 0x000262ee
core   0: 0x80007324 (0xb9f76113) ori     sp, a4, -1121
core   0: 3 0x80007324 (0xb9f76113) x 2 0xffffffff
core   0: 0x80007328 (0x01c99ab3) sll     s5, s3, t3
core   0: 3 0x80007328 (0x01c99ab3) x21 0x80000000
core   0: 0x8000732c (0x41b602b3) sub     t0, a2, s11
core   0: 3 0x8000732c (0x41b602b3) x 5 0x00000000
core   0: 0x80007330 (0x00b0eeb3) or      t4, ra, a1
core   0: 3 0x80007330 (0x00b0eeb3) x29 0xfff00001
core   0: 0x80007334 (0x40b3ddb3) sra     s11, t2, a1
core   0: 3 0x80007334 (0x40b3ddb3) x27 0x00011277
core   0: 0x80007338 (0x4061da93) srai    s5, gp, 6
core   0: 3 0x80007338 (0x4061da93) x21 0xffffffed
core   0: 0x8000733c (0x41bb0a33) sub     s4, s6, s11
core   0: 3 0x8000733c (0x41bb0a33) x20 0xfffeefd9
core   0: 0x80007340 (0x00c85b93) srli    s7, a6, 12
core   0: 3 0x80007340 (0x00c85b93) x23 0x000fffff
core   0: 0x80007344 (0x005ad393) srli    t2, s5, 5
core   0: 3 0x80007344 (0x005ad393) x 7 0x07ffffff
core   0: 0x80007348 (0x40d00a33) sub     s4, zero, a3
core   0: 3 0x80007348 (0x40d00a33) x20 0xffff8059
core   0: 0x8000734c (0x016db333) sltu    t1, s11, s6
core   0: 3 0x8000734c (0x016db333) x 6 0x00000000
core   0: 0x80007350 (0x00000013) nop
core   0: 3 0x80007350 (0x00000013)
core   0: 0x80007354 (0x72c9ae17) auipc   t3, 0x72c9a
core   0: 3 0x80007354 (0x72c9ae17) x28 0xf2ca1354
core   0: 0x80007358 (0xc4c4c013) xori    zero, s1, -948
core   0: 3 0x80007358 (0xc4c4c013)
core   0: 0x8000735c (0xe84d6f13) ori     t5, s10, -380
core   0: 3 0x8000735c (0xe84d6f13) x30 0xffffff8d
core   0: 0x80007360 (0xbcf55c17) auipc   s8, 0xbcf55
core   0: 3 0x80007360 (0xbcf55c17) x24 0x3cf5c360
core   0: 0x80007364 (0x00339833) sll     a6, t2, gp
core   0: 3 0x80007364 (0x00339833) x16 0xf0000000
core   0: 0x80007368 (0x40fc8a33) sub     s4, s9, a5
core   0: 3 0x80007368 (0x40fc8a33) x20 0x00b164c4
core   0: 0x8000736c (0x0018d133) srl     sp, a7, ra
core   0: 3 0x8000736c (0x0018d133) x 2 0x00000250
core   0: 0x80007370 (0x01cbde93) srli    t4, s7, 28
core   0: 3 0x80007370 (0x01cbde93) x29 0x00000000
core   0: 0x80007374 (0xb07c4637) lui     a2, 0xb07c4
core   0: 3 0x80007374 (0xb07c4637) x12 0xb07c4000
core   0: 0x80007378 (0x41be0333) sub     t1, t3, s11
core   0: 3 0x80007378 (0x41be0333) x 6 0xf2c900dd
core   0: 0x8000737c (0x1a530693) addi    a3, t1, 421
core   0: 3 0x8000737c (0x1a530693) x13 0xf2c90282
core   0: 0x80007380 (0x76903b13) sltiu   s6, zero, 1897
core   0: 3 0x80007380 (0x76903b13) x22 0x00000001
core   0: 0x80007384 (0x01345c13) srli    s8, s0, 19
core   0: 3 0x80007384 (0x01345c13) x24 0x00000000
core   0: 0x80007388 (0x00cd1b93) slli    s7, s10, 12
core   0: 3 0x80007388 (0x00cd1b93) x23 0xff90d000
core   0: 0x8000738c (0xa0b8a2b7) lui     t0, 0xa0b8a
core   0: 3 0x8000738c (0xa0b8a2b7) x 5 0xa0b8a000
core   0: 0x80007390 (0x0ff56293) ori     t0, a0, 255
core   0: 3 0x80007390 (0x0ff56293) x 5 0x000002ff
core   0: 0x80007394 (0x01df7cb3) and     s9, t5, t4
core   0: 3 0x80007394 (0x01df7cb3) x25 0x00000000
core   0: 0x80007398 (0x01cf5533) srl     a0, t5, t3
core   0: 3 0x80007398 (0x01cf5533) x10 0x00000fff
core   0: 0x8000739c (0x00edf233) and     tp, s11, a4
core   0: 3 0x8000739c (0x00edf233) x 4 0x00010264
core   0: 0x800073a0 (0x000c3d33) sltu    s10, s8, zero
core   0: 3 0x800073a0 (0x000c3d33) x26 0x00000000
core   0: 0x800073a4 (0x00913033) sltu    zero, sp, s1
core   0: 3 0x800073a4 (0x00913033)
core   0: 0x800073a8 (0x00695b93) srli    s7, s2, 6
core   0: 3 0x800073a8 (0x00695b93) x23 0x00000000
core   0: 0x800073ac (0x404f8633) sub     a2, t6, tp
core   0: 3 0x800073ac (0x404f8633) x12 0x80004a80
core   0: 0x800073b0 (0x00000013) nop
core   0: 3 0x800073b0 (0x00000013)
core   0: 0x800073b4 (0x0016cbb3) xor     s7, a3, ra
core   0: 3 0x800073b4 (0x0016cbb3) x23 0x0d390282
core   0: 0x800073b8 (0x17938b93) addi    s7, t2, 377
core   0: 3 0x800073b8 (0x17938b93) x23 0x08000178
core   0: 0x800073bc (0xbc737413) andi    s0, t1, -1081
core   0: 3 0x800073bc (0xbc737413) x 8 0xf2c900c5
core   0: 0x800073c0 (0x1ec23993) sltiu   s3, tp, 492
core   0: 3 0x800073c0 (0x1ec23993) x19 0x00000000
core   0: 0x800073c4 (0xa99a2693) slti    a3, s4, -1383
core   0: 3 0x800073c4 (0xa99a2693) x13 0x00000000
core   0: 0x800073c8 (0x015375b3) and     a1, t1, s5
core   0: 3 0x800073c8 (0x015375b3) x11 0xf2c900cd
core   0: 0x800073cc (0xb71dc813) xori    a6, s11, -1167
core   0: 3 0x800073cc (0xb71dc813) x16 0xfffee906
core   0: 0x800073d0 (0x00599d93) slli    s11, s3, 5
core   0: 3 0x800073d0 (0x00599d93) x27 0x00000000
core   0: 0x800073d4 (0x7571e193) ori     gp, gp, 1879
core   0: 3 0x800073d4 (0x7571e193) x 3 0xffffff7f
core   0: 0x800073d8 (0x006a56b3) srl     a3, s4, t1
core   0: 3 0x800073d8 (0x006a56b3) x13 0x00000000
core   0: 0x800073dc (0x006b10b3) sll     ra, s6, t1
core   0: 3 0x800073dc (0x006b10b3) x 1 0x20000000
core   0: 0x800073e0 (0x4c6d6493) ori     s1, s10, 1222
core   0: 3 0x800073e0 (0x4c6d6493) x 9 0x000004c6
core   0: 0x800073e4 (0xeb9f9f37) lui     t5, 0xeb9f9
core   0: 3 0x800073e4 (0xeb9f9f37) x30 0xeb9f9000
core   0: 0x800073e8 (0x004d52b3) srl     t0, s10, tp
core   0: 3 0x800073e8 (0x004d52b3) x 5 0x00000000
core   0: 0x800073ec (0x018ae633) or      a2, s5, s8
core   0: 3 0x800073ec (0x018ae633) x12 0xffffffed
core   0: 0x800073f0 (0x1942a013) slti    zero, t0, 404
core   0: 3 0x800073f0 (0x1942a013)
core   0: 0x800073f4 (0x015d6033) or      zero, s10, s5
core   0: 3 0x800073f4 (0x015d6033)
core   0: 0x800073f8 (0xae8ac813) xori    a6, s5, -1304
core   0: 3 0x800073f8 (0xae8ac813) x16 0x00000505
core   0: 0x800073fc (0x01f6a3b3) slt     t2, a3, t6
core   0: 3 0x800073fc (0x01f6a3b3) x 7 0x00000000
core   0: 0x80007400 (0x08a3e313) ori     t1, t2, 138
core   0: 3 0x80007400 (0x08a3e313) x 6 0x0000008a
core   0: 0x80007404 (0x018e6433) or      s0, t3, s8
core   0: 3 0x80007404 (0x018e6433) x 8 0xf2ca1354
core   0: 0x80007408 (0xb3f18c17) auipc   s8, 0xb3f18
core   0: 3 0x80007408 (0xb3f18c17) x24 0x33f1f408
core   0: 0x8000740c (0x003a3cb3) sltu    s9, s4, gp
core   0: 3 0x8000740c (0x003a3cb3) x25 0x00000001
core   0: 0x80007410 (0x41fed833) sra     a6, t4, t6
core   0: 3 0x80007410 (0x41fed833) x16 0x00000000
core   0: 0x80007414 (0x41475633) sra     a2, a4, s4
core   0: 3 0x80007414 (0x41475633) x12 0xf80010e6
core   0: 0x80007418 (0x9ca0c013) xori    zero, ra, -1590
core   0: 3 0x80007418 (0x9ca0c013)
core   0: 0x8000741c (0x00000013) nop
core   0: 3 0x8000741c (0x00000013)
core   0: 0x80007420 (0x0180dbb3) srl     s7, ra, s8
core   0: 3 0x80007420 (0x0180dbb3) x23 0x00200000
core   0: 0x80007424 (0xcae77813) andi    a6, a4, -850
core   0: 3 0x80007424 (0xcae77813) x16 0x80010c24
core   0: 0x80007428 (0x019ac6b3) xor     a3, s5, s9
core   0: 3 0x80007428 (0x019ac6b3) x13 0xffffffec
core   0: 0x8000742c (0x5309fc93) andi    s9, s3, 1328
core   0: 3 0x8000742c (0x5309fc93) x25 0x00000000
core   0: 0x80007430 (0xa9d1b697) auipc   a3, 0xa9d1b
core   0: 3 0x80007430 (0xa9d1b697) x13 0x29d22430
core   0: 0x80007434 (0x01b31213) slli    tp, t1, 27
core   0: 3 0x80007434 (0x01b31213) x 4 0x50000000
core   0: 0x80007438 (0x4050df13) srai    t5, ra, 5
core   0: 3 0x80007438 (0x4050df13) x30 0x01000000
core   0: 0x8000743c (0x00000013) nop
core   0: 3 0x8000743c (0x00000013)
core   0: 0x80007440 (0x00000013) nop
core   0: 3 0x80007440 (0x00000013)
core   0: 0x80007444 (0xd2674597) auipc   a1, 0xd2674
core   0: 3 0x80007444 (0xd2674597) x11 0x5267b444
core   0: 0x80007448 (0x4f9fe693) ori     a3, t6, 1273
core   0: 3 0x80007448 (0x4f9fe693) x13 0x80014cfd
core   0: 0x8000744c (0x0002a213) slti    tp, t0, 0
core   0: 3 0x8000744c (0x0002a213) x 4 0x00000000
core   0: 0x80007450 (0x017ad6b3) srl     a3, s5, s7
core   0: 3 0x80007450 (0x017ad6b3) x13 0xffffffed
core   0: 0x80007454 (0x74b63613) sltiu   a2, a2, 1867
core   0: 3 0x80007454 (0x74b63613) x12 0x00000000
core   0: 0x80007458 (0x27d7a513) slti    a0, a5, 637
core   0: 3 0x80007458 (0x27d7a513) x10 0x00000001
core   0: 0x8000745c (0x01d3c033) xor     zero, t2, t4
core   0: 3 0x8000745c (0x01d3c033)
core   0: 0x80007460 (0x004a5db3) srl     s11, s4, tp
core   0: 3 0x80007460 (0x004a5db3) x27 0x00b164c4
core   0: 0x80007464 (0x0162ff33) and     t5, t0, s6
core   0: 3 0x80007464 (0x0162ff33) x30 0x00000000
core   0: 0x80007468 (0x00e95a13) srli    s4, s2, 14
core   0: 3 0x80007468 (0x00e95a13) x20 0x00000000
core   0: 0x8000746c (0x021efa13) andi    s4, t4, 33
core   0: 3 0x8000746c (0x021efa13) x20 0x00000000
core   0: 0x80007470 (0x66d4cc13) xori    s8, s1, 1645
core   0: 3 0x80007470 (0x66d4cc13) x24 0x000002ab
core   0: 0x80007474 (0xe743e937) lui     s2, 0xe743e
core   0: 3 0x80007474 (0xe743e937) x18 0xe743e000
core   0: 0x80007478 (0x4115d3b3) sra     t2, a1, a7
core   0: 3 0x80007478 (0x4115d3b3) x 7 0x00005267
core   0: 0x8000747c (0x01993633) sltu    a2, s2, s9
core   0: 3 0x8000747c (0x01993633) x12 0x00000000
core   0: 0x80007480 (0x6da03493) sltiu   s1, zero, 1754
core   0: 3 0x80007480 (0x6da03493) x 9 0x00000001
core   0: 0x80007484 (0x01c69f13) slli    t5, a3, 28
core   0: 3 0x80007484 (0x01c69f13) x30 0xd0000000
core   0: 0x80007488 (0x41f284b3) sub     s1, t0, t6
core   0: 3 0x80007488 (0x41f284b3) x 9 0x7ffeb31c
core   0: 0x8000748c (0xea0b7c93) andi    s9, s6, -352
core   0: 3 0x8000748c (0xea0b7c93) x25 0x00000000
core   0: 0x80007490 (0xe426cc13) xori    s8, a3, -446
core   0: 3 0x80007490 (0xe426cc13) x24 0x000001af
core   0: 0x80007494 (0x0b588c97) auipc   s9, 0xb588
core   0: 3 0x80007494 (0x0b588c97) x25 0x8b58f494
core   0: 0x80007498 (0x0007ceb3) xor     t4, a5, zero
core   0: 3 0x80007498 (0x0007ceb3) x29 0xff4e9b7e
core   0: 0x8000749c (0x76037213) andi    tp, t1, 1888
core   0: 3 0x8000749c (0x76037213) x 4 0x00000000
core   0: 0x800074a0 (0x01a9d193) srli    gp, s3, 26
core   0: 3 0x800074a0 (0x01a9d193) x 3 0x00000000
core   0: 0x800074a4 (0x0160deb3) srl     t4, ra, s6
core   0: 3 0x800074a4 (0x0160deb3) x29 0x10000000
core   0: 0x800074a8 (0x01e9cf33) xor     t5, s3, t5
core   0: 3 0x800074a8 (0x01e9cf33) x30 0xd0000000
core   0: 0x800074ac (0x019b9093) slli    ra, s7, 25
core   0: 3 0x800074ac (0x019b9093) x 1 0x00000000
core   0: 0x800074b0 (0x0079c333) xor     t1, s3, t2
core   0: 3 0x800074b0 (0x0079c333) x 6 0x00005267
core   0: 0x800074b4 (0x06c438b7) lui     a7, 0x6c43
core   0: 3 0x800074b4 (0x06c438b7) x17 0x06c43000
core   0: 0x800074b8 (0xdc4a2013) slti    zero, s4, -572
core   0: 3 0x800074b8 (0xdc4a2013)
core   0: 0x800074bc (0x00bc1533) sll     a0, s8, a1
core   0: 3 0x800074bc (0x00bc1533) x10 0x00001af0
core   0: 0x800074c0 (0x402fd393) srai    t2, t6, 2
core   0: 3 0x800074c0 (0x402fd393) x 7 0xe0005339
core   0: 0x800074c4 (0x40915c93) srai    s9, sp, 9
core   0: 3 0x800074c4 (0x40915c93) x25 0x00000001
core   0: 0x800074c8 (0x412209b3) sub     s3, tp, s2
core   0: 3 0x800074c8 (0x412209b3) x19 0x18bc2000
core   0: 0x800074cc (0x9552fc93) andi    s9, t0, -1707
core   0: 3 0x800074cc (0x9552fc93) x25 0x00000000
core   0: 0x800074d0 (0x01f7e133) or      sp, a5, t6
core   0: 3 0x800074d0 (0x01f7e133) x 2 0xff4fdffe
core   0: 0x800074d4 (0x01df4033) xor     zero, t5, t4
core   0: 3 0x800074d4 (0x01df4033)
core   0: 0x800074d8 (0x41c88db3) sub     s11, a7, t3
core   0: 3 0x800074d8 (0x41c88db3) x27 0x13fa1cac
core   0: 0x800074dc (0x00b2dd13) srli    s10, t0, 11
core   0: 3 0x800074dc (0x00b2dd13) x26 0x00000000
core   0: 0x800074e0 (0x36be6313) ori     t1, t3, 875
core   0: 3 0x800074e0 (0x36be6313) x 6 0xf2ca137f
core   0: 0x800074e4 (0x01121133) sll     sp, tp, a7
core   0: 3 0x800074e4 (0x01121133) x 2 0x00000000
core   0: 0x800074e8 (0x7954f613) andi    a2, s1, 1941
core   0: 3 0x800074e8 (0x7954f613) x12 0x00000314
core   0: 0x800074ec (0x04110193) addi    gp, sp, 65
core   0: 3 0x800074ec (0x04110193) x 3 0x00000041
core   0: 0x800074f0 (0x4117de33) sra     t3, a5, a7
core   0: 3 0x800074f0 (0x4117de33) x28 0xff4e9b7e
core   0: 0x800074f4 (0xd99dc893) xori    a7, s11, -615
core   0: 3 0x800074f4 (0xd99dc893) x17 0xec05e135
core   0: 0x800074f8 (0x00161593) slli    a1, a2, 1
core   0: 3 0x800074f8 (0x00161593) x11 0x00000628
core   0: 0x800074fc (0x003bc133) xor     sp, s7, gp
core   0: 3 0x800074fc (0x003bc133) x 2 0x00200041
core   0: 0x80007500 (0x40c60f33) sub     t5, a2, a2
core   0: 3 0x80007500 (0x40c60f33) x30 0x00000000
core   0: 0x80007504 (0x00000013) nop
core   0: 3 0x80007504 (0x00000013)
core   0: 0x80007508 (0x0068b333) sltu    t1, a7, t1
core   0: 3 0x80007508 (0x0068b333) x 6 0x00000001
core   0: 0x8000750c (0x01b3a333) slt     t1, t2, s11
core   0: 3 0x8000750c (0x01b3a333) x 6 0x00000001
core   0: 0x80007510 (0x00c29a93) slli    s5, t0, 12
core   0: 3 0x80007510 (0x00c29a93) x21 0x00000000
core   0: 0x80007514 (0x80012b97) auipc   s7, 0x80012
core   0: 3 0x80007514 (0x80012b97) x23 0x00019514
core   0: 0x80007518 (0xb0d27b93) andi    s7, tp, -1267
core   0: 3 0x80007518 (0xb0d27b93) x23 0x00000000
core   0: 0x8000751c (0x98f87097) auipc   ra, 0x98f87
core   0: 3 0x8000751c (0x98f87097) x 1 0x18f8e51c
core   0: 0x80007520 (0x185fb413) sltiu   s0, t6, 389
core   0: 3 0x80007520 (0x185fb413) x 8 0x00000000
core   0: 0x80007524 (0xe59f8693) addi    a3, t6, -423
core   0: 3 0x80007524 (0xe59f8693) x13 0x80014b3d
core   0: 0x80007528 (0x2353a193) slti    gp, t2, 565
core   0: 3 0x80007528 (0x2353a193) x 3 0x00000001
core   0: 0x8000752c (0x01a4a2b3) slt     t0, s1, s10
core   0: 3 0x8000752c (0x01a4a2b3) x 5 0x00000000
core   0: 0x80007530 (0xec54e693) ori     a3, s1, -315
core   0: 3 0x80007530 (0xec54e693) x13 0xffffffdd
core   0: 0x80007534 (0x01dbd333) srl     t1, s7, t4
core   0: 3 0x80007534 (0x01dbd333) x 6 0x00000000
core   0: 0x80007538 (0x406e8b33) sub     s6, t4, t1
core   0: 3 0x80007538 (0x406e8b33) x22 0x10000000
core   0: 0x8000753c (0x7f9fe6b7) lui     a3, 0x7f9fe
core   0: 3 0x8000753c (0x7f9fe6b7) x13 0x7f9fe000
core   0: 0x80007540 (0xa340fb93) andi    s7, ra, -1484
core   0: 3 0x80007540 (0xa340fb93) x23 0x18f8e014
core   0: 0x80007544 (0x5b89e613) ori     a2, s3, 1464
core   0: 3 0x80007544 (0x5b89e613) x12 0x18bc25b8
core   0: 0x80007548 (0x787c24b7) lui     s1, 0x787c2
core   0: 3 0x80007548 (0x787c24b7) x 9 0x787c2000
core   0: 0x8000754c (0xe6fb2b93) slti    s7, s6, -401
core   0: 3 0x8000754c (0xe6fb2b93) x23 0x00000000
core   0: 0x80007550 (0xf26a8d93) addi    s11, s5, -218
core   0: 3 0x80007550 (0xf26a8d93) x27 0xffffff26
core   0: 0x80007554 (0x06836493) ori     s1, t1, 104
core   0: 3 0x80007554 (0x06836493) x 9 0x00000068
core   0: 0x80007558 (0x019c6b33) or      s6, s8, s9
core   0: 3 0x80007558 (0x019c6b33) x22 0x000001af
core   0: 0x8000755c (0x00fbd9b3) srl     s3, s7, a5
core   0: 3 0x8000755c (0x00fbd9b3) x19 0x00000000
core   0: 0x80007560 (0x00000013) nop
core   0: 3 0x80007560 (0x00000013)
core   0: 0x80007564 (0x0009bd33) sltu    s10, s3, zero
core   0: 3 0x80007564 (0x0009bd33) x26 0x00000000
core   0: 0x80007568 (0x41e055b3) sra     a1, zero, t5
core   0: 3 0x80007568 (0x41e055b3) x11 0x00000000
core   0: 0x8000756c (0x0180ebb3) or      s7, ra, s8
core   0: 3 0x8000756c (0x0180ebb3) x23 0x18f8e5bf
core   0: 0x80007570 (0x40f70eb3) sub     t4, a4, a5
core   0: 3 0x80007570 (0x40f70eb3) x29 0x80b272e6
core   0: 0x80007574 (0x01a9c6b3) xor     a3, s3, s10
core   0: 3 0x80007574 (0x01a9c6b3) x13 0x00000000
core   0: 0x80007578 (0x418a8633) sub     a2, s5, s8
core   0: 3 0x80007578 (0x418a8633) x12 0xfffffe51
core   0: 0x8000757c (0x000022b3) slt     t0, zero, zero
core   0: 3 0x8000757c (0x000022b3) x 5 0x00000000
core   0: 0x80007580 (0x412cd693) srai    a3, s9, 18
core   0: 3 0x80007580 (0x412cd693) x13 0x00000000
core   0: 0x80007584 (0x6201a513) slti    a0, gp, 1568
core   0: 3 0x80007584 (0x6201a513) x10 0x00000001
core   0: 0x80007588 (0x01cc6db3) or      s11, s8, t3
core   0: 3 0x80007588 (0x01cc6db3) x27 0xff4e9bff
core   0: 0x8000758c (0x017edf33) srl     t5, t4, s7
core   0: 3 0x8000758c (0x017edf33) x30 0x00000001
core   0: 0x80007590 (0x01659693) slli    a3, a1, 22
core   0: 3 0x80007590 (0x01659693) x13 0x00000000
core   0: 0x80007594 (0xb8c7e113) ori     sp, a5, -1140
core   0: 3 0x80007594 (0xb8c7e113) x 2 0xfffffbfe
core   0: 0x80007598 (0x4138db33) sra     s6, a7, s3
core   0: 3 0x80007598 (0x4138db33) x22 0xec05e135
core   0: 0x8000759c (0x0181fcb3) and     s9, gp, s8
core   0: 3 0x8000759c (0x0181fcb3) x25 0x00000001
core   0: 0x800075a0 (0xe56b0813) addi    a6, s6, -426
core   0: 3 0x800075a0 (0xe56b0813) x16 0xec05df8b
core   0: 0x800075a4 (0x00d391b3) sll     gp, t2, a3
core   0: 3 0x800075a4 (0x00d391b3) x 3 0xe0005339
core   0: 0x800075a8 (0x011d4ab3) xor     s5, s10, a7
core   0: 3 0x800075a8 (0x011d4ab3) x21 0xec05e135
core   0: 0x800075ac (0x01685493) srli    s1, a6, 22
core   0: 3 0x800075ac (0x01685493) x 9 0x000003b0
core   0: 0x800075b0 (0x35adfb13) andi    s6, s11, 858
core   0: 3 0x800075b0 (0x35adfb13) x22 0x0000035a
core   0: 0x800075b4 (0x01697b33) and     s6, s2, s6
core   0: 3 0x800075b4 (0x01697b33) x22 0x00000000
core   0: 0x800075b8 (0x0049af33) slt     t5, s3, tp
core   0: 3 0x800075b8 (0x0049af33) x30 0x00000000
core   0: 0x800075bc (0x8130bab7) lui     s5, 0x8130b
core   0: 3 0x800075bc (0x8130bab7) x21 0x8130b000
core   0: 0x800075c0 (0x004022b3) slt     t0, zero, tp
core   0: 3 0x800075c0 (0x004022b3) x 5 0x00000000
core   0: 0x800075c4 (0x4aebbb93) sltiu   s7, s7, 1198
core   0: 3 0x800075c4 (0x4aebbb93) x23 0x00000000
core   0: 0x800075c8 (0xc4cb4a93) xori    s5, s6, -948
core   0: 3 0x800075c8 (0xc4cb4a93) x21 0xfffffc4c
core   0: 0x800075cc (0x00972033) slt     zero, a4, s1
core   0: 3 0x800075cc (0x00972033)
core   0: 0x800075d0 (0x56eab193) sltiu   gp, s5, 1390
core   0: 3 0x800075d0 (0x56eab193) x 3 0x00000000
core   0: 0x800075d4 (0x01d719b3) sll     s3, a4, t4
core   0: 3 0x800075d4 (0x01d719b3) x19 0x00439900
core   0: 0x800075d8 (0x000338b3) sltu    a7, t1, zero
core   0: 3 0x800075d8 (0x000338b3) x17 0x00000000
core   0: 0x800075dc (0x00ff9033) sll     zero, t6, a5
core   0: 3 0x800075dc (0x00ff9033)
core   0: 0x800075e0 (0x01d6d913) srli    s2, a3, 29
core   0: 3 0x800075e0 (0x01d6d913) x18 0x00000000
core   0: 0x800075e4 (0x0031d493) srli    s1, gp, 3
core   0: 3 0x800075e4 (0x0031d493) x 9 0x00000000
core   0: 0x800075e8 (0x018adcb3) srl     s9, s5, s8
core   0: 3 0x800075e8 (0x018adcb3) x25 0x0001ffff
core   0: 0x800075ec (0x0182f633) and     a2, t0, s8
core   0: 3 0x800075ec (0x0182f633) x12 0x00000000
core   0: 0x800075f0 (0x5f438397) auipc   t2, 0x5f438
core   0: 3 0x800075f0 (0x5f438397) x 7 0xdf43f5f0
core   0: 0x800075f4 (0x019053b3) srl     t2, zero, s9
core   0: 3 0x800075f4 (0x019053b3) x 7 0x00000000
core   0: 0x800075f8 (0x41410333) sub     t1, sp, s4
core   0: 3 0x800075f8 (0x41410333) x 6 0xfffffbfe
core   0: 0x800075fc (0x00119c93) slli    s9, gp, 1
core   0: 3 0x800075fc (0x00119c93) x25 0x00000000
core   0: 0x80007600 (0x0173dd33) srl     s10, t2, s7
core   0: 3 0x80007600 (0x0173dd33) x26 0x00000000
core   0: 0x80007604 (0x004419b3) sll     s3, s0, tp
core   0: 3 0x80007604 (0x004419b3) x19 0x00000000
core   0: 0x80007608 (0x01ea1133) sll     sp, s4, t5
core   0: 3 0x80007608 (0x01ea1133) x 2 0x00000000
core   0: 0x8000760c (0x34492a13) slti    s4, s2, 836
core   0: 3 0x8000760c (0x34492a13) x20 0x00000001
core   0: 0x80007610 (0x0019d5b3) srl     a1, s3, ra
core   0: 3 0x80007610 (0x0019d5b3) x11 0x00000000
core   0: 0x80007614 (0x75060c93) addi    s9, a2, 1872
core   0: 3 0x80007614 (0x75060c93) x25 0x00000750
core   0: 0x80007618 (0x8610a113) slti    sp, ra, -1951
core   0: 3 0x80007618 (0x8610a113) x 2 0x00000000
core   0: 0x8000761c (0x29838c93) addi    s9, t2, 664
core   0: 3 0x8000761c (0x29838c93) x25 0x00000298
core   0: 0x80007620 (0x41cc05b3) sub     a1, s8, t3
core   0: 3 0x80007620 (0x41cc05b3) x11 0x00b16631
core   0: 0x80007624 (0x007940b3) xor     ra, s2, t2
core   0: 3 0x80007624 (0x007940b3) x 1 0x00000000
core   0: 0x80007628 (0x01f5f933) and     s2, a1, t6
core   0: 3 0x80007628 (0x01f5f933) x18 0x00014420
core   0: 0x8000762c (0x00000013) nop
core   0: 3 0x8000762c (0x00000013)
core   0: 0x80007630 (0xde383e93) sltiu   t4, a6, -541
core   0: 3 0x80007630 (0xde383e93) x29 0x00000001
core   0: 0x80007634 (0xa04c6813) ori     a6, s8, -1532
core   0: 3 0x80007634 (0xa04c6813) x16 0xfffffbaf
core   0: 0x80007638 (0x01858533) add     a0, a1, s8
core   0: 3 0x80007638 (0x01858533) x10 0x00b167e0
core   0: 0x8000763c (0x01165513) srli    a0, a2, 17
core   0: 3 0x8000763c (0x01165513) x10 0x00000000
core   0: 0x80007640 (0xe2dcc413) xori    s0, s9, -467
core   0: 3 0x80007640 (0xe2dcc413) x 8 0xfffffcb5
core   0: 0x80007644 (0x01387033) and     zero, a6, s3
core   0: 3 0x80007644 (0x01387033)
core   0: 0x80007648 (0x01051b13) slli    s6, a0, 16
core   0: 3 0x80007648 (0x01051b13) x22 0x00000000
core   0: 0x8000764c (0x7cb00393) li      t2, 1995
core   0: 3 0x8000764c (0x7cb00393) x 7 0x000007cb
core   0: 0x80007650 (0x00dd5d93) srli    s11, s10, 13
core   0: 3 0x80007650 (0x00dd5d93) x27 0x00000000
core   0: 0x80007654 (0x013cfeb3) and     t4, s9, s3
core   0: 3 0x80007654 (0x013cfeb3) x29 0x00000000
core   0: 0x80007658 (0x00c45433) srl     s0, s0, a2
core   0: 3 0x80007658 (0x00c45433) x 8 0xfffffcb5
core   0: 0x8000765c (0x0128d313) srli    t1, a7, 18
core   0: 3 0x8000765c (0x0128d313) x 6 0x00000000
core   0: 0x80007660 (0x403485b3) sub     a1, s1, gp
core   0: 3 0x80007660 (0x403485b3) x11 0x00000000
core   0: 0x80007664 (0x8dc54913) xori    s2, a0, -1828
core   0: 3 0x80007664 (0x8dc54913) x18 0xfffff8dc
core   0: 0x80007668 (0x01dff333) and     t1, t6, t4
core   0: 3 0x80007668 (0x01dff333) x 6 0x00000000
core   0: 0x8000766c (0x41945613) srai    a2, s0, 25
core   0: 3 0x8000766c (0x41945613) x12 0xffffffff
core   0: 0x80007670 (0xbd768293) addi    t0, a3, -1065
core   0: 3 0x80007670 (0xbd768293) x 5 0xfffffbd7
core   0: 0x80007674 (0x41525933) sra     s2, tp, s5
core   0: 3 0x80007674 (0x41525933) x18 0x00000000
core   0: 0x80007678 (0x013abe33) sltu    t3, s5, s3
core   0: 3 0x80007678 (0x013abe33) x28 0x00000000
core   0: 0x8000767c (0x0006bc33) sltu    s8, a3, zero
core   0: 3 0x8000767c (0x0006bc33) x24 0x00000000
core   0: 0x80007680 (0x19c5b313) sltiu   t1, a1, 412
core   0: 3 0x80007680 (0x19c5b313) x 6 0x00000001
core   0: 0x80007684 (0x002b8033) add     zero, s7, sp
core   0: 3 0x80007684 (0x002b8033)
core   0: 0x80007688 (0x01063833) sltu    a6, a2, a6
core   0: 3 0x80007688 (0x01063833) x16 0x00000000
core   0: 0x8000768c (0x6491b493) sltiu   s1, gp, 1609
core   0: 3 0x8000768c (0x6491b493) x 9 0x00000001
core   0: 0x80007690 (0x40fc5693) srai    a3, s8, 15
core   0: 3 0x80007690 (0x40fc5693) x13 0x00000000
core   0: 0x80007694 (0x0086a2b3) slt     t0, a3, s0
core   0: 3 0x80007694 (0x0086a2b3) x 5 0x00000000
core   0: 0x80007698 (0xeb30c993) xori    s3, ra, -333
core   0: 3 0x80007698 (0xeb30c993) x19 0xfffffeb3
core   0: 0x8000769c (0xe8cb4c13) xori    s8, s6, -372
core   0: 3 0x8000769c (0xe8cb4c13) x24 0xfffffe8c
core   0: 0x800076a0 (0x82327f17) auipc   t5, 0x82327
core   0: 3 0x800076a0 (0x82327f17) x30 0x0232e6a0
core   0: 0x800076a4 (0x64d94613) xori    a2, s2, 1613
core   0: 3 0x800076a4 (0x64d94613) x12 0x0000064d
core   0: 0x800076a8 (0x83f6ef13) ori     t5, a3, -1985
core   0: 3 0x800076a8 (0x83f6ef13) x30 0xfffff83f
core   0: 0x800076ac (0x01096433) or      s0, s2, a6
core   0: 3 0x800076ac (0x01096433) x 8 0x00000000
core   0: 0x800076b0 (0x01405f13) srli    t5, zero, 20
core   0: 3 0x800076b0 (0x01405f13) x30 0x00000000
core   0: 0x800076b4 (0xa97f2313) slti    t1, t5, -1385
core   0: 3 0x800076b4 (0xa97f2313) x 6 0x00000000
core   0: 0x800076b8 (0x00a5d633) srl     a2, a1, a0
core   0: 3 0x800076b8 (0x00a5d633) x12 0x00000000
core   0: 0x800076bc (0x008b5ab3) srl     s5, s6, s0
core   0: 3 0x800076bc (0x008b5ab3) x21 0x00000000
core   0: 0x800076c0 (0x8dd5ae93) slti    t4, a1, -1827
core   0: 3 0x800076c0 (0x8dd5ae93) x29 0x00000000
core   0: 0x800076c4 (0x00e4beb3) sltu    t4, s1, a4
core   0: 3 0x800076c4 (0x00e4beb3) x29 0x00000001
core   0: 0x800076c8 (0x002c36b3) sltu    a3, s8, sp
core   0: 3 0x800076c8 (0x002c36b3) x13 0x00000000
core   0: 0x800076cc (0x55326193) ori     gp, tp, 1363
core   0: 3 0x800076cc (0x55326193) x 3 0x00000553
core   0: 0x800076d0 (0xf4282913) slti    s2, a6, -190
core   0: 3 0x800076d0 (0xf4282913) x18 0x00000000
core   0: 0x800076d4 (0x41b5dd93) srai    s11, a1, 27
core   0: 3 0x800076d4 (0x41b5dd93) x27 0x00000000
core   0: 0x800076d8 (0x0126dd93) srli    s11, a3, 18
core   0: 3 0x800076d8 (0x0126dd93) x27 0x00000000
core   0: 0x800076dc (0x41415ab3) sra     s5, sp, s4
core   0: 3 0x800076dc (0x41415ab3) x21 0x00000000
core   0: 0x800076e0 (0x00bd0933) add     s2, s10, a1
core   0: 3 0x800076e0 (0x00bd0933) x18 0x00000000
core   0: 0x800076e4 (0x00f9f3b3) and     t2, s3, a5
core   0: 3 0x800076e4 (0x00f9f3b3) x 7 0xff4e9a32
core   0: 0x800076e8 (0x41a55813) srai    a6, a0, 26
core   0: 3 0x800076e8 (0x41a55813) x16 0x00000000
core   0: 0x800076ec (0x00000013) nop
core   0: 3 0x800076ec (0x00000013)
core   0: 0x800076f0 (0x019eae33) slt     t3, t4, s9
core   0: 3 0x800076f0 (0x019eae33) x28 0x00000001
core   0: 0x800076f4 (0xd2af7e17) auipc   t3, 0xd2af7
core   0: 3 0x800076f4 (0xd2af7e17) x28 0x52afe6f4
core   0: 0x800076f8 (0x00721633) sll     a2, tp, t2
core   0: 3 0x800076f8 (0x00721633) x12 0x00000000
core   0: 0x800076fc (0x60ce8193) addi    gp, t4, 1548
core   0: 3 0x800076fc (0x60ce8193) x 3 0x0000060d
core   0: 0x80007700 (0x701d0037) lui     zero, 0x701d0
core   0: 3 0x80007700 (0x701d0037)
core   0: 0x80007704 (0x22dd0a93) addi    s5, s10, 557
core   0: 3 0x80007704 (0x22dd0a93) x21 0x0000022d
core   0: 0x80007708 (0x974a0f13) addi    t5, s4, -1676
core   0: 3 0x80007708 (0x974a0f13) x30 0xfffff975
core   0: 0x8000770c (0x01228033) add     zero, t0, s2
core   0: 3 0x8000770c (0x01228033)
core   0: 0x80007710 (0xa60f0493) addi    s1, t5, -1440
core   0: 3 0x80007710 (0xa60f0493) x 9 0xfffff3d5
core   0: 0x80007714 (0x40028c33) sub     s8, t0, zero
core   0: 3 0x80007714 (0x40028c33) x24 0x00000000
core   0: 0x80007718 (0x00a9d6b3) srl     a3, s3, a0
core   0: 3 0x80007718 (0x00a9d6b3) x13 0xfffffeb3
core   0: 0x8000771c (0xf7a73493) sltiu   s1, a4, -134
core   0: 3 0x8000771c (0xf7a73493) x 9 0x00000001
core   0: 0x80007720 (0x9c9fe413) ori     s0, t6, -1591
core   0: 3 0x80007720 (0x9c9fe413) x 8 0xfffffded
core   0: 0x80007724 (0x862b8813) addi    a6, s7, -1950
core   0: 3 0x80007724 (0x862b8813) x16 0xfffff862
core   0: 0x80007728 (0x00058e33) add     t3, a1, zero
core   0: 3 0x80007728 (0x00058e33) x28 0x00000000
core   0: 0x8000772c (0x419e0a33) sub     s4, t3, s9
core   0: 3 0x8000772c (0x419e0a33) x20 0xfffffd68
core   0: 0x80007730 (0xccd3f697) auipc   a3, 0xccd3f
core   0: 3 0x80007730 (0xccd3f697) x13 0x4cd46730
core   0: 0x80007734 (0x011d2833) slt     a6, s10, a7
core   0: 3 0x80007734 (0x011d2833) x16 0x00000000
core   0: 0x80007738 (0x197c2b13) slti    s6, s8, 407
core   0: 3 0x80007738 (0x197c2b13) x22 0x00000001
core   0: 0x8000773c (0x01a97f33) and     t5, s2, s10
core   0: 3 0x8000773c (0x01a97f33) x30 0x00000000
core   0: 0x80007740 (0x00773433) sltu    s0, a4, t2
core   0: 3 0x80007740 (0x00773433) x 8 0x00000001
core   0: 0x80007744 (0xa199fd13) andi    s10, s3, -1511
core   0: 3 0x80007744 (0xa199fd13) x26 0xfffffa11
core   0: 0x80007748 (0x01549e93) slli    t4, s1, 21
core   0: 3 0x80007748 (0x01549e93) x29 0x00200000
core   0: 0x8000774c (0x00bbfcb3) and     s9, s7, a1
core   0: 3 0x8000774c (0x00bbfcb3) x25 0x00000000
core   0: 0x80007750 (0x00c21593) slli    a1, tp, 12
core   0: 3 0x80007750 (0x00c21593) x11 0x00000000
core   0: 0x80007754 (0x00000013) nop
core   0: 3 0x80007754 (0x00000013)
core   0: 0x80007758 (0x00a41c93) slli    s9, s0, 10
core   0: 3 0x80007758 (0x00a41c93) x25 0x00000400
core   0: 0x8000775c (0x00e19693) slli    a3, gp, 14
core   0: 3 0x8000775c (0x00e19693) x13 0x01834000
core   0: 0x80007760 (0xa2903013) sltiu   zero, zero, -1495
core   0: 3 0x80007760 (0xa2903013)
core   0: 0x80007764 (0x93740437) lui     s0, 0x93740
core   0: 3 0x80007764 (0x93740437) x 8 0x93740000
core   0: 0x80007768 (0x4186d2b3) sra     t0, a3, s8
core   0: 3 0x80007768 (0x4186d2b3) x 5 0x01834000
core   0: 0x8000776c (0x00f9d033) srl     zero, s3, a5
core   0: 3 0x8000776c (0x00f9d033)
core   0: 0x80007770 (0xb9d27513) andi    a0, tp, -1123
core   0: 3 0x80007770 (0xb9d27513) x10 0x00000000
core   0: 0x80007774 (0x00000013) nop
core   0: 3 0x80007774 (0x00000013)
core   0: 0x80007778 (0x19d70593) addi    a1, a4, 413
core   0: 3 0x80007778 (0x19d70593) x11 0x80011001
core   0: 0x8000777c (0x41468033) sub     zero, a3, s4
core   0: 3 0x8000777c (0x41468033)
core   0: 0x80007780 (0x015293b3) sll     t2, t0, s5
core   0: 3 0x80007780 (0x015293b3) x 7 0x68000000
core   0: 0x80007784 (0x01908633) add     a2, ra, s9
core   0: 3 0x80007784 (0x01908633) x12 0x00000400
core   0: 0x80007788 (0x00f75d93) srli    s11, a4, 15
core   0: 3 0x80007788 (0x00f75d93) x27 0x00010002
core   0: 0x8000778c (0xe327a3b7) lui     t2, 0xe327a
core   0: 3 0x8000778c (0xe327a3b7) x 7 0xe327a000
core   0: 0x80007790 (0x0085c933) xor     s2, a1, s0
core   0: 3 0x80007790 (0x0085c933) x18 0x13751001
core   0: 0x80007794 (0x00f453b3) srl     t2, s0, a5
core   0: 3 0x80007794 (0x00f453b3) x 7 0x00000002
core   0: 0x80007798 (0x01271f33) sll     t5, a4, s2
core   0: 3 0x80007798 (0x01271f33) x30 0x00021cc8
core   0: 0x8000779c (0x4138db13) srai    s6, a7, 19
core   0: 3 0x8000779c (0x4138db13) x22 0x00000000
core   0: 0x800077a0 (0x016f1593) slli    a1, t5, 22
core   0: 3 0x800077a0 (0x016f1593) x11 0x32000000
core   0: 0x800077a4 (0x4012dd13) srai    s10, t0, 1
core   0: 3 0x800077a4 (0x4012dd13) x26 0x00c1a000
core   0: 0x800077a8 (0xb09dff13) andi    t5, s11, -1271
core   0: 3 0x800077a8 (0xb09dff13) x30 0x00010000
core   0: 0x800077ac (0x8da83593) sltiu   a1, a6, -1830
core   0: 3 0x800077ac (0x8da83593) x11 0x00000001
core   0: 0x800077b0 (0x00000013) nop
core   0: 3 0x800077b0 (0x00000013)
core   0: 0x800077b4 (0x015ea533) slt     a0, t4, s5
core   0: 3 0x800077b4 (0x015ea533) x10 0x00000000
core   0: 0x800077b8 (0x00323cb3) sltu    s9, tp, gp
core   0: 3 0x800077b8 (0x00323cb3) x25 0x00000001
core   0: 0x800077bc (0x00b74633) xor     a2, a4, a1
core   0: 3 0x800077bc (0x00b74633) x12 0x80010e65
core   0: 0x800077c0 (0x00f136b3) sltu    a3, sp, a5
core   0: 3 0x800077c0 (0x00f136b3) x13 0x00000001
core   0: 0x800077c4 (0x0103a4b3) slt     s1, t2, a6
core   0: 3 0x800077c4 (0x0103a4b3) x 9 0x00000000
core   0: 0x800077c8 (0x9422ee37) lui     t3, 0x9422e
core   0: 3 0x800077c8 (0x9422ee37) x28 0x9422e000
core   0: 0x800077cc (0x00a82233) slt     tp, a6, a0
core   0: 3 0x800077cc (0x00a82233) x 4 0x00000000
core   0: 0x800077d0 (0xadd4ed13) ori     s10, s1, -1315
core   0: 3 0x800077d0 (0xadd4ed13) x26 0xfffffadd
core   0: 0x800077d4 (0x00000013) nop
core   0: 3 0x800077d4 (0x00000013)
core   0: 0x800077d8 (0x013f3a33) sltu    s4, t5, s3
core   0: 3 0x800077d8 (0x013f3a33) x20 0x00000001
core   0: 0x800077dc (0x014ca433) slt     s0, s9, s4
core   0: 3 0x800077dc (0x014ca433) x 8 0x00000000
core   0: 0x800077e0 (0x01981113) slli    sp, a6, 25
core   0: 3 0x800077e0 (0x01981113) x 2 0x00000000
core   0: 0x800077e4 (0xeb573c93) sltiu   s9, a4, -331
core   0: 3 0x800077e4 (0xeb573c93) x25 0x00000001
core   0: 0x800077e8 (0x41c5da33) sra     s4, a1, t3
core   0: 3 0x800077e8 (0x41c5da33) x20 0x00000001
core   0: 0x800077ec (0x0093f333) and     t1, t2, s1
core   0: 3 0x800077ec (0x0093f333) x 6 0x00000000
core   0: 0x800077f0 (0x0170f1b3) and     gp, ra, s7
core   0: 3 0x800077f0 (0x0170f1b3) x 3 0x00000000
core   0: 0x800077f4 (0x83431517) auipc   a0, 0x83431
core   0: 3 0x800077f4 (0x83431517) x10 0x034387f4
core   0: 0x800077f8 (0x414cd593) srai    a1, s9, 20
core   0: 3 0x800077f8 (0x414cd593) x11 0x00000000
core   0: 0x800077fc (0x00000f13) li      t5, 0
core   0: 3 0x800077fc (0x00000f13) x30 0x00000000
core   0: 0x80007800 (0x80000cb7) lui     s9, 0x80000
core   0: 3 0x80007800 (0x80000cb7) x25 0x80000000
core   0: 0x80007804 (0x80000e37) lui     t3, 0x80000
core   0: 3 0x80007804 (0x80000e37) x28 0x80000000
core   0: 0x80007808 (0x769b9637) lui     a2, 0x769b9
core   0: 3 0x80007808 (0x769b9637) x12 0x769b9000
core   0: 0x8000780c (0xd5d60613) addi    a2, a2, -675
core   0: 3 0x8000780c (0xd5d60613) x12 0x769b8d5d
core   0: 0x80007810 (0xa6e544b7) lui     s1, 0xa6e54
core   0: 3 0x80007810 (0xa6e544b7) x 9 0xa6e54000
core   0: 0x80007814 (0xbdc48493) addi    s1, s1, -1060
core   0: 3 0x80007814 (0xbdc48493) x 9 0xa6e53bdc
core   0: 0x80007818 (0xfff00d13) li      s10, -1
core   0: 3 0x80007818 (0xfff00d13) x26 0xffffffff
core   0: 0x8000781c (0x80000bb7) lui     s7, 0x80000
core   0: 3 0x8000781c (0x80000bb7) x23 0x80000000
core   0: 0x80007820 (0xd877a1b7) lui     gp, 0xd877a
core   0: 3 0x80007820 (0xd877a1b7) x 3 0xd877a000
core   0: 0x80007824 (0x3f918193) addi    gp, gp, 1017
core   0: 3 0x80007824 (0x3f918193) x 3 0xd877a3f9
core   0: 0x80007828 (0x9b115b37) lui     s6, 0x9b115
core   0: 3 0x80007828 (0x9b115b37) x22 0x9b115000
core   0: 0x8000782c (0x7c9b0b13) addi    s6, s6, 1993
core   0: 3 0x8000782c (0x7c9b0b13) x22 0x9b1157c9
core   0: 0x80007830 (0xfff00393) li      t2, -1
core   0: 3 0x80007830 (0xfff00393) x 7 0xffffffff
core   0: 0x80007834 (0xfd4c14b7) lui     s1, 0xfd4c1
core   0: 3 0x80007834 (0xfd4c14b7) x 9 0xfd4c1000
core   0: 0x80007838 (0x00000013) nop
core   0: 3 0x80007838 (0x00000013)
core   0: 0x8000783c (0x01cc8d33) add     s10, s9, t3
core   0: 3 0x8000783c (0x01cc8d33) x26 0x00000000
core   0: 0x80007840 (0xd7ac8f13) addi    t5, s9, -646
core   0: 3 0x80007840 (0xd7ac8f13) x30 0x7ffffd7a
core   0: 0x80007844 (0x00000013) nop
core   0: 3 0x80007844 (0x00000013)
core   0: 0x80007848 (0x7fb02b37) lui     s6, 0x7fb02
core   0: 3 0x80007848 (0x7fb02b37) x22 0x7fb02000
core   0: 0x8000784c (0x40ce0633) sub     a2, t3, a2
core   0: 3 0x8000784c (0x40ce0633) x12 0x096472a3
core   0: 0x80007850 (0x19b64b97) auipc   s7, 0x19b64
core   0: 3 0x80007850 (0x19b64b97) x23 0x99b6b850
core   0: 0x80007854 (0x00000013) nop
core   0: 3 0x80007854 (0x00000013)
core   0: 0x80007858 (0x48f3ff17) auipc   t5, 0x48f3f
core   0: 3 0x80007858 (0x48f3ff17) x30 0xc8f46858
core   0: 0x8000785c (0x01738bb3) add     s7, t2, s7
core   0: 3 0x8000785c (0x01738bb3) x23 0x99b6b84f
core   0: 0x80007860 (0x00000013) nop
core   0: 3 0x80007860 (0x00000013)
core   0: 0x80007864 (0x63fc8c93) addi    s9, s9, 1599
core   0: 3 0x80007864 (0x63fc8c93) x25 0x8000063f
core   0: 0x80007868 (0x01ec84b3) add     s1, s9, t5
core   0: 3 0x80007868 (0x01ec84b3) x 9 0x48f46e97
core   0: 0x8000786c (0x01c603b3) add     t2, a2, t3
core   0: 3 0x8000786c (0x01c603b3) x 7 0x896472a3
core   0: 0x80007870 (0x009c81b3) add     gp, s9, s1
core   0: 3 0x80007870 (0x009c81b3) x 3 0xc8f474d6
core   0: 0x80007874 (0xaf0adc97) auipc   s9, 0xaf0ad
core   0: 3 0x80007874 (0xaf0adc97) x25 0x2f0b4874
core   0: 0x80007878 (0x4b5a14b7) lui     s1, 0x4b5a1
core   0: 3 0x80007878 (0x4b5a14b7) x 9 0x4b5a1000
core   0: 0x8000787c (0x00000013) nop
core   0: 3 0x8000787c (0x00000013)
core   0: 0x80007880 (0x00000013) nop
core   0: 3 0x80007880 (0x00000013)
core   0: 0x80007884 (0xf06e11b7) lui     gp, 0xf06e1
core   0: 3 0x80007884 (0xf06e11b7) x 3 0xf06e1000
core   0: 0x80007888 (0x43459e37) lui     t3, 0x43459
core   0: 3 0x80007888 (0x43459e37) x28 0x43459000
core   0: 0x8000788c (0x84a60193) addi    gp, a2, -1974
core   0: 3 0x8000788c (0x84a60193) x 3 0x09646aed
core   0: 0x80007890 (0xc24ef4b7) lui     s1, 0xc24ef
core   0: 3 0x80007890 (0xc24ef4b7) x 9 0xc24ef000
core   0: 0x80007894 (0x40acdd13) srai    s10, s9, 10
core   0: 3 0x80007894 (0x40acdd13) x26 0x000bc2d2
core   0: 0x80007898 (0x00ed1cb3) sll     s9, s10, a4
core   0: 3 0x80007898 (0x00ed1cb3) x25 0x00bc2d20
core   0: 0x8000789c (0x014d41b3) xor     gp, s10, s4
core   0: 3 0x8000789c (0x014d41b3) x 3 0x000bc2d3
core   0: 0x800078a0 (0x00dc9d13) slli    s10, s9, 13
core   0: 3 0x800078a0 (0x00dc9d13) x26 0x85a40000
core   0: 0x800078a4 (0x411fddb3) sra     s11, t6, a7
core   0: 3 0x800078a4 (0x411fddb3) x27 0x80014ce4
core   0: 0x800078a8 (0x01d2feb3) and     t4, t0, t4
core   0: 3 0x800078a8 (0x01d2feb3) x29 0x00000000
core   0: 0x800078ac (0x004e0433) add     s0, t3, tp
core   0: 3 0x800078ac (0x004e0433) x 8 0x43459000
core   0: 0x800078b0 (0x700c4213) xori    tp, s8, 1792
core   0: 3 0x800078b0 (0x700c4213) x 4 0x00000700
core   0: 0x800078b4 (0x00e528b3) slt     a7, a0, a4
core   0: 3 0x800078b4 (0x00e528b3) x17 0x00000000
core   0: 0x800078b8 (0x00856eb3) or      t4, a0, s0
core   0: 3 0x800078b8 (0x00856eb3) x29 0x434797f4
core   0: 0x800078bc (0x9780b393) sltiu   t2, ra, -1672
core   0: 3 0x800078bc (0x9780b393) x 7 0x00000001
core   0: 0x800078c0 (0xb0570613) addi    a2, a4, -1275
core   0: 3 0x800078c0 (0xb0570613) x12 0x80010969
core   0: 0x800078c4 (0x00000013) nop
core   0: 3 0x800078c4 (0x00000013)
core   0: 0x800078c8 (0xd7b6ae93) slti    t4, a3, -645
core   0: 3 0x800078c8 (0xd7b6ae93) x29 0x00000000
core   0: 0x800078cc (0x36350b93) addi    s7, a0, 867
core   0: 3 0x800078cc (0x36350b93) x23 0x03438b57
core   0: 0x800078d0 (0x41fa8db3) sub     s11, s5, t6
core   0: 3 0x800078d0 (0x41fa8db3) x27 0x7ffeb549
core   0: 0x800078d4 (0x00745e33) srl     t3, s0, t2
core   0: 3 0x800078d4 (0x00745e33) x28 0x21a2c800
core   0: 0x800078d8 (0x00000013) nop
core   0: 3 0x800078d8 (0x00000013)
core   0: 0x800078dc (0x0f41c193) xori    gp, gp, 244
core   0: 3 0x800078dc (0x0f41c193) x 3 0x000bc227
core   0: 0x800078e0 (0x40f655b3) sra     a1, a2, a5
core   0: 3 0x800078e0 (0x40f655b3) x11 0xfffffffe
core   0: 0x800078e4 (0x015d2033) slt     zero, s10, s5
core   0: 3 0x800078e4 (0x015d2033)
core   0: 0x800078e8 (0x4fa27e93) andi    t4, tp, 1274
core   0: 3 0x800078e8 (0x4fa27e93) x29 0x00000400
core   0: 0x800078ec (0xa4aa4693) xori    a3, s4, -1462
core   0: 3 0x800078ec (0xa4aa4693) x13 0xfffffa4b
core   0: 0x800078f0 (0x00276a33) or      s4, a4, sp
core   0: 3 0x800078f0 (0x00276a33) x20 0x80010e64
core   0: 0x800078f4 (0x00000013) nop
core   0: 3 0x800078f4 (0x00000013)
core   0: 0x800078f8 (0x2b568593) addi    a1, a3, 693
core   0: 3 0x800078f8 (0x2b568593) x11 0xfffffd00
core   0: 0x800078fc (0x00000013) nop
core   0: 3 0x800078fc (0x00000013)
core   0: 0x80007900 (0x00f59293) slli    t0, a1, 15
core   0: 3 0x80007900 (0x00f59293) x 5 0xfe800000
core   0: 0x80007904 (0x41b35f33) sra     t5, t1, s11
core   0: 3 0x80007904 (0x41b35f33) x30 0x00000000
core   0: 0x80007908 (0x41f9d333) sra     t1, s3, t6
core   0: 3 0x80007908 (0x41f9d333) x 6 0xffffffeb
core   0: 0x8000790c (0x018b7e33) and     t3, s6, s8
core   0: 3 0x8000790c (0x018b7e33) x28 0x00000000
core   0: 0x80007910 (0x010f5593) srli    a1, t5, 16
core   0: 3 0x80007910 (0x010f5593) x11 0x00000000
core   0: 0x80007914 (0x38167d93) andi    s11, a2, 897
core   0: 3 0x80007914 (0x38167d93) x27 0x00000101
core   0: 0x80007918 (0x06807613) andi    a2, zero, 104
core   0: 3 0x80007918 (0x06807613) x12 0x00000000
core   0: 0x8000791c (0x01515ab3) srl     s5, sp, s5
core   0: 3 0x8000791c (0x01515ab3) x21 0x00000000
core   0: 0x80007920 (0x0016ce33) xor     t3, a3, ra
core   0: 3 0x80007920 (0x0016ce33) x28 0xfffffa4b
core   0: 0x80007924 (0xc30abc13) sltiu   s8, s5, -976
core   0: 3 0x80007924 (0xc30abc13) x24 0x00000001
core   0: 0x80007928 (0x408800b3) sub     ra, a6, s0
core   0: 3 0x80007928 (0x408800b3) x 1 0xbcba7000
core   0: 0x8000792c (0x40d2d4b3) sra     s1, t0, a3
core   0: 3 0x8000792c (0x40d2d4b3) x 9 0xffffd000
core   0: 0x80007930 (0x0142d633) srl     a2, t0, s4
core   0: 3 0x80007930 (0x0142d633) x12 0x0fe80000
core   0: 0x80007934 (0x0ad6b2b7) lui     t0, 0xad6b
core   0: 3 0x80007934 (0x0ad6b2b7) x 5 0x0ad6b000
core   0: 0x80007938 (0x014edeb3) srl     t4, t4, s4
core   0: 3 0x80007938 (0x014edeb3) x29 0x00000040
core   0: 0x8000793c (0x40885393) srai    t2, a6, 8
core   0: 3 0x8000793c (0x40885393) x 7 0x00000000
core   0: 0x80007940 (0xcb952613) slti    a2, a0, -839
core   0: 3 0x80007940 (0xcb952613) x12 0x00000000
core   0: 0x80007944 (0x0133dcb3) srl     s9, t2, s3
core   0: 3 0x80007944 (0x0133dcb3) x25 0x00000000
core   0: 0x80007948 (0x4012da33) sra     s4, t0, ra
core   0: 3 0x80007948 (0x4012da33) x20 0x0ad6b000
core   0: 0x8000794c (0x1b16d2b7) lui     t0, 0x1b16d
core   0: 3 0x8000794c (0x1b16d2b7) x 5 0x1b16d000
core   0: 0x80007950 (0x173d15b7) lui     a1, 0x173d1
core   0: 3 0x80007950 (0x173d15b7) x11 0x173d1000
core   0: 0x80007954 (0x7f5f0d93) addi    s11, t5, 2037
core   0: 3 0x80007954 (0x7f5f0d93) x27 0x000007f5
core   0: 0x80007958 (0x41d55133) sra     sp, a0, t4
core   0: 3 0x80007958 (0x41d55133) x 2 0x034387f4
core   0: 0x8000795c (0x40e7db13) srai    s6, a5, 14
core   0: 3 0x8000795c (0x40e7db13) x22 0xfffffd3a
core   0: 0x80007960 (0xf459ae13) slti    t3, s3, -187
core   0: 3 0x80007960 (0xf459ae13) x28 0x00000001
core   0: 0x80007964 (0x6bc56c13) ori     s8, a0, 1724
core   0: 3 0x80007964 (0x6bc56c13) x24 0x034387fc
core   0: 0x80007968 (0x80000bb7) lui     s7, 0x80000
core   0: 3 0x80007968 (0x80000bb7) x23 0x80000000
core   0: 0x8000796c (0x00000a93) li      s5, 0
core   0: 3 0x8000796c (0x00000a93) x21 0x00000000
core   0: 0x80007970 (0x7c8d4cb7) lui     s9, 0x7c8d4
core   0: 3 0x80007970 (0x7c8d4cb7) x25 0x7c8d4000
core   0: 0x80007974 (0x55ec8c93) addi    s9, s9, 1374
core   0: 3 0x80007974 (0x55ec8c93) x25 0x7c8d455e
core   0: 0x80007978 (0xfff00c13) li      s8, -1
core   0: 3 0x80007978 (0xfff00c13) x24 0xffffffff
core   0: 0x8000797c (0x80000db7) lui     s11, 0x80000
core   0: 3 0x8000797c (0x80000db7) x27 0x80000000
core   0: 0x80007980 (0xfff00493) li      s1, -1
core   0: 3 0x80007980 (0xfff00493) x 9 0xffffffff
core   0: 0x80007984 (0x80000337) lui     t1, 0x80000
core   0: 3 0x80007984 (0x80000337) x 6 0x80000000
core   0: 0x80007988 (0xd82e39b7) lui     s3, 0xd82e3
core   0: 3 0x80007988 (0xd82e39b7) x19 0xd82e3000
core   0: 0x8000798c (0x0b098993) addi    s3, s3, 176
core   0: 3 0x8000798c (0x0b098993) x19 0xd82e30b0
core   0: 0x80007990 (0x00000213) li      tp, 0
core   0: 3 0x80007990 (0x00000213) x 4 0x00000000
core   0: 0x80007994 (0x00000513) li      a0, 0
core   0: 3 0x80007994 (0x00000513) x10 0x00000000
core   0: 0x80007998 (0xa18b1c37) lui     s8, 0xa18b1
core   0: 3 0x80007998 (0xa18b1c37) x24 0xa18b1000
core   0: 0x8000799c (0x2e654c17) auipc   s8, 0x2e654
core   0: 3 0x8000799c (0x2e654c17) x24 0xae65b99c
core   0: 0x800079a0 (0x404c0233) sub     tp, s8, tp
core   0: 3 0x800079a0 (0x404c0233) x 4 0xae65b99c
core   0: 0x800079a4 (0xc4bc4c37) lui     s8, 0xc4bc4
core   0: 3 0x800079a4 (0xc4bc4c37) x24 0xc4bc4000
core   0: 0x800079a8 (0x41bc0ab3) sub     s5, s8, s11
core   0: 3 0x800079a8 (0x41bc0ab3) x21 0x44bc4000
core   0: 0x800079ac (0x92848d93) addi    s11, s1, -1752
core   0: 3 0x800079ac (0x92848d93) x27 0xfffff927
core   0: 0x800079b0 (0xd93c0b97) auipc   s7, 0xd93c0
core   0: 3 0x800079b0 (0xd93c0b97) x23 0x593c79b0
core   0: 0x800079b4 (0x1f658a97) auipc   s5, 0x1f658
core   0: 3 0x800079b4 (0x1f658a97) x21 0x9f65f9b4
core   0: 0x800079b8 (0x1b837cb7) lui     s9, 0x1b837
core   0: 3 0x800079b8 (0x1b837cb7) x25 0x1b837000
core   0: 0x800079bc (0x01b50233) add     tp, a0, s11
core   0: 3 0x800079bc (0x01b50233) x 4 0xfffff927
core   0: 0x800079c0 (0x415d8ab3) sub     s5, s11, s5
core   0: 3 0x800079c0 (0x415d8ab3) x21 0x6099ff73
core   0: 0x800079c4 (0x00a484b3) add     s1, s1, a0
core   0: 3 0x800079c4 (0x00a484b3) x 9 0xffffffff
core   0: 0x800079c8 (0x00000013) nop
core   0: 3 0x800079c8 (0x00000013)
core   0: 0x800079cc (0x00a50ab3) add     s5, a0, a0
core   0: 3 0x800079cc (0x00a50ab3) x21 0x00000000
core   0: 0x800079d0 (0x420dc997) auipc   s3, 0x420dc
core   0: 3 0x800079d0 (0x420dc997) x19 0xc20e39d0
core   0: 0x800079d4 (0x78a24337) lui     t1, 0x78a24
core   0: 3 0x800079d4 (0x78a24337) x 6 0x78a24000
core   0: 0x800079d8 (0x11084497) auipc   s1, 0x11084
core   0: 3 0x800079d8 (0x11084497) x 9 0x9108b9d8
core   0: 0x800079dc (0x00000013) nop
core   0: 3 0x800079dc (0x00000013)
core   0: 0x800079e0 (0x00000013) nop
core   0: 3 0x800079e0 (0x00000013)
core   0: 0x800079e4 (0x01e21a33) sll     s4, tp, t5
core   0: 3 0x800079e4 (0x01e21a33) x20 0xfffff927
core   0: 0x800079e8 (0x4151d213) srai    tp, gp, 21
core   0: 3 0x800079e8 (0x4151d213) x 4 0x00000000
core   0: 0x800079ec (0x25f3c113) xori    sp, t2, 607
core   0: 3 0x800079ec (0x25f3c113) x 2 0x0000025f
core   0: 0x800079f0 (0x00000013) nop
core   0: 3 0x800079f0 (0x00000013)
core   0: 0x800079f4 (0x4ce0ae13) slti    t3, ra, 1230
core   0: 3 0x800079f4 (0x4ce0ae13) x28 0x00000001
core   0: 0x800079f8 (0x8769c313) xori    t1, s3, -1930
core   0: 3 0x800079f8 (0x8769c313) x 6 0x3df1c1a6
core   0: 0x800079fc (0xe6490f13) addi    t5, s2, -412
core   0: 3 0x800079fc (0xe6490f13) x30 0x13750e65
core   0: 0x80007a00 (0x003273b3) and     t2, tp, gp
core   0: 3 0x80007a00 (0x003273b3) x 7 0x00000000
core   0: 0x80007a04 (0x0f02c217) auipc   tp, 0xf02c
core   0: 3 0x80007a04 (0x0f02c217) x 4 0x8f033a04
core   0: 0x80007a08 (0xa98c0117) auipc   sp, 0xa98c0
core   0: 3 0x80007a08 (0xa98c0117) x 2 0x298c7a08
core   0: 0x80007a0c (0x00e25b93) srli    s7, tp, 14
core   0: 3 0x80007a0c (0x00e25b93) x23 0x00023c0c
core   0: 0x80007a10 (0x0119dcb3) srl     s9, s3, a7
core   0: 3 0x80007a10 (0x0119dcb3) x25 0xc20e39d0
core   0: 0x80007a14 (0x6189b093) sltiu   ra, s3, 1560
core   0: 3 0x80007a14 (0x6189b093) x 1 0x00000000
core   0: 0x80007a18 (0x012a88b3) add     a7, s5, s2
core   0: 3 0x80007a18 (0x012a88b3) x17 0x13751001
core   0: 0x80007a1c (0x00181993) slli    s3, a6, 1
core   0: 3 0x80007a1c (0x00181993) x19 0x00000000
core   0: 0x80007a20 (0xa9226c13) ori     s8, tp, -1390
core   0: 3 0x80007a20 (0xa9226c13) x24 0xfffffa96
core   0: 0x80007a24 (0x8dffcc93) xori    s9, t6, -1825
core   0: 3 0x80007a24 (0x8dffcc93) x25 0x7ffeb43b
core   0: 0x80007a28 (0x4052b813) sltiu   a6, t0, 1029
core   0: 3 0x80007a28 (0x4052b813) x16 0x00000000
core   0: 0x80007a2c (0x00000013) nop
core   0: 3 0x80007a2c (0x00000013)
core   0: 0x80007a30 (0x005958b3) srl     a7, s2, t0
core   0: 3 0x80007a30 (0x005958b3) x17 0x13751001
core   0: 0x80007a34 (0x41f55613) srai    a2, a0, 31
core   0: 3 0x80007a34 (0x41f55613) x12 0x00000000
core   0: 0x80007a38 (0xe7078f13) addi    t5, a5, -400
core   0: 3 0x80007a38 (0xe7078f13) x30 0xff4e99ee
core   0: 0x80007a3c (0x00541d13) slli    s10, s0, 5
core   0: 3 0x80007a3c (0x00541d13) x26 0x68b20000
core   0: 0x80007a40 (0x403c5513) srai    a0, s8, 3
core   0: 3 0x80007a40 (0x403c5513) x10 0xffffff52
core   0: 0x80007a44 (0x01551993) slli    s3, a0, 21
core   0: 3 0x80007a44 (0x01551993) x19 0xea400000
core   0: 0x80007a48 (0x40bbd113) srai    sp, s7, 11
core   0: 3 0x80007a48 (0x40bbd113) x 2 0x00000047
core   0: 0x80007a4c (0x0012c533) xor     a0, t0, ra
core   0: 3 0x80007a4c (0x0012c533) x10 0x1b16d000
core   0: 0x80007a50 (0x00f57cb3) and     s9, a0, a5
core   0: 3 0x80007a50 (0x00f57cb3) x25 0x1b069000
core   0: 0x80007a54 (0x40fe0d33) sub     s10, t3, a5
core   0: 3 0x80007a54 (0x40fe0d33) x26 0x00b16483
core   0: 0x80007a58 (0x000c62b3) or      t0, s8, zero
core   0: 3 0x80007a58 (0x000c62b3) x 5 0xfffffa96
core   0: 0x80007a5c (0x000d85b3) add     a1, s11, zero
core   0: 3 0x80007a5c (0x000d85b3) x11 0xfffff927
core   0: 0x80007a60 (0x53764c13) xori    s8, a2, 1335
core   0: 3 0x80007a60 (0x53764c13) x24 0x00000537
core   0: 0x80007a64 (0x01a8dd33) srl     s10, a7, s10
core   0: 3 0x80007a64 (0x01a8dd33) x26 0x026ea200
core   0: 0x80007a68 (0x00000013) nop
core   0: 3 0x80007a68 (0x00000013)
core   0: 0x80007a6c (0x83596393) ori     t2, s2, -1995
core   0: 3 0x80007a6c (0x83596393) x 7 0xfffff835
core   0: 0x80007a70 (0x00afccb3) xor     s9, t6, a0
core   0: 3 0x80007a70 (0x00afccb3) x25 0x9b179ce4
core   0: 0x80007a74 (0x015c83b3) add     t2, s9, s5
core   0: 3 0x80007a74 (0x015c83b3) x 7 0x9b179ce4
core   0: 0x80007a78 (0x011f8cb3) add     s9, t6, a7
core   0: 3 0x80007a78 (0x011f8cb3) x25 0x93765ce5
core   0: 0x80007a7c (0x41b05313) srai    t1, zero, 27
core   0: 3 0x80007a7c (0x41b05313) x 6 0x00000000
core   0: 0x80007a80 (0x4071dd13) srai    s10, gp, 7
core   0: 3 0x80007a80 (0x4071dd13) x26 0x00001784
core   0: 0x80007a84 (0x0080d513) srli    a0, ra, 8
core   0: 3 0x80007a84 (0x0080d513) x10 0x00000000
core   0: 0x80007a88 (0x01221b13) slli    s6, tp, 18
core   0: 3 0x80007a88 (0x01221b13) x22 0xe8100000
core   0: 0x80007a8c (0x413bd393) srai    t2, s7, 19
core   0: 3 0x80007a8c (0x413bd393) x 7 0x00000000
core   0: 0x80007a90 (0xc6f70f13) addi    t5, a4, -913
core   0: 3 0x80007a90 (0xc6f70f13) x30 0x80010ad3
core   0: 0x80007a94 (0x14572e93) slti    t4, a4, 325
core   0: 3 0x80007a94 (0x14572e93) x29 0x00000001
core   0: 0x80007a98 (0x21f62a13) slti    s4, a2, 543
core   0: 3 0x80007a98 (0x21f62a13) x20 0x00000001
core   0: 0x80007a9c (0x03a97b37) lui     s6, 0x3a97
core   0: 3 0x80007a9c (0x03a97b37) x22 0x03a97000
core   0: 0x80007aa0 (0x015ae0b3) or      ra, s5, s5
core   0: 3 0x80007aa0 (0x015ae0b3) x 1 0x00000000
core   0: 0x80007aa4 (0x48e33f13) sltiu   t5, t1, 1166
core   0: 3 0x80007aa4 (0x48e33f13) x30 0x00000001
core   0: 0x80007aa8 (0x00000013) nop
core   0: 3 0x80007aa8 (0x00000013)
core   0: 0x80007aac (0xdc5cfb13) andi    s6, s9, -571
core   0: 3 0x80007aac (0xdc5cfb13) x22 0x93765cc5
core   0: 0x80007ab0 (0x01fc7333) and     t1, s8, t6
core   0: 3 0x80007ab0 (0x01fc7333) x 6 0x00000424
core   0: 0x80007ab4 (0x402a0eb3) sub     t4, s4, sp
core   0: 3 0x80007ab4 (0x402a0eb3) x29 0xffffffba
core   0: 0x80007ab8 (0x1560f613) andi    a2, ra, 342
core   0: 3 0x80007ab8 (0x1560f613) x12 0x00000000
core   0: 0x80007abc (0x007cb2b3) sltu    t0, s9, t2
core   0: 3 0x80007abc (0x007cb2b3) x 5 0x00000000
core   0: 0x80007ac0 (0x016e2a33) slt     s4, t3, s6
core   0: 3 0x80007ac0 (0x016e2a33) x20 0x00000000
core   0: 0x80007ac4 (0x01665b33) srl     s6, a2, s6
core   0: 3 0x80007ac4 (0x01665b33) x22 0x00000000
core   0: 0x80007ac8 (0x0153a913) slti    s2, t2, 21
core   0: 3 0x80007ac8 (0x0153a913) x18 0x00000001
core   0: 0x80007acc (0x0022b033) sltu    zero, t0, sp
core   0: 3 0x80007acc (0x0022b033)
core   0: 0x80007ad0 (0x4e267013) andi    zero, a2, 1250
core   0: 3 0x80007ad0 (0x4e267013)
core   0: 0x80007ad4 (0x542ad217) auipc   tp, 0x542ad
core   0: 3 0x80007ad4 (0x542ad217) x 4 0xd42b4ad4
core   0: 0x80007ad8 (0x00000013) nop
core   0: 3 0x80007ad8 (0x00000013)
core   0: 0x80007adc (0x017b7eb3) and     t4, s6, s7
core   0: 3 0x80007adc (0x017b7eb3) x29 0x00000000
core   0: 0x80007ae0 (0x6f59ba37) lui     s4, 0x6f59b
core   0: 3 0x80007ae0 (0x6f59ba37) x20 0x6f59b000
core   0: 0x80007ae4 (0x01e134b3) sltu    s1, sp, t5
core   0: 3 0x80007ae4 (0x01e134b3) x 9 0x00000000
core   0: 0x80007ae8 (0x00775eb3) srl     t4, a4, t2
core   0: 3 0x80007ae8 (0x00775eb3) x29 0x80010e64
core   0: 0x80007aec (0x00000013) nop
core   0: 3 0x80007aec (0x00000013)
core   0: 0x80007af0 (0x0005d913) srli    s2, a1, 0
core   0: 3 0x80007af0 (0x0005d913) x18 0xfffff927
core   0: 0x80007af4 (0x10b37193) andi    gp, t1, 267
core   0: 3 0x80007af4 (0x10b37193) x 3 0x00000000
core   0: 0x80007af8 (0x01952033) slt     zero, a0, s9
core   0: 3 0x80007af8 (0x01952033)
core   0: 0x80007afc (0x0049a133) slt     sp, s3, tp
core   0: 3 0x80007afc (0x0049a133) x 2 0x00000000
core   0: 0x80007b00 (0x40c95c33) sra     s8, s2, a2
core   0: 3 0x80007b00 (0x40c95c33) x24 0xfffff927
core   0: 0x80007b04 (0x0069fc33) and     s8, s3, t1
core   0: 3 0x80007b04 (0x0069fc33) x24 0x00000000
core   0: 0x80007b08 (0x436898b7) lui     a7, 0x43689
core   0: 3 0x80007b08 (0x436898b7) x17 0x43689000
core   0: 0x80007b0c (0x40500b33) sub     s6, zero, t0
core   0: 3 0x80007b0c (0x40500b33) x22 0x00000000
core   0: 0x80007b10 (0x418589b3) sub     s3, a1, s8
core   0: 3 0x80007b10 (0x418589b3) x19 0xfffff927
core   0: 0x80007b14 (0xe9f37317) auipc   t1, 0xe9f37
core   0: 3 0x80007b14 (0xe9f37317) x 6 0x69f3eb14
core   0: 0x80007b18 (0x00000013) nop
core   0: 3 0x80007b18 (0x00000013)
core   0: 0x80007b1c (0x41ded333) sra     t1, t4, t4
core   0: 3 0x80007b1c (0x41ded333) x 6 0xf80010e6
core   0: 0x80007b20 (0x00000013) nop
core   0: 3 0x80007b20 (0x00000013)
core   0: 0x80007b24 (0x19f20213) addi    tp, tp, 415
core   0: 3 0x80007b24 (0x19f20213) x 4 0xd42b4c73
core   0: 0x80007b28 (0x41e8d2b3) sra     t0, a7, t5
core   0: 3 0x80007b28 (0x41e8d2b3) x 5 0x21b44800
core   0: 0x80007b2c (0x3bac0a13) addi    s4, s8, 954
core   0: 3 0x80007b2c (0x3bac0a13) x20 0x000003ba
core   0: 0x80007b30 (0x24c2fcb7) lui     s9, 0x24c2f
core   0: 3 0x80007b30 (0x24c2fcb7) x25 0x24c2f000
core   0: 0x80007b34 (0xd3b17113) andi    sp, sp, -709
core   0: 3 0x80007b34 (0xd3b17113) x 2 0x00000000
core   0: 0x80007b38 (0x00652a33) slt     s4, a0, t1
core   0: 3 0x80007b38 (0x00652a33) x20 0x00000000
core   0: 0x80007b3c (0x00000013) nop
core   0: 3 0x80007b3c (0x00000013)
core   0: 0x80007b40 (0x9d95ce93) xori    t4, a1, -1575
core   0: 3 0x80007b40 (0x9d95ce93) x29 0x000000fe
core   0: 0x80007b44 (0x41255533) sra     a0, a0, s2
core   0: 3 0x80007b44 (0x41255533) x10 0x00000000
core   0: 0x80007b48 (0x006faa33) slt     s4, t6, t1
core   0: 3 0x80007b48 (0x006faa33) x20 0x00000001
core   0: 0x80007b4c (0x005ec1b3) xor     gp, t4, t0
core   0: 3 0x80007b4c (0x005ec1b3) x 3 0x21b448fe
core   0: 0x80007b50 (0x0016f233) and     tp, a3, ra
core   0: 3 0x80007b50 (0x0016f233) x 4 0x00000000
core   0: 0x80007b54 (0x8c522613) slti    a2, tp, -1851
core   0: 3 0x80007b54 (0x8c522613) x12 0x00000000
core   0: 0x80007b58 (0x01cd13b3) sll     t2, s10, t3
core   0: 3 0x80007b58 (0x01cd13b3) x 7 0x00002f08
core   0: 0x80007b5c (0x01e2da13) srli    s4, t0, 30
core   0: 3 0x80007b5c (0x01e2da13) x20 0x00000000
core   0: 0x80007b60 (0x002b15b3) sll     a1, s6, sp
core   0: 3 0x80007b60 (0x002b15b3) x11 0x00000000
core   0: 0x80007b64 (0xd5a77313) andi    t1, a4, -678
core   0: 3 0x80007b64 (0xd5a77313) x 6 0x80010c40
core   0: 0x80007b68 (0x83fe6013) ori     zero, t3, -1985
core   0: 3 0x80007b68 (0x83fe6013)
core   0: 0x80007b6c (0x014943b3) xor     t2, s2, s4
core   0: 3 0x80007b6c (0x014943b3) x 7 0xfffff927
core   0: 0x80007b70 (0x6f70e093) ori     ra, ra, 1783
core   0: 3 0x80007b70 (0x6f70e093) x 1 0x000006f7
core   0: 0x80007b74 (0x00de9f33) sll     t5, t4, a3
core   0: 3 0x80007b74 (0x00de9f33) x30 0x0007f000
core   0: 0x80007b78 (0x01f7a0b3) slt     ra, a5, t6
core   0: 3 0x80007b78 (0x01f7a0b3) x 1 0x00000000
core   0: 0x80007b7c (0x2b828e13) addi    t3, t0, 696
core   0: 3 0x80007b7c (0x2b828e13) x28 0x21b44ab8
core   0: 0x80007b80 (0xc6ad4c13) xori    s8, s10, -918
core   0: 3 0x80007b80 (0xc6ad4c13) x24 0xffffebee
core   0: 0x80007b84 (0x50ae6313) ori     t1, t3, 1290
core   0: 3 0x80007b84 (0x50ae6313) x 6 0x21b44fba
core   0: 0x80007b88 (0x00059513) slli    a0, a1, 0
core   0: 3 0x80007b88 (0x00059513) x10 0x00000000
core   0: 0x80007b8c (0x41798333) sub     t1, s3, s7
core   0: 3 0x80007b8c (0x41798333) x 6 0xfffdbd1b
core   0: 0x80007b90 (0xd0e89897) auipc   a7, 0xd0e89
core   0: 3 0x80007b90 (0xd0e89897) x17 0x50e90b90
core   0: 0x80007b94 (0x00021293) slli    t0, tp, 0
core   0: 3 0x80007b94 (0x00021293) x 5 0x00000000
core   0: 0x80007b98 (0xdd30a8b7) lui     a7, 0xdd30a
core   0: 3 0x80007b98 (0xdd30a8b7) x17 0xdd30a000
core   0: 0x80007b9c (0x013fbab3) sltu    s5, t6, s3
core   0: 3 0x80007b9c (0x013fbab3) x21 0x00000001
core   0: 0x80007ba0 (0x8f55b113) sltiu   sp, a1, -1803
core   0: 3 0x80007ba0 (0x8f55b113) x 2 0x00000001
core   0: 0x80007ba4 (0x01931593) slli    a1, t1, 25
core   0: 3 0x80007ba4 (0x01931593) x11 0x36000000
core   0: 0x80007ba8 (0x40e050b3) sra     ra, zero, a4
core   0: 3 0x80007ba8 (0x40e050b3) x 1 0x00000000
core   0: 0x80007bac (0x01845f33) srl     t5, s0, s8
core   0: 3 0x80007bac (0x01845f33) x30 0x00010d16
core   0: 0x80007bb0 (0x00441c93) slli    s9, s0, 4
core   0: 3 0x80007bb0 (0x00441c93) x25 0x34590000
core   0: 0x80007bb4 (0x01fb58b3) srl     a7, s6, t6
core   0: 3 0x80007bb4 (0x01fb58b3) x17 0x00000000
core   0: 0x80007bb8 (0x5221e813) ori     a6, gp, 1314
core   0: 3 0x80007bb8 (0x5221e813) x16 0x21b44dfe
core   0: 0x80007bbc (0x00000013) nop
core   0: 3 0x80007bbc (0x00000013)
core   0: 0x80007bc0 (0x92131f17) auipc   t5, 0x92131
core   0: 3 0x80007bc0 (0x92131f17) x30 0x12138bc0
core   0: 0x80007bc4 (0x00da9d33) sll     s10, s5, a3
core   0: 3 0x80007bc4 (0x00da9d33) x26 0x00000800
core   0: 0x80007bc8 (0xc9868db7) lui     s11, 0xc9868
core   0: 3 0x80007bc8 (0xc9868db7) x27 0xc9868000
core   0: 0x80007bcc (0xae074913) xori    s2, a4, -1312
core   0: 3 0x80007bcc (0xae074913) x18 0x7ffef484
core   0: 0x80007bd0 (0x733be693) ori     a3, s7, 1843
core   0: 3 0x80007bd0 (0x733be693) x13 0x00023f3f
core   0: 0x80007bd4 (0x01434133) xor     sp, t1, s4
core   0: 3 0x80007bd4 (0x01434133) x 2 0xfffdbd1b
core   0: 0x80007bd8 (0x01245593) srli    a1, s0, 18
core   0: 3 0x80007bd8 (0x01245593) x11 0x000010d1
core   0: 0x80007bdc (0x01ae2b33) slt     s6, t3, s10
core   0: 3 0x80007bdc (0x01ae2b33) x22 0x00000000
core   0: 0x80007be0 (0x65d1a897) auipc   a7, 0x65d1a
core   0: 3 0x80007be0 (0x65d1a897) x17 0xe5d21be0
core   0: 0x80007be4 (0x40d90db3) sub     s11, s2, a3
core   0: 3 0x80007be4 (0x40d90db3) x27 0x7ffcb545
core   0: 0x80007be8 (0x01865213) srli    tp, a2, 24
core   0: 3 0x80007be8 (0x01865213) x 4 0x00000000
core   0: 0x80007bec (0x00441eb3) sll     t4, s0, tp
core   0: 3 0x80007bec (0x00441eb3) x29 0x43459000
core   0: 0x80007bf0 (0x40ad8833) sub     a6, s11, a0
core   0: 3 0x80007bf0 (0x40ad8833) x16 0x7ffcb545
core   0: 0x80007bf4 (0x01293db3) sltu    s11, s2, s2
core   0: 3 0x80007bf4 (0x01293db3) x27 0x00000000
core   0: 0x80007bf8 (0x00d2e933) or      s2, t0, a3
core   0: 3 0x80007bf8 (0x00d2e933) x18 0x00023f3f
core   0: 0x80007bfc (0x01245313) srli    t1, s0, 18
core   0: 3 0x80007bfc (0x01245313) x 6 0x000010d1
core   0: 0x80007c00 (0x00d5ecb3) or      s9, a1, a3
core   0: 3 0x80007c00 (0x00d5ecb3) x25 0x00023fff
core   0: 0x80007c04 (0x00591f13) slli    t5, s2, 5
core   0: 3 0x80007c04 (0x00591f13) x30 0x0047e7e0
core   0: 0x80007c08 (0x002ee333) or      t1, t4, sp
core   0: 3 0x80007c08 (0x002ee333) x 6 0xfffdbd1b
core   0: 0x80007c0c (0xa459e893) ori     a7, s3, -1467
core   0: 3 0x80007c0c (0xa459e893) x17 0xfffffb67
core   0: 0x80007c10 (0x40ad8933) sub     s2, s11, a0
core   0: 3 0x80007c10 (0x40ad8933) x18 0x00000000
core   0: 0x80007c14 (0x019e9933) sll     s2, t4, s9
core   0: 3 0x80007c14 (0x019e9933) x18 0x00000000
core   0: 0x80007c18 (0x01b5c033) xor     zero, a1, s11
core   0: 3 0x80007c18 (0x01b5c033)
core   0: 0x80007c1c (0x00e99bb3) sll     s7, s3, a4
core   0: 3 0x80007c1c (0x00e99bb3) x23 0xffff9270
core   0: 0x80007c20 (0x01926633) or      a2, tp, s9
core   0: 3 0x80007c20 (0x01926633) x12 0x00023fff
core   0: 0x80007c24 (0x01387633) and     a2, a6, s3
core   0: 3 0x80007c24 (0x01387633) x12 0x7ffcb105
core   0: 0x80007c28 (0x78eded13) ori     s10, s11, 1934
core   0: 3 0x80007c28 (0x78eded13) x26 0x0000078e
core   0: 0x80007c2c (0x4141d4b3) sra     s1, gp, s4
core   0: 3 0x80007c2c (0x4141d4b3) x 9 0x21b448fe
core   0: 0x80007c30 (0x12de8293) addi    t0, t4, 301
core   0: 3 0x80007c30 (0x12de8293) x 5 0x4345912d
core   0: 0x80007c34 (0x00245b13) srli    s6, s0, 2
core   0: 3 0x80007c34 (0x00245b13) x22 0x10d16400
core   0: 0x80007c38 (0x0066ddb3) srl     s11, a3, t1
core   0: 3 0x80007c38 (0x0066ddb3) x27 0x00000000
core   0: 0x80007c3c (0x0136c633) xor     a2, a3, s3
core   0: 3 0x80007c3c (0x0136c633) x12 0xfffdc618
core   0: 0x80007c40 (0x7fb7ad93) slti    s11, a5, 2043
core   0: 3 0x80007c40 (0x7fb7ad93) x27 0x00000001
core   0: 0x80007c44 (0x2b91e693) ori     a3, gp, 697
core   0: 3 0x80007c44 (0x2b91e693) x13 0x21b44aff
core   0: 0x80007c48 (0x00a10d33) add     s10, sp, a0
core   0: 3 0x80007c48 (0x00a10d33) x26 0xfffdbd1b
core   0: 0x80007c4c (0x017d0233) add     tp, s10, s7
core   0: 3 0x80007c4c (0x017d0233) x 4 0xfffd4f8b
core   0: 0x80007c50 (0x00d61233) sll     tp, a2, a3
core   0: 3 0x80007c50 (0x00d61233) x 4 0x00000000
core   0: 0x80007c54 (0x41d102b3) sub     t0, sp, t4
core   0: 3 0x80007c54 (0x41d102b3) x 5 0xbcb82d1b
core   0: 0x80007c58 (0x01ce0933) add     s2, t3, t3
core   0: 3 0x80007c58 (0x01ce0933) x18 0x43689570
core   0: 0x80007c5c (0x861f8c93) addi    s9, t6, -1951
core   0: 3 0x80007c5c (0x861f8c93) x25 0x80014545
core   0: 0x80007c60 (0x01a62533) slt     a0, a2, s10
core   0: 3 0x80007c60 (0x01a62533) x10 0x00000000
core   0: 0x80007c64 (0x016f62b3) or      t0, t5, s6
core   0: 3 0x80007c64 (0x016f62b3) x 5 0x10d7e7e0
core   0: 0x80007c68 (0x01d739b3) sltu    s3, a4, t4
core   0: 3 0x80007c68 (0x01d739b3) x19 0x00000000
core   0: 0x80007c6c (0x0121c2b3) xor     t0, gp, s2
core   0: 3 0x80007c6c (0x0121c2b3) x 5 0x62dcdd8e
core   0: 0x80007c70 (0xbcc1b093) sltiu   ra, gp, -1076
core   0: 3 0x80007c70 (0xbcc1b093) x 1 0x00000001
core   0: 0x80007c74 (0x46ef8393) addi    t2, t6, 1134
core   0: 3 0x80007c74 (0x46ef8393) x 7 0x80015152
core   0: 0x80007c78 (0x004fcd33) xor     s10, t6, tp
core   0: 3 0x80007c78 (0x004fcd33) x26 0x80014ce4
core   0: 0x80007c7c (0x831b0d93) addi    s11, s6, -1999
core   0: 3 0x80007c7c (0x831b0d93) x27 0x10d15c31
core   0: 0x80007c80 (0x01a83b33) sltu    s6, a6, s10
core   0: 3 0x80007c80 (0x01a83b33) x22 0x00000001
core   0: 0x80007c84 (0x00a350b3) srl     ra, t1, a0
core   0: 3 0x80007c84 (0x00a350b3) x 1 0xfffdbd1b
core   0: 0x80007c88 (0xa628ae97) auipc   t4, 0xa628a
core   0: 3 0x80007c88 (0xa628ae97) x29 0x26291c88
core   0: 0x80007c8c (0x025efb13) andi    s6, t4, 37
core   0: 3 0x80007c8c (0x025efb13) x22 0x00000000
core   0: 0x80007c90 (0x006d2cb3) slt     s9, s10, t1
core   0: 3 0x80007c90 (0x006d2cb3) x25 0x00000001
core   0: 0x80007c94 (0x0015d613) srli    a2, a1, 1
core   0: 3 0x80007c94 (0x0015d613) x12 0x00000868
core   0: 0x80007c98 (0x41b55e93) srai    t4, a0, 27
core   0: 3 0x80007c98 (0x41b55e93) x29 0x00000000
core   0: 0x80007c9c (0x01e9e5b3) or      a1, s3, t5
core   0: 3 0x80007c9c (0x01e9e5b3) x11 0x0047e7e0
core   0: 0x80007ca0 (0x0bd92313) slti    t1, s2, 189
core   0: 3 0x80007ca0 (0x0bd92313) x 6 0x00000000
core   0: 0x80007ca4 (0x006478b3) and     a7, s0, t1
core   0: 3 0x80007ca4 (0x006478b3) x17 0x00000000
core   0: 0x80007ca8 (0x41d70833) sub     a6, a4, t4
core   0: 3 0x80007ca8 (0x41d70833) x16 0x80010e64
core   0: 0x80007cac (0x89908e93) addi    t4, ra, -1895
core   0: 3 0x80007cac (0x89908e93) x29 0xfffdb5b4
core   0: 0x80007cb0 (0x01d91013) slli    zero, s2, 29
core   0: 3 0x80007cb0 (0x01d91013)
core   0: 0x80007cb4 (0x40760333) sub     t1, a2, t2
core   0: 3 0x80007cb4 (0x40760333) x 6 0x7ffeb716
core   0: 0x80007cb8 (0xafdd4593) xori    a1, s10, -1283
core   0: 3 0x80007cb8 (0xafdd4593) x11 0x7ffeb619
core   0: 0x80007cbc (0x01a56f33) or      t5, a0, s10
core   0: 3 0x80007cbc (0x01a56f33) x30 0x80014ce4
core   0: 0x80007cc0 (0x00bd16b3) sll     a3, s10, a1
core   0: 3 0x80007cc0 (0x00bd16b3) x13 0xc8000000
core   0: 0x80007cc4 (0xe83efc13) andi    s8, t4, -381
core   0: 3 0x80007cc4 (0xe83efc13) x24 0xfffdb480
core   0: 0x80007cc8 (0x008f9433) sll     s0, t6, s0
core   0: 3 0x80007cc8 (0x008f9433) x 8 0x80014ce4
core   0: 0x80007ccc (0x836c9317) auipc   t1, 0x836c9
core   0: 3 0x80007ccc (0x836c9317) x 6 0x036d0ccc
core   0: 0x80007cd0 (0x406c5693) srai    a3, s8, 6
core   0: 3 0x80007cd0 (0x406c5693) x13 0xfffff6d2
core   0: 0x80007cd4 (0x402e86b3) sub     a3, t4, sp
core   0: 3 0x80007cd4 (0x402e86b3) x13 0xfffff899
core   0: 0x80007cd8 (0x00e15db3) srl     s11, sp, a4
core   0: 3 0x80007cd8 (0x00e15db3) x27 0x0fffdbd1
core   0: 0x80007cdc (0x31beb913) sltiu   s2, t4, 795
core   0: 3 0x80007cdc (0x31beb913) x18 0x00000000
core   0: 0x80007ce0 (0x01417533) and     a0, sp, s4
core   0: 3 0x80007ce0 (0x01417533) x10 0x00000000
core   0: 0x80007ce4 (0x01ceedb3) or      s11, t4, t3
core   0: 3 0x80007ce4 (0x01ceedb3) x27 0xfffdffbc
core   0: 0x80007ce8 (0xf94f6093) ori     ra, t5, -108
core   0: 3 0x80007ce8 (0xf94f6093) x 1 0xfffffff4
core   0: 0x80007cec (0x00164333) xor     t1, a2, ra
core   0: 3 0x80007cec (0x00164333) x 6 0xfffff79c
core   0: 0x80007cf0 (0x40b75d33) sra     s10, a4, a1
core   0: 3 0x80007cf0 (0x40b75d33) x26 0xffffffc0
core   0: 0x80007cf4 (0x01d05413) srli    s0, zero, 29
core   0: 3 0x80007cf4 (0x01d05413) x 8 0x00000000
core   0: 0x80007cf8 (0x00000013) nop
core   0: 3 0x80007cf8 (0x00000013)
core   0: 0x80007cfc (0x01c7e2b3) or      t0, a5, t3
core   0: 3 0x80007cfc (0x01c7e2b3) x 5 0xfffedbfe
core   0: 0x80007d00 (0x7c7ced13) ori     s10, s9, 1991
core   0: 3 0x80007d00 (0x7c7ced13) x26 0x000007c7
core   0: 0x80007d04 (0x0138feb3) and     t4, a7, s3
core   0: 3 0x80007d04 (0x0138feb3) x29 0x00000000
core   0: 0x80007d08 (0x01271333) sll     t1, a4, s2
core   0: 3 0x80007d08 (0x01271333) x 6 0x80010e64
core   0: 0x80007d0c (0x00000013) nop
core   0: 3 0x80007d0c (0x00000013)
core   0: 0x80007d10 (0x415581b3) sub     gp, a1, s5
core   0: 3 0x80007d10 (0x415581b3) x 3 0x7ffeb618
core   0: 0x80007d14 (0x01c340b3) xor     ra, t1, t3
core   0: 3 0x80007d14 (0x01c340b3) x 1 0xa1b544dc
core   0: 0x80007d18 (0x00000013) nop
core   0: 3 0x80007d18 (0x00000013)
core   0: 0x80007d1c (0x41f1d493) srai    s1, gp, 31
core   0: 3 0x80007d1c (0x41f1d493) x 9 0x00000000
core   0: 0x80007d20 (0x01da7833) and     a6, s4, t4
core   0: 3 0x80007d20 (0x01da7833) x16 0x00000000
core   0: 0x80007d24 (0x41325213) srai    tp, tp, 19
core   0: 3 0x80007d24 (0x41325213) x 4 0x00000000
core   0: 0x80007d28 (0xbab82a93) slti    s5, a6, -1109
core   0: 3 0x80007d28 (0xbab82a93) x21 0x00000000
core   0: 0x80007d2c (0x011d9413) slli    s0, s11, 17
core   0: 3 0x80007d2c (0x011d9413) x 8 0xff780000
core   0: 0x80007d30 (0xc69fc493) xori    s1, t6, -919
core   0: 3 0x80007d30 (0xc69fc493) x 9 0x7ffeb08d
core   0: 0x80007d34 (0xb482a393) slti    t2, t0, -1208
core   0: 3 0x80007d34 (0xb482a393) x 7 0x00000001
core   0: 0x80007d38 (0x014bc033) xor     zero, s7, s4
core   0: 3 0x80007d38 (0x014bc033)
core   0: 0x80007d3c (0x0177d233) srl     tp, a5, s7
core   0: 3 0x80007d3c (0x0177d233) x 4 0x0000ff4e
core   0: 0x80007d40 (0x01ae48b3) xor     a7, t3, s10
core   0: 3 0x80007d40 (0x01ae48b3) x17 0x21b44d7f
core   0: 0x80007d44 (0x01db1613) slli    a2, s6, 29
core   0: 3 0x80007d44 (0x01db1613) x12 0x00000000
core   0: 0x80007d48 (0x0073aab3) slt     s5, t2, t2
core   0: 3 0x80007d48 (0x0073aab3) x21 0x00000000
core   0: 0x80007d4c (0x00000013) nop
core   0: 3 0x80007d4c (0x00000013)
core   0: 0x80007d50 (0x7f977613) andi    a2, a4, 2041
core   0: 3 0x80007d50 (0x7f977613) x12 0x00000660
core   0: 0x80007d54 (0xa106b813) sltiu   a6, a3, -1520
core   0: 3 0x80007d54 (0xa106b813) x16 0x00000001
core   0: 0x80007d58 (0x000e5993) srli    s3, t3, 0
core   0: 3 0x80007d58 (0x000e5993) x19 0x21b44ab8
core   0: 0x80007d5c (0xe691e497) auipc   s1, 0xe691e
core   0: 3 0x80007d5c (0xe691e497) x 9 0x66925d5c
core   0: 0x80007d60 (0x003072b3) and     t0, zero, gp
core   0: 3 0x80007d60 (0x003072b3) x 5 0x00000000
core   0: 0x80007d64 (0x87ff3213) sltiu   tp, t5, -1921
core   0: 3 0x80007d64 (0x87ff3213) x 4 0x00000001
core   0: 0x80007d68 (0x4025ec17) auipc   s8, 0x4025e
core   0: 3 0x80007d68 (0x4025ec17) x24 0xc0265d68
core   0: 0x80007d6c (0x41cdd3b3) sra     t2, s11, t3
core   0: 3 0x80007d6c (0x41cdd3b3) x 7 0xffffffff
core   0: 0x80007d70 (0x0096bd33) sltu    s10, a3, s1
core   0: 3 0x80007d70 (0x0096bd33) x26 0x00000000
core   0: 0x80007d74 (0x4a8d2b93) slti    s7, s10, 1192
core   0: 3 0x80007d74 (0x4a8d2b93) x23 0x00000001
core   0: 0x80007d78 (0x4084d393) srai    t2, s1, 8
core   0: 3 0x80007d78 (0x4084d393) x 7 0x0066925d
core   0: 0x80007d7c (0x41f484b3) sub     s1, s1, t6
core   0: 3 0x80007d7c (0x41f484b3) x 9 0xe6911078
core   0: 0x80007d80 (0x00000013) nop
core   0: 3 0x80007d80 (0x00000013)
core   0: 0x80007d84 (0x0047bf33) sltu    t5, a5, tp
core   0: 3 0x80007d84 (0x0047bf33) x30 0x00000000
core   0: 0x80007d88 (0x00ef95b3) sll     a1, t6, a4
core   0: 3 0x80007d88 (0x00ef95b3) x11 0x0014ce40
core   0: 0x80007d8c (0x01281d33) sll     s10, a6, s2
core   0: 3 0x80007d8c (0x01281d33) x26 0x00000001
core   0: 0x80007d90 (0x1fdd8a93) addi    s5, s11, 509
core   0: 3 0x80007d90 (0x1fdd8a93) x21 0xfffe01b9
core   0: 0x80007d94 (0x9eff2513) slti    a0, t5, -1553
core   0: 3 0x80007d94 (0x9eff2513) x10 0x00000000
core   0: 0x80007d98 (0x00b263b3) or      t2, tp, a1
core   0: 3 0x80007d98 (0x00b263b3) x 7 0x0014ce41
core   0: 0x80007d9c (0x00861033) sll     zero, a2, s0
core   0: 3 0x80007d9c (0x00861033)
core   0: 0x80007da0 (0x41775893) srai    a7, a4, 23
core   0: 3 0x80007da0 (0x41775893) x17 0xffffff00
core   0: 0x80007da4 (0x00882233) slt     tp, a6, s0
core   0: 3 0x80007da4 (0x00882233) x 4 0x00000000
core   0: 0x80007da8 (0x649eaa93) slti    s5, t4, 1609
core   0: 3 0x80007da8 (0x649eaa93) x21 0x00000001
core   0: 0x80007dac (0xfff00d93) li      s11, -1
core   0: 3 0x80007dac (0xfff00d93) x27 0xffffffff
core   0: 0x80007db0 (0x07585837) lui     a6, 0x7585
core   0: 3 0x80007db0 (0x07585837) x16 0x07585000
core   0: 0x80007db4 (0x8fd80813) addi    a6, a6, -1795
core   0: 3 0x80007db4 (0x8fd80813) x16 0x075848fd
core   0: 0x80007db8 (0xca06c537) lui     a0, 0xca06c
core   0: 3 0x80007db8 (0xca06c537) x10 0xca06c000
core   0: 0x80007dbc (0x25b50513) addi    a0, a0, 603
core   0: 3 0x80007dbc (0x25b50513) x10 0xca06c25b
core   0: 0x80007dc0 (0x80000d37) lui     s10, 0x80000
core   0: 3 0x80007dc0 (0x80000d37) x26 0x80000000
core   0: 0x80007dc4 (0x074d11b7) lui     gp, 0x74d1
core   0: 3 0x80007dc4 (0x074d11b7) x 3 0x074d1000
core   0: 0x80007dc8 (0xbec18193) addi    gp, gp, -1044
core   0: 3 0x80007dc8 (0xbec18193) x 3 0x074d0bec
core   0: 0x80007dcc (0x00000913) li      s2, 0
core   0: 3 0x80007dcc (0x00000913) x18 0x00000000
core   0: 0x80007dd0 (0x80000e37) lui     t3, 0x80000
core   0: 3 0x80007dd0 (0x80000e37) x28 0x80000000
core   0: 0x80007dd4 (0x800000b7) lui     ra, 0x80000
core   0: 3 0x80007dd4 (0x800000b7) x 1 0x80000000
core   0: 0x80007dd8 (0x00000113) li      sp, 0
core   0: 3 0x80007dd8 (0x00000113) x 2 0x00000000
core   0: 0x80007ddc (0x3290d8b7) lui     a7, 0x3290d
core   0: 3 0x80007ddc (0x3290d8b7) x17 0x3290d000
core   0: 0x80007de0 (0x14088893) addi    a7, a7, 320
core   0: 3 0x80007de0 (0x14088893) x17 0x3290d140
core   0: 0x80007de4 (0xb9dbb0b7) lui     ra, 0xb9dbb
core   0: 3 0x80007de4 (0xb9dbb0b7) x 1 0xb9dbb000
core   0: 0x80007de8 (0x41ce0e33) sub     t3, t3, t3
core   0: 3 0x80007de8 (0x41ce0e33) x28 0x00000000
core   0: 0x80007dec (0xd329a097) auipc   ra, 0xd329a
core   0: 3 0x80007dec (0xd329a097) x 1 0x532a1dec
core   0: 0x80007df0 (0x401e01b3) sub     gp, t3, ra
core   0: 3 0x80007df0 (0x401e01b3) x 3 0xacd5e214
core   0: 0x80007df4 (0xd7880e13) addi    t3, a6, -648
core   0: 3 0x80007df4 (0xd7880e13) x28 0x07584675
core   0: 0x80007df8 (0xbe428817) auipc   a6, 0xbe428
core   0: 3 0x80007df8 (0xbe428817) x16 0x3e42fdf8
core   0: 0x80007dfc (0x00000013) nop
core   0: 3 0x80007dfc (0x00000013)
core   0: 0x80007e00 (0x00000013) nop
core   0: 3 0x80007e00 (0x00000013)
core   0: 0x80007e04 (0x00000013) nop
core   0: 3 0x80007e04 (0x00000013)
core   0: 0x80007e08 (0x41ce0d33) sub     s10, t3, t3
core   0: 3 0x80007e08 (0x41ce0d33) x26 0x00000000
core   0: 0x80007e0c (0x15bb2137) lui     sp, 0x15bb2
core   0: 3 0x80007e0c (0x15bb2137) x 2 0x15bb2000
core   0: 0x80007e10 (0x00000013) nop
core   0: 3 0x80007e10 (0x00000013)
core   0: 0x80007e14 (0x01a80933) add     s2, a6, s10
core   0: 3 0x80007e14 (0x01a80933) x18 0x3e42fdf8
core   0: 0x80007e18 (0x00000013) nop
core   0: 3 0x80007e18 (0x00000013)
core   0: 0x80007e1c (0x6d8d8113) addi    sp, s11, 1752
core   0: 3 0x80007e1c (0x6d8d8113) x 2 0x000006d7
core   0: 0x80007e20 (0x410d0d33) sub     s10, s10, a6
core   0: 3 0x80007e20 (0x410d0d33) x26 0xc1bd0208
core   0: 0x80007e24 (0x01ae0133) add     sp, t3, s10
core   0: 3 0x80007e24 (0x01ae0133) x 2 0xc915487d
core   0: 0x80007e28 (0x403d80b3) sub     ra, s11, gp
core   0: 3 0x80007e28 (0x403d80b3) x 1 0x532a1deb
core   0: 0x80007e2c (0xcab80937) lui     s2, 0xcab80
core   0: 3 0x80007e2c (0xcab80937) x18 0xcab80000
core   0: 0x80007e30 (0xa20251b7) lui     gp, 0xa2025
core   0: 3 0x80007e30 (0xa20251b7) x 3 0xa2025000
core   0: 0x80007e34 (0xec4e0193) addi    gp, t3, -316
core   0: 3 0x80007e34 (0xec4e0193) x 3 0x07584539
core   0: 0x80007e38 (0x001d00b3) add     ra, s10, ra
core   0: 3 0x80007e38 (0x001d00b3) x 1 0x14e71ff3
core   0: 0x80007e3c (0x41a80e33) sub     t3, a6, s10
core   0: 3 0x80007e3c (0x41a80e33) x28 0x7c85fbf0
core   0: 0x80007e40 (0xb9694e37) lui     t3, 0xb9694
core   0: 3 0x80007e40 (0xb9694e37) x28 0xb9694000
core   0: 0x80007e44 (0x00ae0e33) add     t3, t3, a0
core   0: 3 0x80007e44 (0x00ae0e33) x28 0x8370025b
core   0: 0x80007e48 (0x403d88b3) sub     a7, s11, gp
core   0: 3 0x80007e48 (0x403d88b3) x17 0xf8a7bac6
core   0: 0x80007e4c (0x403e0133) sub     sp, t3, gp
core   0: 3 0x80007e4c (0x403e0133) x 2 0x7c17bd22
core   0: 0x80007e50 (0x9a80bd17) auipc   s10, 0x9a80b
core   0: 3 0x80007e50 (0x9a80bd17) x26 0x1a812e50
core   0: 0x80007e54 (0x01c4e8b3) or      a7, s1, t3
core   0: 3 0x80007e54 (0x01c4e8b3) x17 0xe7f1127b
core   0: 0x80007e58 (0x00f65313) srli    t1, a2, 15
core   0: 3 0x80007e58 (0x00f65313) x 6 0x00000000
core   0: 0x80007e5c (0x6540b313) sltiu   t1, ra, 1620
core   0: 3 0x80007e5c (0x6540b313) x 6 0x00000000
core   0: 0x80007e60 (0xab03f213) andi    tp, t2, -1360
core   0: 3 0x80007e60 (0xab03f213) x 4 0x0014ca00
core   0: 0x80007e64 (0x402a5b93) srai    s7, s4, 2
core   0: 3 0x80007e64 (0x402a5b93) x23 0x00000000
core   0: 0x80007e68 (0x00f5aa33) slt     s4, a1, a5
core   0: 3 0x80007e68 (0x00f5aa33) x20 0x00000000
core   0: 0x80007e6c (0x95ece413) ori     s0, s9, -1698
core   0: 3 0x80007e6c (0x95ece413) x 8 0xfffff95f
core   0: 0x80007e70 (0xf2da0393) addi    t2, s4, -211
core   0: 3 0x80007e70 (0xf2da0393) x 7 0xffffff2d
core   0: 0x80007e74 (0x0165cc33) xor     s8, a1, s6
core   0: 3 0x80007e74 (0x0165cc33) x24 0x0014ce40
core   0: 0x80007e78 (0xc36f6193) ori     gp, t5, -970
core   0: 3 0x80007e78 (0xc36f6193) x 3 0xfffffc36
core   0: 0x80007e7c (0xe8ec8b93) addi    s7, s9, -370
core   0: 3 0x80007e7c (0xe8ec8b93) x23 0xfffffe8f
core   0: 0x80007e80 (0x00f39c13) slli    s8, t2, 15
core   0: 3 0x80007e80 (0x00f39c13) x24 0xff968000
core   0: 0x80007e84 (0x20634413) xori    s0, t1, 518
core   0: 3 0x80007e84 (0x20634413) x 8 0x00000206
core   0: 0x80007e88 (0xa38c6113) ori     sp, s8, -1480
core   0: 3 0x80007e88 (0xa38c6113) x 2 0xfffffa38
core   0: 0x80007e8c (0x412583b3) sub     t2, a1, s2
core   0: 3 0x80007e8c (0x412583b3) x 7 0x355cce40
core   0: 0x80007e90 (0x01791d93) slli    s11, s2, 23
core   0: 3 0x80007e90 (0x01791d93) x27 0x00000000
core   0: 0x80007e94 (0x00084633) xor     a2, a6, zero
core   0: 3 0x80007e94 (0x00084633) x12 0x3e42fdf8
core   0: 0x80007e98 (0x0159a1b3) slt     gp, s3, s5
core   0: 3 0x80007e98 (0x0159a1b3) x 3 0x00000000
core   0: 0x80007e9c (0x23886193) ori     gp, a6, 568
core   0: 3 0x80007e9c (0x23886193) x 3 0x3e42fff8
core   0: 0x80007ea0 (0x010d4a33) xor     s4, s10, a6
core   0: 3 0x80007ea0 (0x010d4a33) x20 0x24c3d3a8
core   0: 0x80007ea4 (0x85862d93) slti    s11, a2, -1960
core   0: 3 0x80007ea4 (0x85862d93) x27 0x00000000
core   0: 0x80007ea8 (0x00000013) nop
core   0: 3 0x80007ea8 (0x00000013)
core   0: 0x80007eac (0x0164c033) xor     zero, s1, s6
core   0: 3 0x80007eac (0x0164c033)
core   0: 0x80007eb0 (0x3d19ac13) slti    s8, s3, 977
core   0: 3 0x80007eb0 (0x3d19ac13) x24 0x00000000
core   0: 0x80007eb4 (0xbf754e13) xori    t3, a0, -1033
core   0: 3 0x80007eb4 (0xbf754e13) x28 0x35f939ac
core   0: 0x80007eb8 (0x01fb5c93) srli    s9, s6, 31
core   0: 3 0x80007eb8 (0x01fb5c93) x25 0x00000000
core   0: 0x80007ebc (0x405f5eb3) sra     t4, t5, t0
core   0: 3 0x80007ebc (0x405f5eb3) x29 0x00000000
core   0: 0x80007ec0 (0x4091d993) srai    s3, gp, 9
core   0: 3 0x80007ec0 (0x4091d993) x19 0x001f217f
core   0: 0x80007ec4 (0x015a1c93) slli    s9, s4, 21
core   0: 3 0x80007ec4 (0x015a1c93) x25 0x75000000
core   0: 0x80007ec8 (0x22260f13) addi    t5, a2, 546
core   0: 3 0x80007ec8 (0x22260f13) x30 0x3e43001a
core   0: 0x80007ecc (0x00000013) nop
core   0: 3 0x80007ecc (0x00000013)
core   0: 0x80007ed0 (0x005690b3) sll     ra, a3, t0
core   0: 3 0x80007ed0 (0x005690b3) x 1 0xfffff899
core   0: 0x80007ed4 (0x00000013) nop
core   0: 3 0x80007ed4 (0x00000013)
core   0: 0x80007ed8 (0x01bb9633) sll     a2, s7, s11
core   0: 3 0x80007ed8 (0x01bb9633) x12 0xfffffe8f
core   0: 0x80007edc (0x61d96f13) ori     t5, s2, 1565
core   0: 3 0x80007edc (0x61d96f13) x30 0xcab8061d
core   0: 0x80007ee0 (0x00000293) li      t0, 0
core   0: 3 0x80007ee0 (0x00000293) x 5 0x00000000
core   0: 0x80007ee4 (0x00000093) li      ra, 0
core   0: 3 0x80007ee4 (0x00000093) x 1 0x00000000
core   0: 0x80007ee8 (0x0d4eb637) lui     a2, 0xd4eb
core   0: 3 0x80007ee8 (0x0d4eb637) x12 0x0d4eb000
core   0: 0x80007eec (0xf7a60613) addi    a2, a2, -134
core   0: 3 0x80007eec (0xf7a60613) x12 0x0d4eaf7a
core   0: 0x80007ef0 (0x00000b13) li      s6, 0
core   0: 3 0x80007ef0 (0x00000b13) x22 0x00000000
core   0: 0x80007ef4 (0xfff00813) li      a6, -1
core   0: 3 0x80007ef4 (0xfff00813) x16 0xffffffff
core   0: 0x80007ef8 (0xde540f37) lui     t5, 0xde540
core   0: 3 0x80007ef8 (0xde540f37) x30 0xde540000
core   0: 0x80007efc (0xd08f0f13) addi    t5, t5, -760
core   0: 3 0x80007efc (0xd08f0f13) x30 0xde53fd08
core   0: 0x80007f00 (0x00000413) li      s0, 0
core   0: 3 0x80007f00 (0x00000413) x 8 0x00000000
core   0: 0x80007f04 (0x00000313) li      t1, 0
core   0: 3 0x80007f04 (0x00000313) x 6 0x00000000
core   0: 0x80007f08 (0xfff00913) li      s2, -1
core   0: 3 0x80007f08 (0xfff00913) x18 0xffffffff
core   0: 0x80007f0c (0x800004b7) lui     s1, 0x80000
core   0: 3 0x80007f0c (0x800004b7) x 9 0x80000000
core   0: 0x80007f10 (0x00c90f33) add     t5, s2, a2
core   0: 3 0x80007f10 (0x00c90f33) x30 0x0d4eaf79
core   0: 0x80007f14 (0x40190333) sub     t1, s2, ra
core   0: 3 0x80007f14 (0x40190333) x 6 0xffffffff
core   0: 0x80007f18 (0xd8630b13) addi    s6, t1, -634
core   0: 3 0x80007f18 (0xd8630b13) x22 0xfffffd85
core   0: 0x80007f1c (0xb9e92f37) lui     t5, 0xb9e92
core   0: 3 0x80007f1c (0xb9e92f37) x30 0xb9e92000
core   0: 0x80007f20 (0x42b40493) addi    s1, s0, 1067
core   0: 3 0x80007f20 (0x42b40493) x 9 0x0000042b
core   0: 0x80007f24 (0x00000013) nop
core   0: 3 0x80007f24 (0x00000013)
core   0: 0x80007f28 (0x40cb00b3) sub     ra, s6, a2
core   0: 3 0x80007f28 (0x40cb00b3) x 1 0xf2b14e0b
core   0: 0x80007f2c (0x009304b3) add     s1, t1, s1
core   0: 3 0x80007f2c (0x009304b3) x 9 0x0000042a
core   0: 0x80007f30 (0x40c40333) sub     t1, s0, a2
core   0: 3 0x80007f30 (0x40c40333) x 6 0xf2b15086
core   0: 0x80007f34 (0x17808313) addi    t1, ra, 376
core   0: 3 0x80007f34 (0x17808313) x 6 0xf2b14f83
core   0: 0x80007f38 (0x1cb28913) addi    s2, t0, 459
core   0: 3 0x80007f38 (0x1cb28913) x18 0x000001cb
core   0: 0x80007f3c (0x1fc69097) auipc   ra, 0x1fc69
core   0: 3 0x80007f3c (0x1fc69097) x 1 0x9fc70f3c
core   0: 0x80007f40 (0x41248f33) sub     t5, s1, s2
core   0: 3 0x80007f40 (0x41248f33) x30 0x0000025f
core   0: 0x80007f44 (0x049b94b7) lui     s1, 0x49b9
core   0: 3 0x80007f44 (0x049b94b7) x 9 0x049b9000
core   0: 0x80007f48 (0x00000013) nop
core   0: 3 0x80007f48 (0x00000013)
core   0: 0x80007f4c (0x40860933) sub     s2, a2, s0
core   0: 3 0x80007f4c (0x40860933) x18 0x0d4eaf7a
core   0: 0x80007f50 (0x8f014b17) auipc   s6, 0x8f014
core   0: 3 0x80007f50 (0x8f014b17) x22 0x0f01bf50
core   0: 0x80007f54 (0xdab99497) auipc   s1, 0xdab99
core   0: 3 0x80007f54 (0xdab99497) x 9 0x5aba0f54
core   0: 0x80007f58 (0x012f0933) add     s2, t5, s2
core   0: 3 0x80007f58 (0x012f0933) x18 0x0d4eb1d9
core   0: 0x80007f5c (0x39df0413) addi    s0, t5, 925
core   0: 3 0x80007f5c (0x39df0413) x 8 0x000005fc
core   0: 0x80007f60 (0x416f04b3) sub     s1, t5, s6
core   0: 3 0x80007f60 (0x416f04b3) x 9 0xf0fe430f
core   0: 0x80007f64 (0x7535d497) auipc   s1, 0x7535d
core   0: 3 0x80007f64 (0x7535d497) x 9 0xf5364f64
core   0: 0x80007f68 (0x00648f33) add     t5, s1, t1
core   0: 3 0x80007f68 (0x00648f33) x30 0xe7e79ee7
core   0: 0x80007f6c (0x412f0b33) sub     s6, t5, s2
core   0: 3 0x80007f6c (0x412f0b33) x22 0xda98ed0e
core   0: 0x80007f70 (0x010bff17) auipc   t5, 0x10bf
core   0: 3 0x80007f70 (0x010bff17) x30 0x810c6f70
core   0: 0x80007f74 (0x05ebaf17) auipc   t5, 0x5eba
core   0: 3 0x80007f74 (0x05ebaf17) x30 0x85ec1f74
core   0: 0x80007f78 (0x408f00b3) sub     ra, t5, s0
core   0: 3 0x80007f78 (0x408f00b3) x 1 0x85ec1978
core   0: 0x80007f7c (0x8affff37) lui     t5, 0x8afff
core   0: 3 0x80007f7c (0x8affff37) x30 0x8afff000
core   0: 0x80007f80 (0x41b005b3) sub     a1, zero, s11
core   0: 3 0x80007f80 (0x41b005b3) x11 0x00000000
core   0: 0x80007f84 (0x9527ee93) ori     t4, a5, -1710
core   0: 3 0x80007f84 (0x9527ee93) x29 0xfffffb7e
core   0: 0x80007f88 (0x41165993) srai    s3, a2, 17
core   0: 3 0x80007f88 (0x41165993) x19 0x000006a7
core   0: 0x80007f8c (0x00000013) nop
core   0: 3 0x80007f8c (0x00000013)
core   0: 0x80007f90 (0x402d81b3) sub     gp, s11, sp
core   0: 3 0x80007f90 (0x402d81b3) x 3 0x000005c8
core   0: 0x80007f94 (0x015165b3) or      a1, sp, s5
core   0: 3 0x80007f94 (0x015165b3) x11 0xfffffa39
core   0: 0x80007f98 (0xf9d00c93) li      s9, -99
core   0: 3 0x80007f98 (0xf9d00c93) x25 0xffffff9d
core   0: 0x80007f9c (0x41c5dc33) sra     s8, a1, t3
core   0: 3 0x80007f9c (0x41c5dc33) x24 0xffffffff
core   0: 0x80007fa0 (0x6e347413) andi    s0, s0, 1763
core   0: 3 0x80007fa0 (0x6e347413) x 8 0x000004e0
core   0: 0x80007fa4 (0x4f044e93) xori    t4, s0, 1264
core   0: 3 0x80007fa4 (0x4f044e93) x29 0x00000010
core   0: 0x80007fa8 (0x6151bf17) auipc   t5, 0x6151b
core   0: 3 0x80007fa8 (0x6151bf17) x30 0xe1522fa8
core   0: 0x80007fac (0xa18d6937) lui     s2, 0xa18d6
core   0: 3 0x80007fac (0xa18d6937) x18 0xa18d6000
core   0: 0x80007fb0 (0x00000013) nop
core   0: 3 0x80007fb0 (0x00000013)
core   0: 0x80007fb4 (0x40975c13) srai    s8, a4, 9
core   0: 3 0x80007fb4 (0x40975c13) x24 0xffc00087
core   0: 0x80007fb8 (0x16493d93) sltiu   s11, s2, 356
core   0: 3 0x80007fb8 (0x16493d93) x27 0x00000000
core   0: 0x80007fbc (0x37690f13) addi    t5, s2, 886
core   0: 3 0x80007fbc (0x37690f13) x30 0xa18d6376
core   0: 0x80007fc0 (0x60b17c13) andi    s8, sp, 1547
core   0: 3 0x80007fc0 (0x60b17c13) x24 0x00000208
core   0: 0x80007fc4 (0x007d10b3) sll     ra, s10, t2
core   0: 3 0x80007fc4 (0x007d10b3) x 1 0x1a812e50
core   0: 0x80007fc8 (0xd2ba7693) andi    a3, s4, -725
core   0: 3 0x80007fc8 (0xd2ba7693) x13 0x24c3d128
core   0: 0x80007fcc (0xfbc46413) ori     s0, s0, -68
core   0: 3 0x80007fcc (0xfbc46413) x 8 0xfffffffc
core   0: 0x80007fd0 (0x0130b8b3) sltu    a7, ra, s3
core   0: 3 0x80007fd0 (0x0130b8b3) x17 0x00000000
core   0: 0x80007fd4 (0x00000013) nop
core   0: 3 0x80007fd4 (0x00000013)
core   0: 0x80007fd8 (0x0102e6b3) or      a3, t0, a6
core   0: 3 0x80007fd8 (0x0102e6b3) x13 0xffffffff
core   0: 0x80007fdc (0xff2c6bb7) lui     s7, 0xff2c6
core   0: 3 0x80007fdc (0xff2c6bb7) x23 0xff2c6000
core   0: 0x80007fe0 (0x005a45b3) xor     a1, s4, t0
core   0: 3 0x80007fe0 (0x005a45b3) x11 0x24c3d3a8
core   0: 0x80007fe4 (0x01517db3) and     s11, sp, s5
core   0: 3 0x80007fe4 (0x01517db3) x27 0x00000000
core   0: 0x80007fe8 (0x018be533) or      a0, s7, s8
core   0: 3 0x80007fe8 (0x018be533) x10 0xff2c6208
core   0: 0x80007fec (0x006824b3) slt     s1, a6, t1
core   0: 3 0x80007fec (0x006824b3) x 9 0x00000000
core   0: 0x80007ff0 (0x01331d93) slli    s11, t1, 19
core   0: 3 0x80007ff0 (0x01331d93) x27 0x7c180000
core   0: 0x80007ff4 (0x666fbe93) sltiu   t4, t6, 1638
core   0: 3 0x80007ff4 (0x666fbe93) x29 0x00000000
core   0: 0x80007ff8 (0xae114413) xori    s0, sp, -1311
core   0: 3 0x80007ff8 (0xae114413) x 8 0x000000d9
core   0: 0x80007ffc (0x69c7e013) ori     zero, a5, 1692
core   0: 3 0x80007ffc (0x69c7e013)
core   0: 0x80008000 (0x01d01d93) slli    s11, zero, 29
core   0: 3 0x80008000 (0x01d01d93) x27 0x00000000
core   0: 0x80008004 (0xb2c9c013) xori    zero, s3, -1236
core   0: 3 0x80008004 (0xb2c9c013)
core   0: 0x80008008 (0x010aa1b3) slt     gp, s5, a6
core   0: 3 0x80008008 (0x010aa1b3) x 3 0x00000000
core   0: 0x8000800c (0x1a59ca13) xori    s4, s3, 421
core   0: 3 0x8000800c (0x1a59ca13) x20 0x00000702
core   0: 0x80008010 (0x00000013) nop
core   0: 3 0x80008010 (0x00000013)
core   0: 0x80008014 (0x8135a293) slti    t0, a1, -2029
core   0: 3 0x80008014 (0x8135a293) x 5 0x00000000
core   0: 0x80008018 (0x006dec33) or      s8, s11, t1
core   0: 3 0x80008018 (0x006dec33) x24 0xf2b14f83
core   0: 0x8000801c (0x65a44313) xori    t1, s0, 1626
core   0: 3 0x8000801c (0x65a44313) x 6 0x00000683
core   0: 0x80008020 (0x00688eb3) add     t4, a7, t1
core   0: 3 0x80008020 (0x00688eb3) x29 0x00000683
core   0: 0x80008024 (0x01171333) sll     t1, a4, a7
core   0: 3 0x80008024 (0x01171333) x 6 0x80010e64
core   0: 0x80008028 (0x67c67213) andi    tp, a2, 1660
core   0: 3 0x80008028 (0x67c67213) x 4 0x00000678
core   0: 0x8000802c (0x41795813) srai    a6, s2, 23
core   0: 3 0x8000802c (0x41795813) x16 0xffffff43
core   0: 0x80008030 (0x004af133) and     sp, s5, tp
core   0: 3 0x80008030 (0x004af133) x 2 0x00000000
core   0: 0x80008034 (0x018d34b3) sltu    s1, s10, s8
core   0: 3 0x80008034 (0x018d34b3) x 9 0x00000001
core   0: 0x80008038 (0x8c530f13) addi    t5, t1, -1851
core   0: 3 0x80008038 (0x8c530f13) x30 0x80010729
core   0: 0x8000803c (0x00fb33b3) sltu    t2, s6, a5
core   0: 3 0x8000803c (0x00fb33b3) x 7 0x00000001
core   0: 0x80008040 (0xa15b2597) auipc   a1, 0xa15b2
core   0: 3 0x80008040 (0xa15b2597) x11 0x215ba040
core   0: 0x80008044 (0x9e15ae17) auipc   t3, 0x9e15a
core   0: 3 0x80008044 (0x9e15ae17) x28 0x1e162044
core   0: 0x80008048 (0xc2bca117) auipc   sp, 0xc2bca
core   0: 3 0x80008048 (0xc2bca117) x 2 0x42bd2048
core   0: 0x8000804c (0x00905ab3) srl     s5, zero, s1
core   0: 3 0x8000804c (0x00905ab3) x21 0x00000000
core   0: 0x80008050 (0x4114d293) srai    t0, s1, 17
core   0: 3 0x80008050 (0x4114d293) x 5 0x00000000
core   0: 0x80008054 (0x41f98bb3) sub     s7, s3, t6
core   0: 3 0x80008054 (0x41f98bb3) x23 0x7ffeb9c3
core   0: 0x80008058 (0x00685613) srli    a2, a6, 6
core   0: 3 0x80008058 (0x00685613) x12 0x03fffffd
core   0: 0x8000805c (0xc7cd3c93) sltiu   s9, s10, -900
core   0: 3 0x8000805c (0xc7cd3c93) x25 0x00000001
core   0: 0x80008060 (0x00a69493) slli    s1, a3, 10
core   0: 3 0x80008060 (0x00a69493) x 9 0xfffffc00
core   0: 0x80008064 (0x6ed20993) addi    s3, tp, 1773
core   0: 3 0x80008064 (0x6ed20993) x19 0x00000d65
core   0: 0x80008068 (0x7cafc297) auipc   t0, 0x7cafc
core   0: 3 0x80008068 (0x7cafc297) x 5 0xfcb04068
core   0: 0x8000806c (0x017cd693) srli    a3, s9, 23
core   0: 3 0x8000806c (0x017cd693) x13 0x00000000
core   0: 0x80008070 (0x4048d613) srai    a2, a7, 4
core   0: 3 0x80008070 (0x4048d613) x12 0x00000000
core   0: 0x80008074 (0x1f872313) slti    t1, a4, 504
core   0: 3 0x80008074 (0x1f872313) x 6 0x00000001
core   0: 0x80008078 (0x004faf33) slt     t5, t6, tp
core   0: 3 0x80008078 (0x004faf33) x30 0x00000001
core   0: 0x8000807c (0x0164a433) slt     s0, s1, s6
core   0: 3 0x8000807c (0x0164a433) x 8 0x00000000
core   0: 0x80008080 (0x9a394993) xori    s3, s2, -1629
core   0: 3 0x80008080 (0x9a394993) x19 0x5e7299a3
core   0: 0x80008084 (0x304c2e93) slti    t4, s8, 772
core   0: 3 0x80008084 (0x304c2e93) x29 0x00000001
core   0: 0x80008088 (0x40a9d8b3) sra     a7, s3, a0
core   0: 3 0x80008088 (0x40a9d8b3) x17 0x005e7299
core   0: 0x8000808c (0x00505b93) srli    s7, zero, 5
core   0: 3 0x8000808c (0x00505b93) x23 0x00000000
core   0: 0x80008090 (0x01a301b3) add     gp, t1, s10
core   0: 3 0x80008090 (0x01a301b3) x 3 0x1a812e51
core   0: 0x80008094 (0x2718f913) andi    s2, a7, 625
core   0: 3 0x80008094 (0x2718f913) x18 0x00000211
core   0: 0x80008098 (0x01ed9993) slli    s3, s11, 30
core   0: 3 0x80008098 (0x01ed9993) x19 0x00000000
core   0: 0x8000809c (0x65cc3b93) sltiu   s7, s8, 1628
core   0: 3 0x8000809c (0x65cc3b93) x23 0x00000000
core   0: 0x800080a0 (0x8234ad13) slti    s10, s1, -2013
core   0: 3 0x800080a0 (0x8234ad13) x26 0x00000000
core   0: 0x800080a4 (0x4fe66c13) ori     s8, a2, 1278
core   0: 3 0x800080a4 (0x4fe66c13) x24 0x000004fe
core   0: 0x800080a8 (0x01465313) srli    t1, a2, 20
core   0: 3 0x800080a8 (0x01465313) x 6 0x00000000
core   0: 0x800080ac (0x015f10b3) sll     ra, t5, s5
core   0: 3 0x800080ac (0x015f10b3) x 1 0x00000001
core   0: 0x800080b0 (0x1ae6e413) ori     s0, a3, 430
core   0: 3 0x800080b0 (0x1ae6e413) x 8 0x000001ae
core   0: 0x800080b4 (0x41265b33) sra     s6, a2, s2
core   0: 3 0x800080b4 (0x41265b33) x22 0x00000000
core   0: 0x800080b8 (0x75cf6293) ori     t0, t5, 1884
core   0: 3 0x800080b8 (0x75cf6293) x 5 0x0000075d
core   0: 0x800080bc (0x0bb9ef17) auipc   t5, 0xbb9e
core   0: 3 0x800080bc (0x0bb9ef17) x30 0x8bba60bc
core   0: 0x800080c0 (0x017df033) and     zero, s11, s7
core   0: 3 0x800080c0 (0x017df033)
core   0: 0x800080c4 (0xedfb6b93) ori     s7, s6, -289
core   0: 3 0x800080c4 (0xedfb6b93) x23 0xfffffedf
core   0: 0x800080c8 (0xf3e9b193) sltiu   gp, s3, -194
core   0: 3 0x800080c8 (0xf3e9b193) x 3 0x00000001
core   0: 0x800080cc (0xfb219617) auipc   a2, 0xfb219
core   0: 3 0x800080cc (0xfb219617) x12 0x7b2210cc
core   0: 0x800080d0 (0x00c89a13) slli    s4, a7, 12
core   0: 3 0x800080d0 (0x00c89a13) x20 0xe7299000
core   0: 0x800080d4 (0x404f5e93) srai    t4, t5, 4
core   0: 3 0x800080d4 (0x404f5e93) x29 0xf8bba60b
core   0: 0x800080d8 (0x005a1593) slli    a1, s4, 5
core   0: 3 0x800080d8 (0x005a1593) x11 0xe5320000
core   0: 0x800080dc (0x7b28f213) andi    tp, a7, 1970
core   0: 3 0x800080dc (0x7b28f213) x 4 0x00000290
core   0: 0x800080e0 (0x00000013) nop
core   0: 3 0x800080e0 (0x00000013)
core   0: 0x800080e4 (0x010bf933) and     s2, s7, a6
core   0: 3 0x800080e4 (0x010bf933) x18 0xfffffe43
core   0: 0x800080e8 (0x41450e33) sub     t3, a0, s4
core   0: 3 0x800080e8 (0x41450e33) x28 0x1802d208
core   0: 0x800080ec (0x016a20b3) slt     ra, s4, s6
core   0: 3 0x800080ec (0x016a20b3) x 1 0x00000001
core   0: 0x800080f0 (0x4099dcb3) sra     s9, s3, s1
core   0: 3 0x800080f0 (0x4099dcb3) x25 0x00000000
core   0: 0x800080f4 (0x00f4c0b3) xor     ra, s1, a5
core   0: 3 0x800080f4 (0x00f4c0b3) x 1 0x00b1677e
core   0: 0x800080f8 (0xdc88d2b7) lui     t0, 0xdc88d
core   0: 3 0x800080f8 (0xdc88d2b7) x 5 0xdc88d000
core   0: 0x800080fc (0xa7fb7313) andi    t1, s6, -1409
core   0: 3 0x800080fc (0xa7fb7313) x 6 0x00000000
core   0: 0x80008100 (0x4e99e017) auipc   zero, 0x4e99e
core   0: 3 0x80008100 (0x4e99e017)
core   0: 0x80008104 (0x28944d93) xori    s11, s0, 649
core   0: 3 0x80008104 (0x28944d93) x27 0x00000327
core   0: 0x80008108 (0x407f03b3) sub     t2, t5, t2
core   0: 3 0x80008108 (0x407f03b3) x 7 0x8bba60bb
core   0: 0x8000810c (0x01337d33) and     s10, t1, s3
core   0: 3 0x8000810c (0x01337d33) x26 0x00000000
core   0: 0x80008110 (0x044e0c37) lui     s8, 0x44e0
core   0: 3 0x80008110 (0x044e0c37) x24 0x044e0000
core   0: 0x80008114 (0x869ace93) xori    t4, s5, -1943
core   0: 3 0x80008114 (0x869ace93) x29 0xfffff869
core   0: 0x80008118 (0xbd469037) lui     zero, 0xbd469
core   0: 3 0x80008118 (0xbd469037)
core   0: 0x8000811c (0x4cf34593) xori    a1, t1, 1231
core   0: 3 0x8000811c (0x4cf34593) x11 0x000004cf
core   0: 0x80008120 (0x00c9acb3) slt     s9, s3, a2
core   0: 3 0x80008120 (0x00c9acb3) x25 0x00000001
core   0: 0x80008124 (0x003ebb33) sltu    s6, t4, gp
core   0: 3 0x80008124 (0x003ebb33) x22 0x00000000
core   0: 0x80008128 (0x413ad9b3) sra     s3, s5, s3
core   0: 3 0x80008128 (0x413ad9b3) x19 0x00000000
core   0: 0x8000812c (0x01e94233) xor     tp, s2, t5
core   0: 3 0x8000812c (0x01e94233) x 4 0x74459eff
core   0: 0x80008130 (0x23808c93) addi    s9, ra, 568
core   0: 3 0x80008130 (0x23808c93) x25 0x00b169b6
core   0: 0x80008134 (0xe5c7bd93) sltiu   s11, a5, -420
core   0: 3 0x80008134 (0xe5c7bd93) x27 0x00000001
core   0: 0x80008138 (0x016d2533) slt     a0, s10, s6
core   0: 3 0x80008138 (0x016d2533) x10 0x00000000
core   0: 0x8000813c (0x40f006b3) sub     a3, zero, a5
core   0: 3 0x8000813c (0x40f006b3) x13 0x00b16482
core   0: 0x80008140 (0x5b6fb393) sltiu   t2, t6, 1462
core   0: 3 0x80008140 (0x5b6fb393) x 7 0x00000000
core   0: 0x80008144 (0x16b94d13) xori    s10, s2, 363
core   0: 3 0x80008144 (0x16b94d13) x26 0xffffff28
core   0: 0x80008148 (0x40d5d233) sra     tp, a1, a3
core   0: 3 0x80008148 (0x40d5d233) x 4 0x00000133
core   0: 0x8000814c (0x2e95da17) auipc   s4, 0x2e95d
core   0: 3 0x8000814c (0x2e95da17) x20 0xae96514c
core   0: 0x80008150 (0x68e0eb13) ori     s6, ra, 1678
core   0: 3 0x80008150 (0x68e0eb13) x22 0x00b167fe
core   0: 0x80008154 (0x8bac2593) slti    a1, s8, -1862
core   0: 3 0x80008154 (0x8bac2593) x11 0x00000000
core   0: 0x80008158 (0x09af8093) addi    ra, t6, 154
core   0: 3 0x80008158 (0x09af8093) x 1 0x80014d7e
core   0: 0x8000815c (0x41c45593) srai    a1, s0, 28
core   0: 3 0x8000815c (0x41c45593) x11 0x00000000
core   0: 0x80008160 (0x41eeddb3) sra     s11, t4, t5
core   0: 3 0x80008160 (0x41eeddb3) x27 0xffffffff
core   0: 0x80008164 (0x000acd33) xor     s10, s5, zero
core   0: 3 0x80008164 (0x000acd33) x26 0x00000000
core   0: 0x80008168 (0x3f6a4a93) xori    s5, s4, 1014
core   0: 3 0x80008168 (0x3f6a4a93) x21 0xae9652ba
core   0: 0x8000816c (0x00000013) nop
core   0: 3 0x8000816c (0x00000013)
core   0: 0x80008170 (0x0008a233) slt     tp, a7, zero
core   0: 3 0x80008170 (0x0008a233) x 4 0x00000000
core   0: 0x80008174 (0x008c6533) or      a0, s8, s0
core   0: 3 0x80008174 (0x008c6533) x10 0x044e01ae
core   0: 0x80008178 (0x01cbaa33) slt     s4, s7, t3
core   0: 3 0x80008178 (0x01cbaa33) x20 0x00000001
core   0: 0x8000817c (0x2787c817) auipc   a6, 0x2787c
core   0: 3 0x8000817c (0x2787c817) x16 0xa788417c
core   0: 0x80008180 (0x009582b3) add     t0, a1, s1
core   0: 3 0x80008180 (0x009582b3) x 5 0xfffffc00
core   0: 0x80008184 (0x4c930093) addi    ra, t1, 1225
core   0: 3 0x80008184 (0x4c930093) x 1 0x000004c9
core   0: 0x80008188 (0x30dd4413) xori    s0, s10, 781
core   0: 3 0x80008188 (0x30dd4413) x 8 0x0000030d
core   0: 0x8000818c (0x4049dd13) srai    s10, s3, 4
core   0: 3 0x8000818c (0x4049dd13) x26 0x00000000
core   0: 0x80008190 (0xe6e74a97) auipc   s5, 0xe6e74
core   0: 3 0x80008190 (0xe6e74a97) x21 0x66e7c190
core   0: 0x80008194 (0xe3338c13) addi    s8, t2, -461
core   0: 3 0x80008194 (0xe3338c13) x24 0xfffffe33
core   0: 0x80008198 (0xd5d14693) xori    a3, sp, -675
core   0: 3 0x80008198 (0xd5d14693) x13 0xbd42dd15
core   0: 0x8000819c (0x01b144b3) xor     s1, sp, s11
core   0: 3 0x8000819c (0x01b144b3) x 9 0xbd42dfb7
core   0: 0x800081a0 (0x41085e13) srai    t3, a6, 16
core   0: 3 0x800081a0 (0x41085e13) x28 0xffffa788
core   0: 0x800081a4 (0x0152d233) srl     tp, t0, s5
core   0: 3 0x800081a4 (0x0152d233) x 4 0x0000ffff
core   0: 0x800081a8 (0x009a7233) and     tp, s4, s1
core   0: 3 0x800081a8 (0x009a7233) x 4 0x00000001
core   0: 0x800081ac (0x00552db3) slt     s11, a0, t0
core   0: 3 0x800081ac (0x00552db3) x27 0x00000000
core   0: 0x800081b0 (0x401f5133) sra     sp, t5, ra
core   0: 3 0x800081b0 (0x401f5133) x 2 0xffc5dd30
core   0: 0x800081b4 (0x00e21913) slli    s2, tp, 14
core   0: 3 0x800081b4 (0x00e21913) x18 0x00004000
core   0: 0x800081b8 (0x008ebf33) sltu    t5, t4, s0
core   0: 3 0x800081b8 (0x008ebf33) x30 0x00000000
core   0: 0x800081bc (0x01474c33) xor     s8, a4, s4
core   0: 3 0x800081bc (0x01474c33) x24 0x80010e65
core   0: 0x800081c0 (0x41570bb3) sub     s7, a4, s5
core   0: 3 0x800081c0 (0x41570bb3) x23 0x19194cd4
core   0: 0x800081c4 (0x4112d0b3) sra     ra, t0, a7
core   0: 3 0x800081c4 (0x4112d0b3) x 1 0xffffffff
core   0: 0x800081c8 (0xb91ebe13) sltiu   t3, t4, -1135
core   0: 3 0x800081c8 (0xb91ebe13) x28 0x00000001
core   0: 0x800081cc (0x01a1bdb3) sltu    s11, gp, s10
core   0: 3 0x800081cc (0x01a1bdb3) x27 0x00000000
core   0: 0x800081d0 (0x0167a833) slt     a6, a5, s6
core   0: 3 0x800081d0 (0x0167a833) x16 0x00000001
core   0: 0x800081d4 (0x00000013) nop
core   0: 3 0x800081d4 (0x00000013)
core   0: 0x800081d8 (0x01afc833) xor     a6, t6, s10
core   0: 3 0x800081d8 (0x01afc833) x16 0x80014ce4
core   0: 0x800081dc (0x40f086b3) sub     a3, ra, a5
core   0: 3 0x800081dc (0x40f086b3) x13 0x00b16481
core   0: 0x800081e0 (0xaf09cd93) xori    s11, s3, -1296
core   0: 3 0x800081e0 (0xaf09cd93) x27 0xfffffaf0
core   0: 0x800081e4 (0x01fce833) or      a6, s9, t6
core   0: 3 0x800081e4 (0x01fce833) x16 0x80b16df6
core   0: 0x800081e8 (0x0125bbb3) sltu    s7, a1, s2
core   0: 3 0x800081e8 (0x0125bbb3) x23 0x00000001
core   0: 0x800081ec (0xbd832393) slti    t2, t1, -1064
core   0: 3 0x800081ec (0xbd832393) x 7 0x00000000
core   0: 0x800081f0 (0xb1c34297) auipc   t0, 0xb1c34
core   0: 3 0x800081f0 (0xb1c34297) x 5 0x31c3c1f0
core   0: 0x800081f4 (0x00198d33) add     s10, s3, ra
core   0: 3 0x800081f4 (0x00198d33) x26 0xffffffff
core   0: 0x800081f8 (0xfdd00213) li      tp, -35
core   0: 3 0x800081f8 (0xfdd00213) x 4 0xffffffdd
core   0: 0x800081fc (0x2294e413) ori     s0, s1, 553
core   0: 3 0x800081fc (0x2294e413) x 8 0xbd42dfbf
core   0: 0x80008200 (0x758ab993) sltiu   s3, s5, 1880
core   0: 3 0x80008200 (0x758ab993) x19 0x00000000
core   0: 0x80008204 (0x0147d513) srli    a0, a5, 20
core   0: 3 0x80008204 (0x0147d513) x10 0x00000ff4
core   0: 0x80008208 (0x00d2d413) srli    s0, t0, 13
core   0: 3 0x80008208 (0x00d2d413) x 8 0x00018e1e
core   0: 0x8000820c (0x005e64b3) or      s1, t3, t0
core   0: 3 0x8000820c (0x005e64b3) x 9 0x31c3c1f1
core   0: 0x80008210 (0x01c13e33) sltu    t3, sp, t3
core   0: 3 0x80008210 (0x01c13e33) x28 0x00000000
core   0: 0x80008214 (0x00e5cdb3) xor     s11, a1, a4
core   0: 3 0x80008214 (0x00e5cdb3) x27 0x80010e64
core   0: 0x80008218 (0x416f8433) sub     s0, t6, s6
core   0: 3 0x80008218 (0x416f8433) x 8 0x7f4fe4e6
core   0: 0x8000821c (0x00535893) srli    a7, t1, 5
core   0: 3 0x8000821c (0x00535893) x17 0x00000000
core   0: 0x80008220 (0x0175d9b3) srl     s3, a1, s7
core   0: 3 0x80008220 (0x0175d9b3) x19 0x00000000
core   0: 0x80008224 (0x01455113) srli    sp, a0, 20
core   0: 3 0x80008224 (0x01455113) x 2 0x00000000
core   0: 0x80008228 (0x01790f33) add     t5, s2, s7
core   0: 3 0x80008228 (0x01790f33) x30 0x00004001
core   0: 0x8000822c (0x00e416b3) sll     a3, s0, a4
core   0: 3 0x8000822c (0x00e416b3) x13 0xf4fe4e60
core   0: 0x80008230 (0x004430b3) sltu    ra, s0, tp
core   0: 3 0x80008230 (0x004430b3) x 1 0x00000001
core   0: 0x80008234 (0x0144ab33) slt     s6, s1, s4
core   0: 3 0x80008234 (0x0144ab33) x22 0x00000000
core   0: 0x80008238 (0x00ca74b3) and     s1, s4, a2
core   0: 3 0x80008238 (0x00ca74b3) x 9 0x00000000
core   0: 0x8000823c (0xb9f56893) ori     a7, a0, -1121
core   0: 3 0x8000823c (0xb9f56893) x17 0xffffffff
core   0: 0x80008240 (0x413750b3) sra     ra, a4, s3
core   0: 3 0x80008240 (0x413750b3) x 1 0x80010e64
core   0: 0x80008244 (0x90573e93) sltiu   t4, a4, -1787
core   0: 3 0x80008244 (0x90573e93) x29 0x00000001
core   0: 0x80008248 (0x5ac73f13) sltiu   t5, a4, 1452
core   0: 3 0x80008248 (0x5ac73f13) x30 0x00000000
core   0: 0x8000824c (0x00000013) nop
core   0: 3 0x8000824c (0x00000013)
core   0: 0x80008250 (0x46a0c0b7) lui     ra, 0x46a0c
core   0: 3 0x80008250 (0x46a0c0b7) x 1 0x46a0c000
core   0: 0x80008254 (0x1fe82a93) slti    s5, a6, 510
core   0: 3 0x80008254 (0x1fe82a93) x21 0x00000001
core   0: 0x80008258 (0xe4958997) auipc   s3, 0xe4958
core   0: 3 0x80008258 (0xe4958997) x19 0x64960258
core   0: 0x8000825c (0x00000013) nop
core   0: 3 0x8000825c (0x00000013)
core   0: 0x80008260 (0x008d5e33) srl     t3, s10, s0
core   0: 3 0x80008260 (0x008d5e33) x28 0x03ffffff
core   0: 0x80008264 (0x409382b3) sub     t0, t2, s1
core   0: 3 0x80008264 (0x409382b3) x 5 0x00000000
core   0: 0x80008268 (0x40a55f33) sra     t5, a0, a0
core   0: 3 0x80008268 (0x40a55f33) x30 0x00000000
core   0: 0x8000826c (0x0119f2b3) and     t0, s3, a7
core   0: 3 0x8000826c (0x0119f2b3) x 5 0x64960258
core   0: 0x80008270 (0x01ae0f33) add     t5, t3, s10
core   0: 3 0x80008270 (0x01ae0f33) x30 0x03fffffe
core   0: 0x80008274 (0x40f45d33) sra     s10, s0, a5
core   0: 3 0x80008274 (0x40f45d33) x26 0x00000001
core   0: 0x80008278 (0xbcdacd93) xori    s11, s5, -1075
core   0: 3 0x80008278 (0xbcdacd93) x27 0xfffffbcc
core   0: 0x8000827c (0x2fcb8913) addi    s2, s7, 764
core   0: 3 0x8000827c (0x2fcb8913) x18 0x000002fd
core   0: 0x80008280 (0x0076ceb3) xor     t4, a3, t2
core   0: 3 0x80008280 (0x0076ceb3) x29 0xf4fe4e60
core   0: 0x80008284 (0x015d3033) sltu    zero, s10, s5
core   0: 3 0x80008284 (0x015d3033)
core   0: 0x80008288 (0x01aca3b3) slt     t2, s9, s10
core   0: 3 0x80008288 (0x01aca3b3) x 7 0x00000000
core   0: 0x8000828c (0x006a3d33) sltu    s10, s4, t1
core   0: 3 0x8000828c (0x006a3d33) x26 0x00000000
core   0: 0x80008290 (0x0d1bab13) slti    s6, s7, 209
core   0: 3 0x80008290 (0x0d1bab13) x22 0x00000001
core   0: 0x80008294 (0x4e657513) andi    a0, a0, 1254
core   0: 3 0x80008294 (0x4e657513) x10 0x000004e4
core   0: 0x80008298 (0x49c46693) ori     a3, s0, 1180
core   0: 3 0x80008298 (0x49c46693) x13 0x7f4fe4fe
core   0: 0x8000829c (0x00c093b3) sll     t2, ra, a2
core   0: 3 0x8000829c (0x00c093b3) x 7 0x0c000000
core   0: 0x800082a0 (0x011506b3) add     a3, a0, a7
core   0: 3 0x800082a0 (0x011506b3) x13 0x000004e3
core   0: 0x800082a4 (0x31a74f37) lui     t5, 0x31a74
core   0: 3 0x800082a4 (0x31a74f37) x30 0x31a74000
core   0: 0x800082a8 (0x00e3bdb3) sltu    s11, t2, a4
core   0: 3 0x800082a8 (0x00e3bdb3) x27 0x00000001
core   0: 0x800082ac (0x40680633) sub     a2, a6, t1
core   0: 3 0x800082ac (0x40680633) x12 0x80b16df6
core   0: 0x800082b0 (0x00623a33) sltu    s4, tp, t1
core   0: 3 0x800082b0 (0x00623a33) x20 0x00000000
core   0: 0x800082b4 (0x0118a2b3) slt     t0, a7, a7
core   0: 3 0x800082b4 (0x0118a2b3) x 5 0x00000000
core   0: 0x800082b8 (0xdbe96993) ori     s3, s2, -578
core   0: 3 0x800082b8 (0xdbe96993) x19 0xffffffff
core   0: 0x800082bc (0xb8fc3e13) sltiu   t3, s8, -1137
core   0: 3 0x800082bc (0xb8fc3e13) x28 0x00000001
core   0: 0x800082c0 (0x0191b5b3) sltu    a1, gp, s9
core   0: 3 0x800082c0 (0x0191b5b3) x11 0x00000001
core   0: 0x800082c4 (0x405dd8b3) sra     a7, s11, t0
core   0: 3 0x800082c4 (0x405dd8b3) x17 0x00000001
core   0: 0x800082c8 (0x00f1fab3) and     s5, gp, a5
core   0: 3 0x800082c8 (0x00f1fab3) x21 0x00000000
core   0: 0x800082cc (0x010269b3) or      s3, tp, a6
core   0: 3 0x800082cc (0x010269b3) x19 0xffffffff
core   0: 0x800082d0 (0x002f5b13) srli    s6, t5, 2
core   0: 3 0x800082d0 (0x002f5b13) x22 0x0c69d000
core   0: 0x800082d4 (0x000721b3) slt     gp, a4, zero
core   0: 3 0x800082d4 (0x000721b3) x 3 0x00000001
core   0: 0x800082d8 (0x00b08133) add     sp, ra, a1
core   0: 3 0x800082d8 (0x00b08133) x 2 0x46a0c001
core   0: 0x800082dc (0x00a05993) srli    s3, zero, 10
core   0: 3 0x800082dc (0x00a05993) x19 0x00000000
core   0: 0x800082e0 (0x017f0bb3) add     s7, t5, s7
core   0: 3 0x800082e0 (0x017f0bb3) x23 0x31a74001
core   0: 0x800082e4 (0x01c59333) sll     t1, a1, t3
core   0: 3 0x800082e4 (0x01c59333) x 6 0x00000002
core   0: 0x800082e8 (0x013fa2b3) slt     t0, t6, s3
core   0: 3 0x800082e8 (0x013fa2b3) x 5 0x00000001
core   0: 0x800082ec (0x5bd78493) addi    s1, a5, 1469
core   0: 3 0x800082ec (0x5bd78493) x 9 0xff4ea13b
core   0: 0x800082f0 (0xb87e7513) andi    a0, t3, -1145
core   0: 3 0x800082f0 (0xb87e7513) x10 0x00000001
core   0: 0x800082f4 (0xd8c5bd13) sltiu   s10, a1, -628
core   0: 3 0x800082f4 (0xd8c5bd13) x26 0x00000001
core   0: 0x800082f8 (0xa5aff493) andi    s1, t6, -1446
core   0: 3 0x800082f8 (0xa5aff493) x 9 0x80014840
core   0: 0x800082fc (0xc81aa393) slti    t2, s5, -895
core   0: 3 0x800082fc (0xc81aa393) x 7 0x00000000
core   0: 0x80008300 (0xd7777d13) andi    s10, a4, -649
core   0: 3 0x80008300 (0xd7777d13) x26 0x80010c64
core   0: 0x80008304 (0xf861f613) andi    a2, gp, -122
core   0: 3 0x80008304 (0xf861f613) x12 0x00000000
core   0: 0x80008308 (0x66143813) sltiu   a6, s0, 1633
core   0: 3 0x80008308 (0x66143813) x16 0x00000000
core   0: 0x8000830c (0x1572cc93) xori    s9, t0, 343
core   0: 3 0x8000830c (0x1572cc93) x25 0x00000156
core   0: 0x80008310 (0x01344333) xor     t1, s0, s3
core   0: 3 0x80008310 (0x01344333) x 6 0x7f4fe4e6
core   0: 0x80008314 (0x01492c33) slt     s8, s2, s4
core   0: 3 0x80008314 (0x01492c33) x24 0x00000000
core   0: 0x80008318 (0x00ccdbb3) srl     s7, s9, a2
core   0: 3 0x80008318 (0x00ccdbb3) x23 0x00000156
core   0: 0x8000831c (0x40e75d33) sra     s10, a4, a4
core   0: 3 0x8000831c (0x40e75d33) x26 0xf80010e6
core   0: 0x80008320 (0x00000013) nop
core   0: 3 0x80008320 (0x00000013)
core   0: 0x80008324 (0x619a1e17) auipc   t3, 0x619a1
core   0: 3 0x80008324 (0x619a1e17) x28 0xe19a9324
core   0: 0x80008328 (0x4162d193) srai    gp, t0, 22
core   0: 3 0x80008328 (0x4162d193) x 3 0x00000000
core   0: 0x8000832c (0x007795b3) sll     a1, a5, t2
core   0: 3 0x8000832c (0x007795b3) x11 0xff4e9b7e
core   0: 0x80008330 (0xaf808f13) addi    t5, ra, -1288
core   0: 3 0x80008330 (0xaf808f13) x30 0x46a0baf8
core   0: 0x80008334 (0x00000013) nop
core   0: 3 0x80008334 (0x00000013)
core   0: 0x80008338 (0x01af9893) slli    a7, t6, 26
core   0: 3 0x80008338 (0x01af9893) x17 0x90000000
core   0: 0x8000833c (0xe08b6413) ori     s0, s6, -504
core   0: 3 0x8000833c (0xe08b6413) x 8 0xfffffe08
core   0: 0x80008340 (0x00591cb3) sll     s9, s2, t0
core   0: 3 0x80008340 (0x00591cb3) x25 0x000005fa
core   0: 0x80008344 (0x07178813) addi    a6, a5, 113
core   0: 3 0x80008344 (0x07178813) x16 0xff4e9bef
core   0: 0x80008348 (0x013e6bb3) or      s7, t3, s3
core   0: 3 0x80008348 (0x013e6bb3) x23 0xe19a9324
core   0: 0x8000834c (0xe2343493) sltiu   s1, s0, -477
core   0: 3 0x8000834c (0xe2343493) x 9 0x00000001
core   0: 0x80008350 (0xffb83293) sltiu   t0, a6, -5
core   0: 3 0x80008350 (0xffb83293) x 5 0x00000001
core   0: 0x80008354 (0xee54eb93) ori     s7, s1, -283
core   0: 3 0x80008354 (0xee54eb93) x23 0xfffffee5
core   0: 0x80008358 (0x019f9413) slli    s0, t6, 25
core   0: 3 0x80008358 (0x019f9413) x 8 0xc8000000
core   0: 0x8000835c (0x6563fe17) auipc   t3, 0x6563f
core   0: 3 0x8000835c (0x6563fe17) x28 0xe564735c
core   0: 0x80008360 (0x2bd63e13) sltiu   t3, a2, 701
core   0: 3 0x80008360 (0x2bd63e13) x28 0x00000001
core   0: 0x80008364 (0x01f233b3) sltu    t2, tp, t6
core   0: 3 0x80008364 (0x01f233b3) x 7 0x00000000
core   0: 0x80008368 (0x8171ce93) xori    t4, gp, -2025
core   0: 3 0x80008368 (0x8171ce93) x29 0xfffff817
core   0: 0x8000836c (0x00000013) nop
core   0: 3 0x8000836c (0x00000013)
core   0: 0x80008370 (0x01cc59b3) srl     s3, s8, t3
core   0: 3 0x80008370 (0x01cc59b3) x19 0x00000000
core   0: 0x80008374 (0x402e5313) srai    t1, t3, 2
core   0: 3 0x80008374 (0x402e5313) x 6 0x00000000
core   0: 0x80008378 (0x00bc5693) srli    a3, s8, 11
core   0: 3 0x80008378 (0x00bc5693) x13 0x00000000
core   0: 0x8000837c (0x3f00cbb7) lui     s7, 0x3f00c
core   0: 3 0x8000837c (0x3f00cbb7) x23 0x3f00c000
core   0: 0x80008380 (0x013a4eb3) xor     t4, s4, s3
core   0: 3 0x80008380 (0x013a4eb3) x29 0x00000000
core   0: 0x80008384 (0x01d01cb3) sll     s9, zero, t4
core   0: 3 0x80008384 (0x01d01cb3) x25 0x00000000
core   0: 0x80008388 (0x012cbd33) sltu    s10, s9, s2
core   0: 3 0x80008388 (0x012cbd33) x26 0x00000001
core   0: 0x8000838c (0x01d7fcb3) and     s9, a5, t4
core   0: 3 0x8000838c (0x01d7fcb3) x25 0x00000000
core   0: 0x80008390 (0x012c8c33) add     s8, s9, s2
core   0: 3 0x80008390 (0x012c8c33) x24 0x000002fd
core   0: 0x80008394 (0x00682333) slt     t1, a6, t1
core   0: 3 0x80008394 (0x00682333) x 6 0x00000001
core   0: 0x80008398 (0x01988eb3) add     t4, a7, s9
core   0: 3 0x80008398 (0x01988eb3) x29 0x90000000
core   0: 0x8000839c (0xa1058493) addi    s1, a1, -1520
core   0: 3 0x8000839c (0xa1058493) x 9 0xff4e958e
core   0: 0x800083a0 (0x73a4c013) xori    zero, s1, 1850
core   0: 3 0x800083a0 (0x73a4c013)
core   0: 0x800083a4 (0xc2424093) xori    ra, tp, -988
core   0: 3 0x800083a4 (0xc2424093) x 1 0x000003f9
core   0: 0x800083a8 (0x004af033) and     zero, s5, tp
core   0: 3 0x800083a8 (0x004af033)
core   0: 0x800083ac (0xc4c35b37) lui     s6, 0xc4c35
core   0: 3 0x800083ac (0xc4c35b37) x22 0xc4c35000
core   0: 0x800083b0 (0x00b25e93) srli    t4, tp, 11
core   0: 3 0x800083b0 (0x00b25e93) x29 0x001fffff
core   0: 0x800083b4 (0x00755eb3) srl     t4, a0, t2
core   0: 3 0x800083b4 (0x00755eb3) x29 0x00000001
core   0: 0x800083b8 (0x29ac3193) sltiu   gp, s8, 666
core   0: 3 0x800083b8 (0x29ac3193) x 3 0x00000000
core   0: 0x800083bc (0x011c1493) slli    s1, s8, 17
core   0: 3 0x800083bc (0x011c1493) x 9 0x05fa0000
core   0: 0x800083c0 (0x778d0693) addi    a3, s10, 1912
core   0: 3 0x800083c0 (0x778d0693) x13 0x00000779
core   0: 0x800083c4 (0x2001f293) andi    t0, gp, 512
core   0: 3 0x800083c4 (0x2001f293) x 5 0x00000000
core   0: 0x800083c8 (0x01670033) add     zero, a4, s6
core   0: 3 0x800083c8 (0x01670033)
core   0: 0x800083cc (0x00a54633) xor     a2, a0, a0
core   0: 3 0x800083cc (0x00a54633) x12 0x00000000
core   0: 0x800083d0 (0x00000013) nop
core   0: 3 0x800083d0 (0x00000013)
core   0: 0x800083d4 (0xc4fc4937) lui     s2, 0xc4fc4
core   0: 3 0x800083d4 (0xc4fc4937) x18 0xc4fc4000
core   0: 0x800083d8 (0xec35ae13) slti    t3, a1, -317
core   0: 3 0x800083d8 (0xec35ae13) x28 0x00000001
core   0: 0x800083dc (0xb7f34213) xori    tp, t1, -1153
core   0: 3 0x800083dc (0xb7f34213) x 4 0xfffffb7e
core   0: 0x800083e0 (0xc512cb93) xori    s7, t0, -943
core   0: 3 0x800083e0 (0xc512cb93) x23 0xfffffc51
core   0: 0x800083e4 (0x01865413) srli    s0, a2, 24
core   0: 3 0x800083e4 (0x01865413) x 8 0x00000000
core   0: 0x800083e8 (0x003e6633) or      a2, t3, gp
core   0: 3 0x800083e8 (0x003e6633) x12 0x00000001
core   0: 0x800083ec (0x4013d213) srai    tp, t2, 1
core   0: 3 0x800083ec (0x4013d213) x 4 0x00000000
core   0: 0x800083f0 (0x01b71893) slli    a7, a4, 27
core   0: 3 0x800083f0 (0x01b71893) x17 0x20000000
core   0: 0x800083f4 (0x018070b3) and     ra, zero, s8
core   0: 3 0x800083f4 (0x018070b3) x 1 0x00000000
core   0: 0x800083f8 (0xd2607093) andi    ra, zero, -730
core   0: 3 0x800083f8 (0xd2607093) x 1 0x00000000
core   0: 0x800083fc (0xf3bc0313) addi    t1, s8, -197
core   0: 3 0x800083fc (0xf3bc0313) x 6 0x00000238
core   0: 0x80008400 (0x01f58533) add     a0, a1, t6
core   0: 3 0x80008400 (0x01f58533) x10 0x7f4fe862
core   0: 0x80008404 (0x01386db3) or      s11, a6, s3
core   0: 3 0x80008404 (0x01386db3) x27 0xff4e9bef
core   0: 0x80008408 (0x0004b2b3) sltu    t0, s1, zero
core   0: 3 0x80008408 (0x0004b2b3) x 5 0x00000000
core   0: 0x8000840c (0x20bf4937) lui     s2, 0x20bf4
core   0: 3 0x8000840c (0x20bf4937) x18 0x20bf4000
core   0: 0x80008410 (0x00e493b3) sll     t2, s1, a4
core   0: 3 0x80008410 (0x00e493b3) x 7 0x5fa00000
core   0: 0x80008414 (0x0f936113) ori     sp, t1, 249
core   0: 3 0x80008414 (0x0f936113) x 2 0x000002f9
core   0: 0x80008418 (0x005815b3) sll     a1, a6, t0
core   0: 3 0x80008418 (0x005815b3) x11 0xff4e9bef
core   0: 0x8000841c (0x41ed52b3) sra     t0, s10, t5
core   0: 3 0x8000841c (0x41ed52b3) x 5 0x00000000
core   0: 0x80008420 (0x01761d13) slli    s10, a2, 23
core   0: 3 0x80008420 (0x01761d13) x26 0x00800000
core   0: 0x80008424 (0x82d88a37) lui     s4, 0x82d88
core   0: 3 0x80008424 (0x82d88a37) x20 0x82d88000
core   0: 0x80008428 (0x3ddabc13) sltiu   s8, s5, 989
core   0: 3 0x80008428 (0x3ddabc13) x24 0x00000001
core   0: 0x8000842c (0x41f9dd13) srai    s10, s3, 31
core   0: 3 0x8000842c (0x41f9dd13) x26 0x00000000
core   0: 0x80008430 (0xdffc0013) addi    zero, s8, -513
core   0: 3 0x80008430 (0xdffc0013)
core   0: 0x80008434 (0x001c43b3) xor     t2, s8, ra
core   0: 3 0x80008434 (0x001c43b3) x 7 0x00000001
core   0: 0x80008438 (0xa88c8613) addi    a2, s9, -1400
core   0: 3 0x80008438 (0xa88c8613) x12 0xfffffa88
core   0: 0x8000843c (0xd2bc6393) ori     t2, s8, -725
core   0: 3 0x8000843c (0xd2bc6393) x 7 0xfffffd2b
core   0: 0x80008440 (0x0042d213) srli    tp, t0, 4
core   0: 3 0x80008440 (0x0042d213) x 4 0x00000000
core   0: 0x80008444 (0x01aa7233) and     tp, s4, s10
core   0: 3 0x80008444 (0x01aa7233) x 4 0x00000000
core   0: 0x80008448 (0x01b79b93) slli    s7, a5, 27
core   0: 3 0x80008448 (0x01b79b93) x23 0xf0000000
core   0: 0x8000844c (0x1cedd597) auipc   a1, 0x1cedd
core   0: 3 0x8000844c (0x1cedd597) x11 0x9cee544c
core   0: 0x80008450 (0x0118a333) slt     t1, a7, a7
core   0: 3 0x80008450 (0x0118a333) x 6 0x00000000
core   0: 0x80008454 (0x008326b3) slt     a3, t1, s0
core   0: 3 0x80008454 (0x008326b3) x13 0x00000000
core   0: 0x80008458 (0xf9f49d17) auipc   s10, 0xf9f49
core   0: 3 0x80008458 (0xf9f49d17) x26 0x79f51458
core   0: 0x8000845c (0x588bc013) xori    zero, s7, 1416
core   0: 3 0x8000845c (0x588bc013)
core   0: 0x80008460 (0x00f6d513) srli    a0, a3, 15
core   0: 3 0x80008460 (0x00f6d513) x10 0x00000000
core   0: 0x80008464 (0x2f01a5b7) lui     a1, 0x2f01a
core   0: 3 0x80008464 (0x2f01a5b7) x11 0x2f01a000
core   0: 0x80008468 (0x007c1bb3) sll     s7, s8, t2
core   0: 3 0x80008468 (0x007c1bb3) x23 0x00000800
core   0: 0x8000846c (0x01b11413) slli    s0, sp, 27
core   0: 3 0x8000846c (0x01b11413) x 8 0xc8000000
core   0: 0x80008470 (0x80f86593) ori     a1, a6, -2033
core   0: 3 0x80008470 (0x80f86593) x11 0xfffffbef
core   0: 0x80008474 (0xb3a2b893) sltiu   a7, t0, -1222
core   0: 3 0x80008474 (0xb3a2b893) x17 0x00000001
core   0: 0x80008478 (0x9e1a0c13) addi    s8, s4, -1567
core   0: 3 0x80008478 (0x9e1a0c13) x24 0x82d879e1
core   0: 0x8000847c (0x0161a6b3) slt     a3, gp, s6
core   0: 3 0x8000847c (0x0161a6b3) x13 0x00000000
core   0: 0x80008480 (0xaa086d13) ori     s10, a6, -1376
core   0: 3 0x80008480 (0xaa086d13) x26 0xfffffbef
core   0: 0x80008484 (0x40935613) srai    a2, t1, 9
core   0: 3 0x80008484 (0x40935613) x12 0x00000000
core   0: 0x80008488 (0x00ddd993) srli    s3, s11, 13
core   0: 3 0x80008488 (0x00ddd993) x19 0x0007fa74
core   0: 0x8000848c (0x7cf8ba97) auipc   s5, 0x7cf8b
core   0: 3 0x8000848c (0x7cf8ba97) x21 0xfcf9348c
core   0: 0x80008490 (0x0037d4b3) srl     s1, a5, gp
core   0: 3 0x80008490 (0x0037d4b3) x 9 0xff4e9b7e
core   0: 0x80008494 (0x403c8533) sub     a0, s9, gp
core   0: 3 0x80008494 (0x403c8533) x10 0x00000000
core   0: 0x80008498 (0x0166de93) srli    t4, a3, 22
core   0: 3 0x80008498 (0x0166de93) x29 0x00000000
core   0: 0x8000849c (0xfd980d93) addi    s11, a6, -39
core   0: 3 0x8000849c (0xfd980d93) x27 0xff4e9bc8
core   0: 0x800084a0 (0x01b9adb3) slt     s11, s3, s11
core   0: 3 0x800084a0 (0x01b9adb3) x27 0x00000000
core   0: 0x800084a4 (0xcff14313) xori    t1, sp, -769
core   0: 3 0x800084a4 (0xcff14313) x 6 0xfffffe06
core   0: 0x800084a8 (0xb01d5417) auipc   s0, 0xb01d5
core   0: 3 0x800084a8 (0xb01d5417) x 8 0x301dd4a8
core   0: 0x800084ac (0x01dcea33) or      s4, s9, t4
core   0: 3 0x800084ac (0x01dcea33) x20 0x00000000
core   0: 0x800084b0 (0x00000013) nop
core   0: 3 0x800084b0 (0x00000013)
core   0: 0x800084b4 (0x01e8ebb3) or      s7, a7, t5
core   0: 3 0x800084b4 (0x01e8ebb3) x23 0x46a0baf9
core   0: 0x800084b8 (0x01c625b3) slt     a1, a2, t3
core   0: 3 0x800084b8 (0x01c625b3) x11 0x00000001
core   0: 0x800084bc (0x01e9d213) srli    tp, s3, 30
core   0: 3 0x800084bc (0x01e9d213) x 4 0x00000000
core   0: 0x800084c0 (0x27624493) xori    s1, tp, 630
core   0: 3 0x800084c0 (0x27624493) x 9 0x00000276
core   0: 0x800084c4 (0x00739213) slli    tp, t2, 7
core   0: 3 0x800084c4 (0x00739213) x 4 0xfffe9580
core   0: 0x800084c8 (0x8e11c337) lui     t1, 0x8e11c
core   0: 3 0x800084c8 (0x8e11c337) x 6 0x8e11c000
core   0: 0x800084cc (0x502aca93) xori    s5, s5, 1282
core   0: 3 0x800084cc (0x502aca93) x21 0xfcf9318e
core   0: 0x800084d0 (0x005cd0b3) srl     ra, s9, t0
core   0: 3 0x800084d0 (0x005cd0b3) x 1 0x00000000
core   0: 0x800084d4 (0x0075d133) srl     sp, a1, t2
core   0: 3 0x800084d4 (0x0075d133) x 2 0x00000000
core   0: 0x800084d8 (0x01851893) slli    a7, a0, 24
core   0: 3 0x800084d8 (0x01851893) x17 0x00000000
core   0: 0x800084dc (0x000aabb3) slt     s7, s5, zero
core   0: 3 0x800084dc (0x000aabb3) x23 0x00000001
core   0: 0x800084e0 (0x009d92b3) sll     t0, s11, s1
core   0: 3 0x800084e0 (0x009d92b3) x 5 0x00000000
core   0: 0x800084e4 (0x01560bb3) add     s7, a2, s5
core   0: 3 0x800084e4 (0x01560bb3) x23 0xfcf9318e
core   0: 0x800084e8 (0xfbbbc593) xori    a1, s7, -69
core   0: 3 0x800084e8 (0xfbbbc593) x11 0x0306ce35
core   0: 0x800084ec (0x01ecd4b3) srl     s1, s9, t5
core   0: 3 0x800084ec (0x01ecd4b3) x 9 0x00000000
core   0: 0x800084f0 (0x016b5933) srl     s2, s6, s6
core   0: 3 0x800084f0 (0x016b5933) x18 0xc4c35000
core   0: 0x800084f4 (0x40fe8b33) sub     s6, t4, a5
core   0: 3 0x800084f4 (0x40fe8b33) x22 0x00b16482
core   0: 0x800084f8 (0x006dc1b3) xor     gp, s11, t1
core   0: 3 0x800084f8 (0x006dc1b3) x 3 0x8e11c000
core   0: 0x800084fc (0x4172d993) srai    s3, t0, 23
core   0: 3 0x800084fc (0x4172d993) x19 0x00000000
core   0: 0x80008500 (0x01aa4eb3) xor     t4, s4, s10
core   0: 3 0x80008500 (0x01aa4eb3) x29 0xfffffbef
core   0: 0x80008504 (0x5c1f0993) addi    s3, t5, 1473
core   0: 3 0x80008504 (0x5c1f0993) x19 0x46a0c0b9
core   0: 0x80008508 (0x00335e93) srli    t4, t1, 3
core   0: 3 0x80008508 (0x00335e93) x29 0x11c23800
core   0: 0x8000850c (0x4f27eb13) ori     s6, a5, 1266
core   0: 3 0x8000850c (0x4f27eb13) x22 0xff4e9ffe
core   0: 0x80008510 (0x01759693) slli    a3, a1, 23
core   0: 3 0x80008510 (0x01759693) x13 0x1a800000
core   0: 0x80008514 (0x01d0fe33) and     t3, ra, t4
core   0: 3 0x80008514 (0x01d0fe33) x28 0x00000000
core   0: 0x80008518 (0x01accbb3) xor     s7, s9, s10
core   0: 3 0x80008518 (0x01accbb3) x23 0xfffffbef
core   0: 0x8000851c (0xad54b393) sltiu   t2, s1, -1323
core   0: 3 0x8000851c (0xad54b393) x 7 0x00000001
core   0: 0x80008520 (0x5b8fca13) xori    s4, t6, 1464
core   0: 3 0x80008520 (0x5b8fca13) x20 0x8001495c
core   0: 0x80008524 (0x5bcc0d17) auipc   s10, 0x5bcc0
core   0: 3 0x80008524 (0x5bcc0d17) x26 0xdbcc8524
core   0: 0x80008528 (0x01b55293) srli    t0, a0, 27
core   0: 3 0x80008528 (0x01b55293) x 5 0x00000000
core   0: 0x8000852c (0x4102d533) sra     a0, t0, a6
core   0: 3 0x8000852c (0x4102d533) x10 0x00000000
core   0: 0x80008530 (0x78be3eb7) lui     t4, 0x78be3
core   0: 3 0x80008530 (0x78be3eb7) x29 0x78be3000
core   0: 0x80008534 (0x41be5533) sra     a0, t3, s11
core   0: 3 0x80008534 (0x41be5533) x10 0x00000000
core   0: 0x80008538 (0x83620613) addi    a2, tp, -1994
core   0: 3 0x80008538 (0x83620613) x12 0xfffe8db6
core   0: 0x8000853c (0x36bc8117) auipc   sp, 0x36bc8
core   0: 3 0x8000853c (0x36bc8117) x 2 0xb6bd053c
core   0: 0x80008540 (0x419dd413) srai    s0, s11, 25
core   0: 3 0x80008540 (0x419dd413) x 8 0x00000000
core   0: 0x80008544 (0x01b96333) or      t1, s2, s11
core   0: 3 0x80008544 (0x01b96333) x 6 0xc4c35000
core   0: 0x80008548 (0x27a2cc93) xori    s9, t0, 634
core   0: 3 0x80008548 (0x27a2cc93) x25 0x0000027a
core   0: 0x8000854c (0x41530db3) sub     s11, t1, s5
core   0: 3 0x8000854c (0x41530db3) x27 0xc7ca1e72
core   0: 0x80008550 (0x7a51f013) andi    zero, gp, 1957
core   0: 3 0x80008550 (0x7a51f013)
core   0: 0x80008554 (0x56707d37) lui     s10, 0x56707
core   0: 3 0x80008554 (0x56707d37) x26 0x56707000
core   0: 0x80008558 (0x0050af33) slt     t5, ra, t0
core   0: 3 0x80008558 (0x0050af33) x30 0x00000000
core   0: 0x8000855c (0x01863233) sltu    tp, a2, s8
core   0: 3 0x8000855c (0x01863233) x 4 0x00000000
core   0: 0x80008560 (0xebd5b237) lui     tp, 0xebd5b
core   0: 3 0x80008560 (0xebd5b237) x 4 0xebd5b000
core   0: 0x80008564 (0x417c5e93) srai    t4, s8, 23
core   0: 3 0x80008564 (0x417c5e93) x29 0xffffff05
core   0: 0x80008568 (0x0fa77693) andi    a3, a4, 250
core   0: 3 0x80008568 (0x0fa77693) x13 0x00000060
core   0: 0x8000856c (0x01eb8433) add     s0, s7, t5
core   0: 3 0x8000856c (0x01eb8433) x 8 0xfffffbef
core   0: 0x80008570 (0x0053eeb3) or      t4, t2, t0
core   0: 3 0x80008570 (0x0053eeb3) x29 0x00000001
core   0: 0x80008574 (0x0114e9b3) or      s3, s1, a7
core   0: 3 0x80008574 (0x0114e9b3) x19 0x00000000
core   0: 0x80008578 (0x01e55933) srl     s2, a0, t5
core   0: 3 0x80008578 (0x01e55933) x18 0x00000000
core   0: 0x8000857c (0x012c14b3) sll     s1, s8, s2
core   0: 3 0x8000857c (0x012c14b3) x 9 0x82d879e1
core   0: 0x80008580 (0x78f2c3b7) lui     t2, 0x78f2c
core   0: 3 0x80008580 (0x78f2c3b7) x 7 0x78f2c000
core   0: 0x80008584 (0x372fbb13) sltiu   s6, t6, 882
core   0: 3 0x80008584 (0x372fbb13) x22 0x00000000
core   0: 0x80008588 (0x1c891b17) auipc   s6, 0x1c891
core   0: 3 0x80008588 (0x1c891b17) x22 0x9c899588
core   0: 0x8000858c (0x4111d5b3) sra     a1, gp, a7
core   0: 3 0x8000858c (0x4111d5b3) x11 0x8e11c000
core   0: 0x80008590 (0x007c5e33) srl     t3, s8, t2
core   0: 3 0x80008590 (0x007c5e33) x28 0x82d879e1
core   0: 0x80008594 (0x391ef3b7) lui     t2, 0x391ef
core   0: 3 0x80008594 (0x391ef3b7) x 7 0x391ef000
core   0: 0x80008598 (0x85e45197) auipc   gp, 0x85e45
core   0: 3 0x80008598 (0x85e45197) x 3 0x05e4d598
core   0: 0x8000859c (0x0159ff33) and     t5, s3, s5
core   0: 3 0x8000859c (0x0159ff33) x30 0x00000000
core   0: 0x800085a0 (0x00827533) and     a0, tp, s0
core   0: 3 0x800085a0 (0x00827533) x10 0xebd5b000
core   0: 0x800085a4 (0x01690d33) add     s10, s2, s6
core   0: 3 0x800085a4 (0x01690d33) x26 0x9c899588
core   0: 0x800085a8 (0x016f5633) srl     a2, t5, s6
core   0: 3 0x800085a8 (0x016f5633) x12 0x00000000
core   0: 0x800085ac (0x00c37033) and     zero, t1, a2
core   0: 3 0x800085ac (0x00c37033)
core   0: 0x800085b0 (0x016a1333) sll     t1, s4, s6
core   0: 3 0x800085b0 (0x016a1333) x 6 0x01495c00
core   0: 0x800085b4 (0x41eddc33) sra     s8, s11, t5
core   0: 3 0x800085b4 (0x41eddc33) x24 0xc7ca1e72
core   0: 0x800085b8 (0x01e642b3) xor     t0, a2, t5
core   0: 3 0x800085b8 (0x01e642b3) x 5 0x00000000
core   0: 0x800085bc (0x1adaf913) andi    s2, s5, 429
core   0: 3 0x800085bc (0x1adaf913) x18 0x0000018c
core   0: 0x800085c0 (0x00271213) slli    tp, a4, 2
core   0: 3 0x800085c0 (0x00271213) x 4 0x00043990
core   0: 0x800085c4 (0xc8412113) slti    sp, sp, -892
core   0: 3 0x800085c4 (0xc8412113) x 2 0x00000001
core   0: 0x800085c8 (0x00e6edb3) or      s11, a3, a4
core   0: 3 0x800085c8 (0x00e6edb3) x27 0x80010e64
core   0: 0x800085cc (0xee11a013) slti    zero, gp, -287
core   0: 3 0x800085cc (0xee11a013)
core   0: 0x800085d0 (0x019fcbb3) xor     s7, t6, s9
core   0: 3 0x800085d0 (0x019fcbb3) x23 0x80014e9e
core   0: 0x800085d4 (0x40c95313) srai    t1, s2, 12
core   0: 3 0x800085d4 (0x40c95313) x 6 0x00000000
core   0: 0x800085d8 (0x01ae1a93) slli    s5, t3, 26
core   0: 3 0x800085d8 (0x01ae1a93) x21 0x84000000
core   0: 0x800085dc (0x01b36f33) or      t5, t1, s11
core   0: 3 0x800085dc (0x01b36f33) x30 0x80010e64
core   0: 0x800085e0 (0x408ddc93) srai    s9, s11, 8
core   0: 3 0x800085e0 (0x408ddc93) x25 0xff80010e
core   0: 0x800085e4 (0xd8563293) sltiu   t0, a2, -635
core   0: 3 0x800085e4 (0xd8563293) x 5 0x00000001
core   0: 0x800085e8 (0x54991db7) lui     s11, 0x54991
core   0: 3 0x800085e8 (0x54991db7) x27 0x54991000
core   0: 0x800085ec (0x85eaf893) andi    a7, s5, -1954
core   0: 3 0x800085ec (0x85eaf893) x17 0x84000000
core   0: 0x800085f0 (0x01d0c0b3) xor     ra, ra, t4
core   0: 3 0x800085f0 (0x01d0c0b3) x 1 0x00000001
core   0: 0x800085f4 (0x013ade13) srli    t3, s5, 19
core   0: 3 0x800085f4 (0x013ade13) x28 0x00001080
core   0: 0x800085f8 (0x00402033) slt     zero, zero, tp
core   0: 3 0x800085f8 (0x00402033)
core   0: 0x800085fc (0xaac36f13) ori     t5, t1, -1364
core   0: 3 0x800085fc (0xaac36f13) x30 0xfffffaac
core   0: 0x80008600 (0x01a14ab3) xor     s5, sp, s10
core   0: 3 0x80008600 (0x01a14ab3) x21 0x9c899589
core   0: 0x80008604 (0x40f58c33) sub     s8, a1, a5
core   0: 3 0x80008604 (0x40f58c33) x24 0x8ec32482
core   0: 0x80008608 (0x003fc933) xor     s2, t6, gp
core   0: 3 0x80008608 (0x003fc933) x18 0x85e5997c
core   0: 0x8000860c (0x01122ab3) slt     s5, tp, a7
core   0: 3 0x8000860c (0x01122ab3) x21 0x00000000
core   0: 0x80008610 (0x00000013) nop
core   0: 3 0x80008610 (0x00000013)
core   0: 0x80008614 (0x32eb7917) auipc   s2, 0x32eb7
core   0: 3 0x80008614 (0x32eb7917) x18 0xb2ebf614
core   0: 0x80008618 (0x00cfdd93) srli    s11, t6, 12
core   0: 3 0x80008618 (0x00cfdd93) x27 0x00080014
core   0: 0x8000861c (0x00abee33) or      t3, s7, a0
core   0: 3 0x8000861c (0x00abee33) x28 0xebd5fe9e
core   0: 0x80008620 (0x00df61b3) or      gp, t5, a3
core   0: 3 0x80008620 (0x00df61b3) x 3 0xfffffaec
core   0: 0x80008624 (0x00000013) nop
core   0: 3 0x80008624 (0x00000013)
core   0: 0x80008628 (0x018665b3) or      a1, a2, s8
core   0: 3 0x80008628 (0x018665b3) x11 0x8ec32482
core   0: 0x8000862c (0x40540233) sub     tp, s0, t0
core   0: 3 0x8000862c (0x40540233) x 4 0xfffffbee
core   0: 0x80008630 (0x40fa54b3) sra     s1, s4, a5
core   0: 3 0x80008630 (0x40fa54b3) x 9 0xfffffffe
core   0: 0x80008634 (0x23e2a613) slti    a2, t0, 574
core   0: 3 0x80008634 (0x23e2a613) x12 0x00000001
core   0: 0x80008638 (0x200a3937) lui     s2, 0x200a3
core   0: 3 0x80008638 (0x200a3937) x18 0x200a3000
core   0: 0x8000863c (0xf37c6897) auipc   a7, 0xf37c6
core   0: 3 0x8000863c (0xf37c6897) x17 0x737ce63c
core   0: 0x80008640 (0x11b0f197) auipc   gp, 0x11b0f
core   0: 3 0x80008640 (0x11b0f197) x 3 0x91b17640
core   0: 0x80008644 (0x00000013) nop
core   0: 3 0x80008644 (0x00000013)
core   0: 0x80008648 (0x009996b3) sll     a3, s3, s1
core   0: 3 0x80008648 (0x009996b3) x13 0x00000000
core   0: 0x8000864c (0x01e0eeb3) or      t4, ra, t5
core   0: 3 0x8000864c (0x01e0eeb3) x29 0xfffffaad
core   0: 0x80008650 (0x01821193) slli    gp, tp, 24
core   0: 3 0x80008650 (0x01821193) x 3 0xee000000
core   0: 0x80008654 (0x00935693) srli    a3, t1, 9
core   0: 3 0x80008654 (0x00935693) x13 0x00000000
core   0: 0x80008658 (0x00be5313) srli    t1, t3, 11
core   0: 3 0x80008658 (0x00be5313) x 6 0x001d7abf
core   0: 0x8000865c (0x00ad1a93) slli    s5, s10, 10
core   0: 3 0x8000865c (0x00ad1a93) x21 0x26562000
core   0: 0x80008660 (0xd78ba613) slti    a2, s7, -648
core   0: 3 0x80008660 (0xd78ba613) x12 0x00000001
core   0: 0x80008664 (0x0144d893) srli    a7, s1, 20
core   0: 3 0x80008664 (0x0144d893) x17 0x00000fff
core   0: 0x80008668 (0x4b3103b7) lui     t2, 0x4b310
core   0: 3 0x80008668 (0x4b3103b7) x 7 0x4b310000
core   0: 0x8000866c (0x48ba7393) andi    t2, s4, 1163
core   0: 3 0x8000866c (0x48ba7393) x 7 0x00000008
core   0: 0x80008670 (0x27210913) addi    s2, sp, 626
core   0: 3 0x80008670 (0x27210913) x18 0x00000273
core   0: 0x80008674 (0x0083f5b3) and     a1, t2, s0
core   0: 3 0x80008674 (0x0083f5b3) x11 0x00000008
core   0: 0x80008678 (0x01ae9013) slli    zero, t4, 26
core   0: 3 0x80008678 (0x01ae9013)
core   0: 0x8000867c (0xc7b16817) auipc   a6, 0xc7b16
core   0: 3 0x8000867c (0xc7b16817) x16 0x47b1e67c
core   0: 0x80008680 (0x184e8b93) addi    s7, t4, 388
core   0: 3 0x80008680 (0x184e8b93) x23 0xfffffc31
core   0: 0x80008684 (0x0036dbb3) srl     s7, a3, gp
core   0: 3 0x80008684 (0x0036dbb3) x23 0x00000000
core   0: 0x80008688 (0x0aa77b93) andi    s7, a4, 170
core   0: 3 0x80008688 (0x0aa77b93) x23 0x00000020
core   0: 0x8000868c (0xa6e2aa13) slti    s4, t0, -1426
core   0: 3 0x8000868c (0xa6e2aa13) x20 0x00000000
core   0: 0x80008690 (0x01a63333) sltu    t1, a2, s10
core   0: 3 0x80008690 (0x01a63333) x 6 0x00000001
core   0: 0x80008694 (0x01269013) slli    zero, a3, 18
core   0: 3 0x80008694 (0x01269013)
core   0: 0x80008698 (0x018c7db3) and     s11, s8, s8
core   0: 3 0x80008698 (0x018c7db3) x27 0x8ec32482
core   0: 0x8000869c (0x4001da13) srai    s4, gp, 0
core   0: 3 0x8000869c (0x4001da13) x20 0xee000000
core   0: 0x800086a0 (0x414bdf13) srai    t5, s7, 20
core   0: 3 0x800086a0 (0x414bdf13) x30 0x00000000
core   0: 0x800086a4 (0x004e1533) sll     a0, t3, tp
core   0: 3 0x800086a4 (0x004e1533) x10 0x7fa78000
core   0: 0x800086a8 (0x01972a33) slt     s4, a4, s9
core   0: 3 0x800086a8 (0x01972a33) x20 0x00000001
core   0: 0x800086ac (0x02778597) auipc   a1, 0x2778
core   0: 3 0x800086ac (0x02778597) x11 0x827806ac
core   0: 0x800086b0 (0x405281b3) sub     gp, t0, t0
core   0: 3 0x800086b0 (0x405281b3) x 3 0x00000000
core   0: 0x800086b4 (0x0034db33) srl     s6, s1, gp
core   0: 3 0x800086b4 (0x0034db33) x22 0xfffffffe
core   0: 0x800086b8 (0x002de633) or      a2, s11, sp
core   0: 3 0x800086b8 (0x002de633) x12 0x8ec32483
core   0: 0x800086bc (0x008f9433) sll     s0, t6, s0
core   0: 3 0x800086bc (0x008f9433) x 8 0xa6720000
core   0: 0x800086c0 (0x4016d693) srai    a3, a3, 1
core   0: 3 0x800086c0 (0x4016d693) x13 0x00000000
core   0: 0x800086c4 (0x5137de97) auipc   t4, 0x5137d
core   0: 3 0x800086c4 (0x5137de97) x29 0xd13856c4
core   0: 0x800086c8 (0xe358a313) slti    t1, a7, -459
core   0: 3 0x800086c8 (0xe358a313) x 6 0x00000000
core   0: 0x800086cc (0xb7c7b993) sltiu   s3, a5, -1156
core   0: 3 0x800086cc (0xb7c7b993) x19 0x00000001
core   0: 0x800086d0 (0x01b00b33) add     s6, zero, s11
core   0: 3 0x800086d0 (0x01b00b33) x22 0x8ec32482
core   0: 0x800086d4 (0x0138dab3) srl     s5, a7, s3
core   0: 3 0x800086d4 (0x0138dab3) x21 0x000007ff
core   0: 0x800086d8 (0xda75c113) xori    sp, a1, -601
core   0: 3 0x800086d8 (0xda75c113) x 2 0x7d87fb0b
core   0: 0x800086dc (0x11f00393) li      t2, 287
core   0: 3 0x800086dc (0x11f00393) x 7 0x0000011f
core   0: 0x800086e0 (0x00735d13) srli    s10, t1, 7
core   0: 3 0x800086e0 (0x00735d13) x26 0x00000000
core   0: 0x800086e4 (0x333f2a13) slti    s4, t5, 819
core   0: 3 0x800086e4 (0x333f2a13) x20 0x00000001
core   0: 0x800086e8 (0x0a57c313) xori    t1, a5, 165
core   0: 3 0x800086e8 (0x0a57c313) x 6 0xff4e9bdb
core   0: 0x800086ec (0x01ef5eb3) srl     t4, t5, t5
core   0: 3 0x800086ec (0x01ef5eb3) x29 0x00000000
core   0: 0x800086f0 (0x01484c33) xor     s8, a6, s4
core   0: 3 0x800086f0 (0x01484c33) x24 0x47b1e67d
core   0: 0x800086f4 (0x00000013) nop
core   0: 3 0x800086f4 (0x00000013)
core   0: 0x800086f8 (0x41675193) srai    gp, a4, 22
core   0: 3 0x800086f8 (0x41675193) x 3 0xfffffe00
core   0: 0x800086fc (0x720b55b7) lui     a1, 0x720b5
core   0: 3 0x800086fc (0x720b55b7) x11 0x720b5000
core   0: 0x80008700 (0x00000013) nop
core   0: 3 0x80008700 (0x00000013)
core   0: 0x80008704 (0x60da7313) andi    t1, s4, 1549
core   0: 3 0x80008704 (0x60da7313) x 6 0x00000001
core   0: 0x80008708 (0x40f15913) srai    s2, sp, 15
core   0: 3 0x80008708 (0x40f15913) x18 0x0000fb0f
core   0: 0x8000870c (0x00000013) nop
core   0: 3 0x8000870c (0x00000013)
core   0: 0x80008710 (0x01f869b3) or      s3, a6, t6
core   0: 3 0x80008710 (0x01f869b3) x19 0xc7b1eefc
core   0: 0x80008714 (0x5f473913) sltiu   s2, a4, 1524
core   0: 3 0x80008714 (0x5f473913) x18 0x00000000
core   0: 0x80008718 (0x010c92b3) sll     t0, s9, a6
core   0: 3 0x80008718 (0x010c92b3) x 5 0xe0000000
core   0: 0x8000871c (0x0078d493) srli    s1, a7, 7
core   0: 3 0x8000871c (0x0078d493) x 9 0x0000001f
core   0: 0x80008720 (0x017f2333) slt     t1, t5, s7
core   0: 3 0x80008720 (0x017f2333) x 6 0x00000001
core   0: 0x80008724 (0x007fc9b3) xor     s3, t6, t2
core   0: 3 0x80008724 (0x007fc9b3) x19 0x80014dfb
core   0: 0x80008728 (0x004c74b3) and     s1, s8, tp
core   0: 3 0x80008728 (0x004c74b3) x 9 0x47b1e26c
core   0: 0x8000872c (0x00398133) add     sp, s3, gp
core   0: 3 0x8000872c (0x00398133) x 2 0x80014bfb
core   0: 0x80008730 (0x004c5233) srl     tp, s8, tp
core   0: 3 0x80008730 (0x004c5233) x 4 0x00011ec7
core   0: 0x80008734 (0x0029c3b3) xor     t2, s3, sp
core   0: 3 0x80008734 (0x0029c3b3) x 7 0x00000600
core   0: 0x80008738 (0x416dde13) srai    t3, s11, 22
core   0: 3 0x80008738 (0x416dde13) x28 0xfffffe3b
core   0: 0x8000873c (0x01fb2d33) slt     s10, s6, t6
core   0: 3 0x8000873c (0x01fb2d33) x26 0x00000000
core   0: 0x80008740 (0x62e4d617) auipc   a2, 0x62e4d
core   0: 3 0x80008740 (0x62e4d617) x12 0xe2e55740
core   0: 0x80008744 (0x01605a33) srl     s4, zero, s6
core   0: 3 0x80008744 (0x01605a33) x20 0x00000000
core   0: 0x80008748 (0x015d58b3) srl     a7, s10, s5
core   0: 3 0x80008748 (0x015d58b3) x17 0x00000000
core   0: 0x8000874c (0x5bfa0bb7) lui     s7, 0x5bfa0
core   0: 3 0x8000874c (0x5bfa0bb7) x23 0x5bfa0000
core   0: 0x80008750 (0xdfd62893) slti    a7, a2, -515
core   0: 3 0x80008750 (0xdfd62893) x17 0x00000001
core   0: 0x80008754 (0x01285133) srl     sp, a6, s2
core   0: 3 0x80008754 (0x01285133) x 2 0x47b1e67c
core   0: 0x80008758 (0x00fa2eb3) slt     t4, s4, a5
core   0: 3 0x80008758 (0x00fa2eb3) x29 0x00000000
core   0: 0x8000875c (0x011c9913) slli    s2, s9, 17
core   0: 3 0x8000875c (0x011c9913) x18 0x021c0000
core   0: 0x80008760 (0x012d7133) and     sp, s10, s2
core   0: 3 0x80008760 (0x012d7133) x 2 0x00000000
core   0: 0x80008764 (0xebdcfd17) auipc   s10, 0xebdcf
core   0: 3 0x80008764 (0xebdcfd17) x26 0x6bdd7764
core   0: 0x80008768 (0x41e55393) srai    t2, a0, 30
core   0: 3 0x80008768 (0x41e55393) x 7 0x00000001
core   0: 0x8000876c (0x012f5333) srl     t1, t5, s2
core   0: 3 0x8000876c (0x012f5333) x 6 0x00000000
core   0: 0x80008770 (0x01dad633) srl     a2, s5, t4
core   0: 3 0x80008770 (0x01dad633) x12 0x000007ff
core   0: 0x80008774 (0x00e07233) and     tp, zero, a4
core   0: 3 0x80008774 (0x00e07233) x 4 0x00000000
core   0: 0x80008778 (0x01b0b3b3) sltu    t2, ra, s11
core   0: 3 0x80008778 (0x01b0b3b3) x 7 0x00000001
core   0: 0x8000877c (0x00e86933) or      s2, a6, a4
core   0: 3 0x8000877c (0x00e86933) x18 0xc7b1ee7c
core   0: 0x80008780 (0x41449ab7) lui     s5, 0x41449
core   0: 3 0x80008780 (0x41449ab7) x21 0x41449000
core   0: 0x80008784 (0x244f4b93) xori    s7, t5, 580
core   0: 3 0x80008784 (0x244f4b93) x23 0x00000244
core   0: 0x80008788 (0x3b80e393) ori     t2, ra, 952
core   0: 3 0x80008788 (0x3b80e393) x 7 0x000003b9
core   0: 0x8000878c (0x009f93b3) sll     t2, t6, s1
core   0: 3 0x8000878c (0x009f93b3) x 7 0x14ce4000
core   0: 0x80008790 (0x01c4da93) srli    s5, s1, 28
core   0: 3 0x80008790 (0x01c4da93) x21 0x00000004
core   0: 0x80008794 (0x008ed6b3) srl     a3, t4, s0
core   0: 3 0x80008794 (0x008ed6b3) x13 0x00000000
core   0: 0x80008798 (0x7ead7993) andi    s3, s10, 2026
core   0: 3 0x80008798 (0x7ead7993) x19 0x00000760
core   0: 0x8000879c (0x41478133) sub     sp, a5, s4
core   0: 3 0x8000879c (0x41478133) x 2 0xff4e9b7e
core   0: 0x800087a0 (0xa014f113) andi    sp, s1, -1535
core   0: 3 0x800087a0 (0xa014f113) x 2 0x47b1e200
core   0: 0x800087a4 (0x41c983b3) sub     t2, s3, t3
core   0: 3 0x800087a4 (0x41c983b3) x 7 0x00000925
core   0: 0x800087a8 (0x01a3cd33) xor     s10, t2, s10
core   0: 3 0x800087a8 (0x01a3cd33) x26 0x6bdd7e41
core   0: 0x800087ac (0xa1b1ae13) slti    t3, gp, -1509
core   0: 3 0x800087ac (0xa1b1ae13) x28 0x00000000
core   0: 0x800087b0 (0x0174eeb3) or      t4, s1, s7
core   0: 3 0x800087b0 (0x0174eeb3) x29 0x47b1e26c
core   0: 0x800087b4 (0x015efbb3) and     s7, t4, s5
core   0: 3 0x800087b4 (0x015efbb3) x23 0x00000004
core   0: 0x800087b8 (0x83924293) xori    t0, tp, -1991
core   0: 3 0x800087b8 (0x83924293) x 5 0xfffff839
core   0: 0x800087bc (0x01f87f33) and     t5, a6, t6
core   0: 3 0x800087bc (0x01f87f33) x30 0x00014464
core   0: 0x800087c0 (0x4f21bf13) sltiu   t5, gp, 1266
core   0: 3 0x800087c0 (0x4f21bf13) x30 0x00000000
core   0: 0x800087c4 (0xcf870393) addi    t2, a4, -776
core   0: 3 0x800087c4 (0xcf870393) x 7 0x80010b5c
core   0: 0x800087c8 (0xf2295f17) auipc   t5, 0xf2295
core   0: 3 0x800087c8 (0xf2295f17) x30 0x7229d7c8
core   0: 0x800087cc (0xa3a56413) ori     s0, a0, -1478
core   0: 3 0x800087cc (0xa3a56413) x 8 0xfffffa3a
core   0: 0x800087d0 (0x015483b3) add     t2, s1, s5
core   0: 3 0x800087d0 (0x015483b3) x 7 0x47b1e270
core   0: 0x800087d4 (0xafb18093) addi    ra, gp, -1285
core   0: 3 0x800087d4 (0xafb18093) x 1 0xfffff8fb
core   0: 0x800087d8 (0x01ed5b33) srl     s6, s10, t5
core   0: 3 0x800087d8 (0x01ed5b33) x22 0x006bdd7e
core   0: 0x800087dc (0x01813bb3) sltu    s7, sp, s8
core   0: 3 0x800087dc (0x01813bb3) x23 0x00000001
core   0: 0x800087e0 (0x406508b3) sub     a7, a0, t1
core   0: 3 0x800087e0 (0x406508b3) x17 0x7fa78000
core   0: 0x800087e4 (0x00738533) add     a0, t2, t2
core   0: 3 0x800087e4 (0x00738533) x10 0x8f63c4e0
core   0: 0x800087e8 (0x14503f13) sltiu   t5, zero, 325
core   0: 3 0x800087e8 (0x14503f13) x30 0x00000001
core   0: 0x800087ec (0x25cf0613) addi    a2, t5, 604
core   0: 3 0x800087ec (0x25cf0613) x12 0x0000025d
core   0: 0x800087f0 (0x40e65a93) srai    s5, a2, 14
core   0: 3 0x800087f0 (0x40e65a93) x21 0x00000000
core   0: 0x800087f4 (0x09998313) addi    t1, s3, 153
core   0: 3 0x800087f4 (0x09998313) x 6 0x000007f9
core   0: 0x800087f8 (0xc286a193) slti    gp, a3, -984
core   0: 3 0x800087f8 (0xc286a193) x 3 0x00000000
core   0: 0x800087fc (0x00bf5ab3) srl     s5, t5, a1
core   0: 3 0x800087fc (0x00bf5ab3) x21 0x00000001
core   0: 0x80008800 (0x012d7f33) and     t5, s10, s2
core   0: 3 0x80008800 (0x012d7f33) x30 0x43916e40
core   0: 0x80008804 (0x40385b33) sra     s6, a6, gp
core   0: 3 0x80008804 (0x40385b33) x22 0x47b1e67c
core   0: 0x80008808 (0xa2db0cb7) lui     s9, 0xa2db0
core   0: 3 0x80008808 (0xa2db0cb7) x25 0xa2db0000
core   0: 0x8000880c (0xfe96bd97) auipc   s11, 0xfe96b
core   0: 3 0x8000880c (0xfe96bd97) x27 0x7e97380c
core   0: 0x80008810 (0x41e50633) sub     a2, a0, t5
core   0: 3 0x80008810 (0x41e50633) x12 0x4bd256a0
core   0: 0x80008814 (0x00457db3) and     s11, a0, tp
core   0: 3 0x80008814 (0x00457db3) x27 0x00000000
core   0: 0x80008818 (0xd567f313) andi    t1, a5, -682
core   0: 3 0x80008818 (0xd567f313) x 6 0xff4e9956
core   0: 0x8000881c (0x00e036b3) snez    a3, a4
core   0: 3 0x8000881c (0x00e036b3) x13 0x00000001
core   0: 0x80008820 (0x00cbd333) srl     t1, s7, a2
core   0: 3 0x80008820 (0x00cbd333) x 6 0x00000001
core   0: 0x80008824 (0x41250f33) sub     t5, a0, s2
core   0: 3 0x80008824 (0x41250f33) x30 0xc7b1d664
core   0: 0x80008828 (0x0024ff33) and     t5, s1, sp
core   0: 3 0x80008828 (0x0024ff33) x30 0x47b1e200
core   0: 0x8000882c (0x1644c613) xori    a2, s1, 356
core   0: 3 0x8000882c (0x1644c613) x12 0x47b1e308
core   0: 0x80008830 (0x01acfdb3) and     s11, s9, s10
core   0: 3 0x80008830 (0x01acfdb3) x27 0x22d90000
core   0: 0x80008834 (0x00f930b3) sltu    ra, s2, a5
core   0: 3 0x80008834 (0x00f930b3) x 1 0x00000001
core   0: 0x80008838 (0xdfceec13) ori     s8, t4, -516
core   0: 3 0x80008838 (0xdfceec13) x24 0xfffffffc
core   0: 0x8000883c (0x414cd613) srai    a2, s9, 20
core   0: 3 0x8000883c (0x414cd613) x12 0xfffffa2d
core   0: 0x80008840 (0x2a856a93) ori     s5, a0, 680
core   0: 3 0x80008840 (0x2a856a93) x21 0x8f63c6e8
core   0: 0x80008844 (0x00000013) nop
core   0: 3 0x80008844 (0x00000013)
core   0: 0x80008848 (0x70b03113) sltiu   sp, zero, 1803
core   0: 3 0x80008848 (0x70b03113) x 2 0x00000001
core   0: 0x8000884c (0x01dcb4b3) sltu    s1, s9, t4
core   0: 3 0x8000884c (0x01dcb4b3) x 9 0x00000000
core   0: 0x80008850 (0x00000013) nop
core   0: 3 0x80008850 (0x00000013)
core   0: 0x80008854 (0x2c704113) xori    sp, zero, 711
core   0: 3 0x80008854 (0x2c704113) x 2 0x000002c7
core   0: 0x80008858 (0x9c358097) auipc   ra, 0x9c358
core   0: 3 0x80008858 (0x9c358097) x 1 0x1c360858
core   0: 0x8000885c (0x00e52433) slt     s0, a0, a4
core   0: 3 0x8000885c (0x00e52433) x 8 0x00000000
core   0: 0x80008860 (0x01ed2eb3) slt     t4, s10, t5
core   0: 3 0x80008860 (0x01ed2eb3) x29 0x00000000
core   0: 0x80008864 (0x01acbbb3) sltu    s7, s9, s10
core   0: 3 0x80008864 (0x01acbbb3) x23 0x00000000
core   0: 0x80008868 (0xdd223d13) sltiu   s10, tp, -558
core   0: 3 0x80008868 (0xdd223d13) x26 0x00000001
core   0: 0x8000886c (0x00000013) nop
core   0: 3 0x8000886c (0x00000013)
core   0: 0x80008870 (0x01868533) add     a0, a3, s8
core   0: 3 0x80008870 (0x01868533) x10 0xfffffffd
core   0: 0x80008874 (0x005713b3) sll     t2, a4, t0
core   0: 3 0x80008874 (0x005713b3) x 7 0xc8000000
core   0: 0x80008878 (0x013f5993) srli    s3, t5, 19
core   0: 3 0x80008878 (0x013f5993) x19 0x000008f6
core   0: 0x8000887c (0xb786c417) auipc   s0, 0xb786c
core   0: 3 0x8000887c (0xb786c417) x 8 0x3787487c
core   0: 0x80008880 (0x413edb13) srai    s6, t4, 19
core   0: 3 0x80008880 (0x413edb13) x22 0x00000000
core   0: 0x80008884 (0x41d1de33) sra     t3, gp, t4
core   0: 3 0x80008884 (0x41d1de33) x28 0x00000000
core   0: 0x80008888 (0x01b4c0b3) xor     ra, s1, s11
core   0: 3 0x80008888 (0x01b4c0b3) x 1 0x22d90000
core   0: 0x8000888c (0x40d2d493) srai    s1, t0, 13
core   0: 3 0x8000888c (0x40d2d493) x 9 0xffffffff
core   0: 0x80008890 (0x678fe293) ori     t0, t6, 1656
core   0: 3 0x80008890 (0x678fe293) x 5 0x80014efc
core   0: 0x80008894 (0x405f5a93) srai    s5, t5, 5
core   0: 3 0x80008894 (0x405f5a93) x21 0x023d8f10
core   0: 0x80008898 (0x41e75813) srai    a6, a4, 30
core   0: 3 0x80008898 (0x41e75813) x16 0xfffffffe
core   0: 0x8000889c (0x344ab493) sltiu   s1, s5, 836
core   0: 3 0x8000889c (0x344ab493) x 9 0x00000000
core   0: 0x800088a0 (0x4acba293) slti    t0, s7, 1196
core   0: 3 0x800088a0 (0x4acba293) x 5 0x00000001
core   0: 0x800088a4 (0x012971b3) and     gp, s2, s2
core   0: 3 0x800088a4 (0x012971b3) x 3 0xc7b1ee7c
core   0: 0x800088a8 (0x41ee8633) sub     a2, t4, t5
core   0: 3 0x800088a8 (0x41ee8633) x12 0xb84e1e00
core   0: 0x800088ac (0x679afd93) andi    s11, s5, 1657
core   0: 3 0x800088ac (0x679afd93) x27 0x00000610
core   0: 0x800088b0 (0x0062bf33) sltu    t5, t0, t1
core   0: 3 0x800088b0 (0x0062bf33) x30 0x00000000
core   0: 0x800088b4 (0x00a2b033) sltu    zero, t0, a0
core   0: 3 0x800088b4 (0x00a2b033)
core   0: 0x800088b8 (0x000a5c33) srl     s8, s4, zero
core   0: 3 0x800088b8 (0x000a5c33) x24 0x00000000
core   0: 0x800088bc (0x01738433) add     s0, t2, s7
core   0: 3 0x800088bc (0x01738433) x 8 0xc8000000
core   0: 0x800088c0 (0x012fd9b3) srl     s3, t6, s2
core   0: 3 0x800088c0 (0x012fd9b3) x19 0x00000008
core   0: 0x800088c4 (0xf7a37893) andi    a7, t1, -134
core   0: 3 0x800088c4 (0xf7a37893) x17 0x00000000
core   0: 0x800088c8 (0x01852833) slt     a6, a0, s8
core   0: 3 0x800088c8 (0x01852833) x16 0x00000001
core   0: 0x800088cc (0x84323613) sltiu   a2, tp, -1981
core   0: 3 0x800088cc (0x84323613) x12 0x00000001
core   0: 0x800088d0 (0x0ad4ee13) ori     t3, s1, 173
core   0: 3 0x800088d0 (0x0ad4ee13) x28 0x000000ad
core   0: 0x800088d4 (0x1cc2e217) auipc   tp, 0x1cc2e
core   0: 3 0x800088d4 (0x1cc2e217) x 4 0x9cc368d4
core   0: 0x800088d8 (0x01655493) srli    s1, a0, 22
core   0: 3 0x800088d8 (0x01655493) x 9 0x000003ff
core   0: 0x800088dc (0x05110b93) addi    s7, sp, 81
core   0: 3 0x800088dc (0x05110b93) x23 0x00000318
core   0: 0x800088e0 (0x01e38133) add     sp, t2, t5
core   0: 3 0x800088e0 (0x01e38133) x 2 0xc8000000
core   0: 0x800088e4 (0x8bcb6513) ori     a0, s6, -1860
core   0: 3 0x800088e4 (0x8bcb6513) x10 0xfffff8bc
core   0: 0x800088e8 (0x447eceb7) lui     t4, 0x447ec
core   0: 3 0x800088e8 (0x447eceb7) x29 0x447ec000
core   0: 0x800088ec (0x712f8a13) addi    s4, t6, 1810
core   0: 3 0x800088ec (0x712f8a13) x20 0x800153f6
core   0: 0x800088f0 (0x014ceab3) or      s5, s9, s4
core   0: 3 0x800088f0 (0x014ceab3) x21 0xa2db53f6
core   0: 0x800088f4 (0x40eed613) srai    a2, t4, 14
core   0: 3 0x800088f4 (0x40eed613) x12 0x000111fb
core   0: 0x800088f8 (0x00650c33) add     s8, a0, t1
core   0: 3 0x800088f8 (0x00650c33) x24 0xfffff8bd
core   0: 0x800088fc (0x01ac5a33) srl     s4, s8, s10
core   0: 3 0x800088fc (0x01ac5a33) x20 0x7ffffc5e
core   0: 0x80008900 (0x018e1333) sll     t1, t3, s8
core   0: 3 0x80008900 (0x018e1333) x 6 0xa0000000
core   0: 0x80008904 (0x402d8233) sub     tp, s11, sp
core   0: 3 0x80008904 (0x402d8233) x 4 0x38000610
core   0: 0x80008908 (0x01f2b033) sltu    zero, t0, t6
core   0: 3 0x80008908 (0x01f2b033)
core   0: 0x8000890c (0x0120d593) srli    a1, ra, 18
core   0: 3 0x8000890c (0x0120d593) x11 0x000008b6
core   0: 0x80008910 (0x90162437) lui     s0, 0x90162
core   0: 3 0x80008910 (0x90162437) x 8 0x90162000
core   0: 0x80008914 (0x00bc93b3) sll     t2, s9, a1
core   0: 3 0x80008914 (0x00bc93b3) x 7 0x00000000
core   0: 0x80008918 (0x00c5a333) slt     t1, a1, a2
core   0: 3 0x80008918 (0x00c5a333) x 6 0x00000001
core   0: 0x8000891c (0x768e7d37) lui     s10, 0x768e7
core   0: 3 0x8000891c (0x768e7d37) x26 0x768e7000
core   0: 0x80008920 (0xb79e0593) addi    a1, t3, -1159
core   0: 3 0x80008920 (0xb79e0593) x11 0xfffffc26
core   0: 0x80008924 (0x00d55eb3) srl     t4, a0, a3
core   0: 3 0x80008924 (0x00d55eb3) x29 0x7ffffc5e
core   0: 0x80008928 (0x4139db93) srai    s7, s3, 19
core   0: 3 0x80008928 (0x4139db93) x23 0x00000000
core   0: 0x8000892c (0x000ed013) srli    zero, t4, 0
core   0: 3 0x8000892c (0x000ed013)
core   0: 0x80008930 (0x01f38433) add     s0, t2, t6
core   0: 3 0x80008930 (0x01f38433) x 8 0x80014ce4
core   0: 0x80008934 (0x405980b3) sub     ra, s3, t0
core   0: 3 0x80008934 (0x405980b3) x 1 0x00000007
core   0: 0x80008938 (0x1c9bbc97) auipc   s9, 0x1c9bb
core   0: 3 0x80008938 (0x1c9bbc97) x25 0x9c9c3938
core   0: 0x8000893c (0x8f1ff393) andi    t2, t6, -1807
core   0: 3 0x8000893c (0x8f1ff393) x 7 0x800148e0
core   0: 0x80008940 (0x72328697) auipc   a3, 0x72328
core   0: 3 0x80008940 (0x72328697) x13 0xf2330940
core   0: 0x80008944 (0x412c5593) srai    a1, s8, 18
core   0: 3 0x80008944 (0x412c5593) x11 0xffffffff
core   0: 0x80008948 (0x40095c93) srai    s9, s2, 0
core   0: 3 0x80008948 (0x40095c93) x25 0xc7b1ee7c
core   0: 0x8000894c (0x40558633) sub     a2, a1, t0
core   0: 3 0x8000894c (0x40558633) x12 0xfffffffe
core   0: 0x80008950 (0x2ddf7f17) auipc   t5, 0x2ddf7
core   0: 3 0x80008950 (0x2ddf7f17) x30 0xaddff950
core   0: 0x80008954 (0x001a4433) xor     s0, s4, ra
core   0: 3 0x80008954 (0x001a4433) x 8 0x7ffffc59
core   0: 0x80008958 (0xe9a43193) sltiu   gp, s0, -358
core   0: 3 0x80008958 (0xe9a43193) x 3 0x00000001
core   0: 0x8000895c (0x00000013) nop
core   0: 3 0x8000895c (0x00000013)
core   0: 0x80008960 (0x0076e433) or      s0, a3, t2
core   0: 3 0x80008960 (0x0076e433) x 8 0xf23349e0
core   0: 0x80008964 (0xbc19a393) slti    t2, s3, -1087
core   0: 3 0x80008964 (0xbc19a393) x 7 0x00000000
core   0: 0x80008968 (0x00e2dab3) srl     s5, t0, a4
core   0: 3 0x80008968 (0x00e2dab3) x21 0x00000000
core   0: 0x8000896c (0x01a6c433) xor     s0, a3, s10
core   0: 3 0x8000896c (0x01a6c433) x 8 0x84bd7940
core   0: 0x80008970 (0x406fd9b3) sra     s3, t6, t1
core   0: 3 0x80008970 (0x406fd9b3) x19 0xc000a672
core   0: 0x80008974 (0x4046d2b3) sra     t0, a3, tp
core   0: 3 0x80008974 (0x4046d2b3) x 5 0xfffff233
core   0: 0x80008978 (0x012cbd33) sltu    s10, s9, s2
core   0: 3 0x80008978 (0x012cbd33) x26 0x00000000
core   0: 0x8000897c (0x44183e13) sltiu   t3, a6, 1089
core   0: 3 0x8000897c (0x44183e13) x28 0x00000001
core   0: 0x80008980 (0x01236eb3) or      t4, t1, s2
core   0: 3 0x80008980 (0x01236eb3) x29 0xc7b1ee7d
core   0: 0x80008984 (0x01dd5233) srl     tp, s10, t4
core   0: 3 0x80008984 (0x01dd5233) x 4 0x00000000
core   0: 0x80008988 (0x0121acb3) slt     s9, gp, s2
core   0: 3 0x80008988 (0x0121acb3) x25 0x00000000
core   0: 0x8000898c (0x018fd8b3) srl     a7, t6, s8
core   0: 3 0x8000898c (0x018fd8b3) x17 0x00000004
core   0: 0x80008990 (0x00000013) nop
core   0: 3 0x80008990 (0x00000013)
core   0: 0x80008994 (0x558f6f13) ori     t5, t5, 1368
core   0: 3 0x80008994 (0x558f6f13) x30 0xaddffd58
core   0: 0x80008998 (0xc2ad2513) slti    a0, s10, -982
core   0: 3 0x80008998 (0xc2ad2513) x10 0x00000000
core   0: 0x8000899c (0x01fd9513) slli    a0, s11, 31
core   0: 3 0x8000899c (0x01fd9513) x10 0x00000000
core   0: 0x800089a0 (0x00693f33) sltu    t5, s2, t1
core   0: 3 0x800089a0 (0x00693f33) x30 0x00000000
core   0: 0x800089a4 (0x014e0133) add     sp, t3, s4
core   0: 3 0x800089a4 (0x014e0133) x 2 0x7ffffc5f
core   0: 0x800089a8 (0x005f1093) slli    ra, t5, 5
core   0: 3 0x800089a8 (0x005f1093) x 1 0x00000000
core   0: 0x800089ac (0x84b4a993) slti    s3, s1, -1973
core   0: 3 0x800089ac (0x84b4a993) x19 0x00000000
core   0: 0x800089b0 (0x010ab133) sltu    sp, s5, a6
core   0: 3 0x800089b0 (0x010ab133) x 2 0x00000001
core   0: 0x800089b4 (0x3bed8493) addi    s1, s11, 958
core   0: 3 0x800089b4 (0x3bed8493) x 9 0x000009ce
core   0: 0x800089b8 (0xced04f13) xori    t5, zero, -787
core   0: 3 0x800089b8 (0xced04f13) x30 0xfffffced
core   0: 0x800089bc (0x00b37333) and     t1, t1, a1
core   0: 3 0x800089bc (0x00b37333) x 6 0x00000001
core   0: 0x800089c0 (0x532c6413) ori     s0, s8, 1330
core   0: 3 0x800089c0 (0x532c6413) x 8 0xfffffdbf
core   0: 0x800089c4 (0x6624fe93) andi    t4, s1, 1634
core   0: 3 0x800089c4 (0x6624fe93) x29 0x00000042
core   0: 0x800089c8 (0x004bfeb3) and     t4, s7, tp
core   0: 3 0x800089c8 (0x004bfeb3) x29 0x00000000
core   0: 0x800089cc (0x00f3de33) srl     t3, t2, a5
core   0: 3 0x800089cc (0x00f3de33) x28 0x00000000
core   0: 0x800089d0 (0x5c384f13) xori    t5, a6, 1475
core   0: 3 0x800089d0 (0x5c384f13) x30 0x000005c2
core   0: 0x800089d4 (0x00b684b3) add     s1, a3, a1
core   0: 3 0x800089d4 (0x00b684b3) x 9 0xf233093f
core   0: 0x800089d8 (0x010196b3) sll     a3, gp, a6
core   0: 3 0x800089d8 (0x010196b3) x13 0x00000002
core   0: 0x800089dc (0x898509b7) lui     s3, 0x89850
core   0: 3 0x800089dc (0x898509b7) x19 0x89850000
core   0: 0x800089e0 (0x005f31b3) sltu    gp, t5, t0
core   0: 3 0x800089e0 (0x005f31b3) x 3 0x00000001
core   0: 0x800089e4 (0x00043933) sltu    s2, s0, zero
core   0: 3 0x800089e4 (0x00043933) x18 0x00000000
core   0: 0x800089e8 (0x01f47eb3) and     t4, s0, t6
core   0: 3 0x800089e8 (0x01f47eb3) x29 0x80014ca4
core   0: 0x800089ec (0x41ed5db3) sra     s11, s10, t5
core   0: 3 0x800089ec (0x41ed5db3) x27 0x00000000
core   0: 0x800089f0 (0x0157b5b3) sltu    a1, a5, s5
core   0: 3 0x800089f0 (0x0157b5b3) x11 0x00000000
core   0: 0x800089f4 (0x879f2813) slti    a6, t5, -1927
core   0: 3 0x800089f4 (0x879f2813) x16 0x00000000
core   0: 0x800089f8 (0x00d79193) slli    gp, a5, 13
core   0: 3 0x800089f8 (0x00d79193) x 3 0xd36fc000
core   0: 0x800089fc (0x2934bb13) sltiu   s6, s1, 659
core   0: 3 0x800089fc (0x2934bb13) x22 0x00000000
core   0: 0x80008a00 (0x010aeb33) or      s6, s5, a6
core   0: 3 0x80008a00 (0x010aeb33) x22 0x00000000
core   0: 0x80008a04 (0x41f4d093) srai    ra, s1, 31
core   0: 3 0x80008a04 (0x41f4d093) x 1 0xffffffff
core   0: 0x80008a08 (0x009442b3) xor     t0, s0, s1
core   0: 3 0x80008a08 (0x009442b3) x 5 0x0dccf480
core   0: 0x80008a0c (0x4186d693) srai    a3, a3, 24
core   0: 3 0x80008a0c (0x4186d693) x13 0x00000000
core   0: 0x80008a10 (0x41270833) sub     a6, a4, s2
core   0: 3 0x80008a10 (0x41270833) x16 0x80010e64
core   0: 0x80008a14 (0x01a77133) and     sp, a4, s10
core   0: 3 0x80008a14 (0x01a77133) x 2 0x00000000
core   0: 0x80008a18 (0x41eb5433) sra     s0, s6, t5
core   0: 3 0x80008a18 (0x41eb5433) x 8 0x00000000
core   0: 0x80008a1c (0x049c4393) xori    t2, s8, 73
core   0: 3 0x80008a1c (0x049c4393) x 7 0xfffff8f4
core   0: 0x80008a20 (0x015314b3) sll     s1, t1, s5
core   0: 3 0x80008a20 (0x015314b3) x 9 0x00000001
core   0: 0x80008a24 (0x00b723b3) slt     t2, a4, a1
core   0: 3 0x80008a24 (0x00b723b3) x 7 0x00000001
core   0: 0x80008a28 (0x011c75b3) and     a1, s8, a7
core   0: 3 0x80008a28 (0x011c75b3) x11 0x00000004
core   0: 0x80008a2c (0x3f643d93) sltiu   s11, s0, 1014
core   0: 3 0x80008a2c (0x3f643d93) x27 0x00000001
core   0: 0x80008a30 (0x00e9db33) srl     s6, s3, a4
core   0: 3 0x80008a30 (0x00e9db33) x22 0x08985000
core   0: 0x80008a34 (0x018c6b33) or      s6, s8, s8
core   0: 3 0x80008a34 (0x018c6b33) x22 0xfffff8bd
core   0: 0x80008a38 (0xe1c2c093) xori    ra, t0, -484
core   0: 3 0x80008a38 (0xe1c2c093) x 1 0xf2330a9c
core   0: 0x80008a3c (0x40e15d93) srai    s11, sp, 14
core   0: 3 0x80008a3c (0x40e15d93) x27 0x00000000
core   0: 0x80008a40 (0x00000013) nop
core   0: 3 0x80008a40 (0x00000013)
core   0: 0x80008a44 (0xcce11a37) lui     s4, 0xcce11
core   0: 3 0x80008a44 (0xcce11a37) x20 0xcce11000
core   0: 0x80008a48 (0x53b87d13) andi    s10, a6, 1339
core   0: 3 0x80008a48 (0x53b87d13) x26 0x00000420
core   0: 0x80008a4c (0x01d91933) sll     s2, s2, t4
core   0: 3 0x80008a4c (0x01d91933) x18 0x00000000
core   0: 0x80008a50 (0x38da9097) auipc   ra, 0x38da9
core   0: 3 0x80008a50 (0x38da9097) x 1 0xb8db1a50
core   0: 0x80008a54 (0x2667b393) sltiu   t2, a5, 614
core   0: 3 0x80008a54 (0x2667b393) x 7 0x00000000
core   0: 0x80008a58 (0x001a9d13) slli    s10, s5, 1
core   0: 3 0x80008a58 (0x001a9d13) x26 0x00000000
core   0: 0x80008a5c (0x07b9bf17) auipc   t5, 0x7b9b
core   0: 3 0x80008a5c (0x07b9bf17) x30 0x87ba3a5c
core   0: 0x80008a60 (0xd0b8eb93) ori     s7, a7, -757
core   0: 3 0x80008a60 (0xd0b8eb93) x23 0xfffffd0f
core   0: 0x80008a64 (0x0cda7397) auipc   t2, 0xcda7
core   0: 3 0x80008a64 (0x0cda7397) x 7 0x8cdafa64
core   0: 0x80008a68 (0x406558b3) sra     a7, a0, t1
core   0: 3 0x80008a68 (0x406558b3) x17 0x00000000
core   0: 0x80008a6c (0x564af293) andi    t0, s5, 1380
core   0: 3 0x80008a6c (0x564af293) x 5 0x00000000
core   0: 0x80008a70 (0x404d0bb3) sub     s7, s10, tp
core   0: 3 0x80008a70 (0x404d0bb3) x23 0x00000000
core   0: 0x80008a74 (0x01b3dd93) srli    s11, t2, 27
core   0: 3 0x80008a74 (0x01b3dd93) x27 0x00000011
core   0: 0x80008a78 (0x012cda33) srl     s4, s9, s2
core   0: 3 0x80008a78 (0x012cda33) x20 0x00000000
core   0: 0x80008a7c (0x00e4f5b3) and     a1, s1, a4
core   0: 3 0x80008a7c (0x00e4f5b3) x11 0x00000000
core   0: 0x80008a80 (0x3faa2193) slti    gp, s4, 1018
core   0: 3 0x80008a80 (0x3faa2193) x 3 0x00000001
core   0: 0x80008a84 (0x00e8d6b3) srl     a3, a7, a4
core   0: 3 0x80008a84 (0x00e8d6b3) x13 0x00000000
core   0: 0x80008a88 (0x00b3dd33) srl     s10, t2, a1
core   0: 3 0x80008a88 (0x00b3dd33) x26 0x8cdafa64
core   0: 0x80008a8c (0x2fca2b93) slti    s7, s4, 764
core   0: 3 0x80008a8c (0x2fca2b93) x23 0x00000001
core   0: 0x80008a90 (0x00000013) nop
core   0: 3 0x80008a90 (0x00000013)
core   0: 0x80008a94 (0x784acc13) xori    s8, s5, 1924
core   0: 3 0x80008a94 (0x784acc13) x24 0x00000784
core   0: 0x80008a98 (0x006f8d33) add     s10, t6, t1
core   0: 3 0x80008a98 (0x006f8d33) x26 0x80014ce5
core   0: 0x80008a9c (0x41eed3b3) sra     t2, t4, t5
core   0: 3 0x80008a9c (0x41eed3b3) x 7 0xfffffff8
core   0: 0x80008aa0 (0x00dc3233) sltu    tp, s8, a3
core   0: 3 0x80008aa0 (0x00dc3233) x 4 0x00000000
core   0: 0x80008aa4 (0x40015433) sra     s0, sp, zero
core   0: 3 0x80008aa4 (0x40015433) x 8 0x00000000
core   0: 0x80008aa8 (0x00817133) and     sp, sp, s0
core   0: 3 0x80008aa8 (0x00817133) x 2 0x00000000
core   0: 0x80008aac (0x007216b3) sll     a3, tp, t2
core   0: 3 0x80008aac (0x007216b3) x13 0x00000000
core   0: 0x80008ab0 (0xaea7df37) lui     t5, 0xaea7d
core   0: 3 0x80008ab0 (0xaea7df37) x30 0xaea7d000
core   0: 0x80008ab4 (0x84acc213) xori    tp, s9, -1974
core   0: 3 0x80008ab4 (0x84acc213) x 4 0xfffff84a
core   0: 0x80008ab8 (0xee8bf817) auipc   a6, 0xee8bf
core   0: 3 0x80008ab8 (0xee8bf817) x16 0x6e8c7ab8
core   0: 0x80008abc (0x01955b33) srl     s6, a0, s9
core   0: 3 0x80008abc (0x01955b33) x22 0x00000000
core   0: 0x80008ac0 (0x00df0cb3) add     s9, t5, a3
core   0: 3 0x80008ac0 (0x00df0cb3) x25 0xaea7d000
core   0: 0x80008ac4 (0x00000013) nop
core   0: 3 0x80008ac4 (0x00000013)
core   0: 0x80008ac8 (0x01a25593) srli    a1, tp, 26
core   0: 3 0x80008ac8 (0x01a25593) x11 0x0000003f
core   0: 0x80008acc (0x008ef233) and     tp, t4, s0
core   0: 3 0x80008acc (0x008ef233) x 4 0x00000000
core   0: 0x80008ad0 (0x01fc6f33) or      t5, s8, t6
core   0: 3 0x80008ad0 (0x01fc6f33) x30 0x80014fe4
core   0: 0x80008ad4 (0x0134a533) slt     a0, s1, s3
core   0: 3 0x80008ad4 (0x0134a533) x10 0x00000000
core   0: 0x80008ad8 (0x094edcb7) lui     s9, 0x94ed
core   0: 3 0x80008ad8 (0x094edcb7) x25 0x094ed000
core   0: 0x80008adc (0x00389d13) slli    s10, a7, 3
core   0: 3 0x80008adc (0x00389d13) x26 0x00000000
core   0: 0x80008ae0 (0x5baff413) andi    s0, t6, 1466
core   0: 3 0x80008ae0 (0x5baff413) x 8 0x000004a0
core   0: 0x80008ae4 (0x009bba33) sltu    s4, s7, s1
core   0: 3 0x80008ae4 (0x009bba33) x20 0x00000000
core   0: 0x80008ae8 (0x00c4a2b3) slt     t0, s1, a2
core   0: 3 0x80008ae8 (0x00c4a2b3) x 5 0x00000000
core   0: 0x80008aec (0x4b38f113) andi    sp, a7, 1203
core   0: 3 0x80008aec (0x4b38f113) x 2 0x00000000
core   0: 0x80008af0 (0x017d5013) srli    zero, s10, 23
core   0: 3 0x80008af0 (0x017d5013)
core   0: 0x80008af4 (0x482f0813) addi    a6, t5, 1154
core   0: 3 0x80008af4 (0x482f0813) x16 0x80015466
core   0: 0x80008af8 (0x01788ab3) add     s5, a7, s7
core   0: 3 0x80008af8 (0x01788ab3) x21 0x00000001
core   0: 0x80008afc (0xf725c413) xori    s0, a1, -142
core   0: 3 0x80008afc (0xf725c413) x 8 0xffffff4d
core   0: 0x80008b00 (0x0f987b13) andi    s6, a6, 249
core   0: 3 0x80008b00 (0x0f987b13) x22 0x00000060
core   0: 0x80008b04 (0xf8fd2413) slti    s0, s10, -113
core   0: 3 0x80008b04 (0xf8fd2413) x 8 0x00000000
core   0: 0x80008b08 (0x0045c0b3) xor     ra, a1, tp
core   0: 3 0x80008b08 (0x0045c0b3) x 1 0x0000003f
core   0: 0x80008b0c (0x00a3f233) and     tp, t2, a0
core   0: 3 0x80008b0c (0x00a3f233) x 4 0x00000000
core   0: 0x80008b10 (0x41f45313) srai    t1, s0, 31
core   0: 3 0x80008b10 (0x41f45313) x 6 0x00000000
core   0: 0x80008b14 (0xed308213) addi    tp, ra, -301
core   0: 3 0x80008b14 (0xed308213) x 4 0xffffff12
core   0: 0x80008b18 (0x40bf8333) sub     t1, t6, a1
core   0: 3 0x80008b18 (0x40bf8333) x 6 0x80014ca5
core   0: 0x80008b1c (0x4114d413) srai    s0, s1, 17
core   0: 3 0x80008b1c (0x4114d413) x 8 0x00000000
core   0: 0x80008b20 (0x00e0feb3) and     t4, ra, a4
core   0: 3 0x80008b20 (0x00e0feb3) x29 0x00000024
core   0: 0x80008b24 (0xcb384993) xori    s3, a6, -845
core   0: 3 0x80008b24 (0xcb384993) x19 0x7ffea8d5
core   0: 0x80008b28 (0x018c4433) xor     s0, s8, s8
core   0: 3 0x80008b28 (0x018c4433) x 8 0x00000000
core   0: 0x80008b2c (0x0cc56313) ori     t1, a0, 204
core   0: 3 0x80008b2c (0x0cc56313) x 6 0x000000cc
core   0: 0x80008b30 (0x01d8d113) srli    sp, a7, 29
core   0: 3 0x80008b30 (0x01d8d113) x 2 0x00000000
core   0: 0x80008b34 (0x418fd113) srai    sp, t6, 24
core   0: 3 0x80008b34 (0x418fd113) x 2 0xffffff80
core   0: 0x80008b38 (0x402152b3) sra     t0, sp, sp
core   0: 3 0x80008b38 (0x402152b3) x 5 0xffffff80
core   0: 0x80008b3c (0x0183f4b3) and     s1, t2, s8
core   0: 3 0x80008b3c (0x0183f4b3) x 9 0x00000780
core   0: 0x80008b40 (0x0169e033) or      zero, s3, s6
core   0: 3 0x80008b40 (0x0169e033)
core   0: 0x80008b44 (0x00d2d313) srli    t1, t0, 13
core   0: 3 0x80008b44 (0x00d2d313) x 6 0x0007ffff
core   0: 0x80008b48 (0xb32ebb93) sltiu   s7, t4, -1230
core   0: 3 0x80008b48 (0xb32ebb93) x23 0x00000001
core   0: 0x80008b4c (0x01f05833) srl     a6, zero, t6
core   0: 3 0x80008b4c (0x01f05833) x16 0x00000000
core   0: 0x80008b50 (0x00c115b3) sll     a1, sp, a2
core   0: 3 0x80008b50 (0x00c115b3) x11 0x00000000
core   0: 0x80008b54 (0x400f5f13) srai    t5, t5, 0
core   0: 3 0x80008b54 (0x400f5f13) x30 0x80014fe4
core   0: 0x80008b58 (0x009162b3) or      t0, sp, s1
core   0: 3 0x80008b58 (0x009162b3) x 5 0xffffff80
core   0: 0x80008b5c (0x585f4113) xori    sp, t5, 1413
core   0: 3 0x80008b5c (0x585f4113) x 2 0x80014a61
core   0: 0x80008b60 (0x41308933) sub     s2, ra, s3
core   0: 3 0x80008b60 (0x41308933) x18 0x8001576a
core   0: 0x80008b64 (0x1a2fad93) slti    s11, t6, 418
core   0: 3 0x80008b64 (0x1a2fad93) x27 0x00000001
core   0: 0x80008b68 (0x019b1ab3) sll     s5, s6, s9
core   0: 3 0x80008b68 (0x019b1ab3) x21 0x00000060
core   0: 0x80008b6c (0x62603f13) sltiu   t5, zero, 1574
core   0: 3 0x80008b6c (0x62603f13) x30 0x00000001
core   0: 0x80008b70 (0xad377c13) andi    s8, a4, -1325
core   0: 3 0x80008b70 (0xad377c13) x24 0x80010a40
core   0: 0x80008b74 (0xf5297617) auipc   a2, 0xf5297
core   0: 3 0x80008b74 (0xf5297617) x12 0x7529fb74
core   0: 0x80008b78 (0xad813513) sltiu   a0, sp, -1320
core   0: 3 0x80008b78 (0xad813513) x10 0x00000001
core   0: 0x80008b7c (0x874a4117) auipc   sp, 0x874a4
core   0: 3 0x80008b7c (0x874a4117) x 2 0x074acb7c
core   0: 0x80008b80 (0x0161f2b3) and     t0, gp, s6
core   0: 3 0x80008b80 (0x0161f2b3) x 5 0x00000000
core   0: 0x80008b84 (0x00536533) or      a0, t1, t0
core   0: 3 0x80008b84 (0x00536533) x10 0x0007ffff
core   0: 0x80008b88 (0x00e112b3) sll     t0, sp, a4
core   0: 3 0x80008b88 (0x00e112b3) x 5 0x74acb7c0
core   0: 0x80008b8c (0x01a91513) slli    a0, s2, 26
core   0: 3 0x80008b8c (0x01a91513) x10 0xa8000000
core   0: 0x80008b90 (0x00b73a33) sltu    s4, a4, a1
core   0: 3 0x80008b90 (0x00b73a33) x20 0x00000000
core   0: 0x80008b94 (0x52670113) addi    sp, a4, 1318
core   0: 3 0x80008b94 (0x52670113) x 2 0x8001138a
core   0: 0x80008b98 (0x00e255b3) srl     a1, tp, a4
core   0: 3 0x80008b98 (0x00e255b3) x11 0x0ffffff1
core   0: 0x80008b9c (0xa22cb293) sltiu   t0, s9, -1502
core   0: 3 0x80008b9c (0xa22cb293) x 5 0x00000001
core   0: 0x80008ba0 (0xb7c1c193) xori    gp, gp, -1156
core   0: 3 0x80008ba0 (0xb7c1c193) x 3 0xfffffb7d
core   0: 0x80008ba4 (0x01589213) slli    tp, a7, 21
core   0: 3 0x80008ba4 (0x01589213) x 4 0x00000000
core   0: 0x80008ba8 (0x005d1b93) slli    s7, s10, 5
core   0: 3 0x80008ba8 (0x005d1b93) x23 0x00000000
core   0: 0x80008bac (0x01f65c33) srl     s8, a2, t6
core   0: 3 0x80008bac (0x01f65c33) x24 0x07529fb7
core   0: 0x80008bb0 (0x4115d613) srai    a2, a1, 17
core   0: 3 0x80008bb0 (0x4115d613) x12 0x000007ff
core   0: 0x80008bb4 (0x01d4cc33) xor     s8, s1, t4
core   0: 3 0x80008bb4 (0x01d4cc33) x24 0x000007a4
core   0: 0x80008bb8 (0x00f8a2b3) slt     t0, a7, a5
core   0: 3 0x80008bb8 (0x00f8a2b3) x 5 0x00000000
core   0: 0x80008bbc (0x001325b3) slt     a1, t1, ra
core   0: 3 0x80008bbc (0x001325b3) x11 0x00000000
core   0: 0x80008bc0 (0x01bfed33) or      s10, t6, s11
core   0: 3 0x80008bc0 (0x01bfed33) x26 0x80014ce5
core   0: 0x80008bc4 (0x007615b3) sll     a1, a2, t2
core   0: 3 0x80008bc4 (0x007615b3) x11 0xff000000
core   0: 0x80008bc8 (0x00000013) nop
core   0: 3 0x80008bc8 (0x00000013)
core   0: 0x80008bcc (0x01b0e833) or      a6, ra, s11
core   0: 3 0x80008bcc (0x01b0e833) x16 0x0000003f
core   0: 0x80008bd0 (0x001d9bb3) sll     s7, s11, ra
core   0: 3 0x80008bd0 (0x001d9bb3) x23 0x80000000
core   0: 0x80008bd4 (0xde5df693) andi    a3, s11, -539
core   0: 3 0x80008bd4 (0xde5df693) x13 0x00000001
core   0: 0x80008bd8 (0xe0223613) sltiu   a2, tp, -510
core   0: 3 0x80008bd8 (0xe0223613) x12 0x00000001
core   0: 0x80008bdc (0x01a8e533) or      a0, a7, s10
core   0: 3 0x80008bdc (0x01a8e533) x10 0x80014ce5
core   0: 0x80008be0 (0x018fa533) slt     a0, t6, s8
core   0: 3 0x80008be0 (0x018fa533) x10 0x00000001
core   0: 0x80008be4 (0x0096eab3) or      s5, a3, s1
core   0: 3 0x80008be4 (0x0096eab3) x21 0x00000781
core   0: 0x80008be8 (0x41cb55b3) sra     a1, s6, t3
core   0: 3 0x80008be8 (0x41cb55b3) x11 0x00000060
core   0: 0x80008bec (0x40845f13) srai    t5, s0, 8
core   0: 3 0x80008bec (0x40845f13) x30 0x00000000
core   0: 0x80008bf0 (0x00b22933) slt     s2, tp, a1
core   0: 3 0x80008bf0 (0x00b22933) x18 0x00000001
core   0: 0x80008bf4 (0x40e90833) sub     a6, s2, a4
core   0: 3 0x80008bf4 (0x40e90833) x16 0x7ffef19d
core   0: 0x80008bf8 (0x004311b3) sll     gp, t1, tp
core   0: 3 0x80008bf8 (0x004311b3) x 3 0x0007ffff
core   0: 0x80008bfc (0x004682b3) add     t0, a3, tp
core   0: 3 0x80008bfc (0x004682b3) x 5 0x00000001
core   0: 0x80008c00 (0xa73e7993) andi    s3, t3, -1421
core   0: 3 0x80008c00 (0xa73e7993) x19 0x00000000
core   0: 0x80008c04 (0x004135b3) sltu    a1, sp, tp
core   0: 3 0x80008c04 (0x004135b3) x11 0x00000000
core   0: 0x80008c08 (0x01f0b233) sltu    tp, ra, t6
core   0: 3 0x80008c08 (0x01f0b233) x 4 0x00000001
core   0: 0x80008c0c (0x019f3d33) sltu    s10, t5, s9
core   0: 3 0x80008c0c (0x019f3d33) x26 0x00000001
core   0: 0x80008c10 (0x01f53cb3) sltu    s9, a0, t6
core   0: 3 0x80008c10 (0x01f53cb3) x25 0x00000001
core   0: 0x80008c14 (0x0159dc33) srl     s8, s3, s5
core   0: 3 0x80008c14 (0x0159dc33) x24 0x00000000
core   0: 0x80008c18 (0x09783037) lui     zero, 0x9783
core   0: 3 0x80008c18 (0x09783037)
core   0: 0x80008c1c (0x01749e93) slli    t4, s1, 23
core   0: 3 0x80008c1c (0x01749e93) x29 0xc0000000
core   0: 0x80008c20 (0x41cf02b3) sub     t0, t5, t3
core   0: 3 0x80008c20 (0x41cf02b3) x 5 0x00000000
core   0: 0x80008c24 (0xd872e193) ori     gp, t0, -633
core   0: 3 0x80008c24 (0xd872e193) x 3 0xfffffd87
core   0: 0x80008c28 (0x008504b3) add     s1, a0, s0
core   0: 3 0x80008c28 (0x008504b3) x 9 0x00000001
core   0: 0x80008c2c (0x01f3f3b3) and     t2, t2, t6
core   0: 3 0x80008c2c (0x01f3f3b3) x 7 0x80014ce0
core   0: 0x80008c30 (0x42bdf393) andi    t2, s11, 1067
core   0: 3 0x80008c30 (0x42bdf393) x 7 0x00000001
core   0: 0x80008c34 (0x0037c3b3) xor     t2, a5, gp
core   0: 3 0x80008c34 (0x0037c3b3) x 7 0x00b166f9
core   0: 0x80008c38 (0x015ad233) srl     tp, s5, s5
core   0: 3 0x80008c38 (0x015ad233) x 4 0x000003c0
core   0: 0x80008c3c (0x00ade8b3) or      a7, s11, a0
core   0: 3 0x80008c3c (0x00ade8b3) x17 0x00000001
core   0: 0x80008c40 (0xc560c513) xori    a0, ra, -938
core   0: 3 0x80008c40 (0xc560c513) x10 0xfffffc69
core   0: 0x80008c44 (0x06a9de37) lui     t3, 0x6a9d
core   0: 3 0x80008c44 (0x06a9de37) x28 0x06a9d000
core   0: 0x80008c48 (0x01ad1e13) slli    t3, s10, 26
core   0: 3 0x80008c48 (0x01ad1e13) x28 0x04000000
core   0: 0x80008c4c (0x016606b3) add     a3, a2, s6
core   0: 3 0x80008c4c (0x016606b3) x13 0x00000061
core   0: 0x80008c50 (0x50950613) addi    a2, a0, 1289
core   0: 3 0x80008c50 (0x50950613) x12 0x00000172
core   0: 0x80008c54 (0x40405c33) sra     s8, zero, tp
core   0: 3 0x80008c54 (0x40405c33) x24 0x00000000
core   0: 0x80008c58 (0x0064b9b3) sltu    s3, s1, t1
core   0: 3 0x80008c58 (0x0064b9b3) x19 0x00000001
core   0: 0x80008c5c (0x40b4d1b3) sra     gp, s1, a1
core   0: 3 0x80008c5c (0x40b4d1b3) x 3 0x00000001
core   0: 0x80008c60 (0x015a5433) srl     s0, s4, s5
core   0: 3 0x80008c60 (0x015a5433) x 8 0x00000000
core   0: 0x80008c64 (0x34123e17) auipc   t3, 0x34123
core   0: 3 0x80008c64 (0x34123e17) x28 0xb412bc64
core   0: 0x80008c68 (0x40386a93) ori     s5, a6, 1027
core   0: 3 0x80008c68 (0x40386a93) x21 0x7ffef59f
core   0: 0x80008c6c (0x0bb13993) sltiu   s3, sp, 187
core   0: 3 0x80008c6c (0x0bb13993) x19 0x00000000
core   0: 0x80008c70 (0x00549633) sll     a2, s1, t0
core   0: 3 0x80008c70 (0x00549633) x12 0x00000001
core   0: 0x80008c74 (0x1508c913) xori    s2, a7, 336
core   0: 3 0x80008c74 (0x1508c913) x18 0x00000151
core   0: 0x80008c78 (0x01301293) slli    t0, zero, 19
core   0: 3 0x80008c78 (0x01301293) x 5 0x00000000
core   0: 0x80008c7c (0x404d8133) sub     sp, s11, tp
core   0: 3 0x80008c7c (0x404d8133) x 2 0xfffffc41
core   0: 0x80008c80 (0x002fce33) xor     t3, t6, sp
core   0: 3 0x80008c80 (0x002fce33) x28 0x7ffeb0a5
core   0: 0x80008c84 (0x00c69b13) slli    s6, a3, 12
core   0: 3 0x80008c84 (0x00c69b13) x22 0x00061000
core   0: 0x80008c88 (0x0132d333) srl     t1, t0, s3
core   0: 3 0x80008c88 (0x0132d333) x 6 0x00000000
core   0: 0x80008c8c (0x0a3a7a93) andi    s5, s4, 163
core   0: 3 0x80008c8c (0x0a3a7a93) x21 0x00000000
core   0: 0x80008c90 (0x010e9033) sll     zero, t4, a6
core   0: 3 0x80008c90 (0x010e9033)
core   0: 0x80008c94 (0xbfd17ab7) lui     s5, 0xbfd17
core   0: 3 0x80008c94 (0xbfd17ab7) x21 0xbfd17000
core   0: 0x80008c98 (0x00fe93b3) sll     t2, t4, a5
core   0: 3 0x80008c98 (0x00fe93b3) x 7 0x00000000
core   0: 0x80008c9c (0x0032eb33) or      s6, t0, gp
core   0: 3 0x80008c9c (0x0032eb33) x22 0x00000001
core   0: 0x80008ca0 (0x412ad033) sra     zero, s5, s2
core   0: 3 0x80008ca0 (0x412ad033)
core   0: 0x80008ca4 (0x00731b33) sll     s6, t1, t2
core   0: 3 0x80008ca4 (0x00731b33) x22 0x00000000
core   0: 0x80008ca8 (0x34fa7513) andi    a0, s4, 847
core   0: 3 0x80008ca8 (0x34fa7513) x10 0x00000000
core   0: 0x80008cac (0x415ddc33) sra     s8, s11, s5
core   0: 3 0x80008cac (0x415ddc33) x24 0x00000001
core   0: 0x80008cb0 (0xe347ca13) xori    s4, a5, -460
core   0: 3 0x80008cb0 (0xe347ca13) x20 0x00b1654a
core   0: 0x80008cb4 (0x0179cd33) xor     s10, s3, s7
core   0: 3 0x80008cb4 (0x0179cd33) x26 0x80000000
core   0: 0x80008cb8 (0x0c9f8693) addi    a3, t6, 201
core   0: 3 0x80008cb8 (0x0c9f8693) x13 0x80014dad
core   0: 0x80008cbc (0x0161ecb3) or      s9, gp, s6
core   0: 3 0x80008cbc (0x0161ecb3) x25 0x00000001
core   0: 0x80008cc0 (0xd10dc197) auipc   gp, 0xd10dc
core   0: 3 0x80008cc0 (0xd10dc197) x 3 0x510e4cc0
core   0: 0x80008cc4 (0xb9c80397) auipc   t2, 0xb9c80
core   0: 3 0x80008cc4 (0xb9c80397) x 7 0x39c88cc4
core   0: 0x80008cc8 (0x01377933) and     s2, a4, s3
core   0: 3 0x80008cc8 (0x01377933) x18 0x00000000
core   0: 0x80008ccc (0x0096edb3) or      s11, a3, s1
core   0: 3 0x80008ccc (0x0096edb3) x27 0x80014dad
core   0: 0x80008cd0 (0x00a86533) or      a0, a6, a0
core   0: 3 0x80008cd0 (0x00a86533) x10 0x7ffef19d
core   0: 0x80008cd4 (0xf5a0b617) auipc   a2, 0xf5a0b
core   0: 3 0x80008cd4 (0xf5a0b617) x12 0x75a13cd4
core   0: 0x80008cd8 (0x0181d0b3) srl     ra, gp, s8
core   0: 3 0x80008cd8 (0x0181d0b3) x 1 0x28872660
core   0: 0x80008cdc (0x91d8f897) auipc   a7, 0x91d8f
core   0: 3 0x80008cdc (0x91d8f897) x17 0x11d97cdc
core   0: 0x80008ce0 (0x00efa533) slt     a0, t6, a4
core   0: 3 0x80008ce0 (0x00efa533) x10 0x00000000
core   0: 0x80008ce4 (0x005e19b3) sll     s3, t3, t0
core   0: 3 0x80008ce4 (0x005e19b3) x19 0x7ffeb0a5
core   0: 0x80008ce8 (0x018f7033) and     zero, t5, s8
core   0: 3 0x80008ce8 (0x018f7033)
core   0: 0x80008cec (0xe00fa613) slti    a2, t6, -512
core   0: 3 0x80008cec (0xe00fa613) x12 0x00000001
core   0: 0x80008cf0 (0x17c5d597) auipc   a1, 0x17c5d
core   0: 3 0x80008cf0 (0x17c5d597) x11 0x97c65cf0
core   0: 0x80008cf4 (0x00d48b33) add     s6, s1, a3
core   0: 3 0x80008cf4 (0x00d48b33) x22 0x80014dae
core   0: 0x80008cf8 (0x8f0beb93) ori     s7, s7, -1808
core   0: 3 0x80008cf8 (0x8f0beb93) x23 0xfffff8f0
core   0: 0x80008cfc (0x40875933) sra     s2, a4, s0
core   0: 3 0x80008cfc (0x40875933) x18 0x80010e64
core   0: 0x80008d00 (0x01e6d6b3) srl     a3, a3, t5
core   0: 3 0x80008d00 (0x01e6d6b3) x13 0x80014dad
core   0: 0x80008d04 (0x015bcd33) xor     s10, s7, s5
core   0: 3 0x80008d04 (0x015bcd33) x26 0x402e88f0
core   0: 0x80008d08 (0x160bbe37) lui     t3, 0x160bb
core   0: 3 0x80008d08 (0x160bbe37) x28 0x160bb000
core   0: 0x80008d0c (0x007e0bb3) add     s7, t3, t2
core   0: 3 0x80008d0c (0x007e0bb3) x23 0x4fd43cc4
core   0: 0x80008d10 (0x09cc7d13) andi    s10, s8, 156
core   0: 3 0x80008d10 (0x09cc7d13) x26 0x00000000
core   0: 0x80008d14 (0x010a8633) add     a2, s5, a6
core   0: 3 0x80008d14 (0x010a8633) x12 0x3fd0619d
core   0: 0x80008d18 (0x41355813) srai    a6, a0, 19
core   0: 3 0x80008d18 (0x41355813) x16 0x00000000
core   0: 0x80008d1c (0x0086d413) srli    s0, a3, 8
core   0: 3 0x80008d1c (0x0086d413) x 8 0x0080014d
core   0: 0x80008d20 (0x01f3b233) sltu    tp, t2, t6
core   0: 3 0x80008d20 (0x01f3b233) x 4 0x00000001
core   0: 0x80008d24 (0x018b8233) add     tp, s7, s8
core   0: 3 0x80008d24 (0x018b8233) x 4 0x4fd43cc5
core   0: 0x80008d28 (0x3ba58913) addi    s2, a1, 954
core   0: 3 0x80008d28 (0x3ba58913) x18 0x97c660aa
core   0: 0x80008d2c (0x40230f33) sub     t5, t1, sp
core   0: 3 0x80008d2c (0x40230f33) x30 0x000003bf
core   0: 0x80008d30 (0x77f90a13) addi    s4, s2, 1919
core   0: 3 0x80008d30 (0x77f90a13) x20 0x97c66829
core   0: 0x80008d34 (0xd4327f37) lui     t5, 0xd4327
core   0: 3 0x80008d34 (0xd4327f37) x30 0xd4327000
core   0: 0x80008d38 (0x01103233) snez    tp, a7
core   0: 3 0x80008d38 (0x01103233) x 4 0x00000001
core   0: 0x80008d3c (0x01214333) xor     t1, sp, s2
core   0: 3 0x80008d3c (0x01214333) x 6 0x68399ceb
core   0: 0x80008d40 (0x41b35193) srai    gp, t1, 27
core   0: 3 0x80008d40 (0x41b35193) x 3 0x0000000d
core   0: 0x80008d44 (0x00000013) nop
core   0: 3 0x80008d44 (0x00000013)
core   0: 0x80008d48 (0x00b5b0b3) sltu    ra, a1, a1
core   0: 3 0x80008d48 (0x00b5b0b3) x 1 0x00000000
core   0: 0x80008d4c (0xb5dae393) ori     t2, s5, -1187
core   0: 3 0x80008d4c (0xb5dae393) x 7 0xfffffb5d
core   0: 0x80008d50 (0x4141d6b3) sra     a3, gp, s4
core   0: 3 0x80008d50 (0x4141d6b3) x13 0x00000000
core   0: 0x80008d54 (0x0124a813) slti    a6, s1, 18
core   0: 3 0x80008d54 (0x0124a813) x16 0x00000001
core   0: 0x80008d58 (0x71995097) auipc   ra, 0x71995
core   0: 3 0x80008d58 (0x71995097) x 1 0xf199dd58
core   0: 0x80008d5c (0x012713b3) sll     t2, a4, s2
core   0: 3 0x80008d5c (0x012713b3) x 7 0x04399000
core   0: 0x80008d60 (0x4118dc33) sra     s8, a7, a7
core   0: 3 0x80008d60 (0x4118dc33) x24 0x00000001
core   0: 0x80008d64 (0x1ee36493) ori     s1, t1, 494
core   0: 3 0x80008d64 (0x1ee36493) x 9 0x68399def
core   0: 0x80008d68 (0x410d51b3) sra     gp, s10, a6
core   0: 3 0x80008d68 (0x410d51b3) x 3 0x00000000
core   0: 0x80008d6c (0x7eb47093) andi    ra, s0, 2027
core   0: 3 0x80008d6c (0x7eb47093) x 1 0x00000149
core   0: 0x80008d70 (0x0075dc93) srli    s9, a1, 7
core   0: 3 0x80008d70 (0x0075dc93) x25 0x012f8cb9
core   0: 0x80008d74 (0x0074db13) srli    s6, s1, 7
core   0: 3 0x80008d74 (0x0074db13) x22 0x00d0733b
core   0: 0x80008d78 (0x30c8a437) lui     s0, 0x30c8a
core   0: 3 0x80008d78 (0x30c8a437) x 8 0x30c8a000
core   0: 0x80008d7c (0xc4513893) sltiu   a7, sp, -955
core   0: 3 0x80008d7c (0xc4513893) x17 0x00000001
core   0: 0x80008d80 (0x005880b3) add     ra, a7, t0
core   0: 3 0x80008d80 (0x005880b3) x 1 0x00000001
core   0: 0x80008d84 (0x41c6d593) srai    a1, a3, 28
core   0: 3 0x80008d84 (0x41c6d593) x11 0x00000000
core   0: 0x80008d88 (0x622a0393) addi    t2, s4, 1570
core   0: 3 0x80008d88 (0x622a0393) x 7 0x97c66e4b
core   0: 0x80008d8c (0x40285db3) sra     s11, a6, sp
core   0: 3 0x80008d8c (0x40285db3) x27 0x00000000
core   0: 0x80008d90 (0x3878b813) sltiu   a6, a7, 903
core   0: 3 0x80008d90 (0x3878b813) x16 0x00000001
core   0: 0x80008d94 (0x70def137) lui     sp, 0x70def
core   0: 3 0x80008d94 (0x70def137) x 2 0x70def000
core   0: 0x80008d98 (0x004a9133) sll     sp, s5, tp
core   0: 3 0x80008d98 (0x004a9133) x 2 0x7fa2e000
core   0: 0x80008d9c (0x8964fd93) andi    s11, s1, -1898
core   0: 3 0x80008d9c (0x8964fd93) x27 0x68399886
core   0: 0x80008da0 (0x01f7da33) srl     s4, a5, t6
core   0: 3 0x80008da0 (0x01f7da33) x20 0x0ff4e9b7
core   0: 0x80008da4 (0x01f0ba33) sltu    s4, ra, t6
core   0: 3 0x80008da4 (0x01f0ba33) x20 0x00000001
core   0: 0x80008da8 (0xe8bd8d93) addi    s11, s11, -373
core   0: 3 0x80008da8 (0xe8bd8d93) x27 0x68399711
core   0: 0x80008dac (0xf3861d97) auipc   s11, 0xf3861
core   0: 3 0x80008dac (0xf3861d97) x27 0x73869dac
core   0: 0x80008db0 (0xc479db17) auipc   s6, 0xc479d
core   0: 3 0x80008db0 (0xc479db17) x22 0x447a5db0
core   0: 0x80008db4 (0x41ca5f33) sra     t5, s4, t3
core   0: 3 0x80008db4 (0x41ca5f33) x30 0x00000001
core   0: 0x80008db8 (0x001e4633) xor     a2, t3, ra
core   0: 3 0x80008db8 (0x001e4633) x12 0x160bb001
core   0: 0x80008dbc (0x40970433) sub     s0, a4, s1
core   0: 3 0x80008dbc (0x40970433) x 8 0x17c77075
core   0: 0x80008dc0 (0x860d2a13) slti    s4, s10, -1952
core   0: 3 0x80008dc0 (0x860d2a13) x20 0x00000000
core   0: 0x80008dc4 (0x011e82b3) add     t0, t4, a7
core   0: 3 0x80008dc4 (0x011e82b3) x 5 0xc0000001
core   0: 0x80008dc8 (0x4143d293) srai    t0, t2, 20
core   0: 3 0x80008dc8 (0x4143d293) x 5 0xfffff97c
core   0: 0x80008dcc (0x0ca88613) addi    a2, a7, 202
core   0: 3 0x80008dcc (0x0ca88613) x12 0x000000cb
core   0: 0x80008dd0 (0x40675613) srai    a2, a4, 6
core   0: 3 0x80008dd0 (0x40675613) x12 0xfe000439
core   0: 0x80008dd4 (0x3d0f0493) addi    s1, t5, 976
core   0: 3 0x80008dd4 (0x3d0f0493) x 9 0x000003d1
core   0: 0x80008dd8 (0x01c252b3) srl     t0, tp, t3
core   0: 3 0x80008dd8 (0x01c252b3) x 5 0x00000001
core   0: 0x80008ddc (0x00130233) add     tp, t1, ra
core   0: 3 0x80008ddc (0x00130233) x 4 0x68399cec
core   0: 0x80008de0 (0x8d67f293) andi    t0, a5, -1834
core   0: 3 0x80008de0 (0x8d67f293) x 5 0xff4e9856
core   0: 0x80008de4 (0x01962c33) slt     s8, a2, s9
core   0: 3 0x80008de4 (0x01962c33) x24 0x00000001
core   0: 0x80008de8 (0x00000013) nop
core   0: 3 0x80008de8 (0x00000013)
core   0: 0x80008dec (0x7d683b93) sltiu   s7, a6, 2006
core   0: 3 0x80008dec (0x7d683b93) x23 0x00000001
core   0: 0x80008df0 (0x004148b3) xor     a7, sp, tp
core   0: 3 0x80008df0 (0x004148b3) x17 0x179b7cec
core   0: 0x80008df4 (0x40680f33) sub     t5, a6, t1
core   0: 3 0x80008df4 (0x40680f33) x30 0x97c66316
core   0: 0x80008df8 (0xb15aa313) slti    t1, s5, -1259
core   0: 3 0x80008df8 (0xb15aa313) x 6 0x00000001
core   0: 0x80008dfc (0x6b69f593) andi    a1, s3, 1718
core   0: 3 0x80008dfc (0x6b69f593) x11 0x000000a4
core   0: 0x80008e00 (0x39354a93) xori    s5, a0, 915
core   0: 3 0x80008e00 (0x39354a93) x21 0x00000393
core   0: 0x80008e04 (0x1d8c2d93) slti    s11, s8, 472
core   0: 3 0x80008e04 (0x1d8c2d93) x27 0x00000001
core   0: 0x80008e08 (0x41c65d93) srai    s11, a2, 28
core   0: 3 0x80008e08 (0x41c65d93) x27 0xffffffff
core   0: 0x80008e0c (0xf3494b93) xori    s7, s2, -204
core   0: 3 0x80008e0c (0xf3494b93) x23 0x68399f9e
core   0: 0x80008e10 (0x01bd05b3) add     a1, s10, s11
core   0: 3 0x80008e10 (0x01bd05b3) x11 0xffffffff
core   0: 0x80008e14 (0x17bbb213) sltiu   tp, s7, 379
core   0: 3 0x80008e14 (0x17bbb213) x 4 0x00000000
core   0: 0x80008e18 (0x40e55d13) srai    s10, a0, 14
core   0: 3 0x80008e18 (0x40e55d13) x26 0x00000000
core   0: 0x80008e1c (0xbe8b3693) sltiu   a3, s6, -1048
core   0: 3 0x80008e1c (0xbe8b3693) x13 0x00000001
core   0: 0x80008e20 (0x012628b3) slt     a7, a2, s2
core   0: 3 0x80008e20 (0x012628b3) x17 0x00000000
core   0: 0x80008e24 (0x001411b3) sll     gp, s0, ra
core   0: 3 0x80008e24 (0x001411b3) x 3 0x2f8ee0ea
core   0: 0x80008e28 (0x9e99ce13) xori    t3, s3, -1559
core   0: 3 0x80008e28 (0x9e99ce13) x28 0x8001494c
core   0: 0x80008e2c (0x009e4633) xor     a2, t3, s1
core   0: 3 0x80008e2c (0x009e4633) x12 0x80014a9d
core   0: 0x80008e30 (0xd07a7697) auipc   a3, 0xd07a7
core   0: 3 0x80008e30 (0xd07a7697) x13 0x507afe30
core   0: 0x80008e34 (0x415a83b3) sub     t2, s5, s5
core   0: 3 0x80008e34 (0x415a83b3) x 7 0x00000000
core   0: 0x80008e38 (0x00696d33) or      s10, s2, t1
core   0: 3 0x80008e38 (0x00696d33) x26 0x97c660ab
core   0: 0x80008e3c (0x009e5cb3) srl     s9, t3, s1
core   0: 3 0x80008e3c (0x009e5cb3) x25 0x00004000
core   0: 0x80008e40 (0x14020393) addi    t2, tp, 320
core   0: 3 0x80008e40 (0x14020393) x 7 0x00000140
core   0: 0x80008e44 (0x00a31313) slli    t1, t1, 10
core   0: 3 0x80008e44 (0x00a31313) x 6 0x00000400
core   0: 0x80008e48 (0x00f30db3) add     s11, t1, a5
core   0: 3 0x80008e48 (0x00f30db3) x27 0xff4e9f7e
core   0: 0x80008e4c (0x00e29193) slli    gp, t0, 14
core   0: 3 0x80008e4c (0x00e29193) x 3 0xa6158000
core   0: 0x80008e50 (0x00834833) xor     a6, t1, s0
core   0: 3 0x80008e50 (0x00834833) x16 0x17c77475
core   0: 0x80008e54 (0x40e95593) srai    a1, s2, 14
core   0: 3 0x80008e54 (0x40e95593) x11 0xfffe5f19
core   0: 0x80008e58 (0x00b5d433) srl     s0, a1, a1
core   0: 3 0x80008e58 (0x00b5d433) x 8 0x0000007f
core   0: 0x80008e5c (0x0186e133) or      sp, a3, s8
core   0: 3 0x80008e5c (0x0186e133) x 2 0x507afe31
core   0: 0x80008e60 (0x00ed1b13) slli    s6, s10, 14
core   0: 3 0x80008e60 (0x00ed1b13) x22 0x982ac000
core   0: 0x80008e64 (0x00555533) srl     a0, a0, t0
core   0: 3 0x80008e64 (0x00555533) x10 0x00000000
core   0: 0x80008e68 (0x419a5433) sra     s0, s4, s9
core   0: 3 0x80008e68 (0x419a5433) x 8 0x00000000
core   0: 0x80008e6c (0x01d49b33) sll     s6, s1, t4
core   0: 3 0x80008e6c (0x01d49b33) x22 0x000003d1
core   0: 0x80008e70 (0x018654b3) srl     s1, a2, s8
core   0: 3 0x80008e70 (0x018654b3) x 9 0x4000a54e
core   0: 0x80008e74 (0x018070b3) and     ra, zero, s8
core   0: 3 0x80008e74 (0x018070b3) x 1 0x00000000
core   0: 0x80008e78 (0x00d8d8b3) srl     a7, a7, a3
core   0: 3 0x80008e78 (0x00d8d8b3) x17 0x00000000
core   0: 0x80008e7c (0x40d8d593) srai    a1, a7, 13
core   0: 3 0x80008e7c (0x40d8d593) x11 0x00000000
core   0: 0x80008e80 (0xd30a7c13) andi    s8, s4, -720
core   0: 3 0x80008e80 (0xd30a7c13) x24 0x00000000
core   0: 0x80008e84 (0x01b26e33) or      t3, tp, s11
core   0: 3 0x80008e84 (0x01b26e33) x28 0xff4e9f7e
core   0: 0x80008e88 (0x47d67c93) andi    s9, a2, 1149
core   0: 3 0x80008e88 (0x47d67c93) x25 0x0000001d
core   0: 0x80008e8c (0x402b5233) sra     tp, s6, sp
core   0: 3 0x80008e8c (0x402b5233) x 4 0x00000000
core   0: 0x80008e90 (0x0184b5b3) sltu    a1, s1, s8
core   0: 3 0x80008e90 (0x0184b5b3) x11 0x00000000
core   0: 0x80008e94 (0x401e5013) srai    zero, t3, 1
core   0: 3 0x80008e94 (0x401e5013)
core   0: 0x80008e98 (0x019cc5b3) xor     a1, s9, s9
core   0: 3 0x80008e98 (0x019cc5b3) x11 0x00000000
core   0: 0x80008e9c (0x0144a6b3) slt     a3, s1, s4
core   0: 3 0x80008e9c (0x0144a6b3) x13 0x00000000
core   0: 0x80008ea0 (0x40538133) sub     sp, t2, t0
core   0: 3 0x80008ea0 (0x40538133) x 2 0x00b168ea
core   0: 0x80008ea4 (0xcbea0e17) auipc   t3, 0xcbea0
core   0: 3 0x80008ea4 (0xcbea0e17) x28 0x4bea8ea4
core   0: 0x80008ea8 (0x01016433) or      s0, sp, a6
core   0: 3 0x80008ea8 (0x01016433) x 8 0x17f77cff
core   0: 0x80008eac (0x0f957917) auipc   s2, 0xf957
core   0: 3 0x80008eac (0x0f957917) x18 0x8f95feac
core   0: 0x80008eb0 (0x011c1913) slli    s2, s8, 17
core   0: 3 0x80008eb0 (0x011c1913) x18 0x00000000
core   0: 0x80008eb4 (0x6eb53213) sltiu   tp, a0, 1771
core   0: 3 0x80008eb4 (0x6eb53213) x 4 0x00000001
core   0: 0x80008eb8 (0x41af81b3) sub     gp, t6, s10
core   0: 3 0x80008eb8 (0x41af81b3) x 3 0xe83aec39
core   0: 0x80008ebc (0x6f008493) addi    s1, ra, 1776
core   0: 3 0x80008ebc (0x6f008493) x 9 0x000006f0
core   0: 0x80008ec0 (0x00000013) nop
core   0: 3 0x80008ec0 (0x00000013)
core   0: 0x80008ec4 (0xf2d6eb93) ori     s7, a3, -211
core   0: 3 0x80008ec4 (0xf2d6eb93) x23 0xffffff2d
core   0: 0x80008ec8 (0xfda2e093) ori     ra, t0, -38
core   0: 3 0x80008ec8 (0xfda2e093) x 1 0xffffffde
core   0: 0x80008ecc (0x4b4d3e13) sltiu   t3, s10, 1204
core   0: 3 0x80008ecc (0x4b4d3e13) x28 0x00000000
core   0: 0x80008ed0 (0x7e5a6213) ori     tp, s4, 2021
core   0: 3 0x80008ed0 (0x7e5a6213) x 4 0x000007e5
core   0: 0x80008ed4 (0x018ea233) slt     tp, t4, s8
core   0: 3 0x80008ed4 (0x018ea233) x 4 0x00000001
core   0: 0x80008ed8 (0x02dfe093) ori     ra, t6, 45
core   0: 3 0x80008ed8 (0x02dfe093) x 1 0x80014ced
core   0: 0x80008edc (0xf03c8c93) addi    s9, s9, -253
core   0: 3 0x80008edc (0xf03c8c93) x25 0xffffff20
core   0: 0x80008ee0 (0x004aceb3) xor     t4, s5, tp
core   0: 3 0x80008ee0 (0x004aceb3) x29 0x00000392
core   0: 0x80008ee4 (0x48a80413) addi    s0, a6, 1162
core   0: 3 0x80008ee4 (0x48a80413) x 8 0x17c778ff
core   0: 0x80008ee8 (0x01e55a13) srli    s4, a0, 30
core   0: 3 0x80008ee8 (0x01e55a13) x20 0x00000000
core   0: 0x80008eec (0x00bd3633) sltu    a2, s10, a1
core   0: 3 0x80008eec (0x00bd3633) x12 0x00000000
core   0: 0x80008ef0 (0x2d887c37) lui     s8, 0x2d887
core   0: 3 0x80008ef0 (0x2d887c37) x24 0x2d887000
core   0: 0x80008ef4 (0xb7fa8b93) addi    s7, s5, -1153
core   0: 3 0x80008ef4 (0xb7fa8b93) x23 0xffffff12
core   0: 0x80008ef8 (0x00a14133) xor     sp, sp, a0
core   0: 3 0x80008ef8 (0x00a14133) x 2 0x00b168ea
core   0: 0x80008efc (0x015f1993) slli    s3, t5, 21
core   0: 3 0x80008efc (0x015f1993) x19 0x62c00000
core   0: 0x80008f00 (0x00d37d33) and     s10, t1, a3
core   0: 3 0x80008f00 (0x00d37d33) x26 0x00000000
core   0: 0x80008f04 (0x00c7da93) srli    s5, a5, 12
core   0: 3 0x80008f04 (0x00c7da93) x21 0x000ff4e9
core   0: 0x80008f08 (0x01146933) or      s2, s0, a7
core   0: 3 0x80008f08 (0x01146933) x18 0x17c778ff
core   0: 0x80008f0c (0xaa13e413) ori     s0, t2, -1375
core   0: 3 0x80008f0c (0xaa13e413) x 8 0xfffffbe1
core   0: 0x80008f10 (0x3c338313) addi    t1, t2, 963
core   0: 3 0x80008f10 (0x3c338313) x 6 0x00000503
core   0: 0x80008f14 (0x0075dbb3) srl     s7, a1, t2
core   0: 3 0x80008f14 (0x0075dbb3) x23 0x00000000
core   0: 0x80008f18 (0x4119d333) sra     t1, s3, a7
core   0: 3 0x80008f18 (0x4119d333) x 6 0x62c00000
core   0: 0x80008f1c (0x014dc6b3) xor     a3, s11, s4
core   0: 3 0x80008f1c (0x014dc6b3) x13 0xff4e9f7e
core   0: 0x80008f20 (0x01b04633) xor     a2, zero, s11
core   0: 3 0x80008f20 (0x01b04633) x12 0xff4e9f7e
core   0: 0x80008f24 (0x0a5e7c93) andi    s9, t3, 165
core   0: 3 0x80008f24 (0x0a5e7c93) x25 0x00000000
core   0: 0x80008f28 (0x76722f13) slti    t5, tp, 1895
core   0: 3 0x80008f28 (0x76722f13) x30 0x00000001
core   0: 0x80008f2c (0x0164d993) srli    s3, s1, 22
core   0: 3 0x80008f2c (0x0164d993) x19 0x00000000
core   0: 0x80008f30 (0x00000013) nop
core   0: 3 0x80008f30 (0x00000013)
core   0: 0x80008f34 (0x6bcc4a93) xori    s5, s8, 1724
core   0: 3 0x80008f34 (0x6bcc4a93) x21 0x2d8876bc
core   0: 0x80008f38 (0xf4d84513) xori    a0, a6, -179
core   0: 3 0x80008f38 (0xf4d84513) x10 0xe8388b38
core   0: 0x80008f3c (0x8caded13) ori     s10, s11, -1846
core   0: 3 0x80008f3c (0x8caded13) x26 0xfffffffe
core   0: 0x80008f40 (0x00691113) slli    sp, s2, 6
core   0: 3 0x80008f40 (0x00691113) x 2 0xf1de3fc0
core   0: 0x80008f44 (0x0ddb3d93) sltiu   s11, s6, 221
core   0: 3 0x80008f44 (0x0ddb3d93) x27 0x00000000
core   0: 0x80008f48 (0x151ab813) sltiu   a6, s5, 337
core   0: 3 0x80008f48 (0x151ab813) x16 0x00000000
core   0: 0x80008f4c (0x6df5b593) sltiu   a1, a1, 1759
core   0: 3 0x80008f4c (0x6df5b593) x11 0x00000001
core   0: 0x80008f50 (0x00000013) nop
core   0: 3 0x80008f50 (0x00000013)
core   0: 0x80008f54 (0x005250b3) srl     ra, tp, t0
core   0: 3 0x80008f54 (0x005250b3) x 1 0x00000000
core   0: 0x80008f58 (0xc9176c93) ori     s9, a4, -879
core   0: 3 0x80008f58 (0xc9176c93) x25 0xfffffef5
core   0: 0x80008f5c (0x92137b37) lui     s6, 0x92137
core   0: 3 0x80008f5c (0x92137b37) x22 0x92137000
core   0: 0x80008f60 (0x40900333) sub     t1, zero, s1
core   0: 3 0x80008f60 (0x40900333) x 6 0xfffff910
core   0: 0x80008f64 (0xa47cfd97) auipc   s11, 0xa47cf
core   0: 3 0x80008f64 (0xa47cfd97) x27 0x247d7f64
core   0: 0x80008f68 (0x015dc433) xor     s0, s11, s5
core   0: 3 0x80008f68 (0x015dc433) x 8 0x09f509d8
core   0: 0x80008f6c (0x006dacb3) slt     s9, s11, t1
core   0: 3 0x80008f6c (0x006dacb3) x25 0x00000000
core   0: 0x80008f70 (0x012a5c33) srl     s8, s4, s2
core   0: 3 0x80008f70 (0x012a5c33) x24 0x00000000
core   0: 0x80008f74 (0xc676c113) xori    sp, a3, -921
core   0: 3 0x80008f74 (0xc676c113) x 2 0x00b16319
core   0: 0x80008f78 (0x6cbabe13) sltiu   t3, s5, 1739
core   0: 3 0x80008f78 (0x6cbabe13) x28 0x00000000
core   0: 0x80008f7c (0x46284b17) auipc   s6, 0x46284
core   0: 3 0x80008f7c (0x46284b17) x22 0xc628cf7c
core   0: 0x80008f80 (0x00017b33) and     s6, sp, zero
core   0: 3 0x80008f80 (0x00017b33) x22 0x00000000
core   0: 0x80008f84 (0x4c960f13) addi    t5, a2, 1225
core   0: 3 0x80008f84 (0x4c960f13) x30 0xff4ea447
core   0: 0x80008f88 (0x8e4c6813) ori     a6, s8, -1820
core   0: 3 0x80008f88 (0x8e4c6813) x16 0xfffff8e4
core   0: 0x80008f8c (0xe178e313) ori     t1, a7, -489
core   0: 3 0x80008f8c (0xe178e313) x 6 0xfffffe17
core   0: 0x80008f90 (0x0189ef33) or      t5, s3, s8
core   0: 3 0x80008f90 (0x0189ef33) x30 0x00000000
core   0: 0x80008f94 (0x00175b33) srl     s6, a4, ra
core   0: 3 0x80008f94 (0x00175b33) x22 0x80010e64
core   0: 0x80008f98 (0x005f5113) srli    sp, t5, 5
core   0: 3 0x80008f98 (0x005f5113) x 2 0x00000000
core   0: 0x80008f9c (0xd0862413) slti    s0, a2, -760
core   0: 3 0x80008f9c (0xd0862413) x 8 0x00000001
core   0: 0x80008fa0 (0x005cf533) and     a0, s9, t0
core   0: 3 0x80008fa0 (0x005cf533) x10 0x00000000
core   0: 0x80008fa4 (0x00ad9813) slli    a6, s11, 10
core   0: 3 0x80008fa4 (0x00ad9813) x16 0xf5fd9000
core   0: 0x80008fa8 (0x22aeb493) sltiu   s1, t4, 554
core   0: 3 0x80008fa8 (0x22aeb493) x 9 0x00000000
core   0: 0x80008fac (0x00aac833) xor     a6, s5, a0
core   0: 3 0x80008fac (0x00aac833) x16 0x2d8876bc
core   0: 0x80008fb0 (0xd0f6aa93) slti    s5, a3, -753
core   0: 3 0x80008fb0 (0xd0f6aa93) x21 0x00000001
core   0: 0x80008fb4 (0x000e41b3) xor     gp, t3, zero
core   0: 3 0x80008fb4 (0x000e41b3) x 3 0x00000000
core   0: 0x80008fb8 (0x000fde93) srli    t4, t6, 0
core   0: 3 0x80008fb8 (0x000fde93) x29 0x80014ce4
core   0: 0x80008fbc (0x0005c6b3) xor     a3, a1, zero
core   0: 3 0x80008fbc (0x0005c6b3) x13 0x00000001
core   0: 0x80008fc0 (0x41af0533) sub     a0, t5, s10
core   0: 3 0x80008fc0 (0x41af0533) x10 0x00000002
core   0: 0x80008fc4 (0x98c0a613) slti    a2, ra, -1652
core   0: 3 0x80008fc4 (0x98c0a613) x12 0x00000000
core   0: 0x80008fc8 (0x00eed093) srli    ra, t4, 14
core   0: 3 0x80008fc8 (0x00eed093) x 1 0x00020005
core   0: 0x80008fcc (0xdb489437) lui     s0, 0xdb489
core   0: 3 0x80008fcc (0xdb489437) x 8 0xdb489000
core   0: 0x80008fd0 (0xd9655a17) auipc   s4, 0xd9655
core   0: 3 0x80008fd0 (0xd9655a17) x20 0x5965dfd0
core   0: 0x80008fd4 (0x01db2f33) slt     t5, s6, t4
core   0: 3 0x80008fd4 (0x01db2f33) x30 0x00000001
core   0: 0x80008fd8 (0x009c3c33) sltu    s8, s8, s1
core   0: 3 0x80008fd8 (0x009c3c33) x24 0x00000000
core   0: 0x80008fdc (0x87e4f8b7) lui     a7, 0x87e4f
core   0: 3 0x80008fdc (0x87e4f8b7) x17 0x87e4f000
core   0: 0x80008fe0 (0x40ab84b3) sub     s1, s7, a0
core   0: 3 0x80008fe0 (0x40ab84b3) x 9 0xfffffffe
core   0: 0x80008fe4 (0x01fae3b3) or      t2, s5, t6
core   0: 3 0x80008fe4 (0x01fae3b3) x 7 0x80014ce5
core   0: 0x80008fe8 (0x1f023813) sltiu   a6, tp, 496
core   0: 3 0x80008fe8 (0x1f023813) x16 0x00000001
core   0: 0x80008fec (0x00000013) nop
core   0: 3 0x80008fec (0x00000013)
core   0: 0x80008ff0 (0x0115bf33) sltu    t5, a1, a7
core   0: 3 0x80008ff0 (0x0115bf33) x30 0x00000001
core   0: 0x80008ff4 (0xd164b193) sltiu   gp, s1, -746
core   0: 3 0x80008ff4 (0xd164b193) x 3 0x00000000
core   0: 0x80008ff8 (0x003f4bb3) xor     s7, t5, gp
core   0: 3 0x80008ff8 (0x003f4bb3) x23 0x00000001
core   0: 0x80008ffc (0x9c070313) addi    t1, a4, -1600
core   0: 3 0x80008ffc (0x9c070313) x 6 0x80010824
core   0: 0x80009000 (0xf8c64d93) xori    s11, a2, -116
core   0: 3 0x80009000 (0xf8c64d93) x27 0xffffff8c
core   0: 0x80009004 (0x002d4c33) xor     s8, s10, sp
core   0: 3 0x80009004 (0x002d4c33) x24 0xfffffffe
core   0: 0x80009008 (0x00511b33) sll     s6, sp, t0
core   0: 3 0x80009008 (0x00511b33) x22 0x00000000
core   0: 0x8000900c (0x94eb4593) xori    a1, s6, -1714
core   0: 3 0x8000900c (0x94eb4593) x11 0xfffff94e
core   0: 0x80009010 (0x40755b33) sra     s6, a0, t2
core   0: 3 0x80009010 (0x40755b33) x22 0x00000000
core   0: 0x80009014 (0x00f4c133) xor     sp, s1, a5
core   0: 3 0x80009014 (0x00f4c133) x 2 0x00b16480
core   0: 0x80009018 (0x007c9433) sll     s0, s9, t2
core   0: 3 0x80009018 (0x007c9433) x 8 0x00000000
core   0: 0x8000901c (0x1ff57313) andi    t1, a0, 511
core   0: 3 0x8000901c (0x1ff57313) x 6 0x00000002
core   0: 0x80009020 (0x43d90213) addi    tp, s2, 1085
core   0: 3 0x80009020 (0x43d90213) x 4 0x17c77d3c
core   0: 0x80009024 (0x017c8e33) add     t3, s9, s7
core   0: 3 0x80009024 (0x017c8e33) x28 0x00000001
core   0: 0x80009028 (0x9ff33213) sltiu   tp, t1, -1537
core   0: 3 0x80009028 (0x9ff33213) x 4 0x00000001
core   0: 0x8000902c (0x00cb5e93) srli    t4, s6, 12
core   0: 3 0x8000902c (0x00cb5e93) x29 0x00000000
core   0: 0x80009030 (0x00000013) nop
core   0: 3 0x80009030 (0x00000013)
core   0: 0x80009034 (0x49f57613) andi    a2, a0, 1183
core   0: 3 0x80009034 (0x49f57613) x12 0x00000002
core   0: 0x80009038 (0x41d254b3) sra     s1, tp, t4
core   0: 3 0x80009038 (0x41d254b3) x 9 0x00000001
core   0: 0x8000903c (0x54c8b693) sltiu   a3, a7, 1356
core   0: 3 0x8000903c (0x54c8b693) x13 0x00000000
core   0: 0x80009040 (0x00000013) nop
core   0: 3 0x80009040 (0x00000013)
core   0: 0x80009044 (0x011d22b3) slt     t0, s10, a7
core   0: 3 0x80009044 (0x011d22b3) x 5 0x00000000
core   0: 0x80009048 (0x41ae8eb3) sub     t4, t4, s10
core   0: 3 0x80009048 (0x41ae8eb3) x29 0x00000002
core   0: 0x8000904c (0x00115c93) srli    s9, sp, 1
core   0: 3 0x8000904c (0x00115c93) x25 0x0058b240
core   0: 0x80009050 (0x000011b3) sll     gp, zero, zero
core   0: 3 0x80009050 (0x000011b3) x 3 0x00000000
core   0: 0x80009054 (0x00a07c33) and     s8, zero, a0
core   0: 3 0x80009054 (0x00a07c33) x24 0x00000000
core   0: 0x80009058 (0x40538e33) sub     t3, t2, t0
core   0: 3 0x80009058 (0x40538e33) x28 0x80014ce5
core   0: 0x8000905c (0xaf3fa413) slti    s0, t6, -1293
core   0: 3 0x8000905c (0xaf3fa413) x 8 0x00000001
core   0: 0x80009060 (0xa5028913) addi    s2, t0, -1456
core   0: 3 0x80009060 (0xa5028913) x18 0xfffffa50
core   0: 0x80009064 (0x41c5d113) srai    sp, a1, 28
core   0: 3 0x80009064 (0x41c5d113) x 2 0xffffffff
core   0: 0x80009068 (0x291e8213) addi    tp, t4, 657
core   0: 3 0x80009068 (0x291e8213) x 4 0x00000293
core   0: 0x8000906c (0x0c212817) auipc   a6, 0xc212
core   0: 3 0x8000906c (0x0c212817) x16 0x8c21b06c
core   0: 0x80009070 (0xe228bf17) auipc   t5, 0xe228b
core   0: 3 0x80009070 (0xe228bf17) x30 0x62294070
core   0: 0x80009074 (0x4482bb93) sltiu   s7, t0, 1096
core   0: 3 0x80009074 (0x4482bb93) x23 0x00000001
core   0: 0x80009078 (0x563fd197) auipc   gp, 0x563fd
core   0: 3 0x80009078 (0x563fd197) x 3 0xd6406078
core   0: 0x8000907c (0xc1404d13) xori    s10, zero, -1004
core   0: 3 0x8000907c (0xc1404d13) x26 0xfffffc14
core   0: 0x80009080 (0xf970b893) sltiu   a7, ra, -105
core   0: 3 0x80009080 (0xf970b893) x17 0x00000001
core   0: 0x80009084 (0xa44c2437) lui     s0, 0xa44c2
core   0: 3 0x80009084 (0xa44c2437) x 8 0xa44c2000
core   0: 0x80009088 (0x9ed37b93) andi    s7, t1, -1555
core   0: 3 0x80009088 (0x9ed37b93) x23 0x00000000
core   0: 0x8000908c (0x4033d633) sra     a2, t2, gp
core   0: 3 0x8000908c (0x4033d633) x12 0xffffff80
core   0: 0x80009090 (0x10650393) addi    t2, a0, 262
core   0: 3 0x80009090 (0x10650393) x 7 0x00000108
core   0: 0x80009094 (0xa509af13) slti    t5, s3, -1456
core   0: 3 0x80009094 (0xa509af13) x30 0x00000000
core   0: 0x80009098 (0xc0d6f497) auipc   s1, 0xc0d6f
core   0: 3 0x80009098 (0xc0d6f497) x 9 0x40d78098
core   0: 0x8000909c (0xd30df4b7) lui     s1, 0xd30df
core   0: 3 0x8000909c (0xd30df4b7) x 9 0xd30df000
core   0: 0x800090a0 (0x83eace93) xori    t4, s5, -1986
core   0: 3 0x800090a0 (0x83eace93) x29 0xfffff83f
core   0: 0x800090a4 (0x411f0233) sub     tp, t5, a7
core   0: 3 0x800090a4 (0x411f0233) x 4 0xffffffff
core   0: 0x800090a8 (0x278eab13) slti    s6, t4, 632
core   0: 3 0x800090a8 (0x278eab13) x22 0x00000001
core   0: 0x800090ac (0xb6682b93) slti    s7, a6, -1178
core   0: 3 0x800090ac (0xb6682b93) x23 0x00000001
core   0: 0x800090b0 (0x01c275b3) and     a1, tp, t3
core   0: 3 0x800090b0 (0x01c275b3) x11 0x80014ce5
core   0: 0x800090b4 (0x01306bb3) or      s7, zero, s3
core   0: 3 0x800090b4 (0x01306bb3) x23 0x00000000
core   0: 0x800090b8 (0xb59cff13) andi    t5, s9, -1191
core   0: 3 0x800090b8 (0xb59cff13) x30 0x0058b240
core   0: 0x800090bc (0xa3088593) addi    a1, a7, -1488
core   0: 3 0x800090bc (0xa3088593) x11 0xfffffa31
core   0: 0x800090c0 (0x00000013) nop
core   0: 3 0x800090c0 (0x00000013)
core   0: 0x800090c4 (0x58d3a313) slti    t1, t2, 1421
core   0: 3 0x800090c4 (0x58d3a313) x 6 0x00000001
core   0: 0x800090c8 (0x01b09093) slli    ra, ra, 27
core   0: 3 0x800090c8 (0x01b09093) x 1 0x28000000
core   0: 0x800090cc (0x7c6c0993) addi    s3, s8, 1990
core   0: 3 0x800090cc (0x7c6c0993) x19 0x000007c6
core   0: 0x800090d0 (0x01dadd33) srl     s10, s5, t4
core   0: 3 0x800090d0 (0x01dadd33) x26 0x00000000
core   0: 0x800090d4 (0x0093de93) srli    t4, t2, 9
core   0: 3 0x800090d4 (0x0093de93) x29 0x00000000
core   0: 0x800090d8 (0x41b902b3) sub     t0, s2, s11
core   0: 3 0x800090d8 (0x41b902b3) x 5 0xfffffac4
core   0: 0x800090dc (0x40675913) srai    s2, a4, 6
core   0: 3 0x800090dc (0x40675913) x18 0xfe000439
core   0: 0x800090e0 (0x01c7d033) srl     zero, a5, t3
core   0: 3 0x800090e0 (0x01c7d033)
core   0: 0x800090e4 (0x37edb493) sltiu   s1, s11, 894
core   0: 3 0x800090e4 (0x37edb493) x 9 0x00000000
core   0: 0x800090e8 (0x00a65e93) srli    t4, a2, 10
core   0: 3 0x800090e8 (0x00a65e93) x29 0x003fffff
core   0: 0x800090ec (0xfc72b013) sltiu   zero, t0, -57
core   0: 3 0x800090ec (0xfc72b013)
core   0: 0x800090f0 (0xa3d8c213) xori    tp, a7, -1475
core   0: 3 0x800090f0 (0xa3d8c213) x 4 0xfffffa3c
core   0: 0x800090f4 (0xeb895337) lui     t1, 0xeb895
core   0: 3 0x800090f4 (0xeb895337) x 6 0xeb895000
core   0: 0x800090f8 (0x413a5bb3) sra     s7, s4, s3
core   0: 3 0x800090f8 (0x413a5bb3) x23 0x0165977f
core   0: 0x800090fc (0xef2b6513) ori     a0, s6, -270
core   0: 3 0x800090fc (0xef2b6513) x10 0xfffffef3
core   0: 0x80009100 (0x411e01b3) sub     gp, t3, a7
core   0: 3 0x80009100 (0x411e01b3) x 3 0x80014ce4
core   0: 0x80009104 (0x54723993) sltiu   s3, tp, 1351
core   0: 3 0x80009104 (0x54723993) x19 0x00000000
core   0: 0x80009108 (0x01295093) srli    ra, s2, 18
core   0: 3 0x80009108 (0x01295093) x 1 0x00003f80
core   0: 0x8000910c (0x017ad493) srli    s1, s5, 23
core   0: 3 0x8000910c (0x017ad493) x 9 0x00000000
core   0: 0x80009110 (0x01714833) xor     a6, sp, s7
core   0: 3 0x80009110 (0x01714833) x16 0xfe9a6880
core   0: 0x80009114 (0x418282b3) sub     t0, t0, s8
core   0: 3 0x80009114 (0x418282b3) x 5 0xfffffac4
core   0: 0x80009118 (0x414b55b3) sra     a1, s6, s4
core   0: 3 0x80009118 (0x414b55b3) x11 0x00000000
core   0: 0x8000911c (0x3f0a4f13) xori    t5, s4, 1008
core   0: 3 0x8000911c (0x3f0a4f13) x30 0x5965dc20
core   0: 0x80009120 (0x31712f13) slti    t5, sp, 791
core   0: 3 0x80009120 (0x31712f13) x30 0x00000001
core   0: 0x80009124 (0x8b852313) slti    t1, a0, -1864
core   0: 3 0x80009124 (0x8b852313) x 6 0x00000000
core   0: 0x80009128 (0x013ea8b3) slt     a7, t4, s3
core   0: 3 0x80009128 (0x013ea8b3) x17 0x00000000
core   0: 0x8000912c (0x00927b33) and     s6, tp, s1
core   0: 3 0x8000912c (0x00927b33) x22 0x00000000
core   0: 0x80009130 (0x0050ccb3) xor     s9, ra, t0
core   0: 3 0x80009130 (0x0050ccb3) x25 0xffffc544
core   0: 0x80009134 (0x5561c993) xori    s3, gp, 1366
core   0: 3 0x80009134 (0x5561c993) x19 0x800149b2
core   0: 0x80009138 (0x40705eb3) sra     t4, zero, t2
core   0: 3 0x80009138 (0x40705eb3) x29 0x00000000
core   0: 0x8000913c (0x0004feb3) and     t4, s1, zero
core   0: 3 0x8000913c (0x0004feb3) x29 0x00000000
core   0: 0x80009140 (0x010a1113) slli    sp, s4, 16
core   0: 3 0x80009140 (0x010a1113) x 2 0xdfd00000
core   0: 0x80009144 (0x01f1cc33) xor     s8, gp, t6
core   0: 3 0x80009144 (0x01f1cc33) x24 0x00000000
core   0: 0x80009148 (0x40c35593) srai    a1, t1, 12
core   0: 3 0x80009148 (0x40c35593) x11 0x00000000
core   0: 0x8000914c (0x0102dbb3) srl     s7, t0, a6
core   0: 3 0x8000914c (0x0102dbb3) x23 0xfffffac4
core   0: 0x80009150 (0x4d79b313) sltiu   t1, s3, 1239
core   0: 3 0x80009150 (0x4d79b313) x 6 0x00000000
core   0: 0x80009154 (0x00000013) nop
core   0: 3 0x80009154 (0x00000013)
core   0: 0x80009158 (0x65e28b13) addi    s6, t0, 1630
core   0: 3 0x80009158 (0x65e28b13) x22 0x00000122
core   0: 0x8000915c (0x41ac5693) srai    a3, s8, 26
core   0: 3 0x8000915c (0x41ac5693) x13 0x00000000
core   0: 0x80009160 (0xbd230d93) addi    s11, t1, -1070
core   0: 3 0x80009160 (0xbd230d93) x27 0xfffffbd2
core   0: 0x80009164 (0x12e59637) lui     a2, 0x12e59
core   0: 3 0x80009164 (0x12e59637) x12 0x12e59000
core   0: 0x80009168 (0x5316a013) slti    zero, a3, 1329
core   0: 3 0x80009168 (0x5316a013)
core   0: 0x8000916c (0xc88d4e13) xori    t3, s10, -888
core   0: 3 0x8000916c (0xc88d4e13) x28 0xfffffc88
core   0: 0x80009170 (0x00d9ef33) or      t5, s3, a3
core   0: 3 0x80009170 (0x00d9ef33) x30 0x800149b2
core   0: 0x80009174 (0x01293033) sltu    zero, s2, s2
core   0: 3 0x80009174 (0x01293033)
core   0: 0x80009178 (0x411f52b3) sra     t0, t5, a7
core   0: 3 0x80009178 (0x411f52b3) x 5 0x800149b2
core   0: 0x8000917c (0x408085b3) sub     a1, ra, s0
core   0: 3 0x8000917c (0x408085b3) x11 0x5bb41f80
core   0: 0x80009180 (0xb3d53593) sltiu   a1, a0, -1219
core   0: 3 0x80009180 (0xb3d53593) x11 0x00000000
core   0: 0x80009184 (0x406d8bb3) sub     s7, s11, t1
core   0: 3 0x80009184 (0x406d8bb3) x23 0xfffffbd2
core   0: 0x80009188 (0xe4eeaa13) slti    s4, t4, -434
core   0: 3 0x80009188 (0xe4eeaa13) x20 0x00000000
core   0: 0x8000918c (0x007c61b3) or      gp, s8, t2
core   0: 3 0x8000918c (0x007c61b3) x 3 0x00000108
core   0: 0x80009190 (0xac33b593) sltiu   a1, t2, -1341
core   0: 3 0x80009190 (0xac33b593) x11 0x00000001
core   0: 0x80009194 (0x00f21493) slli    s1, tp, 15
core   0: 3 0x80009194 (0x00f21493) x 9 0xfd1e0000
core   0: 0x80009198 (0xa4d41217) auipc   tp, 0xa4d41
core   0: 3 0x80009198 (0xa4d41217) x 4 0x24d4a198
core   0: 0x8000919c (0x01cc9213) slli    tp, s9, 28
core   0: 3 0x8000919c (0x01cc9213) x 4 0x40000000
core   0: 0x800091a0 (0x41635193) srai    gp, t1, 22
core   0: 3 0x800091a0 (0x41635193) x 3 0x00000000
core   0: 0x800091a4 (0x01b3aa33) slt     s4, t2, s11
core   0: 3 0x800091a4 (0x01b3aa33) x20 0x00000000
core   0: 0x800091a8 (0xccf58637) lui     a2, 0xccf58
core   0: 3 0x800091a8 (0xccf58637) x12 0xccf58000
core   0: 0x800091ac (0x01af45b3) xor     a1, t5, s10
core   0: 3 0x800091ac (0x01af45b3) x11 0x800149b2
core   0: 0x800091b0 (0x018cecb3) or      s9, s9, s8
core   0: 3 0x800091b0 (0x018cecb3) x25 0xffffc544
core   0: 0x800091b4 (0x37eb7b13) andi    s6, s6, 894
core   0: 3 0x800091b4 (0x37eb7b13) x22 0x00000122
core   0: 0x800091b8 (0x40ecdf13) srai    t5, s9, 14
core   0: 3 0x800091b8 (0x40ecdf13) x30 0xffffffff
core   0: 0x800091bc (0x0164bf33) sltu    t5, s1, s6
core   0: 3 0x800091bc (0x0164bf33) x30 0x00000000
core   0: 0x800091c0 (0x404cdab3) sra     s5, s9, tp
core   0: 3 0x800091c0 (0x404cdab3) x21 0xffffc544
core   0: 0x800091c4 (0x00243633) sltu    a2, s0, sp
core   0: 3 0x800091c4 (0x00243633) x12 0x00000001
core   0: 0x800091c8 (0x01f97e33) and     t3, s2, t6
core   0: 3 0x800091c8 (0x01f97e33) x28 0x80000420
core   0: 0x800091cc (0x00be4e33) xor     t3, t3, a1
core   0: 3 0x800091cc (0x00be4e33) x28 0x00014d92
core   0: 0x800091d0 (0x77492c93) slti    s9, s2, 1908
core   0: 3 0x800091d0 (0x77492c93) x25 0x00000001
core   0: 0x800091d4 (0x006145b3) xor     a1, sp, t1
core   0: 3 0x800091d4 (0x006145b3) x11 0xdfd00000
core   0: 0x800091d8 (0x010e92b3) sll     t0, t4, a6
core   0: 3 0x800091d8 (0x010e92b3) x 5 0x00000000
core   0: 0x800091dc (0x00e302b3) add     t0, t1, a4
core   0: 3 0x800091dc (0x00e302b3) x 5 0x80010e64
core   0: 0x800091e0 (0x00116eb3) or      t4, sp, ra
core   0: 3 0x800091e0 (0x00116eb3) x29 0xdfd03f80
core   0: 0x800091e4 (0x40350bb3) sub     s7, a0, gp
core   0: 3 0x800091e4 (0x40350bb3) x23 0xfffffef3
core   0: 0x800091e8 (0xf8a64f13) xori    t5, a2, -118
core   0: 3 0x800091e8 (0xf8a64f13) x30 0xffffff8b
core   0: 0x800091ec (0x00f7ad33) slt     s10, a5, a5
core   0: 3 0x800091ec (0x00f7ad33) x26 0x00000000
core   0: 0x800091f0 (0x40e881b3) sub     gp, a7, a4
core   0: 3 0x800091f0 (0x40e881b3) x 3 0x7ffef19c
core   0: 0x800091f4 (0x01807b33) and     s6, zero, s8
core   0: 3 0x800091f4 (0x01807b33) x22 0x00000000
core   0: 0x800091f8 (0x7a468b93) addi    s7, a3, 1956
core   0: 3 0x800091f8 (0x7a468b93) x23 0x000007a4
core   0: 0x800091fc (0xce75f097) auipc   ra, 0xce75f
core   0: 3 0x800091fc (0xce75f097) x 1 0x4e7681fc
core   0: 0x80009200 (0x004a4db3) xor     s11, s4, tp
core   0: 3 0x80009200 (0x004a4db3) x27 0x40000000
core   0: 0x80009204 (0x41840833) sub     a6, s0, s8
core   0: 3 0x80009204 (0x41840833) x16 0xa44c2000
core   0: 0x80009208 (0x007f1e13) slli    t3, t5, 7
core   0: 3 0x80009208 (0x007f1e13) x28 0xffffc580
core   0: 0x8000920c (0xec7be013) ori     zero, s7, -313
core   0: 3 0x8000920c (0xec7be013)
core   0: 0x80009210 (0x019b2233) slt     tp, s6, s9
core   0: 3 0x80009210 (0x019b2233) x 4 0x00000001
core   0: 0x80009214 (0x41278333) sub     t1, a5, s2
core   0: 3 0x80009214 (0x41278333) x 6 0x014e9745
core   0: 0x80009218 (0x01a8e2b3) or      t0, a7, s10
core   0: 3 0x80009218 (0x01a8e2b3) x 5 0x00000000
core   0: 0x8000921c (0x01a536b3) sltu    a3, a0, s10
core   0: 3 0x8000921c (0x01a536b3) x13 0x00000000
core   0: 0x80009220 (0x542ff893) andi    a7, t6, 1346
core   0: 3 0x80009220 (0x542ff893) x17 0x00000440
core   0: 0x80009224 (0x01fa9093) slli    ra, s5, 31
core   0: 3 0x80009224 (0x01fa9093) x 1 0x00000000
core   0: 0x80009228 (0x012b1cb3) sll     s9, s6, s2
core   0: 3 0x80009228 (0x012b1cb3) x25 0x00000000
core   0: 0x8000922c (0x412bd533) sra     a0, s7, s2
core   0: 3 0x8000922c (0x412bd533) x10 0x00000000
core   0: 0x80009230 (0x2cc37037) lui     zero, 0x2cc37
core   0: 3 0x80009230 (0x2cc37037)
core   0: 0x80009234 (0xd32d2613) slti    a2, s10, -718
core   0: 3 0x80009234 (0xd32d2613) x12 0x00000000
core   0: 0x80009238 (0xba8d2d93) slti    s11, s10, -1112
core   0: 3 0x80009238 (0xba8d2d93) x27 0x00000000
core   0: 0x8000923c (0x00093a33) sltu    s4, s2, zero
core   0: 3 0x8000923c (0x00093a33) x20 0x00000000
core   0: 0x80009240 (0x00000013) nop
core   0: 3 0x80009240 (0x00000013)
core   0: 0x80009244 (0x41c783b3) sub     t2, a5, t3
core   0: 3 0x80009244 (0x41c783b3) x 7 0xff4ed5fe
core   0: 0x80009248 (0xaee84d13) xori    s10, a6, -1298
core   0: 3 0x80009248 (0xaee84d13) x26 0x5bb3daee
core   0: 0x8000924c (0x0190c8b3) xor     a7, ra, s9
core   0: 3 0x8000924c (0x0190c8b3) x17 0x00000000
core   0: 0x80009250 (0x0158e6b3) or      a3, a7, s5
core   0: 3 0x80009250 (0x0158e6b3) x13 0xffffc544
core   0: 0x80009254 (0x552b7d93) andi    s11, s6, 1362
core   0: 3 0x80009254 (0x552b7d93) x27 0x00000000
core   0: 0x80009258 (0x01cdca33) xor     s4, s11, t3
core   0: 3 0x80009258 (0x01cdca33) x20 0xffffc580
core   0: 0x8000925c (0x6431cd13) xori    s10, gp, 1603
core   0: 3 0x8000925c (0x6431cd13) x26 0x7ffef7df
core   0: 0x80009260 (0x15e57093) andi    ra, a0, 350
core   0: 3 0x80009260 (0x15e57093) x 1 0x00000000
core   0: 0x80009264 (0x6c4b8b13) addi    s6, s7, 1732
core   0: 3 0x80009264 (0x6c4b8b13) x22 0x00000e68
core   0: 0x80009268 (0x0884f6b7) lui     a3, 0x884f
core   0: 3 0x80009268 (0x0884f6b7) x13 0x0884f000
core   0: 0x8000926c (0x007d04b3) add     s1, s10, t2
core   0: 3 0x8000926c (0x007d04b3) x 9 0x7f4dcddd
core   0: 0x80009270 (0x00a85f33) srl     t5, a6, a0
core   0: 3 0x80009270 (0x00a85f33) x30 0xa44c2000
core   0: 0x80009274 (0xf987ab13) slti    s6, a5, -104
core   0: 3 0x80009274 (0xf987ab13) x22 0x00000001
core   0: 0x80009278 (0x00545f13) srli    t5, s0, 5
core   0: 3 0x80009278 (0x00545f13) x30 0x05226100
core   0: 0x8000927c (0xb99b4213) xori    tp, s6, -1127
core   0: 3 0x8000927c (0xb99b4213) x 4 0xfffffb98
core   0: 0x80009280 (0x00460b33) add     s6, a2, tp
core   0: 3 0x80009280 (0x00460b33) x22 0xfffffb98
core   0: 0x80009284 (0x74a3f313) andi    t1, t2, 1866
core   0: 3 0x80009284 (0x74a3f313) x 6 0x0000054a
core   0: 0x80009288 (0x4100d513) srai    a0, ra, 16
core   0: 3 0x80009288 (0x4100d513) x10 0x00000000
core   0: 0x8000928c (0xd3cf8693) addi    a3, t6, -708
core   0: 3 0x8000928c (0xd3cf8693) x13 0x80014a20
core   0: 0x80009290 (0x0123a933) slt     s2, t2, s2
core   0: 3 0x80009290 (0x0123a933) x18 0x00000000
core   0: 0x80009294 (0x00328833) add     a6, t0, gp
core   0: 3 0x80009294 (0x00328833) x16 0x7ffef19c
core   0: 0x80009298 (0x6bf7c913) xori    s2, a5, 1727
core   0: 3 0x80009298 (0x6bf7c913) x18 0xff4e9dc1
core   0: 0x8000929c (0x01d28b33) add     s6, t0, t4
core   0: 3 0x8000929c (0x01d28b33) x22 0xdfd03f80
core   0: 0x800092a0 (0xc0cfa237) lui     tp, 0xc0cfa
core   0: 3 0x800092a0 (0xc0cfa237) x 4 0xc0cfa000
core   0: 0x800092a4 (0xb83251b7) lui     gp, 0xb8325
core   0: 3 0x800092a4 (0xb83251b7) x 3 0xb8325000
core   0: 0x800092a8 (0x016466b3) or      a3, s0, s6
core   0: 3 0x800092a8 (0x016466b3) x13 0xffdc3f80
core   0: 0x800092ac (0x41c15413) srai    s0, sp, 28
core   0: 3 0x800092ac (0x41c15413) x 8 0xfffffffd
core   0: 0x800092b0 (0x00b15833) srl     a6, sp, a1
core   0: 3 0x800092b0 (0x00b15833) x16 0xdfd00000
core   0: 0x800092b4 (0x00c729b3) slt     s3, a4, a2
core   0: 3 0x800092b4 (0x00c729b3) x19 0x00000001
core   0: 0x800092b8 (0x4121d013) srai    zero, gp, 18
core   0: 3 0x800092b8 (0x4121d013)
core   0: 0x800092bc (0x00c33eb3) sltu    t4, t1, a2
core   0: 3 0x800092bc (0x00c33eb3) x29 0x00000000
core   0: 0x800092c0 (0x01f0a6b3) slt     a3, ra, t6
core   0: 3 0x800092c0 (0x01f0a6b3) x13 0x00000000
core   0: 0x800092c4 (0x00dd8cb3) add     s9, s11, a3
core   0: 3 0x800092c4 (0x00dd8cb3) x25 0x00000000
core   0: 0x800092c8 (0x00000013) nop
core   0: 3 0x800092c8 (0x00000013)
core   0: 0x800092cc (0x00980b33) add     s6, a6, s1
core   0: 3 0x800092cc (0x00980b33) x22 0x5f1dcddd
core   0: 0x800092d0 (0x145ac613) xori    a2, s5, 325
core   0: 3 0x800092d0 (0x145ac613) x12 0xffffc401
core   0: 0x800092d4 (0x00c55e93) srli    t4, a0, 12
core   0: 3 0x800092d4 (0x00c55e93) x29 0x00000000
core   0: 0x800092d8 (0xd61e7813) andi    a6, t3, -671
core   0: 3 0x800092d8 (0xd61e7813) x16 0xffffc500
core   0: 0x800092dc (0xafbef813) andi    a6, t4, -1285
core   0: 3 0x800092dc (0xafbef813) x16 0x00000000
core   0: 0x800092e0 (0x013a7b33) and     s6, s4, s3
core   0: 3 0x800092e0 (0x013a7b33) x22 0x00000000
core   0: 0x800092e4 (0x7922bf13) sltiu   t5, t0, 1938
core   0: 3 0x800092e4 (0x7922bf13) x30 0x00000001
core   0: 0x800092e8 (0x01669393) slli    t2, a3, 22
core   0: 3 0x800092e8 (0x01669393) x 7 0x00000000
core   0: 0x800092ec (0x40cf8b33) sub     s6, t6, a2
core   0: 3 0x800092ec (0x40cf8b33) x22 0x800188e3
core   0: 0x800092f0 (0x01c92eb3) slt     t4, s2, t3
core   0: 3 0x800092f0 (0x01c92eb3) x29 0x00000001
core   0: 0x800092f4 (0x5a742937) lui     s2, 0x5a742
core   0: 3 0x800092f4 (0x5a742937) x18 0x5a742000
core   0: 0x800092f8 (0x0026b033) sltu    zero, a3, sp
core   0: 3 0x800092f8 (0x0026b033)
core   0: 0x800092fc (0x08523e13) sltiu   t3, tp, 133
core   0: 3 0x800092fc (0x08523e13) x28 0x00000000
core   0: 0x80009300 (0xca97fe17) auipc   t3, 0xca97f
core   0: 3 0x80009300 (0xca97fe17) x28 0x4a988300
core   0: 0x80009304 (0x002f1f33) sll     t5, t5, sp
core   0: 3 0x80009304 (0x002f1f33) x30 0x00000001
core   0: 0x80009308 (0x4101d933) sra     s2, gp, a6
core   0: 3 0x80009308 (0x4101d933) x18 0xb8325000
core   0: 0x8000930c (0xebe10d13) addi    s10, sp, -322
core   0: 3 0x8000930c (0xebe10d13) x26 0xdfcffebe
core   0: 0x80009310 (0x0130d613) srli    a2, ra, 19
core   0: 3 0x80009310 (0x0130d613) x12 0x00000000
core   0: 0x80009314 (0x01ef5c33) srl     s8, t5, t5
core   0: 3 0x80009314 (0x01ef5c33) x24 0x00000000
core   0: 0x80009318 (0x00000013) nop
core   0: 3 0x80009318 (0x00000013)
core   0: 0x8000931c (0x01305433) srl     s0, zero, s3
core   0: 3 0x8000931c (0x01305433) x 8 0x00000000
core   0: 0x80009320 (0x018bd5b3) srl     a1, s7, s8
core   0: 3 0x80009320 (0x018bd5b3) x11 0x000007a4
core   0: 0x80009324 (0x006ef3b3) and     t2, t4, t1
core   0: 3 0x80009324 (0x006ef3b3) x 7 0x00000000
core   0: 0x80009328 (0x0c435997) auipc   s3, 0xc435
core   0: 3 0x80009328 (0x0c435997) x19 0x8c43e328
core   0: 0x8000932c (0x00dd5393) srli    t2, s10, 13
core   0: 3 0x8000932c (0x00dd5393) x 7 0x0006fe7f
core   0: 0x80009330 (0x41855d13) srai    s10, a0, 24
core   0: 3 0x80009330 (0x41855d13) x26 0x00000000
core   0: 0x80009334 (0x7b0d2013) slti    zero, s10, 1968
core   0: 3 0x80009334 (0x7b0d2013)
core   0: 0x80009338 (0x0095d493) srli    s1, a1, 9
core   0: 3 0x80009338 (0x0095d493) x 9 0x00000003
core   0: 0x8000933c (0x14b4ee93) ori     t4, s1, 331
core   0: 3 0x8000933c (0x14b4ee93) x29 0x0000014b
core   0: 0x80009340 (0xa60f7c93) andi    s9, t5, -1440
core   0: 3 0x80009340 (0xa60f7c93) x25 0x00000000
core   0: 0x80009344 (0x15980593) addi    a1, a6, 345
core   0: 3 0x80009344 (0x15980593) x11 0x00000159
core   0: 0x80009348 (0x4166d633) sra     a2, a3, s6
core   0: 3 0x80009348 (0x4166d633) x12 0x00000000
core   0: 0x8000934c (0x00764633) xor     a2, a2, t2
core   0: 3 0x8000934c (0x00764633) x12 0x0006fe7f
core   0: 0x80009350 (0x90540e13) addi    t3, s0, -1787
core   0: 3 0x80009350 (0x90540e13) x28 0xfffff905
core   0: 0x80009354 (0x010cdbb3) srl     s7, s9, a6
core   0: 3 0x80009354 (0x010cdbb3) x23 0x00000000
core   0: 0x80009358 (0x00000013) nop
core   0: 3 0x80009358 (0x00000013)
core   0: 0x8000935c (0x59c34513) xori    a0, t1, 1436
core   0: 3 0x8000935c (0x59c34513) x10 0x000000d6
core   0: 0x80009360 (0xd5b2c497) auipc   s1, 0xd5b2c
core   0: 3 0x80009360 (0xd5b2c497) x 9 0x55b35360
core   0: 0x80009364 (0x28eaf293) andi    t0, s5, 654
core   0: 3 0x80009364 (0x28eaf293) x 5 0x00000004
core   0: 0x80009368 (0xe1d4a493) slti    s1, s1, -483
core   0: 3 0x80009368 (0xe1d4a493) x 9 0x00000000
core   0: 0x8000936c (0xcc5e4f13) xori    t5, t3, -827
core   0: 3 0x8000936c (0xcc5e4f13) x30 0x000005c0
core   0: 0x80009370 (0xb86e0593) addi    a1, t3, -1146
core   0: 3 0x80009370 (0xb86e0593) x11 0xfffff48b
core   0: 0x80009374 (0x40997417) auipc   s0, 0x40997
core   0: 3 0x80009374 (0x40997417) x 8 0xc09a0374
core   0: 0x80009378 (0x01851d93) slli    s11, a0, 24
core   0: 3 0x80009378 (0x01851d93) x27 0xd6000000
core   0: 0x8000937c (0x41f8d893) srai    a7, a7, 31
core   0: 3 0x8000937c (0x41f8d893) x17 0x00000000
core   0: 0x80009380 (0xcdeea393) slti    t2, t4, -802
core   0: 3 0x80009380 (0xcdeea393) x 7 0x00000000
core   0: 0x80009384 (0xa50a0993) addi    s3, s4, -1456
core   0: 3 0x80009384 (0xa50a0993) x19 0xffffbfd0
core   0: 0x80009388 (0x01e1dd13) srli    s10, gp, 30
core   0: 3 0x80009388 (0x01e1dd13) x26 0x00000002
core   0: 0x8000938c (0xf02205b7) lui     a1, 0xf0220
core   0: 3 0x8000938c (0xf02205b7) x11 0xf0220000
core   0: 0x80009390 (0x597ab813) sltiu   a6, s5, 1431
core   0: 3 0x80009390 (0x597ab813) x16 0x00000000
core   0: 0x80009394 (0x83e4c113) xori    sp, s1, -1986
core   0: 3 0x80009394 (0x83e4c113) x 2 0xfffff83e
core   0: 0x80009398 (0xb7770917) auipc   s2, 0xb7770
core   0: 3 0x80009398 (0xb7770917) x18 0x37779398
core   0: 0x8000939c (0x00a8c133) xor     sp, a7, a0
core   0: 3 0x8000939c (0x00a8c133) x 2 0x000000d6
core   0: 0x800093a0 (0x01672bb3) slt     s7, a4, s6
core   0: 3 0x800093a0 (0x01672bb3) x23 0x00000001
core   0: 0x800093a4 (0x12d88517) auipc   a0, 0x12d88
core   0: 3 0x800093a4 (0x12d88517) x10 0x92d913a4
core   0: 0x800093a8 (0x8af20617) auipc   a2, 0x8af20
core   0: 3 0x800093a8 (0x8af20617) x12 0x0af293a8
core   0: 0x800093ac (0x01a1cd33) xor     s10, gp, s10
core   0: 3 0x800093ac (0x01a1cd33) x26 0xb8325002
core   0: 0x800093b0 (0x872afa97) auipc   s5, 0x872af
core   0: 3 0x800093b0 (0x872afa97) x21 0x072b83b0
core   0: 0x800093b4 (0x00d0c5b3) xor     a1, ra, a3
core   0: 3 0x800093b4 (0x00d0c5b3) x11 0x00000000
core   0: 0x800093b8 (0x014e1693) slli    a3, t3, 20
core   0: 3 0x800093b8 (0x014e1693) x13 0x90500000
core   0: 0x800093bc (0x29b74693) xori    a3, a4, 667
core   0: 3 0x800093bc (0x29b74693) x13 0x80010cff
core   0: 0x800093c0 (0x018b42b3) xor     t0, s6, s8
core   0: 3 0x800093c0 (0x018b42b3) x 5 0x800188e3
core   0: 0x800093c4 (0x0115dcb3) srl     s9, a1, a7
core   0: 3 0x800093c4 (0x0115dcb3) x25 0x00000000
core   0: 0x800093c8 (0x01632f33) slt     t5, t1, s6
core   0: 3 0x800093c8 (0x01632f33) x30 0x00000000
core   0: 0x800093cc (0xb4c3f213) andi    tp, t2, -1204
core   0: 3 0x800093cc (0xb4c3f213) x 4 0x00000000
core   0: 0x800093d0 (0x00000013) nop
core   0: 3 0x800093d0 (0x00000013)
core   0: 0x800093d4 (0x016b9693) slli    a3, s7, 22
core   0: 3 0x800093d4 (0x016b9693) x13 0x00400000
core   0: 0x800093d8 (0x4c214b93) xori    s7, sp, 1218
core   0: 3 0x800093d8 (0x4c214b93) x23 0x00000414
core   0: 0x800093dc (0x25bd3093) sltiu   ra, s10, 603
core   0: 3 0x800093dc (0x25bd3093) x 1 0x00000000
core   0: 0x800093e0 (0x00dce8b3) or      a7, s9, a3
core   0: 3 0x800093e0 (0x00dce8b3) x17 0x00400000
core   0: 0x800093e4 (0x54946137) lui     sp, 0x54946
core   0: 3 0x800093e4 (0x54946137) x 2 0x54946000
core   0: 0x800093e8 (0x88fb3d93) sltiu   s11, s6, -1905
core   0: 3 0x800093e8 (0x88fb3d93) x27 0x00000001
core   0: 0x800093ec (0x004f9413) slli    s0, t6, 4
core   0: 3 0x800093ec (0x004f9413) x 8 0x0014ce40
core   0: 0x800093f0 (0x2ae2bf13) sltiu   t5, t0, 686
core   0: 3 0x800093f0 (0x2ae2bf13) x30 0x00000000
core   0: 0x800093f4 (0xb2e38213) addi    tp, t2, -1234
core   0: 3 0x800093f4 (0xb2e38213) x 4 0xfffffb2e
core   0: 0x800093f8 (0x00000013) nop
core   0: 3 0x800093f8 (0x00000013)
core   0: 0x800093fc (0xf481cc97) auipc   s9, 0xf481c
core   0: 3 0x800093fc (0xf481cc97) x25 0x748253fc
core   0: 0x80009400 (0x41fe5993) srai    s3, t3, 31
core   0: 3 0x80009400 (0x41fe5993) x19 0xffffffff
core   0: 0x80009404 (0x0009dc33) srl     s8, s3, zero
core   0: 3 0x80009404 (0x0009dc33) x24 0xffffffff
core   0: 0x80009408 (0x01eafc33) and     s8, s5, t5
core   0: 3 0x80009408 (0x01eafc33) x24 0x00000000
core   0: 0x8000940c (0x10008813) addi    a6, ra, 256
core   0: 3 0x8000940c (0x10008813) x16 0x00000100
core   0: 0x80009410 (0x574d3013) sltiu   zero, s10, 1396
core   0: 3 0x80009410 (0x574d3013)
core   0: 0x80009414 (0x01ff1a93) slli    s5, t5, 31
core   0: 3 0x80009414 (0x01ff1a93) x21 0x00000000
core   0: 0x80009418 (0x3ca97237) lui     tp, 0x3ca97
core   0: 3 0x80009418 (0x3ca97237) x 4 0x3ca97000
core   0: 0x8000941c (0x167f94b7) lui     s1, 0x167f9
core   0: 3 0x8000941c (0x167f94b7) x 9 0x167f9000
core   0: 0x80009420 (0x26c8ca93) xori    s5, a7, 620
core   0: 3 0x80009420 (0x26c8ca93) x21 0x0040026c
core   0: 0x80009424 (0x01de6d33) or      s10, t3, t4
core   0: 3 0x80009424 (0x01de6d33) x26 0xfffff94f
core   0: 0x80009428 (0x006c1433) sll     s0, s8, t1
core   0: 3 0x80009428 (0x006c1433) x 8 0x00000000
core   0: 0x8000942c (0x000fc233) xor     tp, t6, zero
core   0: 3 0x8000942c (0x000fc233) x 4 0x80014ce4
core   0: 0x80009430 (0x618a3b13) sltiu   s6, s4, 1560
core   0: 3 0x80009430 (0x618a3b13) x22 0x00000000
core   0: 0x80009434 (0x4486fa13) andi    s4, a3, 1096
core   0: 3 0x80009434 (0x4486fa13) x20 0x00000000
core   0: 0x80009438 (0x01f244b3) xor     s1, tp, t6
core   0: 3 0x80009438 (0x01f244b3) x 9 0x00000000
core   0: 0x8000943c (0x00e57d33) and     s10, a0, a4
core   0: 3 0x8000943c (0x00e57d33) x26 0x80010224
core   0: 0x80009440 (0x016230b3) sltu    ra, tp, s6
core   0: 3 0x80009440 (0x016230b3) x 1 0x00000000
core   0: 0x80009444 (0x01fdd333) srl     t1, s11, t6
core   0: 3 0x80009444 (0x01fdd333) x 6 0x00000000
core   0: 0x80009448 (0x00e17137) lui     sp, 0xe17
core   0: 3 0x80009448 (0x00e17137) x 2 0x00e17000
core   0: 0x8000944c (0x40b35a13) srai    s4, t1, 11
core   0: 3 0x8000944c (0x40b35a13) x20 0x00000000
core   0: 0x80009450 (0x99a49a97) auipc   s5, 0x99a49
core   0: 3 0x80009450 (0x99a49a97) x21 0x19a52450
core   0: 0x80009454 (0x01bb1293) slli    t0, s6, 27
core   0: 3 0x80009454 (0x01bb1293) x 5 0x00000000
core   0: 0x80009458 (0x01f66db3) or      s11, a2, t6
core   0: 3 0x80009458 (0x01f66db3) x27 0x8af3dfec
core   0: 0x8000945c (0x00fc1213) slli    tp, s8, 15
core   0: 3 0x8000945c (0x00fc1213) x 4 0x00000000
core   0: 0x80009460 (0x41e4db13) srai    s6, s1, 30
core   0: 3 0x80009460 (0x41e4db13) x22 0x00000000
core   0: 0x80009464 (0x01281bb3) sll     s7, a6, s2
core   0: 3 0x80009464 (0x01281bb3) x23 0x00000000
core   0: 0x80009468 (0x41c4dcb3) sra     s9, s1, t3
core   0: 3 0x80009468 (0x41c4dcb3) x25 0x00000000
core   0: 0x8000946c (0xe70a2bb7) lui     s7, 0xe70a2
core   0: 3 0x8000946c (0xe70a2bb7) x23 0xe70a2000
core   0: 0x80009470 (0x00000013) nop
core   0: 3 0x80009470 (0x00000013)
core   0: 0x80009474 (0xd32e3e13) sltiu   t3, t3, -718
core   0: 3 0x80009474 (0xd32e3e13) x28 0x00000001
core   0: 0x80009478 (0x002ed213) srli    tp, t4, 2
core   0: 3 0x80009478 (0x002ed213) x 4 0x00000052
core   0: 0x8000947c (0x01da3db3) sltu    s11, s4, t4
core   0: 3 0x8000947c (0x01da3db3) x27 0x00000001
core   0: 0x80009480 (0xa20006b7) lui     a3, 0xa2000
core   0: 3 0x80009480 (0xa20006b7) x13 0xa2000000
core   0: 0x80009484 (0x2763ae13) slti    t3, t2, 630
core   0: 3 0x80009484 (0x2763ae13) x28 0x00000001
core   0: 0x80009488 (0x41105d93) srai    s11, zero, 17
core   0: 3 0x80009488 (0x41105d93) x27 0x00000000
core   0: 0x8000948c (0xf2e94337) lui     t1, 0xf2e94
core   0: 3 0x8000948c (0xf2e94337) x 6 0xf2e94000
core   0: 0x80009490 (0x01cfad33) slt     s10, t6, t3
core   0: 3 0x80009490 (0x01cfad33) x26 0x00000001
core   0: 0x80009494 (0xd6977513) andi    a0, a4, -663
core   0: 3 0x80009494 (0xd6977513) x10 0x80010c60
core   0: 0x80009498 (0x00ecc4b3) xor     s1, s9, a4
core   0: 3 0x80009498 (0x00ecc4b3) x 9 0x80010e64
core   0: 0x8000949c (0x11b6a513) slti    a0, a3, 283
core   0: 3 0x8000949c (0x11b6a513) x10 0x00000001
core   0: 0x800094a0 (0x40ac86b3) sub     a3, s9, a0
core   0: 3 0x800094a0 (0x40ac86b3) x13 0xffffffff
core   0: 0x800094a4 (0x00000013) nop
core   0: 3 0x800094a4 (0x00000013)
core   0: 0x800094a8 (0x00000e93) li      t4, 0
core   0: 3 0x800094a8 (0x00000e93) x29 0x00000000
core   0: 0x800094ac (0xfff00d93) li      s11, -1
core   0: 3 0x800094ac (0xfff00d93) x27 0xffffffff
core   0: 0x800094b0 (0x800008b7) lui     a7, 0x80000
core   0: 3 0x800094b0 (0x800008b7) x17 0x80000000
core   0: 0x800094b4 (0x80000237) lui     tp, 0x80000
core   0: 3 0x800094b4 (0x80000237) x 4 0x80000000
core   0: 0x800094b8 (0x00000e13) li      t3, 0
core   0: 3 0x800094b8 (0x00000e13) x28 0x00000000
core   0: 0x800094bc (0xe2b96b37) lui     s6, 0xe2b96
core   0: 3 0x800094bc (0xe2b96b37) x22 0xe2b96000
core   0: 0x800094c0 (0x124b0b13) addi    s6, s6, 292
core   0: 3 0x800094c0 (0x124b0b13) x22 0xe2b96124
core   0: 0x800094c4 (0xbb84a4b7) lui     s1, 0xbb84a
core   0: 3 0x800094c4 (0xbb84a4b7) x 9 0xbb84a000
core   0: 0x800094c8 (0x0ac48493) addi    s1, s1, 172
core   0: 3 0x800094c8 (0x0ac48493) x 9 0xbb84a0ac
core   0: 0x800094cc (0xe0397cb7) lui     s9, 0xe0397
core   0: 3 0x800094cc (0xe0397cb7) x25 0xe0397000
core   0: 0x800094d0 (0xbd8c8c93) addi    s9, s9, -1064
core   0: 3 0x800094d0 (0xbd8c8c93) x25 0xe0396bd8
core   0: 0x800094d4 (0x761bbc37) lui     s8, 0x761bb
core   0: 3 0x800094d4 (0x761bbc37) x24 0x761bb000
core   0: 0x800094d8 (0x9b9c0c13) addi    s8, s8, -1607
core   0: 3 0x800094d8 (0x9b9c0c13) x24 0x761ba9b9
core   0: 0x800094dc (0x80000937) lui     s2, 0x80000
core   0: 3 0x800094dc (0x80000937) x18 0x80000000
core   0: 0x800094e0 (0x7da05cb7) lui     s9, 0x7da05
core   0: 3 0x800094e0 (0x7da05cb7) x25 0x7da05000
core   0: 0x800094e4 (0x56d42e97) auipc   t4, 0x56d42
core   0: 3 0x800094e4 (0x56d42e97) x29 0xd6d4b4e4
core   0: 0x800094e8 (0x41cb0933) sub     s2, s6, t3
core   0: 3 0x800094e8 (0x41cb0933) x18 0xe2b96124
core   0: 0x800094ec (0x01248e33) add     t3, s1, s2
core   0: 3 0x800094ec (0x01248e33) x28 0x9e3e01d0
core   0: 0x800094f0 (0xf5526937) lui     s2, 0xf5526
core   0: 3 0x800094f0 (0xf5526937) x18 0xf5526000
core   0: 0x800094f4 (0x36820b37) lui     s6, 0x36820
core   0: 3 0x800094f4 (0x36820b37) x22 0x36820000
core   0: 0x800094f8 (0x9b411b37) lui     s6, 0x9b411
core   0: 3 0x800094f8 (0x9b411b37) x22 0x9b411000
core   0: 0x800094fc (0x144dbe37) lui     t3, 0x144db
core   0: 3 0x800094fc (0x144dbe37) x28 0x144db000
core   0: 0x80009500 (0x00000013) nop
core   0: 3 0x80009500 (0x00000013)
core   0: 0x80009504 (0x01de8933) add     s2, t4, t4
core   0: 3 0x80009504 (0x01de8933) x18 0xada969c8
core   0: 0x80009508 (0x08938937) lui     s2, 0x8938
core   0: 3 0x80009508 (0x08938937) x18 0x08938000
core   0: 0x8000950c (0xba37f917) auipc   s2, 0xba37f
core   0: 3 0x8000950c (0xba37f917) x18 0x3a38850c
core   0: 0x80009510 (0x01648233) add     tp, s1, s6
core   0: 3 0x80009510 (0x01648233) x 4 0x56c5b0ac
core   0: 0x80009514 (0x41888b33) sub     s6, a7, s8
core   0: 3 0x80009514 (0x41888b33) x22 0x09e45647
core   0: 0x80009518 (0x409d8eb3) sub     t4, s11, s1
core   0: 3 0x80009518 (0x409d8eb3) x29 0x447b5f53
core   0: 0x8000951c (0x00000013) nop
core   0: 3 0x8000951c (0x00000013)
core   0: 0x80009520 (0x00988b33) add     s6, a7, s1
core   0: 3 0x80009520 (0x00988b33) x22 0x3b84a0ac
core   0: 0x80009524 (0x41bc0db3) sub     s11, s8, s11
core   0: 3 0x80009524 (0x41bc0db3) x27 0x761ba9ba
core   0: 0x80009528 (0x002519b3) sll     s3, a0, sp
core   0: 3 0x80009528 (0x002519b3) x19 0x00000001
core   0: 0x8000952c (0xf2a4f513) andi    a0, s1, -214
core   0: 3 0x8000952c (0xf2a4f513) x10 0xbb84a028
core   0: 0x80009530 (0x5e646337) lui     t1, 0x5e646
core   0: 3 0x80009530 (0x5e646337) x 6 0x5e646000
core   0: 0x80009534 (0x0085b2b3) sltu    t0, a1, s0
core   0: 3 0x80009534 (0x0085b2b3) x 5 0x00000000
core   0: 0x80009538 (0x01ef9b13) slli    s6, t6, 30
core   0: 3 0x80009538 (0x01ef9b13) x22 0x00000000
core   0: 0x8000953c (0xb2ca4413) xori    s0, s4, -1236
core   0: 3 0x8000953c (0xb2ca4413) x 8 0xfffffb2c
core   0: 0x80009540 (0xf6f274b7) lui     s1, 0xf6f27
core   0: 3 0x80009540 (0xf6f274b7) x 9 0xf6f27000
core   0: 0x80009544 (0x00283d33) sltu    s10, a6, sp
core   0: 3 0x80009544 (0x00283d33) x26 0x00000001
core   0: 0x80009548 (0x8dcde093) ori     ra, s11, -1828
core   0: 3 0x80009548 (0x8dcde093) x 1 0xfffff9fe
core   0: 0x8000954c (0x00dd1533) sll     a0, s10, a3
core   0: 3 0x8000954c (0x00dd1533) x10 0x80000000
core   0: 0x80009550 (0x8b6cc613) xori    a2, s9, -1866
core   0: 3 0x80009550 (0x8b6cc613) x12 0x825fa8b6
core   0: 0x80009554 (0x5aa961b7) lui     gp, 0x5aa96
core   0: 3 0x80009554 (0x5aa961b7) x 3 0x5aa96000
core   0: 0x80009558 (0x016f1993) slli    s3, t5, 22
core   0: 3 0x80009558 (0x016f1993) x19 0x00000000
core   0: 0x8000955c (0x01701213) slli    tp, zero, 23
core   0: 3 0x8000955c (0x01701213) x 4 0x00000000
core   0: 0x80009560 (0x00397533) and     a0, s2, gp
core   0: 3 0x80009560 (0x00397533) x10 0x1a280000
core   0: 0x80009564 (0xd05def13) ori     t5, s11, -763
core   0: 3 0x80009564 (0xd05def13) x30 0xfffffdbf
core   0: 0x80009568 (0x00ae5533) srl     a0, t3, a0
core   0: 3 0x80009568 (0x00ae5533) x10 0x144db000
core   0: 0x8000956c (0x000ee433) or      s0, t4, zero
core   0: 3 0x8000956c (0x000ee433) x 8 0x447b5f53
core   0: 0x80009570 (0x01709813) slli    a6, ra, 23
core   0: 3 0x80009570 (0x01709813) x16 0xff000000
core   0: 0x80009574 (0x40e28833) sub     a6, t0, a4
core   0: 3 0x80009574 (0x40e28833) x16 0x7ffef19c
core   0: 0x80009578 (0x01458633) add     a2, a1, s4
core   0: 3 0x80009578 (0x01458633) x12 0x00000000
core   0: 0x8000957c (0xb53c4d93) xori    s11, s8, -1197
core   0: 3 0x8000957c (0xb53c4d93) x27 0x89e452ea
core   0: 0x80009580 (0x40d20e33) sub     t3, tp, a3
core   0: 3 0x80009580 (0x40d20e33) x28 0x00000001
core   0: 0x80009584 (0x762dae13) slti    t3, s11, 1890
core   0: 3 0x80009584 (0x762dae13) x28 0x00000001
core   0: 0x80009588 (0xcf15d497) auipc   s1, 0xcf15d
core   0: 3 0x80009588 (0xcf15d497) x 9 0x4f166588
core   0: 0x8000958c (0x5c40cc37) lui     s8, 0x5c40c
core   0: 3 0x8000958c (0x5c40cc37) x24 0x5c40c000
core   0: 0x80009590 (0x01423533) sltu    a0, tp, s4
core   0: 3 0x80009590 (0x01423533) x10 0x00000000
core   0: 0x80009594 (0x40875693) srai    a3, a4, 8
core   0: 3 0x80009594 (0x40875693) x13 0xff80010e
core   0: 0x80009598 (0x41f60233) sub     tp, a2, t6
core   0: 3 0x80009598 (0x41f60233) x 4 0x7ffeb31c
core   0: 0x8000959c (0x007c5a13) srli    s4, s8, 7
core   0: 3 0x8000959c (0x007c5a13) x20 0x00b88180
core   0: 0x800095a0 (0x59a64a93) xori    s5, a2, 1434
core   0: 3 0x800095a0 (0x59a64a93) x21 0x0000059a
core   0: 0x800095a4 (0x009cd633) srl     a2, s9, s1
core   0: 3 0x800095a4 (0x009cd633) x12 0x007da050
core   0: 0x800095a8 (0xe2e8be13) sltiu   t3, a7, -466
core   0: 3 0x800095a8 (0xe2e8be13) x28 0x00000001
core   0: 0x800095ac (0x23c1f6b7) lui     a3, 0x23c1f
core   0: 3 0x800095ac (0x23c1f6b7) x13 0x23c1f000
core   0: 0x800095b0 (0x015bb633) sltu    a2, s7, s5
core   0: 3 0x800095b0 (0x015bb633) x12 0x00000000
core   0: 0x800095b4 (0x00d9d293) srli    t0, s3, 13
core   0: 3 0x800095b4 (0x00d9d293) x 5 0x00000000
core   0: 0x800095b8 (0x415bd333) sra     t1, s7, s5
core   0: 3 0x800095b8 (0x415bd333) x 6 0xfffffff9
core   0: 0x800095bc (0x182e7f37) lui     t5, 0x182e7
core   0: 3 0x800095bc (0x182e7f37) x30 0x182e7000
core   0: 0x800095c0 (0xfced4013) xori    zero, s10, -50
core   0: 3 0x800095c0 (0xfced4013)
core   0: 0x800095c4 (0x413e04b3) sub     s1, t3, s3
core   0: 3 0x800095c4 (0x413e04b3) x 9 0x00000001
core   0: 0x800095c8 (0x01504d33) xor     s10, zero, s5
core   0: 3 0x800095c8 (0x01504d33) x26 0x0000059a
core   0: 0x800095cc (0x38a44293) xori    t0, s0, 906
core   0: 3 0x800095cc (0x38a44293) x 5 0x447b5cd9
core   0: 0x800095d0 (0xf4983a93) sltiu   s5, a6, -183
core   0: 3 0x800095d0 (0xf4983a93) x21 0x00000001
core   0: 0x800095d4 (0xceb2c493) xori    s1, t0, -789
core   0: 3 0x800095d4 (0xceb2c493) x 9 0xbb84a032
core   0: 0x800095d8 (0x01563633) sltu    a2, a2, s5
core   0: 3 0x800095d8 (0x01563633) x12 0x00000001
core   0: 0x800095dc (0x0013cbb3) xor     s7, t2, ra
core   0: 3 0x800095dc (0x0013cbb3) x23 0xfffff9fe
core   0: 0x800095e0 (0x14bbe613) ori     a2, s7, 331
core   0: 3 0x800095e0 (0x14bbe613) x12 0xfffff9ff
core   0: 0x800095e4 (0x008ac5b3) xor     a1, s5, s0
core   0: 3 0x800095e4 (0x008ac5b3) x11 0x447b5f52
core   0: 0x800095e8 (0x010d9093) slli    ra, s11, 16
core   0: 3 0x800095e8 (0x010d9093) x 1 0x52ea0000
core   0: 0x800095ec (0x011b6eb3) or      t4, s6, a7
core   0: 3 0x800095ec (0x011b6eb3) x29 0x80000000
core   0: 0x800095f0 (0x00557a33) and     s4, a0, t0
core   0: 3 0x800095f0 (0x00557a33) x20 0x00000000
core   0: 0x800095f4 (0x00ff7c33) and     s8, t5, a5
core   0: 3 0x800095f4 (0x00ff7c33) x24 0x180e1000
core   0: 0x800095f8 (0xde74ae13) slti    t3, s1, -537
core   0: 3 0x800095f8 (0xde74ae13) x28 0x00000001
core   0: 0x800095fc (0x0083b6b3) sltu    a3, t2, s0
core   0: 3 0x800095fc (0x0083b6b3) x13 0x00000001
core   0: 0x80009600 (0xb4d37e13) andi    t3, t1, -1203
core   0: 3 0x80009600 (0xb4d37e13) x28 0xfffffb49
core   0: 0x80009604 (0x00fb5a93) srli    s5, s6, 15
core   0: 3 0x80009604 (0x00fb5a93) x21 0x00000000
core   0: 0x80009608 (0xb877af17) auipc   t5, 0xb877a
core   0: 3 0x80009608 (0xb877af17) x30 0x38783608
core   0: 0x8000960c (0x001735b3) sltu    a1, a4, ra
core   0: 3 0x8000960c (0x001735b3) x11 0x00000000
core   0: 0x80009610 (0x01115113) srli    sp, sp, 17
core   0: 3 0x80009610 (0x01115113) x 2 0x00000070
core   0: 0x80009614 (0x00ce4533) xor     a0, t3, a2
core   0: 3 0x80009614 (0x00ce4533) x10 0x000002b6
core   0: 0x80009618 (0x01b60a33) add     s4, a2, s11
core   0: 3 0x80009618 (0x01b60a33) x20 0x89e44ce9
core   0: 0x8000961c (0x402100b3) sub     ra, sp, sp
core   0: 3 0x8000961c (0x402100b3) x 1 0x00000000
core   0: 0x80009620 (0x019793b3) sll     t2, a5, s9
core   0: 3 0x80009620 (0x019793b3) x 7 0xff4e9b7e
core   0: 0x80009624 (0x00bfd693) srli    a3, t6, 11
core   0: 3 0x80009624 (0x00bfd693) x13 0x00100029
core   0: 0x80009628 (0x53562313) slti    t1, a2, 1333
core   0: 3 0x80009628 (0x53562313) x 6 0x00000001
core   0: 0x8000962c (0x017790b3) sll     ra, a5, s7
core   0: 3 0x8000962c (0x017790b3) x 1 0x80000000
core   0: 0x80009630 (0x01fc73b3) and     t2, s8, t6
core   0: 3 0x80009630 (0x01fc73b3) x 7 0x00000000
core   0: 0x80009634 (0x10b90693) addi    a3, s2, 267
core   0: 3 0x80009634 (0x10b90693) x13 0x3a388617
core   0: 0x80009638 (0x0019a633) slt     a2, s3, ra
core   0: 3 0x80009638 (0x0019a633) x12 0x00000000
core   0: 0x8000963c (0x01fbcdb3) xor     s11, s7, t6
core   0: 3 0x8000963c (0x01fbcdb3) x27 0x7ffeb51a
core   0: 0x80009640 (0xbe908993) addi    s3, ra, -1047
core   0: 3 0x80009640 (0xbe908993) x19 0x7ffffbe9
core   0: 0x80009644 (0x41195493) srai    s1, s2, 17
core   0: 3 0x80009644 (0x41195493) x 9 0x00001d1c
core   0: 0x80009648 (0x5f67bc93) sltiu   s9, a5, 1526
core   0: 3 0x80009648 (0x5f67bc93) x25 0x00000000
core   0: 0x8000964c (0x00480d33) add     s10, a6, tp
core   0: 3 0x8000964c (0x00480d33) x26 0xfffda4b8
core   0: 0x80009650 (0xb68df617) auipc   a2, 0xb68df
core   0: 3 0x80009650 (0xb68df617) x12 0x368e8650
core   0: 0x80009654 (0x4009d833) sra     a6, s3, zero
core   0: 3 0x80009654 (0x4009d833) x16 0x7ffffbe9
core   0: 0x80009658 (0x00b85c13) srli    s8, a6, 11
core   0: 3 0x80009658 (0x00b85c13) x24 0x000fffff
core   0: 0x8000965c (0xff287413) andi    s0, a6, -14
core   0: 3 0x8000965c (0xff287413) x 8 0x7ffffbe0
core   0: 0x80009660 (0x61162593) slti    a1, a2, 1553
core   0: 3 0x80009660 (0x61162593) x11 0x00000000
core   0: 0x80009664 (0x008983b3) add     t2, s3, s0
core   0: 3 0x80009664 (0x008983b3) x 7 0xfffff7c9
core   0: 0x80009668 (0x01921a93) slli    s5, tp, 25
core   0: 3 0x80009668 (0x01921a93) x21 0x38000000
core   0: 0x8000966c (0x005b4d33) xor     s10, s6, t0
core   0: 3 0x8000966c (0x005b4d33) x26 0x447b5cd9
core   0: 0x80009670 (0x274cb893) sltiu   a7, s9, 628
core   0: 3 0x80009670 (0x274cb893) x17 0x00000001
core   0: 0x80009674 (0x5aac7b13) andi    s6, s8, 1450
core   0: 3 0x80009674 (0x5aac7b13) x22 0x000005aa
core   0: 0x80009678 (0x0039e133) or      sp, s3, gp
core   0: 3 0x80009678 (0x0039e133) x 2 0x7ffffbe9
core   0: 0x8000967c (0x01abd633) srl     a2, s7, s10
core   0: 3 0x8000967c (0x01abd633) x12 0x0000007f
core   0: 0x80009680 (0x0066e5b3) or      a1, a3, t1
core   0: 3 0x80009680 (0x0066e5b3) x11 0x3a388617
core   0: 0x80009684 (0x92c92f13) slti    t5, s2, -1748
core   0: 3 0x80009684 (0x92c92f13) x30 0x00000000
core   0: 0x80009688 (0x004709b3) add     s3, a4, tp
core   0: 3 0x80009688 (0x004709b3) x19 0xffffc180
core   0: 0x8000968c (0x00000013) nop
core   0: 3 0x8000968c (0x00000013)
core   0: 0x80009690 (0x3ce74f13) xori    t5, a4, 974
core   0: 3 0x80009690 (0x3ce74f13) x30 0x80010daa
core   0: 0x80009694 (0x410b5633) sra     a2, s6, a6
core   0: 3 0x80009694 (0x410b5633) x12 0x00000002
core   0: 0x80009698 (0x013553b3) srl     t2, a0, s3
core   0: 3 0x80009698 (0x013553b3) x 7 0x000002b6
core   0: 0x8000969c (0x010590b3) sll     ra, a1, a6
core   0: 3 0x8000969c (0x010590b3) x 1 0x710c2e00
core   0: 0x800096a0 (0xdbfdb213) sltiu   tp, s11, -577
core   0: 3 0x800096a0 (0xdbfdb213) x 4 0x00000001
core   0: 0x800096a4 (0xf96724b7) lui     s1, 0xf9672
core   0: 3 0x800096a4 (0xf96724b7) x 9 0xf9672000
core   0: 0x800096a8 (0x2600ea13) ori     s4, ra, 608
core   0: 3 0x800096a8 (0x2600ea13) x20 0x710c2e60
core   0: 0x800096ac (0x01cc75b3) and     a1, s8, t3
core   0: 3 0x800096ac (0x01cc75b3) x11 0x000ffb49
core   0: 0x800096b0 (0x00000013) nop
core   0: 3 0x800096b0 (0x00000013)
core   0: 0x800096b4 (0xd9757893) andi    a7, a0, -617
core   0: 3 0x800096b4 (0xd9757893) x17 0x00000096
core   0: 0x800096b8 (0x01412333) slt     t1, sp, s4
core   0: 3 0x800096b8 (0x01412333) x 6 0x00000000
core   0: 0x800096bc (0x3b227c93) andi    s9, tp, 946
core   0: 3 0x800096bc (0x3b227c93) x25 0x00000000
core   0: 0x800096c0 (0x01328b33) add     s6, t0, s3
core   0: 3 0x800096c0 (0x01328b33) x22 0x447b1e59
core   0: 0x800096c4 (0x00000013) nop
core   0: 3 0x800096c4 (0x00000013)
core   0: 0x800096c8 (0x40955a93) srai    s5, a0, 9
core   0: 3 0x800096c8 (0x40955a93) x21 0x00000001
core   0: 0x800096cc (0x008c8233) add     tp, s9, s0
core   0: 3 0x800096cc (0x008c8233) x 4 0x7ffffbe0
core   0: 0x800096d0 (0x004133b3) sltu    t2, sp, tp
core   0: 3 0x800096d0 (0x004133b3) x 7 0x00000000
core   0: 0x800096d4 (0x404dd433) sra     s0, s11, tp
core   0: 3 0x800096d4 (0x404dd433) x 8 0x7ffeb51a
core   0: 0x800096d8 (0xcd044313) xori    t1, s0, -816
core   0: 3 0x800096d8 (0xcd044313) x 6 0x800149ca
core   0: 0x800096dc (0x00da1333) sll     t1, s4, a3
core   0: 3 0x800096dc (0x00da1333) x 6 0x30000000
core   0: 0x800096e0 (0x400b5213) srai    tp, s6, 0
core   0: 3 0x800096e0 (0x400b5213) x 4 0x447b1e59
core   0: 0x800096e4 (0x01846f33) or      t5, s0, s8
core   0: 3 0x800096e4 (0x01846f33) x30 0x7fffffff
core   0: 0x800096e8 (0x40db8e33) sub     t3, s7, a3
core   0: 3 0x800096e8 (0x40db8e33) x28 0xc5c773e7
core   0: 0x800096ec (0x89962593) slti    a1, a2, -1895
core   0: 3 0x800096ec (0x89962593) x11 0x00000000
core   0: 0x800096f0 (0x014db833) sltu    a6, s11, s4
core   0: 3 0x800096f0 (0x014db833) x16 0x00000000
core   0: 0x800096f4 (0x01d21693) slli    a3, tp, 29
core   0: 3 0x800096f4 (0x01d21693) x13 0x20000000
core   0: 0x800096f8 (0x5b1a3c13) sltiu   s8, s4, 1457
core   0: 3 0x800096f8 (0x5b1a3c13) x24 0x00000000
core   0: 0x800096fc (0x00000013) nop
core   0: 3 0x800096fc (0x00000013)
core   0: 0x80009700 (0xe69ce513) ori     a0, s9, -407
core   0: 3 0x80009700 (0xe69ce513) x10 0xfffffe69
core   0: 0x80009704 (0x011c7833) and     a6, s8, a7
core   0: 3 0x80009704 (0x011c7833) x16 0x00000000
core   0: 0x80009708 (0x2815ea13) ori     s4, a1, 641
core   0: 3 0x80009708 (0x2815ea13) x20 0x00000281
core   0: 0x8000970c (0x701fed93) ori     s11, t6, 1793
core   0: 3 0x8000970c (0x701fed93) x27 0x80014fe5
core   0: 0x80009710 (0x00faa3b3) slt     t2, s5, a5
core   0: 3 0x80009710 (0x00faa3b3) x 7 0x00000000
core   0: 0x80009714 (0x97d80613) addi    a2, a6, -1667
core   0: 3 0x80009714 (0x97d80613) x12 0xfffff97d
core   0: 0x80009718 (0x00000c13) li      s8, 0
core   0: 3 0x80009718 (0x00000c13) x24 0x00000000
core   0: 0x8000971c (0xfff00393) li      t2, -1
core   0: 3 0x8000971c (0xfff00393) x 7 0xffffffff
core   0: 0x80009720 (0xb1beea37) lui     s4, 0xb1bee
core   0: 3 0x80009720 (0xb1beea37) x20 0xb1bee000
core   0: 0x80009724 (0x34fa0a13) addi    s4, s4, 847
core   0: 3 0x80009724 (0x34fa0a13) x20 0xb1bee34f
core   0: 0x80009728 (0x80000437) lui     s0, 0x80000
core   0: 3 0x80009728 (0x80000437) x 8 0x80000000
core   0: 0x8000972c (0xfff00d13) li      s10, -1
core   0: 3 0x8000972c (0xfff00d13) x26 0xffffffff
core   0: 0x80009730 (0x00000293) li      t0, 0
core   0: 3 0x80009730 (0x00000293) x 5 0x00000000
core   0: 0x80009734 (0x00000513) li      a0, 0
core   0: 3 0x80009734 (0x00000513) x10 0x00000000
core   0: 0x80009738 (0x80000e37) lui     t3, 0x80000
core   0: 3 0x80009738 (0x80000e37) x28 0x80000000
core   0: 0x8000973c (0x873dc5b7) lui     a1, 0x873dc
core   0: 3 0x8000973c (0x873dc5b7) x11 0x873dc000
core   0: 0x80009740 (0x56d58593) addi    a1, a1, 1389
core   0: 3 0x80009740 (0x56d58593) x11 0x873dc56d
core   0: 0x80009744 (0xfff00f13) li      t5, -1
core   0: 3 0x80009744 (0xfff00f13) x30 0xffffffff
core   0: 0x80009748 (0xd19eaf17) auipc   t5, 0xd19ea
core   0: 3 0x80009748 (0xd19eaf17) x30 0x519f3748
core   0: 0x8000974c (0x3b558f13) addi    t5, a1, 949
core   0: 3 0x8000974c (0x3b558f13) x30 0x873dc922
core   0: 0x80009750 (0x6abd2e17) auipc   t3, 0x6abd2
core   0: 3 0x80009750 (0x6abd2e17) x28 0xeabdb750
core   0: 0x80009754 (0x00a38d33) add     s10, t2, a0
core   0: 3 0x80009754 (0x00a38d33) x26 0xffffffff
core   0: 0x80009758 (0x00538433) add     s0, t2, t0
core   0: 3 0x80009758 (0x00538433) x 8 0xffffffff
core   0: 0x8000975c (0x41450c33) sub     s8, a0, s4
core   0: 3 0x8000975c (0x41450c33) x24 0x4e411cb1
core   0: 0x80009760 (0xdefac5b7) lui     a1, 0xdefac
core   0: 3 0x80009760 (0xdefac5b7) x11 0xdefac000
core   0: 0x80009764 (0x48538593) addi    a1, t2, 1157
core   0: 3 0x80009764 (0x48538593) x11 0x00000484
core   0: 0x80009768 (0x6d64a3b7) lui     t2, 0x6d64a
core   0: 3 0x80009768 (0x6d64a3b7) x 7 0x6d64a000
core   0: 0x8000976c (0xbe3c0413) addi    s0, s8, -1053
core   0: 3 0x8000976c (0xbe3c0413) x 8 0x4e411894
core   0: 0x80009770 (0x00828a33) add     s4, t0, s0
core   0: 3 0x80009770 (0x00828a33) x20 0x4e411894
core   0: 0x80009774 (0x005385b3) add     a1, t2, t0
core   0: 3 0x80009774 (0x005385b3) x11 0x6d64a000
core   0: 0x80009778 (0x418582b3) sub     t0, a1, s8
core   0: 3 0x80009778 (0x418582b3) x 5 0x1f23834f
core   0: 0x8000977c (0x3b658a13) addi    s4, a1, 950
core   0: 3 0x8000977c (0x3b658a13) x20 0x6d64a3b6
core   0: 0x80009780 (0xf7a543b7) lui     t2, 0xf7a54
core   0: 3 0x80009780 (0xf7a543b7) x 7 0xf7a54000
core   0: 0x80009784 (0xd64f2d37) lui     s10, 0xd64f2
core   0: 3 0x80009784 (0xd64f2d37) x26 0xd64f2000
core   0: 0x80009788 (0x4142d893) srai    a7, t0, 20
core   0: 3 0x80009788 (0x4142d893) x17 0x000001f2
core   0: 0x8000978c (0x00e85493) srli    s1, a6, 14
core   0: 3 0x8000978c (0x00e85493) x 9 0x00000000
core   0: 0x80009790 (0x012baeb3) slt     t4, s7, s2
core   0: 3 0x80009790 (0x012baeb3) x29 0x00000001
core   0: 0x80009794 (0x0199a033) slt     zero, s3, s9
core   0: 3 0x80009794 (0x0199a033)
core   0: 0x80009798 (0x3d73bf13) sltiu   t5, t2, 983
core   0: 3 0x80009798 (0x3d73bf13) x30 0x00000000
core   0: 0x8000979c (0xc1ce3e93) sltiu   t4, t3, -996
core   0: 3 0x8000979c (0xc1ce3e93) x29 0x00000001
core   0: 0x800097a0 (0xecd80d93) addi    s11, a6, -307
core   0: 3 0x800097a0 (0xecd80d93) x27 0xfffffecd
core   0: 0x800097a4 (0x40998833) sub     a6, s3, s1
core   0: 3 0x800097a4 (0x40998833) x16 0xffffc180
core   0: 0x800097a8 (0x015f0533) add     a0, t5, s5
core   0: 3 0x800097a8 (0x015f0533) x10 0x00000001
core   0: 0x800097ac (0xa3f41597) auipc   a1, 0xa3f41
core   0: 3 0x800097ac (0xa3f41597) x11 0x23f4a7ac
core   0: 0x800097b0 (0x40e754b3) sra     s1, a4, a4
core   0: 3 0x800097b0 (0x40e754b3) x 9 0xf80010e6
core   0: 0x800097b4 (0xa03e2393) slti    t2, t3, -1533
core   0: 3 0x800097b4 (0xa03e2393) x 7 0x00000001
core   0: 0x800097b8 (0x2603a013) slti    zero, t2, 608
core   0: 3 0x800097b8 (0x2603a013)
core   0: 0x800097bc (0x01d8e6b3) or      a3, a7, t4
core   0: 3 0x800097bc (0x01d8e6b3) x13 0x000001f3
core   0: 0x800097c0 (0x00851cb3) sll     s9, a0, s0
core   0: 3 0x800097c0 (0x00851cb3) x25 0x00100000
core   0: 0x800097c4 (0x009ad593) srli    a1, s5, 9
core   0: 3 0x800097c4 (0x009ad593) x11 0x00000000
core   0: 0x800097c8 (0x41088e33) sub     t3, a7, a6
core   0: 3 0x800097c8 (0x41088e33) x28 0x00004072
core   0: 0x800097cc (0x40eb5833) sra     a6, s6, a4
core   0: 3 0x800097cc (0x40eb5833) x16 0x0447b1e5
core   0: 0x800097d0 (0x00000013) nop
core   0: 3 0x800097d0 (0x00000013)
core   0: 0x800097d4 (0x40895ab3) sra     s5, s2, s0
core   0: 3 0x800097d4 (0x40895ab3) x21 0x000003a3
core   0: 0x800097d8 (0x2c533c93) sltiu   s9, t1, 709
core   0: 3 0x800097d8 (0x2c533c93) x25 0x00000000
core   0: 0x800097dc (0x78afc513) xori    a0, t6, 1930
core   0: 3 0x800097dc (0x78afc513) x10 0x80014b6e
core   0: 0x800097e0 (0x449bc593) xori    a1, s7, 1097
core   0: 3 0x800097e0 (0x449bc593) x11 0xfffffdb7
core   0: 0x800097e4 (0x81fd3313) sltiu   t1, s10, -2017
core   0: 3 0x800097e4 (0x81fd3313) x 6 0x00000001
core   0: 0x800097e8 (0xec79a297) auipc   t0, 0xec79a
core   0: 3 0x800097e8 (0xec79a297) x 5 0x6c7a37e8
core   0: 0x800097ec (0x00000013) nop
core   0: 3 0x800097ec (0x00000013)
core   0: 0x800097f0 (0x015036b3) snez    a3, s5
core   0: 3 0x800097f0 (0x015036b3) x13 0x00000001
core   0: 0x800097f4 (0x09fa3a93) sltiu   s5, s4, 159
core   0: 3 0x800097f4 (0x09fa3a93) x21 0x00000000
core   0: 0x800097f8 (0x47bfa297) auipc   t0, 0x47bfa
core   0: 3 0x800097f8 (0x47bfa297) x 5 0xc7c037f8
core   0: 0x800097fc (0x44350d13) addi    s10, a0, 1091
core   0: 3 0x800097fc (0x44350d13) x26 0x80014fb1
core   0: 0x80009800 (0x00a17033) and     zero, sp, a0
core   0: 3 0x80009800 (0x00a17033)
core   0: 0x80009804 (0x41e4d913) srai    s2, s1, 30
core   0: 3 0x80009804 (0x41e4d913) x18 0xffffffff
core   0: 0x80009808 (0x00b18db3) add     s11, gp, a1
core   0: 3 0x80009808 (0x00b18db3) x27 0x5aa95db7
core   0: 0x8000980c (0x8a6ca013) slti    zero, s9, -1882
core   0: 3 0x8000980c (0x8a6ca013)
core   0: 0x80009810 (0xa3cda393) slti    t2, s11, -1476
core   0: 3 0x80009810 (0xa3cda393) x 7 0x00000000
core   0: 0x80009814 (0xd31a2d13) slti    s10, s4, -719
core   0: 3 0x80009814 (0xd31a2d13) x26 0x00000000
core   0: 0x80009818 (0x41fdd633) sra     a2, s11, t6
core   0: 3 0x80009818 (0x41fdd633) x12 0x05aa95db
core   0: 0x8000981c (0x00892233) slt     tp, s2, s0
core   0: 3 0x8000981c (0x00892233) x 4 0x00000001
core   0: 0x80009820 (0x00d18833) add     a6, gp, a3
core   0: 3 0x80009820 (0x00d18833) x16 0x5aa96001
core   0: 0x80009824 (0x005e6cb3) or      s9, t3, t0
core   0: 3 0x80009824 (0x005e6cb3) x25 0xc7c077fa
core   0: 0x80009828 (0x3c78a893) slti    a7, a7, 967
core   0: 3 0x80009828 (0x3c78a893) x17 0x00000001
core   0: 0x8000982c (0x00509633) sll     a2, ra, t0
core   0: 3 0x8000982c (0x00509633) x12 0x00000000
core   0: 0x80009830 (0x4189ddb3) sra     s11, s3, s8
core   0: 3 0x80009830 (0x4189ddb3) x27 0xffffffff
core   0: 0x80009834 (0x00058533) add     a0, a1, zero
core   0: 3 0x80009834 (0x00058533) x10 0xfffffdb7
core   0: 0x80009838 (0x01e69a93) slli    s5, a3, 30
core   0: 3 0x80009838 (0x01e69a93) x21 0x40000000
core   0: 0x8000983c (0x013923b3) slt     t2, s2, s3
core   0: 3 0x8000983c (0x013923b3) x 7 0x00000000
core   0: 0x80009840 (0x81fb8693) addi    a3, s7, -2017
core   0: 3 0x80009840 (0x81fb8693) x13 0xfffff21d
core   0: 0x80009844 (0x01ecbab3) sltu    s5, s9, t5
core   0: 3 0x80009844 (0x01ecbab3) x21 0x00000000
core   0: 0x80009848 (0xa6a46513) ori     a0, s0, -1430
core   0: 3 0x80009848 (0xa6a46513) x10 0xfffffafe
core   0: 0x8000984c (0xacf7ee93) ori     t4, a5, -1329
core   0: 3 0x8000984c (0xacf7ee93) x29 0xfffffbff
core   0: 0x80009850 (0x29cae593) ori     a1, s5, 668
core   0: 3 0x80009850 (0x29cae593) x11 0x0000029c
core   0: 0x80009854 (0xcd4ce813) ori     a6, s9, -812
core   0: 3 0x80009854 (0xcd4ce813) x16 0xfffffffe
core   0: 0x80009858 (0x237d7b93) andi    s7, s10, 567
core   0: 3 0x80009858 (0x237d7b93) x23 0x00000000
core   0: 0x8000985c (0x41e5dc93) srai    s9, a1, 30
core   0: 3 0x8000985c (0x41e5dc93) x25 0x00000000
core   0: 0x80009860 (0x01104633) xor     a2, zero, a7
core   0: 3 0x80009860 (0x01104633) x12 0x00000001
core   0: 0x80009864 (0x01898ab3) add     s5, s3, s8
core   0: 3 0x80009864 (0x01898ab3) x21 0x4e40de31
core   0: 0x80009868 (0x64640213) addi    tp, s0, 1606
core   0: 3 0x80009868 (0x64640213) x 4 0x4e411eda
core   0: 0x8000986c (0x2b693493) sltiu   s1, s2, 694
core   0: 3 0x8000986c (0x2b693493) x 9 0x00000000
core   0: 0x80009870 (0x413c8bb3) sub     s7, s9, s3
core   0: 3 0x80009870 (0x413c8bb3) x23 0x00003e80
core   0: 0x80009874 (0x00000013) nop
core   0: 3 0x80009874 (0x00000013)
core   0: 0x80009878 (0x4923e813) ori     a6, t2, 1170
core   0: 3 0x80009878 (0x4923e813) x16 0x00000492
core   0: 0x8000987c (0x53018c13) addi    s8, gp, 1328
core   0: 3 0x8000987c (0x53018c13) x24 0x5aa96530
core   0: 0x80009880 (0x0127bdb3) sltu    s11, a5, s2
core   0: 3 0x80009880 (0x0127bdb3) x27 0x00000001
core   0: 0x80009884 (0x41545e33) sra     t3, s0, s5
core   0: 3 0x80009884 (0x41545e33) x28 0x00002720
core   0: 0x80009888 (0x00b09613) slli    a2, ra, 11
core   0: 3 0x80009888 (0x00b09613) x12 0x61700000
core   0: 0x8000988c (0x006f73b3) and     t2, t5, t1
core   0: 3 0x8000988c (0x006f73b3) x 7 0x00000000
core   0: 0x80009890 (0x0aecc013) xori    zero, s9, 174
core   0: 3 0x80009890 (0x0aecc013)
core   0: 0x80009894 (0x0056f033) and     zero, a3, t0
core   0: 3 0x80009894 (0x0056f033)
core   0: 0x80009898 (0x419a04b3) sub     s1, s4, s9
core   0: 3 0x80009898 (0x419a04b3) x 9 0x6d64a3b6
core   0: 0x8000989c (0x015c0333) add     t1, s8, s5
core   0: 3 0x8000989c (0x015c0333) x 6 0xa8ea4361
core   0: 0x800098a0 (0xb262a937) lui     s2, 0xb262a
core   0: 3 0x800098a0 (0xb262a937) x18 0xb262a000
core   0: 0x800098a4 (0x00728e33) add     t3, t0, t2
core   0: 3 0x800098a4 (0x00728e33) x28 0xc7c037f8
core   0: 0x800098a8 (0x01392a33) slt     s4, s2, s3
core   0: 3 0x800098a8 (0x01392a33) x20 0x00000001
core   0: 0x800098ac (0x00afc3b3) xor     t2, t6, a0
core   0: 3 0x800098ac (0x00afc3b3) x 7 0x7ffeb61a
core   0: 0x800098b0 (0x0098ac33) slt     s8, a7, s1
core   0: 3 0x800098b0 (0x0098ac33) x24 0x00000001
core   0: 0x800098b4 (0x4132d293) srai    t0, t0, 19
core   0: 3 0x800098b4 (0x4132d293) x 5 0xfffff8f8
core   0: 0x800098b8 (0x413cdbb3) sra     s7, s9, s3
core   0: 3 0x800098b8 (0x413cdbb3) x23 0x00000000
core   0: 0x800098bc (0x40a0db93) srai    s7, ra, 10
core   0: 3 0x800098bc (0x40a0db93) x23 0x001c430b
core   0: 0x800098c0 (0x0153d633) srl     a2, t2, s5
core   0: 3 0x800098c0 (0x0153d633) x12 0x00003fff
core   0: 0x800098c4 (0x0117eeb3) or      t4, a5, a7
core   0: 3 0x800098c4 (0x0117eeb3) x29 0xff4e9b7f
core   0: 0x800098c8 (0x024aee13) ori     t3, s5, 36
core   0: 3 0x800098c8 (0x024aee13) x28 0x4e40de35
core   0: 0x800098cc (0x4f87ad13) slti    s10, a5, 1272
core   0: 3 0x800098cc (0x4f87ad13) x26 0x00000001
core   0: 0x800098d0 (0xdddd33b7) lui     t2, 0xdddd3
core   0: 3 0x800098d0 (0xdddd33b7) x 7 0xdddd3000
core   0: 0x800098d4 (0x004c95b3) sll     a1, s9, tp
core   0: 3 0x800098d4 (0x004c95b3) x11 0x00000000
core   0: 0x800098d8 (0x405a5b33) sra     s6, s4, t0
core   0: 3 0x800098d8 (0x405a5b33) x22 0x00000000
core   0: 0x800098dc (0x160c2093) slti    ra, s8, 352
core   0: 3 0x800098dc (0x160c2093) x 1 0x00000001
core   0: 0x800098e0 (0x019f1f33) sll     t5, t5, s9
core   0: 3 0x800098e0 (0x019f1f33) x30 0x00000000
core   0: 0x800098e4 (0x01c5fb33) and     s6, a1, t3
core   0: 3 0x800098e4 (0x01c5fb33) x22 0x00000000
core   0: 0x800098e8 (0x001c46b3) xor     a3, s8, ra
core   0: 3 0x800098e8 (0x001c46b3) x13 0x00000000
core   0: 0x800098ec (0x0688ff13) andi    t5, a7, 104
core   0: 3 0x800098ec (0x0688ff13) x30 0x00000000
core   0: 0x800098f0 (0x012dfeb3) and     t4, s11, s2
core   0: 3 0x800098f0 (0x012dfeb3) x29 0x00000000
core   0: 0x800098f4 (0x18d09397) auipc   t2, 0x18d09
core   0: 3 0x800098f4 (0x18d09397) x 7 0x98d128f4
core   0: 0x800098f8 (0x01039813) slli    a6, t2, 16
core   0: 3 0x800098f8 (0x01039813) x16 0x28f40000
core   0: 0x800098fc (0x01a06eb3) or      t4, zero, s10
core   0: 3 0x800098fc (0x01a06eb3) x29 0x00000001
core   0: 0x80009900 (0x014885b3) add     a1, a7, s4
core   0: 3 0x80009900 (0x014885b3) x11 0x00000002
core   0: 0x80009904 (0x00c99213) slli    tp, s3, 12
core   0: 3 0x80009904 (0x00c99213) x 4 0xfc180000
core   0: 0x80009908 (0x00d3ff33) and     t5, t2, a3
core   0: 3 0x80009908 (0x00d3ff33) x30 0x00000000
core   0: 0x8000990c (0x019c1db3) sll     s11, s8, s9
core   0: 3 0x8000990c (0x019c1db3) x27 0x00000001
core   0: 0x80009910 (0x00000013) nop
core   0: 3 0x80009910 (0x00000013)
core   0: 0x80009914 (0x0a5f0f13) addi    t5, t5, 165
core   0: 3 0x80009914 (0x0a5f0f13) x30 0x000000a5
core   0: 0x80009918 (0x5e05a697) auipc   a3, 0x5e05a
core   0: 3 0x80009918 (0x5e05a697) x13 0xde063918
core   0: 0x8000991c (0x00289d93) slli    s11, a7, 2
core   0: 3 0x8000991c (0x00289d93) x27 0x00000004
core   0: 0x80009920 (0x2a530393) addi    t2, t1, 677
core   0: 3 0x80009920 (0x2a530393) x 7 0xa8ea4606
core   0: 0x80009924 (0x41e80e33) sub     t3, a6, t5
core   0: 3 0x80009924 (0x41e80e33) x28 0x28f3ff5b
core   0: 0x80009928 (0x00ddc0b3) xor     ra, s11, a3
core   0: 3 0x80009928 (0x00ddc0b3) x 1 0xde06391c
core   0: 0x8000992c (0x2b122913) slti    s2, tp, 689
core   0: 3 0x8000992c (0x2b122913) x18 0x00000001
core   0: 0x80009930 (0x00000013) nop
core   0: 3 0x80009930 (0x00000013)
core   0: 0x80009934 (0x006d3533) sltu    a0, s10, t1
core   0: 3 0x80009934 (0x006d3533) x10 0x00000001
core   0: 0x80009938 (0x0bebc513) xori    a0, s7, 190
core   0: 3 0x80009938 (0x0bebc513) x10 0x001c43b5
core   0: 0x8000993c (0xa08db513) sltiu   a0, s11, -1528
core   0: 3 0x8000993c (0xa08db513) x10 0x00000001
core   0: 0x80009940 (0x30c5cc13) xori    s8, a1, 780
core   0: 3 0x80009940 (0x30c5cc13) x24 0x0000030e
core   0: 0x80009944 (0x7fb97a93) andi    s5, s2, 2043
core   0: 3 0x80009944 (0x7fb97a93) x21 0x00000001
core   0: 0x80009948 (0x0071b3b3) sltu    t2, gp, t2
core   0: 3 0x80009948 (0x0071b3b3) x 7 0x00000001
core   0: 0x8000994c (0x0051de13) srli    t3, gp, 5
core   0: 3 0x8000994c (0x0051de13) x28 0x02d54b00
core   0: 0x80009950 (0x008a22b3) slt     t0, s4, s0
core   0: 3 0x80009950 (0x008a22b3) x 5 0x00000001
core   0: 0x80009954 (0xb30a6c37) lui     s8, 0xb30a6
core   0: 3 0x80009954 (0xb30a6c37) x24 0xb30a6000
core   0: 0x80009958 (0x290398b7) lui     a7, 0x29039
core   0: 3 0x80009958 (0x290398b7) x17 0x29039000
core   0: 0x8000995c (0x013d1993) slli    s3, s10, 19
core   0: 3 0x8000995c (0x013d1993) x19 0x00080000
core   0: 0x80009960 (0x09f806b7) lui     a3, 0x9f80
core   0: 3 0x80009960 (0x09f806b7) x13 0x09f80000
core   0: 0x80009964 (0x01380eb3) add     t4, a6, s3
core   0: 3 0x80009964 (0x01380eb3) x29 0x28fc0000
core   0: 0x80009968 (0x40fbd533) sra     a0, s7, a5
core   0: 3 0x80009968 (0x40fbd533) x10 0x00000000
core   0: 0x8000996c (0x00a09a93) slli    s5, ra, 10
core   0: 3 0x8000996c (0x00a09a93) x21 0x18e47000
core   0: 0x80009970 (0x003e0133) add     sp, t3, gp
core   0: 3 0x80009970 (0x003e0133) x 2 0x5d7eab00
core   0: 0x80009974 (0x410180b3) sub     ra, gp, a6
core   0: 3 0x80009974 (0x410180b3) x 1 0x31b56000
core   0: 0x80009978 (0xcf2e7513) andi    a0, t3, -782
core   0: 3 0x80009978 (0xcf2e7513) x10 0x02d54800
core   0: 0x8000997c (0x0063dd13) srli    s10, t2, 6
core   0: 3 0x8000997c (0x0063dd13) x26 0x00000000
core   0: 0x80009980 (0xf9103d97) auipc   s11, 0xf9103
core   0: 3 0x80009980 (0xf9103d97) x27 0x7910c980
core   0: 0x80009984 (0x41018eb3) sub     t4, gp, a6
core   0: 3 0x80009984 (0x41018eb3) x29 0x31b56000
core   0: 0x80009988 (0x4101d3b3) sra     t2, gp, a6
core   0: 3 0x80009988 (0x4101d3b3) x 7 0x5aa96000
core   0: 0x8000998c (0xb53cff13) andi    t5, s9, -1197
core   0: 3 0x8000998c (0xb53cff13) x30 0x00000000
core   0: 0x80009990 (0x00000013) nop
core   0: 3 0x80009990 (0x00000013)
core   0: 0x80009994 (0x011a9f33) sll     t5, s5, a7
core   0: 3 0x80009994 (0x011a9f33) x30 0x18e47000
core   0: 0x80009998 (0xc5686693) ori     a3, a6, -938
core   0: 3 0x80009998 (0xc5686693) x13 0xfffffc56
core   0: 0x8000999c (0x01549533) sll     a0, s1, s5
core   0: 3 0x8000999c (0x01549533) x10 0x6d64a3b6
core   0: 0x800099a0 (0x99f16e13) ori     t3, sp, -1633
core   0: 3 0x800099a0 (0x99f16e13) x28 0xfffffb9f
core   0: 0x800099a4 (0x40da5693) srai    a3, s4, 13
core   0: 3 0x800099a4 (0x40da5693) x13 0x00000000
core   0: 0x800099a8 (0x00000013) nop
core   0: 3 0x800099a8 (0x00000013)
core   0: 0x800099ac (0x78587c13) andi    s8, a6, 1925
core   0: 3 0x800099ac (0x78587c13) x24 0x00000000
core   0: 0x800099b0 (0x41125333) sra     t1, tp, a7
core   0: 3 0x800099b0 (0x41125333) x 6 0xfc180000
core   0: 0x800099b4 (0xce7d4f13) xori    t5, s10, -793
core   0: 3 0x800099b4 (0xce7d4f13) x30 0xfffffce7
core   0: 0x800099b8 (0xbe957193) andi    gp, a0, -1047
core   0: 3 0x800099b8 (0xbe957193) x 3 0x6d64a3a0
core   0: 0x800099bc (0xdafd5197) auipc   gp, 0xdafd5
core   0: 3 0x800099bc (0xdafd5197) x 3 0x5afde9bc
core   0: 0x800099c0 (0x5f324097) auipc   ra, 0x5f324
core   0: 3 0x800099c0 (0x5f324097) x 1 0xdf32d9c0
core   0: 0x800099c4 (0xf708a013) slti    zero, a7, -144
core   0: 3 0x800099c4 (0xf708a013)
core   0: 0x800099c8 (0xc3f7a493) slti    s1, a5, -961
core   0: 3 0x800099c8 (0xc3f7a493) x 9 0x00000001
core   0: 0x800099cc (0x57d99f17) auipc   t5, 0x57d99
core   0: 3 0x800099cc (0x57d99f17) x30 0xd7da29cc
core   0: 0x800099d0 (0xa0a736b7) lui     a3, 0xa0a73
core   0: 3 0x800099d0 (0xa0a736b7) x13 0xa0a73000
core   0: 0x800099d4 (0x41f2da13) srai    s4, t0, 31
core   0: 3 0x800099d4 (0x41f2da13) x20 0x00000000
core   0: 0x800099d8 (0x35aa2ab7) lui     s5, 0x35aa2
core   0: 3 0x800099d8 (0x35aa2ab7) x21 0x35aa2000
core   0: 0x800099dc (0x41a9a613) slti    a2, s3, 1050
core   0: 3 0x800099dc (0x41a9a613) x12 0x00000000
core   0: 0x800099e0 (0x24e3b6b7) lui     a3, 0x24e3b
core   0: 3 0x800099e0 (0x24e3b6b7) x13 0x24e3b000
core   0: 0x800099e4 (0x00c6e5b3) or      a1, a3, a2
core   0: 3 0x800099e4 (0x00c6e5b3) x11 0x24e3b000
core   0: 0x800099e8 (0x41c152b3) sra     t0, sp, t3
core   0: 3 0x800099e8 (0x41c152b3) x 5 0x00000000
core   0: 0x800099ec (0x417d02b3) sub     t0, s10, s7
core   0: 3 0x800099ec (0x417d02b3) x 5 0xffe3bcf5
core   0: 0x800099f0 (0x9ae32513) slti    a0, t1, -1618
core   0: 3 0x800099f0 (0x9ae32513) x10 0x00000001
core   0: 0x800099f4 (0x35dd7d97) auipc   s11, 0x35dd7
core   0: 3 0x800099f4 (0x35dd7d97) x27 0xb5de09f4
core   0: 0x800099f8 (0x0165de33) srl     t3, a1, s6
core   0: 3 0x800099f8 (0x0165de33) x28 0x24e3b000
core   0: 0x800099fc (0xc0f50d93) addi    s11, a0, -1009
core   0: 3 0x800099fc (0xc0f50d93) x27 0xfffffc10
core   0: 0x80009a00 (0x00371993) slli    s3, a4, 3
core   0: 3 0x80009a00 (0x00371993) x19 0x00087320
core   0: 0x80009a04 (0x41535993) srai    s3, t1, 21
core   0: 3 0x80009a04 (0x41535993) x19 0xffffffe0
core   0: 0x80009a08 (0x00ca65b3) or      a1, s4, a2
core   0: 3 0x80009a08 (0x00ca65b3) x11 0x00000000
core   0: 0x80009a0c (0x010c2ab3) slt     s5, s8, a6
core   0: 3 0x80009a0c (0x010c2ab3) x21 0x00000001
core   0: 0x80009a10 (0x01c06bb3) or      s7, zero, t3
core   0: 3 0x80009a10 (0x01c06bb3) x23 0x24e3b000
core   0: 0x80009a14 (0x88cb3317) auipc   t1, 0x88cb3
core   0: 3 0x80009a14 (0x88cb3317) x 6 0x08cbca14
core   0: 0x80009a18 (0x40bf53b3) sra     t2, t5, a1
core   0: 3 0x80009a18 (0x40bf53b3) x 7 0xd7da29cc
core   0: 0x80009a1c (0x307c53b7) lui     t2, 0x307c5
core   0: 3 0x80009a1c (0x307c53b7) x 7 0x307c5000
core   0: 0x80009a20 (0x0192c6b3) xor     a3, t0, s9
core   0: 3 0x80009a20 (0x0192c6b3) x13 0xffe3bcf5
core   0: 0x80009a24 (0x44c4ee93) ori     t4, s1, 1100
core   0: 3 0x80009a24 (0x44c4ee93) x29 0x0000044d
core   0: 0x80009a28 (0x00ab1493) slli    s1, s6, 10
core   0: 3 0x80009a28 (0x00ab1493) x 9 0x00000000
core   0: 0x80009a2c (0x41520a33) sub     s4, tp, s5
core   0: 3 0x80009a2c (0x41520a33) x20 0xfc17ffff
core   0: 0x80009a30 (0x173f5e97) auipc   t4, 0x173f5
core   0: 3 0x80009a30 (0x173f5e97) x29 0x973fea30
core   0: 0x80009a34 (0x00f74f33) xor     t5, a4, a5
core   0: 3 0x80009a34 (0x00f74f33) x30 0x7f4f951a
core   0: 0x80009a38 (0x01d7c0b3) xor     ra, a5, t4
core   0: 3 0x80009a38 (0x01d7c0b3) x 1 0x6871714e
core   0: 0x80009a3c (0x00271193) slli    gp, a4, 2
core   0: 3 0x80009a3c (0x00271193) x 3 0x00043990
core   0: 0x80009a40 (0x00b3e2b3) or      t0, t2, a1
core   0: 3 0x80009a40 (0x00b3e2b3) x 5 0x307c5000
core   0: 0x80009a44 (0x00ee7233) and     tp, t3, a4
core   0: 3 0x80009a44 (0x00ee7233) x 4 0x00010000
core   0: 0x80009a48 (0x773aaab7) lui     s5, 0x773aa
core   0: 3 0x80009a48 (0x773aaab7) x21 0x773aa000
core   0: 0x80009a4c (0xc62145b7) lui     a1, 0xc6214
core   0: 3 0x80009a4c (0xc62145b7) x11 0xc6214000
core   0: 0x80009a50 (0x88396613) ori     a2, s2, -1917
core   0: 3 0x80009a50 (0x88396613) x12 0xfffff883
core   0: 0x80009a54 (0x69dbe413) ori     s0, s7, 1693
core   0: 3 0x80009a54 (0x69dbe413) x 8 0x24e3b69d
core   0: 0x80009a58 (0x01f3a033) slt     zero, t2, t6
core   0: 3 0x80009a58 (0x01f3a033)
core   0: 0x80009a5c (0xe9adc393) xori    t2, s11, -358
core   0: 3 0x80009a5c (0xe9adc393) x 7 0x0000028a
core   0: 0x80009a60 (0xda1fab93) slti    s7, t6, -607
core   0: 3 0x80009a60 (0xda1fab93) x23 0x00000001
core   0: 0x80009a64 (0x20e79317) auipc   t1, 0x20e79
core   0: 3 0x80009a64 (0x20e79317) x 6 0xa0e82a64
core   0: 0x80009a68 (0x00925cb3) srl     s9, tp, s1
core   0: 3 0x80009a68 (0x00925cb3) x25 0x00010000
core   0: 0x80009a6c (0xfb4efe93) andi    t4, t4, -76
core   0: 3 0x80009a6c (0xfb4efe93) x29 0x973fea30
core   0: 0x80009a70 (0xbe98da17) auipc   s4, 0xbe98d
core   0: 3 0x80009a70 (0xbe98da17) x20 0x3e996a70
core   0: 0x80009a74 (0x01b74d33) xor     s10, a4, s11
core   0: 3 0x80009a74 (0x01b74d33) x26 0x7ffef274
core   0: 0x80009a78 (0x01722c33) slt     s8, tp, s7
core   0: 3 0x80009a78 (0x01722c33) x24 0x00000000
core   0: 0x80009a7c (0x40a95eb3) sra     t4, s2, a0
core   0: 3 0x80009a7c (0x40a95eb3) x29 0x00000000
core   0: 0x80009a80 (0x01e7b833) sltu    a6, a5, t5
core   0: 3 0x80009a80 (0x01e7b833) x16 0x00000000
core   0: 0x80009a84 (0x00c15e13) srli    t3, sp, 12
core   0: 3 0x80009a84 (0x00c15e13) x28 0x0005d7ea
core   0: 0x80009a88 (0x00000013) nop
core   0: 3 0x80009a88 (0x00000013)
core   0: 0x80009a8c (0x487d5bb7) lui     s7, 0x487d5
core   0: 3 0x80009a8c (0x487d5bb7) x23 0x487d5000
core   0: 0x80009a90 (0x01c0b533) sltu    a0, ra, t3
core   0: 3 0x80009a90 (0x01c0b533) x10 0x00000000
core   0: 0x80009a94 (0x0128d233) srl     tp, a7, s2
core   0: 3 0x80009a94 (0x0128d233) x 4 0x1481c800
core   0: 0x80009a98 (0x01e9d313) srli    t1, s3, 30
core   0: 3 0x80009a98 (0x01e9d313) x 6 0x00000003
core   0: 0x80009a9c (0x01d89013) slli    zero, a7, 29
core   0: 3 0x80009a9c (0x01d89013)
core   0: 0x80009aa0 (0x01b25e93) srli    t4, tp, 27
core   0: 3 0x80009aa0 (0x01b25e93) x29 0x00000002
core   0: 0x80009aa4 (0x7d7c7f37) lui     t5, 0x7d7c7
core   0: 3 0x80009aa4 (0x7d7c7f37) x30 0x7d7c7000
core   0: 0x80009aa8 (0x00841ab3) sll     s5, s0, s0
core   0: 3 0x80009aa8 (0x00841ab3) x21 0xa0000000
core   0: 0x80009aac (0x403ea913) slti    s2, t4, 1027
core   0: 3 0x80009aac (0x403ea913) x18 0x00000001
core   0: 0x80009ab0 (0xca8d2213) slti    tp, s10, -856
core   0: 3 0x80009ab0 (0xca8d2213) x 4 0x00000000
core   0: 0x80009ab4 (0xf7be7813) andi    a6, t3, -133
core   0: 3 0x80009ab4 (0xf7be7813) x16 0x0005d76a
core   0: 0x80009ab8 (0x00c40333) add     t1, s0, a2
core   0: 3 0x80009ab8 (0x00c40333) x 6 0x24e3af20
core   0: 0x80009abc (0x0195aab3) slt     s5, a1, s9
core   0: 3 0x80009abc (0x0195aab3) x21 0x00000001
core   0: 0x80009ac0 (0x005111b3) sll     gp, sp, t0
core   0: 3 0x80009ac0 (0x005111b3) x 3 0x5d7eab00
core   0: 0x80009ac4 (0x0030f2b3) and     t0, ra, gp
core   0: 3 0x80009ac4 (0x0030f2b3) x 5 0x48702100
core   0: 0x80009ac8 (0x01be5613) srli    a2, t3, 27
core   0: 3 0x80009ac8 (0x01be5613) x12 0x00000000
core   0: 0x80009acc (0x95cb8393) addi    t2, s7, -1700
core   0: 3 0x80009acc (0x95cb8393) x 7 0x487d495c
core   0: 0x80009ad0 (0x40cc8b33) sub     s6, s9, a2
core   0: 3 0x80009ad0 (0x40cc8b33) x22 0x00010000
core   0: 0x80009ad4 (0x004e4b33) xor     s6, t3, tp
core   0: 3 0x80009ad4 (0x004e4b33) x22 0x0005d7ea
core   0: 0x80009ad8 (0x6dacb193) sltiu   gp, s9, 1754
core   0: 3 0x80009ad8 (0x6dacb193) x 3 0x00000000
core   0: 0x80009adc (0x006c8433) add     s0, s9, t1
core   0: 3 0x80009adc (0x006c8433) x 8 0x24e4af20
core   0: 0x80009ae0 (0x01f68833) add     a6, a3, t6
core   0: 3 0x80009ae0 (0x01f68833) x16 0x7fe509d9
core   0: 0x80009ae4 (0x5bee3493) sltiu   s1, t3, 1470
core   0: 3 0x80009ae4 (0x5bee3493) x 9 0x00000000
core   0: 0x80009ae8 (0x019fb6b3) sltu    a3, t6, s9
core   0: 3 0x80009ae8 (0x019fb6b3) x13 0x00000000
core   0: 0x80009aec (0x00000013) nop
core   0: 3 0x80009aec (0x00000013)
core   0: 0x80009af0 (0x476d4337) lui     t1, 0x476d4
core   0: 3 0x80009af0 (0x476d4337) x 6 0x476d4000
core   0: 0x80009af4 (0x00776833) or      a6, a4, t2
core   0: 3 0x80009af4 (0x00776833) x16 0xc87d4f7c
core   0: 0x80009af8 (0x417b0033) sub     zero, s6, s7
core   0: 3 0x80009af8 (0x417b0033)
core   0: 0x80009afc (0x1703fc93) andi    s9, t2, 368
core   0: 3 0x80009afc (0x1703fc93) x25 0x00000150
core   0: 0x80009b00 (0xa8dab693) sltiu   a3, s5, -1395
core   0: 3 0x80009b00 (0xa8dab693) x13 0x00000001
core   0: 0x80009b04 (0x019a1ab3) sll     s5, s4, s9
core   0: 3 0x80009b04 (0x019a1ab3) x21 0x6a700000
core   0: 0x80009b08 (0x41530833) sub     a6, t1, s5
core   0: 3 0x80009b08 (0x41530833) x16 0xdcfd4000
core   0: 0x80009b0c (0x00226d33) or      s10, tp, sp
core   0: 3 0x80009b0c (0x00226d33) x26 0x5d7eab00
core   0: 0x80009b10 (0x00465eb3) srl     t4, a2, tp
core   0: 3 0x80009b10 (0x00465eb3) x29 0x00000000
core   0: 0x80009b14 (0x012af0b3) and     ra, s5, s2
core   0: 3 0x80009b14 (0x012af0b3) x 1 0x00000000
core   0: 0x80009b18 (0x01601113) slli    sp, zero, 22
core   0: 3 0x80009b18 (0x01601113) x 2 0x00000000
core   0: 0x80009b1c (0x005545b3) xor     a1, a0, t0
core   0: 3 0x80009b1c (0x005545b3) x11 0x48702100
core   0: 0x80009b20 (0x01ff7a13) andi    s4, t5, 31
core   0: 3 0x80009b20 (0x01ff7a13) x20 0x00000000
core   0: 0x80009b24 (0x0157c1b3) xor     gp, a5, s5
core   0: 3 0x80009b24 (0x0157c1b3) x 3 0x953e9b7e
core   0: 0x80009b28 (0x406ed113) srai    sp, t4, 6
core   0: 3 0x80009b28 (0x406ed113) x 2 0x00000000
core   0: 0x80009b2c (0xc214eb93) ori     s7, s1, -991
core   0: 3 0x80009b2c (0xc214eb93) x23 0xfffffc21
core   0: 0x80009b30 (0x016de1b3) or      gp, s11, s6
core   0: 3 0x80009b30 (0x016de1b3) x 3 0xfffffffa
core   0: 0x80009b34 (0x010fb333) sltu    t1, t6, a6
core   0: 3 0x80009b34 (0x010fb333) x 6 0x00000001
core   0: 0x80009b38 (0x019113b3) sll     t2, sp, s9
core   0: 3 0x80009b38 (0x019113b3) x 7 0x00000000
core   0: 0x80009b3c (0xa0096613) ori     a2, s2, -1536
core   0: 3 0x80009b3c (0xa0096613) x12 0xfffffa01
core   0: 0x80009b40 (0x01609513) slli    a0, ra, 22
core   0: 3 0x80009b40 (0x01609513) x10 0x00000000
core   0: 0x80009b44 (0x00bb4e33) xor     t3, s6, a1
core   0: 3 0x80009b44 (0x00bb4e33) x28 0x4875f6ea
core   0: 0x80009b48 (0x5b20b393) sltiu   t2, ra, 1458
core   0: 3 0x80009b48 (0x5b20b393) x 7 0x00000001
core   0: 0x80009b4c (0x010cf133) and     sp, s9, a6
core   0: 3 0x80009b4c (0x010cf133) x 2 0x00000000
core   0: 0x80009b50 (0x004daeb3) slt     t4, s11, tp
core   0: 3 0x80009b50 (0x004daeb3) x29 0x00000001
core   0: 0x80009b54 (0x01afdb13) srli    s6, t6, 26
core   0: 3 0x80009b54 (0x01afdb13) x22 0x00000020
core   0: 0x80009b58 (0x3818b013) sltiu   zero, a7, 897
core   0: 3 0x80009b58 (0x3818b013)
core   0: 0x80009b5c (0x01fec3b3) xor     t2, t4, t6
core   0: 3 0x80009b5c (0x01fec3b3) x 7 0x80014ce5
core   0: 0x80009b60 (0x018498b3) sll     a7, s1, s8
core   0: 3 0x80009b60 (0x018498b3) x17 0x00000000
core   0: 0x80009b64 (0x008810b3) sll     ra, a6, s0
core   0: 3 0x80009b64 (0x008810b3) x 1 0xdcfd4000
core   0: 0x80009b68 (0x01f148b3) xor     a7, sp, t6
core   0: 3 0x80009b68 (0x01f148b3) x17 0x80014ce4
core   0: 0x80009b6c (0x40f559b3) sra     s3, a0, a5
core   0: 3 0x80009b6c (0x40f559b3) x19 0x00000000
core   0: 0x80009b70 (0x9c39ae13) slti    t3, s3, -1597
core   0: 3 0x80009b70 (0x9c39ae13) x28 0x00000000
core   0: 0x80009b74 (0x0074af33) slt     t5, s1, t2
core   0: 3 0x80009b74 (0x0074af33) x30 0x00000000
core   0: 0x80009b78 (0x416851b3) sra     gp, a6, s6
core   0: 3 0x80009b78 (0x416851b3) x 3 0xdcfd4000
core   0: 0x80009b7c (0x418255b3) sra     a1, tp, s8
core   0: 3 0x80009b7c (0x418255b3) x11 0x00000000
core   0: 0x80009b80 (0x6b194013) xori    zero, s2, 1713
core   0: 3 0x80009b80 (0x6b194013)
core   0: 0x80009b84 (0x013de633) or      a2, s11, s3
core   0: 3 0x80009b84 (0x013de633) x12 0xfffffc10
core   0: 0x80009b88 (0x009601b3) add     gp, a2, s1
core   0: 3 0x80009b88 (0x009601b3) x 3 0xfffffc10
core   0: 0x80009b8c (0x004a9933) sll     s2, s5, tp
core   0: 3 0x80009b8c (0x004a9933) x18 0x6a700000
core   0: 0x80009b90 (0x002f3333) sltu    t1, t5, sp
core   0: 3 0x80009b90 (0x002f3333) x 6 0x00000000
core   0: 0x80009b94 (0x01f6b5b3) sltu    a1, a3, t6
core   0: 3 0x80009b94 (0x01f6b5b3) x11 0x00000001
core   0: 0x80009b98 (0x0085df33) srl     t5, a1, s0
core   0: 3 0x80009b98 (0x0085df33) x30 0x00000001
core   0: 0x80009b9c (0x8fa7b913) sltiu   s2, a5, -1798
core   0: 3 0x80009b9c (0x8fa7b913) x18 0x00000001
core   0: 0x80009ba0 (0x00501333) sll     t1, zero, t0
core   0: 3 0x80009ba0 (0x00501333) x 6 0x00000000
core   0: 0x80009ba4 (0x01b98533) add     a0, s3, s11
core   0: 3 0x80009ba4 (0x01b98533) x10 0xfffffc10
core   0: 0x80009ba8 (0x01248233) add     tp, s1, s2
core   0: 3 0x80009ba8 (0x01248233) x 4 0x00000001
core   0: 0x80009bac (0x0095e833) or      a6, a1, s1
core   0: 3 0x80009bac (0x0095e833) x16 0x00000001
core   0: 0x80009bb0 (0x0054bf33) sltu    t5, s1, t0
core   0: 3 0x80009bb0 (0x0054bf33) x30 0x00000001
core   0: 0x80009bb4 (0x7a976313) ori     t1, a4, 1961
core   0: 3 0x80009bb4 (0x7a976313) x 6 0x80010fed
core   0: 0x80009bb8 (0xa615fc93) andi    s9, a1, -1439
core   0: 3 0x80009bb8 (0xa615fc93) x25 0x00000001
core   0: 0x80009bbc (0x4049dc93) srai    s9, s3, 4
core   0: 3 0x80009bbc (0x4049dc93) x25 0x00000000
core   0: 0x80009bc0 (0x01ed9193) slli    gp, s11, 30
core   0: 3 0x80009bc0 (0x01ed9193) x 3 0x00000000
core   0: 0x80009bc4 (0x4101a293) slti    t0, gp, 1040
core   0: 3 0x80009bc4 (0x4101a293) x 5 0x00000001
core   0: 0x80009bc8 (0x01f9df13) srli    t5, s3, 31
core   0: 3 0x80009bc8 (0x01f9df13) x30 0x00000000
core   0: 0x80009bcc (0x745d8313) addi    t1, s11, 1861
core   0: 3 0x80009bcc (0x745d8313) x 6 0x00000355
core   0: 0x80009bd0 (0x01cc06b3) add     a3, s8, t3
core   0: 3 0x80009bd0 (0x01cc06b3) x13 0x00000000
core   0: 0x80009bd4 (0x22ae6c97) auipc   s9, 0x22ae6
core   0: 3 0x80009bd4 (0x22ae6c97) x25 0xa2aefbd4
core   0: 0x80009bd8 (0x018fc633) xor     a2, t6, s8
core   0: 3 0x80009bd8 (0x018fc633) x12 0x80014ce4
core   0: 0x80009bdc (0x41f006b3) sub     a3, zero, t6
core   0: 3 0x80009bdc (0x41f006b3) x13 0x7ffeb31c
core   0: 0x80009be0 (0x0017f8b3) and     a7, a5, ra
core   0: 3 0x80009be0 (0x0017f8b3) x17 0xdc4c0000
core   0: 0x80009be4 (0x0052d513) srli    a0, t0, 5
core   0: 3 0x80009be4 (0x0052d513) x10 0x00000000
core   0: 0x80009be8 (0x01f5fcb3) and     s9, a1, t6
core   0: 3 0x80009be8 (0x01f5fcb3) x25 0x00000000
core   0: 0x80009bec (0x0035d0b3) srl     ra, a1, gp
core   0: 3 0x80009bec (0x0035d0b3) x 1 0x00000001
core   0: 0x80009bf0 (0x015e9f33) sll     t5, t4, s5
core   0: 3 0x80009bf0 (0x015e9f33) x30 0x00000001
core   0: 0x80009bf4 (0x41225813) srai    a6, tp, 18
core   0: 3 0x80009bf4 (0x41225813) x16 0x00000000
core   0: 0x80009bf8 (0x00499f13) slli    t5, s3, 4
core   0: 3 0x80009bf8 (0x00499f13) x30 0x00000000
core   0: 0x80009bfc (0xa428bf13) sltiu   t5, a7, -1470
core   0: 3 0x80009bfc (0xa428bf13) x30 0x00000001
core   0: 0x80009c00 (0x01c25293) srli    t0, tp, 28
core   0: 3 0x80009c00 (0x01c25293) x 5 0x00000000
core   0: 0x80009c04 (0xfe21a593) slti    a1, gp, -30
core   0: 3 0x80009c04 (0xfe21a593) x11 0x00000000
core   0: 0x80009c08 (0x01a2a6b3) slt     a3, t0, s10
core   0: 3 0x80009c08 (0x01a2a6b3) x13 0x00000001
core   0: 0x80009c0c (0x006ca833) slt     a6, s9, t1
core   0: 3 0x80009c0c (0x006ca833) x16 0x00000001
core   0: 0x80009c10 (0x01ef5933) srl     s2, t5, t5
core   0: 3 0x80009c10 (0x01ef5933) x18 0x00000000
core   0: 0x80009c14 (0xbcfdc613) xori    a2, s11, -1073
core   0: 3 0x80009c14 (0xbcfdc613) x12 0x000007df
core   0: 0x80009c18 (0x4f886193) ori     gp, a6, 1272
core   0: 3 0x80009c18 (0x4f886193) x 3 0x000004f9
core   0: 0x80009c1c (0x0004aa33) slt     s4, s1, zero
core   0: 3 0x80009c1c (0x0004aa33) x20 0x00000000
core   0: 0x80009c20 (0x01c11413) slli    s0, sp, 28
core   0: 3 0x80009c20 (0x01c11413) x 8 0x00000000
core   0: 0x80009c24 (0x00db9eb3) sll     t4, s7, a3
core   0: 3 0x80009c24 (0x00db9eb3) x29 0xfffff842
core   0: 0x80009c28 (0x00cd2633) slt     a2, s10, a2
core   0: 3 0x80009c28 (0x00cd2633) x12 0x00000000
core   0: 0x80009c2c (0x00000013) nop
core   0: 3 0x80009c2c (0x00000013)
core   0: 0x80009c30 (0xe7aa8313) addi    t1, s5, -390
core   0: 3 0x80009c30 (0xe7aa8313) x 6 0x6a6ffe7a
core   0: 0x80009c34 (0xd2722b13) slti    s6, tp, -729
core   0: 3 0x80009c34 (0xd2722b13) x22 0x00000000
core   0: 0x80009c38 (0x0e365937) lui     s2, 0xe365
core   0: 3 0x80009c38 (0x0e365937) x18 0x0e365000
core   0: 0x80009c3c (0x00342d33) slt     s10, s0, gp
core   0: 3 0x80009c3c (0x00342d33) x26 0x00000001
core   0: 0x80009c40 (0x00121513) slli    a0, tp, 1
core   0: 3 0x80009c40 (0x00121513) x10 0x00000002
core   0: 0x80009c44 (0xaf390813) addi    a6, s2, -1293
core   0: 3 0x80009c44 (0xaf390813) x16 0x0e364af3
core   0: 0x80009c48 (0x5b1a3413) sltiu   s0, s4, 1457
core   0: 3 0x80009c48 (0x5b1a3413) x 8 0x00000001
core   0: 0x80009c4c (0xcc53a093) slti    ra, t2, -827
core   0: 3 0x80009c4c (0xcc53a093) x 1 0x00000001
core   0: 0x80009c50 (0x01e8abb3) slt     s7, a7, t5
core   0: 3 0x80009c50 (0x01e8abb3) x23 0x00000001
core   0: 0x80009c54 (0x00c6ac33) slt     s8, a3, a2
core   0: 3 0x80009c54 (0x00c6ac33) x24 0x00000000
core   0: 0x80009c58 (0x00ef92b3) sll     t0, t6, a4
core   0: 3 0x80009c58 (0x00ef92b3) x 5 0x0014ce40
core   0: 0x80009c5c (0x0042bdb3) sltu    s11, t0, tp
core   0: 3 0x80009c5c (0x0042bdb3) x27 0x00000000
core   0: 0x80009c60 (0xb426a693) slti    a3, a3, -1214
core   0: 3 0x80009c60 (0xb426a693) x13 0x00000000
core   0: 0x80009c64 (0x8bdd7193) andi    gp, s10, -1859
core   0: 3 0x80009c64 (0x8bdd7193) x 3 0x00000001
core   0: 0x80009c68 (0x0033bc33) sltu    s8, t2, gp
core   0: 3 0x80009c68 (0x0033bc33) x24 0x00000000
core   0: 0x80009c6c (0x00ee1a93) slli    s5, t3, 14
core   0: 3 0x80009c6c (0x00ee1a93) x21 0x00000000
core   0: 0x80009c70 (0x00000293) li      t0, 0
core   0: 3 0x80009c70 (0x00000293) x 5 0x00000000
core   0: 0x80009c74 (0xfff00893) li      a7, -1
core   0: 3 0x80009c74 (0xfff00893) x17 0xffffffff
core   0: 0x80009c78 (0xcbfd3eb7) lui     t4, 0xcbfd3
core   0: 3 0x80009c78 (0xcbfd3eb7) x29 0xcbfd3000
core   0: 0x80009c7c (0x79fe8e93) addi    t4, t4, 1951
core   0: 3 0x80009c7c (0x79fe8e93) x29 0xcbfd379f
core   0: 0x80009c80 (0x80000bb7) lui     s7, 0x80000
core   0: 3 0x80009c80 (0x80000bb7) x23 0x80000000
core   0: 0x80009c84 (0x80000b37) lui     s6, 0x80000
core   0: 3 0x80009c84 (0x80000b37) x22 0x80000000
core   0: 0x80009c88 (0x00000493) li      s1, 0
core   0: 3 0x80009c88 (0x00000493) x 9 0x00000000
core   0: 0x80009c8c (0x80000337) lui     t1, 0x80000
core   0: 3 0x80009c8c (0x80000337) x 6 0x80000000
core   0: 0x80009c90 (0xfff00c13) li      s8, -1
core   0: 3 0x80009c90 (0xfff00c13) x24 0xffffffff
core   0: 0x80009c94 (0x80000537) lui     a0, 0x80000
core   0: 3 0x80009c94 (0x80000537) x10 0x80000000
core   0: 0x80009c98 (0xfff00213) li      tp, -1
core   0: 3 0x80009c98 (0xfff00213) x 4 0xffffffff
core   0: 0x80009c9c (0x00920c33) add     s8, tp, s1
core   0: 3 0x80009c9c (0x00920c33) x24 0xffffffff
core   0: 0x80009ca0 (0x418b0bb3) sub     s7, s6, s8
core   0: 3 0x80009ca0 (0x418b0bb3) x23 0x80000001
core   0: 0x80009ca4 (0xd08ec337) lui     t1, 0xd08ec
core   0: 3 0x80009ca4 (0xd08ec337) x 6 0xd08ec000
core   0: 0x80009ca8 (0x006c0eb3) add     t4, s8, t1
core   0: 3 0x80009ca8 (0x006c0eb3) x29 0xd08ebfff
core   0: 0x80009cac (0xed57bc17) auipc   s8, 0xed57b
core   0: 3 0x80009cac (0xed57bc17) x24 0x6d584cac
core   0: 0x80009cb0 (0x411c0233) sub     tp, s8, a7
core   0: 3 0x80009cb0 (0x411c0233) x 4 0x6d584cad
core   0: 0x80009cb4 (0xf42234b7) lui     s1, 0xf4223
core   0: 3 0x80009cb4 (0xf42234b7) x 9 0xf4223000
core   0: 0x80009cb8 (0x006888b3) add     a7, a7, t1
core   0: 3 0x80009cb8 (0x006888b3) x17 0xd08ebfff
core   0: 0x80009cbc (0x41d48533) sub     a0, s1, t4
core   0: 3 0x80009cbc (0x41d48533) x10 0x23937001
core   0: 0x80009cc0 (0x405508b3) sub     a7, a0, t0
core   0: 3 0x80009cc0 (0x405508b3) x17 0x23937001
core   0: 0x80009cc4 (0x41620eb3) sub     t4, tp, s6
core   0: 3 0x80009cc4 (0x41620eb3) x29 0xed584cad
core   0: 0x80009cc8 (0x41150c33) sub     s8, a0, a7
core   0: 3 0x80009cc8 (0x41150c33) x24 0x00000000
core   0: 0x80009ccc (0x40ab8eb3) sub     t4, s7, a0
core   0: 3 0x80009ccc (0x40ab8eb3) x29 0x5c6c9000
core   0: 0x80009cd0 (0x00448bb3) add     s7, s1, tp
core   0: 3 0x80009cd0 (0x00448bb3) x23 0x617a7cad
core   0: 0x80009cd4 (0xd212a497) auipc   s1, 0xd212a
core   0: 3 0x80009cd4 (0xd212a497) x 9 0x52133cd4
core   0: 0x80009cd8 (0x016504b3) add     s1, a0, s6
core   0: 3 0x80009cd8 (0x016504b3) x 9 0xa3937001
core   0: 0x80009cdc (0x70d3d497) auipc   s1, 0x70d3d
core   0: 3 0x80009cdc (0x70d3d497) x 9 0xf0d46cdc
core   0: 0x80009ce0 (0x71c6e393) ori     t2, a3, 1820
core   0: 3 0x80009ce0 (0x71c6e393) x 7 0x0000071c
core   0: 0x80009ce4 (0x412156b3) sra     a3, sp, s2
core   0: 3 0x80009ce4 (0x412156b3) x13 0x00000000
core   0: 0x80009ce8 (0x00321933) sll     s2, tp, gp
core   0: 3 0x80009ce8 (0x00321933) x18 0xdab0995a
core   0: 0x80009cec (0x57a34913) xori    s2, t1, 1402
core   0: 3 0x80009cec (0x57a34913) x18 0xd08ec57a
core   0: 0x80009cf0 (0x00089093) slli    ra, a7, 0
core   0: 3 0x80009cf0 (0x00089093) x 1 0x23937001
core   0: 0x80009cf4 (0x6d4be6b7) lui     a3, 0x6d4be
core   0: 3 0x80009cf4 (0x6d4be6b7) x13 0x6d4be000
core   0: 0x80009cf8 (0x004c0533) add     a0, s8, tp
core   0: 3 0x80009cf8 (0x004c0533) x10 0x6d584cad
core   0: 0x80009cfc (0x01e75033) srl     zero, a4, t5
core   0: 3 0x80009cfc (0x01e75033)
core   0: 0x80009d00 (0x41dc5893) srai    a7, s8, 29
core   0: 3 0x80009d00 (0x41dc5893) x17 0x00000000
core   0: 0x80009d04 (0x1c098137) lui     sp, 0x1c098
core   0: 3 0x80009d04 (0x1c098137) x 2 0x1c098000
core   0: 0x80009d08 (0x47097bb7) lui     s7, 0x47097
core   0: 3 0x80009d08 (0x47097bb7) x23 0x47097000
core   0: 0x80009d0c (0x4137d3b3) sra     t2, a5, s3
core   0: 3 0x80009d0c (0x4137d3b3) x 7 0xff4e9b7e
core   0: 0x80009d10 (0x011243b3) xor     t2, tp, a7
core   0: 3 0x80009d10 (0x011243b3) x 7 0x6d584cad
core   0: 0x80009d14 (0x00f56b33) or      s6, a0, a5
core   0: 3 0x80009d14 (0x00f56b33) x22 0xff5edfff
core   0: 0x80009d18 (0x419e8a33) sub     s4, t4, s9
core   0: 3 0x80009d18 (0x419e8a33) x20 0x5c6c9000
core   0: 0x80009d1c (0x01164c33) xor     s8, a2, a7
core   0: 3 0x80009d1c (0x01164c33) x24 0x00000000
core   0: 0x80009d20 (0xf5797bb7) lui     s7, 0xf5797
core   0: 3 0x80009d20 (0xf5797bb7) x23 0xf5797000
core   0: 0x80009d24 (0x01c05293) srli    t0, zero, 28
core   0: 3 0x80009d24 (0x01c05293) x 5 0x00000000
core   0: 0x80009d28 (0x0003ba33) sltu    s4, t2, zero
core   0: 3 0x80009d28 (0x0003ba33) x20 0x00000000
core   0: 0x80009d2c (0x00fa5b93) srli    s7, s4, 15
core   0: 3 0x80009d2c (0x00fa5b93) x23 0x00000000
core   0: 0x80009d30 (0xb51ab013) sltiu   zero, s5, -1199
core   0: 3 0x80009d30 (0xb51ab013)
core   0: 0x80009d34 (0xad5e9337) lui     t1, 0xad5e9
core   0: 3 0x80009d34 (0xad5e9337) x 6 0xad5e9000
core   0: 0x80009d38 (0x00b30333) add     t1, t1, a1
core   0: 3 0x80009d38 (0x00b30333) x 6 0xad5e9000
core   0: 0x80009d3c (0x64a9fb93) andi    s7, s3, 1610
core   0: 3 0x80009d3c (0x64a9fb93) x23 0x00000000
core   0: 0x80009d40 (0x0183d933) srl     s2, t2, s8
core   0: 3 0x80009d40 (0x0183d933) x18 0x6d584cad
core   0: 0x80009d44 (0x00c31b33) sll     s6, t1, a2
core   0: 3 0x80009d44 (0x00c31b33) x22 0xad5e9000
core   0: 0x80009d48 (0x2d1d0313) addi    t1, s10, 721
core   0: 3 0x80009d48 (0x2d1d0313) x 6 0x000002d2
core   0: 0x80009d4c (0xdcf88013) addi    zero, a7, -561
core   0: 3 0x80009d4c (0xdcf88013)
core   0: 0x80009d50 (0x00fe3cb3) sltu    s9, t3, a5
core   0: 3 0x80009d50 (0x00fe3cb3) x25 0x00000001
core   0: 0x80009d54 (0x406450b3) sra     ra, s0, t1
core   0: 3 0x80009d54 (0x406450b3) x 1 0x00000000
core   0: 0x80009d58 (0xcead6013) ori     zero, s10, -790
core   0: 3 0x80009d58 (0xcead6013)
core   0: 0x80009d5c (0x40c5d9b3) sra     s3, a1, a2
core   0: 3 0x80009d5c (0x40c5d9b3) x19 0x00000000
core   0: 0x80009d60 (0x0116a333) slt     t1, a3, a7
core   0: 3 0x80009d60 (0x0116a333) x 6 0x00000000
core   0: 0x80009d64 (0x78e72b13) slti    s6, a4, 1934
core   0: 3 0x80009d64 (0x78e72b13) x22 0x00000001
core   0: 0x80009d68 (0x016534b3) sltu    s1, a0, s6
core   0: 3 0x80009d68 (0x016534b3) x 9 0x00000000
core   0: 0x80009d6c (0x01608333) add     t1, ra, s6
core   0: 3 0x80009d6c (0x01608333) x 6 0x00000001
core   0: 0x80009d70 (0x00000013) nop
core   0: 3 0x80009d70 (0x00000013)
core   0: 0x80009d74 (0x00b24433) xor     s0, tp, a1
core   0: 3 0x80009d74 (0x00b24433) x 8 0x6d584cad
core   0: 0x80009d78 (0x23e7cd93) xori    s11, a5, 574
core   0: 3 0x80009d78 (0x23e7cd93) x27 0xff4e9940
core   0: 0x80009d7c (0x11c3ad93) slti    s11, t2, 284
core   0: 3 0x80009d7c (0x11c3ad93) x27 0x00000000
core   0: 0x80009d80 (0x010a5633) srl     a2, s4, a6
core   0: 3 0x80009d80 (0x010a5633) x12 0x00000000
core   0: 0x80009d84 (0x41670533) sub     a0, a4, s6
core   0: 3 0x80009d84 (0x41670533) x10 0x80010e63
core   0: 0x80009d88 (0x85954c17) auipc   s8, 0x85954
core   0: 3 0x80009d88 (0x85954c17) x24 0x0595dd88
core   0: 0x80009d8c (0x00000013) nop
core   0: 3 0x80009d8c (0x00000013)
core   0: 0x80009d90 (0x0131bf33) sltu    t5, gp, s3
core   0: 3 0x80009d90 (0x0131bf33) x30 0x00000000
core   0: 0x80009d94 (0x61883537) lui     a0, 0x61883
core   0: 3 0x80009d94 (0x61883537) x10 0x61883000
core   0: 0x80009d98 (0x41165433) sra     s0, a2, a7
core   0: 3 0x80009d98 (0x41165433) x 8 0x00000000
core   0: 0x80009d9c (0x009d44b3) xor     s1, s10, s1
core   0: 3 0x80009d9c (0x009d44b3) x 9 0x00000001
core   0: 0x80009da0 (0x01e6d413) srli    s0, a3, 30
core   0: 3 0x80009da0 (0x01e6d413) x 8 0x00000001
core   0: 0x80009da4 (0x41b39c97) auipc   s9, 0x41b39
core   0: 3 0x80009da4 (0x41b39c97) x25 0xc1b42da4
core   0: 0x80009da8 (0x0135f633) and     a2, a1, s3
core   0: 3 0x80009da8 (0x0135f633) x12 0x00000000
core   0: 0x80009dac (0xa7e5cf37) lui     t5, 0xa7e5c
core   0: 3 0x80009dac (0xa7e5cf37) x30 0xa7e5c000
core   0: 0x80009db0 (0xee13e113) ori     sp, t2, -287
core   0: 3 0x80009db0 (0xee13e113) x 2 0xfffffeed
core   0: 0x80009db4 (0x01ba10b3) sll     ra, s4, s11
core   0: 3 0x80009db4 (0x01ba10b3) x 1 0x00000000
core   0: 0x80009db8 (0x84948e13) addi    t3, s1, -1975
core   0: 3 0x80009db8 (0x84948e13) x28 0xfffff84a
core   0: 0x80009dbc (0xeb338493) addi    s1, t2, -333
core   0: 3 0x80009dbc (0xeb338493) x 9 0x6d584b60
core   0: 0x80009dc0 (0x711fac37) lui     s8, 0x711fa
core   0: 3 0x80009dc0 (0x711fac37) x24 0x711fa000
core   0: 0x80009dc4 (0xee8dc213) xori    tp, s11, -280
core   0: 3 0x80009dc4 (0xee8dc213) x 4 0xfffffee8
core   0: 0x80009dc8 (0x012874b3) and     s1, a6, s2
core   0: 3 0x80009dc8 (0x012874b3) x 9 0x0c1048a1
core   0: 0x80009dcc (0x003c5cb3) srl     s9, s8, gp
core   0: 3 0x80009dcc (0x003c5cb3) x25 0x388fd000
core   0: 0x80009dd0 (0x62b2d137) lui     sp, 0x62b2d
core   0: 3 0x80009dd0 (0x62b2d137) x 2 0x62b2d000
core   0: 0x80009dd4 (0x00ea3eb3) sltu    t4, s4, a4
core   0: 3 0x80009dd4 (0x00ea3eb3) x29 0x00000001
core   0: 0x80009dd8 (0x00e39593) slli    a1, t2, 14
core   0: 3 0x80009dd8 (0x00e39593) x11 0x132b4000
core   0: 0x80009ddc (0x64923913) sltiu   s2, tp, 1609
core   0: 3 0x80009ddc (0x64923913) x18 0x00000000
core   0: 0x80009de0 (0x00109913) slli    s2, ra, 1
core   0: 3 0x80009de0 (0x00109913) x18 0x00000000
core   0: 0x80009de4 (0x4104ac97) auipc   s9, 0x4104a
core   0: 3 0x80009de4 (0x4104ac97) x25 0xc1053de4
core   0: 0x80009de8 (0xa0772c13) slti    s8, a4, -1529
core   0: 3 0x80009de8 (0xa0772c13) x24 0x00000001
core   0: 0x80009dec (0x01399333) sll     t1, s3, s3
core   0: 3 0x80009dec (0x01399333) x 6 0x00000000
core   0: 0x80009df0 (0x4037d013) srai    zero, a5, 3
core   0: 3 0x80009df0 (0x4037d013)
core   0: 0x80009df4 (0x401f5c13) srai    s8, t5, 1
core   0: 3 0x80009df4 (0x401f5c13) x24 0xd3f2e000
core   0: 0x80009df8 (0x0117d313) srli    t1, a5, 17
core   0: 3 0x80009df8 (0x0117d313) x 6 0x00007fa7
core   0: 0x80009dfc (0x004ed0b3) srl     ra, t4, tp
core   0: 3 0x80009dfc (0x004ed0b3) x 1 0x00000000
core   0: 0x80009e00 (0x4146dc93) srai    s9, a3, 20
core   0: 3 0x80009e00 (0x4146dc93) x25 0x000006d4
core   0: 0x80009e04 (0x92f08097) auipc   ra, 0x92f08
core   0: 3 0x80009e04 (0x92f08097) x 1 0x12f11e04
core   0: 0x80009e08 (0x00000013) nop
core   0: 3 0x80009e08 (0x00000013)
core   0: 0x80009e0c (0x40325f33) sra     t5, tp, gp
core   0: 3 0x80009e0c (0x40325f33) x30 0xffffff74
core   0: 0x80009e10 (0x016f9013) slli    zero, t6, 22
core   0: 3 0x80009e10 (0x016f9013)
core   0: 0x80009e14 (0x70b44e37) lui     t3, 0x70b44
core   0: 3 0x80009e14 (0x70b44e37) x28 0x70b44000
core   0: 0x80009e18 (0x0128ab33) slt     s6, a7, s2
core   0: 3 0x80009e18 (0x0128ab33) x22 0x00000000
core   0: 0x80009e1c (0x016e2033) slt     zero, t3, s6
core   0: 3 0x80009e1c (0x016e2033)
core   0: 0x80009e20 (0x000e03b3) add     t2, t3, zero
core   0: 3 0x80009e20 (0x000e03b3) x 7 0x70b44000
core   0: 0x80009e24 (0x401a5333) sra     t1, s4, ra
core   0: 3 0x80009e24 (0x401a5333) x 6 0x00000000
core   0: 0x80009e28 (0x800000b7) lui     ra, 0x80000
core   0: 3 0x80009e28 (0x800000b7) x 1 0x80000000
core   0: 0x80009e2c (0x00000b93) li      s7, 0
core   0: 3 0x80009e2c (0x00000b93) x23 0x00000000
core   0: 0x80009e30 (0x00000113) li      sp, 0
core   0: 3 0x80009e30 (0x00000113) x 2 0x00000000
core   0: 0x80009e34 (0xfff00813) li      a6, -1
core   0: 3 0x80009e34 (0xfff00813) x16 0xffffffff
core   0: 0x80009e38 (0xdff46a37) lui     s4, 0xdff46
core   0: 3 0x80009e38 (0xdff46a37) x20 0xdff46000
core   0: 0x80009e3c (0x17da0a13) addi    s4, s4, 381
core   0: 3 0x80009e3c (0x17da0a13) x20 0xdff4617d
core   0: 0x80009e40 (0x800008b7) lui     a7, 0x80000
core   0: 3 0x80009e40 (0x800008b7) x17 0x80000000
core   0: 0x80009e44 (0x800001b7) lui     gp, 0x80000
core   0: 3 0x80009e44 (0x800001b7) x 3 0x80000000
core   0: 0x80009e48 (0x80000eb7) lui     t4, 0x80000
core   0: 3 0x80009e48 (0x80000eb7) x29 0x80000000
core   0: 0x80009e4c (0xfff00513) li      a0, -1
core   0: 3 0x80009e4c (0xfff00513) x10 0xffffffff
core   0: 0x80009e50 (0xfff00e13) li      t3, -1
core   0: 3 0x80009e50 (0xfff00e13) x28 0xffffffff
core   0: 0x80009e54 (0xe3eb8093) addi    ra, s7, -450
core   0: 3 0x80009e54 (0xe3eb8093) x 1 0xfffffe3e
core   0: 0x80009e58 (0x00000013) nop
core   0: 3 0x80009e58 (0x00000013)
core   0: 0x80009e5c (0x672a8a17) auipc   s4, 0x672a8
core   0: 3 0x80009e5c (0x672a8a17) x20 0xe72b1e5c
core   0: 0x80009e60 (0xf9550193) addi    gp, a0, -107
core   0: 3 0x80009e60 (0xf9550193) x 3 0xffffff94
core   0: 0x80009e64 (0x30c6d0b7) lui     ra, 0x30c6d
core   0: 3 0x80009e64 (0x30c6d0b7) x 1 0x30c6d000
core   0: 0x80009e68 (0xe4208513) addi    a0, ra, -446
core   0: 3 0x80009e68 (0xe4208513) x10 0x30c6ce42
core   0: 0x80009e6c (0x401a0133) sub     sp, s4, ra
core   0: 3 0x80009e6c (0x401a0133) x 2 0xb6644e5c
core   0: 0x80009e70 (0x00000013) nop
core   0: 3 0x80009e70 (0x00000013)
core   0: 0x80009e74 (0x41150a33) sub     s4, a0, a7
core   0: 3 0x80009e74 (0x41150a33) x20 0xb0c6ce42
core   0: 0x80009e78 (0x00000013) nop
core   0: 3 0x80009e78 (0x00000013)
core   0: 0x80009e7c (0x61ca6e97) auipc   t4, 0x61ca6
core   0: 3 0x80009e7c (0x61ca6e97) x29 0xe1cafe7c
core   0: 0x80009e80 (0x8762da37) lui     s4, 0x8762d
core   0: 3 0x80009e80 (0x8762da37) x20 0x8762d000
core   0: 0x80009e84 (0x00000013) nop
core   0: 3 0x80009e84 (0x00000013)
core   0: 0x80009e88 (0x003e0833) add     a6, t3, gp
core   0: 3 0x80009e88 (0x003e0833) x16 0xffffff93
core   0: 0x80009e8c (0x40a08533) sub     a0, ra, a0
core   0: 3 0x80009e8c (0x40a08533) x10 0x000001be
core   0: 0x80009e90 (0x0ec10093) addi    ra, sp, 236
core   0: 3 0x80009e90 (0x0ec10093) x 1 0xb6644f48
core   0: 0x80009e94 (0x3c7e0113) addi    sp, t3, 967
core   0: 3 0x80009e94 (0x3c7e0113) x 2 0x000003c6
core   0: 0x80009e98 (0x011e0bb3) add     s7, t3, a7
core   0: 3 0x80009e98 (0x011e0bb3) x23 0x7fffffff
core   0: 0x80009e9c (0x411e5933) sra     s2, t3, a7
core   0: 3 0x80009e9c (0x411e5933) x18 0xffffffff
core   0: 0x80009ea0 (0x011b1c33) sll     s8, s6, a7
core   0: 3 0x80009ea0 (0x011b1c33) x24 0x00000000
core   0: 0x80009ea4 (0x00000013) nop
core   0: 3 0x80009ea4 (0x00000013)
core   0: 0x80009ea8 (0x01ce1193) slli    gp, t3, 28
core   0: 3 0x80009ea8 (0x01ce1193) x 3 0xf0000000
core   0: 0x80009eac (0x00828eb3) add     t4, t0, s0
core   0: 3 0x80009eac (0x00828eb3) x29 0x00000001
core   0: 0x80009eb0 (0x9909d137) lui     sp, 0x9909d
core   0: 3 0x80009eb0 (0x9909d137) x 2 0x9909d000
core   0: 0x80009eb4 (0x00ffd2b3) srl     t0, t6, a5
core   0: 3 0x80009eb4 (0x00ffd2b3) x 5 0x00000002
core   0: 0x80009eb8 (0xfc3bfd17) auipc   s10, 0xfc3bf
core   0: 3 0x80009eb8 (0xfc3bfd17) x26 0x7c3c8eb8
core   0: 0x80009ebc (0x0f330113) addi    sp, t1, 243
core   0: 3 0x80009ebc (0x0f330113) x 2 0x000000f3
core   0: 0x80009ec0 (0x37612013) slti    zero, sp, 886
core   0: 3 0x80009ec0 (0x37612013)
core   0: 0x80009ec4 (0x00493bb3) sltu    s7, s2, tp
core   0: 3 0x80009ec4 (0x00493bb3) x23 0x00000000
core   0: 0x80009ec8 (0x01bb4cb3) xor     s9, s6, s11
core   0: 3 0x80009ec8 (0x01bb4cb3) x25 0x00000000
core   0: 0x80009ecc (0xda0e4113) xori    sp, t3, -608
core   0: 3 0x80009ecc (0xda0e4113) x 2 0x0000025f
core   0: 0x80009ed0 (0x005c5c13) srli    s8, s8, 5
core   0: 3 0x80009ed0 (0x005c5c13) x24 0x00000000
core   0: 0x80009ed4 (0x401dd333) sra     t1, s11, ra
core   0: 3 0x80009ed4 (0x401dd333) x 6 0x00000000
core   0: 0x80009ed8 (0x013169b3) or      s3, sp, s3
core   0: 3 0x80009ed8 (0x013169b3) x19 0x0000025f
core   0: 0x80009edc (0xb84c7813) andi    a6, s8, -1148
core   0: 3 0x80009edc (0xb84c7813) x16 0x00000000
core   0: 0x80009ee0 (0x00258bb3) add     s7, a1, sp
core   0: 3 0x80009ee0 (0x00258bb3) x23 0x132b425f
core   0: 0x80009ee4 (0x4161dcb3) sra     s9, gp, s6
core   0: 3 0x80009ee4 (0x4161dcb3) x25 0xf0000000
core   0: 0x80009ee8 (0x404a53b3) sra     t2, s4, tp
core   0: 3 0x80009ee8 (0x404a53b3) x 7 0xff8762d0
core   0: 0x80009eec (0x01dd0333) add     t1, s10, t4
core   0: 3 0x80009eec (0x01dd0333) x 6 0x7c3c8eb9
core   0: 0x80009ef0 (0x00d2a3b3) slt     t2, t0, a3
core   0: 3 0x80009ef0 (0x00d2a3b3) x 7 0x00000001
core   0: 0x80009ef4 (0x4061d293) srai    t0, gp, 6
core   0: 3 0x80009ef4 (0x4061d293) x 5 0xffc00000
core   0: 0x80009ef8 (0x00b85e13) srli    t3, a6, 11
core   0: 3 0x80009ef8 (0x00b85e13) x28 0x00000000
core   0: 0x80009efc (0x006f9933) sll     s2, t6, t1
core   0: 3 0x80009efc (0x006f9933) x18 0xc8000000
core   0: 0x80009f00 (0x00000013) nop
core   0: 3 0x80009f00 (0x00000013)
core   0: 0x80009f04 (0x00c31693) slli    a3, t1, 12
core   0: 3 0x80009f04 (0x00c31693) x13 0xc8eb9000
core   0: 0x80009f08 (0x00cfc533) xor     a0, t6, a2
core   0: 3 0x80009f08 (0x00cfc533) x10 0x80014ce4
core   0: 0x80009f0c (0x05586193) ori     gp, a6, 85
core   0: 3 0x80009f0c (0x05586193) x 3 0x00000055
core   0: 0x80009f10 (0x0079a8b3) slt     a7, s3, t2
core   0: 3 0x80009f10 (0x0079a8b3) x17 0x00000000
core   0: 0x80009f14 (0x01d0d833) srl     a6, ra, t4
core   0: 3 0x80009f14 (0x01d0d833) x16 0x5b3227a4
core   0: 0x80009f18 (0x40545db3) sra     s11, s0, t0
core   0: 3 0x80009f18 (0x40545db3) x27 0x00000001
core   0: 0x80009f1c (0xbe902613) slti    a2, zero, -1047
core   0: 3 0x80009f1c (0xbe902613) x12 0x00000000
core   0: 0x80009f20 (0x40695113) srai    sp, s2, 6
core   0: 3 0x80009f20 (0x40695113) x 2 0xff200000
core   0: 0x80009f24 (0x018d1413) slli    s0, s10, 24
core   0: 3 0x80009f24 (0x018d1413) x 8 0xb8000000
core   0: 0x80009f28 (0x3f2641b7) lui     gp, 0x3f264
core   0: 3 0x80009f28 (0x3f2641b7) x 3 0x3f264000
core   0: 0x80009f2c (0x013555b3) srl     a1, a0, s3
core   0: 3 0x80009f2c (0x013555b3) x11 0x00000001
core   0: 0x80009f30 (0x43663913) sltiu   s2, a2, 1078
core   0: 3 0x80009f30 (0x43663913) x18 0x00000001
core   0: 0x80009f34 (0x7fce2f13) slti    t5, t3, 2044
core   0: 3 0x80009f34 (0x7fce2f13) x30 0x00000001
core   0: 0x80009f38 (0xe3194b93) xori    s7, s2, -463
core   0: 3 0x80009f38 (0xe3194b93) x23 0xfffffe30
core   0: 0x80009f3c (0x41685033) sra     zero, a6, s6
core   0: 3 0x80009f3c (0x41685033)
core   0: 0x80009f40 (0x12a80e93) addi    t4, a6, 298
core   0: 3 0x80009f40 (0x12a80e93) x29 0x5b3228ce
core   0: 0x80009f44 (0x013e0eb3) add     t4, t3, s3
core   0: 3 0x80009f44 (0x013e0eb3) x29 0x0000025f
core   0: 0x80009f48 (0xf6185917) auipc   s2, 0xf6185
core   0: 3 0x80009f48 (0xf6185917) x18 0x7618ef48
core   0: 0x80009f4c (0xe7a4a913) slti    s2, s1, -390
core   0: 3 0x80009f4c (0xe7a4a913) x18 0x00000000
core   0: 0x80009f50 (0x407d0e33) sub     t3, s10, t2
core   0: 3 0x80009f50 (0x407d0e33) x28 0x7c3c8eb7
core   0: 0x80009f54 (0x01085633) srl     a2, a6, a6
core   0: 3 0x80009f54 (0x01085633) x12 0x05b3227a
core   0: 0x80009f58 (0xde286813) ori     a6, a6, -542
core   0: 3 0x80009f58 (0xde286813) x16 0xffffffe6
core   0: 0x80009f5c (0x9dfd2593) slti    a1, s10, -1569
core   0: 3 0x80009f5c (0x9dfd2593) x11 0x00000000
core   0: 0x80009f60 (0x01195f33) srl     t5, s2, a7
core   0: 3 0x80009f60 (0x01195f33) x30 0x00000000
core   0: 0x80009f64 (0x00ba32b3) sltu    t0, s4, a1
core   0: 3 0x80009f64 (0x00ba32b3) x 5 0x00000000
core   0: 0x80009f68 (0x10677a93) andi    s5, a4, 262
core   0: 3 0x80009f68 (0x10677a93) x21 0x00000004
core   0: 0x80009f6c (0x01c1f9b3) and     s3, gp, t3
core   0: 3 0x80009f6c (0x01c1f9b3) x19 0x3c240000
core   0: 0x80009f70 (0x41e6d013) srai    zero, a3, 30
core   0: 3 0x80009f70 (0x41e6d013)
core   0: 0x80009f74 (0x005c5ab3) srl     s5, s8, t0
core   0: 3 0x80009f74 (0x005c5ab3) x21 0x00000000
core   0: 0x80009f78 (0x00b19d93) slli    s11, gp, 11
core   0: 3 0x80009f78 (0x00b19d93) x27 0x32000000
core   0: 0x80009f7c (0x3f187213) andi    tp, a6, 1009
core   0: 3 0x80009f7c (0x3f187213) x 4 0x000003e0
core   0: 0x80009f80 (0x002c5a93) srli    s5, s8, 2
core   0: 3 0x80009f80 (0x002c5a93) x21 0x00000000
core   0: 0x80009f84 (0x012c14b3) sll     s1, s8, s2
core   0: 3 0x80009f84 (0x012c14b3) x 9 0x00000000
core   0: 0x80009f88 (0x94523393) sltiu   t2, tp, -1723
core   0: 3 0x80009f88 (0x94523393) x 7 0x00000001
core   0: 0x80009f8c (0x0155f933) and     s2, a1, s5
core   0: 3 0x80009f8c (0x0155f933) x18 0x00000000
core   0: 0x80009f90 (0x007f1db3) sll     s11, t5, t2
core   0: 3 0x80009f90 (0x007f1db3) x27 0x00000000
core   0: 0x80009f94 (0x400e0ab3) sub     s5, t3, zero
core   0: 3 0x80009f94 (0x400e0ab3) x21 0x7c3c8eb7
core   0: 0x80009f98 (0x00000013) nop
core   0: 3 0x80009f98 (0x00000013)
core   0: 0x80009f9c (0x40ab0633) sub     a2, s6, a0
core   0: 3 0x80009f9c (0x40ab0633) x12 0x7ffeb31c
core   0: 0x80009fa0 (0x6f6fbc93) sltiu   s9, t6, 1782
core   0: 3 0x80009fa0 (0x6f6fbc93) x25 0x00000000
core   0: 0x80009fa4 (0x402b5c33) sra     s8, s6, sp
core   0: 3 0x80009fa4 (0x402b5c33) x24 0x00000000
core   0: 0x80009fa8 (0x0068d333) srl     t1, a7, t1
core   0: 3 0x80009fa8 (0x0068d333) x 6 0x00000000
core   0: 0x80009fac (0x00543f33) sltu    t5, s0, t0
core   0: 3 0x80009fac (0x00543f33) x30 0x00000000
core   0: 0x80009fb0 (0x00bc56b3) srl     a3, s8, a1
core   0: 3 0x80009fb0 (0x00bc56b3) x13 0x00000000
core   0: 0x80009fb4 (0x00b4bbb3) sltu    s7, s1, a1
core   0: 3 0x80009fb4 (0x00b4bbb3) x23 0x00000000
core   0: 0x80009fb8 (0x4112da33) sra     s4, t0, a7
core   0: 3 0x80009fb8 (0x4112da33) x20 0x00000000
core   0: 0x80009fbc (0x00000013) nop
core   0: 3 0x80009fbc (0x00000013)
core   0: 0x80009fc0 (0x00604f33) xor     t5, zero, t1
core   0: 3 0x80009fc0 (0x00604f33) x30 0x00000000
core   0: 0x80009fc4 (0x013656b3) srl     a3, a2, s3
core   0: 3 0x80009fc4 (0x013656b3) x13 0x7ffeb31c
core   0: 0x80009fc8 (0x00ec9c33) sll     s8, s9, a4
core   0: 3 0x80009fc8 (0x00ec9c33) x24 0x00000000
core   0: 0x80009fcc (0x3050f513) andi    a0, ra, 773
core   0: 3 0x80009fcc (0x3050f513) x10 0x00000300
core   0: 0x80009fd0 (0xb0afaf13) slti    t5, t6, -1270
core   0: 3 0x80009fd0 (0xb0afaf13) x30 0x00000001
core   0: 0x80009fd4 (0x002e2033) slt     zero, t3, sp
core   0: 3 0x80009fd4 (0x002e2033)
core   0: 0x80009fd8 (0x00749ab3) sll     s5, s1, t2
core   0: 3 0x80009fd8 (0x00749ab3) x21 0x00000000
core   0: 0x80009fdc (0x86d6c017) auipc   zero, 0x86d6c
core   0: 3 0x80009fdc (0x86d6c017)
core   0: 0x80009fe0 (0x01198933) add     s2, s3, a7
core   0: 3 0x80009fe0 (0x01198933) x18 0x3c240000
core   0: 0x80009fe4 (0x00a4ad33) slt     s10, s1, a0
core   0: 3 0x80009fe4 (0x00a4ad33) x26 0x00000001
core   0: 0x80009fe8 (0x00806533) or      a0, zero, s0
core   0: 3 0x80009fe8 (0x00806533) x10 0xb8000000
core   0: 0x80009fec (0x00c55813) srli    a6, a0, 12
core   0: 3 0x80009fec (0x00c55813) x16 0x000b8000
core   0: 0x80009ff0 (0x01da18b3) sll     a7, s4, t4
core   0: 3 0x80009ff0 (0x01da18b3) x17 0x00000000
core   0: 0x80009ff4 (0x7540fc97) auipc   s9, 0x7540f
core   0: 3 0x80009ff4 (0x7540fc97) x25 0xf5418ff4
core   0: 0x80009ff8 (0x414a09b3) sub     s3, s4, s4
core   0: 3 0x80009ff8 (0x414a09b3) x19 0x00000000
core   0: 0x80009ffc (0x65c2bb37) lui     s6, 0x65c2b
core   0: 3 0x80009ffc (0x65c2bb37) x22 0x65c2b000
core   0: 0x8000a000 (0x004ad233) srl     tp, s5, tp
core   0: 3 0x8000a000 (0x004ad233) x 4 0x00000000
core   0: 0x8000a004 (0xf4ee2a93) slti    s5, t3, -178
core   0: 3 0x8000a004 (0xf4ee2a93) x21 0x00000000
core   0: 0x8000a008 (0xd5a40d93) addi    s11, s0, -678
core   0: 3 0x8000a008 (0xd5a40d93) x27 0xb7fffd5a
core   0: 0x8000a00c (0x41cada93) srai    s5, s5, 28
core   0: 3 0x8000a00c (0x41cada93) x21 0x00000000
core   0: 0x8000a010 (0x014cbbb3) sltu    s7, s9, s4
core   0: 3 0x8000a010 (0x014cbbb3) x23 0x00000000
core   0: 0x8000a014 (0x1bf0e393) ori     t2, ra, 447
core   0: 3 0x8000a014 (0x1bf0e393) x 7 0xb6644fff
core   0: 0x8000a018 (0x01b4c0b3) xor     ra, s1, s11
core   0: 3 0x8000a018 (0x01b4c0b3) x 1 0xb7fffd5a
core   0: 0x8000a01c (0x00000013) nop
core   0: 3 0x8000a01c (0x00000013)
core   0: 0x8000a020 (0xaea30813) addi    a6, t1, -1302
core   0: 3 0x8000a020 (0xaea30813) x16 0xfffffaea
core   0: 0x8000a024 (0x0ee62d93) slti    s11, a2, 238
core   0: 3 0x8000a024 (0x0ee62d93) x27 0x00000000
core   0: 0x8000a028 (0x012ac533) xor     a0, s5, s2
core   0: 3 0x8000a028 (0x012ac533) x10 0x3c240000
core   0: 0x8000a02c (0x00a77c33) and     s8, a4, a0
core   0: 3 0x8000a02c (0x00a77c33) x24 0x00000000
core   0: 0x8000a030 (0x69e8fc13) andi    s8, a7, 1694
core   0: 3 0x8000a030 (0x69e8fc13) x24 0x00000000
core   0: 0x8000a034 (0x011759b3) srl     s3, a4, a7
core   0: 3 0x8000a034 (0x011759b3) x19 0x80010e64
core   0: 0x8000a038 (0x00000013) nop
core   0: 3 0x8000a038 (0x00000013)
core   0: 0x8000a03c (0x4085ddb3) sra     s11, a1, s0
core   0: 3 0x8000a03c (0x4085ddb3) x27 0x00000000
core   0: 0x8000a040 (0x01915e33) srl     t3, sp, s9
core   0: 3 0x8000a040 (0x01915e33) x28 0x00000ff2
core   0: 0x8000a044 (0x01059393) slli    t2, a1, 16
core   0: 3 0x8000a044 (0x01059393) x 7 0x00000000
core   0: 0x8000a048 (0x3c486d93) ori     s11, a6, 964
core   0: 3 0x8000a048 (0x3c486d93) x27 0xfffffbee
core   0: 0x8000a04c (0x011e5813) srli    a6, t3, 17
core   0: 3 0x8000a04c (0x011e5813) x16 0x00000000
core   0: 0x8000a050 (0xa76af813) andi    a6, s5, -1418
core   0: 3 0x8000a050 (0xa76af813) x16 0x00000000
core   0: 0x8000a054 (0x990c2f13) slti    t5, s8, -1648
core   0: 3 0x8000a054 (0x990c2f13) x30 0x00000000
core   0: 0x8000a058 (0x019e1e13) slli    t3, t3, 25
core   0: 3 0x8000a058 (0x019e1e13) x28 0xe4000000
core   0: 0x8000a05c (0x00000013) nop
core   0: 3 0x8000a05c (0x00000013)
core   0: 0x8000a060 (0x00e20633) add     a2, tp, a4
core   0: 3 0x8000a060 (0x00e20633) x12 0x80010e64
core   0: 0x8000a064 (0xe7a38913) addi    s2, t2, -390
core   0: 3 0x8000a064 (0xe7a38913) x18 0xfffffe7a
core   0: 0x8000a068 (0xdcd94893) xori    a7, s2, -563
core   0: 3 0x8000a068 (0xdcd94893) x17 0x000003b7
core   0: 0x8000a06c (0x0048b233) sltu    tp, a7, tp
core   0: 3 0x8000a06c (0x0048b233) x 4 0x00000000
core   0: 0x8000a070 (0x01b63eb3) sltu    t4, a2, s11
core   0: 3 0x8000a070 (0x01b63eb3) x29 0x00000001
core   0: 0x8000a074 (0x248f4897) auipc   a7, 0x248f4
core   0: 3 0x8000a074 (0x248f4897) x17 0xa48fe074
core   0: 0x8000a078 (0x01467a33) and     s4, a2, s4
core   0: 3 0x8000a078 (0x01467a33) x20 0x00000000
core   0: 0x8000a07c (0x41c18133) sub     sp, gp, t3
core   0: 3 0x8000a07c (0x41c18133) x 2 0x5b264000
core   0: 0x8000a080 (0x417b5293) srai    t0, s6, 23
core   0: 3 0x8000a080 (0x417b5293) x 5 0x000000cb
core   0: 0x8000a084 (0x00000013) nop
core   0: 3 0x8000a084 (0x00000013)
core   0: 0x8000a088 (0x0037d9b3) srl     s3, a5, gp
core   0: 3 0x8000a088 (0x0037d9b3) x19 0xff4e9b7e
core   0: 0x8000a08c (0x406d02b3) sub     t0, s10, t1
core   0: 3 0x8000a08c (0x406d02b3) x 5 0x00000001
core   0: 0x8000a090 (0x0054cf33) xor     t5, s1, t0
core   0: 3 0x8000a090 (0x0054cf33) x30 0x00000001
core   0: 0x8000a094 (0x42cf4093) xori    ra, t5, 1068
core   0: 3 0x8000a094 (0x42cf4093) x 1 0x0000042d
core   0: 0x8000a098 (0x0151b6b3) sltu    a3, gp, s5
core   0: 3 0x8000a098 (0x0151b6b3) x13 0x00000000
core   0: 0x8000a09c (0x0065aeb3) slt     t4, a1, t1
core   0: 3 0x8000a09c (0x0065aeb3) x29 0x00000000
core   0: 0x8000a0a0 (0x461f7113) andi    sp, t5, 1121
core   0: 3 0x8000a0a0 (0x461f7113) x 2 0x00000001
core   0: 0x8000a0a4 (0x00461433) sll     s0, a2, tp
core   0: 3 0x8000a0a4 (0x00461433) x 8 0x80010e64
core   0: 0x8000a0a8 (0x7a27ca93) xori    s5, a5, 1954
core   0: 3 0x8000a0a8 (0x7a27ca93) x21 0xff4e9cdc
core   0: 0x8000a0ac (0x41aa8ab3) sub     s5, s5, s10
core   0: 3 0x8000a0ac (0x41aa8ab3) x21 0xff4e9cdb
core   0: 0x8000a0b0 (0x4176d893) srai    a7, a3, 23
core   0: 3 0x8000a0b0 (0x4176d893) x17 0x00000000
core   0: 0x8000a0b4 (0x01672133) slt     sp, a4, s6
core   0: 3 0x8000a0b4 (0x01672133) x 2 0x00000001
core   0: 0x8000a0b8 (0x00000013) nop
core   0: 3 0x8000a0b8 (0x00000013)
core   0: 0x8000a0bc (0x00000013) nop
core   0: 3 0x8000a0bc (0x00000013)
core   0: 0x8000a0c0 (0x41855a13) srai    s4, a0, 24
core   0: 3 0x8000a0c0 (0x41855a13) x20 0x0000003c
core   0: 0x8000a0c4 (0x76374213) xori    tp, a4, 1891
core   0: 3 0x8000a0c4 (0x76374213) x 4 0x80010907
core   0: 0x8000a0c8 (0x00000013) nop
core   0: 3 0x8000a0c8 (0x00000013)
core   0: 0x8000a0cc (0x3f001537) lui     a0, 0x3f001
core   0: 3 0x8000a0cc (0x3f001537) x10 0x3f001000
core   0: 0x8000a0d0 (0x883b4013) xori    zero, s6, -1917
core   0: 3 0x8000a0d0 (0x883b4013)
core   0: 0x8000a0d4 (0xcb427393) andi    t2, tp, -844
core   0: 3 0x8000a0d4 (0xcb427393) x 7 0x80010804
core   0: 0x8000a0d8 (0xf78c8c93) addi    s9, s9, -136
core   0: 3 0x8000a0d8 (0xf78c8c93) x25 0xf5418f6c
core   0: 0x8000a0dc (0x418fd433) sra     s0, t6, s8
core   0: 3 0x8000a0dc (0x418fd433) x 8 0x80014ce4
core   0: 0x8000a0e0 (0x00000013) nop
core   0: 3 0x8000a0e0 (0x00000013)
core   0: 0x8000a0e4 (0x000015b3) sll     a1, zero, zero
core   0: 3 0x8000a0e4 (0x000015b3) x11 0x00000000
core   0: 0x8000a0e8 (0x41ae5a13) srai    s4, t3, 26
core   0: 3 0x8000a0e8 (0x41ae5a13) x20 0xfffffff9
core   0: 0x8000a0ec (0x29e4b513) sltiu   a0, s1, 670
core   0: 3 0x8000a0ec (0x29e4b513) x10 0x00000001
core   0: 0x8000a0f0 (0x2284a313) slti    t1, s1, 552
core   0: 3 0x8000a0f0 (0x2284a313) x 6 0x00000001
core   0: 0x8000a0f4 (0x01417f33) and     t5, sp, s4
core   0: 3 0x8000a0f4 (0x01417f33) x30 0x00000001
core   0: 0x8000a0f8 (0x40500033) sub     zero, zero, t0
core   0: 3 0x8000a0f8 (0x40500033)
core   0: 0x8000a0fc (0x01210e33) add     t3, sp, s2
core   0: 3 0x8000a0fc (0x01210e33) x28 0xfffffe7b
core   0: 0x8000a100 (0x40d48eb3) sub     t4, s1, a3
core   0: 3 0x8000a100 (0x40d48eb3) x29 0x00000000
core   0: 0x8000a104 (0x00417b33) and     s6, sp, tp
core   0: 3 0x8000a104 (0x00417b33) x22 0x00000001
core   0: 0x8000a108 (0x01bd85b3) add     a1, s11, s11
core   0: 3 0x8000a108 (0x01bd85b3) x11 0xfffff7dc
core   0: 0x8000a10c (0x014b5013) srli    zero, s6, 20
core   0: 3 0x8000a10c (0x014b5013)
core   0: 0x8000a110 (0x1e774393) xori    t2, a4, 487
core   0: 3 0x8000a110 (0x1e774393) x 7 0x80010f83
core   0: 0x8000a114 (0xc4618f13) addi    t5, gp, -954
core   0: 3 0x8000a114 (0xc4618f13) x30 0x3f263c46
core   0: 0x8000a118 (0x00711933) sll     s2, sp, t2
core   0: 3 0x8000a118 (0x00711933) x18 0x00000008
core   0: 0x8000a11c (0x014fb633) sltu    a2, t6, s4
core   0: 3 0x8000a11c (0x014fb633) x12 0x00000001
core   0: 0x8000a120 (0x0183acb3) slt     s9, t2, s8
core   0: 3 0x8000a120 (0x0183acb3) x25 0x00000001
core   0: 0x8000a124 (0x41a25a13) srai    s4, tp, 26
core   0: 3 0x8000a124 (0x41a25a13) x20 0xffffffe0
core   0: 0x8000a128 (0x016d08b3) add     a7, s10, s6
core   0: 3 0x8000a128 (0x016d08b3) x17 0x00000002
core   0: 0x8000a12c (0x40b88c33) sub     s8, a7, a1
core   0: 3 0x8000a12c (0x40b88c33) x24 0x00000826
core   0: 0x8000a130 (0x01a77433) and     s0, a4, s10
core   0: 3 0x8000a130 (0x01a77433) x 8 0x00000000
core   0: 0x8000a134 (0x8db14893) xori    a7, sp, -1829
core   0: 3 0x8000a134 (0x8db14893) x17 0xfffff8da
core   0: 0x8000a138 (0x00cf85b3) add     a1, t6, a2
core   0: 3 0x8000a138 (0x00cf85b3) x11 0x80014ce5
core   0: 0x8000a13c (0xe74e0c13) addi    s8, t3, -396
core   0: 3 0x8000a13c (0xe74e0c13) x24 0xfffffcef
core   0: 0x8000a140 (0x41da5233) sra     tp, s4, t4
core   0: 3 0x8000a140 (0x41da5233) x 4 0xffffffe0
core   0: 0x8000a144 (0x00ea7cb3) and     s9, s4, a4
core   0: 3 0x8000a144 (0x00ea7cb3) x25 0x80010e60
core   0: 0x8000a148 (0x01a029b3) slt     s3, zero, s10
core   0: 3 0x8000a148 (0x01a029b3) x19 0x00000001
core   0: 0x8000a14c (0x240bb313) sltiu   t1, s7, 576
core   0: 3 0x8000a14c (0x240bb313) x 6 0x00000001
core   0: 0x8000a150 (0xf1253913) sltiu   s2, a0, -238
core   0: 3 0x8000a150 (0xf1253913) x18 0x00000001
core   0: 0x8000a154 (0x40828a33) sub     s4, t0, s0
core   0: 3 0x8000a154 (0x40828a33) x20 0x00000001
core   0: 0x8000a158 (0x012adf13) srli    t5, s5, 18
core   0: 3 0x8000a158 (0x012adf13) x30 0x00003fd3
core   0: 0x8000a15c (0x00fc2db3) slt     s11, s8, a5
core   0: 3 0x8000a15c (0x00fc2db3) x27 0x00000000
core   0: 0x8000a160 (0x3de3a237) lui     tp, 0x3de3a
core   0: 3 0x8000a160 (0x3de3a237) x 4 0x3de3a000
core   0: 0x8000a164 (0x000efc33) and     s8, t4, zero
core   0: 3 0x8000a164 (0x000efc33) x24 0x00000000
core   0: 0x8000a168 (0x4093dd13) srai    s10, t2, 9
core   0: 3 0x8000a168 (0x4093dd13) x26 0xffc00087
core   0: 0x8000a16c (0x61e3bb13) sltiu   s6, t2, 1566
core   0: 3 0x8000a16c (0x61e3bb13) x22 0x00000000
core   0: 0x8000a170 (0x411f8a33) sub     s4, t6, a7
core   0: 3 0x8000a170 (0x411f8a33) x20 0x8001540a
core   0: 0x8000a174 (0x00075eb3) srl     t4, a4, zero
core   0: 3 0x8000a174 (0x00075eb3) x29 0x80010e64
core   0: 0x8000a178 (0x001faab3) slt     s5, t6, ra
core   0: 3 0x8000a178 (0x001faab3) x21 0x00000001
core   0: 0x8000a17c (0x00000013) nop
core   0: 3 0x8000a17c (0x00000013)
core   0: 0x8000a180 (0x01b749b3) xor     s3, a4, s11
core   0: 3 0x8000a180 (0x01b749b3) x19 0x80010e64
core   0: 0x8000a184 (0x991ae017) auipc   zero, 0x991ae
core   0: 3 0x8000a184 (0x991ae017)
core   0: 0x8000a188 (0x5a16e293) ori     t0, a3, 1441
core   0: 3 0x8000a188 (0x5a16e293) x 5 0x000005a1
core   0: 0x8000a18c (0x003b13b3) sll     t2, s6, gp
core   0: 3 0x8000a18c (0x003b13b3) x 7 0x00000000
core   0: 0x8000a190 (0x600e7e13) andi    t3, t3, 1536
core   0: 3 0x8000a190 (0x600e7e13) x28 0x00000600
core   0: 0x8000a194 (0x3a176b13) ori     s6, a4, 929
core   0: 3 0x8000a194 (0x3a176b13) x22 0x80010fe5
core   0: 0x8000a198 (0x00798333) add     t1, s3, t2
core   0: 3 0x8000a198 (0x00798333) x 6 0x80010e64
core   0: 0x8000a19c (0x20e34113) xori    sp, t1, 526
core   0: 3 0x8000a19c (0x20e34113) x 2 0x80010c6a
core   0: 0x8000a1a0 (0xf1e5ce13) xori    t3, a1, -226
core   0: 3 0x8000a1a0 (0xf1e5ce13) x28 0x7ffeb3fb
core   0: 0x8000a1a4 (0x418bddb3) sra     s11, s7, s8
core   0: 3 0x8000a1a4 (0x418bddb3) x27 0x00000000
core   0: 0x8000a1a8 (0x8d3b7693) andi    a3, s6, -1837
core   0: 3 0x8000a1a8 (0x8d3b7693) x13 0x800108c1
core   0: 0x8000a1ac (0x01739293) slli    t0, t2, 23
core   0: 3 0x8000a1ac (0x01739293) x 5 0x00000000
core   0: 0x8000a1b0 (0x7a3f8193) addi    gp, t6, 1955
core   0: 3 0x8000a1b0 (0x7a3f8193) x 3 0x80015487
core   0: 0x8000a1b4 (0x008452b3) srl     t0, s0, s0
core   0: 3 0x8000a1b4 (0x008452b3) x 5 0x00000000
core   0: 0x8000a1b8 (0x00000013) nop
core   0: 3 0x8000a1b8 (0x00000013)
core   0: 0x8000a1bc (0xb6842f13) slti    t5, s0, -1176
core   0: 3 0x8000a1bc (0xb6842f13) x30 0x00000000
core   0: 0x8000a1c0 (0x41a85c13) srai    s8, a6, 26
core   0: 3 0x8000a1c0 (0x41a85c13) x24 0x00000000
core   0: 0x8000a1c4 (0x00d641b3) xor     gp, a2, a3
core   0: 3 0x8000a1c4 (0x00d641b3) x 3 0x800108c0
core   0: 0x8000a1c8 (0x452bd8b7) lui     a7, 0x452bd
core   0: 3 0x8000a1c8 (0x452bd8b7) x17 0x452bd000
core   0: 0x8000a1cc (0x00000013) nop
core   0: 3 0x8000a1cc (0x00000013)
core   0: 0x8000a1d0 (0x01511b13) slli    s6, sp, 21
core   0: 3 0x8000a1d0 (0x01511b13) x22 0x8d400000
core   0: 0x8000a1d4 (0x00ffe8b3) or      a7, t6, a5
core   0: 3 0x8000a1d4 (0x00ffe8b3) x17 0xff4fdffe
core   0: 0x8000a1d8 (0xe9868893) addi    a7, a3, -360
core   0: 3 0x8000a1d8 (0xe9868893) x17 0x80010759
core   0: 0x8000a1dc (0x8d920513) addi    a0, tp, -1831
core   0: 3 0x8000a1dc (0x8d920513) x10 0x3de398d9
core   0: 0x8000a1e0 (0x01bc0533) add     a0, s8, s11
core   0: 3 0x8000a1e0 (0x01bc0533) x10 0x00000000
core   0: 0x8000a1e4 (0x830c68b7) lui     a7, 0x830c6
core   0: 3 0x8000a1e4 (0x830c68b7) x17 0x830c6000
core   0: 0x8000a1e8 (0x01b2d593) srli    a1, t0, 27
core   0: 3 0x8000a1e8 (0x01b2d593) x11 0x00000000
core   0: 0x8000a1ec (0x542f3593) sltiu   a1, t5, 1346
core   0: 3 0x8000a1ec (0x542f3593) x11 0x00000001
core   0: 0x8000a1f0 (0x010fd613) srli    a2, t6, 16
core   0: 3 0x8000a1f0 (0x010fd613) x12 0x00008001
core   0: 0x8000a1f4 (0x0131b333) sltu    t1, gp, s3
core   0: 3 0x8000a1f4 (0x0131b333) x 6 0x00000001
core   0: 0x8000a1f8 (0x01d44433) xor     s0, s0, t4
core   0: 3 0x8000a1f8 (0x01d44433) x 8 0x80010e64
core   0: 0x8000a1fc (0x01f43433) sltu    s0, s0, t6
core   0: 3 0x8000a1fc (0x01f43433) x 8 0x00000001
core   0: 0x8000a200 (0x5480b313) sltiu   t1, ra, 1352
core   0: 3 0x8000a200 (0x5480b313) x 6 0x00000001
core   0: 0x8000a204 (0x013bb033) sltu    zero, s7, s3
core   0: 3 0x8000a204 (0x013bb033)
core   0: 0x8000a208 (0xbf354a13) xori    s4, a0, -1037
core   0: 3 0x8000a208 (0xbf354a13) x20 0xfffffbf3
core   0: 0x8000a20c (0x019f01b3) add     gp, t5, s9
core   0: 3 0x8000a20c (0x019f01b3) x 3 0x80010e60
core   0: 0x8000a210 (0x40955193) srai    gp, a0, 9
core   0: 3 0x8000a210 (0x40955193) x 3 0x00000000
core   0: 0x8000a214 (0x01c0dd33) srl     s10, ra, t3
core   0: 3 0x8000a214 (0x01c0dd33) x26 0x00000000
core   0: 0x8000a218 (0x01b0c2b3) xor     t0, ra, s11
core   0: 3 0x8000a218 (0x01b0c2b3) x 5 0x0000042d
core   0: 0x8000a21c (0x00c65493) srli    s1, a2, 12
core   0: 3 0x8000a21c (0x00c65493) x 9 0x00000008
core   0: 0x8000a220 (0x00415533) srl     a0, sp, tp
core   0: 3 0x8000a220 (0x00415533) x10 0x80010c6a
core   0: 0x8000a224 (0xcf3ef813) andi    a6, t4, -781
core   0: 3 0x8000a224 (0xcf3ef813) x16 0x80010c60
core   0: 0x8000a228 (0x9dc18b93) addi    s7, gp, -1572
core   0: 3 0x8000a228 (0x9dc18b93) x23 0xfffff9dc
core   0: 0x8000a22c (0x003d16b3) sll     a3, s10, gp
core   0: 3 0x8000a22c (0x003d16b3) x13 0x00000000
core   0: 0x8000a230 (0x0020d293) srli    t0, ra, 2
core   0: 3 0x8000a230 (0x0020d293) x 5 0x0000010b
core   0: 0x8000a234 (0x013cb633) sltu    a2, s9, s3
core   0: 3 0x8000a234 (0x013cb633) x12 0x00000001
core   0: 0x8000a238 (0x4099d093) srai    ra, s3, 9
core   0: 3 0x8000a238 (0x4099d093) x 1 0xffc00087
core   0: 0x8000a23c (0x005b3a33) sltu    s4, s6, t0
core   0: 3 0x8000a23c (0x005b3a33) x20 0x00000000
core   0: 0x8000a240 (0x9c19aa13) slti    s4, s3, -1599
core   0: 3 0x8000a240 (0x9c19aa13) x20 0x00000001
core   0: 0x8000a244 (0x8f2d4597) auipc   a1, 0x8f2d4
core   0: 3 0x8000a244 (0x8f2d4597) x11 0x0f2de244
core   0: 0x8000a248 (0xfdc27337) lui     t1, 0xfdc27
core   0: 3 0x8000a248 (0xfdc27337) x 6 0xfdc27000
core   0: 0x8000a24c (0x41e4d433) sra     s0, s1, t5
core   0: 3 0x8000a24c (0x41e4d433) x 8 0x00000008
core   0: 0x8000a250 (0x41b7dcb3) sra     s9, a5, s11
core   0: 3 0x8000a250 (0x41b7dcb3) x25 0xff4e9b7e
core   0: 0x8000a254 (0xd3b722b7) lui     t0, 0xd3b72
core   0: 3 0x8000a254 (0xd3b722b7) x 5 0xd3b72000
core   0: 0x8000a258 (0x0156d433) srl     s0, a3, s5
core   0: 3 0x8000a258 (0x0156d433) x 8 0x00000000
core   0: 0x8000a25c (0x00eebdb3) sltu    s11, t4, a4
core   0: 3 0x8000a25c (0x00eebdb3) x27 0x00000000
core   0: 0x8000a260 (0x01c0aab3) slt     s5, ra, t3
core   0: 3 0x8000a260 (0x01c0aab3) x21 0x00000001
core   0: 0x8000a264 (0x00280f33) add     t5, a6, sp
core   0: 3 0x8000a264 (0x00280f33) x30 0x000218ca
core   0: 0x8000a268 (0x419d8bb7) lui     s7, 0x419d8
core   0: 3 0x8000a268 (0x419d8bb7) x23 0x419d8000
core   0: 0x8000a26c (0x00150f33) add     t5, a0, ra
core   0: 3 0x8000a26c (0x00150f33) x30 0x7fc10cf1
core   0: 0x8000a270 (0x410bd993) srai    s3, s7, 16
core   0: 3 0x8000a270 (0x410bd993) x19 0x0000419d
core   0: 0x8000a274 (0x89bc24b7) lui     s1, 0x89bc2
core   0: 3 0x8000a274 (0x89bc24b7) x 9 0x89bc2000
core   0: 0x8000a278 (0x0a04bd97) auipc   s11, 0xa04b
core   0: 3 0x8000a278 (0x0a04bd97) x27 0x8a055278
core   0: 0x8000a27c (0x40905813) srai    a6, zero, 9
core   0: 3 0x8000a27c (0x40905813) x16 0x00000000
core   0: 0x8000a280 (0x8aecad93) slti    s11, s9, -1874
core   0: 3 0x8000a280 (0x8aecad93) x27 0x00000001
core   0: 0x8000a284 (0x00000013) nop
core   0: 3 0x8000a284 (0x00000013)
core   0: 0x8000a288 (0x3ca29f37) lui     t5, 0x3ca29
core   0: 3 0x8000a288 (0x3ca29f37) x30 0x3ca29000
core   0: 0x8000a28c (0x00396933) or      s2, s2, gp
core   0: 3 0x8000a28c (0x00396933) x18 0x00000001
core   0: 0x8000a290 (0x6177bd93) sltiu   s11, a5, 1559
core   0: 3 0x8000a290 (0x6177bd93) x27 0x00000000
core   0: 0x8000a294 (0x18b70e93) addi    t4, a4, 395
core   0: 3 0x8000a294 (0x18b70e93) x29 0x80010fef
core   0: 0x8000a298 (0xc9048e93) addi    t4, s1, -880
core   0: 3 0x8000a298 (0xc9048e93) x29 0x89bc1c90
core   0: 0x8000a29c (0x418dd5b3) sra     a1, s11, s8
core   0: 3 0x8000a29c (0x418dd5b3) x11 0x00000000
core   0: 0x8000a2a0 (0x00000013) nop
core   0: 3 0x8000a2a0 (0x00000013)
core   0: 0x8000a2a4 (0x009c1bb3) sll     s7, s8, s1
core   0: 3 0x8000a2a4 (0x009c1bb3) x23 0x00000000
core   0: 0x8000a2a8 (0x8fc66913) ori     s2, a2, -1796
core   0: 3 0x8000a2a8 (0x8fc66913) x18 0xfffff8fd
core   0: 0x8000a2ac (0x9ece4b13) xori    s6, t3, -1556
core   0: 3 0x8000a2ac (0x9ece4b13) x22 0x80014a17
core   0: 0x8000a2b0 (0x41c6d933) sra     s2, a3, t3
core   0: 3 0x8000a2b0 (0x41c6d933) x18 0x00000000
core   0: 0x8000a2b4 (0x01d568b3) or      a7, a0, t4
core   0: 3 0x8000a2b4 (0x01d568b3) x17 0x89bd1cfa
core   0: 0x8000a2b8 (0x41850bb3) sub     s7, a0, s8
core   0: 3 0x8000a2b8 (0x41850bb3) x23 0x80010c6a
core   0: 0x8000a2bc (0x00026033) or      zero, tp, zero
core   0: 3 0x8000a2bc (0x00026033)
core   0: 0x8000a2c0 (0x1d3bd417) auipc   s0, 0x1d3bd
core   0: 3 0x8000a2c0 (0x1d3bd417) x 8 0x9d3c72c0
core   0: 0x8000a2c4 (0x00a83db3) sltu    s11, a6, a0
core   0: 3 0x8000a2c4 (0x00a83db3) x27 0x00000001
core   0: 0x8000a2c8 (0x0272be93) sltiu   t4, t0, 39
core   0: 3 0x8000a2c8 (0x0272be93) x29 0x00000000
core   0: 0x8000a2cc (0x01ced433) srl     s0, t4, t3
core   0: 3 0x8000a2cc (0x01ced433) x 8 0x00000000
core   0: 0x8000a2d0 (0x006c6f33) or      t5, s8, t1
core   0: 3 0x8000a2d0 (0x006c6f33) x30 0xfdc27000
core   0: 0x8000a2d4 (0x439fa397) auipc   t2, 0x439fa
core   0: 3 0x8000a2d4 (0x439fa397) x 7 0xc3a042d4
core   0: 0x8000a2d8 (0x018ab333) sltu    t1, s5, s8
core   0: 3 0x8000a2d8 (0x018ab333) x 6 0x00000000
core   0: 0x8000a2dc (0x01b40833) add     a6, s0, s11
core   0: 3 0x8000a2dc (0x01b40833) x16 0x00000001
core   0: 0x8000a2e0 (0x010b61b3) or      gp, s6, a6
core   0: 3 0x8000a2e0 (0x010b61b3) x 3 0x80014a17
core   0: 0x8000a2e4 (0x00618bb3) add     s7, gp, t1
core   0: 3 0x8000a2e4 (0x00618bb3) x23 0x80014a17
core   0: 0x8000a2e8 (0x00f1a533) slt     a0, gp, a5
core   0: 3 0x8000a2e8 (0x00f1a533) x10 0x00000001
core   0: 0x8000a2ec (0xfdfab413) sltiu   s0, s5, -33
core   0: 3 0x8000a2ec (0xfdfab413) x 8 0x00000001
core   0: 0x8000a2f0 (0x00534c33) xor     s8, t1, t0
core   0: 3 0x8000a2f0 (0x00534c33) x24 0xd3b72000
core   0: 0x8000a2f4 (0x41865ab3) sra     s5, a2, s8
core   0: 3 0x8000a2f4 (0x41865ab3) x21 0x00000001
core   0: 0x8000a2f8 (0x41250ab3) sub     s5, a0, s2
core   0: 3 0x8000a2f8 (0x41250ab3) x21 0x00000001
core   0: 0x8000a2fc (0x01821b33) sll     s6, tp, s8
core   0: 3 0x8000a2fc (0x01821b33) x22 0x3de3a000
core   0: 0x8000a300 (0x013234b3) sltu    s1, tp, s3
core   0: 3 0x8000a300 (0x013234b3) x 9 0x00000000
core   0: 0x8000a304 (0x40b8d193) srai    gp, a7, 11
core   0: 3 0x8000a304 (0x40b8d193) x 3 0xfff137a3
core   0: 0x8000a308 (0x125d33b7) lui     t2, 0x125d3
core   0: 3 0x8000a308 (0x125d33b7) x 7 0x125d3000
core   0: 0x8000a30c (0x40405093) srai    ra, zero, 4
core   0: 3 0x8000a30c (0x40405093) x 1 0x00000000
core   0: 0x8000a310 (0x79cca993) slti    s3, s9, 1948
core   0: 3 0x8000a310 (0x79cca993) x19 0x00000001
core   0: 0x8000a314 (0x01be6db3) or      s11, t3, s11
core   0: 3 0x8000a314 (0x01be6db3) x27 0x7ffeb3fb
core   0: 0x8000a318 (0x52848c13) addi    s8, s1, 1320
core   0: 3 0x8000a318 (0x52848c13) x24 0x00000528
core   0: 0x8000a31c (0x002d84b3) add     s1, s11, sp
core   0: 3 0x8000a31c (0x002d84b3) x 9 0xffffc065
core   0: 0x8000a320 (0x01928ab3) add     s5, t0, s9
core   0: 3 0x8000a320 (0x01928ab3) x21 0xd305bb7e
core   0: 0x8000a324 (0x01fb1c13) slli    s8, s6, 31
core   0: 3 0x8000a324 (0x01fb1c13) x24 0x00000000
core   0: 0x8000a328 (0x012315b3) sll     a1, t1, s2
core   0: 3 0x8000a328 (0x012315b3) x11 0x00000000
core   0: 0x8000a32c (0x74bdfd13) andi    s10, s11, 1867
core   0: 3 0x8000a32c (0x74bdfd13) x26 0x0000034b
core   0: 0x8000a330 (0x0099ba33) sltu    s4, s3, s1
core   0: 3 0x8000a330 (0x0099ba33) x20 0x00000001
core   0: 0x8000a334 (0x4070deb3) sra     t4, ra, t2
core   0: 3 0x8000a334 (0x4070deb3) x29 0x00000000
core   0: 0x8000a338 (0x00539b13) slli    s6, t2, 5
core   0: 3 0x8000a338 (0x00539b13) x22 0x4ba60000
core   0: 0x8000a33c (0x0098d6b3) srl     a3, a7, s1
core   0: 3 0x8000a33c (0x0098d6b3) x13 0x044de8e7
core   0: 0x8000a340 (0x00ded293) srli    t0, t4, 13
core   0: 3 0x8000a340 (0x00ded293) x 5 0x00000000
core   0: 0x8000a344 (0x41a5ba13) sltiu   s4, a1, 1050
core   0: 3 0x8000a344 (0x41a5ba13) x20 0x00000001
core   0: 0x8000a348 (0xf6218513) addi    a0, gp, -158
core   0: 3 0x8000a348 (0xf6218513) x10 0xfff13705
core   0: 0x8000a34c (0x54463513) sltiu   a0, a2, 1348
core   0: 3 0x8000a34c (0x54463513) x10 0x00000001
core   0: 0x8000a350 (0x5b446413) ori     s0, s0, 1460
core   0: 3 0x8000a350 (0x5b446413) x 8 0x000005b5
core   0: 0x8000a354 (0x6e5c8893) addi    a7, s9, 1765
core   0: 3 0x8000a354 (0x6e5c8893) x17 0xff4ea263
core   0: 0x8000a358 (0x72b44013) xori    zero, s0, 1835
core   0: 3 0x8000a358 (0x72b44013)
core   0: 0x8000a35c (0x40f7d293) srai    t0, a5, 15
core   0: 3 0x8000a35c (0x40f7d293) x 5 0xfffffe9d
core   0: 0x8000a360 (0x406d5f33) sra     t5, s10, t1
core   0: 3 0x8000a360 (0x406d5f33) x30 0x0000034b
core   0: 0x8000a364 (0x4029d133) sra     sp, s3, sp
core   0: 3 0x8000a364 (0x4029d133) x 2 0x00000000
core   0: 0x8000a368 (0x015d26b3) slt     a3, s10, s5
core   0: 3 0x8000a368 (0x015d26b3) x13 0x00000000
core   0: 0x8000a36c (0x72cb4437) lui     s0, 0x72cb4
core   0: 3 0x8000a36c (0x72cb4437) x 8 0x72cb4000
core   0: 0x8000a370 (0x00601433) sll     s0, zero, t1
core   0: 3 0x8000a370 (0x00601433) x 8 0x00000000
core   0: 0x8000a374 (0x709ba993) slti    s3, s7, 1801
core   0: 3 0x8000a374 (0x709ba993) x19 0x00000001
core   0: 0x8000a378 (0x01047f33) and     t5, s0, a6
core   0: 3 0x8000a378 (0x01047f33) x30 0x00000000
core   0: 0x8000a37c (0xc26efd97) auipc   s11, 0xc26ef
core   0: 3 0x8000a37c (0xc26efd97) x27 0x426f937c
core   0: 0x8000a380 (0x133c0193) addi    gp, s8, 307
core   0: 3 0x8000a380 (0x133c0193) x 3 0x00000133
core   0: 0x8000a384 (0xee192693) slti    a3, s2, -287
core   0: 3 0x8000a384 (0xee192693) x13 0x00000000
core   0: 0x8000a388 (0x007f9a33) sll     s4, t6, t2
core   0: 3 0x8000a388 (0x007f9a33) x20 0x80014ce4
core   0: 0x8000a38c (0x14a52293) slti    t0, a0, 330
core   0: 3 0x8000a38c (0x14a52293) x 5 0x00000001
core   0: 0x8000a390 (0x2990bb13) sltiu   s6, ra, 665
core   0: 3 0x8000a390 (0x2990bb13) x22 0x00000001
core   0: 0x8000a394 (0x576a9d37) lui     s10, 0x576a9
core   0: 3 0x8000a394 (0x576a9d37) x26 0x576a9000
core   0: 0x8000a398 (0x014dd833) srl     a6, s11, s4
core   0: 3 0x8000a398 (0x014dd833) x16 0x0426f937
core   0: 0x8000a39c (0x00f503b3) add     t2, a0, a5
core   0: 3 0x8000a39c (0x00f503b3) x 7 0xff4e9b7f
core   0: 0x8000a3a0 (0x01f55113) srli    sp, a0, 31
core   0: 3 0x8000a3a0 (0x01f55113) x 2 0x00000000
core   0: 0x8000a3a4 (0x324994b7) lui     s1, 0x32499
core   0: 3 0x8000a3a4 (0x324994b7) x 9 0x32499000
core   0: 0x8000a3a8 (0x00000013) nop
core   0: 3 0x8000a3a8 (0x00000013)
core   0: 0x8000a3ac (0x66487c93) andi    s9, a6, 1636
core   0: 3 0x8000a3ac (0x66487c93) x25 0x00000024
core   0: 0x8000a3b0 (0x6e10e313) ori     t1, ra, 1761
core   0: 3 0x8000a3b0 (0x6e10e313) x 6 0x000006e1
core   0: 0x8000a3b4 (0x01b810b3) sll     ra, a6, s11
core   0: 3 0x8000a3b4 (0x01b810b3) x 1 0x70000000
core   0: 0x8000a3b8 (0x016fd833) srl     a6, t6, s6
core   0: 3 0x8000a3b8 (0x016fd833) x16 0x4000a672
core   0: 0x8000a3bc (0x40af5833) sra     a6, t5, a0
core   0: 3 0x8000a3bc (0x40af5833) x16 0x00000000
core   0: 0x8000a3c0 (0x401b5e33) sra     t3, s6, ra
core   0: 3 0x8000a3c0 (0x401b5e33) x28 0x00000001
core   0: 0x8000a3c4 (0x00000013) nop
core   0: 3 0x8000a3c4 (0x00000013)
core   0: 0x8000a3c8 (0xcacb2017) auipc   zero, 0xcacb2
core   0: 3 0x8000a3c8 (0xcacb2017)
core   0: 0x8000a3cc (0x01b5a333) slt     t1, a1, s11
core   0: 3 0x8000a3cc (0x01b5a333) x 6 0x00000001
core   0: 0x8000a3d0 (0x005ba833) slt     a6, s7, t0
core   0: 3 0x8000a3d0 (0x005ba833) x16 0x00000001
core   0: 0x8000a3d4 (0x4e07c6b7) lui     a3, 0x4e07c
core   0: 3 0x8000a3d4 (0x4e07c6b7) x13 0x4e07c000
core   0: 0x8000a3d8 (0xe8474c93) xori    s9, a4, -380
core   0: 3 0x8000a3d8 (0xe8474c93) x25 0x7ffef0e0
core   0: 0x8000a3dc (0x2725a913) slti    s2, a1, 626
core   0: 3 0x8000a3dc (0x2725a913) x18 0x00000001
core   0: 0x8000a3e0 (0x9abdae93) slti    t4, s11, -1621
core   0: 3 0x8000a3e0 (0x9abdae93) x29 0x00000000
core   0: 0x8000a3e4 (0x01660033) add     zero, a2, s6
core   0: 3 0x8000a3e4 (0x01660033)
core   0: 0x8000a3e8 (0x009534b3) sltu    s1, a0, s1
core   0: 3 0x8000a3e8 (0x009534b3) x 9 0x00000001
core   0: 0x8000a3ec (0x00118133) add     sp, gp, ra
core   0: 3 0x8000a3ec (0x00118133) x 2 0x70000133
core   0: 0x8000a3f0 (0xf7e51217) auipc   tp, 0xf7e51
core   0: 3 0x8000a3f0 (0xf7e51217) x 4 0x77e5b3f0
core   0: 0x8000a3f4 (0x0083f833) and     a6, t2, s0
core   0: 3 0x8000a3f4 (0x0083f833) x16 0x00000000
core   0: 0x8000a3f8 (0x00e9bb33) sltu    s6, s3, a4
core   0: 3 0x8000a3f8 (0x00e9bb33) x22 0x00000001
core   0: 0x8000a3fc (0xfa9aa893) slti    a7, s5, -87
core   0: 3 0x8000a3fc (0xfa9aa893) x17 0x00000001
core   0: 0x8000a400 (0x01b676b3) and     a3, a2, s11
core   0: 3 0x8000a400 (0x01b676b3) x13 0x00000000
core   0: 0x8000a404 (0x50693e13) sltiu   t3, s2, 1286
core   0: 3 0x8000a404 (0x50693e13) x28 0x00000001
core   0: 0x8000a408 (0x162f3e93) sltiu   t4, t5, 354
core   0: 3 0x8000a408 (0x162f3e93) x29 0x00000001
core   0: 0x8000a40c (0x00000013) nop
core   0: 3 0x8000a40c (0x00000013)
core   0: 0x8000a410 (0x00d94bb3) xor     s7, s2, a3
core   0: 3 0x8000a410 (0x00d94bb3) x23 0x00000001
core   0: 0x8000a414 (0x975c96b7) lui     a3, 0x975c9
core   0: 3 0x8000a414 (0x975c96b7) x13 0x975c9000
core   0: 0x8000a418 (0x8cecbe13) sltiu   t3, s9, -1842
core   0: 3 0x8000a418 (0x8cecbe13) x28 0x00000001
core   0: 0x8000a41c (0x41ce0033) sub     zero, t3, t3
core   0: 3 0x8000a41c (0x41ce0033)
core   0: 0x8000a420 (0xdb71f113) andi    sp, gp, -585
core   0: 3 0x8000a420 (0xdb71f113) x 2 0x00000133
core   0: 0x8000a424 (0x40798633) sub     a2, s3, t2
core   0: 3 0x8000a424 (0x40798633) x12 0x00b16482
core   0: 0x8000a428 (0x00f1da93) srli    s5, gp, 15
core   0: 3 0x8000a428 (0x00f1da93) x21 0x00000000
core   0: 0x8000a42c (0x414a8bb3) sub     s7, s5, s4
core   0: 3 0x8000a42c (0x414a8bb3) x23 0x7ffeb31c
core   0: 0x8000a430 (0xc2293f13) sltiu   t5, s2, -990
core   0: 3 0x8000a430 (0xc2293f13) x30 0x00000001
core   0: 0x8000a434 (0xd4d8b813) sltiu   a6, a7, -691
core   0: 3 0x8000a434 (0xd4d8b813) x16 0x00000001
core   0: 0x8000a438 (0x00000013) nop
core   0: 3 0x8000a438 (0x00000013)
core   0: 0x8000a43c (0x5795b193) sltiu   gp, a1, 1401
core   0: 3 0x8000a43c (0x5795b193) x 3 0x00000001
core   0: 0x8000a440 (0x00186ab3) or      s5, a6, ra
core   0: 3 0x8000a440 (0x00186ab3) x21 0x70000001
core   0: 0x8000a444 (0x00158d33) add     s10, a1, ra
core   0: 3 0x8000a444 (0x00158d33) x26 0x70000000
core   0: 0x8000a448 (0x96a3e493) ori     s1, t2, -1686
core   0: 3 0x8000a448 (0x96a3e493) x 9 0xfffffb7f
core   0: 0x8000a44c (0x3b914f37) lui     t5, 0x3b914
core   0: 3 0x8000a44c (0x3b914f37) x30 0x3b914000
core   0: 0x8000a450 (0xa78ef593) andi    a1, t4, -1416
core   0: 3 0x8000a450 (0xa78ef593) x11 0x00000000
core   0: 0x8000a454 (0x06158993) addi    s3, a1, 97
core   0: 3 0x8000a454 (0x06158993) x19 0x00000061
core   0: 0x8000a458 (0x005d9913) slli    s2, s11, 5
core   0: 3 0x8000a458 (0x005d9913) x18 0x4df26f80
core   0: 0x8000a45c (0x014b7db3) and     s11, s6, s4
core   0: 3 0x8000a45c (0x014b7db3) x27 0x00000000
core   0: 0x8000a460 (0x01a81c13) slli    s8, a6, 26
core   0: 3 0x8000a460 (0x01a81c13) x24 0x04000000
core   0: 0x8000a464 (0x00f45693) srli    a3, s0, 15
core   0: 3 0x8000a464 (0x00f45693) x13 0x00000000
core   0: 0x8000a468 (0xa2466b13) ori     s6, a2, -1500
core   0: 3 0x8000a468 (0xa2466b13) x22 0xfffffea6
core   0: 0x8000a46c (0xe2afbd93) sltiu   s11, t6, -470
core   0: 3 0x8000a46c (0xe2afbd93) x27 0x00000001
core   0: 0x8000a470 (0x41558633) sub     a2, a1, s5
core   0: 3 0x8000a470 (0x41558633) x12 0x8fffffff
core   0: 0x8000a474 (0x00bee133) or      sp, t4, a1
core   0: 3 0x8000a474 (0x00bee133) x 2 0x00000001
core   0: 0x8000a478 (0x01506f33) or      t5, zero, s5
core   0: 3 0x8000a478 (0x01506f33) x30 0x70000001
core   0: 0x8000a47c (0x01c6a233) slt     tp, a3, t3
core   0: 3 0x8000a47c (0x01c6a233) x 4 0x00000001
core   0: 0x8000a480 (0x012a6b33) or      s6, s4, s2
core   0: 3 0x8000a480 (0x012a6b33) x22 0xcdf36fe4
core   0: 0x8000a484 (0x3769fc93) andi    s9, s3, 886
core   0: 3 0x8000a484 (0x3769fc93) x25 0x00000060
core   0: 0x8000a488 (0x018c6db3) or      s11, s8, s8
core   0: 3 0x8000a488 (0x018c6db3) x27 0x04000000
core   0: 0x8000a48c (0x0076a2b3) slt     t0, a3, t2
core   0: 3 0x8000a48c (0x0076a2b3) x 5 0x00000000
core   0: 0x8000a490 (0x01c39913) slli    s2, t2, 28
core   0: 3 0x8000a490 (0x01c39913) x18 0xf0000000
core   0: 0x8000a494 (0x40070333) sub     t1, a4, zero
core   0: 3 0x8000a494 (0x40070333) x 6 0x80010e64
core   0: 0x8000a498 (0x00513eb3) sltu    t4, sp, t0
core   0: 3 0x8000a498 (0x00513eb3) x29 0x00000000
core   0: 0x8000a49c (0x3d6b0613) addi    a2, s6, 982
core   0: 3 0x8000a49c (0x3d6b0613) x12 0xcdf373ba
core   0: 0x8000a4a0 (0x13f9f093) andi    ra, s3, 319
core   0: 3 0x8000a4a0 (0x13f9f093) x 1 0x00000021
core   0: 0x8000a4a4 (0xe4f9a013) slti    zero, s3, -433
core   0: 3 0x8000a4a4 (0xe4f9a013)
core   0: 0x8000a4a8 (0x019b1093) slli    ra, s6, 25
core   0: 3 0x8000a4a8 (0x019b1093) x 1 0xc8000000
core   0: 0x8000a4ac (0x01e96233) or      tp, s2, t5
core   0: 3 0x8000a4ac (0x01e96233) x 4 0xf0000001
core   0: 0x8000a4b0 (0x00645813) srli    a6, s0, 6
core   0: 3 0x8000a4b0 (0x00645813) x16 0x00000000
core   0: 0x8000a4b4 (0x1c9c2593) slti    a1, s8, 457
core   0: 3 0x8000a4b4 (0x1c9c2593) x11 0x00000000
core   0: 0x8000a4b8 (0x00418c33) add     s8, gp, tp
core   0: 3 0x8000a4b8 (0x00418c33) x24 0xf0000002
core   0: 0x8000a4bc (0x00879513) slli    a0, a5, 8
core   0: 3 0x8000a4bc (0x00879513) x10 0x4e9b7e00
core   0: 0x8000a4c0 (0x40ba5e93) srai    t4, s4, 11
core   0: 3 0x8000a4c0 (0x40ba5e93) x29 0xfff00029
core   0: 0x8000a4c4 (0x4166d0b3) sra     ra, a3, s6
core   0: 3 0x8000a4c4 (0x4166d0b3) x 1 0x00000000
core   0: 0x8000a4c8 (0x404e81b3) sub     gp, t4, tp
core   0: 3 0x8000a4c8 (0x404e81b3) x 3 0x0ff00028
core   0: 0x8000a4cc (0x0078d093) srli    ra, a7, 7
core   0: 3 0x8000a4cc (0x0078d093) x 1 0x00000000
core   0: 0x8000a4d0 (0x721bf693) andi    a3, s7, 1825
core   0: 3 0x8000a4d0 (0x721bf693) x13 0x00000300
core   0: 0x8000a4d4 (0x62290d37) lui     s10, 0x62290
core   0: 3 0x8000a4d4 (0x62290d37) x26 0x62290000
core   0: 0x8000a4d8 (0x405b0133) sub     sp, s6, t0
core   0: 3 0x8000a4d8 (0x405b0133) x 2 0xcdf36fe4
core   0: 0x8000a4dc (0x00e97d33) and     s10, s2, a4
core   0: 3 0x8000a4dc (0x00e97d33) x26 0x80000000
core   0: 0x8000a4e0 (0xf4de7c13) andi    s8, t3, -179
core   0: 3 0x8000a4e0 (0xf4de7c13) x24 0x00000001
core   0: 0x8000a4e4 (0x9c273893) sltiu   a7, a4, -1598
core   0: 3 0x8000a4e4 (0x9c273893) x17 0x00000001
core   0: 0x8000a4e8 (0x014d5693) srli    a3, s10, 20
core   0: 3 0x8000a4e8 (0x014d5693) x13 0x00000800
core   0: 0x8000a4ec (0x010aadb3) slt     s11, s5, a6
core   0: 3 0x8000a4ec (0x010aadb3) x27 0x00000000
core   0: 0x8000a4f0 (0xed5d3cb7) lui     s9, 0xed5d3
core   0: 3 0x8000a4f0 (0xed5d3cb7) x25 0xed5d3000
core   0: 0x8000a4f4 (0xbeb42397) auipc   t2, 0xbeb42
core   0: 3 0x8000a4f4 (0xbeb42397) x 7 0x3eb4c4f4
core   0: 0x8000a4f8 (0x00d22933) slt     s2, tp, a3
core   0: 3 0x8000a4f8 (0x00d22933) x18 0x00000001
core   0: 0x8000a4fc (0x017f6433) or      s0, t5, s7
core   0: 3 0x8000a4fc (0x017f6433) x 8 0x7ffeb31d
core   0: 0x8000a500 (0xdaf9f837) lui     a6, 0xdaf9f
core   0: 3 0x8000a500 (0xdaf9f837) x16 0xdaf9f000
core   0: 0x8000a504 (0x1fd74a13) xori    s4, a4, 509
core   0: 3 0x8000a504 (0x1fd74a13) x20 0x80010f99
core   0: 0x8000a508 (0xfb058313) addi    t1, a1, -80
core   0: 3 0x8000a508 (0xfb058313) x 6 0xffffffb0
core   0: 0x8000a50c (0x01a75e13) srli    t3, a4, 26
core   0: 3 0x8000a50c (0x01a75e13) x28 0x00000020
core   0: 0x8000a510 (0xa5aa0a93) addi    s5, s4, -1446
core   0: 3 0x8000a510 (0xa5aa0a93) x21 0x800109f3
core   0: 0x8000a514 (0xbc2c3213) sltiu   tp, s8, -1086
core   0: 3 0x8000a514 (0xbc2c3213) x 4 0x00000001
core   0: 0x8000a518 (0xb3944f13) xori    t5, s0, -1223
core   0: 3 0x8000a518 (0xb3944f13) x30 0x80014824
core   0: 0x8000a51c (0xc2228813) addi    a6, t0, -990
core   0: 3 0x8000a51c (0xc2228813) x16 0xfffffc22
core   0: 0x8000a520 (0x95766213) ori     tp, a2, -1705
core   0: 3 0x8000a520 (0x95766213) x 4 0xfffffbff
core   0: 0x8000a524 (0x41e2df13) srai    t5, t0, 30
core   0: 3 0x8000a524 (0x41e2df13) x30 0x00000000
core   0: 0x8000a528 (0xc9fe29b7) lui     s3, 0xc9fe2
core   0: 3 0x8000a528 (0xc9fe29b7) x19 0xc9fe2000
core   0: 0x8000a52c (0x7b803393) sltiu   t2, zero, 1976
core   0: 3 0x8000a52c (0x7b803393) x 7 0x00000001
core   0: 0x8000a530 (0x017a76b3) and     a3, s4, s7
core   0: 3 0x8000a530 (0x017a76b3) x13 0x00000318
core   0: 0x8000a534 (0x0146d133) srl     sp, a3, s4
core   0: 3 0x8000a534 (0x0146d133) x 2 0x00000000
core   0: 0x8000a538 (0x30f54b93) xori    s7, a0, 783
core   0: 3 0x8000a538 (0x30f54b93) x23 0x4e9b7d0f
core   0: 0x8000a53c (0x15fe7b13) andi    s6, t3, 351
core   0: 3 0x8000a53c (0x15fe7b13) x22 0x00000000
core   0: 0x8000a540 (0x00000013) nop
core   0: 3 0x8000a540 (0x00000013)
core   0: 0x8000a544 (0x00ea6bb3) or      s7, s4, a4
core   0: 3 0x8000a544 (0x00ea6bb3) x23 0x80010ffd
core   0: 0x8000a548 (0xdeacaf37) lui     t5, 0xdeaca
core   0: 3 0x8000a548 (0xdeacaf37) x30 0xdeaca000
core   0: 0x8000a54c (0xab9af393) andi    t2, s5, -1351
core   0: 3 0x8000a54c (0xab9af393) x 7 0x800108b1
core   0: 0x8000a550 (0x0175e433) or      s0, a1, s7
core   0: 3 0x8000a550 (0x0175e433) x 8 0x80010ffd
core   0: 0x8000a554 (0x1f3c3093) sltiu   ra, s8, 499
core   0: 3 0x8000a554 (0x1f3c3093) x 1 0x00000001
core   0: 0x8000a558 (0x018d99b3) sll     s3, s11, s8
core   0: 3 0x8000a558 (0x018d99b3) x19 0x00000000
core   0: 0x8000a55c (0x012add13) srli    s10, s5, 18
core   0: 3 0x8000a55c (0x012add13) x26 0x00002000
core   0: 0x8000a560 (0x17206893) ori     a7, zero, 370
core   0: 3 0x8000a560 (0x17206893) x17 0x00000172
core   0: 0x8000a564 (0xa4369c37) lui     s8, 0xa4369
core   0: 3 0x8000a564 (0xa4369c37) x24 0xa4369000
core   0: 0x8000a568 (0xf2724413) xori    s0, tp, -217
core   0: 3 0x8000a568 (0xf2724413) x 8 0x000004d8
core   0: 0x8000a56c (0x416e8f33) sub     t5, t4, s6
core   0: 3 0x8000a56c (0x416e8f33) x30 0xfff00029
core   0: 0x8000a570 (0x51513e13) sltiu   t3, sp, 1301
core   0: 3 0x8000a570 (0x51513e13) x28 0x00000001
core   0: 0x8000a574 (0xde6fad13) slti    s10, t6, -538
core   0: 3 0x8000a574 (0xde6fad13) x26 0x00000001
core   0: 0x8000a578 (0x8fa88193) addi    gp, a7, -1798
core   0: 3 0x8000a578 (0x8fa88193) x 3 0xfffffa6c
core   0: 0x8000a57c (0x416886b3) sub     a3, a7, s6
core   0: 3 0x8000a57c (0x416886b3) x13 0x00000172
core   0: 0x8000a580 (0x412d5333) sra     t1, s10, s2
core   0: 3 0x8000a580 (0x412d5333) x 6 0x00000000
core   0: 0x8000a584 (0x0144d233) srl     tp, s1, s4
core   0: 3 0x8000a584 (0x0144d233) x 4 0x0000007f
core   0: 0x8000a588 (0xf76a4613) xori    a2, s4, -138
core   0: 3 0x8000a588 (0xf76a4613) x12 0x7ffef0ef
core   0: 0x8000a58c (0x001a1eb3) sll     t4, s4, ra
core   0: 3 0x8000a58c (0x001a1eb3) x29 0x00021f32
core   0: 0x8000a590 (0xd3acd697) auipc   a3, 0xd3acd
core   0: 3 0x8000a590 (0xd3acd697) x13 0x53ad7590
core   0: 0x8000a594 (0xdadfb813) sltiu   a6, t6, -595
core   0: 3 0x8000a594 (0xdadfb813) x16 0x00000001
core   0: 0x8000a598 (0x01ee8e33) add     t3, t4, t5
core   0: 3 0x8000a598 (0x01ee8e33) x28 0xfff21f5b
core   0: 0x8000a59c (0x015a5a33) srl     s4, s4, s5
core   0: 3 0x8000a59c (0x015a5a33) x20 0x00001000
core   0: 0x8000a5a0 (0x4f365a17) auipc   s4, 0x4f365
core   0: 3 0x8000a5a0 (0x4f365a17) x20 0xcf36f5a0
core   0: 0x8000a5a4 (0x00d941b3) xor     gp, s2, a3
core   0: 3 0x8000a5a4 (0x00d941b3) x 3 0x53ad7591
core   0: 0x8000a5a8 (0x45af7613) andi    a2, t5, 1114
core   0: 3 0x8000a5a8 (0x45af7613) x12 0x00000008
core   0: 0x8000a5ac (0x0082ad33) slt     s10, t0, s0
core   0: 3 0x8000a5ac (0x0082ad33) x26 0x00000001
core   0: 0x8000a5b0 (0x011f5313) srli    t1, t5, 17
core   0: 3 0x8000a5b0 (0x011f5313) x 6 0x00007ff8
core   0: 0x8000a5b4 (0x014a9293) slli    t0, s5, 20
core   0: 3 0x8000a5b4 (0x014a9293) x 5 0x9f300000
core   0: 0x8000a5b8 (0x00000013) nop
core   0: 3 0x8000a5b8 (0x00000013)
core   0: 0x8000a5bc (0xa93def13) ori     t5, s11, -1389
core   0: 3 0x8000a5bc (0xa93def13) x30 0xfffffa93
core   0: 0x8000a5c0 (0x23b93d13) sltiu   s10, s2, 571
core   0: 3 0x8000a5c0 (0x23b93d13) x26 0x00000001
core   0: 0x8000a5c4 (0x01f97f33) and     t5, s2, t6
core   0: 3 0x8000a5c4 (0x01f97f33) x30 0x00000000
core   0: 0x8000a5c8 (0x00000b13) li      s6, 0
core   0: 3 0x8000a5c8 (0x00000b13) x22 0x00000000
core   0: 0x8000a5cc (0x48d2ae37) lui     t3, 0x48d2a
core   0: 3 0x8000a5cc (0x48d2ae37) x28 0x48d2a000
core   0: 0x8000a5d0 (0x3f9e0e13) addi    t3, t3, 1017
core   0: 3 0x8000a5d0 (0x3f9e0e13) x28 0x48d2a3f9
core   0: 0x8000a5d4 (0x800006b7) lui     a3, 0x80000
core   0: 3 0x8000a5d4 (0x800006b7) x13 0x80000000
core   0: 0x8000a5d8 (0x800009b7) lui     s3, 0x80000
core   0: 3 0x8000a5d8 (0x800009b7) x19 0x80000000
core   0: 0x8000a5dc (0x00000393) li      t2, 0
core   0: 3 0x8000a5dc (0x00000393) x 7 0x00000000
core   0: 0x8000a5e0 (0x46b5b5b7) lui     a1, 0x46b5b
core   0: 3 0x8000a5e0 (0x46b5b5b7) x11 0x46b5b000
core   0: 0x8000a5e4 (0x73258593) addi    a1, a1, 1842
core   0: 3 0x8000a5e4 (0x73258593) x11 0x46b5b732
core   0: 0x8000a5e8 (0x0dc9c937) lui     s2, 0xdc9c
core   0: 3 0x8000a5e8 (0x0dc9c937) x18 0x0dc9c000
core   0: 0x8000a5ec (0xa4e90913) addi    s2, s2, -1458
core   0: 3 0x8000a5ec (0xa4e90913) x18 0x0dc9ba4e
core   0: 0x8000a5f0 (0x3d671d37) lui     s10, 0x3d671
core   0: 3 0x8000a5f0 (0x3d671d37) x26 0x3d671000
core   0: 0x8000a5f4 (0xe9cd0d13) addi    s10, s10, -356
core   0: 3 0x8000a5f4 (0xe9cd0d13) x26 0x3d670e9c
core   0: 0x8000a5f8 (0xfff00613) li      a2, -1
core   0: 3 0x8000a5f8 (0xfff00613) x12 0xffffffff
core   0: 0x8000a5fc (0xfff00213) li      tp, -1
core   0: 3 0x8000a5fc (0xfff00213) x 4 0xffffffff
core   0: 0x8000a600 (0x416d05b3) sub     a1, s10, s6
core   0: 3 0x8000a600 (0x416d05b3) x11 0x3d670e9c
core   0: 0x8000a604 (0xc8132b17) auipc   s6, 0xc8132
core   0: 3 0x8000a604 (0xc8132b17) x22 0x4813c604
core   0: 0x8000a608 (0x40be0d33) sub     s10, t3, a1
core   0: 3 0x8000a608 (0x40be0d33) x26 0x0b6b955d
core   0: 0x8000a60c (0x00000013) nop
core   0: 3 0x8000a60c (0x00000013)
core   0: 0x8000a610 (0x00000013) nop
core   0: 3 0x8000a610 (0x00000013)
core   0: 0x8000a614 (0x41238d33) sub     s10, t2, s2
core   0: 3 0x8000a614 (0x41238d33) x26 0xf23645b2
core   0: 0x8000a618 (0x7deab697) auipc   a3, 0x7deab
core   0: 3 0x8000a618 (0x7deab697) x13 0xfdeb5618
core   0: 0x8000a61c (0x26086e37) lui     t3, 0x26086
core   0: 3 0x8000a61c (0x26086e37) x28 0x26086000
core   0: 0x8000a620 (0x01638233) add     tp, t2, s6
core   0: 3 0x8000a620 (0x01638233) x 4 0x4813c604
core   0: 0x8000a624 (0x00000013) nop
core   0: 3 0x8000a624 (0x00000013)
core   0: 0x8000a628 (0x2e420993) addi    s3, tp, 740
core   0: 3 0x8000a628 (0x2e420993) x19 0x4813c8e8
core   0: 0x8000a62c (0x0c498613) addi    a2, s3, 196
core   0: 3 0x8000a62c (0x0c498613) x12 0x4813c9ac
core   0: 0x8000a630 (0x012685b3) add     a1, a3, s2
core   0: 3 0x8000a630 (0x012685b3) x11 0x0bb51066
core   0: 0x8000a634 (0x41a383b3) sub     t2, t2, s10
core   0: 3 0x8000a634 (0x41a383b3) x 7 0x0dc9ba4e
core   0: 0x8000a638 (0x00000013) nop
core   0: 3 0x8000a638 (0x00000013)
core   0: 0x8000a63c (0x004e0b33) add     s6, t3, tp
core   0: 3 0x8000a63c (0x004e0b33) x22 0x6e1c2604
core   0: 0x8000a640 (0x40458d33) sub     s10, a1, tp
core   0: 3 0x8000a640 (0x40458d33) x26 0xc3a14a62
core   0: 0x8000a644 (0x87cdab13) slti    s6, s11, -1924
core   0: 3 0x8000a644 (0x87cdab13) x22 0x00000000
core   0: 0x8000a648 (0x0037ceb3) xor     t4, a5, gp
core   0: 3 0x8000a648 (0x0037ceb3) x29 0xace3eeef
core   0: 0x8000a64c (0x6b85f013) andi    zero, a1, 1720
core   0: 3 0x8000a64c (0x6b85f013)
core   0: 0x8000a650 (0x37df6a13) ori     s4, t5, 893
core   0: 3 0x8000a650 (0x37df6a13) x20 0x0000037d
core   0: 0x8000a654 (0x00904833) xor     a6, zero, s1
core   0: 3 0x8000a654 (0x00904833) x16 0xfffffb7f
core   0: 0x8000a658 (0xfdc389b7) lui     s3, 0xfdc38
core   0: 3 0x8000a658 (0xfdc389b7) x19 0xfdc38000
core   0: 0x8000a65c (0x00fe5a93) srli    s5, t3, 15
core   0: 3 0x8000a65c (0x00fe5a93) x21 0x00004c10
core   0: 0x8000a660 (0x00f15b33) srl     s6, sp, a5
core   0: 3 0x8000a660 (0x00f15b33) x22 0x00000000
core   0: 0x8000a664 (0x006a2833) slt     a6, s4, t1
core   0: 3 0x8000a664 (0x006a2833) x16 0x00000001
core   0: 0x8000a668 (0xbde8ad17) auipc   s10, 0xbde8a
core   0: 3 0x8000a668 (0xbde8ad17) x26 0x3de94668
core   0: 0x8000a66c (0x0099ee33) or      t3, s3, s1
core   0: 3 0x8000a66c (0x0099ee33) x28 0xfffffb7f
core   0: 0x8000a670 (0x40a385b3) sub     a1, t2, a0
core   0: 3 0x8000a670 (0x40a385b3) x11 0xbf2e3c4e
core   0: 0x8000a674 (0x01c7bcb3) sltu    s9, a5, t3
core   0: 3 0x8000a674 (0x01c7bcb3) x25 0x00000001
core   0: 0x8000a678 (0x409159b3) sra     s3, sp, s1
core   0: 3 0x8000a678 (0x409159b3) x19 0x00000000
core   0: 0x8000a67c (0x007ddc93) srli    s9, s11, 7
core   0: 3 0x8000a67c (0x007ddc93) x25 0x00000000
core   0: 0x8000a680 (0x0190d3b3) srl     t2, ra, s9
core   0: 3 0x8000a680 (0x0190d3b3) x 7 0x00000001
core   0: 0x8000a684 (0x00000013) nop
core   0: 3 0x8000a684 (0x00000013)
core   0: 0x8000a688 (0x26adf293) andi    t0, s11, 618
core   0: 3 0x8000a688 (0x26adf293) x 5 0x00000000
core   0: 0x8000a68c (0x087aa1b7) lui     gp, 0x87aa
core   0: 3 0x8000a68c (0x087aa1b7) x 3 0x087aa000
core   0: 0x8000a690 (0x33448e17) auipc   t3, 0x33448
core   0: 3 0x8000a690 (0x33448e17) x28 0xb3452690
core   0: 0x8000a694 (0x014b4833) xor     a6, s6, s4
core   0: 3 0x8000a694 (0x014b4833) x16 0x0000037d
core   0: 0x8000a698 (0x00ad1e13) slli    t3, s10, 10
core   0: 3 0x8000a698 (0x00ad1e13) x28 0xa519a000
core   0: 0x8000a69c (0x00d86233) or      tp, a6, a3
core   0: 3 0x8000a69c (0x00d86233) x 4 0xfdeb577d
core   0: 0x8000a6a0 (0xec696c93) ori     s9, s2, -314
core   0: 3 0x8000a6a0 (0xec696c93) x25 0xfffffece
core   0: 0x8000a6a4 (0x01d44bb3) xor     s7, s0, t4
core   0: 3 0x8000a6a4 (0x01d44bb3) x23 0xace3ea37
core   0: 0x8000a6a8 (0x0175fb33) and     s6, a1, s7
core   0: 3 0x8000a6a8 (0x0175fb33) x22 0xac222806
core   0: 0x8000a6ac (0x40b20f33) sub     t5, tp, a1
core   0: 3 0x8000a6ac (0x40b20f33) x30 0x3ebd1b2f
core   0: 0x8000a6b0 (0x01e458b3) srl     a7, s0, t5
core   0: 3 0x8000a6b0 (0x01e458b3) x17 0x00000000
core   0: 0x8000a6b4 (0x012d9d93) slli    s11, s11, 18
core   0: 3 0x8000a6b4 (0x012d9d93) x27 0x00000000
core   0: 0x8000a6b8 (0x1372b093) sltiu   ra, t0, 311
core   0: 3 0x8000a6b8 (0x1372b093) x 1 0x00000001
core   0: 0x8000a6bc (0x00894cb3) xor     s9, s2, s0
core   0: 3 0x8000a6bc (0x00894cb3) x25 0x0dc9be96
core   0: 0x8000a6c0 (0xccd10517) auipc   a0, 0xccd10
core   0: 3 0x8000a6c0 (0xccd10517) x10 0x4cd1a6c0
core   0: 0x8000a6c4 (0x41af5eb3) sra     t4, t5, s10
core   0: 3 0x8000a6c4 (0x41af5eb3) x29 0x003ebd1b
core   0: 0x8000a6c8 (0x00059513) slli    a0, a1, 0
core   0: 3 0x8000a6c8 (0x00059513) x10 0xbf2e3c4e
core   0: 0x8000a6cc (0x00301093) slli    ra, zero, 3
core   0: 3 0x8000a6cc (0x00301093) x 1 0x00000000
core   0: 0x8000a6d0 (0x400bd113) srai    sp, s7, 0
core   0: 3 0x8000a6d0 (0x400bd113) x 2 0xace3ea37
core   0: 0x8000a6d4 (0x33748613) addi    a2, s1, 823
core   0: 3 0x8000a6d4 (0x33748613) x12 0xfffffeb6
core   0: 0x8000a6d8 (0x00726633) or      a2, tp, t2
core   0: 3 0x8000a6d8 (0x00726633) x12 0xfdeb577d
core   0: 0x8000a6dc (0x009d5133) srl     sp, s10, s1
core   0: 3 0x8000a6dc (0x009d5133) x 2 0x00000000
core   0: 0x8000a6e0 (0x00c59933) sll     s2, a1, a2
core   0: 3 0x8000a6e0 (0x00c59933) x18 0xc0000000
core   0: 0x8000a6e4 (0x40693893) sltiu   a7, s2, 1030
core   0: 3 0x8000a6e4 (0x40693893) x17 0x00000000
core   0: 0x8000a6e8 (0x01903b33) snez    s6, s9
core   0: 3 0x8000a6e8 (0x01903b33) x22 0x00000001
core   0: 0x8000a6ec (0x9b612293) slti    t0, sp, -1610
core   0: 3 0x8000a6ec (0x9b612293) x 5 0x00000000
core   0: 0x8000a6f0 (0x41468333) sub     t1, a3, s4
core   0: 3 0x8000a6f0 (0x41468333) x 6 0xfdeb529b
core   0: 0x8000a6f4 (0x01fb4eb3) xor     t4, s6, t6
core   0: 3 0x8000a6f4 (0x01fb4eb3) x29 0x80014ce5
core   0: 0x8000a6f8 (0x415bdc33) sra     s8, s7, s5
core   0: 3 0x8000a6f8 (0x415bdc33) x24 0xfffface3
core   0: 0x8000a6fc (0x01af2d33) slt     s10, t5, s10
core   0: 3 0x8000a6fc (0x01af2d33) x26 0x00000000
core   0: 0x8000a700 (0x010485b3) add     a1, s1, a6
core   0: 3 0x8000a700 (0x010485b3) x11 0xfffffefc
core   0: 0x8000a704 (0x00b14f33) xor     t5, sp, a1
core   0: 3 0x8000a704 (0x00b14f33) x30 0xfffffefc
core   0: 0x8000a708 (0xee0b8993) addi    s3, s7, -288
core   0: 3 0x8000a708 (0xee0b8993) x19 0xace3e917
core   0: 0x8000a70c (0x10ed7693) andi    a3, s10, 270
core   0: 3 0x8000a70c (0x10ed7693) x13 0x00000000
core   0: 0x8000a710 (0x402edf33) sra     t5, t4, sp
core   0: 3 0x8000a710 (0x402edf33) x30 0x80014ce5
core   0: 0x8000a714 (0x00965b33) srl     s6, a2, s1
core   0: 3 0x8000a714 (0x00965b33) x22 0x00000001
core   0: 0x8000a718 (0x5f05c593) xori    a1, a1, 1520
core   0: 3 0x8000a718 (0x5f05c593) x11 0xfffffb0c
core   0: 0x8000a71c (0x00b11b13) slli    s6, sp, 11
core   0: 3 0x8000a71c (0x00b11b13) x22 0x00000000
core   0: 0x8000a720 (0x76fac393) xori    t2, s5, 1903
core   0: 3 0x8000a720 (0x76fac393) x 7 0x00004b7f
core   0: 0x8000a724 (0x0166c033) xor     zero, a3, s6
core   0: 3 0x8000a724 (0x0166c033)
core   0: 0x8000a728 (0x010dd313) srli    t1, s11, 16
core   0: 3 0x8000a728 (0x010dd313) x 6 0x00000000
core   0: 0x8000a72c (0x1468ae93) slti    t4, a7, 326
core   0: 3 0x8000a72c (0x1468ae93) x29 0x00000001
core   0: 0x8000a730 (0x00000013) nop
core   0: 3 0x8000a730 (0x00000013)
core   0: 0x8000a734 (0x00664133) xor     sp, a2, t1
core   0: 3 0x8000a734 (0x00664133) x 2 0xfdeb577d
core   0: 0x8000a738 (0x402354b3) sra     s1, t1, sp
core   0: 3 0x8000a738 (0x402354b3) x 9 0x00000000
core   0: 0x8000a73c (0x40385433) sra     s0, a6, gp
core   0: 3 0x8000a73c (0x40385433) x 8 0x0000037d
core   0: 0x8000a740 (0x00000013) nop
core   0: 3 0x8000a740 (0x00000013)
core   0: 0x8000a744 (0xcb1da893) slti    a7, s11, -847
core   0: 3 0x8000a744 (0xcb1da893) x17 0x00000000
core   0: 0x8000a748 (0x0155c2b3) xor     t0, a1, s5
core   0: 3 0x8000a748 (0x0155c2b3) x 5 0xffffb71c
core   0: 0x8000a74c (0x010a86b3) add     a3, s5, a6
core   0: 3 0x8000a74c (0x010a86b3) x13 0x00004f8d
core   0: 0x8000a750 (0x00570533) add     a0, a4, t0
core   0: 3 0x8000a750 (0x00570533) x10 0x8000c580
core   0: 0x8000a754 (0x01a0bb33) sltu    s6, ra, s10
core   0: 3 0x8000a754 (0x01a0bb33) x22 0x00000000
core   0: 0x8000a758 (0x007c1893) slli    a7, s8, 7
core   0: 3 0x8000a758 (0x007c1893) x17 0xffd67180
core   0: 0x8000a75c (0x8b10cd93) xori    s11, ra, -1871
core   0: 3 0x8000a75c (0x8b10cd93) x27 0xfffff8b1
core   0: 0x8000a760 (0x01ca8ab3) add     s5, s5, t3
core   0: 3 0x8000a760 (0x01ca8ab3) x21 0xa519ec10
core   0: 0x8000a764 (0x01e22d33) slt     s10, tp, t5
core   0: 3 0x8000a764 (0x01e22d33) x26 0x00000000
core   0: 0x8000a768 (0xab74c393) xori    t2, s1, -1353
core   0: 3 0x8000a768 (0xab74c393) x 7 0xfffffab7
core   0: 0x8000a76c (0x00000013) nop
core   0: 3 0x8000a76c (0x00000013)
core   0: 0x8000a770 (0xc1a8fa13) andi    s4, a7, -998
core   0: 3 0x8000a770 (0xc1a8fa13) x20 0xffd67000
core   0: 0x8000a774 (0x00000013) nop
core   0: 3 0x8000a774 (0x00000013)
core   0: 0x8000a778 (0x71dfea93) ori     s5, t6, 1821
core   0: 3 0x8000a778 (0x71dfea93) x21 0x80014ffd
core   0: 0x8000a77c (0xb5f5e893) ori     a7, a1, -1185
core   0: 3 0x8000a77c (0xb5f5e893) x17 0xfffffb5f
core   0: 0x8000a780 (0x01b74db3) xor     s11, a4, s11
core   0: 3 0x8000a780 (0x01b74db3) x27 0x7ffef6d5
core   0: 0x8000a784 (0xf6daae93) slti    t4, s5, -147
core   0: 3 0x8000a784 (0xf6daae93) x29 0x00000001
core   0: 0x8000a788 (0x01195b33) srl     s6, s2, a7
core   0: 3 0x8000a788 (0x01195b33) x22 0x00000001
core   0: 0x8000a78c (0x01214f33) xor     t5, sp, s2
core   0: 3 0x8000a78c (0x01214f33) x30 0x3deb577d
core   0: 0x8000a790 (0x0154d433) srl     s0, s1, s5
core   0: 3 0x8000a790 (0x0154d433) x 8 0x00000000
core   0: 0x8000a794 (0x017dd1b3) srl     gp, s11, s7
core   0: 3 0x8000a794 (0x017dd1b3) x 3 0x000000ff
core   0: 0x8000a798 (0x00f99293) slli    t0, s3, 15
core   0: 3 0x8000a798 (0x00f99293) x 5 0xf48b8000
core   0: 0x8000a79c (0xf7bac917) auipc   s2, 0xf7bac
core   0: 3 0x8000a79c (0xf7bac917) x18 0x77bb679c
core   0: 0x8000a7a0 (0xa400fa93) andi    s5, ra, -1472
core   0: 3 0x8000a7a0 (0xa400fa93) x21 0x00000000
core   0: 0x8000a7a4 (0x36022293) slti    t0, tp, 864
core   0: 3 0x8000a7a4 (0x36022293) x 5 0x00000001
core   0: 0x8000a7a8 (0x01305b93) srli    s7, zero, 19
core   0: 3 0x8000a7a8 (0x01305b93) x23 0x00000000
core   0: 0x8000a7ac (0x40e68eb3) sub     t4, a3, a4
core   0: 3 0x8000a7ac (0x40e68eb3) x29 0x7fff4129
core   0: 0x8000a7b0 (0x3fd4ee93) ori     t4, s1, 1021
core   0: 3 0x8000a7b0 (0x3fd4ee93) x29 0x000003fd
core   0: 0x8000a7b4 (0xf11b9c17) auipc   s8, 0xf11b9
core   0: 3 0x8000a7b4 (0xf11b9c17) x24 0x711c37b4
core   0: 0x8000a7b8 (0x87b9f193) andi    gp, s3, -1925
core   0: 3 0x8000a7b8 (0x87b9f193) x 3 0xace3e813
core   0: 0x8000a7bc (0x9d800493) li      s1, -1576
core   0: 3 0x8000a7bc (0x9d800493) x 9 0xfffff9d8
core   0: 0x8000a7c0 (0x00000013) nop
core   0: 3 0x8000a7c0 (0x00000013)
core   0: 0x8000a7c4 (0xe13c5537) lui     a0, 0xe13c5
core   0: 3 0x8000a7c4 (0xe13c5537) x10 0xe13c5000
core   0: 0x8000a7c8 (0x00075613) srli    a2, a4, 0
core   0: 3 0x8000a7c8 (0x00075613) x12 0x80010e64
core   0: 0x8000a7cc (0xfc3a6397) auipc   t2, 0xfc3a6
core   0: 3 0x8000a7cc (0xfc3a6397) x 7 0x7c3b07cc
core   0: 0x8000a7d0 (0x01811013) slli    zero, sp, 24
core   0: 3 0x8000a7d0 (0x01811013)
core   0: 0x8000a7d4 (0x01a4fe33) and     t3, s1, s10
core   0: 3 0x8000a7d4 (0x01a4fe33) x28 0x00000000
core   0: 0x8000a7d8 (0xbd7c0c93) addi    s9, s8, -1065
core   0: 3 0x8000a7d8 (0xbd7c0c93) x25 0x711c338b
core   0: 0x8000a7dc (0x00d36cb3) or      s9, t1, a3
core   0: 3 0x8000a7dc (0x00d36cb3) x25 0x00004f8d
core   0: 0x8000a7e0 (0x01c244b3) xor     s1, tp, t3
core   0: 3 0x8000a7e0 (0x01c244b3) x 9 0xfdeb577d
core   0: 0x8000a7e4 (0xe9330c93) addi    s9, t1, -365
core   0: 3 0x8000a7e4 (0xe9330c93) x25 0xfffffe93
core   0: 0x8000a7e8 (0x01e25c93) srli    s9, tp, 30
core   0: 3 0x8000a7e8 (0x01e25c93) x25 0x00000003
core   0: 0x8000a7ec (0x97d6e593) ori     a1, a3, -1667
core   0: 3 0x8000a7ec (0x97d6e593) x11 0xfffffffd
core   0: 0x8000a7f0 (0xaf78be13) sltiu   t3, a7, -1289
core   0: 3 0x8000a7f0 (0xaf78be13) x28 0x00000000
core   0: 0x8000a7f4 (0x00048133) add     sp, s1, zero
core   0: 3 0x8000a7f4 (0x00048133) x 2 0xfdeb577d
core   0: 0x8000a7f8 (0x7c390993) addi    s3, s2, 1987
core   0: 3 0x8000a7f8 (0x7c390993) x19 0x77bb6f5f
core   0: 0x8000a7fc (0xe5afc293) xori    t0, t6, -422
core   0: 3 0x8000a7fc (0xe5afc293) x 5 0x7ffeb2be
core   0: 0x8000a800 (0x016e5e93) srli    t4, t3, 22
core   0: 3 0x8000a800 (0x016e5e93) x29 0x00000000
core   0: 0x8000a804 (0x01f41693) slli    a3, s0, 31
core   0: 3 0x8000a804 (0x01f41693) x13 0x00000000
core   0: 0x8000a808 (0xcf4c8ab7) lui     s5, 0xcf4c8
core   0: 3 0x8000a808 (0xcf4c8ab7) x21 0xcf4c8000
core   0: 0x8000a80c (0xd8bf6b93) ori     s7, t5, -629
core   0: 3 0x8000a80c (0xd8bf6b93) x23 0xffffffff
core   0: 0x8000a810 (0x0080b433) sltu    s0, ra, s0
core   0: 3 0x8000a810 (0x0080b433) x 8 0x00000000
core   0: 0x8000a814 (0x79f54e13) xori    t3, a0, 1951
core   0: 3 0x8000a814 (0x79f54e13) x28 0xe13c579f
core   0: 0x8000a818 (0x01a59a93) slli    s5, a1, 26
core   0: 3 0x8000a818 (0x01a59a93) x21 0xf4000000
core   0: 0x8000a81c (0x28444eb7) lui     t4, 0x28444
core   0: 3 0x8000a81c (0x28444eb7) x29 0x28444000
core   0: 0x8000a820 (0x01f5fa33) and     s4, a1, t6
core   0: 3 0x8000a820 (0x01f5fa33) x20 0x80014ce4
core   0: 0x8000a824 (0x00695513) srli    a0, s2, 6
core   0: 3 0x8000a824 (0x00695513) x10 0x01deed9e
core   0: 0x8000a828 (0x338fa193) slti    gp, t6, 824
core   0: 3 0x8000a828 (0x338fa193) x 3 0x00000001
core   0: 0x8000a82c (0x01f45133) srl     sp, s0, t6
core   0: 3 0x8000a82c (0x01f45133) x 2 0x00000000
core   0: 0x8000a830 (0x00341213) slli    tp, s0, 3
core   0: 3 0x8000a830 (0x00341213) x 4 0x00000000
core   0: 0x8000a834 (0x00f9fbb3) and     s7, s3, a5
core   0: 3 0x8000a834 (0x00f9fbb3) x23 0x770a0b5e
core   0: 0x8000a838 (0x0178a333) slt     t1, a7, s7
core   0: 3 0x8000a838 (0x0178a333) x 6 0x00000001
core   0: 0x8000a83c (0x86507a13) andi    s4, zero, -1947
core   0: 3 0x8000a83c (0x86507a13) x20 0x00000000
core   0: 0x8000a840 (0xb7f46113) ori     sp, s0, -1153
core   0: 3 0x8000a840 (0xb7f46113) x 2 0xfffffb7f
core   0: 0x8000a844 (0x00000013) nop
core   0: 3 0x8000a844 (0x00000013)
core   0: 0x8000a848 (0xc9467a13) andi    s4, a2, -876
core   0: 3 0x8000a848 (0xc9467a13) x20 0x80010c04
core   0: 0x8000a84c (0x011d5cb3) srl     s9, s10, a7
core   0: 3 0x8000a84c (0x011d5cb3) x25 0x00000000
core   0: 0x8000a850 (0xa88ef293) andi    t0, t4, -1400
core   0: 3 0x8000a850 (0xa88ef293) x 5 0x28444000
core   0: 0x8000a854 (0x0052e333) or      t1, t0, t0
core   0: 3 0x8000a854 (0x0052e333) x 6 0x28444000
core   0: 0x8000a858 (0x40708033) sub     zero, ra, t2
core   0: 3 0x8000a858 (0x40708033)
core   0: 0x8000a85c (0xec4b4a93) xori    s5, s6, -316
core   0: 3 0x8000a85c (0xec4b4a93) x21 0xfffffec5
core   0: 0x8000a860 (0x017b0233) add     tp, s6, s7
core   0: 3 0x8000a860 (0x017b0233) x 4 0x770a0b5f
core   0: 0x8000a864 (0x10dd9c37) lui     s8, 0x10dd9
core   0: 3 0x8000a864 (0x10dd9c37) x24 0x10dd9000
core   0: 0x8000a868 (0x01089c33) sll     s8, a7, a6
core   0: 3 0x8000a868 (0x01089c33) x24 0xe0000000
core   0: 0x8000a86c (0x4026d933) sra     s2, a3, sp
core   0: 3 0x8000a86c (0x4026d933) x18 0x00000000
core   0: 0x8000a870 (0xa5fc3d13) sltiu   s10, s8, -1441
core   0: 3 0x8000a870 (0xa5fc3d13) x26 0x00000001
core   0: 0x8000a874 (0x66fb4513) xori    a0, s6, 1647
core   0: 3 0x8000a874 (0x66fb4513) x10 0x0000066e
core   0: 0x8000a878 (0x6f18f893) andi    a7, a7, 1777
core   0: 3 0x8000a878 (0x6f18f893) x17 0x00000251
core   0: 0x8000a87c (0x01fc3833) sltu    a6, s8, t6
core   0: 3 0x8000a87c (0x01fc3833) x16 0x00000000
core   0: 0x8000a880 (0x7bb26393) ori     t2, tp, 1979
core   0: 3 0x8000a880 (0x7bb26393) x 7 0x770a0fff
core   0: 0x8000a884 (0x8c576e13) ori     t3, a4, -1851
core   0: 3 0x8000a884 (0x8c576e13) x28 0xfffffee5
core   0: 0x8000a888 (0x01d71cb3) sll     s9, a4, t4
core   0: 3 0x8000a888 (0x01d71cb3) x25 0x80010e64
core   0: 0x8000a88c (0x00000013) nop
core   0: 3 0x8000a88c (0x00000013)
core   0: 0x8000a890 (0x00a2fb33) and     s6, t0, a0
core   0: 3 0x8000a890 (0x00a2fb33) x22 0x00000000
core   0: 0x8000a894 (0x009141b3) xor     gp, sp, s1
core   0: 3 0x8000a894 (0x009141b3) x 3 0x0214ac02
core   0: 0x8000a898 (0x00dc7233) and     tp, s8, a3
core   0: 3 0x8000a898 (0x00dc7233) x 4 0x00000000
core   0: 0x8000a89c (0x01ce0a33) add     s4, t3, t3
core   0: 3 0x8000a89c (0x01ce0a33) x20 0xfffffdca
core   0: 0x8000a8a0 (0x41cb84b3) sub     s1, s7, t3
core   0: 3 0x8000a8a0 (0x41cb84b3) x 9 0x770a0c79
core   0: 0x8000a8a4 (0x002b5813) srli    a6, s6, 2
core   0: 3 0x8000a8a4 (0x002b5813) x16 0x00000000
core   0: 0x8000a8a8 (0x01e394b3) sll     s1, t2, t5
core   0: 3 0x8000a8a8 (0x01e394b3) x 9 0xe0000000
core   0: 0x8000a8ac (0x012a1433) sll     s0, s4, s2
core   0: 3 0x8000a8ac (0x012a1433) x 8 0xfffffdca
core   0: 0x8000a8b0 (0x01c81c93) slli    s9, a6, 28
core   0: 3 0x8000a8b0 (0x01c81c93) x25 0x00000000
core   0: 0x8000a8b4 (0x2f49b313) sltiu   t1, s3, 756
core   0: 3 0x8000a8b4 (0x2f49b313) x 6 0x00000000
core   0: 0x8000a8b8 (0x39143013) sltiu   zero, s0, 913
core   0: 3 0x8000a8b8 (0x39143013)
core   0: 0x8000a8bc (0xf1738813) addi    a6, t2, -233
core   0: 3 0x8000a8bc (0xf1738813) x16 0x770a0f16
core   0: 0x8000a8c0 (0x000955b3) srl     a1, s2, zero
core   0: 3 0x8000a8c0 (0x000955b3) x11 0x00000000
core   0: 0x8000a8c4 (0x4c01a093) slti    ra, gp, 1216
core   0: 3 0x8000a8c4 (0x4c01a093) x 1 0x00000000
core   0: 0x8000a8c8 (0x41c35533) sra     a0, t1, t3
core   0: 3 0x8000a8c8 (0x41c35533) x10 0x00000000
core   0: 0x8000a8cc (0xc10f8f13) addi    t5, t6, -1008
core   0: 3 0x8000a8cc (0xc10f8f13) x30 0x800148f4
core   0: 0x8000a8d0 (0x4aa80e93) addi    t4, a6, 1194
core   0: 3 0x8000a8d0 (0x4aa80e93) x29 0x770a13c0
core   0: 0x8000a8d4 (0x63743ab7) lui     s5, 0x63743
core   0: 3 0x8000a8d4 (0x63743ab7) x21 0x63743000
core   0: 0x8000a8d8 (0x5abd8693) addi    a3, s11, 1451
core   0: 3 0x8000a8d8 (0x5abd8693) x13 0x7ffefc80
core   0: 0x8000a8dc (0x00c42db3) slt     s11, s0, a2
core   0: 3 0x8000a8dc (0x00c42db3) x27 0x00000000
core   0: 0x8000a8e0 (0xcf24ef13) ori     t5, s1, -782
core   0: 3 0x8000a8e0 (0xcf24ef13) x30 0xfffffcf2
core   0: 0x8000a8e4 (0x82994993) xori    s3, s2, -2007
core   0: 3 0x8000a8e4 (0x82994993) x19 0xfffff829
core   0: 0x8000a8e8 (0x01555233) srl     tp, a0, s5
core   0: 3 0x8000a8e8 (0x01555233) x 4 0x00000000
core   0: 0x8000a8ec (0x01b3d013) srli    zero, t2, 27
core   0: 3 0x8000a8ec (0x01b3d013)
core   0: 0x8000a8f0 (0x41ca5d13) srai    s10, s4, 28
core   0: 3 0x8000a8f0 (0x41ca5d13) x26 0xffffffff
core   0: 0x8000a8f4 (0x01405d13) srli    s10, zero, 20
core   0: 3 0x8000a8f4 (0x01405d13) x26 0x00000000
core   0: 0x8000a8f8 (0xb69b4f13) xori    t5, s6, -1175
core   0: 3 0x8000a8f8 (0xb69b4f13) x30 0xfffffb69
core   0: 0x8000a8fc (0x8f78f193) andi    gp, a7, -1801
core   0: 3 0x8000a8fc (0x8f78f193) x 3 0x00000051
core   0: 0x8000a900 (0x00000013) nop
core   0: 3 0x8000a900 (0x00000013)
core   0: 0x8000a904 (0x017cd233) srl     tp, s9, s7
core   0: 3 0x8000a904 (0x017cd233) x 4 0x00000000
core   0: 0x8000a908 (0xe743b297) auipc   t0, 0xe743b
core   0: 3 0x8000a908 (0xe743b297) x 5 0x67445908
core   0: 0x8000a90c (0x001708b3) add     a7, a4, ra
core   0: 3 0x8000a90c (0x001708b3) x17 0x80010e64
core   0: 0x8000a910 (0x0180d3b3) srl     t2, ra, s8
core   0: 3 0x8000a910 (0x0180d3b3) x 7 0x00000000
core   0: 0x8000a914 (0x44f2e513) ori     a0, t0, 1103
core   0: 3 0x8000a914 (0x44f2e513) x10 0x67445d4f
core   0: 0x8000a918 (0x51dfb913) sltiu   s2, t6, 1309
core   0: 3 0x8000a918 (0x51dfb913) x18 0x00000000
core   0: 0x8000a91c (0x00000013) nop
core   0: 3 0x8000a91c (0x00000013)
core   0: 0x8000a920 (0x9d4f7913) andi    s2, t5, -1580
core   0: 3 0x8000a920 (0x9d4f7913) x18 0xfffff940
core   0: 0x8000a924 (0x40b30633) sub     a2, t1, a1
core   0: 3 0x8000a924 (0x40b30633) x12 0x00000000
core   0: 0x8000a928 (0x98804b93) xori    s7, zero, -1656
core   0: 3 0x8000a928 (0x98804b93) x23 0xfffff988
core   0: 0x8000a92c (0x6383bb13) sltiu   s6, t2, 1592
core   0: 3 0x8000a92c (0x6383bb13) x22 0x00000001
core   0: 0x8000a930 (0x0036a833) slt     a6, a3, gp
core   0: 3 0x8000a930 (0x0036a833) x16 0x00000000
core   0: 0x8000a934 (0x41810eb3) sub     t4, sp, s8
core   0: 3 0x8000a934 (0x41810eb3) x29 0x1ffffb7f
core   0: 0x8000a938 (0x6326ef17) auipc   t5, 0x6326e
core   0: 3 0x8000a938 (0x6326ef17) x30 0xe3278938
core   0: 0x8000a93c (0x9e020893) addi    a7, tp, -1568
core   0: 3 0x8000a93c (0x9e020893) x17 0xfffff9e0
core   0: 0x8000a940 (0x851b3693) sltiu   a3, s6, -1967
core   0: 3 0x8000a940 (0x851b3693) x13 0x00000001
core   0: 0x8000a944 (0x00f16db3) or      s11, sp, a5
core   0: 3 0x8000a944 (0x00f16db3) x27 0xfffffb7f
core   0: 0x8000a948 (0xf8cc3a13) sltiu   s4, s8, -116
core   0: 3 0x8000a948 (0xf8cc3a13) x20 0x00000001
core   0: 0x8000a94c (0x0094d613) srli    a2, s1, 9
core   0: 3 0x8000a94c (0x0094d613) x12 0x00700000
core   0: 0x8000a950 (0x52b3ae13) slti    t3, t2, 1323
core   0: 3 0x8000a950 (0x52b3ae13) x28 0x00000001
core   0: 0x8000a954 (0x6ef80c93) addi    s9, a6, 1775
core   0: 3 0x8000a954 (0x6ef80c93) x25 0x000006ef
core   0: 0x8000a958 (0x0130f2b3) and     t0, ra, s3
core   0: 3 0x8000a958 (0x0130f2b3) x 5 0x00000000
core   0: 0x8000a95c (0x01e81513) slli    a0, a6, 30
core   0: 3 0x8000a95c (0x01e81513) x10 0x00000000
core   0: 0x8000a960 (0x7c8fa613) slti    a2, t6, 1992
core   0: 3 0x8000a960 (0x7c8fa613) x12 0x00000001
core   0: 0x8000a964 (0xbf6fb213) sltiu   tp, t6, -1034
core   0: 3 0x8000a964 (0xbf6fb213) x 4 0x00000001
core   0: 0x8000a968 (0xa2ad8593) addi    a1, s11, -1494
core   0: 3 0x8000a968 (0xa2ad8593) x11 0xfffff5a9
core   0: 0x8000a96c (0x005c5333) srl     t1, s8, t0
core   0: 3 0x8000a96c (0x005c5333) x 6 0xe0000000
core   0: 0x8000a970 (0x00633db3) sltu    s11, t1, t1
core   0: 3 0x8000a970 (0x00633db3) x27 0x00000000
core   0: 0x8000a974 (0x01da1b93) slli    s7, s4, 29
core   0: 3 0x8000a974 (0x01da1b93) x23 0x20000000
core   0: 0x8000a978 (0x012213b3) sll     t2, tp, s2
core   0: 3 0x8000a978 (0x012213b3) x 7 0x00000001
core   0: 0x8000a97c (0x41bbdb93) srai    s7, s7, 27
core   0: 3 0x8000a97c (0x41bbdb93) x23 0x00000004
core   0: 0x8000a980 (0x01c355b3) srl     a1, t1, t3
core   0: 3 0x8000a980 (0x01c355b3) x11 0x70000000
core   0: 0x8000a984 (0xe40ba093) slti    ra, s7, -448
core   0: 3 0x8000a984 (0xe40ba093) x 1 0x00000000
core   0: 0x8000a988 (0x0225ad13) slti    s10, a1, 34
core   0: 3 0x8000a988 (0x0225ad13) x26 0x00000000
core   0: 0x8000a98c (0x99cf0193) addi    gp, t5, -1636
core   0: 3 0x8000a98c (0x99cf0193) x 3 0xe32782d4
core   0: 0x8000a990 (0x008698b3) sll     a7, a3, s0
core   0: 3 0x8000a990 (0x008698b3) x17 0x00000400
core   0: 0x8000a994 (0x0099c9b3) xor     s3, s3, s1
core   0: 3 0x8000a994 (0x0099c9b3) x19 0x1ffff829
core   0: 0x8000a998 (0x40da0d33) sub     s10, s4, a3
core   0: 3 0x8000a998 (0x40da0d33) x26 0x00000000
core   0: 0x8000a99c (0x656c7413) andi    s0, s8, 1622
core   0: 3 0x8000a99c (0x656c7413) x 8 0x00000000
core   0: 0x8000a9a0 (0x0120de13) srli    t3, ra, 18
core   0: 3 0x8000a9a0 (0x0120de13) x28 0x00000000
core   0: 0x8000a9a4 (0x41ea4013) xori    zero, s4, 1054
core   0: 3 0x8000a9a4 (0x41ea4013)
core   0: 0x8000a9a8 (0x182d8197) auipc   gp, 0x182d8
core   0: 3 0x8000a9a8 (0x182d8197) x 3 0x982e29a8
core   0: 0x8000a9ac (0x01ab00b3) add     ra, s6, s10
core   0: 3 0x8000a9ac (0x01ab00b3) x 1 0x00000001
core   0: 0x8000a9b0 (0x016b6033) or      zero, s6, s6
core   0: 3 0x8000a9b0 (0x016b6033)
core   0: 0x8000a9b4 (0x84c1eb13) ori     s6, gp, -1972
core   0: 3 0x8000a9b4 (0x84c1eb13) x22 0xfffff9ec
core   0: 0x8000a9b8 (0x40a8d193) srai    gp, a7, 10
core   0: 3 0x8000a9b8 (0x40a8d193) x 3 0x00000001
core   0: 0x8000a9bc (0x8c062037) lui     zero, 0x8c062
core   0: 3 0x8000a9bc (0x8c062037)
core   0: 0x8000a9c0 (0x4111dcb3) sra     s9, gp, a7
core   0: 3 0x8000a9c0 (0x4111dcb3) x25 0x00000001
core   0: 0x8000a9c4 (0x01c8d893) srli    a7, a7, 28
core   0: 3 0x8000a9c4 (0x01c8d893) x17 0x00000000
core   0: 0x8000a9c8 (0x019cf033) and     zero, s9, s9
core   0: 3 0x8000a9c8 (0x019cf033)
core   0: 0x8000a9cc (0x40ab8333) sub     t1, s7, a0
core   0: 3 0x8000a9cc (0x40ab8333) x 6 0x00000004
core   0: 0x8000a9d0 (0x005068b3) or      a7, zero, t0
core   0: 3 0x8000a9d0 (0x005068b3) x17 0x00000000
core   0: 0x8000a9d4 (0x00000013) nop
core   0: 3 0x8000a9d4 (0x00000013)
core   0: 0x8000a9d8 (0xa156a993) slti    s3, a3, -1515
core   0: 3 0x8000a9d8 (0xa156a993) x19 0x00000000
core   0: 0x8000a9dc (0x00a996b3) sll     a3, s3, a0
core   0: 3 0x8000a9dc (0x00a996b3) x13 0x00000000
core   0: 0x8000a9e0 (0xd6d00217) auipc   tp, 0xd6d00
core   0: 3 0x8000a9e0 (0xd6d00217) x 4 0x56d0a9e0
core   0: 0x8000a9e4 (0x00d3e533) or      a0, t2, a3
core   0: 3 0x8000a9e4 (0x00d3e533) x10 0x00000001
core   0: 0x8000a9e8 (0xefb34d93) xori    s11, t1, -261
core   0: 3 0x8000a9e8 (0xefb34d93) x27 0xfffffeff
core   0: 0x8000a9ec (0x005d1493) slli    s1, s10, 5
core   0: 3 0x8000a9ec (0x005d1493) x 9 0x00000000
core   0: 0x8000a9f0 (0x006f73b3) and     t2, t5, t1
core   0: 3 0x8000a9f0 (0x006f73b3) x 7 0x00000000
core   0: 0x8000a9f4 (0x00a1eeb3) or      t4, gp, a0
core   0: 3 0x8000a9f4 (0x00a1eeb3) x29 0x00000001
core   0: 0x8000a9f8 (0x014583b3) add     t2, a1, s4
core   0: 3 0x8000a9f8 (0x014583b3) x 7 0x70000001
core   0: 0x8000a9fc (0x410a8eb3) sub     t4, s5, a6
core   0: 3 0x8000a9fc (0x410a8eb3) x29 0x63743000
core   0: 0x8000aa00 (0x01561213) slli    tp, a2, 21
core   0: 3 0x8000aa00 (0x01561213) x 4 0x00200000
core   0: 0x8000aa04 (0xc5c47693) andi    a3, s0, -932
core   0: 3 0x8000aa04 (0xc5c47693) x13 0x00000000
core   0: 0x8000aa08 (0xbb8ff613) andi    a2, t6, -1096
core   0: 3 0x8000aa08 (0xbb8ff613) x12 0x800148a0
core   0: 0x8000aa0c (0x41655933) sra     s2, a0, s6
core   0: 3 0x8000aa0c (0x41655933) x18 0x00000000
core   0: 0x8000aa10 (0x00c42d33) slt     s10, s0, a2
core   0: 3 0x8000aa10 (0x00c42d33) x26 0x00000000
core   0: 0x8000aa14 (0x418b5513) srai    a0, s6, 24
core   0: 3 0x8000aa14 (0x418b5513) x10 0xffffffff
core   0: 0x8000aa18 (0x00e39f33) sll     t5, t2, a4
core   0: 3 0x8000aa18 (0x00e39f33) x30 0x00000010
core   0: 0x8000aa1c (0x81013293) sltiu   t0, sp, -2032
core   0: 3 0x8000aa1c (0x81013293) x 5 0x00000000
core   0: 0x8000aa20 (0x005f9913) slli    s2, t6, 5
core   0: 3 0x8000aa20 (0x005f9913) x18 0x00299c80
core   0: 0x8000aa24 (0x41038533) sub     a0, t2, a6
core   0: 3 0x8000aa24 (0x41038533) x10 0x70000001
core   0: 0x8000aa28 (0x00400133) add     sp, zero, tp
core   0: 3 0x8000aa28 (0x00400133) x 2 0x00200000
core   0: 0x8000aa2c (0x8328ed37) lui     s10, 0x8328e
core   0: 3 0x8000aa2c (0x8328ed37) x26 0x8328e000
core   0: 0x8000aa30 (0x1a3e0d93) addi    s11, t3, 419
core   0: 3 0x8000aa30 (0x1a3e0d93) x27 0x000001a3
core   0: 0x8000aa34 (0x00d35d33) srl     s10, t1, a3
core   0: 3 0x8000aa34 (0x00d35d33) x26 0x00000004
core   0: 0x8000aa38 (0x00b21113) slli    sp, tp, 11
core   0: 3 0x8000aa38 (0x00b21113) x 2 0x00000000
core   0: 0x8000aa3c (0xfaa82897) auipc   a7, 0xfaa82
core   0: 3 0x8000aa3c (0xfaa82897) x17 0x7aa8ca3c
core   0: 0x8000aa40 (0x0089da13) srli    s4, s3, 8
core   0: 3 0x8000aa40 (0x0089da13) x20 0x00000000
core   0: 0x8000aa44 (0x00fa1e13) slli    t3, s4, 15
core   0: 3 0x8000aa44 (0x00fa1e13) x28 0x00000000
core   0: 0x8000aa48 (0x411508b3) sub     a7, a0, a7
core   0: 3 0x8000aa48 (0x411508b3) x17 0xf55735c5
core   0: 0x8000aa4c (0x00344833) xor     a6, s0, gp
core   0: 3 0x8000aa4c (0x00344833) x16 0x00000001
core   0: 0x8000aa50 (0xffe95597) auipc   a1, 0xffe95
core   0: 3 0x8000aa50 (0xffe95597) x11 0x7fe9fa50
core   0: 0x8000aa54 (0x012ef433) and     s0, t4, s2
core   0: 3 0x8000aa54 (0x012ef433) x 8 0x00201000
core   0: 0x8000aa58 (0x00919393) slli    t2, gp, 9
core   0: 3 0x8000aa58 (0x00919393) x 7 0x00000200
core   0: 0x8000aa5c (0x00557eb3) and     t4, a0, t0
core   0: 3 0x8000aa5c (0x00557eb3) x29 0x00000000
core   0: 0x8000aa60 (0x0073beb3) sltu    t4, t2, t2
core   0: 3 0x8000aa60 (0x0073beb3) x29 0x00000000
core   0: 0x8000aa64 (0x006a8c33) add     s8, s5, t1
core   0: 3 0x8000aa64 (0x006a8c33) x24 0x63743004
core   0: 0x8000aa68 (0xa31a8917) auipc   s2, 0xa31a8
core   0: 3 0x8000aa68 (0xa31a8917) x18 0x231b2a68
core   0: 0x8000aa6c (0x00000013) nop
core   0: 3 0x8000aa6c (0x00000013)
core   0: 0x8000aa70 (0xfeed6313) ori     t1, s10, -18
core   0: 3 0x8000aa70 (0xfeed6313) x 6 0xffffffee
core   0: 0x8000aa74 (0x41618db3) sub     s11, gp, s6
core   0: 3 0x8000aa74 (0x41618db3) x27 0x00000615
core   0: 0x8000aa78 (0x410f8533) sub     a0, t6, a6
core   0: 3 0x8000aa78 (0x410f8533) x10 0x80014ce3
core   0: 0x8000aa7c (0xe80f6513) ori     a0, t5, -384
core   0: 3 0x8000aa7c (0xe80f6513) x10 0xfffffe90
core   0: 0x8000aa80 (0xb5c9e693) ori     a3, s3, -1188
core   0: 3 0x8000aa80 (0xb5c9e693) x13 0xfffffb5c
core   0: 0x8000aa84 (0x9aedecb7) lui     s9, 0x9aede
core   0: 3 0x8000aa84 (0x9aedecb7) x25 0x9aede000
core   0: 0x8000aa88 (0x4127dcb3) sra     s9, a5, s2
core   0: 3 0x8000aa88 (0x4127dcb3) x25 0xffff4e9b
core   0: 0x8000aa8c (0x8e6a2993) slti    s3, s4, -1818
core   0: 3 0x8000aa8c (0x8e6a2993) x19 0x00000000
core   0: 0x8000aa90 (0x004c1f33) sll     t5, s8, tp
core   0: 3 0x8000aa90 (0x004c1f33) x30 0x63743004
core   0: 0x8000aa94 (0x6d4b0213) addi    tp, s6, 1748
core   0: 3 0x8000aa94 (0x6d4b0213) x 4 0x000000c0
core   0: 0x8000aa98 (0x00f13f33) sltu    t5, sp, a5
core   0: 3 0x8000aa98 (0x00f13f33) x30 0x00000001
core   0: 0x8000aa9c (0x45e64f13) xori    t5, a2, 1118
core   0: 3 0x8000aa9c (0x45e64f13) x30 0x80014cfe
core   0: 0x8000aaa0 (0x7e394037) lui     zero, 0x7e394
core   0: 3 0x8000aaa0 (0x7e394037)
core   0: 0x8000aaa4 (0x01af15b3) sll     a1, t5, s10
core   0: 3 0x8000aaa4 (0x01af15b3) x11 0x0014cfe0
core   0: 0x8000aaa8 (0x625be613) ori     a2, s7, 1573
core   0: 3 0x8000aaa8 (0x625be613) x12 0x00000625
core   0: 0x8000aaac (0x014fddb3) srl     s11, t6, s4
core   0: 3 0x8000aaac (0x014fddb3) x27 0x80014ce4
core   0: 0x8000aab0 (0x003ac1b3) xor     gp, s5, gp
core   0: 3 0x8000aab0 (0x003ac1b3) x 3 0x63743001
core   0: 0x8000aab4 (0xdce63597) auipc   a1, 0xdce63
core   0: 3 0x8000aab4 (0xdce63597) x11 0x5ce6dab4
core   0: 0x8000aab8 (0x007cff33) and     t5, s9, t2
core   0: 3 0x8000aab8 (0x007cff33) x30 0x00000200
core   0: 0x8000aabc (0x01188533) add     a0, a7, a7
core   0: 3 0x8000aabc (0x01188533) x10 0xeaae6b8a
core   0: 0x8000aac0 (0x418fd913) srai    s2, t6, 24
core   0: 3 0x8000aac0 (0x418fd913) x18 0xffffff80
core   0: 0x8000aac4 (0x00183933) sltu    s2, a6, ra
core   0: 3 0x8000aac4 (0x00183933) x18 0x00000000
core   0: 0x8000aac8 (0x0172cc33) xor     s8, t0, s7
core   0: 3 0x8000aac8 (0x0172cc33) x24 0x00000004
core   0: 0x8000aacc (0x01da7c33) and     s8, s4, t4
core   0: 3 0x8000aacc (0x01da7c33) x24 0x00000000
core   0: 0x8000aad0 (0x40ebde33) sra     t3, s7, a4
core   0: 3 0x8000aad0 (0x40ebde33) x28 0x00000000
core   0: 0x8000aad4 (0x1e3a2e13) slti    t3, s4, 483
core   0: 3 0x8000aad4 (0x1e3a2e13) x28 0x00000001
core   0: 0x8000aad8 (0x411c0133) sub     sp, s8, a7
core   0: 3 0x8000aad8 (0x411c0133) x 2 0x0aa8ca3b
core   0: 0x8000aadc (0x0910eb13) ori     s6, ra, 145
core   0: 3 0x8000aadc (0x0910eb13) x22 0x00000091
core   0: 0x8000aae0 (0x004cdc33) srl     s8, s9, tp
core   0: 3 0x8000aae0 (0x004cdc33) x24 0xffff4e9b
core   0: 0x8000aae4 (0x01ec32b3) sltu    t0, s8, t5
core   0: 3 0x8000aae4 (0x01ec32b3) x 5 0x00000000
core   0: 0x8000aae8 (0x41a4d593) srai    a1, s1, 26
core   0: 3 0x8000aae8 (0x41a4d593) x11 0x00000000
core   0: 0x8000aaec (0x0196b833) sltu    a6, a3, s9
core   0: 3 0x8000aaec (0x0196b833) x16 0x00000000
core   0: 0x8000aaf0 (0x01130033) add     zero, t1, a7
core   0: 3 0x8000aaf0 (0x01130033)
core   0: 0x8000aaf4 (0x41510b33) sub     s6, sp, s5
core   0: 3 0x8000aaf4 (0x41510b33) x22 0xa7349a3b
core   0: 0x8000aaf8 (0x402ad633) sra     a2, s5, sp
core   0: 3 0x8000aaf8 (0x402ad633) x12 0x0000000c
core   0: 0x8000aafc (0x010b5993) srli    s3, s6, 16
core   0: 3 0x8000aafc (0x010b5993) x19 0x0000a734
core   0: 0x8000ab00 (0x00000013) nop
core   0: 3 0x8000ab00 (0x00000013)
core   0: 0x8000ab04 (0x41208933) sub     s2, ra, s2
core   0: 3 0x8000ab04 (0x41208933) x18 0x00000001
core   0: 0x8000ab08 (0x01c49db3) sll     s11, s1, t3
core   0: 3 0x8000ab08 (0x01c49db3) x27 0x00000000
core   0: 0x8000ab0c (0xc36c3593) sltiu   a1, s8, -970
core   0: 3 0x8000ab0c (0xc36c3593) x11 0x00000001
core   0: 0x8000ab10 (0x00ddf3b3) and     t2, s11, a3
core   0: 3 0x8000ab10 (0x00ddf3b3) x 7 0x00000000
core   0: 0x8000ab14 (0x003f4f33) xor     t5, t5, gp
core   0: 3 0x8000ab14 (0x003f4f33) x30 0x63743201
core   0: 0x8000ab18 (0xcb454e93) xori    t4, a0, -844
core   0: 3 0x8000ab18 (0xcb454e93) x29 0x1551973e
core   0: 0x8000ab1c (0x0125d933) srl     s2, a1, s2
core   0: 3 0x8000ab1c (0x0125d933) x18 0x00000000
core   0: 0x8000ab20 (0x00000013) nop
core   0: 3 0x8000ab20 (0x00000013)
core   0: 0x8000ab24 (0x9173e8b7) lui     a7, 0x9173e
core   0: 3 0x8000ab24 (0x9173e8b7) x17 0x9173e000
core   0: 0x8000ab28 (0x1b49c4b7) lui     s1, 0x1b49c
core   0: 3 0x8000ab28 (0x1b49c4b7) x 9 0x1b49c000
core   0: 0x8000ab2c (0xc4b5c813) xori    a6, a1, -949
core   0: 3 0x8000ab2c (0xc4b5c813) x16 0xfffffc4a
core   0: 0x8000ab30 (0x06755e97) auipc   t4, 0x6755
core   0: 3 0x8000ab30 (0x06755e97) x29 0x8675fb30
core   0: 0x8000ab34 (0x00d85d93) srli    s11, a6, 13
core   0: 3 0x8000ab34 (0x00d85d93) x27 0x0007ffff
core   0: 0x8000ab38 (0x00175033) srl     zero, a4, ra
core   0: 3 0x8000ab38 (0x00175033)
core   0: 0x8000ab3c (0x01fbd6b3) srl     a3, s7, t6
core   0: 3 0x8000ab3c (0x01fbd6b3) x13 0x00000000
core   0: 0x8000ab40 (0x409d0533) sub     a0, s10, s1
core   0: 3 0x8000ab40 (0x409d0533) x10 0xe4b64004
core   0: 0x8000ab44 (0x012e4c33) xor     s8, t3, s2
core   0: 3 0x8000ab44 (0x012e4c33) x24 0x00000001
core   0: 0x8000ab48 (0x4d1c8593) addi    a1, s9, 1233
core   0: 3 0x8000ab48 (0x4d1c8593) x11 0xffff536c
core   0: 0x8000ab4c (0xd041fe13) andi    t3, gp, -764
core   0: 3 0x8000ab4c (0xd041fe13) x28 0x63743000
core   0: 0x8000ab50 (0x11760d13) addi    s10, a2, 279
core   0: 3 0x8000ab50 (0x11760d13) x26 0x00000123
core   0: 0x8000ab54 (0x01b17a33) and     s4, sp, s11
core   0: 3 0x8000ab54 (0x01b17a33) x20 0x0000ca3b
core   0: 0x8000ab58 (0x00d87633) and     a2, a6, a3
core   0: 3 0x8000ab58 (0x00d87633) x12 0x00000000
core   0: 0x8000ab5c (0x01ba0233) add     tp, s4, s11
core   0: 3 0x8000ab5c (0x01ba0233) x 4 0x0008ca3a
core   0: 0x8000ab60 (0x006a1e13) slli    t3, s4, 6
core   0: 3 0x8000ab60 (0x006a1e13) x28 0x00328ec0
core   0: 0x8000ab64 (0x08dca237) lui     tp, 0x8dca
core   0: 3 0x8000ab64 (0x08dca237) x 4 0x08dca000
core   0: 0x8000ab68 (0xd7eabc13) sltiu   s8, s5, -642
core   0: 3 0x8000ab68 (0xd7eabc13) x24 0x00000001
core   0: 0x8000ab6c (0x00175613) srli    a2, a4, 1
core   0: 3 0x8000ab6c (0x00175613) x12 0x40008732
core   0: 0x8000ab70 (0x013b5913) srli    s2, s6, 19
core   0: 3 0x8000ab70 (0x013b5913) x18 0x000014e6
core   0: 0x8000ab74 (0x002cdcb3) srl     s9, s9, sp
core   0: 3 0x8000ab74 (0x002cdcb3) x25 0x0000001f
core   0: 0x8000ab78 (0x005dfb33) and     s6, s11, t0
core   0: 3 0x8000ab78 (0x005dfb33) x22 0x00000000
core   0: 0x8000ab7c (0x01e4bf33) sltu    t5, s1, t5
core   0: 3 0x8000ab7c (0x01e4bf33) x30 0x00000001
core   0: 0x8000ab80 (0x3d986293) ori     t0, a6, 985
core   0: 3 0x8000ab80 (0x3d986293) x 5 0xffffffdb
core   0: 0x8000ab84 (0x407e0cb3) sub     s9, t3, t2
core   0: 3 0x8000ab84 (0x407e0cb3) x25 0x00328ec0
core   0: 0x8000ab88 (0x41e6dab3) sra     s5, a3, t5
core   0: 3 0x8000ab88 (0x41e6dab3) x21 0x00000000
core   0: 0x8000ab8c (0x00b21b93) slli    s7, tp, 11
core   0: 3 0x8000ab8c (0x00b21b93) x23 0xe5000000
core   0: 0x8000ab90 (0x2b7541b7) lui     gp, 0x2b754
core   0: 3 0x8000ab90 (0x2b7541b7) x 3 0x2b754000
core   0: 0x8000ab94 (0x00524633) xor     a2, tp, t0
core   0: 3 0x8000ab94 (0x00524633) x12 0xf7235fdb
core   0: 0x8000ab98 (0x009c25b3) slt     a1, s8, s1
core   0: 3 0x8000ab98 (0x009c25b3) x11 0x00000001
core   0: 0x8000ab9c (0x015a0bb3) add     s7, s4, s5
core   0: 3 0x8000ab9c (0x015a0bb3) x23 0x0000ca3b
core   0: 0x8000aba0 (0x012345b3) xor     a1, t1, s2
core   0: 3 0x8000aba0 (0x012345b3) x11 0xffffeb08
core   0: 0x8000aba4 (0x00e88433) add     s0, a7, a4
core   0: 3 0x8000aba4 (0x00e88433) x 8 0x1174ee64
core   0: 0x8000aba8 (0x0143c333) xor     t1, t2, s4
core   0: 3 0x8000aba8 (0x0143c333) x 6 0x0000ca3b
core   0: 0x8000abac (0x00ac39b3) sltu    s3, s8, a0
core   0: 3 0x8000abac (0x00ac39b3) x19 0x00000001
core   0: 0x8000abb0 (0x0012e5b3) or      a1, t0, ra
core   0: 3 0x8000abb0 (0x0012e5b3) x11 0xffffffdb
core   0: 0x8000abb4 (0xeaa46113) ori     sp, s0, -342
core   0: 3 0x8000abb4 (0xeaa46113) x 2 0xfffffeee
core   0: 0x8000abb8 (0x01093833) sltu    a6, s2, a6
core   0: 3 0x8000abb8 (0x01093833) x16 0x00000001
core   0: 0x8000abbc (0x01d32b33) slt     s6, t1, t4
core   0: 3 0x8000abbc (0x01d32b33) x22 0x00000000
core   0: 0x8000abc0 (0x406bd193) srai    gp, s7, 6
core   0: 3 0x8000abc0 (0x406bd193) x 3 0x00000328
core   0: 0x8000abc4 (0x01eade33) srl     t3, s5, t5
core   0: 3 0x8000abc4 (0x01eade33) x28 0x00000000
core   0: 0x8000abc8 (0x0125c2b3) xor     t0, a1, s2
core   0: 3 0x8000abc8 (0x0125c2b3) x 5 0xffffeb3d
core   0: 0x8000abcc (0x005ad9b3) srl     s3, s5, t0
core   0: 3 0x8000abcc (0x005ad9b3) x19 0x00000000
core   0: 0x8000abd0 (0x0000b333) sltu    t1, ra, zero
core   0: 3 0x8000abd0 (0x0000b333) x 6 0x00000000
core   0: 0x8000abd4 (0xa14e9397) auipc   t2, 0xa14e9
core   0: 3 0x8000abd4 (0xa14e9397) x 7 0x214f3bd4
core   0: 0x8000abd8 (0x0036b933) sltu    s2, a3, gp
core   0: 3 0x8000abd8 (0x0036b933) x18 0x00000001
core   0: 0x8000abdc (0x40b9d1b3) sra     gp, s3, a1
core   0: 3 0x8000abdc (0x40b9d1b3) x 3 0x00000000
core   0: 0x8000abe0 (0x40eb5093) srai    ra, s6, 14
core   0: 3 0x8000abe0 (0x40eb5093) x 1 0x00000000
core   0: 0x8000abe4 (0x01eedc93) srli    s9, t4, 30
core   0: 3 0x8000abe4 (0x01eedc93) x25 0x00000002
core   0: 0x8000abe8 (0x419881b3) sub     gp, a7, s9
core   0: 3 0x8000abe8 (0x419881b3) x 3 0x9173dffe
core   0: 0x8000abec (0x00655613) srli    a2, a0, 6
core   0: 3 0x8000abec (0x00655613) x12 0x0392d900
core   0: 0x8000abf0 (0x00bf5233) srl     tp, t5, a1
core   0: 3 0x8000abf0 (0x00bf5233) x 4 0x00000000
core   0: 0x8000abf4 (0x00301093) slli    ra, zero, 3
core   0: 3 0x8000abf4 (0x00301093) x 1 0x00000000
core   0: 0x8000abf8 (0x01205193) srli    gp, zero, 18
core   0: 3 0x8000abf8 (0x01205193) x 3 0x00000000
core   0: 0x8000abfc (0x003e5633) srl     a2, t3, gp
core   0: 3 0x8000abfc (0x003e5633) x12 0x00000000
core   0: 0x8000ac00 (0x0035cdb3) xor     s11, a1, gp
core   0: 3 0x8000ac00 (0x0035cdb3) x27 0xffffffdb
core   0: 0x8000ac04 (0xbd57e993) ori     s3, a5, -1067
core   0: 3 0x8000ac04 (0xbd57e993) x19 0xfffffbff
core   0: 0x8000ac08 (0x00000013) nop
core   0: 3 0x8000ac08 (0x00000013)
core   0: 0x8000ac0c (0x9e4a3593) sltiu   a1, s4, -1564
core   0: 3 0x8000ac0c (0x9e4a3593) x11 0x00000001
core   0: 0x8000ac10 (0x88caa6b7) lui     a3, 0x88caa
core   0: 3 0x8000ac10 (0x88caa6b7) x13 0x88caa000
core   0: 0x8000ac14 (0xc32d6d13) ori     s10, s10, -974
core   0: 3 0x8000ac14 (0xc32d6d13) x26 0xfffffd33
core   0: 0x8000ac18 (0xca217393) andi    t2, sp, -862
core   0: 3 0x8000ac18 (0xca217393) x 7 0xfffffca2
core   0: 0x8000ac1c (0x007dd513) srli    a0, s11, 7
core   0: 3 0x8000ac1c (0x007dd513) x10 0x01ffffff
core   0: 0x8000ac20 (0xa406e893) ori     a7, a3, -1472
core   0: 3 0x8000ac20 (0xa406e893) x17 0xfffffa40
core   0: 0x8000ac24 (0x216b3e93) sltiu   t4, s6, 534
core   0: 3 0x8000ac24 (0x216b3e93) x29 0x00000001
core   0: 0x8000ac28 (0x0145ee33) or      t3, a1, s4
core   0: 3 0x8000ac28 (0x0145ee33) x28 0x0000ca3b
core   0: 0x8000ac2c (0xbe18eb13) ori     s6, a7, -1055
core   0: 3 0x8000ac2c (0xbe18eb13) x22 0xfffffbe1
core   0: 0x8000ac30 (0xdba70613) addi    a2, a4, -582
core   0: 3 0x8000ac30 (0xdba70613) x12 0x80010c1e
core   0: 0x8000ac34 (0x0090d413) srli    s0, ra, 9
core   0: 3 0x8000ac34 (0x0090d413) x 8 0x00000000
core   0: 0x8000ac38 (0x92c42b13) slti    s6, s0, -1748
core   0: 3 0x8000ac38 (0x92c42b13) x22 0x00000000
core   0: 0x8000ac3c (0x00000013) nop
core   0: 3 0x8000ac3c (0x00000013)
core   0: 0x8000ac40 (0x40e1d4b3) sra     s1, gp, a4
core   0: 3 0x8000ac40 (0x40e1d4b3) x 9 0x00000000
core   0: 0x8000ac44 (0x559d3093) sltiu   ra, s10, 1369
core   0: 3 0x8000ac44 (0x559d3093) x 1 0x00000000
core   0: 0x8000ac48 (0x001fdb13) srli    s6, t6, 1
core   0: 3 0x8000ac48 (0x001fdb13) x22 0x4000a672
core   0: 0x8000ac4c (0x010a5f33) srl     t5, s4, a6
core   0: 3 0x8000ac4c (0x010a5f33) x30 0x0000651d
core   0: 0x8000ac50 (0x00bc68b3) or      a7, s8, a1
core   0: 3 0x8000ac50 (0x00bc68b3) x17 0x00000001
core   0: 0x8000ac54 (0x014f7e33) and     t3, t5, s4
core   0: 3 0x8000ac54 (0x014f7e33) x28 0x00004019
core   0: 0x8000ac58 (0xaf724c13) xori    s8, tp, -1289
core   0: 3 0x8000ac58 (0xaf724c13) x24 0xfffffaf7
core   0: 0x8000ac5c (0x411fdd33) sra     s10, t6, a7
core   0: 3 0x8000ac5c (0x411fdd33) x26 0xc000a672
core   0: 0x8000ac60 (0x014c6333) or      t1, s8, s4
core   0: 3 0x8000ac60 (0x014c6333) x 6 0xfffffaff
core   0: 0x8000ac64 (0x01f44bb3) xor     s7, s0, t6
core   0: 3 0x8000ac64 (0x01f44bb3) x23 0x80014ce4
core   0: 0x8000ac68 (0x00000013) nop
core   0: 3 0x8000ac68 (0x00000013)
core   0: 0x8000ac6c (0x410281b3) sub     gp, t0, a6
core   0: 3 0x8000ac6c (0x410281b3) x 3 0xffffeb3c
core   0: 0x8000ac70 (0x01b30a33) add     s4, t1, s11
core   0: 3 0x8000ac70 (0x01b30a33) x20 0xfffffada
core   0: 0x8000ac74 (0x95398b93) addi    s7, s3, -1709
core   0: 3 0x8000ac74 (0x95398b93) x23 0xfffff552
core   0: 0x8000ac78 (0x010c5513) srli    a0, s8, 16
core   0: 3 0x8000ac78 (0x010c5513) x10 0x0000ffff
core   0: 0x8000ac7c (0x40f95833) sra     a6, s2, a5
core   0: 3 0x8000ac7c (0x40f95833) x16 0x00000000
core   0: 0x8000ac80 (0x1e62a913) slti    s2, t0, 486
core   0: 3 0x8000ac80 (0x1e62a913) x18 0x00000001
core   0: 0x8000ac84 (0xc272fc13) andi    s8, t0, -985
core   0: 3 0x8000ac84 (0xc272fc13) x24 0xffffe825
core   0: 0x8000ac88 (0x03b5c937) lui     s2, 0x3b5c
core   0: 3 0x8000ac88 (0x03b5c937) x18 0x03b5c000
core   0: 0x8000ac8c (0x00c5a9b3) slt     s3, a1, a2
core   0: 3 0x8000ac8c (0x00c5a9b3) x19 0x00000000
core   0: 0x8000ac90 (0xf8203313) sltiu   t1, zero, -126
core   0: 3 0x8000ac90 (0xf8203313) x 6 0x00000001
core   0: 0x8000ac94 (0x4ce04c37) lui     s8, 0x4ce04
core   0: 3 0x8000ac94 (0x4ce04c37) x24 0x4ce04000
core   0: 0x8000ac98 (0x01cf6f33) or      t5, t5, t3
core   0: 3 0x8000ac98 (0x01cf6f33) x30 0x0000651d
core   0: 0x8000ac9c (0x00bcd3b3) srl     t2, s9, a1
core   0: 3 0x8000ac9c (0x00bcd3b3) x 7 0x00000001
core   0: 0x8000aca0 (0x3f3c4593) xori    a1, s8, 1011
core   0: 3 0x8000aca0 (0x3f3c4593) x11 0x4ce043f3
core   0: 0x8000aca4 (0x003774b3) and     s1, a4, gp
core   0: 3 0x8000aca4 (0x003774b3) x 9 0x80010a24
core   0: 0x8000aca8 (0x004d18b3) sll     a7, s10, tp
core   0: 3 0x8000aca8 (0x004d18b3) x17 0xc000a672
core   0: 0x8000acac (0x01489093) slli    ra, a7, 20
core   0: 3 0x8000acac (0x01489093) x 1 0x67200000
core   0: 0x8000acb0 (0x6f680a93) addi    s5, a6, 1782
core   0: 3 0x8000acb0 (0x6f680a93) x21 0x000006f6
core   0: 0x8000acb4 (0xe1bffc13) andi    s8, t6, -485
core   0: 3 0x8000acb4 (0xe1bffc13) x24 0x80014c00
core   0: 0x8000acb8 (0x00000013) nop
core   0: 3 0x8000acb8 (0x00000013)
core   0: 0x8000acbc (0xc63ac893) xori    a7, s5, -925
core   0: 3 0x8000acbc (0xc63ac893) x17 0xfffffa95
core   0: 0x8000acc0 (0x005d5f33) srl     t5, s10, t0
core   0: 3 0x8000acc0 (0x005d5f33) x30 0x00000006
core   0: 0x8000acc4 (0x2025f5b7) lui     a1, 0x2025f
core   0: 3 0x8000acc4 (0x2025f5b7) x11 0x2025f000
core   0: 0x8000acc8 (0x0175d9b3) srl     s3, a1, s7
core   0: 3 0x8000acc8 (0x0175d9b3) x19 0x00000809
core   0: 0x8000accc (0x1a440b93) addi    s7, s0, 420
core   0: 3 0x8000accc (0x1a440b93) x23 0x000001a4
core   0: 0x8000acd0 (0x47b6f093) andi    ra, a3, 1147
core   0: 3 0x8000acd0 (0x47b6f093) x 1 0x00000000
core   0: 0x8000acd4 (0x009d3633) sltu    a2, s10, s1
core   0: 3 0x8000acd4 (0x009d3633) x12 0x00000000
core   0: 0x8000acd8 (0x15dce893) ori     a7, s9, 349
core   0: 3 0x8000acd8 (0x15dce893) x17 0x0000015f
core   0: 0x8000acdc (0x007dc3b3) xor     t2, s11, t2
core   0: 3 0x8000acdc (0x007dc3b3) x 7 0xffffffda
core   0: 0x8000ace0 (0x7a7aaf13) slti    t5, s5, 1959
core   0: 3 0x8000ace0 (0x7a7aaf13) x30 0x00000001
core   0: 0x8000ace4 (0x00000013) nop
core   0: 3 0x8000ace4 (0x00000013)
core   0: 0x8000ace8 (0x00b7d2b3) srl     t0, a5, a1
core   0: 3 0x8000ace8 (0x00b7d2b3) x 5 0xff4e9b7e
core   0: 0x8000acec (0xd0d31db7) lui     s11, 0xd0d31
core   0: 3 0x8000acec (0xd0d31db7) x27 0xd0d31000
core   0: 0x8000acf0 (0x00251533) sll     a0, a0, sp
core   0: 3 0x8000acf0 (0x00251533) x10 0x3fffc000
core   0: 0x8000acf4 (0x64c3a513) slti    a0, t2, 1612
core   0: 3 0x8000acf4 (0x64c3a513) x10 0x00000001
core   0: 0x8000acf8 (0x000561b3) or      gp, a0, zero
core   0: 3 0x8000acf8 (0x000561b3) x 3 0x00000001
core   0: 0x8000acfc (0xaea40d93) addi    s11, s0, -1302
core   0: 3 0x8000acfc (0xaea40d93) x27 0xfffffaea
core   0: 0x8000ad00 (0x00ca1693) slli    a3, s4, 12
core   0: 3 0x8000ad00 (0x00ca1693) x13 0xffada000
core   0: 0x8000ad04 (0x07dd6393) ori     t2, s10, 125
core   0: 3 0x8000ad04 (0x07dd6393) x 7 0xc000a67f
core   0: 0x8000ad08 (0x0130d693) srli    a3, ra, 19
core   0: 3 0x8000ad08 (0x0130d693) x13 0x00000000
core   0: 0x8000ad0c (0xaddec593) xori    a1, t4, -1315
core   0: 3 0x8000ad0c (0xaddec593) x11 0xfffffadc
core   0: 0x8000ad10 (0xb3efca13) xori    s4, t6, -1218
core   0: 3 0x8000ad10 (0xb3efca13) x20 0x7ffeb7da
core   0: 0x8000ad14 (0x019bb933) sltu    s2, s7, s9
core   0: 3 0x8000ad14 (0x019bb933) x18 0x00000000
core   0: 0x8000ad18 (0x010cef33) or      t5, s9, a6
core   0: 3 0x8000ad18 (0x010cef33) x30 0x00000002
core   0: 0x8000ad1c (0x01572533) slt     a0, a4, s5
core   0: 3 0x8000ad1c (0x01572533) x10 0x00000001
core   0: 0x8000ad20 (0x417a0233) sub     tp, s4, s7
core   0: 3 0x8000ad20 (0x417a0233) x 4 0x7ffeb636
core   0: 0x8000ad24 (0x01ae1193) slli    gp, t3, 26
core   0: 3 0x8000ad24 (0x01ae1193) x 3 0x64000000
core   0: 0x8000ad28 (0x41ccddb3) sra     s11, s9, t3
core   0: 3 0x8000ad28 (0x41ccddb3) x27 0x00000000
core   0: 0x8000ad2c (0x00f391b3) sll     gp, t2, a5
core   0: 3 0x8000ad2c (0x00f391b3) x 3 0xc0000000
core   0: 0x8000ad30 (0x01c92ab3) slt     s5, s2, t3
core   0: 3 0x8000ad30 (0x01c92ab3) x21 0x00000001
core   0: 0x8000ad34 (0x0095e4b3) or      s1, a1, s1
core   0: 3 0x8000ad34 (0x0095e4b3) x 9 0xfffffafc
core   0: 0x8000ad38 (0x01b66833) or      a6, a2, s11
core   0: 3 0x8000ad38 (0x01b66833) x16 0x00000000
core   0: 0x8000ad3c (0x00420433) add     s0, tp, tp
core   0: 3 0x8000ad3c (0x00420433) x 8 0xfffd6c6c
core   0: 0x8000ad40 (0x63f24917) auipc   s2, 0x63f24
core   0: 3 0x8000ad40 (0x63f24917) x18 0xe3f2ed40
core   0: 0x8000ad44 (0x73e78193) addi    gp, a5, 1854
core   0: 3 0x8000ad44 (0x73e78193) x 3 0xff4ea2bc
core   0: 0x8000ad48 (0x00c93933) sltu    s2, s2, a2
core   0: 3 0x8000ad48 (0x00c93933) x18 0x00000000
core   0: 0x8000ad4c (0xdc82d917) auipc   s2, 0xdc82d
core   0: 3 0x8000ad4c (0xdc82d917) x18 0x5c837d4c
core   0: 0x8000ad50 (0x01c65a13) srli    s4, a2, 28
core   0: 3 0x8000ad50 (0x01c65a13) x20 0x00000000
core   0: 0x8000ad54 (0x005590b3) sll     ra, a1, t0
core   0: 3 0x8000ad54 (0x005590b3) x 1 0x00000000
core   0: 0x8000ad58 (0xa285e513) ori     a0, a1, -1496
core   0: 3 0x8000ad58 (0xa285e513) x10 0xfffffafc
core   0: 0x8000ad5c (0x401d54b3) sra     s1, s10, ra
core   0: 3 0x8000ad5c (0x401d54b3) x 9 0xc000a672
core   0: 0x8000ad60 (0x0106f6b3) and     a3, a3, a6
core   0: 3 0x8000ad60 (0x0106f6b3) x13 0x00000000
core   0: 0x8000ad64 (0xf812c313) xori    t1, t0, -127
core   0: 3 0x8000ad64 (0xf812c313) x 6 0x00b164ff
core   0: 0x8000ad68 (0xc536c313) xori    t1, a3, -941
core   0: 3 0x8000ad68 (0xc536c313) x 6 0xfffffc53
core   0: 0x8000ad6c (0x004c1513) slli    a0, s8, 4
core   0: 3 0x8000ad6c (0x004c1513) x10 0x0014c000
core   0: 0x8000ad70 (0x2ad26593) ori     a1, tp, 685
core   0: 3 0x8000ad70 (0x2ad26593) x11 0x7ffeb6bf
core   0: 0x8000ad74 (0xa629ab93) slti    s7, s3, -1438
core   0: 3 0x8000ad74 (0xa629ab93) x23 0x00000000
core   0: 0x8000ad78 (0x01e73b33) sltu    s6, a4, t5
core   0: 3 0x8000ad78 (0x01e73b33) x22 0x00000000
core   0: 0x8000ad7c (0x01720c33) add     s8, tp, s7
core   0: 3 0x8000ad7c (0x01720c33) x24 0x7ffeb636
core   0: 0x8000ad80 (0x73234693) xori    a3, t1, 1842
core   0: 3 0x8000ad80 (0x73234693) x13 0xfffffb61
core   0: 0x8000ad84 (0xdbbd3e93) sltiu   t4, s10, -581
core   0: 3 0x8000ad84 (0xdbbd3e93) x29 0x00000001
core   0: 0x8000ad88 (0x01dd4b33) xor     s6, s10, t4
core   0: 3 0x8000ad88 (0x01dd4b33) x22 0xc000a673
core   0: 0x8000ad8c (0x006d5433) srl     s0, s10, t1
core   0: 3 0x8000ad8c (0x006d5433) x 8 0x00001800
core   0: 0x8000ad90 (0x01229893) slli    a7, t0, 18
core   0: 3 0x8000ad90 (0x01229893) x17 0x6df80000
core   0: 0x8000ad94 (0x31dee313) ori     t1, t4, 797
core   0: 3 0x8000ad94 (0x31dee313) x 6 0x0000031d
core   0: 0x8000ad98 (0x425f4013) xori    zero, t5, 1061
core   0: 3 0x8000ad98 (0x425f4013)
core   0: 0x8000ad9c (0x4ea4e693) ori     a3, s1, 1258
core   0: 3 0x8000ad9c (0x4ea4e693) x13 0xc000a6fa
core   0: 0x8000ada0 (0x95d23a13) sltiu   s4, tp, -1699
core   0: 3 0x8000ada0 (0x95d23a13) x20 0x00000001
core   0: 0x8000ada4 (0x3607a537) lui     a0, 0x3607a
core   0: 3 0x8000ada4 (0x3607a537) x10 0x3607a000
core   0: 0x8000ada8 (0x01f25233) srl     tp, tp, t6
core   0: 3 0x8000ada8 (0x01f25233) x 4 0x07ffeb63
core   0: 0x8000adac (0xe2a58813) addi    a6, a1, -470
core   0: 3 0x8000adac (0xe2a58813) x16 0x7ffeb4e9
core   0: 0x8000adb0 (0x019ea433) slt     s0, t4, s9
core   0: 3 0x8000adb0 (0x019ea433) x 8 0x00000001
core   0: 0x8000adb4 (0x5599c413) xori    s0, s3, 1369
core   0: 3 0x8000adb4 (0x5599c413) x 8 0x00000d50
core   0: 0x8000adb8 (0x4124d013) srai    zero, s1, 18
core   0: 3 0x8000adb8 (0x4124d013)
core   0: 0x8000adbc (0x003d9613) slli    a2, s11, 3
core   0: 3 0x8000adbc (0x003d9613) x12 0x00000000
core   0: 0x8000adc0 (0x006a1333) sll     t1, s4, t1
core   0: 3 0x8000adc0 (0x006a1333) x 6 0x20000000
core   0: 0x8000adc4 (0xfc798193) addi    gp, s3, -57
core   0: 3 0x8000adc4 (0xfc798193) x 3 0x000007d0
core   0: 0x8000adc8 (0x00000013) nop
core   0: 3 0x8000adc8 (0x00000013)
core   0: 0x8000adcc (0xabff6f13) ori     t5, t5, -1345
core   0: 3 0x8000adcc (0xabff6f13) x30 0xfffffabf
core   0: 0x8000add0 (0x00e062b3) or      t0, zero, a4
core   0: 3 0x8000add0 (0x00e062b3) x 5 0x80010e64
core   0: 0x8000add4 (0xc8c82937) lui     s2, 0xc8c82
core   0: 3 0x8000add4 (0xc8c82937) x18 0xc8c82000
core   0: 0x8000add8 (0x00000013) nop
core   0: 3 0x8000add8 (0x00000013)
core   0: 0x8000addc (0x409a03b3) sub     t2, s4, s1
core   0: 3 0x8000addc (0x409a03b3) x 7 0x3fff598f
core   0: 0x8000ade0 (0x0086f633) and     a2, a3, s0
core   0: 3 0x8000ade0 (0x0086f633) x12 0x00000450
core   0: 0x8000ade4 (0x007d40b3) xor     ra, s10, t2
core   0: 3 0x8000ade4 (0x007d40b3) x 1 0xfffffffd
core   0: 0x8000ade8 (0x00e48133) add     sp, s1, a4
core   0: 3 0x8000ade8 (0x00e48133) x 2 0x4001b4d6
core   0: 0x8000adec (0x41d300b3) sub     ra, t1, t4
core   0: 3 0x8000adec (0x41d300b3) x 1 0x1fffffff
core   0: 0x8000adf0 (0x00e221b3) slt     gp, tp, a4
core   0: 3 0x8000adf0 (0x00e221b3) x 3 0x00000000
core   0: 0x8000adf4 (0x01e8de93) srli    t4, a7, 30
core   0: 3 0x8000adf4 (0x01e8de93) x29 0x00000001
core   0: 0x8000adf8 (0x01936833) or      a6, t1, s9
core   0: 3 0x8000adf8 (0x01936833) x16 0x20000002
core   0: 0x8000adfc (0x00fda833) slt     a6, s11, a5
core   0: 3 0x8000adfc (0x00fda833) x16 0x00000000
core   0: 0x8000ae00 (0x006dceb3) xor     t4, s11, t1
core   0: 3 0x8000ae00 (0x006dceb3) x29 0x20000000
core   0: 0x8000ae04 (0x014139b3) sltu    s3, sp, s4
core   0: 3 0x8000ae04 (0x014139b3) x19 0x00000000
core   0: 0x8000ae08 (0x0134d413) srli    s0, s1, 19
core   0: 3 0x8000ae08 (0x0134d413) x 8 0x00001800
core   0: 0x8000ae0c (0x01811a13) slli    s4, sp, 24
core   0: 3 0x8000ae0c (0x01811a13) x20 0xd6000000
core   0: 0x8000ae10 (0x00000013) nop
core   0: 3 0x8000ae10 (0x00000013)
core   0: 0x8000ae14 (0xdc45c693) xori    a3, a1, -572
core   0: 3 0x8000ae14 (0xdc45c693) x13 0x80014b7b
core   0: 0x8000ae18 (0x00676833) or      a6, a4, t1
core   0: 3 0x8000ae18 (0x00676833) x16 0xa0010e64
core   0: 0x8000ae1c (0x013370b3) and     ra, t1, s3
core   0: 3 0x8000ae1c (0x013370b3) x 1 0x00000000
core   0: 0x8000ae20 (0x00633eb3) sltu    t4, t1, t1
core   0: 3 0x8000ae20 (0x00633eb3) x29 0x00000000
core   0: 0x8000ae24 (0x005916b3) sll     a3, s2, t0
core   0: 3 0x8000ae24 (0x005916b3) x13 0x8c820000
core   0: 0x8000ae28 (0x1daa2d13) slti    s10, s4, 474
core   0: 3 0x8000ae28 (0x1daa2d13) x26 0x00000001
core   0: 0x8000ae2c (0x00000013) nop
core   0: 3 0x8000ae2c (0x00000013)
core   0: 0x8000ae30 (0x0105dc33) srl     s8, a1, a6
core   0: 3 0x8000ae30 (0x0105dc33) x24 0x07ffeb6b
core   0: 0x8000ae34 (0xe673ce93) xori    t4, t2, -409
core   0: 3 0x8000ae34 (0xe673ce93) x29 0xc000a7e8
core   0: 0x8000ae38 (0x568cff17) auipc   t5, 0x568cf
core   0: 3 0x8000ae38 (0x568cff17) x30 0xd68d9e38
core   0: 0x8000ae3c (0x01f9af33) slt     t5, s3, t6
core   0: 3 0x8000ae3c (0x01f9af33) x30 0x00000000
core   0: 0x8000ae40 (0xba1fa5b7) lui     a1, 0xba1fa
core   0: 3 0x8000ae40 (0xba1fa5b7) x11 0xba1fa000
core   0: 0x8000ae44 (0x01b3f333) and     t1, t2, s11
core   0: 3 0x8000ae44 (0x01b3f333) x 6 0x00000000
core   0: 0x8000ae48 (0x00ad9b33) sll     s6, s11, a0
core   0: 3 0x8000ae48 (0x00ad9b33) x22 0x00000000
core   0: 0x8000ae4c (0x01c97cb3) and     s9, s2, t3
core   0: 3 0x8000ae4c (0x01c97cb3) x25 0x00000000
core   0: 0x8000ae50 (0x0104f3b3) and     t2, s1, a6
core   0: 3 0x8000ae50 (0x0104f3b3) x 7 0x80000660
core   0: 0x8000ae54 (0x01baf633) and     a2, s5, s11
core   0: 3 0x8000ae54 (0x01baf633) x12 0x00000000
core   0: 0x8000ae58 (0xe0a02d13) slti    s10, zero, -502
core   0: 3 0x8000ae58 (0xe0a02d13) x26 0x00000000
core   0: 0x8000ae5c (0x9159fe37) lui     t3, 0x9159f
core   0: 3 0x8000ae5c (0x9159fe37) x28 0x9159f000
core   0: 0x8000ae60 (0x00000013) nop
core   0: 3 0x8000ae60 (0x00000013)
core   0: 0x8000ae64 (0x59c9ce13) xori    t3, s3, 1436
core   0: 3 0x8000ae64 (0x59c9ce13) x28 0x0000059c
core   0: 0x8000ae68 (0x01aa9db3) sll     s11, s5, s10
core   0: 3 0x8000ae68 (0x01aa9db3) x27 0x00000001
core   0: 0x8000ae6c (0x7329bd13) sltiu   s10, s3, 1842
core   0: 3 0x8000ae6c (0x7329bd13) x26 0x00000001
core   0: 0x8000ae70 (0x418fd313) srai    t1, t6, 24
core   0: 3 0x8000ae70 (0x418fd313) x 6 0xffffff80
core   0: 0x8000ae74 (0x01d01a33) sll     s4, zero, t4
core   0: 3 0x8000ae74 (0x01d01a33) x20 0x00000000
core   0: 0x8000ae78 (0x0062abb3) slt     s7, t0, t1
core   0: 3 0x8000ae78 (0x0062abb3) x23 0x00000001
core   0: 0x8000ae7c (0x01cc5f13) srli    t5, s8, 28
core   0: 3 0x8000ae7c (0x01cc5f13) x30 0x00000000
core   0: 0x8000ae80 (0x893bb093) sltiu   ra, s7, -1901
core   0: 3 0x8000ae80 (0x893bb093) x 1 0x00000001
core   0: 0x8000ae84 (0xffe0bf13) sltiu   t5, ra, -2
core   0: 3 0x8000ae84 (0xffe0bf13) x30 0x00000001
core   0: 0x8000ae88 (0x00000013) nop
core   0: 3 0x8000ae88 (0x00000013)
core   0: 0x8000ae8c (0xfd5eb0b7) lui     ra, 0xfd5eb
core   0: 3 0x8000ae8c (0xfd5eb0b7) x 1 0xfd5eb000
core   0: 0x8000ae90 (0x00000013) nop
core   0: 3 0x8000ae90 (0x00000013)
core   0: 0x8000ae94 (0x084da513) slti    a0, s11, 132
core   0: 3 0x8000ae94 (0x084da513) x10 0x00000001
core   0: 0x8000ae98 (0x7cc765b7) lui     a1, 0x7cc76
core   0: 3 0x8000ae98 (0x7cc765b7) x11 0x7cc76000
core   0: 0x8000ae9c (0x0195de33) srl     t3, a1, s9
core   0: 3 0x8000ae9c (0x0195de33) x28 0x7cc76000
core   0: 0x8000aea0 (0x00000013) nop
core   0: 3 0x8000aea0 (0x00000013)
core   0: 0x8000aea4 (0x03b0ad93) slti    s11, ra, 59
core   0: 3 0x8000aea4 (0x03b0ad93) x27 0x00000001
core   0: 0x8000aea8 (0xee522b93) slti    s7, tp, -283
core   0: 3 0x8000aea8 (0xee522b93) x23 0x00000000
core   0: 0x8000aeac (0x13482193) slti    gp, a6, 308
core   0: 3 0x8000aeac (0x13482193) x 3 0x00000001
core   0: 0x8000aeb0 (0xdabd4917) auipc   s2, 0xdabd4
core   0: 3 0x8000aeb0 (0xdabd4917) x18 0x5abdeeb0
core   0: 0x8000aeb4 (0x41e2d613) srai    a2, t0, 30
core   0: 3 0x8000aeb4 (0x41e2d613) x12 0xfffffffe
core   0: 0x8000aeb8 (0x01761513) slli    a0, a2, 23
core   0: 3 0x8000aeb8 (0x01761513) x10 0xff000000
core   0: 0x8000aebc (0x00000013) nop
core   0: 3 0x8000aebc (0x00000013)
core   0: 0x8000aec0 (0x41bd8bb3) sub     s7, s11, s11
core   0: 3 0x8000aec0 (0x41bd8bb3) x23 0x00000000
core   0: 0x8000aec4 (0x403c03b3) sub     t2, s8, gp
core   0: 3 0x8000aec4 (0x403c03b3) x 7 0x07ffeb6a
core   0: 0x8000aec8 (0x2ff44413) xori    s0, s0, 767
core   0: 3 0x8000aec8 (0x2ff44413) x 8 0x00001aff
core   0: 0x8000aecc (0x00611c33) sll     s8, sp, t1
core   0: 3 0x8000aecc (0x00611c33) x24 0x4001b4d6
core   0: 0x8000aed0 (0x61184993) xori    s3, a6, 1553
core   0: 3 0x8000aed0 (0x61184993) x19 0xa0010875
core   0: 0x8000aed4 (0x00854833) xor     a6, a0, s0
core   0: 3 0x8000aed4 (0x00854833) x16 0xff001aff
core   0: 0x8000aed8 (0x00000013) nop
core   0: 3 0x8000aed8 (0x00000013)
core   0: 0x8000aedc (0x00efc533) xor     a0, t6, a4
core   0: 3 0x8000aedc (0x00efc533) x10 0x00004280
core   0: 0x8000aee0 (0xd47d4eb7) lui     t4, 0xd47d4
core   0: 3 0x8000aee0 (0xd47d4eb7) x29 0xd47d4000
core   0: 0x8000aee4 (0xc573ee93) ori     t4, t2, -937
core   0: 3 0x8000aee4 (0xc573ee93) x29 0xffffff7f
core   0: 0x8000aee8 (0x00495b93) srli    s7, s2, 4
core   0: 3 0x8000aee8 (0x00495b93) x23 0x05abdeeb
core   0: 0x8000aeec (0x0175b3b3) sltu    t2, a1, s7
core   0: 3 0x8000aeec (0x0175b3b3) x 7 0x00000000
core   0: 0x8000aef0 (0x00a01213) slli    tp, zero, 10
core   0: 3 0x8000aef0 (0x00a01213) x 4 0x00000000
core   0: 0x8000aef4 (0x00ecef33) or      t5, s9, a4
core   0: 3 0x8000aef4 (0x00ecef33) x30 0x80010e64
core   0: 0x8000aef8 (0x00168eb3) add     t4, a3, ra
core   0: 3 0x8000aef8 (0x00168eb3) x29 0x89e0b000
core   0: 0x8000aefc (0x013576b3) and     a3, a0, s3
core   0: 3 0x8000aefc (0x013576b3) x13 0x00000000
core   0: 0x8000af00 (0x4f767d13) andi    s10, a2, 1271
core   0: 3 0x8000af00 (0x4f767d13) x26 0x000004f6
core   0: 0x8000af04 (0x011360b3) or      ra, t1, a7
core   0: 3 0x8000af04 (0x011360b3) x 1 0xffffff80
core   0: 0x8000af08 (0x00a80033) add     zero, a6, a0
core   0: 3 0x8000af08 (0x00a80033)
core   0: 0x8000af0c (0x009f5f13) srli    t5, t5, 9
core   0: 3 0x8000af0c (0x009f5f13) x30 0x00400087
core   0: 0x8000af10 (0x15d13313) sltiu   t1, sp, 349
core   0: 3 0x8000af10 (0x15d13313) x 6 0x00000000
core   0: 0x8000af14 (0x00e1b5b3) sltu    a1, gp, a4
core   0: 3 0x8000af14 (0x00e1b5b3) x11 0x00000001
core   0: 0x8000af18 (0x81cb4313) xori    t1, s6, -2020
core   0: 3 0x8000af18 (0x81cb4313) x 6 0xfffff81c
core   0: 0x8000af1c (0xb4a97093) andi    ra, s2, -1206
core   0: 3 0x8000af1c (0xb4a97093) x 1 0x5abdea00
core   0: 0x8000af20 (0x3a0f3213) sltiu   tp, t5, 928
core   0: 3 0x8000af20 (0x3a0f3213) x 4 0x00000000
core   0: 0x8000af24 (0x00000013) nop
core   0: 3 0x8000af24 (0x00000013)
core   0: 0x8000af28 (0x41e68eb3) sub     t4, a3, t5
core   0: 3 0x8000af28 (0x41e68eb3) x29 0xffbfff79
core   0: 0x8000af2c (0x006eb533) sltu    a0, t4, t1
core   0: 3 0x8000af2c (0x006eb533) x10 0x00000001
core   0: 0x8000af30 (0x0135b6b3) sltu    a3, a1, s3
core   0: 3 0x8000af30 (0x0135b6b3) x13 0x00000001
core   0: 0x8000af34 (0x00aacc33) xor     s8, s5, a0
core   0: 3 0x8000af34 (0x00aacc33) x24 0x00000000
core   0: 0x8000af38 (0xc8afbd93) sltiu   s11, t6, -886
core   0: 3 0x8000af38 (0xc8afbd93) x27 0x00000001
core   0: 0x8000af3c (0x0097e8b3) or      a7, a5, s1
core   0: 3 0x8000af3c (0x0097e8b3) x17 0xff4ebf7e
core   0: 0x8000af40 (0xe900c293) xori    t0, ra, -368
core   0: 3 0x8000af40 (0xe900c293) x 5 0xa5421490
core   0: 0x8000af44 (0x01308e33) add     t3, ra, s3
core   0: 3 0x8000af44 (0x01308e33) x28 0xfabef275
core   0: 0x8000af48 (0x00000013) nop
core   0: 3 0x8000af48 (0x00000013)
core   0: 0x8000af4c (0x00065213) srli    tp, a2, 0
core   0: 3 0x8000af4c (0x00065213) x 4 0xfffffffe
core   0: 0x8000af50 (0x01e2a5b3) slt     a1, t0, t5
core   0: 3 0x8000af50 (0x01e2a5b3) x11 0x00000001
core   0: 0x8000af54 (0x00000013) nop
core   0: 3 0x8000af54 (0x00000013)
core   0: 0x8000af58 (0x01b93633) sltu    a2, s2, s11
core   0: 3 0x8000af58 (0x01b93633) x12 0x00000000
core   0: 0x8000af5c (0x9de53a93) sltiu   s5, a0, -1570
core   0: 3 0x8000af5c (0x9de53a93) x21 0x00000001
core   0: 0x8000af60 (0x00195013) srli    zero, s2, 1
core   0: 3 0x8000af60 (0x00195013)
core   0: 0x8000af64 (0x00695013) srli    zero, s2, 6
core   0: 3 0x8000af64 (0x00695013)
core   0: 0x8000af68 (0x00a5df13) srli    t5, a1, 10
core   0: 3 0x8000af68 (0x00a5df13) x30 0x00000000
core   0: 0x8000af6c (0x17bf3093) sltiu   ra, t5, 379
core   0: 3 0x8000af6c (0x17bf3093) x 1 0x00000001
core   0: 0x8000af70 (0xb0143597) auipc   a1, 0xb0143
core   0: 3 0x8000af70 (0xb0143597) x11 0x3014df70
core   0: 0x8000af74 (0x360ef113) andi    sp, t4, 864
core   0: 3 0x8000af74 (0x360ef113) x 2 0x00000360
core   0: 0x8000af78 (0x00185b13) srli    s6, a6, 1
core   0: 3 0x8000af78 (0x00185b13) x22 0x7f800d7f
core   0: 0x8000af7c (0x113c7993) andi    s3, s8, 275
core   0: 3 0x8000af7c (0x113c7993) x19 0x00000000
core   0: 0x8000af80 (0x0e876393) ori     t2, a4, 232
core   0: 3 0x8000af80 (0x0e876393) x 7 0x80010eec
core   0: 0x8000af84 (0x00659cb3) sll     s9, a1, t1
core   0: 3 0x8000af84 (0x00659cb3) x25 0x00000000
core   0: 0x8000af88 (0x00000013) nop
core   0: 3 0x8000af88 (0x00000013)
core   0: 0x8000af8c (0x01bf8133) add     sp, t6, s11
core   0: 3 0x8000af8c (0x01bf8133) x 2 0x80014ce5
core   0: 0x8000af90 (0xa8a93013) sltiu   zero, s2, -1398
core   0: 3 0x8000af90 (0xa8a93013)
core   0: 0x8000af94 (0x00e0b933) sltu    s2, ra, a4
core   0: 3 0x8000af94 (0x00e0b933) x18 0x00000001
core   0: 0x8000af98 (0x00000013) nop
core   0: 3 0x8000af98 (0x00000013)
core   0: 0x8000af9c (0x0126d333) srl     t1, a3, s2
core   0: 3 0x8000af9c (0x0126d333) x 6 0x00000000
core   0: 0x8000afa0 (0x014ab0b3) sltu    ra, s5, s4
core   0: 3 0x8000afa0 (0x014ab0b3) x 1 0x00000000
core   0: 0x8000afa4 (0x014e1513) slli    a0, t3, 20
core   0: 3 0x8000afa4 (0x014e1513) x10 0x27500000
core   0: 0x8000afa8 (0x98472f13) slti    t5, a4, -1660
core   0: 3 0x8000afa8 (0x98472f13) x30 0x00000001
core   0: 0x8000afac (0x00c7b1b3) sltu    gp, a5, a2
core   0: 3 0x8000afac (0x00c7b1b3) x 3 0x00000000
core   0: 0x8000afb0 (0x404100b3) sub     ra, sp, tp
core   0: 3 0x8000afb0 (0x404100b3) x 1 0x80014ce7
core   0: 0x8000afb4 (0x2d1d2193) slti    gp, s10, 721
core   0: 3 0x8000afb4 (0x2d1d2193) x 3 0x00000000
core   0: 0x8000afb8 (0x01200c33) add     s8, zero, s2
core   0: 3 0x8000afb8 (0x01200c33) x24 0x00000001
core   0: 0x8000afbc (0x403bd633) sra     a2, s7, gp
core   0: 3 0x8000afbc (0x403bd633) x12 0x05abdeeb
core   0: 0x8000afc0 (0x403105b3) sub     a1, sp, gp
core   0: 3 0x8000afc0 (0x403105b3) x11 0x80014ce5
core   0: 0x8000afc4 (0x0066d333) srl     t1, a3, t1
core   0: 3 0x8000afc4 (0x0066d333) x 6 0x00000001
core   0: 0x8000afc8 (0x008e5413) srli    s0, t3, 8
core   0: 3 0x8000afc8 (0x008e5413) x 8 0x00fabef2
core   0: 0x8000afcc (0x016572b3) and     t0, a0, s6
core   0: 3 0x8000afcc (0x016572b3) x 5 0x27000000
core   0: 0x8000afd0 (0x0086d293) srli    t0, a3, 8
core   0: 3 0x8000afd0 (0x0086d293) x 5 0x00000000
core   0: 0x8000afd4 (0xc1be2d97) auipc   s11, 0xc1be2
core   0: 3 0x8000afd4 (0xc1be2d97) x27 0x41becfd4
core   0: 0x8000afd8 (0x01ad9f33) sll     t5, s11, s10
core   0: 3 0x8000afd8 (0x01ad9f33) x30 0xf5000000
core   0: 0x8000afdc (0x76ad2337) lui     t1, 0x76ad2
core   0: 3 0x8000afdc (0x76ad2337) x 6 0x76ad2000
core   0: 0x8000afe0 (0x8b352137) lui     sp, 0x8b352
core   0: 3 0x8000afe0 (0x8b352137) x 2 0x8b352000
core   0: 0x8000afe4 (0x01519b13) slli    s6, gp, 21
core   0: 3 0x8000afe4 (0x01519b13) x22 0x00000000
core   0: 0x8000afe8 (0xc2f82813) slti    a6, a6, -977
core   0: 3 0x8000afe8 (0xc2f82813) x16 0x00000001
core   0: 0x8000afec (0x019fdf13) srli    t5, t6, 25
core   0: 3 0x8000afec (0x019fdf13) x30 0x00000040
core   0: 0x8000aff0 (0x7cc2ef13) ori     t5, t0, 1996
core   0: 3 0x8000aff0 (0x7cc2ef13) x30 0x000007cc
core   0: 0x8000aff4 (0xfa196113) ori     sp, s2, -95
core   0: 3 0x8000aff4 (0xfa196113) x 2 0xffffffa1
core   0: 0x8000aff8 (0x0087ff33) and     t5, a5, s0
core   0: 3 0x8000aff8 (0x0087ff33) x30 0x004a9a72
core   0: 0x8000affc (0xa4d9a913) slti    s2, s3, -1459
core   0: 3 0x8000affc (0xa4d9a913) x18 0x00000000
core   0: 0x8000b000 (0x46494c93) xori    s9, s2, 1124
core   0: 3 0x8000b000 (0x46494c93) x25 0x00000464
core   0: 0x8000b004 (0x0106a2b3) slt     t0, a3, a6
core   0: 3 0x8000b004 (0x0106a2b3) x 5 0x00000000
core   0: 0x8000b008 (0x01b1c8b3) xor     a7, gp, s11
core   0: 3 0x8000b008 (0x01b1c8b3) x17 0x41becfd4
core   0: 0x8000b00c (0x010848b7) lui     a7, 0x1084
core   0: 3 0x8000b00c (0x010848b7) x17 0x01084000
core   0: 0x8000b010 (0x4059de93) srai    t4, s3, 5
core   0: 3 0x8000b010 (0x4059de93) x29 0x00000000
core   0: 0x8000b014 (0x416985b3) sub     a1, s3, s6
core   0: 3 0x8000b014 (0x416985b3) x11 0x00000000
core   0: 0x8000b018 (0x4b81ea13) ori     s4, gp, 1208
core   0: 3 0x8000b018 (0x4b81ea13) x20 0x000004b8
core   0: 0x8000b01c (0x00cb1813) slli    a6, s6, 12
core   0: 3 0x8000b01c (0x00cb1813) x16 0x00000000
core   0: 0x8000b020 (0x00000013) nop
core   0: 3 0x8000b020 (0x00000013)
core   0: 0x8000b024 (0x41f6d613) srai    a2, a3, 31
core   0: 3 0x8000b024 (0x41f6d613) x12 0x00000000
core   0: 0x8000b028 (0x0145e033) or      zero, a1, s4
core   0: 3 0x8000b028 (0x0145e033)
core   0: 0x8000b02c (0x1a9a8293) addi    t0, s5, 425
core   0: 3 0x8000b02c (0x1a9a8293) x 5 0x000001aa
core   0: 0x8000b030 (0x007b9c13) slli    s8, s7, 7
core   0: 3 0x8000b030 (0x007b9c13) x24 0xd5ef7580
core   0: 0x8000b034 (0x016a5f13) srli    t5, s4, 22
core   0: 3 0x8000b034 (0x016a5f13) x30 0x00000000
core   0: 0x8000b038 (0x1815d597) auipc   a1, 0x1815d
core   0: 3 0x8000b038 (0x1815d597) x11 0x98168038
core   0: 0x8000b03c (0x3ab4ce17) auipc   t3, 0x3ab4c
core   0: 3 0x8000b03c (0x3ab4ce17) x28 0xbab5703c
core   0: 0x8000b040 (0x8bdd3237) lui     tp, 0x8bdd3
core   0: 3 0x8000b040 (0x8bdd3237) x 4 0x8bdd3000
core   0: 0x8000b044 (0x013a0b33) add     s6, s4, s3
core   0: 3 0x8000b044 (0x013a0b33) x22 0x000004b8
core   0: 0x8000b048 (0xce1ec013) xori    zero, t4, -799
core   0: 3 0x8000b048 (0xce1ec013)
core   0: 0x8000b04c (0x41bf8f33) sub     t5, t6, s11
core   0: 3 0x8000b04c (0x41bf8f33) x30 0x3e427d10
core   0: 0x8000b050 (0x014404b3) add     s1, s0, s4
core   0: 3 0x8000b050 (0x014404b3) x 9 0x00fac3aa
core   0: 0x8000b054 (0x009d61b3) or      gp, s10, s1
core   0: 3 0x8000b054 (0x009d61b3) x 3 0x00fac7fe
core   0: 0x8000b058 (0x006a89b3) add     s3, s5, t1
core   0: 3 0x8000b058 (0x006a89b3) x19 0x76ad2001
core   0: 0x8000b05c (0xe3958b13) addi    s6, a1, -455
core   0: 3 0x8000b05c (0xe3958b13) x22 0x98167e71
core   0: 0x8000b060 (0x01d05333) srl     t1, zero, t4
core   0: 3 0x8000b060 (0x01d05333) x 6 0x00000000
core   0: 0x8000b064 (0xf731d937) lui     s2, 0xf731d
core   0: 3 0x8000b064 (0xf731d937) x18 0xf731d000
core   0: 0x8000b068 (0x023d2913) slti    s2, s10, 35
core   0: 3 0x8000b068 (0x023d2913) x18 0x00000000
core   0: 0x8000b06c (0xa0c46013) ori     zero, s0, -1524
core   0: 3 0x8000b06c (0xa0c46013)
core   0: 0x8000b070 (0x31471017) auipc   zero, 0x31471
core   0: 3 0x8000b070 (0x31471017)
core   0: 0x8000b074 (0x40ff8cb3) sub     s9, t6, a5
core   0: 3 0x8000b074 (0x40ff8cb3) x25 0x80b2b166
core   0: 0x8000b078 (0x47f80213) addi    tp, a6, 1151
core   0: 3 0x8000b078 (0x47f80213) x 4 0x0000047f
core   0: 0x8000b07c (0x40b2d2b3) sra     t0, t0, a1
core   0: 3 0x8000b07c (0x40b2d2b3) x 5 0x00000000
core   0: 0x8000b080 (0x02658c93) addi    s9, a1, 38
core   0: 3 0x8000b080 (0x02658c93) x25 0x9816805e
core   0: 0x8000b084 (0x015cde93) srli    t4, s9, 21
core   0: 3 0x8000b084 (0x015cde93) x29 0x000004c0
core   0: 0x8000b088 (0x40765eb3) sra     t4, a2, t2
core   0: 3 0x8000b088 (0x40765eb3) x29 0x00000000
core   0: 0x8000b08c (0x00000013) nop
core   0: 3 0x8000b08c (0x00000013)
core   0: 0x8000b090 (0x41f381b3) sub     gp, t2, t6
core   0: 3 0x8000b090 (0x41f381b3) x 3 0xffffc208
core   0: 0x8000b094 (0x89d06b93) ori     s7, zero, -1891
core   0: 3 0x8000b094 (0x89d06b93) x23 0xfffff89d
core   0: 0x8000b098 (0x01b2c5b3) xor     a1, t0, s11
core   0: 3 0x8000b098 (0x01b2c5b3) x11 0x41becfd4
core   0: 0x8000b09c (0xae144593) xori    a1, s0, -1311
core   0: 3 0x8000b09c (0xae144593) x11 0xff054413
core   0: 0x8000b0a0 (0xaf396293) ori     t0, s2, -1293
core   0: 3 0x8000b0a0 (0xaf396293) x 5 0xfffffaf3
core   0: 0x8000b0a4 (0x4141d3b3) sra     t2, gp, s4
core   0: 3 0x8000b0a4 (0x4141d3b3) x 7 0xffffffff
core   0: 0x8000b0a8 (0x01e8e2b3) or      t0, a7, t5
core   0: 3 0x8000b0a8 (0x01e8e2b3) x 5 0x3f4a7d10
core   0: 0x8000b0ac (0x00b35993) srli    s3, t1, 11
core   0: 3 0x8000b0ac (0x00b35993) x19 0x00000000
core   0: 0x8000b0b0 (0x0137f0b3) and     ra, a5, s3
core   0: 3 0x8000b0b0 (0x0137f0b3) x 1 0x00000000
core   0: 0x8000b0b4 (0x01e23833) sltu    a6, tp, t5
core   0: 3 0x8000b0b4 (0x01e23833) x16 0x00000001
core   0: 0x8000b0b8 (0x019c5f33) srl     t5, s8, s9
core   0: 3 0x8000b0b8 (0x019c5f33) x30 0x00000003
core   0: 0x8000b0bc (0x019e3a33) sltu    s4, t3, s9
core   0: 3 0x8000b0bc (0x019e3a33) x20 0x00000000
core   0: 0x8000b0c0 (0x01481333) sll     t1, a6, s4
core   0: 3 0x8000b0c0 (0x01481333) x 6 0x00000001
core   0: 0x8000b0c4 (0x00575813) srli    a6, a4, 5
core   0: 3 0x8000b0c4 (0x00575813) x16 0x04000873
core   0: 0x8000b0c8 (0x00000013) nop
core   0: 3 0x8000b0c8 (0x00000013)
core   0: 0x8000b0cc (0x00f6d633) srl     a2, a3, a5
core   0: 3 0x8000b0cc (0x00f6d633) x12 0x00000000
core   0: 0x8000b0d0 (0x001e3f33) sltu    t5, t3, ra
core   0: 3 0x8000b0d0 (0x001e3f33) x30 0x00000000
core   0: 0x8000b0d4 (0x01e29393) slli    t2, t0, 30
core   0: 3 0x8000b0d4 (0x01e29393) x 7 0x00000000
core   0: 0x8000b0d8 (0x00ef79b3) and     s3, t5, a4
core   0: 3 0x8000b0d8 (0x00ef79b3) x19 0x00000000
core   0: 0x8000b0dc (0x0103a133) slt     sp, t2, a6
core   0: 3 0x8000b0dc (0x0103a133) x 2 0x00000001
core   0: 0x8000b0e0 (0x00000013) nop
core   0: 3 0x8000b0e0 (0x00000013)
core   0: 0x8000b0e4 (0x1b0ac413) xori    s0, s5, 432
core   0: 3 0x8000b0e4 (0x1b0ac413) x 8 0x000001b1
core   0: 0x8000b0e8 (0x01c2d333) srl     t1, t0, t3
core   0: 3 0x8000b0e8 (0x01c2d333) x 6 0x00000003
core   0: 0x8000b0ec (0x016d60b3) or      ra, s10, s6
core   0: 3 0x8000b0ec (0x016d60b3) x 1 0x98167ef7
core   0: 0x8000b0f0 (0x01e9ed33) or      s10, s3, t5
core   0: 3 0x8000b0f0 (0x01e9ed33) x26 0x00000000
core   0: 0x8000b0f4 (0x4164d293) srai    t0, s1, 22
core   0: 3 0x8000b0f4 (0x4164d293) x 5 0x00000003
core   0: 0x8000b0f8 (0x01bbc633) xor     a2, s7, s11
core   0: 3 0x8000b0f8 (0x01bbc633) x12 0xbe413749
core   0: 0x8000b0fc (0x00000013) nop
core   0: 3 0x8000b0fc (0x00000013)
core   0: 0x8000b100 (0x01be3e33) sltu    t3, t3, s11
core   0: 3 0x8000b100 (0x01be3e33) x28 0x00000000
core   0: 0x8000b104 (0x00831d93) slli    s11, t1, 8
core   0: 3 0x8000b104 (0x00831d93) x27 0x00000300
core   0: 0x8000b108 (0x005181b3) add     gp, gp, t0
core   0: 3 0x8000b108 (0x005181b3) x 3 0xffffc20b
core   0: 0x8000b10c (0x01b3b9b3) sltu    s3, t2, s11
core   0: 3 0x8000b10c (0x01b3b9b3) x19 0x00000001
core   0: 0x8000b110 (0x88c01817) auipc   a6, 0x88c01
core   0: 3 0x8000b110 (0x88c01817) x16 0x08c0c110
core   0: 0x8000b114 (0x00c318b3) sll     a7, t1, a2
core   0: 3 0x8000b114 (0x00c318b3) x17 0x00000600
core   0: 0x8000b118 (0x01395bb3) srl     s7, s2, s3
core   0: 3 0x8000b118 (0x01395bb3) x23 0x00000000
core   0: 0x8000b11c (0xa14acc17) auipc   s8, 0xa14ac
core   0: 3 0x8000b11c (0xa14acc17) x24 0x214b711c
core   0: 0x8000b120 (0x0119de93) srli    t4, s3, 17
core   0: 3 0x8000b120 (0x0119de93) x29 0x00000000
core   0: 0x8000b124 (0x843f7b93) andi    s7, t5, -1981
core   0: 3 0x8000b124 (0x843f7b93) x23 0x00000000
core   0: 0x8000b128 (0x00bcd893) srli    a7, s9, 11
core   0: 3 0x8000b128 (0x00bcd893) x17 0x001302d0
core   0: 0x8000b12c (0x7aeb0093) addi    ra, s6, 1966
core   0: 3 0x8000b12c (0x7aeb0093) x 1 0x9816861f
core   0: 0x8000b130 (0x017c4cb3) xor     s9, s8, s7
core   0: 3 0x8000b130 (0x017c4cb3) x25 0x214b711c
core   0: 0x8000b134 (0x40315e33) sra     t3, sp, gp
core   0: 3 0x8000b134 (0x40315e33) x28 0x00000000
core   0: 0x8000b138 (0x00000013) nop
core   0: 3 0x8000b138 (0x00000013)
core   0: 0x8000b13c (0x5111ad13) slti    s10, gp, 1297
core   0: 3 0x8000b13c (0x5111ad13) x26 0x00000001
core   0: 0x8000b140 (0xfeae1597) auipc   a1, 0xfeae1
core   0: 3 0x8000b140 (0xfeae1597) x11 0x7eaec140
core   0: 0x8000b144 (0x00000013) nop
core   0: 3 0x8000b144 (0x00000013)
core   0: 0x8000b148 (0x006be9b3) or      s3, s7, t1
core   0: 3 0x8000b148 (0x006be9b3) x19 0x00000003
core   0: 0x8000b14c (0x01ac3a33) sltu    s4, s8, s10
core   0: 3 0x8000b14c (0x01ac3a33) x20 0x00000000
core   0: 0x8000b150 (0x5606b413) sltiu   s0, a3, 1376
core   0: 3 0x8000b150 (0x5606b413) x 8 0x00000001
core   0: 0x8000b154 (0xa353a313) slti    t1, t2, -1483
core   0: 3 0x8000b154 (0xa353a313) x 6 0x00000000
core   0: 0x8000b158 (0x00000013) nop
core   0: 3 0x8000b158 (0x00000013)
core   0: 0x8000b15c (0x1adfa013) slti    zero, t6, 429
core   0: 3 0x8000b15c (0x1adfa013)
core   0: 0x8000b160 (0x5f7f6413) ori     s0, t5, 1527
core   0: 3 0x8000b160 (0x5f7f6413) x 8 0x000005f7
core   0: 0x8000b164 (0x00f551b3) srl     gp, a0, a5
core   0: 3 0x8000b164 (0x00f551b3) x 3 0x00000000
core   0: 0x8000b168 (0xd3b4ad93) slti    s11, s1, -709
core   0: 3 0x8000b168 (0xd3b4ad93) x27 0x00000000
core   0: 0x8000b16c (0xf1400d13) li      s10, -236
core   0: 3 0x8000b16c (0xf1400d13) x26 0xffffff14
core   0: 0x8000b170 (0x01fab9b3) sltu    s3, s5, t6
core   0: 3 0x8000b170 (0x01fab9b3) x19 0x00000001
core   0: 0x8000b174 (0x00cc03b3) add     t2, s8, a2
core   0: 3 0x8000b174 (0x00cc03b3) x 7 0xdf8ca865
core   0: 0x8000b178 (0x684acd93) xori    s11, s5, 1668
core   0: 3 0x8000b178 (0x684acd93) x27 0x00000685
core   0: 0x8000b17c (0x7523ae93) slti    t4, t2, 1874
core   0: 3 0x8000b17c (0x7523ae93) x29 0x00000001
core   0: 0x8000b180 (0x001388b3) add     a7, t2, ra
core   0: 3 0x8000b180 (0x001388b3) x17 0x77a32e84
core   0: 0x8000b184 (0x00000013) nop
core   0: 3 0x8000b184 (0x00000013)
core   0: 0x8000b188 (0x00a8b933) sltu    s2, a7, a0
core   0: 3 0x8000b188 (0x00a8b933) x18 0x00000000
core   0: 0x8000b18c (0x1a456bb7) lui     s7, 0x1a456
core   0: 3 0x8000b18c (0x1a456bb7) x23 0x1a456000
core   0: 0x8000b190 (0x358a1c17) auipc   s8, 0x358a1
core   0: 3 0x8000b190 (0x358a1c17) x24 0xb58ac190
core   0: 0x8000b194 (0x93b35037) lui     zero, 0x93b35
core   0: 3 0x8000b194 (0x93b35037)
core   0: 0x8000b198 (0x008d3233) sltu    tp, s10, s0
core   0: 3 0x8000b198 (0x008d3233) x 4 0x00000000
core   0: 0x8000b19c (0x0168d613) srli    a2, a7, 22
core   0: 3 0x8000b19c (0x0168d613) x12 0x000001de
core   0: 0x8000b1a0 (0xc8368a97) auipc   s5, 0xc8368
core   0: 3 0x8000b1a0 (0xc8368a97) x21 0x483731a0
core   0: 0x8000b1a4 (0x00000013) nop
core   0: 3 0x8000b1a4 (0x00000013)
core   0: 0x8000b1a8 (0x00d8e4b3) or      s1, a7, a3
core   0: 3 0x8000b1a8 (0x00d8e4b3) x 9 0x77a32e85
core   0: 0x8000b1ac (0x411ed193) srai    gp, t4, 17
core   0: 3 0x8000b1ac (0x411ed193) x 3 0x00000000
core   0: 0x8000b1b0 (0x05ed6393) ori     t2, s10, 94
core   0: 3 0x8000b1b0 (0x05ed6393) x 7 0xffffff5e
core   0: 0x8000b1b4 (0xca6fed93) ori     s11, t6, -858
core   0: 3 0x8000b1b4 (0xca6fed93) x27 0xfffffce6
core   0: 0x8000b1b8 (0x7d4ab013) sltiu   zero, s5, 2004
core   0: 3 0x8000b1b8 (0x7d4ab013)
core   0: 0x8000b1bc (0xb87bd537) lui     a0, 0xb87bd
core   0: 3 0x8000b1bc (0xb87bd537) x10 0xb87bd000
core   0: 0x8000b1c0 (0x40d1d033) sra     zero, gp, a3
core   0: 3 0x8000b1c0 (0x40d1d033)
core   0: 0x8000b1c4 (0x4d2bd537) lui     a0, 0x4d2bd
core   0: 3 0x8000b1c4 (0x4d2bd537) x10 0x4d2bd000
core   0: 0x8000b1c8 (0x00fd13b3) sll     t2, s10, a5
core   0: 3 0x8000b1c8 (0x00fd13b3) x 7 0x00000000
core   0: 0x8000b1cc (0x01747633) and     a2, s0, s7
core   0: 3 0x8000b1cc (0x01747633) x12 0x00000000
core   0: 0x8000b1d0 (0x2c93ae93) slti    t4, t2, 713
core   0: 3 0x8000b1d0 (0x2c93ae93) x29 0x00000001
core   0: 0x8000b1d4 (0x416380b3) sub     ra, t2, s6
core   0: 3 0x8000b1d4 (0x416380b3) x 1 0x67e9818f
core   0: 0x8000b1d8 (0x405e0433) sub     s0, t3, t0
core   0: 3 0x8000b1d8 (0x405e0433) x 8 0xfffffffd
core   0: 0x8000b1dc (0x403fd593) srai    a1, t6, 3
core   0: 3 0x8000b1dc (0x403fd593) x11 0xf000299c
core   0: 0x8000b1e0 (0x41d10b33) sub     s6, sp, t4
core   0: 3 0x8000b1e0 (0x41d10b33) x22 0x00000000
core   0: 0x8000b1e4 (0x40008bb3) sub     s7, ra, zero
core   0: 3 0x8000b1e4 (0x40008bb3) x23 0x67e9818f
core   0: 0x8000b1e8 (0xf5012697) auipc   a3, 0xf5012
core   0: 3 0x8000b1e8 (0xf5012697) x13 0x7501d1e8
core   0: 0x8000b1ec (0x005fe6b3) or      a3, t6, t0
core   0: 3 0x8000b1ec (0x005fe6b3) x13 0x80014ce7
core   0: 0x8000b1f0 (0x0086d513) srli    a0, a3, 8
core   0: 3 0x8000b1f0 (0x0086d513) x10 0x0080014c
core   0: 0x8000b1f4 (0x01e683b3) add     t2, a3, t5
core   0: 3 0x8000b1f4 (0x01e683b3) x 7 0x80014ce7
core   0: 0x8000b1f8 (0x00d14d33) xor     s10, sp, a3
core   0: 3 0x8000b1f8 (0x00d14d33) x26 0x80014ce6
core   0: 0x8000b1fc (0x019e9133) sll     sp, t4, s9
core   0: 3 0x8000b1fc (0x019e9133) x 2 0x10000000
core   0: 0x8000b200 (0x00ad3bb3) sltu    s7, s10, a0
core   0: 3 0x8000b200 (0x00ad3bb3) x23 0x00000000
core   0: 0x8000b204 (0x5f334493) xori    s1, t1, 1523
core   0: 3 0x8000b204 (0x5f334493) x 9 0x000005f3
core   0: 0x8000b208 (0x00e3cdb3) xor     s11, t2, a4
core   0: 3 0x8000b208 (0x00e3cdb3) x27 0x00004283
core   0: 0x8000b20c (0x01b6da33) srl     s4, a3, s11
core   0: 3 0x8000b20c (0x01b6da33) x20 0x1000299c
core   0: 0x8000b210 (0x00000013) nop
core   0: 3 0x8000b210 (0x00000013)
core   0: 0x8000b214 (0x8527a913) slti    s2, a5, -1966
core   0: 3 0x8000b214 (0x8527a913) x18 0x00000001
core   0: 0x8000b218 (0xba990693) addi    a3, s2, -1111
core   0: 3 0x8000b218 (0xba990693) x13 0xfffffbaa
core   0: 0x8000b21c (0x2375f213) andi    tp, a1, 567
core   0: 3 0x8000b21c (0x2375f213) x 4 0x00000014
core   0: 0x8000b220 (0x401103b3) sub     t2, sp, ra
core   0: 3 0x8000b220 (0x401103b3) x 7 0xa8167e71
core   0: 0x8000b224 (0x016043b3) xor     t2, zero, s6
core   0: 3 0x8000b224 (0x016043b3) x 7 0x00000000
core   0: 0x8000b228 (0x00000013) nop
core   0: 3 0x8000b228 (0x00000013)
core   0: 0x8000b22c (0x01a88333) add     t1, a7, s10
core   0: 3 0x8000b22c (0x01a88333) x 6 0xf7a47b6a
core   0: 0x8000b230 (0x012ede33) srl     t3, t4, s2
core   0: 3 0x8000b230 (0x012ede33) x28 0x00000000
core   0: 0x8000b234 (0x0174e2b3) or      t0, s1, s7
core   0: 3 0x8000b234 (0x0174e2b3) x 5 0x000005f3
core   0: 0x8000b238 (0x2eca2a93) slti    s5, s4, 748
core   0: 3 0x8000b238 (0x2eca2a93) x21 0x00000000
core   0: 0x8000b23c (0xee409c17) auipc   s8, 0xee409
core   0: 3 0x8000b23c (0xee409c17) x24 0x6e41423c
core   0: 0x8000b240 (0x17452317) auipc   t1, 0x17452
core   0: 3 0x8000b240 (0x17452317) x 6 0x9745d240
core   0: 0x8000b244 (0xdf85c297) auipc   t0, 0xdf85c
core   0: 3 0x8000b244 (0xdf85c297) x 5 0x5f867244
core   0: 0x8000b248 (0x0178dd93) srli    s11, a7, 23
core   0: 3 0x8000b248 (0x0178dd93) x27 0x000000ef
core   0: 0x8000b24c (0x05150e93) addi    t4, a0, 81
core   0: 3 0x8000b24c (0x05150e93) x29 0x0080019d
core   0: 0x8000b250 (0x018eccb3) xor     s9, t4, s8
core   0: 3 0x8000b250 (0x018eccb3) x25 0x6ec143a1
core   0: 0x8000b254 (0x0181e533) or      a0, gp, s8
core   0: 3 0x8000b254 (0x0181e533) x10 0x6e41423c
core   0: 0x8000b258 (0x0188de13) srli    t3, a7, 24
core   0: 3 0x8000b258 (0x0188de13) x28 0x00000077
core   0: 0x8000b25c (0x01d69313) slli    t1, a3, 29
core   0: 3 0x8000b25c (0x01d69313) x 6 0x40000000
core   0: 0x8000b260 (0x89206b93) ori     s7, zero, -1902
core   0: 3 0x8000b260 (0x89206b93) x23 0xfffff892
core   0: 0x8000b264 (0x002f8e93) addi    t4, t6, 2
core   0: 3 0x8000b264 (0x002f8e93) x29 0x80014ce6
core   0: 0x8000b268 (0x41b8d513) srai    a0, a7, 27
core   0: 3 0x8000b268 (0x41b8d513) x10 0x0000000e
core   0: 0x8000b26c (0x01558d33) add     s10, a1, s5
core   0: 3 0x8000b26c (0x01558d33) x26 0xf000299c
core   0: 0x8000b270 (0xd4f2ae13) slti    t3, t0, -689
core   0: 3 0x8000b270 (0xd4f2ae13) x28 0x00000000
core   0: 0x8000b274 (0x40655f13) srai    t5, a0, 6
core   0: 3 0x8000b274 (0x40655f13) x30 0x00000000
core   0: 0x8000b278 (0x0187a433) slt     s0, a5, s8
core   0: 3 0x8000b278 (0x0187a433) x 8 0x00000001
core   0: 0x8000b27c (0x00ae9693) slli    a3, t4, 10
core   0: 3 0x8000b27c (0x00ae9693) x13 0x05339800
core   0: 0x8000b280 (0xb17c3393) sltiu   t2, s8, -1257
core   0: 3 0x8000b280 (0xb17c3393) x 7 0x00000001
core   0: 0x8000b284 (0x520c0c13) addi    s8, s8, 1312
core   0: 3 0x8000b284 (0x520c0c13) x24 0x6e41475c
core   0: 0x8000b288 (0x007debb3) or      s7, s11, t2
core   0: 3 0x8000b288 (0x007debb3) x23 0x000000ef
core   0: 0x8000b28c (0x011351b3) srl     gp, t1, a7
core   0: 3 0x8000b28c (0x011351b3) x 3 0x04000000
core   0: 0x8000b290 (0x416fd033) sra     zero, t6, s6
core   0: 3 0x8000b290 (0x416fd033)
core   0: 0x8000b294 (0x41f8db93) srai    s7, a7, 31
core   0: 3 0x8000b294 (0x41f8db93) x23 0x00000000
core   0: 0x8000b298 (0x01995bb3) srl     s7, s2, s9
core   0: 3 0x8000b298 (0x01995bb3) x23 0x00000000
core   0: 0x8000b29c (0x019ed033) srl     zero, t4, s9
core   0: 3 0x8000b29c (0x019ed033)
core   0: 0x8000b2a0 (0x008ed593) srli    a1, t4, 8
core   0: 3 0x8000b2a0 (0x008ed593) x11 0x0080014c
core   0: 0x8000b2a4 (0x1f992c13) slti    s8, s2, 505
core   0: 3 0x8000b2a4 (0x1f992c13) x24 0x00000001
core   0: 0x8000b2a8 (0xc538ad93) slti    s11, a7, -941
core   0: 3 0x8000b2a8 (0xc538ad93) x27 0x00000000
core   0: 0x8000b2ac (0x0088aeb3) slt     t4, a7, s0
core   0: 3 0x8000b2ac (0x0088aeb3) x29 0x00000000
core   0: 0x8000b2b0 (0x0180bcb3) sltu    s9, ra, s8
core   0: 3 0x8000b2b0 (0x0180bcb3) x25 0x00000000
core   0: 0x8000b2b4 (0x408c8c33) sub     s8, s9, s0
core   0: 3 0x8000b2b4 (0x408c8c33) x24 0xffffffff
core   0: 0x8000b2b8 (0x01b0a233) slt     tp, ra, s11
core   0: 3 0x8000b2b8 (0x01b0a233) x 4 0x00000000
core   0: 0x8000b2bc (0x40ffe613) ori     a2, t6, 1039
core   0: 3 0x8000b2bc (0x40ffe613) x12 0x80014cef
core   0: 0x8000b2c0 (0xa2d2ebb7) lui     s7, 0xa2d2e
core   0: 3 0x8000b2c0 (0xa2d2ebb7) x23 0xa2d2e000
core   0: 0x8000b2c4 (0x01087933) and     s2, a6, a6
core   0: 3 0x8000b2c4 (0x01087933) x18 0x08c0c110
core   0: 0x8000b2c8 (0x0041a3b3) slt     t2, gp, tp
core   0: 3 0x8000b2c8 (0x0041a3b3) x 7 0x00000000
core   0: 0x8000b2cc (0xbdec6913) ori     s2, s8, -1058
core   0: 3 0x8000b2cc (0xbdec6913) x18 0xffffffff
core   0: 0x8000b2d0 (0x34392493) slti    s1, s2, 835
core   0: 3 0x8000b2d0 (0x34392493) x 9 0x00000001
core   0: 0x8000b2d4 (0x006c3e33) sltu    t3, s8, t1
core   0: 3 0x8000b2d4 (0x006c3e33) x28 0x00000000
core   0: 0x8000b2d8 (0x40cc5413) srai    s0, s8, 12
core   0: 3 0x8000b2d8 (0x40cc5413) x 8 0xffffffff
core   0: 0x8000b2dc (0x0037b533) sltu    a0, a5, gp
core   0: 3 0x8000b2dc (0x0037b533) x10 0x00000000
core   0: 0x8000b2e0 (0xdb2b8417) auipc   s0, 0xdb2b8
core   0: 3 0x8000b2e0 (0xdb2b8417) x 8 0x5b2c32e0
core   0: 0x8000b2e4 (0x005c7833) and     a6, s8, t0
core   0: 3 0x8000b2e4 (0x005c7833) x16 0x5f867244
core   0: 0x8000b2e8 (0x0021d533) srl     a0, gp, sp
core   0: 3 0x8000b2e8 (0x0021d533) x10 0x04000000
core   0: 0x8000b2ec (0x417b8533) sub     a0, s7, s7
core   0: 3 0x8000b2ec (0x417b8533) x10 0x00000000
core   0: 0x8000b2f0 (0x01629b93) slli    s7, t0, 22
core   0: 3 0x8000b2f0 (0x01629b93) x23 0x91000000
core   0: 0x8000b2f4 (0x00000797) auipc   a5, 0x0
core   0: 3 0x8000b2f4 (0x00000797) x15 0x8000b2f4
core   0: 0x8000b2f8 (0x00c78793) addi    a5, a5, 12
core   0: 3 0x8000b2f8 (0x00c78793) x15 0x8000b300
core   0: 0x8000b2fc (0x00078067) jr      a5
core   0: 3 0x8000b2fc (0x00078067)
core   0: 0x8000b300 (0x00100193) li      gp, 1
core   0: 3 0x8000b300 (0x00100193) x 3 0x00000001
core   0: 0x8000b304 (0x00000073) ecall
core   0: exception trap_machine_ecall, epc 0x8000b304
core   0: >>>>  mtvec_handler
core   0: 0x8000b318 (0xffcf8f93) addi    t6, t6, -4
core   0: 3 0x8000b318 (0xffcf8f93) x31 0x80014ce0
core   0: 0x8000b31c (0x00efa023) sw      a4, 0(t6)
core   0: 3 0x8000b31c (0x00efa023) mem 0x80014ce0 0x80010e64
core   0: 0x8000b320 (0x000f8733) add     a4, t6, zero
core   0: 3 0x8000b320 (0x000f8733) x14 0x80014ce0
core   0: 0x8000b324 (0xf8070713) addi    a4, a4, -128
core   0: 3 0x8000b324 (0xf8070713) x14 0x80014c60
core   0: 0x8000b328 (0x00172223) sw      ra, 4(a4)
core   0: 3 0x8000b328 (0x00172223) mem 0x80014c64 0x67e9818f
core   0: 0x8000b32c (0x00272423) sw      sp, 8(a4)
core   0: 3 0x8000b32c (0x00272423) mem 0x80014c68 0x10000000
core   0: 0x8000b330 (0x00372623) sw      gp, 12(a4)
core   0: 3 0x8000b330 (0x00372623) mem 0x80014c6c 0x00000001
core   0: 0x8000b334 (0x00472823) sw      tp, 16(a4)
core   0: 3 0x8000b334 (0x00472823) mem 0x80014c70 0x00000000
core   0: 0x8000b338 (0x00572a23) sw      t0, 20(a4)
core   0: 3 0x8000b338 (0x00572a23) mem 0x80014c74 0x5f867244
core   0: 0x8000b33c (0x00672c23) sw      t1, 24(a4)
core   0: 3 0x8000b33c (0x00672c23) mem 0x80014c78 0x40000000
core   0: 0x8000b340 (0x00772e23) sw      t2, 28(a4)
core   0: 3 0x8000b340 (0x00772e23) mem 0x80014c7c 0x00000000
core   0: 0x8000b344 (0x02872023) sw      s0, 32(a4)
core   0: 3 0x8000b344 (0x02872023) mem 0x80014c80 0x5b2c32e0
core   0: 0x8000b348 (0x02972223) sw      s1, 36(a4)
core   0: 3 0x8000b348 (0x02972223) mem 0x80014c84 0x00000001
core   0: 0x8000b34c (0x02a72423) sw      a0, 40(a4)
core   0: 3 0x8000b34c (0x02a72423) mem 0x80014c88 0x00000000
core   0: 0x8000b350 (0x02b72623) sw      a1, 44(a4)
core   0: 3 0x8000b350 (0x02b72623) mem 0x80014c8c 0x0080014c
core   0: 0x8000b354 (0x02c72823) sw      a2, 48(a4)
core   0: 3 0x8000b354 (0x02c72823) mem 0x80014c90 0x80014cef
core   0: 0x8000b358 (0x02d72a23) sw      a3, 52(a4)
core   0: 3 0x8000b358 (0x02d72a23) mem 0x80014c94 0x05339800
core   0: 0x8000b35c (0x02e72c23) sw      a4, 56(a4)
core   0: 3 0x8000b35c (0x02e72c23) mem 0x80014c98 0x80014c60
core   0: 0x8000b360 (0x02f72e23) sw      a5, 60(a4)
core   0: 3 0x8000b360 (0x02f72e23) mem 0x80014c9c 0x8000b300
core   0: 0x8000b364 (0x05072023) sw      a6, 64(a4)
core   0: 3 0x8000b364 (0x05072023) mem 0x80014ca0 0x5f867244
core   0: 0x8000b368 (0x05172223) sw      a7, 68(a4)
core   0: 3 0x8000b368 (0x05172223) mem 0x80014ca4 0x77a32e84
core   0: 0x8000b36c (0x05272423) sw      s2, 72(a4)
core   0: 3 0x8000b36c (0x05272423) mem 0x80014ca8 0xffffffff
core   0: 0x8000b370 (0x05372623) sw      s3, 76(a4)
core   0: 3 0x8000b370 (0x05372623) mem 0x80014cac 0x00000001
core   0: 0x8000b374 (0x05472823) sw      s4, 80(a4)
core   0: 3 0x8000b374 (0x05472823) mem 0x80014cb0 0x1000299c
core   0: 0x8000b378 (0x05572a23) sw      s5, 84(a4)
core   0: 3 0x8000b378 (0x05572a23) mem 0x80014cb4 0x00000000
core   0: 0x8000b37c (0x05672c23) sw      s6, 88(a4)
core   0: 3 0x8000b37c (0x05672c23) mem 0x80014cb8 0x00000000
core   0: 0x8000b380 (0x05772e23) sw      s7, 92(a4)
core   0: 3 0x8000b380 (0x05772e23) mem 0x80014cbc 0x91000000
core   0: 0x8000b384 (0x07872023) sw      s8, 96(a4)
core   0: 3 0x8000b384 (0x07872023) mem 0x80014cc0 0xffffffff
core   0: 0x8000b388 (0x07972223) sw      s9, 100(a4)
core   0: 3 0x8000b388 (0x07972223) mem 0x80014cc4 0x00000000
core   0: 0x8000b38c (0x07a72423) sw      s10, 104(a4)
core   0: 3 0x8000b38c (0x07a72423) mem 0x80014cc8 0xf000299c
core   0: 0x8000b390 (0x07b72623) sw      s11, 108(a4)
core   0: 3 0x8000b390 (0x07b72623) mem 0x80014ccc 0x00000000
core   0: 0x8000b394 (0x07c72823) sw      t3, 112(a4)
core   0: 3 0x8000b394 (0x07c72823) mem 0x80014cd0 0x00000000
core   0: 0x8000b398 (0x07d72a23) sw      t4, 116(a4)
core   0: 3 0x8000b398 (0x07d72a23) mem 0x80014cd4 0x00000000
core   0: 0x8000b39c (0x07e72c23) sw      t5, 120(a4)
core   0: 3 0x8000b39c (0x07e72c23) mem 0x80014cd8 0x00000000
core   0: 0x8000b3a0 (0x07f72e23) sw      t6, 124(a4)
core   0: 3 0x8000b3a0 (0x07f72e23) mem 0x80014cdc 0x80014ce0
core   0: 0x8000b3a4 (0x00070fb3) add     t6, a4, zero
core   0: 3 0x8000b3a4 (0x00070fb3) x31 0x80014c60
core   0: 0x8000b3a8 (0x30002af3) csrr    s5, mstatus
core   0: 3 0x8000b3a8 (0x30002af3) x21 0x00001800
core   0: 0x8000b3ac (0x34202af3) csrr    s5, mcause
core   0: 3 0x8000b3ac (0x34202af3) x21 0x0000000b
core   0: 0x8000b3b0 (0x01fada93) srli    s5, s5, 31
core   0: 3 0x8000b3b0 (0x01fada93) x21 0x00000000
core   0: 0x8000b3b4 (0x400a9463) bnez    s5, pc + 1032
core   0: 3 0x8000b3b4 (0x400a9463)
core   0: 0x8000b3b8 (0x34102af3) csrr    s5, mepc
core   0: 3 0x8000b3b8 (0x34102af3) x21 0x8000b304
core   0: 0x8000b3bc (0x34202af3) csrr    s5, mcause
core   0: 3 0x8000b3bc (0x34202af3) x21 0x0000000b
core   0: 0x8000b3c0 (0x00300d93) li      s11, 3
core   0: 3 0x8000b3c0 (0x00300d93) x27 0x00000003
core   0: 0x8000b3c4 (0x2bba8a63) beq     s5, s11, pc + 692
core   0: 3 0x8000b3c4 (0x2bba8a63)
core   0: 0x8000b3c8 (0x00800d93) li      s11, 8
core   0: 3 0x8000b3c8 (0x00800d93) x27 0x00000008
core   0: 0x8000b3cc (0x05ba8e63) beq     s5, s11, pc + 92
core   0: 3 0x8000b3cc (0x05ba8e63)
core   0: 0x8000b3d0 (0x00900d93) li      s11, 9
core   0: 3 0x8000b3d0 (0x00900d93) x27 0x00000009
core   0: 0x8000b3d4 (0x05ba8a63) beq     s5, s11, pc + 84
core   0: 3 0x8000b3d4 (0x05ba8a63)
core   0: 0x8000b3d8 (0x00b00d93) li      s11, 11
core   0: 3 0x8000b3d8 (0x00b00d93) x27 0x0000000b
core   0: 0x8000b3dc (0x05ba8663) beq     s5, s11, pc + 76
core   0: 3 0x8000b3dc (0x05ba8663)
core   0: 0x8000b428 (0xffff5a97) auipc   s5, 0xffff5
core   0: 3 0x8000b428 (0xffff5a97) x21 0x80000428
core   0: 0x8000b42c (0xbd8a8a93) addi    s5, s5, -1064
core   0: 3 0x8000b42c (0xbd8a8a93) x21 0x80000000
core   0: 0x8000b430 (0x000aa023) sw      zero, 0(s5)
core   0: 3 0x8000b430 (0x000aa023) mem 0x80000000 0x00000000
core   0: 0x8000b434 (0x001aa223) sw      ra, 4(s5)
core   0: 3 0x8000b434 (0x001aa223) mem 0x80000004 0x67e9818f
core   0: 0x8000b438 (0x002aa423) sw      sp, 8(s5)
core   0: 3 0x8000b438 (0x002aa423) mem 0x80000008 0x10000000
core   0: 0x8000b43c (0x003aa623) sw      gp, 12(s5)
core   0: 3 0x8000b43c (0x003aa623) mem 0x8000000c 0x00000001
core   0: 0x8000b440 (0x004aa823) sw      tp, 16(s5)
core   0: 3 0x8000b440 (0x004aa823) mem 0x80000010 0x00000000
core   0: 0x8000b444 (0x005aaa23) sw      t0, 20(s5)
core   0: 3 0x8000b444 (0x005aaa23) mem 0x80000014 0x5f867244
core   0: 0x8000b448 (0x006aac23) sw      t1, 24(s5)
core   0: 3 0x8000b448 (0x006aac23) mem 0x80000018 0x40000000
core   0: 0x8000b44c (0x007aae23) sw      t2, 28(s5)
core   0: 3 0x8000b44c (0x007aae23) mem 0x8000001c 0x00000000
core   0: 0x8000b450 (0x028aa023) sw      s0, 32(s5)
core   0: 3 0x8000b450 (0x028aa023) mem 0x80000020 0x5b2c32e0
core   0: 0x8000b454 (0x029aa223) sw      s1, 36(s5)
core   0: 3 0x8000b454 (0x029aa223) mem 0x80000024 0x00000001
core   0: 0x8000b458 (0x02aaa423) sw      a0, 40(s5)
core   0: 3 0x8000b458 (0x02aaa423) mem 0x80000028 0x00000000
core   0: 0x8000b45c (0x02baa623) sw      a1, 44(s5)
core   0: 3 0x8000b45c (0x02baa623) mem 0x8000002c 0x0080014c
core   0: 0x8000b460 (0x02caa823) sw      a2, 48(s5)
core   0: 3 0x8000b460 (0x02caa823) mem 0x80000030 0x80014cef
core   0: 0x8000b464 (0x02daaa23) sw      a3, 52(s5)
core   0: 3 0x8000b464 (0x02daaa23) mem 0x80000034 0x05339800
core   0: 0x8000b468 (0x02eaac23) sw      a4, 56(s5)
core   0: 3 0x8000b468 (0x02eaac23) mem 0x80000038 0x80014c60
core   0: 0x8000b46c (0x02faae23) sw      a5, 60(s5)
core   0: 3 0x8000b46c (0x02faae23) mem 0x8000003c 0x8000b300
core   0: 0x8000b470 (0x050aa023) sw      a6, 64(s5)
core   0: 3 0x8000b470 (0x050aa023) mem 0x80000040 0x5f867244
core   0: 0x8000b474 (0x051aa223) sw      a7, 68(s5)
core   0: 3 0x8000b474 (0x051aa223) mem 0x80000044 0x77a32e84
core   0: 0x8000b478 (0x052aa423) sw      s2, 72(s5)
core   0: 3 0x8000b478 (0x052aa423) mem 0x80000048 0xffffffff
core   0: 0x8000b47c (0x053aa623) sw      s3, 76(s5)
core   0: 3 0x8000b47c (0x053aa623) mem 0x8000004c 0x00000001
core   0: 0x8000b480 (0x054aa823) sw      s4, 80(s5)
core   0: 3 0x8000b480 (0x054aa823) mem 0x80000050 0x1000299c
core   0: 0x8000b484 (0x055aaa23) sw      s5, 84(s5)
core   0: 3 0x8000b484 (0x055aaa23) mem 0x80000054 0x80000000
core   0: 0x8000b488 (0x056aac23) sw      s6, 88(s5)
core   0: 3 0x8000b488 (0x056aac23) mem 0x80000058 0x00000000
core   0: 0x8000b48c (0x057aae23) sw      s7, 92(s5)
core   0: 3 0x8000b48c (0x057aae23) mem 0x8000005c 0x91000000
core   0: 0x8000b490 (0x078aa023) sw      s8, 96(s5)
core   0: 3 0x8000b490 (0x078aa023) mem 0x80000060 0xffffffff
core   0: 0x8000b494 (0x079aa223) sw      s9, 100(s5)
core   0: 3 0x8000b494 (0x079aa223) mem 0x80000064 0x00000000
core   0: 0x8000b498 (0x07aaa423) sw      s10, 104(s5)
core   0: 3 0x8000b498 (0x07aaa423) mem 0x80000068 0xf000299c
core   0: 0x8000b49c (0x07baa623) sw      s11, 108(s5)
core   0: 3 0x8000b49c (0x07baa623) mem 0x8000006c 0x0000000b
core   0: 0x8000b4a0 (0x07caa823) sw      t3, 112(s5)
core   0: 3 0x8000b4a0 (0x07caa823) mem 0x80000070 0x00000000
core   0: 0x8000b4a4 (0x07daaa23) sw      t4, 116(s5)
core   0: 3 0x8000b4a4 (0x07daaa23) mem 0x80000074 0x00000000
core   0: 0x8000b4a8 (0x07eaac23) sw      t5, 120(s5)
core   0: 3 0x8000b4a8 (0x07eaac23) mem 0x80000078 0x00000000
core   0: 0x8000b4ac (0x07faae23) sw      t6, 124(s5)
core   0: 3 0x8000b4ac (0x07faae23) mem 0x8000007c 0x80014c60
core   0: 0x8000b4b0 (0x00000797) auipc   a5, 0x0
core   0: 3 0x8000b4b0 (0x00000797) x15 0x8000b4b0
core   0: 0x8000b4b4 (0xe5878793) addi    a5, a5, -424
core   0: 3 0x8000b4b4 (0xe5878793) x15 0x8000b308
core   0: 0x8000b4b8 (0x00078067) jr      a5
core   0: 3 0x8000b4b8 (0x00078067)
core   0: 0x8000b308 (0x00001f17) auipc   t5, 0x1
core   0: 3 0x8000b308 (0x00001f17) x30 0x8000c308
core   0: 0x8000b30c (0xce3f2c23) sw      gp, -776(t5)
core   0: 3 0x8000b30c (0xce3f2c23) mem 0x8000c000 0x00000001
core   0: 0x8000b310 (0xff9ff06f) j       pc - 0x8
core   0: 3 0x8000b310 (0xff9ff06f)
core   0: 0x8000b308 (0x00001f17) auipc   t5, 0x1
core   0: 3 0x8000b308 (0x00001f17) x30 0x8000c308
core   0: 0x8000b30c (0xce3f2c23) sw      gp, -776(t5)
core   0: 3 0x8000b30c (0xce3f2c23) mem 0x8000c000 0x00000001
core   0: 0x8000b310 (0xff9ff06f) j       pc - 0x8
core   0: 3 0x8000b310 (0xff9ff06f)
core   0: 0x8000b308 (0x00001f17) auipc   t5, 0x1
core   0: 3 0x8000b308 (0x00001f17) x30 0x8000c308
core   0: 0x8000b30c (0xce3f2c23) sw      gp, -776(t5)
core   0: 3 0x8000b30c (0xce3f2c23) mem 0x8000c000 0x00000001
core   0: 0x8000b310 (0xff9ff06f) j       pc - 0x8
core   0: 3 0x8000b310 (0xff9ff06f)
core   0: 0x8000b308 (0x00001f17) auipc   t5, 0x1
core   0: 3 0x8000b308 (0x00001f17) x30 0x8000c308
core   0: 0x8000b30c (0xce3f2c23) sw      gp, -776(t5)
core   0: 3 0x8000b30c (0xce3f2c23) mem 0x8000c000 0x00000001
core   0: 0x8000b310 (0xff9ff06f) j       pc - 0x8
core   0: 3 0x8000b310 (0xff9ff06f)
core   0: 0x8000b308 (0x00001f17) auipc   t5, 0x1
core   0: 3 0x8000b308 (0x00001f17) x30 0x8000c308
core   0: 0x8000b30c (0xce3f2c23) sw      gp, -776(t5)
core   0: 3 0x8000b30c (0xce3f2c23) mem 0x8000c000 0x00000001
core   0: 0x8000b310 (0xff9ff06f) j       pc - 0x8
core   0: 3 0x8000b310 (0xff9ff06f)
core   0: 0x8000b308 (0x00001f17) auipc   t5, 0x1
core   0: 3 0x8000b308 (0x00001f17) x30 0x8000c308
core   0: 0x8000b30c (0xce3f2c23) sw      gp, -776(t5)
core   0: 3 0x8000b30c (0xce3f2c23) mem 0x8000c000 0x00000001
core   0: 0x8000b310 (0xff9ff06f) j       pc - 0x8
core   0: 3 0x8000b310 (0xff9ff06f)
core   0: 0x8000b308 (0x00001f17) auipc   t5, 0x1
core   0: 3 0x8000b308 (0x00001f17) x30 0x8000c308
core   0: 0x8000b30c (0xce3f2c23) sw      gp, -776(t5)
core   0: 3 0x8000b30c (0xce3f2c23) mem 0x8000c000 0x00000001
core   0: 0x8000b310 (0xff9ff06f) j       pc - 0x8
core   0: 3 0x8000b310 (0xff9ff06f)
core   0: 0x8000b308 (0x00001f17) auipc   t5, 0x1
core   0: 3 0x8000b308 (0x00001f17) x30 0x8000c308
core   0: 0x8000b30c (0xce3f2c23) sw      gp, -776(t5)
core   0: 3 0x8000b30c (0xce3f2c23) mem 0x8000c000 0x00000001
core   0: 0x8000b310 (0xff9ff06f) j       pc - 0x8
core   0: 3 0x8000b310 (0xff9ff06f)
core   0: 0x8000b308 (0x00001f17) auipc   t5, 0x1
core   0: 3 0x8000b308 (0x00001f17) x30 0x8000c308
core   0: 0x8000b30c (0xce3f2c23) sw      gp, -776(t5)
core   0: 3 0x8000b30c (0xce3f2c23) mem 0x8000c000 0x00000001
core   0: 0x8000b310 (0xff9ff06f) j       pc - 0x8
core   0: 3 0x8000b310 (0xff9ff06f)
core   0: 0x8000b308 (0x00001f17) auipc   t5, 0x1
core   0: 3 0x8000b308 (0x00001f17) x30 0x8000c308
core   0: 0x8000b30c (0xce3f2c23) sw      gp, -776(t5)
core   0: 3 0x8000b30c (0xce3f2c23) mem 0x8000c000 0x00000001
core   0: 0x8000b310 (0xff9ff06f) j       pc - 0x8
core   0: 3 0x8000b310 (0xff9ff06f)
core   0: 0x8000b308 (0x00001f17) auipc   t5, 0x1
core   0: 3 0x8000b308 (0x00001f17) x30 0x8000c308
core   0: 0x8000b30c (0xce3f2c23) sw      gp, -776(t5)
core   0: 3 0x8000b30c (0xce3f2c23) mem 0x8000c000 0x00000001
core   0: 0x8000b310 (0xff9ff06f) j       pc - 0x8
core   0: 3 0x8000b310 (0xff9ff06f)
core   0: 0x8000b308 (0x00001f17) auipc   t5, 0x1
core   0: 3 0x8000b308 (0x00001f17) x30 0x8000c308
core   0: 0x8000b30c (0xce3f2c23) sw      gp, -776(t5)
core   0: 3 0x8000b30c (0xce3f2c23) mem 0x8000c000 0x00000001
core   0: 0x8000b310 (0xff9ff06f) j       pc - 0x8
core   0: 3 0x8000b310 (0xff9ff06f)
core   0: 0x8000b308 (0x00001f17) auipc   t5, 0x1
core   0: 3 0x8000b308 (0x00001f17) x30 0x8000c308
core   0: 0x8000b30c (0xce3f2c23) sw      gp, -776(t5)
core   0: 3 0x8000b30c (0xce3f2c23) mem 0x8000c000 0x00000001
core   0: 0x8000b310 (0xff9ff06f) j       pc - 0x8
core   0: 3 0x8000b310 (0xff9ff06f)
core   0: 0x8000b308 (0x00001f17) auipc   t5, 0x1
core   0: 3 0x8000b308 (0x00001f17) x30 0x8000c308
core   0: 0x8000b30c (0xce3f2c23) sw      gp, -776(t5)
core   0: 3 0x8000b30c (0xce3f2c23) mem 0x8000c000 0x00000001
core   0: 0x8000b310 (0xff9ff06f) j       pc - 0x8
core   0: 3 0x8000b310 (0xff9ff06f)
core   0: 0x8000b308 (0x00001f17) auipc   t5, 0x1
core   0: 3 0x8000b308 (0x00001f17) x30 0x8000c308
core   0: 0x8000b30c (0xce3f2c23) sw      gp, -776(t5)
core   0: 3 0x8000b30c (0xce3f2c23) mem 0x8000c000 0x00000001
core   0: 0x8000b310 (0xff9ff06f) j       pc - 0x8
core   0: 3 0x8000b310 (0xff9ff06f)
core   0: 0x8000b308 (0x00001f17) auipc   t5, 0x1
core   0: 3 0x8000b308 (0x00001f17) x30 0x8000c308
core   0: 0x8000b30c (0xce3f2c23) sw      gp, -776(t5)
core   0: 3 0x8000b30c (0xce3f2c23) mem 0x8000c000 0x00000001
core   0: 0x8000b310 (0xff9ff06f) j       pc - 0x8
core   0: 3 0x8000b310 (0xff9ff06f)
core   0: 0x8000b308 (0x00001f17) auipc   t5, 0x1
core   0: 3 0x8000b308 (0x00001f17) x30 0x8000c308
core   0: 0x8000b30c (0xce3f2c23) sw      gp, -776(t5)
core   0: 3 0x8000b30c (0xce3f2c23) mem 0x8000c000 0x00000001
core   0: 0x8000b310 (0xff9ff06f) j       pc - 0x8
core   0: 3 0x8000b310 (0xff9ff06f)
core   0: 0x8000b308 (0x00001f17) auipc   t5, 0x1
core   0: 3 0x8000b308 (0x00001f17) x30 0x8000c308
core   0: 0x8000b30c (0xce3f2c23) sw      gp, -776(t5)
core   0: 3 0x8000b30c (0xce3f2c23) mem 0x8000c000 0x00000001
core   0: 0x8000b310 (0xff9ff06f) j       pc - 0x8
core   0: 3 0x8000b310 (0xff9ff06f)
core   0: 0x8000b308 (0x00001f17) auipc   t5, 0x1
core   0: 3 0x8000b308 (0x00001f17) x30 0x8000c308
core   0: 0x8000b30c (0xce3f2c23) sw      gp, -776(t5)
core   0: 3 0x8000b30c (0xce3f2c23) mem 0x8000c000 0x00000001
core   0: 0x8000b310 (0xff9ff06f) j       pc - 0x8
core   0: 3 0x8000b310 (0xff9ff06f)
core   0: 0x8000b308 (0x00001f17) auipc   t5, 0x1
core   0: 3 0x8000b308 (0x00001f17) x30 0x8000c308
core   0: 0x8000b30c (0xce3f2c23) sw      gp, -776(t5)
core   0: 3 0x8000b30c (0xce3f2c23) mem 0x8000c000 0x00000001
core   0: 0x8000b310 (0xff9ff06f) j       pc - 0x8
core   0: 3 0x8000b310 (0xff9ff06f)
core   0: 0x8000b308 (0x00001f17) auipc   t5, 0x1
core   0: 3 0x8000b308 (0x00001f17) x30 0x8000c308
core   0: 0x8000b30c (0xce3f2c23) sw      gp, -776(t5)
core   0: 3 0x8000b30c (0xce3f2c23) mem 0x8000c000 0x00000001
core   0: 0x8000b310 (0xff9ff06f) j       pc - 0x8
core   0: 3 0x8000b310 (0xff9ff06f)
core   0: 0x8000b308 (0x00001f17) auipc   t5, 0x1
core   0: 3 0x8000b308 (0x00001f17) x30 0x8000c308
core   0: 0x8000b30c (0xce3f2c23) sw      gp, -776(t5)
core   0: 3 0x8000b30c (0xce3f2c23) mem 0x8000c000 0x00000001
core   0: 0x8000b310 (0xff9ff06f) j       pc - 0x8
core   0: 3 0x8000b310 (0xff9ff06f)
core   0: 0x8000b308 (0x00001f17) auipc   t5, 0x1
core   0: 3 0x8000b308 (0x00001f17) x30 0x8000c308
core   0: 0x8000b30c (0xce3f2c23) sw      gp, -776(t5)
core   0: 3 0x8000b30c (0xce3f2c23) mem 0x8000c000 0x00000001
core   0: 0x8000b310 (0xff9ff06f) j       pc - 0x8
core   0: 3 0x8000b310 (0xff9ff06f)
core   0: 0x8000b308 (0x00001f17) auipc   t5, 0x1
core   0: 3 0x8000b308 (0x00001f17) x30 0x8000c308
core   0: 0x8000b30c (0xce3f2c23) sw      gp, -776(t5)
core   0: 3 0x8000b30c (0xce3f2c23) mem 0x8000c000 0x00000001
core   0: 0x8000b310 (0xff9ff06f) j       pc - 0x8
core   0: 3 0x8000b310 (0xff9ff06f)
core   0: 0x8000b308 (0x00001f17) auipc   t5, 0x1
core   0: 3 0x8000b308 (0x00001f17) x30 0x8000c308
core   0: 0x8000b30c (0xce3f2c23) sw      gp, -776(t5)
core   0: 3 0x8000b30c (0xce3f2c23) mem 0x8000c000 0x00000001
core   0: 0x8000b310 (0xff9ff06f) j       pc - 0x8
core   0: 3 0x8000b310 (0xff9ff06f)
core   0: 0x8000b308 (0x00001f17) auipc   t5, 0x1
core   0: 3 0x8000b308 (0x00001f17) x30 0x8000c308
core   0: 0x8000b30c (0xce3f2c23) sw      gp, -776(t5)
core   0: 3 0x8000b30c (0xce3f2c23) mem 0x8000c000 0x00000001
core   0: 0x8000b310 (0xff9ff06f) j       pc - 0x8
core   0: 3 0x8000b310 (0xff9ff06f)
core   0: 0x8000b308 (0x00001f17) auipc   t5, 0x1
core   0: 3 0x8000b308 (0x00001f17) x30 0x8000c308
core   0: 0x8000b30c (0xce3f2c23) sw      gp, -776(t5)
core   0: 3 0x8000b30c (0xce3f2c23) mem 0x8000c000 0x00000001
core   0: 0x8000b310 (0xff9ff06f) j       pc - 0x8
core   0: 3 0x8000b310 (0xff9ff06f)
core   0: 0x8000b308 (0x00001f17) auipc   t5, 0x1
core   0: 3 0x8000b308 (0x00001f17) x30 0x8000c308
core   0: 0x8000b30c (0xce3f2c23) sw      gp, -776(t5)
core   0: 3 0x8000b30c (0xce3f2c23) mem 0x8000c000 0x00000001
core   0: 0x8000b310 (0xff9ff06f) j       pc - 0x8
core   0: 3 0x8000b310 (0xff9ff06f)
core   0: 0x8000b308 (0x00001f17) auipc   t5, 0x1
core   0: 3 0x8000b308 (0x00001f17) x30 0x8000c308
core   0: 0x8000b30c (0xce3f2c23) sw      gp, -776(t5)
core   0: 3 0x8000b30c (0xce3f2c23) mem 0x8000c000 0x00000001
core   0: 0x8000b310 (0xff9ff06f) j       pc - 0x8
core   0: 3 0x8000b310 (0xff9ff06f)
core   0: 0x8000b308 (0x00001f17) auipc   t5, 0x1
core   0: 3 0x8000b308 (0x00001f17) x30 0x8000c308
core   0: 0x8000b30c (0xce3f2c23) sw      gp, -776(t5)
core   0: 3 0x8000b30c (0xce3f2c23) mem 0x8000c000 0x00000001
core   0: 0x8000b310 (0xff9ff06f) j       pc - 0x8
core   0: 3 0x8000b310 (0xff9ff06f)
core   0: 0x8000b308 (0x00001f17) auipc   t5, 0x1
core   0: 3 0x8000b308 (0x00001f17) x30 0x8000c308
core   0: 0x8000b30c (0xce3f2c23) sw      gp, -776(t5)
core   0: 3 0x8000b30c (0xce3f2c23) mem 0x8000c000 0x00000001
core   0: 0x8000b310 (0xff9ff06f) j       pc - 0x8
core   0: 3 0x8000b310 (0xff9ff06f)
core   0: 0x8000b308 (0x00001f17) auipc   t5, 0x1
core   0: 3 0x8000b308 (0x00001f17) x30 0x8000c308
core   0: 0x8000b30c (0xce3f2c23) sw      gp, -776(t5)
core   0: 3 0x8000b30c (0xce3f2c23) mem 0x8000c000 0x00000001
core   0: 0x8000b310 (0xff9ff06f) j       pc - 0x8
core   0: 3 0x8000b310 (0xff9ff06f)
core   0: 0x8000b308 (0x00001f17) auipc   t5, 0x1
core   0: 3 0x8000b308 (0x00001f17) x30 0x8000c308
core   0: 0x8000b30c (0xce3f2c23) sw      gp, -776(t5)
core   0: 3 0x8000b30c (0xce3f2c23) mem 0x8000c000 0x00000001
core   0: 0x8000b310 (0xff9ff06f) j       pc - 0x8
core   0: 3 0x8000b310 (0xff9ff06f)
core   0: 0x8000b308 (0x00001f17) auipc   t5, 0x1
core   0: 3 0x8000b308 (0x00001f17) x30 0x8000c308
core   0: 0x8000b30c (0xce3f2c23) sw      gp, -776(t5)
core   0: 3 0x8000b30c (0xce3f2c23) mem 0x8000c000 0x00000001
core   0: 0x8000b310 (0xff9ff06f) j       pc - 0x8
core   0: 3 0x8000b310 (0xff9ff06f)
core   0: 0x8000b308 (0x00001f17) auipc   t5, 0x1
core   0: 3 0x8000b308 (0x00001f17) x30 0x8000c308
core   0: 0x8000b30c (0xce3f2c23) sw      gp, -776(t5)
core   0: 3 0x8000b30c (0xce3f2c23) mem 0x8000c000 0x00000001
core   0: 0x8000b310 (0xff9ff06f) j       pc - 0x8
core   0: 3 0x8000b310 (0xff9ff06f)
core   0: 0x8000b308 (0x00001f17) auipc   t5, 0x1
core   0: 3 0x8000b308 (0x00001f17) x30 0x8000c308
core   0: 0x8000b30c (0xce3f2c23) sw      gp, -776(t5)
core   0: 3 0x8000b30c (0xce3f2c23) mem 0x8000c000 0x00000001
core   0: 0x8000b310 (0xff9ff06f) j       pc - 0x8
core   0: 3 0x8000b310 (0xff9ff06f)
core   0: 0x8000b308 (0x00001f17) auipc   t5, 0x1
core   0: 3 0x8000b308 (0x00001f17) x30 0x8000c308
core   0: 0x8000b30c (0xce3f2c23) sw      gp, -776(t5)
core   0: 3 0x8000b30c (0xce3f2c23) mem 0x8000c000 0x00000001
core   0: 0x8000b310 (0xff9ff06f) j       pc - 0x8
core   0: 3 0x8000b310 (0xff9ff06f)
core   0: 0x8000b308 (0x00001f17) auipc   t5, 0x1
core   0: 3 0x8000b308 (0x00001f17) x30 0x8000c308
core   0: 0x8000b30c (0xce3f2c23) sw      gp, -776(t5)
core   0: 3 0x8000b30c (0xce3f2c23) mem 0x8000c000 0x00000001
core   0: 0x8000b310 (0xff9ff06f) j       pc - 0x8
core   0: 3 0x8000b310 (0xff9ff06f)
core   0: 0x8000b308 (0x00001f17) auipc   t5, 0x1
core   0: 3 0x8000b308 (0x00001f17) x30 0x8000c308
core   0: 0x8000b30c (0xce3f2c23) sw      gp, -776(t5)
core   0: 3 0x8000b30c (0xce3f2c23) mem 0x8000c000 0x00000001
core   0: 0x8000b310 (0xff9ff06f) j       pc - 0x8
core   0: 3 0x8000b310 (0xff9ff06f)
core   0: 0x8000b308 (0x00001f17) auipc   t5, 0x1
core   0: 3 0x8000b308 (0x00001f17) x30 0x8000c308
core   0: 0x8000b30c (0xce3f2c23) sw      gp, -776(t5)
core   0: 3 0x8000b30c (0xce3f2c23) mem 0x8000c000 0x00000001
core   0: 0x8000b310 (0xff9ff06f) j       pc - 0x8
core   0: 3 0x8000b310 (0xff9ff06f)
core   0: 0x8000b308 (0x00001f17) auipc   t5, 0x1
core   0: 3 0x8000b308 (0x00001f17) x30 0x8000c308
core   0: 0x8000b30c (0xce3f2c23) sw      gp, -776(t5)
core   0: 3 0x8000b30c (0xce3f2c23) mem 0x8000c000 0x00000001
core   0: 0x8000b310 (0xff9ff06f) j       pc - 0x8
core   0: 3 0x8000b310 (0xff9ff06f)
core   0: 0x8000b308 (0x00001f17) auipc   t5, 0x1
core   0: 3 0x8000b308 (0x00001f17) x30 0x8000c308
core   0: 0x8000b30c (0xce3f2c23) sw      gp, -776(t5)
core   0: 3 0x8000b30c (0xce3f2c23) mem 0x8000c000 0x00000001
core   0: 0x8000b310 (0xff9ff06f) j       pc - 0x8
core   0: 3 0x8000b310 (0xff9ff06f)
core   0: 0x8000b308 (0x00001f17) auipc   t5, 0x1
core   0: 3 0x8000b308 (0x00001f17) x30 0x8000c308
core   0: 0x8000b30c (0xce3f2c23) sw      gp, -776(t5)
core   0: 3 0x8000b30c (0xce3f2c23) mem 0x8000c000 0x00000001
core   0: 0x8000b310 (0xff9ff06f) j       pc - 0x8
core   0: 3 0x8000b310 (0xff9ff06f)
core   0: 0x8000b308 (0x00001f17) auipc   t5, 0x1
core   0: 3 0x8000b308 (0x00001f17) x30 0x8000c308
core   0: 0x8000b30c (0xce3f2c23) sw      gp, -776(t5)
core   0: 3 0x8000b30c (0xce3f2c23) mem 0x8000c000 0x00000001
core   0: 0x8000b310 (0xff9ff06f) j       pc - 0x8
core   0: 3 0x8000b310 (0xff9ff06f)
core   0: 0x8000b308 (0x00001f17) auipc   t5, 0x1
core   0: 3 0x8000b308 (0x00001f17) x30 0x8000c308
core   0: 0x8000b30c (0xce3f2c23) sw      gp, -776(t5)
core   0: 3 0x8000b30c (0xce3f2c23) mem 0x8000c000 0x00000001
core   0: 0x8000b310 (0xff9ff06f) j       pc - 0x8
core   0: 3 0x8000b310 (0xff9ff06f)
core   0: 0x8000b308 (0x00001f17) auipc   t5, 0x1
core   0: 3 0x8000b308 (0x00001f17) x30 0x8000c308
core   0: 0x8000b30c (0xce3f2c23) sw      gp, -776(t5)
core   0: 3 0x8000b30c (0xce3f2c23) mem 0x8000c000 0x00000001
core   0: 0x8000b310 (0xff9ff06f) j       pc - 0x8
core   0: 3 0x8000b310 (0xff9ff06f)
core   0: 0x8000b308 (0x00001f17) auipc   t5, 0x1
core   0: 3 0x8000b308 (0x00001f17) x30 0x8000c308
core   0: 0x8000b30c (0xce3f2c23) sw      gp, -776(t5)
core   0: 3 0x8000b30c (0xce3f2c23) mem 0x8000c000 0x00000001
core   0: 0x8000b310 (0xff9ff06f) j       pc - 0x8
core   0: 3 0x8000b310 (0xff9ff06f)
core   0: 0x8000b308 (0x00001f17) auipc   t5, 0x1
core   0: 3 0x8000b308 (0x00001f17) x30 0x8000c308
core   0: 0x8000b30c (0xce3f2c23) sw      gp, -776(t5)
core   0: 3 0x8000b30c (0xce3f2c23) mem 0x8000c000 0x00000001
core   0: 0x8000b310 (0xff9ff06f) j       pc - 0x8
core   0: 3 0x8000b310 (0xff9ff06f)
core   0: 0x8000b308 (0x00001f17) auipc   t5, 0x1
core   0: 3 0x8000b308 (0x00001f17) x30 0x8000c308
core   0: 0x8000b30c (0xce3f2c23) sw      gp, -776(t5)
core   0: 3 0x8000b30c (0xce3f2c23) mem 0x8000c000 0x00000001
core   0: 0x8000b310 (0xff9ff06f) j       pc - 0x8
core   0: 3 0x8000b310 (0xff9ff06f)
core   0: 0x8000b308 (0x00001f17) auipc   t5, 0x1
core   0: 3 0x8000b308 (0x00001f17) x30 0x8000c308
core   0: 0x8000b30c (0xce3f2c23) sw      gp, -776(t5)
core   0: 3 0x8000b30c (0xce3f2c23) mem 0x8000c000 0x00000001
core   0: 0x8000b310 (0xff9ff06f) j       pc - 0x8
core   0: 3 0x8000b310 (0xff9ff06f)
core   0: 0x8000b308 (0x00001f17) auipc   t5, 0x1
core   0: 3 0x8000b308 (0x00001f17) x30 0x8000c308
core   0: 0x8000b30c (0xce3f2c23) sw      gp, -776(t5)
core   0: 3 0x8000b30c (0xce3f2c23) mem 0x8000c000 0x00000001
core   0: 0x8000b310 (0xff9ff06f) j       pc - 0x8
core   0: 3 0x8000b310 (0xff9ff06f)
core   0: 0x8000b308 (0x00001f17) auipc   t5, 0x1
core   0: 3 0x8000b308 (0x00001f17) x30 0x8000c308
core   0: 0x8000b30c (0xce3f2c23) sw      gp, -776(t5)
core   0: 3 0x8000b30c (0xce3f2c23) mem 0x8000c000 0x00000001
core   0: 0x8000b310 (0xff9ff06f) j       pc - 0x8
core   0: 3 0x8000b310 (0xff9ff06f)
core   0: 0x8000b308 (0x00001f17) auipc   t5, 0x1
core   0: 3 0x8000b308 (0x00001f17) x30 0x8000c308
core   0: 0x8000b30c (0xce3f2c23) sw      gp, -776(t5)
core   0: 3 0x8000b30c (0xce3f2c23) mem 0x8000c000 0x00000001
core   0: 0x8000b310 (0xff9ff06f) j       pc - 0x8
core   0: 3 0x8000b310 (0xff9ff06f)
core   0: 0x8000b308 (0x00001f17) auipc   t5, 0x1
core   0: 3 0x8000b308 (0x00001f17) x30 0x8000c308
core   0: 0x8000b30c (0xce3f2c23) sw      gp, -776(t5)
core   0: 3 0x8000b30c (0xce3f2c23) mem 0x8000c000 0x00000001
core   0: 0x8000b310 (0xff9ff06f) j       pc - 0x8
core   0: 3 0x8000b310 (0xff9ff06f)
core   0: 0x8000b308 (0x00001f17) auipc   t5, 0x1
core   0: 3 0x8000b308 (0x00001f17) x30 0x8000c308
core   0: 0x8000b30c (0xce3f2c23) sw      gp, -776(t5)
core   0: 3 0x8000b30c (0xce3f2c23) mem 0x8000c000 0x00000001
core   0: 0x8000b310 (0xff9ff06f) j       pc - 0x8
core   0: 3 0x8000b310 (0xff9ff06f)
core   0: 0x8000b308 (0x00001f17) auipc   t5, 0x1
core   0: 3 0x8000b308 (0x00001f17) x30 0x8000c308
core   0: 0x8000b30c (0xce3f2c23) sw      gp, -776(t5)
core   0: 3 0x8000b30c (0xce3f2c23) mem 0x8000c000 0x00000001
core   0: 0x8000b310 (0xff9ff06f) j       pc - 0x8
core   0: 3 0x8000b310 (0xff9ff06f)
core   0: 0x8000b308 (0x00001f17) auipc   t5, 0x1
core   0: 3 0x8000b308 (0x00001f17) x30 0x8000c308
core   0: 0x8000b30c (0xce3f2c23) sw      gp, -776(t5)
core   0: 3 0x8000b30c (0xce3f2c23) mem 0x8000c000 0x00000001
core   0: 0x8000b310 (0xff9ff06f) j       pc - 0x8
core   0: 3 0x8000b310 (0xff9ff06f)
core   0: 0x8000b308 (0x00001f17) auipc   t5, 0x1
core   0: 3 0x8000b308 (0x00001f17) x30 0x8000c308
core   0: 0x8000b30c (0xce3f2c23) sw      gp, -776(t5)
core   0: 3 0x8000b30c (0xce3f2c23) mem 0x8000c000 0x00000001
core   0: 0x8000b310 (0xff9ff06f) j       pc - 0x8
core   0: 3 0x8000b310 (0xff9ff06f)
core   0: 0x8000b308 (0x00001f17) auipc   t5, 0x1
core   0: 3 0x8000b308 (0x00001f17) x30 0x8000c308
core   0: 0x8000b30c (0xce3f2c23) sw      gp, -776(t5)
core   0: 3 0x8000b30c (0xce3f2c23) mem 0x8000c000 0x00000001
core   0: 0x8000b310 (0xff9ff06f) j       pc - 0x8
core   0: 3 0x8000b310 (0xff9ff06f)
core   0: 0x8000b308 (0x00001f17) auipc   t5, 0x1
core   0: 3 0x8000b308 (0x00001f17) x30 0x8000c308
core   0: 0x8000b30c (0xce3f2c23) sw      gp, -776(t5)
core   0: 3 0x8000b30c (0xce3f2c23) mem 0x8000c000 0x00000001
core   0: 0x8000b310 (0xff9ff06f) j       pc - 0x8
core   0: 3 0x8000b310 (0xff9ff06f)
core   0: 0x8000b308 (0x00001f17) auipc   t5, 0x1
core   0: 3 0x8000b308 (0x00001f17) x30 0x8000c308
core   0: 0x8000b30c (0xce3f2c23) sw      gp, -776(t5)
core   0: 3 0x8000b30c (0xce3f2c23) mem 0x8000c000 0x00000001
core   0: 0x8000b310 (0xff9ff06f) j       pc - 0x8
core   0: 3 0x8000b310 (0xff9ff06f)
core   0: 0x8000b308 (0x00001f17) auipc   t5, 0x1
core   0: 3 0x8000b308 (0x00001f17) x30 0x8000c308
core   0: 0x8000b30c (0xce3f2c23) sw      gp, -776(t5)
core   0: 3 0x8000b30c (0xce3f2c23) mem 0x8000c000 0x00000001
core   0: 0x8000b310 (0xff9ff06f) j       pc - 0x8
core   0: 3 0x8000b310 (0xff9ff06f)
core   0: 0x8000b308 (0x00001f17) auipc   t5, 0x1
core   0: 3 0x8000b308 (0x00001f17) x30 0x8000c308
core   0: 0x8000b30c (0xce3f2c23) sw      gp, -776(t5)
core   0: 3 0x8000b30c (0xce3f2c23) mem 0x8000c000 0x00000001
core   0: 0x8000b310 (0xff9ff06f) j       pc - 0x8
core   0: 3 0x8000b310 (0xff9ff06f)
core   0: 0x8000b308 (0x00001f17) auipc   t5, 0x1
core   0: 3 0x8000b308 (0x00001f17) x30 0x8000c308
core   0: 0x8000b30c (0xce3f2c23) sw      gp, -776(t5)
core   0: 3 0x8000b30c (0xce3f2c23) mem 0x8000c000 0x00000001
core   0: 0x8000b310 (0xff9ff06f) j       pc - 0x8
core   0: 3 0x8000b310 (0xff9ff06f)
core   0: 0x8000b308 (0x00001f17) auipc   t5, 0x1
core   0: 3 0x8000b308 (0x00001f17) x30 0x8000c308
core   0: 0x8000b30c (0xce3f2c23) sw      gp, -776(t5)
core   0: 3 0x8000b30c (0xce3f2c23) mem 0x8000c000 0x00000001
core   0: 0x8000b310 (0xff9ff06f) j       pc - 0x8
core   0: 3 0x8000b310 (0xff9ff06f)
core   0: 0x8000b308 (0x00001f17) auipc   t5, 0x1
core   0: 3 0x8000b308 (0x00001f17) x30 0x8000c308
core   0: 0x8000b30c (0xce3f2c23) sw      gp, -776(t5)
core   0: 3 0x8000b30c (0xce3f2c23) mem 0x8000c000 0x00000001
core   0: 0x8000b310 (0xff9ff06f) j       pc - 0x8
core   0: 3 0x8000b310 (0xff9ff06f)
core   0: 0x8000b308 (0x00001f17) auipc   t5, 0x1
core   0: 3 0x8000b308 (0x00001f17) x30 0x8000c308
core   0: 0x8000b30c (0xce3f2c23) sw      gp, -776(t5)
core   0: 3 0x8000b30c (0xce3f2c23) mem 0x8000c000 0x00000001
core   0: 0x8000b310 (0xff9ff06f) j       pc - 0x8
core   0: 3 0x8000b310 (0xff9ff06f)
core   0: 0x8000b308 (0x00001f17) auipc   t5, 0x1
core   0: 3 0x8000b308 (0x00001f17) x30 0x8000c308
core   0: 0x8000b30c (0xce3f2c23) sw      gp, -776(t5)
core   0: 3 0x8000b30c (0xce3f2c23) mem 0x8000c000 0x00000001
core   0: 0x8000b310 (0xff9ff06f) j       pc - 0x8
core   0: 3 0x8000b310 (0xff9ff06f)
core   0: 0x8000b308 (0x00001f17) auipc   t5, 0x1
core   0: 3 0x8000b308 (0x00001f17) x30 0x8000c308
core   0: 0x8000b30c (0xce3f2c23) sw      gp, -776(t5)
core   0: 3 0x8000b30c (0xce3f2c23) mem 0x8000c000 0x00000001
core   0: 0x8000b310 (0xff9ff06f) j       pc - 0x8
core   0: 3 0x8000b310 (0xff9ff06f)
core   0: 0x8000b308 (0x00001f17) auipc   t5, 0x1
core   0: 3 0x8000b308 (0x00001f17) x30 0x8000c308
core   0: 0x8000b30c (0xce3f2c23) sw      gp, -776(t5)
core   0: 3 0x8000b30c (0xce3f2c23) mem 0x8000c000 0x00000001
core   0: 0x8000b310 (0xff9ff06f) j       pc - 0x8
core   0: 3 0x8000b310 (0xff9ff06f)
core   0: 0x8000b308 (0x00001f17) auipc   t5, 0x1
core   0: 3 0x8000b308 (0x00001f17) x30 0x8000c308
core   0: 0x8000b30c (0xce3f2c23) sw      gp, -776(t5)
core   0: 3 0x8000b30c (0xce3f2c23) mem 0x8000c000 0x00000001
core   0: 0x8000b310 (0xff9ff06f) j       pc - 0x8
core   0: 3 0x8000b310 (0xff9ff06f)
core   0: 0x8000b308 (0x00001f17) auipc   t5, 0x1
core   0: 3 0x8000b308 (0x00001f17) x30 0x8000c308
core   0: 0x8000b30c (0xce3f2c23) sw      gp, -776(t5)
core   0: 3 0x8000b30c (0xce3f2c23) mem 0x8000c000 0x00000001
core   0: 0x8000b310 (0xff9ff06f) j       pc - 0x8
core   0: 3 0x8000b310 (0xff9ff06f)
core   0: 0x8000b308 (0x00001f17) auipc   t5, 0x1
core   0: 3 0x8000b308 (0x00001f17) x30 0x8000c308
core   0: 0x8000b30c (0xce3f2c23) sw      gp, -776(t5)
core   0: 3 0x8000b30c (0xce3f2c23) mem 0x8000c000 0x00000001
core   0: 0x8000b310 (0xff9ff06f) j       pc - 0x8
core   0: 3 0x8000b310 (0xff9ff06f)
core   0: 0x8000b308 (0x00001f17) auipc   t5, 0x1
core   0: 3 0x8000b308 (0x00001f17) x30 0x8000c308
core   0: 0x8000b30c (0xce3f2c23) sw      gp, -776(t5)
core   0: 3 0x8000b30c (0xce3f2c23) mem 0x8000c000 0x00000001
core   0: 0x8000b310 (0xff9ff06f) j       pc - 0x8
core   0: 3 0x8000b310 (0xff9ff06f)
core   0: 0x8000b308 (0x00001f17) auipc   t5, 0x1
core   0: 3 0x8000b308 (0x00001f17) x30 0x8000c308
core   0: 0x8000b30c (0xce3f2c23) sw      gp, -776(t5)
core   0: 3 0x8000b30c (0xce3f2c23) mem 0x8000c000 0x00000001
core   0: 0x8000b310 (0xff9ff06f) j       pc - 0x8
core   0: 3 0x8000b310 (0xff9ff06f)
core   0: 0x8000b308 (0x00001f17) auipc   t5, 0x1
core   0: 3 0x8000b308 (0x00001f17) x30 0x8000c308
core   0: 0x8000b30c (0xce3f2c23) sw      gp, -776(t5)
core   0: 3 0x8000b30c (0xce3f2c23) mem 0x8000c000 0x00000001
core   0: 0x8000b310 (0xff9ff06f) j       pc - 0x8
core   0: 3 0x8000b310 (0xff9ff06f)
core   0: 0x8000b308 (0x00001f17) auipc   t5, 0x1
core   0: 3 0x8000b308 (0x00001f17) x30 0x8000c308
core   0: 0x8000b30c (0xce3f2c23) sw      gp, -776(t5)
core   0: 3 0x8000b30c (0xce3f2c23) mem 0x8000c000 0x00000001
core   0: 0x8000b310 (0xff9ff06f) j       pc - 0x8
core   0: 3 0x8000b310 (0xff9ff06f)
core   0: 0x8000b308 (0x00001f17) auipc   t5, 0x1
core   0: 3 0x8000b308 (0x00001f17) x30 0x8000c308
core   0: 0x8000b30c (0xce3f2c23) sw      gp, -776(t5)
core   0: 3 0x8000b30c (0xce3f2c23) mem 0x8000c000 0x00000001
core   0: 0x8000b310 (0xff9ff06f) j       pc - 0x8
core   0: 3 0x8000b310 (0xff9ff06f)
core   0: 0x8000b308 (0x00001f17) auipc   t5, 0x1
core   0: 3 0x8000b308 (0x00001f17) x30 0x8000c308
core   0: 0x8000b30c (0xce3f2c23) sw      gp, -776(t5)
core   0: 3 0x8000b30c (0xce3f2c23) mem 0x8000c000 0x00000001
core   0: 0x8000b310 (0xff9ff06f) j       pc - 0x8
core   0: 3 0x8000b310 (0xff9ff06f)
core   0: 0x8000b308 (0x00001f17) auipc   t5, 0x1
core   0: 3 0x8000b308 (0x00001f17) x30 0x8000c308
core   0: 0x8000b30c (0xce3f2c23) sw      gp, -776(t5)
core   0: 3 0x8000b30c (0xce3f2c23) mem 0x8000c000 0x00000001
core   0: 0x8000b310 (0xff9ff06f) j       pc - 0x8
core   0: 3 0x8000b310 (0xff9ff06f)
core   0: 0x8000b308 (0x00001f17) auipc   t5, 0x1
core   0: 3 0x8000b308 (0x00001f17) x30 0x8000c308
core   0: 0x8000b30c (0xce3f2c23) sw      gp, -776(t5)
core   0: 3 0x8000b30c (0xce3f2c23) mem 0x8000c000 0x00000001
core   0: 0x8000b310 (0xff9ff06f) j       pc - 0x8
core   0: 3 0x8000b310 (0xff9ff06f)
core   0: 0x8000b308 (0x00001f17) auipc   t5, 0x1
core   0: 3 0x8000b308 (0x00001f17) x30 0x8000c308
core   0: 0x8000b30c (0xce3f2c23) sw      gp, -776(t5)
core   0: 3 0x8000b30c (0xce3f2c23) mem 0x8000c000 0x00000001
core   0: 0x8000b310 (0xff9ff06f) j       pc - 0x8
core   0: 3 0x8000b310 (0xff9ff06f)
core   0: 0x8000b308 (0x00001f17) auipc   t5, 0x1
core   0: 3 0x8000b308 (0x00001f17) x30 0x8000c308
core   0: 0x8000b30c (0xce3f2c23) sw      gp, -776(t5)
core   0: 3 0x8000b30c (0xce3f2c23) mem 0x8000c000 0x00000001
core   0: 0x8000b310 (0xff9ff06f) j       pc - 0x8
core   0: 3 0x8000b310 (0xff9ff06f)
core   0: 0x8000b308 (0x00001f17) auipc   t5, 0x1
core   0: 3 0x8000b308 (0x00001f17) x30 0x8000c308
core   0: 0x8000b30c (0xce3f2c23) sw      gp, -776(t5)
core   0: 3 0x8000b30c (0xce3f2c23) mem 0x8000c000 0x00000001
core   0: 0x8000b310 (0xff9ff06f) j       pc - 0x8
core   0: 3 0x8000b310 (0xff9ff06f)
core   0: 0x8000b308 (0x00001f17) auipc   t5, 0x1
core   0: 3 0x8000b308 (0x00001f17) x30 0x8000c308
core   0: 0x8000b30c (0xce3f2c23) sw      gp, -776(t5)
core   0: 3 0x8000b30c (0xce3f2c23) mem 0x8000c000 0x00000001
core   0: 0x8000b310 (0xff9ff06f) j       pc - 0x8
core   0: 3 0x8000b310 (0xff9ff06f)
core   0: 0x8000b308 (0x00001f17) auipc   t5, 0x1
core   0: 3 0x8000b308 (0x00001f17) x30 0x8000c308
core   0: 0x8000b30c (0xce3f2c23) sw      gp, -776(t5)
core   0: 3 0x8000b30c (0xce3f2c23) mem 0x8000c000 0x00000001
core   0: 0x8000b310 (0xff9ff06f) j       pc - 0x8
core   0: 3 0x8000b310 (0xff9ff06f)
core   0: 0x8000b308 (0x00001f17) auipc   t5, 0x1
core   0: 3 0x8000b308 (0x00001f17) x30 0x8000c308
core   0: 0x8000b30c (0xce3f2c23) sw      gp, -776(t5)
core   0: 3 0x8000b30c (0xce3f2c23) mem 0x8000c000 0x00000001
core   0: 0x8000b310 (0xff9ff06f) j       pc - 0x8
core   0: 3 0x8000b310 (0xff9ff06f)
core   0: 0x8000b308 (0x00001f17) auipc   t5, 0x1
core   0: 3 0x8000b308 (0x00001f17) x30 0x8000c308
core   0: 0x8000b30c (0xce3f2c23) sw      gp, -776(t5)
core   0: 3 0x8000b30c (0xce3f2c23) mem 0x8000c000 0x00000001
core   0: 0x8000b310 (0xff9ff06f) j       pc - 0x8
core   0: 3 0x8000b310 (0xff9ff06f)
core   0: 0x8000b308 (0x00001f17) auipc   t5, 0x1
core   0: 3 0x8000b308 (0x00001f17) x30 0x8000c308
core   0: 0x8000b30c (0xce3f2c23) sw      gp, -776(t5)
core   0: 3 0x8000b30c (0xce3f2c23) mem 0x8000c000 0x00000001
core   0: 0x8000b310 (0xff9ff06f) j       pc - 0x8
core   0: 3 0x8000b310 (0xff9ff06f)
core   0: 0x8000b308 (0x00001f17) auipc   t5, 0x1
core   0: 3 0x8000b308 (0x00001f17) x30 0x8000c308
core   0: 0x8000b30c (0xce3f2c23) sw      gp, -776(t5)
core   0: 3 0x8000b30c (0xce3f2c23) mem 0x8000c000 0x00000001
core   0: 0x8000b310 (0xff9ff06f) j       pc - 0x8
core   0: 3 0x8000b310 (0xff9ff06f)
core   0: 0x8000b308 (0x00001f17) auipc   t5, 0x1
core   0: 3 0x8000b308 (0x00001f17) x30 0x8000c308
core   0: 0x8000b30c (0xce3f2c23) sw      gp, -776(t5)
core   0: 3 0x8000b30c (0xce3f2c23) mem 0x8000c000 0x00000001
core   0: 0x8000b310 (0xff9ff06f) j       pc - 0x8
core   0: 3 0x8000b310 (0xff9ff06f)
core   0: 0x8000b308 (0x00001f17) auipc   t5, 0x1
core   0: 3 0x8000b308 (0x00001f17) x30 0x8000c308
core   0: 0x8000b30c (0xce3f2c23) sw      gp, -776(t5)
core   0: 3 0x8000b30c (0xce3f2c23) mem 0x8000c000 0x00000001
core   0: 0x8000b310 (0xff9ff06f) j       pc - 0x8
core   0: 3 0x8000b310 (0xff9ff06f)
core   0: 0x8000b308 (0x00001f17) auipc   t5, 0x1
core   0: 3 0x8000b308 (0x00001f17) x30 0x8000c308
core   0: 0x8000b30c (0xce3f2c23) sw      gp, -776(t5)
core   0: 3 0x8000b30c (0xce3f2c23) mem 0x8000c000 0x00000001
core   0: 0x8000b310 (0xff9ff06f) j       pc - 0x8
core   0: 3 0x8000b310 (0xff9ff06f)
core   0: 0x8000b308 (0x00001f17) auipc   t5, 0x1
core   0: 3 0x8000b308 (0x00001f17) x30 0x8000c308
core   0: 0x8000b30c (0xce3f2c23) sw      gp, -776(t5)
core   0: 3 0x8000b30c (0xce3f2c23) mem 0x8000c000 0x00000001
core   0: 0x8000b310 (0xff9ff06f) j       pc - 0x8
core   0: 3 0x8000b310 (0xff9ff06f)
core   0: 0x8000b308 (0x00001f17) auipc   t5, 0x1
core   0: 3 0x8000b308 (0x00001f17) x30 0x8000c308
core   0: 0x8000b30c (0xce3f2c23) sw      gp, -776(t5)
core   0: 3 0x8000b30c (0xce3f2c23) mem 0x8000c000 0x00000001
core   0: 0x8000b310 (0xff9ff06f) j       pc - 0x8
core   0: 3 0x8000b310 (0xff9ff06f)
core   0: 0x8000b308 (0x00001f17) auipc   t5, 0x1
core   0: 3 0x8000b308 (0x00001f17) x30 0x8000c308
core   0: 0x8000b30c (0xce3f2c23) sw      gp, -776(t5)
core   0: 3 0x8000b30c (0xce3f2c23) mem 0x8000c000 0x00000001
core   0: 0x8000b310 (0xff9ff06f) j       pc - 0x8
core   0: 3 0x8000b310 (0xff9ff06f)
core   0: 0x8000b308 (0x00001f17) auipc   t5, 0x1
core   0: 3 0x8000b308 (0x00001f17) x30 0x8000c308
core   0: 0x8000b30c (0xce3f2c23) sw      gp, -776(t5)
core   0: 3 0x8000b30c (0xce3f2c23) mem 0x8000c000 0x00000001
core   0: 0x8000b310 (0xff9ff06f) j       pc - 0x8
core   0: 3 0x8000b310 (0xff9ff06f)
core   0: 0x8000b308 (0x00001f17) auipc   t5, 0x1
core   0: 3 0x8000b308 (0x00001f17) x30 0x8000c308
core   0: 0x8000b30c (0xce3f2c23) sw      gp, -776(t5)
core   0: 3 0x8000b30c (0xce3f2c23) mem 0x8000c000 0x00000001
core   0: 0x8000b310 (0xff9ff06f) j       pc - 0x8
core   0: 3 0x8000b310 (0xff9ff06f)
core   0: 0x8000b308 (0x00001f17) auipc   t5, 0x1
core   0: 3 0x8000b308 (0x00001f17) x30 0x8000c308
core   0: 0x8000b30c (0xce3f2c23) sw      gp, -776(t5)
core   0: 3 0x8000b30c (0xce3f2c23) mem 0x8000c000 0x00000001
core   0: 0x8000b310 (0xff9ff06f) j       pc - 0x8
core   0: 3 0x8000b310 (0xff9ff06f)
core   0: 0x8000b308 (0x00001f17) auipc   t5, 0x1
core   0: 3 0x8000b308 (0x00001f17) x30 0x8000c308
core   0: 0x8000b30c (0xce3f2c23) sw      gp, -776(t5)
core   0: 3 0x8000b30c (0xce3f2c23) mem 0x8000c000 0x00000001
core   0: 0x8000b310 (0xff9ff06f) j       pc - 0x8
core   0: 3 0x8000b310 (0xff9ff06f)
core   0: 0x8000b308 (0x00001f17) auipc   t5, 0x1
core   0: 3 0x8000b308 (0x00001f17) x30 0x8000c308
core   0: 0x8000b30c (0xce3f2c23) sw      gp, -776(t5)
core   0: 3 0x8000b30c (0xce3f2c23) mem 0x8000c000 0x00000001
core   0: 0x8000b310 (0xff9ff06f) j       pc - 0x8
core   0: 3 0x8000b310 (0xff9ff06f)
core   0: 0x8000b308 (0x00001f17) auipc   t5, 0x1
core   0: 3 0x8000b308 (0x00001f17) x30 0x8000c308
core   0: 0x8000b30c (0xce3f2c23) sw      gp, -776(t5)
core   0: 3 0x8000b30c (0xce3f2c23) mem 0x8000c000 0x00000001
core   0: 0x8000b310 (0xff9ff06f) j       pc - 0x8
core   0: 3 0x8000b310 (0xff9ff06f)
core   0: 0x8000b308 (0x00001f17) auipc   t5, 0x1
core   0: 3 0x8000b308 (0x00001f17) x30 0x8000c308
core   0: 0x8000b30c (0xce3f2c23) sw      gp, -776(t5)
core   0: 3 0x8000b30c (0xce3f2c23) mem 0x8000c000 0x00000001
core   0: 0x8000b310 (0xff9ff06f) j       pc - 0x8
core   0: 3 0x8000b310 (0xff9ff06f)
core   0: 0x8000b308 (0x00001f17) auipc   t5, 0x1
core   0: 3 0x8000b308 (0x00001f17) x30 0x8000c308
core   0: 0x8000b30c (0xce3f2c23) sw      gp, -776(t5)
core   0: 3 0x8000b30c (0xce3f2c23) mem 0x8000c000 0x00000001
core   0: 0x8000b310 (0xff9ff06f) j       pc - 0x8
core   0: 3 0x8000b310 (0xff9ff06f)
core   0: 0x8000b308 (0x00001f17) auipc   t5, 0x1
core   0: 3 0x8000b308 (0x00001f17) x30 0x8000c308
core   0: 0x8000b30c (0xce3f2c23) sw      gp, -776(t5)
core   0: 3 0x8000b30c (0xce3f2c23) mem 0x8000c000 0x00000001
core   0: 0x8000b310 (0xff9ff06f) j       pc - 0x8
core   0: 3 0x8000b310 (0xff9ff06f)
core   0: 0x8000b308 (0x00001f17) auipc   t5, 0x1
core   0: 3 0x8000b308 (0x00001f17) x30 0x8000c308
core   0: 0x8000b30c (0xce3f2c23) sw      gp, -776(t5)
core   0: 3 0x8000b30c (0xce3f2c23) mem 0x8000c000 0x00000001
core   0: 0x8000b310 (0xff9ff06f) j       pc - 0x8
core   0: 3 0x8000b310 (0xff9ff06f)
core   0: 0x8000b308 (0x00001f17) auipc   t5, 0x1
core   0: 3 0x8000b308 (0x00001f17) x30 0x8000c308
core   0: 0x8000b30c (0xce3f2c23) sw      gp, -776(t5)
core   0: 3 0x8000b30c (0xce3f2c23) mem 0x8000c000 0x00000001
core   0: 0x8000b310 (0xff9ff06f) j       pc - 0x8
core   0: 3 0x8000b310 (0xff9ff06f)
core   0: 0x8000b308 (0x00001f17) auipc   t5, 0x1
core   0: 3 0x8000b308 (0x00001f17) x30 0x8000c308
core   0: 0x8000b30c (0xce3f2c23) sw      gp, -776(t5)
core   0: 3 0x8000b30c (0xce3f2c23) mem 0x8000c000 0x00000001
core   0: 0x8000b310 (0xff9ff06f) j       pc - 0x8
core   0: 3 0x8000b310 (0xff9ff06f)
core   0: 0x8000b308 (0x00001f17) auipc   t5, 0x1
core   0: 3 0x8000b308 (0x00001f17) x30 0x8000c308
core   0: 0x8000b30c (0xce3f2c23) sw      gp, -776(t5)
core   0: 3 0x8000b30c (0xce3f2c23) mem 0x8000c000 0x00000001
core   0: 0x8000b310 (0xff9ff06f) j       pc - 0x8
core   0: 3 0x8000b310 (0xff9ff06f)
core   0: 0x8000b308 (0x00001f17) auipc   t5, 0x1
core   0: 3 0x8000b308 (0x00001f17) x30 0x8000c308
core   0: 0x8000b30c (0xce3f2c23) sw      gp, -776(t5)
core   0: 3 0x8000b30c (0xce3f2c23) mem 0x8000c000 0x00000001
core   0: 0x8000b310 (0xff9ff06f) j       pc - 0x8
core   0: 3 0x8000b310 (0xff9ff06f)
core   0: 0x8000b308 (0x00001f17) auipc   t5, 0x1
core   0: 3 0x8000b308 (0x00001f17) x30 0x8000c308
core   0: 0x8000b30c (0xce3f2c23) sw      gp, -776(t5)
core   0: 3 0x8000b30c (0xce3f2c23) mem 0x8000c000 0x00000001
core   0: 0x8000b310 (0xff9ff06f) j       pc - 0x8
core   0: 3 0x8000b310 (0xff9ff06f)
core   0: 0x8000b308 (0x00001f17) auipc   t5, 0x1
core   0: 3 0x8000b308 (0x00001f17) x30 0x8000c308
core   0: 0x8000b30c (0xce3f2c23) sw      gp, -776(t5)
core   0: 3 0x8000b30c (0xce3f2c23) mem 0x8000c000 0x00000001
core   0: 0x8000b310 (0xff9ff06f) j       pc - 0x8
core   0: 3 0x8000b310 (0xff9ff06f)
core   0: 0x8000b308 (0x00001f17) auipc   t5, 0x1
core   0: 3 0x8000b308 (0x00001f17) x30 0x8000c308
core   0: 0x8000b30c (0xce3f2c23) sw      gp, -776(t5)
core   0: 3 0x8000b30c (0xce3f2c23) mem 0x8000c000 0x00000001
core   0: 0x8000b310 (0xff9ff06f) j       pc - 0x8
core   0: 3 0x8000b310 (0xff9ff06f)
core   0: 0x8000b308 (0x00001f17) auipc   t5, 0x1
core   0: 3 0x8000b308 (0x00001f17) x30 0x8000c308
core   0: 0x8000b30c (0xce3f2c23) sw      gp, -776(t5)
core   0: 3 0x8000b30c (0xce3f2c23) mem 0x8000c000 0x00000001
core   0: 0x8000b310 (0xff9ff06f) j       pc - 0x8
core   0: 3 0x8000b310 (0xff9ff06f)
core   0: 0x8000b308 (0x00001f17) auipc   t5, 0x1
core   0: 3 0x8000b308 (0x00001f17) x30 0x8000c308
core   0: 0x8000b30c (0xce3f2c23) sw      gp, -776(t5)
core   0: 3 0x8000b30c (0xce3f2c23) mem 0x8000c000 0x00000001
core   0: 0x8000b310 (0xff9ff06f) j       pc - 0x8
core   0: 3 0x8000b310 (0xff9ff06f)
core   0: 0x8000b308 (0x00001f17) auipc   t5, 0x1
core   0: 3 0x8000b308 (0x00001f17) x30 0x8000c308
core   0: 0x8000b30c (0xce3f2c23) sw      gp, -776(t5)
core   0: 3 0x8000b30c (0xce3f2c23) mem 0x8000c000 0x00000001
core   0: 0x8000b310 (0xff9ff06f) j       pc - 0x8
core   0: 3 0x8000b310 (0xff9ff06f)
core   0: 0x8000b308 (0x00001f17) auipc   t5, 0x1
core   0: 3 0x8000b308 (0x00001f17) x30 0x8000c308
core   0: 0x8000b30c (0xce3f2c23) sw      gp, -776(t5)
core   0: 3 0x8000b30c (0xce3f2c23) mem 0x8000c000 0x00000001
core   0: 0x8000b310 (0xff9ff06f) j       pc - 0x8
core   0: 3 0x8000b310 (0xff9ff06f)
core   0: 0x8000b308 (0x00001f17) auipc   t5, 0x1
core   0: 3 0x8000b308 (0x00001f17) x30 0x8000c308
core   0: 0x8000b30c (0xce3f2c23) sw      gp, -776(t5)
core   0: 3 0x8000b30c (0xce3f2c23) mem 0x8000c000 0x00000001
core   0: 0x8000b310 (0xff9ff06f) j       pc - 0x8
core   0: 3 0x8000b310 (0xff9ff06f)
core   0: 0x8000b308 (0x00001f17) auipc   t5, 0x1
core   0: 3 0x8000b308 (0x00001f17) x30 0x8000c308
core   0: 0x8000b30c (0xce3f2c23) sw      gp, -776(t5)
core   0: 3 0x8000b30c (0xce3f2c23) mem 0x8000c000 0x00000001
core   0: 0x8000b310 (0xff9ff06f) j       pc - 0x8
core   0: 3 0x8000b310 (0xff9ff06f)
core   0: 0x8000b308 (0x00001f17) auipc   t5, 0x1
core   0: 3 0x8000b308 (0x00001f17) x30 0x8000c308
core   0: 0x8000b30c (0xce3f2c23) sw      gp, -776(t5)
core   0: 3 0x8000b30c (0xce3f2c23) mem 0x8000c000 0x00000001
core   0: 0x8000b310 (0xff9ff06f) j       pc - 0x8
core   0: 3 0x8000b310 (0xff9ff06f)
core   0: 0x8000b308 (0x00001f17) auipc   t5, 0x1
core   0: 3 0x8000b308 (0x00001f17) x30 0x8000c308
core   0: 0x8000b30c (0xce3f2c23) sw      gp, -776(t5)
core   0: 3 0x8000b30c (0xce3f2c23) mem 0x8000c000 0x00000001
core   0: 0x8000b310 (0xff9ff06f) j       pc - 0x8
core   0: 3 0x8000b310 (0xff9ff06f)
core   0: 0x8000b308 (0x00001f17) auipc   t5, 0x1
core   0: 3 0x8000b308 (0x00001f17) x30 0x8000c308
core   0: 0x8000b30c (0xce3f2c23) sw      gp, -776(t5)
core   0: 3 0x8000b30c (0xce3f2c23) mem 0x8000c000 0x00000001
core   0: 0x8000b310 (0xff9ff06f) j       pc - 0x8
core   0: 3 0x8000b310 (0xff9ff06f)
core   0: 0x8000b308 (0x00001f17) auipc   t5, 0x1
core   0: 3 0x8000b308 (0x00001f17) x30 0x8000c308
core   0: 0x8000b30c (0xce3f2c23) sw      gp, -776(t5)
core   0: 3 0x8000b30c (0xce3f2c23) mem 0x8000c000 0x00000001
core   0: 0x8000b310 (0xff9ff06f) j       pc - 0x8
core   0: 3 0x8000b310 (0xff9ff06f)
core   0: 0x8000b308 (0x00001f17) auipc   t5, 0x1
core   0: 3 0x8000b308 (0x00001f17) x30 0x8000c308
core   0: 0x8000b30c (0xce3f2c23) sw      gp, -776(t5)
core   0: 3 0x8000b30c (0xce3f2c23) mem 0x8000c000 0x00000001
core   0: 0x8000b310 (0xff9ff06f) j       pc - 0x8
core   0: 3 0x8000b310 (0xff9ff06f)
core   0: 0x8000b308 (0x00001f17) auipc   t5, 0x1
core   0: 3 0x8000b308 (0x00001f17) x30 0x8000c308
core   0: 0x8000b30c (0xce3f2c23) sw      gp, -776(t5)
core   0: 3 0x8000b30c (0xce3f2c23) mem 0x8000c000 0x00000001
core   0: 0x8000b310 (0xff9ff06f) j       pc - 0x8
core   0: 3 0x8000b310 (0xff9ff06f)
core   0: 0x8000b308 (0x00001f17) auipc   t5, 0x1
core   0: 3 0x8000b308 (0x00001f17) x30 0x8000c308
core   0: 0x8000b30c (0xce3f2c23) sw      gp, -776(t5)
core   0: 3 0x8000b30c (0xce3f2c23) mem 0x8000c000 0x00000001
core   0: 0x8000b310 (0xff9ff06f) j       pc - 0x8
core   0: 3 0x8000b310 (0xff9ff06f)
core   0: 0x8000b308 (0x00001f17) auipc   t5, 0x1
core   0: 3 0x8000b308 (0x00001f17) x30 0x8000c308
core   0: 0x8000b30c (0xce3f2c23) sw      gp, -776(t5)
core   0: 3 0x8000b30c (0xce3f2c23) mem 0x8000c000 0x00000001
core   0: 0x8000b310 (0xff9ff06f) j       pc - 0x8
core   0: 3 0x8000b310 (0xff9ff06f)
core   0: 0x8000b308 (0x00001f17) auipc   t5, 0x1
core   0: 3 0x8000b308 (0x00001f17) x30 0x8000c308
core   0: 0x8000b30c (0xce3f2c23) sw      gp, -776(t5)
core   0: 3 0x8000b30c (0xce3f2c23) mem 0x8000c000 0x00000001
core   0: 0x8000b310 (0xff9ff06f) j       pc - 0x8
core   0: 3 0x8000b310 (0xff9ff06f)
core   0: 0x8000b308 (0x00001f17) auipc   t5, 0x1
core   0: 3 0x8000b308 (0x00001f17) x30 0x8000c308
core   0: 0x8000b30c (0xce3f2c23) sw      gp, -776(t5)
core   0: 3 0x8000b30c (0xce3f2c23) mem 0x8000c000 0x00000001
core   0: 0x8000b310 (0xff9ff06f) j       pc - 0x8
core   0: 3 0x8000b310 (0xff9ff06f)
core   0: 0x8000b308 (0x00001f17) auipc   t5, 0x1
core   0: 3 0x8000b308 (0x00001f17) x30 0x8000c308
core   0: 0x8000b30c (0xce3f2c23) sw      gp, -776(t5)
core   0: 3 0x8000b30c (0xce3f2c23) mem 0x8000c000 0x00000001
core   0: 0x8000b310 (0xff9ff06f) j       pc - 0x8
core   0: 3 0x8000b310 (0xff9ff06f)
core   0: 0x8000b308 (0x00001f17) auipc   t5, 0x1
core   0: 3 0x8000b308 (0x00001f17) x30 0x8000c308
core   0: 0x8000b30c (0xce3f2c23) sw      gp, -776(t5)
core   0: 3 0x8000b30c (0xce3f2c23) mem 0x8000c000 0x00000001
core   0: 0x8000b310 (0xff9ff06f) j       pc - 0x8
core   0: 3 0x8000b310 (0xff9ff06f)
core   0: 0x8000b308 (0x00001f17) auipc   t5, 0x1
core   0: 3 0x8000b308 (0x00001f17) x30 0x8000c308
core   0: 0x8000b30c (0xce3f2c23) sw      gp, -776(t5)
core   0: 3 0x8000b30c (0xce3f2c23) mem 0x8000c000 0x00000001
core   0: 0x8000b310 (0xff9ff06f) j       pc - 0x8
core   0: 3 0x8000b310 (0xff9ff06f)
core   0: 0x8000b308 (0x00001f17) auipc   t5, 0x1
core   0: 3 0x8000b308 (0x00001f17) x30 0x8000c308
core   0: 0x8000b30c (0xce3f2c23) sw      gp, -776(t5)
core   0: 3 0x8000b30c (0xce3f2c23) mem 0x8000c000 0x00000001
core   0: 0x8000b310 (0xff9ff06f) j       pc - 0x8
core   0: 3 0x8000b310 (0xff9ff06f)
core   0: 0x8000b308 (0x00001f17) auipc   t5, 0x1
core   0: 3 0x8000b308 (0x00001f17) x30 0x8000c308
core   0: 0x8000b30c (0xce3f2c23) sw      gp, -776(t5)
core   0: 3 0x8000b30c (0xce3f2c23) mem 0x8000c000 0x00000001
core   0: 0x8000b310 (0xff9ff06f) j       pc - 0x8
core   0: 3 0x8000b310 (0xff9ff06f)
core   0: 0x8000b308 (0x00001f17) auipc   t5, 0x1
core   0: 3 0x8000b308 (0x00001f17) x30 0x8000c308
core   0: 0x8000b30c (0xce3f2c23) sw      gp, -776(t5)
core   0: 3 0x8000b30c (0xce3f2c23) mem 0x8000c000 0x00000001
core   0: 0x8000b310 (0xff9ff06f) j       pc - 0x8
core   0: 3 0x8000b310 (0xff9ff06f)
core   0: 0x8000b308 (0x00001f17) auipc   t5, 0x1
core   0: 3 0x8000b308 (0x00001f17) x30 0x8000c308
core   0: 0x8000b30c (0xce3f2c23) sw      gp, -776(t5)
core   0: 3 0x8000b30c (0xce3f2c23) mem 0x8000c000 0x00000001
core   0: 0x8000b310 (0xff9ff06f) j       pc - 0x8
core   0: 3 0x8000b310 (0xff9ff06f)
core   0: 0x8000b308 (0x00001f17) auipc   t5, 0x1
core   0: 3 0x8000b308 (0x00001f17) x30 0x8000c308
core   0: 0x8000b30c (0xce3f2c23) sw      gp, -776(t5)
core   0: 3 0x8000b30c (0xce3f2c23) mem 0x8000c000 0x00000001
core   0: 0x8000b310 (0xff9ff06f) j       pc - 0x8
core   0: 3 0x8000b310 (0xff9ff06f)
core   0: 0x8000b308 (0x00001f17) auipc   t5, 0x1
core   0: 3 0x8000b308 (0x00001f17) x30 0x8000c308
core   0: 0x8000b30c (0xce3f2c23) sw      gp, -776(t5)
core   0: 3 0x8000b30c (0xce3f2c23) mem 0x8000c000 0x00000001
core   0: 0x8000b310 (0xff9ff06f) j       pc - 0x8
core   0: 3 0x8000b310 (0xff9ff06f)
core   0: 0x8000b308 (0x00001f17) auipc   t5, 0x1
core   0: 3 0x8000b308 (0x00001f17) x30 0x8000c308
core   0: 0x8000b30c (0xce3f2c23) sw      gp, -776(t5)
core   0: 3 0x8000b30c (0xce3f2c23) mem 0x8000c000 0x00000001
core   0: 0x8000b310 (0xff9ff06f) j       pc - 0x8
core   0: 3 0x8000b310 (0xff9ff06f)
core   0: 0x8000b308 (0x00001f17) auipc   t5, 0x1
core   0: 3 0x8000b308 (0x00001f17) x30 0x8000c308
core   0: 0x8000b30c (0xce3f2c23) sw      gp, -776(t5)
core   0: 3 0x8000b30c (0xce3f2c23) mem 0x8000c000 0x00000001
core   0: 0x8000b310 (0xff9ff06f) j       pc - 0x8
core   0: 3 0x8000b310 (0xff9ff06f)
core   0: 0x8000b308 (0x00001f17) auipc   t5, 0x1
core   0: 3 0x8000b308 (0x00001f17) x30 0x8000c308
core   0: 0x8000b30c (0xce3f2c23) sw      gp, -776(t5)
core   0: 3 0x8000b30c (0xce3f2c23) mem 0x8000c000 0x00000001
core   0: 0x8000b310 (0xff9ff06f) j       pc - 0x8
core   0: 3 0x8000b310 (0xff9ff06f)
core   0: 0x8000b308 (0x00001f17) auipc   t5, 0x1
core   0: 3 0x8000b308 (0x00001f17) x30 0x8000c308
core   0: 0x8000b30c (0xce3f2c23) sw      gp, -776(t5)
core   0: 3 0x8000b30c (0xce3f2c23) mem 0x8000c000 0x00000001
core   0: 0x8000b310 (0xff9ff06f) j       pc - 0x8
core   0: 3 0x8000b310 (0xff9ff06f)
core   0: 0x8000b308 (0x00001f17) auipc   t5, 0x1
core   0: 3 0x8000b308 (0x00001f17) x30 0x8000c308
core   0: 0x8000b30c (0xce3f2c23) sw      gp, -776(t5)
core   0: 3 0x8000b30c (0xce3f2c23) mem 0x8000c000 0x00000001
core   0: 0x8000b310 (0xff9ff06f) j       pc - 0x8
core   0: 3 0x8000b310 (0xff9ff06f)
core   0: 0x8000b308 (0x00001f17) auipc   t5, 0x1
core   0: 3 0x8000b308 (0x00001f17) x30 0x8000c308
core   0: 0x8000b30c (0xce3f2c23) sw      gp, -776(t5)
core   0: 3 0x8000b30c (0xce3f2c23) mem 0x8000c000 0x00000001
core   0: 0x8000b310 (0xff9ff06f) j       pc - 0x8
core   0: 3 0x8000b310 (0xff9ff06f)
core   0: 0x8000b308 (0x00001f17) auipc   t5, 0x1
core   0: 3 0x8000b308 (0x00001f17) x30 0x8000c308
core   0: 0x8000b30c (0xce3f2c23) sw      gp, -776(t5)
core   0: 3 0x8000b30c (0xce3f2c23) mem 0x8000c000 0x00000001
core   0: 0x8000b310 (0xff9ff06f) j       pc - 0x8
core   0: 3 0x8000b310 (0xff9ff06f)
core   0: 0x8000b308 (0x00001f17) auipc   t5, 0x1
core   0: 3 0x8000b308 (0x00001f17) x30 0x8000c308
core   0: 0x8000b30c (0xce3f2c23) sw      gp, -776(t5)
core   0: 3 0x8000b30c (0xce3f2c23) mem 0x8000c000 0x00000001
core   0: 0x8000b310 (0xff9ff06f) j       pc - 0x8
core   0: 3 0x8000b310 (0xff9ff06f)
core   0: 0x8000b308 (0x00001f17) auipc   t5, 0x1
core   0: 3 0x8000b308 (0x00001f17) x30 0x8000c308
core   0: 0x8000b30c (0xce3f2c23) sw      gp, -776(t5)
core   0: 3 0x8000b30c (0xce3f2c23) mem 0x8000c000 0x00000001
core   0: 0x8000b310 (0xff9ff06f) j       pc - 0x8
core   0: 3 0x8000b310 (0xff9ff06f)
core   0: 0x8000b308 (0x00001f17) auipc   t5, 0x1
core   0: 3 0x8000b308 (0x00001f17) x30 0x8000c308
core   0: 0x8000b30c (0xce3f2c23) sw      gp, -776(t5)
core   0: 3 0x8000b30c (0xce3f2c23) mem 0x8000c000 0x00000001
core   0: 0x8000b310 (0xff9ff06f) j       pc - 0x8
core   0: 3 0x8000b310 (0xff9ff06f)
core   0: 0x8000b308 (0x00001f17) auipc   t5, 0x1
core   0: 3 0x8000b308 (0x00001f17) x30 0x8000c308
core   0: 0x8000b30c (0xce3f2c23) sw      gp, -776(t5)
core   0: 3 0x8000b30c (0xce3f2c23) mem 0x8000c000 0x00000001
core   0: 0x8000b310 (0xff9ff06f) j       pc - 0x8
core   0: 3 0x8000b310 (0xff9ff06f)
core   0: 0x8000b308 (0x00001f17) auipc   t5, 0x1
core   0: 3 0x8000b308 (0x00001f17) x30 0x8000c308
core   0: 0x8000b30c (0xce3f2c23) sw      gp, -776(t5)
core   0: 3 0x8000b30c (0xce3f2c23) mem 0x8000c000 0x00000001
core   0: 0x8000b310 (0xff9ff06f) j       pc - 0x8
core   0: 3 0x8000b310 (0xff9ff06f)
core   0: 0x8000b308 (0x00001f17) auipc   t5, 0x1
core   0: 3 0x8000b308 (0x00001f17) x30 0x8000c308
core   0: 0x8000b30c (0xce3f2c23) sw      gp, -776(t5)
core   0: 3 0x8000b30c (0xce3f2c23) mem 0x8000c000 0x00000001
core   0: 0x8000b310 (0xff9ff06f) j       pc - 0x8
core   0: 3 0x8000b310 (0xff9ff06f)
core   0: 0x8000b308 (0x00001f17) auipc   t5, 0x1
core   0: 3 0x8000b308 (0x00001f17) x30 0x8000c308
core   0: 0x8000b30c (0xce3f2c23) sw      gp, -776(t5)
core   0: 3 0x8000b30c (0xce3f2c23) mem 0x8000c000 0x00000001
core   0: 0x8000b310 (0xff9ff06f) j       pc - 0x8
core   0: 3 0x8000b310 (0xff9ff06f)
core   0: 0x8000b308 (0x00001f17) auipc   t5, 0x1
core   0: 3 0x8000b308 (0x00001f17) x30 0x8000c308
core   0: 0x8000b30c (0xce3f2c23) sw      gp, -776(t5)
core   0: 3 0x8000b30c (0xce3f2c23) mem 0x8000c000 0x00000001
core   0: 0x8000b310 (0xff9ff06f) j       pc - 0x8
core   0: 3 0x8000b310 (0xff9ff06f)
core   0: 0x8000b308 (0x00001f17) auipc   t5, 0x1
core   0: 3 0x8000b308 (0x00001f17) x30 0x8000c308
core   0: 0x8000b30c (0xce3f2c23) sw      gp, -776(t5)
core   0: 3 0x8000b30c (0xce3f2c23) mem 0x8000c000 0x00000001
core   0: 0x8000b310 (0xff9ff06f) j       pc - 0x8
core   0: 3 0x8000b310 (0xff9ff06f)
core   0: 0x8000b308 (0x00001f17) auipc   t5, 0x1
core   0: 3 0x8000b308 (0x00001f17) x30 0x8000c308
core   0: 0x8000b30c (0xce3f2c23) sw      gp, -776(t5)
core   0: 3 0x8000b30c (0xce3f2c23) mem 0x8000c000 0x00000001
core   0: 0x8000b310 (0xff9ff06f) j       pc - 0x8
core   0: 3 0x8000b310 (0xff9ff06f)
core   0: 0x8000b308 (0x00001f17) auipc   t5, 0x1
core   0: 3 0x8000b308 (0x00001f17) x30 0x8000c308
core   0: 0x8000b30c (0xce3f2c23) sw      gp, -776(t5)
core   0: 3 0x8000b30c (0xce3f2c23) mem 0x8000c000 0x00000001
core   0: 0x8000b310 (0xff9ff06f) j       pc - 0x8
core   0: 3 0x8000b310 (0xff9ff06f)
core   0: 0x8000b308 (0x00001f17) auipc   t5, 0x1
core   0: 3 0x8000b308 (0x00001f17) x30 0x8000c308
core   0: 0x8000b30c (0xce3f2c23) sw      gp, -776(t5)
core   0: 3 0x8000b30c (0xce3f2c23) mem 0x8000c000 0x00000001
core   0: 0x8000b310 (0xff9ff06f) j       pc - 0x8
core   0: 3 0x8000b310 (0xff9ff06f)
core   0: 0x8000b308 (0x00001f17) auipc   t5, 0x1
core   0: 3 0x8000b308 (0x00001f17) x30 0x8000c308
core   0: 0x8000b30c (0xce3f2c23) sw      gp, -776(t5)
core   0: 3 0x8000b30c (0xce3f2c23) mem 0x8000c000 0x00000001
core   0: 0x8000b310 (0xff9ff06f) j       pc - 0x8
core   0: 3 0x8000b310 (0xff9ff06f)
core   0: 0x8000b308 (0x00001f17) auipc   t5, 0x1
core   0: 3 0x8000b308 (0x00001f17) x30 0x8000c308
core   0: 0x8000b30c (0xce3f2c23) sw      gp, -776(t5)
core   0: 3 0x8000b30c (0xce3f2c23) mem 0x8000c000 0x00000001
core   0: 0x8000b310 (0xff9ff06f) j       pc - 0x8
core   0: 3 0x8000b310 (0xff9ff06f)
core   0: 0x8000b308 (0x00001f17) auipc   t5, 0x1
core   0: 3 0x8000b308 (0x00001f17) x30 0x8000c308
core   0: 0x8000b30c (0xce3f2c23) sw      gp, -776(t5)
core   0: 3 0x8000b30c (0xce3f2c23) mem 0x8000c000 0x00000001
core   0: 0x8000b310 (0xff9ff06f) j       pc - 0x8
core   0: 3 0x8000b310 (0xff9ff06f)
core   0: 0x8000b308 (0x00001f17) auipc   t5, 0x1
core   0: 3 0x8000b308 (0x00001f17) x30 0x8000c308
core   0: 0x8000b30c (0xce3f2c23) sw      gp, -776(t5)
core   0: 3 0x8000b30c (0xce3f2c23) mem 0x8000c000 0x00000001
core   0: 0x8000b310 (0xff9ff06f) j       pc - 0x8
core   0: 3 0x8000b310 (0xff9ff06f)
core   0: 0x8000b308 (0x00001f17) auipc   t5, 0x1
core   0: 3 0x8000b308 (0x00001f17) x30 0x8000c308
core   0: 0x8000b30c (0xce3f2c23) sw      gp, -776(t5)
core   0: 3 0x8000b30c (0xce3f2c23) mem 0x8000c000 0x00000001
core   0: 0x8000b310 (0xff9ff06f) j       pc - 0x8
core   0: 3 0x8000b310 (0xff9ff06f)
core   0: 0x8000b308 (0x00001f17) auipc   t5, 0x1
core   0: 3 0x8000b308 (0x00001f17) x30 0x8000c308
core   0: 0x8000b30c (0xce3f2c23) sw      gp, -776(t5)
core   0: 3 0x8000b30c (0xce3f2c23) mem 0x8000c000 0x00000001
core   0: 0x8000b310 (0xff9ff06f) j       pc - 0x8
core   0: 3 0x8000b310 (0xff9ff06f)
core   0: 0x8000b308 (0x00001f17) auipc   t5, 0x1
core   0: 3 0x8000b308 (0x00001f17) x30 0x8000c308
core   0: 0x8000b30c (0xce3f2c23) sw      gp, -776(t5)
core   0: 3 0x8000b30c (0xce3f2c23) mem 0x8000c000 0x00000001
core   0: 0x8000b310 (0xff9ff06f) j       pc - 0x8
core   0: 3 0x8000b310 (0xff9ff06f)
core   0: 0x8000b308 (0x00001f17) auipc   t5, 0x1
core   0: 3 0x8000b308 (0x00001f17) x30 0x8000c308
core   0: 0x8000b30c (0xce3f2c23) sw      gp, -776(t5)
core   0: 3 0x8000b30c (0xce3f2c23) mem 0x8000c000 0x00000001
core   0: 0x8000b310 (0xff9ff06f) j       pc - 0x8
core   0: 3 0x8000b310 (0xff9ff06f)
core   0: 0x8000b308 (0x00001f17) auipc   t5, 0x1
core   0: 3 0x8000b308 (0x00001f17) x30 0x8000c308
core   0: 0x8000b30c (0xce3f2c23) sw      gp, -776(t5)
core   0: 3 0x8000b30c (0xce3f2c23) mem 0x8000c000 0x00000001
core   0: 0x8000b310 (0xff9ff06f) j       pc - 0x8
core   0: 3 0x8000b310 (0xff9ff06f)
core   0: 0x8000b308 (0x00001f17) auipc   t5, 0x1
core   0: 3 0x8000b308 (0x00001f17) x30 0x8000c308
core   0: 0x8000b30c (0xce3f2c23) sw      gp, -776(t5)
core   0: 3 0x8000b30c (0xce3f2c23) mem 0x8000c000 0x00000001
core   0: 0x8000b310 (0xff9ff06f) j       pc - 0x8
core   0: 3 0x8000b310 (0xff9ff06f)
core   0: 0x8000b308 (0x00001f17) auipc   t5, 0x1
core   0: 3 0x8000b308 (0x00001f17) x30 0x8000c308
core   0: 0x8000b30c (0xce3f2c23) sw      gp, -776(t5)
core   0: 3 0x8000b30c (0xce3f2c23) mem 0x8000c000 0x00000001
core   0: 0x8000b310 (0xff9ff06f) j       pc - 0x8
core   0: 3 0x8000b310 (0xff9ff06f)
core   0: 0x8000b308 (0x00001f17) auipc   t5, 0x1
core   0: 3 0x8000b308 (0x00001f17) x30 0x8000c308
core   0: 0x8000b30c (0xce3f2c23) sw      gp, -776(t5)
core   0: 3 0x8000b30c (0xce3f2c23) mem 0x8000c000 0x00000001
core   0: 0x8000b310 (0xff9ff06f) j       pc - 0x8
core   0: 3 0x8000b310 (0xff9ff06f)
core   0: 0x8000b308 (0x00001f17) auipc   t5, 0x1
core   0: 3 0x8000b308 (0x00001f17) x30 0x8000c308
core   0: 0x8000b30c (0xce3f2c23) sw      gp, -776(t5)
core   0: 3 0x8000b30c (0xce3f2c23) mem 0x8000c000 0x00000001
core   0: 0x8000b310 (0xff9ff06f) j       pc - 0x8
core   0: 3 0x8000b310 (0xff9ff06f)
core   0: 0x8000b308 (0x00001f17) auipc   t5, 0x1
core   0: 3 0x8000b308 (0x00001f17) x30 0x8000c308
core   0: 0x8000b30c (0xce3f2c23) sw      gp, -776(t5)
core   0: 3 0x8000b30c (0xce3f2c23) mem 0x8000c000 0x00000001
core   0: 0x8000b310 (0xff9ff06f) j       pc - 0x8
core   0: 3 0x8000b310 (0xff9ff06f)
core   0: 0x8000b308 (0x00001f17) auipc   t5, 0x1
core   0: 3 0x8000b308 (0x00001f17) x30 0x8000c308
core   0: 0x8000b30c (0xce3f2c23) sw      gp, -776(t5)
core   0: 3 0x8000b30c (0xce3f2c23) mem 0x8000c000 0x00000001
core   0: 0x8000b310 (0xff9ff06f) j       pc - 0x8
core   0: 3 0x8000b310 (0xff9ff06f)
core   0: 0x8000b308 (0x00001f17) auipc   t5, 0x1
core   0: 3 0x8000b308 (0x00001f17) x30 0x8000c308
core   0: 0x8000b30c (0xce3f2c23) sw      gp, -776(t5)
core   0: 3 0x8000b30c (0xce3f2c23) mem 0x8000c000 0x00000001
core   0: 0x8000b310 (0xff9ff06f) j       pc - 0x8
core   0: 3 0x8000b310 (0xff9ff06f)
core   0: 0x8000b308 (0x00001f17) auipc   t5, 0x1
core   0: 3 0x8000b308 (0x00001f17) x30 0x8000c308
core   0: 0x8000b30c (0xce3f2c23) sw      gp, -776(t5)
core   0: 3 0x8000b30c (0xce3f2c23) mem 0x8000c000 0x00000001
core   0: 0x8000b310 (0xff9ff06f) j       pc - 0x8
core   0: 3 0x8000b310 (0xff9ff06f)
core   0: 0x8000b308 (0x00001f17) auipc   t5, 0x1
core   0: 3 0x8000b308 (0x00001f17) x30 0x8000c308
core   0: 0x8000b30c (0xce3f2c23) sw      gp, -776(t5)
core   0: 3 0x8000b30c (0xce3f2c23) mem 0x8000c000 0x00000001
core   0: 0x8000b310 (0xff9ff06f) j       pc - 0x8
core   0: 3 0x8000b310 (0xff9ff06f)
core   0: 0x8000b308 (0x00001f17) auipc   t5, 0x1
core   0: 3 0x8000b308 (0x00001f17) x30 0x8000c308
core   0: 0x8000b30c (0xce3f2c23) sw      gp, -776(t5)
core   0: 3 0x8000b30c (0xce3f2c23) mem 0x8000c000 0x00000001
core   0: 0x8000b310 (0xff9ff06f) j       pc - 0x8
core   0: 3 0x8000b310 (0xff9ff06f)
core   0: 0x8000b308 (0x00001f17) auipc   t5, 0x1
core   0: 3 0x8000b308 (0x00001f17) x30 0x8000c308
core   0: 0x8000b30c (0xce3f2c23) sw      gp, -776(t5)
core   0: 3 0x8000b30c (0xce3f2c23) mem 0x8000c000 0x00000001
core   0: 0x8000b310 (0xff9ff06f) j       pc - 0x8
core   0: 3 0x8000b310 (0xff9ff06f)
core   0: 0x8000b308 (0x00001f17) auipc   t5, 0x1
core   0: 3 0x8000b308 (0x00001f17) x30 0x8000c308
core   0: 0x8000b30c (0xce3f2c23) sw      gp, -776(t5)
core   0: 3 0x8000b30c (0xce3f2c23) mem 0x8000c000 0x00000001
core   0: 0x8000b310 (0xff9ff06f) j       pc - 0x8
core   0: 3 0x8000b310 (0xff9ff06f)
core   0: 0x8000b308 (0x00001f17) auipc   t5, 0x1
core   0: 3 0x8000b308 (0x00001f17) x30 0x8000c308
core   0: 0x8000b30c (0xce3f2c23) sw      gp, -776(t5)
core   0: 3 0x8000b30c (0xce3f2c23) mem 0x8000c000 0x00000001
core   0: 0x8000b310 (0xff9ff06f) j       pc - 0x8
core   0: 3 0x8000b310 (0xff9ff06f)
core   0: 0x8000b308 (0x00001f17) auipc   t5, 0x1
core   0: 3 0x8000b308 (0x00001f17) x30 0x8000c308
core   0: 0x8000b30c (0xce3f2c23) sw      gp, -776(t5)
core   0: 3 0x8000b30c (0xce3f2c23) mem 0x8000c000 0x00000001
core   0: 0x8000b310 (0xff9ff06f) j       pc - 0x8
core   0: 3 0x8000b310 (0xff9ff06f)
core   0: 0x8000b308 (0x00001f17) auipc   t5, 0x1
core   0: 3 0x8000b308 (0x00001f17) x30 0x8000c308
core   0: 0x8000b30c (0xce3f2c23) sw      gp, -776(t5)
core   0: 3 0x8000b30c (0xce3f2c23) mem 0x8000c000 0x00000001
core   0: 0x8000b310 (0xff9ff06f) j       pc - 0x8
core   0: 3 0x8000b310 (0xff9ff06f)
core   0: 0x8000b308 (0x00001f17) auipc   t5, 0x1
core   0: 3 0x8000b308 (0x00001f17) x30 0x8000c308
core   0: 0x8000b30c (0xce3f2c23) sw      gp, -776(t5)
core   0: 3 0x8000b30c (0xce3f2c23) mem 0x8000c000 0x00000001
core   0: 0x8000b310 (0xff9ff06f) j       pc - 0x8
core   0: 3 0x8000b310 (0xff9ff06f)
core   0: 0x8000b308 (0x00001f17) auipc   t5, 0x1
core   0: 3 0x8000b308 (0x00001f17) x30 0x8000c308
core   0: 0x8000b30c (0xce3f2c23) sw      gp, -776(t5)
core   0: 3 0x8000b30c (0xce3f2c23) mem 0x8000c000 0x00000001
core   0: 0x8000b310 (0xff9ff06f) j       pc - 0x8
core   0: 3 0x8000b310 (0xff9ff06f)
core   0: 0x8000b308 (0x00001f17) auipc   t5, 0x1
core   0: 3 0x8000b308 (0x00001f17) x30 0x8000c308
core   0: 0x8000b30c (0xce3f2c23) sw      gp, -776(t5)
core   0: 3 0x8000b30c (0xce3f2c23) mem 0x8000c000 0x00000001
core   0: 0x8000b310 (0xff9ff06f) j       pc - 0x8
core   0: 3 0x8000b310 (0xff9ff06f)
core   0: 0x8000b308 (0x00001f17) auipc   t5, 0x1
core   0: 3 0x8000b308 (0x00001f17) x30 0x8000c308
core   0: 0x8000b30c (0xce3f2c23) sw      gp, -776(t5)
core   0: 3 0x8000b30c (0xce3f2c23) mem 0x8000c000 0x00000001
core   0: 0x8000b310 (0xff9ff06f) j       pc - 0x8
core   0: 3 0x8000b310 (0xff9ff06f)
core   0: 0x8000b308 (0x00001f17) auipc   t5, 0x1
core   0: 3 0x8000b308 (0x00001f17) x30 0x8000c308
core   0: 0x8000b30c (0xce3f2c23) sw      gp, -776(t5)
core   0: 3 0x8000b30c (0xce3f2c23) mem 0x8000c000 0x00000001
core   0: 0x8000b310 (0xff9ff06f) j       pc - 0x8
core   0: 3 0x8000b310 (0xff9ff06f)
core   0: 0x8000b308 (0x00001f17) auipc   t5, 0x1
core   0: 3 0x8000b308 (0x00001f17) x30 0x8000c308
core   0: 0x8000b30c (0xce3f2c23) sw      gp, -776(t5)
core   0: 3 0x8000b30c (0xce3f2c23) mem 0x8000c000 0x00000001
core   0: 0x8000b310 (0xff9ff06f) j       pc - 0x8
core   0: 3 0x8000b310 (0xff9ff06f)
core   0: 0x8000b308 (0x00001f17) auipc   t5, 0x1
core   0: 3 0x8000b308 (0x00001f17) x30 0x8000c308
core   0: 0x8000b30c (0xce3f2c23) sw      gp, -776(t5)
core   0: 3 0x8000b30c (0xce3f2c23) mem 0x8000c000 0x00000001
core   0: 0x8000b310 (0xff9ff06f) j       pc - 0x8
core   0: 3 0x8000b310 (0xff9ff06f)
core   0: 0x8000b308 (0x00001f17) auipc   t5, 0x1
core   0: 3 0x8000b308 (0x00001f17) x30 0x8000c308
core   0: 0x8000b30c (0xce3f2c23) sw      gp, -776(t5)
core   0: 3 0x8000b30c (0xce3f2c23) mem 0x8000c000 0x00000001
core   0: 0x8000b310 (0xff9ff06f) j       pc - 0x8
core   0: 3 0x8000b310 (0xff9ff06f)
core   0: 0x8000b308 (0x00001f17) auipc   t5, 0x1
core   0: 3 0x8000b308 (0x00001f17) x30 0x8000c308
core   0: 0x8000b30c (0xce3f2c23) sw      gp, -776(t5)
core   0: 3 0x8000b30c (0xce3f2c23) mem 0x8000c000 0x00000001
core   0: 0x8000b310 (0xff9ff06f) j       pc - 0x8
core   0: 3 0x8000b310 (0xff9ff06f)
core   0: 0x8000b308 (0x00001f17) auipc   t5, 0x1
core   0: 3 0x8000b308 (0x00001f17) x30 0x8000c308
core   0: 0x8000b30c (0xce3f2c23) sw      gp, -776(t5)
core   0: 3 0x8000b30c (0xce3f2c23) mem 0x8000c000 0x00000001
core   0: 0x8000b310 (0xff9ff06f) j       pc - 0x8
core   0: 3 0x8000b310 (0xff9ff06f)
core   0: 0x8000b308 (0x00001f17) auipc   t5, 0x1
core   0: 3 0x8000b308 (0x00001f17) x30 0x8000c308
core   0: 0x8000b30c (0xce3f2c23) sw      gp, -776(t5)
core   0: 3 0x8000b30c (0xce3f2c23) mem 0x8000c000 0x00000001
core   0: 0x8000b310 (0xff9ff06f) j       pc - 0x8
core   0: 3 0x8000b310 (0xff9ff06f)
core   0: 0x8000b308 (0x00001f17) auipc   t5, 0x1
core   0: 3 0x8000b308 (0x00001f17) x30 0x8000c308
core   0: 0x8000b30c (0xce3f2c23) sw      gp, -776(t5)
core   0: 3 0x8000b30c (0xce3f2c23) mem 0x8000c000 0x00000001
core   0: 0x8000b310 (0xff9ff06f) j       pc - 0x8
core   0: 3 0x8000b310 (0xff9ff06f)
core   0: 0x8000b308 (0x00001f17) auipc   t5, 0x1
core   0: 3 0x8000b308 (0x00001f17) x30 0x8000c308
core   0: 0x8000b30c (0xce3f2c23) sw      gp, -776(t5)
core   0: 3 0x8000b30c (0xce3f2c23) mem 0x8000c000 0x00000001
core   0: 0x8000b310 (0xff9ff06f) j       pc - 0x8
core   0: 3 0x8000b310 (0xff9ff06f)
core   0: 0x8000b308 (0x00001f17) auipc   t5, 0x1
core   0: 3 0x8000b308 (0x00001f17) x30 0x8000c308
core   0: 0x8000b30c (0xce3f2c23) sw      gp, -776(t5)
core   0: 3 0x8000b30c (0xce3f2c23) mem 0x8000c000 0x00000001
core   0: 0x8000b310 (0xff9ff06f) j       pc - 0x8
core   0: 3 0x8000b310 (0xff9ff06f)
core   0: 0x8000b308 (0x00001f17) auipc   t5, 0x1
core   0: 3 0x8000b308 (0x00001f17) x30 0x8000c308
core   0: 0x8000b30c (0xce3f2c23) sw      gp, -776(t5)
core   0: 3 0x8000b30c (0xce3f2c23) mem 0x8000c000 0x00000001
core   0: 0x8000b310 (0xff9ff06f) j       pc - 0x8
core   0: 3 0x8000b310 (0xff9ff06f)
core   0: 0x8000b308 (0x00001f17) auipc   t5, 0x1
core   0: 3 0x8000b308 (0x00001f17) x30 0x8000c308
core   0: 0x8000b30c (0xce3f2c23) sw      gp, -776(t5)
core   0: 3 0x8000b30c (0xce3f2c23) mem 0x8000c000 0x00000001
core   0: 0x8000b310 (0xff9ff06f) j       pc - 0x8
core   0: 3 0x8000b310 (0xff9ff06f)
core   0: 0x8000b308 (0x00001f17) auipc   t5, 0x1
core   0: 3 0x8000b308 (0x00001f17) x30 0x8000c308
core   0: 0x8000b30c (0xce3f2c23) sw      gp, -776(t5)
core   0: 3 0x8000b30c (0xce3f2c23) mem 0x8000c000 0x00000001
core   0: 0x8000b310 (0xff9ff06f) j       pc - 0x8
core   0: 3 0x8000b310 (0xff9ff06f)
core   0: 0x8000b308 (0x00001f17) auipc   t5, 0x1
core   0: 3 0x8000b308 (0x00001f17) x30 0x8000c308
core   0: 0x8000b30c (0xce3f2c23) sw      gp, -776(t5)
core   0: 3 0x8000b30c (0xce3f2c23) mem 0x8000c000 0x00000001
core   0: 0x8000b310 (0xff9ff06f) j       pc - 0x8
core   0: 3 0x8000b310 (0xff9ff06f)
core   0: 0x8000b308 (0x00001f17) auipc   t5, 0x1
core   0: 3 0x8000b308 (0x00001f17) x30 0x8000c308
core   0: 0x8000b30c (0xce3f2c23) sw      gp, -776(t5)
core   0: 3 0x8000b30c (0xce3f2c23) mem 0x8000c000 0x00000001
core   0: 0x8000b310 (0xff9ff06f) j       pc - 0x8
core   0: 3 0x8000b310 (0xff9ff06f)
core   0: 0x8000b308 (0x00001f17) auipc   t5, 0x1
core   0: 3 0x8000b308 (0x00001f17) x30 0x8000c308
core   0: 0x8000b30c (0xce3f2c23) sw      gp, -776(t5)
core   0: 3 0x8000b30c (0xce3f2c23) mem 0x8000c000 0x00000001
core   0: 0x8000b310 (0xff9ff06f) j       pc - 0x8
core   0: 3 0x8000b310 (0xff9ff06f)
core   0: 0x8000b308 (0x00001f17) auipc   t5, 0x1
core   0: 3 0x8000b308 (0x00001f17) x30 0x8000c308
core   0: 0x8000b30c (0xce3f2c23) sw      gp, -776(t5)
core   0: 3 0x8000b30c (0xce3f2c23) mem 0x8000c000 0x00000001
core   0: 0x8000b310 (0xff9ff06f) j       pc - 0x8
core   0: 3 0x8000b310 (0xff9ff06f)
core   0: 0x8000b308 (0x00001f17) auipc   t5, 0x1
core   0: 3 0x8000b308 (0x00001f17) x30 0x8000c308
core   0: 0x8000b30c (0xce3f2c23) sw      gp, -776(t5)
core   0: 3 0x8000b30c (0xce3f2c23) mem 0x8000c000 0x00000001
core   0: 0x8000b310 (0xff9ff06f) j       pc - 0x8
core   0: 3 0x8000b310 (0xff9ff06f)
core   0: 0x8000b308 (0x00001f17) auipc   t5, 0x1
core   0: 3 0x8000b308 (0x00001f17) x30 0x8000c308
core   0: 0x8000b30c (0xce3f2c23) sw      gp, -776(t5)
core   0: 3 0x8000b30c (0xce3f2c23) mem 0x8000c000 0x00000001
core   0: 0x8000b310 (0xff9ff06f) j       pc - 0x8
core   0: 3 0x8000b310 (0xff9ff06f)
core   0: 0x8000b308 (0x00001f17) auipc   t5, 0x1
core   0: 3 0x8000b308 (0x00001f17) x30 0x8000c308
core   0: 0x8000b30c (0xce3f2c23) sw      gp, -776(t5)
core   0: 3 0x8000b30c (0xce3f2c23) mem 0x8000c000 0x00000001
core   0: 0x8000b310 (0xff9ff06f) j       pc - 0x8
core   0: 3 0x8000b310 (0xff9ff06f)
core   0: 0x8000b308 (0x00001f17) auipc   t5, 0x1
core   0: 3 0x8000b308 (0x00001f17) x30 0x8000c308
core   0: 0x8000b30c (0xce3f2c23) sw      gp, -776(t5)
core   0: 3 0x8000b30c (0xce3f2c23) mem 0x8000c000 0x00000001
core   0: 0x8000b310 (0xff9ff06f) j       pc - 0x8
core   0: 3 0x8000b310 (0xff9ff06f)
core   0: 0x8000b308 (0x00001f17) auipc   t5, 0x1
core   0: 3 0x8000b308 (0x00001f17) x30 0x8000c308
core   0: 0x8000b30c (0xce3f2c23) sw      gp, -776(t5)
core   0: 3 0x8000b30c (0xce3f2c23) mem 0x8000c000 0x00000001
core   0: 0x8000b310 (0xff9ff06f) j       pc - 0x8
core   0: 3 0x8000b310 (0xff9ff06f)
core   0: 0x8000b308 (0x00001f17) auipc   t5, 0x1
core   0: 3 0x8000b308 (0x00001f17) x30 0x8000c308
core   0: 0x8000b30c (0xce3f2c23) sw      gp, -776(t5)
core   0: 3 0x8000b30c (0xce3f2c23) mem 0x8000c000 0x00000001
core   0: 0x8000b310 (0xff9ff06f) j       pc - 0x8
core   0: 3 0x8000b310 (0xff9ff06f)
core   0: 0x8000b308 (0x00001f17) auipc   t5, 0x1
core   0: 3 0x8000b308 (0x00001f17) x30 0x8000c308
core   0: 0x8000b30c (0xce3f2c23) sw      gp, -776(t5)
core   0: 3 0x8000b30c (0xce3f2c23) mem 0x8000c000 0x00000001
core   0: 0x8000b310 (0xff9ff06f) j       pc - 0x8
core   0: 3 0x8000b310 (0xff9ff06f)
core   0: 0x8000b308 (0x00001f17) auipc   t5, 0x1
core   0: 3 0x8000b308 (0x00001f17) x30 0x8000c308
core   0: 0x8000b30c (0xce3f2c23) sw      gp, -776(t5)
core   0: 3 0x8000b30c (0xce3f2c23) mem 0x8000c000 0x00000001
core   0: 0x8000b310 (0xff9ff06f) j       pc - 0x8
core   0: 3 0x8000b310 (0xff9ff06f)
core   0: 0x8000b308 (0x00001f17) auipc   t5, 0x1
core   0: 3 0x8000b308 (0x00001f17) x30 0x8000c308
core   0: 0x8000b30c (0xce3f2c23) sw      gp, -776(t5)
core   0: 3 0x8000b30c (0xce3f2c23) mem 0x8000c000 0x00000001
core   0: 0x8000b310 (0xff9ff06f) j       pc - 0x8
core   0: 3 0x8000b310 (0xff9ff06f)
core   0: 0x8000b308 (0x00001f17) auipc   t5, 0x1
core   0: 3 0x8000b308 (0x00001f17) x30 0x8000c308
core   0: 0x8000b30c (0xce3f2c23) sw      gp, -776(t5)
core   0: 3 0x8000b30c (0xce3f2c23) mem 0x8000c000 0x00000001
core   0: 0x8000b310 (0xff9ff06f) j       pc - 0x8
core   0: 3 0x8000b310 (0xff9ff06f)
core   0: 0x8000b308 (0x00001f17) auipc   t5, 0x1
core   0: 3 0x8000b308 (0x00001f17) x30 0x8000c308
core   0: 0x8000b30c (0xce3f2c23) sw      gp, -776(t5)
core   0: 3 0x8000b30c (0xce3f2c23) mem 0x8000c000 0x00000001
core   0: 0x8000b310 (0xff9ff06f) j       pc - 0x8
core   0: 3 0x8000b310 (0xff9ff06f)
core   0: 0x8000b308 (0x00001f17) auipc   t5, 0x1
core   0: 3 0x8000b308 (0x00001f17) x30 0x8000c308
core   0: 0x8000b30c (0xce3f2c23) sw      gp, -776(t5)
core   0: 3 0x8000b30c (0xce3f2c23) mem 0x8000c000 0x00000001
core   0: 0x8000b310 (0xff9ff06f) j       pc - 0x8
core   0: 3 0x8000b310 (0xff9ff06f)
core   0: 0x8000b308 (0x00001f17) auipc   t5, 0x1
core   0: 3 0x8000b308 (0x00001f17) x30 0x8000c308
core   0: 0x8000b30c (0xce3f2c23) sw      gp, -776(t5)
core   0: 3 0x8000b30c (0xce3f2c23) mem 0x8000c000 0x00000001
core   0: 0x8000b310 (0xff9ff06f) j       pc - 0x8
core   0: 3 0x8000b310 (0xff9ff06f)
core   0: 0x8000b308 (0x00001f17) auipc   t5, 0x1
core   0: 3 0x8000b308 (0x00001f17) x30 0x8000c308
core   0: 0x8000b30c (0xce3f2c23) sw      gp, -776(t5)
core   0: 3 0x8000b30c (0xce3f2c23) mem 0x8000c000 0x00000001
core   0: 0x8000b310 (0xff9ff06f) j       pc - 0x8
core   0: 3 0x8000b310 (0xff9ff06f)
core   0: 0x8000b308 (0x00001f17) auipc   t5, 0x1
core   0: 3 0x8000b308 (0x00001f17) x30 0x8000c308
core   0: 0x8000b30c (0xce3f2c23) sw      gp, -776(t5)
core   0: 3 0x8000b30c (0xce3f2c23) mem 0x8000c000 0x00000001
core   0: 0x8000b310 (0xff9ff06f) j       pc - 0x8
core   0: 3 0x8000b310 (0xff9ff06f)
core   0: 0x8000b308 (0x00001f17) auipc   t5, 0x1
core   0: 3 0x8000b308 (0x00001f17) x30 0x8000c308
core   0: 0x8000b30c (0xce3f2c23) sw      gp, -776(t5)
core   0: 3 0x8000b30c (0xce3f2c23) mem 0x8000c000 0x00000001
core   0: 0x8000b310 (0xff9ff06f) j       pc - 0x8
core   0: 3 0x8000b310 (0xff9ff06f)
core   0: 0x8000b308 (0x00001f17) auipc   t5, 0x1
core   0: 3 0x8000b308 (0x00001f17) x30 0x8000c308
core   0: 0x8000b30c (0xce3f2c23) sw      gp, -776(t5)
core   0: 3 0x8000b30c (0xce3f2c23) mem 0x8000c000 0x00000001
core   0: 0x8000b310 (0xff9ff06f) j       pc - 0x8
core   0: 3 0x8000b310 (0xff9ff06f)
core   0: 0x8000b308 (0x00001f17) auipc   t5, 0x1
core   0: 3 0x8000b308 (0x00001f17) x30 0x8000c308
core   0: 0x8000b30c (0xce3f2c23) sw      gp, -776(t5)
core   0: 3 0x8000b30c (0xce3f2c23) mem 0x8000c000 0x00000001
core   0: 0x8000b310 (0xff9ff06f) j       pc - 0x8
core   0: 3 0x8000b310 (0xff9ff06f)
core   0: 0x8000b308 (0x00001f17) auipc   t5, 0x1
core   0: 3 0x8000b308 (0x00001f17) x30 0x8000c308
core   0: 0x8000b30c (0xce3f2c23) sw      gp, -776(t5)
core   0: 3 0x8000b30c (0xce3f2c23) mem 0x8000c000 0x00000001
core   0: 0x8000b310 (0xff9ff06f) j       pc - 0x8
core   0: 3 0x8000b310 (0xff9ff06f)
core   0: 0x8000b308 (0x00001f17) auipc   t5, 0x1
core   0: 3 0x8000b308 (0x00001f17) x30 0x8000c308
core   0: 0x8000b30c (0xce3f2c23) sw      gp, -776(t5)
core   0: 3 0x8000b30c (0xce3f2c23) mem 0x8000c000 0x00000001
core   0: 0x8000b310 (0xff9ff06f) j       pc - 0x8
core   0: 3 0x8000b310 (0xff9ff06f)
core   0: 0x8000b308 (0x00001f17) auipc   t5, 0x1
core   0: 3 0x8000b308 (0x00001f17) x30 0x8000c308
core   0: 0x8000b30c (0xce3f2c23) sw      gp, -776(t5)
core   0: 3 0x8000b30c (0xce3f2c23) mem 0x8000c000 0x00000001
core   0: 0x8000b310 (0xff9ff06f) j       pc - 0x8
core   0: 3 0x8000b310 (0xff9ff06f)
core   0: 0x8000b308 (0x00001f17) auipc   t5, 0x1
core   0: 3 0x8000b308 (0x00001f17) x30 0x8000c308
core   0: 0x8000b30c (0xce3f2c23) sw      gp, -776(t5)
core   0: 3 0x8000b30c (0xce3f2c23) mem 0x8000c000 0x00000001
core   0: 0x8000b310 (0xff9ff06f) j       pc - 0x8
core   0: 3 0x8000b310 (0xff9ff06f)
core   0: 0x8000b308 (0x00001f17) auipc   t5, 0x1
core   0: 3 0x8000b308 (0x00001f17) x30 0x8000c308
core   0: 0x8000b30c (0xce3f2c23) sw      gp, -776(t5)
core   0: 3 0x8000b30c (0xce3f2c23) mem 0x8000c000 0x00000001
core   0: 0x8000b310 (0xff9ff06f) j       pc - 0x8
core   0: 3 0x8000b310 (0xff9ff06f)
core   0: 0x8000b308 (0x00001f17) auipc   t5, 0x1
core   0: 3 0x8000b308 (0x00001f17) x30 0x8000c308
core   0: 0x8000b30c (0xce3f2c23) sw      gp, -776(t5)
core   0: 3 0x8000b30c (0xce3f2c23) mem 0x8000c000 0x00000001
core   0: 0x8000b310 (0xff9ff06f) j       pc - 0x8
core   0: 3 0x8000b310 (0xff9ff06f)
core   0: 0x8000b308 (0x00001f17) auipc   t5, 0x1
core   0: 3 0x8000b308 (0x00001f17) x30 0x8000c308
core   0: 0x8000b30c (0xce3f2c23) sw      gp, -776(t5)
core   0: 3 0x8000b30c (0xce3f2c23) mem 0x8000c000 0x00000001
core   0: 0x8000b310 (0xff9ff06f) j       pc - 0x8
core   0: 3 0x8000b310 (0xff9ff06f)
core   0: 0x8000b308 (0x00001f17) auipc   t5, 0x1
core   0: 3 0x8000b308 (0x00001f17) x30 0x8000c308
core   0: 0x8000b30c (0xce3f2c23) sw      gp, -776(t5)
core   0: 3 0x8000b30c (0xce3f2c23) mem 0x8000c000 0x00000001
core   0: 0x8000b310 (0xff9ff06f) j       pc - 0x8
core   0: 3 0x8000b310 (0xff9ff06f)
core   0: 0x8000b308 (0x00001f17) auipc   t5, 0x1
core   0: 3 0x8000b308 (0x00001f17) x30 0x8000c308
core   0: 0x8000b30c (0xce3f2c23) sw      gp, -776(t5)
core   0: 3 0x8000b30c (0xce3f2c23) mem 0x8000c000 0x00000001
core   0: 0x8000b310 (0xff9ff06f) j       pc - 0x8
core   0: 3 0x8000b310 (0xff9ff06f)
core   0: 0x8000b308 (0x00001f17) auipc   t5, 0x1
core   0: 3 0x8000b308 (0x00001f17) x30 0x8000c308
core   0: 0x8000b30c (0xce3f2c23) sw      gp, -776(t5)
core   0: 3 0x8000b30c (0xce3f2c23) mem 0x8000c000 0x00000001
core   0: 0x8000b310 (0xff9ff06f) j       pc - 0x8
core   0: 3 0x8000b310 (0xff9ff06f)
core   0: 0x8000b308 (0x00001f17) auipc   t5, 0x1
core   0: 3 0x8000b308 (0x00001f17) x30 0x8000c308
core   0: 0x8000b30c (0xce3f2c23) sw      gp, -776(t5)
core   0: 3 0x8000b30c (0xce3f2c23) mem 0x8000c000 0x00000001
core   0: 0x8000b310 (0xff9ff06f) j       pc - 0x8
core   0: 3 0x8000b310 (0xff9ff06f)
core   0: 0x8000b308 (0x00001f17) auipc   t5, 0x1
core   0: 3 0x8000b308 (0x00001f17) x30 0x8000c308
core   0: 0x8000b30c (0xce3f2c23) sw      gp, -776(t5)
core   0: 3 0x8000b30c (0xce3f2c23) mem 0x8000c000 0x00000001
core   0: 0x8000b310 (0xff9ff06f) j       pc - 0x8
core   0: 3 0x8000b310 (0xff9ff06f)
core   0: 0x8000b308 (0x00001f17) auipc   t5, 0x1
core   0: 3 0x8000b308 (0x00001f17) x30 0x8000c308
core   0: 0x8000b30c (0xce3f2c23) sw      gp, -776(t5)
core   0: 3 0x8000b30c (0xce3f2c23) mem 0x8000c000 0x00000001
core   0: 0x8000b310 (0xff9ff06f) j       pc - 0x8
core   0: 3 0x8000b310 (0xff9ff06f)
core   0: 0x8000b308 (0x00001f17) auipc   t5, 0x1
core   0: 3 0x8000b308 (0x00001f17) x30 0x8000c308
core   0: 0x8000b30c (0xce3f2c23) sw      gp, -776(t5)
core   0: 3 0x8000b30c (0xce3f2c23) mem 0x8000c000 0x00000001
core   0: 0x8000b310 (0xff9ff06f) j       pc - 0x8
core   0: 3 0x8000b310 (0xff9ff06f)
core   0: 0x8000b308 (0x00001f17) auipc   t5, 0x1
core   0: 3 0x8000b308 (0x00001f17) x30 0x8000c308
core   0: 0x8000b30c (0xce3f2c23) sw      gp, -776(t5)
core   0: 3 0x8000b30c (0xce3f2c23) mem 0x8000c000 0x00000001
core   0: 0x8000b310 (0xff9ff06f) j       pc - 0x8
core   0: 3 0x8000b310 (0xff9ff06f)
core   0: 0x8000b308 (0x00001f17) auipc   t5, 0x1
core   0: 3 0x8000b308 (0x00001f17) x30 0x8000c308
core   0: 0x8000b30c (0xce3f2c23) sw      gp, -776(t5)
core   0: 3 0x8000b30c (0xce3f2c23) mem 0x8000c000 0x00000001
core   0: 0x8000b310 (0xff9ff06f) j       pc - 0x8
core   0: 3 0x8000b310 (0xff9ff06f)
core   0: 0x8000b308 (0x00001f17) auipc   t5, 0x1
core   0: 3 0x8000b308 (0x00001f17) x30 0x8000c308
core   0: 0x8000b30c (0xce3f2c23) sw      gp, -776(t5)
core   0: 3 0x8000b30c (0xce3f2c23) mem 0x8000c000 0x00000001
core   0: 0x8000b310 (0xff9ff06f) j       pc - 0x8
core   0: 3 0x8000b310 (0xff9ff06f)
core   0: 0x8000b308 (0x00001f17) auipc   t5, 0x1
core   0: 3 0x8000b308 (0x00001f17) x30 0x8000c308
core   0: 0x8000b30c (0xce3f2c23) sw      gp, -776(t5)
core   0: 3 0x8000b30c (0xce3f2c23) mem 0x8000c000 0x00000001
core   0: 0x8000b310 (0xff9ff06f) j       pc - 0x8
core   0: 3 0x8000b310 (0xff9ff06f)
core   0: 0x8000b308 (0x00001f17) auipc   t5, 0x1
core   0: 3 0x8000b308 (0x00001f17) x30 0x8000c308
core   0: 0x8000b30c (0xce3f2c23) sw      gp, -776(t5)
core   0: 3 0x8000b30c (0xce3f2c23) mem 0x8000c000 0x00000001
core   0: 0x8000b310 (0xff9ff06f) j       pc - 0x8
core   0: 3 0x8000b310 (0xff9ff06f)
core   0: 0x8000b308 (0x00001f17) auipc   t5, 0x1
core   0: 3 0x8000b308 (0x00001f17) x30 0x8000c308
core   0: 0x8000b30c (0xce3f2c23) sw      gp, -776(t5)
core   0: 3 0x8000b30c (0xce3f2c23) mem 0x8000c000 0x00000001
core   0: 0x8000b310 (0xff9ff06f) j       pc - 0x8
core   0: 3 0x8000b310 (0xff9ff06f)
core   0: 0x8000b308 (0x00001f17) auipc   t5, 0x1
core   0: 3 0x8000b308 (0x00001f17) x30 0x8000c308
core   0: 0x8000b30c (0xce3f2c23) sw      gp, -776(t5)
core   0: 3 0x8000b30c (0xce3f2c23) mem 0x8000c000 0x00000001
core   0: 0x8000b310 (0xff9ff06f) j       pc - 0x8
core   0: 3 0x8000b310 (0xff9ff06f)
core   0: 0x8000b308 (0x00001f17) auipc   t5, 0x1
core   0: 3 0x8000b308 (0x00001f17) x30 0x8000c308
core   0: 0x8000b30c (0xce3f2c23) sw      gp, -776(t5)
core   0: 3 0x8000b30c (0xce3f2c23) mem 0x8000c000 0x00000001
core   0: 0x8000b310 (0xff9ff06f) j       pc - 0x8
core   0: 3 0x8000b310 (0xff9ff06f)
core   0: 0x8000b308 (0x00001f17) auipc   t5, 0x1
core   0: 3 0x8000b308 (0x00001f17) x30 0x8000c308
core   0: 0x8000b30c (0xce3f2c23) sw      gp, -776(t5)
core   0: 3 0x8000b30c (0xce3f2c23) mem 0x8000c000 0x00000001
core   0: 0x8000b310 (0xff9ff06f) j       pc - 0x8
core   0: 3 0x8000b310 (0xff9ff06f)
core   0: 0x8000b308 (0x00001f17) auipc   t5, 0x1
core   0: 3 0x8000b308 (0x00001f17) x30 0x8000c308
core   0: 0x8000b30c (0xce3f2c23) sw      gp, -776(t5)
core   0: 3 0x8000b30c (0xce3f2c23) mem 0x8000c000 0x00000001
core   0: 0x8000b310 (0xff9ff06f) j       pc - 0x8
core   0: 3 0x8000b310 (0xff9ff06f)
core   0: 0x8000b308 (0x00001f17) auipc   t5, 0x1
core   0: 3 0x8000b308 (0x00001f17) x30 0x8000c308
core   0: 0x8000b30c (0xce3f2c23) sw      gp, -776(t5)
core   0: 3 0x8000b30c (0xce3f2c23) mem 0x8000c000 0x00000001
core   0: 0x8000b310 (0xff9ff06f) j       pc - 0x8
core   0: 3 0x8000b310 (0xff9ff06f)
core   0: 0x8000b308 (0x00001f17) auipc   t5, 0x1
core   0: 3 0x8000b308 (0x00001f17) x30 0x8000c308
core   0: 0x8000b30c (0xce3f2c23) sw      gp, -776(t5)
core   0: 3 0x8000b30c (0xce3f2c23) mem 0x8000c000 0x00000001
core   0: 0x8000b310 (0xff9ff06f) j       pc - 0x8
core   0: 3 0x8000b310 (0xff9ff06f)
core   0: 0x8000b308 (0x00001f17) auipc   t5, 0x1
core   0: 3 0x8000b308 (0x00001f17) x30 0x8000c308
core   0: 0x8000b30c (0xce3f2c23) sw      gp, -776(t5)
core   0: 3 0x8000b30c (0xce3f2c23) mem 0x8000c000 0x00000001
core   0: 0x8000b310 (0xff9ff06f) j       pc - 0x8
core   0: 3 0x8000b310 (0xff9ff06f)
core   0: 0x8000b308 (0x00001f17) auipc   t5, 0x1
core   0: 3 0x8000b308 (0x00001f17) x30 0x8000c308
core   0: 0x8000b30c (0xce3f2c23) sw      gp, -776(t5)
core   0: 3 0x8000b30c (0xce3f2c23) mem 0x8000c000 0x00000001
core   0: 0x8000b310 (0xff9ff06f) j       pc - 0x8
core   0: 3 0x8000b310 (0xff9ff06f)
core   0: 0x8000b308 (0x00001f17) auipc   t5, 0x1
core   0: 3 0x8000b308 (0x00001f17) x30 0x8000c308
core   0: 0x8000b30c (0xce3f2c23) sw      gp, -776(t5)
core   0: 3 0x8000b30c (0xce3f2c23) mem 0x8000c000 0x00000001
core   0: 0x8000b310 (0xff9ff06f) j       pc - 0x8
core   0: 3 0x8000b310 (0xff9ff06f)
core   0: 0x8000b308 (0x00001f17) auipc   t5, 0x1
core   0: 3 0x8000b308 (0x00001f17) x30 0x8000c308
core   0: 0x8000b30c (0xce3f2c23) sw      gp, -776(t5)
core   0: 3 0x8000b30c (0xce3f2c23) mem 0x8000c000 0x00000001
core   0: 0x8000b310 (0xff9ff06f) j       pc - 0x8
core   0: 3 0x8000b310 (0xff9ff06f)
core   0: 0x8000b308 (0x00001f17) auipc   t5, 0x1
core   0: 3 0x8000b308 (0x00001f17) x30 0x8000c308
core   0: 0x8000b30c (0xce3f2c23) sw      gp, -776(t5)
core   0: 3 0x8000b30c (0xce3f2c23) mem 0x8000c000 0x00000001
core   0: 0x8000b310 (0xff9ff06f) j       pc - 0x8
core   0: 3 0x8000b310 (0xff9ff06f)
core   0: 0x8000b308 (0x00001f17) auipc   t5, 0x1
core   0: 3 0x8000b308 (0x00001f17) x30 0x8000c308
core   0: 0x8000b30c (0xce3f2c23) sw      gp, -776(t5)
core   0: 3 0x8000b30c (0xce3f2c23) mem 0x8000c000 0x00000001
core   0: 0x8000b310 (0xff9ff06f) j       pc - 0x8
core   0: 3 0x8000b310 (0xff9ff06f)
core   0: 0x8000b308 (0x00001f17) auipc   t5, 0x1
core   0: 3 0x8000b308 (0x00001f17) x30 0x8000c308
core   0: 0x8000b30c (0xce3f2c23) sw      gp, -776(t5)
core   0: 3 0x8000b30c (0xce3f2c23) mem 0x8000c000 0x00000001
core   0: 0x8000b310 (0xff9ff06f) j       pc - 0x8
core   0: 3 0x8000b310 (0xff9ff06f)
core   0: 0x8000b308 (0x00001f17) auipc   t5, 0x1
core   0: 3 0x8000b308 (0x00001f17) x30 0x8000c308
core   0: 0x8000b30c (0xce3f2c23) sw      gp, -776(t5)
core   0: 3 0x8000b30c (0xce3f2c23) mem 0x8000c000 0x00000001
core   0: 0x8000b310 (0xff9ff06f) j       pc - 0x8
core   0: 3 0x8000b310 (0xff9ff06f)
core   0: 0x8000b308 (0x00001f17) auipc   t5, 0x1
core   0: 3 0x8000b308 (0x00001f17) x30 0x8000c308
core   0: 0x8000b30c (0xce3f2c23) sw      gp, -776(t5)
core   0: 3 0x8000b30c (0xce3f2c23) mem 0x8000c000 0x00000001
core   0: 0x8000b310 (0xff9ff06f) j       pc - 0x8
core   0: 3 0x8000b310 (0xff9ff06f)
core   0: 0x8000b308 (0x00001f17) auipc   t5, 0x1
core   0: 3 0x8000b308 (0x00001f17) x30 0x8000c308
core   0: 0x8000b30c (0xce3f2c23) sw      gp, -776(t5)
core   0: 3 0x8000b30c (0xce3f2c23) mem 0x8000c000 0x00000001
core   0: 0x8000b310 (0xff9ff06f) j       pc - 0x8
core   0: 3 0x8000b310 (0xff9ff06f)
core   0: 0x8000b308 (0x00001f17) auipc   t5, 0x1
core   0: 3 0x8000b308 (0x00001f17) x30 0x8000c308
core   0: 0x8000b30c (0xce3f2c23) sw      gp, -776(t5)
core   0: 3 0x8000b30c (0xce3f2c23) mem 0x8000c000 0x00000001
core   0: 0x8000b310 (0xff9ff06f) j       pc - 0x8
core   0: 3 0x8000b310 (0xff9ff06f)
core   0: 0x8000b308 (0x00001f17) auipc   t5, 0x1
core   0: 3 0x8000b308 (0x00001f17) x30 0x8000c308
core   0: 0x8000b30c (0xce3f2c23) sw      gp, -776(t5)
core   0: 3 0x8000b30c (0xce3f2c23) mem 0x8000c000 0x00000001
core   0: 0x8000b310 (0xff9ff06f) j       pc - 0x8
core   0: 3 0x8000b310 (0xff9ff06f)
core   0: 0x8000b308 (0x00001f17) auipc   t5, 0x1
core   0: 3 0x8000b308 (0x00001f17) x30 0x8000c308
core   0: 0x8000b30c (0xce3f2c23) sw      gp, -776(t5)
core   0: 3 0x8000b30c (0xce3f2c23) mem 0x8000c000 0x00000001
core   0: 0x8000b310 (0xff9ff06f) j       pc - 0x8
core   0: 3 0x8000b310 (0xff9ff06f)
core   0: 0x8000b308 (0x00001f17) auipc   t5, 0x1
core   0: 3 0x8000b308 (0x00001f17) x30 0x8000c308
core   0: 0x8000b30c (0xce3f2c23) sw      gp, -776(t5)
core   0: 3 0x8000b30c (0xce3f2c23) mem 0x8000c000 0x00000001
core   0: 0x8000b310 (0xff9ff06f) j       pc - 0x8
core   0: 3 0x8000b310 (0xff9ff06f)
core   0: 0x8000b308 (0x00001f17) auipc   t5, 0x1
core   0: 3 0x8000b308 (0x00001f17) x30 0x8000c308
core   0: 0x8000b30c (0xce3f2c23) sw      gp, -776(t5)
core   0: 3 0x8000b30c (0xce3f2c23) mem 0x8000c000 0x00000001
core   0: 0x8000b310 (0xff9ff06f) j       pc - 0x8
core   0: 3 0x8000b310 (0xff9ff06f)
core   0: 0x8000b308 (0x00001f17) auipc   t5, 0x1
core   0: 3 0x8000b308 (0x00001f17) x30 0x8000c308
core   0: 0x8000b30c (0xce3f2c23) sw      gp, -776(t5)
core   0: 3 0x8000b30c (0xce3f2c23) mem 0x8000c000 0x00000001
core   0: 0x8000b310 (0xff9ff06f) j       pc - 0x8
core   0: 3 0x8000b310 (0xff9ff06f)
core   0: 0x8000b308 (0x00001f17) auipc   t5, 0x1
core   0: 3 0x8000b308 (0x00001f17) x30 0x8000c308
core   0: 0x8000b30c (0xce3f2c23) sw      gp, -776(t5)
core   0: 3 0x8000b30c (0xce3f2c23) mem 0x8000c000 0x00000001
core   0: 0x8000b310 (0xff9ff06f) j       pc - 0x8
core   0: 3 0x8000b310 (0xff9ff06f)
core   0: 0x8000b308 (0x00001f17) auipc   t5, 0x1
core   0: 3 0x8000b308 (0x00001f17) x30 0x8000c308
core   0: 0x8000b30c (0xce3f2c23) sw      gp, -776(t5)
core   0: 3 0x8000b30c (0xce3f2c23) mem 0x8000c000 0x00000001
core   0: 0x8000b310 (0xff9ff06f) j       pc - 0x8
core   0: 3 0x8000b310 (0xff9ff06f)
core   0: 0x8000b308 (0x00001f17) auipc   t5, 0x1
core   0: 3 0x8000b308 (0x00001f17) x30 0x8000c308
core   0: 0x8000b30c (0xce3f2c23) sw      gp, -776(t5)
core   0: 3 0x8000b30c (0xce3f2c23) mem 0x8000c000 0x00000001
core   0: 0x8000b310 (0xff9ff06f) j       pc - 0x8
core   0: 3 0x8000b310 (0xff9ff06f)
core   0: 0x8000b308 (0x00001f17) auipc   t5, 0x1
core   0: 3 0x8000b308 (0x00001f17) x30 0x8000c308
core   0: 0x8000b30c (0xce3f2c23) sw      gp, -776(t5)
core   0: 3 0x8000b30c (0xce3f2c23) mem 0x8000c000 0x00000001
core   0: 0x8000b310 (0xff9ff06f) j       pc - 0x8
core   0: 3 0x8000b310 (0xff9ff06f)
core   0: 0x8000b308 (0x00001f17) auipc   t5, 0x1
core   0: 3 0x8000b308 (0x00001f17) x30 0x8000c308
core   0: 0x8000b30c (0xce3f2c23) sw      gp, -776(t5)
core   0: 3 0x8000b30c (0xce3f2c23) mem 0x8000c000 0x00000001
core   0: 0x8000b310 (0xff9ff06f) j       pc - 0x8
core   0: 3 0x8000b310 (0xff9ff06f)
core   0: 0x8000b308 (0x00001f17) auipc   t5, 0x1
core   0: 3 0x8000b308 (0x00001f17) x30 0x8000c308
core   0: 0x8000b30c (0xce3f2c23) sw      gp, -776(t5)
core   0: 3 0x8000b30c (0xce3f2c23) mem 0x8000c000 0x00000001
core   0: 0x8000b310 (0xff9ff06f) j       pc - 0x8
core   0: 3 0x8000b310 (0xff9ff06f)
core   0: 0x8000b308 (0x00001f17) auipc   t5, 0x1
core   0: 3 0x8000b308 (0x00001f17) x30 0x8000c308
core   0: 0x8000b30c (0xce3f2c23) sw      gp, -776(t5)
core   0: 3 0x8000b30c (0xce3f2c23) mem 0x8000c000 0x00000001
core   0: 0x8000b310 (0xff9ff06f) j       pc - 0x8
core   0: 3 0x8000b310 (0xff9ff06f)
core   0: 0x8000b308 (0x00001f17) auipc   t5, 0x1
core   0: 3 0x8000b308 (0x00001f17) x30 0x8000c308
core   0: 0x8000b30c (0xce3f2c23) sw      gp, -776(t5)
core   0: 3 0x8000b30c (0xce3f2c23) mem 0x8000c000 0x00000001
core   0: 0x8000b310 (0xff9ff06f) j       pc - 0x8
core   0: 3 0x8000b310 (0xff9ff06f)
core   0: 0x8000b308 (0x00001f17) auipc   t5, 0x1
core   0: 3 0x8000b308 (0x00001f17) x30 0x8000c308
core   0: 0x8000b30c (0xce3f2c23) sw      gp, -776(t5)
core   0: 3 0x8000b30c (0xce3f2c23) mem 0x8000c000 0x00000001
core   0: 0x8000b310 (0xff9ff06f) j       pc - 0x8
core   0: 3 0x8000b310 (0xff9ff06f)
core   0: 0x8000b308 (0x00001f17) auipc   t5, 0x1
core   0: 3 0x8000b308 (0x00001f17) x30 0x8000c308
core   0: 0x8000b30c (0xce3f2c23) sw      gp, -776(t5)
core   0: 3 0x8000b30c (0xce3f2c23) mem 0x8000c000 0x00000001
core   0: 0x8000b310 (0xff9ff06f) j       pc - 0x8
core   0: 3 0x8000b310 (0xff9ff06f)
core   0: 0x8000b308 (0x00001f17) auipc   t5, 0x1
core   0: 3 0x8000b308 (0x00001f17) x30 0x8000c308
core   0: 0x8000b30c (0xce3f2c23) sw      gp, -776(t5)
core   0: 3 0x8000b30c (0xce3f2c23) mem 0x8000c000 0x00000001
core   0: 0x8000b310 (0xff9ff06f) j       pc - 0x8
core   0: 3 0x8000b310 (0xff9ff06f)
core   0: 0x8000b308 (0x00001f17) auipc   t5, 0x1
core   0: 3 0x8000b308 (0x00001f17) x30 0x8000c308
core   0: 0x8000b30c (0xce3f2c23) sw      gp, -776(t5)
core   0: 3 0x8000b30c (0xce3f2c23) mem 0x8000c000 0x00000001
core   0: 0x8000b310 (0xff9ff06f) j       pc - 0x8
core   0: 3 0x8000b310 (0xff9ff06f)
core   0: 0x8000b308 (0x00001f17) auipc   t5, 0x1
core   0: 3 0x8000b308 (0x00001f17) x30 0x8000c308
core   0: 0x8000b30c (0xce3f2c23) sw      gp, -776(t5)
core   0: 3 0x8000b30c (0xce3f2c23) mem 0x8000c000 0x00000001
core   0: 0x8000b310 (0xff9ff06f) j       pc - 0x8
core   0: 3 0x8000b310 (0xff9ff06f)
core   0: 0x8000b308 (0x00001f17) auipc   t5, 0x1
core   0: 3 0x8000b308 (0x00001f17) x30 0x8000c308
core   0: 0x8000b30c (0xce3f2c23) sw      gp, -776(t5)
core   0: 3 0x8000b30c (0xce3f2c23) mem 0x8000c000 0x00000001
core   0: 0x8000b310 (0xff9ff06f) j       pc - 0x8
core   0: 3 0x8000b310 (0xff9ff06f)
core   0: 0x8000b308 (0x00001f17) auipc   t5, 0x1
core   0: 3 0x8000b308 (0x00001f17) x30 0x8000c308
core   0: 0x8000b30c (0xce3f2c23) sw      gp, -776(t5)
core   0: 3 0x8000b30c (0xce3f2c23) mem 0x8000c000 0x00000001
core   0: 0x8000b310 (0xff9ff06f) j       pc - 0x8
core   0: 3 0x8000b310 (0xff9ff06f)
core   0: 0x8000b308 (0x00001f17) auipc   t5, 0x1
core   0: 3 0x8000b308 (0x00001f17) x30 0x8000c308
core   0: 0x8000b30c (0xce3f2c23) sw      gp, -776(t5)
core   0: 3 0x8000b30c (0xce3f2c23) mem 0x8000c000 0x00000001
core   0: 0x8000b310 (0xff9ff06f) j       pc - 0x8
core   0: 3 0x8000b310 (0xff9ff06f)
core   0: 0x8000b308 (0x00001f17) auipc   t5, 0x1
core   0: 3 0x8000b308 (0x00001f17) x30 0x8000c308
core   0: 0x8000b30c (0xce3f2c23) sw      gp, -776(t5)
core   0: 3 0x8000b30c (0xce3f2c23) mem 0x8000c000 0x00000001
core   0: 0x8000b310 (0xff9ff06f) j       pc - 0x8
core   0: 3 0x8000b310 (0xff9ff06f)
core   0: 0x8000b308 (0x00001f17) auipc   t5, 0x1
core   0: 3 0x8000b308 (0x00001f17) x30 0x8000c308
core   0: 0x8000b30c (0xce3f2c23) sw      gp, -776(t5)
core   0: 3 0x8000b30c (0xce3f2c23) mem 0x8000c000 0x00000001
core   0: 0x8000b310 (0xff9ff06f) j       pc - 0x8
core   0: 3 0x8000b310 (0xff9ff06f)
core   0: 0x8000b308 (0x00001f17) auipc   t5, 0x1
core   0: 3 0x8000b308 (0x00001f17) x30 0x8000c308
core   0: 0x8000b30c (0xce3f2c23) sw      gp, -776(t5)
core   0: 3 0x8000b30c (0xce3f2c23) mem 0x8000c000 0x00000001
core   0: 0x8000b310 (0xff9ff06f) j       pc - 0x8
core   0: 3 0x8000b310 (0xff9ff06f)
core   0: 0x8000b308 (0x00001f17) auipc   t5, 0x1
core   0: 3 0x8000b308 (0x00001f17) x30 0x8000c308
core   0: 0x8000b30c (0xce3f2c23) sw      gp, -776(t5)
core   0: 3 0x8000b30c (0xce3f2c23) mem 0x8000c000 0x00000001
core   0: 0x8000b310 (0xff9ff06f) j       pc - 0x8
core   0: 3 0x8000b310 (0xff9ff06f)
core   0: 0x8000b308 (0x00001f17) auipc   t5, 0x1
core   0: 3 0x8000b308 (0x00001f17) x30 0x8000c308
core   0: 0x8000b30c (0xce3f2c23) sw      gp, -776(t5)
core   0: 3 0x8000b30c (0xce3f2c23) mem 0x8000c000 0x00000001
core   0: 0x8000b310 (0xff9ff06f) j       pc - 0x8
core   0: 3 0x8000b310 (0xff9ff06f)
core   0: 0x8000b308 (0x00001f17) auipc   t5, 0x1
core   0: 3 0x8000b308 (0x00001f17) x30 0x8000c308
core   0: 0x8000b30c (0xce3f2c23) sw      gp, -776(t5)
core   0: 3 0x8000b30c (0xce3f2c23) mem 0x8000c000 0x00000001
core   0: 0x8000b310 (0xff9ff06f) j       pc - 0x8
core   0: 3 0x8000b310 (0xff9ff06f)
core   0: 0x8000b308 (0x00001f17) auipc   t5, 0x1
core   0: 3 0x8000b308 (0x00001f17) x30 0x8000c308
core   0: 0x8000b30c (0xce3f2c23) sw      gp, -776(t5)
core   0: 3 0x8000b30c (0xce3f2c23) mem 0x8000c000 0x00000001
core   0: 0x8000b310 (0xff9ff06f) j       pc - 0x8
core   0: 3 0x8000b310 (0xff9ff06f)
core   0: 0x8000b308 (0x00001f17) auipc   t5, 0x1
core   0: 3 0x8000b308 (0x00001f17) x30 0x8000c308
core   0: 0x8000b30c (0xce3f2c23) sw      gp, -776(t5)
core   0: 3 0x8000b30c (0xce3f2c23) mem 0x8000c000 0x00000001
core   0: 0x8000b310 (0xff9ff06f) j       pc - 0x8
core   0: 3 0x8000b310 (0xff9ff06f)
core   0: 0x8000b308 (0x00001f17) auipc   t5, 0x1
core   0: 3 0x8000b308 (0x00001f17) x30 0x8000c308
core   0: 0x8000b30c (0xce3f2c23) sw      gp, -776(t5)
core   0: 3 0x8000b30c (0xce3f2c23) mem 0x8000c000 0x00000001
core   0: 0x8000b310 (0xff9ff06f) j       pc - 0x8
core   0: 3 0x8000b310 (0xff9ff06f)
core   0: 0x8000b308 (0x00001f17) auipc   t5, 0x1
core   0: 3 0x8000b308 (0x00001f17) x30 0x8000c308
core   0: 0x8000b30c (0xce3f2c23) sw      gp, -776(t5)
core   0: 3 0x8000b30c (0xce3f2c23) mem 0x8000c000 0x00000001
core   0: 0x8000b310 (0xff9ff06f) j       pc - 0x8
core   0: 3 0x8000b310 (0xff9ff06f)
core   0: 0x8000b308 (0x00001f17) auipc   t5, 0x1
core   0: 3 0x8000b308 (0x00001f17) x30 0x8000c308
core   0: 0x8000b30c (0xce3f2c23) sw      gp, -776(t5)
core   0: 3 0x8000b30c (0xce3f2c23) mem 0x8000c000 0x00000001
core   0: 0x8000b310 (0xff9ff06f) j       pc - 0x8
core   0: 3 0x8000b310 (0xff9ff06f)
core   0: 0x8000b308 (0x00001f17) auipc   t5, 0x1
core   0: 3 0x8000b308 (0x00001f17) x30 0x8000c308
core   0: 0x8000b30c (0xce3f2c23) sw      gp, -776(t5)
core   0: 3 0x8000b30c (0xce3f2c23) mem 0x8000c000 0x00000001
core   0: 0x8000b310 (0xff9ff06f) j       pc - 0x8
core   0: 3 0x8000b310 (0xff9ff06f)
core   0: 0x8000b308 (0x00001f17) auipc   t5, 0x1
core   0: 3 0x8000b308 (0x00001f17) x30 0x8000c308
core   0: 0x8000b30c (0xce3f2c23) sw      gp, -776(t5)
core   0: 3 0x8000b30c (0xce3f2c23) mem 0x8000c000 0x00000001
core   0: 0x8000b310 (0xff9ff06f) j       pc - 0x8
core   0: 3 0x8000b310 (0xff9ff06f)
core   0: 0x8000b308 (0x00001f17) auipc   t5, 0x1
core   0: 3 0x8000b308 (0x00001f17) x30 0x8000c308
core   0: 0x8000b30c (0xce3f2c23) sw      gp, -776(t5)
core   0: 3 0x8000b30c (0xce3f2c23) mem 0x8000c000 0x00000001
core   0: 0x8000b310 (0xff9ff06f) j       pc - 0x8
core   0: 3 0x8000b310 (0xff9ff06f)
core   0: 0x8000b308 (0x00001f17) auipc   t5, 0x1
core   0: 3 0x8000b308 (0x00001f17) x30 0x8000c308
core   0: 0x8000b30c (0xce3f2c23) sw      gp, -776(t5)
core   0: 3 0x8000b30c (0xce3f2c23) mem 0x8000c000 0x00000001
core   0: 0x8000b310 (0xff9ff06f) j       pc - 0x8
core   0: 3 0x8000b310 (0xff9ff06f)
core   0: 0x8000b308 (0x00001f17) auipc   t5, 0x1
core   0: 3 0x8000b308 (0x00001f17) x30 0x8000c308
core   0: 0x8000b30c (0xce3f2c23) sw      gp, -776(t5)
core   0: 3 0x8000b30c (0xce3f2c23) mem 0x8000c000 0x00000001
core   0: 0x8000b310 (0xff9ff06f) j       pc - 0x8
core   0: 3 0x8000b310 (0xff9ff06f)
core   0: 0x8000b308 (0x00001f17) auipc   t5, 0x1
core   0: 3 0x8000b308 (0x00001f17) x30 0x8000c308
core   0: 0x8000b30c (0xce3f2c23) sw      gp, -776(t5)
core   0: 3 0x8000b30c (0xce3f2c23) mem 0x8000c000 0x00000001
core   0: 0x8000b310 (0xff9ff06f) j       pc - 0x8
core   0: 3 0x8000b310 (0xff9ff06f)
core   0: 0x8000b308 (0x00001f17) auipc   t5, 0x1
core   0: 3 0x8000b308 (0x00001f17) x30 0x8000c308
core   0: 0x8000b30c (0xce3f2c23) sw      gp, -776(t5)
core   0: 3 0x8000b30c (0xce3f2c23) mem 0x8000c000 0x00000001
core   0: 0x8000b310 (0xff9ff06f) j       pc - 0x8
core   0: 3 0x8000b310 (0xff9ff06f)
core   0: 0x8000b308 (0x00001f17) auipc   t5, 0x1
core   0: 3 0x8000b308 (0x00001f17) x30 0x8000c308
core   0: 0x8000b30c (0xce3f2c23) sw      gp, -776(t5)
core   0: 3 0x8000b30c (0xce3f2c23) mem 0x8000c000 0x00000001
core   0: 0x8000b310 (0xff9ff06f) j       pc - 0x8
core   0: 3 0x8000b310 (0xff9ff06f)
core   0: 0x8000b308 (0x00001f17) auipc   t5, 0x1
core   0: 3 0x8000b308 (0x00001f17) x30 0x8000c308
core   0: 0x8000b30c (0xce3f2c23) sw      gp, -776(t5)
core   0: 3 0x8000b30c (0xce3f2c23) mem 0x8000c000 0x00000001
core   0: 0x8000b310 (0xff9ff06f) j       pc - 0x8
core   0: 3 0x8000b310 (0xff9ff06f)
core   0: 0x8000b308 (0x00001f17) auipc   t5, 0x1
core   0: 3 0x8000b308 (0x00001f17) x30 0x8000c308
core   0: 0x8000b30c (0xce3f2c23) sw      gp, -776(t5)
core   0: 3 0x8000b30c (0xce3f2c23) mem 0x8000c000 0x00000001
core   0: 0x8000b310 (0xff9ff06f) j       pc - 0x8
core   0: 3 0x8000b310 (0xff9ff06f)
core   0: 0x8000b308 (0x00001f17) auipc   t5, 0x1
core   0: 3 0x8000b308 (0x00001f17) x30 0x8000c308
core   0: 0x8000b30c (0xce3f2c23) sw      gp, -776(t5)
core   0: 3 0x8000b30c (0xce3f2c23) mem 0x8000c000 0x00000001
core   0: 0x8000b310 (0xff9ff06f) j       pc - 0x8
core   0: 3 0x8000b310 (0xff9ff06f)
core   0: 0x8000b308 (0x00001f17) auipc   t5, 0x1
core   0: 3 0x8000b308 (0x00001f17) x30 0x8000c308
core   0: 0x8000b30c (0xce3f2c23) sw      gp, -776(t5)
core   0: 3 0x8000b30c (0xce3f2c23) mem 0x8000c000 0x00000001
core   0: 0x8000b310 (0xff9ff06f) j       pc - 0x8
core   0: 3 0x8000b310 (0xff9ff06f)
core   0: 0x8000b308 (0x00001f17) auipc   t5, 0x1
core   0: 3 0x8000b308 (0x00001f17) x30 0x8000c308
core   0: 0x8000b30c (0xce3f2c23) sw      gp, -776(t5)
core   0: 3 0x8000b30c (0xce3f2c23) mem 0x8000c000 0x00000001
core   0: 0x8000b310 (0xff9ff06f) j       pc - 0x8
core   0: 3 0x8000b310 (0xff9ff06f)
core   0: 0x8000b308 (0x00001f17) auipc   t5, 0x1
core   0: 3 0x8000b308 (0x00001f17) x30 0x8000c308
core   0: 0x8000b30c (0xce3f2c23) sw      gp, -776(t5)
core   0: 3 0x8000b30c (0xce3f2c23) mem 0x8000c000 0x00000001
core   0: 0x8000b310 (0xff9ff06f) j       pc - 0x8
core   0: 3 0x8000b310 (0xff9ff06f)
core   0: 0x8000b308 (0x00001f17) auipc   t5, 0x1
core   0: 3 0x8000b308 (0x00001f17) x30 0x8000c308
core   0: 0x8000b30c (0xce3f2c23) sw      gp, -776(t5)
core   0: 3 0x8000b30c (0xce3f2c23) mem 0x8000c000 0x00000001
core   0: 0x8000b310 (0xff9ff06f) j       pc - 0x8
core   0: 3 0x8000b310 (0xff9ff06f)
core   0: 0x8000b308 (0x00001f17) auipc   t5, 0x1
core   0: 3 0x8000b308 (0x00001f17) x30 0x8000c308
core   0: 0x8000b30c (0xce3f2c23) sw      gp, -776(t5)
core   0: 3 0x8000b30c (0xce3f2c23) mem 0x8000c000 0x00000001
core   0: 0x8000b310 (0xff9ff06f) j       pc - 0x8
core   0: 3 0x8000b310 (0xff9ff06f)
core   0: 0x8000b308 (0x00001f17) auipc   t5, 0x1
core   0: 3 0x8000b308 (0x00001f17) x30 0x8000c308
core   0: 0x8000b30c (0xce3f2c23) sw      gp, -776(t5)
core   0: 3 0x8000b30c (0xce3f2c23) mem 0x8000c000 0x00000001
core   0: 0x8000b310 (0xff9ff06f) j       pc - 0x8
core   0: 3 0x8000b310 (0xff9ff06f)
core   0: 0x8000b308 (0x00001f17) auipc   t5, 0x1
core   0: 3 0x8000b308 (0x00001f17) x30 0x8000c308
core   0: 0x8000b30c (0xce3f2c23) sw      gp, -776(t5)
core   0: 3 0x8000b30c (0xce3f2c23) mem 0x8000c000 0x00000001
core   0: 0x8000b310 (0xff9ff06f) j       pc - 0x8
core   0: 3 0x8000b310 (0xff9ff06f)
core   0: 0x8000b308 (0x00001f17) auipc   t5, 0x1
core   0: 3 0x8000b308 (0x00001f17) x30 0x8000c308
core   0: 0x8000b30c (0xce3f2c23) sw      gp, -776(t5)
core   0: 3 0x8000b30c (0xce3f2c23) mem 0x8000c000 0x00000001
core   0: 0x8000b310 (0xff9ff06f) j       pc - 0x8
core   0: 3 0x8000b310 (0xff9ff06f)
core   0: 0x8000b308 (0x00001f17) auipc   t5, 0x1
core   0: 3 0x8000b308 (0x00001f17) x30 0x8000c308
core   0: 0x8000b30c (0xce3f2c23) sw      gp, -776(t5)
core   0: 3 0x8000b30c (0xce3f2c23) mem 0x8000c000 0x00000001
core   0: 0x8000b310 (0xff9ff06f) j       pc - 0x8
core   0: 3 0x8000b310 (0xff9ff06f)
core   0: 0x8000b308 (0x00001f17) auipc   t5, 0x1
core   0: 3 0x8000b308 (0x00001f17) x30 0x8000c308
core   0: 0x8000b30c (0xce3f2c23) sw      gp, -776(t5)
core   0: 3 0x8000b30c (0xce3f2c23) mem 0x8000c000 0x00000001
core   0: 0x8000b310 (0xff9ff06f) j       pc - 0x8
core   0: 3 0x8000b310 (0xff9ff06f)
core   0: 0x8000b308 (0x00001f17) auipc   t5, 0x1
core   0: 3 0x8000b308 (0x00001f17) x30 0x8000c308
core   0: 0x8000b30c (0xce3f2c23) sw      gp, -776(t5)
core   0: 3 0x8000b30c (0xce3f2c23) mem 0x8000c000 0x00000001
core   0: 0x8000b310 (0xff9ff06f) j       pc - 0x8
core   0: 3 0x8000b310 (0xff9ff06f)
core   0: 0x8000b308 (0x00001f17) auipc   t5, 0x1
core   0: 3 0x8000b308 (0x00001f17) x30 0x8000c308
core   0: 0x8000b30c (0xce3f2c23) sw      gp, -776(t5)
core   0: 3 0x8000b30c (0xce3f2c23) mem 0x8000c000 0x00000001
core   0: 0x8000b310 (0xff9ff06f) j       pc - 0x8
core   0: 3 0x8000b310 (0xff9ff06f)
core   0: 0x8000b308 (0x00001f17) auipc   t5, 0x1
core   0: 3 0x8000b308 (0x00001f17) x30 0x8000c308
core   0: 0x8000b30c (0xce3f2c23) sw      gp, -776(t5)
core   0: 3 0x8000b30c (0xce3f2c23) mem 0x8000c000 0x00000001
core   0: 0x8000b310 (0xff9ff06f) j       pc - 0x8
core   0: 3 0x8000b310 (0xff9ff06f)
core   0: 0x8000b308 (0x00001f17) auipc   t5, 0x1
core   0: 3 0x8000b308 (0x00001f17) x30 0x8000c308
core   0: 0x8000b30c (0xce3f2c23) sw      gp, -776(t5)
core   0: 3 0x8000b30c (0xce3f2c23) mem 0x8000c000 0x00000001
core   0: 0x8000b310 (0xff9ff06f) j       pc - 0x8
core   0: 3 0x8000b310 (0xff9ff06f)
core   0: 0x8000b308 (0x00001f17) auipc   t5, 0x1
core   0: 3 0x8000b308 (0x00001f17) x30 0x8000c308
core   0: 0x8000b30c (0xce3f2c23) sw      gp, -776(t5)
core   0: 3 0x8000b30c (0xce3f2c23) mem 0x8000c000 0x00000001
core   0: 0x8000b310 (0xff9ff06f) j       pc - 0x8
core   0: 3 0x8000b310 (0xff9ff06f)
core   0: 0x8000b308 (0x00001f17) auipc   t5, 0x1
core   0: 3 0x8000b308 (0x00001f17) x30 0x8000c308
core   0: 0x8000b30c (0xce3f2c23) sw      gp, -776(t5)
core   0: 3 0x8000b30c (0xce3f2c23) mem 0x8000c000 0x00000001
core   0: 0x8000b310 (0xff9ff06f) j       pc - 0x8
core   0: 3 0x8000b310 (0xff9ff06f)
core   0: 0x8000b308 (0x00001f17) auipc   t5, 0x1
core   0: 3 0x8000b308 (0x00001f17) x30 0x8000c308
core   0: 0x8000b30c (0xce3f2c23) sw      gp, -776(t5)
core   0: 3 0x8000b30c (0xce3f2c23) mem 0x8000c000 0x00000001
core   0: 0x8000b310 (0xff9ff06f) j       pc - 0x8
core   0: 3 0x8000b310 (0xff9ff06f)
core   0: 0x8000b308 (0x00001f17) auipc   t5, 0x1
core   0: 3 0x8000b308 (0x00001f17) x30 0x8000c308
core   0: 0x8000b30c (0xce3f2c23) sw      gp, -776(t5)
core   0: 3 0x8000b30c (0xce3f2c23) mem 0x8000c000 0x00000001
core   0: 0x8000b310 (0xff9ff06f) j       pc - 0x8
core   0: 3 0x8000b310 (0xff9ff06f)
core   0: 0x8000b308 (0x00001f17) auipc   t5, 0x1
core   0: 3 0x8000b308 (0x00001f17) x30 0x8000c308
core   0: 0x8000b30c (0xce3f2c23) sw      gp, -776(t5)
core   0: 3 0x8000b30c (0xce3f2c23) mem 0x8000c000 0x00000001
core   0: 0x8000b310 (0xff9ff06f) j       pc - 0x8
core   0: 3 0x8000b310 (0xff9ff06f)
core   0: 0x8000b308 (0x00001f17) auipc   t5, 0x1
core   0: 3 0x8000b308 (0x00001f17) x30 0x8000c308
core   0: 0x8000b30c (0xce3f2c23) sw      gp, -776(t5)
core   0: 3 0x8000b30c (0xce3f2c23) mem 0x8000c000 0x00000001
core   0: 0x8000b310 (0xff9ff06f) j       pc - 0x8
core   0: 3 0x8000b310 (0xff9ff06f)
core   0: 0x8000b308 (0x00001f17) auipc   t5, 0x1
core   0: 3 0x8000b308 (0x00001f17) x30 0x8000c308
core   0: 0x8000b30c (0xce3f2c23) sw      gp, -776(t5)
core   0: 3 0x8000b30c (0xce3f2c23) mem 0x8000c000 0x00000001
core   0: 0x8000b310 (0xff9ff06f) j       pc - 0x8
core   0: 3 0x8000b310 (0xff9ff06f)
core   0: 0x8000b308 (0x00001f17) auipc   t5, 0x1
core   0: 3 0x8000b308 (0x00001f17) x30 0x8000c308
core   0: 0x8000b30c (0xce3f2c23) sw      gp, -776(t5)
core   0: 3 0x8000b30c (0xce3f2c23) mem 0x8000c000 0x00000001
core   0: 0x8000b310 (0xff9ff06f) j       pc - 0x8
core   0: 3 0x8000b310 (0xff9ff06f)
core   0: 0x8000b308 (0x00001f17) auipc   t5, 0x1
core   0: 3 0x8000b308 (0x00001f17) x30 0x8000c308
core   0: 0x8000b30c (0xce3f2c23) sw      gp, -776(t5)
core   0: 3 0x8000b30c (0xce3f2c23) mem 0x8000c000 0x00000001
core   0: 0x8000b310 (0xff9ff06f) j       pc - 0x8
core   0: 3 0x8000b310 (0xff9ff06f)
core   0: 0x8000b308 (0x00001f17) auipc   t5, 0x1
core   0: 3 0x8000b308 (0x00001f17) x30 0x8000c308
core   0: 0x8000b30c (0xce3f2c23) sw      gp, -776(t5)
core   0: 3 0x8000b30c (0xce3f2c23) mem 0x8000c000 0x00000001
core   0: 0x8000b310 (0xff9ff06f) j       pc - 0x8
core   0: 3 0x8000b310 (0xff9ff06f)
core   0: 0x8000b308 (0x00001f17) auipc   t5, 0x1
core   0: 3 0x8000b308 (0x00001f17) x30 0x8000c308
core   0: 0x8000b30c (0xce3f2c23) sw      gp, -776(t5)
core   0: 3 0x8000b30c (0xce3f2c23) mem 0x8000c000 0x00000001
core   0: 0x8000b310 (0xff9ff06f) j       pc - 0x8
core   0: 3 0x8000b310 (0xff9ff06f)
core   0: 0x8000b308 (0x00001f17) auipc   t5, 0x1
core   0: 3 0x8000b308 (0x00001f17) x30 0x8000c308
core   0: 0x8000b30c (0xce3f2c23) sw      gp, -776(t5)
core   0: 3 0x8000b30c (0xce3f2c23) mem 0x8000c000 0x00000001
core   0: 0x8000b310 (0xff9ff06f) j       pc - 0x8
core   0: 3 0x8000b310 (0xff9ff06f)
core   0: 0x8000b308 (0x00001f17) auipc   t5, 0x1
core   0: 3 0x8000b308 (0x00001f17) x30 0x8000c308
core   0: 0x8000b30c (0xce3f2c23) sw      gp, -776(t5)
core   0: 3 0x8000b30c (0xce3f2c23) mem 0x8000c000 0x00000001
core   0: 0x8000b310 (0xff9ff06f) j       pc - 0x8
core   0: 3 0x8000b310 (0xff9ff06f)
core   0: 0x8000b308 (0x00001f17) auipc   t5, 0x1
core   0: 3 0x8000b308 (0x00001f17) x30 0x8000c308
core   0: 0x8000b30c (0xce3f2c23) sw      gp, -776(t5)
core   0: 3 0x8000b30c (0xce3f2c23) mem 0x8000c000 0x00000001
core   0: 0x8000b310 (0xff9ff06f) j       pc - 0x8
core   0: 3 0x8000b310 (0xff9ff06f)
core   0: 0x8000b308 (0x00001f17) auipc   t5, 0x1
core   0: 3 0x8000b308 (0x00001f17) x30 0x8000c308
core   0: 0x8000b30c (0xce3f2c23) sw      gp, -776(t5)
core   0: 3 0x8000b30c (0xce3f2c23) mem 0x8000c000 0x00000001
core   0: 0x8000b310 (0xff9ff06f) j       pc - 0x8
core   0: 3 0x8000b310 (0xff9ff06f)
core   0: 0x8000b308 (0x00001f17) auipc   t5, 0x1
core   0: 3 0x8000b308 (0x00001f17) x30 0x8000c308
core   0: 0x8000b30c (0xce3f2c23) sw      gp, -776(t5)
core   0: 3 0x8000b30c (0xce3f2c23) mem 0x8000c000 0x00000001
core   0: 0x8000b310 (0xff9ff06f) j       pc - 0x8
core   0: 3 0x8000b310 (0xff9ff06f)
core   0: 0x8000b308 (0x00001f17) auipc   t5, 0x1
core   0: 3 0x8000b308 (0x00001f17) x30 0x8000c308
core   0: 0x8000b30c (0xce3f2c23) sw      gp, -776(t5)
core   0: 3 0x8000b30c (0xce3f2c23) mem 0x8000c000 0x00000001
core   0: 0x8000b310 (0xff9ff06f) j       pc - 0x8
core   0: 3 0x8000b310 (0xff9ff06f)
core   0: 0x8000b308 (0x00001f17) auipc   t5, 0x1
core   0: 3 0x8000b308 (0x00001f17) x30 0x8000c308
core   0: 0x8000b30c (0xce3f2c23) sw      gp, -776(t5)
core   0: 3 0x8000b30c (0xce3f2c23) mem 0x8000c000 0x00000001
core   0: 0x8000b310 (0xff9ff06f) j       pc - 0x8
core   0: 3 0x8000b310 (0xff9ff06f)
core   0: 0x8000b308 (0x00001f17) auipc   t5, 0x1
core   0: 3 0x8000b308 (0x00001f17) x30 0x8000c308
core   0: 0x8000b30c (0xce3f2c23) sw      gp, -776(t5)
core   0: 3 0x8000b30c (0xce3f2c23) mem 0x8000c000 0x00000001
core   0: 0x8000b310 (0xff9ff06f) j       pc - 0x8
core   0: 3 0x8000b310 (0xff9ff06f)
core   0: 0x8000b308 (0x00001f17) auipc   t5, 0x1
core   0: 3 0x8000b308 (0x00001f17) x30 0x8000c308
core   0: 0x8000b30c (0xce3f2c23) sw      gp, -776(t5)
core   0: 3 0x8000b30c (0xce3f2c23) mem 0x8000c000 0x00000001
core   0: 0x8000b310 (0xff9ff06f) j       pc - 0x8
core   0: 3 0x8000b310 (0xff9ff06f)
core   0: 0x8000b308 (0x00001f17) auipc   t5, 0x1
core   0: 3 0x8000b308 (0x00001f17) x30 0x8000c308
core   0: 0x8000b30c (0xce3f2c23) sw      gp, -776(t5)
core   0: 3 0x8000b30c (0xce3f2c23) mem 0x8000c000 0x00000001
core   0: 0x8000b310 (0xff9ff06f) j       pc - 0x8
core   0: 3 0x8000b310 (0xff9ff06f)
core   0: 0x8000b308 (0x00001f17) auipc   t5, 0x1
core   0: 3 0x8000b308 (0x00001f17) x30 0x8000c308
core   0: 0x8000b30c (0xce3f2c23) sw      gp, -776(t5)
core   0: 3 0x8000b30c (0xce3f2c23) mem 0x8000c000 0x00000001
core   0: 0x8000b310 (0xff9ff06f) j       pc - 0x8
core   0: 3 0x8000b310 (0xff9ff06f)
core   0: 0x8000b308 (0x00001f17) auipc   t5, 0x1
core   0: 3 0x8000b308 (0x00001f17) x30 0x8000c308
core   0: 0x8000b30c (0xce3f2c23) sw      gp, -776(t5)
core   0: 3 0x8000b30c (0xce3f2c23) mem 0x8000c000 0x00000001
core   0: 0x8000b310 (0xff9ff06f) j       pc - 0x8
core   0: 3 0x8000b310 (0xff9ff06f)
core   0: 0x8000b308 (0x00001f17) auipc   t5, 0x1
core   0: 3 0x8000b308 (0x00001f17) x30 0x8000c308
core   0: 0x8000b30c (0xce3f2c23) sw      gp, -776(t5)
core   0: 3 0x8000b30c (0xce3f2c23) mem 0x8000c000 0x00000001
core   0: 0x8000b310 (0xff9ff06f) j       pc - 0x8
core   0: 3 0x8000b310 (0xff9ff06f)
core   0: 0x8000b308 (0x00001f17) auipc   t5, 0x1
core   0: 3 0x8000b308 (0x00001f17) x30 0x8000c308
core   0: 0x8000b30c (0xce3f2c23) sw      gp, -776(t5)
core   0: 3 0x8000b30c (0xce3f2c23) mem 0x8000c000 0x00000001
core   0: 0x8000b310 (0xff9ff06f) j       pc - 0x8
core   0: 3 0x8000b310 (0xff9ff06f)
core   0: 0x8000b308 (0x00001f17) auipc   t5, 0x1
core   0: 3 0x8000b308 (0x00001f17) x30 0x8000c308
core   0: 0x8000b30c (0xce3f2c23) sw      gp, -776(t5)
core   0: 3 0x8000b30c (0xce3f2c23) mem 0x8000c000 0x00000001
core   0: 0x8000b310 (0xff9ff06f) j       pc - 0x8
core   0: 3 0x8000b310 (0xff9ff06f)
core   0: 0x8000b308 (0x00001f17) auipc   t5, 0x1
core   0: 3 0x8000b308 (0x00001f17) x30 0x8000c308
core   0: 0x8000b30c (0xce3f2c23) sw      gp, -776(t5)
core   0: 3 0x8000b30c (0xce3f2c23) mem 0x8000c000 0x00000001
core   0: 0x8000b310 (0xff9ff06f) j       pc - 0x8
core   0: 3 0x8000b310 (0xff9ff06f)
core   0: 0x8000b308 (0x00001f17) auipc   t5, 0x1
core   0: 3 0x8000b308 (0x00001f17) x30 0x8000c308
core   0: 0x8000b30c (0xce3f2c23) sw      gp, -776(t5)
core   0: 3 0x8000b30c (0xce3f2c23) mem 0x8000c000 0x00000001
core   0: 0x8000b310 (0xff9ff06f) j       pc - 0x8
core   0: 3 0x8000b310 (0xff9ff06f)
core   0: 0x8000b308 (0x00001f17) auipc   t5, 0x1
core   0: 3 0x8000b308 (0x00001f17) x30 0x8000c308
core   0: 0x8000b30c (0xce3f2c23) sw      gp, -776(t5)
core   0: 3 0x8000b30c (0xce3f2c23) mem 0x8000c000 0x00000001
core   0: 0x8000b310 (0xff9ff06f) j       pc - 0x8
core   0: 3 0x8000b310 (0xff9ff06f)
core   0: 0x8000b308 (0x00001f17) auipc   t5, 0x1
core   0: 3 0x8000b308 (0x00001f17) x30 0x8000c308
core   0: 0x8000b30c (0xce3f2c23) sw      gp, -776(t5)
core   0: 3 0x8000b30c (0xce3f2c23) mem 0x8000c000 0x00000001
core   0: 0x8000b310 (0xff9ff06f) j       pc - 0x8
core   0: 3 0x8000b310 (0xff9ff06f)
core   0: 0x8000b308 (0x00001f17) auipc   t5, 0x1
core   0: 3 0x8000b308 (0x00001f17) x30 0x8000c308
core   0: 0x8000b30c (0xce3f2c23) sw      gp, -776(t5)
core   0: 3 0x8000b30c (0xce3f2c23) mem 0x8000c000 0x00000001
core   0: 0x8000b310 (0xff9ff06f) j       pc - 0x8
core   0: 3 0x8000b310 (0xff9ff06f)
core   0: 0x8000b308 (0x00001f17) auipc   t5, 0x1
core   0: 3 0x8000b308 (0x00001f17) x30 0x8000c308
core   0: 0x8000b30c (0xce3f2c23) sw      gp, -776(t5)
core   0: 3 0x8000b30c (0xce3f2c23) mem 0x8000c000 0x00000001
core   0: 0x8000b310 (0xff9ff06f) j       pc - 0x8
core   0: 3 0x8000b310 (0xff9ff06f)
core   0: 0x8000b308 (0x00001f17) auipc   t5, 0x1
core   0: 3 0x8000b308 (0x00001f17) x30 0x8000c308
core   0: 0x8000b30c (0xce3f2c23) sw      gp, -776(t5)
core   0: 3 0x8000b30c (0xce3f2c23) mem 0x8000c000 0x00000001
core   0: 0x8000b310 (0xff9ff06f) j       pc - 0x8
core   0: 3 0x8000b310 (0xff9ff06f)
core   0: 0x8000b308 (0x00001f17) auipc   t5, 0x1
core   0: 3 0x8000b308 (0x00001f17) x30 0x8000c308
core   0: 0x8000b30c (0xce3f2c23) sw      gp, -776(t5)
core   0: 3 0x8000b30c (0xce3f2c23) mem 0x8000c000 0x00000001
core   0: 0x8000b310 (0xff9ff06f) j       pc - 0x8
core   0: 3 0x8000b310 (0xff9ff06f)
core   0: 0x8000b308 (0x00001f17) auipc   t5, 0x1
core   0: 3 0x8000b308 (0x00001f17) x30 0x8000c308
core   0: 0x8000b30c (0xce3f2c23) sw      gp, -776(t5)
core   0: 3 0x8000b30c (0xce3f2c23) mem 0x8000c000 0x00000001
core   0: 0x8000b310 (0xff9ff06f) j       pc - 0x8
core   0: 3 0x8000b310 (0xff9ff06f)
core   0: 0x8000b308 (0x00001f17) auipc   t5, 0x1
core   0: 3 0x8000b308 (0x00001f17) x30 0x8000c308
core   0: 0x8000b30c (0xce3f2c23) sw      gp, -776(t5)
core   0: 3 0x8000b30c (0xce3f2c23) mem 0x8000c000 0x00000001
core   0: 0x8000b310 (0xff9ff06f) j       pc - 0x8
core   0: 3 0x8000b310 (0xff9ff06f)
core   0: 0x8000b308 (0x00001f17) auipc   t5, 0x1
core   0: 3 0x8000b308 (0x00001f17) x30 0x8000c308
core   0: 0x8000b30c (0xce3f2c23) sw      gp, -776(t5)
core   0: 3 0x8000b30c (0xce3f2c23) mem 0x8000c000 0x00000001
core   0: 0x8000b310 (0xff9ff06f) j       pc - 0x8
core   0: 3 0x8000b310 (0xff9ff06f)
core   0: 0x8000b308 (0x00001f17) auipc   t5, 0x1
core   0: 3 0x8000b308 (0x00001f17) x30 0x8000c308
core   0: 0x8000b30c (0xce3f2c23) sw      gp, -776(t5)
core   0: 3 0x8000b30c (0xce3f2c23) mem 0x8000c000 0x00000001
core   0: 0x8000b310 (0xff9ff06f) j       pc - 0x8
core   0: 3 0x8000b310 (0xff9ff06f)
core   0: 0x8000b308 (0x00001f17) auipc   t5, 0x1
core   0: 3 0x8000b308 (0x00001f17) x30 0x8000c308
core   0: 0x8000b30c (0xce3f2c23) sw      gp, -776(t5)
core   0: 3 0x8000b30c (0xce3f2c23) mem 0x8000c000 0x00000001
core   0: 0x8000b310 (0xff9ff06f) j       pc - 0x8
core   0: 3 0x8000b310 (0xff9ff06f)
core   0: 0x8000b308 (0x00001f17) auipc   t5, 0x1
core   0: 3 0x8000b308 (0x00001f17) x30 0x8000c308
core   0: 0x8000b30c (0xce3f2c23) sw      gp, -776(t5)
core   0: 3 0x8000b30c (0xce3f2c23) mem 0x8000c000 0x00000001
core   0: 0x8000b310 (0xff9ff06f) j       pc - 0x8
core   0: 3 0x8000b310 (0xff9ff06f)
core   0: 0x8000b308 (0x00001f17) auipc   t5, 0x1
core   0: 3 0x8000b308 (0x00001f17) x30 0x8000c308
core   0: 0x8000b30c (0xce3f2c23) sw      gp, -776(t5)
core   0: 3 0x8000b30c (0xce3f2c23) mem 0x8000c000 0x00000001
core   0: 0x8000b310 (0xff9ff06f) j       pc - 0x8
core   0: 3 0x8000b310 (0xff9ff06f)
core   0: 0x8000b308 (0x00001f17) auipc   t5, 0x1
core   0: 3 0x8000b308 (0x00001f17) x30 0x8000c308
core   0: 0x8000b30c (0xce3f2c23) sw      gp, -776(t5)
core   0: 3 0x8000b30c (0xce3f2c23) mem 0x8000c000 0x00000001
core   0: 0x8000b310 (0xff9ff06f) j       pc - 0x8
core   0: 3 0x8000b310 (0xff9ff06f)
core   0: 0x8000b308 (0x00001f17) auipc   t5, 0x1
core   0: 3 0x8000b308 (0x00001f17) x30 0x8000c308
core   0: 0x8000b30c (0xce3f2c23) sw      gp, -776(t5)
core   0: 3 0x8000b30c (0xce3f2c23) mem 0x8000c000 0x00000001
core   0: 0x8000b310 (0xff9ff06f) j       pc - 0x8
core   0: 3 0x8000b310 (0xff9ff06f)
core   0: 0x8000b308 (0x00001f17) auipc   t5, 0x1
core   0: 3 0x8000b308 (0x00001f17) x30 0x8000c308
core   0: 0x8000b30c (0xce3f2c23) sw      gp, -776(t5)
core   0: 3 0x8000b30c (0xce3f2c23) mem 0x8000c000 0x00000001
core   0: 0x8000b310 (0xff9ff06f) j       pc - 0x8
core   0: 3 0x8000b310 (0xff9ff06f)
core   0: 0x8000b308 (0x00001f17) auipc   t5, 0x1
core   0: 3 0x8000b308 (0x00001f17) x30 0x8000c308
core   0: 0x8000b30c (0xce3f2c23) sw      gp, -776(t5)
core   0: 3 0x8000b30c (0xce3f2c23) mem 0x8000c000 0x00000001
core   0: 0x8000b310 (0xff9ff06f) j       pc - 0x8
core   0: 3 0x8000b310 (0xff9ff06f)
core   0: 0x8000b308 (0x00001f17) auipc   t5, 0x1
core   0: 3 0x8000b308 (0x00001f17) x30 0x8000c308
core   0: 0x8000b30c (0xce3f2c23) sw      gp, -776(t5)
core   0: 3 0x8000b30c (0xce3f2c23) mem 0x8000c000 0x00000001
core   0: 0x8000b310 (0xff9ff06f) j       pc - 0x8
core   0: 3 0x8000b310 (0xff9ff06f)
core   0: 0x8000b308 (0x00001f17) auipc   t5, 0x1
core   0: 3 0x8000b308 (0x00001f17) x30 0x8000c308
core   0: 0x8000b30c (0xce3f2c23) sw      gp, -776(t5)
core   0: 3 0x8000b30c (0xce3f2c23) mem 0x8000c000 0x00000001
core   0: 0x8000b310 (0xff9ff06f) j       pc - 0x8
core   0: 3 0x8000b310 (0xff9ff06f)
core   0: 0x8000b308 (0x00001f17) auipc   t5, 0x1
core   0: 3 0x8000b308 (0x00001f17) x30 0x8000c308
core   0: 0x8000b30c (0xce3f2c23) sw      gp, -776(t5)
core   0: 3 0x8000b30c (0xce3f2c23) mem 0x8000c000 0x00000001
core   0: 0x8000b310 (0xff9ff06f) j       pc - 0x8
core   0: 3 0x8000b310 (0xff9ff06f)
core   0: 0x8000b308 (0x00001f17) auipc   t5, 0x1
core   0: 3 0x8000b308 (0x00001f17) x30 0x8000c308
core   0: 0x8000b30c (0xce3f2c23) sw      gp, -776(t5)
core   0: 3 0x8000b30c (0xce3f2c23) mem 0x8000c000 0x00000001
core   0: 0x8000b310 (0xff9ff06f) j       pc - 0x8
core   0: 3 0x8000b310 (0xff9ff06f)
core   0: 0x8000b308 (0x00001f17) auipc   t5, 0x1
core   0: 3 0x8000b308 (0x00001f17) x30 0x8000c308
core   0: 0x8000b30c (0xce3f2c23) sw      gp, -776(t5)
core   0: 3 0x8000b30c (0xce3f2c23) mem 0x8000c000 0x00000001
core   0: 0x8000b310 (0xff9ff06f) j       pc - 0x8
core   0: 3 0x8000b310 (0xff9ff06f)
core   0: 0x8000b308 (0x00001f17) auipc   t5, 0x1
core   0: 3 0x8000b308 (0x00001f17) x30 0x8000c308
core   0: 0x8000b30c (0xce3f2c23) sw      gp, -776(t5)
core   0: 3 0x8000b30c (0xce3f2c23) mem 0x8000c000 0x00000001
core   0: 0x8000b310 (0xff9ff06f) j       pc - 0x8
core   0: 3 0x8000b310 (0xff9ff06f)
core   0: 0x8000b308 (0x00001f17) auipc   t5, 0x1
core   0: 3 0x8000b308 (0x00001f17) x30 0x8000c308
core   0: 0x8000b30c (0xce3f2c23) sw      gp, -776(t5)
core   0: 3 0x8000b30c (0xce3f2c23) mem 0x8000c000 0x00000001
core   0: 0x8000b310 (0xff9ff06f) j       pc - 0x8
core   0: 3 0x8000b310 (0xff9ff06f)
core   0: 0x8000b308 (0x00001f17) auipc   t5, 0x1
core   0: 3 0x8000b308 (0x00001f17) x30 0x8000c308
core   0: 0x8000b30c (0xce3f2c23) sw      gp, -776(t5)
core   0: 3 0x8000b30c (0xce3f2c23) mem 0x8000c000 0x00000001
core   0: 0x8000b310 (0xff9ff06f) j       pc - 0x8
core   0: 3 0x8000b310 (0xff9ff06f)
core   0: 0x8000b308 (0x00001f17) auipc   t5, 0x1
core   0: 3 0x8000b308 (0x00001f17) x30 0x8000c308
core   0: 0x8000b30c (0xce3f2c23) sw      gp, -776(t5)
core   0: 3 0x8000b30c (0xce3f2c23) mem 0x8000c000 0x00000001
core   0: 0x8000b310 (0xff9ff06f) j       pc - 0x8
core   0: 3 0x8000b310 (0xff9ff06f)
core   0: 0x8000b308 (0x00001f17) auipc   t5, 0x1
core   0: 3 0x8000b308 (0x00001f17) x30 0x8000c308
core   0: 0x8000b30c (0xce3f2c23) sw      gp, -776(t5)
core   0: 3 0x8000b30c (0xce3f2c23) mem 0x8000c000 0x00000001
core   0: 0x8000b310 (0xff9ff06f) j       pc - 0x8
core   0: 3 0x8000b310 (0xff9ff06f)
core   0: 0x8000b308 (0x00001f17) auipc   t5, 0x1
core   0: 3 0x8000b308 (0x00001f17) x30 0x8000c308
core   0: 0x8000b30c (0xce3f2c23) sw      gp, -776(t5)
core   0: 3 0x8000b30c (0xce3f2c23) mem 0x8000c000 0x00000001
core   0: 0x8000b310 (0xff9ff06f) j       pc - 0x8
core   0: 3 0x8000b310 (0xff9ff06f)
core   0: 0x8000b308 (0x00001f17) auipc   t5, 0x1
core   0: 3 0x8000b308 (0x00001f17) x30 0x8000c308
core   0: 0x8000b30c (0xce3f2c23) sw      gp, -776(t5)
core   0: 3 0x8000b30c (0xce3f2c23) mem 0x8000c000 0x00000001
core   0: 0x8000b310 (0xff9ff06f) j       pc - 0x8
core   0: 3 0x8000b310 (0xff9ff06f)
core   0: 0x8000b308 (0x00001f17) auipc   t5, 0x1
core   0: 3 0x8000b308 (0x00001f17) x30 0x8000c308
core   0: 0x8000b30c (0xce3f2c23) sw      gp, -776(t5)
core   0: 3 0x8000b30c (0xce3f2c23) mem 0x8000c000 0x00000001
core   0: 0x8000b310 (0xff9ff06f) j       pc - 0x8
core   0: 3 0x8000b310 (0xff9ff06f)
core   0: 0x8000b308 (0x00001f17) auipc   t5, 0x1
core   0: 3 0x8000b308 (0x00001f17) x30 0x8000c308
core   0: 0x8000b30c (0xce3f2c23) sw      gp, -776(t5)
core   0: 3 0x8000b30c (0xce3f2c23) mem 0x8000c000 0x00000001
core   0: 0x8000b310 (0xff9ff06f) j       pc - 0x8
core   0: 3 0x8000b310 (0xff9ff06f)
core   0: 0x8000b308 (0x00001f17) auipc   t5, 0x1
core   0: 3 0x8000b308 (0x00001f17) x30 0x8000c308
core   0: 0x8000b30c (0xce3f2c23) sw      gp, -776(t5)
core   0: 3 0x8000b30c (0xce3f2c23) mem 0x8000c000 0x00000001
core   0: 0x8000b310 (0xff9ff06f) j       pc - 0x8
core   0: 3 0x8000b310 (0xff9ff06f)
core   0: 0x8000b308 (0x00001f17) auipc   t5, 0x1
core   0: 3 0x8000b308 (0x00001f17) x30 0x8000c308
core   0: 0x8000b30c (0xce3f2c23) sw      gp, -776(t5)
core   0: 3 0x8000b30c (0xce3f2c23) mem 0x8000c000 0x00000001
core   0: 0x8000b310 (0xff9ff06f) j       pc - 0x8
core   0: 3 0x8000b310 (0xff9ff06f)
core   0: 0x8000b308 (0x00001f17) auipc   t5, 0x1
core   0: 3 0x8000b308 (0x00001f17) x30 0x8000c308
core   0: 0x8000b30c (0xce3f2c23) sw      gp, -776(t5)
core   0: 3 0x8000b30c (0xce3f2c23) mem 0x8000c000 0x00000001
core   0: 0x8000b310 (0xff9ff06f) j       pc - 0x8
core   0: 3 0x8000b310 (0xff9ff06f)
core   0: 0x8000b308 (0x00001f17) auipc   t5, 0x1
core   0: 3 0x8000b308 (0x00001f17) x30 0x8000c308
core   0: 0x8000b30c (0xce3f2c23) sw      gp, -776(t5)
core   0: 3 0x8000b30c (0xce3f2c23) mem 0x8000c000 0x00000001
core   0: 0x8000b310 (0xff9ff06f) j       pc - 0x8
core   0: 3 0x8000b310 (0xff9ff06f)
core   0: 0x8000b308 (0x00001f17) auipc   t5, 0x1
core   0: 3 0x8000b308 (0x00001f17) x30 0x8000c308
core   0: 0x8000b30c (0xce3f2c23) sw      gp, -776(t5)
core   0: 3 0x8000b30c (0xce3f2c23) mem 0x8000c000 0x00000001
core   0: 0x8000b310 (0xff9ff06f) j       pc - 0x8
core   0: 3 0x8000b310 (0xff9ff06f)
core   0: 0x8000b308 (0x00001f17) auipc   t5, 0x1
core   0: 3 0x8000b308 (0x00001f17) x30 0x8000c308
core   0: 0x8000b30c (0xce3f2c23) sw      gp, -776(t5)
core   0: 3 0x8000b30c (0xce3f2c23) mem 0x8000c000 0x00000001
core   0: 0x8000b310 (0xff9ff06f) j       pc - 0x8
core   0: 3 0x8000b310 (0xff9ff06f)
core   0: 0x8000b308 (0x00001f17) auipc   t5, 0x1
core   0: 3 0x8000b308 (0x00001f17) x30 0x8000c308
core   0: 0x8000b30c (0xce3f2c23) sw      gp, -776(t5)
core   0: 3 0x8000b30c (0xce3f2c23) mem 0x8000c000 0x00000001
core   0: 0x8000b310 (0xff9ff06f) j       pc - 0x8
core   0: 3 0x8000b310 (0xff9ff06f)
core   0: 0x8000b308 (0x00001f17) auipc   t5, 0x1
core   0: 3 0x8000b308 (0x00001f17) x30 0x8000c308
core   0: 0x8000b30c (0xce3f2c23) sw      gp, -776(t5)
core   0: 3 0x8000b30c (0xce3f2c23) mem 0x8000c000 0x00000001
core   0: 0x8000b310 (0xff9ff06f) j       pc - 0x8
core   0: 3 0x8000b310 (0xff9ff06f)
core   0: 0x8000b308 (0x00001f17) auipc   t5, 0x1
core   0: 3 0x8000b308 (0x00001f17) x30 0x8000c308
core   0: 0x8000b30c (0xce3f2c23) sw      gp, -776(t5)
core   0: 3 0x8000b30c (0xce3f2c23) mem 0x8000c000 0x00000001
core   0: 0x8000b310 (0xff9ff06f) j       pc - 0x8
core   0: 3 0x8000b310 (0xff9ff06f)
core   0: 0x8000b308 (0x00001f17) auipc   t5, 0x1
core   0: 3 0x8000b308 (0x00001f17) x30 0x8000c308
core   0: 0x8000b30c (0xce3f2c23) sw      gp, -776(t5)
core   0: 3 0x8000b30c (0xce3f2c23) mem 0x8000c000 0x00000001
core   0: 0x8000b310 (0xff9ff06f) j       pc - 0x8
core   0: 3 0x8000b310 (0xff9ff06f)
core   0: 0x8000b308 (0x00001f17) auipc   t5, 0x1
core   0: 3 0x8000b308 (0x00001f17) x30 0x8000c308
core   0: 0x8000b30c (0xce3f2c23) sw      gp, -776(t5)
core   0: 3 0x8000b30c (0xce3f2c23) mem 0x8000c000 0x00000001
core   0: 0x8000b310 (0xff9ff06f) j       pc - 0x8
core   0: 3 0x8000b310 (0xff9ff06f)
core   0: 0x8000b308 (0x00001f17) auipc   t5, 0x1
core   0: 3 0x8000b308 (0x00001f17) x30 0x8000c308
core   0: 0x8000b30c (0xce3f2c23) sw      gp, -776(t5)
core   0: 3 0x8000b30c (0xce3f2c23) mem 0x8000c000 0x00000001
core   0: 0x8000b310 (0xff9ff06f) j       pc - 0x8
core   0: 3 0x8000b310 (0xff9ff06f)
core   0: 0x8000b308 (0x00001f17) auipc   t5, 0x1
core   0: 3 0x8000b308 (0x00001f17) x30 0x8000c308
core   0: 0x8000b30c (0xce3f2c23) sw      gp, -776(t5)
core   0: 3 0x8000b30c (0xce3f2c23) mem 0x8000c000 0x00000001
core   0: 0x8000b310 (0xff9ff06f) j       pc - 0x8
core   0: 3 0x8000b310 (0xff9ff06f)
core   0: 0x8000b308 (0x00001f17) auipc   t5, 0x1
core   0: 3 0x8000b308 (0x00001f17) x30 0x8000c308
core   0: 0x8000b30c (0xce3f2c23) sw      gp, -776(t5)
core   0: 3 0x8000b30c (0xce3f2c23) mem 0x8000c000 0x00000001
core   0: 0x8000b310 (0xff9ff06f) j       pc - 0x8
core   0: 3 0x8000b310 (0xff9ff06f)
core   0: 0x8000b308 (0x00001f17) auipc   t5, 0x1
core   0: 3 0x8000b308 (0x00001f17) x30 0x8000c308
core   0: 0x8000b30c (0xce3f2c23) sw      gp, -776(t5)
core   0: 3 0x8000b30c (0xce3f2c23) mem 0x8000c000 0x00000001
core   0: 0x8000b310 (0xff9ff06f) j       pc - 0x8
core   0: 3 0x8000b310 (0xff9ff06f)
core   0: 0x8000b308 (0x00001f17) auipc   t5, 0x1
core   0: 3 0x8000b308 (0x00001f17) x30 0x8000c308
core   0: 0x8000b30c (0xce3f2c23) sw      gp, -776(t5)
core   0: 3 0x8000b30c (0xce3f2c23) mem 0x8000c000 0x00000001
core   0: 0x8000b310 (0xff9ff06f) j       pc - 0x8
core   0: 3 0x8000b310 (0xff9ff06f)
core   0: 0x8000b308 (0x00001f17) auipc   t5, 0x1
core   0: 3 0x8000b308 (0x00001f17) x30 0x8000c308
core   0: 0x8000b30c (0xce3f2c23) sw      gp, -776(t5)
core   0: 3 0x8000b30c (0xce3f2c23) mem 0x8000c000 0x00000001
core   0: 0x8000b310 (0xff9ff06f) j       pc - 0x8
core   0: 3 0x8000b310 (0xff9ff06f)
core   0: 0x8000b308 (0x00001f17) auipc   t5, 0x1
core   0: 3 0x8000b308 (0x00001f17) x30 0x8000c308
core   0: 0x8000b30c (0xce3f2c23) sw      gp, -776(t5)
core   0: 3 0x8000b30c (0xce3f2c23) mem 0x8000c000 0x00000001
core   0: 0x8000b310 (0xff9ff06f) j       pc - 0x8
core   0: 3 0x8000b310 (0xff9ff06f)
core   0: 0x8000b308 (0x00001f17) auipc   t5, 0x1
core   0: 3 0x8000b308 (0x00001f17) x30 0x8000c308
core   0: 0x8000b30c (0xce3f2c23) sw      gp, -776(t5)
core   0: 3 0x8000b30c (0xce3f2c23) mem 0x8000c000 0x00000001
core   0: 0x8000b310 (0xff9ff06f) j       pc - 0x8
core   0: 3 0x8000b310 (0xff9ff06f)
core   0: 0x8000b308 (0x00001f17) auipc   t5, 0x1
core   0: 3 0x8000b308 (0x00001f17) x30 0x8000c308
core   0: 0x8000b30c (0xce3f2c23) sw      gp, -776(t5)
core   0: 3 0x8000b30c (0xce3f2c23) mem 0x8000c000 0x00000001
core   0: 0x8000b310 (0xff9ff06f) j       pc - 0x8
core   0: 3 0x8000b310 (0xff9ff06f)
core   0: 0x8000b308 (0x00001f17) auipc   t5, 0x1
core   0: 3 0x8000b308 (0x00001f17) x30 0x8000c308
core   0: 0x8000b30c (0xce3f2c23) sw      gp, -776(t5)
core   0: 3 0x8000b30c (0xce3f2c23) mem 0x8000c000 0x00000001
core   0: 0x8000b310 (0xff9ff06f) j       pc - 0x8
core   0: 3 0x8000b310 (0xff9ff06f)
core   0: 0x8000b308 (0x00001f17) auipc   t5, 0x1
core   0: 3 0x8000b308 (0x00001f17) x30 0x8000c308
core   0: 0x8000b30c (0xce3f2c23) sw      gp, -776(t5)
core   0: 3 0x8000b30c (0xce3f2c23) mem 0x8000c000 0x00000001
core   0: 0x8000b310 (0xff9ff06f) j       pc - 0x8
core   0: 3 0x8000b310 (0xff9ff06f)
core   0: 0x8000b308 (0x00001f17) auipc   t5, 0x1
core   0: 3 0x8000b308 (0x00001f17) x30 0x8000c308
core   0: 0x8000b30c (0xce3f2c23) sw      gp, -776(t5)
core   0: 3 0x8000b30c (0xce3f2c23) mem 0x8000c000 0x00000001
core   0: 0x8000b310 (0xff9ff06f) j       pc - 0x8
core   0: 3 0x8000b310 (0xff9ff06f)
core   0: 0x8000b308 (0x00001f17) auipc   t5, 0x1
core   0: 3 0x8000b308 (0x00001f17) x30 0x8000c308
core   0: 0x8000b30c (0xce3f2c23) sw      gp, -776(t5)
core   0: 3 0x8000b30c (0xce3f2c23) mem 0x8000c000 0x00000001
core   0: 0x8000b310 (0xff9ff06f) j       pc - 0x8
core   0: 3 0x8000b310 (0xff9ff06f)
core   0: 0x8000b308 (0x00001f17) auipc   t5, 0x1
core   0: 3 0x8000b308 (0x00001f17) x30 0x8000c308
core   0: 0x8000b30c (0xce3f2c23) sw      gp, -776(t5)
core   0: 3 0x8000b30c (0xce3f2c23) mem 0x8000c000 0x00000001
core   0: 0x8000b310 (0xff9ff06f) j       pc - 0x8
core   0: 3 0x8000b310 (0xff9ff06f)
core   0: 0x8000b308 (0x00001f17) auipc   t5, 0x1
core   0: 3 0x8000b308 (0x00001f17) x30 0x8000c308
core   0: 0x8000b30c (0xce3f2c23) sw      gp, -776(t5)
core   0: 3 0x8000b30c (0xce3f2c23) mem 0x8000c000 0x00000001
core   0: 0x8000b310 (0xff9ff06f) j       pc - 0x8
core   0: 3 0x8000b310 (0xff9ff06f)
core   0: 0x8000b308 (0x00001f17) auipc   t5, 0x1
core   0: 3 0x8000b308 (0x00001f17) x30 0x8000c308
core   0: 0x8000b30c (0xce3f2c23) sw      gp, -776(t5)
core   0: 3 0x8000b30c (0xce3f2c23) mem 0x8000c000 0x00000001
core   0: 0x8000b310 (0xff9ff06f) j       pc - 0x8
core   0: 3 0x8000b310 (0xff9ff06f)
core   0: 0x8000b308 (0x00001f17) auipc   t5, 0x1
core   0: 3 0x8000b308 (0x00001f17) x30 0x8000c308
core   0: 0x8000b30c (0xce3f2c23) sw      gp, -776(t5)
core   0: 3 0x8000b30c (0xce3f2c23) mem 0x8000c000 0x00000001
core   0: 0x8000b310 (0xff9ff06f) j       pc - 0x8
core   0: 3 0x8000b310 (0xff9ff06f)
core   0: 0x8000b308 (0x00001f17) auipc   t5, 0x1
core   0: 3 0x8000b308 (0x00001f17) x30 0x8000c308
core   0: 0x8000b30c (0xce3f2c23) sw      gp, -776(t5)
core   0: 3 0x8000b30c (0xce3f2c23) mem 0x8000c000 0x00000001
core   0: 0x8000b310 (0xff9ff06f) j       pc - 0x8
core   0: 3 0x8000b310 (0xff9ff06f)
core   0: 0x8000b308 (0x00001f17) auipc   t5, 0x1
core   0: 3 0x8000b308 (0x00001f17) x30 0x8000c308
core   0: 0x8000b30c (0xce3f2c23) sw      gp, -776(t5)
core   0: 3 0x8000b30c (0xce3f2c23) mem 0x8000c000 0x00000001
core   0: 0x8000b310 (0xff9ff06f) j       pc - 0x8
core   0: 3 0x8000b310 (0xff9ff06f)
core   0: 0x8000b308 (0x00001f17) auipc   t5, 0x1
core   0: 3 0x8000b308 (0x00001f17) x30 0x8000c308
core   0: 0x8000b30c (0xce3f2c23) sw      gp, -776(t5)
core   0: 3 0x8000b30c (0xce3f2c23) mem 0x8000c000 0x00000001
core   0: 0x8000b310 (0xff9ff06f) j       pc - 0x8
core   0: 3 0x8000b310 (0xff9ff06f)
core   0: 0x8000b308 (0x00001f17) auipc   t5, 0x1
core   0: 3 0x8000b308 (0x00001f17) x30 0x8000c308
core   0: 0x8000b30c (0xce3f2c23) sw      gp, -776(t5)
core   0: 3 0x8000b30c (0xce3f2c23) mem 0x8000c000 0x00000001
core   0: 0x8000b310 (0xff9ff06f) j       pc - 0x8
core   0: 3 0x8000b310 (0xff9ff06f)
core   0: 0x8000b308 (0x00001f17) auipc   t5, 0x1
core   0: 3 0x8000b308 (0x00001f17) x30 0x8000c308
core   0: 0x8000b30c (0xce3f2c23) sw      gp, -776(t5)
core   0: 3 0x8000b30c (0xce3f2c23) mem 0x8000c000 0x00000001
core   0: 0x8000b310 (0xff9ff06f) j       pc - 0x8
core   0: 3 0x8000b310 (0xff9ff06f)
core   0: 0x8000b308 (0x00001f17) auipc   t5, 0x1
core   0: 3 0x8000b308 (0x00001f17) x30 0x8000c308
core   0: 0x8000b30c (0xce3f2c23) sw      gp, -776(t5)
core   0: 3 0x8000b30c (0xce3f2c23) mem 0x8000c000 0x00000001
core   0: 0x8000b310 (0xff9ff06f) j       pc - 0x8
core   0: 3 0x8000b310 (0xff9ff06f)
core   0: 0x8000b308 (0x00001f17) auipc   t5, 0x1
core   0: 3 0x8000b308 (0x00001f17) x30 0x8000c308
core   0: 0x8000b30c (0xce3f2c23) sw      gp, -776(t5)
core   0: 3 0x8000b30c (0xce3f2c23) mem 0x8000c000 0x00000001
core   0: 0x8000b310 (0xff9ff06f) j       pc - 0x8
core   0: 3 0x8000b310 (0xff9ff06f)
core   0: 0x8000b308 (0x00001f17) auipc   t5, 0x1
core   0: 3 0x8000b308 (0x00001f17) x30 0x8000c308
core   0: 0x8000b30c (0xce3f2c23) sw      gp, -776(t5)
core   0: 3 0x8000b30c (0xce3f2c23) mem 0x8000c000 0x00000001
core   0: 0x8000b310 (0xff9ff06f) j       pc - 0x8
core   0: 3 0x8000b310 (0xff9ff06f)
core   0: 0x8000b308 (0x00001f17) auipc   t5, 0x1
core   0: 3 0x8000b308 (0x00001f17) x30 0x8000c308
core   0: 0x8000b30c (0xce3f2c23) sw      gp, -776(t5)
core   0: 3 0x8000b30c (0xce3f2c23) mem 0x8000c000 0x00000001
core   0: 0x8000b310 (0xff9ff06f) j       pc - 0x8
core   0: 3 0x8000b310 (0xff9ff06f)
core   0: 0x8000b308 (0x00001f17) auipc   t5, 0x1
core   0: 3 0x8000b308 (0x00001f17) x30 0x8000c308
core   0: 0x8000b30c (0xce3f2c23) sw      gp, -776(t5)
core   0: 3 0x8000b30c (0xce3f2c23) mem 0x8000c000 0x00000001
core   0: 0x8000b310 (0xff9ff06f) j       pc - 0x8
core   0: 3 0x8000b310 (0xff9ff06f)
core   0: 0x8000b308 (0x00001f17) auipc   t5, 0x1
core   0: 3 0x8000b308 (0x00001f17) x30 0x8000c308
core   0: 0x8000b30c (0xce3f2c23) sw      gp, -776(t5)
core   0: 3 0x8000b30c (0xce3f2c23) mem 0x8000c000 0x00000001
core   0: 0x8000b310 (0xff9ff06f) j       pc - 0x8
core   0: 3 0x8000b310 (0xff9ff06f)
core   0: 0x8000b308 (0x00001f17) auipc   t5, 0x1
core   0: 3 0x8000b308 (0x00001f17) x30 0x8000c308
core   0: 0x8000b30c (0xce3f2c23) sw      gp, -776(t5)
core   0: 3 0x8000b30c (0xce3f2c23) mem 0x8000c000 0x00000001
core   0: 0x8000b310 (0xff9ff06f) j       pc - 0x8
core   0: 3 0x8000b310 (0xff9ff06f)
core   0: 0x8000b308 (0x00001f17) auipc   t5, 0x1
core   0: 3 0x8000b308 (0x00001f17) x30 0x8000c308
core   0: 0x8000b30c (0xce3f2c23) sw      gp, -776(t5)
core   0: 3 0x8000b30c (0xce3f2c23) mem 0x8000c000 0x00000001
core   0: 0x8000b310 (0xff9ff06f) j       pc - 0x8
core   0: 3 0x8000b310 (0xff9ff06f)
core   0: 0x8000b308 (0x00001f17) auipc   t5, 0x1
core   0: 3 0x8000b308 (0x00001f17) x30 0x8000c308
core   0: 0x8000b30c (0xce3f2c23) sw      gp, -776(t5)
core   0: 3 0x8000b30c (0xce3f2c23) mem 0x8000c000 0x00000001
core   0: 0x8000b310 (0xff9ff06f) j       pc - 0x8
core   0: 3 0x8000b310 (0xff9ff06f)
core   0: 0x8000b308 (0x00001f17) auipc   t5, 0x1
core   0: 3 0x8000b308 (0x00001f17) x30 0x8000c308
core   0: 0x8000b30c (0xce3f2c23) sw      gp, -776(t5)
core   0: 3 0x8000b30c (0xce3f2c23) mem 0x8000c000 0x00000001
core   0: 0x8000b310 (0xff9ff06f) j       pc - 0x8
core   0: 3 0x8000b310 (0xff9ff06f)
core   0: 0x8000b308 (0x00001f17) auipc   t5, 0x1
core   0: 3 0x8000b308 (0x00001f17) x30 0x8000c308
core   0: 0x8000b30c (0xce3f2c23) sw      gp, -776(t5)
core   0: 3 0x8000b30c (0xce3f2c23) mem 0x8000c000 0x00000001
core   0: 0x8000b310 (0xff9ff06f) j       pc - 0x8
core   0: 3 0x8000b310 (0xff9ff06f)
core   0: 0x8000b308 (0x00001f17) auipc   t5, 0x1
core   0: 3 0x8000b308 (0x00001f17) x30 0x8000c308
core   0: 0x8000b30c (0xce3f2c23) sw      gp, -776(t5)
core   0: 3 0x8000b30c (0xce3f2c23) mem 0x8000c000 0x00000001
core   0: 0x8000b310 (0xff9ff06f) j       pc - 0x8
core   0: 3 0x8000b310 (0xff9ff06f)
core   0: 0x8000b308 (0x00001f17) auipc   t5, 0x1
core   0: 3 0x8000b308 (0x00001f17) x30 0x8000c308
core   0: 0x8000b30c (0xce3f2c23) sw      gp, -776(t5)
core   0: 3 0x8000b30c (0xce3f2c23) mem 0x8000c000 0x00000001
core   0: 0x8000b310 (0xff9ff06f) j       pc - 0x8
core   0: 3 0x8000b310 (0xff9ff06f)
core   0: 0x8000b308 (0x00001f17) auipc   t5, 0x1
core   0: 3 0x8000b308 (0x00001f17) x30 0x8000c308
core   0: 0x8000b30c (0xce3f2c23) sw      gp, -776(t5)
core   0: 3 0x8000b30c (0xce3f2c23) mem 0x8000c000 0x00000001
core   0: 0x8000b310 (0xff9ff06f) j       pc - 0x8
core   0: 3 0x8000b310 (0xff9ff06f)
core   0: 0x8000b308 (0x00001f17) auipc   t5, 0x1
core   0: 3 0x8000b308 (0x00001f17) x30 0x8000c308
core   0: 0x8000b30c (0xce3f2c23) sw      gp, -776(t5)
core   0: 3 0x8000b30c (0xce3f2c23) mem 0x8000c000 0x00000001
core   0: 0x8000b310 (0xff9ff06f) j       pc - 0x8
core   0: 3 0x8000b310 (0xff9ff06f)
core   0: 0x8000b308 (0x00001f17) auipc   t5, 0x1
core   0: 3 0x8000b308 (0x00001f17) x30 0x8000c308
core   0: 0x8000b30c (0xce3f2c23) sw      gp, -776(t5)
core   0: 3 0x8000b30c (0xce3f2c23) mem 0x8000c000 0x00000001
core   0: 0x8000b310 (0xff9ff06f) j       pc - 0x8
core   0: 3 0x8000b310 (0xff9ff06f)
core   0: 0x8000b308 (0x00001f17) auipc   t5, 0x1
core   0: 3 0x8000b308 (0x00001f17) x30 0x8000c308
core   0: 0x8000b30c (0xce3f2c23) sw      gp, -776(t5)
core   0: 3 0x8000b30c (0xce3f2c23) mem 0x8000c000 0x00000001
core   0: 0x8000b310 (0xff9ff06f) j       pc - 0x8
core   0: 3 0x8000b310 (0xff9ff06f)
core   0: 0x8000b308 (0x00001f17) auipc   t5, 0x1
core   0: 3 0x8000b308 (0x00001f17) x30 0x8000c308
core   0: 0x8000b30c (0xce3f2c23) sw      gp, -776(t5)
core   0: 3 0x8000b30c (0xce3f2c23) mem 0x8000c000 0x00000001
core   0: 0x8000b310 (0xff9ff06f) j       pc - 0x8
core   0: 3 0x8000b310 (0xff9ff06f)
core   0: 0x8000b308 (0x00001f17) auipc   t5, 0x1
core   0: 3 0x8000b308 (0x00001f17) x30 0x8000c308
core   0: 0x8000b30c (0xce3f2c23) sw      gp, -776(t5)
core   0: 3 0x8000b30c (0xce3f2c23) mem 0x8000c000 0x00000001
core   0: 0x8000b310 (0xff9ff06f) j       pc - 0x8
core   0: 3 0x8000b310 (0xff9ff06f)
core   0: 0x8000b308 (0x00001f17) auipc   t5, 0x1
core   0: 3 0x8000b308 (0x00001f17) x30 0x8000c308
core   0: 0x8000b30c (0xce3f2c23) sw      gp, -776(t5)
core   0: 3 0x8000b30c (0xce3f2c23) mem 0x8000c000 0x00000001
core   0: 0x8000b310 (0xff9ff06f) j       pc - 0x8
core   0: 3 0x8000b310 (0xff9ff06f)
core   0: 0x8000b308 (0x00001f17) auipc   t5, 0x1
core   0: 3 0x8000b308 (0x00001f17) x30 0x8000c308
core   0: 0x8000b30c (0xce3f2c23) sw      gp, -776(t5)
core   0: 3 0x8000b30c (0xce3f2c23) mem 0x8000c000 0x00000001
core   0: 0x8000b310 (0xff9ff06f) j       pc - 0x8
core   0: 3 0x8000b310 (0xff9ff06f)
core   0: 0x8000b308 (0x00001f17) auipc   t5, 0x1
core   0: 3 0x8000b308 (0x00001f17) x30 0x8000c308
core   0: 0x8000b30c (0xce3f2c23) sw      gp, -776(t5)
core   0: 3 0x8000b30c (0xce3f2c23) mem 0x8000c000 0x00000001
core   0: 0x8000b310 (0xff9ff06f) j       pc - 0x8
core   0: 3 0x8000b310 (0xff9ff06f)
core   0: 0x8000b308 (0x00001f17) auipc   t5, 0x1
core   0: 3 0x8000b308 (0x00001f17) x30 0x8000c308
core   0: 0x8000b30c (0xce3f2c23) sw      gp, -776(t5)
core   0: 3 0x8000b30c (0xce3f2c23) mem 0x8000c000 0x00000001
core   0: 0x8000b310 (0xff9ff06f) j       pc - 0x8
core   0: 3 0x8000b310 (0xff9ff06f)
core   0: 0x8000b308 (0x00001f17) auipc   t5, 0x1
core   0: 3 0x8000b308 (0x00001f17) x30 0x8000c308
core   0: 0x8000b30c (0xce3f2c23) sw      gp, -776(t5)
core   0: 3 0x8000b30c (0xce3f2c23) mem 0x8000c000 0x00000001
core   0: 0x8000b310 (0xff9ff06f) j       pc - 0x8
core   0: 3 0x8000b310 (0xff9ff06f)
core   0: 0x8000b308 (0x00001f17) auipc   t5, 0x1
core   0: 3 0x8000b308 (0x00001f17) x30 0x8000c308
core   0: 0x8000b30c (0xce3f2c23) sw      gp, -776(t5)
core   0: 3 0x8000b30c (0xce3f2c23) mem 0x8000c000 0x00000001
core   0: 0x8000b310 (0xff9ff06f) j       pc - 0x8
core   0: 3 0x8000b310 (0xff9ff06f)
core   0: 0x8000b308 (0x00001f17) auipc   t5, 0x1
core   0: 3 0x8000b308 (0x00001f17) x30 0x8000c308
core   0: 0x8000b30c (0xce3f2c23) sw      gp, -776(t5)
core   0: 3 0x8000b30c (0xce3f2c23) mem 0x8000c000 0x00000001
core   0: 0x8000b310 (0xff9ff06f) j       pc - 0x8
core   0: 3 0x8000b310 (0xff9ff06f)
core   0: 0x8000b308 (0x00001f17) auipc   t5, 0x1
core   0: 3 0x8000b308 (0x00001f17) x30 0x8000c308
core   0: 0x8000b30c (0xce3f2c23) sw      gp, -776(t5)
core   0: 3 0x8000b30c (0xce3f2c23) mem 0x8000c000 0x00000001
core   0: 0x8000b310 (0xff9ff06f) j       pc - 0x8
core   0: 3 0x8000b310 (0xff9ff06f)
core   0: 0x8000b308 (0x00001f17) auipc   t5, 0x1
core   0: 3 0x8000b308 (0x00001f17) x30 0x8000c308
core   0: 0x8000b30c (0xce3f2c23) sw      gp, -776(t5)
core   0: 3 0x8000b30c (0xce3f2c23) mem 0x8000c000 0x00000001
core   0: 0x8000b310 (0xff9ff06f) j       pc - 0x8
core   0: 3 0x8000b310 (0xff9ff06f)
core   0: 0x8000b308 (0x00001f17) auipc   t5, 0x1
core   0: 3 0x8000b308 (0x00001f17) x30 0x8000c308
core   0: 0x8000b30c (0xce3f2c23) sw      gp, -776(t5)
core   0: 3 0x8000b30c (0xce3f2c23) mem 0x8000c000 0x00000001
core   0: 0x8000b310 (0xff9ff06f) j       pc - 0x8
core   0: 3 0x8000b310 (0xff9ff06f)
core   0: 0x8000b308 (0x00001f17) auipc   t5, 0x1
core   0: 3 0x8000b308 (0x00001f17) x30 0x8000c308
core   0: 0x8000b30c (0xce3f2c23) sw      gp, -776(t5)
core   0: 3 0x8000b30c (0xce3f2c23) mem 0x8000c000 0x00000001
core   0: 0x8000b310 (0xff9ff06f) j       pc - 0x8
core   0: 3 0x8000b310 (0xff9ff06f)
core   0: 0x8000b308 (0x00001f17) auipc   t5, 0x1
core   0: 3 0x8000b308 (0x00001f17) x30 0x8000c308
core   0: 0x8000b30c (0xce3f2c23) sw      gp, -776(t5)
core   0: 3 0x8000b30c (0xce3f2c23) mem 0x8000c000 0x00000001
core   0: 0x8000b310 (0xff9ff06f) j       pc - 0x8
core   0: 3 0x8000b310 (0xff9ff06f)
core   0: 0x8000b308 (0x00001f17) auipc   t5, 0x1
core   0: 3 0x8000b308 (0x00001f17) x30 0x8000c308
core   0: 0x8000b30c (0xce3f2c23) sw      gp, -776(t5)
core   0: 3 0x8000b30c (0xce3f2c23) mem 0x8000c000 0x00000001
core   0: 0x8000b310 (0xff9ff06f) j       pc - 0x8
core   0: 3 0x8000b310 (0xff9ff06f)
core   0: 0x8000b308 (0x00001f17) auipc   t5, 0x1
core   0: 3 0x8000b308 (0x00001f17) x30 0x8000c308
core   0: 0x8000b30c (0xce3f2c23) sw      gp, -776(t5)
core   0: 3 0x8000b30c (0xce3f2c23) mem 0x8000c000 0x00000001
core   0: 0x8000b310 (0xff9ff06f) j       pc - 0x8
core   0: 3 0x8000b310 (0xff9ff06f)
core   0: 0x8000b308 (0x00001f17) auipc   t5, 0x1
core   0: 3 0x8000b308 (0x00001f17) x30 0x8000c308
core   0: 0x8000b30c (0xce3f2c23) sw      gp, -776(t5)
core   0: 3 0x8000b30c (0xce3f2c23) mem 0x8000c000 0x00000001
core   0: 0x8000b310 (0xff9ff06f) j       pc - 0x8
core   0: 3 0x8000b310 (0xff9ff06f)
core   0: 0x8000b308 (0x00001f17) auipc   t5, 0x1
core   0: 3 0x8000b308 (0x00001f17) x30 0x8000c308
core   0: 0x8000b30c (0xce3f2c23) sw      gp, -776(t5)
core   0: 3 0x8000b30c (0xce3f2c23) mem 0x8000c000 0x00000001
core   0: 0x8000b310 (0xff9ff06f) j       pc - 0x8
core   0: 3 0x8000b310 (0xff9ff06f)
core   0: 0x8000b308 (0x00001f17) auipc   t5, 0x1
core   0: 3 0x8000b308 (0x00001f17) x30 0x8000c308
core   0: 0x8000b30c (0xce3f2c23) sw      gp, -776(t5)
core   0: 3 0x8000b30c (0xce3f2c23) mem 0x8000c000 0x00000001
core   0: 0x8000b310 (0xff9ff06f) j       pc - 0x8
core   0: 3 0x8000b310 (0xff9ff06f)
core   0: 0x8000b308 (0x00001f17) auipc   t5, 0x1
core   0: 3 0x8000b308 (0x00001f17) x30 0x8000c308
core   0: 0x8000b30c (0xce3f2c23) sw      gp, -776(t5)
core   0: 3 0x8000b30c (0xce3f2c23) mem 0x8000c000 0x00000001
core   0: 0x8000b310 (0xff9ff06f) j       pc - 0x8
core   0: 3 0x8000b310 (0xff9ff06f)
core   0: 0x8000b308 (0x00001f17) auipc   t5, 0x1
core   0: 3 0x8000b308 (0x00001f17) x30 0x8000c308
core   0: 0x8000b30c (0xce3f2c23) sw      gp, -776(t5)
core   0: 3 0x8000b30c (0xce3f2c23) mem 0x8000c000 0x00000001
core   0: 0x8000b310 (0xff9ff06f) j       pc - 0x8
core   0: 3 0x8000b310 (0xff9ff06f)
core   0: 0x8000b308 (0x00001f17) auipc   t5, 0x1
core   0: 3 0x8000b308 (0x00001f17) x30 0x8000c308
core   0: 0x8000b30c (0xce3f2c23) sw      gp, -776(t5)
core   0: 3 0x8000b30c (0xce3f2c23) mem 0x8000c000 0x00000001
core   0: 0x8000b310 (0xff9ff06f) j       pc - 0x8
core   0: 3 0x8000b310 (0xff9ff06f)
core   0: 0x8000b308 (0x00001f17) auipc   t5, 0x1
core   0: 3 0x8000b308 (0x00001f17) x30 0x8000c308
core   0: 0x8000b30c (0xce3f2c23) sw      gp, -776(t5)
core   0: 3 0x8000b30c (0xce3f2c23) mem 0x8000c000 0x00000001
core   0: 0x8000b310 (0xff9ff06f) j       pc - 0x8
core   0: 3 0x8000b310 (0xff9ff06f)
core   0: 0x8000b308 (0x00001f17) auipc   t5, 0x1
core   0: 3 0x8000b308 (0x00001f17) x30 0x8000c308
core   0: 0x8000b30c (0xce3f2c23) sw      gp, -776(t5)
core   0: 3 0x8000b30c (0xce3f2c23) mem 0x8000c000 0x00000001
core   0: 0x8000b310 (0xff9ff06f) j       pc - 0x8
core   0: 3 0x8000b310 (0xff9ff06f)
core   0: 0x8000b308 (0x00001f17) auipc   t5, 0x1
core   0: 3 0x8000b308 (0x00001f17) x30 0x8000c308
core   0: 0x8000b30c (0xce3f2c23) sw      gp, -776(t5)
core   0: 3 0x8000b30c (0xce3f2c23) mem 0x8000c000 0x00000001
core   0: 0x8000b310 (0xff9ff06f) j       pc - 0x8
core   0: 3 0x8000b310 (0xff9ff06f)
core   0: 0x8000b308 (0x00001f17) auipc   t5, 0x1
core   0: 3 0x8000b308 (0x00001f17) x30 0x8000c308
core   0: 0x8000b30c (0xce3f2c23) sw      gp, -776(t5)
core   0: 3 0x8000b30c (0xce3f2c23) mem 0x8000c000 0x00000001
core   0: 0x8000b310 (0xff9ff06f) j       pc - 0x8
core   0: 3 0x8000b310 (0xff9ff06f)
core   0: 0x8000b308 (0x00001f17) auipc   t5, 0x1
core   0: 3 0x8000b308 (0x00001f17) x30 0x8000c308
core   0: 0x8000b30c (0xce3f2c23) sw      gp, -776(t5)
core   0: 3 0x8000b30c (0xce3f2c23) mem 0x8000c000 0x00000001
core   0: 0x8000b310 (0xff9ff06f) j       pc - 0x8
core   0: 3 0x8000b310 (0xff9ff06f)
core   0: 0x8000b308 (0x00001f17) auipc   t5, 0x1
core   0: 3 0x8000b308 (0x00001f17) x30 0x8000c308
core   0: 0x8000b30c (0xce3f2c23) sw      gp, -776(t5)
core   0: 3 0x8000b30c (0xce3f2c23) mem 0x8000c000 0x00000001
core   0: 0x8000b310 (0xff9ff06f) j       pc - 0x8
core   0: 3 0x8000b310 (0xff9ff06f)
core   0: 0x8000b308 (0x00001f17) auipc   t5, 0x1
core   0: 3 0x8000b308 (0x00001f17) x30 0x8000c308
core   0: 0x8000b30c (0xce3f2c23) sw      gp, -776(t5)
core   0: 3 0x8000b30c (0xce3f2c23) mem 0x8000c000 0x00000001
core   0: 0x8000b310 (0xff9ff06f) j       pc - 0x8
core   0: 3 0x8000b310 (0xff9ff06f)
core   0: 0x8000b308 (0x00001f17) auipc   t5, 0x1
core   0: 3 0x8000b308 (0x00001f17) x30 0x8000c308
core   0: 0x8000b30c (0xce3f2c23) sw      gp, -776(t5)
core   0: 3 0x8000b30c (0xce3f2c23) mem 0x8000c000 0x00000001
core   0: 0x8000b310 (0xff9ff06f) j       pc - 0x8
core   0: 3 0x8000b310 (0xff9ff06f)
core   0: 0x8000b308 (0x00001f17) auipc   t5, 0x1
core   0: 3 0x8000b308 (0x00001f17) x30 0x8000c308
core   0: 0x8000b30c (0xce3f2c23) sw      gp, -776(t5)
core   0: 3 0x8000b30c (0xce3f2c23) mem 0x8000c000 0x00000001
core   0: 0x8000b310 (0xff9ff06f) j       pc - 0x8
core   0: 3 0x8000b310 (0xff9ff06f)
core   0: 0x8000b308 (0x00001f17) auipc   t5, 0x1
core   0: 3 0x8000b308 (0x00001f17) x30 0x8000c308
core   0: 0x8000b30c (0xce3f2c23) sw      gp, -776(t5)
core   0: 3 0x8000b30c (0xce3f2c23) mem 0x8000c000 0x00000001
core   0: 0x8000b310 (0xff9ff06f) j       pc - 0x8
core   0: 3 0x8000b310 (0xff9ff06f)
core   0: 0x8000b308 (0x00001f17) auipc   t5, 0x1
core   0: 3 0x8000b308 (0x00001f17) x30 0x8000c308
core   0: 0x8000b30c (0xce3f2c23) sw      gp, -776(t5)
core   0: 3 0x8000b30c (0xce3f2c23) mem 0x8000c000 0x00000001
core   0: 0x8000b310 (0xff9ff06f) j       pc - 0x8
core   0: 3 0x8000b310 (0xff9ff06f)
core   0: 0x8000b308 (0x00001f17) auipc   t5, 0x1
core   0: 3 0x8000b308 (0x00001f17) x30 0x8000c308
core   0: 0x8000b30c (0xce3f2c23) sw      gp, -776(t5)
core   0: 3 0x8000b30c (0xce3f2c23) mem 0x8000c000 0x00000001
core   0: 0x8000b310 (0xff9ff06f) j       pc - 0x8
core   0: 3 0x8000b310 (0xff9ff06f)
core   0: 0x8000b308 (0x00001f17) auipc   t5, 0x1
core   0: 3 0x8000b308 (0x00001f17) x30 0x8000c308
core   0: 0x8000b30c (0xce3f2c23) sw      gp, -776(t5)
core   0: 3 0x8000b30c (0xce3f2c23) mem 0x8000c000 0x00000001
core   0: 0x8000b310 (0xff9ff06f) j       pc - 0x8
core   0: 3 0x8000b310 (0xff9ff06f)
core   0: 0x8000b308 (0x00001f17) auipc   t5, 0x1
core   0: 3 0x8000b308 (0x00001f17) x30 0x8000c308
core   0: 0x8000b30c (0xce3f2c23) sw      gp, -776(t5)
core   0: 3 0x8000b30c (0xce3f2c23) mem 0x8000c000 0x00000001
core   0: 0x8000b310 (0xff9ff06f) j       pc - 0x8
core   0: 3 0x8000b310 (0xff9ff06f)
core   0: 0x8000b308 (0x00001f17) auipc   t5, 0x1
core   0: 3 0x8000b308 (0x00001f17) x30 0x8000c308
core   0: 0x8000b30c (0xce3f2c23) sw      gp, -776(t5)
core   0: 3 0x8000b30c (0xce3f2c23) mem 0x8000c000 0x00000001
core   0: 0x8000b310 (0xff9ff06f) j       pc - 0x8
core   0: 3 0x8000b310 (0xff9ff06f)
core   0: 0x8000b308 (0x00001f17) auipc   t5, 0x1
core   0: 3 0x8000b308 (0x00001f17) x30 0x8000c308
core   0: 0x8000b30c (0xce3f2c23) sw      gp, -776(t5)
core   0: 3 0x8000b30c (0xce3f2c23) mem 0x8000c000 0x00000001
core   0: 0x8000b310 (0xff9ff06f) j       pc - 0x8
core   0: 3 0x8000b310 (0xff9ff06f)
core   0: 0x8000b308 (0x00001f17) auipc   t5, 0x1
core   0: 3 0x8000b308 (0x00001f17) x30 0x8000c308
core   0: 0x8000b30c (0xce3f2c23) sw      gp, -776(t5)
core   0: 3 0x8000b30c (0xce3f2c23) mem 0x8000c000 0x00000001
core   0: 0x8000b310 (0xff9ff06f) j       pc - 0x8
core   0: 3 0x8000b310 (0xff9ff06f)
core   0: 0x8000b308 (0x00001f17) auipc   t5, 0x1
core   0: 3 0x8000b308 (0x00001f17) x30 0x8000c308
core   0: 0x8000b30c (0xce3f2c23) sw      gp, -776(t5)
core   0: 3 0x8000b30c (0xce3f2c23) mem 0x8000c000 0x00000001
core   0: 0x8000b310 (0xff9ff06f) j       pc - 0x8
core   0: 3 0x8000b310 (0xff9ff06f)
core   0: 0x8000b308 (0x00001f17) auipc   t5, 0x1
core   0: 3 0x8000b308 (0x00001f17) x30 0x8000c308
core   0: 0x8000b30c (0xce3f2c23) sw      gp, -776(t5)
core   0: 3 0x8000b30c (0xce3f2c23) mem 0x8000c000 0x00000001
core   0: 0x8000b310 (0xff9ff06f) j       pc - 0x8
core   0: 3 0x8000b310 (0xff9ff06f)
core   0: 0x8000b308 (0x00001f17) auipc   t5, 0x1
core   0: 3 0x8000b308 (0x00001f17) x30 0x8000c308
core   0: 0x8000b30c (0xce3f2c23) sw      gp, -776(t5)
core   0: 3 0x8000b30c (0xce3f2c23) mem 0x8000c000 0x00000001
core   0: 0x8000b310 (0xff9ff06f) j       pc - 0x8
core   0: 3 0x8000b310 (0xff9ff06f)
core   0: 0x8000b308 (0x00001f17) auipc   t5, 0x1
core   0: 3 0x8000b308 (0x00001f17) x30 0x8000c308
core   0: 0x8000b30c (0xce3f2c23) sw      gp, -776(t5)
core   0: 3 0x8000b30c (0xce3f2c23) mem 0x8000c000 0x00000001
core   0: 0x8000b310 (0xff9ff06f) j       pc - 0x8
core   0: 3 0x8000b310 (0xff9ff06f)
core   0: 0x8000b308 (0x00001f17) auipc   t5, 0x1
core   0: 3 0x8000b308 (0x00001f17) x30 0x8000c308
core   0: 0x8000b30c (0xce3f2c23) sw      gp, -776(t5)
core   0: 3 0x8000b30c (0xce3f2c23) mem 0x8000c000 0x00000001
core   0: 0x8000b310 (0xff9ff06f) j       pc - 0x8
core   0: 3 0x8000b310 (0xff9ff06f)
core   0: 0x8000b308 (0x00001f17) auipc   t5, 0x1
core   0: 3 0x8000b308 (0x00001f17) x30 0x8000c308
core   0: 0x8000b30c (0xce3f2c23) sw      gp, -776(t5)
core   0: 3 0x8000b30c (0xce3f2c23) mem 0x8000c000 0x00000001
core   0: 0x8000b310 (0xff9ff06f) j       pc - 0x8
core   0: 3 0x8000b310 (0xff9ff06f)
core   0: 0x8000b308 (0x00001f17) auipc   t5, 0x1
core   0: 3 0x8000b308 (0x00001f17) x30 0x8000c308
core   0: 0x8000b30c (0xce3f2c23) sw      gp, -776(t5)
core   0: 3 0x8000b30c (0xce3f2c23) mem 0x8000c000 0x00000001
core   0: 0x8000b310 (0xff9ff06f) j       pc - 0x8
core   0: 3 0x8000b310 (0xff9ff06f)
core   0: 0x8000b308 (0x00001f17) auipc   t5, 0x1
core   0: 3 0x8000b308 (0x00001f17) x30 0x8000c308
core   0: 0x8000b30c (0xce3f2c23) sw      gp, -776(t5)
core   0: 3 0x8000b30c (0xce3f2c23) mem 0x8000c000 0x00000001
core   0: 0x8000b310 (0xff9ff06f) j       pc - 0x8
core   0: 3 0x8000b310 (0xff9ff06f)
core   0: 0x8000b308 (0x00001f17) auipc   t5, 0x1
core   0: 3 0x8000b308 (0x00001f17) x30 0x8000c308
core   0: 0x8000b30c (0xce3f2c23) sw      gp, -776(t5)
core   0: 3 0x8000b30c (0xce3f2c23) mem 0x8000c000 0x00000001
core   0: 0x8000b310 (0xff9ff06f) j       pc - 0x8
core   0: 3 0x8000b310 (0xff9ff06f)
core   0: 0x8000b308 (0x00001f17) auipc   t5, 0x1
core   0: 3 0x8000b308 (0x00001f17) x30 0x8000c308
core   0: 0x8000b30c (0xce3f2c23) sw      gp, -776(t5)
core   0: 3 0x8000b30c (0xce3f2c23) mem 0x8000c000 0x00000001
core   0: 0x8000b310 (0xff9ff06f) j       pc - 0x8
core   0: 3 0x8000b310 (0xff9ff06f)
core   0: 0x8000b308 (0x00001f17) auipc   t5, 0x1
core   0: 3 0x8000b308 (0x00001f17) x30 0x8000c308
core   0: 0x8000b30c (0xce3f2c23) sw      gp, -776(t5)
core   0: 3 0x8000b30c (0xce3f2c23) mem 0x8000c000 0x00000001
core   0: 0x8000b310 (0xff9ff06f) j       pc - 0x8
core   0: 3 0x8000b310 (0xff9ff06f)
core   0: 0x8000b308 (0x00001f17) auipc   t5, 0x1
core   0: 3 0x8000b308 (0x00001f17) x30 0x8000c308
core   0: 0x8000b30c (0xce3f2c23) sw      gp, -776(t5)
core   0: 3 0x8000b30c (0xce3f2c23) mem 0x8000c000 0x00000001
core   0: 0x8000b310 (0xff9ff06f) j       pc - 0x8
core   0: 3 0x8000b310 (0xff9ff06f)
core   0: 0x8000b308 (0x00001f17) auipc   t5, 0x1
core   0: 3 0x8000b308 (0x00001f17) x30 0x8000c308
core   0: 0x8000b30c (0xce3f2c23) sw      gp, -776(t5)
core   0: 3 0x8000b30c (0xce3f2c23) mem 0x8000c000 0x00000001
core   0: 0x8000b310 (0xff9ff06f) j       pc - 0x8
core   0: 3 0x8000b310 (0xff9ff06f)
core   0: 0x8000b308 (0x00001f17) auipc   t5, 0x1
core   0: 3 0x8000b308 (0x00001f17) x30 0x8000c308
core   0: 0x8000b30c (0xce3f2c23) sw      gp, -776(t5)
core   0: 3 0x8000b30c (0xce3f2c23) mem 0x8000c000 0x00000001
core   0: 0x8000b310 (0xff9ff06f) j       pc - 0x8
core   0: 3 0x8000b310 (0xff9ff06f)
core   0: 0x8000b308 (0x00001f17) auipc   t5, 0x1
core   0: 3 0x8000b308 (0x00001f17) x30 0x8000c308
core   0: 0x8000b30c (0xce3f2c23) sw      gp, -776(t5)
core   0: 3 0x8000b30c (0xce3f2c23) mem 0x8000c000 0x00000001
core   0: 0x8000b310 (0xff9ff06f) j       pc - 0x8
core   0: 3 0x8000b310 (0xff9ff06f)
core   0: 0x8000b308 (0x00001f17) auipc   t5, 0x1
core   0: 3 0x8000b308 (0x00001f17) x30 0x8000c308
core   0: 0x8000b30c (0xce3f2c23) sw      gp, -776(t5)
core   0: 3 0x8000b30c (0xce3f2c23) mem 0x8000c000 0x00000001
core   0: 0x8000b310 (0xff9ff06f) j       pc - 0x8
core   0: 3 0x8000b310 (0xff9ff06f)
core   0: 0x8000b308 (0x00001f17) auipc   t5, 0x1
core   0: 3 0x8000b308 (0x00001f17) x30 0x8000c308
core   0: 0x8000b30c (0xce3f2c23) sw      gp, -776(t5)
core   0: 3 0x8000b30c (0xce3f2c23) mem 0x8000c000 0x00000001
core   0: 0x8000b310 (0xff9ff06f) j       pc - 0x8
core   0: 3 0x8000b310 (0xff9ff06f)
core   0: 0x8000b308 (0x00001f17) auipc   t5, 0x1
core   0: 3 0x8000b308 (0x00001f17) x30 0x8000c308
core   0: 0x8000b30c (0xce3f2c23) sw      gp, -776(t5)
core   0: 3 0x8000b30c (0xce3f2c23) mem 0x8000c000 0x00000001
core   0: 0x8000b310 (0xff9ff06f) j       pc - 0x8
core   0: 3 0x8000b310 (0xff9ff06f)
core   0: 0x8000b308 (0x00001f17) auipc   t5, 0x1
core   0: 3 0x8000b308 (0x00001f17) x30 0x8000c308
core   0: 0x8000b30c (0xce3f2c23) sw      gp, -776(t5)
core   0: 3 0x8000b30c (0xce3f2c23) mem 0x8000c000 0x00000001
core   0: 0x8000b310 (0xff9ff06f) j       pc - 0x8
core   0: 3 0x8000b310 (0xff9ff06f)
core   0: 0x8000b308 (0x00001f17) auipc   t5, 0x1
core   0: 3 0x8000b308 (0x00001f17) x30 0x8000c308
core   0: 0x8000b30c (0xce3f2c23) sw      gp, -776(t5)
core   0: 3 0x8000b30c (0xce3f2c23) mem 0x8000c000 0x00000001
core   0: 0x8000b310 (0xff9ff06f) j       pc - 0x8
core   0: 3 0x8000b310 (0xff9ff06f)
core   0: 0x8000b308 (0x00001f17) auipc   t5, 0x1
core   0: 3 0x8000b308 (0x00001f17) x30 0x8000c308
core   0: 0x8000b30c (0xce3f2c23) sw      gp, -776(t5)
core   0: 3 0x8000b30c (0xce3f2c23) mem 0x8000c000 0x00000001
core   0: 0x8000b310 (0xff9ff06f) j       pc - 0x8
core   0: 3 0x8000b310 (0xff9ff06f)
core   0: 0x8000b308 (0x00001f17) auipc   t5, 0x1
core   0: 3 0x8000b308 (0x00001f17) x30 0x8000c308
core   0: 0x8000b30c (0xce3f2c23) sw      gp, -776(t5)
core   0: 3 0x8000b30c (0xce3f2c23) mem 0x8000c000 0x00000001
core   0: 0x8000b310 (0xff9ff06f) j       pc - 0x8
core   0: 3 0x8000b310 (0xff9ff06f)
core   0: 0x8000b308 (0x00001f17) auipc   t5, 0x1
core   0: 3 0x8000b308 (0x00001f17) x30 0x8000c308
core   0: 0x8000b30c (0xce3f2c23) sw      gp, -776(t5)
core   0: 3 0x8000b30c (0xce3f2c23) mem 0x8000c000 0x00000001
core   0: 0x8000b310 (0xff9ff06f) j       pc - 0x8
core   0: 3 0x8000b310 (0xff9ff06f)
core   0: 0x8000b308 (0x00001f17) auipc   t5, 0x1
core   0: 3 0x8000b308 (0x00001f17) x30 0x8000c308
core   0: 0x8000b30c (0xce3f2c23) sw      gp, -776(t5)
core   0: 3 0x8000b30c (0xce3f2c23) mem 0x8000c000 0x00000001
core   0: 0x8000b310 (0xff9ff06f) j       pc - 0x8
core   0: 3 0x8000b310 (0xff9ff06f)
core   0: 0x8000b308 (0x00001f17) auipc   t5, 0x1
core   0: 3 0x8000b308 (0x00001f17) x30 0x8000c308
core   0: 0x8000b30c (0xce3f2c23) sw      gp, -776(t5)
core   0: 3 0x8000b30c (0xce3f2c23) mem 0x8000c000 0x00000001
core   0: 0x8000b310 (0xff9ff06f) j       pc - 0x8
core   0: 3 0x8000b310 (0xff9ff06f)
core   0: 0x8000b308 (0x00001f17) auipc   t5, 0x1
core   0: 3 0x8000b308 (0x00001f17) x30 0x8000c308
core   0: 0x8000b30c (0xce3f2c23) sw      gp, -776(t5)
core   0: 3 0x8000b30c (0xce3f2c23) mem 0x8000c000 0x00000001
core   0: 0x8000b310 (0xff9ff06f) j       pc - 0x8
core   0: 3 0x8000b310 (0xff9ff06f)
core   0: 0x8000b308 (0x00001f17) auipc   t5, 0x1
core   0: 3 0x8000b308 (0x00001f17) x30 0x8000c308
core   0: 0x8000b30c (0xce3f2c23) sw      gp, -776(t5)
core   0: 3 0x8000b30c (0xce3f2c23) mem 0x8000c000 0x00000001
core   0: 0x8000b310 (0xff9ff06f) j       pc - 0x8
core   0: 3 0x8000b310 (0xff9ff06f)
core   0: 0x8000b308 (0x00001f17) auipc   t5, 0x1
core   0: 3 0x8000b308 (0x00001f17) x30 0x8000c308
core   0: 0x8000b30c (0xce3f2c23) sw      gp, -776(t5)
core   0: 3 0x8000b30c (0xce3f2c23) mem 0x8000c000 0x00000001
core   0: 0x8000b310 (0xff9ff06f) j       pc - 0x8
core   0: 3 0x8000b310 (0xff9ff06f)
core   0: 0x8000b308 (0x00001f17) auipc   t5, 0x1
core   0: 3 0x8000b308 (0x00001f17) x30 0x8000c308
core   0: 0x8000b30c (0xce3f2c23) sw      gp, -776(t5)
core   0: 3 0x8000b30c (0xce3f2c23) mem 0x8000c000 0x00000001
core   0: 0x8000b310 (0xff9ff06f) j       pc - 0x8
core   0: 3 0x8000b310 (0xff9ff06f)
core   0: 0x8000b308 (0x00001f17) auipc   t5, 0x1
core   0: 3 0x8000b308 (0x00001f17) x30 0x8000c308
core   0: 0x8000b30c (0xce3f2c23) sw      gp, -776(t5)
core   0: 3 0x8000b30c (0xce3f2c23) mem 0x8000c000 0x00000001
core   0: 0x8000b310 (0xff9ff06f) j       pc - 0x8
core   0: 3 0x8000b310 (0xff9ff06f)
core   0: 0x8000b308 (0x00001f17) auipc   t5, 0x1
core   0: 3 0x8000b308 (0x00001f17) x30 0x8000c308
core   0: 0x8000b30c (0xce3f2c23) sw      gp, -776(t5)
core   0: 3 0x8000b30c (0xce3f2c23) mem 0x8000c000 0x00000001
core   0: 0x8000b310 (0xff9ff06f) j       pc - 0x8
core   0: 3 0x8000b310 (0xff9ff06f)
core   0: 0x8000b308 (0x00001f17) auipc   t5, 0x1
core   0: 3 0x8000b308 (0x00001f17) x30 0x8000c308
core   0: 0x8000b30c (0xce3f2c23) sw      gp, -776(t5)
core   0: 3 0x8000b30c (0xce3f2c23) mem 0x8000c000 0x00000001
core   0: 0x8000b310 (0xff9ff06f) j       pc - 0x8
core   0: 3 0x8000b310 (0xff9ff06f)
core   0: 0x8000b308 (0x00001f17) auipc   t5, 0x1
core   0: 3 0x8000b308 (0x00001f17) x30 0x8000c308
core   0: 0x8000b30c (0xce3f2c23) sw      gp, -776(t5)
core   0: 3 0x8000b30c (0xce3f2c23) mem 0x8000c000 0x00000001
core   0: 0x8000b310 (0xff9ff06f) j       pc - 0x8
core   0: 3 0x8000b310 (0xff9ff06f)
core   0: 0x8000b308 (0x00001f17) auipc   t5, 0x1
core   0: 3 0x8000b308 (0x00001f17) x30 0x8000c308
core   0: 0x8000b30c (0xce3f2c23) sw      gp, -776(t5)
core   0: 3 0x8000b30c (0xce3f2c23) mem 0x8000c000 0x00000001
core   0: 0x8000b310 (0xff9ff06f) j       pc - 0x8
core   0: 3 0x8000b310 (0xff9ff06f)
core   0: 0x8000b308 (0x00001f17) auipc   t5, 0x1
core   0: 3 0x8000b308 (0x00001f17) x30 0x8000c308
core   0: 0x8000b30c (0xce3f2c23) sw      gp, -776(t5)
core   0: 3 0x8000b30c (0xce3f2c23) mem 0x8000c000 0x00000001
core   0: 0x8000b310 (0xff9ff06f) j       pc - 0x8
core   0: 3 0x8000b310 (0xff9ff06f)
core   0: 0x8000b308 (0x00001f17) auipc   t5, 0x1
core   0: 3 0x8000b308 (0x00001f17) x30 0x8000c308
core   0: 0x8000b30c (0xce3f2c23) sw      gp, -776(t5)
core   0: 3 0x8000b30c (0xce3f2c23) mem 0x8000c000 0x00000001
core   0: 0x8000b310 (0xff9ff06f) j       pc - 0x8
core   0: 3 0x8000b310 (0xff9ff06f)
core   0: 0x8000b308 (0x00001f17) auipc   t5, 0x1
core   0: 3 0x8000b308 (0x00001f17) x30 0x8000c308
core   0: 0x8000b30c (0xce3f2c23) sw      gp, -776(t5)
core   0: 3 0x8000b30c (0xce3f2c23) mem 0x8000c000 0x00000001
core   0: 0x8000b310 (0xff9ff06f) j       pc - 0x8
core   0: 3 0x8000b310 (0xff9ff06f)
core   0: 0x8000b308 (0x00001f17) auipc   t5, 0x1
core   0: 3 0x8000b308 (0x00001f17) x30 0x8000c308
core   0: 0x8000b30c (0xce3f2c23) sw      gp, -776(t5)
core   0: 3 0x8000b30c (0xce3f2c23) mem 0x8000c000 0x00000001
core   0: 0x8000b310 (0xff9ff06f) j       pc - 0x8
core   0: 3 0x8000b310 (0xff9ff06f)
core   0: 0x8000b308 (0x00001f17) auipc   t5, 0x1
core   0: 3 0x8000b308 (0x00001f17) x30 0x8000c308
core   0: 0x8000b30c (0xce3f2c23) sw      gp, -776(t5)
core   0: 3 0x8000b30c (0xce3f2c23) mem 0x8000c000 0x00000001
core   0: 0x8000b310 (0xff9ff06f) j       pc - 0x8
core   0: 3 0x8000b310 (0xff9ff06f)
core   0: 0x8000b308 (0x00001f17) auipc   t5, 0x1
core   0: 3 0x8000b308 (0x00001f17) x30 0x8000c308
core   0: 0x8000b30c (0xce3f2c23) sw      gp, -776(t5)
core   0: 3 0x8000b30c (0xce3f2c23) mem 0x8000c000 0x00000001
core   0: 0x8000b310 (0xff9ff06f) j       pc - 0x8
core   0: 3 0x8000b310 (0xff9ff06f)
core   0: 0x8000b308 (0x00001f17) auipc   t5, 0x1
core   0: 3 0x8000b308 (0x00001f17) x30 0x8000c308
core   0: 0x8000b30c (0xce3f2c23) sw      gp, -776(t5)
core   0: 3 0x8000b30c (0xce3f2c23) mem 0x8000c000 0x00000001
core   0: 0x8000b310 (0xff9ff06f) j       pc - 0x8
core   0: 3 0x8000b310 (0xff9ff06f)
core   0: 0x8000b308 (0x00001f17) auipc   t5, 0x1
core   0: 3 0x8000b308 (0x00001f17) x30 0x8000c308
core   0: 0x8000b30c (0xce3f2c23) sw      gp, -776(t5)
core   0: 3 0x8000b30c (0xce3f2c23) mem 0x8000c000 0x00000001
core   0: 0x8000b310 (0xff9ff06f) j       pc - 0x8
core   0: 3 0x8000b310 (0xff9ff06f)
core   0: 0x8000b308 (0x00001f17) auipc   t5, 0x1
core   0: 3 0x8000b308 (0x00001f17) x30 0x8000c308
core   0: 0x8000b30c (0xce3f2c23) sw      gp, -776(t5)
core   0: 3 0x8000b30c (0xce3f2c23) mem 0x8000c000 0x00000001
core   0: 0x8000b310 (0xff9ff06f) j       pc - 0x8
core   0: 3 0x8000b310 (0xff9ff06f)
core   0: 0x8000b308 (0x00001f17) auipc   t5, 0x1
core   0: 3 0x8000b308 (0x00001f17) x30 0x8000c308
core   0: 0x8000b30c (0xce3f2c23) sw      gp, -776(t5)
core   0: 3 0x8000b30c (0xce3f2c23) mem 0x8000c000 0x00000001
core   0: 0x8000b310 (0xff9ff06f) j       pc - 0x8
core   0: 3 0x8000b310 (0xff9ff06f)
core   0: 0x8000b308 (0x00001f17) auipc   t5, 0x1
core   0: 3 0x8000b308 (0x00001f17) x30 0x8000c308
core   0: 0x8000b30c (0xce3f2c23) sw      gp, -776(t5)
core   0: 3 0x8000b30c (0xce3f2c23) mem 0x8000c000 0x00000001
core   0: 0x8000b310 (0xff9ff06f) j       pc - 0x8
core   0: 3 0x8000b310 (0xff9ff06f)
core   0: 0x8000b308 (0x00001f17) auipc   t5, 0x1
core   0: 3 0x8000b308 (0x00001f17) x30 0x8000c308
core   0: 0x8000b30c (0xce3f2c23) sw      gp, -776(t5)
core   0: 3 0x8000b30c (0xce3f2c23) mem 0x8000c000 0x00000001
core   0: 0x8000b310 (0xff9ff06f) j       pc - 0x8
core   0: 3 0x8000b310 (0xff9ff06f)
core   0: 0x8000b308 (0x00001f17) auipc   t5, 0x1
core   0: 3 0x8000b308 (0x00001f17) x30 0x8000c308
core   0: 0x8000b30c (0xce3f2c23) sw      gp, -776(t5)
core   0: 3 0x8000b30c (0xce3f2c23) mem 0x8000c000 0x00000001
core   0: 0x8000b310 (0xff9ff06f) j       pc - 0x8
core   0: 3 0x8000b310 (0xff9ff06f)
core   0: 0x8000b308 (0x00001f17) auipc   t5, 0x1
core   0: 3 0x8000b308 (0x00001f17) x30 0x8000c308
core   0: 0x8000b30c (0xce3f2c23) sw      gp, -776(t5)
core   0: 3 0x8000b30c (0xce3f2c23) mem 0x8000c000 0x00000001
core   0: 0x8000b310 (0xff9ff06f) j       pc - 0x8
core   0: 3 0x8000b310 (0xff9ff06f)
core   0: 0x8000b308 (0x00001f17) auipc   t5, 0x1
core   0: 3 0x8000b308 (0x00001f17) x30 0x8000c308
core   0: 0x8000b30c (0xce3f2c23) sw      gp, -776(t5)
core   0: 3 0x8000b30c (0xce3f2c23) mem 0x8000c000 0x00000001
core   0: 0x8000b310 (0xff9ff06f) j       pc - 0x8
core   0: 3 0x8000b310 (0xff9ff06f)
core   0: 0x8000b308 (0x00001f17) auipc   t5, 0x1
core   0: 3 0x8000b308 (0x00001f17) x30 0x8000c308
core   0: 0x8000b30c (0xce3f2c23) sw      gp, -776(t5)
core   0: 3 0x8000b30c (0xce3f2c23) mem 0x8000c000 0x00000001
core   0: 0x8000b310 (0xff9ff06f) j       pc - 0x8
core   0: 3 0x8000b310 (0xff9ff06f)
core   0: 0x8000b308 (0x00001f17) auipc   t5, 0x1
core   0: 3 0x8000b308 (0x00001f17) x30 0x8000c308
core   0: 0x8000b30c (0xce3f2c23) sw      gp, -776(t5)
core   0: 3 0x8000b30c (0xce3f2c23) mem 0x8000c000 0x00000001
core   0: 0x8000b310 (0xff9ff06f) j       pc - 0x8
core   0: 3 0x8000b310 (0xff9ff06f)
core   0: 0x8000b308 (0x00001f17) auipc   t5, 0x1
core   0: 3 0x8000b308 (0x00001f17) x30 0x8000c308
core   0: 0x8000b30c (0xce3f2c23) sw      gp, -776(t5)
core   0: 3 0x8000b30c (0xce3f2c23) mem 0x8000c000 0x00000001
core   0: 0x8000b310 (0xff9ff06f) j       pc - 0x8
core   0: 3 0x8000b310 (0xff9ff06f)
core   0: 0x8000b308 (0x00001f17) auipc   t5, 0x1
core   0: 3 0x8000b308 (0x00001f17) x30 0x8000c308
core   0: 0x8000b30c (0xce3f2c23) sw      gp, -776(t5)
core   0: 3 0x8000b30c (0xce3f2c23) mem 0x8000c000 0x00000001
core   0: 0x8000b310 (0xff9ff06f) j       pc - 0x8
core   0: 3 0x8000b310 (0xff9ff06f)
core   0: 0x8000b308 (0x00001f17) auipc   t5, 0x1
core   0: 3 0x8000b308 (0x00001f17) x30 0x8000c308
core   0: 0x8000b30c (0xce3f2c23) sw      gp, -776(t5)
core   0: 3 0x8000b30c (0xce3f2c23) mem 0x8000c000 0x00000001
core   0: 0x8000b310 (0xff9ff06f) j       pc - 0x8
core   0: 3 0x8000b310 (0xff9ff06f)
core   0: 0x8000b308 (0x00001f17) auipc   t5, 0x1
core   0: 3 0x8000b308 (0x00001f17) x30 0x8000c308
core   0: 0x8000b30c (0xce3f2c23) sw      gp, -776(t5)
core   0: 3 0x8000b30c (0xce3f2c23) mem 0x8000c000 0x00000001
core   0: 0x8000b310 (0xff9ff06f) j       pc - 0x8
core   0: 3 0x8000b310 (0xff9ff06f)
core   0: 0x8000b308 (0x00001f17) auipc   t5, 0x1
core   0: 3 0x8000b308 (0x00001f17) x30 0x8000c308
core   0: 0x8000b30c (0xce3f2c23) sw      gp, -776(t5)
core   0: 3 0x8000b30c (0xce3f2c23) mem 0x8000c000 0x00000001
core   0: 0x8000b310 (0xff9ff06f) j       pc - 0x8
core   0: 3 0x8000b310 (0xff9ff06f)
core   0: 0x8000b308 (0x00001f17) auipc   t5, 0x1
core   0: 3 0x8000b308 (0x00001f17) x30 0x8000c308
core   0: 0x8000b30c (0xce3f2c23) sw      gp, -776(t5)
core   0: 3 0x8000b30c (0xce3f2c23) mem 0x8000c000 0x00000001
core   0: 0x8000b310 (0xff9ff06f) j       pc - 0x8
core   0: 3 0x8000b310 (0xff9ff06f)
core   0: 0x8000b308 (0x00001f17) auipc   t5, 0x1
core   0: 3 0x8000b308 (0x00001f17) x30 0x8000c308
core   0: 0x8000b30c (0xce3f2c23) sw      gp, -776(t5)
core   0: 3 0x8000b30c (0xce3f2c23) mem 0x8000c000 0x00000001
core   0: 0x8000b310 (0xff9ff06f) j       pc - 0x8
core   0: 3 0x8000b310 (0xff9ff06f)
core   0: 0x8000b308 (0x00001f17) auipc   t5, 0x1
core   0: 3 0x8000b308 (0x00001f17) x30 0x8000c308
core   0: 0x8000b30c (0xce3f2c23) sw      gp, -776(t5)
core   0: 3 0x8000b30c (0xce3f2c23) mem 0x8000c000 0x00000001
core   0: 0x8000b310 (0xff9ff06f) j       pc - 0x8
core   0: 3 0x8000b310 (0xff9ff06f)
core   0: 0x8000b308 (0x00001f17) auipc   t5, 0x1
core   0: 3 0x8000b308 (0x00001f17) x30 0x8000c308
core   0: 0x8000b30c (0xce3f2c23) sw      gp, -776(t5)
core   0: 3 0x8000b30c (0xce3f2c23) mem 0x8000c000 0x00000001
core   0: 0x8000b310 (0xff9ff06f) j       pc - 0x8
core   0: 3 0x8000b310 (0xff9ff06f)
core   0: 0x8000b308 (0x00001f17) auipc   t5, 0x1
core   0: 3 0x8000b308 (0x00001f17) x30 0x8000c308
core   0: 0x8000b30c (0xce3f2c23) sw      gp, -776(t5)
core   0: 3 0x8000b30c (0xce3f2c23) mem 0x8000c000 0x00000001
core   0: 0x8000b310 (0xff9ff06f) j       pc - 0x8
core   0: 3 0x8000b310 (0xff9ff06f)
core   0: 0x8000b308 (0x00001f17) auipc   t5, 0x1
core   0: 3 0x8000b308 (0x00001f17) x30 0x8000c308
core   0: 0x8000b30c (0xce3f2c23) sw      gp, -776(t5)
core   0: 3 0x8000b30c (0xce3f2c23) mem 0x8000c000 0x00000001
core   0: 0x8000b310 (0xff9ff06f) j       pc - 0x8
core   0: 3 0x8000b310 (0xff9ff06f)
core   0: 0x8000b308 (0x00001f17) auipc   t5, 0x1
core   0: 3 0x8000b308 (0x00001f17) x30 0x8000c308
core   0: 0x8000b30c (0xce3f2c23) sw      gp, -776(t5)
core   0: 3 0x8000b30c (0xce3f2c23) mem 0x8000c000 0x00000001
core   0: 0x8000b310 (0xff9ff06f) j       pc - 0x8
core   0: 3 0x8000b310 (0xff9ff06f)
core   0: 0x8000b308 (0x00001f17) auipc   t5, 0x1
core   0: 3 0x8000b308 (0x00001f17) x30 0x8000c308
core   0: 0x8000b30c (0xce3f2c23) sw      gp, -776(t5)
core   0: 3 0x8000b30c (0xce3f2c23) mem 0x8000c000 0x00000001
core   0: 0x8000b310 (0xff9ff06f) j       pc - 0x8
core   0: 3 0x8000b310 (0xff9ff06f)
core   0: 0x8000b308 (0x00001f17) auipc   t5, 0x1
core   0: 3 0x8000b308 (0x00001f17) x30 0x8000c308
core   0: 0x8000b30c (0xce3f2c23) sw      gp, -776(t5)
core   0: 3 0x8000b30c (0xce3f2c23) mem 0x8000c000 0x00000001
core   0: 0x8000b310 (0xff9ff06f) j       pc - 0x8
core   0: 3 0x8000b310 (0xff9ff06f)
core   0: 0x8000b308 (0x00001f17) auipc   t5, 0x1
core   0: 3 0x8000b308 (0x00001f17) x30 0x8000c308
core   0: 0x8000b30c (0xce3f2c23) sw      gp, -776(t5)
core   0: 3 0x8000b30c (0xce3f2c23) mem 0x8000c000 0x00000001
core   0: 0x8000b310 (0xff9ff06f) j       pc - 0x8
core   0: 3 0x8000b310 (0xff9ff06f)
core   0: 0x8000b308 (0x00001f17) auipc   t5, 0x1
core   0: 3 0x8000b308 (0x00001f17) x30 0x8000c308
core   0: 0x8000b30c (0xce3f2c23) sw      gp, -776(t5)
core   0: 3 0x8000b30c (0xce3f2c23) mem 0x8000c000 0x00000001
core   0: 0x8000b310 (0xff9ff06f) j       pc - 0x8
core   0: 3 0x8000b310 (0xff9ff06f)
core   0: 0x8000b308 (0x00001f17) auipc   t5, 0x1
core   0: 3 0x8000b308 (0x00001f17) x30 0x8000c308
core   0: 0x8000b30c (0xce3f2c23) sw      gp, -776(t5)
core   0: 3 0x8000b30c (0xce3f2c23) mem 0x8000c000 0x00000001
core   0: 0x8000b310 (0xff9ff06f) j       pc - 0x8
core   0: 3 0x8000b310 (0xff9ff06f)
core   0: 0x8000b308 (0x00001f17) auipc   t5, 0x1
core   0: 3 0x8000b308 (0x00001f17) x30 0x8000c308
core   0: 0x8000b30c (0xce3f2c23) sw      gp, -776(t5)
core   0: 3 0x8000b30c (0xce3f2c23) mem 0x8000c000 0x00000001
core   0: 0x8000b310 (0xff9ff06f) j       pc - 0x8
core   0: 3 0x8000b310 (0xff9ff06f)
core   0: 0x8000b308 (0x00001f17) auipc   t5, 0x1
core   0: 3 0x8000b308 (0x00001f17) x30 0x8000c308
core   0: 0x8000b30c (0xce3f2c23) sw      gp, -776(t5)
core   0: 3 0x8000b30c (0xce3f2c23) mem 0x8000c000 0x00000001
core   0: 0x8000b310 (0xff9ff06f) j       pc - 0x8
core   0: 3 0x8000b310 (0xff9ff06f)
core   0: 0x8000b308 (0x00001f17) auipc   t5, 0x1
core   0: 3 0x8000b308 (0x00001f17) x30 0x8000c308
core   0: 0x8000b30c (0xce3f2c23) sw      gp, -776(t5)
core   0: 3 0x8000b30c (0xce3f2c23) mem 0x8000c000 0x00000001
core   0: 0x8000b310 (0xff9ff06f) j       pc - 0x8
core   0: 3 0x8000b310 (0xff9ff06f)
core   0: 0x8000b308 (0x00001f17) auipc   t5, 0x1
core   0: 3 0x8000b308 (0x00001f17) x30 0x8000c308
core   0: 0x8000b30c (0xce3f2c23) sw      gp, -776(t5)
core   0: 3 0x8000b30c (0xce3f2c23) mem 0x8000c000 0x00000001
core   0: 0x8000b310 (0xff9ff06f) j       pc - 0x8
core   0: 3 0x8000b310 (0xff9ff06f)
core   0: 0x8000b308 (0x00001f17) auipc   t5, 0x1
core   0: 3 0x8000b308 (0x00001f17) x30 0x8000c308
core   0: 0x8000b30c (0xce3f2c23) sw      gp, -776(t5)
core   0: 3 0x8000b30c (0xce3f2c23) mem 0x8000c000 0x00000001
core   0: 0x8000b310 (0xff9ff06f) j       pc - 0x8
core   0: 3 0x8000b310 (0xff9ff06f)
core   0: 0x8000b308 (0x00001f17) auipc   t5, 0x1
core   0: 3 0x8000b308 (0x00001f17) x30 0x8000c308
core   0: 0x8000b30c (0xce3f2c23) sw      gp, -776(t5)
core   0: 3 0x8000b30c (0xce3f2c23) mem 0x8000c000 0x00000001
core   0: 0x8000b310 (0xff9ff06f) j       pc - 0x8
core   0: 3 0x8000b310 (0xff9ff06f)
core   0: 0x8000b308 (0x00001f17) auipc   t5, 0x1
core   0: 3 0x8000b308 (0x00001f17) x30 0x8000c308
core   0: 0x8000b30c (0xce3f2c23) sw      gp, -776(t5)
core   0: 3 0x8000b30c (0xce3f2c23) mem 0x8000c000 0x00000001
core   0: 0x8000b310 (0xff9ff06f) j       pc - 0x8
core   0: 3 0x8000b310 (0xff9ff06f)
core   0: 0x8000b308 (0x00001f17) auipc   t5, 0x1
core   0: 3 0x8000b308 (0x00001f17) x30 0x8000c308
core   0: 0x8000b30c (0xce3f2c23) sw      gp, -776(t5)
core   0: 3 0x8000b30c (0xce3f2c23) mem 0x8000c000 0x00000001
core   0: 0x8000b310 (0xff9ff06f) j       pc - 0x8
core   0: 3 0x8000b310 (0xff9ff06f)
core   0: 0x8000b308 (0x00001f17) auipc   t5, 0x1
core   0: 3 0x8000b308 (0x00001f17) x30 0x8000c308
core   0: 0x8000b30c (0xce3f2c23) sw      gp, -776(t5)
core   0: 3 0x8000b30c (0xce3f2c23) mem 0x8000c000 0x00000001
core   0: 0x8000b310 (0xff9ff06f) j       pc - 0x8
core   0: 3 0x8000b310 (0xff9ff06f)
core   0: 0x8000b308 (0x00001f17) auipc   t5, 0x1
core   0: 3 0x8000b308 (0x00001f17) x30 0x8000c308
core   0: 0x8000b30c (0xce3f2c23) sw      gp, -776(t5)
core   0: 3 0x8000b30c (0xce3f2c23) mem 0x8000c000 0x00000001
core   0: 0x8000b310 (0xff9ff06f) j       pc - 0x8
core   0: 3 0x8000b310 (0xff9ff06f)
core   0: 0x8000b308 (0x00001f17) auipc   t5, 0x1
core   0: 3 0x8000b308 (0x00001f17) x30 0x8000c308
core   0: 0x8000b30c (0xce3f2c23) sw      gp, -776(t5)
core   0: 3 0x8000b30c (0xce3f2c23) mem 0x8000c000 0x00000001
core   0: 0x8000b310 (0xff9ff06f) j       pc - 0x8
core   0: 3 0x8000b310 (0xff9ff06f)
core   0: 0x8000b308 (0x00001f17) auipc   t5, 0x1
core   0: 3 0x8000b308 (0x00001f17) x30 0x8000c308
core   0: 0x8000b30c (0xce3f2c23) sw      gp, -776(t5)
core   0: 3 0x8000b30c (0xce3f2c23) mem 0x8000c000 0x00000001
core   0: 0x8000b310 (0xff9ff06f) j       pc - 0x8
core   0: 3 0x8000b310 (0xff9ff06f)
core   0: 0x8000b308 (0x00001f17) auipc   t5, 0x1
core   0: 3 0x8000b308 (0x00001f17) x30 0x8000c308
core   0: 0x8000b30c (0xce3f2c23) sw      gp, -776(t5)
core   0: 3 0x8000b30c (0xce3f2c23) mem 0x8000c000 0x00000001
core   0: 0x8000b310 (0xff9ff06f) j       pc - 0x8
core   0: 3 0x8000b310 (0xff9ff06f)
core   0: 0x8000b308 (0x00001f17) auipc   t5, 0x1
core   0: 3 0x8000b308 (0x00001f17) x30 0x8000c308
core   0: 0x8000b30c (0xce3f2c23) sw      gp, -776(t5)
core   0: 3 0x8000b30c (0xce3f2c23) mem 0x8000c000 0x00000001
core   0: 0x8000b310 (0xff9ff06f) j       pc - 0x8
core   0: 3 0x8000b310 (0xff9ff06f)
core   0: 0x8000b308 (0x00001f17) auipc   t5, 0x1
core   0: 3 0x8000b308 (0x00001f17) x30 0x8000c308
core   0: 0x8000b30c (0xce3f2c23) sw      gp, -776(t5)
core   0: 3 0x8000b30c (0xce3f2c23) mem 0x8000c000 0x00000001
core   0: 0x8000b310 (0xff9ff06f) j       pc - 0x8
core   0: 3 0x8000b310 (0xff9ff06f)
core   0: 0x8000b308 (0x00001f17) auipc   t5, 0x1
core   0: 3 0x8000b308 (0x00001f17) x30 0x8000c308
core   0: 0x8000b30c (0xce3f2c23) sw      gp, -776(t5)
core   0: 3 0x8000b30c (0xce3f2c23) mem 0x8000c000 0x00000001
core   0: 0x8000b310 (0xff9ff06f) j       pc - 0x8
core   0: 3 0x8000b310 (0xff9ff06f)
core   0: 0x8000b308 (0x00001f17) auipc   t5, 0x1
core   0: 3 0x8000b308 (0x00001f17) x30 0x8000c308
core   0: 0x8000b30c (0xce3f2c23) sw      gp, -776(t5)
core   0: 3 0x8000b30c (0xce3f2c23) mem 0x8000c000 0x00000001
core   0: 0x8000b310 (0xff9ff06f) j       pc - 0x8
core   0: 3 0x8000b310 (0xff9ff06f)
core   0: 0x8000b308 (0x00001f17) auipc   t5, 0x1
core   0: 3 0x8000b308 (0x00001f17) x30 0x8000c308
core   0: 0x8000b30c (0xce3f2c23) sw      gp, -776(t5)
core   0: 3 0x8000b30c (0xce3f2c23) mem 0x8000c000 0x00000001
core   0: 0x8000b310 (0xff9ff06f) j       pc - 0x8
core   0: 3 0x8000b310 (0xff9ff06f)
core   0: 0x8000b308 (0x00001f17) auipc   t5, 0x1
core   0: 3 0x8000b308 (0x00001f17) x30 0x8000c308
core   0: 0x8000b30c (0xce3f2c23) sw      gp, -776(t5)
core   0: 3 0x8000b30c (0xce3f2c23) mem 0x8000c000 0x00000001
core   0: 0x8000b310 (0xff9ff06f) j       pc - 0x8
core   0: 3 0x8000b310 (0xff9ff06f)
core   0: 0x8000b308 (0x00001f17) auipc   t5, 0x1
core   0: 3 0x8000b308 (0x00001f17) x30 0x8000c308
core   0: 0x8000b30c (0xce3f2c23) sw      gp, -776(t5)
core   0: 3 0x8000b30c (0xce3f2c23) mem 0x8000c000 0x00000001
core   0: 0x8000b310 (0xff9ff06f) j       pc - 0x8
core   0: 3 0x8000b310 (0xff9ff06f)
core   0: 0x8000b308 (0x00001f17) auipc   t5, 0x1
core   0: 3 0x8000b308 (0x00001f17) x30 0x8000c308
core   0: 0x8000b30c (0xce3f2c23) sw      gp, -776(t5)
core   0: 3 0x8000b30c (0xce3f2c23) mem 0x8000c000 0x00000001
core   0: 0x8000b310 (0xff9ff06f) j       pc - 0x8
core   0: 3 0x8000b310 (0xff9ff06f)
core   0: 0x8000b308 (0x00001f17) auipc   t5, 0x1
core   0: 3 0x8000b308 (0x00001f17) x30 0x8000c308
core   0: 0x8000b30c (0xce3f2c23) sw      gp, -776(t5)
core   0: 3 0x8000b30c (0xce3f2c23) mem 0x8000c000 0x00000001
core   0: 0x8000b310 (0xff9ff06f) j       pc - 0x8
core   0: 3 0x8000b310 (0xff9ff06f)
core   0: 0x8000b308 (0x00001f17) auipc   t5, 0x1
core   0: 3 0x8000b308 (0x00001f17) x30 0x8000c308
core   0: 0x8000b30c (0xce3f2c23) sw      gp, -776(t5)
core   0: 3 0x8000b30c (0xce3f2c23) mem 0x8000c000 0x00000001
core   0: 0x8000b310 (0xff9ff06f) j       pc - 0x8
core   0: 3 0x8000b310 (0xff9ff06f)
core   0: 0x8000b308 (0x00001f17) auipc   t5, 0x1
core   0: 3 0x8000b308 (0x00001f17) x30 0x8000c308
core   0: 0x8000b30c (0xce3f2c23) sw      gp, -776(t5)
core   0: 3 0x8000b30c (0xce3f2c23) mem 0x8000c000 0x00000001
core   0: 0x8000b310 (0xff9ff06f) j       pc - 0x8
core   0: 3 0x8000b310 (0xff9ff06f)
core   0: 0x8000b308 (0x00001f17) auipc   t5, 0x1
core   0: 3 0x8000b308 (0x00001f17) x30 0x8000c308
core   0: 0x8000b30c (0xce3f2c23) sw      gp, -776(t5)
core   0: 3 0x8000b30c (0xce3f2c23) mem 0x8000c000 0x00000001
core   0: 0x8000b310 (0xff9ff06f) j       pc - 0x8
core   0: 3 0x8000b310 (0xff9ff06f)
core   0: 0x8000b308 (0x00001f17) auipc   t5, 0x1
core   0: 3 0x8000b308 (0x00001f17) x30 0x8000c308
core   0: 0x8000b30c (0xce3f2c23) sw      gp, -776(t5)
core   0: 3 0x8000b30c (0xce3f2c23) mem 0x8000c000 0x00000001
core   0: 0x8000b310 (0xff9ff06f) j       pc - 0x8
core   0: 3 0x8000b310 (0xff9ff06f)
core   0: 0x8000b308 (0x00001f17) auipc   t5, 0x1
core   0: 3 0x8000b308 (0x00001f17) x30 0x8000c308
core   0: 0x8000b30c (0xce3f2c23) sw      gp, -776(t5)
core   0: 3 0x8000b30c (0xce3f2c23) mem 0x8000c000 0x00000001
core   0: 0x8000b310 (0xff9ff06f) j       pc - 0x8
core   0: 3 0x8000b310 (0xff9ff06f)
core   0: 0x8000b308 (0x00001f17) auipc   t5, 0x1
core   0: 3 0x8000b308 (0x00001f17) x30 0x8000c308
core   0: 0x8000b30c (0xce3f2c23) sw      gp, -776(t5)
core   0: 3 0x8000b30c (0xce3f2c23) mem 0x8000c000 0x00000001
core   0: 0x8000b310 (0xff9ff06f) j       pc - 0x8
core   0: 3 0x8000b310 (0xff9ff06f)
core   0: 0x8000b308 (0x00001f17) auipc   t5, 0x1
core   0: 3 0x8000b308 (0x00001f17) x30 0x8000c308
core   0: 0x8000b30c (0xce3f2c23) sw      gp, -776(t5)
core   0: 3 0x8000b30c (0xce3f2c23) mem 0x8000c000 0x00000001
core   0: 0x8000b310 (0xff9ff06f) j       pc - 0x8
core   0: 3 0x8000b310 (0xff9ff06f)
core   0: 0x8000b308 (0x00001f17) auipc   t5, 0x1
core   0: 3 0x8000b308 (0x00001f17) x30 0x8000c308
core   0: 0x8000b30c (0xce3f2c23) sw      gp, -776(t5)
core   0: 3 0x8000b30c (0xce3f2c23) mem 0x8000c000 0x00000001
core   0: 0x8000b310 (0xff9ff06f) j       pc - 0x8
core   0: 3 0x8000b310 (0xff9ff06f)
core   0: 0x8000b308 (0x00001f17) auipc   t5, 0x1
core   0: 3 0x8000b308 (0x00001f17) x30 0x8000c308
core   0: 0x8000b30c (0xce3f2c23) sw      gp, -776(t5)
core   0: 3 0x8000b30c (0xce3f2c23) mem 0x8000c000 0x00000001
core   0: 0x8000b310 (0xff9ff06f) j       pc - 0x8
core   0: 3 0x8000b310 (0xff9ff06f)
core   0: 0x8000b308 (0x00001f17) auipc   t5, 0x1
core   0: 3 0x8000b308 (0x00001f17) x30 0x8000c308
core   0: 0x8000b30c (0xce3f2c23) sw      gp, -776(t5)
core   0: 3 0x8000b30c (0xce3f2c23) mem 0x8000c000 0x00000001
core   0: 0x8000b310 (0xff9ff06f) j       pc - 0x8
core   0: 3 0x8000b310 (0xff9ff06f)
core   0: 0x8000b308 (0x00001f17) auipc   t5, 0x1
core   0: 3 0x8000b308 (0x00001f17) x30 0x8000c308
core   0: 0x8000b30c (0xce3f2c23) sw      gp, -776(t5)
core   0: 3 0x8000b30c (0xce3f2c23) mem 0x8000c000 0x00000001
core   0: 0x8000b310 (0xff9ff06f) j       pc - 0x8
core   0: 3 0x8000b310 (0xff9ff06f)
core   0: 0x8000b308 (0x00001f17) auipc   t5, 0x1
core   0: 3 0x8000b308 (0x00001f17) x30 0x8000c308
core   0: 0x8000b30c (0xce3f2c23) sw      gp, -776(t5)
core   0: 3 0x8000b30c (0xce3f2c23) mem 0x8000c000 0x00000001
core   0: 0x8000b310 (0xff9ff06f) j       pc - 0x8
core   0: 3 0x8000b310 (0xff9ff06f)
core   0: 0x8000b308 (0x00001f17) auipc   t5, 0x1
core   0: 3 0x8000b308 (0x00001f17) x30 0x8000c308
core   0: 0x8000b30c (0xce3f2c23) sw      gp, -776(t5)
core   0: 3 0x8000b30c (0xce3f2c23) mem 0x8000c000 0x00000001
core   0: 0x8000b310 (0xff9ff06f) j       pc - 0x8
core   0: 3 0x8000b310 (0xff9ff06f)
core   0: 0x8000b308 (0x00001f17) auipc   t5, 0x1
core   0: 3 0x8000b308 (0x00001f17) x30 0x8000c308
core   0: 0x8000b30c (0xce3f2c23) sw      gp, -776(t5)
core   0: 3 0x8000b30c (0xce3f2c23) mem 0x8000c000 0x00000001
core   0: 0x8000b310 (0xff9ff06f) j       pc - 0x8
core   0: 3 0x8000b310 (0xff9ff06f)
core   0: 0x8000b308 (0x00001f17) auipc   t5, 0x1
core   0: 3 0x8000b308 (0x00001f17) x30 0x8000c308
core   0: 0x8000b30c (0xce3f2c23) sw      gp, -776(t5)
core   0: 3 0x8000b30c (0xce3f2c23) mem 0x8000c000 0x00000001
core   0: 0x8000b310 (0xff9ff06f) j       pc - 0x8
core   0: 3 0x8000b310 (0xff9ff06f)
core   0: 0x8000b308 (0x00001f17) auipc   t5, 0x1
core   0: 3 0x8000b308 (0x00001f17) x30 0x8000c308
core   0: 0x8000b30c (0xce3f2c23) sw      gp, -776(t5)
core   0: 3 0x8000b30c (0xce3f2c23) mem 0x8000c000 0x00000001
core   0: 0x8000b310 (0xff9ff06f) j       pc - 0x8
core   0: 3 0x8000b310 (0xff9ff06f)
core   0: 0x8000b308 (0x00001f17) auipc   t5, 0x1
core   0: 3 0x8000b308 (0x00001f17) x30 0x8000c308
core   0: 0x8000b30c (0xce3f2c23) sw      gp, -776(t5)
core   0: 3 0x8000b30c (0xce3f2c23) mem 0x8000c000 0x00000001
core   0: 0x8000b310 (0xff9ff06f) j       pc - 0x8
core   0: 3 0x8000b310 (0xff9ff06f)
core   0: 0x8000b308 (0x00001f17) auipc   t5, 0x1
core   0: 3 0x8000b308 (0x00001f17) x30 0x8000c308
core   0: 0x8000b30c (0xce3f2c23) sw      gp, -776(t5)
core   0: 3 0x8000b30c (0xce3f2c23) mem 0x8000c000 0x00000001
core   0: 0x8000b310 (0xff9ff06f) j       pc - 0x8
core   0: 3 0x8000b310 (0xff9ff06f)
core   0: 0x8000b308 (0x00001f17) auipc   t5, 0x1
core   0: 3 0x8000b308 (0x00001f17) x30 0x8000c308
core   0: 0x8000b30c (0xce3f2c23) sw      gp, -776(t5)
core   0: 3 0x8000b30c (0xce3f2c23) mem 0x8000c000 0x00000001
core   0: 0x8000b310 (0xff9ff06f) j       pc - 0x8
core   0: 3 0x8000b310 (0xff9ff06f)
core   0: 0x8000b308 (0x00001f17) auipc   t5, 0x1
core   0: 3 0x8000b308 (0x00001f17) x30 0x8000c308
core   0: 0x8000b30c (0xce3f2c23) sw      gp, -776(t5)
core   0: 3 0x8000b30c (0xce3f2c23) mem 0x8000c000 0x00000001
core   0: 0x8000b310 (0xff9ff06f) j       pc - 0x8
core   0: 3 0x8000b310 (0xff9ff06f)
core   0: 0x8000b308 (0x00001f17) auipc   t5, 0x1
core   0: 3 0x8000b308 (0x00001f17) x30 0x8000c308
core   0: 0x8000b30c (0xce3f2c23) sw      gp, -776(t5)
core   0: 3 0x8000b30c (0xce3f2c23) mem 0x8000c000 0x00000001
core   0: 0x8000b310 (0xff9ff06f) j       pc - 0x8
core   0: 3 0x8000b310 (0xff9ff06f)
core   0: 0x8000b308 (0x00001f17) auipc   t5, 0x1
core   0: 3 0x8000b308 (0x00001f17) x30 0x8000c308
core   0: 0x8000b30c (0xce3f2c23) sw      gp, -776(t5)
core   0: 3 0x8000b30c (0xce3f2c23) mem 0x8000c000 0x00000001
core   0: 0x8000b310 (0xff9ff06f) j       pc - 0x8
core   0: 3 0x8000b310 (0xff9ff06f)
core   0: 0x8000b308 (0x00001f17) auipc   t5, 0x1
core   0: 3 0x8000b308 (0x00001f17) x30 0x8000c308
core   0: 0x8000b30c (0xce3f2c23) sw      gp, -776(t5)
core   0: 3 0x8000b30c (0xce3f2c23) mem 0x8000c000 0x00000001
core   0: 0x8000b310 (0xff9ff06f) j       pc - 0x8
core   0: 3 0x8000b310 (0xff9ff06f)
core   0: 0x8000b308 (0x00001f17) auipc   t5, 0x1
core   0: 3 0x8000b308 (0x00001f17) x30 0x8000c308
core   0: 0x8000b30c (0xce3f2c23) sw      gp, -776(t5)
core   0: 3 0x8000b30c (0xce3f2c23) mem 0x8000c000 0x00000001
core   0: 0x8000b310 (0xff9ff06f) j       pc - 0x8
core   0: 3 0x8000b310 (0xff9ff06f)
core   0: 0x8000b308 (0x00001f17) auipc   t5, 0x1
core   0: 3 0x8000b308 (0x00001f17) x30 0x8000c308
core   0: 0x8000b30c (0xce3f2c23) sw      gp, -776(t5)
core   0: 3 0x8000b30c (0xce3f2c23) mem 0x8000c000 0x00000001
core   0: 0x8000b310 (0xff9ff06f) j       pc - 0x8
core   0: 3 0x8000b310 (0xff9ff06f)
core   0: 0x8000b308 (0x00001f17) auipc   t5, 0x1
core   0: 3 0x8000b308 (0x00001f17) x30 0x8000c308
core   0: 0x8000b30c (0xce3f2c23) sw      gp, -776(t5)
core   0: 3 0x8000b30c (0xce3f2c23) mem 0x8000c000 0x00000001
core   0: 0x8000b310 (0xff9ff06f) j       pc - 0x8
core   0: 3 0x8000b310 (0xff9ff06f)
core   0: 0x8000b308 (0x00001f17) auipc   t5, 0x1
core   0: 3 0x8000b308 (0x00001f17) x30 0x8000c308
core   0: 0x8000b30c (0xce3f2c23) sw      gp, -776(t5)
core   0: 3 0x8000b30c (0xce3f2c23) mem 0x8000c000 0x00000001
core   0: 0x8000b310 (0xff9ff06f) j       pc - 0x8
core   0: 3 0x8000b310 (0xff9ff06f)
core   0: 0x8000b308 (0x00001f17) auipc   t5, 0x1
core   0: 3 0x8000b308 (0x00001f17) x30 0x8000c308
core   0: 0x8000b30c (0xce3f2c23) sw      gp, -776(t5)
core   0: 3 0x8000b30c (0xce3f2c23) mem 0x8000c000 0x00000001
core   0: 0x8000b310 (0xff9ff06f) j       pc - 0x8
core   0: 3 0x8000b310 (0xff9ff06f)
core   0: 0x8000b308 (0x00001f17) auipc   t5, 0x1
core   0: 3 0x8000b308 (0x00001f17) x30 0x8000c308
core   0: 0x8000b30c (0xce3f2c23) sw      gp, -776(t5)
core   0: 3 0x8000b30c (0xce3f2c23) mem 0x8000c000 0x00000001
core   0: 0x8000b310 (0xff9ff06f) j       pc - 0x8
core   0: 3 0x8000b310 (0xff9ff06f)
core   0: 0x8000b308 (0x00001f17) auipc   t5, 0x1
core   0: 3 0x8000b308 (0x00001f17) x30 0x8000c308
core   0: 0x8000b30c (0xce3f2c23) sw      gp, -776(t5)
core   0: 3 0x8000b30c (0xce3f2c23) mem 0x8000c000 0x00000001
core   0: 0x8000b310 (0xff9ff06f) j       pc - 0x8
core   0: 3 0x8000b310 (0xff9ff06f)
core   0: 0x8000b308 (0x00001f17) auipc   t5, 0x1
core   0: 3 0x8000b308 (0x00001f17) x30 0x8000c308
core   0: 0x8000b30c (0xce3f2c23) sw      gp, -776(t5)
core   0: 3 0x8000b30c (0xce3f2c23) mem 0x8000c000 0x00000001
core   0: 0x8000b310 (0xff9ff06f) j       pc - 0x8
core   0: 3 0x8000b310 (0xff9ff06f)
core   0: 0x8000b308 (0x00001f17) auipc   t5, 0x1
core   0: 3 0x8000b308 (0x00001f17) x30 0x8000c308
core   0: 0x8000b30c (0xce3f2c23) sw      gp, -776(t5)
core   0: 3 0x8000b30c (0xce3f2c23) mem 0x8000c000 0x00000001
core   0: 0x8000b310 (0xff9ff06f) j       pc - 0x8
core   0: 3 0x8000b310 (0xff9ff06f)
core   0: 0x8000b308 (0x00001f17) auipc   t5, 0x1
core   0: 3 0x8000b308 (0x00001f17) x30 0x8000c308
core   0: 0x8000b30c (0xce3f2c23) sw      gp, -776(t5)
core   0: 3 0x8000b30c (0xce3f2c23) mem 0x8000c000 0x00000001
core   0: 0x8000b310 (0xff9ff06f) j       pc - 0x8
core   0: 3 0x8000b310 (0xff9ff06f)
core   0: 0x8000b308 (0x00001f17) auipc   t5, 0x1
core   0: 3 0x8000b308 (0x00001f17) x30 0x8000c308
core   0: 0x8000b30c (0xce3f2c23) sw      gp, -776(t5)
core   0: 3 0x8000b30c (0xce3f2c23) mem 0x8000c000 0x00000001
core   0: 0x8000b310 (0xff9ff06f) j       pc - 0x8
core   0: 3 0x8000b310 (0xff9ff06f)
core   0: 0x8000b308 (0x00001f17) auipc   t5, 0x1
core   0: 3 0x8000b308 (0x00001f17) x30 0x8000c308
core   0: 0x8000b30c (0xce3f2c23) sw      gp, -776(t5)
core   0: 3 0x8000b30c (0xce3f2c23) mem 0x8000c000 0x00000001
core   0: 0x8000b310 (0xff9ff06f) j       pc - 0x8
core   0: 3 0x8000b310 (0xff9ff06f)
core   0: 0x8000b308 (0x00001f17) auipc   t5, 0x1
core   0: 3 0x8000b308 (0x00001f17) x30 0x8000c308
core   0: 0x8000b30c (0xce3f2c23) sw      gp, -776(t5)
core   0: 3 0x8000b30c (0xce3f2c23) mem 0x8000c000 0x00000001
core   0: 0x8000b310 (0xff9ff06f) j       pc - 0x8
core   0: 3 0x8000b310 (0xff9ff06f)
core   0: 0x8000b308 (0x00001f17) auipc   t5, 0x1
core   0: 3 0x8000b308 (0x00001f17) x30 0x8000c308
core   0: 0x8000b30c (0xce3f2c23) sw      gp, -776(t5)
core   0: 3 0x8000b30c (0xce3f2c23) mem 0x8000c000 0x00000001
core   0: 0x8000b310 (0xff9ff06f) j       pc - 0x8
core   0: 3 0x8000b310 (0xff9ff06f)
core   0: 0x8000b308 (0x00001f17) auipc   t5, 0x1
core   0: 3 0x8000b308 (0x00001f17) x30 0x8000c308
core   0: 0x8000b30c (0xce3f2c23) sw      gp, -776(t5)
core   0: 3 0x8000b30c (0xce3f2c23) mem 0x8000c000 0x00000001
core   0: 0x8000b310 (0xff9ff06f) j       pc - 0x8
core   0: 3 0x8000b310 (0xff9ff06f)
core   0: 0x8000b308 (0x00001f17) auipc   t5, 0x1
core   0: 3 0x8000b308 (0x00001f17) x30 0x8000c308
core   0: 0x8000b30c (0xce3f2c23) sw      gp, -776(t5)
core   0: 3 0x8000b30c (0xce3f2c23) mem 0x8000c000 0x00000001
core   0: 0x8000b310 (0xff9ff06f) j       pc - 0x8
core   0: 3 0x8000b310 (0xff9ff06f)
core   0: 0x8000b308 (0x00001f17) auipc   t5, 0x1
core   0: 3 0x8000b308 (0x00001f17) x30 0x8000c308
core   0: 0x8000b30c (0xce3f2c23) sw      gp, -776(t5)
core   0: 3 0x8000b30c (0xce3f2c23) mem 0x8000c000 0x00000001
core   0: 0x8000b310 (0xff9ff06f) j       pc - 0x8
core   0: 3 0x8000b310 (0xff9ff06f)
core   0: 0x8000b308 (0x00001f17) auipc   t5, 0x1
core   0: 3 0x8000b308 (0x00001f17) x30 0x8000c308
core   0: 0x8000b30c (0xce3f2c23) sw      gp, -776(t5)
core   0: 3 0x8000b30c (0xce3f2c23) mem 0x8000c000 0x00000001
core   0: 0x8000b310 (0xff9ff06f) j       pc - 0x8
core   0: 3 0x8000b310 (0xff9ff06f)
core   0: 0x8000b308 (0x00001f17) auipc   t5, 0x1
core   0: 3 0x8000b308 (0x00001f17) x30 0x8000c308
core   0: 0x8000b30c (0xce3f2c23) sw      gp, -776(t5)
core   0: 3 0x8000b30c (0xce3f2c23) mem 0x8000c000 0x00000001
core   0: 0x8000b310 (0xff9ff06f) j       pc - 0x8
core   0: 3 0x8000b310 (0xff9ff06f)
core   0: 0x8000b308 (0x00001f17) auipc   t5, 0x1
core   0: 3 0x8000b308 (0x00001f17) x30 0x8000c308
core   0: 0x8000b30c (0xce3f2c23) sw      gp, -776(t5)
core   0: 3 0x8000b30c (0xce3f2c23) mem 0x8000c000 0x00000001
core   0: 0x8000b310 (0xff9ff06f) j       pc - 0x8
core   0: 3 0x8000b310 (0xff9ff06f)
core   0: 0x8000b308 (0x00001f17) auipc   t5, 0x1
core   0: 3 0x8000b308 (0x00001f17) x30 0x8000c308
core   0: 0x8000b30c (0xce3f2c23) sw      gp, -776(t5)
core   0: 3 0x8000b30c (0xce3f2c23) mem 0x8000c000 0x00000001
core   0: 0x8000b310 (0xff9ff06f) j       pc - 0x8
core   0: 3 0x8000b310 (0xff9ff06f)
core   0: 0x8000b308 (0x00001f17) auipc   t5, 0x1
core   0: 3 0x8000b308 (0x00001f17) x30 0x8000c308
core   0: 0x8000b30c (0xce3f2c23) sw      gp, -776(t5)
core   0: 3 0x8000b30c (0xce3f2c23) mem 0x8000c000 0x00000001
core   0: 0x8000b310 (0xff9ff06f) j       pc - 0x8
core   0: 3 0x8000b310 (0xff9ff06f)
core   0: 0x8000b308 (0x00001f17) auipc   t5, 0x1
core   0: 3 0x8000b308 (0x00001f17) x30 0x8000c308
core   0: 0x8000b30c (0xce3f2c23) sw      gp, -776(t5)
core   0: 3 0x8000b30c (0xce3f2c23) mem 0x8000c000 0x00000001
core   0: 0x8000b310 (0xff9ff06f) j       pc - 0x8
core   0: 3 0x8000b310 (0xff9ff06f)
core   0: 0x8000b308 (0x00001f17) auipc   t5, 0x1
core   0: 3 0x8000b308 (0x00001f17) x30 0x8000c308
core   0: 0x8000b30c (0xce3f2c23) sw      gp, -776(t5)
core   0: 3 0x8000b30c (0xce3f2c23) mem 0x8000c000 0x00000001
core   0: 0x8000b310 (0xff9ff06f) j       pc - 0x8
core   0: 3 0x8000b310 (0xff9ff06f)
core   0: 0x8000b308 (0x00001f17) auipc   t5, 0x1
core   0: 3 0x8000b308 (0x00001f17) x30 0x8000c308
core   0: 0x8000b30c (0xce3f2c23) sw      gp, -776(t5)
core   0: 3 0x8000b30c (0xce3f2c23) mem 0x8000c000 0x00000001
core   0: 0x8000b310 (0xff9ff06f) j       pc - 0x8
core   0: 3 0x8000b310 (0xff9ff06f)
core   0: 0x8000b308 (0x00001f17) auipc   t5, 0x1
core   0: 3 0x8000b308 (0x00001f17) x30 0x8000c308
core   0: 0x8000b30c (0xce3f2c23) sw      gp, -776(t5)
core   0: 3 0x8000b30c (0xce3f2c23) mem 0x8000c000 0x00000001
core   0: 0x8000b310 (0xff9ff06f) j       pc - 0x8
core   0: 3 0x8000b310 (0xff9ff06f)
core   0: 0x8000b308 (0x00001f17) auipc   t5, 0x1
core   0: 3 0x8000b308 (0x00001f17) x30 0x8000c308
core   0: 0x8000b30c (0xce3f2c23) sw      gp, -776(t5)
core   0: 3 0x8000b30c (0xce3f2c23) mem 0x8000c000 0x00000001
core   0: 0x8000b310 (0xff9ff06f) j       pc - 0x8
core   0: 3 0x8000b310 (0xff9ff06f)
core   0: 0x8000b308 (0x00001f17) auipc   t5, 0x1
core   0: 3 0x8000b308 (0x00001f17) x30 0x8000c308
core   0: 0x8000b30c (0xce3f2c23) sw      gp, -776(t5)
core   0: 3 0x8000b30c (0xce3f2c23) mem 0x8000c000 0x00000001
core   0: 0x8000b310 (0xff9ff06f) j       pc - 0x8
core   0: 3 0x8000b310 (0xff9ff06f)
core   0: 0x8000b308 (0x00001f17) auipc   t5, 0x1
core   0: 3 0x8000b308 (0x00001f17) x30 0x8000c308
core   0: 0x8000b30c (0xce3f2c23) sw      gp, -776(t5)
core   0: 3 0x8000b30c (0xce3f2c23) mem 0x8000c000 0x00000001
core   0: 0x8000b310 (0xff9ff06f) j       pc - 0x8
core   0: 3 0x8000b310 (0xff9ff06f)
core   0: 0x8000b308 (0x00001f17) auipc   t5, 0x1
core   0: 3 0x8000b308 (0x00001f17) x30 0x8000c308
core   0: 0x8000b30c (0xce3f2c23) sw      gp, -776(t5)
core   0: 3 0x8000b30c (0xce3f2c23) mem 0x8000c000 0x00000001
core   0: 0x8000b310 (0xff9ff06f) j       pc - 0x8
core   0: 3 0x8000b310 (0xff9ff06f)
core   0: 0x8000b308 (0x00001f17) auipc   t5, 0x1
core   0: 3 0x8000b308 (0x00001f17) x30 0x8000c308
core   0: 0x8000b30c (0xce3f2c23) sw      gp, -776(t5)
core   0: 3 0x8000b30c (0xce3f2c23) mem 0x8000c000 0x00000001
core   0: 0x8000b310 (0xff9ff06f) j       pc - 0x8
core   0: 3 0x8000b310 (0xff9ff06f)
core   0: 0x8000b308 (0x00001f17) auipc   t5, 0x1
core   0: 3 0x8000b308 (0x00001f17) x30 0x8000c308
core   0: 0x8000b30c (0xce3f2c23) sw      gp, -776(t5)
core   0: 3 0x8000b30c (0xce3f2c23) mem 0x8000c000 0x00000001
core   0: 0x8000b310 (0xff9ff06f) j       pc - 0x8
core   0: 3 0x8000b310 (0xff9ff06f)
core   0: 0x8000b308 (0x00001f17) auipc   t5, 0x1
core   0: 3 0x8000b308 (0x00001f17) x30 0x8000c308
core   0: 0x8000b30c (0xce3f2c23) sw      gp, -776(t5)
core   0: 3 0x8000b30c (0xce3f2c23) mem 0x8000c000 0x00000001
core   0: 0x8000b310 (0xff9ff06f) j       pc - 0x8
core   0: 3 0x8000b310 (0xff9ff06f)
core   0: 0x8000b308 (0x00001f17) auipc   t5, 0x1
core   0: 3 0x8000b308 (0x00001f17) x30 0x8000c308
core   0: 0x8000b30c (0xce3f2c23) sw      gp, -776(t5)
core   0: 3 0x8000b30c (0xce3f2c23) mem 0x8000c000 0x00000001
core   0: 0x8000b310 (0xff9ff06f) j       pc - 0x8
core   0: 3 0x8000b310 (0xff9ff06f)
core   0: 0x8000b308 (0x00001f17) auipc   t5, 0x1
core   0: 3 0x8000b308 (0x00001f17) x30 0x8000c308
core   0: 0x8000b30c (0xce3f2c23) sw      gp, -776(t5)
core   0: 3 0x8000b30c (0xce3f2c23) mem 0x8000c000 0x00000001
core   0: 0x8000b310 (0xff9ff06f) j       pc - 0x8
core   0: 3 0x8000b310 (0xff9ff06f)
core   0: 0x8000b308 (0x00001f17) auipc   t5, 0x1
core   0: 3 0x8000b308 (0x00001f17) x30 0x8000c308
core   0: 0x8000b30c (0xce3f2c23) sw      gp, -776(t5)
core   0: 3 0x8000b30c (0xce3f2c23) mem 0x8000c000 0x00000001
core   0: 0x8000b310 (0xff9ff06f) j       pc - 0x8
core   0: 3 0x8000b310 (0xff9ff06f)
core   0: 0x8000b308 (0x00001f17) auipc   t5, 0x1
core   0: 3 0x8000b308 (0x00001f17) x30 0x8000c308
core   0: 0x8000b30c (0xce3f2c23) sw      gp, -776(t5)
core   0: 3 0x8000b30c (0xce3f2c23) mem 0x8000c000 0x00000001
core   0: 0x8000b310 (0xff9ff06f) j       pc - 0x8
core   0: 3 0x8000b310 (0xff9ff06f)
core   0: 0x8000b308 (0x00001f17) auipc   t5, 0x1
core   0: 3 0x8000b308 (0x00001f17) x30 0x8000c308
core   0: 0x8000b30c (0xce3f2c23) sw      gp, -776(t5)
core   0: 3 0x8000b30c (0xce3f2c23) mem 0x8000c000 0x00000001
core   0: 0x8000b310 (0xff9ff06f) j       pc - 0x8
core   0: 3 0x8000b310 (0xff9ff06f)
core   0: 0x8000b308 (0x00001f17) auipc   t5, 0x1
core   0: 3 0x8000b308 (0x00001f17) x30 0x8000c308
core   0: 0x8000b30c (0xce3f2c23) sw      gp, -776(t5)
core   0: 3 0x8000b30c (0xce3f2c23) mem 0x8000c000 0x00000001
core   0: 0x8000b310 (0xff9ff06f) j       pc - 0x8
core   0: 3 0x8000b310 (0xff9ff06f)
core   0: 0x8000b308 (0x00001f17) auipc   t5, 0x1
core   0: 3 0x8000b308 (0x00001f17) x30 0x8000c308
core   0: 0x8000b30c (0xce3f2c23) sw      gp, -776(t5)
core   0: 3 0x8000b30c (0xce3f2c23) mem 0x8000c000 0x00000001
core   0: 0x8000b310 (0xff9ff06f) j       pc - 0x8
core   0: 3 0x8000b310 (0xff9ff06f)
core   0: 0x8000b308 (0x00001f17) auipc   t5, 0x1
core   0: 3 0x8000b308 (0x00001f17) x30 0x8000c308
core   0: 0x8000b30c (0xce3f2c23) sw      gp, -776(t5)
core   0: 3 0x8000b30c (0xce3f2c23) mem 0x8000c000 0x00000001
core   0: 0x8000b310 (0xff9ff06f) j       pc - 0x8
core   0: 3 0x8000b310 (0xff9ff06f)
core   0: 0x8000b308 (0x00001f17) auipc   t5, 0x1
core   0: 3 0x8000b308 (0x00001f17) x30 0x8000c308
core   0: 0x8000b30c (0xce3f2c23) sw      gp, -776(t5)
core   0: 3 0x8000b30c (0xce3f2c23) mem 0x8000c000 0x00000001
core   0: 0x8000b310 (0xff9ff06f) j       pc - 0x8
core   0: 3 0x8000b310 (0xff9ff06f)
core   0: 0x8000b308 (0x00001f17) auipc   t5, 0x1
core   0: 3 0x8000b308 (0x00001f17) x30 0x8000c308
core   0: 0x8000b30c (0xce3f2c23) sw      gp, -776(t5)
core   0: 3 0x8000b30c (0xce3f2c23) mem 0x8000c000 0x00000001
core   0: 0x8000b310 (0xff9ff06f) j       pc - 0x8
core   0: 3 0x8000b310 (0xff9ff06f)
core   0: 0x8000b308 (0x00001f17) auipc   t5, 0x1
core   0: 3 0x8000b308 (0x00001f17) x30 0x8000c308
core   0: 0x8000b30c (0xce3f2c23) sw      gp, -776(t5)
core   0: 3 0x8000b30c (0xce3f2c23) mem 0x8000c000 0x00000001
core   0: 0x8000b310 (0xff9ff06f) j       pc - 0x8
core   0: 3 0x8000b310 (0xff9ff06f)
core   0: 0x8000b308 (0x00001f17) auipc   t5, 0x1
core   0: 3 0x8000b308 (0x00001f17) x30 0x8000c308
core   0: 0x8000b30c (0xce3f2c23) sw      gp, -776(t5)
core   0: 3 0x8000b30c (0xce3f2c23) mem 0x8000c000 0x00000001
core   0: 0x8000b310 (0xff9ff06f) j       pc - 0x8
core   0: 3 0x8000b310 (0xff9ff06f)
core   0: 0x8000b308 (0x00001f17) auipc   t5, 0x1
core   0: 3 0x8000b308 (0x00001f17) x30 0x8000c308
core   0: 0x8000b30c (0xce3f2c23) sw      gp, -776(t5)
core   0: 3 0x8000b30c (0xce3f2c23) mem 0x8000c000 0x00000001
core   0: 0x8000b310 (0xff9ff06f) j       pc - 0x8
core   0: 3 0x8000b310 (0xff9ff06f)
core   0: 0x8000b308 (0x00001f17) auipc   t5, 0x1
core   0: 3 0x8000b308 (0x00001f17) x30 0x8000c308
core   0: 0x8000b30c (0xce3f2c23) sw      gp, -776(t5)
core   0: 3 0x8000b30c (0xce3f2c23) mem 0x8000c000 0x00000001
core   0: 0x8000b310 (0xff9ff06f) j       pc - 0x8
core   0: 3 0x8000b310 (0xff9ff06f)
core   0: 0x8000b308 (0x00001f17) auipc   t5, 0x1
core   0: 3 0x8000b308 (0x00001f17) x30 0x8000c308
core   0: 0x8000b30c (0xce3f2c23) sw      gp, -776(t5)
core   0: 3 0x8000b30c (0xce3f2c23) mem 0x8000c000 0x00000001
core   0: 0x8000b310 (0xff9ff06f) j       pc - 0x8
core   0: 3 0x8000b310 (0xff9ff06f)
core   0: 0x8000b308 (0x00001f17) auipc   t5, 0x1
core   0: 3 0x8000b308 (0x00001f17) x30 0x8000c308
core   0: 0x8000b30c (0xce3f2c23) sw      gp, -776(t5)
core   0: 3 0x8000b30c (0xce3f2c23) mem 0x8000c000 0x00000001
core   0: 0x8000b310 (0xff9ff06f) j       pc - 0x8
core   0: 3 0x8000b310 (0xff9ff06f)
core   0: 0x8000b308 (0x00001f17) auipc   t5, 0x1
core   0: 3 0x8000b308 (0x00001f17) x30 0x8000c308
core   0: 0x8000b30c (0xce3f2c23) sw      gp, -776(t5)
core   0: 3 0x8000b30c (0xce3f2c23) mem 0x8000c000 0x00000001
core   0: 0x8000b310 (0xff9ff06f) j       pc - 0x8
core   0: 3 0x8000b310 (0xff9ff06f)
core   0: 0x8000b308 (0x00001f17) auipc   t5, 0x1
core   0: 3 0x8000b308 (0x00001f17) x30 0x8000c308
core   0: 0x8000b30c (0xce3f2c23) sw      gp, -776(t5)
core   0: 3 0x8000b30c (0xce3f2c23) mem 0x8000c000 0x00000001
core   0: 0x8000b310 (0xff9ff06f) j       pc - 0x8
core   0: 3 0x8000b310 (0xff9ff06f)
core   0: 0x8000b308 (0x00001f17) auipc   t5, 0x1
core   0: 3 0x8000b308 (0x00001f17) x30 0x8000c308
core   0: 0x8000b30c (0xce3f2c23) sw      gp, -776(t5)
core   0: 3 0x8000b30c (0xce3f2c23) mem 0x8000c000 0x00000001
core   0: 0x8000b310 (0xff9ff06f) j       pc - 0x8
core   0: 3 0x8000b310 (0xff9ff06f)
core   0: 0x8000b308 (0x00001f17) auipc   t5, 0x1
core   0: 3 0x8000b308 (0x00001f17) x30 0x8000c308
core   0: 0x8000b30c (0xce3f2c23) sw      gp, -776(t5)
core   0: 3 0x8000b30c (0xce3f2c23) mem 0x8000c000 0x00000001
core   0: 0x8000b310 (0xff9ff06f) j       pc - 0x8
core   0: 3 0x8000b310 (0xff9ff06f)
core   0: 0x8000b308 (0x00001f17) auipc   t5, 0x1
core   0: 3 0x8000b308 (0x00001f17) x30 0x8000c308
core   0: 0x8000b30c (0xce3f2c23) sw      gp, -776(t5)
core   0: 3 0x8000b30c (0xce3f2c23) mem 0x8000c000 0x00000001
core   0: 0x8000b310 (0xff9ff06f) j       pc - 0x8
core   0: 3 0x8000b310 (0xff9ff06f)
core   0: 0x8000b308 (0x00001f17) auipc   t5, 0x1
core   0: 3 0x8000b308 (0x00001f17) x30 0x8000c308
core   0: 0x8000b30c (0xce3f2c23) sw      gp, -776(t5)
core   0: 3 0x8000b30c (0xce3f2c23) mem 0x8000c000 0x00000001
core   0: 0x8000b310 (0xff9ff06f) j       pc - 0x8
core   0: 3 0x8000b310 (0xff9ff06f)
core   0: 0x8000b308 (0x00001f17) auipc   t5, 0x1
core   0: 3 0x8000b308 (0x00001f17) x30 0x8000c308
core   0: 0x8000b30c (0xce3f2c23) sw      gp, -776(t5)
core   0: 3 0x8000b30c (0xce3f2c23) mem 0x8000c000 0x00000001
core   0: 0x8000b310 (0xff9ff06f) j       pc - 0x8
core   0: 3 0x8000b310 (0xff9ff06f)
core   0: 0x8000b308 (0x00001f17) auipc   t5, 0x1
core   0: 3 0x8000b308 (0x00001f17) x30 0x8000c308
core   0: 0x8000b30c (0xce3f2c23) sw      gp, -776(t5)
core   0: 3 0x8000b30c (0xce3f2c23) mem 0x8000c000 0x00000001
core   0: 0x8000b310 (0xff9ff06f) j       pc - 0x8
core   0: 3 0x8000b310 (0xff9ff06f)
core   0: 0x8000b308 (0x00001f17) auipc   t5, 0x1
core   0: 3 0x8000b308 (0x00001f17) x30 0x8000c308
core   0: 0x8000b30c (0xce3f2c23) sw      gp, -776(t5)
core   0: 3 0x8000b30c (0xce3f2c23) mem 0x8000c000 0x00000001
core   0: 0x8000b310 (0xff9ff06f) j       pc - 0x8
core   0: 3 0x8000b310 (0xff9ff06f)
core   0: 0x8000b308 (0x00001f17) auipc   t5, 0x1
core   0: 3 0x8000b308 (0x00001f17) x30 0x8000c308
core   0: 0x8000b30c (0xce3f2c23) sw      gp, -776(t5)
core   0: 3 0x8000b30c (0xce3f2c23) mem 0x8000c000 0x00000001
core   0: 0x8000b310 (0xff9ff06f) j       pc - 0x8
core   0: 3 0x8000b310 (0xff9ff06f)
core   0: 0x8000b308 (0x00001f17) auipc   t5, 0x1
core   0: 3 0x8000b308 (0x00001f17) x30 0x8000c308
core   0: 0x8000b30c (0xce3f2c23) sw      gp, -776(t5)
core   0: 3 0x8000b30c (0xce3f2c23) mem 0x8000c000 0x00000001
core   0: 0x8000b310 (0xff9ff06f) j       pc - 0x8
core   0: 3 0x8000b310 (0xff9ff06f)
core   0: 0x8000b308 (0x00001f17) auipc   t5, 0x1
core   0: 3 0x8000b308 (0x00001f17) x30 0x8000c308
core   0: 0x8000b30c (0xce3f2c23) sw      gp, -776(t5)
core   0: 3 0x8000b30c (0xce3f2c23) mem 0x8000c000 0x00000001
core   0: 0x8000b310 (0xff9ff06f) j       pc - 0x8
core   0: 3 0x8000b310 (0xff9ff06f)
core   0: 0x8000b308 (0x00001f17) auipc   t5, 0x1
core   0: 3 0x8000b308 (0x00001f17) x30 0x8000c308
core   0: 0x8000b30c (0xce3f2c23) sw      gp, -776(t5)
core   0: 3 0x8000b30c (0xce3f2c23) mem 0x8000c000 0x00000001
core   0: 0x8000b310 (0xff9ff06f) j       pc - 0x8
core   0: 3 0x8000b310 (0xff9ff06f)
core   0: 0x8000b308 (0x00001f17) auipc   t5, 0x1
core   0: 3 0x8000b308 (0x00001f17) x30 0x8000c308
core   0: 0x8000b30c (0xce3f2c23) sw      gp, -776(t5)
core   0: 3 0x8000b30c (0xce3f2c23) mem 0x8000c000 0x00000001
core   0: 0x8000b310 (0xff9ff06f) j       pc - 0x8
core   0: 3 0x8000b310 (0xff9ff06f)
core   0: 0x8000b308 (0x00001f17) auipc   t5, 0x1
core   0: 3 0x8000b308 (0x00001f17) x30 0x8000c308
core   0: 0x8000b30c (0xce3f2c23) sw      gp, -776(t5)
core   0: 3 0x8000b30c (0xce3f2c23) mem 0x8000c000 0x00000001
core   0: 0x8000b310 (0xff9ff06f) j       pc - 0x8
core   0: 3 0x8000b310 (0xff9ff06f)
core   0: 0x8000b308 (0x00001f17) auipc   t5, 0x1
core   0: 3 0x8000b308 (0x00001f17) x30 0x8000c308
core   0: 0x8000b30c (0xce3f2c23) sw      gp, -776(t5)
core   0: 3 0x8000b30c (0xce3f2c23) mem 0x8000c000 0x00000001
core   0: 0x8000b310 (0xff9ff06f) j       pc - 0x8
core   0: 3 0x8000b310 (0xff9ff06f)
core   0: 0x8000b308 (0x00001f17) auipc   t5, 0x1
core   0: 3 0x8000b308 (0x00001f17) x30 0x8000c308
core   0: 0x8000b30c (0xce3f2c23) sw      gp, -776(t5)
core   0: 3 0x8000b30c (0xce3f2c23) mem 0x8000c000 0x00000001
core   0: 0x8000b310 (0xff9ff06f) j       pc - 0x8
core   0: 3 0x8000b310 (0xff9ff06f)
core   0: 0x8000b308 (0x00001f17) auipc   t5, 0x1
core   0: 3 0x8000b308 (0x00001f17) x30 0x8000c308
core   0: 0x8000b30c (0xce3f2c23) sw      gp, -776(t5)
core   0: 3 0x8000b30c (0xce3f2c23) mem 0x8000c000 0x00000001
core   0: 0x8000b310 (0xff9ff06f) j       pc - 0x8
core   0: 3 0x8000b310 (0xff9ff06f)
core   0: 0x8000b308 (0x00001f17) auipc   t5, 0x1
core   0: 3 0x8000b308 (0x00001f17) x30 0x8000c308
core   0: 0x8000b30c (0xce3f2c23) sw      gp, -776(t5)
core   0: 3 0x8000b30c (0xce3f2c23) mem 0x8000c000 0x00000001
core   0: 0x8000b310 (0xff9ff06f) j       pc - 0x8
core   0: 3 0x8000b310 (0xff9ff06f)
core   0: 0x8000b308 (0x00001f17) auipc   t5, 0x1
core   0: 3 0x8000b308 (0x00001f17) x30 0x8000c308
core   0: 0x8000b30c (0xce3f2c23) sw      gp, -776(t5)
core   0: 3 0x8000b30c (0xce3f2c23) mem 0x8000c000 0x00000001
core   0: 0x8000b310 (0xff9ff06f) j       pc - 0x8
core   0: 3 0x8000b310 (0xff9ff06f)
core   0: 0x8000b308 (0x00001f17) auipc   t5, 0x1
core   0: 3 0x8000b308 (0x00001f17) x30 0x8000c308
core   0: 0x8000b30c (0xce3f2c23) sw      gp, -776(t5)
core   0: 3 0x8000b30c (0xce3f2c23) mem 0x8000c000 0x00000001
core   0: 0x8000b310 (0xff9ff06f) j       pc - 0x8
core   0: 3 0x8000b310 (0xff9ff06f)
core   0: 0x8000b308 (0x00001f17) auipc   t5, 0x1
core   0: 3 0x8000b308 (0x00001f17) x30 0x8000c308
core   0: 0x8000b30c (0xce3f2c23) sw      gp, -776(t5)
core   0: 3 0x8000b30c (0xce3f2c23) mem 0x8000c000 0x00000001
core   0: 0x8000b310 (0xff9ff06f) j       pc - 0x8
core   0: 3 0x8000b310 (0xff9ff06f)
core   0: 0x8000b308 (0x00001f17) auipc   t5, 0x1
core   0: 3 0x8000b308 (0x00001f17) x30 0x8000c308
core   0: 0x8000b30c (0xce3f2c23) sw      gp, -776(t5)
core   0: 3 0x8000b30c (0xce3f2c23) mem 0x8000c000 0x00000001
core   0: 0x8000b310 (0xff9ff06f) j       pc - 0x8
core   0: 3 0x8000b310 (0xff9ff06f)
core   0: 0x8000b308 (0x00001f17) auipc   t5, 0x1
core   0: 3 0x8000b308 (0x00001f17) x30 0x8000c308
core   0: 0x8000b30c (0xce3f2c23) sw      gp, -776(t5)
core   0: 3 0x8000b30c (0xce3f2c23) mem 0x8000c000 0x00000001
core   0: 0x8000b310 (0xff9ff06f) j       pc - 0x8
core   0: 3 0x8000b310 (0xff9ff06f)
core   0: 0x8000b308 (0x00001f17) auipc   t5, 0x1
core   0: 3 0x8000b308 (0x00001f17) x30 0x8000c308
core   0: 0x8000b30c (0xce3f2c23) sw      gp, -776(t5)
core   0: 3 0x8000b30c (0xce3f2c23) mem 0x8000c000 0x00000001
core   0: 0x8000b310 (0xff9ff06f) j       pc - 0x8
core   0: 3 0x8000b310 (0xff9ff06f)
core   0: 0x8000b308 (0x00001f17) auipc   t5, 0x1
core   0: 3 0x8000b308 (0x00001f17) x30 0x8000c308
core   0: 0x8000b30c (0xce3f2c23) sw      gp, -776(t5)
core   0: 3 0x8000b30c (0xce3f2c23) mem 0x8000c000 0x00000001
core   0: 0x8000b310 (0xff9ff06f) j       pc - 0x8
core   0: 3 0x8000b310 (0xff9ff06f)
core   0: 0x8000b308 (0x00001f17) auipc   t5, 0x1
core   0: 3 0x8000b308 (0x00001f17) x30 0x8000c308
core   0: 0x8000b30c (0xce3f2c23) sw      gp, -776(t5)
core   0: 3 0x8000b30c (0xce3f2c23) mem 0x8000c000 0x00000001
core   0: 0x8000b310 (0xff9ff06f) j       pc - 0x8
core   0: 3 0x8000b310 (0xff9ff06f)
core   0: 0x8000b308 (0x00001f17) auipc   t5, 0x1
core   0: 3 0x8000b308 (0x00001f17) x30 0x8000c308
core   0: 0x8000b30c (0xce3f2c23) sw      gp, -776(t5)
core   0: 3 0x8000b30c (0xce3f2c23) mem 0x8000c000 0x00000001
core   0: 0x8000b310 (0xff9ff06f) j       pc - 0x8
core   0: 3 0x8000b310 (0xff9ff06f)
core   0: 0x8000b308 (0x00001f17) auipc   t5, 0x1
core   0: 3 0x8000b308 (0x00001f17) x30 0x8000c308
core   0: 0x8000b30c (0xce3f2c23) sw      gp, -776(t5)
core   0: 3 0x8000b30c (0xce3f2c23) mem 0x8000c000 0x00000001
core   0: 0x8000b310 (0xff9ff06f) j       pc - 0x8
core   0: 3 0x8000b310 (0xff9ff06f)
core   0: 0x8000b308 (0x00001f17) auipc   t5, 0x1
core   0: 3 0x8000b308 (0x00001f17) x30 0x8000c308
core   0: 0x8000b30c (0xce3f2c23) sw      gp, -776(t5)
core   0: 3 0x8000b30c (0xce3f2c23) mem 0x8000c000 0x00000001
core   0: 0x8000b310 (0xff9ff06f) j       pc - 0x8
core   0: 3 0x8000b310 (0xff9ff06f)
core   0: 0x8000b308 (0x00001f17) auipc   t5, 0x1
core   0: 3 0x8000b308 (0x00001f17) x30 0x8000c308
core   0: 0x8000b30c (0xce3f2c23) sw      gp, -776(t5)
core   0: 3 0x8000b30c (0xce3f2c23) mem 0x8000c000 0x00000001
core   0: 0x8000b310 (0xff9ff06f) j       pc - 0x8
core   0: 3 0x8000b310 (0xff9ff06f)
core   0: 0x8000b308 (0x00001f17) auipc   t5, 0x1
core   0: 3 0x8000b308 (0x00001f17) x30 0x8000c308
core   0: 0x8000b30c (0xce3f2c23) sw      gp, -776(t5)
core   0: 3 0x8000b30c (0xce3f2c23) mem 0x8000c000 0x00000001
core   0: 0x8000b310 (0xff9ff06f) j       pc - 0x8
core   0: 3 0x8000b310 (0xff9ff06f)
core   0: 0x8000b308 (0x00001f17) auipc   t5, 0x1
core   0: 3 0x8000b308 (0x00001f17) x30 0x8000c308
core   0: 0x8000b30c (0xce3f2c23) sw      gp, -776(t5)
core   0: 3 0x8000b30c (0xce3f2c23) mem 0x8000c000 0x00000001
core   0: 0x8000b310 (0xff9ff06f) j       pc - 0x8
core   0: 3 0x8000b310 (0xff9ff06f)
core   0: 0x8000b308 (0x00001f17) auipc   t5, 0x1
core   0: 3 0x8000b308 (0x00001f17) x30 0x8000c308
core   0: 0x8000b30c (0xce3f2c23) sw      gp, -776(t5)
core   0: 3 0x8000b30c (0xce3f2c23) mem 0x8000c000 0x00000001
core   0: 0x8000b310 (0xff9ff06f) j       pc - 0x8
core   0: 3 0x8000b310 (0xff9ff06f)
core   0: 0x8000b308 (0x00001f17) auipc   t5, 0x1
core   0: 3 0x8000b308 (0x00001f17) x30 0x8000c308
core   0: 0x8000b30c (0xce3f2c23) sw      gp, -776(t5)
core   0: 3 0x8000b30c (0xce3f2c23) mem 0x8000c000 0x00000001
core   0: 0x8000b310 (0xff9ff06f) j       pc - 0x8
core   0: 3 0x8000b310 (0xff9ff06f)
core   0: 0x8000b308 (0x00001f17) auipc   t5, 0x1
core   0: 3 0x8000b308 (0x00001f17) x30 0x8000c308
core   0: 0x8000b30c (0xce3f2c23) sw      gp, -776(t5)
core   0: 3 0x8000b30c (0xce3f2c23) mem 0x8000c000 0x00000001
core   0: 0x8000b310 (0xff9ff06f) j       pc - 0x8
core   0: 3 0x8000b310 (0xff9ff06f)
core   0: 0x8000b308 (0x00001f17) auipc   t5, 0x1
core   0: 3 0x8000b308 (0x00001f17) x30 0x8000c308
core   0: 0x8000b30c (0xce3f2c23) sw      gp, -776(t5)
core   0: 3 0x8000b30c (0xce3f2c23) mem 0x8000c000 0x00000001
core   0: 0x8000b310 (0xff9ff06f) j       pc - 0x8
core   0: 3 0x8000b310 (0xff9ff06f)
core   0: 0x8000b308 (0x00001f17) auipc   t5, 0x1
core   0: 3 0x8000b308 (0x00001f17) x30 0x8000c308
core   0: 0x8000b30c (0xce3f2c23) sw      gp, -776(t5)
core   0: 3 0x8000b30c (0xce3f2c23) mem 0x8000c000 0x00000001
core   0: 0x8000b310 (0xff9ff06f) j       pc - 0x8
core   0: 3 0x8000b310 (0xff9ff06f)
core   0: 0x8000b308 (0x00001f17) auipc   t5, 0x1
core   0: 3 0x8000b308 (0x00001f17) x30 0x8000c308
core   0: 0x8000b30c (0xce3f2c23) sw      gp, -776(t5)
core   0: 3 0x8000b30c (0xce3f2c23) mem 0x8000c000 0x00000001
core   0: 0x8000b310 (0xff9ff06f) j       pc - 0x8
core   0: 3 0x8000b310 (0xff9ff06f)
core   0: 0x8000b308 (0x00001f17) auipc   t5, 0x1
core   0: 3 0x8000b308 (0x00001f17) x30 0x8000c308
core   0: 0x8000b30c (0xce3f2c23) sw      gp, -776(t5)
core   0: 3 0x8000b30c (0xce3f2c23) mem 0x8000c000 0x00000001
core   0: 0x8000b310 (0xff9ff06f) j       pc - 0x8
core   0: 3 0x8000b310 (0xff9ff06f)
core   0: 0x8000b308 (0x00001f17) auipc   t5, 0x1
core   0: 3 0x8000b308 (0x00001f17) x30 0x8000c308
core   0: 0x8000b30c (0xce3f2c23) sw      gp, -776(t5)
core   0: 3 0x8000b30c (0xce3f2c23) mem 0x8000c000 0x00000001
core   0: 0x8000b310 (0xff9ff06f) j       pc - 0x8
core   0: 3 0x8000b310 (0xff9ff06f)
core   0: 0x8000b308 (0x00001f17) auipc   t5, 0x1
core   0: 3 0x8000b308 (0x00001f17) x30 0x8000c308
core   0: 0x8000b30c (0xce3f2c23) sw      gp, -776(t5)
core   0: 3 0x8000b30c (0xce3f2c23) mem 0x8000c000 0x00000001
core   0: 0x8000b310 (0xff9ff06f) j       pc - 0x8
core   0: 3 0x8000b310 (0xff9ff06f)
core   0: 0x8000b308 (0x00001f17) auipc   t5, 0x1
core   0: 3 0x8000b308 (0x00001f17) x30 0x8000c308
core   0: 0x8000b30c (0xce3f2c23) sw      gp, -776(t5)
core   0: 3 0x8000b30c (0xce3f2c23) mem 0x8000c000 0x00000001
core   0: 0x8000b310 (0xff9ff06f) j       pc - 0x8
core   0: 3 0x8000b310 (0xff9ff06f)
core   0: 0x8000b308 (0x00001f17) auipc   t5, 0x1
core   0: 3 0x8000b308 (0x00001f17) x30 0x8000c308
core   0: 0x8000b30c (0xce3f2c23) sw      gp, -776(t5)
core   0: 3 0x8000b30c (0xce3f2c23) mem 0x8000c000 0x00000001
core   0: 0x8000b310 (0xff9ff06f) j       pc - 0x8
core   0: 3 0x8000b310 (0xff9ff06f)
core   0: 0x8000b308 (0x00001f17) auipc   t5, 0x1
core   0: 3 0x8000b308 (0x00001f17) x30 0x8000c308
core   0: 0x8000b30c (0xce3f2c23) sw      gp, -776(t5)
core   0: 3 0x8000b30c (0xce3f2c23) mem 0x8000c000 0x00000001
core   0: 0x8000b310 (0xff9ff06f) j       pc - 0x8
core   0: 3 0x8000b310 (0xff9ff06f)
core   0: 0x8000b308 (0x00001f17) auipc   t5, 0x1
core   0: 3 0x8000b308 (0x00001f17) x30 0x8000c308
core   0: 0x8000b30c (0xce3f2c23) sw      gp, -776(t5)
core   0: 3 0x8000b30c (0xce3f2c23) mem 0x8000c000 0x00000001
core   0: 0x8000b310 (0xff9ff06f) j       pc - 0x8
core   0: 3 0x8000b310 (0xff9ff06f)
core   0: 0x8000b308 (0x00001f17) auipc   t5, 0x1
core   0: 3 0x8000b308 (0x00001f17) x30 0x8000c308
core   0: 0x8000b30c (0xce3f2c23) sw      gp, -776(t5)
core   0: 3 0x8000b30c (0xce3f2c23) mem 0x8000c000 0x00000001
core   0: 0x8000b310 (0xff9ff06f) j       pc - 0x8
core   0: 3 0x8000b310 (0xff9ff06f)
core   0: 0x8000b308 (0x00001f17) auipc   t5, 0x1
core   0: 3 0x8000b308 (0x00001f17) x30 0x8000c308
core   0: 0x8000b30c (0xce3f2c23) sw      gp, -776(t5)
core   0: 3 0x8000b30c (0xce3f2c23) mem 0x8000c000 0x00000001
core   0: 0x8000b310 (0xff9ff06f) j       pc - 0x8
core   0: 3 0x8000b310 (0xff9ff06f)
core   0: 0x8000b308 (0x00001f17) auipc   t5, 0x1
core   0: 3 0x8000b308 (0x00001f17) x30 0x8000c308
core   0: 0x8000b30c (0xce3f2c23) sw      gp, -776(t5)
core   0: 3 0x8000b30c (0xce3f2c23) mem 0x8000c000 0x00000001
core   0: 0x8000b310 (0xff9ff06f) j       pc - 0x8
core   0: 3 0x8000b310 (0xff9ff06f)
core   0: 0x8000b308 (0x00001f17) auipc   t5, 0x1
core   0: 3 0x8000b308 (0x00001f17) x30 0x8000c308
core   0: 0x8000b30c (0xce3f2c23) sw      gp, -776(t5)
core   0: 3 0x8000b30c (0xce3f2c23) mem 0x8000c000 0x00000001
core   0: 0x8000b310 (0xff9ff06f) j       pc - 0x8
core   0: 3 0x8000b310 (0xff9ff06f)
core   0: 0x8000b308 (0x00001f17) auipc   t5, 0x1
core   0: 3 0x8000b308 (0x00001f17) x30 0x8000c308
core   0: 0x8000b30c (0xce3f2c23) sw      gp, -776(t5)
core   0: 3 0x8000b30c (0xce3f2c23) mem 0x8000c000 0x00000001
core   0: 0x8000b310 (0xff9ff06f) j       pc - 0x8
core   0: 3 0x8000b310 (0xff9ff06f)
core   0: 0x8000b308 (0x00001f17) auipc   t5, 0x1
core   0: 3 0x8000b308 (0x00001f17) x30 0x8000c308
core   0: 0x8000b30c (0xce3f2c23) sw      gp, -776(t5)
core   0: 3 0x8000b30c (0xce3f2c23) mem 0x8000c000 0x00000001
core   0: 0x8000b310 (0xff9ff06f) j       pc - 0x8
core   0: 3 0x8000b310 (0xff9ff06f)
core   0: 0x8000b308 (0x00001f17) auipc   t5, 0x1
core   0: 3 0x8000b308 (0x00001f17) x30 0x8000c308
core   0: 0x8000b30c (0xce3f2c23) sw      gp, -776(t5)
core   0: 3 0x8000b30c (0xce3f2c23) mem 0x8000c000 0x00000001
core   0: 0x8000b310 (0xff9ff06f) j       pc - 0x8
core   0: 3 0x8000b310 (0xff9ff06f)
core   0: 0x8000b308 (0x00001f17) auipc   t5, 0x1
core   0: 3 0x8000b308 (0x00001f17) x30 0x8000c308
core   0: 0x8000b30c (0xce3f2c23) sw      gp, -776(t5)
core   0: 3 0x8000b30c (0xce3f2c23) mem 0x8000c000 0x00000001
core   0: 0x8000b310 (0xff9ff06f) j       pc - 0x8
core   0: 3 0x8000b310 (0xff9ff06f)
core   0: 0x8000b308 (0x00001f17) auipc   t5, 0x1
core   0: 3 0x8000b308 (0x00001f17) x30 0x8000c308
core   0: 0x8000b30c (0xce3f2c23) sw      gp, -776(t5)
core   0: 3 0x8000b30c (0xce3f2c23) mem 0x8000c000 0x00000001
core   0: 0x8000b310 (0xff9ff06f) j       pc - 0x8
core   0: 3 0x8000b310 (0xff9ff06f)
core   0: 0x8000b308 (0x00001f17) auipc   t5, 0x1
core   0: 3 0x8000b308 (0x00001f17) x30 0x8000c308
core   0: 0x8000b30c (0xce3f2c23) sw      gp, -776(t5)
core   0: 3 0x8000b30c (0xce3f2c23) mem 0x8000c000 0x00000001
core   0: 0x8000b310 (0xff9ff06f) j       pc - 0x8
core   0: 3 0x8000b310 (0xff9ff06f)
core   0: 0x8000b308 (0x00001f17) auipc   t5, 0x1
core   0: 3 0x8000b308 (0x00001f17) x30 0x8000c308
core   0: 0x8000b30c (0xce3f2c23) sw      gp, -776(t5)
core   0: 3 0x8000b30c (0xce3f2c23) mem 0x8000c000 0x00000001
core   0: 0x8000b310 (0xff9ff06f) j       pc - 0x8
core   0: 3 0x8000b310 (0xff9ff06f)
core   0: 0x8000b308 (0x00001f17) auipc   t5, 0x1
core   0: 3 0x8000b308 (0x00001f17) x30 0x8000c308
core   0: 0x8000b30c (0xce3f2c23) sw      gp, -776(t5)
core   0: 3 0x8000b30c (0xce3f2c23) mem 0x8000c000 0x00000001
core   0: 0x8000b310 (0xff9ff06f) j       pc - 0x8
core   0: 3 0x8000b310 (0xff9ff06f)
core   0: 0x8000b308 (0x00001f17) auipc   t5, 0x1
core   0: 3 0x8000b308 (0x00001f17) x30 0x8000c308
core   0: 0x8000b30c (0xce3f2c23) sw      gp, -776(t5)
core   0: 3 0x8000b30c (0xce3f2c23) mem 0x8000c000 0x00000001
core   0: 0x8000b310 (0xff9ff06f) j       pc - 0x8
core   0: 3 0x8000b310 (0xff9ff06f)
core   0: 0x8000b308 (0x00001f17) auipc   t5, 0x1
core   0: 3 0x8000b308 (0x00001f17) x30 0x8000c308
core   0: 0x8000b30c (0xce3f2c23) sw      gp, -776(t5)
core   0: 3 0x8000b30c (0xce3f2c23) mem 0x8000c000 0x00000001
core   0: 0x8000b310 (0xff9ff06f) j       pc - 0x8
core   0: 3 0x8000b310 (0xff9ff06f)
core   0: 0x8000b308 (0x00001f17) auipc   t5, 0x1
core   0: 3 0x8000b308 (0x00001f17) x30 0x8000c308
core   0: 0x8000b30c (0xce3f2c23) sw      gp, -776(t5)
core   0: 3 0x8000b30c (0xce3f2c23) mem 0x8000c000 0x00000001
core   0: 0x8000b310 (0xff9ff06f) j       pc - 0x8
core   0: 3 0x8000b310 (0xff9ff06f)
core   0: 0x8000b308 (0x00001f17) auipc   t5, 0x1
core   0: 3 0x8000b308 (0x00001f17) x30 0x8000c308
core   0: 0x8000b30c (0xce3f2c23) sw      gp, -776(t5)
core   0: 3 0x8000b30c (0xce3f2c23) mem 0x8000c000 0x00000001
core   0: 0x8000b310 (0xff9ff06f) j       pc - 0x8
core   0: 3 0x8000b310 (0xff9ff06f)
core   0: 0x8000b308 (0x00001f17) auipc   t5, 0x1
core   0: 3 0x8000b308 (0x00001f17) x30 0x8000c308
core   0: 0x8000b30c (0xce3f2c23) sw      gp, -776(t5)
core   0: 3 0x8000b30c (0xce3f2c23) mem 0x8000c000 0x00000001
core   0: 0x8000b310 (0xff9ff06f) j       pc - 0x8
core   0: 3 0x8000b310 (0xff9ff06f)
core   0: 0x8000b308 (0x00001f17) auipc   t5, 0x1
core   0: 3 0x8000b308 (0x00001f17) x30 0x8000c308
core   0: 0x8000b30c (0xce3f2c23) sw      gp, -776(t5)
core   0: 3 0x8000b30c (0xce3f2c23) mem 0x8000c000 0x00000001
core   0: 0x8000b310 (0xff9ff06f) j       pc - 0x8
core   0: 3 0x8000b310 (0xff9ff06f)
core   0: 0x8000b308 (0x00001f17) auipc   t5, 0x1
core   0: 3 0x8000b308 (0x00001f17) x30 0x8000c308
core   0: 0x8000b30c (0xce3f2c23) sw      gp, -776(t5)
core   0: 3 0x8000b30c (0xce3f2c23) mem 0x8000c000 0x00000001
core   0: 0x8000b310 (0xff9ff06f) j       pc - 0x8
core   0: 3 0x8000b310 (0xff9ff06f)
core   0: 0x8000b308 (0x00001f17) auipc   t5, 0x1
core   0: 3 0x8000b308 (0x00001f17) x30 0x8000c308
core   0: 0x8000b30c (0xce3f2c23) sw      gp, -776(t5)
core   0: 3 0x8000b30c (0xce3f2c23) mem 0x8000c000 0x00000001
core   0: 0x8000b310 (0xff9ff06f) j       pc - 0x8
core   0: 3 0x8000b310 (0xff9ff06f)
core   0: 0x8000b308 (0x00001f17) auipc   t5, 0x1
core   0: 3 0x8000b308 (0x00001f17) x30 0x8000c308
core   0: 0x8000b30c (0xce3f2c23) sw      gp, -776(t5)
core   0: 3 0x8000b30c (0xce3f2c23) mem 0x8000c000 0x00000001
core   0: 0x8000b310 (0xff9ff06f) j       pc - 0x8
core   0: 3 0x8000b310 (0xff9ff06f)
core   0: 0x8000b308 (0x00001f17) auipc   t5, 0x1
core   0: 3 0x8000b308 (0x00001f17) x30 0x8000c308
core   0: 0x8000b30c (0xce3f2c23) sw      gp, -776(t5)
core   0: 3 0x8000b30c (0xce3f2c23) mem 0x8000c000 0x00000001
core   0: 0x8000b310 (0xff9ff06f) j       pc - 0x8
core   0: 3 0x8000b310 (0xff9ff06f)
core   0: 0x8000b308 (0x00001f17) auipc   t5, 0x1
core   0: 3 0x8000b308 (0x00001f17) x30 0x8000c308
core   0: 0x8000b30c (0xce3f2c23) sw      gp, -776(t5)
core   0: 3 0x8000b30c (0xce3f2c23) mem 0x8000c000 0x00000001
core   0: 0x8000b310 (0xff9ff06f) j       pc - 0x8
core   0: 3 0x8000b310 (0xff9ff06f)
core   0: 0x8000b308 (0x00001f17) auipc   t5, 0x1
core   0: 3 0x8000b308 (0x00001f17) x30 0x8000c308
core   0: 0x8000b30c (0xce3f2c23) sw      gp, -776(t5)
core   0: 3 0x8000b30c (0xce3f2c23) mem 0x8000c000 0x00000001
core   0: 0x8000b310 (0xff9ff06f) j       pc - 0x8
core   0: 3 0x8000b310 (0xff9ff06f)
core   0: 0x8000b308 (0x00001f17) auipc   t5, 0x1
core   0: 3 0x8000b308 (0x00001f17) x30 0x8000c308
core   0: 0x8000b30c (0xce3f2c23) sw      gp, -776(t5)
core   0: 3 0x8000b30c (0xce3f2c23) mem 0x8000c000 0x00000001
core   0: 0x8000b310 (0xff9ff06f) j       pc - 0x8
core   0: 3 0x8000b310 (0xff9ff06f)
core   0: 0x8000b308 (0x00001f17) auipc   t5, 0x1
core   0: 3 0x8000b308 (0x00001f17) x30 0x8000c308
core   0: 0x8000b30c (0xce3f2c23) sw      gp, -776(t5)
core   0: 3 0x8000b30c (0xce3f2c23) mem 0x8000c000 0x00000001
core   0: 0x8000b310 (0xff9ff06f) j       pc - 0x8
core   0: 3 0x8000b310 (0xff9ff06f)
core   0: 0x8000b308 (0x00001f17) auipc   t5, 0x1
core   0: 3 0x8000b308 (0x00001f17) x30 0x8000c308
core   0: 0x8000b30c (0xce3f2c23) sw      gp, -776(t5)
core   0: 3 0x8000b30c (0xce3f2c23) mem 0x8000c000 0x00000001
core   0: 0x8000b310 (0xff9ff06f) j       pc - 0x8
core   0: 3 0x8000b310 (0xff9ff06f)
core   0: 0x8000b308 (0x00001f17) auipc   t5, 0x1
core   0: 3 0x8000b308 (0x00001f17) x30 0x8000c308
core   0: 0x8000b30c (0xce3f2c23) sw      gp, -776(t5)
core   0: 3 0x8000b30c (0xce3f2c23) mem 0x8000c000 0x00000001
core   0: 0x8000b310 (0xff9ff06f) j       pc - 0x8
core   0: 3 0x8000b310 (0xff9ff06f)
core   0: 0x8000b308 (0x00001f17) auipc   t5, 0x1
core   0: 3 0x8000b308 (0x00001f17) x30 0x8000c308
core   0: 0x8000b30c (0xce3f2c23) sw      gp, -776(t5)
core   0: 3 0x8000b30c (0xce3f2c23) mem 0x8000c000 0x00000001
core   0: 0x8000b310 (0xff9ff06f) j       pc - 0x8
core   0: 3 0x8000b310 (0xff9ff06f)
core   0: 0x8000b308 (0x00001f17) auipc   t5, 0x1
core   0: 3 0x8000b308 (0x00001f17) x30 0x8000c308
core   0: 0x8000b30c (0xce3f2c23) sw      gp, -776(t5)
core   0: 3 0x8000b30c (0xce3f2c23) mem 0x8000c000 0x00000001
core   0: 0x8000b310 (0xff9ff06f) j       pc - 0x8
core   0: 3 0x8000b310 (0xff9ff06f)
core   0: 0x8000b308 (0x00001f17) auipc   t5, 0x1
core   0: 3 0x8000b308 (0x00001f17) x30 0x8000c308
core   0: 0x8000b30c (0xce3f2c23) sw      gp, -776(t5)
core   0: 3 0x8000b30c (0xce3f2c23) mem 0x8000c000 0x00000001
core   0: 0x8000b310 (0xff9ff06f) j       pc - 0x8
core   0: 3 0x8000b310 (0xff9ff06f)
core   0: 0x8000b308 (0x00001f17) auipc   t5, 0x1
core   0: 3 0x8000b308 (0x00001f17) x30 0x8000c308
core   0: 0x8000b30c (0xce3f2c23) sw      gp, -776(t5)
core   0: 3 0x8000b30c (0xce3f2c23) mem 0x8000c000 0x00000001
core   0: 0x8000b310 (0xff9ff06f) j       pc - 0x8
core   0: 3 0x8000b310 (0xff9ff06f)
core   0: 0x8000b308 (0x00001f17) auipc   t5, 0x1
core   0: 3 0x8000b308 (0x00001f17) x30 0x8000c308
core   0: 0x8000b30c (0xce3f2c23) sw      gp, -776(t5)
core   0: 3 0x8000b30c (0xce3f2c23) mem 0x8000c000 0x00000001
core   0: 0x8000b310 (0xff9ff06f) j       pc - 0x8
core   0: 3 0x8000b310 (0xff9ff06f)
core   0: 0x8000b308 (0x00001f17) auipc   t5, 0x1
core   0: 3 0x8000b308 (0x00001f17) x30 0x8000c308
core   0: 0x8000b30c (0xce3f2c23) sw      gp, -776(t5)
core   0: 3 0x8000b30c (0xce3f2c23) mem 0x8000c000 0x00000001
core   0: 0x8000b310 (0xff9ff06f) j       pc - 0x8
core   0: 3 0x8000b310 (0xff9ff06f)
core   0: 0x8000b308 (0x00001f17) auipc   t5, 0x1
core   0: 3 0x8000b308 (0x00001f17) x30 0x8000c308
core   0: 0x8000b30c (0xce3f2c23) sw      gp, -776(t5)
core   0: 3 0x8000b30c (0xce3f2c23) mem 0x8000c000 0x00000001
core   0: 0x8000b310 (0xff9ff06f) j       pc - 0x8
core   0: 3 0x8000b310 (0xff9ff06f)
core   0: 0x8000b308 (0x00001f17) auipc   t5, 0x1
core   0: 3 0x8000b308 (0x00001f17) x30 0x8000c308
core   0: 0x8000b30c (0xce3f2c23) sw      gp, -776(t5)
core   0: 3 0x8000b30c (0xce3f2c23) mem 0x8000c000 0x00000001
core   0: 0x8000b310 (0xff9ff06f) j       pc - 0x8
core   0: 3 0x8000b310 (0xff9ff06f)
core   0: 0x8000b308 (0x00001f17) auipc   t5, 0x1
core   0: 3 0x8000b308 (0x00001f17) x30 0x8000c308
core   0: 0x8000b30c (0xce3f2c23) sw      gp, -776(t5)
core   0: 3 0x8000b30c (0xce3f2c23) mem 0x8000c000 0x00000001
core   0: 0x8000b310 (0xff9ff06f) j       pc - 0x8
core   0: 3 0x8000b310 (0xff9ff06f)
core   0: 0x8000b308 (0x00001f17) auipc   t5, 0x1
core   0: 3 0x8000b308 (0x00001f17) x30 0x8000c308
core   0: 0x8000b30c (0xce3f2c23) sw      gp, -776(t5)
core   0: 3 0x8000b30c (0xce3f2c23) mem 0x8000c000 0x00000001
core   0: 0x8000b310 (0xff9ff06f) j       pc - 0x8
core   0: 3 0x8000b310 (0xff9ff06f)
core   0: 0x8000b308 (0x00001f17) auipc   t5, 0x1
core   0: 3 0x8000b308 (0x00001f17) x30 0x8000c308
core   0: 0x8000b30c (0xce3f2c23) sw      gp, -776(t5)
core   0: 3 0x8000b30c (0xce3f2c23) mem 0x8000c000 0x00000001
core   0: 0x8000b310 (0xff9ff06f) j       pc - 0x8
core   0: 3 0x8000b310 (0xff9ff06f)
core   0: 0x8000b308 (0x00001f17) auipc   t5, 0x1
core   0: 3 0x8000b308 (0x00001f17) x30 0x8000c308
core   0: 0x8000b30c (0xce3f2c23) sw      gp, -776(t5)
core   0: 3 0x8000b30c (0xce3f2c23) mem 0x8000c000 0x00000001
core   0: 0x8000b310 (0xff9ff06f) j       pc - 0x8
core   0: 3 0x8000b310 (0xff9ff06f)
core   0: 0x8000b308 (0x00001f17) auipc   t5, 0x1
core   0: 3 0x8000b308 (0x00001f17) x30 0x8000c308
core   0: 0x8000b30c (0xce3f2c23) sw      gp, -776(t5)
core   0: 3 0x8000b30c (0xce3f2c23) mem 0x8000c000 0x00000001
core   0: 0x8000b310 (0xff9ff06f) j       pc - 0x8
core   0: 3 0x8000b310 (0xff9ff06f)
core   0: 0x8000b308 (0x00001f17) auipc   t5, 0x1
core   0: 3 0x8000b308 (0x00001f17) x30 0x8000c308
core   0: 0x8000b30c (0xce3f2c23) sw      gp, -776(t5)
core   0: 3 0x8000b30c (0xce3f2c23) mem 0x8000c000 0x00000001
core   0: 0x8000b310 (0xff9ff06f) j       pc - 0x8
core   0: 3 0x8000b310 (0xff9ff06f)
core   0: 0x8000b308 (0x00001f17) auipc   t5, 0x1
core   0: 3 0x8000b308 (0x00001f17) x30 0x8000c308
core   0: 0x8000b30c (0xce3f2c23) sw      gp, -776(t5)
core   0: 3 0x8000b30c (0xce3f2c23) mem 0x8000c000 0x00000001
core   0: 0x8000b310 (0xff9ff06f) j       pc - 0x8
core   0: 3 0x8000b310 (0xff9ff06f)
core   0: 0x8000b308 (0x00001f17) auipc   t5, 0x1
core   0: 3 0x8000b308 (0x00001f17) x30 0x8000c308
core   0: 0x8000b30c (0xce3f2c23) sw      gp, -776(t5)
core   0: 3 0x8000b30c (0xce3f2c23) mem 0x8000c000 0x00000001
core   0: 0x8000b310 (0xff9ff06f) j       pc - 0x8
core   0: 3 0x8000b310 (0xff9ff06f)
core   0: 0x8000b308 (0x00001f17) auipc   t5, 0x1
core   0: 3 0x8000b308 (0x00001f17) x30 0x8000c308
core   0: 0x8000b30c (0xce3f2c23) sw      gp, -776(t5)
core   0: 3 0x8000b30c (0xce3f2c23) mem 0x8000c000 0x00000001
core   0: 0x8000b310 (0xff9ff06f) j       pc - 0x8
core   0: 3 0x8000b310 (0xff9ff06f)
core   0: 0x8000b308 (0x00001f17) auipc   t5, 0x1
core   0: 3 0x8000b308 (0x00001f17) x30 0x8000c308
core   0: 0x8000b30c (0xce3f2c23) sw      gp, -776(t5)
core   0: 3 0x8000b30c (0xce3f2c23) mem 0x8000c000 0x00000001
core   0: 0x8000b310 (0xff9ff06f) j       pc - 0x8
core   0: 3 0x8000b310 (0xff9ff06f)
core   0: 0x8000b308 (0x00001f17) auipc   t5, 0x1
core   0: 3 0x8000b308 (0x00001f17) x30 0x8000c308
core   0: 0x8000b30c (0xce3f2c23) sw      gp, -776(t5)
core   0: 3 0x8000b30c (0xce3f2c23) mem 0x8000c000 0x00000001
core   0: 0x8000b310 (0xff9ff06f) j       pc - 0x8
core   0: 3 0x8000b310 (0xff9ff06f)
core   0: 0x8000b308 (0x00001f17) auipc   t5, 0x1
core   0: 3 0x8000b308 (0x00001f17) x30 0x8000c308
core   0: 0x8000b30c (0xce3f2c23) sw      gp, -776(t5)
core   0: 3 0x8000b30c (0xce3f2c23) mem 0x8000c000 0x00000001
core   0: 0x8000b310 (0xff9ff06f) j       pc - 0x8
core   0: 3 0x8000b310 (0xff9ff06f)
core   0: 0x8000b308 (0x00001f17) auipc   t5, 0x1
core   0: 3 0x8000b308 (0x00001f17) x30 0x8000c308
core   0: 0x8000b30c (0xce3f2c23) sw      gp, -776(t5)
core   0: 3 0x8000b30c (0xce3f2c23) mem 0x8000c000 0x00000001
core   0: 0x8000b310 (0xff9ff06f) j       pc - 0x8
core   0: 3 0x8000b310 (0xff9ff06f)
core   0: 0x8000b308 (0x00001f17) auipc   t5, 0x1
core   0: 3 0x8000b308 (0x00001f17) x30 0x8000c308
core   0: 0x8000b30c (0xce3f2c23) sw      gp, -776(t5)
core   0: 3 0x8000b30c (0xce3f2c23) mem 0x8000c000 0x00000001
core   0: 0x8000b310 (0xff9ff06f) j       pc - 0x8
core   0: 3 0x8000b310 (0xff9ff06f)
core   0: 0x8000b308 (0x00001f17) auipc   t5, 0x1
core   0: 3 0x8000b308 (0x00001f17) x30 0x8000c308
core   0: 0x8000b30c (0xce3f2c23) sw      gp, -776(t5)
core   0: 3 0x8000b30c (0xce3f2c23) mem 0x8000c000 0x00000001
core   0: 0x8000b310 (0xff9ff06f) j       pc - 0x8
core   0: 3 0x8000b310 (0xff9ff06f)
core   0: 0x8000b308 (0x00001f17) auipc   t5, 0x1
core   0: 3 0x8000b308 (0x00001f17) x30 0x8000c308
core   0: 0x8000b30c (0xce3f2c23) sw      gp, -776(t5)
core   0: 3 0x8000b30c (0xce3f2c23) mem 0x8000c000 0x00000001
core   0: 0x8000b310 (0xff9ff06f) j       pc - 0x8
core   0: 3 0x8000b310 (0xff9ff06f)
core   0: 0x8000b308 (0x00001f17) auipc   t5, 0x1
core   0: 3 0x8000b308 (0x00001f17) x30 0x8000c308
core   0: 0x8000b30c (0xce3f2c23) sw      gp, -776(t5)
core   0: 3 0x8000b30c (0xce3f2c23) mem 0x8000c000 0x00000001
core   0: 0x8000b310 (0xff9ff06f) j       pc - 0x8
core   0: 3 0x8000b310 (0xff9ff06f)
core   0: 0x8000b308 (0x00001f17) auipc   t5, 0x1
core   0: 3 0x8000b308 (0x00001f17) x30 0x8000c308
core   0: 0x8000b30c (0xce3f2c23) sw      gp, -776(t5)
core   0: 3 0x8000b30c (0xce3f2c23) mem 0x8000c000 0x00000001
core   0: 0x8000b310 (0xff9ff06f) j       pc - 0x8
core   0: 3 0x8000b310 (0xff9ff06f)
core   0: 0x8000b308 (0x00001f17) auipc   t5, 0x1
core   0: 3 0x8000b308 (0x00001f17) x30 0x8000c308
core   0: 0x8000b30c (0xce3f2c23) sw      gp, -776(t5)
core   0: 3 0x8000b30c (0xce3f2c23) mem 0x8000c000 0x00000001
core   0: 0x8000b310 (0xff9ff06f) j       pc - 0x8
core   0: 3 0x8000b310 (0xff9ff06f)
core   0: 0x8000b308 (0x00001f17) auipc   t5, 0x1
core   0: 3 0x8000b308 (0x00001f17) x30 0x8000c308
core   0: 0x8000b30c (0xce3f2c23) sw      gp, -776(t5)
core   0: 3 0x8000b30c (0xce3f2c23) mem 0x8000c000 0x00000001
core   0: 0x8000b310 (0xff9ff06f) j       pc - 0x8
core   0: 3 0x8000b310 (0xff9ff06f)
core   0: 0x8000b308 (0x00001f17) auipc   t5, 0x1
core   0: 3 0x8000b308 (0x00001f17) x30 0x8000c308
core   0: 0x8000b30c (0xce3f2c23) sw      gp, -776(t5)
core   0: 3 0x8000b30c (0xce3f2c23) mem 0x8000c000 0x00000001
core   0: 0x8000b310 (0xff9ff06f) j       pc - 0x8
core   0: 3 0x8000b310 (0xff9ff06f)
core   0: 0x8000b308 (0x00001f17) auipc   t5, 0x1
core   0: 3 0x8000b308 (0x00001f17) x30 0x8000c308
core   0: 0x8000b30c (0xce3f2c23) sw      gp, -776(t5)
core   0: 3 0x8000b30c (0xce3f2c23) mem 0x8000c000 0x00000001
core   0: 0x8000b310 (0xff9ff06f) j       pc - 0x8
core   0: 3 0x8000b310 (0xff9ff06f)
core   0: 0x8000b308 (0x00001f17) auipc   t5, 0x1
core   0: 3 0x8000b308 (0x00001f17) x30 0x8000c308
core   0: 0x8000b30c (0xce3f2c23) sw      gp, -776(t5)
core   0: 3 0x8000b30c (0xce3f2c23) mem 0x8000c000 0x00000001
core   0: 0x8000b310 (0xff9ff06f) j       pc - 0x8
core   0: 3 0x8000b310 (0xff9ff06f)
core   0: 0x8000b308 (0x00001f17) auipc   t5, 0x1
core   0: 3 0x8000b308 (0x00001f17) x30 0x8000c308
core   0: 0x8000b30c (0xce3f2c23) sw      gp, -776(t5)
core   0: 3 0x8000b30c (0xce3f2c23) mem 0x8000c000 0x00000001
core   0: 0x8000b310 (0xff9ff06f) j       pc - 0x8
core   0: 3 0x8000b310 (0xff9ff06f)
core   0: 0x8000b308 (0x00001f17) auipc   t5, 0x1
core   0: 3 0x8000b308 (0x00001f17) x30 0x8000c308
core   0: 0x8000b30c (0xce3f2c23) sw      gp, -776(t5)
core   0: 3 0x8000b30c (0xce3f2c23) mem 0x8000c000 0x00000001
core   0: 0x8000b310 (0xff9ff06f) j       pc - 0x8
core   0: 3 0x8000b310 (0xff9ff06f)
core   0: 0x8000b308 (0x00001f17) auipc   t5, 0x1
core   0: 3 0x8000b308 (0x00001f17) x30 0x8000c308
core   0: 0x8000b30c (0xce3f2c23) sw      gp, -776(t5)
core   0: 3 0x8000b30c (0xce3f2c23) mem 0x8000c000 0x00000001
core   0: 0x8000b310 (0xff9ff06f) j       pc - 0x8
core   0: 3 0x8000b310 (0xff9ff06f)
core   0: 0x8000b308 (0x00001f17) auipc   t5, 0x1
core   0: 3 0x8000b308 (0x00001f17) x30 0x8000c308
core   0: 0x8000b30c (0xce3f2c23) sw      gp, -776(t5)
core   0: 3 0x8000b30c (0xce3f2c23) mem 0x8000c000 0x00000001
core   0: 0x8000b310 (0xff9ff06f) j       pc - 0x8
core   0: 3 0x8000b310 (0xff9ff06f)
core   0: 0x8000b308 (0x00001f17) auipc   t5, 0x1
core   0: 3 0x8000b308 (0x00001f17) x30 0x8000c308
core   0: 0x8000b30c (0xce3f2c23) sw      gp, -776(t5)
core   0: 3 0x8000b30c (0xce3f2c23) mem 0x8000c000 0x00000001
core   0: 0x8000b310 (0xff9ff06f) j       pc - 0x8
core   0: 3 0x8000b310 (0xff9ff06f)
core   0: 0x8000b308 (0x00001f17) auipc   t5, 0x1
core   0: 3 0x8000b308 (0x00001f17) x30 0x8000c308
core   0: 0x8000b30c (0xce3f2c23) sw      gp, -776(t5)
core   0: 3 0x8000b30c (0xce3f2c23) mem 0x8000c000 0x00000001
core   0: 0x8000b310 (0xff9ff06f) j       pc - 0x8
core   0: 3 0x8000b310 (0xff9ff06f)
core   0: 0x8000b308 (0x00001f17) auipc   t5, 0x1
core   0: 3 0x8000b308 (0x00001f17) x30 0x8000c308
core   0: 0x8000b30c (0xce3f2c23) sw      gp, -776(t5)
core   0: 3 0x8000b30c (0xce3f2c23) mem 0x8000c000 0x00000001
core   0: 0x8000b310 (0xff9ff06f) j       pc - 0x8
core   0: 3 0x8000b310 (0xff9ff06f)
core   0: 0x8000b308 (0x00001f17) auipc   t5, 0x1
core   0: 3 0x8000b308 (0x00001f17) x30 0x8000c308
core   0: 0x8000b30c (0xce3f2c23) sw      gp, -776(t5)
core   0: 3 0x8000b30c (0xce3f2c23) mem 0x8000c000 0x00000001
core   0: 0x8000b310 (0xff9ff06f) j       pc - 0x8
core   0: 3 0x8000b310 (0xff9ff06f)
core   0: 0x8000b308 (0x00001f17) auipc   t5, 0x1
core   0: 3 0x8000b308 (0x00001f17) x30 0x8000c308
core   0: 0x8000b30c (0xce3f2c23) sw      gp, -776(t5)
core   0: 3 0x8000b30c (0xce3f2c23) mem 0x8000c000 0x00000001
core   0: 0x8000b310 (0xff9ff06f) j       pc - 0x8
core   0: 3 0x8000b310 (0xff9ff06f)
core   0: 0x8000b308 (0x00001f17) auipc   t5, 0x1
core   0: 3 0x8000b308 (0x00001f17) x30 0x8000c308
core   0: 0x8000b30c (0xce3f2c23) sw      gp, -776(t5)
core   0: 3 0x8000b30c (0xce3f2c23) mem 0x8000c000 0x00000001
core   0: 0x8000b310 (0xff9ff06f) j       pc - 0x8
core   0: 3 0x8000b310 (0xff9ff06f)
core   0: 0x8000b308 (0x00001f17) auipc   t5, 0x1
core   0: 3 0x8000b308 (0x00001f17) x30 0x8000c308
core   0: 0x8000b30c (0xce3f2c23) sw      gp, -776(t5)
core   0: 3 0x8000b30c (0xce3f2c23) mem 0x8000c000 0x00000001
core   0: 0x8000b310 (0xff9ff06f) j       pc - 0x8
core   0: 3 0x8000b310 (0xff9ff06f)
core   0: 0x8000b308 (0x00001f17) auipc   t5, 0x1
core   0: 3 0x8000b308 (0x00001f17) x30 0x8000c308
core   0: 0x8000b30c (0xce3f2c23) sw      gp, -776(t5)
core   0: 3 0x8000b30c (0xce3f2c23) mem 0x8000c000 0x00000001
core   0: 0x8000b310 (0xff9ff06f) j       pc - 0x8
core   0: 3 0x8000b310 (0xff9ff06f)
core   0: 0x8000b308 (0x00001f17) auipc   t5, 0x1
core   0: 3 0x8000b308 (0x00001f17) x30 0x8000c308
core   0: 0x8000b30c (0xce3f2c23) sw      gp, -776(t5)
core   0: 3 0x8000b30c (0xce3f2c23) mem 0x8000c000 0x00000001
core   0: 0x8000b310 (0xff9ff06f) j       pc - 0x8
core   0: 3 0x8000b310 (0xff9ff06f)
core   0: 0x8000b308 (0x00001f17) auipc   t5, 0x1
core   0: 3 0x8000b308 (0x00001f17) x30 0x8000c308
core   0: 0x8000b30c (0xce3f2c23) sw      gp, -776(t5)
core   0: 3 0x8000b30c (0xce3f2c23) mem 0x8000c000 0x00000001
core   0: 0x8000b310 (0xff9ff06f) j       pc - 0x8
core   0: 3 0x8000b310 (0xff9ff06f)
core   0: 0x8000b308 (0x00001f17) auipc   t5, 0x1
core   0: 3 0x8000b308 (0x00001f17) x30 0x8000c308
core   0: 0x8000b30c (0xce3f2c23) sw      gp, -776(t5)
core   0: 3 0x8000b30c (0xce3f2c23) mem 0x8000c000 0x00000001
core   0: 0x8000b310 (0xff9ff06f) j       pc - 0x8
core   0: 3 0x8000b310 (0xff9ff06f)
core   0: 0x8000b308 (0x00001f17) auipc   t5, 0x1
core   0: 3 0x8000b308 (0x00001f17) x30 0x8000c308
core   0: 0x8000b30c (0xce3f2c23) sw      gp, -776(t5)
core   0: 3 0x8000b30c (0xce3f2c23) mem 0x8000c000 0x00000001
core   0: 0x8000b310 (0xff9ff06f) j       pc - 0x8
core   0: 3 0x8000b310 (0xff9ff06f)
core   0: 0x8000b308 (0x00001f17) auipc   t5, 0x1
core   0: 3 0x8000b308 (0x00001f17) x30 0x8000c308
core   0: 0x8000b30c (0xce3f2c23) sw      gp, -776(t5)
core   0: 3 0x8000b30c (0xce3f2c23) mem 0x8000c000 0x00000001
core   0: 0x8000b310 (0xff9ff06f) j       pc - 0x8
core   0: 3 0x8000b310 (0xff9ff06f)
core   0: 0x8000b308 (0x00001f17) auipc   t5, 0x1
core   0: 3 0x8000b308 (0x00001f17) x30 0x8000c308
core   0: 0x8000b30c (0xce3f2c23) sw      gp, -776(t5)
core   0: 3 0x8000b30c (0xce3f2c23) mem 0x8000c000 0x00000001
core   0: 0x8000b310 (0xff9ff06f) j       pc - 0x8
core   0: 3 0x8000b310 (0xff9ff06f)
core   0: 0x8000b308 (0x00001f17) auipc   t5, 0x1
core   0: 3 0x8000b308 (0x00001f17) x30 0x8000c308
core   0: 0x8000b30c (0xce3f2c23) sw      gp, -776(t5)
core   0: 3 0x8000b30c (0xce3f2c23) mem 0x8000c000 0x00000001
core   0: 0x8000b310 (0xff9ff06f) j       pc - 0x8
core   0: 3 0x8000b310 (0xff9ff06f)
core   0: 0x8000b308 (0x00001f17) auipc   t5, 0x1
core   0: 3 0x8000b308 (0x00001f17) x30 0x8000c308
core   0: 0x8000b30c (0xce3f2c23) sw      gp, -776(t5)
core   0: 3 0x8000b30c (0xce3f2c23) mem 0x8000c000 0x00000001
core   0: 0x8000b310 (0xff9ff06f) j       pc - 0x8
core   0: 3 0x8000b310 (0xff9ff06f)
core   0: 0x8000b308 (0x00001f17) auipc   t5, 0x1
core   0: 3 0x8000b308 (0x00001f17) x30 0x8000c308
core   0: 0x8000b30c (0xce3f2c23) sw      gp, -776(t5)
core   0: 3 0x8000b30c (0xce3f2c23) mem 0x8000c000 0x00000001
core   0: 0x8000b310 (0xff9ff06f) j       pc - 0x8
core   0: 3 0x8000b310 (0xff9ff06f)
core   0: 0x8000b308 (0x00001f17) auipc   t5, 0x1
core   0: 3 0x8000b308 (0x00001f17) x30 0x8000c308
core   0: 0x8000b30c (0xce3f2c23) sw      gp, -776(t5)
core   0: 3 0x8000b30c (0xce3f2c23) mem 0x8000c000 0x00000001
core   0: 0x8000b310 (0xff9ff06f) j       pc - 0x8
core   0: 3 0x8000b310 (0xff9ff06f)
core   0: 0x8000b308 (0x00001f17) auipc   t5, 0x1
core   0: 3 0x8000b308 (0x00001f17) x30 0x8000c308
core   0: 0x8000b30c (0xce3f2c23) sw      gp, -776(t5)
core   0: 3 0x8000b30c (0xce3f2c23) mem 0x8000c000 0x00000001
core   0: 0x8000b310 (0xff9ff06f) j       pc - 0x8
core   0: 3 0x8000b310 (0xff9ff06f)
core   0: 0x8000b308 (0x00001f17) auipc   t5, 0x1
core   0: 3 0x8000b308 (0x00001f17) x30 0x8000c308
core   0: 0x8000b30c (0xce3f2c23) sw      gp, -776(t5)
core   0: 3 0x8000b30c (0xce3f2c23) mem 0x8000c000 0x00000001
core   0: 0x8000b310 (0xff9ff06f) j       pc - 0x8
core   0: 3 0x8000b310 (0xff9ff06f)
core   0: 0x8000b308 (0x00001f17) auipc   t5, 0x1
core   0: 3 0x8000b308 (0x00001f17) x30 0x8000c308
core   0: 0x8000b30c (0xce3f2c23) sw      gp, -776(t5)
core   0: 3 0x8000b30c (0xce3f2c23) mem 0x8000c000 0x00000001
core   0: 0x8000b310 (0xff9ff06f) j       pc - 0x8
core   0: 3 0x8000b310 (0xff9ff06f)
core   0: 0x8000b308 (0x00001f17) auipc   t5, 0x1
core   0: 3 0x8000b308 (0x00001f17) x30 0x8000c308
core   0: 0x8000b30c (0xce3f2c23) sw      gp, -776(t5)
core   0: 3 0x8000b30c (0xce3f2c23) mem 0x8000c000 0x00000001
core   0: 0x8000b310 (0xff9ff06f) j       pc - 0x8
core   0: 3 0x8000b310 (0xff9ff06f)
core   0: 0x8000b308 (0x00001f17) auipc   t5, 0x1
core   0: 3 0x8000b308 (0x00001f17) x30 0x8000c308
core   0: 0x8000b30c (0xce3f2c23) sw      gp, -776(t5)
core   0: 3 0x8000b30c (0xce3f2c23) mem 0x8000c000 0x00000001
core   0: 0x8000b310 (0xff9ff06f) j       pc - 0x8
core   0: 3 0x8000b310 (0xff9ff06f)
core   0: 0x8000b308 (0x00001f17) auipc   t5, 0x1
core   0: 3 0x8000b308 (0x00001f17) x30 0x8000c308
core   0: 0x8000b30c (0xce3f2c23) sw      gp, -776(t5)
core   0: 3 0x8000b30c (0xce3f2c23) mem 0x8000c000 0x00000001
core   0: 0x8000b310 (0xff9ff06f) j       pc - 0x8
core   0: 3 0x8000b310 (0xff9ff06f)
core   0: 0x8000b308 (0x00001f17) auipc   t5, 0x1
core   0: 3 0x8000b308 (0x00001f17) x30 0x8000c308
core   0: 0x8000b30c (0xce3f2c23) sw      gp, -776(t5)
core   0: 3 0x8000b30c (0xce3f2c23) mem 0x8000c000 0x00000001
core   0: 0x8000b310 (0xff9ff06f) j       pc - 0x8
core   0: 3 0x8000b310 (0xff9ff06f)
core   0: 0x8000b308 (0x00001f17) auipc   t5, 0x1
core   0: 3 0x8000b308 (0x00001f17) x30 0x8000c308
core   0: 0x8000b30c (0xce3f2c23) sw      gp, -776(t5)
core   0: 3 0x8000b30c (0xce3f2c23) mem 0x8000c000 0x00000001
core   0: 0x8000b310 (0xff9ff06f) j       pc - 0x8
core   0: 3 0x8000b310 (0xff9ff06f)
core   0: 0x8000b308 (0x00001f17) auipc   t5, 0x1
core   0: 3 0x8000b308 (0x00001f17) x30 0x8000c308
core   0: 0x8000b30c (0xce3f2c23) sw      gp, -776(t5)
core   0: 3 0x8000b30c (0xce3f2c23) mem 0x8000c000 0x00000001
core   0: 0x8000b310 (0xff9ff06f) j       pc - 0x8
core   0: 3 0x8000b310 (0xff9ff06f)
core   0: 0x8000b308 (0x00001f17) auipc   t5, 0x1
core   0: 3 0x8000b308 (0x00001f17) x30 0x8000c308
core   0: 0x8000b30c (0xce3f2c23) sw      gp, -776(t5)
core   0: 3 0x8000b30c (0xce3f2c23) mem 0x8000c000 0x00000001
core   0: 0x8000b310 (0xff9ff06f) j       pc - 0x8
core   0: 3 0x8000b310 (0xff9ff06f)
core   0: 0x8000b308 (0x00001f17) auipc   t5, 0x1
core   0: 3 0x8000b308 (0x00001f17) x30 0x8000c308
core   0: 0x8000b30c (0xce3f2c23) sw      gp, -776(t5)
core   0: 3 0x8000b30c (0xce3f2c23) mem 0x8000c000 0x00000001
core   0: 0x8000b310 (0xff9ff06f) j       pc - 0x8
core   0: 3 0x8000b310 (0xff9ff06f)
core   0: 0x8000b308 (0x00001f17) auipc   t5, 0x1
core   0: 3 0x8000b308 (0x00001f17) x30 0x8000c308
core   0: 0x8000b30c (0xce3f2c23) sw      gp, -776(t5)
core   0: 3 0x8000b30c (0xce3f2c23) mem 0x8000c000 0x00000001
core   0: 0x8000b310 (0xff9ff06f) j       pc - 0x8
core   0: 3 0x8000b310 (0xff9ff06f)
core   0: 0x8000b308 (0x00001f17) auipc   t5, 0x1
core   0: 3 0x8000b308 (0x00001f17) x30 0x8000c308
core   0: 0x8000b30c (0xce3f2c23) sw      gp, -776(t5)
core   0: 3 0x8000b30c (0xce3f2c23) mem 0x8000c000 0x00000001
core   0: 0x8000b310 (0xff9ff06f) j       pc - 0x8
core   0: 3 0x8000b310 (0xff9ff06f)
core   0: 0x8000b308 (0x00001f17) auipc   t5, 0x1
core   0: 3 0x8000b308 (0x00001f17) x30 0x8000c308
core   0: 0x8000b30c (0xce3f2c23) sw      gp, -776(t5)
core   0: 3 0x8000b30c (0xce3f2c23) mem 0x8000c000 0x00000001
core   0: 0x8000b310 (0xff9ff06f) j       pc - 0x8
core   0: 3 0x8000b310 (0xff9ff06f)
core   0: 0x8000b308 (0x00001f17) auipc   t5, 0x1
core   0: 3 0x8000b308 (0x00001f17) x30 0x8000c308
core   0: 0x8000b30c (0xce3f2c23) sw      gp, -776(t5)
core   0: 3 0x8000b30c (0xce3f2c23) mem 0x8000c000 0x00000001
core   0: 0x8000b310 (0xff9ff06f) j       pc - 0x8
core   0: 3 0x8000b310 (0xff9ff06f)
core   0: 0x8000b308 (0x00001f17) auipc   t5, 0x1
core   0: 3 0x8000b308 (0x00001f17) x30 0x8000c308
core   0: 0x8000b30c (0xce3f2c23) sw      gp, -776(t5)
core   0: 3 0x8000b30c (0xce3f2c23) mem 0x8000c000 0x00000001
core   0: 0x8000b310 (0xff9ff06f) j       pc - 0x8
core   0: 3 0x8000b310 (0xff9ff06f)
core   0: 0x8000b308 (0x00001f17) auipc   t5, 0x1
core   0: 3 0x8000b308 (0x00001f17) x30 0x8000c308
core   0: 0x8000b30c (0xce3f2c23) sw      gp, -776(t5)
core   0: 3 0x8000b30c (0xce3f2c23) mem 0x8000c000 0x00000001
core   0: 0x8000b310 (0xff9ff06f) j       pc - 0x8
core   0: 3 0x8000b310 (0xff9ff06f)
core   0: 0x8000b308 (0x00001f17) auipc   t5, 0x1
core   0: 3 0x8000b308 (0x00001f17) x30 0x8000c308
core   0: 0x8000b30c (0xce3f2c23) sw      gp, -776(t5)
core   0: 3 0x8000b30c (0xce3f2c23) mem 0x8000c000 0x00000001
core   0: 0x8000b310 (0xff9ff06f) j       pc - 0x8
core   0: 3 0x8000b310 (0xff9ff06f)
core   0: 0x8000b308 (0x00001f17) auipc   t5, 0x1
core   0: 3 0x8000b308 (0x00001f17) x30 0x8000c308
core   0: 0x8000b30c (0xce3f2c23) sw      gp, -776(t5)
core   0: 3 0x8000b30c (0xce3f2c23) mem 0x8000c000 0x00000001
core   0: 0x8000b310 (0xff9ff06f) j       pc - 0x8
core   0: 3 0x8000b310 (0xff9ff06f)
core   0: 0x8000b308 (0x00001f17) auipc   t5, 0x1
core   0: 3 0x8000b308 (0x00001f17) x30 0x8000c308
core   0: 0x8000b30c (0xce3f2c23) sw      gp, -776(t5)
core   0: 3 0x8000b30c (0xce3f2c23) mem 0x8000c000 0x00000001
core   0: 0x8000b310 (0xff9ff06f) j       pc - 0x8
core   0: 3 0x8000b310 (0xff9ff06f)
core   0: 0x8000b308 (0x00001f17) auipc   t5, 0x1
core   0: 3 0x8000b308 (0x00001f17) x30 0x8000c308
core   0: 0x8000b30c (0xce3f2c23) sw      gp, -776(t5)
core   0: 3 0x8000b30c (0xce3f2c23) mem 0x8000c000 0x00000001
core   0: 0x8000b310 (0xff9ff06f) j       pc - 0x8
core   0: 3 0x8000b310 (0xff9ff06f)
core   0: 0x8000b308 (0x00001f17) auipc   t5, 0x1
core   0: 3 0x8000b308 (0x00001f17) x30 0x8000c308
core   0: 0x8000b30c (0xce3f2c23) sw      gp, -776(t5)
core   0: 3 0x8000b30c (0xce3f2c23) mem 0x8000c000 0x00000001
core   0: 0x8000b310 (0xff9ff06f) j       pc - 0x8
core   0: 3 0x8000b310 (0xff9ff06f)
core   0: 0x8000b308 (0x00001f17) auipc   t5, 0x1
core   0: 3 0x8000b308 (0x00001f17) x30 0x8000c308
core   0: 0x8000b30c (0xce3f2c23) sw      gp, -776(t5)
core   0: 3 0x8000b30c (0xce3f2c23) mem 0x8000c000 0x00000001
core   0: 0x8000b310 (0xff9ff06f) j       pc - 0x8
core   0: 3 0x8000b310 (0xff9ff06f)
core   0: 0x8000b308 (0x00001f17) auipc   t5, 0x1
core   0: 3 0x8000b308 (0x00001f17) x30 0x8000c308
core   0: 0x8000b30c (0xce3f2c23) sw      gp, -776(t5)
core   0: 3 0x8000b30c (0xce3f2c23) mem 0x8000c000 0x00000001
core   0: 0x8000b310 (0xff9ff06f) j       pc - 0x8
core   0: 3 0x8000b310 (0xff9ff06f)
core   0: 0x8000b308 (0x00001f17) auipc   t5, 0x1
core   0: 3 0x8000b308 (0x00001f17) x30 0x8000c308
core   0: 0x8000b30c (0xce3f2c23) sw      gp, -776(t5)
core   0: 3 0x8000b30c (0xce3f2c23) mem 0x8000c000 0x00000001
core   0: 0x8000b310 (0xff9ff06f) j       pc - 0x8
core   0: 3 0x8000b310 (0xff9ff06f)
core   0: 0x8000b308 (0x00001f17) auipc   t5, 0x1
core   0: 3 0x8000b308 (0x00001f17) x30 0x8000c308
core   0: 0x8000b30c (0xce3f2c23) sw      gp, -776(t5)
core   0: 3 0x8000b30c (0xce3f2c23) mem 0x8000c000 0x00000001
core   0: 0x8000b310 (0xff9ff06f) j       pc - 0x8
core   0: 3 0x8000b310 (0xff9ff06f)
core   0: 0x8000b308 (0x00001f17) auipc   t5, 0x1
core   0: 3 0x8000b308 (0x00001f17) x30 0x8000c308
core   0: 0x8000b30c (0xce3f2c23) sw      gp, -776(t5)
core   0: 3 0x8000b30c (0xce3f2c23) mem 0x8000c000 0x00000001
core   0: 0x8000b310 (0xff9ff06f) j       pc - 0x8
core   0: 3 0x8000b310 (0xff9ff06f)
core   0: 0x8000b308 (0x00001f17) auipc   t5, 0x1
core   0: 3 0x8000b308 (0x00001f17) x30 0x8000c308
core   0: 0x8000b30c (0xce3f2c23) sw      gp, -776(t5)
core   0: 3 0x8000b30c (0xce3f2c23) mem 0x8000c000 0x00000001
core   0: 0x8000b310 (0xff9ff06f) j       pc - 0x8
core   0: 3 0x8000b310 (0xff9ff06f)
core   0: 0x8000b308 (0x00001f17) auipc   t5, 0x1
core   0: 3 0x8000b308 (0x00001f17) x30 0x8000c308
core   0: 0x8000b30c (0xce3f2c23) sw      gp, -776(t5)
core   0: 3 0x8000b30c (0xce3f2c23) mem 0x8000c000 0x00000001
core   0: 0x8000b310 (0xff9ff06f) j       pc - 0x8
core   0: 3 0x8000b310 (0xff9ff06f)
core   0: 0x8000b308 (0x00001f17) auipc   t5, 0x1
core   0: 3 0x8000b308 (0x00001f17) x30 0x8000c308
core   0: 0x8000b30c (0xce3f2c23) sw      gp, -776(t5)
core   0: 3 0x8000b30c (0xce3f2c23) mem 0x8000c000 0x00000001
core   0: 0x8000b310 (0xff9ff06f) j       pc - 0x8
core   0: 3 0x8000b310 (0xff9ff06f)
core   0: 0x8000b308 (0x00001f17) auipc   t5, 0x1
core   0: 3 0x8000b308 (0x00001f17) x30 0x8000c308
core   0: 0x8000b30c (0xce3f2c23) sw      gp, -776(t5)
core   0: 3 0x8000b30c (0xce3f2c23) mem 0x8000c000 0x00000001
core   0: 0x8000b310 (0xff9ff06f) j       pc - 0x8
core   0: 3 0x8000b310 (0xff9ff06f)
core   0: 0x8000b308 (0x00001f17) auipc   t5, 0x1
core   0: 3 0x8000b308 (0x00001f17) x30 0x8000c308
core   0: 0x8000b30c (0xce3f2c23) sw      gp, -776(t5)
core   0: 3 0x8000b30c (0xce3f2c23) mem 0x8000c000 0x00000001
core   0: 0x8000b310 (0xff9ff06f) j       pc - 0x8
core   0: 3 0x8000b310 (0xff9ff06f)
core   0: 0x8000b308 (0x00001f17) auipc   t5, 0x1
core   0: 3 0x8000b308 (0x00001f17) x30 0x8000c308
core   0: 0x8000b30c (0xce3f2c23) sw      gp, -776(t5)
core   0: 3 0x8000b30c (0xce3f2c23) mem 0x8000c000 0x00000001
core   0: 0x8000b310 (0xff9ff06f) j       pc - 0x8
core   0: 3 0x8000b310 (0xff9ff06f)
core   0: 0x8000b308 (0x00001f17) auipc   t5, 0x1
core   0: 3 0x8000b308 (0x00001f17) x30 0x8000c308
core   0: 0x8000b30c (0xce3f2c23) sw      gp, -776(t5)
core   0: 3 0x8000b30c (0xce3f2c23) mem 0x8000c000 0x00000001
core   0: 0x8000b310 (0xff9ff06f) j       pc - 0x8
core   0: 3 0x8000b310 (0xff9ff06f)
core   0: 0x8000b308 (0x00001f17) auipc   t5, 0x1
core   0: 3 0x8000b308 (0x00001f17) x30 0x8000c308
core   0: 0x8000b30c (0xce3f2c23) sw      gp, -776(t5)
core   0: 3 0x8000b30c (0xce3f2c23) mem 0x8000c000 0x00000001
core   0: 0x8000b310 (0xff9ff06f) j       pc - 0x8
core   0: 3 0x8000b310 (0xff9ff06f)
core   0: 0x8000b308 (0x00001f17) auipc   t5, 0x1
core   0: 3 0x8000b308 (0x00001f17) x30 0x8000c308
core   0: 0x8000b30c (0xce3f2c23) sw      gp, -776(t5)
core   0: 3 0x8000b30c (0xce3f2c23) mem 0x8000c000 0x00000001
core   0: 0x8000b310 (0xff9ff06f) j       pc - 0x8
core   0: 3 0x8000b310 (0xff9ff06f)
core   0: 0x8000b308 (0x00001f17) auipc   t5, 0x1
core   0: 3 0x8000b308 (0x00001f17) x30 0x8000c308
core   0: 0x8000b30c (0xce3f2c23) sw      gp, -776(t5)
core   0: 3 0x8000b30c (0xce3f2c23) mem 0x8000c000 0x00000001
core   0: 0x8000b310 (0xff9ff06f) j       pc - 0x8
core   0: 3 0x8000b310 (0xff9ff06f)
core   0: 0x8000b308 (0x00001f17) auipc   t5, 0x1
core   0: 3 0x8000b308 (0x00001f17) x30 0x8000c308
core   0: 0x8000b30c (0xce3f2c23) sw      gp, -776(t5)
core   0: 3 0x8000b30c (0xce3f2c23) mem 0x8000c000 0x00000001
core   0: 0x8000b310 (0xff9ff06f) j       pc - 0x8
core   0: 3 0x8000b310 (0xff9ff06f)
core   0: 0x8000b308 (0x00001f17) auipc   t5, 0x1
core   0: 3 0x8000b308 (0x00001f17) x30 0x8000c308
core   0: 0x8000b30c (0xce3f2c23) sw      gp, -776(t5)
core   0: 3 0x8000b30c (0xce3f2c23) mem 0x8000c000 0x00000001
core   0: 0x8000b310 (0xff9ff06f) j       pc - 0x8
core   0: 3 0x8000b310 (0xff9ff06f)
core   0: 0x8000b308 (0x00001f17) auipc   t5, 0x1
core   0: 3 0x8000b308 (0x00001f17) x30 0x8000c308
core   0: 0x8000b30c (0xce3f2c23) sw      gp, -776(t5)
core   0: 3 0x8000b30c (0xce3f2c23) mem 0x8000c000 0x00000001
core   0: 0x8000b310 (0xff9ff06f) j       pc - 0x8
core   0: 3 0x8000b310 (0xff9ff06f)
core   0: 0x8000b308 (0x00001f17) auipc   t5, 0x1
core   0: 3 0x8000b308 (0x00001f17) x30 0x8000c308
core   0: 0x8000b30c (0xce3f2c23) sw      gp, -776(t5)
core   0: 3 0x8000b30c (0xce3f2c23) mem 0x8000c000 0x00000001
core   0: 0x8000b310 (0xff9ff06f) j       pc - 0x8
core   0: 3 0x8000b310 (0xff9ff06f)
core   0: 0x8000b308 (0x00001f17) auipc   t5, 0x1
core   0: 3 0x8000b308 (0x00001f17) x30 0x8000c308
core   0: 0x8000b30c (0xce3f2c23) sw      gp, -776(t5)
core   0: 3 0x8000b30c (0xce3f2c23) mem 0x8000c000 0x00000001
core   0: 0x8000b310 (0xff9ff06f) j       pc - 0x8
core   0: 3 0x8000b310 (0xff9ff06f)
core   0: 0x8000b308 (0x00001f17) auipc   t5, 0x1
core   0: 3 0x8000b308 (0x00001f17) x30 0x8000c308
core   0: 0x8000b30c (0xce3f2c23) sw      gp, -776(t5)
core   0: 3 0x8000b30c (0xce3f2c23) mem 0x8000c000 0x00000001
core   0: 0x8000b310 (0xff9ff06f) j       pc - 0x8
core   0: 3 0x8000b310 (0xff9ff06f)
core   0: 0x8000b308 (0x00001f17) auipc   t5, 0x1
core   0: 3 0x8000b308 (0x00001f17) x30 0x8000c308
core   0: 0x8000b30c (0xce3f2c23) sw      gp, -776(t5)
core   0: 3 0x8000b30c (0xce3f2c23) mem 0x8000c000 0x00000001
core   0: 0x8000b310 (0xff9ff06f) j       pc - 0x8
core   0: 3 0x8000b310 (0xff9ff06f)
core   0: 0x8000b308 (0x00001f17) auipc   t5, 0x1
core   0: 3 0x8000b308 (0x00001f17) x30 0x8000c308
core   0: 0x8000b30c (0xce3f2c23) sw      gp, -776(t5)
core   0: 3 0x8000b30c (0xce3f2c23) mem 0x8000c000 0x00000001
core   0: 0x8000b310 (0xff9ff06f) j       pc - 0x8
core   0: 3 0x8000b310 (0xff9ff06f)
core   0: 0x8000b308 (0x00001f17) auipc   t5, 0x1
core   0: 3 0x8000b308 (0x00001f17) x30 0x8000c308
core   0: 0x8000b30c (0xce3f2c23) sw      gp, -776(t5)
core   0: 3 0x8000b30c (0xce3f2c23) mem 0x8000c000 0x00000001
core   0: 0x8000b310 (0xff9ff06f) j       pc - 0x8
core   0: 3 0x8000b310 (0xff9ff06f)
core   0: 0x8000b308 (0x00001f17) auipc   t5, 0x1
core   0: 3 0x8000b308 (0x00001f17) x30 0x8000c308
core   0: 0x8000b30c (0xce3f2c23) sw      gp, -776(t5)
core   0: 3 0x8000b30c (0xce3f2c23) mem 0x8000c000 0x00000001
core   0: 0x8000b310 (0xff9ff06f) j       pc - 0x8
core   0: 3 0x8000b310 (0xff9ff06f)
core   0: 0x8000b308 (0x00001f17) auipc   t5, 0x1
core   0: 3 0x8000b308 (0x00001f17) x30 0x8000c308
core   0: 0x8000b30c (0xce3f2c23) sw      gp, -776(t5)
core   0: 3 0x8000b30c (0xce3f2c23) mem 0x8000c000 0x00000001
core   0: 0x8000b310 (0xff9ff06f) j       pc - 0x8
core   0: 3 0x8000b310 (0xff9ff06f)
core   0: 0x8000b308 (0x00001f17) auipc   t5, 0x1
core   0: 3 0x8000b308 (0x00001f17) x30 0x8000c308
core   0: 0x8000b30c (0xce3f2c23) sw      gp, -776(t5)
core   0: 3 0x8000b30c (0xce3f2c23) mem 0x8000c000 0x00000001
core   0: 0x8000b310 (0xff9ff06f) j       pc - 0x8
core   0: 3 0x8000b310 (0xff9ff06f)
core   0: 0x8000b308 (0x00001f17) auipc   t5, 0x1
core   0: 3 0x8000b308 (0x00001f17) x30 0x8000c308
core   0: 0x8000b30c (0xce3f2c23) sw      gp, -776(t5)
core   0: 3 0x8000b30c (0xce3f2c23) mem 0x8000c000 0x00000001
core   0: 0x8000b310 (0xff9ff06f) j       pc - 0x8
core   0: 3 0x8000b310 (0xff9ff06f)
core   0: 0x8000b308 (0x00001f17) auipc   t5, 0x1
core   0: 3 0x8000b308 (0x00001f17) x30 0x8000c308
core   0: 0x8000b30c (0xce3f2c23) sw      gp, -776(t5)
core   0: 3 0x8000b30c (0xce3f2c23) mem 0x8000c000 0x00000001
core   0: 0x8000b310 (0xff9ff06f) j       pc - 0x8
core   0: 3 0x8000b310 (0xff9ff06f)
core   0: 0x8000b308 (0x00001f17) auipc   t5, 0x1
core   0: 3 0x8000b308 (0x00001f17) x30 0x8000c308
core   0: 0x8000b30c (0xce3f2c23) sw      gp, -776(t5)
core   0: 3 0x8000b30c (0xce3f2c23) mem 0x8000c000 0x00000001
core   0: 0x8000b310 (0xff9ff06f) j       pc - 0x8
core   0: 3 0x8000b310 (0xff9ff06f)
core   0: 0x8000b308 (0x00001f17) auipc   t5, 0x1
core   0: 3 0x8000b308 (0x00001f17) x30 0x8000c308
core   0: 0x8000b30c (0xce3f2c23) sw      gp, -776(t5)
core   0: 3 0x8000b30c (0xce3f2c23) mem 0x8000c000 0x00000001
core   0: 0x8000b310 (0xff9ff06f) j       pc - 0x8
core   0: 3 0x8000b310 (0xff9ff06f)
core   0: 0x8000b308 (0x00001f17) auipc   t5, 0x1
core   0: 3 0x8000b308 (0x00001f17) x30 0x8000c308
core   0: 0x8000b30c (0xce3f2c23) sw      gp, -776(t5)
core   0: 3 0x8000b30c (0xce3f2c23) mem 0x8000c000 0x00000001
core   0: 0x8000b310 (0xff9ff06f) j       pc - 0x8
core   0: 3 0x8000b310 (0xff9ff06f)
core   0: 0x8000b308 (0x00001f17) auipc   t5, 0x1
core   0: 3 0x8000b308 (0x00001f17) x30 0x8000c308
core   0: 0x8000b30c (0xce3f2c23) sw      gp, -776(t5)
core   0: 3 0x8000b30c (0xce3f2c23) mem 0x8000c000 0x00000001
core   0: 0x8000b310 (0xff9ff06f) j       pc - 0x8
core   0: 3 0x8000b310 (0xff9ff06f)
core   0: 0x8000b308 (0x00001f17) auipc   t5, 0x1
core   0: 3 0x8000b308 (0x00001f17) x30 0x8000c308
core   0: 0x8000b30c (0xce3f2c23) sw      gp, -776(t5)
core   0: 3 0x8000b30c (0xce3f2c23) mem 0x8000c000 0x00000001
core   0: 0x8000b310 (0xff9ff06f) j       pc - 0x8
core   0: 3 0x8000b310 (0xff9ff06f)
core   0: 0x8000b308 (0x00001f17) auipc   t5, 0x1
core   0: 3 0x8000b308 (0x00001f17) x30 0x8000c308
core   0: 0x8000b30c (0xce3f2c23) sw      gp, -776(t5)
core   0: 3 0x8000b30c (0xce3f2c23) mem 0x8000c000 0x00000001
core   0: 0x8000b310 (0xff9ff06f) j       pc - 0x8
core   0: 3 0x8000b310 (0xff9ff06f)
core   0: 0x8000b308 (0x00001f17) auipc   t5, 0x1
core   0: 3 0x8000b308 (0x00001f17) x30 0x8000c308
core   0: 0x8000b30c (0xce3f2c23) sw      gp, -776(t5)
core   0: 3 0x8000b30c (0xce3f2c23) mem 0x8000c000 0x00000001
core   0: 0x8000b310 (0xff9ff06f) j       pc - 0x8
core   0: 3 0x8000b310 (0xff9ff06f)
core   0: 0x8000b308 (0x00001f17) auipc   t5, 0x1
core   0: 3 0x8000b308 (0x00001f17) x30 0x8000c308
core   0: 0x8000b30c (0xce3f2c23) sw      gp, -776(t5)
core   0: 3 0x8000b30c (0xce3f2c23) mem 0x8000c000 0x00000001
core   0: 0x8000b310 (0xff9ff06f) j       pc - 0x8
core   0: 3 0x8000b310 (0xff9ff06f)
core   0: 0x8000b308 (0x00001f17) auipc   t5, 0x1
core   0: 3 0x8000b308 (0x00001f17) x30 0x8000c308
core   0: 0x8000b30c (0xce3f2c23) sw      gp, -776(t5)
core   0: 3 0x8000b30c (0xce3f2c23) mem 0x8000c000 0x00000001
core   0: 0x8000b310 (0xff9ff06f) j       pc - 0x8
core   0: 3 0x8000b310 (0xff9ff06f)
core   0: 0x8000b308 (0x00001f17) auipc   t5, 0x1
core   0: 3 0x8000b308 (0x00001f17) x30 0x8000c308
core   0: 0x8000b30c (0xce3f2c23) sw      gp, -776(t5)
core   0: 3 0x8000b30c (0xce3f2c23) mem 0x8000c000 0x00000001
core   0: 0x8000b310 (0xff9ff06f) j       pc - 0x8
core   0: 3 0x8000b310 (0xff9ff06f)
core   0: 0x8000b308 (0x00001f17) auipc   t5, 0x1
core   0: 3 0x8000b308 (0x00001f17) x30 0x8000c308
core   0: 0x8000b30c (0xce3f2c23) sw      gp, -776(t5)
core   0: 3 0x8000b30c (0xce3f2c23) mem 0x8000c000 0x00000001
core   0: 0x8000b310 (0xff9ff06f) j       pc - 0x8
core   0: 3 0x8000b310 (0xff9ff06f)
core   0: 0x8000b308 (0x00001f17) auipc   t5, 0x1
core   0: 3 0x8000b308 (0x00001f17) x30 0x8000c308
core   0: 0x8000b30c (0xce3f2c23) sw      gp, -776(t5)
core   0: 3 0x8000b30c (0xce3f2c23) mem 0x8000c000 0x00000001
core   0: 0x8000b310 (0xff9ff06f) j       pc - 0x8
core   0: 3 0x8000b310 (0xff9ff06f)
core   0: 0x8000b308 (0x00001f17) auipc   t5, 0x1
core   0: 3 0x8000b308 (0x00001f17) x30 0x8000c308
core   0: 0x8000b30c (0xce3f2c23) sw      gp, -776(t5)
core   0: 3 0x8000b30c (0xce3f2c23) mem 0x8000c000 0x00000001
core   0: 0x8000b310 (0xff9ff06f) j       pc - 0x8
core   0: 3 0x8000b310 (0xff9ff06f)
core   0: 0x8000b308 (0x00001f17) auipc   t5, 0x1
core   0: 3 0x8000b308 (0x00001f17) x30 0x8000c308
core   0: 0x8000b30c (0xce3f2c23) sw      gp, -776(t5)
core   0: 3 0x8000b30c (0xce3f2c23) mem 0x8000c000 0x00000001
core   0: 0x8000b310 (0xff9ff06f) j       pc - 0x8
core   0: 3 0x8000b310 (0xff9ff06f)
core   0: 0x8000b308 (0x00001f17) auipc   t5, 0x1
core   0: 3 0x8000b308 (0x00001f17) x30 0x8000c308
core   0: 0x8000b30c (0xce3f2c23) sw      gp, -776(t5)
core   0: 3 0x8000b30c (0xce3f2c23) mem 0x8000c000 0x00000001
core   0: 0x8000b310 (0xff9ff06f) j       pc - 0x8
core   0: 3 0x8000b310 (0xff9ff06f)
core   0: 0x8000b308 (0x00001f17) auipc   t5, 0x1
core   0: 3 0x8000b308 (0x00001f17) x30 0x8000c308
core   0: 0x8000b30c (0xce3f2c23) sw      gp, -776(t5)
core   0: 3 0x8000b30c (0xce3f2c23) mem 0x8000c000 0x00000001
core   0: 0x8000b310 (0xff9ff06f) j       pc - 0x8
core   0: 3 0x8000b310 (0xff9ff06f)
core   0: 0x8000b308 (0x00001f17) auipc   t5, 0x1
core   0: 3 0x8000b308 (0x00001f17) x30 0x8000c308
core   0: 0x8000b30c (0xce3f2c23) sw      gp, -776(t5)
core   0: 3 0x8000b30c (0xce3f2c23) mem 0x8000c000 0x00000001
core   0: 0x8000b310 (0xff9ff06f) j       pc - 0x8
core   0: 3 0x8000b310 (0xff9ff06f)
core   0: 0x8000b308 (0x00001f17) auipc   t5, 0x1
core   0: 3 0x8000b308 (0x00001f17) x30 0x8000c308
core   0: 0x8000b30c (0xce3f2c23) sw      gp, -776(t5)
core   0: 3 0x8000b30c (0xce3f2c23) mem 0x8000c000 0x00000001
core   0: 0x8000b310 (0xff9ff06f) j       pc - 0x8
core   0: 3 0x8000b310 (0xff9ff06f)
core   0: 0x8000b308 (0x00001f17) auipc   t5, 0x1
core   0: 3 0x8000b308 (0x00001f17) x30 0x8000c308
core   0: 0x8000b30c (0xce3f2c23) sw      gp, -776(t5)
core   0: 3 0x8000b30c (0xce3f2c23) mem 0x8000c000 0x00000001
core   0: 0x8000b310 (0xff9ff06f) j       pc - 0x8
core   0: 3 0x8000b310 (0xff9ff06f)
core   0: 0x8000b308 (0x00001f17) auipc   t5, 0x1
core   0: 3 0x8000b308 (0x00001f17) x30 0x8000c308
core   0: 0x8000b30c (0xce3f2c23) sw      gp, -776(t5)
core   0: 3 0x8000b30c (0xce3f2c23) mem 0x8000c000 0x00000001
core   0: 0x8000b310 (0xff9ff06f) j       pc - 0x8
core   0: 3 0x8000b310 (0xff9ff06f)
core   0: 0x8000b308 (0x00001f17) auipc   t5, 0x1
core   0: 3 0x8000b308 (0x00001f17) x30 0x8000c308
core   0: 0x8000b30c (0xce3f2c23) sw      gp, -776(t5)
core   0: 3 0x8000b30c (0xce3f2c23) mem 0x8000c000 0x00000001
core   0: 0x8000b310 (0xff9ff06f) j       pc - 0x8
core   0: 3 0x8000b310 (0xff9ff06f)
core   0: 0x8000b308 (0x00001f17) auipc   t5, 0x1
core   0: 3 0x8000b308 (0x00001f17) x30 0x8000c308
core   0: 0x8000b30c (0xce3f2c23) sw      gp, -776(t5)
core   0: 3 0x8000b30c (0xce3f2c23) mem 0x8000c000 0x00000001
core   0: 0x8000b310 (0xff9ff06f) j       pc - 0x8
core   0: 3 0x8000b310 (0xff9ff06f)
core   0: 0x8000b308 (0x00001f17) auipc   t5, 0x1
core   0: 3 0x8000b308 (0x00001f17) x30 0x8000c308
core   0: 0x8000b30c (0xce3f2c23) sw      gp, -776(t5)
core   0: 3 0x8000b30c (0xce3f2c23) mem 0x8000c000 0x00000001
core   0: 0x8000b310 (0xff9ff06f) j       pc - 0x8
core   0: 3 0x8000b310 (0xff9ff06f)
core   0: 0x8000b308 (0x00001f17) auipc   t5, 0x1
core   0: 3 0x8000b308 (0x00001f17) x30 0x8000c308
core   0: 0x8000b30c (0xce3f2c23) sw      gp, -776(t5)
core   0: 3 0x8000b30c (0xce3f2c23) mem 0x8000c000 0x00000001
core   0: 0x8000b310 (0xff9ff06f) j       pc - 0x8
core   0: 3 0x8000b310 (0xff9ff06f)
core   0: 0x8000b308 (0x00001f17) auipc   t5, 0x1
core   0: 3 0x8000b308 (0x00001f17) x30 0x8000c308
core   0: 0x8000b30c (0xce3f2c23) sw      gp, -776(t5)
core   0: 3 0x8000b30c (0xce3f2c23) mem 0x8000c000 0x00000001
core   0: 0x8000b310 (0xff9ff06f) j       pc - 0x8
core   0: 3 0x8000b310 (0xff9ff06f)
core   0: 0x8000b308 (0x00001f17) auipc   t5, 0x1
core   0: 3 0x8000b308 (0x00001f17) x30 0x8000c308
core   0: 0x8000b30c (0xce3f2c23) sw      gp, -776(t5)
core   0: 3 0x8000b30c (0xce3f2c23) mem 0x8000c000 0x00000001
core   0: 0x8000b310 (0xff9ff06f) j       pc - 0x8
core   0: 3 0x8000b310 (0xff9ff06f)
core   0: 0x8000b308 (0x00001f17) auipc   t5, 0x1
core   0: 3 0x8000b308 (0x00001f17) x30 0x8000c308
core   0: 0x8000b30c (0xce3f2c23) sw      gp, -776(t5)
core   0: 3 0x8000b30c (0xce3f2c23) mem 0x8000c000 0x00000001
core   0: 0x8000b310 (0xff9ff06f) j       pc - 0x8
core   0: 3 0x8000b310 (0xff9ff06f)
core   0: 0x8000b308 (0x00001f17) auipc   t5, 0x1
core   0: 3 0x8000b308 (0x00001f17) x30 0x8000c308
core   0: 0x8000b30c (0xce3f2c23) sw      gp, -776(t5)
core   0: 3 0x8000b30c (0xce3f2c23) mem 0x8000c000 0x00000001
core   0: 0x8000b310 (0xff9ff06f) j       pc - 0x8
core   0: 3 0x8000b310 (0xff9ff06f)
core   0: 0x8000b308 (0x00001f17) auipc   t5, 0x1
core   0: 3 0x8000b308 (0x00001f17) x30 0x8000c308
core   0: 0x8000b30c (0xce3f2c23) sw      gp, -776(t5)
core   0: 3 0x8000b30c (0xce3f2c23) mem 0x8000c000 0x00000001
core   0: 0x8000b310 (0xff9ff06f) j       pc - 0x8
core   0: 3 0x8000b310 (0xff9ff06f)
core   0: 0x8000b308 (0x00001f17) auipc   t5, 0x1
core   0: 3 0x8000b308 (0x00001f17) x30 0x8000c308
core   0: 0x8000b30c (0xce3f2c23) sw      gp, -776(t5)
core   0: 3 0x8000b30c (0xce3f2c23) mem 0x8000c000 0x00000001
core   0: 0x8000b310 (0xff9ff06f) j       pc - 0x8
core   0: 3 0x8000b310 (0xff9ff06f)
core   0: 0x8000b308 (0x00001f17) auipc   t5, 0x1
core   0: 3 0x8000b308 (0x00001f17) x30 0x8000c308
core   0: 0x8000b30c (0xce3f2c23) sw      gp, -776(t5)
core   0: 3 0x8000b30c (0xce3f2c23) mem 0x8000c000 0x00000001
core   0: 0x8000b310 (0xff9ff06f) j       pc - 0x8
core   0: 3 0x8000b310 (0xff9ff06f)
core   0: 0x8000b308 (0x00001f17) auipc   t5, 0x1
core   0: 3 0x8000b308 (0x00001f17) x30 0x8000c308
core   0: 0x8000b30c (0xce3f2c23) sw      gp, -776(t5)
core   0: 3 0x8000b30c (0xce3f2c23) mem 0x8000c000 0x00000001
core   0: 0x8000b310 (0xff9ff06f) j       pc - 0x8
core   0: 3 0x8000b310 (0xff9ff06f)
core   0: 0x8000b308 (0x00001f17) auipc   t5, 0x1
core   0: 3 0x8000b308 (0x00001f17) x30 0x8000c308
core   0: 0x8000b30c (0xce3f2c23) sw      gp, -776(t5)
core   0: 3 0x8000b30c (0xce3f2c23) mem 0x8000c000 0x00000001
core   0: 0x8000b310 (0xff9ff06f) j       pc - 0x8
core   0: 3 0x8000b310 (0xff9ff06f)
core   0: 0x8000b308 (0x00001f17) auipc   t5, 0x1
core   0: 3 0x8000b308 (0x00001f17) x30 0x8000c308
core   0: 0x8000b30c (0xce3f2c23) sw      gp, -776(t5)
core   0: 3 0x8000b30c (0xce3f2c23) mem 0x8000c000 0x00000001
core   0: 0x8000b310 (0xff9ff06f) j       pc - 0x8
core   0: 3 0x8000b310 (0xff9ff06f)
core   0: 0x8000b308 (0x00001f17) auipc   t5, 0x1
core   0: 3 0x8000b308 (0x00001f17) x30 0x8000c308
core   0: 0x8000b30c (0xce3f2c23) sw      gp, -776(t5)
core   0: 3 0x8000b30c (0xce3f2c23) mem 0x8000c000 0x00000001
core   0: 0x8000b310 (0xff9ff06f) j       pc - 0x8
core   0: 3 0x8000b310 (0xff9ff06f)
core   0: 0x8000b308 (0x00001f17) auipc   t5, 0x1
core   0: 3 0x8000b308 (0x00001f17) x30 0x8000c308
core   0: 0x8000b30c (0xce3f2c23) sw      gp, -776(t5)
core   0: 3 0x8000b30c (0xce3f2c23) mem 0x8000c000 0x00000001
core   0: 0x8000b310 (0xff9ff06f) j       pc - 0x8
core   0: 3 0x8000b310 (0xff9ff06f)
core   0: 0x8000b308 (0x00001f17) auipc   t5, 0x1
core   0: 3 0x8000b308 (0x00001f17) x30 0x8000c308
core   0: 0x8000b30c (0xce3f2c23) sw      gp, -776(t5)
core   0: 3 0x8000b30c (0xce3f2c23) mem 0x8000c000 0x00000001
core   0: 0x8000b310 (0xff9ff06f) j       pc - 0x8
core   0: 3 0x8000b310 (0xff9ff06f)
core   0: 0x8000b308 (0x00001f17) auipc   t5, 0x1
core   0: 3 0x8000b308 (0x00001f17) x30 0x8000c308
core   0: 0x8000b30c (0xce3f2c23) sw      gp, -776(t5)
core   0: 3 0x8000b30c (0xce3f2c23) mem 0x8000c000 0x00000001
core   0: 0x8000b310 (0xff9ff06f) j       pc - 0x8
core   0: 3 0x8000b310 (0xff9ff06f)
core   0: 0x8000b308 (0x00001f17) auipc   t5, 0x1
core   0: 3 0x8000b308 (0x00001f17) x30 0x8000c308
core   0: 0x8000b30c (0xce3f2c23) sw      gp, -776(t5)
core   0: 3 0x8000b30c (0xce3f2c23) mem 0x8000c000 0x00000001
core   0: 0x8000b310 (0xff9ff06f) j       pc - 0x8
core   0: 3 0x8000b310 (0xff9ff06f)
core   0: 0x8000b308 (0x00001f17) auipc   t5, 0x1
core   0: 3 0x8000b308 (0x00001f17) x30 0x8000c308
core   0: 0x8000b30c (0xce3f2c23) sw      gp, -776(t5)
core   0: 3 0x8000b30c (0xce3f2c23) mem 0x8000c000 0x00000001
core   0: 0x8000b310 (0xff9ff06f) j       pc - 0x8
core   0: 3 0x8000b310 (0xff9ff06f)
core   0: 0x8000b308 (0x00001f17) auipc   t5, 0x1
core   0: 3 0x8000b308 (0x00001f17) x30 0x8000c308
core   0: 0x8000b30c (0xce3f2c23) sw      gp, -776(t5)
core   0: 3 0x8000b30c (0xce3f2c23) mem 0x8000c000 0x00000001
core   0: 0x8000b310 (0xff9ff06f) j       pc - 0x8
core   0: 3 0x8000b310 (0xff9ff06f)
core   0: 0x8000b308 (0x00001f17) auipc   t5, 0x1
core   0: 3 0x8000b308 (0x00001f17) x30 0x8000c308
core   0: 0x8000b30c (0xce3f2c23) sw      gp, -776(t5)
core   0: 3 0x8000b30c (0xce3f2c23) mem 0x8000c000 0x00000001
core   0: 0x8000b310 (0xff9ff06f) j       pc - 0x8
core   0: 3 0x8000b310 (0xff9ff06f)
core   0: 0x8000b308 (0x00001f17) auipc   t5, 0x1
core   0: 3 0x8000b308 (0x00001f17) x30 0x8000c308
core   0: 0x8000b30c (0xce3f2c23) sw      gp, -776(t5)
core   0: 3 0x8000b30c (0xce3f2c23) mem 0x8000c000 0x00000001
core   0: 0x8000b310 (0xff9ff06f) j       pc - 0x8
core   0: 3 0x8000b310 (0xff9ff06f)
core   0: 0x8000b308 (0x00001f17) auipc   t5, 0x1
core   0: 3 0x8000b308 (0x00001f17) x30 0x8000c308
core   0: 0x8000b30c (0xce3f2c23) sw      gp, -776(t5)
core   0: 3 0x8000b30c (0xce3f2c23) mem 0x8000c000 0x00000001
core   0: 0x8000b310 (0xff9ff06f) j       pc - 0x8
core   0: 3 0x8000b310 (0xff9ff06f)
core   0: 0x8000b308 (0x00001f17) auipc   t5, 0x1
core   0: 3 0x8000b308 (0x00001f17) x30 0x8000c308
core   0: 0x8000b30c (0xce3f2c23) sw      gp, -776(t5)
core   0: 3 0x8000b30c (0xce3f2c23) mem 0x8000c000 0x00000001
core   0: 0x8000b310 (0xff9ff06f) j       pc - 0x8
core   0: 3 0x8000b310 (0xff9ff06f)
core   0: 0x8000b308 (0x00001f17) auipc   t5, 0x1
core   0: 3 0x8000b308 (0x00001f17) x30 0x8000c308
core   0: 0x8000b30c (0xce3f2c23) sw      gp, -776(t5)
core   0: 3 0x8000b30c (0xce3f2c23) mem 0x8000c000 0x00000001
core   0: 0x8000b310 (0xff9ff06f) j       pc - 0x8
core   0: 3 0x8000b310 (0xff9ff06f)
core   0: 0x8000b308 (0x00001f17) auipc   t5, 0x1
core   0: 3 0x8000b308 (0x00001f17) x30 0x8000c308
core   0: 0x8000b30c (0xce3f2c23) sw      gp, -776(t5)
core   0: 3 0x8000b30c (0xce3f2c23) mem 0x8000c000 0x00000001
core   0: 0x8000b310 (0xff9ff06f) j       pc - 0x8
core   0: 3 0x8000b310 (0xff9ff06f)
core   0: 0x8000b308 (0x00001f17) auipc   t5, 0x1
core   0: 3 0x8000b308 (0x00001f17) x30 0x8000c308
core   0: 0x8000b30c (0xce3f2c23) sw      gp, -776(t5)
core   0: 3 0x8000b30c (0xce3f2c23) mem 0x8000c000 0x00000001
core   0: 0x8000b310 (0xff9ff06f) j       pc - 0x8
core   0: 3 0x8000b310 (0xff9ff06f)
core   0: 0x8000b308 (0x00001f17) auipc   t5, 0x1
core   0: 3 0x8000b308 (0x00001f17) x30 0x8000c308
core   0: 0x8000b30c (0xce3f2c23) sw      gp, -776(t5)
core   0: 3 0x8000b30c (0xce3f2c23) mem 0x8000c000 0x00000001
core   0: 0x8000b310 (0xff9ff06f) j       pc - 0x8
core   0: 3 0x8000b310 (0xff9ff06f)
core   0: 0x8000b308 (0x00001f17) auipc   t5, 0x1
core   0: 3 0x8000b308 (0x00001f17) x30 0x8000c308
core   0: 0x8000b30c (0xce3f2c23) sw      gp, -776(t5)
core   0: 3 0x8000b30c (0xce3f2c23) mem 0x8000c000 0x00000001
core   0: 0x8000b310 (0xff9ff06f) j       pc - 0x8
core   0: 3 0x8000b310 (0xff9ff06f)
core   0: 0x8000b308 (0x00001f17) auipc   t5, 0x1
core   0: 3 0x8000b308 (0x00001f17) x30 0x8000c308
core   0: 0x8000b30c (0xce3f2c23) sw      gp, -776(t5)
core   0: 3 0x8000b30c (0xce3f2c23) mem 0x8000c000 0x00000001
core   0: 0x8000b310 (0xff9ff06f) j       pc - 0x8
core   0: 3 0x8000b310 (0xff9ff06f)
core   0: 0x8000b308 (0x00001f17) auipc   t5, 0x1
core   0: 3 0x8000b308 (0x00001f17) x30 0x8000c308
core   0: 0x8000b30c (0xce3f2c23) sw      gp, -776(t5)
core   0: 3 0x8000b30c (0xce3f2c23) mem 0x8000c000 0x00000001
core   0: 0x8000b310 (0xff9ff06f) j       pc - 0x8
core   0: 3 0x8000b310 (0xff9ff06f)
core   0: 0x8000b308 (0x00001f17) auipc   t5, 0x1
core   0: 3 0x8000b308 (0x00001f17) x30 0x8000c308
core   0: 0x8000b30c (0xce3f2c23) sw      gp, -776(t5)
core   0: 3 0x8000b30c (0xce3f2c23) mem 0x8000c000 0x00000001
core   0: 0x8000b310 (0xff9ff06f) j       pc - 0x8
core   0: 3 0x8000b310 (0xff9ff06f)
core   0: 0x8000b308 (0x00001f17) auipc   t5, 0x1
core   0: 3 0x8000b308 (0x00001f17) x30 0x8000c308
core   0: 0x8000b30c (0xce3f2c23) sw      gp, -776(t5)
core   0: 3 0x8000b30c (0xce3f2c23) mem 0x8000c000 0x00000001
core   0: 0x8000b310 (0xff9ff06f) j       pc - 0x8
core   0: 3 0x8000b310 (0xff9ff06f)
core   0: 0x8000b308 (0x00001f17) auipc   t5, 0x1
core   0: 3 0x8000b308 (0x00001f17) x30 0x8000c308
core   0: 0x8000b30c (0xce3f2c23) sw      gp, -776(t5)
core   0: 3 0x8000b30c (0xce3f2c23) mem 0x8000c000 0x00000001
core   0: 0x8000b310 (0xff9ff06f) j       pc - 0x8
core   0: 3 0x8000b310 (0xff9ff06f)
core   0: 0x8000b308 (0x00001f17) auipc   t5, 0x1
core   0: 3 0x8000b308 (0x00001f17) x30 0x8000c308
core   0: 0x8000b30c (0xce3f2c23) sw      gp, -776(t5)
core   0: 3 0x8000b30c (0xce3f2c23) mem 0x8000c000 0x00000001
core   0: 0x8000b310 (0xff9ff06f) j       pc - 0x8
core   0: 3 0x8000b310 (0xff9ff06f)
core   0: 0x8000b308 (0x00001f17) auipc   t5, 0x1
core   0: 3 0x8000b308 (0x00001f17) x30 0x8000c308
core   0: 0x8000b30c (0xce3f2c23) sw      gp, -776(t5)
core   0: 3 0x8000b30c (0xce3f2c23) mem 0x8000c000 0x00000001
core   0: 0x8000b310 (0xff9ff06f) j       pc - 0x8
core   0: 3 0x8000b310 (0xff9ff06f)
core   0: 0x8000b308 (0x00001f17) auipc   t5, 0x1
core   0: 3 0x8000b308 (0x00001f17) x30 0x8000c308
core   0: 0x8000b30c (0xce3f2c23) sw      gp, -776(t5)
core   0: 3 0x8000b30c (0xce3f2c23) mem 0x8000c000 0x00000001
core   0: 0x8000b310 (0xff9ff06f) j       pc - 0x8
core   0: 3 0x8000b310 (0xff9ff06f)
core   0: 0x8000b308 (0x00001f17) auipc   t5, 0x1
core   0: 3 0x8000b308 (0x00001f17) x30 0x8000c308
core   0: 0x8000b30c (0xce3f2c23) sw      gp, -776(t5)
core   0: 3 0x8000b30c (0xce3f2c23) mem 0x8000c000 0x00000001
core   0: 0x8000b310 (0xff9ff06f) j       pc - 0x8
core   0: 3 0x8000b310 (0xff9ff06f)
core   0: 0x8000b308 (0x00001f17) auipc   t5, 0x1
core   0: 3 0x8000b308 (0x00001f17) x30 0x8000c308
core   0: 0x8000b30c (0xce3f2c23) sw      gp, -776(t5)
core   0: 3 0x8000b30c (0xce3f2c23) mem 0x8000c000 0x00000001
core   0: 0x8000b310 (0xff9ff06f) j       pc - 0x8
core   0: 3 0x8000b310 (0xff9ff06f)
core   0: 0x8000b308 (0x00001f17) auipc   t5, 0x1
core   0: 3 0x8000b308 (0x00001f17) x30 0x8000c308
core   0: 0x8000b30c (0xce3f2c23) sw      gp, -776(t5)
core   0: 3 0x8000b30c (0xce3f2c23) mem 0x8000c000 0x00000001
core   0: 0x8000b310 (0xff9ff06f) j       pc - 0x8
core   0: 3 0x8000b310 (0xff9ff06f)
core   0: 0x8000b308 (0x00001f17) auipc   t5, 0x1
core   0: 3 0x8000b308 (0x00001f17) x30 0x8000c308
core   0: 0x8000b30c (0xce3f2c23) sw      gp, -776(t5)
core   0: 3 0x8000b30c (0xce3f2c23) mem 0x8000c000 0x00000001
core   0: 0x8000b310 (0xff9ff06f) j       pc - 0x8
core   0: 3 0x8000b310 (0xff9ff06f)
core   0: 0x8000b308 (0x00001f17) auipc   t5, 0x1
core   0: 3 0x8000b308 (0x00001f17) x30 0x8000c308
core   0: 0x8000b30c (0xce3f2c23) sw      gp, -776(t5)
core   0: 3 0x8000b30c (0xce3f2c23) mem 0x8000c000 0x00000001
core   0: 0x8000b310 (0xff9ff06f) j       pc - 0x8
core   0: 3 0x8000b310 (0xff9ff06f)
core   0: 0x8000b308 (0x00001f17) auipc   t5, 0x1
core   0: 3 0x8000b308 (0x00001f17) x30 0x8000c308
core   0: 0x8000b30c (0xce3f2c23) sw      gp, -776(t5)
core   0: 3 0x8000b30c (0xce3f2c23) mem 0x8000c000 0x00000001
core   0: 0x8000b310 (0xff9ff06f) j       pc - 0x8
core   0: 3 0x8000b310 (0xff9ff06f)
core   0: 0x8000b308 (0x00001f17) auipc   t5, 0x1
core   0: 3 0x8000b308 (0x00001f17) x30 0x8000c308
core   0: 0x8000b30c (0xce3f2c23) sw      gp, -776(t5)
core   0: 3 0x8000b30c (0xce3f2c23) mem 0x8000c000 0x00000001
core   0: 0x8000b310 (0xff9ff06f) j       pc - 0x8
core   0: 3 0x8000b310 (0xff9ff06f)
core   0: 0x8000b308 (0x00001f17) auipc   t5, 0x1
core   0: 3 0x8000b308 (0x00001f17) x30 0x8000c308
core   0: 0x8000b30c (0xce3f2c23) sw      gp, -776(t5)
core   0: 3 0x8000b30c (0xce3f2c23) mem 0x8000c000 0x00000001
core   0: 0x8000b310 (0xff9ff06f) j       pc - 0x8
core   0: 3 0x8000b310 (0xff9ff06f)
core   0: 0x8000b308 (0x00001f17) auipc   t5, 0x1
core   0: 3 0x8000b308 (0x00001f17) x30 0x8000c308
core   0: 0x8000b30c (0xce3f2c23) sw      gp, -776(t5)
core   0: 3 0x8000b30c (0xce3f2c23) mem 0x8000c000 0x00000001
core   0: 0x8000b310 (0xff9ff06f) j       pc - 0x8
core   0: 3 0x8000b310 (0xff9ff06f)
core   0: 0x8000b308 (0x00001f17) auipc   t5, 0x1
core   0: 3 0x8000b308 (0x00001f17) x30 0x8000c308
core   0: 0x8000b30c (0xce3f2c23) sw      gp, -776(t5)
core   0: 3 0x8000b30c (0xce3f2c23) mem 0x8000c000 0x00000001
core   0: 0x8000b310 (0xff9ff06f) j       pc - 0x8
core   0: 3 0x8000b310 (0xff9ff06f)
core   0: 0x8000b308 (0x00001f17) auipc   t5, 0x1
core   0: 3 0x8000b308 (0x00001f17) x30 0x8000c308
core   0: 0x8000b30c (0xce3f2c23) sw      gp, -776(t5)
core   0: 3 0x8000b30c (0xce3f2c23) mem 0x8000c000 0x00000001
core   0: 0x8000b310 (0xff9ff06f) j       pc - 0x8
core   0: 3 0x8000b310 (0xff9ff06f)
core   0: 0x8000b308 (0x00001f17) auipc   t5, 0x1
core   0: 3 0x8000b308 (0x00001f17) x30 0x8000c308
core   0: 0x8000b30c (0xce3f2c23) sw      gp, -776(t5)
core   0: 3 0x8000b30c (0xce3f2c23) mem 0x8000c000 0x00000001
core   0: 0x8000b310 (0xff9ff06f) j       pc - 0x8
core   0: 3 0x8000b310 (0xff9ff06f)
core   0: 0x8000b308 (0x00001f17) auipc   t5, 0x1
core   0: 3 0x8000b308 (0x00001f17) x30 0x8000c308
core   0: 0x8000b30c (0xce3f2c23) sw      gp, -776(t5)
core   0: 3 0x8000b30c (0xce3f2c23) mem 0x8000c000 0x00000001
core   0: 0x8000b310 (0xff9ff06f) j       pc - 0x8
core   0: 3 0x8000b310 (0xff9ff06f)
core   0: 0x8000b308 (0x00001f17) auipc   t5, 0x1
core   0: 3 0x8000b308 (0x00001f17) x30 0x8000c308
core   0: 0x8000b30c (0xce3f2c23) sw      gp, -776(t5)
core   0: 3 0x8000b30c (0xce3f2c23) mem 0x8000c000 0x00000001
core   0: 0x8000b310 (0xff9ff06f) j       pc - 0x8
core   0: 3 0x8000b310 (0xff9ff06f)
core   0: 0x8000b308 (0x00001f17) auipc   t5, 0x1
core   0: 3 0x8000b308 (0x00001f17) x30 0x8000c308
core   0: 0x8000b30c (0xce3f2c23) sw      gp, -776(t5)
core   0: 3 0x8000b30c (0xce3f2c23) mem 0x8000c000 0x00000001
core   0: 0x8000b310 (0xff9ff06f) j       pc - 0x8
core   0: 3 0x8000b310 (0xff9ff06f)
core   0: 0x8000b308 (0x00001f17) auipc   t5, 0x1
core   0: 3 0x8000b308 (0x00001f17) x30 0x8000c308
core   0: 0x8000b30c (0xce3f2c23) sw      gp, -776(t5)
core   0: 3 0x8000b30c (0xce3f2c23) mem 0x8000c000 0x00000001
core   0: 0x8000b310 (0xff9ff06f) j       pc - 0x8
core   0: 3 0x8000b310 (0xff9ff06f)
core   0: 0x8000b308 (0x00001f17) auipc   t5, 0x1
core   0: 3 0x8000b308 (0x00001f17) x30 0x8000c308
core   0: 0x8000b30c (0xce3f2c23) sw      gp, -776(t5)
core   0: 3 0x8000b30c (0xce3f2c23) mem 0x8000c000 0x00000001
core   0: 0x8000b310 (0xff9ff06f) j       pc - 0x8
core   0: 3 0x8000b310 (0xff9ff06f)
core   0: 0x8000b308 (0x00001f17) auipc   t5, 0x1
core   0: 3 0x8000b308 (0x00001f17) x30 0x8000c308
core   0: 0x8000b30c (0xce3f2c23) sw      gp, -776(t5)
core   0: 3 0x8000b30c (0xce3f2c23) mem 0x8000c000 0x00000001
core   0: 0x8000b310 (0xff9ff06f) j       pc - 0x8
core   0: 3 0x8000b310 (0xff9ff06f)
core   0: 0x8000b308 (0x00001f17) auipc   t5, 0x1
core   0: 3 0x8000b308 (0x00001f17) x30 0x8000c308
core   0: 0x8000b30c (0xce3f2c23) sw      gp, -776(t5)
core   0: 3 0x8000b30c (0xce3f2c23) mem 0x8000c000 0x00000001
core   0: 0x8000b310 (0xff9ff06f) j       pc - 0x8
core   0: 3 0x8000b310 (0xff9ff06f)
core   0: 0x8000b308 (0x00001f17) auipc   t5, 0x1
core   0: 3 0x8000b308 (0x00001f17) x30 0x8000c308
core   0: 0x8000b30c (0xce3f2c23) sw      gp, -776(t5)
core   0: 3 0x8000b30c (0xce3f2c23) mem 0x8000c000 0x00000001
core   0: 0x8000b310 (0xff9ff06f) j       pc - 0x8
core   0: 3 0x8000b310 (0xff9ff06f)
core   0: 0x8000b308 (0x00001f17) auipc   t5, 0x1
core   0: 3 0x8000b308 (0x00001f17) x30 0x8000c308
core   0: 0x8000b30c (0xce3f2c23) sw      gp, -776(t5)
core   0: 3 0x8000b30c (0xce3f2c23) mem 0x8000c000 0x00000001
core   0: 0x8000b310 (0xff9ff06f) j       pc - 0x8
core   0: 3 0x8000b310 (0xff9ff06f)
core   0: 0x8000b308 (0x00001f17) auipc   t5, 0x1
core   0: 3 0x8000b308 (0x00001f17) x30 0x8000c308
core   0: 0x8000b30c (0xce3f2c23) sw      gp, -776(t5)
core   0: 3 0x8000b30c (0xce3f2c23) mem 0x8000c000 0x00000001
core   0: 0x8000b310 (0xff9ff06f) j       pc - 0x8
core   0: 3 0x8000b310 (0xff9ff06f)
core   0: 0x8000b308 (0x00001f17) auipc   t5, 0x1
core   0: 3 0x8000b308 (0x00001f17) x30 0x8000c308
core   0: 0x8000b30c (0xce3f2c23) sw      gp, -776(t5)
core   0: 3 0x8000b30c (0xce3f2c23) mem 0x8000c000 0x00000001
core   0: 0x8000b310 (0xff9ff06f) j       pc - 0x8
core   0: 3 0x8000b310 (0xff9ff06f)
core   0: 0x8000b308 (0x00001f17) auipc   t5, 0x1
core   0: 3 0x8000b308 (0x00001f17) x30 0x8000c308
core   0: 0x8000b30c (0xce3f2c23) sw      gp, -776(t5)
core   0: 3 0x8000b30c (0xce3f2c23) mem 0x8000c000 0x00000001
core   0: 0x8000b310 (0xff9ff06f) j       pc - 0x8
core   0: 3 0x8000b310 (0xff9ff06f)
core   0: 0x8000b308 (0x00001f17) auipc   t5, 0x1
core   0: 3 0x8000b308 (0x00001f17) x30 0x8000c308
core   0: 0x8000b30c (0xce3f2c23) sw      gp, -776(t5)
core   0: 3 0x8000b30c (0xce3f2c23) mem 0x8000c000 0x00000001
core   0: 0x8000b310 (0xff9ff06f) j       pc - 0x8
core   0: 3 0x8000b310 (0xff9ff06f)
core   0: 0x8000b308 (0x00001f17) auipc   t5, 0x1
core   0: 3 0x8000b308 (0x00001f17) x30 0x8000c308
core   0: 0x8000b30c (0xce3f2c23) sw      gp, -776(t5)
core   0: 3 0x8000b30c (0xce3f2c23) mem 0x8000c000 0x00000001
core   0: 0x8000b310 (0xff9ff06f) j       pc - 0x8
core   0: 3 0x8000b310 (0xff9ff06f)
core   0: 0x8000b308 (0x00001f17) auipc   t5, 0x1
core   0: 3 0x8000b308 (0x00001f17) x30 0x8000c308
core   0: 0x8000b30c (0xce3f2c23) sw      gp, -776(t5)
core   0: 3 0x8000b30c (0xce3f2c23) mem 0x8000c000 0x00000001
core   0: 0x8000b310 (0xff9ff06f) j       pc - 0x8
core   0: 3 0x8000b310 (0xff9ff06f)
core   0: 0x8000b308 (0x00001f17) auipc   t5, 0x1
core   0: 3 0x8000b308 (0x00001f17) x30 0x8000c308
core   0: 0x8000b30c (0xce3f2c23) sw      gp, -776(t5)
core   0: 3 0x8000b30c (0xce3f2c23) mem 0x8000c000 0x00000001
core   0: 0x8000b310 (0xff9ff06f) j       pc - 0x8
core   0: 3 0x8000b310 (0xff9ff06f)
core   0: 0x8000b308 (0x00001f17) auipc   t5, 0x1
core   0: 3 0x8000b308 (0x00001f17) x30 0x8000c308
core   0: 0x8000b30c (0xce3f2c23) sw      gp, -776(t5)
core   0: 3 0x8000b30c (0xce3f2c23) mem 0x8000c000 0x00000001
core   0: 0x8000b310 (0xff9ff06f) j       pc - 0x8
core   0: 3 0x8000b310 (0xff9ff06f)
core   0: 0x8000b308 (0x00001f17) auipc   t5, 0x1
core   0: 3 0x8000b308 (0x00001f17) x30 0x8000c308
core   0: 0x8000b30c (0xce3f2c23) sw      gp, -776(t5)
core   0: 3 0x8000b30c (0xce3f2c23) mem 0x8000c000 0x00000001
core   0: 0x8000b310 (0xff9ff06f) j       pc - 0x8
core   0: 3 0x8000b310 (0xff9ff06f)
core   0: 0x8000b308 (0x00001f17) auipc   t5, 0x1
core   0: 3 0x8000b308 (0x00001f17) x30 0x8000c308
core   0: 0x8000b30c (0xce3f2c23) sw      gp, -776(t5)
core   0: 3 0x8000b30c (0xce3f2c23) mem 0x8000c000 0x00000001
core   0: 0x8000b310 (0xff9ff06f) j       pc - 0x8
core   0: 3 0x8000b310 (0xff9ff06f)
core   0: 0x8000b308 (0x00001f17) auipc   t5, 0x1
core   0: 3 0x8000b308 (0x00001f17) x30 0x8000c308
core   0: 0x8000b30c (0xce3f2c23) sw      gp, -776(t5)
core   0: 3 0x8000b30c (0xce3f2c23) mem 0x8000c000 0x00000001
core   0: 0x8000b310 (0xff9ff06f) j       pc - 0x8
core   0: 3 0x8000b310 (0xff9ff06f)
core   0: 0x8000b308 (0x00001f17) auipc   t5, 0x1
core   0: 3 0x8000b308 (0x00001f17) x30 0x8000c308
core   0: 0x8000b30c (0xce3f2c23) sw      gp, -776(t5)
core   0: 3 0x8000b30c (0xce3f2c23) mem 0x8000c000 0x00000001
core   0: 0x8000b310 (0xff9ff06f) j       pc - 0x8
core   0: 3 0x8000b310 (0xff9ff06f)
core   0: 0x8000b308 (0x00001f17) auipc   t5, 0x1
core   0: 3 0x8000b308 (0x00001f17) x30 0x8000c308
core   0: 0x8000b30c (0xce3f2c23) sw      gp, -776(t5)
core   0: 3 0x8000b30c (0xce3f2c23) mem 0x8000c000 0x00000001
core   0: 0x8000b310 (0xff9ff06f) j       pc - 0x8
core   0: 3 0x8000b310 (0xff9ff06f)
core   0: 0x8000b308 (0x00001f17) auipc   t5, 0x1
core   0: 3 0x8000b308 (0x00001f17) x30 0x8000c308
core   0: 0x8000b30c (0xce3f2c23) sw      gp, -776(t5)
core   0: 3 0x8000b30c (0xce3f2c23) mem 0x8000c000 0x00000001
core   0: 0x8000b310 (0xff9ff06f) j       pc - 0x8
core   0: 3 0x8000b310 (0xff9ff06f)
core   0: 0x8000b308 (0x00001f17) auipc   t5, 0x1
core   0: 3 0x8000b308 (0x00001f17) x30 0x8000c308
core   0: 0x8000b30c (0xce3f2c23) sw      gp, -776(t5)
core   0: 3 0x8000b30c (0xce3f2c23) mem 0x8000c000 0x00000001
core   0: 0x8000b310 (0xff9ff06f) j       pc - 0x8
core   0: 3 0x8000b310 (0xff9ff06f)
core   0: 0x8000b308 (0x00001f17) auipc   t5, 0x1
core   0: 3 0x8000b308 (0x00001f17) x30 0x8000c308
core   0: 0x8000b30c (0xce3f2c23) sw      gp, -776(t5)
core   0: 3 0x8000b30c (0xce3f2c23) mem 0x8000c000 0x00000001
core   0: 0x8000b310 (0xff9ff06f) j       pc - 0x8
core   0: 3 0x8000b310 (0xff9ff06f)
core   0: 0x8000b308 (0x00001f17) auipc   t5, 0x1
core   0: 3 0x8000b308 (0x00001f17) x30 0x8000c308
core   0: 0x8000b30c (0xce3f2c23) sw      gp, -776(t5)
core   0: 3 0x8000b30c (0xce3f2c23) mem 0x8000c000 0x00000001
core   0: 0x8000b310 (0xff9ff06f) j       pc - 0x8
core   0: 3 0x8000b310 (0xff9ff06f)
core   0: 0x8000b308 (0x00001f17) auipc   t5, 0x1
core   0: 3 0x8000b308 (0x00001f17) x30 0x8000c308
core   0: 0x8000b30c (0xce3f2c23) sw      gp, -776(t5)
core   0: 3 0x8000b30c (0xce3f2c23) mem 0x8000c000 0x00000001
core   0: 0x8000b310 (0xff9ff06f) j       pc - 0x8
core   0: 3 0x8000b310 (0xff9ff06f)
core   0: 0x8000b308 (0x00001f17) auipc   t5, 0x1
core   0: 3 0x8000b308 (0x00001f17) x30 0x8000c308
core   0: 0x8000b30c (0xce3f2c23) sw      gp, -776(t5)
core   0: 3 0x8000b30c (0xce3f2c23) mem 0x8000c000 0x00000001
core   0: 0x8000b310 (0xff9ff06f) j       pc - 0x8
core   0: 3 0x8000b310 (0xff9ff06f)
core   0: 0x8000b308 (0x00001f17) auipc   t5, 0x1
core   0: 3 0x8000b308 (0x00001f17) x30 0x8000c308
core   0: 0x8000b30c (0xce3f2c23) sw      gp, -776(t5)
core   0: 3 0x8000b30c (0xce3f2c23) mem 0x8000c000 0x00000001
core   0: 0x8000b310 (0xff9ff06f) j       pc - 0x8
core   0: 3 0x8000b310 (0xff9ff06f)
core   0: 0x8000b308 (0x00001f17) auipc   t5, 0x1
core   0: 3 0x8000b308 (0x00001f17) x30 0x8000c308
core   0: 0x8000b30c (0xce3f2c23) sw      gp, -776(t5)
core   0: 3 0x8000b30c (0xce3f2c23) mem 0x8000c000 0x00000001
core   0: 0x8000b310 (0xff9ff06f) j       pc - 0x8
core   0: 3 0x8000b310 (0xff9ff06f)
core   0: 0x8000b308 (0x00001f17) auipc   t5, 0x1
core   0: 3 0x8000b308 (0x00001f17) x30 0x8000c308
core   0: 0x8000b30c (0xce3f2c23) sw      gp, -776(t5)
core   0: 3 0x8000b30c (0xce3f2c23) mem 0x8000c000 0x00000001
core   0: 0x8000b310 (0xff9ff06f) j       pc - 0x8
core   0: 3 0x8000b310 (0xff9ff06f)
core   0: 0x8000b308 (0x00001f17) auipc   t5, 0x1
core   0: 3 0x8000b308 (0x00001f17) x30 0x8000c308
core   0: 0x8000b30c (0xce3f2c23) sw      gp, -776(t5)
core   0: 3 0x8000b30c (0xce3f2c23) mem 0x8000c000 0x00000001
core   0: 0x8000b310 (0xff9ff06f) j       pc - 0x8
core   0: 3 0x8000b310 (0xff9ff06f)
core   0: 0x8000b308 (0x00001f17) auipc   t5, 0x1
core   0: 3 0x8000b308 (0x00001f17) x30 0x8000c308
core   0: 0x8000b30c (0xce3f2c23) sw      gp, -776(t5)
core   0: 3 0x8000b30c (0xce3f2c23) mem 0x8000c000 0x00000001
core   0: 0x8000b310 (0xff9ff06f) j       pc - 0x8
core   0: 3 0x8000b310 (0xff9ff06f)
core   0: 0x8000b308 (0x00001f17) auipc   t5, 0x1
core   0: 3 0x8000b308 (0x00001f17) x30 0x8000c308
core   0: 0x8000b30c (0xce3f2c23) sw      gp, -776(t5)
core   0: 3 0x8000b30c (0xce3f2c23) mem 0x8000c000 0x00000001
core   0: 0x8000b310 (0xff9ff06f) j       pc - 0x8
core   0: 3 0x8000b310 (0xff9ff06f)
core   0: 0x8000b308 (0x00001f17) auipc   t5, 0x1
core   0: 3 0x8000b308 (0x00001f17) x30 0x8000c308
core   0: 0x8000b30c (0xce3f2c23) sw      gp, -776(t5)
core   0: 3 0x8000b30c (0xce3f2c23) mem 0x8000c000 0x00000001
core   0: 0x8000b310 (0xff9ff06f) j       pc - 0x8
core   0: 3 0x8000b310 (0xff9ff06f)
core   0: 0x8000b308 (0x00001f17) auipc   t5, 0x1
core   0: 3 0x8000b308 (0x00001f17) x30 0x8000c308
core   0: 0x8000b30c (0xce3f2c23) sw      gp, -776(t5)
core   0: 3 0x8000b30c (0xce3f2c23) mem 0x8000c000 0x00000001
core   0: 0x8000b310 (0xff9ff06f) j       pc - 0x8
core   0: 3 0x8000b310 (0xff9ff06f)
core   0: 0x8000b308 (0x00001f17) auipc   t5, 0x1
core   0: 3 0x8000b308 (0x00001f17) x30 0x8000c308
core   0: 0x8000b30c (0xce3f2c23) sw      gp, -776(t5)
core   0: 3 0x8000b30c (0xce3f2c23) mem 0x8000c000 0x00000001
core   0: 0x8000b310 (0xff9ff06f) j       pc - 0x8
core   0: 3 0x8000b310 (0xff9ff06f)
core   0: 0x8000b308 (0x00001f17) auipc   t5, 0x1
core   0: 3 0x8000b308 (0x00001f17) x30 0x8000c308
core   0: 0x8000b30c (0xce3f2c23) sw      gp, -776(t5)
core   0: 3 0x8000b30c (0xce3f2c23) mem 0x8000c000 0x00000001
core   0: 0x8000b310 (0xff9ff06f) j       pc - 0x8
core   0: 3 0x8000b310 (0xff9ff06f)
core   0: 0x8000b308 (0x00001f17) auipc   t5, 0x1
core   0: 3 0x8000b308 (0x00001f17) x30 0x8000c308
core   0: 0x8000b30c (0xce3f2c23) sw      gp, -776(t5)
core   0: 3 0x8000b30c (0xce3f2c23) mem 0x8000c000 0x00000001
core   0: 0x8000b310 (0xff9ff06f) j       pc - 0x8
core   0: 3 0x8000b310 (0xff9ff06f)
core   0: 0x8000b308 (0x00001f17) auipc   t5, 0x1
core   0: 3 0x8000b308 (0x00001f17) x30 0x8000c308
core   0: 0x8000b30c (0xce3f2c23) sw      gp, -776(t5)
core   0: 3 0x8000b30c (0xce3f2c23) mem 0x8000c000 0x00000001
core   0: 0x8000b310 (0xff9ff06f) j       pc - 0x8
core   0: 3 0x8000b310 (0xff9ff06f)
core   0: 0x8000b308 (0x00001f17) auipc   t5, 0x1
core   0: 3 0x8000b308 (0x00001f17) x30 0x8000c308
core   0: 0x8000b30c (0xce3f2c23) sw      gp, -776(t5)
core   0: 3 0x8000b30c (0xce3f2c23) mem 0x8000c000 0x00000001
core   0: 0x8000b310 (0xff9ff06f) j       pc - 0x8
core   0: 3 0x8000b310 (0xff9ff06f)
core   0: 0x8000b308 (0x00001f17) auipc   t5, 0x1
core   0: 3 0x8000b308 (0x00001f17) x30 0x8000c308
core   0: 0x8000b30c (0xce3f2c23) sw      gp, -776(t5)
core   0: 3 0x8000b30c (0xce3f2c23) mem 0x8000c000 0x00000001
core   0: 0x8000b310 (0xff9ff06f) j       pc - 0x8
core   0: 3 0x8000b310 (0xff9ff06f)
core   0: 0x8000b308 (0x00001f17) auipc   t5, 0x1
core   0: 3 0x8000b308 (0x00001f17) x30 0x8000c308
core   0: 0x8000b30c (0xce3f2c23) sw      gp, -776(t5)
core   0: 3 0x8000b30c (0xce3f2c23) mem 0x8000c000 0x00000001
core   0: 0x8000b310 (0xff9ff06f) j       pc - 0x8
core   0: 3 0x8000b310 (0xff9ff06f)
core   0: 0x8000b308 (0x00001f17) auipc   t5, 0x1
core   0: 3 0x8000b308 (0x00001f17) x30 0x8000c308
core   0: 0x8000b30c (0xce3f2c23) sw      gp, -776(t5)
core   0: 3 0x8000b30c (0xce3f2c23) mem 0x8000c000 0x00000001
core   0: 0x8000b310 (0xff9ff06f) j       pc - 0x8
core   0: 3 0x8000b310 (0xff9ff06f)
core   0: 0x8000b308 (0x00001f17) auipc   t5, 0x1
core   0: 3 0x8000b308 (0x00001f17) x30 0x8000c308
core   0: 0x8000b30c (0xce3f2c23) sw      gp, -776(t5)
core   0: 3 0x8000b30c (0xce3f2c23) mem 0x8000c000 0x00000001
core   0: 0x8000b310 (0xff9ff06f) j       pc - 0x8
core   0: 3 0x8000b310 (0xff9ff06f)
core   0: 0x8000b308 (0x00001f17) auipc   t5, 0x1
core   0: 3 0x8000b308 (0x00001f17) x30 0x8000c308
core   0: 0x8000b30c (0xce3f2c23) sw      gp, -776(t5)
core   0: 3 0x8000b30c (0xce3f2c23) mem 0x8000c000 0x00000001
core   0: 0x8000b310 (0xff9ff06f) j       pc - 0x8
core   0: 3 0x8000b310 (0xff9ff06f)
core   0: 0x8000b308 (0x00001f17) auipc   t5, 0x1
core   0: 3 0x8000b308 (0x00001f17) x30 0x8000c308
core   0: 0x8000b30c (0xce3f2c23) sw      gp, -776(t5)
core   0: 3 0x8000b30c (0xce3f2c23) mem 0x8000c000 0x00000001
core   0: 0x8000b310 (0xff9ff06f) j       pc - 0x8
core   0: 3 0x8000b310 (0xff9ff06f)
core   0: 0x8000b308 (0x00001f17) auipc   t5, 0x1
core   0: 3 0x8000b308 (0x00001f17) x30 0x8000c308
core   0: 0x8000b30c (0xce3f2c23) sw      gp, -776(t5)
core   0: 3 0x8000b30c (0xce3f2c23) mem 0x8000c000 0x00000001
core   0: 0x8000b310 (0xff9ff06f) j       pc - 0x8
core   0: 3 0x8000b310 (0xff9ff06f)
core   0: 0x8000b308 (0x00001f17) auipc   t5, 0x1
core   0: 3 0x8000b308 (0x00001f17) x30 0x8000c308
core   0: 0x8000b30c (0xce3f2c23) sw      gp, -776(t5)
core   0: 3 0x8000b30c (0xce3f2c23) mem 0x8000c000 0x00000001
core   0: 0x8000b310 (0xff9ff06f) j       pc - 0x8
core   0: 3 0x8000b310 (0xff9ff06f)
core   0: 0x8000b308 (0x00001f17) auipc   t5, 0x1
core   0: 3 0x8000b308 (0x00001f17) x30 0x8000c308
core   0: 0x8000b30c (0xce3f2c23) sw      gp, -776(t5)
core   0: 3 0x8000b30c (0xce3f2c23) mem 0x8000c000 0x00000001
core   0: 0x8000b310 (0xff9ff06f) j       pc - 0x8
core   0: 3 0x8000b310 (0xff9ff06f)
core   0: 0x8000b308 (0x00001f17) auipc   t5, 0x1
core   0: 3 0x8000b308 (0x00001f17) x30 0x8000c308
core   0: 0x8000b30c (0xce3f2c23) sw      gp, -776(t5)
core   0: 3 0x8000b30c (0xce3f2c23) mem 0x8000c000 0x00000001
core   0: 0x8000b310 (0xff9ff06f) j       pc - 0x8
core   0: 3 0x8000b310 (0xff9ff06f)
core   0: 0x8000b308 (0x00001f17) auipc   t5, 0x1
core   0: 3 0x8000b308 (0x00001f17) x30 0x8000c308
core   0: 0x8000b30c (0xce3f2c23) sw      gp, -776(t5)
core   0: 3 0x8000b30c (0xce3f2c23) mem 0x8000c000 0x00000001
core   0: 0x8000b310 (0xff9ff06f) j       pc - 0x8
core   0: 3 0x8000b310 (0xff9ff06f)
core   0: 0x8000b308 (0x00001f17) auipc   t5, 0x1
core   0: 3 0x8000b308 (0x00001f17) x30 0x8000c308
core   0: 0x8000b30c (0xce3f2c23) sw      gp, -776(t5)
core   0: 3 0x8000b30c (0xce3f2c23) mem 0x8000c000 0x00000001
core   0: 0x8000b310 (0xff9ff06f) j       pc - 0x8
core   0: 3 0x8000b310 (0xff9ff06f)
core   0: 0x8000b308 (0x00001f17) auipc   t5, 0x1
core   0: 3 0x8000b308 (0x00001f17) x30 0x8000c308
core   0: 0x8000b30c (0xce3f2c23) sw      gp, -776(t5)
core   0: 3 0x8000b30c (0xce3f2c23) mem 0x8000c000 0x00000001
core   0: 0x8000b310 (0xff9ff06f) j       pc - 0x8
core   0: 3 0x8000b310 (0xff9ff06f)
core   0: 0x8000b308 (0x00001f17) auipc   t5, 0x1
core   0: 3 0x8000b308 (0x00001f17) x30 0x8000c308
core   0: 0x8000b30c (0xce3f2c23) sw      gp, -776(t5)
core   0: 3 0x8000b30c (0xce3f2c23) mem 0x8000c000 0x00000001
core   0: 0x8000b310 (0xff9ff06f) j       pc - 0x8
core   0: 3 0x8000b310 (0xff9ff06f)
core   0: 0x8000b308 (0x00001f17) auipc   t5, 0x1
core   0: 3 0x8000b308 (0x00001f17) x30 0x8000c308
core   0: 0x8000b30c (0xce3f2c23) sw      gp, -776(t5)
core   0: 3 0x8000b30c (0xce3f2c23) mem 0x8000c000 0x00000001
core   0: 0x8000b310 (0xff9ff06f) j       pc - 0x8
core   0: 3 0x8000b310 (0xff9ff06f)
core   0: 0x8000b308 (0x00001f17) auipc   t5, 0x1
core   0: 3 0x8000b308 (0x00001f17) x30 0x8000c308
core   0: 0x8000b30c (0xce3f2c23) sw      gp, -776(t5)
core   0: 3 0x8000b30c (0xce3f2c23) mem 0x8000c000 0x00000001
core   0: 0x8000b310 (0xff9ff06f) j       pc - 0x8
core   0: 3 0x8000b310 (0xff9ff06f)
core   0: 0x8000b308 (0x00001f17) auipc   t5, 0x1
core   0: 3 0x8000b308 (0x00001f17) x30 0x8000c308
core   0: 0x8000b30c (0xce3f2c23) sw      gp, -776(t5)
core   0: 3 0x8000b30c (0xce3f2c23) mem 0x8000c000 0x00000001
core   0: 0x8000b310 (0xff9ff06f) j       pc - 0x8
core   0: 3 0x8000b310 (0xff9ff06f)
core   0: 0x8000b308 (0x00001f17) auipc   t5, 0x1
core   0: 3 0x8000b308 (0x00001f17) x30 0x8000c308
core   0: 0x8000b30c (0xce3f2c23) sw      gp, -776(t5)
core   0: 3 0x8000b30c (0xce3f2c23) mem 0x8000c000 0x00000001
core   0: 0x8000b310 (0xff9ff06f) j       pc - 0x8
core   0: 3 0x8000b310 (0xff9ff06f)
core   0: 0x8000b308 (0x00001f17) auipc   t5, 0x1
core   0: 3 0x8000b308 (0x00001f17) x30 0x8000c308
core   0: 0x8000b30c (0xce3f2c23) sw      gp, -776(t5)
core   0: 3 0x8000b30c (0xce3f2c23) mem 0x8000c000 0x00000001
core   0: 0x8000b310 (0xff9ff06f) j       pc - 0x8
core   0: 3 0x8000b310 (0xff9ff06f)
core   0: 0x8000b308 (0x00001f17) auipc   t5, 0x1
core   0: 3 0x8000b308 (0x00001f17) x30 0x8000c308
core   0: 0x8000b30c (0xce3f2c23) sw      gp, -776(t5)
core   0: 3 0x8000b30c (0xce3f2c23) mem 0x8000c000 0x00000001
core   0: 0x8000b310 (0xff9ff06f) j       pc - 0x8
core   0: 3 0x8000b310 (0xff9ff06f)
core   0: 0x8000b308 (0x00001f17) auipc   t5, 0x1
core   0: 3 0x8000b308 (0x00001f17) x30 0x8000c308
core   0: 0x8000b30c (0xce3f2c23) sw      gp, -776(t5)
core   0: 3 0x8000b30c (0xce3f2c23) mem 0x8000c000 0x00000001
core   0: 0x8000b310 (0xff9ff06f) j       pc - 0x8
core   0: 3 0x8000b310 (0xff9ff06f)
core   0: 0x8000b308 (0x00001f17) auipc   t5, 0x1
core   0: 3 0x8000b308 (0x00001f17) x30 0x8000c308
core   0: 0x8000b30c (0xce3f2c23) sw      gp, -776(t5)
core   0: 3 0x8000b30c (0xce3f2c23) mem 0x8000c000 0x00000001
core   0: 0x8000b310 (0xff9ff06f) j       pc - 0x8
core   0: 3 0x8000b310 (0xff9ff06f)
core   0: 0x8000b308 (0x00001f17) auipc   t5, 0x1
core   0: 3 0x8000b308 (0x00001f17) x30 0x8000c308
core   0: 0x8000b30c (0xce3f2c23) sw      gp, -776(t5)
core   0: 3 0x8000b30c (0xce3f2c23) mem 0x8000c000 0x00000001
core   0: 0x8000b310 (0xff9ff06f) j       pc - 0x8
core   0: 3 0x8000b310 (0xff9ff06f)
core   0: 0x8000b308 (0x00001f17) auipc   t5, 0x1
core   0: 3 0x8000b308 (0x00001f17) x30 0x8000c308
core   0: 0x8000b30c (0xce3f2c23) sw      gp, -776(t5)
core   0: 3 0x8000b30c (0xce3f2c23) mem 0x8000c000 0x00000001
core   0: 0x8000b310 (0xff9ff06f) j       pc - 0x8
core   0: 3 0x8000b310 (0xff9ff06f)
core   0: 0x8000b308 (0x00001f17) auipc   t5, 0x1
core   0: 3 0x8000b308 (0x00001f17) x30 0x8000c308
core   0: 0x8000b30c (0xce3f2c23) sw      gp, -776(t5)
core   0: 3 0x8000b30c (0xce3f2c23) mem 0x8000c000 0x00000001
core   0: 0x8000b310 (0xff9ff06f) j       pc - 0x8
core   0: 3 0x8000b310 (0xff9ff06f)
core   0: 0x8000b308 (0x00001f17) auipc   t5, 0x1
core   0: 3 0x8000b308 (0x00001f17) x30 0x8000c308
core   0: 0x8000b30c (0xce3f2c23) sw      gp, -776(t5)
core   0: 3 0x8000b30c (0xce3f2c23) mem 0x8000c000 0x00000001
core   0: 0x8000b310 (0xff9ff06f) j       pc - 0x8
core   0: 3 0x8000b310 (0xff9ff06f)
core   0: 0x8000b308 (0x00001f17) auipc   t5, 0x1
core   0: 3 0x8000b308 (0x00001f17) x30 0x8000c308
core   0: 0x8000b30c (0xce3f2c23) sw      gp, -776(t5)
core   0: 3 0x8000b30c (0xce3f2c23) mem 0x8000c000 0x00000001
core   0: 0x8000b310 (0xff9ff06f) j       pc - 0x8
core   0: 3 0x8000b310 (0xff9ff06f)
core   0: 0x8000b308 (0x00001f17) auipc   t5, 0x1
core   0: 3 0x8000b308 (0x00001f17) x30 0x8000c308
core   0: 0x8000b30c (0xce3f2c23) sw      gp, -776(t5)
core   0: 3 0x8000b30c (0xce3f2c23) mem 0x8000c000 0x00000001
core   0: 0x8000b310 (0xff9ff06f) j       pc - 0x8
core   0: 3 0x8000b310 (0xff9ff06f)
core   0: 0x8000b308 (0x00001f17) auipc   t5, 0x1
core   0: 3 0x8000b308 (0x00001f17) x30 0x8000c308
core   0: 0x8000b30c (0xce3f2c23) sw      gp, -776(t5)
core   0: 3 0x8000b30c (0xce3f2c23) mem 0x8000c000 0x00000001
core   0: 0x8000b310 (0xff9ff06f) j       pc - 0x8
core   0: 3 0x8000b310 (0xff9ff06f)
core   0: 0x8000b308 (0x00001f17) auipc   t5, 0x1
core   0: 3 0x8000b308 (0x00001f17) x30 0x8000c308
core   0: 0x8000b30c (0xce3f2c23) sw      gp, -776(t5)
core   0: 3 0x8000b30c (0xce3f2c23) mem 0x8000c000 0x00000001
core   0: 0x8000b310 (0xff9ff06f) j       pc - 0x8
core   0: 3 0x8000b310 (0xff9ff06f)
core   0: 0x8000b308 (0x00001f17) auipc   t5, 0x1
core   0: 3 0x8000b308 (0x00001f17) x30 0x8000c308
core   0: 0x8000b30c (0xce3f2c23) sw      gp, -776(t5)
core   0: 3 0x8000b30c (0xce3f2c23) mem 0x8000c000 0x00000001
core   0: 0x8000b310 (0xff9ff06f) j       pc - 0x8
core   0: 3 0x8000b310 (0xff9ff06f)
core   0: 0x8000b308 (0x00001f17) auipc   t5, 0x1
core   0: 3 0x8000b308 (0x00001f17) x30 0x8000c308
core   0: 0x8000b30c (0xce3f2c23) sw      gp, -776(t5)
core   0: 3 0x8000b30c (0xce3f2c23) mem 0x8000c000 0x00000001
core   0: 0x8000b310 (0xff9ff06f) j       pc - 0x8
core   0: 3 0x8000b310 (0xff9ff06f)
core   0: 0x8000b308 (0x00001f17) auipc   t5, 0x1
core   0: 3 0x8000b308 (0x00001f17) x30 0x8000c308
core   0: 0x8000b30c (0xce3f2c23) sw      gp, -776(t5)
core   0: 3 0x8000b30c (0xce3f2c23) mem 0x8000c000 0x00000001
core   0: 0x8000b310 (0xff9ff06f) j       pc - 0x8
core   0: 3 0x8000b310 (0xff9ff06f)
core   0: 0x8000b308 (0x00001f17) auipc   t5, 0x1
core   0: 3 0x8000b308 (0x00001f17) x30 0x8000c308
core   0: 0x8000b30c (0xce3f2c23) sw      gp, -776(t5)
core   0: 3 0x8000b30c (0xce3f2c23) mem 0x8000c000 0x00000001
core   0: 0x8000b310 (0xff9ff06f) j       pc - 0x8
core   0: 3 0x8000b310 (0xff9ff06f)
core   0: 0x8000b308 (0x00001f17) auipc   t5, 0x1
core   0: 3 0x8000b308 (0x00001f17) x30 0x8000c308
core   0: 0x8000b30c (0xce3f2c23) sw      gp, -776(t5)
core   0: 3 0x8000b30c (0xce3f2c23) mem 0x8000c000 0x00000001
core   0: 0x8000b310 (0xff9ff06f) j       pc - 0x8
core   0: 3 0x8000b310 (0xff9ff06f)
core   0: 0x8000b308 (0x00001f17) auipc   t5, 0x1
core   0: 3 0x8000b308 (0x00001f17) x30 0x8000c308
core   0: 0x8000b30c (0xce3f2c23) sw      gp, -776(t5)
core   0: 3 0x8000b30c (0xce3f2c23) mem 0x8000c000 0x00000001
core   0: 0x8000b310 (0xff9ff06f) j       pc - 0x8
core   0: 3 0x8000b310 (0xff9ff06f)
core   0: 0x8000b308 (0x00001f17) auipc   t5, 0x1
core   0: 3 0x8000b308 (0x00001f17) x30 0x8000c308
core   0: 0x8000b30c (0xce3f2c23) sw      gp, -776(t5)
core   0: 3 0x8000b30c (0xce3f2c23) mem 0x8000c000 0x00000001
core   0: 0x8000b310 (0xff9ff06f) j       pc - 0x8
core   0: 3 0x8000b310 (0xff9ff06f)
core   0: 0x8000b308 (0x00001f17) auipc   t5, 0x1
core   0: 3 0x8000b308 (0x00001f17) x30 0x8000c308
core   0: 0x8000b30c (0xce3f2c23) sw      gp, -776(t5)
core   0: 3 0x8000b30c (0xce3f2c23) mem 0x8000c000 0x00000001
core   0: 0x8000b310 (0xff9ff06f) j       pc - 0x8
core   0: 3 0x8000b310 (0xff9ff06f)
core   0: 0x8000b308 (0x00001f17) auipc   t5, 0x1
core   0: 3 0x8000b308 (0x00001f17) x30 0x8000c308
core   0: 0x8000b30c (0xce3f2c23) sw      gp, -776(t5)
core   0: 3 0x8000b30c (0xce3f2c23) mem 0x8000c000 0x00000001
core   0: 0x8000b310 (0xff9ff06f) j       pc - 0x8
core   0: 3 0x8000b310 (0xff9ff06f)
core   0: 0x8000b308 (0x00001f17) auipc   t5, 0x1
core   0: 3 0x8000b308 (0x00001f17) x30 0x8000c308
core   0: 0x8000b30c (0xce3f2c23) sw      gp, -776(t5)
core   0: 3 0x8000b30c (0xce3f2c23) mem 0x8000c000 0x00000001
core   0: 0x8000b310 (0xff9ff06f) j       pc - 0x8
core   0: 3 0x8000b310 (0xff9ff06f)
core   0: 0x8000b308 (0x00001f17) auipc   t5, 0x1
core   0: 3 0x8000b308 (0x00001f17) x30 0x8000c308
core   0: 0x8000b30c (0xce3f2c23) sw      gp, -776(t5)
core   0: 3 0x8000b30c (0xce3f2c23) mem 0x8000c000 0x00000001
core   0: 0x8000b310 (0xff9ff06f) j       pc - 0x8
core   0: 3 0x8000b310 (0xff9ff06f)
core   0: 0x8000b308 (0x00001f17) auipc   t5, 0x1
core   0: 3 0x8000b308 (0x00001f17) x30 0x8000c308
core   0: 0x8000b30c (0xce3f2c23) sw      gp, -776(t5)
core   0: 3 0x8000b30c (0xce3f2c23) mem 0x8000c000 0x00000001
core   0: 0x8000b310 (0xff9ff06f) j       pc - 0x8
core   0: 3 0x8000b310 (0xff9ff06f)
core   0: 0x8000b308 (0x00001f17) auipc   t5, 0x1
core   0: 3 0x8000b308 (0x00001f17) x30 0x8000c308
core   0: 0x8000b30c (0xce3f2c23) sw      gp, -776(t5)
core   0: 3 0x8000b30c (0xce3f2c23) mem 0x8000c000 0x00000001
core   0: 0x8000b310 (0xff9ff06f) j       pc - 0x8
core   0: 3 0x8000b310 (0xff9ff06f)
core   0: 0x8000b308 (0x00001f17) auipc   t5, 0x1
core   0: 3 0x8000b308 (0x00001f17) x30 0x8000c308
core   0: 0x8000b30c (0xce3f2c23) sw      gp, -776(t5)
core   0: 3 0x8000b30c (0xce3f2c23) mem 0x8000c000 0x00000001
core   0: 0x8000b310 (0xff9ff06f) j       pc - 0x8
core   0: 3 0x8000b310 (0xff9ff06f)
core   0: 0x8000b308 (0x00001f17) auipc   t5, 0x1
core   0: 3 0x8000b308 (0x00001f17) x30 0x8000c308
core   0: 0x8000b30c (0xce3f2c23) sw      gp, -776(t5)
core   0: 3 0x8000b30c (0xce3f2c23) mem 0x8000c000 0x00000001
core   0: 0x8000b310 (0xff9ff06f) j       pc - 0x8
core   0: 3 0x8000b310 (0xff9ff06f)
core   0: 0x8000b308 (0x00001f17) auipc   t5, 0x1
core   0: 3 0x8000b308 (0x00001f17) x30 0x8000c308
core   0: 0x8000b30c (0xce3f2c23) sw      gp, -776(t5)
core   0: 3 0x8000b30c (0xce3f2c23) mem 0x8000c000 0x00000001
core   0: 0x8000b310 (0xff9ff06f) j       pc - 0x8
core   0: 3 0x8000b310 (0xff9ff06f)
core   0: 0x8000b308 (0x00001f17) auipc   t5, 0x1
core   0: 3 0x8000b308 (0x00001f17) x30 0x8000c308
core   0: 0x8000b30c (0xce3f2c23) sw      gp, -776(t5)
core   0: 3 0x8000b30c (0xce3f2c23) mem 0x8000c000 0x00000001
core   0: 0x8000b310 (0xff9ff06f) j       pc - 0x8
core   0: 3 0x8000b310 (0xff9ff06f)
core   0: 0x8000b308 (0x00001f17) auipc   t5, 0x1
core   0: 3 0x8000b308 (0x00001f17) x30 0x8000c308
core   0: 0x8000b30c (0xce3f2c23) sw      gp, -776(t5)
core   0: 3 0x8000b30c (0xce3f2c23) mem 0x8000c000 0x00000001
core   0: 0x8000b310 (0xff9ff06f) j       pc - 0x8
core   0: 3 0x8000b310 (0xff9ff06f)
core   0: 0x8000b308 (0x00001f17) auipc   t5, 0x1
core   0: 3 0x8000b308 (0x00001f17) x30 0x8000c308
core   0: 0x8000b30c (0xce3f2c23) sw      gp, -776(t5)
core   0: 3 0x8000b30c (0xce3f2c23) mem 0x8000c000 0x00000001
core   0: 0x8000b310 (0xff9ff06f) j       pc - 0x8
core   0: 3 0x8000b310 (0xff9ff06f)
core   0: 0x8000b308 (0x00001f17) auipc   t5, 0x1
core   0: 3 0x8000b308 (0x00001f17) x30 0x8000c308
core   0: 0x8000b30c (0xce3f2c23) sw      gp, -776(t5)
core   0: 3 0x8000b30c (0xce3f2c23) mem 0x8000c000 0x00000001
core   0: 0x8000b310 (0xff9ff06f) j       pc - 0x8
core   0: 3 0x8000b310 (0xff9ff06f)
core   0: 0x8000b308 (0x00001f17) auipc   t5, 0x1
core   0: 3 0x8000b308 (0x00001f17) x30 0x8000c308
core   0: 0x8000b30c (0xce3f2c23) sw      gp, -776(t5)
core   0: 3 0x8000b30c (0xce3f2c23) mem 0x8000c000 0x00000001
core   0: 0x8000b310 (0xff9ff06f) j       pc - 0x8
core   0: 3 0x8000b310 (0xff9ff06f)
core   0: 0x8000b308 (0x00001f17) auipc   t5, 0x1
core   0: 3 0x8000b308 (0x00001f17) x30 0x8000c308
core   0: 0x8000b30c (0xce3f2c23) sw      gp, -776(t5)
core   0: 3 0x8000b30c (0xce3f2c23) mem 0x8000c000 0x00000001
core   0: 0x8000b310 (0xff9ff06f) j       pc - 0x8
core   0: 3 0x8000b310 (0xff9ff06f)
core   0: 0x8000b308 (0x00001f17) auipc   t5, 0x1
core   0: 3 0x8000b308 (0x00001f17) x30 0x8000c308
core   0: 0x8000b30c (0xce3f2c23) sw      gp, -776(t5)
core   0: 3 0x8000b30c (0xce3f2c23) mem 0x8000c000 0x00000001
core   0: 0x8000b310 (0xff9ff06f) j       pc - 0x8
core   0: 3 0x8000b310 (0xff9ff06f)
core   0: 0x8000b308 (0x00001f17) auipc   t5, 0x1
core   0: 3 0x8000b308 (0x00001f17) x30 0x8000c308
core   0: 0x8000b30c (0xce3f2c23) sw      gp, -776(t5)
core   0: 3 0x8000b30c (0xce3f2c23) mem 0x8000c000 0x00000001
core   0: 0x8000b310 (0xff9ff06f) j       pc - 0x8
core   0: 3 0x8000b310 (0xff9ff06f)
core   0: 0x8000b308 (0x00001f17) auipc   t5, 0x1
core   0: 3 0x8000b308 (0x00001f17) x30 0x8000c308
core   0: 0x8000b30c (0xce3f2c23) sw      gp, -776(t5)
core   0: 3 0x8000b30c (0xce3f2c23) mem 0x8000c000 0x00000001
core   0: 0x8000b310 (0xff9ff06f) j       pc - 0x8
core   0: 3 0x8000b310 (0xff9ff06f)
core   0: 0x8000b308 (0x00001f17) auipc   t5, 0x1
core   0: 3 0x8000b308 (0x00001f17) x30 0x8000c308
core   0: 0x8000b30c (0xce3f2c23) sw      gp, -776(t5)
core   0: 3 0x8000b30c (0xce3f2c23) mem 0x8000c000 0x00000001
core   0: 0x8000b310 (0xff9ff06f) j       pc - 0x8
core   0: 3 0x8000b310 (0xff9ff06f)
core   0: 0x8000b308 (0x00001f17) auipc   t5, 0x1
core   0: 3 0x8000b308 (0x00001f17) x30 0x8000c308
core   0: 0x8000b30c (0xce3f2c23) sw      gp, -776(t5)
core   0: 3 0x8000b30c (0xce3f2c23) mem 0x8000c000 0x00000001
core   0: 0x8000b310 (0xff9ff06f) j       pc - 0x8
core   0: 3 0x8000b310 (0xff9ff06f)
core   0: 0x8000b308 (0x00001f17) auipc   t5, 0x1
core   0: 3 0x8000b308 (0x00001f17) x30 0x8000c308
core   0: 0x8000b30c (0xce3f2c23) sw      gp, -776(t5)
core   0: 3 0x8000b30c (0xce3f2c23) mem 0x8000c000 0x00000001
core   0: 0x8000b310 (0xff9ff06f) j       pc - 0x8
core   0: 3 0x8000b310 (0xff9ff06f)
core   0: 0x8000b308 (0x00001f17) auipc   t5, 0x1
core   0: 3 0x8000b308 (0x00001f17) x30 0x8000c308
core   0: 0x8000b30c (0xce3f2c23) sw      gp, -776(t5)
core   0: 3 0x8000b30c (0xce3f2c23) mem 0x8000c000 0x00000001
core   0: 0x8000b310 (0xff9ff06f) j       pc - 0x8
core   0: 3 0x8000b310 (0xff9ff06f)
core   0: 0x8000b308 (0x00001f17) auipc   t5, 0x1
core   0: 3 0x8000b308 (0x00001f17) x30 0x8000c308
core   0: 0x8000b30c (0xce3f2c23) sw      gp, -776(t5)
core   0: 3 0x8000b30c (0xce3f2c23) mem 0x8000c000 0x00000001
core   0: 0x8000b310 (0xff9ff06f) j       pc - 0x8
core   0: 3 0x8000b310 (0xff9ff06f)
core   0: 0x8000b308 (0x00001f17) auipc   t5, 0x1
core   0: 3 0x8000b308 (0x00001f17) x30 0x8000c308
core   0: 0x8000b30c (0xce3f2c23) sw      gp, -776(t5)
core   0: 3 0x8000b30c (0xce3f2c23) mem 0x8000c000 0x00000001
core   0: 0x8000b310 (0xff9ff06f) j       pc - 0x8
core   0: 3 0x8000b310 (0xff9ff06f)
core   0: 0x8000b308 (0x00001f17) auipc   t5, 0x1
core   0: 3 0x8000b308 (0x00001f17) x30 0x8000c308
core   0: 0x8000b30c (0xce3f2c23) sw      gp, -776(t5)
core   0: 3 0x8000b30c (0xce3f2c23) mem 0x8000c000 0x00000001
core   0: 0x8000b310 (0xff9ff06f) j       pc - 0x8
core   0: 3 0x8000b310 (0xff9ff06f)
core   0: 0x8000b308 (0x00001f17) auipc   t5, 0x1
core   0: 3 0x8000b308 (0x00001f17) x30 0x8000c308
core   0: 0x8000b30c (0xce3f2c23) sw      gp, -776(t5)
core   0: 3 0x8000b30c (0xce3f2c23) mem 0x8000c000 0x00000001
core   0: 0x8000b310 (0xff9ff06f) j       pc - 0x8
core   0: 3 0x8000b310 (0xff9ff06f)
core   0: 0x8000b308 (0x00001f17) auipc   t5, 0x1
core   0: 3 0x8000b308 (0x00001f17) x30 0x8000c308
core   0: 0x8000b30c (0xce3f2c23) sw      gp, -776(t5)
core   0: 3 0x8000b30c (0xce3f2c23) mem 0x8000c000 0x00000001
core   0: 0x8000b310 (0xff9ff06f) j       pc - 0x8
core   0: 3 0x8000b310 (0xff9ff06f)
core   0: 0x8000b308 (0x00001f17) auipc   t5, 0x1
core   0: 3 0x8000b308 (0x00001f17) x30 0x8000c308
core   0: 0x8000b30c (0xce3f2c23) sw      gp, -776(t5)
core   0: 3 0x8000b30c (0xce3f2c23) mem 0x8000c000 0x00000001
core   0: 0x8000b310 (0xff9ff06f) j       pc - 0x8
core   0: 3 0x8000b310 (0xff9ff06f)
core   0: 0x8000b308 (0x00001f17) auipc   t5, 0x1
core   0: 3 0x8000b308 (0x00001f17) x30 0x8000c308
core   0: 0x8000b30c (0xce3f2c23) sw      gp, -776(t5)
core   0: 3 0x8000b30c (0xce3f2c23) mem 0x8000c000 0x00000001
core   0: 0x8000b310 (0xff9ff06f) j       pc - 0x8
core   0: 3 0x8000b310 (0xff9ff06f)
core   0: 0x8000b308 (0x00001f17) auipc   t5, 0x1
core   0: 3 0x8000b308 (0x00001f17) x30 0x8000c308
core   0: 0x8000b30c (0xce3f2c23) sw      gp, -776(t5)
core   0: 3 0x8000b30c (0xce3f2c23) mem 0x8000c000 0x00000001
core   0: 0x8000b310 (0xff9ff06f) j       pc - 0x8
core   0: 3 0x8000b310 (0xff9ff06f)
core   0: 0x8000b308 (0x00001f17) auipc   t5, 0x1
core   0: 3 0x8000b308 (0x00001f17) x30 0x8000c308
core   0: 0x8000b30c (0xce3f2c23) sw      gp, -776(t5)
core   0: 3 0x8000b30c (0xce3f2c23) mem 0x8000c000 0x00000001
core   0: 0x8000b310 (0xff9ff06f) j       pc - 0x8
core   0: 3 0x8000b310 (0xff9ff06f)
core   0: 0x8000b308 (0x00001f17) auipc   t5, 0x1
core   0: 3 0x8000b308 (0x00001f17) x30 0x8000c308
core   0: 0x8000b30c (0xce3f2c23) sw      gp, -776(t5)
core   0: 3 0x8000b30c (0xce3f2c23) mem 0x8000c000 0x00000001
core   0: 0x8000b310 (0xff9ff06f) j       pc - 0x8
core   0: 3 0x8000b310 (0xff9ff06f)
core   0: 0x8000b308 (0x00001f17) auipc   t5, 0x1
core   0: 3 0x8000b308 (0x00001f17) x30 0x8000c308
core   0: 0x8000b30c (0xce3f2c23) sw      gp, -776(t5)
core   0: 3 0x8000b30c (0xce3f2c23) mem 0x8000c000 0x00000001
core   0: 0x8000b310 (0xff9ff06f) j       pc - 0x8
core   0: 3 0x8000b310 (0xff9ff06f)
core   0: 0x8000b308 (0x00001f17) auipc   t5, 0x1
core   0: 3 0x8000b308 (0x00001f17) x30 0x8000c308
core   0: 0x8000b30c (0xce3f2c23) sw      gp, -776(t5)
core   0: 3 0x8000b30c (0xce3f2c23) mem 0x8000c000 0x00000001
core   0: 0x8000b310 (0xff9ff06f) j       pc - 0x8
core   0: 3 0x8000b310 (0xff9ff06f)
core   0: 0x8000b308 (0x00001f17) auipc   t5, 0x1
core   0: 3 0x8000b308 (0x00001f17) x30 0x8000c308
core   0: 0x8000b30c (0xce3f2c23) sw      gp, -776(t5)
core   0: 3 0x8000b30c (0xce3f2c23) mem 0x8000c000 0x00000001
core   0: 0x8000b310 (0xff9ff06f) j       pc - 0x8
core   0: 3 0x8000b310 (0xff9ff06f)
core   0: 0x8000b308 (0x00001f17) auipc   t5, 0x1
core   0: 3 0x8000b308 (0x00001f17) x30 0x8000c308
core   0: 0x8000b30c (0xce3f2c23) sw      gp, -776(t5)
core   0: 3 0x8000b30c (0xce3f2c23) mem 0x8000c000 0x00000001
core   0: 0x8000b310 (0xff9ff06f) j       pc - 0x8
core   0: 3 0x8000b310 (0xff9ff06f)
core   0: 0x8000b308 (0x00001f17) auipc   t5, 0x1
core   0: 3 0x8000b308 (0x00001f17) x30 0x8000c308
core   0: 0x8000b30c (0xce3f2c23) sw      gp, -776(t5)
core   0: 3 0x8000b30c (0xce3f2c23) mem 0x8000c000 0x00000001
core   0: 0x8000b310 (0xff9ff06f) j       pc - 0x8
core   0: 3 0x8000b310 (0xff9ff06f)
core   0: 0x8000b308 (0x00001f17) auipc   t5, 0x1
core   0: 3 0x8000b308 (0x00001f17) x30 0x8000c308
core   0: 0x8000b30c (0xce3f2c23) sw      gp, -776(t5)
core   0: 3 0x8000b30c (0xce3f2c23) mem 0x8000c000 0x00000001
core   0: 0x8000b310 (0xff9ff06f) j       pc - 0x8
core   0: 3 0x8000b310 (0xff9ff06f)
core   0: 0x8000b308 (0x00001f17) auipc   t5, 0x1
core   0: 3 0x8000b308 (0x00001f17) x30 0x8000c308
core   0: 0x8000b30c (0xce3f2c23) sw      gp, -776(t5)
core   0: 3 0x8000b30c (0xce3f2c23) mem 0x8000c000 0x00000001
core   0: 0x8000b310 (0xff9ff06f) j       pc - 0x8
core   0: 3 0x8000b310 (0xff9ff06f)
core   0: 0x8000b308 (0x00001f17) auipc   t5, 0x1
core   0: 3 0x8000b308 (0x00001f17) x30 0x8000c308
core   0: 0x8000b30c (0xce3f2c23) sw      gp, -776(t5)
core   0: 3 0x8000b30c (0xce3f2c23) mem 0x8000c000 0x00000001
core   0: 0x8000b310 (0xff9ff06f) j       pc - 0x8
core   0: 3 0x8000b310 (0xff9ff06f)
core   0: 0x8000b308 (0x00001f17) auipc   t5, 0x1
core   0: 3 0x8000b308 (0x00001f17) x30 0x8000c308
core   0: 0x8000b30c (0xce3f2c23) sw      gp, -776(t5)
core   0: 3 0x8000b30c (0xce3f2c23) mem 0x8000c000 0x00000001
core   0: 0x8000b310 (0xff9ff06f) j       pc - 0x8
core   0: 3 0x8000b310 (0xff9ff06f)
core   0: 0x8000b308 (0x00001f17) auipc   t5, 0x1
core   0: 3 0x8000b308 (0x00001f17) x30 0x8000c308
core   0: 0x8000b30c (0xce3f2c23) sw      gp, -776(t5)
core   0: 3 0x8000b30c (0xce3f2c23) mem 0x8000c000 0x00000001
core   0: 0x8000b310 (0xff9ff06f) j       pc - 0x8
core   0: 3 0x8000b310 (0xff9ff06f)
core   0: 0x8000b308 (0x00001f17) auipc   t5, 0x1
core   0: 3 0x8000b308 (0x00001f17) x30 0x8000c308
core   0: 0x8000b30c (0xce3f2c23) sw      gp, -776(t5)
core   0: 3 0x8000b30c (0xce3f2c23) mem 0x8000c000 0x00000001
core   0: 0x8000b310 (0xff9ff06f) j       pc - 0x8
core   0: 3 0x8000b310 (0xff9ff06f)
core   0: 0x8000b308 (0x00001f17) auipc   t5, 0x1
core   0: 3 0x8000b308 (0x00001f17) x30 0x8000c308
core   0: 0x8000b30c (0xce3f2c23) sw      gp, -776(t5)
core   0: 3 0x8000b30c (0xce3f2c23) mem 0x8000c000 0x00000001
core   0: 0x8000b310 (0xff9ff06f) j       pc - 0x8
core   0: 3 0x8000b310 (0xff9ff06f)
core   0: 0x8000b308 (0x00001f17) auipc   t5, 0x1
core   0: 3 0x8000b308 (0x00001f17) x30 0x8000c308
core   0: 0x8000b30c (0xce3f2c23) sw      gp, -776(t5)
core   0: 3 0x8000b30c (0xce3f2c23) mem 0x8000c000 0x00000001
core   0: 0x8000b310 (0xff9ff06f) j       pc - 0x8
core   0: 3 0x8000b310 (0xff9ff06f)
core   0: 0x8000b308 (0x00001f17) auipc   t5, 0x1
core   0: 3 0x8000b308 (0x00001f17) x30 0x8000c308
core   0: 0x8000b30c (0xce3f2c23) sw      gp, -776(t5)
core   0: 3 0x8000b30c (0xce3f2c23) mem 0x8000c000 0x00000001
core   0: 0x8000b310 (0xff9ff06f) j       pc - 0x8
core   0: 3 0x8000b310 (0xff9ff06f)
core   0: 0x8000b308 (0x00001f17) auipc   t5, 0x1
core   0: 3 0x8000b308 (0x00001f17) x30 0x8000c308
core   0: 0x8000b30c (0xce3f2c23) sw      gp, -776(t5)
core   0: 3 0x8000b30c (0xce3f2c23) mem 0x8000c000 0x00000001
core   0: 0x8000b310 (0xff9ff06f) j       pc - 0x8
core   0: 3 0x8000b310 (0xff9ff06f)
core   0: 0x8000b308 (0x00001f17) auipc   t5, 0x1
core   0: 3 0x8000b308 (0x00001f17) x30 0x8000c308
core   0: 0x8000b30c (0xce3f2c23) sw      gp, -776(t5)
core   0: 3 0x8000b30c (0xce3f2c23) mem 0x8000c000 0x00000001
core   0: 0x8000b310 (0xff9ff06f) j       pc - 0x8
core   0: 3 0x8000b310 (0xff9ff06f)
core   0: 0x8000b308 (0x00001f17) auipc   t5, 0x1
core   0: 3 0x8000b308 (0x00001f17) x30 0x8000c308
core   0: 0x8000b30c (0xce3f2c23) sw      gp, -776(t5)
core   0: 3 0x8000b30c (0xce3f2c23) mem 0x8000c000 0x00000001
core   0: 0x8000b310 (0xff9ff06f) j       pc - 0x8
core   0: 3 0x8000b310 (0xff9ff06f)
core   0: 0x8000b308 (0x00001f17) auipc   t5, 0x1
core   0: 3 0x8000b308 (0x00001f17) x30 0x8000c308
core   0: 0x8000b30c (0xce3f2c23) sw      gp, -776(t5)
core   0: 3 0x8000b30c (0xce3f2c23) mem 0x8000c000 0x00000001
core   0: 0x8000b310 (0xff9ff06f) j       pc - 0x8
core   0: 3 0x8000b310 (0xff9ff06f)
core   0: 0x8000b308 (0x00001f17) auipc   t5, 0x1
core   0: 3 0x8000b308 (0x00001f17) x30 0x8000c308
core   0: 0x8000b30c (0xce3f2c23) sw      gp, -776(t5)
core   0: 3 0x8000b30c (0xce3f2c23) mem 0x8000c000 0x00000001
core   0: 0x8000b310 (0xff9ff06f) j       pc - 0x8
core   0: 3 0x8000b310 (0xff9ff06f)
core   0: 0x8000b308 (0x00001f17) auipc   t5, 0x1
core   0: 3 0x8000b308 (0x00001f17) x30 0x8000c308
core   0: 0x8000b30c (0xce3f2c23) sw      gp, -776(t5)
core   0: 3 0x8000b30c (0xce3f2c23) mem 0x8000c000 0x00000001
core   0: 0x8000b310 (0xff9ff06f) j       pc - 0x8
core   0: 3 0x8000b310 (0xff9ff06f)
core   0: 0x8000b308 (0x00001f17) auipc   t5, 0x1
core   0: 3 0x8000b308 (0x00001f17) x30 0x8000c308
core   0: 0x8000b30c (0xce3f2c23) sw      gp, -776(t5)
core   0: 3 0x8000b30c (0xce3f2c23) mem 0x8000c000 0x00000001
core   0: 0x8000b310 (0xff9ff06f) j       pc - 0x8
core   0: 3 0x8000b310 (0xff9ff06f)
core   0: 0x8000b308 (0x00001f17) auipc   t5, 0x1
core   0: 3 0x8000b308 (0x00001f17) x30 0x8000c308
core   0: 0x8000b30c (0xce3f2c23) sw      gp, -776(t5)
core   0: 3 0x8000b30c (0xce3f2c23) mem 0x8000c000 0x00000001
core   0: 0x8000b310 (0xff9ff06f) j       pc - 0x8
core   0: 3 0x8000b310 (0xff9ff06f)
core   0: 0x8000b308 (0x00001f17) auipc   t5, 0x1
core   0: 3 0x8000b308 (0x00001f17) x30 0x8000c308
core   0: 0x8000b30c (0xce3f2c23) sw      gp, -776(t5)
core   0: 3 0x8000b30c (0xce3f2c23) mem 0x8000c000 0x00000001
core   0: 0x8000b310 (0xff9ff06f) j       pc - 0x8
core   0: 3 0x8000b310 (0xff9ff06f)
core   0: 0x8000b308 (0x00001f17) auipc   t5, 0x1
core   0: 3 0x8000b308 (0x00001f17) x30 0x8000c308
core   0: 0x8000b30c (0xce3f2c23) sw      gp, -776(t5)
core   0: 3 0x8000b30c (0xce3f2c23) mem 0x8000c000 0x00000001
core   0: 0x8000b310 (0xff9ff06f) j       pc - 0x8
core   0: 3 0x8000b310 (0xff9ff06f)
core   0: 0x8000b308 (0x00001f17) auipc   t5, 0x1
core   0: 3 0x8000b308 (0x00001f17) x30 0x8000c308
core   0: 0x8000b30c (0xce3f2c23) sw      gp, -776(t5)
core   0: 3 0x8000b30c (0xce3f2c23) mem 0x8000c000 0x00000001
core   0: 0x8000b310 (0xff9ff06f) j       pc - 0x8
core   0: 3 0x8000b310 (0xff9ff06f)
core   0: 0x8000b308 (0x00001f17) auipc   t5, 0x1
core   0: 3 0x8000b308 (0x00001f17) x30 0x8000c308
core   0: 0x8000b30c (0xce3f2c23) sw      gp, -776(t5)
core   0: 3 0x8000b30c (0xce3f2c23) mem 0x8000c000 0x00000001
core   0: 0x8000b310 (0xff9ff06f) j       pc - 0x8
core   0: 3 0x8000b310 (0xff9ff06f)
core   0: 0x8000b308 (0x00001f17) auipc   t5, 0x1
core   0: 3 0x8000b308 (0x00001f17) x30 0x8000c308
core   0: 0x8000b30c (0xce3f2c23) sw      gp, -776(t5)
core   0: 3 0x8000b30c (0xce3f2c23) mem 0x8000c000 0x00000001
core   0: 0x8000b310 (0xff9ff06f) j       pc - 0x8
core   0: 3 0x8000b310 (0xff9ff06f)
core   0: 0x8000b308 (0x00001f17) auipc   t5, 0x1
core   0: 3 0x8000b308 (0x00001f17) x30 0x8000c308
core   0: 0x8000b30c (0xce3f2c23) sw      gp, -776(t5)
core   0: 3 0x8000b30c (0xce3f2c23) mem 0x8000c000 0x00000001
core   0: 0x8000b310 (0xff9ff06f) j       pc - 0x8
core   0: 3 0x8000b310 (0xff9ff06f)
core   0: 0x8000b308 (0x00001f17) auipc   t5, 0x1
core   0: 3 0x8000b308 (0x00001f17) x30 0x8000c308
core   0: 0x8000b30c (0xce3f2c23) sw      gp, -776(t5)
core   0: 3 0x8000b30c (0xce3f2c23) mem 0x8000c000 0x00000001
core   0: 0x8000b310 (0xff9ff06f) j       pc - 0x8
core   0: 3 0x8000b310 (0xff9ff06f)
core   0: 0x8000b308 (0x00001f17) auipc   t5, 0x1
core   0: 3 0x8000b308 (0x00001f17) x30 0x8000c308
core   0: 0x8000b30c (0xce3f2c23) sw      gp, -776(t5)
core   0: 3 0x8000b30c (0xce3f2c23) mem 0x8000c000 0x00000001
core   0: 0x8000b310 (0xff9ff06f) j       pc - 0x8
core   0: 3 0x8000b310 (0xff9ff06f)
core   0: 0x8000b308 (0x00001f17) auipc   t5, 0x1
core   0: 3 0x8000b308 (0x00001f17) x30 0x8000c308
core   0: 0x8000b30c (0xce3f2c23) sw      gp, -776(t5)
core   0: 3 0x8000b30c (0xce3f2c23) mem 0x8000c000 0x00000001
core   0: 0x8000b310 (0xff9ff06f) j       pc - 0x8
core   0: 3 0x8000b310 (0xff9ff06f)
core   0: 0x8000b308 (0x00001f17) auipc   t5, 0x1
core   0: 3 0x8000b308 (0x00001f17) x30 0x8000c308
core   0: 0x8000b30c (0xce3f2c23) sw      gp, -776(t5)
core   0: 3 0x8000b30c (0xce3f2c23) mem 0x8000c000 0x00000001
core   0: 0x8000b310 (0xff9ff06f) j       pc - 0x8
core   0: 3 0x8000b310 (0xff9ff06f)
core   0: 0x8000b308 (0x00001f17) auipc   t5, 0x1
core   0: 3 0x8000b308 (0x00001f17) x30 0x8000c308
core   0: 0x8000b30c (0xce3f2c23) sw      gp, -776(t5)
core   0: 3 0x8000b30c (0xce3f2c23) mem 0x8000c000 0x00000001
core   0: 0x8000b310 (0xff9ff06f) j       pc - 0x8
core   0: 3 0x8000b310 (0xff9ff06f)
core   0: 0x8000b308 (0x00001f17) auipc   t5, 0x1
core   0: 3 0x8000b308 (0x00001f17) x30 0x8000c308
core   0: 0x8000b30c (0xce3f2c23) sw      gp, -776(t5)
core   0: 3 0x8000b30c (0xce3f2c23) mem 0x8000c000 0x00000001
core   0: 0x8000b310 (0xff9ff06f) j       pc - 0x8
core   0: 3 0x8000b310 (0xff9ff06f)
core   0: 0x8000b308 (0x00001f17) auipc   t5, 0x1
core   0: 3 0x8000b308 (0x00001f17) x30 0x8000c308
core   0: 0x8000b30c (0xce3f2c23) sw      gp, -776(t5)
core   0: 3 0x8000b30c (0xce3f2c23) mem 0x8000c000 0x00000001
core   0: 0x8000b310 (0xff9ff06f) j       pc - 0x8
core   0: 3 0x8000b310 (0xff9ff06f)
core   0: 0x8000b308 (0x00001f17) auipc   t5, 0x1
core   0: 3 0x8000b308 (0x00001f17) x30 0x8000c308
core   0: 0x8000b30c (0xce3f2c23) sw      gp, -776(t5)
core   0: 3 0x8000b30c (0xce3f2c23) mem 0x8000c000 0x00000001
core   0: 0x8000b310 (0xff9ff06f) j       pc - 0x8
core   0: 3 0x8000b310 (0xff9ff06f)
core   0: 0x8000b308 (0x00001f17) auipc   t5, 0x1
core   0: 3 0x8000b308 (0x00001f17) x30 0x8000c308
core   0: 0x8000b30c (0xce3f2c23) sw      gp, -776(t5)
core   0: 3 0x8000b30c (0xce3f2c23) mem 0x8000c000 0x00000001
core   0: 0x8000b310 (0xff9ff06f) j       pc - 0x8
core   0: 3 0x8000b310 (0xff9ff06f)
core   0: 0x8000b308 (0x00001f17) auipc   t5, 0x1
core   0: 3 0x8000b308 (0x00001f17) x30 0x8000c308
core   0: 0x8000b30c (0xce3f2c23) sw      gp, -776(t5)
core   0: 3 0x8000b30c (0xce3f2c23) mem 0x8000c000 0x00000001
core   0: 0x8000b310 (0xff9ff06f) j       pc - 0x8
core   0: 3 0x8000b310 (0xff9ff06f)
core   0: 0x8000b308 (0x00001f17) auipc   t5, 0x1
core   0: 3 0x8000b308 (0x00001f17) x30 0x8000c308
core   0: 0x8000b30c (0xce3f2c23) sw      gp, -776(t5)
core   0: 3 0x8000b30c (0xce3f2c23) mem 0x8000c000 0x00000001
core   0: 0x8000b310 (0xff9ff06f) j       pc - 0x8
core   0: 3 0x8000b310 (0xff9ff06f)
core   0: 0x8000b308 (0x00001f17) auipc   t5, 0x1
core   0: 3 0x8000b308 (0x00001f17) x30 0x8000c308
core   0: 0x8000b30c (0xce3f2c23) sw      gp, -776(t5)
core   0: 3 0x8000b30c (0xce3f2c23) mem 0x8000c000 0x00000001
core   0: 0x8000b310 (0xff9ff06f) j       pc - 0x8
core   0: 3 0x8000b310 (0xff9ff06f)
core   0: 0x8000b308 (0x00001f17) auipc   t5, 0x1
core   0: 3 0x8000b308 (0x00001f17) x30 0x8000c308
core   0: 0x8000b30c (0xce3f2c23) sw      gp, -776(t5)
core   0: 3 0x8000b30c (0xce3f2c23) mem 0x8000c000 0x00000001
core   0: 0x8000b310 (0xff9ff06f) j       pc - 0x8
core   0: 3 0x8000b310 (0xff9ff06f)
core   0: 0x8000b308 (0x00001f17) auipc   t5, 0x1
core   0: 3 0x8000b308 (0x00001f17) x30 0x8000c308
core   0: 0x8000b30c (0xce3f2c23) sw      gp, -776(t5)
core   0: 3 0x8000b30c (0xce3f2c23) mem 0x8000c000 0x00000001
core   0: 0x8000b310 (0xff9ff06f) j       pc - 0x8
core   0: 3 0x8000b310 (0xff9ff06f)
core   0: 0x8000b308 (0x00001f17) auipc   t5, 0x1
core   0: 3 0x8000b308 (0x00001f17) x30 0x8000c308
core   0: 0x8000b30c (0xce3f2c23) sw      gp, -776(t5)
core   0: 3 0x8000b30c (0xce3f2c23) mem 0x8000c000 0x00000001
core   0: 0x8000b310 (0xff9ff06f) j       pc - 0x8
core   0: 3 0x8000b310 (0xff9ff06f)
core   0: 0x8000b308 (0x00001f17) auipc   t5, 0x1
core   0: 3 0x8000b308 (0x00001f17) x30 0x8000c308
core   0: 0x8000b30c (0xce3f2c23) sw      gp, -776(t5)
core   0: 3 0x8000b30c (0xce3f2c23) mem 0x8000c000 0x00000001
core   0: 0x8000b310 (0xff9ff06f) j       pc - 0x8
core   0: 3 0x8000b310 (0xff9ff06f)
core   0: 0x8000b308 (0x00001f17) auipc   t5, 0x1
core   0: 3 0x8000b308 (0x00001f17) x30 0x8000c308
core   0: 0x8000b30c (0xce3f2c23) sw      gp, -776(t5)
core   0: 3 0x8000b30c (0xce3f2c23) mem 0x8000c000 0x00000001
core   0: 0x8000b310 (0xff9ff06f) j       pc - 0x8
core   0: 3 0x8000b310 (0xff9ff06f)
core   0: 0x8000b308 (0x00001f17) auipc   t5, 0x1
core   0: 3 0x8000b308 (0x00001f17) x30 0x8000c308
core   0: 0x8000b30c (0xce3f2c23) sw      gp, -776(t5)
core   0: 3 0x8000b30c (0xce3f2c23) mem 0x8000c000 0x00000001
core   0: 0x8000b310 (0xff9ff06f) j       pc - 0x8
core   0: 3 0x8000b310 (0xff9ff06f)
core   0: 0x8000b308 (0x00001f17) auipc   t5, 0x1
core   0: 3 0x8000b308 (0x00001f17) x30 0x8000c308
core   0: 0x8000b30c (0xce3f2c23) sw      gp, -776(t5)
core   0: 3 0x8000b30c (0xce3f2c23) mem 0x8000c000 0x00000001
core   0: 0x8000b310 (0xff9ff06f) j       pc - 0x8
core   0: 3 0x8000b310 (0xff9ff06f)
core   0: 0x8000b308 (0x00001f17) auipc   t5, 0x1
core   0: 3 0x8000b308 (0x00001f17) x30 0x8000c308
core   0: 0x8000b30c (0xce3f2c23) sw      gp, -776(t5)
core   0: 3 0x8000b30c (0xce3f2c23) mem 0x8000c000 0x00000001
core   0: 0x8000b310 (0xff9ff06f) j       pc - 0x8
core   0: 3 0x8000b310 (0xff9ff06f)
core   0: 0x8000b308 (0x00001f17) auipc   t5, 0x1
core   0: 3 0x8000b308 (0x00001f17) x30 0x8000c308
core   0: 0x8000b30c (0xce3f2c23) sw      gp, -776(t5)
core   0: 3 0x8000b30c (0xce3f2c23) mem 0x8000c000 0x00000001
core   0: 0x8000b310 (0xff9ff06f) j       pc - 0x8
core   0: 3 0x8000b310 (0xff9ff06f)
core   0: 0x8000b308 (0x00001f17) auipc   t5, 0x1
core   0: 3 0x8000b308 (0x00001f17) x30 0x8000c308
core   0: 0x8000b30c (0xce3f2c23) sw      gp, -776(t5)
core   0: 3 0x8000b30c (0xce3f2c23) mem 0x8000c000 0x00000001
core   0: 0x8000b310 (0xff9ff06f) j       pc - 0x8
core   0: 3 0x8000b310 (0xff9ff06f)
core   0: 0x8000b308 (0x00001f17) auipc   t5, 0x1
core   0: 3 0x8000b308 (0x00001f17) x30 0x8000c308
core   0: 0x8000b30c (0xce3f2c23) sw      gp, -776(t5)
core   0: 3 0x8000b30c (0xce3f2c23) mem 0x8000c000 0x00000001
core   0: 0x8000b310 (0xff9ff06f) j       pc - 0x8
core   0: 3 0x8000b310 (0xff9ff06f)
core   0: 0x8000b308 (0x00001f17) auipc   t5, 0x1
core   0: 3 0x8000b308 (0x00001f17) x30 0x8000c308
core   0: 0x8000b30c (0xce3f2c23) sw      gp, -776(t5)
core   0: 3 0x8000b30c (0xce3f2c23) mem 0x8000c000 0x00000001
core   0: 0x8000b310 (0xff9ff06f) j       pc - 0x8
core   0: 3 0x8000b310 (0xff9ff06f)
core   0: 0x8000b308 (0x00001f17) auipc   t5, 0x1
core   0: 3 0x8000b308 (0x00001f17) x30 0x8000c308
core   0: 0x8000b30c (0xce3f2c23) sw      gp, -776(t5)
core   0: 3 0x8000b30c (0xce3f2c23) mem 0x8000c000 0x00000001
core   0: 0x8000b310 (0xff9ff06f) j       pc - 0x8
core   0: 3 0x8000b310 (0xff9ff06f)
core   0: 0x8000b308 (0x00001f17) auipc   t5, 0x1
core   0: 3 0x8000b308 (0x00001f17) x30 0x8000c308
core   0: 0x8000b30c (0xce3f2c23) sw      gp, -776(t5)
core   0: 3 0x8000b30c (0xce3f2c23) mem 0x8000c000 0x00000001
core   0: 0x8000b310 (0xff9ff06f) j       pc - 0x8
core   0: 3 0x8000b310 (0xff9ff06f)
core   0: 0x8000b308 (0x00001f17) auipc   t5, 0x1
core   0: 3 0x8000b308 (0x00001f17) x30 0x8000c308
core   0: 0x8000b30c (0xce3f2c23) sw      gp, -776(t5)
core   0: 3 0x8000b30c (0xce3f2c23) mem 0x8000c000 0x00000001
core   0: 0x8000b310 (0xff9ff06f) j       pc - 0x8
core   0: 3 0x8000b310 (0xff9ff06f)
core   0: 0x8000b308 (0x00001f17) auipc   t5, 0x1
core   0: 3 0x8000b308 (0x00001f17) x30 0x8000c308
core   0: 0x8000b30c (0xce3f2c23) sw      gp, -776(t5)
core   0: 3 0x8000b30c (0xce3f2c23) mem 0x8000c000 0x00000001
core   0: 0x8000b310 (0xff9ff06f) j       pc - 0x8
core   0: 3 0x8000b310 (0xff9ff06f)
core   0: 0x8000b308 (0x00001f17) auipc   t5, 0x1
core   0: 3 0x8000b308 (0x00001f17) x30 0x8000c308
core   0: 0x8000b30c (0xce3f2c23) sw      gp, -776(t5)
core   0: 3 0x8000b30c (0xce3f2c23) mem 0x8000c000 0x00000001
core   0: 0x8000b310 (0xff9ff06f) j       pc - 0x8
core   0: 3 0x8000b310 (0xff9ff06f)
core   0: 0x8000b308 (0x00001f17) auipc   t5, 0x1
core   0: 3 0x8000b308 (0x00001f17) x30 0x8000c308
core   0: 0x8000b30c (0xce3f2c23) sw      gp, -776(t5)
core   0: 3 0x8000b30c (0xce3f2c23) mem 0x8000c000 0x00000001
core   0: 0x8000b310 (0xff9ff06f) j       pc - 0x8
core   0: 3 0x8000b310 (0xff9ff06f)
core   0: 0x8000b308 (0x00001f17) auipc   t5, 0x1
core   0: 3 0x8000b308 (0x00001f17) x30 0x8000c308
core   0: 0x8000b30c (0xce3f2c23) sw      gp, -776(t5)
core   0: 3 0x8000b30c (0xce3f2c23) mem 0x8000c000 0x00000001
core   0: 0x8000b310 (0xff9ff06f) j       pc - 0x8
core   0: 3 0x8000b310 (0xff9ff06f)
core   0: 0x8000b308 (0x00001f17) auipc   t5, 0x1
core   0: 3 0x8000b308 (0x00001f17) x30 0x8000c308
core   0: 0x8000b30c (0xce3f2c23) sw      gp, -776(t5)
core   0: 3 0x8000b30c (0xce3f2c23) mem 0x8000c000 0x00000001
core   0: 0x8000b310 (0xff9ff06f) j       pc - 0x8
core   0: 3 0x8000b310 (0xff9ff06f)
core   0: 0x8000b308 (0x00001f17) auipc   t5, 0x1
core   0: 3 0x8000b308 (0x00001f17) x30 0x8000c308
core   0: 0x8000b30c (0xce3f2c23) sw      gp, -776(t5)
core   0: 3 0x8000b30c (0xce3f2c23) mem 0x8000c000 0x00000001
core   0: 0x8000b310 (0xff9ff06f) j       pc - 0x8
core   0: 3 0x8000b310 (0xff9ff06f)
core   0: 0x8000b308 (0x00001f17) auipc   t5, 0x1
core   0: 3 0x8000b308 (0x00001f17) x30 0x8000c308
core   0: 0x8000b30c (0xce3f2c23) sw      gp, -776(t5)
core   0: 3 0x8000b30c (0xce3f2c23) mem 0x8000c000 0x00000001
core   0: 0x8000b310 (0xff9ff06f) j       pc - 0x8
core   0: 3 0x8000b310 (0xff9ff06f)
core   0: 0x8000b308 (0x00001f17) auipc   t5, 0x1
core   0: 3 0x8000b308 (0x00001f17) x30 0x8000c308
core   0: 0x8000b30c (0xce3f2c23) sw      gp, -776(t5)
core   0: 3 0x8000b30c (0xce3f2c23) mem 0x8000c000 0x00000001
core   0: 0x8000b310 (0xff9ff06f) j       pc - 0x8
core   0: 3 0x8000b310 (0xff9ff06f)
core   0: 0x8000b308 (0x00001f17) auipc   t5, 0x1
core   0: 3 0x8000b308 (0x00001f17) x30 0x8000c308
core   0: 0x8000b30c (0xce3f2c23) sw      gp, -776(t5)
core   0: 3 0x8000b30c (0xce3f2c23) mem 0x8000c000 0x00000001
core   0: 0x8000b310 (0xff9ff06f) j       pc - 0x8
core   0: 3 0x8000b310 (0xff9ff06f)
core   0: 0x8000b308 (0x00001f17) auipc   t5, 0x1
core   0: 3 0x8000b308 (0x00001f17) x30 0x8000c308
core   0: 0x8000b30c (0xce3f2c23) sw      gp, -776(t5)
core   0: 3 0x8000b30c (0xce3f2c23) mem 0x8000c000 0x00000001
core   0: 0x8000b310 (0xff9ff06f) j       pc - 0x8
core   0: 3 0x8000b310 (0xff9ff06f)
core   0: 0x8000b308 (0x00001f17) auipc   t5, 0x1
core   0: 3 0x8000b308 (0x00001f17) x30 0x8000c308
core   0: 0x8000b30c (0xce3f2c23) sw      gp, -776(t5)
core   0: 3 0x8000b30c (0xce3f2c23) mem 0x8000c000 0x00000001
core   0: 0x8000b310 (0xff9ff06f) j       pc - 0x8
core   0: 3 0x8000b310 (0xff9ff06f)
core   0: 0x8000b308 (0x00001f17) auipc   t5, 0x1
core   0: 3 0x8000b308 (0x00001f17) x30 0x8000c308
core   0: 0x8000b30c (0xce3f2c23) sw      gp, -776(t5)
core   0: 3 0x8000b30c (0xce3f2c23) mem 0x8000c000 0x00000001
core   0: 0x8000b310 (0xff9ff06f) j       pc - 0x8
core   0: 3 0x8000b310 (0xff9ff06f)
core   0: 0x8000b308 (0x00001f17) auipc   t5, 0x1
core   0: 3 0x8000b308 (0x00001f17) x30 0x8000c308
core   0: 0x8000b30c (0xce3f2c23) sw      gp, -776(t5)
core   0: 3 0x8000b30c (0xce3f2c23) mem 0x8000c000 0x00000001
core   0: 0x8000b310 (0xff9ff06f) j       pc - 0x8
core   0: 3 0x8000b310 (0xff9ff06f)
core   0: 0x8000b308 (0x00001f17) auipc   t5, 0x1
core   0: 3 0x8000b308 (0x00001f17) x30 0x8000c308
core   0: 0x8000b30c (0xce3f2c23) sw      gp, -776(t5)
core   0: 3 0x8000b30c (0xce3f2c23) mem 0x8000c000 0x00000001
core   0: 0x8000b310 (0xff9ff06f) j       pc - 0x8
core   0: 3 0x8000b310 (0xff9ff06f)
core   0: 0x8000b308 (0x00001f17) auipc   t5, 0x1
core   0: 3 0x8000b308 (0x00001f17) x30 0x8000c308
core   0: 0x8000b30c (0xce3f2c23) sw      gp, -776(t5)
core   0: 3 0x8000b30c (0xce3f2c23) mem 0x8000c000 0x00000001
core   0: 0x8000b310 (0xff9ff06f) j       pc - 0x8
core   0: 3 0x8000b310 (0xff9ff06f)
core   0: 0x8000b308 (0x00001f17) auipc   t5, 0x1
core   0: 3 0x8000b308 (0x00001f17) x30 0x8000c308
core   0: 0x8000b30c (0xce3f2c23) sw      gp, -776(t5)
core   0: 3 0x8000b30c (0xce3f2c23) mem 0x8000c000 0x00000001
core   0: 0x8000b310 (0xff9ff06f) j       pc - 0x8
core   0: 3 0x8000b310 (0xff9ff06f)
core   0: 0x8000b308 (0x00001f17) auipc   t5, 0x1
core   0: 3 0x8000b308 (0x00001f17) x30 0x8000c308
core   0: 0x8000b30c (0xce3f2c23) sw      gp, -776(t5)
core   0: 3 0x8000b30c (0xce3f2c23) mem 0x8000c000 0x00000001
core   0: 0x8000b310 (0xff9ff06f) j       pc - 0x8
core   0: 3 0x8000b310 (0xff9ff06f)
core   0: 0x8000b308 (0x00001f17) auipc   t5, 0x1
core   0: 3 0x8000b308 (0x00001f17) x30 0x8000c308
core   0: 0x8000b30c (0xce3f2c23) sw      gp, -776(t5)
core   0: 3 0x8000b30c (0xce3f2c23) mem 0x8000c000 0x00000001
core   0: 0x8000b310 (0xff9ff06f) j       pc - 0x8
core   0: 3 0x8000b310 (0xff9ff06f)
core   0: 0x8000b308 (0x00001f17) auipc   t5, 0x1
core   0: 3 0x8000b308 (0x00001f17) x30 0x8000c308
core   0: 0x8000b30c (0xce3f2c23) sw      gp, -776(t5)
core   0: 3 0x8000b30c (0xce3f2c23) mem 0x8000c000 0x00000001
core   0: 0x8000b310 (0xff9ff06f) j       pc - 0x8
core   0: 3 0x8000b310 (0xff9ff06f)
core   0: 0x8000b308 (0x00001f17) auipc   t5, 0x1
core   0: 3 0x8000b308 (0x00001f17) x30 0x8000c308
core   0: 0x8000b30c (0xce3f2c23) sw      gp, -776(t5)
core   0: 3 0x8000b30c (0xce3f2c23) mem 0x8000c000 0x00000001
core   0: 0x8000b310 (0xff9ff06f) j       pc - 0x8
core   0: 3 0x8000b310 (0xff9ff06f)
core   0: 0x8000b308 (0x00001f17) auipc   t5, 0x1
core   0: 3 0x8000b308 (0x00001f17) x30 0x8000c308
core   0: 0x8000b30c (0xce3f2c23) sw      gp, -776(t5)
core   0: 3 0x8000b30c (0xce3f2c23) mem 0x8000c000 0x00000001
core   0: 0x8000b310 (0xff9ff06f) j       pc - 0x8
core   0: 3 0x8000b310 (0xff9ff06f)
core   0: 0x8000b308 (0x00001f17) auipc   t5, 0x1
core   0: 3 0x8000b308 (0x00001f17) x30 0x8000c308
core   0: 0x8000b30c (0xce3f2c23) sw      gp, -776(t5)
core   0: 3 0x8000b30c (0xce3f2c23) mem 0x8000c000 0x00000001
core   0: 0x8000b310 (0xff9ff06f) j       pc - 0x8
core   0: 3 0x8000b310 (0xff9ff06f)
core   0: 0x8000b308 (0x00001f17) auipc   t5, 0x1
core   0: 3 0x8000b308 (0x00001f17) x30 0x8000c308
core   0: 0x8000b30c (0xce3f2c23) sw      gp, -776(t5)
core   0: 3 0x8000b30c (0xce3f2c23) mem 0x8000c000 0x00000001
core   0: 0x8000b310 (0xff9ff06f) j       pc - 0x8
core   0: 3 0x8000b310 (0xff9ff06f)
core   0: 0x8000b308 (0x00001f17) auipc   t5, 0x1
core   0: 3 0x8000b308 (0x00001f17) x30 0x8000c308
core   0: 0x8000b30c (0xce3f2c23) sw      gp, -776(t5)
core   0: 3 0x8000b30c (0xce3f2c23) mem 0x8000c000 0x00000001
core   0: 0x8000b310 (0xff9ff06f) j       pc - 0x8
core   0: 3 0x8000b310 (0xff9ff06f)
core   0: 0x8000b308 (0x00001f17) auipc   t5, 0x1
core   0: 3 0x8000b308 (0x00001f17) x30 0x8000c308
core   0: 0x8000b30c (0xce3f2c23) sw      gp, -776(t5)
core   0: 3 0x8000b30c (0xce3f2c23) mem 0x8000c000 0x00000001
core   0: 0x8000b310 (0xff9ff06f) j       pc - 0x8
core   0: 3 0x8000b310 (0xff9ff06f)
core   0: 0x8000b308 (0x00001f17) auipc   t5, 0x1
core   0: 3 0x8000b308 (0x00001f17) x30 0x8000c308
core   0: 0x8000b30c (0xce3f2c23) sw      gp, -776(t5)
core   0: 3 0x8000b30c (0xce3f2c23) mem 0x8000c000 0x00000001
core   0: 0x8000b310 (0xff9ff06f) j       pc - 0x8
core   0: 3 0x8000b310 (0xff9ff06f)
core   0: 0x8000b308 (0x00001f17) auipc   t5, 0x1
core   0: 3 0x8000b308 (0x00001f17) x30 0x8000c308
core   0: 0x8000b30c (0xce3f2c23) sw      gp, -776(t5)
core   0: 3 0x8000b30c (0xce3f2c23) mem 0x8000c000 0x00000001
core   0: 0x8000b310 (0xff9ff06f) j       pc - 0x8
core   0: 3 0x8000b310 (0xff9ff06f)
core   0: 0x8000b308 (0x00001f17) auipc   t5, 0x1
core   0: 3 0x8000b308 (0x00001f17) x30 0x8000c308
core   0: 0x8000b30c (0xce3f2c23) sw      gp, -776(t5)
core   0: 3 0x8000b30c (0xce3f2c23) mem 0x8000c000 0x00000001
core   0: 0x8000b310 (0xff9ff06f) j       pc - 0x8
core   0: 3 0x8000b310 (0xff9ff06f)
core   0: 0x8000b308 (0x00001f17) auipc   t5, 0x1
core   0: 3 0x8000b308 (0x00001f17) x30 0x8000c308
core   0: 0x8000b30c (0xce3f2c23) sw      gp, -776(t5)
core   0: 3 0x8000b30c (0xce3f2c23) mem 0x8000c000 0x00000001
core   0: 0x8000b310 (0xff9ff06f) j       pc - 0x8
core   0: 3 0x8000b310 (0xff9ff06f)
core   0: 0x8000b308 (0x00001f17) auipc   t5, 0x1
core   0: 3 0x8000b308 (0x00001f17) x30 0x8000c308
core   0: 0x8000b30c (0xce3f2c23) sw      gp, -776(t5)
core   0: 3 0x8000b30c (0xce3f2c23) mem 0x8000c000 0x00000001
core   0: 0x8000b310 (0xff9ff06f) j       pc - 0x8
core   0: 3 0x8000b310 (0xff9ff06f)
core   0: 0x8000b308 (0x00001f17) auipc   t5, 0x1
core   0: 3 0x8000b308 (0x00001f17) x30 0x8000c308
core   0: 0x8000b30c (0xce3f2c23) sw      gp, -776(t5)
core   0: 3 0x8000b30c (0xce3f2c23) mem 0x8000c000 0x00000001
core   0: 0x8000b310 (0xff9ff06f) j       pc - 0x8
core   0: 3 0x8000b310 (0xff9ff06f)
core   0: 0x8000b308 (0x00001f17) auipc   t5, 0x1
core   0: 3 0x8000b308 (0x00001f17) x30 0x8000c308
core   0: 0x8000b30c (0xce3f2c23) sw      gp, -776(t5)
core   0: 3 0x8000b30c (0xce3f2c23) mem 0x8000c000 0x00000001
core   0: 0x8000b310 (0xff9ff06f) j       pc - 0x8
core   0: 3 0x8000b310 (0xff9ff06f)
core   0: 0x8000b308 (0x00001f17) auipc   t5, 0x1
core   0: 3 0x8000b308 (0x00001f17) x30 0x8000c308
core   0: 0x8000b30c (0xce3f2c23) sw      gp, -776(t5)
core   0: 3 0x8000b30c (0xce3f2c23) mem 0x8000c000 0x00000001
core   0: 0x8000b310 (0xff9ff06f) j       pc - 0x8
core   0: 3 0x8000b310 (0xff9ff06f)
core   0: 0x8000b308 (0x00001f17) auipc   t5, 0x1
core   0: 3 0x8000b308 (0x00001f17) x30 0x8000c308
core   0: 0x8000b30c (0xce3f2c23) sw      gp, -776(t5)
core   0: 3 0x8000b30c (0xce3f2c23) mem 0x8000c000 0x00000001
core   0: 0x8000b310 (0xff9ff06f) j       pc - 0x8
core   0: 3 0x8000b310 (0xff9ff06f)
core   0: 0x8000b308 (0x00001f17) auipc   t5, 0x1
core   0: 3 0x8000b308 (0x00001f17) x30 0x8000c308
core   0: 0x8000b30c (0xce3f2c23) sw      gp, -776(t5)
core   0: 3 0x8000b30c (0xce3f2c23) mem 0x8000c000 0x00000001
core   0: 0x8000b310 (0xff9ff06f) j       pc - 0x8
core   0: 3 0x8000b310 (0xff9ff06f)
core   0: 0x8000b308 (0x00001f17) auipc   t5, 0x1
core   0: 3 0x8000b308 (0x00001f17) x30 0x8000c308
core   0: 0x8000b30c (0xce3f2c23) sw      gp, -776(t5)
core   0: 3 0x8000b30c (0xce3f2c23) mem 0x8000c000 0x00000001
core   0: 0x8000b310 (0xff9ff06f) j       pc - 0x8
core   0: 3 0x8000b310 (0xff9ff06f)
core   0: 0x8000b308 (0x00001f17) auipc   t5, 0x1
core   0: 3 0x8000b308 (0x00001f17) x30 0x8000c308
core   0: 0x8000b30c (0xce3f2c23) sw      gp, -776(t5)
core   0: 3 0x8000b30c (0xce3f2c23) mem 0x8000c000 0x00000001
core   0: 0x8000b310 (0xff9ff06f) j       pc - 0x8
core   0: 3 0x8000b310 (0xff9ff06f)
core   0: 0x8000b308 (0x00001f17) auipc   t5, 0x1
core   0: 3 0x8000b308 (0x00001f17) x30 0x8000c308
core   0: 0x8000b30c (0xce3f2c23) sw      gp, -776(t5)
core   0: 3 0x8000b30c (0xce3f2c23) mem 0x8000c000 0x00000001
core   0: 0x8000b310 (0xff9ff06f) j       pc - 0x8
core   0: 3 0x8000b310 (0xff9ff06f)
core   0: 0x8000b308 (0x00001f17) auipc   t5, 0x1
core   0: 3 0x8000b308 (0x00001f17) x30 0x8000c308
core   0: 0x8000b30c (0xce3f2c23) sw      gp, -776(t5)
core   0: 3 0x8000b30c (0xce3f2c23) mem 0x8000c000 0x00000001
core   0: 0x8000b310 (0xff9ff06f) j       pc - 0x8
core   0: 3 0x8000b310 (0xff9ff06f)
core   0: 0x8000b308 (0x00001f17) auipc   t5, 0x1
core   0: 3 0x8000b308 (0x00001f17) x30 0x8000c308
core   0: 0x8000b30c (0xce3f2c23) sw      gp, -776(t5)
core   0: 3 0x8000b30c (0xce3f2c23) mem 0x8000c000 0x00000001
core   0: 0x8000b310 (0xff9ff06f) j       pc - 0x8
core   0: 3 0x8000b310 (0xff9ff06f)
core   0: 0x8000b308 (0x00001f17) auipc   t5, 0x1
core   0: 3 0x8000b308 (0x00001f17) x30 0x8000c308
core   0: 0x8000b30c (0xce3f2c23) sw      gp, -776(t5)
core   0: 3 0x8000b30c (0xce3f2c23) mem 0x8000c000 0x00000001
core   0: 0x8000b310 (0xff9ff06f) j       pc - 0x8
core   0: 3 0x8000b310 (0xff9ff06f)
core   0: 0x8000b308 (0x00001f17) auipc   t5, 0x1
core   0: 3 0x8000b308 (0x00001f17) x30 0x8000c308
core   0: 0x8000b30c (0xce3f2c23) sw      gp, -776(t5)
core   0: 3 0x8000b30c (0xce3f2c23) mem 0x8000c000 0x00000001
core   0: 0x8000b310 (0xff9ff06f) j       pc - 0x8
core   0: 3 0x8000b310 (0xff9ff06f)
core   0: 0x8000b308 (0x00001f17) auipc   t5, 0x1
core   0: 3 0x8000b308 (0x00001f17) x30 0x8000c308
core   0: 0x8000b30c (0xce3f2c23) sw      gp, -776(t5)
core   0: 3 0x8000b30c (0xce3f2c23) mem 0x8000c000 0x00000001
core   0: 0x8000b310 (0xff9ff06f) j       pc - 0x8
core   0: 3 0x8000b310 (0xff9ff06f)
core   0: 0x8000b308 (0x00001f17) auipc   t5, 0x1
core   0: 3 0x8000b308 (0x00001f17) x30 0x8000c308
core   0: 0x8000b30c (0xce3f2c23) sw      gp, -776(t5)
core   0: 3 0x8000b30c (0xce3f2c23) mem 0x8000c000 0x00000001
core   0: 0x8000b310 (0xff9ff06f) j       pc - 0x8
core   0: 3 0x8000b310 (0xff9ff06f)
core   0: 0x8000b308 (0x00001f17) auipc   t5, 0x1
core   0: 3 0x8000b308 (0x00001f17) x30 0x8000c308
core   0: 0x8000b30c (0xce3f2c23) sw      gp, -776(t5)
core   0: 3 0x8000b30c (0xce3f2c23) mem 0x8000c000 0x00000001
core   0: 0x8000b310 (0xff9ff06f) j       pc - 0x8
core   0: 3 0x8000b310 (0xff9ff06f)
core   0: 0x8000b308 (0x00001f17) auipc   t5, 0x1
core   0: 3 0x8000b308 (0x00001f17) x30 0x8000c308
core   0: 0x8000b30c (0xce3f2c23) sw      gp, -776(t5)
core   0: 3 0x8000b30c (0xce3f2c23) mem 0x8000c000 0x00000001
core   0: 0x8000b310 (0xff9ff06f) j       pc - 0x8
core   0: 3 0x8000b310 (0xff9ff06f)
core   0: 0x8000b308 (0x00001f17) auipc   t5, 0x1
core   0: 3 0x8000b308 (0x00001f17) x30 0x8000c308
core   0: 0x8000b30c (0xce3f2c23) sw      gp, -776(t5)
core   0: 3 0x8000b30c (0xce3f2c23) mem 0x8000c000 0x00000001
core   0: 0x8000b310 (0xff9ff06f) j       pc - 0x8
core   0: 3 0x8000b310 (0xff9ff06f)
core   0: 0x8000b308 (0x00001f17) auipc   t5, 0x1
core   0: 3 0x8000b308 (0x00001f17) x30 0x8000c308
core   0: 0x8000b30c (0xce3f2c23) sw      gp, -776(t5)
core   0: 3 0x8000b30c (0xce3f2c23) mem 0x8000c000 0x00000001
core   0: 0x8000b310 (0xff9ff06f) j       pc - 0x8
core   0: 3 0x8000b310 (0xff9ff06f)
core   0: 0x8000b308 (0x00001f17) auipc   t5, 0x1
core   0: 3 0x8000b308 (0x00001f17) x30 0x8000c308
core   0: 0x8000b30c (0xce3f2c23) sw      gp, -776(t5)
core   0: 3 0x8000b30c (0xce3f2c23) mem 0x8000c000 0x00000001
core   0: 0x8000b310 (0xff9ff06f) j       pc - 0x8
core   0: 3 0x8000b310 (0xff9ff06f)
core   0: 0x8000b308 (0x00001f17) auipc   t5, 0x1
core   0: 3 0x8000b308 (0x00001f17) x30 0x8000c308
core   0: 0x8000b30c (0xce3f2c23) sw      gp, -776(t5)
core   0: 3 0x8000b30c (0xce3f2c23) mem 0x8000c000 0x00000001
core   0: 0x8000b310 (0xff9ff06f) j       pc - 0x8
core   0: 3 0x8000b310 (0xff9ff06f)
core   0: 0x8000b308 (0x00001f17) auipc   t5, 0x1
core   0: 3 0x8000b308 (0x00001f17) x30 0x8000c308
core   0: 0x8000b30c (0xce3f2c23) sw      gp, -776(t5)
core   0: 3 0x8000b30c (0xce3f2c23) mem 0x8000c000 0x00000001
core   0: 0x8000b310 (0xff9ff06f) j       pc - 0x8
core   0: 3 0x8000b310 (0xff9ff06f)
core   0: 0x8000b308 (0x00001f17) auipc   t5, 0x1
core   0: 3 0x8000b308 (0x00001f17) x30 0x8000c308
core   0: 0x8000b30c (0xce3f2c23) sw      gp, -776(t5)
core   0: 3 0x8000b30c (0xce3f2c23) mem 0x8000c000 0x00000001
core   0: 0x8000b310 (0xff9ff06f) j       pc - 0x8
core   0: 3 0x8000b310 (0xff9ff06f)
core   0: 0x8000b308 (0x00001f17) auipc   t5, 0x1
core   0: 3 0x8000b308 (0x00001f17) x30 0x8000c308
core   0: 0x8000b30c (0xce3f2c23) sw      gp, -776(t5)
core   0: 3 0x8000b30c (0xce3f2c23) mem 0x8000c000 0x00000001
core   0: 0x8000b310 (0xff9ff06f) j       pc - 0x8
core   0: 3 0x8000b310 (0xff9ff06f)
core   0: 0x8000b308 (0x00001f17) auipc   t5, 0x1
core   0: 3 0x8000b308 (0x00001f17) x30 0x8000c308
core   0: 0x8000b30c (0xce3f2c23) sw      gp, -776(t5)
core   0: 3 0x8000b30c (0xce3f2c23) mem 0x8000c000 0x00000001
core   0: 0x8000b310 (0xff9ff06f) j       pc - 0x8
core   0: 3 0x8000b310 (0xff9ff06f)
core   0: 0x8000b308 (0x00001f17) auipc   t5, 0x1
core   0: 3 0x8000b308 (0x00001f17) x30 0x8000c308
core   0: 0x8000b30c (0xce3f2c23) sw      gp, -776(t5)
core   0: 3 0x8000b30c (0xce3f2c23) mem 0x8000c000 0x00000001
core   0: 0x8000b310 (0xff9ff06f) j       pc - 0x8
core   0: 3 0x8000b310 (0xff9ff06f)
core   0: 0x8000b308 (0x00001f17) auipc   t5, 0x1
core   0: 3 0x8000b308 (0x00001f17) x30 0x8000c308
core   0: 0x8000b30c (0xce3f2c23) sw      gp, -776(t5)
core   0: 3 0x8000b30c (0xce3f2c23) mem 0x8000c000 0x00000001
core   0: 0x8000b310 (0xff9ff06f) j       pc - 0x8
core   0: 3 0x8000b310 (0xff9ff06f)
core   0: 0x8000b308 (0x00001f17) auipc   t5, 0x1
core   0: 3 0x8000b308 (0x00001f17) x30 0x8000c308
core   0: 0x8000b30c (0xce3f2c23) sw      gp, -776(t5)
core   0: 3 0x8000b30c (0xce3f2c23) mem 0x8000c000 0x00000001
core   0: 0x8000b310 (0xff9ff06f) j       pc - 0x8
core   0: 3 0x8000b310 (0xff9ff06f)
core   0: 0x8000b308 (0x00001f17) auipc   t5, 0x1
core   0: 3 0x8000b308 (0x00001f17) x30 0x8000c308
core   0: 0x8000b30c (0xce3f2c23) sw      gp, -776(t5)
core   0: 3 0x8000b30c (0xce3f2c23) mem 0x8000c000 0x00000001
core   0: 0x8000b310 (0xff9ff06f) j       pc - 0x8
core   0: 3 0x8000b310 (0xff9ff06f)
core   0: 0x8000b308 (0x00001f17) auipc   t5, 0x1
core   0: 3 0x8000b308 (0x00001f17) x30 0x8000c308
core   0: 0x8000b30c (0xce3f2c23) sw      gp, -776(t5)
core   0: 3 0x8000b30c (0xce3f2c23) mem 0x8000c000 0x00000001
core   0: 0x8000b310 (0xff9ff06f) j       pc - 0x8
core   0: 3 0x8000b310 (0xff9ff06f)
core   0: 0x8000b308 (0x00001f17) auipc   t5, 0x1
core   0: 3 0x8000b308 (0x00001f17) x30 0x8000c308
core   0: 0x8000b30c (0xce3f2c23) sw      gp, -776(t5)
core   0: 3 0x8000b30c (0xce3f2c23) mem 0x8000c000 0x00000001
core   0: 0x8000b310 (0xff9ff06f) j       pc - 0x8
core   0: 3 0x8000b310 (0xff9ff06f)
core   0: 0x8000b308 (0x00001f17) auipc   t5, 0x1
core   0: 3 0x8000b308 (0x00001f17) x30 0x8000c308
core   0: 0x8000b30c (0xce3f2c23) sw      gp, -776(t5)
core   0: 3 0x8000b30c (0xce3f2c23) mem 0x8000c000 0x00000001
core   0: 0x8000b310 (0xff9ff06f) j       pc - 0x8
core   0: 3 0x8000b310 (0xff9ff06f)
core   0: 0x8000b308 (0x00001f17) auipc   t5, 0x1
core   0: 3 0x8000b308 (0x00001f17) x30 0x8000c308
core   0: 0x8000b30c (0xce3f2c23) sw      gp, -776(t5)
core   0: 3 0x8000b30c (0xce3f2c23) mem 0x8000c000 0x00000001
core   0: 0x8000b310 (0xff9ff06f) j       pc - 0x8
core   0: 3 0x8000b310 (0xff9ff06f)
core   0: 0x8000b308 (0x00001f17) auipc   t5, 0x1
core   0: 3 0x8000b308 (0x00001f17) x30 0x8000c308
core   0: 0x8000b30c (0xce3f2c23) sw      gp, -776(t5)
core   0: 3 0x8000b30c (0xce3f2c23) mem 0x8000c000 0x00000001
core   0: 0x8000b310 (0xff9ff06f) j       pc - 0x8
core   0: 3 0x8000b310 (0xff9ff06f)
core   0: 0x8000b308 (0x00001f17) auipc   t5, 0x1
core   0: 3 0x8000b308 (0x00001f17) x30 0x8000c308
core   0: 0x8000b30c (0xce3f2c23) sw      gp, -776(t5)
core   0: 3 0x8000b30c (0xce3f2c23) mem 0x8000c000 0x00000001
core   0: 0x8000b310 (0xff9ff06f) j       pc - 0x8
core   0: 3 0x8000b310 (0xff9ff06f)
core   0: 0x8000b308 (0x00001f17) auipc   t5, 0x1
core   0: 3 0x8000b308 (0x00001f17) x30 0x8000c308
core   0: 0x8000b30c (0xce3f2c23) sw      gp, -776(t5)
core   0: 3 0x8000b30c (0xce3f2c23) mem 0x8000c000 0x00000001
core   0: 0x8000b310 (0xff9ff06f) j       pc - 0x8
core   0: 3 0x8000b310 (0xff9ff06f)
core   0: 0x8000b308 (0x00001f17) auipc   t5, 0x1
core   0: 3 0x8000b308 (0x00001f17) x30 0x8000c308
core   0: 0x8000b30c (0xce3f2c23) sw      gp, -776(t5)
core   0: 3 0x8000b30c (0xce3f2c23) mem 0x8000c000 0x00000001
core   0: 0x8000b310 (0xff9ff06f) j       pc - 0x8
core   0: 3 0x8000b310 (0xff9ff06f)
core   0: 0x8000b308 (0x00001f17) auipc   t5, 0x1
core   0: 3 0x8000b308 (0x00001f17) x30 0x8000c308
core   0: 0x8000b30c (0xce3f2c23) sw      gp, -776(t5)
core   0: 3 0x8000b30c (0xce3f2c23) mem 0x8000c000 0x00000001
core   0: 0x8000b310 (0xff9ff06f) j       pc - 0x8
core   0: 3 0x8000b310 (0xff9ff06f)
core   0: 0x8000b308 (0x00001f17) auipc   t5, 0x1
core   0: 3 0x8000b308 (0x00001f17) x30 0x8000c308
core   0: 0x8000b30c (0xce3f2c23) sw      gp, -776(t5)
core   0: 3 0x8000b30c (0xce3f2c23) mem 0x8000c000 0x00000001
core   0: 0x8000b310 (0xff9ff06f) j       pc - 0x8
core   0: 3 0x8000b310 (0xff9ff06f)
core   0: 0x8000b308 (0x00001f17) auipc   t5, 0x1
core   0: 3 0x8000b308 (0x00001f17) x30 0x8000c308
core   0: 0x8000b30c (0xce3f2c23) sw      gp, -776(t5)
core   0: 3 0x8000b30c (0xce3f2c23) mem 0x8000c000 0x00000001
core   0: 0x8000b310 (0xff9ff06f) j       pc - 0x8
core   0: 3 0x8000b310 (0xff9ff06f)
core   0: 0x8000b308 (0x00001f17) auipc   t5, 0x1
core   0: 3 0x8000b308 (0x00001f17) x30 0x8000c308
core   0: 0x8000b30c (0xce3f2c23) sw      gp, -776(t5)
core   0: 3 0x8000b30c (0xce3f2c23) mem 0x8000c000 0x00000001
core   0: 0x8000b310 (0xff9ff06f) j       pc - 0x8
core   0: 3 0x8000b310 (0xff9ff06f)
core   0: 0x8000b308 (0x00001f17) auipc   t5, 0x1
core   0: 3 0x8000b308 (0x00001f17) x30 0x8000c308
core   0: 0x8000b30c (0xce3f2c23) sw      gp, -776(t5)
core   0: 3 0x8000b30c (0xce3f2c23) mem 0x8000c000 0x00000001
core   0: 0x8000b310 (0xff9ff06f) j       pc - 0x8
core   0: 3 0x8000b310 (0xff9ff06f)
core   0: 0x8000b308 (0x00001f17) auipc   t5, 0x1
core   0: 3 0x8000b308 (0x00001f17) x30 0x8000c308
core   0: 0x8000b30c (0xce3f2c23) sw      gp, -776(t5)
core   0: 3 0x8000b30c (0xce3f2c23) mem 0x8000c000 0x00000001
core   0: 0x8000b310 (0xff9ff06f) j       pc - 0x8
core   0: 3 0x8000b310 (0xff9ff06f)
core   0: 0x8000b308 (0x00001f17) auipc   t5, 0x1
core   0: 3 0x8000b308 (0x00001f17) x30 0x8000c308
core   0: 0x8000b30c (0xce3f2c23) sw      gp, -776(t5)
core   0: 3 0x8000b30c (0xce3f2c23) mem 0x8000c000 0x00000001
core   0: 0x8000b310 (0xff9ff06f) j       pc - 0x8
core   0: 3 0x8000b310 (0xff9ff06f)
core   0: 0x8000b308 (0x00001f17) auipc   t5, 0x1
core   0: 3 0x8000b308 (0x00001f17) x30 0x8000c308
core   0: 0x8000b30c (0xce3f2c23) sw      gp, -776(t5)
core   0: 3 0x8000b30c (0xce3f2c23) mem 0x8000c000 0x00000001
core   0: 0x8000b310 (0xff9ff06f) j       pc - 0x8
core   0: 3 0x8000b310 (0xff9ff06f)
core   0: 0x8000b308 (0x00001f17) auipc   t5, 0x1
core   0: 3 0x8000b308 (0x00001f17) x30 0x8000c308
core   0: 0x8000b30c (0xce3f2c23) sw      gp, -776(t5)
core   0: 3 0x8000b30c (0xce3f2c23) mem 0x8000c000 0x00000001
core   0: 0x8000b310 (0xff9ff06f) j       pc - 0x8
core   0: 3 0x8000b310 (0xff9ff06f)
core   0: 0x8000b308 (0x00001f17) auipc   t5, 0x1
core   0: 3 0x8000b308 (0x00001f17) x30 0x8000c308
core   0: 0x8000b30c (0xce3f2c23) sw      gp, -776(t5)
core   0: 3 0x8000b30c (0xce3f2c23) mem 0x8000c000 0x00000001
core   0: 0x8000b310 (0xff9ff06f) j       pc - 0x8
core   0: 3 0x8000b310 (0xff9ff06f)
core   0: 0x8000b308 (0x00001f17) auipc   t5, 0x1
core   0: 3 0x8000b308 (0x00001f17) x30 0x8000c308
core   0: 0x8000b30c (0xce3f2c23) sw      gp, -776(t5)
core   0: 3 0x8000b30c (0xce3f2c23) mem 0x8000c000 0x00000001
core   0: 0x8000b310 (0xff9ff06f) j       pc - 0x8
core   0: 3 0x8000b310 (0xff9ff06f)
core   0: 0x8000b308 (0x00001f17) auipc   t5, 0x1
core   0: 3 0x8000b308 (0x00001f17) x30 0x8000c308
core   0: 0x8000b30c (0xce3f2c23) sw      gp, -776(t5)
core   0: 3 0x8000b30c (0xce3f2c23) mem 0x8000c000 0x00000001
core   0: 0x8000b310 (0xff9ff06f) j       pc - 0x8
core   0: 3 0x8000b310 (0xff9ff06f)
core   0: 0x8000b308 (0x00001f17) auipc   t5, 0x1
core   0: 3 0x8000b308 (0x00001f17) x30 0x8000c308
core   0: 0x8000b30c (0xce3f2c23) sw      gp, -776(t5)
core   0: 3 0x8000b30c (0xce3f2c23) mem 0x8000c000 0x00000001
core   0: 0x8000b310 (0xff9ff06f) j       pc - 0x8
core   0: 3 0x8000b310 (0xff9ff06f)
core   0: 0x8000b308 (0x00001f17) auipc   t5, 0x1
core   0: 3 0x8000b308 (0x00001f17) x30 0x8000c308
core   0: 0x8000b30c (0xce3f2c23) sw      gp, -776(t5)
core   0: 3 0x8000b30c (0xce3f2c23) mem 0x8000c000 0x00000001
core   0: 0x8000b310 (0xff9ff06f) j       pc - 0x8
core   0: 3 0x8000b310 (0xff9ff06f)
core   0: 0x8000b308 (0x00001f17) auipc   t5, 0x1
core   0: 3 0x8000b308 (0x00001f17) x30 0x8000c308
core   0: 0x8000b30c (0xce3f2c23) sw      gp, -776(t5)
core   0: 3 0x8000b30c (0xce3f2c23) mem 0x8000c000 0x00000001
core   0: 0x8000b310 (0xff9ff06f) j       pc - 0x8
core   0: 3 0x8000b310 (0xff9ff06f)
core   0: 0x8000b308 (0x00001f17) auipc   t5, 0x1
core   0: 3 0x8000b308 (0x00001f17) x30 0x8000c308
core   0: 0x8000b30c (0xce3f2c23) sw      gp, -776(t5)
core   0: 3 0x8000b30c (0xce3f2c23) mem 0x8000c000 0x00000001
core   0: 0x8000b310 (0xff9ff06f) j       pc - 0x8
core   0: 3 0x8000b310 (0xff9ff06f)
core   0: 0x8000b308 (0x00001f17) auipc   t5, 0x1
core   0: 3 0x8000b308 (0x00001f17) x30 0x8000c308
core   0: 0x8000b30c (0xce3f2c23) sw      gp, -776(t5)
core   0: 3 0x8000b30c (0xce3f2c23) mem 0x8000c000 0x00000001
core   0: 0x8000b310 (0xff9ff06f) j       pc - 0x8
core   0: 3 0x8000b310 (0xff9ff06f)
core   0: 0x8000b308 (0x00001f17) auipc   t5, 0x1
core   0: 3 0x8000b308 (0x00001f17) x30 0x8000c308
core   0: 0x8000b30c (0xce3f2c23) sw      gp, -776(t5)
core   0: 3 0x8000b30c (0xce3f2c23) mem 0x8000c000 0x00000001
core   0: 0x8000b310 (0xff9ff06f) j       pc - 0x8
core   0: 3 0x8000b310 (0xff9ff06f)
core   0: 0x8000b308 (0x00001f17) auipc   t5, 0x1
core   0: 3 0x8000b308 (0x00001f17) x30 0x8000c308
core   0: 0x8000b30c (0xce3f2c23) sw      gp, -776(t5)
core   0: 3 0x8000b30c (0xce3f2c23) mem 0x8000c000 0x00000001
core   0: 0x8000b310 (0xff9ff06f) j       pc - 0x8
core   0: 3 0x8000b310 (0xff9ff06f)
core   0: 0x8000b308 (0x00001f17) auipc   t5, 0x1
core   0: 3 0x8000b308 (0x00001f17) x30 0x8000c308
core   0: 0x8000b30c (0xce3f2c23) sw      gp, -776(t5)
core   0: 3 0x8000b30c (0xce3f2c23) mem 0x8000c000 0x00000001
core   0: 0x8000b310 (0xff9ff06f) j       pc - 0x8
core   0: 3 0x8000b310 (0xff9ff06f)
core   0: 0x8000b308 (0x00001f17) auipc   t5, 0x1
core   0: 3 0x8000b308 (0x00001f17) x30 0x8000c308
core   0: 0x8000b30c (0xce3f2c23) sw      gp, -776(t5)
core   0: 3 0x8000b30c (0xce3f2c23) mem 0x8000c000 0x00000001
core   0: 0x8000b310 (0xff9ff06f) j       pc - 0x8
core   0: 3 0x8000b310 (0xff9ff06f)
core   0: 0x8000b308 (0x00001f17) auipc   t5, 0x1
core   0: 3 0x8000b308 (0x00001f17) x30 0x8000c308
core   0: 0x8000b30c (0xce3f2c23) sw      gp, -776(t5)
core   0: 3 0x8000b30c (0xce3f2c23) mem 0x8000c000 0x00000001
core   0: 0x8000b310 (0xff9ff06f) j       pc - 0x8
core   0: 3 0x8000b310 (0xff9ff06f)
core   0: 0x8000b308 (0x00001f17) auipc   t5, 0x1
core   0: 3 0x8000b308 (0x00001f17) x30 0x8000c308
core   0: 0x8000b30c (0xce3f2c23) sw      gp, -776(t5)
core   0: 3 0x8000b30c (0xce3f2c23) mem 0x8000c000 0x00000001
core   0: 0x8000b310 (0xff9ff06f) j       pc - 0x8
core   0: 3 0x8000b310 (0xff9ff06f)
core   0: 0x8000b308 (0x00001f17) auipc   t5, 0x1
core   0: 3 0x8000b308 (0x00001f17) x30 0x8000c308
core   0: 0x8000b30c (0xce3f2c23) sw      gp, -776(t5)
core   0: 3 0x8000b30c (0xce3f2c23) mem 0x8000c000 0x00000001
core   0: 0x8000b310 (0xff9ff06f) j       pc - 0x8
core   0: 3 0x8000b310 (0xff9ff06f)
core   0: 0x8000b308 (0x00001f17) auipc   t5, 0x1
core   0: 3 0x8000b308 (0x00001f17) x30 0x8000c308
core   0: 0x8000b30c (0xce3f2c23) sw      gp, -776(t5)
core   0: 3 0x8000b30c (0xce3f2c23) mem 0x8000c000 0x00000001
core   0: 0x8000b310 (0xff9ff06f) j       pc - 0x8
core   0: 3 0x8000b310 (0xff9ff06f)
core   0: 0x8000b308 (0x00001f17) auipc   t5, 0x1
core   0: 3 0x8000b308 (0x00001f17) x30 0x8000c308
core   0: 0x8000b30c (0xce3f2c23) sw      gp, -776(t5)
core   0: 3 0x8000b30c (0xce3f2c23) mem 0x8000c000 0x00000001
core   0: 0x8000b310 (0xff9ff06f) j       pc - 0x8
core   0: 3 0x8000b310 (0xff9ff06f)
core   0: 0x8000b308 (0x00001f17) auipc   t5, 0x1
core   0: 3 0x8000b308 (0x00001f17) x30 0x8000c308
core   0: 0x8000b30c (0xce3f2c23) sw      gp, -776(t5)
core   0: 3 0x8000b30c (0xce3f2c23) mem 0x8000c000 0x00000001
core   0: 0x8000b310 (0xff9ff06f) j       pc - 0x8
core   0: 3 0x8000b310 (0xff9ff06f)
core   0: 0x8000b308 (0x00001f17) auipc   t5, 0x1
core   0: 3 0x8000b308 (0x00001f17) x30 0x8000c308
core   0: 0x8000b30c (0xce3f2c23) sw      gp, -776(t5)
core   0: 3 0x8000b30c (0xce3f2c23) mem 0x8000c000 0x00000001
core   0: 0x8000b310 (0xff9ff06f) j       pc - 0x8
core   0: 3 0x8000b310 (0xff9ff06f)
core   0: 0x8000b308 (0x00001f17) auipc   t5, 0x1
core   0: 3 0x8000b308 (0x00001f17) x30 0x8000c308
core   0: 0x8000b30c (0xce3f2c23) sw      gp, -776(t5)
core   0: 3 0x8000b30c (0xce3f2c23) mem 0x8000c000 0x00000001
core   0: 0x8000b310 (0xff9ff06f) j       pc - 0x8
core   0: 3 0x8000b310 (0xff9ff06f)
core   0: 0x8000b308 (0x00001f17) auipc   t5, 0x1
core   0: 3 0x8000b308 (0x00001f17) x30 0x8000c308
core   0: 0x8000b30c (0xce3f2c23) sw      gp, -776(t5)
core   0: 3 0x8000b30c (0xce3f2c23) mem 0x8000c000 0x00000001
core   0: 0x8000b310 (0xff9ff06f) j       pc - 0x8
core   0: 3 0x8000b310 (0xff9ff06f)
core   0: 0x8000b308 (0x00001f17) auipc   t5, 0x1
core   0: 3 0x8000b308 (0x00001f17) x30 0x8000c308
core   0: 0x8000b30c (0xce3f2c23) sw      gp, -776(t5)
core   0: 3 0x8000b30c (0xce3f2c23) mem 0x8000c000 0x00000001
core   0: 0x8000b310 (0xff9ff06f) j       pc - 0x8
core   0: 3 0x8000b310 (0xff9ff06f)
core   0: 0x8000b308 (0x00001f17) auipc   t5, 0x1
core   0: 3 0x8000b308 (0x00001f17) x30 0x8000c308
core   0: 0x8000b30c (0xce3f2c23) sw      gp, -776(t5)
core   0: 3 0x8000b30c (0xce3f2c23) mem 0x8000c000 0x00000001
core   0: 0x8000b310 (0xff9ff06f) j       pc - 0x8
core   0: 3 0x8000b310 (0xff9ff06f)
core   0: 0x8000b308 (0x00001f17) auipc   t5, 0x1
core   0: 3 0x8000b308 (0x00001f17) x30 0x8000c308
core   0: 0x8000b30c (0xce3f2c23) sw      gp, -776(t5)
core   0: 3 0x8000b30c (0xce3f2c23) mem 0x8000c000 0x00000001
core   0: 0x8000b310 (0xff9ff06f) j       pc - 0x8
core   0: 3 0x8000b310 (0xff9ff06f)
core   0: 0x8000b308 (0x00001f17) auipc   t5, 0x1
core   0: 3 0x8000b308 (0x00001f17) x30 0x8000c308
core   0: 0x8000b30c (0xce3f2c23) sw      gp, -776(t5)
core   0: 3 0x8000b30c (0xce3f2c23) mem 0x8000c000 0x00000001
core   0: 0x8000b310 (0xff9ff06f) j       pc - 0x8
core   0: 3 0x8000b310 (0xff9ff06f)
core   0: 0x8000b308 (0x00001f17) auipc   t5, 0x1
core   0: 3 0x8000b308 (0x00001f17) x30 0x8000c308
core   0: 0x8000b30c (0xce3f2c23) sw      gp, -776(t5)
core   0: 3 0x8000b30c (0xce3f2c23) mem 0x8000c000 0x00000001
core   0: 0x8000b310 (0xff9ff06f) j       pc - 0x8
core   0: 3 0x8000b310 (0xff9ff06f)
core   0: 0x8000b308 (0x00001f17) auipc   t5, 0x1
core   0: 3 0x8000b308 (0x00001f17) x30 0x8000c308
core   0: 0x8000b30c (0xce3f2c23) sw      gp, -776(t5)
core   0: 3 0x8000b30c (0xce3f2c23) mem 0x8000c000 0x00000001
core   0: 0x8000b310 (0xff9ff06f) j       pc - 0x8
core   0: 3 0x8000b310 (0xff9ff06f)
core   0: 0x8000b308 (0x00001f17) auipc   t5, 0x1
core   0: 3 0x8000b308 (0x00001f17) x30 0x8000c308
core   0: 0x8000b30c (0xce3f2c23) sw      gp, -776(t5)
core   0: 3 0x8000b30c (0xce3f2c23) mem 0x8000c000 0x00000001
core   0: 0x8000b310 (0xff9ff06f) j       pc - 0x8
core   0: 3 0x8000b310 (0xff9ff06f)
core   0: 0x8000b308 (0x00001f17) auipc   t5, 0x1
core   0: 3 0x8000b308 (0x00001f17) x30 0x8000c308
core   0: 0x8000b30c (0xce3f2c23) sw      gp, -776(t5)
core   0: 3 0x8000b30c (0xce3f2c23) mem 0x8000c000 0x00000001
core   0: 0x8000b310 (0xff9ff06f) j       pc - 0x8
core   0: 3 0x8000b310 (0xff9ff06f)
core   0: 0x8000b308 (0x00001f17) auipc   t5, 0x1
core   0: 3 0x8000b308 (0x00001f17) x30 0x8000c308
core   0: 0x8000b30c (0xce3f2c23) sw      gp, -776(t5)
core   0: 3 0x8000b30c (0xce3f2c23) mem 0x8000c000 0x00000001
core   0: 0x8000b310 (0xff9ff06f) j       pc - 0x8
core   0: 3 0x8000b310 (0xff9ff06f)
core   0: 0x8000b308 (0x00001f17) auipc   t5, 0x1
core   0: 3 0x8000b308 (0x00001f17) x30 0x8000c308
core   0: 0x8000b30c (0xce3f2c23) sw      gp, -776(t5)
core   0: 3 0x8000b30c (0xce3f2c23) mem 0x8000c000 0x00000001
core   0: 0x8000b310 (0xff9ff06f) j       pc - 0x8
core   0: 3 0x8000b310 (0xff9ff06f)
core   0: 0x8000b308 (0x00001f17) auipc   t5, 0x1
core   0: 3 0x8000b308 (0x00001f17) x30 0x8000c308
core   0: 0x8000b30c (0xce3f2c23) sw      gp, -776(t5)
core   0: 3 0x8000b30c (0xce3f2c23) mem 0x8000c000 0x00000001
core   0: 0x8000b310 (0xff9ff06f) j       pc - 0x8
core   0: 3 0x8000b310 (0xff9ff06f)
core   0: 0x8000b308 (0x00001f17) auipc   t5, 0x1
core   0: 3 0x8000b308 (0x00001f17) x30 0x8000c308
core   0: 0x8000b30c (0xce3f2c23) sw      gp, -776(t5)
core   0: 3 0x8000b30c (0xce3f2c23) mem 0x8000c000 0x00000001
core   0: 0x8000b310 (0xff9ff06f) j       pc - 0x8
core   0: 3 0x8000b310 (0xff9ff06f)
core   0: 0x8000b308 (0x00001f17) auipc   t5, 0x1
core   0: 3 0x8000b308 (0x00001f17) x30 0x8000c308
core   0: 0x8000b30c (0xce3f2c23) sw      gp, -776(t5)
core   0: 3 0x8000b30c (0xce3f2c23) mem 0x8000c000 0x00000001
core   0: 0x8000b310 (0xff9ff06f) j       pc - 0x8
core   0: 3 0x8000b310 (0xff9ff06f)
core   0: 0x8000b308 (0x00001f17) auipc   t5, 0x1
core   0: 3 0x8000b308 (0x00001f17) x30 0x8000c308
core   0: 0x8000b30c (0xce3f2c23) sw      gp, -776(t5)
core   0: 3 0x8000b30c (0xce3f2c23) mem 0x8000c000 0x00000001
core   0: 0x8000b310 (0xff9ff06f) j       pc - 0x8
core   0: 3 0x8000b310 (0xff9ff06f)
core   0: 0x8000b308 (0x00001f17) auipc   t5, 0x1
core   0: 3 0x8000b308 (0x00001f17) x30 0x8000c308
core   0: 0x8000b30c (0xce3f2c23) sw      gp, -776(t5)
core   0: 3 0x8000b30c (0xce3f2c23) mem 0x8000c000 0x00000001
core   0: 0x8000b310 (0xff9ff06f) j       pc - 0x8
core   0: 3 0x8000b310 (0xff9ff06f)
core   0: 0x8000b308 (0x00001f17) auipc   t5, 0x1
core   0: 3 0x8000b308 (0x00001f17) x30 0x8000c308
core   0: 0x8000b30c (0xce3f2c23) sw      gp, -776(t5)
core   0: 3 0x8000b30c (0xce3f2c23) mem 0x8000c000 0x00000001
core   0: 0x8000b310 (0xff9ff06f) j       pc - 0x8
core   0: 3 0x8000b310 (0xff9ff06f)
core   0: 0x8000b308 (0x00001f17) auipc   t5, 0x1
core   0: 3 0x8000b308 (0x00001f17) x30 0x8000c308
core   0: 0x8000b30c (0xce3f2c23) sw      gp, -776(t5)
core   0: 3 0x8000b30c (0xce3f2c23) mem 0x8000c000 0x00000001
core   0: 0x8000b310 (0xff9ff06f) j       pc - 0x8
core   0: 3 0x8000b310 (0xff9ff06f)
core   0: 0x8000b308 (0x00001f17) auipc   t5, 0x1
core   0: 3 0x8000b308 (0x00001f17) x30 0x8000c308
core   0: 0x8000b30c (0xce3f2c23) sw      gp, -776(t5)
core   0: 3 0x8000b30c (0xce3f2c23) mem 0x8000c000 0x00000001
core   0: 0x8000b310 (0xff9ff06f) j       pc - 0x8
core   0: 3 0x8000b310 (0xff9ff06f)
core   0: 0x8000b308 (0x00001f17) auipc   t5, 0x1
core   0: 3 0x8000b308 (0x00001f17) x30 0x8000c308
core   0: 0x8000b30c (0xce3f2c23) sw      gp, -776(t5)
core   0: 3 0x8000b30c (0xce3f2c23) mem 0x8000c000 0x00000001
core   0: 0x8000b310 (0xff9ff06f) j       pc - 0x8
core   0: 3 0x8000b310 (0xff9ff06f)
core   0: 0x8000b308 (0x00001f17) auipc   t5, 0x1
core   0: 3 0x8000b308 (0x00001f17) x30 0x8000c308
core   0: 0x8000b30c (0xce3f2c23) sw      gp, -776(t5)
core   0: 3 0x8000b30c (0xce3f2c23) mem 0x8000c000 0x00000001
core   0: 0x8000b310 (0xff9ff06f) j       pc - 0x8
core   0: 3 0x8000b310 (0xff9ff06f)
core   0: 0x8000b308 (0x00001f17) auipc   t5, 0x1
core   0: 3 0x8000b308 (0x00001f17) x30 0x8000c308
core   0: 0x8000b30c (0xce3f2c23) sw      gp, -776(t5)
core   0: 3 0x8000b30c (0xce3f2c23) mem 0x8000c000 0x00000001
core   0: 0x8000b310 (0xff9ff06f) j       pc - 0x8
core   0: 3 0x8000b310 (0xff9ff06f)
core   0: 0x8000b308 (0x00001f17) auipc   t5, 0x1
core   0: 3 0x8000b308 (0x00001f17) x30 0x8000c308
core   0: 0x8000b30c (0xce3f2c23) sw      gp, -776(t5)
core   0: 3 0x8000b30c (0xce3f2c23) mem 0x8000c000 0x00000001
core   0: 0x8000b310 (0xff9ff06f) j       pc - 0x8
core   0: 3 0x8000b310 (0xff9ff06f)
core   0: 0x8000b308 (0x00001f17) auipc   t5, 0x1
core   0: 3 0x8000b308 (0x00001f17) x30 0x8000c308
core   0: 0x8000b30c (0xce3f2c23) sw      gp, -776(t5)
core   0: 3 0x8000b30c (0xce3f2c23) mem 0x8000c000 0x00000001
core   0: 0x8000b310 (0xff9ff06f) j       pc - 0x8
core   0: 3 0x8000b310 (0xff9ff06f)
core   0: 0x8000b308 (0x00001f17) auipc   t5, 0x1
core   0: 3 0x8000b308 (0x00001f17) x30 0x8000c308
core   0: 0x8000b30c (0xce3f2c23) sw      gp, -776(t5)
core   0: 3 0x8000b30c (0xce3f2c23) mem 0x8000c000 0x00000001
core   0: 0x8000b310 (0xff9ff06f) j       pc - 0x8
core   0: 3 0x8000b310 (0xff9ff06f)
core   0: 0x8000b308 (0x00001f17) auipc   t5, 0x1
core   0: 3 0x8000b308 (0x00001f17) x30 0x8000c308
core   0: 0x8000b30c (0xce3f2c23) sw      gp, -776(t5)
core   0: 3 0x8000b30c (0xce3f2c23) mem 0x8000c000 0x00000001
core   0: 0x8000b310 (0xff9ff06f) j       pc - 0x8
core   0: 3 0x8000b310 (0xff9ff06f)
core   0: 0x8000b308 (0x00001f17) auipc   t5, 0x1
core   0: 3 0x8000b308 (0x00001f17) x30 0x8000c308
core   0: 0x8000b30c (0xce3f2c23) sw      gp, -776(t5)
core   0: 3 0x8000b30c (0xce3f2c23) mem 0x8000c000 0x00000001
core   0: 0x8000b310 (0xff9ff06f) j       pc - 0x8
core   0: 3 0x8000b310 (0xff9ff06f)
core   0: 0x8000b308 (0x00001f17) auipc   t5, 0x1
core   0: 3 0x8000b308 (0x00001f17) x30 0x8000c308
core   0: 0x8000b30c (0xce3f2c23) sw      gp, -776(t5)
core   0: 3 0x8000b30c (0xce3f2c23) mem 0x8000c000 0x00000001
core   0: 0x8000b310 (0xff9ff06f) j       pc - 0x8
core   0: 3 0x8000b310 (0xff9ff06f)
core   0: 0x8000b308 (0x00001f17) auipc   t5, 0x1
core   0: 3 0x8000b308 (0x00001f17) x30 0x8000c308
core   0: 0x8000b30c (0xce3f2c23) sw      gp, -776(t5)
core   0: 3 0x8000b30c (0xce3f2c23) mem 0x8000c000 0x00000001
core   0: 0x8000b310 (0xff9ff06f) j       pc - 0x8
core   0: 3 0x8000b310 (0xff9ff06f)
core   0: 0x8000b308 (0x00001f17) auipc   t5, 0x1
core   0: 3 0x8000b308 (0x00001f17) x30 0x8000c308
core   0: 0x8000b30c (0xce3f2c23) sw      gp, -776(t5)
core   0: 3 0x8000b30c (0xce3f2c23) mem 0x8000c000 0x00000001
core   0: 0x8000b310 (0xff9ff06f) j       pc - 0x8
core   0: 3 0x8000b310 (0xff9ff06f)
core   0: 0x8000b308 (0x00001f17) auipc   t5, 0x1
core   0: 3 0x8000b308 (0x00001f17) x30 0x8000c308
core   0: 0x8000b30c (0xce3f2c23) sw      gp, -776(t5)
core   0: 3 0x8000b30c (0xce3f2c23) mem 0x8000c000 0x00000001
core   0: 0x8000b310 (0xff9ff06f) j       pc - 0x8
core   0: 3 0x8000b310 (0xff9ff06f)
core   0: 0x8000b308 (0x00001f17) auipc   t5, 0x1
core   0: 3 0x8000b308 (0x00001f17) x30 0x8000c308
core   0: 0x8000b30c (0xce3f2c23) sw      gp, -776(t5)
core   0: 3 0x8000b30c (0xce3f2c23) mem 0x8000c000 0x00000001
core   0: 0x8000b310 (0xff9ff06f) j       pc - 0x8
core   0: 3 0x8000b310 (0xff9ff06f)
core   0: 0x8000b308 (0x00001f17) auipc   t5, 0x1
core   0: 3 0x8000b308 (0x00001f17) x30 0x8000c308
core   0: 0x8000b30c (0xce3f2c23) sw      gp, -776(t5)
core   0: 3 0x8000b30c (0xce3f2c23) mem 0x8000c000 0x00000001
core   0: 0x8000b310 (0xff9ff06f) j       pc - 0x8
core   0: 3 0x8000b310 (0xff9ff06f)
core   0: 0x8000b308 (0x00001f17) auipc   t5, 0x1
core   0: 3 0x8000b308 (0x00001f17) x30 0x8000c308
core   0: 0x8000b30c (0xce3f2c23) sw      gp, -776(t5)
core   0: 3 0x8000b30c (0xce3f2c23) mem 0x8000c000 0x00000001
core   0: 0x8000b310 (0xff9ff06f) j       pc - 0x8
core   0: 3 0x8000b310 (0xff9ff06f)
core   0: 0x8000b308 (0x00001f17) auipc   t5, 0x1
core   0: 3 0x8000b308 (0x00001f17) x30 0x8000c308
core   0: 0x8000b30c (0xce3f2c23) sw      gp, -776(t5)
core   0: 3 0x8000b30c (0xce3f2c23) mem 0x8000c000 0x00000001
core   0: 0x8000b310 (0xff9ff06f) j       pc - 0x8
core   0: 3 0x8000b310 (0xff9ff06f)
core   0: 0x8000b308 (0x00001f17) auipc   t5, 0x1
core   0: 3 0x8000b308 (0x00001f17) x30 0x8000c308
core   0: 0x8000b30c (0xce3f2c23) sw      gp, -776(t5)
core   0: 3 0x8000b30c (0xce3f2c23) mem 0x8000c000 0x00000001
core   0: 0x8000b310 (0xff9ff06f) j       pc - 0x8
core   0: 3 0x8000b310 (0xff9ff06f)
core   0: 0x8000b308 (0x00001f17) auipc   t5, 0x1
core   0: 3 0x8000b308 (0x00001f17) x30 0x8000c308
core   0: 0x8000b30c (0xce3f2c23) sw      gp, -776(t5)
core   0: 3 0x8000b30c (0xce3f2c23) mem 0x8000c000 0x00000001
core   0: 0x8000b310 (0xff9ff06f) j       pc - 0x8
core   0: 3 0x8000b310 (0xff9ff06f)
core   0: 0x8000b308 (0x00001f17) auipc   t5, 0x1
core   0: 3 0x8000b308 (0x00001f17) x30 0x8000c308
core   0: 0x8000b30c (0xce3f2c23) sw      gp, -776(t5)
core   0: 3 0x8000b30c (0xce3f2c23) mem 0x8000c000 0x00000001
core   0: 0x8000b310 (0xff9ff06f) j       pc - 0x8
core   0: 3 0x8000b310 (0xff9ff06f)
core   0: 0x8000b308 (0x00001f17) auipc   t5, 0x1
core   0: 3 0x8000b308 (0x00001f17) x30 0x8000c308
core   0: 0x8000b30c (0xce3f2c23) sw      gp, -776(t5)
core   0: 3 0x8000b30c (0xce3f2c23) mem 0x8000c000 0x00000001
core   0: 0x8000b310 (0xff9ff06f) j       pc - 0x8
core   0: 3 0x8000b310 (0xff9ff06f)
core   0: 0x8000b308 (0x00001f17) auipc   t5, 0x1
core   0: 3 0x8000b308 (0x00001f17) x30 0x8000c308
core   0: 0x8000b30c (0xce3f2c23) sw      gp, -776(t5)
core   0: 3 0x8000b30c (0xce3f2c23) mem 0x8000c000 0x00000001
core   0: 0x8000b310 (0xff9ff06f) j       pc - 0x8
core   0: 3 0x8000b310 (0xff9ff06f)
core   0: 0x8000b308 (0x00001f17) auipc   t5, 0x1
core   0: 3 0x8000b308 (0x00001f17) x30 0x8000c308
core   0: 0x8000b30c (0xce3f2c23) sw      gp, -776(t5)
core   0: 3 0x8000b30c (0xce3f2c23) mem 0x8000c000 0x00000001
core   0: 0x8000b310 (0xff9ff06f) j       pc - 0x8
core   0: 3 0x8000b310 (0xff9ff06f)
core   0: 0x8000b308 (0x00001f17) auipc   t5, 0x1
core   0: 3 0x8000b308 (0x00001f17) x30 0x8000c308
core   0: 0x8000b30c (0xce3f2c23) sw      gp, -776(t5)
core   0: 3 0x8000b30c (0xce3f2c23) mem 0x8000c000 0x00000001
core   0: 0x8000b310 (0xff9ff06f) j       pc - 0x8
core   0: 3 0x8000b310 (0xff9ff06f)
core   0: 0x8000b308 (0x00001f17) auipc   t5, 0x1
core   0: 3 0x8000b308 (0x00001f17) x30 0x8000c308
core   0: 0x8000b30c (0xce3f2c23) sw      gp, -776(t5)
core   0: 3 0x8000b30c (0xce3f2c23) mem 0x8000c000 0x00000001
core   0: 0x8000b310 (0xff9ff06f) j       pc - 0x8
core   0: 3 0x8000b310 (0xff9ff06f)
core   0: 0x8000b308 (0x00001f17) auipc   t5, 0x1
core   0: 3 0x8000b308 (0x00001f17) x30 0x8000c308
core   0: 0x8000b30c (0xce3f2c23) sw      gp, -776(t5)
core   0: 3 0x8000b30c (0xce3f2c23) mem 0x8000c000 0x00000001
core   0: 0x8000b310 (0xff9ff06f) j       pc - 0x8
core   0: 3 0x8000b310 (0xff9ff06f)
core   0: 0x8000b308 (0x00001f17) auipc   t5, 0x1
core   0: 3 0x8000b308 (0x00001f17) x30 0x8000c308
core   0: 0x8000b30c (0xce3f2c23) sw      gp, -776(t5)
core   0: 3 0x8000b30c (0xce3f2c23) mem 0x8000c000 0x00000001
core   0: 0x8000b310 (0xff9ff06f) j       pc - 0x8
core   0: 3 0x8000b310 (0xff9ff06f)
core   0: 0x8000b308 (0x00001f17) auipc   t5, 0x1
core   0: 3 0x8000b308 (0x00001f17) x30 0x8000c308
core   0: 0x8000b30c (0xce3f2c23) sw      gp, -776(t5)
core   0: 3 0x8000b30c (0xce3f2c23) mem 0x8000c000 0x00000001
core   0: 0x8000b310 (0xff9ff06f) j       pc - 0x8
core   0: 3 0x8000b310 (0xff9ff06f)
core   0: 0x8000b308 (0x00001f17) auipc   t5, 0x1
core   0: 3 0x8000b308 (0x00001f17) x30 0x8000c308
core   0: 0x8000b30c (0xce3f2c23) sw      gp, -776(t5)
core   0: 3 0x8000b30c (0xce3f2c23) mem 0x8000c000 0x00000001
core   0: 0x8000b310 (0xff9ff06f) j       pc - 0x8
core   0: 3 0x8000b310 (0xff9ff06f)
core   0: 0x8000b308 (0x00001f17) auipc   t5, 0x1
core   0: 3 0x8000b308 (0x00001f17) x30 0x8000c308
core   0: 0x8000b30c (0xce3f2c23) sw      gp, -776(t5)
core   0: 3 0x8000b30c (0xce3f2c23) mem 0x8000c000 0x00000001
core   0: 0x8000b310 (0xff9ff06f) j       pc - 0x8
core   0: 3 0x8000b310 (0xff9ff06f)
core   0: 0x8000b308 (0x00001f17) auipc   t5, 0x1
core   0: 3 0x8000b308 (0x00001f17) x30 0x8000c308
core   0: 0x8000b30c (0xce3f2c23) sw      gp, -776(t5)
core   0: 3 0x8000b30c (0xce3f2c23) mem 0x8000c000 0x00000001
core   0: 0x8000b310 (0xff9ff06f) j       pc - 0x8
core   0: 3 0x8000b310 (0xff9ff06f)
core   0: 0x8000b308 (0x00001f17) auipc   t5, 0x1
core   0: 3 0x8000b308 (0x00001f17) x30 0x8000c308
core   0: 0x8000b30c (0xce3f2c23) sw      gp, -776(t5)
core   0: 3 0x8000b30c (0xce3f2c23) mem 0x8000c000 0x00000001
core   0: 0x8000b310 (0xff9ff06f) j       pc - 0x8
core   0: 3 0x8000b310 (0xff9ff06f)
core   0: 0x8000b308 (0x00001f17) auipc   t5, 0x1
core   0: 3 0x8000b308 (0x00001f17) x30 0x8000c308
core   0: 0x8000b30c (0xce3f2c23) sw      gp, -776(t5)
core   0: 3 0x8000b30c (0xce3f2c23) mem 0x8000c000 0x00000001
core   0: 0x8000b310 (0xff9ff06f) j       pc - 0x8
core   0: 3 0x8000b310 (0xff9ff06f)
core   0: 0x8000b308 (0x00001f17) auipc   t5, 0x1
core   0: 3 0x8000b308 (0x00001f17) x30 0x8000c308
core   0: 0x8000b30c (0xce3f2c23) sw      gp, -776(t5)
core   0: 3 0x8000b30c (0xce3f2c23) mem 0x8000c000 0x00000001
core   0: 0x8000b310 (0xff9ff06f) j       pc - 0x8
core   0: 3 0x8000b310 (0xff9ff06f)
core   0: 0x8000b308 (0x00001f17) auipc   t5, 0x1
core   0: 3 0x8000b308 (0x00001f17) x30 0x8000c308
core   0: 0x8000b30c (0xce3f2c23) sw      gp, -776(t5)
core   0: 3 0x8000b30c (0xce3f2c23) mem 0x8000c000 0x00000001
core   0: 0x8000b310 (0xff9ff06f) j       pc - 0x8
core   0: 3 0x8000b310 (0xff9ff06f)
core   0: 0x8000b308 (0x00001f17) auipc   t5, 0x1
core   0: 3 0x8000b308 (0x00001f17) x30 0x8000c308
core   0: 0x8000b30c (0xce3f2c23) sw      gp, -776(t5)
core   0: 3 0x8000b30c (0xce3f2c23) mem 0x8000c000 0x00000001
core   0: 0x8000b310 (0xff9ff06f) j       pc - 0x8
core   0: 3 0x8000b310 (0xff9ff06f)
core   0: 0x8000b308 (0x00001f17) auipc   t5, 0x1
core   0: 3 0x8000b308 (0x00001f17) x30 0x8000c308
core   0: 0x8000b30c (0xce3f2c23) sw      gp, -776(t5)
core   0: 3 0x8000b30c (0xce3f2c23) mem 0x8000c000 0x00000001
core   0: 0x8000b310 (0xff9ff06f) j       pc - 0x8
core   0: 3 0x8000b310 (0xff9ff06f)
core   0: 0x8000b308 (0x00001f17) auipc   t5, 0x1
core   0: 3 0x8000b308 (0x00001f17) x30 0x8000c308
core   0: 0x8000b30c (0xce3f2c23) sw      gp, -776(t5)
core   0: 3 0x8000b30c (0xce3f2c23) mem 0x8000c000 0x00000001
core   0: 0x8000b310 (0xff9ff06f) j       pc - 0x8
core   0: 3 0x8000b310 (0xff9ff06f)
core   0: 0x8000b308 (0x00001f17) auipc   t5, 0x1
core   0: 3 0x8000b308 (0x00001f17) x30 0x8000c308
core   0: 0x8000b30c (0xce3f2c23) sw      gp, -776(t5)
core   0: 3 0x8000b30c (0xce3f2c23) mem 0x8000c000 0x00000001
core   0: 0x8000b310 (0xff9ff06f) j       pc - 0x8
core   0: 3 0x8000b310 (0xff9ff06f)
core   0: 0x8000b308 (0x00001f17) auipc   t5, 0x1
core   0: 3 0x8000b308 (0x00001f17) x30 0x8000c308
core   0: 0x8000b30c (0xce3f2c23) sw      gp, -776(t5)
core   0: 3 0x8000b30c (0xce3f2c23) mem 0x8000c000 0x00000001
core   0: 0x8000b310 (0xff9ff06f) j       pc - 0x8
core   0: 3 0x8000b310 (0xff9ff06f)
core   0: 0x8000b308 (0x00001f17) auipc   t5, 0x1
core   0: 3 0x8000b308 (0x00001f17) x30 0x8000c308
core   0: 0x8000b30c (0xce3f2c23) sw      gp, -776(t5)
core   0: 3 0x8000b30c (0xce3f2c23) mem 0x8000c000 0x00000001
core   0: 0x8000b310 (0xff9ff06f) j       pc - 0x8
core   0: 3 0x8000b310 (0xff9ff06f)
core   0: 0x8000b308 (0x00001f17) auipc   t5, 0x1
core   0: 3 0x8000b308 (0x00001f17) x30 0x8000c308
core   0: 0x8000b30c (0xce3f2c23) sw      gp, -776(t5)
core   0: 3 0x8000b30c (0xce3f2c23) mem 0x8000c000 0x00000001
core   0: 0x8000b310 (0xff9ff06f) j       pc - 0x8
core   0: 3 0x8000b310 (0xff9ff06f)
core   0: 0x8000b308 (0x00001f17) auipc   t5, 0x1
core   0: 3 0x8000b308 (0x00001f17) x30 0x8000c308
core   0: 0x8000b30c (0xce3f2c23) sw      gp, -776(t5)
core   0: 3 0x8000b30c (0xce3f2c23) mem 0x8000c000 0x00000001
core   0: 0x8000b310 (0xff9ff06f) j       pc - 0x8
core   0: 3 0x8000b310 (0xff9ff06f)
core   0: 0x8000b308 (0x00001f17) auipc   t5, 0x1
core   0: 3 0x8000b308 (0x00001f17) x30 0x8000c308
core   0: 0x8000b30c (0xce3f2c23) sw      gp, -776(t5)
core   0: 3 0x8000b30c (0xce3f2c23) mem 0x8000c000 0x00000001
core   0: 0x8000b310 (0xff9ff06f) j       pc - 0x8
core   0: 3 0x8000b310 (0xff9ff06f)
core   0: 0x8000b308 (0x00001f17) auipc   t5, 0x1
core   0: 3 0x8000b308 (0x00001f17) x30 0x8000c308
core   0: 0x8000b30c (0xce3f2c23) sw      gp, -776(t5)
core   0: 3 0x8000b30c (0xce3f2c23) mem 0x8000c000 0x00000001
core   0: 0x8000b310 (0xff9ff06f) j       pc - 0x8
core   0: 3 0x8000b310 (0xff9ff06f)
core   0: 0x8000b308 (0x00001f17) auipc   t5, 0x1
core   0: 3 0x8000b308 (0x00001f17) x30 0x8000c308
core   0: 0x8000b30c (0xce3f2c23) sw      gp, -776(t5)
core   0: 3 0x8000b30c (0xce3f2c23) mem 0x8000c000 0x00000001
core   0: 0x8000b310 (0xff9ff06f) j       pc - 0x8
core   0: 3 0x8000b310 (0xff9ff06f)
core   0: 0x8000b308 (0x00001f17) auipc   t5, 0x1
core   0: 3 0x8000b308 (0x00001f17) x30 0x8000c308
core   0: 0x8000b30c (0xce3f2c23) sw      gp, -776(t5)
core   0: 3 0x8000b30c (0xce3f2c23) mem 0x8000c000 0x00000001
core   0: 0x8000b310 (0xff9ff06f) j       pc - 0x8
core   0: 3 0x8000b310 (0xff9ff06f)
core   0: 0x8000b308 (0x00001f17) auipc   t5, 0x1
core   0: 3 0x8000b308 (0x00001f17) x30 0x8000c308
core   0: 0x8000b30c (0xce3f2c23) sw      gp, -776(t5)
core   0: 3 0x8000b30c (0xce3f2c23) mem 0x8000c000 0x00000001
core   0: 0x8000b310 (0xff9ff06f) j       pc - 0x8
core   0: 3 0x8000b310 (0xff9ff06f)
core   0: 0x8000b308 (0x00001f17) auipc   t5, 0x1
core   0: 3 0x8000b308 (0x00001f17) x30 0x8000c308
core   0: 0x8000b30c (0xce3f2c23) sw      gp, -776(t5)
core   0: 3 0x8000b30c (0xce3f2c23) mem 0x8000c000 0x00000001
core   0: 0x8000b310 (0xff9ff06f) j       pc - 0x8
core   0: 3 0x8000b310 (0xff9ff06f)
core   0: 0x8000b308 (0x00001f17) auipc   t5, 0x1
core   0: 3 0x8000b308 (0x00001f17) x30 0x8000c308
core   0: 0x8000b30c (0xce3f2c23) sw      gp, -776(t5)
core   0: 3 0x8000b30c (0xce3f2c23) mem 0x8000c000 0x00000001
core   0: 0x8000b310 (0xff9ff06f) j       pc - 0x8
core   0: 3 0x8000b310 (0xff9ff06f)
core   0: 0x8000b308 (0x00001f17) auipc   t5, 0x1
core   0: 3 0x8000b308 (0x00001f17) x30 0x8000c308
core   0: 0x8000b30c (0xce3f2c23) sw      gp, -776(t5)
core   0: 3 0x8000b30c (0xce3f2c23) mem 0x8000c000 0x00000001
core   0: 0x8000b310 (0xff9ff06f) j       pc - 0x8
core   0: 3 0x8000b310 (0xff9ff06f)
core   0: 0x8000b308 (0x00001f17) auipc   t5, 0x1
core   0: 3 0x8000b308 (0x00001f17) x30 0x8000c308
core   0: 0x8000b30c (0xce3f2c23) sw      gp, -776(t5)
core   0: 3 0x8000b30c (0xce3f2c23) mem 0x8000c000 0x00000001
core   0: 0x8000b310 (0xff9ff06f) j       pc - 0x8
core   0: 3 0x8000b310 (0xff9ff06f)
core   0: 0x8000b308 (0x00001f17) auipc   t5, 0x1
core   0: 3 0x8000b308 (0x00001f17) x30 0x8000c308
core   0: 0x8000b30c (0xce3f2c23) sw      gp, -776(t5)
core   0: 3 0x8000b30c (0xce3f2c23) mem 0x8000c000 0x00000001
core   0: 0x8000b310 (0xff9ff06f) j       pc - 0x8
core   0: 3 0x8000b310 (0xff9ff06f)
core   0: 0x8000b308 (0x00001f17) auipc   t5, 0x1
core   0: 3 0x8000b308 (0x00001f17) x30 0x8000c308
core   0: 0x8000b30c (0xce3f2c23) sw      gp, -776(t5)
core   0: 3 0x8000b30c (0xce3f2c23) mem 0x8000c000 0x00000001
core   0: 0x8000b310 (0xff9ff06f) j       pc - 0x8
core   0: 3 0x8000b310 (0xff9ff06f)
core   0: 0x8000b308 (0x00001f17) auipc   t5, 0x1
core   0: 3 0x8000b308 (0x00001f17) x30 0x8000c308
core   0: 0x8000b30c (0xce3f2c23) sw      gp, -776(t5)
core   0: 3 0x8000b30c (0xce3f2c23) mem 0x8000c000 0x00000001
core   0: 0x8000b310 (0xff9ff06f) j       pc - 0x8
core   0: 3 0x8000b310 (0xff9ff06f)
core   0: 0x8000b308 (0x00001f17) auipc   t5, 0x1
core   0: 3 0x8000b308 (0x00001f17) x30 0x8000c308
core   0: 0x8000b30c (0xce3f2c23) sw      gp, -776(t5)
core   0: 3 0x8000b30c (0xce3f2c23) mem 0x8000c000 0x00000001
core   0: 0x8000b310 (0xff9ff06f) j       pc - 0x8
core   0: 3 0x8000b310 (0xff9ff06f)
core   0: 0x8000b308 (0x00001f17) auipc   t5, 0x1
core   0: 3 0x8000b308 (0x00001f17) x30 0x8000c308
core   0: 0x8000b30c (0xce3f2c23) sw      gp, -776(t5)
core   0: 3 0x8000b30c (0xce3f2c23) mem 0x8000c000 0x00000001
core   0: 0x8000b310 (0xff9ff06f) j       pc - 0x8
core   0: 3 0x8000b310 (0xff9ff06f)
core   0: 0x8000b308 (0x00001f17) auipc   t5, 0x1
core   0: 3 0x8000b308 (0x00001f17) x30 0x8000c308
core   0: 0x8000b30c (0xce3f2c23) sw      gp, -776(t5)
core   0: 3 0x8000b30c (0xce3f2c23) mem 0x8000c000 0x00000001
core   0: 0x8000b310 (0xff9ff06f) j       pc - 0x8
core   0: 3 0x8000b310 (0xff9ff06f)
core   0: 0x8000b308 (0x00001f17) auipc   t5, 0x1
core   0: 3 0x8000b308 (0x00001f17) x30 0x8000c308
core   0: 0x8000b30c (0xce3f2c23) sw      gp, -776(t5)
core   0: 3 0x8000b30c (0xce3f2c23) mem 0x8000c000 0x00000001
core   0: 0x8000b310 (0xff9ff06f) j       pc - 0x8
core   0: 3 0x8000b310 (0xff9ff06f)
core   0: 0x8000b308 (0x00001f17) auipc   t5, 0x1
core   0: 3 0x8000b308 (0x00001f17) x30 0x8000c308
core   0: 0x8000b30c (0xce3f2c23) sw      gp, -776(t5)
core   0: 3 0x8000b30c (0xce3f2c23) mem 0x8000c000 0x00000001
core   0: 0x8000b310 (0xff9ff06f) j       pc - 0x8
core   0: 3 0x8000b310 (0xff9ff06f)
core   0: 0x8000b308 (0x00001f17) auipc   t5, 0x1
core   0: 3 0x8000b308 (0x00001f17) x30 0x8000c308
core   0: 0x8000b30c (0xce3f2c23) sw      gp, -776(t5)
core   0: 3 0x8000b30c (0xce3f2c23) mem 0x8000c000 0x00000001
core   0: 0x8000b310 (0xff9ff06f) j       pc - 0x8
core   0: 3 0x8000b310 (0xff9ff06f)
core   0: 0x8000b308 (0x00001f17) auipc   t5, 0x1
core   0: 3 0x8000b308 (0x00001f17) x30 0x8000c308
core   0: 0x8000b30c (0xce3f2c23) sw      gp, -776(t5)
core   0: 3 0x8000b30c (0xce3f2c23) mem 0x8000c000 0x00000001
core   0: 0x8000b310 (0xff9ff06f) j       pc - 0x8
core   0: 3 0x8000b310 (0xff9ff06f)
core   0: 0x8000b308 (0x00001f17) auipc   t5, 0x1
core   0: 3 0x8000b308 (0x00001f17) x30 0x8000c308
core   0: 0x8000b30c (0xce3f2c23) sw      gp, -776(t5)
core   0: 3 0x8000b30c (0xce3f2c23) mem 0x8000c000 0x00000001
core   0: 0x8000b310 (0xff9ff06f) j       pc - 0x8
core   0: 3 0x8000b310 (0xff9ff06f)
core   0: 0x8000b308 (0x00001f17) auipc   t5, 0x1
core   0: 3 0x8000b308 (0x00001f17) x30 0x8000c308
core   0: 0x8000b30c (0xce3f2c23) sw      gp, -776(t5)
core   0: 3 0x8000b30c (0xce3f2c23) mem 0x8000c000 0x00000001
core   0: 0x8000b310 (0xff9ff06f) j       pc - 0x8
core   0: 3 0x8000b310 (0xff9ff06f)
core   0: 0x8000b308 (0x00001f17) auipc   t5, 0x1
core   0: 3 0x8000b308 (0x00001f17) x30 0x8000c308
core   0: 0x8000b30c (0xce3f2c23) sw      gp, -776(t5)
core   0: 3 0x8000b30c (0xce3f2c23) mem 0x8000c000 0x00000001
core   0: 0x8000b310 (0xff9ff06f) j       pc - 0x8
core   0: 3 0x8000b310 (0xff9ff06f)
core   0: 0x8000b308 (0x00001f17) auipc   t5, 0x1
core   0: 3 0x8000b308 (0x00001f17) x30 0x8000c308
core   0: 0x8000b30c (0xce3f2c23) sw      gp, -776(t5)
core   0: 3 0x8000b30c (0xce3f2c23) mem 0x8000c000 0x00000001
core   0: 0x8000b310 (0xff9ff06f) j       pc - 0x8
core   0: 3 0x8000b310 (0xff9ff06f)
core   0: 0x8000b308 (0x00001f17) auipc   t5, 0x1
core   0: 3 0x8000b308 (0x00001f17) x30 0x8000c308
core   0: 0x8000b30c (0xce3f2c23) sw      gp, -776(t5)
core   0: 3 0x8000b30c (0xce3f2c23) mem 0x8000c000 0x00000001
core   0: 0x8000b310 (0xff9ff06f) j       pc - 0x8
core   0: 3 0x8000b310 (0xff9ff06f)
core   0: 0x8000b308 (0x00001f17) auipc   t5, 0x1
core   0: 3 0x8000b308 (0x00001f17) x30 0x8000c308
core   0: 0x8000b30c (0xce3f2c23) sw      gp, -776(t5)
core   0: 3 0x8000b30c (0xce3f2c23) mem 0x8000c000 0x00000001
core   0: 0x8000b310 (0xff9ff06f) j       pc - 0x8
core   0: 3 0x8000b310 (0xff9ff06f)
core   0: 0x8000b308 (0x00001f17) auipc   t5, 0x1
core   0: 3 0x8000b308 (0x00001f17) x30 0x8000c308
core   0: 0x8000b30c (0xce3f2c23) sw      gp, -776(t5)
core   0: 3 0x8000b30c (0xce3f2c23) mem 0x8000c000 0x00000001
core   0: 0x8000b310 (0xff9ff06f) j       pc - 0x8
core   0: 3 0x8000b310 (0xff9ff06f)
core   0: 0x8000b308 (0x00001f17) auipc   t5, 0x1
core   0: 3 0x8000b308 (0x00001f17) x30 0x8000c308
core   0: 0x8000b30c (0xce3f2c23) sw      gp, -776(t5)
core   0: 3 0x8000b30c (0xce3f2c23) mem 0x8000c000 0x00000001
core   0: 0x8000b310 (0xff9ff06f) j       pc - 0x8
core   0: 3 0x8000b310 (0xff9ff06f)
core   0: 0x8000b308 (0x00001f17) auipc   t5, 0x1
core   0: 3 0x8000b308 (0x00001f17) x30 0x8000c308
core   0: 0x8000b30c (0xce3f2c23) sw      gp, -776(t5)
core   0: 3 0x8000b30c (0xce3f2c23) mem 0x8000c000 0x00000001
core   0: 0x8000b310 (0xff9ff06f) j       pc - 0x8
core   0: 3 0x8000b310 (0xff9ff06f)
core   0: 0x8000b308 (0x00001f17) auipc   t5, 0x1
core   0: 3 0x8000b308 (0x00001f17) x30 0x8000c308
core   0: 0x8000b30c (0xce3f2c23) sw      gp, -776(t5)
core   0: 3 0x8000b30c (0xce3f2c23) mem 0x8000c000 0x00000001
core   0: 0x8000b310 (0xff9ff06f) j       pc - 0x8
core   0: 3 0x8000b310 (0xff9ff06f)
core   0: 0x8000b308 (0x00001f17) auipc   t5, 0x1
core   0: 3 0x8000b308 (0x00001f17) x30 0x8000c308
core   0: 0x8000b30c (0xce3f2c23) sw      gp, -776(t5)
core   0: 3 0x8000b30c (0xce3f2c23) mem 0x8000c000 0x00000001
core   0: 0x8000b310 (0xff9ff06f) j       pc - 0x8
core   0: 3 0x8000b310 (0xff9ff06f)
core   0: 0x8000b308 (0x00001f17) auipc   t5, 0x1
core   0: 3 0x8000b308 (0x00001f17) x30 0x8000c308
core   0: 0x8000b30c (0xce3f2c23) sw      gp, -776(t5)
core   0: 3 0x8000b30c (0xce3f2c23) mem 0x8000c000 0x00000001
core   0: 0x8000b310 (0xff9ff06f) j       pc - 0x8
core   0: 3 0x8000b310 (0xff9ff06f)
core   0: 0x8000b308 (0x00001f17) auipc   t5, 0x1
core   0: 3 0x8000b308 (0x00001f17) x30 0x8000c308
core   0: 0x8000b30c (0xce3f2c23) sw      gp, -776(t5)
core   0: 3 0x8000b30c (0xce3f2c23) mem 0x8000c000 0x00000001
core   0: 0x8000b310 (0xff9ff06f) j       pc - 0x8
core   0: 3 0x8000b310 (0xff9ff06f)
core   0: 0x8000b308 (0x00001f17) auipc   t5, 0x1
core   0: 3 0x8000b308 (0x00001f17) x30 0x8000c308
core   0: 0x8000b30c (0xce3f2c23) sw      gp, -776(t5)
core   0: 3 0x8000b30c (0xce3f2c23) mem 0x8000c000 0x00000001
core   0: 0x8000b310 (0xff9ff06f) j       pc - 0x8
core   0: 3 0x8000b310 (0xff9ff06f)
core   0: 0x8000b308 (0x00001f17) auipc   t5, 0x1
core   0: 3 0x8000b308 (0x00001f17) x30 0x8000c308
core   0: 0x8000b30c (0xce3f2c23) sw      gp, -776(t5)
core   0: 3 0x8000b30c (0xce3f2c23) mem 0x8000c000 0x00000001
core   0: 0x8000b310 (0xff9ff06f) j       pc - 0x8
core   0: 3 0x8000b310 (0xff9ff06f)
core   0: 0x8000b308 (0x00001f17) auipc   t5, 0x1
core   0: 3 0x8000b308 (0x00001f17) x30 0x8000c308
core   0: 0x8000b30c (0xce3f2c23) sw      gp, -776(t5)
core   0: 3 0x8000b30c (0xce3f2c23) mem 0x8000c000 0x00000001
core   0: 0x8000b310 (0xff9ff06f) j       pc - 0x8
core   0: 3 0x8000b310 (0xff9ff06f)
core   0: 0x8000b308 (0x00001f17) auipc   t5, 0x1
core   0: 3 0x8000b308 (0x00001f17) x30 0x8000c308
core   0: 0x8000b30c (0xce3f2c23) sw      gp, -776(t5)
core   0: 3 0x8000b30c (0xce3f2c23) mem 0x8000c000 0x00000001
core   0: 0x8000b310 (0xff9ff06f) j       pc - 0x8
core   0: 3 0x8000b310 (0xff9ff06f)
core   0: 0x8000b308 (0x00001f17) auipc   t5, 0x1
core   0: 3 0x8000b308 (0x00001f17) x30 0x8000c308
core   0: 0x8000b30c (0xce3f2c23) sw      gp, -776(t5)
core   0: 3 0x8000b30c (0xce3f2c23) mem 0x8000c000 0x00000001
core   0: 0x8000b310 (0xff9ff06f) j       pc - 0x8
core   0: 3 0x8000b310 (0xff9ff06f)
core   0: 0x8000b308 (0x00001f17) auipc   t5, 0x1
core   0: 3 0x8000b308 (0x00001f17) x30 0x8000c308
core   0: 0x8000b30c (0xce3f2c23) sw      gp, -776(t5)
core   0: 3 0x8000b30c (0xce3f2c23) mem 0x8000c000 0x00000001
core   0: 0x8000b310 (0xff9ff06f) j       pc - 0x8
core   0: 3 0x8000b310 (0xff9ff06f)
core   0: 0x8000b308 (0x00001f17) auipc   t5, 0x1
core   0: 3 0x8000b308 (0x00001f17) x30 0x8000c308
core   0: 0x8000b30c (0xce3f2c23) sw      gp, -776(t5)
core   0: 3 0x8000b30c (0xce3f2c23) mem 0x8000c000 0x00000001
core   0: 0x8000b310 (0xff9ff06f) j       pc - 0x8
core   0: 3 0x8000b310 (0xff9ff06f)
core   0: 0x8000b308 (0x00001f17) auipc   t5, 0x1
core   0: 3 0x8000b308 (0x00001f17) x30 0x8000c308
core   0: 0x8000b30c (0xce3f2c23) sw      gp, -776(t5)
core   0: 3 0x8000b30c (0xce3f2c23) mem 0x8000c000 0x00000001
core   0: 0x8000b310 (0xff9ff06f) j       pc - 0x8
core   0: 3 0x8000b310 (0xff9ff06f)
core   0: 0x8000b308 (0x00001f17) auipc   t5, 0x1
core   0: 3 0x8000b308 (0x00001f17) x30 0x8000c308
core   0: 0x8000b30c (0xce3f2c23) sw      gp, -776(t5)
core   0: 3 0x8000b30c (0xce3f2c23) mem 0x8000c000 0x00000001
core   0: 0x8000b310 (0xff9ff06f) j       pc - 0x8
core   0: 3 0x8000b310 (0xff9ff06f)
core   0: 0x8000b308 (0x00001f17) auipc   t5, 0x1
core   0: 3 0x8000b308 (0x00001f17) x30 0x8000c308
core   0: 0x8000b30c (0xce3f2c23) sw      gp, -776(t5)
core   0: 3 0x8000b30c (0xce3f2c23) mem 0x8000c000 0x00000001
core   0: 0x8000b310 (0xff9ff06f) j       pc - 0x8
core   0: 3 0x8000b310 (0xff9ff06f)
core   0: 0x8000b308 (0x00001f17) auipc   t5, 0x1
core   0: 3 0x8000b308 (0x00001f17) x30 0x8000c308
core   0: 0x8000b30c (0xce3f2c23) sw      gp, -776(t5)
core   0: 3 0x8000b30c (0xce3f2c23) mem 0x8000c000 0x00000001
core   0: 0x8000b310 (0xff9ff06f) j       pc - 0x8
core   0: 3 0x8000b310 (0xff9ff06f)
core   0: 0x8000b308 (0x00001f17) auipc   t5, 0x1
core   0: 3 0x8000b308 (0x00001f17) x30 0x8000c308
core   0: 0x8000b30c (0xce3f2c23) sw      gp, -776(t5)
core   0: 3 0x8000b30c (0xce3f2c23) mem 0x8000c000 0x00000001
core   0: 0x8000b310 (0xff9ff06f) j       pc - 0x8
core   0: 3 0x8000b310 (0xff9ff06f)
core   0: 0x8000b308 (0x00001f17) auipc   t5, 0x1
core   0: 3 0x8000b308 (0x00001f17) x30 0x8000c308
core   0: 0x8000b30c (0xce3f2c23) sw      gp, -776(t5)
core   0: 3 0x8000b30c (0xce3f2c23) mem 0x8000c000 0x00000001
core   0: 0x8000b310 (0xff9ff06f) j       pc - 0x8
core   0: 3 0x8000b310 (0xff9ff06f)
core   0: 0x8000b308 (0x00001f17) auipc   t5, 0x1
core   0: 3 0x8000b308 (0x00001f17) x30 0x8000c308
core   0: 0x8000b30c (0xce3f2c23) sw      gp, -776(t5)
core   0: 3 0x8000b30c (0xce3f2c23) mem 0x8000c000 0x00000001
core   0: 0x8000b310 (0xff9ff06f) j       pc - 0x8
core   0: 3 0x8000b310 (0xff9ff06f)
core   0: 0x8000b308 (0x00001f17) auipc   t5, 0x1
core   0: 3 0x8000b308 (0x00001f17) x30 0x8000c308
core   0: 0x8000b30c (0xce3f2c23) sw      gp, -776(t5)
core   0: 3 0x8000b30c (0xce3f2c23) mem 0x8000c000 0x00000001
core   0: 0x8000b310 (0xff9ff06f) j       pc - 0x8
core   0: 3 0x8000b310 (0xff9ff06f)
core   0: 0x8000b308 (0x00001f17) auipc   t5, 0x1
core   0: 3 0x8000b308 (0x00001f17) x30 0x8000c308
core   0: 0x8000b30c (0xce3f2c23) sw      gp, -776(t5)
core   0: 3 0x8000b30c (0xce3f2c23) mem 0x8000c000 0x00000001
core   0: 0x8000b310 (0xff9ff06f) j       pc - 0x8
core   0: 3 0x8000b310 (0xff9ff06f)
core   0: 0x8000b308 (0x00001f17) auipc   t5, 0x1
core   0: 3 0x8000b308 (0x00001f17) x30 0x8000c308
core   0: 0x8000b30c (0xce3f2c23) sw      gp, -776(t5)
core   0: 3 0x8000b30c (0xce3f2c23) mem 0x8000c000 0x00000001
core   0: 0x8000b310 (0xff9ff06f) j       pc - 0x8
core   0: 3 0x8000b310 (0xff9ff06f)
core   0: 0x8000b308 (0x00001f17) auipc   t5, 0x1
core   0: 3 0x8000b308 (0x00001f17) x30 0x8000c308
core   0: 0x8000b30c (0xce3f2c23) sw      gp, -776(t5)
core   0: 3 0x8000b30c (0xce3f2c23) mem 0x8000c000 0x00000001
core   0: 0x8000b310 (0xff9ff06f) j       pc - 0x8
core   0: 3 0x8000b310 (0xff9ff06f)
core   0: 0x8000b308 (0x00001f17) auipc   t5, 0x1
core   0: 3 0x8000b308 (0x00001f17) x30 0x8000c308
core   0: 0x8000b30c (0xce3f2c23) sw      gp, -776(t5)
core   0: 3 0x8000b30c (0xce3f2c23) mem 0x8000c000 0x00000001
core   0: 0x8000b310 (0xff9ff06f) j       pc - 0x8
core   0: 3 0x8000b310 (0xff9ff06f)
core   0: 0x8000b308 (0x00001f17) auipc   t5, 0x1
core   0: 3 0x8000b308 (0x00001f17) x30 0x8000c308
core   0: 0x8000b30c (0xce3f2c23) sw      gp, -776(t5)
core   0: 3 0x8000b30c (0xce3f2c23) mem 0x8000c000 0x00000001
core   0: 0x8000b310 (0xff9ff06f) j       pc - 0x8
core   0: 3 0x8000b310 (0xff9ff06f)
core   0: 0x8000b308 (0x00001f17) auipc   t5, 0x1
core   0: 3 0x8000b308 (0x00001f17) x30 0x8000c308
core   0: 0x8000b30c (0xce3f2c23) sw      gp, -776(t5)
core   0: 3 0x8000b30c (0xce3f2c23) mem 0x8000c000 0x00000001
core   0: 0x8000b310 (0xff9ff06f) j       pc - 0x8
core   0: 3 0x8000b310 (0xff9ff06f)
core   0: 0x8000b308 (0x00001f17) auipc   t5, 0x1
core   0: 3 0x8000b308 (0x00001f17) x30 0x8000c308
core   0: 0x8000b30c (0xce3f2c23) sw      gp, -776(t5)
core   0: 3 0x8000b30c (0xce3f2c23) mem 0x8000c000 0x00000001
core   0: 0x8000b310 (0xff9ff06f) j       pc - 0x8
core   0: 3 0x8000b310 (0xff9ff06f)
core   0: 0x8000b308 (0x00001f17) auipc   t5, 0x1
core   0: 3 0x8000b308 (0x00001f17) x30 0x8000c308
core   0: 0x8000b30c (0xce3f2c23) sw      gp, -776(t5)
core   0: 3 0x8000b30c (0xce3f2c23) mem 0x8000c000 0x00000001
core   0: 0x8000b310 (0xff9ff06f) j       pc - 0x8
core   0: 3 0x8000b310 (0xff9ff06f)
core   0: 0x8000b308 (0x00001f17) auipc   t5, 0x1
core   0: 3 0x8000b308 (0x00001f17) x30 0x8000c308
core   0: 0x8000b30c (0xce3f2c23) sw      gp, -776(t5)
core   0: 3 0x8000b30c (0xce3f2c23) mem 0x8000c000 0x00000001
core   0: 0x8000b310 (0xff9ff06f) j       pc - 0x8
core   0: 3 0x8000b310 (0xff9ff06f)
core   0: 0x8000b308 (0x00001f17) auipc   t5, 0x1
core   0: 3 0x8000b308 (0x00001f17) x30 0x8000c308
core   0: 0x8000b30c (0xce3f2c23) sw      gp, -776(t5)
core   0: 3 0x8000b30c (0xce3f2c23) mem 0x8000c000 0x00000001
core   0: 0x8000b310 (0xff9ff06f) j       pc - 0x8
core   0: 3 0x8000b310 (0xff9ff06f)
core   0: 0x8000b308 (0x00001f17) auipc   t5, 0x1
core   0: 3 0x8000b308 (0x00001f17) x30 0x8000c308
core   0: 0x8000b30c (0xce3f2c23) sw      gp, -776(t5)
core   0: 3 0x8000b30c (0xce3f2c23) mem 0x8000c000 0x00000001
core   0: 0x8000b310 (0xff9ff06f) j       pc - 0x8
core   0: 3 0x8000b310 (0xff9ff06f)
core   0: 0x8000b308 (0x00001f17) auipc   t5, 0x1
core   0: 3 0x8000b308 (0x00001f17) x30 0x8000c308
core   0: 0x8000b30c (0xce3f2c23) sw      gp, -776(t5)
core   0: 3 0x8000b30c (0xce3f2c23) mem 0x8000c000 0x00000001
core   0: 0x8000b310 (0xff9ff06f) j       pc - 0x8
core   0: 3 0x8000b310 (0xff9ff06f)
core   0: 0x8000b308 (0x00001f17) auipc   t5, 0x1
core   0: 3 0x8000b308 (0x00001f17) x30 0x8000c308
core   0: 0x8000b30c (0xce3f2c23) sw      gp, -776(t5)
core   0: 3 0x8000b30c (0xce3f2c23) mem 0x8000c000 0x00000001
core   0: 0x8000b310 (0xff9ff06f) j       pc - 0x8
core   0: 3 0x8000b310 (0xff9ff06f)
core   0: 0x8000b308 (0x00001f17) auipc   t5, 0x1
core   0: 3 0x8000b308 (0x00001f17) x30 0x8000c308
core   0: 0x8000b30c (0xce3f2c23) sw      gp, -776(t5)
core   0: 3 0x8000b30c (0xce3f2c23) mem 0x8000c000 0x00000001
core   0: 0x8000b310 (0xff9ff06f) j       pc - 0x8
core   0: 3 0x8000b310 (0xff9ff06f)
core   0: 0x8000b308 (0x00001f17) auipc   t5, 0x1
core   0: 3 0x8000b308 (0x00001f17) x30 0x8000c308
core   0: 0x8000b30c (0xce3f2c23) sw      gp, -776(t5)
core   0: 3 0x8000b30c (0xce3f2c23) mem 0x8000c000 0x00000001
core   0: 0x8000b310 (0xff9ff06f) j       pc - 0x8
core   0: 3 0x8000b310 (0xff9ff06f)
core   0: 0x8000b308 (0x00001f17) auipc   t5, 0x1
core   0: 3 0x8000b308 (0x00001f17) x30 0x8000c308
core   0: 0x8000b30c (0xce3f2c23) sw      gp, -776(t5)
core   0: 3 0x8000b30c (0xce3f2c23) mem 0x8000c000 0x00000001
core   0: 0x8000b310 (0xff9ff06f) j       pc - 0x8
core   0: 3 0x8000b310 (0xff9ff06f)
core   0: 0x8000b308 (0x00001f17) auipc   t5, 0x1
core   0: 3 0x8000b308 (0x00001f17) x30 0x8000c308
core   0: 0x8000b30c (0xce3f2c23) sw      gp, -776(t5)
core   0: 3 0x8000b30c (0xce3f2c23) mem 0x8000c000 0x00000001
core   0: 0x8000b310 (0xff9ff06f) j       pc - 0x8
core   0: 3 0x8000b310 (0xff9ff06f)
core   0: 0x8000b308 (0x00001f17) auipc   t5, 0x1
core   0: 3 0x8000b308 (0x00001f17) x30 0x8000c308
core   0: 0x8000b30c (0xce3f2c23) sw      gp, -776(t5)
core   0: 3 0x8000b30c (0xce3f2c23) mem 0x8000c000 0x00000001
core   0: 0x8000b310 (0xff9ff06f) j       pc - 0x8
core   0: 3 0x8000b310 (0xff9ff06f)
core   0: 0x8000b308 (0x00001f17) auipc   t5, 0x1
core   0: 3 0x8000b308 (0x00001f17) x30 0x8000c308
core   0: 0x8000b30c (0xce3f2c23) sw      gp, -776(t5)
core   0: 3 0x8000b30c (0xce3f2c23) mem 0x8000c000 0x00000001
core   0: 0x8000b310 (0xff9ff06f) j       pc - 0x8
core   0: 3 0x8000b310 (0xff9ff06f)
core   0: 0x8000b308 (0x00001f17) auipc   t5, 0x1
core   0: 3 0x8000b308 (0x00001f17) x30 0x8000c308
core   0: 0x8000b30c (0xce3f2c23) sw      gp, -776(t5)
core   0: 3 0x8000b30c (0xce3f2c23) mem 0x8000c000 0x00000001
core   0: 0x8000b310 (0xff9ff06f) j       pc - 0x8
core   0: 3 0x8000b310 (0xff9ff06f)
core   0: 0x8000b308 (0x00001f17) auipc   t5, 0x1
core   0: 3 0x8000b308 (0x00001f17) x30 0x8000c308
core   0: 0x8000b30c (0xce3f2c23) sw      gp, -776(t5)
core   0: 3 0x8000b30c (0xce3f2c23) mem 0x8000c000 0x00000001
core   0: 0x8000b310 (0xff9ff06f) j       pc - 0x8
core   0: 3 0x8000b310 (0xff9ff06f)
core   0: 0x8000b308 (0x00001f17) auipc   t5, 0x1
core   0: 3 0x8000b308 (0x00001f17) x30 0x8000c308
core   0: 0x8000b30c (0xce3f2c23) sw      gp, -776(t5)
core   0: 3 0x8000b30c (0xce3f2c23) mem 0x8000c000 0x00000001
core   0: 0x8000b310 (0xff9ff06f) j       pc - 0x8
core   0: 3 0x8000b310 (0xff9ff06f)
core   0: 0x8000b308 (0x00001f17) auipc   t5, 0x1
core   0: 3 0x8000b308 (0x00001f17) x30 0x8000c308
core   0: 0x8000b30c (0xce3f2c23) sw      gp, -776(t5)
core   0: 3 0x8000b30c (0xce3f2c23) mem 0x8000c000 0x00000001
core   0: 0x8000b310 (0xff9ff06f) j       pc - 0x8
core   0: 3 0x8000b310 (0xff9ff06f)
core   0: 0x8000b308 (0x00001f17) auipc   t5, 0x1
core   0: 3 0x8000b308 (0x00001f17) x30 0x8000c308
core   0: 0x8000b30c (0xce3f2c23) sw      gp, -776(t5)
core   0: 3 0x8000b30c (0xce3f2c23) mem 0x8000c000 0x00000001
core   0: 0x8000b310 (0xff9ff06f) j       pc - 0x8
core   0: 3 0x8000b310 (0xff9ff06f)
core   0: 0x8000b308 (0x00001f17) auipc   t5, 0x1
core   0: 3 0x8000b308 (0x00001f17) x30 0x8000c308
core   0: 0x8000b30c (0xce3f2c23) sw      gp, -776(t5)
core   0: 3 0x8000b30c (0xce3f2c23) mem 0x8000c000 0x00000001
core   0: 0x8000b310 (0xff9ff06f) j       pc - 0x8
core   0: 3 0x8000b310 (0xff9ff06f)
core   0: 0x8000b308 (0x00001f17) auipc   t5, 0x1
core   0: 3 0x8000b308 (0x00001f17) x30 0x8000c308
core   0: 0x8000b30c (0xce3f2c23) sw      gp, -776(t5)
core   0: 3 0x8000b30c (0xce3f2c23) mem 0x8000c000 0x00000001
core   0: 0x8000b310 (0xff9ff06f) j       pc - 0x8
core   0: 3 0x8000b310 (0xff9ff06f)
core   0: 0x8000b308 (0x00001f17) auipc   t5, 0x1
core   0: 3 0x8000b308 (0x00001f17) x30 0x8000c308
core   0: 0x8000b30c (0xce3f2c23) sw      gp, -776(t5)
core   0: 3 0x8000b30c (0xce3f2c23) mem 0x8000c000 0x00000001
core   0: 0x8000b310 (0xff9ff06f) j       pc - 0x8
core   0: 3 0x8000b310 (0xff9ff06f)
core   0: 0x8000b308 (0x00001f17) auipc   t5, 0x1
core   0: 3 0x8000b308 (0x00001f17) x30 0x8000c308
core   0: 0x8000b30c (0xce3f2c23) sw      gp, -776(t5)
core   0: 3 0x8000b30c (0xce3f2c23) mem 0x8000c000 0x00000001
core   0: 0x8000b310 (0xff9ff06f) j       pc - 0x8
core   0: 3 0x8000b310 (0xff9ff06f)
core   0: 0x8000b308 (0x00001f17) auipc   t5, 0x1
core   0: 3 0x8000b308 (0x00001f17) x30 0x8000c308
core   0: 0x8000b30c (0xce3f2c23) sw      gp, -776(t5)
core   0: 3 0x8000b30c (0xce3f2c23) mem 0x8000c000 0x00000001
core   0: 0x8000b310 (0xff9ff06f) j       pc - 0x8
core   0: 3 0x8000b310 (0xff9ff06f)
core   0: 0x8000b308 (0x00001f17) auipc   t5, 0x1
core   0: 3 0x8000b308 (0x00001f17) x30 0x8000c308
core   0: 0x8000b30c (0xce3f2c23) sw      gp, -776(t5)
core   0: 3 0x8000b30c (0xce3f2c23) mem 0x8000c000 0x00000001
core   0: 0x8000b310 (0xff9ff06f) j       pc - 0x8
core   0: 3 0x8000b310 (0xff9ff06f)
core   0: 0x8000b308 (0x00001f17) auipc   t5, 0x1
core   0: 3 0x8000b308 (0x00001f17) x30 0x8000c308
core   0: 0x8000b30c (0xce3f2c23) sw      gp, -776(t5)
core   0: 3 0x8000b30c (0xce3f2c23) mem 0x8000c000 0x00000001
core   0: 0x8000b310 (0xff9ff06f) j       pc - 0x8
core   0: 3 0x8000b310 (0xff9ff06f)
core   0: 0x8000b308 (0x00001f17) auipc   t5, 0x1
core   0: 3 0x8000b308 (0x00001f17) x30 0x8000c308
core   0: 0x8000b30c (0xce3f2c23) sw      gp, -776(t5)
core   0: 3 0x8000b30c (0xce3f2c23) mem 0x8000c000 0x00000001
core   0: 0x8000b310 (0xff9ff06f) j       pc - 0x8
core   0: 3 0x8000b310 (0xff9ff06f)
core   0: 0x8000b308 (0x00001f17) auipc   t5, 0x1
core   0: 3 0x8000b308 (0x00001f17) x30 0x8000c308
core   0: 0x8000b30c (0xce3f2c23) sw      gp, -776(t5)
core   0: 3 0x8000b30c (0xce3f2c23) mem 0x8000c000 0x00000001
core   0: 0x8000b310 (0xff9ff06f) j       pc - 0x8
core   0: 3 0x8000b310 (0xff9ff06f)
core   0: 0x8000b308 (0x00001f17) auipc   t5, 0x1
core   0: 3 0x8000b308 (0x00001f17) x30 0x8000c308
core   0: 0x8000b30c (0xce3f2c23) sw      gp, -776(t5)
core   0: 3 0x8000b30c (0xce3f2c23) mem 0x8000c000 0x00000001
core   0: 0x8000b310 (0xff9ff06f) j       pc - 0x8
core   0: 3 0x8000b310 (0xff9ff06f)
core   0: 0x8000b308 (0x00001f17) auipc   t5, 0x1
core   0: 3 0x8000b308 (0x00001f17) x30 0x8000c308
core   0: 0x8000b30c (0xce3f2c23) sw      gp, -776(t5)
core   0: 3 0x8000b30c (0xce3f2c23) mem 0x8000c000 0x00000001
core   0: 0x8000b310 (0xff9ff06f) j       pc - 0x8
core   0: 3 0x8000b310 (0xff9ff06f)
core   0: 0x8000b308 (0x00001f17) auipc   t5, 0x1
core   0: 3 0x8000b308 (0x00001f17) x30 0x8000c308
core   0: 0x8000b30c (0xce3f2c23) sw      gp, -776(t5)
core   0: 3 0x8000b30c (0xce3f2c23) mem 0x8000c000 0x00000001
core   0: 0x8000b310 (0xff9ff06f) j       pc - 0x8
core   0: 3 0x8000b310 (0xff9ff06f)
core   0: 0x8000b308 (0x00001f17) auipc   t5, 0x1
core   0: 3 0x8000b308 (0x00001f17) x30 0x8000c308
core   0: 0x8000b30c (0xce3f2c23) sw      gp, -776(t5)
core   0: 3 0x8000b30c (0xce3f2c23) mem 0x8000c000 0x00000001
core   0: 0x8000b310 (0xff9ff06f) j       pc - 0x8
core   0: 3 0x8000b310 (0xff9ff06f)
core   0: 0x8000b308 (0x00001f17) auipc   t5, 0x1
core   0: 3 0x8000b308 (0x00001f17) x30 0x8000c308
core   0: 0x8000b30c (0xce3f2c23) sw      gp, -776(t5)
core   0: 3 0x8000b30c (0xce3f2c23) mem 0x8000c000 0x00000001
core   0: 0x8000b310 (0xff9ff06f) j       pc - 0x8
core   0: 3 0x8000b310 (0xff9ff06f)
core   0: 0x8000b308 (0x00001f17) auipc   t5, 0x1
core   0: 3 0x8000b308 (0x00001f17) x30 0x8000c308
core   0: 0x8000b30c (0xce3f2c23) sw      gp, -776(t5)
core   0: 3 0x8000b30c (0xce3f2c23) mem 0x8000c000 0x00000001
core   0: 0x8000b310 (0xff9ff06f) j       pc - 0x8
core   0: 3 0x8000b310 (0xff9ff06f)
core   0: 0x8000b308 (0x00001f17) auipc   t5, 0x1
core   0: 3 0x8000b308 (0x00001f17) x30 0x8000c308
core   0: 0x8000b30c (0xce3f2c23) sw      gp, -776(t5)
core   0: 3 0x8000b30c (0xce3f2c23) mem 0x8000c000 0x00000001
core   0: 0x8000b310 (0xff9ff06f) j       pc - 0x8
core   0: 3 0x8000b310 (0xff9ff06f)
core   0: 0x8000b308 (0x00001f17) auipc   t5, 0x1
core   0: 3 0x8000b308 (0x00001f17) x30 0x8000c308
core   0: 0x8000b30c (0xce3f2c23) sw      gp, -776(t5)
core   0: 3 0x8000b30c (0xce3f2c23) mem 0x8000c000 0x00000001
core   0: 0x8000b310 (0xff9ff06f) j       pc - 0x8
core   0: 3 0x8000b310 (0xff9ff06f)
core   0: 0x8000b308 (0x00001f17) auipc   t5, 0x1
core   0: 3 0x8000b308 (0x00001f17) x30 0x8000c308
core   0: 0x8000b30c (0xce3f2c23) sw      gp, -776(t5)
core   0: 3 0x8000b30c (0xce3f2c23) mem 0x8000c000 0x00000001
core   0: 0x8000b310 (0xff9ff06f) j       pc - 0x8
core   0: 3 0x8000b310 (0xff9ff06f)
core   0: 0x8000b308 (0x00001f17) auipc   t5, 0x1
core   0: 3 0x8000b308 (0x00001f17) x30 0x8000c308
core   0: 0x8000b30c (0xce3f2c23) sw      gp, -776(t5)
core   0: 3 0x8000b30c (0xce3f2c23) mem 0x8000c000 0x00000001
core   0: 0x8000b310 (0xff9ff06f) j       pc - 0x8
core   0: 3 0x8000b310 (0xff9ff06f)
core   0: 0x8000b308 (0x00001f17) auipc   t5, 0x1
core   0: 3 0x8000b308 (0x00001f17) x30 0x8000c308
core   0: 0x8000b30c (0xce3f2c23) sw      gp, -776(t5)
core   0: 3 0x8000b30c (0xce3f2c23) mem 0x8000c000 0x00000001
core   0: 0x8000b310 (0xff9ff06f) j       pc - 0x8
core   0: 3 0x8000b310 (0xff9ff06f)
core   0: 0x8000b308 (0x00001f17) auipc   t5, 0x1
core   0: 3 0x8000b308 (0x00001f17) x30 0x8000c308
core   0: 0x8000b30c (0xce3f2c23) sw      gp, -776(t5)
core   0: 3 0x8000b30c (0xce3f2c23) mem 0x8000c000 0x00000001
core   0: 0x8000b310 (0xff9ff06f) j       pc - 0x8
core   0: 3 0x8000b310 (0xff9ff06f)
core   0: 0x8000b308 (0x00001f17) auipc   t5, 0x1
core   0: 3 0x8000b308 (0x00001f17) x30 0x8000c308
core   0: 0x8000b30c (0xce3f2c23) sw      gp, -776(t5)
core   0: 3 0x8000b30c (0xce3f2c23) mem 0x8000c000 0x00000001
core   0: 0x8000b310 (0xff9ff06f) j       pc - 0x8
core   0: 3 0x8000b310 (0xff9ff06f)
core   0: 0x8000b308 (0x00001f17) auipc   t5, 0x1
core   0: 3 0x8000b308 (0x00001f17) x30 0x8000c308
core   0: 0x8000b30c (0xce3f2c23) sw      gp, -776(t5)
core   0: 3 0x8000b30c (0xce3f2c23) mem 0x8000c000 0x00000001
core   0: 0x8000b310 (0xff9ff06f) j       pc - 0x8
core   0: 3 0x8000b310 (0xff9ff06f)
core   0: 0x8000b308 (0x00001f17) auipc   t5, 0x1
core   0: 3 0x8000b308 (0x00001f17) x30 0x8000c308
core   0: 0x8000b30c (0xce3f2c23) sw      gp, -776(t5)
core   0: 3 0x8000b30c (0xce3f2c23) mem 0x8000c000 0x00000001
core   0: 0x8000b310 (0xff9ff06f) j       pc - 0x8
core   0: 3 0x8000b310 (0xff9ff06f)
core   0: 0x8000b308 (0x00001f17) auipc   t5, 0x1
core   0: 3 0x8000b308 (0x00001f17) x30 0x8000c308
core   0: 0x8000b30c (0xce3f2c23) sw      gp, -776(t5)
core   0: 3 0x8000b30c (0xce3f2c23) mem 0x8000c000 0x00000001
core   0: 0x8000b310 (0xff9ff06f) j       pc - 0x8
core   0: 3 0x8000b310 (0xff9ff06f)
core   0: 0x8000b308 (0x00001f17) auipc   t5, 0x1
core   0: 3 0x8000b308 (0x00001f17) x30 0x8000c308
core   0: 0x8000b30c (0xce3f2c23) sw      gp, -776(t5)
core   0: 3 0x8000b30c (0xce3f2c23) mem 0x8000c000 0x00000001
core   0: 0x8000b310 (0xff9ff06f) j       pc - 0x8
core   0: 3 0x8000b310 (0xff9ff06f)
core   0: 0x8000b308 (0x00001f17) auipc   t5, 0x1
core   0: 3 0x8000b308 (0x00001f17) x30 0x8000c308
core   0: 0x8000b30c (0xce3f2c23) sw      gp, -776(t5)
core   0: 3 0x8000b30c (0xce3f2c23) mem 0x8000c000 0x00000001
core   0: 0x8000b310 (0xff9ff06f) j       pc - 0x8
core   0: 3 0x8000b310 (0xff9ff06f)
core   0: 0x8000b308 (0x00001f17) auipc   t5, 0x1
core   0: 3 0x8000b308 (0x00001f17) x30 0x8000c308
core   0: 0x8000b30c (0xce3f2c23) sw      gp, -776(t5)
core   0: 3 0x8000b30c (0xce3f2c23) mem 0x8000c000 0x00000001
core   0: 0x8000b310 (0xff9ff06f) j       pc - 0x8
core   0: 3 0x8000b310 (0xff9ff06f)
core   0: 0x8000b308 (0x00001f17) auipc   t5, 0x1
core   0: 3 0x8000b308 (0x00001f17) x30 0x8000c308
core   0: 0x8000b30c (0xce3f2c23) sw      gp, -776(t5)
core   0: 3 0x8000b30c (0xce3f2c23) mem 0x8000c000 0x00000001
core   0: 0x8000b310 (0xff9ff06f) j       pc - 0x8
core   0: 3 0x8000b310 (0xff9ff06f)
core   0: 0x8000b308 (0x00001f17) auipc   t5, 0x1
core   0: 3 0x8000b308 (0x00001f17) x30 0x8000c308
core   0: 0x8000b30c (0xce3f2c23) sw      gp, -776(t5)
core   0: 3 0x8000b30c (0xce3f2c23) mem 0x8000c000 0x00000001
core   0: 0x8000b310 (0xff9ff06f) j       pc - 0x8
core   0: 3 0x8000b310 (0xff9ff06f)
core   0: 0x8000b308 (0x00001f17) auipc   t5, 0x1
core   0: 3 0x8000b308 (0x00001f17) x30 0x8000c308
core   0: 0x8000b30c (0xce3f2c23) sw      gp, -776(t5)
core   0: 3 0x8000b30c (0xce3f2c23) mem 0x8000c000 0x00000001
core   0: 0x8000b310 (0xff9ff06f) j       pc - 0x8
core   0: 3 0x8000b310 (0xff9ff06f)
core   0: 0x8000b308 (0x00001f17) auipc   t5, 0x1
core   0: 3 0x8000b308 (0x00001f17) x30 0x8000c308
core   0: 0x8000b30c (0xce3f2c23) sw      gp, -776(t5)
core   0: 3 0x8000b30c (0xce3f2c23) mem 0x8000c000 0x00000001
core   0: 0x8000b310 (0xff9ff06f) j       pc - 0x8
core   0: 3 0x8000b310 (0xff9ff06f)
core   0: 0x8000b308 (0x00001f17) auipc   t5, 0x1
core   0: 3 0x8000b308 (0x00001f17) x30 0x8000c308
core   0: 0x8000b30c (0xce3f2c23) sw      gp, -776(t5)
core   0: 3 0x8000b30c (0xce3f2c23) mem 0x8000c000 0x00000001
core   0: 0x8000b310 (0xff9ff06f) j       pc - 0x8
core   0: 3 0x8000b310 (0xff9ff06f)
core   0: 0x8000b308 (0x00001f17) auipc   t5, 0x1
core   0: 3 0x8000b308 (0x00001f17) x30 0x8000c308
core   0: 0x8000b30c (0xce3f2c23) sw      gp, -776(t5)
core   0: 3 0x8000b30c (0xce3f2c23) mem 0x8000c000 0x00000001
core   0: 0x8000b310 (0xff9ff06f) j       pc - 0x8
core   0: 3 0x8000b310 (0xff9ff06f)
core   0: 0x8000b308 (0x00001f17) auipc   t5, 0x1
core   0: 3 0x8000b308 (0x00001f17) x30 0x8000c308
core   0: 0x8000b30c (0xce3f2c23) sw      gp, -776(t5)
core   0: 3 0x8000b30c (0xce3f2c23) mem 0x8000c000 0x00000001
core   0: 0x8000b310 (0xff9ff06f) j       pc - 0x8
core   0: 3 0x8000b310 (0xff9ff06f)
core   0: 0x8000b308 (0x00001f17) auipc   t5, 0x1
core   0: 3 0x8000b308 (0x00001f17) x30 0x8000c308
core   0: 0x8000b30c (0xce3f2c23) sw      gp, -776(t5)
core   0: 3 0x8000b30c (0xce3f2c23) mem 0x8000c000 0x00000001
core   0: 0x8000b310 (0xff9ff06f) j       pc - 0x8
core   0: 3 0x8000b310 (0xff9ff06f)
core   0: 0x8000b308 (0x00001f17) auipc   t5, 0x1
core   0: 3 0x8000b308 (0x00001f17) x30 0x8000c308
core   0: 0x8000b30c (0xce3f2c23) sw      gp, -776(t5)
core   0: 3 0x8000b30c (0xce3f2c23) mem 0x8000c000 0x00000001
core   0: 0x8000b310 (0xff9ff06f) j       pc - 0x8
core   0: 3 0x8000b310 (0xff9ff06f)
core   0: 0x8000b308 (0x00001f17) auipc   t5, 0x1
core   0: 3 0x8000b308 (0x00001f17) x30 0x8000c308
core   0: 0x8000b30c (0xce3f2c23) sw      gp, -776(t5)
core   0: 3 0x8000b30c (0xce3f2c23) mem 0x8000c000 0x00000001
core   0: 0x8000b310 (0xff9ff06f) j       pc - 0x8
core   0: 3 0x8000b310 (0xff9ff06f)
core   0: 0x8000b308 (0x00001f17) auipc   t5, 0x1
core   0: 3 0x8000b308 (0x00001f17) x30 0x8000c308
core   0: 0x8000b30c (0xce3f2c23) sw      gp, -776(t5)
core   0: 3 0x8000b30c (0xce3f2c23) mem 0x8000c000 0x00000001
core   0: 0x8000b310 (0xff9ff06f) j       pc - 0x8
core   0: 3 0x8000b310 (0xff9ff06f)
core   0: 0x8000b308 (0x00001f17) auipc   t5, 0x1
core   0: 3 0x8000b308 (0x00001f17) x30 0x8000c308
core   0: 0x8000b30c (0xce3f2c23) sw      gp, -776(t5)
core   0: 3 0x8000b30c (0xce3f2c23) mem 0x8000c000 0x00000001
core   0: 0x8000b310 (0xff9ff06f) j       pc - 0x8
core   0: 3 0x8000b310 (0xff9ff06f)
core   0: 0x8000b308 (0x00001f17) auipc   t5, 0x1
core   0: 3 0x8000b308 (0x00001f17) x30 0x8000c308
core   0: 0x8000b30c (0xce3f2c23) sw      gp, -776(t5)
core   0: 3 0x8000b30c (0xce3f2c23) mem 0x8000c000 0x00000001
core   0: 0x8000b310 (0xff9ff06f) j       pc - 0x8
core   0: 3 0x8000b310 (0xff9ff06f)
core   0: 0x8000b308 (0x00001f17) auipc   t5, 0x1
core   0: 3 0x8000b308 (0x00001f17) x30 0x8000c308
core   0: 0x8000b30c (0xce3f2c23) sw      gp, -776(t5)
core   0: 3 0x8000b30c (0xce3f2c23) mem 0x8000c000 0x00000001
core   0: 0x8000b310 (0xff9ff06f) j       pc - 0x8
core   0: 3 0x8000b310 (0xff9ff06f)
core   0: 0x8000b308 (0x00001f17) auipc   t5, 0x1
core   0: 3 0x8000b308 (0x00001f17) x30 0x8000c308
core   0: 0x8000b30c (0xce3f2c23) sw      gp, -776(t5)
core   0: 3 0x8000b30c (0xce3f2c23) mem 0x8000c000 0x00000001
core   0: 0x8000b310 (0xff9ff06f) j       pc - 0x8
core   0: 3 0x8000b310 (0xff9ff06f)
core   0: 0x8000b308 (0x00001f17) auipc   t5, 0x1
core   0: 3 0x8000b308 (0x00001f17) x30 0x8000c308
core   0: 0x8000b30c (0xce3f2c23) sw      gp, -776(t5)
core   0: 3 0x8000b30c (0xce3f2c23) mem 0x8000c000 0x00000001
core   0: 0x8000b310 (0xff9ff06f) j       pc - 0x8
core   0: 3 0x8000b310 (0xff9ff06f)
core   0: 0x8000b308 (0x00001f17) auipc   t5, 0x1
core   0: 3 0x8000b308 (0x00001f17) x30 0x8000c308
core   0: 0x8000b30c (0xce3f2c23) sw      gp, -776(t5)
core   0: 3 0x8000b30c (0xce3f2c23) mem 0x8000c000 0x00000001
core   0: 0x8000b310 (0xff9ff06f) j       pc - 0x8
core   0: 3 0x8000b310 (0xff9ff06f)
core   0: 0x8000b308 (0x00001f17) auipc   t5, 0x1
core   0: 3 0x8000b308 (0x00001f17) x30 0x8000c308
core   0: 0x8000b30c (0xce3f2c23) sw      gp, -776(t5)
core   0: 3 0x8000b30c (0xce3f2c23) mem 0x8000c000 0x00000001
core   0: 0x8000b310 (0xff9ff06f) j       pc - 0x8
core   0: 3 0x8000b310 (0xff9ff06f)
core   0: 0x8000b308 (0x00001f17) auipc   t5, 0x1
core   0: 3 0x8000b308 (0x00001f17) x30 0x8000c308
core   0: 0x8000b30c (0xce3f2c23) sw      gp, -776(t5)
core   0: 3 0x8000b30c (0xce3f2c23) mem 0x8000c000 0x00000001
core   0: 0x8000b310 (0xff9ff06f) j       pc - 0x8
core   0: 3 0x8000b310 (0xff9ff06f)
core   0: 0x8000b308 (0x00001f17) auipc   t5, 0x1
core   0: 3 0x8000b308 (0x00001f17) x30 0x8000c308
core   0: 0x8000b30c (0xce3f2c23) sw      gp, -776(t5)
core   0: 3 0x8000b30c (0xce3f2c23) mem 0x8000c000 0x00000001
core   0: 0x8000b310 (0xff9ff06f) j       pc - 0x8
core   0: 3 0x8000b310 (0xff9ff06f)
core   0: 0x8000b308 (0x00001f17) auipc   t5, 0x1
core   0: 3 0x8000b308 (0x00001f17) x30 0x8000c308
core   0: 0x8000b30c (0xce3f2c23) sw      gp, -776(t5)
core   0: 3 0x8000b30c (0xce3f2c23) mem 0x8000c000 0x00000001
core   0: 0x8000b310 (0xff9ff06f) j       pc - 0x8
core   0: 3 0x8000b310 (0xff9ff06f)
core   0: 0x8000b308 (0x00001f17) auipc   t5, 0x1
core   0: 3 0x8000b308 (0x00001f17) x30 0x8000c308
core   0: 0x8000b30c (0xce3f2c23) sw      gp, -776(t5)
core   0: 3 0x8000b30c (0xce3f2c23) mem 0x8000c000 0x00000001
core   0: 0x8000b310 (0xff9ff06f) j       pc - 0x8
core   0: 3 0x8000b310 (0xff9ff06f)
core   0: 0x8000b308 (0x00001f17) auipc   t5, 0x1
core   0: 3 0x8000b308 (0x00001f17) x30 0x8000c308
core   0: 0x8000b30c (0xce3f2c23) sw      gp, -776(t5)
core   0: 3 0x8000b30c (0xce3f2c23) mem 0x8000c000 0x00000001
core   0: 0x8000b310 (0xff9ff06f) j       pc - 0x8
core   0: 3 0x8000b310 (0xff9ff06f)
core   0: 0x8000b308 (0x00001f17) auipc   t5, 0x1
core   0: 3 0x8000b308 (0x00001f17) x30 0x8000c308
core   0: 0x8000b30c (0xce3f2c23) sw      gp, -776(t5)
core   0: 3 0x8000b30c (0xce3f2c23) mem 0x8000c000 0x00000001
core   0: 0x8000b310 (0xff9ff06f) j       pc - 0x8
core   0: 3 0x8000b310 (0xff9ff06f)
core   0: 0x8000b308 (0x00001f17) auipc   t5, 0x1
core   0: 3 0x8000b308 (0x00001f17) x30 0x8000c308
core   0: 0x8000b30c (0xce3f2c23) sw      gp, -776(t5)
core   0: 3 0x8000b30c (0xce3f2c23) mem 0x8000c000 0x00000001
core   0: 0x8000b310 (0xff9ff06f) j       pc - 0x8
core   0: 3 0x8000b310 (0xff9ff06f)
core   0: 0x8000b308 (0x00001f17) auipc   t5, 0x1
core   0: 3 0x8000b308 (0x00001f17) x30 0x8000c308
core   0: 0x8000b30c (0xce3f2c23) sw      gp, -776(t5)
core   0: 3 0x8000b30c (0xce3f2c23) mem 0x8000c000 0x00000001
core   0: 0x8000b310 (0xff9ff06f) j       pc - 0x8
core   0: 3 0x8000b310 (0xff9ff06f)
core   0: 0x8000b308 (0x00001f17) auipc   t5, 0x1
core   0: 3 0x8000b308 (0x00001f17) x30 0x8000c308
core   0: 0x8000b30c (0xce3f2c23) sw      gp, -776(t5)
core   0: 3 0x8000b30c (0xce3f2c23) mem 0x8000c000 0x00000001
core   0: 0x8000b310 (0xff9ff06f) j       pc - 0x8
core   0: 3 0x8000b310 (0xff9ff06f)
core   0: 0x8000b308 (0x00001f17) auipc   t5, 0x1
core   0: 3 0x8000b308 (0x00001f17) x30 0x8000c308
core   0: 0x8000b30c (0xce3f2c23) sw      gp, -776(t5)
core   0: 3 0x8000b30c (0xce3f2c23) mem 0x8000c000 0x00000001
core   0: 0x8000b310 (0xff9ff06f) j       pc - 0x8
core   0: 3 0x8000b310 (0xff9ff06f)
core   0: 0x8000b308 (0x00001f17) auipc   t5, 0x1
core   0: 3 0x8000b308 (0x00001f17) x30 0x8000c308
core   0: 0x8000b30c (0xce3f2c23) sw      gp, -776(t5)
core   0: 3 0x8000b30c (0xce3f2c23) mem 0x8000c000 0x00000001
core   0: 0x8000b310 (0xff9ff06f) j       pc - 0x8
core   0: 3 0x8000b310 (0xff9ff06f)
core   0: 0x8000b308 (0x00001f17) auipc   t5, 0x1
core   0: 3 0x8000b308 (0x00001f17) x30 0x8000c308
core   0: 0x8000b30c (0xce3f2c23) sw      gp, -776(t5)
core   0: 3 0x8000b30c (0xce3f2c23) mem 0x8000c000 0x00000001
core   0: 0x8000b310 (0xff9ff06f) j       pc - 0x8
core   0: 3 0x8000b310 (0xff9ff06f)
core   0: 0x8000b308 (0x00001f17) auipc   t5, 0x1
core   0: 3 0x8000b308 (0x00001f17) x30 0x8000c308
core   0: 0x8000b30c (0xce3f2c23) sw      gp, -776(t5)
core   0: 3 0x8000b30c (0xce3f2c23) mem 0x8000c000 0x00000001
core   0: 0x8000b310 (0xff9ff06f) j       pc - 0x8
core   0: 3 0x8000b310 (0xff9ff06f)
core   0: 0x8000b308 (0x00001f17) auipc   t5, 0x1
core   0: 3 0x8000b308 (0x00001f17) x30 0x8000c308
core   0: 0x8000b30c (0xce3f2c23) sw      gp, -776(t5)
core   0: 3 0x8000b30c (0xce3f2c23) mem 0x8000c000 0x00000001
core   0: 0x8000b310 (0xff9ff06f) j       pc - 0x8
core   0: 3 0x8000b310 (0xff9ff06f)
core   0: 0x8000b308 (0x00001f17) auipc   t5, 0x1
core   0: 3 0x8000b308 (0x00001f17) x30 0x8000c308
core   0: 0x8000b30c (0xce3f2c23) sw      gp, -776(t5)
core   0: 3 0x8000b30c (0xce3f2c23) mem 0x8000c000 0x00000001
core   0: 0x8000b310 (0xff9ff06f) j       pc - 0x8
core   0: 3 0x8000b310 (0xff9ff06f)
core   0: 0x8000b308 (0x00001f17) auipc   t5, 0x1
core   0: 3 0x8000b308 (0x00001f17) x30 0x8000c308
core   0: 0x8000b30c (0xce3f2c23) sw      gp, -776(t5)
core   0: 3 0x8000b30c (0xce3f2c23) mem 0x8000c000 0x00000001
core   0: 0x8000b310 (0xff9ff06f) j       pc - 0x8
core   0: 3 0x8000b310 (0xff9ff06f)
core   0: 0x8000b308 (0x00001f17) auipc   t5, 0x1
core   0: 3 0x8000b308 (0x00001f17) x30 0x8000c308
core   0: 0x8000b30c (0xce3f2c23) sw      gp, -776(t5)
core   0: 3 0x8000b30c (0xce3f2c23) mem 0x8000c000 0x00000001
core   0: 0x8000b310 (0xff9ff06f) j       pc - 0x8
core   0: 3 0x8000b310 (0xff9ff06f)
core   0: 0x8000b308 (0x00001f17) auipc   t5, 0x1
core   0: 3 0x8000b308 (0x00001f17) x30 0x8000c308
core   0: 0x8000b30c (0xce3f2c23) sw      gp, -776(t5)
core   0: 3 0x8000b30c (0xce3f2c23) mem 0x8000c000 0x00000001
core   0: 0x8000b310 (0xff9ff06f) j       pc - 0x8
core   0: 3 0x8000b310 (0xff9ff06f)
core   0: 0x8000b308 (0x00001f17) auipc   t5, 0x1
core   0: 3 0x8000b308 (0x00001f17) x30 0x8000c308
core   0: 0x8000b30c (0xce3f2c23) sw      gp, -776(t5)
core   0: 3 0x8000b30c (0xce3f2c23) mem 0x8000c000 0x00000001
core   0: 0x8000b310 (0xff9ff06f) j       pc - 0x8
core   0: 3 0x8000b310 (0xff9ff06f)
core   0: 0x8000b308 (0x00001f17) auipc   t5, 0x1
core   0: 3 0x8000b308 (0x00001f17) x30 0x8000c308
core   0: 0x8000b30c (0xce3f2c23) sw      gp, -776(t5)
core   0: 3 0x8000b30c (0xce3f2c23) mem 0x8000c000 0x00000001
core   0: 0x8000b310 (0xff9ff06f) j       pc - 0x8
core   0: 3 0x8000b310 (0xff9ff06f)
core   0: 0x8000b308 (0x00001f17) auipc   t5, 0x1
core   0: 3 0x8000b308 (0x00001f17) x30 0x8000c308
core   0: 0x8000b30c (0xce3f2c23) sw      gp, -776(t5)
core   0: 3 0x8000b30c (0xce3f2c23) mem 0x8000c000 0x00000001
core   0: 0x8000b310 (0xff9ff06f) j       pc - 0x8
core   0: 3 0x8000b310 (0xff9ff06f)
core   0: 0x8000b308 (0x00001f17) auipc   t5, 0x1
core   0: 3 0x8000b308 (0x00001f17) x30 0x8000c308
core   0: 0x8000b30c (0xce3f2c23) sw      gp, -776(t5)
core   0: 3 0x8000b30c (0xce3f2c23) mem 0x8000c000 0x00000001
core   0: 0x8000b310 (0xff9ff06f) j       pc - 0x8
core   0: 3 0x8000b310 (0xff9ff06f)
core   0: 0x8000b308 (0x00001f17) auipc   t5, 0x1
core   0: 3 0x8000b308 (0x00001f17) x30 0x8000c308
core   0: 0x8000b30c (0xce3f2c23) sw      gp, -776(t5)
core   0: 3 0x8000b30c (0xce3f2c23) mem 0x8000c000 0x00000001
core   0: 0x8000b310 (0xff9ff06f) j       pc - 0x8
core   0: 3 0x8000b310 (0xff9ff06f)
core   0: 0x8000b308 (0x00001f17) auipc   t5, 0x1
core   0: 3 0x8000b308 (0x00001f17) x30 0x8000c308
core   0: 0x8000b30c (0xce3f2c23) sw      gp, -776(t5)
core   0: 3 0x8000b30c (0xce3f2c23) mem 0x8000c000 0x00000001
core   0: 0x8000b310 (0xff9ff06f) j       pc - 0x8
core   0: 3 0x8000b310 (0xff9ff06f)
core   0: 0x8000b308 (0x00001f17) auipc   t5, 0x1
core   0: 3 0x8000b308 (0x00001f17) x30 0x8000c308
core   0: 0x8000b30c (0xce3f2c23) sw      gp, -776(t5)
core   0: 3 0x8000b30c (0xce3f2c23) mem 0x8000c000 0x00000001
core   0: 0x8000b310 (0xff9ff06f) j       pc - 0x8
core   0: 3 0x8000b310 (0xff9ff06f)
core   0: 0x8000b308 (0x00001f17) auipc   t5, 0x1
core   0: 3 0x8000b308 (0x00001f17) x30 0x8000c308
core   0: 0x8000b30c (0xce3f2c23) sw      gp, -776(t5)
core   0: 3 0x8000b30c (0xce3f2c23) mem 0x8000c000 0x00000001
core   0: 0x8000b310 (0xff9ff06f) j       pc - 0x8
core   0: 3 0x8000b310 (0xff9ff06f)
core   0: 0x8000b308 (0x00001f17) auipc   t5, 0x1
core   0: 3 0x8000b308 (0x00001f17) x30 0x8000c308
core   0: 0x8000b30c (0xce3f2c23) sw      gp, -776(t5)
core   0: 3 0x8000b30c (0xce3f2c23) mem 0x8000c000 0x00000001
core   0: 0x8000b310 (0xff9ff06f) j       pc - 0x8
core   0: 3 0x8000b310 (0xff9ff06f)
core   0: 0x8000b308 (0x00001f17) auipc   t5, 0x1
core   0: 3 0x8000b308 (0x00001f17) x30 0x8000c308
core   0: 0x8000b30c (0xce3f2c23) sw      gp, -776(t5)
core   0: 3 0x8000b30c (0xce3f2c23) mem 0x8000c000 0x00000001
core   0: 0x8000b310 (0xff9ff06f) j       pc - 0x8
core   0: 3 0x8000b310 (0xff9ff06f)
core   0: 0x8000b308 (0x00001f17) auipc   t5, 0x1
core   0: 3 0x8000b308 (0x00001f17) x30 0x8000c308
core   0: 0x8000b30c (0xce3f2c23) sw      gp, -776(t5)
core   0: 3 0x8000b30c (0xce3f2c23) mem 0x8000c000 0x00000001
core   0: 0x8000b310 (0xff9ff06f) j       pc - 0x8
core   0: 3 0x8000b310 (0xff9ff06f)
core   0: 0x8000b308 (0x00001f17) auipc   t5, 0x1
core   0: 3 0x8000b308 (0x00001f17) x30 0x8000c308
core   0: 0x8000b30c (0xce3f2c23) sw      gp, -776(t5)
core   0: 3 0x8000b30c (0xce3f2c23) mem 0x8000c000 0x00000001
core   0: 0x8000b310 (0xff9ff06f) j       pc - 0x8
core   0: 3 0x8000b310 (0xff9ff06f)
core   0: 0x8000b308 (0x00001f17) auipc   t5, 0x1
core   0: 3 0x8000b308 (0x00001f17) x30 0x8000c308
core   0: 0x8000b30c (0xce3f2c23) sw      gp, -776(t5)
core   0: 3 0x8000b30c (0xce3f2c23) mem 0x8000c000 0x00000001
core   0: 0x8000b310 (0xff9ff06f) j       pc - 0x8
core   0: 3 0x8000b310 (0xff9ff06f)
core   0: 0x8000b308 (0x00001f17) auipc   t5, 0x1
core   0: 3 0x8000b308 (0x00001f17) x30 0x8000c308
core   0: 0x8000b30c (0xce3f2c23) sw      gp, -776(t5)
core   0: 3 0x8000b30c (0xce3f2c23) mem 0x8000c000 0x00000001
core   0: 0x8000b310 (0xff9ff06f) j       pc - 0x8
core   0: 3 0x8000b310 (0xff9ff06f)
core   0: 0x8000b308 (0x00001f17) auipc   t5, 0x1
core   0: 3 0x8000b308 (0x00001f17) x30 0x8000c308
core   0: 0x8000b30c (0xce3f2c23) sw      gp, -776(t5)
core   0: 3 0x8000b30c (0xce3f2c23) mem 0x8000c000 0x00000001
core   0: 0x8000b310 (0xff9ff06f) j       pc - 0x8
core   0: 3 0x8000b310 (0xff9ff06f)
core   0: 0x8000b308 (0x00001f17) auipc   t5, 0x1
core   0: 3 0x8000b308 (0x00001f17) x30 0x8000c308
core   0: 0x8000b30c (0xce3f2c23) sw      gp, -776(t5)
core   0: 3 0x8000b30c (0xce3f2c23) mem 0x8000c000 0x00000001
core   0: 0x8000b310 (0xff9ff06f) j       pc - 0x8
core   0: 3 0x8000b310 (0xff9ff06f)
core   0: 0x8000b308 (0x00001f17) auipc   t5, 0x1
core   0: 3 0x8000b308 (0x00001f17) x30 0x8000c308
core   0: 0x8000b30c (0xce3f2c23) sw      gp, -776(t5)
core   0: 3 0x8000b30c (0xce3f2c23) mem 0x8000c000 0x00000001
core   0: 0x8000b310 (0xff9ff06f) j       pc - 0x8
core   0: 3 0x8000b310 (0xff9ff06f)
core   0: 0x8000b308 (0x00001f17) auipc   t5, 0x1
core   0: 3 0x8000b308 (0x00001f17) x30 0x8000c308
core   0: 0x8000b30c (0xce3f2c23) sw      gp, -776(t5)
core   0: 3 0x8000b30c (0xce3f2c23) mem 0x8000c000 0x00000001
core   0: 0x8000b310 (0xff9ff06f) j       pc - 0x8
core   0: 3 0x8000b310 (0xff9ff06f)
core   0: 0x8000b308 (0x00001f17) auipc   t5, 0x1
core   0: 3 0x8000b308 (0x00001f17) x30 0x8000c308
core   0: 0x8000b30c (0xce3f2c23) sw      gp, -776(t5)
core   0: 3 0x8000b30c (0xce3f2c23) mem 0x8000c000 0x00000001
core   0: 0x8000b310 (0xff9ff06f) j       pc - 0x8
core   0: 3 0x8000b310 (0xff9ff06f)
core   0: 0x8000b308 (0x00001f17) auipc   t5, 0x1
core   0: 3 0x8000b308 (0x00001f17) x30 0x8000c308
core   0: 0x8000b30c (0xce3f2c23) sw      gp, -776(t5)
core   0: 3 0x8000b30c (0xce3f2c23) mem 0x8000c000 0x00000001
core   0: 0x8000b310 (0xff9ff06f) j       pc - 0x8
core   0: 3 0x8000b310 (0xff9ff06f)
core   0: 0x8000b308 (0x00001f17) auipc   t5, 0x1
core   0: 3 0x8000b308 (0x00001f17) x30 0x8000c308
core   0: 0x8000b30c (0xce3f2c23) sw      gp, -776(t5)
core   0: 3 0x8000b30c (0xce3f2c23) mem 0x8000c000 0x00000001
core   0: 0x8000b310 (0xff9ff06f) j       pc - 0x8
core   0: 3 0x8000b310 (0xff9ff06f)
core   0: 0x8000b308 (0x00001f17) auipc   t5, 0x1
core   0: 3 0x8000b308 (0x00001f17) x30 0x8000c308
core   0: 0x8000b30c (0xce3f2c23) sw      gp, -776(t5)
core   0: 3 0x8000b30c (0xce3f2c23) mem 0x8000c000 0x00000001
core   0: 0x8000b310 (0xff9ff06f) j       pc - 0x8
core   0: 3 0x8000b310 (0xff9ff06f)
core   0: 0x8000b308 (0x00001f17) auipc   t5, 0x1
core   0: 3 0x8000b308 (0x00001f17) x30 0x8000c308
core   0: 0x8000b30c (0xce3f2c23) sw      gp, -776(t5)
core   0: 3 0x8000b30c (0xce3f2c23) mem 0x8000c000 0x00000001
core   0: 0x8000b310 (0xff9ff06f) j       pc - 0x8
core   0: 3 0x8000b310 (0xff9ff06f)
core   0: 0x8000b308 (0x00001f17) auipc   t5, 0x1
core   0: 3 0x8000b308 (0x00001f17) x30 0x8000c308
core   0: 0x8000b30c (0xce3f2c23) sw      gp, -776(t5)
core   0: 3 0x8000b30c (0xce3f2c23) mem 0x8000c000 0x00000001
core   0: 0x8000b310 (0xff9ff06f) j       pc - 0x8
core   0: 3 0x8000b310 (0xff9ff06f)
core   0: 0x8000b308 (0x00001f17) auipc   t5, 0x1
core   0: 3 0x8000b308 (0x00001f17) x30 0x8000c308
core   0: 0x8000b30c (0xce3f2c23) sw      gp, -776(t5)
core   0: 3 0x8000b30c (0xce3f2c23) mem 0x8000c000 0x00000001
core   0: 0x8000b310 (0xff9ff06f) j       pc - 0x8
core   0: 3 0x8000b310 (0xff9ff06f)
core   0: 0x8000b308 (0x00001f17) auipc   t5, 0x1
core   0: 3 0x8000b308 (0x00001f17) x30 0x8000c308
core   0: 0x8000b30c (0xce3f2c23) sw      gp, -776(t5)
core   0: 3 0x8000b30c (0xce3f2c23) mem 0x8000c000 0x00000001
core   0: 0x8000b310 (0xff9ff06f) j       pc - 0x8
core   0: 3 0x8000b310 (0xff9ff06f)
core   0: 0x8000b308 (0x00001f17) auipc   t5, 0x1
core   0: 3 0x8000b308 (0x00001f17) x30 0x8000c308
core   0: 0x8000b30c (0xce3f2c23) sw      gp, -776(t5)
core   0: 3 0x8000b30c (0xce3f2c23) mem 0x8000c000 0x00000001
core   0: 0x8000b310 (0xff9ff06f) j       pc - 0x8
core   0: 3 0x8000b310 (0xff9ff06f)
core   0: 0x8000b308 (0x00001f17) auipc   t5, 0x1
core   0: 3 0x8000b308 (0x00001f17) x30 0x8000c308
core   0: 0x8000b30c (0xce3f2c23) sw      gp, -776(t5)
core   0: 3 0x8000b30c (0xce3f2c23) mem 0x8000c000 0x00000001
core   0: 0x8000b310 (0xff9ff06f) j       pc - 0x8
core   0: 3 0x8000b310 (0xff9ff06f)
core   0: 0x8000b308 (0x00001f17) auipc   t5, 0x1
core   0: 3 0x8000b308 (0x00001f17) x30 0x8000c308
core   0: 0x8000b30c (0xce3f2c23) sw      gp, -776(t5)
core   0: 3 0x8000b30c (0xce3f2c23) mem 0x8000c000 0x00000001
core   0: 0x8000b310 (0xff9ff06f) j       pc - 0x8
core   0: 3 0x8000b310 (0xff9ff06f)
core   0: 0x8000b308 (0x00001f17) auipc   t5, 0x1
core   0: 3 0x8000b308 (0x00001f17) x30 0x8000c308
core   0: 0x8000b30c (0xce3f2c23) sw      gp, -776(t5)
core   0: 3 0x8000b30c (0xce3f2c23) mem 0x8000c000 0x00000001
core   0: 0x8000b310 (0xff9ff06f) j       pc - 0x8
core   0: 3 0x8000b310 (0xff9ff06f)
core   0: 0x8000b308 (0x00001f17) auipc   t5, 0x1
core   0: 3 0x8000b308 (0x00001f17) x30 0x8000c308
core   0: 0x8000b30c (0xce3f2c23) sw      gp, -776(t5)
core   0: 3 0x8000b30c (0xce3f2c23) mem 0x8000c000 0x00000001
core   0: 0x8000b310 (0xff9ff06f) j       pc - 0x8
core   0: 3 0x8000b310 (0xff9ff06f)
core   0: 0x8000b308 (0x00001f17) auipc   t5, 0x1
core   0: 3 0x8000b308 (0x00001f17) x30 0x8000c308
core   0: 0x8000b30c (0xce3f2c23) sw      gp, -776(t5)
core   0: 3 0x8000b30c (0xce3f2c23) mem 0x8000c000 0x00000001
core   0: 0x8000b310 (0xff9ff06f) j       pc - 0x8
core   0: 3 0x8000b310 (0xff9ff06f)
core   0: 0x8000b308 (0x00001f17) auipc   t5, 0x1
core   0: 3 0x8000b308 (0x00001f17) x30 0x8000c308
core   0: 0x8000b30c (0xce3f2c23) sw      gp, -776(t5)
core   0: 3 0x8000b30c (0xce3f2c23) mem 0x8000c000 0x00000001
core   0: 0x8000b310 (0xff9ff06f) j       pc - 0x8
core   0: 3 0x8000b310 (0xff9ff06f)
core   0: 0x8000b308 (0x00001f17) auipc   t5, 0x1
core   0: 3 0x8000b308 (0x00001f17) x30 0x8000c308
core   0: 0x8000b30c (0xce3f2c23) sw      gp, -776(t5)
core   0: 3 0x8000b30c (0xce3f2c23) mem 0x8000c000 0x00000001
core   0: 0x8000b310 (0xff9ff06f) j       pc - 0x8
core   0: 3 0x8000b310 (0xff9ff06f)
core   0: 0x8000b308 (0x00001f17) auipc   t5, 0x1
core   0: 3 0x8000b308 (0x00001f17) x30 0x8000c308
core   0: 0x8000b30c (0xce3f2c23) sw      gp, -776(t5)
core   0: 3 0x8000b30c (0xce3f2c23) mem 0x8000c000 0x00000001
core   0: 0x8000b310 (0xff9ff06f) j       pc - 0x8
core   0: 3 0x8000b310 (0xff9ff06f)
core   0: 0x8000b308 (0x00001f17) auipc   t5, 0x1
core   0: 3 0x8000b308 (0x00001f17) x30 0x8000c308
core   0: 0x8000b30c (0xce3f2c23) sw      gp, -776(t5)
core   0: 3 0x8000b30c (0xce3f2c23) mem 0x8000c000 0x00000001
core   0: 0x8000b310 (0xff9ff06f) j       pc - 0x8
core   0: 3 0x8000b310 (0xff9ff06f)
core   0: 0x8000b308 (0x00001f17) auipc   t5, 0x1
core   0: 3 0x8000b308 (0x00001f17) x30 0x8000c308
core   0: 0x8000b30c (0xce3f2c23) sw      gp, -776(t5)
core   0: 3 0x8000b30c (0xce3f2c23) mem 0x8000c000 0x00000001
core   0: 0x8000b310 (0xff9ff06f) j       pc - 0x8
core   0: 3 0x8000b310 (0xff9ff06f)
core   0: 0x8000b308 (0x00001f17) auipc   t5, 0x1
core   0: 3 0x8000b308 (0x00001f17) x30 0x8000c308
core   0: 0x8000b30c (0xce3f2c23) sw      gp, -776(t5)
core   0: 3 0x8000b30c (0xce3f2c23) mem 0x8000c000 0x00000001
core   0: 0x8000b310 (0xff9ff06f) j       pc - 0x8
core   0: 3 0x8000b310 (0xff9ff06f)
core   0: 0x8000b308 (0x00001f17) auipc   t5, 0x1
core   0: 3 0x8000b308 (0x00001f17) x30 0x8000c308
core   0: 0x8000b30c (0xce3f2c23) sw      gp, -776(t5)
core   0: 3 0x8000b30c (0xce3f2c23) mem 0x8000c000 0x00000001
core   0: 0x8000b310 (0xff9ff06f) j       pc - 0x8
core   0: 3 0x8000b310 (0xff9ff06f)
core   0: 0x8000b308 (0x00001f17) auipc   t5, 0x1
core   0: 3 0x8000b308 (0x00001f17) x30 0x8000c308
core   0: 0x8000b30c (0xce3f2c23) sw      gp, -776(t5)
core   0: 3 0x8000b30c (0xce3f2c23) mem 0x8000c000 0x00000001
core   0: 0x8000b310 (0xff9ff06f) j       pc - 0x8
core   0: 3 0x8000b310 (0xff9ff06f)
core   0: 0x8000b308 (0x00001f17) auipc   t5, 0x1
core   0: 3 0x8000b308 (0x00001f17) x30 0x8000c308
core   0: 0x8000b30c (0xce3f2c23) sw      gp, -776(t5)
core   0: 3 0x8000b30c (0xce3f2c23) mem 0x8000c000 0x00000001
core   0: 0x8000b310 (0xff9ff06f) j       pc - 0x8
core   0: 3 0x8000b310 (0xff9ff06f)
core   0: 0x8000b308 (0x00001f17) auipc   t5, 0x1
core   0: 3 0x8000b308 (0x00001f17) x30 0x8000c308
core   0: 0x8000b30c (0xce3f2c23) sw      gp, -776(t5)
core   0: 3 0x8000b30c (0xce3f2c23) mem 0x8000c000 0x00000001
core   0: 0x8000b310 (0xff9ff06f) j       pc - 0x8
core   0: 3 0x8000b310 (0xff9ff06f)
core   0: 0x8000b308 (0x00001f17) auipc   t5, 0x1
core   0: 3 0x8000b308 (0x00001f17) x30 0x8000c308
core   0: 0x8000b30c (0xce3f2c23) sw      gp, -776(t5)
core   0: 3 0x8000b30c (0xce3f2c23) mem 0x8000c000 0x00000001
core   0: 0x8000b310 (0xff9ff06f) j       pc - 0x8
core   0: 3 0x8000b310 (0xff9ff06f)
core   0: 0x8000b308 (0x00001f17) auipc   t5, 0x1
core   0: 3 0x8000b308 (0x00001f17) x30 0x8000c308
core   0: 0x8000b30c (0xce3f2c23) sw      gp, -776(t5)
core   0: 3 0x8000b30c (0xce3f2c23) mem 0x8000c000 0x00000001
core   0: 0x8000b310 (0xff9ff06f) j       pc - 0x8
core   0: 3 0x8000b310 (0xff9ff06f)
core   0: 0x8000b308 (0x00001f17) auipc   t5, 0x1
core   0: 3 0x8000b308 (0x00001f17) x30 0x8000c308
core   0: 0x8000b30c (0xce3f2c23) sw      gp, -776(t5)
core   0: 3 0x8000b30c (0xce3f2c23) mem 0x8000c000 0x00000001
core   0: 0x8000b310 (0xff9ff06f) j       pc - 0x8
core   0: 3 0x8000b310 (0xff9ff06f)
core   0: 0x8000b308 (0x00001f17) auipc   t5, 0x1
core   0: 3 0x8000b308 (0x00001f17) x30 0x8000c308
core   0: 0x8000b30c (0xce3f2c23) sw      gp, -776(t5)
core   0: 3 0x8000b30c (0xce3f2c23) mem 0x8000c000 0x00000001
core   0: 0x8000b310 (0xff9ff06f) j       pc - 0x8
core   0: 3 0x8000b310 (0xff9ff06f)
core   0: 0x8000b308 (0x00001f17) auipc   t5, 0x1
core   0: 3 0x8000b308 (0x00001f17) x30 0x8000c308
core   0: 0x8000b30c (0xce3f2c23) sw      gp, -776(t5)
core   0: 3 0x8000b30c (0xce3f2c23) mem 0x8000c000 0x00000001
core   0: 0x8000b310 (0xff9ff06f) j       pc - 0x8
core   0: 3 0x8000b310 (0xff9ff06f)
core   0: 0x8000b308 (0x00001f17) auipc   t5, 0x1
core   0: 3 0x8000b308 (0x00001f17) x30 0x8000c308
core   0: 0x8000b30c (0xce3f2c23) sw      gp, -776(t5)
core   0: 3 0x8000b30c (0xce3f2c23) mem 0x8000c000 0x00000001
core   0: 0x8000b310 (0xff9ff06f) j       pc - 0x8
core   0: 3 0x8000b310 (0xff9ff06f)
core   0: 0x8000b308 (0x00001f17) auipc   t5, 0x1
core   0: 3 0x8000b308 (0x00001f17) x30 0x8000c308
core   0: 0x8000b30c (0xce3f2c23) sw      gp, -776(t5)
core   0: 3 0x8000b30c (0xce3f2c23) mem 0x8000c000 0x00000001
core   0: 0x8000b310 (0xff9ff06f) j       pc - 0x8
core   0: 3 0x8000b310 (0xff9ff06f)
core   0: 0x8000b308 (0x00001f17) auipc   t5, 0x1
core   0: 3 0x8000b308 (0x00001f17) x30 0x8000c308
core   0: 0x8000b30c (0xce3f2c23) sw      gp, -776(t5)
core   0: 3 0x8000b30c (0xce3f2c23) mem 0x8000c000 0x00000001
core   0: 0x8000b310 (0xff9ff06f) j       pc - 0x8
core   0: 3 0x8000b310 (0xff9ff06f)
core   0: 0x8000b308 (0x00001f17) auipc   t5, 0x1
core   0: 3 0x8000b308 (0x00001f17) x30 0x8000c308
core   0: 0x8000b30c (0xce3f2c23) sw      gp, -776(t5)
core   0: 3 0x8000b30c (0xce3f2c23) mem 0x8000c000 0x00000001
core   0: 0x8000b310 (0xff9ff06f) j       pc - 0x8
core   0: 3 0x8000b310 (0xff9ff06f)
core   0: 0x8000b308 (0x00001f17) auipc   t5, 0x1
core   0: 3 0x8000b308 (0x00001f17) x30 0x8000c308
core   0: 0x8000b30c (0xce3f2c23) sw      gp, -776(t5)
core   0: 3 0x8000b30c (0xce3f2c23) mem 0x8000c000 0x00000001
core   0: 0x8000b310 (0xff9ff06f) j       pc - 0x8
core   0: 3 0x8000b310 (0xff9ff06f)
core   0: 0x8000b308 (0x00001f17) auipc   t5, 0x1
core   0: 3 0x8000b308 (0x00001f17) x30 0x8000c308
core   0: 0x8000b30c (0xce3f2c23) sw      gp, -776(t5)
core   0: 3 0x8000b30c (0xce3f2c23) mem 0x8000c000 0x00000001
core   0: 0x8000b310 (0xff9ff06f) j       pc - 0x8
core   0: 3 0x8000b310 (0xff9ff06f)
core   0: 0x8000b308 (0x00001f17) auipc   t5, 0x1
core   0: 3 0x8000b308 (0x00001f17) x30 0x8000c308
core   0: 0x8000b30c (0xce3f2c23) sw      gp, -776(t5)
core   0: 3 0x8000b30c (0xce3f2c23) mem 0x8000c000 0x00000001
core   0: 0x8000b310 (0xff9ff06f) j       pc - 0x8
core   0: 3 0x8000b310 (0xff9ff06f)
core   0: 0x8000b308 (0x00001f17) auipc   t5, 0x1
core   0: 3 0x8000b308 (0x00001f17) x30 0x8000c308
core   0: 0x8000b30c (0xce3f2c23) sw      gp, -776(t5)
core   0: 3 0x8000b30c (0xce3f2c23) mem 0x8000c000 0x00000001
core   0: 0x8000b310 (0xff9ff06f) j       pc - 0x8
core   0: 3 0x8000b310 (0xff9ff06f)
core   0: 0x8000b308 (0x00001f17) auipc   t5, 0x1
core   0: 3 0x8000b308 (0x00001f17) x30 0x8000c308
core   0: 0x8000b30c (0xce3f2c23) sw      gp, -776(t5)
core   0: 3 0x8000b30c (0xce3f2c23) mem 0x8000c000 0x00000001
core   0: 0x8000b310 (0xff9ff06f) j       pc - 0x8
core   0: 3 0x8000b310 (0xff9ff06f)
core   0: 0x8000b308 (0x00001f17) auipc   t5, 0x1
core   0: 3 0x8000b308 (0x00001f17) x30 0x8000c308
core   0: 0x8000b30c (0xce3f2c23) sw      gp, -776(t5)
core   0: 3 0x8000b30c (0xce3f2c23) mem 0x8000c000 0x00000001
core   0: 0x8000b310 (0xff9ff06f) j       pc - 0x8
core   0: 3 0x8000b310 (0xff9ff06f)
core   0: 0x8000b308 (0x00001f17) auipc   t5, 0x1
core   0: 3 0x8000b308 (0x00001f17) x30 0x8000c308
core   0: 0x8000b30c (0xce3f2c23) sw      gp, -776(t5)
core   0: 3 0x8000b30c (0xce3f2c23) mem 0x8000c000 0x00000001
core   0: 0x8000b310 (0xff9ff06f) j       pc - 0x8
core   0: 3 0x8000b310 (0xff9ff06f)
core   0: 0x8000b308 (0x00001f17) auipc   t5, 0x1
core   0: 3 0x8000b308 (0x00001f17) x30 0x8000c308
core   0: 0x8000b30c (0xce3f2c23) sw      gp, -776(t5)
core   0: 3 0x8000b30c (0xce3f2c23) mem 0x8000c000 0x00000001
core   0: 0x8000b310 (0xff9ff06f) j       pc - 0x8
core   0: 3 0x8000b310 (0xff9ff06f)
core   0: 0x8000b308 (0x00001f17) auipc   t5, 0x1
core   0: 3 0x8000b308 (0x00001f17) x30 0x8000c308
core   0: 0x8000b30c (0xce3f2c23) sw      gp, -776(t5)
core   0: 3 0x8000b30c (0xce3f2c23) mem 0x8000c000 0x00000001
core   0: 0x8000b310 (0xff9ff06f) j       pc - 0x8
core   0: 3 0x8000b310 (0xff9ff06f)
core   0: 0x8000b308 (0x00001f17) auipc   t5, 0x1
core   0: 3 0x8000b308 (0x00001f17) x30 0x8000c308
core   0: 0x8000b30c (0xce3f2c23) sw      gp, -776(t5)
core   0: 3 0x8000b30c (0xce3f2c23) mem 0x8000c000 0x00000001
core   0: 0x8000b310 (0xff9ff06f) j       pc - 0x8
core   0: 3 0x8000b310 (0xff9ff06f)
core   0: 0x8000b308 (0x00001f17) auipc   t5, 0x1
core   0: 3 0x8000b308 (0x00001f17) x30 0x8000c308
core   0: 0x8000b30c (0xce3f2c23) sw      gp, -776(t5)
core   0: 3 0x8000b30c (0xce3f2c23) mem 0x8000c000 0x00000001
core   0: 0x8000b310 (0xff9ff06f) j       pc - 0x8
core   0: 3 0x8000b310 (0xff9ff06f)
core   0: 0x8000b308 (0x00001f17) auipc   t5, 0x1
core   0: 3 0x8000b308 (0x00001f17) x30 0x8000c308
core   0: 0x8000b30c (0xce3f2c23) sw      gp, -776(t5)
core   0: 3 0x8000b30c (0xce3f2c23) mem 0x8000c000 0x00000001
core   0: 0x8000b310 (0xff9ff06f) j       pc - 0x8
core   0: 3 0x8000b310 (0xff9ff06f)
core   0: 0x8000b308 (0x00001f17) auipc   t5, 0x1
core   0: 3 0x8000b308 (0x00001f17) x30 0x8000c308
core   0: 0x8000b30c (0xce3f2c23) sw      gp, -776(t5)
core   0: 3 0x8000b30c (0xce3f2c23) mem 0x8000c000 0x00000001
core   0: 0x8000b310 (0xff9ff06f) j       pc - 0x8
core   0: 3 0x8000b310 (0xff9ff06f)
core   0: 0x8000b308 (0x00001f17) auipc   t5, 0x1
core   0: 3 0x8000b308 (0x00001f17) x30 0x8000c308
core   0: 0x8000b30c (0xce3f2c23) sw      gp, -776(t5)
core   0: 3 0x8000b30c (0xce3f2c23) mem 0x8000c000 0x00000001
core   0: 0x8000b310 (0xff9ff06f) j       pc - 0x8
core   0: 3 0x8000b310 (0xff9ff06f)
core   0: 0x8000b308 (0x00001f17) auipc   t5, 0x1
core   0: 3 0x8000b308 (0x00001f17) x30 0x8000c308
core   0: 0x8000b30c (0xce3f2c23) sw      gp, -776(t5)
core   0: 3 0x8000b30c (0xce3f2c23) mem 0x8000c000 0x00000001
core   0: 0x8000b310 (0xff9ff06f) j       pc - 0x8
core   0: 3 0x8000b310 (0xff9ff06f)
core   0: 0x8000b308 (0x00001f17) auipc   t5, 0x1
core   0: 3 0x8000b308 (0x00001f17) x30 0x8000c308
core   0: 0x8000b30c (0xce3f2c23) sw      gp, -776(t5)
core   0: 3 0x8000b30c (0xce3f2c23) mem 0x8000c000 0x00000001
core   0: 0x8000b310 (0xff9ff06f) j       pc - 0x8
core   0: 3 0x8000b310 (0xff9ff06f)
core   0: 0x8000b308 (0x00001f17) auipc   t5, 0x1
core   0: 3 0x8000b308 (0x00001f17) x30 0x8000c308
core   0: 0x8000b30c (0xce3f2c23) sw      gp, -776(t5)
core   0: 3 0x8000b30c (0xce3f2c23) mem 0x8000c000 0x00000001
core   0: 0x8000b310 (0xff9ff06f) j       pc - 0x8
core   0: 3 0x8000b310 (0xff9ff06f)
core   0: 0x8000b308 (0x00001f17) auipc   t5, 0x1
core   0: 3 0x8000b308 (0x00001f17) x30 0x8000c308
core   0: 0x8000b30c (0xce3f2c23) sw      gp, -776(t5)
core   0: 3 0x8000b30c (0xce3f2c23) mem 0x8000c000 0x00000001
core   0: 0x8000b310 (0xff9ff06f) j       pc - 0x8
core   0: 3 0x8000b310 (0xff9ff06f)
core   0: 0x8000b308 (0x00001f17) auipc   t5, 0x1
core   0: 3 0x8000b308 (0x00001f17) x30 0x8000c308
core   0: 0x8000b30c (0xce3f2c23) sw      gp, -776(t5)
core   0: 3 0x8000b30c (0xce3f2c23) mem 0x8000c000 0x00000001
core   0: 0x8000b310 (0xff9ff06f) j       pc - 0x8
core   0: 3 0x8000b310 (0xff9ff06f)
core   0: 0x8000b308 (0x00001f17) auipc   t5, 0x1
core   0: 3 0x8000b308 (0x00001f17) x30 0x8000c308
core   0: 0x8000b30c (0xce3f2c23) sw      gp, -776(t5)
core   0: 3 0x8000b30c (0xce3f2c23) mem 0x8000c000 0x00000001
core   0: 0x8000b310 (0xff9ff06f) j       pc - 0x8
core   0: 3 0x8000b310 (0xff9ff06f)
core   0: 0x8000b308 (0x00001f17) auipc   t5, 0x1
core   0: 3 0x8000b308 (0x00001f17) x30 0x8000c308
core   0: 0x8000b30c (0xce3f2c23) sw      gp, -776(t5)
core   0: 3 0x8000b30c (0xce3f2c23) mem 0x8000c000 0x00000001
core   0: 0x8000b310 (0xff9ff06f) j       pc - 0x8
core   0: 3 0x8000b310 (0xff9ff06f)
core   0: 0x8000b308 (0x00001f17) auipc   t5, 0x1
core   0: 3 0x8000b308 (0x00001f17) x30 0x8000c308
core   0: 0x8000b30c (0xce3f2c23) sw      gp, -776(t5)
core   0: 3 0x8000b30c (0xce3f2c23) mem 0x8000c000 0x00000001
core   0: 0x8000b310 (0xff9ff06f) j       pc - 0x8
core   0: 3 0x8000b310 (0xff9ff06f)
core   0: 0x8000b308 (0x00001f17) auipc   t5, 0x1
core   0: 3 0x8000b308 (0x00001f17) x30 0x8000c308
core   0: 0x8000b30c (0xce3f2c23) sw      gp, -776(t5)
core   0: 3 0x8000b30c (0xce3f2c23) mem 0x8000c000 0x00000001
core   0: 0x8000b310 (0xff9ff06f) j       pc - 0x8
core   0: 3 0x8000b310 (0xff9ff06f)
core   0: 0x8000b308 (0x00001f17) auipc   t5, 0x1
core   0: 3 0x8000b308 (0x00001f17) x30 0x8000c308
core   0: 0x8000b30c (0xce3f2c23) sw      gp, -776(t5)
core   0: 3 0x8000b30c (0xce3f2c23) mem 0x8000c000 0x00000001
core   0: 0x8000b310 (0xff9ff06f) j       pc - 0x8
core   0: 3 0x8000b310 (0xff9ff06f)
core   0: 0x8000b308 (0x00001f17) auipc   t5, 0x1
core   0: 3 0x8000b308 (0x00001f17) x30 0x8000c308
core   0: 0x8000b30c (0xce3f2c23) sw      gp, -776(t5)
core   0: 3 0x8000b30c (0xce3f2c23) mem 0x8000c000 0x00000001
core   0: 0x8000b310 (0xff9ff06f) j       pc - 0x8
core   0: 3 0x8000b310 (0xff9ff06f)
core   0: 0x8000b308 (0x00001f17) auipc   t5, 0x1
core   0: 3 0x8000b308 (0x00001f17) x30 0x8000c308
core   0: 0x8000b30c (0xce3f2c23) sw      gp, -776(t5)
core   0: 3 0x8000b30c (0xce3f2c23) mem 0x8000c000 0x00000001
core   0: 0x8000b310 (0xff9ff06f) j       pc - 0x8
core   0: 3 0x8000b310 (0xff9ff06f)
core   0: 0x8000b308 (0x00001f17) auipc   t5, 0x1
core   0: 3 0x8000b308 (0x00001f17) x30 0x8000c308
core   0: 0x8000b30c (0xce3f2c23) sw      gp, -776(t5)
core   0: 3 0x8000b30c (0xce3f2c23) mem 0x8000c000 0x00000001
core   0: 0x8000b310 (0xff9ff06f) j       pc - 0x8
core   0: 3 0x8000b310 (0xff9ff06f)
core   0: 0x8000b308 (0x00001f17) auipc   t5, 0x1
core   0: 3 0x8000b308 (0x00001f17) x30 0x8000c308
core   0: 0x8000b30c (0xce3f2c23) sw      gp, -776(t5)
core   0: 3 0x8000b30c (0xce3f2c23) mem 0x8000c000 0x00000001
core   0: 0x8000b310 (0xff9ff06f) j       pc - 0x8
core   0: 3 0x8000b310 (0xff9ff06f)
core   0: 0x8000b308 (0x00001f17) auipc   t5, 0x1
core   0: 3 0x8000b308 (0x00001f17) x30 0x8000c308
core   0: 0x8000b30c (0xce3f2c23) sw      gp, -776(t5)
core   0: 3 0x8000b30c (0xce3f2c23) mem 0x8000c000 0x00000001
core   0: 0x8000b310 (0xff9ff06f) j       pc - 0x8
core   0: 3 0x8000b310 (0xff9ff06f)
core   0: 0x8000b308 (0x00001f17) auipc   t5, 0x1
core   0: 3 0x8000b308 (0x00001f17) x30 0x8000c308
core   0: 0x8000b30c (0xce3f2c23) sw      gp, -776(t5)
core   0: 3 0x8000b30c (0xce3f2c23) mem 0x8000c000 0x00000001
core   0: 0x8000b310 (0xff9ff06f) j       pc - 0x8
core   0: 3 0x8000b310 (0xff9ff06f)
core   0: 0x8000b308 (0x00001f17) auipc   t5, 0x1
core   0: 3 0x8000b308 (0x00001f17) x30 0x8000c308
core   0: 0x8000b30c (0xce3f2c23) sw      gp, -776(t5)
core   0: 3 0x8000b30c (0xce3f2c23) mem 0x8000c000 0x00000001
core   0: 0x8000b310 (0xff9ff06f) j       pc - 0x8
core   0: 3 0x8000b310 (0xff9ff06f)
core   0: 0x8000b308 (0x00001f17) auipc   t5, 0x1
core   0: 3 0x8000b308 (0x00001f17) x30 0x8000c308
core   0: 0x8000b30c (0xce3f2c23) sw      gp, -776(t5)
core   0: 3 0x8000b30c (0xce3f2c23) mem 0x8000c000 0x00000001
core   0: 0x8000b310 (0xff9ff06f) j       pc - 0x8
core   0: 3 0x8000b310 (0xff9ff06f)
core   0: 0x8000b308 (0x00001f17) auipc   t5, 0x1
core   0: 3 0x8000b308 (0x00001f17) x30 0x8000c308
core   0: 0x8000b30c (0xce3f2c23) sw      gp, -776(t5)
core   0: 3 0x8000b30c (0xce3f2c23) mem 0x8000c000 0x00000001
core   0: 0x8000b310 (0xff9ff06f) j       pc - 0x8
core   0: 3 0x8000b310 (0xff9ff06f)
core   0: 0x8000b308 (0x00001f17) auipc   t5, 0x1
core   0: 3 0x8000b308 (0x00001f17) x30 0x8000c308
core   0: 0x8000b30c (0xce3f2c23) sw      gp, -776(t5)
core   0: 3 0x8000b30c (0xce3f2c23) mem 0x8000c000 0x00000001
core   0: 0x8000b310 (0xff9ff06f) j       pc - 0x8
core   0: 3 0x8000b310 (0xff9ff06f)
core   0: 0x8000b308 (0x00001f17) auipc   t5, 0x1
core   0: 3 0x8000b308 (0x00001f17) x30 0x8000c308
core   0: 0x8000b30c (0xce3f2c23) sw      gp, -776(t5)
core   0: 3 0x8000b30c (0xce3f2c23) mem 0x8000c000 0x00000001
core   0: 0x8000b310 (0xff9ff06f) j       pc - 0x8
core   0: 3 0x8000b310 (0xff9ff06f)
core   0: 0x8000b308 (0x00001f17) auipc   t5, 0x1
core   0: 3 0x8000b308 (0x00001f17) x30 0x8000c308
core   0: 0x8000b30c (0xce3f2c23) sw      gp, -776(t5)
core   0: 3 0x8000b30c (0xce3f2c23) mem 0x8000c000 0x00000001
core   0: 0x8000b310 (0xff9ff06f) j       pc - 0x8
core   0: 3 0x8000b310 (0xff9ff06f)
core   0: 0x8000b308 (0x00001f17) auipc   t5, 0x1
core   0: 3 0x8000b308 (0x00001f17) x30 0x8000c308
core   0: 0x8000b30c (0xce3f2c23) sw      gp, -776(t5)
core   0: 3 0x8000b30c (0xce3f2c23) mem 0x8000c000 0x00000001
core   0: 0x8000b310 (0xff9ff06f) j       pc - 0x8
core   0: 3 0x8000b310 (0xff9ff06f)
core   0: 0x8000b308 (0x00001f17) auipc   t5, 0x1
core   0: 3 0x8000b308 (0x00001f17) x30 0x8000c308
core   0: 0x8000b30c (0xce3f2c23) sw      gp, -776(t5)
core   0: 3 0x8000b30c (0xce3f2c23) mem 0x8000c000 0x00000001
core   0: 0x8000b310 (0xff9ff06f) j       pc - 0x8
core   0: 3 0x8000b310 (0xff9ff06f)
core   0: 0x8000b308 (0x00001f17) auipc   t5, 0x1
core   0: 3 0x8000b308 (0x00001f17) x30 0x8000c308
core   0: 0x8000b30c (0xce3f2c23) sw      gp, -776(t5)
core   0: 3 0x8000b30c (0xce3f2c23) mem 0x8000c000 0x00000001
core   0: 0x8000b310 (0xff9ff06f) j       pc - 0x8
core   0: 3 0x8000b310 (0xff9ff06f)
core   0: 0x8000b308 (0x00001f17) auipc   t5, 0x1
core   0: 3 0x8000b308 (0x00001f17) x30 0x8000c308
core   0: 0x8000b30c (0xce3f2c23) sw      gp, -776(t5)
core   0: 3 0x8000b30c (0xce3f2c23) mem 0x8000c000 0x00000001
core   0: 0x8000b310 (0xff9ff06f) j       pc - 0x8
core   0: 3 0x8000b310 (0xff9ff06f)
core   0: 0x8000b308 (0x00001f17) auipc   t5, 0x1
core   0: 3 0x8000b308 (0x00001f17) x30 0x8000c308
core   0: 0x8000b30c (0xce3f2c23) sw      gp, -776(t5)
core   0: 3 0x8000b30c (0xce3f2c23) mem 0x8000c000 0x00000001
core   0: 0x8000b310 (0xff9ff06f) j       pc - 0x8
core   0: 3 0x8000b310 (0xff9ff06f)
core   0: 0x8000b308 (0x00001f17) auipc   t5, 0x1
core   0: 3 0x8000b308 (0x00001f17) x30 0x8000c308
core   0: 0x8000b30c (0xce3f2c23) sw      gp, -776(t5)
core   0: 3 0x8000b30c (0xce3f2c23) mem 0x8000c000 0x00000001
core   0: 0x8000b310 (0xff9ff06f) j       pc - 0x8
core   0: 3 0x8000b310 (0xff9ff06f)
core   0: 0x8000b308 (0x00001f17) auipc   t5, 0x1
core   0: 3 0x8000b308 (0x00001f17) x30 0x8000c308
core   0: 0x8000b30c (0xce3f2c23) sw      gp, -776(t5)
core   0: 3 0x8000b30c (0xce3f2c23) mem 0x8000c000 0x00000001
core   0: 0x8000b310 (0xff9ff06f) j       pc - 0x8
core   0: 3 0x8000b310 (0xff9ff06f)
core   0: 0x8000b308 (0x00001f17) auipc   t5, 0x1
core   0: 3 0x8000b308 (0x00001f17) x30 0x8000c308
core   0: 0x8000b30c (0xce3f2c23) sw      gp, -776(t5)
core   0: 3 0x8000b30c (0xce3f2c23) mem 0x8000c000 0x00000001
core   0: 0x8000b310 (0xff9ff06f) j       pc - 0x8
core   0: 3 0x8000b310 (0xff9ff06f)
core   0: 0x8000b308 (0x00001f17) auipc   t5, 0x1
core   0: 3 0x8000b308 (0x00001f17) x30 0x8000c308
core   0: 0x8000b30c (0xce3f2c23) sw      gp, -776(t5)
core   0: 3 0x8000b30c (0xce3f2c23) mem 0x8000c000 0x00000001
core   0: 0x8000b310 (0xff9ff06f) j       pc - 0x8
core   0: 3 0x8000b310 (0xff9ff06f)
core   0: 0x8000b308 (0x00001f17) auipc   t5, 0x1
core   0: 3 0x8000b308 (0x00001f17) x30 0x8000c308
core   0: 0x8000b30c (0xce3f2c23) sw      gp, -776(t5)
core   0: 3 0x8000b30c (0xce3f2c23) mem 0x8000c000 0x00000001
core   0: 0x8000b310 (0xff9ff06f) j       pc - 0x8
core   0: 3 0x8000b310 (0xff9ff06f)
core   0: 0x8000b308 (0x00001f17) auipc   t5, 0x1
core   0: 3 0x8000b308 (0x00001f17) x30 0x8000c308
core   0: 0x8000b30c (0xce3f2c23) sw      gp, -776(t5)
core   0: 3 0x8000b30c (0xce3f2c23) mem 0x8000c000 0x00000001
core   0: 0x8000b310 (0xff9ff06f) j       pc - 0x8
core   0: 3 0x8000b310 (0xff9ff06f)
core   0: 0x8000b308 (0x00001f17) auipc   t5, 0x1
core   0: 3 0x8000b308 (0x00001f17) x30 0x8000c308
core   0: 0x8000b30c (0xce3f2c23) sw      gp, -776(t5)
core   0: 3 0x8000b30c (0xce3f2c23) mem 0x8000c000 0x00000001
core   0: 0x8000b310 (0xff9ff06f) j       pc - 0x8
core   0: 3 0x8000b310 (0xff9ff06f)
core   0: 0x8000b308 (0x00001f17) auipc   t5, 0x1
core   0: 3 0x8000b308 (0x00001f17) x30 0x8000c308
core   0: 0x8000b30c (0xce3f2c23) sw      gp, -776(t5)
core   0: 3 0x8000b30c (0xce3f2c23) mem 0x8000c000 0x00000001
core   0: 0x8000b310 (0xff9ff06f) j       pc - 0x8
core   0: 3 0x8000b310 (0xff9ff06f)
core   0: 0x8000b308 (0x00001f17) auipc   t5, 0x1
core   0: 3 0x8000b308 (0x00001f17) x30 0x8000c308
core   0: 0x8000b30c (0xce3f2c23) sw      gp, -776(t5)
core   0: 3 0x8000b30c (0xce3f2c23) mem 0x8000c000 0x00000001
core   0: 0x8000b310 (0xff9ff06f) j       pc - 0x8
core   0: 3 0x8000b310 (0xff9ff06f)
core   0: 0x8000b308 (0x00001f17) auipc   t5, 0x1
core   0: 3 0x8000b308 (0x00001f17) x30 0x8000c308
core   0: 0x8000b30c (0xce3f2c23) sw      gp, -776(t5)
core   0: 3 0x8000b30c (0xce3f2c23) mem 0x8000c000 0x00000001
core   0: 0x8000b310 (0xff9ff06f) j       pc - 0x8
core   0: 3 0x8000b310 (0xff9ff06f)
core   0: 0x8000b308 (0x00001f17) auipc   t5, 0x1
core   0: 3 0x8000b308 (0x00001f17) x30 0x8000c308
core   0: 0x8000b30c (0xce3f2c23) sw      gp, -776(t5)
core   0: 3 0x8000b30c (0xce3f2c23) mem 0x8000c000 0x00000001
core   0: 0x8000b310 (0xff9ff06f) j       pc - 0x8
core   0: 3 0x8000b310 (0xff9ff06f)
core   0: 0x8000b308 (0x00001f17) auipc   t5, 0x1
core   0: 3 0x8000b308 (0x00001f17) x30 0x8000c308
core   0: 0x8000b30c (0xce3f2c23) sw      gp, -776(t5)
core   0: 3 0x8000b30c (0xce3f2c23) mem 0x8000c000 0x00000001
core   0: 0x8000b310 (0xff9ff06f) j       pc - 0x8
core   0: 3 0x8000b310 (0xff9ff06f)
core   0: 0x8000b308 (0x00001f17) auipc   t5, 0x1
core   0: 3 0x8000b308 (0x00001f17) x30 0x8000c308
core   0: 0x8000b30c (0xce3f2c23) sw      gp, -776(t5)
core   0: 3 0x8000b30c (0xce3f2c23) mem 0x8000c000 0x00000001
core   0: 0x8000b310 (0xff9ff06f) j       pc - 0x8
core   0: 3 0x8000b310 (0xff9ff06f)
core   0: 0x8000b308 (0x00001f17) auipc   t5, 0x1
core   0: 3 0x8000b308 (0x00001f17) x30 0x8000c308
core   0: 0x8000b30c (0xce3f2c23) sw      gp, -776(t5)
core   0: 3 0x8000b30c (0xce3f2c23) mem 0x8000c000 0x00000001
core   0: 0x8000b310 (0xff9ff06f) j       pc - 0x8
core   0: 3 0x8000b310 (0xff9ff06f)
core   0: 0x8000b308 (0x00001f17) auipc   t5, 0x1
core   0: 3 0x8000b308 (0x00001f17) x30 0x8000c308
core   0: 0x8000b30c (0xce3f2c23) sw      gp, -776(t5)
core   0: 3 0x8000b30c (0xce3f2c23) mem 0x8000c000 0x00000001
core   0: 0x8000b310 (0xff9ff06f) j       pc - 0x8
core   0: 3 0x8000b310 (0xff9ff06f)
core   0: 0x8000b308 (0x00001f17) auipc   t5, 0x1
core   0: 3 0x8000b308 (0x00001f17) x30 0x8000c308
core   0: 0x8000b30c (0xce3f2c23) sw      gp, -776(t5)
core   0: 3 0x8000b30c (0xce3f2c23) mem 0x8000c000 0x00000001
core   0: 0x8000b310 (0xff9ff06f) j       pc - 0x8
core   0: 3 0x8000b310 (0xff9ff06f)
core   0: 0x8000b308 (0x00001f17) auipc   t5, 0x1
core   0: 3 0x8000b308 (0x00001f17) x30 0x8000c308
core   0: 0x8000b30c (0xce3f2c23) sw      gp, -776(t5)
core   0: 3 0x8000b30c (0xce3f2c23) mem 0x8000c000 0x00000001
core   0: 0x8000b310 (0xff9ff06f) j       pc - 0x8
core   0: 3 0x8000b310 (0xff9ff06f)
core   0: 0x8000b308 (0x00001f17) auipc   t5, 0x1
core   0: 3 0x8000b308 (0x00001f17) x30 0x8000c308
core   0: 0x8000b30c (0xce3f2c23) sw      gp, -776(t5)
core   0: 3 0x8000b30c (0xce3f2c23) mem 0x8000c000 0x00000001
core   0: 0x8000b310 (0xff9ff06f) j       pc - 0x8
core   0: 3 0x8000b310 (0xff9ff06f)
core   0: 0x8000b308 (0x00001f17) auipc   t5, 0x1
core   0: 3 0x8000b308 (0x00001f17) x30 0x8000c308
core   0: 0x8000b30c (0xce3f2c23) sw      gp, -776(t5)
core   0: 3 0x8000b30c (0xce3f2c23) mem 0x8000c000 0x00000001
core   0: 0x8000b310 (0xff9ff06f) j       pc - 0x8
core   0: 3 0x8000b310 (0xff9ff06f)
core   0: 0x8000b308 (0x00001f17) auipc   t5, 0x1
core   0: 3 0x8000b308 (0x00001f17) x30 0x8000c308
core   0: 0x8000b30c (0xce3f2c23) sw      gp, -776(t5)
core   0: 3 0x8000b30c (0xce3f2c23) mem 0x8000c000 0x00000001
core   0: 0x8000b310 (0xff9ff06f) j       pc - 0x8
core   0: 3 0x8000b310 (0xff9ff06f)
core   0: 0x8000b308 (0x00001f17) auipc   t5, 0x1
core   0: 3 0x8000b308 (0x00001f17) x30 0x8000c308
core   0: 0x8000b30c (0xce3f2c23) sw      gp, -776(t5)
core   0: 3 0x8000b30c (0xce3f2c23) mem 0x8000c000 0x00000001
core   0: 0x8000b310 (0xff9ff06f) j       pc - 0x8
core   0: 3 0x8000b310 (0xff9ff06f)
core   0: 0x8000b308 (0x00001f17) auipc   t5, 0x1
core   0: 3 0x8000b308 (0x00001f17) x30 0x8000c308
core   0: 0x8000b30c (0xce3f2c23) sw      gp, -776(t5)
core   0: 3 0x8000b30c (0xce3f2c23) mem 0x8000c000 0x00000001
core   0: 0x8000b310 (0xff9ff06f) j       pc - 0x8
core   0: 3 0x8000b310 (0xff9ff06f)
core   0: 0x8000b308 (0x00001f17) auipc   t5, 0x1
core   0: 3 0x8000b308 (0x00001f17) x30 0x8000c308
core   0: 0x8000b30c (0xce3f2c23) sw      gp, -776(t5)
core   0: 3 0x8000b30c (0xce3f2c23) mem 0x8000c000 0x00000001
core   0: 0x8000b310 (0xff9ff06f) j       pc - 0x8
core   0: 3 0x8000b310 (0xff9ff06f)
core   0: 0x8000b308 (0x00001f17) auipc   t5, 0x1
core   0: 3 0x8000b308 (0x00001f17) x30 0x8000c308
core   0: 0x8000b30c (0xce3f2c23) sw      gp, -776(t5)
core   0: 3 0x8000b30c (0xce3f2c23) mem 0x8000c000 0x00000001
core   0: 0x8000b310 (0xff9ff06f) j       pc - 0x8
core   0: 3 0x8000b310 (0xff9ff06f)
core   0: 0x8000b308 (0x00001f17) auipc   t5, 0x1
core   0: 3 0x8000b308 (0x00001f17) x30 0x8000c308
core   0: 0x8000b30c (0xce3f2c23) sw      gp, -776(t5)
core   0: 3 0x8000b30c (0xce3f2c23) mem 0x8000c000 0x00000001
core   0: 0x8000b310 (0xff9ff06f) j       pc - 0x8
core   0: 3 0x8000b310 (0xff9ff06f)
core   0: 0x8000b308 (0x00001f17) auipc   t5, 0x1
core   0: 3 0x8000b308 (0x00001f17) x30 0x8000c308
core   0: 0x8000b30c (0xce3f2c23) sw      gp, -776(t5)
core   0: 3 0x8000b30c (0xce3f2c23) mem 0x8000c000 0x00000001
core   0: 0x8000b310 (0xff9ff06f) j       pc - 0x8
core   0: 3 0x8000b310 (0xff9ff06f)
core   0: 0x8000b308 (0x00001f17) auipc   t5, 0x1
core   0: 3 0x8000b308 (0x00001f17) x30 0x8000c308
core   0: 0x8000b30c (0xce3f2c23) sw      gp, -776(t5)
core   0: 3 0x8000b30c (0xce3f2c23) mem 0x8000c000 0x00000001
core   0: 0x8000b310 (0xff9ff06f) j       pc - 0x8
core   0: 3 0x8000b310 (0xff9ff06f)
core   0: 0x8000b308 (0x00001f17) auipc   t5, 0x1
core   0: 3 0x8000b308 (0x00001f17) x30 0x8000c308
core   0: 0x8000b30c (0xce3f2c23) sw      gp, -776(t5)
core   0: 3 0x8000b30c (0xce3f2c23) mem 0x8000c000 0x00000001
core   0: 0x8000b310 (0xff9ff06f) j       pc - 0x8
core   0: 3 0x8000b310 (0xff9ff06f)
core   0: 0x8000b308 (0x00001f17) auipc   t5, 0x1
core   0: 3 0x8000b308 (0x00001f17) x30 0x8000c308
core   0: 0x8000b30c (0xce3f2c23) sw      gp, -776(t5)
core   0: 3 0x8000b30c (0xce3f2c23) mem 0x8000c000 0x00000001
core   0: 0x8000b310 (0xff9ff06f) j       pc - 0x8
core   0: 3 0x8000b310 (0xff9ff06f)
core   0: 0x8000b308 (0x00001f17) auipc   t5, 0x1
core   0: 3 0x8000b308 (0x00001f17) x30 0x8000c308
core   0: 0x8000b30c (0xce3f2c23) sw      gp, -776(t5)
core   0: 3 0x8000b30c (0xce3f2c23) mem 0x8000c000 0x00000001
core   0: 0x8000b310 (0xff9ff06f) j       pc - 0x8
core   0: 3 0x8000b310 (0xff9ff06f)
core   0: 0x8000b308 (0x00001f17) auipc   t5, 0x1
core   0: 3 0x8000b308 (0x00001f17) x30 0x8000c308
core   0: 0x8000b30c (0xce3f2c23) sw      gp, -776(t5)
core   0: 3 0x8000b30c (0xce3f2c23) mem 0x8000c000 0x00000001
core   0: 0x8000b310 (0xff9ff06f) j       pc - 0x8
core   0: 3 0x8000b310 (0xff9ff06f)
core   0: 0x8000b308 (0x00001f17) auipc   t5, 0x1
core   0: 3 0x8000b308 (0x00001f17) x30 0x8000c308
core   0: 0x8000b30c (0xce3f2c23) sw      gp, -776(t5)
core   0: 3 0x8000b30c (0xce3f2c23) mem 0x8000c000 0x00000001
core   0: 0x8000b310 (0xff9ff06f) j       pc - 0x8
core   0: 3 0x8000b310 (0xff9ff06f)
core   0: 0x8000b308 (0x00001f17) auipc   t5, 0x1
core   0: 3 0x8000b308 (0x00001f17) x30 0x8000c308
core   0: 0x8000b30c (0xce3f2c23) sw      gp, -776(t5)
core   0: 3 0x8000b30c (0xce3f2c23) mem 0x8000c000 0x00000001
core   0: 0x8000b310 (0xff9ff06f) j       pc - 0x8
core   0: 3 0x8000b310 (0xff9ff06f)
core   0: 0x8000b308 (0x00001f17) auipc   t5, 0x1
core   0: 3 0x8000b308 (0x00001f17) x30 0x8000c308
core   0: 0x8000b30c (0xce3f2c23) sw      gp, -776(t5)
core   0: 3 0x8000b30c (0xce3f2c23) mem 0x8000c000 0x00000001
core   0: 0x8000b310 (0xff9ff06f) j       pc - 0x8
core   0: 3 0x8000b310 (0xff9ff06f)
core   0: 0x8000b308 (0x00001f17) auipc   t5, 0x1
core   0: 3 0x8000b308 (0x00001f17) x30 0x8000c308
core   0: 0x8000b30c (0xce3f2c23) sw      gp, -776(t5)
core   0: 3 0x8000b30c (0xce3f2c23) mem 0x8000c000 0x00000001
core   0: 0x8000b310 (0xff9ff06f) j       pc - 0x8
core   0: 3 0x8000b310 (0xff9ff06f)
core   0: 0x8000b308 (0x00001f17) auipc   t5, 0x1
core   0: 3 0x8000b308 (0x00001f17) x30 0x8000c308
core   0: 0x8000b30c (0xce3f2c23) sw      gp, -776(t5)
core   0: 3 0x8000b30c (0xce3f2c23) mem 0x8000c000 0x00000001
core   0: 0x8000b310 (0xff9ff06f) j       pc - 0x8
core   0: 3 0x8000b310 (0xff9ff06f)
core   0: 0x8000b308 (0x00001f17) auipc   t5, 0x1
core   0: 3 0x8000b308 (0x00001f17) x30 0x8000c308
core   0: 0x8000b30c (0xce3f2c23) sw      gp, -776(t5)
core   0: 3 0x8000b30c (0xce3f2c23) mem 0x8000c000 0x00000001
core   0: 0x8000b310 (0xff9ff06f) j       pc - 0x8
core   0: 3 0x8000b310 (0xff9ff06f)
core   0: 0x8000b308 (0x00001f17) auipc   t5, 0x1
core   0: 3 0x8000b308 (0x00001f17) x30 0x8000c308
core   0: 0x8000b30c (0xce3f2c23) sw      gp, -776(t5)
core   0: 3 0x8000b30c (0xce3f2c23) mem 0x8000c000 0x00000001
core   0: 0x8000b310 (0xff9ff06f) j       pc - 0x8
core   0: 3 0x8000b310 (0xff9ff06f)
core   0: 0x8000b308 (0x00001f17) auipc   t5, 0x1
core   0: 3 0x8000b308 (0x00001f17) x30 0x8000c308
core   0: 0x8000b30c (0xce3f2c23) sw      gp, -776(t5)
core   0: 3 0x8000b30c (0xce3f2c23) mem 0x8000c000 0x00000001
core   0: 0x8000b310 (0xff9ff06f) j       pc - 0x8
core   0: 3 0x8000b310 (0xff9ff06f)
core   0: 0x8000b308 (0x00001f17) auipc   t5, 0x1
core   0: 3 0x8000b308 (0x00001f17) x30 0x8000c308
core   0: 0x8000b30c (0xce3f2c23) sw      gp, -776(t5)
core   0: 3 0x8000b30c (0xce3f2c23) mem 0x8000c000 0x00000001
core   0: 0x8000b310 (0xff9ff06f) j       pc - 0x8
core   0: 3 0x8000b310 (0xff9ff06f)
core   0: 0x8000b308 (0x00001f17) auipc   t5, 0x1
core   0: 3 0x8000b308 (0x00001f17) x30 0x8000c308
core   0: 0x8000b30c (0xce3f2c23) sw      gp, -776(t5)
core   0: 3 0x8000b30c (0xce3f2c23) mem 0x8000c000 0x00000001
core   0: 0x8000b310 (0xff9ff06f) j       pc - 0x8
core   0: 3 0x8000b310 (0xff9ff06f)
core   0: 0x8000b308 (0x00001f17) auipc   t5, 0x1
core   0: 3 0x8000b308 (0x00001f17) x30 0x8000c308
core   0: 0x8000b30c (0xce3f2c23) sw      gp, -776(t5)
core   0: 3 0x8000b30c (0xce3f2c23) mem 0x8000c000 0x00000001
core   0: 0x8000b310 (0xff9ff06f) j       pc - 0x8
core   0: 3 0x8000b310 (0xff9ff06f)
core   0: 0x8000b308 (0x00001f17) auipc   t5, 0x1
core   0: 3 0x8000b308 (0x00001f17) x30 0x8000c308
core   0: 0x8000b30c (0xce3f2c23) sw      gp, -776(t5)
core   0: 3 0x8000b30c (0xce3f2c23) mem 0x8000c000 0x00000001
core   0: 0x8000b310 (0xff9ff06f) j       pc - 0x8
core   0: 3 0x8000b310 (0xff9ff06f)
core   0: 0x8000b308 (0x00001f17) auipc   t5, 0x1
core   0: 3 0x8000b308 (0x00001f17) x30 0x8000c308
core   0: 0x8000b30c (0xce3f2c23) sw      gp, -776(t5)
core   0: 3 0x8000b30c (0xce3f2c23) mem 0x8000c000 0x00000001
core   0: 0x8000b310 (0xff9ff06f) j       pc - 0x8
core   0: 3 0x8000b310 (0xff9ff06f)
core   0: 0x8000b308 (0x00001f17) auipc   t5, 0x1
core   0: 3 0x8000b308 (0x00001f17) x30 0x8000c308
core   0: 0x8000b30c (0xce3f2c23) sw      gp, -776(t5)
core   0: 3 0x8000b30c (0xce3f2c23) mem 0x8000c000 0x00000001
core   0: 0x8000b310 (0xff9ff06f) j       pc - 0x8
core   0: 3 0x8000b310 (0xff9ff06f)
core   0: 0x8000b308 (0x00001f17) auipc   t5, 0x1
core   0: 3 0x8000b308 (0x00001f17) x30 0x8000c308
core   0: 0x8000b30c (0xce3f2c23) sw      gp, -776(t5)
core   0: 3 0x8000b30c (0xce3f2c23) mem 0x8000c000 0x00000001
core   0: 0x8000b310 (0xff9ff06f) j       pc - 0x8
core   0: 3 0x8000b310 (0xff9ff06f)
core   0: 0x8000b308 (0x00001f17) auipc   t5, 0x1
core   0: 3 0x8000b308 (0x00001f17) x30 0x8000c308
core   0: 0x8000b30c (0xce3f2c23) sw      gp, -776(t5)
core   0: 3 0x8000b30c (0xce3f2c23) mem 0x8000c000 0x00000001
core   0: 0x8000b310 (0xff9ff06f) j       pc - 0x8
core   0: 3 0x8000b310 (0xff9ff06f)
core   0: 0x8000b308 (0x00001f17) auipc   t5, 0x1
core   0: 3 0x8000b308 (0x00001f17) x30 0x8000c308
core   0: 0x8000b30c (0xce3f2c23) sw      gp, -776(t5)
core   0: 3 0x8000b30c (0xce3f2c23) mem 0x8000c000 0x00000001
core   0: 0x8000b310 (0xff9ff06f) j       pc - 0x8
core   0: 3 0x8000b310 (0xff9ff06f)
core   0: 0x8000b308 (0x00001f17) auipc   t5, 0x1
core   0: 3 0x8000b308 (0x00001f17) x30 0x8000c308
core   0: 0x8000b30c (0xce3f2c23) sw      gp, -776(t5)
core   0: 3 0x8000b30c (0xce3f2c23) mem 0x8000c000 0x00000001
core   0: 0x8000b310 (0xff9ff06f) j       pc - 0x8
core   0: 3 0x8000b310 (0xff9ff06f)
core   0: 0x8000b308 (0x00001f17) auipc   t5, 0x1
core   0: 3 0x8000b308 (0x00001f17) x30 0x8000c308
core   0: 0x8000b30c (0xce3f2c23) sw      gp, -776(t5)
core   0: 3 0x8000b30c (0xce3f2c23) mem 0x8000c000 0x00000001
core   0: 0x8000b310 (0xff9ff06f) j       pc - 0x8
core   0: 3 0x8000b310 (0xff9ff06f)
core   0: 0x8000b308 (0x00001f17) auipc   t5, 0x1
core   0: 3 0x8000b308 (0x00001f17) x30 0x8000c308
core   0: 0x8000b30c (0xce3f2c23) sw      gp, -776(t5)
core   0: 3 0x8000b30c (0xce3f2c23) mem 0x8000c000 0x00000001
core   0: 0x8000b310 (0xff9ff06f) j       pc - 0x8
core   0: 3 0x8000b310 (0xff9ff06f)
core   0: 0x8000b308 (0x00001f17) auipc   t5, 0x1
core   0: 3 0x8000b308 (0x00001f17) x30 0x8000c308
core   0: 0x8000b30c (0xce3f2c23) sw      gp, -776(t5)
core   0: 3 0x8000b30c (0xce3f2c23) mem 0x8000c000 0x00000001
core   0: 0x8000b310 (0xff9ff06f) j       pc - 0x8
core   0: 3 0x8000b310 (0xff9ff06f)
core   0: 0x8000b308 (0x00001f17) auipc   t5, 0x1
core   0: 3 0x8000b308 (0x00001f17) x30 0x8000c308
core   0: 0x8000b30c (0xce3f2c23) sw      gp, -776(t5)
core   0: 3 0x8000b30c (0xce3f2c23) mem 0x8000c000 0x00000001
core   0: 0x8000b310 (0xff9ff06f) j       pc - 0x8
core   0: 3 0x8000b310 (0xff9ff06f)
core   0: 0x8000b308 (0x00001f17) auipc   t5, 0x1
core   0: 3 0x8000b308 (0x00001f17) x30 0x8000c308
core   0: 0x8000b30c (0xce3f2c23) sw      gp, -776(t5)
core   0: 3 0x8000b30c (0xce3f2c23) mem 0x8000c000 0x00000001
core   0: 0x8000b310 (0xff9ff06f) j       pc - 0x8
core   0: 3 0x8000b310 (0xff9ff06f)
core   0: 0x8000b308 (0x00001f17) auipc   t5, 0x1
core   0: 3 0x8000b308 (0x00001f17) x30 0x8000c308
core   0: 0x8000b30c (0xce3f2c23) sw      gp, -776(t5)
core   0: 3 0x8000b30c (0xce3f2c23) mem 0x8000c000 0x00000001
core   0: 0x8000b310 (0xff9ff06f) j       pc - 0x8
core   0: 3 0x8000b310 (0xff9ff06f)
core   0: 0x8000b308 (0x00001f17) auipc   t5, 0x1
core   0: 3 0x8000b308 (0x00001f17) x30 0x8000c308
core   0: 0x8000b30c (0xce3f2c23) sw      gp, -776(t5)
core   0: 3 0x8000b30c (0xce3f2c23) mem 0x8000c000 0x00000001
core   0: 0x8000b310 (0xff9ff06f) j       pc - 0x8
core   0: 3 0x8000b310 (0xff9ff06f)
core   0: 0x8000b308 (0x00001f17) auipc   t5, 0x1
core   0: 3 0x8000b308 (0x00001f17) x30 0x8000c308
core   0: 0x8000b30c (0xce3f2c23) sw      gp, -776(t5)
core   0: 3 0x8000b30c (0xce3f2c23) mem 0x8000c000 0x00000001
core   0: 0x8000b310 (0xff9ff06f) j       pc - 0x8
core   0: 3 0x8000b310 (0xff9ff06f)
core   0: 0x8000b308 (0x00001f17) auipc   t5, 0x1
core   0: 3 0x8000b308 (0x00001f17) x30 0x8000c308
core   0: 0x8000b30c (0xce3f2c23) sw      gp, -776(t5)
core   0: 3 0x8000b30c (0xce3f2c23) mem 0x8000c000 0x00000001
core   0: 0x8000b310 (0xff9ff06f) j       pc - 0x8
core   0: 3 0x8000b310 (0xff9ff06f)
core   0: 0x8000b308 (0x00001f17) auipc   t5, 0x1
core   0: 3 0x8000b308 (0x00001f17) x30 0x8000c308
core   0: 0x8000b30c (0xce3f2c23) sw      gp, -776(t5)
core   0: 3 0x8000b30c (0xce3f2c23) mem 0x8000c000 0x00000001
core   0: 0x8000b310 (0xff9ff06f) j       pc - 0x8
core   0: 3 0x8000b310 (0xff9ff06f)
core   0: 0x8000b308 (0x00001f17) auipc   t5, 0x1
core   0: 3 0x8000b308 (0x00001f17) x30 0x8000c308
core   0: 0x8000b30c (0xce3f2c23) sw      gp, -776(t5)
core   0: 3 0x8000b30c (0xce3f2c23) mem 0x8000c000 0x00000001
core   0: 0x8000b310 (0xff9ff06f) j       pc - 0x8
core   0: 3 0x8000b310 (0xff9ff06f)
core   0: 0x8000b308 (0x00001f17) auipc   t5, 0x1
core   0: 3 0x8000b308 (0x00001f17) x30 0x8000c308
core   0: 0x8000b30c (0xce3f2c23) sw      gp, -776(t5)
core   0: 3 0x8000b30c (0xce3f2c23) mem 0x8000c000 0x00000001
core   0: 0x8000b310 (0xff9ff06f) j       pc - 0x8
core   0: 3 0x8000b310 (0xff9ff06f)
core   0: 0x8000b308 (0x00001f17) auipc   t5, 0x1
core   0: 3 0x8000b308 (0x00001f17) x30 0x8000c308
core   0: 0x8000b30c (0xce3f2c23) sw      gp, -776(t5)
core   0: 3 0x8000b30c (0xce3f2c23) mem 0x8000c000 0x00000001
core   0: 0x8000b310 (0xff9ff06f) j       pc - 0x8
core   0: 3 0x8000b310 (0xff9ff06f)
core   0: 0x8000b308 (0x00001f17) auipc   t5, 0x1
core   0: 3 0x8000b308 (0x00001f17) x30 0x8000c308
core   0: 0x8000b30c (0xce3f2c23) sw      gp, -776(t5)
core   0: 3 0x8000b30c (0xce3f2c23) mem 0x8000c000 0x00000001
core   0: 0x8000b310 (0xff9ff06f) j       pc - 0x8
core   0: 3 0x8000b310 (0xff9ff06f)
core   0: 0x8000b308 (0x00001f17) auipc   t5, 0x1
core   0: 3 0x8000b308 (0x00001f17) x30 0x8000c308
core   0: 0x8000b30c (0xce3f2c23) sw      gp, -776(t5)
core   0: 3 0x8000b30c (0xce3f2c23) mem 0x8000c000 0x00000001
core   0: 0x8000b310 (0xff9ff06f) j       pc - 0x8
core   0: 3 0x8000b310 (0xff9ff06f)
core   0: 0x8000b308 (0x00001f17) auipc   t5, 0x1
core   0: 3 0x8000b308 (0x00001f17) x30 0x8000c308
core   0: 0x8000b30c (0xce3f2c23) sw      gp, -776(t5)
core   0: 3 0x8000b30c (0xce3f2c23) mem 0x8000c000 0x00000001
core   0: 0x8000b310 (0xff9ff06f) j       pc - 0x8
core   0: 3 0x8000b310 (0xff9ff06f)
core   0: 0x8000b308 (0x00001f17) auipc   t5, 0x1
core   0: 3 0x8000b308 (0x00001f17) x30 0x8000c308
core   0: 0x8000b30c (0xce3f2c23) sw      gp, -776(t5)
core   0: 3 0x8000b30c (0xce3f2c23) mem 0x8000c000 0x00000001
core   0: 0x8000b310 (0xff9ff06f) j       pc - 0x8
core   0: 3 0x8000b310 (0xff9ff06f)
core   0: 0x8000b308 (0x00001f17) auipc   t5, 0x1
core   0: 3 0x8000b308 (0x00001f17) x30 0x8000c308
core   0: 0x8000b30c (0xce3f2c23) sw      gp, -776(t5)
core   0: 3 0x8000b30c (0xce3f2c23) mem 0x8000c000 0x00000001
core   0: 0x8000b310 (0xff9ff06f) j       pc - 0x8
core   0: 3 0x8000b310 (0xff9ff06f)
core   0: 0x8000b308 (0x00001f17) auipc   t5, 0x1
core   0: 3 0x8000b308 (0x00001f17) x30 0x8000c308
core   0: 0x8000b30c (0xce3f2c23) sw      gp, -776(t5)
core   0: 3 0x8000b30c (0xce3f2c23) mem 0x8000c000 0x00000001
core   0: 0x8000b310 (0xff9ff06f) j       pc - 0x8
core   0: 3 0x8000b310 (0xff9ff06f)
core   0: 0x8000b308 (0x00001f17) auipc   t5, 0x1
core   0: 3 0x8000b308 (0x00001f17) x30 0x8000c308
core   0: 0x8000b30c (0xce3f2c23) sw      gp, -776(t5)
core   0: 3 0x8000b30c (0xce3f2c23) mem 0x8000c000 0x00000001
core   0: 0x8000b310 (0xff9ff06f) j       pc - 0x8
core   0: 3 0x8000b310 (0xff9ff06f)
core   0: 0x8000b308 (0x00001f17) auipc   t5, 0x1
core   0: 3 0x8000b308 (0x00001f17) x30 0x8000c308
core   0: 0x8000b30c (0xce3f2c23) sw      gp, -776(t5)
core   0: 3 0x8000b30c (0xce3f2c23) mem 0x8000c000 0x00000001
core   0: 0x8000b310 (0xff9ff06f) j       pc - 0x8
core   0: 3 0x8000b310 (0xff9ff06f)
core   0: 0x8000b308 (0x00001f17) auipc   t5, 0x1
core   0: 3 0x8000b308 (0x00001f17) x30 0x8000c308
core   0: 0x8000b30c (0xce3f2c23) sw      gp, -776(t5)
core   0: 3 0x8000b30c (0xce3f2c23) mem 0x8000c000 0x00000001
core   0: 0x8000b310 (0xff9ff06f) j       pc - 0x8
core   0: 3 0x8000b310 (0xff9ff06f)
core   0: 0x8000b308 (0x00001f17) auipc   t5, 0x1
core   0: 3 0x8000b308 (0x00001f17) x30 0x8000c308
core   0: 0x8000b30c (0xce3f2c23) sw      gp, -776(t5)
core   0: 3 0x8000b30c (0xce3f2c23) mem 0x8000c000 0x00000001
core   0: 0x8000b310 (0xff9ff06f) j       pc - 0x8
core   0: 3 0x8000b310 (0xff9ff06f)
core   0: 0x8000b308 (0x00001f17) auipc   t5, 0x1
core   0: 3 0x8000b308 (0x00001f17) x30 0x8000c308
core   0: 0x8000b30c (0xce3f2c23) sw      gp, -776(t5)
core   0: 3 0x8000b30c (0xce3f2c23) mem 0x8000c000 0x00000001
core   0: 0x8000b310 (0xff9ff06f) j       pc - 0x8
core   0: 3 0x8000b310 (0xff9ff06f)
core   0: 0x8000b308 (0x00001f17) auipc   t5, 0x1
core   0: 3 0x8000b308 (0x00001f17) x30 0x8000c308
core   0: 0x8000b30c (0xce3f2c23) sw      gp, -776(t5)
core   0: 3 0x8000b30c (0xce3f2c23) mem 0x8000c000 0x00000001
core   0: 0x8000b310 (0xff9ff06f) j       pc - 0x8
core   0: 3 0x8000b310 (0xff9ff06f)
core   0: 0x8000b308 (0x00001f17) auipc   t5, 0x1
core   0: 3 0x8000b308 (0x00001f17) x30 0x8000c308
core   0: 0x8000b30c (0xce3f2c23) sw      gp, -776(t5)
core   0: 3 0x8000b30c (0xce3f2c23) mem 0x8000c000 0x00000001
core   0: 0x8000b310 (0xff9ff06f) j       pc - 0x8
core   0: 3 0x8000b310 (0xff9ff06f)
core   0: 0x8000b308 (0x00001f17) auipc   t5, 0x1
core   0: 3 0x8000b308 (0x00001f17) x30 0x8000c308
core   0: 0x8000b30c (0xce3f2c23) sw      gp, -776(t5)
core   0: 3 0x8000b30c (0xce3f2c23) mem 0x8000c000 0x00000001
core   0: 0x8000b310 (0xff9ff06f) j       pc - 0x8
core   0: 3 0x8000b310 (0xff9ff06f)
core   0: 0x8000b308 (0x00001f17) auipc   t5, 0x1
core   0: 3 0x8000b308 (0x00001f17) x30 0x8000c308
core   0: 0x8000b30c (0xce3f2c23) sw      gp, -776(t5)
core   0: 3 0x8000b30c (0xce3f2c23) mem 0x8000c000 0x00000001
core   0: 0x8000b310 (0xff9ff06f) j       pc - 0x8
core   0: 3 0x8000b310 (0xff9ff06f)
core   0: 0x8000b308 (0x00001f17) auipc   t5, 0x1
core   0: 3 0x8000b308 (0x00001f17) x30 0x8000c308
core   0: 0x8000b30c (0xce3f2c23) sw      gp, -776(t5)
core   0: 3 0x8000b30c (0xce3f2c23) mem 0x8000c000 0x00000001
core   0: 0x8000b310 (0xff9ff06f) j       pc - 0x8
core   0: 3 0x8000b310 (0xff9ff06f)
core   0: 0x8000b308 (0x00001f17) auipc   t5, 0x1
core   0: 3 0x8000b308 (0x00001f17) x30 0x8000c308
core   0: 0x8000b30c (0xce3f2c23) sw      gp, -776(t5)
core   0: 3 0x8000b30c (0xce3f2c23) mem 0x8000c000 0x00000001
core   0: 0x8000b310 (0xff9ff06f) j       pc - 0x8
core   0: 3 0x8000b310 (0xff9ff06f)
core   0: 0x8000b308 (0x00001f17) auipc   t5, 0x1
core   0: 3 0x8000b308 (0x00001f17) x30 0x8000c308
core   0: 0x8000b30c (0xce3f2c23) sw      gp, -776(t5)
core   0: 3 0x8000b30c (0xce3f2c23) mem 0x8000c000 0x00000001
core   0: 0x8000b310 (0xff9ff06f) j       pc - 0x8
core   0: 3 0x8000b310 (0xff9ff06f)
core   0: 0x8000b308 (0x00001f17) auipc   t5, 0x1
core   0: 3 0x8000b308 (0x00001f17) x30 0x8000c308
core   0: 0x8000b30c (0xce3f2c23) sw      gp, -776(t5)
core   0: 3 0x8000b30c (0xce3f2c23) mem 0x8000c000 0x00000001
core   0: 0x8000b310 (0xff9ff06f) j       pc - 0x8
core   0: 3 0x8000b310 (0xff9ff06f)
core   0: 0x8000b308 (0x00001f17) auipc   t5, 0x1
core   0: 3 0x8000b308 (0x00001f17) x30 0x8000c308
core   0: 0x8000b30c (0xce3f2c23) sw      gp, -776(t5)
core   0: 3 0x8000b30c (0xce3f2c23) mem 0x8000c000 0x00000001
core   0: 0x8000b310 (0xff9ff06f) j       pc - 0x8
core   0: 3 0x8000b310 (0xff9ff06f)
core   0: 0x8000b308 (0x00001f17) auipc   t5, 0x1
core   0: 3 0x8000b308 (0x00001f17) x30 0x8000c308
core   0: 0x8000b30c (0xce3f2c23) sw      gp, -776(t5)
core   0: 3 0x8000b30c (0xce3f2c23) mem 0x8000c000 0x00000001
core   0: 0x8000b310 (0xff9ff06f) j       pc - 0x8
core   0: 3 0x8000b310 (0xff9ff06f)
core   0: 0x8000b308 (0x00001f17) auipc   t5, 0x1
core   0: 3 0x8000b308 (0x00001f17) x30 0x8000c308
core   0: 0x8000b30c (0xce3f2c23) sw      gp, -776(t5)
core   0: 3 0x8000b30c (0xce3f2c23) mem 0x8000c000 0x00000001
core   0: 0x8000b310 (0xff9ff06f) j       pc - 0x8
core   0: 3 0x8000b310 (0xff9ff06f)
core   0: 0x8000b308 (0x00001f17) auipc   t5, 0x1
core   0: 3 0x8000b308 (0x00001f17) x30 0x8000c308
core   0: 0x8000b30c (0xce3f2c23) sw      gp, -776(t5)
core   0: 3 0x8000b30c (0xce3f2c23) mem 0x8000c000 0x00000001
core   0: 0x8000b310 (0xff9ff06f) j       pc - 0x8
core   0: 3 0x8000b310 (0xff9ff06f)
core   0: 0x8000b308 (0x00001f17) auipc   t5, 0x1
core   0: 3 0x8000b308 (0x00001f17) x30 0x8000c308
core   0: 0x8000b30c (0xce3f2c23) sw      gp, -776(t5)
core   0: 3 0x8000b30c (0xce3f2c23) mem 0x8000c000 0x00000001
core   0: 0x8000b310 (0xff9ff06f) j       pc - 0x8
core   0: 3 0x8000b310 (0xff9ff06f)
core   0: 0x8000b308 (0x00001f17) auipc   t5, 0x1
core   0: 3 0x8000b308 (0x00001f17) x30 0x8000c308
core   0: 0x8000b30c (0xce3f2c23) sw      gp, -776(t5)
core   0: 3 0x8000b30c (0xce3f2c23) mem 0x8000c000 0x00000001
core   0: 0x8000b310 (0xff9ff06f) j       pc - 0x8
core   0: 3 0x8000b310 (0xff9ff06f)
core   0: 0x8000b308 (0x00001f17) auipc   t5, 0x1
core   0: 3 0x8000b308 (0x00001f17) x30 0x8000c308
core   0: 0x8000b30c (0xce3f2c23) sw      gp, -776(t5)
core   0: 3 0x8000b30c (0xce3f2c23) mem 0x8000c000 0x00000001
core   0: 0x8000b310 (0xff9ff06f) j       pc - 0x8
core   0: 3 0x8000b310 (0xff9ff06f)
core   0: 0x8000b308 (0x00001f17) auipc   t5, 0x1
core   0: 3 0x8000b308 (0x00001f17) x30 0x8000c308
core   0: 0x8000b30c (0xce3f2c23) sw      gp, -776(t5)
core   0: 3 0x8000b30c (0xce3f2c23) mem 0x8000c000 0x00000001
core   0: 0x8000b310 (0xff9ff06f) j       pc - 0x8
core   0: 3 0x8000b310 (0xff9ff06f)
core   0: 0x8000b308 (0x00001f17) auipc   t5, 0x1
core   0: 3 0x8000b308 (0x00001f17) x30 0x8000c308
core   0: 0x8000b30c (0xce3f2c23) sw      gp, -776(t5)
core   0: 3 0x8000b30c (0xce3f2c23) mem 0x8000c000 0x00000001
core   0: 0x8000b310 (0xff9ff06f) j       pc - 0x8
core   0: 3 0x8000b310 (0xff9ff06f)
core   0: 0x8000b308 (0x00001f17) auipc   t5, 0x1
core   0: 3 0x8000b308 (0x00001f17) x30 0x8000c308
core   0: 0x8000b30c (0xce3f2c23) sw      gp, -776(t5)
core   0: 3 0x8000b30c (0xce3f2c23) mem 0x8000c000 0x00000001
core   0: 0x8000b310 (0xff9ff06f) j       pc - 0x8
core   0: 3 0x8000b310 (0xff9ff06f)
core   0: 0x8000b308 (0x00001f17) auipc   t5, 0x1
core   0: 3 0x8000b308 (0x00001f17) x30 0x8000c308
core   0: 0x8000b30c (0xce3f2c23) sw      gp, -776(t5)
core   0: 3 0x8000b30c (0xce3f2c23) mem 0x8000c000 0x00000001
core   0: 0x8000b310 (0xff9ff06f) j       pc - 0x8
core   0: 3 0x8000b310 (0xff9ff06f)
core   0: 0x8000b308 (0x00001f17) auipc   t5, 0x1
core   0: 3 0x8000b308 (0x00001f17) x30 0x8000c308
core   0: 0x8000b30c (0xce3f2c23) sw      gp, -776(t5)
core   0: 3 0x8000b30c (0xce3f2c23) mem 0x8000c000 0x00000001
core   0: 0x8000b310 (0xff9ff06f) j       pc - 0x8
core   0: 3 0x8000b310 (0xff9ff06f)
core   0: 0x8000b308 (0x00001f17) auipc   t5, 0x1
core   0: 3 0x8000b308 (0x00001f17) x30 0x8000c308
core   0: 0x8000b30c (0xce3f2c23) sw      gp, -776(t5)
core   0: 3 0x8000b30c (0xce3f2c23) mem 0x8000c000 0x00000001
core   0: 0x8000b310 (0xff9ff06f) j       pc - 0x8
core   0: 3 0x8000b310 (0xff9ff06f)
core   0: 0x8000b308 (0x00001f17) auipc   t5, 0x1
core   0: 3 0x8000b308 (0x00001f17) x30 0x8000c308
core   0: 0x8000b30c (0xce3f2c23) sw      gp, -776(t5)
core   0: 3 0x8000b30c (0xce3f2c23) mem 0x8000c000 0x00000001
core   0: 0x8000b310 (0xff9ff06f) j       pc - 0x8
core   0: 3 0x8000b310 (0xff9ff06f)
core   0: 0x8000b308 (0x00001f17) auipc   t5, 0x1
core   0: 3 0x8000b308 (0x00001f17) x30 0x8000c308
core   0: 0x8000b30c (0xce3f2c23) sw      gp, -776(t5)
core   0: 3 0x8000b30c (0xce3f2c23) mem 0x8000c000 0x00000001
core   0: 0x8000b310 (0xff9ff06f) j       pc - 0x8
core   0: 3 0x8000b310 (0xff9ff06f)
core   0: 0x8000b308 (0x00001f17) auipc   t5, 0x1
core   0: 3 0x8000b308 (0x00001f17) x30 0x8000c308
core   0: 0x8000b30c (0xce3f2c23) sw      gp, -776(t5)
core   0: 3 0x8000b30c (0xce3f2c23) mem 0x8000c000 0x00000001
core   0: 0x8000b310 (0xff9ff06f) j       pc - 0x8
core   0: 3 0x8000b310 (0xff9ff06f)
core   0: 0x8000b308 (0x00001f17) auipc   t5, 0x1
core   0: 3 0x8000b308 (0x00001f17) x30 0x8000c308
core   0: 0x8000b30c (0xce3f2c23) sw      gp, -776(t5)
core   0: 3 0x8000b30c (0xce3f2c23) mem 0x8000c000 0x00000001
core   0: 0x8000b310 (0xff9ff06f) j       pc - 0x8
core   0: 3 0x8000b310 (0xff9ff06f)
core   0: 0x8000b308 (0x00001f17) auipc   t5, 0x1
core   0: 3 0x8000b308 (0x00001f17) x30 0x8000c308
core   0: 0x8000b30c (0xce3f2c23) sw      gp, -776(t5)
core   0: 3 0x8000b30c (0xce3f2c23) mem 0x8000c000 0x00000001
core   0: 0x8000b310 (0xff9ff06f) j       pc - 0x8
core   0: 3 0x8000b310 (0xff9ff06f)
core   0: 0x8000b308 (0x00001f17) auipc   t5, 0x1
core   0: 3 0x8000b308 (0x00001f17) x30 0x8000c308
core   0: 0x8000b30c (0xce3f2c23) sw      gp, -776(t5)
core   0: 3 0x8000b30c (0xce3f2c23) mem 0x8000c000 0x00000001
core   0: 0x8000b310 (0xff9ff06f) j       pc - 0x8
core   0: 3 0x8000b310 (0xff9ff06f)
core   0: 0x8000b308 (0x00001f17) auipc   t5, 0x1
core   0: 3 0x8000b308 (0x00001f17) x30 0x8000c308
core   0: 0x8000b30c (0xce3f2c23) sw      gp, -776(t5)
core   0: 3 0x8000b30c (0xce3f2c23) mem 0x8000c000 0x00000001
core   0: 0x8000b310 (0xff9ff06f) j       pc - 0x8
core   0: 3 0x8000b310 (0xff9ff06f)
core   0: 0x8000b308 (0x00001f17) auipc   t5, 0x1
core   0: 3 0x8000b308 (0x00001f17) x30 0x8000c308
core   0: 0x8000b30c (0xce3f2c23) sw      gp, -776(t5)
core   0: 3 0x8000b30c (0xce3f2c23) mem 0x8000c000 0x00000001
core   0: 0x8000b310 (0xff9ff06f) j       pc - 0x8
core   0: 3 0x8000b310 (0xff9ff06f)
core   0: 0x8000b308 (0x00001f17) auipc   t5, 0x1
core   0: 3 0x8000b308 (0x00001f17) x30 0x8000c308
core   0: 0x8000b30c (0xce3f2c23) sw      gp, -776(t5)
core   0: 3 0x8000b30c (0xce3f2c23) mem 0x8000c000 0x00000001
core   0: 0x8000b310 (0xff9ff06f) j       pc - 0x8
core   0: 3 0x8000b310 (0xff9ff06f)
core   0: 0x8000b308 (0x00001f17) auipc   t5, 0x1
core   0: 3 0x8000b308 (0x00001f17) x30 0x8000c308
core   0: 0x8000b30c (0xce3f2c23) sw      gp, -776(t5)
core   0: 3 0x8000b30c (0xce3f2c23) mem 0x8000c000 0x00000001
core   0: 0x8000b310 (0xff9ff06f) j       pc - 0x8
core   0: 3 0x8000b310 (0xff9ff06f)
core   0: 0x8000b308 (0x00001f17) auipc   t5, 0x1
core   0: 3 0x8000b308 (0x00001f17) x30 0x8000c308
core   0: 0x8000b30c (0xce3f2c23) sw      gp, -776(t5)
core   0: 3 0x8000b30c (0xce3f2c23) mem 0x8000c000 0x00000001
core   0: 0x8000b310 (0xff9ff06f) j       pc - 0x8
core   0: 3 0x8000b310 (0xff9ff06f)
core   0: 0x8000b308 (0x00001f17) auipc   t5, 0x1
core   0: 3 0x8000b308 (0x00001f17) x30 0x8000c308
core   0: 0x8000b30c (0xce3f2c23) sw      gp, -776(t5)
core   0: 3 0x8000b30c (0xce3f2c23) mem 0x8000c000 0x00000001
core   0: 0x8000b310 (0xff9ff06f) j       pc - 0x8
core   0: 3 0x8000b310 (0xff9ff06f)
core   0: 0x8000b308 (0x00001f17) auipc   t5, 0x1
core   0: 3 0x8000b308 (0x00001f17) x30 0x8000c308
core   0: 0x8000b30c (0xce3f2c23) sw      gp, -776(t5)
core   0: 3 0x8000b30c (0xce3f2c23) mem 0x8000c000 0x00000001
core   0: 0x8000b310 (0xff9ff06f) j       pc - 0x8
core   0: 3 0x8000b310 (0xff9ff06f)
core   0: 0x8000b308 (0x00001f17) auipc   t5, 0x1
core   0: 3 0x8000b308 (0x00001f17) x30 0x8000c308
core   0: 0x8000b30c (0xce3f2c23) sw      gp, -776(t5)
core   0: 3 0x8000b30c (0xce3f2c23) mem 0x8000c000 0x00000001
core   0: 0x8000b310 (0xff9ff06f) j       pc - 0x8
core   0: 3 0x8000b310 (0xff9ff06f)
core   0: 0x8000b308 (0x00001f17) auipc   t5, 0x1
core   0: 3 0x8000b308 (0x00001f17) x30 0x8000c308
core   0: 0x8000b30c (0xce3f2c23) sw      gp, -776(t5)
core   0: 3 0x8000b30c (0xce3f2c23) mem 0x8000c000 0x00000001
core   0: 0x8000b310 (0xff9ff06f) j       pc - 0x8
core   0: 3 0x8000b310 (0xff9ff06f)
core   0: 0x8000b308 (0x00001f17) auipc   t5, 0x1
core   0: 3 0x8000b308 (0x00001f17) x30 0x8000c308
core   0: 0x8000b30c (0xce3f2c23) sw      gp, -776(t5)
core   0: 3 0x8000b30c (0xce3f2c23) mem 0x8000c000 0x00000001
core   0: 0x8000b310 (0xff9ff06f) j       pc - 0x8
core   0: 3 0x8000b310 (0xff9ff06f)
core   0: 0x8000b308 (0x00001f17) auipc   t5, 0x1
core   0: 3 0x8000b308 (0x00001f17) x30 0x8000c308
core   0: 0x8000b30c (0xce3f2c23) sw      gp, -776(t5)
core   0: 3 0x8000b30c (0xce3f2c23) mem 0x8000c000 0x00000001
core   0: 0x8000b310 (0xff9ff06f) j       pc - 0x8
core   0: 3 0x8000b310 (0xff9ff06f)
core   0: 0x8000b308 (0x00001f17) auipc   t5, 0x1
core   0: 3 0x8000b308 (0x00001f17) x30 0x8000c308
core   0: 0x8000b30c (0xce3f2c23) sw      gp, -776(t5)
core   0: 3 0x8000b30c (0xce3f2c23) mem 0x8000c000 0x00000001
core   0: 0x8000b310 (0xff9ff06f) j       pc - 0x8
core   0: 3 0x8000b310 (0xff9ff06f)
core   0: 0x8000b308 (0x00001f17) auipc   t5, 0x1
core   0: 3 0x8000b308 (0x00001f17) x30 0x8000c308
core   0: 0x8000b30c (0xce3f2c23) sw      gp, -776(t5)
core   0: 3 0x8000b30c (0xce3f2c23) mem 0x8000c000 0x00000001
core   0: 0x8000b310 (0xff9ff06f) j       pc - 0x8
core   0: 3 0x8000b310 (0xff9ff06f)
core   0: 0x8000b308 (0x00001f17) auipc   t5, 0x1
core   0: 3 0x8000b308 (0x00001f17) x30 0x8000c308
core   0: 0x8000b30c (0xce3f2c23) sw      gp, -776(t5)
core   0: 3 0x8000b30c (0xce3f2c23) mem 0x8000c000 0x00000001
core   0: 0x8000b310 (0xff9ff06f) j       pc - 0x8
core   0: 3 0x8000b310 (0xff9ff06f)
core   0: 0x8000b308 (0x00001f17) auipc   t5, 0x1
core   0: 3 0x8000b308 (0x00001f17) x30 0x8000c308
core   0: 0x8000b30c (0xce3f2c23) sw      gp, -776(t5)
core   0: 3 0x8000b30c (0xce3f2c23) mem 0x8000c000 0x00000001
core   0: 0x8000b310 (0xff9ff06f) j       pc - 0x8
core   0: 3 0x8000b310 (0xff9ff06f)
core   0: 0x8000b308 (0x00001f17) auipc   t5, 0x1
core   0: 3 0x8000b308 (0x00001f17) x30 0x8000c308
core   0: 0x8000b30c (0xce3f2c23) sw      gp, -776(t5)
core   0: 3 0x8000b30c (0xce3f2c23) mem 0x8000c000 0x00000001
core   0: 0x8000b310 (0xff9ff06f) j       pc - 0x8
core   0: 3 0x8000b310 (0xff9ff06f)
core   0: 0x8000b308 (0x00001f17) auipc   t5, 0x1
core   0: 3 0x8000b308 (0x00001f17) x30 0x8000c308
core   0: 0x8000b30c (0xce3f2c23) sw      gp, -776(t5)
core   0: 3 0x8000b30c (0xce3f2c23) mem 0x8000c000 0x00000001
core   0: 0x8000b310 (0xff9ff06f) j       pc - 0x8
core   0: 3 0x8000b310 (0xff9ff06f)
core   0: 0x8000b308 (0x00001f17) auipc   t5, 0x1
core   0: 3 0x8000b308 (0x00001f17) x30 0x8000c308
core   0: 0x8000b30c (0xce3f2c23) sw      gp, -776(t5)
core   0: 3 0x8000b30c (0xce3f2c23) mem 0x8000c000 0x00000001
core   0: 0x8000b310 (0xff9ff06f) j       pc - 0x8
core   0: 3 0x8000b310 (0xff9ff06f)
core   0: 0x8000b308 (0x00001f17) auipc   t5, 0x1
core   0: 3 0x8000b308 (0x00001f17) x30 0x8000c308
core   0: 0x8000b30c (0xce3f2c23) sw      gp, -776(t5)
core   0: 3 0x8000b30c (0xce3f2c23) mem 0x8000c000 0x00000001
core   0: 0x8000b310 (0xff9ff06f) j       pc - 0x8
core   0: 3 0x8000b310 (0xff9ff06f)
core   0: 0x8000b308 (0x00001f17) auipc   t5, 0x1
core   0: 3 0x8000b308 (0x00001f17) x30 0x8000c308
core   0: 0x8000b30c (0xce3f2c23) sw      gp, -776(t5)
core   0: 3 0x8000b30c (0xce3f2c23) mem 0x8000c000 0x00000001
core   0: 0x8000b310 (0xff9ff06f) j       pc - 0x8
core   0: 3 0x8000b310 (0xff9ff06f)
core   0: 0x8000b308 (0x00001f17) auipc   t5, 0x1
core   0: 3 0x8000b308 (0x00001f17) x30 0x8000c308
core   0: 0x8000b30c (0xce3f2c23) sw      gp, -776(t5)
core   0: 3 0x8000b30c (0xce3f2c23) mem 0x8000c000 0x00000001
core   0: 0x8000b310 (0xff9ff06f) j       pc - 0x8
core   0: 3 0x8000b310 (0xff9ff06f)
core   0: 0x8000b308 (0x00001f17) auipc   t5, 0x1
core   0: 3 0x8000b308 (0x00001f17) x30 0x8000c308
core   0: 0x8000b30c (0xce3f2c23) sw      gp, -776(t5)
core   0: 3 0x8000b30c (0xce3f2c23) mem 0x8000c000 0x00000001
core   0: 0x8000b310 (0xff9ff06f) j       pc - 0x8
core   0: 3 0x8000b310 (0xff9ff06f)
core   0: 0x8000b308 (0x00001f17) auipc   t5, 0x1
core   0: 3 0x8000b308 (0x00001f17) x30 0x8000c308
core   0: 0x8000b30c (0xce3f2c23) sw      gp, -776(t5)
core   0: 3 0x8000b30c (0xce3f2c23) mem 0x8000c000 0x00000001
core   0: 0x8000b310 (0xff9ff06f) j       pc - 0x8
core   0: 3 0x8000b310 (0xff9ff06f)
core   0: 0x8000b308 (0x00001f17) auipc   t5, 0x1
core   0: 3 0x8000b308 (0x00001f17) x30 0x8000c308
core   0: 0x8000b30c (0xce3f2c23) sw      gp, -776(t5)
core   0: 3 0x8000b30c (0xce3f2c23) mem 0x8000c000 0x00000001
core   0: 0x8000b310 (0xff9ff06f) j       pc - 0x8
core   0: 3 0x8000b310 (0xff9ff06f)
core   0: 0x8000b308 (0x00001f17) auipc   t5, 0x1
core   0: 3 0x8000b308 (0x00001f17) x30 0x8000c308
core   0: 0x8000b30c (0xce3f2c23) sw      gp, -776(t5)
core   0: 3 0x8000b30c (0xce3f2c23) mem 0x8000c000 0x00000001
core   0: 0x8000b310 (0xff9ff06f) j       pc - 0x8
core   0: 3 0x8000b310 (0xff9ff06f)
core   0: 0x8000b308 (0x00001f17) auipc   t5, 0x1
core   0: 3 0x8000b308 (0x00001f17) x30 0x8000c308
core   0: 0x8000b30c (0xce3f2c23) sw      gp, -776(t5)
core   0: 3 0x8000b30c (0xce3f2c23) mem 0x8000c000 0x00000001
core   0: 0x8000b310 (0xff9ff06f) j       pc - 0x8
core   0: 3 0x8000b310 (0xff9ff06f)
core   0: 0x8000b308 (0x00001f17) auipc   t5, 0x1
core   0: 3 0x8000b308 (0x00001f17) x30 0x8000c308
core   0: 0x8000b30c (0xce3f2c23) sw      gp, -776(t5)
core   0: 3 0x8000b30c (0xce3f2c23) mem 0x8000c000 0x00000001
core   0: 0x8000b310 (0xff9ff06f) j       pc - 0x8
core   0: 3 0x8000b310 (0xff9ff06f)
core   0: 0x8000b308 (0x00001f17) auipc   t5, 0x1
core   0: 3 0x8000b308 (0x00001f17) x30 0x8000c308
core   0: 0x8000b30c (0xce3f2c23) sw      gp, -776(t5)
core   0: 3 0x8000b30c (0xce3f2c23) mem 0x8000c000 0x00000001
core   0: 0x8000b310 (0xff9ff06f) j       pc - 0x8
core   0: 3 0x8000b310 (0xff9ff06f)
core   0: 0x8000b308 (0x00001f17) auipc   t5, 0x1
core   0: 3 0x8000b308 (0x00001f17) x30 0x8000c308
core   0: 0x8000b30c (0xce3f2c23) sw      gp, -776(t5)
core   0: 3 0x8000b30c (0xce3f2c23) mem 0x8000c000 0x00000001
core   0: 0x8000b310 (0xff9ff06f) j       pc - 0x8
core   0: 3 0x8000b310 (0xff9ff06f)
core   0: 0x8000b308 (0x00001f17) auipc   t5, 0x1
core   0: 3 0x8000b308 (0x00001f17) x30 0x8000c308
core   0: 0x8000b30c (0xce3f2c23) sw      gp, -776(t5)
core   0: 3 0x8000b30c (0xce3f2c23) mem 0x8000c000 0x00000001
core   0: 0x8000b310 (0xff9ff06f) j       pc - 0x8
core   0: 3 0x8000b310 (0xff9ff06f)
core   0: 0x8000b308 (0x00001f17) auipc   t5, 0x1
core   0: 3 0x8000b308 (0x00001f17) x30 0x8000c308
core   0: 0x8000b30c (0xce3f2c23) sw      gp, -776(t5)
core   0: 3 0x8000b30c (0xce3f2c23) mem 0x8000c000 0x00000001
core   0: 0x8000b310 (0xff9ff06f) j       pc - 0x8
core   0: 3 0x8000b310 (0xff9ff06f)
core   0: 0x8000b308 (0x00001f17) auipc   t5, 0x1
core   0: 3 0x8000b308 (0x00001f17) x30 0x8000c308
core   0: 0x8000b30c (0xce3f2c23) sw      gp, -776(t5)
core   0: 3 0x8000b30c (0xce3f2c23) mem 0x8000c000 0x00000001
core   0: 0x8000b310 (0xff9ff06f) j       pc - 0x8
core   0: 3 0x8000b310 (0xff9ff06f)
core   0: 0x8000b308 (0x00001f17) auipc   t5, 0x1
core   0: 3 0x8000b308 (0x00001f17) x30 0x8000c308
core   0: 0x8000b30c (0xce3f2c23) sw      gp, -776(t5)
core   0: 3 0x8000b30c (0xce3f2c23) mem 0x8000c000 0x00000001
core   0: 0x8000b310 (0xff9ff06f) j       pc - 0x8
core   0: 3 0x8000b310 (0xff9ff06f)
core   0: 0x8000b308 (0x00001f17) auipc   t5, 0x1
core   0: 3 0x8000b308 (0x00001f17) x30 0x8000c308
core   0: 0x8000b30c (0xce3f2c23) sw      gp, -776(t5)
core   0: 3 0x8000b30c (0xce3f2c23) mem 0x8000c000 0x00000001
core   0: 0x8000b310 (0xff9ff06f) j       pc - 0x8
core   0: 3 0x8000b310 (0xff9ff06f)
core   0: 0x8000b308 (0x00001f17) auipc   t5, 0x1
core   0: 3 0x8000b308 (0x00001f17) x30 0x8000c308
core   0: 0x8000b30c (0xce3f2c23) sw      gp, -776(t5)
core   0: 3 0x8000b30c (0xce3f2c23) mem 0x8000c000 0x00000001
core   0: 0x8000b310 (0xff9ff06f) j       pc - 0x8
core   0: 3 0x8000b310 (0xff9ff06f)
core   0: 0x8000b308 (0x00001f17) auipc   t5, 0x1
core   0: 3 0x8000b308 (0x00001f17) x30 0x8000c308
core   0: 0x8000b30c (0xce3f2c23) sw      gp, -776(t5)
core   0: 3 0x8000b30c (0xce3f2c23) mem 0x8000c000 0x00000001
core   0: 0x8000b310 (0xff9ff06f) j       pc - 0x8
core   0: 3 0x8000b310 (0xff9ff06f)
core   0: 0x8000b308 (0x00001f17) auipc   t5, 0x1
core   0: 3 0x8000b308 (0x00001f17) x30 0x8000c308
core   0: 0x8000b30c (0xce3f2c23) sw      gp, -776(t5)
core   0: 3 0x8000b30c (0xce3f2c23) mem 0x8000c000 0x00000001
core   0: 0x8000b310 (0xff9ff06f) j       pc - 0x8
core   0: 3 0x8000b310 (0xff9ff06f)
core   0: 0x8000b308 (0x00001f17) auipc   t5, 0x1
core   0: 3 0x8000b308 (0x00001f17) x30 0x8000c308
core   0: 0x8000b30c (0xce3f2c23) sw      gp, -776(t5)
core   0: 3 0x8000b30c (0xce3f2c23) mem 0x8000c000 0x00000001
core   0: 0x8000b310 (0xff9ff06f) j       pc - 0x8
core   0: 3 0x8000b310 (0xff9ff06f)
core   0: 0x8000b308 (0x00001f17) auipc   t5, 0x1
core   0: 3 0x8000b308 (0x00001f17) x30 0x8000c308
core   0: 0x8000b30c (0xce3f2c23) sw      gp, -776(t5)
core   0: 3 0x8000b30c (0xce3f2c23) mem 0x8000c000 0x00000001
core   0: 0x8000b310 (0xff9ff06f) j       pc - 0x8
core   0: 3 0x8000b310 (0xff9ff06f)
core   0: 0x8000b308 (0x00001f17) auipc   t5, 0x1
core   0: 3 0x8000b308 (0x00001f17) x30 0x8000c308
core   0: 0x8000b30c (0xce3f2c23) sw      gp, -776(t5)
core   0: 3 0x8000b30c (0xce3f2c23) mem 0x8000c000 0x00000001
core   0: 0x8000b310 (0xff9ff06f) j       pc - 0x8
core   0: 3 0x8000b310 (0xff9ff06f)
core   0: 0x8000b308 (0x00001f17) auipc   t5, 0x1
core   0: 3 0x8000b308 (0x00001f17) x30 0x8000c308
core   0: 0x8000b30c (0xce3f2c23) sw      gp, -776(t5)
core   0: 3 0x8000b30c (0xce3f2c23) mem 0x8000c000 0x00000001
core   0: 0x8000b310 (0xff9ff06f) j       pc - 0x8
core   0: 3 0x8000b310 (0xff9ff06f)
core   0: 0x8000b308 (0x00001f17) auipc   t5, 0x1
core   0: 3 0x8000b308 (0x00001f17) x30 0x8000c308
core   0: 0x8000b30c (0xce3f2c23) sw      gp, -776(t5)
core   0: 3 0x8000b30c (0xce3f2c23) mem 0x8000c000 0x00000001
core   0: 0x8000b310 (0xff9ff06f) j       pc - 0x8
core   0: 3 0x8000b310 (0xff9ff06f)
core   0: 0x8000b308 (0x00001f17) auipc   t5, 0x1
core   0: 3 0x8000b308 (0x00001f17) x30 0x8000c308
core   0: 0x8000b30c (0xce3f2c23) sw      gp, -776(t5)
core   0: 3 0x8000b30c (0xce3f2c23) mem 0x8000c000 0x00000001
core   0: 0x8000b310 (0xff9ff06f) j       pc - 0x8
core   0: 3 0x8000b310 (0xff9ff06f)
core   0: 0x8000b308 (0x00001f17) auipc   t5, 0x1
core   0: 3 0x8000b308 (0x00001f17) x30 0x8000c308
core   0: 0x8000b30c (0xce3f2c23) sw      gp, -776(t5)
core   0: 3 0x8000b30c (0xce3f2c23) mem 0x8000c000 0x00000001
core   0: 0x8000b310 (0xff9ff06f) j       pc - 0x8
core   0: 3 0x8000b310 (0xff9ff06f)
core   0: 0x8000b308 (0x00001f17) auipc   t5, 0x1
core   0: 3 0x8000b308 (0x00001f17) x30 0x8000c308
core   0: 0x8000b30c (0xce3f2c23) sw      gp, -776(t5)
core   0: 3 0x8000b30c (0xce3f2c23) mem 0x8000c000 0x00000001
core   0: 0x8000b310 (0xff9ff06f) j       pc - 0x8
core   0: 3 0x8000b310 (0xff9ff06f)
core   0: 0x8000b308 (0x00001f17) auipc   t5, 0x1
core   0: 3 0x8000b308 (0x00001f17) x30 0x8000c308
core   0: 0x8000b30c (0xce3f2c23) sw      gp, -776(t5)
core   0: 3 0x8000b30c (0xce3f2c23) mem 0x8000c000 0x00000001
core   0: 0x8000b310 (0xff9ff06f) j       pc - 0x8
core   0: 3 0x8000b310 (0xff9ff06f)
core   0: 0x8000b308 (0x00001f17) auipc   t5, 0x1
core   0: 3 0x8000b308 (0x00001f17) x30 0x8000c308
core   0: 0x8000b30c (0xce3f2c23) sw      gp, -776(t5)
core   0: 3 0x8000b30c (0xce3f2c23) mem 0x8000c000 0x00000001
core   0: 0x8000b310 (0xff9ff06f) j       pc - 0x8
core   0: 3 0x8000b310 (0xff9ff06f)
core   0: 0x8000b308 (0x00001f17) auipc   t5, 0x1
core   0: 3 0x8000b308 (0x00001f17) x30 0x8000c308
core   0: 0x8000b30c (0xce3f2c23) sw      gp, -776(t5)
core   0: 3 0x8000b30c (0xce3f2c23) mem 0x8000c000 0x00000001
core   0: 0x8000b310 (0xff9ff06f) j       pc - 0x8
core   0: 3 0x8000b310 (0xff9ff06f)
core   0: 0x8000b308 (0x00001f17) auipc   t5, 0x1
core   0: 3 0x8000b308 (0x00001f17) x30 0x8000c308
core   0: 0x8000b30c (0xce3f2c23) sw      gp, -776(t5)
core   0: 3 0x8000b30c (0xce3f2c23) mem 0x8000c000 0x00000001
core   0: 0x8000b310 (0xff9ff06f) j       pc - 0x8
core   0: 3 0x8000b310 (0xff9ff06f)
core   0: 0x8000b308 (0x00001f17) auipc   t5, 0x1
core   0: 3 0x8000b308 (0x00001f17) x30 0x8000c308
core   0: 0x8000b30c (0xce3f2c23) sw      gp, -776(t5)
core   0: 3 0x8000b30c (0xce3f2c23) mem 0x8000c000 0x00000001
core   0: 0x8000b310 (0xff9ff06f) j       pc - 0x8
core   0: 3 0x8000b310 (0xff9ff06f)
core   0: 0x8000b308 (0x00001f17) auipc   t5, 0x1
core   0: 3 0x8000b308 (0x00001f17) x30 0x8000c308
core   0: 0x8000b30c (0xce3f2c23) sw      gp, -776(t5)
core   0: 3 0x8000b30c (0xce3f2c23) mem 0x8000c000 0x00000001
core   0: 0x8000b310 (0xff9ff06f) j       pc - 0x8
core   0: 3 0x8000b310 (0xff9ff06f)
core   0: 0x8000b308 (0x00001f17) auipc   t5, 0x1
core   0: 3 0x8000b308 (0x00001f17) x30 0x8000c308
core   0: 0x8000b30c (0xce3f2c23) sw      gp, -776(t5)
core   0: 3 0x8000b30c (0xce3f2c23) mem 0x8000c000 0x00000001
core   0: 0x8000b310 (0xff9ff06f) j       pc - 0x8
core   0: 3 0x8000b310 (0xff9ff06f)
core   0: 0x8000b308 (0x00001f17) auipc   t5, 0x1
core   0: 3 0x8000b308 (0x00001f17) x30 0x8000c308
core   0: 0x8000b30c (0xce3f2c23) sw      gp, -776(t5)
core   0: 3 0x8000b30c (0xce3f2c23) mem 0x8000c000 0x00000001
core   0: 0x8000b310 (0xff9ff06f) j       pc - 0x8
core   0: 3 0x8000b310 (0xff9ff06f)
core   0: 0x8000b308 (0x00001f17) auipc   t5, 0x1
core   0: 3 0x8000b308 (0x00001f17) x30 0x8000c308
core   0: 0x8000b30c (0xce3f2c23) sw      gp, -776(t5)
core   0: 3 0x8000b30c (0xce3f2c23) mem 0x8000c000 0x00000001
core   0: 0x8000b310 (0xff9ff06f) j       pc - 0x8
core   0: 3 0x8000b310 (0xff9ff06f)
core   0: 0x8000b308 (0x00001f17) auipc   t5, 0x1
core   0: 3 0x8000b308 (0x00001f17) x30 0x8000c308
core   0: 0x8000b30c (0xce3f2c23) sw      gp, -776(t5)
core   0: 3 0x8000b30c (0xce3f2c23) mem 0x8000c000 0x00000001
core   0: 0x8000b310 (0xff9ff06f) j       pc - 0x8
core   0: 3 0x8000b310 (0xff9ff06f)
core   0: 0x8000b308 (0x00001f17) auipc   t5, 0x1
core   0: 3 0x8000b308 (0x00001f17) x30 0x8000c308
core   0: 0x8000b30c (0xce3f2c23) sw      gp, -776(t5)
core   0: 3 0x8000b30c (0xce3f2c23) mem 0x8000c000 0x00000001
core   0: 0x8000b310 (0xff9ff06f) j       pc - 0x8
core   0: 3 0x8000b310 (0xff9ff06f)
core   0: 0x8000b308 (0x00001f17) auipc   t5, 0x1
core   0: 3 0x8000b308 (0x00001f17) x30 0x8000c308
core   0: 0x8000b30c (0xce3f2c23) sw      gp, -776(t5)
core   0: 3 0x8000b30c (0xce3f2c23) mem 0x8000c000 0x00000001
core   0: 0x8000b310 (0xff9ff06f) j       pc - 0x8
core   0: 3 0x8000b310 (0xff9ff06f)
core   0: 0x8000b308 (0x00001f17) auipc   t5, 0x1
core   0: 3 0x8000b308 (0x00001f17) x30 0x8000c308
core   0: 0x8000b30c (0xce3f2c23) sw      gp, -776(t5)
core   0: 3 0x8000b30c (0xce3f2c23) mem 0x8000c000 0x00000001
core   0: 0x8000b310 (0xff9ff06f) j       pc - 0x8
core   0: 3 0x8000b310 (0xff9ff06f)
core   0: 0x8000b308 (0x00001f17) auipc   t5, 0x1
core   0: 3 0x8000b308 (0x00001f17) x30 0x8000c308
core   0: 0x8000b30c (0xce3f2c23) sw      gp, -776(t5)
core   0: 3 0x8000b30c (0xce3f2c23) mem 0x8000c000 0x00000001
core   0: 0x8000b310 (0xff9ff06f) j       pc - 0x8
core   0: 3 0x8000b310 (0xff9ff06f)
core   0: 0x8000b308 (0x00001f17) auipc   t5, 0x1
core   0: 3 0x8000b308 (0x00001f17) x30 0x8000c308
core   0: 0x8000b30c (0xce3f2c23) sw      gp, -776(t5)
core   0: 3 0x8000b30c (0xce3f2c23) mem 0x8000c000 0x00000001
core   0: 0x8000b310 (0xff9ff06f) j       pc - 0x8
core   0: 3 0x8000b310 (0xff9ff06f)
core   0: 0x8000b308 (0x00001f17) auipc   t5, 0x1
core   0: 3 0x8000b308 (0x00001f17) x30 0x8000c308
core   0: 0x8000b30c (0xce3f2c23) sw      gp, -776(t5)
core   0: 3 0x8000b30c (0xce3f2c23) mem 0x8000c000 0x00000001
core   0: 0x8000b310 (0xff9ff06f) j       pc - 0x8
core   0: 3 0x8000b310 (0xff9ff06f)
core   0: 0x8000b308 (0x00001f17) auipc   t5, 0x1
core   0: 3 0x8000b308 (0x00001f17) x30 0x8000c308
core   0: 0x8000b30c (0xce3f2c23) sw      gp, -776(t5)
core   0: 3 0x8000b30c (0xce3f2c23) mem 0x8000c000 0x00000001
core   0: 0x8000b310 (0xff9ff06f) j       pc - 0x8
core   0: 3 0x8000b310 (0xff9ff06f)
core   0: 0x8000b308 (0x00001f17) auipc   t5, 0x1
core   0: 3 0x8000b308 (0x00001f17) x30 0x8000c308
core   0: 0x8000b30c (0xce3f2c23) sw      gp, -776(t5)
core   0: 3 0x8000b30c (0xce3f2c23) mem 0x8000c000 0x00000001
core   0: 0x8000b310 (0xff9ff06f) j       pc - 0x8
core   0: 3 0x8000b310 (0xff9ff06f)
core   0: 0x8000b308 (0x00001f17) auipc   t5, 0x1
core   0: 3 0x8000b308 (0x00001f17) x30 0x8000c308
core   0: 0x8000b30c (0xce3f2c23) sw      gp, -776(t5)
core   0: 3 0x8000b30c (0xce3f2c23) mem 0x8000c000 0x00000001
core   0: 0x8000b310 (0xff9ff06f) j       pc - 0x8
core   0: 3 0x8000b310 (0xff9ff06f)
core   0: 0x8000b308 (0x00001f17) auipc   t5, 0x1
core   0: 3 0x8000b308 (0x00001f17) x30 0x8000c308
core   0: 0x8000b30c (0xce3f2c23) sw      gp, -776(t5)
core   0: 3 0x8000b30c (0xce3f2c23) mem 0x8000c000 0x00000001
core   0: 0x8000b310 (0xff9ff06f) j       pc - 0x8
core   0: 3 0x8000b310 (0xff9ff06f)
core   0: 0x8000b308 (0x00001f17) auipc   t5, 0x1
core   0: 3 0x8000b308 (0x00001f17) x30 0x8000c308
core   0: 0x8000b30c (0xce3f2c23) sw      gp, -776(t5)
core   0: 3 0x8000b30c (0xce3f2c23) mem 0x8000c000 0x00000001
core   0: 0x8000b310 (0xff9ff06f) j       pc - 0x8
core   0: 3 0x8000b310 (0xff9ff06f)
core   0: 0x8000b308 (0x00001f17) auipc   t5, 0x1
core   0: 3 0x8000b308 (0x00001f17) x30 0x8000c308
core   0: 0x8000b30c (0xce3f2c23) sw      gp, -776(t5)
core   0: 3 0x8000b30c (0xce3f2c23) mem 0x8000c000 0x00000001
core   0: 0x8000b310 (0xff9ff06f) j       pc - 0x8
core   0: 3 0x8000b310 (0xff9ff06f)
core   0: 0x8000b308 (0x00001f17) auipc   t5, 0x1
core   0: 3 0x8000b308 (0x00001f17) x30 0x8000c308
core   0: 0x8000b30c (0xce3f2c23) sw      gp, -776(t5)
core   0: 3 0x8000b30c (0xce3f2c23) mem 0x8000c000 0x00000001
core   0: 0x8000b310 (0xff9ff06f) j       pc - 0x8
core   0: 3 0x8000b310 (0xff9ff06f)
core   0: 0x8000b308 (0x00001f17) auipc   t5, 0x1
core   0: 3 0x8000b308 (0x00001f17) x30 0x8000c308
core   0: 0x8000b30c (0xce3f2c23) sw      gp, -776(t5)
core   0: 3 0x8000b30c (0xce3f2c23) mem 0x8000c000 0x00000001
core   0: 0x8000b310 (0xff9ff06f) j       pc - 0x8
core   0: 3 0x8000b310 (0xff9ff06f)
core   0: 0x8000b308 (0x00001f17) auipc   t5, 0x1
core   0: 3 0x8000b308 (0x00001f17) x30 0x8000c308
core   0: 0x8000b30c (0xce3f2c23) sw      gp, -776(t5)
core   0: 3 0x8000b30c (0xce3f2c23) mem 0x8000c000 0x00000001
core   0: 0x8000b310 (0xff9ff06f) j       pc - 0x8
core   0: 3 0x8000b310 (0xff9ff06f)
core   0: 0x8000b308 (0x00001f17) auipc   t5, 0x1
core   0: 3 0x8000b308 (0x00001f17) x30 0x8000c308
core   0: 0x8000b30c (0xce3f2c23) sw      gp, -776(t5)
core   0: 3 0x8000b30c (0xce3f2c23) mem 0x8000c000 0x00000001
core   0: 0x8000b310 (0xff9ff06f) j       pc - 0x8
core   0: 3 0x8000b310 (0xff9ff06f)
core   0: 0x8000b308 (0x00001f17) auipc   t5, 0x1
core   0: 3 0x8000b308 (0x00001f17) x30 0x8000c308
core   0: 0x8000b30c (0xce3f2c23) sw      gp, -776(t5)
core   0: 3 0x8000b30c (0xce3f2c23) mem 0x8000c000 0x00000001
core   0: 0x8000b310 (0xff9ff06f) j       pc - 0x8
core   0: 3 0x8000b310 (0xff9ff06f)
core   0: 0x8000b308 (0x00001f17) auipc   t5, 0x1
core   0: 3 0x8000b308 (0x00001f17) x30 0x8000c308
core   0: 0x8000b30c (0xce3f2c23) sw      gp, -776(t5)
core   0: 3 0x8000b30c (0xce3f2c23) mem 0x8000c000 0x00000001
core   0: 0x8000b310 (0xff9ff06f) j       pc - 0x8
core   0: 3 0x8000b310 (0xff9ff06f)
core   0: 0x8000b308 (0x00001f17) auipc   t5, 0x1
core   0: 3 0x8000b308 (0x00001f17) x30 0x8000c308
core   0: 0x8000b30c (0xce3f2c23) sw      gp, -776(t5)
core   0: 3 0x8000b30c (0xce3f2c23) mem 0x8000c000 0x00000001
core   0: 0x8000b310 (0xff9ff06f) j       pc - 0x8
core   0: 3 0x8000b310 (0xff9ff06f)
core   0: 0x8000b308 (0x00001f17) auipc   t5, 0x1
core   0: 3 0x8000b308 (0x00001f17) x30 0x8000c308
core   0: 0x8000b30c (0xce3f2c23) sw      gp, -776(t5)
core   0: 3 0x8000b30c (0xce3f2c23) mem 0x8000c000 0x00000001
core   0: 0x8000b310 (0xff9ff06f) j       pc - 0x8
core   0: 3 0x8000b310 (0xff9ff06f)
core   0: 0x8000b308 (0x00001f17) auipc   t5, 0x1
core   0: 3 0x8000b308 (0x00001f17) x30 0x8000c308
core   0: 0x8000b30c (0xce3f2c23) sw      gp, -776(t5)
core   0: 3 0x8000b30c (0xce3f2c23) mem 0x8000c000 0x00000001
core   0: 0x8000b310 (0xff9ff06f) j       pc - 0x8
core   0: 3 0x8000b310 (0xff9ff06f)
core   0: 0x8000b308 (0x00001f17) auipc   t5, 0x1
core   0: 3 0x8000b308 (0x00001f17) x30 0x8000c308
core   0: 0x8000b30c (0xce3f2c23) sw      gp, -776(t5)
core   0: 3 0x8000b30c (0xce3f2c23) mem 0x8000c000 0x00000001
core   0: 0x8000b310 (0xff9ff06f) j       pc - 0x8
core   0: 3 0x8000b310 (0xff9ff06f)
core   0: 0x8000b308 (0x00001f17) auipc   t5, 0x1
core   0: 3 0x8000b308 (0x00001f17) x30 0x8000c308
core   0: 0x8000b30c (0xce3f2c23) sw      gp, -776(t5)
core   0: 3 0x8000b30c (0xce3f2c23) mem 0x8000c000 0x00000001
core   0: 0x8000b310 (0xff9ff06f) j       pc - 0x8
core   0: 3 0x8000b310 (0xff9ff06f)
core   0: 0x8000b308 (0x00001f17) auipc   t5, 0x1
core   0: 3 0x8000b308 (0x00001f17) x30 0x8000c308
core   0: 0x8000b30c (0xce3f2c23) sw      gp, -776(t5)
core   0: 3 0x8000b30c (0xce3f2c23) mem 0x8000c000 0x00000001
core   0: 0x8000b310 (0xff9ff06f) j       pc - 0x8
core   0: 3 0x8000b310 (0xff9ff06f)
core   0: 0x8000b308 (0x00001f17) auipc   t5, 0x1
core   0: 3 0x8000b308 (0x00001f17) x30 0x8000c308
core   0: 0x8000b30c (0xce3f2c23) sw      gp, -776(t5)
core   0: 3 0x8000b30c (0xce3f2c23) mem 0x8000c000 0x00000001
core   0: 0x8000b310 (0xff9ff06f) j       pc - 0x8
core   0: 3 0x8000b310 (0xff9ff06f)
core   0: 0x8000b308 (0x00001f17) auipc   t5, 0x1
core   0: 3 0x8000b308 (0x00001f17) x30 0x8000c308
core   0: 0x8000b30c (0xce3f2c23) sw      gp, -776(t5)
core   0: 3 0x8000b30c (0xce3f2c23) mem 0x8000c000 0x00000001
core   0: 0x8000b310 (0xff9ff06f) j       pc - 0x8
core   0: 3 0x8000b310 (0xff9ff06f)
core   0: 0x8000b308 (0x00001f17) auipc   t5, 0x1
core   0: 3 0x8000b308 (0x00001f17) x30 0x8000c308
core   0: 0x8000b30c (0xce3f2c23) sw      gp, -776(t5)
core   0: 3 0x8000b30c (0xce3f2c23) mem 0x8000c000 0x00000001
core   0: 0x8000b310 (0xff9ff06f) j       pc - 0x8
core   0: 3 0x8000b310 (0xff9ff06f)
core   0: 0x8000b308 (0x00001f17) auipc   t5, 0x1
core   0: 3 0x8000b308 (0x00001f17) x30 0x8000c308
core   0: 0x8000b30c (0xce3f2c23) sw      gp, -776(t5)
core   0: 3 0x8000b30c (0xce3f2c23) mem 0x8000c000 0x00000001
core   0: 0x8000b310 (0xff9ff06f) j       pc - 0x8
core   0: 3 0x8000b310 (0xff9ff06f)
core   0: 0x8000b308 (0x00001f17) auipc   t5, 0x1
core   0: 3 0x8000b308 (0x00001f17) x30 0x8000c308
core   0: 0x8000b30c (0xce3f2c23) sw      gp, -776(t5)
core   0: 3 0x8000b30c (0xce3f2c23) mem 0x8000c000 0x00000001
core   0: 0x8000b310 (0xff9ff06f) j       pc - 0x8
core   0: 3 0x8000b310 (0xff9ff06f)
core   0: 0x8000b308 (0x00001f17) auipc   t5, 0x1
core   0: 3 0x8000b308 (0x00001f17) x30 0x8000c308
core   0: 0x8000b30c (0xce3f2c23) sw      gp, -776(t5)
core   0: 3 0x8000b30c (0xce3f2c23) mem 0x8000c000 0x00000001
core   0: 0x8000b310 (0xff9ff06f) j       pc - 0x8
core   0: 3 0x8000b310 (0xff9ff06f)
core   0: 0x8000b308 (0x00001f17) auipc   t5, 0x1
core   0: 3 0x8000b308 (0x00001f17) x30 0x8000c308
core   0: 0x8000b30c (0xce3f2c23) sw      gp, -776(t5)
core   0: 3 0x8000b30c (0xce3f2c23) mem 0x8000c000 0x00000001
core   0: 0x8000b310 (0xff9ff06f) j       pc - 0x8
core   0: 3 0x8000b310 (0xff9ff06f)
core   0: 0x8000b308 (0x00001f17) auipc   t5, 0x1
core   0: 3 0x8000b308 (0x00001f17) x30 0x8000c308
core   0: 0x8000b30c (0xce3f2c23) sw      gp, -776(t5)
core   0: 3 0x8000b30c (0xce3f2c23) mem 0x8000c000 0x00000001
core   0: 0x8000b310 (0xff9ff06f) j       pc - 0x8
core   0: 3 0x8000b310 (0xff9ff06f)
core   0: 0x8000b308 (0x00001f17) auipc   t5, 0x1
core   0: 3 0x8000b308 (0x00001f17) x30 0x8000c308
core   0: 0x8000b30c (0xce3f2c23) sw      gp, -776(t5)
core   0: 3 0x8000b30c (0xce3f2c23) mem 0x8000c000 0x00000001
core   0: 0x8000b310 (0xff9ff06f) j       pc - 0x8
core   0: 3 0x8000b310 (0xff9ff06f)
core   0: 0x8000b308 (0x00001f17) auipc   t5, 0x1
core   0: 3 0x8000b308 (0x00001f17) x30 0x8000c308
core   0: 0x8000b30c (0xce3f2c23) sw      gp, -776(t5)
core   0: 3 0x8000b30c (0xce3f2c23) mem 0x8000c000 0x00000001
core   0: 0x8000b310 (0xff9ff06f) j       pc - 0x8
core   0: 3 0x8000b310 (0xff9ff06f)
core   0: 0x8000b308 (0x00001f17) auipc   t5, 0x1
core   0: 3 0x8000b308 (0x00001f17) x30 0x8000c308
core   0: 0x8000b30c (0xce3f2c23) sw      gp, -776(t5)
core   0: 3 0x8000b30c (0xce3f2c23) mem 0x8000c000 0x00000001
core   0: 0x8000b310 (0xff9ff06f) j       pc - 0x8
core   0: 3 0x8000b310 (0xff9ff06f)
core   0: 0x8000b308 (0x00001f17) auipc   t5, 0x1
core   0: 3 0x8000b308 (0x00001f17) x30 0x8000c308
core   0: 0x8000b30c (0xce3f2c23) sw      gp, -776(t5)
core   0: 3 0x8000b30c (0xce3f2c23) mem 0x8000c000 0x00000001
core   0: 0x8000b310 (0xff9ff06f) j       pc - 0x8
core   0: 3 0x8000b310 (0xff9ff06f)
core   0: 0x8000b308 (0x00001f17) auipc   t5, 0x1
core   0: 3 0x8000b308 (0x00001f17) x30 0x8000c308
core   0: 0x8000b30c (0xce3f2c23) sw      gp, -776(t5)
core   0: 3 0x8000b30c (0xce3f2c23) mem 0x8000c000 0x00000001
core   0: 0x8000b310 (0xff9ff06f) j       pc - 0x8
core   0: 3 0x8000b310 (0xff9ff06f)
core   0: 0x8000b308 (0x00001f17) auipc   t5, 0x1
core   0: 3 0x8000b308 (0x00001f17) x30 0x8000c308
core   0: 0x8000b30c (0xce3f2c23) sw      gp, -776(t5)
core   0: 3 0x8000b30c (0xce3f2c23) mem 0x8000c000 0x00000001
core   0: 0x8000b310 (0xff9ff06f) j       pc - 0x8
core   0: 3 0x8000b310 (0xff9ff06f)
core   0: 0x8000b308 (0x00001f17) auipc   t5, 0x1
core   0: 3 0x8000b308 (0x00001f17) x30 0x8000c308
core   0: 0x8000b30c (0xce3f2c23) sw      gp, -776(t5)
core   0: 3 0x8000b30c (0xce3f2c23) mem 0x8000c000 0x00000001
core   0: 0x8000b310 (0xff9ff06f) j       pc - 0x8
core   0: 3 0x8000b310 (0xff9ff06f)
core   0: 0x8000b308 (0x00001f17) auipc   t5, 0x1
core   0: 3 0x8000b308 (0x00001f17) x30 0x8000c308
core   0: 0x8000b30c (0xce3f2c23) sw      gp, -776(t5)
core   0: 3 0x8000b30c (0xce3f2c23) mem 0x8000c000 0x00000001
core   0: 0x8000b310 (0xff9ff06f) j       pc - 0x8
core   0: 3 0x8000b310 (0xff9ff06f)
core   0: 0x8000b308 (0x00001f17) auipc   t5, 0x1
core   0: 3 0x8000b308 (0x00001f17) x30 0x8000c308
core   0: 0x8000b30c (0xce3f2c23) sw      gp, -776(t5)
core   0: 3 0x8000b30c (0xce3f2c23) mem 0x8000c000 0x00000001
core   0: 0x8000b310 (0xff9ff06f) j       pc - 0x8
core   0: 3 0x8000b310 (0xff9ff06f)
core   0: 0x8000b308 (0x00001f17) auipc   t5, 0x1
core   0: 3 0x8000b308 (0x00001f17) x30 0x8000c308
core   0: 0x8000b30c (0xce3f2c23) sw      gp, -776(t5)
core   0: 3 0x8000b30c (0xce3f2c23) mem 0x8000c000 0x00000001
core   0: 0x8000b310 (0xff9ff06f) j       pc - 0x8
core   0: 3 0x8000b310 (0xff9ff06f)
core   0: 0x8000b308 (0x00001f17) auipc   t5, 0x1
core   0: 3 0x8000b308 (0x00001f17) x30 0x8000c308
core   0: 0x8000b30c (0xce3f2c23) sw      gp, -776(t5)
core   0: 3 0x8000b30c (0xce3f2c23) mem 0x8000c000 0x00000001
core   0: 0x8000b310 (0xff9ff06f) j       pc - 0x8
core   0: 3 0x8000b310 (0xff9ff06f)
core   0: 0x8000b308 (0x00001f17) auipc   t5, 0x1
core   0: 3 0x8000b308 (0x00001f17) x30 0x8000c308
core   0: 0x8000b30c (0xce3f2c23) sw      gp, -776(t5)
core   0: 3 0x8000b30c (0xce3f2c23) mem 0x8000c000 0x00000001
core   0: 0x8000b310 (0xff9ff06f) j       pc - 0x8
core   0: 3 0x8000b310 (0xff9ff06f)
core   0: 0x8000b308 (0x00001f17) auipc   t5, 0x1
core   0: 3 0x8000b308 (0x00001f17) x30 0x8000c308
core   0: 0x8000b30c (0xce3f2c23) sw      gp, -776(t5)
core   0: 3 0x8000b30c (0xce3f2c23) mem 0x8000c000 0x00000001
core   0: 0x8000b310 (0xff9ff06f) j       pc - 0x8
core   0: 3 0x8000b310 (0xff9ff06f)
core   0: 0x8000b308 (0x00001f17) auipc   t5, 0x1
core   0: 3 0x8000b308 (0x00001f17) x30 0x8000c308
core   0: 0x8000b30c (0xce3f2c23) sw      gp, -776(t5)
core   0: 3 0x8000b30c (0xce3f2c23) mem 0x8000c000 0x00000001
core   0: 0x8000b310 (0xff9ff06f) j       pc - 0x8
core   0: 3 0x8000b310 (0xff9ff06f)
core   0: 0x8000b308 (0x00001f17) auipc   t5, 0x1
core   0: 3 0x8000b308 (0x00001f17) x30 0x8000c308
core   0: 0x8000b30c (0xce3f2c23) sw      gp, -776(t5)
core   0: 3 0x8000b30c (0xce3f2c23) mem 0x8000c000 0x00000001
core   0: 0x8000b310 (0xff9ff06f) j       pc - 0x8
core   0: 3 0x8000b310 (0xff9ff06f)
core   0: 0x8000b308 (0x00001f17) auipc   t5, 0x1
core   0: 3 0x8000b308 (0x00001f17) x30 0x8000c308
core   0: 0x8000b30c (0xce3f2c23) sw      gp, -776(t5)
core   0: 3 0x8000b30c (0xce3f2c23) mem 0x8000c000 0x00000001
core   0: 0x8000b310 (0xff9ff06f) j       pc - 0x8
core   0: 3 0x8000b310 (0xff9ff06f)
core   0: 0x8000b308 (0x00001f17) auipc   t5, 0x1
core   0: 3 0x8000b308 (0x00001f17) x30 0x8000c308
core   0: 0x8000b30c (0xce3f2c23) sw      gp, -776(t5)
core   0: 3 0x8000b30c (0xce3f2c23) mem 0x8000c000 0x00000001
core   0: 0x8000b310 (0xff9ff06f) j       pc - 0x8
core   0: 3 0x8000b310 (0xff9ff06f)
core   0: 0x8000b308 (0x00001f17) auipc   t5, 0x1
core   0: 3 0x8000b308 (0x00001f17) x30 0x8000c308
core   0: 0x8000b30c (0xce3f2c23) sw      gp, -776(t5)
core   0: 3 0x8000b30c (0xce3f2c23) mem 0x8000c000 0x00000001
core   0: 0x8000b310 (0xff9ff06f) j       pc - 0x8
core   0: 3 0x8000b310 (0xff9ff06f)
core   0: 0x8000b308 (0x00001f17) auipc   t5, 0x1
core   0: 3 0x8000b308 (0x00001f17) x30 0x8000c308
core   0: 0x8000b30c (0xce3f2c23) sw      gp, -776(t5)
core   0: 3 0x8000b30c (0xce3f2c23) mem 0x8000c000 0x00000001
core   0: 0x8000b310 (0xff9ff06f) j       pc - 0x8
core   0: 3 0x8000b310 (0xff9ff06f)
core   0: 0x8000b308 (0x00001f17) auipc   t5, 0x1
core   0: 3 0x8000b308 (0x00001f17) x30 0x8000c308
core   0: 0x8000b30c (0xce3f2c23) sw      gp, -776(t5)
core   0: 3 0x8000b30c (0xce3f2c23) mem 0x8000c000 0x00000001
core   0: 0x8000b310 (0xff9ff06f) j       pc - 0x8
core   0: 3 0x8000b310 (0xff9ff06f)
core   0: 0x8000b308 (0x00001f17) auipc   t5, 0x1
core   0: 3 0x8000b308 (0x00001f17) x30 0x8000c308
core   0: 0x8000b30c (0xce3f2c23) sw      gp, -776(t5)
core   0: 3 0x8000b30c (0xce3f2c23) mem 0x8000c000 0x00000001
core   0: 0x8000b310 (0xff9ff06f) j       pc - 0x8
core   0: 3 0x8000b310 (0xff9ff06f)
core   0: 0x8000b308 (0x00001f17) auipc   t5, 0x1
core   0: 3 0x8000b308 (0x00001f17) x30 0x8000c308
core   0: 0x8000b30c (0xce3f2c23) sw      gp, -776(t5)
core   0: 3 0x8000b30c (0xce3f2c23) mem 0x8000c000 0x00000001
core   0: 0x8000b310 (0xff9ff06f) j       pc - 0x8
core   0: 3 0x8000b310 (0xff9ff06f)
core   0: 0x8000b308 (0x00001f17) auipc   t5, 0x1
core   0: 3 0x8000b308 (0x00001f17) x30 0x8000c308
core   0: 0x8000b30c (0xce3f2c23) sw      gp, -776(t5)
core   0: 3 0x8000b30c (0xce3f2c23) mem 0x8000c000 0x00000001
core   0: 0x8000b310 (0xff9ff06f) j       pc - 0x8
core   0: 3 0x8000b310 (0xff9ff06f)
core   0: 0x8000b308 (0x00001f17) auipc   t5, 0x1
core   0: 3 0x8000b308 (0x00001f17) x30 0x8000c308
core   0: 0x8000b30c (0xce3f2c23) sw      gp, -776(t5)
core   0: 3 0x8000b30c (0xce3f2c23) mem 0x8000c000 0x00000001
core   0: 0x8000b310 (0xff9ff06f) j       pc - 0x8
core   0: 3 0x8000b310 (0xff9ff06f)
core   0: 0x8000b308 (0x00001f17) auipc   t5, 0x1
core   0: 3 0x8000b308 (0x00001f17) x30 0x8000c308
core   0: 0x8000b30c (0xce3f2c23) sw      gp, -776(t5)
core   0: 3 0x8000b30c (0xce3f2c23) mem 0x8000c000 0x00000001
core   0: 0x8000b310 (0xff9ff06f) j       pc - 0x8
core   0: 3 0x8000b310 (0xff9ff06f)
core   0: 0x8000b308 (0x00001f17) auipc   t5, 0x1
core   0: 3 0x8000b308 (0x00001f17) x30 0x8000c308
core   0: 0x8000b30c (0xce3f2c23) sw      gp, -776(t5)
core   0: 3 0x8000b30c (0xce3f2c23) mem 0x8000c000 0x00000001
core   0: 0x8000b310 (0xff9ff06f) j       pc - 0x8
core   0: 3 0x8000b310 (0xff9ff06f)
core   0: 0x8000b308 (0x00001f17) auipc   t5, 0x1
core   0: 3 0x8000b308 (0x00001f17) x30 0x8000c308
core   0: 0x8000b30c (0xce3f2c23) sw      gp, -776(t5)
core   0: 3 0x8000b30c (0xce3f2c23) mem 0x8000c000 0x00000001
core   0: 0x8000b310 (0xff9ff06f) j       pc - 0x8
core   0: 3 0x8000b310 (0xff9ff06f)
core   0: 0x8000b308 (0x00001f17) auipc   t5, 0x1
core   0: 3 0x8000b308 (0x00001f17) x30 0x8000c308
core   0: 0x8000b30c (0xce3f2c23) sw      gp, -776(t5)
core   0: 3 0x8000b30c (0xce3f2c23) mem 0x8000c000 0x00000001
core   0: 0x8000b310 (0xff9ff06f) j       pc - 0x8
core   0: 3 0x8000b310 (0xff9ff06f)
core   0: 0x8000b308 (0x00001f17) auipc   t5, 0x1
core   0: 3 0x8000b308 (0x00001f17) x30 0x8000c308
core   0: 0x8000b30c (0xce3f2c23) sw      gp, -776(t5)
core   0: 3 0x8000b30c (0xce3f2c23) mem 0x8000c000 0x00000001
core   0: 0x8000b310 (0xff9ff06f) j       pc - 0x8
core   0: 3 0x8000b310 (0xff9ff06f)
core   0: 0x8000b308 (0x00001f17) auipc   t5, 0x1
core   0: 3 0x8000b308 (0x00001f17) x30 0x8000c308
core   0: 0x8000b30c (0xce3f2c23) sw      gp, -776(t5)
core   0: 3 0x8000b30c (0xce3f2c23) mem 0x8000c000 0x00000001
core   0: 0x8000b310 (0xff9ff06f) j       pc - 0x8
core   0: 3 0x8000b310 (0xff9ff06f)
core   0: 0x8000b308 (0x00001f17) auipc   t5, 0x1
core   0: 3 0x8000b308 (0x00001f17) x30 0x8000c308
core   0: 0x8000b30c (0xce3f2c23) sw      gp, -776(t5)
core   0: 3 0x8000b30c (0xce3f2c23) mem 0x8000c000 0x00000001
