core   0: 0x00001000 (0x00000297) auipc   t0, 0x0
core   0: 3 0x00001000 (0x00000297) x 5 0x00001000
core   0: 0x00001004 (0x02028593) addi    a1, t0, 32
core   0: 3 0x00001004 (0x02028593) x11 0x00001020
core   0: 0x00001008 (0xf1402573) csrr    a0, mhartid
core   0: 3 0x00001008 (0xf1402573) x10 0x00000000
core   0: 0x0000100c (0x0182a283) lw      t0, 24(t0)
core   0: 3 0x0000100c (0x0182a283) x 5 0x80000000 mem 0x00001018
core   0: 0x00001010 (0x00028067) jr      t0
core   0: 3 0x00001010 (0x00028067)
core   0: 0x80000000 (0xf14022f3) csrr    t0, mhartid
core   0: 3 0x80000000 (0xf14022f3) x 5 0x00000000
core   0: 0x80000004 (0x00000313) li      t1, 0
core   0: 3 0x80000004 (0x00000313) x 6 0x00000000
core   0: 0x80000008 (0x00628263) beq     t0, t1, pc + 4
core   0: 3 0x80000008 (0x00628263)
core   0: 0x8000000c (0x00000b17) auipc   s6, 0x0
core   0: 3 0x8000000c (0x00000b17) x22 0x8000000c
core   0: 0x80000010 (0x00cb0b13) addi    s6, s6, 12
core   0: 3 0x80000010 (0x00cb0b13) x22 0x80000018
core   0: 0x80000014 (0x000b0067) jr      s6
core   0: 3 0x80000014 (0x000b0067)
core   0: 0x80000018 (0x400002b7) lui     t0, 0x40000
core   0: 3 0x80000018 (0x400002b7) x 5 0x40000000
core   0: 0x8000001c (0x10028293) addi    t0, t0, 256
core   0: 3 0x8000001c (0x10028293) x 5 0x40000100
core   0: 0x80000020 (0x30129073) csrw    misa, t0
core   0: 3 0x80000020 (0x30129073) c769_misa 0x40140100
core   0: 0x80000024 (0x0002f597) auipc   a1, 0x2f
core   0: 3 0x80000024 (0x0002f597) x11 0x8002f024
core   0: 0x80000028 (0xcc058593) addi    a1, a1, -832
core   0: 3 0x80000028 (0xcc058593) x11 0x8002ece4
core   0: 0x8000002c (0x00014297) auipc   t0, 0x14
core   0: 3 0x8000002c (0x00014297) x 5 0x8001402c
core   0: 0x80000030 (0x24428293) addi    t0, t0, 580
core   0: 3 0x80000030 (0x24428293) x 5 0x80014270
core   0: 0x80000034 (0x0012e293) ori     t0, t0, 1
core   0: 3 0x80000034 (0x0012e293) x 5 0x80014271
core   0: 0x80000038 (0x30529073) csrw    mtvec, t0
core   0: 3 0x80000038 (0x30529073) c773_mtvec 0x80014271
core   0: 0x8000003c (0x00000297) auipc   t0, 0x0
core   0: 3 0x8000003c (0x00000297) x 5 0x8000003c
core   0: 0x80000040 (0x02828293) addi    t0, t0, 40
core   0: 3 0x80000040 (0x02828293) x 5 0x80000064
core   0: 0x80000044 (0x34129073) csrw    mepc, t0
core   0: 3 0x80000044 (0x34129073) c833_mepc 0x80000064
core   0: 0x80000048 (0x00000013) nop
core   0: 3 0x80000048 (0x00000013)
core   0: 0x8000004c (0x000022b7) lui     t0, 0x2
core   0: 3 0x8000004c (0x000022b7) x 5 0x00002000
core   0: 0x80000050 (0x80028293) addi    t0, t0, -2048
core   0: 3 0x80000050 (0x80028293) x 5 0x00001800
core   0: 0x80000054 (0x30029073) csrw    mstatus, t0
core   0: 3 0x80000054 (0x30029073) c768_mstatus 0x00001800
core   0: 0x80000058 (0x00000293) li      t0, 0
core   0: 3 0x80000058 (0x00000293) x 5 0x00000000
core   0: 0x8000005c (0x30429073) csrw    mie, t0
core   0: 3 0x8000005c (0x30429073) c772_mie 0x00000000
core   0: 0x80000060 (0x30200073) mret
core   0: 3 0x80000060 (0x30200073) c768_mstatus 0x00000080
core   0: >>>>  init
core   0: 0x80000064 (0x00900013) li      zero, 9
core   0: 3 0x80000064 (0x00900013)
core   0: 0x80000068 (0x00e00093) li      ra, 14
core   0: 3 0x80000068 (0x00e00093) x 1 0x0000000e
core   0: 0x8000006c (0x00200193) li      gp, 2
core   0: 3 0x8000006c (0x00200193) x 3 0x00000002
core   0: 0x80000070 (0x00000213) li      tp, 0
core   0: 3 0x80000070 (0x00000213) x 4 0x00000000
core   0: 0x80000074 (0xf06bb2b7) lui     t0, 0xf06bb
core   0: 3 0x80000074 (0xf06bb2b7) x 5 0xf06bb000
core   0: 0x80000078 (0x42028293) addi    t0, t0, 1056
core   0: 3 0x80000078 (0x42028293) x 5 0xf06bb420
core   0: 0x8000007c (0xff778337) lui     t1, 0xff778
core   0: 3 0x8000007c (0xff778337) x 6 0xff778000
core   0: 0x80000080 (0xffe30313) addi    t1, t1, -2
core   0: 3 0x80000080 (0xffe30313) x 6 0xff777ffe
core   0: 0x80000084 (0x800003b7) lui     t2, 0x80000
core   0: 3 0x80000084 (0x800003b7) x 7 0x80000000
core   0: 0x80000088 (0x00b00413) li      s0, 11
core   0: 3 0x80000088 (0x00b00413) x 8 0x0000000b
core   0: 0x8000008c (0x00300493) li      s1, 3
core   0: 3 0x8000008c (0x00300493) x 9 0x00000003
core   0: 0x80000090 (0x00d00513) li      a0, 13
core   0: 3 0x80000090 (0x00d00513) x10 0x0000000d
core   0: 0x80000094 (0xfd253637) lui     a2, 0xfd253
core   0: 3 0x80000094 (0xfd253637) x12 0xfd253000
core   0: 0x80000098 (0x05a60613) addi    a2, a2, 90
core   0: 3 0x80000098 (0x05a60613) x12 0xfd25305a
core   0: 0x8000009c (0x282c86b7) lui     a3, 0x282c8
core   0: 3 0x8000009c (0x282c86b7) x13 0x282c8000
core   0: 0x800000a0 (0x56068693) addi    a3, a3, 1376
core   0: 3 0x800000a0 (0x56068693) x13 0x282c8560
core   0: 0x800000a4 (0xb044f737) lui     a4, 0xb044f
core   0: 3 0x800000a4 (0xb044f737) x14 0xb044f000
core   0: 0x800000a8 (0x67070713) addi    a4, a4, 1648
core   0: 3 0x800000a8 (0x67070713) x14 0xb044f670
core   0: 0x800000ac (0xfcfb87b7) lui     a5, 0xfcfb8
core   0: 3 0x800000ac (0xfcfb87b7) x15 0xfcfb8000
core   0: 0x800000b0 (0x75978793) addi    a5, a5, 1881
core   0: 3 0x800000b0 (0x75978793) x15 0xfcfb8759
core   0: 0x800000b4 (0x80000837) lui     a6, 0x80000
core   0: 3 0x800000b4 (0x80000837) x16 0x80000000
core   0: 0x800000b8 (0x800008b7) lui     a7, 0x80000
core   0: 3 0x800000b8 (0x800008b7) x17 0x80000000
core   0: 0x800000bc (0x2e448937) lui     s2, 0x2e448
core   0: 3 0x800000bc (0x2e448937) x18 0x2e448000
core   0: 0x800000c0 (0xf6c90913) addi    s2, s2, -148
core   0: 3 0x800000c0 (0xf6c90913) x18 0x2e447f6c
core   0: 0x800000c4 (0x236809b7) lui     s3, 0x23680
core   0: 3 0x800000c4 (0x236809b7) x19 0x23680000
core   0: 0x800000c8 (0xf5698993) addi    s3, s3, -170
core   0: 3 0x800000c8 (0xf5698993) x19 0x2367ff56
core   0: 0x800000cc (0xfa269a37) lui     s4, 0xfa269
core   0: 3 0x800000cc (0xfa269a37) x20 0xfa269000
core   0: 0x800000d0 (0x634a0a13) addi    s4, s4, 1588
core   0: 3 0x800000d0 (0x634a0a13) x20 0xfa269634
core   0: 0x800000d4 (0x00800a93) li      s5, 8
core   0: 3 0x800000d4 (0x00800a93) x21 0x00000008
core   0: 0x800000d8 (0xfe61cb37) lui     s6, 0xfe61c
core   0: 3 0x800000d8 (0xfe61cb37) x22 0xfe61c000
core   0: 0x800000dc (0xb5cb0b13) addi    s6, s6, -1188
core   0: 3 0x800000dc (0xb5cb0b13) x22 0xfe61bb5c
core   0: 0x800000e0 (0x80000bb7) lui     s7, 0x80000
core   0: 3 0x800000e0 (0x80000bb7) x23 0x80000000
core   0: 0x800000e4 (0x80000c37) lui     s8, 0x80000
core   0: 3 0x800000e4 (0x80000c37) x24 0x80000000
core   0: 0x800000e8 (0x00000c93) li      s9, 0
core   0: 3 0x800000e8 (0x00000c93) x25 0x00000000
core   0: 0x800000ec (0x00f00d13) li      s10, 15
core   0: 3 0x800000ec (0x00f00d13) x26 0x0000000f
core   0: 0x800000f0 (0xf6924db7) lui     s11, 0xf6924
core   0: 3 0x800000f0 (0xf6924db7) x27 0xf6924000
core   0: 0x800000f4 (0x3cdd8d93) addi    s11, s11, 973
core   0: 3 0x800000f4 (0x3cdd8d93) x27 0xf69243cd
core   0: 0x800000f8 (0x320f0e37) lui     t3, 0x320f0
core   0: 3 0x800000f8 (0x320f0e37) x28 0x320f0000
core   0: 0x800000fc (0x374e0e13) addi    t3, t3, 884
core   0: 3 0x800000fc (0x374e0e13) x28 0x320f0374
core   0: 0x80000100 (0x00000e93) li      t4, 0
core   0: 3 0x80000100 (0x00000e93) x29 0x00000000
core   0: 0x80000104 (0xfcafff37) lui     t5, 0xfcaff
core   0: 3 0x80000104 (0xfcafff37) x30 0xfcaff000
core   0: 0x80000108 (0xdf9f0f13) addi    t5, t5, -519
core   0: 3 0x80000108 (0xdf9f0f13) x30 0xfcafedf9
core   0: 0x8000010c (0x7973bfb7) lui     t6, 0x7973b
core   0: 3 0x8000010c (0x7973bfb7) x31 0x7973b000
core   0: 0x80000110 (0x402f8f93) addi    t6, t6, 1026
core   0: 3 0x80000110 (0x402f8f93) x31 0x7973b402
core   0: 0x80000114 (0x0002b117) auipc   sp, 0x2b
core   0: 3 0x80000114 (0x0002b117) x 2 0x8002b114
core   0: 0x80000118 (0xd5010113) addi    sp, sp, -688
core   0: 3 0x80000118 (0xd5010113) x 2 0x8002ae64
core   0: 0x8000011c (0x00016317) auipc   t1, 0x16
core   0: 3 0x8000011c (0x00016317) x 6 0x8001611c
core   0: 0x80000120 (0xf1430313) addi    t1, t1, -236
core   0: 3 0x80000120 (0xf1430313) x 6 0x80016030
core   0: 0x80000124 (0x88bdf513) andi    a0, s11, -1909
core   0: 3 0x80000124 (0x88bdf513) x10 0xf6924089
core   0: 0x80000128 (0x00b34d03) lbu     s10, 11(t1)
core   0: 3 0x80000128 (0x00b34d03) x26 0x000000ca mem 0x8001603b
core   0: 0x8000012c (0xff635003) lhu     zero, -10(t1)
core   0: 3 0x8000012c (0xff635003) mem 0x80016026
core   0: 0x80000130 (0xe7722517) auipc   a0, 0xe7722
core   0: 3 0x80000130 (0xe7722517) x10 0x67722130
core   0: 0x80000134 (0xff930da3) sb      s9, -5(t1)
core   0: 3 0x80000134 (0xff930da3) mem 0x8001602b 0x0
core   0: 0x80000138 (0x00e64f33) xor     t5, a2, a4
core   0: 3 0x80000138 (0x00e64f33) x30 0x4d61c62a
core   0: 0x8000013c (0x00634e83) lbu     t4, 6(t1)
core   0: 3 0x8000013c (0x00634e83) x29 0x000000b1 mem 0x80016036
core   0: 0x80000140 (0xff431003) lh      zero, -12(t1)
core   0: 3 0x80000140 (0xff431003) mem 0x80016024
core   0: 0x80000144 (0xff7308a3) sb      s7, -15(t1)
core   0: 3 0x80000144 (0xff7308a3) mem 0x80016021 0x0
core   0: 0x80000148 (0xffa34a83) lbu     s5, -6(t1)
core   0: 3 0x80000148 (0xffa34a83) x21 0x000000f2 mem 0x8001602a
core   0: 0x8000014c (0x0021f633) and     a2, gp, sp
core   0: 3 0x8000014c (0x0021f633) x12 0x00000000
core   0: 0x80000150 (0x013ed533) srl     a0, t4, s3
core   0: 3 0x80000150 (0x013ed533) x10 0x00000000
core   0: 0x80000154 (0xffd34403) lbu     s0, -3(t1)
core   0: 3 0x80000154 (0xffd34403) x 8 0x00000083 mem 0x8001602d
core   0: 0x80000158 (0xfe231f23) sh      sp, -2(t1)
core   0: 3 0x80000158 (0xfe231f23) mem 0x8001602e 0xae64
core   0: 0x8000015c (0x0028e4b3) or      s1, a7, sp
core   0: 3 0x8000015c (0x0028e4b3) x 9 0x8002ae64
core   0: 0x80000160 (0xff330503) lb      a0, -13(t1)
core   0: 3 0x80000160 (0xff330503) x10 0xffffffe6 mem 0x80016023
core   0: 0x80000164 (0x013305a3) sb      s3, 11(t1)
core   0: 3 0x80000164 (0x013305a3) mem 0x8001603b 0x56
core   0: 0x80000168 (0x00a35503) lhu     a0, 10(t1)
core   0: 3 0x80000168 (0x00a35503) x10 0x00005665 mem 0x8001603a
core   0: 0x8000016c (0xffc31f03) lh      t5, -4(t1)
core   0: 3 0x8000016c (0xffc31f03) x30 0xffff8388 mem 0x8001602c
core   0: 0x80000170 (0x00130183) lb      gp, 1(t1)
core   0: 3 0x80000170 (0x00130183) x 3 0xffffffb5 mem 0x80016031
core   0: 0x80000174 (0x0415be93) sltiu   t4, a1, 65
core   0: 3 0x80000174 (0x0415be93) x29 0x00000000
core   0: 0x80000178 (0x41125693) srai    a3, tp, 17
core   0: 3 0x80000178 (0x41125693) x13 0x00000000
core   0: 0x8000017c (0x47337b93) andi    s7, t1, 1139
core   0: 3 0x8000017c (0x47337b93) x23 0x00000030
core   0: 0x80000180 (0xff834603) lbu     a2, -8(t1)
core   0: 3 0x80000180 (0xff834603) x12 0x00000009 mem 0x80016028
core   0: 0x80000184 (0xff334383) lbu     t2, -13(t1)
core   0: 3 0x80000184 (0xff334383) x 7 0x000000e6 mem 0x80016023
core   0: 0x80000188 (0xffd30b83) lb      s7, -3(t1)
core   0: 3 0x80000188 (0xffd30b83) x23 0xffffff83 mem 0x8001602d
core   0: 0x8000018c (0xffd30783) lb      a5, -3(t1)
core   0: 3 0x8000018c (0xffd30783) x15 0xffffff83 mem 0x8001602d
core   0: 0x80000190 (0xfec30fa3) sb      a2, -1(t1)
core   0: 3 0x80000190 (0xfec30fa3) mem 0x8001602f 0x9
core   0: 0x80000194 (0x6d480913) addi    s2, a6, 1748
core   0: 3 0x80000194 (0x6d480913) x18 0x800006d4
core   0: 0x80000198 (0xff934e83) lbu     t4, -7(t1)
core   0: 3 0x80000198 (0xff934e83) x29 0x00000015 mem 0x80016029
core   0: 0x8000019c (0x017c9f33) sll     t5, s9, s7
core   0: 3 0x8000019c (0x017c9f33) x30 0x00000000
core   0: 0x800001a0 (0xffc34503) lbu     a0, -4(t1)
core   0: 3 0x800001a0 (0xffc34503) x10 0x00000088 mem 0x8001602c
core   0: 0x800001a4 (0xdd452913) slti    s2, a0, -556
core   0: 3 0x800001a4 (0xdd452913) x18 0x00000000
core   0: 0x800001a8 (0x2acf7a93) andi    s5, t5, 684
core   0: 3 0x800001a8 (0x2acf7a93) x21 0x00000000
core   0: 0x800001ac (0xe6d20a13) addi    s4, tp, -403
core   0: 3 0x800001ac (0xe6d20a13) x20 0xfffffe6d
core   0: 0x800001b0 (0xfe331923) sh      gp, -14(t1)
core   0: 3 0x800001b0 (0xfe331923) mem 0x80016022 0xffb5
core   0: 0x800001b4 (0x00e34e03) lbu     t3, 14(t1)
core   0: 3 0x800001b4 (0x00e34e03) x28 0x00000078 mem 0x8001603e
core   0: 0x800001b8 (0x01c32423) sw      t3, 8(t1)
core   0: 3 0x800001b8 (0x01c32423) mem 0x80016038 0x00000078
core   0: 0x800001bc (0x00d34803) lbu     a6, 13(t1)
core   0: 3 0x800001bc (0x00d34803) x16 0x00000092 mem 0x8001603d
core   0: 0x800001c0 (0x01e66a33) or      s4, a2, t5
core   0: 3 0x800001c0 (0x01e66a33) x20 0x00000009
core   0: 0x800001c4 (0xffd34c03) lbu     s8, -3(t1)
core   0: 3 0x800001c4 (0xffd34c03) x24 0x00000083 mem 0x8001602d
core   0: 0x800001c8 (0x00432223) sw      tp, 4(t1)
core   0: 3 0x800001c8 (0x00432223) mem 0x80016034 0x00000000
core   0: 0x800001cc (0x01307533) and     a0, zero, s3
core   0: 3 0x800001cc (0x01307533) x10 0x00000000
core   0: 0x800001d0 (0xffe35903) lhu     s2, -2(t1)
core   0: 3 0x800001d0 (0xffe35903) x18 0x00000964 mem 0x8001602e
core   0: 0x800001d4 (0x00015e17) auipc   t3, 0x15
core   0: 3 0x800001d4 (0x00015e17) x28 0x800151d4
core   0: 0x800001d8 (0x1abe0e13) addi    t3, t3, 427
core   0: 3 0x800001d8 (0x1abe0e13) x28 0x8001537f
core   0: 0x800001dc (0x00de0223) sb      a3, 4(t3)
core   0: 3 0x800001dc (0x00de0223) mem 0x80015383 0x0
core   0: 0x800001e0 (0xfe6e15a3) sh      t1, -21(t3)
core   0: 3 0x800001e0 (0xfe6e15a3) mem 0x8001536a 0x6030
core   0: 0x800001e4 (0xfebe1303) lh      t1, -21(t3)
core   0: 3 0x800001e4 (0xfebe1303) x 6 0x00006030 mem 0x8001536a
core   0: 0x800001e8 (0x406053b3) sra     t2, zero, t1
core   0: 3 0x800001e8 (0x406053b3) x 7 0x00000000
core   0: 0x800001ec (0xfe5e15a3) sh      t0, -21(t3)
core   0: 3 0x800001ec (0xfe5e15a3) mem 0x8001536a 0xb420
core   0: 0x800001f0 (0xfebe5283) lhu     t0, -21(t3)
core   0: 3 0x800001f0 (0xfebe5283) x 5 0x0000b420 mem 0x8001536a
core   0: 0x800001f4 (0x00d4afb3) slt     t6, s1, a3
core   0: 3 0x800001f4 (0x00d4afb3) x31 0x00000001
core   0: 0x800001f8 (0x00fc5213) srli    tp, s8, 15
core   0: 3 0x800001f8 (0x00fc5213) x 4 0x00000000
core   0: 0x800001fc (0x97dbb513) sltiu   a0, s7, -1667
core   0: 3 0x800001fc (0x97dbb513) x10 0x00000000
core   0: 0x80000200 (0xff9e2303) lw      t1, -7(t3)
core   0: 3 0x80000200 (0xff9e2303) x 6 0xa89dba12 mem 0x80015378
core   0: 0x80000204 (0x20e44513) xori    a0, s0, 526
core   0: 3 0x80000204 (0x20e44513) x10 0x0000028d
core   0: 0x80000208 (0x011f9093) slli    ra, t6, 17
core   0: 3 0x80000208 (0x011f9093) x 1 0x00020000
core   0: 0x8000020c (0x039e05a3) sb      s9, 43(t3)
core   0: 3 0x8000020c (0x039e05a3) mem 0x800153aa 0x0
core   0: 0x80000210 (0xfd1e5903) lhu     s2, -47(t3)
core   0: 3 0x80000210 (0xfd1e5903) x18 0x0000228a mem 0x80015350
core   0: 0x80000214 (0xfd6e18a3) sh      s6, -47(t3)
core   0: 3 0x80000214 (0xfd6e18a3) mem 0x80015350 0xbb5c
core   0: 0x80000218 (0xfd1e2783) lw      a5, -47(t3)
core   0: 3 0x80000218 (0xfd1e2783) x15 0x553bbb5c mem 0x80015350
core   0: 0x8000021c (0xfcfe28a3) sw      a5, -47(t3)
core   0: 3 0x8000021c (0xfcfe28a3) mem 0x80015350 0x553bbb5c
core   0: 0x80000220 (0xdec71037) lui     zero, 0xdec71
core   0: 3 0x80000220 (0xdec71037)
core   0: 0x80000224 (0xfd1e4883) lbu     a7, -47(t3)
core   0: 3 0x80000224 (0xfd1e4883) x17 0x0000005c mem 0x80015350
core   0: 0x80000228 (0xfdde18a3) sh      t4, -47(t3)
core   0: 3 0x80000228 (0xfdde18a3) mem 0x80015350 0x0015
core   0: 0x8000022c (0x0001e997) auipc   s3, 0x1e
core   0: 3 0x8000022c (0x0001e997) x19 0x8001e22c
core   0: 0x80000230 (0x53998993) addi    s3, s3, 1337
core   0: 3 0x80000230 (0x53998993) x19 0x8001e765
core   0: 0x80000234 (0x013186b3) add     a3, gp, s3
core   0: 3 0x80000234 (0x013186b3) x13 0x8001e71a
core   0: 0x80000238 (0x0145af33) slt     t5, a1, s4
core   0: 3 0x80000238 (0x0145af33) x30 0x00000001
core   0: 0x8000023c (0x00a98d03) lb      s10, 10(s3)
core   0: 3 0x8000023c (0x00a98d03) x26 0xffffffd6 mem 0x8001e76f
core   0: 0x80000240 (0xff098303) lb      t1, -16(s3)
core   0: 3 0x80000240 (0xff098303) x 6 0x00000057 mem 0x8001e755
core   0: 0x80000244 (0xff299fa3) sh      s2, -1(s3)
core   0: 3 0x80000244 (0xff299fa3) mem 0x8001e764 0x228a
core   0: 0x80000248 (0x00799c03) lh      s8, 7(s3)
core   0: 3 0x80000248 (0x00799c03) x24 0xffffe03b mem 0x8001e76c
core   0: 0x8000024c (0xfe799ba3) sh      t2, -9(s3)
core   0: 3 0x8000024c (0xfe799ba3) mem 0x8001e75c 0x0000
core   0: 0x80000250 (0x0019c883) lbu     a7, 1(s3)
core   0: 3 0x80000250 (0x0019c883) x17 0x00000083 mem 0x8001e766
core   0: 0x80000254 (0xffc9c483) lbu     s1, -4(s3)
core   0: 3 0x80000254 (0xffc9c483) x 9 0x000000ae mem 0x8001e761
core   0: 0x80000258 (0xffc98903) lb      s2, -4(s3)
core   0: 3 0x80000258 (0xffc98903) x18 0xffffffae mem 0x8001e761
core   0: 0x8000025c (0xff59ce03) lbu     t3, -11(s3)
core   0: 3 0x8000025c (0xff59ce03) x28 0x000000b5 mem 0x8001e75a
core   0: 0x80000260 (0x00b9cc83) lbu     s9, 11(s3)
core   0: 3 0x80000260 (0x00b9cc83) x25 0x0000004f mem 0x8001e770
core   0: 0x80000264 (0x0109c083) lbu     ra, 16(s3)
core   0: 3 0x80000264 (0x0109c083) x 1 0x000000e5 mem 0x8001e775
core   0: 0x80000268 (0x00000013) nop
core   0: 3 0x80000268 (0x00000013)
core   0: 0x8000026c (0x7e1b3213) sltiu   tp, s6, 2017
core   0: 3 0x8000026c (0x7e1b3213) x 4 0x00000000
core   0: 0x80000270 (0x00511bb3) sll     s7, sp, t0
core   0: 3 0x80000270 (0x00511bb3) x23 0x8002ae64
core   0: 0x80000274 (0xffb99c83) lh      s9, -5(s3)
core   0: 3 0x80000274 (0xffb99c83) x25 0xffffaefa mem 0x8001e760
core   0: 0x80000278 (0x00015917) auipc   s2, 0x15
core   0: 3 0x80000278 (0x00015917) x18 0x80015278
core   0: 0x8000027c (0x48490913) addi    s2, s2, 1156
core   0: 3 0x8000027c (0x48490913) x18 0x800156fc
core   0: 0x80000280 (0x0ff0000f) fence   iorw,iorw
core   0: 3 0x80000280 (0x0ff0000f)
core   0: 0x80000284 (0x01bbe433) or      s0, s7, s11
core   0: 3 0x80000284 (0x01bbe433) x 8 0xf692efed
core   0: 0x80000288 (0xfe691d03) lh      s10, -26(s2)
core   0: 3 0x80000288 (0xfe691d03) x26 0x00003855 mem 0x800156e2
core   0: 0x8000028c (0x013b9c93) slli    s9, s7, 19
core   0: 3 0x8000028c (0x013b9c93) x25 0x73200000
core   0: 0x80000290 (0x0ff0000f) fence   iorw,iorw
core   0: 3 0x80000290 (0x0ff0000f)
core   0: 0x80000294 (0xfeb901a3) sb      a1, -29(s2)
core   0: 3 0x80000294 (0xfeb901a3) mem 0x800156df 0xe4
core   0: 0x80000298 (0x004c37b3) sltu    a5, s8, tp
core   0: 3 0x80000298 (0x004c37b3) x15 0x00000000
core   0: 0x8000029c (0xffa95f83) lhu     t6, -6(s2)
core   0: 3 0x8000029c (0xffa95f83) x31 0x0000f534 mem 0x800156f6
core   0: 0x800002a0 (0x0d5ea813) slti    a6, t4, 213
core   0: 3 0x800002a0 (0x0d5ea813) x16 0x00000001
core   0: 0x800002a4 (0x92c4a093) slti    ra, s1, -1748
core   0: 3 0x800002a4 (0x92c4a093) x 1 0x00000000
core   0: 0x800002a8 (0x01bda533) slt     a0, s11, s11
core   0: 3 0x800002a8 (0x01bda533) x10 0x00000000
core   0: 0x800002ac (0xfee94283) lbu     t0, -18(s2)
core   0: 3 0x800002ac (0xfee94283) x 5 0x0000003f mem 0x800156ea
core   0: 0x800002b0 (0x01ed81b3) add     gp, s11, t5
core   0: 3 0x800002b0 (0x01ed81b3) x 3 0xf69243ce
core   0: 0x800002b4 (0x8d427e13) andi    t3, tp, -1836
core   0: 3 0x800002b4 (0x8d427e13) x28 0x00000000
core   0: 0x800002b8 (0x01eed513) srli    a0, t4, 30
core   0: 3 0x800002b8 (0x01eed513) x10 0x00000000
core   0: 0x800002bc (0x00190503) lb      a0, 1(s2)
core   0: 3 0x800002bc (0x00190503) x10 0x0000001f mem 0x800156fd
core   0: 0x800002c0 (0x00ae4733) xor     a4, t3, a0
core   0: 3 0x800002c0 (0x00ae4733) x14 0x0000001f
core   0: 0x800002c4 (0x00bafdb3) and     s11, s5, a1
core   0: 3 0x800002c4 (0x00bafdb3) x27 0x00000000
core   0: 0x800002c8 (0x004c9e93) slli    t4, s9, 4
core   0: 3 0x800002c8 (0x004c9e93) x29 0x32000000
core   0: 0x800002cc (0x01d902a3) sb      t4, 5(s2)
core   0: 3 0x800002cc (0x01d902a3) mem 0x80015701 0x0
core   0: 0x800002d0 (0x00000013) nop
core   0: 3 0x800002d0 (0x00000013)
core   0: 0x800002d4 (0x03390303) lb      t1, 51(s2)
core   0: 3 0x800002d4 (0x03390303) x 6 0x00000048 mem 0x8001572f
core   0: 0x800002d8 (0xfd291483) lh      s1, -46(s2)
core   0: 3 0x800002d8 (0xfd291483) x 9 0xfffff41b mem 0x800156ce
core   0: 0x800002dc (0xffb90303) lb      t1, -5(s2)
core   0: 3 0x800002dc (0xffb90303) x 6 0xfffffff5 mem 0x800156f7
core   0: 0x800002e0 (0xff790023) sb      s7, -32(s2)
core   0: 3 0x800002e0 (0xff790023) mem 0x800156dc 0x64
core   0: 0x800002e4 (0x02b90e83) lb      t4, 43(s2)
core   0: 3 0x800002e4 (0x02b90e83) x29 0xffffffaa mem 0x80015727
core   0: 0x800002e8 (0xfdc94283) lbu     t0, -36(s2)
core   0: 3 0x800002e8 (0xfdc94283) x 5 0x000000c0 mem 0x800156d8
core   0: 0x800002ec (0x01f35293) srli    t0, t1, 31
core   0: 3 0x800002ec (0x01f35293) x 5 0x00000001
core   0: 0x800002f0 (0x01b45e13) srli    t3, s0, 27
core   0: 3 0x800002f0 (0x01b45e13) x28 0x0000001e
core   0: 0x800002f4 (0x02a91503) lh      a0, 42(s2)
core   0: 3 0x800002f4 (0x02a91503) x10 0xffffaa36 mem 0x80015726
core   0: 0x800002f8 (0x00ea2cb3) slt     s9, s4, a4
core   0: 3 0x800002f8 (0x00ea2cb3) x25 0x00000001
core   0: 0x800002fc (0x00ab07b3) add     a5, s6, a0
core   0: 3 0x800002fc (0x00ab07b3) x15 0xfe616592
core   0: 0x80000300 (0x00000013) nop
core   0: 3 0x80000300 (0x00000013)
core   0: 0x80000304 (0x02590083) lb      ra, 37(s2)
core   0: 3 0x80000304 (0x02590083) x 1 0xffffff80 mem 0x80015721
core   0: 0x80000308 (0x003900a3) sb      gp, 1(s2)
core   0: 3 0x80000308 (0x003900a3) mem 0x800156fd 0xce
core   0: 0x8000030c (0x00e19fb3) sll     t6, gp, a4
core   0: 3 0x8000030c (0x00e19fb3) x31 0x00000000
core   0: 0x80000310 (0x00894603) lbu     a2, 8(s2)
core   0: 3 0x80000310 (0x00894603) x12 0x0000005b mem 0x80015704
core   0: 0x80000314 (0x0062b033) sltu    zero, t0, t1
core   0: 3 0x80000314 (0x0062b033)
core   0: 0x80000318 (0x41895793) srai    a5, s2, 24
core   0: 3 0x80000318 (0x41895793) x15 0xffffff80
core   0: 0x8000031c (0x00dc94b3) sll     s1, s9, a3
core   0: 3 0x8000031c (0x00dc94b3) x 9 0x04000000
core   0: 0x80000320 (0x0ff0000f) fence   iorw,iorw
core   0: 3 0x80000320 (0x0ff0000f)
core   0: 0x80000324 (0x00a94283) lbu     t0, 10(s2)
core   0: 3 0x80000324 (0x00a94283) x 5 0x0000008f mem 0x80015706
core   0: 0x80000328 (0x03b902a3) sb      s11, 37(s2)
core   0: 3 0x80000328 (0x03b902a3) mem 0x80015721 0x0
core   0: 0x8000032c (0x00015297) auipc   t0, 0x15
core   0: 3 0x8000032c (0x00015297) x 5 0x8001532c
core   0: 0x80000330 (0x11f28293) addi    t0, t0, 287
core   0: 3 0x80000330 (0x11f28293) x 5 0x8001544b
core   0: 0x80000334 (0xff028d03) lb      s10, -16(t0)
core   0: 3 0x80000334 (0xff028d03) x26 0xffffff9d mem 0x8001543b
core   0: 0x80000338 (0xff02c303) lbu     t1, -16(t0)
core   0: 3 0x80000338 (0xff02c303) x 6 0x0000009d mem 0x8001543b
core   0: 0x8000033c (0x0ff0000f) fence   iorw,iorw
core   0: 3 0x8000033c (0x0ff0000f)
core   0: 0x80000340 (0xff02c883) lbu     a7, -16(t0)
core   0: 3 0x80000340 (0xff02c883) x17 0x0000009d mem 0x8001543b
core   0: 0x80000344 (0xff128823) sb      a7, -16(t0)
core   0: 3 0x80000344 (0xff128823) mem 0x8001543b 0x9d
core   0: 0x80000348 (0x00a28023) sb      a0, 0(t0)
core   0: 3 0x80000348 (0x00a28023) mem 0x8001544b 0x36
core   0: 0x8000034c (0x0002c383) lbu     t2, 0(t0)
core   0: 3 0x8000034c (0x0002c383) x 7 0x00000036 mem 0x8001544b
core   0: 0x80000350 (0x00000013) nop
core   0: 3 0x80000350 (0x00000013)
core   0: 0x80000354 (0x00000013) nop
core   0: 3 0x80000354 (0x00000013)
core   0: 0x80000358 (0x00428023) sb      tp, 0(t0)
core   0: 3 0x80000358 (0x00428023) mem 0x8001544b 0x0
core   0: 0x8000035c (0x00e28e83) lb      t4, 14(t0)
core   0: 3 0x8000035c (0x00e28e83) x29 0x00000030 mem 0x80015459
core   0: 0x80000360 (0x41e1dc13) srai    s8, gp, 30
core   0: 3 0x80000360 (0x41e1dc13) x24 0xffffffff
core   0: 0x80000364 (0x00e2c383) lbu     t2, 14(t0)
core   0: 3 0x80000364 (0x00e2c383) x 7 0x00000030 mem 0x80015459
core   0: 0x80000368 (0x0052c603) lbu     a2, 5(t0)
core   0: 3 0x80000368 (0x0052c603) x12 0x000000af mem 0x80015450
core   0: 0x8000036c (0xfef28923) sb      a5, -14(t0)
core   0: 3 0x8000036c (0xfef28923) mem 0x8001543d 0x80
core   0: 0x80000370 (0x00016997) auipc   s3, 0x16
core   0: 3 0x80000370 (0x00016997) x19 0x80016370
core   0: 0x80000374 (0xcb098993) addi    s3, s3, -848
core   0: 3 0x80000374 (0xcb098993) x19 0x80016020
core   0: 0x80000378 (0xffb98303) lb      t1, -5(s3)
core   0: 3 0x80000378 (0xffb98303) x 6 0xffffffdc mem 0x8001601b
core   0: 0x8000037c (0xffe98ea3) sb      t5, -3(s3)
core   0: 3 0x8000037c (0xffe98ea3) mem 0x8001601d 0x1
core   0: 0x80000380 (0xff398683) lb      a3, -13(s3)
core   0: 3 0x80000380 (0xff398683) x13 0xffffff84 mem 0x80016013
core   0: 0x80000384 (0xfff98283) lb      t0, -1(s3)
core   0: 3 0x80000384 (0xfff98283) x 5 0x00000066 mem 0x8001601f
core   0: 0x80000388 (0x00e99183) lh      gp, 14(s3)
core   0: 3 0x80000388 (0x00e99183) x 3 0x00000964 mem 0x8001602e
core   0: 0x8000038c (0xfec9ac23) sw      a2, -8(s3)
core   0: 3 0x8000038c (0xfec9ac23) mem 0x80016018 0x000000af
core   0: 0x80000390 (0xffc9c003) lbu     zero, -4(s3)
core   0: 3 0x80000390 (0xffc9c003) mem 0x8001601c
core   0: 0x80000394 (0xffc9ac03) lw      s8, -4(s3)
core   0: 3 0x80000394 (0xffc9ac03) x24 0x66060131 mem 0x8001601c
core   0: 0x80000398 (0x003fd033) srl     zero, t6, gp
core   0: 3 0x80000398 (0x003fd033)
core   0: 0x8000039c (0x85af4313) xori    t1, t5, -1958
core   0: 3 0x8000039c (0x85af4313) x 6 0xfffff85b
core   0: 0x800003a0 (0xff098f03) lb      t5, -16(s3)
core   0: 3 0x800003a0 (0xff098f03) x30 0xffffff90 mem 0x80016010
core   0: 0x800003a4 (0x00699f03) lh      t5, 6(s3)
core   0: 3 0x800003a4 (0x00699f03) x30 0x00005cf7 mem 0x80016026
core   0: 0x800003a8 (0x0149a423) sw      s4, 8(s3)
core   0: 3 0x800003a8 (0x0149a423) mem 0x80016028 0x00000009
core   0: 0x800003ac (0x00299883) lh      a7, 2(s3)
core   0: 3 0x800003ac (0x00299883) x17 0xffffffb5 mem 0x80016022
core   0: 0x800003b0 (0x0029ce03) lbu     t3, 2(s3)
core   0: 3 0x800003b0 (0x0029ce03) x28 0x000000b5 mem 0x80016022
core   0: 0x800003b4 (0x01398723) sb      s3, 14(s3)
core   0: 3 0x800003b4 (0x01398723) mem 0x8001602e 0x20
core   0: 0x800003b8 (0x01795713) srli    a4, s2, 23
core   0: 3 0x800003b8 (0x01795713) x14 0x00000100
core   0: 0x800003bc (0xff398e03) lb      t3, -13(s3)
core   0: 3 0x800003bc (0xff398e03) x28 0xffffff84 mem 0x80016013
core   0: 0x800003c0 (0x00798d03) lb      s10, 7(s3)
core   0: 3 0x800003c0 (0x00798d03) x26 0x0000005c mem 0x80016027
core   0: 0x800003c4 (0xf4beaa13) slti    s4, t4, -181
core   0: 3 0x800003c4 (0xf4beaa13) x20 0x00000000
core   0: 0x800003c8 (0x00398183) lb      gp, 3(s3)
core   0: 3 0x800003c8 (0x00398183) x 3 0xffffffff mem 0x80016023
core   0: 0x800003cc (0xff79ce83) lbu     t4, -9(s3)
core   0: 3 0x800003cc (0xff79ce83) x29 0x000000de mem 0x80016017
core   0: 0x800003d0 (0x00015f97) auipc   t6, 0x15
core   0: 3 0x800003d0 (0x00015f97) x31 0x800153d0
core   0: 0x800003d4 (0xfb6f8f93) addi    t6, t6, -74
core   0: 3 0x800003d4 (0xfb6f8f93) x31 0x80015386
core   0: 0x800003d8 (0xff4f9a23) sh      s4, -12(t6)
core   0: 3 0x800003d8 (0xff4f9a23) mem 0x8001537a 0x0000
core   0: 0x800003dc (0xff6f9b83) lh      s7, -10(t6)
core   0: 3 0x800003dc (0xff6f9b83) x23 0xffffd889 mem 0x8001537c
core   0: 0x800003e0 (0xffefd503) lhu     a0, -2(t6)
core   0: 3 0x800003e0 (0xffefd503) x10 0x0000ef83 mem 0x80015384
core   0: 0x800003e4 (0x02bf8c23) sb      a1, 56(t6)
core   0: 3 0x800003e4 (0x02bf8c23) mem 0x800153be 0xe4
core   0: 0x800003e8 (0xfdef9503) lh      a0, -34(t6)
core   0: 3 0x800003e8 (0xfdef9503) x10 0xffffa356 mem 0x80015364
core   0: 0x800003ec (0xfecfc003) lbu     zero, -20(t6)
core   0: 3 0x800003ec (0xfecfc003) mem 0x80015372
core   0: 0x800003f0 (0xff9f9423) sh      s9, -24(t6)
core   0: 3 0x800003f0 (0xff9f9423) mem 0x8001536e 0x0001
core   0: 0x800003f4 (0x005aedb3) or      s11, s5, t0
core   0: 3 0x800003f4 (0x005aedb3) x27 0x00000066
core   0: 0x800003f8 (0x00ef8c23) sb      a4, 24(t6)
core   0: 3 0x800003f8 (0x00ef8c23) mem 0x8001539e 0x0
core   0: 0x800003fc (0x03bfc183) lbu     gp, 59(t6)
core   0: 3 0x800003fc (0x03bfc183) x 3 0x0000004b mem 0x800153c1
core   0: 0x80000400 (0x018fdc03) lhu     s8, 24(t6)
core   0: 3 0x80000400 (0x018fdc03) x24 0x00004500 mem 0x8001539e
core   0: 0x80000404 (0x00000013) nop
core   0: 3 0x80000404 (0x00000013)
core   0: 0x80000408 (0x71a20493) addi    s1, tp, 1818
core   0: 3 0x80000408 (0x71a20493) x 9 0x0000071a
core   0: 0x8000040c (0x00a180b3) add     ra, gp, a0
core   0: 3 0x8000040c (0x00a180b3) x 1 0xffffa3a1
core   0: 0x80000410 (0xfdff9923) sh      t6, -46(t6)
core   0: 3 0x80000410 (0xfdff9923) mem 0x80015358 0x5386
core   0: 0x80000414 (0x005c49b3) xor     s3, s8, t0
core   0: 3 0x80000414 (0x005c49b3) x19 0x00004566
core   0: 0x80000418 (0xfcef86a3) sb      a4, -51(t6)
core   0: 3 0x80000418 (0xfcef86a3) mem 0x80015353 0x0
core   0: 0x8000041c (0xff6fa483) lw      s1, -10(t6)
core   0: 3 0x8000041c (0xff6fa483) x 9 0x9d46d889 mem 0x8001537c
core   0: 0x80000420 (0x036f8ca3) sb      s6, 57(t6)
core   0: 3 0x80000420 (0x036f8ca3) mem 0x800153bf 0x5c
core   0: 0x80000424 (0x0165f1b3) and     gp, a1, s6
core   0: 3 0x80000424 (0x0165f1b3) x 3 0x8000a844
core   0: 0x80000428 (0x00000013) nop
core   0: 3 0x80000428 (0x00000013)
core   0: 0x8000042c (0x01133ab3) sltu    s5, t1, a7
core   0: 3 0x8000042c (0x01133ab3) x21 0x00000001
core   0: 0x80000430 (0xffef9823) sh      t5, -16(t6)
core   0: 3 0x80000430 (0xffef9823) mem 0x80015376 0x5cf7
core   0: 0x80000434 (0x000fce03) lbu     t3, 0(t6)
core   0: 3 0x80000434 (0x000fce03) x28 0x000000cf mem 0x80015386
core   0: 0x80000438 (0x1b69bb93) sltiu   s7, s3, 438
core   0: 3 0x80000438 (0x1b69bb93) x23 0x00000000
core   0: 0x8000043c (0x00fca933) slt     s2, s9, a5
core   0: 3 0x8000043c (0x00fca933) x18 0x00000000
core   0: 0x80000440 (0x01e5f333) and     t1, a1, t5
core   0: 3 0x80000440 (0x01e5f333) x 6 0x00004ce4
core   0: 0x80000444 (0xfeefa383) lw      t2, -18(t6)
core   0: 3 0x80000444 (0xfeefa383) x 7 0x5cf75939 mem 0x80015374
core   0: 0x80000448 (0xfe1f8603) lb      a2, -31(t6)
core   0: 3 0x80000448 (0xfe1f8603) x12 0x0000002e mem 0x80015367
core   0: 0x8000044c (0xfe9f8083) lb      ra, -23(t6)
core   0: 3 0x8000044c (0xfe9f8083) x 1 0x00000000 mem 0x8001536f
core   0: 0x80000450 (0x0001f897) auipc   a7, 0x1f
core   0: 3 0x80000450 (0x0001f897) x17 0x8001f450
core   0: 0x80000454 (0x8c588893) addi    a7, a7, -1851
core   0: 3 0x80000454 (0x8c588893) x17 0x8001ed15
core   0: 0x80000458 (0x00021c97) auipc   s9, 0x21
core   0: 3 0x80000458 (0x00021c97) x25 0x80021458
core   0: 0x8000045c (0x50bc8c93) addi    s9, s9, 1291
core   0: 3 0x8000045c (0x50bc8c93) x25 0x80021963
core   0: 0x80000460 (0x06bc84a3) sb      a1, 105(s9)
core   0: 3 0x80000460 (0x06bc84a3) mem 0x800219cc 0xe4
core   0: 0x80000464 (0x0038ab83) lw      s7, 3(a7)
core   0: 3 0x80000464 (0x0038ab83) x23 0x07238a0f mem 0x8001ed18
core   0: 0x80000468 (0xd3dcc083) lbu     ra, -707(s9)
core   0: 3 0x80000468 (0xd3dcc083) x 1 0x0000003e mem 0x800216a0
core   0: 0x8000046c (0xb22c8983) lb      s3, -1246(s9)
core   0: 3 0x8000046c (0xb22c8983) x19 0x00000044 mem 0x80021485
core   0: 0x80000470 (0x0048c403) lbu     s0, 4(a7)
core   0: 3 0x80000470 (0x0048c403) x 8 0x0000008a mem 0x8001ed19
core   0: 0x80000474 (0xff988ca3) sb      s9, -7(a7)
core   0: 3 0x80000474 (0xff988ca3) mem 0x8001ed0e 0x63
core   0: 0x80000478 (0xbc8ccd83) lbu     s11, -1080(s9)
core   0: 3 0x80000478 (0xbc8ccd83) x27 0x0000001e mem 0x8002152b
core   0: 0x8000047c (0xd45caa03) lw      s4, -699(s9)
core   0: 3 0x8000047c (0xd45caa03) x20 0x2cbdc5fb mem 0x800216a8
core   0: 0x80000480 (0xffb88283) lb      t0, -5(a7)
core   0: 3 0x80000480 (0xffb88283) x 5 0x0000000b mem 0x8001ed10
core   0: 0x80000484 (0x01788423) sb      s7, 8(a7)
core   0: 3 0x80000484 (0x01788423) mem 0x8001ed1d 0xf
core   0: 0x80000488 (0x9bbcc183) lbu     gp, -1605(s9)
core   0: 3 0x80000488 (0x9bbcc183) x 3 0x00000043 mem 0x8002131e
core   0: 0x8000048c (0x970cce83) lbu     t4, -1680(s9)
core   0: 3 0x8000048c (0x970cce83) x29 0x00000036 mem 0x800212d3
core   0: 0x80000490 (0xd8accd03) lbu     s10, -630(s9)
core   0: 3 0x80000490 (0xd8accd03) x26 0x00000037 mem 0x800216ed
core   0: 0x80000494 (0xe79cd703) lhu     a4, -391(s9)
core   0: 3 0x80000494 (0xe79cd703) x14 0x0000b121 mem 0x800217dc
core   0: 0x80000498 (0xff08cd83) lbu     s11, -16(a7)
core   0: 3 0x80000498 (0xff08cd83) x27 0x0000004a mem 0x8001ed05
core   0: 0x8000049c (0x6d2c8923) sb      s2, 1746(s9)
core   0: 3 0x8000049c (0x6d2c8923) mem 0x80022035 0x0
core   0: 0x800004a0 (0x0001bd97) auipc   s11, 0x1b
core   0: 3 0x800004a0 (0x0001bd97) x27 0x8001b4a0
core   0: 0x800004a4 (0x8a7d8d93) addi    s11, s11, -1881
core   0: 3 0x800004a4 (0x8a7d8d93) x27 0x8001ad47
core   0: 0x800004a8 (0x41fe8fb3) sub     t6, t4, t6
core   0: 3 0x800004a8 (0x41fe8fb3) x31 0x7ffeacb0
core   0: 0x800004ac (0xfecd8ca3) sb      a2, -7(s11)
core   0: 3 0x800004ac (0xfecd8ca3) mem 0x8001ad40 0x2e
core   0: 0x800004b0 (0x4e8cb713) sltiu   a4, s9, 1256
core   0: 3 0x800004b0 (0x4e8cb713) x14 0x00000000
core   0: 0x800004b4 (0x004c2ab3) slt     s5, s8, tp
core   0: 3 0x800004b4 (0x004c2ab3) x21 0x00000000
core   0: 0x800004b8 (0x010c04b3) add     s1, s8, a6
core   0: 3 0x800004b8 (0x010c04b3) x 9 0x00004501
core   0: 0x800004bc (0x3863fd13) andi    s10, t2, 902
core   0: 3 0x800004bc (0x3863fd13) x26 0x00000100
core   0: 0x800004c0 (0x416eda33) sra     s4, t4, s6
core   0: 3 0x800004c0 (0x416eda33) x20 0x00000000
core   0: 0x800004c4 (0x400e88b3) sub     a7, t4, zero
core   0: 3 0x800004c4 (0x400e88b3) x17 0x00000036
core   0: 0x800004c8 (0xff9d9b83) lh      s7, -7(s11)
core   0: 3 0x800004c8 (0xff9d9b83) x23 0x0000772e mem 0x8001ad40
core   0: 0x800004cc (0x000b4733) xor     a4, s6, zero
core   0: 3 0x800004cc (0x000b4733) x14 0xfe61bb5c
core   0: 0x800004d0 (0xfe1d8923) sb      ra, -14(s11)
core   0: 3 0x800004d0 (0xfe1d8923) mem 0x8001ad39 0x3e
core   0: 0x800004d4 (0x000d8483) lb      s1, 0(s11)
core   0: 3 0x800004d4 (0x000d8483) x 9 0x0000003f mem 0x8001ad47
core   0: 0x800004d8 (0x00b493b3) sll     t2, s1, a1
core   0: 3 0x800004d8 (0x00b493b3) x 7 0x000003f0
core   0: 0x800004dc (0x00f65d33) srl     s10, a2, a5
core   0: 3 0x800004dc (0x00f65d33) x26 0x0000002e
core   0: 0x800004e0 (0x000c5233) srl     tp, s8, zero
core   0: 3 0x800004e0 (0x000c5233) x 4 0x00004500
core   0: 0x800004e4 (0x00693e33) sltu    t3, s2, t1
core   0: 3 0x800004e4 (0x00693e33) x28 0x00000001
core   0: 0x800004e8 (0xb035aab7) lui     s5, 0xb035a
core   0: 3 0x800004e8 (0xb035aab7) x21 0xb035a000
core   0: 0x800004ec (0x404557b3) sra     a5, a0, tp
core   0: 3 0x800004ec (0x404557b3) x15 0xffffa356
core   0: 0x800004f0 (0x00000013) nop
core   0: 3 0x800004f0 (0x00000013)
core   0: 0x800004f4 (0xc47fc197) auipc   gp, 0xc47fc
core   0: 3 0x800004f4 (0xc47fc197) x 3 0x447fc4f4
core   0: 0x800004f8 (0xff8dcf83) lbu     t6, -8(s11)
core   0: 3 0x800004f8 (0xff8dcf83) x31 0x00000036 mem 0x8001ad3f
core   0: 0x800004fc (0x00055cb3) srl     s9, a0, zero
core   0: 3 0x800004fc (0x00055cb3) x25 0xffffa356
core   0: 0x80000500 (0x00ad8a83) lb      s5, 10(s11)
core   0: 3 0x80000500 (0x00ad8a83) x21 0xffffffd6 mem 0x8001ad51
core   0: 0x80000504 (0x00000013) nop
core   0: 3 0x80000504 (0x00000013)
core   0: 0x80000508 (0x0000100f) fence.i
core   0: 3 0x80000508 (0x0000100f)
core   0: 0x8000050c (0x418f5193) srai    gp, t5, 24
core   0: 3 0x8000050c (0x418f5193) x 3 0x00000000
core   0: 0x80000510 (0x0097f6b3) and     a3, a5, s1
core   0: 3 0x80000510 (0x0097f6b3) x13 0x00000016
core   0: 0x80000514 (0x0140d733) srl     a4, ra, s4
core   0: 3 0x80000514 (0x0140d733) x14 0x0000003e
core   0: 0x80000518 (0x00ad8c83) lb      s9, 10(s11)
core   0: 3 0x80000518 (0x00ad8c83) x25 0xffffffd6 mem 0x8001ad51
core   0: 0x8000051c (0xfffd9a03) lh      s4, -1(s11)
core   0: 3 0x8000051c (0xfffd9a03) x20 0x00003f89 mem 0x8001ad46
core   0: 0x80000520 (0xfe2d9da3) sh      sp, -5(s11)
core   0: 3 0x80000520 (0xfe2d9da3) mem 0x8001ad42 0xae64
core   0: 0x80000524 (0x40445333) sra     t1, s0, tp
core   0: 3 0x80000524 (0x40445333) x 6 0x0000008a
core   0: 0x80000528 (0x015d8123) sb      s5, 2(s11)
core   0: 3 0x80000528 (0x015d8123) mem 0x8001ad49 0xd6
core   0: 0x8000052c (0x008d8223) sb      s0, 4(s11)
core   0: 3 0x8000052c (0x008d8223) mem 0x8001ad4b 0x8a
core   0: 0x80000530 (0x01e7f9b3) and     s3, a5, t5
core   0: 3 0x80000530 (0x01e7f9b3) x19 0x00000056
core   0: 0x80000534 (0x0149fa33) and     s4, s3, s4
core   0: 3 0x80000534 (0x0149fa33) x20 0x00000000
core   0: 0x80000538 (0xff7dc283) lbu     t0, -9(s11)
core   0: 3 0x80000538 (0xff7dc283) x 5 0x00000080 mem 0x8001ad3e
core   0: 0x8000053c (0x00022b97) auipc   s7, 0x22
core   0: 3 0x8000053c (0x00022b97) x23 0x8002253c
core   0: 0x80000540 (0xd12b8b93) addi    s7, s7, -750
core   0: 3 0x80000540 (0xd12b8b93) x23 0x8002224e
core   0: 0x80000544 (0x7e2ba903) lw      s2, 2018(s7)
core   0: 3 0x80000544 (0x7e2ba903) x18 0x66a1ad87 mem 0x80022a30
core   0: 0x80000548 (0x00fedd93) srli    s11, t4, 15
core   0: 3 0x80000548 (0x00fedd93) x27 0x00000000
core   0: 0x8000054c (0x006a6db3) or      s11, s4, t1
core   0: 3 0x8000054c (0x006a6db3) x27 0x0000008a
core   0: 0x80000550 (0x354bab23) sw      s4, 854(s7)
core   0: 3 0x80000550 (0x354bab23) mem 0x800225a4 0x00000000
core   0: 0x80000554 (0x00000013) nop
core   0: 3 0x80000554 (0x00000013)
core   0: 0x80000558 (0x0ff0000f) fence   iorw,iorw
core   0: 3 0x80000558 (0x0ff0000f)
core   0: 0x8000055c (0x00e3b6b3) sltu    a3, t2, a4
core   0: 3 0x8000055c (0x00e3b6b3) x13 0x00000000
core   0: 0x80000560 (0x00df6033) or      zero, t5, a3
core   0: 3 0x80000560 (0x00df6033)
core   0: 0x80000564 (0x224fb013) sltiu   zero, t6, 548
core   0: 3 0x80000564 (0x224fb013)
core   0: 0x80000568 (0x4fdd3a93) sltiu   s5, s10, 1277
core   0: 3 0x80000568 (0x4fdd3a93) x21 0x00000001
core   0: 0x8000056c (0x00c77333) and     t1, a4, a2
core   0: 3 0x8000056c (0x00c77333) x 6 0x0000002e
core   0: 0x80000570 (0x01321a13) slli    s4, tp, 19
core   0: 3 0x80000570 (0x01321a13) x20 0x28000000
core   0: 0x80000574 (0xd31bc983) lbu     s3, -719(s7)
core   0: 3 0x80000574 (0xd31bc983) x19 0x000000af mem 0x80021f7f
core   0: 0x80000578 (0x00000013) nop
core   0: 3 0x80000578 (0x00000013)
core   0: 0x8000057c (0x2aab80a3) sb      a0, 673(s7)
core   0: 3 0x8000057c (0x2aab80a3) mem 0x800224ef 0x56
core   0: 0x80000580 (0xa8abd203) lhu     tp, -1398(s7)
core   0: 3 0x80000580 (0xa8abd203) x 4 0x00006949 mem 0x80021cd8
core   0: 0x80000584 (0x975bc283) lbu     t0, -1675(s7)
core   0: 3 0x80000584 (0x975bc283) x 5 0x0000002d mem 0x80021bc3
core   0: 0x80000588 (0x946bd903) lhu     s2, -1722(s7)
core   0: 3 0x80000588 (0x946bd903) x18 0x0000bfc0 mem 0x80021b94
core   0: 0x8000058c (0x01dc0eb3) add     t4, s8, t4
core   0: 3 0x8000058c (0x01dc0eb3) x29 0x00004536
core   0: 0x80000590 (0x9f97bf13) sltiu   t5, a5, -1543
core   0: 3 0x80000590 (0x9f97bf13) x30 0x00000001
core   0: 0x80000594 (0x40865793) srai    a5, a2, 8
core   0: 3 0x80000594 (0x40865793) x15 0x00000000
core   0: 0x80000598 (0x0bab9983) lh      s3, 186(s7)
core   0: 3 0x80000598 (0x0bab9983) x19 0x00006c51 mem 0x80022308
core   0: 0x8000059c (0xcf4bc003) lbu     zero, -780(s7)
core   0: 3 0x8000059c (0xcf4bc003) mem 0x80021f42
core   0: 0x800005a0 (0x01bbad33) slt     s10, s7, s11
core   0: 3 0x800005a0 (0x01bbad33) x26 0x00000001
core   0: 0x800005a4 (0x011f2f33) slt     t5, t5, a7
core   0: 3 0x800005a4 (0x011f2f33) x30 0x00000001
core   0: 0x800005a8 (0x011ae733) or      a4, s5, a7
core   0: 3 0x800005a8 (0x011ae733) x14 0x00000037
core   0: 0x800005ac (0x1e1b8f83) lb      t6, 481(s7)
core   0: 3 0x800005ac (0x1e1b8f83) x31 0xffffffe2 mem 0x8002242f
core   0: 0x800005b0 (0x41bd86b3) sub     a3, s11, s11
core   0: 3 0x800005b0 (0x41bd86b3) x13 0x00000000
core   0: 0x800005b4 (0xad8b8623) sb      s8, -1332(s7)
core   0: 3 0x800005b4 (0xad8b8623) mem 0x80021d1a 0x0
core   0: 0x800005b8 (0x053b9423) sh      s3, 72(s7)
core   0: 3 0x800005b8 (0x053b9423) mem 0x80022296 0x6c51
core   0: 0x800005bc (0x0ff0000f) fence   iorw,iorw
core   0: 3 0x800005bc (0x0ff0000f)
core   0: 0x800005c0 (0x005bfab3) and     s5, s7, t0
core   0: 3 0x800005c0 (0x005bfab3) x21 0x0000000c
core   0: 0x800005c4 (0x01039fb3) sll     t6, t2, a6
core   0: 3 0x800005c4 (0x01039fb3) x31 0x000007e0
core   0: 0x800005c8 (0x8edb8703) lb      a4, -1811(s7)
core   0: 3 0x800005c8 (0x8edb8703) x14 0x00000018 mem 0x80021b3b
core   0: 0x800005cc (0x604bc003) lbu     zero, 1540(s7)
core   0: 3 0x800005cc (0x604bc003) mem 0x80022852
core   0: 0x800005d0 (0x8ccbdc03) lhu     s8, -1844(s7)
core   0: 3 0x800005d0 (0x8ccbdc03) x24 0x000097af mem 0x80021b1a
core   0: 0x800005d4 (0xd89b88a3) sb      s1, -623(s7)
core   0: 3 0x800005d4 (0xd89b88a3) mem 0x80021fdf 0x3f
core   0: 0x800005d8 (0x0000100f) fence.i
core   0: 3 0x800005d8 (0x0000100f)
core   0: 0x800005dc (0x8b4b9803) lh      a6, -1868(s7)
core   0: 3 0x800005dc (0x8b4b9803) x16 0xffffefcd mem 0x80021b02
core   0: 0x800005e0 (0x01110917) auipc   s2, 0x1110
core   0: 3 0x800005e0 (0x01110917) x18 0x811105e0
core   0: 0x800005e4 (0x418753b3) sra     t2, a4, s8
core   0: 3 0x800005e4 (0x418753b3) x 7 0x00000000
core   0: 0x800005e8 (0x48cb82a3) sb      a2, 1157(s7)
core   0: 3 0x800005e8 (0x48cb82a3) mem 0x800226d3 0x2e
core   0: 0x800005ec (0x00015f97) auipc   t6, 0x15
core   0: 3 0x800005ec (0x00015f97) x31 0x800155ec
core   0: 0x800005f0 (0x591f8f93) addi    t6, t6, 1425
core   0: 3 0x800005f0 (0x591f8f93) x31 0x80015b7d
core   0: 0x800005f4 (0x00015d17) auipc   s10, 0x15
core   0: 3 0x800005f4 (0x00015d17) x26 0x800155f4
core   0: 0x800005f8 (0x63ed0d13) addi    s10, s10, 1598
core   0: 3 0x800005f8 (0x63ed0d13) x26 0x80015c32
core   0: 0x800005fc (0x000fc183) lbu     gp, 0(t6)
core   0: 3 0x800005fc (0x000fc183) x 3 0x0000007f mem 0x80015b7d
core   0: 0x80000600 (0x00015a97) auipc   s5, 0x15
core   0: 3 0x80000600 (0x00015a97) x21 0x80015600
core   0: 0x80000604 (0x11da8a93) addi    s5, s5, 285
core   0: 3 0x80000604 (0x11da8a93) x21 0x8001571d
core   0: 0x80000608 (0xff8d1f03) lh      t5, -8(s10)
core   0: 3 0x80000608 (0xff8d1f03) x30 0xfffff4a0 mem 0x80015c2a
core   0: 0x8000060c (0x986a8983) lb      s3, -1658(s5)
core   0: 3 0x8000060c (0x986a8983) x19 0xffffffca mem 0x800150a3
core   0: 0x80000610 (0x00015417) auipc   s0, 0x15
core   0: 3 0x80000610 (0x00015417) x 8 0x80015610
core   0: 0x80000614 (0x4b240413) addi    s0, s0, 1202
core   0: 3 0x80000614 (0x4b240413) x 8 0x80015ac2
core   0: 0x80000618 (0x1caa8783) lb      a5, 458(s5)
core   0: 3 0x80000618 (0x1caa8783) x15 0x00000002 mem 0x800158e7
core   0: 0x8000061c (0x010f8883) lb      a7, 16(t6)
core   0: 3 0x8000061c (0x010f8883) x17 0xffffff9e mem 0x80015b8d
core   0: 0x80000620 (0x01fd00a3) sb      t6, 1(s10)
core   0: 3 0x80000620 (0x01fd00a3) mem 0x80015c33 0x7d
core   0: 0x80000624 (0xff8403a3) sb      s8, -25(s0)
core   0: 3 0x80000624 (0xff8403a3) mem 0x80015aa9 0xaf
core   0: 0x80000628 (0x00645e83) lhu     t4, 6(s0)
core   0: 3 0x80000628 (0x00645e83) x29 0x0000dfca mem 0x80015ac8
core   0: 0x8000062c (0xffbd4203) lbu     tp, -5(s10)
core   0: 3 0x8000062c (0xffbd4203) x 4 0x00000084 mem 0x80015c2d
core   0: 0x80000630 (0xf32aa9a3) sw      s2, -205(s5)
core   0: 3 0x80000630 (0xf32aa9a3) mem 0x80015650 0x811105e0
core   0: 0x80000634 (0xff7d0aa3) sb      s7, -11(s10)
core   0: 3 0x80000634 (0xff7d0aa3) mem 0x80015c27 0x4e
core   0: 0x80000638 (0x2d3a8003) lb      zero, 723(s5)
core   0: 3 0x80000638 (0x2d3a8003) mem 0x800159f0
core   0: 0x8000063c (0xc3aa82a3) sb      s10, -987(s5)
core   0: 3 0x8000063c (0xc3aa82a3) mem 0x80015342 0x32
core   0: 0x80000640 (0xffdf9783) lh      a5, -3(t6)
core   0: 3 0x80000640 (0xffdf9783) x15 0x00001d80 mem 0x80015b7a
core   0: 0x80000644 (0xfc045483) lhu     s1, -64(s0)
core   0: 3 0x80000644 (0xfc045483) x 9 0x0000bdfa mem 0x80015a82
core   0: 0x80000648 (0xd52ac903) lbu     s2, -686(s5)
core   0: 3 0x80000648 (0xd52ac903) x18 0x00000090 mem 0x8001546f
core   0: 0x8000064c (0x01f40e03) lb      t3, 31(s0)
core   0: 3 0x8000064c (0x01f40e03) x28 0x00000062 mem 0x80015ae1
core   0: 0x80000650 (0x01ef8523) sb      t5, 10(t6)
core   0: 3 0x80000650 (0x01ef8523) mem 0x80015b87 0xa0
core   0: 0x80000654 (0xff9d0003) lb      zero, -7(s10)
core   0: 3 0x80000654 (0xff9d0003) mem 0x80015c2b
core   0: 0x80000658 (0x7abad483) lhu     s1, 1963(s5)
core   0: 3 0x80000658 (0x7abad483) x 9 0x00000107 mem 0x80015ec8
core   0: 0x8000065c (0xff7fab83) lw      s7, -9(t6)
core   0: 3 0x8000065c (0xff7fab83) x23 0x569170e2 mem 0x80015b74
core   0: 0x80000660 (0xfe744483) lbu     s1, -25(s0)
core   0: 3 0x80000660 (0xfe744483) x 9 0x000000af mem 0x80015aa9
core   0: 0x80000664 (0x004f8303) lb      t1, 4(t6)
core   0: 3 0x80000664 (0x004f8303) x 6 0x00000016 mem 0x80015b81
core   0: 0x80000668 (0x012d0623) sb      s2, 12(s10)
core   0: 3 0x80000668 (0x012d0623) mem 0x80015c3e 0x90
core   0: 0x8000066c (0x008d4683) lbu     a3, 8(s10)
core   0: 3 0x8000066c (0x008d4683) x13 0x00000077 mem 0x80015c3a
core   0: 0x80000670 (0x000f8e83) lb      t4, 0(t6)
core   0: 3 0x80000670 (0x000f8e83) x29 0x0000007f mem 0x80015b7d
core   0: 0x80000674 (0x00ef80a3) sb      a4, 1(t6)
core   0: 3 0x80000674 (0x00ef80a3) mem 0x80015b7e 0x18
core   0: 0x80000678 (0x006f8983) lb      s3, 6(t6)
core   0: 3 0x80000678 (0x006f8983) x19 0x00000047 mem 0x80015b83
core   0: 0x8000067c (0x00ff94a3) sh      a5, 9(t6)
core   0: 3 0x8000067c (0x00ff94a3) mem 0x80015b86 0x1d80
core   0: 0x80000680 (0x00ed2203) lw      tp, 14(s10)
core   0: 3 0x80000680 (0x00ed2203) x 4 0x4dedc50b mem 0x80015c40
core   0: 0x80000684 (0xfce41503) lh      a0, -50(s0)
core   0: 3 0x80000684 (0xfce41503) x10 0x00007fa0 mem 0x80015a90
core   0: 0x80000688 (0x01340903) lb      s2, 19(s0)
core   0: 3 0x80000688 (0x01340903) x18 0xffffffdf mem 0x80015ad5
core   0: 0x8000068c (0x00016397) auipc   t2, 0x16
core   0: 3 0x8000068c (0x00016397) x 7 0x8001668c
core   0: 0x80000690 (0x94138393) addi    t2, t2, -1727
core   0: 3 0x80000690 (0x94138393) x 7 0x80015fcd
core   0: 0x80000694 (0xb9b38523) sb      s11, -1142(t2)
core   0: 3 0x80000694 (0xb9b38523) mem 0x80015b57 0x8a
core   0: 0x80000698 (0x1d317893) andi    a7, sp, 467
core   0: 3 0x80000698 (0x1d317893) x17 0x00000040
core   0: 0x8000069c (0x4cab5097) auipc   ra, 0x4cab5
core   0: 3 0x8000069c (0x4cab5097) x 1 0xccab569c
core   0: 0x800006a0 (0xae9ea413) slti    s0, t4, -1303
core   0: 3 0x800006a0 (0xae9ea413) x 8 0x00000000
core   0: 0x800006a4 (0xb8538523) sb      t0, -1142(t2)
core   0: 3 0x800006a4 (0xb8538523) mem 0x80015b57 0x2d
core   0: 0x800006a8 (0x017072b3) and     t0, zero, s7
core   0: 3 0x800006a8 (0x017072b3) x 5 0x00000000
core   0: 0x800006ac (0xb8a3cc03) lbu     s8, -1142(t2)
core   0: 3 0x800006ac (0xb8a3cc03) x24 0x0000002d mem 0x80015b57
core   0: 0x800006b0 (0xb8a38603) lb      a2, -1142(t2)
core   0: 3 0x800006b0 (0xb8a38603) x12 0x0000002d mem 0x80015b57
core   0: 0x800006b4 (0xb8238523) sb      sp, -1142(t2)
core   0: 3 0x800006b4 (0xb8238523) mem 0x80015b57 0x64
core   0: 0x800006b8 (0xb8a3c903) lbu     s2, -1142(t2)
core   0: 3 0x800006b8 (0xb8a3c903) x18 0x00000064 mem 0x80015b57
core   0: 0x800006bc (0x0000100f) fence.i
core   0: 3 0x800006bc (0x0000100f)
core   0: 0x800006c0 (0xb8a38283) lb      t0, -1142(t2)
core   0: 3 0x800006c0 (0xb8a38283) x 5 0x00000064 mem 0x80015b57
core   0: 0x800006c4 (0xb8a3c903) lbu     s2, -1142(t2)
core   0: 3 0x800006c4 (0xb8a3c903) x18 0x00000064 mem 0x80015b57
core   0: 0x800006c8 (0xb8a38a03) lb      s4, -1142(t2)
core   0: 3 0x800006c8 (0xb8a38a03) x20 0x00000064 mem 0x80015b57
core   0: 0x800006cc (0xb9d38523) sb      t4, -1142(t2)
core   0: 3 0x800006cc (0xb9d38523) mem 0x80015b57 0x7f
core   0: 0x800006d0 (0xb8a3c403) lbu     s0, -1142(t2)
core   0: 3 0x800006d0 (0xb8a3c403) x 8 0x0000007f mem 0x80015b57
core   0: 0x800006d4 (0xb9538523) sb      s5, -1142(t2)
core   0: 3 0x800006d4 (0xb9538523) mem 0x80015b57 0x1d
core   0: 0x800006d8 (0xb9b38523) sb      s11, -1142(t2)
core   0: 3 0x800006d8 (0xb9b38523) mem 0x80015b57 0x8a
core   0: 0x800006dc (0xb9038523) sb      a6, -1142(t2)
core   0: 3 0x800006dc (0xb9038523) mem 0x80015b57 0xcd
core   0: 0x800006e0 (0xb8a38683) lb      a3, -1142(t2)
core   0: 3 0x800006e0 (0xb8a38683) x13 0xffffffcd mem 0x80015b57
core   0: 0x800006e4 (0xb8a3c803) lbu     a6, -1142(t2)
core   0: 3 0x800006e4 (0xb8a3c803) x16 0x000000cd mem 0x80015b57
core   0: 0x800006e8 (0xb8a38d83) lb      s11, -1142(t2)
core   0: 3 0x800006e8 (0xb8a38d83) x27 0xffffffcd mem 0x80015b57
core   0: 0x800006ec (0xb8a3c483) lbu     s1, -1142(t2)
core   0: 3 0x800006ec (0xb8a3c483) x 9 0x000000cd mem 0x80015b57
core   0: 0x800006f0 (0xb8638523) sb      t1, -1142(t2)
core   0: 3 0x800006f0 (0xb8638523) mem 0x80015b57 0x16
core   0: 0x800006f4 (0x008e3cb3) sltu    s9, t3, s0
core   0: 3 0x800006f4 (0x008e3cb3) x25 0x00000001
core   0: 0x800006f8 (0x00bd4433) xor     s0, s10, a1
core   0: 3 0x800006f8 (0x00bd4433) x 8 0x0003b0d6
core   0: 0x800006fc (0xb8938523) sb      s1, -1142(t2)
core   0: 3 0x800006fc (0xb8938523) mem 0x80015b57 0xcd
core   0: 0x80000700 (0x00015a97) auipc   s5, 0x15
core   0: 3 0x80000700 (0x00015a97) x21 0x80015700
core   0: 0x80000704 (0x9e2a8a93) addi    s5, s5, -1566
core   0: 3 0x80000704 (0x9e2a8a93) x21 0x800150e2
core   0: 0x80000708 (0x03cadd83) lhu     s11, 60(s5)
core   0: 3 0x80000708 (0x03cadd83) x27 0x0000d10c mem 0x8001511e
core   0: 0x8000070c (0x95af3413) sltiu   s0, t5, -1702
core   0: 3 0x8000070c (0x95af3413) x 8 0x00000001
core   0: 0x80000710 (0x03ca8803) lb      a6, 60(s5)
core   0: 3 0x80000710 (0x03ca8803) x16 0x0000000c mem 0x8001511e
core   0: 0x80000714 (0xfd6ace83) lbu     t4, -42(s5)
core   0: 3 0x80000714 (0xfd6ace83) x29 0x000000ef mem 0x800150b8
core   0: 0x80000718 (0xfc9a8223) sb      s1, -60(s5)
core   0: 3 0x80000718 (0xfc9a8223) mem 0x800150a6 0xcd
core   0: 0x8000071c (0x02ca8fa3) sb      a2, 63(s5)
core   0: 3 0x8000071c (0x02ca8fa3) mem 0x80015121 0x2d
core   0: 0x80000720 (0x03fa8283) lb      t0, 63(s5)
core   0: 3 0x80000720 (0x03fa8283) x 5 0x0000002d mem 0x80015121
core   0: 0x80000724 (0x03face03) lbu     t3, 63(s5)
core   0: 3 0x80000724 (0x03face03) x28 0x0000002d mem 0x80015121
core   0: 0x80000728 (0x02ca8fa3) sb      a2, 63(s5)
core   0: 3 0x80000728 (0x02ca8fa3) mem 0x80015121 0x2d
core   0: 0x8000072c (0x03fa8403) lb      s0, 63(s5)
core   0: 3 0x8000072c (0x03fa8403) x 8 0x0000002d mem 0x80015121
core   0: 0x80000730 (0xfe1ac683) lbu     a3, -31(s5)
core   0: 3 0x80000730 (0xfe1ac683) x13 0x00000099 mem 0x800150c3
core   0: 0x80000734 (0x00015397) auipc   t2, 0x15
core   0: 3 0x80000734 (0x00015397) x 7 0x80015734
core   0: 0x80000738 (0xef338393) addi    t2, t2, -269
core   0: 3 0x80000738 (0xef338393) x 7 0x80015627
core   0: 0x8000073c (0x0fb39a03) lh      s4, 251(t2)
core   0: 3 0x8000073c (0x0fb39a03) x20 0x00007510 mem 0x80015722
core   0: 0x80000740 (0x00015b97) auipc   s7, 0x15
core   0: 3 0x80000740 (0x00015b97) x23 0x80015740
core   0: 0x80000744 (0xc84b8b93) addi    s7, s7, -892
core   0: 3 0x80000744 (0xc84b8b93) x23 0x800153c4
core   0: 0x80000748 (0x0c438423) sb      tp, 200(t2)
core   0: 3 0x80000748 (0x0c438423) mem 0x800156ef 0xb
core   0: 0x8000074c (0xf6c38203) lb      tp, -148(t2)
core   0: 3 0x8000074c (0xf6c38203) x 4 0x00000044 mem 0x80015593
core   0: 0x80000750 (0x0053de03) lhu     t3, 5(t2)
core   0: 3 0x80000750 (0x0053de03) x28 0x00008f80 mem 0x8001562c
core   0: 0x80000754 (0x0b738623) sb      s7, 172(t2)
core   0: 3 0x80000754 (0x0b738623) mem 0x800156d3 0xc4
core   0: 0x80000758 (0x012b9783) lh      a5, 18(s7)
core   0: 3 0x80000758 (0x012b9783) x15 0x000060da mem 0x800153d6
core   0: 0x8000075c (0xf7d3aa83) lw      s5, -131(t2)
core   0: 3 0x8000075c (0xf7d3aa83) x21 0xa8745e6a mem 0x800155a4
core   0: 0x80000760 (0x015bac23) sw      s5, 24(s7)
core   0: 3 0x80000760 (0x015bac23) mem 0x800153dc 0xa8745e6a
core   0: 0x80000764 (0xfe7b8723) sb      t2, -18(s7)
core   0: 3 0x80000764 (0xfe7b8723) mem 0x800153b2 0x27
core   0: 0x80000768 (0xf123c003) lbu     zero, -238(t2)
core   0: 3 0x80000768 (0xf123c003) mem 0x80015539
core   0: 0x8000076c (0xfd139683) lh      a3, -47(t2)
core   0: 3 0x8000076c (0xfd139683) x13 0x0000077e mem 0x800155f8
core   0: 0x80000770 (0xfecb8123) sb      a2, -30(s7)
core   0: 3 0x80000770 (0xfecb8123) mem 0x800153a6 0x2d
core   0: 0x80000774 (0xff7b8983) lb      s3, -9(s7)
core   0: 3 0x80000774 (0xff7b8983) x19 0x00000033 mem 0x800153bb
core   0: 0x80000778 (0xfd53c303) lbu     t1, -43(t2)
core   0: 3 0x80000778 (0xfd53c303) x 6 0x000000ab mem 0x800155fc
core   0: 0x8000077c (0x0001f397) auipc   t2, 0x1f
core   0: 3 0x8000077c (0x0001f397) x 7 0x8001f77c
core   0: 0x80000780 (0x03f38393) addi    t2, t2, 63
core   0: 3 0x80000780 (0x03f38393) x 7 0x8001f7bb
core   0: 0x80000784 (0x7b038b23) sb      a6, 1974(t2)
core   0: 3 0x80000784 (0x7b038b23) mem 0x8001ff71 0xc
core   0: 0x80000788 (0x01fbd193) srli    gp, s7, 31
core   0: 3 0x80000788 (0x01fbd193) x 3 0x00000001
core   0: 0x8000078c (0xd8139783) lh      a5, -639(t2)
core   0: 3 0x8000078c (0xd8139783) x15 0x00000f35 mem 0x8001f53c
core   0: 0x80000790 (0x5183a6a3) sw      s8, 1293(t2)
core   0: 3 0x80000790 (0x5183a6a3) mem 0x8001fcc8 0x0000002d
core   0: 0x80000794 (0xfeb3a8a3) sw      a1, -15(t2)
core   0: 3 0x80000794 (0xfeb3a8a3) mem 0x8001f7ac 0x8002ece4
core   0: 0x80000798 (0x5f53ce03) lbu     t3, 1525(t2)
core   0: 3 0x80000798 (0x5f53ce03) x28 0x000000ad mem 0x8001fdb0
core   0: 0x8000079c (0x70f38283) lb      t0, 1807(t2)
core   0: 3 0x8000079c (0x70f38283) x 5 0x0000002a mem 0x8001feca
core   0: 0x800007a0 (0x002d5893) srli    a7, s10, 2
core   0: 3 0x800007a0 (0x002d5893) x17 0x2000570c
core   0: 0x800007a4 (0xa0838123) sb      s0, -1534(t2)
core   0: 3 0x800007a4 (0xa0838123) mem 0x8001f1bd 0x2d
core   0: 0x800007a8 (0xa023c903) lbu     s2, -1534(t2)
core   0: 3 0x800007a8 (0xa023c903) x18 0x0000002d mem 0x8001f1bd
core   0: 0x800007ac (0x00d6d6b3) srl     a3, a3, a3
core   0: 3 0x800007ac (0x00d6d6b3) x13 0x00000000
core   0: 0x800007b0 (0x01327cb3) and     s9, tp, s3
core   0: 3 0x800007b0 (0x01327cb3) x25 0x00000000
core   0: 0x800007b4 (0x1703c503) lbu     a0, 368(t2)
core   0: 3 0x800007b4 (0x1703c503) x10 0x0000000d mem 0x8001f92b
core   0: 0x800007b8 (0x79a38b83) lb      s7, 1946(t2)
core   0: 3 0x800007b8 (0x79a38b83) x23 0xffffff96 mem 0x8001ff55
core   0: 0x800007bc (0x8382e993) ori     s3, t0, -1992
core   0: 3 0x800007bc (0x8382e993) x19 0xfffff83a
core   0: 0x800007c0 (0x841397a3) sh      ra, -1969(t2)
core   0: 3 0x800007c0 (0x841397a3) mem 0x8001f00a 0x569c
core   0: 0x800007c4 (0xb8138b23) sb      ra, -1130(t2)
core   0: 3 0x800007c4 (0xb8138b23) mem 0x8001f351 0x9c
core   0: 0x800007c8 (0xb9638203) lb      tp, -1130(t2)
core   0: 3 0x800007c8 (0xb9638203) x 4 0xffffff9c mem 0x8001f351
core   0: 0x800007cc (0xdfb39483) lh      s1, -517(t2)
core   0: 3 0x800007cc (0xdfb39483) x 9 0xffffe251 mem 0x8001f5b6
core   0: 0x800007d0 (0xdfd39da3) sh      t4, -517(t2)
core   0: 3 0x800007d0 (0xdfd39da3) mem 0x8001f5b6 0x00ef
core   0: 0x800007d4 (0x00015897) auipc   a7, 0x15
core   0: 3 0x800007d4 (0x00015897) x17 0x800157d4
core   0: 0x800007d8 (0x32d88893) addi    a7, a7, 813
core   0: 3 0x800007d8 (0x32d88893) x17 0x80015b01
core   0: 0x800007dc (0x01588b23) sb      s5, 22(a7)
core   0: 3 0x800007dc (0x01588b23) mem 0x80015b17 0x6a
core   0: 0x800007e0 (0x01688d03) lb      s10, 22(a7)
core   0: 3 0x800007e0 (0x01688d03) x26 0x0000006a mem 0x80015b17
core   0: 0x800007e4 (0xff288d03) lb      s10, -14(a7)
core   0: 3 0x800007e4 (0xff288d03) x26 0xfffffffe mem 0x80015af3
core   0: 0x800007e8 (0xff288d03) lb      s10, -14(a7)
core   0: 3 0x800007e8 (0xff288d03) x26 0xfffffffe mem 0x80015af3
core   0: 0x800007ec (0x83456713) ori     a4, a0, -1996
core   0: 3 0x800007ec (0x83456713) x14 0xfffff83d
core   0: 0x800007f0 (0xff28c903) lbu     s2, -14(a7)
core   0: 3 0x800007f0 (0xff28c903) x18 0x000000fe mem 0x80015af3
core   0: 0x800007f4 (0x010886a3) sb      a6, 13(a7)
core   0: 3 0x800007f4 (0x010886a3) mem 0x80015b0e 0xc
core   0: 0x800007f8 (0x0018cf83) lbu     t6, 1(a7)
core   0: 3 0x800007f8 (0x0018cf83) x31 0x000000ef mem 0x80015b02
core   0: 0x800007fc (0x0018d283) lhu     t0, 1(a7)
core   0: 3 0x800007fc (0x0018d283) x 5 0x0000c9ef mem 0x80015b02
core   0: 0x80000800 (0x0018d303) lhu     t1, 1(a7)
core   0: 3 0x80000800 (0x0018d303) x 6 0x0000c9ef mem 0x80015b02
core   0: 0x80000804 (0x006aabb3) slt     s7, s5, t1
core   0: 3 0x80000804 (0x006aabb3) x23 0x00000001
core   0: 0x80000808 (0xfff89d03) lh      s10, -1(a7)
core   0: 3 0x80000808 (0xfff89d03) x26 0xfffffd54 mem 0x80015b00
core   0: 0x8000080c (0xfff89603) lh      a2, -1(a7)
core   0: 3 0x8000080c (0xfff89603) x12 0xfffffd54 mem 0x80015b00
core   0: 0x80000810 (0xffd8afa3) sw      t4, -1(a7)
core   0: 3 0x80000810 (0xffd8afa3) mem 0x80015b00 0x000000ef
core   0: 0x80000814 (0xfff88483) lb      s1, -1(a7)
core   0: 3 0x80000814 (0xfff88483) x 9 0xffffffef mem 0x80015b00
core   0: 0x80000818 (0xfeb88fa3) sb      a1, -1(a7)
core   0: 3 0x80000818 (0xfeb88fa3) mem 0x80015b00 0xe4
core   0: 0x8000081c (0xfea8afa3) sw      a0, -1(a7)
core   0: 3 0x8000081c (0xfea8afa3) mem 0x80015b00 0x0000000d
core   0: 0x80000820 (0xfff89203) lh      tp, -1(a7)
core   0: 3 0x80000820 (0xfff89203) x 4 0x0000000d mem 0x80015b00
core   0: 0x80000824 (0x008e1fb3) sll     t6, t3, s0
core   0: 3 0x80000824 (0x008e1fb3) x31 0x0015a000
core   0: 0x80000828 (0xff289fa3) sh      s2, -1(a7)
core   0: 3 0x80000828 (0xff289fa3) mem 0x80015b00 0x00fe
core   0: 0x8000082c (0xffe88fa3) sb      t5, -1(a7)
core   0: 3 0x8000082c (0xffe88fa3) mem 0x80015b00 0xa0
core   0: 0x80000830 (0xfff8d083) lhu     ra, -1(a7)
core   0: 3 0x80000830 (0xfff8d083) x 1 0x000000a0 mem 0x80015b00
core   0: 0x80000834 (0x00015497) auipc   s1, 0x15
core   0: 3 0x80000834 (0x00015497) x 9 0x80015834
core   0: 0x80000838 (0x4ac48493) addi    s1, s1, 1196
core   0: 3 0x80000838 (0x4ac48493) x 9 0x80015ce0
core   0: 0x8000083c (0x00848783) lb      a5, 8(s1)
core   0: 3 0x8000083c (0x00848783) x15 0xffffffae mem 0x80015ce8
core   0: 0x80000840 (0x1de44217) auipc   tp, 0x1de44
core   0: 3 0x80000840 (0x1de44217) x 4 0x9de44840
core   0: 0x80000844 (0x00d4a223) sw      a3, 4(s1)
core   0: 3 0x80000844 (0x00d4a223) mem 0x80015ce4 0x00000000
core   0: 0x80000848 (0x00f4cc83) lbu     s9, 15(s1)
core   0: 3 0x80000848 (0x00f4cc83) x25 0x00000030 mem 0x80015cef
core   0: 0x8000084c (0xff94ca83) lbu     s5, -7(s1)
core   0: 3 0x8000084c (0xff94ca83) x21 0x00000069 mem 0x80015cd9
core   0: 0x80000850 (0x01f48723) sb      t6, 14(s1)
core   0: 3 0x80000850 (0x01f48723) mem 0x80015cee 0x0
core   0: 0x80000854 (0x0ff0000f) fence   iorw,iorw
core   0: 3 0x80000854 (0x0ff0000f)
core   0: 0x80000858 (0xc43ca713) slti    a4, s9, -957
core   0: 3 0x80000858 (0xc43ca713) x14 0x00000000
core   0: 0x8000085c (0x00649903) lh      s2, 6(s1)
core   0: 3 0x8000085c (0x00649903) x18 0x00000000 mem 0x80015ce6
core   0: 0x80000860 (0x0026cbb3) xor     s7, a3, sp
core   0: 3 0x80000860 (0x0026cbb3) x23 0x8002ae64
core   0: 0x80000864 (0x01389d93) slli    s11, a7, 19
core   0: 3 0x80000864 (0x01389d93) x27 0xd8080000
core   0: 0x80000868 (0x01548723) sb      s5, 14(s1)
core   0: 3 0x80000868 (0x01548723) mem 0x80015cee 0x69
core   0: 0x8000086c (0x00acceb3) xor     t4, s9, a0
core   0: 3 0x8000086c (0x00acceb3) x29 0x0000003d
core   0: 0x80000870 (0x00e4d903) lhu     s2, 14(s1)
core   0: 3 0x80000870 (0x00e4d903) x18 0x00003069 mem 0x80015cee
core   0: 0x80000874 (0x00c4dd03) lhu     s10, 12(s1)
core   0: 3 0x80000874 (0x00c4dd03) x26 0x00002f89 mem 0x80015cec
core   0: 0x80000878 (0xffe49923) sh      t5, -14(s1)
core   0: 3 0x80000878 (0xffe49923) mem 0x80015cd2 0xf4a0
core   0: 0x8000087c (0xff24c283) lbu     t0, -14(s1)
core   0: 3 0x8000087c (0xff24c283) x 5 0x000000a0 mem 0x80015cd2
core   0: 0x80000880 (0x0044c383) lbu     t2, 4(s1)
core   0: 3 0x80000880 (0x0044c383) x 7 0x00000000 mem 0x80015ce4
core   0: 0x80000884 (0xff64c983) lbu     s3, -10(s1)
core   0: 3 0x80000884 (0xff64c983) x19 0x00000046 mem 0x80015cd6
core   0: 0x80000888 (0x0094cc83) lbu     s9, 9(s1)
core   0: 3 0x80000888 (0x0094cc83) x25 0x00000060 mem 0x80015ce9
core   0: 0x8000088c (0x0074c983) lbu     s3, 7(s1)
core   0: 3 0x8000088c (0x0074c983) x19 0x00000000 mem 0x80015ce7
core   0: 0x80000890 (0x00015717) auipc   a4, 0x15
core   0: 3 0x80000890 (0x00015717) x14 0x80015890
core   0: 0x80000894 (0x3db70713) addi    a4, a4, 987
core   0: 3 0x80000894 (0x3db70713) x14 0x80015c6b
core   0: 0x80000898 (0xff874503) lbu     a0, -8(a4)
core   0: 3 0x80000898 (0xff874503) x10 0x000000fc mem 0x80015c63
core   0: 0x8000089c (0xff074783) lbu     a5, -16(a4)
core   0: 3 0x8000089c (0xff074783) x15 0x00000048 mem 0x80015c5b
core   0: 0x800008a0 (0x018b8333) add     t1, s7, s8
core   0: 3 0x800008a0 (0x018b8333) x 6 0x8002ae91
core   0: 0x800008a4 (0xff171a83) lh      s5, -15(a4)
core   0: 3 0x800008a4 (0xff171a83) x21 0xffffe9bb mem 0x80015c5c
core   0: 0x800008a8 (0x01570223) sb      s5, 4(a4)
core   0: 3 0x800008a8 (0x01570223) mem 0x80015c6f 0xbb
core   0: 0x800008ac (0xb3c50d37) lui     s10, 0xb3c50
core   0: 3 0x800008ac (0xb3c50d37) x26 0xb3c50000
core   0: 0x800008b0 (0x41568a33) sub     s4, a3, s5
core   0: 3 0x800008b0 (0x41568a33) x20 0x00001645
core   0: 0x800008b4 (0xff870f23) sb      s8, -2(a4)
core   0: 3 0x800008b4 (0xff870f23) mem 0x80015c69 0x2d
core   0: 0x800008b8 (0x00c70903) lb      s2, 12(a4)
core   0: 3 0x800008b8 (0x00c70903) x18 0xfffffff8 mem 0x80015c77
core   0: 0x800008bc (0x59e9c813) xori    a6, s3, 1438
core   0: 3 0x800008bc (0x59e9c813) x16 0x0000059e
core   0: 0x800008c0 (0x0ff0000f) fence   iorw,iorw
core   0: 3 0x800008c0 (0x0ff0000f)
core   0: 0x800008c4 (0x00574e83) lbu     t4, 5(a4)
core   0: 3 0x800008c4 (0x00574e83) x29 0x000000cd mem 0x80015c70
core   0: 0x800008c8 (0x00c713a3) sh      a2, 7(a4)
core   0: 3 0x800008c8 (0x00c713a3) mem 0x80015c72 0xfd54
core   0: 0x800008cc (0x01815fb3) srl     t6, sp, s8
core   0: 3 0x800008cc (0x01815fb3) x31 0x00040015
core   0: 0x800008d0 (0xffc70823) sb      t3, -16(a4)
core   0: 3 0x800008d0 (0xffc70823) mem 0x80015c5b 0xad
core   0: 0x800008d4 (0xffa70ba3) sb      s10, -9(a4)
core   0: 3 0x800008d4 (0xffa70ba3) mem 0x80015c62 0x0
core   0: 0x800008d8 (0x2bffab93) slti    s7, t6, 703
core   0: 3 0x800008d8 (0x2bffab93) x23 0x00000000
core   0: 0x800008dc (0x0038bf33) sltu    t5, a7, gp
core   0: 3 0x800008dc (0x0038bf33) x30 0x00000000
core   0: 0x800008e0 (0x00970823) sb      s1, 16(a4)
core   0: 3 0x800008e0 (0x00970823) mem 0x80015c7b 0xe0
core   0: 0x800008e4 (0x00874a03) lbu     s4, 8(a4)
core   0: 3 0x800008e4 (0x00874a03) x20 0x000000fd mem 0x80015c73
core   0: 0x800008e8 (0x004b9333) sll     t1, s7, tp
core   0: 3 0x800008e8 (0x004b9333) x 6 0x00000000
core   0: 0x800008ec (0xf1837093) andi    ra, t1, -232
core   0: 3 0x800008ec (0xf1837093) x 1 0x00000000
core   0: 0x800008f0 (0x01c712a3) sh      t3, 5(a4)
core   0: 3 0x800008f0 (0x01c712a3) mem 0x80015c70 0x00ad
core   0: 0x800008f4 (0x0154dd93) srli    s11, s1, 21
core   0: 3 0x800008f4 (0x0154dd93) x27 0x00000400
core   0: 0x800008f8 (0xff270823) sb      s2, -16(a4)
core   0: 3 0x800008f8 (0xff270823) mem 0x80015c5b 0xf8
core   0: 0x800008fc (0x01abcf33) xor     t5, s7, s10
core   0: 3 0x800008fc (0x01abcf33) x30 0xb3c50000
core   0: 0x80000900 (0x00437eb3) and     t4, t1, tp
core   0: 3 0x80000900 (0x00437eb3) x29 0x00000000
core   0: 0x80000904 (0x001ebd33) sltu    s10, t4, ra
core   0: 3 0x80000904 (0x001ebd33) x26 0x00000000
core   0: 0x80000908 (0xff774183) lbu     gp, -9(a4)
core   0: 3 0x80000908 (0xff774183) x 3 0x00000000 mem 0x80015c62
core   0: 0x8000090c (0xfe3708a3) sb      gp, -15(a4)
core   0: 3 0x8000090c (0xfe3708a3) mem 0x80015c5c 0x0
core   0: 0x80000910 (0x00172b83) lw      s7, 1(a4)
core   0: 3 0x80000910 (0x00172b83) x23 0xbb11ef7a mem 0x80015c6c
core   0: 0x80000914 (0xc1284637) lui     a2, 0xc1284
core   0: 3 0x80000914 (0xc1284637) x12 0xc1284000
core   0: 0x80000918 (0x019a1e33) sll     t3, s4, s9
core   0: 3 0x80000918 (0x019a1e33) x28 0x000000fd
core   0: 0x8000091c (0xfe970823) sb      s1, -16(a4)
core   0: 3 0x8000091c (0xfe970823) mem 0x80015c5b 0xe0
core   0: 0x80000920 (0x013724a3) sw      s3, 9(a4)
core   0: 3 0x80000920 (0x013724a3) mem 0x80015c74 0x00000000
core   0: 0x80000924 (0x005f8fb3) add     t6, t6, t0
core   0: 3 0x80000924 (0x005f8fb3) x31 0x000400b5
core   0: 0x80000928 (0xff974783) lbu     a5, -7(a4)
core   0: 3 0x80000928 (0xff974783) x15 0x000000e6 mem 0x80015c64
core   0: 0x8000092c (0xff970f03) lb      t5, -7(a4)
core   0: 3 0x8000092c (0xff970f03) x30 0xffffffe6 mem 0x80015c64
core   0: 0x80000930 (0xfec70ea3) sb      a2, -3(a4)
core   0: 3 0x80000930 (0xfec70ea3) mem 0x80015c68 0x0
core   0: 0x80000934 (0x00015497) auipc   s1, 0x15
core   0: 3 0x80000934 (0x00015497) x 9 0x80015934
core   0: 0x80000938 (0x3bf48493) addi    s1, s1, 959
core   0: 3 0x80000938 (0x3bf48493) x 9 0x80015cf3
core   0: 0x8000093c (0xfdd48523) sb      t4, -54(s1)
core   0: 3 0x8000093c (0xfdd48523) mem 0x80015cbd 0x0
core   0: 0x80000940 (0x01548223) sb      s5, 4(s1)
core   0: 3 0x80000940 (0x01548223) mem 0x80015cf7 0xbb
core   0: 0x80000944 (0xfda48f83) lb      t6, -38(s1)
core   0: 3 0x80000944 (0xfda48f83) x31 0x00000032 mem 0x80015ccd
core   0: 0x80000948 (0x02a48d03) lb      s10, 42(s1)
core   0: 3 0x80000948 (0x02a48d03) x26 0xffffffe7 mem 0x80015d1d
core   0: 0x8000094c (0x00b48903) lb      s2, 11(s1)
core   0: 3 0x8000094c (0x00b48903) x18 0x00000059 mem 0x80015cfe
core   0: 0x80000950 (0x0354c083) lbu     ra, 53(s1)
core   0: 3 0x80000950 (0x0354c083) x 1 0x000000d7 mem 0x80015d28
core   0: 0x80000954 (0x0ff0000f) fence   iorw,iorw
core   0: 3 0x80000954 (0x0ff0000f)
core   0: 0x80000958 (0x0000100f) fence.i
core   0: 3 0x80000958 (0x0000100f)
core   0: 0x8000095c (0x01a60c33) add     s8, a2, s10
core   0: 3 0x8000095c (0x01a60c33) x24 0xc1283fe7
core   0: 0x80000960 (0x027484a3) sb      t2, 41(s1)
core   0: 3 0x80000960 (0x027484a3) mem 0x80015d1c 0x0
core   0: 0x80000964 (0x038484a3) sb      s8, 41(s1)
core   0: 3 0x80000964 (0x038484a3) mem 0x80015d1c 0xe7
core   0: 0x80000968 (0x021480a3) sb      ra, 33(s1)
core   0: 3 0x80000968 (0x021480a3) mem 0x80015d14 0xd7
core   0: 0x8000096c (0xfd3495a3) sh      s3, -53(s1)
core   0: 3 0x8000096c (0xfd3495a3) mem 0x80015cbe 0x0000
core   0: 0x80000970 (0xfea4cc83) lbu     s9, -22(s1)
core   0: 3 0x80000970 (0xfea4cc83) x25 0x00000075 mem 0x80015cdd
core   0: 0x80000974 (0xfea4ce83) lbu     t4, -22(s1)
core   0: 3 0x80000974 (0xfea4ce83) x29 0x00000075 mem 0x80015cdd
core   0: 0x80000978 (0xfc04cd83) lbu     s11, -64(s1)
core   0: 3 0x80000978 (0xfc04cd83) x27 0x0000007c mem 0x80015cb3
core   0: 0x8000097c (0xfc04cf03) lbu     t5, -64(s1)
core   0: 3 0x8000097c (0xfc04cf03) x30 0x0000007c mem 0x80015cb3
core   0: 0x80000980 (0x00b480a3) sb      a1, 1(s1)
core   0: 3 0x80000980 (0x00b480a3) mem 0x80015cf4 0xe4
core   0: 0x80000984 (0x00149903) lh      s2, 1(s1)
core   0: 3 0x80000984 (0x00149903) x18 0x000057e4 mem 0x80015cf4
core   0: 0x80000988 (0x0001f617) auipc   a2, 0x1f
core   0: 3 0x80000988 (0x0001f617) x12 0x8001f988
core   0: 0x8000098c (0xeed60613) addi    a2, a2, -275
core   0: 3 0x8000098c (0xeed60613) x12 0x8001f875
core   0: 0x80000990 (0x0ff0000f) fence   iorw,iorw
core   0: 3 0x80000990 (0x0ff0000f)
core   0: 0x80000994 (0x2ecf2b97) auipc   s7, 0x2ecf2
core   0: 3 0x80000994 (0x2ecf2b97) x23 0xaecf2994
core   0: 0x80000998 (0x003791b3) sll     gp, a5, gp
core   0: 3 0x80000998 (0x003791b3) x 3 0x000000e6
core   0: 0x8000099c (0x01ddddb3) srl     s11, s11, t4
core   0: 3 0x8000099c (0x01ddddb3) x27 0x00000000
core   0: 0x800009a0 (0x35b62f03) lw      t5, 859(a2)
core   0: 3 0x800009a0 (0x35b62f03) x30 0xf1d2e4da mem 0x8001fbd0
core   0: 0x800009a4 (0x35b60283) lb      t0, 859(a2)
core   0: 3 0x800009a4 (0x35b60283) x 5 0xffffffda mem 0x8001fbd0
core   0: 0x800009a8 (0x34361da3) sh      gp, 859(a2)
core   0: 3 0x800009a8 (0x34361da3) mem 0x8001fbd0 0x00e6
core   0: 0x800009ac (0x35b64c03) lbu     s8, 859(a2)
core   0: 3 0x800009ac (0x35b64c03) x24 0x000000e6 mem 0x8001fbd0
core   0: 0x800009b0 (0x35b65383) lhu     t2, 859(a2)
core   0: 3 0x800009b0 (0x35b65383) x 7 0x000000e6 mem 0x8001fbd0
core   0: 0x800009b4 (0x35b62f83) lw      t6, 859(a2)
core   0: 3 0x800009b4 (0x35b62f83) x31 0xf1d200e6 mem 0x8001fbd0
core   0: 0x800009b8 (0x34461da3) sh      tp, 859(a2)
core   0: 3 0x800009b8 (0x34461da3) mem 0x8001fbd0 0x4840
core   0: 0x800009bc (0x01d54ab3) xor     s5, a0, t4
core   0: 3 0x800009bc (0x01d54ab3) x21 0x00000089
core   0: 0x800009c0 (0x41badab3) sra     s5, s5, s11
core   0: 3 0x800009c0 (0x41badab3) x21 0x00000089
core   0: 0x800009c4 (0xb4b60883) lb      a7, -1205(a2)
core   0: 3 0x800009c4 (0xb4b60883) x17 0xfffffff5 mem 0x8001f3c0
core   0: 0x800009c8 (0x17047a93) andi    s5, s0, 368
core   0: 3 0x800009c8 (0x17047a93) x21 0x00000020
core   0: 0x800009cc (0xb4b65f83) lhu     t6, -1205(a2)
core   0: 3 0x800009cc (0xb4b65f83) x31 0x000091f5 mem 0x8001f3c0
core   0: 0x800009d0 (0x2f460003) lb      zero, 756(a2)
core   0: 3 0x800009d0 (0x2f460003) mem 0x8001fb69
core   0: 0x800009d4 (0x2f460d83) lb      s11, 756(a2)
core   0: 3 0x800009d4 (0x2f460d83) x27 0x00000039 mem 0x8001fb69
core   0: 0x800009d8 (0x66360ba3) sb      gp, 1655(a2)
core   0: 3 0x800009d8 (0x66360ba3) mem 0x8001feec 0xe6
core   0: 0x800009dc (0x67764e03) lbu     t3, 1655(a2)
core   0: 3 0x800009dc (0x67764e03) x28 0x000000e6 mem 0x8001feec
core   0: 0x800009e0 (0x63a60f03) lb      t5, 1594(a2)
core   0: 3 0x800009e0 (0x63a60f03) x30 0x00000036 mem 0x8001feaf
core   0: 0x800009e4 (0x0001ae17) auipc   t3, 0x1a
core   0: 3 0x800009e4 (0x0001ae17) x28 0x8001a9e4
core   0: 0x800009e8 (0x25ee0e13) addi    t3, t3, 606
core   0: 3 0x800009e8 (0x25ee0e13) x28 0x8001ac42
core   0: 0x800009ec (0x468f0ab7) lui     s5, 0x468f0
core   0: 3 0x800009ec (0x468f0ab7) x21 0x468f0000
core   0: 0x800009f0 (0x8987a913) slti    s2, a5, -1896
core   0: 3 0x800009f0 (0x8987a913) x18 0x00000000
core   0: 0x800009f4 (0xffde4983) lbu     s3, -3(t3)
core   0: 3 0x800009f4 (0xffde4983) x19 0x00000068 mem 0x8001ac3f
core   0: 0x800009f8 (0xfffe0ea3) sb      t6, -3(t3)
core   0: 3 0x800009f8 (0xfffe0ea3) mem 0x8001ac3f 0xf5
core   0: 0x800009fc (0x8a19b013) sltiu   zero, s3, -1887
core   0: 3 0x800009fc (0x8a19b013)
core   0: 0x80000a00 (0x0198f6b3) and     a3, a7, s9
core   0: 3 0x80000a00 (0x0198f6b3) x13 0x00000075
core   0: 0x80000a04 (0x000e4f83) lbu     t6, 0(t3)
core   0: 3 0x80000a04 (0x000e4f83) x31 0x0000001e mem 0x8001ac42
core   0: 0x80000a08 (0xff5e4e83) lbu     t4, -11(t3)
core   0: 3 0x80000a08 (0xff5e4e83) x29 0x0000006d mem 0x8001ac37
core   0: 0x80000a0c (0x009e0823) sb      s1, 16(t3)
core   0: 3 0x80000a0c (0x009e0823) mem 0x8001ac52 0xf3
core   0: 0x80000a10 (0x01ba9533) sll     a0, s5, s11
core   0: 3 0x80000a10 (0x01ba9533) x10 0x00000000
core   0: 0x80000a14 (0x00de0183) lb      gp, 13(t3)
core   0: 3 0x80000a14 (0x00de0183) x 3 0xfffffffc mem 0x8001ac4f
core   0: 0x80000a18 (0x0ff0000f) fence   iorw,iorw
core   0: 3 0x80000a18 (0x0ff0000f)
core   0: 0x80000a1c (0x41fd5b93) srai    s7, s10, 31
core   0: 3 0x80000a1c (0x41fd5b93) x23 0xffffffff
core   0: 0x80000a20 (0x38fe4f93) xori    t6, t3, 911
core   0: 3 0x80000a20 (0x38fe4f93) x31 0x8001afcd
core   0: 0x80000a24 (0x4076d2b3) sra     t0, a3, t2
core   0: 3 0x80000a24 (0x4076d2b3) x 5 0x00000001
core   0: 0x80000a28 (0x018112b3) sll     t0, sp, s8
core   0: 3 0x80000a28 (0x018112b3) x 5 0x00ab9900
core   0: 0x80000a2c (0x00c010b3) sll     ra, zero, a2
core   0: 3 0x80000a2c (0x00c010b3) x 1 0x00000000
core   0: 0x80000a30 (0x016e0423) sb      s6, 8(t3)
core   0: 3 0x80000a30 (0x016e0423) mem 0x8001ac4a 0x5c
core   0: 0x80000a34 (0xff8e5a83) lhu     s5, -8(t3)
core   0: 3 0x80000a34 (0xff8e5a83) x21 0x0000d4e7 mem 0x8001ac3a
core   0: 0x80000a38 (0x4d35a493) slti    s1, a1, 1235
core   0: 3 0x80000a38 (0x4d35a493) x 9 0x00000001
core   0: 0x80000a3c (0xffbe0783) lb      a5, -5(t3)
core   0: 3 0x80000a3c (0xffbe0783) x15 0x0000005a mem 0x8001ac3d
core   0: 0x80000a40 (0x018e2323) sw      s8, 6(t3)
core   0: 3 0x80000a40 (0x018e2323) mem 0x8001ac48 0x000000e6
core   0: 0x80000a44 (0x0000100f) fence.i
core   0: 3 0x80000a44 (0x0000100f)
core   0: 0x80000a48 (0x00000013) nop
core   0: 3 0x80000a48 (0x00000013)
core   0: 0x80000a4c (0xf7178917) auipc   s2, 0xf7178
core   0: 3 0x80000a4c (0xf7178917) x18 0x77178a4c
core   0: 0x80000a50 (0x007e4c83) lbu     s9, 7(t3)
core   0: 3 0x80000a50 (0x007e4c83) x25 0x00000000 mem 0x8001ac49
core   0: 0x80000a54 (0xff9e0d23) sb      s9, -6(t3)
core   0: 3 0x80000a54 (0xff9e0d23) mem 0x8001ac3c 0x0
core   0: 0x80000a58 (0x0ff0000f) fence   iorw,iorw
core   0: 3 0x80000a58 (0x0ff0000f)
core   0: 0x80000a5c (0x00be04a3) sb      a1, 9(t3)
core   0: 3 0x80000a5c (0x00be04a3) mem 0x8001ac4b 0xe4
core   0: 0x80000a60 (0xff5e4203) lbu     tp, -11(t3)
core   0: 3 0x80000a60 (0xff5e4203) x 4 0x0000006d mem 0x8001ac37
core   0: 0x80000a64 (0xffde08a3) sb      t4, -15(t3)
core   0: 3 0x80000a64 (0xffde08a3) mem 0x8001ac33 0x6d
core   0: 0x80000a68 (0x00000013) nop
core   0: 3 0x80000a68 (0x00000013)
core   0: 0x80000a6c (0x00b5c633) xor     a2, a1, a1
core   0: 3 0x80000a6c (0x00b5c633) x12 0x00000000
core   0: 0x80000a70 (0xff0e0fa3) sb      a6, -1(t3)
core   0: 3 0x80000a70 (0xff0e0fa3) mem 0x8001ac41 0x9e
core   0: 0x80000a74 (0x92130813) addi    a6, t1, -1759
core   0: 3 0x80000a74 (0x92130813) x16 0xfffff921
core   0: 0x80000a78 (0xffae2003) lw      zero, -6(t3)
core   0: 3 0x80000a78 (0xffae2003) mem 0x8001ac3c
core   0: 0x80000a7c (0x008b20b3) slt     ra, s6, s0
core   0: 3 0x80000a7c (0x008b20b3) x 1 0x00000001
core   0: 0x80000a80 (0xce87bf93) sltiu   t6, a5, -792
core   0: 3 0x80000a80 (0xce87bf93) x31 0x00000001
core   0: 0x80000a84 (0x00046ab3) or      s5, s0, zero
core   0: 3 0x80000a84 (0x00046ab3) x21 0x0000002d
core   0: 0x80000a88 (0xffde4003) lbu     zero, -3(t3)
core   0: 3 0x80000a88 (0xffde4003) mem 0x8001ac3f
core   0: 0x80000a8c (0x019e06a3) sb      s9, 13(t3)
core   0: 3 0x80000a8c (0x019e06a3) mem 0x8001ac4f 0x0
core   0: 0x80000a90 (0x00ce5c03) lhu     s8, 12(t3)
core   0: 3 0x80000a90 (0x00ce5c03) x24 0x00000039 mem 0x8001ac4e
core   0: 0x80000a94 (0xff4e0503) lb      a0, -12(t3)
core   0: 3 0x80000a94 (0xff4e0503) x10 0xffffffe7 mem 0x8001ac36
core   0: 0x80000a98 (0x00015817) auipc   a6, 0x15
core   0: 3 0x80000a98 (0x00015817) x16 0x80015a98
core   0: 0x80000a9c (0x36380813) addi    a6, a6, 867
core   0: 3 0x80000a9c (0x36380813) x16 0x80015dfb
core   0: 0x80000aa0 (0x16d82503) lw      a0, 365(a6)
core   0: 3 0x80000aa0 (0x16d82503) x10 0x2c3ab858 mem 0x80015f68
core   0: 0x80000aa4 (0x165806a3) sb      t0, 365(a6)
core   0: 3 0x80000aa4 (0x165806a3) mem 0x80015f68 0x0
core   0: 0x80000aa8 (0x16d82783) lw      a5, 365(a6)
core   0: 3 0x80000aa8 (0x16d82783) x15 0x2c3ab800 mem 0x80015f68
core   0: 0x80000aac (0x16d80c03) lb      s8, 365(a6)
core   0: 3 0x80000aac (0x16d80c03) x24 0x00000000 mem 0x80015f68
core   0: 0x80000ab0 (0x17c806a3) sb      t3, 365(a6)
core   0: 3 0x80000ab0 (0x17c806a3) mem 0x80015f68 0x42
core   0: 0x80000ab4 (0x79b98193) addi    gp, s3, 1947
core   0: 3 0x80000ab4 (0x79b98193) x 3 0x00000803
core   0: 0x80000ab8 (0x16d80283) lb      t0, 365(a6)
core   0: 3 0x80000ab8 (0x16d80283) x 5 0x00000042 mem 0x80015f68
core   0: 0x80000abc (0x00000013) nop
core   0: 3 0x80000abc (0x00000013)
core   0: 0x80000ac0 (0x21a6cd13) xori    s10, a3, 538
core   0: 3 0x80000ac0 (0x21a6cd13) x26 0x0000026f
core   0: 0x80000ac4 (0x16d81b83) lh      s7, 365(a6)
core   0: 3 0x80000ac4 (0x16d81b83) x23 0xffffb842 mem 0x80015f68
core   0: 0x80000ac8 (0x16d85f03) lhu     t5, 365(a6)
core   0: 3 0x80000ac8 (0x16d85f03) x30 0x0000b842 mem 0x80015f68
core   0: 0x80000acc (0x16d81603) lh      a2, 365(a6)
core   0: 3 0x80000acc (0x16d81603) x12 0xffffb842 mem 0x80015f68
core   0: 0x80000ad0 (0x16d80203) lb      tp, 365(a6)
core   0: 3 0x80000ad0 (0x16d80203) x 4 0x00000042 mem 0x80015f68
core   0: 0x80000ad4 (0x16d85603) lhu     a2, 365(a6)
core   0: 3 0x80000ad4 (0x16d85603) x12 0x0000b842 mem 0x80015f68
core   0: 0x80000ad8 (0x0ff0000f) fence   iorw,iorw
core   0: 3 0x80000ad8 (0x0ff0000f)
core   0: 0x80000adc (0x011c5293) srli    t0, s8, 17
core   0: 3 0x80000adc (0x011c5293) x 5 0x00000000
core   0: 0x80000ae0 (0x95587213) andi    tp, a6, -1707
core   0: 3 0x80000ae0 (0x95587213) x 4 0x80015951
core   0: 0x80000ae4 (0x416ad693) srai    a3, s5, 22
core   0: 3 0x80000ae4 (0x416ad693) x13 0x00000000
core   0: 0x80000ae8 (0x16d85c03) lhu     s8, 365(a6)
core   0: 3 0x80000ae8 (0x16d85c03) x24 0x0000b842 mem 0x80015f68
core   0: 0x80000aec (0x16d82b83) lw      s7, 365(a6)
core   0: 3 0x80000aec (0x16d82b83) x23 0x2c3ab842 mem 0x80015f68
core   0: 0x80000af0 (0x00018b97) auipc   s7, 0x18
core   0: 3 0x80000af0 (0x00018b97) x23 0x80018af0
core   0: 0x80000af4 (0x3eeb8b93) addi    s7, s7, 1006
core   0: 3 0x80000af4 (0x3eeb8b93) x23 0x80018ede
core   0: 0x80000af8 (0x267b84a3) sb      t2, 617(s7)
core   0: 3 0x80000af8 (0x267b84a3) mem 0x80019147 0xe6
core   0: 0x80000afc (0x269bc003) lbu     zero, 617(s7)
core   0: 3 0x80000afc (0x269bc003) mem 0x80019147
core   0: 0x80000b00 (0x232e4a93) xori    s5, t3, 562
core   0: 3 0x80000b00 (0x232e4a93) x21 0x8001ae70
core   0: 0x80000b04 (0xf8fa5817) auipc   a6, 0xf8fa5
core   0: 3 0x80000b04 (0xf8fa5817) x16 0x78fa5b04
core   0: 0x80000b08 (0x154b89a3) sb      s4, 339(s7)
core   0: 3 0x80000b08 (0x154b89a3) mem 0x80019031 0xfd
core   0: 0x80000b0c (0x004f9913) slli    s2, t6, 4
core   0: 3 0x80000b0c (0x004f9913) x18 0x00000010
core   0: 0x80000b10 (0xcecb84a3) sb      a2, -791(s7)
core   0: 3 0x80000b10 (0xcecb84a3) mem 0x80018bc7 0x42
core   0: 0x80000b14 (0xce9bc303) lbu     t1, -791(s7)
core   0: 3 0x80000b14 (0xce9bc303) x 6 0x00000042 mem 0x80018bc7
core   0: 0x80000b18 (0xce9b8d83) lb      s11, -791(s7)
core   0: 3 0x80000b18 (0xce9b8d83) x27 0x00000042 mem 0x80018bc7
core   0: 0x80000b1c (0xce9bcd03) lbu     s10, -791(s7)
core   0: 3 0x80000b1c (0xce9bcd03) x26 0x00000042 mem 0x80018bc7
core   0: 0x80000b20 (0x3bbbcd03) lbu     s10, 955(s7)
core   0: 3 0x80000b20 (0x3bbbcd03) x26 0x000000c8 mem 0x80019299
core   0: 0x80000b24 (0x578b80a3) sb      s8, 1377(s7)
core   0: 3 0x80000b24 (0x578b80a3) mem 0x8001943f 0x42
core   0: 0x80000b28 (0x69ab8e03) lb      t3, 1690(s7)
core   0: 3 0x80000b28 (0x69ab8e03) x28 0xffffffee mem 0x80019578
core   0: 0x80000b2c (0xdfeb8503) lb      a0, -514(s7)
core   0: 3 0x80000b2c (0xdfeb8503) x10 0x0000007b mem 0x80018cdc
core   0: 0x80000b30 (0xde2b8f23) sb      sp, -514(s7)
core   0: 3 0x80000b30 (0xde2b8f23) mem 0x80018cdc 0x64
core   0: 0x80000b34 (0xc91b8603) lb      a2, -879(s7)
core   0: 3 0x80000b34 (0xc91b8603) x12 0xffffffb8 mem 0x80018b6f
core   0: 0x80000b38 (0x000763b3) or      t2, a4, zero
core   0: 3 0x80000b38 (0x000763b3) x 7 0x80015c6b
core   0: 0x80000b3c (0x01b9f3b3) and     t2, s3, s11
core   0: 3 0x80000b3c (0x01b9f3b3) x 7 0x00000040
core   0: 0x80000b40 (0x406a8933) sub     s2, s5, t1
core   0: 3 0x80000b40 (0x406a8933) x18 0x8001ae2e
core   0: 0x80000b44 (0xc91bc603) lbu     a2, -879(s7)
core   0: 3 0x80000b44 (0xc91bc603) x12 0x000000b8 mem 0x80018b6f
core   0: 0x80000b48 (0xc91b8e83) lb      t4, -879(s7)
core   0: 3 0x80000b48 (0xc91b8e83) x29 0xffffffb8 mem 0x80018b6f
core   0: 0x80000b4c (0xc91bc503) lbu     a0, -879(s7)
core   0: 3 0x80000b4c (0xc91bc503) x10 0x000000b8 mem 0x80018b6f
core   0: 0x80000b50 (0x00015397) auipc   t2, 0x15
core   0: 3 0x80000b50 (0x00015397) x 7 0x80015b50
core   0: 0x80000b54 (0x4e938393) addi    t2, t2, 1257
core   0: 3 0x80000b54 (0x4e938393) x 7 0x80016039
core   0: 0x80000b58 (0x0ff0000f) fence   iorw,iorw
core   0: 3 0x80000b58 (0x0ff0000f)
core   0: 0x80000b5c (0x37a28eb7) lui     t4, 0x37a28
core   0: 3 0x80000b5c (0x37a28eb7) x29 0x37a28000
core   0: 0x80000b60 (0x97a3c503) lbu     a0, -1670(t2)
core   0: 3 0x80000b60 (0x97a3c503) x10 0x00000028 mem 0x800159b3
core   0: 0x80000b64 (0xa1118b93) addi    s7, gp, -1519
core   0: 3 0x80000b64 (0xa1118b93) x23 0x00000214
core   0: 0x80000b68 (0xe833cd03) lbu     s10, -381(t2)
core   0: 3 0x80000b68 (0xe833cd03) x26 0x00000072 mem 0x80015ebc
core   0: 0x80000b6c (0x01f5cfb3) xor     t6, a1, t6
core   0: 3 0x80000b6c (0x01f5cfb3) x31 0x8002ece5
core   0: 0x80000b70 (0xcb139683) lh      a3, -847(t2)
core   0: 3 0x80000b70 (0xcb139683) x13 0x00007858 mem 0x80015cea
core   0: 0x80000b74 (0x3d2a3193) sltiu   gp, s4, 978
core   0: 3 0x80000b74 (0x3d2a3193) x 3 0x00000001
core   0: 0x80000b78 (0x0000100f) fence.i
core   0: 3 0x80000b78 (0x0000100f)
core   0: 0x80000b7c (0x01dad533) srl     a0, s5, t4
core   0: 3 0x80000b7c (0x01dad533) x10 0x8001ae70
core   0: 0x80000b80 (0xad939183) lh      gp, -1319(t2)
core   0: 3 0x80000b80 (0xad939183) x 3 0x00006ab7 mem 0x80015b12
core   0: 0x80000b84 (0xd313c483) lbu     s1, -719(t2)
core   0: 3 0x80000b84 (0xd313c483) x 9 0x000000c5 mem 0x80015d6a
core   0: 0x80000b88 (0xa373a3a3) sw      s7, -1497(t2)
core   0: 3 0x80000b88 (0xa373a3a3) mem 0x80015a60 0x00000214
core   0: 0x80000b8c (0x8393cd83) lbu     s11, -1991(t2)
core   0: 3 0x80000b8c (0x8393cd83) x27 0x000000b7 mem 0x80015872
core   0: 0x80000b90 (0x403bdf93) srai    t6, s7, 3
core   0: 3 0x80000b90 (0x403bdf93) x31 0x00000042
core   0: 0x80000b94 (0x00df21b3) slt     gp, t5, a3
core   0: 3 0x80000b94 (0x00df21b3) x 3 0x00000000
core   0: 0x80000b98 (0x3602cc93) xori    s9, t0, 864
core   0: 3 0x80000b98 (0x3602cc93) x25 0x00000360
core   0: 0x80000b9c (0xcfa06193) ori     gp, zero, -774
core   0: 3 0x80000b9c (0xcfa06193) x 3 0xfffffcfa
core   0: 0x80000ba0 (0x41f7d1b3) sra     gp, a5, t6
core   0: 3 0x80000ba0 (0x41f7d1b3) x 3 0x0b0eae00
core   0: 0x80000ba4 (0xe2c38e23) sb      a2, -452(t2)
core   0: 3 0x80000ba4 (0xe2c38e23) mem 0x80015e75 0xb8
core   0: 0x80000ba8 (0x008084b3) add     s1, ra, s0
core   0: 3 0x80000ba8 (0x008084b3) x 9 0x0000002e
core   0: 0x80000bac (0xbcfb7093) andi    ra, s6, -1073
core   0: 3 0x80000bac (0xbcfb7093) x 1 0xfe61bb4c
core   0: 0x80000bb0 (0x001c5db3) srl     s11, s8, ra
core   0: 3 0x80000bb0 (0x001c5db3) x27 0x0000000b
core   0: 0x80000bb4 (0x414fd4b3) sra     s1, t6, s4
core   0: 3 0x80000bb4 (0x414fd4b3) x 9 0x00000000
core   0: 0x80000bb8 (0x7c09af13) slti    t5, s3, 1984
core   0: 3 0x80000bb8 (0x7c09af13) x30 0x00000001
core   0: 0x80000bbc (0xfc638723) sb      t1, -50(t2)
core   0: 3 0x80000bbc (0xfc638723) mem 0x80016007 0x42
core   0: 0x80000bc0 (0x6d943d13) sltiu   s10, s0, 1753
core   0: 3 0x80000bc0 (0x6d943d13) x26 0x00000001
core   0: 0x80000bc4 (0x01e77a33) and     s4, a4, t5
core   0: 3 0x80000bc4 (0x01e77a33) x20 0x00000001
core   0: 0x80000bc8 (0x494deeb7) lui     t4, 0x494de
core   0: 3 0x80000bc8 (0x494deeb7) x29 0x494de000
core   0: 0x80000bcc (0xb9b3de83) lhu     t4, -1125(t2)
core   0: 3 0x80000bcc (0xb9b3de83) x29 0x0000c616 mem 0x80015bd4
core   0: 0x80000bd0 (0xeb33dc03) lhu     s8, -333(t2)
core   0: 3 0x80000bd0 (0xeb33dc03) x24 0x000069d3 mem 0x80015eec
core   0: 0x80000bd4 (0xbae3a5a3) sw      a4, -1109(t2)
core   0: 3 0x80000bd4 (0xbae3a5a3) mem 0x80015be4 0x80015c6b
core   0: 0x80000bd8 (0x80238a03) lb      s4, -2046(t2)
core   0: 3 0x80000bd8 (0x80238a03) x20 0x0000002f mem 0x8001583b
core   0: 0x80000bdc (0x39b58b93) addi    s7, a1, 923
core   0: 3 0x80000bdc (0x39b58b93) x23 0x8002f07f
core   0: 0x80000be0 (0x00000013) nop
core   0: 3 0x80000be0 (0x00000013)
core   0: 0x80000be4 (0x41810633) sub     a2, sp, s8
core   0: 3 0x80000be4 (0x41810633) x12 0x80024491
core   0: 0x80000be8 (0xb443c503) lbu     a0, -1212(t2)
core   0: 3 0x80000be8 (0xb443c503) x10 0x0000007f mem 0x80015b7d
core   0: 0x80000bec (0xa7f399a3) sh      t6, -1421(t2)
core   0: 3 0x80000bec (0xa7f399a3) mem 0x80015aac 0x0042
core   0: 0x80000bf0 (0x9e438c83) lb      s9, -1564(t2)
core   0: 3 0x80000bf0 (0x9e438c83) x25 0x00000002 mem 0x80015a1d
core   0: 0x80000bf4 (0xab4390a3) sh      s4, -1375(t2)
core   0: 3 0x80000bf4 (0xab4390a3) mem 0x80015ada 0x002f
core   0: 0x80000bf8 (0x0000100f) fence.i
core   0: 3 0x80000bf8 (0x0000100f)
core   0: 0x80000bfc (0xf743c703) lbu     a4, -140(t2)
core   0: 3 0x80000bfc (0xf743c703) x14 0x000000f0 mem 0x80015fad
core   0: 0x80000c00 (0x96e380a3) sb      a4, -1695(t2)
core   0: 3 0x80000c00 (0x96e380a3) mem 0x8001599a 0xf0
core   0: 0x80000c04 (0xf153ce03) lbu     t3, -235(t2)
core   0: 3 0x80000c04 (0xf153ce03) x28 0x00000068 mem 0x80015f4e
core   0: 0x80000c08 (0x71286193) ori     gp, a6, 1810
core   0: 3 0x80000c08 (0x71286193) x 3 0x78fa5f16
core   0: 0x80000c0c (0x01666c33) or      s8, a2, s6
core   0: 3 0x80000c0c (0x01666c33) x24 0xfe63ffdd
core   0: 0x80000c10 (0xa423c283) lbu     t0, -1470(t2)
core   0: 3 0x80000c10 (0xa423c283) x 5 0x00000062 mem 0x80015a7b
core   0: 0x80000c14 (0x00015a97) auipc   s5, 0x15
core   0: 3 0x80000c14 (0x00015a97) x21 0x80015c14
core   0: 0x80000c18 (0x185a8a93) addi    s5, s5, 389
core   0: 3 0x80000c18 (0x185a8a93) x21 0x80015d99
core   0: 0x80000c1c (0x0024ea33) or      s4, s1, sp
core   0: 3 0x80000c1c (0x0024ea33) x20 0x8002ae64
core   0: 0x80000c20 (0xca6a97a3) sh      t1, -849(s5)
core   0: 3 0x80000c20 (0xca6a97a3) mem 0x80015a48 0x0042
core   0: 0x80000c24 (0xcafac203) lbu     tp, -849(s5)
core   0: 3 0x80000c24 (0xcafac203) x 4 0x00000042 mem 0x80015a48
core   0: 0x80000c28 (0xcbeaa7a3) sw      t5, -849(s5)
core   0: 3 0x80000c28 (0xcbeaa7a3) mem 0x80015a48 0x00000001
core   0: 0x80000c2c (0xe09a9aa3) sh      s1, -491(s5)
core   0: 3 0x80000c2c (0xe09a9aa3) mem 0x80015bae 0x0000
core   0: 0x80000c30 (0xe15a9483) lh      s1, -491(s5)
core   0: 3 0x80000c30 (0xe15a9483) x 9 0x00000000 mem 0x80015bae
core   0: 0x80000c34 (0xb64a8403) lb      s0, -1180(s5)
core   0: 3 0x80000c34 (0xb64a8403) x 8 0x0000004d mem 0x800158fd
core   0: 0x80000c38 (0x001d5813) srli    a6, s10, 1
core   0: 3 0x80000c38 (0x001d5813) x16 0x00000000
core   0: 0x80000c3c (0xe39a8ca3) sb      s9, -455(s5)
core   0: 3 0x80000c3c (0xe39a8ca3) mem 0x80015bd2 0x2
core   0: 0x80000c40 (0x41dcde93) srai    t4, s9, 29
core   0: 3 0x80000c40 (0x41dcde93) x29 0x00000000
core   0: 0x80000c44 (0xf33a9183) lh      gp, -205(s5)
core   0: 3 0x80000c44 (0xf33a9183) x 3 0x0000325b mem 0x80015ccc
core   0: 0x80000c48 (0x9fac6993) ori     s3, s8, -1542
core   0: 3 0x80000c48 (0x9fac6993) x19 0xffffffff
core   0: 0x80000c4c (0xf34a89a3) sb      s4, -205(s5)
core   0: 3 0x80000c4c (0xf34a89a3) mem 0x80015ccc 0x64
core   0: 0x80000c50 (0x013bd1b3) srl     gp, s7, s3
core   0: 3 0x80000c50 (0x013bd1b3) x 3 0x00000001
core   0: 0x80000c54 (0xb7bac183) lbu     gp, -1157(s5)
core   0: 3 0x80000c54 (0xb7bac183) x 3 0x00000011 mem 0x80015914
core   0: 0x80000c58 (0xa05ad603) lhu     a2, -1531(s5)
core   0: 3 0x80000c58 (0xa05ad603) x12 0x0000dc6f mem 0x8001579e
core   0: 0x80000c5c (0x00022097) auipc   ra, 0x22
core   0: 3 0x80000c5c (0x00022097) x 1 0x80022c5c
core   0: 0x80000c60 (0xdf208093) addi    ra, ra, -526
core   0: 3 0x80000c60 (0xdf208093) x 1 0x80022a4e
core   0: 0x80000c64 (0x00e09623) sh      a4, 12(ra)
core   0: 3 0x80000c64 (0x00e09623) mem 0x80022a5a 0x00f0
core   0: 0x80000c68 (0xff808a03) lb      s4, -8(ra)
core   0: 3 0x80000c68 (0xff808a03) x20 0x00000011 mem 0x80022a46
core   0: 0x80000c6c (0x00015797) auipc   a5, 0x15
core   0: 3 0x80000c6c (0x00015797) x15 0x80015c6c
core   0: 0x80000c70 (0x0fa78793) addi    a5, a5, 250
core   0: 3 0x80000c70 (0x0fa78793) x15 0x80015d66
core   0: 0x80000c74 (0x0010c803) lbu     a6, 1(ra)
core   0: 3 0x80000c74 (0x0010c803) x16 0x000000ad mem 0x80022a4f
core   0: 0x80000c78 (0x02f7ab23) sw      a5, 54(a5)
core   0: 3 0x80000c78 (0x02f7ab23) mem 0x80015d9c 0x80015d66
core   0: 0x80000c7c (0xff409703) lh      a4, -12(ra)
core   0: 3 0x80000c7c (0xff409703) x14 0xffff8aa5 mem 0x80022a42
core   0: 0x80000c80 (0x02178383) lb      t2, 33(a5)
core   0: 3 0x80000c80 (0x02178383) x 7 0xffffffa3 mem 0x80015d87
core   0: 0x80000c84 (0x00209f03) lh      t5, 2(ra)
core   0: 3 0x80000c84 (0x00209f03) x30 0x00003001 mem 0x80022a50
core   0: 0x80000c88 (0xffc782a3) sb      t3, -27(a5)
core   0: 3 0x80000c88 (0xffc782a3) mem 0x80015d4b 0x68
core   0: 0x80000c8c (0xff0788a3) sb      a6, -15(a5)
core   0: 3 0x80000c8c (0xff0788a3) mem 0x80015d57 0xad
core   0: 0x80000c90 (0xff209a03) lh      s4, -14(ra)
core   0: 3 0x80000c90 (0xff209a03) x20 0xffffabec mem 0x80022a40
core   0: 0x80000c94 (0xfdf78e23) sb      t6, -36(a5)
core   0: 3 0x80000c94 (0xfdf78e23) mem 0x80015d42 0x42
core   0: 0x80000c98 (0x00378703) lb      a4, 3(a5)
core   0: 3 0x80000c98 (0x00378703) x14 0x00000020 mem 0x80015d69
core   0: 0x80000c9c (0x00a0cd03) lbu     s10, 10(ra)
core   0: 3 0x80000c9c (0x00a0cd03) x26 0x00000095 mem 0x80022a58
core   0: 0x80000ca0 (0x0030cf83) lbu     t6, 3(ra)
core   0: 3 0x80000ca0 (0x0030cf83) x31 0x00000030 mem 0x80022a51
core   0: 0x80000ca4 (0xffb08ea3) sb      s11, -3(ra)
core   0: 3 0x80000ca4 (0xffb08ea3) mem 0x80022a4b 0xb
core   0: 0x80000ca8 (0x01079303) lh      t1, 16(a5)
core   0: 3 0x80000ca8 (0x01079303) x 6 0xffffb9c2 mem 0x80015d76
core   0: 0x80000cac (0x00015c17) auipc   s8, 0x15
core   0: 3 0x80000cac (0x00015c17) x24 0x80015cac
core   0: 0x80000cb0 (0x1cbc0c13) addi    s8, s8, 459
core   0: 3 0x80000cb0 (0x1cbc0c13) x24 0x80015e77
core   0: 0x80000cb4 (0xf4ac0c23) sb      a0, -168(s8)
core   0: 3 0x80000cb4 (0xf4ac0c23) mem 0x80015dcf 0x7f
core   0: 0x80000cb8 (0xf58c0983) lb      s3, -168(s8)
core   0: 3 0x80000cb8 (0xf58c0983) x19 0x0000007f mem 0x80015dcf
core   0: 0x80000cbc (0x0a0c09a3) sb      zero, 179(s8)
core   0: 3 0x80000cbc (0x0a0c09a3) mem 0x80015f2a 0x0
core   0: 0x80000cc0 (0x0b3c5503) lhu     a0, 179(s8)
core   0: 3 0x80000cc0 (0x0b3c5503) x10 0x00004f00 mem 0x80015f2a
core   0: 0x80000cc4 (0x0b3c5c83) lhu     s9, 179(s8)
core   0: 3 0x80000cc4 (0x0b3c5c83) x25 0x00004f00 mem 0x80015f2a
core   0: 0x80000cc8 (0x0a5c09a3) sb      t0, 179(s8)
core   0: 3 0x80000cc8 (0x0a5c09a3) mem 0x80015f2a 0x62
core   0: 0x80000ccc (0x0a0c09a3) sb      zero, 179(s8)
core   0: 3 0x80000ccc (0x0a0c09a3) mem 0x80015f2a 0x0
core   0: 0x80000cd0 (0x0a3c19a3) sh      gp, 179(s8)
core   0: 3 0x80000cd0 (0x0a3c19a3) mem 0x80015f2a 0x0011
core   0: 0x80000cd4 (0x0b3c5703) lhu     a4, 179(s8)
core   0: 3 0x80000cd4 (0x0b3c5703) x14 0x00000011 mem 0x80015f2a
core   0: 0x80000cd8 (0x0b3c0803) lb      a6, 179(s8)
core   0: 3 0x80000cd8 (0x0b3c0803) x16 0x00000011 mem 0x80015f2a
core   0: 0x80000cdc (0x00b0da33) srl     s4, ra, a1
core   0: 3 0x80000cdc (0x00b0da33) x20 0x080022a4
core   0: 0x80000ce0 (0x0b3c5283) lhu     t0, 179(s8)
core   0: 3 0x80000ce0 (0x0b3c5283) x 5 0x00000011 mem 0x80015f2a
core   0: 0x80000ce4 (0x0b3c4883) lbu     a7, 179(s8)
core   0: 3 0x80000ce4 (0x0b3c4883) x17 0x00000011 mem 0x80015f2a
core   0: 0x80000ce8 (0x065c0823) sb      t0, 112(s8)
core   0: 3 0x80000ce8 (0x065c0823) mem 0x80015ee7 0x11
core   0: 0x80000cec (0xf08c0183) lb      gp, -248(s8)
core   0: 3 0x80000cec (0xf08c0183) x 3 0x00000034 mem 0x80015d7f
core   0: 0x80000cf0 (0x00019797) auipc   a5, 0x19
core   0: 3 0x80000cf0 (0x00019797) x15 0x80019cf0
core   0: 0x80000cf4 (0x12a78793) addi    a5, a5, 298
core   0: 3 0x80000cf4 (0x12a78793) x15 0x80019e1a
core   0: 0x80000cf8 (0xae0781a3) sb      zero, -1309(a5)
core   0: 3 0x80000cf8 (0xae0781a3) mem 0x800198fd 0x0
core   0: 0x80000cfc (0x37878c83) lb      s9, 888(a5)
core   0: 3 0x80000cfc (0x37878c83) x25 0xffffff8d mem 0x8001a192
core   0: 0x80000d00 (0x072c6993) ori     s3, s8, 114
core   0: 3 0x80000d00 (0x072c6993) x19 0x80015e77
core   0: 0x80000d04 (0xb077c203) lbu     tp, -1273(a5)
core   0: 3 0x80000d04 (0xb077c203) x 4 0x000000f0 mem 0x80019921
core   0: 0x80000d08 (0x1fbcff17) auipc   t5, 0x1fbcf
core   0: 3 0x80000d08 (0x1fbcff17) x30 0x9fbcfd08
core   0: 0x80000d0c (0x11e78003) lb      zero, 286(a5)
core   0: 3 0x80000d0c (0x11e78003) mem 0x80019f38
core   0: 0x80000d10 (0xd2879f83) lh      t6, -728(a5)
core   0: 3 0x80000d10 (0xd2879f83) x31 0xfffff4ac mem 0x80019b42
core   0: 0x80000d14 (0x3de787a3) sb      t5, 975(a5)
core   0: 3 0x80000d14 (0x3de787a3) mem 0x8001a1e9 0x8
core   0: 0x80000d18 (0x01e05933) srl     s2, zero, t5
core   0: 3 0x80000d18 (0x01e05933) x18 0x00000000
core   0: 0x80000d1c (0x00081a13) slli    s4, a6, 0
core   0: 3 0x80000d1c (0x00081a13) x20 0x00000011
core   0: 0x80000d20 (0x00dc0bb3) add     s7, s8, a3
core   0: 3 0x80000d20 (0x00dc0bb3) x23 0x8001d6cf
core   0: 0x80000d24 (0x02213d93) sltiu   s11, sp, 34
core   0: 3 0x80000d24 (0x02213d93) x27 0x00000000
core   0: 0x80000d28 (0x00000013) nop
core   0: 3 0x80000d28 (0x00000013)
core   0: 0x80000d2c (0x56879883) lh      a7, 1384(a5)
core   0: 3 0x80000d2c (0x56879883) x17 0xffff81f5 mem 0x8001a382
core   0: 0x80000d30 (0x0ff0000f) fence   iorw,iorw
core   0: 3 0x80000d30 (0x0ff0000f)
core   0: 0x80000d34 (0x6cd78e83) lb      t4, 1741(a5)
core   0: 3 0x80000d34 (0x6cd78e83) x29 0xffffffe8 mem 0x8001a4e7
core   0: 0x80000d38 (0x53e79a83) lh      s5, 1342(a5)
core   0: 3 0x80000d38 (0x53e79a83) x21 0xffff8fc5 mem 0x8001a358
core   0: 0x80000d3c (0x21f78c03) lb      s8, 543(a5)
core   0: 3 0x80000d3c (0x21f78c03) x24 0xffffff9a mem 0x8001a039
core   0: 0x80000d40 (0x46f78703) lb      a4, 1135(a5)
core   0: 3 0x80000d40 (0x46f78703) x14 0x00000068 mem 0x8001a289
core   0: 0x80000d44 (0xbcb78fa3) sb      a1, -1057(a5)
core   0: 3 0x80000d44 (0xbcb78fa3) mem 0x800199f9 0xe4
core   0: 0x80000d48 (0x6947de83) lhu     t4, 1684(a5)
core   0: 3 0x80000d48 (0x6947de83) x29 0x00009fb6 mem 0x8001a4ae
core   0: 0x80000d4c (0xeb97c703) lbu     a4, -327(a5)
core   0: 3 0x80000d4c (0xeb97c703) x14 0x0000009c mem 0x80019cd3
core   0: 0x80000d50 (0x3ce7dc03) lhu     s8, 974(a5)
core   0: 3 0x80000d50 (0x3ce7dc03) x24 0x0000087f mem 0x8001a1e8
core   0: 0x80000d54 (0xb2c79d83) lh      s11, -1236(a5)
core   0: 3 0x80000d54 (0xb2c79d83) x27 0xffffec99 mem 0x80019946
core   0: 0x80000d58 (0x318ac693) xori    a3, s5, 792
core   0: 3 0x80000d58 (0x318ac693) x13 0xffff8cdd
core   0: 0x80000d5c (0x67578ca3) sb      s5, 1657(a5)
core   0: 3 0x80000d5c (0x67578ca3) mem 0x8001a493 0xc5
core   0: 0x80000d60 (0x88f7c683) lbu     a3, -1905(a5)
core   0: 3 0x80000d60 (0x88f7c683) x13 0x00000067 mem 0x800196a9
core   0: 0x80000d64 (0x0000100f) fence.i
core   0: 3 0x80000d64 (0x0000100f)
core   0: 0x80000d68 (0x0ff0000f) fence   iorw,iorw
core   0: 3 0x80000d68 (0x0ff0000f)
core   0: 0x80000d6c (0x001111b3) sll     gp, sp, ra
core   0: 3 0x80000d6c (0x001111b3) x 3 0xab990000
core   0: 0x80000d70 (0x83778c03) lb      s8, -1993(a5)
core   0: 3 0x80000d70 (0x83778c03) x24 0x00000079 mem 0x80019651
core   0: 0x80000d74 (0x00b9dc93) srli    s9, s3, 11
core   0: 3 0x80000d74 (0x00b9dc93) x25 0x0010002b
core   0: 0x80000d78 (0xaae7ad03) lw      s10, -1362(a5)
core   0: 3 0x80000d78 (0xaae7ad03) x26 0x7fa2b58d mem 0x800198c8
core   0: 0x80000d7c (0xbf178083) lb      ra, -1039(a5)
core   0: 3 0x80000d7c (0xbf178083) x 1 0xffffff9b mem 0x80019a0b
core   0: 0x80000d80 (0x0ff7af23) sw      t6, 254(a5)
core   0: 3 0x80000d80 (0x0ff7af23) mem 0x80019f18 0xfffff4ac
core   0: 0x80000d84 (0x0001f197) auipc   gp, 0x1f
core   0: 3 0x80000d84 (0x0001f197) x 3 0x8001fd84
core   0: 0x80000d88 (0x9f518193) addi    gp, gp, -1547
core   0: 3 0x80000d88 (0x9f518193) x 3 0x8001f779
core   0: 0x80000d8c (0x00464333) xor     t1, a2, tp
core   0: 3 0x80000d8c (0x00464333) x 6 0x0000dc9f
core   0: 0x80000d90 (0x7c603017) auipc   zero, 0x7c603
core   0: 3 0x80000d90 (0x7c603017)
core   0: 0x80000d94 (0x5f209417) auipc   s0, 0x5f209
core   0: 3 0x80000d94 (0x5f209417) x 8 0xdf209d94
core   0: 0x80000d98 (0x0196d233) srl     tp, a3, s9
core   0: 3 0x80000d98 (0x0196d233) x 4 0x00000000
core   0: 0x80000d9c (0x1731b413) sltiu   s0, gp, 371
core   0: 3 0x80000d9c (0x1731b413) x 8 0x00000000
core   0: 0x80000da0 (0x02418983) lb      s3, 36(gp)
core   0: 3 0x80000da0 (0x02418983) x19 0x00000077 mem 0x8001f79d
core   0: 0x80000da4 (0x3b73fa13) andi    s4, t2, 951
core   0: 3 0x80000da4 (0x3b73fa13) x20 0x000003a3
core   0: 0x80000da8 (0xdd16c813) xori    a6, a3, -559
core   0: 3 0x80000da8 (0xdd16c813) x16 0xfffffdb6
core   0: 0x80000dac (0x0241c983) lbu     s3, 36(gp)
core   0: 3 0x80000dac (0x0241c983) x19 0x00000077 mem 0x8001f79d
core   0: 0x80000db0 (0x0201c903) lbu     s2, 32(gp)
core   0: 3 0x80000db0 (0x0201c903) x18 0x00000062 mem 0x8001f799
core   0: 0x80000db4 (0x487c4e13) xori    t3, s8, 1159
core   0: 3 0x80000db4 (0x487c4e13) x28 0x000004fe
core   0: 0x80000db8 (0x00245eb3) srl     t4, s0, sp
core   0: 3 0x80000db8 (0x00245eb3) x29 0x00000000
core   0: 0x80000dbc (0x05618023) sb      s6, 64(gp)
core   0: 3 0x80000dbc (0x05618023) mem 0x8001f7b9 0x5c
core   0: 0x80000dc0 (0xfde18783) lb      a5, -34(gp)
core   0: 3 0x80000dc0 (0xfde18783) x15 0x00000027 mem 0x8001f757
core   0: 0x80000dc4 (0x0f3a4813) xori    a6, s4, 243
core   0: 3 0x80000dc4 (0x0f3a4813) x16 0x00000350
core   0: 0x80000dc8 (0x4de08893) addi    a7, ra, 1246
core   0: 3 0x80000dc8 (0x4de08893) x17 0x00000479
core   0: 0x80000dcc (0x4018d833) sra     a6, a7, ra
core   0: 3 0x80000dcc (0x4018d833) x16 0x00000000
core   0: 0x80000dd0 (0x01e19733) sll     a4, gp, t5
core   0: 3 0x80000dd0 (0x01e19733) x14 0x01f77900
core   0: 0x80000dd4 (0xffc18d83) lb      s11, -4(gp)
core   0: 3 0x80000dd4 (0xffc18d83) x27 0x00000065 mem 0x8001f775
core   0: 0x80000dd8 (0x00000013) nop
core   0: 3 0x80000dd8 (0x00000013)
core   0: 0x80000ddc (0x00118703) lb      a4, 1(gp)
core   0: 3 0x80000ddc (0x00118703) x14 0xffffff9e mem 0x8001f77a
core   0: 0x80000de0 (0x4146d013) srai    zero, a3, 20
core   0: 3 0x80000de0 (0x4146d013)
core   0: 0x80000de4 (0x00118503) lb      a0, 1(gp)
core   0: 3 0x80000de4 (0x00118503) x10 0xffffff9e mem 0x8001f77a
core   0: 0x80000de8 (0x0002d3b3) srl     t2, t0, zero
core   0: 3 0x80000de8 (0x0002d3b3) x 7 0x00000011
core   0: 0x80000dec (0x00828e33) add     t3, t0, s0
core   0: 3 0x80000dec (0x00828e33) x28 0x00000011
core   0: 0x80000df0 (0xfcc1c503) lbu     a0, -52(gp)
core   0: 3 0x80000df0 (0xfcc1c503) x10 0x000000a7 mem 0x8001f745
core   0: 0x80000df4 (0x0161c883) lbu     a7, 22(gp)
core   0: 3 0x80000df4 (0x0161c883) x17 0x0000008c mem 0x8001f78f
core   0: 0x80000df8 (0x01dd5993) srli    s3, s10, 29
core   0: 3 0x80000df8 (0x01dd5993) x19 0x00000003
core   0: 0x80000dfc (0x7217e613) ori     a2, a5, 1825
core   0: 3 0x80000dfc (0x7217e613) x12 0x00000727
core   0: 0x80000e00 (0x01018523) sb      a6, 10(gp)
core   0: 3 0x80000e00 (0x01018523) mem 0x8001f783 0x0
core   0: 0x80000e04 (0xfbbaa693) slti    a3, s5, -69
core   0: 3 0x80000e04 (0xfbbaa693) x13 0x00000001
core   0: 0x80000e08 (0xfd51d383) lhu     t2, -43(gp)
core   0: 3 0x80000e08 (0xfd51d383) x 7 0x00009d87 mem 0x8001f74e
core   0: 0x80000e0c (0x68bf3a17) auipc   s4, 0x68bf3
core   0: 3 0x80000e0c (0x68bf3a17) x20 0xe8bf3e0c
core   0: 0x80000e10 (0xff218883) lb      a7, -14(gp)
core   0: 3 0x80000e10 (0xff218883) x17 0x00000025 mem 0x8001f76b
core   0: 0x80000e14 (0xfc318e03) lb      t3, -61(gp)
core   0: 3 0x80000e14 (0xfc318e03) x28 0xffffffb2 mem 0x8001f73c
core   0: 0x80000e18 (0x0251de03) lhu     t3, 37(gp)
core   0: 3 0x80000e18 (0x0251de03) x28 0x00006f20 mem 0x8001f79e
core   0: 0x80000e1c (0xfcc18083) lb      ra, -52(gp)
core   0: 3 0x80000e1c (0xfcc18083) x 1 0xffffffa7 mem 0x8001f745
core   0: 0x80000e20 (0xff318fa3) sb      s3, -1(gp)
core   0: 3 0x80000e20 (0xff318fa3) mem 0x8001f778 0x3
core   0: 0x80000e24 (0x00015697) auipc   a3, 0x15
core   0: 3 0x80000e24 (0x00015697) x13 0x80015e24
core   0: 0x80000e28 (0x90c68693) addi    a3, a3, -1780
core   0: 3 0x80000e28 (0x90c68693) x13 0x80015730
core   0: 0x80000e2c (0x00269a83) lh      s5, 2(a3)
core   0: 3 0x80000e2c (0x00269a83) x21 0x00004dfb mem 0x80015732
core   0: 0x80000e30 (0x00a68403) lb      s0, 10(a3)
core   0: 3 0x80000e30 (0x00a68403) x 8 0x00000055 mem 0x8001573a
core   0: 0x80000e34 (0x41145633) sra     a2, s0, a7
core   0: 3 0x80000e34 (0x41145633) x12 0x00000002
core   0: 0x80000e38 (0x00f6c803) lbu     a6, 15(a3)
core   0: 3 0x80000e38 (0x00f6c803) x16 0x000000dc mem 0x8001573f
core   0: 0x80000e3c (0x0165d3b3) srl     t2, a1, s6
core   0: 3 0x80000e3c (0x0165d3b3) x 7 0x00000008
core   0: 0x80000e40 (0x00668d83) lb      s11, 6(a3)
core   0: 3 0x80000e40 (0x00668d83) x27 0xffffff86 mem 0x80015736
core   0: 0x80000e44 (0xf5e2b217) auipc   tp, 0xf5e2b
core   0: 3 0x80000e44 (0xf5e2b217) x 4 0x75e2be44
core   0: 0x80000e48 (0x01bd7333) and     t1, s10, s11
core   0: 3 0x80000e48 (0x01bd7333) x 6 0x7fa2b584
core   0: 0x80000e4c (0x40900433) sub     s0, zero, s1
core   0: 3 0x80000e4c (0x40900433) x 8 0x00000000
core   0: 0x80000e50 (0x002adf33) srl     t5, s5, sp
core   0: 3 0x80000e50 (0x002adf33) x30 0x000004df
core   0: 0x80000e54 (0xff46c003) lbu     zero, -12(a3)
core   0: 3 0x80000e54 (0xff46c003) mem 0x80015724
core   0: 0x80000e58 (0x30ebddb7) lui     s11, 0x30ebd
core   0: 3 0x80000e58 (0x30ebddb7) x27 0x30ebd000
core   0: 0x80000e5c (0x2c2cf093) andi    ra, s9, 706
core   0: 3 0x80000e5c (0x2c2cf093) x 1 0x00000002
core   0: 0x80000e60 (0x0ff0000f) fence   iorw,iorw
core   0: 3 0x80000e60 (0x0ff0000f)
core   0: 0x80000e64 (0x00b68003) lb      zero, 11(a3)
core   0: 3 0x80000e64 (0x00b68003) mem 0x8001573b
core   0: 0x80000e68 (0xffe69d23) sh      t5, -6(a3)
core   0: 3 0x80000e68 (0xffe69d23) mem 0x8001572a 0x04df
core   0: 0x80000e6c (0xff269283) lh      t0, -14(a3)
core   0: 3 0x80000e6c (0xff269283) x 5 0x00007510 mem 0x80015722
core   0: 0x80000e70 (0xff868283) lb      t0, -8(a3)
core   0: 3 0x80000e70 (0xff868283) x 5 0x0000006d mem 0x80015728
core   0: 0x80000e74 (0xff768483) lb      s1, -9(a3)
core   0: 3 0x80000e74 (0xff768483) x 9 0xffffffaa mem 0x80015727
core   0: 0x80000e78 (0xff66c303) lbu     t1, -10(a3)
core   0: 3 0x80000e78 (0xff66c303) x 6 0x00000036 mem 0x80015726
core   0: 0x80000e7c (0x00068983) lb      s3, 0(a3)
core   0: 3 0x80000e7c (0x00068983) x19 0xffffffb4 mem 0x80015730
core   0: 0x80000e80 (0x00968d83) lb      s11, 9(a3)
core   0: 3 0x80000e80 (0x00968d83) x27 0xfffffffe mem 0x80015739
core   0: 0x80000e84 (0x0125dfb3) srl     t6, a1, s2
core   0: 3 0x80000e84 (0x0125dfb3) x31 0x2000bb39
core   0: 0x80000e88 (0x406c50b3) sra     ra, s8, t1
core   0: 3 0x80000e88 (0x406c50b3) x 1 0x00000000
core   0: 0x80000e8c (0x02e63613) sltiu   a2, a2, 46
core   0: 3 0x80000e8c (0x02e63613) x12 0x00000001
core   0: 0x80000e90 (0x007b0633) add     a2, s6, t2
core   0: 3 0x80000e90 (0x007b0633) x12 0xfe61bb64
core   0: 0x80000e94 (0x0ff0000f) fence   iorw,iorw
core   0: 3 0x80000e94 (0x0ff0000f)
core   0: 0x80000e98 (0x0000100f) fence.i
core   0: 3 0x80000e98 (0x0000100f)
core   0: 0x80000e9c (0x0116a423) sw      a7, 8(a3)
core   0: 3 0x80000e9c (0x0116a423) mem 0x80015738 0x00000025
core   0: 0x80000ea0 (0x80c99237) lui     tp, 0x80c99
core   0: 3 0x80000ea0 (0x80c99237) x 4 0x80c99000
core   0: 0x80000ea4 (0x0134d233) srl     tp, s1, s3
core   0: 3 0x80000ea4 (0x0134d233) x 4 0x00000fff
core   0: 0x80000ea8 (0x00a04db3) xor     s11, zero, a0
core   0: 3 0x80000ea8 (0x00a04db3) x27 0x000000a7
core   0: 0x80000eac (0x01d421b3) slt     gp, s0, t4
core   0: 3 0x80000eac (0x01d421b3) x 3 0x00000000
core   0: 0x80000eb0 (0xfff6cf83) lbu     t6, -1(a3)
core   0: 3 0x80000eb0 (0xfff6cf83) x31 0x00000048 mem 0x8001572f
core   0: 0x80000eb4 (0x00015a17) auipc   s4, 0x15
core   0: 3 0x80000eb4 (0x00015a17) x20 0x80015eb4
core   0: 0x80000eb8 (0x932a0a13) addi    s4, s4, -1742
core   0: 3 0x80000eb8 (0x932a0a13) x20 0x800157e6
core   0: 0x80000ebc (0xf7aa2c03) lw      s8, -134(s4)
core   0: 3 0x80000ebc (0xf7aa2c03) x24 0xc93b922e mem 0x80015760
core   0: 0x80000ec0 (0x00fa9933) sll     s2, s5, a5
core   0: 3 0x80000ec0 (0x00fa9933) x18 0x0026fd80
core   0: 0x80000ec4 (0x011f1cb3) sll     s9, t5, a7
core   0: 3 0x80000ec4 (0x011f1cb3) x25 0x00009be0
core   0: 0x80000ec8 (0xfafa0683) lb      a3, -81(s4)
core   0: 3 0x80000ec8 (0xfafa0683) x13 0xffffffc3 mem 0x80015795
core   0: 0x80000ecc (0xfa1a4a83) lbu     s5, -95(s4)
core   0: 3 0x80000ecc (0xfa1a4a83) x21 0x00000019 mem 0x80015787
core   0: 0x80000ed0 (0x0a7a1023) sh      t2, 160(s4)
core   0: 3 0x80000ed0 (0x0a7a1023) mem 0x80015886 0x0008
core   0: 0x80000ed4 (0xf59a2723) sw      s9, -178(s4)
core   0: 3 0x80000ed4 (0xf59a2723) mem 0x80015734 0x00009be0
core   0: 0x80000ed8 (0xf66a2d23) sw      t1, -134(s4)
core   0: 3 0x80000ed8 (0xf66a2d23) mem 0x80015760 0x00000036
core   0: 0x80000edc (0x092a1383) lh      t2, 146(s4)
core   0: 3 0x80000edc (0x092a1383) x 7 0xfffff3f4 mem 0x80015878
core   0: 0x80000ee0 (0xfbaa4003) lbu     zero, -70(s4)
core   0: 3 0x80000ee0 (0xfbaa4003) mem 0x800157a0
core   0: 0x80000ee4 (0xf12a06a3) sb      s2, -243(s4)
core   0: 3 0x80000ee4 (0xf12a06a3) mem 0x800156f3 0x80
core   0: 0x80000ee8 (0xf70a0003) lb      zero, -144(s4)
core   0: 3 0x80000ee8 (0xf70a0003) mem 0x80015756
core   0: 0x80000eec (0x0fda05a3) sb      t4, 235(s4)
core   0: 3 0x80000eec (0x0fda05a3) mem 0x800158d1 0x0
core   0: 0x80000ef0 (0x029a0a83) lb      s5, 41(s4)
core   0: 3 0x80000ef0 (0x029a0a83) x21 0x00000012 mem 0x8001580f
core   0: 0x80000ef4 (0x0000100f) fence.i
core   0: 3 0x80000ef4 (0x0000100f)
core   0: 0x80000ef8 (0x0ff0000f) fence   iorw,iorw
core   0: 3 0x80000ef8 (0x0ff0000f)
core   0: 0x80000efc (0xf25a0903) lb      s2, -219(s4)
core   0: 3 0x80000efc (0xf25a0903) x18 0x00000075 mem 0x8001570b
core   0: 0x80000f00 (0x36efd9b7) lui     s3, 0x36efd
core   0: 3 0x80000f00 (0x36efd9b7) x19 0x36efd000
core   0: 0x80000f04 (0x5ed831b7) lui     gp, 0x5ed83
core   0: 3 0x80000f04 (0x5ed831b7) x 3 0x5ed83000
core   0: 0x80000f08 (0x001d9613) slli    a2, s11, 1
core   0: 3 0x80000f08 (0x001d9613) x12 0x0000014e
core   0: 0x80000f0c (0xf78a1503) lh      a0, -136(s4)
core   0: 3 0x80000f0c (0xf78a1503) x10 0xffffcc81 mem 0x8001575e
core   0: 0x80000f10 (0x69073797) auipc   a5, 0x69073
core   0: 3 0x80000f10 (0x69073797) x15 0xe9073f10
core   0: 0x80000f14 (0x0a5a0383) lb      t2, 165(s4)
core   0: 3 0x80000f14 (0x0a5a0383) x 7 0xffffff8f mem 0x8001588b
core   0: 0x80000f18 (0x05ea0003) lb      zero, 94(s4)
core   0: 3 0x80000f18 (0x05ea0003) mem 0x80015844
core   0: 0x80000f1c (0xf04a5503) lhu     a0, -252(s4)
core   0: 3 0x80000f1c (0xf04a5503) x10 0x00001d3f mem 0x800156ea
core   0: 0x80000f20 (0x030a0783) lb      a5, 48(s4)
core   0: 3 0x80000f20 (0x030a0783) x15 0xffffffde mem 0x80015816
core   0: 0x80000f24 (0x007b2bb3) slt     s7, s6, t2
core   0: 3 0x80000f24 (0x007b2bb3) x23 0x00000001
core   0: 0x80000f28 (0x006a9f13) slli    t5, s5, 6
core   0: 3 0x80000f28 (0x006a9f13) x30 0x00000480
core   0: 0x80000f2c (0x0f6a4903) lbu     s2, 246(s4)
core   0: 3 0x80000f2c (0x0f6a4903) x18 0x00000036 mem 0x800158dc
core   0: 0x80000f30 (0xfb9a4f03) lbu     t5, -71(s4)
core   0: 3 0x80000f30 (0xfb9a4f03) x30 0x000000dc mem 0x8001579f
core   0: 0x80000f34 (0xf58a06a3) sb      s8, -179(s4)
core   0: 3 0x80000f34 (0xf58a06a3) mem 0x80015733 0x2e
core   0: 0x80000f38 (0x0f8a0223) sb      s8, 228(s4)
core   0: 3 0x80000f38 (0x0f8a0223) mem 0x800158ca 0x2e
core   0: 0x80000f3c (0xfd3a0783) lb      a5, -45(s4)
core   0: 3 0x80000f3c (0xfd3a0783) x15 0x00000050 mem 0x800157b9
core   0: 0x80000f40 (0x0baa04a3) sb      s10, 169(s4)
core   0: 3 0x80000f40 (0x0baa04a3) mem 0x8001588f 0x8d
core   0: 0x80000f44 (0x0b4a1883) lh      a7, 180(s4)
core   0: 3 0x80000f44 (0x0b4a1883) x17 0xffffc386 mem 0x8001589a
core   0: 0x80000f48 (0xf6ea4983) lbu     s3, -146(s4)
core   0: 3 0x80000f48 (0xf6ea4983) x19 0x00000030 mem 0x80015754
core   0: 0x80000f4c (0x41c0d1b3) sra     gp, ra, t3
core   0: 3 0x80000f4c (0x41c0d1b3) x 3 0x00000000
core   0: 0x80000f50 (0xf2ba04a3) sb      a1, -215(s4)
core   0: 3 0x80000f50 (0xf2ba04a3) mem 0x8001570f 0xe4
core   0: 0x80000f54 (0xd2d7b317) auipc   t1, 0xd2d7b
core   0: 3 0x80000f54 (0xd2d7b317) x 6 0x52d7bf54
core   0: 0x80000f58 (0x05ea1903) lh      s2, 94(s4)
core   0: 3 0x80000f58 (0x05ea1903) x18 0x000064ff mem 0x80015844
core   0: 0x80000f5c (0x01c73233) sltu    tp, a4, t3
core   0: 3 0x80000f5c (0x01c73233) x 4 0x00000000
core   0: 0x80000f60 (0x039a4803) lbu     a6, 57(s4)
core   0: 3 0x80000f60 (0x039a4803) x16 0x000000d0 mem 0x8001581f
core   0: 0x80000f64 (0x4076dcb3) sra     s9, a3, t2
core   0: 3 0x80000f64 (0x4076dcb3) x25 0xffffffff
core   0: 0x80000f68 (0x0b2a1c83) lh      s9, 178(s4)
core   0: 3 0x80000f68 (0x0b2a1c83) x25 0x00005978 mem 0x80015898
core   0: 0x80000f6c (0x0001c897) auipc   a7, 0x1c
core   0: 3 0x80000f6c (0x0001c897) x17 0x8001cf6c
core   0: 0x80000f70 (0x99688893) addi    a7, a7, -1642
core   0: 3 0x80000f70 (0x99688893) x17 0x8001c902
core   0: 0x80000f74 (0x0198c983) lbu     s3, 25(a7)
core   0: 3 0x80000f74 (0x0198c983) x19 0x00000029 mem 0x8001c91b
core   0: 0x80000f78 (0x41fb5a93) srai    s5, s6, 31
core   0: 3 0x80000f78 (0x41fb5a93) x21 0xffffffff
core   0: 0x80000f7c (0x0218cd83) lbu     s11, 33(a7)
core   0: 3 0x80000f7c (0x0218cd83) x27 0x000000a6 mem 0x8001c923
core   0: 0x80000f80 (0xfdf8c403) lbu     s0, -33(a7)
core   0: 3 0x80000f80 (0xfdf8c403) x 8 0x0000009d mem 0x8001c8e1
core   0: 0x80000f84 (0x41955cb3) sra     s9, a0, s9
core   0: 3 0x80000f84 (0x41955cb3) x25 0x00000000
core   0: 0x80000f88 (0x0ff0000f) fence   iorw,iorw
core   0: 3 0x80000f88 (0x0ff0000f)
core   0: 0x80000f8c (0x019b5233) srl     tp, s6, s9
core   0: 3 0x80000f8c (0x019b5233) x 4 0xfe61bb5c
core   0: 0x80000f90 (0x03088ba3) sb      a6, 55(a7)
core   0: 3 0x80000f90 (0x03088ba3) mem 0x8001c939 0xd0
core   0: 0x80000f94 (0x0126feb3) and     t4, a3, s2
core   0: 3 0x80000f94 (0x0126feb3) x29 0x000064c3
core   0: 0x80000f98 (0xff788783) lb      a5, -9(a7)
core   0: 3 0x80000f98 (0xff788783) x15 0x00000018 mem 0x8001c8f9
core   0: 0x80000f9c (0x015919b3) sll     s3, s2, s5
core   0: 3 0x80000f9c (0x015919b3) x19 0x80000000
core   0: 0x80000fa0 (0xfc48cb83) lbu     s7, -60(a7)
core   0: 3 0x80000fa0 (0xfc48cb83) x23 0x0000002a mem 0x8001c8c6
core   0: 0x80000fa4 (0x01e88e23) sb      t5, 28(a7)
core   0: 3 0x80000fa4 (0x01e88e23) mem 0x8001c91e 0xdc
core   0: 0x80000fa8 (0x0208c083) lbu     ra, 32(a7)
core   0: 3 0x80000fa8 (0x0208c083) x 1 0x000000e3 mem 0x8001c922
core   0: 0x80000fac (0x00fb5913) srli    s2, s6, 15
core   0: 3 0x80000fac (0x00fb5913) x18 0x0001fcc3
core   0: 0x80000fb0 (0x007cbfb3) sltu    t6, s9, t2
core   0: 3 0x80000fb0 (0x007cbfb3) x31 0x00000001
core   0: 0x80000fb4 (0x004514b3) sll     s1, a0, tp
core   0: 3 0x80000fb4 (0x004514b3) x 9 0xf0000000
core   0: 0x80000fb8 (0x00000013) nop
core   0: 3 0x80000fb8 (0x00000013)
core   0: 0x80000fbc (0x006e9e93) slli    t4, t4, 6
core   0: 3 0x80000fbc (0x006e9e93) x29 0x001930c0
core   0: 0x80000fc0 (0x02f88f03) lb      t5, 47(a7)
core   0: 3 0x80000fc0 (0x02f88f03) x30 0xfffffff1 mem 0x8001c931
core   0: 0x80000fc4 (0x168d8f93) addi    t6, s11, 360
core   0: 3 0x80000fc4 (0x168d8f93) x31 0x0000020e
core   0: 0x80000fc8 (0x015d10b3) sll     ra, s10, s5
core   0: 3 0x80000fc8 (0x015d10b3) x 1 0x80000000
core   0: 0x80000fcc (0x00000013) nop
core   0: 3 0x80000fcc (0x00000013)
core   0: 0x80000fd0 (0x01e9d513) srli    a0, s3, 30
core   0: 3 0x80000fd0 (0x01e9d513) x10 0x00000002
core   0: 0x80000fd4 (0x0ff0000f) fence   iorw,iorw
core   0: 3 0x80000fd4 (0x0ff0000f)
core   0: 0x80000fd8 (0x00c7b433) sltu    s0, a5, a2
core   0: 3 0x80000fd8 (0x00c7b433) x 8 0x00000001
core   0: 0x80000fdc (0xfc68ad83) lw      s11, -58(a7)
core   0: 3 0x80000fdc (0xfc68ad83) x27 0x23d908f5 mem 0x8001c8c8
core   0: 0x80000fe0 (0x00fc5433) srl     s0, s8, a5
core   0: 3 0x80000fe0 (0x00fc5433) x 8 0x000000c9
core   0: 0x80000fe4 (0x00f889a3) sb      a5, 19(a7)
core   0: 3 0x80000fe4 (0x00f889a3) mem 0x8001c915 0x18
core   0: 0x80000fe8 (0x00e89823) sh      a4, 16(a7)
core   0: 3 0x80000fe8 (0x00e89823) mem 0x8001c912 0xff9e
core   0: 0x80000fec (0x03d89f23) sh      t4, 62(a7)
core   0: 3 0x80000fec (0x03d89f23) mem 0x8001c940 0x30c0
core   0: 0x80000ff0 (0x00022b97) auipc   s7, 0x22
core   0: 3 0x80000ff0 (0x00022b97) x23 0x80022ff0
core   0: 0x80000ff4 (0x84db8b93) addi    s7, s7, -1971
core   0: 3 0x80000ff4 (0x84db8b93) x23 0x8002283d
core   0: 0x80000ff8 (0xfd3bad83) lw      s11, -45(s7)
core   0: 3 0x80000ff8 (0xfd3bad83) x27 0x370847b4 mem 0x80022810
core   0: 0x80000ffc (0x00000013) nop
core   0: 3 0x80000ffc (0x00000013)
core   0: 0x80001000 (0x02db8983) lb      s3, 45(s7)
core   0: 3 0x80001000 (0x02db8983) x19 0xffffff99 mem 0x8002286a
core   0: 0x80001004 (0x00fff033) and     zero, t6, a5
core   0: 3 0x80001004 (0x00fff033)
core   0: 0x80001008 (0x01a93333) sltu    t1, s2, s10
core   0: 3 0x80001008 (0x01a93333) x 6 0x00000001
core   0: 0x8000100c (0x024b8423) sb      tp, 40(s7)
core   0: 3 0x8000100c (0x024b8423) mem 0x80022865 0x5c
core   0: 0x80001010 (0x0ff0000f) fence   iorw,iorw
core   0: 3 0x80001010 (0x0ff0000f)
core   0: 0x80001014 (0x01fbd683) lhu     a3, 31(s7)
core   0: 3 0x80001014 (0x01fbd683) x13 0x00002ca6 mem 0x8002285c
core   0: 0x80001018 (0xfc3b99a3) sh      gp, -45(s7)
core   0: 3 0x80001018 (0xfc3b99a3) mem 0x80022810 0x0000
core   0: 0x8000101c (0x02fb8023) sb      a5, 32(s7)
core   0: 3 0x8000101c (0x02fb8023) mem 0x8002285d 0x18
core   0: 0x80001020 (0x020bc283) lbu     t0, 32(s7)
core   0: 3 0x80001020 (0x020bc283) x 5 0x00000018 mem 0x8002285d
core   0: 0x80001024 (0x017f9e93) slli    t4, t6, 23
core   0: 3 0x80001024 (0x017f9e93) x29 0x07000000
core   0: 0x80001028 (0x032b8023) sb      s2, 32(s7)
core   0: 3 0x80001028 (0x032b8023) mem 0x8002285d 0xc3
core   0: 0x8000102c (0xfddb9fa3) sh      t4, -33(s7)
core   0: 3 0x8000102c (0xfddb9fa3) mem 0x8002281c 0x0000
core   0: 0x80001030 (0x02abc883) lbu     a7, 42(s7)
core   0: 3 0x80001030 (0x02abc883) x17 0x00000009 mem 0x80022867
core   0: 0x80001034 (0x00014197) auipc   gp, 0x14
core   0: 3 0x80001034 (0x00014197) x 3 0x80015034
core   0: 0x80001038 (0x60618193) addi    gp, gp, 1542
core   0: 3 0x80001038 (0x60618193) x 3 0x8001563a
core   0: 0x8000103c (0x0000100f) fence.i
core   0: 3 0x8000103c (0x0000100f)
core   0: 0x80001040 (0xfeb18ba3) sb      a1, -9(gp)
core   0: 3 0x80001040 (0xfeb18ba3) mem 0x80015631 0xe4
core   0: 0x80001044 (0x0061c703) lbu     a4, 6(gp)
core   0: 3 0x80001044 (0x0061c703) x14 0x00000011 mem 0x80015640
core   0: 0x80001048 (0xff41d503) lhu     a0, -12(gp)
core   0: 3 0x80001048 (0xff41d503) x10 0x0000cde6 mem 0x8001562e
core   0: 0x8000104c (0x014993b3) sll     t2, s3, s4
core   0: 3 0x8000104c (0x014993b3) x 7 0xffffe640
core   0: 0x80001050 (0xff419f03) lh      t5, -12(gp)
core   0: 3 0x80001050 (0xff419f03) x30 0xffffcde6 mem 0x8001562e
core   0: 0x80001054 (0x0061c783) lbu     a5, 6(gp)
core   0: 3 0x80001054 (0x0061c783) x15 0x00000011 mem 0x80015640
core   0: 0x80001058 (0x01f19323) sh      t6, 6(gp)
core   0: 3 0x80001058 (0x01f19323) mem 0x80015640 0x020e
core   0: 0x8000105c (0x00618f83) lb      t6, 6(gp)
core   0: 3 0x8000105c (0x00618f83) x31 0x0000000e mem 0x80015640
core   0: 0x80001060 (0x00562d33) slt     s10, a2, t0
core   0: 3 0x80001060 (0x00562d33) x26 0x00000000
core   0: 0x80001064 (0x0061cd03) lbu     s10, 6(gp)
core   0: 3 0x80001064 (0x0061cd03) x26 0x0000000e mem 0x80015640
core   0: 0x80001068 (0x418b5633) sra     a2, s6, s8
core   0: 3 0x80001068 (0x418b5633) x12 0xfffff986
core   0: 0x8000106c (0x00618e03) lb      t3, 6(gp)
core   0: 3 0x8000106c (0x00618e03) x28 0x0000000e mem 0x80015640
core   0: 0x80001070 (0x0061aa03) lw      s4, 6(gp)
core   0: 3 0x80001070 (0x0061aa03) x20 0x348c020e mem 0x80015640
core   0: 0x80001074 (0xfff1c203) lbu     tp, -1(gp)
core   0: 3 0x80001074 (0xfff1c203) x 4 0x000000a0 mem 0x80015639
core   0: 0x80001078 (0x0b1f6717) auipc   a4, 0xb1f6
core   0: 3 0x80001078 (0x0b1f6717) x14 0x8b1f7078
core   0: 0x8000107c (0xffb1c503) lbu     a0, -5(gp)
core   0: 3 0x8000107c (0xffb1c503) x10 0x000000fc mem 0x80015635
core   0: 0x80001080 (0xff818da3) sb      s8, -5(gp)
core   0: 3 0x80001080 (0xff818da3) mem 0x80015635 0x2e
core   0: 0x80001084 (0x0053d033) srl     zero, t2, t0
core   0: 3 0x80001084 (0x0053d033)
core   0: 0x80001088 (0xff718a03) lb      s4, -9(gp)
core   0: 3 0x80001088 (0xff718a03) x20 0xffffffe4 mem 0x80015631
core   0: 0x8000108c (0xff718383) lb      t2, -9(gp)
core   0: 3 0x8000108c (0xff718383) x 7 0xffffffe4 mem 0x80015631
core   0: 0x80001090 (0x00a181a3) sb      a0, 3(gp)
core   0: 3 0x80001090 (0x00a181a3) mem 0x8001563d 0xfc
core   0: 0x80001094 (0x00519893) slli    a7, gp, 5
core   0: 3 0x80001094 (0x00519893) x17 0x002ac740
core   0: 0x80001098 (0x00318503) lb      a0, 3(gp)
core   0: 3 0x80001098 (0x00318503) x10 0xfffffffc mem 0x8001563d
core   0: 0x8000109c (0x0001fc17) auipc   s8, 0x1f
core   0: 3 0x8000109c (0x0001fc17) x24 0x8002009c
core   0: 0x800010a0 (0x7b0c0c13) addi    s8, s8, 1968
core   0: 3 0x800010a0 (0x7b0c0c13) x24 0x8002084c
core   0: 0x800010a4 (0xe0cc0e03) lb      t3, -500(s8)
core   0: 3 0x800010a4 (0xe0cc0e03) x28 0xffffffe6 mem 0x80020658
core   0: 0x800010a8 (0x339c06a3) sb      s9, 813(s8)
core   0: 3 0x800010a8 (0x339c06a3) mem 0x80020b79 0x0
core   0: 0x800010ac (0x01ea2033) slt     zero, s4, t5
core   0: 3 0x800010ac (0x01ea2033)
core   0: 0x800010b0 (0x4094d193) srai    gp, s1, 9
core   0: 3 0x800010b0 (0x4094d193) x 3 0xfff80000
core   0: 0x800010b4 (0x1f002913) slti    s2, zero, 496
core   0: 3 0x800010b4 (0x1f002913) x18 0x00000001
core   0: 0x800010b8 (0xf5a8e997) auipc   s3, 0xf5a8e
core   0: 3 0x800010b8 (0xf5a8e997) x19 0x75a8f0b8
core   0: 0x800010bc (0xe4cc07a3) sb      a2, -433(s8)
core   0: 3 0x800010bc (0xe4cc07a3) mem 0x8002069b 0x86
core   0: 0x800010c0 (0x015e9513) slli    a0, t4, 21
core   0: 3 0x800010c0 (0x015e9513) x10 0x00000000
core   0: 0x800010c4 (0xe85c4783) lbu     a5, -379(s8)
core   0: 3 0x800010c4 (0xe85c4783) x15 0x000000bf mem 0x800206d1
core   0: 0x800010c8 (0x20838413) addi    s0, t2, 520
core   0: 3 0x800010c8 (0x20838413) x 8 0x000001ec
core   0: 0x800010cc (0x001e5033) srl     zero, t3, ra
core   0: 3 0x800010cc (0x001e5033)
core   0: 0x800010d0 (0x441c4303) lbu     t1, 1089(s8)
core   0: 3 0x800010d0 (0x441c4303) x 6 0x000000e5 mem 0x80020c8d
core   0: 0x800010d4 (0x00cd5bb3) srl     s7, s10, a2
core   0: 3 0x800010d4 (0x00cd5bb3) x23 0x00000000
core   0: 0x800010d8 (0x00c38433) add     s0, t2, a2
core   0: 3 0x800010d8 (0x00c38433) x 8 0xfffff96a
core   0: 0x800010dc (0xf3fc4a83) lbu     s5, -193(s8)
core   0: 3 0x800010dc (0xf3fc4a83) x21 0x000000d4 mem 0x8002078b
core   0: 0x800010e0 (0x015877b3) and     a5, a6, s5
core   0: 3 0x800010e0 (0x015877b3) x15 0x000000d0
core   0: 0x800010e4 (0x6e4c2803) lw      a6, 1764(s8)
core   0: 3 0x800010e4 (0x6e4c2803) x16 0x82861bfd mem 0x80020f30
core   0: 0x800010e8 (0x009da333) slt     t1, s11, s1
core   0: 3 0x800010e8 (0x009da333) x 6 0x00000000
core   0: 0x800010ec (0x00f3ccb3) xor     s9, t2, a5
core   0: 3 0x800010ec (0x00f3ccb3) x25 0xffffff34
core   0: 0x800010f0 (0x406dd393) srai    t2, s11, 6
core   0: 3 0x800010f0 (0x406dd393) x 7 0x00dc211e
core   0: 0x800010f4 (0x00c649b3) xor     s3, a2, a2
core   0: 3 0x800010f4 (0x00c649b3) x19 0x00000000
core   0: 0x800010f8 (0x00fb9993) slli    s3, s7, 15
core   0: 3 0x800010f8 (0x00fb9993) x19 0x00000000
core   0: 0x800010fc (0x6aded8b7) lui     a7, 0x6aded
core   0: 3 0x800010fc (0x6aded8b7) x17 0x6aded000
core   0: 0x80001100 (0x000a27b3) slt     a5, s4, zero
core   0: 3 0x80001100 (0x000a27b3) x15 0x00000001
core   0: 0x80001104 (0x0ff0000f) fence   iorw,iorw
core   0: 3 0x80001104 (0x0ff0000f)
core   0: 0x80001108 (0xdf1c0803) lb      a6, -527(s8)
core   0: 3 0x80001108 (0xdf1c0803) x16 0xffffffbe mem 0x8002063d
core   0: 0x8000110c (0xa00c0aa3) sb      zero, -1515(s8)
core   0: 3 0x8000110c (0xa00c0aa3) mem 0x80020261 0x0
core   0: 0x80001110 (0x3fe5eb93) ori     s7, a1, 1022
core   0: 3 0x80001110 (0x3fe5eb93) x23 0x8002effe
core   0: 0x80001114 (0x40d15533) sra     a0, sp, a3
core   0: 3 0x80001114 (0x40d15533) x10 0xfe000ab9
core   0: 0x80001118 (0x12bc0403) lb      s0, 299(s8)
core   0: 3 0x80001118 (0x12bc0403) x 8 0xffffffd8 mem 0x80020977
core   0: 0x8000111c (0x783c0d03) lb      s10, 1923(s8)
core   0: 3 0x8000111c (0x783c0d03) x26 0xffffffe3 mem 0x80020fcf
core   0: 0x80001120 (0xa74aaf13) slti    t5, s5, -1420
core   0: 3 0x80001120 (0xa74aaf13) x30 0x00000000
core   0: 0x80001124 (0xc4888193) addi    gp, a7, -952
core   0: 3 0x80001124 (0xc4888193) x 3 0x6adecc48
core   0: 0x80001128 (0x214c1e23) sh      s4, 540(s8)
core   0: 3 0x80001128 (0x214c1e23) mem 0x80020a68 0xffe4
core   0: 0x8000112c (0x00014717) auipc   a4, 0x14
core   0: 3 0x8000112c (0x00014717) x14 0x8001512c
core   0: 0x80001130 (0xfe070713) addi    a4, a4, -32
core   0: 3 0x80001130 (0xfe070713) x14 0x8001510c
core   0: 0x80001134 (0x5c934493) xori    s1, t1, 1481
core   0: 3 0x80001134 (0x5c934493) x 9 0x000005c9
core   0: 0x80001138 (0x01dc1fb3) sll     t6, s8, t4
core   0: 3 0x80001138 (0x01dc1fb3) x31 0x8002084c
core   0: 0x8000113c (0x0083b8b3) sltu    a7, t2, s0
core   0: 3 0x8000113c (0x0083b8b3) x17 0x00000001
core   0: 0x80001140 (0xa8018fb7) lui     t6, 0xa8018
core   0: 3 0x80001140 (0xa8018fb7) x31 0xa8018000
core   0: 0x80001144 (0xfd671e83) lh      t4, -42(a4)
core   0: 3 0x80001144 (0xfd671e83) x29 0xffffeb47 mem 0x800150e2
core   0: 0x80001148 (0x01774783) lbu     a5, 23(a4)
core   0: 3 0x80001148 (0x01774783) x15 0x000000a9 mem 0x80015123
core   0: 0x8000114c (0x41ae01b3) sub     gp, t3, s10
core   0: 3 0x8000114c (0x41ae01b3) x 3 0x00000003
core   0: 0x80001150 (0x02b70323) sb      a1, 38(a4)
core   0: 3 0x80001150 (0x02b70323) mem 0x80015132 0xe4
core   0: 0x80001154 (0xfd271f23) sh      s2, -34(a4)
core   0: 3 0x80001154 (0xfd271f23) mem 0x800150ea 0x0001
core   0: 0x80001158 (0xffb74503) lbu     a0, -5(a4)
core   0: 3 0x80001158 (0xffb74503) x10 0x00000061 mem 0x80015107
core   0: 0x8000115c (0xffd70003) lb      zero, -3(a4)
core   0: 3 0x8000115c (0xffd70003) mem 0x80015109
core   0: 0x80001160 (0x199ca193) slti    gp, s9, 409
core   0: 3 0x80001160 (0x199ca193) x 3 0x00000001
core   0: 0x80001164 (0x007a0333) add     t1, s4, t2
core   0: 3 0x80001164 (0x007a0333) x 6 0x00dc2102
core   0: 0x80001168 (0x00971123) sh      s1, 2(a4)
core   0: 3 0x80001168 (0x00971123) mem 0x8001510e 0x05c9
core   0: 0x8000116c (0xe1763b93) sltiu   s7, a2, -489
core   0: 3 0x8000116c (0xe1763b93) x23 0x00000001
core   0: 0x80001170 (0x06bc0393) addi    t2, s8, 107
core   0: 3 0x80001170 (0x06bc0393) x 7 0x800208b7
core   0: 0x80001174 (0x00a45a13) srli    s4, s0, 10
core   0: 3 0x80001174 (0x00a45a13) x20 0x003fffff
core   0: 0x80001178 (0x00d91233) sll     tp, s2, a3
core   0: 3 0x80001178 (0x00d91233) x 4 0x00000040
core   0: 0x8000117c (0xfe674203) lbu     tp, -26(a4)
core   0: 3 0x8000117c (0xfe674203) x 4 0x0000007a mem 0x800150f2
core   0: 0x80001180 (0xfdf707a3) sb      t6, -49(a4)
core   0: 3 0x80001180 (0xfdf707a3) mem 0x800150db 0x0
core   0: 0x80001184 (0x0030e033) or      zero, ra, gp
core   0: 3 0x80001184 (0x0030e033)
core   0: 0x80001188 (0x6d4d0f13) addi    t5, s10, 1748
core   0: 3 0x80001188 (0x6d4d0f13) x30 0x000006b7
core   0: 0x8000118c (0x01518333) add     t1, gp, s5
core   0: 3 0x8000118c (0x01518333) x 6 0x000000d5
core   0: 0x80001190 (0x01255233) srl     tp, a0, s2
core   0: 3 0x80001190 (0x01255233) x 4 0x00000030
core   0: 0x80001194 (0x0dc86a13) ori     s4, a6, 220
core   0: 3 0x80001194 (0x0dc86a13) x20 0xfffffffe
core   0: 0x80001198 (0x0018df33) srl     t5, a7, ra
core   0: 3 0x80001198 (0x0018df33) x30 0x00000001
core   0: 0x8000119c (0xfe374a83) lbu     s5, -29(a4)
core   0: 3 0x8000119c (0xfe374a83) x21 0x00000058 mem 0x800150ef
core   0: 0x800011a0 (0xb058a493) slti    s1, a7, -1275
core   0: 3 0x800011a0 (0xb058a493) x 9 0x00000000
core   0: 0x800011a4 (0x00000013) nop
core   0: 3 0x800011a4 (0x00000013)
core   0: 0x800011a8 (0xc4a2ff13) andi    t5, t0, -950
core   0: 3 0x800011a8 (0xc4a2ff13) x30 0x00000008
core   0: 0x800011ac (0x0000100f) fence.i
core   0: 3 0x800011ac (0x0000100f)
core   0: 0x800011b0 (0x00ca5e93) srli    t4, s4, 12
core   0: 3 0x800011b0 (0x00ca5e93) x29 0x000fffff
core   0: 0x800011b4 (0x0095a033) slt     zero, a1, s1
core   0: 3 0x800011b4 (0x0095a033)
core   0: 0x800011b8 (0x0ff0000f) fence   iorw,iorw
core   0: 3 0x800011b8 (0x0ff0000f)
core   0: 0x800011bc (0xfc570203) lb      tp, -59(a4)
core   0: 3 0x800011bc (0xfc570203) x 4 0xffffff9f mem 0x800150d1
core   0: 0x800011c0 (0x00014517) auipc   a0, 0x14
core   0: 3 0x800011c0 (0x00014517) x10 0x800151c0
core   0: 0x800011c4 (0x32f50513) addi    a0, a0, 815
core   0: 3 0x800011c4 (0x32f50513) x10 0x800154ef
core   0: 0x800011c8 (0xc4050323) sb      zero, -954(a0)
core   0: 3 0x800011c8 (0xc4050323) mem 0x80015135 0x0
core   0: 0x800011cc (0xc4654d83) lbu     s11, -954(a0)
core   0: 3 0x800011cc (0xc4654d83) x27 0x00000000 mem 0x80015135
core   0: 0x800011d0 (0xe0924693) xori    a3, tp, -503
core   0: 3 0x800011d0 (0xe0924693) x13 0x00000196
core   0: 0x800011d4 (0x38b50ca3) sb      a1, 921(a0)
core   0: 3 0x800011d4 (0x38b50ca3) mem 0x80015888 0xe4
core   0: 0x800011d8 (0x41b05a13) srai    s4, zero, 27
core   0: 3 0x800011d8 (0x41b05a13) x20 0x00000000
core   0: 0x800011dc (0x5da52aa3) sw      s10, 1493(a0)
core   0: 3 0x800011dc (0x5da52aa3) mem 0x80015ac4 0xffffffe3
core   0: 0x800011e0 (0x5d555a03) lhu     s4, 1493(a0)
core   0: 3 0x800011e0 (0x5d555a03) x20 0x0000ffe3 mem 0x80015ac4
core   0: 0x800011e4 (0x56a50f23) sb      a0, 1406(a0)
core   0: 3 0x800011e4 (0x56a50f23) mem 0x80015a6d 0xef
core   0: 0x800011e8 (0x4eb50923) sb      a1, 1266(a0)
core   0: 3 0x800011e8 (0x4eb50923) mem 0x800159e1 0xe4
core   0: 0x800011ec (0xd9750a03) lb      s4, -617(a0)
core   0: 3 0x800011ec (0xd9750a03) x20 0x0000007a mem 0x80015286
core   0: 0x800011f0 (0x004697b3) sll     a5, a3, tp
core   0: 3 0x800011f0 (0x004697b3) x15 0x00000000
core   0: 0x800011f4 (0xfc550183) lb      gp, -59(a0)
core   0: 3 0x800011f4 (0xfc550183) x 3 0xffffffa3 mem 0x800154b4
core   0: 0x800011f8 (0xfc2522a3) sw      sp, -59(a0)
core   0: 3 0x800011f8 (0xfc2522a3) mem 0x800154b4 0x8002ae64
core   0: 0x800011fc (0xbc250b83) lb      s7, -1086(a0)
core   0: 3 0x800011fc (0xbc250b83) x23 0xffffffef mem 0x800150b1
core   0: 0x80001200 (0xc692e213) ori     tp, t0, -919
core   0: 3 0x80001200 (0xc692e213) x 4 0xfffffc79
core   0: 0x80001204 (0xbc250a83) lb      s5, -1086(a0)
core   0: 3 0x80001204 (0xbc250a83) x21 0xffffffef mem 0x800150b1
core   0: 0x80001208 (0xbd050123) sb      a6, -1086(a0)
core   0: 3 0x80001208 (0xbd050123) mem 0x800150b1 0xbe
core   0: 0x8000120c (0x414d89b3) sub     s3, s11, s4
core   0: 3 0x8000120c (0x414d89b3) x19 0xffffff86
core   0: 0x80001210 (0x49552983) lw      s3, 1173(a0)
core   0: 3 0x80001210 (0x49552983) x19 0xa9ed8191 mem 0x80015984
core   0: 0x80001214 (0xf7a50c23) sb      s10, -136(a0)
core   0: 3 0x80001214 (0xf7a50c23) mem 0x80015467 0xe3
core   0: 0x80001218 (0xf7850f83) lb      t6, -136(a0)
core   0: 3 0x80001218 (0xf7850f83) x31 0xffffffe3 mem 0x80015467
core   0: 0x8000121c (0xf7650c23) sb      s6, -136(a0)
core   0: 3 0x8000121c (0xf7650c23) mem 0x80015467 0x5c
core   0: 0x80001220 (0x0ec54e03) lbu     t3, 236(a0)
core   0: 3 0x80001220 (0x0ec54e03) x28 0x0000005a mem 0x800155db
core   0: 0x80001224 (0x49b55883) lhu     a7, 1179(a0)
core   0: 3 0x80001224 (0x49b55883) x17 0x00003b50 mem 0x8001598a
core   0: 0x80001228 (0x00015097) auipc   ra, 0x15
core   0: 3 0x80001228 (0x00015097) x 1 0x80016228
core   0: 0x8000122c (0xd6208093) addi    ra, ra, -670
core   0: 3 0x8000122c (0xd6208093) x 1 0x80015f8a
core   0: 0x80001230 (0x00e0a783) lw      a5, 14(ra)
core   0: 3 0x80001230 (0x00e0a783) x15 0x1763ca07 mem 0x80015f98
core   0: 0x80001234 (0x03708783) lb      a5, 55(ra)
core   0: 3 0x80001234 (0x03708783) x15 0x00000068 mem 0x80015fc1
core   0: 0x80001238 (0x00c0d303) lhu     t1, 12(ra)
core   0: 3 0x80001238 (0x00c0d303) x 6 0x0000c1d4 mem 0x80015f96
core   0: 0x8000123c (0x01609403) lh      s0, 22(ra)
core   0: 3 0x8000123c (0x01609403) x 8 0x00000fcf mem 0x80015fa0
core   0: 0x80001240 (0x01dd47b3) xor     a5, s10, t4
core   0: 3 0x80001240 (0x01dd47b3) x15 0xfff0001c
core   0: 0x80001244 (0x0090ab23) sw      s1, 22(ra)
core   0: 3 0x80001244 (0x0090ab23) mem 0x80015fa0 0x00000000
core   0: 0x80001248 (0x00c08b23) sb      a2, 22(ra)
core   0: 3 0x80001248 (0x00c08b23) mem 0x80015fa0 0x86
core   0: 0x8000124c (0x00b08b23) sb      a1, 22(ra)
core   0: 3 0x8000124c (0x00b08b23) mem 0x80015fa0 0xe4
core   0: 0x80001250 (0x0020ab23) sw      sp, 22(ra)
core   0: 3 0x80001250 (0x0020ab23) mem 0x80015fa0 0x8002ae64
core   0: 0x80001254 (0x0ff0000f) fence   iorw,iorw
core   0: 3 0x80001254 (0x0ff0000f)
core   0: 0x80001258 (0x00e08b23) sb      a4, 22(ra)
core   0: 3 0x80001258 (0x00e08b23) mem 0x80015fa0 0xc
core   0: 0x8000125c (0x01609b23) sh      s6, 22(ra)
core   0: 3 0x8000125c (0x01609b23) mem 0x80015fa0 0xbb5c
core   0: 0x80001260 (0x01608883) lb      a7, 22(ra)
core   0: 3 0x80001260 (0x01608883) x17 0x0000005c mem 0x80015fa0
core   0: 0x80001264 (0x01609783) lh      a5, 22(ra)
core   0: 3 0x80001264 (0x01609783) x15 0xffffbb5c mem 0x80015fa0
core   0: 0x80001268 (0x0160a003) lw      zero, 22(ra)
core   0: 3 0x80001268 (0x0160a003) mem 0x80015fa0
core   0: 0x8000126c (0x0160d983) lhu     s3, 22(ra)
core   0: 3 0x8000126c (0x0160d983) x19 0x0000bb5c mem 0x80015fa0
core   0: 0x80001270 (0x0150ab23) sw      s5, 22(ra)
core   0: 3 0x80001270 (0x0150ab23) mem 0x80015fa0 0xffffffef
core   0: 0x80001274 (0x0140ab23) sw      s4, 22(ra)
core   0: 3 0x80001274 (0x0140ab23) mem 0x80015fa0 0x0000007a
core   0: 0x80001278 (0x0240d883) lhu     a7, 36(ra)
core   0: 3 0x80001278 (0x0240d883) x17 0x0000e6cd mem 0x80015fae
core   0: 0x8000127c (0x02408983) lb      s3, 36(ra)
core   0: 3 0x8000127c (0x02408983) x19 0xffffffcd mem 0x80015fae
core   0: 0x80001280 (0x02409003) lh      zero, 36(ra)
core   0: 3 0x80001280 (0x02409003) mem 0x80015fae
core   0: 0x80001284 (0x00016e17) auipc   t3, 0x16
core   0: 3 0x80001284 (0x00016e17) x28 0x80017284
core   0: 0x80001288 (0x5dbe0e13) addi    t3, t3, 1499
core   0: 3 0x80001288 (0x5dbe0e13) x28 0x8001785f
core   0: 0x8000128c (0x650e0523) sb      a6, 1610(t3)
core   0: 3 0x8000128c (0x650e0523) mem 0x80017ea9 0xbe
core   0: 0x80001290 (0x5d8e0c83) lb      s9, 1496(t3)
core   0: 3 0x80001290 (0x5d8e0c83) x25 0xffffffd0 mem 0x80017e37
core   0: 0x80001294 (0x539e5283) lhu     t0, 1337(t3)
core   0: 3 0x80001294 (0x539e5283) x 5 0x00004f50 mem 0x80017d98
core   0: 0x80001298 (0xf0de0323) sb      a3, -250(t3)
core   0: 3 0x80001298 (0xf0de0323) mem 0x80017765 0x96
core   0: 0x8000129c (0xd17e5683) lhu     a3, -745(t3)
core   0: 3 0x8000129c (0xd17e5683) x13 0x000021a5 mem 0x80017576
core   0: 0x800012a0 (0x760e0c23) sb      zero, 1912(t3)
core   0: 3 0x800012a0 (0x760e0c23) mem 0x80017fd7 0x0
core   0: 0x800012a4 (0x118e03a3) sb      s8, 263(t3)
core   0: 3 0x800012a4 (0x118e03a3) mem 0x80017966 0x4c
core   0: 0x800012a8 (0x40598633) sub     a2, s3, t0
core   0: 3 0x800012a8 (0x40598633) x12 0xffffb07d
core   0: 0x800012ac (0xd87e0783) lb      a5, -633(t3)
core   0: 3 0x800012ac (0xd87e0783) x15 0x00000074 mem 0x800175e6
core   0: 0x800012b0 (0x15ee0323) sb      t5, 326(t3)
core   0: 3 0x800012b0 (0x15ee0323) mem 0x800179a5 0x8
core   0: 0x800012b4 (0x011d89b3) add     s3, s11, a7
core   0: 3 0x800012b4 (0x011d89b3) x19 0x0000e6cd
core   0: 0x800012b8 (0xb1467e93) andi    t4, a2, -1260
core   0: 3 0x800012b8 (0xb1467e93) x29 0xffffb014
core   0: 0x800012bc (0x9d0e4b83) lbu     s7, -1584(t3)
core   0: 3 0x800012bc (0x9d0e4b83) x23 0x000000d5 mem 0x8001722f
core   0: 0x800012c0 (0x2b5e2b83) lw      s7, 693(t3)
core   0: 3 0x800012c0 (0x2b5e2b83) x23 0x6526161a mem 0x80017b14
core   0: 0x800012c4 (0xeeee4303) lbu     t1, -274(t3)
core   0: 3 0x800012c4 (0xeeee4303) x 6 0x000000ce mem 0x8001774d
core   0: 0x800012c8 (0xbb364537) lui     a0, 0xbb364
core   0: 3 0x800012c8 (0xbb364537) x10 0xbb364000
core   0: 0x800012cc (0xd4fe1903) lh      s2, -689(t3)
core   0: 3 0x800012cc (0xd4fe1903) x18 0xffffc5c4 mem 0x800175ae
core   0: 0x800012d0 (0x586e4303) lbu     t1, 1414(t3)
core   0: 3 0x800012d0 (0x586e4303) x 6 0x00000086 mem 0x80017de5
core   0: 0x800012d4 (0x0ff0000f) fence   iorw,iorw
core   0: 3 0x800012d4 (0x0ff0000f)
core   0: 0x800012d8 (0x01c28bb3) add     s7, t0, t3
core   0: 3 0x800012d8 (0x01c28bb3) x23 0x8001c7af
core   0: 0x800012dc (0x01c25513) srli    a0, tp, 28
core   0: 3 0x800012dc (0x01c25513) x10 0x0000000f
core   0: 0x800012e0 (0x01a99233) sll     tp, s3, s10
core   0: 3 0x800012e0 (0x01a99233) x 4 0x00073668
core   0: 0x800012e4 (0x1f5e1b83) lh      s7, 501(t3)
core   0: 3 0x800012e4 (0x1f5e1b83) x23 0xffffe341 mem 0x80017a54
core   0: 0x800012e8 (0x40d806b3) sub     a3, a6, a3
core   0: 3 0x800012e8 (0x40d806b3) x13 0xffffde19
core   0: 0x800012ec (0xd29e1703) lh      a4, -727(t3)
core   0: 3 0x800012ec (0xd29e1703) x14 0x00005230 mem 0x80017588
core   0: 0x800012f0 (0xa3ee0a83) lb      s5, -1474(t3)
core   0: 3 0x800012f0 (0xa3ee0a83) x21 0x0000002b mem 0x8001729d
core   0: 0x800012f4 (0xbdae4f03) lbu     t5, -1062(t3)
core   0: 3 0x800012f4 (0xbdae4f03) x30 0x00000085 mem 0x80017439
core   0: 0x800012f8 (0xb99e1283) lh      t0, -1127(t3)
core   0: 3 0x800012f8 (0xb99e1283) x 5 0x00001fc7 mem 0x800173f8
core   0: 0x800012fc (0xeeee4183) lbu     gp, -274(t3)
core   0: 3 0x800012fc (0xeeee4183) x 3 0x000000ce mem 0x8001774d
core   0: 0x80001300 (0xdabe0f83) lb      t6, -597(t3)
core   0: 3 0x80001300 (0xdabe0f83) x31 0xffffffe7 mem 0x8001760a
core   0: 0x80001304 (0x1b8e4603) lbu     a2, 440(t3)
core   0: 3 0x80001304 (0x1b8e4603) x12 0x000000b2 mem 0x80017a17
core   0: 0x80001308 (0x72de0023) sb      a3, 1824(t3)
core   0: 3 0x80001308 (0x72de0023) mem 0x80017f7f 0x19
core   0: 0x8000130c (0xb2ce0b83) lb      s7, -1236(t3)
core   0: 3 0x8000130c (0xb2ce0b83) x23 0x0000003e mem 0x8001738b
core   0: 0x80001310 (0x704e07a3) sb      tp, 1807(t3)
core   0: 3 0x80001310 (0x704e07a3) mem 0x80017f6e 0x68
core   0: 0x80001314 (0x41c3dfb3) sra     t6, t2, t3
core   0: 3 0x80001314 (0x41c3dfb3) x31 0xffffffff
core   0: 0x80001318 (0x037e0ba3) sb      s7, 55(t3)
core   0: 3 0x80001318 (0x037e0ba3) mem 0x80017896 0x3e
core   0: 0x8000131c (0x37d80417) auipc   s0, 0x37d80
core   0: 3 0x8000131c (0x37d80417) x 8 0xb7d8131c
core   0: 0x80001320 (0x0000100f) fence.i
core   0: 3 0x80001320 (0x0000100f)
core   0: 0x80001324 (0x06ce4c03) lbu     s8, 108(t3)
core   0: 3 0x80001324 (0x06ce4c03) x24 0x00000014 mem 0x800178cb
core   0: 0x80001328 (0x6b3e1683) lh      a3, 1715(t3)
core   0: 3 0x80001328 (0x6b3e1683) x13 0xffffbc2e mem 0x80017f12
core   0: 0x8000132c (0x27c32c13) slti    s8, t1, 636
core   0: 3 0x8000132c (0x27c32c13) x24 0x00000001
core   0: 0x80001330 (0x8bae0783) lb      a5, -1862(t3)
core   0: 3 0x80001330 (0x8bae0783) x15 0xffffffef mem 0x80017119
core   0: 0x80001334 (0x2f4e13a3) sh      s4, 743(t3)
core   0: 3 0x80001334 (0x2f4e13a3) mem 0x80017b46 0x007a
core   0: 0x80001338 (0x00018397) auipc   t2, 0x18
core   0: 3 0x80001338 (0x00018397) x 7 0x80019338
core   0: 0x8000133c (0xce038393) addi    t2, t2, -800
core   0: 3 0x8000133c (0xce038393) x 7 0x80019018
core   0: 0x80001340 (0x000002b3) add     t0, zero, zero
core   0: 3 0x80001340 (0x000002b3) x 5 0x00000000
core   0: 0x80001344 (0x00d3ca03) lbu     s4, 13(t2)
core   0: 3 0x80001344 (0x00d3ca03) x20 0x000000fc mem 0x80019025
core   0: 0x80001348 (0x01aa5733) srl     a4, s4, s10
core   0: 3 0x80001348 (0x01aa5733) x14 0x0000001f
core   0: 0x8000134c (0x0343c803) lbu     a6, 52(t2)
core   0: 3 0x8000134c (0x0343c803) x16 0x00000038 mem 0x8001904c
core   0: 0x80001350 (0xfe038ca3) sb      zero, -7(t2)
core   0: 3 0x80001350 (0xfe038ca3) mem 0x80019011 0x0
core   0: 0x80001354 (0x0303a623) sw      a6, 44(t2)
core   0: 3 0x80001354 (0x0303a623) mem 0x80019044 0x00000038
core   0: 0x80001358 (0x44d7f013) andi    zero, a5, 1101
core   0: 3 0x80001358 (0x44d7f013)
core   0: 0x8000135c (0x00769193) slli    gp, a3, 7
core   0: 3 0x8000135c (0x00769193) x 3 0xffde1700
core   0: 0x80001360 (0xfc33c083) lbu     ra, -61(t2)
core   0: 3 0x80001360 (0xfc33c083) x 1 0x00000043 mem 0x80018fdb
core   0: 0x80001364 (0xfe33c683) lbu     a3, -29(t2)
core   0: 3 0x80001364 (0xfe33c683) x13 0x0000008d mem 0x80018ffb
core   0: 0x80001368 (0x03a39983) lh      s3, 58(t2)
core   0: 3 0x80001368 (0x03a39983) x19 0x0000241a mem 0x80019052
core   0: 0x8000136c (0x00439c23) sh      tp, 24(t2)
core   0: 3 0x8000136c (0x00439c23) mem 0x80019030 0x3668
core   0: 0x80001370 (0x00a77533) and     a0, a4, a0
core   0: 3 0x80001370 (0x00a77533) x10 0x0000000f
core   0: 0x80001374 (0x03c39603) lh      a2, 60(t2)
core   0: 3 0x80001374 (0x03c39603) x12 0x00003348 mem 0x80019054
core   0: 0x80001378 (0xfeb38f23) sb      a1, -2(t2)
core   0: 3 0x80001378 (0xfeb38f23) mem 0x80019016 0xe4
core   0: 0x8000137c (0x010ad9b3) srl     s3, s5, a6
core   0: 3 0x8000137c (0x010ad9b3) x19 0x00000000
core   0: 0x80001380 (0x00bfaab3) slt     s5, t6, a1
core   0: 3 0x80001380 (0x00bfaab3) x21 0x00000000
core   0: 0x80001384 (0x03839303) lh      t1, 56(t2)
core   0: 3 0x80001384 (0x03839303) x 6 0xffffe009 mem 0x80019050
core   0: 0x80001388 (0x00b38903) lb      s2, 11(t2)
core   0: 3 0x80001388 (0x00b38903) x18 0x00000029 mem 0x80019023
core   0: 0x8000138c (0x50192793) slti    a5, s2, 1281
core   0: 3 0x8000138c (0x50192793) x15 0x00000001
core   0: 0x80001390 (0x03039503) lh      a0, 48(t2)
core   0: 3 0x80001390 (0x03039503) x10 0x00007a1e mem 0x80019048
core   0: 0x80001394 (0xfcf3c903) lbu     s2, -49(t2)
core   0: 3 0x80001394 (0xfcf3c903) x18 0x0000005d mem 0x80018fe7
core   0: 0x80001398 (0x01d38d23) sb      t4, 26(t2)
core   0: 3 0x80001398 (0x01d38d23) mem 0x80019032 0x14
core   0: 0x8000139c (0x0058d933) srl     s2, a7, t0
core   0: 3 0x8000139c (0x0058d933) x18 0x0000e6cd
core   0: 0x800013a0 (0x004972b3) and     t0, s2, tp
core   0: 3 0x800013a0 (0x004972b3) x 5 0x00002648
core   0: 0x800013a4 (0x400d88b3) sub     a7, s11, zero
core   0: 3 0x800013a4 (0x400d88b3) x17 0x00000000
core   0: 0x800013a8 (0xfe93cc83) lbu     s9, -23(t2)
core   0: 3 0x800013a8 (0xfe93cc83) x25 0x000000cf mem 0x80019001
core   0: 0x800013ac (0x01338a83) lb      s5, 19(t2)
core   0: 3 0x800013ac (0x01338a83) x21 0x0000007f mem 0x8001902b
core   0: 0x800013b0 (0xfd6389a3) sb      s6, -45(t2)
core   0: 3 0x800013b0 (0xfd6389a3) mem 0x80018feb 0x5c
core   0: 0x800013b4 (0x03a38e23) sb      s10, 60(t2)
core   0: 3 0x800013b4 (0x03a38e23) mem 0x80019054 0xe3
core   0: 0x800013b8 (0x0099aeb3) slt     t4, s3, s1
core   0: 3 0x800013b8 (0x0099aeb3) x29 0x00000000
core   0: 0x800013bc (0x02538723) sb      t0, 46(t2)
core   0: 3 0x800013bc (0x02538723) mem 0x80019046 0x48
core   0: 0x800013c0 (0x01738aa3) sb      s7, 21(t2)
core   0: 3 0x800013c0 (0x01738aa3) mem 0x8001902d 0x3e
core   0: 0x800013c4 (0x01b3c083) lbu     ra, 27(t2)
core   0: 3 0x800013c4 (0x01b3c083) x 1 0x00000066 mem 0x80019033
core   0: 0x800013c8 (0x00024197) auipc   gp, 0x24
core   0: 3 0x800013c8 (0x00024197) x 3 0x800253c8
core   0: 0x800013cc (0x7ef18193) addi    gp, gp, 2031
core   0: 3 0x800013cc (0x7ef18193) x 3 0x80025bb7
core   0: 0x800013d0 (0xb5ae8a93) addi    s5, t4, -1190
core   0: 3 0x800013d0 (0xb5ae8a93) x21 0xfffffb5a
core   0: 0x800013d4 (0x00000013) nop
core   0: 3 0x800013d4 (0x00000013)
core   0: 0x800013d8 (0xb6a1c403) lbu     s0, -1174(gp)
core   0: 3 0x800013d8 (0xb6a1c403) x 8 0x00000039 mem 0x80025721
core   0: 0x800013dc (0x40e583b3) sub     t2, a1, a4
core   0: 3 0x800013dc (0x40e583b3) x 7 0x8002ecc5
core   0: 0x800013e0 (0x00ed39b3) sltu    s3, s10, a4
core   0: 3 0x800013e0 (0x00ed39b3) x19 0x00000000
core   0: 0x800013e4 (0xd921c903) lbu     s2, -622(gp)
core   0: 3 0x800013e4 (0xd921c903) x18 0x00000085 mem 0x80025949
core   0: 0x800013e8 (0x35718423) sb      s7, 840(gp)
core   0: 3 0x800013e8 (0x35718423) mem 0x80025eff 0x3e
core   0: 0x800013ec (0x42b18f23) sb      a1, 1086(gp)
core   0: 3 0x800013ec (0x42b18f23) mem 0x80025ff5 0xe4
core   0: 0x800013f0 (0x01ea9233) sll     tp, s5, t5
core   0: 3 0x800013f0 (0x01ea9233) x 4 0xffff6b40
core   0: 0x800013f4 (0xb6318b83) lb      s7, -1181(gp)
core   0: 3 0x800013f4 (0xb6318b83) x23 0x0000004a mem 0x8002571a
core   0: 0x800013f8 (0x0116d613) srli    a2, a3, 17
core   0: 3 0x800013f8 (0x0116d613) x12 0x00000000
core   0: 0x800013fc (0x1371c783) lbu     a5, 311(gp)
core   0: 3 0x800013fc (0x1371c783) x15 0x00000005 mem 0x80025cee
core   0: 0x80001400 (0x1b3f2693) slti    a3, t5, 435
core   0: 3 0x80001400 (0x1b3f2693) x13 0x00000001
core   0: 0x80001404 (0x136195a3) sh      s6, 299(gp)
core   0: 3 0x80001404 (0x136195a3) mem 0x80025ce2 0xbb5c
core   0: 0x80001408 (0xb8518223) sb      t0, -1148(gp)
core   0: 3 0x80001408 (0xb8518223) mem 0x8002573b 0x48
core   0: 0x8000140c (0x0ff0000f) fence   iorw,iorw
core   0: 3 0x8000140c (0x0ff0000f)
core   0: 0x80001410 (0x9ca1ca83) lbu     s5, -1590(gp)
core   0: 3 0x80001410 (0x9ca1ca83) x21 0x0000008f mem 0x80025581
core   0: 0x80001414 (0x2251cd83) lbu     s11, 549(gp)
core   0: 3 0x80001414 (0x2251cd83) x27 0x00000009 mem 0x80025ddc
core   0: 0x80001418 (0x0030dc33) srl     s8, ra, gp
core   0: 3 0x80001418 (0x0030dc33) x24 0x00000000
core   0: 0x8000141c (0xac719903) lh      s2, -1337(gp)
core   0: 3 0x8000141c (0xac719903) x18 0x00006c85 mem 0x8002567e
core   0: 0x80001420 (0xc321ce83) lbu     t4, -974(gp)
core   0: 3 0x80001420 (0xc321ce83) x29 0x000000c3 mem 0x800257e9
core   0: 0x80001424 (0x01b83633) sltu    a2, a6, s11
core   0: 3 0x80001424 (0x01b83633) x12 0x00000000
core   0: 0x80001428 (0x0126ebb3) or      s7, a3, s2
core   0: 3 0x80001428 (0x0126ebb3) x23 0x00006c85
core   0: 0x8000142c (0x639472b7) lui     t0, 0x63947
core   0: 3 0x8000142c (0x639472b7) x 5 0x63947000
core   0: 0x80001430 (0x00a5afb3) slt     t6, a1, a0
core   0: 3 0x80001430 (0x00a5afb3) x31 0x00000001
core   0: 0x80001434 (0x00f5c033) xor     zero, a1, a5
core   0: 3 0x80001434 (0x00f5c033)
core   0: 0x80001438 (0xfe718983) lb      s3, -25(gp)
core   0: 3 0x80001438 (0xfe718983) x19 0xffffffcd mem 0x80025b9e
core   0: 0x8000143c (0x002de7b3) or      a5, s11, sp
core   0: 3 0x8000143c (0x002de7b3) x15 0x8002ae6d
core   0: 0x80001440 (0xdb118f23) sb      a7, -578(gp)
core   0: 3 0x80001440 (0xdb118f23) mem 0x80025975 0x0
core   0: 0x80001444 (0x9b318b23) sb      s3, -1610(gp)
core   0: 3 0x80001444 (0x9b318b23) mem 0x8002556d 0xcd
core   0: 0x80001448 (0x01a50eb3) add     t4, a0, s10
core   0: 3 0x80001448 (0x01a50eb3) x29 0x00007a01
core   0: 0x8000144c (0x0ff0000f) fence   iorw,iorw
core   0: 3 0x8000144c (0x0ff0000f)
core   0: 0x80001450 (0xb261c903) lbu     s2, -1242(gp)
core   0: 3 0x80001450 (0xb261c903) x18 0x000000f6 mem 0x800256dd
core   0: 0x80001454 (0x00016e17) auipc   t3, 0x16
core   0: 3 0x80001454 (0x00016e17) x28 0x80017454
core   0: 0x80001458 (0x8eae0e13) addi    t3, t3, -1814
core   0: 3 0x80001458 (0x8eae0e13) x28 0x80016d3e
core   0: 0x8000145c (0xff2e5383) lhu     t2, -14(t3)
core   0: 3 0x8000145c (0xff2e5383) x 7 0x000089fb mem 0x80016d30
core   0: 0x80001460 (0x00e38a33) add     s4, t2, a4
core   0: 3 0x80001460 (0x00e38a33) x20 0x00008a1a
core   0: 0x80001464 (0x019badb3) slt     s11, s7, s9
core   0: 3 0x80001464 (0x019badb3) x27 0x00000000
core   0: 0x80001468 (0x0ff0000f) fence   iorw,iorw
core   0: 3 0x80001468 (0x0ff0000f)
core   0: 0x8000146c (0xfe8e1a83) lh      s5, -24(t3)
core   0: 3 0x8000146c (0xfe8e1a83) x21 0x0000391c mem 0x80016d26
core   0: 0x80001470 (0x40460c33) sub     s8, a2, tp
core   0: 3 0x80001470 (0x40460c33) x24 0x000094c0
core   0: 0x80001474 (0xfd2e0c83) lb      s9, -46(t3)
core   0: 3 0x80001474 (0xfd2e0c83) x25 0xffffffe5 mem 0x80016d10
core   0: 0x80001478 (0x00784a33) xor     s4, a6, t2
core   0: 3 0x80001478 (0x00784a33) x20 0x000089c3
core   0: 0x8000147c (0x029e0fa3) sb      s1, 63(t3)
core   0: 3 0x8000147c (0x029e0fa3) mem 0x80016d7d 0x0
core   0: 0x80001480 (0xff3e0403) lb      s0, -13(t3)
core   0: 3 0x80001480 (0xff3e0403) x 8 0xffffff89 mem 0x80016d31
core   0: 0x80001484 (0xfe7e0183) lb      gp, -25(t3)
core   0: 3 0x80001484 (0xfe7e0183) x 3 0xffffffb2 mem 0x80016d25
core   0: 0x80001488 (0xfd7e4d83) lbu     s11, -41(t3)
core   0: 3 0x80001488 (0xfd7e4d83) x27 0x00000077 mem 0x80016d15
core   0: 0x8000148c (0x011d9f13) slli    t5, s11, 17
core   0: 3 0x8000148c (0x011d9f13) x30 0x00ee0000
core   0: 0x80001490 (0x01c73f33) sltu    t5, a4, t3
core   0: 3 0x80001490 (0x01c73f33) x30 0x00000001
core   0: 0x80001494 (0x00358d33) add     s10, a1, gp
core   0: 3 0x80001494 (0x00358d33) x26 0x8002ec96
core   0: 0x80001498 (0xfcce2d23) sw      a2, -38(t3)
core   0: 3 0x80001498 (0xfcce2d23) mem 0x80016d18 0x00000000
core   0: 0x8000149c (0xfc6e4683) lbu     a3, -58(t3)
core   0: 3 0x8000149c (0xfc6e4683) x13 0x000000a6 mem 0x80016d04
core   0: 0x800014a0 (0xfd6e05a3) sb      s6, -53(t3)
core   0: 3 0x800014a0 (0xfd6e05a3) mem 0x80016d09 0x5c
core   0: 0x800014a4 (0x039e3093) sltiu   ra, t3, 57
core   0: 3 0x800014a4 (0x039e3093) x 1 0x00000000
core   0: 0x800014a8 (0xfcbe4703) lbu     a4, -53(t3)
core   0: 3 0x800014a8 (0xfcbe4703) x14 0x0000005c mem 0x80016d09
core   0: 0x800014ac (0x013e01a3) sb      s3, 3(t3)
core   0: 3 0x800014ac (0x013e01a3) mem 0x80016d41 0xcd
core   0: 0x800014b0 (0x3668f693) andi    a3, a7, 870
core   0: 3 0x800014b0 (0x3668f693) x13 0x00000000
core   0: 0x800014b4 (0x001f0033) add     zero, t5, ra
core   0: 3 0x800014b4 (0x001f0033)
core   0: 0x800014b8 (0x5096b293) sltiu   t0, a3, 1289
core   0: 3 0x800014b8 (0x5096b293) x 5 0x00000001
core   0: 0x800014bc (0x00ce5783) lhu     a5, 12(t3)
core   0: 3 0x800014bc (0x00ce5783) x15 0x0000bad5 mem 0x80016d4a
core   0: 0x800014c0 (0x007e09a3) sb      t2, 19(t3)
core   0: 3 0x800014c0 (0x007e09a3) mem 0x80016d51 0xfb
core   0: 0x800014c4 (0xfcce1323) sh      a2, -58(t3)
core   0: 3 0x800014c4 (0xfcce1323) mem 0x80016d04 0x0000
core   0: 0x800014c8 (0x01699833) sll     a6, s3, s6
core   0: 3 0x800014c8 (0x01699833) x16 0xd0000000
core   0: 0x800014cc (0xff6e2a83) lw      s5, -10(t3)
core   0: 3 0x800014cc (0xff6e2a83) x21 0x3b5676fc mem 0x80016d34
core   0: 0x800014d0 (0x020e1b83) lh      s7, 32(t3)
core   0: 3 0x800014d0 (0x020e1b83) x23 0xffffe301 mem 0x80016d5e
core   0: 0x800014d4 (0x41a60833) sub     a6, a2, s10
core   0: 3 0x800014d4 (0x41a60833) x16 0x7ffd136a
core   0: 0x800014d8 (0x014f2833) slt     a6, t5, s4
core   0: 3 0x800014d8 (0x014f2833) x16 0x00000001
core   0: 0x800014dc (0x021e4983) lbu     s3, 33(t3)
core   0: 3 0x800014dc (0x021e4983) x19 0x000000e3 mem 0x80016d5f
core   0: 0x800014e0 (0x0001dd97) auipc   s11, 0x1d
core   0: 3 0x800014e0 (0x0001dd97) x27 0x8001e4e0
core   0: 0x800014e4 (0xbb3d8d93) addi    s11, s11, -1101
core   0: 3 0x800014e4 (0xbb3d8d93) x27 0x8001e093
core   0: 0x800014e8 (0x00018f17) auipc   t5, 0x18
core   0: 3 0x800014e8 (0x00018f17) x30 0x800194e8
core   0: 0x800014ec (0x47af0f13) addi    t5, t5, 1146
core   0: 3 0x800014ec (0x47af0f13) x30 0x80019962
core   0: 0x800014f0 (0x00022797) auipc   a5, 0x22
core   0: 3 0x800014f0 (0x00022797) x15 0x800234f0
core   0: 0x800014f4 (0xf9b78793) addi    a5, a5, -101
core   0: 3 0x800014f4 (0xf9b78793) x15 0x8002348b
core   0: 0x800014f8 (0xfd87ca83) lbu     s5, -40(a5)
core   0: 3 0x800014f8 (0xfd87ca83) x21 0x0000005c mem 0x80023463
core   0: 0x800014fc (0x00019997) auipc   s3, 0x19
core   0: 3 0x800014fc (0x00019997) x19 0x8001a4fc
core   0: 0x80001500 (0x17598993) addi    s3, s3, 373
core   0: 3 0x80001500 (0x17598993) x19 0x8001a671
core   0: 0x80001504 (0x02c78383) lb      t2, 44(a5)
core   0: 3 0x80001504 (0x02c78383) x 7 0xffffffa8 mem 0x800234b7
core   0: 0x80001508 (0xfc599403) lh      s0, -59(s3)
core   0: 3 0x80001508 (0xfc599403) x 8 0xffff84de mem 0x8001a636
core   0: 0x8000150c (0x010f0123) sb      a6, 2(t5)
core   0: 3 0x8000150c (0x010f0123) mem 0x80019964 0x1
core   0: 0x80001510 (0x00d98483) lb      s1, 13(s3)
core   0: 3 0x80001510 (0x00d98483) x 9 0x0000003a mem 0x8001a67e
core   0: 0x80001514 (0x04dd94a3) sh      a3, 73(s11)
core   0: 3 0x80001514 (0x04dd94a3) mem 0x8001e0dc 0x0000
core   0: 0x80001518 (0x02f98683) lb      a3, 47(s3)
core   0: 3 0x80001518 (0x02f98683) x13 0x00000002 mem 0x8001a6a0
core   0: 0x8000151c (0xff999183) lh      gp, -7(s3)
core   0: 3 0x8000151c (0xff999183) x 3 0xffffb2f5 mem 0x8001a66a
core   0: 0x80001520 (0x00cf06a3) sb      a2, 13(t5)
core   0: 3 0x80001520 (0x00cf06a3) mem 0x8001996f 0x0
core   0: 0x80001524 (0x00af2183) lw      gp, 10(t5)
core   0: 3 0x80001524 (0x00af2183) x 3 0x0028da13 mem 0x8001996c
core   0: 0x80001528 (0xfdf78b83) lb      s7, -33(a5)
core   0: 3 0x80001528 (0xfdf78b83) x23 0xffffff81 mem 0x8002346a
core   0: 0x8000152c (0x00598383) lb      t2, 5(s3)
core   0: 3 0x8000152c (0x00598383) x 7 0x00000049 mem 0x8001a676
core   0: 0x80001530 (0xfe799b83) lh      s7, -25(s3)
core   0: 3 0x80001530 (0xfe799b83) x23 0xffffd45f mem 0x8001a658
core   0: 0x80001534 (0xf76dcf83) lbu     t6, -138(s11)
core   0: 3 0x80001534 (0xf76dcf83) x31 0x00000087 mem 0x8001e009
core   0: 0x80001538 (0x064d8d03) lb      s10, 100(s11)
core   0: 3 0x80001538 (0x064d8d03) x26 0xffffffad mem 0x8001e0f7
core   0: 0x8000153c (0xfc2785a3) sb      sp, -53(a5)
core   0: 3 0x8000153c (0xfc2785a3) mem 0x80023456 0x64
core   0: 0x80001540 (0x013f06a3) sb      s3, 13(t5)
core   0: 3 0x80001540 (0x013f06a3) mem 0x8001996f 0x71
core   0: 0x80001544 (0xfe89a7a3) sw      s0, -17(s3)
core   0: 3 0x80001544 (0xfe89a7a3) mem 0x8001a660 0xffff84de
core   0: 0x80001548 (0x00a780a3) sb      a0, 1(a5)
core   0: 3 0x80001548 (0x00a780a3) mem 0x8002348c 0x1e
core   0: 0x8000154c (0x01cf1623) sh      t3, 12(t5)
core   0: 3 0x8000154c (0x01cf1623) mem 0x8001996e 0x6d3e
core   0: 0x80001550 (0xff7f4c03) lbu     s8, -9(t5)
core   0: 3 0x80001550 (0xff7f4c03) x24 0x000000b6 mem 0x80019959
core   0: 0x80001554 (0xf84dca03) lbu     s4, -124(s11)
core   0: 3 0x80001554 (0xf84dca03) x20 0x000000bb mem 0x8001e017
core   0: 0x80001558 (0xfd098923) sb      a6, -46(s3)
core   0: 3 0x80001558 (0xfd098923) mem 0x8001a643 0x1
core   0: 0x8000155c (0x029784a3) sb      s1, 41(a5)
core   0: 3 0x8000155c (0x029784a3) mem 0x800234b4 0x3a
core   0: 0x80001560 (0xff3f0703) lb      a4, -13(t5)
core   0: 3 0x80001560 (0xff3f0703) x14 0xffffffd0 mem 0x80019955
core   0: 0x80001564 (0x01e9c183) lbu     gp, 30(s3)
core   0: 3 0x80001564 (0x01e9c183) x 3 0x0000003c mem 0x8001a68f
core   0: 0x80001568 (0x03e79aa3) sh      t5, 53(a5)
core   0: 3 0x80001568 (0x03e79aa3) mem 0x800234c0 0x9962
core   0: 0x8000156c (0x00d98903) lb      s2, 13(s3)
core   0: 3 0x8000156c (0x00d98903) x18 0x0000003a mem 0x8001a67e
core   0: 0x80001570 (0x072dce03) lbu     t3, 114(s11)
core   0: 3 0x80001570 (0x072dce03) x28 0x000000c8 mem 0x8001e105
core   0: 0x80001574 (0x00014b97) auipc   s7, 0x14
core   0: 3 0x80001574 (0x00014b97) x23 0x80015574
core   0: 0x80001578 (0xdafb8b93) addi    s7, s7, -593
core   0: 3 0x80001578 (0xdafb8b93) x23 0x80015323
core   0: 0x8000157c (0x795b8a23) sb      s5, 1940(s7)
core   0: 3 0x8000157c (0x795b8a23) mem 0x80015ab7 0x5c
core   0: 0x80001580 (0x794bc603) lbu     a2, 1940(s7)
core   0: 3 0x80001580 (0x794bc603) x12 0x0000005c mem 0x80015ab7
core   0: 0x80001584 (0x785b8a23) sb      t0, 1940(s7)
core   0: 3 0x80001584 (0x785b8a23) mem 0x80015ab7 0x1
core   0: 0x80001588 (0x794b8983) lb      s3, 1940(s7)
core   0: 3 0x80001588 (0x794b8983) x19 0x00000001 mem 0x80015ab7
core   0: 0x8000158c (0x794bc183) lbu     gp, 1940(s7)
core   0: 3 0x8000158c (0x794bc183) x 3 0x00000001 mem 0x80015ab7
core   0: 0x80001590 (0xf97b8d83) lb      s11, -105(s7)
core   0: 3 0x80001590 (0xf97b8d83) x27 0x00000045 mem 0x800152ba
core   0: 0x80001594 (0xf97b8083) lb      ra, -105(s7)
core   0: 3 0x80001594 (0xf97b8083) x 1 0x00000045 mem 0x800152ba
core   0: 0x80001598 (0x00000013) nop
core   0: 3 0x80001598 (0x00000013)
core   0: 0x8000159c (0xf97bde03) lhu     t3, -105(s7)
core   0: 3 0x8000159c (0xf97bde03) x28 0x00001245 mem 0x800152ba
core   0: 0x800015a0 (0xf97b9783) lh      a5, -105(s7)
core   0: 3 0x800015a0 (0xf97b9783) x15 0x00001245 mem 0x800152ba
core   0: 0x800015a4 (0xf97b8403) lb      s0, -105(s7)
core   0: 3 0x800015a4 (0xf97b8403) x 8 0x00000045 mem 0x800152ba
core   0: 0x800015a8 (0x419804b3) sub     s1, a6, s9
core   0: 3 0x800015a8 (0x419804b3) x 9 0x0000001c
core   0: 0x800015ac (0xf97bc183) lbu     gp, -105(s7)
core   0: 3 0x800015ac (0xf97bc183) x 3 0x00000045 mem 0x800152ba
core   0: 0x800015b0 (0x427baca3) sw      t2, 1081(s7)
core   0: 3 0x800015b0 (0x427baca3) mem 0x8001575c 0x00000049
core   0: 0x800015b4 (0x439bd603) lhu     a2, 1081(s7)
core   0: 3 0x800015b4 (0x439bd603) x12 0x00000049 mem 0x8001575c
core   0: 0x800015b8 (0x439bdc03) lhu     s8, 1081(s7)
core   0: 3 0x800015b8 (0x439bdc03) x24 0x00000049 mem 0x8001575c
core   0: 0x800015bc (0x432b8ca3) sb      s2, 1081(s7)
core   0: 3 0x800015bc (0x432b8ca3) mem 0x8001575c 0x3a
core   0: 0x800015c0 (0x439b8003) lb      zero, 1081(s7)
core   0: 3 0x800015c0 (0x439b8003) mem 0x8001575c
core   0: 0x800015c4 (0x42dbaca3) sw      a3, 1081(s7)
core   0: 3 0x800015c4 (0x42dbaca3) mem 0x8001575c 0x00000002
core   0: 0x800015c8 (0x42eb9ca3) sh      a4, 1081(s7)
core   0: 3 0x800015c8 (0x42eb9ca3) mem 0x8001575c 0xffd0
core   0: 0x800015cc (0x424b8ca3) sb      tp, 1081(s7)
core   0: 3 0x800015cc (0x424b8ca3) mem 0x8001575c 0x40
core   0: 0x800015d0 (0x439b9983) lh      s3, 1081(s7)
core   0: 3 0x800015d0 (0x439b9983) x19 0xffffff40 mem 0x8001575c
core   0: 0x800015d4 (0x00014c97) auipc   s9, 0x14
core   0: 3 0x800015d4 (0x00014c97) x25 0x800155d4
core   0: 0x800015d8 (0xf09c8c93) addi    s9, s9, -247
core   0: 3 0x800015d8 (0xf09c8c93) x25 0x800154dd
core   0: 0x800015dc (0xf3accd83) lbu     s11, -198(s9)
core   0: 3 0x800015dc (0xf3accd83) x27 0x00000037 mem 0x80015417
core   0: 0x800015e0 (0x41ba5c33) sra     s8, s4, s11
core   0: 3 0x800015e0 (0x41ba5c33) x24 0x00000000
core   0: 0x800015e4 (0xfe5c9303) lh      t1, -27(s9)
core   0: 3 0x800015e4 (0xfe5c9303) x 6 0xffffb41e mem 0x800154c2
core   0: 0x800015e8 (0x00000013) nop
core   0: 3 0x800015e8 (0x00000013)
core   0: 0x800015ec (0xa6182413) slti    s0, a6, -1439
core   0: 3 0x800015ec (0xa6182413) x 8 0x00000000
core   0: 0x800015f0 (0x07cccb83) lbu     s7, 124(s9)
core   0: 3 0x800015f0 (0x07cccb83) x23 0x0000009b mem 0x80015559
core   0: 0x800015f4 (0xfb9c8aa3) sb      s9, -75(s9)
core   0: 3 0x800015f4 (0xfb9c8aa3) mem 0x80015492 0xdd
core   0: 0x800015f8 (0x0a1ccb83) lbu     s7, 161(s9)
core   0: 3 0x800015f8 (0x0a1ccb83) x23 0x00000048 mem 0x8001557e
core   0: 0x800015fc (0xf09c97a3) sh      s1, -241(s9)
core   0: 3 0x800015fc (0xf09c97a3) mem 0x800153ec 0x001c
core   0: 0x80001600 (0xfa3c9ba3) sh      gp, -73(s9)
core   0: 3 0x80001600 (0xfa3c9ba3) mem 0x80015494 0x0045
core   0: 0x80001604 (0xffbc8703) lb      a4, -5(s9)
core   0: 3 0x80001604 (0xffbc8703) x14 0x00000064 mem 0x800154d8
core   0: 0x80001608 (0x01527db3) and     s11, tp, s5
core   0: 3 0x80001608 (0x01527db3) x27 0x00000040
core   0: 0x8000160c (0xf1bc90a3) sh      s11, -255(s9)
core   0: 3 0x8000160c (0xf1bc90a3) mem 0x800153de 0x0040
core   0: 0x80001610 (0x6080f313) andi    t1, ra, 1544
core   0: 3 0x80001610 (0x6080f313) x 6 0x00000000
core   0: 0x80001614 (0x09dcda03) lhu     s4, 157(s9)
core   0: 3 0x80001614 (0x09dcda03) x20 0x0000a6da mem 0x8001557a
core   0: 0x80001618 (0x0129c9b3) xor     s3, s3, s2
core   0: 3 0x80001618 (0x0129c9b3) x19 0xffffff7a
core   0: 0x8000161c (0x280bb713) sltiu   a4, s7, 640
core   0: 3 0x8000161c (0x280bb713) x14 0x00000001
core   0: 0x80001620 (0xfaedbc13) sltiu   s8, s11, -82
core   0: 3 0x80001620 (0xfaedbc13) x24 0x00000001
core   0: 0x80001624 (0xfabcd483) lhu     s1, -85(s9)
core   0: 3 0x80001624 (0xfabcd483) x 9 0x000010fc mem 0x80015488
core   0: 0x80001628 (0x59e12a93) slti    s5, sp, 1438
core   0: 3 0x80001628 (0x59e12a93) x21 0x00000001
core   0: 0x8000162c (0xf61c8d83) lb      s11, -159(s9)
core   0: 3 0x8000162c (0xf61c8d83) x27 0xfffffffb mem 0x8001543e
core   0: 0x80001630 (0xf96c8e03) lb      t3, -106(s9)
core   0: 3 0x80001630 (0xf96c8e03) x28 0xffffffd6 mem 0x80015473
core   0: 0x80001634 (0x41eb81b3) sub     gp, s7, t5
core   0: 3 0x80001634 (0x41eb81b3) x 3 0x7ffe66e6
core   0: 0x80001638 (0x0b8ca7a3) sw      s8, 175(s9)
core   0: 3 0x80001638 (0x0b8ca7a3) mem 0x8001558c 0x00000001
core   0: 0x8000163c (0x092c97a3) sh      s2, 143(s9)
core   0: 3 0x8000163c (0x092c97a3) mem 0x8001556c 0x003a
core   0: 0x80001640 (0x27592793) slti    a5, s2, 629
core   0: 3 0x80001640 (0x27592793) x15 0x00000001
core   0: 0x80001644 (0x005db833) sltu    a6, s11, t0
core   0: 3 0x80001644 (0x005db833) x16 0x00000000
core   0: 0x80001648 (0xaf1b7f93) andi    t6, s6, -1295
core   0: 3 0x80001648 (0xaf1b7f93) x31 0xfe61ba50
core   0: 0x8000164c (0x0c7c8923) sb      t2, 210(s9)
core   0: 3 0x8000164c (0x0c7c8923) mem 0x800155af 0x49
core   0: 0x80001650 (0x0d3c87a3) sb      s3, 207(s9)
core   0: 3 0x80001650 (0x0d3c87a3) mem 0x800155ac 0x7a
core   0: 0x80001654 (0x060cafa3) sw      zero, 127(s9)
core   0: 3 0x80001654 (0x060cafa3) mem 0x8001555c 0x00000000
core   0: 0x80001658 (0xc46ef513) andi    a0, t4, -954
core   0: 3 0x80001658 (0xc46ef513) x10 0x00007800
core   0: 0x8000165c (0x41e6dd93) srai    s11, a3, 30
core   0: 3 0x8000165c (0x41e6dd93) x27 0x00000000
core   0: 0x80001660 (0xf98ca3a3) sw      s8, -121(s9)
core   0: 3 0x80001660 (0xf98ca3a3) mem 0x80015464 0x00000001
core   0: 0x80001664 (0x6d74aa93) slti    s5, s1, 1751
core   0: 3 0x80001664 (0x6d74aa93) x21 0x00000000
core   0: 0x80001668 (0x003ba533) slt     a0, s7, gp
core   0: 3 0x80001668 (0x003ba533) x10 0x00000001
core   0: 0x8000166c (0xb002b993) sltiu   s3, t0, -1280
core   0: 3 0x8000166c (0xb002b993) x19 0x00000001
core   0: 0x80001670 (0x00baa333) slt     t1, s5, a1
core   0: 3 0x80001670 (0x00baa333) x 6 0x00000000
core   0: 0x80001674 (0x056a7937) lui     s2, 0x56a7
core   0: 3 0x80001674 (0x056a7937) x18 0x056a7000
core   0: 0x80001678 (0xf74c8723) sb      s4, -146(s9)
core   0: 3 0x80001678 (0xf74c8723) mem 0x8001544b 0xda
core   0: 0x8000167c (0xfc7cdd83) lhu     s11, -57(s9)
core   0: 3 0x8000167c (0xfc7cdd83) x27 0x0000bff2 mem 0x800154a4
core   0: 0x80001680 (0xe6c6a037) lui     zero, 0xe6c6a
core   0: 3 0x80001680 (0xe6c6a037)
core   0: 0x80001684 (0x010aceb3) xor     t4, s5, a6
core   0: 3 0x80001684 (0x010aceb3) x29 0x00000000
core   0: 0x80001688 (0xfb3cda83) lhu     s5, -77(s9)
core   0: 3 0x80001688 (0xfb3cda83) x21 0x000013a1 mem 0x80015490
core   0: 0x8000168c (0x022cc403) lbu     s0, 34(s9)
core   0: 3 0x8000168c (0x022cc403) x 8 0x000000d2 mem 0x800154ff
core   0: 0x80001690 (0x0000100f) fence.i
core   0: 3 0x80001690 (0x0000100f)
core   0: 0x80001694 (0x092ccd83) lbu     s11, 146(s9)
core   0: 3 0x80001694 (0x092ccd83) x27 0x000000cb mem 0x8001556f
core   0: 0x80001698 (0xfcdc9283) lh      t0, -51(s9)
core   0: 3 0x80001698 (0xfcdc9283) x 5 0xffffb852 mem 0x800154aa
core   0: 0x8000169c (0x0ff0000f) fence   iorw,iorw
core   0: 3 0x8000169c (0x0ff0000f)
core   0: 0x800016a0 (0xf03c9203) lh      tp, -253(s9)
core   0: 3 0x800016a0 (0xf03c9203) x 4 0xffffde0f mem 0x800153e0
core   0: 0x800016a4 (0x0000100f) fence.i
core   0: 3 0x800016a4 (0x0000100f)
core   0: 0x800016a8 (0x01186533) or      a0, a6, a7
core   0: 3 0x800016a8 (0x01186533) x10 0x00000000
core   0: 0x800016ac (0x41f480b3) sub     ra, s1, t6
core   0: 3 0x800016ac (0x41f480b3) x 1 0x019e56ac
core   0: 0x800016b0 (0x033c8a03) lb      s4, 51(s9)
core   0: 3 0x800016b0 (0x033c8a03) x20 0xffffff91 mem 0x80015510
core   0: 0x800016b4 (0x0dccca83) lbu     s5, 220(s9)
core   0: 3 0x800016b4 (0x0dccca83) x21 0x0000005b mem 0x800155b9
core   0: 0x800016b8 (0xfa0cc303) lbu     t1, -96(s9)
core   0: 3 0x800016b8 (0xfa0cc303) x 6 0x000000a0 mem 0x8001547d
core   0: 0x800016bc (0x00022c17) auipc   s8, 0x22
core   0: 3 0x800016bc (0x00022c17) x24 0x800236bc
core   0: 0x800016c0 (0xffbc0c13) addi    s8, s8, -5
core   0: 3 0x800016c0 (0xffbc0c13) x24 0x800236b7
core   0: 0x800016c4 (0xff1c1b83) lh      s7, -15(s8)
core   0: 3 0x800016c4 (0xff1c1b83) x23 0xffff8c5b mem 0x800236a8
core   0: 0x800016c8 (0xff1c5c83) lhu     s9, -15(s8)
core   0: 3 0x800016c8 (0xff1c5c83) x25 0x00008c5b mem 0x800236a8
core   0: 0x800016cc (0xff5c0c83) lb      s9, -11(s8)
core   0: 3 0x800016cc (0xff5c0c83) x25 0xffffffc5 mem 0x800236ac
core   0: 0x800016d0 (0x033c0123) sb      s3, 34(s8)
core   0: 3 0x800016d0 (0x033c0123) mem 0x800236d9 0x1
core   0: 0x800016d4 (0x013c4403) lbu     s0, 19(s8)
core   0: 3 0x800016d4 (0x013c4403) x 8 0x000000c1 mem 0x800236ca
core   0: 0x800016d8 (0x10e12813) slti    a6, sp, 270
core   0: 3 0x800016d8 (0x10e12813) x16 0x00000001
core   0: 0x800016dc (0x7351b713) sltiu   a4, gp, 1845
core   0: 3 0x800016dc (0x7351b713) x14 0x00000000
core   0: 0x800016e0 (0xff8c0023) sb      s8, -32(s8)
core   0: 3 0x800016e0 (0xff8c0023) mem 0x80023697 0xb7
core   0: 0x800016e4 (0xfe0c0983) lb      s3, -32(s8)
core   0: 3 0x800016e4 (0xfe0c0983) x19 0xffffffb7 mem 0x80023697
core   0: 0x800016e8 (0xfd6c4b83) lbu     s7, -42(s8)
core   0: 3 0x800016e8 (0xfd6c4b83) x23 0x00000078 mem 0x8002368d
core   0: 0x800016ec (0x013c0223) sb      s3, 4(s8)
core   0: 3 0x800016ec (0x013c0223) mem 0x800236bb 0xb7
core   0: 0x800016f0 (0x0354cf17) auipc   t5, 0x354c
core   0: 3 0x800016f0 (0x0354cf17) x30 0x8354d6f0
core   0: 0x800016f4 (0x01ac0223) sb      s10, 4(s8)
core   0: 3 0x800016f4 (0x01ac0223) mem 0x800236bb 0xad
core   0: 0x800016f8 (0x004c0383) lb      t2, 4(s8)
core   0: 3 0x800016f8 (0x004c0383) x 7 0xffffffad mem 0x800236bb
core   0: 0x800016fc (0x014c0e83) lb      t4, 20(s8)
core   0: 3 0x800016fc (0x014c0e83) x29 0xffffffba mem 0x800236cb
core   0: 0x80001700 (0x0001e097) auipc   ra, 0x1e
core   0: 3 0x80001700 (0x0001e097) x 1 0x8001f700
core   0: 0x80001704 (0x7b308093) addi    ra, ra, 1971
core   0: 3 0x80001704 (0x7b308093) x 1 0x8001feb3
core   0: 0x80001708 (0x00d08503) lb      a0, 13(ra)
core   0: 3 0x80001708 (0x00d08503) x10 0x0000005e mem 0x8001fec0
core   0: 0x8000170c (0x6fecb813) sltiu   a6, s9, 1790
core   0: 3 0x8000170c (0x6fecb813) x16 0x00000000
core   0: 0x80001710 (0x00d09903) lh      s2, 13(ra)
core   0: 3 0x80001710 (0x00d09903) x18 0x0000665e mem 0x8001fec0
core   0: 0x80001714 (0x0ff0000f) fence   iorw,iorw
core   0: 3 0x80001714 (0x0ff0000f)
core   0: 0x80001718 (0x8616ac93) slti    s9, a3, -1951
core   0: 3 0x80001718 (0x8616ac93) x25 0x00000000
core   0: 0x8000171c (0x00d0d283) lhu     t0, 13(ra)
core   0: 3 0x8000171c (0x00d0d283) x 5 0x0000665e mem 0x8001fec0
core   0: 0x80001720 (0x00a08d03) lb      s10, 10(ra)
core   0: 3 0x80001720 (0x00a08d03) x26 0xffffff89 mem 0x8001febd
core   0: 0x80001724 (0x018090a3) sh      s8, 1(ra)
core   0: 3 0x80001724 (0x018090a3) mem 0x8001feb4 0x36b7
core   0: 0x80001728 (0xff80c983) lbu     s3, -8(ra)
core   0: 3 0x80001728 (0xff80c983) x19 0x000000bd mem 0x8001feab
core   0: 0x8000172c (0xffd08f23) sb      t4, -2(ra)
core   0: 3 0x8000172c (0xffd08f23) mem 0x8001feb1 0xba
core   0: 0x80001730 (0xffe08003) lb      zero, -2(ra)
core   0: 3 0x80001730 (0xffe08003) mem 0x8001feb1
core   0: 0x80001734 (0xff70dc03) lhu     s8, -9(ra)
core   0: 3 0x80001734 (0xff70dc03) x24 0x0000bd1d mem 0x8001feaa
core   0: 0x80001738 (0x3426b393) sltiu   t2, a3, 834
core   0: 3 0x80001738 (0x3426b393) x 7 0x00000001
core   0: 0x8000173c (0x85f74913) xori    s2, a4, -1953
core   0: 3 0x8000173c (0x85f74913) x18 0xfffff85f
core   0: 0x80001740 (0x018eaeb3) slt     t4, t4, s8
core   0: 3 0x80001740 (0x018eaeb3) x29 0x00000001
core   0: 0x80001744 (0xfea08aa3) sb      a0, -11(ra)
core   0: 3 0x80001744 (0xfea08aa3) mem 0x8001fea8 0x5e
core   0: 0x80001748 (0x0001b697) auipc   a3, 0x1b
core   0: 3 0x80001748 (0x0001b697) x13 0x8001c748
core   0: 0x8000174c (0x09a68693) addi    a3, a3, 154
core   0: 3 0x8000174c (0x09a68693) x13 0x8001c7e2
core   0: 0x80001750 (0x03d682a3) sb      t4, 37(a3)
core   0: 3 0x80001750 (0x03d682a3) mem 0x8001c807 0x1
core   0: 0x80001754 (0x0256c883) lbu     a7, 37(a3)
core   0: 3 0x80001754 (0x0256c883) x17 0x00000001 mem 0x8001c807
core   0: 0x80001758 (0x0256c703) lbu     a4, 37(a3)
core   0: 3 0x80001758 (0x0256c703) x14 0x00000001 mem 0x8001c807
core   0: 0x8000175c (0xff96c003) lbu     zero, -7(a3)
core   0: 3 0x8000175c (0xff96c003) mem 0x8001c7db
core   0: 0x80001760 (0xffa68ca3) sb      s10, -7(a3)
core   0: 3 0x80001760 (0xffa68ca3) mem 0x8001c7db 0x89
core   0: 0x80001764 (0x0066cf03) lbu     t5, 6(a3)
core   0: 3 0x80001764 (0x0066cf03) x30 0x0000003e mem 0x8001c7e8
core   0: 0x80001768 (0xffc6cd03) lbu     s10, -4(a3)
core   0: 3 0x80001768 (0xffc6cd03) x26 0x000000c7 mem 0x8001c7de
core   0: 0x8000176c (0xfe069e23) sh      zero, -4(a3)
core   0: 3 0x8000176c (0xfe069e23) mem 0x8001c7de 0x0000
core   0: 0x80001770 (0xff16c283) lbu     t0, -15(a3)
core   0: 3 0x80001770 (0xff16c283) x 5 0x00000097 mem 0x8001c7d3
core   0: 0x80001774 (0xfe0688a3) sb      zero, -15(a3)
core   0: 3 0x80001774 (0xfe0688a3) mem 0x8001c7d3 0x0
core   0: 0x80001778 (0xff168f83) lb      t6, -15(a3)
core   0: 3 0x80001778 (0xff168f83) x31 0x00000000 mem 0x8001c7d3
core   0: 0x8000177c (0xfe168003) lb      zero, -31(a3)
core   0: 3 0x8000177c (0xfe168003) mem 0x8001c7c3
core   0: 0x80001780 (0xffa6ac83) lw      s9, -6(a3)
core   0: 3 0x80001780 (0xffa6ac83) x25 0x0000a1ad mem 0x8001c7dc
core   0: 0x80001784 (0xffa6ae03) lw      t3, -6(a3)
core   0: 3 0x80001784 (0xffa6ae03) x28 0x0000a1ad mem 0x8001c7dc
core   0: 0x80001788 (0xfe06dd03) lhu     s10, -32(a3)
core   0: 3 0x80001788 (0xfe06dd03) x26 0x0000d652 mem 0x8001c7c2
core   0: 0x8000178c (0x41fc0db3) sub     s11, s8, t6
core   0: 3 0x8000178c (0x41fc0db3) x27 0x0000bd1d
core   0: 0x80001790 (0xfdc68aa3) sb      t3, -43(a3)
core   0: 3 0x80001790 (0xfdc68aa3) mem 0x8001c7b7 0xad
core   0: 0x80001794 (0x00014517) auipc   a0, 0x14
core   0: 3 0x80001794 (0x00014517) x10 0x80015794
core   0: 0x80001798 (0xf5b50513) addi    a0, a0, -165
core   0: 3 0x80001798 (0xf5b50513) x10 0x800156ef
core   0: 0x8000179c (0x00014797) auipc   a5, 0x14
core   0: 3 0x8000179c (0x00014797) x15 0x8001579c
core   0: 0x800017a0 (0xf2278793) addi    a5, a5, -222
core   0: 3 0x800017a0 (0xf2278793) x15 0x800156be
core   0: 0x800017a4 (0xad250ba3) sb      s2, -1321(a0)
core   0: 3 0x800017a4 (0xad250ba3) mem 0x800151c6 0x5f
core   0: 0x800017a8 (0x00014917) auipc   s2, 0x14
core   0: 3 0x800017a8 (0x00014917) x18 0x800157a8
core   0: 0x800017ac (0xf4b90913) addi    s2, s2, -181
core   0: 3 0x800017ac (0xf4b90913) x18 0x800156f3
core   0: 0x800017b0 (0x00014c97) auipc   s9, 0x14
core   0: 3 0x800017b0 (0x00014c97) x25 0x800157b0
core   0: 0x800017b4 (0xbd2c8c93) addi    s9, s9, -1070
core   0: 3 0x800017b4 (0xbd2c8c93) x25 0x80015382
core   0: 0x800017b8 (0x61150723) sb      a7, 1550(a0)
core   0: 3 0x800017b8 (0x61150723) mem 0x80015cfd 0x1
core   0: 0x800017bc (0x2a350a23) sb      gp, 692(a0)
core   0: 3 0x800017bc (0x2a350a23) mem 0x800159a3 0xe6
core   0: 0x800017c0 (0x00390203) lb      tp, 3(s2)
core   0: 3 0x800017c0 (0x00390203) x 4 0x00000034 mem 0x800156f6
core   0: 0x800017c4 (0x00014c17) auipc   s8, 0x14
core   0: 3 0x800017c4 (0x00014c17) x24 0x800157c4
core   0: 0x800017c8 (0xbc9c0c13) addi    s8, s8, -1079
core   0: 3 0x800017c8 (0xbc9c0c13) x24 0x8001538d
core   0: 0x800017cc (0xfff94183) lbu     gp, -1(s2)
core   0: 3 0x800017cc (0xfff94183) x 3 0x00000029 mem 0x800156f2
core   0: 0x800017d0 (0xf79c8a03) lb      s4, -135(s9)
core   0: 3 0x800017d0 (0xf79c8a03) x20 0xffffffef mem 0x800152fb
core   0: 0x800017d4 (0xf87c8d03) lb      s10, -121(s9)
core   0: 3 0x800017d4 (0xf87c8d03) x26 0x0000006f mem 0x80015309
core   0: 0x800017d8 (0x01178623) sb      a7, 12(a5)
core   0: 3 0x800017d8 (0x01178623) mem 0x800156ca 0x1
core   0: 0x800017dc (0xf84c29a3) sw      tp, -109(s8)
core   0: 3 0x800017dc (0xf84c29a3) mem 0x80015320 0x00000034
core   0: 0x800017e0 (0xf83c8523) sb      gp, -118(s9)
core   0: 3 0x800017e0 (0xf83c8523) mem 0x8001530c 0x29
core   0: 0x800017e4 (0x0d3cc883) lbu     a7, 211(s9)
core   0: 3 0x800017e4 (0x0d3cc883) x17 0x000000ad mem 0x80015455
core   0: 0x800017e8 (0x030787a3) sb      a6, 47(a5)
core   0: 3 0x800017e8 (0x030787a3) mem 0x800156ed 0x0
core   0: 0x800017ec (0xfa7c86a3) sb      t2, -83(s9)
core   0: 3 0x800017ec (0xfa7c86a3) mem 0x8001532f 0x1
core   0: 0x800017f0 (0x00d92483) lw      s1, 13(s2)
core   0: 3 0x800017f0 (0x00d92483) x 9 0x3d5200f7 mem 0x80015700
core   0: 0x800017f4 (0xfa8c02a3) sb      s0, -91(s8)
core   0: 3 0x800017f4 (0xfa8c02a3) mem 0x80015332 0xc1
core   0: 0x800017f8 (0x00690303) lb      t1, 6(s2)
core   0: 3 0x800017f8 (0x00690303) x 6 0x00000014 mem 0x800156f9
core   0: 0x800017fc (0x3a754483) lbu     s1, 935(a0)
core   0: 3 0x800017fc (0x3a754483) x 9 0x00000012 mem 0x80015a96
core   0: 0x80001800 (0x00079803) lh      a6, 0(a5)
core   0: 3 0x80001800 (0x00079803) x16 0xffffb5f7 mem 0x800156be
core   0: 0x80001804 (0xf42c9683) lh      a3, -190(s9)
core   0: 3 0x80001804 (0xf42c9683) x13 0x00005de2 mem 0x800152c4
core   0: 0x80001808 (0x4e850403) lb      s0, 1256(a0)
core   0: 3 0x80001808 (0x4e850403) x 8 0xffffffc2 mem 0x80015bd7
core   0: 0x8000180c (0xff390403) lb      s0, -13(s2)
core   0: 3 0x8000180c (0xff390403) x 8 0xfffffff6 mem 0x800156e6
core   0: 0x80001810 (0x62b50423) sb      a1, 1576(a0)
core   0: 3 0x80001810 (0x62b50423) mem 0x80015d17 0xe4
core   0: 0x80001814 (0x01b78703) lb      a4, 27(a5)
core   0: 3 0x80001814 (0x01b78703) x14 0xfffffffd mem 0x800156d9
core   0: 0x80001818 (0x03dc8803) lb      a6, 61(s9)
core   0: 3 0x80001818 (0x03dc8803) x16 0x0000005c mem 0x800153bf
core   0: 0x8000181c (0xfe390b23) sb      gp, -10(s2)
core   0: 3 0x8000181c (0xfe390b23) mem 0x800156e9 0x29
core   0: 0x80001820 (0xf9854a03) lbu     s4, -104(a0)
core   0: 3 0x80001820 (0xf9854a03) x20 0x0000003d mem 0x80015687
core   0: 0x80001824 (0xf04cd003) lhu     zero, -252(s9)
core   0: 3 0x80001824 (0xf04cd003) mem 0x80015286
core   0: 0x80001828 (0x2e850723) sb      s0, 750(a0)
core   0: 3 0x80001828 (0x2e850723) mem 0x800159dd 0xf6
core   0: 0x8000182c (0x052cde83) lhu     t4, 82(s9)
core   0: 3 0x8000182c (0x052cde83) x29 0x00006002 mem 0x800153d4
core   0: 0x80001830 (0x01f7c703) lbu     a4, 31(a5)
core   0: 3 0x80001830 (0x01f7c703) x14 0x00000055 mem 0x800156dd
core   0: 0x80001834 (0xffd95e83) lhu     t4, -3(s2)
core   0: 3 0x80001834 (0xffd95e83) x29 0x0000d097 mem 0x800156f0
core   0: 0x80001838 (0x004c0fa3) sb      tp, 31(s8)
core   0: 3 0x80001838 (0x004c0fa3) mem 0x800153ac 0x34
core   0: 0x8000183c (0xf7fcc003) lbu     zero, -129(s9)
core   0: 3 0x8000183c (0xf7fcc003) mem 0x80015301
core   0: 0x80001840 (0x0f8c0483) lb      s1, 248(s8)
core   0: 3 0x80001840 (0x0f8c0483) x 9 0xfffffff1 mem 0x80015485
core   0: 0x80001844 (0x01a90623) sb      s10, 12(s2)
core   0: 3 0x80001844 (0x01a90623) mem 0x800156ff 0x6f
core   0: 0x80001848 (0xfc2c4d83) lbu     s11, -62(s8)
core   0: 3 0x80001848 (0xfc2c4d83) x27 0x000000e1 mem 0x8001534f
core   0: 0x8000184c (0xfe47cd83) lbu     s11, -28(a5)
core   0: 3 0x8000184c (0xfe47cd83) x27 0x000000c8 mem 0x800156a2
core   0: 0x80001850 (0x00024a97) auipc   s5, 0x24
core   0: 3 0x80001850 (0x00024a97) x21 0x80025850
core   0: 0x80001854 (0x21ea8a93) addi    s5, s5, 542
core   0: 3 0x80001854 (0x21ea8a93) x21 0x80025a6e
core   0: 0x80001858 (0x00000013) nop
core   0: 3 0x80001858 (0x00000013)
core   0: 0x8000185c (0x006d0633) add     a2, s10, t1
core   0: 3 0x8000185c (0x006d0633) x12 0x00000083
core   0: 0x80001860 (0x09da8723) sb      t4, 142(s5)
core   0: 3 0x80001860 (0x09da8723) mem 0x80025afc 0x97
core   0: 0x80001864 (0x010c1c13) slli    s8, s8, 16
core   0: 3 0x80001864 (0x010c1c13) x24 0x538d0000
core   0: 0x80001868 (0x00dcde13) srli    t3, s9, 13
core   0: 3 0x80001868 (0x00dcde13) x28 0x0004000a
core   0: 0x8000186c (0x0116a9b3) slt     s3, a3, a7
core   0: 3 0x8000186c (0x0116a9b3) x19 0x00000000
core   0: 0x80001870 (0xf8aa9f03) lh      t5, -118(s5)
core   0: 3 0x80001870 (0xf8aa9f03) x30 0xfffffca3 mem 0x800259f8
core   0: 0x80001874 (0x000aa233) slt     tp, s5, zero
core   0: 3 0x80001874 (0x000aa233) x 4 0x00000001
core   0: 0x80001878 (0x003a8fa3) sb      gp, 31(s5)
core   0: 3 0x80001878 (0x003a8fa3) mem 0x80025a8d 0x29
core   0: 0x8000187c (0xfcaa82a3) sb      a0, -59(s5)
core   0: 3 0x8000187c (0xfcaa82a3) mem 0x80025a33 0xef
core   0: 0x80001880 (0xffda84a3) sb      t4, -23(s5)
core   0: 3 0x80001880 (0xffda84a3) mem 0x80025a57 0x97
core   0: 0x80001884 (0x17c2e213) ori     tp, t0, 380
core   0: 3 0x80001884 (0x17c2e213) x 4 0x000001ff
core   0: 0x80001888 (0x006b9493) slli    s1, s7, 6
core   0: 3 0x80001888 (0x006b9493) x 9 0x00001e00
core   0: 0x8000188c (0xfeaa83a3) sb      a0, -25(s5)
core   0: 3 0x8000188c (0xfeaa83a3) mem 0x80025a55 0xef
core   0: 0x80001890 (0xe50fb613) sltiu   a2, t6, -432
core   0: 3 0x80001890 (0xe50fb613) x12 0x00000001
core   0: 0x80001894 (0x0010c933) xor     s2, ra, ra
core   0: 3 0x80001894 (0x0010c933) x18 0x00000000
core   0: 0x80001898 (0xb809d437) lui     s0, 0xb809d
core   0: 3 0x80001898 (0xb809d437) x 8 0xb809d000
core   0: 0x8000189c (0x005c8233) add     tp, s9, t0
core   0: 3 0x8000189c (0x005c8233) x 4 0x80015419
core   0: 0x800018a0 (0x0d6a8283) lb      t0, 214(s5)
core   0: 3 0x800018a0 (0x0d6a8283) x 5 0x00000024 mem 0x80025b44
core   0: 0x800018a4 (0xfaeacf83) lbu     t6, -82(s5)
core   0: 3 0x800018a4 (0xfaeacf83) x31 0x000000a3 mem 0x80025a1c
core   0: 0x800018a8 (0x012a9403) lh      s0, 18(s5)
core   0: 3 0x800018a8 (0x012a9403) x 8 0xffffc0b1 mem 0x80025a80
core   0: 0x800018ac (0x052a88a3) sb      s2, 81(s5)
core   0: 3 0x800018ac (0x052a88a3) mem 0x80025abf 0x0
core   0: 0x800018b0 (0xa32c4e93) xori    t4, s8, -1486
core   0: 3 0x800018b0 (0xa32c4e93) x29 0xac72fa32
core   0: 0x800018b4 (0x406fd8b3) sra     a7, t6, t1
core   0: 3 0x800018b4 (0x406fd8b3) x17 0x00000000
core   0: 0x800018b8 (0x41078c33) sub     s8, a5, a6
core   0: 3 0x800018b8 (0x41078c33) x24 0x80015662
core   0: 0x800018bc (0xfb0ace83) lbu     t4, -80(s5)
core   0: 3 0x800018bc (0xfb0ace83) x29 0x000000a5 mem 0x80025a1e
core   0: 0x800018c0 (0x00016617) auipc   a2, 0x16
core   0: 3 0x800018c0 (0x00016617) x12 0x800178c0
core   0: 0x800018c4 (0xf6660613) addi    a2, a2, -154
core   0: 3 0x800018c4 (0xf6660613) x12 0x80017826
core   0: 0x800018c8 (0xf6c600a3) sb      a2, -159(a2)
core   0: 3 0x800018c8 (0xf6c600a3) mem 0x80017787 0x26
core   0: 0x800018cc (0x0000100f) fence.i
core   0: 3 0x800018cc (0x0000100f)
core   0: 0x800018d0 (0xf9465c03) lhu     s8, -108(a2)
core   0: 3 0x800018d0 (0xf9465c03) x24 0x0000aa8e mem 0x800177ba
core   0: 0x800018d4 (0xf2061183) lh      gp, -224(a2)
core   0: 3 0x800018d4 (0xf2061183) x 3 0xffffb193 mem 0x80017746
core   0: 0x800018d8 (0x0b760703) lb      a4, 183(a2)
core   0: 3 0x800018d8 (0x0b760703) x14 0x00000039 mem 0x800178dd
core   0: 0x800018dc (0x01a9cf33) xor     t5, s3, s10
core   0: 3 0x800018dc (0x01a9cf33) x30 0x0000006f
core   0: 0x800018e0 (0xe2f14993) xori    s3, sp, -465
core   0: 3 0x800018e0 (0xe2f14993) x19 0x7ffd504b
core   0: 0x800018e4 (0x58773d13) sltiu   s10, a4, 1415
core   0: 3 0x800018e4 (0x58773d13) x26 0x00000001
core   0: 0x800018e8 (0x00cf3cb3) sltu    s9, t5, a2
core   0: 3 0x800018e8 (0x00cf3cb3) x25 0x00000001
core   0: 0x800018ec (0x00521293) slli    t0, tp, 5
core   0: 3 0x800018ec (0x00521293) x 5 0x002a8320
core   0: 0x800018f0 (0x04560fa3) sb      t0, 95(a2)
core   0: 3 0x800018f0 (0x04560fa3) mem 0x80017885 0x20
core   0: 0x800018f4 (0xf8264c03) lbu     s8, -126(a2)
core   0: 3 0x800018f4 (0xf8264c03) x24 0x000000a2 mem 0x800177a8
core   0: 0x800018f8 (0x2acb8513) addi    a0, s7, 684
core   0: 3 0x800018f8 (0x2acb8513) x10 0x00000324
core   0: 0x800018fc (0x6885a493) slti    s1, a1, 1672
core   0: 3 0x800018fc (0x6885a493) x 9 0x00000001
core   0: 0x80001900 (0xf0261b83) lh      s7, -254(a2)
core   0: 3 0x80001900 (0xf0261b83) x23 0xfffff10b mem 0x80017728
core   0: 0x80001904 (0xfab60f83) lb      t6, -85(a2)
core   0: 3 0x80001904 (0xfab60f83) x31 0x00000013 mem 0x800177d1
core   0: 0x80001908 (0x01e18fb3) add     t6, gp, t5
core   0: 3 0x80001908 (0x01e18fb3) x31 0xffffb202
core   0: 0x8000190c (0x0d960503) lb      a0, 217(a2)
core   0: 3 0x8000190c (0x0d960503) x10 0xffffffd0 mem 0x800178ff
core   0: 0x80001910 (0xf9661e03) lh      t3, -106(a2)
core   0: 3 0x80001910 (0xf9661e03) x28 0xfffffe89 mem 0x800177bc
core   0: 0x80001914 (0x08a53913) sltiu   s2, a0, 138
core   0: 3 0x80001914 (0x08a53913) x18 0x00000000
core   0: 0x80001918 (0x4167de93) srai    t4, a5, 22
core   0: 3 0x80001918 (0x4167de93) x29 0xfffffe00
core   0: 0x8000191c (0x2d9ccf93) xori    t6, s9, 729
core   0: 3 0x8000191c (0x2d9ccf93) x31 0x000002d8
core   0: 0x80001920 (0x0ff0000f) fence   iorw,iorw
core   0: 3 0x80001920 (0x0ff0000f)
core   0: 0x80001924 (0xff0bec93) ori     s9, s7, -16
core   0: 3 0x80001924 (0xff0bec93) x25 0xfffffffb
core   0: 0x80001928 (0x0c461e03) lh      t3, 196(a2)
core   0: 3 0x80001928 (0x0c461e03) x28 0x00004e27 mem 0x800178ea
core   0: 0x8000192c (0x0ff0000f) fence   iorw,iorw
core   0: 3 0x8000192c (0x0ff0000f)
core   0: 0x80001930 (0x00c71933) sll     s2, a4, a2
core   0: 3 0x80001930 (0x00c71933) x18 0x00000e40
core   0: 0x80001934 (0xf5f60fa3) sb      t6, -161(a2)
core   0: 3 0x80001934 (0xf5f60fa3) mem 0x80017785 0xd8
core   0: 0x80001938 (0x0ff0000f) fence   iorw,iorw
core   0: 3 0x80001938 (0x0ff0000f)
core   0: 0x8000193c (0x0b560003) lb      zero, 181(a2)
core   0: 3 0x8000193c (0x0b560003) mem 0x800178db
core   0: 0x80001940 (0x651cdb97) auipc   s7, 0x651cd
core   0: 3 0x80001940 (0x651cdb97) x23 0xe51ce940
core   0: 0x80001944 (0x4a62b193) sltiu   gp, t0, 1190
core   0: 3 0x80001944 (0x4a62b193) x 3 0x00000000
core   0: 0x80001948 (0x404280b3) sub     ra, t0, tp
core   0: 3 0x80001948 (0x404280b3) x 1 0x80292f07
core   0: 0x8000194c (0xf7b61823) sh      s11, -144(a2)
core   0: 3 0x8000194c (0xf7b61823) mem 0x80017796 0x00c8
core   0: 0x80001950 (0x41a9df93) srai    t6, s3, 26
core   0: 3 0x80001950 (0x41a9df93) x31 0x0000001f
core   0: 0x80001954 (0x41bf5eb3) sra     t4, t5, s11
core   0: 3 0x80001954 (0x41bf5eb3) x29 0x00000000
core   0: 0x80001958 (0x00000013) nop
core   0: 3 0x80001958 (0x00000013)
core   0: 0x8000195c (0xbf0aae93) slti    t4, s5, -1040
core   0: 3 0x8000195c (0xbf0aae93) x29 0x00000001
core   0: 0x80001960 (0xd1a92d17) auipc   s10, 0xd1a92
core   0: 3 0x80001960 (0xd1a92d17) x26 0x51a93960
core   0: 0x80001964 (0x008d2433) slt     s0, s10, s0
core   0: 3 0x80001964 (0x008d2433) x 8 0x00000000
core   0: 0x80001968 (0x0a6607a3) sb      t1, 175(a2)
core   0: 3 0x80001968 (0x0a6607a3) mem 0x800178d5 0x14
core   0: 0x8000196c (0xcea96f13) ori     t5, s2, -790
core   0: 3 0x8000196c (0xcea96f13) x30 0xfffffeea
core   0: 0x80001970 (0x00000013) nop
core   0: 3 0x80001970 (0x00000013)
core   0: 0x80001974 (0x0c662883) lw      a7, 198(a2)
core   0: 3 0x80001974 (0x0c662883) x17 0x6e324cf5 mem 0x800178ec
core   0: 0x80001978 (0xfe664a83) lbu     s5, -26(a2)
core   0: 3 0x80001978 (0xfe664a83) x21 0x00000046 mem 0x8001780c
core   0: 0x8000197c (0x00015417) auipc   s0, 0x15
core   0: 3 0x8000197c (0x00015417) x 8 0x8001697c
core   0: 0x80001980 (0xabd40413) addi    s0, s0, -1347
core   0: 3 0x80001980 (0xabd40413) x 8 0x80016439
core   0: 0x80001984 (0x05c44703) lbu     a4, 92(s0)
core   0: 3 0x80001984 (0x05c44703) x14 0x000000c8 mem 0x80016495
core   0: 0x80001988 (0x05c40283) lb      t0, 92(s0)
core   0: 3 0x80001988 (0x05c40283) x 5 0xffffffc8 mem 0x80016495
core   0: 0x8000198c (0x05940003) lb      zero, 89(s0)
core   0: 3 0x8000198c (0x05940003) mem 0x80016492
core   0: 0x80001990 (0x05944483) lbu     s1, 89(s0)
core   0: 3 0x80001990 (0x05944483) x 9 0x000000ca mem 0x80016492
core   0: 0x80001994 (0x37f42c93) slti    s9, s0, 895
core   0: 3 0x80001994 (0x37f42c93) x25 0x00000001
core   0: 0x80001998 (0xf3a44903) lbu     s2, -198(s0)
core   0: 3 0x80001998 (0xf3a44903) x18 0x000000c3 mem 0x80016373
core   0: 0x8000199c (0xf3440d23) sb      s4, -198(s0)
core   0: 3 0x8000199c (0xf3440d23) mem 0x80016373 0x3d
core   0: 0x800019a0 (0x004253b3) srl     t2, tp, tp
core   0: 3 0x800019a0 (0x004253b3) x 7 0x00000040
core   0: 0x800019a4 (0xf2140d23) sb      ra, -198(s0)
core   0: 3 0x800019a4 (0xf2140d23) mem 0x80016373 0x7
core   0: 0x800019a8 (0x407254b3) sra     s1, tp, t2
core   0: 3 0x800019a8 (0x407254b3) x 9 0x80015419
core   0: 0x800019ac (0xf3a44a03) lbu     s4, -198(s0)
core   0: 3 0x800019ac (0xf3a44a03) x20 0x00000007 mem 0x80016373
core   0: 0x800019b0 (0xf2440d23) sb      tp, -198(s0)
core   0: 3 0x800019b0 (0xf2440d23) mem 0x80016373 0x19
core   0: 0x800019b4 (0xba347a93) andi    s5, s0, -1117
core   0: 3 0x800019b4 (0xba347a93) x21 0x80016021
core   0: 0x800019b8 (0xf3e40d23) sb      t5, -198(s0)
core   0: 3 0x800019b8 (0xf3e40d23) mem 0x80016373 0xea
core   0: 0x800019bc (0x012c4633) xor     a2, s8, s2
core   0: 3 0x800019bc (0x012c4633) x12 0x00000061
core   0: 0x800019c0 (0xf3a40483) lb      s1, -198(s0)
core   0: 3 0x800019c0 (0xf3a40483) x 9 0xffffffea mem 0x80016373
core   0: 0x800019c4 (0x0ff0000f) fence   iorw,iorw
core   0: 3 0x800019c4 (0x0ff0000f)
core   0: 0x800019c8 (0xf3a44c03) lbu     s8, -198(s0)
core   0: 3 0x800019c8 (0xf3a44c03) x24 0x000000ea mem 0x80016373
core   0: 0x800019cc (0xf2240d23) sb      sp, -198(s0)
core   0: 3 0x800019cc (0xf2240d23) mem 0x80016373 0x64
core   0: 0x800019d0 (0x03e40b83) lb      s7, 62(s0)
core   0: 3 0x800019d0 (0x03e40b83) x23 0xffffffe5 mem 0x80016477
core   0: 0x800019d4 (0x02040f23) sb      zero, 62(s0)
core   0: 3 0x800019d4 (0x02040f23) mem 0x80016477 0x0
core   0: 0x800019d8 (0xff844203) lbu     tp, -8(s0)
core   0: 3 0x800019d8 (0xff844203) x 4 0x00000048 mem 0x80016431
core   0: 0x800019dc (0x00014397) auipc   t2, 0x14
core   0: 3 0x800019dc (0x00014397) x 7 0x800159dc
core   0: 0x800019e0 (0x87838393) addi    t2, t2, -1928
core   0: 3 0x800019e0 (0x87838393) x 7 0x80015254
core   0: 0x800019e4 (0x00014d17) auipc   s10, 0x14
core   0: 3 0x800019e4 (0x00014d17) x26 0x800159e4
core   0: 0x800019e8 (0xbe4d0d13) addi    s10, s10, -1052
core   0: 3 0x800019e8 (0xbe4d0d13) x26 0x800155c8
core   0: 0x800019ec (0x00014817) auipc   a6, 0x14
core   0: 3 0x800019ec (0x00014817) x16 0x800159ec
core   0: 0x800019f0 (0x84480813) addi    a6, a6, -1980
core   0: 3 0x800019f0 (0x84480813) x16 0x80015230
core   0: 0x800019f4 (0x06081f23) sh      zero, 126(a6)
core   0: 3 0x800019f4 (0x06081f23) mem 0x800152ae 0x0000
core   0: 0x800019f8 (0x00014517) auipc   a0, 0x14
core   0: 3 0x800019f8 (0x00014517) x10 0x800159f8
core   0: 0x800019fc (0x41e50513) addi    a0, a0, 1054
core   0: 3 0x800019fc (0x41e50513) x10 0x80015e16
core   0: 0x80001a00 (0xfe63cc03) lbu     s8, -26(t2)
core   0: 3 0x80001a00 (0xfe63cc03) x24 0x00000097 mem 0x8001523a
core   0: 0x80001a04 (0xfecd0ca3) sb      a2, -7(s10)
core   0: 3 0x80001a04 (0xfecd0ca3) mem 0x800155c1 0x61
core   0: 0x80001a08 (0xa1d54483) lbu     s1, -1507(a0)
core   0: 3 0x80001a08 (0xa1d54483) x 9 0x00000029 mem 0x80015833
core   0: 0x80001a0c (0x0fb84603) lbu     a2, 251(a6)
core   0: 3 0x80001a0c (0x0fb84603) x12 0x00000096 mem 0x8001532b
core   0: 0x80001a10 (0xfc1d0003) lb      zero, -63(s10)
core   0: 3 0x80001a10 (0xfc1d0003) mem 0x80015589
core   0: 0x80001a14 (0xf2850a23) sb      s0, -204(a0)
core   0: 3 0x80001a14 (0xf2850a23) mem 0x80015d4a 0x39
core   0: 0x80001a18 (0xfd138fa3) sb      a7, -33(t2)
core   0: 3 0x80001a18 (0xfd138fa3) mem 0x80015233 0xf5
core   0: 0x80001a1c (0xff7d4183) lbu     gp, -9(s10)
core   0: 3 0x80001a1c (0xff7d4183) x 3 0x000000af mem 0x800155bf
core   0: 0x80001a20 (0xfba80ea3) sb      s10, -67(a6)
core   0: 3 0x80001a20 (0xfba80ea3) mem 0x800151ed 0xc8
core   0: 0x80001a24 (0x82e50f83) lb      t6, -2002(a0)
core   0: 3 0x80001a24 (0x82e50f83) x31 0xffffffb1 mem 0x80015644
core   0: 0x80001a28 (0x0153c183) lbu     gp, 21(t2)
core   0: 3 0x80001a28 (0x0153c183) x 3 0x000000f8 mem 0x80015269
core   0: 0x80001a2c (0x013d04a3) sb      s3, 9(s10)
core   0: 3 0x80001a2c (0x013d04a3) mem 0x800155d1 0x4b
core   0: 0x80001a30 (0xfd2d03a3) sb      s2, -57(s10)
core   0: 3 0x80001a30 (0xfd2d03a3) mem 0x8001558f 0xc3
core   0: 0x80001a34 (0xfd080da3) sb      a6, -37(a6)
core   0: 3 0x80001a34 (0xfd080da3) mem 0x8001520b 0x30
core   0: 0x80001a38 (0x009d0da3) sb      s1, 27(s10)
core   0: 3 0x80001a38 (0x009d0da3) mem 0x800155e3 0x29
core   0: 0x80001a3c (0xf0480fa3) sb      tp, -225(a6)
core   0: 3 0x80001a3c (0xf0480fa3) mem 0x8001514f 0x48
core   0: 0x80001a40 (0x0e481203) lh      tp, 228(a6)
core   0: 3 0x80001a40 (0x0e481203) x 4 0xffffbbcb mem 0x80015314
core   0: 0x80001a44 (0x20c503a3) sb      a2, 519(a0)
core   0: 3 0x80001a44 (0x20c503a3) mem 0x8001601d 0x96
core   0: 0x80001a48 (0xf5c80683) lb      a3, -164(a6)
core   0: 3 0x80001a48 (0xf5c80683) x13 0x00000059 mem 0x8001518c
core   0: 0x80001a4c (0x0073c003) lbu     zero, 7(t2)
core   0: 3 0x80001a4c (0x0073c003) mem 0x8001525b
core   0: 0x80001a50 (0xf5381523) sh      s3, -182(a6)
core   0: 3 0x80001a50 (0xf5381523) mem 0x8001517a 0x504b
core   0: 0x80001a54 (0x03a38ea3) sb      s10, 61(t2)
core   0: 3 0x80001a54 (0x03a38ea3) mem 0x80015291 0xc8
core   0: 0x80001a58 (0x036d0203) lb      tp, 54(s10)
core   0: 3 0x80001a58 (0x036d0203) x 4 0xffffffcb mem 0x800155fe
core   0: 0x80001a5c (0x88b54d83) lbu     s11, -1909(a0)
core   0: 3 0x80001a5c (0x88b54d83) x27 0x0000001b mem 0x800156a1
core   0: 0x80001a60 (0x00014917) auipc   s2, 0x14
core   0: 3 0x80001a60 (0x00014917) x18 0x80015a60
core   0: 0x80001a64 (0xffd90913) addi    s2, s2, -3
core   0: 3 0x80001a64 (0xffd90913) x18 0x80015a5d
core   0: 0x80001a68 (0xc6094d03) lbu     s10, -928(s2)
core   0: 3 0x80001a68 (0xc6094d03) x26 0x00000069 mem 0x800156bd
core   0: 0x80001a6c (0xe1394383) lbu     t2, -493(s2)
core   0: 3 0x80001a6c (0xe1394383) x 7 0x000000d3 mem 0x80015870
core   0: 0x80001a70 (0x5d9906a3) sb      s9, 1485(s2)
core   0: 3 0x80001a70 (0x5d9906a3) mem 0x8001602a 0x1
core   0: 0x80001a74 (0x01bccc33) xor     s8, s9, s11
core   0: 3 0x80001a74 (0x01bccc33) x24 0x0000001a
core   0: 0x80001a78 (0xa6d91703) lh      a4, -1427(s2)
core   0: 3 0x80001a78 (0xa6d91703) x14 0x0000795b mem 0x800154ca
core   0: 0x80001a7c (0x4092d893) srai    a7, t0, 9
core   0: 3 0x80001a7c (0x4092d893) x17 0xffffffff
core   0: 0x80001a80 (0xd5190223) sb      a7, -700(s2)
core   0: 3 0x80001a80 (0xd5190223) mem 0x800157a1 0xff
core   0: 0x80001a84 (0xd1490e83) lb      t4, -748(s2)
core   0: 3 0x80001a84 (0xd1490e83) x29 0xfffffffb mem 0x80015771
core   0: 0x80001a88 (0x00189393) slli    t2, a7, 1
core   0: 3 0x80001a88 (0x00189393) x 7 0xfffffffe
core   0: 0x80001a8c (0x15b90183) lb      gp, 347(s2)
core   0: 3 0x80001a8c (0x15b90183) x 3 0xffffffe5 mem 0x80015bb8
core   0: 0x80001a90 (0xa8a90483) lb      s1, -1398(s2)
core   0: 3 0x80001a90 (0xa8a90483) x 9 0x00000068 mem 0x800154e7
core   0: 0x80001a94 (0xaef92a03) lw      s4, -1297(s2)
core   0: 3 0x80001a94 (0xaef92a03) x20 0x8451b944 mem 0x8001554c
core   0: 0x80001a98 (0xdbc92da3) sw      t3, -581(s2)
core   0: 3 0x80001a98 (0xdbc92da3) mem 0x80015818 0x00004e27
core   0: 0x80001a9c (0x4148df93) srai    t6, a7, 20
core   0: 3 0x80001a9c (0x4148df93) x31 0xffffffff
core   0: 0x80001aa0 (0x1066c513) xori    a0, a3, 262
core   0: 3 0x80001aa0 (0x1066c513) x10 0x0000015f
core   0: 0x80001aa4 (0x103fae17) auipc   t3, 0x103fa
core   0: 3 0x80001aa4 (0x103fae17) x28 0x903fbaa4
core   0: 0x80001aa8 (0x01135ab3) srl     s5, t1, a7
core   0: 3 0x80001aa8 (0x01135ab3) x21 0x00000000
core   0: 0x80001aac (0x4e991003) lh      zero, 1257(s2)
core   0: 3 0x80001aac (0x4e991003) mem 0x80015f46
core   0: 0x80001ab0 (0x1d1c1097) auipc   ra, 0x1d1c1
core   0: 3 0x80001ab0 (0x1d1c1097) x 1 0x9d1c2ab0
core   0: 0x80001ab4 (0x0ff0000f) fence   iorw,iorw
core   0: 3 0x80001ab4 (0x0ff0000f)
core   0: 0x80001ab8 (0x18e07d13) andi    s10, zero, 398
core   0: 3 0x80001ab8 (0x18e07d13) x26 0x00000000
core   0: 0x80001abc (0xc5f94803) lbu     a6, -929(s2)
core   0: 3 0x80001abc (0xc5f94803) x16 0x000000ad mem 0x800156bc
core   0: 0x80001ac0 (0x07491ca3) sh      s4, 121(s2)
core   0: 3 0x80001ac0 (0x07491ca3) mem 0x80015ad6 0xb944
core   0: 0x80001ac4 (0x2c7917a3) sh      t2, 719(s2)
core   0: 3 0x80001ac4 (0x2c7917a3) mem 0x80015d2c 0xfffe
core   0: 0x80001ac8 (0x41540433) sub     s0, s0, s5
core   0: 3 0x80001ac8 (0x41540433) x 8 0x80016439
core   0: 0x80001acc (0x9c590723) sb      t0, -1586(s2)
core   0: 3 0x80001acc (0x9c590723) mem 0x8001542b 0xc8
core   0: 0x80001ad0 (0xfe792fa3) sw      t2, -1(s2)
core   0: 3 0x80001ad0 (0xfe792fa3) mem 0x80015a5c 0xfffffffe
core   0: 0x80001ad4 (0x40df5eb3) sra     t4, t5, a3
core   0: 3 0x80001ad4 (0x40df5eb3) x29 0xffffffff
core   0: 0x80001ad8 (0x01d41db3) sll     s11, s0, t4
core   0: 3 0x80001ad8 (0x01d41db3) x27 0x80000000
core   0: 0x80001adc (0x34490683) lb      a3, 836(s2)
core   0: 3 0x80001adc (0x34490683) x13 0xffffffde mem 0x80015da1
core   0: 0x80001ae0 (0x01964a33) xor     s4, a2, s9
core   0: 3 0x80001ae0 (0x01964a33) x20 0x00000097
core   0: 0x80001ae4 (0x737b0537) lui     a0, 0x737b0
core   0: 3 0x80001ae4 (0x737b0537) x10 0x737b0000
core   0: 0x80001ae8 (0x308e4793) xori    a5, t3, 776
core   0: 3 0x80001ae8 (0x308e4793) x15 0x903fb9ac
core   0: 0x80001aec (0x8ffac293) xori    t0, s5, -1793
core   0: 3 0x80001aec (0x8ffac293) x 5 0xfffff8ff
core   0: 0x80001af0 (0x21a94d03) lbu     s10, 538(s2)
core   0: 3 0x80001af0 (0x21a94d03) x26 0x00000000 mem 0x80015c77
core   0: 0x80001af4 (0x0ff0000f) fence   iorw,iorw
core   0: 3 0x80001af4 (0x0ff0000f)
core   0: 0x80001af8 (0x9ed95203) lhu     tp, -1555(s2)
core   0: 3 0x80001af8 (0x9ed95203) x 4 0x0000dafb mem 0x8001544a
core   0: 0x80001afc (0x40375533) sra     a0, a4, gp
core   0: 3 0x80001afc (0x40375533) x10 0x000003ca
core   0: 0x80001b00 (0xeb362793) slti    a5, a2, -333
core   0: 3 0x80001b00 (0xeb362793) x15 0x00000000
core   0: 0x80001b04 (0x01645c13) srli    s8, s0, 22
core   0: 3 0x80001b04 (0x01645c13) x24 0x00000200
core   0: 0x80001b08 (0x0ff0000f) fence   iorw,iorw
core   0: 3 0x80001b08 (0x0ff0000f)
core   0: 0x80001b0c (0x005ecab3) xor     s5, t4, t0
core   0: 3 0x80001b0c (0x005ecab3) x21 0x00000700
core   0: 0x80001b10 (0x000ede13) srli    t3, t4, 0
core   0: 3 0x80001b10 (0x000ede13) x28 0xffffffff
core   0: 0x80001b14 (0x8ad95d83) lhu     s11, -1875(s2)
core   0: 3 0x80001b14 (0x8ad95d83) x27 0x00009c0f mem 0x8001530a
core   0: 0x80001b18 (0x1deb3493) sltiu   s1, s6, 478
core   0: 3 0x80001b18 (0x1deb3493) x 9 0x00000000
core   0: 0x80001b1c (0x0111bbb3) sltu    s7, gp, a7
core   0: 3 0x80001b1c (0x0111bbb3) x23 0x00000001
core   0: 0x80001b20 (0x000cf233) and     tp, s9, zero
core   0: 3 0x80001b20 (0x000cf233) x 4 0x00000000
core   0: 0x80001b24 (0xdb590423) sb      s5, -600(s2)
core   0: 3 0x80001b24 (0xdb590423) mem 0x80015805 0x0
core   0: 0x80001b28 (0x4e68be93) sltiu   t4, a7, 1254
core   0: 3 0x80001b28 (0x4e68be93) x29 0x00000000
core   0: 0x80001b2c (0x55727193) andi    gp, tp, 1367
core   0: 3 0x80001b2c (0x55727193) x 3 0x00000000
core   0: 0x80001b30 (0xaee90823) sb      a4, -1296(s2)
core   0: 3 0x80001b30 (0xaee90823) mem 0x8001554d 0x5b
core   0: 0x80001b34 (0x01a6e633) or      a2, a3, s10
core   0: 3 0x80001b34 (0x01a6e633) x12 0xffffffde
core   0: 0x80001b38 (0x94c90183) lb      gp, -1716(s2)
core   0: 3 0x80001b38 (0x94c90183) x 3 0xffffffef mem 0x800153a9
core   0: 0x80001b3c (0x16391a83) lh      s5, 355(s2)
core   0: 3 0x80001b3c (0x16391a83) x21 0xfffff066 mem 0x80015bc0
core   0: 0x80001b40 (0x00014317) auipc   t1, 0x14
core   0: 3 0x80001b40 (0x00014317) x 6 0x80015b40
core   0: 0x80001b44 (0x32f30313) addi    t1, t1, 815
core   0: 3 0x80001b44 (0x32f30313) x 6 0x80015e6f
core   0: 0x80001b48 (0xde030c83) lb      s9, -544(t1)
core   0: 3 0x80001b48 (0xde030c83) x25 0x00000011 mem 0x80015c4f
core   0: 0x80001b4c (0x00000013) nop
core   0: 3 0x80001b4c (0x00000013)
core   0: 0x80001b50 (0x00577733) and     a4, a4, t0
core   0: 3 0x80001b50 (0x00577733) x14 0x0000785b
core   0: 0x80001b54 (0xded30023) sb      a3, -544(t1)
core   0: 3 0x80001b54 (0xded30023) mem 0x80015c4f 0xde
core   0: 0x80001b58 (0xde030e83) lb      t4, -544(t1)
core   0: 3 0x80001b58 (0xde030e83) x29 0xffffffde mem 0x80015c4f
core   0: 0x80001b5c (0xa7a30923) sb      s10, -1422(t1)
core   0: 3 0x80001b5c (0xa7a30923) mem 0x800158e1 0x0
core   0: 0x80001b60 (0xa7130923) sb      a7, -1422(t1)
core   0: 3 0x80001b60 (0xa7130923) mem 0x800158e1 0xff
core   0: 0x80001b64 (0xa7330923) sb      s3, -1422(t1)
core   0: 3 0x80001b64 (0xa7330923) mem 0x800158e1 0x4b
core   0: 0x80001b68 (0xa7230883) lb      a7, -1422(t1)
core   0: 3 0x80001b68 (0xa7230883) x17 0x0000004b mem 0x800158e1
core   0: 0x80001b6c (0xa6830923) sb      s0, -1422(t1)
core   0: 3 0x80001b6c (0xa6830923) mem 0x800158e1 0x39
core   0: 0x80001b70 (0xa6630923) sb      t1, -1422(t1)
core   0: 3 0x80001b70 (0xa6630923) mem 0x800158e1 0x6f
core   0: 0x80001b74 (0x805ee697) auipc   a3, 0x805ee
core   0: 3 0x80001b74 (0x805ee697) x13 0x005efb74
core   0: 0x80001b78 (0xa481cf13) xori    t5, gp, -1464
core   0: 3 0x80001b78 (0xa481cf13) x30 0x000005a7
core   0: 0x80001b7c (0xa7234283) lbu     t0, -1422(t1)
core   0: 3 0x80001b7c (0xa7234283) x 5 0x0000006f mem 0x800158e1
core   0: 0x80001b80 (0xa7230a03) lb      s4, -1422(t1)
core   0: 3 0x80001b80 (0xa7230a03) x20 0x0000006f mem 0x800158e1
core   0: 0x80001b84 (0x00013717) auipc   a4, 0x13
core   0: 3 0x80001b84 (0x00013717) x14 0x80014b84
core   0: 0x80001b88 (0x64f70713) addi    a4, a4, 1615
core   0: 3 0x80001b88 (0x64f70713) x14 0x800151d3
core   0: 0x80001b8c (0x49570e03) lb      t3, 1173(a4)
core   0: 3 0x80001b8c (0x49570e03) x28 0xffffff8c mem 0x80015668
core   0: 0x80001b90 (0x40b50d33) sub     s10, a0, a1
core   0: 3 0x80001b90 (0x40b50d33) x26 0x7ffd16e6
core   0: 0x80001b94 (0x00bd6a33) or      s4, s10, a1
core   0: 3 0x80001b94 (0x00bd6a33) x20 0xfffffee6
core   0: 0x80001b98 (0x4d870983) lb      s3, 1240(a4)
core   0: 3 0x80001b98 (0x4d870983) x19 0x0000003a mem 0x800156ab
core   0: 0x80001b9c (0xecb75183) lhu     gp, -309(a4)
core   0: 3 0x80001b9c (0xecb75183) x 3 0x0000bcb3 mem 0x8001509e
core   0: 0x80001ba0 (0x01171433) sll     s0, a4, a7
core   0: 3 0x80001ba0 (0x01171433) x 8 0x0a8e9800
core   0: 0x80001ba4 (0xfb870ba3) sb      s8, -73(a4)
core   0: 3 0x80001ba4 (0xfb870ba3) mem 0x8001518a 0x0
core   0: 0x80001ba8 (0x29670f03) lb      t5, 662(a4)
core   0: 3 0x80001ba8 (0x29670f03) x30 0x00000041 mem 0x80015469
core   0: 0x80001bac (0x00cd4033) xor     zero, s10, a2
core   0: 3 0x80001bac (0x00cd4033)
core   0: 0x80001bb0 (0x0043e3b3) or      t2, t2, tp
core   0: 3 0x80001bb0 (0x0043e3b3) x 7 0xfffffffe
core   0: 0x80001bb4 (0x75e728a3) sw      t5, 1873(a4)
core   0: 3 0x80001bb4 (0x75e728a3) mem 0x80015924 0x00000041
core   0: 0x80001bb8 (0x31e70383) lb      t2, 798(a4)
core   0: 3 0x80001bb8 (0x31e70383) x 7 0xffffff9e mem 0x800154f1
core   0: 0x80001bbc (0x41e35c33) sra     s8, t1, t5
core   0: 3 0x80001bbc (0x41e35c33) x24 0xc000af37
core   0: 0x80001bc0 (0x01d2df93) srli    t6, t0, 29
core   0: 3 0x80001bc0 (0x01d2df93) x31 0x00000000
core   0: 0x80001bc4 (0x11f70f03) lb      t5, 287(a4)
core   0: 3 0x80001bc4 (0x11f70f03) x30 0x00000018 mem 0x800152f2
core   0: 0x80001bc8 (0x4a570123) sb      t0, 1186(a4)
core   0: 3 0x80001bc8 (0x4a570123) mem 0x80015675 0x6f
core   0: 0x80001bcc (0x3ba74203) lbu     tp, 954(a4)
core   0: 3 0x80001bcc (0x3ba74203) x 4 0x00000000 mem 0x8001558d
core   0: 0x80001bd0 (0x12274d03) lbu     s10, 290(a4)
core   0: 3 0x80001bd0 (0x12274d03) x26 0x00000046 mem 0x800152f5
core   0: 0x80001bd4 (0x0ff0000f) fence   iorw,iorw
core   0: 3 0x80001bd4 (0x0ff0000f)
core   0: 0x80001bd8 (0xbc4f0513) addi    a0, t5, -1084
core   0: 3 0x80001bd8 (0xbc4f0513) x10 0xfffffbdc
core   0: 0x80001bdc (0x415d8db3) sub     s11, s11, s5
core   0: 3 0x80001bdc (0x415d8db3) x27 0x0000aba9
core   0: 0x80001be0 (0x12975783) lhu     a5, 297(a4)
core   0: 3 0x80001be0 (0x12975783) x15 0x00009b20 mem 0x800152fc
core   0: 0x80001be4 (0x00a31eb3) sll     t4, t1, a0
core   0: 3 0x80001be4 (0x00a31eb3) x29 0xf0000000
core   0: 0x80001be8 (0x4c670003) lb      zero, 1222(a4)
core   0: 3 0x80001be8 (0x4c670003) mem 0x80015699
core   0: 0x80001bec (0x00c58333) add     t1, a1, a2
core   0: 3 0x80001bec (0x00c58333) x 6 0x8002ecc2
core   0: 0x80001bf0 (0x00000013) nop
core   0: 3 0x80001bf0 (0x00000013)
core   0: 0x80001bf4 (0x0ff0000f) fence   iorw,iorw
core   0: 3 0x80001bf4 (0x0ff0000f)
core   0: 0x80001bf8 (0x6bd70b23) sb      t4, 1718(a4)
core   0: 3 0x80001bf8 (0x6bd70b23) mem 0x80015889 0x0
core   0: 0x80001bfc (0x4ef74383) lbu     t2, 1263(a4)
core   0: 3 0x80001bfc (0x4ef74383) x 7 0x0000001e mem 0x800156c2
core   0: 0x80001c00 (0xfdd70303) lb      t1, -35(a4)
core   0: 3 0x80001c00 (0xfdd70303) x 6 0x00000024 mem 0x800151b0
core   0: 0x80001c04 (0x31972483) lw      s1, 793(a4)
core   0: 3 0x80001c04 (0x31972483) x 9 0xf63a929a mem 0x800154ec
core   0: 0x80001c08 (0x00016217) auipc   tp, 0x16
core   0: 3 0x80001c08 (0x00016217) x 4 0x80017c08
core   0: 0x80001c0c (0x0e220213) addi    tp, tp, 226
core   0: 3 0x80001c0c (0x0e220213) x 4 0x80017cea
core   0: 0x80001c10 (0x05654e93) xori    t4, a0, 86
core   0: 3 0x80001c10 (0x05654e93) x29 0xfffffb8a
core   0: 0x80001c14 (0x53a201a3) sb      s10, 1315(tp)
core   0: 3 0x80001c14 (0x53a201a3) mem 0x8001820d 0x46
core   0: 0x80001c18 (0x53e201a3) sb      t5, 1315(tp)
core   0: 3 0x80001c18 (0x53e201a3) mem 0x8001820d 0x18
core   0: 0x80001c1c (0x52324a83) lbu     s5, 1315(tp)
core   0: 3 0x80001c1c (0x52324a83) x21 0x00000018 mem 0x8001820d
core   0: 0x80001c20 (0x52320003) lb      zero, 1315(tp)
core   0: 3 0x80001c20 (0x52320003) mem 0x8001820d
core   0: 0x80001c24 (0x52324603) lbu     a2, 1315(tp)
core   0: 3 0x80001c24 (0x52324603) x12 0x00000018 mem 0x8001820d
core   0: 0x80001c28 (0x41dc5993) srai    s3, s8, 29
core   0: 3 0x80001c28 (0x41dc5993) x19 0xfffffffe
core   0: 0x80001c2c (0x10924d03) lbu     s10, 265(tp)
core   0: 3 0x80001c2c (0x10924d03) x26 0x00000050 mem 0x80017df3
core   0: 0x80001c30 (0x16c24b83) lbu     s7, 364(tp)
core   0: 3 0x80001c30 (0x16c24b83) x23 0x00000001 mem 0x80017e56
core   0: 0x80001c34 (0x16c20183) lb      gp, 364(tp)
core   0: 3 0x80001c34 (0x16c20183) x 3 0x00000001 mem 0x80017e56
core   0: 0x80001c38 (0x16c25703) lhu     a4, 364(tp)
core   0: 3 0x80001c38 (0x16c25703) x14 0x00008001 mem 0x80017e56
core   0: 0x80001c3c (0x16c25903) lhu     s2, 364(tp)
core   0: 3 0x80001c3c (0x16c25903) x18 0x00008001 mem 0x80017e56
core   0: 0x80001c40 (0x16c20883) lb      a7, 364(tp)
core   0: 3 0x80001c40 (0x16c20883) x17 0x00000001 mem 0x80017e56
core   0: 0x80001c44 (0x76424e83) lbu     t4, 1892(tp)
core   0: 3 0x80001c44 (0x76424e83) x29 0x0000002a mem 0x8001844e
core   0: 0x80001c48 (0x76520223) sb      t0, 1892(tp)
core   0: 3 0x80001c48 (0x76520223) mem 0x8001844e 0x6f
core   0: 0x80001c4c (0x0037f4b3) and     s1, a5, gp
core   0: 3 0x80001c4c (0x0037f4b3) x 9 0x00000000
core   0: 0x80001c50 (0xc0622e83) lw      t4, -1018(tp)
core   0: 3 0x80001c50 (0xc0622e83) x29 0x31e20e18 mem 0x800178f0
core   0: 0x80001c54 (0x3c720303) lb      t1, 967(tp)
core   0: 3 0x80001c54 (0x3c720303) x 6 0xffffffdf mem 0x800180b1
core   0: 0x80001c58 (0x00013917) auipc   s2, 0x13
core   0: 3 0x80001c58 (0x00013917) x18 0x80014c58
core   0: 0x80001c5c (0x71190913) addi    s2, s2, 1809
core   0: 3 0x80001c5c (0x71190913) x18 0x80015369
core   0: 0x80001c60 (0x00000013) nop
core   0: 3 0x80001c60 (0x00000013)
core   0: 0x80001c64 (0x003a9833) sll     a6, s5, gp
core   0: 3 0x80001c64 (0x003a9833) x16 0x00000030
core   0: 0x80001c68 (0x1d290b83) lb      s7, 466(s2)
core   0: 3 0x80001c68 (0x1d290b83) x23 0xffffffce mem 0x8001553b
core   0: 0x80001c6c (0x07194203) lbu     tp, 113(s2)
core   0: 3 0x80001c6c (0x07194203) x 4 0x0000005d mem 0x800153da
core   0: 0x80001c70 (0xb6ec4213) xori    tp, s8, -1170
core   0: 3 0x80001c70 (0xb6ec4213) x 4 0x3fff5459
core   0: 0x80001c74 (0x01aba6b3) slt     a3, s7, s10
core   0: 3 0x80001c74 (0x01aba6b3) x13 0x00000001
core   0: 0x80001c78 (0x0000100f) fence.i
core   0: 3 0x80001c78 (0x0000100f)
core   0: 0x80001c7c (0x09595d03) lhu     s10, 149(s2)
core   0: 3 0x80001c7c (0x09595d03) x26 0x0000432a mem 0x800153fe
core   0: 0x80001c80 (0x40c90403) lb      s0, 1036(s2)
core   0: 3 0x80001c80 (0x40c90403) x 8 0xffffffb7 mem 0x80015775
core   0: 0x80001c84 (0x12890b23) sb      s0, 310(s2)
core   0: 3 0x80001c84 (0x12890b23) mem 0x8001549f 0xb7
core   0: 0x80001c88 (0xe245aa93) slti    s5, a1, -476
core   0: 3 0x80001c88 (0xe245aa93) x21 0x00000001
core   0: 0x80001c8c (0x00fcda33) srl     s4, s9, a5
core   0: 3 0x80001c8c (0x00fcda33) x20 0x00000011
core   0: 0x80001c90 (0x0184b633) sltu    a2, s1, s8
core   0: 3 0x80001c90 (0x0184b633) x12 0x00000001
core   0: 0x80001c94 (0x5da94e03) lbu     t3, 1498(s2)
core   0: 3 0x80001c94 (0x5da94e03) x28 0x0000007a mem 0x80015943
core   0: 0x80001c98 (0x412152b3) sra     t0, sp, s2
core   0: 3 0x80001c98 (0x412152b3) x 5 0xffc00157
core   0: 0x80001c9c (0x0165e0b3) or      ra, a1, s6
core   0: 3 0x80001c9c (0x0165e0b3) x 1 0xfe63fffc
core   0: 0x80001ca0 (0x01959033) sll     zero, a1, s9
core   0: 3 0x80001ca0 (0x01959033)
core   0: 0x80001ca4 (0x38890603) lb      a2, 904(s2)
core   0: 3 0x80001ca4 (0x38890603) x12 0xffffffd0 mem 0x800156f1
core   0: 0x80001ca8 (0x54591983) lh      s3, 1349(s2)
core   0: 3 0x80001ca8 (0x54591983) x19 0xffff9689 mem 0x800158ae
core   0: 0x80001cac (0xe3494303) lbu     t1, -460(s2)
core   0: 3 0x80001cac (0xe3494303) x 6 0x00000088 mem 0x8001519d
core   0: 0x80001cb0 (0x410cd693) srai    a3, s9, 16
core   0: 3 0x80001cb0 (0x410cd693) x13 0x00000000
core   0: 0x80001cb4 (0xef220d93) addi    s11, tp, -270
core   0: 3 0x80001cb4 (0xef220d93) x27 0x3fff534b
core   0: 0x80001cb8 (0xfe190d03) lb      s10, -31(s2)
core   0: 3 0x80001cb8 (0xfe190d03) x26 0xffffffa1 mem 0x8001534a
core   0: 0x80001cbc (0xd0194e03) lbu     t3, -767(s2)
core   0: 3 0x80001cbc (0xd0194e03) x28 0x0000000b mem 0x8001506a
core   0: 0x80001cc0 (0x4147df13) srai    t5, a5, 20
core   0: 3 0x80001cc0 (0x4147df13) x30 0x00000000
core   0: 0x80001cc4 (0x00f76c33) or      s8, a4, a5
core   0: 3 0x80001cc4 (0x00f76c33) x24 0x00009b21
core   0: 0x80001cc8 (0x64395483) lhu     s1, 1603(s2)
core   0: 3 0x80001cc8 (0x64395483) x 9 0x0000856b mem 0x800159ac
core   0: 0x80001ccc (0x006b3fb3) sltu    t6, s6, t1
core   0: 3 0x80001ccc (0x006b3fb3) x31 0x00000000
core   0: 0x80001cd0 (0x65a94983) lbu     s3, 1626(s2)
core   0: 3 0x80001cd0 (0x65a94983) x19 0x000000ae mem 0x800159c3
core   0: 0x80001cd4 (0x00020397) auipc   t2, 0x20
core   0: 3 0x80001cd4 (0x00020397) x 7 0x80021cd4
core   0: 0x80001cd8 (0x89d38393) addi    t2, t2, -1891
core   0: 3 0x80001cd8 (0x89d38393) x 7 0x80021571
core   0: 0x80001cdc (0x06938623) sb      s1, 108(t2)
core   0: 3 0x80001cdc (0x06938623) mem 0x800215dd 0x6b
core   0: 0x80001ce0 (0x06c3c503) lbu     a0, 108(t2)
core   0: 3 0x80001ce0 (0x06c3c503) x10 0x0000006b mem 0x800215dd
core   0: 0x80001ce4 (0xb9f38923) sb      t6, -1134(t2)
core   0: 3 0x80001ce4 (0xb9f38923) mem 0x80021103 0x0
core   0: 0x80001ce8 (0x0008d993) srli    s3, a7, 0
core   0: 3 0x80001ce8 (0x0008d993) x19 0x00000001
core   0: 0x80001cec (0xb1e38003) lb      zero, -1250(t2)
core   0: 3 0x80001cec (0xb1e38003) mem 0x8002108f
core   0: 0x80001cf0 (0xb0f38f23) sb      a5, -1250(t2)
core   0: 3 0x80001cf0 (0xb0f38f23) mem 0x8002108f 0x20
core   0: 0x80001cf4 (0xb1e38f03) lb      t5, -1250(t2)
core   0: 3 0x80001cf4 (0xb1e38f03) x30 0x00000020 mem 0x8002108f
core   0: 0x80001cf8 (0x01a758b3) srl     a7, a4, s10
core   0: 3 0x80001cf8 (0x01a758b3) x17 0x00004000
core   0: 0x80001cfc (0x4589aa13) slti    s4, s3, 1112
core   0: 3 0x80001cfc (0x4589aa13) x20 0x00000001
core   0: 0x80001d00 (0x91038f83) lb      t6, -1776(t2)
core   0: 3 0x80001d00 (0x91038f83) x31 0x0000007c mem 0x80020e81
core   0: 0x80001d04 (0x90c38823) sb      a2, -1776(t2)
core   0: 3 0x80001d04 (0x90c38823) mem 0x80020e81 0xd0
core   0: 0x80001d08 (0x91038303) lb      t1, -1776(t2)
core   0: 3 0x80001d08 (0x91038303) x 6 0xffffffd0 mem 0x80020e81
core   0: 0x80001d0c (0x9103c883) lbu     a7, -1776(t2)
core   0: 3 0x80001d0c (0x9103c883) x17 0x000000d0 mem 0x80020e81
core   0: 0x80001d10 (0x91038d83) lb      s11, -1776(t2)
core   0: 3 0x80001d10 (0x91038d83) x27 0xffffffd0 mem 0x80020e81
core   0: 0x80001d14 (0x91038823) sb      a6, -1776(t2)
core   0: 3 0x80001d14 (0x91038823) mem 0x80020e81 0x30
core   0: 0x80001d18 (0xba03ce03) lbu     t3, -1120(t2)
core   0: 3 0x80001d18 (0xba03ce03) x28 0x0000003f mem 0x80021111
core   0: 0x80001d1c (0xe1986193) ori     gp, a6, -487
core   0: 3 0x80001d1c (0xe1986193) x 3 0xfffffe39
core   0: 0x80001d20 (0xba03c183) lbu     gp, -1120(t2)
core   0: 3 0x80001d20 (0xba03c183) x 3 0x0000003f mem 0x80021111
core   0: 0x80001d24 (0xbaf38023) sb      a5, -1120(t2)
core   0: 3 0x80001d24 (0xbaf38023) mem 0x80021111 0x20
core   0: 0x80001d28 (0xba438023) sb      tp, -1120(t2)
core   0: 3 0x80001d28 (0xba438023) mem 0x80021111 0x59
core   0: 0x80001d2c (0xba338023) sb      gp, -1120(t2)
core   0: 3 0x80001d2c (0xba338023) mem 0x80021111 0x3f
core   0: 0x80001d30 (0x00013617) auipc   a2, 0x13
core   0: 3 0x80001d30 (0x00013617) x12 0x80014d30
core   0: 0x80001d34 (0x7fb60613) addi    a2, a2, 2043
core   0: 3 0x80001d34 (0x7fb60613) x12 0x8001552b
core   0: 0x80001d38 (0xb7c80017) auipc   zero, 0xb7c80
core   0: 3 0x80001d38 (0xb7c80017)
core   0: 0x80001d3c (0x0ff0000f) fence   iorw,iorw
core   0: 3 0x80001d3c (0x0ff0000f)
core   0: 0x80001d40 (0x02d62b83) lw      s7, 45(a2)
core   0: 3 0x80001d40 (0x02d62b83) x23 0xe76d9bb6 mem 0x80015558
core   0: 0x80001d44 (0x00000013) nop
core   0: 3 0x80001d44 (0x00000013)
core   0: 0x80001d48 (0xd4636393) ori     t2, t1, -698
core   0: 3 0x80001d48 (0xd4636393) x 7 0xffffffd6
core   0: 0x80001d4c (0x00b311b3) sll     gp, t1, a1
core   0: 3 0x80001d4c (0x00b311b3) x 3 0xfffffd00
core   0: 0x80001d50 (0xff160fa3) sb      a7, -1(a2)
core   0: 3 0x80001d50 (0xff160fa3) mem 0x8001552a 0xd0
core   0: 0x80001d54 (0x0194ad33) slt     s10, s1, s9
core   0: 3 0x80001d54 (0x0194ad33) x26 0x00000000
core   0: 0x80001d58 (0x03264e03) lbu     t3, 50(a2)
core   0: 3 0x80001d58 (0x03264e03) x28 0x00000000 mem 0x8001555d
core   0: 0x80001d5c (0xf7a60023) sb      s10, -160(a2)
core   0: 3 0x80001d5c (0xf7a60023) mem 0x8001548b 0x0
core   0: 0x80001d60 (0x01d60333) add     t1, a2, t4
core   0: 3 0x80001d60 (0x01d60333) x 6 0xb1e36343
core   0: 0x80001d64 (0x0e764403) lbu     s0, 231(a2)
core   0: 3 0x80001d64 (0x0e764403) x 8 0x000000af mem 0x80015612
core   0: 0x80001d68 (0x0084ca33) xor     s4, s1, s0
core   0: 3 0x80001d68 (0x0084ca33) x20 0x000085c4
core   0: 0x80001d6c (0x05d61903) lh      s2, 93(a2)
core   0: 3 0x80001d6c (0x05d61903) x18 0x00005672 mem 0x80015588
core   0: 0x80001d70 (0x010e3db3) sltu    s11, t3, a6
core   0: 3 0x80001d70 (0x010e3db3) x27 0x00000001
core   0: 0x80001d74 (0xf8165f83) lhu     t6, -127(a2)
core   0: 3 0x80001d74 (0xf8165f83) x31 0x00007ddf mem 0x800154ac
core   0: 0x80001d78 (0x0093abb3) slt     s7, t2, s1
core   0: 3 0x80001d78 (0x0093abb3) x23 0x00000001
core   0: 0x80001d7c (0x019613a3) sh      s9, 7(a2)
core   0: 3 0x80001d7c (0x019613a3) mem 0x80015532 0x0011
core   0: 0x80001d80 (0x0ad60123) sb      a3, 162(a2)
core   0: 3 0x80001d80 (0x0ad60123) mem 0x800155cd 0x0
core   0: 0x80001d84 (0x02760b23) sb      t2, 54(a2)
core   0: 3 0x80001d84 (0x02760b23) mem 0x80015561 0xd6
core   0: 0x80001d88 (0x004e61b3) or      gp, t3, tp
core   0: 3 0x80001d88 (0x004e61b3) x 3 0x3fff5459
core   0: 0x80001d8c (0x0e760d23) sb      t2, 250(a2)
core   0: 3 0x80001d8c (0x0e760d23) mem 0x80015625 0xd6
core   0: 0x80001d90 (0x409fd013) srai    zero, t6, 9
core   0: 3 0x80001d90 (0x409fd013)
core   0: 0x80001d94 (0x2f2e6e13) ori     t3, t3, 754
core   0: 3 0x80001d94 (0x2f2e6e13) x28 0x000002f2
core   0: 0x80001d98 (0x8ea97c93) andi    s9, s2, -1814
core   0: 3 0x80001d98 (0x8ea97c93) x25 0x00005062
core   0: 0x80001d9c (0xf4e60e03) lb      t3, -178(a2)
core   0: 3 0x80001d9c (0xf4e60e03) x28 0xffffff92 mem 0x80015479
core   0: 0x80001da0 (0x012a1693) slli    a3, s4, 18
core   0: 3 0x80001da0 (0x012a1693) x13 0x17100000
core   0: 0x80001da4 (0x00b69913) slli    s2, a3, 11
core   0: 3 0x80001da4 (0x00b69913) x18 0x80000000
core   0: 0x80001da8 (0x0ff0000f) fence   iorw,iorw
core   0: 3 0x80001da8 (0x0ff0000f)
core   0: 0x80001dac (0x02664f83) lbu     t6, 38(a2)
core   0: 3 0x80001dac (0x02664f83) x31 0x00000078 mem 0x80015551
core   0: 0x80001db0 (0x007606a3) sb      t2, 13(a2)
core   0: 3 0x80001db0 (0x007606a3) mem 0x80015538 0xd6
core   0: 0x80001db4 (0x01264003) lbu     zero, 18(a2)
core   0: 3 0x80001db4 (0x01264003) mem 0x8001553d
core   0: 0x80001db8 (0x01c71993) slli    s3, a4, 28
core   0: 3 0x80001db8 (0x01c71993) x19 0x10000000
core   0: 0x80001dbc (0xf5960ca3) sb      s9, -167(a2)
core   0: 3 0x80001dbc (0xf5960ca3) mem 0x80015484 0x62
core   0: 0x80001dc0 (0x01208933) add     s2, ra, s2
core   0: 3 0x80001dc0 (0x01208933) x18 0x7e63fffc
core   0: 0x80001dc4 (0xcbdccd13) xori    s10, s9, -835
core   0: 3 0x80001dc4 (0xcbdccd13) x26 0xffffacdf
core   0: 0x80001dc8 (0x043607a3) sb      gp, 79(a2)
core   0: 3 0x80001dc8 (0x043607a3) mem 0x8001557a 0x59
core   0: 0x80001dcc (0x00000013) nop
core   0: 3 0x80001dcc (0x00000013)
core   0: 0x80001dd0 (0x41d45793) srai    a5, s0, 29
core   0: 3 0x80001dd0 (0x41d45793) x15 0x00000000
core   0: 0x80001dd4 (0x00000013) nop
core   0: 3 0x80001dd4 (0x00000013)
core   0: 0x80001dd8 (0x0089f433) and     s0, s3, s0
core   0: 3 0x80001dd8 (0x0089f433) x 8 0x00000000
core   0: 0x80001ddc (0xdca58a13) addi    s4, a1, -566
core   0: 3 0x80001ddc (0xdca58a13) x20 0x8002eaae
core   0: 0x80001de0 (0xa9e47313) andi    t1, s0, -1378
core   0: 3 0x80001de0 (0xa9e47313) x 6 0x00000000
core   0: 0x80001de4 (0x0117b6b3) sltu    a3, a5, a7
core   0: 3 0x80001de4 (0x0117b6b3) x13 0x00000001
core   0: 0x80001de8 (0x0000100f) fence.i
core   0: 3 0x80001de8 (0x0000100f)
core   0: 0x80001dec (0xf3560623) sb      s5, -212(a2)
core   0: 3 0x80001dec (0xf3560623) mem 0x80015457 0x1
core   0: 0x80001df0 (0x00015c17) auipc   s8, 0x15
core   0: 3 0x80001df0 (0x00015c17) x24 0x80016df0
core   0: 0x80001df4 (0xbd9c0c13) addi    s8, s8, -1063
core   0: 3 0x80001df4 (0xbd9c0c13) x24 0x800169c9
core   0: 0x80001df8 (0x004c0983) lb      s3, 4(s8)
core   0: 3 0x80001df8 (0x004c0983) x19 0xffffffd6 mem 0x800169cd
core   0: 0x80001dfc (0xff7c1e83) lh      t4, -9(s8)
core   0: 3 0x80001dfc (0xff7c1e83) x29 0x00000abc mem 0x800169c0
core   0: 0x80001e00 (0x00dc5703) lhu     a4, 13(s8)
core   0: 3 0x80001e00 (0x00dc5703) x14 0x000096a8 mem 0x800169d6
core   0: 0x80001e04 (0x0b33b193) sltiu   gp, t2, 179
core   0: 3 0x80001e04 (0x0b33b193) x 3 0x00000000
core   0: 0x80001e08 (0x01a9d493) srli    s1, s3, 26
core   0: 3 0x80001e08 (0x01a9d493) x 9 0x0000003f
core   0: 0x80001e0c (0x00ac0823) sb      a0, 16(s8)
core   0: 3 0x80001e0c (0x00ac0823) mem 0x800169d9 0x6b
core   0: 0x80001e10 (0x011c01a3) sb      a7, 3(s8)
core   0: 3 0x80001e10 (0x011c01a3) mem 0x800169cc 0xd0
core   0: 0x80001e14 (0x016042b3) xor     t0, zero, s6
core   0: 3 0x80001e14 (0x016042b3) x 5 0xfe61bb5c
core   0: 0x80001e18 (0x006c4383) lbu     t2, 6(s8)
core   0: 3 0x80001e18 (0x006c4383) x 7 0x000000f0 mem 0x800169cf
core   0: 0x80001e1c (0xff3c0d23) sb      s3, -6(s8)
core   0: 3 0x80001e1c (0xff3c0d23) mem 0x800169c3 0xd6
core   0: 0x80001e20 (0x00542833) slt     a6, s0, t0
core   0: 3 0x80001e20 (0x00542833) x16 0x00000000
core   0: 0x80001e24 (0xc9fb3213) sltiu   tp, s6, -865
core   0: 3 0x80001e24 (0xc9fb3213) x 4 0x00000001
core   0: 0x80001e28 (0xff8c4903) lbu     s2, -8(s8)
core   0: 3 0x80001e28 (0xff8c4903) x18 0x0000000a mem 0x800169c1
core   0: 0x80001e2c (0x0044b8b3) sltu    a7, s1, tp
core   0: 3 0x80001e2c (0x0044b8b3) x17 0x00000000
core   0: 0x80001e30 (0x2065f793) andi    a5, a1, 518
core   0: 3 0x80001e30 (0x2065f793) x15 0x00000004
core   0: 0x80001e34 (0x00cd5933) srl     s2, s10, a2
core   0: 3 0x80001e34 (0x00cd5933) x18 0x001ffff5
core   0: 0x80001e38 (0x81dfec97) auipc   s9, 0x81dfe
core   0: 3 0x80001e38 (0x81dfec97) x25 0x01dffe38
core   0: 0x80001e3c (0xfeec18a3) sh      a4, -15(s8)
core   0: 3 0x80001e3c (0xfeec18a3) mem 0x800169ba 0x96a8
core   0: 0x80001e40 (0x40457513) andi    a0, a0, 1028
core   0: 3 0x80001e40 (0x40457513) x10 0x00000000
core   0: 0x80001e44 (0x002c0223) sb      sp, 4(s8)
core   0: 3 0x80001e44 (0x002c0223) mem 0x800169cd 0x64
core   0: 0x80001e48 (0x00039033) sll     zero, t2, zero
core   0: 3 0x80001e48 (0x00039033)
core   0: 0x80001e4c (0x00bab633) sltu    a2, s5, a1
core   0: 3 0x80001e4c (0x00bab633) x12 0x00000001
core   0: 0x80001e50 (0x019c06a3) sb      s9, 13(s8)
core   0: 3 0x80001e50 (0x019c06a3) mem 0x800169d6 0x38
core   0: 0x80001e54 (0x00dc15a3) sh      a3, 11(s8)
core   0: 3 0x80001e54 (0x00dc15a3) mem 0x800169d4 0x0001
core   0: 0x80001e58 (0xffbc2983) lw      s3, -5(s8)
core   0: 3 0x80001e58 (0xffbc2983) x19 0x88389f81 mem 0x800169c4
core   0: 0x80001e5c (0xff7c5b83) lhu     s7, -9(s8)
core   0: 3 0x80001e5c (0xff7c5b83) x23 0x00000abc mem 0x800169c0
core   0: 0x80001e60 (0x005c00a3) sb      t0, 1(s8)
core   0: 3 0x80001e60 (0x005c00a3) mem 0x800169ca 0x5c
core   0: 0x80001e64 (0x00bc2083) lw      ra, 11(s8)
core   0: 3 0x80001e64 (0x00bc2083) x 1 0x96380001 mem 0x800169d4
core   0: 0x80001e68 (0x004c4303) lbu     t1, 4(s8)
core   0: 3 0x80001e68 (0x004c4303) x 6 0x00000064 mem 0x800169cd
core   0: 0x80001e6c (0x008c10a3) sh      s0, 1(s8)
core   0: 3 0x80001e6c (0x008c10a3) mem 0x800169ca 0x0000
core   0: 0x80001e70 (0x0144a9b3) slt     s3, s1, s4
core   0: 3 0x80001e70 (0x0144a9b3) x19 0x00000000
core   0: 0x80001e74 (0xac878f13) addi    t5, a5, -1336
core   0: 3 0x80001e74 (0xac878f13) x30 0xfffffacc
core   0: 0x80001e78 (0xff0c4383) lbu     t2, -16(s8)
core   0: 3 0x80001e78 (0xff0c4383) x 7 0x0000009a mem 0x800169b9
core   0: 0x80001e7c (0x00bc1d83) lh      s11, 11(s8)
core   0: 3 0x80001e7c (0x00bc1d83) x27 0x00000001 mem 0x800169d4
core   0: 0x80001e80 (0x927bc513) xori    a0, s7, -1753
core   0: 3 0x80001e80 (0x927bc513) x10 0xfffff39b
core   0: 0x80001e84 (0xff3c1b83) lh      s7, -13(s8)
core   0: 3 0x80001e84 (0xff3c1b83) x23 0xffffe81b mem 0x800169bc
core   0: 0x80001e88 (0x002c16a3) sh      sp, 13(s8)
core   0: 3 0x80001e88 (0x002c16a3) mem 0x800169d6 0xae64
core   0: 0x80001e8c (0xff2c0e03) lb      t3, -14(s8)
core   0: 3 0x80001e8c (0xff2c0e03) x28 0xffffff96 mem 0x800169bb
core   0: 0x80001e90 (0x0099edb3) or      s11, s3, s1
core   0: 3 0x80001e90 (0x0099edb3) x27 0x0000003f
core   0: 0x80001e94 (0xf4b43313) sltiu   t1, s0, -181
core   0: 3 0x80001e94 (0xf4b43313) x 6 0x00000001
core   0: 0x80001e98 (0x0049a4b3) slt     s1, s3, tp
core   0: 3 0x80001e98 (0x0049a4b3) x 9 0x00000001
core   0: 0x80001e9c (0x005c0823) sb      t0, 16(s8)
core   0: 3 0x80001e9c (0x005c0823) mem 0x800169d9 0x5c
core   0: 0x80001ea0 (0x001c1003) lh      zero, 1(s8)
core   0: 3 0x80001ea0 (0x001c1003) mem 0x800169ca
core   0: 0x80001ea4 (0x01ac0623) sb      s10, 12(s8)
core   0: 3 0x80001ea4 (0x01ac0623) mem 0x800169d5 0xdf
core   0: 0x80001ea8 (0x0001dc97) auipc   s9, 0x1d
core   0: 3 0x80001ea8 (0x0001dc97) x25 0x8001eea8
core   0: 0x80001eac (0x954c8c93) addi    s9, s9, -1708
core   0: 3 0x80001eac (0x954c8c93) x25 0x8001e7fc
core   0: 0x80001eb0 (0x00cc8aa3) sb      a2, 21(s9)
core   0: 3 0x80001eb0 (0x00cc8aa3) mem 0x8001e811 0x1
core   0: 0x80001eb4 (0x00019f17) auipc   t5, 0x19
core   0: 3 0x80001eb4 (0x00019f17) x30 0x8001aeb4
core   0: 0x80001eb8 (0x376f0f13) addi    t5, t5, 886
core   0: 3 0x80001eb8 (0x376f0f13) x30 0x8001b22a
core   0: 0x80001ebc (0xfd8ca003) lw      zero, -40(s9)
core   0: 3 0x80001ebc (0xfd8ca003) mem 0x8001e7d4
core   0: 0x80001ec0 (0x0001e217) auipc   tp, 0x1e
core   0: 3 0x80001ec0 (0x0001e217) x 4 0x8001fec0
core   0: 0x80001ec4 (0xbde20213) addi    tp, tp, -1058
core   0: 3 0x80001ec4 (0xbde20213) x 4 0x8001fa9e
core   0: 0x80001ec8 (0x0001d717) auipc   a4, 0x1d
core   0: 3 0x80001ec8 (0x0001d717) x14 0x8001eec8
core   0: 0x80001ecc (0xa3a70713) addi    a4, a4, -1478
core   0: 3 0x80001ecc (0xa3a70713) x14 0x8001e902
core   0: 0x80001ed0 (0x03dcc983) lbu     s3, 61(s9)
core   0: 3 0x80001ed0 (0x03dcc983) x19 0x000000af mem 0x8001e839
core   0: 0x80001ed4 (0xfd9ccb83) lbu     s7, -39(s9)
core   0: 3 0x80001ed4 (0xfd9ccb83) x23 0x00000004 mem 0x8001e7d5
core   0: 0x80001ed8 (0x0f570423) sb      s5, 232(a4)
core   0: 3 0x80001ed8 (0x0f570423) mem 0x8001e9ea 0x1
core   0: 0x80001edc (0xfe6c8e03) lb      t3, -26(s9)
core   0: 3 0x80001edc (0xfe6c8e03) x28 0x00000070 mem 0x8001e7e2
core   0: 0x80001ee0 (0x00018d97) auipc   s11, 0x18
core   0: 3 0x80001ee0 (0x00018d97) x27 0x80019ee0
core   0: 0x80001ee4 (0x0f9d8d93) addi    s11, s11, 249
core   0: 3 0x80001ee4 (0x0f9d8d93) x27 0x80019fd9
core   0: 0x80001ee8 (0xfe1f0c23) sb      ra, -8(t5)
core   0: 3 0x80001ee8 (0xfe1f0c23) mem 0x8001b222 0x1
core   0: 0x80001eec (0x0ff74e83) lbu     t4, 255(a4)
core   0: 3 0x80001eec (0x0ff74e83) x29 0x000000bb mem 0x8001ea01
core   0: 0x80001ef0 (0xfefd9f83) lh      t6, -17(s11)
core   0: 3 0x80001ef0 (0xfefd9f83) x31 0xfffff180 mem 0x80019fc8
core   0: 0x80001ef4 (0xfe4dc403) lbu     s0, -28(s11)
core   0: 3 0x80001ef4 (0xfe4dc403) x 8 0x0000006d mem 0x80019fbd
core   0: 0x80001ef8 (0xf1825683) lhu     a3, -232(tp)
core   0: 3 0x80001ef8 (0xf1825683) x13 0x0000e524 mem 0x8001f9b6
core   0: 0x80001efc (0xff9f4f83) lbu     t6, -7(t5)
core   0: 3 0x80001efc (0xff9f4f83) x31 0x000000e0 mem 0x8001b223
core   0: 0x80001f00 (0xfc6cd883) lhu     a7, -58(s9)
core   0: 3 0x80001f00 (0xfc6cd883) x17 0x00001810 mem 0x8001e7c2
core   0: 0x80001f04 (0x01cdc883) lbu     a7, 28(s11)
core   0: 3 0x80001f04 (0x01cdc883) x17 0x0000007d mem 0x80019ff5
core   0: 0x80001f08 (0x008f1683) lh      a3, 8(t5)
core   0: 3 0x80001f08 (0x008f1683) x13 0x000018a0 mem 0x8001b232
core   0: 0x80001f0c (0x0da22483) lw      s1, 218(tp)
core   0: 3 0x80001f0c (0x0da22483) x 9 0xe31cd8f4 mem 0x8001fb78
core   0: 0x80001f10 (0x06424683) lbu     a3, 100(tp)
core   0: 3 0x80001f10 (0x06424683) x13 0x0000008d mem 0x8001fb02
core   0: 0x80001f14 (0x0e370983) lb      s3, 227(a4)
core   0: 3 0x80001f14 (0x0e370983) x19 0x00000036 mem 0x8001e9e5
core   0: 0x80001f18 (0x01cdcf83) lbu     t6, 28(s11)
core   0: 3 0x80001f18 (0x01cdcf83) x31 0x0000007d mem 0x80019ff5
core   0: 0x80001f1c (0xff8f5d03) lhu     s10, -8(t5)
core   0: 3 0x80001f1c (0xff8f5d03) x26 0x0000e001 mem 0x8001b222
core   0: 0x80001f20 (0x015ccb83) lbu     s7, 21(s9)
core   0: 3 0x80001f20 (0x015ccb83) x23 0x00000001 mem 0x8001e811
core   0: 0x80001f24 (0x033c8883) lb      a7, 51(s9)
core   0: 3 0x80001f24 (0x033c8883) x17 0x0000000b mem 0x8001e82f
core   0: 0x80001f28 (0x00cf0403) lb      s0, 12(t5)
core   0: 3 0x80001f28 (0x00cf0403) x 8 0xffffffb4 mem 0x8001b236
core   0: 0x80001f2c (0xfdec8783) lb      a5, -34(s9)
core   0: 3 0x80001f2c (0xfdec8783) x15 0xffffffec mem 0x8001e7da
core   0: 0x80001f30 (0xfef200a3) sb      a5, -31(tp)
core   0: 3 0x80001f30 (0xfef200a3) mem 0x8001fa7f 0xec
core   0: 0x80001f34 (0x004f4303) lbu     t1, 4(t5)
core   0: 3 0x80001f34 (0x004f4303) x 6 0x000000bc mem 0x8001b22e
core   0: 0x80001f38 (0xff3dcc03) lbu     s8, -13(s11)
core   0: 3 0x80001f38 (0xff3dcc03) x24 0x0000003d mem 0x80019fcc
core   0: 0x80001f3c (0x0f371223) sh      s3, 228(a4)
core   0: 3 0x80001f3c (0x0f371223) mem 0x8001e9e6 0x0036
core   0: 0x80001f40 (0x05a22e03) lw      t3, 90(tp)
core   0: 3 0x80001f40 (0x05a22e03) x28 0xdb69f963 mem 0x8001faf8
core   0: 0x80001f44 (0x010f1183) lh      gp, 16(t5)
core   0: 3 0x80001f44 (0x010f1183) x 3 0x00005625 mem 0x8001b23a
core   0: 0x80001f48 (0xfe5203a3) sb      t0, -25(tp)
core   0: 3 0x80001f48 (0xfe5203a3) mem 0x8001fa85 0x5c
core   0: 0x80001f4c (0xffedc503) lbu     a0, -2(s11)
core   0: 3 0x80001f4c (0xffedc503) x10 0x00000079 mem 0x80019fd7
core   0: 0x80001f50 (0xfc5ddc03) lhu     s8, -59(s11)
core   0: 3 0x80001f50 (0xfc5ddc03) x24 0x00000ec5 mem 0x80019f9e
core   0: 0x80001f54 (0x07871803) lh      a6, 120(a4)
core   0: 3 0x80001f54 (0x07871803) x16 0xffffe4dd mem 0x8001e97a
core   0: 0x80001f58 (0xff1f0903) lb      s2, -15(t5)
core   0: 3 0x80001f58 (0xff1f0903) x18 0xffffff9a mem 0x8001b21b
core   0: 0x80001f5c (0x033c9223) sh      s3, 36(s9)
core   0: 3 0x80001f5c (0x033c9223) mem 0x8001e820 0x0036
core   0: 0x80001f60 (0xfcadc183) lbu     gp, -54(s11)
core   0: 3 0x80001f60 (0xfcadc183) x 3 0x000000a4 mem 0x80019fa3
core   0: 0x80001f64 (0x0c724883) lbu     a7, 199(tp)
core   0: 3 0x80001f64 (0x0c724883) x17 0x0000009a mem 0x8001fb65
core   0: 0x80001f68 (0x004d8983) lb      s3, 4(s11)
core   0: 3 0x80001f68 (0x004d8983) x19 0xffffffd6 mem 0x80019fdd
core   0: 0x80001f6c (0xf7b74683) lbu     a3, -133(a4)
core   0: 3 0x80001f6c (0xf7b74683) x13 0x0000007c mem 0x8001e87d
core   0: 0x80001f70 (0xff1f0603) lb      a2, -15(t5)
core   0: 3 0x80001f70 (0xff1f0603) x12 0xffffff9a mem 0x8001b21b
core   0: 0x80001f74 (0x00016297) auipc   t0, 0x16
core   0: 3 0x80001f74 (0x00016297) x 5 0x80017f74
core   0: 0x80001f78 (0xae028293) addi    t0, t0, -1312
core   0: 3 0x80001f78 (0xae028293) x 5 0x80017a54
core   0: 0x80001f7c (0x0001cf17) auipc   t5, 0x1c
core   0: 3 0x80001f7c (0x0001cf17) x30 0x8001df7c
core   0: 0x80001f80 (0x1adf0f13) addi    t5, t5, 429
core   0: 3 0x80001f80 (0x1adf0f13) x30 0x8001e129
core   0: 0x80001f84 (0x00021a97) auipc   s5, 0x21
core   0: 3 0x80001f84 (0x00021a97) x21 0x80022f84
core   0: 0x80001f88 (0x558a8a93) addi    s5, s5, 1368
core   0: 3 0x80001f88 (0x558a8a93) x21 0x800234dc
core   0: 0x80001f8c (0x00020417) auipc   s0, 0x20
core   0: 3 0x80001f8c (0x00020417) x 8 0x80021f8c
core   0: 0x80001f90 (0x23540413) addi    s0, s0, 565
core   0: 3 0x80001f90 (0x23540413) x 8 0x800221c1
core   0: 0x80001f94 (0xf09f15a3) sh      s1, -245(t5)
core   0: 3 0x80001f94 (0xf09f15a3) mem 0x8001e034 0xd8f4
core   0: 0x80001f98 (0xf0cf0783) lb      a5, -244(t5)
core   0: 3 0x80001f98 (0xf0cf0783) x15 0xffffffd8 mem 0x8001e035
core   0: 0x80001f9c (0x07b2c503) lbu     a0, 123(t0)
core   0: 3 0x80001f9c (0x07b2c503) x10 0x000000a1 mem 0x80017acf
core   0: 0x80001fa0 (0x00024217) auipc   tp, 0x24
core   0: 3 0x80001fa0 (0x00024217) x 4 0x80025fa0
core   0: 0x80001fa4 (0xe8f20213) addi    tp, tp, -369
core   0: 3 0x80001fa4 (0xe8f20213) x 4 0x80025e2f
core   0: 0x80001fa8 (0xf93f0083) lb      ra, -109(t5)
core   0: 3 0x80001fa8 (0xf93f0083) x 1 0x0000002c mem 0x8001e0bc
core   0: 0x80001fac (0xfc040503) lb      a0, -64(s0)
core   0: 3 0x80001fac (0xfc040503) x10 0x00000021 mem 0x80022181
core   0: 0x80001fb0 (0x07f281a3) sb      t6, 99(t0)
core   0: 3 0x80001fb0 (0x07f281a3) mem 0x80017ab7 0x7d
core   0: 0x80001fb4 (0xce820ea3) sb      s0, -771(tp)
core   0: 3 0x80001fb4 (0xce820ea3) mem 0x80025b2c 0xc1
core   0: 0x80001fb8 (0xf8da88a3) sb      a3, -111(s5)
core   0: 3 0x80001fb8 (0xf8da88a3) mem 0x8002346d 0x7c
core   0: 0x80001fbc (0xfb6216a3) sh      s6, -83(tp)
core   0: 3 0x80001fbc (0xfb6216a3) mem 0x80025ddc 0xbb5c
core   0: 0x80001fc0 (0x00c40123) sb      a2, 2(s0)
core   0: 3 0x80001fc0 (0x00c40123) mem 0x800221c3 0x9a
core   0: 0x80001fc4 (0x080288a3) sb      zero, 145(t0)
core   0: 3 0x80001fc4 (0x080288a3) mem 0x80017ae5 0x0
core   0: 0x80001fc8 (0x0962d783) lhu     a5, 150(t0)
core   0: 3 0x80001fc8 (0x0962d783) x15 0x00008b35 mem 0x80017aea
core   0: 0x80001fcc (0x0ee24983) lbu     s3, 238(tp)
core   0: 3 0x80001fcc (0x0ee24983) x19 0x000000c0 mem 0x80025f1d
core   0: 0x80001fd0 (0x020aad83) lw      s11, 32(s5)
core   0: 3 0x80001fd0 (0x020aad83) x27 0x7c5d3b6b mem 0x800234fc
core   0: 0x80001fd4 (0xfdb41603) lh      a2, -37(s0)
core   0: 3 0x80001fd4 (0xfdb41603) x12 0xffffe61d mem 0x8002219c
core   0: 0x80001fd8 (0x083a8183) lb      gp, 131(s5)
core   0: 3 0x80001fd8 (0x083a8183) x 3 0x0000003a mem 0x8002355f
core   0: 0x80001fdc (0xb2721ca3) sh      t2, -1223(tp)
core   0: 3 0x80001fdc (0xb2721ca3) mem 0x80025968 0x009a
core   0: 0x80001fe0 (0xf37f1483) lh      s1, -201(t5)
core   0: 3 0x80001fe0 (0xf37f1483) x 9 0x000002c3 mem 0x8001e060
core   0: 0x80001fe4 (0x01640b83) lb      s7, 22(s0)
core   0: 3 0x80001fe4 (0x01640b83) x23 0x00000019 mem 0x800221d7
core   0: 0x80001fe8 (0xf56f4a03) lbu     s4, -170(t5)
core   0: 3 0x80001fe8 (0xf56f4a03) x20 0x00000031 mem 0x8001e07f
core   0: 0x80001fec (0x0cfac603) lbu     a2, 207(s5)
core   0: 3 0x80001fec (0x0cfac603) x12 0x0000008b mem 0x800235ab
core   0: 0x80001ff0 (0x8e924883) lbu     a7, -1815(tp)
core   0: 3 0x80001ff0 (0x8e924883) x17 0x0000003b mem 0x80025718
core   0: 0x80001ff4 (0xfc328a03) lb      s4, -61(t0)
core   0: 3 0x80001ff4 (0xfc328a03) x20 0xffffffb2 mem 0x80017a17
core   0: 0x80001ff8 (0x01ba80a3) sb      s11, 1(s5)
core   0: 3 0x80001ff8 (0x01ba80a3) mem 0x800234dd 0x6b
core   0: 0x80001ffc (0x069f1503) lh      a0, 105(t5)
core   0: 3 0x80001ffc (0x069f1503) x10 0x000072f3 mem 0x8001e192
core   0: 0x80002000 (0x1e924303) lbu     t1, 489(tp)
core   0: 3 0x80002000 (0x1e924303) x 6 0x0000002a mem 0x80026018
core   0: 0x80002004 (0x03e40083) lb      ra, 62(s0)
core   0: 3 0x80002004 (0x03e40083) x 1 0xffffff93 mem 0x800221ff
core   0: 0x80002008 (0x01e20723) sb      t5, 14(tp)
core   0: 3 0x80002008 (0x01e20723) mem 0x80025e3d 0x29
core   0: 0x8000200c (0x0ab20083) lb      ra, 171(tp)
core   0: 3 0x8000200c (0x0ab20083) x 1 0x0000005f mem 0x80025eda
core   0: 0x80002010 (0xf81f1aa3) sh      ra, -107(t5)
core   0: 3 0x80002010 (0xf81f1aa3) mem 0x8001e0be 0x005f
core   0: 0x80002014 (0x04d28483) lb      s1, 77(t0)
core   0: 3 0x80002014 (0x04d28483) x 9 0xffffff97 mem 0x80017aa1
core   0: 0x80002018 (0x84a20023) sb      a0, -1984(tp)
core   0: 3 0x80002018 (0x84a20023) mem 0x8002566f 0xf3
core   0: 0x8000201c (0x034400a3) sb      s4, 33(s0)
core   0: 3 0x8000201c (0x034400a3) mem 0x800221e2 0xb2
core   0: 0x80002020 (0x88925e83) lhu     t4, -1911(tp)
core   0: 3 0x80002020 (0x88925e83) x29 0x0000c1dd mem 0x800256b8
core   0: 0x80002024 (0xf0229b23) sh      sp, -234(t0)
core   0: 3 0x80002024 (0xf0229b23) mem 0x8001796a 0xae64
core   0: 0x80002028 (0x00017717) auipc   a4, 0x17
core   0: 3 0x80002028 (0x00017717) x14 0x80019028
core   0: 0x8000202c (0x1e670713) addi    a4, a4, 486
core   0: 3 0x8000202c (0x1e670713) x14 0x8001920e
core   0: 0x80002030 (0x0a874783) lbu     a5, 168(a4)
core   0: 3 0x80002030 (0x0a874783) x15 0x000000a2 mem 0x800192b6
core   0: 0x80002034 (0xec570303) lb      t1, -315(a4)
core   0: 3 0x80002034 (0xec570303) x 6 0xffffffe4 mem 0x800190d3
core   0: 0x80002038 (0xec574003) lbu     zero, -315(a4)
core   0: 3 0x80002038 (0xec574003) mem 0x800190d3
core   0: 0x8000203c (0x43d70fa3) sb      t4, 1087(a4)
core   0: 3 0x8000203c (0x43d70fa3) mem 0x8001964d 0xdd
core   0: 0x80002040 (0x01524633) xor     a2, tp, s5
core   0: 3 0x80002040 (0x01524633) x12 0x00006af3
core   0: 0x80002044 (0x63d74a83) lbu     s5, 1597(a4)
core   0: 3 0x80002044 (0x63d74a83) x21 0x00000095 mem 0x8001984b
core   0: 0x80002048 (0x63d74d03) lbu     s10, 1597(a4)
core   0: 3 0x80002048 (0x63d74d03) x26 0x00000095 mem 0x8001984b
core   0: 0x8000204c (0xd0c74483) lbu     s1, -756(a4)
core   0: 3 0x8000204c (0xd0c74483) x 9 0x00000030 mem 0x80018f1a
core   0: 0x80002050 (0x79071003) lh      zero, 1936(a4)
core   0: 3 0x80002050 (0x79071003) mem 0x8001999e
core   0: 0x80002054 (0x2a974903) lbu     s2, 681(a4)
core   0: 3 0x80002054 (0x2a974903) x18 0x00000007 mem 0x800194b7
core   0: 0x80002058 (0xf0846513) ori     a0, s0, -248
core   0: 3 0x80002058 (0xf0846513) x10 0xffffffc9
core   0: 0x8000205c (0x0e875603) lhu     a2, 232(a4)
core   0: 3 0x8000205c (0x0e875603) x12 0x0000c09f mem 0x800192f6
core   0: 0x80002060 (0xee27e213) ori     tp, a5, -286
core   0: 3 0x80002060 (0xee27e213) x 4 0xfffffee2
core   0: 0x80002064 (0x5be71a03) lh      s4, 1470(a4)
core   0: 3 0x80002064 (0x5be71a03) x20 0x000008a8 mem 0x800197cc
core   0: 0x80002068 (0x96a70923) sb      a0, -1678(a4)
core   0: 3 0x80002068 (0x96a70923) mem 0x80018b80 0xc9
core   0: 0x8000206c (0x01e85933) srl     s2, a6, t5
core   0: 3 0x8000206c (0x01e85933) x18 0x007ffff2
core   0: 0x80002070 (0x33b74c03) lbu     s8, 827(a4)
core   0: 3 0x80002070 (0x33b74c03) x24 0x000000ce mem 0x80019549
core   0: 0x80002074 (0x0000100f) fence.i
core   0: 3 0x80002074 (0x0000100f)
core   0: 0x80002078 (0x019831b3) sltu    gp, a6, s9
core   0: 3 0x80002078 (0x019831b3) x 3 0x00000000
core   0: 0x8000207c (0x33b70d03) lb      s10, 827(a4)
core   0: 3 0x8000207c (0x33b70d03) x26 0xffffffce mem 0x80019549
core   0: 0x80002080 (0x33b70403) lb      s0, 827(a4)
core   0: 3 0x80002080 (0x33b70403) x 8 0xffffffce mem 0x80019549
core   0: 0x80002084 (0x33b70a83) lb      s5, 827(a4)
core   0: 3 0x80002084 (0x33b70a83) x21 0xffffffce mem 0x80019549
core   0: 0x80002088 (0x1cc70e23) sb      a2, 476(a4)
core   0: 3 0x80002088 (0x1cc70e23) mem 0x800193ea 0x9f
core   0: 0x8000208c (0x0001cc17) auipc   s8, 0x1c
core   0: 3 0x8000208c (0x0001cc17) x24 0x8001e08c
core   0: 0x80002090 (0x785c0c13) addi    s8, s8, 1925
core   0: 3 0x80002090 (0x785c0c13) x24 0x8001e811
core   0: 0x80002094 (0x0000100f) fence.i
core   0: 3 0x80002094 (0x0000100f)
core   0: 0x80002098 (0x006634b3) sltu    s1, a2, t1
core   0: 3 0x80002098 (0x006634b3) x 9 0x00000001
core   0: 0x8000209c (0xff6c0a03) lb      s4, -10(s8)
core   0: 3 0x8000209c (0xff6c0a03) x20 0x00000035 mem 0x8001e807
core   0: 0x800020a0 (0x029c4703) lbu     a4, 41(s8)
core   0: 3 0x800020a0 (0x029c4703) x14 0x000000d4 mem 0x8001e83a
core   0: 0x800020a4 (0xfcac0003) lb      zero, -54(s8)
core   0: 3 0x800020a4 (0xfcac0003) mem 0x8001e7db
core   0: 0x800020a8 (0x003f84b3) add     s1, t6, gp
core   0: 3 0x800020a8 (0x003f84b3) x 9 0x0000007d
core   0: 0x800020ac (0x002c0d23) sb      sp, 26(s8)
core   0: 3 0x800020ac (0x002c0d23) mem 0x8001e82b 0x64
core   0: 0x800020b0 (0x012603b3) add     t2, a2, s2
core   0: 3 0x800020b0 (0x012603b3) x 7 0x0080c091
core   0: 0x800020b4 (0x03ec0403) lb      s0, 62(s8)
core   0: 3 0x800020b4 (0x03ec0403) x 8 0xffffff89 mem 0x8001e84f
core   0: 0x800020b8 (0xcc5cb913) sltiu   s2, s9, -827
core   0: 3 0x800020b8 (0xcc5cb913) x18 0x00000001
core   0: 0x800020bc (0xff5c0623) sb      s5, -20(s8)
core   0: 3 0x800020bc (0xff5c0623) mem 0x8001e7fd 0xce
core   0: 0x800020c0 (0xff1c0f23) sb      a7, -2(s8)
core   0: 3 0x800020c0 (0xff1c0f23) mem 0x8001e80f 0x3b
core   0: 0x800020c4 (0xf123d617) auipc   a2, 0xf123d
core   0: 3 0x800020c4 (0xf123d617) x12 0x7123f0c4
core   0: 0x800020c8 (0x02fc5483) lhu     s1, 47(s8)
core   0: 3 0x800020c8 (0x02fc5483) x 9 0x0000cce1 mem 0x8001e840
core   0: 0x800020cc (0x40b98a33) sub     s4, s3, a1
core   0: 3 0x800020cc (0x40b98a33) x20 0x7ffd13dc
core   0: 0x800020d0 (0x00da8a33) add     s4, s5, a3
core   0: 3 0x800020d0 (0x00da8a33) x20 0x0000004a
core   0: 0x800020d4 (0x014c0d83) lb      s11, 20(s8)
core   0: 3 0x800020d4 (0x014c0d83) x27 0x0000007b mem 0x8001e825
core   0: 0x800020d8 (0x01dc1293) slli    t0, s8, 29
core   0: 3 0x800020d8 (0x01dc1293) x 5 0x20000000
core   0: 0x800020dc (0x034c0303) lb      t1, 52(s8)
core   0: 3 0x800020dc (0x034c0303) x 6 0x00000076 mem 0x8001e845
core   0: 0x800020e0 (0x00c79fb3) sll     t6, a5, a2
core   0: 3 0x800020e0 (0x00c79fb3) x31 0x00000a20
core   0: 0x800020e4 (0xffac0e23) sb      s10, -4(s8)
core   0: 3 0x800020e4 (0xffac0e23) mem 0x8001e80d 0xce
core   0: 0x800020e8 (0x00d934b3) sltu    s1, s2, a3
core   0: 3 0x800020e8 (0x00d934b3) x 9 0x00000001
core   0: 0x800020ec (0xfc5c0d83) lb      s11, -59(s8)
core   0: 3 0x800020ec (0xfc5c0d83) x27 0x00000050 mem 0x8001e7d6
core   0: 0x800020f0 (0x81fe7f17) auipc   t5, 0x81fe7
core   0: 3 0x800020f0 (0x81fe7f17) x30 0x01fe90f0
core   0: 0x800020f4 (0x024c4003) lbu     zero, 36(s8)
core   0: 3 0x800020f4 (0x024c4003) mem 0x8001e835
core   0: 0x800020f8 (0x01ce78b3) and     a7, t3, t3
core   0: 3 0x800020f8 (0x01ce78b3) x17 0xdb69f963
core   0: 0x800020fc (0x01895613) srli    a2, s2, 24
core   0: 3 0x800020fc (0x01895613) x12 0x00000000
core   0: 0x80002100 (0x01ec0c23) sb      t5, 24(s8)
core   0: 3 0x80002100 (0x01ec0c23) mem 0x8001e829 0xf0
core   0: 0x80002104 (0x00013c97) auipc   s9, 0x13
core   0: 3 0x80002104 (0x00013c97) x25 0x80015104
core   0: 0x80002108 (0x1afc8c93) addi    s9, s9, 431
core   0: 3 0x80002108 (0x1afc8c93) x25 0x800152b3
core   0: 0x8000210c (0x03ec8c03) lb      s8, 62(s9)
core   0: 3 0x8000210c (0x03ec8c03) x24 0xffffff84 mem 0x800152f1
core   0: 0x80002110 (0x03ecc283) lbu     t0, 62(s9)
core   0: 3 0x80002110 (0x03ecc283) x 5 0x00000084 mem 0x800152f1
core   0: 0x80002114 (0x03eccb83) lbu     s7, 62(s9)
core   0: 3 0x80002114 (0x03eccb83) x23 0x00000084 mem 0x800152f1
core   0: 0x80002118 (0xfedcaaa3) sw      a3, -11(s9)
core   0: 3 0x80002118 (0xfedcaaa3) mem 0x800152a8 0x0000007c
core   0: 0x8000211c (0xff5ca503) lw      a0, -11(s9)
core   0: 3 0x8000211c (0xff5ca503) x10 0x0000007c mem 0x800152a8
core   0: 0x80002120 (0xff5ca503) lw      a0, -11(s9)
core   0: 3 0x80002120 (0xff5ca503) x10 0x0000007c mem 0x800152a8
core   0: 0x80002124 (0xff5c9903) lh      s2, -11(s9)
core   0: 3 0x80002124 (0xff5c9903) x18 0x0000007c mem 0x800152a8
core   0: 0x80002128 (0xffacaaa3) sw      s10, -11(s9)
core   0: 3 0x80002128 (0xffacaaa3) mem 0x800152a8 0xffffffce
core   0: 0x8000212c (0xff5c9a03) lh      s4, -11(s9)
core   0: 3 0x8000212c (0xff5c9a03) x20 0xffffffce mem 0x800152a8
core   0: 0x80002130 (0xff5c8783) lb      a5, -11(s9)
core   0: 3 0x80002130 (0xff5c8783) x15 0xffffffce mem 0x800152a8
core   0: 0x80002134 (0xff5ca503) lw      a0, -11(s9)
core   0: 3 0x80002134 (0xff5ca503) x10 0xffffffce mem 0x800152a8
core   0: 0x80002138 (0x9406fd13) andi    s10, a3, -1728
core   0: 3 0x80002138 (0x9406fd13) x26 0x00000040
core   0: 0x8000213c (0xff5c8403) lb      s0, -11(s9)
core   0: 3 0x8000213c (0xff5c8403) x 8 0xffffffce mem 0x800152a8
core   0: 0x80002140 (0xfebcaaa3) sw      a1, -11(s9)
core   0: 3 0x80002140 (0xfebcaaa3) mem 0x800152a8 0x8002ece4
core   0: 0x80002144 (0xff5cae03) lw      t3, -11(s9)
core   0: 3 0x80002144 (0xff5cae03) x28 0x8002ece4 mem 0x800152a8
core   0: 0x80002148 (0xff5ca403) lw      s0, -11(s9)
core   0: 3 0x80002148 (0xff5ca403) x 8 0x8002ece4 mem 0x800152a8
core   0: 0x8000214c (0xff2c8aa3) sb      s2, -11(s9)
core   0: 3 0x8000214c (0xff2c8aa3) mem 0x800152a8 0x7c
core   0: 0x80002150 (0xff5cda03) lhu     s4, -11(s9)
core   0: 3 0x80002150 (0xff5cda03) x20 0x0000ec7c mem 0x800152a8
core   0: 0x80002154 (0xff5cc883) lbu     a7, -11(s9)
core   0: 3 0x80002154 (0xff5cc883) x17 0x0000007c mem 0x800152a8
core   0: 0x80002158 (0xff5cde03) lhu     t3, -11(s9)
core   0: 3 0x80002158 (0xff5cde03) x28 0x0000ec7c mem 0x800152a8
core   0: 0x8000215c (0xfefcaaa3) sw      a5, -11(s9)
core   0: 3 0x8000215c (0xfefcaaa3) mem 0x800152a8 0xffffffce
core   0: 0x80002160 (0x0001b097) auipc   ra, 0x1b
core   0: 3 0x80002160 (0x0001b097) x 1 0x8001d160
core   0: 0x80002164 (0xbd408093) addi    ra, ra, -1068
core   0: 3 0x80002164 (0xbd408093) x 1 0x8001cd34
core   0: 0x80002168 (0x013581b3) add     gp, a1, s3
core   0: 3 0x80002168 (0x013581b3) x 3 0x8002eda4
core   0: 0x8000216c (0xf4808ca3) sb      s0, -167(ra)
core   0: 3 0x8000216c (0xf4808ca3) mem 0x8001cc8d 0xe4
core   0: 0x80002170 (0x0b108303) lb      t1, 177(ra)
core   0: 3 0x80002170 (0x0b108303) x 6 0xffffffb5 mem 0x8001cde5
core   0: 0x80002174 (0xf2b08783) lb      a5, -213(ra)
core   0: 3 0x80002174 (0xf2b08783) x15 0x00000033 mem 0x8001cc5f
core   0: 0x80002178 (0x00aaa933) slt     s2, s5, a0
core   0: 3 0x80002178 (0x00aaa933) x18 0x00000000
core   0: 0x8000217c (0x01c364b3) or      s1, t1, t3
core   0: 3 0x8000217c (0x01c364b3) x 9 0xfffffffd
core   0: 0x80002180 (0x00d723b3) slt     t2, a4, a3
core   0: 3 0x80002180 (0x00d723b3) x 7 0x00000000
core   0: 0x80002184 (0x00a69f13) slli    t5, a3, 10
core   0: 3 0x80002184 (0x00a69f13) x30 0x0001f000
core   0: 0x80002188 (0x0cc089a3) sb      a2, 211(ra)
core   0: 3 0x80002188 (0x0cc089a3) mem 0x8001ce07 0x0
core   0: 0x8000218c (0x40cbd713) srai    a4, s7, 12
core   0: 3 0x8000218c (0x40cbd713) x14 0x00000000
core   0: 0x80002190 (0xfe908483) lb      s1, -23(ra)
core   0: 3 0x80002190 (0xfe908483) x 9 0xffffffd1 mem 0x8001cd1d
core   0: 0x80002194 (0xf610c403) lbu     s0, -159(ra)
core   0: 3 0x80002194 (0xf610c403) x 8 0x000000ce mem 0x8001cc95
core   0: 0x80002198 (0x002fbeb3) sltu    t4, t6, sp
core   0: 3 0x80002198 (0x002fbeb3) x29 0x00000001
core   0: 0x8000219c (0x08109823) sh      ra, 144(ra)
core   0: 3 0x8000219c (0x08109823) mem 0x8001cdc4 0xcd34
core   0: 0x800021a0 (0x0620ac23) sw      sp, 120(ra)
core   0: 3 0x800021a0 (0x0620ac23) mem 0x8001cdac 0x8002ae64
core   0: 0x800021a4 (0xf3408f23) sb      s4, -194(ra)
core   0: 3 0x800021a4 (0xf3408f23) mem 0x8001cc72 0x7c
core   0: 0x800021a8 (0x0155aab3) slt     s5, a1, s5
core   0: 3 0x800021a8 (0x0155aab3) x21 0x00000001
core   0: 0x800021ac (0xc58db793) sltiu   a5, s11, -936
core   0: 3 0x800021ac (0xc58db793) x15 0x00000001
core   0: 0x800021b0 (0xfb5089a3) sb      s5, -77(ra)
core   0: 3 0x800021b0 (0xfb5089a3) mem 0x8001cce7 0x1
core   0: 0x800021b4 (0x00b3c4b3) xor     s1, t2, a1
core   0: 3 0x800021b4 (0x00b3c4b3) x 9 0x8002ece4
core   0: 0x800021b8 (0xbc0299b7) lui     s3, 0xbc029
core   0: 3 0x800021b8 (0xbc0299b7) x19 0xbc029000
core   0: 0x800021bc (0xf650cf03) lbu     t5, -155(ra)
core   0: 3 0x800021bc (0xf650cf03) x30 0x0000005b mem 0x8001cc99
core   0: 0x800021c0 (0x01d049b3) xor     s3, zero, t4
core   0: 3 0x800021c0 (0x01d049b3) x19 0x00000001
core   0: 0x800021c4 (0x01d55313) srli    t1, a0, 29
core   0: 3 0x800021c4 (0x01d55313) x 6 0x00000007
core   0: 0x800021c8 (0x00464033) xor     zero, a2, tp
core   0: 3 0x800021c8 (0x00464033)
core   0: 0x800021cc (0x01166a33) or      s4, a2, a7
core   0: 3 0x800021cc (0x01166a33) x20 0x0000007c
core   0: 0x800021d0 (0xf2308b83) lb      s7, -221(ra)
core   0: 3 0x800021d0 (0xf2308b83) x23 0x0000002d mem 0x8001cc57
core   0: 0x800021d4 (0x0b3081a3) sb      s3, 163(ra)
core   0: 3 0x800021d4 (0x0b3081a3) mem 0x8001cdd7 0x1
core   0: 0x800021d8 (0x01643333) sltu    t1, s0, s6
core   0: 3 0x800021d8 (0x01643333) x 6 0x00000001
core   0: 0x800021dc (0x41c0d713) srai    a4, ra, 28
core   0: 3 0x800021dc (0x41c0d713) x14 0xfffffff8
core   0: 0x800021e0 (0x0185dcb3) srl     s9, a1, s8
core   0: 3 0x800021e0 (0x0185dcb3) x25 0x08002ece
core   0: 0x800021e4 (0x0d108783) lb      a5, 209(ra)
core   0: 3 0x800021e4 (0x0d108783) x15 0x0000000a mem 0x8001ce05
core   0: 0x800021e8 (0xf7a0da83) lhu     s5, -134(ra)
core   0: 3 0x800021e8 (0xf7a0da83) x21 0x0000a46e mem 0x8001ccae
core   0: 0x800021ec (0x05c080a3) sb      t3, 65(ra)
core   0: 3 0x800021ec (0x05c080a3) mem 0x8001cd75 0x7c
core   0: 0x800021f0 (0x0ae09623) sh      a4, 172(ra)
core   0: 3 0x800021f0 (0x0ae09623) mem 0x8001cde0 0xfff8
core   0: 0x800021f4 (0x07a09023) sh      s10, 96(ra)
core   0: 3 0x800021f4 (0x07a09023) mem 0x8001cd94 0x0040
core   0: 0x800021f8 (0x0e409003) lh      zero, 228(ra)
core   0: 3 0x800021f8 (0x0e409003) mem 0x8001ce18
core   0: 0x800021fc (0x0b808e03) lb      t3, 184(ra)
core   0: 3 0x800021fc (0x0b808e03) x28 0x00000063 mem 0x8001cdec
core   0: 0x80002200 (0x0420ac23) sw      sp, 88(ra)
core   0: 3 0x80002200 (0x0420ac23) mem 0x8001cd8c 0x8002ae64
core   0: 0x80002204 (0x01fc72b3) and     t0, s8, t6
core   0: 3 0x80002204 (0x01fc72b3) x 5 0x00000a00
core   0: 0x80002208 (0x00359033) sll     zero, a1, gp
core   0: 3 0x80002208 (0x00359033)
core   0: 0x8000220c (0x0ff0000f) fence   iorw,iorw
core   0: 3 0x8000220c (0x0ff0000f)
core   0: 0x80002210 (0x01d9e533) or      a0, s3, t4
core   0: 3 0x80002210 (0x01d9e533) x10 0x00000001
core   0: 0x80002214 (0xe1cbe513) ori     a0, s7, -484
core   0: 3 0x80002214 (0xe1cbe513) x10 0xfffffe3d
core   0: 0x80002218 (0x05608723) sb      s6, 78(ra)
core   0: 3 0x80002218 (0x05608723) mem 0x8001cd82 0x5c
core   0: 0x8000221c (0x32982693) slti    a3, a6, 809
core   0: 3 0x8000221c (0x32982693) x13 0x00000001
core   0: 0x80002220 (0x0ee08523) sb      a4, 234(ra)
core   0: 3 0x80002220 (0x0ee08523) mem 0x8001ce1e 0xf8
core   0: 0x80002224 (0xfd409423) sh      s4, -56(ra)
core   0: 3 0x80002224 (0xfd409423) mem 0x8001ccfc 0x007c
core   0: 0x80002228 (0x07308303) lb      t1, 115(ra)
core   0: 3 0x80002228 (0x07308303) x 6 0x0000003c mem 0x8001cda7
core   0: 0x8000222c (0x0142d193) srli    gp, t0, 20
core   0: 3 0x8000222c (0x0142d193) x 3 0x00000000
core   0: 0x80002230 (0x27624517) auipc   a0, 0x27624
core   0: 3 0x80002230 (0x27624517) x10 0xa7626230
core   0: 0x80002234 (0x0000100f) fence.i
core   0: 3 0x80002234 (0x0000100f)
core   0: 0x80002238 (0x0068df13) srli    t5, a7, 6
core   0: 3 0x80002238 (0x0068df13) x30 0x00000001
core   0: 0x8000223c (0xf2a0c903) lbu     s2, -214(ra)
core   0: 3 0x8000223c (0xf2a0c903) x18 0x00000019 mem 0x8001cc5e
core   0: 0x80002240 (0x0001fe97) auipc   t4, 0x1f
core   0: 3 0x80002240 (0x0001fe97) x29 0x80021240
core   0: 0x80002244 (0x315e8e93) addi    t4, t4, 789
core   0: 3 0x80002244 (0x315e8e93) x29 0x80021555
core   0: 0x80002248 (0x0001db97) auipc   s7, 0x1d
core   0: 3 0x80002248 (0x0001db97) x23 0x8001f248
core   0: 0x8000224c (0x0e7b8b93) addi    s7, s7, 231
core   0: 3 0x8000224c (0x0e7b8b93) x23 0x8001f32f
core   0: 0x80002250 (0x00017917) auipc   s2, 0x17
core   0: 3 0x80002250 (0x00017917) x18 0x80019250
core   0: 0x80002254 (0xcbf90913) addi    s2, s2, -833
core   0: 3 0x80002254 (0xcbf90913) x18 0x80018f0f
core   0: 0x80002258 (0x00aecd03) lbu     s10, 10(t4)
core   0: 3 0x80002258 (0x00aecd03) x26 0x000000be mem 0x8002155f
core   0: 0x8000225c (0x006ea3a3) sw      t1, 7(t4)
core   0: 3 0x8000225c (0x006ea3a3) mem 0x8002155c 0x0000003c
core   0: 0x80002260 (0xce3907a3) sb      gp, -785(s2)
core   0: 3 0x80002260 (0xce3907a3) mem 0x80018bfe 0x0
core   0: 0x80002264 (0xfdfb8523) sb      t6, -54(s7)
core   0: 3 0x80002264 (0xfdfb8523) mem 0x8001f2f9 0x20
core   0: 0x80002268 (0x00021997) auipc   s3, 0x21
core   0: 3 0x80002268 (0x00021997) x19 0x80023268
core   0: 0x8000226c (0xeb098993) addi    s3, s3, -336
core   0: 3 0x8000226c (0xeb098993) x19 0x80023118
core   0: 0x80002270 (0x00b9c683) lbu     a3, 11(s3)
core   0: 3 0x80002270 (0x00b9c683) x13 0x00000032 mem 0x80023123
core   0: 0x80002274 (0x0001e517) auipc   a0, 0x1e
core   0: 3 0x80002274 (0x0001e517) x10 0x80020274
core   0: 0x80002278 (0x92d50513) addi    a0, a0, -1747
core   0: 3 0x80002278 (0x92d50513) x10 0x8001fba1
core   0: 0x8000227c (0x003ead03) lw      s10, 3(t4)
core   0: 3 0x8000227c (0x003ead03) x26 0x47e0c022 mem 0x80021558
core   0: 0x80002280 (0x02fb8283) lb      t0, 47(s7)
core   0: 3 0x80002280 (0x02fb8283) x 5 0x00000045 mem 0x8001f35e
core   0: 0x80002284 (0x21691ca3) sh      s6, 537(s2)
core   0: 3 0x80002284 (0x21691ca3) mem 0x80019128 0xbb5c
core   0: 0x80002288 (0xe5f94003) lbu     zero, -417(s2)
core   0: 3 0x80002288 (0xe5f94003) mem 0x80018d6e
core   0: 0x8000228c (0xff1bad83) lw      s11, -15(s7)
core   0: 3 0x8000228c (0xff1bad83) x27 0x04cf0ff0 mem 0x8001f320
core   0: 0x80002290 (0xfebe9da3) sh      a1, -5(t4)
core   0: 3 0x80002290 (0xfebe9da3) mem 0x80021550 0xece4
core   0: 0x80002294 (0x003981a3) sb      gp, 3(s3)
core   0: 3 0x80002294 (0x003981a3) mem 0x8002311b 0x0
core   0: 0x80002298 (0x16054403) lbu     s0, 352(a0)
core   0: 3 0x80002298 (0x16054403) x 8 0x0000001e mem 0x8001fd01
core   0: 0x8000229c (0x00398a03) lb      s4, 3(s3)
core   0: 3 0x8000229c (0x00398a03) x20 0x00000000 mem 0x8002311b
core   0: 0x800022a0 (0xea4518a3) sh      tp, -335(a0)
core   0: 3 0x800022a0 (0xea4518a3) mem 0x8001fa52 0xfee2
core   0: 0x800022a4 (0xcc550083) lb      ra, -827(a0)
core   0: 3 0x800022a4 (0xcc550083) x 1 0x00000038 mem 0x8001f866
core   0: 0x800022a8 (0xf8594d03) lbu     s10, -123(s2)
core   0: 3 0x800022a8 (0xf8594d03) x26 0x000000c8 mem 0x80018e94
core   0: 0x800022ac (0x46c54603) lbu     a2, 1132(a0)
core   0: 3 0x800022ac (0x46c54603) x12 0x00000017 mem 0x8002000d
core   0: 0x800022b0 (0xf7e90d03) lb      s10, -130(s2)
core   0: 3 0x800022b0 (0xf7e90d03) x26 0xffffffd5 mem 0x80018e8d
core   0: 0x800022b4 (0x011e8323) sb      a7, 6(t4)
core   0: 3 0x800022b4 (0x011e8323) mem 0x8002155b 0x7c
core   0: 0x800022b8 (0x00eb8d83) lb      s11, 14(s7)
core   0: 3 0x800022b8 (0x00eb8d83) x27 0x00000044 mem 0x8001f33d
core   0: 0x800022bc (0x00a98883) lb      a7, 10(s3)
core   0: 3 0x800022bc (0x00a98883) x17 0xffffffd1 mem 0x80023122
core   0: 0x800022c0 (0x00aecf03) lbu     t5, 10(t4)
core   0: 3 0x800022c0 (0x00aecf03) x30 0x00000000 mem 0x8002155f
core   0: 0x800022c4 (0xff0b8803) lb      a6, -16(s7)
core   0: 3 0x800022c4 (0xff0b8803) x16 0xffffff98 mem 0x8001f31f
core   0: 0x800022c8 (0x006b8823) sb      t1, 16(s7)
core   0: 3 0x800022c8 (0x006b8823) mem 0x8001f33f 0x3c
core   0: 0x800022cc (0x19c54003) lbu     zero, 412(a0)
core   0: 3 0x800022cc (0x19c54003) mem 0x8001fd3d
core   0: 0x800022d0 (0x0109dd03) lhu     s10, 16(s3)
core   0: 3 0x800022d0 (0x0109dd03) x26 0x00005c7e mem 0x80023128
core   0: 0x800022d4 (0x75a94f03) lbu     t5, 1882(s2)
core   0: 3 0x800022d4 (0x75a94f03) x30 0x00000041 mem 0x80019669
core   0: 0x800022d8 (0x35654f03) lbu     t5, 854(a0)
core   0: 3 0x800022d8 (0x35654f03) x30 0x000000d5 mem 0x8001fef7
core   0: 0x800022dc (0x00013717) auipc   a4, 0x13
core   0: 3 0x800022dc (0x00013717) x14 0x800152dc
core   0: 0x800022e0 (0x13670713) addi    a4, a4, 310
core   0: 3 0x800022e0 (0x13670713) x14 0x80015412
core   0: 0x800022e4 (0xfee70da3) sb      a4, -5(a4)
core   0: 3 0x800022e4 (0xfee70da3) mem 0x8001540d 0x12
core   0: 0x800022e8 (0x00ff9b93) slli    s7, t6, 15
core   0: 3 0x800022e8 (0x00ff9b93) x23 0x05100000
core   0: 0x800022ec (0xffd70b83) lb      s7, -3(a4)
core   0: 3 0x800022ec (0xffd70b83) x23 0x00000006 mem 0x8001540f
core   0: 0x800022f0 (0xffd70783) lb      a5, -3(a4)
core   0: 3 0x800022f0 (0xffd70783) x15 0x00000006 mem 0x8001540f
core   0: 0x800022f4 (0x0cfd4a13) xori    s4, s10, 207
core   0: 3 0x800022f4 (0x0cfd4a13) x20 0x00005cb1
core   0: 0x800022f8 (0xff870ea3) sb      s8, -3(a4)
core   0: 3 0x800022f8 (0xff870ea3) mem 0x8001540f 0x84
core   0: 0x800022fc (0x00074b83) lbu     s7, 0(a4)
core   0: 3 0x800022fc (0x00074b83) x23 0x0000002c mem 0x80015412
core   0: 0x80002300 (0x00fb28b3) slt     a7, s6, a5
core   0: 3 0x80002300 (0x00fb28b3) x17 0x00000001
core   0: 0x80002304 (0x41325613) srai    a2, tp, 19
core   0: 3 0x80002304 (0x41325613) x12 0xffffffff
core   0: 0x80002308 (0x00075d03) lhu     s10, 0(a4)
core   0: 3 0x80002308 (0x00075d03) x26 0x0000a52c mem 0x80015412
core   0: 0x8000230c (0x00a71d83) lh      s11, 10(a4)
core   0: 3 0x8000230c (0x00a71d83) x27 0x0000531c mem 0x8001541c
core   0: 0x80002310 (0x00a70283) lb      t0, 10(a4)
core   0: 3 0x80002310 (0x00a70283) x 5 0x0000001c mem 0x8001541c
core   0: 0x80002314 (0x00e74203) lbu     tp, 14(a4)
core   0: 3 0x80002314 (0x00e74203) x 4 0x000000e0 mem 0x80015420
core   0: 0x80002318 (0xff370e23) sb      s3, -4(a4)
core   0: 3 0x80002318 (0xff370e23) mem 0x8001540e 0x18
core   0: 0x8000231c (0x00f700a3) sb      a5, 1(a4)
core   0: 3 0x8000231c (0x00f700a3) mem 0x80015413 0x6
core   0: 0x80002320 (0x00e70183) lb      gp, 14(a4)
core   0: 3 0x80002320 (0x00e70183) x 3 0xffffffe0 mem 0x80015420
core   0: 0x80002324 (0x00e75b83) lhu     s7, 14(a4)
core   0: 3 0x80002324 (0x00e75b83) x23 0x000021e0 mem 0x80015420
core   0: 0x80002328 (0xffa70183) lb      gp, -6(a4)
core   0: 3 0x80002328 (0xffa70183) x 3 0xffffffb2 mem 0x8001540c
core   0: 0x8000232c (0x41615b93) srai    s7, sp, 22
core   0: 3 0x8000232c (0x41615b93) x23 0xfffffe00
core   0: 0x80002330 (0xffa71d83) lh      s11, -6(a4)
core   0: 3 0x80002330 (0xffa71d83) x27 0x000012b2 mem 0x8001540c
core   0: 0x80002334 (0x00d74303) lbu     t1, 13(a4)
core   0: 3 0x80002334 (0x00d74303) x 6 0x000000f5 mem 0x8001541f
core   0: 0x80002338 (0x01efd033) srl     zero, t6, t5
core   0: 3 0x80002338 (0x01efd033)
core   0: 0x8000233c (0x005700a3) sb      t0, 1(a4)
core   0: 3 0x8000233c (0x005700a3) mem 0x80015413 0x1c
core   0: 0x80002340 (0x00270303) lb      t1, 2(a4)
core   0: 3 0x80002340 (0x00270303) x 6 0xffffff87 mem 0x80015414
core   0: 0x80002344 (0x00272783) lw      a5, 2(a4)
core   0: 3 0x80002344 (0x00272783) x15 0x37d7ad87 mem 0x80015414
core   0: 0x80002348 (0x00024197) auipc   gp, 0x24
core   0: 3 0x80002348 (0x00024197) x 3 0x80026348
core   0: 0x8000234c (0x80e18193) addi    gp, gp, -2034
core   0: 3 0x8000234c (0x80e18193) x 3 0x80025b56
core   0: 0x80002350 (0x00d180a3) sb      a3, 1(gp)
core   0: 3 0x80002350 (0x00d180a3) mem 0x80025b57 0x32
core   0: 0x80002354 (0x0e87f613) andi    a2, a5, 232
core   0: 3 0x80002354 (0x0e87f613) x12 0x00000080
core   0: 0x80002358 (0x00e1a883) lw      a7, 14(gp)
core   0: 3 0x80002358 (0x00e1a883) x17 0x45e7f15c mem 0x80025b64
core   0: 0x8000235c (0x4e788d93) addi    s11, a7, 1255
core   0: 3 0x8000235c (0x4e788d93) x27 0x45e7f643
core   0: 0x80002360 (0x00118203) lb      tp, 1(gp)
core   0: 3 0x80002360 (0x00118203) x 4 0x00000032 mem 0x80025b57
core   0: 0x80002364 (0x0091c083) lbu     ra, 9(gp)
core   0: 3 0x80002364 (0x0091c083) x 1 0x00000088 mem 0x80025b5f
core   0: 0x80002368 (0x00419783) lh      a5, 4(gp)
core   0: 3 0x80002368 (0x00419783) x15 0xffffc312 mem 0x80025b5a
core   0: 0x8000236c (0x0041d503) lhu     a0, 4(gp)
core   0: 3 0x8000236c (0x0041d503) x10 0x0000c312 mem 0x80025b5a
core   0: 0x80002370 (0x006ed093) srli    ra, t4, 6
core   0: 3 0x80002370 (0x006ed093) x 1 0x02000855
core   0: 0x80002374 (0x01f36913) ori     s2, t1, 31
core   0: 3 0x80002374 (0x01f36913) x18 0xffffff9f
core   0: 0x80002378 (0x2db22c97) auipc   s9, 0x2db22
core   0: 3 0x80002378 (0x2db22c97) x25 0xadb24378
core   0: 0x8000237c (0x4001db93) srai    s7, gp, 0
core   0: 3 0x8000237c (0x4001db93) x23 0x80025b56
core   0: 0x80002380 (0x0000100f) fence.i
core   0: 3 0x80002380 (0x0000100f)
core   0: 0x80002384 (0x005d9bb3) sll     s7, s11, t0
core   0: 3 0x80002384 (0x005d9bb3) x23 0x30000000
core   0: 0x80002388 (0xfe018d23) sb      zero, -6(gp)
core   0: 3 0x80002388 (0xfe018d23) mem 0x80025b50 0x0
core   0: 0x8000238c (0x00f18883) lb      a7, 15(gp)
core   0: 3 0x8000238c (0x00f18883) x17 0xfffffff1 mem 0x80025b65
core   0: 0x80002390 (0x00d18603) lb      a2, 13(gp)
core   0: 3 0x80002390 (0x00d18603) x12 0x00000015 mem 0x80025b63
core   0: 0x80002394 (0x93538313) addi    t1, t2, -1739
core   0: 3 0x80002394 (0x93538313) x 6 0xfffff935
core   0: 0x80002398 (0x00118723) sb      ra, 14(gp)
core   0: 3 0x80002398 (0x00118723) mem 0x80025b64 0x55
core   0: 0x8000239c (0x014f76b3) and     a3, t5, s4
core   0: 3 0x8000239c (0x014f76b3) x13 0x00000091
core   0: 0x800023a0 (0xffd18303) lb      t1, -3(gp)
core   0: 3 0x800023a0 (0xffd18303) x 6 0x0000006b mem 0x80025b53
core   0: 0x800023a4 (0x01b02f33) slt     t5, zero, s11
core   0: 3 0x800023a4 (0x01b02f33) x30 0x00000001
core   0: 0x800023a8 (0x41845613) srai    a2, s0, 24
core   0: 3 0x800023a8 (0x41845613) x12 0x00000000
core   0: 0x800023ac (0x015bfcb3) and     s9, s7, s5
core   0: 3 0x800023ac (0x015bfcb3) x25 0x00000000
core   0: 0x800023b0 (0x01550f33) add     t5, a0, s5
core   0: 3 0x800023b0 (0x01550f33) x30 0x00016780
core   0: 0x800023b4 (0x48a23713) sltiu   a4, tp, 1162
core   0: 3 0x800023b4 (0x48a23713) x14 0x00000001
core   0: 0x800023b8 (0x0000100f) fence.i
core   0: 3 0x800023b8 (0x0000100f)
core   0: 0x800023bc (0x41745893) srai    a7, s0, 23
core   0: 3 0x800023bc (0x41745893) x17 0x00000000
core   0: 0x800023c0 (0xfef18aa3) sb      a5, -11(gp)
core   0: 3 0x800023c0 (0xfef18aa3) mem 0x80025b4b 0x12
core   0: 0x800023c4 (0x70672913) slti    s2, a4, 1798
core   0: 3 0x800023c4 (0x70672913) x18 0x00000001
core   0: 0x800023c8 (0x4170d9b3) sra     s3, ra, s7
core   0: 3 0x800023c8 (0x4170d9b3) x19 0x02000855
core   0: 0x800023cc (0x0001d203) lhu     tp, 0(gp)
core   0: 3 0x800023cc (0x0001d203) x 4 0x0000323d mem 0x80025b56
core   0: 0x800023d0 (0x014d9293) slli    t0, s11, 20
core   0: 3 0x800023d0 (0x014d9293) x 5 0x64300000
core   0: 0x800023d4 (0x00000013) nop
core   0: 3 0x800023d4 (0x00000013)
core   0: 0x800023d8 (0x4178d733) sra     a4, a7, s7
core   0: 3 0x800023d8 (0x4178d733) x14 0x00000000
core   0: 0x800023dc (0x3745ed93) ori     s11, a1, 884
core   0: 3 0x800023dc (0x3745ed93) x27 0x8002eff4
core   0: 0x800023e0 (0x113d6e93) ori     t4, s10, 275
core   0: 3 0x800023e0 (0x113d6e93) x29 0x0000a53f
core   0: 0x800023e4 (0xff018903) lb      s2, -16(gp)
core   0: 3 0x800023e4 (0xff018903) x18 0xffffffaf mem 0x80025b46
core   0: 0x800023e8 (0x009eda13) srli    s4, t4, 9
core   0: 3 0x800023e8 (0x009eda13) x20 0x00000052
core   0: 0x800023ec (0x01168c33) add     s8, a3, a7
core   0: 3 0x800023ec (0x01168c33) x24 0x00000091
core   0: 0x800023f0 (0x00718203) lb      tp, 7(gp)
core   0: 3 0x800023f0 (0x00718203) x 4 0x00000006 mem 0x80025b5d
core   0: 0x800023f4 (0xffd1c503) lbu     a0, -3(gp)
core   0: 3 0x800023f4 (0xffd1c503) x10 0x0000006b mem 0x80025b53
core   0: 0x800023f8 (0xfeb18ba3) sb      a1, -9(gp)
core   0: 3 0x800023f8 (0xfeb18ba3) mem 0x80025b4d 0xe4
core   0: 0x800023fc (0xff019803) lh      a6, -16(gp)
core   0: 3 0x800023fc (0xff019803) x16 0x000023af mem 0x80025b46
core   0: 0x80002400 (0x86923c13) sltiu   s8, tp, -1943
core   0: 3 0x80002400 (0x86923c13) x24 0x00000001
core   0: 0x80002404 (0x00000013) nop
core   0: 3 0x80002404 (0x00000013)
core   0: 0x80002408 (0x01c1a723) sw      t3, 14(gp)
core   0: 3 0x80002408 (0x01c1a723) mem 0x80025b64 0x00000063
core   0: 0x8000240c (0x003fd333) srl     t1, t6, gp
core   0: 3 0x8000240c (0x003fd333) x 6 0x00000000
core   0: 0x80002410 (0x0041db83) lhu     s7, 4(gp)
core   0: 3 0x80002410 (0x0041db83) x23 0x0000c312 mem 0x80025b5a
core   0: 0x80002414 (0x009d2bb3) slt     s7, s10, s1
core   0: 3 0x80002414 (0x009d2bb3) x23 0x00000000
core   0: 0x80002418 (0x00019d83) lh      s11, 0(gp)
core   0: 3 0x80002418 (0x00019d83) x27 0x0000323d mem 0x80025b56
core   0: 0x8000241c (0x00018d97) auipc   s11, 0x18
core   0: 3 0x8000241c (0x00018d97) x27 0x8001a41c
core   0: 0x80002420 (0x7fed8d93) addi    s11, s11, 2046
core   0: 3 0x80002420 (0x7fed8d93) x27 0x8001ac1a
core   0: 0x80002424 (0x005d87a3) sb      t0, 15(s11)
core   0: 3 0x80002424 (0x005d87a3) mem 0x8001ac29 0x0
core   0: 0x80002428 (0xffbd8483) lb      s1, -5(s11)
core   0: 3 0x80002428 (0xffbd8483) x 9 0x00000009 mem 0x8001ac15
core   0: 0x8000242c (0xffbdc603) lbu     a2, -5(s11)
core   0: 3 0x8000242c (0xffbdc603) x12 0x00000009 mem 0x8001ac15
core   0: 0x80002430 (0xffbd8883) lb      a7, -5(s11)
core   0: 3 0x80002430 (0xffbd8883) x17 0x00000009 mem 0x8001ac15
core   0: 0x80002434 (0xff2d9e03) lh      t3, -14(s11)
core   0: 3 0x80002434 (0xff2d9e03) x28 0x00006c41 mem 0x8001ac0c
core   0: 0x80002438 (0xff0d9503) lh      a0, -16(s11)
core   0: 3 0x80002438 (0xff0d9503) x10 0x00007b12 mem 0x8001ac0a
core   0: 0x8000243c (0xff0dc503) lbu     a0, -16(s11)
core   0: 3 0x8000243c (0xff0dc503) x10 0x00000012 mem 0x8001ac0a
core   0: 0x80002440 (0xff0d9e83) lh      t4, -16(s11)
core   0: 3 0x80002440 (0xff0d9e83) x29 0x00007b12 mem 0x8001ac0a
core   0: 0x80002444 (0x4155d313) srai    t1, a1, 21
core   0: 3 0x80002444 (0x4155d313) x 6 0xfffffc00
core   0: 0x80002448 (0x4279a017) auipc   zero, 0x4279a
core   0: 3 0x80002448 (0x4279a017)
core   0: 0x8000244c (0x001dc783) lbu     a5, 1(s11)
core   0: 3 0x8000244c (0x001dc783) x15 0x0000006c mem 0x8001ac1b
core   0: 0x80002450 (0x0ff0000f) fence   iorw,iorw
core   0: 3 0x80002450 (0x0ff0000f)
core   0: 0x80002454 (0xfffd8d03) lb      s10, -1(s11)
core   0: 3 0x80002454 (0xfffd8d03) x26 0x00000015 mem 0x8001ac19
core   0: 0x80002458 (0xff8d8fa3) sb      s8, -1(s11)
core   0: 3 0x80002458 (0xff8d8fa3) mem 0x8001ac19 0x1
core   0: 0x8000245c (0x009d8523) sb      s1, 10(s11)
core   0: 3 0x8000245c (0x009d8523) mem 0x8001ac24 0x9
core   0: 0x80002460 (0x003d8003) lb      zero, 3(s11)
core   0: 3 0x80002460 (0x003d8003) mem 0x8001ac1d
core   0: 0x80002464 (0x003d8883) lb      a7, 3(s11)
core   0: 3 0x80002464 (0x003d8883) x17 0x00000063 mem 0x8001ac1d
core   0: 0x80002468 (0x003d8c03) lb      s8, 3(s11)
core   0: 3 0x80002468 (0x003d8c03) x24 0x00000063 mem 0x8001ac1d
core   0: 0x8000246c (0x01dd81a3) sb      t4, 3(s11)
core   0: 3 0x8000246c (0x01dd81a3) mem 0x8001ac1d 0x12
core   0: 0x80002470 (0x00adc803) lbu     a6, 10(s11)
core   0: 3 0x80002470 (0x00adc803) x16 0x00000009 mem 0x8001ac24
core   0: 0x80002474 (0x0ff0000f) fence   iorw,iorw
core   0: 3 0x80002474 (0x0ff0000f)
core   0: 0x80002478 (0x00cd8983) lb      s3, 12(s11)
core   0: 3 0x80002478 (0x00cd8983) x19 0xffffff82 mem 0x8001ac26
core   0: 0x8000247c (0x0164a733) slt     a4, s1, s6
core   0: 3 0x8000247c (0x0164a733) x14 0x00000000
core   0: 0x80002480 (0x00cd8083) lb      ra, 12(s11)
core   0: 3 0x80002480 (0x00cd8083) x 1 0xffffff82 mem 0x8001ac26
core   0: 0x80002484 (0x00013f17) auipc   t5, 0x13
core   0: 3 0x80002484 (0x00013f17) x30 0x80015484
core   0: 0x80002488 (0x1bef0f13) addi    t5, t5, 446
core   0: 3 0x80002488 (0x1bef0f13) x30 0x80015642
core   0: 0x8000248c (0xf23f0623) sb      gp, -212(t5)
core   0: 3 0x8000248c (0xf23f0623) mem 0x8001556e 0x56
core   0: 0x80002490 (0xf2cf5083) lhu     ra, -212(t5)
core   0: 3 0x80002490 (0xf2cf5083) x 1 0x0000cb56 mem 0x8001556e
core   0: 0x80002494 (0x83242813) slti    a6, s0, -1998
core   0: 3 0x80002494 (0x83242813) x16 0x00000000
core   0: 0x80002498 (0xf2cf4c03) lbu     s8, -212(t5)
core   0: 3 0x80002498 (0xf2cf4c03) x24 0x00000056 mem 0x8001556e
core   0: 0x8000249c (0x032f03a3) sb      s2, 39(t5)
core   0: 3 0x8000249c (0x032f03a3) mem 0x80015669 0xaf
core   0: 0x800024a0 (0x05df0d83) lb      s11, 93(t5)
core   0: 3 0x800024a0 (0x05df0d83) x27 0x00000007 mem 0x8001569f
core   0: 0x800024a4 (0x057f0ea3) sb      s7, 93(t5)
core   0: 3 0x800024a4 (0x057f0ea3) mem 0x8001569f 0x0
core   0: 0x800024a8 (0x992e2a17) auipc   s4, 0x992e2
core   0: 3 0x800024a8 (0x992e2a17) x20 0x192e44a8
core   0: 0x800024ac (0x00a25513) srli    a0, tp, 10
core   0: 3 0x800024ac (0x00a25513) x10 0x00000000
core   0: 0x800024b0 (0x566f3413) sltiu   s0, t5, 1382
core   0: 3 0x800024b0 (0x566f3413) x 8 0x00000000
core   0: 0x800024b4 (0xf10f4483) lbu     s1, -240(t5)
core   0: 3 0x800024b4 (0xf10f4483) x 9 0x00000008 mem 0x80015552
core   0: 0x800024b8 (0x0ff0000f) fence   iorw,iorw
core   0: 3 0x800024b8 (0x0ff0000f)
core   0: 0x800024bc (0xf10f1d03) lh      s10, -240(t5)
core   0: 3 0x800024bc (0xf10f1d03) x26 0xffffcd08 mem 0x80015552
core   0: 0x800024c0 (0xf17f0823) sb      s7, -240(t5)
core   0: 3 0x800024c0 (0xf17f0823) mem 0x80015552 0x0
core   0: 0x800024c4 (0xf10f0083) lb      ra, -240(t5)
core   0: 3 0x800024c4 (0xf10f0083) x 1 0x00000000 mem 0x80015552
core   0: 0x800024c8 (0xf10f4483) lbu     s1, -240(t5)
core   0: 3 0x800024c8 (0xf10f4483) x 9 0x00000000 mem 0x80015552
core   0: 0x800024cc (0x406f5e13) srai    t3, t5, 6
core   0: 3 0x800024cc (0x406f5e13) x28 0xfe000559
core   0: 0x800024d0 (0x0fcf09a3) sb      t3, 243(t5)
core   0: 3 0x800024d0 (0x0fcf09a3) mem 0x80015735 0x59
core   0: 0x800024d4 (0x00019c17) auipc   s8, 0x19
core   0: 3 0x800024d4 (0x00019c17) x24 0x8001b4d4
core   0: 0x800024d8 (0xeffc0c13) addi    s8, s8, -257
core   0: 3 0x800024d8 (0xeffc0c13) x24 0x8001b3d3
core   0: 0x800024dc (0x00020517) auipc   a0, 0x20
core   0: 3 0x800024dc (0x00020517) x10 0x800224dc
core   0: 0x800024e0 (0x14450513) addi    a0, a0, 324
core   0: 3 0x800024e0 (0x14450513) x10 0x80022620
core   0: 0x800024e4 (0xff250d83) lb      s11, -14(a0)
core   0: 3 0x800024e4 (0xff250d83) x27 0x00000031 mem 0x80022612
core   0: 0x800024e8 (0x002c4003) lbu     zero, 2(s8)
core   0: 3 0x800024e8 (0x002c4003) mem 0x8001b3d5
core   0: 0x800024ec (0xff050ca3) sb      a6, -7(a0)
core   0: 3 0x800024ec (0xff050ca3) mem 0x80022619 0x0
core   0: 0x800024f0 (0x00950e03) lb      t3, 9(a0)
core   0: 3 0x800024f0 (0x00950e03) x28 0x00000026 mem 0x80022629
core   0: 0x800024f4 (0x00e50883) lb      a7, 14(a0)
core   0: 3 0x800024f4 (0x00e50883) x17 0xffffffc4 mem 0x8002262e
core   0: 0x800024f8 (0x031c2b83) lw      s7, 49(s8)
core   0: 3 0x800024f8 (0x031c2b83) x23 0x4d777f45 mem 0x8001b404
core   0: 0x800024fc (0xf58c0903) lb      s2, -168(s8)
core   0: 3 0x800024fc (0xf58c0903) x18 0xffffffc1 mem 0x8001b32b
core   0: 0x80002500 (0xfe650fa3) sb      t1, -1(a0)
core   0: 3 0x80002500 (0xfe650fa3) mem 0x8002261f 0x0
core   0: 0x80002504 (0xff850aa3) sb      s8, -11(a0)
core   0: 3 0x80002504 (0xff850aa3) mem 0x80022615 0xd3
core   0: 0x80002508 (0x00754803) lbu     a6, 7(a0)
core   0: 3 0x80002508 (0x00754803) x16 0x0000009b mem 0x80022627
core   0: 0x8000250c (0x0cec2aa3) sw      a4, 213(s8)
core   0: 3 0x8000250c (0x0cec2aa3) mem 0x8001b4a8 0x00000000
core   0: 0x80002510 (0x00a54183) lbu     gp, 10(a0)
core   0: 3 0x80002510 (0x00a54183) x 3 0x00000006 mem 0x8002262a
core   0: 0x80002514 (0xfe151923) sh      ra, -14(a0)
core   0: 3 0x80002514 (0xfe151923) mem 0x80022612 0x0000
core   0: 0x80002518 (0xffd50e03) lb      t3, -3(a0)
core   0: 3 0x80002518 (0xffd50e03) x28 0xffffffff mem 0x8002261d
core   0: 0x8000251c (0x0ddc0c23) sb      t4, 216(s8)
core   0: 3 0x8000251c (0x0ddc0c23) mem 0x8001b4ab 0x12
core   0: 0x80002520 (0x00018217) auipc   tp, 0x18
core   0: 3 0x80002520 (0x00018217) x 4 0x8001a520
core   0: 0x80002524 (0x08020213) addi    tp, tp, 128
core   0: 3 0x80002524 (0x08020213) x 4 0x8001a5a0
core   0: 0x80002528 (0x71024d83) lbu     s11, 1808(tp)
core   0: 3 0x80002528 (0x71024d83) x27 0x0000007e mem 0x8001acb0
core   0: 0x8000252c (0x71022c83) lw      s9, 1808(tp)
core   0: 3 0x8000252c (0x71022c83) x25 0xbf2a267e mem 0x8001acb0
core   0: 0x80002530 (0x71025383) lhu     t2, 1808(tp)
core   0: 3 0x80002530 (0x71025383) x 7 0x0000267e mem 0x8001acb0
core   0: 0x80002534 (0x71b21823) sh      s11, 1808(tp)
core   0: 3 0x80002534 (0x71b21823) mem 0x8001acb0 0x007e
core   0: 0x80002538 (0x71220823) sb      s2, 1808(tp)
core   0: 3 0x80002538 (0x71220823) mem 0x8001acb0 0xc1
core   0: 0x8000253c (0x71021d83) lh      s11, 1808(tp)
core   0: 3 0x8000253c (0x71021d83) x27 0x000000c1 mem 0x8001acb0
core   0: 0x80002540 (0x70d20823) sb      a3, 1808(tp)
core   0: 3 0x80002540 (0x70d20823) mem 0x8001acb0 0x91
core   0: 0x80002544 (0x71022c03) lw      s8, 1808(tp)
core   0: 3 0x80002544 (0x71022c03) x24 0xbf2a0091 mem 0x8001acb0
core   0: 0x80002548 (0x71020883) lb      a7, 1808(tp)
core   0: 3 0x80002548 (0x71020883) x17 0xffffff91 mem 0x8001acb0
core   0: 0x8000254c (0x70721823) sh      t2, 1808(tp)
core   0: 3 0x8000254c (0x70721823) mem 0x8001acb0 0x267e
core   0: 0x80002550 (0x71022503) lw      a0, 1808(tp)
core   0: 3 0x80002550 (0x71022503) x10 0xbf2a267e mem 0x8001acb0
core   0: 0x80002554 (0x71b22823) sw      s11, 1808(tp)
core   0: 3 0x80002554 (0x71b22823) mem 0x8001acb0 0x000000c1
core   0: 0x80002558 (0xf6c21303) lh      t1, -148(tp)
core   0: 3 0x80002558 (0xf6c21303) x 6 0xffffd97e mem 0x8001a50c
core   0: 0x8000255c (0x007bdc93) srli    s9, s7, 7
core   0: 3 0x8000255c (0x007bdc93) x25 0x009aeefe
core   0: 0x80002560 (0xf6c20623) sb      a2, -148(tp)
core   0: 3 0x80002560 (0xf6c20623) mem 0x8001a50c 0x9
core   0: 0x80002564 (0xf6c25283) lhu     t0, -148(tp)
core   0: 3 0x80002564 (0xf6c25283) x 5 0x0000d909 mem 0x8001a50c
core   0: 0x80002568 (0xf6c25283) lhu     t0, -148(tp)
core   0: 3 0x80002568 (0xf6c25283) x 5 0x0000d909 mem 0x8001a50c
core   0: 0x8000256c (0xf6c25f03) lhu     t5, -148(tp)
core   0: 3 0x8000256c (0xf6c25f03) x30 0x0000d909 mem 0x8001a50c
core   0: 0x80002570 (0xf7320623) sb      s3, -148(tp)
core   0: 3 0x80002570 (0xf7320623) mem 0x8001a50c 0x82
core   0: 0x80002574 (0xf6c25303) lhu     t1, -148(tp)
core   0: 3 0x80002574 (0xf6c25303) x 6 0x0000d982 mem 0x8001a50c
core   0: 0x80002578 (0xf6c25803) lhu     a6, -148(tp)
core   0: 3 0x80002578 (0xf6c25803) x16 0x0000d982 mem 0x8001a50c
core   0: 0x8000257c (0x00013e17) auipc   t3, 0x13
core   0: 3 0x8000257c (0x00013e17) x28 0x8001557c
core   0: 0x80002580 (0x326e0e13) addi    t3, t3, 806
core   0: 3 0x80002580 (0x326e0e13) x28 0x800158a2
core   0: 0x80002584 (0x4b113193) sltiu   gp, sp, 1201
core   0: 3 0x80002584 (0x4b113193) x 3 0x00000000
core   0: 0x80002588 (0x002e1023) sh      sp, 0(t3)
core   0: 3 0x80002588 (0x002e1023) mem 0x800158a2 0xae64
core   0: 0x8000258c (0x01029613) slli    a2, t0, 16
core   0: 3 0x8000258c (0x01029613) x12 0xd9090000
core   0: 0x80002590 (0xfebe0403) lb      s0, -21(t3)
core   0: 3 0x80002590 (0xfebe0403) x 8 0xfffffff9 mem 0x8001588d
core   0: 0x80002594 (0xb08f7017) auipc   zero, 0xb08f7
core   0: 3 0x80002594 (0xb08f7017)
core   0: 0x80002598 (0x639f4993) xori    s3, t5, 1593
core   0: 3 0x80002598 (0x639f4993) x19 0x0000df30
core   0: 0x8000259c (0xff7e2723) sw      s7, -18(t3)
core   0: 3 0x8000259c (0xff7e2723) mem 0x80015890 0x4d777f45
core   0: 0x800025a0 (0x26e96e93) ori     t4, s2, 622
core   0: 3 0x800025a0 (0x26e96e93) x29 0xffffffef
core   0: 0x800025a4 (0x00a1a733) slt     a4, gp, a0
core   0: 3 0x800025a4 (0x00a1a733) x14 0x00000000
core   0: 0x800025a8 (0x010e2523) sw      a6, 10(t3)
core   0: 3 0x800025a8 (0x010e2523) mem 0x800158ac 0x0000d982
core   0: 0x800025ac (0x05c0cf93) xori    t6, ra, 92
core   0: 3 0x800025ac (0x05c0cf93) x31 0x0000005c
core   0: 0x800025b0 (0x009e4303) lbu     t1, 9(t3)
core   0: 3 0x800025b0 (0x009e4303) x 6 0x0000000e mem 0x800158ab
core   0: 0x800025b4 (0x040e5d83) lhu     s11, 64(t3)
core   0: 3 0x800025b4 (0x040e5d83) x27 0x000068b7 mem 0x800158e2
core   0: 0x800025b8 (0x0154aa33) slt     s4, s1, s5
core   0: 3 0x800025b8 (0x0154aa33) x20 0x00000001
core   0: 0x800025bc (0xfe8e0aa3) sb      s0, -11(t3)
core   0: 3 0x800025bc (0xfe8e0aa3) mem 0x80015897 0xf9
core   0: 0x800025c0 (0x00000013) nop
core   0: 3 0x800025c0 (0x00000013)
core   0: 0x800025c4 (0x01690c33) add     s8, s2, s6
core   0: 3 0x800025c4 (0x01690c33) x24 0xfe61bb1d
core   0: 0x800025c8 (0x40e60933) sub     s2, a2, a4
core   0: 3 0x800025c8 (0x40e60933) x18 0xd9090000
core   0: 0x800025cc (0x02de4903) lbu     s2, 45(t3)
core   0: 3 0x800025cc (0x02de4903) x18 0x0000005a mem 0x800158cf
core   0: 0x800025d0 (0x031e0303) lb      t1, 49(t3)
core   0: 3 0x800025d0 (0x031e0303) x 6 0xffffffec mem 0x800158d3
core   0: 0x800025d4 (0x025e0603) lb      a2, 37(t3)
core   0: 3 0x800025d4 (0x025e0603) x12 0x00000034 mem 0x800158c7
core   0: 0x800025d8 (0x025e4a83) lbu     s5, 37(t3)
core   0: 3 0x800025d8 (0x025e4a83) x21 0x00000034 mem 0x800158c7
core   0: 0x800025dc (0x7e84c317) auipc   t1, 0x7e84c
core   0: 3 0x800025dc (0x7e84c317) x 6 0xfe84e5dc
core   0: 0x800025e0 (0x40dc03b3) sub     t2, s8, a3
core   0: 3 0x800025e0 (0x40dc03b3) x 7 0xfe61ba8c
core   0: 0x800025e4 (0xe501b213) sltiu   tp, gp, -432
core   0: 3 0x800025e4 (0xe501b213) x 4 0x00000001
core   0: 0x800025e8 (0x01ee0603) lb      a2, 30(t3)
core   0: 3 0x800025e8 (0x01ee0603) x12 0x0000005a mem 0x800158c0
core   0: 0x800025ec (0x45c37897) auipc   a7, 0x45c37
core   0: 3 0x800025ec (0x45c37897) x17 0xc5c395ec
core   0: 0x800025f0 (0xebbe7793) andi    a5, t3, -325
core   0: 3 0x800025f0 (0xebbe7793) x15 0x800158a2
core   0: 0x800025f4 (0x5bc8bd13) sltiu   s10, a7, 1468
core   0: 3 0x800025f4 (0x5bc8bd13) x26 0x00000000
core   0: 0x800025f8 (0xfeae5603) lhu     a2, -22(t3)
core   0: 3 0x800025f8 (0xfeae5603) x12 0x0000f991 mem 0x8001588c
core   0: 0x800025fc (0xfe3e0c23) sb      gp, -8(t3)
core   0: 3 0x800025fc (0xfe3e0c23) mem 0x8001589a 0x0
core   0: 0x80002600 (0x00013a17) auipc   s4, 0x13
core   0: 3 0x80002600 (0x00013a17) x20 0x80015600
core   0: 0x80002604 (0x1f4a0a13) addi    s4, s4, 500
core   0: 3 0x80002604 (0x1f4a0a13) x20 0x800157f4
core   0: 0x80002608 (0x2dda05a3) sb      t4, 715(s4)
core   0: 3 0x80002608 (0x2dda05a3) mem 0x80015abf 0xef
core   0: 0x8000260c (0xee7a4283) lbu     t0, -281(s4)
core   0: 3 0x8000260c (0xee7a4283) x 5 0x00000086 mem 0x800156db
core   0: 0x80002610 (0xee7a4883) lbu     a7, -281(s4)
core   0: 3 0x80002610 (0xee7a4883) x17 0x00000086 mem 0x800156db
core   0: 0x80002614 (0xee7a4983) lbu     s3, -281(s4)
core   0: 3 0x80002614 (0xee7a4983) x19 0x00000086 mem 0x800156db
core   0: 0x80002618 (0x74ea0f03) lb      t5, 1870(s4)
core   0: 3 0x80002618 (0x74ea0f03) x30 0xffffffa3 mem 0x80015f42
core   0: 0x8000261c (0xbe0a2503) lw      a0, -1056(s4)
core   0: 3 0x8000261c (0xbe0a2503) x10 0x60da6002 mem 0x800153d4
core   0: 0x80002620 (0x0118c9b3) xor     s3, a7, a7
core   0: 3 0x80002620 (0x0118c9b3) x19 0x00000000
core   0: 0x80002624 (0x910a1803) lh      a6, -1776(s4)
core   0: 3 0x80002624 (0x910a1803) x16 0xffffd029 mem 0x80015104
core   0: 0x80002628 (0x30aa4803) lbu     a6, 778(s4)
core   0: 3 0x80002628 (0x30aa4803) x16 0x0000004d mem 0x80015afe
core   0: 0x8000262c (0x00c397b3) sll     a5, t2, a2
core   0: 3 0x8000262c (0x00c397b3) x15 0x75180000
core   0: 0x80002630 (0xe7ba0b83) lb      s7, -389(s4)
core   0: 3 0x80002630 (0xe7ba0b83) x23 0xffffffb7 mem 0x8001566f
core   0: 0x80002634 (0xdc8a1b23) sh      s0, -554(s4)
core   0: 3 0x80002634 (0xdc8a1b23) mem 0x800155ca 0xfff9
core   0: 0x80002638 (0xdf7a4a83) lbu     s5, -521(s4)
core   0: 3 0x80002638 (0xdf7a4a83) x21 0x0000002a mem 0x800155eb
core   0: 0x8000263c (0xdf7a4783) lbu     a5, -521(s4)
core   0: 3 0x8000263c (0xdf7a4783) x15 0x0000002a mem 0x800155eb
core   0: 0x80002640 (0x0cea5083) lhu     ra, 206(s4)
core   0: 3 0x80002640 (0x0cea5083) x 1 0x0000e671 mem 0x800158c2
core   0: 0x80002644 (0x796a09a3) sb      s6, 1939(s4)
core   0: 3 0x80002644 (0x796a09a3) mem 0x80015f87 0x5c
core   0: 0x80002648 (0x36ea4003) lbu     zero, 878(s4)
core   0: 3 0x80002648 (0x36ea4003) mem 0x80015b62
core   0: 0x8000264c (0x6eaa0483) lb      s1, 1770(s4)
core   0: 3 0x8000264c (0x6eaa0483) x 9 0x00000049 mem 0x80015ede
core   0: 0x80002650 (0xde8a5c83) lhu     s9, -536(s4)
core   0: 3 0x80002650 (0xde8a5c83) x25 0x0000dc67 mem 0x800155dc
core   0: 0x80002654 (0x0001f317) auipc   t1, 0x1f
core   0: 3 0x80002654 (0x0001f317) x 6 0x80021654
core   0: 0x80002658 (0x25630313) addi    t1, t1, 598
core   0: 3 0x80002658 (0x25630313) x 6 0x800218aa
core   0: 0x8000265c (0xf8330483) lb      s1, -125(t1)
core   0: 3 0x8000265c (0xf8330483) x 9 0x00000053 mem 0x8002182d
core   0: 0x80002660 (0x89930f83) lb      t6, -1895(t1)
core   0: 3 0x80002660 (0x89930f83) x31 0x0000002f mem 0x80021143
core   0: 0x80002664 (0xd7134903) lbu     s2, -655(t1)
core   0: 3 0x80002664 (0xd7134903) x18 0x0000008c mem 0x8002161b
core   0: 0x80002668 (0xd9b30d03) lb      s10, -613(t1)
core   0: 3 0x80002668 (0xd9b30d03) x26 0xffffffc7 mem 0x80021645
core   0: 0x8000266c (0x03b34183) lbu     gp, 59(t1)
core   0: 3 0x8000266c (0x03b34183) x 3 0x00000033 mem 0x800218e5
core   0: 0x80002670 (0x4172da13) srai    s4, t0, 23
core   0: 3 0x80002670 (0x4172da13) x20 0x00000000
core   0: 0x80002674 (0x2f6e8393) addi    t2, t4, 758
core   0: 3 0x80002674 (0x2f6e8393) x 7 0x000002e5
core   0: 0x80002678 (0x8ce304a3) sb      a4, -1847(t1)
core   0: 3 0x80002678 (0x8ce304a3) mem 0x80021173 0x0
core   0: 0x8000267c (0xf1e32503) lw      a0, -226(t1)
core   0: 3 0x8000267c (0xf1e32503) x10 0xe434a2be mem 0x800217c8
core   0: 0x80002680 (0x91a30003) lb      zero, -1766(t1)
core   0: 3 0x80002680 (0x91a30003) mem 0x800211c4
core   0: 0x80002684 (0x49432613) slti    a2, t1, 1172
core   0: 3 0x80002684 (0x49432613) x12 0x00000001
core   0: 0x80002688 (0x0000100f) fence.i
core   0: 3 0x80002688 (0x0000100f)
core   0: 0x8000268c (0xe3e300a3) sb      t5, -479(t1)
core   0: 3 0x8000268c (0xe3e300a3) mem 0x800216cb 0xa3
core   0: 0x80002690 (0x8c130c83) lb      s9, -1855(t1)
core   0: 3 0x80002690 (0x8c130c83) x25 0xffffff90 mem 0x8002116b
core   0: 0x80002694 (0x0ef90293) addi    t0, s2, 239
core   0: 3 0x80002694 (0x0ef90293) x 5 0x0000017b
core   0: 0x80002698 (0x4ab30083) lb      ra, 1195(t1)
core   0: 3 0x80002698 (0x4ab30083) x 1 0x00000065 mem 0x80021d55
core   0: 0x8000269c (0xe113c513) xori    a0, t2, -495
core   0: 3 0x8000269c (0xe113c513) x10 0xfffffcf4
core   0: 0x800026a0 (0xdf330283) lb      t0, -525(t1)
core   0: 3 0x800026a0 (0xdf330283) x 5 0xffffffd7 mem 0x8002169d
core   0: 0x800026a4 (0xd22b6013) ori     zero, s6, -734
core   0: 3 0x800026a4 (0xd22b6013)
core   0: 0x800026a8 (0x238305a3) sb      s8, 555(t1)
core   0: 3 0x800026a8 (0x238305a3) mem 0x80021ad5 0x1d
core   0: 0x800026ac (0x49e32923) sw      t5, 1170(t1)
core   0: 3 0x800026ac (0x49e32923) mem 0x80021d3c 0xffffffa3
core   0: 0x800026b0 (0x00bc3db3) sltu    s11, s8, a1
core   0: 3 0x800026b0 (0x00bc3db3) x27 0x00000000
core   0: 0x800026b4 (0xce26af17) auipc   t5, 0xce26a
core   0: 3 0x800026b4 (0xce26af17) x30 0x4e26c6b4
core   0: 0x800026b8 (0xfc834d03) lbu     s10, -56(t1)
core   0: 3 0x800026b8 (0xfc834d03) x26 0x0000004f mem 0x80021872
core   0: 0x800026bc (0x0000100f) fence.i
core   0: 3 0x800026bc (0x0000100f)
core   0: 0x800026c0 (0x400ed4b3) sra     s1, t4, zero
core   0: 3 0x800026c0 (0x400ed4b3) x 9 0xffffffef
core   0: 0x800026c4 (0xf023b893) sltiu   a7, t2, -254
core   0: 3 0x800026c4 (0xf023b893) x17 0x00000001
core   0: 0x800026c8 (0x53b8fe97) auipc   t4, 0x53b8f
core   0: 3 0x800026c8 (0x53b8fe97) x29 0xd3b916c8
core   0: 0x800026cc (0xd7a300a3) sb      s10, -671(t1)
core   0: 3 0x800026cc (0xd7a300a3) mem 0x8002160b 0x4f
core   0: 0x800026d0 (0x99134183) lbu     gp, -1647(t1)
core   0: 3 0x800026d0 (0x99134183) x 3 0x000000a9 mem 0x8002123b
core   0: 0x800026d4 (0x00f78a33) add     s4, a5, a5
core   0: 3 0x800026d4 (0x00f78a33) x20 0x00000054
core   0: 0x800026d8 (0x016f0633) add     a2, t5, s6
core   0: 3 0x800026d8 (0x016f0633) x12 0x4c888210
core   0: 0x800026dc (0x01e383b3) add     t2, t2, t5
core   0: 3 0x800026dc (0x01e383b3) x 7 0x4e26c999
core   0: 0x800026e0 (0x0000100f) fence.i
core   0: 3 0x800026e0 (0x0000100f)
core   0: 0x800026e4 (0x5e035e83) lhu     t4, 1504(t1)
core   0: 3 0x800026e4 (0x5e035e83) x29 0x0000cd7b mem 0x80021e8a
core   0: 0x800026e8 (0x1aa60913) addi    s2, a2, 426
core   0: 3 0x800026e8 (0x1aa60913) x18 0x4c8883ba
core   0: 0x800026ec (0x41655813) srai    a6, a0, 22
core   0: 3 0x800026ec (0x41655813) x16 0xffffffff
core   0: 0x800026f0 (0x00385893) srli    a7, a6, 3
core   0: 3 0x800026f0 (0x00385893) x17 0x1fffffff
core   0: 0x800026f4 (0x5a634a03) lbu     s4, 1446(t1)
core   0: 3 0x800026f4 (0x5a634a03) x20 0x00000088 mem 0x80021e50
core   0: 0x800026f8 (0x40855493) srai    s1, a0, 8
core   0: 3 0x800026f8 (0x40855493) x 9 0xfffffffc
core   0: 0x800026fc (0x4b430a03) lb      s4, 1204(t1)
core   0: 3 0x800026fc (0x4b430a03) x20 0x00000014 mem 0x80021d5e
core   0: 0x80002700 (0x13030783) lb      a5, 304(t1)
core   0: 3 0x80002700 (0x13030783) x15 0xffffffd6 mem 0x800219da
core   0: 0x80002704 (0x79534183) lbu     gp, 1941(t1)
core   0: 3 0x80002704 (0x79534183) x 3 0x00000076 mem 0x8002203f
core   0: 0x80002708 (0x0000100f) fence.i
core   0: 3 0x80002708 (0x0000100f)
core   0: 0x8000270c (0x88534483) lbu     s1, -1915(t1)
core   0: 3 0x8000270c (0x88534483) x 9 0x00000081 mem 0x8002112f
core   0: 0x80002710 (0x46c30323) sb      a2, 1126(t1)
core   0: 3 0x80002710 (0x46c30323) mem 0x80021d10 0x10
core   0: 0x80002714 (0x89e50713) addi    a4, a0, -1890
core   0: 3 0x80002714 (0x89e50713) x14 0xfffff592
core   0: 0x80002718 (0x01729193) slli    gp, t0, 23
core   0: 3 0x80002718 (0x01729193) x 3 0xeb800000
core   0: 0x8000271c (0x1a631b83) lh      s7, 422(t1)
core   0: 3 0x8000271c (0x1a631b83) x23 0xffffefe5 mem 0x80021a50
core   0: 0x80002720 (0x0000100f) fence.i
core   0: 3 0x80002720 (0x0000100f)
core   0: 0x80002724 (0x0116aa33) slt     s4, a3, a7
core   0: 3 0x80002724 (0x0116aa33) x20 0x00000001
core   0: 0x80002728 (0x24134c83) lbu     s9, 577(t1)
core   0: 3 0x80002728 (0x24134c83) x25 0x00000099 mem 0x80021aeb
core   0: 0x8000272c (0x00013c17) auipc   s8, 0x13
core   0: 3 0x8000272c (0x00013c17) x24 0x8001572c
core   0: 0x80002730 (0x23fc0c13) addi    s8, s8, 575
core   0: 3 0x80002730 (0x23fc0c13) x24 0x8001596b
core   0: 0x80002734 (0x010a9e93) slli    t4, s5, 16
core   0: 3 0x80002734 (0x010a9e93) x29 0x002a0000
core   0: 0x80002738 (0x00fc0783) lb      a5, 15(s8)
core   0: 3 0x80002738 (0x00fc0783) x15 0xffffffcb mem 0x8001597a
core   0: 0x8000273c (0x403a80b3) sub     ra, s5, gp
core   0: 3 0x8000273c (0x403a80b3) x 1 0x1480002a
core   0: 0x80002740 (0x0097ddb3) srl     s11, a5, s1
core   0: 3 0x80002740 (0x0097ddb3) x27 0x7fffffe5
core   0: 0x80002744 (0x009c18a3) sh      s1, 17(s8)
core   0: 3 0x80002744 (0x009c18a3) mem 0x8001597c 0x0081
core   0: 0x80002748 (0x01ac18a3) sh      s10, 17(s8)
core   0: 3 0x80002748 (0x01ac18a3) mem 0x8001597c 0x004f
core   0: 0x8000274c (0xfe1c4c83) lbu     s9, -31(s8)
core   0: 3 0x8000274c (0xfe1c4c83) x25 0x000000e6 mem 0x8001594c
core   0: 0x80002750 (0xfe1c1203) lh      tp, -31(s8)
core   0: 3 0x80002750 (0xfe1c1203) x 4 0xffffb6e6 mem 0x8001594c
core   0: 0x80002754 (0x02dc4683) lbu     a3, 45(s8)
core   0: 3 0x80002754 (0x02dc4683) x13 0x000000df mem 0x80015998
core   0: 0x80002758 (0x0172d193) srli    gp, t0, 23
core   0: 3 0x80002758 (0x0172d193) x 3 0x000001ff
core   0: 0x8000275c (0x030c26a3) sw      a6, 45(s8)
core   0: 3 0x8000275c (0x030c26a3) mem 0x80015998 0xffffffff
core   0: 0x80002760 (0xff5c5e03) lhu     t3, -11(s8)
core   0: 3 0x80002760 (0xff5c5e03) x28 0x00008e82 mem 0x80015960
core   0: 0x80002764 (0xffdc1d03) lh      s10, -3(s8)
core   0: 3 0x80002764 (0xffdc1d03) x26 0xffffe84f mem 0x80015968
core   0: 0x80002768 (0xfc5c0923) sb      t0, -46(s8)
core   0: 3 0x80002768 (0xfc5c0923) mem 0x8001593d 0xd7
core   0: 0x8000276c (0xfeac4183) lbu     gp, -22(s8)
core   0: 3 0x8000276c (0xfeac4183) x 3 0x0000003f mem 0x80015955
core   0: 0x80002770 (0xfddc0aa3) sb      t4, -43(s8)
core   0: 3 0x80002770 (0xfddc0aa3) mem 0x80015940 0x0
core   0: 0x80002774 (0x00dc0e03) lb      t3, 13(s8)
core   0: 3 0x80002774 (0x00dc0e03) x28 0xffffffa4 mem 0x80015978
core   0: 0x80002778 (0x416f5eb3) sra     t4, t5, s6
core   0: 3 0x80002778 (0x416f5eb3) x29 0x00000004
core   0: 0x8000277c (0x03bc0a03) lb      s4, 59(s8)
core   0: 3 0x8000277c (0x03bc0a03) x20 0x00000050 mem 0x800159a6
core   0: 0x80002780 (0x018c4a83) lbu     s5, 24(s8)
core   0: 3 0x80002780 (0x018c4a83) x21 0x0000000c mem 0x80015983
core   0: 0x80002784 (0x018c0803) lb      a6, 24(s8)
core   0: 3 0x80002784 (0x018c0803) x16 0x0000000c mem 0x80015983
core   0: 0x80002788 (0x018c0b83) lb      s7, 24(s8)
core   0: 3 0x80002788 (0x018c0b83) x23 0x0000000c mem 0x80015983
core   0: 0x8000278c (0x0001a497) auipc   s1, 0x1a
core   0: 3 0x8000278c (0x0001a497) x 9 0x8001c78c
core   0: 0x80002790 (0x89b48493) addi    s1, s1, -1893
core   0: 3 0x80002790 (0x89b48493) x 9 0x8001c027
core   0: 0x80002794 (0xfe948e83) lb      t4, -23(s1)
core   0: 3 0x80002794 (0xfe948e83) x29 0x0000007f mem 0x8001c010
core   0: 0x80002798 (0x00013217) auipc   tp, 0x13
core   0: 3 0x80002798 (0x00013217) x 4 0x80015798
core   0: 0x8000279c (0x3fa20213) addi    tp, tp, 1018
core   0: 3 0x8000279c (0x3fa20213) x 4 0x80015b92
core   0: 0x800027a0 (0x00e48703) lb      a4, 14(s1)
core   0: 3 0x800027a0 (0x00e48703) x14 0xffffffa5 mem 0x8001c035
core   0: 0x800027a4 (0x0fd20d83) lb      s11, 253(tp)
core   0: 3 0x800027a4 (0x0fd20d83) x27 0x0000002a mem 0x80015c8f
core   0: 0x800027a8 (0xfde20623) sb      t5, -52(tp)
core   0: 3 0x800027a8 (0xfde20623) mem 0x80015b5e 0xb4
core   0: 0x800027ac (0x0384c883) lbu     a7, 56(s1)
core   0: 3 0x800027ac (0x0384c883) x17 0x00000009 mem 0x8001c05f
core   0: 0x800027b0 (0x0084c083) lbu     ra, 8(s1)
core   0: 3 0x800027b0 (0x0084c083) x 1 0x00000067 mem 0x8001c02f
core   0: 0x800027b4 (0xff621183) lh      gp, -10(tp)
core   0: 3 0x800027b4 (0xff621183) x 3 0xffffdbca mem 0x80015b88
core   0: 0x800027b8 (0x02d48fa3) sb      a3, 63(s1)
core   0: 3 0x800027b8 (0x02d48fa3) mem 0x8001c066 0xdf
core   0: 0x800027bc (0x0e324283) lbu     t0, 227(tp)
core   0: 3 0x800027bc (0x0e324283) x 5 0x00000000 mem 0x80015c75
core   0: 0x800027c0 (0x06c20ca3) sb      a2, 121(tp)
core   0: 3 0x800027c0 (0x06c20ca3) mem 0x80015c0b 0x10
core   0: 0x800027c4 (0xfd04c003) lbu     zero, -48(s1)
core   0: 3 0x800027c4 (0xfd04c003) mem 0x8001bff7
core   0: 0x800027c8 (0x03448603) lb      a2, 52(s1)
core   0: 3 0x800027c8 (0x03448603) x12 0x00000069 mem 0x8001c05b
core   0: 0x800027cc (0x03248283) lb      t0, 50(s1)
core   0: 3 0x800027cc (0x03248283) x 5 0xffffff89 mem 0x8001c059
core   0: 0x800027d0 (0x001490a3) sh      ra, 1(s1)
core   0: 3 0x800027d0 (0x001490a3) mem 0x8001c028 0x0067
core   0: 0x800027d4 (0x0a324f03) lbu     t5, 163(tp)
core   0: 3 0x800027d4 (0x0a324f03) x30 0x00000083 mem 0x80015c35
core   0: 0x800027d8 (0x09320f03) lb      t5, 147(tp)
core   0: 3 0x800027d8 (0x09320f03) x30 0x00000048 mem 0x80015c25
core   0: 0x800027dc (0x00016397) auipc   t2, 0x16
core   0: 3 0x800027dc (0x00016397) x 7 0x800187dc
core   0: 0x800027e0 (0x2f338393) addi    t2, t2, 755
core   0: 3 0x800027e0 (0x2f338393) x 7 0x80018acf
core   0: 0x800027e4 (0xfc83c203) lbu     tp, -56(t2)
core   0: 3 0x800027e4 (0xfc83c203) x 4 0x00000002 mem 0x80018a97
core   0: 0x800027e8 (0x02a38f03) lb      t5, 42(t2)
core   0: 3 0x800027e8 (0x02a38f03) x30 0xffffff9b mem 0x80018af9
core   0: 0x800027ec (0xfe139ea3) sh      ra, -3(t2)
core   0: 3 0x800027ec (0xfe139ea3) mem 0x80018acc 0x0067
core   0: 0x800027f0 (0x0000100f) fence.i
core   0: 3 0x800027f0 (0x0000100f)
core   0: 0x800027f4 (0x011fe433) or      s0, t6, a7
core   0: 3 0x800027f4 (0x011fe433) x 8 0x0000002f
core   0: 0x800027f8 (0x64356213) ori     tp, a0, 1603
core   0: 3 0x800027f8 (0x64356213) x 4 0xfffffef7
core   0: 0x800027fc (0x01d3ab83) lw      s7, 29(t2)
core   0: 3 0x800027fc (0x01d3ab83) x23 0x9b949bf0 mem 0x80018aec
core   0: 0x80002800 (0x008d5513) srli    a0, s10, 8
core   0: 3 0x80002800 (0x008d5513) x10 0x00ffffe8
core   0: 0x80002804 (0x01d3dd03) lhu     s10, 29(t2)
core   0: 3 0x80002804 (0x01d3dd03) x26 0x00009bf0 mem 0x80018aec
core   0: 0x80002808 (0xfe5383a3) sb      t0, -25(t2)
core   0: 3 0x80002808 (0xfe5383a3) mem 0x80018ab6 0x89
core   0: 0x8000280c (0x0ff0000f) fence   iorw,iorw
core   0: 3 0x8000280c (0x0ff0000f)
core   0: 0x80002810 (0x00e38683) lb      a3, 14(t2)
core   0: 3 0x80002810 (0x00e38683) x13 0xffffffa1 mem 0x80018add
core   0: 0x80002814 (0xfe53d403) lhu     s0, -27(t2)
core   0: 3 0x80002814 (0xfe53d403) x 8 0x0000338e mem 0x80018ab4
core   0: 0x80002818 (0xfd63c283) lbu     t0, -42(t2)
core   0: 3 0x80002818 (0xfd63c283) x 5 0x00000062 mem 0x80018aa5
core   0: 0x8000281c (0xfce38b23) sb      a4, -42(t2)
core   0: 3 0x8000281c (0xfce38b23) mem 0x80018aa5 0xa5
core   0: 0x80002820 (0x03338e23) sb      s3, 60(t2)
core   0: 3 0x80002820 (0x03338e23) mem 0x80018b0b 0x0
core   0: 0x80002824 (0x022391a3) sh      sp, 35(t2)
core   0: 3 0x80002824 (0x022391a3) mem 0x80018af2 0xae64
core   0: 0x80002828 (0x4584a493) slti    s1, s1, 1112
core   0: 3 0x80002828 (0x4584a493) x 9 0x00000001
core   0: 0x8000282c (0xfcf381a3) sb      a5, -61(t2)
core   0: 3 0x8000282c (0xfcf381a3) mem 0x80018a92 0xcb
core   0: 0x80002830 (0x00d410b3) sll     ra, s0, a3
core   0: 3 0x80002830 (0x00d410b3) x 1 0x0000671c
core   0: 0x80002834 (0xffc398a3) sh      t3, -15(t2)
core   0: 3 0x80002834 (0xffc398a3) mem 0x80018ac0 0xffa4
core   0: 0x80002838 (0x00013517) auipc   a0, 0x13
core   0: 3 0x80002838 (0x00013517) x10 0x80015838
core   0: 0x8000283c (0xb5550513) addi    a0, a0, -1195
core   0: 3 0x8000283c (0xb5550513) x10 0x8001538d
core   0: 0x80002840 (0x0010b6b3) sltu    a3, ra, ra
core   0: 3 0x80002840 (0x0010b6b3) x13 0x00000000
core   0: 0x80002844 (0x13251aa3) sh      s2, 309(a0)
core   0: 3 0x80002844 (0x13251aa3) mem 0x800154c2 0x83ba
core   0: 0x80002848 (0xef250823) sb      s2, -272(a0)
core   0: 3 0x80002848 (0xef250823) mem 0x8001527d 0xba
core   0: 0x8000284c (0x0b2500a3) sb      s2, 161(a0)
core   0: 3 0x8000284c (0x0b2500a3) mem 0x8001542e 0xba
core   0: 0x80002850 (0x000b5913) srli    s2, s6, 0
core   0: 3 0x80002850 (0x000b5913) x18 0xfe61bb5c
core   0: 0x80002854 (0x001add93) srli    s11, s5, 1
core   0: 3 0x80002854 (0x001add93) x27 0x00000006
core   0: 0x80002858 (0x6a254f83) lbu     t6, 1698(a0)
core   0: 3 0x80002858 (0x6a254f83) x31 0x00000007 mem 0x80015a2f
core   0: 0x8000285c (0x42850f83) lb      t6, 1064(a0)
core   0: 3 0x8000285c (0x42850f83) x31 0x00000016 mem 0x800157b5
core   0: 0x80002860 (0xd6850f03) lb      t5, -664(a0)
core   0: 3 0x80002860 (0xd6850f03) x30 0xffffffc7 mem 0x800150f5
core   0: 0x80002864 (0xd6f50423) sb      a5, -664(a0)
core   0: 3 0x80002864 (0xd6f50423) mem 0x800150f5 0xcb
core   0: 0x80002868 (0x69054e83) lbu     t4, 1680(a0)
core   0: 3 0x80002868 (0x69054e83) x29 0x00000002 mem 0x80015a1d
core   0: 0x8000286c (0xd4d51083) lh      ra, -691(a0)
core   0: 3 0x8000286c (0xd4d51083) x 1 0x000000c1 mem 0x800150da
core   0: 0x80002870 (0x7e955283) lhu     t0, 2025(a0)
core   0: 3 0x80002870 (0x7e955283) x 5 0x00005691 mem 0x80015b76
core   0: 0x80002874 (0xb01d6093) ori     ra, s10, -1279
core   0: 3 0x80002874 (0xb01d6093) x 1 0xfffffbf1
core   0: 0x80002878 (0x7fa504a3) sb      s10, 2025(a0)
core   0: 3 0x80002878 (0x7fa504a3) mem 0x80015b76 0xf0
core   0: 0x8000287c (0x000e8c33) add     s8, t4, zero
core   0: 3 0x8000287c (0x000e8c33) x24 0x00000002
core   0: 0x80002880 (0xe2050b23) sb      zero, -458(a0)
core   0: 3 0x80002880 (0xe2050b23) mem 0x800151c3 0x0
core   0: 0x80002884 (0x6db52803) lw      a6, 1755(a0)
core   0: 3 0x80002884 (0x6db52803) x16 0x620407d5 mem 0x80015a68
core   0: 0x80002888 (0x6db51b83) lh      s7, 1755(a0)
core   0: 3 0x80002888 (0x6db51b83) x23 0x000007d5 mem 0x80015a68
core   0: 0x8000288c (0x00000013) nop
core   0: 3 0x8000288c (0x00000013)
core   0: 0x80002890 (0x07b527a3) sw      s11, 111(a0)
core   0: 3 0x80002890 (0x07b527a3) mem 0x800153fc 0x00000006
core   0: 0x80002894 (0x0cc50283) lb      t0, 204(a0)
core   0: 3 0x80002894 (0x0cc50283) x 5 0x00000030 mem 0x80015459
core   0: 0x80002898 (0x00014417) auipc   s0, 0x14
core   0: 3 0x80002898 (0x00014417) x 8 0x80016898
core   0: 0x8000289c (0xa6140413) addi    s0, s0, -1439
core   0: 3 0x8000289c (0xa6140413) x 8 0x800162f9
core   0: 0x800028a0 (0x00013397) auipc   t2, 0x13
core   0: 3 0x800028a0 (0x00013397) x 7 0x800158a0
core   0: 0x800028a4 (0x21b38393) addi    t2, t2, 539
core   0: 3 0x800028a4 (0x21b38393) x 7 0x80015abb
core   0: 0x800028a8 (0x0ac402a3) sb      a2, 165(s0)
core   0: 3 0x800028a8 (0x0ac402a3) mem 0x8001639e 0x69
core   0: 0x800028ac (0xfdb39703) lh      a4, -37(t2)
core   0: 3 0x800028ac (0xfdb39703) x14 0xffffc312 mem 0x80015a96
core   0: 0x800028b0 (0x01f3d083) lhu     ra, 31(t2)
core   0: 3 0x800028b0 (0x01f3d083) x 1 0x0000002f mem 0x80015ada
core   0: 0x800028b4 (0x02c3cf83) lbu     t6, 44(t2)
core   0: 3 0x800028b4 (0x02c3cf83) x31 0x000000b4 mem 0x80015ae7
core   0: 0x800028b8 (0xf9941603) lh      a2, -103(s0)
core   0: 3 0x800028b8 (0xf9941603) x12 0x000071e4 mem 0x80016292
core   0: 0x800028bc (0x02b39fa3) sh      a1, 63(t2)
core   0: 3 0x800028bc (0x02b39fa3) mem 0x80015afa 0xece4
core   0: 0x800028c0 (0xfe745f03) lhu     t5, -25(s0)
core   0: 3 0x800028c0 (0xfe745f03) x30 0x00005e69 mem 0x800162e0
core   0: 0x800028c4 (0x034391a3) sh      s4, 35(t2)
core   0: 3 0x800028c4 (0x034391a3) mem 0x80015ade 0x0050
core   0: 0x800028c8 (0x03939ea3) sh      s9, 61(t2)
core   0: 3 0x800028c8 (0x03939ea3) mem 0x80015af8 0x00e6
core   0: 0x800028cc (0x08040603) lb      a2, 128(s0)
core   0: 3 0x800028cc (0x08040603) x12 0x00000061 mem 0x80016379
core   0: 0x800028d0 (0x03038923) sb      a6, 50(t2)
core   0: 3 0x800028d0 (0x03038923) mem 0x80015aed 0xd5
core   0: 0x800028d4 (0xfca44183) lbu     gp, -54(s0)
core   0: 3 0x800028d4 (0xfca44183) x 3 0x000000ab mem 0x800162c3
core   0: 0x800028d8 (0x0c740f83) lb      t6, 199(s0)
core   0: 3 0x800028d8 (0x0c740f83) x31 0xffffff95 mem 0x800163c0
core   0: 0x800028dc (0x00015917) auipc   s2, 0x15
core   0: 3 0x800028dc (0x00015917) x18 0x800178dc
core   0: 0x800028e0 (0xc6190913) addi    s2, s2, -927
core   0: 3 0x800028e0 (0xc6190913) x18 0x8001753d
core   0: 0x800028e4 (0x0001eb97) auipc   s7, 0x1e
core   0: 3 0x800028e4 (0x0001eb97) x23 0x800208e4
core   0: 0x800028e8 (0xcfeb8b93) addi    s7, s7, -770
core   0: 3 0x800028e8 (0xcfeb8b93) x23 0x800205e2
core   0: 0x800028ec (0x01191203) lh      tp, 17(s2)
core   0: 3 0x800028ec (0x01191203) x 4 0x00001a80 mem 0x8001754e
core   0: 0x800028f0 (0x448b9d83) lh      s11, 1096(s7)
core   0: 3 0x800028f0 (0x448b9d83) x27 0xffffaec0 mem 0x80020a2a
core   0: 0x800028f4 (0x2cbbc683) lbu     a3, 715(s7)
core   0: 3 0x800028f4 (0x2cbbc683) x13 0x00000098 mem 0x800208ad
core   0: 0x800028f8 (0x567bc183) lbu     gp, 1383(s7)
core   0: 3 0x800028f8 (0x567bc183) x 3 0x00000025 mem 0x80020b49
core   0: 0x800028fc (0x08b91283) lh      t0, 139(s2)
core   0: 3 0x800028fc (0x08b91283) x 5 0x000059bc mem 0x800175c8
core   0: 0x80002900 (0x4efb8523) sb      a5, 1258(s7)
core   0: 3 0x80002900 (0x4efb8523) mem 0x80020acc 0xcb
core   0: 0x80002904 (0xd45b8003) lb      zero, -699(s7)
core   0: 3 0x80002904 (0xd45b8003) mem 0x80020327
core   0: 0x80002908 (0x194b9a23) sh      s4, 404(s7)
core   0: 3 0x80002908 (0x194b9a23) mem 0x80020776 0x0050
core   0: 0x8000290c (0x0d694203) lbu     tp, 214(s2)
core   0: 3 0x8000290c (0x0d694203) x 4 0x000000dc mem 0x80017613
core   0: 0x80002910 (0xf7590403) lb      s0, -139(s2)
core   0: 3 0x80002910 (0xf7590403) x 8 0x00000019 mem 0x800174b2
core   0: 0x80002914 (0xef5b8003) lb      zero, -267(s7)
core   0: 3 0x80002914 (0xef5b8003) mem 0x800204d7
core   0: 0x80002918 (0xf4f95f03) lhu     t5, -177(s2)
core   0: 3 0x80002918 (0xf4f95f03) x30 0x0000b4dd mem 0x8001748c
core   0: 0x8000291c (0x94ab82a3) sb      a0, -1723(s7)
core   0: 3 0x8000291c (0x94ab82a3) mem 0x8001ff27 0x8d
core   0: 0x80002920 (0xfdd90e83) lb      t4, -35(s2)
core   0: 3 0x80002920 (0xfdd90e83) x29 0x00000067 mem 0x8001751a
core   0: 0x80002924 (0x34bb8003) lb      zero, 843(s7)
core   0: 3 0x80002924 (0x34bb8003) mem 0x8002092d
core   0: 0x80002928 (0xf3690603) lb      a2, -202(s2)
core   0: 3 0x80002928 (0xf3690603) x12 0xffffffbb mem 0x80017473
core   0: 0x8000292c (0xad6b83a3) sb      s6, -1337(s7)
core   0: 3 0x8000292c (0xad6b83a3) mem 0x800200a9 0x5c
core   0: 0x80002930 (0xf6290323) sb      sp, -154(s2)
core   0: 3 0x80002930 (0xf6290323) mem 0x800174a3 0x64
core   0: 0x80002934 (0x00d94783) lbu     a5, 13(s2)
core   0: 3 0x80002934 (0x00d94783) x15 0x000000da mem 0x8001754a
core   0: 0x80002938 (0x00013197) auipc   gp, 0x13
core   0: 3 0x80002938 (0x00013197) x 3 0x80015938
core   0: 0x8000293c (0x36118193) addi    gp, gp, 865
core   0: 3 0x8000293c (0x36118193) x 3 0x80015c99
core   0: 0x80002940 (0x07918e23) sb      s9, 124(gp)
core   0: 3 0x80002940 (0x07918e23) mem 0x80015d15 0xe6
core   0: 0x80002944 (0x06418e23) sb      tp, 124(gp)
core   0: 3 0x80002944 (0x06418e23) mem 0x80015d15 0xdc
core   0: 0x80002948 (0x02a18a23) sb      a0, 52(gp)
core   0: 3 0x80002948 (0x02a18a23) mem 0x80015ccd 0x8d
core   0: 0x8000294c (0xfaa18b23) sb      a0, -74(gp)
core   0: 3 0x8000294c (0xfaa18b23) mem 0x80015c4f 0x8d
core   0: 0x80002950 (0xf7f18303) lb      t1, -129(gp)
core   0: 3 0x80002950 (0xf7f18303) x 6 0x00000063 mem 0x80015c18
core   0: 0x80002954 (0x0771d283) lhu     t0, 119(gp)
core   0: 3 0x80002954 (0x0771d283) x 5 0x0000d94c mem 0x80015d10
core   0: 0x80002958 (0x07719c83) lh      s9, 119(gp)
core   0: 3 0x80002958 (0x07719c83) x25 0xffffd94c mem 0x80015d10
core   0: 0x8000295c (0x0e01a1a3) sw      zero, 227(gp)
core   0: 3 0x8000295c (0x0e01a1a3) mem 0x80015d7c 0x00000000
core   0: 0x80002960 (0x0f318e03) lb      t3, 243(gp)
core   0: 3 0x80002960 (0x0f318e03) x28 0xfffffff3 mem 0x80015d8c
core   0: 0x80002964 (0x0f8199a3) sh      s8, 243(gp)
core   0: 3 0x80002964 (0x0f8199a3) mem 0x80015d8c 0x0002
core   0: 0x80002968 (0x08e18723) sb      a4, 142(gp)
core   0: 3 0x80002968 (0x08e18723) mem 0x80015d27 0x12
core   0: 0x8000296c (0x08e1c003) lbu     zero, 142(gp)
core   0: 3 0x8000296c (0x08e1c003) mem 0x80015d27
core   0: 0x80002970 (0x08318723) sb      gp, 142(gp)
core   0: 3 0x80002970 (0x08318723) mem 0x80015d27 0x99
core   0: 0x80002974 (0x01b5c6b3) xor     a3, a1, s11
core   0: 3 0x80002974 (0x01b5c6b3) x13 0x7ffd4224
core   0: 0x80002978 (0x0096eeb3) or      t4, a3, s1
core   0: 3 0x80002978 (0x0096eeb3) x29 0x7ffd4225
core   0: 0x8000297c (0xfc118723) sb      ra, -50(gp)
core   0: 3 0x8000297c (0xfc118723) mem 0x80015c67 0x2f
core   0: 0x80002980 (0x07a18ba3) sb      s10, 119(gp)
core   0: 3 0x80002980 (0x07a18ba3) mem 0x80015d10 0xf0
core   0: 0x80002984 (0x07818a23) sb      s8, 116(gp)
core   0: 3 0x80002984 (0x07818a23) mem 0x80015d0d 0x2
core   0: 0x80002988 (0xf8918b23) sb      s1, -106(gp)
core   0: 3 0x80002988 (0xf8918b23) mem 0x80015c2f 0x1
core   0: 0x8000298c (0xf9018b23) sb      a6, -106(gp)
core   0: 3 0x8000298c (0xf9018b23) mem 0x80015c2f 0xd5
core   0: 0x80002990 (0x00013e17) auipc   t3, 0x13
core   0: 3 0x80002990 (0x00013e17) x28 0x80015990
core   0: 0x80002994 (0xb8be0e13) addi    t3, t3, -1141
core   0: 3 0x80002994 (0xb8be0e13) x28 0x8001551b
core   0: 0x80002998 (0x00649213) slli    tp, s1, 6
core   0: 3 0x80002998 (0x00649213) x 4 0x00000040
core   0: 0x8000299c (0x006e0623) sb      t1, 12(t3)
core   0: 3 0x8000299c (0x006e0623) mem 0x80015527 0x63
core   0: 0x800029a0 (0x015380b3) add     ra, t2, s5
core   0: 3 0x800029a0 (0x015380b3) x 1 0x80015ac7
core   0: 0x800029a4 (0xdb03d237) lui     tp, 0xdb03d
core   0: 3 0x800029a4 (0xdb03d237) x 4 0xdb03d000
core   0: 0x800029a8 (0x00585313) srli    t1, a6, 5
core   0: 3 0x800029a8 (0x00585313) x 6 0x0310203e
core   0: 0x800029ac (0xff7e4083) lbu     ra, -9(t3)
core   0: 3 0x800029ac (0xff7e4083) x 1 0x000000f4 mem 0x80015512
core   0: 0x800029b0 (0x01cdbbb3) sltu    s7, s11, t3
core   0: 3 0x800029b0 (0x01cdbbb3) x23 0x00000000
core   0: 0x800029b4 (0xff6e0c23) sb      s6, -8(t3)
core   0: 3 0x800029b4 (0xff6e0c23) mem 0x80015513 0x5c
core   0: 0x800029b8 (0x40ecdc93) srai    s9, s9, 14
core   0: 3 0x800029b8 (0x40ecdc93) x25 0xffffffff
core   0: 0x800029bc (0x001e0803) lb      a6, 1(t3)
core   0: 3 0x800029bc (0x001e0803) x16 0xfffffffc mem 0x8001551c
core   0: 0x800029c0 (0x002e0403) lb      s0, 2(t3)
core   0: 3 0x800029c0 (0x002e0403) x 8 0xffffff9d mem 0x8001551d
core   0: 0x800029c4 (0xfe8e08a3) sb      s0, -15(t3)
core   0: 3 0x800029c4 (0xfe8e08a3) mem 0x8001550c 0x9d
core   0: 0x800029c8 (0xfeee0923) sb      a4, -14(t3)
core   0: 3 0x800029c8 (0xfeee0923) mem 0x8001550d 0x12
core   0: 0x800029cc (0xfe2e1fa3) sh      sp, -1(t3)
core   0: 3 0x800029cc (0xfe2e1fa3) mem 0x8001551a 0xae64
core   0: 0x800029d0 (0x402281b3) sub     gp, t0, sp
core   0: 3 0x800029d0 (0x402281b3) x 3 0x7ffe2ae8
core   0: 0x800029d4 (0x00ae4a03) lbu     s4, 10(t3)
core   0: 3 0x800029d4 (0x00ae4a03) x20 0x000000ef mem 0x80015525
core   0: 0x800029d8 (0xffde5683) lhu     a3, -3(t3)
core   0: 3 0x800029d8 (0xffde5683) x13 0x00004c92 mem 0x80015518
core   0: 0x800029dc (0xff8e0203) lb      tp, -8(t3)
core   0: 3 0x800029dc (0xff8e0203) x 4 0x0000005c mem 0x80015513
core   0: 0x800029e0 (0x003c1013) slli    zero, s8, 3
core   0: 3 0x800029e0 (0x003c1013)
core   0: 0x800029e4 (0x009e2b83) lw      s7, 9(t3)
core   0: 3 0x800029e4 (0x009e2b83) x23 0x6334ef0a mem 0x80015524
core   0: 0x800029e8 (0x010e0c03) lb      s8, 16(t3)
core   0: 3 0x800029e8 (0x010e0c03) x24 0x00000033 mem 0x8001552b
core   0: 0x800029ec (0xff8e4c83) lbu     s9, -8(t3)
core   0: 3 0x800029ec (0xff8e4c83) x25 0x0000005c mem 0x80015513
core   0: 0x800029f0 (0x00de0423) sb      a3, 8(t3)
core   0: 3 0x800029f0 (0x00de0423) mem 0x80015523 0x92
core   0: 0x800029f4 (0x01d71993) slli    s3, a4, 29
core   0: 3 0x800029f4 (0x01d71993) x19 0x40000000
core   0: 0x800029f8 (0x00ae17a3) sh      a0, 15(t3)
core   0: 3 0x800029f8 (0x00ae17a3) mem 0x8001552a 0x538d
core   0: 0x800029fc (0x419586b3) sub     a3, a1, s9
core   0: 3 0x800029fc (0x419586b3) x13 0x8002ec88
core   0: 0x80002a00 (0xc14efa13) andi    s4, t4, -1004
core   0: 3 0x80002a00 (0xc14efa13) x20 0x7ffd4004
core   0: 0x80002a04 (0x003e0423) sb      gp, 8(t3)
core   0: 3 0x80002a04 (0x003e0423) mem 0x80015523 0xe8
core   0: 0x80002a08 (0xfeee18a3) sh      a4, -15(t3)
core   0: 3 0x80002a08 (0xfeee18a3) mem 0x8001550c 0xc312
core   0: 0x80002a0c (0x007e0603) lb      a2, 7(t3)
core   0: 3 0x80002a0c (0x007e0603) x12 0xffffffeb mem 0x80015522
core   0: 0x80002a10 (0x01f3f7b3) and     a5, t2, t6
core   0: 3 0x80002a10 (0x01f3f7b3) x15 0x80015a91
core   0: 0x80002a14 (0x00000013) nop
core   0: 3 0x80002a14 (0x00000013)
core   0: 0x80002a18 (0xfe1e0b23) sb      ra, -10(t3)
core   0: 3 0x80002a18 (0xfe1e0b23) mem 0x80015511 0xf4
core   0: 0x80002a1c (0x0000100f) fence.i
core   0: 3 0x80002a1c (0x0000100f)
core   0: 0x80002a20 (0x007e1903) lh      s2, 7(t3)
core   0: 3 0x80002a20 (0x007e1903) x18 0xffffe8eb mem 0x80015522
core   0: 0x80002a24 (0xb9022013) slti    zero, tp, -1136
core   0: 3 0x80002a24 (0xb9022013)
core   0: 0x80002a28 (0x00ee4483) lbu     s1, 14(t3)
core   0: 3 0x80002a28 (0x00ee4483) x 9 0x000000b4 mem 0x80015529
core   0: 0x80002a2c (0x41dadd13) srai    s10, s5, 29
core   0: 3 0x80002a2c (0x41dadd13) x26 0x00000000
core   0: 0x80002a30 (0x6bafc993) xori    s3, t6, 1722
core   0: 3 0x80002a30 (0x6bafc993) x19 0xfffff92f
core   0: 0x80002a34 (0x003b1513) slli    a0, s6, 3
core   0: 3 0x80002a34 (0x003b1513) x10 0xf30ddae0
core   0: 0x80002a38 (0xfffe1ba3) sh      t6, -9(t3)
core   0: 3 0x80002a38 (0xfffe1ba3) mem 0x80015512 0xff95
core   0: 0x80002a3c (0x0113b8b3) sltu    a7, t2, a7
core   0: 3 0x80002a3c (0x0113b8b3) x17 0x00000000
core   0: 0x80002a40 (0xdda46513) ori     a0, s0, -550
core   0: 3 0x80002a40 (0xdda46513) x10 0xffffffdf
core   0: 0x80002a44 (0xff4e0003) lb      zero, -12(t3)
core   0: 3 0x80002a44 (0xff4e0003) mem 0x8001550f
core   0: 0x80002a48 (0x000e4e83) lbu     t4, 0(t3)
core   0: 3 0x80002a48 (0x000e4e83) x29 0x000000ae mem 0x8001551b
core   0: 0x80002a4c (0x01ce11a3) sh      t3, 3(t3)
core   0: 3 0x80002a4c (0x01ce11a3) mem 0x8001551e 0x551b
core   0: 0x80002a50 (0x002e0283) lb      t0, 2(t3)
core   0: 3 0x80002a50 (0x002e0283) x 5 0xffffff9d mem 0x8001551d
core   0: 0x80002a54 (0x01749db3) sll     s11, s1, s7
core   0: 3 0x80002a54 (0x01749db3) x27 0x0002d000
core   0: 0x80002a58 (0xff4e0ca3) sb      s4, -7(t3)
core   0: 3 0x80002a58 (0xff4e0ca3) mem 0x80015514 0x4
core   0: 0x80002a5c (0xff0e0c83) lb      s9, -16(t3)
core   0: 3 0x80002a5c (0xff0e0c83) x25 0xfffffff8 mem 0x8001550b
core   0: 0x80002a60 (0x014f53b3) srl     t2, t5, s4
core   0: 3 0x80002a60 (0x014f53b3) x 7 0x00000b4d
core   0: 0x80002a64 (0x006e06a3) sb      t1, 13(t3)
core   0: 3 0x80002a64 (0x006e06a3) mem 0x80015528 0x3e
core   0: 0x80002a68 (0x00013f97) auipc   t6, 0x13
core   0: 3 0x80002a68 (0x00013f97) x31 0x80015a68
core   0: 0x80002a6c (0x237f8f93) addi    t6, t6, 567
core   0: 3 0x80002a6c (0x237f8f93) x31 0x80015c9f
core   0: 0x80002a70 (0xfc1fc983) lbu     s3, -63(t6)
core   0: 3 0x80002a70 (0xfc1fc983) x19 0x00000092 mem 0x80015c60
core   0: 0x80002a74 (0x00af8aa3) sb      a0, 21(t6)
core   0: 3 0x80002a74 (0x00af8aa3) mem 0x80015cb4 0xdf
core   0: 0x80002a78 (0x015f8a83) lb      s5, 21(t6)
core   0: 3 0x80002a78 (0x015f8a83) x21 0xffffffdf mem 0x80015cb4
core   0: 0x80002a7c (0xff5fca03) lbu     s4, -11(t6)
core   0: 3 0x80002a7c (0xff5fca03) x20 0x000000cd mem 0x80015c94
core   0: 0x80002a80 (0x03afce83) lbu     t4, 58(t6)
core   0: 3 0x80002a80 (0x03afce83) x29 0x00000069 mem 0x80015cd9
core   0: 0x80002a84 (0x010f8503) lb      a0, 16(t6)
core   0: 3 0x80002a84 (0x010f8503) x10 0xffffffaf mem 0x80015caf
core   0: 0x80002a88 (0x4051db93) srai    s7, gp, 5
core   0: 3 0x80002a88 (0x4051db93) x23 0x03fff157
core   0: 0x80002a8c (0x01ffdd03) lhu     s10, 31(t6)
core   0: 3 0x80002a8c (0x01ffdd03) x26 0x00000000 mem 0x80015cbe
core   0: 0x80002a90 (0x00ef8623) sb      a4, 12(t6)
core   0: 3 0x80002a90 (0x00ef8623) mem 0x80015cab 0x12
core   0: 0x80002a94 (0x01ef8623) sb      t5, 12(t6)
core   0: 3 0x80002a94 (0x01ef8623) mem 0x80015cab 0xdd
core   0: 0x80002a98 (0xfd2f8da3) sb      s2, -37(t6)
core   0: 3 0x80002a98 (0xfd2f8da3) mem 0x80015c7a 0xeb
core   0: 0x80002a9c (0xfdbf8983) lb      s3, -37(t6)
core   0: 3 0x80002a9c (0xfdbf8983) x19 0xffffffeb mem 0x80015c7a
core   0: 0x80002aa0 (0xfddf8123) sb      t4, -62(t6)
core   0: 3 0x80002aa0 (0xfddf8123) mem 0x80015c61 0x69
core   0: 0x80002aa4 (0x03ff8c83) lb      s9, 63(t6)
core   0: 3 0x80002aa4 (0x03ff8c83) x25 0x0000005b mem 0x80015cde
core   0: 0x80002aa8 (0x01afc603) lbu     a2, 26(t6)
core   0: 3 0x80002aa8 (0x01afc603) x12 0x000000c0 mem 0x80015cb9
core   0: 0x80002aac (0x01af8c03) lb      s8, 26(t6)
core   0: 3 0x80002aac (0x01af8c03) x24 0xffffffc0 mem 0x80015cb9
core   0: 0x80002ab0 (0x00017197) auipc   gp, 0x17
core   0: 3 0x80002ab0 (0x00017197) x 3 0x80019ab0
core   0: 0x80002ab4 (0x8e018193) addi    gp, gp, -1824
core   0: 3 0x80002ab4 (0x8e018193) x 3 0x80019390
core   0: 0x80002ab8 (0xfd018c83) lb      s9, -48(gp)
core   0: 3 0x80002ab8 (0xfd018c83) x25 0x0000006a mem 0x80019360
core   0: 0x80002abc (0x00013d17) auipc   s10, 0x13
core   0: 3 0x80002abc (0x00013d17) x26 0x80015abc
core   0: 0x80002ac0 (0x915d0d13) addi    s10, s10, -1771
core   0: 3 0x80002ac0 (0x915d0d13) x26 0x800153d1
core   0: 0x80002ac4 (0x00d19723) sh      a3, 14(gp)
core   0: 3 0x80002ac4 (0x00d19723) mem 0x8001939e 0xec88
core   0: 0x80002ac8 (0x02219203) lh      tp, 34(gp)
core   0: 3 0x80002ac8 (0x02219203) x 4 0x0000319e mem 0x800193b2
core   0: 0x80002acc (0xfb6d0da3) sb      s6, -69(s10)
core   0: 3 0x80002acc (0xfb6d0da3) mem 0x8001538c 0x5c
core   0: 0x80002ad0 (0x01c1d083) lhu     ra, 28(gp)
core   0: 3 0x80002ad0 (0x01c1d083) x 1 0x0000de71 mem 0x800193ac
core   0: 0x80002ad4 (0x3f6d0e23) sb      s6, 1020(s10)
core   0: 3 0x80002ad4 (0x3f6d0e23) mem 0x800157cd 0x5c
core   0: 0x80002ad8 (0xfd41c483) lbu     s1, -44(gp)
core   0: 3 0x80002ad8 (0xfd41c483) x 9 0x00000082 mem 0x80019364
core   0: 0x80002adc (0x03918603) lb      a2, 57(gp)
core   0: 3 0x80002adc (0x03918603) x12 0xffffffd4 mem 0x800193c9
core   0: 0x80002ae0 (0x409d0083) lb      ra, 1033(s10)
core   0: 3 0x80002ae0 (0x409d0083) x 1 0x00000048 mem 0x800157da
core   0: 0x80002ae4 (0xfc61cc03) lbu     s8, -58(gp)
core   0: 3 0x80002ae4 (0xfc61cc03) x24 0x0000005d mem 0x80019356
core   0: 0x80002ae8 (0x01019803) lh      a6, 16(gp)
core   0: 3 0x80002ae8 (0x01019803) x16 0xffffb5a7 mem 0x800193a0
core   0: 0x80002aec (0x1cbd4003) lbu     zero, 459(s10)
core   0: 3 0x80002aec (0x1cbd4003) mem 0x8001559c
core   0: 0x80002af0 (0x02e19d83) lh      s11, 46(gp)
core   0: 3 0x80002af0 (0x02e19d83) x27 0xffffb101 mem 0x800193be
core   0: 0x80002af4 (0x02f19723) sh      a5, 46(gp)
core   0: 3 0x80002af4 (0x02f19723) mem 0x800193be 0x5a91
core   0: 0x80002af8 (0xeffd2283) lw      t0, -257(s10)
core   0: 3 0x80002af8 (0xeffd2283) x 5 0xe1554a97 mem 0x800152d0
core   0: 0x80002afc (0x00018e97) auipc   t4, 0x18
core   0: 3 0x80002afc (0x00018e97) x29 0x8001aafc
core   0: 0x80002b00 (0x7c5e8e93) addi    t4, t4, 1989
core   0: 3 0x80002b00 (0x7c5e8e93) x29 0x8001b2c1
core   0: 0x80002b04 (0x51aeca83) lbu     s5, 1306(t4)
core   0: 3 0x80002b04 (0x51aeca83) x21 0x000000f2 mem 0x8001b7db
core   0: 0x80002b08 (0x509e8d23) sb      s1, 1306(t4)
core   0: 3 0x80002b08 (0x509e8d23) mem 0x8001b7db 0x82
core   0: 0x80002b0c (0x51aec503) lbu     a0, 1306(t4)
core   0: 3 0x80002b0c (0x51aec503) x10 0x00000082 mem 0x8001b7db
core   0: 0x80002b10 (0xa108f513) andi    a0, a7, -1520
core   0: 3 0x80002b10 (0xa108f513) x10 0x00000000
core   0: 0x80002b14 (0x50de8d23) sb      a3, 1306(t4)
core   0: 3 0x80002b14 (0x50de8d23) mem 0x8001b7db 0x88
core   0: 0x80002b18 (0x505e8d23) sb      t0, 1306(t4)
core   0: 3 0x80002b18 (0x505e8d23) mem 0x8001b7db 0x97
core   0: 0x80002b1c (0x51aec903) lbu     s2, 1306(t4)
core   0: 3 0x80002b1c (0x51aec903) x18 0x00000097 mem 0x8001b7db
core   0: 0x80002b20 (0x51aecd03) lbu     s10, 1306(t4)
core   0: 3 0x80002b20 (0x51aecd03) x26 0x00000097 mem 0x8001b7db
core   0: 0x80002b24 (0xc46e8123) sb      t1, -958(t4)
core   0: 3 0x80002b24 (0xc46e8123) mem 0x8001af03 0x3e
core   0: 0x80002b28 (0xc42e8c83) lb      s9, -958(t4)
core   0: 3 0x80002b28 (0xc42e8c83) x25 0x0000003e mem 0x8001af03
core   0: 0x80002b2c (0x01f99833) sll     a6, s3, t6
core   0: 3 0x80002b2c (0x01f99833) x16 0x80000000
core   0: 0x80002b30 (0xc57e8123) sb      s7, -958(t4)
core   0: 3 0x80002b30 (0xc57e8123) mem 0x8001af03 0x57
core   0: 0x80002b34 (0x005a9833) sll     a6, s5, t0
core   0: 3 0x80002b34 (0x005a9833) x16 0x79000000
core   0: 0x80002b38 (0xc4ce8123) sb      a2, -958(t4)
core   0: 3 0x80002b38 (0xc4ce8123) mem 0x8001af03 0xd4
core   0: 0x80002b3c (0x859c6513) ori     a0, s8, -1959
core   0: 3 0x80002b3c (0x859c6513) x10 0xfffff85d
core   0: 0x80002b40 (0xc42ec383) lbu     t2, -958(t4)
core   0: 3 0x80002b40 (0xc42ec383) x 7 0x000000d4 mem 0x8001af03
core   0: 0x80002b44 (0xc42e8903) lb      s2, -958(t4)
core   0: 3 0x80002b44 (0xc42e8903) x18 0xffffffd4 mem 0x8001af03
core   0: 0x80002b48 (0xc42e8483) lb      s1, -958(t4)
core   0: 3 0x80002b48 (0xc42e8483) x 9 0xffffffd4 mem 0x8001af03
core   0: 0x80002b4c (0x00c1d533) srl     a0, gp, a2
core   0: 3 0x80002b4c (0x00c1d533) x10 0x00000800
core   0: 0x80002b50 (0xc43e8123) sb      gp, -958(t4)
core   0: 3 0x80002b50 (0xc43e8123) mem 0x8001af03 0x90
core   0: 0x80002b54 (0xc5de8123) sb      t4, -958(t4)
core   0: 3 0x80002b54 (0xc5de8123) mem 0x8001af03 0xc1
core   0: 0x80002b58 (0xf3a1f413) andi    s0, gp, -198
core   0: 3 0x80002b58 (0xf3a1f413) x 8 0x80019310
core   0: 0x80002b5c (0x0ff0000f) fence   iorw,iorw
core   0: 3 0x80002b5c (0x0ff0000f)
core   0: 0x80002b60 (0xc59e8123) sb      s9, -958(t4)
core   0: 3 0x80002b60 (0xc59e8123) mem 0x8001af03 0x3e
core   0: 0x80002b64 (0xc47e8123) sb      t2, -958(t4)
core   0: 3 0x80002b64 (0xc47e8123) mem 0x8001af03 0xd4
core   0: 0x80002b68 (0xc42e8123) sb      sp, -958(t4)
core   0: 3 0x80002b68 (0xc42e8123) mem 0x8001af03 0x64
core   0: 0x80002b6c (0x00012097) auipc   ra, 0x12
core   0: 3 0x80002b6c (0x00012097) x 1 0x80014b6c
core   0: 0x80002b70 (0x5be08093) addi    ra, ra, 1470
core   0: 3 0x80002b70 (0x5be08093) x 1 0x8001512a
core   0: 0x80002b74 (0x8d7a8517) auipc   a0, 0x8d7a8
core   0: 3 0x80002b74 (0x8d7a8517) x10 0x0d7aab74
core   0: 0x80002b78 (0xffd08983) lb      s3, -3(ra)
core   0: 3 0x80002b78 (0xffd08983) x19 0xffffffd2 mem 0x80015127
core   0: 0x80002b7c (0x012aa033) slt     zero, s5, s2
core   0: 3 0x80002b7c (0x012aa033)
core   0: 0x80002b80 (0x985f8a13) addi    s4, t6, -1659
core   0: 3 0x80002b80 (0x985f8a13) x20 0x80015624
core   0: 0x80002b84 (0x01c0a123) sw      t3, 2(ra)
core   0: 3 0x80002b84 (0x01c0a123) mem 0x8001512c 0x8001551b
core   0: 0x80002b88 (0xb6c96013) ori     zero, s2, -1172
core   0: 3 0x80002b88 (0xb6c96013)
core   0: 0x80002b8c (0x00508903) lb      s2, 5(ra)
core   0: 3 0x80002b8c (0x00508903) x18 0xffffff80 mem 0x8001512f
core   0: 0x80002b90 (0x01a99893) slli    a7, s3, 26
core   0: 3 0x80002b90 (0x01a99893) x17 0x48000000
core   0: 0x80002b94 (0x0090ce83) lbu     t4, 9(ra)
core   0: 3 0x80002b94 (0x0090ce83) x29 0x000000af mem 0x80015133
core   0: 0x80002b98 (0x00308b83) lb      s7, 3(ra)
core   0: 3 0x80002b98 (0x00308b83) x23 0x00000055 mem 0x8001512d
core   0: 0x80002b9c (0xffe0dc83) lhu     s9, -2(ra)
core   0: 3 0x80002b9c (0xffe0dc83) x25 0x0000867e mem 0x80015128
core   0: 0x80002ba0 (0x405ade13) srai    t3, s5, 5
core   0: 3 0x80002ba0 (0x405ade13) x28 0x00000007
core   0: 0x80002ba4 (0xf8810493) addi    s1, sp, -120
core   0: 3 0x80002ba4 (0xf8810493) x 9 0x8002adec
core   0: 0x80002ba8 (0xfec08ca3) sb      a2, -7(ra)
core   0: 3 0x80002ba8 (0xfec08ca3) mem 0x80015123 0xd4
core   0: 0x80002bac (0x61d6c013) xori    zero, a3, 1565
core   0: 3 0x80002bac (0x61d6c013)
core   0: 0x80002bb0 (0x01d4ceb3) xor     t4, s1, t4
core   0: 3 0x80002bb0 (0x01d4ceb3) x29 0x8002ad43
core   0: 0x80002bb4 (0x01c55893) srli    a7, a0, 28
core   0: 3 0x80002bb4 (0x01c55893) x17 0x00000000
core   0: 0x80002bb8 (0xfe808a23) sb      s0, -12(ra)
core   0: 3 0x80002bb8 (0xfe808a23) mem 0x8001511e 0x10
core   0: 0x80002bbc (0x40d55a33) sra     s4, a0, a3
core   0: 3 0x80002bbc (0x40d55a33) x20 0x000d7aab
core   0: 0x80002bc0 (0x00505e93) srli    t4, zero, 5
core   0: 3 0x80002bc0 (0x00505e93) x29 0x00000000
core   0: 0x80002bc4 (0x00000013) nop
core   0: 3 0x80002bc4 (0x00000013)
core   0: 0x80002bc8 (0x0080cd03) lbu     s10, 8(ra)
core   0: 3 0x80002bc8 (0x0080cd03) x26 0x000000e4 mem 0x80015132
core   0: 0x80002bcc (0x405bd213) srai    tp, s7, 5
core   0: 3 0x80002bcc (0x405bd213) x 4 0x00000002
core   0: 0x80002bd0 (0x01e08123) sb      t5, 2(ra)
core   0: 3 0x80002bd0 (0x01e08123) mem 0x8001512c 0xdd
core   0: 0x80002bd4 (0x3ec8c493) xori    s1, a7, 1004
core   0: 3 0x80002bd4 (0x3ec8c493) x 9 0x000003ec
core   0: 0x80002bd8 (0x64600f13) li      t5, 1606
core   0: 3 0x80002bd8 (0x64600f13) x30 0x00000646
core   0: 0x80002bdc (0xa1332c93) slti    s9, t1, -1517
core   0: 3 0x80002bdc (0xa1332c93) x25 0x00000000
core   0: 0x80002be0 (0x012154b3) srl     s1, sp, s2
core   0: 3 0x80002be0 (0x012154b3) x 9 0x8002ae64
core   0: 0x80002be4 (0x6eff7913) andi    s2, t5, 1775
core   0: 3 0x80002be4 (0x6eff7913) x18 0x00000646
core   0: 0x80002be8 (0x01f6be33) sltu    t3, a3, t6
core   0: 3 0x80002be8 (0x01f6be33) x28 0x00000000
core   0: 0x80002bec (0x152f8417) auipc   s0, 0x152f8
core   0: 3 0x80002bec (0x152f8417) x 8 0x952fabec
core   0: 0x80002bf0 (0x00e08e83) lb      t4, 14(ra)
core   0: 3 0x80002bf0 (0x00e08e83) x29 0x00000002 mem 0x80015138
core   0: 0x80002bf4 (0x00016217) auipc   tp, 0x16
core   0: 3 0x80002bf4 (0x00016217) x 4 0x80018bf4
core   0: 0x80002bf8 (0x12920213) addi    tp, tp, 297
core   0: 3 0x80002bf8 (0x12920213) x 4 0x80018d1d
core   0: 0x80002bfc (0xb3e20f03) lb      t5, -1218(tp)
core   0: 3 0x80002bfc (0xb3e20f03) x30 0x00000026 mem 0x8001885b
core   0: 0x80002c00 (0x003c0ab3) add     s5, s8, gp
core   0: 3 0x80002c00 (0x003c0ab3) x21 0x800193ed
core   0: 0x80002c04 (0x3b52bd93) sltiu   s11, t0, 949
core   0: 3 0x80002c04 (0x3b52bd93) x27 0x00000000
core   0: 0x80002c08 (0x3d124c83) lbu     s9, 977(tp)
core   0: 3 0x80002c08 (0x3d124c83) x25 0x000000fd mem 0x800190ee
core   0: 0x80002c0c (0xa8053c93) sltiu   s9, a0, -1408
core   0: 3 0x80002c0c (0xa8053c93) x25 0x00000001
core   0: 0x80002c10 (0xf6286993) ori     s3, a6, -158
core   0: 3 0x80002c10 (0xf6286993) x19 0xffffff62
core   0: 0x80002c14 (0x015891b3) sll     gp, a7, s5
core   0: 3 0x80002c14 (0x015891b3) x 3 0x00000000
core   0: 0x80002c18 (0x57424083) lbu     ra, 1396(tp)
core   0: 3 0x80002c18 (0x57424083) x 1 0x000000a1 mem 0x80019291
core   0: 0x80002c1c (0x00379d13) slli    s10, a5, 3
core   0: 3 0x80002c1c (0x00379d13) x26 0x000ad488
core   0: 0x80002c20 (0x01ca8eb3) add     t4, s5, t3
core   0: 3 0x80002c20 (0x01ca8eb3) x29 0x800193ed
core   0: 0x80002c24 (0xe0721b83) lh      s7, -505(tp)
core   0: 3 0x80002c24 (0xe0721b83) x23 0x00000287 mem 0x80018b24
core   0: 0x80002c28 (0xb4b20223) sb      a1, -1212(tp)
core   0: 3 0x80002c28 (0xb4b20223) mem 0x80018861 0xe4
core   0: 0x80002c2c (0xf1f204a3) sb      t6, -247(tp)
core   0: 3 0x80002c2c (0xf1f204a3) mem 0x80018c26 0x9f
core   0: 0x80002c30 (0x2c0a0193) addi    gp, s4, 704
core   0: 3 0x80002c30 (0x2c0a0193) x 3 0x000d7d6b
core   0: 0x80002c34 (0x80424803) lbu     a6, -2044(tp)
core   0: 3 0x80002c34 (0x80424803) x16 0x000000c5 mem 0x80018521
core   0: 0x80002c38 (0x00f55d33) srl     s10, a0, a5
core   0: 3 0x80002c38 (0x00f55d33) x26 0x000006bd
core   0: 0x80002c3c (0x8343c497) auipc   s1, 0x8343c
core   0: 3 0x80002c3c (0x8343c497) x 9 0x0343ec3c
core   0: 0x80002c40 (0x01911613) slli    a2, sp, 25
core   0: 3 0x80002c40 (0x01911613) x12 0xc8000000
core   0: 0x80002c44 (0x04f08893) addi    a7, ra, 79
core   0: 3 0x80002c44 (0x04f08893) x17 0x000000f0
core   0: 0x80002c48 (0x0ff0000f) fence   iorw,iorw
core   0: 3 0x80002c48 (0x0ff0000f)
core   0: 0x80002c4c (0x0ff0000f) fence   iorw,iorw
core   0: 3 0x80002c4c (0x0ff0000f)
core   0: 0x80002c50 (0x00f8b433) sltu    s0, a7, a5
core   0: 3 0x80002c50 (0x00f8b433) x 8 0x00000001
core   0: 0x80002c54 (0x4ea20023) sb      a0, 1248(tp)
core   0: 3 0x80002c54 (0x4ea20023) mem 0x800191fd 0x74
core   0: 0x80002c58 (0x4160d3b3) sra     t2, ra, s6
core   0: 3 0x80002c58 (0x4160d3b3) x 7 0x00000000
core   0: 0x80002c5c (0x01c216b3) sll     a3, tp, t3
core   0: 3 0x80002c5c (0x01c216b3) x13 0x80018d1d
core   0: 0x80002c60 (0x84824b83) lbu     s7, -1976(tp)
core   0: 3 0x80002c60 (0x84824b83) x23 0x0000006a mem 0x80018565
core   0: 0x80002c64 (0x97224c83) lbu     s9, -1678(tp)
core   0: 3 0x80002c64 (0x97224c83) x25 0x000000d7 mem 0x8001868f
core   0: 0x80002c68 (0x40920303) lb      t1, 1033(tp)
core   0: 3 0x80002c68 (0x40920303) x 6 0x00000048 mem 0x80019126
core   0: 0x80002c6c (0x00350393) addi    t2, a0, 3
core   0: 3 0x80002c6c (0x00350393) x 7 0x0d7aab77
core   0: 0x80002c70 (0xe086c913) xori    s2, a3, -504
core   0: 3 0x80002c70 (0xe086c913) x18 0x7ffe7315
core   0: 0x80002c74 (0x007d5513) srli    a0, s10, 7
core   0: 3 0x80002c74 (0x007d5513) x10 0x0000000d
core   0: 0x80002c78 (0x53f218a3) sh      t6, 1329(tp)
core   0: 3 0x80002c78 (0x53f218a3) mem 0x8001924e 0x5c9f
core   0: 0x80002c7c (0xd1e48293) addi    t0, s1, -738
core   0: 3 0x80002c7c (0xd1e48293) x 5 0x0343e95a
core   0: 0x80002c80 (0xa4f25803) lhu     a6, -1457(tp)
core   0: 3 0x80002c80 (0xa4f25803) x16 0x000073e2 mem 0x8001876c
core   0: 0x80002c84 (0x00012097) auipc   ra, 0x12
core   0: 3 0x80002c84 (0x00012097) x 1 0x80014c84
core   0: 0x80002c88 (0x66608093) addi    ra, ra, 1638
core   0: 3 0x80002c88 (0x66608093) x 1 0x800152ea
core   0: 0x80002c8c (0x0060d203) lhu     tp, 6(ra)
core   0: 3 0x80002c8c (0x0060d203) x 4 0x0000846b mem 0x800152f0
core   0: 0x80002c90 (0x0060d003) lhu     zero, 6(ra)
core   0: 3 0x80002c90 (0x0060d003) mem 0x800152f0
core   0: 0x80002c94 (0x01a08323) sb      s10, 6(ra)
core   0: 3 0x80002c94 (0x01a08323) mem 0x800152f0 0xbd
core   0: 0x80002c98 (0x00b08f83) lb      t6, 11(ra)
core   0: 3 0x80002c98 (0x00b08f83) x31 0x00000046 mem 0x800152f5
core   0: 0x80002c9c (0x00b08a83) lb      s5, 11(ra)
core   0: 3 0x80002c9c (0x00b08a83) x21 0x00000046 mem 0x800152f5
core   0: 0x80002ca0 (0x7e9dda17) auipc   s4, 0x7e9dd
core   0: 3 0x80002ca0 (0x7e9dda17) x20 0xfe9dfca0
core   0: 0x80002ca4 (0x2857b893) sltiu   a7, a5, 645
core   0: 3 0x80002ca4 (0x2857b893) x17 0x00000000
core   0: 0x80002ca8 (0x0ff0000f) fence   iorw,iorw
core   0: 3 0x80002ca8 (0x0ff0000f)
core   0: 0x80002cac (0x011085a3) sb      a7, 11(ra)
core   0: 3 0x80002cac (0x011085a3) mem 0x800152f5 0x0
core   0: 0x80002cb0 (0x010085a3) sb      a6, 11(ra)
core   0: 3 0x80002cb0 (0x010085a3) mem 0x800152f5 0xe2
core   0: 0x80002cb4 (0x003084a3) sb      gp, 9(ra)
core   0: 3 0x80002cb4 (0x003084a3) mem 0x800152f3 0x6b
core   0: 0x80002cb8 (0x0090cf83) lbu     t6, 9(ra)
core   0: 3 0x80002cb8 (0x0090cf83) x31 0x0000006b mem 0x800152f3
core   0: 0x80002cbc (0xffa08fa3) sb      s10, -1(ra)
core   0: 3 0x80002cbc (0xffa08fa3) mem 0x800152e9 0xbd
core   0: 0x80002cc0 (0x00c0da03) lhu     s4, 12(ra)
core   0: 3 0x80002cc0 (0x00c0da03) x20 0x00001fac mem 0x800152f6
core   0: 0x80002cc4 (0x00c08903) lb      s2, 12(ra)
core   0: 3 0x80002cc4 (0x00c08903) x18 0xffffffac mem 0x800152f6
core   0: 0x80002cc8 (0x00308983) lb      s3, 3(ra)
core   0: 3 0x80002cc8 (0x00308983) x19 0x0000007e mem 0x800152ed
core   0: 0x80002ccc (0x017085a3) sb      s7, 11(ra)
core   0: 3 0x80002ccc (0x017085a3) mem 0x800152f5 0x6a
core   0: 0x80002cd0 (0x41c25a33) sra     s4, tp, t3
core   0: 3 0x80002cd0 (0x41c25a33) x20 0x0000846b
core   0: 0x80002cd4 (0xff809b83) lh      s7, -8(ra)
core   0: 3 0x80002cd4 (0xff809b83) x23 0x00007a1d mem 0x800152e2
core   0: 0x80002cd8 (0xff509c23) sh      s5, -8(ra)
core   0: 3 0x80002cd8 (0xff509c23) mem 0x800152e2 0x0046
core   0: 0x80002cdc (0xff30ca03) lbu     s4, -13(ra)
core   0: 3 0x80002cdc (0xff30ca03) x20 0x00000078 mem 0x800152dd
core   0: 0x80002ce0 (0x00013d97) auipc   s11, 0x13
core   0: 3 0x80002ce0 (0x00013d97) x27 0x80015ce0
core   0: 0x80002ce4 (0xfd8d8d93) addi    s11, s11, -40
core   0: 3 0x80002ce4 (0xfd8d8d93) x27 0x80015cb8
core   0: 0x80002ce8 (0x40cd5813) srai    a6, s10, 12
core   0: 3 0x80002ce8 (0x40cd5813) x16 0x00000000
core   0: 0x80002cec (0x83dd81a3) sb      t4, -2013(s11)
core   0: 3 0x80002cec (0x83dd81a3) mem 0x800154db 0xed
core   0: 0x80002cf0 (0xcafb3f13) sltiu   t5, s6, -849
core   0: 3 0x80002cf0 (0xcafb3f13) x30 0x00000001
core   0: 0x80002cf4 (0xa86f6293) ori     t0, t5, -1402
core   0: 3 0x80002cf4 (0xa86f6293) x 5 0xfffffa87
core   0: 0x80002cf8 (0x96fdcb83) lbu     s7, -1681(s11)
core   0: 3 0x80002cf8 (0x96fdcb83) x23 0x00000035 mem 0x80015627
core   0: 0x80002cfc (0x96fd8883) lb      a7, -1681(s11)
core   0: 3 0x80002cfc (0x96fd8883) x17 0x00000035 mem 0x80015627
core   0: 0x80002d00 (0x960d87a3) sb      zero, -1681(s11)
core   0: 3 0x80002d00 (0x960d87a3) mem 0x80015627 0x0
core   0: 0x80002d04 (0xc72d8a83) lb      s5, -910(s11)
core   0: 3 0x80002d04 (0xc72d8a83) x21 0x00000032 mem 0x8001592a
core   0: 0x80002d08 (0xc72d8c03) lb      s8, -910(s11)
core   0: 3 0x80002d08 (0xc72d8c03) x24 0x00000032 mem 0x8001592a
core   0: 0x80002d0c (0xd6ad9f23) sh      a0, -642(s11)
core   0: 3 0x80002d0c (0xd6ad9f23) mem 0x80015a36 0x000d
core   0: 0x80002d10 (0xd7ed9503) lh      a0, -642(s11)
core   0: 3 0x80002d10 (0xd7ed9503) x10 0x0000000d mem 0x80015a36
core   0: 0x80002d14 (0xd60d8f23) sb      zero, -642(s11)
core   0: 3 0x80002d14 (0xd60d8f23) mem 0x80015a36 0x0
core   0: 0x80002d18 (0xd7ed9783) lh      a5, -642(s11)
core   0: 3 0x80002d18 (0xd7ed9783) x15 0x00000000 mem 0x80015a36
core   0: 0x80002d1c (0xd7ed9703) lh      a4, -642(s11)
core   0: 3 0x80002d1c (0xd7ed9703) x14 0x00000000 mem 0x80015a36
core   0: 0x80002d20 (0xf5356093) ori     ra, a0, -173
core   0: 3 0x80002d20 (0xf5356093) x 1 0xffffff5f
core   0: 0x80002d24 (0x00781433) sll     s0, a6, t2
core   0: 3 0x80002d24 (0x00781433) x 8 0x00000000
core   0: 0x80002d28 (0xd7ed9a03) lh      s4, -642(s11)
core   0: 3 0x80002d28 (0xd7ed9a03) x20 0x00000000 mem 0x80015a36
core   0: 0x80002d2c (0xdc9d8fa3) sb      s1, -545(s11)
core   0: 3 0x80002d2c (0xdc9d8fa3) mem 0x80015a97 0x3c
core   0: 0x80002d30 (0x0001ef97) auipc   t6, 0x1e
core   0: 3 0x80002d30 (0x0001ef97) x31 0x80020d30
core   0: 0x80002d34 (0xb4af8f93) addi    t6, t6, -1206
core   0: 3 0x80002d34 (0xb4af8f93) x31 0x8002087a
core   0: 0x80002d38 (0x00015297) auipc   t0, 0x15
core   0: 3 0x80002d38 (0x00015297) x 5 0x80017d38
core   0: 0x80002d3c (0x45428293) addi    t0, t0, 1108
core   0: 3 0x80002d3c (0x45428293) x 5 0x8001818c
core   0: 0x80002d40 (0x00013497) auipc   s1, 0x13
core   0: 3 0x80002d40 (0x00013497) x 9 0x80015d40
core   0: 0x80002d44 (0x53848493) addi    s1, s1, 1336
core   0: 3 0x80002d44 (0x53848493) x 9 0x80016278
core   0: 0x80002d48 (0x0001bf17) auipc   t5, 0x1b
core   0: 3 0x80002d48 (0x0001bf17) x30 0x8001dd48
core   0: 0x80002d4c (0x61bf0f13) addi    t5, t5, 1563
core   0: 3 0x80002d4c (0x61bf0f13) x30 0x8001e363
core   0: 0x80002d50 (0x0fd4c903) lbu     s2, 253(s1)
core   0: 3 0x80002d50 (0x0fd4c903) x18 0x000000f4 mem 0x80016375
core   0: 0x80002d54 (0xffcf0983) lb      s3, -4(t5)
core   0: 3 0x80002d54 (0xffcf0983) x19 0xffffffbf mem 0x8001e35f
core   0: 0x80002d58 (0x09e28da3) sb      t5, 155(t0)
core   0: 3 0x80002d58 (0x09e28da3) mem 0x80018227 0x63
core   0: 0x80002d5c (0x00df8183) lb      gp, 13(t6)
core   0: 3 0x80002d5c (0x00df8183) x 3 0xffffffdc mem 0x80020887
core   0: 0x80002d60 (0xffcf8e03) lb      t3, -4(t6)
core   0: 3 0x80002d60 (0xffcf8e03) x28 0xffffff90 mem 0x80020876
core   0: 0x80002d64 (0xffef8ea3) sb      t5, -3(t6)
core   0: 3 0x80002d64 (0xffef8ea3) mem 0x80020877 0x63
core   0: 0x80002d68 (0xfc44d783) lhu     a5, -60(s1)
core   0: 3 0x80002d68 (0xfc44d783) x15 0x00007125 mem 0x8001623c
core   0: 0x80002d6c (0x02228623) sb      sp, 44(t0)
core   0: 3 0x80002d6c (0x02228623) mem 0x800181b8 0x64
core   0: 0x80002d70 (0x006f8d83) lb      s11, 6(t6)
core   0: 3 0x80002d70 (0x006f8d83) x27 0xffffff81 mem 0x80020880
core   0: 0x80002d74 (0x0ad48e03) lb      t3, 173(s1)
core   0: 3 0x80002d74 (0x0ad48e03) x28 0xffffffb4 mem 0x80016325
core   0: 0x80002d78 (0xfab286a3) sb      a1, -83(t0)
core   0: 3 0x80002d78 (0xfab286a3) mem 0x80018139 0xe4
core   0: 0x80002d7c (0xff1f8003) lb      zero, -15(t6)
core   0: 3 0x80002d7c (0xff1f8003) mem 0x8002086b
core   0: 0x80002d80 (0x0682da83) lhu     s5, 104(t0)
core   0: 3 0x80002d80 (0x0682da83) x21 0x000098ab mem 0x800181f4
core   0: 0x80002d84 (0xffdfc603) lbu     a2, -3(t6)
core   0: 3 0x80002d84 (0xffdfc603) x12 0x00000063 mem 0x80020877
core   0: 0x80002d88 (0x009f5083) lhu     ra, 9(t5)
core   0: 3 0x80002d88 (0x009f5083) x 1 0x0000d260 mem 0x8001e36c
core   0: 0x80002d8c (0x01ef16a3) sh      t5, 13(t5)
core   0: 3 0x80002d8c (0x01ef16a3) mem 0x8001e370 0xe363
core   0: 0x80002d90 (0xf6c2ce03) lbu     t3, -148(t0)
core   0: 3 0x80002d90 (0xf6c2ce03) x28 0x000000cd mem 0x800180f8
core   0: 0x80002d94 (0x05c28b23) sb      t3, 86(t0)
core   0: 3 0x80002d94 (0x05c28b23) mem 0x800181e2 0xcd
core   0: 0x80002d98 (0x0e7286a3) sb      t2, 237(t0)
core   0: 3 0x80002d98 (0x0e7286a3) mem 0x80018279 0x77
core   0: 0x80002d9c (0x00df8403) lb      s0, 13(t6)
core   0: 3 0x80002d9c (0x00df8403) x 8 0xffffffdc mem 0x80020887
core   0: 0x80002da0 (0xff6f2ca3) sw      s6, -7(t5)
core   0: 3 0x80002da0 (0xff6f2ca3) mem 0x8001e35c 0xfe61bb5c
core   0: 0x80002da4 (0x0624cc83) lbu     s9, 98(s1)
core   0: 3 0x80002da4 (0x0624cc83) x25 0x00000077 mem 0x800162da
core   0: 0x80002da8 (0x004fd703) lhu     a4, 4(t6)
core   0: 3 0x80002da8 (0x004fd703) x14 0x00008ad9 mem 0x8002087e
core   0: 0x80002dac (0x012f03a3) sb      s2, 7(t5)
core   0: 3 0x80002dac (0x012f03a3) mem 0x8001e36a 0xf4
core   0: 0x80002db0 (0xfe948683) lb      a3, -23(s1)
core   0: 3 0x80002db0 (0xfe948683) x13 0x00000012 mem 0x80016261
core   0: 0x80002db4 (0xfa029783) lh      a5, -96(t0)
core   0: 3 0x80002db4 (0xfa029783) x15 0xffff8308 mem 0x8001812c
core   0: 0x80002db8 (0xf9f48723) sb      t6, -114(s1)
core   0: 3 0x80002db8 (0xf9f48723) mem 0x80016206 0x7a
core   0: 0x80002dbc (0xf0328d83) lb      s11, -253(t0)
core   0: 3 0x80002dbc (0xf0328d83) x27 0x00000068 mem 0x8001808f
core   0: 0x80002dc0 (0x0d64cd03) lbu     s10, 214(s1)
core   0: 3 0x80002dc0 (0x0d64cd03) x26 0x000000b5 mem 0x8001634e
core   0: 0x80002dc4 (0xffcf0b83) lb      s7, -4(t5)
core   0: 3 0x80002dc4 (0xffcf0b83) x23 0xfffffffe mem 0x8001e35f
core   0: 0x80002dc8 (0xff729623) sh      s7, -20(t0)
core   0: 3 0x80002dc8 (0xff729623) mem 0x80018178 0xfffe
core   0: 0x80002dcc (0x00012a17) auipc   s4, 0x12
core   0: 3 0x80002dcc (0x00012a17) x20 0x80014dcc
core   0: 0x80002dd0 (0x47ca0a13) addi    s4, s4, 1148
core   0: 3 0x80002dd0 (0x47ca0a13) x20 0x80015248
core   0: 0x80002dd4 (0x00013517) auipc   a0, 0x13
core   0: 3 0x80002dd4 (0x00013517) x10 0x80015dd4
core   0: 0x80002dd8 (0x1e450513) addi    a0, a0, 484
core   0: 3 0x80002dd8 (0x1e450513) x10 0x80015fb8
core   0: 0x80002ddc (0xe3ba4e03) lbu     t3, -453(s4)
core   0: 3 0x80002ddc (0xe3ba4e03) x28 0x000000b3 mem 0x80015083
core   0: 0x80002de0 (0x00013497) auipc   s1, 0x13
core   0: 3 0x80002de0 (0x00013497) x 9 0x80015de0
core   0: 0x80002de4 (0xdd948493) addi    s1, s1, -551
core   0: 3 0x80002de4 (0xdd948493) x 9 0x80015bb9
core   0: 0x80002de8 (0x55ca1e83) lh      t4, 1372(s4)
core   0: 3 0x80002de8 (0x55ca1e83) x29 0xffffcc24 mem 0x800157a4
core   0: 0x80002dec (0x0244a3a3) sw      tp, 39(s1)
core   0: 3 0x80002dec (0x0244a3a3) mem 0x80015be0 0x0000846b
core   0: 0x80002df0 (0x00013f97) auipc   t6, 0x13
core   0: 3 0x80002df0 (0x00013f97) x31 0x80015df0
core   0: 0x80002df4 (0xc42f8f93) addi    t6, t6, -958
core   0: 3 0x80002df4 (0xc42f8f93) x31 0x80015a32
core   0: 0x80002df8 (0xff950303) lb      t1, -7(a0)
core   0: 3 0x80002df8 (0xff950303) x 6 0xffffffeb mem 0x80015fb1
core   0: 0x80002dfc (0x70da1323) sh      a3, 1798(s4)
core   0: 3 0x80002dfc (0x70da1323) mem 0x8001594e 0x0012
core   0: 0x80002e00 (0xfcaf8123) sb      a0, -62(t6)
core   0: 3 0x80002e00 (0xfcaf8123) mem 0x800159f4 0xb8
core   0: 0x80002e04 (0x03a4c003) lbu     zero, 58(s1)
core   0: 3 0x80002e04 (0x03a4c003) mem 0x80015bf3
core   0: 0x80002e08 (0xfcbf8403) lb      s0, -53(t6)
core   0: 3 0x80002e08 (0xfcbf8403) x 8 0xffffff8f mem 0x800159fd
core   0: 0x80002e0c (0x485a4383) lbu     t2, 1157(s4)
core   0: 3 0x80002e0c (0x485a4383) x 7 0x000000a5 mem 0x800156cd
core   0: 0x80002e10 (0xfedf8a83) lb      s5, -19(t6)
core   0: 3 0x80002e10 (0xfedf8a83) x21 0xffffffda mem 0x80015a1f
core   0: 0x80002e14 (0xff6509a3) sb      s6, -13(a0)
core   0: 3 0x80002e14 (0xff6509a3) mem 0x80015fab 0x5c
core   0: 0x80002e18 (0x0cfa02a3) sb      a5, 197(s4)
core   0: 3 0x80002e18 (0x0cfa02a3) mem 0x8001530d 0x8
core   0: 0x80002e1c (0xe37a0783) lb      a5, -457(s4)
core   0: 3 0x80002e1c (0xe37a0783) x15 0x00000007 mem 0x8001507f
core   0: 0x80002e20 (0xfd74dd03) lhu     s10, -41(s1)
core   0: 3 0x80002e20 (0xfd74dd03) x26 0x0000e639 mem 0x80015b90
core   0: 0x80002e24 (0xff7508a3) sb      s7, -15(a0)
core   0: 3 0x80002e24 (0xff7508a3) mem 0x80015fa9 0xfe
core   0: 0x80002e28 (0xfd2f83a3) sb      s2, -57(t6)
core   0: 3 0x80002e28 (0xfd2f83a3) mem 0x800159f9 0xf4
core   0: 0x80002e2c (0x33aa4903) lbu     s2, 826(s4)
core   0: 3 0x80002e2c (0x33aa4903) x18 0x000000b3 mem 0x80015582
core   0: 0x80002e30 (0x017fc683) lbu     a3, 23(t6)
core   0: 3 0x80002e30 (0x017fc683) x13 0x00000000 mem 0x80015a49
core   0: 0x80002e34 (0x01251223) sh      s2, 4(a0)
core   0: 3 0x80002e34 (0x01251223) mem 0x80015fbc 0x00b3
core   0: 0x80002e38 (0x707a2a23) sw      t2, 1812(s4)
core   0: 3 0x80002e38 (0x707a2a23) mem 0x8001595c 0x000000a5
core   0: 0x80002e3c (0x03848983) lb      s3, 56(s1)
core   0: 3 0x80002e3c (0x03848983) x19 0xffffff8c mem 0x80015bf1
core   0: 0x80002e40 (0xfe9f89a3) sb      s1, -13(t6)
core   0: 3 0x80002e40 (0xfe9f89a3) mem 0x80015a25 0xb9
core   0: 0x80002e44 (0x00455783) lhu     a5, 4(a0)
core   0: 3 0x80002e44 (0x00455783) x15 0x000000b3 mem 0x80015fbc
core   0: 0x80002e48 (0x00d4de83) lhu     t4, 13(s1)
core   0: 3 0x80002e48 (0x00d4de83) x29 0x00002d84 mem 0x80015bc6
core   0: 0x80002e4c (0x5f2a2e23) sw      s2, 1532(s4)
core   0: 3 0x80002e4c (0x5f2a2e23) mem 0x80015844 0x000000b3
core   0: 0x80002e50 (0xfdb4cd83) lbu     s11, -37(s1)
core   0: 3 0x80002e50 (0xfdb4cd83) x27 0x000000e6 mem 0x80015b94
core   0: 0x80002e54 (0x721a0703) lb      a4, 1825(s4)
core   0: 3 0x80002e54 (0x721a0703) x14 0xffffffe8 mem 0x80015969
core   0: 0x80002e58 (0xfd24c603) lbu     a2, -46(s1)
core   0: 3 0x80002e58 (0xfd24c603) x12 0x000000dc mem 0x80015b8b
core   0: 0x80002e5c (0x00022d17) auipc   s10, 0x22
core   0: 3 0x80002e5c (0x00022d17) x26 0x80024e5c
core   0: 0x80002e60 (0x587d0d13) addi    s10, s10, 1415
core   0: 3 0x80002e60 (0x587d0d13) x26 0x800253e3
core   0: 0x80002e64 (0x01ad4403) lbu     s0, 26(s10)
core   0: 3 0x80002e64 (0x01ad4403) x 8 0x000000e1 mem 0x800253fd
core   0: 0x80002e68 (0x002e1d93) slli    s11, t3, 2
core   0: 3 0x80002e68 (0x002e1d93) x27 0x000002cc
core   0: 0x80002e6c (0x002d4b83) lbu     s7, 2(s10)
core   0: 3 0x80002e6c (0x002d4b83) x23 0x00000001 mem 0x800253e5
core   0: 0x80002e70 (0x01c112b3) sll     t0, sp, t3
core   0: 3 0x80002e70 (0x01c112b3) x 5 0x73200000
core   0: 0x80002e74 (0xd73c0317) auipc   t1, 0xd73c0
core   0: 3 0x80002e74 (0xd73c0317) x 6 0x573c2e74
core   0: 0x80002e78 (0xa963e7b7) lui     a5, 0xa963e
core   0: 3 0x80002e78 (0xa963e7b7) x15 0xa963e000
core   0: 0x80002e7c (0x039d04a3) sb      s9, 41(s10)
core   0: 3 0x80002e7c (0x039d04a3) mem 0x8002540c 0x77
core   0: 0x80002e80 (0x00cd6bb3) or      s7, s10, a2
core   0: 3 0x80002e80 (0x00cd6bb3) x23 0x800253ff
core   0: 0x80002e84 (0x65354493) xori    s1, a0, 1619
core   0: 3 0x80002e84 (0x65354493) x 9 0x800159eb
core   0: 0x80002e88 (0xfe2d0d23) sb      sp, -6(s10)
core   0: 3 0x80002e88 (0xfe2d0d23) mem 0x800253dd 0x64
core   0: 0x80002e8c (0x030d2aa3) sw      a6, 53(s10)
core   0: 3 0x80002e8c (0x030d2aa3) mem 0x80025418 0x00000000
core   0: 0x80002e90 (0xdbb37a93) andi    s5, t1, -581
core   0: 3 0x80002e90 (0xdbb37a93) x21 0x573c2c30
core   0: 0x80002e94 (0x9501fe13) andi    t3, gp, -1712
core   0: 3 0x80002e94 (0x9501fe13) x28 0xfffff950
core   0: 0x80002e98 (0xfc1d0c23) sb      ra, -40(s10)
core   0: 3 0x80002e98 (0xfc1d0c23) mem 0x800253bb 0x60
core   0: 0x80002e9c (0x9ec3bd93) sltiu   s11, t2, -1556
core   0: 3 0x80002e9c (0x9ec3bd93) x27 0x00000001
core   0: 0x80002ea0 (0x0000100f) fence.i
core   0: 3 0x80002ea0 (0x0000100f)
core   0: 0x80002ea4 (0xfe0d4783) lbu     a5, -32(s10)
core   0: 3 0x80002ea4 (0xfe0d4783) x15 0x0000003a mem 0x800253c3
core   0: 0x80002ea8 (0x8b586713) ori     a4, a6, -1867
core   0: 3 0x80002ea8 (0x8b586713) x14 0xfffff8b5
core   0: 0x80002eac (0xfcdd24a3) sw      a3, -55(s10)
core   0: 3 0x80002eac (0xfcdd24a3) mem 0x800253ac 0x00000000
core   0: 0x80002eb0 (0x01bbd4b3) srl     s1, s7, s11
core   0: 3 0x80002eb0 (0x01bbd4b3) x 9 0x400129ff
core   0: 0x80002eb4 (0x0000100f) fence.i
core   0: 3 0x80002eb4 (0x0000100f)
core   0: 0x80002eb8 (0x0ff0000f) fence   iorw,iorw
core   0: 3 0x80002eb8 (0x0ff0000f)
core   0: 0x80002ebc (0xfd7d1883) lh      a7, -41(s10)
core   0: 3 0x80002ebc (0xfd7d1883) x17 0x00006060 mem 0x800253ba
core   0: 0x80002ec0 (0xfe2d4483) lbu     s1, -30(s10)
core   0: 3 0x80002ec0 (0xfe2d4483) x 9 0x000000bf mem 0x800253c5
core   0: 0x80002ec4 (0x013d0903) lb      s2, 19(s10)
core   0: 3 0x80002ec4 (0x013d0903) x18 0x00000002 mem 0x800253f6
core   0: 0x80002ec8 (0x025d2283) lw      t0, 37(s10)
core   0: 3 0x80002ec8 (0x025d2283) x 5 0xd3fcb9b9 mem 0x80025408
core   0: 0x80002ecc (0x00ad4183) lbu     gp, 10(s10)
core   0: 3 0x80002ecc (0x00ad4183) x 3 0x000000e6 mem 0x800253ed
core   0: 0x80002ed0 (0x4100d913) srai    s2, ra, 16
core   0: 3 0x80002ed0 (0x4100d913) x18 0x00000000
core   0: 0x80002ed4 (0xfe8d0c03) lb      s8, -24(s10)
core   0: 3 0x80002ed4 (0xfe8d0c03) x24 0xffffffce mem 0x800253cb
core   0: 0x80002ed8 (0x01f5d533) srl     a0, a1, t6
core   0: 3 0x80002ed8 (0x01f5d533) x10 0x00002000
core   0: 0x80002edc (0x030d0023) sb      a6, 32(s10)
core   0: 3 0x80002edc (0x030d0023) mem 0x80025403 0x0
core   0: 0x80002ee0 (0x02fd1383) lh      t2, 47(s10)
core   0: 3 0x80002ee0 (0x02fd1383) x 7 0xffffc203 mem 0x80025412
core   0: 0x80002ee4 (0xffcd4903) lbu     s2, -4(s10)
core   0: 3 0x80002ee4 (0xffcd4903) x18 0x000000b5 mem 0x800253df
core   0: 0x80002ee8 (0x01cd4f83) lbu     t6, 28(s10)
core   0: 3 0x80002ee8 (0x01cd4f83) x31 0x000000b2 mem 0x800253ff
core   0: 0x80002eec (0xfe5d2783) lw      a5, -27(s10)
core   0: 3 0x80002eec (0xfe5d2783) x15 0xce05e0b2 mem 0x800253c8
core   0: 0x80002ef0 (0x03fd4803) lbu     a6, 63(s10)
core   0: 3 0x80002ef0 (0x03fd4803) x16 0x00000097 mem 0x80025422
core   0: 0x80002ef4 (0x41260433) sub     s0, a2, s2
core   0: 3 0x80002ef4 (0x41260433) x 8 0x00000027
core   0: 0x80002ef8 (0xfd9d0c03) lb      s8, -39(s10)
core   0: 3 0x80002ef8 (0xfd9d0c03) x24 0x00000001 mem 0x800253bc
core   0: 0x80002efc (0x018d0e23) sb      s8, 28(s10)
core   0: 3 0x80002efc (0x018d0e23) mem 0x800253ff 0x1
core   0: 0x80002f00 (0x007662b3) or      t0, a2, t2
core   0: 3 0x80002f00 (0x007662b3) x 5 0xffffc2df
core   0: 0x80002f04 (0xfe3d4783) lbu     a5, -29(s10)
core   0: 3 0x80002f04 (0xfe3d4783) x15 0x000000a6 mem 0x800253c6
core   0: 0x80002f08 (0x41298cb3) sub     s9, s3, s2
core   0: 3 0x80002f08 (0x41298cb3) x25 0xfffffed7
core   0: 0x80002f0c (0x031d0323) sb      a7, 38(s10)
core   0: 3 0x80002f0c (0x031d0323) mem 0x80025409 0x60
core   0: 0x80002f10 (0x001d4d83) lbu     s11, 1(s10)
core   0: 3 0x80002f10 (0x001d4d83) x27 0x00000046 mem 0x800253e4
core   0: 0x80002f14 (0x012ef6b3) and     a3, t4, s2
core   0: 3 0x80002f14 (0x012ef6b3) x13 0x00000084
core   0: 0x80002f18 (0xff4d0403) lb      s0, -12(s10)
core   0: 3 0x80002f18 (0xff4d0403) x 8 0xffffffbc mem 0x800253d7
core   0: 0x80002f1c (0x00014397) auipc   t2, 0x14
core   0: 3 0x80002f1c (0x00014397) x 7 0x80016f1c
core   0: 0x80002f20 (0xf8938393) addi    t2, t2, -119
core   0: 3 0x80002f20 (0xf8938393) x 7 0x80016ea5
core   0: 0x80002f24 (0x03538423) sb      s5, 40(t2)
core   0: 3 0x80002f24 (0x03538423) mem 0x80016ecd 0x30
core   0: 0x80002f28 (0x0333ca83) lbu     s5, 51(t2)
core   0: 3 0x80002f28 (0x0333ca83) x21 0x000000ca mem 0x80016ed8
core   0: 0x80002f2c (0x71f33993) sltiu   s3, t1, 1823
core   0: 3 0x80002f2c (0x71f33993) x19 0x00000000
core   0: 0x80002f30 (0xfea3ada3) sw      a0, -5(t2)
core   0: 3 0x80002f30 (0xfea3ada3) mem 0x80016ea0 0x00002000
core   0: 0x80002f34 (0xff738223) sb      s7, -28(t2)
core   0: 3 0x80002f34 (0xff738223) mem 0x80016e89 0xff
core   0: 0x80002f38 (0x03939da3) sh      s9, 59(t2)
core   0: 3 0x80002f38 (0x03939da3) mem 0x80016ee0 0xfed7
core   0: 0x80002f3c (0x01891333) sll     t1, s2, s8
core   0: 3 0x80002f3c (0x01891333) x 6 0x0000016a
core   0: 0x80002f40 (0x03f3ca03) lbu     s4, 63(t2)
core   0: 3 0x80002f40 (0x03f3ca03) x20 0x0000008b mem 0x80016ee4
core   0: 0x80002f44 (0x03e38c23) sb      t5, 56(t2)
core   0: 3 0x80002f44 (0x03e38c23) mem 0x80016edd 0x63
core   0: 0x80002f48 (0x03e3cc03) lbu     s8, 62(t2)
core   0: 3 0x80002f48 (0x03e3cc03) x24 0x0000005d mem 0x80016ee3
core   0: 0x80002f4c (0x00b3ada3) sw      a1, 27(t2)
core   0: 3 0x80002f4c (0x00b3ada3) mem 0x80016ec0 0x8002ece4
core   0: 0x80002f50 (0x02238483) lb      s1, 34(t2)
core   0: 3 0x80002f50 (0x02238483) x 9 0x0000007a mem 0x80016ec7
core   0: 0x80002f54 (0xffa38803) lb      a6, -6(t2)
core   0: 3 0x80002f54 (0xffa38803) x16 0x0000003b mem 0x80016e9f
core   0: 0x80002f58 (0xfdc3cd83) lbu     s11, -36(t2)
core   0: 3 0x80002f58 (0xfdc3cd83) x27 0x0000000e mem 0x80016e81
core   0: 0x80002f5c (0x01739903) lh      s2, 23(t2)
core   0: 3 0x80002f5c (0x01739903) x18 0x00006f7d mem 0x80016ebc
core   0: 0x80002f60 (0x01e2df93) srli    t6, t0, 30
core   0: 3 0x80002f60 (0x01e2df93) x31 0x00000003
core   0: 0x80002f64 (0xff238f03) lb      t5, -14(t2)
core   0: 3 0x80002f64 (0xff238f03) x30 0xffffffc9 mem 0x80016e97
core   0: 0x80002f68 (0x0243c503) lbu     a0, 36(t2)
core   0: 3 0x80002f68 (0x0243c503) x10 0x00000090 mem 0x80016ec9
core   0: 0x80002f6c (0x0093c783) lbu     a5, 9(t2)
core   0: 3 0x80002f6c (0x0093c783) x15 0x0000007a mem 0x80016eae
core   0: 0x80002f70 (0x00739c03) lh      s8, 7(t2)
core   0: 3 0x80002f70 (0x00739c03) x24 0xffffb4b9 mem 0x80016eac
core   0: 0x80002f74 (0xfd339903) lh      s2, -45(t2)
core   0: 3 0x80002f74 (0xfd339903) x18 0xffff8ef9 mem 0x80016e78
core   0: 0x80002f78 (0x004119b3) sll     s3, sp, tp
core   0: 3 0x80002f78 (0x004119b3) x19 0x15732000
core   0: 0x80002f7c (0x0ff0000f) fence   iorw,iorw
core   0: 3 0x80002f7c (0x0ff0000f)
core   0: 0x80002f80 (0x03338603) lb      a2, 51(t2)
core   0: 3 0x80002f80 (0x03338603) x12 0xffffffca mem 0x80016ed8
core   0: 0x80002f84 (0x8bc0ff13) andi    t5, ra, -1860
core   0: 3 0x80002f84 (0x8bc0ff13) x30 0x0000d020
core   0: 0x80002f88 (0x0ff0000f) fence   iorw,iorw
core   0: 3 0x80002f88 (0x0ff0000f)
core   0: 0x80002f8c (0x01138c23) sb      a7, 24(t2)
core   0: 3 0x80002f8c (0x01138c23) mem 0x80016ebd 0x60
core   0: 0x80002f90 (0x413ed993) srai    s3, t4, 19
core   0: 3 0x80002f90 (0x413ed993) x19 0x00000000
core   0: 0x80002f94 (0xfc0398a3) sh      zero, -47(t2)
core   0: 3 0x80002f94 (0xfc0398a3) mem 0x80016e76 0x0000
core   0: 0x80002f98 (0x005396a3) sh      t0, 13(t2)
core   0: 3 0x80002f98 (0x005396a3) mem 0x80016eb2 0xc2df
core   0: 0x80002f9c (0xff739083) lh      ra, -9(t2)
core   0: 3 0x80002f9c (0xff739083) x 1 0x000002ee mem 0x80016e9c
core   0: 0x80002fa0 (0x02e38e23) sb      a4, 60(t2)
core   0: 3 0x80002fa0 (0x02e38e23) mem 0x80016ee1 0xb5
core   0: 0x80002fa4 (0x16132493) slti    s1, t1, 353
core   0: 3 0x80002fa4 (0x16132493) x 9 0x00000000
core   0: 0x80002fa8 (0xfc53c783) lbu     a5, -59(t2)
core   0: 3 0x80002fa8 (0xfc53c783) x15 0x00000041 mem 0x80016e6a
core   0: 0x80002fac (0xc1c73813) sltiu   a6, a4, -996
core   0: 3 0x80002fac (0xc1c73813) x16 0x00000001
core   0: 0x80002fb0 (0x03138a23) sb      a7, 52(t2)
core   0: 3 0x80002fb0 (0x03138a23) mem 0x80016ed9 0x60
core   0: 0x80002fb4 (0x00012e97) auipc   t4, 0x12
core   0: 3 0x80002fb4 (0x00012e97) x29 0x80014fb4
core   0: 0x80002fb8 (0x4f8e8e93) addi    t4, t4, 1272
core   0: 3 0x80002fb8 (0x4f8e8e93) x29 0x800154ac
core   0: 0x80002fbc (0x0f1ec203) lbu     tp, 241(t4)
core   0: 3 0x80002fbc (0x0f1ec203) x 4 0x000000fd mem 0x8001559d
core   0: 0x80002fc0 (0x5f9a4513) xori    a0, s4, 1529
core   0: 3 0x80002fc0 (0x5f9a4513) x10 0x00000572
core   0: 0x80002fc4 (0xf64e84a3) sb      tp, -151(t4)
core   0: 3 0x80002fc4 (0xf64e84a3) mem 0x80015415 0xfd
core   0: 0x80002fc8 (0x409cd433) sra     s0, s9, s1
core   0: 3 0x80002fc8 (0x409cd433) x 8 0xfffffed7
core   0: 0x80002fcc (0x7a37f193) andi    gp, a5, 1955
core   0: 3 0x80002fcc (0x7a37f193) x 3 0x00000001
core   0: 0x80002fd0 (0xfede8683) lb      a3, -19(t4)
core   0: 3 0x80002fd0 (0xfede8683) x13 0xffffffdb mem 0x80015499
core   0: 0x80002fd4 (0xf26e86a3) sb      t1, -211(t4)
core   0: 3 0x80002fd4 (0xf26e86a3) mem 0x800153d9 0x6a
core   0: 0x80002fd8 (0xf60ea783) lw      a5, -160(t4)
core   0: 3 0x80002fd8 (0xf60ea783) x15 0x841812b2 mem 0x8001540c
core   0: 0x80002fdc (0x01f55433) srl     s0, a0, t6
core   0: 3 0x80002fdc (0x01f55433) x 8 0x000000ae
core   0: 0x80002fe0 (0x0ff0000f) fence   iorw,iorw
core   0: 3 0x80002fe0 (0x0ff0000f)
core   0: 0x80002fe4 (0x0160d733) srl     a4, ra, s6
core   0: 3 0x80002fe4 (0x0160d733) x14 0x00000000
core   0: 0x80002fe8 (0xf3fe8803) lb      a6, -193(t4)
core   0: 3 0x80002fe8 (0xf3fe8803) x16 0xffffffe8 mem 0x800153eb
core   0: 0x80002fec (0x40c888b3) sub     a7, a7, a2
core   0: 3 0x80002fec (0x40c888b3) x17 0x00006096
core   0: 0x80002ff0 (0xfcfe8723) sb      a5, -50(t4)
core   0: 3 0x80002ff0 (0xfcfe8723) mem 0x8001547a 0xb2
core   0: 0x80002ff4 (0x0ff0000f) fence   iorw,iorw
core   0: 3 0x80002ff4 (0x0ff0000f)
core   0: 0x80002ff8 (0xfdde8e03) lb      t3, -35(t4)
core   0: 3 0x80002ff8 (0xfdde8e03) x28 0x00000010 mem 0x80015489
core   0: 0x80002ffc (0x00d29d93) slli    s11, t0, 13
core   0: 3 0x80002ffc (0x00d29d93) x27 0xf85be000
core   0: 0x80003000 (0x04aeaa23) sw      a0, 84(t4)
core   0: 3 0x80003000 (0x04aeaa23) mem 0x80015500 0x00000572
core   0: 0x80003004 (0xf9fec783) lbu     a5, -97(t4)
core   0: 3 0x80003004 (0xf9fec783) x15 0x000000da mem 0x8001544b
core   0: 0x80003008 (0x01ce9f03) lh      t5, 28(t4)
core   0: 3 0x80003008 (0x01ce9f03) x30 0xffffab31 mem 0x800154c8
core   0: 0x8000300c (0x00a09db3) sll     s11, ra, a0
core   0: 3 0x8000300c (0x00a09db3) x27 0x0bb80000
core   0: 0x80003010 (0x0117c033) xor     zero, a5, a7
core   0: 3 0x80003010 (0x0117c033)
core   0: 0x80003014 (0x017ddab3) srl     s5, s11, s7
core   0: 3 0x80003014 (0x017ddab3) x21 0x00000000
core   0: 0x80003018 (0xfa7e8003) lb      zero, -89(t4)
core   0: 3 0x80003018 (0xfa7e8003) mem 0x80015453
core   0: 0x8000301c (0xf13e8ba3) sb      s3, -233(t4)
core   0: 3 0x8000301c (0xf13e8ba3) mem 0x800153c3 0x0
core   0: 0x80003020 (0x0000100f) fence.i
core   0: 3 0x80003020 (0x0000100f)
core   0: 0x80003024 (0xf3dea823) sw      t4, -208(t4)
core   0: 3 0x80003024 (0xf3dea823) mem 0x800153dc 0x800154ac
core   0: 0x80003028 (0x064e88a3) sb      tp, 113(t4)
core   0: 3 0x80003028 (0x064e88a3) mem 0x8001551d 0xfd
core   0: 0x8000302c (0xfb0ecf03) lbu     t5, -80(t4)
core   0: 3 0x8000302c (0xfb0ecf03) x30 0x00000004 mem 0x8001545c
core   0: 0x80003030 (0x0f1ece03) lbu     t3, 241(t4)
core   0: 3 0x80003030 (0x0f1ece03) x28 0x000000fd mem 0x8001559d
core   0: 0x80003034 (0xf5947397) auipc   t2, 0xf5947
core   0: 3 0x80003034 (0xf5947397) x 7 0x7594a034
core   0: 0x80003038 (0x095eac23) sw      s5, 152(t4)
core   0: 3 0x80003038 (0x095eac23) mem 0x80015544 0x00000000
core   0: 0x8000303c (0xfdab8093) addi    ra, s7, -38
core   0: 3 0x8000303c (0xfdab8093) x 1 0x800253d9
core   0: 0x80003040 (0xf0deae23) sw      a3, -228(t4)
core   0: 3 0x80003040 (0xf0deae23) mem 0x800153c8 0xffffffdb
core   0: 0x80003044 (0xfdee9003) lh      zero, -34(t4)
core   0: 3 0x80003044 (0xfdee9003) mem 0x8001548a
core   0: 0x80003048 (0xfd9ea423) sw      s9, -56(t4)
core   0: 3 0x80003048 (0xfd9ea423) mem 0x80015474 0xfffffed7
core   0: 0x8000304c (0x0bae8823) sb      s10, 176(t4)
core   0: 3 0x8000304c (0x0bae8823) mem 0x8001555c 0xe3
core   0: 0x80003050 (0x4868a413) slti    s0, a7, 1158
core   0: 3 0x80003050 (0x4868a413) x 8 0x00000000
core   0: 0x80003054 (0x00499613) slli    a2, s3, 4
core   0: 3 0x80003054 (0x00499613) x12 0x00000000
core   0: 0x80003058 (0x97307013) andi    zero, zero, -1677
core   0: 3 0x80003058 (0x97307013)
core   0: 0x8000305c (0xdc053993) sltiu   s3, a0, -576
core   0: 3 0x8000305c (0xdc053993) x19 0x00000001
core   0: 0x80003060 (0xf11ec403) lbu     s0, -239(t4)
core   0: 3 0x80003060 (0xf11ec403) x 8 0x000000b7 mem 0x800153bd
core   0: 0x80003064 (0x096e8603) lb      a2, 150(t4)
core   0: 3 0x80003064 (0x096e8603) x12 0x00000018 mem 0x80015542
core   0: 0x80003068 (0x076e9323) sh      s6, 102(t4)
core   0: 3 0x80003068 (0x076e9323) mem 0x80015512 0xbb5c
core   0: 0x8000306c (0x089ec983) lbu     s3, 137(t4)
core   0: 3 0x8000306c (0x089ec983) x19 0x00000091 mem 0x80015535
core   0: 0x80003070 (0xfb2eda83) lhu     s5, -78(t4)
core   0: 3 0x80003070 (0xfb2eda83) x21 0x000062b7 mem 0x8001545e
core   0: 0x80003074 (0x00017c17) auipc   s8, 0x17
core   0: 3 0x80003074 (0x00017c17) x24 0x8001a074
core   0: 0x80003078 (0x5a6c0c13) addi    s8, s8, 1446
core   0: 3 0x80003078 (0x5a6c0c13) x24 0x8001a61a
core   0: 0x8000307c (0xf22c1383) lh      t2, -222(s8)
core   0: 3 0x8000307c (0xf22c1383) x 7 0xffffda43 mem 0x8001a53c
core   0: 0x80003080 (0x0001d797) auipc   a5, 0x1d
core   0: 3 0x80003080 (0x0001d797) x15 0x80020080
core   0: 0x80003084 (0x77578793) addi    a5, a5, 1909
core   0: 3 0x80003084 (0x77578793) x15 0x800207f5
core   0: 0x80003088 (0x0107c183) lbu     gp, 16(a5)
core   0: 3 0x80003088 (0x0107c183) x 3 0x00000056 mem 0x80020805
core   0: 0x8000308c (0x00ec2d23) sw      a4, 26(s8)
core   0: 3 0x8000308c (0x00ec2d23) mem 0x8001a634 0x00000000
core   0: 0x80003090 (0x90ac4483) lbu     s1, -1782(s8)
core   0: 3 0x80003090 (0x90ac4483) x 9 0x000000cb mem 0x80019f24
core   0: 0x80003094 (0xffd78d23) sb      t4, -6(a5)
core   0: 3 0x80003094 (0xffd78d23) mem 0x800207ef 0xac
core   0: 0x80003098 (0x798c4903) lbu     s2, 1944(s8)
core   0: 3 0x80003098 (0x798c4903) x18 0x0000009f mem 0x8001adb2
core   0: 0x8000309c (0x01b785a3) sb      s11, 11(a5)
core   0: 3 0x8000309c (0x01b785a3) mem 0x80020800 0x0
core   0: 0x800030a0 (0x00c7c703) lbu     a4, 12(a5)
core   0: 3 0x800030a0 (0x00c7c703) x14 0x00000033 mem 0x80020801
core   0: 0x800030a4 (0x4c3c0683) lb      a3, 1219(s8)
core   0: 3 0x800030a4 (0x4c3c0683) x13 0xffffffd1 mem 0x8001aadd
core   0: 0x800030a8 (0x447c0423) sb      t2, 1096(s8)
core   0: 3 0x800030a8 (0x447c0423) mem 0x8001aa62 0x43
core   0: 0x800030ac (0xfea7a9a3) sw      a0, -13(a5)
core   0: 3 0x800030ac (0xfea7a9a3) mem 0x800207e8 0x00000572
core   0: 0x800030b0 (0xdddc4983) lbu     s3, -547(s8)
core   0: 3 0x800030b0 (0xdddc4983) x19 0x00000051 mem 0x8001a3f7
core   0: 0x800030b4 (0xffc78403) lb      s0, -4(a5)
core   0: 3 0x800030b4 (0xffc78403) x 8 0x00000043 mem 0x800207f1
core   0: 0x800030b8 (0x2d7c4183) lbu     gp, 727(s8)
core   0: 3 0x800030b8 (0x2d7c4183) x 3 0x0000009d mem 0x8001a8f1
core   0: 0x800030bc (0x036c4603) lbu     a2, 54(s8)
core   0: 3 0x800030bc (0x036c4603) x12 0x00000089 mem 0x8001a650
core   0: 0x800030c0 (0x617c4283) lbu     t0, 1559(s8)
core   0: 3 0x800030c0 (0x617c4283) x 5 0x00000088 mem 0x8001ac31
core   0: 0x800030c4 (0x00978503) lb      a0, 9(a5)
core   0: 3 0x800030c4 (0x00978503) x10 0xffffff83 mem 0x800207fe
core   0: 0x800030c8 (0x00012417) auipc   s0, 0x12
core   0: 3 0x800030c8 (0x00012417) x 8 0x800150c8
core   0: 0x800030cc (0x42c40413) addi    s0, s0, 1068
core   0: 3 0x800030cc (0x42c40413) x 8 0x800154f4
core   0: 0x800030d0 (0x016b71b3) and     gp, s6, s6
core   0: 3 0x800030d0 (0x016b71b3) x 3 0xfe61bb5c
core   0: 0x800030d4 (0xff640a03) lb      s4, -10(s0)
core   0: 3 0x800030d4 (0xff640a03) x20 0xffffffd8 mem 0x800154ea
core   0: 0x800030d8 (0x00644283) lbu     t0, 6(s0)
core   0: 3 0x800030d8 (0x00644283) x 5 0x00000005 mem 0x800154fa
core   0: 0x800030dc (0x00c41123) sh      a2, 2(s0)
core   0: 3 0x800030dc (0x00c41123) mem 0x800154f6 0x0089
core   0: 0x800030e0 (0x014f4bb3) xor     s7, t5, s4
core   0: 3 0x800030e0 (0x014f4bb3) x23 0xffffffdc
core   0: 0x800030e4 (0x00513733) sltu    a4, sp, t0
core   0: 3 0x800030e4 (0x00513733) x14 0x00000000
core   0: 0x800030e8 (0xfff40883) lb      a7, -1(s0)
core   0: 3 0x800030e8 (0xfff40883) x17 0x00000017 mem 0x800154f3
core   0: 0x800030ec (0x00651513) slli    a0, a0, 6
core   0: 3 0x800030ec (0x00651513) x10 0xffffe0c0
core   0: 0x800030f0 (0xfe5408a3) sb      t0, -15(s0)
core   0: 3 0x800030f0 (0xfe5408a3) mem 0x800154e5 0x5
core   0: 0x800030f4 (0x00540803) lb      a6, 5(s0)
core   0: 3 0x800030f4 (0x00540803) x16 0xffffffb8 mem 0x800154f9
core   0: 0x800030f8 (0x8decae13) slti    t3, s9, -1826
core   0: 3 0x800030f8 (0x8decae13) x28 0x00000000
core   0: 0x800030fc (0xfe96fb93) andi    s7, a3, -23
core   0: 3 0x800030fc (0xfe96fb93) x23 0xffffffc1
core   0: 0x80003100 (0x58174393) xori    t2, a4, 1409
core   0: 3 0x80003100 (0x58174393) x 7 0x00000581
core   0: 0x80003104 (0xe1efad13) slti    s10, t6, -482
core   0: 3 0x80003104 (0xe1efad13) x26 0x00000000
core   0: 0x80003108 (0xffa44a03) lbu     s4, -6(s0)
core   0: 3 0x80003108 (0xffa44a03) x20 0x0000003a mem 0x800154ee
core   0: 0x8000310c (0x00f44603) lbu     a2, 15(s0)
core   0: 3 0x8000310c (0x00f44603) x12 0x00000000 mem 0x80015503
core   0: 0x80003110 (0x40c60c33) sub     s8, a2, a2
core   0: 3 0x80003110 (0x40c60c33) x24 0x00000000
core   0: 0x80003114 (0xbc2dff93) andi    t6, s11, -1086
core   0: 3 0x80003114 (0xbc2dff93) x31 0x0bb80000
core   0: 0x80003118 (0x00829293) slli    t0, t0, 8
core   0: 3 0x80003118 (0x00829293) x 5 0x00000500
core   0: 0x8000311c (0x00ecaeb3) slt     t4, s9, a4
core   0: 3 0x8000311c (0x00ecaeb3) x29 0x00000001
core   0: 0x80003120 (0x00544003) lbu     zero, 5(s0)
core   0: 3 0x80003120 (0x00544003) mem 0x800154f9
core   0: 0x80003124 (0x00840283) lb      t0, 8(s0)
core   0: 3 0x80003124 (0x00840283) x 5 0x00000050 mem 0x800154fc
core   0: 0x80003128 (0x7350c6b7) lui     a3, 0x7350c
core   0: 3 0x80003128 (0x7350c6b7) x13 0x7350c000
core   0: 0x8000312c (0x00140383) lb      t2, 1(s0)
core   0: 3 0x8000312c (0x00140383) x 7 0xffffff9c mem 0x800154f5
core   0: 0x80003130 (0xff140383) lb      t2, -15(s0)
core   0: 3 0x80003130 (0xff140383) x 7 0x00000005 mem 0x800154e5
core   0: 0x80003134 (0xff540703) lb      a4, -11(s0)
core   0: 3 0x80003134 (0xff540703) x14 0x00000000 mem 0x800154e9
core   0: 0x80003138 (0xff841b83) lh      s7, -8(s0)
core   0: 3 0x80003138 (0xff841b83) x23 0xffff929a mem 0x800154ec
core   0: 0x8000313c (0xfff41c23) sh      t6, -8(s0)
core   0: 3 0x8000313c (0xfff41c23) mem 0x800154ec 0x0000
core   0: 0x80003140 (0x0001bf17) auipc   t5, 0x1b
core   0: 3 0x80003140 (0x0001bf17) x30 0x8001e140
core   0: 0x80003144 (0xe79f0f13) addi    t5, t5, -391
core   0: 3 0x80003144 (0xe79f0f13) x30 0x8001dfb9
core   0: 0x80003148 (0x412f0b83) lb      s7, 1042(t5)
core   0: 3 0x80003148 (0x412f0b83) x23 0xffffffb2 mem 0x8001e3cb
core   0: 0x8000314c (0x0122bd33) sltu    s10, t0, s2
core   0: 3 0x8000314c (0x0122bd33) x26 0x00000001
core   0: 0x80003150 (0xc1bf18a3) sh      s11, -1007(t5)
core   0: 3 0x80003150 (0xc1bf18a3) mem 0x8001dbca 0x0000
core   0: 0x80003154 (0x077f5483) lhu     s1, 119(t5)
core   0: 3 0x80003154 (0x077f5483) x 9 0x0000c8a6 mem 0x8001e030
core   0: 0x80003158 (0x01779a13) slli    s4, a5, 23
core   0: 3 0x80003158 (0x01779a13) x20 0xfa800000
core   0: 0x8000315c (0xaf0c6f93) ori     t6, s8, -1296
core   0: 3 0x8000315c (0xaf0c6f93) x31 0xfffffaf0
core   0: 0x80003160 (0x5bff1c83) lh      s9, 1471(t5)
core   0: 3 0x80003160 (0x5bff1c83) x25 0x000070d0 mem 0x8001e578
core   0: 0x80003164 (0x8e6f3193) sltiu   gp, t5, -1818
core   0: 3 0x80003164 (0x8e6f3193) x 3 0x00000001
core   0: 0x80003168 (0x0e7f5283) lhu     t0, 231(t5)
core   0: 3 0x80003168 (0x0e7f5283) x 5 0x00004f52 mem 0x8001e0a0
core   0: 0x8000316c (0x895e2213) slti    tp, t3, -1899
core   0: 3 0x8000316c (0x895e2213) x 4 0x00000000
core   0: 0x80003170 (0x0000100f) fence.i
core   0: 3 0x80003170 (0x0000100f)
core   0: 0x80003174 (0x00830eb3) add     t4, t1, s0
core   0: 3 0x80003174 (0x00830eb3) x29 0x8001565e
core   0: 0x80003178 (0xb92f1aa3) sh      s2, -1131(t5)
core   0: 3 0x80003178 (0xb92f1aa3) mem 0x8001db4e 0x009f
core   0: 0x8000317c (0x00252ab3) slt     s5, a0, sp
core   0: 3 0x8000317c (0x00252ab3) x21 0x00000000
core   0: 0x80003180 (0x0027e3b3) or      t2, a5, sp
core   0: 3 0x80003180 (0x0027e3b3) x 7 0x8002aff5
core   0: 0x80003184 (0x0a8f0093) addi    ra, t5, 168
core   0: 3 0x80003184 (0x0a8f0093) x 1 0x8001e061
core   0: 0x80003188 (0xee7f1183) lh      gp, -281(t5)
core   0: 3 0x80003188 (0xee7f1183) x 3 0xffff8575 mem 0x8001dea0
core   0: 0x8000318c (0xe6af4383) lbu     t2, -406(t5)
core   0: 3 0x8000318c (0xe6af4383) x 7 0x0000004f mem 0x8001de23
core   0: 0x80003190 (0x00ae26b3) slt     a3, t3, a0
core   0: 3 0x80003190 (0x00ae26b3) x13 0x00000000
core   0: 0x80003194 (0x00676933) or      s2, a4, t1
core   0: 3 0x80003194 (0x00676933) x18 0x0000016a
core   0: 0x80003198 (0x006664b3) or      s1, a2, t1
core   0: 3 0x80003198 (0x006664b3) x 9 0x0000016a
core   0: 0x8000319c (0x7baf0a83) lb      s5, 1978(t5)
core   0: 3 0x8000319c (0x7baf0a83) x21 0xffffff97 mem 0x8001e773
core   0: 0x800031a0 (0x018f39b3) sltu    s3, t5, s8
core   0: 3 0x800031a0 (0x018f39b3) x19 0x00000000
core   0: 0x800031a4 (0xa35f0e83) lb      t4, -1483(t5)
core   0: 3 0x800031a4 (0xa35f0e83) x29 0x00000015 mem 0x8001d9ee
core   0: 0x800031a8 (0x018bd413) srli    s0, s7, 24
core   0: 3 0x800031a8 (0x018bd413) x 8 0x000000ff
core   0: 0x800031ac (0x017c6033) or      zero, s8, s7
core   0: 3 0x800031ac (0x017c6033)
core   0: 0x800031b0 (0x763f2903) lw      s2, 1891(t5)
core   0: 3 0x800031b0 (0x763f2903) x18 0xf713dc44 mem 0x8001e71c
core   0: 0x800031b4 (0x00835013) srli    zero, t1, 8
core   0: 3 0x800031b4 (0x00835013)
core   0: 0x800031b8 (0x294f0f23) sb      s4, 670(t5)
core   0: 3 0x800031b8 (0x294f0f23) mem 0x8001e257 0x0
core   0: 0x800031bc (0x7fb27a13) andi    s4, tp, 2043
core   0: 3 0x800031bc (0x7fb27a13) x20 0x00000000
core   0: 0x800031c0 (0x5e96e037) lui     zero, 0x5e96e
core   0: 3 0x800031c0 (0x5e96e037)
core   0: 0x800031c4 (0x0061eeb3) or      t4, gp, t1
core   0: 3 0x800031c4 (0x0061eeb3) x29 0xffff857f
core   0: 0x800031c8 (0x400f0523) sb      zero, 1034(t5)
core   0: 3 0x800031c8 (0x400f0523) mem 0x8001e3c3 0x0
core   0: 0x800031cc (0xf2858693) addi    a3, a1, -216
core   0: 3 0x800031cc (0xf2858693) x13 0x8002ec0c
core   0: 0x800031d0 (0x687f0e23) sb      t2, 1692(t5)
core   0: 3 0x800031d0 (0x687f0e23) mem 0x8001e655 0x4f
core   0: 0x800031d4 (0xd06f0883) lb      a7, -762(t5)
core   0: 3 0x800031d4 (0xd06f0883) x17 0x0000004a mem 0x8001dcbf
core   0: 0x800031d8 (0x176f4a83) lbu     s5, 374(t5)
core   0: 3 0x800031d8 (0x176f4a83) x21 0x00000041 mem 0x8001e12f
core   0: 0x800031dc (0x716f4383) lbu     t2, 1814(t5)
core   0: 3 0x800031dc (0x716f4383) x 7 0x00000037 mem 0x8001e6cf
core   0: 0x800031e0 (0x00013517) auipc   a0, 0x13
core   0: 3 0x800031e0 (0x00013517) x10 0x800161e0
core   0: 0x800031e4 (0xa7c50513) addi    a0, a0, -1412
core   0: 3 0x800031e4 (0xa7c50513) x10 0x80015c5c
core   0: 0x800031e8 (0xffd509a3) sb      t4, -13(a0)
core   0: 3 0x800031e8 (0xffd509a3) mem 0x80015c4f 0x7f
core   0: 0x800031ec (0xff354a83) lbu     s5, -13(a0)
core   0: 3 0x800031ec (0xff354a83) x21 0x0000007f mem 0x80015c4f
core   0: 0x800031f0 (0xfe951b23) sh      s1, -10(a0)
core   0: 3 0x800031f0 (0xfe951b23) mem 0x80015c52 0x016a
core   0: 0x800031f4 (0xff654983) lbu     s3, -10(a0)
core   0: 3 0x800031f4 (0xff654983) x19 0x0000006a mem 0x80015c52
core   0: 0x800031f8 (0xfe552e23) sw      t0, -4(a0)
core   0: 3 0x800031f8 (0xfe552e23) mem 0x80015c58 0x00004f52
core   0: 0x800031fc (0xfcf23713) sltiu   a4, tp, -49
core   0: 3 0x800031fc (0xfcf23713) x14 0x00000001
core   0: 0x80003200 (0x00350f03) lb      t5, 3(a0)
core   0: 3 0x80003200 (0x00350f03) x30 0x00000064 mem 0x80015c5f
core   0: 0x80003204 (0x00354d83) lbu     s11, 3(a0)
core   0: 3 0x80003204 (0x00354d83) x27 0x00000064 mem 0x80015c5f
core   0: 0x80003208 (0xfff50c03) lb      s8, -1(a0)
core   0: 3 0x80003208 (0xfff50c03) x24 0x00000000 mem 0x80015c5b
core   0: 0x8000320c (0xff150903) lb      s2, -15(a0)
core   0: 3 0x8000320c (0xff150903) x18 0xffffffd1 mem 0x80015c4d
core   0: 0x80003210 (0xff150a03) lb      s4, -15(a0)
core   0: 3 0x80003210 (0xff150a03) x20 0xffffffd1 mem 0x80015c4d
core   0: 0x80003214 (0x00385db3) srl     s11, a6, gp
core   0: 3 0x80003214 (0x00385db3) x27 0x000007ff
core   0: 0x80003218 (0xfe550f23) sb      t0, -2(a0)
core   0: 3 0x80003218 (0xfe550f23) mem 0x80015c5a 0x52
core   0: 0x8000321c (0x00465293) srli    t0, a2, 4
core   0: 3 0x8000321c (0x00465293) x 5 0x00000000
core   0: 0x80003220 (0x00350a03) lb      s4, 3(a0)
core   0: 3 0x80003220 (0x00350a03) x20 0x00000064 mem 0x80015c5f
core   0: 0x80003224 (0x40dcdc33) sra     s8, s9, a3
core   0: 3 0x80003224 (0x40dcdc33) x24 0x00000007
core   0: 0x80003228 (0x00e54183) lbu     gp, 14(a0)
core   0: 3 0x80003228 (0x00e54183) x 3 0x00000080 mem 0x80015c6a
core   0: 0x8000322c (0xffc54883) lbu     a7, -4(a0)
core   0: 3 0x8000322c (0xffc54883) x17 0x00000052 mem 0x80015c58
core   0: 0x80003230 (0x00b54a83) lbu     s5, 11(a0)
core   0: 3 0x80003230 (0x00b54a83) x21 0x0000002f mem 0x80015c67
core   0: 0x80003234 (0xff052483) lw      s1, -16(a0)
core   0: 3 0x80003234 (0xff052483) x 9 0x7f12d117 mem 0x80015c4c
core   0: 0x80003238 (0x01052a03) lw      s4, 16(a0)
core   0: 3 0x80003238 (0x01052a03) x20 0xbb11ef7a mem 0x80015c6c
core   0: 0x8000323c (0x00650403) lb      s0, 6(a0)
core   0: 3 0x8000323c (0x00650403) x 8 0x00000000 mem 0x80015c62
core   0: 0x80003240 (0xfc26a697) auipc   a3, 0xfc26a
core   0: 3 0x80003240 (0xfc26a697) x13 0x7c26d240
core   0: 0x80003244 (0x01e25bb3) srl     s7, tp, t5
core   0: 3 0x80003244 (0x01e25bb3) x23 0x00000000
core   0: 0x80003248 (0x00654983) lbu     s3, 6(a0)
core   0: 3 0x80003248 (0x00654983) x19 0x00000000 mem 0x80015c62
core   0: 0x8000324c (0x00012517) auipc   a0, 0x12
core   0: 3 0x8000324c (0x00012517) x10 0x8001524c
core   0: 0x80003250 (0x3c350513) addi    a0, a0, 963
core   0: 3 0x80003250 (0x3c350513) x10 0x8001560f
core   0: 0x80003254 (0x0001e997) auipc   s3, 0x1e
core   0: 3 0x80003254 (0x0001e997) x19 0x80021254
core   0: 0x80003258 (0xdde98993) addi    s3, s3, -546
core   0: 3 0x80003258 (0xdde98993) x19 0x80021032
core   0: 0x8000325c (0x31a9c083) lbu     ra, 794(s3)
core   0: 3 0x8000325c (0x31a9c083) x 1 0x0000006c mem 0x8002134c
core   0: 0x80003260 (0xfd4503a3) sb      s4, -57(a0)
core   0: 3 0x80003260 (0xfd4503a3) mem 0x800155d6 0x7a
core   0: 0x80003264 (0x41d9c683) lbu     a3, 1053(s3)
core   0: 3 0x80003264 (0x41d9c683) x13 0x00000036 mem 0x8002144f
core   0: 0x80003268 (0x80e98b83) lb      s7, -2034(s3)
core   0: 3 0x80003268 (0x80e98b83) x23 0x00000033 mem 0x80020840
core   0: 0x8000326c (0xccf9c083) lbu     ra, -817(s3)
core   0: 3 0x8000326c (0xccf9c083) x 1 0x00000066 mem 0x80020d01
core   0: 0x80003270 (0x79099303) lh      t1, 1936(s3)
core   0: 3 0x80003270 (0x79099303) x 6 0x00000161 mem 0x800217c2
core   0: 0x80003274 (0xfee510a3) sh      a4, -31(a0)
core   0: 3 0x80003274 (0xfee510a3) mem 0x800155f0 0x0001
core   0: 0x80003278 (0x03854003) lbu     zero, 56(a0)
core   0: 3 0x80003278 (0x03854003) mem 0x80015647
core   0: 0x8000327c (0x0ea99423) sh      a0, 232(s3)
core   0: 3 0x8000327c (0x0ea99423) mem 0x8002111a 0x560f
core   0: 0x80003280 (0x01b54f83) lbu     t6, 27(a0)
core   0: 3 0x80003280 (0x01b54f83) x31 0x00000010 mem 0x8001562a
core   0: 0x80003284 (0xfe454703) lbu     a4, -28(a0)
core   0: 3 0x80003284 (0xfe454703) x14 0x00000036 mem 0x800155f3
core   0: 0x80003288 (0x52c98c03) lb      s8, 1324(s3)
core   0: 3 0x80003288 (0x52c98c03) x24 0x00000000 mem 0x8002155e
core   0: 0x8000328c (0x02050603) lb      a2, 32(a0)
core   0: 3 0x8000328c (0x02050603) x12 0xffffffcd mem 0x8001562f
core   0: 0x80003290 (0xda19cd03) lbu     s10, -607(s3)
core   0: 3 0x80003290 (0xda19cd03) x26 0x000000c9 mem 0x80020dd3
core   0: 0x80003294 (0x24398123) sb      gp, 578(s3)
core   0: 3 0x80003294 (0x24398123) mem 0x80021274 0x80
core   0: 0x80003298 (0x01750083) lb      ra, 23(a0)
core   0: 3 0x80003298 (0x01750083) x 1 0x00000002 mem 0x80015626
core   0: 0x8000329c (0x03450603) lb      a2, 52(a0)
core   0: 3 0x8000329c (0x03450603) x12 0x00000034 mem 0x80015643
core   0: 0x800032a0 (0x00012a97) auipc   s5, 0x12
core   0: 3 0x800032a0 (0x00012a97) x21 0x800152a0
core   0: 0x800032a4 (0x03ea8a93) addi    s5, s5, 62
core   0: 3 0x800032a4 (0x03ea8a93) x21 0x800152de
core   0: 0x800032a8 (0x468a9e03) lh      t3, 1128(s5)
core   0: 3 0x800032a8 (0x468a9e03) x28 0x000071ba mem 0x80015746
core   0: 0x800032ac (0x3d9ac503) lbu     a0, 985(s5)
core   0: 3 0x800032ac (0x3d9ac503) x10 0x00000029 mem 0x800156b7
core   0: 0x800032b0 (0x01a53533) sltu    a0, a0, s10
core   0: 3 0x800032b0 (0x01a53533) x10 0x00000001
core   0: 0x800032b4 (0x759a8003) lb      zero, 1881(s5)
core   0: 3 0x800032b4 (0x759a8003) mem 0x80015a37
core   0: 0x800032b8 (0x39e43813) sltiu   a6, s0, 926
core   0: 3 0x800032b8 (0x39e43813) x16 0x00000001
core   0: 0x800032bc (0x7eaaa683) lw      a3, 2026(s5)
core   0: 3 0x800032bc (0x7eaaa683) x13 0xf37fdfca mem 0x80015ac8
core   0: 0x800032c0 (0x53898d93) addi    s11, s3, 1336
core   0: 3 0x800032c0 (0x53898d93) x27 0x8002156a
core   0: 0x800032c4 (0x5ffa84a3) sb      t6, 1513(s5)
core   0: 3 0x800032c4 (0x5ffa84a3) mem 0x800158c7 0x10
core   0: 0x800032c8 (0x019b5c93) srli    s9, s6, 25
core   0: 3 0x800032c8 (0x019b5c93) x25 0x0000007f
core   0: 0x800032cc (0x60c67d13) andi    s10, a2, 1548
core   0: 3 0x800032cc (0x60c67d13) x26 0x00000004
core   0: 0x800032d0 (0x2b9ac283) lbu     t0, 697(s5)
core   0: 3 0x800032d0 (0x2b9ac283) x 5 0x000000a7 mem 0x80015597
core   0: 0x800032d4 (0x2c8adf03) lhu     t5, 712(s5)
core   0: 3 0x800032d4 (0x2c8adf03) x30 0x0000a874 mem 0x800155a6
core   0: 0x800032d8 (0x018d43b3) xor     t2, s10, s8
core   0: 3 0x800032d8 (0x018d43b3) x 7 0x00000004
core   0: 0x800032dc (0x2c6ad683) lhu     a3, 710(s5)
core   0: 3 0x800032dc (0x2c6ad683) x13 0x00005e6a mem 0x800155a4
core   0: 0x800032e0 (0xd611b013) sltiu   zero, gp, -671
core   0: 3 0x800032e0 (0xd611b013)
core   0: 0x800032e4 (0x6480a693) slti    a3, ra, 1608
core   0: 3 0x800032e4 (0x6480a693) x13 0x00000001
core   0: 0x800032e8 (0x005e4f33) xor     t5, t3, t0
core   0: 3 0x800032e8 (0x005e4f33) x30 0x0000711d
core   0: 0x800032ec (0x0000100f) fence.i
core   0: 3 0x800032ec (0x0000100f)
core   0: 0x800032f0 (0x3e7a8603) lb      a2, 999(s5)
core   0: 3 0x800032f0 (0x3e7a8603) x12 0x0000001b mem 0x800156c5
core   0: 0x800032f4 (0x4f4a8d83) lb      s11, 1268(s5)
core   0: 3 0x800032f4 (0x4f4a8d83) x27 0xffffffc1 mem 0x800157d2
core   0: 0x800032f8 (0x2baa8983) lb      s3, 698(s5)
core   0: 3 0x800032f8 (0x2baa8983) x19 0x0000001f mem 0x80015598
core   0: 0x800032fc (0x698a8ea3) sb      s8, 1693(s5)
core   0: 3 0x800032fc (0x698a8ea3) mem 0x8001597b 0x0
core   0: 0x80003300 (0x00013317) auipc   t1, 0x13
core   0: 3 0x80003300 (0x00013317) x 6 0x80016300
core   0: 0x80003304 (0xa3530313) addi    t1, t1, -1483
core   0: 3 0x80003304 (0xa3530313) x 6 0x80015d35
core   0: 0x80003308 (0xff732503) lw      a0, -9(t1)
core   0: 3 0x80003308 (0xff732503) x10 0x9e36fffe mem 0x80015d2c
core   0: 0x8000330c (0x00017197) auipc   gp, 0x17
core   0: 3 0x8000330c (0x00017197) x 3 0x8001a30c
core   0: 0x80003310 (0x39918193) addi    gp, gp, 921
core   0: 3 0x80003310 (0x39918193) x 3 0x8001a6a5
core   0: 0x80003314 (0xff030983) lb      s3, -16(t1)
core   0: 3 0x80003314 (0xff030983) x19 0x00000042 mem 0x80015d25
core   0: 0x80003318 (0x00b30603) lb      a2, 11(t1)
core   0: 3 0x80003318 (0x00b30603) x12 0x00000053 mem 0x80015d40
core   0: 0x8000331c (0x0061c983) lbu     s3, 6(gp)
core   0: 3 0x8000331c (0x0061c983) x19 0x000000d6 mem 0x8001a6ab
core   0: 0x80003320 (0x00c30903) lb      s2, 12(t1)
core   0: 3 0x80003320 (0x00c30903) x18 0x0000000a mem 0x80015d41
core   0: 0x80003324 (0xffb1dd03) lhu     s10, -5(gp)
core   0: 3 0x80003324 (0xffb1dd03) x26 0x0000e802 mem 0x8001a6a0
core   0: 0x80003328 (0x00f35383) lhu     t2, 15(t1)
core   0: 3 0x80003328 (0x00f35383) x 7 0x000015d7 mem 0x80015d44
core   0: 0x8000332c (0xff31c383) lbu     t2, -13(gp)
core   0: 3 0x8000332c (0xff31c383) x 7 0x000000f4 mem 0x8001a698
core   0: 0x80003330 (0xffd31883) lh      a7, -3(t1)
core   0: 3 0x80003330 (0xffd31883) x17 0xffffe9e7 mem 0x80015d32
core   0: 0x80003334 (0xff418e23) sb      s4, -4(gp)
core   0: 3 0x80003334 (0xff418e23) mem 0x8001a6a1 0x7a
core   0: 0x80003338 (0xff118383) lb      t2, -15(gp)
core   0: 3 0x80003338 (0xff118383) x 7 0xffffffb0 mem 0x8001a696
core   0: 0x8000333c (0x00818483) lb      s1, 8(gp)
core   0: 3 0x8000333c (0x00818483) x 9 0xffffffb1 mem 0x8001a6ad
core   0: 0x80003340 (0x00f19d03) lh      s10, 15(gp)
core   0: 3 0x80003340 (0x00f19d03) x26 0x0000564a mem 0x8001a6b4
core   0: 0x80003344 (0x00135a83) lhu     s5, 1(t1)
core   0: 3 0x80003344 (0x00135a83) x21 0x0000c01c mem 0x80015d36
core   0: 0x80003348 (0xffb30b83) lb      s7, -5(t1)
core   0: 3 0x80003348 (0xffb30b83) x23 0x00000079 mem 0x80015d30
core   0: 0x8000334c (0x00f18383) lb      t2, 15(gp)
core   0: 3 0x8000334c (0x00f18383) x 7 0x0000004a mem 0x8001a6b4
core   0: 0x80003350 (0xfea32da3) sw      a0, -5(t1)
core   0: 3 0x80003350 (0xfea32da3) mem 0x80015d30 0x9e36fffe
core   0: 0x80003354 (0xffb19ba3) sh      s11, -9(gp)
core   0: 3 0x80003354 (0xffb19ba3) mem 0x8001a69c 0xffc1
core   0: 0x80003358 (0x00012b97) auipc   s7, 0x12
core   0: 3 0x80003358 (0x00012b97) x23 0x80015358
core   0: 0x8000335c (0xda0b8b93) addi    s7, s7, -608
core   0: 3 0x8000335c (0xda0b8b93) x23 0x800150f8
core   0: 0x80003360 (0x01ab88a3) sb      s10, 17(s7)
core   0: 3 0x80003360 (0x01ab88a3) mem 0x80015109 0x4a
core   0: 0x80003364 (0x011b8c03) lb      s8, 17(s7)
core   0: 3 0x80003364 (0x011b8c03) x24 0x0000004a mem 0x80015109
core   0: 0x80003368 (0x011b8403) lb      s0, 17(s7)
core   0: 3 0x80003368 (0x011b8403) x 8 0x0000004a mem 0x80015109
core   0: 0x8000336c (0x011bc903) lbu     s2, 17(s7)
core   0: 3 0x8000336c (0x011bc903) x18 0x0000004a mem 0x80015109
core   0: 0x80003370 (0x011bc983) lbu     s3, 17(s7)
core   0: 3 0x80003370 (0x011bc983) x19 0x0000004a mem 0x80015109
core   0: 0x80003374 (0x010b88a3) sb      a6, 17(s7)
core   0: 3 0x80003374 (0x010b88a3) mem 0x80015109 0x1
core   0: 0x80003378 (0x0000100f) fence.i
core   0: 3 0x80003378 (0x0000100f)
core   0: 0x8000337c (0x011bc603) lbu     a2, 17(s7)
core   0: 3 0x8000337c (0x011bc603) x12 0x00000001 mem 0x80015109
core   0: 0x80003380 (0x009b88a3) sb      s1, 17(s7)
core   0: 3 0x80003380 (0x009b88a3) mem 0x80015109 0xb1
core   0: 0x80003384 (0x004b88a3) sb      tp, 17(s7)
core   0: 3 0x80003384 (0x004b88a3) mem 0x80015109 0x0
core   0: 0x80003388 (0x011290b3) sll     ra, t0, a7
core   0: 3 0x80003388 (0x011290b3) x 1 0x00005380
core   0: 0x8000338c (0x01eb85a3) sb      t5, 11(s7)
core   0: 3 0x8000338c (0x01eb85a3) mem 0x80015103 0x1d
core   0: 0x80003390 (0x007b85a3) sb      t2, 11(s7)
core   0: 3 0x80003390 (0x007b85a3) mem 0x80015103 0x4a
core   0: 0x80003394 (0x003b85a3) sb      gp, 11(s7)
core   0: 3 0x80003394 (0x003b85a3) mem 0x80015103 0xa5
core   0: 0x80003398 (0x00af8533) add     a0, t6, a0
core   0: 3 0x80003398 (0x00af8533) x10 0x9e37000e
core   0: 0x8000339c (0x01bb89a3) sb      s11, 19(s7)
core   0: 3 0x8000339c (0x01bb89a3) mem 0x8001510b 0xc1
core   0: 0x800033a0 (0x013bc883) lbu     a7, 19(s7)
core   0: 3 0x800033a0 (0x013bc883) x17 0x000000c1 mem 0x8001510b
core   0: 0x800033a4 (0x010b89a3) sb      a6, 19(s7)
core   0: 3 0x800033a4 (0x010b89a3) mem 0x8001510b 0x1
core   0: 0x800033a8 (0x00013997) auipc   s3, 0x13
core   0: 3 0x800033a8 (0x00013997) x19 0x800163a8
core   0: 0x800033ac (0x9cd98993) addi    s3, s3, -1587
core   0: 3 0x800033ac (0x9cd98993) x19 0x80015d75
core   0: 0x800033b0 (0x01fc9cb3) sll     s9, s9, t6
core   0: 3 0x800033b0 (0x01fc9cb3) x25 0x007f0000
core   0: 0x800033b4 (0x40efd193) srai    gp, t6, 14
core   0: 3 0x800033b4 (0x40efd193) x 3 0x00000000
core   0: 0x800033b8 (0xfd1999a3) sh      a7, -45(s3)
core   0: 3 0x800033b8 (0xfd1999a3) mem 0x80015d48 0x00c1
core   0: 0x800033bc (0x02998303) lb      t1, 41(s3)
core   0: 3 0x800033bc (0x02998303) x 6 0x00000001 mem 0x80015d9e
core   0: 0x800033c0 (0xeedde413) ori     s0, s11, -275
core   0: 3 0x800033c0 (0xeedde413) x 8 0xffffffed
core   0: 0x800033c4 (0xff998303) lb      t1, -7(s3)
core   0: 3 0x800033c4 (0xff998303) x 6 0xffffff88 mem 0x80015d6e
core   0: 0x800033c8 (0x01898523) sb      s8, 10(s3)
core   0: 3 0x800033c8 (0x01898523) mem 0x80015d7f 0x4a
core   0: 0x800033cc (0xc9fc3213) sltiu   tp, s8, -865
core   0: 3 0x800033cc (0xc9fc3213) x 4 0x00000001
core   0: 0x800033d0 (0x00ebd0b3) srl     ra, s7, a4
core   0: 3 0x800033d0 (0x00ebd0b3) x 1 0x00000200
core   0: 0x800033d4 (0x01098523) sb      a6, 10(s3)
core   0: 3 0x800033d4 (0x01098523) mem 0x80015d7f 0x1
core   0: 0x800033d8 (0x736b3193) sltiu   gp, s6, 1846
core   0: 3 0x800033d8 (0x736b3193) x 3 0x00000000
core   0: 0x800033dc (0x0000100f) fence.i
core   0: 3 0x800033dc (0x0000100f)
core   0: 0x800033e0 (0xfdd99003) lh      zero, -35(s3)
core   0: 3 0x800033e0 (0xfdd99003) mem 0x80015d52
core   0: 0x800033e4 (0xff09c703) lbu     a4, -16(s3)
core   0: 3 0x800033e4 (0xff09c703) x14 0x00000043 mem 0x80015d65
core   0: 0x800033e8 (0xff4998a3) sh      s4, -15(s3)
core   0: 3 0x800033e8 (0xff4998a3) mem 0x80015d66 0xef7a
core   0: 0x800033ec (0xfd098183) lb      gp, -48(s3)
core   0: 3 0x800033ec (0xfd098183) x 3 0x00000015 mem 0x80015d45
core   0: 0x800033f0 (0x00e99ea3) sh      a4, 29(s3)
core   0: 3 0x800033f0 (0x00e99ea3) mem 0x80015d92 0x0043
core   0: 0x800033f4 (0x99030813) addi    a6, t1, -1648
core   0: 3 0x800033f4 (0x99030813) x16 0xfffff918
core   0: 0x800033f8 (0xfc89c403) lbu     s0, -56(s3)
core   0: 3 0x800033f8 (0xfc89c403) x 8 0x0000006d mem 0x80015d3d
core   0: 0x800033fc (0x00a98683) lb      a3, 10(s3)
core   0: 3 0x800033fc (0x00a98683) x13 0x00000001 mem 0x80015d7f
core   0: 0x80003400 (0xffa98903) lb      s2, -6(s3)
core   0: 3 0x80003400 (0xffa98903) x18 0xffffffe6 mem 0x80015d6f
core   0: 0x80003404 (0x02098a83) lb      s5, 32(s3)
core   0: 3 0x80003404 (0x02098a83) x21 0x00000001 mem 0x80015d95
core   0: 0x80003408 (0x7f863393) sltiu   t2, a2, 2040
core   0: 3 0x80003408 (0x7f863393) x 7 0x00000001
core   0: 0x8000340c (0x01c98a23) sb      t3, 20(s3)
core   0: 3 0x8000340c (0x01c98a23) mem 0x80015d89 0xba
core   0: 0x80003410 (0x008e51b3) srl     gp, t3, s0
core   0: 3 0x80003410 (0x008e51b3) x 3 0x00000003
core   0: 0x80003414 (0xd6d36d13) ori     s10, t1, -659
core   0: 3 0x80003414 (0xd6d36d13) x26 0xffffffed
core   0: 0x80003418 (0xcb621c97) auipc   s9, 0xcb621
core   0: 3 0x80003418 (0xcb621c97) x25 0x4b624418
core   0: 0x8000341c (0xfdf98503) lb      a0, -33(s3)
core   0: 3 0x8000341c (0xfdf98503) x10 0xffffffdd mem 0x80015d54
core   0: 0x80003420 (0xfe89ca03) lbu     s4, -24(s3)
core   0: 3 0x80003420 (0xfe89ca03) x20 0x0000009a mem 0x80015d5d
core   0: 0x80003424 (0x0359d283) lhu     t0, 53(s3)
core   0: 3 0x80003424 (0x0359d283) x 5 0x0000b77f mem 0x80015daa
core   0: 0x80003428 (0x00012797) auipc   a5, 0x12
core   0: 3 0x80003428 (0x00012797) x15 0x80015428
core   0: 0x8000342c (0xf2078793) addi    a5, a5, -224
core   0: 3 0x8000342c (0xf2078793) x15 0x80015348
core   0: 0x80003430 (0x01758833) add     a6, a1, s7
core   0: 3 0x80003430 (0x01758833) x16 0x00043ddc
core   0: 0x80003434 (0x621781a3) sb      ra, 1571(a5)
core   0: 3 0x80003434 (0x621781a3) mem 0x8001596b 0x0
core   0: 0x80003438 (0x62378603) lb      a2, 1571(a5)
core   0: 3 0x80003438 (0x62378603) x12 0x00000000 mem 0x8001596b
core   0: 0x8000343c (0xbd30b713) sltiu   a4, ra, -1069
core   0: 3 0x8000343c (0xbd30b713) x14 0x00000001
core   0: 0x80003440 (0x7d778403) lb      s0, 2007(a5)
core   0: 3 0x80003440 (0x7d778403) x 8 0xffffff95 mem 0x80015b1f
core   0: 0x80003444 (0x7d77c083) lbu     ra, 2007(a5)
core   0: 3 0x80003444 (0x7d77c083) x 1 0x00000095 mem 0x80015b1f
core   0: 0x80003448 (0x019fed33) or      s10, t6, s9
core   0: 3 0x80003448 (0x019fed33) x26 0x4b624418
core   0: 0x8000344c (0x7d77c383) lbu     t2, 2007(a5)
core   0: 3 0x8000344c (0x7d77c383) x 7 0x00000095 mem 0x80015b1f
core   0: 0x80003450 (0x7d77c803) lbu     a6, 2007(a5)
core   0: 3 0x80003450 (0x7d77c803) x16 0x00000095 mem 0x80015b1f
core   0: 0x80003454 (0x25c7df03) lhu     t5, 604(a5)
core   0: 3 0x80003454 (0x25c7df03) x30 0x00005e6a mem 0x800155a4
core   0: 0x80003458 (0xeb478923) sb      s4, -334(a5)
core   0: 3 0x80003458 (0xeb478923) mem 0x800151fa 0x9a
core   0: 0x8000345c (0xeb27cc83) lbu     s9, -334(a5)
core   0: 3 0x8000345c (0xeb27cc83) x25 0x0000009a mem 0x800151fa
core   0: 0x80003460 (0xebf78923) sb      t6, -334(a5)
core   0: 3 0x80003460 (0xebf78923) mem 0x800151fa 0x10
core   0: 0x80003464 (0x7a87d383) lhu     t2, 1960(a5)
core   0: 3 0x80003464 (0x7a87d383) x 7 0x000081f0 mem 0x80015af0
core   0: 0x80003468 (0x10e5b013) sltiu   zero, a1, 270
core   0: 3 0x80003468 (0x10e5b013)
core   0: 0x8000346c (0x7a87c403) lbu     s0, 1960(a5)
core   0: 3 0x8000346c (0x7a87c403) x 8 0x000000f0 mem 0x80015af0
core   0: 0x80003470 (0x22b78b23) sb      a1, 566(a5)
core   0: 3 0x80003470 (0x22b78b23) mem 0x8001557e 0xe4
core   0: 0x80003474 (0x1247aa03) lw      s4, 292(a5)
core   0: 3 0x80003474 (0x1247aa03) x20 0x908faeb0 mem 0x8001546c
core   0: 0x80003478 (0x5be7c603) lbu     a2, 1470(a5)
core   0: 3 0x80003478 (0x5be7c603) x12 0x000000fc mem 0x80015906
core   0: 0x8000347c (0x5b279f23) sh      s2, 1470(a5)
core   0: 3 0x8000347c (0x5b279f23) mem 0x80015906 0xffe6
core   0: 0x80003480 (0x5be7c883) lbu     a7, 1470(a5)
core   0: 3 0x80003480 (0x5be7c883) x17 0x000000e6 mem 0x80015906
core   0: 0x80003484 (0x3947a383) lw      t2, 916(a5)
core   0: 3 0x80003484 (0x3947a383) x 7 0xe4a75564 mem 0x800156dc
core   0: 0x80003488 (0x53b78883) lb      a7, 1339(a5)
core   0: 3 0x80003488 (0x53b78883) x17 0x00000055 mem 0x80015883
core   0: 0x8000348c (0x53b78a03) lb      s4, 1339(a5)
core   0: 3 0x8000348c (0x53b78a03) x20 0x00000055 mem 0x80015883
core   0: 0x80003490 (0x00012c17) auipc   s8, 0x12
core   0: 3 0x80003490 (0x00012c17) x24 0x80015490
core   0: 0x80003494 (0x464c0c13) addi    s8, s8, 1124
core   0: 3 0x80003494 (0x464c0c13) x24 0x800158f4
core   0: 0x80003498 (0x00017417) auipc   s0, 0x17
core   0: 3 0x80003498 (0x00017417) x 8 0x8001a498
core   0: 0x8000349c (0x48640413) addi    s0, s0, 1158
core   0: 3 0x8000349c (0x48640413) x 8 0x8001a91e
core   0: 0x800034a0 (0x00e41a83) lh      s5, 14(s0)
core   0: 3 0x800034a0 (0x00e41a83) x21 0xffffba54 mem 0x8001a92c
core   0: 0x800034a4 (0x00440023) sb      tp, 0(s0)
core   0: 3 0x800034a4 (0x00440023) mem 0x8001a91e 0x1
core   0: 0x800034a8 (0x001c0303) lb      t1, 1(s8)
core   0: 3 0x800034a8 (0x001c0303) x 6 0xffffffcb mem 0x800158f5
core   0: 0x800034ac (0x022c5083) lhu     ra, 34(s8)
core   0: 3 0x800034ac (0x022c5083) x 1 0x00001db2 mem 0x80015916
core   0: 0x800034b0 (0xfec40c23) sb      a2, -8(s0)
core   0: 3 0x800034b0 (0xfec40c23) mem 0x8001a916 0xfc
core   0: 0x800034b4 (0xfe1c4e83) lbu     t4, -31(s8)
core   0: 3 0x800034b4 (0xfe1c4e83) x29 0x000000ff mem 0x800158d5
core   0: 0x800034b8 (0x037c0e23) sb      s7, 60(s8)
core   0: 3 0x800034b8 (0x037c0e23) mem 0x80015930 0xf8
core   0: 0x800034bc (0xfd9c4303) lbu     t1, -39(s8)
core   0: 3 0x800034bc (0xfd9c4303) x 6 0x0000005e mem 0x800158cd
core   0: 0x800034c0 (0xffc40ba3) sb      t3, -9(s0)
core   0: 3 0x800034c0 (0xffc40ba3) mem 0x8001a915 0xba
core   0: 0x800034c4 (0x039c4e83) lbu     t4, 57(s8)
core   0: 3 0x800034c4 (0x039c4e83) x29 0x0000004b mem 0x8001592d
core   0: 0x800034c8 (0xfeb40fa3) sb      a1, -1(s0)
core   0: 3 0x800034c8 (0xfeb40fa3) mem 0x8001a91d 0xe4
core   0: 0x800034cc (0x00841783) lh      a5, 8(s0)
core   0: 3 0x800034cc (0x00841783) x15 0x00004947 mem 0x8001a926
core   0: 0x800034d0 (0x00744d83) lbu     s11, 7(s0)
core   0: 3 0x800034d0 (0x00744d83) x27 0x00000055 mem 0x8001a925
core   0: 0x800034d4 (0x00012797) auipc   a5, 0x12
core   0: 3 0x800034d4 (0x00012797) x15 0x800154d4
core   0: 0x800034d8 (0x19278793) addi    a5, a5, 402
core   0: 3 0x800034d8 (0x19278793) x15 0x80015666
core   0: 0x800034dc (0xffc7c483) lbu     s1, -4(a5)
core   0: 3 0x800034dc (0xffc7c483) x 9 0x000000a7 mem 0x80015662
core   0: 0x800034e0 (0x00178023) sb      ra, 0(a5)
core   0: 3 0x800034e0 (0x00178023) mem 0x80015666 0xb2
core   0: 0x800034e4 (0x01279023) sh      s2, 0(a5)
core   0: 3 0x800034e4 (0x01279023) mem 0x80015666 0xffe6
core   0: 0x800034e8 (0x0007ce83) lbu     t4, 0(a5)
core   0: 3 0x800034e8 (0x0007ce83) x29 0x000000e6 mem 0x80015666
core   0: 0x800034ec (0x01678023) sb      s6, 0(a5)
core   0: 3 0x800034ec (0x01678023) mem 0x80015666 0x5c
core   0: 0x800034f0 (0xffb7c883) lbu     a7, -5(a5)
core   0: 3 0x800034f0 (0xffb7c883) x17 0x00000060 mem 0x80015661
core   0: 0x800034f4 (0x013c9533) sll     a0, s9, s3
core   0: 3 0x800034f4 (0x013c9533) x10 0x13400000
core   0: 0x800034f8 (0x01279823) sh      s2, 16(a5)
core   0: 3 0x800034f8 (0x01279823) mem 0x80015676 0xffe6
core   0: 0x800034fc (0xfff78383) lb      t2, -1(a5)
core   0: 3 0x800034fc (0xfff78383) x 7 0xffffffa7 mem 0x80015665
core   0: 0x80003500 (0xff878b83) lb      s7, -8(a5)
core   0: 3 0x80003500 (0xff878b83) x23 0x00000038 mem 0x8001565e
core   0: 0x80003504 (0xff67af03) lw      t5, -10(a5)
core   0: 3 0x80003504 (0xff67af03) x30 0xb638e28e mem 0x8001565c
core   0: 0x80003508 (0xff57cc03) lbu     s8, -11(a5)
core   0: 3 0x80003508 (0xff57cc03) x24 0x00000050 mem 0x8001565b
core   0: 0x8000350c (0x00000013) nop
core   0: 3 0x8000350c (0x00000013)
core   0: 0x80003510 (0xfe97ab23) sw      s1, -10(a5)
core   0: 3 0x80003510 (0xfe97ab23) mem 0x8001565c 0x000000a7
core   0: 0x80003514 (0xff578ba3) sb      s5, -9(a5)
core   0: 3 0x80003514 (0xff578ba3) mem 0x8001565d 0x54
core   0: 0x80003518 (0xfec78ba3) sb      a2, -9(a5)
core   0: 3 0x80003518 (0xfec78ba3) mem 0x8001565d 0xfc
core   0: 0x8000351c (0xfe1789a3) sb      ra, -13(a5)
core   0: 3 0x8000351c (0xfe1789a3) mem 0x80015659 0xb2
core   0: 0x80003520 (0x017a8733) add     a4, s5, s7
core   0: 3 0x80003520 (0x017a8733) x14 0xffffba8c
core   0: 0x80003524 (0x0107d603) lhu     a2, 16(a5)
core   0: 3 0x80003524 (0x0107d603) x12 0x0000ffe6 mem 0x80015676
core   0: 0x80003528 (0x01f785a3) sb      t6, 11(a5)
core   0: 3 0x80003528 (0x01f785a3) mem 0x80015671 0x10
core   0: 0x8000352c (0x0000100f) fence.i
core   0: 3 0x8000352c (0x0000100f)
core   0: 0x80003530 (0x00b78303) lb      t1, 11(a5)
core   0: 3 0x80003530 (0x00b78303) x 6 0x00000010 mem 0x80015671
core   0: 0x80003534 (0x00013417) auipc   s0, 0x13
core   0: 3 0x80003534 (0x00013417) x 8 0x80016534
core   0: 0x80003538 (0xb0340413) addi    s0, s0, -1277
core   0: 3 0x80003538 (0xb0340413) x 8 0x80016037
core   0: 0x8000353c (0xd1545b83) lhu     s7, -747(s0)
core   0: 3 0x8000353c (0xd1545b83) x23 0x0000dfdd mem 0x80015d4c
core   0: 0x80003540 (0xd0841aa3) sh      s0, -747(s0)
core   0: 3 0x80003540 (0xd0841aa3) mem 0x80015d4c 0x6037
core   0: 0x80003544 (0x92044e03) lbu     t3, -1760(s0)
core   0: 3 0x80003544 (0x92044e03) x28 0x000000e3 mem 0x80015957
core   0: 0x80003548 (0x92040b83) lb      s7, -1760(s0)
core   0: 3 0x80003548 (0x92040b83) x23 0xffffffe3 mem 0x80015957
core   0: 0x8000354c (0x92040e83) lb      t4, -1760(s0)
core   0: 3 0x8000354c (0x92040e83) x29 0xffffffe3 mem 0x80015957
core   0: 0x80003550 (0x93140023) sb      a7, -1760(s0)
core   0: 3 0x80003550 (0x93140023) mem 0x80015957 0x60
core   0: 0x80003554 (0x93540023) sb      s5, -1760(s0)
core   0: 3 0x80003554 (0x93540023) mem 0x80015957 0x54
core   0: 0x80003558 (0xe9340a83) lb      s5, -365(s0)
core   0: 3 0x80003558 (0xe9340a83) x21 0x0000003a mem 0x80015eca
core   0: 0x8000355c (0x40ff80b3) sub     ra, t6, a5
core   0: 3 0x8000355c (0x40ff80b3) x 1 0x7ffea9aa
core   0: 0x80003560 (0x75a35817) auipc   a6, 0x75a35
core   0: 3 0x80003560 (0x75a35817) x16 0xf5a38560
core   0: 0x80003564 (0x016fca33) xor     s4, t6, s6
core   0: 3 0x80003564 (0x016fca33) x20 0xfe61bb4c
core   0: 0x80003568 (0xe90419a3) sh      a6, -365(s0)
core   0: 3 0x80003568 (0xe90419a3) mem 0x80015eca 0x8560
core   0: 0x8000356c (0xe0840003) lb      zero, -504(s0)
core   0: 3 0x8000356c (0xe0840003) mem 0x80015e3f
core   0: 0x80003570 (0x0001c917) auipc   s2, 0x1c
core   0: 3 0x80003570 (0x0001c917) x18 0x8001f570
core   0: 0x80003574 (0x04e90913) addi    s2, s2, 78
core   0: 3 0x80003574 (0x04e90913) x18 0x8001f5be
core   0: 0x80003578 (0x9597c313) xori    t1, a5, -1703
core   0: 3 0x80003578 (0x9597c313) x 6 0x7ffeaf3f
core   0: 0x8000357c (0xff090d23) sb      a6, -6(s2)
core   0: 3 0x8000357c (0xff090d23) mem 0x8001f5b8 0x60
core   0: 0x80003580 (0xff390a83) lb      s5, -13(s2)
core   0: 3 0x80003580 (0xff390a83) x21 0x00000017 mem 0x8001f5b1
core   0: 0x80003584 (0x00495683) lhu     a3, 4(s2)
core   0: 3 0x80003584 (0x00495683) x13 0x0000df6b mem 0x8001f5c2
core   0: 0x80003588 (0xff394283) lbu     t0, -13(s2)
core   0: 3 0x80003588 (0xff394283) x 5 0x00000017 mem 0x8001f5b1
core   0: 0x8000358c (0x011b5db3) srl     s11, s6, a7
core   0: 3 0x8000358c (0x011b5db3) x27 0xfe61bb5c
core   0: 0x80003590 (0x0000100f) fence.i
core   0: 3 0x80003590 (0x0000100f)
core   0: 0x80003594 (0xff194283) lbu     t0, -15(s2)
core   0: 3 0x80003594 (0xff194283) x 5 0x0000007e mem 0x8001f5af
core   0: 0x80003598 (0x009903a3) sb      s1, 7(s2)
core   0: 3 0x80003598 (0x009903a3) mem 0x8001f5c5 0xa7
core   0: 0x8000359c (0x00590483) lb      s1, 5(s2)
core   0: 3 0x8000359c (0x00590483) x 9 0xffffffdf mem 0x8001f5c3
core   0: 0x800035a0 (0x00c906a3) sb      a2, 13(s2)
core   0: 3 0x800035a0 (0x00c906a3) mem 0x8001f5cb 0xe6
core   0: 0x800035a4 (0x008907a3) sb      s0, 15(s2)
core   0: 3 0x800035a4 (0x008907a3) mem 0x8001f5cd 0x37
core   0: 0x800035a8 (0xff194503) lbu     a0, -15(s2)
core   0: 3 0x800035a8 (0xff194503) x10 0x0000007e mem 0x8001f5af
core   0: 0x800035ac (0x40d556b3) sra     a3, a0, a3
core   0: 3 0x800035ac (0x40d556b3) x13 0x00000000
core   0: 0x800035b0 (0xb0c7a013) slti    zero, a5, -1268
core   0: 3 0x800035b0 (0xb0c7a013)
core   0: 0x800035b4 (0x001b5013) srli    zero, s6, 1
core   0: 3 0x800035b4 (0x001b5013)
core   0: 0x800035b8 (0xde957f17) auipc   t5, 0xde957
core   0: 3 0x800035b8 (0xde957f17) x30 0x5e95a5b8
core   0: 0x800035bc (0x401f8db3) sub     s11, t6, ra
core   0: 3 0x800035bc (0x401f8db3) x27 0x80015666
core   0: 0x800035c0 (0x38d26213) ori     tp, tp, 909
core   0: 3 0x800035c0 (0x38d26213) x 4 0x0000038d
core   0: 0x800035c4 (0xffd90e23) sb      t4, -4(s2)
core   0: 3 0x800035c4 (0xffd90e23) mem 0x8001f5ba 0xe3
core   0: 0x800035c8 (0x00690723) sb      t1, 14(s2)
core   0: 3 0x800035c8 (0x00690723) mem 0x8001f5cc 0x3f
core   0: 0x800035cc (0xfff90983) lb      s3, -1(s2)
core   0: 3 0x800035cc (0xfff90983) x19 0xffffffd4 mem 0x8001f5bd
core   0: 0x800035d0 (0x00000013) nop
core   0: 3 0x800035d0 (0x00000013)
core   0: 0x800035d4 (0x01daa1b3) slt     gp, s5, t4
core   0: 3 0x800035d4 (0x01daa1b3) x 3 0x00000000
core   0: 0x800035d8 (0x00292383) lw      t2, 2(s2)
core   0: 3 0x800035d8 (0x00292383) x 7 0xdf6bd75c mem 0x8001f5c0
core   0: 0x800035dc (0xff594883) lbu     a7, -11(s2)
core   0: 3 0x800035dc (0xff594883) x17 0x00000018 mem 0x8001f5b3
core   0: 0x800035e0 (0x00794603) lbu     a2, 7(s2)
core   0: 3 0x800035e0 (0x00794603) x12 0x000000a7 mem 0x8001f5c5
core   0: 0x800035e4 (0xfe790fa3) sb      t2, -1(s2)
core   0: 3 0x800035e4 (0xfe790fa3) mem 0x8001f5bd 0x5c
core   0: 0x800035e8 (0x0000100f) fence.i
core   0: 3 0x800035e8 (0x0000100f)
core   0: 0x800035ec (0xc4490d97) auipc   s11, 0xc4490
core   0: 3 0x800035ec (0xc4490d97) x27 0x444935ec
core   0: 0x800035f0 (0x6feea093) slti    ra, t4, 1790
core   0: 3 0x800035f0 (0x6feea093) x 1 0x00000001
core   0: 0x800035f4 (0x00194d03) lbu     s10, 1(s2)
core   0: 3 0x800035f4 (0x00194d03) x26 0x000000ec mem 0x8001f5bf
core   0: 0x800035f8 (0x00695983) lhu     s3, 6(s2)
core   0: 3 0x800035f8 (0x00695983) x19 0x0000a7c5 mem 0x8001f5c4
core   0: 0x800035fc (0x017f3233) sltu    tp, t5, s7
core   0: 3 0x800035fc (0x017f3233) x 4 0x00000001
core   0: 0x80003600 (0xffd92d23) sw      t4, -6(s2)
core   0: 3 0x80003600 (0xffd92d23) mem 0x8001f5b8 0xffffffe3
core   0: 0x80003604 (0x0171af33) slt     t5, gp, s7
core   0: 3 0x80003604 (0x0171af33) x30 0x00000000
core   0: 0x80003608 (0x016b1c33) sll     s8, s6, s6
core   0: 3 0x80003608 (0x016b1c33) x24 0xc0000000
core   0: 0x8000360c (0xd0ee7093) andi    ra, t3, -754
core   0: 3 0x8000360c (0xd0ee7093) x 1 0x00000002
core   0: 0x80003610 (0x00c90483) lb      s1, 12(s2)
core   0: 3 0x80003610 (0x00c90483) x 9 0xffffffa5 mem 0x8001f5ca
core   0: 0x80003614 (0x00494e83) lbu     t4, 4(s2)
core   0: 3 0x80003614 (0x00494e83) x29 0x0000006b mem 0x8001f5c2
core   0: 0x80003618 (0x00d94383) lbu     t2, 13(s2)
core   0: 3 0x80003618 (0x00d94383) x 7 0x000000e6 mem 0x8001f5cb
core   0: 0x8000361c (0xf94d0f13) addi    t5, s10, -108
core   0: 3 0x8000361c (0xf94d0f13) x30 0x00000080
core   0: 0x80003620 (0x7be6ea13) ori     s4, a3, 1982
core   0: 3 0x80003620 (0x7be6ea13) x20 0x000007be
core   0: 0x80003624 (0x00b446b3) xor     a3, s0, a1
core   0: 3 0x80003624 (0x00b446b3) x13 0x00038cd3
core   0: 0x80003628 (0x0178de33) srl     t3, a7, s7
core   0: 3 0x80003628 (0x0178de33) x28 0x00000003
core   0: 0x8000362c (0x7c377413) andi    s0, a4, 1987
core   0: 3 0x8000362c (0x7c377413) x 8 0x00000280
core   0: 0x80003630 (0xff590403) lb      s0, -11(s2)
core   0: 3 0x80003630 (0xff590403) x 8 0x00000018 mem 0x8001f5b3
core   0: 0x80003634 (0x00013a17) auipc   s4, 0x13
core   0: 3 0x80003634 (0x00013a17) x20 0x80016634
core   0: 0x80003638 (0x80ea0a13) addi    s4, s4, -2034
core   0: 3 0x80003638 (0x80ea0a13) x20 0x80015e42
core   0: 0x8000363c (0x00012b97) auipc   s7, 0x12
core   0: 3 0x8000363c (0x00012b97) x23 0x8001563c
core   0: 0x80003640 (0x176b8b93) addi    s7, s7, 374
core   0: 3 0x80003640 (0x176b8b93) x23 0x800157b2
core   0: 0x80003644 (0x00bbc703) lbu     a4, 11(s7)
core   0: 3 0x80003644 (0x00bbc703) x14 0x000000ad mem 0x800157bd
core   0: 0x80003648 (0x00012917) auipc   s2, 0x12
core   0: 3 0x80003648 (0x00012917) x18 0x80015648
core   0: 0x8000364c (0x12690913) addi    s2, s2, 294
core   0: 3 0x8000364c (0x12690913) x18 0x8001576e
core   0: 0x80003650 (0xbf590483) lb      s1, -1035(s2)
core   0: 3 0x80003650 (0xbf590483) x 9 0xffffff80 mem 0x80015363
core   0: 0x80003654 (0xf0fb8603) lb      a2, -241(s7)
core   0: 3 0x80003654 (0xf0fb8603) x12 0x00000056 mem 0x800156c1
core   0: 0x80003658 (0x055b9023) sh      s5, 64(s7)
core   0: 3 0x80003658 (0x055b9023) mem 0x800157f2 0x0017
core   0: 0x8000365c (0x013a1523) sh      s3, 10(s4)
core   0: 3 0x8000365c (0x013a1523) mem 0x80015e4c 0xa7c5
core   0: 0x80003660 (0x7ee92603) lw      a2, 2030(s2)
core   0: 3 0x80003660 (0x7ee92603) x12 0xfd324eb3 mem 0x80015f5c
core   0: 0x80003664 (0x01da07a3) sb      t4, 15(s4)
core   0: 3 0x80003664 (0x01da07a3) mem 0x80015e51 0x6b
core   0: 0x80003668 (0xffba4683) lbu     a3, -5(s4)
core   0: 3 0x80003668 (0xffba4683) x13 0x00000005 mem 0x80015e3d
core   0: 0x8000366c (0x08eb8023) sb      a4, 128(s7)
core   0: 3 0x8000366c (0x08eb8023) mem 0x80015832 0xad
core   0: 0x80003670 (0x62291e03) lh      t3, 1570(s2)
core   0: 3 0x80003670 (0x62291e03) x28 0x00004b98 mem 0x80015d90
core   0: 0x80003674 (0xffeb8083) lb      ra, -2(s7)
core   0: 3 0x80003674 (0xffeb8083) x 1 0x0000000b mem 0x800157b0
core   0: 0x80003678 (0x00ea4783) lbu     a5, 14(s4)
core   0: 3 0x80003678 (0x00ea4783) x15 0x00000084 mem 0x80015e50
core   0: 0x8000367c (0xfffa4d03) lbu     s10, -1(s4)
core   0: 3 0x8000367c (0xfffa4d03) x26 0x000000dc mem 0x80015e41
core   0: 0x80003680 (0xfe0b9983) lh      s3, -32(s7)
core   0: 3 0x80003680 (0xfe0b9983) x19 0xffffb762 mem 0x80015792
core   0: 0x80003684 (0x6fe91203) lh      tp, 1790(s2)
core   0: 3 0x80003684 (0x6fe91203) x 4 0xfffff39a mem 0x80015e6c
core   0: 0x80003688 (0x00ba0783) lb      a5, 11(s4)
core   0: 3 0x80003688 (0x00ba0783) x15 0xffffffa7 mem 0x80015e4d
core   0: 0x8000368c (0x017a02a3) sb      s7, 5(s4)
core   0: 3 0x8000368c (0x017a02a3) mem 0x80015e47 0xb2
core   0: 0x80003690 (0x054b8223) sb      s4, 68(s7)
core   0: 3 0x80003690 (0x054b8223) mem 0x800157f6 0x42
core   0: 0x80003694 (0x0b594f03) lbu     t5, 181(s2)
core   0: 3 0x80003694 (0x0b594f03) x30 0x000000a4 mem 0x80015823
core   0: 0x80003698 (0x0bab9c23) sh      s10, 184(s7)
core   0: 3 0x80003698 (0x0bab9c23) mem 0x8001586a 0x00dc
core   0: 0x8000369c (0x0adb8183) lb      gp, 173(s7)
core   0: 3 0x8000369c (0x0adb8183) x 3 0x00000053 mem 0x8001585f
core   0: 0x800036a0 (0xb2a91d03) lh      s10, -1238(s2)
core   0: 3 0x800036a0 (0xb2a91d03) x26 0x000052ae mem 0x80015298
core   0: 0x800036a4 (0x001a4983) lbu     s3, 1(s4)
core   0: 3 0x800036a4 (0x001a4983) x19 0x00000062 mem 0x80015e43
core   0: 0x800036a8 (0xff990303) lb      t1, -7(s2)
core   0: 3 0x800036a8 (0xff990303) x 6 0xffffffd2 mem 0x80015767
core   0: 0x800036ac (0x01cb8223) sb      t3, 4(s7)
core   0: 3 0x800036ac (0x01cb8223) mem 0x800157b6 0x98
core   0: 0x800036b0 (0x001a0023) sb      ra, 0(s4)
core   0: 3 0x800036b0 (0x001a0023) mem 0x80015e42 0xb
core   0: 0x800036b4 (0x00016397) auipc   t2, 0x16
core   0: 3 0x800036b4 (0x00016397) x 7 0x800196b4
core   0: 0x800036b8 (0x5eb38393) addi    t2, t2, 1515
core   0: 3 0x800036b8 (0x5eb38393) x 7 0x80019c9f
core   0: 0x800036bc (0x0aa38e83) lb      t4, 170(t2)
core   0: 3 0x800036bc (0x0aa38e83) x29 0xffffffca mem 0x80019d49
core   0: 0x800036c0 (0x0ff0000f) fence   iorw,iorw
core   0: 3 0x800036c0 (0x0ff0000f)
core   0: 0x800036c4 (0xf6e3ce83) lbu     t4, -146(t2)
core   0: 3 0x800036c4 (0xf6e3ce83) x29 0x000000fc mem 0x80019c0d
core   0: 0x800036c8 (0x55bf6a93) ori     s5, t5, 1371
core   0: 3 0x800036c8 (0x55bf6a93) x21 0x000005ff
core   0: 0x800036cc (0x40afdf33) sra     t5, t6, a0
core   0: 3 0x800036cc (0x40afdf33) x30 0x00000000
core   0: 0x800036d0 (0xf4b387a3) sb      a1, -177(t2)
core   0: 3 0x800036d0 (0xf4b387a3) mem 0x80019bee 0xe4
core   0: 0x800036d4 (0xf4f3dd03) lhu     s10, -177(t2)
core   0: 3 0x800036d4 (0xf4f3dd03) x26 0x000069e4 mem 0x80019bee
core   0: 0x800036d8 (0xf1b38b23) sb      s11, -234(t2)
core   0: 3 0x800036d8 (0xf1b38b23) mem 0x80019bb5 0xec
core   0: 0x800036dc (0x01c35c13) srli    s8, t1, 28
core   0: 3 0x800036dc (0x01c35c13) x24 0x0000000f
core   0: 0x800036e0 (0xf163c803) lbu     a6, -234(t2)
core   0: 3 0x800036e0 (0xf163c803) x16 0x000000ec mem 0x80019bb5
core   0: 0x800036e4 (0xf653a183) lw      gp, -155(t2)
core   0: 3 0x800036e4 (0xf653a183) x 3 0x8b6df087 mem 0x80019c04
core   0: 0x800036e8 (0x06838183) lb      gp, 104(t2)
core   0: 3 0x800036e8 (0x06838183) x 3 0x00000009 mem 0x80019d07
core   0: 0x800036ec (0x06838e03) lb      t3, 104(t2)
core   0: 3 0x800036ec (0x06838e03) x28 0x00000009 mem 0x80019d07
core   0: 0x800036f0 (0xf6d3a283) lw      t0, -147(t2)
core   0: 3 0x800036f0 (0xf6d3a283) x 5 0x5e9efc67 mem 0x80019c0c
core   0: 0x800036f4 (0xfdc38123) sb      t3, -62(t2)
core   0: 3 0x800036f4 (0xfdc38123) mem 0x80019c61 0x9
core   0: 0x800036f8 (0xfd638123) sb      s6, -62(t2)
core   0: 3 0x800036f8 (0xfd638123) mem 0x80019c61 0x5c
core   0: 0x800036fc (0xfc23cd83) lbu     s11, -62(t2)
core   0: 3 0x800036fc (0xfc23cd83) x27 0x0000005c mem 0x80019c61
core   0: 0x80003700 (0x00bbc1b3) xor     gp, s7, a1
core   0: 3 0x80003700 (0x00bbc1b3) x 3 0x0003bb56
core   0: 0x80003704 (0xf8a38783) lb      a5, -118(t2)
core   0: 3 0x80003704 (0xf8a38783) x15 0xffffffc6 mem 0x80019c29
core   0: 0x80003708 (0x00012897) auipc   a7, 0x12
core   0: 3 0x80003708 (0x00012897) x17 0x80015708
core   0: 0x8000370c (0x57e88893) addi    a7, a7, 1406
core   0: 3 0x8000370c (0x57e88893) x17 0x80015c86
core   0: 0x80003710 (0xfd088f03) lb      t5, -48(a7)
core   0: 3 0x80003710 (0xfd088f03) x30 0xfffffff5 mem 0x80015c56
core   0: 0x80003714 (0xfd08ca03) lbu     s4, -48(a7)
core   0: 3 0x80003714 (0xfd08ca03) x20 0x000000f5 mem 0x80015c56
core   0: 0x80003718 (0xfda88823) sb      s10, -48(a7)
core   0: 3 0x80003718 (0xfda88823) mem 0x80015c56 0xe4
core   0: 0x8000371c (0x0017fd33) and     s10, a5, ra
core   0: 3 0x8000371c (0x0017fd33) x26 0x00000002
core   0: 0x80003720 (0xfd089823) sh      a6, -48(a7)
core   0: 3 0x80003720 (0xfd089823) mem 0x80015c56 0x00ec
core   0: 0x80003724 (0x89f23537) lui     a0, 0x89f23
core   0: 3 0x80003724 (0x89f23537) x10 0x89f23000
core   0: 0x80003728 (0x0b2dbe93) sltiu   t4, s11, 178
core   0: 3 0x80003728 (0x0b2dbe93) x29 0x00000001
core   0: 0x8000372c (0xfeb8ca83) lbu     s5, -21(a7)
core   0: 3 0x8000372c (0xfeb8ca83) x21 0x00000000 mem 0x80015c71
core   0: 0x80003730 (0xfeb88d83) lb      s11, -21(a7)
core   0: 3 0x80003730 (0xfeb88d83) x27 0x00000000 mem 0x80015c71
core   0: 0x80003734 (0x00c89603) lh      a2, 12(a7)
core   0: 3 0x80003734 (0x00c89603) x12 0xffffc37d mem 0x80015c92
core   0: 0x80003738 (0xfe588fa3) sb      t0, -1(a7)
core   0: 3 0x80003738 (0xfe588fa3) mem 0x80015c85 0x67
core   0: 0x8000373c (0x19596313) ori     t1, s2, 405
core   0: 3 0x8000373c (0x19596313) x 6 0x800157ff
core   0: 0x80003740 (0x01e887a3) sb      t5, 15(a7)
core   0: 3 0x80003740 (0x01e887a3) mem 0x80015c95 0xf5
core   0: 0x80003744 (0xff689f03) lh      t5, -10(a7)
core   0: 3 0x80003744 (0xff689f03) x30 0x00002d5d mem 0x80015c7c
core   0: 0x80003748 (0xfef89b23) sh      a5, -10(a7)
core   0: 3 0x80003748 (0xfef89b23) mem 0x80015c7c 0xffc6
core   0: 0x8000374c (0xff68d603) lhu     a2, -10(a7)
core   0: 3 0x8000374c (0xff68d603) x12 0x0000ffc6 mem 0x80015c7c
core   0: 0x80003750 (0xff989b23) sh      s9, -10(a7)
core   0: 3 0x80003750 (0xff989b23) mem 0x80015c7c 0x009a
core   0: 0x80003754 (0xe2c88717) auipc   a4, 0xe2c88
core   0: 3 0x80003754 (0xe2c88717) x14 0x62c8b754
core   0: 0x80003758 (0x0378c903) lbu     s2, 55(a7)
core   0: 3 0x80003758 (0x0378c903) x18 0x00000000 mem 0x80015cbd
core   0: 0x8000375c (0x02488ba3) sb      tp, 55(a7)
core   0: 3 0x8000375c (0x02488ba3) mem 0x80015cbd 0x9a
core   0: 0x80003760 (0x03388ba3) sb      s3, 55(a7)
core   0: 3 0x80003760 (0x03388ba3) mem 0x80015cbd 0x62
core   0: 0x80003764 (0x0378ca03) lbu     s4, 55(a7)
core   0: 3 0x80003764 (0x0378ca03) x20 0x00000062 mem 0x80015cbd
core   0: 0x80003768 (0xff188a83) lb      s5, -15(a7)
core   0: 3 0x80003768 (0xff188a83) x21 0x00000000 mem 0x80015c77
core   0: 0x8000376c (0xffb888a3) sb      s11, -15(a7)
core   0: 3 0x8000376c (0xffb888a3) mem 0x80015c77 0x0
core   0: 0x80003770 (0x5e16e413) ori     s0, a3, 1505
core   0: 3 0x80003770 (0x5e16e413) x 8 0x000005e5
core   0: 0x80003774 (0xfda8af03) lw      t5, -38(a7)
core   0: 3 0x80003774 (0xfda8af03) x30 0xfc006992 mem 0x80015c60
core   0: 0x80003778 (0x00022f17) auipc   t5, 0x22
core   0: 3 0x80003778 (0x00022f17) x30 0x80025778
core   0: 0x8000377c (0xc6af0f13) addi    t5, t5, -918
core   0: 3 0x8000377c (0xc6af0f13) x30 0x800253e2
core   0: 0x80003780 (0xc78f2923) sw      s8, -910(t5)
core   0: 3 0x80003780 (0xc78f2923) mem 0x80025054 0x0000000f
core   0: 0x80003784 (0x009e3cb3) sltu    s9, t3, s1
core   0: 3 0x80003784 (0x009e3cb3) x25 0x00000001
core   0: 0x80003788 (0x4e90a317) auipc   t1, 0x4e90a
core   0: 3 0x80003788 (0x4e90a317) x 6 0xce90d788
core   0: 0x8000378c (0x195f2b23) sw      s5, 406(t5)
core   0: 3 0x8000378c (0x195f2b23) mem 0x80025578 0x00000000
core   0: 0x80003790 (0xeecf1623) sh      a2, -276(t5)
core   0: 3 0x80003790 (0xeecf1623) mem 0x800252ce 0xffc6
core   0: 0x80003794 (0x756f03a3) sb      s6, 1863(t5)
core   0: 3 0x80003794 (0x756f03a3) mem 0x80025b29 0x5c
core   0: 0x80003798 (0x67adcd93) xori    s11, s11, 1658
core   0: 3 0x80003798 (0x67adcd93) x27 0x0000067a
core   0: 0x8000379c (0x01a12fb3) slt     t6, sp, s10
core   0: 3 0x8000379c (0x01a12fb3) x31 0x00000001
core   0: 0x800037a0 (0xaf7f4903) lbu     s2, -1289(t5)
core   0: 3 0x800037a0 (0xaf7f4903) x18 0x000000a1 mem 0x80024ed9
core   0: 0x800037a4 (0x007ddf93) srli    t6, s11, 7
core   0: 3 0x800037a4 (0x007ddf93) x31 0x0000000c
core   0: 0x800037a8 (0x69e3ec93) ori     s9, t2, 1694
core   0: 3 0x800037a8 (0x69e3ec93) x25 0x80019e9f
core   0: 0x800037ac (0xf65f0a03) lb      s4, -155(t5)
core   0: 3 0x800037ac (0xf65f0a03) x20 0x0000000f mem 0x80025347
core   0: 0x800037b0 (0x08bf3c93) sltiu   s9, t5, 139
core   0: 3 0x800037b0 (0x08bf3c93) x25 0x00000000
core   0: 0x800037b4 (0xc52f0a03) lb      s4, -942(t5)
core   0: 3 0x800037b4 (0xc52f0a03) x20 0xfffffffe mem 0x80025034
core   0: 0x800037b8 (0x20ef0c23) sb      a4, 536(t5)
core   0: 3 0x800037b8 (0x20ef0c23) mem 0x800255fa 0x54
core   0: 0x800037bc (0xe37f0e03) lb      t3, -457(t5)
core   0: 3 0x800037bc (0xe37f0e03) x28 0x00000030 mem 0x80025219
core   0: 0x800037c0 (0x0157d6b3) srl     a3, a5, s5
core   0: 3 0x800037c0 (0x0157d6b3) x13 0xffffffc6
core   0: 0x800037c4 (0x4b3f4303) lbu     t1, 1203(t5)
core   0: 3 0x800037c4 (0x4b3f4303) x 6 0x000000b3 mem 0x80025895
core   0: 0x800037c8 (0xcabf4903) lbu     s2, -853(t5)
core   0: 3 0x800037c8 (0xcabf4903) x18 0x0000008a mem 0x8002508d
core   0: 0x800037cc (0x2e1f4803) lbu     a6, 737(t5)
core   0: 3 0x800037cc (0x2e1f4803) x16 0x000000c9 mem 0x800256c3
core   0: 0x800037d0 (0xeba5a513) slti    a0, a1, -326
core   0: 3 0x800037d0 (0xeba5a513) x10 0x00000001
core   0: 0x800037d4 (0x401a5cb3) sra     s9, s4, ra
core   0: 3 0x800037d4 (0x401a5cb3) x25 0xffffffff
core   0: 0x800037d8 (0xb5b12d93) slti    s11, sp, -1189
core   0: 3 0x800037d8 (0xb5b12d93) x27 0x00000001
core   0: 0x800037dc (0xfb0f09a3) sb      a6, -77(t5)
core   0: 3 0x800037dc (0xfb0f09a3) mem 0x80025395 0xc9
core   0: 0x800037e0 (0x01248c33) add     s8, s1, s2
core   0: 3 0x800037e0 (0x01248c33) x24 0x0000000a
core   0: 0x800037e4 (0xf8ef4c83) lbu     s9, -114(t5)
core   0: 3 0x800037e4 (0xf8ef4c83) x25 0x00000067 mem 0x80025370
core   0: 0x800037e8 (0x00b78e33) add     t3, a5, a1
core   0: 3 0x800037e8 (0x00b78e33) x28 0x8002ecaa
core   0: 0x800037ec (0x01538033) add     zero, t2, s5
core   0: 3 0x800037ec (0x01538033)
core   0: 0x800037f0 (0x0ff0000f) fence   iorw,iorw
core   0: 3 0x800037f0 (0x0ff0000f)
core   0: 0x800037f4 (0x126f0fa3) sb      t1, 319(t5)
core   0: 3 0x800037f4 (0x126f0fa3) mem 0x80025521 0xb3
core   0: 0x800037f8 (0x118f02a3) sb      s8, 261(t5)
core   0: 3 0x800037f8 (0x118f02a3) mem 0x800254e7 0xa
core   0: 0x800037fc (0x4116d613) srai    a2, a3, 17
core   0: 3 0x800037fc (0x4116d613) x12 0xffffffff
core   0: 0x80003800 (0xae8f5e03) lhu     t3, -1304(t5)
core   0: 3 0x80003800 (0xae8f5e03) x28 0x000077a5 mem 0x80024eca
core   0: 0x80003804 (0x0000100f) fence.i
core   0: 3 0x80003804 (0x0000100f)
core   0: 0x80003808 (0x109f4003) lbu     zero, 265(t5)
core   0: 3 0x80003808 (0x109f4003) mem 0x800254eb
core   0: 0x8000380c (0x20ff0703) lb      a4, 527(t5)
core   0: 3 0x8000380c (0x20ff0703) x14 0x0000000b mem 0x800255f1
core   0: 0x80003810 (0x8ebf0ea3) sb      a1, -1795(t5)
core   0: 3 0x80003810 (0x8ebf0ea3) mem 0x80024cdf 0xe4
core   0: 0x80003814 (0x0000100f) fence.i
core   0: 3 0x80003814 (0x0000100f)
core   0: 0x80003818 (0xd96f2f83) lw      t6, -618(t5)
core   0: 3 0x80003818 (0xd96f2f83) x31 0xed470c25 mem 0x80025178
core   0: 0x8000381c (0x00e11013) slli    zero, sp, 14
core   0: 3 0x8000381c (0x00e11013)
core   0: 0x80003820 (0x2045f637) lui     a2, 0x2045f
core   0: 3 0x80003820 (0x2045f637) x12 0x2045f000
core   0: 0x80003824 (0x97bf0d83) lb      s11, -1669(t5)
core   0: 3 0x80003824 (0x97bf0d83) x27 0x0000002e mem 0x80024d5d
core   0: 0x80003828 (0x0130dcb3) srl     s9, ra, s3
core   0: 3 0x80003828 (0x0130dcb3) x25 0x00000002
core   0: 0x8000382c (0x584f1223) sh      tp, 1412(t5)
core   0: 3 0x8000382c (0x584f1223) mem 0x80025966 0xf39a
core   0: 0x80003830 (0x328f0d03) lb      s10, 808(t5)
core   0: 3 0x80003830 (0x328f0d03) x26 0x0000002d mem 0x8002570a
core   0: 0x80003834 (0x780f5703) lhu     a4, 1920(t5)
core   0: 3 0x80003834 (0x780f5703) x14 0x0000151d mem 0x80025b62
core   0: 0x80003838 (0x00012f17) auipc   t5, 0x12
core   0: 3 0x80003838 (0x00012f17) x30 0x80015838
core   0: 0x8000383c (0x60af0f13) addi    t5, t5, 1546
core   0: 3 0x8000383c (0x60af0f13) x30 0x80015e42
core   0: 0x80003840 (0xbf3f4203) lbu     tp, -1037(t5)
core   0: 3 0x80003840 (0xbf3f4203) x 4 0x00000075 mem 0x80015a35
core   0: 0x80003844 (0xad4f5503) lhu     a0, -1324(t5)
core   0: 3 0x80003844 (0xad4f5503) x10 0x00001db2 mem 0x80015916
core   0: 0x80003848 (0xf56f2703) lw      a4, -170(t5)
core   0: 3 0x80003848 (0xf56f2703) x14 0x01f1d73d mem 0x80015d98
core   0: 0x8000384c (0x8fdf4403) lbu     s0, -1795(t5)
core   0: 3 0x8000384c (0x8fdf4403) x 8 0x000000dc mem 0x8001573f
core   0: 0x80003850 (0x0e9f06a3) sb      s1, 237(t5)
core   0: 3 0x80003850 (0x0e9f06a3) mem 0x80015f2f 0x80
core   0: 0x80003854 (0xd0b14d97) auipc   s11, 0xd0b14
core   0: 3 0x80003854 (0xd0b14d97) x27 0x50b17854
core   0: 0x80003858 (0x7b17f493) andi    s1, a5, 1969
core   0: 3 0x80003858 (0x7b17f493) x 9 0x00000780
core   0: 0x8000385c (0xcfff4383) lbu     t2, -769(t5)
core   0: 3 0x8000385c (0xcfff4383) x 7 0x0000002b mem 0x80015b41
core   0: 0x80003860 (0xa1df4303) lbu     t1, -1507(t5)
core   0: 3 0x80003860 (0xa1df4303) x 6 0x00000053 mem 0x8001585f
core   0: 0x80003864 (0x108f5283) lhu     t0, 264(t5)
core   0: 3 0x80003864 (0x108f5283) x 5 0x0000a68c mem 0x80015f4a
core   0: 0x80003868 (0x108f0d03) lb      s10, 264(t5)
core   0: 3 0x80003868 (0x108f0d03) x26 0xffffff8c mem 0x80015f4a
core   0: 0x8000386c (0x108f1a83) lh      s5, 264(t5)
core   0: 3 0x8000386c (0x108f1a83) x21 0xffffa68c mem 0x80015f4a
core   0: 0x80003870 (0xf26f0c03) lb      s8, -218(t5)
core   0: 3 0x80003870 (0xf26f0c03) x24 0x00000076 mem 0x80015d68
core   0: 0x80003874 (0x00012997) auipc   s3, 0x12
core   0: 3 0x80003874 (0x00012997) x19 0x80015874
core   0: 0x80003878 (0x5d198993) addi    s3, s3, 1489
core   0: 3 0x80003878 (0x5d198993) x19 0x80015e45
core   0: 0x8000387c (0x005b71b3) and     gp, s6, t0
core   0: 3 0x8000387c (0x005b71b3) x 3 0x0000a20c
core   0: 0x80003880 (0x41cc5db3) sra     s11, s8, t3
core   0: 3 0x80003880 (0x41cc5db3) x27 0x00000003
core   0: 0x80003884 (0x0128d033) srl     zero, a7, s2
core   0: 3 0x80003884 (0x0128d033)
core   0: 0x80003888 (0x02898803) lb      a6, 40(s3)
core   0: 3 0x80003888 (0x02898803) x16 0xfffffff3 mem 0x80015e6d
core   0: 0x8000388c (0xfc798e23) sb      t2, -36(s3)
core   0: 3 0x8000388c (0xfc798e23) mem 0x80015e21 0x2b
core   0: 0x80003890 (0xfeb99403) lh      s0, -21(s3)
core   0: 3 0x80003890 (0xfeb99403) x 8 0xffffa120 mem 0x80015e30
core   0: 0x80003894 (0x0ff0000f) fence   iorw,iorw
core   0: 3 0x80003894 (0x0ff0000f)
core   0: 0x80003898 (0x017f07b3) add     a5, t5, s7
core   0: 3 0x80003898 (0x017f07b3) x15 0x0002b5f4
core   0: 0x8000389c (0xfc19ada3) sw      ra, -37(s3)
core   0: 3 0x8000389c (0xfc19ada3) mem 0x80015e20 0x0000000b
core   0: 0x800038a0 (0xfe39a683) lw      a3, -29(s3)
core   0: 3 0x800038a0 (0xfe39a683) x13 0x8231b15d mem 0x80015e28
core   0: 0x800038a4 (0x0199c403) lbu     s0, 25(s3)
core   0: 3 0x800038a4 (0x0199c403) x 8 0x0000008b mem 0x80015e5e
core   0: 0x800038a8 (0x002c7233) and     tp, s8, sp
core   0: 3 0x800038a8 (0x002c7233) x 4 0x00000064
core   0: 0x800038ac (0xffc996a3) sh      t3, -19(s3)
core   0: 3 0x800038ac (0xffc996a3) mem 0x80015e32 0x77a5
core   0: 0x800038b0 (0x4022da33) sra     s4, t0, sp
core   0: 3 0x800038b0 (0x4022da33) x20 0x00000a68
core   0: 0x800038b4 (0x01c49e33) sll     t3, s1, t3
core   0: 3 0x800038b4 (0x01c49e33) x28 0x0000f000
core   0: 0x800038b8 (0x00fe3bb3) sltu    s7, t3, a5
core   0: 3 0x800038b8 (0x00fe3bb3) x23 0x00000001
core   0: 0x800038bc (0x00b5f933) and     s2, a1, a1
core   0: 3 0x800038bc (0x00b5f933) x18 0x8002ece4
core   0: 0x800038c0 (0x0011ff33) and     t5, gp, ra
core   0: 3 0x800038c0 (0x0011ff33) x30 0x00000008
core   0: 0x800038c4 (0xfd39a903) lw      s2, -45(s3)
core   0: 3 0x800038c4 (0xfd39a903) x18 0xd8976757 mem 0x80015e18
core   0: 0x800038c8 (0xfec98023) sb      a2, -32(s3)
core   0: 3 0x800038c8 (0xfec98023) mem 0x80015e25 0x0
core   0: 0x800038cc (0x91bfa213) slti    tp, t6, -1765
core   0: 3 0x800038cc (0x91bfa213) x 4 0x00000001
core   0: 0x800038d0 (0x01276c33) or      s8, a4, s2
core   0: 3 0x800038d0 (0x01276c33) x24 0xd9f7f77f
core   0: 0x800038d4 (0xfd098823) sb      a6, -48(s3)
core   0: 3 0x800038d4 (0xfd098823) mem 0x80015e15 0xf3
core   0: 0x800038d8 (0xdd7ce493) ori     s1, s9, -553
core   0: 3 0x800038d8 (0xdd7ce493) x 9 0xfffffdd7
core   0: 0x800038dc (0xffe98ea3) sb      t5, -3(s3)
core   0: 3 0x800038dc (0xffe98ea3) mem 0x80015e42 0x8
core   0: 0x800038e0 (0xffd9afa3) sw      t4, -1(s3)
core   0: 3 0x800038e0 (0xffd9afa3) mem 0x80015e44 0x00000001
core   0: 0x800038e4 (0x33da2013) slti    zero, s4, 829
core   0: 3 0x800038e4 (0x33da2013)
core   0: 0x800038e8 (0x013ffc33) and     s8, t6, s3
core   0: 3 0x800038e8 (0x013ffc33) x24 0x80010c05
core   0: 0x800038ec (0x01298803) lb      a6, 18(s3)
core   0: 3 0x800038ec (0x01298803) x16 0x0000001f mem 0x80015e57
core   0: 0x800038f0 (0x40d30f33) sub     t5, t1, a3
core   0: 3 0x800038f0 (0x40d30f33) x30 0x7dce4ef6
core   0: 0x800038f4 (0x01ebadb3) slt     s11, s7, t5
core   0: 3 0x800038f4 (0x01ebadb3) x27 0x00000001
core   0: 0x800038f8 (0xfd09c003) lbu     zero, -48(s3)
core   0: 3 0x800038f8 (0xfd09c003) mem 0x80015e15
core   0: 0x800038fc (0x00012e17) auipc   t3, 0x12
core   0: 3 0x800038fc (0x00012e17) x28 0x800158fc
core   0: 0x80003900 (0x29ae0e13) addi    t3, t3, 666
core   0: 3 0x80003900 (0x29ae0e13) x28 0x80015b96
core   0: 0x80003904 (0xbd2e5803) lhu     a6, -1070(t3)
core   0: 3 0x80003904 (0xbd2e5803) x16 0x0000480a mem 0x80015768
core   0: 0x80003908 (0x4a7e0503) lb      a0, 1191(t3)
core   0: 3 0x80003908 (0x4a7e0503) x10 0xffffff92 mem 0x8001603d
core   0: 0x8000390c (0x00dc1793) slli    a5, s8, 13
core   0: 3 0x8000390c (0x00dc1793) x15 0x2180a000
core   0: 0x80003910 (0xd09e4c03) lbu     s8, -759(t3)
core   0: 3 0x80003910 (0xd09e4c03) x24 0x0000001b mem 0x8001589f
core   0: 0x80003914 (0xc3fe4e83) lbu     t4, -961(t3)
core   0: 3 0x80003914 (0xc3fe4e83) x29 0x00000045 mem 0x800157d5
core   0: 0x80003918 (0xf9ce2b23) sw      t3, -106(t3)
core   0: 3 0x80003918 (0xf9ce2b23) mem 0x80015b2c 0x80015b96
core   0: 0x8000391c (0x008edfb3) srl     t6, t4, s0
core   0: 3 0x8000391c (0x008edfb3) x31 0x00000000
core   0: 0x80003920 (0xf96e1783) lh      a5, -106(t3)
core   0: 3 0x80003920 (0xf96e1783) x15 0x00005b96 mem 0x80015b2c
core   0: 0x80003924 (0xf96e5703) lhu     a4, -106(t3)
core   0: 3 0x80003924 (0xf96e5703) x14 0x00005b96 mem 0x80015b2c
core   0: 0x80003928 (0x1b3e4903) lbu     s2, 435(t3)
core   0: 3 0x80003928 (0x1b3e4903) x18 0x00000000 mem 0x80015d49
core   0: 0x8000392c (0x9bbe4c03) lbu     s8, -1605(t3)
core   0: 3 0x8000392c (0x9bbe4c03) x24 0x00000078 mem 0x80015551
core   0: 0x80003930 (0x658ecf17) auipc   t5, 0x658ec
core   0: 3 0x80003930 (0x658ecf17) x30 0xe58ef930
core   0: 0x80003934 (0xc86ce693) ori     a3, s9, -890
core   0: 3 0x80003934 (0xc86ce693) x13 0xfffffc86
core   0: 0x80003938 (0x01c6cfb3) xor     t6, a3, t3
core   0: 3 0x80003938 (0x01c6cfb3) x31 0x7ffea710
core   0: 0x8000393c (0xface0123) sb      a2, -94(t3)
core   0: 3 0x8000393c (0xface0123) mem 0x80015b38 0x0
core   0: 0x80003940 (0xfb5e2123) sw      s5, -94(t3)
core   0: 3 0x80003940 (0xfb5e2123) mem 0x80015b38 0xffffa68c
core   0: 0x80003944 (0x00bc3eb3) sltu    t4, s8, a1
core   0: 3 0x80003944 (0x00bc3eb3) x29 0x00000001
core   0: 0x80003948 (0xdcbe0203) lb      tp, -565(t3)
core   0: 3 0x80003948 (0xdcbe0203) x 4 0xffffff8e mem 0x80015961
core   0: 0x8000394c (0x40fad333) sra     t1, s5, a5
core   0: 3 0x8000394c (0x40fad333) x 6 0xffffffff
core   0: 0x80003950 (0x836e4783) lbu     a5, -1994(t3)
core   0: 3 0x80003950 (0x836e4783) x15 0x000000ab mem 0x800153cc
core   0: 0x80003954 (0x836e1f03) lh      t5, -1994(t3)
core   0: 3 0x80003954 (0x836e1f03) x30 0x00007bab mem 0x800153cc
core   0: 0x80003958 (0xe9ee0ea3) sb      t5, -355(t3)
core   0: 3 0x80003958 (0xe9ee0ea3) mem 0x80015a33 0xab
core   0: 0x8000395c (0x0001f817) auipc   a6, 0x1f
core   0: 3 0x8000395c (0x0001f817) x16 0x8002295c
core   0: 0x80003960 (0xf2b80813) addi    a6, a6, -213
core   0: 3 0x80003960 (0xf2b80813) x16 0x80022887
core   0: 0x80003964 (0xffc80f23) sb      t3, -2(a6)
core   0: 3 0x80003964 (0xffc80f23) mem 0x80022885 0x96
core   0: 0x80003968 (0x408ed913) srai    s2, t4, 8
core   0: 3 0x80003968 (0x408ed913) x18 0x00000000
core   0: 0x8000396c (0xefb4fa93) andi    s5, s1, -261
core   0: 3 0x8000396c (0xefb4fa93) x21 0xfffffcd3
core   0: 0x80003970 (0x00b85003) lhu     zero, 11(a6)
core   0: 3 0x80003970 (0x00b85003) mem 0x80022892
core   0: 0x80003974 (0x00b85003) lhu     zero, 11(a6)
core   0: 3 0x80003974 (0x00b85003) mem 0x80022892
core   0: 0x80003978 (0xffe81da3) sh      t5, -5(a6)
core   0: 3 0x80003978 (0xffe81da3) mem 0x80022882 0x7bab
core   0: 0x8000397c (0xff680f83) lb      t6, -10(a6)
core   0: 3 0x8000397c (0xff680f83) x31 0x0000007f mem 0x8002287d
core   0: 0x80003980 (0x0043cdb3) xor     s11, t2, tp
core   0: 3 0x80003980 (0x0043cdb3) x27 0xffffffa5
core   0: 0x80003984 (0x40830233) sub     tp, t1, s0
core   0: 3 0x80003984 (0x40830233) x 4 0xffffff74
core   0: 0x80003988 (0xff684603) lbu     a2, -10(a6)
core   0: 3 0x80003988 (0xff684603) x12 0x0000007f mem 0x8002287d
core   0: 0x8000398c (0xff182d03) lw      s10, -15(a6)
core   0: 3 0x8000398c (0xff182d03) x26 0xc28d2b64 mem 0x80022878
core   0: 0x80003990 (0xff484503) lbu     a0, -12(a6)
core   0: 3 0x80003990 (0xff484503) x10 0x000000c2 mem 0x8002287b
core   0: 0x80003994 (0x005540b3) xor     ra, a0, t0
core   0: 3 0x80003994 (0x005540b3) x 1 0x0000a64e
core   0: 0x80003998 (0x008803a3) sb      s0, 7(a6)
core   0: 3 0x80003998 (0x008803a3) mem 0x8002288e 0x8b
core   0: 0x8000399c (0xfec26693) ori     a3, tp, -20
core   0: 3 0x8000399c (0xfec26693) x13 0xfffffffc
core   0: 0x800039a0 (0x0174ff33) and     t5, s1, s7
core   0: 3 0x800039a0 (0x0174ff33) x30 0x00000001
core   0: 0x800039a4 (0x00784d83) lbu     s11, 7(a6)
core   0: 3 0x800039a4 (0x00784d83) x27 0x0000008b mem 0x8002288e
core   0: 0x800039a8 (0x01680223) sb      s6, 4(a6)
core   0: 3 0x800039a8 (0x01680223) mem 0x8002288b 0x5c
core   0: 0x800039ac (0x00021317) auipc   t1, 0x21
core   0: 3 0x800039ac (0x00021317) x 6 0x800249ac
core   0: 0x800039b0 (0x60b30313) addi    t1, t1, 1547
core   0: 3 0x800039b0 (0x60b30313) x 6 0x80024fb7
core   0: 0x800039b4 (0x00012f97) auipc   t6, 0x12
core   0: 3 0x800039b4 (0x00012f97) x31 0x800159b4
core   0: 0x800039b8 (0x3b8f8f93) addi    t6, t6, 952
core   0: 3 0x800039b8 (0x3b8f8f93) x31 0x80015d6c
core   0: 0x800039bc (0xff0fda83) lhu     s5, -16(t6)
core   0: 3 0x800039bc (0xff0fda83) x21 0x00009a1d mem 0x80015d5c
core   0: 0x800039c0 (0xe9430123) sb      s4, -382(t1)
core   0: 3 0x800039c0 (0xe9430123) mem 0x80024e39 0x68
core   0: 0x800039c4 (0xffafde83) lhu     t4, -6(t6)
core   0: 3 0x800039c4 (0xffafde83) x29 0x0000ef7a mem 0x80015d66
core   0: 0x800039c8 (0x004fc603) lbu     a2, 4(t6)
core   0: 3 0x800039c8 (0x004fc603) x12 0x00000013 mem 0x80015d70
core   0: 0x800039cc (0xaa230603) lb      a2, -1374(t1)
core   0: 3 0x800039cc (0xaa230603) x12 0xffffffe3 mem 0x80024a59
core   0: 0x800039d0 (0xdbf303a3) sb      t6, -601(t1)
core   0: 3 0x800039d0 (0xdbf303a3) mem 0x80024d5e 0x6c
core   0: 0x800039d4 (0xffefc803) lbu     a6, -2(t6)
core   0: 3 0x800039d4 (0xffefc803) x16 0x000000c5 mem 0x80015d6a
core   0: 0x800039d8 (0xffffc383) lbu     t2, -1(t6)
core   0: 3 0x800039d8 (0xffffc383) x 7 0x00000006 mem 0x80015d6b
core   0: 0x800039dc (0xbe030e83) lb      t4, -1056(t1)
core   0: 3 0x800039dc (0xbe030e83) x29 0x00000074 mem 0x80024b97
core   0: 0x800039e0 (0x5ab34e03) lbu     t3, 1451(t1)
core   0: 3 0x800039e0 (0x5ab34e03) x28 0x0000005a mem 0x80025562
core   0: 0x800039e4 (0x00014897) auipc   a7, 0x14
core   0: 3 0x800039e4 (0x00014897) x17 0x800179e4
core   0: 0x800039e8 (0xe9588893) addi    a7, a7, -363
core   0: 3 0x800039e8 (0xe9588893) x17 0x80017879
core   0: 0x800039ec (0x010860b3) or      ra, a6, a6
core   0: 3 0x800039ec (0x010860b3) x 1 0x000000c5
core   0: 0x800039f0 (0x0026ec33) or      s8, a3, sp
core   0: 3 0x800039f0 (0x0026ec33) x24 0xfffffffc
core   0: 0x800039f4 (0x00554933) xor     s2, a0, t0
core   0: 3 0x800039f4 (0x00554933) x18 0x0000a64e
core   0: 0x800039f8 (0x01e28233) add     tp, t0, t5
core   0: 3 0x800039f8 (0x01e28233) x 4 0x0000a68d
core   0: 0x800039fc (0x4e45a613) slti    a2, a1, 1252
core   0: 3 0x800039fc (0x4e45a613) x12 0x00000001
core   0: 0x80003a00 (0x0ff0000f) fence   iorw,iorw
core   0: 3 0x80003a00 (0x0ff0000f)
core   0: 0x80003a04 (0x07d88a23) sb      t4, 116(a7)
core   0: 3 0x80003a04 (0x07d88a23) mem 0x800178ed 0x74
core   0: 0x80003a08 (0x0000100f) fence.i
core   0: 3 0x80003a08 (0x0000100f)
core   0: 0x80003a0c (0xa23c8f13) addi    t5, s9, -1501
core   0: 3 0x80003a0c (0xa23c8f13) x30 0xfffffa25
core   0: 0x80003a10 (0xf878c603) lbu     a2, -121(a7)
core   0: 3 0x80003a10 (0xf878c603) x12 0x0000004c mem 0x80017800
core   0: 0x80003a14 (0x0083ec33) or      s8, t2, s0
core   0: 3 0x80003a14 (0x0083ec33) x24 0x0000008f
core   0: 0x80003a18 (0x01589803) lh      a6, 21(a7)
core   0: 3 0x80003a18 (0x01589803) x16 0xffffc986 mem 0x8001788e
core   0: 0x80003a1c (0x01cb9793) slli    a5, s7, 28
core   0: 3 0x80003a1c (0x01cb9793) x15 0x10000000
core   0: 0x80003a20 (0xfe988f03) lb      t5, -23(a7)
core   0: 3 0x80003a20 (0xfe988f03) x30 0xffffffcc mem 0x80017862
core   0: 0x80003a24 (0x0ff0000f) fence   iorw,iorw
core   0: 3 0x80003a24 (0x0ff0000f)
core   0: 0x80003a28 (0xf1b891a3) sh      s11, -253(a7)
core   0: 3 0x80003a28 (0xf1b891a3) mem 0x8001777c 0x008b
core   0: 0x80003a2c (0x00c47633) and     a2, s0, a2
core   0: 3 0x80003a2c (0x00c47633) x12 0x00000008
core   0: 0x80003a30 (0x0015af33) slt     t5, a1, ra
core   0: 3 0x80003a30 (0x0015af33) x30 0x00000001
core   0: 0x80003a34 (0x0238c903) lbu     s2, 35(a7)
core   0: 3 0x80003a34 (0x0238c903) x18 0x000000ec mem 0x8001789c
core   0: 0x80003a38 (0xa07f3d93) sltiu   s11, t5, -1529
core   0: 3 0x80003a38 (0xa07f3d93) x27 0x00000001
core   0: 0x80003a3c (0x00c4f833) and     a6, s1, a2
core   0: 3 0x80003a3c (0x00c4f833) x16 0x00000000
core   0: 0x80003a40 (0x0768c403) lbu     s0, 118(a7)
core   0: 3 0x80003a40 (0x0768c403) x 8 0x0000006e mem 0x800178ef
core   0: 0x80003a44 (0x05b884a3) sb      s11, 73(a7)
core   0: 3 0x80003a44 (0x05b884a3) mem 0x800178c2 0x1
core   0: 0x80003a48 (0xa33a7493) andi    s1, s4, -1485
core   0: 3 0x80003a48 (0xa33a7493) x 9 0x00000a20
core   0: 0x80003a4c (0xede6be93) sltiu   t4, a3, -290
core   0: 3 0x80003a4c (0xede6be93) x29 0x00000000
core   0: 0x80003a50 (0x017ca9b3) slt     s3, s9, s7
core   0: 3 0x80003a50 (0x017ca9b3) x19 0x00000000
core   0: 0x80003a54 (0x01ab1533) sll     a0, s6, s10
core   0: 3 0x80003a54 (0x01ab1533) x10 0xe61bb5c0
core   0: 0x80003a58 (0x009059b3) srl     s3, zero, s1
core   0: 3 0x80003a58 (0x009059b3) x19 0x00000000
core   0: 0x80003a5c (0x000b2e33) slt     t3, s6, zero
core   0: 3 0x80003a5c (0x000b2e33) x28 0x00000001
core   0: 0x80003a60 (0xf9e13e93) sltiu   t4, sp, -98
core   0: 3 0x80003a60 (0xf9e13e93) x29 0x00000001
core   0: 0x80003a64 (0x005304b3) add     s1, t1, t0
core   0: 3 0x80003a64 (0x005304b3) x 9 0x8002f643
core   0: 0x80003a68 (0x00cdef33) or      t5, s11, a2
core   0: 3 0x80003a68 (0x00cdef33) x30 0x00000009
core   0: 0x80003a6c (0x0eb88423) sb      a1, 232(a7)
core   0: 3 0x80003a6c (0x0eb88423) mem 0x80017961 0xe4
core   0: 0x80003a70 (0x0006eeb3) or      t4, a3, zero
core   0: 3 0x80003a70 (0x0006eeb3) x29 0xfffffffc
core   0: 0x80003a74 (0x1ff8c813) xori    a6, a7, 511
core   0: 3 0x80003a74 (0x1ff8c813) x16 0x80017986
core   0: 0x80003a78 (0xe767a813) slti    a6, a5, -394
core   0: 3 0x80003a78 (0xe767a813) x16 0x00000000
core   0: 0x80003a7c (0xade7a493) slti    s1, a5, -1314
core   0: 3 0x80003a7c (0xade7a493) x 9 0x00000000
core   0: 0x80003a80 (0xfa38c383) lbu     t2, -93(a7)
core   0: 3 0x80003a80 (0xfa38c383) x 7 0x000000ff mem 0x8001781c
core   0: 0x80003a84 (0x013a1fb3) sll     t6, s4, s3
core   0: 3 0x80003a84 (0x013a1fb3) x31 0x00000a68
core   0: 0x80003a88 (0x40cc5693) srai    a3, s8, 12
core   0: 3 0x80003a88 (0x40cc5693) x13 0x00000000
core   0: 0x80003a8c (0x0838c203) lbu     tp, 131(a7)
core   0: 3 0x80003a8c (0x0838c203) x 4 0x0000008f mem 0x800178fc
core   0: 0x80003a90 (0x00012517) auipc   a0, 0x12
core   0: 3 0x80003a90 (0x00012517) x10 0x80015a90
core   0: 0x80003a94 (0x52d50513) addi    a0, a0, 1325
core   0: 3 0x80003a94 (0x52d50513) x10 0x80015fbd
core   0: 0x80003a98 (0x02f51e83) lh      t4, 47(a0)
core   0: 3 0x80003a98 (0x02f51e83) x29 0xffffcc19 mem 0x80015fec
core   0: 0x80003a9c (0x030507a3) sb      a6, 47(a0)
core   0: 3 0x80003a9c (0x030507a3) mem 0x80015fec 0x0
core   0: 0x80003aa0 (0x00bffa33) and     s4, t6, a1
core   0: 3 0x80003aa0 (0x00bffa33) x20 0x00000860
core   0: 0x80003aa4 (0x00450c23) sb      tp, 24(a0)
core   0: 3 0x80003aa4 (0x00450c23) mem 0x80015fd5 0x8f
core   0: 0x80003aa8 (0xfff50223) sb      t6, -28(a0)
core   0: 3 0x80003aa8 (0xfff50223) mem 0x80015fa1 0x68
core   0: 0x80003aac (0xfe150223) sb      ra, -28(a0)
core   0: 3 0x80003aac (0xfe150223) mem 0x80015fa1 0xc5
core   0: 0x80003ab0 (0xfd650903) lb      s2, -42(a0)
core   0: 3 0x80003ab0 (0xfd650903) x18 0x00000031 mem 0x80015f93
core   0: 0x80003ab4 (0x02854d83) lbu     s11, 40(a0)
core   0: 3 0x80003ab4 (0x02854d83) x27 0x00000054 mem 0x80015fe5
core   0: 0x80003ab8 (0xfcd54903) lbu     s2, -51(a0)
core   0: 3 0x80003ab8 (0xfcd54903) x18 0x0000006e mem 0x80015f8a
core   0: 0x80003abc (0xfcd54683) lbu     a3, -51(a0)
core   0: 3 0x80003abc (0xfcd54683) x13 0x0000006e mem 0x80015f8a
core   0: 0x80003ac0 (0xfcd50d83) lb      s11, -51(a0)
core   0: 3 0x80003ac0 (0xfcd50d83) x27 0x0000006e mem 0x80015f8a
core   0: 0x80003ac4 (0xfcd55403) lhu     s0, -51(a0)
core   0: 3 0x80003ac4 (0xfcd55403) x 8 0x0000c46e mem 0x80015f8a
core   0: 0x80003ac8 (0xfcf516a3) sh      a5, -51(a0)
core   0: 3 0x80003ac8 (0xfcf516a3) mem 0x80015f8a 0x0000
core   0: 0x80003acc (0xfcd54183) lbu     gp, -51(a0)
core   0: 3 0x80003acc (0xfcd54183) x 3 0x00000000 mem 0x80015f8a
core   0: 0x80003ad0 (0xff054403) lbu     s0, -16(a0)
core   0: 3 0x80003ad0 (0xff054403) x 8 0x000000f0 mem 0x80015fad
core   0: 0x80003ad4 (0x00a50523) sb      a0, 10(a0)
core   0: 3 0x80003ad4 (0x00a50523) mem 0x80015fc7 0xbd
core   0: 0x80003ad8 (0x02254203) lbu     tp, 34(a0)
core   0: 3 0x80003ad8 (0x02254203) x 4 0x000000dd mem 0x80015fdf
core   0: 0x80003adc (0x02250c83) lb      s9, 34(a0)
core   0: 3 0x80003adc (0x02250c83) x25 0xffffffdd mem 0x80015fdf
core   0: 0x80003ae0 (0x00d50083) lb      ra, 13(a0)
core   0: 3 0x80003ae0 (0x00d50083) x 1 0xffffff8d mem 0x80015fca
core   0: 0x80003ae4 (0x03254703) lbu     a4, 50(a0)
core   0: 3 0x80003ae4 (0x03254703) x14 0x00000036 mem 0x80015fef
core   0: 0x80003ae8 (0x03854a83) lbu     s5, 56(a0)
core   0: 3 0x80003ae8 (0x03854a83) x21 0x000000e3 mem 0x80015ff5
core   0: 0x80003aec (0x00012397) auipc   t2, 0x12
core   0: 3 0x80003aec (0x00012397) x 7 0x80015aec
core   0: 0x80003af0 (0x21e38393) addi    t2, t2, 542
core   0: 3 0x80003af0 (0x21e38393) x 7 0x80015d0a
core   0: 0x80003af4 (0x0a33af23) sw      gp, 190(t2)
core   0: 3 0x80003af4 (0x0a33af23) mem 0x80015dc8 0x00000000
core   0: 0x80003af8 (0x032385a3) sb      s2, 43(t2)
core   0: 3 0x80003af8 (0x032385a3) mem 0x80015d35 0x6e
core   0: 0x80003afc (0x00a5e333) or      t1, a1, a0
core   0: 3 0x80003afc (0x00a5e333) x 6 0x8003fffd
core   0: 0x80003b00 (0x00f919b3) sll     s3, s2, a5
core   0: 3 0x80003b00 (0x00f919b3) x19 0x0000006e
core   0: 0x80003b04 (0xf5e39c03) lh      s8, -162(t2)
core   0: 3 0x80003b04 (0xf5e39c03) x24 0x00002d00 mem 0x80015c68
core   0: 0x80003b08 (0x0d738883) lb      a7, 215(t2)
core   0: 3 0x80003b08 (0x0d738883) x17 0xffffffcb mem 0x80015de1
core   0: 0x80003b0c (0xc349e013) ori     zero, s3, -972
core   0: 3 0x80003b0c (0xc349e013)
core   0: 0x80003b10 (0x27d9e213) ori     tp, s3, 637
core   0: 3 0x80003b10 (0x27d9e213) x 4 0x0000027f
core   0: 0x80003b14 (0x09e384a3) sb      t5, 137(t2)
core   0: 3 0x80003b14 (0x09e384a3) mem 0x80015d93 0x9
core   0: 0x80003b18 (0x0193f033) and     zero, t2, s9
core   0: 3 0x80003b18 (0x0193f033)
core   0: 0x80003b1c (0x00c30d33) add     s10, t1, a2
core   0: 3 0x80003b1c (0x00c30d33) x26 0x80040005
core   0: 0x80003b20 (0x0fd38683) lb      a3, 253(t2)
core   0: 3 0x80003b20 (0x0fd38683) x13 0x00000051 mem 0x80015e07
core   0: 0x80003b24 (0x0bc38323) sb      t3, 166(t2)
core   0: 3 0x80003b24 (0x0bc38323) mem 0x80015db0 0x1
core   0: 0x80003b28 (0x002381a3) sb      sp, 3(t2)
core   0: 3 0x80003b28 (0x002381a3) mem 0x80015d0d 0x64
core   0: 0x80003b2c (0x015ac833) xor     a6, s5, s5
core   0: 3 0x80003b2c (0x015ac833) x16 0x00000000
core   0: 0x80003b30 (0x07938903) lb      s2, 121(t2)
core   0: 3 0x80003b30 (0x07938903) x18 0x00000067 mem 0x80015d83
core   0: 0x80003b34 (0x40ff5913) srai    s2, t5, 15
core   0: 3 0x80003b34 (0x40ff5913) x18 0x00000000
core   0: 0x80003b38 (0x01e71bb3) sll     s7, a4, t5
core   0: 3 0x80003b38 (0x01e71bb3) x23 0x00006c00
core   0: 0x80003b3c (0xf3d3cd83) lbu     s11, -195(t2)
core   0: 3 0x80003b3c (0xf3d3cd83) x27 0x00000074 mem 0x80015c47
core   0: 0x80003b40 (0x0d239603) lh      a2, 210(t2)
core   0: 3 0x80003b40 (0x0d239603) x12 0x000033c6 mem 0x80015ddc
core   0: 0x80003b44 (0x07538903) lb      s2, 117(t2)
core   0: 3 0x80003b44 (0x07538903) x18 0x00000001 mem 0x80015d7f
core   0: 0x80003b48 (0x01dfd933) srl     s2, t6, t4
core   0: 3 0x80003b48 (0x01dfd933) x18 0x00000000
core   0: 0x80003b4c (0x0c738d03) lb      s10, 199(t2)
core   0: 3 0x80003b4c (0x0c738d03) x26 0x00000012 mem 0x80015dd1
core   0: 0x80003b50 (0x91953e93) sltiu   t4, a0, -1767
core   0: 3 0x80003b50 (0x91953e93) x29 0x00000001
core   0: 0x80003b54 (0x01497533) and     a0, s2, s4
core   0: 3 0x80003b54 (0x01497533) x10 0x00000000
core   0: 0x80003b58 (0x0053cf03) lbu     t5, 5(t2)
core   0: 3 0x80003b58 (0x0053cf03) x30 0x00000048 mem 0x80015d0f
core   0: 0x80003b5c (0x9e383793) sltiu   a5, a6, -1565
core   0: 3 0x80003b5c (0x9e383793) x15 0x00000001
core   0: 0x80003b60 (0xf673cd83) lbu     s11, -153(t2)
core   0: 3 0x80003b60 (0xf673cd83) x27 0x00000000 mem 0x80015c71
core   0: 0x80003b64 (0x40c25bb3) sra     s7, tp, a2
core   0: 3 0x80003b64 (0x40c25bb3) x23 0x00000009
core   0: 0x80003b68 (0x0ff0000f) fence   iorw,iorw
core   0: 3 0x80003b68 (0x0ff0000f)
core   0: 0x80003b6c (0x00f61313) slli    t1, a2, 15
core   0: 3 0x80003b6c (0x00f61313) x 6 0x19e30000
core   0: 0x80003b70 (0x0085e1b3) or      gp, a1, s0
core   0: 3 0x80003b70 (0x0085e1b3) x 3 0x8002ecf4
core   0: 0x80003b74 (0x01a3d903) lhu     s2, 26(t2)
core   0: 3 0x80003b74 (0x01a3d903) x18 0x00004273 mem 0x80015d24
core   0: 0x80003b78 (0x40d5d013) srai    zero, a1, 13
core   0: 3 0x80003b78 (0x40d5d013)
core   0: 0x80003b7c (0xfc53c403) lbu     s0, -59(t2)
core   0: 3 0x80003b7c (0xfc53c403) x 8 0x00000056 mem 0x80015ccf
core   0: 0x80003b80 (0x00e14733) xor     a4, sp, a4
core   0: 3 0x80003b80 (0x00e14733) x14 0x8002ae52
core   0: 0x80003b84 (0xf7f38803) lb      a6, -129(t2)
core   0: 3 0x80003b84 (0xf7f38803) x16 0x00000040 mem 0x80015c89
core   0: 0x80003b88 (0x7d063c13) sltiu   s8, a2, 2000
core   0: 3 0x80003b88 (0x7d063c13) x24 0x00000000
core   0: 0x80003b8c (0x41dddeb3) sra     t4, s11, t4
core   0: 3 0x80003b8c (0x41dddeb3) x29 0x00000000
core   0: 0x80003b90 (0x00000013) nop
core   0: 3 0x80003b90 (0x00000013)
core   0: 0x80003b94 (0x05b38983) lb      s3, 91(t2)
core   0: 3 0x80003b94 (0x05b38983) x19 0x00000043 mem 0x80015d65
core   0: 0x80003b98 (0xfd2fbf93) sltiu   t6, t6, -46
core   0: 3 0x80003b98 (0xfd2fbf93) x31 0x00000001
core   0: 0x80003b9c (0x0d239a03) lh      s4, 210(t2)
core   0: 3 0x80003b9c (0x0d239a03) x20 0x000033c6 mem 0x80015ddc
core   0: 0x80003ba0 (0x416d5313) srai    t1, s10, 22
core   0: 3 0x80003ba0 (0x416d5313) x 6 0x00000000
core   0: 0x80003ba4 (0x41822f13) slti    t5, tp, 1048
core   0: 3 0x80003ba4 (0x41822f13) x30 0x00000001
core   0: 0x80003ba8 (0x30f72e37) lui     t3, 0x30f72
core   0: 3 0x80003ba8 (0x30f72e37) x28 0x30f72000
core   0: 0x80003bac (0xf8c38b23) sb      a2, -106(t2)
core   0: 3 0x80003bac (0xf8c38b23) mem 0x80015ca0 0xc6
core   0: 0x80003bb0 (0x00012897) auipc   a7, 0x12
core   0: 3 0x80003bb0 (0x00012897) x17 0x80015bb0
core   0: 0x80003bb4 (0xcb388893) addi    a7, a7, -845
core   0: 3 0x80003bb4 (0xcb388893) x17 0x80015863
core   0: 0x80003bb8 (0x0028cc83) lbu     s9, 2(a7)
core   0: 3 0x80003bb8 (0x0028cc83) x25 0x0000002b mem 0x80015865
core   0: 0x80003bbc (0xfef886a3) sb      a5, -19(a7)
core   0: 3 0x80003bbc (0xfef886a3) mem 0x80015850 0x1
core   0: 0x80003bc0 (0xfc589f03) lh      t5, -59(a7)
core   0: 3 0x80003bc0 (0xfc589f03) x30 0x00003254 mem 0x80015828
core   0: 0x80003bc4 (0x007566b3) or      a3, a0, t2
core   0: 3 0x80003bc4 (0x007566b3) x13 0x80015d0a
core   0: 0x80003bc8 (0x01a880a3) sb      s10, 1(a7)
core   0: 3 0x80003bc8 (0x01a880a3) mem 0x80015864 0x12
core   0: 0x80003bcc (0x03c88323) sb      t3, 38(a7)
core   0: 3 0x80003bcc (0x03c88323) mem 0x80015889 0x0
core   0: 0x80003bd0 (0x00107cb3) and     s9, zero, ra
core   0: 3 0x80003bd0 (0x00107cb3) x25 0x00000000
core   0: 0x80003bd4 (0xbce7f613) andi    a2, a5, -1074
core   0: 3 0x80003bd4 (0xbce7f613) x12 0x00000000
core   0: 0x80003bd8 (0x00c29313) slli    t1, t0, 12
core   0: 3 0x80003bd8 (0x00c29313) x 6 0x0a68c000
core   0: 0x80003bdc (0xb7a68793) addi    a5, a3, -1158
core   0: 3 0x80003bdc (0xb7a68793) x15 0x80015884
core   0: 0x80003be0 (0x40290393) addi    t2, s2, 1026
core   0: 3 0x80003be0 (0x40290393) x 7 0x00004675
core   0: 0x80003be4 (0xfdb89903) lh      s2, -37(a7)
core   0: 3 0x80003be4 (0xfdb89903) x18 0xffffdf81 mem 0x8001583e
core   0: 0x80003be8 (0x03b89403) lh      s0, 59(a7)
core   0: 3 0x80003be8 (0x03b89403) x 8 0x00001bea mem 0x8001589e
core   0: 0x80003bec (0x0038aea3) sw      gp, 29(a7)
core   0: 3 0x80003bec (0x0038aea3) mem 0x80015880 0x8002ecf4
core   0: 0x80003bf0 (0xfc388623) sb      gp, -52(a7)
core   0: 3 0x80003bf0 (0xfc388623) mem 0x8001582f 0xf4
core   0: 0x80003bf4 (0x007236b3) sltu    a3, tp, t2
core   0: 3 0x80003bf4 (0x007236b3) x13 0x00000001
core   0: 0x80003bf8 (0x018ccf33) xor     t5, s9, s8
core   0: 3 0x80003bf8 (0x018ccf33) x30 0x00000000
core   0: 0x80003bfc (0xfec885a3) sb      a2, -21(a7)
core   0: 3 0x80003bfc (0xfec885a3) mem 0x8001584e 0x0
core   0: 0x80003c00 (0x028886a3) sb      s0, 45(a7)
core   0: 3 0x80003c00 (0x028886a3) mem 0x80015890 0xea
core   0: 0x80003c04 (0xffa8cc03) lbu     s8, -6(a7)
core   0: 3 0x80003c04 (0xffa8cc03) x24 0x000000cc mem 0x8001585d
core   0: 0x80003c08 (0x0ff0000f) fence   iorw,iorw
core   0: 3 0x80003c08 (0x0ff0000f)
core   0: 0x80003c0c (0x011c0233) add     tp, s8, a7
core   0: 3 0x80003c0c (0x011c0233) x 4 0x8001592f
core   0: 0x80003c10 (0xfc38c303) lbu     t1, -61(a7)
core   0: 3 0x80003c10 (0xfc38c303) x 6 0x00000031 mem 0x80015826
core   0: 0x80003c14 (0xfc988503) lb      a0, -55(a7)
core   0: 3 0x80003c14 (0xfc988503) x10 0x0000001d mem 0x8001582c
core   0: 0x80003c18 (0x01a88803) lb      a6, 26(a7)
core   0: 3 0x80003c18 (0x01a88803) x16 0xffffff81 mem 0x8001587d
core   0: 0x80003c1c (0x0ff0000f) fence   iorw,iorw
core   0: 3 0x80003c1c (0x0ff0000f)
core   0: 0x80003c20 (0x0000100f) fence.i
core   0: 3 0x80003c20 (0x0000100f)
core   0: 0x80003c24 (0x0000100f) fence.i
core   0: 3 0x80003c24 (0x0000100f)
core   0: 0x80003c28 (0xfcd888a3) sb      a3, -47(a7)
core   0: 3 0x80003c28 (0xfcd888a3) mem 0x80015834 0x1
core   0: 0x80003c2c (0x036892a3) sh      s6, 37(a7)
core   0: 3 0x80003c2c (0x036892a3) mem 0x80015888 0xbb5c
core   0: 0x80003c30 (0x02b8c203) lbu     tp, 43(a7)
core   0: 3 0x80003c30 (0x02b8c203) x 4 0x00000031 mem 0x8001588e
core   0: 0x80003c34 (0x00d89d03) lh      s10, 13(a7)
core   0: 3 0x80003c34 (0x00d89d03) x26 0xffff85d3 mem 0x80015870
core   0: 0x80003c38 (0xff188c03) lb      s8, -15(a7)
core   0: 3 0x80003c38 (0xff188c03) x24 0x00000037 mem 0x80015854
core   0: 0x80003c3c (0x03b895a3) sh      s11, 43(a7)
core   0: 3 0x80003c3c (0x03b895a3) mem 0x8001588e 0x0000
core   0: 0x80003c40 (0x1e7c6e37) lui     t3, 0x1e7c6
core   0: 3 0x80003c40 (0x1e7c6e37) x28 0x1e7c6000
core   0: 0x80003c44 (0xfd58d603) lhu     a2, -43(a7)
core   0: 3 0x80003c44 (0xfd58d603) x12 0x00003292 mem 0x80015838
core   0: 0x80003c48 (0xfda88fa3) sb      s10, -33(a7)
core   0: 3 0x80003c48 (0xfda88fa3) mem 0x80015842 0xd3
core   0: 0x80003c4c (0xfd888823) sb      s8, -48(a7)
core   0: 3 0x80003c4c (0xfd888823) mem 0x80015833 0x37
core   0: 0x80003c50 (0xff38d003) lhu     zero, -13(a7)
core   0: 3 0x80003c50 (0xff38d003) mem 0x80015856
core   0: 0x80003c54 (0x00012b97) auipc   s7, 0x12
core   0: 3 0x80003c54 (0x00012b97) x23 0x80015c54
core   0: 0x80003c58 (0xafbb8b93) addi    s7, s7, -1285
core   0: 3 0x80003c58 (0xafbb8b93) x23 0x8001574f
core   0: 0x80003c5c (0x00017317) auipc   t1, 0x17
core   0: 3 0x80003c5c (0x00017317) x 6 0x8001ac5c
core   0: 0x80003c60 (0xf2430313) addi    t1, t1, -220
core   0: 3 0x80003c60 (0xf2430313) x 6 0x8001ab80
core   0: 0x80003c64 (0x05334683) lbu     a3, 83(t1)
core   0: 3 0x80003c64 (0x05334683) x13 0x0000009e mem 0x8001abd3
core   0: 0x80003c68 (0x0a4bc403) lbu     s0, 164(s7)
core   0: 3 0x80003c68 (0x0a4bc403) x 8 0x00000000 mem 0x800157f3
core   0: 0x80003c6c (0x0c630323) sb      t1, 198(t1)
core   0: 3 0x80003c6c (0x0c630323) mem 0x8001ac46 0x80
core   0: 0x80003c70 (0x03330d83) lb      s11, 51(t1)
core   0: 3 0x80003c70 (0x03330d83) x27 0x0000005a mem 0x8001abb3
core   0: 0x80003c74 (0x023b8f03) lb      t5, 35(s7)
core   0: 3 0x80003c74 (0x023b8f03) x30 0x00000009 mem 0x80015772
core   0: 0x80003c78 (0x09fb9ea3) sh      t6, 157(s7)
core   0: 3 0x80003c78 (0x09fb9ea3) mem 0x800157ec 0x0001
core   0: 0x80003c7c (0x012b8723) sb      s2, 14(s7)
core   0: 3 0x80003c7c (0x012b8723) mem 0x8001575d 0x81
core   0: 0x80003c80 (0x01f30783) lb      a5, 31(t1)
core   0: 3 0x80003c80 (0x01f30783) x15 0x00000037 mem 0x8001ab9f
core   0: 0x80003c84 (0xf37b8fa3) sb      s7, -193(s7)
core   0: 3 0x80003c84 (0xf37b8fa3) mem 0x8001568e 0x4f
core   0: 0x80003c88 (0x0e0b82a3) sb      zero, 229(s7)
core   0: 3 0x80003c88 (0x0e0b82a3) mem 0x80015834 0x0
core   0: 0x80003c8c (0x0a132c23) sw      ra, 184(t1)
core   0: 3 0x80003c8c (0x0a132c23) mem 0x8001ac38 0xffffff8d
core   0: 0x80003c90 (0xf5cb8f23) sb      t3, -162(s7)
core   0: 3 0x80003c90 (0xf5cb8f23) mem 0x800156ad 0x0
core   0: 0x80003c94 (0x001304a3) sb      ra, 9(t1)
core   0: 3 0x80003c94 (0x001304a3) mem 0x8001ab89 0x8d
core   0: 0x80003c98 (0x0f2bc083) lbu     ra, 242(s7)
core   0: 3 0x80003c98 (0x0f2bc083) x 1 0x000000a8 mem 0x80015841
core   0: 0x80003c9c (0x00012d17) auipc   s10, 0x12
core   0: 3 0x80003c9c (0x00012d17) x26 0x80015c9c
core   0: 0x80003ca0 (0xa42d0d13) addi    s10, s10, -1470
core   0: 3 0x80003ca0 (0xa42d0d13) x26 0x800156de
core   0: 0x80003ca4 (0x0001f097) auipc   ra, 0x1f
core   0: 3 0x80003ca4 (0x0001f097) x 1 0x80022ca4
core   0: 0x80003ca8 (0xaed08093) addi    ra, ra, -1299
core   0: 3 0x80003ca8 (0xaed08093) x 1 0x80022791
core   0: 0x80003cac (0xfff0ada3) sw      t6, -5(ra)
core   0: 3 0x80003cac (0xfff0ada3) mem 0x8002278c 0x00000001
core   0: 0x80003cb0 (0x77fd0f23) sb      t6, 1918(s10)
core   0: 3 0x80003cb0 (0x77fd0f23) mem 0x80015e5c 0x1
core   0: 0x80003cb4 (0x00208603) lb      a2, 2(ra)
core   0: 3 0x80003cb4 (0x00208603) x12 0xffffffd8 mem 0x80022793
core   0: 0x80003cb8 (0x0080c603) lbu     a2, 8(ra)
core   0: 3 0x80003cb8 (0x0080c603) x12 0x0000001b mem 0x80022799
core   0: 0x80003cbc (0x0b5d1223) sh      s5, 164(s10)
core   0: 3 0x80003cbc (0x0b5d1223) mem 0x80015782 0x00e3
core   0: 0x80003cc0 (0x069d03a3) sb      s1, 103(s10)
core   0: 3 0x80003cc0 (0x069d03a3) mem 0x80015745 0x0
core   0: 0x80003cc4 (0xff508923) sb      s5, -14(ra)
core   0: 3 0x80003cc4 (0xff508923) mem 0x80022783 0xe3
core   0: 0x80003cc8 (0xcf3d4783) lbu     a5, -781(s10)
core   0: 3 0x80003cc8 (0xcf3d4783) x15 0x0000008f mem 0x800153d1
core   0: 0x80003ccc (0x005096a3) sh      t0, 13(ra)
core   0: 3 0x80003ccc (0x005096a3) mem 0x8002279e 0xa68c
core   0: 0x80003cd0 (0xc6ad0003) lb      zero, -918(s10)
core   0: 3 0x80003cd0 (0xc6ad0003) mem 0x80015348
core   0: 0x80003cd4 (0xff708f83) lb      t6, -9(ra)
core   0: 3 0x80003cd4 (0xff708f83) x31 0xffffff8e mem 0x80022788
core   0: 0x80003cd8 (0xff50cf83) lbu     t6, -11(ra)
core   0: 3 0x80003cd8 (0xff50cf83) x31 0x000000be mem 0x80022786
core   0: 0x80003cdc (0xfbfd0183) lb      gp, -65(s10)
core   0: 3 0x80003cdc (0xfbfd0183) x 3 0xffffff80 mem 0x8001569d
core   0: 0x80003ce0 (0x00a08f83) lb      t6, 10(ra)
core   0: 3 0x80003ce0 (0x00a08f83) x31 0xffffff9c mem 0x8002279b
core   0: 0x80003ce4 (0x795d2923) sw      s5, 1938(s10)
core   0: 3 0x80003ce4 (0x795d2923) mem 0x80015e70 0x000000e3
core   0: 0x80003ce8 (0x9bed4303) lbu     t1, -1602(s10)
core   0: 3 0x80003ce8 (0x9bed4303) x 6 0x0000004b mem 0x8001509c
core   0: 0x80003cec (0x00020b97) auipc   s7, 0x20
core   0: 3 0x80003cec (0x00020b97) x23 0x80023cec
core   0: 0x80003cf0 (0xb3fb8b93) addi    s7, s7, -1217
core   0: 3 0x80003cf0 (0xb3fb8b93) x23 0x8002382b
core   0: 0x80003cf4 (0x033b9a83) lh      s5, 51(s7)
core   0: 3 0x80003cf4 (0x033b9a83) x21 0xffff85bb mem 0x8002385e
core   0: 0x80003cf8 (0x033b8a03) lb      s4, 51(s7)
core   0: 3 0x80003cf8 (0x033b8a03) x20 0xffffffbb mem 0x8002385e
core   0: 0x80003cfc (0x0ff0000f) fence   iorw,iorw
core   0: 3 0x80003cfc (0x0ff0000f)
core   0: 0x80003d00 (0x00b75393) srli    t2, a4, 11
core   0: 3 0x80003d00 (0x00b75393) x 7 0x00100055
core   0: 0x80003d04 (0x0000100f) fence.i
core   0: 3 0x80003d04 (0x0000100f)
core   0: 0x80003d08 (0x03cb99a3) sh      t3, 51(s7)
core   0: 3 0x80003d08 (0x03cb99a3) mem 0x8002385e 0x6000
core   0: 0x80003d0c (0x006a8fb3) add     t6, s5, t1
core   0: 3 0x80003d0c (0x006a8fb3) x31 0xffff8606
core   0: 0x80003d10 (0x030b89a3) sb      a6, 51(s7)
core   0: 3 0x80003d10 (0x030b89a3) mem 0x8002385e 0x81
core   0: 0x80003d14 (0x033bd503) lhu     a0, 51(s7)
core   0: 3 0x80003d14 (0x033bd503) x10 0x00006081 mem 0x8002385e
core   0: 0x80003d18 (0x001b89a3) sb      ra, 19(s7)
core   0: 3 0x80003d18 (0x001b89a3) mem 0x8002383e 0x91
core   0: 0x80003d1c (0x010b82a3) sb      a6, 5(s7)
core   0: 3 0x80003d1c (0x010b82a3) mem 0x80023830 0x81
core   0: 0x80003d20 (0x04cb86a3) sb      a2, 77(s7)
core   0: 3 0x80003d20 (0x04cb86a3) mem 0x80023878 0x1b
core   0: 0x80003d24 (0x09b56993) ori     s3, a0, 155
core   0: 3 0x80003d24 (0x09b56993) x19 0x0000609b
core   0: 0x80003d28 (0xfdeb8623) sb      t5, -52(s7)
core   0: 3 0x80003d28 (0xfdeb8623) mem 0x800237f7 0x9
core   0: 0x80003d2c (0xb5d12913) slti    s2, sp, -1187
core   0: 3 0x80003d2c (0xb5d12913) x18 0x00000001
core   0: 0x80003d30 (0xffebc183) lbu     gp, -2(s7)
core   0: 3 0x80003d30 (0xffebc183) x 3 0x0000003f mem 0x80023829
core   0: 0x80003d34 (0xf6eba0a3) sw      a4, -159(s7)
core   0: 3 0x80003d34 (0xf6eba0a3) mem 0x8002378c 0x8002ae52
core   0: 0x80003d38 (0x00012d17) auipc   s10, 0x12
core   0: 3 0x80003d38 (0x00012d17) x26 0x80015d38
core   0: 0x80003d3c (0xfe8d0d13) addi    s10, s10, -24
core   0: 3 0x80003d3c (0xfe8d0d13) x26 0x80015d20
core   0: 0x80003d40 (0xce9a8513) addi    a0, s5, -791
core   0: 3 0x80003d40 (0xce9a8513) x10 0xffff82a4
core   0: 0x80003d44 (0xf5314313) xori    t1, sp, -173
core   0: 3 0x80003d44 (0xf5314313) x 6 0x7ffd5137
core   0: 0x80003d48 (0xfe4d2823) sw      tp, -16(s10)
core   0: 3 0x80003d48 (0xfe4d2823) mem 0x80015d10 0x00000031
core   0: 0x80003d4c (0x8d7cf513) andi    a0, s9, -1833
core   0: 3 0x80003d4c (0x8d7cf513) x10 0x00000000
core   0: 0x80003d50 (0x01dd0f03) lb      t5, 29(s10)
core   0: 3 0x80003d50 (0x01dd0f03) x30 0x0000006d mem 0x80015d3d
core   0: 0x80003d54 (0x01bd00a3) sb      s11, 1(s10)
core   0: 3 0x80003d54 (0x01bd00a3) mem 0x80015d21 0x5a
core   0: 0x80003d58 (0xfe1d0183) lb      gp, -31(s10)
core   0: 3 0x80003d58 (0xfe1d0183) x 3 0x00000054 mem 0x80015d01
core   0: 0x80003d5c (0xffbd0da3) sb      s11, -5(s10)
core   0: 3 0x80003d5c (0xffbd0da3) mem 0x80015d1b 0x5a
core   0: 0x80003d60 (0x410d5093) srai    ra, s10, 16
core   0: 3 0x80003d60 (0x410d5093) x 1 0xffff8001
core   0: 0x80003d64 (0x40a45813) srai    a6, s0, 10
core   0: 3 0x80003d64 (0x40a45813) x16 0x00000000
core   0: 0x80003d68 (0xffcd5303) lhu     t1, -4(s10)
core   0: 3 0x80003d68 (0xffcd5303) x 6 0x0000e7e7 mem 0x80015d1c
core   0: 0x80003d6c (0x030d1003) lh      zero, 48(s10)
core   0: 3 0x80003d6c (0x030d1003) mem 0x80015d50
core   0: 0x80003d70 (0x027d0003) lb      zero, 39(s10)
core   0: 3 0x80003d70 (0x027d0003) mem 0x80015d47
core   0: 0x80003d74 (0xfc7d05a3) sb      t2, -53(s10)
core   0: 3 0x80003d74 (0xfc7d05a3) mem 0x80015ceb 0x55
core   0: 0x80003d78 (0x018d0723) sb      s8, 14(s10)
core   0: 3 0x80003d78 (0x018d0723) mem 0x80015d2e 0x37
core   0: 0x80003d7c (0xff9d0603) lb      a2, -7(s10)
core   0: 3 0x80003d7c (0xff9d0603) x12 0xffffffe2 mem 0x80015d19
core   0: 0x80003d80 (0x032d1e83) lh      t4, 50(s10)
core   0: 3 0x80003d80 (0x032d1e83) x29 0xffff97f9 mem 0x80015d52
core   0: 0x80003d84 (0xfc7d0803) lb      a6, -57(s10)
core   0: 3 0x80003d84 (0xfc7d0803) x16 0x00000000 mem 0x80015ce7
core   0: 0x80003d88 (0x40fa8833) sub     a6, s5, a5
core   0: 3 0x80003d88 (0x40fa8833) x16 0xffff852c
core   0: 0x80003d8c (0x0ff0000f) fence   iorw,iorw
core   0: 3 0x80003d8c (0x0ff0000f)
core   0: 0x80003d90 (0x411c07b3) sub     a5, s8, a7
core   0: 3 0x80003d90 (0x411c07b3) x15 0x7ffea7d4
core   0: 0x80003d94 (0x0ff0000f) fence   iorw,iorw
core   0: 3 0x80003d94 (0x0ff0000f)
core   0: 0x80003d98 (0x013dc7b3) xor     a5, s11, s3
core   0: 3 0x80003d98 (0x013dc7b3) x15 0x000060c1
core   0: 0x80003d9c (0x02cd0223) sb      a2, 36(s10)
core   0: 3 0x80003d9c (0x02cd0223) mem 0x80015d44 0xe2
core   0: 0x80003da0 (0xfc3d0503) lb      a0, -61(s10)
core   0: 3 0x80003da0 (0xfc3d0503) x10 0x0000006a mem 0x80015ce3
core   0: 0x80003da4 (0xfdad4703) lbu     a4, -38(s10)
core   0: 3 0x80003da4 (0xfdad4703) x14 0x000000c0 mem 0x80015cfa
core   0: 0x80003da8 (0x0011cbb3) xor     s7, gp, ra
core   0: 3 0x80003da8 (0x0011cbb3) x23 0xffff8055
core   0: 0x80003dac (0x038d2a03) lw      s4, 56(s10)
core   0: 3 0x80003dac (0x038d2a03) x20 0x07ac5b78 mem 0x80015d58
core   0: 0x80003db0 (0x00000013) nop
core   0: 3 0x80003db0 (0x00000013)
core   0: 0x80003db4 (0xfd6d1803) lh      a6, -42(s10)
core   0: 3 0x80003db4 (0xfd6d1803) x16 0xffffbb6a mem 0x80015cf6
core   0: 0x80003db8 (0x00021717) auipc   a4, 0x21
core   0: 3 0x80003db8 (0x00021717) x14 0x80024db8
core   0: 0x80003dbc (0x16470713) addi    a4, a4, 356
core   0: 3 0x80003dbc (0x16470713) x14 0x80024f1c
core   0: 0x80003dc0 (0x00017297) auipc   t0, 0x17
core   0: 3 0x80003dc0 (0x00017297) x 5 0x8001adc0
core   0: 0x80003dc4 (0xd5b28293) addi    t0, t0, -677
core   0: 3 0x80003dc4 (0xd5b28293) x 5 0x8001ab1b
core   0: 0x80003dc8 (0xffd70f03) lb      t5, -3(a4)
core   0: 3 0x80003dc8 (0xffd70f03) x30 0x00000053 mem 0x80024f19
core   0: 0x80003dcc (0xff228803) lb      a6, -14(t0)
core   0: 3 0x80003dcc (0xff228803) x16 0xffffffa5 mem 0x8001ab0d
core   0: 0x80003dd0 (0x036281a3) sb      s6, 35(t0)
core   0: 3 0x80003dd0 (0x036281a3) mem 0x8001ab3e 0x5c
core   0: 0x80003dd4 (0x00021f97) auipc   t6, 0x21
core   0: 3 0x80003dd4 (0x00021f97) x31 0x80024dd4
core   0: 0x80003dd8 (0xcf4f8f93) addi    t6, t6, -780
core   0: 3 0x80003dd8 (0xcf4f8f93) x31 0x80024ac8
core   0: 0x80003ddc (0x03f286a3) sb      t6, 45(t0)
core   0: 3 0x80003ddc (0x03f286a3) mem 0x8001ab48 0xc8
core   0: 0x80003de0 (0x03728003) lb      zero, 55(t0)
core   0: 3 0x80003de0 (0x03728003) mem 0x8001ab52
core   0: 0x80003de4 (0x0222aaa3) sw      sp, 53(t0)
core   0: 3 0x80003de4 (0x0222aaa3) mem 0x8001ab50 0x8002ae64
core   0: 0x80003de8 (0xfc9f9b23) sh      s1, -42(t6)
core   0: 3 0x80003de8 (0xfc9f9b23) mem 0x80024a9e 0x0000
core   0: 0x80003dec (0xfff70203) lb      tp, -1(a4)
core   0: 3 0x80003dec (0xfff70203) x 4 0xfffffffc mem 0x80024f1b
core   0: 0x80003df0 (0x00018197) auipc   gp, 0x18
core   0: 3 0x80003df0 (0x00018197) x 3 0x8001bdf0
core   0: 0x80003df4 (0xfbe18193) addi    gp, gp, -66
core   0: 3 0x80003df4 (0xfbe18193) x 3 0x8001bdae
core   0: 0x80003df8 (0x7b018f03) lb      t5, 1968(gp)
core   0: 3 0x80003df8 (0x7b018f03) x30 0xffffffb0 mem 0x8001c55e
core   0: 0x80003dfc (0xfdc2aaa3) sw      t3, -43(t0)
core   0: 3 0x80003dfc (0xfdc2aaa3) mem 0x8001aaf0 0x1e7c6000
core   0: 0x80003e00 (0x00b701a3) sb      a1, 3(a4)
core   0: 3 0x80003e00 (0x00b701a3) mem 0x80024f1f 0xe4
core   0: 0x80003e04 (0x02dfcc03) lbu     s8, 45(t6)
core   0: 3 0x80003e04 (0x02dfcc03) x24 0x000000a3 mem 0x80024af5
core   0: 0x80003e08 (0xfed281a3) sb      a3, -29(t0)
core   0: 3 0x80003e08 (0xfed281a3) mem 0x8001aafe 0x9e
core   0: 0x80003e0c (0xebd18783) lb      a5, -323(gp)
core   0: 3 0x80003e0c (0xebd18783) x15 0x00000009 mem 0x8001bc6b
core   0: 0x80003e10 (0xfeff89a3) sb      a5, -13(t6)
core   0: 3 0x80003e10 (0xfeff89a3) mem 0x80024abb 0x9
core   0: 0x80003e14 (0x78d1cb83) lbu     s7, 1933(gp)
core   0: 3 0x80003e14 (0x78d1cb83) x23 0x00000036 mem 0x8001c53b
core   0: 0x80003e18 (0xfe4fa503) lw      a0, -28(t6)
core   0: 3 0x80003e18 (0xfe4fa503) x10 0xf4bf44ac mem 0x80024aac
core   0: 0x80003e1c (0xff570603) lb      a2, -11(a4)
core   0: 3 0x80003e1c (0xff570603) x12 0x0000004f mem 0x80024f11
core   0: 0x80003e20 (0xfea72c23) sw      a0, -8(a4)
core   0: 3 0x80003e20 (0xfea72c23) mem 0x80024f14 0xf4bf44ac
core   0: 0x80003e24 (0xfda298a3) sh      s10, -47(t0)
core   0: 3 0x80003e24 (0xfda298a3) mem 0x8001aaec 0x5d20
core   0: 0x80003e28 (0x8e018903) lb      s2, -1824(gp)
core   0: 3 0x80003e28 (0x8e018903) x18 0x00000068 mem 0x8001b68e
core   0: 0x80003e2c (0x020284a3) sb      zero, 41(t0)
core   0: 3 0x80003e2c (0x020284a3) mem 0x8001ab44 0x0
core   0: 0x80003e30 (0xacb1c903) lbu     s2, -1333(gp)
core   0: 3 0x80003e30 (0xacb1c903) x18 0x000000eb mem 0x8001b879
core   0: 0x80003e34 (0x00a70483) lb      s1, 10(a4)
core   0: 3 0x80003e34 (0x00a70483) x 9 0xffffffc3 mem 0x80024f26
core   0: 0x80003e38 (0x00171223) sh      ra, 4(a4)
core   0: 3 0x80003e38 (0x00171223) mem 0x80024f20 0x8001
core   0: 0x80003e3c (0xb9b18503) lb      a0, -1125(gp)
core   0: 3 0x80003e3c (0xb9b18503) x10 0xffffff90 mem 0x8001b949
core   0: 0x80003e40 (0x00a71823) sh      a0, 16(a4)
core   0: 3 0x80003e40 (0x00a71823) mem 0x80024f2c 0xff90
core   0: 0x80003e44 (0x014701a3) sb      s4, 3(a4)
core   0: 3 0x80003e44 (0x014701a3) mem 0x80024f1f 0x78
core   0: 0x80003e48 (0x4b01c783) lbu     a5, 1200(gp)
core   0: 3 0x80003e48 (0x4b01c783) x15 0x00000033 mem 0x8001c25e
core   0: 0x80003e4c (0xfd6fc483) lbu     s1, -42(t6)
core   0: 3 0x80003e4c (0xfd6fc483) x 9 0x00000000 mem 0x80024a9e
core   0: 0x80003e50 (0x038f8e83) lb      t4, 56(t6)
core   0: 3 0x80003e50 (0x038f8e83) x29 0xffffff91 mem 0x80024b00
core   0: 0x80003e54 (0xfe02cd83) lbu     s11, -32(t0)
core   0: 3 0x80003e54 (0xfe02cd83) x27 0x000000ff mem 0x8001aafb
core   0: 0x80003e58 (0xdd719f23) sh      s7, -546(gp)
core   0: 3 0x80003e58 (0xdd719f23) mem 0x8001bb8c 0x0036
core   0: 0x80003e5c (0xee318783) lb      a5, -285(gp)
core   0: 3 0x80003e5c (0xee318783) x15 0xffffffb1 mem 0x8001bc91
core   0: 0x80003e60 (0x00011b97) auipc   s7, 0x11
core   0: 3 0x80003e60 (0x00011b97) x23 0x80014e60
core   0: 0x80003e64 (0x62cb8b93) addi    s7, s7, 1580
core   0: 3 0x80003e64 (0x62cb8b93) x23 0x8001548c
core   0: 0x80003e68 (0x07593193) sltiu   gp, s2, 117
core   0: 3 0x80003e68 (0x07593193) x 3 0x00000000
core   0: 0x80003e6c (0xc46b87a3) sb      t1, -945(s7)
core   0: 3 0x80003e6c (0xc46b87a3) mem 0x800150db 0xe7
core   0: 0x80003e70 (0x165b0e37) lui     t3, 0x165b0
core   0: 3 0x80003e70 (0x165b0e37) x28 0x165b0000
core   0: 0x80003e74 (0x40e75093) srai    ra, a4, 14
core   0: 3 0x80003e74 (0x40e75093) x 1 0xfffe0009
core   0: 0x80003e78 (0x0ff0000f) fence   iorw,iorw
core   0: 3 0x80003e78 (0x0ff0000f)
core   0: 0x80003e7c (0x61db8723) sb      t4, 1550(s7)
core   0: 3 0x80003e7c (0x61db8723) mem 0x80015a9a 0x91
core   0: 0x80003e80 (0x414bd393) srai    t2, s7, 20
core   0: 3 0x80003e80 (0x414bd393) x 7 0xfffff800
core   0: 0x80003e84 (0x401b8803) lb      a6, 1025(s7)
core   0: 3 0x80003e84 (0x401b8803) x16 0xfffffff9 mem 0x8001588d
core   0: 0x80003e88 (0x0ce17993) andi    s3, sp, 206
core   0: 3 0x80003e88 (0x0ce17993) x19 0x00000044
core   0: 0x80003e8c (0x382b8183) lb      gp, 898(s7)
core   0: 3 0x80003e8c (0x382b8183) x 3 0x00000048 mem 0x8001580e
core   0: 0x80003e90 (0xeacb82a3) sb      a2, -347(s7)
core   0: 3 0x80003e90 (0xeacb82a3) mem 0x80015331 0x4f
core   0: 0x80003e94 (0x448b80a3) sb      s0, 1089(s7)
core   0: 3 0x80003e94 (0x448b80a3) mem 0x800158cd 0x0
core   0: 0x80003e98 (0x00494f33) xor     t5, s2, tp
core   0: 3 0x80003e98 (0x00494f33) x30 0xffffff17
core   0: 0x80003e9c (0x0155e933) or      s2, a1, s5
core   0: 3 0x80003e9c (0x0155e933) x18 0xffffedff
core   0: 0x80003ea0 (0x0111d313) srli    t1, gp, 17
core   0: 3 0x80003ea0 (0x0111d313) x 6 0x00000000
core   0: 0x80003ea4 (0x00c9d6b3) srl     a3, s3, a2
core   0: 3 0x80003ea4 (0x00c9d6b3) x13 0x00000000
core   0: 0x80003ea8 (0xd156f313) andi    t1, a3, -747
core   0: 3 0x80003ea8 (0xd156f313) x 6 0x00000000
core   0: 0x80003eac (0xabcc4e93) xori    t4, s8, -1348
core   0: 3 0x80003eac (0xabcc4e93) x29 0xfffffa1f
core   0: 0x80003eb0 (0x404f56b3) sra     a3, t5, tp
core   0: 3 0x80003eb0 (0x404f56b3) x13 0xffffffff
core   0: 0x80003eb4 (0x543b8f23) sb      gp, 1374(s7)
core   0: 3 0x80003eb4 (0x543b8f23) mem 0x800159ea 0x48
core   0: 0x80003eb8 (0xeccd7493) andi    s1, s10, -308
core   0: 3 0x80003eb8 (0xeccd7493) x 9 0x80015c00
core   0: 0x80003ebc (0x687b8ea3) sb      t2, 1693(s7)
core   0: 3 0x80003ebc (0x687b8ea3) mem 0x80015b29 0x0
core   0: 0x80003ec0 (0x00c4eab3) or      s5, s1, a2
core   0: 3 0x80003ec0 (0x00c4eab3) x21 0x80015c4f
core   0: 0x80003ec4 (0x5deb8303) lb      t1, 1502(s7)
core   0: 3 0x80003ec4 (0x5deb8303) x 6 0x00000004 mem 0x80015a6a
core   0: 0x80003ec8 (0x41515a33) sra     s4, sp, s5
core   0: 3 0x80003ec8 (0x41515a33) x20 0xffff0005
core   0: 0x80003ecc (0x41520c33) sub     s8, tp, s5
core   0: 3 0x80003ecc (0x41520c33) x24 0x7ffea3ad
core   0: 0x80003ed0 (0x0019e533) or      a0, s3, ra
core   0: 3 0x80003ed0 (0x0019e533) x10 0xfffe004d
core   0: 0x80003ed4 (0x059b8083) lb      ra, 89(s7)
core   0: 3 0x80003ed4 (0x059b8083) x 1 0x00000005 mem 0x800154e5
core   0: 0x80003ed8 (0x00000013) nop
core   0: 3 0x80003ed8 (0x00000013)
core   0: 0x80003edc (0x00e8e933) or      s2, a7, a4
core   0: 3 0x80003edc (0x00e8e933) x18 0x80035f7f
core   0: 0x80003ee0 (0x4d3eafb7) lui     t6, 0x4d3ea
core   0: 3 0x80003ee0 (0x4d3eafb7) x31 0x4d3ea000
core   0: 0x80003ee4 (0x00325793) srli    a5, tp, 3
core   0: 3 0x80003ee4 (0x00325793) x15 0x1fffffff
core   0: 0x80003ee8 (0x80ae7693) andi    a3, t3, -2038
core   0: 3 0x80003ee8 (0x80ae7693) x13 0x165b0000
core   0: 0x80003eec (0x9838c893) xori    a7, a7, -1661
core   0: 3 0x80003eec (0x9838c893) x17 0x7ffea1e0
core   0: 0x80003ef0 (0x00000013) nop
core   0: 3 0x80003ef0 (0x00000013)
core   0: 0x80003ef4 (0xe6ab9a23) sh      a0, -396(s7)
core   0: 3 0x80003ef4 (0xe6ab9a23) mem 0x80015300 0x004d
core   0: 0x80003ef8 (0x00011f97) auipc   t6, 0x11
core   0: 3 0x80003ef8 (0x00011f97) x31 0x80014ef8
core   0: 0x80003efc (0x261f8f93) addi    t6, t6, 609
core   0: 3 0x80003efc (0x261f8f93) x31 0x80015159
core   0: 0x80003f00 (0xf68f8d03) lb      s10, -152(t6)
core   0: 3 0x80003f00 (0xf68f8d03) x26 0x0000005f mem 0x800150c1
core   0: 0x80003f04 (0xf8ef8523) sb      a4, -118(t6)
core   0: 3 0x80003f04 (0xf8ef8523) mem 0x800150e3 0x1c
core   0: 0x80003f08 (0x02ef8883) lb      a7, 46(t6)
core   0: 3 0x80003f08 (0x02ef8883) x17 0x00000022 mem 0x80015187
core   0: 0x80003f0c (0x00000013) nop
core   0: 3 0x80003f0c (0x00000013)
core   0: 0x80003f10 (0x00c9ba33) sltu    s4, s3, a2
core   0: 3 0x80003f10 (0x00c9ba33) x20 0x00000001
core   0: 0x80003f14 (0x0abfd803) lhu     a6, 171(t6)
core   0: 3 0x80003f14 (0x0abfd803) x16 0x000064a3 mem 0x80015204
core   0: 0x80003f18 (0x010fde93) srli    t4, t6, 16
core   0: 3 0x80003f18 (0x010fde93) x29 0x00008001
core   0: 0x80003f1c (0xbbde0713) addi    a4, t3, -1091
core   0: 3 0x80003f1c (0xbbde0713) x14 0x165afbbd
core   0: 0x80003f20 (0x015cf233) and     tp, s9, s5
core   0: 3 0x80003f20 (0x015cf233) x 4 0x00000000
core   0: 0x80003f24 (0x0fdf8e83) lb      t4, 253(t6)
core   0: 3 0x80003f24 (0x0fdf8e83) x29 0xffffff8d mem 0x80015256
core   0: 0x80003f28 (0x4007d4b3) sra     s1, a5, zero
core   0: 3 0x80003f28 (0x4007d4b3) x 9 0x1fffffff
core   0: 0x80003f2c (0x3c033993) sltiu   s3, t1, 960
core   0: 3 0x80003f2c (0x3c033993) x19 0x00000001
core   0: 0x80003f30 (0x010c2533) slt     a0, s8, a6
core   0: 3 0x80003f30 (0x010c2533) x10 0x00000000
core   0: 0x80003f34 (0xf32fc403) lbu     s0, -206(t6)
core   0: 3 0x80003f34 (0xf32fc403) x 8 0x00000020 mem 0x8001508b
core   0: 0x80003f38 (0x005d54b3) srl     s1, s10, t0
core   0: 3 0x80003f38 (0x005d54b3) x 9 0x00000000
core   0: 0x80003f3c (0xf49f8b23) sb      s1, -170(t6)
core   0: 3 0x80003f3c (0xf49f8b23) mem 0x800150af 0x0
core   0: 0x80003f40 (0x0025e933) or      s2, a1, sp
core   0: 3 0x80003f40 (0x0025e933) x18 0x8002eee4
core   0: 0x80003f44 (0xf48f8683) lb      a3, -184(t6)
core   0: 3 0x80003f44 (0xf48f8683) x13 0x00000077 mem 0x800150a1
core   0: 0x80003f48 (0x41ff5c93) srai    s9, t5, 31
core   0: 3 0x80003f48 (0x41ff5c93) x25 0xffffffff
core   0: 0x80003f4c (0xfddfcd83) lbu     s11, -35(t6)
core   0: 3 0x80003f4c (0xfddfcd83) x27 0x00000034 mem 0x80015136
core   0: 0x80003f50 (0x013c7db3) and     s11, s8, s3
core   0: 3 0x80003f50 (0x013c7db3) x27 0x00000001
core   0: 0x80003f54 (0x5abfc093) xori    ra, t6, 1451
core   0: 3 0x80003f54 (0x5abfc093) x 1 0x800154f2
core   0: 0x80003f58 (0xfc2fc003) lbu     zero, -62(t6)
core   0: 3 0x80003f58 (0xfc2fc003) mem 0x8001511b
core   0: 0x80003f5c (0xf9bfac03) lw      s8, -101(t6)
core   0: 3 0x80003f5c (0xf9bfac03) x24 0x0ee4cbb4 mem 0x800150f4
core   0: 0x80003f60 (0x40740db3) sub     s11, s0, t2
core   0: 3 0x80003f60 (0x40740db3) x27 0x00000820
core   0: 0x80003f64 (0x3179e213) ori     tp, s3, 791
core   0: 3 0x80003f64 (0x3179e213) x 4 0x00000317
core   0: 0x80003f68 (0xff0fcc03) lbu     s8, -16(t6)
core   0: 3 0x80003f68 (0xff0fcc03) x24 0x000000f2 mem 0x80015149
core   0: 0x80003f6c (0x00cf8883) lb      a7, 12(t6)
core   0: 3 0x80003f6c (0x00cf8883) x17 0xffffffed mem 0x80015165
core   0: 0x80003f70 (0x001f1c93) slli    s9, t5, 1
core   0: 3 0x80003f70 (0x001f1c93) x25 0xfffffe2e
core   0: 0x80003f74 (0x015393b3) sll     t2, t2, s5
core   0: 3 0x80003f74 (0x015393b3) x 7 0xfc000000
core   0: 0x80003f78 (0x0ff0000f) fence   iorw,iorw
core   0: 3 0x80003f78 (0x0ff0000f)
core   0: 0x80003f7c (0x0142b033) sltu    zero, t0, s4
core   0: 3 0x80003f7c (0x0142b033)
core   0: 0x80003f80 (0x016f8623) sb      s6, 12(t6)
core   0: 3 0x80003f80 (0x016f8623) mem 0x80015165 0x5c
core   0: 0x80003f84 (0xfeaf8b83) lb      s7, -22(t6)
core   0: 3 0x80003f84 (0xfeaf8b83) x23 0x00000007 mem 0x80015143
core   0: 0x80003f88 (0xf75f8383) lb      t2, -139(t6)
core   0: 3 0x80003f88 (0xf75f8383) x 7 0xffffffb6 mem 0x800150ce
core   0: 0x80003f8c (0xf3ef8783) lb      a5, -194(t6)
core   0: 3 0x80003f8c (0xf3ef8783) x15 0x0000000e mem 0x80015097
core   0: 0x80003f90 (0x070f8d83) lb      s11, 112(t6)
core   0: 3 0x80003f90 (0x070f8d83) x27 0xfffffff5 mem 0x800151c9
core   0: 0x80003f94 (0xf4dfde83) lhu     t4, -179(t6)
core   0: 3 0x80003f94 (0xf4dfde83) x29 0x000007cd mem 0x800150a6
core   0: 0x80003f98 (0xdedaf993) andi    s3, s5, -531
core   0: 3 0x80003f98 (0xdedaf993) x19 0x80015c4d
core   0: 0x80003f9c (0xfbcfcd83) lbu     s11, -68(t6)
core   0: 3 0x80003f9c (0xfbcfcd83) x27 0x000000eb mem 0x80015115
core   0: 0x80003fa0 (0xfa1f8a23) sb      ra, -76(t6)
core   0: 3 0x80003fa0 (0xfa1f8a23) mem 0x8001510d 0xf2
core   0: 0x80003fa4 (0xfccf8b83) lb      s7, -52(t6)
core   0: 3 0x80003fa4 (0xfccf8b83) x23 0x0000003e mem 0x80015125
core   0: 0x80003fa8 (0x0001f897) auipc   a7, 0x1f
core   0: 3 0x80003fa8 (0x0001f897) x17 0x80022fa8
core   0: 0x80003fac (0x50988893) addi    a7, a7, 1289
core   0: 3 0x80003fac (0x50988893) x17 0x800234b1
core   0: 0x80003fb0 (0x00d24bb3) xor     s7, tp, a3
core   0: 3 0x80003fb0 (0x00d24bb3) x23 0x00000360
core   0: 0x80003fb4 (0x0160cd33) xor     s10, ra, s6
core   0: 3 0x80003fb4 (0x0160cd33) x26 0x7e60efae
core   0: 0x80003fb8 (0x01941d93) slli    s11, s0, 25
core   0: 3 0x80003fb8 (0x01941d93) x27 0x40000000
core   0: 0x80003fbc (0x3613ee13) ori     t3, t2, 865
core   0: 3 0x80003fbc (0x3613ee13) x28 0xfffffff7
core   0: 0x80003fc0 (0x15e7cc13) xori    s8, a5, 350
core   0: 3 0x80003fc0 (0x15e7cc13) x24 0x00000150
core   0: 0x80003fc4 (0x01f10eb3) add     t4, sp, t6
core   0: 3 0x80003fc4 (0x01f10eb3) x29 0x0003ffbd
core   0: 0x80003fc8 (0x1fd44e93) xori    t4, s0, 509
core   0: 3 0x80003fc8 (0x1fd44e93) x29 0x000001dd
core   0: 0x80003fcc (0x01272033) slt     zero, a4, s2
core   0: 3 0x80003fcc (0x01272033)
core   0: 0x80003fd0 (0xb5a8c283) lbu     t0, -1190(a7)
core   0: 3 0x80003fd0 (0xb5a8c283) x 5 0x00000039 mem 0x8002300b
core   0: 0x80003fd4 (0x40e88b83) lb      s7, 1038(a7)
core   0: 3 0x80003fd4 (0x40e88b83) x23 0xffffffd2 mem 0x800238bf
core   0: 0x80003fd8 (0x0065f733) and     a4, a1, t1
core   0: 3 0x80003fd8 (0x0065f733) x14 0x00000004
core   0: 0x80003fdc (0xbcf43793) sltiu   a5, s0, -1073
core   0: 3 0x80003fdc (0xbcf43793) x15 0x00000001
core   0: 0x80003fe0 (0x40c9da13) srai    s4, s3, 12
core   0: 3 0x80003fe0 (0x40c9da13) x20 0xfff80015
core   0: 0x80003fe4 (0x4070dc93) srai    s9, ra, 7
core   0: 3 0x80003fe4 (0x4070dc93) x25 0xff0002a9
core   0: 0x80003fe8 (0x3568cc03) lbu     s8, 854(a7)
core   0: 3 0x80003fe8 (0x3568cc03) x24 0x0000008b mem 0x80023807
core   0: 0x80003fec (0xb57898a3) sh      s7, -1199(a7)
core   0: 3 0x80003fec (0xb57898a3) mem 0x80023002 0xffd2
core   0: 0x80003ff0 (0x0000100f) fence.i
core   0: 3 0x80003ff0 (0x0000100f)
core   0: 0x80003ff4 (0x007e4933) xor     s2, t3, t2
core   0: 3 0x80003ff4 (0x007e4933) x18 0x00000041
core   0: 0x80003ff8 (0x0e488d03) lb      s10, 228(a7)
core   0: 3 0x80003ff8 (0x0e488d03) x26 0xffffffc3 mem 0x80023595
core   0: 0x80003ffc (0x29d89ca3) sh      t4, 665(a7)
core   0: 3 0x80003ffc (0x29d89ca3) mem 0x8002374a 0x01dd
core   0: 0x80004000 (0x00aa5bb3) srl     s7, s4, a0
core   0: 3 0x80004000 (0x00aa5bb3) x23 0xfff80015
core   0: 0x80004004 (0x003c9433) sll     s0, s9, gp
core   0: 3 0x80004004 (0x003c9433) x 8 0x0002a900
core   0: 0x80004008 (0xec388423) sb      gp, -312(a7)
core   0: 3 0x80004008 (0xec388423) mem 0x80023379 0x48
core   0: 0x8000400c (0x00c91813) slli    a6, s2, 12
core   0: 3 0x8000400c (0x00c91813) x16 0x00041000
core   0: 0x80004010 (0x2b5c0e93) addi    t4, s8, 693
core   0: 3 0x80004010 (0x2b5c0e93) x29 0x00000340
core   0: 0x80004014 (0x7c657e13) andi    t3, a0, 1990
core   0: 3 0x80004014 (0x7c657e13) x28 0x00000000
core   0: 0x80004018 (0x00000013) nop
core   0: 3 0x80004018 (0x00000013)
core   0: 0x8000401c (0x6f4d7693) andi    a3, s10, 1780
core   0: 3 0x8000401c (0x6f4d7693) x13 0x000006c0
core   0: 0x80004020 (0x01179213) slli    tp, a5, 17
core   0: 3 0x80004020 (0x01179213) x 4 0x00020000
core   0: 0x80004024 (0x0bfee337) lui     t1, 0xbfee
core   0: 3 0x80004024 (0x0bfee337) x 6 0x0bfee000
core   0: 0x80004028 (0x910b2193) slti    gp, s6, -1776
core   0: 3 0x80004028 (0x910b2193) x 3 0x00000001
core   0: 0x8000402c (0x414801b3) sub     gp, a6, s4
core   0: 3 0x8000402c (0x414801b3) x 3 0x000c0feb
core   0: 0x80004030 (0x41015313) srai    t1, sp, 16
core   0: 3 0x80004030 (0x41015313) x 6 0xffff8002
core   0: 0x80004034 (0xa7f8a483) lw      s1, -1409(a7)
core   0: 3 0x80004034 (0xa7f8a483) x 9 0x80c69920 mem 0x80022f30
core   0: 0x80004038 (0x01141633) sll     a2, s0, a7
core   0: 3 0x80004038 (0x01141633) x12 0x52000000
core   0: 0x8000403c (0x2de88ca3) sb      t5, 729(a7)
core   0: 3 0x8000403c (0x2de88ca3) mem 0x8002378a 0x17
core   0: 0x80004040 (0x41ed84b3) sub     s1, s11, t5
core   0: 3 0x80004040 (0x41ed84b3) x 9 0x400000e9
core   0: 0x80004044 (0x4ef8a383) lw      t2, 1263(a7)
core   0: 3 0x80004044 (0x4ef8a383) x 7 0xd5b6ccae mem 0x800239a0
core   0: 0x80004048 (0x015dd633) srl     a2, s11, s5
core   0: 3 0x80004048 (0x015dd633) x12 0x00008000
core   0: 0x8000404c (0x6e389083) lh      ra, 1763(a7)
core   0: 3 0x8000404c (0x6e389083) x 1 0xfffff30a mem 0x80023b94
core   0: 0x80004050 (0x00012917) auipc   s2, 0x12
core   0: 3 0x80004050 (0x00012917) x18 0x80016050
core   0: 0x80004054 (0xd2290913) addi    s2, s2, -734
core   0: 3 0x80004054 (0xd2290913) x18 0x80015d72
core   0: 0x80004058 (0x464fc813) xori    a6, t6, 1124
core   0: 3 0x80004058 (0x464fc813) x16 0x8001553d
core   0: 0x8000405c (0xf4794703) lbu     a4, -185(s2)
core   0: 3 0x8000405c (0xf4794703) x14 0x000000c0 mem 0x80015cb9
core   0: 0x80004060 (0xf4794a03) lbu     s4, -185(s2)
core   0: 3 0x80004060 (0xf4794a03) x20 0x000000c0 mem 0x80015cb9
core   0: 0x80004064 (0x66dcd037) lui     zero, 0x66dcd
core   0: 3 0x80004064 (0x66dcd037)
core   0: 0x80004068 (0xf4790483) lb      s1, -185(s2)
core   0: 3 0x80004068 (0xf4790483) x 9 0xffffffc0 mem 0x80015cb9
core   0: 0x8000406c (0x0000100f) fence.i
core   0: 3 0x8000406c (0x0000100f)
core   0: 0x80004070 (0xf8c91e03) lh      t3, -116(s2)
core   0: 3 0x80004070 (0xf8c91e03) x28 0x00007c59 mem 0x80015cfe
core   0: 0x80004074 (0x06a901a3) sb      a0, 99(s2)
core   0: 3 0x80004074 (0x06a901a3) mem 0x80015dd5 0x0
core   0: 0x80004078 (0x06390d03) lb      s10, 99(s2)
core   0: 3 0x80004078 (0x06390d03) x26 0x00000000 mem 0x80015dd5
core   0: 0x8000407c (0x06394183) lbu     gp, 99(s2)
core   0: 3 0x8000407c (0x06394183) x 3 0x00000000 mem 0x80015dd5
core   0: 0x80004080 (0x060907a3) sb      zero, 111(s2)
core   0: 3 0x80004080 (0x060907a3) mem 0x80015de1 0x0
core   0: 0x80004084 (0x06f94b83) lbu     s7, 111(s2)
core   0: 3 0x80004084 (0x06f94b83) x23 0x00000000 mem 0x80015de1
core   0: 0x80004088 (0x06f94983) lbu     s3, 111(s2)
core   0: 3 0x80004088 (0x06f94983) x19 0x00000000 mem 0x80015de1
core   0: 0x8000408c (0x06f94d03) lbu     s10, 111(s2)
core   0: 3 0x8000408c (0x06f94d03) x26 0x00000000 mem 0x80015de1
core   0: 0x80004090 (0xa9332f13) slti    t5, t1, -1389
core   0: 3 0x80004090 (0xa9332f13) x30 0x00000001
core   0: 0x80004094 (0x06d907a3) sb      a3, 111(s2)
core   0: 3 0x80004094 (0x06d907a3) mem 0x80015de1 0xc0
core   0: 0x80004098 (0x00011e17) auipc   t3, 0x11
core   0: 3 0x80004098 (0x00011e17) x28 0x80015098
core   0: 0x8000409c (0x4dae0e13) addi    t3, t3, 1242
core   0: 3 0x8000409c (0x4dae0e13) x28 0x80015572
core   0: 0x800040a0 (0xe86e0ba3) sb      t1, -361(t3)
core   0: 3 0x800040a0 (0xe86e0ba3) mem 0x80015409 0x2
core   0: 0x800040a4 (0x00012817) auipc   a6, 0x12
core   0: 3 0x800040a4 (0x00012817) x16 0x800160a4
core   0: 0x800040a8 (0xc1280813) addi    a6, a6, -1006
core   0: 3 0x800040a8 (0xc1280813) x16 0x80015cb6
core   0: 0x800040ac (0x33de04a3) sb      t4, 809(t3)
core   0: 3 0x800040ac (0x33de04a3) mem 0x8001589b 0x40
core   0: 0x800040b0 (0x237e4983) lbu     s3, 567(t3)
core   0: 3 0x800040b0 (0x237e4983) x19 0x00000055 mem 0x800157a9
core   0: 0x800040b4 (0x6afe0f03) lb      t5, 1711(t3)
core   0: 3 0x800040b4 (0x6afe0f03) x30 0x00000039 mem 0x80015c21
core   0: 0x800040b8 (0x014802a3) sb      s4, 5(a6)
core   0: 3 0x800040b8 (0x014802a3) mem 0x80015cbb 0xc0
core   0: 0x800040bc (0x315e0d03) lb      s10, 789(t3)
core   0: 3 0x800040bc (0x315e0d03) x26 0x00000000 mem 0x80015887
core   0: 0x800040c0 (0x00f84d83) lbu     s11, 15(a6)
core   0: 3 0x800040c0 (0x00f84d83) x27 0x000000d7 mem 0x80015cc5
core   0: 0x800040c4 (0xfe480da3) sb      tp, -5(a6)
core   0: 3 0x800040c4 (0xfe480da3) mem 0x80015cb1 0x0
core   0: 0x800040c8 (0x7a0e1e83) lh      t4, 1952(t3)
core   0: 3 0x800040c8 (0x7a0e1e83) x29 0x00000000 mem 0x80015d12
core   0: 0x800040cc (0xff180d83) lb      s11, -15(a6)
core   0: 3 0x800040cc (0xff180d83) x27 0xffffff95 mem 0x80015ca7
core   0: 0x800040d0 (0x274e5a83) lhu     s5, 628(t3)
core   0: 3 0x800040d0 (0x274e5a83) x21 0x0000d226 mem 0x800157e6
core   0: 0x800040d4 (0xff880e23) sb      s8, -4(a6)
core   0: 3 0x800040d4 (0xff880e23) mem 0x80015cb2 0x8b
core   0: 0x800040d8 (0x5cde0123) sb      a3, 1474(t3)
core   0: 3 0x800040d8 (0x5cde0123) mem 0x80015b34 0xc0
core   0: 0x800040dc (0x6d6e2683) lw      a3, 1750(t3)
core   0: 3 0x800040dc (0x6d6e2683) x13 0x14acba5a mem 0x80015c48
core   0: 0x800040e0 (0x01a805a3) sb      s10, 11(a6)
core   0: 3 0x800040e0 (0x01a805a3) mem 0x80015cc1 0x0
core   0: 0x800040e4 (0x00012c97) auipc   s9, 0x12
core   0: 3 0x800040e4 (0x00012c97) x25 0x800160e4
core   0: 0x800040e8 (0x8b8c8c93) addi    s9, s9, -1864
core   0: 3 0x800040e8 (0x8b8c8c93) x25 0x8001599c
core   0: 0x800040ec (0x0cbc8c03) lb      s8, 203(s9)
core   0: 3 0x800040ec (0x0cbc8c03) x24 0xffffff87 mem 0x80015a67
core   0: 0x800040f0 (0x011c8283) lb      t0, 17(s9)
core   0: 3 0x800040f0 (0x011c8283) x 5 0xffffff85 mem 0x800159ad
core   0: 0x800040f4 (0xf59cc003) lbu     zero, -167(s9)
core   0: 3 0x800040f4 (0xf59cc003) mem 0x800158f5
core   0: 0x800040f8 (0xfbec8003) lb      zero, -66(s9)
core   0: 3 0x800040f8 (0xfbec8003) mem 0x8001595a
core   0: 0x800040fc (0xfbec8b83) lb      s7, -66(s9)
core   0: 3 0x800040fc (0xfbec8b83) x23 0x0000001c mem 0x8001595a
core   0: 0x80004100 (0x7581fa17) auipc   s4, 0x7581f
core   0: 3 0x80004100 (0x7581fa17) x20 0xf5823100
core   0: 0x80004104 (0xfbecc783) lbu     a5, -66(s9)
core   0: 3 0x80004104 (0xfbecc783) x15 0x0000001c mem 0x8001595a
core   0: 0x80004108 (0xfb4c8f23) sb      s4, -66(s9)
core   0: 3 0x80004108 (0xfb4c8f23) mem 0x8001595a 0x0
core   0: 0x8000410c (0x0afc8303) lb      t1, 175(s9)
core   0: 3 0x8000410c (0x0afc8303) x 6 0x00000000 mem 0x80015a4b
core   0: 0x80004110 (0x011a9193) slli    gp, s5, 17
core   0: 3 0x80004110 (0x011a9193) x 3 0xa44c0000
core   0: 0x80004114 (0x0a7c87a3) sb      t2, 175(s9)
core   0: 3 0x80004114 (0x0a7c87a3) mem 0x80015a4b 0xae
core   0: 0x80004118 (0xfdec8483) lb      s1, -34(s9)
core   0: 3 0x80004118 (0xfdec8483) x 9 0xffffffcb mem 0x8001597a
core   0: 0x8000411c (0xfdac8f23) sb      s10, -34(s9)
core   0: 3 0x8000411c (0xfdac8f23) mem 0x8001597a 0x0
core   0: 0x80004120 (0x00012397) auipc   t2, 0x12
core   0: 3 0x80004120 (0x00012397) x 7 0x80016120
core   0: 0x80004124 (0xc4638393) addi    t2, t2, -954
core   0: 3 0x80004124 (0xc4638393) x 7 0x80015d66
core   0: 0x80004128 (0x00012717) auipc   a4, 0x12
core   0: 3 0x80004128 (0x00012717) x14 0x80016128
core   0: 0x8000412c (0xbb070713) addi    a4, a4, -1104
core   0: 3 0x8000412c (0xbb070713) x14 0x80015cd8
core   0: 0x80004130 (0xccd702a3) sb      a3, -827(a4)
core   0: 3 0x80004130 (0xccd702a3) mem 0x8001599d 0x5a
core   0: 0x80004134 (0x00012f17) auipc   t5, 0x12
core   0: 3 0x80004134 (0x00012f17) x30 0x80016134
core   0: 0x80004138 (0x95ef0f13) addi    t5, t5, -1698
core   0: 3 0x80004138 (0x95ef0f13) x30 0x80015a92
core   0: 0x8000413c (0x0ea39423) sh      a0, 232(t2)
core   0: 3 0x8000413c (0x0ea39423) mem 0x80015e4e 0x0000
core   0: 0x80004140 (0xf3138603) lb      a2, -207(t2)
core   0: 3 0x80004140 (0xf3138603) x12 0xfffffff8 mem 0x80015c97
core   0: 0x80004144 (0x0db3ca03) lbu     s4, 219(t2)
core   0: 3 0x80004144 (0x0db3ca03) x20 0x000000dc mem 0x80015e41
core   0: 0x80004148 (0xff5f4483) lbu     s1, -11(t5)
core   0: 3 0x80004148 (0xff5f4483) x 9 0x0000001c mem 0x80015a87
core   0: 0x8000414c (0x0923a503) lw      a0, 146(t2)
core   0: 3 0x8000414c (0x0923a503) x10 0xfffd9c4f mem 0x80015df8
core   0: 0x80004150 (0x22f70803) lb      a6, 559(a4)
core   0: 3 0x80004150 (0x22f70803) x16 0x0000000a mem 0x80015f07
core   0: 0x80004154 (0xc6e70d83) lb      s11, -914(a4)
core   0: 3 0x80004154 (0xc6e70d83) x27 0x0000003a mem 0x80015946
core   0: 0x80004158 (0x00af1223) sh      a0, 4(t5)
core   0: 3 0x80004158 (0x00af1223) mem 0x80015a96 0x9c4f
core   0: 0x8000415c (0x2ac72a23) sw      a2, 692(a4)
core   0: 3 0x8000415c (0x2ac72a23) mem 0x80015f8c 0xfffffff8
core   0: 0x80004160 (0xf383ce03) lbu     t3, -200(t2)
core   0: 3 0x80004160 (0xf383ce03) x28 0x000000db mem 0x80015c9e
core   0: 0x80004164 (0x00bf0e83) lb      t4, 11(t5)
core   0: 3 0x80004164 (0x00bf0e83) x29 0x00000064 mem 0x80015a9d
core   0: 0x80004168 (0xf1f38503) lb      a0, -225(t2)
core   0: 3 0x80004168 (0xf1f38503) x10 0x00000067 mem 0x80015c85
core   0: 0x8000416c (0xdf574403) lbu     s0, -523(a4)
core   0: 3 0x8000416c (0xdf574403) x 8 0x000000e3 mem 0x80015acd
core   0: 0x80004170 (0xffef5403) lhu     s0, -2(t5)
core   0: 3 0x80004170 (0xffef5403) x 8 0x00007fa0 mem 0x80015a90
core   0: 0x80004174 (0x0ce38303) lb      t1, 206(t2)
core   0: 3 0x80004174 (0x0ce38303) x 6 0xffffffb0 mem 0x80015e34
core   0: 0x80004178 (0xf7370883) lb      a7, -141(a4)
core   0: 3 0x80004178 (0xf7370883) x17 0x00000014 mem 0x80015c4b
core   0: 0x8000417c (0xff075603) lhu     a2, -16(a4)
core   0: 3 0x8000417c (0xff075603) x12 0x00008a30 mem 0x80015cc8
core   0: 0x80004180 (0x00bf04a3) sb      a1, 9(t5)
core   0: 3 0x80004180 (0x00bf04a3) mem 0x80015a9b 0xe4
core   0: 0x80004184 (0xe1874683) lbu     a3, -488(a4)
core   0: 3 0x80004184 (0xe1874683) x13 0x000000f0 mem 0x80015af0
core   0: 0x80004188 (0x8e474983) lbu     s3, -1820(a4)
core   0: 3 0x80004188 (0x8e474983) x19 0x00000032 mem 0x800155bc
core   0: 0x8000418c (0xff3f4883) lbu     a7, -13(t5)
core   0: 3 0x8000418c (0xff3f4883) x17 0x000000d9 mem 0x80015a85
core   0: 0x80004190 (0x00012f17) auipc   t5, 0x12
core   0: 3 0x80004190 (0x00012f17) x30 0x80016190
core   0: 0x80004194 (0x893f0f13) addi    t5, t5, -1901
core   0: 3 0x80004194 (0x893f0f13) x30 0x80015a23
core   0: 0x80004198 (0x00ff5d03) lhu     s10, 15(t5)
core   0: 3 0x80004198 (0x00ff5d03) x26 0x0000ab05 mem 0x80015a32
core   0: 0x8000419c (0x403bd533) sra     a0, s7, gp
core   0: 3 0x8000419c (0x403bd533) x10 0x0000001c
core   0: 0x800041a0 (0xff0f0883) lb      a7, -16(t5)
core   0: 3 0x800041a0 (0xff0f0883) x17 0x0000000e mem 0x80015a13
core   0: 0x800041a4 (0x00000013) nop
core   0: 3 0x800041a4 (0x00000013)
core   0: 0x800041a8 (0xffff0e23) sb      t6, -4(t5)
core   0: 3 0x800041a8 (0xffff0e23) mem 0x80015a1f 0x59
core   0: 0x800041ac (0x002f0723) sb      sp, 14(t5)
core   0: 3 0x800041ac (0x002f0723) mem 0x80015a31 0x64
core   0: 0x800041b0 (0x402ed713) srai    a4, t4, 2
core   0: 3 0x800041b0 (0x402ed713) x14 0x00000019
core   0: 0x800041b4 (0x007f4203) lbu     tp, 7(t5)
core   0: 3 0x800041b4 (0x007f4203) x 4 0x00000040 mem 0x80015a2a
core   0: 0x800041b8 (0x004f11a3) sh      tp, 3(t5)
core   0: 3 0x800041b8 (0x004f11a3) mem 0x80015a26 0x0040
core   0: 0x800041bc (0xff5f1803) lh      a6, -11(t5)
core   0: 3 0x800041bc (0xff5f1803) x16 0xffffad96 mem 0x80015a18
core   0: 0x800041c0 (0xffbf4d83) lbu     s11, -5(t5)
core   0: 3 0x800041c0 (0xffbf4d83) x27 0x0000000e mem 0x80015a1e
core   0: 0x800041c4 (0x002f4803) lbu     a6, 2(t5)
core   0: 3 0x800041c4 (0x002f4803) x16 0x000000b9 mem 0x80015a25
core   0: 0x800041c8 (0xffef0983) lb      s3, -2(t5)
core   0: 3 0x800041c8 (0xffef0983) x19 0x00000011 mem 0x80015a21
core   0: 0x800041cc (0x0052a633) slt     a2, t0, t0
core   0: 3 0x800041cc (0x0052a633) x12 0x00000000
core   0: 0x800041d0 (0xff3f1703) lh      a4, -13(t5)
core   0: 3 0x800041d0 (0xff3f1703) x14 0x00000566 mem 0x80015a16
core   0: 0x800041d4 (0xff8f0483) lb      s1, -8(t5)
core   0: 3 0x800041d4 (0xff8f0483) x 9 0x0000001d mem 0x80015a1b
core   0: 0x800041d8 (0xff4f4c03) lbu     s8, -12(t5)
core   0: 3 0x800041d8 (0xff4f4c03) x24 0x00000005 mem 0x80015a17
core   0: 0x800041dc (0x0ff0000f) fence   iorw,iorw
core   0: 3 0x800041dc (0x0ff0000f)
core   0: 0x800041e0 (0x0000100f) fence.i
core   0: 3 0x800041e0 (0x0000100f)
core   0: 0x800041e4 (0xff8f4e83) lbu     t4, -8(t5)
core   0: 3 0x800041e4 (0xff8f4e83) x29 0x0000001d mem 0x80015a1b
core   0: 0x800041e8 (0x00b437b3) sltu    a5, s0, a1
core   0: 3 0x800041e8 (0x00b437b3) x15 0x00000001
core   0: 0x800041ec (0xffff1f83) lh      t6, -1(t5)
core   0: 3 0x800041ec (0xffff1f83) x31 0x00001484 mem 0x80015a22
core   0: 0x800041f0 (0xffaf0e83) lb      t4, -6(t5)
core   0: 3 0x800041f0 (0xffaf0e83) x29 0x00000002 mem 0x80015a1d
core   0: 0x800041f4 (0x0195da13) srli    s4, a1, 25
core   0: 3 0x800041f4 (0x0195da13) x20 0x00000040
core   0: 0x800041f8 (0x00ef4503) lbu     a0, 14(t5)
core   0: 3 0x800041f8 (0x00ef4503) x10 0x00000064 mem 0x80015a31
core   0: 0x800041fc (0xfeaf19a3) sh      a0, -13(t5)
core   0: 3 0x800041fc (0xfeaf19a3) mem 0x80015a16 0x0064
core   0: 0x80004200 (0x01394d33) xor     s10, s2, s3
core   0: 3 0x80004200 (0x01394d33) x26 0x80015d63
core   0: 0x80004204 (0x004f0403) lb      s0, 4(t5)
core   0: 3 0x80004204 (0x004f0403) x 8 0x00000000 mem 0x80015a27
core   0: 0x80004208 (0xffff1ea3) sh      t6, -3(t5)
core   0: 3 0x80004208 (0xffff1ea3) mem 0x80015a20 0x1484
core   0: 0x8000420c (0xff6f0603) lb      a2, -10(t5)
core   0: 3 0x8000420c (0xff6f0603) x12 0xffffffad mem 0x80015a19
core   0: 0x80004210 (0x010f4783) lbu     a5, 16(t5)
core   0: 3 0x80004210 (0x010f4783) x15 0x000000ab mem 0x80015a33
core   0: 0x80004214 (0x00000013) nop
core   0: 3 0x80004214 (0x00000013)
core   0: 0x80004218 (0x00d81d13) slli    s10, a6, 13
core   0: 3 0x80004218 (0x00d81d13) x26 0x00172000
core   0: 0x8000421c (0x005f2483) lw      s1, 5(t5)
core   0: 3 0x8000421c (0x005f2483) x 9 0xf940bf03 mem 0x80015a28
core   0: 0x80004220 (0x331f57b7) lui     a5, 0x331f5
core   0: 3 0x80004220 (0x331f57b7) x15 0x331f5000
core   0: 0x80004224 (0xff3f0483) lb      s1, -13(t5)
core   0: 3 0x80004224 (0xff3f0483) x 9 0x00000064 mem 0x80015a16
core   0: 0x80004228 (0x000f07a3) sb      zero, 15(t5)
core   0: 3 0x80004228 (0x000f07a3) mem 0x80015a32 0x0
core   0: 0x8000422c (0xff0f0183) lb      gp, -16(t5)
core   0: 3 0x8000422c (0xff0f0183) x 3 0x0000000e mem 0x80015a13
core   0: 0x80004230 (0x002f4183) lbu     gp, 2(t5)
core   0: 3 0x80004230 (0x002f4183) x 3 0x000000b9 mem 0x80015a25
core   0: 0x80004234 (0xff3f0a23) sb      s3, -12(t5)
core   0: 3 0x80004234 (0xff3f0a23) mem 0x80015a17 0x11
core   0: 0x80004238 (0x00011197) auipc   gp, 0x11
core   0: 3 0x80004238 (0x00011197) x 3 0x80015238
core   0: 0x8000423c (0x4d518193) addi    gp, gp, 1237
core   0: 3 0x8000423c (0x4d518193) x 3 0x8001570d
core   0: 0x80004240 (0x00a1ca03) lbu     s4, 10(gp)
core   0: 3 0x80004240 (0x00a1ca03) x20 0x0000000d mem 0x80015717
core   0: 0x80004244 (0x00011f17) auipc   t5, 0x11
core   0: 3 0x80004244 (0x00011f17) x30 0x80015244
core   0: 0x80004248 (0x70ef0f13) addi    t5, t5, 1806
core   0: 3 0x80004248 (0x70ef0f13) x30 0x80015952
core   0: 0x8000424c (0x0081ca03) lbu     s4, 8(gp)
core   0: 3 0x8000424c (0x0081ca03) x20 0x0000002e mem 0x80015715
core   0: 0x80004250 (0x00011097) auipc   ra, 0x11
core   0: 3 0x80004250 (0x00011097) x 1 0x80015250
core   0: 0x80004254 (0x4aa08093) addi    ra, ra, 1194
core   0: 3 0x80004254 (0x4aa08093) x 1 0x800156fa
core   0: 0x80004258 (0xff218283) lb      t0, -14(gp)
core   0: 3 0x80004258 (0xff218283) x 5 0x0000006f mem 0x800156ff
core   0: 0x8000425c (0xff3f4b83) lbu     s7, -13(t5)
core   0: 3 0x8000425c (0xff3f4b83) x23 0x00000077 mem 0x80015945
core   0: 0x80004260 (0xff108d03) lb      s10, -15(ra)
core   0: 3 0x80004260 (0xff108d03) x26 0x0000001d mem 0x800156eb
core   0: 0x80004264 (0x00ff0683) lb      a3, 15(t5)
core   0: 3 0x80004264 (0x00ff0683) x13 0xffffff8e mem 0x80015961
core   0: 0x80004268 (0x000f1003) lh      zero, 0(t5)
core   0: 3 0x80004268 (0x000f1003) mem 0x80015952
core   0: 0x8000426c (0x0060dc83) lhu     s9, 6(ra)
core   0: 3 0x8000426c (0x0060dc83) x25 0x000000f7 mem 0x80015700
core   0: 0x80004270 (0x01318323) sb      s3, 6(gp)
core   0: 3 0x80004270 (0x01318323) mem 0x80015713 0x11
core   0: 0x80004274 (0x00009623) sh      zero, 12(ra)
core   0: 3 0x80004274 (0x00009623) mem 0x80015706 0x0000
core   0: 0x80004278 (0xffb19883) lh      a7, -5(gp)
core   0: 3 0x80004278 (0xffb19883) x17 0xffffba05 mem 0x80015708
core   0: 0x8000427c (0x010f1d83) lh      s11, 16(t5)
core   0: 3 0x8000427c (0x010f1d83) x27 0x00005ff7 mem 0x80015962
core   0: 0x80004280 (0x0000db83) lhu     s7, 0(ra)
core   0: 3 0x80004280 (0x0000db83) x23 0x00009117 mem 0x800156fa
core   0: 0x80004284 (0x0031a383) lw      t2, 3(gp)
core   0: 3 0x80004284 (0x0031a383) x 7 0x11bef487 mem 0x80015710
core   0: 0x80004288 (0xffff0a03) lb      s4, -1(t5)
core   0: 3 0x80004288 (0xffff0a03) x20 0x0000005f mem 0x80015951
core   0: 0x8000428c (0xff91cc83) lbu     s9, -7(gp)
core   0: 3 0x8000428c (0xff91cc83) x25 0x00000000 mem 0x80015706
core   0: 0x80004290 (0x00f08403) lb      s0, 15(ra)
core   0: 3 0x80004290 (0x00f08403) x 8 0xffffffba mem 0x80015709
core   0: 0x80004294 (0x00208703) lb      a4, 2(ra)
core   0: 3 0x80004294 (0x00208703) x14 0x0000005d mem 0x800156fc
core   0: 0x80004298 (0x0001f097) auipc   ra, 0x1f
core   0: 3 0x80004298 (0x0001f097) x 1 0x80023298
core   0: 0x8000429c (0xdad08093) addi    ra, ra, -595
core   0: 3 0x8000429c (0xdad08093) x 1 0x80023045
core   0: 0x800042a0 (0x0100c183) lbu     gp, 16(ra)
core   0: 3 0x800042a0 (0x0100c183) x 3 0x000000c2 mem 0x80023055
core   0: 0x800042a4 (0x0040c203) lbu     tp, 4(ra)
core   0: 3 0x800042a4 (0x0040c203) x 4 0x000000f4 mem 0x80023049
core   0: 0x800042a8 (0xee610013) addi    zero, sp, -282
core   0: 3 0x800042a8 (0xee610013)
core   0: 0x800042ac (0x01205cb3) srl     s9, zero, s2
core   0: 3 0x800042ac (0x01205cb3) x25 0x00000000
core   0: 0x800042b0 (0x00308123) sb      gp, 2(ra)
core   0: 3 0x800042b0 (0x00308123) mem 0x80023047 0xc2
core   0: 0x800042b4 (0xff909ea3) sh      s9, -3(ra)
core   0: 3 0x800042b4 (0xff909ea3) mem 0x80023042 0x0000
core   0: 0x800042b8 (0xfea0a9a3) sw      a0, -13(ra)
core   0: 3 0x800042b8 (0xfea0a9a3) mem 0x80023038 0x00000064
core   0: 0x800042bc (0xff808a83) lb      s5, -8(ra)
core   0: 3 0x800042bc (0xff808a83) x21 0x00000056 mem 0x8002303d
core   0: 0x800042c0 (0x00000013) nop
core   0: 3 0x800042c0 (0x00000013)
core   0: 0x800042c4 (0x004144b3) xor     s1, sp, tp
core   0: 3 0x800042c4 (0x004144b3) x 9 0x8002ae90
core   0: 0x800042c8 (0x89408c13) addi    s8, ra, -1900
core   0: 3 0x800042c8 (0x89408c13) x24 0x800228d9
core   0: 0x800042cc (0x00d091a3) sh      a3, 3(ra)
core   0: 3 0x800042cc (0x00d091a3) mem 0x80023048 0xff8e
core   0: 0x800042d0 (0x01508323) sb      s5, 6(ra)
core   0: 3 0x800042d0 (0x01508323) mem 0x8002304b 0x56
core   0: 0x800042d4 (0xfea089a3) sb      a0, -13(ra)
core   0: 3 0x800042d4 (0xfea089a3) mem 0x80023038 0x64
core   0: 0x800042d8 (0xffd0da03) lhu     s4, -3(ra)
core   0: 3 0x800042d8 (0xffd0da03) x20 0x00000000 mem 0x80023042
core   0: 0x800042dc (0xff808b83) lb      s7, -8(ra)
core   0: 3 0x800042dc (0xff808b83) x23 0x00000056 mem 0x8002303d
core   0: 0x800042e0 (0x00109f03) lh      t5, 1(ra)
core   0: 3 0x800042e0 (0x00109f03) x30 0xffffc2c3 mem 0x80023046
core   0: 0x800042e4 (0x0063a3b3) slt     t2, t2, t1
core   0: 3 0x800042e4 (0x0063a3b3) x 7 0x00000000
core   0: 0x800042e8 (0xffa08003) lb      zero, -6(ra)
core   0: 3 0x800042e8 (0xffa08003) mem 0x8002303f
core   0: 0x800042ec (0x01a096a3) sh      s10, 13(ra)
core   0: 3 0x800042ec (0x01a096a3) mem 0x80023052 0x001d
core   0: 0x800042f0 (0x01008503) lb      a0, 16(ra)
core   0: 3 0x800042f0 (0x01008503) x10 0xffffffc2 mem 0x80023055
core   0: 0x800042f4 (0x017082a3) sb      s7, 5(ra)
core   0: 3 0x800042f4 (0x017082a3) mem 0x8002304a 0x56
core   0: 0x800042f8 (0x0020c383) lbu     t2, 2(ra)
core   0: 3 0x800042f8 (0x0020c383) x 7 0x000000c2 mem 0x80023047
core   0: 0x800042fc (0xff108f03) lb      t5, -15(ra)
core   0: 3 0x800042fc (0xff108f03) x30 0xffffffa7 mem 0x80023036
core   0: 0x80004300 (0xff40c903) lbu     s2, -12(ra)
core   0: 3 0x80004300 (0xff40c903) x18 0x00000000 mem 0x80023039
core   0: 0x80004304 (0xd859f913) andi    s2, s3, -635
core   0: 3 0x80004304 (0xd859f913) x18 0x00000001
core   0: 0x80004308 (0x0ff0000f) fence   iorw,iorw
core   0: 3 0x80004308 (0x0ff0000f)
core   0: 0x8000430c (0x01725f13) srli    t5, tp, 23
core   0: 3 0x8000430c (0x01725f13) x30 0x00000000
core   0: 0x80004310 (0x1900c4b7) lui     s1, 0x1900c
core   0: 3 0x80004310 (0x1900c4b7) x 9 0x1900c000
core   0: 0x80004314 (0x0090d183) lhu     gp, 9(ra)
core   0: 3 0x80004314 (0x0090d183) x 3 0x00004442 mem 0x8002304e
core   0: 0x80004318 (0x00f09403) lh      s0, 15(ra)
core   0: 3 0x80004318 (0x00f09403) x 8 0xffffc2af mem 0x80023054
core   0: 0x8000431c (0x00808c83) lb      s9, 8(ra)
core   0: 3 0x8000431c (0x00808c83) x25 0x00000078 mem 0x8002304d
core   0: 0x80004320 (0x00d09883) lh      a7, 13(ra)
core   0: 3 0x80004320 (0x00d09883) x17 0x0000001d mem 0x80023052
core   0: 0x80004324 (0x00020097) auipc   ra, 0x20
core   0: 3 0x80004324 (0x00020097) x 1 0x80024324
core   0: 0x80004328 (0xa4f08093) addi    ra, ra, -1457
core   0: 3 0x80004328 (0xa4f08093) x 1 0x80023d73
core   0: 0x8000432c (0x102086a3) sb      sp, 269(ra)
core   0: 3 0x8000432c (0x102086a3) mem 0x80023e80 0x64
core   0: 0x80004330 (0x111096a3) sh      a7, 269(ra)
core   0: 3 0x80004330 (0x111096a3) mem 0x80023e80 0x001d
core   0: 0x80004334 (0x0000100f) fence.i
core   0: 3 0x80004334 (0x0000100f)
core   0: 0x80004338 (0x012952b3) srl     t0, s2, s2
core   0: 3 0x80004338 (0x012952b3) x 5 0x00000000
core   0: 0x8000433c (0x10d08003) lb      zero, 269(ra)
core   0: 3 0x8000433c (0x10d08003) mem 0x80023e80
core   0: 0x80004340 (0xbb6e6e93) ori     t4, t3, -1098
core   0: 3 0x80004340 (0xbb6e6e93) x29 0xfffffbff
core   0: 0x80004344 (0x10d08b83) lb      s7, 269(ra)
core   0: 3 0x80004344 (0x10d08b83) x23 0x0000001d mem 0x80023e80
core   0: 0x80004348 (0x10d0d403) lhu     s0, 269(ra)
core   0: 3 0x80004348 (0x10d0d403) x 8 0x0000001d mem 0x80023e80
core   0: 0x8000434c (0x1060a6a3) sw      t1, 269(ra)
core   0: 3 0x8000434c (0x1060a6a3) mem 0x80023e80 0xffffffb0
core   0: 0x80004350 (0x10d09d03) lh      s10, 269(ra)
core   0: 3 0x80004350 (0x10d09d03) x26 0xffffffb0 mem 0x80023e80
core   0: 0x80004354 (0x10d0c003) lbu     zero, 269(ra)
core   0: 3 0x80004354 (0x10d0c003) mem 0x80023e80
core   0: 0x80004358 (0xca40aaa3) sw      tp, -843(ra)
core   0: 3 0x80004358 (0xca40aaa3) mem 0x80023a28 0x000000f4
core   0: 0x8000435c (0xcbd0aaa3) sw      t4, -843(ra)
core   0: 3 0x8000435c (0xcbd0aaa3) mem 0x80023a28 0xfffffbff
core   0: 0x80004360 (0xcb508203) lb      tp, -843(ra)
core   0: 3 0x80004360 (0xcb508203) x 4 0xffffffff mem 0x80023a28
core   0: 0x80004364 (0x01bdd893) srli    a7, s11, 27
core   0: 3 0x80004364 (0x01bdd893) x17 0x00000000
core   0: 0x80004368 (0xe57090a3) sh      s7, -447(ra)
core   0: 3 0x80004368 (0xe57090a3) mem 0x80023bb4 0x001d
core   0: 0x8000436c (0xe410ad03) lw      s10, -447(ra)
core   0: 3 0x8000436c (0xe410ad03) x26 0x0f38001d mem 0x80023bb4
core   0: 0x80004370 (0xe410db83) lhu     s7, -447(ra)
core   0: 3 0x80004370 (0xe410db83) x23 0x0000001d mem 0x80023bb4
core   0: 0x80004374 (0x3f80ce03) lbu     t3, 1016(ra)
core   0: 3 0x80004374 (0x3f80ce03) x28 0x000000c3 mem 0x8002416b
core   0: 0x80004378 (0x64a08d03) lb      s10, 1610(ra)
core   0: 3 0x80004378 (0x64a08d03) x26 0x00000073 mem 0x800243bd
core   0: 0x8000437c (0x01095893) srli    a7, s2, 16
core   0: 3 0x8000437c (0x01095893) x17 0x00000000
core   0: 0x80004380 (0xc430d183) lhu     gp, -957(ra)
core   0: 3 0x80004380 (0xc430d183) x 3 0x00004857 mem 0x800239b6
core   0: 0x80004384 (0xd1308b83) lb      s7, -749(ra)
core   0: 3 0x80004384 (0xd1308b83) x23 0x0000001f mem 0x80023a86
core   0: 0x80004388 (0xd1309d83) lh      s11, -749(ra)
core   0: 3 0x80004388 (0xd1309d83) x27 0x00007d1f mem 0x80023a86
core   0: 0x8000438c (0xebe08223) sb      t5, -348(ra)
core   0: 3 0x8000438c (0xebe08223) mem 0x80023c17 0x0
core   0: 0x80004390 (0x00011f97) auipc   t6, 0x11
core   0: 3 0x80004390 (0x00011f97) x31 0x80015390
core   0: 0x80004394 (0x65af8f93) addi    t6, t6, 1626
core   0: 3 0x80004394 (0x65af8f93) x31 0x800159ea
core   0: 0x80004398 (0x0001ac17) auipc   s8, 0x1a
core   0: 3 0x80004398 (0x0001ac17) x24 0x8001e398
core   0: 0x8000439c (0xb7dc0c13) addi    s8, s8, -1155
core   0: 3 0x8000439c (0xb7dc0c13) x24 0x8001df15
core   0: 0x800043a0 (0x0adf8f03) lb      t5, 173(t6)
core   0: 3 0x800043a0 (0x0adf8f03) x30 0xffffff9c mem 0x80015a97
core   0: 0x800043a4 (0xfa1c0f03) lb      t5, -95(s8)
core   0: 3 0x800043a4 (0xfa1c0f03) x30 0xffffffb5 mem 0x8001deb6
core   0: 0x800043a8 (0xfa1c0b23) sb      ra, -74(s8)
core   0: 3 0x800043a8 (0xfa1c0b23) mem 0x8001decb 0x73
core   0: 0x800043ac (0xf8bfc183) lbu     gp, -117(t6)
core   0: 3 0x800043ac (0xf8bfc183) x 3 0x000000c8 mem 0x80015975
core   0: 0x800043b0 (0x0d5c5383) lhu     t2, 213(s8)
core   0: 3 0x800043b0 (0x0d5c5383) x 7 0x0000d517 mem 0x8001dfea
core   0: 0x800043b4 (0x0a9c4483) lbu     s1, 169(s8)
core   0: 3 0x800043b4 (0x0a9c4483) x 9 0x0000005d mem 0x8001dfbe
core   0: 0x800043b8 (0x0b2f8d23) sb      s2, 186(t6)
core   0: 3 0x800043b8 (0x0b2f8d23) mem 0x80015aa4 0x1
core   0: 0x800043bc (0x0a4f9323) sh      tp, 166(t6)
core   0: 3 0x800043bc (0x0a4f9323) mem 0x80015a90 0xffff
core   0: 0x800043c0 (0xfb7c0683) lb      a3, -73(s8)
core   0: 3 0x800043c0 (0xfb7c0683) x13 0xffffffd5 mem 0x8001decc
core   0: 0x800043c4 (0x0a1fc503) lbu     a0, 161(t6)
core   0: 3 0x800043c4 (0x0a1fc503) x10 0x0000005f mem 0x80015a8b
core   0: 0x800043c8 (0x027c18a3) sh      t2, 49(s8)
core   0: 3 0x800043c8 (0x027c18a3) mem 0x8001df46 0xd517
core   0: 0x800043cc (0x0f0f84a3) sb      a6, 233(t6)
core   0: 3 0x800043cc (0x0f0f84a3) mem 0x80015ad3 0xb9
core   0: 0x800043d0 (0xf34c0f03) lb      t5, -204(s8)
core   0: 3 0x800043d0 (0xf34c0f03) x30 0xffffffd9 mem 0x8001de49
core   0: 0x800043d4 (0x00011f97) auipc   t6, 0x11
core   0: 3 0x800043d4 (0x00011f97) x31 0x800153d4
core   0: 0x800043d8 (0xe31f8f93) addi    t6, t6, -463
core   0: 3 0x800043d8 (0xe31f8f93) x31 0x80015205
core   0: 0x800043dc (0x001c6eb3) or      t4, s8, ra
core   0: 3 0x800043dc (0x001c6eb3) x29 0x8003ff77
core   0: 0x800043e0 (0xfb3f9f03) lh      t5, -77(t6)
core   0: 3 0x800043e0 (0xfb3f9f03) x30 0xffffafeb mem 0x800151b8
core   0: 0x800043e4 (0x01e8a733) slt     a4, a7, t5
core   0: 3 0x800043e4 (0x01e8a733) x14 0x00000000
core   0: 0x800043e8 (0xf34f8823) sb      s4, -208(t6)
core   0: 3 0x800043e8 (0xf34f8823) mem 0x80015135 0x0
core   0: 0x800043ec (0xf19f8403) lb      s0, -231(t6)
core   0: 3 0x800043ec (0xf19f8403) x 8 0x00000010 mem 0x8001511e
core   0: 0x800043f0 (0x213ccd97) auipc   s11, 0x213cc
core   0: 3 0x800043f0 (0x213ccd97) x27 0xa13d03f0
core   0: 0x800043f4 (0x045f9aa3) sh      t0, 85(t6)
core   0: 3 0x800043f4 (0x045f9aa3) mem 0x8001525a 0x0000
core   0: 0x800043f8 (0x00cb8db3) add     s11, s7, a2
core   0: 3 0x800043f8 (0x00cb8db3) x27 0xffffffcc
core   0: 0x800043fc (0x005279b3) and     s3, tp, t0
core   0: 3 0x800043fc (0x005279b3) x19 0x00000000
core   0: 0x80004400 (0x0f6fc203) lbu     tp, 246(t6)
core   0: 3 0x80004400 (0x0f6fc203) x 4 0x000000ef mem 0x800152fb
core   0: 0x80004404 (0xfb0f8003) lb      zero, -80(t6)
core   0: 3 0x80004404 (0xfb0f8003) mem 0x800151b5
core   0: 0x80004408 (0x00afc383) lbu     t2, 10(t6)
core   0: 3 0x80004408 (0x00afc383) x 7 0x00000027 mem 0x8001520f
core   0: 0x8000440c (0xf25f8623) sb      t0, -212(t6)
core   0: 3 0x8000440c (0xf25f8623) mem 0x80015131 0x0
core   0: 0x80004410 (0xc3d45837) lui     a6, 0xc3d45
core   0: 3 0x80004410 (0xc3d45837) x16 0xc3d45000
core   0: 0x80004414 (0xf8bf8123) sb      a1, -126(t6)
core   0: 3 0x80004414 (0xf8bf8123) mem 0x80015187 0xe4
core   0: 0x80004418 (0xf8ef8d23) sb      a4, -102(t6)
core   0: 3 0x80004418 (0xf8ef8d23) mem 0x8001519f 0x0
core   0: 0x8000441c (0x042fc203) lbu     tp, 66(t6)
core   0: 3 0x8000441c (0x042fc203) x 4 0x000000eb mem 0x80015247
core   0: 0x80004420 (0x02af8e23) sb      a0, 60(t6)
core   0: 3 0x80004420 (0x02af8e23) mem 0x80015241 0x5f
core   0: 0x80004424 (0x5bd13693) sltiu   a3, sp, 1469
core   0: 3 0x80004424 (0x5bd13693) x13 0x00000000
core   0: 0x80004428 (0xf82fcd83) lbu     s11, -126(t6)
core   0: 3 0x80004428 (0xf82fcd83) x27 0x000000e4 mem 0x80015187
core   0: 0x8000442c (0x2efaac13) slti    s8, s5, 751
core   0: 3 0x8000442c (0x2efaac13) x24 0x00000001
core   0: 0x80004430 (0x4024dab3) sra     s5, s1, sp
core   0: 3 0x80004430 (0x4024dab3) x21 0x00000005
core   0: 0x80004434 (0x41dbd413) srai    s0, s7, 29
core   0: 3 0x80004434 (0x41dbd413) x 8 0x00000000
core   0: 0x80004438 (0x7fd67cb7) lui     s9, 0x7fd67
core   0: 3 0x80004438 (0x7fd67cb7) x25 0x7fd67000
core   0: 0x8000443c (0x40ab56b3) sra     a3, s6, a0
core   0: 3 0x8000443c (0x40ab56b3) x13 0xffffffff
core   0: 0x80004440 (0x0b1fc683) lbu     a3, 177(t6)
core   0: 3 0x80004440 (0x0b1fc683) x13 0x00000038 mem 0x800152b6
core   0: 0x80004444 (0xfe0fc903) lbu     s2, -32(t6)
core   0: 3 0x80004444 (0xfe0fc903) x18 0x0000009f mem 0x800151e5
core   0: 0x80004448 (0x4031d1b3) sra     gp, gp, gp
core   0: 3 0x80004448 (0x4031d1b3) x 3 0x00000000
core   0: 0x8000444c (0x012f8c03) lb      s8, 18(t6)
core   0: 3 0x8000444c (0x012f8c03) x24 0xfffffff5 mem 0x80015217
core   0: 0x80004450 (0x0bbfdb83) lhu     s7, 187(t6)
core   0: 3 0x80004450 (0x0bbfdb83) x23 0x0000968a mem 0x800152c0
core   0: 0x80004454 (0x054fc003) lbu     zero, 84(t6)
core   0: 3 0x80004454 (0x054fc003) mem 0x80015259
core   0: 0x80004458 (0x0000100f) fence.i
core   0: 3 0x80004458 (0x0000100f)
core   0: 0x8000445c (0x00f91893) slli    a7, s2, 15
core   0: 3 0x8000445c (0x00f91893) x17 0x004f8000
core   0: 0x80004460 (0xf2efc503) lbu     a0, -210(t6)
core   0: 3 0x80004460 (0xf2efc503) x10 0x000000af mem 0x80015133
core   0: 0x80004464 (0x9dcb6713) ori     a4, s6, -1572
core   0: 3 0x80004464 (0x9dcb6713) x14 0xfffffbdc
core   0: 0x80004468 (0x01df8183) lb      gp, 29(t6)
core   0: 3 0x80004468 (0x01df8183) x 3 0x00000070 mem 0x80015222
core   0: 0x8000446c (0x068fcc83) lbu     s9, 104(t6)
core   0: 3 0x8000446c (0x068fcc83) x25 0x00000010 mem 0x8001526d
core   0: 0x80004470 (0x40475b93) srai    s7, a4, 4
core   0: 3 0x80004470 (0x40475b93) x23 0xffffffbd
core   0: 0x80004474 (0x0000100f) fence.i
core   0: 3 0x80004474 (0x0000100f)
core   0: 0x80004478 (0xffaf8d23) sb      s10, -6(t6)
core   0: 3 0x80004478 (0xffaf8d23) mem 0x800151ff 0x73
core   0: 0x8000447c (0x0c7f8803) lb      a6, 199(t6)
core   0: 3 0x8000447c (0x0c7f8803) x16 0xfffffff4 mem 0x800152cc
core   0: 0x80004480 (0x0e3f9fa3) sh      gp, 255(t6)
core   0: 3 0x80004480 (0x0e3f9fa3) mem 0x80015304 0x0070
core   0: 0x80004484 (0xc17fe793) ori     a5, t6, -1001
core   0: 3 0x80004484 (0xc17fe793) x15 0xfffffe17
core   0: 0x80004488 (0x04ff8183) lb      gp, 79(t6)
core   0: 3 0x80004488 (0x04ff8183) x 3 0xfffffff5 mem 0x80015254
core   0: 0x8000448c (0xe76f3413) sltiu   s0, t5, -394
core   0: 3 0x8000448c (0xe76f3413) x 8 0x00000001
core   0: 0x80004490 (0x05cf8c23) sb      t3, 88(t6)
core   0: 3 0x80004490 (0x05cf8c23) mem 0x8001525d 0xc3
core   0: 0x80004494 (0x036fcd03) lbu     s10, 54(t6)
core   0: 3 0x80004494 (0x036fcd03) x26 0x000000e2 mem 0x8001523b
core   0: 0x80004498 (0xf45f8aa3) sb      t0, -171(t6)
core   0: 3 0x80004498 (0xf45f8aa3) mem 0x8001515a 0x0
core   0: 0x8000449c (0x00bd9db3) sll     s11, s11, a1
core   0: 3 0x8000449c (0x00bd9db3) x27 0x00000e40
core   0: 0x800044a0 (0x000e3a33) sltu    s4, t3, zero
core   0: 3 0x800044a0 (0x000e3a33) x20 0x00000000
core   0: 0x800044a4 (0x0c9f8183) lb      gp, 201(t6)
core   0: 3 0x800044a4 (0x0c9f8183) x 3 0x00000016 mem 0x800152ce
core   0: 0x800044a8 (0x007d9a13) slli    s4, s11, 7
core   0: 3 0x800044a8 (0x007d9a13) x20 0x00072000
core   0: 0x800044ac (0x08afc503) lbu     a0, 138(t6)
core   0: 3 0x800044ac (0x08afc503) x10 0x000000ae mem 0x8001528f
core   0: 0x800044b0 (0x00013a17) auipc   s4, 0x13
core   0: 3 0x800044b0 (0x00013a17) x20 0x800174b0
core   0: 0x800044b4 (0x0b0a0a13) addi    s4, s4, 176
core   0: 3 0x800044b4 (0x0b0a0a13) x20 0x80017560
core   0: 0x800044b8 (0x00012217) auipc   tp, 0x12
core   0: 3 0x800044b8 (0x00012217) x 4 0x800164b8
core   0: 0x800044bc (0x7f020213) addi    tp, tp, 2032
core   0: 3 0x800044bc (0x7f020213) x 4 0x80016ca8
core   0: 0x800044c0 (0x0001ed17) auipc   s10, 0x1e
core   0: 3 0x800044c0 (0x0001ed17) x26 0x800224c0
core   0: 0x800044c4 (0x69fd0d13) addi    s10, s10, 1695
core   0: 3 0x800044c4 (0x69fd0d13) x26 0x80022b5f
core   0: 0x800044c8 (0xf2b207a3) sb      a1, -209(tp)
core   0: 3 0x800044c8 (0xf2b207a3) mem 0x80016bd7 0xe4
core   0: 0x800044cc (0xf4b24a83) lbu     s5, -181(tp)
core   0: 3 0x800044cc (0xf4b24a83) x21 0x000000d9 mem 0x80016bf3
core   0: 0x800044d0 (0x00ca04a3) sb      a2, 9(s4)
core   0: 3 0x800044d0 (0x00ca04a3) mem 0x80017569 0xad
core   0: 0x800044d4 (0xfffa4983) lbu     s3, -1(s4)
core   0: 3 0x800044d4 (0xfffa4983) x19 0x0000006f mem 0x8001755f
core   0: 0x800044d8 (0xffea4a83) lbu     s5, -2(s4)
core   0: 3 0x800044d8 (0xffea4a83) x21 0x000000aa mem 0x8001755e
core   0: 0x800044dc (0x0b0d0f03) lb      t5, 176(s10)
core   0: 3 0x800044dc (0x0b0d0f03) x30 0x00000029 mem 0x80022c0f
core   0: 0x800044e0 (0xff1a0c03) lb      s8, -15(s4)
core   0: 3 0x800044e0 (0xff1a0c03) x24 0xffffff90 mem 0x80017551
core   0: 0x800044e4 (0xffea1f83) lh      t6, -2(s4)
core   0: 3 0x800044e4 (0xffea1f83) x31 0x00006faa mem 0x8001755e
core   0: 0x800044e8 (0x0ecd0183) lb      gp, 236(s10)
core   0: 3 0x800044e8 (0x0ecd0183) x 3 0x00000035 mem 0x80022c4b
core   0: 0x800044ec (0xf07d5803) lhu     a6, -249(s10)
core   0: 3 0x800044ec (0xf07d5803) x16 0x0000956c mem 0x80022a66
core   0: 0x800044f0 (0xf2c24603) lbu     a2, -212(tp)
core   0: 3 0x800044f0 (0xf2c24603) x12 0x00000081 mem 0x80016bd4
core   0: 0x800044f4 (0x10022f03) lw      t5, 256(tp)
core   0: 3 0x800044f4 (0x10022f03) x30 0x4132374a mem 0x80016da8
core   0: 0x800044f8 (0xf6ad0983) lb      s3, -150(s10)
core   0: 3 0x800044f8 (0xf6ad0983) x19 0xffffffb0 mem 0x80022ac9
core   0: 0x800044fc (0xf2f202a3) sb      a5, -219(tp)
core   0: 3 0x800044fc (0xf2f202a3) mem 0x80016bcd 0x17
core   0: 0x80004500 (0x00da4283) lbu     t0, 13(s4)
core   0: 3 0x80004500 (0x00da4283) x 5 0x0000006b mem 0x8001756d
core   0: 0x80004504 (0xff2a0ca3) sb      s2, -7(s4)
core   0: 3 0x80004504 (0xff2a0ca3) mem 0x80017559 0x9f
core   0: 0x80004508 (0xff6a0923) sb      s6, -14(s4)
core   0: 3 0x80004508 (0xff6a0923) mem 0x80017552 0x5c
core   0: 0x8000450c (0x0d6d0c83) lb      s9, 214(s10)
core   0: 3 0x8000450c (0x0d6d0c83) x25 0xffffffc6 mem 0x80022c35
core   0: 0x80004510 (0x01f24c83) lbu     s9, 31(tp)
core   0: 3 0x80004510 (0x01f24c83) x25 0x0000002d mem 0x80016cc7
core   0: 0x80004514 (0xff7a0da3) sb      s7, -5(s4)
core   0: 3 0x80004514 (0xff7a0da3) mem 0x8001755b 0xbd
core   0: 0x80004518 (0x00021c17) auipc   s8, 0x21
core   0: 3 0x80004518 (0x00021c17) x24 0x80025518
core   0: 0x8000451c (0x1f5c0c13) addi    s8, s8, 501
core   0: 3 0x8000451c (0x1f5c0c13) x24 0x8002570d
core   0: 0x80004520 (0xffcc4703) lbu     a4, -4(s8)
core   0: 3 0x80004520 (0xffcc4703) x14 0x000000ea mem 0x80025709
core   0: 0x80004524 (0xfffc0e23) sb      t6, -4(s8)
core   0: 3 0x80004524 (0xfffc0e23) mem 0x80025709 0xaa
core   0: 0x80004528 (0xff5c0e23) sb      s5, -4(s8)
core   0: 3 0x80004528 (0xff5c0e23) mem 0x80025709 0xaa
core   0: 0x8000452c (0xfe1c0e23) sb      ra, -4(s8)
core   0: 3 0x8000452c (0xfe1c0e23) mem 0x80025709 0x73
core   0: 0x80004530 (0x405f8f33) sub     t5, t6, t0
core   0: 3 0x80004530 (0x405f8f33) x30 0x00006f3f
core   0: 0x80004534 (0xfe1c0e23) sb      ra, -4(s8)
core   0: 3 0x80004534 (0xfe1c0e23) mem 0x80025709 0x73
core   0: 0x80004538 (0xfecc0e23) sb      a2, -4(s8)
core   0: 3 0x80004538 (0xfecc0e23) mem 0x80025709 0x81
core   0: 0x8000453c (0xff3c0e23) sb      s3, -4(s8)
core   0: 3 0x8000453c (0xff3c0e23) mem 0x80025709 0xb0
core   0: 0x80004540 (0xf86ff213) andi    tp, t6, -122
core   0: 3 0x80004540 (0xf86ff213) x 4 0x00006f82
core   0: 0x80004544 (0x011c60b3) or      ra, s8, a7
core   0: 3 0x80004544 (0x011c60b3) x 1 0x804fd70d
core   0: 0x80004548 (0xfe3c0e23) sb      gp, -4(s8)
core   0: 3 0x80004548 (0xfe3c0e23) mem 0x80025709 0x35
core   0: 0x8000454c (0xfe2c0e23) sb      sp, -4(s8)
core   0: 3 0x8000454c (0xfe2c0e23) mem 0x80025709 0x64
core   0: 0x80004550 (0xfe4c0e23) sb      tp, -4(s8)
core   0: 3 0x80004550 (0xfe4c0e23) mem 0x80025709 0x82
core   0: 0x80004554 (0xfe5c0e23) sb      t0, -4(s8)
core   0: 3 0x80004554 (0xfe5c0e23) mem 0x80025709 0x6b
core   0: 0x80004558 (0x705e7b93) andi    s7, t3, 1797
core   0: 3 0x80004558 (0x705e7b93) x23 0x00000001
core   0: 0x8000455c (0x019b9f13) slli    t5, s7, 25
core   0: 3 0x8000455c (0x019b9f13) x30 0x02000000
core   0: 0x80004560 (0x008c4903) lbu     s2, 8(s8)
core   0: 3 0x80004560 (0x008c4903) x18 0x00000094 mem 0x80025715
core   0: 0x80004564 (0x015c0423) sb      s5, 8(s8)
core   0: 3 0x80004564 (0x015c0423) mem 0x80025715 0xaa
core   0: 0x80004568 (0x008c4f03) lbu     t5, 8(s8)
core   0: 3 0x80004568 (0x008c4f03) x30 0x000000aa mem 0x80025715
core   0: 0x8000456c (0x008c4403) lbu     s0, 8(s8)
core   0: 3 0x8000456c (0x008c4403) x 8 0x000000aa mem 0x80025715
core   0: 0x80004570 (0x019c0423) sb      s9, 8(s8)
core   0: 3 0x80004570 (0x019c0423) mem 0x80025715 0x2d
core   0: 0x80004574 (0x006c0423) sb      t1, 8(s8)
core   0: 3 0x80004574 (0x006c0423) mem 0x80025715 0xb0
core   0: 0x80004578 (0x01ec0423) sb      t5, 8(s8)
core   0: 3 0x80004578 (0x01ec0423) mem 0x80025715 0xaa
core   0: 0x8000457c (0x008c4483) lbu     s1, 8(s8)
core   0: 3 0x8000457c (0x008c4483) x 9 0x000000aa mem 0x80025715
core   0: 0x80004580 (0x00018417) auipc   s0, 0x18
core   0: 3 0x80004580 (0x00018417) x 8 0x8001c580
core   0: 0x80004584 (0x42e40413) addi    s0, s0, 1070
core   0: 3 0x80004584 (0x42e40413) x 8 0x8001c9ae
core   0: 0x80004588 (0x031409a3) sb      a7, 51(s0)
core   0: 3 0x80004588 (0x031409a3) mem 0x8001c9e1 0x0
core   0: 0x8000458c (0xffc41b83) lh      s7, -4(s0)
core   0: 3 0x8000458c (0xffc41b83) x23 0xffffd329 mem 0x8001c9aa
core   0: 0x80004590 (0x408cdd93) srai    s11, s9, 8
core   0: 3 0x80004590 (0x408cdd93) x27 0x00000000
core   0: 0x80004594 (0x00331013) slli    zero, t1, 3
core   0: 3 0x80004594 (0x00331013)
core   0: 0x80004598 (0x63946997) auipc   s3, 0x63946
core   0: 3 0x80004598 (0x63946997) x19 0xe394a598
core   0: 0x8000459c (0xfea41e23) sh      a0, -4(s0)
core   0: 3 0x8000459c (0xfea41e23) mem 0x8001c9aa 0x00ae
core   0: 0x800045a0 (0x00b31f13) slli    t5, t1, 11
core   0: 3 0x800045a0 (0x00b31f13) x30 0xfffd8000
core   0: 0x800045a4 (0x007ade13) srli    t3, s5, 7
core   0: 3 0x800045a4 (0x007ade13) x28 0x00000001
core   0: 0x800045a8 (0x003912b3) sll     t0, s2, gp
core   0: 3 0x800045a8 (0x003912b3) x 5 0x12800000
core   0: 0x800045ac (0x41ee0a33) sub     s4, t3, t5
core   0: 3 0x800045ac (0x41ee0a33) x20 0x00028001
core   0: 0x800045b0 (0x407d7397) auipc   t2, 0x407d7
core   0: 3 0x800045b0 (0x407d7397) x 7 0xc07db5b0
core   0: 0x800045b4 (0x01684633) xor     a2, a6, s6
core   0: 3 0x800045b4 (0x01684633) x12 0xfe612e30
core   0: 0x800045b8 (0x4197db93) srai    s7, a5, 25
core   0: 3 0x800045b8 (0x4197db93) x23 0xffffffff
core   0: 0x800045bc (0x00e0c1b3) xor     gp, ra, a4
core   0: 3 0x800045bc (0x00e0c1b3) x 3 0x804fd7e7
core   0: 0x800045c0 (0x00000013) nop
core   0: 3 0x800045c0 (0x00000013)
core   0: 0x800045c4 (0x00940e83) lb      t4, 9(s0)
core   0: 3 0x800045c4 (0x00940e83) x29 0xffffff86 mem 0x8001c9b7
core   0: 0x800045c8 (0xfd344183) lbu     gp, -45(s0)
core   0: 3 0x800045c8 (0xfd344183) x 3 0x000000ae mem 0x8001c981
core   0: 0x800045cc (0x064b3313) sltiu   t1, s6, 100
core   0: 3 0x800045cc (0x064b3313) x 6 0x00000000
core   0: 0x800045d0 (0xfd044f83) lbu     t6, -48(s0)
core   0: 3 0x800045d0 (0xfd044f83) x31 0x0000004e mem 0x8001c97e
core   0: 0x800045d4 (0x40255813) srai    a6, a0, 2
core   0: 3 0x800045d4 (0x40255813) x16 0x0000002b
core   0: 0x800045d8 (0x00c41303) lh      t1, 12(s0)
core   0: 3 0x800045d8 (0x00c41303) x 6 0x000022f9 mem 0x8001c9ba
core   0: 0x800045dc (0x01e690b3) sll     ra, a3, t5
core   0: 3 0x800045dc (0x01e690b3) x 1 0x00000038
core   0: 0x800045e0 (0x01f3c633) xor     a2, t2, t6
core   0: 3 0x800045e0 (0x01f3c633) x12 0xc07db5fe
core   0: 0x800045e4 (0x0136d6b3) srl     a3, a3, s3
core   0: 3 0x800045e4 (0x0136d6b3) x13 0x00000000
core   0: 0x800045e8 (0xff340e03) lb      t3, -13(s0)
core   0: 3 0x800045e8 (0xff340e03) x28 0xffffff8a mem 0x8001c9a1
core   0: 0x800045ec (0x3d48a917) auipc   s2, 0x3d48a
core   0: 3 0x800045ec (0x3d48a917) x18 0xbd48e5ec
core   0: 0x800045f0 (0x0ff0000f) fence   iorw,iorw
core   0: 3 0x800045f0 (0x0ff0000f)
core   0: 0x800045f4 (0x002892b3) sll     t0, a7, sp
core   0: 3 0x800045f4 (0x002892b3) x 5 0x04f80000
core   0: 0x800045f8 (0x00619f13) slli    t5, gp, 6
core   0: 3 0x800045f8 (0x00619f13) x30 0x00002b80
core   0: 0x800045fc (0x03c41483) lh      s1, 60(s0)
core   0: 3 0x800045fc (0x03c41483) x 9 0xffffdcf7 mem 0x8001c9ea
core   0: 0x80004600 (0x02840183) lb      gp, 40(s0)
core   0: 3 0x80004600 (0x02840183) x 3 0xffffff95 mem 0x8001c9d6
core   0: 0x80004604 (0x00c4b733) sltu    a4, s1, a2
core   0: 3 0x80004604 (0x00c4b733) x14 0x00000000
core   0: 0x80004608 (0x5aeef497) auipc   s1, 0x5aeef
core   0: 3 0x80004608 (0x5aeef497) x 9 0xdaef3608
core   0: 0x8000460c (0x41ad58b3) sra     a7, s10, s10
core   0: 3 0x8000460c (0x41ad58b3) x17 0xffffffff
core   0: 0x80004610 (0xff140a23) sb      a7, -12(s0)
core   0: 3 0x80004610 (0xff140a23) mem 0x8001c9a2 0xff
core   0: 0x80004614 (0x00018317) auipc   t1, 0x18
core   0: 3 0x80004614 (0x00018317) x 6 0x8001c614
core   0: 0x80004618 (0xda330313) addi    t1, t1, -605
core   0: 3 0x80004618 (0xda330313) x 6 0x8001c3b7
core   0: 0x8000461c (0x5ab34183) lbu     gp, 1451(t1)
core   0: 3 0x8000461c (0x5ab34183) x 3 0x0000004f mem 0x8001c962
core   0: 0x80004620 (0x10a34183) lbu     gp, 266(t1)
core   0: 3 0x80004620 (0x10a34183) x 3 0x00000094 mem 0x8001c4c1
core   0: 0x80004624 (0x8cd30203) lb      tp, -1843(t1)
core   0: 3 0x80004624 (0x8cd30203) x 4 0x00000066 mem 0x8001bc84
core   0: 0x80004628 (0x0000100f) fence.i
core   0: 3 0x80004628 (0x0000100f)
core   0: 0x8000462c (0x00835833) srl     a6, t1, s0
core   0: 3 0x8000462c (0x00835833) x16 0x00020007
core   0: 0x80004630 (0xe1230d03) lb      s10, -494(t1)
core   0: 3 0x80004630 (0xe1230d03) x26 0x00000021 mem 0x8001c1c9
core   0: 0x80004634 (0x409e8433) sub     s0, t4, s1
core   0: 3 0x80004634 (0x409e8433) x 8 0x2510c97e
core   0: 0x80004638 (0x1ee4e913) ori     s2, s1, 494
core   0: 3 0x80004638 (0x1ee4e913) x18 0xdaef37ee
core   0: 0x8000463c (0x06834183) lbu     gp, 104(t1)
core   0: 3 0x8000463c (0x06834183) x 3 0x00000079 mem 0x8001c41f
core   0: 0x80004640 (0x45034903) lbu     s2, 1104(t1)
core   0: 3 0x80004640 (0x45034903) x18 0x00000001 mem 0x8001c807
core   0: 0x80004644 (0x41a25433) sra     s0, tp, s10
core   0: 3 0x80004644 (0x41a25433) x 8 0x00000033
core   0: 0x80004648 (0xb2e92013) slti    zero, s2, -1234
core   0: 3 0x80004648 (0xb2e92013)
core   0: 0x8000464c (0x4f030603) lb      a2, 1264(t1)
core   0: 3 0x8000464c (0x4f030603) x12 0xffffff96 mem 0x8001c8a7
core   0: 0x80004650 (0x4aecb713) sltiu   a4, s9, 1198
core   0: 3 0x80004650 (0x4aecb713) x14 0x00000001
core   0: 0x80004654 (0x01979cb3) sll     s9, a5, s9
core   0: 3 0x80004654 (0x01979cb3) x25 0xffc2e000
core   0: 0x80004658 (0xc3c5abb7) lui     s7, 0xc3c5a
core   0: 3 0x80004658 (0xc3c5abb7) x23 0xc3c5a000
core   0: 0x8000465c (0x1f830203) lb      tp, 504(t1)
core   0: 3 0x8000465c (0x1f830203) x 4 0xffffff95 mem 0x8001c5af
core   0: 0x80004660 (0xa6630403) lb      s0, -1434(t1)
core   0: 3 0x80004660 (0xa6630403) x 8 0x00000050 mem 0x8001be1d
core   0: 0x80004664 (0xe8b34c83) lbu     s9, -373(t1)
core   0: 3 0x80004664 (0xe8b34c83) x25 0x0000007e mem 0x8001c242
core   0: 0x80004668 (0xedb30883) lb      a7, -293(t1)
core   0: 3 0x80004668 (0xedb30883) x17 0x00000077 mem 0x8001c292
core   0: 0x8000466c (0x0146b8b3) sltu    a7, a3, s4
core   0: 3 0x8000466c (0x0146b8b3) x17 0x00000001
core   0: 0x80004670 (0xb0a34c03) lbu     s8, -1270(t1)
core   0: 3 0x80004670 (0xb0a34c03) x24 0x000000dd mem 0x8001bec1
core   0: 0x80004674 (0x00234783) lbu     a5, 2(t1)
core   0: 3 0x80004674 (0x00234783) x15 0x00000022 mem 0x8001c3b9
core   0: 0x80004678 (0x4168d393) srai    t2, a7, 22
core   0: 3 0x80004678 (0x4168d393) x 7 0x00000000
core   0: 0x8000467c (0xadf30923) sb      t6, -1326(t1)
core   0: 3 0x8000467c (0xadf30923) mem 0x8001be89 0x4e
core   0: 0x80004680 (0x0112e393) ori     t2, t0, 17
core   0: 3 0x80004680 (0x0112e393) x 7 0x04f80011
core   0: 0x80004684 (0xfc1ad097) auipc   ra, 0xfc1ad
core   0: 3 0x80004684 (0xfc1ad097) x 1 0x7c1b1684
core   0: 0x80004688 (0xce417917) auipc   s2, 0xce417
core   0: 3 0x80004688 (0xce417917) x18 0x4e41b688
core   0: 0x8000468c (0x019d2fb3) slt     t6, s10, s9
core   0: 3 0x8000468c (0x019d2fb3) x31 0x00000001
core   0: 0x80004690 (0x01534f83) lbu     t6, 21(t1)
core   0: 3 0x80004690 (0x01534f83) x31 0x00000061 mem 0x8001c3cc
core   0: 0x80004694 (0x35b31483) lh      s1, 859(t1)
core   0: 3 0x80004694 (0x35b31483) x 9 0xffffce18 mem 0x8001c712
core   0: 0x80004698 (0x81082893) slti    a7, a6, -2032
core   0: 3 0x80004698 (0x81082893) x17 0x00000000
core   0: 0x8000469c (0xdc36d517) auipc   a0, 0xdc36d
core   0: 3 0x8000469c (0xdc36d517) x10 0x5c37169c
core   0: 0x800046a0 (0xba430a83) lb      s5, -1116(t1)
core   0: 3 0x800046a0 (0xba430a83) x21 0x00000042 mem 0x8001bf5b
core   0: 0x800046a4 (0x883319a3) sh      gp, -1901(t1)
core   0: 3 0x800046a4 (0x883319a3) mem 0x8001bc4a 0x0079
core   0: 0x800046a8 (0x25230b23) sb      s2, 598(t1)
core   0: 3 0x800046a8 (0x25230b23) mem 0x8001c60d 0x88
core   0: 0x800046ac (0x00000013) nop
core   0: 3 0x800046ac (0x00000013)
core   0: 0x800046b0 (0x0074db93) srli    s7, s1, 7
core   0: 3 0x800046b0 (0x0074db93) x23 0x01ffff9c
core   0: 0x800046b4 (0x0000100f) fence.i
core   0: 3 0x800046b4 (0x0000100f)
core   0: 0x800046b8 (0x00000013) nop
core   0: 3 0x800046b8 (0x00000013)
core   0: 0x800046bc (0x407a0933) sub     s2, s4, t2
core   0: 3 0x800046bc (0x407a0933) x18 0xfb0a7ff0
core   0: 0x800046c0 (0x012999b3) sll     s3, s3, s2
core   0: 3 0x800046c0 (0x012999b3) x19 0xa5980000
core   0: 0x800046c4 (0x00000013) nop
core   0: 3 0x800046c4 (0x00000013)
core   0: 0x800046c8 (0x4d8310a3) sh      s8, 1217(t1)
core   0: 3 0x800046c8 (0x4d8310a3) mem 0x8001c878 0x00dd
core   0: 0x800046cc (0x00371a13) slli    s4, a4, 3
core   0: 3 0x800046cc (0x00371a13) x20 0x00000008
core   0: 0x800046d0 (0x852e6813) ori     a6, t3, -1966
core   0: 3 0x800046d0 (0x852e6813) x16 0xffffffda
core   0: 0x800046d4 (0x7c923513) sltiu   a0, tp, 1993
core   0: 3 0x800046d4 (0x7c923513) x10 0x00000000
core   0: 0x800046d8 (0x31830d83) lb      s11, 792(t1)
core   0: 3 0x800046d8 (0x31830d83) x27 0xffffffd2 mem 0x8001c6cf
core   0: 0x800046dc (0xd1730223) sb      s7, -764(t1)
core   0: 3 0x800046dc (0xd1730223) mem 0x8001c0bb 0x9c
core   0: 0x800046e0 (0x1d731803) lh      a6, 471(t1)
core   0: 3 0x800046e0 (0x1d731803) x16 0x00006eca mem 0x8001c58e
core   0: 0x800046e4 (0x00e28433) add     s0, t0, a4
core   0: 3 0x800046e4 (0x00e28433) x 8 0x04f80001
core   0: 0x800046e8 (0x01257033) and     zero, a0, s2
core   0: 3 0x800046e8 (0x01257033)
core   0: 0x800046ec (0x01c35493) srli    s1, t1, 28
core   0: 3 0x800046ec (0x01c35493) x 9 0x00000008
core   0: 0x800046f0 (0x11330083) lb      ra, 275(t1)
core   0: 3 0x800046f0 (0x11330083) x 1 0xffffffb7 mem 0x8001c4ca
core   0: 0x800046f4 (0xab230603) lb      a2, -1358(t1)
core   0: 3 0x800046f4 (0xab230603) x12 0x0000004d mem 0x8001be69
core   0: 0x800046f8 (0xd5931aa3) sh      s9, -683(t1)
core   0: 3 0x800046f8 (0xd5931aa3) mem 0x8001c10c 0x007e
core   0: 0x800046fc (0x09534283) lbu     t0, 149(t1)
core   0: 3 0x800046fc (0x09534283) x 5 0x000000ca mem 0x8001c44c
core   0: 0x80004700 (0x00014e97) auipc   t4, 0x14
core   0: 3 0x80004700 (0x00014e97) x29 0x80018700
core   0: 0x80004704 (0xbc6e8e93) addi    t4, t4, -1082
core   0: 3 0x80004704 (0xbc6e8e93) x29 0x800182c6
core   0: 0x80004708 (0xf8eedc83) lhu     s9, -114(t4)
core   0: 3 0x80004708 (0xf8eedc83) x25 0x00009a5f mem 0x80018254
core   0: 0x8000470c (0x0000100f) fence.i
core   0: 3 0x8000470c (0x0000100f)
core   0: 0x80004710 (0xf69e8ba3) sb      s1, -137(t4)
core   0: 3 0x80004710 (0xf69e8ba3) mem 0x8001823d 0x8
core   0: 0x80004714 (0xfdee8183) lb      gp, -34(t4)
core   0: 3 0x80004714 (0xfdee8183) x 3 0x00000036 mem 0x800182a4
core   0: 0x80004718 (0x00000013) nop
core   0: 3 0x80004718 (0x00000013)
core   0: 0x8000471c (0x00075013) srli    zero, a4, 0
core   0: 3 0x8000471c (0x00075013)
core   0: 0x80004720 (0x052edc83) lhu     s9, 82(t4)
core   0: 3 0x80004720 (0x052edc83) x25 0x0000856e mem 0x80018318
core   0: 0x80004724 (0x40da59b3) sra     s3, s4, a3
core   0: 3 0x80004724 (0x40da59b3) x19 0x00000008
core   0: 0x80004728 (0x0c3e8a83) lb      s5, 195(t4)
core   0: 3 0x80004728 (0x0c3e8a83) x21 0x0000001c mem 0x80018389
core   0: 0x8000472c (0xfe7ec303) lbu     t1, -25(t4)
core   0: 3 0x8000472c (0xfe7ec303) x 6 0x00000089 mem 0x800182ad
core   0: 0x80004730 (0x0157d633) srl     a2, a5, s5
core   0: 3 0x80004730 (0x0157d633) x12 0x00000000
core   0: 0x80004734 (0x01245e33) srl     t3, s0, s2
core   0: 3 0x80004734 (0x01245e33) x28 0x000004f8
core   0: 0x80004738 (0xfc1e83a3) sb      ra, -57(t4)
core   0: 3 0x80004738 (0xfc1e83a3) mem 0x8001828d 0xb7
core   0: 0x8000473c (0x41dd5f13) srai    t5, s10, 29
core   0: 3 0x8000473c (0x41dd5f13) x30 0x00000000
core   0: 0x80004740 (0xbcae5a17) auipc   s4, 0xbcae5
core   0: 3 0x80004740 (0xbcae5a17) x20 0x3cae9740
core   0: 0x80004744 (0xf37e8983) lb      s3, -201(t4)
core   0: 3 0x80004744 (0xf37e8983) x19 0x00000067 mem 0x800181fd
core   0: 0x80004748 (0x01fcbbb3) sltu    s7, s9, t6
core   0: 3 0x80004748 (0x01fcbbb3) x23 0x00000000
core   0: 0x8000474c (0xf2fe84a3) sb      a5, -215(t4)
core   0: 3 0x8000474c (0xf2fe84a3) mem 0x800181ef 0x22
core   0: 0x80004750 (0x01e62e33) slt     t3, a2, t5
core   0: 3 0x80004750 (0x01e62e33) x28 0x00000000
core   0: 0x80004754 (0x0ff0000f) fence   iorw,iorw
core   0: 3 0x80004754 (0x0ff0000f)
core   0: 0x80004758 (0x4092d993) srai    s3, t0, 9
core   0: 3 0x80004758 (0x4092d993) x19 0x00000000
core   0: 0x8000475c (0x003ec083) lbu     ra, 3(t4)
core   0: 3 0x8000475c (0x003ec083) x 1 0x00000048 mem 0x800182c9
core   0: 0x80004760 (0xf28ed203) lhu     tp, -216(t4)
core   0: 3 0x80004760 (0xf28ed203) x 4 0x0000220b mem 0x800181ee
core   0: 0x80004764 (0x00ff82b3) add     t0, t6, a5
core   0: 3 0x80004764 (0x00ff82b3) x 5 0x00000083
core   0: 0x80004768 (0x7dd1a293) slti    t0, gp, 2013
core   0: 3 0x80004768 (0x7dd1a293) x 5 0x00000001
core   0: 0x8000476c (0x0156edb3) or      s11, a3, s5
core   0: 3 0x8000476c (0x0156edb3) x27 0x0000001c
core   0: 0x80004770 (0x009e89b3) add     s3, t4, s1
core   0: 3 0x80004770 (0x009e89b3) x19 0x800182ce
core   0: 0x80004774 (0xaa295497) auipc   s1, 0xaa295
core   0: 3 0x80004774 (0xaa295497) x 9 0x2a299774
core   0: 0x80004778 (0xf7ee8823) sb      t5, -144(t4)
core   0: 3 0x80004778 (0xf7ee8823) mem 0x80018236 0x0
core   0: 0x8000477c (0x017190b3) sll     ra, gp, s7
core   0: 3 0x8000477c (0x017190b3) x 1 0x00000036
core   0: 0x80004780 (0x08fe8483) lb      s1, 143(t4)
core   0: 3 0x80004780 (0x08fe8483) x 9 0xffffffdc mem 0x80018355
core   0: 0x80004784 (0x0ff0000f) fence   iorw,iorw
core   0: 3 0x80004784 (0x0ff0000f)
core   0: 0x80004788 (0x0fced603) lhu     a2, 252(t4)
core   0: 3 0x80004788 (0x0fced603) x12 0x00002965 mem 0x800183c2
core   0: 0x8000478c (0x0ff0000f) fence   iorw,iorw
core   0: 3 0x8000478c (0x0ff0000f)
core   0: 0x80004790 (0x4143d213) srai    tp, t2, 20
core   0: 3 0x80004790 (0x4143d213) x 4 0x0000004f
core   0: 0x80004794 (0x3be1ad13) slti    s10, gp, 958
core   0: 3 0x80004794 (0x3be1ad13) x26 0x00000001
core   0: 0x80004798 (0x005331b3) sltu    gp, t1, t0
core   0: 3 0x80004798 (0x005331b3) x 3 0x00000000
core   0: 0x8000479c (0x0f2e9f23) sh      s2, 254(t4)
core   0: 3 0x8000479c (0x0f2e9f23) mem 0x800183c4 0x7ff0
core   0: 0x800047a0 (0x069e9a23) sh      s1, 116(t4)
core   0: 3 0x800047a0 (0x069e9a23) mem 0x8001833a 0xffdc
core   0: 0x800047a4 (0x0001ad97) auipc   s11, 0x1a
core   0: 3 0x800047a4 (0x0001ad97) x27 0x8001e7a4
core   0: 0x800047a8 (0xb49d8d93) addi    s11, s11, -1207
core   0: 3 0x800047a8 (0xb49d8d93) x27 0x8001e2ed
core   0: 0x800047ac (0x02fd8423) sb      a5, 40(s11)
core   0: 3 0x800047ac (0x02fd8423) mem 0x8001e315 0x22
core   0: 0x800047b0 (0x00153733) sltu    a4, a0, ra
core   0: 3 0x800047b0 (0x00153733) x14 0x00000001
core   0: 0x800047b4 (0x2a5acf37) lui     t5, 0x2a5ac
core   0: 3 0x800047b4 (0x2a5acf37) x30 0x2a5ac000
core   0: 0x800047b8 (0xfc3dd503) lhu     a0, -61(s11)
core   0: 3 0x800047b8 (0xfc3dd503) x10 0x0000a22c mem 0x8001e2b0
core   0: 0x800047bc (0xfccd8023) sb      a2, -64(s11)
core   0: 3 0x800047bc (0xfccd8023) mem 0x8001e2ad 0x65
core   0: 0x800047c0 (0x09bdde83) lhu     t4, 155(s11)
core   0: 3 0x800047c0 (0x09bdde83) x29 0x000035df mem 0x8001e388
core   0: 0x800047c4 (0xf2bddf83) lhu     t6, -213(s11)
core   0: 3 0x800047c4 (0xf2bddf83) x31 0x0000926a mem 0x8001e218
core   0: 0x800047c8 (0x0a8d8ca3) sb      s0, 185(s11)
core   0: 3 0x800047c8 (0x0a8d8ca3) mem 0x8001e3a6 0x1
core   0: 0x800047cc (0x0000100f) fence.i
core   0: 3 0x800047cc (0x0000100f)
core   0: 0x800047d0 (0x00ced833) srl     a6, t4, a2
core   0: 3 0x800047d0 (0x00ced833) x16 0x000001ae
core   0: 0x800047d4 (0x0ebdab83) lw      s7, 235(s11)
core   0: 3 0x800047d4 (0x0ebdab83) x23 0x0b4bc81f mem 0x8001e3d8
core   0: 0x800047d8 (0x0156a7b3) slt     a5, a3, s5
core   0: 3 0x800047d8 (0x0156a7b3) x15 0x00000001
core   0: 0x800047dc (0x09cd81a3) sb      t3, 131(s11)
core   0: 3 0x800047dc (0x09cd81a3) mem 0x8001e370 0x0
core   0: 0x800047e0 (0x00159433) sll     s0, a1, ra
core   0: 3 0x800047e0 (0x00159433) x 8 0x39000000
core   0: 0x800047e4 (0x012d8703) lb      a4, 18(s11)
core   0: 3 0x800047e4 (0x012d8703) x14 0xffffffa2 mem 0x8001e2ff
core   0: 0x800047e8 (0x01f80a33) add     s4, a6, t6
core   0: 3 0x800047e8 (0x01f80a33) x20 0x00009418
core   0: 0x800047ec (0x008bd713) srli    a4, s7, 8
core   0: 3 0x800047ec (0x008bd713) x14 0x000b4bc8
core   0: 0x800047f0 (0xf53da703) lw      a4, -173(s11)
core   0: 3 0x800047f0 (0xf53da703) x14 0xde3c9222 mem 0x8001e240
core   0: 0x800047f4 (0x047d9a83) lh      s5, 71(s11)
core   0: 3 0x800047f4 (0x047d9a83) x21 0x0000140e mem 0x8001e334
core   0: 0x800047f8 (0x0f2d84a3) sb      s2, 233(s11)
core   0: 3 0x800047f8 (0x0f2d84a3) mem 0x8001e3d6 0xf0
core   0: 0x800047fc (0x0d8d8483) lb      s1, 216(s11)
core   0: 3 0x800047fc (0x0d8d8483) x 9 0xffffffc4 mem 0x8001e3c5
core   0: 0x80004800 (0xfc4d8d23) sb      tp, -38(s11)
core   0: 3 0x80004800 (0xfc4d8d23) mem 0x8001e2c7 0x4f
core   0: 0x80004804 (0x41ed87b3) sub     a5, s11, t5
core   0: 3 0x80004804 (0x41ed87b3) x15 0x55a722ed
core   0: 0x80004808 (0xffedc083) lbu     ra, -2(s11)
core   0: 3 0x80004808 (0xffedc083) x 1 0x0000003f mem 0x8001e2eb
core   0: 0x8000480c (0x029dd303) lhu     t1, 41(s11)
core   0: 3 0x8000480c (0x029dd303) x 6 0x00004fe3 mem 0x8001e316
core   0: 0x80004810 (0x052d8223) sb      s2, 68(s11)
core   0: 3 0x80004810 (0x052d8223) mem 0x8001e331 0xf0
core   0: 0x80004814 (0x01df4bb3) xor     s7, t5, t4
core   0: 3 0x80004814 (0x01df4bb3) x23 0x2a5af5df
core   0: 0x80004818 (0x003dc603) lbu     a2, 3(s11)
core   0: 3 0x80004818 (0x003dc603) x12 0x0000008c mem 0x8001e2f0
core   0: 0x8000481c (0xf8ed8303) lb      t1, -114(s11)
core   0: 3 0x8000481c (0xf8ed8303) x 6 0x0000000a mem 0x8001e27b
core   0: 0x80004820 (0xf141f817) auipc   a6, 0xf141f
core   0: 3 0x80004820 (0xf141f817) x16 0x71423820
core   0: 0x80004824 (0x0d3dde03) lhu     t3, 211(s11)
core   0: 3 0x80004824 (0x0d3dde03) x28 0x00004135 mem 0x8001e3c0
core   0: 0x80004828 (0x070dc003) lbu     zero, 112(s11)
core   0: 3 0x80004828 (0x070dc003) mem 0x8001e35d
core   0: 0x8000482c (0x0ecd8183) lb      gp, 236(s11)
core   0: 3 0x8000482c (0x0ecd8183) x 3 0xffffffc8 mem 0x8001e3d9
core   0: 0x80004830 (0x00c87333) and     t1, a6, a2
core   0: 3 0x80004830 (0x00c87333) x 6 0x00000000
core   0: 0x80004834 (0x00134c33) xor     s8, t1, ra
core   0: 3 0x80004834 (0x00134c33) x24 0x0000003f
core   0: 0x80004838 (0x4af50613) addi    a2, a0, 1199
core   0: 3 0x80004838 (0x4af50613) x12 0x0000a6db
core   0: 0x8000483c (0x048d8523) sb      s0, 74(s11)
core   0: 3 0x8000483c (0x048d8523) mem 0x8001e337 0x0
core   0: 0x80004840 (0xf25dcd03) lbu     s10, -219(s11)
core   0: 3 0x80004840 (0xf25dcd03) x26 0x0000001e mem 0x8001e212
core   0: 0x80004844 (0x00011697) auipc   a3, 0x11
core   0: 3 0x80004844 (0x00011697) x13 0x80015844
core   0: 0x80004848 (0xd6268693) addi    a3, a3, -670
core   0: 3 0x80004848 (0xd6268693) x13 0x800155a6
core   0: 0x8000484c (0x00011617) auipc   a2, 0x11
core   0: 3 0x8000484c (0x00011617) x12 0x8001584c
core   0: 0x80004850 (0x7d060613) addi    a2, a2, 2000
core   0: 3 0x80004850 (0x7d060613) x12 0x8001601c
core   0: 0x80004854 (0x00011217) auipc   tp, 0x11
core   0: 3 0x80004854 (0x00011217) x 4 0x80015854
core   0: 0x80004858 (0x9d220213) addi    tp, tp, -1582
core   0: 3 0x80004858 (0x9d220213) x 4 0x80015226
core   0: 0x8000485c (0x00011197) auipc   gp, 0x11
core   0: 3 0x8000485c (0x00011197) x 3 0x8001585c
core   0: 0x80004860 (0xd8818193) addi    gp, gp, -632
core   0: 3 0x80004860 (0xd8818193) x 3 0x800155e4
core   0: 0x80004864 (0xce4605a3) sb      tp, -789(a2)
core   0: 3 0x80004864 (0xce4605a3) mem 0x80015d07 0x26
core   0: 0x80004868 (0x02022923) sw      zero, 50(tp)
core   0: 3 0x80004868 (0x02022923) mem 0x80015258 0x00000000
core   0: 0x8000486c (0xfc819883) lh      a7, -56(gp)
core   0: 3 0x8000486c (0xfc819883) x17 0xffff857a mem 0x800155ac
core   0: 0x80004870 (0x03519123) sh      s5, 34(gp)
core   0: 3 0x80004870 (0x03519123) mem 0x80015606 0x140e
core   0: 0x80004874 (0x00011317) auipc   t1, 0x11
core   0: 3 0x80004874 (0x00011317) x 6 0x80015874
core   0: 0x80004878 (0x92630313) addi    t1, t1, -1754
core   0: 3 0x80004878 (0x92630313) x 6 0x8001519a
core   0: 0x8000487c (0xffb34f83) lbu     t6, -5(t1)
core   0: 3 0x8000487c (0xffb34f83) x31 0x000000c2 mem 0x80015195
core   0: 0x80004880 (0x014687a3) sb      s4, 15(a3)
core   0: 3 0x80004880 (0x014687a3) mem 0x800155b5 0x18
core   0: 0x80004884 (0xcea65e03) lhu     t3, -790(a2)
core   0: 3 0x80004884 (0xcea65e03) x28 0x00002694 mem 0x80015d06
core   0: 0x80004888 (0x0046d383) lhu     t2, 4(a3)
core   0: 3 0x80004888 (0x0046d383) x 7 0x00009f2e mem 0x800155aa
core   0: 0x8000488c (0x01931023) sh      s9, 0(t1)
core   0: 3 0x8000488c (0x01931023) mem 0x8001519a 0x856e
core   0: 0x80004890 (0x00c6c383) lbu     t2, 12(a3)
core   0: 3 0x80004890 (0x00c6c383) x 7 0x000000fe mem 0x800155b2
core   0: 0x80004894 (0x00d68483) lb      s1, 13(a3)
core   0: 3 0x80004894 (0x00d68483) x 9 0x00000008 mem 0x800155b3
core   0: 0x80004898 (0xd0d603a3) sb      a3, -761(a2)
core   0: 3 0x80004898 (0xd0d603a3) mem 0x80015d23 0xa6
core   0: 0x8000489c (0xfdb18fa3) sb      s11, -33(gp)
core   0: 3 0x8000489c (0xfdb18fa3) mem 0x800155c3 0xed
core   0: 0x800048a0 (0x0096ce03) lbu     t3, 9(a3)
core   0: 3 0x800048a0 (0x0096ce03) x28 0x00000049 mem 0x800155af
core   0: 0x800048a4 (0xfc919d23) sh      s1, -38(gp)
core   0: 3 0x800048a4 (0xfc919d23) mem 0x800155be 0x0008
core   0: 0x800048a8 (0x078203a3) sb      s8, 103(tp)
core   0: 3 0x800048a8 (0x078203a3) mem 0x8001528d 0x3f
core   0: 0x800048ac (0xffe30d83) lb      s11, -2(t1)
core   0: 3 0x800048ac (0xffe30d83) x27 0xfffffffc mem 0x80015198
core   0: 0x800048b0 (0x00034a03) lbu     s4, 0(t1)
core   0: 3 0x800048b0 (0x00034a03) x20 0x0000006e mem 0x8001519a
core   0: 0x800048b4 (0x01b24483) lbu     s1, 27(tp)
core   0: 3 0x800048b4 (0x01b24483) x 9 0x0000005f mem 0x80015241
core   0: 0x800048b8 (0x02f18d83) lb      s11, 47(gp)
core   0: 3 0x800048b8 (0x02f18d83) x27 0xffffffaa mem 0x80015613
core   0: 0x800048bc (0xd7661783) lh      a5, -650(a2)
core   0: 3 0x800048bc (0xd7661783) x15 0x00000943 mem 0x80015d92
core   0: 0x800048c0 (0xffc34a03) lbu     s4, -4(t1)
core   0: 3 0x800048c0 (0xffc34a03) x20 0x0000001d mem 0x80015196
core   0: 0x800048c4 (0xfaa209a3) sb      a0, -77(tp)
core   0: 3 0x800048c4 (0xfaa209a3) mem 0x800151d9 0x2c
core   0: 0x800048c8 (0xb5560403) lb      s0, -1195(a2)
core   0: 3 0x800048c8 (0xb5560403) x 8 0xffffffa8 mem 0x80015b71
core   0: 0x800048cc (0xffb1c083) lbu     ra, -5(gp)
core   0: 3 0x800048cc (0xffb1c083) x 1 0x000000e0 mem 0x800155df
core   0: 0x800048d0 (0xf7c65903) lhu     s2, -132(a2)
core   0: 3 0x800048d0 (0xf7c65903) x18 0x0000ca07 mem 0x80015f98
core   0: 0x800048d4 (0xd1360ca3) sb      s3, -743(a2)
core   0: 3 0x800048d4 (0xd1360ca3) mem 0x80015d35 0xce
core   0: 0x800048d8 (0xff01a383) lw      t2, -16(gp)
core   0: 3 0x800048d8 (0xff01a383) x 7 0xc77adfe5 mem 0x800155d4
core   0: 0x800048dc (0xfda18023) sb      s10, -64(gp)
core   0: 3 0x800048dc (0xfda18023) mem 0x800155a4 0x1e
core   0: 0x800048e0 (0xffa35f83) lhu     t6, -6(t1)
core   0: 3 0x800048e0 (0xffa35f83) x31 0x0000c2db mem 0x80015194
core   0: 0x800048e4 (0xa7d60083) lb      ra, -1411(a2)
core   0: 3 0x800048e4 (0xa7d60083) x 1 0x00000050 mem 0x80015a99
core   0: 0x800048e8 (0x07b24383) lbu     t2, 123(tp)
core   0: 3 0x800048e8 (0x07b24383) x 7 0x00000002 mem 0x800152a1
core   0: 0x800048ec (0x8ba602a3) sb      s10, -1883(a2)
core   0: 3 0x800048ec (0x8ba602a3) mem 0x800158c1 0x1e
core   0: 0x800048f0 (0x0d820383) lb      t2, 216(tp)
core   0: 3 0x800048f0 (0x0d820383) x 7 0xffffffcc mem 0x800152fe
core   0: 0x800048f4 (0x00d30223) sb      a3, 4(t1)
core   0: 3 0x800048f4 (0x00d30223) mem 0x8001519e 0xa6
core   0: 0x800048f8 (0xfd81cf03) lbu     t5, -40(gp)
core   0: 3 0x800048f8 (0xfd81cf03) x30 0x00000032 mem 0x800155bc
core   0: 0x800048fc (0x00430703) lb      a4, 4(t1)
core   0: 3 0x800048fc (0x00430703) x14 0xffffffa6 mem 0x8001519e
core   0: 0x80004900 (0x01f6a523) sw      t6, 10(a3)
core   0: 3 0x80004900 (0x01f6a523) mem 0x800155b0 0x0000c2db
core   0: 0x80004904 (0x00d34d83) lbu     s11, 13(t1)
core   0: 3 0x80004904 (0x00d34d83) x27 0x0000008f mem 0x800151a7
core   0: 0x80004908 (0x00235503) lhu     a0, 2(t1)
core   0: 3 0x80004908 (0x00235503) x10 0x00008883 mem 0x8001519c
core   0: 0x8000490c (0x0001ed17) auipc   s10, 0x1e
core   0: 3 0x8000490c (0x0001ed17) x26 0x8002290c
core   0: 0x80004910 (0x4b2d0d13) addi    s10, s10, 1202
core   0: 3 0x80004910 (0x4b2d0d13) x26 0x80022dbe
core   0: 0x80004914 (0x013d0903) lb      s2, 19(s10)
core   0: 3 0x80004914 (0x013d0903) x18 0xffffffa7 mem 0x80022dd1
core   0: 0x80004918 (0x004a7233) and     tp, s4, tp
core   0: 3 0x80004918 (0x004a7233) x 4 0x00000004
core   0: 0x8000491c (0x0a7d0983) lb      s3, 167(s10)
core   0: 3 0x8000491c (0x0a7d0983) x19 0xffffff97 mem 0x80022e65
core   0: 0x80004920 (0x096cba13) sltiu   s4, s9, 150
core   0: 3 0x80004920 (0x096cba13) x20 0x00000000
core   0: 0x80004924 (0xf48d1c23) sh      s0, -168(s10)
core   0: 3 0x80004924 (0xf48d1c23) mem 0x80022d16 0xffa8
core   0: 0x80004928 (0x4099d793) srai    a5, s3, 9
core   0: 3 0x80004928 (0x4099d793) x15 0xffffffff
core   0: 0x8000492c (0x03ed0c83) lb      s9, 62(s10)
core   0: 3 0x8000492c (0x03ed0c83) x25 0x00000001 mem 0x80022dfc
core   0: 0x80004930 (0x061d2523) sw      ra, 106(s10)
core   0: 3 0x80004930 (0x061d2523) mem 0x80022e28 0x00000050
core   0: 0x80004934 (0x15642d93) slti    s11, s0, 342
core   0: 3 0x80004934 (0x15642d93) x27 0x00000001
core   0: 0x80004938 (0x048d0983) lb      s3, 72(s10)
core   0: 3 0x80004938 (0x048d0983) x19 0xffffffbf mem 0x80022e06
core   0: 0x8000493c (0x01ab1693) slli    a3, s6, 26
core   0: 3 0x8000493c (0x01ab1693) x13 0x70000000
core   0: 0x80004940 (0x002584b3) add     s1, a1, sp
core   0: 3 0x80004940 (0x002584b3) x 9 0x00059b48
core   0: 0x80004944 (0x5f563d93) sltiu   s11, a2, 1525
core   0: 3 0x80004944 (0x5f563d93) x27 0x00000000
core   0: 0x80004948 (0x65d5c993) xori    s3, a1, 1629
core   0: 3 0x80004948 (0x65d5c993) x19 0x8002eab9
core   0: 0x8000494c (0x0151b6b3) sltu    a3, gp, s5
core   0: 3 0x8000494c (0x0151b6b3) x13 0x00000000
core   0: 0x80004950 (0x00c0be33) sltu    t3, ra, a2
core   0: 3 0x80004950 (0x00c0be33) x28 0x00000001
core   0: 0x80004954 (0x01ed6ab3) or      s5, s10, t5
core   0: 3 0x80004954 (0x01ed6ab3) x21 0x80022dbe
core   0: 0x80004958 (0x0063da33) srl     s4, t2, t1
core   0: 3 0x80004958 (0x0063da33) x20 0x0000003f
core   0: 0x8000495c (0xf8fd0383) lb      t2, -113(s10)
core   0: 3 0x8000495c (0xf8fd0383) x 7 0x0000005c mem 0x80022d4d
core   0: 0x80004960 (0x060d0503) lb      a0, 96(s10)
core   0: 3 0x80004960 (0x060d0503) x10 0x0000005a mem 0x80022e1e
core   0: 0x80004964 (0x0ff0000f) fence   iorw,iorw
core   0: 3 0x80004964 (0x0ff0000f)
core   0: 0x80004968 (0x0ff0000f) fence   iorw,iorw
core   0: 3 0x80004968 (0x0ff0000f)
core   0: 0x8000496c (0x0e8d0023) sb      s0, 224(s10)
core   0: 3 0x8000496c (0x0e8d0023) mem 0x80022e9e 0xa8
core   0: 0x80004970 (0x17b6ee93) ori     t4, a3, 379
core   0: 3 0x80004970 (0x17b6ee93) x29 0x0000017b
core   0: 0x80004974 (0x042d1803) lh      a6, 66(s10)
core   0: 3 0x80004974 (0x042d1803) x16 0x000046b6 mem 0x80022e00
core   0: 0x80004978 (0xf22d1c83) lh      s9, -222(s10)
core   0: 3 0x80004978 (0xf22d1c83) x25 0x00003876 mem 0x80022ce0
core   0: 0x8000497c (0x41425613) srai    a2, tp, 20
core   0: 3 0x8000497c (0x41425613) x12 0x00000000
core   0: 0x80004980 (0x0000100f) fence.i
core   0: 3 0x80004980 (0x0000100f)
core   0: 0x80004984 (0xa7209cb7) lui     s9, 0xa7209
core   0: 3 0x80004984 (0xa7209cb7) x25 0xa7209000
core   0: 0x80004988 (0xf0962913) slti    s2, a2, -247
core   0: 3 0x80004988 (0xf0962913) x18 0x00000000
core   0: 0x8000498c (0x8270fa93) andi    s5, ra, -2009
core   0: 3 0x8000498c (0x8270fa93) x21 0x00000000
core   0: 0x80004990 (0xbdc42517) auipc   a0, 0xbdc42
core   0: 3 0x80004990 (0xbdc42517) x10 0x3dc46990
core   0: 0x80004994 (0xf9dd0d83) lb      s11, -99(s10)
core   0: 3 0x80004994 (0xf9dd0d83) x27 0xfffffff2 mem 0x80022d5b
core   0: 0x80004998 (0xf92d4783) lbu     a5, -110(s10)
core   0: 3 0x80004998 (0xf92d4783) x15 0x00000021 mem 0x80022d50
core   0: 0x8000499c (0xfb8d08a3) sb      s8, -79(s10)
core   0: 3 0x8000499c (0xfb8d08a3) mem 0x80022d6f 0x3f
core   0: 0x800049a0 (0xa34872b7) lui     t0, 0xa3487
core   0: 3 0x800049a0 (0xa34872b7) x 5 0xa3487000
core   0: 0x800049a4 (0x008d0c83) lb      s9, 8(s10)
core   0: 3 0x800049a4 (0x008d0c83) x25 0xffffff8f mem 0x80022dc6
core   0: 0x800049a8 (0x00017717) auipc   a4, 0x17
core   0: 3 0x800049a8 (0x00017717) x14 0x8001b9a8
core   0: 0x800049ac (0xcb170713) addi    a4, a4, -847
core   0: 3 0x800049ac (0xcb170713) x14 0x8001b659
core   0: 0x800049b0 (0xf8170f03) lb      t5, -127(a4)
core   0: 3 0x800049b0 (0xf8170f03) x30 0x00000024 mem 0x8001b5da
core   0: 0x800049b4 (0x07e70c23) sb      t5, 120(a4)
core   0: 3 0x800049b4 (0x07e70c23) mem 0x8001b6d1 0x24
core   0: 0x800049b8 (0x400283b3) sub     t2, t0, zero
core   0: 3 0x800049b8 (0x400283b3) x 7 0xa3487000
core   0: 0x800049bc (0x31030213) addi    tp, t1, 784
core   0: 3 0x800049bc (0x31030213) x 4 0x800154aa
core   0: 0x800049c0 (0x00c36033) or      zero, t1, a2
core   0: 3 0x800049c0 (0x00c36033)
core   0: 0x800049c4 (0xfb874503) lbu     a0, -72(a4)
core   0: 3 0x800049c4 (0xfb874503) x10 0x000000b4 mem 0x8001b611
core   0: 0x800049c8 (0x007527b3) slt     a5, a0, t2
core   0: 3 0x800049c8 (0x007527b3) x15 0x00000000
core   0: 0x800049cc (0xfb1703a3) sb      a7, -89(a4)
core   0: 3 0x800049cc (0xfb1703a3) mem 0x8001b600 0x7a
core   0: 0x800049d0 (0x00525a93) srli    s5, tp, 5
core   0: 3 0x800049d0 (0x00525a93) x21 0x04000aa5
core   0: 0x800049d4 (0x412d09b3) sub     s3, s10, s2
core   0: 3 0x800049d4 (0x412d09b3) x19 0x80022dbe
core   0: 0x800049d8 (0xf7874f03) lbu     t5, -136(a4)
core   0: 3 0x800049d8 (0xf7874f03) x30 0x000000ac mem 0x8001b5d1
core   0: 0x800049dc (0x0ac74883) lbu     a7, 172(a4)
core   0: 3 0x800049dc (0x0ac74883) x17 0x00000037 mem 0x8001b705
core   0: 0x800049e0 (0x00aaefb3) or      t6, s5, a0
core   0: 3 0x800049e0 (0x00aaefb3) x31 0x04000ab5
core   0: 0x800049e4 (0xea591b97) auipc   s7, 0xea591
core   0: 3 0x800049e4 (0xea591b97) x23 0x6a5959e4
core   0: 0x800049e8 (0x1da7a013) slti    zero, a5, 474
core   0: 3 0x800049e8 (0x1da7a013)
core   0: 0x800049ec (0x2ddf4a13) xori    s4, t5, 733
core   0: 3 0x800049ec (0x2ddf4a13) x20 0x00000271
core   0: 0x800049f0 (0xf2e74483) lbu     s1, -210(a4)
core   0: 3 0x800049f0 (0xf2e74483) x 9 0x0000003b mem 0x8001b587
core   0: 0x800049f4 (0xf04715a3) sh      tp, -245(a4)
core   0: 3 0x800049f4 (0xf04715a3) mem 0x8001b564 0x54aa
core   0: 0x800049f8 (0x0000100f) fence.i
core   0: 3 0x800049f8 (0x0000100f)
core   0: 0x800049fc (0x0ff0000f) fence   iorw,iorw
core   0: 3 0x800049fc (0x0ff0000f)
core   0: 0x80004a00 (0xfff70ca3) sb      t6, -7(a4)
core   0: 3 0x80004a00 (0xfff70ca3) mem 0x8001b652 0xb5
core   0: 0x80004a04 (0x0e271da3) sh      sp, 251(a4)
core   0: 3 0x80004a04 (0x0e271da3) mem 0x8001b754 0xae64
core   0: 0x80004a08 (0xfe870503) lb      a0, -24(a4)
core   0: 3 0x80004a08 (0xfe870503) x10 0xffffffee mem 0x8001b641
core   0: 0x80004a0c (0xf9d75e03) lhu     t3, -99(a4)
core   0: 3 0x80004a0c (0xf9d75e03) x28 0x0000d1aa mem 0x8001b5f6
core   0: 0x80004a10 (0xf0e74503) lbu     a0, -242(a4)
core   0: 3 0x80004a10 (0xf0e74503) x10 0x00000048 mem 0x8001b567
core   0: 0x80004a14 (0x001c4433) xor     s0, s8, ra
core   0: 3 0x80004a14 (0x001c4433) x 8 0x0000006f
core   0: 0x80004a18 (0x02570023) sb      t0, 32(a4)
core   0: 3 0x80004a18 (0x02570023) mem 0x8001b679 0x0
core   0: 0x80004a1c (0xf15704a3) sb      s5, -247(a4)
core   0: 3 0x80004a1c (0xf15704a3) mem 0x8001b562 0xa5
core   0: 0x80004a20 (0x40e85f13) srai    t5, a6, 14
core   0: 3 0x80004a20 (0x40e85f13) x30 0x00000001
core   0: 0x80004a24 (0x0ff0000f) fence   iorw,iorw
core   0: 3 0x80004a24 (0x0ff0000f)
core   0: 0x80004a28 (0xfc371083) lh      ra, -61(a4)
core   0: 3 0x80004a28 (0xfc371083) x 1 0xffff98d0 mem 0x8001b61c
core   0: 0x80004a2c (0xfa975f03) lhu     t5, -87(a4)
core   0: 3 0x80004a2c (0xfa975f03) x30 0x0000a45d mem 0x8001b602
core   0: 0x80004a30 (0x00bf8bb3) add     s7, t6, a1
core   0: 3 0x80004a30 (0x00bf8bb3) x23 0x8402f799
core   0: 0x80004a34 (0xf9975983) lhu     s3, -103(a4)
core   0: 3 0x80004a34 (0xf9975983) x19 0x00007910 mem 0x8001b5f2
core   0: 0x80004a38 (0x0a474783) lbu     a5, 164(a4)
core   0: 3 0x80004a38 (0x0a474783) x15 0x000000fc mem 0x8001b6fd
core   0: 0x80004a3c (0xf8770623) sb      t2, -116(a4)
core   0: 3 0x80004a3c (0xf8770623) mem 0x8001b5e5 0x0
core   0: 0x80004a40 (0x0cd74303) lbu     t1, 205(a4)
core   0: 3 0x80004a40 (0x0cd74303) x 6 0x000000cb mem 0x8001b726
core   0: 0x80004a44 (0xfe270783) lb      a5, -30(a4)
core   0: 3 0x80004a44 (0xfe270783) x15 0xffffff88 mem 0x8001b63b
core   0: 0x80004a48 (0xfd074303) lbu     t1, -48(a4)
core   0: 3 0x80004a48 (0xfd074303) x 6 0x0000009d mem 0x8001b629
core   0: 0x80004a4c (0x0e771d03) lh      s10, 231(a4)
core   0: 3 0x80004a4c (0x0e771d03) x26 0xffffdfa7 mem 0x8001b740
core   0: 0x80004a50 (0x06174e83) lbu     t4, 97(a4)
core   0: 3 0x80004a50 (0x06174e83) x29 0x00000049 mem 0x8001b6ba
core   0: 0x80004a54 (0x02263b93) sltiu   s7, a2, 34
core   0: 3 0x80004a54 (0x02263b93) x23 0x00000001
core   0: 0x80004a58 (0xfd270d83) lb      s11, -46(a4)
core   0: 3 0x80004a58 (0xfd270d83) x27 0xffffffea mem 0x8001b62b
core   0: 0x80004a5c (0x0001c517) auipc   a0, 0x1c
core   0: 3 0x80004a5c (0x0001c517) x10 0x80020a5c
core   0: 0x80004a60 (0x81f50513) addi    a0, a0, -2017
core   0: 3 0x80004a60 (0x81f50513) x10 0x8002027b
core   0: 0x80004a64 (0x00654d03) lbu     s10, 6(a0)
core   0: 3 0x80004a64 (0x00654d03) x26 0x00000025 mem 0x80020281
core   0: 0x80004a68 (0x00654f03) lbu     t5, 6(a0)
core   0: 3 0x80004a68 (0x00654f03) x30 0x00000025 mem 0x80020281
core   0: 0x80004a6c (0x00650183) lb      gp, 6(a0)
core   0: 3 0x80004a6c (0x00650183) x 3 0x00000025 mem 0x80020281
core   0: 0x80004a70 (0x00350323) sb      gp, 6(a0)
core   0: 3 0x80004a70 (0x00350323) mem 0x80020281 0x25
core   0: 0x80004a74 (0x00654003) lbu     zero, 6(a0)
core   0: 3 0x80004a74 (0x00654003) mem 0x80020281
core   0: 0x80004a78 (0x00654b83) lbu     s7, 6(a0)
core   0: 3 0x80004a78 (0x00654b83) x23 0x00000025 mem 0x80020281
core   0: 0x80004a7c (0xd3187e13) andi    t3, a6, -719
core   0: 3 0x80004a7c (0xd3187e13) x28 0x00004430
core   0: 0x80004a80 (0x00650f03) lb      t5, 6(a0)
core   0: 3 0x80004a80 (0x00650f03) x30 0x00000025 mem 0x80020281
core   0: 0x80004a84 (0x01250323) sb      s2, 6(a0)
core   0: 3 0x80004a84 (0x01250323) mem 0x80020281 0x0
core   0: 0x80004a88 (0x00e50323) sb      a4, 6(a0)
core   0: 3 0x80004a88 (0x00e50323) mem 0x80020281 0x59
core   0: 0x80004a8c (0x00950723) sb      s1, 14(a0)
core   0: 3 0x80004a8c (0x00950723) mem 0x80020289 0x3b
core   0: 0x80004a90 (0x00e54c83) lbu     s9, 14(a0)
core   0: 3 0x80004a90 (0x00e54c83) x25 0x0000003b mem 0x80020289
core   0: 0x80004a94 (0x00e54f03) lbu     t5, 14(a0)
core   0: 3 0x80004a94 (0x00e54f03) x30 0x0000003b mem 0x80020289
core   0: 0x80004a98 (0x00f512a3) sh      a5, 5(a0)
core   0: 3 0x80004a98 (0x00f512a3) mem 0x80020280 0xff88
core   0: 0x80004a9c (0x012522a3) sw      s2, 5(a0)
core   0: 3 0x80004a9c (0x012522a3) mem 0x80020280 0x00000000
core   0: 0x80004aa0 (0x00f522a3) sw      a5, 5(a0)
core   0: 3 0x80004aa0 (0x00f522a3) mem 0x80020280 0xffffff88
core   0: 0x80004aa4 (0x00a502a3) sb      a0, 5(a0)
core   0: 3 0x80004aa4 (0x00a502a3) mem 0x80020280 0x7b
core   0: 0x80004aa8 (0x006502a3) sb      t1, 5(a0)
core   0: 3 0x80004aa8 (0x006502a3) mem 0x80020280 0x9d
core   0: 0x80004aac (0x00555b83) lhu     s7, 5(a0)
core   0: 3 0x80004aac (0x00555b83) x23 0x0000ff9d mem 0x80020280
core   0: 0x80004ab0 (0x013502a3) sb      s3, 5(a0)
core   0: 3 0x80004ab0 (0x013502a3) mem 0x80020280 0x10
core   0: 0x80004ab4 (0x00554a03) lbu     s4, 5(a0)
core   0: 3 0x80004ab4 (0x00554a03) x20 0x00000010 mem 0x80020280
core   0: 0x80004ab8 (0x00011217) auipc   tp, 0x11
core   0: 3 0x80004ab8 (0x00011217) x 4 0x80015ab8
core   0: 0x80004abc (0xe2620213) addi    tp, tp, -474
core   0: 3 0x80004abc (0xe2620213) x 4 0x800158de
core   0: 0x80004ac0 (0x11a21083) lh      ra, 282(tp)
core   0: 3 0x80004ac0 (0x11a21083) x 1 0xfffff478 mem 0x800159f8
core   0: 0x80004ac4 (0x89c20a23) sb      t3, -1900(tp)
core   0: 3 0x80004ac4 (0x89c20a23) mem 0x80015172 0x30
core   0: 0x80004ac8 (0x018afbb3) and     s7, s5, s8
core   0: 3 0x80004ac8 (0x018afbb3) x23 0x00000025
core   0: 0x80004acc (0x31320423) sb      s3, 776(tp)
core   0: 3 0x80004acc (0x31320423) mem 0x80015be6 0x10
core   0: 0x80004ad0 (0x0045a733) slt     a4, a1, tp
core   0: 3 0x80004ad0 (0x0045a733) x14 0x00000000
core   0: 0x80004ad4 (0x00a79893) slli    a7, a5, 10
core   0: 3 0x80004ad4 (0x00a79893) x17 0xfffe2000
core   0: 0x80004ad8 (0x76a7c613) xori    a2, a5, 1898
core   0: 3 0x80004ad8 (0x76a7c613) x12 0xfffff8e2
core   0: 0x80004adc (0x0093dc33) srl     s8, t2, s1
core   0: 3 0x80004adc (0x0093dc33) x24 0x00000014
core   0: 0x80004ae0 (0x3b6f7813) andi    a6, t5, 950
core   0: 3 0x80004ae0 (0x3b6f7813) x16 0x00000032
core   0: 0x80004ae4 (0x0003e2b3) or      t0, t2, zero
core   0: 3 0x80004ae4 (0x0003e2b3) x 5 0xa3487000
core   0: 0x80004ae8 (0x002a96b3) sll     a3, s5, sp
core   0: 3 0x80004ae8 (0x002a96b3) x13 0x4000aa50
core   0: 0x80004aec (0x00871313) slli    t1, a4, 8
core   0: 3 0x80004aec (0x00871313) x 6 0x00000000
core   0: 0x80004af0 (0x004940b3) xor     ra, s2, tp
core   0: 3 0x80004af0 (0x004940b3) x 1 0x800158de
core   0: 0x80004af4 (0x404202b3) sub     t0, tp, tp
core   0: 3 0x80004af4 (0x404202b3) x 5 0x00000000
core   0: 0x80004af8 (0x01b61833) sll     a6, a2, s11
core   0: 3 0x80004af8 (0x01b61833) x16 0xffe38800
core   0: 0x80004afc (0x67225d03) lhu     s10, 1650(tp)
core   0: 3 0x80004afc (0x67225d03) x26 0x00004b64 mem 0x80015f50
core   0: 0x80004b00 (0x002ba733) slt     a4, s7, sp
core   0: 3 0x80004b00 (0x002ba733) x14 0x00000000
core   0: 0x80004b04 (0x01d20883) lb      a7, 29(tp)
core   0: 3 0x80004b04 (0x01d20883) x17 0x00000061 mem 0x800158fb
core   0: 0x80004b08 (0xe4b20883) lb      a7, -437(tp)
core   0: 3 0x80004b08 (0xe4b20883) x17 0x00000076 mem 0x80015729
core   0: 0x80004b0c (0x0ff0000f) fence   iorw,iorw
core   0: 3 0x80004b0c (0x0ff0000f)
core   0: 0x80004b10 (0x0192f4b3) and     s1, t0, s9
core   0: 3 0x80004b10 (0x0192f4b3) x 9 0x00000000
core   0: 0x80004b14 (0x0ff0000f) fence   iorw,iorw
core   0: 3 0x80004b14 (0x0ff0000f)
core   0: 0x80004b18 (0xd3221e03) lh      t3, -718(tp)
core   0: 3 0x80004b18 (0xd3221e03) x28 0xffffcb5d mem 0x80015610
core   0: 0x80004b1c (0x0024d713) srli    a4, s1, 2
core   0: 3 0x80004b1c (0x0024d713) x14 0x00000000
core   0: 0x80004b20 (0x0112dcb3) srl     s9, t0, a7
core   0: 3 0x80004b20 (0x0112dcb3) x25 0x00000000
core   0: 0x80004b24 (0x99dcae13) slti    t3, s9, -1635
core   0: 3 0x80004b24 (0x99dcae13) x28 0x00000000
core   0: 0x80004b28 (0x0d520ca3) sb      s5, 217(tp)
core   0: 3 0x80004b28 (0x0d520ca3) mem 0x800159b7 0xa5
core   0: 0x80004b2c (0x00000013) nop
core   0: 3 0x80004b2c (0x00000013)
core   0: 0x80004b30 (0xea924483) lbu     s1, -343(tp)
core   0: 3 0x80004b30 (0xea924483) x 9 0x00000019 mem 0x80015787
core   0: 0x80004b34 (0x4678f313) andi    t1, a7, 1127
core   0: 3 0x80004b34 (0x4678f313) x 6 0x00000066
core   0: 0x80004b38 (0x010622b3) slt     t0, a2, a6
core   0: 3 0x80004b38 (0x010622b3) x 5 0x00000000
core   0: 0x80004b3c (0x48b24803) lbu     a6, 1163(tp)
core   0: 3 0x80004b3c (0x48b24803) x16 0x00000020 mem 0x80015d69
core   0: 0x80004b40 (0x0000100f) fence.i
core   0: 3 0x80004b40 (0x0000100f)
core   0: 0x80004b44 (0x06a206a3) sb      a0, 109(tp)
core   0: 3 0x80004b44 (0x06a206a3) mem 0x8001594b 0x7b
core   0: 0x80004b48 (0x5eca8617) auipc   a2, 0x5eca8
core   0: 3 0x80004b48 (0x5eca8617) x12 0xdecacb48
core   0: 0x80004b4c (0x01c6a533) slt     a0, a3, t3
core   0: 3 0x80004b4c (0x01c6a533) x10 0x00000000
core   0: 0x80004b50 (0x00e8d293) srli    t0, a7, 14
core   0: 3 0x80004b50 (0x00e8d293) x 5 0x00000000
core   0: 0x80004b54 (0x01759bb3) sll     s7, a1, s7
core   0: 3 0x80004b54 (0x01759bb3) x23 0x005d9c80
core   0: 0x80004b58 (0x0000100f) fence.i
core   0: 3 0x80004b58 (0x0000100f)
core   0: 0x80004b5c (0x01901d93) slli    s11, zero, 25
core   0: 3 0x80004b5c (0x01901d93) x27 0x00000000
core   0: 0x80004b60 (0x007d9a13) slli    s4, s11, 7
core   0: 3 0x80004b60 (0x007d9a13) x20 0x00000000
core   0: 0x80004b64 (0x9a520ba3) sb      t0, -1609(tp)
core   0: 3 0x80004b64 (0x9a520ba3) mem 0x80015295 0x0
core   0: 0x80004b68 (0x00010797) auipc   a5, 0x10
core   0: 3 0x80004b68 (0x00010797) x15 0x80014b68
core   0: 0x80004b6c (0x6ae78793) addi    a5, a5, 1710
core   0: 3 0x80004b6c (0x6ae78793) x15 0x80015216
core   0: 0x80004b70 (0x00016f17) auipc   t5, 0x16
core   0: 3 0x80004b70 (0x00016f17) x30 0x8001ab70
core   0: 0x80004b74 (0xe01f0f13) addi    t5, t5, -511
core   0: 3 0x80004b74 (0xe01f0f13) x30 0x8001a971
core   0: 0x80004b78 (0xfa9f01a3) sb      s1, -93(t5)
core   0: 3 0x80004b78 (0xfa9f01a3) mem 0x8001a914 0x19
core   0: 0x80004b7c (0x0f17af23) sw      a7, 254(a5)
core   0: 3 0x80004b7c (0x0f17af23) mem 0x80015314 0x00000076
core   0: 0x80004b80 (0xfd4f4703) lbu     a4, -44(t5)
core   0: 3 0x80004b80 (0xfd4f4703) x14 0x000000fa mem 0x8001a945
core   0: 0x80004b84 (0x0aff1683) lh      a3, 175(t5)
core   0: 3 0x80004b84 (0x0aff1683) x13 0xffffdc63 mem 0x8001aa20
core   0: 0x80004b88 (0x05d7ab23) sw      t4, 86(a5)
core   0: 3 0x80004b88 (0x05d7ab23) mem 0x8001526c 0x00000049
core   0: 0x80004b8c (0x0f2f4503) lbu     a0, 242(t5)
core   0: 3 0x80004b8c (0x0f2f4503) x10 0x00000079 mem 0x8001aa63
core   0: 0x80004b90 (0x0fe79503) lh      a0, 254(a5)
core   0: 3 0x80004b90 (0x0fe79503) x10 0x00000076 mem 0x80015314
core   0: 0x80004b94 (0x0c4f02a3) sb      tp, 197(t5)
core   0: 3 0x80004b94 (0x0c4f02a3) mem 0x8001aa36 0xde
core   0: 0x80004b98 (0x092783a3) sb      s2, 135(a5)
core   0: 3 0x80004b98 (0x092783a3) mem 0x8001529d 0x0
core   0: 0x80004b9c (0xf8c7da03) lhu     s4, -116(a5)
core   0: 3 0x80004b9c (0xf8c7da03) x20 0x00009a02 mem 0x800151a2
core   0: 0x80004ba0 (0xf2df1483) lh      s1, -211(t5)
core   0: 3 0x80004ba0 (0xf2df1483) x 9 0xffffe676 mem 0x8001a89e
core   0: 0x80004ba4 (0xf997c283) lbu     t0, -103(a5)
core   0: 3 0x80004ba4 (0xf997c283) x 5 0x0000000d mem 0x800151af
core   0: 0x80004ba8 (0x026f4903) lbu     s2, 38(t5)
core   0: 3 0x80004ba8 (0x026f4903) x18 0x000000a0 mem 0x8001a997
core   0: 0x80004bac (0x00017897) auipc   a7, 0x17
core   0: 3 0x80004bac (0x00017897) x17 0x8001bbac
core   0: 0x80004bb0 (0x22a88893) addi    a7, a7, 554
core   0: 3 0x80004bb0 (0x22a88893) x17 0x8001bdd6
core   0: 0x80004bb4 (0x00554833) xor     a6, a0, t0
core   0: 3 0x80004bb4 (0x00554833) x16 0x0000007b
core   0: 0x80004bb8 (0x017d92b3) sll     t0, s11, s7
core   0: 3 0x80004bb8 (0x017d92b3) x 5 0x00000000
core   0: 0x80004bbc (0x40ab5433) sra     s0, s6, a0
core   0: 3 0x80004bbc (0x40ab5433) x 8 0xfffffff9
core   0: 0x80004bc0 (0xff388503) lb      a0, -13(a7)
core   0: 3 0x80004bc0 (0xff388503) x10 0x00000004 mem 0x8001bdc9
core   0: 0x80004bc4 (0x00d40cb3) add     s9, s0, a3
core   0: 3 0x80004bc4 (0x00d40cb3) x25 0xffffdc5c
core   0: 0x80004bc8 (0xff9888a3) sb      s9, -15(a7)
core   0: 3 0x80004bc8 (0xff9888a3) mem 0x8001bdc7 0x5c
core   0: 0x80004bcc (0x0098c483) lbu     s1, 9(a7)
core   0: 3 0x80004bcc (0x0098c483) x 9 0x000000b6 mem 0x8001bddf
core   0: 0x80004bd0 (0x00388c03) lb      s8, 3(a7)
core   0: 3 0x80004bd0 (0x00388c03) x24 0x0000005f mem 0x8001bdd9
core   0: 0x80004bd4 (0x0088c783) lbu     a5, 8(a7)
core   0: 3 0x80004bd4 (0x0088c783) x15 0x00000003 mem 0x8001bdde
core   0: 0x80004bd8 (0xfed88fa3) sb      a3, -1(a7)
core   0: 3 0x80004bd8 (0xfed88fa3) mem 0x8001bdd5 0x63
core   0: 0x80004bdc (0x404d8633) sub     a2, s11, tp
core   0: 3 0x80004bdc (0x404d8633) x12 0x7ffea722
core   0: 0x80004be0 (0x00a8cd83) lbu     s11, 10(a7)
core   0: 3 0x80004be0 (0x00a8cd83) x27 0x000000e3 mem 0x8001bde0
core   0: 0x80004be4 (0x01488023) sb      s4, 0(a7)
core   0: 3 0x80004be4 (0x01488023) mem 0x8001bdd6 0x2
core   0: 0x80004be8 (0x0114d093) srli    ra, s1, 17
core   0: 3 0x80004be8 (0x0114d093) x 1 0x00000000
core   0: 0x80004bec (0xffa88ba3) sb      s10, -9(a7)
core   0: 3 0x80004bec (0xffa88ba3) mem 0x8001bdcd 0x64
core   0: 0x80004bf0 (0xfff88923) sb      t6, -14(a7)
core   0: 3 0x80004bf0 (0xfff88923) mem 0x8001bdc8 0xb5
core   0: 0x80004bf4 (0x01d883a3) sb      t4, 7(a7)
core   0: 3 0x80004bf4 (0x01d883a3) mem 0x8001bddd 0x49
core   0: 0x80004bf8 (0x0158a723) sw      s5, 14(a7)
core   0: 3 0x80004bf8 (0x0158a723) mem 0x8001bde4 0x04000aa5
core   0: 0x80004bfc (0x20230493) addi    s1, t1, 514
core   0: 3 0x80004bfc (0x20230493) x 9 0x00000268
core   0: 0x80004c00 (0x00a8ae03) lw      t3, 10(a7)
core   0: 3 0x80004c00 (0x00a8ae03) x28 0xfde66ee3 mem 0x8001bde0
core   0: 0x80004c04 (0x00eeb7b3) sltu    a5, t4, a4
core   0: 3 0x80004c04 (0x00eeb7b3) x15 0x00000001
core   0: 0x80004c08 (0x18054d93) xori    s11, a0, 384
core   0: 3 0x80004c08 (0x18054d93) x27 0x00000184
core   0: 0x80004c0c (0x41c7d0b3) sra     ra, a5, t3
core   0: 3 0x80004c0c (0x41c7d0b3) x 1 0x00000000
core   0: 0x80004c10 (0xff488d03) lb      s10, -12(a7)
core   0: 3 0x80004c10 (0xff488d03) x26 0xffffffa3 mem 0x8001bdca
core   0: 0x80004c14 (0x00e8ca03) lbu     s4, 14(a7)
core   0: 3 0x80004c14 (0x00e8ca03) x20 0x000000a5 mem 0x8001bde4
core   0: 0x80004c18 (0xffa88aa3) sb      s10, -11(a7)
core   0: 3 0x80004c18 (0xffa88aa3) mem 0x8001bdcb 0xa3
core   0: 0x80004c1c (0x00188a83) lb      s5, 1(a7)
core   0: 3 0x80004c1c (0x00188a83) x21 0x0000000d mem 0x8001bdd7
core   0: 0x80004c20 (0xfff88f83) lb      t6, -1(a7)
core   0: 3 0x80004c20 (0xfff88f83) x31 0x00000063 mem 0x8001bdd5
core   0: 0x80004c24 (0x0068dd03) lhu     s10, 6(a7)
core   0: 3 0x80004c24 (0x0068dd03) x26 0x0000496f mem 0x8001bddc
core   0: 0x80004c28 (0x01388523) sb      s3, 10(a7)
core   0: 3 0x80004c28 (0x01388523) mem 0x8001bde0 0x10
core   0: 0x80004c2c (0x0020d3b3) srl     t2, ra, sp
core   0: 3 0x80004c2c (0x0020d3b3) x 7 0x00000000
core   0: 0x80004c30 (0x01088083) lb      ra, 16(a7)
core   0: 3 0x80004c30 (0x01088083) x 1 0x00000000 mem 0x8001bde6
core   0: 0x80004c34 (0x00ad4933) xor     s2, s10, a0
core   0: 3 0x80004c34 (0x00ad4933) x18 0x0000496b
core   0: 0x80004c38 (0x413b0db3) sub     s11, s6, s3
core   0: 3 0x80004c38 (0x413b0db3) x27 0xfe61424c
core   0: 0x80004c3c (0xffd8ce83) lbu     t4, -3(a7)
core   0: 3 0x80004c3c (0xffd8ce83) x29 0x00000073 mem 0x8001bdd3
core   0: 0x80004c40 (0x01b89033) sll     zero, a7, s11
core   0: 3 0x80004c40 (0x01b89033)
core   0: 0x80004c44 (0x00641333) sll     t1, s0, t1
core   0: 3 0x80004c44 (0x00641333) x 6 0xfffffe40
core   0: 0x80004c48 (0xffe8c403) lbu     s0, -2(a7)
core   0: 3 0x80004c48 (0xffe8c403) x 8 0x000000e6 mem 0x8001bdd4
core   0: 0x80004c4c (0x958efe93) andi    t4, t4, -1704
core   0: 3 0x80004c4c (0x958efe93) x29 0x00000050
core   0: 0x80004c50 (0x00a8d983) lhu     s3, 10(a7)
core   0: 3 0x80004c50 (0x00a8d983) x19 0x00006e10 mem 0x8001bde0
core   0: 0x80004c54 (0xffe8ad23) sw      t5, -6(a7)
core   0: 3 0x80004c54 (0xffe8ad23) mem 0x8001bdd0 0x8001a971
core   0: 0x80004c58 (0x00b55393) srli    t2, a0, 11
core   0: 3 0x80004c58 (0x00b55393) x 7 0x00000000
core   0: 0x80004c5c (0x009c2fb3) slt     t6, s8, s1
core   0: 3 0x80004c5c (0x009c2fb3) x31 0x00000001
core   0: 0x80004c60 (0x0000100f) fence.i
core   0: 3 0x80004c60 (0x0000100f)
core   0: 0x80004c64 (0x7ab44713) xori    a4, s0, 1963
core   0: 3 0x80004c64 (0x7ab44713) x14 0x0000074d
core   0: 0x80004c68 (0x0000100f) fence.i
core   0: 3 0x80004c68 (0x0000100f)
core   0: 0x80004c6c (0xff588603) lb      a2, -11(a7)
core   0: 3 0x80004c6c (0xff588603) x12 0xffffffa3 mem 0x8001bdcb
core   0: 0x80004c70 (0xfff88283) lb      t0, -1(a7)
core   0: 3 0x80004c70 (0xfff88283) x 5 0x00000063 mem 0x8001bdd5
core   0: 0x80004c74 (0x81f20193) addi    gp, tp, -2017
core   0: 3 0x80004c74 (0x81f20193) x 3 0x800150fd
core   0: 0x80004c78 (0xffa89a83) lh      s5, -6(a7)
core   0: 3 0x80004c78 (0xffa89a83) x21 0xffffa971 mem 0x8001bdd0
core   0: 0x80004c7c (0x0001bc97) auipc   s9, 0x1b
core   0: 3 0x80004c7c (0x0001bc97) x25 0x8001fc7c
core   0: 0x80004c80 (0x0f7c8c93) addi    s9, s9, 247
core   0: 3 0x80004c80 (0x0f7c8c93) x25 0x8001fd73
core   0: 0x80004c84 (0xffec8603) lb      a2, -2(s9)
core   0: 3 0x80004c84 (0xffec8603) x12 0x0000003a mem 0x8001fd71
core   0: 0x80004c88 (0x60328e13) addi    t3, t0, 1539
core   0: 3 0x80004c88 (0x60328e13) x28 0x00000666
core   0: 0x80004c8c (0x016c8903) lb      s2, 22(s9)
core   0: 3 0x80004c8c (0x016c8903) x18 0xffffffa2 mem 0x8001fd89
core   0: 0x80004c90 (0x02acc283) lbu     t0, 42(s9)
core   0: 3 0x80004c90 (0x02acc283) x 5 0x00000047 mem 0x8001fd9d
core   0: 0x80004c94 (0xffacca03) lbu     s4, -6(s9)
core   0: 3 0x80004c94 (0xffacca03) x20 0x0000003f mem 0x8001fd6d
core   0: 0x80004c98 (0xffccc183) lbu     gp, -4(s9)
core   0: 3 0x80004c98 (0xffccc183) x 3 0x00000056 mem 0x8001fd6f
core   0: 0x80004c9c (0x0ff0000f) fence   iorw,iorw
core   0: 3 0x80004c9c (0x0ff0000f)
core   0: 0x80004ca0 (0xa99390b7) lui     ra, 0xa9939
core   0: 3 0x80004ca0 (0xa99390b7) x 1 0xa9939000
core   0: 0x80004ca4 (0x01bc8b83) lb      s7, 27(s9)
core   0: 3 0x80004ca4 (0x01bc8b83) x23 0xffffffae mem 0x8001fd8e
core   0: 0x80004ca8 (0x01ec8803) lb      a6, 30(s9)
core   0: 3 0x80004ca8 (0x01ec8803) x16 0x00000016 mem 0x8001fd91
core   0: 0x80004cac (0x03fcd483) lhu     s1, 63(s9)
core   0: 3 0x80004cac (0x03fcd483) x 9 0x0000e750 mem 0x8001fdb2
core   0: 0x80004cb0 (0xb33c5217) auipc   tp, 0xb33c5
core   0: 3 0x80004cb0 (0xb33c5217) x 4 0x333c9cb0
core   0: 0x80004cb4 (0x013cd083) lhu     ra, 19(s9)
core   0: 3 0x80004cb4 (0x013cd083) x 1 0x00006c2b mem 0x8001fd86
core   0: 0x80004cb8 (0x037cd783) lhu     a5, 55(s9)
core   0: 3 0x80004cb8 (0x037cd783) x15 0x000033b5 mem 0x8001fdaa
core   0: 0x80004cbc (0x00000013) nop
core   0: 3 0x80004cbc (0x00000013)
core   0: 0x80004cc0 (0xfd0c8703) lb      a4, -48(s9)
core   0: 3 0x80004cc0 (0xfd0c8703) x14 0x00000022 mem 0x8001fd43
core   0: 0x80004cc4 (0x4109d1b3) sra     gp, s3, a6
core   0: 3 0x80004cc4 (0x4109d1b3) x 3 0x00000000
core   0: 0x80004cc8 (0x2d2abd13) sltiu   s10, s5, 722
core   0: 3 0x80004cc8 (0x2d2abd13) x26 0x00000000
core   0: 0x80004ccc (0x01aa9493) slli    s1, s5, 26
core   0: 3 0x80004ccc (0x01aa9493) x 9 0xc4000000
core   0: 0x80004cd0 (0x00e032b3) snez    t0, a4
core   0: 3 0x80004cd0 (0x00e032b3) x 5 0x00000001
core   0: 0x80004cd4 (0x01ed37b3) sltu    a5, s10, t5
core   0: 3 0x80004cd4 (0x01ed37b3) x15 0x00000001
core   0: 0x80004cd8 (0xdca0a737) lui     a4, 0xdca0a
core   0: 3 0x80004cd8 (0xdca0a737) x14 0xdca0a000
core   0: 0x80004cdc (0xfccc8903) lb      s2, -52(s9)
core   0: 3 0x80004cdc (0xfccc8903) x18 0xffffffad mem 0x8001fd3f
core   0: 0x80004ce0 (0x81227e93) andi    t4, tp, -2030
core   0: 3 0x80004ce0 (0x81227e93) x29 0x333c9810
core   0: 0x80004ce4 (0x012e6833) or      a6, t3, s2
core   0: 3 0x80004ce4 (0x012e6833) x16 0xffffffef
core   0: 0x80004ce8 (0x016c8923) sb      s6, 18(s9)
core   0: 3 0x80004ce8 (0x016c8923) mem 0x8001fd85 0x5c
core   0: 0x80004cec (0x02ac8183) lb      gp, 42(s9)
core   0: 3 0x80004cec (0x02ac8183) x 3 0x00000047 mem 0x8001fd9d
core   0: 0x80004cf0 (0xfebcd603) lhu     a2, -21(s9)
core   0: 3 0x80004cf0 (0xfebcd603) x12 0x00000b5c mem 0x8001fd5e
core   0: 0x80004cf4 (0x00000013) nop
core   0: 3 0x80004cf4 (0x00000013)
core   0: 0x80004cf8 (0xfc0ca2a3) sw      zero, -59(s9)
core   0: 3 0x80004cf8 (0xfc0ca2a3) mem 0x8001fd38 0x00000000
core   0: 0x80004cfc (0xd5b62613) slti    a2, a2, -677
core   0: 3 0x80004cfc (0xd5b62613) x12 0x00000000
core   0: 0x80004d00 (0x00000013) nop
core   0: 3 0x80004d00 (0x00000013)
core   0: 0x80004d04 (0x000c8e23) sb      zero, 28(s9)
core   0: 3 0x80004d04 (0x000c8e23) mem 0x8001fd8f 0x0
core   0: 0x80004d08 (0x015c9303) lh      t1, 21(s9)
core   0: 3 0x80004d08 (0x015c9303) x 6 0xffffa25d mem 0x8001fd88
core   0: 0x80004d0c (0x028cce03) lbu     t3, 40(s9)
core   0: 3 0x80004d0c (0x028cce03) x28 0x00000046 mem 0x8001fd9b
core   0: 0x80004d10 (0x0001e897) auipc   a7, 0x1e
core   0: 3 0x80004d10 (0x0001e897) x17 0x80022d10
core   0: 0x80004d14 (0x3d688893) addi    a7, a7, 982
core   0: 3 0x80004d14 (0x3d688893) x17 0x800230e6
core   0: 0x80004d18 (0xfec88ba3) sb      a2, -9(a7)
core   0: 3 0x80004d18 (0xfec88ba3) mem 0x800230dd 0x0
core   0: 0x80004d1c (0xff788ba3) sb      s7, -9(a7)
core   0: 3 0x80004d1c (0xff788ba3) mem 0x800230dd 0xae
core   0: 0x80004d20 (0x0378c603) lbu     a2, 55(a7)
core   0: 3 0x80004d20 (0x0378c603) x12 0x000000c9 mem 0x8002311d
core   0: 0x80004d24 (0x03788483) lb      s1, 55(a7)
core   0: 3 0x80004d24 (0x03788483) x 9 0xffffffc9 mem 0x8002311d
core   0: 0x80004d28 (0xfd48d383) lhu     t2, -44(a7)
core   0: 3 0x80004d28 (0xfd48d383) x 7 0x00009790 mem 0x800230ba
core   0: 0x80004d2c (0xfd488a83) lb      s5, -44(a7)
core   0: 3 0x80004d2c (0xfd488a83) x21 0xffffff90 mem 0x800230ba
core   0: 0x80004d30 (0x01688d83) lb      s11, 22(a7)
core   0: 3 0x80004d30 (0x01688d83) x27 0x00000035 mem 0x800230fc
core   0: 0x80004d34 (0x00c8ab23) sw      a2, 22(a7)
core   0: 3 0x80004d34 (0x00c8ab23) mem 0x800230fc 0x000000c9
core   0: 0x80004d38 (0x0168dd03) lhu     s10, 22(a7)
core   0: 3 0x80004d38 (0x0168dd03) x26 0x000000c9 mem 0x800230fc
core   0: 0x80004d3c (0x015b1b93) slli    s7, s6, 21
core   0: 3 0x80004d3c (0x015b1b93) x23 0x6b800000
core   0: 0x80004d40 (0x0168c283) lbu     t0, 22(a7)
core   0: 3 0x80004d40 (0x0168c283) x 5 0x000000c9 mem 0x800230fc
core   0: 0x80004d44 (0x0168d403) lhu     s0, 22(a7)
core   0: 3 0x80004d44 (0x0168d403) x 8 0x000000c9 mem 0x800230fc
core   0: 0x80004d48 (0x02388f83) lb      t6, 35(a7)
core   0: 3 0x80004d48 (0x02388f83) x31 0x00000060 mem 0x80023109
core   0: 0x80004d4c (0xff689323) sh      s6, -26(a7)
core   0: 3 0x80004d4c (0xff689323) mem 0x800230cc 0xbb5c
core   0: 0x80004d50 (0x0098cd83) lbu     s11, 9(a7)
core   0: 3 0x80004d50 (0x0098cd83) x27 0x000000ec mem 0x800230ef
core   0: 0x80004d54 (0x00013c17) auipc   s8, 0x13
core   0: 3 0x80004d54 (0x00013c17) x24 0x80017d54
core   0: 0x80004d58 (0xcb0c0c13) addi    s8, s8, -848
core   0: 3 0x80004d58 (0xcb0c0c13) x24 0x80017a04
core   0: 0x80004d5c (0x406c8bb3) sub     s7, s9, t1
core   0: 3 0x80004d5c (0x406c8bb3) x23 0x80025b16
core   0: 0x80004d60 (0x01b940b3) xor     ra, s2, s11
core   0: 3 0x80004d60 (0x01b940b3) x 1 0xffffff41
core   0: 0x80004d64 (0xfe3c0303) lb      t1, -29(s8)
core   0: 3 0x80004d64 (0xfe3c0303) x 6 0x0000001c mem 0x800179e7
core   0: 0x80004d68 (0x01bc0d03) lb      s10, 27(s8)
core   0: 3 0x80004d68 (0x01bc0d03) x26 0xffffffa1 mem 0x80017a1f
core   0: 0x80004d6c (0x00839a33) sll     s4, t2, s0
core   0: 3 0x80004d6c (0x00839a33) x20 0x012f2000
core   0: 0x80004d70 (0xa79c4c93) xori    s9, s8, -1415
core   0: 3 0x80004d70 (0xa79c4c93) x25 0x7ffe807d
core   0: 0x80004d74 (0x0162d293) srli    t0, t0, 22
core   0: 3 0x80004d74 (0x0162d293) x 5 0x00000000
core   0: 0x80004d78 (0x41e6d233) sra     tp, a3, t5
core   0: 3 0x80004d78 (0x41e6d233) x 4 0xffffffff
core   0: 0x80004d7c (0x007e5833) srl     a6, t3, t2
core   0: 3 0x80004d7c (0x007e5833) x16 0x00000000
core   0: 0x80004d80 (0xf80f7d93) andi    s11, t5, -128
core   0: 3 0x80004d80 (0xf80f7d93) x27 0x8001a900
core   0: 0x80004d84 (0x0105b333) sltu    t1, a1, a6
core   0: 3 0x80004d84 (0x0105b333) x 6 0x00000000
core   0: 0x80004d88 (0xfccc0183) lb      gp, -52(s8)
core   0: 3 0x80004d88 (0xfccc0183) x 3 0xffffffa4 mem 0x800179d0
core   0: 0x80004d8c (0x1ddeaa93) slti    s5, t4, 477
core   0: 3 0x80004d8c (0x1ddeaa93) x21 0x00000000
core   0: 0x80004d90 (0xfe1c0903) lb      s2, -31(s8)
core   0: 3 0x80004d90 (0xfe1c0903) x18 0x00000007 mem 0x800179e5
core   0: 0x80004d94 (0x388eaa13) slti    s4, t4, 904
core   0: 3 0x80004d94 (0x388eaa13) x20 0x00000000
core   0: 0x80004d98 (0x417e5333) sra     t1, t3, s7
core   0: 3 0x80004d98 (0x417e5333) x 6 0x00000000
core   0: 0x80004d9c (0xff1c0683) lb      a3, -15(s8)
core   0: 3 0x80004d9c (0xff1c0683) x13 0x00000040 mem 0x800179f5
core   0: 0x80004da0 (0x0066bf33) sltu    t5, a3, t1
core   0: 3 0x80004da0 (0x0066bf33) x30 0x00000000
core   0: 0x80004da4 (0x194df713) andi    a4, s11, 404
core   0: 3 0x80004da4 (0x194df713) x14 0x00000100
core   0: 0x80004da8 (0x012db9b3) sltu    s3, s11, s2
core   0: 3 0x80004da8 (0x012db9b3) x19 0x00000000
core   0: 0x80004dac (0x41955013) srai    zero, a0, 25
core   0: 3 0x80004dac (0x41955013)
core   0: 0x80004db0 (0x78aeee93) ori     t4, t4, 1930
core   0: 3 0x80004db0 (0x78aeee93) x29 0x333c9f9a
core   0: 0x80004db4 (0xff6c1183) lh      gp, -10(s8)
core   0: 3 0x80004db4 (0xff6c1183) x 3 0xffff8307 mem 0x800179fa
core   0: 0x80004db8 (0x40f28eb3) sub     t4, t0, a5
core   0: 3 0x80004db8 (0x40f28eb3) x29 0xffffffff
core   0: 0x80004dbc (0x011f9fb3) sll     t6, t6, a7
core   0: 3 0x80004dbc (0x011f9fb3) x31 0x00001800
core   0: 0x80004dc0 (0x030c0403) lb      s0, 48(s8)
core   0: 3 0x80004dc0 (0x030c0403) x 8 0x00000017 mem 0x80017a34
core   0: 0x80004dc4 (0x416d5913) srai    s2, s10, 22
core   0: 3 0x80004dc4 (0x416d5913) x18 0xffffffff
core   0: 0x80004dc8 (0xfa1a2013) slti    zero, s4, -95
core   0: 3 0x80004dc8 (0xfa1a2013)
core   0: 0x80004dcc (0xfd8c0aa3) sb      s8, -43(s8)
core   0: 3 0x80004dcc (0xfd8c0aa3) mem 0x800179d9 0x4
core   0: 0x80004dd0 (0x00f12233) slt     tp, sp, a5
core   0: 3 0x80004dd0 (0x00f12233) x 4 0x00000001
core   0: 0x80004dd4 (0x00e51993) slli    s3, a0, 14
core   0: 3 0x80004dd4 (0x00e51993) x19 0x00010000
core   0: 0x80004dd8 (0x31692f13) slti    t5, s2, 790
core   0: 3 0x80004dd8 (0x31692f13) x30 0x00000001
core   0: 0x80004ddc (0xc0ea2917) auipc   s2, 0xc0ea2
core   0: 3 0x80004ddc (0xc0ea2917) x18 0x40ea6ddc
core   0: 0x80004de0 (0x84b97493) andi    s1, s2, -1973
core   0: 3 0x80004de0 (0x84b97493) x 9 0x40ea6848
core   0: 0x80004de4 (0x006c1623) sh      t1, 12(s8)
core   0: 3 0x80004de4 (0x006c1623) mem 0x80017a10 0x0000
core   0: 0x80004de8 (0xfecc5483) lhu     s1, -20(s8)
core   0: 3 0x80004de8 (0xfecc5483) x 9 0x0000b423 mem 0x800179f0
core   0: 0x80004dec (0x00011b97) auipc   s7, 0x11
core   0: 3 0x80004dec (0x00011b97) x23 0x80015dec
core   0: 0x80004df0 (0xe24b8b93) addi    s7, s7, -476
core   0: 3 0x80004df0 (0xe24b8b93) x23 0x80015c10
core   0: 0x80004df4 (0xf37b8d83) lb      s11, -201(s7)
core   0: 3 0x80004df4 (0xf37b8d83) x27 0xffffffc3 mem 0x80015b47
core   0: 0x80004df8 (0x0cfb8ba3) sb      a5, 215(s7)
core   0: 3 0x80004df8 (0x0cfb8ba3) mem 0x80015ce7 0x1
core   0: 0x80004dfc (0xf2eb8683) lb      a3, -210(s7)
core   0: 3 0x80004dfc (0xf2eb8683) x13 0x00000069 mem 0x80015b3e
core   0: 0x80004e00 (0x009644b3) xor     s1, a2, s1
core   0: 3 0x80004e00 (0x009644b3) x 9 0x0000b4ea
core   0: 0x80004e04 (0x03ebce83) lbu     t4, 62(s7)
core   0: 3 0x80004e04 (0x03ebce83) x29 0x00000012 mem 0x80015c4e
core   0: 0x80004e08 (0xfcab8823) sb      a0, -48(s7)
core   0: 3 0x80004e08 (0xfcab8823) mem 0x80015be0 0x4
core   0: 0x80004e0c (0x013422b3) slt     t0, s0, s3
core   0: 3 0x80004e0c (0x013422b3) x 5 0x00000001
core   0: 0x80004e10 (0x0d7bc183) lbu     gp, 215(s7)
core   0: 3 0x80004e10 (0x0d7bc183) x 3 0x00000001 mem 0x80015ce7
core   0: 0x80004e14 (0xa68f6713) ori     a4, t5, -1432
core   0: 3 0x80004e14 (0xa68f6713) x14 0xfffffa69
core   0: 0x80004e18 (0x86df7293) andi    t0, t5, -1939
core   0: 3 0x80004e18 (0x86df7293) x 5 0x00000001
core   0: 0x80004e1c (0x01962533) slt     a0, a2, s9
core   0: 3 0x80004e1c (0x01962533) x10 0x00000001
core   0: 0x80004e20 (0x01cc9313) slli    t1, s9, 28
core   0: 3 0x80004e20 (0x01cc9313) x 6 0xd0000000
core   0: 0x80004e24 (0x00927ab3) and     s5, tp, s1
core   0: 3 0x80004e24 (0x00927ab3) x21 0x00000000
core   0: 0x80004e28 (0x3cc00213) li      tp, 972
core   0: 3 0x80004e28 (0x3cc00213) x 4 0x000003cc
core   0: 0x80004e2c (0x04dbc883) lbu     a7, 77(s7)
core   0: 3 0x80004e2c (0x04dbc883) x17 0x000000e9 mem 0x80015c5d
core   0: 0x80004e30 (0xf0cb80a3) sb      a2, -255(s7)
core   0: 3 0x80004e30 (0xf0cb80a3) mem 0x80015b11 0xc9
core   0: 0x80004e34 (0x01b1dfb3) srl     t6, gp, s11
core   0: 3 0x80004e34 (0x01b1dfb3) x31 0x00000000
core   0: 0x80004e38 (0x642ee513) ori     a0, t4, 1602
core   0: 3 0x80004e38 (0x642ee513) x10 0x00000652
core   0: 0x80004e3c (0x0edb8a83) lb      s5, 237(s7)
core   0: 3 0x80004e3c (0x0edb8a83) x21 0x00000001 mem 0x80015cfd
core   0: 0x80004e40 (0xf5db8303) lb      t1, -163(s7)
core   0: 3 0x80004e40 (0xf5db8303) x 6 0x0000004b mem 0x80015b6d
core   0: 0x80004e44 (0x01a0d0b3) srl     ra, ra, s10
core   0: 3 0x80004e44 (0x01a0d0b3) x 1 0x7fffffa0
core   0: 0x80004e48 (0x075b8f03) lb      t5, 117(s7)
core   0: 3 0x80004e48 (0x075b8f03) x30 0x00000067 mem 0x80015c85
core   0: 0x80004e4c (0x40567813) andi    a6, a2, 1029
core   0: 3 0x80004e4c (0x40567813) x16 0x00000001
core   0: 0x80004e50 (0x0a4b8a83) lb      s5, 164(s7)
core   0: 3 0x80004e50 (0x0a4b8a83) x21 0xffffffdf mem 0x80015cb4
core   0: 0x80004e54 (0x500afc93) andi    s9, s5, 1280
core   0: 3 0x80004e54 (0x500afc93) x25 0x00000500
core   0: 0x80004e58 (0x8e41bc93) sltiu   s9, gp, -1820
core   0: 3 0x80004e58 (0x8e41bc93) x25 0x00000001
core   0: 0x80004e5c (0x0ff0000f) fence   iorw,iorw
core   0: 3 0x80004e5c (0x0ff0000f)
core   0: 0x80004e60 (0xf07b8fa3) sb      t2, -225(s7)
core   0: 3 0x80004e60 (0xf07b8fa3) mem 0x80015b2f 0x90
core   0: 0x80004e64 (0x01ae5393) srli    t2, t3, 26
core   0: 3 0x80004e64 (0x01ae5393) x 7 0x00000000
core   0: 0x80004e68 (0x005d78b3) and     a7, s10, t0
core   0: 3 0x80004e68 (0x005d78b3) x17 0x00000001
core   0: 0x80004e6c (0xf1ab8ba3) sb      s10, -233(s7)
core   0: 3 0x80004e6c (0xf1ab8ba3) mem 0x80015b27 0xa1
core   0: 0x80004e70 (0x00019d17) auipc   s10, 0x19
core   0: 3 0x80004e70 (0x00019d17) x26 0x8001de70
core   0: 0x80004e74 (0xd4ed0d13) addi    s10, s10, -690
core   0: 3 0x80004e74 (0xd4ed0d13) x26 0x8001dbbe
core   0: 0x80004e78 (0x01429313) slli    t1, t0, 20
core   0: 3 0x80004e78 (0x01429313) x 6 0x00100000
core   0: 0x80004e7c (0xce827317) auipc   t1, 0xce827
core   0: 3 0x80004e7c (0xce827317) x 6 0x4e82be7c
core   0: 0x80004e80 (0xa67d4803) lbu     a6, -1433(s10)
core   0: 3 0x80004e80 (0xa67d4803) x16 0x00000007 mem 0x8001d625
core   0: 0x80004e84 (0x001507b3) add     a5, a0, ra
core   0: 3 0x80004e84 (0x001507b3) x15 0x800005f2
core   0: 0x80004e88 (0xcc5d4503) lbu     a0, -827(s10)
core   0: 3 0x80004e88 (0xcc5d4503) x10 0x0000006e mem 0x8001d883
core   0: 0x80004e8c (0xcc5d0c03) lb      s8, -827(s10)
core   0: 3 0x80004e8c (0xcc5d0c03) x24 0x0000006e mem 0x8001d883
core   0: 0x80004e90 (0xcc5d4303) lbu     t1, -827(s10)
core   0: 3 0x80004e90 (0xcc5d4303) x 6 0x0000006e mem 0x8001d883
core   0: 0x80004e94 (0x0ff0000f) fence   iorw,iorw
core   0: 3 0x80004e94 (0x0ff0000f)
core   0: 0x80004e98 (0xcc5d4003) lbu     zero, -827(s10)
core   0: 3 0x80004e98 (0xcc5d4003) mem 0x8001d883
core   0: 0x80004e9c (0xccdd02a3) sb      a3, -827(s10)
core   0: 3 0x80004e9c (0xccdd02a3) mem 0x8001d883 0x69
core   0: 0x80004ea0 (0x00809a13) slli    s4, ra, 8
core   0: 3 0x80004ea0 (0x00809a13) x20 0xffffa000
core   0: 0x80004ea4 (0xa43d4503) lbu     a0, -1469(s10)
core   0: 3 0x80004ea4 (0xa43d4503) x10 0x00000013 mem 0x8001d601
core   0: 0x80004ea8 (0xa43d0003) lb      zero, -1469(s10)
core   0: 3 0x80004ea8 (0xa43d0003) mem 0x8001d601
core   0: 0x80004eac (0x40870e33) sub     t3, a4, s0
core   0: 3 0x80004eac (0x40870e33) x28 0xfffffa52
core   0: 0x80004eb0 (0xe96f6313) ori     t1, t5, -362
core   0: 3 0x80004eb0 (0xe96f6313) x 6 0xfffffef7
core   0: 0x80004eb4 (0x5bdd0703) lb      a4, 1469(s10)
core   0: 3 0x80004eb4 (0x5bdd0703) x14 0xfffffffa mem 0x8001e17b
core   0: 0x80004eb8 (0x5bdd4c83) lbu     s9, 1469(s10)
core   0: 3 0x80004eb8 (0x5bdd4c83) x25 0x000000fa mem 0x8001e17b
core   0: 0x80004ebc (0x5bdd4a83) lbu     s5, 1469(s10)
core   0: 3 0x80004ebc (0x5bdd4a83) x21 0x000000fa mem 0x8001e17b
core   0: 0x80004ec0 (0x0001e197) auipc   gp, 0x1e
core   0: 3 0x80004ec0 (0x0001e197) x 3 0x80022ec0
core   0: 0x80004ec4 (0x3f918193) addi    gp, gp, 1017
core   0: 3 0x80004ec4 (0x3f918193) x 3 0x800232b9
core   0: 0x80004ec8 (0xff51c803) lbu     a6, -11(gp)
core   0: 3 0x80004ec8 (0xff51c803) x16 0x000000cb mem 0x800232ae
core   0: 0x80004ecc (0xff01c203) lbu     tp, -16(gp)
core   0: 3 0x80004ecc (0xff01c203) x 4 0x000000ff mem 0x800232a9
core   0: 0x80004ed0 (0x00e1ca83) lbu     s5, 14(gp)
core   0: 3 0x80004ed0 (0x00e1ca83) x21 0x0000002a mem 0x800232c7
core   0: 0x80004ed4 (0xffe1ce03) lbu     t3, -2(gp)
core   0: 3 0x80004ed4 (0xffe1ce03) x28 0x000000c3 mem 0x800232b7
core   0: 0x80004ed8 (0x01318523) sb      s3, 10(gp)
core   0: 3 0x80004ed8 (0x01318523) mem 0x800232c3 0x0
core   0: 0x80004edc (0x000536b3) sltu    a3, a0, zero
core   0: 3 0x80004edc (0x000536b3) x13 0x00000000
core   0: 0x80004ee0 (0xff018ca3) sb      a6, -7(gp)
core   0: 3 0x80004ee0 (0xff018ca3) mem 0x800232b2 0xcb
core   0: 0x80004ee4 (0x4105d933) sra     s2, a1, a6
core   0: 3 0x80004ee4 (0x4105d933) x18 0xfff0005d
core   0: 0x80004ee8 (0x016bd333) srl     t1, s7, s6
core   0: 3 0x80004ee8 (0x016bd333) x 6 0x00000008
core   0: 0x80004eec (0xff418923) sb      s4, -14(gp)
core   0: 3 0x80004eec (0xff418923) mem 0x800232ab 0x0
core   0: 0x80004ef0 (0x409bd7b3) sra     a5, s7, s1
core   0: 3 0x80004ef0 (0x409bd7b3) x15 0xffe00057
core   0: 0x80004ef4 (0xffe18803) lb      a6, -2(gp)
core   0: 3 0x80004ef4 (0xffe18803) x16 0xffffffc3 mem 0x800232b7
core   0: 0x80004ef8 (0x0bdb8513) addi    a0, s7, 189
core   0: 3 0x80004ef8 (0x0bdb8513) x10 0x80015ccd
core   0: 0x80004efc (0xfe319ea3) sh      gp, -3(gp)
core   0: 3 0x80004efc (0xfe319ea3) mem 0x800232b6 0x32b9
core   0: 0x80004f00 (0x0081a1a3) sw      s0, 3(gp)
core   0: 3 0x80004f00 (0x0081a1a3) mem 0x800232bc 0x00000017
core   0: 0x80004f04 (0xfe719ca3) sh      t2, -7(gp)
core   0: 3 0x80004f04 (0xfe719ca3) mem 0x800232b2 0x0000
core   0: 0x80004f08 (0xff818403) lb      s0, -8(gp)
core   0: 3 0x80004f08 (0xff818403) x 8 0x00000006 mem 0x800232b1
core   0: 0x80004f0c (0x00618683) lb      a3, 6(gp)
core   0: 3 0x80004f0c (0x00618683) x13 0x00000000 mem 0x800232bf
core   0: 0x80004f10 (0x00a1a7a3) sw      a0, 15(gp)
core   0: 3 0x80004f10 (0x00a1a7a3) mem 0x800232c8 0x80015ccd
core   0: 0x80004f14 (0x00a193a3) sh      a0, 7(gp)
core   0: 3 0x80004f14 (0x00a193a3) mem 0x800232c0 0x5ccd
core   0: 0x80004f18 (0x00b19383) lh      t2, 11(gp)
core   0: 3 0x80004f18 (0x00b19383) x 7 0xffffbc7a mem 0x800232c4
core   0: 0x80004f1c (0x0011d903) lhu     s2, 1(gp)
core   0: 3 0x80004f1c (0x0011d903) x18 0x0000f4e4 mem 0x800232ba
core   0: 0x80004f20 (0x01e828b3) slt     a7, a6, t5
core   0: 3 0x80004f20 (0x01e828b3) x17 0x00000001
core   0: 0x80004f24 (0xff118ca3) sb      a7, -7(gp)
core   0: 3 0x80004f24 (0xff118ca3) mem 0x800232b2 0x1
core   0: 0x80004f28 (0x0081ce03) lbu     t3, 8(gp)
core   0: 3 0x80004f28 (0x0081ce03) x28 0x0000005c mem 0x800232c1
core   0: 0x80004f2c (0xff418f03) lb      t5, -12(gp)
core   0: 3 0x80004f2c (0xff418f03) x30 0xffffffc0 mem 0x800232ad
core   0: 0x80004f30 (0x00519a83) lh      s5, 5(gp)
core   0: 3 0x80004f30 (0x00519a83) x21 0x00000000 mem 0x800232be
core   0: 0x80004f34 (0x2d04ea93) ori     s5, s1, 720
core   0: 3 0x80004f34 (0x2d04ea93) x21 0x0000b6fa
core   0: 0x80004f38 (0xcd666937) lui     s2, 0xcd666
core   0: 3 0x80004f38 (0xcd666937) x18 0xcd666000
core   0: 0x80004f3c (0x40f85cb3) sra     s9, a6, a5
core   0: 3 0x80004f3c (0x40f85cb3) x25 0xffffffff
core   0: 0x80004f40 (0x010186a3) sb      a6, 13(gp)
core   0: 3 0x80004f40 (0x010186a3) mem 0x800232c6 0xc3
core   0: 0x80004f44 (0x00fac333) xor     t1, s5, a5
core   0: 3 0x80004f44 (0x00fac333) x 6 0xffe0b6ad
core   0: 0x80004f48 (0x0041c603) lbu     a2, 4(gp)
core   0: 3 0x80004f48 (0x0041c603) x12 0x00000000 mem 0x800232bd
core   0: 0x80004f4c (0x00016697) auipc   a3, 0x16
core   0: 3 0x80004f4c (0x00016697) x13 0x8001af4c
core   0: 0x80004f50 (0x34e68693) addi    a3, a3, 846
core   0: 3 0x80004f50 (0x34e68693) x13 0x8001b29a
core   0: 0x80004f54 (0x00011f17) auipc   t5, 0x11
core   0: 3 0x80004f54 (0x00011f17) x30 0x80015f54
core   0: 0x80004f58 (0xae3f0f13) addi    t5, t5, -1309
core   0: 3 0x80004f58 (0xae3f0f13) x30 0x80015a37
core   0: 0x80004f5c (0x020683a3) sb      zero, 39(a3)
core   0: 3 0x80004f5c (0x020683a3) mem 0x8001b2c1 0x0
core   0: 0x80004f60 (0x0a46ce83) lbu     t4, 164(a3)
core   0: 3 0x80004f60 (0x0a46ce83) x29 0x0000000d mem 0x8001b33e
core   0: 0x80004f64 (0xf88f4703) lbu     a4, -120(t5)
core   0: 3 0x80004f64 (0xf88f4703) x14 0x0000006a mem 0x800159bf
core   0: 0x80004f68 (0xfae6ce83) lbu     t4, -82(a3)
core   0: 3 0x80004f68 (0xfae6ce83) x29 0x0000006e mem 0x8001b248
core   0: 0x80004f6c (0x0ad68603) lb      a2, 173(a3)
core   0: 3 0x80004f6c (0x0ad68603) x12 0x0000005b mem 0x8001b347
core   0: 0x80004f70 (0xf1668e23) sb      s6, -228(a3)
core   0: 3 0x80004f70 (0xf1668e23) mem 0x8001b1b6 0x5c
core   0: 0x80004f74 (0x077687a3) sb      s7, 111(a3)
core   0: 3 0x80004f74 (0x077687a3) mem 0x8001b309 0x10
core   0: 0x80004f78 (0xfbef4603) lbu     a2, -66(t5)
core   0: 3 0x80004f78 (0xfbef4603) x12 0x0000002e mem 0x800159f5
core   0: 0x80004f7c (0xf5cf0c03) lb      s8, -164(t5)
core   0: 3 0x80004f7c (0xf5cf0c03) x24 0xffffff89 mem 0x80015993
core   0: 0x80004f80 (0x0e76c983) lbu     s3, 231(a3)
core   0: 3 0x80004f80 (0x0e76c983) x19 0x00000002 mem 0x8001b381
core   0: 0x80004f84 (0xf5cf04a3) sb      t3, -183(t5)
core   0: 3 0x80004f84 (0xf5cf04a3) mem 0x80015980 0x5c
core   0: 0x80004f88 (0xf15f0903) lb      s2, -235(t5)
core   0: 3 0x80004f88 (0xf15f0903) x18 0xffffffe6 mem 0x8001594c
core   0: 0x80004f8c (0x0ad68383) lb      t2, 173(a3)
core   0: 3 0x80004f8c (0x0ad68383) x 7 0x0000005b mem 0x8001b347
core   0: 0x80004f90 (0x03668503) lb      a0, 54(a3)
core   0: 3 0x80004f90 (0x03668503) x10 0x00000065 mem 0x8001b2d0
core   0: 0x80004f94 (0x08168da3) sb      ra, 155(a3)
core   0: 3 0x80004f94 (0x08168da3) mem 0x8001b335 0xa0
core   0: 0x80004f98 (0x00010417) auipc   s0, 0x10
core   0: 3 0x80004f98 (0x00010417) x 8 0x80014f98
core   0: 0x80004f9c (0x46640413) addi    s0, s0, 1126
core   0: 3 0x80004f9c (0x46640413) x 8 0x800153fe
core   0: 0x80004fa0 (0x00019217) auipc   tp, 0x19
core   0: 3 0x80004fa0 (0x00019217) x 4 0x8001dfa0
core   0: 0x80004fa4 (0xfe420213) addi    tp, tp, -28
core   0: 3 0x80004fa4 (0xfe420213) x 4 0x8001df84
core   0: 0x80004fa8 (0xfd5208a3) sb      s5, -47(tp)
core   0: 3 0x80004fa8 (0xfd5208a3) mem 0x8001df55 0xfa
core   0: 0x80004fac (0x03b20c83) lb      s9, 59(tp)
core   0: 3 0x80004fac (0x03b20c83) x25 0x0000003f mem 0x8001dfbf
core   0: 0x80004fb0 (0xfbb407a3) sb      s11, -81(s0)
core   0: 3 0x80004fb0 (0xfbb407a3) mem 0x800153ad 0xc3
core   0: 0x80004fb4 (0xfd720d03) lb      s10, -41(tp)
core   0: 3 0x80004fb4 (0xfd720d03) x26 0x0000002d mem 0x8001df5b
core   0: 0x80004fb8 (0x0bc44003) lbu     zero, 188(s0)
core   0: 3 0x80004fb8 (0x0bc44003) mem 0x800154ba
core   0: 0x80004fbc (0xfea22c23) sw      a0, -8(tp)
core   0: 3 0x80004fbc (0xfea22c23) mem 0x8001df7c 0x00000065
core   0: 0x80004fc0 (0xfea20923) sb      a0, -14(tp)
core   0: 3 0x80004fc0 (0xfea20923) mem 0x8001df76 0x65
core   0: 0x80004fc4 (0xfbd40aa3) sb      t4, -75(s0)
core   0: 3 0x80004fc4 (0xfbd40aa3) mem 0x800153b3 0x6e
core   0: 0x80004fc8 (0x00920783) lb      a5, 9(tp)
core   0: 3 0x80004fc8 (0x00920783) x15 0xffffffc4 mem 0x8001df8d
core   0: 0x80004fcc (0x03220e23) sb      s2, 60(tp)
core   0: 3 0x80004fcc (0x03220e23) mem 0x8001dfc0 0xe6
core   0: 0x80004fd0 (0xf9640603) lb      a2, -106(s0)
core   0: 3 0x80004fd0 (0xf9640603) x12 0x0000001a mem 0x80015394
core   0: 0x80004fd4 (0xf1544903) lbu     s2, -235(s0)
core   0: 3 0x80004fd4 (0xf1544903) x18 0x0000005d mem 0x80015313
core   0: 0x80004fd8 (0xf8a40e23) sb      a0, -100(s0)
core   0: 3 0x80004fd8 (0xf8a40e23) mem 0x8001539a 0x65
core   0: 0x80004fdc (0x00520da3) sb      t0, 27(tp)
core   0: 3 0x80004fdc (0x00520da3) mem 0x8001df9f 0x1
core   0: 0x80004fe0 (0x03120ea3) sb      a7, 61(tp)
core   0: 3 0x80004fe0 (0x03120ea3) mem 0x8001dfc1 0x1
core   0: 0x80004fe4 (0xfe621723) sh      t1, -18(tp)
core   0: 3 0x80004fe4 (0xfe621723) mem 0x8001df72 0xb6ad
core   0: 0x80004fe8 (0xf9440723) sb      s4, -114(s0)
core   0: 3 0x80004fe8 (0xf9440723) mem 0x8001538c 0x0
core   0: 0x80004fec (0x00010097) auipc   ra, 0x10
core   0: 3 0x80004fec (0x00010097) x 1 0x80014fec
core   0: 0x80004ff0 (0x1db08093) addi    ra, ra, 475
core   0: 3 0x80004ff0 (0x1db08093) x 1 0x800151c7
core   0: 0x80004ff4 (0x0ff0a6a3) sw      t6, 237(ra)
core   0: 3 0x80004ff4 (0x0ff0a6a3) mem 0x800152b4 0x00000000
core   0: 0x80004ff8 (0xf5108403) lb      s0, -175(ra)
core   0: 3 0x80004ff8 (0xf5108403) x 8 0x00000073 mem 0x80015118
core   0: 0x80004ffc (0x41198933) sub     s2, s3, a7
core   0: 3 0x80004ffc (0x41198933) x18 0x00000001
core   0: 0x80005000 (0xf060a0a3) sw      t1, -255(ra)
core   0: 3 0x80005000 (0xf060a0a3) mem 0x800150c8 0xffe0b6ad
core   0: 0x80005004 (0x09708603) lb      a2, 151(ra)
core   0: 3 0x80005004 (0x09708603) x12 0x00000024 mem 0x8001525e
core   0: 0x80005008 (0x00000013) nop
core   0: 3 0x80005008 (0x00000013)
core   0: 0x8000500c (0x40318233) sub     tp, gp, gp
core   0: 3 0x8000500c (0x40318233) x 4 0x00000000
core   0: 0x80005010 (0x010ad1b3) srl     gp, s5, a6
core   0: 3 0x80005010 (0x010ad1b3) x 3 0x000016df
core   0: 0x80005014 (0xf0208c83) lb      s9, -254(ra)
core   0: 3 0x80005014 (0xf0208c83) x25 0xffffffb6 mem 0x800150c9
core   0: 0x80005018 (0x0720cc83) lbu     s9, 114(ra)
core   0: 3 0x80005018 (0x0720cc83) x25 0x000000fa mem 0x80015239
core   0: 0x8000501c (0x0f60cb83) lbu     s7, 246(ra)
core   0: 3 0x8000501c (0x0f60cb83) x23 0x00000045 mem 0x800152bd
core   0: 0x80005020 (0x01893333) sltu    t1, s2, s8
core   0: 3 0x80005020 (0x01893333) x 6 0x00000001
core   0: 0x80005024 (0xf6c08783) lb      a5, -148(ra)
core   0: 3 0x80005024 (0xf6c08783) x15 0xffffffaf mem 0x80015133
core   0: 0x80005028 (0x01db6033) or      zero, s6, t4
core   0: 3 0x80005028 (0x01db6033)
core   0: 0x8000502c (0x007a6233) or      tp, s4, t2
core   0: 3 0x8000502c (0x007a6233) x 4 0xffffa05b
core   0: 0x80005030 (0x0e80aca3) sw      s0, 249(ra)
core   0: 3 0x80005030 (0x0e80aca3) mem 0x800152c0 0x00000073
core   0: 0x80005034 (0x0a608d23) sb      t1, 186(ra)
core   0: 3 0x80005034 (0x0a608d23) mem 0x80015281 0x1
core   0: 0x80005038 (0x75e7be13) sltiu   t3, a5, 1886
core   0: 3 0x80005038 (0x75e7be13) x28 0x00000000
core   0: 0x8000503c (0x05108c23) sb      a7, 88(ra)
core   0: 3 0x8000503c (0x05108c23) mem 0x8001521f 0x1
core   0: 0x80005040 (0x09309f03) lh      t5, 147(ra)
core   0: 3 0x80005040 (0x09309f03) x30 0x00000000 mem 0x8001525a
core   0: 0x80005044 (0x01d269b3) or      s3, tp, t4
core   0: 3 0x80005044 (0x01d269b3) x19 0xffffa07f
core   0: 0x80005048 (0xf6a08b83) lb      s7, -150(ra)
core   0: 3 0x80005048 (0xf6a08b83) x23 0x00000000 mem 0x80015131
core   0: 0x8000504c (0xf2308c23) sb      gp, -200(ra)
core   0: 3 0x8000504c (0xf2308c23) mem 0x800150ff 0xdf
core   0: 0x80005050 (0xf37097a3) sh      s7, -209(ra)
core   0: 3 0x80005050 (0xf37097a3) mem 0x800150f6 0x0000
core   0: 0x80005054 (0x03c08f83) lb      t6, 60(ra)
core   0: 3 0x80005054 (0x03c08f83) x31 0x00000033 mem 0x80015203
core   0: 0x80005058 (0x01f9b933) sltu    s2, s3, t6
core   0: 3 0x80005058 (0x01f9b933) x18 0x00000000
core   0: 0x8000505c (0x01cdf4b3) and     s1, s11, t3
core   0: 3 0x8000505c (0x01cdf4b3) x 9 0x00000000
core   0: 0x80005060 (0x03309ba3) sh      s3, 55(ra)
core   0: 3 0x80005060 (0x03309ba3) mem 0x800151fe 0xa07f
core   0: 0x80005064 (0x09b092a3) sh      s11, 133(ra)
core   0: 3 0x80005064 (0x09b092a3) mem 0x8001524c 0xffc3
core   0: 0x80005068 (0x02e08323) sb      a4, 38(ra)
core   0: 3 0x80005068 (0x02e08323) mem 0x800151ed 0x6a
core   0: 0x8000506c (0x00011397) auipc   t2, 0x11
core   0: 3 0x8000506c (0x00011397) x 7 0x8001606c
core   0: 0x80005070 (0xc3e38393) addi    t2, t2, -962
core   0: 3 0x80005070 (0xc3e38393) x 7 0x80015caa
core   0: 0x80005074 (0xfc039e83) lh      t4, -64(t2)
core   0: 3 0x80005074 (0xfc039e83) x29 0xffffbd80 mem 0x80015c6a
core   0: 0x80005078 (0x00011697) auipc   a3, 0x11
core   0: 3 0x80005078 (0x00011697) x13 0x80016078
core   0: 0x8000507c (0x83768693) addi    a3, a3, -1993
core   0: 3 0x8000507c (0x83768693) x13 0x800158af
core   0: 0x80005080 (0xfdf3c083) lbu     ra, -33(t2)
core   0: 3 0x80005080 (0xfdf3c083) x 1 0x00000040 mem 0x80015c89
core   0: 0x80005084 (0xfe63c003) lbu     zero, -26(t2)
core   0: 3 0x80005084 (0xfe63c003) mem 0x80015c90
core   0: 0x80005088 (0xfe968d23) sb      s1, -6(a3)
core   0: 3 0x80005088 (0xfe968d23) mem 0x800158a9 0x0
core   0: 0x8000508c (0xf7838503) lb      a0, -136(t2)
core   0: 3 0x8000508c (0xf7838503) x10 0x00000003 mem 0x80015c22
core   0: 0x80005090 (0x00010817) auipc   a6, 0x10
core   0: 3 0x80005090 (0x00010817) x16 0x80015090
core   0: 0x80005094 (0x35e80813) addi    a6, a6, 862
core   0: 3 0x80005094 (0x35e80813) x16 0x800153ee
core   0: 0x80005098 (0x088383a3) sb      s0, 135(t2)
core   0: 3 0x80005098 (0x088383a3) mem 0x80015d31 0x73
core   0: 0x8000509c (0x0036db83) lhu     s7, 3(a3)
core   0: 3 0x8000509c (0x0036db83) x23 0x0000b3e7 mem 0x800158b2
core   0: 0x800050a0 (0x037385a3) sb      s7, 43(t2)
core   0: 3 0x800050a0 (0x037385a3) mem 0x80015cd5 0xe7
core   0: 0x800050a4 (0x0096d203) lhu     tp, 9(a3)
core   0: 3 0x800050a4 (0x0096d203) x 4 0x0000c273 mem 0x800158b8
core   0: 0x800050a8 (0xff481083) lh      ra, -12(a6)
core   0: 3 0x800050a8 (0xff481083) x 1 0xffffa5e9 mem 0x800153e2
core   0: 0x800050ac (0xff784b83) lbu     s7, -9(a6)
core   0: 3 0x800050ac (0xff784b83) x23 0x00000026 mem 0x800153e5
core   0: 0x800050b0 (0xff784283) lbu     t0, -9(a6)
core   0: 3 0x800050b0 (0xff784283) x 5 0x00000026 mem 0x800153e5
core   0: 0x800050b4 (0xff380183) lb      gp, -13(a6)
core   0: 3 0x800050b4 (0xff380183) x 3 0xffffffde mem 0x800153e1
core   0: 0x800050b8 (0x00068723) sb      zero, 14(a3)
core   0: 3 0x800050b8 (0x00068723) mem 0x800158bd 0x0
core   0: 0x800050bc (0x00568023) sb      t0, 0(a3)
core   0: 3 0x800050bc (0x00568023) mem 0x800158af 0x26
core   0: 0x800050c0 (0xf933c303) lbu     t1, -109(t2)
core   0: 3 0x800050c0 (0xf933c303) x 6 0x000000cb mem 0x80015c3d
core   0: 0x800050c4 (0x00f68083) lb      ra, 15(a3)
core   0: 3 0x800050c4 (0x00f68083) x 1 0xffffffc1 mem 0x800158be
core   0: 0x800050c8 (0xf523a123) sw      s2, -190(t2)
core   0: 3 0x800050c8 (0xf523a123) mem 0x80015bec 0x00000000
core   0: 0x800050cc (0x005680a3) sb      t0, 1(a3)
core   0: 3 0x800050cc (0x005680a3) mem 0x800158b0 0x26
core   0: 0x800050d0 (0xf8e39623) sh      a4, -116(t2)
core   0: 3 0x800050d0 (0xf8e39623) mem 0x80015c36 0x006a
core   0: 0x800050d4 (0xfa93c283) lbu     t0, -87(t2)
core   0: 3 0x800050d4 (0xfa93c283) x 5 0x00000001 mem 0x80015c53
core   0: 0x800050d8 (0x00780e03) lb      t3, 7(a6)
core   0: 3 0x800050d8 (0x00780e03) x28 0xffffff86 mem 0x800153f5
core   0: 0x800050dc (0x00010217) auipc   tp, 0x10
core   0: 3 0x800050dc (0x00010217) x 4 0x800150dc
core   0: 0x800050e0 (0x6d320213) addi    tp, tp, 1747
core   0: 3 0x800050e0 (0x6d320213) x 4 0x800157af
core   0: 0x800050e4 (0x00720823) sb      t2, 16(tp)
core   0: 3 0x800050e4 (0x00720823) mem 0x800157bf 0xaa
core   0: 0x800050e8 (0x0166c8b3) xor     a7, a3, s6
core   0: 3 0x800050e8 (0x0166c8b3) x17 0x7e60e3f3
core   0: 0x800050ec (0x03c21ba3) sh      t3, 55(tp)
core   0: 3 0x800050ec (0x03c21ba3) mem 0x800157e6 0xff86
core   0: 0x800050f0 (0x01725f03) lhu     t5, 23(tp)
core   0: 3 0x800050f0 (0x01725f03) x30 0x00006165 mem 0x800157c6
core   0: 0x800050f4 (0x01724683) lbu     a3, 23(tp)
core   0: 3 0x800050f4 (0x01724683) x13 0x00000065 mem 0x800157c6
core   0: 0x800050f8 (0x01724d03) lbu     s10, 23(tp)
core   0: 3 0x800050f8 (0x01724d03) x26 0x00000065 mem 0x800157c6
core   0: 0x800050fc (0x00020ba3) sb      zero, 23(tp)
core   0: 3 0x800050fc (0x00020ba3) mem 0x800157c6 0x0
core   0: 0x80005100 (0x40a406b3) sub     a3, s0, a0
core   0: 3 0x80005100 (0x40a406b3) x13 0x00000070
core   0: 0x80005104 (0xfc520e03) lb      t3, -59(tp)
core   0: 3 0x80005104 (0xfc520e03) x28 0x0000002b mem 0x80015774
core   0: 0x80005108 (0x0ff0000f) fence   iorw,iorw
core   0: 3 0x80005108 (0x0ff0000f)
core   0: 0x8000510c (0xfd6222a3) sw      s6, -59(tp)
core   0: 3 0x8000510c (0xfd6222a3) mem 0x80015774 0xfe61bb5c
core   0: 0x80005110 (0xfc521d03) lh      s10, -59(tp)
core   0: 3 0x80005110 (0xfc521d03) x26 0xffffbb5c mem 0x80015774
core   0: 0x80005114 (0xfe120923) sb      ra, -14(tp)
core   0: 3 0x80005114 (0xfe120923) mem 0x800157a1 0xc1
core   0: 0x80005118 (0xff224283) lbu     t0, -14(tp)
core   0: 3 0x80005118 (0xff224283) x 5 0x000000c1 mem 0x800157a1
core   0: 0x8000511c (0xfff20923) sb      t6, -14(tp)
core   0: 3 0x8000511c (0xfff20923) mem 0x800157a1 0x33
core   0: 0x80005120 (0xff720923) sb      s7, -14(tp)
core   0: 3 0x80005120 (0xff720923) mem 0x800157a1 0x26
core   0: 0x80005124 (0xff224d03) lbu     s10, -14(tp)
core   0: 3 0x80005124 (0xff224d03) x26 0x00000026 mem 0x800157a1
core   0: 0x80005128 (0x00338033) add     zero, t2, gp
core   0: 3 0x80005128 (0x00338033)
core   0: 0x8000512c (0xffa20923) sb      s10, -14(tp)
core   0: 3 0x8000512c (0xffa20923) mem 0x800157a1 0x26
core   0: 0x80005130 (0x00017d17) auipc   s10, 0x17
core   0: 3 0x80005130 (0x00017d17) x26 0x8001c130
core   0: 0x80005134 (0x6dcd0d13) addi    s10, s10, 1756
core   0: 3 0x80005134 (0x6dcd0d13) x26 0x8001c80c
core   0: 0x80005138 (0x01662ab3) slt     s5, a2, s6
core   0: 3 0x80005138 (0x01662ab3) x21 0x00000000
core   0: 0x8000513c (0xa20b2193) slti    gp, s6, -1504
core   0: 3 0x8000513c (0xa20b2193) x 3 0x00000001
core   0: 0x80005140 (0xf03d4f03) lbu     t5, -253(s10)
core   0: 3 0x80005140 (0xf03d4f03) x30 0x00000092 mem 0x8001c70f
core   0: 0x80005144 (0x0196a8b3) slt     a7, a3, s9
core   0: 3 0x80005144 (0x0196a8b3) x17 0x00000001
core   0: 0x80005148 (0x40d75693) srai    a3, a4, 13
core   0: 3 0x80005148 (0x40d75693) x13 0x00000000
core   0: 0x8000514c (0x0a2d5003) lhu     zero, 162(s10)
core   0: 3 0x8000514c (0x0a2d5003) mem 0x8001c8ae
core   0: 0x80005150 (0x3c880c17) auipc   s8, 0x3c880
core   0: 3 0x80005150 (0x3c880c17) x24 0xbc885150
core   0: 0x80005154 (0x015d4483) lbu     s1, 21(s10)
core   0: 3 0x80005154 (0x015d4483) x 9 0x000000d1 mem 0x8001c821
core   0: 0x80005158 (0xfe7d4783) lbu     a5, -25(s10)
core   0: 3 0x80005158 (0xfe7d4783) x15 0x0000009d mem 0x8001c7f3
core   0: 0x8000515c (0x017c32b3) sltu    t0, s8, s7
core   0: 3 0x8000515c (0x017c32b3) x 5 0x00000000
core   0: 0x80005160 (0xaccb4197) auipc   gp, 0xaccb4
core   0: 3 0x80005160 (0xaccb4197) x 3 0x2ccb9160
core   0: 0x80005164 (0x35822e93) slti    t4, tp, 856
core   0: 3 0x80005164 (0x35822e93) x29 0x00000001
core   0: 0x80005168 (0xfeed5a03) lhu     s4, -18(s10)
core   0: 3 0x80005168 (0xfeed5a03) x20 0x000024fa mem 0x8001c7fa
core   0: 0x8000516c (0xfaed1983) lh      s3, -82(s10)
core   0: 3 0x8000516c (0xfaed1983) x19 0xffff8c3c mem 0x8001c7ba
core   0: 0x80005170 (0xfc0d5783) lhu     a5, -64(s10)
core   0: 3 0x80005170 (0xfc0d5783) x15 0x0000472d mem 0x8001c7cc
core   0: 0x80005174 (0xf4fd4283) lbu     t0, -177(s10)
core   0: 3 0x80005174 (0xf4fd4283) x 5 0x00000050 mem 0x8001c75b
core   0: 0x80005178 (0x037d4683) lbu     a3, 55(s10)
core   0: 3 0x80005178 (0x037d4683) x13 0x000000ef mem 0x8001c843
core   0: 0x8000517c (0xf9ad2623) sw      s10, -116(s10)
core   0: 3 0x8000517c (0xf9ad2623) mem 0x8001c798 0x8001c80c
core   0: 0x80005180 (0xf2fd4303) lbu     t1, -209(s10)
core   0: 3 0x80005180 (0xf2fd4303) x 6 0x000000c8 mem 0x8001c73b
core   0: 0x80005184 (0x0106b3b3) sltu    t2, a3, a6
core   0: 3 0x80005184 (0x0106b3b3) x 7 0x00000001
core   0: 0x80005188 (0x0b4d1623) sh      s4, 172(s10)
core   0: 3 0x80005188 (0x0b4d1623) mem 0x8001c8b8 0x24fa
core   0: 0x8000518c (0x05ad0723) sb      s10, 78(s10)
core   0: 3 0x8000518c (0x05ad0723) mem 0x8001c85a 0xc
core   0: 0x80005190 (0x78c8b493) sltiu   s1, a7, 1932
core   0: 3 0x80005190 (0x78c8b493) x 9 0x00000001
core   0: 0x80005194 (0x00899a13) slli    s4, s3, 8
core   0: 3 0x80005194 (0x00899a13) x20 0xff8c3c00
core   0: 0x80005198 (0xfa2d1f03) lh      t5, -94(s10)
core   0: 3 0x80005198 (0xfa2d1f03) x30 0x00007a78 mem 0x8001c7ae
core   0: 0x8000519c (0x0d4d0623) sb      s4, 204(s10)
core   0: 3 0x8000519c (0x0d4d0623) mem 0x8001c8d8 0x0
core   0: 0x800051a0 (0x0000100f) fence.i
core   0: 3 0x800051a0 (0x0000100f)
core   0: 0x800051a4 (0xf29d0d23) sb      s1, -198(s10)
core   0: 3 0x800051a4 (0xf29d0d23) mem 0x8001c746 0x1
core   0: 0x800051a8 (0x0110e8b3) or      a7, ra, a7
core   0: 3 0x800051a8 (0x0110e8b3) x17 0xffffffc1
core   0: 0x800051ac (0x9b43b213) sltiu   tp, t2, -1612
core   0: 3 0x800051ac (0x9b43b213) x 4 0x00000001
core   0: 0x800051b0 (0xf7dd0783) lb      a5, -131(s10)
core   0: 3 0x800051b0 (0xf7dd0783) x15 0xffffffab mem 0x8001c789
core   0: 0x800051b4 (0x0244a313) slti    t1, s1, 36
core   0: 3 0x800051b4 (0x0244a313) x 6 0x00000001
core   0: 0x800051b8 (0x0ff0000f) fence   iorw,iorw
core   0: 3 0x800051b8 (0x0ff0000f)
core   0: 0x800051bc (0x7050ee93) ori     t4, ra, 1797
core   0: 3 0x800051bc (0x7050ee93) x29 0xffffffc5
core   0: 0x800051c0 (0xf7fd4383) lbu     t2, -129(s10)
core   0: 3 0x800051c0 (0xf7fd4383) x 7 0x00000024 mem 0x8001c78b
core   0: 0x800051c4 (0xf8fd1423) sh      a5, -120(s10)
core   0: 3 0x800051c4 (0xf8fd1423) mem 0x8001c794 0xffab
core   0: 0x800051c8 (0x0e0d2c03) lw      s8, 224(s10)
core   0: 3 0x800051c8 (0x0e0d2c03) x24 0x061f948c mem 0x8001c8ec
core   0: 0x800051cc (0x00000013) nop
core   0: 3 0x800051cc (0x00000013)
core   0: 0x800051d0 (0xf8cd0823) sb      a2, -112(s10)
core   0: 3 0x800051d0 (0xf8cd0823) mem 0x8001c79c 0x24
core   0: 0x800051d4 (0xc8b12193) slti    gp, sp, -885
core   0: 3 0x800051d4 (0xc8b12193) x 3 0x00000001
core   0: 0x800051d8 (0xf48d5a83) lhu     s5, -184(s10)
core   0: 3 0x800051d8 (0xf48d5a83) x21 0x00005d63 mem 0x8001c754
core   0: 0x800051dc (0xfdbd1323) sh      s11, -58(s10)
core   0: 3 0x800051dc (0xfdbd1323) mem 0x8001c7d2 0xffc3
core   0: 0x800051e0 (0x0ff0000f) fence   iorw,iorw
core   0: 3 0x800051e0 (0x0ff0000f)
core   0: 0x800051e4 (0x5e4f2613) slti    a2, t5, 1508
core   0: 3 0x800051e4 (0x5e4f2613) x12 0x00000000
core   0: 0x800051e8 (0xf5ed5e83) lhu     t4, -162(s10)
core   0: 3 0x800051e8 (0xf5ed5e83) x29 0x0000f424 mem 0x8001c76a
core   0: 0x800051ec (0xf58d4603) lbu     a2, -168(s10)
core   0: 3 0x800051ec (0xf58d4603) x12 0x00000032 mem 0x8001c764
core   0: 0x800051f0 (0x001d1633) sll     a2, s10, ra
core   0: 3 0x800051f0 (0x001d1633) x12 0x00039018
core   0: 0x800051f4 (0xf4bd4183) lbu     gp, -181(s10)
core   0: 3 0x800051f4 (0xf4bd4183) x 3 0x000000af mem 0x8001c757
core   0: 0x800051f8 (0x01b38233) add     tp, t2, s11
core   0: 3 0x800051f8 (0x01b38233) x 4 0xffffffe7
core   0: 0x800051fc (0x0d9d4503) lbu     a0, 217(s10)
core   0: 3 0x800051fc (0x0d9d4503) x10 0x0000001b mem 0x8001c8e5
core   0: 0x80005200 (0x6ece2397) auipc   t2, 0x6ece2
core   0: 3 0x80005200 (0x6ece2397) x 7 0xeece7200
core   0: 0x80005204 (0x01621513) slli    a0, tp, 22
core   0: 3 0x80005204 (0x01621513) x10 0xf9c00000
core   0: 0x80005208 (0xf21d0783) lb      a5, -223(s10)
core   0: 3 0x80005208 (0xf21d0783) x15 0xfffffff1 mem 0x8001c72d
core   0: 0x8000520c (0x00090833) add     a6, s2, zero
core   0: 3 0x8000520c (0x00090833) x16 0x00000000
core   0: 0x80005210 (0x08dd01a3) sb      a3, 131(s10)
core   0: 3 0x80005210 (0x08dd01a3) mem 0x8001c88f 0xef
core   0: 0x80005214 (0x0001c717) auipc   a4, 0x1c
core   0: 3 0x80005214 (0x0001c717) x14 0x80021214
core   0: 0x80005218 (0x46f70713) addi    a4, a4, 1135
core   0: 3 0x80005218 (0x46f70713) x14 0x80021683
core   0: 0x8000521c (0x01143633) sltu    a2, s0, a7
core   0: 3 0x8000521c (0x01143633) x12 0x00000001
core   0: 0x80005220 (0xff270503) lb      a0, -14(a4)
core   0: 3 0x80005220 (0xff270503) x10 0x00000005 mem 0x80021675
core   0: 0x80005224 (0xe1543613) sltiu   a2, s0, -491
core   0: 3 0x80005224 (0xe1543613) x12 0x00000001
core   0: 0x80005228 (0x48327c13) andi    s8, tp, 1155
core   0: 3 0x80005228 (0x48327c13) x24 0x00000483
core   0: 0x8000522c (0xe57dc293) xori    t0, s11, -425
core   0: 3 0x8000522c (0xe57dc293) x 5 0x00000194
core   0: 0x80005230 (0x007b88b3) add     a7, s7, t2
core   0: 3 0x80005230 (0x007b88b3) x17 0xeece7226
core   0: 0x80005234 (0xff574183) lbu     gp, -11(a4)
core   0: 3 0x80005234 (0xff574183) x 3 0x000000a7 mem 0x80021678
core   0: 0x80005238 (0x015ccab3) xor     s5, s9, s5
core   0: 3 0x80005238 (0x015ccab3) x21 0x00005d99
core   0: 0x8000523c (0x00370903) lb      s2, 3(a4)
core   0: 3 0x8000523c (0x00370903) x18 0xffffffd1 mem 0x80021686
core   0: 0x80005240 (0x00b7d8b3) srl     a7, a5, a1
core   0: 3 0x80005240 (0x00b7d8b3) x17 0x0fffffff
core   0: 0x80005244 (0xff570a83) lb      s5, -11(a4)
core   0: 3 0x80005244 (0xff570a83) x21 0xffffffa7 mem 0x80021678
core   0: 0x80005248 (0xffb74c03) lbu     s8, -5(a4)
core   0: 3 0x80005248 (0xffb74c03) x24 0x00000031 mem 0x8002167e
core   0: 0x8000524c (0x00270d83) lb      s11, 2(a4)
core   0: 3 0x8000524c (0x00270d83) x27 0x00000056 mem 0x80021685
core   0: 0x80005250 (0xffa70e03) lb      t3, -6(a4)
core   0: 3 0x80005250 (0xffa70e03) x28 0x0000004c mem 0x8002167d
core   0: 0x80005254 (0xa4284493) xori    s1, a6, -1470
core   0: 3 0x80005254 (0xa4284493) x 9 0xfffffa42
core   0: 0x80005258 (0xff074503) lbu     a0, -16(a4)
core   0: 3 0x80005258 (0xff074503) x10 0x00000040 mem 0x80021673
core   0: 0x8000525c (0x7b9449b7) lui     s3, 0x7b944
core   0: 3 0x8000525c (0x7b9449b7) x19 0x7b944000
core   0: 0x80005260 (0xff074603) lbu     a2, -16(a4)
core   0: 3 0x80005260 (0xff074603) x12 0x00000040 mem 0x80021673
core   0: 0x80005264 (0xffb74483) lbu     s1, -5(a4)
core   0: 3 0x80005264 (0xffb74483) x 9 0x00000031 mem 0x8002167e
core   0: 0x80005268 (0x01b069b3) or      s3, zero, s11
core   0: 3 0x80005268 (0x01b069b3) x19 0x00000056
core   0: 0x8000526c (0xff470483) lb      s1, -12(a4)
core   0: 3 0x8000526c (0xff470483) x 9 0x00000008 mem 0x80021677
core   0: 0x80005270 (0x00074603) lbu     a2, 0(a4)
core   0: 3 0x80005270 (0x00074603) x12 0x00000085 mem 0x80021683
core   0: 0x80005274 (0xff770f83) lb      t6, -9(a4)
core   0: 3 0x80005274 (0xff770f83) x31 0x0000003e mem 0x8002167a
core   0: 0x80005278 (0x0001f497) auipc   s1, 0x1f
core   0: 3 0x80005278 (0x0001f497) x 9 0x80024278
core   0: 0x8000527c (0xfe848493) addi    s1, s1, -24
core   0: 3 0x8000527c (0xfe848493) x 9 0x80024260
core   0: 0x80005280 (0x0034ce83) lbu     t4, 3(s1)
core   0: 3 0x80005280 (0x0034ce83) x29 0x000000e7 mem 0x80024263
core   0: 0x80005284 (0x01aa1a33) sll     s4, s4, s10
core   0: 3 0x80005284 (0x01aa1a33) x20 0xc3c00000
core   0: 0x80005288 (0xfe448da3) sb      tp, -5(s1)
core   0: 3 0x80005288 (0xfe448da3) mem 0x8002425b 0xe7
core   0: 0x8000528c (0x015485a3) sb      s5, 11(s1)
core   0: 3 0x8000528c (0x015485a3) mem 0x8002426b 0xa7
core   0: 0x80005290 (0x01afc333) xor     t1, t6, s10
core   0: 3 0x80005290 (0x01afc333) x 6 0x8001c832
core   0: 0x80005294 (0x41d6df33) sra     t5, a3, t4
core   0: 3 0x80005294 (0x41d6df33) x30 0x00000001
core   0: 0x80005298 (0xffe4c683) lbu     a3, -2(s1)
core   0: 3 0x80005298 (0xffe4c683) x13 0x00000051 mem 0x8002425e
core   0: 0x8000529c (0xfed4ae23) sw      a3, -4(s1)
core   0: 3 0x8000529c (0xfed4ae23) mem 0x8002425c 0x00000051
core   0: 0x800052a0 (0x01899433) sll     s0, s3, s8
core   0: 3 0x800052a0 (0x01899433) x 8 0x00ac0000
core   0: 0x800052a4 (0x01136733) or      a4, t1, a7
core   0: 3 0x800052a4 (0x01136733) x14 0x8fffffff
core   0: 0x800052a8 (0x32ea0c93) addi    s9, s4, 814
core   0: 3 0x800052a8 (0x32ea0c93) x25 0xc3c0032e
core   0: 0x800052ac (0xa1d18e93) addi    t4, gp, -1507
core   0: 3 0x800052ac (0xa1d18e93) x29 0xfffffac4
core   0: 0x800052b0 (0xff14c183) lbu     gp, -15(s1)
core   0: 3 0x800052b0 (0xff14c183) x 3 0x0000003c mem 0x80024251
core   0: 0x800052b4 (0x013b1a93) slli    s5, s6, 19
core   0: 3 0x800052b4 (0x013b1a93) x21 0xdae00000
core   0: 0x800052b8 (0xffd49923) sh      t4, -14(s1)
core   0: 3 0x800052b8 (0xffd49923) mem 0x80024252 0xfac4
core   0: 0x800052bc (0x00000013) nop
core   0: 3 0x800052bc (0x00000013)
core   0: 0x800052c0 (0x00000013) nop
core   0: 3 0x800052c0 (0x00000013)
core   0: 0x800052c4 (0xff248383) lb      t2, -14(s1)
core   0: 3 0x800052c4 (0xff248383) x 7 0xffffffc4 mem 0x80024252
core   0: 0x800052c8 (0x019fd213) srli    tp, t6, 25
core   0: 3 0x800052c8 (0x019fd213) x 4 0x00000000
core   0: 0x800052cc (0x017485a3) sb      s7, 11(s1)
core   0: 3 0x800052cc (0x017485a3) mem 0x8002426b 0x26
core   0: 0x800052d0 (0x00248303) lb      t1, 2(s1)
core   0: 3 0x800052d0 (0x00248303) x 6 0x00000066 mem 0x80024262
core   0: 0x800052d4 (0x00184fb3) xor     t6, a6, ra
core   0: 3 0x800052d4 (0x00184fb3) x31 0xffffffc1
core   0: 0x800052d8 (0x62b68e13) addi    t3, a3, 1579
core   0: 3 0x800052d8 (0x62b68e13) x28 0x0000067c
core   0: 0x800052dc (0x00000013) nop
core   0: 3 0x800052dc (0x00000013)
core   0: 0x800052e0 (0x0054c883) lbu     a7, 5(s1)
core   0: 3 0x800052e0 (0x0054c883) x17 0x000000ab mem 0x80024265
core   0: 0x800052e4 (0x00b18833) add     a6, gp, a1
core   0: 3 0x800052e4 (0x00b18833) x16 0x8002ed20
core   0: 0x800052e8 (0xfe8488a3) sb      s0, -15(s1)
core   0: 3 0x800052e8 (0xfe8488a3) mem 0x80024251 0x0
core   0: 0x800052ec (0xff14c203) lbu     tp, -15(s1)
core   0: 3 0x800052ec (0xff14c203) x 4 0x00000000 mem 0x80024251
core   0: 0x800052f0 (0xffe48fa3) sb      t5, -1(s1)
core   0: 3 0x800052f0 (0xffe48fa3) mem 0x8002425f 0x1
core   0: 0x800052f4 (0x017486a3) sb      s7, 13(s1)
core   0: 3 0x800052f4 (0x017486a3) mem 0x8002426d 0x26
core   0: 0x800052f8 (0x0004cd83) lbu     s11, 0(s1)
core   0: 3 0x800052f8 (0x0004cd83) x27 0x00000038 mem 0x80024260
core   0: 0x800052fc (0x01b4b933) sltu    s2, s1, s11
core   0: 3 0x800052fc (0x01b4b933) x18 0x00000000
core   0: 0x80005300 (0x0193c1b3) xor     gp, t2, s9
core   0: 3 0x80005300 (0x0193c1b3) x 3 0x3c3ffcea
core   0: 0x80005304 (0xff24dd83) lhu     s11, -14(s1)
core   0: 3 0x80005304 (0xff24dd83) x27 0x0000fac4 mem 0x80024252
core   0: 0x80005308 (0x00d8beb3) sltu    t4, a7, a3
core   0: 3 0x80005308 (0x00d8beb3) x29 0x00000000
core   0: 0x8000530c (0xff44d283) lhu     t0, -12(s1)
core   0: 3 0x8000530c (0xff44d283) x 5 0x0000a7f7 mem 0x80024254
core   0: 0x80005310 (0x9739b513) sltiu   a0, s3, -1677
core   0: 3 0x80005310 (0x9739b513) x10 0x00000001
core   0: 0x80005314 (0x0ff0000f) fence   iorw,iorw
core   0: 3 0x80005314 (0x0ff0000f)
core   0: 0x80005318 (0x00848a03) lb      s4, 8(s1)
core   0: 3 0x80005318 (0x00848a03) x20 0x00000024 mem 0x80024268
core   0: 0x8000531c (0xadfb4793) xori    a5, s6, -1313
core   0: 3 0x8000531c (0xadfb4793) x15 0x019e4183
core   0: 0x80005320 (0x40795193) srai    gp, s2, 7
core   0: 3 0x80005320 (0x40795193) x 3 0x00000000
core   0: 0x80005324 (0x0094c983) lbu     s3, 9(s1)
core   0: 3 0x80005324 (0x0094c983) x19 0x000000d0 mem 0x80024269
core   0: 0x80005328 (0x01d91993) slli    s3, s2, 29
core   0: 3 0x80005328 (0x01d91993) x19 0x00000000
core   0: 0x8000532c (0x00a482a3) sb      a0, 5(s1)
core   0: 3 0x8000532c (0x00a482a3) mem 0x80024265 0x1
core   0: 0x80005330 (0x00016297) auipc   t0, 0x16
core   0: 3 0x80005330 (0x00016297) x 5 0x8001b330
core   0: 0x80005334 (0x9fc28293) addi    t0, t0, -1540
core   0: 3 0x80005334 (0x9fc28293) x 5 0x8001ad2c
core   0: 0x80005338 (0x0312c203) lbu     tp, 49(t0)
core   0: 3 0x80005338 (0x0312c203) x 4 0x0000007e mem 0x8001ad5d
core   0: 0x8000533c (0x4a584f13) xori    t5, a6, 1189
core   0: 3 0x8000533c (0x4a584f13) x30 0x8002e985
core   0: 0x80005340 (0x413f8fb3) sub     t6, t6, s3
core   0: 3 0x80005340 (0x413f8fb3) x31 0xffffffc1
core   0: 0x80005344 (0x00428c23) sb      tp, 24(t0)
core   0: 3 0x80005344 (0x00428c23) mem 0x8001ad44 0x7e
core   0: 0x80005348 (0xf1330f93) addi    t6, t1, -237
core   0: 3 0x80005348 (0xf1330f93) x31 0xffffff79
core   0: 0x8000534c (0x0182ae03) lw      t3, 24(t0)
core   0: 3 0x8000534c (0x0182ae03) x28 0x3f893e7e mem 0x8001ad44
core   0: 0x80005350 (0x01b28c23) sb      s11, 24(t0)
core   0: 3 0x80005350 (0x01b28c23) mem 0x8001ad44 0xc4
core   0: 0x80005354 (0x400ad0b3) sra     ra, s5, zero
core   0: 3 0x80005354 (0x400ad0b3) x 1 0xdae00000
core   0: 0x80005358 (0x01829e83) lh      t4, 24(t0)
core   0: 3 0x80005358 (0x01829e83) x29 0x00003ec4 mem 0x8001ad44
core   0: 0x8000535c (0xfde29a83) lh      s5, -34(t0)
core   0: 3 0x8000535c (0xfde29a83) x21 0xffffa63d mem 0x8001ad0a
core   0: 0x80005360 (0x03b2c783) lbu     a5, 59(t0)
core   0: 3 0x80005360 (0x03b2c783) x15 0x00000038 mem 0x8001ad67
core   0: 0x80005364 (0x02728da3) sb      t2, 59(t0)
core   0: 3 0x80005364 (0x02728da3) mem 0x8001ad67 0xc4
core   0: 0x80005368 (0x03b2c003) lbu     zero, 59(t0)
core   0: 3 0x80005368 (0x03b2c003) mem 0x8001ad67
core   0: 0x8000536c (0x02328da3) sb      gp, 59(t0)
core   0: 3 0x8000536c (0x02328da3) mem 0x8001ad67 0x0
core   0: 0x80005370 (0x1136a517) auipc   a0, 0x1136a
core   0: 3 0x80005370 (0x1136a517) x10 0x9136f370
core   0: 0x80005374 (0x0000100f) fence.i
core   0: 3 0x80005374 (0x0000100f)
core   0: 0x80005378 (0x001283a3) sb      ra, 7(t0)
core   0: 3 0x80005378 (0x001283a3) mem 0x8001ad33 0x0
core   0: 0x8000537c (0x0072cf03) lbu     t5, 7(t0)
core   0: 3 0x8000537c (0x0072cf03) x30 0x00000000 mem 0x8001ad33
core   0: 0x80005380 (0x00011a97) auipc   s5, 0x11
core   0: 3 0x80005380 (0x00011a97) x21 0x80016380
core   0: 0x80005384 (0x63ea8a93) addi    s5, s5, 1598
core   0: 3 0x80005384 (0x63ea8a93) x21 0x800169be
core   0: 0x80005388 (0xd0da8ea3) sb      a3, -739(s5)
core   0: 3 0x80005388 (0xd0da8ea3) mem 0x800166db 0x51
core   0: 0x8000538c (0xf20a9223) sh      zero, -220(s5)
core   0: 3 0x8000538c (0xf20a9223) mem 0x800168e2 0x0000
core   0: 0x80005390 (0x3390b293) sltiu   t0, ra, 825
core   0: 3 0x80005390 (0x3390b293) x 5 0x00000000
core   0: 0x80005394 (0x474ac503) lbu     a0, 1140(s5)
core   0: 3 0x80005394 (0x474ac503) x10 0x000000cb mem 0x80016e32
core   0: 0x80005398 (0x9f0a9183) lh      gp, -1552(s5)
core   0: 3 0x80005398 (0x9f0a9183) x 3 0xffff9ed5 mem 0x800163ae
core   0: 0x8000539c (0x8c6ace83) lbu     t4, -1850(s5)
core   0: 3 0x8000539c (0x8c6ace83) x29 0x000000c3 mem 0x80016284
core   0: 0x800053a0 (0x9e5dfe93) andi    t4, s11, -1563
core   0: 3 0x800053a0 (0x9e5dfe93) x29 0x0000f8c4
core   0: 0x800053a4 (0xf3eaa883) lw      a7, -194(s5)
core   0: 3 0x800053a4 (0xf3eaa883) x17 0x88e0e8bf mem 0x800168fc
core   0: 0x800053a8 (0xf60ad283) lhu     t0, -160(s5)
core   0: 3 0x800053a8 (0xf60ad283) x 5 0x0000806d mem 0x8001691e
core   0: 0x800053ac (0xf60a8303) lb      t1, -160(s5)
core   0: 3 0x800053ac (0xf60a8303) x 6 0x0000006d mem 0x8001691e
core   0: 0x800053b0 (0xf924ad13) slti    s10, s1, -110
core   0: 3 0x800053b0 (0xf924ad13) x26 0x00000001
core   0: 0x800053b4 (0x03690493) addi    s1, s2, 54
core   0: 3 0x800053b4 (0x03690493) x 9 0x00000036
core   0: 0x800053b8 (0xaf6a9503) lh      a0, -1290(s5)
core   0: 3 0x800053b8 (0xaf6a9503) x10 0x00000f32 mem 0x800164b4
core   0: 0x800053bc (0x47bacd83) lbu     s11, 1147(s5)
core   0: 3 0x800053bc (0x47bacd83) x27 0x0000005f mem 0x80016e39
core   0: 0x800053c0 (0x175ac983) lbu     s3, 373(s5)
core   0: 3 0x800053c0 (0x175ac983) x19 0x0000000f mem 0x80016b33
core   0: 0x800053c4 (0x00010397) auipc   t2, 0x10
core   0: 3 0x800053c4 (0x00010397) x 7 0x800153c4
core   0: 0x800053c8 (0x0a738393) addi    t2, t2, 167
core   0: 3 0x800053c8 (0x0a738393) x 7 0x8001546b
core   0: 0x800053cc (0x6c038883) lb      a7, 1728(t2)
core   0: 3 0x800053cc (0x6c038883) x17 0x00000074 mem 0x80015b2b
core   0: 0x800053d0 (0xcd838903) lb      s2, -808(t2)
core   0: 3 0x800053d0 (0xcd838903) x18 0x00000007 mem 0x80015143
core   0: 0x800053d4 (0xeac38403) lb      s0, -340(t2)
core   0: 3 0x800053d4 (0xeac38403) x 8 0x00000000 mem 0x80015317
core   0: 0x800053d8 (0x011a1a33) sll     s4, s4, a7
core   0: 3 0x800053d8 (0x011a1a33) x20 0x02400000
core   0: 0x800053dc (0x00d0f333) and     t1, ra, a3
core   0: 3 0x800053dc (0x00d0f333) x 6 0x00000000
core   0: 0x800053e0 (0xc8e38723) sb      a4, -882(t2)
core   0: 3 0x800053e0 (0xc8e38723) mem 0x800150f9 0xff
core   0: 0x800053e4 (0xd7e06a93) ori     s5, zero, -642
core   0: 3 0x800053e4 (0xd7e06a93) x21 0xfffffd7e
core   0: 0x800053e8 (0x37c38983) lb      s3, 892(t2)
core   0: 3 0x800053e8 (0x37c38983) x19 0xffffffff mem 0x800157e7
core   0: 0x800053ec (0x01a42d33) slt     s10, s0, s10
core   0: 3 0x800053ec (0x01a42d33) x26 0x00000001
core   0: 0x800053f0 (0xfa33ce03) lbu     t3, -93(t2)
core   0: 3 0x800053f0 (0xfa33ce03) x28 0x00000018 mem 0x8001540e
core   0: 0x800053f4 (0x63e38d23) sb      t5, 1594(t2)
core   0: 3 0x800053f4 (0x63e38d23) mem 0x80015aa5 0x0
core   0: 0x800053f8 (0x01add6b3) srl     a3, s11, s10
core   0: 3 0x800053f8 (0x01add6b3) x13 0x0000002f
core   0: 0x800053fc (0x5e53d283) lhu     t0, 1509(t2)
core   0: 3 0x800053fc (0x5e53d283) x 5 0x0000ea6a mem 0x80015a50
core   0: 0x80005400 (0xeb834a37) lui     s4, 0xeb834
core   0: 3 0x80005400 (0xeb834a37) x20 0xeb834000
core   0: 0x80005404 (0x72f6f913) andi    s2, a3, 1839
core   0: 3 0x80005404 (0x72f6f913) x18 0x0000002f
core   0: 0x80005408 (0x01accdb3) xor     s11, s9, s10
core   0: 3 0x80005408 (0x01accdb3) x27 0xc3c0032f
core   0: 0x8000540c (0xc0238a23) sb      sp, -1004(t2)
core   0: 3 0x8000540c (0xc0238a23) mem 0x8001507f 0x64
core   0: 0x80005410 (0x4f939b83) lh      s7, 1273(t2)
core   0: 3 0x80005410 (0x4f939b83) x23 0x000000c2 mem 0x80015964
core   0: 0x80005414 (0xc2739983) lh      s3, -985(t2)
core   0: 3 0x80005414 (0xc2739983) x19 0xffffceff mem 0x80015092
core   0: 0x80005418 (0x31339783) lh      a5, 787(t2)
core   0: 3 0x80005418 (0x31339783) x15 0x00007fe9 mem 0x8001577e
core   0: 0x8000541c (0xc2839fa3) sh      s0, -961(t2)
core   0: 3 0x8000541c (0xc2839fa3) mem 0x800150aa 0x0000
core   0: 0x80005420 (0x5af38b23) sb      a5, 1462(t2)
core   0: 3 0x80005420 (0x5af38b23) mem 0x80015a21 0xe9
core   0: 0x80005424 (0xcc43c683) lbu     a3, -828(t2)
core   0: 3 0x80005424 (0xcc43c683) x13 0x00000080 mem 0x8001512f
core   0: 0x80005428 (0x39c3cd83) lbu     s11, 924(t2)
core   0: 3 0x80005428 (0x39c3cd83) x27 0x00000008 mem 0x80015807
core   0: 0x8000542c (0x1383c003) lbu     zero, 312(t2)
core   0: 3 0x8000542c (0x1383c003) mem 0x800155a3
core   0: 0x80005430 (0x7c430613) addi    a2, t1, 1988
core   0: 3 0x80005430 (0x7c430613) x12 0x000007c4
core   0: 0x80005434 (0x01930433) add     s0, t1, s9
core   0: 3 0x80005434 (0x01930433) x 8 0xc3c0032e
core   0: 0x80005438 (0x09d39503) lh      a0, 157(t2)
core   0: 3 0x80005438 (0x09d39503) x10 0xffffbef8 mem 0x80015508
core   0: 0x8000543c (0x010a19b3) sll     s3, s4, a6
core   0: 3 0x8000543c (0x010a19b3) x19 0xeb834000
core   0: 0x80005440 (0xd08a7313) andi    t1, s4, -760
core   0: 3 0x80005440 (0xd08a7313) x 6 0xeb834000
core   0: 0x80005444 (0x26438003) lb      zero, 612(t2)
core   0: 3 0x80005444 (0x26438003) mem 0x800156cf
core   0: 0x80005448 (0xd923c783) lbu     a5, -622(t2)
core   0: 3 0x80005448 (0xd923c783) x15 0x00000021 mem 0x800151fd
core   0: 0x8000544c (0x42f38623) sb      a5, 1068(t2)
core   0: 3 0x8000544c (0x42f38623) mem 0x80015897 0x21
core   0: 0x80005450 (0x14f39303) lh      t1, 335(t2)
core   0: 3 0x80005450 (0x14f39303) x 6 0x00000dc4 mem 0x800155ba
core   0: 0x80005454 (0x79638423) sb      s6, 1928(t2)
core   0: 3 0x80005454 (0x79638423) mem 0x80015bf3 0x5c
core   0: 0x80005458 (0xc383cd83) lbu     s11, -968(t2)
core   0: 3 0x80005458 (0xc383cd83) x27 0x000000ca mem 0x800150a3
core   0: 0x8000545c (0xa9f92c13) slti    s8, s2, -1377
core   0: 3 0x8000545c (0xa9f92c13) x24 0x00000000
core   0: 0x80005460 (0x6b73d903) lhu     s2, 1719(t2)
core   0: 3 0x80005460 (0x6b73d903) x18 0x00001407 mem 0x80015b22
core   0: 0x80005464 (0x00011797) auipc   a5, 0x11
core   0: 3 0x80005464 (0x00011797) x15 0x80016464
core   0: 0x80005468 (0xa9078793) addi    a5, a5, -1392
core   0: 3 0x80005468 (0xa9078793) x15 0x80015ef4
core   0: 0x8000546c (0x03d78aa3) sb      t4, 53(a5)
core   0: 3 0x8000546c (0x03d78aa3) mem 0x80015f29 0xc4
core   0: 0x80005470 (0x03578183) lb      gp, 53(a5)
core   0: 3 0x80005470 (0x03578183) x 3 0xffffffc4 mem 0x80015f29
core   0: 0x80005474 (0x03578383) lb      t2, 53(a5)
core   0: 3 0x80005474 (0x03578383) x 7 0xffffffc4 mem 0x80015f29
core   0: 0x80005478 (0x02778c83) lb      s9, 39(a5)
core   0: 3 0x80005478 (0x02778c83) x25 0x00000027 mem 0x80015f1b
core   0: 0x8000547c (0xff478803) lb      a6, -12(a5)
core   0: 3 0x8000547c (0xff478803) x16 0xffffffd1 mem 0x80015ee8
core   0: 0x80005480 (0xfe079a23) sh      zero, -12(a5)
core   0: 3 0x80005480 (0xfe079a23) mem 0x80015ee8 0x0000
core   0: 0x80005484 (0x01578d23) sb      s5, 26(a5)
core   0: 3 0x80005484 (0x01578d23) mem 0x80015f0e 0x7e
core   0: 0x80005488 (0x41fc5733) sra     a4, s8, t6
core   0: 3 0x80005488 (0x41fc5733) x14 0x00000000
core   0: 0x8000548c (0x00578aa3) sb      t0, 21(a5)
core   0: 3 0x8000548c (0x00578aa3) mem 0x80015f09 0x6a
core   0: 0x80005490 (0x01078aa3) sb      a6, 21(a5)
core   0: 3 0x80005490 (0x01078aa3) mem 0x80015f09 0xd1
core   0: 0x80005494 (0x0157c983) lbu     s3, 21(a5)
core   0: 3 0x80005494 (0x0157c983) x19 0x000000d1 mem 0x80015f09
core   0: 0x80005498 (0x03b78803) lb      a6, 59(a5)
core   0: 3 0x80005498 (0x03b78803) x16 0xffffff80 mem 0x80015f2f
core   0: 0x8000549c (0x03478da3) sb      s4, 59(a5)
core   0: 3 0x8000549c (0x03478da3) mem 0x80015f2f 0x0
core   0: 0x800054a0 (0xfca785a3) sb      a0, -53(a5)
core   0: 3 0x800054a0 (0xfca785a3) mem 0x80015ebf 0xf8
core   0: 0x800054a4 (0xff47a983) lw      s3, -12(a5)
core   0: 3 0x800054a4 (0xff47a983) x19 0xfa010000 mem 0x80015ee8
core   0: 0x800054a8 (0xfe879a23) sh      s0, -12(a5)
core   0: 3 0x800054a8 (0xfe879a23) mem 0x80015ee8 0x032e
core   0: 0x800054ac (0x00010b97) auipc   s7, 0x10
core   0: 3 0x800054ac (0x00010b97) x23 0x800154ac
core   0: 0x800054b0 (0x4d2b8b93) addi    s7, s7, 1234
core   0: 3 0x800054b0 (0x4d2b8b93) x23 0x8001597e
core   0: 0x800054b4 (0x059b8003) lb      zero, 89(s7)
core   0: 3 0x800054b4 (0x059b8003) mem 0x800159d7
core   0: 0x800054b8 (0xf27b8883) lb      a7, -217(s7)
core   0: 3 0x800054b8 (0xf27b8883) x17 0x0000005b mem 0x800158a5
core   0: 0x800054bc (0x4067d813) srai    a6, a5, 6
core   0: 3 0x800054bc (0x4067d813) x16 0xfe00057b
core   0: 0x800054c0 (0xf5eba483) lw      s1, -162(s7)
core   0: 3 0x800054c0 (0xf5eba483) x 9 0x378a8736 mem 0x800158dc
core   0: 0x800054c4 (0xb871af17) auipc   t5, 0xb871a
core   0: 3 0x800054c4 (0xb871af17) x30 0x3871f4c4
core   0: 0x800054c8 (0x03abc983) lbu     s3, 58(s7)
core   0: 3 0x800054c8 (0x03abc983) x19 0x0000001e mem 0x800159b8
core   0: 0x800054cc (0x023bad23) sw      gp, 58(s7)
core   0: 3 0x800054cc (0x023bad23) mem 0x800159b8 0xffffffc4
core   0: 0x800054d0 (0x03ab8803) lb      a6, 58(s7)
core   0: 3 0x800054d0 (0x03ab8803) x16 0xffffffc4 mem 0x800159b8
core   0: 0x800054d4 (0x043b80a3) sb      gp, 65(s7)
core   0: 3 0x800054d4 (0x043b80a3) mem 0x800159bf 0xc4
core   0: 0x800054d8 (0x0bcb9323) sh      t3, 166(s7)
core   0: 3 0x800054d8 (0x0bcb9323) mem 0x80015a24 0x0018
core   0: 0x800054dc (0xf15b8403) lb      s0, -235(s7)
core   0: 3 0x800054dc (0xf15b8403) x 8 0x0000004d mem 0x80015893
core   0: 0x800054e0 (0x113b8023) sb      s3, 256(s7)
core   0: 3 0x800054e0 (0x113b8023) mem 0x80015a7e 0x1e
core   0: 0x800054e4 (0xf91bab23) sw      a7, -106(s7)
core   0: 3 0x800054e4 (0xf91bab23) mem 0x80015914 0x0000005b
core   0: 0x800054e8 (0xf18b9123) sh      s8, -254(s7)
core   0: 3 0x800054e8 (0xf18b9123) mem 0x80015880 0x0000
core   0: 0x800054ec (0x0021d033) srl     zero, gp, sp
core   0: 3 0x800054ec (0x0021d033)
core   0: 0x800054f0 (0xf01b85a3) sb      ra, -245(s7)
core   0: 3 0x800054f0 (0xf01b85a3) mem 0x80015889 0x0
core   0: 0x800054f4 (0x00010c97) auipc   s9, 0x10
core   0: 3 0x800054f4 (0x00010c97) x25 0x800154f4
core   0: 0x800054f8 (0x170c8c93) addi    s9, s9, 368
core   0: 3 0x800054f8 (0x170c8c93) x25 0x80015664
core   0: 0x800054fc (0x00ddf3b3) and     t2, s11, a3
core   0: 3 0x800054fc (0x00ddf3b3) x 7 0x00000080
core   0: 0x80005500 (0x273c82a3) sb      s3, 613(s9)
core   0: 3 0x80005500 (0x273c82a3) mem 0x800158c9 0x1e
core   0: 0x80005504 (0x013b5f33) srl     t5, s6, s3
core   0: 3 0x80005504 (0x013b5f33) x30 0x00000003
core   0: 0x80005508 (0x521c8483) lb      s1, 1313(s9)
core   0: 3 0x80005508 (0x521c8483) x 9 0xffffffa4 mem 0x80015b85
core   0: 0x8000550c (0xe9fc9023) sh      t6, -384(s9)
core   0: 3 0x8000550c (0xe9fc9023) mem 0x800154e4 0xff79
core   0: 0x80005510 (0xf404bf93) sltiu   t6, s1, -192
core   0: 3 0x80005510 (0xf404bf93) x31 0x00000000
core   0: 0x80005514 (0x9cddf713) andi    a4, s11, -1587
core   0: 3 0x80005514 (0x9cddf713) x14 0x000000c8
core   0: 0x80005518 (0xb67cc683) lbu     a3, -1177(s9)
core   0: 3 0x80005518 (0xb67cc683) x13 0x0000002a mem 0x800151cb
core   0: 0x8000551c (0x3fecc403) lbu     s0, 1022(s9)
core   0: 3 0x8000551c (0x3fecc403) x 8 0x00000000 mem 0x80015a62
core   0: 0x80005520 (0x0003e533) or      a0, t2, zero
core   0: 3 0x80005520 (0x0003e533) x10 0x00000080
core   0: 0x80005524 (0xae1ccf03) lbu     t5, -1311(s9)
core   0: 3 0x80005524 (0xae1ccf03) x30 0x0000006d mem 0x80015145
core   0: 0x80005528 (0xf63cc903) lbu     s2, -157(s9)
core   0: 3 0x80005528 (0xf63cc903) x18 0x000000b9 mem 0x800155c7
core   0: 0x8000552c (0xb4dcc703) lbu     a4, -1203(s9)
core   0: 3 0x8000552c (0xb4dcc703) x14 0x000000b6 mem 0x800151b1
core   0: 0x80005530 (0x325c8c23) sb      t0, 824(s9)
core   0: 3 0x80005530 (0x325c8c23) mem 0x8001599c 0x6a
core   0: 0x80005534 (0x4166d993) srai    s3, a3, 22
core   0: 3 0x80005534 (0x4166d993) x19 0x00000000
core   0: 0x80005538 (0x0018e9b3) or      s3, a7, ra
core   0: 3 0x80005538 (0x0018e9b3) x19 0xdae0005b
core   0: 0x8000553c (0x0000100f) fence.i
core   0: 3 0x8000553c (0x0000100f)
core   0: 0x80005540 (0x612cd383) lhu     t2, 1554(s9)
core   0: 3 0x80005540 (0x612cd383) x 7 0x00000000 mem 0x80015c76
core   0: 0x80005544 (0x0000100f) fence.i
core   0: 3 0x80005544 (0x0000100f)
core   0: 0x80005548 (0xb07cca03) lbu     s4, -1273(s9)
core   0: 3 0x80005548 (0xb07cca03) x20 0x000000f6 mem 0x8001516b
core   0: 0x8000554c (0xc65c8383) lb      t2, -923(s9)
core   0: 3 0x8000554c (0xc65c8383) x 7 0x00000034 mem 0x800152c9
core   0: 0x80005550 (0x00169793) slli    a5, a3, 1
core   0: 3 0x80005550 (0x00169793) x15 0x00000054
core   0: 0x80005554 (0xeb9c9d23) sh      s9, -326(s9)
core   0: 3 0x80005554 (0xeb9c9d23) mem 0x8001551e 0x5664
core   0: 0x80005558 (0x467c8283) lb      t0, 1127(s9)
core   0: 3 0x80005558 (0x467c8283) x 5 0xfffffff3 mem 0x80015acb
core   0: 0x8000555c (0x0170c1b3) xor     gp, ra, s7
core   0: 3 0x8000555c (0x0170c1b3) x 3 0x5ae1597e
core   0: 0x80005560 (0x00cebbb3) sltu    s7, t4, a2
core   0: 3 0x80005560 (0x00cebbb3) x23 0x00000000
core   0: 0x80005564 (0x00cbac33) slt     s8, s7, a2
core   0: 3 0x80005564 (0x00cbac33) x24 0x00000001
core   0: 0x80005568 (0x01a98797) auipc   a5, 0x1a98
core   0: 3 0x80005568 (0x01a98797) x15 0x81a9d568
core   0: 0x8000556c (0x41b65893) srai    a7, a2, 27
core   0: 3 0x8000556c (0x41b65893) x17 0x00000000
core   0: 0x80005570 (0x126cd803) lhu     a6, 294(s9)
core   0: 3 0x80005570 (0x126cd803) x16 0x00007b72 mem 0x8001578a
core   0: 0x80005574 (0x40e40fb3) sub     t6, s0, a4
core   0: 3 0x80005574 (0x40e40fb3) x31 0xffffff4a
core   0: 0x80005578 (0x006de233) or      tp, s11, t1
core   0: 3 0x80005578 (0x006de233) x 4 0x00000dce
core   0: 0x8000557c (0xc67cc303) lbu     t1, -921(s9)
core   0: 3 0x8000557c (0xc67cc303) x 6 0x000000d4 mem 0x800152cb
core   0: 0x80005580 (0x00a361b3) or      gp, t1, a0
core   0: 3 0x80005580 (0x00a361b3) x 3 0x000000d4
core   0: 0x80005584 (0xd0bc8783) lb      a5, -757(s9)
core   0: 3 0x80005584 (0xd0bc8783) x15 0x00000000 mem 0x8001536f
core   0: 0x80005588 (0xae124693) xori    a3, tp, -1311
core   0: 3 0x80005588 (0xae124693) x13 0xfffff72f
core   0: 0x8000558c (0xa516e013) ori     zero, a3, -1455
core   0: 3 0x8000558c (0xa516e013)
core   0: 0x80005590 (0x0093d213) srli    tp, t2, 9
core   0: 3 0x80005590 (0x0093d213) x 4 0x00000000
core   0: 0x80005594 (0x41e78333) sub     t1, a5, t5
core   0: 3 0x80005594 (0x41e78333) x 6 0xffffff93
core   0: 0x80005598 (0xfd6c9283) lh      t0, -42(s9)
core   0: 3 0x80005598 (0xfd6c9283) x 5 0x000061b1 mem 0x8001563a
core   0: 0x8000559c (0x7b3e4493) xori    s1, t3, 1971
core   0: 3 0x8000559c (0x7b3e4493) x 9 0x000007ab
core   0: 0x800055a0 (0x015afdb3) and     s11, s5, s5
core   0: 3 0x800055a0 (0x015afdb3) x27 0xfffffd7e
core   0: 0x800055a4 (0x463c87a3) sb      gp, 1135(s9)
core   0: 3 0x800055a4 (0x463c87a3) mem 0x80015ad3 0xd4
core   0: 0x800055a8 (0x221cc803) lbu     a6, 545(s9)
core   0: 3 0x800055a8 (0x221cc803) x16 0x000000bc mem 0x80015885
core   0: 0x800055ac (0x1e3c8ca3) sb      gp, 505(s9)
core   0: 3 0x800055ac (0x1e3c8ca3) mem 0x8001585d 0xd4
core   0: 0x800055b0 (0x4bacc283) lbu     t0, 1210(s9)
core   0: 3 0x800055b0 (0x4bacc283) x 5 0x0000008e mem 0x80015b1e
core   0: 0x800055b4 (0x01afa1b3) slt     gp, t6, s10
core   0: 3 0x800055b4 (0x01afa1b3) x 3 0x00000001
core   0: 0x800055b8 (0x0000100f) fence.i
core   0: 3 0x800055b8 (0x0000100f)
core   0: 0x800055bc (0x0000100f) fence.i
core   0: 3 0x800055bc (0x0000100f)
core   0: 0x800055c0 (0x002caab3) slt     s5, s9, sp
core   0: 3 0x800055c0 (0x002caab3) x21 0x00000001
core   0: 0x800055c4 (0x00c88ab3) add     s5, a7, a2
core   0: 3 0x800055c4 (0x00c88ab3) x21 0x000007c4
core   0: 0x800055c8 (0x416b88b3) sub     a7, s7, s6
core   0: 3 0x800055c8 (0x416b88b3) x17 0x019e44a4
core   0: 0x800055cc (0xe5ec82a3) sb      t5, -443(s9)
core   0: 3 0x800055cc (0xe5ec82a3) mem 0x800154a9 0x6d
core   0: 0x800055d0 (0x00010997) auipc   s3, 0x10
core   0: 3 0x800055d0 (0x00010997) x19 0x800155d0
core   0: 0x800055d4 (0x6b798993) addi    s3, s3, 1719
core   0: 3 0x800055d4 (0x6b798993) x19 0x80015c87
core   0: 0x800055d8 (0x03098c83) lb      s9, 48(s3)
core   0: 3 0x800055d8 (0x03098c83) x25 0x0000007f mem 0x80015cb7
core   0: 0x800055dc (0x01125433) srl     s0, tp, a7
core   0: 3 0x800055dc (0x01125433) x 8 0x00000000
core   0: 0x800055e0 (0xfa599283) lh      t0, -91(s3)
core   0: 3 0x800055e0 (0xfa599283) x 5 0xffff8488 mem 0x80015c2c
core   0: 0x800055e4 (0xc47a3db7) lui     s11, 0xc47a3
core   0: 3 0x800055e4 (0xc47a3db7) x27 0xc47a3000
core   0: 0x800055e8 (0x00c09e93) slli    t4, ra, 12
core   0: 3 0x800055e8 (0x00c09e93) x29 0x00000000
core   0: 0x800055ec (0xff298803) lb      a6, -14(s3)
core   0: 3 0x800055ec (0xff298803) x16 0x00000028 mem 0x80015c79
core   0: 0x800055f0 (0x01711313) slli    t1, sp, 23
core   0: 3 0x800055f0 (0x01711313) x 6 0x32000000
core   0: 0x800055f4 (0x012f6533) or      a0, t5, s2
core   0: 3 0x800055f4 (0x012f6533) x10 0x000000fd
core   0: 0x800055f8 (0x0219c003) lbu     zero, 33(s3)
core   0: 3 0x800055f8 (0x0219c003) mem 0x80015ca8
core   0: 0x800055fc (0x047994a3) sh      t2, 73(s3)
core   0: 3 0x800055fc (0x047994a3) mem 0x80015cd0 0x0034
core   0: 0x80005600 (0xcf1cf693) andi    a3, s9, -783
core   0: 3 0x80005600 (0xcf1cf693) x13 0x00000071
core   0: 0x80005604 (0xf365ec93) ori     s9, a1, -202
core   0: 3 0x80005604 (0xf365ec93) x25 0xfffffff6
core   0: 0x80005608 (0xfe598823) sb      t0, -16(s3)
core   0: 3 0x80005608 (0xfe598823) mem 0x80015c77 0x88
core   0: 0x8000560c (0xd2ffcd93) xori    s11, t6, -721
core   0: 3 0x8000560c (0xd2ffcd93) x27 0x00000265
core   0: 0x80005610 (0x00255293) srli    t0, a0, 2
core   0: 3 0x80005610 (0x00255293) x 5 0x0000003f
core   0: 0x80005614 (0xfb898003) lb      zero, -72(s3)
core   0: 3 0x80005614 (0xfb898003) mem 0x80015c3f
core   0: 0x80005618 (0x01369913) slli    s2, a3, 19
core   0: 3 0x80005618 (0x01369913) x18 0x03880000
core   0: 0x8000561c (0xf4a98923) sb      a0, -174(s3)
core   0: 3 0x8000561c (0xf4a98923) mem 0x80015bd9 0xfd
core   0: 0x80005620 (0x00565e93) srli    t4, a2, 5
core   0: 3 0x80005620 (0x00565e93) x29 0x0000003e
core   0: 0x80005624 (0x3f3f6b97) auipc   s7, 0x3f3f6
core   0: 3 0x80005624 (0x3f3f6b97) x23 0xbf3fb624
core   0: 0x80005628 (0x01f67433) and     s0, a2, t6
core   0: 3 0x80005628 (0x01f67433) x 8 0x00000740
core   0: 0x8000562c (0x00a80933) add     s2, a6, a0
core   0: 3 0x8000562c (0x00a80933) x18 0x00000125
core   0: 0x80005630 (0x004e9613) slli    a2, t4, 4
core   0: 3 0x80005630 (0x004e9613) x12 0x000003e0
core   0: 0x80005634 (0x0ec00493) li      s1, 236
core   0: 3 0x80005634 (0x0ec00493) x 9 0x000000ec
core   0: 0x80005638 (0xfb998523) sb      s9, -86(s3)
core   0: 3 0x80005638 (0xfb998523) mem 0x80015c31 0xf6
core   0: 0x8000563c (0x09298003) lb      zero, 146(s3)
core   0: 3 0x8000563c (0x09298003) mem 0x80015d19
core   0: 0x80005640 (0xfdc98723) sb      t3, -50(s3)
core   0: 3 0x80005640 (0xfdc98723) mem 0x80015c55 0x18
core   0: 0x80005644 (0x00010697) auipc   a3, 0x10
core   0: 3 0x80005644 (0x00010697) x13 0x80015644
core   0: 0x80005648 (0xf9468693) addi    a3, a3, -108
core   0: 3 0x80005648 (0xf9468693) x13 0x800155d8
core   0: 0x8000564c (0x0001fb97) auipc   s7, 0x1f
core   0: 3 0x8000564c (0x0001fb97) x23 0x8002464c
core   0: 0x80005650 (0xafdb8b93) addi    s7, s7, -1283
core   0: 3 0x80005650 (0xafdb8b93) x23 0x80024149
core   0: 0x80005654 (0xfdf68f03) lb      t5, -33(a3)
core   0: 3 0x80005654 (0xfdf68f03) x30 0xffffffa6 mem 0x800155b7
core   0: 0x80005658 (0xf806ae23) sw      zero, -100(a3)
core   0: 3 0x80005658 (0xf806ae23) mem 0x80015574 0x00000000
core   0: 0x8000565c (0x00cb8283) lb      t0, 12(s7)
core   0: 3 0x8000565c (0x00cb8283) x 5 0x00000044 mem 0x80024155
core   0: 0x80005660 (0x05a681a3) sb      s10, 67(a3)
core   0: 3 0x80005660 (0x05a681a3) mem 0x8001561b 0x1
core   0: 0x80005664 (0x00cb8483) lb      s1, 12(s7)
core   0: 3 0x80005664 (0x00cb8483) x 9 0x00000044 mem 0x80024155
core   0: 0x80005668 (0x005b8783) lb      a5, 5(s7)
core   0: 3 0x80005668 (0x005b8783) x15 0x0000000c mem 0x8002414e
core   0: 0x8000566c (0xf186d203) lhu     tp, -232(a3)
core   0: 3 0x8000566c (0xf186d203) x 4 0x00009edb mem 0x800154f0
core   0: 0x80005670 (0x00eb8403) lb      s0, 14(s7)
core   0: 3 0x80005670 (0x00eb8403) x 8 0xffffffb9 mem 0x80024157
core   0: 0x80005674 (0xfe9688a3) sb      s1, -15(a3)
core   0: 3 0x80005674 (0xfe9688a3) mem 0x800155c9 0x44
core   0: 0x80005678 (0x00eb8783) lb      a5, 14(s7)
core   0: 3 0x80005678 (0x00eb8783) x15 0xffffffb9 mem 0x80024157
core   0: 0x8000567c (0xfc169723) sh      ra, -50(a3)
core   0: 3 0x8000567c (0xfc169723) mem 0x800155a6 0x0000
core   0: 0x80005680 (0x00017c17) auipc   s8, 0x17
core   0: 3 0x80005680 (0x00017c17) x24 0x8001c680
core   0: 0x80005684 (0xb65c0c13) addi    s8, s8, -1179
core   0: 3 0x80005684 (0xb65c0c13) x24 0x8001c1e5
core   0: 0x80005688 (0x0fcc12a3) sh      t3, 229(s8)
core   0: 3 0x80005688 (0x0fcc12a3) mem 0x8001c2ca 0x0018
core   0: 0x8000568c (0xf08c16a3) sh      s0, -243(s8)
core   0: 3 0x8000568c (0xf08c16a3) mem 0x8001c0f2 0xffb9
core   0: 0x80005690 (0x04ec0a83) lb      s5, 78(s8)
core   0: 3 0x80005690 (0x04ec0a83) x21 0x00000032 mem 0x8001c233
core   0: 0x80005694 (0x0edc1f83) lh      t6, 237(s8)
core   0: 3 0x80005694 (0x0edc1f83) x31 0xffffb4fe mem 0x8001c2d2
core   0: 0x80005698 (0x00c25413) srli    s0, tp, 12
core   0: 3 0x80005698 (0x00c25413) x 8 0x00000009
core   0: 0x8000569c (0x040c0703) lb      a4, 64(s8)
core   0: 3 0x8000569c (0x040c0703) x14 0x0000007e mem 0x8001c225
core   0: 0x800056a0 (0x01c31513) slli    a0, t1, 28
core   0: 3 0x800056a0 (0x01c31513) x10 0x00000000
core   0: 0x800056a4 (0x00ac3333) sltu    t1, s8, a0
core   0: 3 0x800056a4 (0x00ac3333) x 6 0x00000000
core   0: 0x800056a8 (0x557940b7) lui     ra, 0x55794
core   0: 3 0x800056a8 (0x557940b7) x 1 0x55794000
core   0: 0x800056ac (0xcd461db7) lui     s11, 0xcd461
core   0: 3 0x800056ac (0xcd461db7) x27 0xcd461000
core   0: 0x800056b0 (0x4f87ba13) sltiu   s4, a5, 1272
core   0: 3 0x800056b0 (0x4f87ba13) x20 0x00000000
core   0: 0x800056b4 (0xf56c0e03) lb      t3, -170(s8)
core   0: 3 0x800056b4 (0xf56c0e03) x28 0xffffffaf mem 0x8001c13b
core   0: 0x800056b8 (0x0fbc0023) sb      s11, 224(s8)
core   0: 3 0x800056b8 (0x0fbc0023) mem 0x8001c2c5 0x0
core   0: 0x800056bc (0xda08ae13) slti    t3, a7, -608
core   0: 3 0x800056bc (0xda08ae13) x28 0x00000000
core   0: 0x800056c0 (0x40b40cb3) sub     s9, s0, a1
core   0: 3 0x800056c0 (0x40b40cb3) x25 0x7ffd1325
core   0: 0x800056c4 (0x096c00a3) sb      s6, 129(s8)
core   0: 3 0x800056c4 (0x096c00a3) mem 0x8001c266 0x5c
core   0: 0x800056c8 (0xf82c0883) lb      a7, -126(s8)
core   0: 3 0x800056c8 (0xf82c0883) x17 0xffffffd5 mem 0x8001c167
core   0: 0x800056cc (0xf74c4783) lbu     a5, -140(s8)
core   0: 3 0x800056cc (0xf74c4783) x15 0x00000078 mem 0x8001c159
core   0: 0x800056d0 (0x16047317) auipc   t1, 0x16047
core   0: 3 0x800056d0 (0x16047317) x 6 0x9604c6d0
core   0: 0x800056d4 (0x011dd013) srli    zero, s11, 17
core   0: 3 0x800056d4 (0x011dd013)
core   0: 0x800056d8 (0x41405d93) srai    s11, zero, 20
core   0: 3 0x800056d8 (0x41405d93) x27 0x00000000
core   0: 0x800056dc (0xff2c0503) lb      a0, -14(s8)
core   0: 3 0x800056dc (0xff2c0503) x10 0x00000010 mem 0x8001c1d7
core   0: 0x800056e0 (0xfb9c4903) lbu     s2, -71(s8)
core   0: 3 0x800056e0 (0xfb9c4903) x18 0x00000036 mem 0x8001c19e
core   0: 0x800056e4 (0x40fbd093) srai    ra, s7, 15
core   0: 3 0x800056e4 (0x40fbd093) x 1 0xffff0004
core   0: 0x800056e8 (0x8c713c93) sltiu   s9, sp, -1849
core   0: 3 0x800056e8 (0x8c713c93) x25 0x00000001
core   0: 0x800056ec (0x414a07b3) sub     a5, s4, s4
core   0: 3 0x800056ec (0x414a07b3) x15 0x00000000
core   0: 0x800056f0 (0xf71c4603) lbu     a2, -143(s8)
core   0: 3 0x800056f0 (0xf71c4603) x12 0x0000001b mem 0x8001c156
core   0: 0x800056f4 (0x00012a97) auipc   s5, 0x12
core   0: 3 0x800056f4 (0x00012a97) x21 0x800176f4
core   0: 0x800056f8 (0x4b3a8a93) addi    s5, s5, 1203
core   0: 3 0x800056f8 (0x4b3a8a93) x21 0x80017ba7
core   0: 0x800056fc (0x03fa9303) lh      t1, 63(s5)
core   0: 3 0x800056fc (0x03fa9303) x 6 0x00004eab mem 0x80017be6
core   0: 0x80005700 (0xfd3add83) lhu     s11, -45(s5)
core   0: 3 0x80005700 (0xfd3add83) x27 0x00001e45 mem 0x80017b7a
core   0: 0x80005704 (0x025a8323) sb      t0, 38(s5)
core   0: 3 0x80005704 (0x025a8323) mem 0x80017bcd 0x44
core   0: 0x80005708 (0xfeba8623) sb      a1, -20(s5)
core   0: 3 0x80005708 (0xfeba8623) mem 0x80017b93 0xe4
core   0: 0x8000570c (0xad2a6013) ori     zero, s4, -1326
core   0: 3 0x8000570c (0xad2a6013)
core   0: 0x80005710 (0xfeca8a03) lb      s4, -20(s5)
core   0: 3 0x80005710 (0xfeca8a03) x20 0xffffffe4 mem 0x80017b93
core   0: 0x80005714 (0xffbac083) lbu     ra, -5(s5)
core   0: 3 0x80005714 (0xffbac083) x 1 0x0000006e mem 0x80017ba2
core   0: 0x80005718 (0xffba9683) lh      a3, -5(s5)
core   0: 3 0x80005718 (0xffba9683) x13 0xffffb96e mem 0x80017ba2
core   0: 0x8000571c (0x015acb83) lbu     s7, 21(s5)
core   0: 3 0x8000571c (0x015acb83) x23 0x000000da mem 0x80017bbc
core   0: 0x80005720 (0x00000013) nop
core   0: 3 0x80005720 (0x00000013)
core   0: 0x80005724 (0x7ebf2f13) slti    t5, t5, 2027
core   0: 3 0x80005724 (0x7ebf2f13) x30 0x00000001
core   0: 0x80005728 (0x028ac683) lbu     a3, 40(s5)
core   0: 3 0x80005728 (0x028ac683) x13 0x00000031 mem 0x80017bcf
core   0: 0x8000572c (0x028a8c83) lb      s9, 40(s5)
core   0: 3 0x8000572c (0x028a8c83) x25 0x00000031 mem 0x80017bcf
core   0: 0x80005730 (0x01aa8423) sb      s10, 8(s5)
core   0: 3 0x80005730 (0x01aa8423) mem 0x80017baf 0x1
core   0: 0x80005734 (0xffca90a3) sh      t3, -31(s5)
core   0: 3 0x80005734 (0xffca90a3) mem 0x80017b88 0x0000
core   0: 0x80005738 (0xfdba8423) sb      s11, -56(s5)
core   0: 3 0x80005738 (0xfdba8423) mem 0x80017b6f 0x45
core   0: 0x8000573c (0xffbac203) lbu     tp, -5(s5)
core   0: 3 0x8000573c (0xffbac203) x 4 0x0000006e mem 0x80017ba2
core   0: 0x80005740 (0xffba8c03) lb      s8, -5(s5)
core   0: 3 0x80005740 (0xffba8c03) x24 0x0000006e mem 0x80017ba2
core   0: 0x80005744 (0xfeea8783) lb      a5, -18(s5)
core   0: 3 0x80005744 (0xfeea8783) x15 0xffffffda mem 0x80017b95
core   0: 0x80005748 (0xfe6aca03) lbu     s4, -26(s5)
core   0: 3 0x80005748 (0xfe6aca03) x20 0x0000004c mem 0x80017b8d
core   0: 0x8000574c (0xff2a8323) sb      s2, -26(s5)
core   0: 3 0x8000574c (0xff2a8323) mem 0x80017b8d 0x36
core   0: 0x80005750 (0x01f09d33) sll     s10, ra, t6
core   0: 3 0x80005750 (0x01f09d33) x26 0x80000000
core   0: 0x80005754 (0xfdda9f03) lh      t5, -35(s5)
core   0: 3 0x80005754 (0xfdda9f03) x30 0xffffc317 mem 0x80017b84
core   0: 0x80005758 (0x03aa8b83) lb      s7, 58(s5)
core   0: 3 0x80005758 (0x03aa8b83) x23 0x00000055 mem 0x80017be1
core   0: 0x8000575c (0x00010697) auipc   a3, 0x10
core   0: 3 0x8000575c (0x00010697) x13 0x8001575c
core   0: 0x80005760 (0x32768693) addi    a3, a3, 807
core   0: 3 0x80005760 (0x32768693) x13 0x80015a83
core   0: 0x80005764 (0x0096b0b3) sltu    ra, a3, s1
core   0: 3 0x80005764 (0x0096b0b3) x 1 0x00000000
core   0: 0x80005768 (0x0eb68223) sb      a1, 228(a3)
core   0: 3 0x80005768 (0x0eb68223) mem 0x80015b67 0xe4
core   0: 0x8000576c (0x06068603) lb      a2, 96(a3)
core   0: 3 0x8000576c (0x06068603) x12 0xffffffce mem 0x80015ae3
core   0: 0x80005770 (0x0346c183) lbu     gp, 52(a3)
core   0: 3 0x80005770 (0x0346c183) x 3 0x00000001 mem 0x80015ab7
core   0: 0x80005774 (0x40c88933) sub     s2, a7, a2
core   0: 3 0x80005774 (0x40c88933) x18 0x00000007
core   0: 0x80005778 (0x40335213) srai    tp, t1, 3
core   0: 3 0x80005778 (0x40335213) x 4 0x000009d5
core   0: 0x8000577c (0xfe068903) lb      s2, -32(a3)
core   0: 3 0x8000577c (0xfe068903) x18 0x00000000 mem 0x80015a63
core   0: 0x80005780 (0x01ca8d33) add     s10, s5, t3
core   0: 3 0x80005780 (0x01ca8d33) x26 0x80017ba7
core   0: 0x80005784 (0xf5668883) lb      a7, -170(a3)
core   0: 3 0x80005784 (0xf5668883) x17 0x0000001e mem 0x800159d9
core   0: 0x80005788 (0x40a45893) srai    a7, s0, 10
core   0: 3 0x80005788 (0x40a45893) x17 0x00000000
core   0: 0x8000578c (0x0866cc03) lbu     s8, 134(a3)
core   0: 3 0x8000578c (0x0866cc03) x24 0x000000b8 mem 0x80015b09
core   0: 0x80005790 (0x0ae68f03) lb      t5, 174(a3)
core   0: 3 0x80005790 (0x0ae68f03) x30 0x00000016 mem 0x80015b31
core   0: 0x80005794 (0x0000100f) fence.i
core   0: 3 0x80005794 (0x0000100f)
core   0: 0x80005798 (0x01234eb3) xor     t4, t1, s2
core   0: 3 0x80005798 (0x01234eb3) x29 0x00004eab
core   0: 0x8000579c (0x09a68783) lb      a5, 154(a3)
core   0: 3 0x8000579c (0x09a68783) x15 0x00000000 mem 0x80015b1d
core   0: 0x800057a0 (0x2e3898b7) lui     a7, 0x2e389
core   0: 3 0x800057a0 (0x2e3898b7) x17 0x2e389000
core   0: 0x800057a4 (0xa5469c17) auipc   s8, 0xa5469
core   0: 3 0x800057a4 (0xa5469c17) x24 0x2546e7a4
core   0: 0x800057a8 (0x0cc6c603) lbu     a2, 204(a3)
core   0: 3 0x800057a8 (0x0cc6c603) x12 0x0000004a mem 0x80015b4f
core   0: 0x800057ac (0x01ca9913) slli    s2, s5, 28
core   0: 3 0x800057ac (0x01ca9913) x18 0x70000000
core   0: 0x800057b0 (0x002ad8b3) srl     a7, s5, sp
core   0: 3 0x800057b0 (0x002ad8b3) x17 0x080017ba
core   0: 0x800057b4 (0x0dc68f83) lb      t6, 220(a3)
core   0: 3 0x800057b4 (0x0dc68f83) x31 0x00000055 mem 0x80015b5f
core   0: 0x800057b8 (0x0a769783) lh      a5, 167(a3)
core   0: 3 0x800057b8 (0x0a769783) x15 0x0000749a mem 0x80015b2a
core   0: 0x800057bc (0x0466c783) lbu     a5, 70(a3)
core   0: 3 0x800057bc (0x0466c783) x15 0x000000df mem 0x80015ac9
core   0: 0x800057c0 (0x00a17bb3) and     s7, sp, a0
core   0: 3 0x800057c0 (0x00a17bb3) x23 0x00000000
core   0: 0x800057c4 (0x40fb04b3) sub     s1, s6, a5
core   0: 3 0x800057c4 (0x40fb04b3) x 9 0xfe61ba7d
core   0: 0x800057c8 (0x0dd68423) sb      t4, 200(a3)
core   0: 3 0x800057c8 (0x0dd68423) mem 0x80015b4b 0xab
core   0: 0x800057cc (0x56b66993) ori     s3, a2, 1387
core   0: 3 0x800057cc (0x56b66993) x19 0x0000056b
core   0: 0x800057d0 (0xfd668023) sb      s6, -64(a3)
core   0: 3 0x800057d0 (0xfd668023) mem 0x80015a43 0x5c
core   0: 0x800057d4 (0x0396c183) lbu     gp, 57(a3)
core   0: 3 0x800057d4 (0x0396c183) x 3 0x00000015 mem 0x80015abc
core   0: 0x800057d8 (0x005d7ab3) and     s5, s10, t0
core   0: 3 0x800057d8 (0x005d7ab3) x21 0x00000004
core   0: 0x800057dc (0x0266a8a3) sw      t1, 49(a3)
core   0: 3 0x800057dc (0x0266a8a3) mem 0x80015ab4 0x00004eab
core   0: 0x800057e0 (0x063684a3) sb      gp, 105(a3)
core   0: 3 0x800057e0 (0x063684a3) mem 0x80015aec 0x15
core   0: 0x800057e4 (0x01b3bab3) sltu    s5, t2, s11
core   0: 3 0x800057e4 (0x01b3bab3) x21 0x00000001
core   0: 0x800057e8 (0x0000100f) fence.i
core   0: 3 0x800057e8 (0x0000100f)
core   0: 0x800057ec (0x02d6a8a3) sw      a3, 49(a3)
core   0: 3 0x800057ec (0x02d6a8a3) mem 0x80015ab4 0x80015a83
core   0: 0x800057f0 (0x00c8b7b3) sltu    a5, a7, a2
core   0: 3 0x800057f0 (0x00c8b7b3) x15 0x00000000
core   0: 0x800057f4 (0xfaa6c403) lbu     s0, -86(a3)
core   0: 3 0x800057f4 (0xfaa6c403) x 8 0x000000ed mem 0x80015a2d
core   0: 0x800057f8 (0x00010817) auipc   a6, 0x10
core   0: 3 0x800057f8 (0x00010817) x16 0x800157f8
core   0: 0x800057fc (0xf0e80813) addi    a6, a6, -242
core   0: 3 0x800057fc (0xf0e80813) x16 0x80015706
core   0: 0x80005800 (0xddb84783) lbu     a5, -549(a6)
core   0: 3 0x80005800 (0xddb84783) x15 0x0000001f mem 0x800154e1
core   0: 0x80005804 (0x9a395037) lui     zero, 0x9a395
core   0: 3 0x80005804 (0x9a395037)
core   0: 0x80005808 (0x04080483) lb      s1, 64(a6)
core   0: 3 0x80005808 (0x04080483) x 9 0xffffffba mem 0x80015746
core   0: 0x8000580c (0x62384983) lbu     s3, 1571(a6)
core   0: 3 0x8000580c (0x62384983) x19 0x0000006a mem 0x80015d29
core   0: 0x80005810 (0xc2a80ea3) sb      a0, -963(a6)
core   0: 3 0x80005810 (0xc2a80ea3) mem 0x80015343 0x10
core   0: 0x80005814 (0x40ec5cb3) sra     s9, s8, a4
core   0: 3 0x80005814 (0x40ec5cb3) x25 0x00000000
core   0: 0x80005818 (0xd5580503) lb      a0, -683(a6)
core   0: 3 0x80005818 (0xd5580503) x10 0xffffff9c mem 0x8001545b
core   0: 0x8000581c (0xe182f913) andi    s2, t0, -488
core   0: 3 0x8000581c (0xe182f913) x18 0x00000000
core   0: 0x80005820 (0xd5c80aa3) sb      t3, -683(a6)
core   0: 3 0x80005820 (0xd5c80aa3) mem 0x8001545b 0x0
core   0: 0x80005824 (0x00da58b3) srl     a7, s4, a3
core   0: 3 0x80005824 (0x00da58b3) x17 0x00000009
core   0: 0x80005828 (0x34580e23) sb      t0, 860(a6)
core   0: 3 0x80005828 (0x34580e23) mem 0x80015a62 0x44
core   0: 0x8000582c (0x35781e23) sh      s7, 860(a6)
core   0: 3 0x8000582c (0x35781e23) mem 0x80015a62 0x0000
core   0: 0x80005830 (0x35c80903) lb      s2, 860(a6)
core   0: 3 0x80005830 (0x35c80903) x18 0x00000000 mem 0x80015a62
core   0: 0x80005834 (0x35e81e23) sh      t5, 860(a6)
core   0: 3 0x80005834 (0x35e81e23) mem 0x80015a62 0x0016
core   0: 0x80005838 (0xfe680923) sb      t1, -14(a6)
core   0: 3 0x80005838 (0xfe680923) mem 0x800156f8 0xab
core   0: 0x8000583c (0x6bfac893) xori    a7, s5, 1727
core   0: 3 0x8000583c (0x6bfac893) x17 0x000006be
core   0: 0x80005840 (0x16e84603) lbu     a2, 366(a6)
core   0: 3 0x80005840 (0x16e84603) x12 0x00000076 mem 0x80015874
core   0: 0x80005844 (0x16e85e83) lhu     t4, 366(a6)
core   0: 3 0x80005844 (0x16e85e83) x29 0x0000dc76 mem 0x80015874
core   0: 0x80005848 (0x0000100f) fence.i
core   0: 3 0x80005848 (0x0000100f)
core   0: 0x8000584c (0xc7a82f83) lw      t6, -902(a6)
core   0: 3 0x8000584c (0xc7a82f83) x31 0x00c2b19c mem 0x80015380
core   0: 0x80005850 (0xc7a84003) lbu     zero, -902(a6)
core   0: 3 0x80005850 (0xc7a84003) mem 0x80015380
core   0: 0x80005854 (0x00012397) auipc   t2, 0x12
core   0: 3 0x80005854 (0x00012397) x 7 0x80017854
core   0: 0x80005858 (0x6dc38393) addi    t2, t2, 1756
core   0: 3 0x80005858 (0x6dc38393) x 7 0x80017f30
core   0: 0x8000585c (0xf8c38ca3) sb      a2, -103(t2)
core   0: 3 0x8000585c (0xf8c38ca3) mem 0x80017ec9 0x76
core   0: 0x80005860 (0x009e0fb3) add     t6, t3, s1
core   0: 3 0x80005860 (0x009e0fb3) x31 0xffffffba
core   0: 0x80005864 (0xff43d603) lhu     a2, -12(t2)
core   0: 3 0x80005864 (0xff43d603) x12 0x00009a54 mem 0x80017f24
core   0: 0x80005868 (0x68154e13) xori    t3, a0, 1665
core   0: 3 0x80005868 (0x68154e13) x28 0xfffff91d
core   0: 0x8000586c (0xf963cf83) lbu     t6, -106(t2)
core   0: 3 0x8000586c (0xf963cf83) x31 0x000000cf mem 0x80017ec6
core   0: 0x80005870 (0x07a383a3) sb      s10, 103(t2)
core   0: 3 0x80005870 (0x07a383a3) mem 0x80017f97 0xa7
core   0: 0x80005874 (0x00e38303) lb      t1, 14(t2)
core   0: 3 0x80005874 (0x00e38303) x 6 0xffffffcb mem 0x80017f3e
core   0: 0x80005878 (0xdff82f93) slti    t6, a6, -513
core   0: 3 0x80005878 (0xdff82f93) x31 0x00000001
core   0: 0x8000587c (0xf8c3ca03) lbu     s4, -116(t2)
core   0: 3 0x8000587c (0xf8c3ca03) x20 0x000000e0 mem 0x80017ebc
core   0: 0x80005880 (0x0029dd93) srli    s11, s3, 2
core   0: 3 0x80005880 (0x0029dd93) x27 0x0000001a
core   0: 0x80005884 (0xf3039703) lh      a4, -208(t2)
core   0: 3 0x80005884 (0xf3039703) x14 0xffffada6 mem 0x80017e60
core   0: 0x80005888 (0x0000100f) fence.i
core   0: 3 0x80005888 (0x0000100f)
core   0: 0x8000588c (0x0a43c683) lbu     a3, 164(t2)
core   0: 3 0x8000588c (0x0a43c683) x13 0x00000081 mem 0x80017fd4
core   0: 0x80005890 (0x00000013) nop
core   0: 3 0x80005890 (0x00000013)
core   0: 0x80005894 (0xf953c603) lbu     a2, -107(t2)
core   0: 3 0x80005894 (0xf953c603) x12 0x000000ca mem 0x80017ec5
core   0: 0x80005898 (0xfa339023) sh      gp, -96(t2)
core   0: 3 0x80005898 (0xfa339023) mem 0x80017ed0 0x0015
core   0: 0x8000589c (0x06239f83) lh      t6, 98(t2)
core   0: 3 0x8000589c (0x06239f83) x31 0xffffc1b0 mem 0x80017f92
core   0: 0x800058a0 (0x41cbd7b3) sra     a5, s7, t3
core   0: 3 0x800058a0 (0x41cbd7b3) x15 0x00000000
core   0: 0x800058a4 (0x01481bb3) sll     s7, a6, s4
core   0: 3 0x800058a4 (0x01481bb3) x23 0x80015706
core   0: 0x800058a8 (0xbbbd0313) addi    t1, s10, -1093
core   0: 3 0x800058a8 (0xbbbd0313) x 6 0x80017762
core   0: 0x800058ac (0x00a3cc03) lbu     s8, 10(t2)
core   0: 3 0x800058ac (0x00a3cc03) x24 0x000000df mem 0x80017f3a
core   0: 0x800058b0 (0x009b2a33) slt     s4, s6, s1
core   0: 3 0x800058b0 (0x009b2a33) x20 0x00000001
core   0: 0x800058b4 (0x07c38da3) sb      t3, 123(t2)
core   0: 3 0x800058b4 (0x07c38da3) mem 0x80017fab 0x1d
core   0: 0x800058b8 (0x0e83cf03) lbu     t5, 232(t2)
core   0: 3 0x800058b8 (0x0e83cf03) x30 0x0000001a mem 0x80018018
core   0: 0x800058bc (0xf403dc03) lhu     s8, -192(t2)
core   0: 3 0x800058bc (0xf403dc03) x24 0x00002b0a mem 0x80017e70
core   0: 0x800058c0 (0x4d24c213) xori    tp, s1, 1234
core   0: 3 0x800058c0 (0x4d24c213) x 4 0xfffffb68
core   0: 0x800058c4 (0x0a639703) lh      a4, 166(t2)
core   0: 3 0x800058c4 (0x0a639703) x14 0x00000036 mem 0x80017fd6
core   0: 0x800058c8 (0x0133c503) lbu     a0, 19(t2)
core   0: 3 0x800058c8 (0x0133c503) x10 0x000000e2 mem 0x80017f43
core   0: 0x800058cc (0x0ae3da03) lhu     s4, 174(t2)
core   0: 3 0x800058cc (0x0ae3da03) x20 0x00002f8a mem 0x80017fde
core   0: 0x800058d0 (0x01a81cb3) sll     s9, a6, s10
core   0: 3 0x800058d0 (0x01a81cb3) x25 0x00ab8300
core   0: 0x800058d4 (0x0a738603) lb      a2, 167(t2)
core   0: 3 0x800058d4 (0x0a738603) x12 0x00000000 mem 0x80017fd7
core   0: 0x800058d8 (0x00189e33) sll     t3, a7, ra
core   0: 3 0x800058d8 (0x00189e33) x28 0x000006be
core   0: 0x800058dc (0x0152df13) srli    t5, t0, 21
core   0: 3 0x800058dc (0x0152df13) x30 0x00000000
core   0: 0x800058e0 (0xf8a386a3) sb      a0, -115(t2)
core   0: 3 0x800058e0 (0xf8a386a3) mem 0x80017ebd 0xe2
core   0: 0x800058e4 (0x01129b93) slli    s7, t0, 17
core   0: 3 0x800058e4 (0x01129b93) x23 0x00880000
core   0: 0x800058e8 (0xfb93c303) lbu     t1, -71(t2)
core   0: 3 0x800058e8 (0xfb93c303) x 6 0x000000a9 mem 0x80017ee9
core   0: 0x800058ec (0xfb139923) sh      a7, -78(t2)
core   0: 3 0x800058ec (0xfb139923) mem 0x80017ee2 0x06be
core   0: 0x800058f0 (0x00c401b3) add     gp, s0, a2
core   0: 3 0x800058f0 (0x00c401b3) x 3 0x000000ed
core   0: 0x800058f4 (0x0ff0000f) fence   iorw,iorw
core   0: 3 0x800058f4 (0x0ff0000f)
core   0: 0x800058f8 (0xbc7ac193) xori    gp, s5, -1081
core   0: 3 0x800058f8 (0xbc7ac193) x 3 0xfffffbc6
core   0: 0x800058fc (0xf6c3a203) lw      tp, -148(t2)
core   0: 3 0x800058fc (0xf6c3a203) x 4 0x28d2e9bf mem 0x80017e9c
core   0: 0x80005900 (0x00010b97) auipc   s7, 0x10
core   0: 3 0x80005900 (0x00010b97) x23 0x80015900
core   0: 0x80005904 (0x85db8b93) addi    s7, s7, -1955
core   0: 3 0x80005904 (0x85db8b93) x23 0x8001515d
core   0: 0x80005908 (0x653b9ea3) sh      s3, 1629(s7)
core   0: 3 0x80005908 (0x653b9ea3) mem 0x800157ba 0x006a
core   0: 0x8000590c (0x4f3bac83) lw      s9, 1267(s7)
core   0: 3 0x8000590c (0x4f3bac83) x25 0x811105e0 mem 0x80015650
core   0: 0x80005910 (0x00010d97) auipc   s11, 0x10
core   0: 3 0x80005910 (0x00010d97) x27 0x80015910
core   0: 0x80005914 (0x825d8d93) addi    s11, s11, -2011
core   0: 3 0x80005914 (0x825d8d93) x27 0x80015135
core   0: 0x80005918 (0x2bbba683) lw      a3, 699(s7)
core   0: 3 0x80005918 (0x2bbba683) x13 0x46840b1b mem 0x80015418
core   0: 0x8000591c (0xfbfd8523) sb      t6, -86(s11)
core   0: 3 0x8000591c (0xfbfd8523) mem 0x800150df 0xb0
core   0: 0x80005920 (0x496dcc83) lbu     s9, 1174(s11)
core   0: 3 0x80005920 (0x496dcc83) x25 0x000000ff mem 0x800155cb
core   0: 0x80005924 (0x42fb8f83) lb      t6, 1071(s7)
core   0: 3 0x80005924 (0x42fb8f83) x31 0x00000001 mem 0x8001558c
core   0: 0x80005928 (0x67fd8f03) lb      t5, 1663(s11)
core   0: 3 0x80005928 (0x67fd8f03) x30 0x00000069 mem 0x800157b4
core   0: 0x8000592c (0x2b7bae03) lw      t3, 695(s7)
core   0: 3 0x8000592c (0x2b7bae03) x28 0x37d7fd87 mem 0x80015414
core   0: 0x80005930 (0x7d4dca83) lbu     s5, 2004(s11)
core   0: 3 0x80005930 (0x7d4dca83) x21 0x00000062 mem 0x80015909
core   0: 0x80005934 (0x1d2b8883) lb      a7, 466(s7)
core   0: 3 0x80005934 (0x1d2b8883) x17 0x00000001 mem 0x8001532f
core   0: 0x80005938 (0x749bc983) lbu     s3, 1865(s7)
core   0: 3 0x80005938 (0x749bc983) x19 0x00000037 mem 0x800158a6
core   0: 0x8000593c (0x758b8b23) sb      s8, 1878(s7)
core   0: 3 0x8000593c (0x758b8b23) mem 0x800158b3 0xa
core   0: 0x80005940 (0x59edc083) lbu     ra, 1438(s11)
core   0: 3 0x80005940 (0x59edc083) x 1 0x000000c4 mem 0x800156d3
core   0: 0x80005944 (0xff8b8c03) lb      s8, -8(s7)
core   0: 3 0x80005944 (0xff8b8c03) x24 0x0000007c mem 0x80015155
core   0: 0x80005948 (0x7f9dd803) lhu     a6, 2041(s11)
core   0: 3 0x80005948 (0x7f9dd803) x16 0x00008418 mem 0x8001592e
core   0: 0x8000594c (0x59adcd03) lbu     s10, 1434(s11)
core   0: 3 0x8000594c (0x59adcd03) x26 0x000000f4 mem 0x800156cf
core   0: 0x80005950 (0x66bdd903) lhu     s2, 1643(s11)
core   0: 3 0x80005950 (0x66bdd903) x18 0x000026d6 mem 0x800157a0
core   0: 0x80005954 (0x00010e17) auipc   t3, 0x10
core   0: 3 0x80005954 (0x00010e17) x28 0x80015954
core   0: 0x80005958 (0xdaae0e13) addi    t3, t3, -598
core   0: 3 0x80005958 (0xdaae0e13) x28 0x800156fe
core   0: 0x8000595c (0x00010e97) auipc   t4, 0x10
core   0: 3 0x8000595c (0x00010e97) x29 0x8001595c
core   0: 0x80005960 (0x6c3e8e93) addi    t4, t4, 1731
core   0: 3 0x80005960 (0x6c3e8e93) x29 0x8001601f
core   0: 0x80005964 (0xf52e8a83) lb      s5, -174(t4)
core   0: 3 0x80005964 (0xf52e8a83) x21 0xffffffb8 mem 0x80015f71
core   0: 0x80005968 (0x00010a17) auipc   s4, 0x10
core   0: 3 0x80005968 (0x00010a17) x20 0x80015968
core   0: 0x8000596c (0xce2a0a13) addi    s4, s4, -798
core   0: 3 0x8000596c (0xce2a0a13) x20 0x8001564a
core   0: 0x80005970 (0xfc5e1a23) sh      t0, -44(t3)
core   0: 3 0x80005970 (0xfc5e1a23) mem 0x800156d2 0x0044
core   0: 0x80005974 (0x6b9e4c03) lbu     s8, 1721(t3)
core   0: 3 0x80005974 (0x6b9e4c03) x24 0x00000043 mem 0x80015db7
core   0: 0x80005978 (0x00010697) auipc   a3, 0x10
core   0: 3 0x80005978 (0x00010697) x13 0x80015978
core   0: 0x8000597c (0x4e168693) addi    a3, a3, 1249
core   0: 3 0x8000597c (0x4e168693) x13 0x80015e59
core   0: 0x80005980 (0x01a68a23) sb      s10, 20(a3)
core   0: 3 0x80005980 (0x01a68a23) mem 0x80015e6d 0xf4
core   0: 0x80005984 (0xfe068303) lb      t1, -32(a3)
core   0: 3 0x80005984 (0xfe068303) x 6 0xffffffe7 mem 0x80015e39
core   0: 0x80005988 (0xf2be8923) sb      a1, -206(t4)
core   0: 3 0x80005988 (0xf2be8923) mem 0x80015f51 0xe4
core   0: 0x8000598c (0x6cce5903) lhu     s2, 1740(t3)
core   0: 3 0x8000598c (0x6cce5903) x18 0x00000000 mem 0x80015dca
core   0: 0x80005990 (0x632a01a3) sb      s2, 1571(s4)
core   0: 3 0x80005990 (0x632a01a3) mem 0x80015c6d 0x0
core   0: 0x80005994 (0xf6ae8203) lb      tp, -150(t4)
core   0: 3 0x80005994 (0xf6ae8203) x 4 0x00000053 mem 0x80015f89
core   0: 0x80005998 (0x752e0223) sb      s2, 1860(t3)
core   0: 3 0x80005998 (0x752e0223) mem 0x80015e42 0x0
core   0: 0x8000599c (0xf3fedd03) lhu     s10, -193(t4)
core   0: 3 0x8000599c (0xf3fedd03) x26 0x0000fd32 mem 0x80015f5e
core   0: 0x800059a0 (0x775a4a83) lbu     s5, 1909(s4)
core   0: 3 0x800059a0 (0x775a4a83) x21 0x00000085 mem 0x80015dbf
core   0: 0x800059a4 (0x03e68883) lb      a7, 62(a3)
core   0: 3 0x800059a4 (0x03e68883) x17 0xffffff99 mem 0x80015e97
core   0: 0x800059a8 (0x1f0e0483) lb      s1, 496(t3)
core   0: 3 0x800059a8 (0x1f0e0483) x 9 0x00000062 mem 0x800158ee
core   0: 0x800059ac (0xfc2e8a83) lb      s5, -62(t4)
core   0: 3 0x800059ac (0xfc2e8a83) x21 0xffffffea mem 0x80015fe1
core   0: 0x800059b0 (0xfcee8503) lb      a0, -50(t4)
core   0: 3 0x800059b0 (0xfcee8503) x10 0xffffffcc mem 0x80015fed
core   0: 0x800059b4 (0xafbe0203) lb      tp, -1285(t3)
core   0: 3 0x800059b4 (0xafbe0203) x 4 0x0000007a mem 0x800151f9
core   0: 0x800059b8 (0xfd168023) sb      a7, -64(a3)
core   0: 3 0x800059b8 (0xfd168023) mem 0x80015e19 0x99
core   0: 0x800059bc (0xa5da4883) lbu     a7, -1443(s4)
core   0: 3 0x800059bc (0xa5da4883) x17 0x00000007 mem 0x800150a7
core   0: 0x800059c0 (0x471e4a83) lbu     s5, 1137(t3)
core   0: 3 0x800059c0 (0x471e4a83) x21 0x00000040 mem 0x80015b6f
core   0: 0x800059c4 (0x7cbe0aa3) sb      a1, 2005(t3)
core   0: 3 0x800059c4 (0x7cbe0aa3) mem 0x80015ed3 0xe4
core   0: 0x800059c8 (0x0be68323) sb      t5, 166(a3)
core   0: 3 0x800059c8 (0x0be68323) mem 0x80015eff 0x69
core   0: 0x800059cc (0xf45edd03) lhu     s10, -187(t4)
core   0: 3 0x800059cc (0xf45edd03) x26 0x000033d3 mem 0x80015f64
core   0: 0x800059d0 (0xca8e0c03) lb      s8, -856(t3)
core   0: 3 0x800059d0 (0xca8e0c03) x24 0x0000002d mem 0x800153a6
core   0: 0x800059d4 (0x0c7a1b23) sh      t2, 214(s4)
core   0: 3 0x800059d4 (0x0c7a1b23) mem 0x80015720 0x7f30
core   0: 0x800059d8 (0x44be0703) lb      a4, 1099(t3)
core   0: 3 0x800059d8 (0x44be0703) x14 0x00000000 mem 0x80015b49
core   0: 0x800059dc (0xfe7e9aa3) sh      t2, -11(t4)
core   0: 3 0x800059dc (0xfe7e9aa3) mem 0x80016014 0x7f30
core   0: 0x800059e0 (0xf146c883) lbu     a7, -236(a3)
core   0: 3 0x800059e0 (0xf146c883) x17 0x00000032 mem 0x80015d6d
core   0: 0x800059e4 (0x5d7a4283) lbu     t0, 1495(s4)
core   0: 3 0x800059e4 (0x5d7a4283) x 5 0x00000039 mem 0x80015c21
core   0: 0x800059e8 (0xfbdeca83) lbu     s5, -67(t4)
core   0: 3 0x800059e8 (0xfbdeca83) x21 0x0000008f mem 0x80015fdc
core   0: 0x800059ec (0xf0a6cc03) lbu     s8, -246(a3)
core   0: 3 0x800059ec (0xf0a6cc03) x24 0x0000006b mem 0x80015d63
core   0: 0x800059f0 (0xa38a0ba3) sb      s8, -1481(s4)
core   0: 3 0x800059f0 (0xa38a0ba3) mem 0x80015081 0x6b
core   0: 0x800059f4 (0x02c6c503) lbu     a0, 44(a3)
core   0: 3 0x800059f4 (0x02c6c503) x10 0x0000007d mem 0x80015e85
core   0: 0x800059f8 (0xff3684a3) sb      s3, -23(a3)
core   0: 3 0x800059f8 (0xff3684a3) mem 0x80015e42 0x37
core   0: 0x800059fc (0x00010997) auipc   s3, 0x10
core   0: 3 0x800059fc (0x00010997) x19 0x800159fc
core   0: 0x80005a00 (0xba998993) addi    s3, s3, -1111
core   0: 3 0x80005a00 (0xba998993) x19 0x800155a5
core   0: 0x80005a04 (0x03198803) lb      a6, 49(s3)
core   0: 3 0x80005a04 (0x03198803) x16 0x0000007a mem 0x800155d6
core   0: 0x80005a08 (0x02c9c903) lbu     s2, 44(s3)
core   0: 3 0x80005a08 (0x02c9c903) x18 0x0000004b mem 0x800155d1
core   0: 0x80005a0c (0xfdf986a3) sb      t6, -51(s3)
core   0: 3 0x80005a0c (0xfdf986a3) mem 0x80015572 0x1
core   0: 0x80005a10 (0x00b98223) sb      a1, 4(s3)
core   0: 3 0x80005a10 (0x00b98223) mem 0x800155a9 0xe4
core   0: 0x80005a14 (0x0049c503) lbu     a0, 4(s3)
core   0: 3 0x80005a14 (0x0049c503) x10 0x000000e4 mem 0x800155a9
core   0: 0x80005a18 (0xff998503) lb      a0, -7(s3)
core   0: 3 0x80005a18 (0xff998503) x10 0x00000073 mem 0x8001559e
core   0: 0x80005a1c (0xfcb9c183) lbu     gp, -53(s3)
core   0: 3 0x80005a1c (0xfcb9c183) x 3 0x000000b5 mem 0x80015570
core   0: 0x80005a20 (0xfcc985a3) sb      a2, -53(s3)
core   0: 3 0x80005a20 (0xfcc985a3) mem 0x80015570 0x0
core   0: 0x80005a24 (0x01d9c403) lbu     s0, 29(s3)
core   0: 3 0x80005a24 (0x01d9c403) x 8 0x000000e3 mem 0x800155c2
core   0: 0x80005a28 (0xfef985a3) sb      a5, -21(s3)
core   0: 3 0x80005a28 (0xfef985a3) mem 0x80015590 0x0
core   0: 0x80005a2c (0x41078833) sub     a6, a5, a6
core   0: 3 0x80005a2c (0x41078833) x16 0xffffff86
core   0: 0x80005a30 (0xfeb98403) lb      s0, -21(s3)
core   0: 3 0x80005a30 (0xfeb98403) x 8 0x00000000 mem 0x80015590
core   0: 0x80005a34 (0x2bd46e93) ori     t4, s0, 701
core   0: 3 0x80005a34 (0x2bd46e93) x29 0x000002bd
core   0: 0x80005a38 (0xfeb9c503) lbu     a0, -21(s3)
core   0: 3 0x80005a38 (0xfeb9c503) x10 0x00000000 mem 0x80015590
core   0: 0x80005a3c (0x01e98523) sb      t5, 10(s3)
core   0: 3 0x80005a3c (0x01e98523) mem 0x800155af 0x69
core   0: 0x80005a40 (0xb9728d93) addi    s11, t0, -1129
core   0: 3 0x80005a40 (0xb9728d93) x27 0xfffffbd0
core   0: 0x80005a44 (0x01498523) sb      s4, 10(s3)
core   0: 3 0x80005a44 (0x01498523) mem 0x800155af 0x4a
core   0: 0x80005a48 (0x00a98c83) lb      s9, 10(s3)
core   0: 3 0x80005a48 (0x00a98c83) x25 0x0000004a mem 0x800155af
core   0: 0x80005a4c (0x00a9cb83) lbu     s7, 10(s3)
core   0: 3 0x80005a4c (0x00a9cb83) x23 0x0000004a mem 0x800155af
core   0: 0x80005a50 (0x01698e03) lb      t3, 22(s3)
core   0: 3 0x80005a50 (0x01698e03) x28 0x0000000d mem 0x800155bb
core   0: 0x80005a54 (0x04098f03) lb      t5, 64(s3)
core   0: 3 0x80005a54 (0x04098f03) x30 0x0000004b mem 0x800155e5
core   0: 0x80005a58 (0x0409c483) lbu     s1, 64(s3)
core   0: 3 0x80005a58 (0x0409c483) x 9 0x0000004b mem 0x800155e5
core   0: 0x80005a5c (0x02999d83) lh      s11, 41(s3)
core   0: 3 0x80005a5c (0x02999d83) x27 0xffffb7a2 mem 0x800155ce
core   0: 0x80005a60 (0x00010f17) auipc   t5, 0x10
core   0: 3 0x80005a60 (0x00010f17) x30 0x80015a60
core   0: 0x80005a64 (0xa1ef0f13) addi    t5, t5, -1506
core   0: 3 0x80005a64 (0xa1ef0f13) x30 0x8001547e
core   0: 0x80005a68 (0x0103ceb3) xor     t4, t2, a6
core   0: 3 0x80005a68 (0x0103ceb3) x29 0x7ffe80b6
core   0: 0x80005a6c (0x765674b7) lui     s1, 0x76567
core   0: 3 0x80005a6c (0x765674b7) x 9 0x76567000
core   0: 0x80005a70 (0x00b321b3) slt     gp, t1, a1
core   0: 3 0x80005a70 (0x00b321b3) x 3 0x00000000
core   0: 0x80005a74 (0x021f05a3) sb      ra, 43(t5)
core   0: 3 0x80005a74 (0x021f05a3) mem 0x800154a9 0xc4
core   0: 0x80005a78 (0x1c5eba17) auipc   s4, 0x1c5eb
core   0: 3 0x80005a78 (0x1c5eba17) x20 0x9c5f0a78
core   0: 0x80005a7c (0x03a2e693) ori     a3, t0, 58
core   0: 3 0x80005a7c (0x03a2e693) x13 0x0000003b
core   0: 0x80005a80 (0xdaa1e693) ori     a3, gp, -598
core   0: 3 0x80005a80 (0xdaa1e693) x13 0xfffffdaa
core   0: 0x80005a84 (0x41465b93) srai    s7, a2, 20
core   0: 3 0x80005a84 (0x41465b93) x23 0x00000000
core   0: 0x80005a88 (0x014b1033) sll     zero, s6, s4
core   0: 3 0x80005a88 (0x014b1033)
core   0: 0x80005a8c (0x014d1bb3) sll     s7, s10, s4
core   0: 3 0x80005a8c (0x014d1bb3) x23 0xd3000000
core   0: 0x80005a90 (0x69787a13) andi    s4, a6, 1687
core   0: 3 0x80005a90 (0x69787a13) x20 0x00000686
core   0: 0x80005a94 (0x0b1f0983) lb      s3, 177(t5)
core   0: 3 0x80005a94 (0x0b1f0983) x19 0xffffffeb mem 0x8001552f
core   0: 0x80005a98 (0xf99f08a3) sb      s9, -111(t5)
core   0: 3 0x80005a98 (0xf99f08a3) mem 0x8001540f 0x4a
core   0: 0x80005a9c (0x022f0b83) lb      s7, 34(t5)
core   0: 3 0x80005a9c (0x022f0b83) x23 0xffffffa8 mem 0x800154a0
core   0: 0x80005aa0 (0xf3994313) xori    t1, s2, -199
core   0: 3 0x80005aa0 (0xf3994313) x 6 0xffffff72
core   0: 0x80005aa4 (0x009b9213) slli    tp, s7, 9
core   0: 3 0x80005aa4 (0x009b9213) x 4 0xffff5000
core   0: 0x80005aa8 (0xf04f4903) lbu     s2, -252(t5)
core   0: 3 0x80005aa8 (0xf04f4903) x18 0x000000c2 mem 0x80015382
core   0: 0x80005aac (0x40ef5833) sra     a6, t5, a4
core   0: 3 0x80005aac (0x40ef5833) x16 0x8001547e
core   0: 0x80005ab0 (0xde1bad37) lui     s10, 0xde1ba
core   0: 3 0x80005ab0 (0xde1bad37) x26 0xde1ba000
core   0: 0x80005ab4 (0x00baa433) slt     s0, s5, a1
core   0: 3 0x80005ab4 (0x00baa433) x 8 0x00000000
core   0: 0x80005ab8 (0x07df0603) lb      a2, 125(t5)
core   0: 3 0x80005ab8 (0x07df0603) x12 0x0000006b mem 0x800154fb
core   0: 0x80005abc (0x416add33) sra     s10, s5, s6
core   0: 3 0x80005abc (0x416add33) x26 0x00000000
core   0: 0x80005ac0 (0x41a98733) sub     a4, s3, s10
core   0: 3 0x80005ac0 (0x41a98733) x14 0xffffffeb
core   0: 0x80005ac4 (0x007d1a33) sll     s4, s10, t2
core   0: 3 0x80005ac4 (0x007d1a33) x20 0x00000000
core   0: 0x80005ac8 (0x00c99b93) slli    s7, s3, 12
core   0: 3 0x80005ac8 (0x00c99b93) x23 0xfffeb000
core   0: 0x80005acc (0x69db7b93) andi    s7, s6, 1693
core   0: 3 0x80005acc (0x69db7b93) x23 0x0000021c
core   0: 0x80005ad0 (0x030f4a03) lbu     s4, 48(t5)
core   0: 3 0x80005ad0 (0x030f4a03) x20 0x00000027 mem 0x800154ae
core   0: 0x80005ad4 (0xf73f0da3) sb      s3, -133(t5)
core   0: 3 0x80005ad4 (0xf73f0da3) mem 0x800153f9 0xeb
core   0: 0x80005ad8 (0x00000013) nop
core   0: 3 0x80005ad8 (0x00000013)
core   0: 0x80005adc (0x09ef04a3) sb      t5, 137(t5)
core   0: 3 0x80005adc (0x09ef04a3) mem 0x80015507 0x7e
core   0: 0x80005ae0 (0xf6ef5c83) lhu     s9, -146(t5)
core   0: 3 0x80005ae0 (0xf6ef5c83) x25 0x0000001c mem 0x800153ec
core   0: 0x80005ae4 (0x00fd1d33) sll     s10, s10, a5
core   0: 3 0x80005ae4 (0x00fd1d33) x26 0x00000000
core   0: 0x80005ae8 (0x99e38e13) addi    t3, t2, -1634
core   0: 3 0x80005ae8 (0x99e38e13) x28 0x800178ce
core   0: 0x80005aec (0x010079b3) and     s3, zero, a6
core   0: 3 0x80005aec (0x010079b3) x19 0x00000000
core   0: 0x80005af0 (0x8a90e193) ori     gp, ra, -1879
core   0: 3 0x80005af0 (0x8a90e193) x 3 0xfffff8ed
core   0: 0x80005af4 (0xf8ef5503) lhu     a0, -114(t5)
core   0: 3 0x80005af4 (0xf8ef5503) x10 0x000012b2 mem 0x8001540c
core   0: 0x80005af8 (0x16102913) slti    s2, zero, 353
core   0: 3 0x80005af8 (0x16102913) x18 0x00000001
core   0: 0x80005afc (0x01196833) or      a6, s2, a7
core   0: 3 0x80005afc (0x01196833) x16 0x00000033
core   0: 0x80005b00 (0x0160bfb3) sltu    t6, ra, s6
core   0: 3 0x80005b00 (0x0160bfb3) x31 0x00000001
core   0: 0x80005b04 (0x01fc5e33) srl     t3, s8, t6
core   0: 3 0x80005b04 (0x01fc5e33) x28 0x00000035
core   0: 0x80005b08 (0xf1af0803) lb      a6, -230(t5)
core   0: 3 0x80005b08 (0xf1af0803) x16 0x0000005a mem 0x80015398
core   0: 0x80005b0c (0x0a0f1a03) lh      s4, 160(t5)
core   0: 3 0x80005b0c (0x0a0f1a03) x20 0x00005664 mem 0x8001551e
core   0: 0x80005b10 (0x0c9f0803) lb      a6, 201(t5)
core   0: 3 0x80005b10 (0x0c9f0803) x16 0x00000000 mem 0x80015547
core   0: 0x80005b14 (0x00012c17) auipc   s8, 0x12
core   0: 3 0x80005b14 (0x00012c17) x24 0x80017b14
core   0: 0x80005b18 (0x933c0c13) addi    s8, s8, -1741
core   0: 3 0x80005b18 (0x933c0c13) x24 0x80017447
core   0: 0x80005b1c (0x006c03a3) sb      t1, 7(s8)
core   0: 3 0x80005b1c (0x006c03a3) mem 0x8001744e 0x72
core   0: 0x80005b20 (0x03ec4383) lbu     t2, 62(s8)
core   0: 3 0x80005b20 (0x03ec4383) x 7 0x000000cf mem 0x80017485
core   0: 0x80005b24 (0x000c4183) lbu     gp, 0(s8)
core   0: 3 0x80005b24 (0x000c4183) x 3 0x000000db mem 0x80017447
core   0: 0x80005b28 (0x000c0003) lb      zero, 0(s8)
core   0: 3 0x80005b28 (0x000c0003) mem 0x80017447
core   0: 0x80005b2c (0x040c0383) lb      t2, 64(s8)
core   0: 3 0x80005b2c (0x040c0383) x 7 0x00000066 mem 0x80017487
core   0: 0x80005b30 (0xfcbc5e83) lhu     t4, -53(s8)
core   0: 3 0x80005b30 (0xfcbc5e83) x29 0x0000f836 mem 0x80017412
core   0: 0x80005b34 (0x00c28cb3) add     s9, t0, a2
core   0: 3 0x80005b34 (0x00c28cb3) x25 0x000000a4
core   0: 0x80005b38 (0x028c0803) lb      a6, 40(s8)
core   0: 3 0x80005b38 (0x028c0803) x16 0xffffffef mem 0x8001746f
core   0: 0x80005b3c (0x035c2903) lw      s2, 53(s8)
core   0: 3 0x80005b3c (0x035c2903) x18 0xbe17e61a mem 0x8001747c
core   0: 0x80005b40 (0x035c1903) lh      s2, 53(s8)
core   0: 3 0x80005b40 (0x035c1903) x18 0xffffe61a mem 0x8001747c
core   0: 0x80005b44 (0x03bc1b83) lh      s7, 59(s8)
core   0: 3 0x80005b44 (0x03bc1b83) x23 0x00003378 mem 0x80017482
core   0: 0x80005b48 (0x03bc4483) lbu     s1, 59(s8)
core   0: 3 0x80005b48 (0x03bc4483) x 9 0x00000078 mem 0x80017482
core   0: 0x80005b4c (0x0001e317) auipc   t1, 0x1e
core   0: 3 0x80005b4c (0x0001e317) x 6 0x80023b4c
core   0: 0x80005b50 (0x41430313) addi    t1, t1, 1044
core   0: 3 0x80005b50 (0x41430313) x 6 0x80023f60
core   0: 0x80005b54 (0x048f3613) sltiu   a2, t5, 72
core   0: 3 0x80005b54 (0x048f3613) x12 0x00000000
core   0: 0x80005b58 (0x4178d393) srai    t2, a7, 23
core   0: 3 0x80005b58 (0x4178d393) x 7 0x00000000
core   0: 0x80005b5c (0xb03eed93) ori     s11, t4, -1277
core   0: 3 0x80005b5c (0xb03eed93) x27 0xfffffb37
core   0: 0x80005b60 (0xa226e393) ori     t2, a3, -1502
core   0: 3 0x80005b60 (0xa226e393) x 7 0xffffffaa
core   0: 0x80005b64 (0x01035c03) lhu     s8, 16(t1)
core   0: 3 0x80005b64 (0x01035c03) x24 0x0000932a mem 0x80023f70
core   0: 0x80005b68 (0xff032703) lw      a4, -16(t1)
core   0: 3 0x80005b68 (0xff032703) x14 0xd364c1e0 mem 0x80023f50
core   0: 0x80005b6c (0x03a32023) sw      s10, 32(t1)
core   0: 3 0x80005b6c (0x03a32023) mem 0x80023f80 0x00000000
core   0: 0x80005b70 (0xff630483) lb      s1, -10(t1)
core   0: 3 0x80005b70 (0xff630483) x 9 0xffffff85 mem 0x80023f56
core   0: 0x80005b74 (0x017bb433) sltu    s0, s7, s7
core   0: 3 0x80005b74 (0x017bb433) x 8 0x00000000
core   0: 0x80005b78 (0x00132823) sw      ra, 16(t1)
core   0: 3 0x80005b78 (0x00132823) mem 0x80023f70 0x000000c4
core   0: 0x80005b7c (0xffd34203) lbu     tp, -3(t1)
core   0: 3 0x80005b7c (0xffd34203) x 4 0x00000024 mem 0x80023f5d
core   0: 0x80005b80 (0x41595813) srai    a6, s2, 21
core   0: 3 0x80005b80 (0x41595813) x16 0xffffffff
core   0: 0x80005b84 (0xffb30f23) sb      s11, -2(t1)
core   0: 3 0x80005b84 (0xffb30f23) mem 0x80023f5e 0x37
core   0: 0x80005b88 (0x00931323) sh      s1, 6(t1)
core   0: 3 0x80005b88 (0x00931323) mem 0x80023f66 0xff85
core   0: 0x80005b8c (0xfda34003) lbu     zero, -38(t1)
core   0: 3 0x80005b8c (0xfda34003) mem 0x80023f3a
core   0: 0x80005b90 (0x01d0edb3) or      s11, ra, t4
core   0: 3 0x80005b90 (0x01d0edb3) x27 0x0000f8f6
core   0: 0x80005b94 (0xfcf34183) lbu     gp, -49(t1)
core   0: 3 0x80005b94 (0xfcf34183) x 3 0x000000ca mem 0x80023f2f
core   0: 0x80005b98 (0x40635f33) sra     t5, t1, t1
core   0: 3 0x80005b98 (0x40635f33) x30 0x80023f60
core   0: 0x80005b9c (0x03730c83) lb      s9, 55(t1)
core   0: 3 0x80005b9c (0x03730c83) x25 0x00000028 mem 0x80023f97
core   0: 0x80005ba0 (0x00035003) lhu     zero, 0(t1)
core   0: 3 0x80005ba0 (0x00035003) mem 0x80023f60
core   0: 0x80005ba4 (0x01330a03) lb      s4, 19(t1)
core   0: 3 0x80005ba4 (0x01330a03) x20 0x00000000 mem 0x80023f73
core   0: 0x80005ba8 (0x5aabbe93) sltiu   t4, s7, 1450
core   0: 3 0x80005ba8 (0x5aabbe93) x29 0x00000000
core   0: 0x80005bac (0x03532823) sw      s5, 48(t1)
core   0: 3 0x80005bac (0x03532823) mem 0x80023f90 0x0000008f
core   0: 0x80005bb0 (0x01b307a3) sb      s11, 15(t1)
core   0: 3 0x80005bb0 (0x01b307a3) mem 0x80023f6f 0xf6
core   0: 0x80005bb4 (0x03730c03) lb      s8, 55(t1)
core   0: 3 0x80005bb4 (0x03730c03) x24 0x00000028 mem 0x80023f97
core   0: 0x80005bb8 (0xfe330203) lb      tp, -29(t1)
core   0: 3 0x80005bb8 (0xfe330203) x 4 0xffffffb6 mem 0x80023f43
core   0: 0x80005bbc (0x01f743b3) xor     t2, a4, t6
core   0: 3 0x80005bbc (0x01f743b3) x 7 0xd364c1e1
core   0: 0x80005bc0 (0xfd230c83) lb      s9, -46(t1)
core   0: 3 0x80005bc0 (0xfd230c83) x25 0x0000000a mem 0x80023f32
core   0: 0x80005bc4 (0x10c6fb93) andi    s7, a3, 268
core   0: 3 0x80005bc4 (0x10c6fb93) x23 0x00000108
core   0: 0x80005bc8 (0xfcc31123) sh      a2, -62(t1)
core   0: 3 0x80005bc8 (0xfcc31123) mem 0x80023f22 0x0000
core   0: 0x80005bcc (0x00010d17) auipc   s10, 0x10
core   0: 3 0x80005bcc (0x00010d17) x26 0x80015bcc
core   0: 0x80005bd0 (0xfd3d0d13) addi    s10, s10, -45
core   0: 3 0x80005bd0 (0xfd3d0d13) x26 0x80015b9f
core   0: 0x80005bd4 (0x0c7d1c03) lh      s8, 199(s10)
core   0: 3 0x80005bd4 (0x0c7d1c03) x24 0x00002f8f mem 0x80015c66
core   0: 0x80005bd8 (0x0c7d1a03) lh      s4, 199(s10)
core   0: 3 0x80005bd8 (0x0c7d1a03) x20 0x00002f8f mem 0x80015c66
core   0: 0x80005bdc (0x1bbd0e23) sb      s11, 444(s10)
core   0: 3 0x80005bdc (0x1bbd0e23) mem 0x80015d5b 0xf6
core   0: 0x80005be0 (0x1b3d0e23) sb      s3, 444(s10)
core   0: 3 0x80005be0 (0x1b3d0e23) mem 0x80015d5b 0x0
core   0: 0x80005be4 (0x1bcd4b83) lbu     s7, 444(s10)
core   0: 3 0x80005be4 (0x1bcd4b83) x23 0x00000000 mem 0x80015d5b
core   0: 0x80005be8 (0xd15d1a03) lh      s4, -747(s10)
core   0: 3 0x80005be8 (0xd15d1a03) x20 0xffffa81e mem 0x800158b4
core   0: 0x80005bec (0xd13d2aa3) sw      s3, -747(s10)
core   0: 3 0x80005bec (0xd13d2aa3) mem 0x800158b4 0x00000000
core   0: 0x80005bf0 (0xd15d4c83) lbu     s9, -747(s10)
core   0: 3 0x80005bf0 (0xd15d4c83) x25 0x00000000 mem 0x800158b4
core   0: 0x80005bf4 (0xd15d2aa3) sw      s5, -747(s10)
core   0: 3 0x80005bf4 (0xd15d2aa3) mem 0x800158b4 0x0000008f
core   0: 0x80005bf8 (0xd15d5303) lhu     t1, -747(s10)
core   0: 3 0x80005bf8 (0xd15d5303) x 6 0x0000008f mem 0x800158b4
core   0: 0x80005bfc (0xd15d2903) lw      s2, -747(s10)
core   0: 3 0x80005bfc (0xd15d2903) x18 0x0000008f mem 0x800158b4
core   0: 0x80005c00 (0xd15d5283) lhu     t0, -747(s10)
core   0: 3 0x80005c00 (0xd15d5283) x 5 0x0000008f mem 0x800158b4
core   0: 0x80005c04 (0xd01d1aa3) sh      ra, -747(s10)
core   0: 3 0x80005c04 (0xd01d1aa3) mem 0x800158b4 0x00c4
core   0: 0x80005c08 (0xd14d0aa3) sb      s4, -747(s10)
core   0: 3 0x80005c08 (0xd14d0aa3) mem 0x800158b4 0x1e
core   0: 0x80005c0c (0x404c5213) srai    tp, s8, 4
core   0: 3 0x80005c0c (0x404c5213) x 4 0x000002f8
core   0: 0x80005c10 (0x88fd0b23) sb      a5, -1898(s10)
core   0: 3 0x80005c10 (0x88fd0b23) mem 0x80015435 0x0
core   0: 0x80005c14 (0x8eeb8193) addi    gp, s7, -1810
core   0: 3 0x80005c14 (0x8eeb8193) x 3 0xfffff8ee
core   0: 0x80005c18 (0x896d0b83) lb      s7, -1898(s10)
core   0: 3 0x80005c18 (0x896d0b83) x23 0x00000000 mem 0x80015435
core   0: 0x80005c1c (0xc50ebf97) auipc   t6, 0xc50eb
core   0: 3 0x80005c1c (0xc50ebf97) x31 0x450f0c1c
core   0: 0x80005c20 (0x883d0b23) sb      gp, -1898(s10)
core   0: 3 0x80005c20 (0x883d0b23) mem 0x80015435 0xee
core   0: 0x80005c24 (0xdcf66313) ori     t1, a2, -561
core   0: 3 0x80005c24 (0xdcf66313) x 6 0xfffffdcf
core   0: 0x80005c28 (0xdc0d0623) sb      zero, -564(s10)
core   0: 3 0x80005c28 (0xdc0d0623) mem 0x8001596b 0x0
core   0: 0x80005c2c (0xdccd0703) lb      a4, -564(s10)
core   0: 3 0x80005c2c (0xdccd0703) x14 0x00000000 mem 0x8001596b
core   0: 0x80005c30 (0x405d5313) srai    t1, s10, 5
core   0: 3 0x80005c30 (0x405d5313) x 6 0xfc000adc
core   0: 0x80005c34 (0xdc7d0623) sb      t2, -564(s10)
core   0: 3 0x80005c34 (0xdc7d0623) mem 0x8001596b 0xe1
core   0: 0x80005c38 (0x00010c97) auipc   s9, 0x10
core   0: 3 0x80005c38 (0x00010c97) x25 0x80015c38
core   0: 0x80005c3c (0xd86c8c93) addi    s9, s9, -634
core   0: 3 0x80005c3c (0xd86c8c93) x25 0x800159be
core   0: 0x80005c40 (0x002ca903) lw      s2, 2(s9)
core   0: 3 0x80005c40 (0x002ca903) x18 0xae4b1e43 mem 0x800159c0
core   0: 0x80005c44 (0x002cc683) lbu     a3, 2(s9)
core   0: 3 0x80005c44 (0x002cc683) x13 0x00000043 mem 0x800159c0
core   0: 0x80005c48 (0x002cc803) lbu     a6, 2(s9)
core   0: 3 0x80005c48 (0x002cc803) x16 0x00000043 mem 0x800159c0
core   0: 0x80005c4c (0x00ac8723) sb      a0, 14(s9)
core   0: 3 0x80005c4c (0x00ac8723) mem 0x800159cc 0xb2
core   0: 0x80005c50 (0x000c8723) sb      zero, 14(s9)
core   0: 3 0x80005c50 (0x000c8723) mem 0x800159cc 0x0
core   0: 0x80005c54 (0x0c5efa93) andi    s5, t4, 197
core   0: 3 0x80005c54 (0x0c5efa93) x21 0x00000000
core   0: 0x80005c58 (0xeeadb913) sltiu   s2, s11, -278
core   0: 3 0x80005c58 (0xeeadb913) x18 0x00000001
core   0: 0x80005c5c (0x014c9723) sh      s4, 14(s9)
core   0: 3 0x80005c5c (0x014c9723) mem 0x800159cc 0xa81e
core   0: 0x80005c60 (0x40160a33) sub     s4, a2, ra
core   0: 3 0x80005c60 (0x40160a33) x20 0xffffff3c
core   0: 0x80005c64 (0x00eca503) lw      a0, 14(s9)
core   0: 3 0x80005c64 (0x00eca503) x10 0x43a9a81e mem 0x800159cc
core   0: 0x80005c68 (0x00ec9683) lh      a3, 14(s9)
core   0: 3 0x80005c68 (0x00ec9683) x13 0xffffa81e mem 0x800159cc
core   0: 0x80005c6c (0x00ecc383) lbu     t2, 14(s9)
core   0: 3 0x80005c6c (0x00ecc383) x 7 0x0000001e mem 0x800159cc
core   0: 0x80005c70 (0x405207b3) sub     a5, tp, t0
core   0: 3 0x80005c70 (0x405207b3) x15 0x00000269
core   0: 0x80005c74 (0x00ecac03) lw      s8, 14(s9)
core   0: 3 0x80005c74 (0x00ecac03) x24 0x43a9a81e mem 0x800159cc
core   0: 0x80005c78 (0xff5ccd83) lbu     s11, -11(s9)
core   0: 3 0x80005c78 (0xff5ccd83) x27 0x00000028 mem 0x800159b3
core   0: 0x80005c7c (0x427af813) andi    a6, s5, 1063
core   0: 3 0x80005c7c (0x427af813) x16 0x00000000
core   0: 0x80005c80 (0xffcc8aa3) sb      t3, -11(s9)
core   0: 3 0x80005c80 (0xffcc8aa3) mem 0x800159b3 0x35
core   0: 0x80005c84 (0xff1c8aa3) sb      a7, -11(s9)
core   0: 3 0x80005c84 (0xff1c8aa3) mem 0x800159b3 0x32
core   0: 0x80005c88 (0xff5cc803) lbu     a6, -11(s9)
core   0: 3 0x80005c88 (0xff5cc803) x16 0x00000032 mem 0x800159b3
core   0: 0x80005c8c (0x00016897) auipc   a7, 0x16
core   0: 3 0x80005c8c (0x00016897) x17 0x8001bc8c
core   0: 0x80005c90 (0x1b888893) addi    a7, a7, 440
core   0: 3 0x80005c90 (0x1b888893) x17 0x8001be44
core   0: 0x80005c94 (0x01488623) sb      s4, 12(a7)
core   0: 3 0x80005c94 (0x01488623) mem 0x8001be50 0x3c
core   0: 0x80005c98 (0x00f8c683) lbu     a3, 15(a7)
core   0: 3 0x80005c98 (0x00f8c683) x13 0x0000001f mem 0x8001be53
core   0: 0x80005c9c (0xffb89b23) sh      s11, -10(a7)
core   0: 3 0x80005c9c (0xffb89b23) mem 0x8001be3a 0x0028
core   0: 0x80005ca0 (0xffa89503) lh      a0, -6(a7)
core   0: 3 0x80005ca0 (0xffa89503) x10 0x000028dd mem 0x8001be3e
core   0: 0x80005ca4 (0xff68ce83) lbu     t4, -10(a7)
core   0: 3 0x80005ca4 (0xff68ce83) x29 0x00000028 mem 0x8001be3a
core   0: 0x80005ca8 (0xff688183) lb      gp, -10(a7)
core   0: 3 0x80005ca8 (0xff688183) x 3 0x00000028 mem 0x8001be3a
core   0: 0x80005cac (0xff689383) lh      t2, -10(a7)
core   0: 3 0x80005cac (0xff689383) x 7 0x00000028 mem 0x8001be3a
core   0: 0x80005cb0 (0xff68d203) lhu     tp, -10(a7)
core   0: 3 0x80005cb0 (0xff68d203) x 4 0x00000028 mem 0x8001be3a
core   0: 0x80005cb4 (0xff58c503) lbu     a0, -11(a7)
core   0: 3 0x80005cb4 (0xff58c503) x10 0x00000000 mem 0x8001be39
core   0: 0x80005cb8 (0xff288aa3) sb      s2, -11(a7)
core   0: 3 0x80005cb8 (0xff288aa3) mem 0x8001be39 0x1
core   0: 0x80005cbc (0x010796b3) sll     a3, a5, a6
core   0: 3 0x80005cbc (0x010796b3) x13 0x09a40000
core   0: 0x80005cc0 (0x00588c03) lb      s8, 5(a7)
core   0: 3 0x80005cc0 (0x00588c03) x24 0xffffff99 mem 0x8001be49
core   0: 0x80005cc4 (0xb7c83a13) sltiu   s4, a6, -1156
core   0: 3 0x80005cc4 (0xb7c83a13) x20 0x00000001
core   0: 0x80005cc8 (0xfff8c803) lbu     a6, -1(a7)
core   0: 3 0x80005cc8 (0xfff8c803) x16 0x0000002f mem 0x8001be43
core   0: 0x80005ccc (0xfff8c303) lbu     t1, -1(a7)
core   0: 3 0x80005ccc (0xfff8c303) x 6 0x0000002f mem 0x8001be43
core   0: 0x80005cd0 (0x0068d083) lhu     ra, 6(a7)
core   0: 3 0x80005cd0 (0x0068d083) x 1 0x0000c342 mem 0x8001be4a
core   0: 0x80005cd4 (0x0068d003) lhu     zero, 6(a7)
core   0: 3 0x80005cd4 (0x0068d003) mem 0x8001be4a
core   0: 0x80005cd8 (0xfe58aa23) sw      t0, -12(a7)
core   0: 3 0x80005cd8 (0xfe58aa23) mem 0x8001be38 0x0000008f
core   0: 0x80005cdc (0x00d882a3) sb      a3, 5(a7)
core   0: 3 0x80005cdc (0x00d882a3) mem 0x8001be49 0x0
core   0: 0x80005ce0 (0x015885a3) sb      s5, 11(a7)
core   0: 3 0x80005ce0 (0x015885a3) mem 0x8001be4f 0x0
core   0: 0x80005ce4 (0xfff88483) lb      s1, -1(a7)
core   0: 3 0x80005ce4 (0xfff88483) x 9 0x0000002f mem 0x8001be43
core   0: 0x80005ce8 (0x0000f997) auipc   s3, 0xf
core   0: 3 0x80005ce8 (0x0000f997) x19 0x80014ce8
core   0: 0x80005cec (0x4b098993) addi    s3, s3, 1200
core   0: 3 0x80005cec (0x4b098993) x19 0x80015198
core   0: 0x80005cf0 (0xf2998b83) lb      s7, -215(s3)
core   0: 3 0x80005cf0 (0xf2998b83) x23 0x0000005f mem 0x800150c1
core   0: 0x80005cf4 (0xf299c903) lbu     s2, -215(s3)
core   0: 3 0x80005cf4 (0xf299c903) x18 0x0000005f mem 0x800150c1
core   0: 0x80005cf8 (0xd578eb93) ori     s7, a7, -681
core   0: 3 0x80005cf8 (0xd578eb93) x23 0xffffff57
core   0: 0x80005cfc (0xf299cd03) lbu     s10, -215(s3)
core   0: 3 0x80005cfc (0xf299cd03) x26 0x0000005f mem 0x800150c1
core   0: 0x80005d00 (0xf25984a3) sb      t0, -215(s3)
core   0: 3 0x80005d00 (0xf25984a3) mem 0x800150c1 0x8f
core   0: 0x80005d04 (0x41098db3) sub     s11, s3, a6
core   0: 3 0x80005d04 (0x41098db3) x27 0x80015169
core   0: 0x80005d08 (0xffd9ce83) lbu     t4, -3(s3)
core   0: 3 0x80005d08 (0xffd9ce83) x29 0x000000c2 mem 0x80015195
core   0: 0x80005d0c (0xe5ef7737) lui     a4, 0xe5ef7
core   0: 3 0x80005d0c (0xe5ef7737) x14 0xe5ef7000
core   0: 0x80005d10 (0xf449c283) lbu     t0, -188(s3)
core   0: 3 0x80005d10 (0xf449c283) x 5 0x0000001c mem 0x800150dc
core   0: 0x80005d14 (0xe84d8f93) addi    t6, s11, -380
core   0: 3 0x80005d14 (0xe84d8f93) x31 0x80014fed
core   0: 0x80005d18 (0xf4498803) lb      a6, -188(s3)
core   0: 3 0x80005d18 (0xf4498803) x16 0x0000001c mem 0x800150dc
core   0: 0x80005d1c (0xb07fda17) auipc   s4, 0xb07fd
core   0: 3 0x80005d1c (0xb07fda17) x20 0x30802d1c
core   0: 0x80005d20 (0xf5e98223) sb      t5, -188(s3)
core   0: 3 0x80005d20 (0xf5e98223) mem 0x800150dc 0x60
core   0: 0x80005d24 (0x1ea4bf37) lui     t5, 0x1ea4b
core   0: 3 0x80005d24 (0x1ea4bf37) x30 0x1ea4b000
core   0: 0x80005d28 (0x05499023) sh      s4, 64(s3)
core   0: 3 0x80005d28 (0x05499023) mem 0x800151d8 0x2d1c
core   0: 0x80005d2c (0xf6798483) lb      s1, -153(s3)
core   0: 3 0x80005d2c (0xf6798483) x 9 0xffffffdf mem 0x800150ff
core   0: 0x80005d30 (0x0001c617) auipc   a2, 0x1c
core   0: 3 0x80005d30 (0x0001c617) x12 0x80021d30
core   0: 0x80005d34 (0x4bc60613) addi    a2, a2, 1212
core   0: 3 0x80005d34 (0x4bc60613) x12 0x800221ec
core   0: 0x80005d38 (0x40ad0d33) sub     s10, s10, a0
core   0: 3 0x80005d38 (0x40ad0d33) x26 0x0000005f
core   0: 0x80005d3c (0x02265d83) lhu     s11, 34(a2)
core   0: 3 0x80005d3c (0x02265d83) x27 0x000033fa mem 0x8002220e
core   0: 0x80005d40 (0x02361123) sh      gp, 34(a2)
core   0: 3 0x80005d40 (0x02361123) mem 0x8002220e 0x0028
core   0: 0x80005d44 (0x01660803) lb      a6, 22(a2)
core   0: 3 0x80005d44 (0x01660803) x16 0xffffffb6 mem 0x80022202
core   0: 0x80005d48 (0xfd462f83) lw      t6, -44(a2)
core   0: 3 0x80005d48 (0xfd462f83) x31 0x9a77e6d0 mem 0x800221c0
core   0: 0x80005d4c (0x06c60c23) sb      a2, 120(a2)
core   0: 3 0x80005d4c (0x06c60c23) mem 0x80022264 0xec
core   0: 0x80005d50 (0xf2164d03) lbu     s10, -223(a2)
core   0: 3 0x80005d50 (0xf2164d03) x26 0x0000001a mem 0x8002210d
core   0: 0x80005d54 (0x04960d83) lb      s11, 73(a2)
core   0: 3 0x80005d54 (0x04960d83) x27 0x0000002b mem 0x80022235
core   0: 0x80005d58 (0xf5564e83) lbu     t4, -171(a2)
core   0: 3 0x80005d58 (0xf5564e83) x29 0x0000009f mem 0x80022141
core   0: 0x80005d5c (0x06760403) lb      s0, 103(a2)
core   0: 3 0x80005d5c (0x06760403) x 8 0xffffffed mem 0x80022253
core   0: 0x80005d60 (0xf4560a23) sb      t0, -172(a2)
core   0: 3 0x80005d60 (0xf4560a23) mem 0x80022140 0x1c
core   0: 0x80005d64 (0x3f437813) andi    a6, t1, 1012
core   0: 3 0x80005d64 (0x3f437813) x16 0x00000024
core   0: 0x80005d68 (0xfcf64d03) lbu     s10, -49(a2)
core   0: 3 0x80005d68 (0xfcf64d03) x26 0x000000b1 mem 0x800221bb
core   0: 0x80005d6c (0x319cbc13) sltiu   s8, s9, 793
core   0: 3 0x80005d6c (0x319cbc13) x24 0x00000000
core   0: 0x80005d70 (0x0038ec33) or      s8, a7, gp
core   0: 3 0x80005d70 (0x0038ec33) x24 0x8001be6c
core   0: 0x80005d74 (0x08862423) sw      s0, 136(a2)
core   0: 3 0x80005d74 (0x08862423) mem 0x80022274 0xffffffed
core   0: 0x80005d78 (0x08864c83) lbu     s9, 136(a2)
core   0: 3 0x80005d78 (0x08864c83) x25 0x000000ed mem 0x80022274
core   0: 0x80005d7c (0x0189e1b3) or      gp, s3, s8
core   0: 3 0x80005d7c (0x0189e1b3) x 3 0x8001fffc
core   0: 0x80005d80 (0x0d665683) lhu     a3, 214(a2)
core   0: 3 0x80005d80 (0x0d665683) x13 0x00001b40 mem 0x800222c2
core   0: 0x80005d84 (0x04360703) lb      a4, 67(a2)
core   0: 3 0x80005d84 (0x04360703) x14 0x00000042 mem 0x8002222f
core   0: 0x80005d88 (0x00010897) auipc   a7, 0x10
core   0: 3 0x80005d88 (0x00010897) x17 0x80015d88
core   0: 0x80005d8c (0x90b88893) addi    a7, a7, -1781
core   0: 3 0x80005d8c (0x90b88893) x17 0x80015693
core   0: 0x80005d90 (0xff38c083) lbu     ra, -13(a7)
core   0: 3 0x80005d90 (0xff38c083) x 1 0x0000004f mem 0x80015686
core   0: 0x80005d94 (0x44eb7793) andi    a5, s6, 1102
core   0: 3 0x80005d94 (0x44eb7793) x15 0x0000004c
core   0: 0x80005d98 (0x010890a3) sh      a6, 1(a7)
core   0: 3 0x80005d98 (0x010890a3) mem 0x80015694 0x0024
core   0: 0x80005d9c (0x2b450c93) addi    s9, a0, 692
core   0: 3 0x80005d9c (0x2b450c93) x25 0x000002b4
core   0: 0x80005da0 (0xff389e03) lh      t3, -13(a7)
core   0: 3 0x80005da0 (0xff389e03) x28 0x00003d4f mem 0x80015686
core   0: 0x80005da4 (0xfe8889a3) sb      s0, -13(a7)
core   0: 3 0x80005da4 (0xfe8889a3) mem 0x80015686 0xed
core   0: 0x80005da8 (0x00d8cc83) lbu     s9, 13(a7)
core   0: 3 0x80005da8 (0x00d8cc83) x25 0x0000004c mem 0x800156a0
core   0: 0x80005dac (0xff189403) lh      s0, -15(a7)
core   0: 3 0x80005dac (0xff189403) x 8 0x00006fc0 mem 0x80015684
core   0: 0x80005db0 (0x00288083) lb      ra, 2(a7)
core   0: 3 0x80005db0 (0x00288083) x 1 0x00000000 mem 0x80015695
core   0: 0x80005db4 (0x010892a3) sh      a6, 5(a7)
core   0: 3 0x80005db4 (0x010892a3) mem 0x80015698 0x0024
core   0: 0x80005db8 (0xff3888a3) sb      s3, -15(a7)
core   0: 3 0x80005db8 (0xff3888a3) mem 0x80015684 0x98
core   0: 0x80005dbc (0xfe089ea3) sh      zero, -3(a7)
core   0: 3 0x80005dbc (0xfe089ea3) mem 0x80015690 0x0000
core   0: 0x80005dc0 (0x346c7193) andi    gp, s8, 838
core   0: 3 0x80005dc0 (0x346c7193) x 3 0x00000244
core   0: 0x80005dc4 (0xffd8cc83) lbu     s9, -3(a7)
core   0: 3 0x80005dc4 (0xffd8cc83) x25 0x00000000 mem 0x80015690
core   0: 0x80005dc8 (0x4070d833) sra     a6, ra, t2
core   0: 3 0x80005dc8 (0x4070d833) x16 0x00000000
core   0: 0x80005dcc (0x0042de93) srli    t4, t0, 4
core   0: 3 0x80005dcc (0x0042de93) x29 0x00000001
core   0: 0x80005dd0 (0x010714b3) sll     s1, a4, a6
core   0: 3 0x80005dd0 (0x010714b3) x 9 0x00000042
core   0: 0x80005dd4 (0x0078a633) slt     a2, a7, t2
core   0: 3 0x80005dd4 (0x0078a633) x12 0x00000001
core   0: 0x80005dd8 (0x00f88e83) lb      t4, 15(a7)
core   0: 3 0x80005dd8 (0x00f88e83) x29 0xffffffc8 mem 0x800156a2
core   0: 0x80005ddc (0xffd8a203) lw      tp, -3(a7)
core   0: 3 0x80005ddc (0xffd8a203) x 4 0xe2860000 mem 0x80015690
core   0: 0x80005de0 (0xff088903) lb      s2, -16(a7)
core   0: 3 0x80005de0 (0xff088903) x18 0x00000054 mem 0x80015683
core   0: 0x80005de4 (0xff08cd03) lbu     s10, -16(a7)
core   0: 3 0x80005de4 (0xff08cd03) x26 0x00000054 mem 0x80015683
core   0: 0x80005de8 (0x0000f317) auipc   t1, 0xf
core   0: 3 0x80005de8 (0x0000f317) x 6 0x80014de8
core   0: 0x80005dec (0x26f30313) addi    t1, t1, 623
core   0: 3 0x80005dec (0x26f30313) x 6 0x80015057
core   0: 0x80005df0 (0x40725193) srai    gp, tp, 7
core   0: 3 0x80005df0 (0x40725193) x 3 0xffc50c00
core   0: 0x80005df4 (0xd5536d13) ori     s10, t1, -683
core   0: 3 0x80005df4 (0xd5536d13) x26 0xfffffd57
core   0: 0x80005df8 (0x07830b83) lb      s7, 120(t1)
core   0: 3 0x80005df8 (0x07830b83) x23 0x00000021 mem 0x800150cf
core   0: 0x80005dfc (0x06034a03) lbu     s4, 96(t1)
core   0: 3 0x80005dfc (0x06034a03) x20 0x0000000f mem 0x800150b7
core   0: 0x80005e00 (0x0f330403) lb      s0, 243(t1)
core   0: 3 0x80005e00 (0x0f330403) x 8 0x00000036 mem 0x8001514a
core   0: 0x80005e04 (0xfff31203) lh      tp, -1(t1)
core   0: 3 0x80005e04 (0xfff31203) x 4 0x00003138 mem 0x80015056
core   0: 0x80005e08 (0x0b030c03) lb      s8, 176(t1)
core   0: 3 0x80005e08 (0x0b030c03) x24 0x00000061 mem 0x80015107
core   0: 0x80005e0c (0x00331483) lh      s1, 3(t1)
core   0: 3 0x80005e0c (0x00331483) x 9 0x000021d7 mem 0x8001505a
core   0: 0x80005e10 (0x005ae1b3) or      gp, s5, t0
core   0: 3 0x80005e10 (0x005ae1b3) x 3 0x0000001c
core   0: 0x80005e14 (0x06834f83) lbu     t6, 104(t1)
core   0: 3 0x80005e14 (0x06834f83) x31 0x0000004b mem 0x800150bf
core   0: 0x80005e18 (0x40fd03b3) sub     t2, s10, a5
core   0: 3 0x80005e18 (0x40fd03b3) x 7 0xfffffd0b
core   0: 0x80005e1c (0x02030c03) lb      s8, 32(t1)
core   0: 3 0x80005e1c (0x02030c03) x24 0x00000019 mem 0x80015077
core   0: 0x80005e20 (0x01e4a733) slt     a4, s1, t5
core   0: 3 0x80005e20 (0x01e4a733) x14 0x00000001
core   0: 0x80005e24 (0x01f30783) lb      a5, 31(t1)
core   0: 3 0x80005e24 (0x01f30783) x15 0x0000005c mem 0x80015076
core   0: 0x80005e28 (0x0f532903) lw      s2, 245(t1)
core   0: 3 0x80005e28 (0x0f532903) x18 0x48bee7f7 mem 0x8001514c
core   0: 0x80005e2c (0x05631ba3) sh      s6, 87(t1)
core   0: 3 0x80005e2c (0x05631ba3) mem 0x800150ae 0xbb5c
core   0: 0x80005e30 (0x40af8533) sub     a0, t6, a0
core   0: 3 0x80005e30 (0x40af8533) x10 0x0000004b
core   0: 0x80005e34 (0x14fc6493) ori     s1, s8, 335
core   0: 3 0x80005e34 (0x14fc6493) x 9 0x0000015f
core   0: 0x80005e38 (0x08932883) lw      a7, 137(t1)
core   0: 3 0x80005e38 (0x08932883) x17 0x1c47ac5b mem 0x800150e0
core   0: 0x80005e3c (0x016c8433) add     s0, s9, s6
core   0: 3 0x80005e3c (0x016c8433) x 8 0xfe61bb5c
core   0: 0x80005e40 (0x74028d13) addi    s10, t0, 1856
core   0: 3 0x80005e40 (0x74028d13) x26 0x0000075c
core   0: 0x80005e44 (0x01d34283) lbu     t0, 29(t1)
core   0: 3 0x80005e44 (0x01d34283) x 5 0x00000076 mem 0x80015074
core   0: 0x80005e48 (0x017720b3) slt     ra, a4, s7
core   0: 3 0x80005e48 (0x017720b3) x 1 0x00000001
core   0: 0x80005e4c (0x0a230e03) lb      t3, 162(t1)
core   0: 3 0x80005e4c (0x0a230e03) x28 0xffffffff mem 0x800150f9
core   0: 0x80005e50 (0x09d30323) sb      t4, 134(t1)
core   0: 3 0x80005e50 (0x09d30323) mem 0x800150dd 0xc8
core   0: 0x80005e54 (0x5fc14bb7) lui     s7, 0x5fc14
core   0: 3 0x80005e54 (0x5fc14bb7) x23 0x5fc14000
core   0: 0x80005e58 (0x0bb30403) lb      s0, 187(t1)
core   0: 3 0x80005e58 (0x0bb30403) x 8 0xffffffc5 mem 0x80015112
core   0: 0x80005e5c (0x08c34983) lbu     s3, 140(t1)
core   0: 3 0x80005e5c (0x08c34983) x19 0x0000001c mem 0x800150e3
core   0: 0x80005e60 (0x9b71f413) andi    s0, gp, -1609
core   0: 3 0x80005e60 (0x9b71f413) x 8 0x00000014
core   0: 0x80005e64 (0x00000013) nop
core   0: 3 0x80005e64 (0x00000013)
core   0: 0x80005e68 (0x00e09e33) sll     t3, ra, a4
core   0: 3 0x80005e68 (0x00e09e33) x28 0x00000002
core   0: 0x80005e6c (0x0d030403) lb      s0, 208(t1)
core   0: 3 0x80005e6c (0x0d030403) x 8 0xffffffd2 mem 0x80015127
core   0: 0x80005e70 (0x01f0a833) slt     a6, ra, t6
core   0: 3 0x80005e70 (0x01f0a833) x16 0x00000001
core   0: 0x80005e74 (0x03334203) lbu     tp, 51(t1)
core   0: 3 0x80005e74 (0x03334203) x 4 0x000000d2 mem 0x8001508a
core   0: 0x80005e78 (0x04d31fa3) sh      a3, 95(t1)
core   0: 3 0x80005e78 (0x04d31fa3) mem 0x800150b6 0x1b40
core   0: 0x80005e7c (0x01cf9b93) slli    s7, t6, 28
core   0: 3 0x80005e7c (0x01cf9b93) x23 0xb0000000
core   0: 0x80005e80 (0x014332b3) sltu    t0, t1, s4
core   0: 3 0x80005e80 (0x014332b3) x 5 0x00000000
core   0: 0x80005e84 (0x09834a83) lbu     s5, 152(t1)
core   0: 3 0x80005e84 (0x09834a83) x21 0x00000058 mem 0x800150ef
core   0: 0x80005e88 (0x3eef4513) xori    a0, t5, 1006
core   0: 3 0x80005e88 (0x3eef4513) x10 0x1ea4b3ee
core   0: 0x80005e8c (0x01d26db3) or      s11, tp, t4
core   0: 3 0x80005e8c (0x01d26db3) x27 0xffffffda
core   0: 0x80005e90 (0x045300a3) sb      t0, 65(t1)
core   0: 3 0x80005e90 (0x045300a3) mem 0x80015098 0x0
core   0: 0x80005e94 (0xff330ba3) sb      s3, -9(t1)
core   0: 3 0x80005e94 (0xff330ba3) mem 0x8001504e 0x1c
core   0: 0x80005e98 (0x01b30ea3) sb      s11, 29(t1)
core   0: 3 0x80005e98 (0x01b30ea3) mem 0x80015074 0xda
core   0: 0x80005e9c (0x56fbaa13) slti    s4, s7, 1391
core   0: 3 0x80005e9c (0x56fbaa13) x20 0x00000001
core   0: 0x80005ea0 (0x0ba30323) sb      s10, 166(t1)
core   0: 3 0x80005ea0 (0x0ba30323) mem 0x800150fd 0x5c
core   0: 0x80005ea4 (0x002f1f33) sll     t5, t5, sp
core   0: 3 0x80005ea4 (0x002f1f33) x30 0xea4b0000
core   0: 0x80005ea8 (0x0f331d83) lh      s11, 243(t1)
core   0: 3 0x80005ea8 (0x0f331d83) x27 0xffffee36 mem 0x8001514a
core   0: 0x80005eac (0x04135d03) lhu     s10, 65(t1)
core   0: 3 0x80005eac (0x04135d03) x26 0x0000ef00 mem 0x80015098
core   0: 0x80005eb0 (0x0ec30123) sb      a2, 226(t1)
core   0: 3 0x80005eb0 (0x0ec30123) mem 0x80015139 0x1
core   0: 0x80005eb4 (0x00015817) auipc   a6, 0x15
core   0: 3 0x80005eb4 (0x00015817) x16 0x8001aeb4
core   0: 0x80005eb8 (0x0ed80813) addi    a6, a6, 237
core   0: 3 0x80005eb8 (0x0ed80813) x16 0x8001afa1
core   0: 0x80005ebc (0x00010917) auipc   s2, 0x10
core   0: 3 0x80005ebc (0x00010917) x18 0x80015ebc
core   0: 0x80005ec0 (0x5d790913) addi    s2, s2, 1495
core   0: 3 0x80005ec0 (0x5d790913) x18 0x80016493
core   0: 0x80005ec4 (0x02480003) lb      zero, 36(a6)
core   0: 3 0x80005ec4 (0x02480003) mem 0x8001afc5
core   0: 0x80005ec8 (0x00020317) auipc   t1, 0x20
core   0: 3 0x80005ec8 (0x00020317) x 6 0x80025ec8
core   0: 0x80005ecc (0xb0430313) addi    t1, t1, -1276
core   0: 3 0x80005ecc (0xb0430313) x 6 0x800259cc
core   0: 0x80005ed0 (0x0001ee97) auipc   t4, 0x1e
core   0: 3 0x80005ed0 (0x0001ee97) x29 0x80023ed0
core   0: 0x80005ed4 (0xdf7e8e93) addi    t4, t4, -521
core   0: 3 0x80005ed4 (0xdf7e8e93) x29 0x80023cc7
core   0: 0x80005ed8 (0xfc980003) lb      zero, -55(a6)
core   0: 3 0x80005ed8 (0xfc980003) mem 0x8001af6a
core   0: 0x80005edc (0xffa30fa3) sb      s10, -1(t1)
core   0: 3 0x80005edc (0xffa30fa3) mem 0x800259cb 0x0
core   0: 0x80005ee0 (0x01ae8523) sb      s10, 10(t4)
core   0: 3 0x80005ee0 (0x01ae8523) mem 0x80023cd1 0x0
core   0: 0x80005ee4 (0xfcd804a3) sb      a3, -55(a6)
core   0: 3 0x80005ee4 (0xfcd804a3) mem 0x8001af6a 0x40
core   0: 0x80005ee8 (0x008e8983) lb      s3, 8(t4)
core   0: 3 0x80005ee8 (0x008e8983) x19 0x00000060 mem 0x80023ccf
core   0: 0x80005eec (0x028e8f03) lb      t5, 40(t4)
core   0: 3 0x80005eec (0x028e8f03) x30 0x00000071 mem 0x80023cef
core   0: 0x80005ef0 (0xfd6305a3) sb      s6, -53(t1)
core   0: 3 0x80005ef0 (0xfd6305a3) mem 0x80025997 0x5c
core   0: 0x80005ef4 (0xfef90823) sb      a5, -16(s2)
core   0: 3 0x80005ef4 (0xfef90823) mem 0x80016483 0x5c
core   0: 0x80005ef8 (0x01d80d83) lb      s11, 29(a6)
core   0: 3 0x80005ef8 (0x01d80d83) x27 0xfffffffe mem 0x8001afbe
core   0: 0x80005efc (0xfd782d03) lw      s10, -41(a6)
core   0: 3 0x80005efc (0xfd782d03) x26 0x70a37dee mem 0x8001af78
core   0: 0x80005f00 (0xfea908a3) sb      a0, -15(s2)
core   0: 3 0x80005f00 (0xfea908a3) mem 0x80016484 0xee
core   0: 0x80005f04 (0x02d31823) sh      a3, 48(t1)
core   0: 3 0x80005f04 (0x02d31823) mem 0x800259fc 0x1b40
core   0: 0x80005f08 (0x00290523) sb      sp, 10(s2)
core   0: 3 0x80005f08 (0x00290523) mem 0x8001649d 0x64
core   0: 0x80005f0c (0xff780d23) sb      s7, -6(a6)
core   0: 3 0x80005f0c (0xff780d23) mem 0x8001af9b 0x0
core   0: 0x80005f10 (0x024e99a3) sh      tp, 51(t4)
core   0: 3 0x80005f10 (0x024e99a3) mem 0x80023cfa 0x00d2
core   0: 0x80005f14 (0x00f30ba3) sb      a5, 23(t1)
core   0: 3 0x80005f14 (0x00f30ba3) mem 0x800259e3 0x5c
core   0: 0x80005f18 (0xfe835f83) lhu     t6, -24(t1)
core   0: 3 0x80005f18 (0xfe835f83) x31 0x000060c1 mem 0x800259b4
core   0: 0x80005f1c (0x021e9083) lh      ra, 33(t4)
core   0: 3 0x80005f1c (0x021e9083) x 1 0xffff8eb3 mem 0x80023ce8
core   0: 0x80005f20 (0x00f91b83) lh      s7, 15(s2)
core   0: 3 0x80005f20 (0x00f91b83) x23 0x00003b3c mem 0x800164a2
core   0: 0x80005f24 (0xfc431483) lh      s1, -60(t1)
core   0: 3 0x80005f24 (0xfc431483) x 9 0x00007c6e mem 0x80025990
core   0: 0x80005f28 (0x00894183) lbu     gp, 8(s2)
core   0: 3 0x80005f28 (0x00894183) x 3 0x00000087 mem 0x8001649b
core   0: 0x80005f2c (0x00390503) lb      a0, 3(s2)
core   0: 3 0x80005f2c (0x00390503) x10 0x00000075 mem 0x80016496
core   0: 0x80005f30 (0x00995603) lhu     a2, 9(s2)
core   0: 3 0x80005f30 (0x00995603) x12 0x000064ff mem 0x8001649c
core   0: 0x80005f34 (0xfd1815a3) sh      a7, -53(a6)
core   0: 3 0x80005f34 (0xfd1815a3) mem 0x8001af6c 0xac5b
core   0: 0x80005f38 (0x00694883) lbu     a7, 6(s2)
core   0: 3 0x80005f38 (0x00694883) x17 0x0000004b mem 0x80016499
core   0: 0x80005f3c (0x03134983) lbu     s3, 49(t1)
core   0: 3 0x80005f3c (0x03134983) x19 0x0000001b mem 0x800259fd
core   0: 0x80005f40 (0x006e8703) lb      a4, 6(t4)
core   0: 3 0x80005f40 (0x006e8703) x14 0xffffffad mem 0x80023ccd
core   0: 0x80005f44 (0xfdb80423) sb      s11, -56(a6)
core   0: 3 0x80005f44 (0xfdb80423) mem 0x8001af69 0xfe
core   0: 0x80005f48 (0x01094203) lbu     tp, 16(s2)
core   0: 3 0x80005f48 (0x01094203) x 4 0x0000003b mem 0x800164a3
core   0: 0x80005f4c (0x023eda03) lhu     s4, 35(t4)
core   0: 3 0x80005f4c (0x023eda03) x20 0x00005ddb mem 0x80023cea
core   0: 0x80005f50 (0xffae8203) lb      tp, -6(t4)
core   0: 3 0x80005f50 (0xffae8203) x 4 0x00000032 mem 0x80023cc1
core   0: 0x80005f54 (0xffc34c83) lbu     s9, -4(t1)
core   0: 3 0x80005f54 (0xffc34c83) x25 0x00000013 mem 0x800259c8
core   0: 0x80005f58 (0x00794983) lbu     s3, 7(s2)
core   0: 3 0x80005f58 (0x00794983) x19 0x00000072 mem 0x8001649a
core   0: 0x80005f5c (0x0000ff17) auipc   t5, 0xf
core   0: 3 0x80005f5c (0x0000ff17) x30 0x80014f5c
core   0: 0x80005f60 (0x39af0f13) addi    t5, t5, 922
core   0: 3 0x80005f60 (0x39af0f13) x30 0x800152f6
core   0: 0x80005f64 (0x00011517) auipc   a0, 0x11
core   0: 3 0x80005f64 (0x00011517) x10 0x80016f64
core   0: 0x80005f68 (0x70450513) addi    a0, a0, 1796
core   0: 3 0x80005f68 (0x70450513) x10 0x80017668
core   0: 0x80005f6c (0xffd54203) lbu     tp, -3(a0)
core   0: 3 0x80005f6c (0xffd54203) x 4 0x0000005c mem 0x80017665
core   0: 0x80005f70 (0xfeb51923) sh      a1, -14(a0)
core   0: 3 0x80005f70 (0xfeb51923) mem 0x8001765a 0xece4
core   0: 0x80005f74 (0x7b9f0e03) lb      t3, 1977(t5)
core   0: 3 0x80005f74 (0x7b9f0e03) x28 0xffffff93 mem 0x80015aaf
core   0: 0x80005f78 (0xffe50d23) sb      t5, -6(a0)
core   0: 3 0x80005f78 (0xffe50d23) mem 0x80017662 0xf6
core   0: 0x80005f7c (0x7b2f0423) sb      s2, 1960(t5)
core   0: 3 0x80005f7c (0x7b2f0423) mem 0x80015a9e 0x93
core   0: 0x80005f80 (0xff954d83) lbu     s11, -7(a0)
core   0: 3 0x80005f80 (0xff954d83) x27 0x00000082 mem 0x80017661
core   0: 0x80005f84 (0x00354b83) lbu     s7, 3(a0)
core   0: 3 0x80005f84 (0x00354b83) x23 0x000000df mem 0x8001766b
core   0: 0x80005f88 (0x64df2d23) sw      a3, 1626(t5)
core   0: 3 0x80005f88 (0x64df2d23) mem 0x80015950 0x00001b40
core   0: 0x80005f8c (0xffb54803) lbu     a6, -5(a0)
core   0: 3 0x80005f8c (0xffb54803) x16 0x00000055 mem 0x80017663
core   0: 0x80005f90 (0x472f1d83) lh      s11, 1138(t5)
core   0: 3 0x80005f90 (0x472f1d83) x27 0x0000480a mem 0x80015768
core   0: 0x80005f94 (0x530f1d03) lh      s10, 1328(t5)
core   0: 3 0x80005f94 (0x530f1d03) x26 0x00002831 mem 0x80015826
core   0: 0x80005f98 (0x4c4f4d03) lbu     s10, 1220(t5)
core   0: 3 0x80005f98 (0x4c4f4d03) x26 0x0000006a mem 0x800157ba
core   0: 0x80005f9c (0xffb54e03) lbu     t3, -5(a0)
core   0: 3 0x80005f9c (0xffb54e03) x28 0x00000055 mem 0x80017663
core   0: 0x80005fa0 (0x01e500a3) sb      t5, 1(a0)
core   0: 3 0x80005fa0 (0x01e500a3) mem 0x80017669 0xf6
core   0: 0x80005fa4 (0x602f07a3) sb      sp, 1551(t5)
core   0: 3 0x80005fa4 (0x602f07a3) mem 0x80015905 0x64
core   0: 0x80005fa8 (0xfe152823) sw      ra, -16(a0)
core   0: 3 0x80005fa8 (0xfe152823) mem 0x80017658 0xffff8eb3
core   0: 0x80005fac (0x00010d97) auipc   s11, 0x10
core   0: 3 0x80005fac (0x00010d97) x27 0x80015fac
core   0: 0x80005fb0 (0x073d8d93) addi    s11, s11, 115
core   0: 3 0x80005fb0 (0x073d8d93) x27 0x8001601f
core   0: 0x80005fb4 (0x0000f797) auipc   a5, 0xf
core   0: 3 0x80005fb4 (0x0000f797) x15 0x80014fb4
core   0: 0x80005fb8 (0x13d78793) addi    a5, a5, 317
core   0: 3 0x80005fb8 (0x13d78793) x15 0x800150f1
core   0: 0x80005fbc (0xfe078823) sb      zero, -16(a5)
core   0: 3 0x80005fbc (0xfe078823) mem 0x800150e1 0x0
core   0: 0x80005fc0 (0x0000fc17) auipc   s8, 0xf
core   0: 3 0x80005fc0 (0x0000fc17) x24 0x80014fc0
core   0: 0x80005fc4 (0x2c9c0c13) addi    s8, s8, 713
core   0: 3 0x80005fc4 (0x2c9c0c13) x24 0x80015289
core   0: 0x80005fc8 (0x0000f697) auipc   a3, 0xf
core   0: 3 0x80005fc8 (0x0000f697) x13 0x80014fc8
core   0: 0x80005fcc (0x08668693) addi    a3, a3, 134
core   0: 3 0x80005fcc (0x08668693) x13 0x8001504e
core   0: 0x80005fd0 (0xffddcc83) lbu     s9, -3(s11)
core   0: 3 0x80005fd0 (0xffddcc83) x25 0x00000031 mem 0x8001601c
core   0: 0x80005fd4 (0xffddce03) lbu     t3, -3(s11)
core   0: 3 0x80005fd4 (0xffddce03) x28 0x00000031 mem 0x8001601c
core   0: 0x80005fd8 (0x0000f317) auipc   t1, 0xf
core   0: 3 0x80005fd8 (0x0000f317) x 6 0x80014fd8
core   0: 0x80005fdc (0x0c830313) addi    t1, t1, 200
core   0: 3 0x80005fdc (0x0c830313) x 6 0x800150a0
core   0: 0x80005fe0 (0xff768fa3) sb      s7, -1(a3)
core   0: 3 0x80005fe0 (0xff768fa3) mem 0x8001504d 0xdf
core   0: 0x80005fe4 (0x006c4203) lbu     tp, 6(s8)
core   0: 3 0x80005fe4 (0x006c4203) x 4 0x000000ae mem 0x8001528f
core   0: 0x80005fe8 (0xff3d8823) sb      s3, -16(s11)
core   0: 3 0x80005fe8 (0xff3d8823) mem 0x8001600f 0x72
core   0: 0x80005fec (0xffe69e83) lh      t4, -2(a3)
core   0: 3 0x80005fec (0xffe69e83) x29 0xffffdfb1 mem 0x8001504c
core   0: 0x80005ff0 (0x00cc12a3) sh      a2, 5(s8)
core   0: 3 0x80005ff0 (0x00cc12a3) mem 0x8001528e 0x64ff
core   0: 0x80005ff4 (0x5e534e83) lbu     t4, 1509(t1)
core   0: 3 0x80005ff4 (0x5e534e83) x29 0x0000006f mem 0x80015685
core   0: 0x80005ff8 (0xfe2c0d23) sb      sp, -6(s8)
core   0: 3 0x80005ff8 (0xfe2c0d23) mem 0x80015283 0x64
core   0: 0x80005ffc (0x008c0723) sb      s0, 14(s8)
core   0: 3 0x80005ffc (0x008c0723) mem 0x80015297 0xd2
core   0: 0x80006000 (0x7c934003) lbu     zero, 1993(t1)
core   0: 3 0x80006000 (0x7c934003) mem 0x80015869
core   0: 0x80006004 (0xfd478083) lb      ra, -44(a5)
core   0: 3 0x80006004 (0xfd478083) x 1 0xffffff85 mem 0x800150c5
core   0: 0x80006008 (0xffdd8a83) lb      s5, -3(s11)
core   0: 3 0x80006008 (0xffdd8a83) x21 0x00000031 mem 0x8001601c
core   0: 0x8000600c (0x7e232a23) sw      sp, 2036(t1)
core   0: 3 0x8000600c (0x7e232a23) mem 0x80015894 0x8002ae64
core   0: 0x80006010 (0x005c07a3) sb      t0, 15(s8)
core   0: 3 0x80006010 (0x005c07a3) mem 0x80015298 0x0
core   0: 0x80006014 (0x05634183) lbu     gp, 86(t1)
core   0: 3 0x80006014 (0x05634183) x 3 0x00000000 mem 0x800150f6
core   0: 0x80006018 (0x00fd8503) lb      a0, 15(s11)
core   0: 3 0x80006018 (0x00fd8503) x10 0x00000020 mem 0x8001602e
core   0: 0x8000601c (0xfe369e23) sh      gp, -4(a3)
core   0: 3 0x8000601c (0xfe369e23) mem 0x8001504a 0x0000
core   0: 0x80006020 (0x00ddad03) lw      s10, 13(s11)
core   0: 3 0x80006020 (0x00ddad03) x26 0x09208388 mem 0x8001602c
core   0: 0x80006024 (0x008c0f83) lb      t6, 8(s8)
core   0: 3 0x80006024 (0x008c0f83) x31 0xffffffc8 mem 0x80015291
core   0: 0x80006028 (0x2cc30803) lb      a6, 716(t1)
core   0: 3 0x80006028 (0x2cc30803) x16 0xffffff85 mem 0x8001536c
core   0: 0x8000602c (0xfffc4403) lbu     s0, -1(s8)
core   0: 3 0x8000602c (0xfffc4403) x 8 0x0000007a mem 0x80015288
core   0: 0x80006030 (0xfcb305a3) sb      a1, -53(t1)
core   0: 3 0x80006030 (0xfcb305a3) mem 0x8001506b 0xe4
core   0: 0x80006034 (0x00478183) lb      gp, 4(a5)
core   0: 3 0x80006034 (0x00478183) x 3 0xffffffcb mem 0x800150f5
core   0: 0x80006038 (0xff769e23) sh      s7, -4(a3)
core   0: 3 0x80006038 (0xff769e23) mem 0x8001504a 0x00df
core   0: 0x8000603c (0x73a35a83) lhu     s5, 1850(t1)
core   0: 3 0x8000603c (0x73a35a83) x21 0x0000a148 mem 0x800157da
core   0: 0x80006040 (0xfebc1aa3) sh      a1, -11(s8)
core   0: 3 0x80006040 (0xfebc1aa3) mem 0x8001527e 0xece4
core   0: 0x80006044 (0x0357d883) lhu     a7, 53(a5)
core   0: 3 0x80006044 (0x0357d883) x17 0x0000d27e mem 0x80015126
core   0: 0x80006048 (0x00edca83) lbu     s5, 14(s11)
core   0: 3 0x80006048 (0x00edca83) x21 0x00000083 mem 0x8001602d
core   0: 0x8000604c (0xffd68da3) sb      t4, -5(a3)
core   0: 3 0x8000604c (0xffd68da3) mem 0x80015049 0x6f
core   0: 0x80006050 (0xffed8983) lb      s3, -2(s11)
core   0: 3 0x80006050 (0xffed8983) x19 0xffffff96 mem 0x8001601d
core   0: 0x80006054 (0xff0c0083) lb      ra, -16(s8)
core   0: 3 0x80006054 (0xff0c0083) x 1 0x00000070 mem 0x80015279
core   0: 0x80006058 (0xfd378983) lb      s3, -45(a5)
core   0: 3 0x80006058 (0xfd378983) x19 0xffffffee mem 0x800150c4
core   0: 0x8000605c (0xfefd8f23) sb      a5, -2(s11)
core   0: 3 0x8000605c (0xfefd8f23) mem 0x8001601d 0xf1
core   0: 0x80006060 (0xff3c1ca3) sh      s3, -7(s8)
core   0: 3 0x80006060 (0xff3c1ca3) mem 0x80015282 0xffee
core   0: 0x80006064 (0x0001d817) auipc   a6, 0x1d
core   0: 3 0x80006064 (0x0001d817) x16 0x80023064
core   0: 0x80006068 (0xa3880813) addi    a6, a6, -1480
core   0: 3 0x80006068 (0xa3880813) x16 0x80022a9c
core   0: 0x8000606c (0x00018f97) auipc   t6, 0x18
core   0: 3 0x8000606c (0x00018f97) x31 0x8001e06c
core   0: 0x80006070 (0x710f8f93) addi    t6, t6, 1808
core   0: 3 0x80006070 (0x710f8f93) x31 0x8001e77c
core   0: 0x80006074 (0x0001a097) auipc   ra, 0x1a
core   0: 3 0x80006074 (0x0001a097) x 1 0x80020074
core   0: 0x80006078 (0x29f08093) addi    ra, ra, 671
core   0: 3 0x80006078 (0x29f08093) x 1 0x80020313
core   0: 0x8000607c (0xffb84683) lbu     a3, -5(a6)
core   0: 3 0x8000607c (0xffb84683) x13 0x00000022 mem 0x80022a97
core   0: 0x80006080 (0xfdf09e03) lh      t3, -33(ra)
core   0: 3 0x80006080 (0xfdf09e03) x28 0x00000877 mem 0x800202f2
core   0: 0x80006084 (0x01d80023) sb      t4, 0(a6)
core   0: 3 0x80006084 (0x01d80023) mem 0x80022a9c 0x6f
core   0: 0x80006088 (0x0001a797) auipc   a5, 0x1a
core   0: 3 0x80006088 (0x0001a797) x15 0x80020088
core   0: 0x8000608c (0x50f78793) addi    a5, a5, 1295
core   0: 3 0x8000608c (0x50f78793) x15 0x80020597
core   0: 0x80006090 (0xfdf7c603) lbu     a2, -33(a5)
core   0: 3 0x80006090 (0xfdf7c603) x12 0x00000009 mem 0x80020576
core   0: 0x80006094 (0xfccfc503) lbu     a0, -52(t6)
core   0: 3 0x80006094 (0xfccfc503) x10 0x0000000e mem 0x8001e748
core   0: 0x80006098 (0x00980a83) lb      s5, 9(a6)
core   0: 3 0x80006098 (0x00980a83) x21 0xffffff9b mem 0x80022aa5
core   0: 0x8000609c (0x01b7c183) lbu     gp, 27(a5)
core   0: 3 0x8000609c (0x01b7c183) x 3 0x000000d6 mem 0x800205b2
core   0: 0x800060a0 (0x03408b83) lb      s7, 52(ra)
core   0: 3 0x800060a0 (0x03408b83) x23 0xffffff99 mem 0x80020347
core   0: 0x800060a4 (0x00b78d23) sb      a1, 26(a5)
core   0: 3 0x800060a4 (0x00b78d23) mem 0x800205b1 0xe4
core   0: 0x800060a8 (0xfe078123) sb      zero, -30(a5)
core   0: 3 0x800060a8 (0xfe078123) mem 0x80020579 0x0
core   0: 0x800060ac (0xff179b83) lh      s7, -15(a5)
core   0: 3 0x800060ac (0xff179b83) x23 0x000012c9 mem 0x80020588
core   0: 0x800060b0 (0x00d84183) lbu     gp, 13(a6)
core   0: 3 0x800060b0 (0x00d84183) x 3 0x0000003f mem 0x80022aa9
core   0: 0x800060b4 (0xff580f03) lb      t5, -11(a6)
core   0: 3 0x800060b4 (0xff580f03) x30 0x00000049 mem 0x80022a91
core   0: 0x800060b8 (0xfc6f89a3) sb      t1, -45(t6)
core   0: 3 0x800060b8 (0xfc6f89a3) mem 0x8001e74f 0xa0
core   0: 0x800060bc (0x0380c603) lbu     a2, 56(ra)
core   0: 3 0x800060bc (0x0380c603) x12 0x00000063 mem 0x8002034b
core   0: 0x800060c0 (0xffe80c83) lb      s9, -2(a6)
core   0: 3 0x800060c0 (0xffe80c83) x25 0x00000023 mem 0x80022a9a
core   0: 0x800060c4 (0xfebfc283) lbu     t0, -21(t6)
core   0: 3 0x800060c4 (0xfebfc283) x 5 0x0000002c mem 0x8001e767
core   0: 0x800060c8 (0xff085f03) lhu     t5, -16(a6)
core   0: 3 0x800060c8 (0xff085f03) x30 0x0000bb42 mem 0x80022a8c
core   0: 0x800060cc (0xfe678d03) lb      s10, -26(a5)
core   0: 3 0x800060cc (0xfe678d03) x26 0xffffff86 mem 0x8002057d
core   0: 0x800060d0 (0xff0f9523) sh      a6, -22(t6)
core   0: 3 0x800060d0 (0xff0f9523) mem 0x8001e766 0x2a9c
core   0: 0x800060d4 (0x00d84c83) lbu     s9, 13(a6)
core   0: 3 0x800060d4 (0x00d84c83) x25 0x0000003f mem 0x80022aa9
core   0: 0x800060d8 (0x0367c383) lbu     t2, 54(a5)
core   0: 3 0x800060d8 (0x0367c383) x 7 0x000000a6 mem 0x800205cd
core   0: 0x800060dc (0x03078123) sb      a6, 34(a5)
core   0: 3 0x800060dc (0x03078123) mem 0x800205b9 0x9c
core   0: 0x800060e0 (0xff608303) lb      t1, -10(ra)
core   0: 3 0x800060e0 (0xff608303) x 6 0xffffffa2 mem 0x80020309
core   0: 0x800060e4 (0xfe080ba3) sb      zero, -9(a6)
core   0: 3 0x800060e4 (0xfe080ba3) mem 0x80022a93 0x0
core   0: 0x800060e8 (0x03afd483) lhu     s1, 58(t6)
core   0: 3 0x800060e8 (0x03afd483) x 9 0x0000e803 mem 0x8001e7b6
core   0: 0x800060ec (0xfeef9683) lh      a3, -18(t6)
core   0: 3 0x800060ec (0xfeef9683) x13 0xfffff25f mem 0x8001e76a
core   0: 0x800060f0 (0xfd709c03) lh      s8, -41(ra)
core   0: 3 0x800060f0 (0xfd709c03) x24 0xffff9989 mem 0x800202ea
core   0: 0x800060f4 (0xfec78ba3) sb      a2, -9(a5)
core   0: 3 0x800060f4 (0xfec78ba3) mem 0x8002058e 0x63
core   0: 0x800060f8 (0x01dfce03) lbu     t3, 29(t6)
core   0: 3 0x800060f8 (0x01dfce03) x28 0x0000003f mem 0x8001e799
core   0: 0x800060fc (0xfff80283) lb      t0, -1(a6)
core   0: 3 0x800060fc (0xfff80283) x 5 0xffffff9f mem 0x80022a9b
core   0: 0x80006100 (0xfe008c83) lb      s9, -32(ra)
core   0: 3 0x80006100 (0xfe008c83) x25 0x00000008 mem 0x800202f3
core   0: 0x80006104 (0x0000fb97) auipc   s7, 0xf
core   0: 3 0x80006104 (0x0000fb97) x23 0x80015104
core   0: 0x80006108 (0x79cb8b93) addi    s7, s7, 1948
core   0: 3 0x80006108 (0x79cb8b93) x23 0x800158a0
core   0: 0x8000610c (0xe6ebd303) lhu     t1, -402(s7)
core   0: 3 0x8000610c (0xe6ebd303) x 6 0x0000e4b9 mem 0x8001570e
core   0: 0x80006110 (0x00017397) auipc   t2, 0x17
core   0: 3 0x80006110 (0x00017397) x 7 0x8001d110
core   0: 0x80006114 (0x4ef38393) addi    t2, t2, 1263
core   0: 3 0x80006114 (0x4ef38393) x 7 0x8001d5ff
core   0: 0x80006118 (0xc20b9e23) sh      zero, -964(s7)
core   0: 3 0x80006118 (0xc20b9e23) mem 0x800154dc 0x0000
core   0: 0x8000611c (0xcdeb8e23) sb      t5, -804(s7)
core   0: 3 0x8000611c (0xcdeb8e23) mem 0x8001557c 0x42
core   0: 0x80006120 (0x0c238423) sb      sp, 200(t2)
core   0: 3 0x80006120 (0x0c238423) mem 0x8001d6c7 0x64
core   0: 0x80006124 (0x01938683) lb      a3, 25(t2)
core   0: 3 0x80006124 (0x01938683) x13 0x00000016 mem 0x8001d618
core   0: 0x80006128 (0x04c390a3) sh      a2, 65(t2)
core   0: 3 0x80006128 (0x04c390a3) mem 0x8001d640 0x0063
core   0: 0x8000612c (0x06b3c803) lbu     a6, 107(t2)
core   0: 3 0x8000612c (0x06b3c803) x16 0x0000009e mem 0x8001d66a
core   0: 0x80006130 (0x12cb9203) lh      tp, 300(s7)
core   0: 3 0x80006130 (0x12cb9203) x 4 0xffffa81e mem 0x800159cc
core   0: 0x80006134 (0xf7b3cf03) lbu     t5, -133(t2)
core   0: 3 0x80006134 (0xf7b3cf03) x30 0x000000e8 mem 0x8001d57a
core   0: 0x80006138 (0x661b8c83) lb      s9, 1633(s7)
core   0: 3 0x80006138 (0x661b8c83) x25 0xfffffffc mem 0x80015f01
core   0: 0x8000613c (0x06838623) sb      s0, 108(t2)
core   0: 3 0x8000613c (0x06838623) mem 0x8001d66b 0x7a
core   0: 0x80006140 (0xd33b8803) lb      a6, -717(s7)
core   0: 3 0x80006140 (0xd33b8803) x16 0xffffffc0 mem 0x800155d3
core   0: 0x80006144 (0x01739e83) lh      t4, 23(t2)
core   0: 3 0x80006144 (0x01739e83) x29 0x00002a4c mem 0x8001d616
core   0: 0x80006148 (0x12fbc283) lbu     t0, 303(s7)
core   0: 3 0x80006148 (0x12fbc283) x 5 0x00000043 mem 0x800159cf
core   0: 0x8000614c (0xa0fbc503) lbu     a0, -1521(s7)
core   0: 3 0x8000614c (0xa0fbc503) x10 0x00000000 mem 0x800152af
core   0: 0x80006150 (0x0c638b23) sb      t1, 214(t2)
core   0: 3 0x80006150 (0x0c638b23) mem 0x8001d6d5 0xb9
core   0: 0x80006154 (0x00010f17) auipc   t5, 0x10
core   0: 3 0x80006154 (0x00010f17) x30 0x80016154
core   0: 0x80006158 (0xd7cf0f13) addi    t5, t5, -644
core   0: 3 0x80006158 (0xd7cf0f13) x30 0x80015ed0
core   0: 0x8000615c (0x415b59b3) sra     s3, s6, s5
core   0: 3 0x8000615c (0x415b59b3) x19 0xffffffff
core   0: 0x80006160 (0x4016d013) srai    zero, a3, 1
core   0: 3 0x80006160 (0x4016d013)
core   0: 0x80006164 (0x01076d93) ori     s11, a4, 16
core   0: 3 0x80006164 (0x01076d93) x27 0xffffffbd
core   0: 0x80006168 (0x001f0d03) lb      s10, 1(t5)
core   0: 3 0x80006168 (0x001f0d03) x26 0x00000027 mem 0x80015ed1
core   0: 0x8000616c (0x40ecdcb3) sra     s9, s9, a4
core   0: 3 0x8000616c (0x40ecdcb3) x25 0xffffffff
core   0: 0x80006170 (0x005f4983) lbu     s3, 5(t5)
core   0: 3 0x80006170 (0x005f4983) x19 0x000000d4 mem 0x80015ed5
core   0: 0x80006174 (0xff1f0883) lb      a7, -15(t5)
core   0: 3 0x80006174 (0xff1f0883) x17 0x00000020 mem 0x80015ec1
core   0: 0x80006178 (0x40f7d433) sra     s0, a5, a5
core   0: 3 0x80006178 (0x40f7d433) x 8 0xffffff00
core   0: 0x8000617c (0xff4f0803) lb      a6, -12(t5)
core   0: 3 0x8000617c (0xff4f0803) x16 0x00000040 mem 0x80015ec4
core   0: 0x80006180 (0xff7f09a3) sb      s7, -13(t5)
core   0: 3 0x80006180 (0xff7f09a3) mem 0x80015ec3 0xa0
core   0: 0x80006184 (0x73dfad13) slti    s10, t6, 1853
core   0: 3 0x80006184 (0x73dfad13) x26 0x00000001
core   0: 0x80006188 (0xffaf1703) lh      a4, -6(t5)
core   0: 3 0x80006188 (0xffaf1703) x14 0xffff8560 mem 0x80015eca
core   0: 0x8000618c (0x00061e33) sll     t3, a2, zero
core   0: 3 0x8000618c (0x00061e33) x28 0x00000063
core   0: 0x80006190 (0x0000100f) fence.i
core   0: 3 0x80006190 (0x0000100f)
core   0: 0x80006194 (0x00cf1503) lh      a0, 12(t5)
core   0: 3 0x80006194 (0x00cf1503) x10 0x000031e5 mem 0x80015edc
core   0: 0x80006198 (0x40ce8eb3) sub     t4, t4, a2
core   0: 3 0x80006198 (0x40ce8eb3) x29 0x000029e9
core   0: 0x8000619c (0xff5f0d03) lb      s10, -11(t5)
core   0: 3 0x8000619c (0xff5f0d03) x26 0xffffffc8 mem 0x80015ec5
core   0: 0x800061a0 (0xff1f4003) lbu     zero, -15(t5)
core   0: 3 0x800061a0 (0xff1f4003) mem 0x80015ec1
core   0: 0x800061a4 (0x001f4c03) lbu     s8, 1(t5)
core   0: 3 0x800061a4 (0x001f4c03) x24 0x00000027 mem 0x80015ed1
core   0: 0x800061a8 (0x0ff0000f) fence   iorw,iorw
core   0: 3 0x800061a8 (0x0ff0000f)
core   0: 0x800061ac (0xff9f0c03) lb      s8, -7(t5)
core   0: 3 0x800061ac (0xff9f0c03) x24 0x00000001 mem 0x80015ec9
core   0: 0x800061b0 (0x011a2533) slt     a0, s4, a7
core   0: 3 0x800061b0 (0x011a2533) x10 0x00000000
core   0: 0x800061b4 (0x0005e8b3) or      a7, a1, zero
core   0: 3 0x800061b4 (0x0005e8b3) x17 0x8002ece4
core   0: 0x800061b8 (0x01321033) sll     zero, tp, s3
core   0: 3 0x800061b8 (0x01321033)
core   0: 0x800061bc (0xcc25c513) xori    a0, a1, -830
core   0: 3 0x800061bc (0xcc25c513) x10 0x7ffd1026
core   0: 0x800061c0 (0x38b04a13) xori    s4, zero, 907
core   0: 3 0x800061c0 (0x38b04a13) x20 0x0000038b
core   0: 0x800061c4 (0x017f00a3) sb      s7, 1(t5)
core   0: 3 0x800061c4 (0x017f00a3) mem 0x80015ed1 0xa0
core   0: 0x800061c8 (0x00a63eb3) sltu    t4, a2, a0
core   0: 3 0x800061c8 (0x00a63eb3) x29 0x00000001
core   0: 0x800061cc (0x017cd333) srl     t1, s9, s7
core   0: 3 0x800061cc (0x017cd333) x 6 0xffffffff
core   0: 0x800061d0 (0xffcf1923) sh      t3, -14(t5)
core   0: 3 0x800061d0 (0xffcf1923) mem 0x80015ec2 0x0063
core   0: 0x800061d4 (0xfe3f0923) sb      gp, -14(t5)
core   0: 3 0x800061d4 (0xfe3f0923) mem 0x80015ec2 0x3f
core   0: 0x800061d8 (0x01c5c7b3) xor     a5, a1, t3
core   0: 3 0x800061d8 (0x01c5c7b3) x15 0x8002ec87
core   0: 0x800061dc (0x0000100f) fence.i
core   0: 3 0x800061dc (0x0000100f)
core   0: 0x800061e0 (0x00bf4783) lbu     a5, 11(t5)
core   0: 3 0x800061e0 (0x00bf4783) x15 0x000000f4 mem 0x80015edb
core   0: 0x800061e4 (0x00010297) auipc   t0, 0x10
core   0: 3 0x800061e4 (0x00010297) x 5 0x800161e4
core   0: 0x800061e8 (0xdf528293) addi    t0, t0, -523
core   0: 3 0x800061e8 (0xdf528293) x 5 0x80015fd9
core   0: 0x800061ec (0x00329803) lh      a6, 3(t0)
core   0: 3 0x800061ec (0x00329803) x16 0x00004f8f mem 0x80015fdc
core   0: 0x800061f0 (0xff52d683) lhu     a3, -11(t0)
core   0: 3 0x800061f0 (0xff52d683) x13 0x0000cd1d mem 0x80015fce
core   0: 0x800061f4 (0x63a50193) addi    gp, a0, 1594
core   0: 3 0x800061f4 (0x63a50193) x 3 0x7ffd1660
core   0: 0x800061f8 (0xfff2ab83) lw      s7, -1(t0)
core   0: 3 0x800061f8 (0xfff2ab83) x23 0x03c1807f mem 0x80015fd8
core   0: 0x800061fc (0xfe528d23) sb      t0, -6(t0)
core   0: 3 0x800061fc (0xfe528d23) mem 0x80015fd3 0xd9
core   0: 0x80006200 (0x00228803) lb      a6, 2(t0)
core   0: 3 0x80006200 (0x00228803) x16 0x00000003 mem 0x80015fdb
core   0: 0x80006204 (0xe8007ab7) lui     s5, 0xe8007
core   0: 3 0x80006204 (0xe8007ab7) x21 0xe8007000
core   0: 0x80006208 (0x017cb933) sltu    s2, s9, s7
core   0: 3 0x80006208 (0x017cb933) x18 0x00000000
core   0: 0x8000620c (0x01cbb3b3) sltu    t2, s7, t3
core   0: 3 0x8000620c (0x01cbb3b3) x 7 0x00000000
core   0: 0x80006210 (0x0032a503) lw      a0, 3(t0)
core   0: 3 0x80006210 (0x0032a503) x10 0xdd924f8f mem 0x80015fdc
core   0: 0x80006214 (0x0000100f) fence.i
core   0: 3 0x80006214 (0x0000100f)
core   0: 0x80006218 (0x71573393) sltiu   t2, a4, 1813
core   0: 3 0x80006218 (0x71573393) x 7 0x00000000
core   0: 0x8000621c (0x00ac0eb3) add     t4, s8, a0
core   0: 3 0x8000621c (0x00ac0eb3) x29 0xdd924f90
core   0: 0x80006220 (0x0032d683) lhu     a3, 3(t0)
core   0: 3 0x80006220 (0x0032d683) x13 0x00004f8f mem 0x80015fdc
core   0: 0x80006224 (0x01fa28b3) slt     a7, s4, t6
core   0: 3 0x80006224 (0x01fa28b3) x17 0x00000000
core   0: 0x80006228 (0x016d0233) add     tp, s10, s6
core   0: 3 0x80006228 (0x016d0233) x 4 0xfe61bb24
core   0: 0x8000622c (0xffe28503) lb      a0, -2(t0)
core   0: 3 0x8000622c (0xffe28503) x10 0xffffffba mem 0x80015fd7
core   0: 0x80006230 (0x01bc0fb3) add     t6, s8, s11
core   0: 3 0x80006230 (0x01bc0fb3) x31 0xffffffbe
core   0: 0x80006234 (0xfff2a703) lw      a4, -1(t0)
core   0: 3 0x80006234 (0xfff2a703) x14 0x03c1807f mem 0x80015fd8
core   0: 0x80006238 (0x00000013) nop
core   0: 3 0x80006238 (0x00000013)
core   0: 0x8000623c (0x5376a493) slti    s1, a3, 1335
core   0: 3 0x8000623c (0x5376a493) x 9 0x00000000
core   0: 0x80006240 (0x0032a383) lw      t2, 3(t0)
core   0: 3 0x80006240 (0x0032a383) x 7 0xdd924f8f mem 0x80015fdc
core   0: 0x80006244 (0x01f6d093) srli    ra, a3, 31
core   0: 3 0x80006244 (0x01f6d093) x 1 0x00000000
core   0: 0x80006248 (0x41fb5b93) srai    s7, s6, 31
core   0: 3 0x80006248 (0x41fb5b93) x23 0xffffffff
core   0: 0x8000624c (0xff42cf03) lbu     t5, -12(t0)
core   0: 3 0x8000624c (0xff42cf03) x30 0x000000d5 mem 0x80015fcd
core   0: 0x80006250 (0x00c3f533) and     a0, t2, a2
core   0: 3 0x80006250 (0x00c3f533) x10 0x00000003
core   0: 0x80006254 (0xdbfde893) ori     a7, s11, -577
core   0: 3 0x80006254 (0xdbfde893) x17 0xffffffbf
core   0: 0x80006258 (0x00be67b3) or      a5, t3, a1
core   0: 3 0x80006258 (0x00be67b3) x15 0x8002ece7
core   0: 0x8000625c (0x014fc9b3) xor     s3, t6, s4
core   0: 3 0x8000625c (0x014fc9b3) x19 0xfffffc35
core   0: 0x80006260 (0xffc28c83) lb      s9, -4(t0)
core   0: 3 0x80006260 (0xffc28c83) x25 0xffffff8f mem 0x80015fd5
core   0: 0x80006264 (0x0000f297) auipc   t0, 0xf
core   0: 3 0x80006264 (0x0000f297) x 5 0x80015264
core   0: 0x80006268 (0x08c28293) addi    t0, t0, 140
core   0: 3 0x80006268 (0x08c28293) x 5 0x800152f0
core   0: 0x8000626c (0x016280a3) sb      s6, 1(t0)
core   0: 3 0x8000626c (0x016280a3) mem 0x800152f1 0x5c
core   0: 0x80006270 (0x01a280a3) sb      s10, 1(t0)
core   0: 3 0x80006270 (0x01a280a3) mem 0x800152f1 0xc8
core   0: 0x80006274 (0xff62d783) lhu     a5, -10(t0)
core   0: 3 0x80006274 (0xff62d783) x15 0x00008147 mem 0x800152e6
core   0: 0x80006278 (0xff62c703) lbu     a4, -10(t0)
core   0: 3 0x80006278 (0xff62c703) x14 0x00000047 mem 0x800152e6
core   0: 0x8000627c (0x0092c803) lbu     a6, 9(t0)
core   0: 3 0x8000627c (0x0092c803) x16 0x000000d2 mem 0x800152f9
core   0: 0x80006280 (0x01028303) lb      t1, 16(t0)
core   0: 3 0x80006280 (0x01028303) x 6 0x0000004d mem 0x80015300
core   0: 0x80006284 (0x01029a83) lh      s5, 16(t0)
core   0: 3 0x80006284 (0x01029a83) x21 0x0000004d mem 0x80015300
core   0: 0x80006288 (0x010927b3) slt     a5, s2, a6
core   0: 3 0x80006288 (0x010927b3) x15 0x00000001
core   0: 0x8000628c (0xff228503) lb      a0, -14(t0)
core   0: 3 0x8000628c (0xff228503) x10 0x00000046 mem 0x800152e2
core   0: 0x80006290 (0xfec28923) sb      a2, -14(t0)
core   0: 3 0x80006290 (0xfec28923) mem 0x800152e2 0x63
core   0: 0x80006294 (0x53feef13) ori     t5, t4, 1343
core   0: 3 0x80006294 (0x53feef13) x30 0xdd924fbf
core   0: 0x80006298 (0x0ff0000f) fence   iorw,iorw
core   0: 3 0x80006298 (0x0ff0000f)
core   0: 0x8000629c (0x9c9b2613) slti    a2, s6, -1591
core   0: 3 0x8000629c (0x9c9b2613) x12 0x00000001
core   0: 0x800062a0 (0xff22c183) lbu     gp, -14(t0)
core   0: 3 0x800062a0 (0xff22c183) x 3 0x00000063 mem 0x800152e2
core   0: 0x800062a4 (0x0022cf03) lbu     t5, 2(t0)
core   0: 3 0x800062a4 (0x0022cf03) x30 0x00000018 mem 0x800152f2
core   0: 0x800062a8 (0x8a59da17) auipc   s4, 0x8a59d
core   0: 3 0x800062a8 (0x8a59da17) x20 0x0a5a32a8
core   0: 0x800062ac (0x01028123) sb      a6, 2(t0)
core   0: 3 0x800062ac (0x01028123) mem 0x800152f2 0xd2
core   0: 0x800062b0 (0x0022d303) lhu     t1, 2(t0)
core   0: 3 0x800062b0 (0x0022d303) x 6 0x00006bd2 mem 0x800152f2
core   0: 0x800062b4 (0x01228123) sb      s2, 2(t0)
core   0: 3 0x800062b4 (0x01228123) mem 0x800152f2 0x0
core   0: 0x800062b8 (0x40e356b3) sra     a3, t1, a4
core   0: 3 0x800062b8 (0x40e356b3) x13 0x000000d7
core   0: 0x800062bc (0x00629123) sh      t1, 2(t0)
core   0: 3 0x800062bc (0x00629123) mem 0x800152f2 0x6bd2
core   0: 0x800062c0 (0x01829123) sh      s8, 2(t0)
core   0: 3 0x800062c0 (0x01829123) mem 0x800152f2 0x0001
core   0: 0x800062c4 (0x0022d503) lhu     a0, 2(t0)
core   0: 3 0x800062c4 (0x0022d503) x10 0x00000001 mem 0x800152f2
core   0: 0x800062c8 (0x0022d183) lhu     gp, 2(t0)
core   0: 3 0x800062c8 (0x0022d183) x 3 0x00000001 mem 0x800152f2
core   0: 0x800062cc (0x0022c003) lbu     zero, 2(t0)
core   0: 3 0x800062cc (0x0022c003) mem 0x800152f2
core   0: 0x800062d0 (0x00228683) lb      a3, 2(t0)
core   0: 3 0x800062d0 (0x00228683) x13 0x00000001 mem 0x800152f2
core   0: 0x800062d4 (0x0000f497) auipc   s1, 0xf
core   0: 3 0x800062d4 (0x0000f497) x 9 0x800152d4
core   0: 0x800062d8 (0x59148493) addi    s1, s1, 1425
core   0: 3 0x800062d8 (0x59148493) x 9 0x80015865
core   0: 0x800062dc (0xff148fa3) sb      a7, -1(s1)
core   0: 3 0x800062dc (0xff148fa3) mem 0x80015864 0xbf
core   0: 0x800062e0 (0x00a4c383) lbu     t2, 10(s1)
core   0: 3 0x800062e0 (0x00a4c383) x 7 0x0000001e mem 0x8001586f
core   0: 0x800062e4 (0x00ae6733) or      a4, t3, a0
core   0: 3 0x800062e4 (0x00ae6733) x14 0x00000063
core   0: 0x800062e8 (0x01e85bb3) srl     s7, a6, t5
core   0: 3 0x800062e8 (0x01e85bb3) x23 0x00000000
core   0: 0x800062ec (0x012c1693) slli    a3, s8, 18
core   0: 3 0x800062ec (0x012c1693) x13 0x00040000
core   0: 0x800062f0 (0x00d36433) or      s0, t1, a3
core   0: 3 0x800062f0 (0x00d36433) x 8 0x00046bd2
core   0: 0x800062f4 (0x00648f03) lb      t5, 6(s1)
core   0: 3 0x800062f4 (0x00648f03) x30 0x00000000 mem 0x8001586b
core   0: 0x800062f8 (0xff148a23) sb      a7, -12(s1)
core   0: 3 0x800062f8 (0xff148a23) mem 0x80015859 0xbf
core   0: 0x800062fc (0x40ecdc93) srai    s9, s9, 14
core   0: 3 0x800062fc (0x40ecdc93) x25 0xffffffff
core   0: 0x80006300 (0xff74ce83) lbu     t4, -9(s1)
core   0: 3 0x80006300 (0xff74ce83) x29 0x00000085 mem 0x8001585c
core   0: 0x80006304 (0x01350cb3) add     s9, a0, s3
core   0: 3 0x80006304 (0x01350cb3) x25 0xfffffc36
core   0: 0x80006308 (0xfe34aba3) sw      gp, -9(s1)
core   0: 3 0x80006308 (0xfe34aba3) mem 0x8001585c 0x00000001
core   0: 0x8000630c (0x0ff0000f) fence   iorw,iorw
core   0: 3 0x8000630c (0x0ff0000f)
core   0: 0x80006310 (0xff74ab83) lw      s7, -9(s1)
core   0: 3 0x80006310 (0xff74ab83) x23 0x00000001 mem 0x8001585c
core   0: 0x80006314 (0xffd49ba3) sh      t4, -9(s1)
core   0: 3 0x80006314 (0xffd49ba3) mem 0x8001585c 0x0085
core   0: 0x80006318 (0xff048d83) lb      s11, -16(s1)
core   0: 3 0x80006318 (0xff048d83) x27 0x00000075 mem 0x80015855
core   0: 0x8000631c (0x0074cc03) lbu     s8, 7(s1)
core   0: 3 0x8000631c (0x0074cc03) x24 0x0000008a mem 0x8001586c
core   0: 0x80006320 (0x00018217) auipc   tp, 0x18
core   0: 3 0x80006320 (0x00018217) x 4 0x8001e320
core   0: 0x80006324 (0xda620213) addi    tp, tp, -602
core   0: 3 0x80006324 (0xda620213) x 4 0x8001e0c6
core   0: 0x80006328 (0xa2324283) lbu     t0, -1501(tp)
core   0: 3 0x80006328 (0xa2324283) x 5 0x000000e1 mem 0x8001dae9
core   0: 0x8000632c (0xa2324f83) lbu     t6, -1501(tp)
core   0: 3 0x8000632c (0xa2324f83) x31 0x000000e1 mem 0x8001dae9
core   0: 0x80006330 (0x3cf3f393) andi    t2, t2, 975
core   0: 3 0x80006330 (0x3cf3f393) x 7 0x0000000e
core   0: 0x80006334 (0xa35201a3) sb      s5, -1501(tp)
core   0: 3 0x80006334 (0xa35201a3) mem 0x8001dae9 0x4d
core   0: 0x80006338 (0xa2324b83) lbu     s7, -1501(tp)
core   0: 3 0x80006338 (0xa2324b83) x23 0x0000004d mem 0x8001dae9
core   0: 0x8000633c (0xa2320c83) lb      s9, -1501(tp)
core   0: 3 0x8000633c (0xa2320c83) x25 0x0000004d mem 0x8001dae9
core   0: 0x80006340 (0xa2324383) lbu     t2, -1501(tp)
core   0: 3 0x80006340 (0xa2324383) x 7 0x0000004d mem 0x8001dae9
core   0: 0x80006344 (0xa2320283) lb      t0, -1501(tp)
core   0: 3 0x80006344 (0xa2320283) x 5 0x0000004d mem 0x8001dae9
core   0: 0x80006348 (0xa2320603) lb      a2, -1501(tp)
core   0: 3 0x80006348 (0xa2320603) x12 0x0000004d mem 0x8001dae9
core   0: 0x8000634c (0xa2324e83) lbu     t4, -1501(tp)
core   0: 3 0x8000634c (0xa2324e83) x29 0x0000004d mem 0x8001dae9
core   0: 0x80006350 (0xa2324b83) lbu     s7, -1501(tp)
core   0: 3 0x80006350 (0xa2324b83) x23 0x0000004d mem 0x8001dae9
core   0: 0x80006354 (0xa3e201a3) sb      t5, -1501(tp)
core   0: 3 0x80006354 (0xa3e201a3) mem 0x8001dae9 0x0
core   0: 0x80006358 (0x65abb793) sltiu   a5, s7, 1626
core   0: 3 0x80006358 (0x65abb793) x15 0x00000001
core   0: 0x8000635c (0x0ff0000f) fence   iorw,iorw
core   0: 3 0x8000635c (0x0ff0000f)
core   0: 0x80006360 (0xa2324383) lbu     t2, -1501(tp)
core   0: 3 0x80006360 (0xa2324383) x 7 0x00000000 mem 0x8001dae9
core   0: 0x80006364 (0xa2324483) lbu     s1, -1501(tp)
core   0: 3 0x80006364 (0xa2324483) x 9 0x00000000 mem 0x8001dae9
core   0: 0x80006368 (0xa2320603) lb      a2, -1501(tp)
core   0: 3 0x80006368 (0xa2320603) x12 0x00000000 mem 0x8001dae9
core   0: 0x8000636c (0xa3d201a3) sb      t4, -1501(tp)
core   0: 3 0x8000636c (0xa3d201a3) mem 0x8001dae9 0x4d
core   0: 0x80006370 (0xa24201a3) sb      tp, -1501(tp)
core   0: 3 0x80006370 (0xa24201a3) mem 0x8001dae9 0xc6
core   0: 0x80006374 (0xa2c201a3) sb      a2, -1501(tp)
core   0: 3 0x80006374 (0xa2c201a3) mem 0x8001dae9 0x0
core   0: 0x80006378 (0xa2a201a3) sb      a0, -1501(tp)
core   0: 3 0x80006378 (0xa2a201a3) mem 0x8001dae9 0x1
core   0: 0x8000637c (0xa2e201a3) sb      a4, -1501(tp)
core   0: 3 0x8000637c (0xa2e201a3) mem 0x8001dae9 0x63
core   0: 0x80006380 (0xa2324503) lbu     a0, -1501(tp)
core   0: 3 0x80006380 (0xa2324503) x10 0x00000063 mem 0x8001dae9
core   0: 0x80006384 (0x0000f797) auipc   a5, 0xf
core   0: 3 0x80006384 (0x0000f797) x15 0x80015384
core   0: 0x80006388 (0x6ac78793) addi    a5, a5, 1708
core   0: 3 0x80006388 (0x6ac78793) x15 0x80015a30
core   0: 0x8000638c (0x0ef78303) lb      t1, 239(a5)
core   0: 3 0x8000638c (0x0ef78303) x 6 0xffffff95 mem 0x80015b1f
core   0: 0x80006390 (0x0db78e83) lb      t4, 219(a5)
core   0: 3 0x80006390 (0x0db78e83) x29 0xffffffd5 mem 0x80015b0b
core   0: 0x80006394 (0x0a6783a3) sb      t1, 167(a5)
core   0: 3 0x80006394 (0x0a6783a3) mem 0x80015ad7 0x95
core   0: 0x80006398 (0x006baeb3) slt     t4, s7, t1
core   0: 3 0x80006398 (0x006baeb3) x29 0x00000000
core   0: 0x8000639c (0x350cf893) andi    a7, s9, 848
core   0: 3 0x8000639c (0x350cf893) x17 0x00000040
core   0: 0x800063a0 (0x0e3788a3) sb      gp, 241(a5)
core   0: 3 0x800063a0 (0x0e3788a3) mem 0x80015b21 0x1
core   0: 0x800063a4 (0x00b6ebb3) or      s7, a3, a1
core   0: 3 0x800063a4 (0x00b6ebb3) x23 0x8006ece4
core   0: 0x800063a8 (0x234dcf13) xori    t5, s11, 564
core   0: 3 0x800063a8 (0x234dcf13) x30 0x00000241
core   0: 0x800063ac (0xf427cf83) lbu     t6, -190(a5)
core   0: 3 0x800063ac (0xf427cf83) x31 0x0000009c mem 0x80015972
core   0: 0x800063b0 (0x00ed06b3) add     a3, s10, a4
core   0: 3 0x800063b0 (0x00ed06b3) x13 0x0000002b
core   0: 0x800063b4 (0x0d178b23) sb      a7, 214(a5)
core   0: 3 0x800063b4 (0x0d178b23) mem 0x80015b06 0x40
core   0: 0x800063b8 (0x0327cf83) lbu     t6, 50(a5)
core   0: 3 0x800063b8 (0x0327cf83) x31 0x00000016 mem 0x80015a62
core   0: 0x800063bc (0x0be7de83) lhu     t4, 190(a5)
core   0: 3 0x800063bc (0x0be7de83) x29 0x0000625f mem 0x80015aee
core   0: 0x800063c0 (0xfd27d983) lhu     s3, -46(a5)
core   0: 3 0x800063c0 (0xfd27d983) x19 0x0000e754 mem 0x80015a02
core   0: 0x800063c4 (0x019456b3) srl     a3, s0, s9
core   0: 3 0x800063c4 (0x019456b3) x13 0x00000023
core   0: 0x800063c8 (0x53a68c13) addi    s8, a3, 1338
core   0: 3 0x800063c8 (0x53a68c13) x24 0x0000055d
core   0: 0x800063cc (0x9c217993) andi    s3, sp, -1598
core   0: 3 0x800063cc (0x9c217993) x19 0x8002a840
core   0: 0x800063d0 (0xf9d78123) sb      t4, -126(a5)
core   0: 3 0x800063d0 (0xf9d78123) mem 0x800159b2 0x5f
core   0: 0x800063d4 (0x0a47d903) lhu     s2, 164(a5)
core   0: 3 0x800063d4 (0x0a47d903) x18 0x0000df8b mem 0x80015ad4
core   0: 0x800063d8 (0x48a64b93) xori    s7, a2, 1162
core   0: 3 0x800063d8 (0x48a64b93) x23 0x0000048a
core   0: 0x800063dc (0x05c79903) lh      s2, 92(a5)
core   0: 3 0x800063dc (0x05c79903) x18 0xffffa2c0 mem 0x80015a8c
core   0: 0x800063e0 (0x008c64b3) or      s1, s8, s0
core   0: 3 0x800063e0 (0x008c64b3) x 9 0x00046fdf
core   0: 0x800063e4 (0x0d878003) lb      zero, 216(a5)
core   0: 3 0x800063e4 (0x0d878003) mem 0x80015b08
core   0: 0x800063e8 (0x0001cb97) auipc   s7, 0x1c
core   0: 3 0x800063e8 (0x0001cb97) x23 0x800223e8
core   0: 0x800063ec (0x066b8b93) addi    s7, s7, 102
core   0: 3 0x800063ec (0x066b8b93) x23 0x8002244e
core   0: 0x800063f0 (0xec1bc783) lbu     a5, -319(s7)
core   0: 3 0x800063f0 (0xec1bc783) x15 0x0000001d mem 0x8002230f
core   0: 0x800063f4 (0xec5b80a3) sb      t0, -319(s7)
core   0: 3 0x800063f4 (0xec5b80a3) mem 0x8002230f 0x4d
core   0: 0x800063f8 (0xec1b8783) lb      a5, -319(s7)
core   0: 3 0x800063f8 (0xec1b8783) x15 0x0000004d mem 0x8002230f
core   0: 0x800063fc (0x01f2c6b3) xor     a3, t0, t6
core   0: 3 0x800063fc (0x01f2c6b3) x13 0x0000005b
core   0: 0x80006400 (0xec1bce83) lbu     t4, -319(s7)
core   0: 3 0x80006400 (0xec1bce83) x29 0x0000004d mem 0x8002230f
core   0: 0x80006404 (0xec1b8f83) lb      t6, -319(s7)
core   0: 3 0x80006404 (0xec1b8f83) x31 0x0000004d mem 0x8002230f
core   0: 0x80006408 (0xec1b8883) lb      a7, -319(s7)
core   0: 3 0x80006408 (0xec1b8883) x17 0x0000004d mem 0x8002230f
core   0: 0x8000640c (0xecbb80a3) sb      a1, -319(s7)
core   0: 3 0x8000640c (0xecbb80a3) mem 0x8002230f 0xe4
core   0: 0x80006410 (0x01e64533) xor     a0, a2, t5
core   0: 3 0x80006410 (0x01e64533) x10 0x00000241
core   0: 0x80006414 (0xec7b80a3) sb      t2, -319(s7)
core   0: 3 0x80006414 (0xec7b80a3) mem 0x8002230f 0x0
core   0: 0x80006418 (0xec1b8303) lb      t1, -319(s7)
core   0: 3 0x80006418 (0xec1b8303) x 6 0x00000000 mem 0x8002230f
core   0: 0x8000641c (0xec1b8d83) lb      s11, -319(s7)
core   0: 3 0x8000641c (0xec1b8d83) x27 0x00000000 mem 0x8002230f
core   0: 0x80006420 (0x00010717) auipc   a4, 0x10
core   0: 3 0x80006420 (0x00010717) x14 0x80016420
core   0: 0x80006424 (0x96d70713) addi    a4, a4, -1683
core   0: 3 0x80006424 (0x96d70713) x14 0x80015d8d
core   0: 0x80006428 (0x00b74d83) lbu     s11, 11(a4)
core   0: 3 0x80006428 (0x00b74d83) x27 0x0000003d mem 0x80015d98
core   0: 0x8000642c (0xffd70aa3) sb      t4, -11(a4)
core   0: 3 0x8000642c (0xffd70aa3) mem 0x80015d82 0x4d
core   0: 0x80006430 (0x00670123) sb      t1, 2(a4)
core   0: 3 0x80006430 (0x00670123) mem 0x80015d8f 0x0
core   0: 0x80006434 (0x00974803) lbu     a6, 9(a4)
core   0: 3 0x80006434 (0x00974803) x16 0x000000ce mem 0x80015d96
core   0: 0x80006438 (0x00474183) lbu     gp, 4(a4)
core   0: 3 0x80006438 (0x00474183) x 3 0x0000004b mem 0x80015d91
core   0: 0x8000643c (0x012715a3) sh      s2, 11(a4)
core   0: 3 0x8000643c (0x012715a3) mem 0x80015d98 0xa2c0
core   0: 0x80006440 (0xfea70b23) sb      a0, -10(a4)
core   0: 3 0x80006440 (0xfea70b23) mem 0x80015d83 0x41
core   0: 0x80006444 (0x00a55993) srli    s3, a0, 10
core   0: 3 0x80006444 (0x00a55993) x19 0x00000000
core   0: 0x80006448 (0x0127de33) srl     t3, a5, s2
core   0: 3 0x80006448 (0x0127de33) x28 0x0000004d
core   0: 0x8000644c (0x01074303) lbu     t1, 16(a4)
core   0: 3 0x8000644c (0x01074303) x 6 0x0000005d mem 0x80015d9d
core   0: 0x80006450 (0x00571e03) lh      t3, 5(a4)
core   0: 3 0x80006450 (0x00571e03) x28 0x00000943 mem 0x80015d92
core   0: 0x80006454 (0xffa70b83) lb      s7, -6(a4)
core   0: 3 0x80006454 (0xffa70b83) x23 0xffffffa3 mem 0x80015d87
core   0: 0x80006458 (0x00971683) lh      a3, 9(a4)
core   0: 3 0x80006458 (0x00971683) x13 0x00004bce mem 0x80015d96
core   0: 0x8000645c (0xffe74f83) lbu     t6, -2(a4)
core   0: 3 0x8000645c (0xffe74f83) x31 0x0000005f mem 0x80015d8b
core   0: 0x80006460 (0xc1596513) ori     a0, s2, -1003
core   0: 3 0x80006460 (0xc1596513) x10 0xfffffed5
core   0: 0x80006464 (0x01ce14b3) sll     s1, t3, t3
core   0: 3 0x80006464 (0x01ce14b3) x 9 0x00004a18
core   0: 0x80006468 (0x00874a03) lbu     s4, 8(a4)
core   0: 3 0x80006468 (0x00874a03) x20 0x00000001 mem 0x80015d95
core   0: 0x8000646c (0xff571e03) lh      t3, -11(a4)
core   0: 3 0x8000646c (0xff571e03) x28 0x0000414d mem 0x80015d82
core   0: 0x80006470 (0x003954b3) srl     s1, s2, gp
core   0: 3 0x80006470 (0x003954b3) x 9 0x001ffff4
core   0: 0x80006474 (0x01c70123) sb      t3, 2(a4)
core   0: 3 0x80006474 (0x01c70123) mem 0x80015d8f 0x4d
core   0: 0x80006478 (0xfea70823) sb      a0, -16(a4)
core   0: 3 0x80006478 (0xfea70823) mem 0x80015d7d 0xd5
core   0: 0x8000647c (0x4b9fabb7) lui     s7, 0x4b9fa
core   0: 3 0x8000647c (0x4b9fabb7) x23 0x4b9fa000
core   0: 0x80006480 (0x0000100f) fence.i
core   0: 3 0x80006480 (0x0000100f)
core   0: 0x80006484 (0x01a70723) sb      s10, 14(a4)
core   0: 3 0x80006484 (0x01a70723) mem 0x80015d9b 0xc8
core   0: 0x80006488 (0x00b74183) lbu     gp, 11(a4)
core   0: 3 0x80006488 (0x00b74183) x 3 0x000000c0 mem 0x80015d98
core   0: 0x8000648c (0xff971f83) lh      t6, -7(a4)
core   0: 3 0x8000648c (0xff971f83) x31 0xffffa3ab mem 0x80015d86
core   0: 0x80006490 (0x0ff0000f) fence   iorw,iorw
core   0: 3 0x80006490 (0x0ff0000f)
core   0: 0x80006494 (0x01c7b833) sltu    a6, a5, t3
core   0: 3 0x80006494 (0x01c7b833) x16 0x00000001
core   0: 0x80006498 (0x016711a3) sh      s6, 3(a4)
core   0: 3 0x80006498 (0x016711a3) mem 0x80015d90 0xbb5c
core   0: 0x8000649c (0x00df9613) slli    a2, t6, 13
core   0: 3 0x8000649c (0x00df9613) x12 0xf4756000
core   0: 0x800064a0 (0x00649ab3) sll     s5, s1, t1
core   0: 3 0x800064a0 (0x00649ab3) x21 0x80000000
core   0: 0x800064a4 (0x00975303) lhu     t1, 9(a4)
core   0: 3 0x800064a4 (0x00975303) x 6 0x00004bce mem 0x80015d96
core   0: 0x800064a8 (0x00474283) lbu     t0, 4(a4)
core   0: 3 0x800064a8 (0x00474283) x 5 0x000000bb mem 0x80015d91
core   0: 0x800064ac (0x00eac033) xor     zero, s5, a4
core   0: 3 0x800064ac (0x00eac033)
core   0: 0x800064b0 (0x33eebe93) sltiu   t4, t4, 830
core   0: 3 0x800064b0 (0x33eebe93) x29 0x00000001
core   0: 0x800064b4 (0xff770a23) sb      s7, -12(a4)
core   0: 3 0x800064b4 (0xff770a23) mem 0x80015d81 0x0
core   0: 0x800064b8 (0x00b50833) add     a6, a0, a1
core   0: 3 0x800064b8 (0x00b50833) x16 0x8002ebb9
core   0: 0x800064bc (0xff470f23) sb      s4, -2(a4)
core   0: 3 0x800064bc (0xff470f23) mem 0x80015d8b 0x1
core   0: 0x800064c0 (0x014d3633) sltu    a2, s10, s4
core   0: 3 0x800064c0 (0x014d3633) x12 0x00000000
core   0: 0x800064c4 (0x4193df13) srai    t5, t2, 25
core   0: 3 0x800064c4 (0x4193df13) x30 0x00000000
core   0: 0x800064c8 (0x00e70023) sb      a4, 0(a4)
core   0: 3 0x800064c8 (0x00e70023) mem 0x80015d8d 0x8d
core   0: 0x800064cc (0x4194d3b3) sra     t2, s1, s9
core   0: 3 0x800064cc (0x4194d3b3) x 7 0x000000ff
core   0: 0x800064d0 (0x58ee8c93) addi    s9, t4, 1422
core   0: 3 0x800064d0 (0x58ee8c93) x25 0x0000058f
core   0: 0x800064d4 (0x00e74483) lbu     s1, 14(a4)
core   0: 3 0x800064d4 (0x00e74483) x 9 0x000000c8 mem 0x80015d9b
core   0: 0x800064d8 (0x01270023) sb      s2, 0(a4)
core   0: 3 0x800064d8 (0x01270023) mem 0x80015d8d 0xc0
core   0: 0x800064dc (0x0001aa17) auipc   s4, 0x1a
core   0: 3 0x800064dc (0x0001aa17) x20 0x800204dc
core   0: 0x800064e0 (0x6dfa0a13) addi    s4, s4, 1759
core   0: 3 0x800064e0 (0x6dfa0a13) x20 0x80020bbb
core   0: 0x800064e4 (0x0f5a0703) lb      a4, 245(s4)
core   0: 3 0x800064e4 (0x0f5a0703) x14 0xfffffffc mem 0x80020cb0
core   0: 0x800064e8 (0x40918833) sub     a6, gp, s1
core   0: 3 0x800064e8 (0x40918833) x16 0xfffffff8
core   0: 0x800064ec (0x28d9a613) slti    a2, s3, 653
core   0: 3 0x800064ec (0x28d9a613) x12 0x00000001
core   0: 0x800064f0 (0x01b39b97) auipc   s7, 0x1b39
core   0: 3 0x800064f0 (0x01b39b97) x23 0x81b3f4f0
core   0: 0x800064f4 (0x0000100f) fence.i
core   0: 3 0x800064f4 (0x0000100f)
core   0: 0x800064f8 (0x0a9a4883) lbu     a7, 169(s4)
core   0: 3 0x800064f8 (0x0a9a4883) x17 0x0000009a mem 0x80020c64
core   0: 0x800064fc (0xf15a4e03) lbu     t3, -235(s4)
core   0: 3 0x800064fc (0xf15a4e03) x28 0x00000011 mem 0x80020ad0
core   0: 0x80006500 (0x00b4d493) srli    s1, s1, 11
core   0: 3 0x80006500 (0x00b4d493) x 9 0x00000000
core   0: 0x80006504 (0xf27a5b83) lhu     s7, -217(s4)
core   0: 3 0x80006504 (0xf27a5b83) x23 0x0000f6f5 mem 0x80020ae2
core   0: 0x80006508 (0x077a4803) lbu     a6, 119(s4)
core   0: 3 0x80006508 (0x077a4803) x16 0x000000a8 mem 0x80020c32
core   0: 0x8000650c (0xc6916213) ori     tp, sp, -919
core   0: 3 0x8000650c (0xc6916213) x 4 0xfffffe6d
core   0: 0x80006510 (0xf60a0b83) lb      s7, -160(s4)
core   0: 3 0x80006510 (0xf60a0b83) x23 0xffffffae mem 0x80020b1b
core   0: 0x80006514 (0x01686733) or      a4, a6, s6
core   0: 3 0x80006514 (0x01686733) x14 0xfe61bbfc
core   0: 0x80006518 (0x40095e13) srai    t3, s2, 0
core   0: 3 0x80006518 (0x40095e13) x28 0xffffa2c0
core   0: 0x8000651c (0x6e528297) auipc   t0, 0x6e528
core   0: 3 0x8000651c (0x6e528297) x 5 0xee52e51c
core   0: 0x80006520 (0x0072ac33) slt     s8, t0, t2
core   0: 3 0x80006520 (0x0072ac33) x24 0x00000001
core   0: 0x80006524 (0x083a5b83) lhu     s7, 131(s4)
core   0: 3 0x80006524 (0x083a5b83) x23 0x000009b8 mem 0x80020c3e
core   0: 0x80006528 (0x59eb0697) auipc   a3, 0x59eb0
core   0: 3 0x80006528 (0x59eb0697) x13 0xd9eb6528
core   0: 0x8000652c (0xf45a4a83) lbu     s5, -187(s4)
core   0: 3 0x8000652c (0xf45a4a83) x21 0x00000079 mem 0x80020b00
core   0: 0x80006530 (0x0160d533) srl     a0, ra, s6
core   0: 3 0x80006530 (0x0160d533) x10 0x00000000
core   0: 0x80006534 (0x01a65433) srl     s0, a2, s10
core   0: 3 0x80006534 (0x01a65433) x 8 0x00000000
core   0: 0x80006538 (0x01699c33) sll     s8, s3, s6
core   0: 3 0x80006538 (0x01699c33) x24 0x00000000
core   0: 0x8000653c (0xf89a0123) sb      s1, -126(s4)
core   0: 3 0x8000653c (0xf89a0123) mem 0x80020b3d 0x0
core   0: 0x80006540 (0x098a0083) lb      ra, 152(s4)
core   0: 3 0x80006540 (0x098a0083) x 1 0x0000000d mem 0x80020c53
core   0: 0x80006544 (0x013dfe33) and     t3, s11, s3
core   0: 3 0x80006544 (0x013dfe33) x28 0x00000000
core   0: 0x80006548 (0x01ea0123) sb      t5, 2(s4)
core   0: 3 0x80006548 (0x01ea0123) mem 0x80020bbd 0x0
core   0: 0x8000654c (0x01aca7b3) slt     a5, s9, s10
core   0: 3 0x8000654c (0x01aca7b3) x15 0x00000000
core   0: 0x80006550 (0x020a0c83) lb      s9, 32(s4)
core   0: 3 0x80006550 (0x020a0c83) x25 0xffffffa0 mem 0x80020bdb
core   0: 0x80006554 (0xf05a0203) lb      tp, -251(s4)
core   0: 3 0x80006554 (0xf05a0203) x 4 0xffffffac mem 0x80020ac0
core   0: 0x80006558 (0x04ca4a83) lbu     s5, 76(s4)
core   0: 3 0x80006558 (0x04ca4a83) x21 0x00000063 mem 0x80020c07
core   0: 0x8000655c (0x1247b093) sltiu   ra, a5, 292
core   0: 3 0x8000655c (0x1247b093) x 1 0x00000001
core   0: 0x80006560 (0x41475c93) srai    s9, a4, 20
core   0: 3 0x80006560 (0x41475c93) x25 0xffffffe6
core   0: 0x80006564 (0xf20a0aa3) sb      zero, -203(s4)
core   0: 3 0x80006564 (0xf20a0aa3) mem 0x80020af0 0x0
core   0: 0x80006568 (0x038a0a23) sb      s8, 52(s4)
core   0: 3 0x80006568 (0x038a0a23) mem 0x80020bef 0x0
core   0: 0x8000656c (0x01b42833) slt     a6, s0, s11
core   0: 3 0x8000656c (0x01b42833) x16 0x00000001
core   0: 0x80006570 (0x002ee833) or      a6, t4, sp
core   0: 3 0x80006570 (0x002ee833) x16 0x8002ae65
core   0: 0x80006574 (0x57054b93) xori    s7, a0, 1392
core   0: 3 0x80006574 (0x57054b93) x23 0x00000570
core   0: 0x80006578 (0xf65a0a83) lb      s5, -155(s4)
core   0: 3 0x80006578 (0xf65a0a83) x21 0xffffffba mem 0x80020b20
core   0: 0x8000657c (0xfb1a1503) lh      a0, -79(s4)
core   0: 3 0x8000657c (0xfb1a1503) x10 0xffffc5b5 mem 0x80020b6c
core   0: 0x80006580 (0xf0ba5003) lhu     zero, -245(s4)
core   0: 3 0x80006580 (0xf0ba5003) mem 0x80020ac6
core   0: 0x80006584 (0x005fe4b3) or      s1, t6, t0
core   0: 3 0x80006584 (0x005fe4b3) x 9 0xffffe7bf
core   0: 0x80006588 (0xfbd1f793) andi    a5, gp, -67
core   0: 3 0x80006588 (0xfbd1f793) x15 0x00000080
core   0: 0x8000658c (0xf7ba0803) lb      a6, -133(s4)
core   0: 3 0x8000658c (0xf7ba0803) x16 0x0000000e mem 0x80020b36
core   0: 0x80006590 (0xfc5a0223) sb      t0, -60(s4)
core   0: 3 0x80006590 (0xfc5a0223) mem 0x80020b7f 0x1c
core   0: 0x80006594 (0x061a0b23) sb      ra, 118(s4)
core   0: 3 0x80006594 (0x061a0b23) mem 0x80020c31 0x1
core   0: 0x80006598 (0x0b4a4683) lbu     a3, 180(s4)
core   0: 3 0x80006598 (0x0b4a4683) x13 0x00000000 mem 0x80020c6f
core   0: 0x8000659c (0xf97a0183) lb      gp, -105(s4)
core   0: 3 0x8000659c (0xf97a0183) x 3 0xffffff96 mem 0x80020b52
core   0: 0x800065a0 (0x01648033) add     zero, s1, s6
core   0: 3 0x800065a0 (0x01648033)
core   0: 0x800065a4 (0x0d2a0b23) sb      s2, 214(s4)
core   0: 3 0x800065a4 (0x0d2a0b23) mem 0x80020c91 0xc0
core   0: 0x800065a8 (0x0ff0000f) fence   iorw,iorw
core   0: 3 0x800065a8 (0x0ff0000f)
core   0: 0x800065ac (0x0b6a0e23) sb      s6, 188(s4)
core   0: 3 0x800065ac (0x0b6a0e23) mem 0x80020c77 0x5c
core   0: 0x800065b0 (0xfd2a0083) lb      ra, -46(s4)
core   0: 3 0x800065b0 (0xfd2a0083) x 1 0xffffffef mem 0x80020b8d
core   0: 0x800065b4 (0xf2ea0c83) lb      s9, -210(s4)
core   0: 3 0x800065b4 (0xf2ea0c83) x25 0xffffff91 mem 0x80020ae9
core   0: 0x800065b8 (0x0000fc97) auipc   s9, 0xf
core   0: 3 0x800065b8 (0x0000fc97) x25 0x800155b8
core   0: 0x800065bc (0x3a2c8c93) addi    s9, s9, 930
core   0: 3 0x800065bc (0x3a2c8c93) x25 0x8001595a
core   0: 0x800065c0 (0x033dbfb7) lui     t6, 0x33db
core   0: 3 0x800065c0 (0x033dbfb7) x31 0x033db000
core   0: 0x800065c4 (0x00000013) nop
core   0: 3 0x800065c4 (0x00000013)
core   0: 0x800065c8 (0xff1c8903) lb      s2, -15(s9)
core   0: 3 0x800065c8 (0xff1c8903) x18 0x0000007b mem 0x8001594b
core   0: 0x800065cc (0x000c8c03) lb      s8, 0(s9)
core   0: 3 0x800065cc (0x000c8c03) x24 0x00000000 mem 0x8001595a
core   0: 0x800065d0 (0xd5b54a13) xori    s4, a0, -677
core   0: 3 0x800065d0 (0xd5b54a13) x20 0x000038ee
core   0: 0x800065d4 (0x402804b3) sub     s1, a6, sp
core   0: 3 0x800065d4 (0x402804b3) x 9 0x7ffd51aa
core   0: 0x800065d8 (0x00a944b3) xor     s1, s2, a0
core   0: 3 0x800065d8 (0x00a944b3) x 9 0xffffc5ce
core   0: 0x800065dc (0x1e09ff17) auipc   t5, 0x1e09f
core   0: 3 0x800065dc (0x1e09ff17) x30 0x9e0a55dc
core   0: 0x800065e0 (0xff3cc003) lbu     zero, -13(s9)
core   0: 3 0x800065e0 (0xff3cc003) mem 0x8001594d
core   0: 0x800065e4 (0x01a468b3) or      a7, s0, s10
core   0: 3 0x800065e4 (0x01a468b3) x17 0xffffffc8
core   0: 0x800065e8 (0x0000100f) fence.i
core   0: 3 0x800065e8 (0x0000100f)
core   0: 0x800065ec (0xffcc9183) lh      gp, -4(s9)
core   0: 3 0x800065ec (0xffcc9183) x 3 0x0000540a mem 0x80015956
core   0: 0x800065f0 (0x416cdbb3) sra     s7, s9, s6
core   0: 3 0x800065f0 (0x416cdbb3) x23 0xfffffff8
core   0: 0x800065f4 (0x0142b433) sltu    s0, t0, s4
core   0: 3 0x800065f4 (0x0142b433) x 8 0x00000000
core   0: 0x800065f8 (0xff2ca803) lw      a6, -14(s9)
core   0: 3 0x800065f8 (0xff2ca803) x16 0x0012b6e6 mem 0x8001594c
core   0: 0x800065fc (0x010ff933) and     s2, t6, a6
core   0: 3 0x800065fc (0x010ff933) x18 0x0010b000
core   0: 0x80006600 (0x00b39d93) slli    s11, t2, 11
core   0: 3 0x80006600 (0x00b39d93) x27 0x0007f800
core   0: 0x80006604 (0xfeec8ba3) sb      a4, -9(s9)
core   0: 3 0x80006604 (0xfeec8ba3) mem 0x80015951 0xfc
core   0: 0x80006608 (0x00fdd813) srli    a6, s11, 15
core   0: 3 0x80006608 (0x00fdd813) x16 0x0000000f
core   0: 0x8000660c (0x002c8303) lb      t1, 2(s9)
core   0: 3 0x8000660c (0x002c8303) x 6 0xffffffa5 mem 0x8001595c
core   0: 0x80006610 (0x017c8323) sb      s7, 6(s9)
core   0: 3 0x80006610 (0x017c8323) mem 0x80015960 0xf8
core   0: 0x80006614 (0xfca370b7) lui     ra, 0xfca37
core   0: 3 0x80006614 (0xfca370b7) x 1 0xfca37000
core   0: 0x80006618 (0x014e9693) slli    a3, t4, 20
core   0: 3 0x80006618 (0x014e9693) x13 0x00100000
core   0: 0x8000661c (0xffdc9a23) sh      t4, -12(s9)
core   0: 3 0x8000661c (0xffdc9a23) mem 0x8001594e 0x0001
core   0: 0x80006620 (0x375bfc13) andi    s8, s7, 885
core   0: 3 0x80006620 (0x375bfc13) x24 0x00000370
core   0: 0x80006624 (0x01605893) srli    a7, zero, 22
core   0: 3 0x80006624 (0x01605893) x17 0x00000000
core   0: 0x80006628 (0x3122c893) xori    a7, t0, 786
core   0: 3 0x80006628 (0x3122c893) x17 0xee52e60e
core   0: 0x8000662c (0x01b4a7b3) slt     a5, s1, s11
core   0: 3 0x8000662c (0x01b4a7b3) x15 0x00000001
core   0: 0x80006630 (0x00d79913) slli    s2, a5, 13
core   0: 3 0x80006630 (0x00d79913) x18 0x00002000
core   0: 0x80006634 (0x011ecfb3) xor     t6, t4, a7
core   0: 3 0x80006634 (0x011ecfb3) x31 0xee52e60f
core   0: 0x80006638 (0xff6cd203) lhu     tp, -10(s9)
core   0: 3 0x80006638 (0xff6cd203) x 4 0x0000fc40 mem 0x80015950
core   0: 0x8000663c (0xedc6b893) sltiu   a7, a3, -292
core   0: 3 0x8000663c (0xedc6b893) x17 0x00000001
core   0: 0x80006640 (0xffbc8383) lb      t2, -5(s9)
core   0: 3 0x80006640 (0xffbc8383) x 7 0x0000003f mem 0x80015955
core   0: 0x80006644 (0xff1c8183) lb      gp, -15(s9)
core   0: 3 0x80006644 (0xff1c8183) x 3 0x0000007b mem 0x8001594b
core   0: 0x80006648 (0x005c8a03) lb      s4, 5(s9)
core   0: 3 0x80006648 (0x005c8a03) x20 0x00000000 mem 0x8001595f
core   0: 0x8000664c (0x00000013) nop
core   0: 3 0x8000664c (0x00000013)
core   0: 0x80006650 (0x40275013) srai    zero, a4, 2
core   0: 3 0x80006650 (0x40275013)
core   0: 0x80006654 (0xfe9c8ba3) sb      s1, -9(s9)
core   0: 3 0x80006654 (0xfe9c8ba3) mem 0x80015951 0xce
core   0: 0x80006658 (0x0000f317) auipc   t1, 0xf
core   0: 3 0x80006658 (0x0000f317) x 6 0x80015658
core   0: 0x8000665c (0x14830313) addi    t1, t1, 328
core   0: 3 0x8000665c (0x14830313) x 6 0x800157a0
core   0: 0x80006660 (0x00730683) lb      a3, 7(t1)
core   0: 3 0x80006660 (0x00730683) x13 0xffffff8a mem 0x800157a7
core   0: 0x80006664 (0x0f2da413) slti    s0, s11, 242
core   0: 3 0x80006664 (0x0f2da413) x 8 0x00000000
core   0: 0x80006668 (0x00734783) lbu     a5, 7(t1)
core   0: 3 0x80006668 (0x00734783) x15 0x0000008a mem 0x800157a7
core   0: 0x8000666c (0x00734d83) lbu     s11, 7(t1)
core   0: 3 0x8000666c (0x00734d83) x27 0x0000008a mem 0x800157a7
core   0: 0x80006670 (0xff530703) lb      a4, -11(t1)
core   0: 3 0x80006670 (0xff530703) x14 0xffffffc3 mem 0x80015795
core   0: 0x80006674 (0xff530883) lb      a7, -11(t1)
core   0: 3 0x80006674 (0xff530883) x17 0xffffffc3 mem 0x80015795
core   0: 0x80006678 (0x40168eb3) sub     t4, a3, ra
core   0: 3 0x80006678 (0x40168eb3) x29 0x035c8f8a
core   0: 0x8000667c (0xff432683) lw      a3, -12(t1)
core   0: 3 0x8000667c (0xff432683) x13 0x6e4bc33d mem 0x80015794
core   0: 0x80006680 (0xff432383) lw      t2, -12(t1)
core   0: 3 0x80006680 (0xff432383) x 7 0x6e4bc33d mem 0x80015794
core   0: 0x80006684 (0xff635c03) lhu     s8, -10(t1)
core   0: 3 0x80006684 (0xff635c03) x24 0x00006e4b mem 0x80015796
core   0: 0x80006688 (0xff634383) lbu     t2, -10(t1)
core   0: 3 0x80006688 (0xff634383) x 7 0x0000004b mem 0x80015796
core   0: 0x8000668c (0xffb31b23) sh      s11, -10(t1)
core   0: 3 0x8000668c (0xffb31b23) mem 0x80015796 0x008a
core   0: 0x80006690 (0x00f84033) xor     zero, a6, a5
core   0: 3 0x80006690 (0x00f84033)
core   0: 0x80006694 (0xff634903) lbu     s2, -10(t1)
core   0: 3 0x80006694 (0xff634903) x18 0x0000008a mem 0x80015796
core   0: 0x80006698 (0xfe931b23) sh      s1, -10(t1)
core   0: 3 0x80006698 (0xfe931b23) mem 0x80015796 0xc5ce
core   0: 0x8000669c (0xff634203) lbu     tp, -10(t1)
core   0: 3 0x8000669c (0xff634203) x 4 0x000000ce mem 0x80015796
core   0: 0x800066a0 (0x00cde233) or      tp, s11, a2
core   0: 3 0x800066a0 (0x00cde233) x 4 0x0000008b
core   0: 0x800066a4 (0xff631d83) lh      s11, -10(t1)
core   0: 3 0x800066a4 (0xff631d83) x27 0xffffc5ce mem 0x80015796
core   0: 0x800066a8 (0x008a2e33) slt     t3, s4, s0
core   0: 3 0x800066a8 (0x008a2e33) x28 0x00000000
core   0: 0x800066ac (0x402dd3b3) sra     t2, s11, sp
core   0: 3 0x800066ac (0x402dd3b3) x 7 0xfffffc5c
core   0: 0x800066b0 (0xff634383) lbu     t2, -10(t1)
core   0: 3 0x800066b0 (0xff634383) x 7 0x000000ce mem 0x80015796
core   0: 0x800066b4 (0xff634283) lbu     t0, -10(t1)
core   0: 3 0x800066b4 (0xff634283) x 5 0x000000ce mem 0x80015796
core   0: 0x800066b8 (0xff030b23) sb      a6, -10(t1)
core   0: 3 0x800066b8 (0xff030b23) mem 0x80015796 0xf
core   0: 0x800066bc (0xff634b83) lbu     s7, -10(t1)
core   0: 3 0x800066bc (0xff634b83) x23 0x0000000f mem 0x80015796
core   0: 0x800066c0 (0x0000f617) auipc   a2, 0xf
core   0: 3 0x800066c0 (0x0000f617) x12 0x800156c0
core   0: 0x800066c4 (0xef560613) addi    a2, a2, -267
core   0: 3 0x800066c4 (0xef560613) x12 0x800155b5
core   0: 0x800066c8 (0xff260f03) lb      t5, -14(a2)
core   0: 3 0x800066c8 (0xff260f03) x30 0x00000000 mem 0x800155a7
core   0: 0x800066cc (0xffd64803) lbu     a6, -3(a2)
core   0: 3 0x800066cc (0xffd64803) x16 0x00000000 mem 0x800155b2
core   0: 0x800066d0 (0xff761f83) lh      t6, -9(a2)
core   0: 3 0x800066d0 (0xff761f83) x31 0xffff857a mem 0x800155ac
core   0: 0x800066d4 (0xff765f83) lhu     t6, -9(a2)
core   0: 3 0x800066d4 (0xff765f83) x31 0x0000857a mem 0x800155ac
core   0: 0x800066d8 (0xff860ba3) sb      s8, -9(a2)
core   0: 3 0x800066d8 (0xff860ba3) mem 0x800155ac 0x4b
core   0: 0x800066dc (0x00a612a3) sh      a0, 5(a2)
core   0: 3 0x800066dc (0x00a612a3) mem 0x800155ba 0xc5b5
core   0: 0x800066e0 (0x00c60003) lb      zero, 12(a2)
core   0: 3 0x800066e0 (0x00c60003) mem 0x800155c1
core   0: 0x800066e4 (0xff460883) lb      a7, -12(a2)
core   0: 3 0x800066e4 (0xff460883) x17 0xffffffe4 mem 0x800155a9
core   0: 0x800066e8 (0x00760323) sb      t2, 6(a2)
core   0: 3 0x800066e8 (0x00760323) mem 0x800155bb 0xce
core   0: 0x800066ec (0x500fbc93) sltiu   s9, t6, 1280
core   0: 3 0x800066ec (0x500fbc93) x25 0x00000000
core   0: 0x800066f0 (0x407d5f13) srai    t5, s10, 7
core   0: 3 0x800066f0 (0x407d5f13) x30 0xffffffff
core   0: 0x800066f4 (0x00864483) lbu     s1, 8(a2)
core   0: 3 0x800066f4 (0x00864483) x 9 0x00000069 mem 0x800155bd
core   0: 0x800066f8 (0x00e607a3) sb      a4, 15(a2)
core   0: 3 0x800066f8 (0x00e607a3) mem 0x800155c4 0xc3
core   0: 0x800066fc (0x2bfd6413) ori     s0, s10, 703
core   0: 3 0x800066fc (0x2bfd6413) x 8 0xffffffff
core   0: 0x80006700 (0x00e60083) lb      ra, 14(a2)
core   0: 3 0x80006700 (0x00e60083) x 1 0xffffffed mem 0x800155c3
core   0: 0x80006704 (0x00664a03) lbu     s4, 6(a2)
core   0: 3 0x80006704 (0x00664a03) x20 0x000000ce mem 0x800155bb
core   0: 0x80006708 (0x0000fa17) auipc   s4, 0xf
core   0: 3 0x80006708 (0x0000fa17) x20 0x80015708
core   0: 0x8000670c (0x1d8a0a13) addi    s4, s4, 472
core   0: 3 0x8000670c (0x1d8a0a13) x20 0x800158e0
core   0: 0x80006710 (0x418f0933) sub     s2, t5, s8
core   0: 3 0x80006710 (0x418f0933) x18 0xffff91b4
core   0: 0x80006714 (0xe5e57513) andi    a0, a0, -418
core   0: 3 0x80006714 (0xe5e57513) x10 0xffffc414
core   0: 0x80006718 (0x0000100f) fence.i
core   0: 3 0x80006718 (0x0000100f)
core   0: 0x8000671c (0xf7ea1423) sh      t5, -152(s4)
core   0: 3 0x8000671c (0xf7ea1423) mem 0x80015848 0xffff
core   0: 0x80006720 (0xffca2623) sw      t3, -20(s4)
core   0: 3 0x80006720 (0xffca2623) mem 0x800158cc 0x00000000
core   0: 0x80006724 (0x096a1503) lh      a0, 150(s4)
core   0: 3 0x80006724 (0x096a1503) x10 0xffffee72 mem 0x80015976
core   0: 0x80006728 (0x0000100f) fence.i
core   0: 3 0x80006728 (0x0000100f)
core   0: 0x8000672c (0x01296fb3) or      t6, s2, s2
core   0: 3 0x8000672c (0x01296fb3) x31 0xffff91b4
core   0: 0x80006730 (0xf22a0303) lb      t1, -222(s4)
core   0: 3 0x80006730 (0xf22a0303) x 6 0xffffffe5 mem 0x80015802
core   0: 0x80006734 (0x0e5a4183) lbu     gp, 229(s4)
core   0: 3 0x80006734 (0x0e5a4183) x 3 0x00000024 mem 0x800159c5
core   0: 0x80006738 (0xfdaa4483) lbu     s1, -38(s4)
core   0: 3 0x80006738 (0xfdaa4483) x 9 0x00000076 mem 0x800158ba
core   0: 0x8000673c (0xfb9a0883) lb      a7, -71(s4)
core   0: 3 0x8000673c (0xfb9a0883) x17 0x00000059 mem 0x80015899
core   0: 0x80006740 (0x00ec5933) srl     s2, s8, a4
core   0: 3 0x80006740 (0x00ec5933) x18 0x00000dc9
core   0: 0x80006744 (0x013a4303) lbu     t1, 19(s4)
core   0: 3 0x80006744 (0x013a4303) x 6 0x00000058 mem 0x800158f3
core   0: 0x80006748 (0x014c3033) sltu    zero, s8, s4
core   0: 3 0x80006748 (0x014c3033)
core   0: 0x8000674c (0x0bea5903) lhu     s2, 190(s4)
core   0: 3 0x8000674c (0x0bea5903) x18 0x0000a439 mem 0x8001599e
core   0: 0x80006750 (0x0cda4c03) lbu     s8, 205(s4)
core   0: 3 0x80006750 (0x0cda4c03) x24 0x00000085 mem 0x800159ad
core   0: 0x80006754 (0x0f7a02a3) sb      s7, 229(s4)
core   0: 3 0x80006754 (0x0f7a02a3) mem 0x800159c5 0xf
core   0: 0x80006758 (0xf85a0c83) lb      s9, -123(s4)
core   0: 3 0x80006758 (0xf85a0c83) x25 0x0000002b mem 0x80015865
core   0: 0x8000675c (0x0d4a1983) lh      s3, 212(s4)
core   0: 3 0x8000675c (0x0d4a1983) x19 0xffffb8d8 mem 0x800159b4
core   0: 0x80006760 (0x01259393) slli    t2, a1, 18
core   0: 3 0x80006760 (0x01259393) x 7 0xb3900000
core   0: 0x80006764 (0xfe9a08a3) sb      s1, -15(s4)
core   0: 3 0x80006764 (0xfe9a08a3) mem 0x800158d1 0x76
core   0: 0x80006768 (0x08aa1783) lh      a5, 138(s4)
core   0: 3 0x80006768 (0x08aa1783) x15 0xffffe10c mem 0x8001596a
core   0: 0x8000676c (0xae098013) addi    zero, s3, -1312
core   0: 3 0x8000676c (0xae098013)
core   0: 0x80006770 (0x02da4b83) lbu     s7, 45(s4)
core   0: 3 0x80006770 (0x02da4b83) x23 0x000000bf mem 0x8001590d
core   0: 0x80006774 (0x00e5e3b3) or      t2, a1, a4
core   0: 3 0x80006774 (0x00e5e3b3) x 7 0xffffffe7
core   0: 0x80006778 (0x037a4303) lbu     t1, 55(s4)
core   0: 3 0x80006778 (0x037a4303) x 6 0x00000000 mem 0x80015917
core   0: 0x8000677c (0x01a05193) srli    gp, zero, 26
core   0: 3 0x8000677c (0x01a05193) x 3 0x00000000
core   0: 0x80006780 (0x047a0b83) lb      s7, 71(s4)
core   0: 3 0x80006780 (0x047a0b83) x23 0x00000000 mem 0x80015927
core   0: 0x80006784 (0x034a04a3) sb      s4, 41(s4)
core   0: 3 0x80006784 (0x034a04a3) mem 0x80015909 0xe0
core   0: 0x80006788 (0xf03a0b83) lb      s7, -253(s4)
core   0: 3 0x80006788 (0xf03a0b83) x23 0x0000005a mem 0x800157e3
core   0: 0x8000678c (0x0000f797) auipc   a5, 0xf
core   0: 3 0x8000678c (0x0000f797) x15 0x8001578c
core   0: 0x80006790 (0x79c78793) addi    a5, a5, 1948
core   0: 3 0x80006790 (0x79c78793) x15 0x80015f28
core   0: 0x80006794 (0x0ff0000f) fence   iorw,iorw
core   0: 3 0x80006794 (0x0ff0000f)
core   0: 0x80006798 (0x0e279b23) sh      sp, 246(a5)
core   0: 3 0x80006798 (0x0e279b23) mem 0x8001601e 0xae64
core   0: 0x8000679c (0x0f678603) lb      a2, 246(a5)
core   0: 3 0x8000679c (0x0f678603) x12 0x00000064 mem 0x8001601e
core   0: 0x800067a0 (0x0f67c283) lbu     t0, 246(a5)
core   0: 3 0x800067a0 (0x0f67c283) x 5 0x00000064 mem 0x8001601e
core   0: 0x800067a4 (0x0f379b23) sh      s3, 246(a5)
core   0: 3 0x800067a4 (0x0f379b23) mem 0x8001601e 0xb8d8
core   0: 0x800067a8 (0x0a379f23) sh      gp, 190(a5)
core   0: 3 0x800067a8 (0x0a379f23) mem 0x80015fe6 0x0000
core   0: 0x800067ac (0x0be78183) lb      gp, 190(a5)
core   0: 3 0x800067ac (0x0be78183) x 3 0x00000000 mem 0x80015fe6
core   0: 0x800067b0 (0x0be78003) lb      zero, 190(a5)
core   0: 3 0x800067b0 (0x0be78003) mem 0x80015fe6
core   0: 0x800067b4 (0x0b279f23) sh      s2, 190(a5)
core   0: 3 0x800067b4 (0x0b279f23) mem 0x80015fe6 0xa439
core   0: 0x800067b8 (0x03a7dd03) lhu     s10, 58(a5)
core   0: 3 0x800067b8 (0x03a7dd03) x26 0x0000e3c4 mem 0x80015f62
core   0: 0x800067bc (0x03a78203) lb      tp, 58(a5)
core   0: 3 0x800067bc (0x03a78203) x 4 0xffffffc4 mem 0x80015f62
core   0: 0x800067c0 (0x03279d23) sh      s2, 58(a5)
core   0: 3 0x800067c0 (0x03279d23) mem 0x80015f62 0xa439
core   0: 0x800067c4 (0x08a7c403) lbu     s0, 138(a5)
core   0: 3 0x800067c4 (0x08a7c403) x 8 0x000000ae mem 0x80015fb2
core   0: 0x800067c8 (0x08a7dc03) lhu     s8, 138(a5)
core   0: 3 0x800067c8 (0x08a7dc03) x24 0x00001fae mem 0x80015fb2
core   0: 0x800067cc (0x08f78523) sb      a5, 138(a5)
core   0: 3 0x800067cc (0x08f78523) mem 0x80015fb2 0x28
core   0: 0x800067d0 (0xf427d803) lhu     a6, -190(a5)
core   0: 3 0x800067d0 (0xf427d803) x16 0x00008b8d mem 0x80015e6a
core   0: 0x800067d4 (0xd886c513) xori    a0, a3, -632
core   0: 3 0x800067d4 (0xd886c513) x10 0x91b43eb5
core   0: 0x800067d8 (0x00a0a3b3) slt     t2, ra, a0
core   0: 3 0x800067d8 (0x00a0a3b3) x 7 0x00000000
core   0: 0x800067dc (0x0fb78b83) lb      s7, 251(a5)
core   0: 3 0x800067dc (0x0fb78b83) x23 0xffffffff mem 0x80016023
core   0: 0x800067e0 (0x0fb78603) lb      a2, 251(a5)
core   0: 3 0x800067e0 (0x0fb78603) x12 0xffffffff mem 0x80016023
core   0: 0x800067e4 (0x00013717) auipc   a4, 0x13
core   0: 3 0x800067e4 (0x00013717) x14 0x800197e4
core   0: 0x800067e8 (0x5a370713) addi    a4, a4, 1443
core   0: 3 0x800067e8 (0x5a370713) x14 0x80019d87
core   0: 0x800067ec (0xfd870f03) lb      t5, -40(a4)
core   0: 3 0x800067ec (0xfd870f03) x30 0xffffff8e mem 0x80019d5f
core   0: 0x800067f0 (0xfdf70c23) sb      t6, -40(a4)
core   0: 3 0x800067f0 (0xfdf70c23) mem 0x80019d5f 0xb4
core   0: 0x800067f4 (0xfd874c83) lbu     s9, -40(a4)
core   0: 3 0x800067f4 (0xfd874c83) x25 0x000000b4 mem 0x80019d5f
core   0: 0x800067f8 (0xfc270c23) sb      sp, -40(a4)
core   0: 3 0x800067f8 (0xfc270c23) mem 0x80019d5f 0x64
core   0: 0x800067fc (0xfd870603) lb      a2, -40(a4)
core   0: 3 0x800067fc (0xfd870603) x12 0x00000064 mem 0x80019d5f
core   0: 0x80006800 (0x22036f13) ori     t5, t1, 544
core   0: 3 0x80006800 (0x22036f13) x30 0x00000220
core   0: 0x80006804 (0xfd874083) lbu     ra, -40(a4)
core   0: 3 0x80006804 (0xfd874083) x 1 0x00000064 mem 0x80019d5f
core   0: 0x80006808 (0xfd474f03) lbu     t5, -44(a4)
core   0: 3 0x80006808 (0xfd474f03) x30 0x00000042 mem 0x80019d5b
core   0: 0x8000680c (0xfc570a23) sb      t0, -44(a4)
core   0: 3 0x8000680c (0xfc570a23) mem 0x80019d5b 0x64
core   0: 0x80006810 (0x00f74903) lbu     s2, 15(a4)
core   0: 3 0x80006810 (0x00f74903) x18 0x00000025 mem 0x80019d96
core   0: 0x80006814 (0x00f71683) lh      a3, 15(a4)
core   0: 3 0x80006814 (0x00f71683) x13 0x00001e25 mem 0x80019d96
core   0: 0x80006818 (0xdf5fef93) ori     t6, t6, -523
core   0: 3 0x80006818 (0xdf5fef93) x31 0xfffffdf5
core   0: 0x8000681c (0x00f70f03) lb      t5, 15(a4)
core   0: 3 0x8000681c (0x00f70f03) x30 0x00000025 mem 0x80019d96
core   0: 0x80006820 (0x00f75603) lhu     a2, 15(a4)
core   0: 3 0x80006820 (0x00f75603) x12 0x00001e25 mem 0x80019d96
core   0: 0x80006824 (0x00f71783) lh      a5, 15(a4)
core   0: 3 0x80006824 (0x00f71783) x15 0x00001e25 mem 0x80019d96
core   0: 0x80006828 (0x00f74403) lbu     s0, 15(a4)
core   0: 3 0x80006828 (0x00f74403) x 8 0x00000025 mem 0x80019d96
core   0: 0x8000682c (0x00f74383) lbu     t2, 15(a4)
core   0: 3 0x8000682c (0x00f74383) x 7 0x00000025 mem 0x80019d96
core   0: 0x80006830 (0x89100313) li      t1, -1903
core   0: 3 0x80006830 (0x89100313) x 6 0xfffff891
core   0: 0x80006834 (0x004717a3) sh      tp, 15(a4)
core   0: 3 0x80006834 (0x004717a3) mem 0x80019d96 0xffc4
core   0: 0x80006838 (0x00f74283) lbu     t0, 15(a4)
core   0: 3 0x80006838 (0x00f74283) x 5 0x000000c4 mem 0x80019d96
core   0: 0x8000683c (0x00f75783) lhu     a5, 15(a4)
core   0: 3 0x8000683c (0x00f75783) x15 0x0000ffc4 mem 0x80019d96
core   0: 0x80006840 (0x0000fc97) auipc   s9, 0xf
core   0: 3 0x80006840 (0x0000fc97) x25 0x80015840
core   0: 0x80006844 (0x882c8c93) addi    s9, s9, -1918
core   0: 3 0x80006844 (0x882c8c93) x25 0x800150c2
core   0: 0x80006848 (0x01f73eb3) sltu    t4, a4, t6
core   0: 3 0x80006848 (0x01f73eb3) x29 0x00000001
core   0: 0x8000684c (0x00acdd03) lhu     s10, 10(s9)
core   0: 3 0x8000684c (0x00acdd03) x26 0x00003ac5 mem 0x800150cc
core   0: 0x80006850 (0x007c8603) lb      a2, 7(s9)
core   0: 3 0x80006850 (0x007c8603) x12 0xffffffb6 mem 0x800150c9
core   0: 0x80006854 (0xc90db737) lui     a4, 0xc90db
core   0: 3 0x80006854 (0xc90db737) x14 0xc90db000
core   0: 0x80006858 (0x000cd683) lhu     a3, 0(s9)
core   0: 3 0x80006858 (0x000cd683) x13 0x0000991c mem 0x800150c2
core   0: 0x8000685c (0xff1cc083) lbu     ra, -15(s9)
core   0: 3 0x8000685c (0xff1cc083) x 1 0x000000c6 mem 0x800150b3
core   0: 0x80006860 (0x00bcca83) lbu     s5, 11(s9)
core   0: 3 0x80006860 (0x00bcca83) x21 0x0000003a mem 0x800150cd
core   0: 0x80006864 (0xff1c8ba3) sb      a7, -9(s9)
core   0: 3 0x80006864 (0xff1c8ba3) mem 0x800150b9 0x59
core   0: 0x80006868 (0x001ccf03) lbu     t5, 1(s9)
core   0: 3 0x80006868 (0x001ccf03) x30 0x00000099 mem 0x800150c3
core   0: 0x8000686c (0x00944eb3) xor     t4, s0, s1
core   0: 3 0x8000686c (0x00944eb3) x29 0x00000053
core   0: 0x80006870 (0x007c85a3) sb      t2, 11(s9)
core   0: 3 0x80006870 (0x007c85a3) mem 0x800150cd 0x25
core   0: 0x80006874 (0x012fd533) srl     a0, t6, s2
core   0: 3 0x80006874 (0x012fd533) x10 0x07ffffef
core   0: 0x80006878 (0xfe0c88a3) sb      zero, -15(s9)
core   0: 3 0x80006878 (0xfe0c88a3) mem 0x800150b3 0x0
core   0: 0x8000687c (0x00fc9423) sh      a5, 8(s9)
core   0: 3 0x8000687c (0x00fc9423) mem 0x800150ca 0xffc4
core   0: 0x80006880 (0xff1c8c23) sb      a7, -8(s9)
core   0: 3 0x80006880 (0xff1c8c23) mem 0x800150ba 0x59
core   0: 0x80006884 (0x16c80793) addi    a5, a6, 364
core   0: 3 0x80006884 (0x16c80793) x15 0x00008cf9
core   0: 0x80006888 (0xff1cc783) lbu     a5, -15(s9)
core   0: 3 0x80006888 (0xff1cc783) x15 0x00000000 mem 0x800150b3
core   0: 0x8000688c (0xff2c9d83) lh      s11, -14(s9)
core   0: 3 0x8000688c (0xff2c9d83) x27 0x0000576d mem 0x800150b4
core   0: 0x80006890 (0x01d5de33) srl     t3, a1, t4
core   0: 3 0x80006890 (0x01d5de33) x28 0x00001000
core   0: 0x80006894 (0x411ddc33) sra     s8, s11, a7
core   0: 3 0x80006894 (0x411ddc33) x24 0x00000000
core   0: 0x80006898 (0x013c9023) sh      s3, 0(s9)
core   0: 3 0x80006898 (0x013c9023) mem 0x800150c2 0xb8d8
core   0: 0x8000689c (0xffecd183) lhu     gp, -2(s9)
core   0: 3 0x8000689c (0xffecd183) x 3 0x00008f75 mem 0x800150c0
core   0: 0x800068a0 (0x002cdf83) lhu     t6, 2(s9)
core   0: 3 0x800068a0 (0x002cdf83) x31 0x000085ee mem 0x800150c4
core   0: 0x800068a4 (0xfffc8503) lb      a0, -1(s9)
core   0: 3 0x800068a4 (0xfffc8503) x10 0xffffff8f mem 0x800150c1
core   0: 0x800068a8 (0x00fcc003) lbu     zero, 15(s9)
core   0: 3 0x800068a8 (0x00fcc003) mem 0x800150d1
core   0: 0x800068ac (0xffdc8f83) lb      t6, -3(s9)
core   0: 3 0x800068ac (0xffdc8f83) x31 0x0000004b mem 0x800150bf
core   0: 0x800068b0 (0xffcc9183) lh      gp, -4(s9)
core   0: 3 0x800068b0 (0xffcc9183) x 3 0x00004b91 mem 0x800150be
core   0: 0x800068b4 (0xfefc8f23) sb      a5, -2(s9)
core   0: 3 0x800068b4 (0xfefc8f23) mem 0x800150c0 0x0
core   0: 0x800068b8 (0xff7cab23) sw      s7, -10(s9)
core   0: 3 0x800068b8 (0xff7cab23) mem 0x800150b8 0xffffffff
core   0: 0x800068bc (0x0014be33) sltu    t3, s1, ra
core   0: 3 0x800068bc (0x0014be33) x28 0x00000001
core   0: 0x800068c0 (0x401d5233) sra     tp, s10, ra
core   0: 3 0x800068c0 (0x401d5233) x 4 0x000000eb
core   0: 0x800068c4 (0xff1c8783) lb      a5, -15(s9)
core   0: 3 0x800068c4 (0xff1c8783) x15 0x00000000 mem 0x800150b3
core   0: 0x800068c8 (0xff3ccb83) lbu     s7, -13(s9)
core   0: 3 0x800068c8 (0xff3ccb83) x23 0x00000057 mem 0x800150b5
core   0: 0x800068cc (0xff9c8483) lb      s1, -7(s9)
core   0: 3 0x800068cc (0xff9c8483) x 9 0xffffffff mem 0x800150bb
core   0: 0x800068d0 (0xff5cc203) lbu     tp, -11(s9)
core   0: 3 0x800068d0 (0xff5cc203) x 4 0x0000001b mem 0x800150b7
core   0: 0x800068d4 (0x70fefe93) andi    t4, t4, 1807
core   0: 3 0x800068d4 (0x70fefe93) x29 0x00000003
core   0: 0x800068d8 (0xff6cd783) lhu     a5, -10(s9)
core   0: 3 0x800068d8 (0xff6cd783) x15 0x0000ffff mem 0x800150b8
core   0: 0x800068dc (0x002c9983) lh      s3, 2(s9)
core   0: 3 0x800068dc (0x002c9983) x19 0xffff85ee mem 0x800150c4
core   0: 0x800068e0 (0xfe8cab23) sw      s0, -10(s9)
core   0: 3 0x800068e0 (0xfe8cab23) mem 0x800150b8 0x00000025
core   0: 0x800068e4 (0x005c8e03) lb      t3, 5(s9)
core   0: 3 0x800068e4 (0x005c8e03) x28 0x00000064 mem 0x800150c7
core   0: 0x800068e8 (0x00019097) auipc   ra, 0x19
core   0: 3 0x800068e8 (0x00019097) x 1 0x8001f8e8
core   0: 0x800068ec (0x64c08093) addi    ra, ra, 1612
core   0: 3 0x800068ec (0x64c08093) x 1 0x8001ff34
core   0: 0x800068f0 (0xf7697193) andi    gp, s2, -138
core   0: 3 0x800068f0 (0xf7697193) x 3 0x00000024
core   0: 0x800068f4 (0xff1089a3) sb      a7, -13(ra)
core   0: 3 0x800068f4 (0xff1089a3) mem 0x8001ff27 0x59
core   0: 0x800068f8 (0x01a08003) lb      zero, 26(ra)
core   0: 3 0x800068f8 (0x01a08003) mem 0x8001ff4e
core   0: 0x800068fc (0x0380d203) lhu     tp, 56(ra)
core   0: 3 0x800068fc (0x0380d203) x 4 0x00008620 mem 0x8001ff6c
core   0: 0x80006900 (0x03a08ba3) sb      s10, 55(ra)
core   0: 3 0x80006900 (0x03a08ba3) mem 0x8001ff6b 0xc5
core   0: 0x80006904 (0x00d1bcb3) sltu    s9, gp, a3
core   0: 3 0x80006904 (0x00d1bcb3) x25 0x00000001
core   0: 0x80006908 (0xfe9088a3) sb      s1, -15(ra)
core   0: 3 0x80006908 (0xfe9088a3) mem 0x8001ff25 0xff
core   0: 0x8000690c (0x0ff0000f) fence   iorw,iorw
core   0: 3 0x8000690c (0x0ff0000f)
core   0: 0x80006910 (0x01708da3) sb      s7, 27(ra)
core   0: 3 0x80006910 (0x01708da3) mem 0x8001ff4f 0x57
core   0: 0x80006914 (0xffe0da03) lhu     s4, -2(ra)
core   0: 3 0x80006914 (0xffe0da03) x20 0x0000b78a mem 0x8001ff32
core   0: 0x80006918 (0x00b95d13) srli    s10, s2, 11
core   0: 3 0x80006918 (0x00b95d13) x26 0x00000000
core   0: 0x8000691c (0xfd108f23) sb      a7, -34(ra)
core   0: 3 0x8000691c (0xfd108f23) mem 0x8001ff12 0x59
core   0: 0x80006920 (0x0f273d13) sltiu   s10, a4, 242
core   0: 3 0x80006920 (0x0f273d13) x26 0x00000000
core   0: 0x80006924 (0xfe908383) lb      t2, -23(ra)
core   0: 3 0x80006924 (0xfe908383) x 7 0xffffff9a mem 0x8001ff1d
core   0: 0x80006928 (0x00908523) sb      s1, 10(ra)
core   0: 3 0x80006928 (0x00908523) mem 0x8001ff3e 0xff
core   0: 0x8000692c (0x0ff0000f) fence   iorw,iorw
core   0: 3 0x8000692c (0x0ff0000f)
core   0: 0x80006930 (0x03208503) lb      a0, 50(ra)
core   0: 3 0x80006930 (0x03208503) x10 0x0000001b mem 0x8001ff66
core   0: 0x80006934 (0xf8752193) slti    gp, a0, -121
core   0: 3 0x80006934 (0xf8752193) x 3 0x00000000
core   0: 0x80006938 (0xfe70c303) lbu     t1, -25(ra)
core   0: 3 0x80006938 (0xfe70c303) x 6 0x000000fd mem 0x8001ff1b
core   0: 0x8000693c (0x00b308b3) add     a7, t1, a1
core   0: 3 0x8000693c (0x00b308b3) x17 0x8002ede1
core   0: 0x80006940 (0xa8c78013) addi    zero, a5, -1396
core   0: 3 0x80006940 (0xa8c78013)
core   0: 0x80006944 (0x03d08383) lb      t2, 61(ra)
core   0: 3 0x80006944 (0x03d08383) x 7 0x0000000c mem 0x8001ff71
core   0: 0x80006948 (0x00b1ec33) or      s8, gp, a1
core   0: 3 0x80006948 (0x00b1ec33) x24 0x8002ece4
core   0: 0x8000694c (0x00fb6733) or      a4, s6, a5
core   0: 3 0x8000694c (0x00fb6733) x14 0xfe61ffff
core   0: 0x80006950 (0xfd60d883) lhu     a7, -42(ra)
core   0: 3 0x80006950 (0xfd60d883) x17 0x0000e749 mem 0x8001ff0a
core   0: 0x80006954 (0x130d5317) auipc   t1, 0x130d5
core   0: 3 0x80006954 (0x130d5317) x 6 0x930db954
core   0: 0x80006958 (0xfd50c983) lbu     s3, -43(ra)
core   0: 3 0x80006958 (0xfd50c983) x19 0x00000030 mem 0x8001ff09
core   0: 0x8000695c (0xfd108f03) lb      t5, -47(ra)
core   0: 3 0x8000695c (0xfd108f03) x30 0xffffffba mem 0x8001ff05
core   0: 0x80006960 (0xfc308fa3) sb      gp, -33(ra)
core   0: 3 0x80006960 (0xfc308fa3) mem 0x8001ff13 0x0
core   0: 0x80006964 (0x02b0cb83) lbu     s7, 43(ra)
core   0: 3 0x80006964 (0x02b0cb83) x23 0x0000003a mem 0x8001ff5f
core   0: 0x80006968 (0xff508503) lb      a0, -11(ra)
core   0: 3 0x80006968 (0xff508503) x10 0xffffffde mem 0x8001ff29
core   0: 0x8000696c (0x0090ce03) lbu     t3, 9(ra)
core   0: 3 0x8000696c (0x0090ce03) x28 0x00000061 mem 0x8001ff3d
core   0: 0x80006970 (0x03009a03) lh      s4, 48(ra)
core   0: 3 0x80006970 (0x03009a03) x20 0xffffe6a4 mem 0x8001ff64
core   0: 0x80006974 (0xfc508ea3) sb      t0, -35(ra)
core   0: 3 0x80006974 (0xfc508ea3) mem 0x8001ff11 0xc4
core   0: 0x80006978 (0x0400ad83) lw      s11, 64(ra)
core   0: 3 0x80006978 (0x0400ad83) x27 0xac97cb7d mem 0x8001ff74
core   0: 0x8000697c (0x0000fd17) auipc   s10, 0xf
core   0: 3 0x8000697c (0x0000fd17) x26 0x8001597c
core   0: 0x80006980 (0x9ecd0d13) addi    s10, s10, -1556
core   0: 3 0x80006980 (0x9ecd0d13) x26 0x80015368
core   0: 0x80006984 (0x00013817) auipc   a6, 0x13
core   0: 3 0x80006984 (0x00013817) x16 0x80019984
core   0: 0x80006988 (0xeae80813) addi    a6, a6, -338
core   0: 3 0x80006988 (0xeae80813) x16 0x80019832
core   0: 0x8000698c (0x172d1183) lh      gp, 370(s10)
core   0: 3 0x8000698c (0x172d1183) x 3 0xffffed43 mem 0x800154da
core   0: 0x80006990 (0xfaa80183) lb      gp, -86(a6)
core   0: 3 0x80006990 (0xfaa80183) x 3 0xffffff87 mem 0x800197dc
core   0: 0x80006994 (0x5ecd2903) lw      s2, 1516(s10)
core   0: 3 0x80006994 (0x5ecd2903) x18 0x540a3f3e mem 0x80015954
core   0: 0x80006998 (0x0f681503) lh      a0, 246(a6)
core   0: 3 0x80006998 (0x0f681503) x10 0xffffc743 mem 0x80019928
core   0: 0x8000699c (0x01980c83) lb      s9, 25(a6)
core   0: 3 0x8000699c (0x01980c83) x25 0xffffff95 mem 0x8001984b
core   0: 0x800069a0 (0x7dfd0703) lb      a4, 2015(s10)
core   0: 3 0x800069a0 (0x7dfd0703) x14 0xffffffc3 mem 0x80015b47
core   0: 0x800069a4 (0xf3180ea3) sb      a7, -195(a6)
core   0: 3 0x800069a4 (0xf3180ea3) mem 0x8001976f 0x49
core   0: 0x800069a8 (0xf3180e03) lb      t3, -207(a6)
core   0: 3 0x800069a8 (0xf3180e03) x28 0xffffffdc mem 0x80019763
core   0: 0x800069ac (0x00584203) lbu     tp, 5(a6)
core   0: 3 0x800069ac (0x00584203) x 4 0x0000005d mem 0x80019837
core   0: 0x800069b0 (0x22ad0ba3) sb      a0, 567(s10)
core   0: 3 0x800069b0 (0x22ad0ba3) mem 0x8001559f 0x43
core   0: 0x800069b4 (0x65ed4183) lbu     gp, 1630(s10)
core   0: 3 0x800069b4 (0x65ed4183) x 3 0x0000006f mem 0x800159c6
core   0: 0x800069b8 (0x0000f217) auipc   tp, 0xf
core   0: 3 0x800069b8 (0x0000f217) x 4 0x800159b8
core   0: 0x800069bc (0x1b020213) addi    tp, tp, 432
core   0: 3 0x800069bc (0x1b020213) x 4 0x80015b68
core   0: 0x800069c0 (0x0e5203a3) sb      t0, 231(tp)
core   0: 3 0x800069c0 (0x0e5203a3) mem 0x80015c4f 0xc4
core   0: 0x800069c4 (0x0000ea17) auipc   s4, 0xe
core   0: 3 0x800069c4 (0x0000ea17) x20 0x800149c4
core   0: 0x800069c8 (0x7fda0a13) addi    s4, s4, 2045
core   0: 3 0x800069c8 (0x7fda0a13) x20 0x800151c1
core   0: 0x800069cc (0xf0421a83) lh      s5, -252(tp)
core   0: 3 0x800069cc (0xf0421a83) x21 0xffffef1f mem 0x80015a6c
core   0: 0x800069d0 (0x034a4503) lbu     a0, 52(s4)
core   0: 3 0x800069d0 (0x034a4503) x10 0x000000fc mem 0x800151f5
core   0: 0x800069d4 (0xfe324983) lbu     s3, -29(tp)
core   0: 3 0x800069d4 (0xfe324983) x19 0x000000ab mem 0x80015b4b
core   0: 0x800069d8 (0x022a0783) lb      a5, 34(s4)
core   0: 3 0x800069d8 (0x022a0783) x15 0xffffffdc mem 0x800151e3
core   0: 0x800069dc (0x07724483) lbu     s1, 119(tp)
core   0: 3 0x800069dc (0x07724483) x 9 0x000000e0 mem 0x80015bdf
core   0: 0x800069e0 (0xfdfa4903) lbu     s2, -33(s4)
core   0: 3 0x800069e0 (0xfdfa4903) x18 0x00000026 mem 0x800151a0
core   0: 0x800069e4 (0xfeca0c23) sb      a2, -8(s4)
core   0: 3 0x800069e4 (0xfeca0c23) mem 0x800151b9 0xb6
core   0: 0x800069e8 (0x01ba1a83) lh      s5, 27(s4)
core   0: 3 0x800069e8 (0x01ba1a83) x21 0xffffc248 mem 0x800151dc
core   0: 0x800069ec (0xf2120da3) sb      ra, -197(tp)
core   0: 3 0x800069ec (0xf2120da3) mem 0x80015aa3 0x34
core   0: 0x800069f0 (0x010a4183) lbu     gp, 16(s4)
core   0: 3 0x800069f0 (0x010a4183) x 3 0x000000f0 mem 0x800151d1
core   0: 0x800069f4 (0xffca4183) lbu     gp, -4(s4)
core   0: 3 0x800069f4 (0xffca4183) x 3 0x00000098 mem 0x800151bd
core   0: 0x800069f8 (0xfe1a5903) lhu     s2, -31(s4)
core   0: 3 0x800069f8 (0xfe1a5903) x18 0x00009a02 mem 0x800151a2
core   0: 0x800069fc (0xf6221303) lh      t1, -158(tp)
core   0: 3 0x800069fc (0xf6221303) x 6 0xfffff37f mem 0x80015aca
core   0: 0x80006a00 (0x08324383) lbu     t2, 131(tp)
core   0: 3 0x80006a00 (0x08324383) x 7 0x0000001a mem 0x80015beb
core   0: 0x80006a04 (0xfd724903) lbu     s2, -41(tp)
core   0: 3 0x80006a04 (0xfd724903) x18 0x0000006b mem 0x80015b3f
core   0: 0x80006a08 (0xfeaa0123) sb      a0, -30(s4)
core   0: 3 0x80006a08 (0xfeaa0123) mem 0x800151a3 0xfc
core   0: 0x80006a0c (0x0000f397) auipc   t2, 0xf
core   0: 3 0x80006a0c (0x0000f397) x 7 0x80015a0c
core   0: 0x80006a10 (0x34d38393) addi    t2, t2, 845
core   0: 3 0x80006a10 (0x34d38393) x 7 0x80015d59
core   0: 0x80006a14 (0x03f3cf03) lbu     t5, 63(t2)
core   0: 3 0x80006a14 (0x03f3cf03) x30 0x000000c0 mem 0x80015d98
core   0: 0x80006a18 (0x0001d717) auipc   a4, 0x1d
core   0: 3 0x80006a18 (0x0001d717) x14 0x80023a18
core   0: 0x80006a1c (0xaac70713) addi    a4, a4, -1364
core   0: 3 0x80006a1c (0xaac70713) x14 0x800234c4
core   0: 0x80006a20 (0x01370d83) lb      s11, 19(a4)
core   0: 3 0x80006a20 (0x01370d83) x27 0xffffffe3 mem 0x800234d7
core   0: 0x80006a24 (0xfe539283) lh      t0, -27(t2)
core   0: 3 0x80006a24 (0xfe539283) x 5 0xfffff706 mem 0x80015d3e
core   0: 0x80006a28 (0xfd771323) sh      s7, -58(a4)
core   0: 3 0x80006a28 (0xfd771323) mem 0x8002348a 0x003a
core   0: 0x80006a2c (0x00c38503) lb      a0, 12(t2)
core   0: 3 0x80006a2c (0x00c38503) x10 0x00000043 mem 0x80015d65
core   0: 0x80006a30 (0x00d38623) sb      a3, 12(t2)
core   0: 3 0x80006a30 (0x00d38623) mem 0x80015d65 0x1c
core   0: 0x80006a34 (0x00674d83) lbu     s11, 6(a4)
core   0: 3 0x80006a34 (0x00674d83) x27 0x000000ab mem 0x800234ca
core   0: 0x80006a38 (0x01638423) sb      s6, 8(t2)
core   0: 3 0x80006a38 (0x01638423) mem 0x80015d61 0x5c
core   0: 0x80006a3c (0x03c705a3) sb      t3, 43(a4)
core   0: 3 0x80006a3c (0x03c705a3) mem 0x800234ef 0xdc
core   0: 0x80006a40 (0x00e38c83) lb      s9, 14(t2)
core   0: 3 0x80006a40 (0x00e38c83) x25 0xffffffef mem 0x80015d67
core   0: 0x80006a44 (0x0133c403) lbu     s0, 19(t2)
core   0: 3 0x80006a44 (0x0133c403) x 8 0x00000021 mem 0x80015d6c
core   0: 0x80006a48 (0xfea71623) sh      a0, -20(a4)
core   0: 3 0x80006a48 (0xfea71623) mem 0x800234b0 0x0043
core   0: 0x80006a4c (0x0373c003) lbu     zero, 55(t2)
core   0: 3 0x80006a4c (0x0373c003) mem 0x80015d90
core   0: 0x80006a50 (0xfe570803) lb      a6, -27(a4)
core   0: 3 0x80006a50 (0xfe570803) x16 0xffffff97 mem 0x800234a9
core   0: 0x80006a54 (0xfec38023) sb      a2, -32(t2)
core   0: 3 0x80006a54 (0xfec38023) mem 0x80015d39 0xb6
core   0: 0x80006a58 (0x01274503) lbu     a0, 18(a4)
core   0: 3 0x80006a58 (0x01274503) x10 0x000000a5 mem 0x800234d6
core   0: 0x80006a5c (0x00015a97) auipc   s5, 0x15
core   0: 3 0x80006a5c (0x00015a97) x21 0x8001ba5c
core   0: 0x80006a60 (0x846a8a93) addi    s5, s5, -1978
core   0: 3 0x80006a60 (0x846a8a93) x21 0x8001b2a2
core   0: 0x80006a64 (0x009a8403) lb      s0, 9(s5)
core   0: 3 0x80006a64 (0x009a8403) x 8 0x0000005c mem 0x8001b2ab
core   0: 0x80006a68 (0x004a8483) lb      s1, 4(s5)
core   0: 3 0x80006a68 (0x004a8483) x 9 0xffffff91 mem 0x8001b2a6
core   0: 0x80006a6c (0x004a9283) lh      t0, 4(s5)
core   0: 3 0x80006a6c (0x004a9283) x 5 0x00003a91 mem 0x8001b2a6
core   0: 0x80006a70 (0x001a9223) sh      ra, 4(s5)
core   0: 3 0x80006a70 (0x001a9223) mem 0x8001b2a6 0xff34
core   0: 0x80006a74 (0x010add03) lhu     s10, 16(s5)
core   0: 3 0x80006a74 (0x010add03) x26 0x0000762c mem 0x8001b2b2
core   0: 0x80006a78 (0x56e75637) lui     a2, 0x56e75
core   0: 3 0x80006a78 (0x56e75637) x12 0x56e75000
core   0: 0x80006a7c (0x018a86a3) sb      s8, 13(s5)
core   0: 3 0x80006a7c (0x018a86a3) mem 0x8001b2af 0xe4
core   0: 0x80006a80 (0x015a8123) sb      s5, 2(s5)
core   0: 3 0x80006a80 (0x015a8123) mem 0x8001b2a4 0xa2
core   0: 0x80006a84 (0x000a8e03) lb      t3, 0(s5)
core   0: 3 0x80006a84 (0x000a8e03) x28 0xffffffcc mem 0x8001b2a2
core   0: 0x80006a88 (0x016a8623) sb      s6, 12(s5)
core   0: 3 0x80006a88 (0x016a8623) mem 0x8001b2ae 0x5c
core   0: 0x80006a8c (0x019a9623) sh      s9, 12(s5)
core   0: 3 0x80006a8c (0x019a9623) mem 0x8001b2ae 0xffef
core   0: 0x80006a90 (0xfffac503) lbu     a0, -1(s5)
core   0: 3 0x80006a90 (0xfffac503) x10 0x00000019 mem 0x8001b2a1
core   0: 0x80006a94 (0xffeaac83) lw      s9, -2(s5)
core   0: 3 0x80006a94 (0xffeaac83) x25 0x2ecc199c mem 0x8001b2a0
core   0: 0x80006a98 (0x008ca8b3) slt     a7, s9, s0
core   0: 3 0x80006a98 (0x008ca8b3) x17 0x00000000
core   0: 0x80006a9c (0x00ba8883) lb      a7, 11(s5)
core   0: 3 0x80006a9c (0x00ba8883) x17 0xfffffff8 mem 0x8001b2ad
core   0: 0x80006aa0 (0xff1a8fa3) sb      a7, -1(s5)
core   0: 3 0x80006aa0 (0xff1a8fa3) mem 0x8001b2a1 0xf8
core   0: 0x80006aa4 (0x003acf03) lbu     t5, 3(s5)
core   0: 3 0x80006aa4 (0x003acf03) x30 0x00000053 mem 0x8001b2a5
core   0: 0x80006aa8 (0x004adb83) lhu     s7, 4(s5)
core   0: 3 0x80006aa8 (0x004adb83) x23 0x0000ff34 mem 0x8001b2a6
core   0: 0x80006aac (0x001ac703) lbu     a4, 1(s5)
core   0: 3 0x80006aac (0x001ac703) x14 0x0000002e mem 0x8001b2a3
core   0: 0x80006ab0 (0xfffacf03) lbu     t5, -1(s5)
core   0: 3 0x80006ab0 (0xfffacf03) x30 0x000000f8 mem 0x8001b2a1
core   0: 0x80006ab4 (0xff4a9483) lh      s1, -12(s5)
core   0: 3 0x80006ab4 (0xff4a9483) x 9 0x000075bf mem 0x8001b296
core   0: 0x80006ab8 (0xfeaa8a23) sb      a0, -12(s5)
core   0: 3 0x80006ab8 (0xfeaa8a23) mem 0x8001b296 0x19
core   0: 0x80006abc (0x0000f697) auipc   a3, 0xf
core   0: 3 0x80006abc (0x0000f697) x13 0x80015abc
core   0: 0x80006ac0 (0x53568693) addi    a3, a3, 1333
core   0: 3 0x80006ac0 (0x53568693) x13 0x80015ff1
core   0: 0x80006ac4 (0xfff6df03) lhu     t5, -1(a3)
core   0: 3 0x80006ac4 (0xfff6df03) x30 0x00007978 mem 0x80015ff0
core   0: 0x80006ac8 (0xff103617) auipc   a2, 0xff103
core   0: 3 0x80006ac8 (0xff103617) x12 0x7f109ac8
core   0: 0x80006acc (0xfea69da3) sh      a0, -5(a3)
core   0: 3 0x80006acc (0xfea69da3) mem 0x80015fec 0x0019
core   0: 0x80006ad0 (0x0066ce03) lbu     t3, 6(a3)
core   0: 3 0x80006ad0 (0x0066ce03) x28 0x00000072 mem 0x80015ff7
core   0: 0x80006ad4 (0x00668503) lb      a0, 6(a3)
core   0: 3 0x80006ad4 (0x00668503) x10 0x00000072 mem 0x80015ff7
core   0: 0x80006ad8 (0x01ce7733) and     a4, t3, t3
core   0: 3 0x80006ad8 (0x01ce7733) x14 0x00000072
core   0: 0x80006adc (0x40d45c33) sra     s8, s0, a3
core   0: 3 0x80006adc (0x40d45c33) x24 0x00000000
core   0: 0x80006ae0 (0x0066c483) lbu     s1, 6(a3)
core   0: 3 0x80006ae0 (0x0066c483) x 9 0x00000072 mem 0x80015ff7
core   0: 0x80006ae4 (0x0066c503) lbu     a0, 6(a3)
core   0: 3 0x80006ae4 (0x0066c503) x10 0x00000072 mem 0x80015ff7
core   0: 0x80006ae8 (0x00668183) lb      gp, 6(a3)
core   0: 3 0x80006ae8 (0x00668183) x 3 0x00000072 mem 0x80015ff7
core   0: 0x80006aec (0xff668f03) lb      t5, -10(a3)
core   0: 3 0x80006aec (0xff668f03) x30 0xffffffa4 mem 0x80015fe7
core   0: 0x80006af0 (0xff66c183) lbu     gp, -10(a3)
core   0: 3 0x80006af0 (0xff66c183) x 3 0x000000a4 mem 0x80015fe7
core   0: 0x80006af4 (0x01e26633) or      a2, tp, t5
core   0: 3 0x80006af4 (0x01e26633) x12 0xffffffec
core   0: 0x80006af8 (0xfe768b23) sb      t2, -10(a3)
core   0: 3 0x80006af8 (0xfe768b23) mem 0x80015fe7 0x59
core   0: 0x80006afc (0x015d71b3) and     gp, s10, s5
core   0: 3 0x80006afc (0x015d71b3) x 3 0x00003220
core   0: 0x80006b00 (0xff668c83) lb      s9, -10(a3)
core   0: 3 0x80006b00 (0xff668c83) x25 0x00000059 mem 0x80015fe7
core   0: 0x80006b04 (0xff66ca03) lbu     s4, -10(a3)
core   0: 3 0x80006b04 (0xff66ca03) x20 0x00000059 mem 0x80015fe7
core   0: 0x80006b08 (0xff668003) lb      zero, -10(a3)
core   0: 3 0x80006b08 (0xff668003) mem 0x80015fe7
core   0: 0x80006b0c (0xff66cc83) lbu     s9, -10(a3)
core   0: 3 0x80006b0c (0xff66cc83) x25 0x00000059 mem 0x80015fe7
core   0: 0x80006b10 (0xff668f83) lb      t6, -10(a3)
core   0: 3 0x80006b10 (0xff668f83) x31 0x00000059 mem 0x80015fe7
core   0: 0x80006b14 (0xff668a03) lb      s4, -10(a3)
core   0: 3 0x80006b14 (0xff668a03) x20 0x00000059 mem 0x80015fe7
core   0: 0x80006b18 (0xff968b23) sb      s9, -10(a3)
core   0: 3 0x80006b18 (0xff968b23) mem 0x80015fe7 0x59
core   0: 0x80006b1c (0xff668183) lb      gp, -10(a3)
core   0: 3 0x80006b1c (0xff668183) x 3 0x00000059 mem 0x80015fe7
core   0: 0x80006b20 (0x00012e97) auipc   t4, 0x12
core   0: 3 0x80006b20 (0x00012e97) x29 0x80018b20
core   0: 0x80006b24 (0xc25e8e93) addi    t4, t4, -987
core   0: 3 0x80006b24 (0xc25e8e93) x29 0x80018745
core   0: 0x80006b28 (0xcd1e8c23) sb      a7, -808(t4)
core   0: 3 0x80006b28 (0xcd1e8c23) mem 0x8001841d 0xf8
core   0: 0x80006b2c (0x00e63ab3) sltu    s5, a2, a4
core   0: 3 0x80006b2c (0x00e63ab3) x21 0x00000000
core   0: 0x80006b30 (0x0a8ecb83) lbu     s7, 168(t4)
core   0: 3 0x80006b30 (0x0a8ecb83) x23 0x00000072 mem 0x800187ed
core   0: 0x80006b34 (0x014a57b3) srl     a5, s4, s4
core   0: 3 0x80006b34 (0x014a57b3) x15 0x00000000
core   0: 0x80006b38 (0x0dde92a3) sh      t4, 197(t4)
core   0: 3 0x80006b38 (0x0dde92a3) mem 0x8001880a 0x8745
core   0: 0x80006b3c (0x00000013) nop
core   0: 3 0x80006b3c (0x00000013)
core   0: 0x80006b40 (0x2eae94a3) sh      a0, 745(t4)
core   0: 3 0x80006b40 (0x2eae94a3) mem 0x80018a2e 0x0072
core   0: 0x80006b44 (0xcc2ec703) lbu     a4, -830(t4)
core   0: 3 0x80006b44 (0xcc2ec703) x14 0x000000f8 mem 0x80018407
core   0: 0x80006b48 (0x0ff0000f) fence   iorw,iorw
core   0: 3 0x80006b48 (0x0ff0000f)
core   0: 0x80006b4c (0x096ec783) lbu     a5, 150(t4)
core   0: 3 0x80006b4c (0x096ec783) x15 0x0000002e mem 0x800187db
core   0: 0x80006b50 (0x5a0e8ea3) sb      zero, 1469(t4)
core   0: 3 0x80006b50 (0x5a0e8ea3) mem 0x80018d02 0x0
core   0: 0x80006b54 (0x01ac9db3) sll     s11, s9, s10
core   0: 3 0x80006b54 (0x01ac9db3) x27 0x00059000
core   0: 0x80006b58 (0xc7ae82a3) sb      s10, -923(t4)
core   0: 3 0x80006b58 (0xc7ae82a3) mem 0x800183aa 0x2c
core   0: 0x80006b5c (0x0ecec683) lbu     a3, 236(t4)
core   0: 3 0x80006b5c (0x0ecec683) x13 0x0000006a mem 0x80018831
core   0: 0x80006b60 (0xa5fedd83) lhu     s11, -1441(t4)
core   0: 3 0x80006b60 (0xa5fedd83) x27 0x00001238 mem 0x800181a4
core   0: 0x80006b64 (0x41ce8523) sb      t3, 1034(t4)
core   0: 3 0x80006b64 (0x41ce8523) mem 0x80018b4f 0x72
core   0: 0x80006b68 (0x00d32933) slt     s2, t1, a3
core   0: 3 0x80006b68 (0x00d32933) x18 0x00000001
core   0: 0x80006b6c (0x0ff0000f) fence   iorw,iorw
core   0: 3 0x80006b6c (0x0ff0000f)
core   0: 0x80006b70 (0xbcaea3a3) sw      a0, -1081(t4)
core   0: 3 0x80006b70 (0xbcaea3a3) mem 0x8001830c 0x00000072
core   0: 0x80006b74 (0x01a5b1b3) sltu    gp, a1, s10
core   0: 3 0x80006b74 (0x01a5b1b3) x 3 0x00000000
core   0: 0x80006b78 (0x54be82a3) sb      a1, 1349(t4)
core   0: 3 0x80006b78 (0x54be82a3) mem 0x80018c8a 0xe4
core   0: 0x80006b7c (0x0000100f) fence.i
core   0: 3 0x80006b7c (0x0000100f)
core   0: 0x80006b80 (0x7cae9aa3) sh      a0, 2005(t4)
core   0: 3 0x80006b80 (0x7cae9aa3) mem 0x80018f1a 0x0072
core   0: 0x80006b84 (0x0d5ece03) lbu     t3, 213(t4)
core   0: 3 0x80006b84 (0x0d5ece03) x28 0x00000016 mem 0x8001881a
core   0: 0x80006b88 (0x01f94fb3) xor     t6, s2, t6
core   0: 3 0x80006b88 (0x01f94fb3) x31 0x00000058
core   0: 0x80006b8c (0xa81e86a3) sb      ra, -1395(t4)
core   0: 3 0x80006b8c (0xa81e86a3) mem 0x800181d2 0x34
core   0: 0x80006b90 (0xef9e9c03) lh      s8, -263(t4)
core   0: 3 0x80006b90 (0xef9e9c03) x24 0x0000054e mem 0x8001863e
core   0: 0x80006b94 (0xcf2e95a3) sh      s2, -789(t4)
core   0: 3 0x80006b94 (0xcf2e95a3) mem 0x80018430 0x0001
core   0: 0x80006b98 (0x363ea083) lw      ra, 867(t4)
core   0: 3 0x80006b98 (0x363ea083) x 1 0xb7b13e7e mem 0x80018aa8
core   0: 0x80006b9c (0x014083b3) add     t2, ra, s4
core   0: 3 0x80006b9c (0x014083b3) x 7 0xb7b13ed7
core   0: 0x80006ba0 (0x405e8aa3) sb      t0, 1045(t4)
core   0: 3 0x80006ba0 (0x405e8aa3) mem 0x80018b5a 0x91
core   0: 0x80006ba4 (0xea3ea5a3) sw      gp, -341(t4)
core   0: 3 0x80006ba4 (0xea3ea5a3) mem 0x800185f0 0x00000000
core   0: 0x80006ba8 (0xdd0ec603) lbu     a2, -560(t4)
core   0: 3 0x80006ba8 (0xdd0ec603) x12 0x000000fb mem 0x80018515
core   0: 0x80006bac (0x008e8a33) add     s4, t4, s0
core   0: 3 0x80006bac (0x008e8a33) x20 0x800187a1
core   0: 0x80006bb0 (0x832e8f83) lb      t6, -1998(t4)
core   0: 3 0x80006bb0 (0x832e8f83) x31 0xffffffdc mem 0x80017f77
core   0: 0x80006bb4 (0xa65e88a3) sb      t0, -1423(t4)
core   0: 3 0x80006bb4 (0xa65e88a3) mem 0x800181b6 0x91
core   0: 0x80006bb8 (0x7e0ec703) lbu     a4, 2016(t4)
core   0: 3 0x80006bb8 (0x7e0ec703) x14 0x00000071 mem 0x80018f25
core   0: 0x80006bbc (0x3f2e8803) lb      a6, 1010(t4)
core   0: 3 0x80006bbc (0x3f2e8803) x16 0x0000002a mem 0x80018b37
core   0: 0x80006bc0 (0xe71fed13) ori     s10, t6, -399
core   0: 3 0x80006bc0 (0xe71fed13) x26 0xfffffffd
core   0: 0x80006bc4 (0x4b3e8b83) lb      s7, 1203(t4)
core   0: 3 0x80006bc4 (0x4b3e8b83) x23 0xffffff8d mem 0x80018bf8
core   0: 0x80006bc8 (0x011eddb3) srl     s11, t4, a7
core   0: 3 0x80006bc8 (0x011eddb3) x27 0x00000080
core   0: 0x80006bcc (0x1daecc83) lbu     s9, 474(t4)
core   0: 3 0x80006bcc (0x1daecc83) x25 0x000000f9 mem 0x8001891f
core   0: 0x80006bd0 (0x00016417) auipc   s0, 0x16
core   0: 3 0x80006bd0 (0x00016417) x 8 0x8001cbd0
core   0: 0x80006bd4 (0x1f340413) addi    s0, s0, 499
core   0: 3 0x80006bd4 (0x1f340413) x 8 0x8001cdc3
core   0: 0x80006bd8 (0x00840023) sb      s0, 0(s0)
core   0: 3 0x80006bd8 (0x00840023) mem 0x8001cdc3 0xc3
core   0: 0x80006bdc (0xf419fa93) andi    s5, s3, -191
core   0: 3 0x80006bdc (0xf419fa93) x21 0x00000001
core   0: 0x80006be0 (0x00840603) lb      a2, 8(s0)
core   0: 3 0x80006be0 (0x00840603) x12 0xffffffff mem 0x8001cdcb
core   0: 0x80006be4 (0x00340423) sb      gp, 8(s0)
core   0: 3 0x80006be4 (0x00340423) mem 0x8001cdcb 0x0
core   0: 0x80006be8 (0x00840883) lb      a7, 8(s0)
core   0: 3 0x80006be8 (0x00840883) x17 0x00000000 mem 0x8001cdcb
core   0: 0x80006bec (0xff945303) lhu     t1, -7(s0)
core   0: 3 0x80006bec (0xff945303) x 6 0x0000fd4a mem 0x8001cdbc
core   0: 0x80006bf0 (0xfff41e03) lh      t3, -1(s0)
core   0: 3 0x80006bf0 (0xfff41e03) x28 0xffffc388 mem 0x8001cdc2
core   0: 0x80006bf4 (0xfe940d23) sb      s1, -6(s0)
core   0: 3 0x80006bf4 (0xfe940d23) mem 0x8001cdbd 0x72
core   0: 0x80006bf8 (0x0000100f) fence.i
core   0: 3 0x80006bf8 (0x0000100f)
core   0: 0x80006bfc (0x00440023) sb      tp, 0(s0)
core   0: 3 0x80006bfc (0x00440023) mem 0x8001cdc3 0x68
core   0: 0x80006c00 (0xb0b1ba93) sltiu   s5, gp, -1269
core   0: 3 0x80006c00 (0xb0b1ba93) x21 0x00000001
core   0: 0x80006c04 (0x00040603) lb      a2, 0(s0)
core   0: 3 0x80006c04 (0x00040603) x12 0x00000068 mem 0x8001cdc3
core   0: 0x80006c08 (0x00044e83) lbu     t4, 0(s0)
core   0: 3 0x80006c08 (0x00044e83) x29 0x00000068 mem 0x8001cdc3
core   0: 0x80006c0c (0xffb41683) lh      a3, -5(s0)
core   0: 3 0x80006c0c (0xffb41683) x13 0xffffe707 mem 0x8001cdbe
core   0: 0x80006c10 (0xffe41da3) sh      t5, -5(s0)
core   0: 3 0x80006c10 (0xffe41da3) mem 0x8001cdbe 0xffa4
core   0: 0x80006c14 (0xfeb41da3) sh      a1, -5(s0)
core   0: 3 0x80006c14 (0xfeb41da3) mem 0x8001cdbe 0xece4
core   0: 0x80006c18 (0x0000f917) auipc   s2, 0xf
core   0: 3 0x80006c18 (0x0000f917) x18 0x80015c18
core   0: 0x80006c1c (0x1a390913) addi    s2, s2, 419
core   0: 3 0x80006c1c (0x1a390913) x18 0x80015dbb
core   0: 0x80006c20 (0xbc3f4093) xori    ra, t5, -1085
core   0: 3 0x80006c20 (0xbc3f4093) x 1 0x00000467
core   0: 0x80006c24 (0xfde90c83) lb      s9, -34(s2)
core   0: 3 0x80006c24 (0xfde90c83) x25 0xffffffa2 mem 0x80015d99
core   0: 0x80006c28 (0x40e15e33) sra     t3, sp, a4
core   0: 3 0x80006c28 (0x40e15e33) x28 0xffffc001
core   0: 0x80006c2c (0xfd592703) lw      a4, -43(s2)
core   0: 3 0x80006c2c (0xfd592703) x14 0x0943bb5c mem 0x80015d90
core   0: 0x80006c30 (0x016c34b3) sltu    s1, s8, s6
core   0: 3 0x80006c30 (0x016c34b3) x 9 0x00000001
core   0: 0x80006c34 (0x02190523) sb      ra, 42(s2)
core   0: 3 0x80006c34 (0x02190523) mem 0x80015de5 0x67
core   0: 0x80006c38 (0xfe690523) sb      t1, -22(s2)
core   0: 3 0x80006c38 (0xfe690523) mem 0x80015da5 0x4a
core   0: 0x80006c3c (0x402dd533) sra     a0, s11, sp
core   0: 3 0x80006c3c (0x402dd533) x10 0x00000008
core   0: 0x80006c40 (0xfc294783) lbu     a5, -62(s2)
core   0: 3 0x80006c40 (0xfc294783) x15 0x000000d5 mem 0x80015d7d
core   0: 0x80006c44 (0x01190523) sb      a7, 10(s2)
core   0: 3 0x80006c44 (0x01190523) mem 0x80015dc5 0x0
core   0: 0x80006c48 (0xfc694d83) lbu     s11, -58(s2)
core   0: 3 0x80006c48 (0xfc694d83) x27 0x00000000 mem 0x80015d81
core   0: 0x80006c4c (0xff995703) lhu     a4, -7(s2)
core   0: 3 0x80006c4c (0xff995703) x14 0x0000606b mem 0x80015db4
core   0: 0x80006c50 (0x0000100f) fence.i
core   0: 3 0x80006c50 (0x0000100f)
core   0: 0x80006c54 (0x02b91d03) lh      s10, 43(s2)
core   0: 3 0x80006c54 (0x02b91d03) x26 0xffffaf1b mem 0x80015de6
core   0: 0x80006c58 (0x001ec633) xor     a2, t4, ra
core   0: 3 0x80006c58 (0x001ec633) x12 0x0000040f
core   0: 0x80006c5c (0xfd194d03) lbu     s10, -47(s2)
core   0: 3 0x80006c5c (0xfd194d03) x26 0x00000002 mem 0x80015d8c
core   0: 0x80006c60 (0x03690623) sb      s6, 44(s2)
core   0: 3 0x80006c60 (0x03690623) mem 0x80015de7 0x5c
core   0: 0x80006c64 (0xffb91483) lh      s1, -5(s2)
core   0: 3 0x80006c64 (0xffb91483) x 9 0x00004353 mem 0x80015db6
core   0: 0x80006c68 (0x03490a83) lb      s5, 52(s2)
core   0: 3 0x80006c68 (0x03490a83) x21 0x00000048 mem 0x80015def
core   0: 0x80006c6c (0x03090d83) lb      s11, 48(s2)
core   0: 3 0x80006c6c (0x03090d83) x27 0x00000023 mem 0x80015deb
core   0: 0x80006c70 (0xfc992403) lw      s0, -55(s2)
core   0: 3 0x80006c70 (0xfc992403) x 8 0xa3ab1749 mem 0x80015d84
core   0: 0x80006c74 (0xfc1910a3) sh      ra, -63(s2)
core   0: 3 0x80006c74 (0xfc1910a3) mem 0x80015d7c 0x0467
core   0: 0x80006c78 (0x00a90723) sb      a0, 14(s2)
core   0: 3 0x80006c78 (0x00a90723) mem 0x80015dc9 0x8
core   0: 0x80006c7c (0x409a8033) sub     zero, s5, s1
core   0: 3 0x80006c7c (0x409a8033)
core   0: 0x80006c80 (0xfe190b83) lb      s7, -31(s2)
core   0: 3 0x80006c80 (0xfe190b83) x23 0x00000066 mem 0x80015d9c
core   0: 0x80006c84 (0xffd908a3) sb      t4, -15(s2)
core   0: 3 0x80006c84 (0xffd908a3) mem 0x80015dac 0x68
core   0: 0x80006c88 (0x0000100f) fence.i
core   0: 3 0x80006c88 (0x0000100f)
core   0: 0x80006c8c (0x00cd1013) slli    zero, s10, 12
core   0: 3 0x80006c8c (0x00cd1013)
core   0: 0x80006c90 (0x00000013) nop
core   0: 3 0x80006c90 (0x00000013)
core   0: 0x80006c94 (0xff391fa3) sh      s3, -1(s2)
core   0: 3 0x80006c94 (0xff391fa3) mem 0x80015dba 0x00ab
core   0: 0x80006c98 (0xff490503) lb      a0, -12(s2)
core   0: 3 0x80006c98 (0xff490503) x10 0x0000007a mem 0x80015daf
core   0: 0x80006c9c (0x03c904a3) sb      t3, 41(s2)
core   0: 3 0x80006c9c (0x03c904a3) mem 0x80015de4 0x1
core   0: 0x80006ca0 (0x02390ea3) sb      gp, 61(s2)
core   0: 3 0x80006ca0 (0x02390ea3) mem 0x80015df8 0x0
core   0: 0x80006ca4 (0x01ce2a33) slt     s4, t3, t3
core   0: 3 0x80006ca4 (0x01ce2a33) x20 0x00000000
core   0: 0x80006ca8 (0x010150b3) srl     ra, sp, a6
core   0: 3 0x80006ca8 (0x010150b3) x 1 0x002000ab
core   0: 0x80006cac (0x01f95f03) lhu     t5, 31(s2)
core   0: 3 0x80006cac (0x01f95f03) x30 0x0000d40e mem 0x80015dda
core   0: 0x80006cb0 (0x00661633) sll     a2, a2, t1
core   0: 3 0x80006cb0 (0x00661633) x12 0x00103c00
core   0: 0x80006cb4 (0x00506733) or      a4, zero, t0
core   0: 3 0x80006cb4 (0x00506733) x14 0x00003a91
core   0: 0x80006cb8 (0x01c82f33) slt     t5, a6, t3
core   0: 3 0x80006cb8 (0x01c82f33) x30 0x00000000
core   0: 0x80006cbc (0x01bbdf93) srli    t6, s7, 27
core   0: 3 0x80006cbc (0x01bbdf93) x31 0x00000000
core   0: 0x80006cc0 (0x3fc84f13) xori    t5, a6, 1020
core   0: 3 0x80006cc0 (0x3fc84f13) x30 0x000003d6
core   0: 0x80006cc4 (0x02094503) lbu     a0, 32(s2)
core   0: 3 0x80006cc4 (0x02094503) x10 0x000000d4 mem 0x80015ddb
core   0: 0x80006cc8 (0x00011917) auipc   s2, 0x11
core   0: 3 0x80006cc8 (0x00011917) x18 0x80017cc8
core   0: 0x80006ccc (0x0f990913) addi    s2, s2, 249
core   0: 3 0x80006ccc (0x0f990913) x18 0x80017dc1
core   0: 0x80006cd0 (0xffc94603) lbu     a2, -4(s2)
core   0: 3 0x80006cd0 (0xffc94603) x12 0x000000c7 mem 0x80017dbd
core   0: 0x80006cd4 (0xfe490e23) sb      tp, -4(s2)
core   0: 3 0x80006cd4 (0xfe490e23) mem 0x80017dbd 0x68
core   0: 0x80006cd8 (0xffc90503) lb      a0, -4(s2)
core   0: 3 0x80006cd8 (0xffc90503) x10 0x00000068 mem 0x80017dbd
core   0: 0x80006cdc (0xffc94783) lbu     a5, -4(s2)
core   0: 3 0x80006cdc (0xffc94783) x15 0x00000068 mem 0x80017dbd
core   0: 0x80006ce0 (0xffc90e23) sb      t3, -4(s2)
core   0: 3 0x80006ce0 (0xffc90e23) mem 0x80017dbd 0x1
core   0: 0x80006ce4 (0x0015b533) sltu    a0, a1, ra
core   0: 3 0x80006ce4 (0x0015b533) x10 0x00000000
core   0: 0x80006ce8 (0x9c687d93) andi    s11, a6, -1594
core   0: 3 0x80006ce8 (0x9c687d93) x27 0x00000002
core   0: 0x80006cec (0xffc90783) lb      a5, -4(s2)
core   0: 3 0x80006cec (0xffc90783) x15 0x00000001 mem 0x80017dbd
core   0: 0x80006cf0 (0x17ca4693) xori    a3, s4, 380
core   0: 3 0x80006cf0 (0x17ca4693) x13 0x0000017c
core   0: 0x80006cf4 (0xffc90d83) lb      s11, -4(s2)
core   0: 3 0x80006cf4 (0xffc90d83) x27 0x00000001 mem 0x80017dbd
core   0: 0x80006cf8 (0xffc90e83) lb      t4, -4(s2)
core   0: 3 0x80006cf8 (0xffc90e83) x29 0x00000001 mem 0x80017dbd
core   0: 0x80006cfc (0xffc94783) lbu     a5, -4(s2)
core   0: 3 0x80006cfc (0xffc94783) x15 0x00000001 mem 0x80017dbd
core   0: 0x80006d00 (0x00300db3) add     s11, zero, gp
core   0: 3 0x80006d00 (0x00300db3) x27 0x00000000
core   0: 0x80006d04 (0xffc90303) lb      t1, -4(s2)
core   0: 3 0x80006d04 (0xffc90303) x 6 0x00000001 mem 0x80017dbd
core   0: 0x80006d08 (0x58f0ce93) xori    t4, ra, 1423
core   0: 3 0x80006d08 (0x58f0ce93) x29 0x00200524
core   0: 0x80006d0c (0x3b098a97) auipc   s5, 0x3b098
core   0: 3 0x80006d0c (0x3b098a97) x21 0xbb09ed0c
core   0: 0x80006d10 (0xffc90983) lb      s3, -4(s2)
core   0: 3 0x80006d10 (0xffc90983) x19 0x00000001 mem 0x80017dbd
core   0: 0x80006d14 (0x0000f697) auipc   a3, 0xf
core   0: 3 0x80006d14 (0x0000f697) x13 0x80015d14
core   0: 0x80006d18 (0x2cb68693) addi    a3, a3, 715
core   0: 3 0x80006d18 (0x2cb68693) x13 0x80015fdf
core   0: 0x80006d1c (0x40b3da93) srai    s5, t2, 11
core   0: 3 0x80006d1c (0x40b3da93) x21 0xfff6f627
core   0: 0x80006d20 (0x0076c503) lbu     a0, 7(a3)
core   0: 3 0x80006d20 (0x0076c503) x10 0x00000039 mem 0x80015fe6
core   0: 0x80006d24 (0x00268703) lb      a4, 2(a3)
core   0: 3 0x80006d24 (0x00268703) x14 0xffffffea mem 0x80015fe1
core   0: 0x80006d28 (0xa25cc713) xori    a4, s9, -1499
core   0: 3 0x80006d28 (0xa25cc713) x14 0x00000587
core   0: 0x80006d2c (0x01e81a13) slli    s4, a6, 30
core   0: 3 0x80006d2c (0x01e81a13) x20 0x80000000
core   0: 0x80006d30 (0x051c2813) slti    a6, s8, 81
core   0: 3 0x80006d30 (0x051c2813) x16 0x00000000
core   0: 0x80006d34 (0x403c5913) srai    s2, s8, 3
core   0: 3 0x80006d34 (0x403c5913) x18 0x000000a9
core   0: 0x80006d38 (0x413989b3) sub     s3, s3, s3
core   0: 3 0x80006d38 (0x413989b3) x19 0x00000000
core   0: 0x80006d3c (0x00f38933) add     s2, t2, a5
core   0: 3 0x80006d3c (0x00f38933) x18 0xb7b13ed8
core   0: 0x80006d40 (0x40d8d533) sra     a0, a7, a3
core   0: 3 0x80006d40 (0x40d8d533) x10 0x00000000
core   0: 0x80006d44 (0x00a68803) lb      a6, 10(a3)
core   0: 3 0x80006d44 (0x00a68803) x16 0x0000004f mem 0x80015fe9
core   0: 0x80006d48 (0xfaad6793) ori     a5, s10, -86
core   0: 3 0x80006d48 (0xfaad6793) x15 0xffffffaa
core   0: 0x80006d4c (0xffb68e23) sb      s11, -4(a3)
core   0: 3 0x80006d4c (0xffb68e23) mem 0x80015fdb 0x0
core   0: 0x80006d50 (0xe6fab093) sltiu   ra, s5, -401
core   0: 3 0x80006d50 (0xe6fab093) x 1 0x00000001
core   0: 0x80006d54 (0x017a9bb3) sll     s7, s5, s7
core   0: 3 0x80006d54 (0x017a9bb3) x23 0xfdbd89c0
core   0: 0x80006d58 (0x41b55ab3) sra     s5, a0, s11
core   0: 3 0x80006d58 (0x41b55ab3) x21 0x00000000
core   0: 0x80006d5c (0x40538db3) sub     s11, t2, t0
core   0: 3 0x80006d5c (0x40538db3) x27 0xb7b10446
core   0: 0x80006d60 (0x00d68383) lb      t2, 13(a3)
core   0: 3 0x80006d60 (0x00d68383) x 7 0x00000019 mem 0x80015fec
core   0: 0x80006d64 (0x00d6ce83) lbu     t4, 13(a3)
core   0: 3 0x80006d64 (0x00d6ce83) x29 0x00000019 mem 0x80015fec
core   0: 0x80006d68 (0x007683a3) sb      t2, 7(a3)
core   0: 3 0x80006d68 (0x007683a3) mem 0x80015fe6 0x19
core   0: 0x80006d6c (0x229e6d93) ori     s11, t3, 553
core   0: 3 0x80006d6c (0x229e6d93) x27 0xffffc229
core   0: 0x80006d70 (0x00f84433) xor     s0, a6, a5
core   0: 3 0x80006d70 (0x00f84433) x 8 0xffffffe5
core   0: 0x80006d74 (0x00b6c983) lbu     s3, 11(a3)
core   0: 3 0x80006d74 (0x00b6c983) x19 0x000000c3 mem 0x80015fea
core   0: 0x80006d78 (0x40ad0833) sub     a6, s10, a0
core   0: 3 0x80006d78 (0x40ad0833) x16 0x00000002
core   0: 0x80006d7c (0x012cfe33) and     t3, s9, s2
core   0: 3 0x80006d7c (0x012cfe33) x28 0xb7b13e80
core   0: 0x80006d80 (0x00168983) lb      s3, 1(a3)
core   0: 3 0x80006d80 (0x00168983) x19 0x00000003 mem 0x80015fe0
core   0: 0x80006d84 (0x0ff0000f) fence   iorw,iorw
core   0: 3 0x80006d84 (0x0ff0000f)
core   0: 0x80006d88 (0x00e687a3) sb      a4, 15(a3)
core   0: 3 0x80006d88 (0x00e687a3) mem 0x80015fee 0x87
core   0: 0x80006d8c (0x7146a813) slti    a6, a3, 1812
core   0: 3 0x80006d8c (0x7146a813) x16 0x00000001
core   0: 0x80006d90 (0x00000013) nop
core   0: 3 0x80006d90 (0x00000013)
core   0: 0x80006d94 (0x00968c03) lb      s8, 9(a3)
core   0: 3 0x80006d94 (0x00968c03) x24 0xffffff9e mem 0x80015fe8
core   0: 0x80006d98 (0xbe428a93) addi    s5, t0, -1052
core   0: 3 0x80006d98 (0xbe428a93) x21 0x00003675
core   0: 0x80006d9c (0x4053d413) srai    s0, t2, 5
core   0: 3 0x80006d9c (0x4053d413) x 8 0x00000000
core   0: 0x80006da0 (0xff568603) lb      a2, -11(a3)
core   0: 3 0x80006da0 (0xff568603) x12 0x00000029 mem 0x80015fd4
core   0: 0x80006da4 (0x003682a3) sb      gp, 5(a3)
core   0: 3 0x80006da4 (0x003682a3) mem 0x80015fe4 0x0
core   0: 0x80006da8 (0x0000f817) auipc   a6, 0xf
core   0: 3 0x80006da8 (0x0000f817) x16 0x80015da8
core   0: 0x80006dac (0x13380813) addi    a6, a6, 307
core   0: 3 0x80006dac (0x13380813) x16 0x80015edb
core   0: 0x80006db0 (0x010817a3) sh      a6, 15(a6)
core   0: 3 0x80006db0 (0x010817a3) mem 0x80015eea 0x5edb
core   0: 0x80006db4 (0x00fbd8b3) srl     a7, s7, a5
core   0: 3 0x80006db4 (0x00fbd8b3) x17 0x003f6f62
core   0: 0x80006db8 (0x00d817a3) sh      a3, 15(a6)
core   0: 3 0x80006db8 (0x00d817a3) mem 0x80015eea 0x5fdf
core   0: 0x80006dbc (0x005807a3) sb      t0, 15(a6)
core   0: 3 0x80006dbc (0x005807a3) mem 0x80015eea 0x91
core   0: 0x80006dc0 (0x00f81a03) lh      s4, 15(a6)
core   0: 3 0x80006dc0 (0x00f81a03) x20 0x00005f91 mem 0x80015eea
core   0: 0x80006dc4 (0x00f81a83) lh      s5, 15(a6)
core   0: 3 0x80006dc4 (0x00f81a83) x21 0x00005f91 mem 0x80015eea
core   0: 0x80006dc8 (0x00000013) nop
core   0: 3 0x80006dc8 (0x00000013)
core   0: 0x80006dcc (0x00f81983) lh      s3, 15(a6)
core   0: 3 0x80006dcc (0x00f81983) x19 0x00005f91 mem 0x80015eea
core   0: 0x80006dd0 (0x00ec5a13) srli    s4, s8, 14
core   0: 3 0x80006dd0 (0x00ec5a13) x20 0x0003ffff
core   0: 0x80006dd4 (0x018be8b3) or      a7, s7, s8
core   0: 3 0x80006dd4 (0x018be8b3) x17 0xffffffde
core   0: 0x80006dd8 (0xd8817193) andi    gp, sp, -632
core   0: 3 0x80006dd8 (0xd8817193) x 3 0x8002ac00
core   0: 0x80006ddc (0x009817a3) sh      s1, 15(a6)
core   0: 3 0x80006ddc (0x009817a3) mem 0x80015eea 0x4353
core   0: 0x80006de0 (0x00f80f03) lb      t5, 15(a6)
core   0: 3 0x80006de0 (0x00f80f03) x30 0x00000053 mem 0x80015eea
core   0: 0x80006de4 (0xff585883) lhu     a7, -11(a6)
core   0: 3 0x80006de4 (0xff585883) x17 0x0000a077 mem 0x80015ed0
core   0: 0x80006de8 (0x1784a197) auipc   gp, 0x1784a
core   0: 3 0x80006de8 (0x1784a197) x 3 0x97850de8
core   0: 0x80006dec (0xff585903) lhu     s2, -11(a6)
core   0: 3 0x80006dec (0xff585903) x18 0x0000a077 mem 0x80015ed0
core   0: 0x80006df0 (0x0000f217) auipc   tp, 0xf
core   0: 3 0x80006df0 (0x0000f217) x 4 0x80015df0
core   0: 0x80006df4 (0x13820213) addi    tp, tp, 312
core   0: 3 0x80006df4 (0x13820213) x 4 0x80015f28
core   0: 0x80006df8 (0x00017417) auipc   s0, 0x17
core   0: 3 0x80006df8 (0x00017417) x 8 0x8001ddf8
core   0: 0x80006dfc (0x7f240413) addi    s0, s0, 2034
core   0: 3 0x80006dfc (0x7f240413) x 8 0x8001e5ea
core   0: 0x80006e00 (0x01d44c03) lbu     s8, 29(s0)
core   0: 3 0x80006e00 (0x01d44c03) x24 0x000000ee mem 0x8001e607
core   0: 0x80006e04 (0xc5b20023) sb      s11, -960(tp)
core   0: 3 0x80006e04 (0xc5b20023) mem 0x80015b68 0x29
core   0: 0x80006e08 (0x01741723) sh      s7, 14(s0)
core   0: 3 0x80006e08 (0x01741723) mem 0x8001e5f8 0x89c0
core   0: 0x80006e0c (0x8e024503) lbu     a0, -1824(tp)
core   0: 3 0x80006e0c (0x8e024503) x10 0x000000e9 mem 0x80015808
core   0: 0x80006e10 (0x03340fa3) sb      s3, 63(s0)
core   0: 3 0x80006e10 (0x03340fa3) mem 0x8001e629 0x91
core   0: 0x80006e14 (0xb2e20ea3) sb      a4, -1219(tp)
core   0: 3 0x80006e14 (0xb2e20ea3) mem 0x80015a65 0x87
core   0: 0x80006e18 (0x01e42d83) lw      s11, 30(s0)
core   0: 3 0x80006e18 (0x01e42d83) x27 0xedd02e13 mem 0x8001e608
core   0: 0x80006e1c (0xa9920003) lb      zero, -1383(tp)
core   0: 3 0x80006e1c (0xa9920003) mem 0x800159c1
core   0: 0x80006e20 (0xff241f23) sh      s2, -2(s0)
core   0: 3 0x80006e20 (0xff241f23) mem 0x8001e5e8 0xa077
core   0: 0x80006e24 (0xfe2406a3) sb      sp, -19(s0)
core   0: 3 0x80006e24 (0xfe2406a3) mem 0x8001e5d7 0x64
core   0: 0x80006e28 (0x9de21303) lh      t1, -1570(tp)
core   0: 3 0x80006e28 (0x9de21303) x 6 0xffffffe6 mem 0x80015906
core   0: 0x80006e2c (0x91d20683) lb      a3, -1763(tp)
core   0: 3 0x80006e2c (0x91d20683) x13 0x00000000 mem 0x80015845
core   0: 0x80006e30 (0xfc642503) lw      a0, -58(s0)
core   0: 3 0x80006e30 (0xfc642503) x10 0x146295f4 mem 0x8001e5b0
core   0: 0x80006e34 (0x0000fd17) auipc   s10, 0xf
core   0: 3 0x80006e34 (0x0000fd17) x26 0x80015e34
core   0: 0x80006e38 (0xd6bd0d13) addi    s10, s10, -661
core   0: 3 0x80006e38 (0xd6bd0d13) x26 0x80015b9f
core   0: 0x80006e3c (0x00012e97) auipc   t4, 0x12
core   0: 3 0x80006e3c (0x00012e97) x29 0x80018e3c
core   0: 0x80006e40 (0xa8ce8e93) addi    t4, t4, -1396
core   0: 3 0x80006e40 (0xa8ce8e93) x29 0x800188c8
core   0: 0x80006e44 (0xffce9c83) lh      s9, -4(t4)
core   0: 3 0x80006e44 (0xffce9c83) x25 0x0000673c mem 0x800188c4
core   0: 0x80006e48 (0x040d0e03) lb      t3, 64(s10)
core   0: 3 0x80006e48 (0x040d0e03) x28 0xffffffe0 mem 0x80015bdf
core   0: 0x80006e4c (0x025d2403) lw      s0, 37(s10)
core   0: 3 0x80006e4c (0x025d2403) x 8 0x2d842f75 mem 0x80015bc4
core   0: 0x80006e50 (0xffcecf03) lbu     t5, -4(t4)
core   0: 3 0x80006e50 (0xffcecf03) x30 0x0000003c mem 0x800188c4
core   0: 0x80006e54 (0x00cd0f23) sb      a2, 30(s10)
core   0: 3 0x80006e54 (0x00cd0f23) mem 0x80015bbd 0x29
core   0: 0x80006e58 (0x031d0a23) sb      a7, 52(s10)
core   0: 3 0x80006e58 (0x031d0a23) mem 0x80015bd3 0x77
core   0: 0x80006e5c (0x01bd4983) lbu     s3, 27(s10)
core   0: 3 0x80006e5c (0x01bd4983) x19 0x0000007c mem 0x80015bba
core   0: 0x80006e60 (0xffde8f03) lb      t5, -3(t4)
core   0: 3 0x80006e60 (0xffde8f03) x30 0x00000067 mem 0x800188c5
core   0: 0x80006e64 (0xffad0483) lb      s1, -6(s10)
core   0: 3 0x80006e64 (0xffad0483) x 9 0xffffff89 mem 0x80015b99
core   0: 0x80006e68 (0xff1ec203) lbu     tp, -15(t4)
core   0: 3 0x80006e68 (0xff1ec203) x 4 0x00000031 mem 0x800188b9
core   0: 0x80006e6c (0xfcdd0703) lb      a4, -51(s10)
core   0: 3 0x80006e6c (0xfcdd0703) x14 0x00000044 mem 0x80015b6c
core   0: 0x80006e70 (0xfe8d0c83) lb      s9, -24(s10)
core   0: 3 0x80006e70 (0xfe8d0c83) x25 0x0000001d mem 0x80015b87
core   0: 0x80006e74 (0xff0e8483) lb      s1, -16(t4)
core   0: 3 0x80006e74 (0xff0e8483) x 9 0x00000039 mem 0x800188b8
core   0: 0x80006e78 (0x00011f97) auipc   t6, 0x11
core   0: 3 0x80006e78 (0x00011f97) x31 0x80017e78
core   0: 0x80006e7c (0x000f8f93) mv      t6, t6
core   0: 3 0x80006e7c (0x000f8f93) x31 0x80017e78
core   0: 0x80006e80 (0x01ef8683) lb      a3, 30(t6)
core   0: 3 0x80006e80 (0x01ef8683) x13 0xffffffe7 mem 0x80017e96
core   0: 0x80006e84 (0x036f8ca3) sb      s6, 57(t6)
core   0: 3 0x80006e84 (0x036f8ca3) mem 0x80017eb1 0x5c
core   0: 0x80006e88 (0x40aa81b3) sub     gp, s5, a0
core   0: 3 0x80006e88 (0x40aa81b3) x 3 0xeb9dc99d
core   0: 0x80006e8c (0x019921b3) slt     gp, s2, s9
core   0: 3 0x80006e8c (0x019921b3) x 3 0x00000000
core   0: 0x80006e90 (0xfc9fcf03) lbu     t5, -55(t6)
core   0: 3 0x80006e90 (0xfc9fcf03) x30 0x0000004d mem 0x80017e41
core   0: 0x80006e94 (0x6fad8193) addi    gp, s11, 1786
core   0: 3 0x80006e94 (0x6fad8193) x 3 0xedd0350d
core   0: 0x80006e98 (0x00b0ebb3) or      s7, ra, a1
core   0: 3 0x80006e98 (0x00b0ebb3) x23 0x8002ece5
core   0: 0x80006e9c (0x031f8d23) sb      a7, 58(t6)
core   0: 3 0x80006e9c (0x031f8d23) mem 0x80017eb2 0x77
core   0: 0x80006ea0 (0xff3fc203) lbu     tp, -13(t6)
core   0: 3 0x80006ea0 (0xff3fc203) x 4 0x000000e2 mem 0x80017e6b
core   0: 0x80006ea4 (0x00000013) nop
core   0: 3 0x80006ea4 (0x00000013)
core   0: 0x80006ea8 (0x007f89a3) sb      t2, 19(t6)
core   0: 3 0x80006ea8 (0x007f89a3) mem 0x80017e8b 0x19
core   0: 0x80006eac (0x01ff8a03) lb      s4, 31(t6)
core   0: 3 0x80006eac (0x01ff8a03) x20 0xfffffff1 mem 0x80017e97
core   0: 0x80006eb0 (0xc4ccef13) ori     t5, s9, -948
core   0: 3 0x80006eb0 (0xc4ccef13) x30 0xfffffc5d
core   0: 0x80006eb4 (0x40298cb3) sub     s9, s3, sp
core   0: 3 0x80006eb4 (0x40298cb3) x25 0x7ffd5218
core   0: 0x80006eb8 (0xfeef8083) lb      ra, -18(t6)
core   0: 3 0x80006eb8 (0xfeef8083) x 1 0xfffffff7 mem 0x80017e66
core   0: 0x80006ebc (0x01f5a433) slt     s0, a1, t6
core   0: 3 0x80006ebc (0x01f5a433) x 8 0x00000000
core   0: 0x80006ec0 (0x00df8083) lb      ra, 13(t6)
core   0: 3 0x80006ec0 (0x00df8083) x 1 0x00000001 mem 0x80017e85
core   0: 0x80006ec4 (0x00c91a33) sll     s4, s2, a2
core   0: 3 0x80006ec4 (0x00c91a33) x20 0x0140ee00
core   0: 0x80006ec8 (0x467036b7) lui     a3, 0x46703
core   0: 3 0x80006ec8 (0x467036b7) x13 0x46703000
core   0: 0x80006ecc (0x759af993) andi    s3, s5, 1881
core   0: 3 0x80006ecc (0x759af993) x19 0x00000711
core   0: 0x80006ed0 (0xfc6f8383) lb      t2, -58(t6)
core   0: 3 0x80006ed0 (0xfc6f8383) x 7 0xffffffd2 mem 0x80017e3e
core   0: 0x80006ed4 (0x026f8b83) lb      s7, 38(t6)
core   0: 3 0x80006ed4 (0x026f8b83) x23 0xffffffd2 mem 0x80017e9e
core   0: 0x80006ed8 (0x0095d513) srli    a0, a1, 9
core   0: 3 0x80006ed8 (0x0095d513) x10 0x00400176
core   0: 0x80006edc (0x03ff8723) sb      t6, 46(t6)
core   0: 3 0x80006edc (0x03ff8723) mem 0x80017ea6 0x78
core   0: 0x80006ee0 (0xa8220013) addi    zero, tp, -1406
core   0: 3 0x80006ee0 (0xa8220013)
core   0: 0x80006ee4 (0xff3f88a3) sb      s3, -15(t6)
core   0: 3 0x80006ee4 (0xff3f88a3) mem 0x80017e69 0x11
core   0: 0x80006ee8 (0x01bc67b3) or      a5, s8, s11
core   0: 3 0x80006ee8 (0x01bc67b3) x15 0xedd02eff
core   0: 0x80006eec (0xfc1f9e23) sh      ra, -36(t6)
core   0: 3 0x80006eec (0xfc1f9e23) mem 0x80017e54 0x0001
core   0: 0x80006ef0 (0x038f9983) lh      s3, 56(t6)
core   0: 3 0x80006ef0 (0x038f9983) x19 0x00005cff mem 0x80017eb0
core   0: 0x80006ef4 (0x00ef9f23) sh      a4, 30(t6)
core   0: 3 0x80006ef4 (0x00ef9f23) mem 0x80017e96 0x0044
core   0: 0x80006ef8 (0xbcd4b497) auipc   s1, 0xbcd4b
core   0: 3 0x80006ef8 (0xbcd4b497) x 9 0x3cd51ef8
core   0: 0x80006efc (0x41abd093) srai    ra, s7, 26
core   0: 3 0x80006efc (0x41abd093) x 1 0xffffffff
core   0: 0x80006f00 (0x017ee3b3) or      t2, t4, s7
core   0: 3 0x80006f00 (0x017ee3b3) x 7 0xffffffda
core   0: 0x80006f04 (0x27812b93) slti    s7, sp, 632
core   0: 3 0x80006f04 (0x27812b93) x23 0x00000001
core   0: 0x80006f08 (0x01781d93) slli    s11, a6, 23
core   0: 3 0x80006f08 (0x01781d93) x27 0x6d800000
core   0: 0x80006f0c (0x037f89a3) sb      s7, 51(t6)
core   0: 3 0x80006f0c (0x037f89a3) mem 0x80017eab 0x1
core   0: 0x80006f10 (0x689f0f13) addi    t5, t5, 1673
core   0: 3 0x80006f10 (0x689f0f13) x30 0x000002e6
core   0: 0x80006f14 (0x00a08f33) add     t5, ra, a0
core   0: 3 0x80006f14 (0x00a08f33) x30 0x00400175
core   0: 0x80006f18 (0xfdcfad83) lw      s11, -36(t6)
core   0: 3 0x80006f18 (0xfdcfad83) x27 0x80010001 mem 0x80017e54
core   0: 0x80006f1c (0xff9f84a3) sb      s9, -23(t6)
core   0: 3 0x80006f1c (0xff9f84a3) mem 0x80017e61 0x18
core   0: 0x80006f20 (0x00988ab3) add     s5, a7, s1
core   0: 3 0x80006f20 (0x00988ab3) x21 0x3cd5bf6f
core   0: 0x80006f24 (0x01af8123) sb      s10, 2(t6)
core   0: 3 0x80006f24 (0x01af8123) mem 0x80017e7a 0x9f
core   0: 0x80006f28 (0x008fcf03) lbu     t5, 8(t6)
core   0: 3 0x80006f28 (0x008fcf03) x30 0x00000071 mem 0x80017e80
core   0: 0x80006f2c (0xfe9f8ba3) sb      s1, -9(t6)
core   0: 3 0x80006f2c (0xfe9f8ba3) mem 0x80017e6f 0xf8
core   0: 0x80006f30 (0x0ff0000f) fence   iorw,iorw
core   0: 3 0x80006f30 (0x0ff0000f)
core   0: 0x80006f34 (0xff0f8ea3) sb      a6, -3(t6)
core   0: 3 0x80006f34 (0xff0f8ea3) mem 0x80017e75 0xdb
core   0: 0x80006f38 (0x0000e397) auipc   t2, 0xe
core   0: 3 0x80006f38 (0x0000e397) x 7 0x80014f38
core   0: 0x80006f3c (0x5b938393) addi    t2, t2, 1465
core   0: 3 0x80006f3c (0x5b938393) x 7 0x800154f1
core   0: 0x80006f40 (0xf0a386a3) sb      a0, -243(t2)
core   0: 3 0x80006f40 (0xf0a386a3) mem 0x800153fe 0x76
core   0: 0x80006f44 (0xfa038b83) lb      s7, -96(t2)
core   0: 3 0x80006f44 (0xfa038b83) x23 0x00000013 mem 0x80015491
core   0: 0x80006f48 (0x0ea38f23) sb      a0, 254(t2)
core   0: 3 0x80006f48 (0x0ea38f23) mem 0x800155ef 0x76
core   0: 0x80006f4c (0xfb53d203) lhu     tp, -75(t2)
core   0: 3 0x80006f4c (0xfb53d203) x 4 0x0000fc75 mem 0x800154a6
core   0: 0x80006f50 (0xf3038283) lb      t0, -208(t2)
core   0: 3 0x80006f50 (0xf3038283) x 5 0x00000021 mem 0x80015421
core   0: 0x80006f54 (0x00538623) sb      t0, 12(t2)
core   0: 3 0x80006f54 (0x00538623) mem 0x800154fd 0x21
core   0: 0x80006f58 (0xf023cc03) lbu     s8, -254(t2)
core   0: 3 0x80006f58 (0xf023cc03) x24 0x00000023 mem 0x800153f3
core   0: 0x80006f5c (0x41d25fb3) sra     t6, tp, t4
core   0: 3 0x80006f5c (0x41d25fb3) x31 0x000000fc
core   0: 0x80006f60 (0xfda3c503) lbu     a0, -38(t2)
core   0: 3 0x80006f60 (0xfda3c503) x10 0x00000079 mem 0x800154cb
core   0: 0x80006f64 (0x0a83c003) lbu     zero, 168(t2)
core   0: 3 0x80006f64 (0x0a83c003) mem 0x80015599
core   0: 0x80006f68 (0xf1438ca3) sb      s4, -231(t2)
core   0: 3 0x80006f68 (0xf1438ca3) mem 0x8001540a 0x0
core   0: 0x80006f6c (0xfb139703) lh      a4, -79(t2)
core   0: 3 0x80006f6c (0xfb139703) x14 0xffffcb24 mem 0x800154a2
core   0: 0x80006f70 (0x0273cc03) lbu     s8, 39(t2)
core   0: 3 0x80006f70 (0x0273cc03) x24 0x00000092 mem 0x80015518
core   0: 0x80006f74 (0x01bd5eb3) srl     t4, s10, s11
core   0: 3 0x80006f74 (0x01bd5eb3) x29 0x4000adcf
core   0: 0x80006f78 (0x0463c903) lbu     s2, 70(t2)
core   0: 3 0x80006f78 (0x0463c903) x18 0x0000001f mem 0x80015537
core   0: 0x80006f7c (0xfdd3c703) lbu     a4, -35(t2)
core   0: 3 0x80006f7c (0xfdd3c703) x14 0x0000008e mem 0x800154ce
core   0: 0x80006f80 (0xf19382a3) sb      s9, -251(t2)
core   0: 3 0x80006f80 (0xf19382a3) mem 0x800153f6 0x18
core   0: 0x80006f84 (0xf5c3c883) lbu     a7, -164(t2)
core   0: 3 0x80006f84 (0xf5c3c883) x17 0x00000040 mem 0x8001544d
core   0: 0x80006f88 (0xcdeca1b7) lui     gp, 0xcdeca
core   0: 3 0x80006f88 (0xcdeca1b7) x 3 0xcdeca000
core   0: 0x80006f8c (0x409f5ab3) sra     s5, t5, s1
core   0: 3 0x80006f8c (0x409f5ab3) x21 0x00000000
core   0: 0x80006f90 (0x0a838703) lb      a4, 168(t2)
core   0: 3 0x80006f90 (0x0a838703) x14 0x0000007c mem 0x80015599
core   0: 0x80006f94 (0x9537b793) sltiu   a5, a5, -1709
core   0: 3 0x80006f94 (0x9537b793) x15 0x00000001
core   0: 0x80006f98 (0xf9f3ab83) lw      s7, -97(t2)
core   0: 3 0x80006f98 (0xf9f3ab83) x23 0xfddd13a1 mem 0x80015490
core   0: 0x80006f9c (0xe379c713) xori    a4, s3, -457
core   0: 3 0x80006f9c (0xe379c713) x14 0xffffa2c8
core   0: 0x80006fa0 (0x002f7bb3) and     s7, t5, sp
core   0: 3 0x80006fa0 (0x002f7bb3) x23 0x00000060
core   0: 0x80006fa4 (0x4e9bcf93) xori    t6, s7, 1257
core   0: 3 0x80006fa4 (0x4e9bcf93) x31 0x00000489
core   0: 0x80006fa8 (0x0293d983) lhu     s3, 41(t2)
core   0: 3 0x80006fa8 (0x0293d983) x19 0x0000ae64 mem 0x8001551a
core   0: 0x80006fac (0x0cf3cd83) lbu     s11, 207(t2)
core   0: 3 0x80006fac (0x0cf3cd83) x27 0x000000c6 mem 0x800155c0
core   0: 0x80006fb0 (0x01c502b3) add     t0, a0, t3
core   0: 3 0x80006fb0 (0x01c502b3) x 5 0x00000059
core   0: 0x80006fb4 (0x00e91e13) slli    t3, s2, 14
core   0: 3 0x80006fb4 (0x00e91e13) x28 0x0007c000
core   0: 0x80006fb8 (0xbc7dbe13) sltiu   t3, s11, -1081
core   0: 3 0x80006fb8 (0xbc7dbe13) x28 0x00000001
core   0: 0x80006fbc (0xf1338123) sb      s3, -254(t2)
core   0: 3 0x80006fbc (0xf1338123) mem 0x800153f3 0x64
core   0: 0x80006fc0 (0x06538523) sb      t0, 106(t2)
core   0: 3 0x80006fc0 (0x06538523) mem 0x8001555b 0x59
core   0: 0x80006fc4 (0x0001d817) auipc   a6, 0x1d
core   0: 3 0x80006fc4 (0x0001d817) x16 0x80023fc4
core   0: 0x80006fc8 (0xfba80813) addi    a6, a6, -70
core   0: 3 0x80006fc8 (0xfba80813) x16 0x80023f7e
core   0: 0x80006fcc (0x0000ff17) auipc   t5, 0xf
core   0: 3 0x80006fcc (0x0000ff17) x30 0x80015fcc
core   0: 0x80006fd0 (0xbacf0f13) addi    t5, t5, -1108
core   0: 3 0x80006fd0 (0xbacf0f13) x30 0x80015b78
core   0: 0x80006fd4 (0x011f02a3) sb      a7, 5(t5)
core   0: 3 0x80006fd4 (0x011f02a3) mem 0x80015b7d 0x40
core   0: 0x80006fd8 (0xff6f0923) sb      s6, -14(t5)
core   0: 3 0x80006fd8 (0xff6f0923) mem 0x80015b6a 0x5c
core   0: 0x80006fdc (0xd4984a83) lbu     s5, -695(a6)
core   0: 3 0x80006fdc (0xd4984a83) x21 0x0000001e mem 0x80023cc7
core   0: 0x80006fe0 (0xa1984903) lbu     s2, -1511(a6)
core   0: 3 0x80006fe0 (0xa1984903) x18 0x000000f2 mem 0x80023997
core   0: 0x80006fe4 (0xffcf1c83) lh      s9, -4(t5)
core   0: 3 0x80006fe4 (0xffcf1c83) x25 0x000070e2 mem 0x80015b74
core   0: 0x80006fe8 (0x1f084c03) lbu     s8, 496(a6)
core   0: 3 0x80006fe8 (0x1f084c03) x24 0x00000023 mem 0x8002416e
core   0: 0x80006fec (0xff0f2c03) lw      s8, -16(t5)
core   0: 3 0x80006fec (0xff0f2c03) x24 0xd15c8629 mem 0x80015b68
core   0: 0x80006ff0 (0xe6681703) lh      a4, -410(a6)
core   0: 3 0x80006ff0 (0xe6681703) x14 0xffff8ea2 mem 0x80023de4
core   0: 0x80006ff4 (0x08984703) lbu     a4, 137(a6)
core   0: 3 0x80006ff4 (0x08984703) x14 0x0000001c mem 0x80024007
core   0: 0x80006ff8 (0xffaf4e03) lbu     t3, -6(t5)
core   0: 3 0x80006ff8 (0xffaf4e03) x28 0x0000008a mem 0x80015b72
core   0: 0x80006ffc (0xb3d84503) lbu     a0, -1219(a6)
core   0: 3 0x80006ffc (0xb3d84503) x10 0x0000004a mem 0x80023abb
core   0: 0x80007000 (0x00019517) auipc   a0, 0x19
core   0: 3 0x80007000 (0x00019517) x10 0x80020000
core   0: 0x80007004 (0xc4250513) addi    a0, a0, -958
core   0: 3 0x80007004 (0xc4250513) x10 0x8001fc42
core   0: 0x80007008 (0xff151923) sh      a7, -14(a0)
core   0: 3 0x80007008 (0xff151923) mem 0x8001fc34 0x0040
core   0: 0x8000700c (0x0000fc97) auipc   s9, 0xf
core   0: 3 0x8000700c (0x0000fc97) x25 0x8001600c
core   0: 0x80007010 (0xad2c8c93) addi    s9, s9, -1326
core   0: 3 0x80007010 (0xad2c8c93) x25 0x80015ade
core   0: 0x80007014 (0x00ac9283) lh      t0, 10(s9)
core   0: 3 0x80007014 (0x00ac9283) x 5 0xffffadaa mem 0x80015ae8
core   0: 0x80007018 (0x00a51123) sh      a0, 2(a0)
core   0: 3 0x80007018 (0x00a51123) mem 0x8001fc44 0xfc42
core   0: 0x8000701c (0x00b54603) lbu     a2, 11(a0)
core   0: 3 0x8000701c (0x00b54603) x12 0x000000dd mem 0x8001fc4d
core   0: 0x80007020 (0xfe451923) sh      tp, -14(a0)
core   0: 3 0x80007020 (0xfe451923) mem 0x8001fc34 0xfc75
core   0: 0x80007024 (0xff452b23) sw      s4, -10(a0)
core   0: 3 0x80007024 (0xff452b23) mem 0x8001fc38 0x0140ee00
core   0: 0x80007028 (0xffaca603) lw      a2, -6(s9)
core   0: 3 0x80007028 (0xffaca603) x12 0x002feb4d mem 0x80015ad8
core   0: 0x8000702c (0x00ec9c03) lh      s8, 14(s9)
core   0: 3 0x8000702c (0x00ec9c03) x24 0xffffd515 mem 0x80015aec
core   0: 0x80007030 (0x00354c03) lbu     s8, 3(a0)
core   0: 3 0x80007030 (0x00354c03) x24 0x000000fc mem 0x8001fc45
core   0: 0x80007034 (0x00f54e83) lbu     t4, 15(a0)
core   0: 3 0x80007034 (0x00f54e83) x29 0x0000003e mem 0x8001fc51
core   0: 0x80007038 (0xff4c9923) sh      s4, -14(s9)
core   0: 3 0x80007038 (0xff4c9923) mem 0x80015ad0 0xee00
core   0: 0x8000703c (0x01351523) sh      s3, 10(a0)
core   0: 3 0x8000703c (0x01351523) mem 0x8001fc4c 0xae64
core   0: 0x80007040 (0xfffc8883) lb      a7, -1(s9)
core   0: 3 0x80007040 (0xfffc8883) x17 0x0000003d mem 0x80015add
core   0: 0x80007044 (0x01055883) lhu     a7, 16(a0)
core   0: 3 0x80007044 (0x01055883) x17 0x0000252e mem 0x8001fc52
core   0: 0x80007048 (0x0000ed97) auipc   s11, 0xe
core   0: 3 0x80007048 (0x0000ed97) x27 0x80015048
core   0: 0x8000704c (0x4b0d8d93) addi    s11, s11, 1200
core   0: 3 0x8000704c (0x4b0d8d93) x27 0x800154f8
core   0: 0x80007050 (0x41f48933) sub     s2, s1, t6
core   0: 3 0x80007050 (0x41f48933) x18 0x3cd51a6f
core   0: 0x80007054 (0x0000100f) fence.i
core   0: 3 0x80007054 (0x0000100f)
core   0: 0x80007058 (0x00000013) nop
core   0: 3 0x80007058 (0x00000013)
core   0: 0x8000705c (0x0000100f) fence.i
core   0: 3 0x8000705c (0x0000100f)
core   0: 0x80007060 (0x014a4ab3) xor     s5, s4, s4
core   0: 3 0x80007060 (0x014a4ab3) x21 0x00000000
core   0: 0x80007064 (0xfffdcd03) lbu     s10, -1(s11)
core   0: 3 0x80007064 (0xfffdcd03) x26 0x00000000 mem 0x800154f7
core   0: 0x80007068 (0x00b861b3) or      gp, a6, a1
core   0: 3 0x80007068 (0x00b861b3) x 3 0x8002fffe
core   0: 0x8000706c (0x011d85a3) sb      a7, 11(s11)
core   0: 3 0x8000706c (0x011d85a3) mem 0x80015503 0x2e
core   0: 0x80007070 (0x00bd86a3) sb      a1, 13(s11)
core   0: 3 0x80007070 (0x00bd86a3) mem 0x80015505 0xe4
core   0: 0x80007074 (0x9ee88d13) addi    s10, a7, -1554
core   0: 3 0x80007074 (0x9ee88d13) x26 0x00001f1c
core   0: 0x80007078 (0x79c98913) addi    s2, s3, 1948
core   0: 3 0x80007078 (0x79c98913) x18 0x0000b600
core   0: 0x8000707c (0x0133cfb3) xor     t6, t2, s3
core   0: 3 0x8000707c (0x0133cfb3) x31 0x8001fa95
core   0: 0x80007080 (0x009dc403) lbu     s0, 9(s11)
core   0: 3 0x80007080 (0x009dc403) x 8 0x00000005 mem 0x80015501
core   0: 0x80007084 (0xf162bd13) sltiu   s10, t0, -234
core   0: 3 0x80007084 (0xf162bd13) x26 0x00000001
core   0: 0x80007088 (0x0ff0000f) fence   iorw,iorw
core   0: 3 0x80007088 (0x0ff0000f)
core   0: 0x8000708c (0x40c35293) srai    t0, t1, 12
core   0: 3 0x8000708c (0x40c35293) x 5 0xffffffff
core   0: 0x80007090 (0x5baec513) xori    a0, t4, 1466
core   0: 3 0x80007090 (0x5baec513) x10 0x00000584
core   0: 0x80007094 (0x00952e33) slt     t3, a0, s1
core   0: 3 0x80007094 (0x00952e33) x28 0x00000001
core   0: 0x80007098 (0x00ebb9b3) sltu    s3, s7, a4
core   0: 3 0x80007098 (0x00ebb9b3) x19 0x00000000
core   0: 0x8000709c (0xffed89a3) sb      t5, -13(s11)
core   0: 3 0x8000709c (0xffed89a3) mem 0x800154eb 0x78
core   0: 0x800070a0 (0x003ae4b3) or      s1, s5, gp
core   0: 3 0x800070a0 (0x003ae4b3) x 9 0x8002fffe
core   0: 0x800070a4 (0xafb0bc93) sltiu   s9, ra, -1285
core   0: 3 0x800070a4 (0xafb0bc93) x25 0x00000000
core   0: 0x800070a8 (0x41100733) sub     a4, zero, a7
core   0: 3 0x800070a8 (0x41100733) x14 0xffffdad2
core   0: 0x800070ac (0x01ed9023) sh      t5, 0(s11)
core   0: 3 0x800070ac (0x01ed9023) mem 0x800154f8 0x5b78
core   0: 0x800070b0 (0xfe9d89a3) sb      s1, -13(s11)
core   0: 3 0x800070b0 (0xfe9d89a3) mem 0x800154eb 0xfe
core   0: 0x800070b4 (0xfe9d8aa3) sb      s1, -11(s11)
core   0: 3 0x800070b4 (0xfe9d8aa3) mem 0x800154ed 0xfe
core   0: 0x800070b8 (0x41cf5313) srai    t1, t5, 28
core   0: 3 0x800070b8 (0x41cf5313) x 6 0xfffffff8
core   0: 0x800070bc (0x008dcc83) lbu     s9, 8(s11)
core   0: 3 0x800070bc (0x008dcc83) x25 0x00000072 mem 0x80015500
core   0: 0x800070c0 (0x009d8283) lb      t0, 9(s11)
core   0: 3 0x800070c0 (0x009d8283) x 5 0x00000005 mem 0x80015501
core   0: 0x800070c4 (0x00bd8b83) lb      s7, 11(s11)
core   0: 3 0x800070c4 (0x00bd8b83) x23 0x0000002e mem 0x80015503
core   0: 0x800070c8 (0x0000ea17) auipc   s4, 0xe
core   0: 3 0x800070c8 (0x0000ea17) x20 0x800150c8
core   0: 0x800070cc (0x5cda0a13) addi    s4, s4, 1485
core   0: 3 0x800070cc (0x5cda0a13) x20 0x80015695
core   0: 0x800070d0 (0xe327c393) xori    t2, a5, -462
core   0: 3 0x800070d0 (0xe327c393) x 7 0xfffffe33
core   0: 0x800070d4 (0x49bae713) ori     a4, s5, 1179
core   0: 3 0x800070d4 (0x49bae713) x14 0x0000049b
core   0: 0x800070d8 (0x00d5d0b3) srl     ra, a1, a3
core   0: 3 0x800070d8 (0x00d5d0b3) x 1 0x8002ece4
core   0: 0x800070dc (0xcd0caf13) slti    t5, s9, -816
core   0: 3 0x800070dc (0xcd0caf13) x30 0x00000000
core   0: 0x800070e0 (0xfe0a0f23) sb      zero, -2(s4)
core   0: 3 0x800070e0 (0xfe0a0f23) mem 0x80015693 0x0
core   0: 0x800070e4 (0x41fa89b3) sub     s3, s5, t6
core   0: 3 0x800070e4 (0x41fa89b3) x19 0x7ffe056b
core   0: 0x800070e8 (0x009a0d03) lb      s10, 9(s4)
core   0: 3 0x800070e8 (0x009a0d03) x26 0x00000067 mem 0x8001569e
core   0: 0x800070ec (0xe78f3413) sltiu   s0, t5, -392
core   0: 3 0x800070ec (0xe78f3413) x 8 0x00000001
core   0: 0x800070f0 (0x00aa4d03) lbu     s10, 10(s4)
core   0: 3 0x800070f0 (0x00aa4d03) x26 0x00000000 mem 0x8001569f
core   0: 0x800070f4 (0xfeca0b23) sb      a2, -10(s4)
core   0: 3 0x800070f4 (0xfeca0b23) mem 0x8001568b 0x4d
core   0: 0x800070f8 (0x012a0023) sb      s2, 0(s4)
core   0: 3 0x800070f8 (0x012a0023) mem 0x80015695 0x0
core   0: 0x800070fc (0x005a14a3) sh      t0, 9(s4)
core   0: 3 0x800070fc (0x005a14a3) mem 0x8001569e 0x0005
core   0: 0x80007100 (0x00ca0023) sb      a2, 0(s4)
core   0: 3 0x80007100 (0x00ca0023) mem 0x80015695 0x4d
core   0: 0x80007104 (0x005dbbb3) sltu    s7, s11, t0
core   0: 3 0x80007104 (0x005dbbb3) x23 0x00000000
core   0: 0x80007108 (0x00a5b033) sltu    zero, a1, a0
core   0: 3 0x80007108 (0x00a5b033)
core   0: 0x8000710c (0xff6a4003) lbu     zero, -10(s4)
core   0: 3 0x8000710c (0xff6a4003) mem 0x8001568b
core   0: 0x80007110 (0x414ad333) sra     t1, s5, s4
core   0: 3 0x80007110 (0x414ad333) x 6 0x00000000
core   0: 0x80007114 (0x008b2233) slt     tp, s6, s0
core   0: 3 0x80007114 (0x008b2233) x 4 0x00000001
core   0: 0x80007118 (0xfffa4203) lbu     tp, -1(s4)
core   0: 3 0x80007118 (0xfffa4203) x 4 0x00000024 mem 0x80015694
core   0: 0x8000711c (0x4124dab3) sra     s5, s1, s2
core   0: 3 0x8000711c (0x4124dab3) x21 0x8002fffe
core   0: 0x80007120 (0x00541cb3) sll     s9, s0, t0
core   0: 3 0x80007120 (0x00541cb3) x25 0x00000020
core   0: 0x80007124 (0x1c86ae13) slti    t3, a3, 456
core   0: 3 0x80007124 (0x1c86ae13) x28 0x00000000
core   0: 0x80007128 (0x00330d33) add     s10, t1, gp
core   0: 3 0x80007128 (0x00330d33) x26 0x8002fffe
core   0: 0x8000712c (0xffaa0603) lb      a2, -6(s4)
core   0: 3 0x8000712c (0xffaa0603) x12 0xffffff83 mem 0x8001568f
core   0: 0x80007130 (0xfffa0c23) sb      t6, -8(s4)
core   0: 3 0x80007130 (0xfffa0c23) mem 0x8001568d 0x95
core   0: 0x80007134 (0x007a1d03) lh      s10, 7(s4)
core   0: 3 0x80007134 (0x007a1d03) x26 0xffff80fb mem 0x8001569c
core   0: 0x80007138 (0xfe9a0e23) sb      s1, -4(s4)
core   0: 3 0x80007138 (0xfe9a0e23) mem 0x80015691 0xfe
core   0: 0x8000713c (0xff9a5183) lhu     gp, -7(s4)
core   0: 3 0x8000713c (0xff9a5183) x 3 0x0000834f mem 0x8001568e
core   0: 0x80007140 (0xffca0a83) lb      s5, -4(s4)
core   0: 3 0x80007140 (0xffca0a83) x21 0xfffffffe mem 0x80015691
core   0: 0x80007144 (0xffea0183) lb      gp, -2(s4)
core   0: 3 0x80007144 (0xffea0183) x 3 0x00000000 mem 0x80015693
core   0: 0x80007148 (0x00da5c83) lhu     s9, 13(s4)
core   0: 3 0x80007148 (0x00da5c83) x25 0x00004dc8 mem 0x800156a2
core   0: 0x8000714c (0xff0a2ba3) sw      a6, -9(s4)
core   0: 3 0x8000714c (0xff0a2ba3) mem 0x8001568c 0x80023f7e
core   0: 0x80007150 (0x0000ee97) auipc   t4, 0xe
core   0: 3 0x80007150 (0x0000ee97) x29 0x80015150
core   0: 0x80007154 (0x3c4e8e93) addi    t4, t4, 964
core   0: 3 0x80007154 (0x3c4e8e93) x29 0x80015514
core   0: 0x80007158 (0x293e8ca3) sb      s3, 665(t4)
core   0: 3 0x80007158 (0x293e8ca3) mem 0x800157ad 0x6b
core   0: 0x8000715c (0x299e8f03) lb      t5, 665(t4)
core   0: 3 0x8000715c (0x299e8f03) x30 0x0000006b mem 0x800157ad
core   0: 0x80007160 (0x4d3e8d83) lb      s11, 1235(t4)
core   0: 3 0x80007160 (0x4d3e8d83) x27 0x00000002 mem 0x800159e7
core   0: 0x80007164 (0x607ea023) sw      t2, 1536(t4)
core   0: 3 0x80007164 (0x607ea023) mem 0x80015b14 0xfffffe33
core   0: 0x80007168 (0xc79eca83) lbu     s5, -903(t4)
core   0: 3 0x80007168 (0xc79eca83) x21 0x00000093 mem 0x8001518d
core   0: 0x8000716c (0xbf0e8503) lb      a0, -1040(t4)
core   0: 3 0x8000716c (0xbf0e8503) x10 0x00000029 mem 0x80015104
core   0: 0x80007170 (0x7f5e9e23) sh      s5, 2044(t4)
core   0: 3 0x80007170 (0x7f5e9e23) mem 0x80015d10 0x0093
core   0: 0x80007174 (0x6bde8c03) lb      s8, 1725(t4)
core   0: 3 0x80007174 (0x6bde8c03) x24 0xffffffa6 mem 0x80015bd1
core   0: 0x80007178 (0xef3ecd83) lbu     s11, -269(t4)
core   0: 3 0x80007178 (0xef3ecd83) x27 0x0000005b mem 0x80015407
core   0: 0x8000717c (0x4e2e86a3) sb      sp, 1261(t4)
core   0: 3 0x8000717c (0x4e2e86a3) mem 0x80015a01 0x64
core   0: 0x80007180 (0x317e8a83) lb      s5, 791(t4)
core   0: 3 0x80007180 (0x317e8a83) x21 0xffffff8f mem 0x8001582b
core   0: 0x80007184 (0x43ce8e03) lb      t3, 1084(t4)
core   0: 3 0x80007184 (0x43ce8e03) x28 0x00000040 mem 0x80015950
core   0: 0x80007188 (0x3cdb0f13) addi    t5, s6, 973
core   0: 3 0x80007188 (0x3cdb0f13) x30 0xfe61bf29
core   0: 0x8000718c (0x0c3ec203) lbu     tp, 195(t4)
core   0: 3 0x8000718c (0x0c3ec203) x 4 0x000000c7 mem 0x800155d7
core   0: 0x80007190 (0x1dee84a3) sb      t5, 457(t4)
core   0: 3 0x80007190 (0x1dee84a3) mem 0x800156dd 0x29
core   0: 0x80007194 (0xea6e85a3) sb      t1, -341(t4)
core   0: 3 0x80007194 (0xea6e85a3) mem 0x800153bf 0x0
core   0: 0x80007198 (0x0001cf97) auipc   t6, 0x1c
core   0: 3 0x80007198 (0x0001cf97) x31 0x80023198
core   0: 0x8000719c (0x4e0f8f93) addi    t6, t6, 1248
core   0: 3 0x8000719c (0x4e0f8f93) x31 0x80023678
core   0: 0x800071a0 (0xf1efdc03) lhu     s8, -226(t6)
core   0: 3 0x800071a0 (0xf1efdc03) x24 0x00001466 mem 0x80023596
core   0: 0x800071a4 (0xf1ef8a83) lb      s5, -226(t6)
core   0: 3 0x800071a4 (0xf1ef8a83) x21 0x00000066 mem 0x80023596
core   0: 0x800071a8 (0xa1efd203) lhu     tp, -1506(t6)
core   0: 3 0x800071a8 (0xa1efd203) x 4 0x00007d28 mem 0x80023096
core   0: 0x800071ac (0x9fdf8e03) lb      t3, -1539(t6)
core   0: 3 0x800071ac (0x9fdf8e03) x28 0xffffffaa mem 0x80023075
core   0: 0x800071b0 (0x9eef8ea3) sb      a4, -1539(t6)
core   0: 3 0x800071b0 (0x9eef8ea3) mem 0x80023075 0x9b
core   0: 0x800071b4 (0xbe0fd903) lhu     s2, -1056(t6)
core   0: 3 0x800071b4 (0xbe0fd903) x18 0x0000771d mem 0x80023258
core   0: 0x800071b8 (0xbe0fc803) lbu     a6, -1056(t6)
core   0: 3 0x800071b8 (0xbe0fc803) x16 0x0000001d mem 0x80023258
core   0: 0x800071bc (0x0385aa13) slti    s4, a1, 56
core   0: 3 0x800071bc (0x0385aa13) x20 0x00000001
core   0: 0x800071c0 (0x12bf87a3) sb      a1, 303(t6)
core   0: 3 0x800071c0 (0x12bf87a3) mem 0x800237a7 0xe4
core   0: 0x800071c4 (0x4b1f9223) sh      a7, 1188(t6)
core   0: 3 0x800071c4 (0x4b1f9223) mem 0x80023b1c 0x252e
core   0: 0x800071c8 (0x039f86a3) sb      s9, 45(t6)
core   0: 3 0x800071c8 (0x039f86a3) mem 0x800236a5 0xc8
core   0: 0x800071cc (0x236f9683) lh      a3, 566(t6)
core   0: 3 0x800071cc (0x236f9683) x13 0x000014e2 mem 0x800238ae
core   0: 0x800071d0 (0x009207b3) add     a5, tp, s1
core   0: 3 0x800071d0 (0x009207b3) x15 0x80037d26
core   0: 0x800071d4 (0x3b7f8403) lb      s0, 951(t6)
core   0: 3 0x800071d4 (0x3b7f8403) x 8 0x0000007a mem 0x80023a2f
core   0: 0x800071d8 (0x00ac7a33) and     s4, s8, a0
core   0: 3 0x800071d8 (0x00ac7a33) x20 0x00000020
core   0: 0x800071dc (0xb1df80a3) sb      t4, -1279(t6)
core   0: 3 0x800071dc (0xb1df80a3) mem 0x80023179 0x14
core   0: 0x800071e0 (0xf26fc803) lbu     a6, -218(t6)
core   0: 3 0x800071e0 (0xf26fc803) x16 0x000000c0 mem 0x8002359e
core   0: 0x800071e4 (0xf26fd083) lhu     ra, -218(t6)
core   0: 3 0x800071e4 (0xf26fd083) x 1 0x0000d2c0 mem 0x8002359e
core   0: 0x800071e8 (0x0d4f89a3) sb      s4, 211(t6)
core   0: 3 0x800071e8 (0x0d4f89a3) mem 0x8002374b 0x20
core   0: 0x800071ec (0x642f9e03) lh      t3, 1602(t6)
core   0: 3 0x800071ec (0x642f9e03) x28 0xffff9908 mem 0x80023cba
core   0: 0x800071f0 (0x642fdd03) lhu     s10, 1602(t6)
core   0: 3 0x800071f0 (0x642fdd03) x26 0x00009908 mem 0x80023cba
core   0: 0x800071f4 (0x00017617) auipc   a2, 0x17
core   0: 3 0x800071f4 (0x00017617) x12 0x8001e1f4
core   0: 0x800071f8 (0x5a260613) addi    a2, a2, 1442
core   0: 3 0x800071f8 (0x5a260613) x12 0x8001e796
core   0: 0x800071fc (0xffc65a03) lhu     s4, -4(a2)
core   0: 3 0x800071fc (0xffc65a03) x20 0x0000e85f mem 0x8001e792
core   0: 0x80007200 (0x02c61f23) sh      a2, 62(a2)
core   0: 3 0x80007200 (0x02c61f23) mem 0x8001e7d4 0xe796
core   0: 0x80007204 (0x034603a3) sb      s4, 39(a2)
core   0: 3 0x80007204 (0x034603a3) mem 0x8001e7bd 0x5f
core   0: 0x80007208 (0x0000100f) fence.i
core   0: 3 0x80007208 (0x0000100f)
core   0: 0x8000720c (0xfc464a03) lbu     s4, -60(a2)
core   0: 3 0x8000720c (0xfc464a03) x20 0x000000b5 mem 0x8001e75a
core   0: 0x80007210 (0x012281b3) add     gp, t0, s2
core   0: 3 0x80007210 (0x012281b3) x 3 0x00007722
core   0: 0x80007214 (0xfdd60183) lb      gp, -35(a2)
core   0: 3 0x80007214 (0xfdd60183) x 3 0xffffff97 mem 0x8001e773
core   0: 0x80007218 (0x00764083) lbu     ra, 7(a2)
core   0: 3 0x80007218 (0x00764083) x 1 0x000000a0 mem 0x8001e79d
core   0: 0x8000721c (0x01b49f33) sll     t5, s1, s11
core   0: 3 0x8000721c (0x01b49f33) x30 0xf0000000
core   0: 0x80007220 (0x403b5733) sra     a4, s6, gp
core   0: 3 0x80007220 (0x403b5733) x14 0xfffffffc
core   0: 0x80007224 (0x01c60a03) lb      s4, 28(a2)
core   0: 3 0x80007224 (0x01c60a03) x20 0xffffffd5 mem 0x8001e7b2
core   0: 0x80007228 (0xfe761b23) sh      t2, -10(a2)
core   0: 3 0x80007228 (0xfe761b23) mem 0x8001e78c 0xfe33
core   0: 0x8000722c (0x173df293) andi    t0, s11, 371
core   0: 3 0x8000722c (0x173df293) x 5 0x00000053
core   0: 0x80007230 (0x10d04e17) auipc   t3, 0x10d04
core   0: 3 0x80007230 (0x10d04e17) x28 0x90d0b230
core   0: 0x80007234 (0x00e7e533) or      a0, a5, a4
core   0: 3 0x80007234 (0x00e7e533) x10 0xfffffffe
core   0: 0x80007238 (0xd6dfe513) ori     a0, t6, -659
core   0: 3 0x80007238 (0xd6dfe513) x10 0xffffff7d
core   0: 0x8000723c (0x00bf6433) or      s0, t5, a1
core   0: 3 0x8000723c (0x00bf6433) x 8 0xf002ece4
core   0: 0x80007240 (0xfd861003) lh      zero, -40(a2)
core   0: 3 0x80007240 (0xfd861003) mem 0x8001e76e
core   0: 0x80007244 (0x0ff0000f) fence   iorw,iorw
core   0: 3 0x80007244 (0x0ff0000f)
core   0: 0x80007248 (0x01c43fb3) sltu    t6, s0, t3
core   0: 3 0x80007248 (0x01c43fb3) x31 0x00000000
core   0: 0x8000724c (0x02360a23) sb      gp, 52(a2)
core   0: 3 0x8000724c (0x02360a23) mem 0x8001e7ca 0x97
core   0: 0x80007250 (0xfd662e03) lw      t3, -42(a2)
core   0: 3 0x80007250 (0xfd662e03) x28 0xd6f9e03b mem 0x8001e76c
core   0: 0x80007254 (0x00ecf8b3) and     a7, s9, a4
core   0: 3 0x80007254 (0x00ecf8b3) x17 0x00004dc8
core   0: 0x80007258 (0x01951c33) sll     s8, a0, s9
core   0: 3 0x80007258 (0x01951c33) x24 0xffff7d00
core   0: 0x8000725c (0xfe060723) sb      zero, -18(a2)
core   0: 3 0x8000725c (0xfe060723) mem 0x8001e784 0x0
core   0: 0x80007260 (0x01d60903) lb      s2, 29(a2)
core   0: 3 0x80007260 (0x01d60903) x18 0x00000064 mem 0x8001e7b3
core   0: 0x80007264 (0xfce64c03) lbu     s8, -50(a2)
core   0: 3 0x80007264 (0xfce64c03) x24 0x0000008a mem 0x8001e764
core   0: 0x80007268 (0x404ad2b3) sra     t0, s5, tp
core   0: 3 0x80007268 (0x404ad2b3) x 5 0x00000000
core   0: 0x8000726c (0x03564f03) lbu     t5, 53(a2)
core   0: 3 0x8000726c (0x03564f03) x30 0x0000004e mem 0x8001e7cb
core   0: 0x80007270 (0x410f0f33) sub     t5, t5, a6
core   0: 3 0x80007270 (0x410f0f33) x30 0xffffff8e
core   0: 0x80007274 (0x01564e03) lbu     t3, 21(a2)
core   0: 3 0x80007274 (0x01564e03) x28 0x0000000f mem 0x8001e7ab
core   0: 0x80007278 (0xfed60b83) lb      s7, -19(a2)
core   0: 3 0x80007278 (0xfed60b83) x23 0xffffff9c mem 0x8001e783
core   0: 0x8000727c (0x012b52b3) srl     t0, s6, s2
core   0: 3 0x8000727c (0x012b52b3) x 5 0x0fe61bb5
core   0: 0x80007280 (0xfec65c03) lhu     s8, -20(a2)
core   0: 3 0x80007280 (0xfec65c03) x24 0x00009c33 mem 0x8001e782
core   0: 0x80007284 (0x01a61e23) sh      s10, 28(a2)
core   0: 3 0x80007284 (0x01a61e23) mem 0x8001e7b2 0x9908
core   0: 0x80007288 (0xfe964303) lbu     t1, -23(a2)
core   0: 3 0x80007288 (0xfe964303) x 6 0x000000aa mem 0x8001e77f
core   0: 0x8000728c (0x00260723) sb      sp, 14(a2)
core   0: 3 0x8000728c (0x00260723) mem 0x8001e7a4 0x64
core   0: 0x80007290 (0xfdc65803) lhu     a6, -36(a2)
core   0: 3 0x80007290 (0xfdc65803) x16 0x0000977a mem 0x8001e772
core   0: 0x80007294 (0x0031ed33) or      s10, gp, gp
core   0: 3 0x80007294 (0x0031ed33) x26 0xffffff97
core   0: 0x80007298 (0xfcc65003) lhu     zero, -52(a2)
core   0: 3 0x80007298 (0xfcc65003) mem 0x8001e762
core   0: 0x8000729c (0x00016497) auipc   s1, 0x16
core   0: 3 0x8000729c (0x00016497) x 9 0x8001d29c
core   0: 0x800072a0 (0x51d48493) addi    s1, s1, 1309
core   0: 3 0x800072a0 (0x51d48493) x 9 0x8001d7b9
core   0: 0x800072a4 (0x01549fa3) sh      s5, 31(s1)
core   0: 3 0x800072a4 (0x01549fa3) mem 0x8001d7d8 0x0066
core   0: 0x800072a8 (0x00000013) nop
core   0: 3 0x800072a8 (0x00000013)
core   0: 0x800072ac (0x01f4c003) lbu     zero, 31(s1)
core   0: 3 0x800072ac (0x01f4c003) mem 0x8001d7d8
core   0: 0x800072b0 (0x0084afa3) sw      s0, 31(s1)
core   0: 3 0x800072b0 (0x0084afa3) mem 0x8001d7d8 0xf002ece4
core   0: 0x800072b4 (0x01f4c083) lbu     ra, 31(s1)
core   0: 3 0x800072b4 (0x01f4c083) x 1 0x000000e4 mem 0x8001d7d8
core   0: 0x800072b8 (0xfc549603) lh      a2, -59(s1)
core   0: 3 0x800072b8 (0xfc549603) x12 0xffffa8dd mem 0x8001d77e
core   0: 0x800072bc (0xfc54cd83) lbu     s11, -59(s1)
core   0: 3 0x800072bc (0xfc54cd83) x27 0x000000dd mem 0x8001d77e
core   0: 0x800072c0 (0xfc548b83) lb      s7, -59(s1)
core   0: 3 0x800072c0 (0xfc548b83) x23 0xffffffdd mem 0x8001d77e
core   0: 0x800072c4 (0xff1489a3) sb      a7, -13(s1)
core   0: 3 0x800072c4 (0xff1489a3) mem 0x8001d7ac 0xc8
core   0: 0x800072c8 (0xff34a383) lw      t2, -13(s1)
core   0: 3 0x800072c8 (0xff34a383) x 7 0x258c2bc8 mem 0x8001d7ac
core   0: 0x800072cc (0x0ff0000f) fence   iorw,iorw
core   0: 3 0x800072cc (0x0ff0000f)
core   0: 0x800072d0 (0xa5997213) andi    tp, s2, -1447
core   0: 3 0x800072d0 (0xa5997213) x 4 0x00000040
core   0: 0x800072d4 (0xffa4c183) lbu     gp, -6(s1)
core   0: 3 0x800072d4 (0xffa4c183) x 3 0x00000069 mem 0x8001d7b3
core   0: 0x800072d8 (0xfe248d23) sb      sp, -6(s1)
core   0: 3 0x800072d8 (0xfe248d23) mem 0x8001d7b3 0x64
core   0: 0x800072dc (0xffa4c403) lbu     s0, -6(s1)
core   0: 3 0x800072dc (0xffa4c403) x 8 0x00000064 mem 0x8001d7b3
core   0: 0x800072e0 (0x00000013) nop
core   0: 3 0x800072e0 (0x00000013)
core   0: 0x800072e4 (0xffa4c603) lbu     a2, -6(s1)
core   0: 3 0x800072e4 (0xffa4c603) x12 0x00000064 mem 0x8001d7b3
core   0: 0x800072e8 (0xff448d23) sb      s4, -6(s1)
core   0: 3 0x800072e8 (0xff448d23) mem 0x8001d7b3 0xd5
core   0: 0x800072ec (0xffa4cf83) lbu     t6, -6(s1)
core   0: 3 0x800072ec (0xffa4cf83) x31 0x000000d5 mem 0x8001d7b3
core   0: 0x800072f0 (0xffa48d03) lb      s10, -6(s1)
core   0: 3 0x800072f0 (0xffa48d03) x26 0xffffffd5 mem 0x8001d7b3
core   0: 0x800072f4 (0xffa48d83) lb      s11, -6(s1)
core   0: 3 0x800072f4 (0xffa48d83) x27 0xffffffd5 mem 0x8001d7b3
core   0: 0x800072f8 (0xffa4ca03) lbu     s4, -6(s1)
core   0: 3 0x800072f8 (0xffa4ca03) x20 0x000000d5 mem 0x8001d7b3
core   0: 0x800072fc (0xe82c4a93) xori    s5, s8, -382
core   0: 3 0x800072fc (0xe82c4a93) x21 0xffff62b1
core   0: 0x80007300 (0xffa4c903) lbu     s2, -6(s1)
core   0: 3 0x80007300 (0xffa4c903) x18 0x000000d5 mem 0x8001d7b3
core   0: 0x80007304 (0x0001d417) auipc   s0, 0x1d
core   0: 3 0x80007304 (0x0001d417) x 8 0x80024304
core   0: 0x80007308 (0x63f40413) addi    s0, s0, 1599
core   0: 3 0x80007308 (0x63f40413) x 8 0x80024943
core   0: 0x8000730c (0x01cc78b3) and     a7, s8, t3
core   0: 3 0x8000730c (0x01cc78b3) x17 0x00000003
core   0: 0x80007310 (0xed6b4993) xori    s3, s6, -298
core   0: 3 0x80007310 (0xed6b4993) x19 0x019e458a
core   0: 0x80007314 (0x00d44183) lbu     gp, 13(s0)
core   0: 3 0x80007314 (0x00d44183) x 3 0x000000c8 mem 0x80024950
core   0: 0x80007318 (0x00644983) lbu     s3, 6(s0)
core   0: 3 0x80007318 (0x00644983) x19 0x0000008a mem 0x80024949
core   0: 0x8000731c (0xff745083) lhu     ra, -9(s0)
core   0: 3 0x8000731c (0xff745083) x 1 0x00002286 mem 0x8002493a
core   0: 0x80007320 (0x2c7ab713) sltiu   a4, s5, 711
core   0: 3 0x80007320 (0x2c7ab713) x14 0x00000000
core   0: 0x80007324 (0x418ed7b3) sra     a5, t4, s8
core   0: 3 0x80007324 (0x418ed7b3) x15 0xfffff000
core   0: 0x80007328 (0x40b02e13) slti    t3, zero, 1035
core   0: 3 0x80007328 (0x40b02e13) x28 0x00000001
core   0: 0x8000732c (0x9ab6f1b7) lui     gp, 0x9ab6f
core   0: 3 0x8000732c (0x9ab6f1b7) x 3 0x9ab6f000
core   0: 0x80007330 (0xf9cf01b7) lui     gp, 0xf9cf0
core   0: 3 0x80007330 (0xf9cf01b7) x 3 0xf9cf0000
core   0: 0x80007334 (0xa2910317) auipc   t1, 0xa2910
core   0: 3 0x80007334 (0xa2910317) x 6 0x22917334
core   0: 0x80007338 (0x41f28a33) sub     s4, t0, t6
core   0: 3 0x80007338 (0x41f28a33) x20 0x0fe61ae0
core   0: 0x8000733c (0xffa40383) lb      t2, -6(s0)
core   0: 3 0x8000733c (0xffa40383) x 7 0x00000030 mem 0x8002493d
core   0: 0x80007340 (0xfec40a23) sb      a2, -12(s0)
core   0: 3 0x80007340 (0xfec40a23) mem 0x80024937 0x64
core   0: 0x80007344 (0x41d0d333) sra     t1, ra, t4
core   0: 3 0x80007344 (0x41d0d333) x 6 0x00000000
core   0: 0x80007348 (0x00c6df13) srli    t5, a3, 12
core   0: 3 0x80007348 (0x00c6df13) x30 0x00000001
core   0: 0x8000734c (0xff040603) lb      a2, -16(s0)
core   0: 3 0x8000734c (0xff040603) x12 0xffffff97 mem 0x80024933
core   0: 0x80007350 (0x0093e333) or      t1, t2, s1
core   0: 3 0x80007350 (0x0093e333) x 6 0x8001d7b9
core   0: 0x80007354 (0xfea40a23) sb      a0, -12(s0)
core   0: 3 0x80007354 (0xfea40a23) mem 0x80024937 0x7d
core   0: 0x80007358 (0x4e45f493) andi    s1, a1, 1252
core   0: 3 0x80007358 (0x4e45f493) x 9 0x000004e4
core   0: 0x8000735c (0x36a86e93) ori     t4, a6, 874
core   0: 3 0x8000735c (0x36a86e93) x29 0x0000977a
core   0: 0x80007360 (0xffb40d23) sb      s11, -6(s0)
core   0: 3 0x80007360 (0xffb40d23) mem 0x8002493d 0xd5
core   0: 0x80007364 (0xff740683) lb      a3, -9(s0)
core   0: 3 0x80007364 (0xff740683) x13 0xffffff86 mem 0x8002493a
core   0: 0x80007368 (0x00040003) lb      zero, 0(s0)
core   0: 3 0x80007368 (0x00040003) mem 0x80024943
core   0: 0x8000736c (0x00444783) lbu     a5, 4(s0)
core   0: 3 0x8000736c (0x00444783) x15 0x00000036 mem 0x80024947
core   0: 0x80007370 (0x00f40723) sb      a5, 14(s0)
core   0: 3 0x80007370 (0x00f40723) mem 0x80024951 0x36
core   0: 0x80007374 (0x40245993) srai    s3, s0, 2
core   0: 3 0x80007374 (0x40245993) x19 0xe0009250
core   0: 0x80007378 (0xd5788893) addi    a7, a7, -681
core   0: 3 0x80007378 (0xd5788893) x17 0xfffffd5a
core   0: 0x8000737c (0x00141783) lh      a5, 1(s0)
core   0: 3 0x8000737c (0x00141783) x15 0xffffe979 mem 0x80024944
core   0: 0x80007380 (0xffa44783) lbu     a5, -6(s0)
core   0: 3 0x80007380 (0xffa44783) x15 0x000000d5 mem 0x8002493d
core   0: 0x80007384 (0x01a5f7b3) and     a5, a1, s10
core   0: 3 0x80007384 (0x01a5f7b3) x15 0x8002ecc4
core   0: 0x80007388 (0x00b41983) lh      s3, 11(s0)
core   0: 3 0x80007388 (0x00b41983) x19 0x00007780 mem 0x8002494e
core   0: 0x8000738c (0x00c642b3) xor     t0, a2, a2
core   0: 3 0x8000738c (0x00c642b3) x 5 0x00000000
core   0: 0x80007390 (0x00945a03) lhu     s4, 9(s0)
core   0: 3 0x80007390 (0x00945a03) x20 0x00001710 mem 0x8002494c
core   0: 0x80007394 (0x01fd9c33) sll     s8, s11, t6
core   0: 3 0x80007394 (0x01fd9c33) x24 0xfaa00000
core   0: 0x80007398 (0x00a44a83) lbu     s5, 10(s0)
core   0: 3 0x80007398 (0x00a44a83) x21 0x00000017 mem 0x8002494d
core   0: 0x8000739c (0xfe240a23) sb      sp, -12(s0)
core   0: 3 0x8000739c (0xfe240a23) mem 0x80024937 0x64
core   0: 0x800073a0 (0x004a3533) sltu    a0, s4, tp
core   0: 3 0x800073a0 (0x004a3533) x10 0x00000000
core   0: 0x800073a4 (0x00c40723) sb      a2, 14(s0)
core   0: 3 0x800073a4 (0x00c40723) mem 0x80024951 0x97
core   0: 0x800073a8 (0x00b40123) sb      a1, 2(s0)
core   0: 3 0x800073a8 (0x00b40123) mem 0x80024945 0xe4
core   0: 0x800073ac (0xff844003) lbu     zero, -8(s0)
core   0: 3 0x800073ac (0xff844003) mem 0x8002493b
core   0: 0x800073b0 (0x004406a3) sb      tp, 13(s0)
core   0: 3 0x800073b0 (0x004406a3) mem 0x80024950 0x40
core   0: 0x800073b4 (0x95de97b7) lui     a5, 0x95de9
core   0: 3 0x800073b4 (0x95de97b7) x15 0x95de9000
core   0: 0x800073b8 (0x0ff0000f) fence   iorw,iorw
core   0: 3 0x800073b8 (0x0ff0000f)
core   0: 0x800073bc (0x01a40723) sb      s10, 14(s0)
core   0: 3 0x800073bc (0x01a40723) mem 0x80024951 0xd5
core   0: 0x800073c0 (0x00c40f03) lb      t5, 12(s0)
core   0: 3 0x800073c0 (0x00c40f03) x30 0x00000077 mem 0x8002494f
core   0: 0x800073c4 (0xffa44003) lbu     zero, -6(s0)
core   0: 3 0x800073c4 (0xffa44003) mem 0x8002493d
core   0: 0x800073c8 (0x01e66d33) or      s10, a2, t5
core   0: 3 0x800073c8 (0x01e66d33) x26 0xfffffff7
core   0: 0x800073cc (0x00f31c13) slli    s8, t1, 15
core   0: 3 0x800073cc (0x00f31c13) x24 0xebdc8000
core   0: 0x800073d0 (0x00344903) lbu     s2, 3(s0)
core   0: 3 0x800073d0 (0x00344903) x18 0x00000059 mem 0x80024946
core   0: 0x800073d4 (0x009ba633) slt     a2, s7, s1
core   0: 3 0x800073d4 (0x009ba633) x12 0x00000001
core   0: 0x800073d8 (0xff944983) lbu     s3, -7(s0)
core   0: 3 0x800073d8 (0xff944983) x19 0x00000024 mem 0x8002493c
core   0: 0x800073dc (0x00141183) lh      gp, 1(s0)
core   0: 3 0x800073dc (0x00141183) x 3 0xffffe479 mem 0x80024944
core   0: 0x800073e0 (0x0000ee97) auipc   t4, 0xe
core   0: 3 0x800073e0 (0x0000ee97) x29 0x800153e0
core   0: 0x800073e4 (0x0e0e8e93) addi    t4, t4, 224
core   0: 3 0x800073e4 (0x0e0e8e93) x29 0x800154c0
core   0: 0x800073e8 (0x4ecba917) auipc   s2, 0x4ecba
core   0: 3 0x800073e8 (0x4ecba917) x18 0xcecc13e8
core   0: 0x800073ec (0xf20ead83) lw      s11, -224(t4)
core   0: 3 0x800073ec (0xf20ead83) x27 0xa5e9de0f mem 0x800153e0
core   0: 0x800073f0 (0xf20ed203) lhu     tp, -224(t4)
core   0: 3 0x800073f0 (0xf20ed203) x 4 0x0000de0f mem 0x800153e0
core   0: 0x800073f4 (0xd3ee8ca3) sb      t5, -711(t4)
core   0: 3 0x800073f4 (0xd3ee8ca3) mem 0x800151f9 0x77
core   0: 0x800073f8 (0x47c6ae13) slti    t3, a3, 1148
core   0: 3 0x800073f8 (0x47c6ae13) x28 0x00000001
core   0: 0x800073fc (0x003ef9b3) and     s3, t4, gp
core   0: 3 0x800073fc (0x003ef9b3) x19 0x80014440
core   0: 0x80007400 (0xd39ec183) lbu     gp, -711(t4)
core   0: 3 0x80007400 (0xd39ec183) x 3 0x00000077 mem 0x800151f9
core   0: 0x80007404 (0xd25e8ca3) sb      t0, -711(t4)
core   0: 3 0x80007404 (0xd25e8ca3) mem 0x800151f9 0x0
core   0: 0x80007408 (0x372e8c03) lb      s8, 882(t4)
core   0: 3 0x80007408 (0x372e8c03) x24 0xffffffad mem 0x80015832
core   0: 0x8000740c (0x372eca03) lbu     s4, 882(t4)
core   0: 3 0x8000740c (0x372eca03) x20 0x000000ad mem 0x80015832
core   0: 0x80007410 (0x372e8f03) lb      t5, 882(t4)
core   0: 3 0x80007410 (0x372e8f03) x30 0xffffffad mem 0x80015832
core   0: 0x80007414 (0x372e9483) lh      s1, 882(t4)
core   0: 3 0x80007414 (0x372e9483) x 9 0x000037ad mem 0x80015832
core   0: 0x80007418 (0x372e8403) lb      s0, 882(t4)
core   0: 3 0x80007418 (0x372e8403) x 8 0xffffffad mem 0x80015832
core   0: 0x8000741c (0x0ff0000f) fence   iorw,iorw
core   0: 3 0x8000741c (0x0ff0000f)
core   0: 0x80007420 (0x372e8f83) lb      t6, 882(t4)
core   0: 3 0x80007420 (0x372e8f83) x31 0xffffffad mem 0x80015832
core   0: 0x80007424 (0x00013997) auipc   s3, 0x13
core   0: 3 0x80007424 (0x00013997) x19 0x8001a424
core   0: 0x80007428 (0x50298993) addi    s3, s3, 1282
core   0: 3 0x80007428 (0x50298993) x19 0x8001a926
core   0: 0x8000742c (0x01a9ae03) lw      t3, 26(s3)
core   0: 3 0x8000742c (0x01a9ae03) x28 0x2eb0a426 mem 0x8001a940
core   0: 0x80007430 (0xfeb984a3) sb      a1, -23(s3)
core   0: 3 0x80007430 (0xfeb984a3) mem 0x8001a90f 0xe4
core   0: 0x80007434 (0xfe998503) lb      a0, -23(s3)
core   0: 3 0x80007434 (0xfe998503) x10 0xffffffe4 mem 0x8001a90f
core   0: 0x80007438 (0xfe99c283) lbu     t0, -23(s3)
core   0: 3 0x80007438 (0xfe99c283) x 5 0x000000e4 mem 0x8001a90f
core   0: 0x8000743c (0xfe299083) lh      ra, -30(s3)
core   0: 3 0x8000743c (0xfe299083) x 1 0xffff8083 mem 0x8001a908
core   0: 0x80007440 (0x0159c783) lbu     a5, 21(s3)
core   0: 3 0x80007440 (0x0159c783) x15 0x000000c4 mem 0x8001a93b
core   0: 0x80007444 (0x0159c503) lbu     a0, 21(s3)
core   0: 3 0x80007444 (0x0159c503) x10 0x000000c4 mem 0x8001a93b
core   0: 0x80007448 (0x0159cc03) lbu     s8, 21(s3)
core   0: 3 0x80007448 (0x0159cc03) x24 0x000000c4 mem 0x8001a93b
core   0: 0x8000744c (0x0079c403) lbu     s0, 7(s3)
core   0: 3 0x8000744c (0x0079c403) x 8 0x000000ba mem 0x8001a92d
core   0: 0x80007450 (0x00798183) lb      gp, 7(s3)
core   0: 3 0x80007450 (0x00798183) x 3 0xffffffba mem 0x8001a92d
core   0: 0x80007454 (0x02c9cd83) lbu     s11, 44(s3)
core   0: 3 0x80007454 (0x02c9cd83) x27 0x0000003a mem 0x8001a952
core   0: 0x80007458 (0x03b99623) sh      s11, 44(s3)
core   0: 3 0x80007458 (0x03b99623) mem 0x8001a952 0x003a
core   0: 0x8000745c (0x016aea33) or      s4, s5, s6
core   0: 3 0x8000745c (0x016aea33) x20 0xfe61bb5f
core   0: 0x80007460 (0x6a95b813) sltiu   a6, a1, 1705
core   0: 3 0x80007460 (0x6a95b813) x16 0x00000000
core   0: 0x80007464 (0x00498aa3) sb      tp, 21(s3)
core   0: 3 0x80007464 (0x00498aa3) mem 0x8001a93b 0xf
core   0: 0x80007468 (0x0097f033) and     zero, a5, s1
core   0: 3 0x80007468 (0x0097f033)
core   0: 0x8000746c (0x0119cf83) lbu     t6, 17(s3)
core   0: 3 0x8000746c (0x0119cf83) x31 0x00000099 mem 0x8001a937
core   0: 0x80007470 (0xff19c903) lbu     s2, -15(s3)
core   0: 3 0x80007470 (0xff19c903) x18 0x00000024 mem 0x8001a917
core   0: 0x80007474 (0x00016997) auipc   s3, 0x16
core   0: 3 0x80007474 (0x00016997) x19 0x8001d474
core   0: 0x80007478 (0xe7f98993) addi    s3, s3, -385
core   0: 3 0x80007478 (0xe7f98993) x19 0x8001d2f3
core   0: 0x8000747c (0x01cd8d33) add     s10, s11, t3
core   0: 3 0x8000747c (0x01cd8d33) x26 0x2eb0a460
core   0: 0x80007480 (0x06599d83) lh      s11, 101(s3)
core   0: 3 0x80007480 (0x06599d83) x27 0x00007833 mem 0x8001d358
core   0: 0x80007484 (0x0000100f) fence.i
core   0: 3 0x80007484 (0x0000100f)
core   0: 0x80007488 (0x01c95eb3) srl     t4, s2, t3
core   0: 3 0x80007488 (0x01c95eb3) x29 0x00000000
core   0: 0x8000748c (0x0160a933) slt     s2, ra, s6
core   0: 3 0x8000748c (0x0160a933) x18 0x00000000
core   0: 0x80007490 (0x06b98383) lb      t2, 107(s3)
core   0: 3 0x80007490 (0x06b98383) x 7 0x0000006a mem 0x8001d35e
core   0: 0x80007494 (0xf1e98e23) sb      t5, -228(s3)
core   0: 3 0x80007494 (0xf1e98e23) mem 0x8001d20f 0xad
core   0: 0x80007498 (0x0629c283) lbu     t0, 98(s3)
core   0: 3 0x80007498 (0x0629c283) x 5 0x000000ad mem 0x8001d355
core   0: 0x8000749c (0xfff98703) lb      a4, -1(s3)
core   0: 3 0x8000749c (0xfff98703) x14 0x00000026 mem 0x8001d2f2
core   0: 0x800074a0 (0x01d521b3) slt     gp, a0, t4
core   0: 3 0x800074a0 (0x01d521b3) x 3 0x00000000
core   0: 0x800074a4 (0x00a98123) sb      a0, 2(s3)
core   0: 3 0x800074a4 (0x00a98123) mem 0x8001d2f5 0xc4
core   0: 0x800074a8 (0x0bb9a0a3) sw      s11, 161(s3)
core   0: 3 0x800074a8 (0x0bb9a0a3) mem 0x8001d394 0x00007833
core   0: 0x800074ac (0x09d98223) sb      t4, 132(s3)
core   0: 3 0x800074ac (0x09d98223) mem 0x8001d377 0x0
core   0: 0x800074b0 (0xf15995a3) sh      s5, -245(s3)
core   0: 3 0x800074b0 (0xf15995a3) mem 0x8001d1fe 0x0017
core   0: 0x800074b4 (0xf2799703) lh      a4, -217(s3)
core   0: 3 0x800074b4 (0xf2799703) x14 0xffffeffc mem 0x8001d21a
core   0: 0x800074b8 (0xf839aea3) sw      gp, -99(s3)
core   0: 3 0x800074b8 (0xf839aea3) mem 0x8001d290 0x00000000
core   0: 0x800074bc (0x00415813) srli    a6, sp, 4
core   0: 3 0x800074bc (0x00415813) x16 0x08002ae6
core   0: 0x800074c0 (0x03e9cd03) lbu     s10, 62(s3)
core   0: 3 0x800074c0 (0x03e9cd03) x26 0x0000007b mem 0x8001d331
core   0: 0x800074c4 (0x02d98783) lb      a5, 45(s3)
core   0: 3 0x800074c4 (0x02d98783) x15 0xffffff80 mem 0x8001d320
core   0: 0x800074c8 (0xf0c98a23) sb      a2, -236(s3)
core   0: 3 0x800074c8 (0xf0c98a23) mem 0x8001d207 0x1
core   0: 0x800074cc (0x41655533) sra     a0, a0, s6
core   0: 3 0x800074cc (0x41655533) x10 0x00000000
core   0: 0x800074d0 (0x0136a8b3) slt     a7, a3, s3
core   0: 3 0x800074d0 (0x0136a8b3) x17 0x00000000
core   0: 0x800074d4 (0xf3598903) lb      s2, -203(s3)
core   0: 3 0x800074d4 (0xf3598903) x18 0x00000060 mem 0x8001d228
core   0: 0x800074d8 (0x018985a3) sb      s8, 11(s3)
core   0: 3 0x800074d8 (0x018985a3) mem 0x8001d2fe 0xc4
core   0: 0x800074dc (0x00c985a3) sb      a2, 11(s3)
core   0: 3 0x800074dc (0x00c985a3) mem 0x8001d2fe 0x1
core   0: 0x800074e0 (0x472c3613) sltiu   a2, s8, 1138
core   0: 3 0x800074e0 (0x472c3613) x12 0x00000001
core   0: 0x800074e4 (0x0f098e83) lb      t4, 240(s3)
core   0: 3 0x800074e4 (0x0f098e83) x29 0xffffffb8 mem 0x8001d3e3
core   0: 0x800074e8 (0xfb898323) sb      s8, -90(s3)
core   0: 3 0x800074e8 (0xfb898323) mem 0x8001d299 0xc4
core   0: 0x800074ec (0x71b13f13) sltiu   t5, sp, 1819
core   0: 3 0x800074ec (0x71b13f13) x30 0x00000000
core   0: 0x800074f0 (0x07299da3) sh      s2, 123(s3)
core   0: 3 0x800074f0 (0x07299da3) mem 0x8001d36e 0x0060
core   0: 0x800074f4 (0xfef12093) slti    ra, sp, -17
core   0: 3 0x800074f4 (0xfef12093) x 1 0x00000001
core   0: 0x800074f8 (0x0fc98c83) lb      s9, 252(s3)
core   0: 3 0x800074f8 (0x0fc98c83) x25 0xffffffde mem 0x8001d3ef
core   0: 0x800074fc (0x00000013) nop
core   0: 3 0x800074fc (0x00000013)
core   0: 0x80007500 (0x0ec98ba3) sb      a2, 247(s3)
core   0: 3 0x80007500 (0x0ec98ba3) mem 0x8001d3ea 0x1
core   0: 0x80007504 (0x00015917) auipc   s2, 0x15
core   0: 3 0x80007504 (0x00015917) x18 0x8001c504
core   0: 0x80007508 (0x49990913) addi    s2, s2, 1177
core   0: 3 0x80007508 (0x49990913) x18 0x8001c99d
core   0: 0x8000750c (0x00693833) sltu    a6, s2, t1
core   0: 3 0x8000750c (0x00693833) x16 0x00000001
core   0: 0x80007510 (0x00890f83) lb      t6, 8(s2)
core   0: 3 0x80007510 (0x00890f83) x31 0xffffffd0 mem 0x8001c9a5
core   0: 0x80007514 (0x00894383) lbu     t2, 8(s2)
core   0: 3 0x80007514 (0x00894383) x 7 0x000000d0 mem 0x8001c9a5
core   0: 0x80007518 (0xf3c97c13) andi    s8, s2, -196
core   0: 3 0x80007518 (0xf3c97c13) x24 0x8001c91c
core   0: 0x8000751c (0x899d0e93) addi    t4, s10, -1895
core   0: 3 0x8000751c (0x899d0e93) x29 0xfffff914
core   0: 0x80007520 (0x00694c03) lbu     s8, 6(s2)
core   0: 3 0x80007520 (0x00694c03) x24 0x000000ff mem 0x8001c9a3
core   0: 0x80007524 (0xffc90403) lb      s0, -4(s2)
core   0: 3 0x80007524 (0xffc90403) x 8 0xffffffb6 mem 0x8001c999
core   0: 0x80007528 (0xff995683) lhu     a3, -7(s2)
core   0: 3 0x80007528 (0xff995683) x13 0x0000ce13 mem 0x8001c996
core   0: 0x8000752c (0xff991183) lh      gp, -7(s2)
core   0: 3 0x8000752c (0xff991183) x 3 0xffffce13 mem 0x8001c996
core   0: 0x80007530 (0x00cb0333) add     t1, s6, a2
core   0: 3 0x80007530 (0x00cb0333) x 6 0xfe61bb5d
core   0: 0x80007534 (0xff994603) lbu     a2, -7(s2)
core   0: 3 0x80007534 (0xff994603) x12 0x00000013 mem 0x8001c996
core   0: 0x80007538 (0x0026d393) srli    t2, a3, 2
core   0: 3 0x80007538 (0x0026d393) x 7 0x00003384
core   0: 0x8000753c (0xffb90ea3) sb      s11, -3(s2)
core   0: 3 0x8000753c (0xffb90ea3) mem 0x8001c99a 0x33
core   0: 0x80007540 (0xffd94783) lbu     a5, -3(s2)
core   0: 3 0x80007540 (0xffd94783) x15 0x00000033 mem 0x8001c99a
core   0: 0x80007544 (0xffd91d83) lh      s11, -3(s2)
core   0: 3 0x80007544 (0xffd91d83) x27 0x00000833 mem 0x8001c99a
core   0: 0x80007548 (0x0000f817) auipc   a6, 0xf
core   0: 3 0x80007548 (0x0000f817) x16 0x80016548
core   0: 0x8000754c (0x8e380813) addi    a6, a6, -1821
core   0: 3 0x8000754c (0x8e380813) x16 0x80015e2b
core   0: 0x80007550 (0x01835513) srli    a0, t1, 24
core   0: 3 0x80007550 (0x01835513) x10 0x000000fe
core   0: 0x80007554 (0x00d80f03) lb      t5, 13(a6)
core   0: 3 0x80007554 (0x00d80f03) x30 0xffffffa1 mem 0x80015e38
core   0: 0x80007558 (0x00bd7a33) and     s4, s10, a1
core   0: 3 0x80007558 (0x00bd7a33) x20 0x00000060
core   0: 0x8000755c (0x007a4f33) xor     t5, s4, t2
core   0: 3 0x8000755c (0x007a4f33) x30 0x000033e4
core   0: 0x80007560 (0x00880503) lb      a0, 8(a6)
core   0: 3 0x80007560 (0x00880503) x10 0x00000077 mem 0x80015e33
core   0: 0x80007564 (0x008814a3) sh      s0, 9(a6)
core   0: 3 0x80007564 (0x008814a3) mem 0x80015e34 0xffb6
core   0: 0x80007568 (0x410adf93) srai    t6, s5, 16
core   0: 3 0x80007568 (0x410adf93) x31 0x00000000
core   0: 0x8000756c (0xff280383) lb      t2, -14(a6)
core   0: 3 0x8000756c (0xff280383) x 7 0xffffff8f mem 0x80015e1d
core   0: 0x80007570 (0x01b0d713) srli    a4, ra, 27
core   0: 3 0x80007570 (0x01b0d713) x14 0x00000000
core   0: 0x80007574 (0xb5c9f0b7) lui     ra, 0xb5c9f
core   0: 3 0x80007574 (0xb5c9f0b7) x 1 0xb5c9f000
core   0: 0x80007578 (0x0ff0000f) fence   iorw,iorw
core   0: 3 0x80007578 (0x0ff0000f)
core   0: 0x8000757c (0xfff80683) lb      a3, -1(a6)
core   0: 3 0x8000757c (0xfff80683) x13 0x00000031 mem 0x80015e2a
core   0: 0x80007580 (0x01a24933) xor     s2, tp, s10
core   0: 3 0x80007580 (0x01a24933) x18 0x0000de74
core   0: 0x80007584 (0x0ff0000f) fence   iorw,iorw
core   0: 3 0x80007584 (0x0ff0000f)
core   0: 0x80007588 (0x0163ba33) sltu    s4, t2, s6
core   0: 3 0x80007588 (0x0163ba33) x20 0x00000000
core   0: 0x8000758c (0x0000100f) fence.i
core   0: 3 0x8000758c (0x0000100f)
core   0: 0x80007590 (0x00af9bb3) sll     s7, t6, a0
core   0: 3 0x80007590 (0x00af9bb3) x23 0x00000000
core   0: 0x80007594 (0x40abde13) srai    t3, s7, 10
core   0: 3 0x80007594 (0x40abde13) x28 0x00000000
core   0: 0x80007598 (0xff780d83) lb      s11, -9(a6)
core   0: 3 0x80007598 (0xff780d83) x27 0x00000000 mem 0x80015e22
core   0: 0x8000759c (0xff684903) lbu     s2, -10(a6)
core   0: 3 0x8000759c (0xff684903) x18 0x00000000 mem 0x80015e21
core   0: 0x800075a0 (0x0000100f) fence.i
core   0: 3 0x800075a0 (0x0000100f)
core   0: 0x800075a4 (0x0ff0000f) fence   iorw,iorw
core   0: 3 0x800075a4 (0x0ff0000f)
core   0: 0x800075a8 (0x0ff0000f) fence   iorw,iorw
core   0: 3 0x800075a8 (0x0ff0000f)
core   0: 0x800075ac (0x00e91e33) sll     t3, s2, a4
core   0: 3 0x800075ac (0x00e91e33) x28 0x00000000
core   0: 0x800075b0 (0xffe80383) lb      t2, -2(a6)
core   0: 3 0x800075b0 (0xffe80383) x 7 0xffffffb1 mem 0x80015e29
core   0: 0x800075b4 (0x00984a03) lbu     s4, 9(a6)
core   0: 3 0x800075b4 (0x00984a03) x20 0x000000b6 mem 0x80015e34
core   0: 0x800075b8 (0x00582783) lw      a5, 5(a6)
core   0: 3 0x800075b8 (0x00582783) x15 0x77a5a120 mem 0x80015e30
core   0: 0x800075bc (0x00de1413) slli    s0, t3, 13
core   0: 3 0x800075bc (0x00de1413) x 8 0x00000000
core   0: 0x800075c0 (0xff780303) lb      t1, -9(a6)
core   0: 3 0x800075c0 (0xff780303) x 6 0x00000000 mem 0x80015e22
core   0: 0x800075c4 (0x0000f297) auipc   t0, 0xf
core   0: 3 0x800075c4 (0x0000f297) x 5 0x800165c4
core   0: 0x800075c8 (0x92228293) addi    t0, t0, -1758
core   0: 3 0x800075c8 (0x92228293) x 5 0x80015ee6
core   0: 0x800075cc (0x0000ea97) auipc   s5, 0xe
core   0: 3 0x800075cc (0x0000ea97) x21 0x800155cc
core   0: 0x800075d0 (0x69ba8a93) addi    s5, s5, 1691
core   0: 3 0x800075d0 (0x69ba8a93) x21 0x80015c67
core   0: 0x800075d4 (0xfe4acd03) lbu     s10, -28(s5)
core   0: 3 0x800075d4 (0xfe4acd03) x26 0x00000014 mem 0x80015c4b
core   0: 0x800075d8 (0xb6f28603) lb      a2, -1169(t0)
core   0: 3 0x800075d8 (0xb6f28603) x12 0x00000054 mem 0x80015a55
core   0: 0x800075dc (0x0000f197) auipc   gp, 0xf
core   0: 3 0x800075dc (0x0000f197) x 3 0x800165dc
core   0: 0x800075e0 (0xa5418193) addi    gp, gp, -1452
core   0: 3 0x800075e0 (0xa5418193) x 3 0x80016030
core   0: 0x800075e4 (0xfde18e83) lb      t4, -34(gp)
core   0: 3 0x800075e4 (0xfde18e83) x29 0xffffffee mem 0x8001600e
core   0: 0x800075e8 (0xfffad883) lhu     a7, -1(s5)
core   0: 3 0x800075e8 (0xfffad883) x17 0x00002f8f mem 0x80015c66
core   0: 0x800075ec (0x93829083) lh      ra, -1736(t0)
core   0: 3 0x800075ec (0x93829083) x 1 0xffffd0d8 mem 0x8001581e
core   0: 0x800075f0 (0x0000fc97) auipc   s9, 0xf
core   0: 3 0x800075f0 (0x0000fc97) x25 0x800165f0
core   0: 0x800075f4 (0x988c8c93) addi    s9, s9, -1656
core   0: 3 0x800075f4 (0x988c8c93) x25 0x80015f78
core   0: 0x800075f8 (0xfe6a8c03) lb      s8, -26(s5)
core   0: 3 0x800075f8 (0xfe6a8c03) x24 0xffffffd1 mem 0x80015c4d
core   0: 0x800075fc (0x85628f83) lb      t6, -1962(t0)
core   0: 3 0x800075fc (0x85628f83) x31 0x00000039 mem 0x8001573c
core   0: 0x80007600 (0x021a8503) lb      a0, 33(s5)
core   0: 3 0x80007600 (0x021a8503) x10 0xffffff9b mem 0x80015c88
core   0: 0x80007604 (0x01ac9123) sh      s10, 2(s9)
core   0: 3 0x80007604 (0x01ac9123) mem 0x80015f7a 0x0014
core   0: 0x80007608 (0x01b180a3) sb      s11, 1(gp)
core   0: 3 0x80007608 (0x01b180a3) mem 0x80016031 0x0
core   0: 0x8000760c (0x00618aa3) sb      t1, 21(gp)
core   0: 3 0x8000760c (0x00618aa3) mem 0x80016045 0x0
core   0: 0x80007610 (0xff6c9483) lh      s1, -10(s9)
core   0: 3 0x80007610 (0xff6c9483) x 9 0x00004c5c mem 0x80015f6e
core   0: 0x80007614 (0xfee1cd83) lbu     s11, -18(gp)
core   0: 3 0x80007614 (0xfee1cd83) x27 0x000000d8 mem 0x8001601e
core   0: 0x80007618 (0x8f629523) sh      s6, -1814(t0)
core   0: 3 0x80007618 (0x8f629523) mem 0x800157d0 0xbb5c
core   0: 0x8000761c (0x003cc803) lbu     a6, 3(s9)
core   0: 3 0x8000761c (0x003cc803) x16 0x00000000 mem 0x80015f7b
core   0: 0x80007620 (0xff31c403) lbu     s0, -13(gp)
core   0: 3 0x80007620 (0xff31c403) x 8 0x000000ff mem 0x80016023
core   0: 0x80007624 (0xf4928323) sb      s1, -186(t0)
core   0: 3 0x80007624 (0xf4928323) mem 0x80015e2c 0x5c
core   0: 0x80007628 (0xfe8ac783) lbu     a5, -24(s5)
core   0: 3 0x80007628 (0xfe8ac783) x15 0x000000c4 mem 0x80015c4f
core   0: 0x8000762c (0xfe4c88a3) sb      tp, -15(s9)
core   0: 3 0x8000762c (0xfe4c88a3) mem 0x80015f69 0xf
core   0: 0x80007630 (0xb3928483) lb      s1, -1223(t0)
core   0: 3 0x80007630 (0xb3928483) x 9 0x00000059 mem 0x80015a1f
core   0: 0x80007634 (0xff6cc403) lbu     s0, -10(s9)
core   0: 3 0x80007634 (0xff6cc403) x 8 0x0000005c mem 0x80015f6e
core   0: 0x80007638 (0xfd818aa3) sb      s8, -43(gp)
core   0: 3 0x80007638 (0xfd818aa3) mem 0x80016005 0xd1
core   0: 0x8000763c (0xff718483) lb      s1, -9(gp)
core   0: 3 0x8000763c (0xff718483) x 9 0x0000005c mem 0x80016027
core   0: 0x80007640 (0x13728e83) lb      t4, 311(t0)
core   0: 3 0x80007640 (0x13728e83) x29 0xfffffff1 mem 0x8001601d
core   0: 0x80007644 (0x037a81a3) sb      s7, 35(s5)
core   0: 3 0x80007644 (0x037a81a3) mem 0x80015c8a 0x0
core   0: 0x80007648 (0xfeaacb83) lbu     s7, -22(s5)
core   0: 3 0x80007648 (0xfeaacb83) x23 0x0000004f mem 0x80015c51
core   0: 0x8000764c (0xfe7c8923) sb      t2, -14(s9)
core   0: 3 0x8000764c (0xfe7c8923) mem 0x80015f6a 0xb1
core   0: 0x80007650 (0xfc2ac803) lbu     a6, -62(s5)
core   0: 3 0x80007650 (0xfc2ac803) x16 0x000000ea mem 0x80015c29
core   0: 0x80007654 (0xeaf28483) lb      s1, -337(t0)
core   0: 3 0x80007654 (0xeaf28483) x 9 0x00000001 mem 0x80015d95
core   0: 0x80007658 (0xff5ccc03) lbu     s8, -11(s9)
core   0: 3 0x80007658 (0xff5ccc03) x24 0x00000013 mem 0x80015f6d
core   0: 0x8000765c (0xd30289a3) sb      a6, -717(t0)
core   0: 3 0x8000765c (0xd30289a3) mem 0x80015c19 0xea
core   0: 0x80007660 (0xff0c9903) lh      s2, -16(s9)
core   0: 3 0x80007660 (0xff0c9903) x18 0x00000f42 mem 0x80015f68
core   0: 0x80007664 (0xfe6c89a3) sb      t1, -13(s9)
core   0: 3 0x80007664 (0xfe6c89a3) mem 0x80015f6b 0x0
core   0: 0x80007668 (0xfebac483) lbu     s1, -21(s5)
core   0: 3 0x80007668 (0xfebac483) x 9 0x0000006a mem 0x80015c52
core   0: 0x8000766c (0x011a96a3) sh      a7, 13(s5)
core   0: 3 0x8000766c (0x011a96a3) mem 0x80015c74 0x2f8f
core   0: 0x80007670 (0xff3cc803) lbu     a6, -13(s9)
core   0: 3 0x80007670 (0xff3cc803) x16 0x00000000 mem 0x80015f6b
core   0: 0x80007674 (0x01218223) sb      s2, 4(gp)
core   0: 3 0x80007674 (0x01218223) mem 0x80016034 0x42
core   0: 0x80007678 (0x0e028e23) sb      zero, 252(t0)
core   0: 3 0x80007678 (0x0e028e23) mem 0x80015fe2 0x0
core   0: 0x8000767c (0x0000ea17) auipc   s4, 0xe
core   0: 3 0x8000767c (0x0000ea17) x20 0x8001567c
core   0: 0x80007680 (0x54ba0a13) addi    s4, s4, 1355
core   0: 3 0x80007680 (0x54ba0a13) x20 0x80015bc7
core   0: 0x80007684 (0x00018d17) auipc   s10, 0x18
core   0: 3 0x80007684 (0x00018d17) x26 0x8001f684
core   0: 0x80007688 (0xaa2d0d13) addi    s10, s10, -1374
core   0: 3 0x80007688 (0xaa2d0d13) x26 0x8001f126
core   0: 0x8000768c (0x0acd0f03) lb      t5, 172(s10)
core   0: 3 0x8000768c (0x0acd0f03) x30 0x0000000d mem 0x8001f1d2
core   0: 0x80007690 (0x0a1a0e23) sb      ra, 188(s4)
core   0: 3 0x80007690 (0x0a1a0e23) mem 0x80015c83 0xd8
core   0: 0x80007694 (0xa82a4d83) lbu     s11, -1406(s4)
core   0: 3 0x80007694 (0xa82a4d83) x27 0x000000f1 mem 0x80015649
core   0: 0x80007698 (0xf95d4f83) lbu     t6, -107(s10)
core   0: 3 0x80007698 (0xf95d4f83) x31 0x00000057 mem 0x8001f0bb
core   0: 0x8000769c (0x07ca4603) lbu     a2, 124(s4)
core   0: 3 0x8000769c (0x07ca4603) x12 0x0000004d mem 0x80015c43
core   0: 0x800076a0 (0xfcad5f83) lhu     t6, -54(s10)
core   0: 3 0x800076a0 (0xfcad5f83) x31 0x0000e431 mem 0x8001f0f0
core   0: 0x800076a4 (0x063d4403) lbu     s0, 99(s10)
core   0: 3 0x800076a4 (0x063d4403) x 8 0x000000bc mem 0x8001f189
core   0: 0x800076a8 (0x948a4f83) lbu     t6, -1720(s4)
core   0: 3 0x800076a8 (0x948a4f83) x31 0x0000000f mem 0x8001550f
core   0: 0x800076ac (0xe74a4a83) lbu     s5, -396(s4)
core   0: 3 0x800076ac (0xe74a4a83) x21 0x00000007 mem 0x80015a3b
core   0: 0x800076b0 (0xfe6d1683) lh      a3, -26(s10)
core   0: 3 0x800076b0 (0xfe6d1683) x13 0xffffcbc9 mem 0x8001f10c
core   0: 0x800076b4 (0xe31a0d23) sb      a7, -454(s4)
core   0: 3 0x800076b4 (0xe31a0d23) mem 0x80015a01 0x8f
core   0: 0x800076b8 (0xfa9d0703) lb      a4, -87(s10)
core   0: 3 0x800076b8 (0xfa9d0703) x14 0x00000028 mem 0x8001f0cf
core   0: 0x800076bc (0x96ea4283) lbu     t0, -1682(s4)
core   0: 3 0x800076bc (0x96ea4283) x 5 0x00000091 mem 0x80015535
core   0: 0x800076c0 (0x432a18a3) sh      s2, 1073(s4)
core   0: 3 0x800076c0 (0x432a18a3) mem 0x80015ff8 0x0f42
core   0: 0x800076c4 (0x08cd1303) lh      t1, 140(s10)
core   0: 3 0x800076c4 (0x08cd1303) x 6 0xffff841b mem 0x8001f1b2
core   0: 0x800076c8 (0x428a0783) lb      a5, 1064(s4)
core   0: 3 0x800076c8 (0x428a0783) x15 0x00000036 mem 0x80015fef
core   0: 0x800076cc (0xff5a2883) lw      a7, -11(s4)
core   0: 3 0x800076cc (0xff5a2883) x17 0xac4c292d mem 0x80015bbc
core   0: 0x800076d0 (0x02ad0423) sb      a0, 40(s10)
core   0: 3 0x800076d0 (0x02ad0423) mem 0x8001f14e 0x9b
core   0: 0x800076d4 (0x0001cf97) auipc   t6, 0x1c
core   0: 3 0x800076d4 (0x0001cf97) x31 0x800236d4
core   0: 0x800076d8 (0x5fcf8f93) addi    t6, t6, 1532
core   0: 3 0x800076d8 (0x5fcf8f93) x31 0x80023cd0
core   0: 0x800076dc (0x403454b3) sra     s1, s0, gp
core   0: 3 0x800076dc (0x403454b3) x 9 0x00000000
core   0: 0x800076e0 (0x01ff9823) sh      t6, 16(t6)
core   0: 3 0x800076e0 (0x01ff9823) mem 0x80023ce0 0x3cd0
core   0: 0x800076e4 (0xfe8f8fa3) sb      s0, -1(t6)
core   0: 3 0x800076e4 (0xfe8f8fa3) mem 0x80023ccf 0xbc
core   0: 0x800076e8 (0x014f9123) sh      s4, 2(t6)
core   0: 3 0x800076e8 (0x014f9123) mem 0x80023cd2 0x5bc7
core   0: 0x800076ec (0xda9c7817) auipc   a6, 0xda9c7
core   0: 3 0x800076ec (0xda9c7817) x16 0x5a9ce6ec
core   0: 0x800076f0 (0x0184b533) sltu    a0, s1, s8
core   0: 3 0x800076f0 (0x0184b533) x10 0x00000001
core   0: 0x800076f4 (0xff8f8983) lb      s3, -8(t6)
core   0: 3 0x800076f4 (0xff8f8983) x19 0x00000042 mem 0x80023cc8
core   0: 0x800076f8 (0x0088d913) srli    s2, a7, 8
core   0: 3 0x800076f8 (0x0088d913) x18 0x00ac4c29
core   0: 0x800076fc (0xd6a59797) auipc   a5, 0xd6a59
core   0: 3 0x800076fc (0xd6a59797) x15 0x56a606fc
core   0: 0x80007700 (0xff1fc983) lbu     s3, -15(t6)
core   0: 3 0x80007700 (0xff1fc983) x19 0x00000032 mem 0x80023cc1
core   0: 0x80007704 (0x019860b3) or      ra, a6, s9
core   0: 3 0x80007704 (0x019860b3) x 1 0xda9dfffc
core   0: 0x80007708 (0xf5828613) addi    a2, t0, -168
core   0: 3 0x80007708 (0xf5828613) x12 0xffffffe9
core   0: 0x8000770c (0x010f9603) lh      a2, 16(t6)
core   0: 3 0x8000770c (0x010f9603) x12 0x00003cd0 mem 0x80023ce0
core   0: 0x80007710 (0xffffce03) lbu     t3, -1(t6)
core   0: 3 0x80007710 (0xffffce03) x28 0x000000bc mem 0x80023ccf
core   0: 0x80007714 (0xffefd703) lhu     a4, -2(t6)
core   0: 3 0x80007714 (0xffefd703) x14 0x0000bcac mem 0x80023cce
core   0: 0x80007718 (0xff2fd483) lhu     s1, -14(t6)
core   0: 3 0x80007718 (0xff2fd483) x 9 0x0000e241 mem 0x80023cc2
core   0: 0x8000771c (0x010f9223) sh      a6, 4(t6)
core   0: 3 0x8000771c (0x010f9223) mem 0x80023cd4 0xe6ec
core   0: 0x80007720 (0x00165313) srli    t1, a2, 1
core   0: 3 0x80007720 (0x00165313) x 6 0x00001e68
core   0: 0x80007724 (0x00000013) nop
core   0: 3 0x80007724 (0x00000013)
core   0: 0x80007728 (0x00e25eb3) srl     t4, tp, a4
core   0: 3 0x80007728 (0x00e25eb3) x29 0x0000000d
core   0: 0x8000772c (0xffbf88a3) sb      s11, -15(t6)
core   0: 3 0x8000772c (0xffbf88a3) mem 0x80023cc1 0xf1
core   0: 0x80007730 (0x0ff0000f) fence   iorw,iorw
core   0: 3 0x80007730 (0x0ff0000f)
core   0: 0x80007734 (0x00df9523) sh      a3, 10(t6)
core   0: 3 0x80007734 (0x00df9523) mem 0x80023cda 0xcbc9
core   0: 0x80007738 (0x001f8d83) lb      s11, 1(t6)
core   0: 3 0x80007738 (0x001f8d83) x27 0x00000000 mem 0x80023cd1
core   0: 0x8000773c (0xffafd183) lhu     gp, -6(t6)
core   0: 3 0x8000773c (0xffafd183) x 3 0x000070c5 mem 0x80023cca
core   0: 0x80007740 (0xffdf8923) sb      t4, -14(t6)
core   0: 3 0x80007740 (0xffdf8923) mem 0x80023cc2 0xd
core   0: 0x80007744 (0x00df8623) sb      a3, 12(t6)
core   0: 3 0x80007744 (0x00df8623) mem 0x80023cdc 0xc9
core   0: 0x80007748 (0x00215f13) srli    t5, sp, 2
core   0: 3 0x80007748 (0x00215f13) x30 0x2000ab99
core   0: 0x8000774c (0x86e16417) auipc   s0, 0x86e16
core   0: 3 0x8000774c (0x86e16417) x 8 0x06e1d74c
core   0: 0x80007750 (0x016e41b3) xor     gp, t3, s6
core   0: 3 0x80007750 (0x016e41b3) x 3 0xfe61bbe0
core   0: 0x80007754 (0x0003cf33) xor     t5, t2, zero
core   0: 3 0x80007754 (0x0003cf33) x30 0xffffffb1
core   0: 0x80007758 (0x009f83a3) sb      s1, 7(t6)
core   0: 3 0x80007758 (0x009f83a3) mem 0x80023cd7 0x41
core   0: 0x8000775c (0x007fc503) lbu     a0, 7(t6)
core   0: 3 0x8000775c (0x007fc503) x10 0x00000041 mem 0x80023cd7
core   0: 0x80007760 (0x009f8983) lb      s3, 9(t6)
core   0: 3 0x80007760 (0x009f8983) x19 0x00000024 mem 0x80023cd9
core   0: 0x80007764 (0x00000013) nop
core   0: 3 0x80007764 (0x00000013)
core   0: 0x80007768 (0x001f9823) sh      ra, 16(t6)
core   0: 3 0x80007768 (0x001f9823) mem 0x80023ce0 0xfffc
core   0: 0x8000776c (0x001f8703) lb      a4, 1(t6)
core   0: 3 0x8000776c (0x001f8703) x14 0x00000000 mem 0x80023cd1
core   0: 0x80007770 (0xeead8017) auipc   zero, 0xeead8
core   0: 3 0x80007770 (0xeead8017)
core   0: 0x80007774 (0x006ba3b3) slt     t2, s7, t1
core   0: 3 0x80007774 (0x006ba3b3) x 7 0x00000001
core   0: 0x80007778 (0x007fc383) lbu     t2, 7(t6)
core   0: 3 0x80007778 (0x007fc383) x 7 0x00000041 mem 0x80023cd7
core   0: 0x8000777c (0xdc40b717) auipc   a4, 0xdc40b
core   0: 3 0x8000777c (0xdc40b717) x14 0x5c41277c
core   0: 0x80007780 (0xff5fca83) lbu     s5, -11(t6)
core   0: 3 0x80007780 (0xff5fca83) x21 0x000000bf mem 0x80023cc5
core   0: 0x80007784 (0x0000e717) auipc   a4, 0xe
core   0: 3 0x80007784 (0x0000e717) x14 0x80015784
core   0: 0x80007788 (0x3f870713) addi    a4, a4, 1016
core   0: 3 0x80007788 (0x3f870713) x14 0x80015b7c
core   0: 0x8000778c (0xfe270a03) lb      s4, -30(a4)
core   0: 3 0x8000778c (0xfe270a03) x20 0xffffffb4 mem 0x80015b5e
core   0: 0x80007790 (0xfe274883) lbu     a7, -30(a4)
core   0: 3 0x80007790 (0xfe274883) x17 0x000000b4 mem 0x80015b5e
core   0: 0x80007794 (0xfe270483) lb      s1, -30(a4)
core   0: 3 0x80007794 (0xfe270483) x 9 0xffffffb4 mem 0x80015b5e
core   0: 0x80007798 (0x00000013) nop
core   0: 3 0x80007798 (0x00000013)
core   0: 0x8000779c (0xfe470123) sb      tp, -30(a4)
core   0: 3 0x8000779c (0xfe470123) mem 0x80015b5e 0xf
core   0: 0x800077a0 (0x02b74003) lbu     zero, 43(a4)
core   0: 3 0x800077a0 (0x02b74003) mem 0x80015ba7
core   0: 0x800077a4 (0x02b70b83) lb      s7, 43(a4)
core   0: 3 0x800077a4 (0x02b70b83) x23 0xfffffffa mem 0x80015ba7
core   0: 0x800077a8 (0x02b74503) lbu     a0, 43(a4)
core   0: 3 0x800077a8 (0x02b74503) x10 0x000000fa mem 0x80015ba7
core   0: 0x800077ac (0x02b70783) lb      a5, 43(a4)
core   0: 3 0x800077ac (0x02b70783) x15 0xfffffffa mem 0x80015ba7
core   0: 0x800077b0 (0x021705a3) sb      ra, 43(a4)
core   0: 3 0x800077b0 (0x021705a3) mem 0x80015ba7 0xfc
core   0: 0x800077b4 (0x0042d833) srl     a6, t0, tp
core   0: 3 0x800077b4 (0x0042d833) x16 0x00000000
core   0: 0x800077b8 (0x02b70d03) lb      s10, 43(a4)
core   0: 3 0x800077b8 (0x02b70d03) x26 0xfffffffc mem 0x80015ba7
core   0: 0x800077bc (0x01df0633) add     a2, t5, t4
core   0: 3 0x800077bc (0x01df0633) x12 0xffffffbe
core   0: 0x800077c0 (0x02b74783) lbu     a5, 43(a4)
core   0: 3 0x800077c0 (0x02b74783) x15 0x000000fc mem 0x80015ba7
core   0: 0x800077c4 (0x02b74e83) lbu     t4, 43(a4)
core   0: 3 0x800077c4 (0x02b74e83) x29 0x000000fc mem 0x80015ba7
core   0: 0x800077c8 (0x02b74303) lbu     t1, 43(a4)
core   0: 3 0x800077c8 (0x02b74303) x 6 0x000000fc mem 0x80015ba7
core   0: 0x800077cc (0x02b70183) lb      gp, 43(a4)
core   0: 3 0x800077cc (0x02b70183) x 3 0xfffffffc mem 0x80015ba7
core   0: 0x800077d0 (0x02b705a3) sb      a1, 43(a4)
core   0: 3 0x800077d0 (0x02b705a3) mem 0x80015ba7 0xe4
core   0: 0x800077d4 (0x00d29f93) slli    t6, t0, 13
core   0: 3 0x800077d4 (0x00d29f93) x31 0x00122000
core   0: 0x800077d8 (0x415bdfb3) sra     t6, s7, s5
core   0: 3 0x800077d8 (0x415bdfb3) x31 0xffffffff
core   0: 0x800077dc (0x02b74403) lbu     s0, 43(a4)
core   0: 3 0x800077dc (0x02b74403) x 8 0x000000e4 mem 0x80015ba7
core   0: 0x800077e0 (0x00274f03) lbu     t5, 2(a4)
core   0: 3 0x800077e0 (0x00274f03) x30 0x00000018 mem 0x80015b7e
core   0: 0x800077e4 (0x00274a03) lbu     s4, 2(a4)
core   0: 3 0x800077e4 (0x00274a03) x20 0x00000018 mem 0x80015b7e
core   0: 0x800077e8 (0x00016717) auipc   a4, 0x16
core   0: 3 0x800077e8 (0x00016717) x14 0x8001d7e8
core   0: 0x800077ec (0x50f70713) addi    a4, a4, 1295
core   0: 3 0x800077ec (0x50f70713) x14 0x8001dcf7
core   0: 0x800077f0 (0xff274683) lbu     a3, -14(a4)
core   0: 3 0x800077f0 (0xff274683) x13 0x000000cd mem 0x8001dce9
core   0: 0x800077f4 (0x01970323) sb      s9, 6(a4)
core   0: 3 0x800077f4 (0x01970323) mem 0x8001dcfd 0x78
core   0: 0x800077f8 (0x00670603) lb      a2, 6(a4)
core   0: 3 0x800077f8 (0x00670603) x12 0x00000078 mem 0x8001dcfd
core   0: 0x800077fc (0x00e74403) lbu     s0, 14(a4)
core   0: 3 0x800077fc (0x00e74403) x 8 0x000000be mem 0x8001dd05
core   0: 0x80007800 (0x00d6df33) srl     t5, a3, a3
core   0: 3 0x80007800 (0x00d6df33) x30 0x00000000
core   0: 0x80007804 (0x5b786f93) ori     t6, a6, 1463
core   0: 3 0x80007804 (0x5b786f93) x31 0x000005b7
core   0: 0x80007808 (0x00e70c03) lb      s8, 14(a4)
core   0: 3 0x80007808 (0x00e70c03) x24 0xffffffbe mem 0x8001dd05
core   0: 0x8000780c (0x00571183) lh      gp, 5(a4)
core   0: 3 0x8000780c (0x00571183) x 3 0x000078c1 mem 0x8001dcfc
core   0: 0x80007810 (0x00470383) lb      t2, 4(a4)
core   0: 3 0x80007810 (0x00470383) x 7 0x0000001d mem 0x8001dcfb
core   0: 0x80007814 (0x01a48233) add     tp, s1, s10
core   0: 3 0x80007814 (0x01a48233) x 4 0xffffffb0
core   0: 0x80007818 (0x00474d83) lbu     s11, 4(a4)
core   0: 3 0x80007818 (0x00474d83) x27 0x0000001d mem 0x8001dcfb
core   0: 0x8000781c (0xff870683) lb      a3, -8(a4)
core   0: 3 0x8000781c (0xff870683) x13 0xffffffcc mem 0x8001dcef
core   0: 0x80007820 (0x40878f33) sub     t5, a5, s0
core   0: 3 0x80007820 (0x40878f33) x30 0x0000003e
core   0: 0x80007824 (0xff870b83) lb      s7, -8(a4)
core   0: 3 0x80007824 (0xff870b83) x23 0xffffffcc mem 0x8001dcef
core   0: 0x80007828 (0xff172a03) lw      s4, -15(a4)
core   0: 3 0x80007828 (0xff172a03) x20 0xbb87cd71 mem 0x8001dce8
core   0: 0x8000782c (0xff170003) lb      zero, -15(a4)
core   0: 3 0x8000782c (0xff170003) mem 0x8001dce8
core   0: 0x80007830 (0xfe4708a3) sb      tp, -15(a4)
core   0: 3 0x80007830 (0xfe4708a3) mem 0x8001dce8 0xb0
core   0: 0x80007834 (0x0078beb3) sltu    t4, a7, t2
core   0: 3 0x80007834 (0x0078beb3) x29 0x00000000
core   0: 0x80007838 (0x00041d13) slli    s10, s0, 0
core   0: 3 0x80007838 (0x00041d13) x26 0x000000be
core   0: 0x8000783c (0xff174003) lbu     zero, -15(a4)
core   0: 3 0x8000783c (0xff174003) mem 0x8001dce8
core   0: 0x80007840 (0xfe8728a3) sw      s0, -15(a4)
core   0: 3 0x80007840 (0xfe8728a3) mem 0x8001dce8 0x000000be
core   0: 0x80007844 (0xff171783) lh      a5, -15(a4)
core   0: 3 0x80007844 (0xff171783) x15 0x000000be mem 0x8001dce8
core   0: 0x80007848 (0x007fc533) xor     a0, t6, t2
core   0: 3 0x80007848 (0x007fc533) x10 0x000005aa
core   0: 0x8000784c (0xffb708a3) sb      s11, -15(a4)
core   0: 3 0x8000784c (0xffb708a3) mem 0x8001dce8 0x1d
core   0: 0x80007850 (0x0000ee17) auipc   t3, 0xe
core   0: 3 0x80007850 (0x0000ee17) x28 0x80015850
core   0: 0x80007854 (0x22ee0e13) addi    t3, t3, 558
core   0: 3 0x80007854 (0x22ee0e13) x28 0x80015a7e
core   0: 0x80007858 (0x00ddd913) srli    s2, s11, 13
core   0: 3 0x80007858 (0x00ddd913) x18 0x00000000
core   0: 0x8000785c (0x1dfe4383) lbu     t2, 479(t3)
core   0: 3 0x8000785c (0x1dfe4383) x 7 0x000000e9 mem 0x80015c5d
core   0: 0x80007860 (0x019713b3) sll     t2, a4, s9
core   0: 3 0x80007860 (0x019713b3) x 7 0xf7000000
core   0: 0x80007864 (0x1dfe4483) lbu     s1, 479(t3)
core   0: 3 0x80007864 (0x1dfe4483) x 9 0x000000e9 mem 0x80015c5d
core   0: 0x80007868 (0x1dfe4283) lbu     t0, 479(t3)
core   0: 3 0x80007868 (0x1dfe4283) x 5 0x000000e9 mem 0x80015c5d
core   0: 0x8000786c (0x488e0da3) sb      s0, 1179(t3)
core   0: 3 0x8000786c (0x488e0da3) mem 0x80015f19 0xbe
core   0: 0x80007870 (0x41b95993) srai    s3, s2, 27
core   0: 3 0x80007870 (0x41b95993) x19 0x00000000
core   0: 0x80007874 (0x9cbe0603) lb      a2, -1589(t3)
core   0: 3 0x80007874 (0x9cbe0603) x12 0xffffffc8 mem 0x80015449
core   0: 0x80007878 (0x4f8e4c03) lbu     s8, 1272(t3)
core   0: 3 0x80007878 (0x4f8e4c03) x24 0x00000005 mem 0x80015f76
core   0: 0x8000787c (0x2efe06a3) sb      a5, 749(t3)
core   0: 3 0x8000787c (0x2efe06a3) mem 0x80015d6b 0xbe
core   0: 0x80007880 (0x995e09a3) sb      s5, -1645(t3)
core   0: 3 0x80007880 (0x995e09a3) mem 0x80015411 0xbf
core   0: 0x80007884 (0x389e0a03) lb      s4, 905(t3)
core   0: 3 0x80007884 (0x389e0a03) x20 0x00000051 mem 0x80015e07
core   0: 0x80007888 (0x389e4803) lbu     a6, 905(t3)
core   0: 3 0x80007888 (0x389e4803) x16 0x00000051 mem 0x80015e07
core   0: 0x8000788c (0xdc5e4a83) lbu     s5, -571(t3)
core   0: 3 0x8000788c (0xdc5e4a83) x21 0x000000b6 mem 0x80015843
core   0: 0x80007890 (0x00011697) auipc   a3, 0x11
core   0: 3 0x80007890 (0x00011697) x13 0x80018890
core   0: 0x80007894 (0x59c68693) addi    a3, a3, 1436
core   0: 3 0x80007894 (0x59c68693) x13 0x80018e2c
core   0: 0x80007898 (0x0dd68a03) lb      s4, 221(a3)
core   0: 3 0x80007898 (0x0dd68a03) x20 0x00000073 mem 0x80018f09
core   0: 0x8000789c (0x0496c503) lbu     a0, 73(a3)
core   0: 3 0x8000789c (0x0496c503) x10 0x0000005a mem 0x80018e75
core   0: 0x800078a0 (0x04968503) lb      a0, 73(a3)
core   0: 3 0x800078a0 (0x04968503) x10 0x0000005a mem 0x80018e75
core   0: 0x800078a4 (0x051684a3) sb      a7, 73(a3)
core   0: 3 0x800078a4 (0x051684a3) mem 0x80018e75 0xb4
core   0: 0x800078a8 (0x04b684a3) sb      a1, 73(a3)
core   0: 3 0x800078a8 (0x04b684a3) mem 0x80018e75 0xe4
core   0: 0x800078ac (0xf246ac83) lw      s9, -220(a3)
core   0: 3 0x800078ac (0xf246ac83) x25 0x8ddb3630 mem 0x80018d50
core   0: 0x800078b0 (0xffb68a03) lb      s4, -5(a3)
core   0: 3 0x800078b0 (0xffb68a03) x20 0xffffffc9 mem 0x80018e27
core   0: 0x800078b4 (0x40dad913) srai    s2, s5, 13
core   0: 3 0x800078b4 (0x40dad913) x18 0x00000000
core   0: 0x800078b8 (0xffb6cd03) lbu     s10, -5(a3)
core   0: 3 0x800078b8 (0xffb6cd03) x26 0x000000c9 mem 0x80018e27
core   0: 0x800078bc (0xffb68703) lb      a4, -5(a3)
core   0: 3 0x800078bc (0xffb68703) x14 0xffffffc9 mem 0x80018e27
core   0: 0x800078c0 (0x0ff0000f) fence   iorw,iorw
core   0: 3 0x800078c0 (0x0ff0000f)
core   0: 0x800078c4 (0x413bd033) sra     zero, s7, s3
core   0: 3 0x800078c4 (0x413bd033)
core   0: 0x800078c8 (0x41cb08b3) sub     a7, s6, t3
core   0: 3 0x800078c8 (0x41cb08b3) x17 0x7e6060de
core   0: 0x800078cc (0x00b829b3) slt     s3, a6, a1
core   0: 3 0x800078cc (0x00b829b3) x19 0x00000000
core   0: 0x800078d0 (0x0000100f) fence.i
core   0: 3 0x800078d0 (0x0000100f)
core   0: 0x800078d4 (0xff168da3) sb      a7, -5(a3)
core   0: 3 0x800078d4 (0xff168da3) mem 0x80018e27 0xde
core   0: 0x800078d8 (0xfee68da3) sb      a4, -5(a3)
core   0: 3 0x800078d8 (0xfee68da3) mem 0x80018e27 0xc9
core   0: 0x800078dc (0x040686a3) sb      zero, 77(a3)
core   0: 3 0x800078dc (0x040686a3) mem 0x80018e79 0x0
core   0: 0x800078e0 (0xff06d803) lhu     a6, -16(a3)
core   0: 3 0x800078e0 (0xff06d803) x16 0x0000b4ed mem 0x80018e1c
core   0: 0x800078e4 (0x010e53b3) srl     t2, t3, a6
core   0: 3 0x800078e4 (0x010e53b3) x 7 0x0004000a
core   0: 0x800078e8 (0x0cf69223) sh      a5, 196(a3)
core   0: 3 0x800078e8 (0x0cf69223) mem 0x80018ef0 0x00be
core   0: 0x800078ec (0x0c468983) lb      s3, 196(a3)
core   0: 3 0x800078ec (0x0c468983) x19 0xffffffbe mem 0x80018ef0
core   0: 0x800078f0 (0x0c469083) lh      ra, 196(a3)
core   0: 3 0x800078f0 (0x0c469083) x 1 0x000000be mem 0x80018ef0
core   0: 0x800078f4 (0x00019797) auipc   a5, 0x19
core   0: 3 0x800078f4 (0x00019797) x15 0x800208f4
core   0: 0x800078f8 (0x0d778793) addi    a5, a5, 215
core   0: 3 0x800078f8 (0x0d778793) x15 0x800209cb
core   0: 0x800078fc (0x4126d4b3) sra     s1, a3, s2
core   0: 3 0x800078fc (0x4126d4b3) x 9 0x80018e2c
core   0: 0x80007900 (0xbbee5c37) lui     s8, 0xbbee5
core   0: 3 0x80007900 (0xbbee5c37) x24 0xbbee5000
core   0: 0x80007904 (0x41a086b3) sub     a3, ra, s10
core   0: 3 0x80007904 (0x41a086b3) x13 0xfffffff5
core   0: 0x80007908 (0x40705733) sra     a4, zero, t2
core   0: 3 0x80007908 (0x40705733) x14 0x00000000
core   0: 0x8000790c (0x98ac6313) ori     t1, s8, -1654
core   0: 3 0x8000790c (0x98ac6313) x 6 0xfffff98a
core   0: 0x80007910 (0x4059d313) srai    t1, s3, 5
core   0: 3 0x80007910 (0x4059d313) x 6 0xfffffffd
core   0: 0x80007914 (0x00e88bb3) add     s7, a7, a4
core   0: 3 0x80007914 (0x00e88bb3) x23 0x7e6060de
core   0: 0x80007918 (0x45e1aa13) slti    s4, gp, 1118
core   0: 3 0x80007918 (0x45e1aa13) x20 0x00000000
core   0: 0x8000791c (0x96a16093) ori     ra, sp, -1686
core   0: 3 0x8000791c (0x96a16093) x 1 0xffffff6e
core   0: 0x80007920 (0x01b78323) sb      s11, 6(a5)
core   0: 3 0x80007920 (0x01b78323) mem 0x800209d1 0x1d
core   0: 0x80007924 (0x01168033) add     zero, a3, a7
core   0: 3 0x80007924 (0x01168033)
core   0: 0x80007928 (0x0ff0000f) fence   iorw,iorw
core   0: 3 0x80007928 (0x0ff0000f)
core   0: 0x8000792c (0xc90b4a93) xori    s5, s6, -880
core   0: 3 0x8000792c (0xc90b4a93) x21 0x019e47cc
core   0: 0x80007930 (0xff278903) lb      s2, -14(a5)
core   0: 3 0x80007930 (0xff278903) x18 0x00000050 mem 0x800209bd
core   0: 0x80007934 (0x85fe4293) xori    t0, t3, -1953
core   0: 3 0x80007934 (0x85fe4293) x 5 0x7ffea221
core   0: 0x80007938 (0x4160dab3) sra     s5, ra, s6
core   0: 3 0x80007938 (0x4160dab3) x21 0xffffffff
core   0: 0x8000793c (0xd4af7b93) andi    s7, t5, -694
core   0: 3 0x8000793c (0xd4af7b93) x23 0x0000000a
core   0: 0x80007940 (0x00d791a3) sh      a3, 3(a5)
core   0: 3 0x80007940 (0x00d791a3) mem 0x800209ce 0xfff5
core   0: 0x80007944 (0x01a41513) slli    a0, s0, 26
core   0: 3 0x80007944 (0x01a41513) x10 0xf8000000
core   0: 0x80007948 (0x1edbe913) ori     s2, s7, 493
core   0: 3 0x80007948 (0x1edbe913) x18 0x000001ef
core   0: 0x8000794c (0x01d7a4a3) sw      t4, 9(a5)
core   0: 3 0x8000794c (0x01d7a4a3) mem 0x800209d4 0x00000000
core   0: 0x80007950 (0x014794a3) sh      s4, 9(a5)
core   0: 3 0x80007950 (0x014794a3) mem 0x800209d4 0x0000
core   0: 0x80007954 (0x009bff33) and     t5, s7, s1
core   0: 3 0x80007954 (0x009bff33) x30 0x00000008
core   0: 0x80007958 (0x00d79703) lh      a4, 13(a5)
core   0: 3 0x80007958 (0x00d79703) x14 0xffff91bc mem 0x800209d8
core   0: 0x8000795c (0x4d76f693) andi    a3, a3, 1239
core   0: 3 0x8000795c (0x4d76f693) x13 0x000004d5
core   0: 0x80007960 (0x00878d83) lb      s11, 8(a5)
core   0: 3 0x80007960 (0x00878d83) x27 0xffffffaf mem 0x800209d3
core   0: 0x80007964 (0xfbdda393) slti    t2, s11, -67
core   0: 3 0x80007964 (0xfbdda393) x 7 0x00000001
core   0: 0x80007968 (0xff478b83) lb      s7, -12(a5)
core   0: 3 0x80007968 (0xff478b83) x23 0xffffffeb mem 0x800209bf
core   0: 0x8000796c (0x01257233) and     tp, a0, s2
core   0: 3 0x8000796c (0x01257233) x 4 0x00000000
core   0: 0x80007970 (0x00be4193) xori    gp, t3, 11
core   0: 3 0x80007970 (0x00be4193) x 3 0x80015a75
core   0: 0x80007974 (0x0000100f) fence.i
core   0: 3 0x80007974 (0x0000100f)
core   0: 0x80007978 (0x01078483) lb      s1, 16(a5)
core   0: 3 0x80007978 (0x01078483) x 9 0x00000000 mem 0x800209db
core   0: 0x8000797c (0x00a81b93) slli    s7, a6, 10
core   0: 3 0x8000797c (0x00a81b93) x23 0x02d3b400
core   0: 0x80007980 (0xff678603) lb      a2, -10(a5)
core   0: 3 0x80007980 (0xff678603) x12 0x00000052 mem 0x800209c1
core   0: 0x80007984 (0x0027c883) lbu     a7, 2(a5)
core   0: 3 0x80007984 (0x0027c883) x17 0x00000053 mem 0x800209cd
core   0: 0x80007988 (0x00e7c683) lbu     a3, 14(a5)
core   0: 3 0x80007988 (0x00e7c683) x13 0x00000091 mem 0x800209d9
core   0: 0x8000798c (0x04a9b613) sltiu   a2, s3, 74
core   0: 3 0x8000798c (0x04a9b613) x12 0x00000000
core   0: 0x80007990 (0x0126d193) srli    gp, a3, 18
core   0: 3 0x80007990 (0x0126d193) x 3 0x00000000
core   0: 0x80007994 (0x018016b3) sll     a3, zero, s8
core   0: 3 0x80007994 (0x018016b3) x13 0x00000000
core   0: 0x80007998 (0x4305c093) xori    ra, a1, 1072
core   0: 3 0x80007998 (0x4305c093) x 1 0x8002e8d4
core   0: 0x8000799c (0xff57d883) lhu     a7, -11(a5)
core   0: 3 0x8000799c (0xff57d883) x17 0x000052de mem 0x800209c0
core   0: 0x800079a0 (0xffa78e83) lb      t4, -6(a5)
core   0: 3 0x800079a0 (0xffa78e83) x29 0xfffffff8 mem 0x800209c5
core   0: 0x800079a4 (0x0001e417) auipc   s0, 0x1e
core   0: 3 0x800079a4 (0x0001e417) x 8 0x800259a4
core   0: 0x800079a8 (0x2b240413) addi    s0, s0, 690
core   0: 3 0x800079a8 (0x2b240413) x 8 0x80025c56
core   0: 0x800079ac (0xf4c45f83) lhu     t6, -180(s0)
core   0: 3 0x800079ac (0xf4c45f83) x31 0x0000219d mem 0x80025ba2
core   0: 0x800079b0 (0x00010d17) auipc   s10, 0x10
core   0: 3 0x800079b0 (0x00010d17) x26 0x800179b0
core   0: 0x800079b4 (0x9f6d0d13) addi    s10, s10, -1546
core   0: 3 0x800079b4 (0x9f6d0d13) x26 0x800173a6
core   0: 0x800079b8 (0xc45d4003) lbu     zero, -955(s10)
core   0: 3 0x800079b8 (0xc45d4003) mem 0x80016feb
core   0: 0x800079bc (0x00011a17) auipc   s4, 0x11
core   0: 3 0x800079bc (0x00011a17) x20 0x800189bc
core   0: 0x800079c0 (0x392a0a13) addi    s4, s4, 914
core   0: 3 0x800079c0 (0x392a0a13) x20 0x80018d4e
core   0: 0x800079c4 (0x0001b317) auipc   t1, 0x1b
core   0: 3 0x800079c4 (0x0001b317) x 6 0x800229c4
core   0: 0x800079c8 (0x59930313) addi    t1, t1, 1433
core   0: 3 0x800079c8 (0x59930313) x 6 0x80022f5d
core   0: 0x800079cc (0x1d9401a3) sb      s9, 451(s0)
core   0: 3 0x800079cc (0x1d9401a3) mem 0x80025e19 0x30
core   0: 0x800079d0 (0xbc7d0483) lb      s1, -1081(s10)
core   0: 3 0x800079d0 (0xbc7d0483) x 9 0x00000062 mem 0x80016f6d
core   0: 0x800079d4 (0x069a01a3) sb      s1, 99(s4)
core   0: 3 0x800079d4 (0x069a01a3) mem 0x80018db1 0x62
core   0: 0x800079d8 (0x9f2d5b83) lhu     s7, -1550(s10)
core   0: 3 0x800079d8 (0x9f2d5b83) x23 0x000077da mem 0x80016d98
core   0: 0x800079dc (0xf44a0fa3) sb      tp, -161(s4)
core   0: 3 0x800079dc (0xf44a0fa3) mem 0x80018cad 0x0
core   0: 0x800079e0 (0x00013997) auipc   s3, 0x13
core   0: 3 0x800079e0 (0x00013997) x19 0x8001a9e0
core   0: 0x800079e4 (0x92898993) addi    s3, s3, -1752
core   0: 3 0x800079e4 (0x92898993) x19 0x8001a308
core   0: 0x800079e8 (0xf74a1f03) lh      t5, -140(s4)
core   0: 3 0x800079e8 (0xf74a1f03) x30 0xffffd1a6 mem 0x80018cc2
core   0: 0x800079ec (0x436d5003) lhu     zero, 1078(s10)
core   0: 3 0x800079ec (0x436d5003) mem 0x800177dc
core   0: 0x800079f0 (0x02c9ac03) lw      s8, 44(s3)
core   0: 3 0x800079f0 (0x02c9ac03) x24 0x8d549583 mem 0x8001a334
core   0: 0x800079f4 (0x5c0d07a3) sb      zero, 1487(s10)
core   0: 3 0x800079f4 (0x5c0d07a3) mem 0x80017975 0x0
core   0: 0x800079f8 (0xff5a4c83) lbu     s9, -11(s4)
core   0: 3 0x800079f8 (0xff5a4c83) x25 0x000000db mem 0x80018d43
core   0: 0x800079fc (0x1e640383) lb      t2, 486(s0)
core   0: 3 0x800079fc (0x1e640383) x 7 0xffffffa5 mem 0x80025e3c
core   0: 0x80007a00 (0x073a0923) sb      s3, 114(s4)
core   0: 3 0x80007a00 (0x073a0923) mem 0x80018dc0 0x8
core   0: 0x80007a04 (0x712d0da3) sb      s2, 1819(s10)
core   0: 3 0x80007a04 (0x712d0da3) mem 0x80017ac1 0xef
core   0: 0x80007a08 (0x00434b83) lbu     s7, 4(t1)
core   0: 3 0x80007a08 (0x00434b83) x23 0x000000e1 mem 0x80022f61
core   0: 0x80007a0c (0xf5ba4603) lbu     a2, -165(s4)
core   0: 3 0x80007a0c (0xf5ba4603) x12 0x0000005d mem 0x80018ca9
core   0: 0x80007a10 (0x02b30223) sb      a1, 36(t1)
core   0: 3 0x80007a10 (0x02b30223) mem 0x80022f81 0xe4
core   0: 0x80007a14 (0xf2541023) sh      t0, -224(s0)
core   0: 3 0x80007a14 (0xf2541023) mem 0x80025b76 0xa221
core   0: 0x80007a18 (0xffbd0783) lb      a5, -5(s10)
core   0: 3 0x80007a18 (0xffbd0783) x15 0xffffffa7 mem 0x800173a1
core   0: 0x80007a1c (0xfee314a3) sh      a4, -23(t1)
core   0: 3 0x80007a1c (0xfee314a3) mem 0x80022f46 0x91bc
core   0: 0x80007a20 (0x003329a3) sw      gp, 19(t1)
core   0: 3 0x80007a20 (0x003329a3) mem 0x80022f70 0x00000000
core   0: 0x80007a24 (0x0d6a0223) sb      s6, 196(s4)
core   0: 3 0x80007a24 (0x0d6a0223) mem 0x80018e12 0x5c
core   0: 0x80007a28 (0xb8dd0f83) lb      t6, -1139(s10)
core   0: 3 0x80007a28 (0xb8dd0f83) x31 0xffffffa9 mem 0x80016f33
core   0: 0x80007a2c (0x18544f03) lbu     t5, 389(s0)
core   0: 3 0x80007a2c (0x18544f03) x30 0x000000fb mem 0x80025ddb
core   0: 0x80007a30 (0x05a98783) lb      a5, 90(s3)
core   0: 3 0x80007a30 (0x05a98783) x15 0xffffffdd mem 0x8001a362
core   0: 0x80007a34 (0xa5b44f03) lbu     t5, -1445(s0)
core   0: 3 0x80007a34 (0xa5b44f03) x30 0x0000009e mem 0x800256b1
core   0: 0x80007a38 (0xf15a4d83) lbu     s11, -235(s4)
core   0: 3 0x80007a38 (0xf15a4d83) x27 0x000000b6 mem 0x80018c63
core   0: 0x80007a3c (0x027310a3) sh      t2, 33(t1)
core   0: 3 0x80007a3c (0x027310a3) mem 0x80022f7e 0xffa5
core   0: 0x80007a40 (0xfe39c903) lbu     s2, -29(s3)
core   0: 3 0x80007a40 (0xfe39c903) x18 0x00000029 mem 0x8001a2eb
core   0: 0x80007a44 (0xe67d0aa3) sb      t2, -395(s10)
core   0: 3 0x80007a44 (0xe67d0aa3) mem 0x8001721b 0xa5
core   0: 0x80007a48 (0xfe030523) sb      zero, -22(t1)
core   0: 3 0x80007a48 (0xfe030523) mem 0x80022f47 0x0
core   0: 0x80007a4c (0x0469cd83) lbu     s11, 70(s3)
core   0: 3 0x80007a4c (0x0469cd83) x27 0x00000008 mem 0x8001a34e
core   0: 0x80007a50 (0x00f9ac23) sw      a5, 24(s3)
core   0: 3 0x80007a50 (0x00f9ac23) mem 0x8001a320 0xffffffdd
core   0: 0x80007a54 (0xff6325a3) sw      s6, -21(t1)
core   0: 3 0x80007a54 (0xff6325a3) mem 0x80022f48 0xfe61bb5c
core   0: 0x80007a58 (0xfa09cd83) lbu     s11, -96(s3)
core   0: 3 0x80007a58 (0xfa09cd83) x27 0x000000e2 mem 0x8001a2a8
core   0: 0x80007a5c (0x0001ca97) auipc   s5, 0x1c
core   0: 3 0x80007a5c (0x0001ca97) x21 0x80023a5c
core   0: 0x80007a60 (0x189a8a93) addi    s5, s5, 393
core   0: 3 0x80007a60 (0x189a8a93) x21 0x80023be5
core   0: 0x80007a64 (0xfeca8b83) lb      s7, -20(s5)
core   0: 3 0x80007a64 (0xfeca8b83) x23 0x00000050 mem 0x80023bd1
core   0: 0x80007a68 (0x0000100f) fence.i
core   0: 3 0x80007a68 (0x0000100f)
core   0: 0x80007a6c (0xfecace03) lbu     t3, -20(s5)
core   0: 3 0x80007a6c (0xfecace03) x28 0x00000050 mem 0x80023bd1
core   0: 0x80007a70 (0xfeca8403) lb      s0, -20(s5)
core   0: 3 0x80007a70 (0xfeca8403) x 8 0x00000050 mem 0x80023bd1
core   0: 0x80007a74 (0x01379093) slli    ra, a5, 19
core   0: 3 0x80007a74 (0x01379093) x 1 0xfee80000
core   0: 0x80007a78 (0x40818833) sub     a6, gp, s0
core   0: 3 0x80007a78 (0x40818833) x16 0xffffffb0
core   0: 0x80007a7c (0xfeca8183) lb      gp, -20(s5)
core   0: 3 0x80007a7c (0xfeca8183) x 3 0x00000050 mem 0x80023bd1
core   0: 0x80007a80 (0xca6a9da3) sh      t1, -837(s5)
core   0: 3 0x80007a80 (0xca6a9da3) mem 0x800238a0 0x2f5d
core   0: 0x80007a84 (0x7eea8323) sb      a4, 2022(s5)
core   0: 3 0x80007a84 (0x7eea8323) mem 0x800243cb 0xbc
core   0: 0x80007a88 (0x7ffa8323) sb      t6, 2022(s5)
core   0: 3 0x80007a88 (0x7ffa8323) mem 0x800243cb 0xa9
core   0: 0x80007a8c (0x7e6a8f83) lb      t6, 2022(s5)
core   0: 3 0x80007a8c (0x7e6a8f83) x31 0xffffffa9 mem 0x800243cb
core   0: 0x80007a90 (0x7e6ac883) lbu     a7, 2022(s5)
core   0: 3 0x80007a90 (0x7e6ac883) x17 0x000000a9 mem 0x800243cb
core   0: 0x80007a94 (0x7e7a8323) sb      t2, 2022(s5)
core   0: 3 0x80007a94 (0x7e7a8323) mem 0x800243cb 0xa5
core   0: 0x80007a98 (0x7e6a8483) lb      s1, 2022(s5)
core   0: 3 0x80007a98 (0x7e6a8483) x 9 0xffffffa5 mem 0x800243cb
core   0: 0x80007a9c (0x7e6ac903) lbu     s2, 2022(s5)
core   0: 3 0x80007a9c (0x7e6ac903) x18 0x000000a5 mem 0x800243cb
core   0: 0x80007aa0 (0x7e6a8503) lb      a0, 2022(s5)
core   0: 3 0x80007aa0 (0x7e6a8503) x10 0xffffffa5 mem 0x800243cb
core   0: 0x80007aa4 (0x7e6a8c83) lb      s9, 2022(s5)
core   0: 3 0x80007aa4 (0x7e6a8c83) x25 0xffffffa5 mem 0x800243cb
core   0: 0x80007aa8 (0x7f4a8323) sb      s4, 2022(s5)
core   0: 3 0x80007aa8 (0x7f4a8323) mem 0x800243cb 0x4e
core   0: 0x80007aac (0x0d0a8183) lb      gp, 208(s5)
core   0: 3 0x80007aac (0x0d0a8183) x 3 0xffffffe0 mem 0x80023cb5
core   0: 0x80007ab0 (0xbb1ac783) lbu     a5, -1103(s5)
core   0: 3 0x80007ab0 (0xbb1ac783) x15 0x0000006c mem 0x80023796
core   0: 0x80007ab4 (0xbb1a8e83) lb      t4, -1103(s5)
core   0: 3 0x80007ab4 (0xbb1a8e83) x29 0x0000006c mem 0x80023796
core   0: 0x80007ab8 (0xbb1adb83) lhu     s7, -1103(s5)
core   0: 3 0x80007ab8 (0xbb1adb83) x23 0x00000d6c mem 0x80023796
core   0: 0x80007abc (0x00010a17) auipc   s4, 0x10
core   0: 3 0x80007abc (0x00010a17) x20 0x80017abc
core   0: 0x80007ac0 (0xf67a0a13) addi    s4, s4, -153
core   0: 3 0x80007ac0 (0xf67a0a13) x20 0x80017a23
core   0: 0x80007ac4 (0x20ca4403) lbu     s0, 524(s4)
core   0: 3 0x80007ac4 (0x20ca4403) x 8 0x000000eb mem 0x80017c2f
core   0: 0x80007ac8 (0xb34a4d83) lbu     s11, -1228(s4)
core   0: 3 0x80007ac8 (0xb34a4d83) x27 0x00000032 mem 0x80017557
core   0: 0x80007acc (0xc6687bb7) lui     s7, 0xc6687
core   0: 3 0x80007acc (0xc6687bb7) x23 0xc6687000
core   0: 0x80007ad0 (0x010029b3) slt     s3, zero, a6
core   0: 3 0x80007ad0 (0x010029b3) x19 0x00000000
core   0: 0x80007ad4 (0x0ff0000f) fence   iorw,iorw
core   0: 3 0x80007ad4 (0x0ff0000f)
core   0: 0x80007ad8 (0xa6ea0983) lb      s3, -1426(s4)
core   0: 3 0x80007ad8 (0xa6ea0983) x19 0xffffff97 mem 0x80017491
core   0: 0x80007adc (0xc80a0723) sb      zero, -882(s4)
core   0: 3 0x80007adc (0xc80a0723) mem 0x800176b1 0x0
core   0: 0x80007ae0 (0xd3400993) li      s3, -716
core   0: 3 0x80007ae0 (0xd3400993) x19 0xfffffd34
core   0: 0x80007ae4 (0x924a0a23) sb      tp, -1740(s4)
core   0: 3 0x80007ae4 (0x924a0a23) mem 0x80017357 0x0
core   0: 0x80007ae8 (0x20da74b7) lui     s1, 0x20da7
core   0: 3 0x80007ae8 (0x20da74b7) x 9 0x20da7000
core   0: 0x80007aec (0x6d6a4b83) lbu     s7, 1750(s4)
core   0: 3 0x80007aec (0x6d6a4b83) x23 0x00000009 mem 0x800180f9
core   0: 0x80007af0 (0x20ba1e03) lh      t3, 523(s4)
core   0: 3 0x80007af0 (0x20ba1e03) x28 0xffffeb56 mem 0x80017c2e
core   0: 0x80007af4 (0x994a4403) lbu     s0, -1644(s4)
core   0: 3 0x80007af4 (0x994a4403) x 8 0x000000cc mem 0x800173b7
core   0: 0x80007af8 (0x0000100f) fence.i
core   0: 3 0x80007af8 (0x0000100f)
core   0: 0x80007afc (0x4eea0023) sb      a4, 1248(s4)
core   0: 3 0x80007afc (0x4eea0023) mem 0x80017f03 0xbc
core   0: 0x80007b00 (0x50ba0823) sb      a1, 1296(s4)
core   0: 3 0x80007b00 (0x50ba0823) mem 0x80017f33 0xe4
core   0: 0x80007b04 (0x077a5383) lhu     t2, 119(s4)
core   0: 3 0x80007b04 (0x077a5383) x 7 0x00002cfe mem 0x80017a9a
core   0: 0x80007b08 (0x019f1733) sll     a4, t5, s9
core   0: 3 0x80007b08 (0x019f1733) x14 0x000013c0
core   0: 0x80007b0c (0x00803733) snez    a4, s0
core   0: 3 0x80007b0c (0x00803733) x14 0x00000001
core   0: 0x80007b10 (0x018e5793) srli    a5, t3, 24
core   0: 3 0x80007b10 (0x018e5793) x15 0x000000ff
core   0: 0x80007b14 (0x328a4683) lbu     a3, 808(s4)
core   0: 3 0x80007b14 (0x328a4683) x13 0x0000001e mem 0x80017d4b
core   0: 0x80007b18 (0x870a4483) lbu     s1, -1936(s4)
core   0: 3 0x80007b18 (0x870a4483) x 9 0x00000064 mem 0x80017293
core   0: 0x80007b1c (0xec8a0283) lb      t0, -312(s4)
core   0: 3 0x80007b1c (0xec8a0283) x 5 0x0000004e mem 0x800178eb
core   0: 0x80007b20 (0x6e844813) xori    a6, s0, 1768
core   0: 3 0x80007b20 (0x6e844813) x16 0x00000624
core   0: 0x80007b24 (0x40485e13) srai    t3, a6, 4
core   0: 3 0x80007b24 (0x40485e13) x28 0x00000062
core   0: 0x80007b28 (0x2eca0703) lb      a4, 748(s4)
core   0: 3 0x80007b28 (0x2eca0703) x14 0x00000016 mem 0x80017d0f
core   0: 0x80007b2c (0xe39a4183) lbu     gp, -455(s4)
core   0: 3 0x80007b2c (0xe39a4183) x 3 0x00000011 mem 0x8001785c
core   0: 0x80007b30 (0x4f2a0ba3) sb      s2, 1271(s4)
core   0: 3 0x80007b30 (0x4f2a0ba3) mem 0x80017f1a 0xa5
core   0: 0x80007b34 (0x4b21f613) andi    a2, gp, 1202
core   0: 3 0x80007b34 (0x4b21f613) x12 0x00000010
core   0: 0x80007b38 (0x01a887b3) add     a5, a7, s10
core   0: 3 0x80007b38 (0x01a887b3) x15 0x8001744f
core   0: 0x80007b3c (0x838a0023) sb      s8, -2016(s4)
core   0: 3 0x80007b3c (0x838a0023) mem 0x80017243 0x83
core   0: 0x80007b40 (0x63dec8b7) lui     a7, 0x63dec
core   0: 3 0x80007b40 (0x63dec8b7) x17 0x63dec000
core   0: 0x80007b44 (0x0b748413) addi    s0, s1, 183
core   0: 3 0x80007b44 (0x0b748413) x 8 0x0000011b
core   0: 0x80007b48 (0xd2b22c93) slti    s9, tp, -725
core   0: 3 0x80007b48 (0xd2b22c93) x25 0x00000000
core   0: 0x80007b4c (0xbdeb8793) addi    a5, s7, -1058
core   0: 3 0x80007b4c (0xbdeb8793) x15 0xfffffbe7
core   0: 0x80007b50 (0x89fa22a3) sw      t6, -1915(s4)
core   0: 3 0x80007b50 (0x89fa22a3) mem 0x800172a8 0xffffffa9
core   0: 0x80007b54 (0x00a2b8b3) sltu    a7, t0, a0
core   0: 3 0x80007b54 (0x00a2b8b3) x17 0x00000001
core   0: 0x80007b58 (0x0000100f) fence.i
core   0: 3 0x80007b58 (0x0000100f)
core   0: 0x80007b5c (0x291cff13) andi    t5, s9, 657
core   0: 3 0x80007b5c (0x291cff13) x30 0x00000000
core   0: 0x80007b60 (0x74558917) auipc   s2, 0x74558
core   0: 3 0x80007b60 (0x74558917) x18 0xf455fb60
core   0: 0x80007b64 (0x01e65fb3) srl     t6, a2, t5
core   0: 3 0x80007b64 (0x01e65fb3) x31 0x00000010
core   0: 0x80007b68 (0x966a4183) lbu     gp, -1690(s4)
core   0: 3 0x80007b68 (0x966a4183) x 3 0x00000032 mem 0x80017389
core   0: 0x80007b6c (0x96bbcc13) xori    s8, s7, -1685
core   0: 3 0x80007b6c (0x96bbcc13) x24 0xfffff962
core   0: 0x80007b70 (0xf64a0b83) lb      s7, -156(s4)
core   0: 3 0x80007b70 (0xf64a0b83) x23 0x0000002e mem 0x80017987
core   0: 0x80007b74 (0x0073c4b3) xor     s1, t2, t2
core   0: 3 0x80007b74 (0x0073c4b3) x 9 0x00000000
core   0: 0x80007b78 (0x3b4a0823) sb      s4, 944(s4)
core   0: 3 0x80007b78 (0x3b4a0823) mem 0x80017dd3 0x23
core   0: 0x80007b7c (0x412b5393) srai    t2, s6, 18
core   0: 3 0x80007b7c (0x412b5393) x 7 0xffffff98
core   0: 0x80007b80 (0x2a9a28a3) sw      s1, 689(s4)
core   0: 3 0x80007b80 (0x2a9a28a3) mem 0x80017cd4 0x00000000
core   0: 0x80007b84 (0xa0ca0903) lb      s2, -1524(s4)
core   0: 3 0x80007b84 (0xa0ca0903) x18 0xffffff80 mem 0x8001742f
core   0: 0x80007b88 (0xe07a1ca3) sh      t2, -487(s4)
core   0: 3 0x80007b88 (0xe07a1ca3) mem 0x8001783c 0xff98
core   0: 0x80007b8c (0x0ff0000f) fence   iorw,iorw
core   0: 3 0x80007b8c (0x0ff0000f)
core   0: 0x80007b90 (0x01a51833) sll     a6, a0, s10
core   0: 3 0x80007b90 (0x01a51833) x16 0xffffe940
core   0: 0x80007b94 (0x3c2a0423) sb      sp, 968(s4)
core   0: 3 0x80007b94 (0x3c2a0423) mem 0x80017deb 0x64
core   0: 0x80007b98 (0x657a17a3) sh      s7, 1615(s4)
core   0: 3 0x80007b98 (0x657a17a3) mem 0x80018072 0x002e
core   0: 0x80007b9c (0x448a4b83) lbu     s7, 1096(s4)
core   0: 3 0x80007b9c (0x448a4b83) x23 0x000000e2 mem 0x80017e6b
core   0: 0x80007ba0 (0x00426433) or      s0, tp, tp
core   0: 3 0x80007ba0 (0x00426433) x 8 0x00000000
core   0: 0x80007ba4 (0x0ff0000f) fence   iorw,iorw
core   0: 3 0x80007ba4 (0x0ff0000f)
core   0: 0x80007ba8 (0x959a00a3) sb      s9, -1727(s4)
core   0: 3 0x80007ba8 (0x959a00a3) mem 0x80017364 0x0
core   0: 0x80007bac (0x0000e717) auipc   a4, 0xe
core   0: 3 0x80007bac (0x0000e717) x14 0x80015bac
core   0: 0x80007bb0 (0x29370713) addi    a4, a4, 659
core   0: 3 0x80007bb0 (0x29370713) x14 0x80015e3f
core   0: 0x80007bb4 (0x9664ef13) ori     t5, s1, -1690
core   0: 3 0x80007bb4 (0x9664ef13) x30 0xfffff966
core   0: 0x80007bb8 (0xcc470923) sb      tp, -814(a4)
core   0: 3 0x80007bb8 (0xcc470923) mem 0x80015b11 0x0
core   0: 0x80007bbc (0xc2575f03) lhu     t5, -987(a4)
core   0: 3 0x80007bbc (0xc2575f03) x30 0x000087ad mem 0x80015a64
core   0: 0x80007bc0 (0x00974f33) xor     t5, a4, s1
core   0: 3 0x80007bc0 (0x00974f33) x30 0x80015e3f
core   0: 0x80007bc4 (0x003c7e33) and     t3, s8, gp
core   0: 3 0x80007bc4 (0x003c7e33) x28 0x00000022
core   0: 0x80007bc8 (0xb7371f03) lh      t5, -1165(a4)
core   0: 3 0x80007bc8 (0xb7371f03) x30 0x0000325f mem 0x800159b2
core   0: 0x80007bcc (0xadf70523) sb      t6, -1334(a4)
core   0: 3 0x80007bcc (0xadf70523) mem 0x80015909 0x10
core   0: 0x80007bd0 (0x00565613) srli    a2, a2, 5
core   0: 3 0x80007bd0 (0x00565613) x12 0x00000000
core   0: 0x80007bd4 (0x47427c37) lui     s8, 0x47427
core   0: 3 0x80007bd4 (0x47427c37) x24 0x47427000
core   0: 0x80007bd8 (0xf2971883) lh      a7, -215(a4)
core   0: 3 0x80007bd8 (0xf2971883) x17 0x00002076 mem 0x80015d68
core   0: 0x80007bdc (0x00f09333) sll     t1, ra, a5
core   0: 3 0x80007bdc (0x00f09333) x 6 0x74000000
core   0: 0x80007be0 (0x400c54b3) sra     s1, s8, zero
core   0: 3 0x80007be0 (0x400c54b3) x 9 0x47427000
core   0: 0x80007be4 (0x87e74383) lbu     t2, -1922(a4)
core   0: 3 0x80007be4 (0x87e74383) x 7 0x00000069 mem 0x800156bd
core   0: 0x80007be8 (0x81a74503) lbu     a0, -2022(a4)
core   0: 3 0x80007be8 (0x81a74503) x10 0x000000b2 mem 0x80015659
core   0: 0x80007bec (0x6ed7af93) slti    t6, a5, 1773
core   0: 3 0x80007bec (0x6ed7af93) x31 0x00000001
core   0: 0x80007bf0 (0x00c6e433) or      s0, a3, a2
core   0: 3 0x80007bf0 (0x00c6e433) x 8 0x0000001e
core   0: 0x80007bf4 (0xcdd71c03) lh      s8, -803(a4)
core   0: 3 0x80007bf4 (0xcdd71c03) x24 0x0000003e mem 0x80015b1c
core   0: 0x80007bf8 (0x18375603) lhu     a2, 387(a4)
core   0: 3 0x80007bf8 (0x18375603) x12 0x00004f9f mem 0x80015fc2
core   0: 0x80007bfc (0x91c74003) lbu     zero, -1764(a4)
core   0: 3 0x80007bfc (0x91c74003) mem 0x8001575b
core   0: 0x80007c00 (0x8be70223) sb      t5, -1884(a4)
core   0: 3 0x80007c00 (0x8be70223) mem 0x800156e3 0x5f
core   0: 0x80007c04 (0x1c774003) lbu     zero, 455(a4)
core   0: 3 0x80007c04 (0x1c774003) mem 0x80016006
core   0: 0x80007c08 (0xdb975903) lhu     s2, -583(a4)
core   0: 3 0x80007c08 (0xdb975903) x18 0x00000728 mem 0x80015bf8
core   0: 0x80007c0c (0xdf170623) sb      a7, -532(a4)
core   0: 3 0x80007c0c (0xdf170623) mem 0x80015c2b 0x76
core   0: 0x80007c10 (0x1a571f03) lh      t5, 421(a4)
core   0: 3 0x80007c10 (0x1a571f03) x30 0x00005400 mem 0x80015fe4
core   0: 0x80007c14 (0xea9713a3) sh      s1, -345(a4)
core   0: 3 0x80007c14 (0xea9713a3) mem 0x80015ce6 0x7000
core   0: 0x80007c18 (0x2d71fa13) andi    s4, gp, 727
core   0: 3 0x80007c18 (0x2d71fa13) x20 0x00000012
core   0: 0x80007c1c (0xdd54b897) auipc   a7, 0xdd54b
core   0: 3 0x80007c1c (0xdd54b897) x17 0x5d552c1c
core   0: 0x80007c20 (0x14470183) lb      gp, 324(a4)
core   0: 3 0x80007c20 (0x14470183) x 3 0x0000006d mem 0x80015f83
core   0: 0x80007c24 (0x12c70523) sb      a2, 298(a4)
core   0: 3 0x80007c24 (0x12c70523) mem 0x80015f69 0x9f
core   0: 0x80007c28 (0x1be70023) sb      t5, 416(a4)
core   0: 3 0x80007c28 (0x1be70023) mem 0x80015fdf 0x0
core   0: 0x80007c2c (0x1ee74e83) lbu     t4, 494(a4)
core   0: 3 0x80007c2c (0x1ee74e83) x29 0x00000083 mem 0x8001602d
core   0: 0x80007c30 (0x73493293) sltiu   t0, s2, 1844
core   0: 3 0x80007c30 (0x73493293) x 5 0x00000001
core   0: 0x80007c34 (0xab074483) lbu     s1, -1360(a4)
core   0: 3 0x80007c34 (0xab074483) x 9 0x00000093 mem 0x800158ef
core   0: 0x80007c38 (0xcd270903) lb      s2, -814(a4)
core   0: 3 0x80007c38 (0xcd270903) x18 0x00000000 mem 0x80015b11
core   0: 0x80007c3c (0x17870903) lb      s2, 376(a4)
core   0: 3 0x80007c3c (0x17870903) x18 0xffffff8f mem 0x80015fb7
core   0: 0x80007c40 (0x88770f83) lb      t6, -1913(a4)
core   0: 3 0x80007c40 (0x88770f83) x31 0x00000034 mem 0x800156c6
core   0: 0x80007c44 (0x80874303) lbu     t1, -2040(a4)
core   0: 3 0x80007c44 (0x80874303) x 6 0x00000099 mem 0x80015647
core   0: 0x80007c48 (0x08975a03) lhu     s4, 137(a4)
core   0: 3 0x80007c48 (0x08975a03) x20 0x00000107 mem 0x80015ec8
core   0: 0x80007c4c (0x0000dd97) auipc   s11, 0xd
core   0: 3 0x80007c4c (0x0000dd97) x27 0x80014c4c
core   0: 0x80007c50 (0x4fdd8d93) addi    s11, s11, 1277
core   0: 3 0x80007c50 (0x4fdd8d93) x27 0x80015149
core   0: 0x80007c54 (0x00e95313) srli    t1, s2, 14
core   0: 3 0x80007c54 (0x00e95313) x 6 0x0003ffff
core   0: 0x80007c58 (0xf90d9fa3) sh      a6, -97(s11)
core   0: 3 0x80007c58 (0xf90d9fa3) mem 0x800150e8 0xe940
core   0: 0x80007c5c (0x05fda783) lw      a5, 95(s11)
core   0: 3 0x80007c5c (0x05fda783) x15 0x7ea80710 mem 0x800151a8
core   0: 0x80007c60 (0xfd5d8723) sb      s5, -50(s11)
core   0: 3 0x80007c60 (0xfd5d8723) mem 0x80015117 0xe5
core   0: 0x80007c64 (0xfcbd8723) sb      a1, -50(s11)
core   0: 3 0x80007c64 (0xfcbd8723) mem 0x80015117 0xe4
core   0: 0x80007c68 (0xfced8f03) lb      t5, -50(s11)
core   0: 3 0x80007c68 (0xfced8f03) x30 0xffffffe4 mem 0x80015117
core   0: 0x80007c6c (0xfc6d8723) sb      t1, -50(s11)
core   0: 3 0x80007c6c (0xfc6d8723) mem 0x80015117 0xff
core   0: 0x80007c70 (0xfc7d8723) sb      t2, -50(s11)
core   0: 3 0x80007c70 (0xfc7d8723) mem 0x80015117 0x69
core   0: 0x80007c74 (0xfded8723) sb      t5, -50(s11)
core   0: 3 0x80007c74 (0xfded8723) mem 0x80015117 0xe4
core   0: 0x80007c78 (0x0ff0000f) fence   iorw,iorw
core   0: 3 0x80007c78 (0x0ff0000f)
core   0: 0x80007c7c (0x0000100f) fence.i
core   0: 3 0x80007c7c (0x0000100f)
core   0: 0x80007c80 (0xffedcf03) lbu     t5, -2(s11)
core   0: 3 0x80007c80 (0xffedcf03) x30 0x0000000c mem 0x80015147
core   0: 0x80007c84 (0xffed8203) lb      tp, -2(s11)
core   0: 3 0x80007c84 (0xffed8203) x 4 0x0000000c mem 0x80015147
core   0: 0x80007c88 (0x093d9da3) sh      s3, 155(s11)
core   0: 3 0x80007c88 (0x093d9da3) mem 0x800151e4 0xfd34
core   0: 0x80007c8c (0x09fd9da3) sh      t6, 155(s11)
core   0: 3 0x80007c8c (0x09fd9da3) mem 0x800151e4 0x0034
core   0: 0x80007c90 (0x40885993) srai    s3, a6, 8
core   0: 3 0x80007c90 (0x40885993) x19 0xffffffe9
core   0: 0x80007c94 (0x09bd8883) lb      a7, 155(s11)
core   0: 3 0x80007c94 (0x09bd8883) x17 0x00000034 mem 0x800151e4
core   0: 0x80007c98 (0xaf06fcb7) lui     s9, 0xaf06f
core   0: 3 0x80007c98 (0xaf06fcb7) x25 0xaf06f000
core   0: 0x80007c9c (0x09bdc683) lbu     a3, 155(s11)
core   0: 3 0x80007c9c (0x09bdc683) x13 0x00000034 mem 0x800151e4
core   0: 0x80007ca0 (0x09dd9da3) sh      t4, 155(s11)
core   0: 3 0x80007ca0 (0x09dd9da3) mem 0x800151e4 0x0083
core   0: 0x80007ca4 (0x0000e717) auipc   a4, 0xe
core   0: 3 0x80007ca4 (0x0000e717) x14 0x80015ca4
core   0: 0x80007ca8 (0xd4170713) addi    a4, a4, -703
core   0: 3 0x80007ca8 (0xd4170713) x14 0x800159e5
core   0: 0x80007cac (0xff775f03) lhu     t5, -9(a4)
core   0: 3 0x80007cac (0xff775f03) x30 0x0000f63c mem 0x800159dc
core   0: 0x80007cb0 (0x01970623) sb      s9, 12(a4)
core   0: 3 0x80007cb0 (0x01970623) mem 0x800159f1 0x0
core   0: 0x80007cb4 (0x00c74483) lbu     s1, 12(a4)
core   0: 3 0x80007cb4 (0x00c74483) x 9 0x00000000 mem 0x800159f1
core   0: 0x80007cb8 (0x00074883) lbu     a7, 0(a4)
core   0: 3 0x80007cb8 (0x00074883) x17 0x00000072 mem 0x800159e5
core   0: 0x80007cbc (0x00971883) lh      a7, 9(a4)
core   0: 3 0x80007cbc (0x00971883) x17 0xffffebc7 mem 0x800159ee
core   0: 0x80007cc0 (0x00dea993) slti    s3, t4, 13
core   0: 3 0x80007cc0 (0x00dea993) x19 0x00000000
core   0: 0x80007cc4 (0x00974083) lbu     ra, 9(a4)
core   0: 3 0x80007cc4 (0x00974083) x 1 0x000000c7 mem 0x800159ee
core   0: 0x80007cc8 (0x00574883) lbu     a7, 5(a4)
core   0: 3 0x80007cc8 (0x00574883) x17 0x00000048 mem 0x800159ea
core   0: 0x80007ccc (0x00a700a3) sb      a0, 1(a4)
core   0: 3 0x80007ccc (0x00a700a3) mem 0x800159e6 0xb2
core   0: 0x80007cd0 (0xff670c23) sb      s6, -8(a4)
core   0: 3 0x80007cd0 (0xff670c23) mem 0x800159dd 0x5c
core   0: 0x80007cd4 (0x01d6d233) srl     tp, a3, t4
core   0: 3 0x80007cd4 (0x01d6d233) x 4 0x00000006
core   0: 0x80007cd8 (0xa13d6613) ori     a2, s10, -1517
core   0: 3 0x80007cd8 (0xa13d6613) x12 0xfffffbb7
core   0: 0x80007cdc (0x00a70d83) lb      s11, 10(a4)
core   0: 3 0x80007cdc (0x00a70d83) x27 0xffffffeb mem 0x800159ef
core   0: 0x80007ce0 (0x00772a03) lw      s4, 7(a4)
core   0: 3 0x80007ce0 (0x00772a03) x20 0xebc71626 mem 0x800159ec
core   0: 0x80007ce4 (0x00674003) lbu     zero, 6(a4)
core   0: 3 0x80007ce4 (0x00674003) mem 0x800159eb
core   0: 0x80007ce8 (0x00974783) lbu     a5, 9(a4)
core   0: 3 0x80007ce8 (0x00974783) x15 0x000000c7 mem 0x800159ee
core   0: 0x80007cec (0x0000100f) fence.i
core   0: 3 0x80007cec (0x0000100f)
core   0: 0x80007cf0 (0xff571fa3) sh      s5, -1(a4)
core   0: 3 0x80007cf0 (0xff571fa3) mem 0x800159e4 0x3be5
core   0: 0x80007cf4 (0xff772683) lw      a3, -9(a4)
core   0: 3 0x80007cf4 (0xff772683) x13 0xae6d5c3c mem 0x800159dc
core   0: 0x80007cf8 (0x00474b83) lbu     s7, 4(a4)
core   0: 3 0x80007cf8 (0x00474b83) x23 0x0000007a mem 0x800159e9
core   0: 0x80007cfc (0xff570183) lb      gp, -11(a4)
core   0: 3 0x80007cfc (0xff570183) x 3 0xffffffd1 mem 0x800159da
core   0: 0x80007d00 (0x017714a3) sh      s7, 9(a4)
core   0: 3 0x80007d00 (0x017714a3) mem 0x800159ee 0x007a
core   0: 0x80007d04 (0xad7c3c93) sltiu   s9, s8, -1321
core   0: 3 0x80007d04 (0xad7c3c93) x25 0x00000001
core   0: 0x80007d08 (0x00a701a3) sb      a0, 3(a4)
core   0: 3 0x80007d08 (0x00a701a3) mem 0x800159e8 0xb2
core   0: 0x80007d0c (0x0000e497) auipc   s1, 0xe
core   0: 3 0x80007d0c (0x0000e497) x 9 0x80015d0c
core   0: 0x80007d10 (0xcc248493) addi    s1, s1, -830
core   0: 3 0x80007d10 (0xcc248493) x 9 0x800159ce
core   0: 0x80007d14 (0x0000e397) auipc   t2, 0xe
core   0: 3 0x80007d14 (0x0000e397) x 7 0x80015d14
core   0: 0x80007d18 (0xec938393) addi    t2, t2, -311
core   0: 3 0x80007d18 (0xec938393) x 7 0x80015bdd
core   0: 0x80007d1c (0xffa4da83) lhu     s5, -6(s1)
core   0: 3 0x80007d1c (0xffa4da83) x21 0x00008650 mem 0x800159c8
core   0: 0x80007d20 (0x00348f83) lb      t6, 3(s1)
core   0: 3 0x80007d20 (0x00348f83) x31 0x00000063 mem 0x800159d1
core   0: 0x80007d24 (0x00748d03) lb      s10, 7(s1)
core   0: 3 0x80007d24 (0x00748d03) x26 0xffffff92 mem 0x800159d5
core   0: 0x80007d28 (0xffb49e23) sh      s11, -4(s1)
core   0: 3 0x80007d28 (0xffb49e23) mem 0x800159ca 0xffeb
core   0: 0x80007d2c (0x88438503) lb      a0, -1916(t2)
core   0: 3 0x80007d2c (0x88438503) x10 0x00000035 mem 0x80015461
core   0: 0x80007d30 (0xfff49a23) sh      t6, -12(s1)
core   0: 3 0x80007d30 (0xfff49a23) mem 0x800159c2 0x0063
core   0: 0x80007d34 (0x2e038183) lb      gp, 736(t2)
core   0: 3 0x80007d34 (0x2e038183) x 3 0xffffff92 mem 0x80015ebd
core   0: 0x80007d38 (0x00148783) lb      a5, 1(s1)
core   0: 3 0x80007d38 (0x00148783) x15 0x00000043 mem 0x800159cf
core   0: 0x80007d3c (0x0803c683) lbu     a3, 128(t2)
core   0: 3 0x80007d3c (0x0803c683) x13 0x000000e9 mem 0x80015c5d
core   0: 0x80007d40 (0xe0838a03) lb      s4, -504(t2)
core   0: 3 0x80007d40 (0xe0838a03) x20 0x0000003b mem 0x800159e5
core   0: 0x80007d44 (0x0014c303) lbu     t1, 1(s1)
core   0: 3 0x80007d44 (0x0014c303) x 6 0x00000043 mem 0x800159cf
core   0: 0x80007d48 (0xf523c803) lbu     a6, -174(t2)
core   0: 3 0x80007d48 (0xf523c803) x16 0x00000090 mem 0x80015b2f
core   0: 0x80007d4c (0xa5038003) lb      zero, -1456(t2)
core   0: 3 0x80007d4c (0xa5038003) mem 0x8001562d
core   0: 0x80007d50 (0xff54ab23) sw      s5, -10(s1)
core   0: 3 0x80007d50 (0xff54ab23) mem 0x800159c4 0x00008650
core   0: 0x80007d54 (0x0000e097) auipc   ra, 0xe
core   0: 3 0x80007d54 (0x0000e097) x 1 0x80015d54
core   0: 0x80007d58 (0xa0808093) addi    ra, ra, -1528
core   0: 3 0x80007d58 (0xa0808093) x 1 0x8001575c
core   0: 0x80007d5c (0x7d308ea3) sb      s3, 2013(ra)
core   0: 3 0x80007d5c (0x7d308ea3) mem 0x80015f39 0x0
core   0: 0x80007d60 (0xaba0a693) slti    a3, ra, -1350
core   0: 3 0x80007d60 (0xaba0a693) x13 0x00000001
core   0: 0x80007d64 (0x00000013) nop
core   0: 3 0x80007d64 (0x00000013)
core   0: 0x80007d68 (0xbb1085a3) sb      a7, -1109(ra)
core   0: 3 0x80007d68 (0xbb1085a3) mem 0x80015307 0x48
core   0: 0x80007d6c (0x3c2f8a97) auipc   s5, 0x3c2f8
core   0: 3 0x80007d6c (0x3c2f8a97) x21 0xbc2ffd6c
core   0: 0x80007d70 (0xae9089a3) sb      s1, -1293(ra)
core   0: 3 0x80007d70 (0xae9089a3) mem 0x8001524f 0xce
core   0: 0x80007d74 (0x48308683) lb      a3, 1155(ra)
core   0: 3 0x80007d74 (0x48308683) x13 0xffffffe0 mem 0x80015bdf
core   0: 0x80007d78 (0xa2e08783) lb      a5, -1490(ra)
core   0: 3 0x80007d78 (0xa2e08783) x15 0x00000000 mem 0x8001518a
core   0: 0x80007d7c (0x2c808803) lb      a6, 712(ra)
core   0: 3 0x80007d7c (0x2c808803) x16 0x00000018 mem 0x80015a24
core   0: 0x80007d80 (0xf0508e83) lb      t4, -251(ra)
core   0: 3 0x80007d80 (0xf0508e83) x29 0x00000060 mem 0x80015661
core   0: 0x80007d84 (0x3ea08da3) sb      a0, 1019(ra)
core   0: 3 0x80007d84 (0x3ea08da3) mem 0x80015b57 0x35
core   0: 0x80007d88 (0x41795413) srai    s0, s2, 23
core   0: 3 0x80007d88 (0x41795413) x 8 0xffffffff
core   0: 0x80007d8c (0x64277d13) andi    s10, a4, 1602
core   0: 3 0x80007d8c (0x64277d13) x26 0x00000040
core   0: 0x80007d90 (0x019b69b3) or      s3, s6, s9
core   0: 3 0x80007d90 (0x019b69b3) x19 0xfe61bb5d
core   0: 0x80007d94 (0x20508803) lb      a6, 517(ra)
core   0: 3 0x80007d94 (0x20508803) x16 0xffffff8e mem 0x80015961
core   0: 0x80007d98 (0xc9b0c383) lbu     t2, -869(ra)
core   0: 3 0x80007d98 (0xc9b0c383) x 7 0x0000002e mem 0x800153f7
core   0: 0x80007d9c (0x00000013) nop
core   0: 3 0x80007d9c (0x00000013)
core   0: 0x80007da0 (0xefa08823) sb      s10, -272(ra)
core   0: 3 0x80007da0 (0xefa08823) mem 0x8001564c 0x40
core   0: 0x80007da4 (0x6f108aa3) sb      a7, 1781(ra)
core   0: 3 0x80007da4 (0x6f108aa3) mem 0x80015e51 0x48
core   0: 0x80007da8 (0xfc10c483) lbu     s1, -63(ra)
core   0: 3 0x80007da8 (0xfc10c483) x 9 0x0000005b mem 0x8001571d
core   0: 0x80007dac (0xaeb0c883) lbu     a7, -1301(ra)
core   0: 3 0x80007dac (0xaeb0c883) x17 0x000000eb mem 0x80015247
core   0: 0x80007db0 (0x01526d33) or      s10, tp, s5
core   0: 3 0x80007db0 (0x01526d33) x26 0xbc2ffd6e
core   0: 0x80007db4 (0x412b5c93) srai    s9, s6, 18
core   0: 3 0x80007db4 (0x412b5c93) x25 0xffffff98
core   0: 0x80007db8 (0x0000100f) fence.i
core   0: 3 0x80007db8 (0x0000100f)
core   0: 0x80007dbc (0x615087a3) sb      s5, 1551(ra)
core   0: 3 0x80007dbc (0x615087a3) mem 0x80015d6b 0x6c
core   0: 0x80007dc0 (0xff209883) lh      a7, -14(ra)
core   0: 3 0x80007dc0 (0xff209883) x17 0xfffff6dc mem 0x8001574e
core   0: 0x80007dc4 (0x1c10c883) lbu     a7, 449(ra)
core   0: 3 0x80007dc4 (0x1c10c883) x17 0x0000007c mem 0x8001591d
core   0: 0x80007dc8 (0x5ef0ca83) lbu     s5, 1519(ra)
core   0: 3 0x80007dc8 (0x5ef0ca83) x21 0x00000068 mem 0x80015d4b
core   0: 0x80007dcc (0x00000013) nop
core   0: 3 0x80007dcc (0x00000013)
core   0: 0x80007dd0 (0x0000100f) fence.i
core   0: 3 0x80007dd0 (0x0000100f)
core   0: 0x80007dd4 (0x01d24f33) xor     t5, tp, t4
core   0: 3 0x80007dd4 (0x01d24f33) x30 0x00000066
core   0: 0x80007dd8 (0x0043e7b3) or      a5, t2, tp
core   0: 3 0x80007dd8 (0x0043e7b3) x15 0x0000002e
core   0: 0x80007ddc (0x8c003313) sltiu   t1, zero, -1856
core   0: 3 0x80007ddc (0x8c003313) x 6 0x00000001
core   0: 0x80007de0 (0x4065dbb3) sra     s7, a1, t1
core   0: 3 0x80007de0 (0x4065dbb3) x23 0xc0017672
core   0: 0x80007de4 (0x00f7a933) slt     s2, a5, a5
core   0: 3 0x80007de4 (0x00f7a933) x18 0x00000000
core   0: 0x80007de8 (0xf8509523) sh      t0, -118(ra)
core   0: 3 0x80007de8 (0xf8509523) mem 0x800156e6 0x0001
core   0: 0x80007dec (0xca508323) sb      t0, -858(ra)
core   0: 3 0x80007dec (0xca508323) mem 0x80015402 0x1
core   0: 0x80007df0 (0xe3098e93) addi    t4, s3, -464
core   0: 3 0x80007df0 (0xe3098e93) x29 0xfe61b98d
core   0: 0x80007df4 (0x67f08303) lb      t1, 1663(ra)
core   0: 3 0x80007df4 (0x67f08303) x 6 0xffffffd4 mem 0x80015ddb
core   0: 0x80007df8 (0x93609983) lh      s3, -1738(ra)
core   0: 3 0x80007df8 (0x93609983) x19 0xffffceff mem 0x80015092
core   0: 0x80007dfc (0x414cd913) srai    s2, s9, 20
core   0: 3 0x80007dfc (0x414cd913) x18 0xffffffff
core   0: 0x80007e00 (0x24508ea3) sb      t0, 605(ra)
core   0: 3 0x80007e00 (0x24508ea3) mem 0x800159b9 0x1
core   0: 0x80007e04 (0x41bd0933) sub     s2, s10, s11
core   0: 3 0x80007e04 (0x41bd0933) x18 0xbc2ffd83
core   0: 0x80007e08 (0x01827733) and     a4, tp, s8
core   0: 3 0x80007e08 (0x01827733) x14 0x00000006
core   0: 0x80007e0c (0xc2392f97) auipc   t6, 0xc2392
core   0: 3 0x80007e0c (0xc2392f97) x31 0x42399e0c
core   0: 0x80007e10 (0x9c908c03) lb      s8, -1591(ra)
core   0: 3 0x80007e10 (0x9c908c03) x24 0x0000003e mem 0x80015125
core   0: 0x80007e14 (0x12a5ea17) auipc   s4, 0x12a5e
core   0: 3 0x80007e14 (0x12a5ea17) x20 0x92a65e14
core   0: 0x80007e18 (0x2b308d23) sb      s3, 698(ra)
core   0: 3 0x80007e18 (0x2b308d23) mem 0x80015a16 0xff
core   0: 0x80007e1c (0x0001c297) auipc   t0, 0x1c
core   0: 3 0x80007e1c (0x0001c297) x 5 0x80023e1c
core   0: 0x80007e20 (0xc8328293) addi    t0, t0, -893
core   0: 3 0x80007e20 (0xc8328293) x 5 0x80023a9f
core   0: 0x80007e24 (0xff128ba3) sb      a7, -9(t0)
core   0: 3 0x80007e24 (0xff128ba3) mem 0x80023a96 0x7c
core   0: 0x80007e28 (0xffb2c983) lbu     s3, -5(t0)
core   0: 3 0x80007e28 (0xffb2c983) x19 0x00000070 mem 0x80023a9a
core   0: 0x80007e2c (0x00d2b1b3) sltu    gp, t0, a3
core   0: 3 0x80007e2c (0x00d2b1b3) x 3 0x00000001
core   0: 0x80007e30 (0x0002cf83) lbu     t6, 0(t0)
core   0: 3 0x80007e30 (0x0002cf83) x31 0x00000009 mem 0x80023a9f
core   0: 0x80007e34 (0x0092cb83) lbu     s7, 9(t0)
core   0: 3 0x80007e34 (0x0092cb83) x23 0x000000dc mem 0x80023aa8
core   0: 0x80007e38 (0xcef92d93) slti    s11, s2, -785
core   0: 3 0x80007e38 (0xcef92d93) x27 0x00000001
core   0: 0x80007e3c (0xbcce3a93) sltiu   s5, t3, -1076
core   0: 3 0x80007e3c (0xbcce3a93) x21 0x00000001
core   0: 0x80007e40 (0x97dd4737) lui     a4, 0x97dd4
core   0: 3 0x80007e40 (0x97dd4737) x14 0x97dd4000
core   0: 0x80007e44 (0xfe128d23) sb      ra, -6(t0)
core   0: 3 0x80007e44 (0xfe128d23) mem 0x80023a99 0x5c
core   0: 0x80007e48 (0xd44f6f13) ori     t5, t5, -700
core   0: 3 0x80007e48 (0xd44f6f13) x30 0xfffffd66
core   0: 0x80007e4c (0xff329d83) lh      s11, -13(t0)
core   0: 3 0x80007e4c (0xff329d83) x27 0xffffe90e mem 0x80023a92
core   0: 0x80007e50 (0xff12a803) lw      a6, -15(t0)
core   0: 3 0x80007e50 (0xff12a803) x16 0xe90e1cca mem 0x80023a90
core   0: 0x80007e54 (0x5de13513) sltiu   a0, sp, 1502
core   0: 3 0x80007e54 (0x5de13513) x10 0x00000000
core   0: 0x80007e58 (0x01a11f13) slli    t5, sp, 26
core   0: 3 0x80007e58 (0x01a11f13) x30 0x90000000
core   0: 0x80007e5c (0x014a1e93) slli    t4, s4, 20
core   0: 3 0x80007e5c (0x014a1e93) x29 0xe1400000
core   0: 0x80007e60 (0x00c28183) lb      gp, 12(t0)
core   0: 3 0x80007e60 (0x00c28183) x 3 0xffffffad mem 0x80023aab
core   0: 0x80007e64 (0xfe629ea3) sh      t1, -3(t0)
core   0: 3 0x80007e64 (0xfe629ea3) mem 0x80023a9c 0xffd4
core   0: 0x80007e68 (0xffd29a83) lh      s5, -3(t0)
core   0: 3 0x80007e68 (0xffd29a83) x21 0xffffffd4 mem 0x80023a9c
core   0: 0x80007e6c (0xffb29303) lh      t1, -5(t0)
core   0: 3 0x80007e6c (0xffb29303) x 6 0x00000570 mem 0x80023a9a
core   0: 0x80007e70 (0x015f5ab3) srl     s5, t5, s5
core   0: 3 0x80007e70 (0x015f5ab3) x21 0x00000900
core   0: 0x80007e74 (0xfe92a8a3) sw      s1, -15(t0)
core   0: 3 0x80007e74 (0xfe92a8a3) mem 0x80023a90 0x0000005b
core   0: 0x80007e78 (0x00928183) lb      gp, 9(t0)
core   0: 3 0x80007e78 (0x00928183) x 3 0xffffffdc mem 0x80023aa8
core   0: 0x80007e7c (0x063af9b7) lui     s3, 0x63af
core   0: 3 0x80007e7c (0x063af9b7) x19 0x063af000
core   0: 0x80007e80 (0x0b86a397) auipc   t2, 0xb86a
core   0: 3 0x80007e80 (0x0b86a397) x 7 0x8b871e80
core   0: 0x80007e84 (0xff228683) lb      a3, -14(t0)
core   0: 3 0x80007e84 (0xff228683) x13 0x00000000 mem 0x80023a91
core   0: 0x80007e88 (0xfea29ea3) sh      a0, -3(t0)
core   0: 3 0x80007e88 (0xfea29ea3) mem 0x80023a9c 0x0000
core   0: 0x80007e8c (0xff328ea3) sb      s3, -3(t0)
core   0: 3 0x80007e8c (0xff328ea3) mem 0x80023a9c 0x0
core   0: 0x80007e90 (0x0000100f) fence.i
core   0: 3 0x80007e90 (0x0000100f)
core   0: 0x80007e94 (0x00e47533) and     a0, s0, a4
core   0: 3 0x80007e94 (0x00e47533) x10 0x97dd4000
core   0: 0x80007e98 (0x3ba4c193) xori    gp, s1, 954
core   0: 3 0x80007e98 (0x3ba4c193) x 3 0x000003e1
core   0: 0x80007e9c (0x01e9ce33) xor     t3, s3, t5
core   0: 3 0x80007e9c (0x01e9ce33) x28 0x963af000
core   0: 0x80007ea0 (0x00000013) nop
core   0: 3 0x80007ea0 (0x00000013)
core   0: 0x80007ea4 (0x00579513) slli    a0, a5, 5
core   0: 3 0x80007ea4 (0x00579513) x10 0x000005c0
core   0: 0x80007ea8 (0x012e8cb3) add     s9, t4, s2
core   0: 3 0x80007ea8 (0x012e8cb3) x25 0x9d6ffd83
core   0: 0x80007eac (0x132e0f93) addi    t6, t3, 306
core   0: 3 0x80007eac (0x132e0f93) x31 0x963af132
core   0: 0x80007eb0 (0xa80fef93) ori     t6, t6, -1408
core   0: 3 0x80007eb0 (0xa80fef93) x31 0xfffffbb2
core   0: 0x80007eb4 (0xffb28403) lb      s0, -5(t0)
core   0: 3 0x80007eb4 (0xffb28403) x 8 0x00000070 mem 0x80023a9a
core   0: 0x80007eb8 (0x01e28423) sb      t5, 8(t0)
core   0: 3 0x80007eb8 (0x01e28423) mem 0x80023aa7 0x0
core   0: 0x80007ebc (0x002d5893) srli    a7, s10, 2
core   0: 3 0x80007ebc (0x002d5893) x17 0x2f0bff5b
core   0: 0x80007ec0 (0x00928803) lb      a6, 9(t0)
core   0: 3 0x80007ec0 (0x00928803) x16 0xffffffdc mem 0x80023aa8
core   0: 0x80007ec4 (0x00f29a03) lh      s4, 15(t0)
core   0: 3 0x80007ec4 (0x00f29a03) x20 0x000003b6 mem 0x80023aae
core   0: 0x80007ec8 (0x01b75813) srli    a6, a4, 27
core   0: 3 0x80007ec8 (0x01b75813) x16 0x00000012
core   0: 0x80007ecc (0x00b2de83) lhu     t4, 11(t0)
core   0: 3 0x80007ecc (0x00b2de83) x29 0x0000adb2 mem 0x80023aaa
core   0: 0x80007ed0 (0x00011e97) auipc   t4, 0x11
core   0: 3 0x80007ed0 (0x00011e97) x29 0x80018ed0
core   0: 0x80007ed4 (0xf9de8e93) addi    t4, t4, -99
core   0: 3 0x80007ed4 (0xf9de8e93) x29 0x80018e6d
core   0: 0x80007ed8 (0xafee8003) lb      zero, -1282(t4)
core   0: 3 0x80007ed8 (0xafee8003) mem 0x8001896b
core   0: 0x80007edc (0xaa2e85a3) sb      sp, -1365(t4)
core   0: 3 0x80007edc (0xaa2e85a3) mem 0x80018918 0x64
core   0: 0x80007ee0 (0x994e8283) lb      t0, -1644(t4)
core   0: 3 0x80007ee0 (0x994e8283) x 5 0xffffff9e mem 0x80018801
core   0: 0x80007ee4 (0x994e8383) lb      t2, -1644(t4)
core   0: 3 0x80007ee4 (0x994e8383) x 7 0xffffff9e mem 0x80018801
core   0: 0x80007ee8 (0x018e9c33) sll     s8, t4, s8
core   0: 3 0x80007ee8 (0x018e9c33) x24 0x40000000
core   0: 0x80007eec (0x994e8983) lb      s3, -1644(t4)
core   0: 3 0x80007eec (0x994e8983) x19 0xffffff9e mem 0x80018801
core   0: 0x80007ef0 (0xebcecf03) lbu     t5, -324(t4)
core   0: 3 0x80007ef0 (0xebcecf03) x30 0x00000095 mem 0x80018d29
core   0: 0x80007ef4 (0xeb8e8e23) sb      s8, -324(t4)
core   0: 3 0x80007ef4 (0xeb8e8e23) mem 0x80018d29 0x0
core   0: 0x80007ef8 (0xebcec803) lbu     a6, -324(t4)
core   0: 3 0x80007ef8 (0xebcec803) x16 0x00000000 mem 0x80018d29
core   0: 0x80007efc (0x0000100f) fence.i
core   0: 3 0x80007efc (0x0000100f)
core   0: 0x80007f00 (0xc3ee9ca3) sh      t5, -967(t4)
core   0: 3 0x80007f00 (0xc3ee9ca3) mem 0x80018aa6 0x0095
core   0: 0x80007f04 (0x40258033) sub     zero, a1, sp
core   0: 3 0x80007f04 (0x40258033)
core   0: 0x80007f08 (0xc39ed083) lhu     ra, -967(t4)
core   0: 3 0x80007f08 (0xc39ed083) x 1 0x00000095 mem 0x80018aa6
core   0: 0x80007f0c (0x76263e37) lui     t3, 0x76263
core   0: 3 0x80007f0c (0x76263e37) x28 0x76263000
core   0: 0x80007f10 (0xc26e9ca3) sh      t1, -967(t4)
core   0: 3 0x80007f10 (0xc26e9ca3) mem 0x80018aa6 0x0570
core   0: 0x80007f14 (0xc26e9ca3) sh      t1, -967(t4)
core   0: 3 0x80007f14 (0xc26e9ca3) mem 0x80018aa6 0x0570
core   0: 0x80007f18 (0xc39e8c83) lb      s9, -967(t4)
core   0: 3 0x80007f18 (0xc39e8c83) x25 0x00000070 mem 0x80018aa6
core   0: 0x80007f1c (0x8f7eafa3) sw      s7, -1793(t4)
core   0: 3 0x80007f1c (0x8f7eafa3) mem 0x8001876c 0x000000dc
core   0: 0x80007f20 (0x8ffe8203) lb      tp, -1793(t4)
core   0: 3 0x80007f20 (0x8ffe8203) x 4 0xffffffdc mem 0x8001876c
core   0: 0x80007f24 (0x00017f97) auipc   t6, 0x17
core   0: 3 0x80007f24 (0x00017f97) x31 0x8001ef24
core   0: 0x80007f28 (0xd9cf8f93) addi    t6, t6, -612
core   0: 3 0x80007f28 (0xd9cf8f93) x31 0x8001ecc0
core   0: 0x80007f2c (0x008f81a3) sb      s0, 3(t6)
core   0: 3 0x80007f2c (0x008f81a3) mem 0x8001ecc3 0x70
core   0: 0x80007f30 (0x0000e917) auipc   s2, 0xe
core   0: 3 0x80007f30 (0x0000e917) x18 0x80015f30
core   0: 0x80007f34 (0xb3090913) addi    s2, s2, -1232
core   0: 3 0x80007f34 (0xb3090913) x18 0x80015a60
core   0: 0x80007f38 (0x008fc083) lbu     ra, 8(t6)
core   0: 3 0x80007f38 (0x008fc083) x 1 0x00000077 mem 0x8001ecc8
core   0: 0x80007f3c (0x1ba95403) lhu     s0, 442(s2)
core   0: 3 0x80007f3c (0x1ba95403) x 8 0x0000ed2f mem 0x80015c1a
core   0: 0x80007f40 (0xe8091d03) lh      s10, -384(s2)
core   0: 3 0x80007f40 (0xe8091d03) x26 0x00006fa6 mem 0x800158e0
core   0: 0x80007f44 (0xf6794303) lbu     t1, -153(s2)
core   0: 3 0x80007f44 (0xf6794303) x 6 0x00000000 mem 0x800159c7
core   0: 0x80007f48 (0xff7f8a03) lb      s4, -9(t6)
core   0: 3 0x80007f48 (0xff7f8a03) x20 0x0000007c mem 0x8001ecb7
core   0: 0x80007f4c (0x38e95983) lhu     s3, 910(s2)
core   0: 3 0x80007f4c (0x38e95983) x19 0x0000480f mem 0x80015dee
core   0: 0x80007f50 (0xa9491783) lh      a5, -1388(s2)
core   0: 3 0x80007f50 (0xa9491783) x15 0xffff9c5b mem 0x800154f4
core   0: 0x80007f54 (0xfb994303) lbu     t1, -71(s2)
core   0: 3 0x80007f54 (0xfb994303) x 6 0x000000ad mem 0x80015a19
core   0: 0x80007f58 (0x018f9123) sh      s8, 2(t6)
core   0: 3 0x80007f58 (0x018f9123) mem 0x8001ecc2 0x0000
core   0: 0x80007f5c (0xfeaf9d23) sh      a0, -6(t6)
core   0: 3 0x80007f5c (0xfeaf9d23) mem 0x8001ecba 0x05c0
core   0: 0x80007f60 (0x00dfcc83) lbu     s9, 13(t6)
core   0: 3 0x80007f60 (0x00dfcc83) x25 0x0000001e mem 0x8001eccd
core   0: 0x80007f64 (0x96790823) sb      t2, -1680(s2)
core   0: 3 0x80007f64 (0x96790823) mem 0x800153d0 0x9e
core   0: 0x80007f68 (0x14790023) sb      t2, 320(s2)
core   0: 3 0x80007f68 (0x14790023) mem 0x80015ba0 0x9e
core   0: 0x80007f6c (0x004f85a3) sb      tp, 11(t6)
core   0: 3 0x80007f6c (0x004f85a3) mem 0x8001eccb 0xdc
core   0: 0x80007f70 (0x0000ea97) auipc   s5, 0xe
core   0: 3 0x80007f70 (0x0000ea97) x21 0x80015f70
core   0: 0x80007f74 (0xf23a8a93) addi    s5, s5, -221
core   0: 3 0x80007f74 (0xf23a8a93) x21 0x80015e93
core   0: 0x80007f78 (0x002ac903) lbu     s2, 2(s5)
core   0: 3 0x80007f78 (0x002ac903) x18 0x000000e2 mem 0x80015e95
core   0: 0x80007f7c (0x002a8483) lb      s1, 2(s5)
core   0: 3 0x80007f7c (0x002a8483) x 9 0xffffffe2 mem 0x80015e95
core   0: 0x80007f80 (0x003a8123) sb      gp, 2(s5)
core   0: 3 0x80007f80 (0x003a8123) mem 0x80015e95 0xe1
core   0: 0x80007f84 (0x4f368793) addi    a5, a3, 1267
core   0: 3 0x80007f84 (0x4f368793) x15 0x000004f3
core   0: 0x80007f88 (0x002a8a03) lb      s4, 2(s5)
core   0: 3 0x80007f88 (0x002a8a03) x20 0xffffffe1 mem 0x80015e95
core   0: 0x80007f8c (0x002a8283) lb      t0, 2(s5)
core   0: 3 0x80007f8c (0x002a8283) x 5 0xffffffe1 mem 0x80015e95
core   0: 0x80007f90 (0x002ac783) lbu     a5, 2(s5)
core   0: 3 0x80007f90 (0x002ac783) x15 0x000000e1 mem 0x80015e95
core   0: 0x80007f94 (0x003acf03) lbu     t5, 3(s5)
core   0: 3 0x80007f94 (0x003acf03) x30 0x00000059 mem 0x80015e96
core   0: 0x80007f98 (0x8f8dc213) xori    tp, s11, -1800
core   0: 3 0x80007f98 (0x8f8dc213) x 4 0x000011f6
core   0: 0x80007f9c (0x003adc83) lhu     s9, 3(s5)
core   0: 3 0x80007f9c (0x003adc83) x25 0x00009959 mem 0x80015e96
core   0: 0x80007fa0 (0x003add03) lhu     s10, 3(s5)
core   0: 3 0x80007fa0 (0x003add03) x26 0x00009959 mem 0x80015e96
core   0: 0x80007fa4 (0x73df8093) addi    ra, t6, 1853
core   0: 3 0x80007fa4 (0x73df8093) x 1 0x8001f3fd
core   0: 0x80007fa8 (0x013a91a3) sh      s3, 3(s5)
core   0: 3 0x80007fa8 (0x013a91a3) mem 0x80015e96 0x480f
core   0: 0x80007fac (0xaea9c197) auipc   gp, 0xaea9c
core   0: 3 0x80007fac (0xaea9c197) x 3 0x2eaa3fac
core   0: 0x80007fb0 (0x0194cc33) xor     s8, s1, s9
core   0: 3 0x80007fb0 (0x0194cc33) x24 0xffff66bb
core   0: 0x80007fb4 (0x003ad883) lhu     a7, 3(s5)
core   0: 3 0x80007fb4 (0x003ad883) x17 0x0000480f mem 0x80015e96
core   0: 0x80007fb8 (0x0000dc17) auipc   s8, 0xd
core   0: 3 0x80007fb8 (0x0000dc17) x24 0x80014fb8
core   0: 0x80007fbc (0x0b2c0c13) addi    s8, s8, 178
core   0: 3 0x80007fbc (0x0b2c0c13) x24 0x8001506a
core   0: 0x80007fc0 (0x00018697) auipc   a3, 0x18
core   0: 3 0x80007fc0 (0x00018697) x13 0x8001ffc0
core   0: 0x80007fc4 (0x8c568693) addi    a3, a3, -1851
core   0: 3 0x80007fc4 (0x8c568693) x13 0x8001f885
core   0: 0x80007fc8 (0x3b86cc83) lbu     s9, 952(a3)
core   0: 3 0x80007fc8 (0x3b86cc83) x25 0x000000e2 mem 0x8001fc3d
core   0: 0x80007fcc (0x228686a3) sb      s0, 557(a3)
core   0: 3 0x80007fcc (0x228686a3) mem 0x8001fab2 0x2f
core   0: 0x80007fd0 (0x03dc4383) lbu     t2, 61(s8)
core   0: 3 0x80007fd0 (0x03dc4383) x 7 0x00000007 mem 0x800150a7
core   0: 0x80007fd4 (0xc826ca83) lbu     s5, -894(a3)
core   0: 3 0x80007fd4 (0xc826ca83) x21 0x00000016 mem 0x8001f507
core   0: 0x80007fd8 (0x03cc2923) sw      t3, 50(s8)
core   0: 3 0x80007fd8 (0x03cc2923) mem 0x8001509c 0x76263000
core   0: 0x80007fdc (0x1836a783) lw      a5, 387(a3)
core   0: 3 0x80007fdc (0x1836a783) x15 0x746dbf11 mem 0x8001fa08
core   0: 0x80007fe0 (0x017c05a3) sb      s7, 11(s8)
core   0: 3 0x80007fe0 (0x017c05a3) mem 0x80015075 0xdc
core   0: 0x80007fe4 (0xe9568003) lb      zero, -363(a3)
core   0: 3 0x80007fe4 (0xe9568003) mem 0x8001f71a
core   0: 0x80007fe8 (0x22e68a83) lb      s5, 558(a3)
core   0: 3 0x80007fe8 (0x22e68a83) x21 0xffffff97 mem 0x8001fab3
core   0: 0x80007fec (0x00bc1023) sh      a1, 0(s8)
core   0: 3 0x80007fec (0x00bc1023) mem 0x8001506a 0xece4
core   0: 0x80007ff0 (0x021c0823) sb      ra, 48(s8)
core   0: 3 0x80007ff0 (0x021c0823) mem 0x8001509a 0xfd
core   0: 0x80007ff4 (0x029c4903) lbu     s2, 41(s8)
core   0: 3 0x80007ff4 (0x029c4903) x18 0x000000ce mem 0x80015093
core   0: 0x80007ff8 (0x0000e297) auipc   t0, 0xe
core   0: 3 0x80007ff8 (0x0000e297) x 5 0x80015ff8
core   0: 0x80007ffc (0xa6228293) addi    t0, t0, -1438
core   0: 3 0x80007ffc (0xa6228293) x 5 0x80015a5a
core   0: 0x80008000 (0x0000de97) auipc   t4, 0xd
core   0: 3 0x80008000 (0x0000de97) x29 0x80015000
core   0: 0x80008004 (0x483e8e93) addi    t4, t4, 1155
core   0: 3 0x80008004 (0x483e8e93) x29 0x80015483
core   0: 0x80008008 (0x0000ef97) auipc   t6, 0xe
core   0: 3 0x80008008 (0x0000ef97) x31 0x80016008
core   0: 0x8000800c (0x8adf8f93) addi    t6, t6, -1875
core   0: 3 0x8000800c (0x8adf8f93) x31 0x800158b5
core   0: 0x80008010 (0x0000ef17) auipc   t5, 0xe
core   0: 3 0x80008010 (0x0000ef17) x30 0x80016010
core   0: 0x80008014 (0xe64f0f13) addi    t5, t5, -412
core   0: 3 0x80008014 (0xe64f0f13) x30 0x80015e74
core   0: 0x80008018 (0x02f282a3) sb      a5, 37(t0)
core   0: 3 0x80008018 (0x02f282a3) mem 0x80015a7f 0x11
core   0: 0x8000801c (0x0000de17) auipc   t3, 0xd
core   0: 3 0x8000801c (0x0000de17) x28 0x8001501c
core   0: 0x80008020 (0x540e0e13) addi    t3, t3, 1344
core   0: 3 0x80008020 (0x540e0e13) x28 0x8001555c
core   0: 0x80008024 (0x010e96a3) sh      a6, 13(t4)
core   0: 3 0x80008024 (0x010e96a3) mem 0x80015490 0x0000
core   0: 0x80008028 (0x001e4083) lbu     ra, 1(t3)
core   0: 3 0x80008028 (0x001e4083) x 1 0x00000000 mem 0x8001555d
core   0: 0x8000802c (0x01fe9483) lh      s1, 31(t4)
core   0: 3 0x8000802c (0x01fe9483) x 9 0xffffcb24 mem 0x800154a2
core   0: 0x80008030 (0xff4f8a03) lb      s4, -12(t6)
core   0: 3 0x80008030 (0xff4f8a03) x20 0x00000000 mem 0x800158a9
core   0: 0x80008034 (0xfd82af23) sw      s8, -34(t0)
core   0: 3 0x80008034 (0xfd82af23) mem 0x80015a38 0x8001506a
core   0: 0x80008038 (0x008e5b83) lhu     s7, 8(t3)
core   0: 3 0x80008038 (0x008e5b83) x23 0x000039f6 mem 0x80015564
core   0: 0x8000803c (0x00ae8a23) sb      a0, 20(t4)
core   0: 3 0x8000803c (0x00ae8a23) mem 0x80015497 0xc0
core   0: 0x80008040 (0xf7a29783) lh      a5, -134(t0)
core   0: 3 0x80008040 (0xf7a29783) x15 0xffff926f mem 0x800159d4
core   0: 0x80008044 (0xff6f4703) lbu     a4, -10(t5)
core   0: 3 0x80008044 (0xff6f4703) x14 0x0000008d mem 0x80015e6a
core   0: 0x80008048 (0x09728c83) lb      s9, 151(t0)
core   0: 3 0x80008048 (0x09728c83) x25 0xffffff81 mem 0x80015af1
core   0: 0x8000804c (0xfab2c703) lbu     a4, -85(t0)
core   0: 3 0x8000804c (0xfab2c703) x14 0x0000000c mem 0x80015a05
core   0: 0x80008050 (0x00ee4483) lbu     s1, 14(t3)
core   0: 3 0x80008050 (0x00ee4483) x 9 0x00000094 mem 0x8001556a
core   0: 0x80008054 (0x02be9403) lh      s0, 43(t4)
core   0: 3 0x80008054 (0x02be9403) x 8 0xfffffd27 mem 0x800154ae
core   0: 0x80008058 (0xff5e0e23) sb      s5, -4(t3)
core   0: 3 0x80008058 (0xff5e0e23) mem 0x80015558 0x97
core   0: 0x8000805c (0xff1f4303) lbu     t1, -15(t5)
core   0: 3 0x8000805c (0xff1f4303) x 6 0x000000ef mem 0x80015e65
core   0: 0x80008060 (0x09cfca83) lbu     s5, 156(t6)
core   0: 3 0x80008060 (0x09cfca83) x21 0x000000ce mem 0x80015951
core   0: 0x80008064 (0x01de1723) sh      t4, 14(t3)
core   0: 3 0x80008064 (0x01de1723) mem 0x8001556a 0x5483
core   0: 0x80008068 (0xf342a123) sw      s4, -222(t0)
core   0: 3 0x80008068 (0xf342a123) mem 0x8001597c 0x00000000
core   0: 0x8000806c (0xffcf2c23) sw      t3, -8(t5)
core   0: 3 0x8000806c (0xffcf2c23) mem 0x80015e6c 0x8001555c
core   0: 0x80008070 (0xfecfc483) lbu     s1, -20(t6)
core   0: 3 0x80008070 (0xfecfc483) x 9 0x000000a8 mem 0x800158a1
core   0: 0x80008074 (0x0812c503) lbu     a0, 129(t0)
core   0: 3 0x80008074 (0x0812c503) x10 0x00000000 mem 0x80015adb
core   0: 0x80008078 (0xff8e2603) lw      a2, -8(t3)
core   0: 3 0x80008078 (0xff8e2603) x12 0x285310a4 mem 0x80015554
core   0: 0x8000807c (0x004e8d03) lb      s10, 4(t4)
core   0: 3 0x8000807c (0x004e8d03) x26 0xfffffffb mem 0x80015487
core   0: 0x80008080 (0xfc9e9c83) lh      s9, -55(t4)
core   0: 3 0x80008080 (0xfc9e9c83) x25 0x00004028 mem 0x8001544c
core   0: 0x80008084 (0xf99287a3) sb      s9, -113(t0)
core   0: 3 0x80008084 (0xf99287a3) mem 0x800159e9 0x28
core   0: 0x80008088 (0x015f8783) lb      a5, 21(t6)
core   0: 3 0x80008088 (0x015f8783) x15 0x0000002e mem 0x800158ca
core   0: 0x8000808c (0xfe0e84a3) sb      zero, -23(t4)
core   0: 3 0x8000808c (0xfe0e84a3) mem 0x8001546c 0x0
core   0: 0x80008090 (0x014f8983) lb      s3, 20(t6)
core   0: 3 0x80008090 (0x014f8983) x19 0x0000001e mem 0x800158c9
core   0: 0x80008094 (0xf572ad23) sw      s7, -166(t0)
core   0: 3 0x80008094 (0xf572ad23) mem 0x800159b4 0x000039f6
core   0: 0x80008098 (0xffdf0603) lb      a2, -3(t5)
core   0: 3 0x80008098 (0xffdf0603) x12 0x00000000 mem 0x80015e71
core   0: 0x8000809c (0xfe2e86a3) sb      sp, -19(t4)
core   0: 3 0x8000809c (0xfe2e86a3) mem 0x80015470 0x64
core   0: 0x800080a0 (0x00df06a3) sb      a3, 13(t5)
core   0: 3 0x800080a0 (0x00df06a3) mem 0x80015e81 0x85
core   0: 0x800080a4 (0x0e6280a3) sb      t1, 225(t0)
core   0: 3 0x800080a4 (0x0e6280a3) mem 0x80015b3b 0xef
core   0: 0x800080a8 (0xff7e4803) lbu     a6, -9(t3)
core   0: 3 0x800080a8 (0xff7e4803) x16 0x000000cd mem 0x80015553
core   0: 0x800080ac (0xfdaeca03) lbu     s4, -38(t4)
core   0: 3 0x800080ac (0xfdaeca03) x20 0x000000bb mem 0x8001545d
core   0: 0x800080b0 (0x0000de97) auipc   t4, 0xd
core   0: 3 0x800080b0 (0x0000de97) x29 0x800150b0
core   0: 0x800080b4 (0x5bfe8e93) addi    t4, t4, 1471
core   0: 3 0x800080b4 (0x5bfe8e93) x29 0x8001566f
core   0: 0x800080b8 (0x140128b7) lui     a7, 0x14012
core   0: 3 0x800080b8 (0x140128b7) x17 0x14012000
core   0: 0x800080bc (0x005317b3) sll     a5, t1, t0
core   0: 3 0x800080bc (0x005317b3) x15 0xbc000000
core   0: 0x800080c0 (0x5fc22c93) slti    s9, tp, 1532
core   0: 3 0x800080c0 (0x5fc22c93) x25 0x00000000
core   0: 0x800080c4 (0x042ec403) lbu     s0, 66(t4)
core   0: 3 0x800080c4 (0x042ec403) x 8 0x0000008d mem 0x800156b1
core   0: 0x800080c8 (0x44c23e17) auipc   t3, 0x44c23
core   0: 3 0x800080c8 (0x44c23e17) x28 0xc4c2b0c8
core   0: 0x800080cc (0x0c280613) addi    a2, a6, 194
core   0: 3 0x800080cc (0x0c280613) x12 0x0000018f
core   0: 0x800080d0 (0xf0deca83) lbu     s5, -243(t4)
core   0: 3 0x800080d0 (0xf0deca83) x21 0x00000042 mem 0x8001557c
core   0: 0x800080d4 (0xfb0e8d03) lb      s10, -80(t4)
core   0: 3 0x800080d4 (0xfb0e8d03) x26 0x0000002f mem 0x8001561f
core   0: 0x800080d8 (0x01f439b3) sltu    s3, s0, t6
core   0: 3 0x800080d8 (0x01f439b3) x19 0x00000001
core   0: 0x800080dc (0xff5e8823) sb      s5, -16(t4)
core   0: 3 0x800080dc (0xff5e8823) mem 0x8001565f 0x42
core   0: 0x800080e0 (0x01751f33) sll     t5, a0, s7
core   0: 3 0x800080e0 (0x01751f33) x30 0x00000000
core   0: 0x800080e4 (0xfdfe8323) sb      t6, -58(t4)
core   0: 3 0x800080e4 (0xfdfe8323) mem 0x80015635 0xb5
core   0: 0x800080e8 (0xfa5e8603) lb      a2, -91(t4)
core   0: 3 0x800080e8 (0xfa5e8603) x12 0xffffffd8 mem 0x80015614
core   0: 0x800080ec (0xfd2e8203) lb      tp, -46(t4)
core   0: 3 0x800080ec (0xfd2e8203) x 4 0x00000002 mem 0x80015641
core   0: 0x800080f0 (0xde2aa393) slti    t2, s5, -542
core   0: 3 0x800080f0 (0xde2aa393) x 7 0x00000000
core   0: 0x800080f4 (0x070e8923) sb      a6, 114(t4)
core   0: 3 0x800080f4 (0x070e8923) mem 0x800156e1 0xcd
core   0: 0x800080f8 (0x01f92cb3) slt     s9, s2, t6
core   0: 3 0x800080f8 (0x01f92cb3) x25 0x00000000
core   0: 0x800080fc (0x040ec803) lbu     a6, 64(t4)
core   0: 3 0x800080fc (0x040ec803) x16 0x000000ba mem 0x800156af
core   0: 0x80008100 (0xf59ecb83) lbu     s7, -167(t4)
core   0: 3 0x80008100 (0xf59ecb83) x23 0x00000080 mem 0x800155c8
core   0: 0x80008104 (0x01ad9097) auipc   ra, 0x1ad9
core   0: 3 0x80008104 (0x01ad9097) x 1 0x81ae1104
core   0: 0x80008108 (0x0ff0000f) fence   iorw,iorw
core   0: 3 0x80008108 (0x0ff0000f)
core   0: 0x8000810c (0x40dd04b3) sub     s1, s10, a3
core   0: 3 0x8000810c (0x40dd04b3) x 9 0x7ffe07aa
core   0: 0x80008110 (0xb7cf53b7) lui     t2, 0xb7cf5
core   0: 3 0x80008110 (0xb7cf53b7) x 7 0xb7cf5000
core   0: 0x80008114 (0x00f0efb3) or      t6, ra, a5
core   0: 3 0x80008114 (0x00f0efb3) x31 0xbdae1104
core   0: 0x80008118 (0xfb4e8183) lb      gp, -76(t4)
core   0: 3 0x80008118 (0xfb4e8183) x 3 0xffffffca mem 0x80015623
core   0: 0x8000811c (0x006fe3b3) or      t2, t6, t1
core   0: 3 0x8000811c (0x006fe3b3) x 7 0xbdae11ef
core   0: 0x80008120 (0x0ff0000f) fence   iorw,iorw
core   0: 3 0x80008120 (0x0ff0000f)
core   0: 0x80008124 (0x04fed403) lhu     s0, 79(t4)
core   0: 3 0x80008124 (0x04fed403) x 8 0x0000b5f7 mem 0x800156be
core   0: 0x80008128 (0x0195dcb3) srl     s9, a1, s9
core   0: 3 0x80008128 (0x0195dcb3) x25 0x8002ece4
core   0: 0x8000812c (0x00b4d6b3) srl     a3, s1, a1
core   0: 3 0x8000812c (0x00b4d6b3) x13 0x07ffe07a
core   0: 0x80008130 (0x003e3433) sltu    s0, t3, gp
core   0: 3 0x80008130 (0x003e3433) x 8 0x00000001
core   0: 0x80008134 (0xf97eca03) lbu     s4, -105(t4)
core   0: 3 0x80008134 (0xf97eca03) x20 0x0000000e mem 0x80015606
core   0: 0x80008138 (0x00c25713) srli    a4, tp, 12
core   0: 3 0x80008138 (0x00c25713) x14 0x00000000
core   0: 0x8000813c (0xfb0eca03) lbu     s4, -80(t4)
core   0: 3 0x8000813c (0xfb0eca03) x20 0x0000002f mem 0x8001561f
core   0: 0x80008140 (0x01c336b3) sltu    a3, t1, t3
core   0: 3 0x80008140 (0x01c336b3) x13 0x00000001
core   0: 0x80008144 (0x89b0ec37) lui     s8, 0x89b0e
core   0: 3 0x80008144 (0x89b0ec37) x24 0x89b0e000
core   0: 0x80008148 (0xf99e8da3) sb      s9, -101(t4)
core   0: 3 0x80008148 (0xf99e8da3) mem 0x8001560a 0xe4
core   0: 0x8000814c (0x4149dc13) srai    s8, s3, 20
core   0: 3 0x8000814c (0x4149dc13) x24 0x00000000
core   0: 0x80008150 (0x94768993) addi    s3, a3, -1721
core   0: 3 0x80008150 (0x94768993) x19 0xfffff948
core   0: 0x80008154 (0x06ae8a83) lb      s5, 106(t4)
core   0: 3 0x80008154 (0x06ae8a83) x21 0xfffffffd mem 0x800156d9
core   0: 0x80008158 (0x3eb48313) addi    t1, s1, 1003
core   0: 3 0x80008158 (0x3eb48313) x 6 0x7ffe0b95
core   0: 0x8000815c (0xf43e9783) lh      a5, -189(t4)
core   0: 3 0x8000815c (0xf43e9783) x15 0x00000000 mem 0x800155b2
core   0: 0x80008160 (0x050ea4a3) sw      a6, 73(t4)
core   0: 3 0x80008160 (0x050ea4a3) mem 0x800156b8 0x000000ba
core   0: 0x80008164 (0xff1e9383) lh      t2, -15(t4)
core   0: 3 0x80008164 (0xff1e9383) x 7 0x00006066 mem 0x80015660
core   0: 0x80008168 (0x00012d17) auipc   s10, 0x12
core   0: 3 0x80008168 (0x00012d17) x26 0x8001a168
core   0: 0x8000816c (0x865d0d13) addi    s10, s10, -1947
core   0: 3 0x8000816c (0x865d0d13) x26 0x800199cd
core   0: 0x80008170 (0x014d9f13) slli    t5, s11, 20
core   0: 3 0x80008170 (0x014d9f13) x30 0x90e00000
core   0: 0x80008174 (0x034d0e83) lb      t4, 52(s10)
core   0: 3 0x80008174 (0x034d0e83) x29 0xffffffa7 mem 0x80019a01
core   0: 0x80008178 (0x415e5033) sra     zero, t3, s5
core   0: 3 0x80008178 (0x415e5033)
core   0: 0x8000817c (0x00000013) nop
core   0: 3 0x8000817c (0x00000013)
core   0: 0x80008180 (0x009813b3) sll     t2, a6, s1
core   0: 3 0x80008180 (0x009813b3) x 7 0x0002e800
core   0: 0x80008184 (0x025d5503) lhu     a0, 37(s10)
core   0: 3 0x80008184 (0x025d5503) x10 0x00005572 mem 0x800199f2
core   0: 0x80008188 (0x0000100f) fence.i
core   0: 3 0x80008188 (0x0000100f)
core   0: 0x8000818c (0x02cd0d23) sb      a2, 58(s10)
core   0: 3 0x8000818c (0x02cd0d23) mem 0x80019a07 0xd8
core   0: 0x80008190 (0x01452933) slt     s2, a0, s4
core   0: 3 0x80008190 (0x01452933) x18 0x00000000
core   0: 0x80008194 (0xfd7d04a3) sb      s7, -55(s10)
core   0: 3 0x80008194 (0xfd7d04a3) mem 0x80019996 0x80
core   0: 0x80008198 (0x025d5203) lhu     tp, 37(s10)
core   0: 3 0x80008198 (0x025d5203) x 4 0x00005572 mem 0x800199f2
core   0: 0x8000819c (0x00000013) nop
core   0: 3 0x8000819c (0x00000013)
core   0: 0x800081a0 (0xac9df917) auipc   s2, 0xac9df
core   0: 3 0x800081a0 (0xac9df917) x18 0x2c9e71a0
core   0: 0x800081a4 (0xfc8d0203) lb      tp, -56(s10)
core   0: 3 0x800081a4 (0xfc8d0203) x 4 0xffffffbd mem 0x80019995
core   0: 0x800081a8 (0x41a0df93) srai    t6, ra, 26
core   0: 3 0x800081a8 (0x41a0df93) x31 0xffffffe0
core   0: 0x800081ac (0xfccd0983) lb      s3, -52(s10)
core   0: 3 0x800081ac (0xfccd0983) x19 0x00000078 mem 0x80019999
core   0: 0x800081b0 (0xfd8d0e83) lb      t4, -40(s10)
core   0: 3 0x800081b0 (0xfd8d0e83) x29 0x00000049 mem 0x800199a5
core   0: 0x800081b4 (0x59ab4093) xori    ra, s6, 1434
core   0: 3 0x800081b4 (0x59ab4093) x 1 0xfe61bec6
core   0: 0x800081b8 (0x0067d713) srli    a4, a5, 6
core   0: 3 0x800081b8 (0x0067d713) x14 0x00000000
core   0: 0x800081bc (0x00681733) sll     a4, a6, t1
core   0: 3 0x800081bc (0x00681733) x14 0x17400000
core   0: 0x800081c0 (0x014d03a3) sb      s4, 7(s10)
core   0: 3 0x800081c0 (0x014d03a3) mem 0x800199d4 0x2f
core   0: 0x800081c4 (0x4e6c2c13) slti    s8, s8, 1254
core   0: 3 0x800081c4 (0x4e6c2c13) x24 0x00000001
core   0: 0x800081c8 (0xfded0603) lb      a2, -34(s10)
core   0: 3 0x800081c8 (0xfded0603) x12 0xffffff87 mem 0x800199ab
core   0: 0x800081cc (0x0ff0000f) fence   iorw,iorw
core   0: 3 0x800081cc (0x0ff0000f)
core   0: 0x800081d0 (0xfe64fb93) andi    s7, s1, -26
core   0: 3 0x800081d0 (0xfe64fb93) x23 0x7ffe07a2
core   0: 0x800081d4 (0x02ed4c03) lbu     s8, 46(s10)
core   0: 3 0x800081d4 (0x02ed4c03) x24 0x000000ee mem 0x800199fb
core   0: 0x800081d8 (0xfa723517) auipc   a0, 0xfa723
core   0: 3 0x800081d8 (0xfa723517) x10 0x7a72b1d8
core   0: 0x800081dc (0xfd2d0203) lb      tp, -46(s10)
core   0: 3 0x800081dc (0xfd2d0203) x 4 0xffffffd4 mem 0x8001999f
core   0: 0x800081e0 (0x01dc9893) slli    a7, s9, 29
core   0: 3 0x800081e0 (0x01dc9893) x17 0x80000000
core   0: 0x800081e4 (0x00b71033) sll     zero, a4, a1
core   0: 3 0x800081e4 (0x00b71033)
core   0: 0x800081e8 (0x002d0503) lb      a0, 2(s10)
core   0: 3 0x800081e8 (0x002d0503) x10 0xffffffc7 mem 0x800199cf
core   0: 0x800081ec (0x00dd70b3) and     ra, s10, a3
core   0: 3 0x800081ec (0x00dd70b3) x 1 0x00000001
core   0: 0x800081f0 (0x41200eb3) sub     t4, zero, s2
core   0: 3 0x800081f0 (0x41200eb3) x29 0xd3618e60
core   0: 0x800081f4 (0x0052beb3) sltu    t4, t0, t0
core   0: 3 0x800081f4 (0x0052beb3) x29 0x00000000
core   0: 0x800081f8 (0x00565193) srli    gp, a2, 5
core   0: 3 0x800081f8 (0x00565193) x 3 0x07fffffc
core   0: 0x800081fc (0x35fc2913) slti    s2, s8, 863
core   0: 3 0x800081fc (0x35fc2913) x18 0x00000001
core   0: 0x80008200 (0x9557c913) xori    s2, a5, -1707
core   0: 3 0x80008200 (0x9557c913) x18 0xfffff955
core   0: 0x80008204 (0x00201db3) sll     s11, zero, sp
core   0: 3 0x80008204 (0x00201db3) x27 0x00000000
core   0: 0x80008208 (0xfead16a3) sh      a0, -19(s10)
core   0: 3 0x80008208 (0xfead16a3) mem 0x800199ba 0xffc7
core   0: 0x8000820c (0xfead4803) lbu     a6, -22(s10)
core   0: 3 0x8000820c (0xfead4803) x16 0x000000e0 mem 0x800199b7
core   0: 0x80008210 (0x009bbdb3) sltu    s11, s7, s1
core   0: 3 0x80008210 (0x009bbdb3) x27 0x00000001
core   0: 0x80008214 (0x03dd0423) sb      t4, 40(s10)
core   0: 3 0x80008214 (0x03dd0423) mem 0x800199f5 0x0
core   0: 0x80008218 (0x046d0023) sb      t1, 64(s10)
core   0: 3 0x80008218 (0x046d0023) mem 0x80019a0d 0x95
core   0: 0x8000821c (0x01fd0623) sb      t6, 12(s10)
core   0: 3 0x8000821c (0x01fd0623) mem 0x800199d9 0xe0
core   0: 0x80008220 (0x4485a493) slti    s1, a1, 1096
core   0: 3 0x80008220 (0x4485a493) x 9 0x00000001
core   0: 0x80008224 (0x02ed0723) sb      a4, 46(s10)
core   0: 3 0x80008224 (0x02ed0723) mem 0x800199fb 0x0
core   0: 0x80008228 (0x0000da97) auipc   s5, 0xd
core   0: 3 0x80008228 (0x0000da97) x21 0x80015228
core   0: 0x8000822c (0x4d5a8a93) addi    s5, s5, 1237
core   0: 3 0x8000822c (0x4d5a8a93) x21 0x800156fd
core   0: 0x80008230 (0xff9a8b23) sb      s9, -10(s5)
core   0: 3 0x80008230 (0xff9a8b23) mem 0x800156f3 0xe4
core   0: 0x80008234 (0xff7a8b23) sb      s7, -10(s5)
core   0: 3 0x80008234 (0xff7a8b23) mem 0x800156f3 0xa2
core   0: 0x80008238 (0xff6a8783) lb      a5, -10(s5)
core   0: 3 0x80008238 (0xff6a8783) x15 0xffffffa2 mem 0x800156f3
core   0: 0x8000823c (0xff6a8d03) lb      s10, -10(s5)
core   0: 3 0x8000823c (0xff6a8d03) x26 0xffffffa2 mem 0x800156f3
core   0: 0x80008240 (0xff6a8303) lb      t1, -10(s5)
core   0: 3 0x80008240 (0xff6a8303) x 6 0xffffffa2 mem 0x800156f3
core   0: 0x80008244 (0xfeaa8b23) sb      a0, -10(s5)
core   0: 3 0x80008244 (0xfeaa8b23) mem 0x800156f3 0xc7
core   0: 0x80008248 (0x0077f033) and     zero, a5, t2
core   0: 3 0x80008248 (0x0077f033)
core   0: 0x8000824c (0xff6a8d03) lb      s10, -10(s5)
core   0: 3 0x8000824c (0xff6a8d03) x26 0xffffffc7 mem 0x800156f3
core   0: 0x80008250 (0x01314a33) xor     s4, sp, s3
core   0: 3 0x80008250 (0x01314a33) x20 0x8002ae1c
core   0: 0x80008254 (0xfeaa8b23) sb      a0, -10(s5)
core   0: 3 0x80008254 (0xfeaa8b23) mem 0x800156f3 0xc7
core   0: 0x80008258 (0xff6a8903) lb      s2, -10(s5)
core   0: 3 0x80008258 (0xff6a8903) x18 0xffffffc7 mem 0x800156f3
core   0: 0x8000825c (0xff6ac903) lbu     s2, -10(s5)
core   0: 3 0x8000825c (0xff6ac903) x18 0x000000c7 mem 0x800156f3
core   0: 0x80008260 (0xff6acd03) lbu     s10, -10(s5)
core   0: 3 0x80008260 (0xff6acd03) x26 0x000000c7 mem 0x800156f3
core   0: 0x80008264 (0xff6acc03) lbu     s8, -10(s5)
core   0: 3 0x80008264 (0xff6acc03) x24 0x000000c7 mem 0x800156f3
core   0: 0x80008268 (0x01dc4d33) xor     s10, s8, t4
core   0: 3 0x80008268 (0x01dc4d33) x26 0x000000c7
core   0: 0x8000826c (0xff6a8983) lb      s3, -10(s5)
core   0: 3 0x8000826c (0xff6a8983) x19 0xffffffc7 mem 0x800156f3
core   0: 0x80008270 (0x013980b3) add     ra, s3, s3
core   0: 3 0x80008270 (0x013980b3) x 1 0xffffff8e
core   0: 0x80008274 (0xff6ac383) lbu     t2, -10(s5)
core   0: 3 0x80008274 (0xff6ac383) x 7 0x000000c7 mem 0x800156f3
core   0: 0x80008278 (0x01a2f033) and     zero, t0, s10
core   0: 3 0x80008278 (0x01a2f033)
core   0: 0x8000827c (0xfe7a8b23) sb      t2, -10(s5)
core   0: 3 0x8000827c (0xfe7a8b23) mem 0x800156f3 0xc7
core   0: 0x80008280 (0xff6ac783) lbu     a5, -10(s5)
core   0: 3 0x80008280 (0xff6ac783) x15 0x000000c7 mem 0x800156f3
core   0: 0x80008284 (0x0001de17) auipc   t3, 0x1d
core   0: 3 0x80008284 (0x0001de17) x28 0x80025284
core   0: 0x80008288 (0x2dee0e13) addi    t3, t3, 734
core   0: 3 0x80008288 (0x2dee0e13) x28 0x80025562
core   0: 0x8000828c (0x001e4f83) lbu     t6, 1(t3)
core   0: 3 0x8000828c (0x001e4f83) x31 0x00000084 mem 0x80025563
core   0: 0x80008290 (0x038e4c03) lbu     s8, 56(t3)
core   0: 3 0x80008290 (0x038e4c03) x24 0x000000bc mem 0x8002559a
core   0: 0x80008294 (0x033e4f03) lbu     t5, 51(t3)
core   0: 3 0x80008294 (0x033e4f03) x30 0x0000008d mem 0x80025595
core   0: 0x80008298 (0x033e2523) sw      s3, 42(t3)
core   0: 3 0x80008298 (0x033e2523) mem 0x8002558c 0xffffffc7
core   0: 0x8000829c (0x02fe1523) sh      a5, 42(t3)
core   0: 3 0x8000829c (0x02fe1523) mem 0x8002558c 0x00c7
core   0: 0x800082a0 (0x02ae2703) lw      a4, 42(t3)
core   0: 3 0x800082a0 (0x02ae2703) x14 0xffff00c7 mem 0x8002558c
core   0: 0x800082a4 (0xfd5e2123) sw      s5, -62(t3)
core   0: 3 0x800082a4 (0xfd5e2123) mem 0x80025524 0x800156fd
core   0: 0x800082a8 (0xfc2e5403) lhu     s0, -62(t3)
core   0: 3 0x800082a8 (0xfc2e5403) x 8 0x000056fd mem 0x80025524
core   0: 0x800082ac (0xfc6e1123) sh      t1, -62(t3)
core   0: 3 0x800082ac (0xfc6e1123) mem 0x80025524 0xffa2
core   0: 0x800082b0 (0x0ff0000f) fence   iorw,iorw
core   0: 3 0x800082b0 (0x0ff0000f)
core   0: 0x800082b4 (0x01ae0423) sb      s10, 8(t3)
core   0: 3 0x800082b4 (0x01ae0423) mem 0x8002556a 0xc7
core   0: 0x800082b8 (0x029e0f83) lb      t6, 41(t3)
core   0: 3 0x800082b8 (0x029e0f83) x31 0xffffffef mem 0x8002558b
core   0: 0x800082bc (0x029e0303) lb      t1, 41(t3)
core   0: 3 0x800082bc (0x029e0303) x 6 0xffffffef mem 0x8002558b
core   0: 0x800082c0 (0x001e1723) sh      ra, 14(t3)
core   0: 3 0x800082c0 (0x001e1723) mem 0x80025570 0xff8e
core   0: 0x800082c4 (0x00ee0083) lb      ra, 14(t3)
core   0: 3 0x800082c4 (0x00ee0083) x 1 0xffffff8e mem 0x80025570
core   0: 0x800082c8 (0xfc4e5f03) lhu     t5, -60(t3)
core   0: 3 0x800082c8 (0xfc4e5f03) x30 0x00008001 mem 0x80025526
core   0: 0x800082cc (0xfc4e1c03) lh      s8, -60(t3)
core   0: 3 0x800082cc (0xfc4e1c03) x24 0xffff8001 mem 0x80025526
core   0: 0x800082d0 (0x00ae05a3) sb      a0, 11(t3)
core   0: 3 0x800082d0 (0x00ae05a3) mem 0x8002556d 0xc7
core   0: 0x800082d4 (0x0000d917) auipc   s2, 0xd
core   0: 3 0x800082d4 (0x0000d917) x18 0x800152d4
core   0: 0x800082d8 (0x61b90913) addi    s2, s2, 1563
core   0: 3 0x800082d8 (0x61b90913) x18 0x800158ef
core   0: 0x800082dc (0xfbc94e03) lbu     t3, -68(s2)
core   0: 3 0x800082dc (0xfbc94e03) x28 0x0000000e mem 0x800158ab
core   0: 0x800082e0 (0xf3091aa3) sh      a6, -203(s2)
core   0: 3 0x800082e0 (0xf3091aa3) mem 0x80015824 0x00e0
core   0: 0x800082e4 (0xb29d9a37) lui     s4, 0xb29d9
core   0: 3 0x800082e4 (0xb29d9a37) x20 0xb29d9000
core   0: 0x800082e8 (0x59392313) slti    t1, s2, 1427
core   0: 3 0x800082e8 (0x59392313) x 6 0x00000001
core   0: 0x800082ec (0x01905813) srli    a6, zero, 25
core   0: 3 0x800082ec (0x01905813) x16 0x00000000
core   0: 0x800082f0 (0x40add833) sra     a6, s11, a0
core   0: 3 0x800082f0 (0x40add833) x16 0x00000000
core   0: 0x800082f4 (0xb9343213) sltiu   tp, s0, -1133
core   0: 3 0x800082f4 (0xb9343213) x 4 0x00000001
core   0: 0x800082f8 (0xf1f95803) lhu     a6, -225(s2)
core   0: 3 0x800082f8 (0xf1f95803) x16 0x00001248 mem 0x8001580e
core   0: 0x800082fc (0xf8d91da3) sh      a3, -101(s2)
core   0: 3 0x800082fc (0xf8d91da3) mem 0x8001588a 0x0001
core   0: 0x80008300 (0x0c290a03) lb      s4, 194(s2)
core   0: 3 0x80008300 (0x0c290a03) x20 0xffffffed mem 0x800159b1
core   0: 0x80008304 (0x7b87bf13) sltiu   t5, a5, 1976
core   0: 3 0x80008304 (0x7b87bf13) x30 0x00000001
core   0: 0x80008308 (0xac45c313) xori    t1, a1, -1340
core   0: 3 0x80008308 (0xac45c313) x 6 0x7ffd1620
core   0: 0x8000830c (0xf4391983) lh      s3, -189(s2)
core   0: 3 0x8000830c (0xf4391983) x19 0x000037ad mem 0x80015832
core   0: 0x80008310 (0x48333193) sltiu   gp, t1, 1155
core   0: 3 0x80008310 (0x48333193) x 3 0x00000000
core   0: 0x80008314 (0x00994403) lbu     s0, 9(s2)
core   0: 3 0x80008314 (0x00994403) x 8 0x0000009d mem 0x800158f8
core   0: 0x80008318 (0x01395d83) lhu     s11, 19(s2)
core   0: 3 0x80008318 (0x01395d83) x27 0x0000f0c6 mem 0x80015902
core   0: 0x8000831c (0x41ab5ab3) sra     s5, s6, s10
core   0: 3 0x8000831c (0x41ab5ab3) x21 0xfffcc376
core   0: 0x80008320 (0xf6795403) lhu     s0, -153(s2)
core   0: 3 0x80008320 (0xf6795403) x 8 0x0000e0d7 mem 0x80015856
core   0: 0x80008324 (0x00000013) nop
core   0: 3 0x80008324 (0x00000013)
core   0: 0x80008328 (0xe5f7c8b7) lui     a7, 0xe5f7c
core   0: 3 0x80008328 (0xe5f7c8b7) x17 0xe5f7c000
core   0: 0x8000832c (0xf9094c83) lbu     s9, -112(s2)
core   0: 3 0x8000832c (0xf9094c83) x25 0x000000da mem 0x8001587f
core   0: 0x80008330 (0xfce90523) sb      a4, -54(s2)
core   0: 3 0x80008330 (0xfce90523) mem 0x800158b9 0xc7
core   0: 0x80008334 (0xf1b94983) lbu     s3, -229(s2)
core   0: 3 0x80008334 (0xf1b94983) x19 0x0000007e mem 0x8001580a
core   0: 0x80008338 (0xf347b493) sltiu   s1, a5, -204
core   0: 3 0x80008338 (0xf347b493) x 9 0x00000001
core   0: 0x8000833c (0xf72906a3) sb      s2, -147(s2)
core   0: 3 0x8000833c (0xf72906a3) mem 0x8001585c 0xef
core   0: 0x80008340 (0xfdc94303) lbu     t1, -36(s2)
core   0: 3 0x80008340 (0xfdc94303) x 6 0x00000089 mem 0x800158cb
core   0: 0x80008344 (0x0a992883) lw      a7, 169(s2)
core   0: 3 0x80008344 (0x0a992883) x17 0xffffffff mem 0x80015998
core   0: 0x80008348 (0x4b2e8c93) addi    s9, t4, 1202
core   0: 3 0x80008348 (0x4b2e8c93) x25 0x000004b2
core   0: 0x8000834c (0x27ce2d93) slti    s11, t3, 636
core   0: 3 0x8000834c (0x27ce2d93) x27 0x00000001
core   0: 0x80008350 (0xff690c23) sb      s6, -8(s2)
core   0: 3 0x80008350 (0xff690c23) mem 0x800158e7 0x5c
core   0: 0x80008354 (0x0161e333) or      t1, gp, s6
core   0: 3 0x80008354 (0x0161e333) x 6 0xfe61bb5c
core   0: 0x80008358 (0x08c90303) lb      t1, 140(s2)
core   0: 3 0x80008358 (0x08c90303) x 6 0x00000000 mem 0x8001597b
core   0: 0x8000835c (0x0000d397) auipc   t2, 0xd
core   0: 3 0x8000835c (0x0000d397) x 7 0x8001535c
core   0: 0x80008360 (0x62038393) addi    t2, t2, 1568
core   0: 3 0x80008360 (0x62038393) x 7 0x8001597c
core   0: 0x80008364 (0x81a22f93) slti    t6, tp, -2022
core   0: 3 0x80008364 (0x81a22f93) x31 0x00000000
core   0: 0x80008368 (0x40b55fb3) sra     t6, a0, a1
core   0: 3 0x80008368 (0x40b55fb3) x31 0xfffffffc
core   0: 0x8000836c (0x3b755eb7) lui     t4, 0x3b755
core   0: 3 0x8000836c (0x3b755eb7) x29 0x3b755000
core   0: 0x80008370 (0x02138323) sb      ra, 38(t2)
core   0: 3 0x80008370 (0x02138323) mem 0x800159a2 0x8e
core   0: 0x80008374 (0x00e38b23) sb      a4, 22(t2)
core   0: 3 0x80008374 (0x00e38b23) mem 0x80015992 0xc7
core   0: 0x80008378 (0x939fda37) lui     s4, 0x939fd
core   0: 3 0x80008378 (0x939fda37) x20 0x939fd000
core   0: 0x8000837c (0xfc1385a3) sb      ra, -53(t2)
core   0: 3 0x8000837c (0xfc1385a3) mem 0x80015947 0x8e
core   0: 0x80008380 (0x16a2fd93) andi    s11, t0, 362
core   0: 3 0x80008380 (0x16a2fd93) x27 0x0000004a
core   0: 0x80008384 (0x019a9333) sll     t1, s5, s9
core   0: 3 0x80008384 (0x019a9333) x 6 0x0dd80000
core   0: 0x80008388 (0x02639e83) lh      t4, 38(t2)
core   0: 3 0x80008388 (0x02639e83) x29 0xffffe68e mem 0x800159a2
core   0: 0x8000838c (0x00639a23) sh      t1, 20(t2)
core   0: 3 0x8000838c (0x00639a23) mem 0x80015990 0x0000
core   0: 0x80008390 (0x0ff0000f) fence   iorw,iorw
core   0: 3 0x80008390 (0x0ff0000f)
core   0: 0x80008394 (0x6535b193) sltiu   gp, a1, 1619
core   0: 3 0x80008394 (0x6535b193) x 3 0x00000000
core   0: 0x80008398 (0x01c3cd83) lbu     s11, 28(t2)
core   0: 3 0x80008398 (0x01c3cd83) x27 0x000000ff mem 0x80015998
core   0: 0x8000839c (0xfda382a3) sb      s10, -59(t2)
core   0: 3 0x8000839c (0xfda382a3) mem 0x80015941 0xc7
core   0: 0x800083a0 (0xff938803) lb      a6, -7(t2)
core   0: 3 0x800083a0 (0xff938803) x16 0xffffffc8 mem 0x80015975
core   0: 0x800083a4 (0xfe63da03) lhu     s4, -26(t2)
core   0: 3 0x800083a4 (0xfe63da03) x20 0x00005ff7 mem 0x80015962
core   0: 0x800083a8 (0x00138903) lb      s2, 1(t2)
core   0: 3 0x800083a8 (0x00138903) x18 0x00000000 mem 0x8001597d
core   0: 0x800083ac (0x41138833) sub     a6, t2, a7
core   0: 3 0x800083ac (0x41138833) x16 0x8001597d
core   0: 0x800083b0 (0xfeb38fa3) sb      a1, -1(t2)
core   0: 3 0x800083b0 (0xfeb38fa3) mem 0x8001597b 0xe4
core   0: 0x800083b4 (0x0133ce03) lbu     t3, 19(t2)
core   0: 3 0x800083b4 (0x0133ce03) x28 0x000000d0 mem 0x8001598f
core   0: 0x800083b8 (0xff33c883) lbu     a7, -13(t2)
core   0: 3 0x800083b8 (0xff33c883) x17 0x00000059 mem 0x8001596f
core   0: 0x800083bc (0xfda386a3) sb      s10, -51(t2)
core   0: 3 0x800083bc (0xfda386a3) mem 0x80015949 0xc7
core   0: 0x800083c0 (0x01d47533) and     a0, s0, t4
core   0: 3 0x800083c0 (0x01d47533) x10 0x0000e086
core   0: 0x800083c4 (0xff938483) lb      s1, -7(t2)
core   0: 3 0x800083c4 (0xff938483) x 9 0xffffffc8 mem 0x80015975
core   0: 0x800083c8 (0xfc83f993) andi    s3, t2, -56
core   0: 3 0x800083c8 (0xfc83f993) x19 0x80015948
core   0: 0x800083cc (0x01ba2eb3) slt     t4, s4, s11
core   0: 3 0x800083cc (0x01ba2eb3) x29 0x00000000
core   0: 0x800083d0 (0x01c188b3) add     a7, gp, t3
core   0: 3 0x800083d0 (0x01c188b3) x17 0x000000d0
core   0: 0x800083d4 (0xfe4385a3) sb      tp, -21(t2)
core   0: 3 0x800083d4 (0xfe4385a3) mem 0x80015967 0x1
core   0: 0x800083d8 (0xff439f03) lh      t5, -12(t2)
core   0: 3 0x800083d8 (0xff439f03) x30 0x000065cd mem 0x80015970
core   0: 0x800083dc (0xa7892513) slti    a0, s2, -1416
core   0: 3 0x800083dc (0xa7892513) x10 0x00000000
core   0: 0x800083e0 (0x01b385a3) sb      s11, 11(t2)
core   0: 3 0x800083e0 (0x01b385a3) mem 0x80015987 0xff
core   0: 0x800083e4 (0x4adb2093) slti    ra, s6, 1197
core   0: 3 0x800083e4 (0x4adb2093) x 1 0x00000001
core   0: 0x800083e8 (0x01e3d303) lhu     t1, 30(t2)
core   0: 3 0x800083e8 (0x01e3d303) x 6 0x0000ffff mem 0x8001599a
core   0: 0x800083ec (0xfd939423) sh      s9, -56(t2)
core   0: 3 0x800083ec (0xfd939423) mem 0x80015944 0x04b2
core   0: 0x800083f0 (0x02c3d683) lhu     a3, 44(t2)
core   0: 3 0x800083f0 (0x02c3d683) x13 0x0000d32d mem 0x800159a8
core   0: 0x800083f4 (0x03d38983) lb      s3, 61(t2)
core   0: 3 0x800083f4 (0x03d38983) x19 0x00000001 mem 0x800159b9
core   0: 0x800083f8 (0x01cf5b93) srli    s7, t5, 28
core   0: 3 0x800083f8 (0x01cf5b93) x23 0x00000000
core   0: 0x800083fc (0x020383a3) sb      zero, 39(t2)
core   0: 3 0x800083fc (0x020383a3) mem 0x800159a3 0x0
core   0: 0x80008400 (0x0000d497) auipc   s1, 0xd
core   0: 3 0x80008400 (0x0000d497) x 9 0x80015400
core   0: 0x80008404 (0x21248493) addi    s1, s1, 530
core   0: 3 0x80008404 (0x21248493) x 9 0x80015612
core   0: 0x80008408 (0x017812b3) sll     t0, a6, s7
core   0: 3 0x80008408 (0x017812b3) x 5 0x8001597d
core   0: 0x8000840c (0xff24d883) lhu     a7, -14(s1)
core   0: 3 0x8000840c (0xff24d883) x17 0x00009a85 mem 0x80015604
core   0: 0x80008410 (0xff24c783) lbu     a5, -14(s1)
core   0: 3 0x80008410 (0xff24c783) x15 0x00000085 mem 0x80015604
core   0: 0x80008414 (0xff248903) lb      s2, -14(s1)
core   0: 3 0x80008414 (0xff248903) x18 0xffffff85 mem 0x80015604
core   0: 0x80008418 (0x41c15913) srai    s2, sp, 28
core   0: 3 0x80008418 (0x41c15913) x18 0xfffffff8
core   0: 0x8000841c (0xffb48923) sb      s11, -14(s1)
core   0: 3 0x8000841c (0xffb48923) mem 0x80015604 0xff
core   0: 0x80008420 (0xff04a923) sw      a6, -14(s1)
core   0: 3 0x80008420 (0xff04a923) mem 0x80015604 0x8001597d
core   0: 0x80008424 (0xff24d603) lhu     a2, -14(s1)
core   0: 3 0x80008424 (0xff24d603) x12 0x0000597d mem 0x80015604
core   0: 0x80008428 (0x00f48083) lb      ra, 15(s1)
core   0: 3 0x80008428 (0x00f48083) x 1 0xffffff86 mem 0x80015621
core   0: 0x8000842c (0xa510ec93) ori     s9, ra, -1455
core   0: 3 0x8000842c (0xa510ec93) x25 0xffffffd7
core   0: 0x80008430 (0x017487a3) sb      s7, 15(s1)
core   0: 3 0x80008430 (0x017487a3) mem 0x80015621 0x0
core   0: 0x80008434 (0x00f48a03) lb      s4, 15(s1)
core   0: 3 0x80008434 (0x00f48a03) x20 0x00000000 mem 0x80015621
core   0: 0x80008438 (0x00f48303) lb      t1, 15(s1)
core   0: 3 0x80008438 (0x00f48303) x 6 0x00000000 mem 0x80015621
core   0: 0x8000843c (0x00b487a3) sb      a1, 15(s1)
core   0: 3 0x8000843c (0x00b487a3) mem 0x80015621 0xe4
core   0: 0x80008440 (0x00f48c83) lb      s9, 15(s1)
core   0: 3 0x80008440 (0x00f48c83) x25 0xffffffe4 mem 0x80015621
core   0: 0x80008444 (0x019487a3) sb      s9, 15(s1)
core   0: 3 0x80008444 (0x019487a3) mem 0x80015621 0xe4
core   0: 0x80008448 (0x009487a3) sb      s1, 15(s1)
core   0: 3 0x80008448 (0x009487a3) mem 0x80015621 0x12
core   0: 0x8000844c (0xff54cf83) lbu     t6, -11(s1)
core   0: 3 0x8000844c (0xff54cf83) x31 0x00000080 mem 0x80015607
core   0: 0x80008450 (0x00548183) lb      gp, 5(s1)
core   0: 3 0x80008450 (0x00548183) x 3 0x00000025 mem 0x80015617
core   0: 0x80008454 (0x00a482a3) sb      a0, 5(s1)
core   0: 3 0x80008454 (0x00a482a3) mem 0x80015617 0x0
core   0: 0x80008458 (0x00015d97) auipc   s11, 0x15
core   0: 3 0x80008458 (0x00015d97) x27 0x8001d458
core   0: 0x8000845c (0xe69d8d93) addi    s11, s11, -407
core   0: 3 0x8000845c (0xe69d8d93) x27 0x8001d2c1
core   0: 0x80008460 (0x011d8823) sb      a7, 16(s11)
core   0: 3 0x80008460 (0x011d8823) mem 0x8001d2d1 0x85
core   0: 0x80008464 (0x00dc9ab3) sll     s5, s9, a3
core   0: 3 0x80008464 (0x00dc9ab3) x21 0xfffc8000
core   0: 0x80008468 (0x001d8023) sb      ra, 0(s11)
core   0: 3 0x80008468 (0x001d8023) mem 0x8001d2c1 0x86
core   0: 0x8000846c (0x00a0ac33) slt     s8, ra, a0
core   0: 3 0x8000846c (0x00a0ac33) x24 0x00000001
core   0: 0x80008470 (0x0151acb3) slt     s9, gp, s5
core   0: 3 0x80008470 (0x0151acb3) x25 0x00000000
core   0: 0x80008474 (0xbd854193) xori    gp, a0, -1064
core   0: 3 0x80008474 (0xbd854193) x 3 0xfffffbd8
core   0: 0x80008478 (0x00fd9283) lh      t0, 15(s11)
core   0: 3 0x80008478 (0x00fd9283) x 5 0xffff856a mem 0x8001d2d0
core   0: 0x8000847c (0x00ed8f03) lb      t5, 14(s11)
core   0: 3 0x8000847c (0x00ed8f03) x30 0xfffffffb mem 0x8001d2cf
core   0: 0x80008480 (0x60a90e93) addi    t4, s2, 1546
core   0: 3 0x80008480 (0x60a90e93) x29 0x00000602
core   0: 0x80008484 (0x005d8683) lb      a3, 5(s11)
core   0: 3 0x80008484 (0x005d8683) x13 0x00000058 mem 0x8001d2c6
core   0: 0x80008488 (0x00000013) nop
core   0: 3 0x80008488 (0x00000013)
core   0: 0x8000848c (0xff4d8203) lb      tp, -12(s11)
core   0: 3 0x8000848c (0xff4d8203) x 4 0x0000004a mem 0x8001d2b5
core   0: 0x80008490 (0x65897493) andi    s1, s2, 1624
core   0: 3 0x80008490 (0x65897493) x 9 0x00000658
core   0: 0x80008494 (0x0064fbb3) and     s7, s1, t1
core   0: 3 0x80008494 (0x0064fbb3) x23 0x00000000
core   0: 0x80008498 (0xf7fa0693) addi    a3, s4, -129
core   0: 3 0x80008498 (0xf7fa0693) x13 0xffffff7f
core   0: 0x8000849c (0x0012ee33) or      t3, t0, ra
core   0: 3 0x8000849c (0x0012ee33) x28 0xffffffee
core   0: 0x800084a0 (0x9f491017) auipc   zero, 0x9f491
core   0: 3 0x800084a0 (0x9f491017)
core   0: 0x800084a4 (0xffed8923) sb      t5, -14(s11)
core   0: 3 0x800084a4 (0xffed8923) mem 0x8001d2b3 0xfb
core   0: 0x800084a8 (0x00ad8723) sb      a0, 14(s11)
core   0: 3 0x800084a8 (0x00ad8723) mem 0x8001d2cf 0x0
core   0: 0x800084ac (0x01dd81a3) sb      t4, 3(s11)
core   0: 3 0x800084ac (0x01dd81a3) mem 0x8001d2c4 0x2
core   0: 0x800084b0 (0x007dc283) lbu     t0, 7(s11)
core   0: 3 0x800084b0 (0x007dc283) x 5 0x000000f5 mem 0x8001d2c8
core   0: 0x800084b4 (0xff5d8f03) lb      t5, -11(s11)
core   0: 3 0x800084b4 (0xff5d8f03) x30 0xffffff8b mem 0x8001d2b6
core   0: 0x800084b8 (0x001dc483) lbu     s1, 1(s11)
core   0: 3 0x800084b8 (0x001dc483) x 9 0x000000af mem 0x8001d2c2
core   0: 0x800084bc (0x0090c533) xor     a0, ra, s1
core   0: 3 0x800084bc (0x0090c533) x10 0xffffff29
core   0: 0x800084c0 (0x008f42b3) xor     t0, t5, s0
core   0: 3 0x800084c0 (0x008f42b3) x 5 0xffff1f5c
core   0: 0x800084c4 (0x6da92313) slti    t1, s2, 1754
core   0: 3 0x800084c4 (0x6da92313) x 6 0x00000001
core   0: 0x800084c8 (0xfecd8a23) sb      a2, -12(s11)
core   0: 3 0x800084c8 (0xfecd8a23) mem 0x8001d2b5 0x7d
core   0: 0x800084cc (0xa97de093) ori     ra, s11, -1385
core   0: 3 0x800084cc (0xa97de093) x 1 0xfffffad7
core   0: 0x800084d0 (0xffdd9c83) lh      s9, -3(s11)
core   0: 3 0x800084d0 (0xffdd9c83) x25 0x00007e4a mem 0x8001d2be
core   0: 0x800084d4 (0xc8074b93) xori    s7, a4, -896
core   0: 3 0x800084d4 (0xc8074b93) x23 0x0000fc47
core   0: 0x800084d8 (0x009dce83) lbu     t4, 9(s11)
core   0: 3 0x800084d8 (0x009dce83) x29 0x00000065 mem 0x8001d2ca
core   0: 0x800084dc (0x006d8c83) lb      s9, 6(s11)
core   0: 3 0x800084dc (0x006d8c83) x25 0x0000002c mem 0x8001d2c7
core   0: 0x800084e0 (0xff5d8703) lb      a4, -11(s11)
core   0: 3 0x800084e0 (0xff5d8703) x14 0xffffff8b mem 0x8001d2b6
core   0: 0x800084e4 (0x416d5313) srai    t1, s10, 22
core   0: 3 0x800084e4 (0x416d5313) x 6 0x00000000
core   0: 0x800084e8 (0xf0c02b93) slti    s7, zero, -244
core   0: 3 0x800084e8 (0xf0c02b93) x23 0x00000000
core   0: 0x800084ec (0x40f8dc93) srai    s9, a7, 15
core   0: 3 0x800084ec (0x40f8dc93) x25 0x00000001
core   0: 0x800084f0 (0x01df7233) and     tp, t5, t4
core   0: 3 0x800084f0 (0x01df7233) x 4 0x00000001
core   0: 0x800084f4 (0x28d67c93) andi    s9, a2, 653
core   0: 3 0x800084f4 (0x28d67c93) x25 0x0000000d
core   0: 0x800084f8 (0x001dd603) lhu     a2, 1(s11)
core   0: 3 0x800084f8 (0x001dd603) x12 0x0000e3af mem 0x8001d2c2
core   0: 0x800084fc (0xffbd9ba3) sh      s11, -9(s11)
core   0: 3 0x800084fc (0xffbd9ba3) mem 0x8001d2b8 0xd2c1
core   0: 0x80008500 (0xfedd8e23) sb      a3, -4(s11)
core   0: 3 0x80008500 (0xfedd8e23) mem 0x8001d2bd 0x7f
core   0: 0x80008504 (0x009d9003) lh      zero, 9(s11)
core   0: 3 0x80008504 (0x009d9003) mem 0x8001d2ca
core   0: 0x80008508 (0x3996d517) auipc   a0, 0x3996d
core   0: 3 0x80008508 (0x3996d517) x10 0xb9975508
core   0: 0x8000850c (0xff2d8503) lb      a0, -14(s11)
core   0: 3 0x8000850c (0xff2d8503) x10 0xfffffffb mem 0x8001d2b3
core   0: 0x80008510 (0x01575e13) srli    t3, a4, 21
core   0: 3 0x80008510 (0x01575e13) x28 0x000007ff
core   0: 0x80008514 (0x004d8d03) lb      s10, 4(s11)
core   0: 3 0x80008514 (0x004d8d03) x26 0x00000054 mem 0x8001d2c5
core   0: 0x80008518 (0x0ff0000f) fence   iorw,iorw
core   0: 3 0x80008518 (0x0ff0000f)
core   0: 0x8000851c (0xfebd9da3) sh      a1, -5(s11)
core   0: 3 0x8000851c (0xfebd9da3) mem 0x8001d2bc 0xece4
core   0: 0x80008520 (0x406adfb3) sra     t6, s5, t1
core   0: 3 0x80008520 (0x406adfb3) x31 0xfffc8000
core   0: 0x80008524 (0xff5dc903) lbu     s2, -11(s11)
core   0: 3 0x80008524 (0xff5dc903) x18 0x0000008b mem 0x8001d2b6
core   0: 0x80008528 (0x401dd6b3) sra     a3, s11, ra
core   0: 3 0x80008528 (0x401dd6b3) x13 0xffffff00
core   0: 0x8000852c (0x016d8023) sb      s6, 0(s11)
core   0: 3 0x8000852c (0x016d8023) mem 0x8001d2c1 0x5c
core   0: 0x80008530 (0x008d96a3) sh      s0, 13(s11)
core   0: 3 0x80008530 (0x008d96a3) mem 0x8001d2ce 0xe0d7
core   0: 0x80008534 (0x04517893) andi    a7, sp, 69
core   0: 3 0x80008534 (0x04517893) x17 0x00000044
core   0: 0x80008538 (0x007d8523) sb      t2, 10(s11)
core   0: 3 0x80008538 (0x007d8523) mem 0x8001d2cb 0x7c
core   0: 0x8000853c (0x01ed95a3) sh      t5, 11(s11)
core   0: 3 0x8000853c (0x01ed95a3) mem 0x8001d2cc 0xff8b
core   0: 0x80008540 (0x00db9433) sll     s0, s7, a3
core   0: 3 0x80008540 (0x00db9433) x 8 0x00000000
core   0: 0x80008544 (0x000d8a83) lb      s5, 0(s11)
core   0: 3 0x80008544 (0x000d8a83) x21 0x0000005c mem 0x8001d2c1
core   0: 0x80008548 (0x0000d717) auipc   a4, 0xd
core   0: 3 0x80008548 (0x0000d717) x14 0x80015548
core   0: 0x8000854c (0xd9e70713) addi    a4, a4, -610
core   0: 3 0x8000854c (0xd9e70713) x14 0x800152e6
core   0: 0x80008550 (0xf1a70d03) lb      s10, -230(a4)
core   0: 3 0x80008550 (0xf1a70d03) x26 0xffffffba mem 0x80015200
core   0: 0x80008554 (0xf7d70383) lb      t2, -131(a4)
core   0: 3 0x80008554 (0xf7d70383) x 7 0x00000057 mem 0x80015263
core   0: 0x80008558 (0xfaa707a3) sb      a0, -81(a4)
core   0: 3 0x80008558 (0xfaa707a3) mem 0x80015295 0xfb
core   0: 0x8000855c (0x0a071083) lh      ra, 160(a4)
core   0: 3 0x8000855c (0x0a071083) x 1 0xffffd6cf mem 0x80015386
core   0: 0x80008560 (0x0fd70283) lb      t0, 253(a4)
core   0: 3 0x80008560 (0x0fd70283) x 5 0xffffffa5 mem 0x800153e3
core   0: 0x80008564 (0x1cb418b7) lui     a7, 0x1cb41
core   0: 3 0x80008564 (0x1cb418b7) x17 0x1cb41000
core   0: 0x80008568 (0xf5570b83) lb      s7, -171(a4)
core   0: 3 0x80008568 (0xf5570b83) x23 0xffffffe2 mem 0x8001523b
core   0: 0x8000856c (0xf0b70b23) sb      a1, -234(a4)
core   0: 3 0x8000856c (0xf0b70b23) mem 0x800151fc 0xe4
core   0: 0x80008570 (0x07871e23) sh      s8, 124(a4)
core   0: 3 0x80008570 (0x07871e23) mem 0x80015362 0x0001
core   0: 0x80008574 (0x07b74f03) lbu     t5, 123(a4)
core   0: 3 0x80008574 (0x07b74f03) x30 0x0000007c mem 0x80015361
core   0: 0x80008578 (0x03070fa3) sb      a6, 63(a4)
core   0: 3 0x80008578 (0x03070fa3) mem 0x80015325 0x7d
core   0: 0x8000857c (0x01990533) add     a0, s2, s9
core   0: 3 0x8000857c (0x01990533) x10 0x00000098
core   0: 0x80008580 (0xf2b707a3) sb      a1, -209(a4)
core   0: 3 0x80008580 (0xf2b707a3) mem 0x80015215 0xe4
core   0: 0x80008584 (0x0ad70e23) sb      a3, 188(a4)
core   0: 3 0x80008584 (0x0ad70e23) mem 0x800153a2 0x0
core   0: 0x80008588 (0xffb72323) sw      s11, -26(a4)
core   0: 3 0x80008588 (0xffb72323) mem 0x800152cc 0x8001d2c1
core   0: 0x8000858c (0xaec50793) addi    a5, a0, -1300
core   0: 3 0x8000858c (0xaec50793) x15 0xfffffb84
core   0: 0x80008590 (0xfb174b83) lbu     s7, -79(a4)
core   0: 3 0x80008590 (0xfb174b83) x23 0x000000d2 mem 0x80015297
core   0: 0x80008594 (0x936f6e93) ori     t4, t5, -1738
core   0: 3 0x80008594 (0x936f6e93) x29 0xfffff97e
core   0: 0x80008598 (0x01b74283) lbu     t0, 27(a4)
core   0: 3 0x80008598 (0x01b74283) x 5 0x00000000 mem 0x80015301
core   0: 0x8000859c (0x00355833) srl     a6, a0, gp
core   0: 3 0x8000859c (0x00355833) x16 0x00000000
core   0: 0x800085a0 (0x0ff0000f) fence   iorw,iorw
core   0: 3 0x800085a0 (0x0ff0000f)
core   0: 0x800085a4 (0x08970e03) lb      t3, 137(a4)
core   0: 3 0x800085a4 (0x08970e03) x28 0x00000000 mem 0x8001536f
core   0: 0x800085a8 (0xff470ea3) sb      s4, -3(a4)
core   0: 3 0x800085a8 (0xff470ea3) mem 0x800152e3 0x0
core   0: 0x800085ac (0xe88abd93) sltiu   s11, s5, -376
core   0: 3 0x800085ac (0xe88abd93) x27 0x00000001
core   0: 0x800085b0 (0xf6974e83) lbu     t4, -151(a4)
core   0: 3 0x800085b0 (0xf6974e83) x29 0x000000ce mem 0x8001524f
core   0: 0x800085b4 (0xf6e72e83) lw      t4, -146(a4)
core   0: 3 0x800085b4 (0xf6e72e83) x29 0x8b8dc3f5 mem 0x80015254
core   0: 0x800085b8 (0x40065013) srai    zero, a2, 0
core   0: 3 0x800085b8 (0x40065013)
core   0: 0x800085bc (0x04574503) lbu     a0, 69(a4)
core   0: 3 0x800085bc (0x04574503) x10 0x00000096 mem 0x8001532b
core   0: 0x800085c0 (0xf1f74483) lbu     s1, -225(a4)
core   0: 3 0x800085c0 (0xf1f74483) x 9 0x00000064 mem 0x80015205
core   0: 0x800085c4 (0xf1970723) sb      s9, -242(a4)
core   0: 3 0x800085c4 (0xf1970723) mem 0x800151f4 0xd
core   0: 0x800085c8 (0xf0c75f03) lhu     t5, -244(a4)
core   0: 3 0x800085c8 (0xf0c75f03) x30 0x00003ee6 mem 0x800151f2
core   0: 0x800085cc (0x01af5e33) srl     t3, t5, s10
core   0: 3 0x800085cc (0x01af5e33) x28 0x00000000
core   0: 0x800085d0 (0xf5774083) lbu     ra, -169(a4)
core   0: 3 0x800085d0 (0xf5774083) x 1 0x00000084 mem 0x8001523d
core   0: 0x800085d4 (0x0000100f) fence.i
core   0: 3 0x800085d4 (0x0000100f)
core   0: 0x800085d8 (0x0e871d83) lh      s11, 232(a4)
core   0: 3 0x800085d8 (0x0e871d83) x27 0xffffc87f mem 0x800153ce
core   0: 0x800085dc (0x04d74183) lbu     gp, 77(a4)
core   0: 3 0x800085dc (0x04d74183) x 3 0x00000000 mem 0x80015333
core   0: 0x800085e0 (0xf4d70303) lb      t1, -179(a4)
core   0: 3 0x800085e0 (0xf4d70303) x 6 0xfffffff5 mem 0x80015233
core   0: 0x800085e4 (0x008972b3) and     t0, s2, s0
core   0: 3 0x800085e4 (0x008972b3) x 5 0x00000000
core   0: 0x800085e8 (0xf9870f23) sb      s8, -98(a4)
core   0: 3 0x800085e8 (0xf9870f23) mem 0x80015284 0x1
core   0: 0x800085ec (0x0000da97) auipc   s5, 0xd
core   0: 3 0x800085ec (0x0000da97) x21 0x800155ec
core   0: 0x800085f0 (0x7ffa8a93) addi    s5, s5, 2047
core   0: 3 0x800085f0 (0x7ffa8a93) x21 0x80015deb
core   0: 0x800085f4 (0x008a3eb3) sltu    t4, s4, s0
core   0: 3 0x800085f4 (0x008a3eb3) x29 0x00000000
core   0: 0x800085f8 (0xf53a8723) sb      s3, -178(s5)
core   0: 3 0x800085f8 (0xf53a8723) mem 0x80015d39 0x1
core   0: 0x800085fc (0x028ac203) lbu     tp, 40(s5)
core   0: 3 0x800085fc (0x028ac203) x 4 0x000000e9 mem 0x80015e13
core   0: 0x80008600 (0x7e2ecd17) auipc   s10, 0x7e2ec
core   0: 3 0x80008600 (0x7e2ecd17) x26 0xfe2f4600
core   0: 0x80008604 (0xfaaa8e03) lb      t3, -86(s5)
core   0: 3 0x80008604 (0xfaaa8e03) x28 0x00000001 mem 0x80015d95
core   0: 0x80008608 (0x83af7817) auipc   a6, 0x83af7
core   0: 3 0x80008608 (0x83af7817) x16 0x03aff608
core   0: 0x8000860c (0x05ca87a3) sb      t3, 79(s5)
core   0: 3 0x8000860c (0x05ca87a3) mem 0x80015e3a 0x1
core   0: 0x80008610 (0x40bdda33) sra     s4, s11, a1
core   0: 3 0x80008610 (0x40bdda33) x20 0xfffffc87
core   0: 0x80008614 (0x005888b3) add     a7, a7, t0
core   0: 3 0x80008614 (0x005888b3) x17 0x1cb41000
core   0: 0x80008618 (0x6753a213) slti    tp, t2, 1653
core   0: 3 0x80008618 (0x6753a213) x 4 0x00000001
core   0: 0x8000861c (0xf8cac803) lbu     a6, -116(s5)
core   0: 3 0x8000861c (0xf8cac803) x16 0x000000b9 mem 0x80015d77
core   0: 0x80008620 (0xf7fbff93) andi    t6, s7, -129
core   0: 3 0x80008620 (0xf7fbff93) x31 0x00000052
core   0: 0x80008624 (0x028a8ca3) sb      s0, 57(s5)
core   0: 3 0x80008624 (0x028a8ca3) mem 0x80015e24 0x0
core   0: 0x80008628 (0x40075093) srai    ra, a4, 0
core   0: 3 0x80008628 (0x40075093) x 1 0x800152e6
core   0: 0x8000862c (0x351b9237) lui     tp, 0x351b9
core   0: 3 0x8000862c (0x351b9237) x 4 0x351b9000
core   0: 0x80008630 (0x9b1f2f93) slti    t6, t5, -1615
core   0: 3 0x80008630 (0x9b1f2f93) x31 0x00000000
core   0: 0x80008634 (0x00b3cfb3) xor     t6, t2, a1
core   0: 3 0x80008634 (0x00b3cfb3) x31 0x8002ecb3
core   0: 0x80008638 (0x0d9a8623) sb      s9, 204(s5)
core   0: 3 0x80008638 (0x0d9a8623) mem 0x80015eb7 0xd
core   0: 0x8000863c (0x0e0a93a3) sh      zero, 231(s5)
core   0: 3 0x8000863c (0x0e0a93a3) mem 0x80015ed2 0x0000
core   0: 0x80008640 (0xfe6a87a3) sb      t1, -17(s5)
core   0: 3 0x80008640 (0xfe6a87a3) mem 0x80015dda 0xf5
core   0: 0x80008644 (0xb1f13393) sltiu   t2, sp, -1249
core   0: 3 0x80008644 (0xb1f13393) x 7 0x00000001
core   0: 0x80008648 (0x801ef193) andi    gp, t4, -2047
core   0: 3 0x80008648 (0x801ef193) x 3 0x00000000
core   0: 0x8000864c (0x7d2ff417) auipc   s0, 0x7d2ff
core   0: 3 0x8000864c (0x7d2ff417) x 8 0xfd30764c
core   0: 0x80008650 (0x0aba8003) lb      zero, 171(s5)
core   0: 3 0x80008650 (0x0aba8003) mem 0x80015e96
core   0: 0x80008654 (0xf45add83) lhu     s11, -187(s5)
core   0: 3 0x80008654 (0xf45add83) x27 0x000073fe mem 0x80015d30
core   0: 0x80008658 (0x0000da97) auipc   s5, 0xd
core   0: 3 0x80008658 (0x0000da97) x21 0x80015658
core   0: 0x8000865c (0x6e7a8a93) addi    s5, s5, 1767
core   0: 3 0x8000865c (0x6e7a8a93) x21 0x80015d3f
core   0: 0x80008660 (0xfe8a8c23) sb      s0, -8(s5)
core   0: 3 0x80008660 (0xfe8a8c23) mem 0x80015d37 0x4c
core   0: 0x80008664 (0xe394ae93) slti    t4, s1, -455
core   0: 3 0x80008664 (0xe394ae93) x29 0x00000000
core   0: 0x80008668 (0xff4a8d23) sb      s4, -6(s5)
core   0: 3 0x80008668 (0xff4a8d23) mem 0x80015d39 0x87
core   0: 0x8000866c (0xfe1a8823) sb      ra, -16(s5)
core   0: 3 0x8000866c (0xfe1a8823) mem 0x80015d2f 0xe6
core   0: 0x80008670 (0x00bb6cb3) or      s9, s6, a1
core   0: 3 0x80008670 (0x00bb6cb3) x25 0xfe63fffc
core   0: 0x80008674 (0xff6a8383) lb      t2, -10(s5)
core   0: 3 0x80008674 (0xff6a8383) x 7 0xffffffce mem 0x80015d35
core   0: 0x80008678 (0xcbee3c13) sltiu   s8, t3, -834
core   0: 3 0x80008678 (0xcbee3c13) x24 0x00000001
core   0: 0x8000867c (0x40e90e33) sub     t3, s2, a4
core   0: 3 0x8000867c (0x40e90e33) x28 0x7ffeada5
core   0: 0x80008680 (0x00aac683) lbu     a3, 10(s5)
core   0: 3 0x80008680 (0x00aac683) x13 0x00000000 mem 0x80015d49
core   0: 0x80008684 (0x013fd193) srli    gp, t6, 19
core   0: 3 0x80008684 (0x013fd193) x 3 0x00001000
core   0: 0x80008688 (0x0ff0000f) fence   iorw,iorw
core   0: 3 0x80008688 (0x0ff0000f)
core   0: 0x8000868c (0x00000013) nop
core   0: 3 0x8000868c (0x00000013)
core   0: 0x80008690 (0x00d26d33) or      s10, tp, a3
core   0: 3 0x80008690 (0x00d26d33) x26 0x351b9000
core   0: 0x80008694 (0x002ac683) lbu     a3, 2(s5)
core   0: 3 0x80008694 (0x002ac683) x13 0x0000000a mem 0x80015d41
core   0: 0x80008698 (0x01b634b3) sltu    s1, a2, s11
core   0: 3 0x80008698 (0x01b634b3) x 9 0x00000000
core   0: 0x8000869c (0x0ff0000f) fence   iorw,iorw
core   0: 3 0x8000869c (0x0ff0000f)
core   0: 0x800086a0 (0xff9a9883) lh      a7, -7(s5)
core   0: 3 0x800086a0 (0xff9a9883) x17 0xffff8748 mem 0x80015d38
core   0: 0x800086a4 (0x016a94a3) sh      s6, 9(s5)
core   0: 3 0x800086a4 (0x016a94a3) mem 0x80015d48 0xbb5c
core   0: 0x800086a8 (0xffcac903) lbu     s2, -4(s5)
core   0: 3 0x800086a8 (0xffcac903) x18 0x000000ad mem 0x80015d3b
core   0: 0x800086ac (0x006a8303) lb      t1, 6(s5)
core   0: 3 0x800086ac (0x006a8303) x 6 0x00000015 mem 0x80015d45
core   0: 0x800086b0 (0x00aa8803) lb      a6, 10(s5)
core   0: 3 0x800086b0 (0x00aa8803) x16 0xffffffbb mem 0x80015d49
core   0: 0x800086b4 (0x97bdce13) xori    t3, s11, -1669
core   0: 3 0x800086b4 (0x97bdce13) x28 0xffff8a85
core   0: 0x800086b8 (0xff7a9f03) lh      t5, -9(s5)
core   0: 3 0x800086b8 (0xff7a9f03) x30 0x00004c1c mem 0x80015d36
core   0: 0x800086bc (0xffbad083) lhu     ra, -5(s5)
core   0: 3 0x800086bc (0xffbad083) x 1 0x0000ade7 mem 0x80015d3a
core   0: 0x800086c0 (0x00ecfeb3) and     t4, s9, a4
core   0: 3 0x800086c0 (0x00ecfeb3) x29 0x800152e4
core   0: 0x800086c4 (0x005aa383) lw      t2, 5(s5)
core   0: 3 0x800086c4 (0x005aa383) x 7 0x8a1915e2 mem 0x80015d44
core   0: 0x800086c8 (0x57a4f4b7) lui     s1, 0x57a4f
core   0: 3 0x800086c8 (0x57a4f4b7) x 9 0x57a4f000
core   0: 0x800086cc (0x0ff0000f) fence   iorw,iorw
core   0: 3 0x800086cc (0x0ff0000f)
core   0: 0x800086d0 (0x8d5ff913) andi    s2, t6, -1835
core   0: 3 0x800086d0 (0x8d5ff913) x18 0x8002e891
core   0: 0x800086d4 (0x0d917fb7) lui     t6, 0xd917
core   0: 3 0x800086d4 (0x0d917fb7) x31 0x0d917000
core   0: 0x800086d8 (0x018a92a3) sh      s8, 5(s5)
core   0: 3 0x800086d8 (0x018a92a3) mem 0x80015d44 0x0001
core   0: 0x800086dc (0x000c8533) add     a0, s9, zero
core   0: 3 0x800086dc (0x000c8533) x10 0xfe63fffc
core   0: 0x800086e0 (0xff8ac883) lbu     a7, -8(s5)
core   0: 3 0x800086e0 (0xff8ac883) x17 0x0000004c mem 0x80015d37
core   0: 0x800086e4 (0x001ada03) lhu     s4, 1(s5)
core   0: 3 0x800086e4 (0x001ada03) x20 0x00000a53 mem 0x80015d40
core   0: 0x800086e8 (0x00aa8803) lb      a6, 10(s5)
core   0: 3 0x800086e8 (0x00aa8803) x16 0xffffffbb mem 0x80015d49
core   0: 0x800086ec (0xffca8b23) sb      t3, -10(s5)
core   0: 3 0x800086ec (0xffca8b23) mem 0x80015d35 0x85
core   0: 0x800086f0 (0x0000100f) fence.i
core   0: 3 0x800086f0 (0x0000100f)
core   0: 0x800086f4 (0xffcac503) lbu     a0, -4(s5)
core   0: 3 0x800086f4 (0xffcac503) x10 0x000000ad mem 0x80015d3b
core   0: 0x800086f8 (0xff8acb83) lbu     s7, -8(s5)
core   0: 3 0x800086f8 (0xff8acb83) x23 0x0000004c mem 0x80015d37
core   0: 0x800086fc (0x00aa0a33) add     s4, s4, a0
core   0: 3 0x800086fc (0x00aa0a33) x20 0x00000b00
core   0: 0x80008700 (0x00aaca03) lbu     s4, 10(s5)
core   0: 3 0x80008700 (0x00aaca03) x20 0x000000bb mem 0x80015d49
core   0: 0x80008704 (0x004a8003) lb      zero, 4(s5)
core   0: 3 0x80008704 (0x004a8003) mem 0x80015d43
core   0: 0x80008708 (0x124cbb93) sltiu   s7, s9, 292
core   0: 3 0x80008708 (0x124cbb93) x23 0x00000000
core   0: 0x8000870c (0x00f95613) srli    a2, s2, 15
core   0: 3 0x8000870c (0x00f95613) x12 0x00010005
core   0: 0x80008710 (0x0044f433) and     s0, s1, tp
core   0: 3 0x80008710 (0x0044f433) x 8 0x15009000
core   0: 0x80008714 (0x01e97bb3) and     s7, s2, t5
core   0: 3 0x80008714 (0x01e97bb3) x23 0x00004810
core   0: 0x80008718 (0x009a8403) lb      s0, 9(s5)
core   0: 3 0x80008718 (0x009a8403) x 8 0x0000005c mem 0x80015d48
core   0: 0x8000871c (0x05558413) addi    s0, a1, 85
core   0: 3 0x8000871c (0x05558413) x 8 0x8002ed39
core   0: 0x80008720 (0xfeca9da3) sh      a2, -5(s5)
core   0: 3 0x80008720 (0xfeca9da3) mem 0x80015d3a 0x0005
core   0: 0x80008724 (0xffda9e03) lh      t3, -3(s5)
core   0: 3 0x80008724 (0xffda9e03) x28 0x00006d96 mem 0x80015d3c
core   0: 0x80008728 (0x00d983b3) add     t2, s3, a3
core   0: 3 0x80008728 (0x00d983b3) x 7 0x0000000b
core   0: 0x8000872c (0x008ac603) lbu     a2, 8(s5)
core   0: 3 0x8000872c (0x008ac603) x12 0x0000008a mem 0x80015d47
core   0: 0x80008730 (0x0000100f) fence.i
core   0: 3 0x80008730 (0x0000100f)
core   0: 0x80008734 (0x003ad703) lhu     a4, 3(s5)
core   0: 3 0x80008734 (0x003ad703) x14 0x00005742 mem 0x80015d42
core   0: 0x80008738 (0x40badcb3) sra     s9, s5, a1
core   0: 3 0x80008738 (0x40badcb3) x25 0xf80015d3
core   0: 0x8000873c (0x00aaa2a3) sw      a0, 5(s5)
core   0: 3 0x8000873c (0x00aaa2a3) mem 0x80015d44 0x000000ad
core   0: 0x80008740 (0xffaace03) lbu     t3, -6(s5)
core   0: 3 0x80008740 (0xffaace03) x28 0x00000087 mem 0x80015d39
core   0: 0x80008744 (0x0000d997) auipc   s3, 0xd
core   0: 3 0x80008744 (0x0000d997) x19 0x80015744
core   0: 0x80008748 (0xda998993) addi    s3, s3, -599
core   0: 3 0x80008748 (0xda998993) x19 0x800154ed
core   0: 0x8000874c (0x00b5b833) sltu    a6, a1, a1
core   0: 3 0x8000874c (0x00b5b833) x16 0x00000000
core   0: 0x80008750 (0xf789cf83) lbu     t6, -136(s3)
core   0: 3 0x80008750 (0xf789cf83) x31 0x00000000 mem 0x80015465
core   0: 0x80008754 (0xf7898803) lb      a6, -136(s3)
core   0: 3 0x80008754 (0xf7898803) x16 0x00000000 mem 0x80015465
core   0: 0x80008758 (0xf6598c23) sb      t0, -136(s3)
core   0: 3 0x80008758 (0xf6598c23) mem 0x80015465 0x0
core   0: 0x8000875c (0xf789c803) lbu     a6, -136(s3)
core   0: 3 0x8000875c (0xf789c803) x16 0x00000000 mem 0x80015465
core   0: 0x80008760 (0x00000013) nop
core   0: 3 0x80008760 (0x00000013)
core   0: 0x80008764 (0xf7898c03) lb      s8, -136(s3)
core   0: 3 0x80008764 (0xf7898c03) x24 0x00000000 mem 0x80015465
core   0: 0x80008768 (0xf7898003) lb      zero, -136(s3)
core   0: 3 0x80008768 (0xf7898003) mem 0x80015465
core   0: 0x8000876c (0xf7898a83) lb      s5, -136(s3)
core   0: 3 0x8000876c (0xf7898a83) x21 0x00000000 mem 0x80015465
core   0: 0x80008770 (0xf789c083) lbu     ra, -136(s3)
core   0: 3 0x80008770 (0xf789c083) x 1 0x00000000 mem 0x80015465
core   0: 0x80008774 (0x61184d93) xori    s11, a6, 1553
core   0: 3 0x80008774 (0x61184d93) x27 0x00000611
core   0: 0x80008778 (0xf7498c23) sb      s4, -136(s3)
core   0: 3 0x80008778 (0xf7498c23) mem 0x80015465 0xbb
core   0: 0x8000877c (0xf789c783) lbu     a5, -136(s3)
core   0: 3 0x8000877c (0xf789c783) x15 0x000000bb mem 0x80015465
core   0: 0x80008780 (0xf6998c23) sb      s1, -136(s3)
core   0: 3 0x80008780 (0xf6998c23) mem 0x80015465 0x0
core   0: 0x80008784 (0xf7498c23) sb      s4, -136(s3)
core   0: 3 0x80008784 (0xf7498c23) mem 0x80015465 0xbb
core   0: 0x80008788 (0xf789c503) lbu     a0, -136(s3)
core   0: 3 0x80008788 (0xf789c503) x10 0x000000bb mem 0x80015465
core   0: 0x8000878c (0x0809c903) lbu     s2, 128(s3)
core   0: 3 0x8000878c (0x0809c903) x18 0x00000000 mem 0x8001556d
core   0: 0x80008790 (0x0001ba17) auipc   s4, 0x1b
core   0: 3 0x80008790 (0x0001ba17) x20 0x80023790
core   0: 0x80008794 (0x7bda0a13) addi    s4, s4, 1981
core   0: 3 0x80008794 (0x7bda0a13) x20 0x80023f4d
core   0: 0x80008798 (0xfffa27a3) sw      t6, -17(s4)
core   0: 3 0x80008798 (0xfffa27a3) mem 0x80023f3c 0x00000000
core   0: 0x8000879c (0x0000100f) fence.i
core   0: 3 0x8000879c (0x0000100f)
core   0: 0x800087a0 (0xfdca0ca3) sb      t3, -39(s4)
core   0: 3 0x800087a0 (0xfdca0ca3) mem 0x80023f26 0x87
core   0: 0x800087a4 (0xfd8a09a3) sb      s8, -45(s4)
core   0: 3 0x800087a4 (0xfd8a09a3) mem 0x80023f20 0x0
core   0: 0x800087a8 (0x02ca11a3) sh      a2, 35(s4)
core   0: 3 0x800087a8 (0x02ca11a3) mem 0x80023f70 0x008a
core   0: 0x800087ac (0x023a4303) lbu     t1, 35(s4)
core   0: 3 0x800087ac (0x023a4303) x 6 0x0000008a mem 0x80023f70
core   0: 0x800087b0 (0x69252793) slti    a5, a0, 1682
core   0: 3 0x800087b0 (0x69252793) x15 0x00000001
core   0: 0x800087b4 (0xfdfa1903) lh      s2, -33(s4)
core   0: 3 0x800087b4 (0xfdfa1903) x18 0x000003ad mem 0x80023f2c
core   0: 0x800087b8 (0x001966b3) or      a3, s2, ra
core   0: 3 0x800087b8 (0x001966b3) x13 0x000003ad
core   0: 0x800087bc (0x40ba82b3) sub     t0, s5, a1
core   0: 3 0x800087bc (0x40ba82b3) x 5 0x7ffd131c
core   0: 0x800087c0 (0xff2a0983) lb      s3, -14(s4)
core   0: 3 0x800087c0 (0xff2a0983) x19 0x00000000 mem 0x80023f3f
core   0: 0x800087c4 (0x41930eb3) sub     t4, t1, s9
core   0: 3 0x800087c4 (0x41930eb3) x29 0x07ffeab7
core   0: 0x800087c8 (0x00ea0023) sb      a4, 0(s4)
core   0: 3 0x800087c8 (0x00ea0023) mem 0x80023f4d 0x42
core   0: 0x800087cc (0x003d9ab3) sll     s5, s11, gp
core   0: 3 0x800087cc (0x003d9ab3) x21 0x00000611
core   0: 0x800087d0 (0x19446913) ori     s2, s0, 404
core   0: 3 0x800087d0 (0x19446913) x18 0x8002edbd
core   0: 0x800087d4 (0x017a5c03) lhu     s8, 23(s4)
core   0: 3 0x800087d4 (0x017a5c03) x24 0x00004e97 mem 0x80023f64
core   0: 0x800087d8 (0xd50fe613) ori     a2, t6, -688
core   0: 3 0x800087d8 (0xd50fe613) x12 0xfffffd50
core   0: 0x800087dc (0xfdca18a3) sh      t3, -47(s4)
core   0: 3 0x800087dc (0xfdca18a3) mem 0x80023f1e 0x0087
core   0: 0x800087e0 (0x00ba0e23) sb      a1, 28(s4)
core   0: 3 0x800087e0 (0x00ba0e23) mem 0x80023f69 0xe4
core   0: 0x800087e4 (0xffaa0523) sb      s10, -22(s4)
core   0: 3 0x800087e4 (0xffaa0523) mem 0x80023f37 0x0
core   0: 0x800087e8 (0x01fae0b3) or      ra, s5, t6
core   0: 3 0x800087e8 (0x01fae0b3) x 1 0x00000611
core   0: 0x800087ec (0x01f43d33) sltu    s10, s0, t6
core   0: 3 0x800087ec (0x01f43d33) x26 0x00000000
core   0: 0x800087f0 (0xfefa11a3) sh      a5, -29(s4)
core   0: 3 0x800087f0 (0xfefa11a3) mem 0x80023f30 0x0001
core   0: 0x800087f4 (0x039a1283) lh      t0, 57(s4)
core   0: 3 0x800087f4 (0x039a1283) x 5 0x00002db4 mem 0x80023f86
core   0: 0x800087f8 (0xfe6a4d03) lbu     s10, -26(s4)
core   0: 3 0x800087f8 (0xfe6a4d03) x26 0x000000b4 mem 0x80023f33
core   0: 0x800087fc (0x00000013) nop
core   0: 3 0x800087fc (0x00000013)
core   0: 0x80008800 (0x027a14a3) sh      t2, 41(s4)
core   0: 3 0x80008800 (0x027a14a3) mem 0x80023f76 0x000b
core   0: 0x80008804 (0x02aa4c03) lbu     s8, 42(s4)
core   0: 3 0x80008804 (0x02aa4c03) x24 0x00000000 mem 0x80023f77
core   0: 0x80008808 (0xfdba0ba3) sb      s11, -41(s4)
core   0: 3 0x80008808 (0xfdba0ba3) mem 0x80023f24 0x11
core   0: 0x8000880c (0x020a4403) lbu     s0, 32(s4)
core   0: 3 0x8000880c (0x020a4403) x 8 0x000000d4 mem 0x80023f6d
core   0: 0x80008810 (0x032a0483) lb      s1, 50(s4)
core   0: 3 0x80008810 (0x032a0483) x 9 0x00000061 mem 0x80023f7f
core   0: 0x80008814 (0x016a0d23) sb      s6, 26(s4)
core   0: 3 0x80008814 (0x016a0d23) mem 0x80023f67 0x5c
core   0: 0x80008818 (0xff1a1603) lh      a2, -15(s4)
core   0: 3 0x80008818 (0xff1a1603) x12 0x00000000 mem 0x80023f3e
core   0: 0x8000881c (0xb2600f13) li      t5, -1242
core   0: 3 0x8000881c (0xb2600f13) x30 0xfffffb26
core   0: 0x80008820 (0x0035c533) xor     a0, a1, gp
core   0: 3 0x80008820 (0x0035c533) x10 0x8002fce4
core   0: 0x80008824 (0xfdfa2303) lw      t1, -33(s4)
core   0: 3 0x80008824 (0xfdfa2303) x 6 0xca2803ad mem 0x80023f2c
core   0: 0x80008828 (0xfd2a13a3) sh      s2, -57(s4)
core   0: 3 0x80008828 (0xfd2a13a3) mem 0x80023f14 0xedbd
core   0: 0x8000882c (0xbad04193) xori    gp, zero, -1107
core   0: 3 0x8000882c (0xbad04193) x 3 0xfffffbad
core   0: 0x80008830 (0xff3a0823) sb      s3, -16(s4)
core   0: 3 0x80008830 (0xff3a0823) mem 0x80023f3d 0x0
core   0: 0x80008834 (0x036a4283) lbu     t0, 54(s4)
core   0: 3 0x80008834 (0x036a4283) x 5 0x00000000 mem 0x80023f83
core   0: 0x80008838 (0xfe6a0903) lb      s2, -26(s4)
core   0: 3 0x80008838 (0xfe6a0903) x18 0xffffffb4 mem 0x80023f33
core   0: 0x8000883c (0x037a2c83) lw      s9, 55(s4)
core   0: 3 0x8000883c (0x037a2c83) x25 0x2db41391 mem 0x80023f84
core   0: 0x80008840 (0x01272cb3) slt     s9, a4, s2
core   0: 3 0x80008840 (0x01272cb3) x25 0x00000000
core   0: 0x80008844 (0x022a0aa3) sb      sp, 53(s4)
core   0: 3 0x80008844 (0x022a0aa3) mem 0x80023f82 0x64
core   0: 0x80008848 (0x0000d797) auipc   a5, 0xd
core   0: 3 0x80008848 (0x0000d797) x15 0x80015848
core   0: 0x8000884c (0x27b78793) addi    a5, a5, 635
core   0: 3 0x8000884c (0x27b78793) x15 0x80015ac3
core   0: 0x80008850 (0x00017697) auipc   a3, 0x17
core   0: 3 0x80008850 (0x00017697) x13 0x8001f850
core   0: 0x80008854 (0xcce68693) addi    a3, a3, -818
core   0: 3 0x80008854 (0xcce68693) x13 0x8001f51e
core   0: 0x80008858 (0x4c77da03) lhu     s4, 1223(a5)
core   0: 3 0x80008858 (0x4c77da03) x20 0x00000000 mem 0x80015f8a
core   0: 0x8000885c (0xe8a78f83) lb      t6, -374(a5)
core   0: 3 0x8000885c (0xe8a78f83) x31 0xffffffb6 mem 0x8001594d
core   0: 0x80008860 (0xfca683a3) sb      a0, -57(a3)
core   0: 3 0x80008860 (0xfca683a3) mem 0x8001f4e5 0xe4
core   0: 0x80008864 (0xd277dd83) lhu     s11, -729(a5)
core   0: 3 0x80008864 (0xd277dd83) x27 0x00001de1 mem 0x800157ea
core   0: 0x80008868 (0xf5f79883) lh      a7, -161(a5)
core   0: 3 0x80008868 (0xf5f79883) x17 0x00001484 mem 0x80015a22
core   0: 0x8000886c (0xa087ca03) lbu     s4, -1528(a5)
core   0: 3 0x8000886c (0xa087ca03) x20 0x00000079 mem 0x800154cb
core   0: 0x80008870 (0x9d579283) lh      t0, -1579(a5)
core   0: 3 0x80008870 (0x9d579283) x 5 0xffffdb5f mem 0x80015498
core   0: 0x80008874 (0xfd968e23) sb      s9, -36(a3)
core   0: 3 0x80008874 (0xfd968e23) mem 0x8001f4fa 0x0
core   0: 0x80008878 (0xec57a383) lw      t2, -315(a5)
core   0: 3 0x80008878 (0xec57a383) x 7 0x3b504273 mem 0x80015988
core   0: 0x8000887c (0x00d68203) lb      tp, 13(a3)
core   0: 3 0x8000887c (0x00d68203) x 4 0x00000071 mem 0x8001f52b
core   0: 0x80008880 (0x9d17d383) lhu     t2, -1583(a5)
core   0: 3 0x80008880 (0x9d17d383) x 7 0x00000045 mem 0x80015494
core   0: 0x80008884 (0xe537da83) lhu     s5, -429(a5)
core   0: 3 0x80008884 (0xe537da83) x21 0x00000000 mem 0x80015916
core   0: 0x80008888 (0x00a68ea3) sb      a0, 29(a3)
core   0: 3 0x80008888 (0x00a68ea3) mem 0x8001f53b 0xe4
core   0: 0x8000888c (0x0176cf83) lbu     t6, 23(a3)
core   0: 3 0x8000888c (0x0176cf83) x31 0x00000095 mem 0x8001f535
core   0: 0x80008890 (0x0256cc03) lbu     s8, 37(a3)
core   0: 3 0x80008890 (0x0256cc03) x24 0x00000028 mem 0x8001f543
core   0: 0x80008894 (0x01069e03) lh      t3, 16(a3)
core   0: 3 0x80008894 (0x01069e03) x28 0x00006408 mem 0x8001f52e
core   0: 0x80008898 (0x02568303) lb      t1, 37(a3)
core   0: 3 0x80008898 (0x02568303) x 6 0x00000028 mem 0x8001f543
core   0: 0x8000889c (0x47f79f83) lh      t6, 1151(a5)
core   0: 3 0x8000889c (0x47f79f83) x31 0x00004ea3 mem 0x80015f42
core   0: 0x800088a0 (0xfea6df83) lhu     t6, -22(a3)
core   0: 3 0x800088a0 (0xfea6df83) x31 0x000066b9 mem 0x8001f508
core   0: 0x800088a4 (0xfd7685a3) sb      s7, -53(a3)
core   0: 3 0x800088a4 (0xfd7685a3) mem 0x8001f4e9 0x10
core   0: 0x800088a8 (0x0001d097) auipc   ra, 0x1d
core   0: 3 0x800088a8 (0x0001d097) x 1 0x800258a8
core   0: 0x800088ac (0xef108093) addi    ra, ra, -271
core   0: 3 0x800088ac (0xef108093) x 1 0x80025799
core   0: 0x800088b0 (0x0000ce97) auipc   t4, 0xc
core   0: 3 0x800088b0 (0x0000ce97) x29 0x800148b0
core   0: 0x800088b4 (0x7c9e8e93) addi    t4, t4, 1993
core   0: 3 0x800088b4 (0x7c9e8e93) x29 0x80015079
core   0: 0x800088b8 (0x0b908c83) lb      s9, 185(ra)
core   0: 3 0x800088b8 (0x0b908c83) x25 0x0000007c mem 0x80025852
core   0: 0x800088bc (0x001e9883) lh      a7, 1(t4)
core   0: 3 0x800088bc (0x001e9883) x17 0x000041ff mem 0x8001507a
core   0: 0x800088c0 (0x0ad09f83) lh      t6, 173(ra)
core   0: 3 0x800088c0 (0x0ad09f83) x31 0xffffc7e4 mem 0x80025846
core   0: 0x800088c4 (0xfd3e9b83) lh      s7, -45(t4)
core   0: 3 0x800088c4 (0xfd3e9b83) x23 0xffffdfb1 mem 0x8001504c
core   0: 0x800088c8 (0xf570d683) lhu     a3, -169(ra)
core   0: 3 0x800088c8 (0xf570d683) x13 0x00006f38 mem 0x800256f0
core   0: 0x800088cc (0xfb408d83) lb      s11, -76(ra)
core   0: 3 0x800088cc (0xfb408d83) x27 0xffffffd4 mem 0x8002574d
core   0: 0x800088d0 (0xfe9e98a3) sh      s1, -15(t4)
core   0: 3 0x800088d0 (0xfe9e98a3) mem 0x8001506a 0x0061
core   0: 0x800088d4 (0x06108ca3) sb      ra, 121(ra)
core   0: 3 0x800088d4 (0x06108ca3) mem 0x80025812 0x99
core   0: 0x800088d8 (0xf4e095a3) sh      a4, -181(ra)
core   0: 3 0x800088d8 (0xf4e095a3) mem 0x800256e4 0x5742
core   0: 0x800088dc (0x0ad08403) lb      s0, 173(ra)
core   0: 3 0x800088dc (0x0ad08403) x 8 0xffffffe4 mem 0x80025846
core   0: 0x800088e0 (0xfcfe8c83) lb      s9, -49(t4)
core   0: 3 0x800088e0 (0xfcfe8c83) x25 0xffffff8f mem 0x80015048
core   0: 0x800088e4 (0x00c083a3) sb      a2, 7(ra)
core   0: 3 0x800088e4 (0x00c083a3) mem 0x800257a0 0x0
core   0: 0x800088e8 (0xfd2e8d83) lb      s11, -46(t4)
core   0: 3 0x800088e8 (0xfd2e8d83) x27 0x00000000 mem 0x8001504b
core   0: 0x800088ec (0x00cec203) lbu     tp, 12(t4)
core   0: 3 0x800088ec (0x00cec203) x 4 0x00000061 mem 0x80015085
core   0: 0x800088f0 (0x017e9aa3) sh      s7, 21(t4)
core   0: 3 0x800088f0 (0x017e9aa3) mem 0x8001508e 0xdfb1
core   0: 0x800088f4 (0x0ef0cc03) lbu     s8, 239(ra)
core   0: 3 0x800088f4 (0x0ef0cc03) x24 0x00000022 mem 0x80025888
core   0: 0x800088f8 (0x000eca03) lbu     s4, 0(t4)
core   0: 3 0x800088f8 (0x000eca03) x20 0x00000004 mem 0x80015079
core   0: 0x800088fc (0xfddedb83) lhu     s7, -35(t4)
core   0: 3 0x800088fc (0xfddedb83) x23 0x00003138 mem 0x80015056
core   0: 0x80008900 (0xfb408a23) sb      s4, -76(ra)
core   0: 3 0x80008900 (0xfb408a23) mem 0x8002574d 0x4
core   0: 0x80008904 (0x0000d097) auipc   ra, 0xd
core   0: 3 0x80008904 (0x0000d097) x 1 0x80015904
core   0: 0x80008908 (0xde908093) addi    ra, ra, -535
core   0: 3 0x80008908 (0xde908093) x 1 0x800156ed
core   0: 0x8000890c (0x00e08483) lb      s1, 14(ra)
core   0: 3 0x8000890c (0x00e08483) x 9 0xffffff91 mem 0x800156fb
core   0: 0x80008910 (0x00d0c383) lbu     t2, 13(ra)
core   0: 3 0x80008910 (0x00d0c383) x 7 0x00000017 mem 0x800156fa
core   0: 0x80008914 (0x0100ce83) lbu     t4, 16(ra)
core   0: 3 0x80008914 (0x0100ce83) x29 0x000000ce mem 0x800156fd
core   0: 0x80008918 (0x0040c683) lbu     a3, 4(ra)
core   0: 3 0x80008918 (0x0040c683) x13 0x000000d0 mem 0x800156f1
core   0: 0x8000891c (0x00408203) lb      tp, 4(ra)
core   0: 3 0x8000891c (0x00408203) x 4 0xffffffd0 mem 0x800156f1
core   0: 0x80008920 (0x00000013) nop
core   0: 3 0x80008920 (0x00000013)
core   0: 0x80008924 (0xfe909ea3) sh      s1, -3(ra)
core   0: 3 0x80008924 (0xfe909ea3) mem 0x800156ea 0xff91
core   0: 0x80008928 (0xffd0cd03) lbu     s10, -3(ra)
core   0: 3 0x80008928 (0xffd0cd03) x26 0x00000091 mem 0x800156ea
core   0: 0x8000892c (0xff30d783) lhu     a5, -13(ra)
core   0: 3 0x8000892c (0xff30d783) x15 0x0000cda6 mem 0x800156e0
core   0: 0x80008930 (0x01208723) sb      s2, 14(ra)
core   0: 3 0x80008930 (0x01208723) mem 0x800156fb 0xb4
core   0: 0x80008934 (0x01208423) sb      s2, 8(ra)
core   0: 3 0x80008934 (0x01208423) mem 0x800156f5 0xb4
core   0: 0x80008938 (0x00019d17) auipc   s10, 0x19
core   0: 3 0x80008938 (0x00019d17) x26 0x80021938
core   0: 0x8000893c (0x6ddd0d13) addi    s10, s10, 1757
core   0: 3 0x8000893c (0x6ddd0d13) x26 0x80022015
core   0: 0x80008940 (0x00019797) auipc   a5, 0x19
core   0: 3 0x80008940 (0x00019797) x15 0x80021940
core   0: 0x80008944 (0x4d578793) addi    a5, a5, 1237
core   0: 3 0x80008944 (0x4d578793) x15 0x80021e15
core   0: 0x80008948 (0x00012097) auipc   ra, 0x12
core   0: 3 0x80008948 (0x00012097) x 1 0x8001a948
core   0: 0x8000894c (0x9c608093) addi    ra, ra, -1594
core   0: 3 0x8000894c (0x9c608093) x 1 0x8001a30e
core   0: 0x80008950 (0x00016717) auipc   a4, 0x16
core   0: 3 0x80008950 (0x00016717) x14 0x8001e950
core   0: 0x80008954 (0xc3670713) addi    a4, a4, -970
core   0: 3 0x80008954 (0xc3670713) x14 0x8001e586
core   0: 0x80008958 (0xff9d0f03) lb      t5, -7(s10)
core   0: 3 0x80008958 (0xff9d0f03) x30 0x00000004 mem 0x8002200e
core   0: 0x8000895c (0xffcd0823) sb      t3, -16(s10)
core   0: 3 0x8000895c (0xffcd0823) mem 0x80022005 0x8
core   0: 0x80008960 (0x00014697) auipc   a3, 0x14
core   0: 3 0x80008960 (0x00014697) x13 0x8001c960
core   0: 0x80008964 (0x97e68693) addi    a3, a3, -1666
core   0: 3 0x80008964 (0x97e68693) x13 0x8001c2de
core   0: 0x80008968 (0xff078f03) lb      t5, -16(a5)
core   0: 3 0x80008968 (0xff078f03) x30 0xffffff8b mem 0x80021e05
core   0: 0x8000896c (0x06a71123) sh      a0, 98(a4)
core   0: 3 0x8000896c (0x06a71123) mem 0x8001e5e8 0xfce4
core   0: 0x80008970 (0x5ad6c383) lbu     t2, 1453(a3)
core   0: 3 0x80008970 (0x5ad6c383) x 7 0x000000ec mem 0x8001c88b
core   0: 0x80008974 (0xcdd08203) lb      tp, -803(ra)
core   0: 3 0x80008974 (0xcdd08203) x 4 0x00000019 mem 0x80019feb
core   0: 0x80008978 (0xb9568903) lb      s2, -1131(a3)
core   0: 3 0x80008978 (0xb9568903) x18 0x00000002 mem 0x8001be73
core   0: 0x8000897c (0x004d0203) lb      tp, 4(s10)
core   0: 3 0x8000897c (0x004d0203) x 4 0x00000014 mem 0x80022019
core   0: 0x80008980 (0x00b78903) lb      s2, 11(a5)
core   0: 3 0x80008980 (0x00b78903) x18 0x00000048 mem 0x80021e20
core   0: 0x80008984 (0x3d768f03) lb      t5, 983(a3)
core   0: 3 0x80008984 (0x3d768f03) x30 0xffffffa6 mem 0x8001c6b5
core   0: 0x80008988 (0x6cb68f83) lb      t6, 1739(a3)
core   0: 3 0x80008988 (0x6cb68f83) x31 0x0000007b mem 0x8001c9a9
core   0: 0x8000898c (0x0bc75883) lhu     a7, 188(a4)
core   0: 3 0x8000898c (0x0bc75883) x17 0x0000a062 mem 0x8001e642
core   0: 0x80008990 (0x003784a3) sb      gp, 9(a5)
core   0: 3 0x80008990 (0x003784a3) mem 0x80021e1e 0xad
core   0: 0x80008994 (0xde4086a3) sb      tp, -531(ra)
core   0: 3 0x80008994 (0xde4086a3) mem 0x8001a0fb 0x14
core   0: 0x80008998 (0xff478b83) lb      s7, -12(a5)
core   0: 3 0x80008998 (0xff478b83) x23 0x00000057 mem 0x80021e09
core   0: 0x8000899c (0x01b74a83) lbu     s5, 27(a4)
core   0: 3 0x8000899c (0x01b74a83) x21 0x00000099 mem 0x8001e5a1
core   0: 0x800089a0 (0x002d0a83) lb      s5, 2(s10)
core   0: 3 0x800089a0 (0x002d0a83) x21 0x00000069 mem 0x80022017
core   0: 0x800089a4 (0xfdb74603) lbu     a2, -37(a4)
core   0: 3 0x800089a4 (0xfdb74603) x12 0x00000014 mem 0x8001e561
core   0: 0x800089a8 (0xfe978e23) sb      s1, -4(a5)
core   0: 3 0x800089a8 (0xfe978e23) mem 0x80021e11 0x91
core   0: 0x800089ac (0xec70ce83) lbu     t4, -313(ra)
core   0: 3 0x800089ac (0xec70ce83) x29 0x00000002 mem 0x8001a1d5
core   0: 0x800089b0 (0x0a570603) lb      a2, 165(a4)
core   0: 3 0x800089b0 (0x0a570603) x12 0xffffffd8 mem 0x8001e62b
core   0: 0x800089b4 (0xfe178e23) sb      ra, -4(a5)
core   0: 3 0x800089b4 (0xfe178e23) mem 0x80021e11 0xe
core   0: 0x800089b8 (0x00cd0323) sb      a2, 6(s10)
core   0: 3 0x800089b8 (0x00cd0323) mem 0x8002201b 0xd8
core   0: 0x800089bc (0xf8970f03) lb      t5, -119(a4)
core   0: 3 0x800089bc (0xf8970f03) x30 0xffffffd9 mem 0x8001e50f
core   0: 0x800089c0 (0x0db74b83) lbu     s7, 219(a4)
core   0: 3 0x800089c0 (0x0db74b83) x23 0x000000dd mem 0x8001e661
core   0: 0x800089c4 (0xff57cd83) lbu     s11, -11(a5)
core   0: 3 0x800089c4 (0xff57cd83) x27 0x0000007e mem 0x80021e0a
core   0: 0x800089c8 (0xc1b68603) lb      a2, -997(a3)
core   0: 3 0x800089c8 (0xc1b68603) x12 0xffffffc3 mem 0x8001bef9
core   0: 0x800089cc (0xbe30c883) lbu     a7, -1053(ra)
core   0: 3 0x800089cc (0xbe30c883) x17 0x000000ac mem 0x80019ef1
core   0: 0x800089d0 (0xc1809483) lh      s1, -1000(ra)
core   0: 3 0x800089d0 (0xc1809483) x 9 0x00002f25 mem 0x80019f26
core   0: 0x800089d4 (0x1db08d83) lb      s11, 475(ra)
core   0: 3 0x800089d4 (0x1db08d83) x27 0xfffffff4 mem 0x8001a4e9
core   0: 0x800089d8 (0x009d1a03) lh      s4, 9(s10)
core   0: 3 0x800089d8 (0x009d1a03) x20 0x000010e3 mem 0x8002201e
core   0: 0x800089dc (0xff179983) lh      s3, -15(a5)
core   0: 3 0x800089dc (0xff179983) x19 0x000059f6 mem 0x80021e06
core   0: 0x800089e0 (0xfcd71a23) sh      a3, -44(a4)
core   0: 3 0x800089e0 (0xfcd71a23) mem 0x8001e55a 0xc2de
core   0: 0x800089e4 (0xaad0a923) sw      a3, -1358(ra)
core   0: 3 0x800089e4 (0xaad0a923) mem 0x80019dc0 0x8001c2de
core   0: 0x800089e8 (0x00b7cb83) lbu     s7, 11(a5)
core   0: 3 0x800089e8 (0x00b7cb83) x23 0x00000048 mem 0x80021e20
core   0: 0x800089ec (0xffcd4283) lbu     t0, -4(s10)
core   0: 3 0x800089ec (0xffcd4283) x 5 0x0000003f mem 0x80022011
core   0: 0x800089f0 (0xfa871d83) lh      s11, -88(a4)
core   0: 3 0x800089f0 (0xfa871d83) x27 0x00004904 mem 0x8001e52e
core   0: 0x800089f4 (0x9850c503) lbu     a0, -1659(ra)
core   0: 3 0x800089f4 (0x9850c503) x10 0x00000029 mem 0x80019c93
core   0: 0x800089f8 (0x00011297) auipc   t0, 0x11
core   0: 3 0x800089f8 (0x00011297) x 5 0x800199f8
core   0: 0x800089fc (0x8ea28293) addi    t0, t0, -1814
core   0: 3 0x800089fc (0x8ea28293) x 5 0x800192e2
core   0: 0x80008a00 (0xfed28183) lb      gp, -19(t0)
core   0: 3 0x80008a00 (0xfed28183) x 3 0xffffffe9 mem 0x800192cf
core   0: 0x80008a04 (0x01028783) lb      a5, 16(t0)
core   0: 3 0x80008a04 (0x01028783) x15 0x0000005f mem 0x800192f2
core   0: 0x80008a08 (0x01d2cd83) lbu     s11, 29(t0)
core   0: 3 0x80008a08 (0x01d2cd83) x27 0x00000031 mem 0x800192ff
core   0: 0x80008a0c (0x03628d23) sb      s6, 58(t0)
core   0: 3 0x80008a0c (0x03628d23) mem 0x8001931c 0x5c
core   0: 0x80008a10 (0xfe928a83) lb      s5, -23(t0)
core   0: 3 0x80008a10 (0xfe928a83) x21 0x00000016 mem 0x800192cb
core   0: 0x80008a14 (0x0000100f) fence.i
core   0: 3 0x80008a14 (0x0000100f)
core   0: 0x80008a18 (0xfe4286a3) sb      tp, -19(t0)
core   0: 3 0x80008a18 (0xfe4286a3) mem 0x800192cf 0x14
core   0: 0x80008a1c (0xfc328f83) lb      t6, -61(t0)
core   0: 3 0x80008a1c (0xfc328f83) x31 0x0000001c mem 0x800192a5
core   0: 0x80008a20 (0xfa110c37) lui     s8, 0xfa110
core   0: 3 0x80008a20 (0xfa110c37) x24 0xfa110000
core   0: 0x80008a24 (0x7f4ce313) ori     t1, s9, 2036
core   0: 3 0x80008a24 (0x7f4ce313) x 6 0xffffffff
core   0: 0x80008a28 (0xff328d03) lb      s10, -13(t0)
core   0: 3 0x80008a28 (0xff328d03) x26 0xffffff8d mem 0x800192d5
core   0: 0x80008a2c (0x417b5e93) srai    t4, s6, 23
core   0: 3 0x80008a2c (0x417b5e93) x29 0xfffffffc
core   0: 0x80008a30 (0x0222cb83) lbu     s7, 34(t0)
core   0: 3 0x80008a30 (0x0222cb83) x23 0x000000b3 mem 0x80019304
core   0: 0x80008a34 (0x014c2333) slt     t1, s8, s4
core   0: 3 0x80008a34 (0x014c2333) x 6 0x00000001
core   0: 0x80008a38 (0x01f2cf33) xor     t5, t0, t6
core   0: 3 0x80008a38 (0x01f2cf33) x30 0x800192fe
core   0: 0x80008a3c (0x0ff0000f) fence   iorw,iorw
core   0: 3 0x80008a3c (0x0ff0000f)
core   0: 0x80008a40 (0x88d30c13) addi    s8, t1, -1907
core   0: 3 0x80008a40 (0x88d30c13) x24 0xfffff88e
core   0: 0x80008a44 (0x4195d733) sra     a4, a1, s9
core   0: 3 0x80008a44 (0x4195d733) x14 0xffff0005
core   0: 0x80008a48 (0xfd02c903) lbu     s2, -48(t0)
core   0: 3 0x80008a48 (0xfd02c903) x18 0x00000051 mem 0x800192b2
core   0: 0x80008a4c (0x00e14eb3) xor     t4, sp, a4
core   0: 3 0x80008a4c (0x00e14eb3) x29 0x7ffdae61
core   0: 0x80008a50 (0x02029223) sh      zero, 36(t0)
core   0: 3 0x80008a50 (0x02029223) mem 0x80019306 0x0000
core   0: 0x80008a54 (0x4cab4d97) auipc   s11, 0x4cab4
core   0: 3 0x80008a54 (0x4cab4d97) x27 0xccabca54
core   0: 0x80008a58 (0x40a486b3) sub     a3, s1, a0
core   0: 3 0x80008a58 (0x40a486b3) x13 0x00002efc
core   0: 0x80008a5c (0x0104edb3) or      s11, s1, a6
core   0: 3 0x80008a5c (0x0104edb3) x27 0x00002f25
core   0: 0x80008a60 (0x01b4d513) srli    a0, s1, 27
core   0: 3 0x80008a60 (0x01b4d513) x10 0x00000000
core   0: 0x80008a64 (0x01879d33) sll     s10, a5, s8
core   0: 3 0x80008a64 (0x01879d33) x26 0x0017c000
core   0: 0x80008a68 (0x5d61ca93) xori    s5, gp, 1494
core   0: 3 0x80008a68 (0x5d61ca93) x21 0xfffffa3f
core   0: 0x80008a6c (0x00d1a333) slt     t1, gp, a3
core   0: 3 0x80008a6c (0x00d1a333) x 6 0x00000001
core   0: 0x80008a70 (0x41fc5693) srai    a3, s8, 31
core   0: 3 0x80008a70 (0x41fc5693) x13 0xffffffff
core   0: 0x80008a74 (0x01e281a3) sb      t5, 3(t0)
core   0: 3 0x80008a74 (0x01e281a3) mem 0x800192e5 0xfe
core   0: 0x80008a78 (0x002c7833) and     a6, s8, sp
core   0: 3 0x80008a78 (0x002c7833) x16 0x8002a804
core   0: 0x80008a7c (0xfc02c483) lbu     s1, -64(t0)
core   0: 3 0x80008a7c (0xfc02c483) x 9 0x0000000a mem 0x800192a2
core   0: 0x80008a80 (0xff488193) addi    gp, a7, -12
core   0: 3 0x80008a80 (0xff488193) x 3 0x000000a0
core   0: 0x80008a84 (0x02029a83) lh      s5, 32(t0)
core   0: 3 0x80008a84 (0x02029a83) x21 0xffff9075 mem 0x80019302
core   0: 0x80008a88 (0x0000dd97) auipc   s11, 0xd
core   0: 3 0x80008a88 (0x0000dd97) x27 0x80015a88
core   0: 0x80008a8c (0x9cad8d93) addi    s11, s11, -1590
core   0: 3 0x80008a8c (0x9cad8d93) x27 0x80015452
core   0: 0x80008a90 (0xfffdc383) lbu     t2, -1(s11)
core   0: 3 0x80008a90 (0xfffdc383) x 7 0x00000030 mem 0x80015451
core   0: 0x80008a94 (0xfffdc283) lbu     t0, -1(s11)
core   0: 3 0x80008a94 (0xfffdc283) x 5 0x00000030 mem 0x80015451
core   0: 0x80008a98 (0xfffdc183) lbu     gp, -1(s11)
core   0: 3 0x80008a98 (0xfffdc183) x 3 0x00000030 mem 0x80015451
core   0: 0x80008a9c (0xfffdc903) lbu     s2, -1(s11)
core   0: 3 0x80008a9c (0xfffdc903) x18 0x00000030 mem 0x80015451
core   0: 0x80008aa0 (0xfffdc303) lbu     t1, -1(s11)
core   0: 3 0x80008aa0 (0xfffdc303) x 6 0x00000030 mem 0x80015451
core   0: 0x80008aa4 (0xfffd8183) lb      gp, -1(s11)
core   0: 3 0x80008aa4 (0xfffd8183) x 3 0x00000030 mem 0x80015451
core   0: 0x80008aa8 (0xfffd8f03) lb      t5, -1(s11)
core   0: 3 0x80008aa8 (0xfffd8f03) x30 0x00000030 mem 0x80015451
core   0: 0x80008aac (0x5a8e8e13) addi    t3, t4, 1448
core   0: 3 0x80008aac (0x5a8e8e13) x28 0x7ffdb409
core   0: 0x80008ab0 (0xfecd8ca3) sb      a2, -7(s11)
core   0: 3 0x80008ab0 (0xfecd8ca3) mem 0x8001544b 0xc3
core   0: 0x80008ab4 (0xff9dc083) lbu     ra, -7(s11)
core   0: 3 0x80008ab4 (0xff9dc083) x 1 0x000000c3 mem 0x8001544b
core   0: 0x80008ab8 (0xfebd8ca3) sb      a1, -7(s11)
core   0: 3 0x80008ab8 (0xfebd8ca3) mem 0x8001544b 0xe4
core   0: 0x80008abc (0xfead8ca3) sb      a0, -7(s11)
core   0: 3 0x80008abc (0xfead8ca3) mem 0x8001544b 0x0
core   0: 0x80008ac0 (0xff8d8ca3) sb      s8, -7(s11)
core   0: 3 0x80008ac0 (0xff8d8ca3) mem 0x8001544b 0x8e
core   0: 0x80008ac4 (0xfe4d80a3) sb      tp, -31(s11)
core   0: 3 0x80008ac4 (0xfe4d80a3) mem 0x80015433 0x14
core   0: 0x80008ac8 (0xfd0d8503) lb      a0, -48(s11)
core   0: 3 0x80008ac8 (0xfd0d8503) x10 0x0000005f mem 0x80015422
core   0: 0x80008acc (0xfd0dd283) lhu     t0, -48(s11)
core   0: 3 0x80008acc (0xfd0dd283) x 5 0x0000865f mem 0x80015422
core   0: 0x80008ad0 (0x037d8003) lb      zero, 55(s11)
core   0: 3 0x80008ad0 (0x037d8003) mem 0x80015489
core   0: 0x80008ad4 (0x01043033) sltu    zero, s0, a6
core   0: 3 0x80008ad4 (0x01043033)
core   0: 0x80008ad8 (0x21dc7713) andi    a4, s8, 541
core   0: 3 0x80008ad8 (0x21dc7713) x14 0x0000000c
core   0: 0x80008adc (0x029dc303) lbu     t1, 41(s11)
core   0: 3 0x80008adc (0x029dc303) x 6 0x0000002a mem 0x8001547b
core   0: 0x80008ae0 (0x2d788893) addi    a7, a7, 727
core   0: 3 0x80008ae0 (0x2d788893) x17 0x00000383
core   0: 0x80008ae4 (0x029dce83) lbu     t4, 41(s11)
core   0: 3 0x80008ae4 (0x029dce83) x29 0x0000002a mem 0x8001547b
core   0: 0x80008ae8 (0x404bd3b3) sra     t2, s7, tp
core   0: 3 0x80008ae8 (0x404bd3b3) x 7 0x00000000
core   0: 0x80008aec (0xfc2d8303) lb      t1, -62(s11)
core   0: 3 0x80008aec (0xfc2d8303) x 6 0xffffff87 mem 0x80015414
core   0: 0x80008af0 (0x0000d997) auipc   s3, 0xd
core   0: 3 0x80008af0 (0x0000d997) x19 0x80015af0
core   0: 0x80008af4 (0xbf998993) addi    s3, s3, -1031
core   0: 3 0x80008af4 (0xbf998993) x19 0x800156e9
core   0: 0x80008af8 (0x01b98623) sb      s11, 12(s3)
core   0: 3 0x80008af8 (0x01b98623) mem 0x800156f5 0x52
core   0: 0x80008afc (0x01598623) sb      s5, 12(s3)
core   0: 3 0x80008afc (0x01598623) mem 0x800156f5 0x75
core   0: 0x80008b00 (0x00c98483) lb      s1, 12(s3)
core   0: 3 0x80008b00 (0x00c98483) x 9 0x00000075 mem 0x800156f5
core   0: 0x80008b04 (0xffb9ca83) lbu     s5, -5(s3)
core   0: 3 0x80008b04 (0xffb9ca83) x21 0x0000000b mem 0x800156e4
core   0: 0x80008b08 (0xfff9ada3) sw      t6, -5(s3)
core   0: 3 0x80008b08 (0xfff9ada3) mem 0x800156e4 0x0000001c
core   0: 0x80008b0c (0xffb98383) lb      t2, -5(s3)
core   0: 3 0x80008b0c (0xffb98383) x 7 0x0000001c mem 0x800156e4
core   0: 0x80008b10 (0xffb9cf03) lbu     t5, -5(s3)
core   0: 3 0x80008b10 (0xffb9cf03) x30 0x0000001c mem 0x800156e4
core   0: 0x80008b14 (0xfff98da3) sb      t6, -5(s3)
core   0: 3 0x80008b14 (0xfff98da3) mem 0x800156e4 0x1c
core   0: 0x80008b18 (0xffb99da3) sh      s11, -5(s3)
core   0: 3 0x80008b18 (0xffb99da3) mem 0x800156e4 0x5452
core   0: 0x80008b1c (0xffb9ac83) lw      s9, -5(s3)
core   0: 3 0x80008b1c (0xffb9ac83) x25 0x00005452 mem 0x800156e4
core   0: 0x80008b20 (0xff89ada3) sw      s8, -5(s3)
core   0: 3 0x80008b20 (0xff89ada3) mem 0x800156e4 0xfffff88e
core   0: 0x80008b24 (0x0ff0000f) fence   iorw,iorw
core   0: 3 0x80008b24 (0x0ff0000f)
core   0: 0x80008b28 (0xff798da3) sb      s7, -5(s3)
core   0: 3 0x80008b28 (0xff798da3) mem 0x800156e4 0xb3
core   0: 0x80008b2c (0x34707f93) andi    t6, zero, 839
core   0: 3 0x80008b2c (0x34707f93) x31 0x00000000
core   0: 0x80008b30 (0x4112d913) srai    s2, t0, 17
core   0: 3 0x80008b30 (0x4112d913) x18 0x00000000
core   0: 0x80008b34 (0xffb99a03) lh      s4, -5(s3)
core   0: 3 0x80008b34 (0xffb99a03) x20 0xfffff8b3 mem 0x800156e4
core   0: 0x80008b38 (0xffb98003) lb      zero, -5(s3)
core   0: 3 0x80008b38 (0xffb98003) mem 0x800156e4
core   0: 0x80008b3c (0xffb9ad83) lw      s11, -5(s3)
core   0: 3 0x80008b3c (0xffb9ad83) x27 0xfffff8b3 mem 0x800156e4
core   0: 0x80008b40 (0x00301933) sll     s2, zero, gp
core   0: 3 0x80008b40 (0x00301933) x18 0x00000000
core   0: 0x80008b44 (0xffa98e03) lb      t3, -6(s3)
core   0: 3 0x80008b44 (0xffa98e03) x28 0x0000005f mem 0x800156e3
core   0: 0x80008b48 (0xfe198d23) sb      ra, -6(s3)
core   0: 3 0x80008b48 (0xfe198d23) mem 0x800156e3 0xc3
core   0: 0x80008b4c (0x41f2d613) srai    a2, t0, 31
core   0: 3 0x80008b4c (0x41f2d613) x12 0x00000000
core   0: 0x80008b50 (0xffa9cd83) lbu     s11, -6(s3)
core   0: 3 0x80008b50 (0xffa9cd83) x27 0x000000c3 mem 0x800156e3
core   0: 0x80008b54 (0x00012f97) auipc   t6, 0x12
core   0: 3 0x80008b54 (0x00012f97) x31 0x8001ab54
core   0: 0x80008b58 (0x3a8f8f93) addi    t6, t6, 936
core   0: 3 0x80008b58 (0x3a8f8f93) x31 0x8001aefc
core   0: 0x80008b5c (0xff4fd703) lhu     a4, -12(t6)
core   0: 3 0x80008b5c (0xff4fd703) x14 0x0000be51 mem 0x8001aef0
core   0: 0x80008b60 (0x0000da97) auipc   s5, 0xd
core   0: 3 0x80008b60 (0x0000da97) x21 0x80015b60
core   0: 0x80008b64 (0x831a8a93) addi    s5, s5, -1999
core   0: 3 0x80008b64 (0x831a8a93) x21 0x80015391
core   0: 0x80008b68 (0xfcef89a3) sb      a4, -45(t6)
core   0: 3 0x80008b68 (0xfcef89a3) mem 0x8001aecf 0x51
core   0: 0x80008b6c (0xff4faa03) lw      s4, -12(t6)
core   0: 3 0x80008b6c (0xff4faa03) x20 0x75cfbe51 mem 0x8001aef0
core   0: 0x80008b70 (0xffea9da3) sh      t5, -5(s5)
core   0: 3 0x80008b70 (0xffea9da3) mem 0x8001538c 0x001c
core   0: 0x80008b74 (0x000ac903) lbu     s2, 0(s5)
core   0: 3 0x80008b74 (0x000ac903) x18 0x0000002c mem 0x80015391
core   0: 0x80008b78 (0xfeaa8c23) sb      a0, -8(s5)
core   0: 3 0x80008b78 (0xfeaa8c23) mem 0x80015389 0x5f
core   0: 0x80008b7c (0x018f9e23) sh      s8, 28(t6)
core   0: 3 0x80008b7c (0x018f9e23) mem 0x8001af18 0xf88e
core   0: 0x80008b80 (0xff3ada03) lhu     s4, -13(s5)
core   0: 3 0x80008b80 (0xff3ada03) x20 0x0000ef83 mem 0x80015384
core   0: 0x80008b84 (0xfecfdc03) lhu     s8, -20(t6)
core   0: 3 0x80008b84 (0xfecfdc03) x24 0x0000d3be mem 0x8001aee8
core   0: 0x80008b88 (0xff7aa203) lw      tp, -9(s5)
core   0: 3 0x80008b88 (0xff7aa203) x 4 0xa2765fc9 mem 0x80015388
core   0: 0x80008b8c (0x01bf8b23) sb      s11, 22(t6)
core   0: 3 0x80008b8c (0x01bf8b23) mem 0x8001af12 0xc3
core   0: 0x80008b90 (0x00daa3a3) sw      a3, 7(s5)
core   0: 3 0x80008b90 (0x00daa3a3) mem 0x80015398 0xffffffff
core   0: 0x80008b94 (0x00015897) auipc   a7, 0x15
core   0: 3 0x80008b94 (0x00015897) x17 0x8001db94
core   0: 0x80008b98 (0x58a88893) addi    a7, a7, 1418
core   0: 3 0x80008b98 (0x58a88893) x17 0x8001e11e
core   0: 0x80008b9c (0x01988223) sb      s9, 4(a7)
core   0: 3 0x80008b9c (0x01988223) mem 0x8001e122 0x52
core   0: 0x80008ba0 (0x01689823) sh      s6, 16(a7)
core   0: 3 0x80008ba0 (0x01689823) mem 0x8001e12e 0xbb5c
core   0: 0x80008ba4 (0x40885d33) sra     s10, a6, s0
core   0: 3 0x80008ba4 (0x40885d33) x26 0xf8002a80
core   0: 0x80008ba8 (0x018880a3) sb      s8, 1(a7)
core   0: 3 0x80008ba8 (0x018880a3) mem 0x8001e11f 0xbe
core   0: 0x80008bac (0x00c8d283) lhu     t0, 12(a7)
core   0: 3 0x80008bac (0x00c8d283) x 5 0x00009958 mem 0x8001e12a
core   0: 0x80008bb0 (0xff188c83) lb      s9, -15(a7)
core   0: 3 0x80008bb0 (0xff188c83) x25 0x0000006e mem 0x8001e10f
core   0: 0x80008bb4 (0x01089623) sh      a6, 12(a7)
core   0: 3 0x80008bb4 (0x01089623) mem 0x8001e12a 0xa804
core   0: 0x80008bb8 (0x41b55493) srai    s1, a0, 27
core   0: 3 0x80008bb8 (0x41b55493) x 9 0x00000000
core   0: 0x80008bbc (0x00f8cf83) lbu     t6, 15(a7)
core   0: 3 0x80008bbc (0x00f8cf83) x31 0x00000092 mem 0x8001e12d
core   0: 0x80008bc0 (0x00388803) lb      a6, 3(a7)
core   0: 3 0x80008bc0 (0x00388803) x16 0xfffffffb mem 0x8001e121
core   0: 0x80008bc4 (0x40fbde33) sra     t3, s7, a5
core   0: 3 0x80008bc4 (0x40fbde33) x28 0x00000000
core   0: 0x80008bc8 (0xff689f23) sh      s6, -2(a7)
core   0: 3 0x80008bc8 (0xff689f23) mem 0x8001e11c 0xbb5c
core   0: 0x80008bcc (0x0000100f) fence.i
core   0: 3 0x80008bcc (0x0000100f)
core   0: 0x80008bd0 (0x00188423) sb      ra, 8(a7)
core   0: 3 0x80008bd0 (0x00188423) mem 0x8001e126 0xc3
core   0: 0x80008bd4 (0x00e8aa03) lw      s4, 14(a7)
core   0: 3 0x80008bd4 (0x00e8aa03) x20 0xbb5c92da mem 0x8001e12c
core   0: 0x80008bd8 (0x00e8db83) lhu     s7, 14(a7)
core   0: 3 0x80008bd8 (0x00e8db83) x23 0x000092da mem 0x8001e12c
core   0: 0x80008bdc (0xfec89923) sh      a2, -14(a7)
core   0: 3 0x80008bdc (0xfec89923) mem 0x8001e110 0x0000
core   0: 0x80008be0 (0x720cb313) sltiu   t1, s9, 1824
core   0: 3 0x80008be0 (0x720cb313) x 6 0x00000001
core   0: 0x80008be4 (0x004885a3) sb      tp, 11(a7)
core   0: 3 0x80008be4 (0x004885a3) mem 0x8001e129 0xc9
core   0: 0x80008be8 (0x01588523) sb      s5, 10(a7)
core   0: 3 0x80008be8 (0x01588523) mem 0x8001e128 0x91
core   0: 0x80008bec (0x0108d803) lhu     a6, 16(a7)
core   0: 3 0x80008bec (0x0108d803) x16 0x0000bb5c mem 0x8001e12e
core   0: 0x80008bf0 (0xfff8cf03) lbu     t5, -1(a7)
core   0: 3 0x80008bf0 (0xfff8cf03) x30 0x000000bb mem 0x8001e11d
core   0: 0x80008bf4 (0x01be21b3) slt     gp, t3, s11
core   0: 3 0x80008bf4 (0x01be21b3) x 3 0x00000001
core   0: 0x80008bf8 (0x00000013) nop
core   0: 3 0x80008bf8 (0x00000013)
core   0: 0x80008bfc (0xfe58a923) sw      t0, -14(a7)
core   0: 3 0x80008bfc (0xfe58a923) mem 0x8001e110 0x00009958
core   0: 0x80008c00 (0x00189523) sh      ra, 10(a7)
core   0: 3 0x80008c00 (0x00189523) mem 0x8001e128 0x00c3
core   0: 0x80008c04 (0x00000013) nop
core   0: 3 0x80008c04 (0x00000013)
core   0: 0x80008c08 (0xff98cc83) lbu     s9, -7(a7)
core   0: 3 0x80008c08 (0xff98cc83) x25 0x0000006c mem 0x8001e117
core   0: 0x80008c0c (0x00e89283) lh      t0, 14(a7)
core   0: 3 0x80008c0c (0x00e89283) x 5 0xffff92da mem 0x8001e12c
core   0: 0x80008c10 (0x00388c03) lb      s8, 3(a7)
core   0: 3 0x80008c10 (0x00388c03) x24 0xfffffffb mem 0x8001e121
core   0: 0x80008c14 (0x0028ca83) lbu     s5, 2(a7)
core   0: 3 0x80008c14 (0x0028ca83) x21 0x0000009f mem 0x8001e120
core   0: 0x80008c18 (0x00888003) lb      zero, 8(a7)
core   0: 3 0x80008c18 (0x00888003) mem 0x8001e126
core   0: 0x80008c1c (0xa6092f93) slti    t6, s2, -1440
core   0: 3 0x80008c1c (0xa6092f93) x31 0x00000000
core   0: 0x80008c20 (0x00092c33) slt     s8, s2, zero
core   0: 3 0x80008c20 (0x00092c33) x24 0x00000000
core   0: 0x80008c24 (0x00c13f33) sltu    t5, sp, a2
core   0: 3 0x80008c24 (0x00c13f33) x30 0x00000000
core   0: 0x80008c28 (0x00088703) lb      a4, 0(a7)
core   0: 3 0x80008c28 (0x00088703) x14 0xffffff9c mem 0x8001e11e
core   0: 0x80008c2c (0x00689a03) lh      s4, 6(a7)
core   0: 3 0x80008c2c (0x00689a03) x20 0xfffff574 mem 0x8001e124
core   0: 0x80008c30 (0xae89f713) andi    a4, s3, -1304
core   0: 3 0x80008c30 (0xae89f713) x14 0x800152e8
core   0: 0x80008c34 (0xfff88a23) sb      t6, -12(a7)
core   0: 3 0x80008c34 (0xfff88a23) mem 0x8001e112 0x0
core   0: 0x80008c38 (0x0098c703) lbu     a4, 9(a7)
core   0: 3 0x80008c38 (0x0098c703) x14 0x00000034 mem 0x8001e127
core   0: 0x80008c3c (0x0000c397) auipc   t2, 0xc
core   0: 3 0x80008c3c (0x0000c397) x 7 0x80014c3c
core   0: 0x80008c40 (0x6b738393) addi    t2, t2, 1719
core   0: 3 0x80008c40 (0x6b738393) x 7 0x800152f3
core   0: 0x80008c44 (0x0ff0000f) fence   iorw,iorw
core   0: 3 0x80008c44 (0x0ff0000f)
core   0: 0x80008c48 (0xfee38da3) sb      a4, -5(t2)
core   0: 3 0x80008c48 (0xfee38da3) mem 0x800152ee 0x34
core   0: 0x80008c4c (0xff238523) sb      s2, -22(t2)
core   0: 3 0x80008c4c (0xff238523) mem 0x800152dd 0x2c
core   0: 0x80008c50 (0xff838523) sb      s8, -22(t2)
core   0: 3 0x80008c50 (0xff838523) mem 0x800152dd 0x0
core   0: 0x80008c54 (0xfe138523) sb      ra, -22(t2)
core   0: 3 0x80008c54 (0xfe138523) mem 0x800152dd 0xc3
core   0: 0x80008c58 (0x0043c603) lbu     a2, 4(t2)
core   0: 3 0x80008c58 (0x0043c603) x12 0x0000001f mem 0x800152f7
core   0: 0x80008c5c (0x0187dc33) srl     s8, a5, s8
core   0: 3 0x80008c5c (0x0187dc33) x24 0x0000005f
core   0: 0x80008c60 (0x0043c503) lbu     a0, 4(t2)
core   0: 3 0x80008c60 (0x0043c503) x10 0x0000001f mem 0x800152f7
core   0: 0x80008c64 (0x21a26793) ori     a5, tp, 538
core   0: 3 0x80008c64 (0x21a26793) x15 0xa2765fdb
core   0: 0x80008c68 (0x0043c903) lbu     s2, 4(t2)
core   0: 3 0x80008c68 (0x0043c903) x18 0x0000001f mem 0x800152f7
core   0: 0x80008c6c (0x00938223) sb      s1, 4(t2)
core   0: 3 0x80008c6c (0x00938223) mem 0x800152f7 0x0
core   0: 0x80008c70 (0x00638223) sb      t1, 4(t2)
core   0: 3 0x80008c70 (0x00638223) mem 0x800152f7 0x1
core   0: 0x80008c74 (0x0043cf83) lbu     t6, 4(t2)
core   0: 3 0x80008c74 (0x0043cf83) x31 0x00000001 mem 0x800152f7
core   0: 0x80008c78 (0xfda3c983) lbu     s3, -38(t2)
core   0: 3 0x80008c78 (0xfda3c983) x19 0x000000d2 mem 0x800152cd
core   0: 0x80008c7c (0xfda38483) lb      s1, -38(t2)
core   0: 3 0x80008c7c (0xfda38483) x 9 0xffffffd2 mem 0x800152cd
core   0: 0x80008c80 (0xfd338223) sb      s3, -60(t2)
core   0: 3 0x80008c80 (0xfd338223) mem 0x800152b7 0xd2
core   0: 0x80008c84 (0xfd238b23) sb      s2, -42(t2)
core   0: 3 0x80008c84 (0xfd238b23) mem 0x800152c9 0x1f
core   0: 0x80008c88 (0xfd63c783) lbu     a5, -42(t2)
core   0: 3 0x80008c88 (0xfd63c783) x15 0x0000001f mem 0x800152c9
core   0: 0x80008c8c (0xfd638b23) sb      s6, -42(t2)
core   0: 3 0x80008c8c (0xfd638b23) mem 0x800152c9 0x5c
core   0: 0x80008c90 (0x0000e517) auipc   a0, 0xe
core   0: 3 0x80008c90 (0x0000e517) x10 0x80016c90
core   0: 0x80008c94 (0xa5950513) addi    a0, a0, -1447
core   0: 3 0x80008c94 (0xa5950513) x10 0x800166e9
core   0: 0x80008c98 (0x00709f13) slli    t5, ra, 7
core   0: 3 0x80008c98 (0x00709f13) x30 0x00006180
core   0: 0x80008c9c (0x51ecec93) ori     s9, s9, 1310
core   0: 3 0x80008c9c (0x51ecec93) x25 0x0000057e
core   0: 0x80008ca0 (0x402cdab3) sra     s5, s9, sp
core   0: 3 0x80008ca0 (0x402cdab3) x21 0x00000057
core   0: 0x80008ca4 (0x01242033) slt     zero, s0, s2
core   0: 3 0x80008ca4 (0x01242033)
core   0: 0x80008ca8 (0x01054003) lbu     zero, 16(a0)
core   0: 3 0x80008ca8 (0x01054003) mem 0x800166f9
core   0: 0x80008cac (0x00854f83) lbu     t6, 8(a0)
core   0: 3 0x80008cac (0x00854f83) x31 0x000000e6 mem 0x800166f1
core   0: 0x80008cb0 (0xfed52da3) sw      a3, -5(a0)
core   0: 3 0x80008cb0 (0xfed52da3) mem 0x800166e4 0xffffffff
core   0: 0x80008cb4 (0xd0aa0e93) addi    t4, s4, -758
core   0: 3 0x80008cb4 (0xd0aa0e93) x29 0xfffff27e
core   0: 0x80008cb8 (0xdcabeb93) ori     s7, s7, -566
core   0: 3 0x80008cb8 (0xdcabeb93) x23 0xffffffda
core   0: 0x80008cbc (0xff555283) lhu     t0, -11(a0)
core   0: 3 0x80008cbc (0xff555283) x 5 0x000042d2 mem 0x800166de
core   0: 0x80008cc0 (0xf3f7e2b7) lui     t0, 0xf3f7e
core   0: 3 0x80008cc0 (0xf3f7e2b7) x 5 0xf3f7e000
core   0: 0x80008cc4 (0x00e54203) lbu     tp, 14(a0)
core   0: 3 0x80008cc4 (0x00e54203) x 4 0x000000a7 mem 0x800166f7
core   0: 0x80008cc8 (0x01250523) sb      s2, 10(a0)
core   0: 3 0x80008cc8 (0x01250523) mem 0x800166f3 0x1f
core   0: 0x80008ccc (0xff250903) lb      s2, -14(a0)
core   0: 3 0x80008ccc (0xff250903) x18 0x00000051 mem 0x800166db
core   0: 0x80008cd0 (0xfe750e23) sb      t2, -4(a0)
core   0: 3 0x80008cd0 (0xfe750e23) mem 0x800166e5 0xf3
core   0: 0x80008cd4 (0x00df3ab3) sltu    s5, t5, a3
core   0: 3 0x80008cd4 (0x00df3ab3) x21 0x00000001
core   0: 0x80008cd8 (0x41cb8333) sub     t1, s7, t3
core   0: 3 0x80008cd8 (0x41cb8333) x 6 0xffffffda
core   0: 0x80008cdc (0x00182fb3) slt     t6, a6, ra
core   0: 3 0x80008cdc (0x00182fb3) x31 0x00000000
core   0: 0x80008ce0 (0x40e086b3) sub     a3, ra, a4
core   0: 3 0x80008ce0 (0x40e086b3) x13 0x0000008f
core   0: 0x80008ce4 (0x01488c33) add     s8, a7, s4
core   0: 3 0x80008ce4 (0x01488c33) x24 0x8001d692
core   0: 0x80008ce8 (0xff150b23) sb      a7, -10(a0)
core   0: 3 0x80008ce8 (0xff150b23) mem 0x800166df 0x1e
core   0: 0x80008cec (0x003d6333) or      t1, s10, gp
core   0: 3 0x80008cec (0x003d6333) x 6 0xf8002a81
core   0: 0x80008cf0 (0x01c502a3) sb      t3, 5(a0)
core   0: 3 0x80008cf0 (0x01c502a3) mem 0x800166ee 0x0
core   0: 0x80008cf4 (0x0143c1b3) xor     gp, t2, s4
core   0: 3 0x80008cf4 (0x0143c1b3) x 3 0x7ffea787
core   0: 0x80008cf8 (0x01b01eb3) sll     t4, zero, s11
core   0: 3 0x80008cf8 (0x01b01eb3) x29 0x00000000
core   0: 0x80008cfc (0x0ff0000f) fence   iorw,iorw
core   0: 3 0x80008cfc (0x0ff0000f)
core   0: 0x80008d00 (0x00a54483) lbu     s1, 10(a0)
core   0: 3 0x80008d00 (0x00a54483) x 9 0x0000001f mem 0x800166f3
core   0: 0x80008d04 (0x002503a3) sb      sp, 7(a0)
core   0: 3 0x80008d04 (0x002503a3) mem 0x800166f0 0x64
core   0: 0x80008d08 (0xff751ea3) sh      s7, -3(a0)
core   0: 3 0x80008d08 (0xff751ea3) mem 0x800166e6 0xffda
core   0: 0x80008d0c (0x005767b3) or      a5, a4, t0
core   0: 3 0x80008d0c (0x005767b3) x15 0xf3f7e034
core   0: 0x80008d10 (0x00f54083) lbu     ra, 15(a0)
core   0: 3 0x80008d10 (0x00f54083) x 1 0x000000f6 mem 0x800166f8
core   0: 0x80008d14 (0x40b9d933) sra     s2, s3, a1
core   0: 3 0x80008d14 (0x40b9d933) x18 0x0000000d
core   0: 0x80008d18 (0x77a1c993) xori    s3, gp, 1914
core   0: 3 0x80008d18 (0x77a1c993) x19 0x7ffea0fd
core   0: 0x80008d1c (0x41fa81b3) sub     gp, s5, t6
core   0: 3 0x80008d1c (0x41fa81b3) x 3 0x00000001
core   0: 0x80008d20 (0x00c54983) lbu     s3, 12(a0)
core   0: 3 0x80008d20 (0x00c54983) x19 0x00000063 mem 0x800166f5
core   0: 0x80008d24 (0xffb55883) lhu     a7, -5(a0)
core   0: 3 0x80008d24 (0xffb55883) x17 0x0000f3ff mem 0x800166e4
core   0: 0x80008d28 (0x00054c83) lbu     s9, 0(a0)
core   0: 3 0x80008d28 (0x00054c83) x25 0x00000071 mem 0x800166e9
core   0: 0x80008d2c (0x00550f03) lb      t5, 5(a0)
core   0: 3 0x80008d2c (0x00550f03) x30 0x00000000 mem 0x800166ee
core   0: 0x80008d30 (0xff950803) lb      a6, -7(a0)
core   0: 3 0x80008d30 (0xff950803) x16 0xffffffe4 mem 0x800166e2
core   0: 0x80008d34 (0x00450d03) lb      s10, 4(a0)
core   0: 3 0x80008d34 (0x00450d03) x26 0xffffff9f mem 0x800166ed
core   0: 0x80008d38 (0x00019717) auipc   a4, 0x19
core   0: 3 0x80008d38 (0x00019717) x14 0x80021d38
core   0: 0x80008d3c (0x02a70713) addi    a4, a4, 42
core   0: 3 0x80008d3c (0x02a70713) x14 0x80021d62
core   0: 0x80008d40 (0xfdc74f83) lbu     t6, -36(a4)
core   0: 3 0x80008d40 (0xfdc74f83) x31 0x000000ff mem 0x80021d3e
core   0: 0x80008d44 (0x00670b83) lb      s7, 6(a4)
core   0: 3 0x80008d44 (0x00670b83) x23 0x0000004b mem 0x80021d68
core   0: 0x80008d48 (0x41885f93) srai    t6, a6, 24
core   0: 3 0x80008d48 (0x41885f93) x31 0xffffffff
core   0: 0x80008d4c (0xfd0701a3) sb      a6, -61(a4)
core   0: 3 0x80008d4c (0xfd0701a3) mem 0x80021d25 0xe4
core   0: 0x80008d50 (0x01170f83) lb      t6, 17(a4)
core   0: 3 0x80008d50 (0x01170f83) x31 0xffffffd5 mem 0x80021d73
core   0: 0x80008d54 (0x00d36db3) or      s11, t1, a3
core   0: 3 0x80008d54 (0x00d36db3) x27 0xf8002a8f
core   0: 0x80008d58 (0x01772723) sw      s7, 14(a4)
core   0: 3 0x80008d58 (0x01772723) mem 0x80021d70 0x0000004b
core   0: 0x80008d5c (0x01670423) sb      s6, 8(a4)
core   0: 3 0x80008d5c (0x01670423) mem 0x80021d6a 0x5c
core   0: 0x80008d60 (0x00565333) srl     t1, a2, t0
core   0: 3 0x80008d60 (0x00565333) x 6 0x0000001f
core   0: 0x80008d64 (0xfe770503) lb      a0, -25(a4)
core   0: 3 0x80008d64 (0xfe770503) x10 0xfffffff1 mem 0x80021d49
core   0: 0x80008d68 (0x00570683) lb      a3, 5(a4)
core   0: 3 0x80008d68 (0x00570683) x13 0x00000028 mem 0x80021d67
core   0: 0x80008d6c (0xff870223) sb      s8, -28(a4)
core   0: 3 0x80008d6c (0xff870223) mem 0x80021d46 0x92
core   0: 0x80008d70 (0x00272083) lw      ra, 2(a4)
core   0: 3 0x80008d70 (0x00272083) x 1 0x28e6278a mem 0x80021d64
core   0: 0x80008d74 (0x03770903) lb      s2, 55(a4)
core   0: 3 0x80008d74 (0x03770903) x18 0xffffffc7 mem 0x80021d99
core   0: 0x80008d78 (0x4232a393) slti    t2, t0, 1059
core   0: 3 0x80008d78 (0x4232a393) x 7 0x00000001
core   0: 0x80008d7c (0x40ed5e13) srai    t3, s10, 14
core   0: 3 0x80008d7c (0x40ed5e13) x28 0xffffffff
core   0: 0x80008d80 (0xff374003) lbu     zero, -13(a4)
core   0: 3 0x80008d80 (0xff374003) mem 0x80021d55
core   0: 0x80008d84 (0xfec74f03) lbu     t5, -20(a4)
core   0: 3 0x80008d84 (0xfec74f03) x30 0x000000d1 mem 0x80021d4e
core   0: 0x80008d88 (0xfc074503) lbu     a0, -64(a4)
core   0: 3 0x80008d88 (0xfc074503) x10 0x00000025 mem 0x80021d22
core   0: 0x80008d8c (0xd37c2d97) auipc   s11, 0xd37c2
core   0: 3 0x80008d8c (0xd37c2d97) x27 0x537cad8c
core   0: 0x80008d90 (0x00000013) nop
core   0: 3 0x80008d90 (0x00000013)
core   0: 0x80008d94 (0x0de84e93) xori    t4, a6, 222
core   0: 3 0x80008d94 (0x0de84e93) x29 0xffffff3a
core   0: 0x80008d98 (0xfcf74a83) lbu     s5, -49(a4)
core   0: 3 0x80008d98 (0xfcf74a83) x21 0x00000072 mem 0x80021d31
core   0: 0x80008d9c (0xff470503) lb      a0, -12(a4)
core   0: 3 0x80008d9c (0xff470503) x10 0xfffffff1 mem 0x80021d56
core   0: 0x80008da0 (0x00970183) lb      gp, 9(a4)
core   0: 3 0x80008da0 (0x00970183) x 3 0xffffffd8 mem 0x80021d6b
core   0: 0x80008da4 (0x01875083) lhu     ra, 24(a4)
core   0: 3 0x80008da4 (0x01875083) x 1 0x00009fc3 mem 0x80021d7a
core   0: 0x80008da8 (0xfd270903) lb      s2, -46(a4)
core   0: 3 0x80008da8 (0xfd270903) x18 0x00000074 mem 0x80021d34
core   0: 0x80008dac (0xfe374c83) lbu     s9, -29(a4)
core   0: 3 0x80008dac (0xfe374c83) x25 0x0000000f mem 0x80021d45
core   0: 0x80008db0 (0x01b74d03) lbu     s10, 27(a4)
core   0: 3 0x80008db0 (0x01b74d03) x26 0x00000043 mem 0x80021d7d
core   0: 0x80008db4 (0xfdc75203) lhu     tp, -36(a4)
core   0: 3 0x80008db4 (0xfdc75203) x 4 0x0000ffff mem 0x80021d3e
core   0: 0x80008db8 (0x030703a3) sb      a6, 39(a4)
core   0: 3 0x80008db8 (0x030703a3) mem 0x80021d89 0xe4
core   0: 0x80008dbc (0x01ecba33) sltu    s4, s9, t5
core   0: 3 0x80008dbc (0x01ecba33) x20 0x00000001
core   0: 0x80008dc0 (0xfea74903) lbu     s2, -22(a4)
core   0: 3 0x80008dc0 (0xfea74903) x18 0x0000000a mem 0x80021d4c
core   0: 0x80008dc4 (0xc3206e93) ori     t4, zero, -974
core   0: 3 0x80008dc4 (0xc3206e93) x29 0xfffffc32
core   0: 0x80008dc8 (0x00a70aa3) sb      a0, 21(a4)
core   0: 3 0x80008dc8 (0x00a70aa3) mem 0x80021d77 0xf1
core   0: 0x80008dcc (0x402edf33) sra     t5, t4, sp
core   0: 3 0x80008dcc (0x402edf33) x30 0xffffffc3
core   0: 0x80008dd0 (0x02570f83) lb      t6, 37(a4)
core   0: 3 0x80008dd0 (0x02570f83) x31 0xffffffce mem 0x80021d87
core   0: 0x80008dd4 (0x0000da17) auipc   s4, 0xd
core   0: 3 0x80008dd4 (0x0000da17) x20 0x80015dd4
core   0: 0x80008dd8 (0x02aa0a13) addi    s4, s4, 42
core   0: 3 0x80008dd8 (0x02aa0a13) x20 0x80015dfe
core   0: 0x80008ddc (0x01b41f33) sll     t5, s0, s11
core   0: 3 0x80008ddc (0x01b41f33) x30 0xfffe4000
core   0: 0x80008de0 (0xefbec217) auipc   tp, 0xefbec
core   0: 3 0x80008de0 (0xefbec217) x 4 0x6fbf4de0
core   0: 0x80008de4 (0x4c3e5197) auipc   gp, 0x4c3e5
core   0: 3 0x80008de4 (0x4c3e5197) x 3 0xcc3edde4
core   0: 0x80008de8 (0x0041b833) sltu    a6, gp, tp
core   0: 3 0x80008de8 (0x0041b833) x16 0x00000000
core   0: 0x80008dec (0x01da4383) lbu     t2, 29(s4)
core   0: 3 0x80008dec (0x01da4383) x 7 0x000000d8 mem 0x80015e1b
core   0: 0x80008df0 (0xe5b74013) xori    zero, a4, -421
core   0: 3 0x80008df0 (0xe5b74013)
core   0: 0x80008df4 (0xfeaa4b83) lbu     s7, -22(s4)
core   0: 3 0x80008df4 (0xfeaa4b83) x23 0x0000004b mem 0x80015de8
core   0: 0x80008df8 (0x41488933) sub     s2, a7, s4
core   0: 3 0x80008df8 (0x41488933) x18 0x7fff9601
core   0: 0x80008dfc (0xcc0d2313) slti    t1, s10, -832
core   0: 3 0x80008dfc (0xcc0d2313) x 6 0x00000000
core   0: 0x80008e00 (0xfcca0ca3) sb      a2, -39(s4)
core   0: 3 0x80008e00 (0xfcca0ca3) mem 0x80015dd7 0x1f
core   0: 0x80008e04 (0x01290ab3) add     s5, s2, s2
core   0: 3 0x80008e04 (0x01290ab3) x21 0xffff2c02
core   0: 0x80008e08 (0x023a0b23) sb      gp, 54(s4)
core   0: 3 0x80008e08 (0x023a0b23) mem 0x80015e34 0xe4
core   0: 0x80008e0c (0x00000013) nop
core   0: 3 0x80008e0c (0x00000013)
core   0: 0x80008e10 (0x013cdd93) srli    s11, s9, 19
core   0: 3 0x80008e10 (0x013cdd93) x27 0x00000000
core   0: 0x80008e14 (0x01653533) sltu    a0, a0, s6
core   0: 3 0x80008e14 (0x01653533) x10 0x00000000
core   0: 0x80008e18 (0xfcca0c23) sb      a2, -40(s4)
core   0: 3 0x80008e18 (0xfcca0c23) mem 0x80015dd6 0x1f
core   0: 0x80008e1c (0xfffa03a3) sb      t6, -25(s4)
core   0: 3 0x80008e1c (0xfffa03a3) mem 0x80015de5 0xce
core   0: 0x80008e20 (0x02da0aa3) sb      a3, 53(s4)
core   0: 3 0x80008e20 (0x02da0aa3) mem 0x80015e33 0x28
core   0: 0x80008e24 (0x00da0ca3) sb      a3, 25(s4)
core   0: 3 0x80008e24 (0x00da0ca3) mem 0x80015e17 0x28
core   0: 0x80008e28 (0x00cd31b3) sltu    gp, s10, a2
core   0: 3 0x80008e28 (0x00cd31b3) x 3 0x00000000
core   0: 0x80008e2c (0xfeca5503) lhu     a0, -20(s4)
core   0: 3 0x80008e2c (0xfeca5503) x10 0x00002352 mem 0x80015dea
core   0: 0x80008e30 (0x01fd48b3) xor     a7, s10, t6
core   0: 3 0x80008e30 (0x01fd48b3) x17 0xffffff8d
core   0: 0x80008e34 (0xfd4a1b83) lh      s7, -44(s4)
core   0: 3 0x80008e34 (0xfd4a1b83) x23 0xffffe9c2 mem 0x80015dd2
core   0: 0x80008e38 (0xcd34cd13) xori    s10, s1, -813
core   0: 3 0x80008e38 (0xcd34cd13) x26 0xfffffccc
core   0: 0x80008e3c (0x030a5083) lhu     ra, 48(s4)
core   0: 3 0x80008e3c (0x030a5083) x 1 0x0000c056 mem 0x80015e2e
core   0: 0x80008e40 (0xffda0a23) sb      t4, -12(s4)
core   0: 3 0x80008e40 (0xffda0a23) mem 0x80015df2 0x32
core   0: 0x80008e44 (0x410adc33) sra     s8, s5, a6
core   0: 3 0x80008e44 (0x410adc33) x24 0xffff2c02
core   0: 0x80008e48 (0x5b976417) auipc   s0, 0x5b976
core   0: 3 0x80008e48 (0x5b976417) x 8 0xdb97ee48
core   0: 0x80008e4c (0x00314333) xor     t1, sp, gp
core   0: 3 0x80008e4c (0x00314333) x 6 0x8002ae64
core   0: 0x80008e50 (0x040a4483) lbu     s1, 64(s4)
core   0: 3 0x80008e50 (0x040a4483) x 9 0x000000dd mem 0x80015e3e
core   0: 0x80008e54 (0x00000013) nop
core   0: 3 0x80008e54 (0x00000013)
core   0: 0x80008e58 (0x01cdb733) sltu    a4, s11, t3
core   0: 3 0x80008e58 (0x01cdb733) x14 0x00000001
core   0: 0x80008e5c (0x0ff0000f) fence   iorw,iorw
core   0: 3 0x80008e5c (0x0ff0000f)
core   0: 0x80008e60 (0x00ca1b83) lh      s7, 12(s4)
core   0: 3 0x80008e60 (0x00ca1b83) x23 0x000045f2 mem 0x80015e0a
core   0: 0x80008e64 (0xff6a0fa3) sb      s6, -1(s4)
core   0: 3 0x80008e64 (0xff6a0fa3) mem 0x80015dfd 0x5c
core   0: 0x80008e68 (0xfcda1823) sh      a3, -48(s4)
core   0: 3 0x80008e68 (0xfcda1823) mem 0x80015dce 0x0028
core   0: 0x80008e6c (0xff5a0aa3) sb      s5, -11(s4)
core   0: 3 0x80008e6c (0xff5a0aa3) mem 0x80015df3 0x2
core   0: 0x80008e70 (0x0000d497) auipc   s1, 0xd
core   0: 3 0x80008e70 (0x0000d497) x 9 0x80015e70
core   0: 0x80008e74 (0x99b48493) addi    s1, s1, -1637
core   0: 3 0x80008e74 (0x99b48493) x 9 0x8001580b
core   0: 0x80008e78 (0x0ff0000f) fence   iorw,iorw
core   0: 3 0x80008e78 (0x0ff0000f)
core   0: 0x80008e7c (0xf2b4cd83) lbu     s11, -213(s1)
core   0: 3 0x80008e7c (0xf2b4cd83) x27 0x00000000 mem 0x80015736
core   0: 0x80008e80 (0xf8d4c003) lbu     zero, -115(s1)
core   0: 3 0x80008e80 (0xf8d4c003) mem 0x80015798
core   0: 0x80008e84 (0xf8d49d83) lh      s11, -115(s1)
core   0: 3 0x80008e84 (0xf8d49d83) x27 0xffffdc4b mem 0x80015798
core   0: 0x80008e88 (0xf8d4cc03) lbu     s8, -115(s1)
core   0: 3 0x80008e88 (0xf8d4cc03) x24 0x0000004b mem 0x80015798
core   0: 0x80008e8c (0xf924a6a3) sw      s2, -115(s1)
core   0: 3 0x80008e8c (0xf924a6a3) mem 0x80015798 0x7fff9601
core   0: 0x80008e90 (0x0434d183) lhu     gp, 67(s1)
core   0: 3 0x80008e90 (0x0434d183) x 3 0x00002d00 mem 0x8001584e
core   0: 0x80008e94 (0x0f348ba3) sb      s3, 247(s1)
core   0: 3 0x80008e94 (0x0f348ba3) mem 0x80015902 0x63
core   0: 0x80008e98 (0x0f748f83) lb      t6, 247(s1)
core   0: 3 0x80008e98 (0x0f748f83) x31 0x00000063 mem 0x80015902
core   0: 0x80008e9c (0x0f74d183) lhu     gp, 247(s1)
core   0: 3 0x80008e9c (0x0f74d183) x 3 0x0000f063 mem 0x80015902
core   0: 0x80008ea0 (0x015a0ab3) add     s5, s4, s5
core   0: 3 0x80008ea0 (0x015a0ab3) x21 0x80008a00
core   0: 0x80008ea4 (0x01775313) srli    t1, a4, 23
core   0: 3 0x80008ea4 (0x01775313) x 6 0x00000000
core   0: 0x80008ea8 (0x0f74d503) lhu     a0, 247(s1)
core   0: 3 0x80008ea8 (0x0f74d503) x10 0x0000f063 mem 0x80015902
core   0: 0x80008eac (0x0f749683) lh      a3, 247(s1)
core   0: 3 0x80008eac (0x0f749683) x13 0xfffff063 mem 0x80015902
core   0: 0x80008eb0 (0xf6748123) sb      t2, -158(s1)
core   0: 3 0x80008eb0 (0xf6748123) mem 0x8001576d 0xd8
core   0: 0x80008eb4 (0x023493a3) sh      gp, 39(s1)
core   0: 3 0x80008eb4 (0x023493a3) mem 0x80015832 0xf063
core   0: 0x80008eb8 (0x01dca333) slt     t1, s9, t4
core   0: 3 0x80008eb8 (0x01dca333) x 6 0x00000000
core   0: 0x80008ebc (0x0274de03) lhu     t3, 39(s1)
core   0: 3 0x80008ebc (0x0274de03) x28 0x0000f063 mem 0x80015832
core   0: 0x80008ec0 (0x0274c003) lbu     zero, 39(s1)
core   0: 3 0x80008ec0 (0x0274c003) mem 0x80015832
core   0: 0x80008ec4 (0x0ff0000f) fence   iorw,iorw
core   0: 3 0x80008ec4 (0x0ff0000f)
core   0: 0x80008ec8 (0x0274c603) lbu     a2, 39(s1)
core   0: 3 0x80008ec8 (0x0274c603) x12 0x00000063 mem 0x80015832
core   0: 0x80008ecc (0x02749683) lh      a3, 39(s1)
core   0: 3 0x80008ecc (0x02749683) x13 0xfffff063 mem 0x80015832
core   0: 0x80008ed0 (0xb4117a93) andi    s5, sp, -1215
core   0: 3 0x80008ed0 (0xb4117a93) x21 0x8002aa40
core   0: 0x80008ed4 (0xf054a303) lw      t1, -251(s1)
core   0: 3 0x80008ed4 (0xf054a303) x 6 0x11bef487 mem 0x80015710
core   0: 0x80008ed8 (0xf054d183) lhu     gp, -251(s1)
core   0: 3 0x80008ed8 (0xf054d183) x 3 0x0000f487 mem 0x80015710
core   0: 0x80008edc (0x0ce48523) sb      a4, 202(s1)
core   0: 3 0x80008edc (0x0ce48523) mem 0x800158d5 0x1
core   0: 0x80008ee0 (0x0000cc97) auipc   s9, 0xc
core   0: 3 0x80008ee0 (0x0000cc97) x25 0x80014ee0
core   0: 0x80008ee4 (0x421c8c93) addi    s9, s9, 1057
core   0: 3 0x80008ee4 (0x421c8c93) x25 0x80015301
core   0: 0x80008ee8 (0x141c8a23) sb      ra, 340(s9)
core   0: 3 0x80008ee8 (0x141c8a23) mem 0x80015455 0x56
core   0: 0x80008eec (0x109cde03) lhu     t3, 265(s9)
core   0: 3 0x80008eec (0x109cde03) x28 0x00003600 mem 0x8001540a
core   0: 0x80008ef0 (0x51cc8623) sb      t3, 1292(s9)
core   0: 3 0x80008ef0 (0x51cc8623) mem 0x8001580d 0x0
core   0: 0x80008ef4 (0x01a7d333) srl     t1, a5, s10
core   0: 3 0x80008ef4 (0x01a7d333) x 6 0x000f3f7e
core   0: 0x80008ef8 (0x626c8d03) lb      s10, 1574(s9)
core   0: 3 0x80008ef8 (0x626c8d03) x26 0x00000000 mem 0x80015927
core   0: 0x80008efc (0x10ccc083) lbu     ra, 268(s9)
core   0: 3 0x80008efc (0x10ccc083) x 1 0x00000012 mem 0x8001540d
core   0: 0x80008f00 (0x309c9f83) lh      t6, 777(s9)
core   0: 3 0x80008f00 (0x309c9f83) x31 0xffffc2e4 mem 0x8001560a
core   0: 0x80008f04 (0x7e1cc303) lbu     t1, 2017(s9)
core   0: 3 0x80008f04 (0x7e1cc303) x 6 0x0000009e mem 0x80015ae2
core   0: 0x80008f08 (0x206c9ba3) sh      t1, 535(s9)
core   0: 3 0x80008f08 (0x206c9ba3) mem 0x80015518 0x009e
core   0: 0x80008f0c (0xf27cdd83) lhu     s11, -217(s9)
core   0: 3 0x80008f0c (0xf27cdd83) x27 0x00003746 mem 0x80015228
core   0: 0x80008f10 (0x4d1c8b23) sb      a7, 1238(s9)
core   0: 3 0x80008f10 (0x4d1c8b23) mem 0x800157d7 0x8d
core   0: 0x80008f14 (0x7918bf13) sltiu   t5, a7, 1937
core   0: 3 0x80008f14 (0x7918bf13) x30 0x00000000
core   0: 0x80008f18 (0xf7ac8a83) lb      s5, -134(s9)
core   0: 3 0x80008f18 (0xf7ac8a83) x21 0x00000040 mem 0x8001527b
core   0: 0x80008f1c (0x4afca183) lw      gp, 1199(s9)
core   0: 3 0x80008f1c (0x4afca183) x 3 0x71750a0b mem 0x800157b0
core   0: 0x80008f20 (0x01a5ea33) or      s4, a1, s10
core   0: 3 0x80008f20 (0x01a5ea33) x20 0x8002ece4
core   0: 0x80008f24 (0x416d8633) sub     a2, s11, s6
core   0: 3 0x80008f24 (0x416d8633) x12 0x019e7bea
core   0: 0x80008f28 (0x88935c17) auipc   s8, 0x88935
core   0: 3 0x80008f28 (0x88935c17) x24 0x0893df28
core   0: 0x80008f2c (0x52dcd483) lhu     s1, 1325(s9)
core   0: 3 0x80008f2c (0x52dcd483) x 9 0x0000f4c8 mem 0x8001582e
core   0: 0x80008f30 (0x3b5cc383) lbu     t2, 949(s9)
core   0: 3 0x80008f30 (0x3b5cc383) x 7 0x000000f7 mem 0x800156b6
core   0: 0x80008f34 (0x71dc9ea3) sh      t4, 1821(s9)
core   0: 3 0x80008f34 (0x71dc9ea3) mem 0x80015a1e 0xfc32
core   0: 0x80008f38 (0xba932d93) slti    s11, t1, -1111
core   0: 3 0x80008f38 (0xba932d93) x27 0x00000000
core   0: 0x80008f3c (0x557ca183) lw      gp, 1367(s9)
core   0: 3 0x80008f3c (0x557ca183) x 3 0xfee3bf41 mem 0x80015858
core   0: 0x80008f40 (0xdc8cc383) lbu     t2, -568(s9)
core   0: 3 0x80008f40 (0xdc8cc383) x 7 0x000000b6 mem 0x800150c9
core   0: 0x80008f44 (0xd5786013) ori     zero, a6, -681
core   0: 3 0x80008f44 (0xd5786013)
core   0: 0x80008f48 (0x652c8903) lb      s2, 1618(s9)
core   0: 3 0x80008f48 (0x652c8903) x18 0x00000000 mem 0x80015953
core   0: 0x80008f4c (0x004cc783) lbu     a5, 4(s9)
core   0: 3 0x80008f4c (0x004cc783) x15 0x00000000 mem 0x80015305
core   0: 0x80008f50 (0x05ec8d23) sb      t5, 90(s9)
core   0: 3 0x80008f50 (0x05ec8d23) mem 0x8001535b 0x0
core   0: 0x80008f54 (0x32dc8003) lb      zero, 813(s9)
core   0: 3 0x80008f54 (0x32dc8003) mem 0x8001562e
core   0: 0x80008f58 (0x01809eb3) sll     t4, ra, s8
core   0: 3 0x80008f58 (0x01809eb3) x29 0x00001200
core   0: 0x80008f5c (0xa68fe913) ori     s2, t6, -1432
core   0: 3 0x80008f5c (0xa68fe913) x18 0xfffffaec
core   0: 0x80008f60 (0x6ddc8323) sb      t4, 1734(s9)
core   0: 3 0x80008f60 (0x6ddc8323) mem 0x800159c7 0x0
core   0: 0x80008f64 (0xf20c8023) sb      zero, -224(s9)
core   0: 3 0x80008f64 (0xf20c8023) mem 0x80015221 0x0
core   0: 0x80008f68 (0x4ccca1a3) sw      a2, 1219(s9)
core   0: 3 0x80008f68 (0x4ccca1a3) mem 0x800157c4 0x019e7bea
core   0: 0x80008f6c (0x0110ffb3) and     t6, ra, a7
core   0: 3 0x80008f6c (0x0110ffb3) x31 0x00000000
core   0: 0x80008f70 (0xd8ecca83) lbu     s5, -626(s9)
core   0: 3 0x80008f70 (0xd8ecca83) x21 0x000000df mem 0x8001508f
core   0: 0x80008f74 (0x0000d397) auipc   t2, 0xd
core   0: 3 0x80008f74 (0x0000d397) x 7 0x80015f74
core   0: 0x80008f78 (0xd8b38393) addi    t2, t2, -629
core   0: 3 0x80008f78 (0xd8b38393) x 7 0x80015cff
core   0: 0x80008f7c (0x03c38203) lb      tp, 60(t2)
core   0: 3 0x80008f7c (0x03c38203) x 4 0x00000000 mem 0x80015d3b
core   0: 0x80008f80 (0x08a90713) addi    a4, s2, 138
core   0: 3 0x80008f80 (0x08a90713) x14 0xfffffb76
core   0: 0x80008f84 (0x7ae6e913) ori     s2, a3, 1966
core   0: 3 0x80008f84 (0x7ae6e913) x18 0xfffff7ef
core   0: 0x80008f88 (0x00699f33) sll     t5, s3, t1
core   0: 3 0x80008f88 (0x00699f33) x30 0xc0000000
core   0: 0x80008f8c (0x00000013) nop
core   0: 3 0x80008f8c (0x00000013)
core   0: 0x80008f90 (0xff13ca83) lbu     s5, -15(t2)
core   0: 3 0x80008f90 (0xff13ca83) x21 0x0000008e mem 0x80015cf0
core   0: 0x80008f94 (0x89673093) sltiu   ra, a4, -1898
core   0: 3 0x80008f94 (0x89673093) x 1 0x00000000
core   0: 0x80008f98 (0x0079efb3) or      t6, s3, t2
core   0: 3 0x80008f98 (0x0079efb3) x31 0x80015cff
core   0: 0x80008f9c (0x02f3ca03) lbu     s4, 47(t2)
core   0: 3 0x80008f9c (0x02f3ca03) x20 0x00000037 mem 0x80015d2e
core   0: 0x80008fa0 (0x037395a3) sh      s7, 43(t2)
core   0: 3 0x80008fa0 (0x037395a3) mem 0x80015d2a 0x45f2
core   0: 0x80008fa4 (0x0243ce03) lbu     t3, 36(t2)
core   0: 3 0x80008fa4 (0x0243ce03) x28 0x000000a6 mem 0x80015d23
core   0: 0x80008fa8 (0xfda3ce83) lbu     t4, -38(t2)
core   0: 3 0x80008fa8 (0xfda3ce83) x29 0x00000069 mem 0x80015cd9
core   0: 0x80008fac (0x012ec0b3) xor     ra, t4, s2
core   0: 3 0x80008fac (0x012ec0b3) x 1 0xfffff786
core   0: 0x80008fb0 (0x31d73193) sltiu   gp, a4, 797
core   0: 3 0x80008fb0 (0x31d73193) x 3 0x00000000
core   0: 0x80008fb4 (0xff13d903) lhu     s2, -15(t2)
core   0: 3 0x80008fb4 (0xff13d903) x18 0x0000fe8e mem 0x80015cf0
core   0: 0x80008fb8 (0xfcd3c503) lbu     a0, -51(t2)
core   0: 3 0x80008fb8 (0xfcd3c503) x10 0x00000064 mem 0x80015ccc
core   0: 0x80008fbc (0xff13cd03) lbu     s10, -15(t2)
core   0: 3 0x80008fbc (0xff13cd03) x26 0x0000008e mem 0x80015cf0
core   0: 0x80008fc0 (0x01f551b3) srl     gp, a0, t6
core   0: 3 0x80008fc0 (0x01f551b3) x 3 0x00000000
core   0: 0x80008fc4 (0x001c52b3) srl     t0, s8, ra
core   0: 3 0x80008fc4 (0x001c52b3) x 5 0x00224f7c
core   0: 0x80008fc8 (0x4139dd93) srai    s11, s3, 19
core   0: 3 0x80008fc8 (0x4139dd93) x27 0x00000000
core   0: 0x80008fcc (0xc4313713) sltiu   a4, sp, -957
core   0: 3 0x80008fcc (0xc4313713) x14 0x00000001
core   0: 0x80008fd0 (0xbf063f13) sltiu   t5, a2, -1040
core   0: 3 0x80008fd0 (0xbf063f13) x30 0x00000001
core   0: 0x80008fd4 (0xff939483) lh      s1, -7(t2)
core   0: 3 0x80008fd4 (0xff939483) x 9 0xffffe3bd mem 0x80015cf8
core   0: 0x80008fd8 (0xff43c903) lbu     s2, -12(t2)
core   0: 3 0x80008fd8 (0xff43c903) x18 0x00000051 mem 0x80015cf3
core   0: 0x80008fdc (0xa5876c13) ori     s8, a4, -1448
core   0: 3 0x80008fdc (0xa5876c13) x24 0xfffffa59
core   0: 0x80008fe0 (0x413108b3) sub     a7, sp, s3
core   0: 3 0x80008fe0 (0x413108b3) x17 0x8002ae01
core   0: 0x80008fe4 (0x40a05333) sra     t1, zero, a0
core   0: 3 0x80008fe4 (0x40a05333) x 6 0x00000000
core   0: 0x80008fe8 (0x22142b93) slti    s7, s0, 545
core   0: 3 0x80008fe8 (0x22142b93) x23 0x00000001
core   0: 0x80008fec (0x29600017) auipc   zero, 0x29600
core   0: 3 0x80008fec (0x29600017)
core   0: 0x80008ff0 (0x018247b3) xor     a5, tp, s8
core   0: 3 0x80008ff0 (0x018247b3) x15 0xfffffa59
core   0: 0x80008ff4 (0x43e32793) slti    a5, t1, 1086
core   0: 3 0x80008ff4 (0x43e32793) x15 0x00000001
core   0: 0x80008ff8 (0x02938d23) sb      s1, 58(t2)
core   0: 3 0x80008ff8 (0x02938d23) mem 0x80015d39 0xbd
core   0: 0x80008ffc (0x0ff0000f) fence   iorw,iorw
core   0: 3 0x80008ffc (0x0ff0000f)
core   0: 0x80009000 (0x0283c003) lbu     zero, 40(t2)
core   0: 3 0x80009000 (0x0283c003) mem 0x80015d27
core   0: 0x80009004 (0x01a557b3) srl     a5, a0, s10
core   0: 3 0x80009004 (0x01a557b3) x15 0x00000000
core   0: 0x80009008 (0xfea38203) lb      tp, -22(t2)
core   0: 3 0x80009008 (0xfea38203) x 4 0x00000060 mem 0x80015ce9
core   0: 0x8000900c (0xb1aafe93) andi    t4, s5, -1254
core   0: 3 0x8000900c (0xb1aafe93) x29 0x0000000a
core   0: 0x80009010 (0xd06f3513) sltiu   a0, t5, -762
core   0: 3 0x80009010 (0xd06f3513) x10 0x00000001
core   0: 0x80009014 (0x00e1d313) srli    t1, gp, 14
core   0: 3 0x80009014 (0x00e1d313) x 6 0x00000000
core   0: 0x80009018 (0x02b3d083) lhu     ra, 43(t2)
core   0: 3 0x80009018 (0x02b3d083) x 1 0x000045f2 mem 0x80015d2a
core   0: 0x8000901c (0x00ad5193) srli    gp, s10, 10
core   0: 3 0x8000901c (0x00ad5193) x 3 0x00000000
core   0: 0x80009020 (0x02b38e83) lb      t4, 43(t2)
core   0: 3 0x80009020 (0x02b38e83) x29 0xfffffff2 mem 0x80015d2a
core   0: 0x80009024 (0x0000d717) auipc   a4, 0xd
core   0: 3 0x80009024 (0x0000d717) x14 0x80016024
core   0: 0x80009028 (0xc8870713) addi    a4, a4, -888
core   0: 3 0x80009028 (0xc8870713) x14 0x80015cac
core   0: 0x8000902c (0xff174f03) lbu     t5, -15(a4)
core   0: 3 0x8000902c (0xff174f03) x30 0x000000ca mem 0x80015c9d
core   0: 0x80009030 (0x03070023) sb      a6, 32(a4)
core   0: 3 0x80009030 (0x03070023) mem 0x80015ccc 0x0
core   0: 0x80009034 (0x02075883) lhu     a7, 32(a4)
core   0: 3 0x80009034 (0x02075883) x17 0x00008d00 mem 0x80015ccc
core   0: 0x80009038 (0x00ddd313) srli    t1, s11, 13
core   0: 3 0x80009038 (0x00ddd313) x 6 0x00000000
core   0: 0x8000903c (0x2d2e2493) slti    s1, t3, 722
core   0: 3 0x8000903c (0x2d2e2493) x 9 0x00000001
core   0: 0x80009040 (0x00000013) nop
core   0: 3 0x80009040 (0x00000013)
core   0: 0x80009044 (0x02075c83) lhu     s9, 32(a4)
core   0: 3 0x80009044 (0x02075c83) x25 0x00008d00 mem 0x80015ccc
core   0: 0x80009048 (0x02174a03) lbu     s4, 33(a4)
core   0: 3 0x80009048 (0x02174a03) x20 0x0000008d mem 0x80015ccd
core   0: 0x8000904c (0x02174303) lbu     t1, 33(a4)
core   0: 3 0x8000904c (0x02174303) x 6 0x0000008d mem 0x80015ccd
core   0: 0x80009050 (0x02170e83) lb      t4, 33(a4)
core   0: 3 0x80009050 (0x02170e83) x29 0xffffff8d mem 0x80015ccd
core   0: 0x80009054 (0x023700a3) sb      gp, 33(a4)
core   0: 3 0x80009054 (0x023700a3) mem 0x80015ccd 0x0
core   0: 0x80009058 (0x02170883) lb      a7, 33(a4)
core   0: 3 0x80009058 (0x02170883) x17 0x00000000 mem 0x80015ccd
core   0: 0x8000905c (0x9d17a413) slti    s0, a5, -1583
core   0: 3 0x8000905c (0x9d17a413) x 8 0x00000000
core   0: 0x80009060 (0x02174d83) lbu     s11, 33(a4)
core   0: 3 0x80009060 (0x02174d83) x27 0x00000000 mem 0x80015ccd
core   0: 0x80009064 (0x01970e23) sb      s9, 28(a4)
core   0: 3 0x80009064 (0x01970e23) mem 0x80015cc8 0x0
core   0: 0x80009068 (0x01c72e23) sw      t3, 28(a4)
core   0: 3 0x80009068 (0x01c72e23) mem 0x80015cc8 0x000000a6
core   0: 0x8000906c (0x01be3333) sltu    t1, t3, s11
core   0: 3 0x8000906c (0x01be3333) x 6 0x00000000
core   0: 0x80009070 (0x01c71003) lh      zero, 28(a4)
core   0: 3 0x80009070 (0x01c71003) mem 0x80015cc8
core   0: 0x80009074 (0x00015697) auipc   a3, 0x15
core   0: 3 0x80009074 (0x00015697) x13 0x8001e074
core   0: 0x80009078 (0xd0868693) addi    a3, a3, -760
core   0: 3 0x80009078 (0xd0868693) x13 0x8001dd7c
core   0: 0x8000907c (0x0dd6c083) lbu     ra, 221(a3)
core   0: 3 0x8000907c (0x0dd6c083) x 1 0x00000016 mem 0x8001de59
core   0: 0x80009080 (0x0da68ea3) sb      s10, 221(a3)
core   0: 3 0x80009080 (0x0da68ea3) mem 0x8001de59 0x8e
core   0: 0x80009084 (0xf2668c83) lb      s9, -218(a3)
core   0: 3 0x80009084 (0xf2668c83) x25 0x0000004f mem 0x8001dca2
core   0: 0x80009088 (0xfb669b83) lh      s7, -74(a3)
core   0: 3 0x80009088 (0xfb669b83) x23 0x00006bd0 mem 0x8001dd32
core   0: 0x8000908c (0xf2b68183) lb      gp, -213(a3)
core   0: 3 0x8000908c (0xf2b68183) x 3 0x00000010 mem 0x8001dca7
core   0: 0x80009090 (0xf796cf03) lbu     t5, -135(a3)
core   0: 3 0x80009090 (0xf796cf03) x30 0x00000076 mem 0x8001dcf5
core   0: 0x80009094 (0xf3b6c783) lbu     a5, -197(a3)
core   0: 3 0x80009094 (0xf3b6c783) x15 0x000000b9 mem 0x8001dcb7
core   0: 0x80009098 (0x00000013) nop
core   0: 3 0x80009098 (0x00000013)
core   0: 0x8000909c (0x0fa68923) sb      s10, 242(a3)
core   0: 3 0x8000909c (0x0fa68923) mem 0x8001de6e 0x8e
core   0: 0x800090a0 (0xf0d6cf03) lbu     t5, -243(a3)
core   0: 3 0x800090a0 (0xf0d6cf03) x30 0x000000b2 mem 0x8001dc89
core   0: 0x800090a4 (0xf0d68a83) lb      s5, -243(a3)
core   0: 3 0x800090a4 (0xf0d68a83) x21 0xffffffb2 mem 0x8001dc89
core   0: 0x800090a8 (0xf0d68083) lb      ra, -243(a3)
core   0: 3 0x800090a8 (0xf0d68083) x 1 0xffffffb2 mem 0x8001dc89
core   0: 0x800090ac (0xf206c783) lbu     a5, -224(a3)
core   0: 3 0x800090ac (0xf206c783) x15 0x000000ee mem 0x8001dc9c
core   0: 0x800090b0 (0xf2068f83) lb      t6, -224(a3)
core   0: 3 0x800090b0 (0xf2068f83) x31 0xffffffee mem 0x8001dc9c
core   0: 0x800090b4 (0xf2068c03) lb      s8, -224(a3)
core   0: 3 0x800090b4 (0xf2068c03) x24 0xffffffee mem 0x8001dc9c
core   0: 0x800090b8 (0x62948513) addi    a0, s1, 1577
core   0: 3 0x800090b8 (0x62948513) x10 0x0000062a
core   0: 0x800090bc (0x3cc82a17) auipc   s4, 0x3cc82
core   0: 3 0x800090bc (0x3cc82a17) x20 0xbcc8b0bc
core   0: 0x800090c0 (0xf536aa23) sw      s3, -172(a3)
core   0: 3 0x800090c0 (0xf536aa23) mem 0x8001dcd0 0x00000063
core   0: 0x800090c4 (0xf5869a23) sh      s8, -172(a3)
core   0: 3 0x800090c4 (0xf5869a23) mem 0x8001dcd0 0xffee
core   0: 0x800090c8 (0x0b469b23) sh      s4, 182(a3)
core   0: 3 0x800090c8 (0x0b469b23) mem 0x8001de32 0xb0bc
core   0: 0x800090cc (0x0000d497) auipc   s1, 0xd
core   0: 3 0x800090cc (0x0000d497) x 9 0x800160cc
core   0: 0x800090d0 (0x95548493) addi    s1, s1, -1707
core   0: 3 0x800090d0 (0x95548493) x 9 0x80015a21
core   0: 0x800090d4 (0xfe64a9a3) sw      t1, -13(s1)
core   0: 3 0x800090d4 (0xfe64a9a3) mem 0x80015a14 0x00000000
core   0: 0x800090d8 (0xffa48903) lb      s2, -6(s1)
core   0: 3 0x800090d8 (0xffa48903) x18 0x0000001d mem 0x80015a1b
core   0: 0x800090dc (0x00017097) auipc   ra, 0x17
core   0: 3 0x800090dc (0x00017097) x 1 0x800200dc
core   0: 0x800090e0 (0x8a008093) addi    ra, ra, -1888
core   0: 3 0x800090e0 (0x8a008093) x 1 0x8001f97c
core   0: 0x800090e4 (0xfe70cb83) lbu     s7, -25(ra)
core   0: 3 0x800090e4 (0xfe70cb83) x23 0x000000f3 mem 0x8001f963
core   0: 0x800090e8 (0x0044ce83) lbu     t4, 4(s1)
core   0: 3 0x800090e8 (0x0044ce83) x29 0x00000000 mem 0x80015a25
core   0: 0x800090ec (0xff248683) lb      a3, -14(s1)
core   0: 3 0x800090ec (0xff248683) x13 0x0000000e mem 0x80015a13
core   0: 0x800090f0 (0xfe30c683) lbu     a3, -29(ra)
core   0: 3 0x800090f0 (0xfe30c683) x13 0x00000007 mem 0x8001f95f
core   0: 0x800090f4 (0x01148323) sb      a7, 6(s1)
core   0: 3 0x800090f4 (0x01148323) mem 0x80015a27 0x0
core   0: 0x800090f8 (0xfed080a3) sb      a3, -31(ra)
core   0: 3 0x800090f8 (0xfed080a3) mem 0x8001f95d 0x7
core   0: 0x800090fc (0xff048003) lb      zero, -16(s1)
core   0: 3 0x800090fc (0xff048003) mem 0x80015a11
core   0: 0x80009100 (0x03a08ca3) sb      s10, 57(ra)
core   0: 3 0x80009100 (0x03a08ca3) mem 0x8001f9b5 0x8e
core   0: 0x80009104 (0x00a48703) lb      a4, 10(s1)
core   0: 3 0x80009104 (0x00a48703) x14 0xfffffff9 mem 0x80015a2b
core   0: 0x80009108 (0x02609623) sh      t1, 44(ra)
core   0: 3 0x80009108 (0x02609623) mem 0x8001f9a8 0x0000
core   0: 0x8000910c (0x0290c283) lbu     t0, 41(ra)
core   0: 3 0x8000910c (0x0290c283) x 5 0x000000d0 mem 0x8001f9a5
core   0: 0x80009110 (0x00248983) lb      s3, 2(s1)
core   0: 3 0x80009110 (0x00248983) x19 0x00000014 mem 0x80015a23
core   0: 0x80009114 (0x00848b83) lb      s7, 8(s1)
core   0: 3 0x80009114 (0x00848b83) x23 0xffffffbf mem 0x80015a29
core   0: 0x80009118 (0x00109c23) sh      ra, 24(ra)
core   0: 3 0x80009118 (0x00109c23) mem 0x8001f994 0xf97c
core   0: 0x8000911c (0x00015a97) auipc   s5, 0x15
core   0: 3 0x8000911c (0x00015a97) x21 0x8001e11c
core   0: 0x80009120 (0x495a8a93) addi    s5, s5, 1173
core   0: 3 0x80009120 (0x495a8a93) x21 0x8001e5b1
core   0: 0x80009124 (0x67fa9283) lh      t0, 1663(s5)
core   0: 3 0x80009124 (0x67fa9283) x 5 0x00007999 mem 0x8001ec30
core   0: 0x80009128 (0x01e83db3) sltu    s11, a6, t5
core   0: 3 0x80009128 (0x01e83db3) x27 0x00000001
core   0: 0x8000912c (0x1b4a8b83) lb      s7, 436(s5)
core   0: 3 0x8000912c (0x1b4a8b83) x23 0x00000022 mem 0x8001e765
core   0: 0x80009130 (0x007c2eb3) slt     t4, s8, t2
core   0: 3 0x80009130 (0x007c2eb3) x29 0x00000000
core   0: 0x80009134 (0x399a9da3) sh      s9, 923(s5)
core   0: 3 0x80009134 (0x399a9da3) mem 0x8001e94c 0x004f
core   0: 0x80009138 (0x3c4a8483) lb      s1, 964(s5)
core   0: 3 0x80009138 (0x3c4a8483) x 9 0x00000065 mem 0x8001e975
core   0: 0x8000913c (0xdbbaad83) lw      s11, -581(s5)
core   0: 3 0x8000913c (0xdbbaad83) x27 0xdaf5d260 mem 0x8001e36c
core   0: 0x80009140 (0x41350533) sub     a0, a0, s3
core   0: 3 0x80009140 (0x41350533) x10 0x00000616
core   0: 0x80009144 (0xe85a8123) sb      t0, -382(s5)
core   0: 3 0x80009144 (0xe85a8123) mem 0x8001e433 0x99
core   0: 0x80009148 (0xb4270437) lui     s0, 0xb4270
core   0: 3 0x80009148 (0xb4270437) x 8 0xb4270000
core   0: 0x8000914c (0x0003f033) and     zero, t2, zero
core   0: 3 0x8000914c (0x0003f033)
core   0: 0x80009150 (0xf9fade83) lhu     t4, -97(s5)
core   0: 3 0x80009150 (0xf9fade83) x29 0x00004a43 mem 0x8001e550
core   0: 0x80009154 (0x0093d3b3) srl     t2, t2, s1
core   0: 3 0x80009154 (0x0093d3b3) x 7 0x04000ae7
core   0: 0x80009158 (0xe39a8423) sb      s9, -472(s5)
core   0: 3 0x80009158 (0xe39a8423) mem 0x8001e3d9 0x4f
core   0: 0x8000915c (0x40ba8f03) lb      t5, 1035(s5)
core   0: 3 0x8000915c (0x40ba8f03) x30 0x00000077 mem 0x8001e9bc
core   0: 0x80009160 (0x52e382b7) lui     t0, 0x52e38
core   0: 3 0x80009160 (0x52e382b7) x 5 0x52e38000
core   0: 0x80009164 (0x3fb60697) auipc   a3, 0x3fb60
core   0: 3 0x80009164 (0x3fb60697) x13 0xbfb69164
core   0: 0x80009168 (0x0ff0000f) fence   iorw,iorw
core   0: 3 0x80009168 (0x0ff0000f)
core   0: 0x8000916c (0xa75a80a3) sb      s5, -1439(s5)
core   0: 3 0x8000916c (0xa75a80a3) mem 0x8001e012 0xb1
core   0: 0x80009170 (0x0000100f) fence.i
core   0: 3 0x80009170 (0x0000100f)
core   0: 0x80009174 (0x00ad0733) add     a4, s10, a0
core   0: 3 0x80009174 (0x00ad0733) x14 0x000006a4
core   0: 0x80009178 (0x41d888b3) sub     a7, a7, t4
core   0: 3 0x80009178 (0x41d888b3) x17 0xffffb5bd
core   0: 0x8000917c (0xc78a8f23) sb      s8, -898(s5)
core   0: 3 0x8000917c (0xc78a8f23) mem 0x8001e22f 0xee
core   0: 0x80009180 (0x00011197) auipc   gp, 0x11
core   0: 3 0x80009180 (0x00011197) x 3 0x8001a180
core   0: 0x80009184 (0x15a18193) addi    gp, gp, 346
core   0: 3 0x80009184 (0x15a18193) x 3 0x8001a2da
core   0: 0x80009188 (0xabc1df83) lhu     t6, -1348(gp)
core   0: 3 0x80009188 (0xabc1df83) x31 0x0000ffc4 mem 0x80019d96
core   0: 0x8000918c (0xabc1cf83) lbu     t6, -1348(gp)
core   0: 3 0x8000918c (0xabc1cf83) x31 0x000000c4 mem 0x80019d96
core   0: 0x80009190 (0xabc19683) lh      a3, -1348(gp)
core   0: 3 0x80009190 (0xabc19683) x13 0xffffffc4 mem 0x80019d96
core   0: 0x80009194 (0xaa018e23) sb      zero, -1348(gp)
core   0: 3 0x80009194 (0xaa018e23) mem 0x80019d96 0x0
core   0: 0x80009198 (0xaba18e23) sb      s10, -1348(gp)
core   0: 3 0x80009198 (0xaba18e23) mem 0x80019d96 0x8e
core   0: 0x8000919c (0x0199e033) or      zero, s3, s9
core   0: 3 0x8000919c (0x0199e033)
core   0: 0x800091a0 (0x01f6f533) and     a0, a3, t6
core   0: 3 0x800091a0 (0x01f6f533) x10 0x000000c4
core   0: 0x800091a4 (0xaa818e23) sb      s0, -1348(gp)
core   0: 3 0x800091a4 (0xaa818e23) mem 0x80019d96 0x0
core   0: 0x800091a8 (0xabc19e03) lh      t3, -1348(gp)
core   0: 3 0x800091a8 (0xabc19e03) x28 0xffffff00 mem 0x80019d96
core   0: 0x800091ac (0xabc1d483) lhu     s1, -1348(gp)
core   0: 3 0x800091ac (0xabc1d483) x 9 0x0000ff00 mem 0x80019d96
core   0: 0x800091b0 (0xdf558013) addi    zero, a1, -523
core   0: 3 0x800091b0 (0xdf558013)
core   0: 0x800091b4 (0xaad19e23) sh      a3, -1348(gp)
core   0: 3 0x800091b4 (0xaad19e23) mem 0x80019d96 0xffc4
core   0: 0x800091b8 (0x63b57693) andi    a3, a0, 1595
core   0: 3 0x800091b8 (0x63b57693) x13 0x00000000
core   0: 0x800091bc (0xabc1da83) lhu     s5, -1348(gp)
core   0: 3 0x800091bc (0xabc1da83) x21 0x0000ffc4 mem 0x80019d96
core   0: 0x800091c0 (0xabc1c983) lbu     s3, -1348(gp)
core   0: 3 0x800091c0 (0xabc1c983) x19 0x000000c4 mem 0x80019d96
core   0: 0x800091c4 (0xabc1d983) lhu     s3, -1348(gp)
core   0: 3 0x800091c4 (0xabc1d983) x19 0x0000ffc4 mem 0x80019d96
core   0: 0x800091c8 (0xabc18783) lb      a5, -1348(gp)
core   0: 3 0x800091c8 (0xabc18783) x15 0xffffffc4 mem 0x80019d96
core   0: 0x800091cc (0x6bcf0393) addi    t2, t5, 1724
core   0: 3 0x800091cc (0x6bcf0393) x 7 0x00000733
core   0: 0x800091d0 (0xabc1cc83) lbu     s9, -1348(gp)
core   0: 3 0x800091d0 (0xabc1cc83) x25 0x000000c4 mem 0x80019d96
core   0: 0x800091d4 (0x8570c313) xori    t1, ra, -1961
core   0: 3 0x800091d4 (0x8570c313) x 6 0x7ffe012b
core   0: 0x800091d8 (0xabc19683) lh      a3, -1348(gp)
core   0: 3 0x800091d8 (0xabc19683) x13 0xffffffc4 mem 0x80019d96
core   0: 0x800091dc (0x0001b297) auipc   t0, 0x1b
core   0: 3 0x800091dc (0x0001b297) x 5 0x800241dc
core   0: 0x800091e0 (0xf6528293) addi    t0, t0, -155
core   0: 3 0x800091e0 (0xf6528293) x 5 0x80024141
core   0: 0x800091e4 (0x0f6284a3) sb      s6, 233(t0)
core   0: 3 0x800091e4 (0x0f6284a3) mem 0x8002422a 0x5c
core   0: 0x800091e8 (0x0e928503) lb      a0, 233(t0)
core   0: 3 0x800091e8 (0x0e928503) x10 0x0000005c mem 0x8002422a
core   0: 0x800091ec (0x0e929783) lh      a5, 233(t0)
core   0: 3 0x800091ec (0x0e929783) x15 0xffff9f5c mem 0x8002422a
core   0: 0x800091f0 (0x0f6294a3) sh      s6, 233(t0)
core   0: 3 0x800091f0 (0x0f6294a3) mem 0x8002422a 0xbb5c
core   0: 0x800091f4 (0xf6729083) lh      ra, -153(t0)
core   0: 3 0x800091f4 (0xf6729083) x 1 0xffffc7b9 mem 0x800240a8
core   0: 0x800091f8 (0x5ab30f13) addi    t5, t1, 1451
core   0: 3 0x800091f8 (0x5ab30f13) x30 0x7ffe06d6
core   0: 0x800091fc (0xf672ad83) lw      s11, -153(t0)
core   0: 3 0x800091fc (0xf672ad83) x27 0x816ec7b9 mem 0x800240a8
core   0: 0x80009200 (0xf6728683) lb      a3, -153(t0)
core   0: 3 0x80009200 (0xf6728683) x13 0xffffffb9 mem 0x800240a8
core   0: 0x80009204 (0xf6728383) lb      t2, -153(t0)
core   0: 3 0x80009204 (0xf6728383) x 7 0xffffffb9 mem 0x800240a8
core   0: 0x80009208 (0x41848533) sub     a0, s1, s8
core   0: 3 0x80009208 (0x41848533) x10 0x0000ff12
core   0: 0x8000920c (0xf602a3a3) sw      zero, -153(t0)
core   0: 3 0x8000920c (0xf602a3a3) mem 0x800240a8 0x00000000
core   0: 0x80009210 (0xf70283a3) sb      a6, -153(t0)
core   0: 3 0x80009210 (0xf70283a3) mem 0x800240a8 0x0
core   0: 0x80009214 (0xe09bbeb7) lui     t4, 0xe09bb
core   0: 3 0x80009214 (0xe09bbeb7) x29 0xe09bb000
core   0: 0x80009218 (0x86bdb693) sltiu   a3, s11, -1941
core   0: 3 0x80009218 (0x86bdb693) x13 0x00000001
core   0: 0x8000921c (0xf6728183) lb      gp, -153(t0)
core   0: 3 0x8000921c (0xf6728183) x 3 0x00000000 mem 0x800240a8
core   0: 0x80009220 (0x0001be17) auipc   t3, 0x1b
core   0: 3 0x80009220 (0x0001be17) x28 0x80024220
core   0: 0x80009224 (0x47ce0e13) addi    t3, t3, 1148
core   0: 3 0x80009224 (0x47ce0e13) x28 0x8002469c
core   0: 0x80009228 (0x01fe0aa3) sb      t6, 21(t3)
core   0: 3 0x80009228 (0x01fe0aa3) mem 0x800246b1 0xc4
core   0: 0x8000922c (0x08ee0403) lb      s0, 142(t3)
core   0: 3 0x8000922c (0x08ee0403) x 8 0xffffffde mem 0x8002472a
core   0: 0x80009230 (0xf74e2a83) lw      s5, -140(t3)
core   0: 3 0x80009230 (0xf74e2a83) x21 0x5272d67e mem 0x80024610
core   0: 0x80009234 (0xf74e1283) lh      t0, -140(t3)
core   0: 3 0x80009234 (0xf74e1283) x 5 0xffffd67e mem 0x80024610
core   0: 0x80009238 (0xf1ce4483) lbu     s1, -228(t3)
core   0: 3 0x80009238 (0xf1ce4483) x 9 0x00000032 mem 0x800245b8
core   0: 0x8000923c (0x06de4683) lbu     a3, 109(t3)
core   0: 3 0x8000923c (0x06de4683) x13 0x00000073 mem 0x80024709
core   0: 0x80009240 (0x01376fb3) or      t6, a4, s3
core   0: 3 0x80009240 (0x01376fb3) x31 0x0000ffe4
core   0: 0x80009244 (0x0ff0000f) fence   iorw,iorw
core   0: 3 0x80009244 (0x0ff0000f)
core   0: 0x80009248 (0x020e1603) lh      a2, 32(t3)
core   0: 3 0x80009248 (0x020e1603) x12 0x00006b56 mem 0x800246bc
core   0: 0x8000924c (0x07ee5d03) lhu     s10, 126(t3)
core   0: 3 0x8000924c (0x07ee5d03) x26 0x0000b5e2 mem 0x8002471a
core   0: 0x80009250 (0x001bca33) xor     s4, s7, ra
core   0: 3 0x80009250 (0x001bca33) x20 0xffffc79b
core   0: 0x80009254 (0xfd7e0f83) lb      t6, -41(t3)
core   0: 3 0x80009254 (0xfd7e0f83) x31 0xfffffff8 mem 0x80024673
core   0: 0x80009258 (0x003e1b23) sh      gp, 22(t3)
core   0: 3 0x80009258 (0x003e1b23) mem 0x800246b2 0x0000
core   0: 0x8000925c (0x042e2623) sw      sp, 76(t3)
core   0: 3 0x8000925c (0x042e2623) mem 0x800246e8 0x8002ae64
core   0: 0x80009260 (0x0bfe0503) lb      a0, 191(t3)
core   0: 3 0x80009260 (0x0bfe0503) x10 0x0000001d mem 0x8002475b
core   0: 0x80009264 (0x076e0223) sb      s6, 100(t3)
core   0: 3 0x80009264 (0x076e0223) mem 0x80024700 0x5c
core   0: 0x80009268 (0x0ff0000f) fence   iorw,iorw
core   0: 3 0x80009268 (0x0ff0000f)
core   0: 0x8000926c (0xfa5e0da3) sb      t0, -69(t3)
core   0: 3 0x8000926c (0xfa5e0da3) mem 0x80024657 0x7e
core   0: 0x80009270 (0x04ce5903) lhu     s2, 76(t3)
core   0: 3 0x80009270 (0x04ce5903) x18 0x0000ae64 mem 0x800246e8
core   0: 0x80009274 (0x025e0b23) sb      t0, 54(t3)
core   0: 3 0x80009274 (0x025e0b23) mem 0x800246d2 0x7e
core   0: 0x80009278 (0x010ba4b3) slt     s1, s7, a6
core   0: 3 0x80009278 (0x010ba4b3) x 9 0x00000000
core   0: 0x8000927c (0x0f5e4903) lbu     s2, 245(t3)
core   0: 3 0x8000927c (0x0f5e4903) x18 0x00000061 mem 0x80024791
core   0: 0x80009280 (0x0efe4303) lbu     t1, 239(t3)
core   0: 3 0x80009280 (0x0efe4303) x 6 0x00000005 mem 0x8002478b
core   0: 0x80009284 (0x0000d897) auipc   a7, 0xd
core   0: 3 0x80009284 (0x0000d897) x17 0x80016284
core   0: 0x80009288 (0x97888893) addi    a7, a7, -1672
core   0: 3 0x80009288 (0x97888893) x17 0x80015bfc
core   0: 0x8000928c (0xf4a88aa3) sb      a0, -171(a7)
core   0: 3 0x8000928c (0xf4a88aa3) mem 0x80015b51 0x1d
core   0: 0x80009290 (0xf7af3813) sltiu   a6, t5, -134
core   0: 3 0x80009290 (0xf7af3813) x16 0x00000001
core   0: 0x80009294 (0xf5b88aa3) sb      s11, -171(a7)
core   0: 3 0x80009294 (0xf5b88aa3) mem 0x80015b51 0xb9
core   0: 0x80009298 (0xf5588b83) lb      s7, -171(a7)
core   0: 3 0x80009298 (0xf5588b83) x23 0xffffffb9 mem 0x80015b51
core   0: 0x8000929c (0x016ad993) srli    s3, s5, 22
core   0: 3 0x8000929c (0x016ad993) x19 0x00000149
core   0: 0x800092a0 (0xf558cb83) lbu     s7, -171(a7)
core   0: 3 0x800092a0 (0xf558cb83) x23 0x000000b9 mem 0x80015b51
core   0: 0x800092a4 (0xf5588703) lb      a4, -171(a7)
core   0: 3 0x800092a4 (0xf5588703) x14 0xffffffb9 mem 0x80015b51
core   0: 0x800092a8 (0xfe0883a3) sb      zero, -25(a7)
core   0: 3 0x800092a8 (0xfe0883a3) mem 0x80015be3 0x0
core   0: 0x800092ac (0xfe78c683) lbu     a3, -25(a7)
core   0: 3 0x800092ac (0xfe78c683) x13 0x00000000 mem 0x80015be3
core   0: 0x800092b0 (0x0077beb3) sltu    t4, a5, t2
core   0: 3 0x800092b0 (0x0077beb3) x29 0x00000001
core   0: 0x800092b4 (0xfe788a83) lb      s5, -25(a7)
core   0: 3 0x800092b4 (0xfe788a83) x21 0x00000000 mem 0x80015be3
core   0: 0x800092b8 (0xfe78cf03) lbu     t5, -25(a7)
core   0: 3 0x800092b8 (0xfe78cf03) x30 0x00000000 mem 0x80015be3
core   0: 0x800092bc (0xfe6883a3) sb      t1, -25(a7)
core   0: 3 0x800092bc (0xfe6883a3) mem 0x80015be3 0x5
core   0: 0x800092c0 (0xfe78c503) lbu     a0, -25(a7)
core   0: 3 0x800092c0 (0xfe78c503) x10 0x00000005 mem 0x80015be3
core   0: 0x800092c4 (0x00000013) nop
core   0: 3 0x800092c4 (0x00000013)
core   0: 0x800092c8 (0xfe1883a3) sb      ra, -25(a7)
core   0: 3 0x800092c8 (0xfe1883a3) mem 0x80015be3 0xb9
core   0: 0x800092cc (0x54b32193) slti    gp, t1, 1355
core   0: 3 0x800092cc (0x54b32193) x 3 0x00000001
core   0: 0x800092d0 (0xfe788a03) lb      s4, -25(a7)
core   0: 3 0x800092d0 (0xfe788a03) x20 0xffffffb9 mem 0x80015be3
core   0: 0x800092d4 (0xfd688da3) sb      s6, -37(a7)
core   0: 3 0x800092d4 (0xfd688da3) mem 0x80015bd7 0x5c
core   0: 0x800092d8 (0xbb8f8a13) addi    s4, t6, -1096
core   0: 3 0x800092d8 (0xbb8f8a13) x20 0xfffffbb0
core   0: 0x800092dc (0xfdc88da3) sb      t3, -37(a7)
core   0: 3 0x800092dc (0xfdc88da3) mem 0x80015bd7 0x9c
core   0: 0x800092e0 (0x240f6693) ori     a3, t5, 576
core   0: 3 0x800092e0 (0x240f6693) x13 0x00000240
core   0: 0x800092e4 (0xfdb8ca83) lbu     s5, -37(a7)
core   0: 3 0x800092e4 (0xfdb8ca83) x21 0x0000009c mem 0x80015bd7
core   0: 0x800092e8 (0xfc888da3) sb      s0, -37(a7)
core   0: 3 0x800092e8 (0xfc888da3) mem 0x80015bd7 0xde
core   0: 0x800092ec (0x0001bd17) auipc   s10, 0x1b
core   0: 3 0x800092ec (0x0001bd17) x26 0x800242ec
core   0: 0x800092f0 (0x51dd0d13) addi    s10, s10, 1309
core   0: 3 0x800092f0 (0x51dd0d13) x26 0x80024809
core   0: 0x800092f4 (0x03ed0703) lb      a4, 62(s10)
core   0: 3 0x800092f4 (0x03ed0703) x14 0xffffffcb mem 0x80024847
core   0: 0x800092f8 (0x003d0e03) lb      t3, 3(s10)
core   0: 3 0x800092f8 (0x003d0e03) x28 0xffffffdd mem 0x8002480c
core   0: 0x800092fc (0xfecd4183) lbu     gp, -20(s10)
core   0: 3 0x800092fc (0xfecd4183) x 3 0x00000087 mem 0x800247f5
core   0: 0x80009300 (0xffbd0623) sb      s11, -20(s10)
core   0: 3 0x80009300 (0xffbd0623) mem 0x800247f5 0xb9
core   0: 0x80009304 (0xfdad4f83) lbu     t6, -38(s10)
core   0: 3 0x80009304 (0xfdad4f83) x31 0x0000001c mem 0x800247e3
core   0: 0x80009308 (0xfdad0783) lb      a5, -38(s10)
core   0: 3 0x80009308 (0xfdad0783) x15 0x0000001c mem 0x800247e3
core   0: 0x8000930c (0x006b5f13) srli    t5, s6, 6
core   0: 3 0x8000930c (0x006b5f13) x30 0x03f986ed
core   0: 0x80009310 (0x1e880c13) addi    s8, a6, 488
core   0: 3 0x80009310 (0x1e880c13) x24 0x000001e9
core   0: 0x80009314 (0x020d0083) lb      ra, 32(s10)
core   0: 3 0x80009314 (0x020d0083) x 1 0xffffffe4 mem 0x80024829
core   0: 0x80009318 (0x020d4e83) lbu     t4, 32(s10)
core   0: 3 0x80009318 (0x020d4e83) x29 0x000000e4 mem 0x80024829
core   0: 0x8000931c (0x023d0023) sb      gp, 32(s10)
core   0: 3 0x8000931c (0x023d0023) mem 0x80024829 0x87
core   0: 0x80009320 (0x418c5f33) sra     t5, s8, s8
core   0: 3 0x80009320 (0x418c5f33) x30 0x00000000
core   0: 0x80009324 (0x40610833) sub     a6, sp, t1
core   0: 3 0x80009324 (0x40610833) x16 0x8002ae5f
core   0: 0x80009328 (0x01535db3) srl     s11, t1, s5
core   0: 3 0x80009328 (0x01535db3) x27 0x00000000
core   0: 0x8000932c (0xfe2d4203) lbu     tp, -30(s10)
core   0: 3 0x8000932c (0xfe2d4203) x 4 0x000000a5 mem 0x800247eb
core   0: 0x80009330 (0x0000ca17) auipc   s4, 0xc
core   0: 3 0x80009330 (0x0000ca17) x20 0x80015330
core   0: 0x80009334 (0xeb1a0a13) addi    s4, s4, -335
core   0: 3 0x80009334 (0xeb1a0a13) x20 0x800151e1
core   0: 0x80009338 (0xad5ce293) ori     t0, s9, -1323
core   0: 3 0x80009338 (0xad5ce293) x 5 0xfffffad5
core   0: 0x8000933c (0x023a2883) lw      a7, 35(s4)
core   0: 3 0x8000933c (0x023a2883) x17 0x121164a3 mem 0x80015204
core   0: 0x80009340 (0xff3a2203) lw      tp, -13(s4)
core   0: 3 0x80009340 (0xff3a2203) x 4 0xc5c4c861 mem 0x800151d4
core   0: 0x80009344 (0xfc8a0f83) lb      t6, -56(s4)
core   0: 3 0x80009344 (0xfc8a0f83) x31 0x00000007 mem 0x800151a9
core   0: 0x80009348 (0xfcca0423) sb      a2, -56(s4)
core   0: 3 0x80009348 (0xfcca0423) mem 0x800151a9 0x56
core   0: 0x8000934c (0x401f5933) sra     s2, t5, ra
core   0: 3 0x8000934c (0x401f5933) x18 0x00000000
core   0: 0x80009350 (0x004d1793) slli    a5, s10, 4
core   0: 3 0x80009350 (0x004d1793) x15 0x00248090
core   0: 0x80009354 (0xff7a4703) lbu     a4, -9(s4)
core   0: 3 0x80009354 (0xff7a4703) x14 0x0000001c mem 0x800151d8
core   0: 0x80009358 (0xfffa0ba3) sb      t6, -9(s4)
core   0: 3 0x80009358 (0xfffa0ba3) mem 0x800151d8 0x7
core   0: 0x8000935c (0x02ba0c03) lb      s8, 43(s4)
core   0: 3 0x8000935c (0x02ba0c03) x24 0xffffffc9 mem 0x8001520c
core   0: 0x80009360 (0xc7077e93) andi    t4, a4, -912
core   0: 3 0x80009360 (0xc7077e93) x29 0x00000010
core   0: 0x80009364 (0x014a0a83) lb      s5, 20(s4)
core   0: 3 0x80009364 (0x014a0a83) x21 0xfffffffc mem 0x800151f5
core   0: 0x80009368 (0x03ba15a3) sh      s11, 43(s4)
core   0: 3 0x80009368 (0x03ba15a3) mem 0x8001520c 0x0000
core   0: 0x8000936c (0xfdba1183) lh      gp, -37(s4)
core   0: 3 0x8000936c (0xfdba1183) x 3 0xffff987d mem 0x800151bc
core   0: 0x80009370 (0x007b5bb3) srl     s7, s6, t2
core   0: 3 0x80009370 (0x007b5bb3) x23 0x0000007f
core   0: 0x80009374 (0x03fa0e83) lb      t4, 63(s4)
core   0: 3 0x80009374 (0x03fa0e83) x29 0xffffff9c mem 0x80015220
core   0: 0x80009378 (0x0001c417) auipc   s0, 0x1c
core   0: 3 0x80009378 (0x0001c417) x 8 0x80025378
core   0: 0x8000937c (0xbfc40413) addi    s0, s0, -1028
core   0: 3 0x8000937c (0xbfc40413) x 8 0x80024f74
core   0: 0x80009380 (0x1a593813) sltiu   a6, s2, 421
core   0: 3 0x80009380 (0x1a593813) x16 0x00000001
core   0: 0x80009384 (0x00000013) nop
core   0: 3 0x80009384 (0x00000013)
core   0: 0x80009388 (0xff445183) lhu     gp, -12(s0)
core   0: 3 0x80009388 (0xff445183) x 3 0x00000a54 mem 0x80024f68
core   0: 0x8000938c (0x015a0f33) add     t5, s4, s5
core   0: 3 0x8000938c (0x015a0f33) x30 0x800151dd
core   0: 0x80009390 (0x00340683) lb      a3, 3(s0)
core   0: 3 0x80009390 (0x00340683) x13 0xffffffc9 mem 0x80024f77
core   0: 0x80009394 (0x41295333) sra     t1, s2, s2
core   0: 3 0x80009394 (0x41295333) x 6 0x00000000
core   0: 0x80009398 (0x2ba3bf93) sltiu   t6, t2, 698
core   0: 3 0x80009398 (0x2ba3bf93) x31 0x00000000
core   0: 0x8000939c (0x4037d733) sra     a4, a5, gp
core   0: 3 0x8000939c (0x4037d733) x14 0x00000002
core   0: 0x800093a0 (0x00a41823) sh      a0, 16(s0)
core   0: 3 0x800093a0 (0x00a41823) mem 0x80024f84 0x0005
core   0: 0x800093a4 (0xdd46c097) auipc   ra, 0xdd46c
core   0: 3 0x800093a4 (0xdd46c097) x 1 0x5d4753a4
core   0: 0x800093a8 (0x00b44f83) lbu     t6, 11(s0)
core   0: 3 0x800093a8 (0x00b44f83) x31 0x0000002e mem 0x80024f7f
core   0: 0x800093ac (0x0117a9b3) slt     s3, a5, a7
core   0: 3 0x800093ac (0x0117a9b3) x19 0x00000001
core   0: 0x800093b0 (0x01155193) srli    gp, a0, 17
core   0: 3 0x800093b0 (0x01155193) x 3 0x00000000
core   0: 0x800093b4 (0x00b44683) lbu     a3, 11(s0)
core   0: 3 0x800093b4 (0x00b44683) x13 0x0000002e mem 0x80024f7f
core   0: 0x800093b8 (0x00f40b83) lb      s7, 15(s0)
core   0: 3 0x800093b8 (0x00f40b83) x23 0x0000005b mem 0x80024f83
core   0: 0x800093bc (0x5de33697) auipc   a3, 0x5de33
core   0: 3 0x800093bc (0x5de33697) x13 0xdde3c3bc
core   0: 0x800093c0 (0xffe40783) lb      a5, -2(s0)
core   0: 3 0x800093c0 (0xffe40783) x15 0xffffffa4 mem 0x80024f72
core   0: 0x800093c4 (0x00f6d833) srl     a6, a3, a5
core   0: 3 0x800093c4 (0x00f6d833) x16 0x0dde3c3b
core   0: 0x800093c8 (0xff344183) lbu     gp, -13(s0)
core   0: 3 0x800093c8 (0xff344183) x 3 0x000000ba mem 0x80024f67
core   0: 0x800093cc (0x00d40c03) lb      s8, 13(s0)
core   0: 3 0x800093cc (0x00d40c03) x24 0x00000032 mem 0x80024f81
core   0: 0x800093d0 (0x00e81333) sll     t1, a6, a4
core   0: 3 0x800093d0 (0x00e81333) x 6 0x3778f0ec
core   0: 0x800093d4 (0x60fc6837) lui     a6, 0x60fc6
core   0: 3 0x800093d4 (0x60fc6837) x16 0x60fc6000
core   0: 0x800093d8 (0x00a40503) lb      a0, 10(s0)
core   0: 3 0x800093d8 (0x00a40503) x10 0x00000045 mem 0x80024f7e
core   0: 0x800093dc (0x00eb3db3) sltu    s11, s6, a4
core   0: 3 0x800093dc (0x00eb3db3) x27 0x00000000
core   0: 0x800093e0 (0x0000100f) fence.i
core   0: 3 0x800093e0 (0x0000100f)
core   0: 0x800093e4 (0x01451513) slli    a0, a0, 20
core   0: 3 0x800093e4 (0x01451513) x10 0x04500000
core   0: 0x800093e8 (0x00d44c03) lbu     s8, 13(s0)
core   0: 3 0x800093e8 (0x00d44c03) x24 0x00000032 mem 0x80024f81
core   0: 0x800093ec (0x79a7ef93) ori     t6, a5, 1946
core   0: 3 0x800093ec (0x79a7ef93) x31 0xffffffbe
core   0: 0x800093f0 (0x40da00b3) sub     ra, s4, a3
core   0: 3 0x800093f0 (0x40da00b3) x 1 0xa21d8e25
core   0: 0x800093f4 (0x0111fc33) and     s8, gp, a7
core   0: 3 0x800093f4 (0x0111fc33) x24 0x000000a2
core   0: 0x800093f8 (0x00140b83) lb      s7, 1(s0)
core   0: 3 0x800093f8 (0x00140b83) x23 0x00000062 mem 0x80024f75
core   0: 0x800093fc (0x00014417) auipc   s0, 0x14
core   0: 3 0x800093fc (0x00014417) x 8 0x8001d3fc
core   0: 0x80009400 (0x8f240413) addi    s0, s0, -1806
core   0: 3 0x80009400 (0x8f240413) x 8 0x8001ccee
core   0: 0x80009404 (0xfff40d03) lb      s10, -1(s0)
core   0: 3 0x80009404 (0xfff40d03) x26 0x0000001a mem 0x8001cced
core   0: 0x80009408 (0x00e31393) slli    t2, t1, 14
core   0: 3 0x80009408 (0x00e31393) x 7 0x3c3b0000
core   0: 0x8000940c (0xfe540ea3) sb      t0, -3(s0)
core   0: 3 0x8000940c (0xfe540ea3) mem 0x8001cceb 0xd5
core   0: 0x80009410 (0x00045703) lhu     a4, 0(s0)
core   0: 3 0x80009410 (0x00045703) x14 0x0000952a mem 0x8001ccee
core   0: 0x80009414 (0x00141023) sh      ra, 0(s0)
core   0: 3 0x80009414 (0x00141023) mem 0x8001ccee 0x8e25
core   0: 0x80009418 (0x007f1a33) sll     s4, t5, t2
core   0: 3 0x80009418 (0x007f1a33) x20 0x800151dd
core   0: 0x8000941c (0x00740c83) lb      s9, 7(s0)
core   0: 3 0x8000941c (0x00740c83) x25 0xffffffae mem 0x8001ccf5
core   0: 0x80009420 (0x00444b83) lbu     s7, 4(s0)
core   0: 3 0x80009420 (0x00444b83) x23 0x000000d9 mem 0x8001ccf2
core   0: 0x80009424 (0x0057d913) srli    s2, a5, 5
core   0: 3 0x80009424 (0x0057d913) x18 0x07fffffd
core   0: 0x80009428 (0x0c258393) addi    t2, a1, 194
core   0: 3 0x80009428 (0x0c258393) x 7 0x8002eda6
core   0: 0x8000942c (0x402fd513) srai    a0, t6, 2
core   0: 3 0x8000942c (0x402fd513) x10 0xffffffef
core   0: 0x80009430 (0x01b41723) sh      s11, 14(s0)
core   0: 3 0x80009430 (0x01b41723) mem 0x8001ccfc 0x0000
core   0: 0x80009434 (0x00641623) sh      t1, 12(s0)
core   0: 3 0x80009434 (0x00641623) mem 0x8001ccfa 0xf0ec
core   0: 0x80009438 (0xffc41483) lh      s1, -4(s0)
core   0: 3 0x80009438 (0xffc41483) x 9 0xffffd5ce mem 0x8001ccea
core   0: 0x8000943c (0xff645303) lhu     t1, -10(s0)
core   0: 3 0x8000943c (0xff645303) x 6 0x0000605a mem 0x8001cce4
core   0: 0x80009440 (0x001249b3) xor     s3, tp, ra
core   0: 3 0x80009440 (0x001249b3) x19 0x67d94644
core   0: 0x80009444 (0x00d0ccb3) xor     s9, ra, a3
core   0: 3 0x80009444 (0x00d0ccb3) x25 0x7ffe4d99
core   0: 0x80009448 (0x46c72613) slti    a2, a4, 1132
core   0: 3 0x80009448 (0x46c72613) x12 0x00000000
core   0: 0x8000944c (0x00c41883) lh      a7, 12(s0)
core   0: 3 0x8000944c (0x00c41883) x17 0xfffff0ec mem 0x8001ccfa
core   0: 0x80009450 (0x00740303) lb      t1, 7(s0)
core   0: 3 0x80009450 (0x00740303) x 6 0xffffffae mem 0x8001ccf5
core   0: 0x80009454 (0x00040183) lb      gp, 0(s0)
core   0: 3 0x80009454 (0x00040183) x 3 0x00000025 mem 0x8001ccee
core   0: 0x80009458 (0x015ac633) xor     a2, s5, s5
core   0: 3 0x80009458 (0x015ac633) x12 0x00000000
core   0: 0x8000945c (0x0166d993) srli    s3, a3, 22
core   0: 3 0x8000945c (0x0166d993) x19 0x00000377
core   0: 0x80009460 (0x64bcce13) xori    t3, s9, 1611
core   0: 3 0x80009460 (0x64bcce13) x28 0x7ffe4bd2
core   0: 0x80009464 (0xff740a23) sb      s7, -12(s0)
core   0: 3 0x80009464 (0xff740a23) mem 0x8001cce2 0xd9
core   0: 0x80009468 (0xff240183) lb      gp, -14(s0)
core   0: 3 0x80009468 (0xff240183) x 3 0xffffffc3 mem 0x8001cce0
core   0: 0x8000946c (0x009f7f33) and     t5, t5, s1
core   0: 3 0x8000946c (0x009f7f33) x30 0x800151cc
core   0: 0x80009470 (0xff040fa3) sb      a6, -1(s0)
core   0: 3 0x80009470 (0xff040fa3) mem 0x8001cced 0x0
core   0: 0x80009474 (0xff744203) lbu     tp, -9(s0)
core   0: 3 0x80009474 (0xff744203) x 4 0x00000060 mem 0x8001cce5
core   0: 0x80009478 (0xff344d03) lbu     s10, -13(s0)
core   0: 3 0x80009478 (0xff344d03) x26 0x0000007a mem 0x8001cce1
core   0: 0x8000947c (0x00144983) lbu     s3, 1(s0)
core   0: 3 0x8000947c (0x00144983) x19 0x0000008e mem 0x8001ccef
core   0: 0x80009480 (0xf2fc9237) lui     tp, 0xf2fc9
core   0: 3 0x80009480 (0xf2fc9237) x 4 0xf2fc9000
core   0: 0x80009484 (0x003e4bb3) xor     s7, t3, gp
core   0: 3 0x80009484 (0x003e4bb3) x23 0x8001b411
core   0: 0x80009488 (0x015405a3) sb      s5, 11(s0)
core   0: 3 0x80009488 (0x015405a3) mem 0x8001ccf9 0xfc
core   0: 0x8000948c (0x0000f797) auipc   a5, 0xf
core   0: 3 0x8000948c (0x0000f797) x15 0x8001848c
core   0: 0x80009490 (0x30778793) addi    a5, a5, 775
core   0: 3 0x80009490 (0x30778793) x15 0x80018793
core   0: 0x80009494 (0x00978023) sb      s1, 0(a5)
core   0: 3 0x80009494 (0x00978023) mem 0x80018793 0xce
core   0: 0x80009498 (0x00078f03) lb      t5, 0(a5)
core   0: 3 0x80009498 (0x00078f03) x30 0xffffffce mem 0x80018793
core   0: 0x8000949c (0x0007c303) lbu     t1, 0(a5)
core   0: 3 0x8000949c (0x0007c303) x 6 0x000000ce mem 0x80018793
core   0: 0x800094a0 (0x01378023) sb      s3, 0(a5)
core   0: 3 0x800094a0 (0x01378023) mem 0x80018793 0x8e
core   0: 0x800094a4 (0xffb7c183) lbu     gp, -5(a5)
core   0: 3 0x800094a4 (0xffb7c183) x 3 0x000000e6 mem 0x8001878e
core   0: 0x800094a8 (0x00778c83) lb      s9, 7(a5)
core   0: 3 0x800094a8 (0x00778c83) x25 0xffffffc8 mem 0x8001879a
core   0: 0x800094ac (0x00779d83) lh      s11, 7(a5)
core   0: 3 0x800094ac (0x00779d83) x27 0xffff89c8 mem 0x8001879a
core   0: 0x800094b0 (0x85a53013) sltiu   zero, a0, -1958
core   0: 3 0x800094b0 (0x85a53013)
core   0: 0x800094b4 (0xfef78b23) sb      a5, -10(a5)
core   0: 3 0x800094b4 (0xfef78b23) mem 0x80018789 0x93
core   0: 0x800094b8 (0xffb79983) lh      s3, -5(a5)
core   0: 3 0x800094b8 (0xffb79983) x19 0xfffff9e6 mem 0x8001878e
core   0: 0x800094bc (0x01ba8a33) add     s4, s5, s11
core   0: 3 0x800094bc (0x01ba8a33) x20 0xffff89c4
core   0: 0x800094c0 (0x00878a03) lb      s4, 8(a5)
core   0: 3 0x800094c0 (0x00878a03) x20 0xffffff89 mem 0x8001879b
core   0: 0x800094c4 (0x00010d17) auipc   s10, 0x10
core   0: 3 0x800094c4 (0x00010d17) x26 0x800194c4
core   0: 0x800094c8 (0xa0dd0d13) addi    s10, s10, -1523
core   0: 3 0x800094c8 (0xa0dd0d13) x26 0x80018ed1
core   0: 0x800094cc (0xfcbd0523) sb      a1, -54(s10)
core   0: 3 0x800094cc (0xfcbd0523) mem 0x80018e9b 0xe4
core   0: 0x800094d0 (0xfdad0a83) lb      s5, -38(s10)
core   0: 3 0x800094d0 (0xfdad0a83) x21 0x00000052 mem 0x80018eab
core   0: 0x800094d4 (0x037d2003) lw      zero, 55(s10)
core   0: 3 0x800094d4 (0x037d2003) mem 0x80018f08
core   0: 0x800094d8 (0xfc3d2ba3) sw      gp, -41(s10)
core   0: 3 0x800094d8 (0xfc3d2ba3) mem 0x80018ea8 0x000000e6
core   0: 0x800094dc (0xfc9d1ca3) sh      s1, -39(s10)
core   0: 3 0x800094dc (0xfc9d1ca3) mem 0x80018eaa 0xd5ce
core   0: 0x800094e0 (0x001379b3) and     s3, t1, ra
core   0: 3 0x800094e0 (0x001379b3) x19 0x00000004
core   0: 0x800094e4 (0xff2d4703) lbu     a4, -14(s10)
core   0: 3 0x800094e4 (0xff2d4703) x14 0x000000ec mem 0x80018ec3
core   0: 0x800094e8 (0x018d0423) sb      s8, 8(s10)
core   0: 3 0x800094e8 (0x018d0423) mem 0x80018ed9 0xa2
core   0: 0x800094ec (0x0000100f) fence.i
core   0: 3 0x800094ec (0x0000100f)
core   0: 0x800094f0 (0x004d4e83) lbu     t4, 4(s10)
core   0: 3 0x800094f0 (0x004d4e83) x29 0x000000b3 mem 0x80018ed5
core   0: 0x800094f4 (0x415edc93) srai    s9, t4, 21
core   0: 3 0x800094f4 (0x415edc93) x25 0x00000000
core   0: 0x800094f8 (0x407f8333) sub     t1, t6, t2
core   0: 3 0x800094f8 (0x407f8333) x 6 0x7ffd1218
core   0: 0x800094fc (0x00d472b3) and     t0, s0, a3
core   0: 3 0x800094fc (0x00d472b3) x 5 0x8001c0ac
core   0: 0x80009500 (0x03ad06a3) sb      s10, 45(s10)
core   0: 3 0x80009500 (0x03ad06a3) mem 0x80018efe 0xd1
core   0: 0x80009504 (0xfcad0983) lb      s3, -54(s10)
core   0: 3 0x80009504 (0xfcad0983) x19 0xffffffe4 mem 0x80018e9b
core   0: 0x80009508 (0x00fd5883) lhu     a7, 15(s10)
core   0: 3 0x80009508 (0x00fd5883) x17 0x00007e01 mem 0x80018ee0
core   0: 0x8000950c (0x02dd0a03) lb      s4, 45(s10)
core   0: 3 0x8000950c (0x02dd0a03) x20 0xffffffd1 mem 0x80018efe
core   0: 0x80009510 (0x03ed02a3) sb      t5, 37(s10)
core   0: 3 0x80009510 (0x03ed02a3) mem 0x80018ef6 0xce
core   0: 0x80009514 (0x011d2ba3) sw      a7, 23(s10)
core   0: 3 0x80009514 (0x011d2ba3) mem 0x80018ee8 0x00007e01
core   0: 0x80009518 (0x0122dc93) srli    s9, t0, 18
core   0: 3 0x80009518 (0x0122dc93) x25 0x00002000
core   0: 0x8000951c (0x00c75a93) srli    s5, a4, 12
core   0: 3 0x8000951c (0x00c75a93) x21 0x00000000
core   0: 0x80009520 (0x021d0d83) lb      s11, 33(s10)
core   0: 3 0x80009520 (0x021d0d83) x27 0xffffffa7 mem 0x80018ef2
core   0: 0x80009524 (0x00a07533) and     a0, zero, a0
core   0: 3 0x80009524 (0x00a07533) x10 0x00000000
core   0: 0x80009528 (0xff0d1ca3) sh      a6, -7(s10)
core   0: 3 0x80009528 (0xff0d1ca3) mem 0x80018eca 0x6000
core   0: 0x8000952c (0xfcbd2603) lw      a2, -53(s10)
core   0: 3 0x8000952c (0xfcbd2603) x12 0x0e7a88e7 mem 0x80018e9c
core   0: 0x80009530 (0xfd4d0803) lb      a6, -44(s10)
core   0: 3 0x80009530 (0xfd4d0803) x16 0x00000041 mem 0x80018ea5
core   0: 0x80009534 (0x00000013) nop
core   0: 3 0x80009534 (0x00000013)
core   0: 0x80009538 (0x0ff0000f) fence   iorw,iorw
core   0: 3 0x80009538 (0x0ff0000f)
core   0: 0x8000953c (0x002c7533) and     a0, s8, sp
core   0: 3 0x8000953c (0x002c7533) x10 0x00000020
core   0: 0x80009540 (0xfe8d4a03) lbu     s4, -24(s10)
core   0: 3 0x80009540 (0xfe8d4a03) x20 0x0000006c mem 0x80018eb9
core   0: 0x80009544 (0x015d4e03) lbu     t3, 21(s10)
core   0: 3 0x80009544 (0x015d4e03) x28 0x00000055 mem 0x80018ee6
core   0: 0x80009548 (0xfc0d0e03) lb      t3, -64(s10)
core   0: 3 0x80009548 (0xfc0d0e03) x28 0x0000004a mem 0x80018e91
core   0: 0x8000954c (0xfd0d10a3) sh      a6, -63(s10)
core   0: 3 0x8000954c (0xfd0d10a3) mem 0x80018e92 0x0041
core   0: 0x80009550 (0x588532b7) lui     t0, 0x58853
core   0: 3 0x80009550 (0x588532b7) x 5 0x58853000
core   0: 0x80009554 (0x000add93) srli    s11, s5, 0
core   0: 3 0x80009554 (0x000add93) x27 0x00000000
core   0: 0x80009558 (0x02dd4603) lbu     a2, 45(s10)
core   0: 3 0x80009558 (0x02dd4603) x12 0x000000d1 mem 0x80018efe
core   0: 0x8000955c (0x034d4383) lbu     t2, 52(s10)
core   0: 3 0x8000955c (0x034d4383) x 7 0x000000b1 mem 0x80018f05
core   0: 0x80009560 (0x0000cc97) auipc   s9, 0xc
core   0: 3 0x80009560 (0x0000cc97) x25 0x80015560
core   0: 0x80009564 (0x5d2c8c93) addi    s9, s9, 1490
core   0: 3 0x80009564 (0x5d2c8c93) x25 0x80015b32
core   0: 0x80009568 (0x00015097) auipc   ra, 0x15
core   0: 3 0x80009568 (0x00015097) x 1 0x8001e568
core   0: 0x8000956c (0xbe708093) addi    ra, ra, -1049
core   0: 3 0x8000956c (0xbe708093) x 1 0x8001e14f
core   0: 0x80009570 (0x008c9a23) sh      s0, 20(s9)
core   0: 3 0x80009570 (0x008c9a23) mem 0x80015b46 0xccee
core   0: 0x80009574 (0x0b70da83) lhu     s5, 183(ra)
core   0: 3 0x80009574 (0x0b70da83) x21 0x00007adf mem 0x8001e206
core   0: 0x80009578 (0xfacc8383) lb      t2, -84(s9)
core   0: 3 0x80009578 (0xfacc8383) x 7 0x00000050 mem 0x80015ade
core   0: 0x8000957c (0xff509ba3) sh      s5, -9(ra)
core   0: 3 0x8000957c (0xff509ba3) mem 0x8001e146 0x7adf
core   0: 0x80009580 (0xff808883) lb      a7, -8(ra)
core   0: 3 0x80009580 (0xff808883) x17 0x0000007a mem 0x8001e147
core   0: 0x80009584 (0xfebc88a3) sb      a1, -15(s9)
core   0: 3 0x80009584 (0xfebc88a3) mem 0x80015b23 0xe4
core   0: 0x80009588 (0xf2ac8923) sb      a0, -206(s9)
core   0: 3 0x80009588 (0xf2ac8923) mem 0x80015a64 0x20
core   0: 0x8000958c (0xfc308da3) sb      gp, -37(ra)
core   0: 3 0x8000958c (0xfc308da3) mem 0x8001e12a 0xe6
core   0: 0x80009590 (0x0c30d283) lhu     t0, 195(ra)
core   0: 3 0x80009590 (0x0c30d283) x 5 0x0000131e mem 0x8001e212
core   0: 0x80009594 (0x0ebc8983) lb      s3, 235(s9)
core   0: 3 0x80009594 (0x0ebc8983) x19 0x00000057 mem 0x80015c1d
core   0: 0x80009598 (0xf7d0ae03) lw      t3, -131(ra)
core   0: 3 0x80009598 (0xf7d0ae03) x28 0xfe56cc31 mem 0x8001e0cc
core   0: 0x8000959c (0x0facad03) lw      s10, 250(s9)
core   0: 3 0x8000959c (0x0facad03) x26 0xd5008488 mem 0x80015c2c
core   0: 0x800095a0 (0xfd3ca723) sw      s3, -50(s9)
core   0: 3 0x800095a0 (0xfd3ca723) mem 0x80015b00 0x00000057
core   0: 0x800095a4 (0xf410a183) lw      gp, -191(ra)
core   0: 3 0x800095a4 (0xf410a183) x 3 0x96cc9715 mem 0x8001e090
core   0: 0x800095a8 (0x0bac8883) lb      a7, 186(s9)
core   0: 3 0x800095a8 (0x0bac8883) x17 0x00000000 mem 0x80015bec
core   0: 0x800095ac (0x04ac9f23) sh      a0, 94(s9)
core   0: 3 0x800095ac (0x04ac9f23) mem 0x80015b90 0x0020
core   0: 0x800095b0 (0x0db0dc03) lhu     s8, 219(ra)
core   0: 3 0x800095b0 (0x0db0dc03) x24 0x0000d053 mem 0x8001e22a
core   0: 0x800095b4 (0x0000ca17) auipc   s4, 0xc
core   0: 3 0x800095b4 (0x0000ca17) x20 0x800155b4
core   0: 0x800095b8 (0xc9da0a13) addi    s4, s4, -867
core   0: 3 0x800095b8 (0xc9da0a13) x20 0x80015251
core   0: 0x800095bc (0x9ac18613) addi    a2, gp, -1620
core   0: 3 0x800095bc (0x9ac18613) x12 0x96cc90c1
core   0: 0x800095c0 (0x4f2a13a3) sh      s2, 1255(s4)
core   0: 3 0x800095c0 (0x4f2a13a3) mem 0x80015738 0xfffd
core   0: 0x800095c4 (0x0092a4b3) slt     s1, t0, s1
core   0: 3 0x800095c4 (0x0092a4b3) x 9 0x00000000
core   0: 0x800095c8 (0x0185d533) srl     a0, a1, s8
core   0: 3 0x800095c8 (0x0185d533) x10 0x00001000
core   0: 0x800095cc (0x41855193) srai    gp, a0, 24
core   0: 3 0x800095cc (0x41855193) x 3 0x00000000
core   0: 0x800095d0 (0x00000013) nop
core   0: 3 0x800095d0 (0x00000013)
core   0: 0x800095d4 (0x453a0b23) sb      s3, 1110(s4)
core   0: 3 0x800095d4 (0x453a0b23) mem 0x800156a7 0x57
core   0: 0x800095d8 (0x96136713) ori     a4, t1, -1695
core   0: 3 0x800095d8 (0x96136713) x14 0xfffffb79
core   0: 0x800095dc (0xfa9a0523) sb      s1, -86(s4)
core   0: 3 0x800095dc (0xfa9a0523) mem 0x800151fb 0x0
core   0: 0x800095e0 (0x266a4703) lbu     a4, 614(s4)
core   0: 3 0x800095e0 (0x266a4703) x14 0x00000080 mem 0x800154b7
core   0: 0x800095e4 (0x41658bb3) sub     s7, a1, s6
core   0: 3 0x800095e4 (0x41658bb3) x23 0x81a13188
core   0: 0x800095e8 (0x0000100f) fence.i
core   0: 3 0x800095e8 (0x0000100f)
core   0: 0x800095ec (0xb5a38993) addi    s3, t2, -1190
core   0: 3 0x800095ec (0xb5a38993) x19 0xfffffbaa
core   0: 0x800095f0 (0x7a0a0fa3) sb      zero, 1983(s4)
core   0: 3 0x800095f0 (0x7a0a0fa3) mem 0x80015a10 0x0
core   0: 0x800095f4 (0x4dca4383) lbu     t2, 1244(s4)
core   0: 3 0x800095f4 (0x4dca4383) x 7 0x000000fc mem 0x8001572d
core   0: 0x800095f8 (0xefda0683) lb      a3, -259(s4)
core   0: 3 0x800095f8 (0xefda0683) x13 0xffffffbe mem 0x8001514e
core   0: 0x800095fc (0x40ca4003) lbu     zero, 1036(s4)
core   0: 3 0x800095fc (0x40ca4003) mem 0x8001565d
core   0: 0x80009600 (0x723a25a3) sw      gp, 1835(s4)
core   0: 3 0x80009600 (0x723a25a3) mem 0x8001597c 0x00000000
core   0: 0x80009604 (0x00b07db3) and     s11, zero, a1
core   0: 3 0x80009604 (0x00b07db3) x27 0x00000000
core   0: 0x80009608 (0x00beda93) srli    s5, t4, 11
core   0: 3 0x80009608 (0x00beda93) x21 0x00000000
core   0: 0x8000960c (0x4730f937) lui     s2, 0x4730f
core   0: 3 0x8000960c (0x4730f937) x18 0x4730f000
core   0: 0x80009610 (0x4c8a0903) lb      s2, 1224(s4)
core   0: 3 0x80009610 (0x4c8a0903) x18 0xffffff9b mem 0x80015719
core   0: 0x80009614 (0x5eda4b83) lbu     s7, 1517(s4)
core   0: 3 0x80009614 (0x5eda4b83) x23 0x00000081 mem 0x8001583e
core   0: 0x80009618 (0xb401a813) slti    a6, gp, -1216
core   0: 3 0x80009618 (0xb401a813) x16 0x00000000
core   0: 0x8000961c (0x00b69433) sll     s0, a3, a1
core   0: 3 0x8000961c (0x00b69433) x 8 0xfffffbe0
core   0: 0x80009620 (0x4fca1ba3) sh      t3, 1271(s4)
core   0: 3 0x80009620 (0x4fca1ba3) mem 0x80015748 0xcc31
core   0: 0x80009624 (0x163a8893) addi    a7, s5, 355
core   0: 3 0x80009624 (0x163a8893) x17 0x00000163
core   0: 0x80009628 (0x00d50733) add     a4, a0, a3
core   0: 3 0x80009628 (0x00d50733) x14 0x00000fbe
core   0: 0x8000962c (0x74ca0203) lb      tp, 1868(s4)
core   0: 3 0x8000962c (0x74ca0203) x 4 0x0000005a mem 0x8001599d
core   0: 0x80009630 (0x00000013) nop
core   0: 3 0x80009630 (0x00000013)
core   0: 0x80009634 (0x01d84db3) xor     s11, a6, t4
core   0: 3 0x80009634 (0x01d84db3) x27 0x000000b3
core   0: 0x80009638 (0x00fb5193) srli    gp, s6, 15
core   0: 3 0x80009638 (0x00fb5193) x 3 0x0001fcc3
core   0: 0x8000963c (0x01463533) sltu    a0, a2, s4
core   0: 3 0x8000963c (0x01463533) x10 0x00000000
core   0: 0x80009640 (0x0ff0000f) fence   iorw,iorw
core   0: 3 0x80009640 (0x0ff0000f)
core   0: 0x80009644 (0x01031e93) slli    t4, t1, 16
core   0: 3 0x80009644 (0x01031e93) x29 0x12180000
core   0: 0x80009648 (0x01759093) slli    ra, a1, 23
core   0: 3 0x80009648 (0x01759093) x 1 0x72000000
core   0: 0x8000964c (0xcceaa393) slti    t2, s5, -818
core   0: 3 0x8000964c (0xcceaa393) x 7 0x00000000
core   0: 0x80009650 (0x5dda0fa3) sb      t4, 1503(s4)
core   0: 3 0x80009650 (0x5dda0fa3) mem 0x80015830 0x0
core   0: 0x80009654 (0x0094f933) and     s2, s1, s1
core   0: 3 0x80009654 (0x0094f933) x18 0x00000000
core   0: 0x80009658 (0x7d1a4903) lbu     s2, 2001(s4)
core   0: 3 0x80009658 (0x7d1a4903) x18 0x00000084 mem 0x80015a22
core   0: 0x8000965c (0x00019b97) auipc   s7, 0x19
core   0: 3 0x8000965c (0x00019b97) x23 0x8002265c
core   0: 0x80009660 (0x934b8b93) addi    s7, s7, -1740
core   0: 3 0x80009660 (0x934b8b93) x23 0x80021f90
core   0: 0x80009664 (0x0000c997) auipc   s3, 0xc
core   0: 3 0x80009664 (0x0000c997) x19 0x80015664
core   0: 0x80009668 (0x0b098993) addi    s3, s3, 176
core   0: 3 0x80009668 (0x0b098993) x19 0x80015714
core   0: 0x8000966c (0xf64bca03) lbu     s4, -156(s7)
core   0: 3 0x8000966c (0xf64bca03) x20 0x00000044 mem 0x80021ef4
core   0: 0x80009670 (0xfc498d83) lb      s11, -60(s3)
core   0: 3 0x80009670 (0xfc498d83) x27 0xffffffc0 mem 0x800156d8
core   0: 0x80009674 (0x00998323) sb      s1, 6(s3)
core   0: 3 0x80009674 (0x00998323) mem 0x8001571a 0x0
core   0: 0x80009678 (0x0febdd03) lhu     s10, 254(s7)
core   0: 3 0x80009678 (0x0febdd03) x26 0x0000415d mem 0x8002208e
core   0: 0x8000967c (0x0189df03) lhu     t5, 24(s3)
core   0: 3 0x8000967c (0x0189df03) x30 0x0000fcb2 mem 0x8001572c
core   0: 0x80009680 (0x0049dc03) lhu     s8, 4(s3)
core   0: 3 0x80009680 (0x0049dc03) x24 0x00009b1c mem 0x80015718
core   0: 0x80009684 (0xfe6984a3) sb      t1, -23(s3)
core   0: 3 0x80009684 (0xfe6984a3) mem 0x800156fd 0x18
core   0: 0x80009688 (0x04eb8e83) lb      t4, 78(s7)
core   0: 3 0x80009688 (0x04eb8e83) x29 0x00000003 mem 0x80021fde
core   0: 0x8000968c (0xf28b82a3) sb      s0, -219(s7)
core   0: 3 0x8000968c (0xf28b82a3) mem 0x80021eb5 0xe0
core   0: 0x80009690 (0xfca9a823) sw      a0, -48(s3)
core   0: 3 0x80009690 (0xfca9a823) mem 0x800156e4 0x00000000
core   0: 0x80009694 (0xfc2b8aa3) sb      sp, -43(s7)
core   0: 3 0x80009694 (0xfc2b8aa3) mem 0x80021f65 0x64
core   0: 0x80009698 (0xfcd98923) sb      a3, -46(s3)
core   0: 3 0x80009698 (0xfcd98923) mem 0x800156e6 0xbe
core   0: 0x8000969c (0xf4bb8003) lb      zero, -181(s7)
core   0: 3 0x8000969c (0xf4bb8003) mem 0x80021edb
core   0: 0x800096a0 (0xffa98223) sb      s10, -28(s3)
core   0: 3 0x800096a0 (0xffa98223) mem 0x800156f8 0x5d
core   0: 0x800096a4 (0xfcb98783) lb      a5, -53(s3)
core   0: 3 0x800096a4 (0xfcb98783) x15 0xffffffe4 mem 0x800156df
core   0: 0x800096a8 (0x079b85a3) sb      s9, 107(s7)
core   0: 3 0x800096a8 (0x079b85a3) mem 0x80021ffb 0x32
core   0: 0x800096ac (0x0000c497) auipc   s1, 0xc
core   0: 3 0x800096ac (0x0000c497) x 9 0x800156ac
core   0: 0x800096b0 (0x6bc48493) addi    s1, s1, 1724
core   0: 3 0x800096b0 (0x6bc48493) x 9 0x80015d68
core   0: 0x800096b4 (0xffa49083) lh      ra, -6(s1)
core   0: 3 0x800096b4 (0xffa49083) x 1 0x00006b3b mem 0x80015d62
core   0: 0x800096b8 (0x00c92cb3) slt     s9, s2, a2
core   0: 3 0x800096b8 (0x00c92cb3) x25 0x00000000
core   0: 0x800096bc (0x6cf56b93) ori     s7, a0, 1743
core   0: 3 0x800096bc (0x6cf56b93) x23 0x000006cf
core   0: 0x800096c0 (0xfe91c617) auipc   a2, 0xfe91c
core   0: 3 0x800096c0 (0xfe91c617) x12 0x7e9256c0
core   0: 0x800096c4 (0x0344ab83) lw      s7, 52(s1)
core   0: 3 0x800096c4 (0x0344ab83) x23 0x80015d66 mem 0x80015d9c
core   0: 0x800096c8 (0xfff4c683) lbu     a3, -1(s1)
core   0: 3 0x800096c8 (0xfff4c683) x13 0x000000ef mem 0x80015d67
core   0: 0x800096cc (0xaff43d17) auipc   s10, 0xaff43
core   0: 3 0x800096cc (0xaff43d17) x26 0x2ff4c6cc
core   0: 0x800096d0 (0x02448223) sb      tp, 36(s1)
core   0: 3 0x800096d0 (0x02448223) mem 0x80015d8c 0x5a
core   0: 0x800096d4 (0xfc948683) lb      a3, -55(s1)
core   0: 3 0x800096d4 (0xfc948683) x13 0x00000073 mem 0x80015d31
core   0: 0x800096d8 (0xfec4d703) lhu     a4, -20(s1)
core   0: 3 0x800096d8 (0xfec4d703) x14 0x00000add mem 0x80015d54
core   0: 0x800096dc (0x00248a03) lb      s4, 2(s1)
core   0: 3 0x800096dc (0x00248a03) x20 0xffffffc5 mem 0x80015d6a
core   0: 0x800096e0 (0xfd048fa3) sb      a6, -33(s1)
core   0: 3 0x800096e0 (0xfd048fa3) mem 0x80015d47 0x0
core   0: 0x800096e4 (0x026480a3) sb      t1, 33(s1)
core   0: 3 0x800096e4 (0x026480a3) mem 0x80015d89 0x18
core   0: 0x800096e8 (0x03a480a3) sb      s10, 33(s1)
core   0: 3 0x800096e8 (0x03a480a3) mem 0x80015d89 0xcc
core   0: 0x800096ec (0x015b9a13) slli    s4, s7, 21
core   0: 3 0x800096ec (0x015b9a13) x20 0xacc00000
core   0: 0x800096f0 (0x028480a3) sb      s0, 33(s1)
core   0: 3 0x800096f0 (0x028480a3) mem 0x80015d89 0xe0
core   0: 0x800096f4 (0x02148883) lb      a7, 33(s1)
core   0: 3 0x800096f4 (0x02148883) x17 0xffffffe0 mem 0x80015d89
core   0: 0x800096f8 (0x00000013) nop
core   0: 3 0x800096f8 (0x00000013)
core   0: 0x800096fc (0x02148403) lb      s0, 33(s1)
core   0: 3 0x800096fc (0x02148403) x 8 0xffffffe0 mem 0x80015d89
core   0: 0x80009700 (0x017484a3) sb      s7, 9(s1)
core   0: 3 0x80009700 (0x017484a3) mem 0x80015d71 0x66
core   0: 0x80009704 (0x0000cf17) auipc   t5, 0xc
core   0: 3 0x80009704 (0x0000cf17) x30 0x80015704
core   0: 0x80009708 (0xb89f0f13) addi    t5, t5, -1143
core   0: 3 0x80009708 (0xb89f0f13) x30 0x8001528d
core   0: 0x8000970c (0x0eff1603) lh      a2, 239(t5)
core   0: 3 0x8000970c (0x0eff1603) x12 0xffffd889 mem 0x8001537c
core   0: 0x80009710 (0xf0ff18a3) sh      a5, -239(t5)
core   0: 3 0x80009710 (0xf0ff18a3) mem 0x8001519e 0xffe4
core   0: 0x80009714 (0x40f1d2b3) sra     t0, gp, a5
core   0: 3 0x80009714 (0x40f1d2b3) x 5 0x00001fcc
core   0: 0x80009718 (0xffaf0083) lb      ra, -6(t5)
core   0: 3 0x80009718 (0xffaf0083) x 1 0x0000002e mem 0x80015287
core   0: 0x8000971c (0xf7ef0c03) lb      s8, -130(t5)
core   0: 3 0x8000971c (0xf7ef0c03) x24 0x00000030 mem 0x8001520b
core   0: 0x80009720 (0x01ef07a3) sb      t5, 15(t5)
core   0: 3 0x80009720 (0x01ef07a3) mem 0x8001529c 0x8d
core   0: 0x80009724 (0xf31f0203) lb      tp, -207(t5)
core   0: 3 0x80009724 (0xf31f0203) x 4 0xfffffff8 mem 0x800151be
core   0: 0x80009728 (0xf7bf0423) sb      s11, -152(t5)
core   0: 3 0x80009728 (0xf7bf0423) mem 0x800151f5 0xc0
core   0: 0x8000972c (0xf76f4c83) lbu     s9, -138(t5)
core   0: 3 0x8000972c (0xf76f4c83) x25 0x00000033 mem 0x80015203
core   0: 0x80009730 (0x37adc313) xori    t1, s11, 890
core   0: 3 0x80009730 (0x37adc313) x 6 0xfffffcba
core   0: 0x80009734 (0x0f6f0623) sb      s6, 236(t5)
core   0: 3 0x80009734 (0x0f6f0623) mem 0x80015379 0x5c
core   0: 0x80009738 (0x00000013) nop
core   0: 3 0x80009738 (0x00000013)
core   0: 0x8000973c (0xfd4f4903) lbu     s2, -44(t5)
core   0: 3 0x8000973c (0xfd4f4903) x18 0x0000002b mem 0x80015261
core   0: 0x80009740 (0xfa6f0c83) lb      s9, -90(t5)
core   0: 3 0x80009740 (0xfa6f0c83) x25 0xfffffff5 mem 0x80015233
core   0: 0x80009744 (0xf52f4383) lbu     t2, -174(t5)
core   0: 3 0x80009744 (0xf52f4383) x 7 0x00000033 mem 0x800151df
core   0: 0x80009748 (0x005409b3) add     s3, s0, t0
core   0: 3 0x80009748 (0x005409b3) x19 0x00001fac
core   0: 0x8000974c (0xff9f0903) lb      s2, -7(t5)
core   0: 3 0x8000974c (0xff9f0903) x18 0x0000007a mem 0x80015286
core   0: 0x80009750 (0x0ff0000f) fence   iorw,iorw
core   0: 3 0x80009750 (0x0ff0000f)
core   0: 0x80009754 (0x01af1aa3) sh      s10, 21(t5)
core   0: 3 0x80009754 (0x01af1aa3) mem 0x800152a2 0xc6cc
core   0: 0x80009758 (0x08df1ea3) sh      a3, 157(t5)
core   0: 3 0x80009758 (0x08df1ea3) mem 0x8001532a 0x0073
core   0: 0x8000975c (0xfb7f1003) lh      zero, -73(t5)
core   0: 3 0x8000975c (0xfb7f1003) mem 0x80015244
core   0: 0x80009760 (0x0ddf4983) lbu     s3, 221(t5)
core   0: 3 0x80009760 (0x0ddf4983) x19 0x00000020 mem 0x8001536a
core   0: 0x80009764 (0xfcff0983) lb      s3, -49(t5)
core   0: 3 0x80009764 (0xfcff0983) x19 0xffffffe8 mem 0x8001525c
core   0: 0x80009768 (0x94b88a13) addi    s4, a7, -1717
core   0: 3 0x80009768 (0x94b88a13) x20 0xfffff92b
core   0: 0x8000976c (0x41c95a33) sra     s4, s2, t3
core   0: 3 0x8000976c (0x41c95a33) x20 0x00000000
core   0: 0x80009770 (0x047f2003) lw      zero, 71(t5)
core   0: 3 0x80009770 (0x047f2003) mem 0x800152d4
core   0: 0x80009774 (0xb50cf193) andi    gp, s9, -1200
core   0: 3 0x80009774 (0xb50cf193) x 3 0xfffffb50
core   0: 0x80009778 (0xf50f27a3) sw      a6, -177(t5)
core   0: 3 0x80009778 (0xf50f27a3) mem 0x800151dc 0x00000000
core   0: 0x8000977c (0x01cf0303) lb      t1, 28(t5)
core   0: 3 0x8000977c (0x01cf0303) x 6 0xffffffff mem 0x800152a9
core   0: 0x80009780 (0x41730e33) sub     t3, t1, s7
core   0: 3 0x80009780 (0x41730e33) x28 0x7ffea299
core   0: 0x80009784 (0xf46f0923) sb      t1, -174(t5)
core   0: 3 0x80009784 (0xf46f0923) mem 0x800151df 0xff
core   0: 0x80009788 (0x0e2f0a83) lb      s5, 226(t5)
core   0: 3 0x80009788 (0x0e2f0a83) x21 0x00000000 mem 0x8001536f
core   0: 0x8000978c (0xfa2f4283) lbu     t0, -94(t5)
core   0: 3 0x8000978c (0xfa2f4283) x 5 0x00000013 mem 0x8001522f
core   0: 0x80009790 (0x411b0eb3) sub     t4, s6, a7
core   0: 3 0x80009790 (0x411b0eb3) x29 0xfe61bb7c
core   0: 0x80009794 (0x40500fb3) sub     t6, zero, t0
core   0: 3 0x80009794 (0x40500fb3) x31 0xffffffed
core   0: 0x80009798 (0xf5f28d37) lui     s10, 0xf5f28
core   0: 3 0x80009798 (0xf5f28d37) x26 0xf5f28000
core   0: 0x8000979c (0x13ac2513) slti    a0, s8, 314
core   0: 3 0x8000979c (0x13ac2513) x10 0x00000001
core   0: 0x800097a0 (0xf73f2203) lw      tp, -141(t5)
core   0: 3 0x800097a0 (0xf73f2203) x 4 0x33d40eba mem 0x80015200
core   0: 0x800097a4 (0x00cd1bb3) sll     s7, s10, a2
core   0: 3 0x800097a4 (0x00cd1bb3) x23 0xe5000000
core   0: 0x800097a8 (0x0017b1b3) sltu    gp, a5, ra
core   0: 3 0x800097a8 (0x0017b1b3) x 3 0x00000000
core   0: 0x800097ac (0xff2f03a3) sb      s2, -25(t5)
core   0: 3 0x800097ac (0xff2f03a3) mem 0x80015274 0x7a
core   0: 0x800097b0 (0x00018217) auipc   tp, 0x18
core   0: 3 0x800097b0 (0x00018217) x 4 0x800217b0
core   0: 0x800097b4 (0xd7d20213) addi    tp, tp, -643
core   0: 3 0x800097b4 (0xd7d20213) x 4 0x8002152d
core   0: 0x800097b8 (0xa8273893) sltiu   a7, a4, -1406
core   0: 3 0x800097b8 (0xa8273893) x17 0x00000001
core   0: 0x800097bc (0xb571ed93) ori     s11, gp, -1193
core   0: 3 0x800097bc (0xb571ed93) x27 0xfffffb57
core   0: 0x800097c0 (0x418bdd13) srai    s10, s7, 24
core   0: 3 0x800097c0 (0x418bdd13) x26 0xffffffe5
core   0: 0x800097c4 (0x406b8933) sub     s2, s7, t1
core   0: 3 0x800097c4 (0x406b8933) x18 0xe5000001
core   0: 0x800097c8 (0x3b382d13) slti    s10, a6, 947
core   0: 3 0x800097c8 (0x3b382d13) x26 0x00000001
core   0: 0x800097cc (0x01f2dbb3) srl     s7, t0, t6
core   0: 3 0x800097cc (0x01f2dbb3) x23 0x00000000
core   0: 0x800097d0 (0x00f214a3) sh      a5, 9(tp)
core   0: 3 0x800097d0 (0x00f214a3) mem 0x80021536 0xffe4
core   0: 0x800097d4 (0xfe624d03) lbu     s10, -26(tp)
core   0: 3 0x800097d4 (0xfe624d03) x26 0x00000024 mem 0x80021513
core   0: 0x800097d8 (0x00b21e83) lh      t4, 11(tp)
core   0: 3 0x800097d8 (0x00b21e83) x29 0x00000e61 mem 0x80021538
core   0: 0x800097dc (0xfdc20c83) lb      s9, -36(tp)
core   0: 3 0x800097dc (0xfdc20c83) x25 0xffffff8e mem 0x80021509
core   0: 0x800097e0 (0xfc024083) lbu     ra, -64(tp)
core   0: 3 0x800097e0 (0xfc024083) x 1 0x000000d4 mem 0x800214ed
core   0: 0x800097e4 (0x014940b3) xor     ra, s2, s4
core   0: 3 0x800097e4 (0x014940b3) x 1 0xe5000001
core   0: 0x800097e8 (0x00000013) nop
core   0: 3 0x800097e8 (0x00000013)
core   0: 0x800097ec (0x03d20923) sb      t4, 50(tp)
core   0: 3 0x800097ec (0x03d20923) mem 0x8002155f 0x61
core   0: 0x800097f0 (0xff720923) sb      s7, -14(tp)
core   0: 3 0x800097f0 (0xff720923) mem 0x8002151f 0x0
core   0: 0x800097f4 (0x02420d83) lb      s11, 36(tp)
core   0: 3 0x800097f4 (0x02420d83) x27 0xffffffec mem 0x80021551
core   0: 0x800097f8 (0xbcbae093) ori     ra, s5, -1077
core   0: 3 0x800097f8 (0xbcbae093) x 1 0xfffffbcb
core   0: 0x800097fc (0x0ff0000f) fence   iorw,iorw
core   0: 3 0x800097fc (0x0ff0000f)
core   0: 0x80009800 (0x01371a13) slli    s4, a4, 19
core   0: 3 0x80009800 (0x01371a13) x20 0x56e80000
core   0: 0x80009804 (0xffb22703) lw      a4, -5(tp)
core   0: 3 0x80009804 (0xffb22703) x14 0x1eefe12b mem 0x80021528
core   0: 0x80009808 (0x00115a33) srl     s4, sp, ra
core   0: 3 0x80009808 (0x00115a33) x20 0x00100055
core   0: 0x8000980c (0x23202e13) slti    t3, zero, 562
core   0: 3 0x8000980c (0x23202e13) x28 0x00000001
core   0: 0x80009810 (0x02620d83) lb      s11, 38(tp)
core   0: 3 0x80009810 (0x02620d83) x27 0x00000023 mem 0x80021553
core   0: 0x80009814 (0x0ff0000f) fence   iorw,iorw
core   0: 3 0x80009814 (0x0ff0000f)
core   0: 0x80009818 (0x0a984393) xori    t2, a6, 169
core   0: 3 0x80009818 (0x0a984393) x 7 0x000000a9
core   0: 0x8000981c (0xfda20d83) lb      s11, -38(tp)
core   0: 3 0x8000981c (0xfda20d83) x27 0x00000031 mem 0x80021507
core   0: 0x80009820 (0x41495613) srai    a2, s2, 20
core   0: 3 0x80009820 (0x41495613) x12 0xfffffe50
core   0: 0x80009824 (0xb3d5ba13) sltiu   s4, a1, -1219
core   0: 3 0x80009824 (0xb3d5ba13) x20 0x00000001
core   0: 0x80009828 (0xfd420fa3) sb      s4, -33(tp)
core   0: 3 0x80009828 (0xfd420fa3) mem 0x8002150c 0x1
core   0: 0x8000982c (0x02520723) sb      t0, 46(tp)
core   0: 3 0x8000982c (0x02520723) mem 0x8002155b 0x13
core   0: 0x80009830 (0x0000ca17) auipc   s4, 0xc
core   0: 3 0x80009830 (0x0000ca17) x20 0x80015830
core   0: 0x80009834 (0x878a0a13) addi    s4, s4, -1928
core   0: 3 0x80009834 (0x878a0a13) x20 0x800150a8
core   0: 0x80009838 (0xfe8a0923) sb      s0, -14(s4)
core   0: 3 0x80009838 (0xfe8a0923) mem 0x8001509a 0xe0
core   0: 0x8000983c (0x00018e17) auipc   t3, 0x18
core   0: 3 0x8000983c (0x00018e17) x28 0x8002183c
core   0: 0x80009840 (0xcdee0e13) addi    t3, t3, -802
core   0: 3 0x80009840 (0xcdee0e13) x28 0x8002151a
core   0: 0x80009844 (0xffee0d23) sb      t5, -6(t3)
core   0: 3 0x80009844 (0xffee0d23) mem 0x80021514 0x8d
core   0: 0x80009848 (0x005a0903) lb      s2, 5(s4)
core   0: 3 0x80009848 (0x005a0903) x18 0x00000003 mem 0x800150ad
core   0: 0x8000984c (0x006a1223) sh      t1, 4(s4)
core   0: 3 0x8000984c (0x006a1223) mem 0x800150ac 0xffff
core   0: 0x80009850 (0x009a4503) lbu     a0, 9(s4)
core   0: 3 0x80009850 (0x009a4503) x10 0x000000be mem 0x800150b1
core   0: 0x80009854 (0xff3a0c03) lb      s8, -13(s4)
core   0: 3 0x80009854 (0xff3a0c03) x24 0xfffffff0 mem 0x8001509b
core   0: 0x80009858 (0x009e4f03) lbu     t5, 9(t3)
core   0: 3 0x80009858 (0x009e4f03) x30 0x00000003 mem 0x80021523
core   0: 0x8000985c (0x004e0083) lb      ra, 4(t3)
core   0: 3 0x8000985c (0x004e0083) x 1 0x00000019 mem 0x8002151e
core   0: 0x80009860 (0x007e0083) lb      ra, 7(t3)
core   0: 3 0x80009860 (0x007e0083) x 1 0xffffffd2 mem 0x80021521
core   0: 0x80009864 (0xff2e5903) lhu     s2, -14(t3)
core   0: 3 0x80009864 (0xff2e5903) x18 0x00003b01 mem 0x8002150c
core   0: 0x80009868 (0x010a0d83) lb      s11, 16(s4)
core   0: 3 0x80009868 (0x010a0d83) x27 0x00000025 mem 0x800150b8
core   0: 0x8000986c (0x00fe0b83) lb      s7, 15(t3)
core   0: 3 0x8000986c (0x00fe0b83) x23 0xffffffe1 mem 0x80021529
core   0: 0x80009870 (0xffde0b83) lb      s7, -3(t3)
core   0: 3 0x80009870 (0xffde0b83) x23 0x00000036 mem 0x80021517
core   0: 0x80009874 (0x008a1223) sh      s0, 4(s4)
core   0: 3 0x80009874 (0x008a1223) mem 0x800150ac 0xffe0
core   0: 0x80009878 (0xffae4803) lbu     a6, -6(t3)
core   0: 3 0x80009878 (0xffae4803) x16 0x0000008d mem 0x80021514
core   0: 0x8000987c (0x008a1803) lh      a6, 8(s4)
core   0: 3 0x8000987c (0x008a1803) x16 0xffffbee1 mem 0x800150b0
core   0: 0x80009880 (0x0000ff97) auipc   t6, 0xf
core   0: 3 0x80009880 (0x0000ff97) x31 0x80018880
core   0: 0x80009884 (0xe10f8f93) addi    t6, t6, -496
core   0: 3 0x80009884 (0xe10f8f93) x31 0x80018690
core   0: 0x80009888 (0x586f9203) lh      tp, 1414(t6)
core   0: 3 0x80009888 (0x586f9203) x 4 0x00000ca2 mem 0x80018c16
core   0: 0x8000988c (0x586fcc03) lbu     s8, 1414(t6)
core   0: 3 0x8000988c (0x586fcc03) x24 0x000000a2 mem 0x80018c16
core   0: 0x80009890 (0x849f87a3) sb      s1, -1969(t6)
core   0: 3 0x80009890 (0x849f87a3) mem 0x80017edf 0x68
core   0: 0x80009894 (0x849f87a3) sb      s1, -1969(t6)
core   0: 3 0x80009894 (0x849f87a3) mem 0x80017edf 0x68
core   0: 0x80009898 (0xae5f9123) sh      t0, -1310(t6)
core   0: 3 0x80009898 (0xae5f9123) mem 0x80018172 0x0013
core   0: 0x8000989c (0xae2fd803) lhu     a6, -1310(t6)
core   0: 3 0x8000989c (0xae2fd803) x16 0x00000013 mem 0x80018172
core   0: 0x800098a0 (0x0d0fae23) sw      a6, 220(t6)
core   0: 3 0x800098a0 (0x0d0fae23) mem 0x8001876c 0x00000013
core   0: 0x800098a4 (0x0c3f8e23) sb      gp, 220(t6)
core   0: 3 0x800098a4 (0x0c3f8e23) mem 0x8001876c 0x0
core   0: 0x800098a8 (0x0dcf9403) lh      s0, 220(t6)
core   0: 3 0x800098a8 (0x0dcf9403) x 8 0x00000000 mem 0x8001876c
core   0: 0x800098ac (0x0dcf9b83) lh      s7, 220(t6)
core   0: 3 0x800098ac (0x0dcf9b83) x23 0x00000000 mem 0x8001876c
core   0: 0x800098b0 (0x0dcfd503) lhu     a0, 220(t6)
core   0: 3 0x800098b0 (0x0dcfd503) x10 0x00000000 mem 0x8001876c
core   0: 0x800098b4 (0x0c6f8e23) sb      t1, 220(t6)
core   0: 3 0x800098b4 (0x0c6f8e23) mem 0x8001876c 0xff
core   0: 0x800098b8 (0x00125533) srl     a0, tp, ra
core   0: 3 0x800098b8 (0x00125533) x10 0x00000000
core   0: 0x800098bc (0x019e0ab3) add     s5, t3, s9
core   0: 3 0x800098bc (0x019e0ab3) x21 0x800214a8
core   0: 0x800098c0 (0x0cffae23) sw      a5, 220(t6)
core   0: 3 0x800098c0 (0x0cffae23) mem 0x8001876c 0xffffffe4
core   0: 0x800098c4 (0x0dcfa283) lw      t0, 220(t6)
core   0: 3 0x800098c4 (0x0dcfa283) x 5 0xffffffe4 mem 0x8001876c
core   0: 0x800098c8 (0x00019f97) auipc   t6, 0x19
core   0: 3 0x800098c8 (0x00019f97) x31 0x800228c8
core   0: 0x800098cc (0x40af8f93) addi    t6, t6, 1034
core   0: 3 0x800098cc (0x40af8f93) x31 0x80022cd2
core   0: 0x800098d0 (0x00efab83) lw      s7, 14(t6)
core   0: 3 0x800098d0 (0x00efab83) x23 0xc3fa3876 mem 0x80022ce0
core   0: 0x800098d4 (0x025fa323) sw      t0, 38(t6)
core   0: 3 0x800098d4 (0x025fa323) mem 0x80022cf8 0xffffffe4
core   0: 0x800098d8 (0x026f9383) lh      t2, 38(t6)
core   0: 3 0x800098d8 (0x026f9383) x 7 0xffffffe4 mem 0x80022cf8
core   0: 0x800098dc (0x00ce98b3) sll     a7, t4, a2
core   0: 3 0x800098dc (0x00ce98b3) x17 0x0e610000
core   0: 0x800098e0 (0x0175e233) or      tp, a1, s7
core   0: 3 0x800098e0 (0x0175e233) x 4 0xc3fafcf6
core   0: 0x800098e4 (0x00480533) add     a0, a6, tp
core   0: 3 0x800098e4 (0x00480533) x10 0xc3fafd09
core   0: 0x800098e8 (0x015f8a83) lb      s5, 21(t6)
core   0: 3 0x800098e8 (0x015f8a83) x21 0x00000070 mem 0x80022ce7
core   0: 0x800098ec (0xff6f9a83) lh      s5, -10(t6)
core   0: 3 0x800098ec (0xff6f9a83) x21 0xffff966a mem 0x80022cc8
core   0: 0x800098f0 (0xfe1f8203) lb      tp, -31(t6)
core   0: 3 0x800098f0 (0xfe1f8203) x 4 0x00000023 mem 0x80022cb3
core   0: 0x800098f4 (0xd36ac913) xori    s2, s5, -714
core   0: 3 0x800098f4 (0xd36ac913) x18 0x00006b5c
core   0: 0x800098f8 (0x4cbaec13) ori     s8, s5, 1227
core   0: 3 0x800098f8 (0x4cbaec13) x24 0xffff96eb
core   0: 0x800098fc (0x03ef9f23) sh      t5, 62(t6)
core   0: 3 0x800098fc (0x03ef9f23) mem 0x80022d10 0x0003
core   0: 0x80009900 (0x28bb7c37) lui     s8, 0x28bb7
core   0: 3 0x80009900 (0x28bb7c37) x24 0x28bb7000
core   0: 0x80009904 (0x0ff0000f) fence   iorw,iorw
core   0: 3 0x80009904 (0x0ff0000f)
core   0: 0x80009908 (0xfe1fc183) lbu     gp, -31(t6)
core   0: 3 0x80009908 (0xfe1fc183) x 3 0x00000023 mem 0x80022cb3
core   0: 0x8000990c (0xfe5f80a3) sb      t0, -31(t6)
core   0: 3 0x8000990c (0xfe5f80a3) mem 0x80022cb3 0xe4
core   0: 0x80009910 (0xfe3fa523) sw      gp, -22(t6)
core   0: 3 0x80009910 (0xfe3fa523) mem 0x80022cbc 0x00000023
core   0: 0x80009914 (0x021fc403) lbu     s0, 33(t6)
core   0: 3 0x80009914 (0x021fc403) x 8 0x0000009c mem 0x80022cf3
core   0: 0x80009918 (0x00013d97) auipc   s11, 0x13
core   0: 3 0x80009918 (0x00013d97) x27 0x8001c918
core   0: 0x8000991c (0x712d8d93) addi    s11, s11, 1810
core   0: 3 0x8000991c (0x712d8d93) x27 0x8001d02a
core   0: 0x80009920 (0x0d9dc803) lbu     a6, 217(s11)
core   0: 3 0x80009920 (0x0d9dc803) x16 0x0000009e mem 0x8001d103
core   0: 0x80009924 (0x0c4d8ca3) sb      tp, 217(s11)
core   0: 3 0x80009924 (0x0c4d8ca3) mem 0x8001d103 0x23
core   0: 0x80009928 (0x0ddd8ca3) sb      t4, 217(s11)
core   0: 3 0x80009928 (0x0ddd8ca3) mem 0x8001d103 0x61
core   0: 0x8000992c (0x0000100f) fence.i
core   0: 3 0x8000992c (0x0000100f)
core   0: 0x80009930 (0x0c0d8ca3) sb      zero, 217(s11)
core   0: 3 0x80009930 (0x0c0d8ca3) mem 0x8001d103 0x0
core   0: 0x80009934 (0x0c8d8ca3) sb      s0, 217(s11)
core   0: 3 0x80009934 (0x0c8d8ca3) mem 0x8001d103 0x9c
core   0: 0x80009938 (0xfe7dcf03) lbu     t5, -25(s11)
core   0: 3 0x80009938 (0xfe7dcf03) x30 0x00000072 mem 0x8001d011
core   0: 0x8000993c (0x06fdc883) lbu     a7, 111(s11)
core   0: 3 0x8000993c (0x06fdc883) x17 0x00000023 mem 0x8001d099
core   0: 0x80009940 (0x06fdc703) lbu     a4, 111(s11)
core   0: 3 0x80009940 (0x06fdc703) x14 0x00000023 mem 0x8001d099
core   0: 0x80009944 (0x06fd8083) lb      ra, 111(s11)
core   0: 3 0x80009944 (0x06fd8083) x 1 0x00000023 mem 0x8001d099
core   0: 0x80009948 (0x06fd8383) lb      t2, 111(s11)
core   0: 3 0x80009948 (0x06fd8383) x 7 0x00000023 mem 0x8001d099
core   0: 0x8000994c (0x06fdcf83) lbu     t6, 111(s11)
core   0: 3 0x8000994c (0x06fdcf83) x31 0x00000023 mem 0x8001d099
core   0: 0x80009950 (0x2229b293) sltiu   t0, s3, 546
core   0: 3 0x80009950 (0x2229b293) x 5 0x00000000
core   0: 0x80009954 (0x0134f3b3) and     t2, s1, s3
core   0: 3 0x80009954 (0x0134f3b3) x 7 0x80015d68
core   0: 0x80009958 (0x01069e13) slli    t3, a3, 16
core   0: 3 0x80009958 (0x01069e13) x28 0x00730000
core   0: 0x8000995c (0x06fdcc03) lbu     s8, 111(s11)
core   0: 3 0x8000995c (0x06fdcc03) x24 0x00000023 mem 0x8001d099
core   0: 0x80009960 (0x06fdc983) lbu     s3, 111(s11)
core   0: 3 0x80009960 (0x06fdc983) x19 0x00000023 mem 0x8001d099
core   0: 0x80009964 (0x06fdcb83) lbu     s7, 111(s11)
core   0: 3 0x80009964 (0x06fdcb83) x23 0x00000023 mem 0x8001d099
core   0: 0x80009968 (0x4115df33) sra     t5, a1, a7
core   0: 3 0x80009968 (0x4115df33) x30 0xf0005d9c
core   0: 0x8000996c (0x06fdcc03) lbu     s8, 111(s11)
core   0: 3 0x8000996c (0x06fdcc03) x24 0x00000023 mem 0x8001d099
core   0: 0x80009970 (0x00012497) auipc   s1, 0x12
core   0: 3 0x80009970 (0x00012497) x 9 0x8001b970
core   0: 0x80009974 (0x59048493) addi    s1, s1, 1424
core   0: 3 0x80009974 (0x59048493) x 9 0x8001bf00
core   0: 0x80009978 (0x08c48b83) lb      s7, 140(s1)
core   0: 3 0x80009978 (0x08c48b83) x23 0x00000070 mem 0x8001bf8c
core   0: 0x8000997c (0x1f848c83) lb      s9, 504(s1)
core   0: 3 0x8000997c (0x1f848c83) x25 0x00000012 mem 0x8001c0f8
core   0: 0x80009980 (0x0000c417) auipc   s0, 0xc
core   0: 3 0x80009980 (0x0000c417) x 8 0x80015980
core   0: 0x80009984 (0x9c940413) addi    s0, s0, -1591
core   0: 3 0x80009984 (0x9c940413) x 8 0x80015349
core   0: 0x80009988 (0xf6344303) lbu     t1, -157(s0)
core   0: 3 0x80009988 (0xf6344303) x 6 0x000000fb mem 0x800152ac
core   0: 0x8000998c (0x09848123) sb      s8, 130(s1)
core   0: 3 0x8000998c (0x09848123) mem 0x8001bf82 0x23
core   0: 0x80009990 (0x3b6423a3) sw      s6, 935(s0)
core   0: 3 0x80009990 (0x3b6423a3) mem 0x800156f0 0xfe61bb5c
core   0: 0x80009994 (0x21748883) lb      a7, 535(s1)
core   0: 3 0x80009994 (0x21748883) x17 0xffffff86 mem 0x8001c117
core   0: 0x80009998 (0x3cf40523) sb      a5, 970(s0)
core   0: 3 0x80009998 (0x3cf40523) mem 0x80015713 0xe4
core   0: 0x8000999c (0xd5840203) lb      tp, -680(s0)
core   0: 3 0x8000999c (0xd5840203) x 4 0x00000077 mem 0x800150a1
core   0: 0x800099a0 (0xde342003) lw      zero, -541(s0)
core   0: 3 0x800099a0 (0xde342003) mem 0x8001512c
core   0: 0x800099a4 (0xc3648803) lb      a6, -970(s1)
core   0: 3 0x800099a4 (0xc3648803) x16 0x0000000a mem 0x8001bb36
core   0: 0x800099a8 (0x7b0483a3) sb      a6, 1959(s1)
core   0: 3 0x800099a8 (0x7b0483a3) mem 0x8001c6a7 0xa
core   0: 0x800099ac (0x67348003) lb      zero, 1651(s1)
core   0: 3 0x800099ac (0x67348003) mem 0x8001c573
core   0: 0x800099b0 (0xef440a03) lb      s4, -268(s0)
core   0: 3 0x800099b0 (0xef440a03) x20 0xffffff84 mem 0x8001523d
core   0: 0x800099b4 (0xd2848903) lb      s2, -728(s1)
core   0: 3 0x800099b4 (0xd2848903) x18 0x0000005e mem 0x8001bc28
core   0: 0x800099b8 (0x49f4c283) lbu     t0, 1183(s1)
core   0: 3 0x800099b8 (0x49f4c283) x 5 0x0000005a mem 0x8001c39f
core   0: 0x800099bc (0xfdb41903) lh      s2, -37(s0)
core   0: 3 0x800099bc (0xfdb41903) x18 0x00007d9f mem 0x80015324
core   0: 0x800099c0 (0xdfb44303) lbu     t1, -517(s0)
core   0: 3 0x800099c0 (0xdfb44303) x 6 0x000000c3 mem 0x80015144
core   0: 0x800099c4 (0xea849a03) lh      s4, -344(s1)
core   0: 3 0x800099c4 (0xea849a03) x20 0xffff904f mem 0x8001bda8
core   0: 0x800099c8 (0x0000c417) auipc   s0, 0xc
core   0: 3 0x800099c8 (0x0000c417) x 8 0x800159c8
core   0: 0x800099cc (0xff640413) addi    s0, s0, -10
core   0: 3 0x800099cc (0xff640413) x 8 0x800159be
core   0: 0x800099d0 (0x41a55093) srai    ra, a0, 26
core   0: 3 0x800099d0 (0x41a55093) x 1 0xfffffff0
core   0: 0x800099d4 (0xffc42523) sw      t3, -22(s0)
core   0: 3 0x800099d4 (0xffc42523) mem 0x800159a8 0x00730000
core   0: 0x800099d8 (0xfd540283) lb      t0, -43(s0)
core   0: 3 0x800099d8 (0xfd540283) x 5 0xffffff89 mem 0x80015993
core   0: 0x800099dc (0xfd540183) lb      gp, -43(s0)
core   0: 3 0x800099dc (0xfd540183) x 3 0xffffff89 mem 0x80015993
core   0: 0x800099e0 (0x03f403a3) sb      t6, 39(s0)
core   0: 3 0x800099e0 (0x03f403a3) mem 0x800159e5 0x23
core   0: 0x800099e4 (0x02740383) lb      t2, 39(s0)
core   0: 3 0x800099e4 (0x02740383) x 7 0x00000023 mem 0x800159e5
core   0: 0x800099e8 (0x00540703) lb      a4, 5(s0)
core   0: 3 0x800099e8 (0x00540703) x14 0x00000000 mem 0x800159c3
core   0: 0x800099ec (0x00a402a3) sb      a0, 5(s0)
core   0: 3 0x800099ec (0x00a402a3) mem 0x800159c3 0x9
core   0: 0x800099f0 (0x0ff0000f) fence   iorw,iorw
core   0: 3 0x800099f0 (0x0ff0000f)
core   0: 0x800099f4 (0x00544f03) lbu     t5, 5(s0)
core   0: 3 0x800099f4 (0x00544f03) x30 0x00000009 mem 0x800159c3
core   0: 0x800099f8 (0x8a119337) lui     t1, 0x8a119
core   0: 3 0x800099f8 (0x8a119337) x 6 0x8a119000
core   0: 0x800099fc (0xfdd40aa3) sb      t4, -43(s0)
core   0: 3 0x800099fc (0xfdd40aa3) mem 0x80015993 0x61
core   0: 0x80009a00 (0x00a2bd33) sltu    s10, t0, a0
core   0: 3 0x80009a00 (0x00a2bd33) x26 0x00000000
core   0: 0x80009a04 (0x00442d23) sw      tp, 26(s0)
core   0: 3 0x80009a04 (0x00442d23) mem 0x800159d8 0x00000077
core   0: 0x80009a08 (0x00000013) nop
core   0: 3 0x80009a08 (0x00000013)
core   0: 0x80009a0c (0x01842d23) sw      s8, 26(s0)
core   0: 3 0x80009a0c (0x01842d23) mem 0x800159d8 0x00000023
core   0: 0x80009a10 (0xfdc40ea3) sb      t3, -35(s0)
core   0: 3 0x80009a10 (0xfdc40ea3) mem 0x8001599b 0x0
core   0: 0x80009a14 (0x01e42903) lw      s2, 30(s0)
core   0: 3 0x80009a14 (0x01e42903) x18 0xae6d5c3c mem 0x800159dc
core   0: 0x80009a18 (0x01d40b83) lb      s7, 29(s0)
core   0: 3 0x80009a18 (0x01d40b83) x23 0x00000000 mem 0x800159db
core   0: 0x80009a1c (0x00000013) nop
core   0: 3 0x80009a1c (0x00000013)
core   0: 0x80009a20 (0x00840ea3) sb      s0, 29(s0)
core   0: 3 0x80009a20 (0x00840ea3) mem 0x800159db 0xbe
core   0: 0x80009a24 (0x0000c717) auipc   a4, 0xc
core   0: 3 0x80009a24 (0x0000c717) x14 0x80015a24
core   0: 0x80009a28 (0xb9270713) addi    a4, a4, -1134
core   0: 3 0x80009a28 (0xb9270713) x14 0x800155b6
core   0: 0x80009a2c (0x02971423) sh      s1, 40(a4)
core   0: 3 0x80009a2c (0x02971423) mem 0x800155de 0xbf00
core   0: 0x80009a30 (0x67d8fe93) andi    t4, a7, 1661
core   0: 3 0x80009a30 (0x67d8fe93) x29 0x00000604
core   0: 0x80009a34 (0x02870c03) lb      s8, 40(a4)
core   0: 3 0x80009a34 (0x02870c03) x24 0x00000000 mem 0x800155de
core   0: 0x80009a38 (0x03971423) sh      s9, 40(a4)
core   0: 3 0x80009a38 (0x03971423) mem 0x800155de 0x0012
core   0: 0x80009a3c (0x5b85f913) andi    s2, a1, 1464
core   0: 3 0x80009a3c (0x5b85f913) x18 0x000004a0
core   0: 0x80009a40 (0x02875c83) lhu     s9, 40(a4)
core   0: 3 0x80009a40 (0x02875c83) x25 0x00000012 mem 0x800155de
core   0: 0x80009a44 (0x03c71183) lh      gp, 60(a4)
core   0: 3 0x80009a44 (0x03c71183) x 3 0x0000361a mem 0x800155f2
core   0: 0x80009a48 (0x0000100f) fence.i
core   0: 3 0x80009a48 (0x0000100f)
core   0: 0x80009a4c (0x0154f4b3) and     s1, s1, s5
core   0: 3 0x80009a4c (0x0154f4b3) x 9 0x80019600
core   0: 0x80009a50 (0x03c74d83) lbu     s11, 60(a4)
core   0: 3 0x80009a50 (0x03c74d83) x27 0x0000001a mem 0x800155f2
core   0: 0x80009a54 (0x03170e23) sb      a7, 60(a4)
core   0: 3 0x80009a54 (0x03170e23) mem 0x800155f2 0x86
core   0: 0x80009a58 (0x03c75903) lhu     s2, 60(a4)
core   0: 3 0x80009a58 (0x03c75903) x18 0x00003686 mem 0x800155f2
core   0: 0x80009a5c (0x03271183) lh      gp, 50(a4)
core   0: 3 0x80009a5c (0x03271183) x 3 0x0000473b mem 0x800155e8
core   0: 0x80009a60 (0x03275283) lhu     t0, 50(a4)
core   0: 3 0x80009a60 (0x03275283) x 5 0x0000473b mem 0x800155e8
core   0: 0x80009a64 (0x03270503) lb      a0, 50(a4)
core   0: 3 0x80009a64 (0x03270503) x10 0x0000003b mem 0x800155e8
core   0: 0x80009a68 (0x8e6dd4b7) lui     s1, 0x8e6dd
core   0: 3 0x80009a68 (0x8e6dd4b7) x 9 0x8e6dd000
core   0: 0x80009a6c (0x409f03b3) sub     t2, t5, s1
core   0: 3 0x80009a6c (0x409f03b3) x 7 0x71923009
core   0: 0x80009a70 (0xfe670ba3) sb      t1, -9(a4)
core   0: 3 0x80009a70 (0xfe670ba3) mem 0x800155ad 0x0
core   0: 0x80009a74 (0xfcb70d03) lb      s10, -53(a4)
core   0: 3 0x80009a74 (0xfcb70d03) x26 0x00000071 mem 0x80015581
core   0: 0x80009a78 (0x0000c517) auipc   a0, 0xc
core   0: 3 0x80009a78 (0x0000c517) x10 0x80015a78
core   0: 0x80009a7c (0x2ef50513) addi    a0, a0, 751
core   0: 3 0x80009a7c (0x2ef50513) x10 0x80015d67
core   0: 0x80009a80 (0x81651ba3) sh      s6, -2025(a0)
core   0: 3 0x80009a80 (0x81651ba3) mem 0x8001557e 0xbb5c
core   0: 0x80009a84 (0x98752ea3) sw      t2, -1635(a0)
core   0: 3 0x80009a84 (0x98752ea3) mem 0x80015704 0x71923009
core   0: 0x80009a88 (0x0ff0000f) fence   iorw,iorw
core   0: 3 0x80009a88 (0x0ff0000f)
core   0: 0x80009a8c (0x014b17b3) sll     a5, s6, s4
core   0: 3 0x80009a8c (0x014b17b3) x15 0xddae0000
core   0: 0x80009a90 (0x291515a3) sh      a7, 651(a0)
core   0: 3 0x80009a90 (0x291515a3) mem 0x80015ff2 0xff86
core   0: 0x80009a94 (0xfa450383) lb      t2, -92(a0)
core   0: 3 0x80009a94 (0xfa450383) x 7 0xffffffb7 mem 0x80015d0b
core   0: 0x80009a98 (0x00e11413) slli    s0, sp, 14
core   0: 3 0x80009a98 (0x00e11413) x 8 0xab990000
core   0: 0x80009a9c (0x01d28033) add     zero, t0, t4
core   0: 3 0x80009a9c (0x01d28033)
core   0: 0x80009aa0 (0xe3e50523) sb      t5, -470(a0)
core   0: 3 0x80009aa0 (0xe3e50523) mem 0x80015b91 0x9
core   0: 0x80009aa4 (0x02d94f93) xori    t6, s2, 45
core   0: 3 0x80009aa4 (0x02d94f93) x31 0x000036ab
core   0: 0x80009aa8 (0x2ab51203) lh      tp, 683(a0)
core   0: 3 0x80009aa8 (0x2ab51203) x 4 0xffff84bc mem 0x80016012
core   0: 0x80009aac (0x40b3d493) srai    s1, t2, 11
core   0: 3 0x80009aac (0x40b3d493) x 9 0xffffffff
core   0: 0x80009ab0 (0x0147bd33) sltu    s10, a5, s4
core   0: 3 0x80009ab0 (0x0147bd33) x26 0x00000001
core   0: 0x80009ab4 (0x8303ec93) ori     s9, t2, -2000
core   0: 3 0x80009ab4 (0x8303ec93) x25 0xffffffb7
core   0: 0x80009ab8 (0xabf50323) sb      t6, -1370(a0)
core   0: 3 0x80009ab8 (0xabf50323) mem 0x8001580d 0xab
core   0: 0x80009abc (0xa5d519a3) sh      t4, -1453(a0)
core   0: 3 0x80009abc (0xa5d519a3) mem 0x800157ba 0x0604
core   0: 0x80009ac0 (0x01857f33) and     t5, a0, s8
core   0: 3 0x80009ac0 (0x01857f33) x30 0x00000000
core   0: 0x80009ac4 (0x0000100f) fence.i
core   0: 3 0x80009ac4 (0x0000100f)
core   0: 0x80009ac8 (0x90f7c613) xori    a2, a5, -1777
core   0: 3 0x80009ac8 (0x90f7c613) x12 0x2251f90f
core   0: 0x80009acc (0xfdd524a3) sw      t4, -55(a0)
core   0: 3 0x80009acc (0xfdd524a3) mem 0x80015d30 0x00000604
core   0: 0x80009ad0 (0x00000013) nop
core   0: 3 0x80009ad0 (0x00000013)
core   0: 0x80009ad4 (0x01c3fa33) and     s4, t2, t3
core   0: 3 0x80009ad4 (0x01c3fa33) x20 0x00730000
core   0: 0x80009ad8 (0xd3750e23) sb      s7, -708(a0)
core   0: 3 0x80009ad8 (0xd3750e23) mem 0x80015aa3 0x0
core   0: 0x80009adc (0xeae50383) lb      t2, -338(a0)
core   0: 3 0x80009adc (0xeae50383) x 7 0xffffffbe mem 0x80015c15
core   0: 0x80009ae0 (0x0010de13) srli    t3, ra, 1
core   0: 3 0x80009ae0 (0x0010de13) x28 0x7ffffff8
core   0: 0x80009ae4 (0x010237b3) sltu    a5, tp, a6
core   0: 3 0x80009ae4 (0x010237b3) x15 0x00000000
core   0: 0x80009ae8 (0xc5650603) lb      a2, -938(a0)
core   0: 3 0x80009ae8 (0xc5650603) x12 0xffffff85 mem 0x800159bd
core   0: 0x80009aec (0xfd7514a3) sh      s7, -55(a0)
core   0: 3 0x80009aec (0xfd7514a3) mem 0x80015d30 0x0000
core   0: 0x80009af0 (0xc4854303) lbu     t1, -952(a0)
core   0: 3 0x80009af0 (0xc4854303) x 6 0x00000081 mem 0x800159af
core   0: 0x80009af4 (0xfb950023) sb      s9, -96(a0)
core   0: 3 0x80009af4 (0xfb950023) mem 0x80015d07 0xb7
core   0: 0x80009af8 (0x0000c697) auipc   a3, 0xc
core   0: 3 0x80009af8 (0x0000c697) x13 0x80015af8
core   0: 0x80009afc (0xfc068693) addi    a3, a3, -64
core   0: 3 0x80009afc (0xfc068693) x13 0x80015ab8
core   0: 0x80009b00 (0x2fa6dc83) lhu     s9, 762(a3)
core   0: 3 0x80009b00 (0x2fa6dc83) x25 0x00007f45 mem 0x80015db2
core   0: 0x80009b04 (0x2e468d23) sb      tp, 762(a3)
core   0: 3 0x80009b04 (0x2e468d23) mem 0x80015db2 0xbc
core   0: 0x80009b08 (0x5001d217) auipc   tp, 0x5001d
core   0: 3 0x80009b08 (0x5001d217) x 4 0xd0026b08
core   0: 0x80009b0c (0x2f768d23) sb      s7, 762(a3)
core   0: 3 0x80009b0c (0x2f768d23) mem 0x80015db2 0x0
core   0: 0x80009b10 (0x2fa69903) lh      s2, 762(a3)
core   0: 3 0x80009b10 (0x2fa69903) x18 0x00007f00 mem 0x80015db2
core   0: 0x80009b14 (0x2fa69503) lh      a0, 762(a3)
core   0: 3 0x80009b14 (0x2fa69503) x10 0x00007f00 mem 0x80015db2
core   0: 0x80009b18 (0x2fa68703) lb      a4, 762(a3)
core   0: 3 0x80009b18 (0x2fa68703) x14 0x00000000 mem 0x80015db2
core   0: 0x80009b1c (0x2fa6c803) lbu     a6, 762(a3)
core   0: 3 0x80009b1c (0x2fa6c803) x16 0x00000000 mem 0x80015db2
core   0: 0x80009b20 (0xbca68003) lb      zero, -1078(a3)
core   0: 3 0x80009b20 (0xbca68003) mem 0x80015682
core   0: 0x80009b24 (0xbca69803) lh      a6, -1078(a3)
core   0: 3 0x80009b24 (0xbca69803) x16 0x00005487 mem 0x80015682
core   0: 0x80009b28 (0xbd269523) sh      s2, -1078(a3)
core   0: 3 0x80009b28 (0xbd269523) mem 0x80015682 0x7f00
core   0: 0x80009b2c (0x01a6e1b3) or      gp, a3, s10
core   0: 3 0x80009b2c (0x01a6e1b3) x 3 0x80015ab9
core   0: 0x80009b30 (0xbca6d603) lhu     a2, -1078(a3)
core   0: 3 0x80009b30 (0xbca6d603) x12 0x00007f00 mem 0x80015682
core   0: 0x80009b34 (0xbca69b83) lh      s7, -1078(a3)
core   0: 3 0x80009b34 (0xbca69b83) x23 0x00007f00 mem 0x80015682
core   0: 0x80009b38 (0xbca68603) lb      a2, -1078(a3)
core   0: 3 0x80009b38 (0xbca68603) x12 0x00000000 mem 0x80015682
core   0: 0x80009b3c (0x00010d17) auipc   s10, 0x10
core   0: 3 0x80009b3c (0x00010d17) x26 0x80019b3c
core   0: 0x80009b40 (0x9fdd0d13) addi    s10, s10, -1539
core   0: 3 0x80009b40 (0x9fdd0d13) x26 0x80019539
core   0: 0x80009b44 (0x4ec93e13) sltiu   t3, s2, 1260
core   0: 3 0x80009b44 (0x4ec93e13) x28 0x00000000
core   0: 0x80009b48 (0x0c1d12a3) sh      ra, 197(s10)
core   0: 3 0x80009b48 (0x0c1d12a3) mem 0x800195fe 0xfff0
core   0: 0x80009b4c (0x0c5d1803) lh      a6, 197(s10)
core   0: 3 0x80009b4c (0x0c5d1803) x16 0xfffffff0 mem 0x800195fe
core   0: 0x80009b50 (0xa388a913) slti    s2, a7, -1480
core   0: 3 0x80009b50 (0xa388a913) x18 0x00000000
core   0: 0x80009b54 (0x0c5d0a03) lb      s4, 197(s10)
core   0: 3 0x80009b54 (0x0c5d0a03) x20 0xfffffff0 mem 0x800195fe
core   0: 0x80009b58 (0x26b5e313) ori     t1, a1, 619
core   0: 3 0x80009b58 (0x26b5e313) x 6 0x8002eeef
core   0: 0x80009b5c (0x0c5d4a03) lbu     s4, 197(s10)
core   0: 3 0x80009b5c (0x0c5d4a03) x20 0x000000f0 mem 0x800195fe
core   0: 0x80009b60 (0x005644b3) xor     s1, a2, t0
core   0: 3 0x80009b60 (0x005644b3) x 9 0x0000473b
core   0: 0x80009b64 (0x40098433) sub     s0, s3, zero
core   0: 3 0x80009b64 (0x40098433) x 8 0x00000023
core   0: 0x80009b68 (0xba8d14a3) sh      s0, -1111(s10)
core   0: 3 0x80009b68 (0xba8d14a3) mem 0x800190e2 0x0023
core   0: 0x80009b6c (0xa4fd2183) lw      gp, -1457(s10)
core   0: 3 0x80009b6c (0xa4fd2183) x 3 0xf1d4a93c mem 0x80018f88
core   0: 0x80009b70 (0xa4fd0303) lb      t1, -1457(s10)
core   0: 3 0x80009b70 (0xa4fd0303) x 6 0x0000003c mem 0x80018f88
core   0: 0x80009b74 (0xa4fd0683) lb      a3, -1457(s10)
core   0: 3 0x80009b74 (0xa4fd0683) x13 0x0000003c mem 0x80018f88
core   0: 0x80009b78 (0xb67c7a37) lui     s4, 0xb67c7
core   0: 3 0x80009b78 (0xb67c7a37) x20 0xb67c7000
core   0: 0x80009b7c (0x40c6d0b3) sra     ra, a3, a2
core   0: 3 0x80009b7c (0x40c6d0b3) x 1 0x0000003c
core   0: 0x80009b80 (0xa4fd5603) lhu     a2, -1457(s10)
core   0: 3 0x80009b80 (0xa4fd5603) x12 0x0000a93c mem 0x80018f88
core   0: 0x80009b84 (0xa4fd4783) lbu     a5, -1457(s10)
core   0: 3 0x80009b84 (0xa4fd4783) x15 0x0000003c mem 0x80018f88
core   0: 0x80009b88 (0x0001b917) auipc   s2, 0x1b
core   0: 3 0x80009b88 (0x0001b917) x18 0x80024b88
core   0: 0x80009b8c (0xe0990913) addi    s2, s2, -503
core   0: 3 0x80009b8c (0xe0990913) x18 0x80024991
core   0: 0x80009b90 (0x62591003) lh      zero, 1573(s2)
core   0: 3 0x80009b90 (0x62591003) mem 0x80024fb6
core   0: 0x80009b94 (0x00180cb3) add     s9, a6, ra
core   0: 3 0x80009b94 (0x00180cb3) x25 0x0000002c
core   0: 0x80009b98 (0xe02917a3) sh      sp, -497(s2)
core   0: 3 0x80009b98 (0xe02917a3) mem 0x800247a0 0xae64
core   0: 0x80009b9c (0xf3191c03) lh      s8, -207(s2)
core   0: 3 0x80009b9c (0xf3191c03) x24 0xffffb994 mem 0x800248c2
core   0: 0x80009ba0 (0x85880317) auipc   t1, 0x85880
core   0: 3 0x80009ba0 (0x85880317) x 6 0x05889ba0
core   0: 0x80009ba4 (0x5f890023) sb      s8, 1504(s2)
core   0: 3 0x80009ba4 (0x5f890023) mem 0x80024f71 0x94
core   0: 0x80009ba8 (0x0ff0000f) fence   iorw,iorw
core   0: 3 0x80009ba8 (0x0ff0000f)
core   0: 0x80009bac (0x007ab1b3) sltu    gp, s5, t2
core   0: 3 0x80009bac (0x007ab1b3) x 3 0x00000001
core   0: 0x80009bb0 (0x24991d03) lh      s10, 585(s2)
core   0: 3 0x80009bb0 (0x24991d03) x26 0x00000ee2 mem 0x80024bda
core   0: 0x80009bb4 (0x01711a33) sll     s4, sp, s7
core   0: 3 0x80009bb4 (0x01711a33) x20 0x8002ae64
core   0: 0x80009bb8 (0xd6995983) lhu     s3, -663(s2)
core   0: 3 0x80009bb8 (0xd6995983) x19 0x0000e4b0 mem 0x800246fa
core   0: 0x80009bbc (0x0065f1b3) and     gp, a1, t1
core   0: 3 0x80009bbc (0x0065f1b3) x 3 0x000088a0
core   0: 0x80009bc0 (0x4174d633) sra     a2, s1, s7
core   0: 3 0x80009bc0 (0x4174d633) x12 0x0000473b
core   0: 0x80009bc4 (0xa3690983) lb      s3, -1482(s2)
core   0: 3 0x80009bc4 (0xa3690983) x19 0xffffffac mem 0x800243c7
core   0: 0x80009bc8 (0x7ac90b83) lb      s7, 1964(s2)
core   0: 3 0x80009bc8 (0x7ac90b83) x23 0xfffffffc mem 0x8002513d
core   0: 0x80009bcc (0x4cb91383) lh      t2, 1227(s2)
core   0: 3 0x80009bcc (0x4cb91383) x 7 0x00005d66 mem 0x80024e5c
core   0: 0x80009bd0 (0x0000100f) fence.i
core   0: 3 0x80009bd0 (0x0000100f)
core   0: 0x80009bd4 (0x00bed1b3) srl     gp, t4, a1
core   0: 3 0x80009bd4 (0x00bed1b3) x 3 0x00000060
core   0: 0x80009bd8 (0x012f2333) slt     t1, t5, s2
core   0: 3 0x80009bd8 (0x012f2333) x 6 0x00000000
core   0: 0x80009bdc (0x418cd513) srai    a0, s9, 24
core   0: 3 0x80009bdc (0x418cd513) x10 0x00000000
core   0: 0x80009be0 (0x657608b7) lui     a7, 0x65760
core   0: 3 0x80009be0 (0x657608b7) x17 0x65760000
core   0: 0x80009be4 (0x0ff0000f) fence   iorw,iorw
core   0: 3 0x80009be4 (0x0ff0000f)
core   0: 0x80009be8 (0x40d45033) sra     zero, s0, a3
core   0: 3 0x80009be8 (0x40d45033)
core   0: 0x80009bec (0x21a6ca93) xori    s5, a3, 538
core   0: 3 0x80009bec (0x21a6ca93) x21 0x00000226
core   0: 0x80009bf0 (0xb3e94e83) lbu     t4, -1218(s2)
core   0: 3 0x80009bf0 (0xb3e94e83) x29 0x000000de mem 0x800244cf
core   0: 0x80009bf4 (0x01b6cab3) xor     s5, a3, s11
core   0: 3 0x80009bf4 (0x01b6cab3) x21 0x00000026
core   0: 0x80009bf8 (0x40cb5413) srai    s0, s6, 12
core   0: 3 0x80009bf8 (0x40cb5413) x 8 0xffffe61b
core   0: 0x80009bfc (0x0000100f) fence.i
core   0: 3 0x80009bfc (0x0000100f)
core   0: 0x80009c00 (0x414ddd93) srai    s11, s11, 20
core   0: 3 0x80009c00 (0x414ddd93) x27 0x00000000
core   0: 0x80009c04 (0x014a0a33) add     s4, s4, s4
core   0: 3 0x80009c04 (0x014a0a33) x20 0x00055cc8
core   0: 0x80009c08 (0x00a0fa33) and     s4, ra, a0
core   0: 3 0x80009c08 (0x00a0fa33) x20 0x00000000
core   0: 0x80009c0c (0x07b91ba3) sh      s11, 119(s2)
core   0: 3 0x80009c0c (0x07b91ba3) mem 0x80024a08 0x0000
core   0: 0x80009c10 (0x00000013) nop
core   0: 3 0x80009c10 (0x00000013)
core   0: 0x80009c14 (0x3d195a03) lhu     s4, 977(s2)
core   0: 3 0x80009c14 (0x3d195a03) x20 0x0000e069 mem 0x80024d62
core   0: 0x80009c18 (0x20794803) lbu     a6, 519(s2)
core   0: 3 0x80009c18 (0x20794803) x16 0x0000003a mem 0x80024b98
core   0: 0x80009c1c (0xf0e905a3) sb      a4, -245(s2)
core   0: 3 0x80009c1c (0xf0e905a3) mem 0x8002489c 0x0
core   0: 0x80009c20 (0x619d5f17) auipc   t5, 0x619d5
core   0: 3 0x80009c20 (0x619d5f17) x30 0xe19dec20
core   0: 0x80009c24 (0x01f3feb3) and     t4, t2, t6
core   0: 3 0x80009c24 (0x01f3feb3) x29 0x00001422
core   0: 0x80009c28 (0x01b58f33) add     t5, a1, s11
core   0: 3 0x80009c28 (0x01b58f33) x30 0x8002ece4
core   0: 0x80009c2c (0x7eeaef17) auipc   t5, 0x7eeae
core   0: 3 0x80009c2c (0x7eeaef17) x30 0xfeeb7c2c
core   0: 0x80009c30 (0x92c90d83) lb      s11, -1748(s2)
core   0: 3 0x80009c30 (0x92c90d83) x27 0xffffff95 mem 0x800242bd
core   0: 0x80009c34 (0xf14e6013) ori     zero, t3, -236
core   0: 3 0x80009c34 (0xf14e6013)
core   0: 0x80009c38 (0x00f91a33) sll     s4, s2, a5
core   0: 3 0x80009c38 (0x00f91a33) x20 0x10000000
core   0: 0x80009c3c (0x82e90823) sb      a4, -2000(s2)
core   0: 3 0x80009c3c (0x82e90823) mem 0x800241c1 0x0
core   0: 0x80009c40 (0x5fb90b23) sb      s11, 1526(s2)
core   0: 3 0x80009c40 (0x5fb90b23) mem 0x80024f87 0x95
core   0: 0x80009c44 (0x22195c83) lhu     s9, 545(s2)
core   0: 3 0x80009c44 (0x22195c83) x25 0x0000dc60 mem 0x80024bb2
core   0: 0x80009c48 (0x05194e83) lbu     t4, 81(s2)
core   0: 3 0x80009c48 (0x05194e83) x29 0x00000001 mem 0x800249e2
core   0: 0x80009c4c (0x3b590fa3) sb      s5, 959(s2)
core   0: 3 0x80009c4c (0x3b590fa3) mem 0x80024d50 0x26
core   0: 0x80009c50 (0x87894983) lbu     s3, -1928(s2)
core   0: 3 0x80009c50 (0x87894983) x19 0x000000ba mem 0x80024209
core   0: 0x80009c54 (0xaa4900a3) sb      tp, -1375(s2)
core   0: 3 0x80009c54 (0xaa4900a3) mem 0x80024432 0x8
core   0: 0x80009c58 (0xdc190e83) lb      t4, -575(s2)
core   0: 3 0x80009c58 (0xdc190e83) x29 0x00000075 mem 0x80024752
core   0: 0x80009c5c (0x36b91a83) lh      s5, 875(s2)
core   0: 3 0x80009c5c (0x36b91a83) x21 0xffffba56 mem 0x80024cfc
core   0: 0x80009c60 (0x0001af97) auipc   t6, 0x1a
core   0: 3 0x80009c60 (0x0001af97) x31 0x80023c60
core   0: 0x80009c64 (0xc1ff8f93) addi    t6, t6, -993
core   0: 3 0x80009c64 (0xc1ff8f93) x31 0x8002387f
core   0: 0x80009c68 (0xff9fdc83) lhu     s9, -7(t6)
core   0: 3 0x80009c68 (0xff9fdc83) x25 0x0000cb1b mem 0x80023878
core   0: 0x80009c6c (0xff9f8703) lb      a4, -7(t6)
core   0: 3 0x80009c6c (0xff9f8703) x14 0x0000001b mem 0x80023878
core   0: 0x80009c70 (0xfebf89a3) sb      a1, -13(t6)
core   0: 3 0x80009c70 (0xfebf89a3) mem 0x80023872 0xe4
core   0: 0x80009c74 (0xd58b4413) xori    s0, s6, -680
core   0: 3 0x80009c74 (0xd58b4413) x 8 0x019e4604
core   0: 0x80009c78 (0x41380633) sub     a2, a6, s3
core   0: 3 0x80009c78 (0x41380633) x12 0xffffff80
core   0: 0x80009c7c (0xff3fd083) lhu     ra, -13(t6)
core   0: 3 0x80009c7c (0xff3fd083) x 1 0x0000f9e4 mem 0x80023872
core   0: 0x80009c80 (0xfe9f89a3) sb      s1, -13(t6)
core   0: 3 0x80009c80 (0xfe9f89a3) mem 0x80023872 0x3b
core   0: 0x80009c84 (0xff3fc383) lbu     t2, -13(t6)
core   0: 3 0x80009c84 (0xff3fc383) x 7 0x0000003b mem 0x80023872
core   0: 0x80009c88 (0xff3fd383) lhu     t2, -13(t6)
core   0: 3 0x80009c88 (0xff3fd383) x 7 0x0000f93b mem 0x80023872
core   0: 0x80009c8c (0xff3fc303) lbu     t1, -13(t6)
core   0: 3 0x80009c8c (0xff3fc303) x 6 0x0000003b mem 0x80023872
core   0: 0x80009c90 (0x019af333) and     t1, s5, s9
core   0: 3 0x80009c90 (0x019af333) x 6 0x00008a12
core   0: 0x80009c94 (0xff3fd983) lhu     s3, -13(t6)
core   0: 3 0x80009c94 (0xff3fd983) x19 0x0000f93b mem 0x80023872
core   0: 0x80009c98 (0xffefc303) lbu     t1, -2(t6)
core   0: 3 0x80009c98 (0xffefc303) x 6 0x0000004c mem 0x8002387d
core   0: 0x80009c9c (0x00016617) auipc   a2, 0x16
core   0: 3 0x80009c9c (0x00016617) x12 0x8001fc9c
core   0: 0x80009ca0 (0x3a760613) addi    a2, a2, 935
core   0: 3 0x80009ca0 (0x3a760613) x12 0x80020043
core   0: 0x80009ca4 (0xffc61fa3) sh      t3, -1(a2)
core   0: 3 0x80009ca4 (0xffc61fa3) mem 0x80020042 0x0000
core   0: 0x80009ca8 (0xff864d03) lbu     s10, -8(a2)
core   0: 3 0x80009ca8 (0xff864d03) x26 0x00000085 mem 0x8002003b
core   0: 0x80009cac (0xfe760c23) sb      t2, -8(a2)
core   0: 3 0x80009cac (0xfe760c23) mem 0x8002003b 0x3b
core   0: 0x80009cb0 (0xffb61a03) lh      s4, -5(a2)
core   0: 3 0x80009cb0 (0xffb61a03) x20 0x00007481 mem 0x8002003e
core   0: 0x80009cb4 (0x01570e33) add     t3, a4, s5
core   0: 3 0x80009cb4 (0x01570e33) x28 0xffffba71
core   0: 0x80009cb8 (0xffb65a03) lhu     s4, -5(a2)
core   0: 3 0x80009cb8 (0xffb65a03) x20 0x00007481 mem 0x8002003e
core   0: 0x80009cbc (0xfe760da3) sb      t2, -5(a2)
core   0: 3 0x80009cbc (0xfe760da3) mem 0x8002003e 0x3b
core   0: 0x80009cc0 (0x00cfde33) srl     t3, t6, a2
core   0: 3 0x80009cc0 (0x00cfde33) x28 0x1000470f
core   0: 0x80009cc4 (0xffb64283) lbu     t0, -5(a2)
core   0: 3 0x80009cc4 (0xffb64283) x 5 0x0000003b mem 0x8002003e
core   0: 0x80009cc8 (0x01a0e533) or      a0, ra, s10
core   0: 3 0x80009cc8 (0x01a0e533) x10 0x0000f9e5
core   0: 0x80009ccc (0x00c614b3) sll     s1, a2, a2
core   0: 3 0x80009ccc (0x00c614b3) x 9 0x00100218
core   0: 0x80009cd0 (0xffb60803) lb      a6, -5(a2)
core   0: 3 0x80009cd0 (0xffb60803) x16 0x0000003b mem 0x8002003e
core   0: 0x80009cd4 (0x01f624a3) sw      t6, 9(a2)
core   0: 3 0x80009cd4 (0x01f624a3) mem 0x8002004c 0x8002387f
core   0: 0x80009cd8 (0x008601a3) sb      s0, 3(a2)
core   0: 3 0x80009cd8 (0x008601a3) mem 0x80020046 0x4
core   0: 0x80009cdc (0x00e611a3) sh      a4, 3(a2)
core   0: 3 0x80009cdc (0x00e611a3) mem 0x80020046 0x001b
core   0: 0x80009ce0 (0x00360503) lb      a0, 3(a2)
core   0: 3 0x80009ce0 (0x00360503) x10 0x0000001b mem 0x80020046
core   0: 0x80009ce4 (0x00361703) lh      a4, 3(a2)
core   0: 3 0x80009ce4 (0x00361703) x14 0x0000001b mem 0x80020046
core   0: 0x80009ce8 (0x0000c397) auipc   t2, 0xc
core   0: 3 0x80009ce8 (0x0000c397) x 7 0x80015ce8
core   0: 0x80009cec (0xcf238393) addi    t2, t2, -782
core   0: 3 0x80009cec (0xcf238393) x 7 0x800159da
core   0: 0x80009cf0 (0x98839623) sh      s0, -1652(t2)
core   0: 3 0x80009cf0 (0x98839623) mem 0x80015366 0x4604
core   0: 0x80009cf4 (0x32d38083) lb      ra, 813(t2)
core   0: 3 0x80009cf4 (0x32d38083) x 1 0xffffffb7 mem 0x80015d07
core   0: 0x80009cf8 (0x2673ce03) lbu     t3, 615(t2)
core   0: 3 0x80009cf8 (0x2673ce03) x28 0x000000c5 mem 0x80015c41
core   0: 0x80009cfc (0x2ab386a3) sb      a1, 685(t2)
core   0: 3 0x80009cfc (0x2ab386a3) mem 0x80015c87 0xe4
core   0: 0x80009d00 (0x69822937) lui     s2, 0x69822
core   0: 3 0x80009d00 (0x69822937) x18 0x69822000
core   0: 0x80009d04 (0x53e38883) lb      a7, 1342(t2)
core   0: 3 0x80009d04 (0x53e38883) x17 0xffffffd0 mem 0x80015f18
core   0: 0x80009d08 (0x01882db3) slt     s11, a6, s8
core   0: 3 0x80009d08 (0x01882db3) x27 0x00000000
core   0: 0x80009d0c (0x0135c4b3) xor     s1, a1, s3
core   0: 3 0x80009d0c (0x0135c4b3) x 9 0x800215df
core   0: 0x80009d10 (0x00908fb3) add     t6, ra, s1
core   0: 3 0x80009d10 (0x00908fb3) x31 0x80021596
core   0: 0x80009d14 (0xc443d683) lhu     a3, -956(t2)
core   0: 3 0x80009d14 (0xc443d683) x13 0x00002f30 mem 0x8001561e
core   0: 0x80009d18 (0x01ec9193) slli    gp, s9, 30
core   0: 3 0x80009d18 (0x01ec9193) x 3 0xc0000000
core   0: 0x80009d1c (0x90738303) lb      t1, -1785(t2)
core   0: 3 0x80009d1c (0x90738303) x 6 0x00000075 mem 0x800152e1
core   0: 0x80009d20 (0x5f156093) ori     ra, a0, 1521
core   0: 3 0x80009d20 (0x5f156093) x 1 0x000005fb
core   0: 0x80009d24 (0x0182d6b3) srl     a3, t0, s8
core   0: 3 0x80009d24 (0x0182d6b3) x13 0x00000000
core   0: 0x80009d28 (0xd783da03) lhu     s4, -648(t2)
core   0: 3 0x80009d28 (0xd783da03) x20 0x0000c302 mem 0x80015752
core   0: 0x80009d2c (0x75cb3997) auipc   s3, 0x75cb3
core   0: 3 0x80009d2c (0x75cb3997) x19 0xf5cbcd2c
core   0: 0x80009d30 (0x57856213) ori     tp, a0, 1400
core   0: 3 0x80009d30 (0x57856213) x 4 0x0000057b
core   0: 0x80009d34 (0x009d48b3) xor     a7, s10, s1
core   0: 3 0x80009d34 (0x009d48b3) x17 0x8002155a
core   0: 0x80009d38 (0x4019da13) srai    s4, s3, 1
core   0: 3 0x80009d38 (0x4019da13) x20 0xfae5e696
core   0: 0x80009d3c (0x5403de03) lhu     t3, 1344(t2)
core   0: 3 0x80009d3c (0x5403de03) x28 0x000027c4 mem 0x80015f1a
core   0: 0x80009d40 (0x2993c403) lbu     s0, 665(t2)
core   0: 3 0x80009d40 (0x2993c403) x 8 0x000000fd mem 0x80015c73
core   0: 0x80009d44 (0x0000be17) auipc   t3, 0xb
core   0: 3 0x80009d44 (0x0000be17) x28 0x80014d44
core   0: 0x80009d48 (0x7e5e0e13) addi    t3, t3, 2021
core   0: 3 0x80009d48 (0x7e5e0e13) x28 0x80015529
core   0: 0x80009d4c (0xf41e5e83) lhu     t4, -191(t3)
core   0: 3 0x80009d4c (0xf41e5e83) x29 0x0000faf1 mem 0x8001546a
core   0: 0x80009d50 (0x0ff0000f) fence   iorw,iorw
core   0: 3 0x80009d50 (0x0ff0000f)
core   0: 0x80009d54 (0x72fe2883) lw      a7, 1839(t3)
core   0: 3 0x80009d54 (0x72fe2883) x17 0x00524f52 mem 0x80015c58
core   0: 0x80009d58 (0x77fe2703) lw      a4, 1919(t3)
core   0: 3 0x80009d58 (0x77fe2703) x14 0xdd429fcd mem 0x80015ca8
core   0: 0x80009d5c (0x00ca5cb3) srl     s9, s4, a2
core   0: 3 0x80009d5c (0x00ca5cb3) x25 0x1f5cbcd2
core   0: 0x80009d60 (0x744e18a3) sh      tp, 1873(t3)
core   0: 3 0x80009d60 (0x744e18a3) mem 0x80015c7a 0x057b
core   0: 0x80009d64 (0x624c1037) lui     zero, 0x624c1
core   0: 3 0x80009d64 (0x624c1037)
core   0: 0x80009d68 (0x7e7c4a13) xori    s4, s8, 2023
core   0: 3 0x80009d68 (0x7e7c4a13) x20 0xffffbe73
core   0: 0x80009d6c (0x72750f17) auipc   t5, 0x72750
core   0: 3 0x80009d6c (0x72750f17) x30 0xf2759d6c
core   0: 0x80009d70 (0xea73fa93) andi    s5, t2, -345
core   0: 3 0x80009d70 (0xea73fa93) x21 0x80015882
core   0: 0x80009d74 (0x00b2f4b3) and     s1, t0, a1
core   0: 3 0x80009d74 (0x00b2f4b3) x 9 0x00000020
core   0: 0x80009d78 (0x34ce4803) lbu     a6, 844(t3)
core   0: 3 0x80009d78 (0x34ce4803) x16 0x000000dc mem 0x80015875
core   0: 0x80009d7c (0x499e4883) lbu     a7, 1177(t3)
core   0: 3 0x80009d7c (0x499e4883) x17 0x00000063 mem 0x800159c2
core   0: 0x80009d80 (0x0064e4b3) or      s1, s1, t1
core   0: 3 0x80009d80 (0x0064e4b3) x 9 0x00000075
core   0: 0x80009d84 (0x00d700b3) add     ra, a4, a3
core   0: 3 0x80009d84 (0x00d700b3) x 1 0xdd429fcd
core   0: 0x80009d88 (0x00000013) nop
core   0: 3 0x80009d88 (0x00000013)
core   0: 0x80009d8c (0xe56e0203) lb      tp, -426(t3)
core   0: 3 0x80009d8c (0xe56e0203) x 4 0xffffff9d mem 0x8001537f
core   0: 0x80009d90 (0x0010da93) srli    s5, ra, 1
core   0: 3 0x80009d90 (0x0010da93) x21 0x6ea14fe6
core   0: 0x80009d94 (0x1a5e0c03) lb      s8, 421(t3)
core   0: 3 0x80009d94 (0x1a5e0c03) x24 0x0000001b mem 0x800156ce
core   0: 0x80009d98 (0x0ff0000f) fence   iorw,iorw
core   0: 3 0x80009d98 (0x0ff0000f)
core   0: 0x80009d9c (0xe11bb193) sltiu   gp, s7, -495
core   0: 3 0x80009d9c (0xe11bb193) x 3 0x00000000
core   0: 0x80009da0 (0x0ff0000f) fence   iorw,iorw
core   0: 3 0x80009da0 (0x0ff0000f)
core   0: 0x80009da4 (0x6dfe0d83) lb      s11, 1759(t3)
core   0: 3 0x80009da4 (0x6dfe0d83) x27 0x00000000 mem 0x80015c08
core   0: 0x80009da8 (0x005b6033) or      zero, s6, t0
core   0: 3 0x80009da8 (0x005b6033)
core   0: 0x80009dac (0xda3df193) andi    gp, s11, -605
core   0: 3 0x80009dac (0xda3df193) x 3 0x00000000
core   0: 0x80009db0 (0x401e5093) srai    ra, t3, 1
core   0: 3 0x80009db0 (0x401e5093) x 1 0xc000aa94
core   0: 0x80009db4 (0x057e5203) lhu     tp, 87(t3)
core   0: 3 0x80009db4 (0x057e5203) x 4 0x00007133 mem 0x80015580
core   0: 0x80009db8 (0x418884b3) sub     s1, a7, s8
core   0: 3 0x80009db8 (0x418884b3) x 9 0x00000048
core   0: 0x80009dbc (0x620e4783) lbu     a5, 1568(t3)
core   0: 3 0x80009dbc (0x620e4783) x15 0x00000000 mem 0x80015b49
core   0: 0x80009dc0 (0xdf7e6417) auipc   s0, 0xdf7e6
core   0: 3 0x80009dc0 (0xdf7e6417) x 8 0x5f7efdc0
core   0: 0x80009dc4 (0x0000100f) fence.i
core   0: 3 0x80009dc4 (0x0000100f)
core   0: 0x80009dc8 (0xdd8e0803) lb      a6, -552(t3)
core   0: 3 0x80009dc8 (0xdd8e0803) x16 0x00000000 mem 0x80015301
core   0: 0x80009dcc (0x00000013) nop
core   0: 3 0x80009dcc (0x00000013)
core   0: 0x80009dd0 (0x628e4d83) lbu     s11, 1576(t3)
core   0: 3 0x80009dd0 (0x628e4d83) x27 0x000000b9 mem 0x80015b51
core   0: 0x80009dd4 (0x00015217) auipc   tp, 0x15
core   0: 3 0x80009dd4 (0x00015217) x 4 0x8001edd4
core   0: 0x80009dd8 (0x27c20213) addi    tp, tp, 636
core   0: 3 0x80009dd8 (0x27c20213) x 4 0x8001f050
core   0: 0x80009ddc (0xf6e21e03) lh      t3, -146(tp)
core   0: 3 0x80009ddc (0xf6e21e03) x28 0xffffe402 mem 0x8001efbe
core   0: 0x80009de0 (0xf6e25083) lhu     ra, -146(tp)
core   0: 3 0x80009de0 (0xf6e25083) x 1 0x0000e402 mem 0x8001efbe
core   0: 0x80009de4 (0xf6e21003) lh      zero, -146(tp)
core   0: 3 0x80009de4 (0xf6e21003) mem 0x8001efbe
core   0: 0x80009de8 (0xf6d21723) sh      a3, -146(tp)
core   0: 3 0x80009de8 (0xf6d21723) mem 0x8001efbe 0x0000
core   0: 0x80009dec (0xf7121723) sh      a7, -146(tp)
core   0: 3 0x80009dec (0xf7121723) mem 0x8001efbe 0x0063
core   0: 0x80009df0 (0xd19a2f13) slti    t5, s4, -743
core   0: 3 0x80009df0 (0xd19a2f13) x30 0x00000001
core   0: 0x80009df4 (0x0aa22c23) sw      a0, 184(tp)
core   0: 3 0x80009df4 (0x0aa22c23) mem 0x8001f108 0x0000001b
core   0: 0x80009df8 (0xf77209a3) sb      s7, -141(tp)
core   0: 3 0x80009df8 (0xf77209a3) mem 0x8001efc3 0xfc
core   0: 0x80009dfc (0x00782bb3) slt     s7, a6, t2
core   0: 3 0x80009dfc (0x00782bb3) x23 0x00000000
core   0: 0x80009e00 (0xf6d209a3) sb      a3, -141(tp)
core   0: 3 0x80009e00 (0xf6d209a3) mem 0x8001efc3 0x0
core   0: 0x80009e04 (0x0000100f) fence.i
core   0: 3 0x80009e04 (0x0000100f)
core   0: 0x80009e08 (0xf2c201a3) sb      a2, -221(tp)
core   0: 3 0x80009e08 (0xf2c201a3) mem 0x8001ef73 0x43
core   0: 0x80009e0c (0xf15206a3) sb      s5, -243(tp)
core   0: 3 0x80009e0c (0xf15206a3) mem 0x8001ef5d 0xe6
core   0: 0x80009e10 (0xf0d24f83) lbu     t6, -243(tp)
core   0: 3 0x80009e10 (0xf0d24f83) x31 0x000000e6 mem 0x8001ef5d
core   0: 0x80009e14 (0xf0d20003) lb      zero, -243(tp)
core   0: 3 0x80009e14 (0xf0d20003) mem 0x8001ef5d
core   0: 0x80009e18 (0xf3a20ea3) sb      s10, -195(tp)
core   0: 3 0x80009e18 (0xf3a20ea3) mem 0x8001ef8d 0x85
core   0: 0x80009e1c (0xf3d24603) lbu     a2, -195(tp)
core   0: 3 0x80009e1c (0xf3d24603) x12 0x00000085 mem 0x8001ef8d
core   0: 0x80009e20 (0x4562e9b7) lui     s3, 0x4562e
core   0: 3 0x80009e20 (0x4562e9b7) x19 0x4562e000
core   0: 0x80009e24 (0x4054d533) sra     a0, s1, t0
core   0: 3 0x80009e24 (0x4054d533) x10 0x00000000
core   0: 0x80009e28 (0x0ff0000f) fence   iorw,iorw
core   0: 3 0x80009e28 (0x0ff0000f)
core   0: 0x80009e2c (0xf2d20b23) sb      a3, -202(tp)
core   0: 3 0x80009e2c (0xf2d20b23) mem 0x8001ef86 0x0
core   0: 0x80009e30 (0x07720883) lb      a7, 119(tp)
core   0: 3 0x80009e30 (0x07720883) x17 0xffffffb5 mem 0x8001f0c7
core   0: 0x80009e34 (0x07724483) lbu     s1, 119(tp)
core   0: 3 0x80009e34 (0x07724483) x 9 0x000000b5 mem 0x8001f0c7
core   0: 0x80009e38 (0x0000bb97) auipc   s7, 0xb
core   0: 3 0x80009e38 (0x0000bb97) x23 0x80014e38
core   0: 0x80009e3c (0x4c8b8b93) addi    s7, s7, 1224
core   0: 3 0x80009e3c (0x4c8b8b93) x23 0x80015300
core   0: 0x80009e40 (0xff4b88a3) sb      s4, -15(s7)
core   0: 3 0x80009e40 (0xff4b88a3) mem 0x800152f1 0x73
core   0: 0x80009e44 (0x00afdab3) srl     s5, t6, a0
core   0: 3 0x80009e44 (0x00afdab3) x21 0x000000e6
core   0: 0x80009e48 (0xffabce03) lbu     t3, -6(s7)
core   0: 3 0x80009e48 (0xffabce03) x28 0x0000005b mem 0x800152fa
core   0: 0x80009e4c (0x012f5c93) srli    s9, t5, 18
core   0: 3 0x80009e4c (0x012f5c93) x25 0x00000000
core   0: 0x80009e50 (0xfffb8303) lb      t1, -1(s7)
core   0: 3 0x80009e50 (0xfffb8303) x 6 0x00000013 mem 0x800152ff
core   0: 0x80009e54 (0x008bdd03) lhu     s10, 8(s7)
core   0: 3 0x80009e54 (0x008bdd03) x26 0x00006fbb mem 0x80015308
core   0: 0x80009e58 (0x00000013) nop
core   0: 3 0x80009e58 (0x00000013)
core   0: 0x80009e5c (0x01f33d33) sltu    s10, t1, t6
core   0: 3 0x80009e5c (0x01f33d33) x26 0x00000001
core   0: 0x80009e60 (0x009bc203) lbu     tp, 9(s7)
core   0: 3 0x80009e60 (0x009bc203) x 4 0x0000006f mem 0x80015309
core   0: 0x80009e64 (0x41d00933) sub     s2, zero, t4
core   0: 3 0x80009e64 (0x41d00933) x18 0xffff050f
core   0: 0x80009e68 (0x0ff0000f) fence   iorw,iorw
core   0: 3 0x80009e68 (0x0ff0000f)
core   0: 0x80009e6c (0xff5bc483) lbu     s1, -11(s7)
core   0: 3 0x80009e6c (0xff5bc483) x 9 0x0000006a mem 0x800152f5
core   0: 0x80009e70 (0x00fb8623) sb      a5, 12(s7)
core   0: 3 0x80009e70 (0x00fb8623) mem 0x8001530c 0x0
core   0: 0x80009e74 (0x005dbeb3) sltu    t4, s11, t0
core   0: 3 0x80009e74 (0x005dbeb3) x29 0x00000000
core   0: 0x80009e78 (0x01cb81a3) sb      t3, 3(s7)
core   0: 3 0x80009e78 (0x01cb81a3) mem 0x80015303 0x5b
core   0: 0x80009e7c (0x0154fdb3) and     s11, s1, s5
core   0: 3 0x80009e7c (0x0154fdb3) x27 0x00000062
core   0: 0x80009e80 (0xfeab88a3) sb      a0, -15(s7)
core   0: 3 0x80009e80 (0xfeab88a3) mem 0x800152f1 0x0
core   0: 0x80009e84 (0x146b3637) lui     a2, 0x146b3
core   0: 3 0x80009e84 (0x146b3637) x12 0x146b3000
core   0: 0x80009e88 (0x019b80a3) sb      s9, 1(s7)
core   0: 3 0x80009e88 (0x019b80a3) mem 0x80015301 0x0
core   0: 0x80009e8c (0x41c48833) sub     a6, s1, t3
core   0: 3 0x80009e8c (0x41c48833) x16 0x0000000f
core   0: 0x80009e90 (0xff4b8da3) sb      s4, -5(s7)
core   0: 3 0x80009e90 (0xff4b8da3) mem 0x800152fb 0x73
core   0: 0x80009e94 (0x413ad193) srai    gp, s5, 19
core   0: 3 0x80009e94 (0x413ad193) x 3 0x00000000
core   0: 0x80009e98 (0x00db8d03) lb      s10, 13(s7)
core   0: 3 0x80009e98 (0x00db8d03) x26 0x00000008 mem 0x8001530d
core   0: 0x80009e9c (0x00db8a83) lb      s5, 13(s7)
core   0: 3 0x80009e9c (0x00db8a83) x21 0x00000008 mem 0x8001530d
core   0: 0x80009ea0 (0x8071e013) ori     zero, gp, -2041
core   0: 3 0x80009ea0 (0x8071e013)
core   0: 0x80009ea4 (0x002b8e83) lb      t4, 2(s7)
core   0: 3 0x80009ea4 (0x002b8e83) x29 0xffffff86 mem 0x80015302
core   0: 0x80009ea8 (0x006bca83) lbu     s5, 6(s7)
core   0: 3 0x80009ea8 (0x006bca83) x21 0x00000075 mem 0x80015306
core   0: 0x80009eac (0x000d84b3) add     s1, s11, zero
core   0: 3 0x80009eac (0x000d84b3) x 9 0x00000062
core   0: 0x80009eb0 (0x016dda93) srli    s5, s11, 22
core   0: 3 0x80009eb0 (0x016dda93) x21 0x00000000
core   0: 0x80009eb4 (0xb7fc2f93) slti    t6, s8, -1153
core   0: 3 0x80009eb4 (0xb7fc2f93) x31 0x00000000
core   0: 0x80009eb8 (0xff0bcc03) lbu     s8, -16(s7)
core   0: 3 0x80009eb8 (0xff0bcc03) x24 0x000000bd mem 0x800152f0
core   0: 0x80009ebc (0xff5bcc03) lbu     s8, -11(s7)
core   0: 3 0x80009ebc (0xff5bcc03) x24 0x0000006a mem 0x800152f5
core   0: 0x80009ec0 (0x00d41733) sll     a4, s0, a3
core   0: 3 0x80009ec0 (0x00d41733) x14 0x5f7efdc0
core   0: 0x80009ec4 (0x00159d13) slli    s10, a1, 1
core   0: 3 0x80009ec4 (0x00159d13) x26 0x0005d9c8
core   0: 0x80009ec8 (0x68ae6397) auipc   t2, 0x68ae6
core   0: 3 0x80009ec8 (0x68ae6397) x 7 0xe8aefec8
core   0: 0x80009ecc (0x4076da33) sra     s4, a3, t2
core   0: 3 0x80009ecc (0x4076da33) x20 0x00000000
core   0: 0x80009ed0 (0x00fbc803) lbu     a6, 15(s7)
core   0: 3 0x80009ed0 (0x00fbc803) x16 0x00000058 mem 0x8001530f
core   0: 0x80009ed4 (0xffabc483) lbu     s1, -6(s7)
core   0: 3 0x80009ed4 (0xffabc483) x 9 0x0000005b mem 0x800152fa
core   0: 0x80009ed8 (0x0000bf17) auipc   t5, 0xb
core   0: 3 0x80009ed8 (0x0000bf17) x30 0x80014ed8
core   0: 0x80009edc (0x300f0f13) addi    t5, t5, 768
core   0: 3 0x80009edc (0x300f0f13) x30 0x800151d8
core   0: 0x80009ee0 (0x067f09a3) sb      t2, 115(t5)
core   0: 3 0x80009ee0 (0x067f09a3) mem 0x8001524b 0xc8
core   0: 0x80009ee4 (0xf33f0e83) lb      t4, -205(t5)
core   0: 3 0x80009ee4 (0xf33f0e83) x29 0x00000001 mem 0x8001510b
core   0: 0x80009ee8 (0x0c3f0603) lb      a2, 195(t5)
core   0: 3 0x80009ee8 (0x0c3f0603) x12 0xffffffde mem 0x8001529b
core   0: 0x80009eec (0x018f8a33) add     s4, t6, s8
core   0: 3 0x80009eec (0x018f8a33) x20 0x0000006a
core   0: 0x80009ef0 (0x05ef0d03) lb      s10, 94(t5)
core   0: 3 0x80009ef0 (0x05ef0d03) x26 0x00000062 mem 0x80015236
core   0: 0x80009ef4 (0x2e96c393) xori    t2, a3, 745
core   0: 3 0x80009ef4 (0x2e96c393) x 7 0x000002e9
core   0: 0x80009ef8 (0x048f2703) lw      a4, 72(t5)
core   0: 3 0x80009ef8 (0x048f2703) x14 0xd870009c mem 0x80015220
core   0: 0x80009efc (0x0e1f0123) sb      ra, 226(t5)
core   0: 3 0x80009efc (0x0e1f0123) mem 0x800152ba 0x2
core   0: 0x80009f00 (0x40a7d813) srai    a6, a5, 10
core   0: 3 0x80009f00 (0x40a7d813) x16 0x00000000
core   0: 0x80009f04 (0xfeef5783) lhu     a5, -18(t5)
core   0: 3 0x80009f04 (0xfeef5783) x15 0x0000e55f mem 0x800151c6
core   0: 0x80009f08 (0xf4cf4c03) lbu     s8, -180(t5)
core   0: 3 0x80009f08 (0xf4cf4c03) x24 0x000000ae mem 0x80015124
core   0: 0x80009f0c (0xf6df0e83) lb      t4, -147(t5)
core   0: 3 0x80009f0c (0xf6df0e83) x29 0x0000006d mem 0x80015145
core   0: 0x80009f10 (0x6a506013) ori     zero, zero, 1701
core   0: 3 0x80009f10 (0x6a506013)
core   0: 0x80009f14 (0xf66f06a3) sb      t1, -147(t5)
core   0: 3 0x80009f14 (0xf66f06a3) mem 0x80015145 0x13
core   0: 0x80009f18 (0x49872193) slti    gp, a4, 1176
core   0: 3 0x80009f18 (0x49872193) x 3 0x00000001
core   0: 0x80009f1c (0x012d4e33) xor     t3, s10, s2
core   0: 3 0x80009f1c (0x012d4e33) x28 0xffff056d
core   0: 0x80009f20 (0x67346c93) ori     s9, s0, 1651
core   0: 3 0x80009f20 (0x67346c93) x25 0x5f7efff3
core   0: 0x80009f24 (0x0f5f4c83) lbu     s9, 245(t5)
core   0: 3 0x80009f24 (0x0f5f4c83) x25 0x000000d2 mem 0x800152cd
core   0: 0x80009f28 (0xf25f0903) lb      s2, -219(t5)
core   0: 3 0x80009f28 (0xf25f0903) x18 0x0000005c mem 0x800150fd
core   0: 0x80009f2c (0xf25f0d83) lb      s11, -219(t5)
core   0: 3 0x80009f2c (0xf25f0d83) x27 0x0000005c mem 0x800150fd
core   0: 0x80009f30 (0x0000cc97) auipc   s9, 0xc
core   0: 3 0x80009f30 (0x0000cc97) x25 0x80015f30
core   0: 0x80009f34 (0xd13c8c93) addi    s9, s9, -749
core   0: 3 0x80009f34 (0xd13c8c93) x25 0x80015c43
core   0: 0x80009f38 (0x0101a633) slt     a2, gp, a6
core   0: 3 0x80009f38 (0x0101a633) x12 0x00000000
core   0: 0x80009f3c (0x087c9183) lh      gp, 135(s9)
core   0: 3 0x80009f3c (0x087c9183) x 3 0x00000000 mem 0x80015cca
core   0: 0x80009f40 (0x008badb3) slt     s11, s7, s0
core   0: 3 0x80009f40 (0x008badb3) x27 0x00000001
core   0: 0x80009f44 (0x08bc83a3) sb      a1, 135(s9)
core   0: 3 0x80009f44 (0x08bc83a3) mem 0x80015cca 0xe4
core   0: 0x80009f48 (0xf98cc603) lbu     a2, -104(s9)
core   0: 3 0x80009f48 (0xf98cc603) x12 0x000000de mem 0x80015bdb
core   0: 0x80009f4c (0x0cecc303) lbu     t1, 206(s9)
core   0: 3 0x80009f4c (0x0cecc303) x 6 0x00000000 mem 0x80015d11
core   0: 0x80009f50 (0x0cecc203) lbu     tp, 206(s9)
core   0: 3 0x80009f50 (0x0cecc203) x 4 0x00000000 mem 0x80015d11
core   0: 0x80009f54 (0x000ccf03) lbu     t5, 0(s9)
core   0: 3 0x80009f54 (0x000ccf03) x30 0x0000004d mem 0x80015c43
core   0: 0x80009f58 (0xd1013e93) sltiu   t4, sp, -752
core   0: 3 0x80009f58 (0xd1013e93) x29 0x00000001
core   0: 0x80009f5c (0x008c8023) sb      s0, 0(s9)
core   0: 3 0x80009f5c (0x008c8023) mem 0x80015c43 0xc0
core   0: 0x80009f60 (0x000cc503) lbu     a0, 0(s9)
core   0: 3 0x80009f60 (0x000cc503) x10 0x000000c0 mem 0x80015c43
core   0: 0x80009f64 (0x047c8323) sb      t2, 70(s9)
core   0: 3 0x80009f64 (0x047c8323) mem 0x80015c89 0xe9
core   0: 0x80009f68 (0x046cca03) lbu     s4, 70(s9)
core   0: 3 0x80009f68 (0x046cca03) x20 0x000000e9 mem 0x80015c89
core   0: 0x80009f6c (0x046c8c03) lb      s8, 70(s9)
core   0: 3 0x80009f6c (0x046c8c03) x24 0xffffffe9 mem 0x80015c89
core   0: 0x80009f70 (0x40095a33) sra     s4, s2, zero
core   0: 3 0x80009f70 (0x40095a33) x20 0x0000005c
core   0: 0x80009f74 (0x046ccd03) lbu     s10, 70(s9)
core   0: 3 0x80009f74 (0x046ccd03) x26 0x000000e9 mem 0x80015c89
core   0: 0x80009f78 (0xf98cc383) lbu     t2, -104(s9)
core   0: 3 0x80009f78 (0xf98cc383) x 7 0x000000de mem 0x80015bdb
core   0: 0x80009f7c (0x0000ce97) auipc   t4, 0xc
core   0: 3 0x80009f7c (0x0000ce97) x29 0x80015f7c
core   0: 0x80009f80 (0x02be8e93) addi    t4, t4, 43
core   0: 3 0x80009f80 (0x02be8e93) x29 0x80015fa7
core   0: 0x80009f84 (0x0ff0000f) fence   iorw,iorw
core   0: 3 0x80009f84 (0x0ff0000f)
core   0: 0x80009f88 (0x0049b1b3) sltu    gp, s3, tp
core   0: 3 0x80009f88 (0x0049b1b3) x 3 0x00000000
core   0: 0x80009f8c (0x0000100f) fence.i
core   0: 3 0x80009f8c (0x0000100f)
core   0: 0x80009f90 (0x004eca03) lbu     s4, 4(t4)
core   0: 3 0x80009f90 (0x004eca03) x20 0x0000005c mem 0x80015fab
core   0: 0x80009f94 (0xf999f713) andi    a4, s3, -103
core   0: 3 0x80009f94 (0xf999f713) x14 0x4562e000
core   0: 0x80009f98 (0x01fe83a3) sb      t6, 7(t4)
core   0: 3 0x80009f98 (0x01fe83a3) mem 0x80015fae 0x0
core   0: 0x80009f9c (0xfebecc03) lbu     s8, -21(t4)
core   0: 3 0x80009f9c (0xfebecc03) x24 0x000000b3 mem 0x80015f92
core   0: 0x80009fa0 (0x4179d293) srai    t0, s3, 23
core   0: 3 0x80009fa0 (0x4179d293) x 5 0x0000008a
core   0: 0x80009fa4 (0x0000100f) fence.i
core   0: 3 0x80009fa4 (0x0000100f)
core   0: 0x80009fa8 (0xfcaec283) lbu     t0, -54(t4)
core   0: 3 0x80009fa8 (0xfcaec283) x 5 0x000000b8 mem 0x80015f71
core   0: 0x80009fac (0x837ad637) lui     a2, 0x837ad
core   0: 3 0x80009fac (0x837ad637) x12 0x837ad000
core   0: 0x80009fb0 (0x00eee7b3) or      a5, t4, a4
core   0: 3 0x80009fb0 (0x00eee7b3) x15 0xc563ffa7
core   0: 0x80009fb4 (0x003e9c03) lh      s8, 3(t4)
core   0: 3 0x80009fb4 (0x003e9c03) x24 0x00005c2c mem 0x80015faa
core   0: 0x80009fb8 (0x53a8fbb7) lui     s7, 0x53a8f
core   0: 3 0x80009fb8 (0x53a8fbb7) x23 0x53a8f000
core   0: 0x80009fbc (0xfdae8da3) sb      s10, -37(t4)
core   0: 3 0x80009fbc (0xfdae8da3) mem 0x80015f82 0xe9
core   0: 0x80009fc0 (0xfe7e9483) lh      s1, -25(t4)
core   0: 3 0x80009fc0 (0xfe7e9483) x 9 0xffffffff mem 0x80015f8e
core   0: 0x80009fc4 (0x00d63fb3) sltu    t6, a2, a3
core   0: 3 0x80009fc4 (0x00d63fb3) x31 0x00000000
core   0: 0x80009fc8 (0xfeded283) lhu     t0, -19(t4)
core   0: 3 0x80009fc8 (0xfeded283) x 5 0x00002414 mem 0x80015f94
core   0: 0x80009fcc (0xd1fdaa93) slti    s5, s11, -737
core   0: 3 0x80009fcc (0xd1fdaa93) x21 0x00000000
core   0: 0x80009fd0 (0xfefe8a03) lb      s4, -17(t4)
core   0: 3 0x80009fd0 (0xfefe8a03) x20 0xffffffd4 mem 0x80015f96
core   0: 0x80009fd4 (0xfc8eaca3) sw      s0, -39(t4)
core   0: 3 0x80009fd4 (0xfc8eaca3) mem 0x80015f80 0x5f7efdc0
core   0: 0x80009fd8 (0x01823ab3) sltu    s5, tp, s8
core   0: 3 0x80009fd8 (0x01823ab3) x21 0x00000001
core   0: 0x80009fdc (0x40b7d033) sra     zero, a5, a1
core   0: 3 0x80009fdc (0x40b7d033)
core   0: 0x80009fe0 (0xdcca7913) andi    s2, s4, -564
core   0: 3 0x80009fe0 (0xdcca7913) x18 0xfffffdc4
core   0: 0x80009fe4 (0x411b51b3) sra     gp, s6, a7
core   0: 3 0x80009fe4 (0x411b51b3) x 3 0xfffffff3
core   0: 0x80009fe8 (0x000c6533) or      a0, s8, zero
core   0: 3 0x80009fe8 (0x000c6533) x10 0x00005c2c
core   0: 0x80009fec (0xffaec483) lbu     s1, -6(t4)
core   0: 3 0x80009fec (0xffaec483) x 9 0x000000c5 mem 0x80015fa1
core   0: 0x80009ff0 (0x0000100f) fence.i
core   0: 3 0x80009ff0 (0x0000100f)
core   0: 0x80009ff4 (0x00e72fb3) slt     t6, a4, a4
core   0: 3 0x80009ff4 (0x00e72fb3) x31 0x00000000
core   0: 0x80009ff8 (0x4057d013) srai    zero, a5, 5
core   0: 3 0x80009ff8 (0x4057d013)
core   0: 0x80009ffc (0x019e6533) or      a0, t3, s9
core   0: 3 0x80009ffc (0x019e6533) x10 0xffff5d6f
core   0: 0x8000a000 (0x016b4cb3) xor     s9, s6, s6
core   0: 3 0x8000a000 (0x016b4cb3) x25 0x00000000
core   0: 0x8000a004 (0xa953ca37) lui     s4, 0xa953c
core   0: 3 0x8000a004 (0xa953ca37) x20 0xa953c000
core   0: 0x8000a008 (0x03becc03) lbu     s8, 59(t4)
core   0: 3 0x8000a008 (0x03becc03) x24 0x00000000 mem 0x80015fe2
core   0: 0x8000a00c (0xfcfe8023) sb      a5, -64(t4)
core   0: 3 0x8000a00c (0xfcfe8023) mem 0x80015f67 0xa7
core   0: 0x8000a010 (0x03ae8123) sb      s10, 34(t4)
core   0: 3 0x8000a010 (0x03ae8123) mem 0x80015fc9 0xe9
core   0: 0x8000a014 (0xe4092f13) slti    t5, s2, -448
core   0: 3 0x8000a014 (0xe4092f13) x30 0x00000001
core   0: 0x8000a018 (0x413782b3) sub     t0, a5, s3
core   0: 3 0x8000a018 (0x413782b3) x 5 0x80011fa7
core   0: 0x8000a01c (0x00000013) nop
core   0: 3 0x8000a01c (0x00000013)
core   0: 0x8000a020 (0xfc0e86a3) sb      zero, -51(t4)
core   0: 3 0x8000a020 (0xfc0e86a3) mem 0x80015f74 0x0
core   0: 0x8000a024 (0x00941a13) slli    s4, s0, 9
core   0: 3 0x8000a024 (0x00941a13) x20 0xfdfb8000
core   0: 0x8000a028 (0xfceeca83) lbu     s5, -50(t4)
core   0: 3 0x8000a028 (0xfceeca83) x21 0x00000084 mem 0x80015f75
core   0: 0x8000a02c (0x7b88e413) ori     s0, a7, 1976
core   0: 3 0x8000a02c (0x7b88e413) x 8 0xffffffbd
core   0: 0x8000a030 (0xfc3e8ba3) sb      gp, -41(t4)
core   0: 3 0x8000a030 (0xfc3e8ba3) mem 0x80015f7e 0xf3
core   0: 0x8000a034 (0x018ecc03) lbu     s8, 24(t4)
core   0: 3 0x8000a034 (0x018ecc03) x24 0x000000f6 mem 0x80015fbf
core   0: 0x8000a038 (0x02fe8b23) sb      a5, 54(t4)
core   0: 3 0x8000a038 (0x02fe8b23) mem 0x80015fdd 0xa7
core   0: 0x8000a03c (0x0179b8b3) sltu    a7, s3, s7
core   0: 3 0x8000a03c (0x0179b8b3) x17 0x00000001
core   0: 0x8000a040 (0xfd9e8503) lb      a0, -39(t4)
core   0: 3 0x8000a040 (0xfd9e8503) x10 0xffffffc0 mem 0x80015f80
core   0: 0x8000a044 (0x005eda03) lhu     s4, 5(t4)
core   0: 3 0x8000a044 (0x005eda03) x20 0x0000f06f mem 0x80015fac
core   0: 0x8000a048 (0x00000013) nop
core   0: 3 0x8000a048 (0x00000013)
core   0: 0x8000a04c (0x9f0ea193) slti    gp, t4, -1552
core   0: 3 0x8000a04c (0x9f0ea193) x 3 0x00000001
core   0: 0x8000a050 (0xfd4ec503) lbu     a0, -44(t4)
core   0: 3 0x8000a050 (0xfd4ec503) x10 0x00000000 mem 0x80015f7b
core   0: 0x8000a054 (0x0000bd17) auipc   s10, 0xb
core   0: 3 0x8000a054 (0x0000bd17) x26 0x80015054
core   0: 0x8000a058 (0x018d0d13) addi    s10, s10, 24
core   0: 3 0x8000a058 (0x018d0d13) x26 0x8001506c
core   0: 0x8000a05c (0x00bd4183) lbu     gp, 11(s10)
core   0: 3 0x8000a05c (0x00bd4183) x 3 0x00000019 mem 0x80015077
core   0: 0x8000a060 (0xffbd4803) lbu     a6, -5(s10)
core   0: 3 0x8000a060 (0xffbd4803) x16 0x000000ce mem 0x80015067
core   0: 0x8000a064 (0xde723193) sltiu   gp, tp, -537
core   0: 3 0x8000a064 (0xde723193) x 3 0x00000001
core   0: 0x8000a068 (0xfe0d0da3) sb      zero, -5(s10)
core   0: 3 0x8000a068 (0xfe0d0da3) mem 0x80015067 0x0
core   0: 0x8000a06c (0x019d1823) sh      s9, 16(s10)
core   0: 3 0x8000a06c (0x019d1823) mem 0x8001507c 0x0000
core   0: 0x8000a070 (0x003d0183) lb      gp, 3(s10)
core   0: 3 0x8000a070 (0x003d0183) x 3 0x00000002 mem 0x8001506f
core   0: 0x8000a074 (0xffdd1e23) sh      t4, -4(s10)
core   0: 3 0x8000a074 (0xffdd1e23) mem 0x80015068 0x5fa7
core   0: 0x8000a078 (0x006d2023) sw      t1, 0(s10)
core   0: 3 0x8000a078 (0x006d2023) mem 0x8001506c 0x00000000
core   0: 0x8000a07c (0x000d4783) lbu     a5, 0(s10)
core   0: 3 0x8000a07c (0x000d4783) x15 0x00000000 mem 0x8001506c
core   0: 0x8000a080 (0x00ad4183) lbu     gp, 10(s10)
core   0: 3 0x8000a080 (0x00ad4183) x 3 0x0000005c mem 0x80015076
core   0: 0x8000a084 (0x83daff93) andi    t6, s5, -1987
core   0: 3 0x8000a084 (0x83daff93) x31 0x00000004
core   0: 0x8000a088 (0xff5d0ba3) sb      s5, -9(s10)
core   0: 3 0x8000a088 (0xff5d0ba3) mem 0x80015063 0x84
core   0: 0x8000a08c (0x001d1523) sh      ra, 10(s10)
core   0: 3 0x8000a08c (0x001d1523) mem 0x80015076 0xe402
core   0: 0x8000a090 (0x006d0a03) lb      s4, 6(s10)
core   0: 3 0x8000a090 (0x006d0a03) x20 0xffffffd1 mem 0x80015072
core   0: 0x8000a094 (0xff6d1503) lh      a0, -10(s10)
core   0: 3 0x8000a094 (0xff6d1503) x10 0xffff8494 mem 0x80015062
core   0: 0x8000a098 (0xfeed1823) sh      a4, -16(s10)
core   0: 3 0x8000a098 (0xfeed1823) mem 0x8001505c 0xe000
core   0: 0x8000a09c (0x0003f733) and     a4, t2, zero
core   0: 3 0x8000a09c (0x0003f733) x14 0x00000000
core   0: 0x8000a0a0 (0x001d0a83) lb      s5, 1(s10)
core   0: 3 0x8000a0a0 (0x001d0a83) x21 0x00000000 mem 0x8001506d
core   0: 0x8000a0a4 (0x002d4183) lbu     gp, 2(s10)
core   0: 3 0x8000a0a4 (0x002d4183) x 3 0x00000000 mem 0x8001506e
core   0: 0x8000a0a8 (0x00000013) nop
core   0: 3 0x8000a0a8 (0x00000013)
core   0: 0x8000a0ac (0x00dd06a3) sb      a3, 13(s10)
core   0: 3 0x8000a0ac (0x00dd06a3) mem 0x80015079 0x0
core   0: 0x8000a0b0 (0x0000b517) auipc   a0, 0xb
core   0: 3 0x8000a0b0 (0x0000b517) x10 0x800150b0
core   0: 0x8000a0b4 (0x11650513) addi    a0, a0, 278
core   0: 3 0x8000a0b4 (0x11650513) x10 0x800151c6
core   0: 0x8000a0b8 (0x01154883) lbu     a7, 17(a0)
core   0: 3 0x8000a0b8 (0x01154883) x17 0x000000c5 mem 0x800151d7
core   0: 0x8000a0bc (0x02855b83) lhu     s7, 40(a0)
core   0: 3 0x8000a0bc (0x02855b83) x23 0x00002f86 mem 0x800151ee
core   0: 0x8000a0c0 (0x00f506a3) sb      a5, 13(a0)
core   0: 3 0x8000a0c0 (0x00f506a3) mem 0x800151d3 0x0
core   0: 0x8000a0c4 (0xff850203) lb      tp, -8(a0)
core   0: 3 0x8000a0c4 (0xff850203) x 4 0xfffffff8 mem 0x800151be
core   0: 0x8000a0c8 (0x03354b83) lbu     s7, 51(a0)
core   0: 3 0x8000a0c8 (0x03354b83) x23 0x00000000 mem 0x800151f9
core   0: 0x8000a0cc (0x41e70433) sub     s0, a4, t5
core   0: 3 0x8000a0cc (0x41e70433) x 8 0xffffffff
core   0: 0x8000a0d0 (0x5c0c4093) xori    ra, s8, 1472
core   0: 3 0x8000a0d0 (0x5c0c4093) x 1 0x00000536
core   0: 0x8000a0d4 (0xfe255603) lhu     a2, -30(a0)
core   0: 3 0x8000a0d4 (0xfe255603) x12 0x00005610 mem 0x800151a8
core   0: 0x8000a0d8 (0x00b50e03) lb      t3, 11(a0)
core   0: 3 0x8000a0d8 (0x00b50e03) x28 0xfffffff0 mem 0x800151d1
core   0: 0x8000a0dc (0xfd854a03) lbu     s4, -40(a0)
core   0: 3 0x8000a0dc (0xfd854a03) x20 0x000000e4 mem 0x8001519e
core   0: 0x8000a0e0 (0x00150d83) lb      s11, 1(a0)
core   0: 3 0x8000a0e0 (0x00150d83) x27 0xffffffe5 mem 0x800151c7
core   0: 0x8000a0e4 (0xe4236093) ori     ra, t1, -446
core   0: 3 0x8000a0e4 (0xe4236093) x 1 0xfffffe42
core   0: 0x8000a0e8 (0xffe50ea3) sb      t5, -3(a0)
core   0: 3 0x8000a0e8 (0xffe50ea3) mem 0x800151c3 0x1
core   0: 0x8000a0ec (0x00233433) sltu    s0, t1, sp
core   0: 3 0x8000a0ec (0x00233433) x 8 0x00000001
core   0: 0x8000a0f0 (0xfdc55703) lhu     a4, -36(a0)
core   0: 3 0x8000a0f0 (0xfdc55703) x14 0x0000fc02 mem 0x800151a2
core   0: 0x8000a0f4 (0x01d74733) xor     a4, a4, t4
core   0: 3 0x8000a0f4 (0x01d74733) x14 0x8001a3a5
core   0: 0x8000a0f8 (0x00554683) lbu     a3, 5(a0)
core   0: 3 0x8000a0f8 (0x00554683) x13 0x0000002a mem 0x800151cb
core   0: 0x8000a0fc (0xff055803) lhu     a6, -16(a0)
core   0: 3 0x8000a0fc (0xff055803) x16 0x00007f50 mem 0x800151b6
core   0: 0x8000a100 (0x0ff0000f) fence   iorw,iorw
core   0: 3 0x8000a100 (0x0ff0000f)
core   0: 0x8000a104 (0x41d35f93) srai    t6, t1, 29
core   0: 3 0x8000a104 (0x41d35f93) x31 0x00000000
core   0: 0x8000a108 (0xfc852123) sw      s0, -62(a0)
core   0: 3 0x8000a108 (0xfc852123) mem 0x80015188 0x00000001
core   0: 0x8000a10c (0xfd455703) lhu     a4, -44(a0)
core   0: 3 0x8000a10c (0xfd455703) x14 0x0000856e mem 0x8001519a
core   0: 0x8000a110 (0x00954203) lbu     tp, 9(a0)
core   0: 3 0x8000a110 (0x00954203) x 4 0x0000006a mem 0x800151cf
core   0: 0x8000a114 (0x02051423) sh      zero, 40(a0)
core   0: 3 0x8000a114 (0x02051423) mem 0x800151ee 0x0000
core   0: 0x8000a118 (0xfec51903) lh      s2, -20(a0)
core   0: 3 0x8000a118 (0xfec51903) x18 0x00002044 mem 0x800151b2
core   0: 0x8000a11c (0x03354603) lbu     a2, 51(a0)
core   0: 3 0x8000a11c (0x03354603) x12 0x00000000 mem 0x800151f9
core   0: 0x8000a120 (0x00e4ff33) and     t5, s1, a4
core   0: 3 0x8000a120 (0x00e4ff33) x30 0x00000044
core   0: 0x8000a124 (0xfdf508a3) sb      t6, -47(a0)
core   0: 3 0x8000a124 (0xfdf508a3) mem 0x80015197 0x0
core   0: 0x8000a128 (0x03d50c03) lb      s8, 61(a0)
core   0: 3 0x8000a128 (0x03d50c03) x24 0x00000033 mem 0x80015203
core   0: 0x8000a12c (0x02652783) lw      a5, 38(a0)
core   0: 3 0x8000a12c (0x02652783) x15 0x00006ad6 mem 0x800151ec
core   0: 0x8000a130 (0x02550303) lb      t1, 37(a0)
core   0: 3 0x8000a130 (0x02550303) x 6 0x00000058 mem 0x800151eb
core   0: 0x8000a134 (0x02c51e03) lh      t3, 44(a0)
core   0: 3 0x8000a134 (0x02c51e03) x28 0x00003ee6 mem 0x800151f2
core   0: 0x8000a138 (0x000f0e33) add     t3, t5, zero
core   0: 3 0x8000a138 (0x000f0e33) x28 0x00000044
core   0: 0x8000a13c (0xffd50e83) lb      t4, -3(a0)
core   0: 3 0x8000a13c (0xffd50e83) x29 0x00000001 mem 0x800151c3
core   0: 0x8000a140 (0x41b482b3) sub     t0, s1, s11
core   0: 3 0x8000a140 (0x41b482b3) x 5 0x000000e0
core   0: 0x8000a144 (0x00754283) lbu     t0, 7(a0)
core   0: 3 0x8000a144 (0x00754283) x 5 0x0000001d mem 0x800151cd
core   0: 0x8000a148 (0x010759b3) srl     s3, a4, a6
core   0: 3 0x8000a148 (0x010759b3) x19 0x00000000
core   0: 0x8000a14c (0x02850303) lb      t1, 40(a0)
core   0: 3 0x8000a14c (0x02850303) x 6 0x00000000 mem 0x800151ee
core   0: 0x8000a150 (0x02f54703) lbu     a4, 47(a0)
core   0: 3 0x8000a150 (0x02f54703) x14 0x000000c0 mem 0x800151f5
core   0: 0x8000a154 (0x528ec193) xori    gp, t4, 1320
core   0: 3 0x8000a154 (0x528ec193) x 3 0x00000529
core   0: 0x8000a158 (0x01ce8e33) add     t3, t4, t3
core   0: 3 0x8000a158 (0x01ce8e33) x28 0x00000045
core   0: 0x8000a15c (0xfe651923) sh      t1, -14(a0)
core   0: 3 0x8000a15c (0xfe651923) mem 0x800151b8 0x0000
core   0: 0x8000a160 (0xfc851123) sh      s0, -62(a0)
core   0: 3 0x8000a160 (0xfc851123) mem 0x80015188 0x0001
core   0: 0x8000a164 (0x0001b417) auipc   s0, 0x1b
core   0: 3 0x8000a164 (0x0001b417) x 8 0x80025164
core   0: 0x8000a168 (0x4c540413) addi    s0, s0, 1221
core   0: 3 0x8000a168 (0x4c540413) x 8 0x80025629
core   0: 0x8000a16c (0xf7b40423) sb      s11, -152(s0)
core   0: 3 0x8000a16c (0xf7b40423) mem 0x80025591 0xe5
core   0: 0x8000a170 (0xf6840f83) lb      t6, -152(s0)
core   0: 3 0x8000a170 (0xf6840f83) x31 0xffffffe5 mem 0x80025591
core   0: 0x8000a174 (0x08044083) lbu     ra, 128(s0)
core   0: 3 0x8000a174 (0x08044083) x 1 0x00000034 mem 0x800256a9
core   0: 0x8000a178 (0xf0044a03) lbu     s4, -256(s0)
core   0: 3 0x8000a178 (0xf0044a03) x20 0x0000009b mem 0x80025529
core   0: 0x8000a17c (0x0d545903) lhu     s2, 213(s0)
core   0: 3 0x8000a17c (0x0d545903) x18 0x0000dfec mem 0x800256fe
core   0: 0x8000a180 (0x0d541183) lh      gp, 213(s0)
core   0: 3 0x8000a180 (0x0d541183) x 3 0xffffdfec mem 0x800256fe
core   0: 0x8000a184 (0x0023b4b3) sltu    s1, t2, sp
core   0: 3 0x8000a184 (0x0023b4b3) x 9 0x00000001
core   0: 0x8000a188 (0x07240903) lb      s2, 114(s0)
core   0: 3 0x8000a188 (0x07240903) x18 0xffffff88 mem 0x8002569b
core   0: 0x8000a18c (0x0ff0000f) fence   iorw,iorw
core   0: 3 0x8000a18c (0x0ff0000f)
core   0: 0x8000a190 (0x8f0f9f17) auipc   t5, 0x8f0f9
core   0: 3 0x8000a190 (0x8f0f9f17) x30 0x0f103190
core   0: 0x8000a194 (0x07240383) lb      t2, 114(s0)
core   0: 3 0x8000a194 (0x07240383) x 7 0xffffff88 mem 0x8002569b
core   0: 0x8000a198 (0x4117da33) sra     s4, a5, a7
core   0: 3 0x8000a198 (0x4117da33) x20 0x00000356
core   0: 0x8000a19c (0xf1844983) lbu     s3, -232(s0)
core   0: 3 0x8000a19c (0xf1844983) x19 0x000000c3 mem 0x80025541
core   0: 0x8000a1a0 (0x0cc400a3) sb      a2, 193(s0)
core   0: 3 0x8000a1a0 (0x0cc400a3) mem 0x800256ea 0x0
core   0: 0x8000a1a4 (0x00044c83) lbu     s9, 0(s0)
core   0: 3 0x8000a1a4 (0x00044c83) x25 0x00000060 mem 0x80025629
core   0: 0x8000a1a8 (0x0ff0000f) fence   iorw,iorw
core   0: 3 0x8000a1a8 (0x0ff0000f)
core   0: 0x8000a1ac (0x08740aa3) sb      t2, 149(s0)
core   0: 3 0x8000a1ac (0x08740aa3) mem 0x800256be 0x88
core   0: 0x8000a1b0 (0xfc2415a3) sh      sp, -53(s0)
core   0: 3 0x8000a1b0 (0xfc2415a3) mem 0x800255f4 0xae64
core   0: 0x8000a1b4 (0xf2545083) lhu     ra, -219(s0)
core   0: 3 0x8000a1b4 (0xf2545083) x 1 0x0000b84d mem 0x8002554e
core   0: 0x8000a1b8 (0x00016717) auipc   a4, 0x16
core   0: 3 0x8000a1b8 (0x00016717) x14 0x800201b8
core   0: 0x8000a1bc (0x9b470713) addi    a4, a4, -1612
core   0: 3 0x8000a1bc (0x9b470713) x14 0x8001fb6c
core   0: 0x8000a1c0 (0x7dc73393) sltiu   t2, a4, 2012
core   0: 3 0x8000a1c0 (0x7dc73393) x 7 0x00000000
core   0: 0x8000a1c4 (0xb2e70723) sb      a4, -1234(a4)
core   0: 3 0x8000a1c4 (0xb2e70723) mem 0x8001f69a 0x6c
core   0: 0x8000a1c8 (0x00000013) nop
core   0: 3 0x8000a1c8 (0x00000013)
core   0: 0x8000a1cc (0x33f70f03) lb      t5, 831(a4)
core   0: 3 0x8000a1cc (0x33f70f03) x30 0xffffffbd mem 0x8001feab
core   0: 0x8000a1d0 (0x6ef70903) lb      s2, 1775(a4)
core   0: 3 0x8000a1d0 (0x6ef70903) x18 0x00000063 mem 0x8002025b
core   0: 0x8000a1d4 (0x41d05a33) sra     s4, zero, t4
core   0: 3 0x8000a1d4 (0x41d05a33) x20 0x00000000
core   0: 0x8000a1d8 (0xd6a48f93) addi    t6, s1, -662
core   0: 3 0x8000a1d8 (0xd6a48f93) x31 0xfffffd6b
core   0: 0x8000a1dc (0x35460a13) addi    s4, a2, 852
core   0: 3 0x8000a1dc (0x35460a13) x20 0x00000354
core   0: 0x8000a1e0 (0x010d8f33) add     t5, s11, a6
core   0: 3 0x8000a1e0 (0x010d8f33) x30 0x00007f35
core   0: 0x8000a1e4 (0x932da997) auipc   s3, 0x932da
core   0: 3 0x8000a1e4 (0x932da997) x19 0x132e41e4
core   0: 0x8000a1e8 (0x9af74f03) lbu     t5, -1617(a4)
core   0: 3 0x8000a1e8 (0x9af74f03) x30 0x0000001c mem 0x8001f51b
core   0: 0x8000a1ec (0x33574283) lbu     t0, 821(a4)
core   0: 3 0x8000a1ec (0x33574283) x 5 0x00000081 mem 0x8001fea1
core   0: 0x8000a1f0 (0x7c170503) lb      a0, 1985(a4)
core   0: 3 0x8000a1f0 (0x7c170503) x10 0x0000003c mem 0x8002032d
core   0: 0x8000a1f4 (0x0ff0000f) fence   iorw,iorw
core   0: 3 0x8000a1f4 (0x0ff0000f)
core   0: 0x8000a1f8 (0xf0570603) lb      a2, -251(a4)
core   0: 3 0x8000a1f8 (0xf0570603) x12 0x00000049 mem 0x8001fa71
core   0: 0x8000a1fc (0x3bd74803) lbu     a6, 957(a4)
core   0: 3 0x8000a1fc (0x3bd74803) x16 0x000000de mem 0x8001ff29
core   0: 0x8000a200 (0x72e75e83) lhu     t4, 1838(a4)
core   0: 3 0x8000a200 (0x72e75e83) x29 0x00006d8a mem 0x8002029a
core   0: 0x8000a204 (0x00f97db3) and     s11, s2, a5
core   0: 3 0x8000a204 (0x00f97db3) x27 0x00000042
core   0: 0x8000a208 (0x5ea75e83) lhu     t4, 1514(a4)
core   0: 3 0x8000a208 (0x5ea75e83) x29 0x00001d00 mem 0x80020156
core   0: 0x8000a20c (0x0d075183) lhu     gp, 208(a4)
core   0: 3 0x8000a20c (0x0d075183) x 3 0x0000e287 mem 0x8001fc3c
core   0: 0x8000a210 (0xda1a53b7) lui     t2, 0xda1a5
core   0: 3 0x8000a210 (0xda1a53b7) x 7 0xda1a5000
core   0: 0x8000a214 (0x93174803) lbu     a6, -1743(a4)
core   0: 3 0x8000a214 (0x93174803) x16 0x000000b5 mem 0x8001f49d
core   0: 0x8000a218 (0x09774a83) lbu     s5, 151(a4)
core   0: 3 0x8000a218 (0x09774a83) x21 0x00000079 mem 0x8001fc03
core   0: 0x8000a21c (0x08970c03) lb      s8, 137(a4)
core   0: 3 0x8000a21c (0x08970c03) x24 0x00000057 mem 0x8001fbf5
core   0: 0x8000a220 (0x0000c517) auipc   a0, 0xc
core   0: 3 0x8000a220 (0x0000c517) x10 0x80016220
core   0: 0x8000a224 (0x94850513) addi    a0, a0, -1720
core   0: 3 0x8000a224 (0x94850513) x10 0x80015b68
core   0: 0x8000a228 (0x00055283) lhu     t0, 0(a0)
core   0: 3 0x8000a228 (0x00055283) x 5 0x00008629 mem 0x80015b68
core   0: 0x8000a22c (0x03551f23) sh      s5, 62(a0)
core   0: 3 0x8000a22c (0x03551f23) mem 0x80015ba6 0x0079
core   0: 0x8000a230 (0xfe150403) lb      s0, -31(a0)
core   0: 3 0x8000a230 (0xfe150403) x 8 0x00000000 mem 0x80015b49
core   0: 0x8000a234 (0x506d7793) andi    a5, s10, 1286
core   0: 3 0x8000a234 (0x506d7793) x15 0x00000004
core   0: 0x8000a238 (0x00d4da93) srli    s5, s1, 13
core   0: 3 0x8000a238 (0x00d4da93) x21 0x00000000
core   0: 0x8000a23c (0xfe154183) lbu     gp, -31(a0)
core   0: 3 0x8000a23c (0xfe154183) x 3 0x00000000 mem 0x80015b49
core   0: 0x8000a240 (0xff351823) sh      s3, -16(a0)
core   0: 3 0x8000a240 (0xff351823) mem 0x80015b58 0x41e4
core   0: 0x8000a244 (0xfc750f83) lb      t6, -57(a0)
core   0: 3 0x8000a244 (0xfc750f83) x31 0xffffff90 mem 0x80015b2f
core   0: 0x8000a248 (0x9bcbac13) slti    s8, s7, -1604
core   0: 3 0x8000a248 (0x9bcbac13) x24 0x00000000
core   0: 0x8000a24c (0xfe654a03) lbu     s4, -26(a0)
core   0: 3 0x8000a24c (0xfe654a03) x20 0x00000076 mem 0x80015b4e
core   0: 0x8000a250 (0xfe651303) lh      t1, -26(a0)
core   0: 3 0x8000a250 (0xfe651303) x 6 0x00004a76 mem 0x80015b4e
core   0: 0x8000a254 (0xffa506a3) sb      s10, -19(a0)
core   0: 3 0x8000a254 (0xffa506a3) mem 0x80015b55 0x6c
core   0: 0x8000a258 (0xff050083) lb      ra, -16(a0)
core   0: 3 0x8000a258 (0xff050083) x 1 0xffffffe4 mem 0x80015b58
core   0: 0x8000a25c (0x02a50183) lb      gp, 42(a0)
core   0: 3 0x8000a25c (0x02a50183) x 3 0x00000072 mem 0x80015b92
core   0: 0x8000a260 (0x02e55783) lhu     a5, 46(a0)
core   0: 3 0x8000a260 (0x02e55783) x15 0x0000c00b mem 0x80015b96
core   0: 0x8000a264 (0xfe450483) lb      s1, -28(a0)
core   0: 3 0x8000a264 (0xfe450483) x 9 0xffffff97 mem 0x80015b4c
core   0: 0x8000a268 (0x03a54f03) lbu     t5, 58(a0)
core   0: 3 0x8000a268 (0x03a54f03) x30 0x00000030 mem 0x80015ba2
core   0: 0x8000a26c (0x01c502a3) sb      t3, 5(a0)
core   0: 3 0x8000a26c (0x01c502a3) mem 0x80015b6d 0x45
core   0: 0x8000a270 (0x012dd013) srli    zero, s11, 18
core   0: 3 0x8000a270 (0x012dd013)
core   0: 0x8000a274 (0xfc5505a3) sb      t0, -53(a0)
core   0: 3 0x8000a274 (0xfc5505a3) mem 0x80015b33 0x29
core   0: 0x8000a278 (0x01c032b3) snez    t0, t3
core   0: 3 0x8000a278 (0x01c032b3) x 5 0x00000001
core   0: 0x8000a27c (0xfef50fa3) sb      a5, -1(a0)
core   0: 3 0x8000a27c (0xfef50fa3) mem 0x80015b67 0xb
core   0: 0x8000a280 (0x0000b317) auipc   t1, 0xb
core   0: 3 0x8000a280 (0x0000b317) x 6 0x80015280
core   0: 0x8000a284 (0x38930313) addi    t1, t1, 905
core   0: 3 0x8000a284 (0x38930313) x 6 0x80015609
core   0: 0x8000a288 (0x0000ca97) auipc   s5, 0xc
core   0: 3 0x8000a288 (0x0000ca97) x21 0x80016288
core   0: 0x8000a28c (0xa3aa8a93) addi    s5, s5, -1478
core   0: 3 0x8000a28c (0xa3aa8a93) x21 0x80015cc2
core   0: 0x8000a290 (0x00f32603) lw      a2, 15(t1)
core   0: 3 0x8000a290 (0x00f32603) x12 0x018a8772 mem 0x80015618
core   0: 0x8000a294 (0xaeca8f03) lb      t5, -1300(s5)
core   0: 3 0x8000a294 (0xaeca8f03) x30 0xffffff8a mem 0x800157ae
core   0: 0x8000a298 (0xc03a8423) sb      gp, -1016(s5)
core   0: 3 0x8000a298 (0xc03a8423) mem 0x800158ca 0x72
core   0: 0x8000a29c (0xfea31da3) sh      a0, -5(t1)
core   0: 3 0x8000a29c (0xfea31da3) mem 0x80015604 0x5b68
core   0: 0x8000a2a0 (0x327ac903) lbu     s2, 807(s5)
core   0: 3 0x8000a2a0 (0x327ac903) x18 0x0000004f mem 0x80015fe9
core   0: 0x8000a2a4 (0xff732f83) lw      t6, -9(t1)
core   0: 3 0x8000a2a4 (0xff732f83) x31 0xc2abf526 mem 0x80015600
core   0: 0x8000a2a8 (0xdbca85a3) sb      t3, -597(s5)
core   0: 3 0x8000a2a8 (0xdbca85a3) mem 0x80015a6d 0x45
core   0: 0x8000a2ac (0xff430983) lb      s3, -12(t1)
core   0: 3 0x8000a2ac (0xff430983) x19 0x00000073 mem 0x800155fd
core   0: 0x8000a2b0 (0xff8a8ea3) sb      s8, -3(s5)
core   0: 3 0x8000a2b0 (0xff8a8ea3) mem 0x80015cbf 0x0
core   0: 0x8000a2b4 (0xff735c03) lhu     s8, -9(t1)
core   0: 3 0x8000a2b4 (0xff735c03) x24 0x0000f526 mem 0x80015600
core   0: 0x8000a2b8 (0x00634983) lbu     s3, 6(t1)
core   0: 3 0x8000a2b8 (0x00634983) x19 0x00000054 mem 0x8001560f
core   0: 0x8000a2bc (0x00d316a3) sh      a3, 13(t1)
core   0: 3 0x8000a2bc (0x00d316a3) mem 0x80015616 0x002a
core   0: 0x8000a2c0 (0xde7a8923) sb      t2, -526(s5)
core   0: 3 0x8000a2c0 (0xde7a8923) mem 0x80015ab4 0x0
core   0: 0x8000a2c4 (0x01034a03) lbu     s4, 16(t1)
core   0: 3 0x8000a2c4 (0x01034a03) x20 0x00000087 mem 0x80015619
core   0: 0x8000a2c8 (0x23fa8183) lb      gp, 575(s5)
core   0: 3 0x8000a2c8 (0x23fa8183) x 3 0xfffffffc mem 0x80015f01
core   0: 0x8000a2cc (0x00634803) lbu     a6, 6(t1)
core   0: 3 0x8000a2cc (0x00634803) x16 0x00000054 mem 0x8001560f
core   0: 0x8000a2d0 (0xff830503) lb      a0, -8(t1)
core   0: 3 0x8000a2d0 (0xff830503) x10 0xfffffff5 mem 0x80015601
core   0: 0x8000a2d4 (0x928ad403) lhu     s0, -1752(s5)
core   0: 3 0x8000a2d4 (0x928ad403) x 8 0x00002ab2 mem 0x800155ea
core   0: 0x8000a2d8 (0x00012c97) auipc   s9, 0x12
core   0: 3 0x8000a2d8 (0x00012c97) x25 0x8001c2d8
core   0: 0x8000a2dc (0xe21c8c93) addi    s9, s9, -479
core   0: 3 0x8000a2dc (0xe21c8c93) x25 0x8001c0f9
core   0: 0x8000a2e0 (0x0e7c8323) sb      t2, 230(s9)
core   0: 3 0x8000a2e0 (0x0e7c8323) mem 0x8001c1df 0x0
core   0: 0x8000a2e4 (0x0e0cc003) lbu     zero, 224(s9)
core   0: 3 0x8000a2e4 (0x0e0cc003) mem 0x8001c1d9
core   0: 0x8000a2e8 (0x0e0c8e03) lb      t3, 224(s9)
core   0: 3 0x8000a2e8 (0x0e0c8e03) x28 0x00000003 mem 0x8001c1d9
core   0: 0x8000a2ec (0x0e0ccc03) lbu     s8, 224(s9)
core   0: 3 0x8000a2ec (0x0e0ccc03) x24 0x00000003 mem 0x8001c1d9
core   0: 0x8000a2f0 (0x016249b3) xor     s3, tp, s6
core   0: 3 0x8000a2f0 (0x016249b3) x19 0xfe61bb36
core   0: 0x8000a2f4 (0x0ffc8023) sb      t6, 224(s9)
core   0: 3 0x8000a2f4 (0x0ffc8023) mem 0x8001c1d9 0x26
core   0: 0x8000a2f8 (0x405c5a13) srai    s4, s8, 5
core   0: 3 0x8000a2f8 (0x405c5a13) x20 0x00000000
core   0: 0x8000a2fc (0x085c9a03) lh      s4, 133(s9)
core   0: 3 0x8000a2fc (0x085c9a03) x20 0xffffb675 mem 0x8001c17e
core   0: 0x8000a300 (0xffcc8b83) lb      s7, -4(s9)
core   0: 3 0x8000a300 (0xffcc8b83) x23 0x00000019 mem 0x8001c0f5
core   0: 0x8000a304 (0xfbec8683) lb      a3, -66(s9)
core   0: 3 0x8000a304 (0xfbec8683) x13 0xffffffe8 mem 0x8001c0b7
core   0: 0x8000a308 (0xf2cc8403) lb      s0, -212(s9)
core   0: 3 0x8000a308 (0xf2cc8403) x 8 0xffffffc4 mem 0x8001c025
core   0: 0x8000a30c (0x03acc883) lbu     a7, 58(s9)
core   0: 3 0x8000a30c (0x03acc883) x17 0x00000006 mem 0x8001c133
core   0: 0x8000a310 (0x03acc683) lbu     a3, 58(s9)
core   0: 3 0x8000a310 (0x03acc683) x13 0x00000006 mem 0x8001c133
core   0: 0x8000a314 (0x4be86d17) auipc   s10, 0x4be86
core   0: 3 0x8000a314 (0x4be86d17) x26 0xcbe90314
core   0: 0x8000a318 (0xf2cc8ea3) sb      a2, -195(s9)
core   0: 3 0x8000a318 (0xf2cc8ea3) mem 0x8001c036 0x72
core   0: 0x8000a31c (0x5534c613) xori    a2, s1, 1363
core   0: 3 0x8000a31c (0x5534c613) x12 0xfffffac4
core   0: 0x8000a320 (0xf90c85a3) sb      a6, -117(s9)
core   0: 3 0x8000a320 (0xf90c85a3) mem 0x8001c084 0x54
core   0: 0x8000a324 (0xf5acc503) lbu     a0, -166(s9)
core   0: 3 0x8000a324 (0xf5acc503) x10 0x00000005 mem 0x8001c053
core   0: 0x8000a328 (0xf5acc683) lbu     a3, -166(s9)
core   0: 3 0x8000a328 (0xf5acc683) x13 0x00000005 mem 0x8001c053
core   0: 0x8000a32c (0xf46c8d23) sb      t1, -166(s9)
core   0: 3 0x8000a32c (0xf46c8d23) mem 0x8001c053 0x9
core   0: 0x8000a330 (0x0f5ca5a3) sw      s5, 235(s9)
core   0: 3 0x8000a330 (0x0f5ca5a3) mem 0x8001c1e4 0x80015cc2
core   0: 0x8000a334 (0x0b9c8a83) lb      s5, 185(s9)
core   0: 3 0x8000a334 (0x0b9c8a83) x21 0x0000002b mem 0x8001c1b2
core   0: 0x8000a338 (0x0bcc9ca3) sh      t3, 185(s9)
core   0: 3 0x8000a338 (0x0bcc9ca3) mem 0x8001c1b2 0x0003
core   0: 0x8000a33c (0xf84c95a3) sh      tp, -117(s9)
core   0: 3 0x8000a33c (0xf84c95a3) mem 0x8001c084 0x006a
core   0: 0x8000a340 (0x0000d197) auipc   gp, 0xd
core   0: 3 0x8000a340 (0x0000d197) x 3 0x80017340
core   0: 0x8000a344 (0xd6a18193) addi    gp, gp, -662
core   0: 3 0x8000a344 (0xd6a18193) x 3 0x800170aa
core   0: 0x8000a348 (0xffe18ca3) sb      t5, -7(gp)
core   0: 3 0x8000a348 (0xffe18ca3) mem 0x800170a3 0x8a
core   0: 0x8000a34c (0xff91cc83) lbu     s9, -7(gp)
core   0: 3 0x8000a34c (0xff91cc83) x25 0x0000008a mem 0x800170a3
core   0: 0x8000a350 (0x016185a3) sb      s6, 11(gp)
core   0: 3 0x8000a350 (0x016185a3) mem 0x800170b5 0x5c
core   0: 0x8000a354 (0x00b18903) lb      s2, 11(gp)
core   0: 3 0x8000a354 (0x00b18903) x18 0x0000005c mem 0x800170b5
core   0: 0x8000a358 (0x003185a3) sb      gp, 11(gp)
core   0: 3 0x8000a358 (0x003185a3) mem 0x800170b5 0xaa
core   0: 0x8000a35c (0x00b1cd03) lbu     s10, 11(gp)
core   0: 3 0x8000a35c (0x00b1cd03) x26 0x000000aa mem 0x800170b5
core   0: 0x8000a360 (0x00b18b83) lb      s7, 11(gp)
core   0: 3 0x8000a360 (0x00b18b83) x23 0xffffffaa mem 0x800170b5
core   0: 0x8000a364 (0x00b1ca03) lbu     s4, 11(gp)
core   0: 3 0x8000a364 (0x00b1ca03) x20 0x000000aa mem 0x800170b5
core   0: 0x8000a368 (0x008185a3) sb      s0, 11(gp)
core   0: 3 0x8000a368 (0x008185a3) mem 0x800170b5 0xc4
core   0: 0x8000a36c (0x01a185a3) sb      s10, 11(gp)
core   0: 3 0x8000a36c (0x01a185a3) mem 0x800170b5 0xaa
core   0: 0x8000a370 (0x99dc8d17) auipc   s10, 0x99dc8
core   0: 3 0x8000a370 (0x99dc8d17) x26 0x19dd2370
core   0: 0x8000a374 (0x00b1c683) lbu     a3, 11(gp)
core   0: 3 0x8000a374 (0x00b1c683) x13 0x000000aa mem 0x800170b5
core   0: 0x8000a378 (0x00b18f03) lb      t5, 11(gp)
core   0: 3 0x8000a378 (0x00b18f03) x30 0xffffffaa mem 0x800170b5
core   0: 0x8000a37c (0x006185a3) sb      t1, 11(gp)
core   0: 3 0x8000a37c (0x006185a3) mem 0x800170b5 0x9
core   0: 0x8000a380 (0x00a185a3) sb      a0, 11(gp)
core   0: 3 0x8000a380 (0x00a185a3) mem 0x800170b5 0x5
core   0: 0x8000a384 (0x00b18603) lb      a2, 11(gp)
core   0: 3 0x8000a384 (0x00b18603) x12 0x00000005 mem 0x800170b5
core   0: 0x8000a388 (0x00b18b83) lb      s7, 11(gp)
core   0: 3 0x8000a388 (0x00b18b83) x23 0x00000005 mem 0x800170b5
core   0: 0x8000a38c (0x00011397) auipc   t2, 0x11
core   0: 3 0x8000a38c (0x00011397) x 7 0x8001b38c
core   0: 0x8000a390 (0x7f238393) addi    t2, t2, 2034
core   0: 3 0x8000a390 (0x7f238393) x 7 0x8001bb7e
core   0: 0x8000a394 (0xfe8389a3) sb      s0, -13(t2)
core   0: 3 0x8000a394 (0xfe8389a3) mem 0x8001bb71 0xc4
core   0: 0x8000a398 (0xfec389a3) sb      a2, -13(t2)
core   0: 3 0x8000a398 (0xfec389a3) mem 0x8001bb71 0x5
core   0: 0x8000a39c (0xff338c83) lb      s9, -13(t2)
core   0: 3 0x8000a39c (0xff338c83) x25 0x00000005 mem 0x8001bb71
core   0: 0x8000a3a0 (0xff338f83) lb      t6, -13(t2)
core   0: 3 0x8000a3a0 (0xff338f83) x31 0x00000005 mem 0x8001bb71
core   0: 0x8000a3a4 (0xff338183) lb      gp, -13(t2)
core   0: 3 0x8000a3a4 (0xff338183) x 3 0x00000005 mem 0x8001bb71
core   0: 0x8000a3a8 (0xff5389a3) sb      s5, -13(t2)
core   0: 3 0x8000a3a8 (0xff5389a3) mem 0x8001bb71 0x2b
core   0: 0x8000a3ac (0x408d8633) sub     a2, s11, s0
core   0: 3 0x8000a3ac (0x408d8633) x12 0x0000007e
core   0: 0x8000a3b0 (0x3dd24d93) xori    s11, tp, 989
core   0: 3 0x8000a3b0 (0x3dd24d93) x27 0x000003b7
core   0: 0x8000a3b4 (0xff33c283) lbu     t0, -13(t2)
core   0: 3 0x8000a3b4 (0xff33c283) x 5 0x0000002b mem 0x8001bb71
core   0: 0x8000a3b8 (0xff33c503) lbu     a0, -13(t2)
core   0: 3 0x8000a3b8 (0xff33c503) x10 0x0000002b mem 0x8001bb71
core   0: 0x8000a3bc (0x015b9eb3) sll     t4, s7, s5
core   0: 3 0x8000a3bc (0x015b9eb3) x29 0x00002800
core   0: 0x8000a3c0 (0x41a85d33) sra     s10, a6, s10
core   0: 3 0x8000a3c0 (0x41a85d33) x26 0x00000000
core   0: 0x8000a3c4 (0x003381a3) sb      gp, 3(t2)
core   0: 3 0x8000a3c4 (0x003381a3) mem 0x8001bb81 0x5
core   0: 0x8000a3c8 (0x01847533) and     a0, s0, s8
core   0: 3 0x8000a3c8 (0x01847533) x10 0x00000000
core   0: 0x8000a3cc (0xffe3a303) lw      t1, -2(t2)
core   0: 3 0x8000a3cc (0xffe3a303) x 6 0x4310520e mem 0x8001bb7c
core   0: 0x8000a3d0 (0x0000b197) auipc   gp, 0xb
core   0: 3 0x8000a3d0 (0x0000b197) x 3 0x800153d0
core   0: 0x8000a3d4 (0x17018193) addi    gp, gp, 368
core   0: 3 0x8000a3d4 (0x17018193) x 3 0x80015540
core   0: 0x8000a3d8 (0x007b18b3) sll     a7, s6, t2
core   0: 3 0x8000a3d8 (0x007b18b3) x17 0x00000000
core   0: 0x8000a3dc (0x5d219083) lh      ra, 1490(gp)
core   0: 3 0x8000a3dc (0x5d219083) x 1 0x00006ab7 mem 0x80015b12
core   0: 0x8000a3e0 (0x59918783) lb      a5, 1433(gp)
core   0: 3 0x8000a3e0 (0x59918783) x15 0xffffffeb mem 0x80015ad9
core   0: 0x8000a3e4 (0x1d3180a3) sb      s3, 449(gp)
core   0: 3 0x8000a3e4 (0x1d3180a3) mem 0x80015701 0x36
core   0: 0x8000a3e8 (0x00a76f33) or      t5, a4, a0
core   0: 3 0x8000a3e8 (0x00a76f33) x30 0x8001fb6c
core   0: 0x8000a3ec (0x6351a423) sw      s5, 1576(gp)
core   0: 3 0x8000a3ec (0x6351a423) mem 0x80015b68 0x0000002b
core   0: 0x8000a3f0 (0x0000100f) fence.i
core   0: 3 0x8000a3f0 (0x0000100f)
core   0: 0x8000a3f4 (0x00398033) add     zero, s3, gp
core   0: 3 0x8000a3f4 (0x00398033)
core   0: 0x8000a3f8 (0xe60188a3) sb      zero, -399(gp)
core   0: 3 0x8000a3f8 (0xe60188a3) mem 0x800153b1 0x0
core   0: 0x8000a3fc (0x39718da3) sb      s7, 923(gp)
core   0: 3 0x8000a3fc (0x39718da3) mem 0x800158db 0x5
core   0: 0x8000a400 (0xc299b813) sltiu   a6, s3, -983
core   0: 3 0x8000a400 (0xc299b813) x16 0x00000001
core   0: 0x8000a404 (0x1db18c23) sb      s11, 472(gp)
core   0: 3 0x8000a404 (0x1db18c23) mem 0x80015718 0xb7
core   0: 0x8000a408 (0x6ea1d603) lhu     a2, 1770(gp)
core   0: 3 0x8000a408 (0x6ea1d603) x12 0x000076a0 mem 0x80015c2a
core   0: 0x8000a40c (0x46118a03) lb      s4, 1121(gp)
core   0: 3 0x8000a40c (0x46118a03) x20 0x00000000 mem 0x800159a1
core   0: 0x8000a410 (0x3b91ca83) lbu     s5, 953(gp)
core   0: 3 0x8000a410 (0x3b91ca83) x21 0x000000e4 mem 0x800158f9
core   0: 0x8000a414 (0x3b51cf03) lbu     t5, 949(gp)
core   0: 3 0x8000a414 (0x3b51cf03) x30 0x000000cb mem 0x800158f5
core   0: 0x8000a418 (0x0521c703) lbu     a4, 82(gp)
core   0: 3 0x8000a418 (0x0521c703) x14 0x0000002d mem 0x80015592
core   0: 0x8000a41c (0x00df3c33) sltu    s8, t5, a3
core   0: 3 0x8000a41c (0x00df3c33) x24 0x00000000
core   0: 0x8000a420 (0xbf419403) lh      s0, -1036(gp)
core   0: 3 0x8000a420 (0xbf419403) x 8 0x00000042 mem 0x80015134
core   0: 0x8000a424 (0x000f0233) add     tp, t5, zero
core   0: 3 0x8000a424 (0x000f0233) x 4 0x000000cb
core   0: 0x8000a428 (0x5c81ae83) lw      t4, 1480(gp)
core   0: 3 0x8000a428 (0x5c81ae83) x29 0xd528b88d mem 0x80015b08
core   0: 0x8000a42c (0x00000013) nop
core   0: 3 0x8000a42c (0x00000013)
core   0: 0x8000a430 (0x55219383) lh      t2, 1362(gp)
core   0: 3 0x8000a430 (0x55219383) x 7 0x000045c9 mem 0x80015a92
core   0: 0x8000a434 (0xc0162e37) lui     t3, 0xc0162
core   0: 3 0x8000a434 (0xc0162e37) x28 0xc0162000
core   0: 0x8000a438 (0xbd340093) addi    ra, s0, -1069
core   0: 3 0x8000a438 (0xbd340093) x 1 0xfffffc15
core   0: 0x8000a43c (0x01b6e833) or      a6, a3, s11
core   0: 3 0x8000a43c (0x01b6e833) x16 0x000003bf
core   0: 0x8000a440 (0xcdf182a3) sb      t6, -827(gp)
core   0: 3 0x8000a440 (0xcdf182a3) mem 0x80015205 0x5
core   0: 0x8000a444 (0x019149b3) xor     s3, sp, s9
core   0: 3 0x8000a444 (0x019149b3) x19 0x8002ae61
core   0: 0x8000a448 (0x5a218723) sb      sp, 1454(gp)
core   0: 3 0x8000a448 (0x5a218723) mem 0x80015aee 0x64
core   0: 0x8000a44c (0x20f1c483) lbu     s1, 527(gp)
core   0: 3 0x8000a44c (0x20f1c483) x 9 0x000000f6 mem 0x8001574f
core   0: 0x8000a450 (0x00146cb3) or      s9, s0, ra
core   0: 3 0x8000a450 (0x00146cb3) x25 0xfffffc57
core   0: 0x8000a454 (0x70218283) lb      t0, 1794(gp)
core   0: 3 0x8000a454 (0x70218283) x 5 0xffffffed mem 0x80015c42
core   0: 0x8000a458 (0x019b1fb3) sll     t6, s6, s9
core   0: 3 0x8000a458 (0x019b1fb3) x31 0xae000000
core   0: 0x8000a45c (0x008ff6b3) and     a3, t6, s0
core   0: 3 0x8000a45c (0x008ff6b3) x13 0x00000000
core   0: 0x8000a460 (0x40168833) sub     a6, a3, ra
core   0: 3 0x8000a460 (0x40168833) x16 0x000003eb
core   0: 0x8000a464 (0xc1918703) lb      a4, -999(gp)
core   0: 3 0x8000a464 (0xc1918703) x14 0x00000058 mem 0x80015159
core   0: 0x8000a468 (0x55d18703) lb      a4, 1373(gp)
core   0: 3 0x8000a468 (0x55d18703) x14 0x00000064 mem 0x80015a9d
core   0: 0x8000a46c (0xb7718f83) lb      t6, -1161(gp)
core   0: 3 0x8000a46c (0xb7718f83) x31 0x0000001b mem 0x800150b7
core   0: 0x8000a470 (0x00000013) nop
core   0: 3 0x8000a470 (0x00000013)
core   0: 0x8000a474 (0x01b38933) add     s2, t2, s11
core   0: 3 0x8000a474 (0x01b38933) x18 0x00004980
core   0: 0x8000a478 (0xe3e189a3) sb      t5, -461(gp)
core   0: 3 0x8000a478 (0xe3e189a3) mem 0x80015373 0xcb
core   0: 0x8000a47c (0x0095ffb3) and     t6, a1, s1
core   0: 3 0x8000a47c (0x0095ffb3) x31 0x000000e4
core   0: 0x8000a480 (0x75918e03) lb      t3, 1881(gp)
core   0: 3 0x8000a480 (0x75918e03) x28 0x0000006c mem 0x80015c99
core   0: 0x8000a484 (0x0000b997) auipc   s3, 0xb
core   0: 3 0x8000a484 (0x0000b997) x19 0x80015484
core   0: 0x8000a488 (0xc3098993) addi    s3, s3, -976
core   0: 3 0x8000a488 (0xc3098993) x19 0x800150b4
core   0: 0x8000a48c (0xfe998b83) lb      s7, -23(s3)
core   0: 3 0x8000a48c (0xfe998b83) x23 0x00000030 mem 0x8001509d
core   0: 0x8000a490 (0x5de49c37) lui     s8, 0x5de49
core   0: 3 0x8000a490 (0x5de49c37) x24 0x5de49000
core   0: 0x8000a494 (0x0e799f23) sh      t2, 254(s3)
core   0: 3 0x8000a494 (0x0e799f23) mem 0x800151b2 0x45c9
core   0: 0x8000a498 (0x0fe9c303) lbu     t1, 254(s3)
core   0: 3 0x8000a498 (0x0fe9c303) x 6 0x000000c9 mem 0x800151b2
core   0: 0x8000a49c (0x15699823) sh      s6, 336(s3)
core   0: 3 0x8000a49c (0x15699823) mem 0x80015204 0xbb5c
core   0: 0x8000a4a0 (0x78498303) lb      t1, 1924(s3)
core   0: 3 0x8000a4a0 (0x78498303) x 6 0xffffff92 mem 0x80015838
core   0: 0x8000a4a4 (0x22598683) lb      a3, 549(s3)
core   0: 3 0x8000a4a4 (0x22598683) x13 0x00000023 mem 0x800152d9
core   0: 0x8000a4a8 (0x2259c383) lbu     t2, 549(s3)
core   0: 3 0x8000a4a8 (0x2259c383) x 7 0x00000023 mem 0x800152d9
core   0: 0x8000a4ac (0x22598603) lb      a2, 549(s3)
core   0: 3 0x8000a4ac (0x22598603) x12 0x00000023 mem 0x800152d9
core   0: 0x8000a4b0 (0x26a9a823) sw      a0, 624(s3)
core   0: 3 0x8000a4b0 (0x26a9a823) mem 0x80015324 0x00000000
core   0: 0x8000a4b4 (0x0b59c903) lbu     s2, 181(s3)
core   0: 3 0x8000a4b4 (0x0b59c903) x18 0x00000053 mem 0x80015169
core   0: 0x8000a4b8 (0x0b59c783) lbu     a5, 181(s3)
core   0: 3 0x8000a4b8 (0x0b59c783) x15 0x00000053 mem 0x80015169
core   0: 0x8000a4bc (0x4f89a903) lw      s2, 1272(s3)
core   0: 3 0x8000a4bc (0x4f89a903) x18 0x4ab9004b mem 0x800155ac
core   0: 0x8000a4c0 (0x010f14b3) sll     s1, t5, a6
core   0: 3 0x8000a4c0 (0x010f14b3) x 9 0x00065800
core   0: 0x8000a4c4 (0x4f89dc83) lhu     s9, 1272(s3)
core   0: 3 0x8000a4c4 (0x4f89dc83) x25 0x0000004b mem 0x800155ac
core   0: 0x8000a4c8 (0x0000b817) auipc   a6, 0xb
core   0: 3 0x8000a4c8 (0x0000b817) x16 0x800154c8
core   0: 0x8000a4cc (0x56780813) addi    a6, a6, 1383
core   0: 3 0x8000a4cc (0x56780813) x16 0x80015a2f
core   0: 0x8000a4d0 (0xc8c02f97) auipc   t6, 0xc8c02
core   0: 3 0x8000a4d0 (0xc8c02f97) x31 0x48c0c4d0
core   0: 0x8000a4d4 (0xc40dcb93) xori    s7, s11, -960
core   0: 3 0x8000a4d4 (0xc40dcb93) x23 0xfffffff7
core   0: 0x8000a4d8 (0x01780633) add     a2, a6, s7
core   0: 3 0x8000a4d8 (0x01780633) x12 0x80015a26
core   0: 0x8000a4dc (0x27884483) lbu     s1, 632(a6)
core   0: 3 0x8000a4dc (0x27884483) x 9 0x00000095 mem 0x80015ca7
core   0: 0x8000a4e0 (0x0000100f) fence.i
core   0: 3 0x8000a4e0 (0x0000100f)
core   0: 0x8000a4e4 (0x0000100f) fence.i
core   0: 3 0x8000a4e4 (0x0000100f)
core   0: 0x8000a4e8 (0x01d1dbb3) srl     s7, gp, t4
core   0: 3 0x8000a4e8 (0x01d1dbb3) x23 0x0004000a
core   0: 0x8000a4ec (0x0ff0000f) fence   iorw,iorw
core   0: 3 0x8000a4ec (0x0ff0000f)
core   0: 0x8000a4f0 (0x41e3d793) srai    a5, t2, 30
core   0: 3 0x8000a4f0 (0x41e3d793) x15 0x00000000
core   0: 0x8000a4f4 (0x40808733) sub     a4, ra, s0
core   0: 3 0x8000a4f4 (0x40808733) x14 0xfffffbd3
core   0: 0x8000a4f8 (0x29c80a83) lb      s5, 668(a6)
core   0: 3 0x8000a4f8 (0x29c80a83) x21 0x00000000 mem 0x80015ccb
core   0: 0x8000a4fc (0x00d281b3) add     gp, t0, a3
core   0: 3 0x8000a4fc (0x00d281b3) x 3 0x00000010
core   0: 0x8000a500 (0x59684883) lbu     a7, 1430(a6)
core   0: 3 0x8000a500 (0x59684883) x17 0x000000d3 mem 0x80015fc5
core   0: 0x8000a504 (0x007a0f33) add     t5, s4, t2
core   0: 3 0x8000a504 (0x007a0f33) x30 0x00000023
core   0: 0x8000a508 (0x640ce1b7) lui     gp, 0x640ce
core   0: 3 0x8000a508 (0x640ce1b7) x 3 0x640ce000
core   0: 0x8000a50c (0x00b69a33) sll     s4, a3, a1
core   0: 3 0x8000a50c (0x00b69a33) x20 0x00000230
core   0: 0x8000a510 (0xdc680d83) lb      s11, -570(a6)
core   0: 3 0x8000a510 (0xdc680d83) x27 0xffffff9f mem 0x800157f5
core   0: 0x8000a514 (0x87c32913) slti    s2, t1, -1924
core   0: 3 0x8000a514 (0x87c32913) x18 0x00000000
core   0: 0x8000a518 (0xe1180683) lb      a3, -495(a6)
core   0: 3 0x8000a518 (0xe1180683) x13 0xffffffb6 mem 0x80015840
core   0: 0x8000a51c (0x002b1333) sll     t1, s6, sp
core   0: 3 0x8000a51c (0x002b1333) x 6 0xe61bb5c0
core   0: 0x8000a520 (0x3575b193) sltiu   gp, a1, 855
core   0: 3 0x8000a520 (0x3575b193) x 3 0x00000000
core   0: 0x8000a524 (0x23284003) lbu     zero, 562(a6)
core   0: 3 0x8000a524 (0x23284003) mem 0x80015c61
core   0: 0x8000a528 (0xec281ea3) sh      sp, -291(a6)
core   0: 3 0x8000a528 (0xec281ea3) mem 0x8001590c 0xae64
core   0: 0x8000a52c (0x01fdb0b3) sltu    ra, s11, t6
core   0: 3 0x8000a52c (0x01fdb0b3) x 1 0x00000000
core   0: 0x8000a530 (0x0000100f) fence.i
core   0: 3 0x8000a530 (0x0000100f)
core   0: 0x8000a534 (0x000c7533) and     a0, s8, zero
core   0: 3 0x8000a534 (0x000c7533) x10 0x00000000
core   0: 0x8000a538 (0x14006337) lui     t1, 0x14006
core   0: 3 0x8000a538 (0x14006337) x 6 0x14006000
core   0: 0x8000a53c (0x009d4db3) xor     s11, s10, s1
core   0: 3 0x8000a53c (0x009d4db3) x27 0x00000095
core   0: 0x8000a540 (0xa4dabb93) sltiu   s7, s5, -1459
core   0: 3 0x8000a540 (0xa4dabb93) x23 0x00000001
core   0: 0x8000a544 (0x0000100f) fence.i
core   0: 3 0x8000a544 (0x0000100f)
core   0: 0x8000a548 (0x402c5d93) srai    s11, s8, 2
core   0: 3 0x8000a548 (0x402c5d93) x27 0x17792400
core   0: 0x8000a54c (0x00841b93) slli    s7, s0, 8
core   0: 3 0x8000a54c (0x00841b93) x23 0x00004200
core   0: 0x8000a550 (0x0020d033) srl     zero, ra, sp
core   0: 3 0x8000a550 (0x0020d033)
core   0: 0x8000a554 (0x01654633) xor     a2, a0, s6
core   0: 3 0x8000a554 (0x01654633) x12 0xfe61bb5c
core   0: 0x8000a558 (0x08280903) lb      s2, 130(a6)
core   0: 3 0x8000a558 (0x08280903) x18 0x00000013 mem 0x80015ab1
core   0: 0x8000a55c (0xc0b803a3) sb      a1, -1017(a6)
core   0: 3 0x8000a55c (0xc0b803a3) mem 0x80015636 0xe4
core   0: 0x8000a560 (0x1b280123) sb      s2, 418(a6)
core   0: 3 0x8000a560 (0x1b280123) mem 0x80015bd1 0x13
core   0: 0x8000a564 (0x00015317) auipc   t1, 0x15
core   0: 3 0x8000a564 (0x00015317) x 6 0x8001f564
core   0: 0x8000a568 (0x48630313) addi    t1, t1, 1158
core   0: 3 0x8000a568 (0x48630313) x 6 0x8001f9ea
core   0: 0x8000a56c (0x41e404b3) sub     s1, s0, t5
core   0: 3 0x8000a56c (0x41e404b3) x 9 0x0000001f
core   0: 0x8000a570 (0x01909a13) slli    s4, ra, 25
core   0: 3 0x8000a570 (0x01909a13) x20 0x00000000
core   0: 0x8000a574 (0x7a130ba3) sb      ra, 1975(t1)
core   0: 3 0x8000a574 (0x7a130ba3) mem 0x800201a1 0x0
core   0: 0x8000a578 (0x002eeeb3) or      t4, t4, sp
core   0: 3 0x8000a578 (0x002eeeb3) x29 0xd52abeed
core   0: 0x8000a57c (0x4cd34283) lbu     t0, 1229(t1)
core   0: 3 0x8000a57c (0x4cd34283) x 5 0x0000006d mem 0x8001feb7
core   0: 0x8000a580 (0x85b30c03) lb      s8, -1957(t1)
core   0: 3 0x8000a580 (0x85b30c03) x24 0xffffffb7 mem 0x8001f245
core   0: 0x8000a584 (0x00000013) nop
core   0: 3 0x8000a584 (0x00000013)
core   0: 0x8000a588 (0x012c3f33) sltu    t5, s8, s2
core   0: 3 0x8000a588 (0x012c3f33) x30 0x00000000
core   0: 0x8000a58c (0x405dd8b3) sra     a7, s11, t0
core   0: 3 0x8000a58c (0x405dd8b3) x17 0x0000bbc9
core   0: 0x8000a590 (0xcc6b0937) lui     s2, 0xcc6b0
core   0: 3 0x8000a590 (0xcc6b0937) x18 0xcc6b0000
core   0: 0x8000a594 (0x0000100f) fence.i
core   0: 3 0x8000a594 (0x0000100f)
core   0: 0x8000a598 (0xe1e34b83) lbu     s7, -482(t1)
core   0: 3 0x8000a598 (0xe1e34b83) x23 0x000000df mem 0x8001f808
core   0: 0x8000a59c (0xbac35903) lhu     s2, -1108(t1)
core   0: 3 0x8000a59c (0xbac35903) x18 0x0000707f mem 0x8001f596
core   0: 0x8000a5a0 (0xf35307a3) sb      s5, -209(t1)
core   0: 3 0x8000a5a0 (0xf35307a3) mem 0x8001f919 0x0
core   0: 0x8000a5a4 (0x5e934e83) lbu     t4, 1513(t1)
core   0: 3 0x8000a5a4 (0x5e934e83) x29 0x000000a9 mem 0x8001ffd3
core   0: 0x8000a5a8 (0x00000013) nop
core   0: 3 0x8000a5a8 (0x00000013)
core   0: 0x8000a5ac (0x52204913) xori    s2, zero, 1314
core   0: 3 0x8000a5ac (0x52204913) x18 0x00000522
core   0: 0x8000a5b0 (0xfce14713) xori    a4, sp, -50
core   0: 3 0x8000a5b0 (0xfce14713) x14 0x7ffd51aa
core   0: 0x8000a5b4 (0x8e296a13) ori     s4, s2, -1822
core   0: 3 0x8000a5b4 (0x8e296a13) x20 0xfffffde2
core   0: 0x8000a5b8 (0x65a30e23) sb      s10, 1628(t1)
core   0: 3 0x8000a5b8 (0x65a30e23) mem 0x80020046 0x0
core   0: 0x8000a5bc (0x16244197) auipc   gp, 0x16244
core   0: 3 0x8000a5bc (0x16244197) x 3 0x9624e5bc
core   0: 0x8000a5c0 (0x01ea74b3) and     s1, s4, t5
core   0: 3 0x8000a5c0 (0x01ea74b3) x 9 0x00000000
core   0: 0x8000a5c4 (0x41335833) sra     a6, t1, s3
core   0: 3 0x8000a5c4 (0x41335833) x16 0xfffff800
core   0: 0x8000a5c8 (0x419cd9b3) sra     s3, s9, s9
core   0: 3 0x8000a5c8 (0x419cd9b3) x19 0x00000000
core   0: 0x8000a5cc (0x4021d1b3) sra     gp, gp, sp
core   0: 3 0x8000a5cc (0x4021d1b3) x 3 0xf9624e5b
core   0: 0x8000a5d0 (0x99931e23) sh      s9, -1636(t1)
core   0: 3 0x8000a5d0 (0x99931e23) mem 0x8001f386 0x004b
core   0: 0x8000a5d4 (0x8a40c393) xori    t2, ra, -1884
core   0: 3 0x8000a5d4 (0x8a40c393) x 7 0xfffff8a4
core   0: 0x8000a5d8 (0xa227ec37) lui     s8, 0xa227e
core   0: 3 0x8000a5d8 (0xa227ec37) x24 0xa227e000
core   0: 0x8000a5dc (0x403fd233) sra     tp, t6, gp
core   0: 3 0x8000a5dc (0x403fd233) x 4 0x00000009
core   0: 0x8000a5e0 (0x01929d33) sll     s10, t0, s9
core   0: 3 0x8000a5e0 (0x01929d33) x26 0x00036800
core   0: 0x8000a5e4 (0x989af697) auipc   a3, 0x989af
core   0: 3 0x8000a5e4 (0x989af697) x13 0x189b95e4
core   0: 0x8000a5e8 (0x01e5adb3) slt     s11, a1, t5
core   0: 3 0x8000a5e8 (0x01e5adb3) x27 0x00000001
core   0: 0x8000a5ec (0x607d2d13) slti    s10, s10, 1543
core   0: 3 0x8000a5ec (0x607d2d13) x26 0x00000000
core   0: 0x8000a5f0 (0xed93c513) xori    a0, t2, -295
core   0: 3 0x8000a5f0 (0xed93c513) x10 0x0000067d
core   0: 0x8000a5f4 (0x01384233) xor     tp, a6, s3
core   0: 3 0x8000a5f4 (0x01384233) x 4 0xfffff800
core   0: 0x8000a5f8 (0x019a58b3) srl     a7, s4, s9
core   0: 3 0x8000a5f8 (0x019a58b3) x17 0x001fffff
core   0: 0x8000a5fc (0x00d87db3) and     s11, a6, a3
core   0: 3 0x8000a5fc (0x00d87db3) x27 0x189b9000
core   0: 0x8000a600 (0x6c831203) lh      tp, 1736(t1)
core   0: 3 0x8000a600 (0x6c831203) x 4 0x00006671 mem 0x800200b2
core   0: 0x8000a604 (0x00efcdb3) xor     s11, t6, a4
core   0: 3 0x8000a604 (0x00efcdb3) x27 0x373d957a
core   0: 0x8000a608 (0x6b632d03) lw      s10, 1718(t1)
core   0: 3 0x8000a608 (0x6b632d03) x26 0x587b586e mem 0x800200a0
core   0: 0x8000a60c (0x0000b717) auipc   a4, 0xb
core   0: 3 0x8000a60c (0x0000b717) x14 0x8001560c
core   0: 0x8000a610 (0x65270713) addi    a4, a4, 1618
core   0: 3 0x8000a610 (0x65270713) x14 0x80015c5e
core   0: 0x8000a614 (0x24170683) lb      a3, 577(a4)
core   0: 3 0x8000a614 (0x24170683) x13 0x00000045 mem 0x80015e9f
core   0: 0x8000a618 (0x24170f83) lb      t6, 577(a4)
core   0: 3 0x8000a618 (0x24170f83) x31 0x00000045 mem 0x80015e9f
core   0: 0x8000a61c (0x0000100f) fence.i
core   0: 3 0x8000a61c (0x0000100f)
core   0: 0x8000a620 (0x243700a3) sb      gp, 577(a4)
core   0: 3 0x8000a620 (0x243700a3) mem 0x80015e9f 0x5b
core   0: 0x8000a624 (0x24170c03) lb      s8, 577(a4)
core   0: 3 0x8000a624 (0x24170c03) x24 0x0000005b mem 0x80015e9f
core   0: 0x8000a628 (0x24170d83) lb      s11, 577(a4)
core   0: 3 0x8000a628 (0x24170d83) x27 0x0000005b mem 0x80015e9f
core   0: 0x8000a62c (0x24170503) lb      a0, 577(a4)
core   0: 3 0x8000a62c (0x24170503) x10 0x0000005b mem 0x80015e9f
core   0: 0x8000a630 (0x00f6f0b3) and     ra, a3, a5
core   0: 3 0x8000a630 (0x00f6f0b3) x 1 0x00000000
core   0: 0x8000a634 (0x24174d83) lbu     s11, 577(a4)
core   0: 3 0x8000a634 (0x24174d83) x27 0x0000005b mem 0x80015e9f
core   0: 0x8000a638 (0x00000013) nop
core   0: 3 0x8000a638 (0x00000013)
core   0: 0x8000a63c (0x24d700a3) sb      a3, 577(a4)
core   0: 3 0x8000a63c (0x24d700a3) mem 0x80015e9f 0x45
core   0: 0x8000a640 (0x24170e83) lb      t4, 577(a4)
core   0: 3 0x8000a640 (0x24170e83) x29 0x00000045 mem 0x80015e9f
core   0: 0x8000a644 (0x24170183) lb      gp, 577(a4)
core   0: 3 0x8000a644 (0x24170183) x 3 0x00000045 mem 0x80015e9f
core   0: 0x8000a648 (0x24174a03) lbu     s4, 577(a4)
core   0: 3 0x8000a648 (0x24174a03) x20 0x00000045 mem 0x80015e9f
core   0: 0x8000a64c (0x24170503) lb      a0, 577(a4)
core   0: 3 0x8000a64c (0x24170503) x10 0x00000045 mem 0x80015e9f
core   0: 0x8000a650 (0x243700a3) sb      gp, 577(a4)
core   0: 3 0x8000a650 (0x243700a3) mem 0x80015e9f 0x45
core   0: 0x8000a654 (0x24174f83) lbu     t6, 577(a4)
core   0: 3 0x8000a654 (0x24174f83) x31 0x00000045 mem 0x80015e9f
core   0: 0x8000a658 (0x24174303) lbu     t1, 577(a4)
core   0: 3 0x8000a658 (0x24174303) x 6 0x00000045 mem 0x80015e9f
core   0: 0x8000a65c (0x00f1ea33) or      s4, gp, a5
core   0: 3 0x8000a65c (0x00f1ea33) x20 0x00000045
core   0: 0x8000a660 (0x017b76b3) and     a3, s6, s7
core   0: 3 0x8000a660 (0x017b76b3) x13 0x0000005c
core   0: 0x8000a664 (0x3f29ed13) ori     s10, s3, 1010
core   0: 3 0x8000a664 (0x3f29ed13) x26 0x000003f2
core   0: 0x8000a668 (0x00c81293) slli    t0, a6, 12
core   0: 3 0x8000a668 (0x00c81293) x 5 0xff800000
core   0: 0x8000a66c (0x24174f03) lbu     t5, 577(a4)
core   0: 3 0x8000a66c (0x24174f03) x30 0x00000045 mem 0x80015e9f
core   0: 0x8000a670 (0x24170303) lb      t1, 577(a4)
core   0: 3 0x8000a670 (0x24170303) x 6 0x00000045 mem 0x80015e9f
core   0: 0x8000a674 (0x240700a3) sb      zero, 577(a4)
core   0: 3 0x8000a674 (0x240700a3) mem 0x80015e9f 0x0
core   0: 0x8000a678 (0x0000b317) auipc   t1, 0xb
core   0: 3 0x8000a678 (0x0000b317) x 6 0x80015678
core   0: 0x8000a67c (0xf6830313) addi    t1, t1, -152
core   0: 3 0x8000a67c (0xf6830313) x 6 0x800155e0
core   0: 0x8000a680 (0xfb974e13) xori    t3, a4, -71
core   0: 3 0x8000a680 (0xfb974e13) x28 0x7ffea3e7
core   0: 0x8000a684 (0xfca30683) lb      a3, -54(t1)
core   0: 3 0x8000a684 (0xfca30683) x13 0x0000002e mem 0x800155aa
core   0: 0x8000a688 (0x01e226b3) slt     a3, tp, t5
core   0: 3 0x8000a688 (0x01e226b3) x13 0x00000000
core   0: 0x8000a68c (0xa4ccab93) slti    s7, s9, -1460
core   0: 3 0x8000a68c (0xa4ccab93) x23 0x00000000
core   0: 0x8000a690 (0xfdd34803) lbu     a6, -35(t1)
core   0: 3 0x8000a690 (0xfdd34803) x16 0x00000069 mem 0x800155bd
core   0: 0x8000a694 (0x406ed293) srai    t0, t4, 6
core   0: 3 0x8000a694 (0x406ed293) x 5 0x00000001
core   0: 0x8000a698 (0x0087d633) srl     a2, a5, s0
core   0: 3 0x8000a698 (0x0087d633) x12 0x00000000
core   0: 0x8000a69c (0x02f31a23) sh      a5, 52(t1)
core   0: 3 0x8000a69c (0x02f31a23) mem 0x80015614 0x0000
core   0: 0x8000a6a0 (0x03730923) sb      s7, 50(t1)
core   0: 3 0x8000a6a0 (0x03730923) mem 0x80015612 0x0
core   0: 0x8000a6a4 (0x01432d03) lw      s10, 20(t1)
core   0: 3 0x8000a6a4 (0x01432d03) x26 0xb983677b mem 0x800155f4
core   0: 0x8000a6a8 (0xfdd30fa3) sb      t4, -33(t1)
core   0: 3 0x8000a6a8 (0xfdd30fa3) mem 0x800155bf 0x45
core   0: 0x8000a6ac (0x019307a3) sb      s9, 15(t1)
core   0: 3 0x8000a6ac (0x019307a3) mem 0x800155ef 0x4b
core   0: 0x8000a6b0 (0x00430983) lb      s3, 4(t1)
core   0: 3 0x8000a6b0 (0x00430983) x19 0x0000007a mem 0x800155e4
core   0: 0x8000a6b4 (0xfda32e23) sw      s10, -36(t1)
core   0: 3 0x8000a6b4 (0xfda32e23) mem 0x800155bc 0xb983677b
core   0: 0x8000a6b8 (0xff534e83) lbu     t4, -11(t1)
core   0: 3 0x8000a6b8 (0xff534e83) x29 0x000000df mem 0x800155d5
core   0: 0x8000a6bc (0xfc130d03) lb      s10, -63(t1)
core   0: 3 0x8000a6bc (0xfc130d03) x26 0x00000024 mem 0x800155a1
core   0: 0x8000a6c0 (0xfee30503) lb      a0, -18(t1)
core   0: 3 0x8000a6c0 (0xfee30503) x10 0xffffffa2 mem 0x800155ce
core   0: 0x8000a6c4 (0x00000013) nop
core   0: 3 0x8000a6c4 (0x00000013)
core   0: 0x8000a6c8 (0x00a7d713) srli    a4, a5, 10
core   0: 3 0x8000a6c8 (0x00a7d713) x14 0x00000000
core   0: 0x8000a6cc (0x00881793) slli    a5, a6, 8
core   0: 3 0x8000a6cc (0x00881793) x15 0x00006900
core   0: 0x8000a6d0 (0xfd930783) lb      a5, -39(t1)
core   0: 3 0x8000a6d0 (0xfd930783) x15 0x0000005b mem 0x800155b9
core   0: 0x8000a6d4 (0xff732623) sw      s7, -20(t1)
core   0: 3 0x8000a6d4 (0xff732623) mem 0x800155cc 0x00000000
core   0: 0x8000a6d8 (0xfdb0f737) lui     a4, 0xfdb0f
core   0: 3 0x8000a6d8 (0xfdb0f737) x14 0xfdb0f000
core   0: 0x8000a6dc (0x03f30c03) lb      s8, 63(t1)
core   0: 3 0x8000a6dc (0x03f30c03) x24 0x0000002f mem 0x8001561f
core   0: 0x8000a6e0 (0x012300a3) sb      s2, 1(t1)
core   0: 3 0x8000a6e0 (0x012300a3) mem 0x800155e1 0x22
core   0: 0x8000a6e4 (0xfe930783) lb      a5, -23(t1)
core   0: 3 0x8000a6e4 (0xfe930783) x15 0x00000044 mem 0x800155c9
core   0: 0x8000a6e8 (0xff830aa3) sb      s8, -11(t1)
core   0: 3 0x8000a6e8 (0xff830aa3) mem 0x800155d5 0x2f
core   0: 0x8000a6ec (0xffe307a3) sb      t5, -17(t1)
core   0: 3 0x8000a6ec (0xffe307a3) mem 0x800155cf 0x45
core   0: 0x8000a6f0 (0x741c8813) addi    a6, s9, 1857
core   0: 3 0x8000a6f0 (0x741c8813) x16 0x0000078c
core   0: 0x8000a6f4 (0x19b02893) slti    a7, zero, 411
core   0: 3 0x8000a6f4 (0x19b02893) x17 0x00000001
core   0: 0x8000a6f8 (0x01f9a7b3) slt     a5, s3, t6
core   0: 3 0x8000a6f8 (0x01f9a7b3) x15 0x00000000
core   0: 0x8000a6fc (0x00000013) nop
core   0: 3 0x8000a6fc (0x00000013)
core   0: 0x8000a700 (0x010bd833) srl     a6, s7, a6
core   0: 3 0x8000a700 (0x010bd833) x16 0x00000000
core   0: 0x8000a704 (0xffe30a03) lb      s4, -2(t1)
core   0: 3 0x8000a704 (0xffe30a03) x20 0x00000012 mem 0x800155de
core   0: 0x8000a708 (0x02634383) lbu     t2, 38(t1)
core   0: 3 0x8000a708 (0x02634383) x 7 0x00000001 mem 0x80015606
core   0: 0x8000a70c (0x0000100f) fence.i
core   0: 3 0x8000a70c (0x0000100f)
core   0: 0x8000a710 (0xff530683) lb      a3, -11(t1)
core   0: 3 0x8000a710 (0xff530683) x13 0x0000002f mem 0x800155d5
core   0: 0x8000a714 (0x01230383) lb      t2, 18(t1)
core   0: 3 0x8000a714 (0x01230383) x 7 0xffffff86 mem 0x800155f2
core   0: 0x8000a718 (0x0000bf97) auipc   t6, 0xb
core   0: 3 0x8000a718 (0x0000bf97) x31 0x80015718
core   0: 0x8000a71c (0x518f8f93) addi    t6, t6, 1304
core   0: 3 0x8000a71c (0x518f8f93) x31 0x80015c30
core   0: 0x8000a720 (0xf3df8423) sb      t4, -216(t6)
core   0: 3 0x8000a720 (0xf3df8423) mem 0x80015b58 0xdf
core   0: 0x8000a724 (0x001f8223) sb      ra, 4(t6)
core   0: 3 0x8000a724 (0x001f8223) mem 0x80015c34 0x0
core   0: 0x8000a728 (0xfd2f8f23) sb      s2, -34(t6)
core   0: 3 0x8000a728 (0xfd2f8f23) mem 0x80015c0e 0x22
core   0: 0x8000a72c (0xf6bfaa23) sw      a1, -140(t6)
core   0: 3 0x8000a72c (0xf6bfaa23) mem 0x80015ba4 0x8002ece4
core   0: 0x8000a730 (0x40add7b3) sra     a5, s11, a0
core   0: 3 0x8000a730 (0x40add7b3) x15 0x00000016
core   0: 0x8000a734 (0x011fca83) lbu     s5, 17(t6)
core   0: 3 0x8000a734 (0x011fca83) x21 0x000000c5 mem 0x80015c41
core   0: 0x8000a738 (0x0ff0000f) fence   iorw,iorw
core   0: 3 0x8000a738 (0x0ff0000f)
core   0: 0x8000a73c (0xf5af9283) lh      t0, -166(t6)
core   0: 3 0x8000a73c (0xf5af9283) x 5 0xffffdc6f mem 0x80015b8a
core   0: 0x8000a740 (0x01bc2733) slt     a4, s8, s11
core   0: 3 0x8000a740 (0x01bc2733) x14 0x00000001
core   0: 0x8000a744 (0x0e6f9b83) lh      s7, 230(t6)
core   0: 3 0x8000a744 (0x0e6f9b83) x23 0xffffe485 mem 0x80015d16
core   0: 0x8000a748 (0xfabfc603) lbu     a2, -85(t6)
core   0: 3 0x8000a748 (0xfabfc603) x12 0x000000de mem 0x80015bdb
core   0: 0x8000a74c (0xfbef82a3) sb      t5, -91(t6)
core   0: 3 0x8000a74c (0xfbef82a3) mem 0x80015bd5 0x45
core   0: 0x8000a750 (0xfe6fc303) lbu     t1, -26(t6)
core   0: 3 0x8000a750 (0xfe6fc303) x 6 0x000000ef mem 0x80015c16
core   0: 0x8000a754 (0xf19fc403) lbu     s0, -231(t6)
core   0: 3 0x8000a754 (0xf19fc403) x 8 0x00000000 mem 0x80015b49
core   0: 0x8000a758 (0x0cbfcb83) lbu     s7, 203(t6)
core   0: 3 0x8000a758 (0x0cbfcb83) x23 0x000000fe mem 0x80015cfb
core   0: 0x8000a75c (0xf2af9a03) lh      s4, -214(t6)
core   0: 3 0x8000a75c (0xf2af9a03) x20 0xffffc8e8 mem 0x80015b5a
core   0: 0x8000a760 (0xf58fc403) lbu     s0, -168(t6)
core   0: 3 0x8000a760 (0xf58fc403) x 8 0x000000ca mem 0x80015b88
core   0: 0x8000a764 (0xfb1f85a3) sb      a7, -85(t6)
core   0: 3 0x8000a764 (0xfb1f85a3) mem 0x80015bdb 0x1
core   0: 0x8000a768 (0x017694b3) sll     s1, a3, s7
core   0: 3 0x8000a768 (0x017694b3) x 9 0xc0000000
core   0: 0x8000a76c (0x965ab813) sltiu   a6, s5, -1691
core   0: 3 0x8000a76c (0x965ab813) x16 0x00000001
core   0: 0x8000a770 (0x41255d93) srai    s11, a0, 18
core   0: 3 0x8000a770 (0x41255d93) x27 0xffffffff
core   0: 0x8000a774 (0x0f3f8883) lb      a7, 243(t6)
core   0: 3 0x8000a774 (0x0f3f8883) x17 0xffffffa6 mem 0x80015d23
core   0: 0x8000a778 (0x01349eb3) sll     t4, s1, s3
core   0: 3 0x8000a778 (0x01349eb3) x29 0x00000000
core   0: 0x8000a77c (0x067f8523) sb      t2, 106(t6)
core   0: 3 0x8000a77c (0x067f8523) mem 0x80015c9a 0x86
core   0: 0x8000a780 (0x38cbaf13) slti    t5, s7, 908
core   0: 3 0x8000a780 (0x38cbaf13) x30 0x00000001
core   0: 0x8000a784 (0x0ff0000f) fence   iorw,iorw
core   0: 3 0x8000a784 (0x0ff0000f)
core   0: 0x8000a788 (0x01a3d793) srli    a5, t2, 26
core   0: 3 0x8000a788 (0x01a3d793) x15 0x0000003f
core   0: 0x8000a78c (0x0fbaef13) ori     t5, s5, 251
core   0: 3 0x8000a78c (0x0fbaef13) x30 0x000000ff
core   0: 0x8000a790 (0xf02f9783) lh      a5, -254(t6)
core   0: 3 0x8000a790 (0xf02f9783) x15 0x000029f1 mem 0x80015b32
core   0: 0x8000a794 (0x40e65493) srai    s1, a2, 14
core   0: 3 0x8000a794 (0x40e65493) x 9 0x00000000
core   0: 0x8000a798 (0x64613f13) sltiu   t5, sp, 1606
core   0: 3 0x8000a798 (0x64613f13) x30 0x00000000
core   0: 0x8000a79c (0x00000013) nop
core   0: 3 0x8000a79c (0x00000013)
core   0: 0x8000a7a0 (0xf00f9c83) lh      s9, -256(t6)
core   0: 3 0x8000a7a0 (0xf00f9c83) x25 0x0000168c mem 0x80015b30
core   0: 0x8000a7a4 (0xae526793) ori     a5, tp, -1307
core   0: 3 0x8000a7a4 (0xae526793) x15 0xfffffef5
core   0: 0x8000a7a8 (0x0c7f8783) lb      a5, 199(t6)
core   0: 3 0x8000a7a8 (0x0c7f8783) x15 0xffffffbb mem 0x80015cf7
core   0: 0x8000a7ac (0x054fc203) lbu     tp, 84(t6)
core   0: 3 0x8000a7ac (0x054fc203) x 4 0x00000017 mem 0x80015c84
core   0: 0x8000a7b0 (0x040f8883) lb      a7, 64(t6)
core   0: 3 0x8000a7b0 (0x040f8883) x17 0xffffffad mem 0x80015c70
core   0: 0x8000a7b4 (0x0001b417) auipc   s0, 0x1b
core   0: 3 0x8000a7b4 (0x0001b417) x 8 0x800257b4
core   0: 0x8000a7b8 (0x45f40413) addi    s0, s0, 1119
core   0: 3 0x8000a7b8 (0x45f40413) x 8 0x80025c13
core   0: 0x8000a7bc (0x00545d03) lhu     s10, 5(s0)
core   0: 3 0x8000a7bc (0x00545d03) x26 0x0000c3ba mem 0x80025c18
core   0: 0x8000a7c0 (0x0000b897) auipc   a7, 0xb
core   0: 3 0x8000a7c0 (0x0000b897) x17 0x800157c0
core   0: 0x8000a7c4 (0xf4d88893) addi    a7, a7, -179
core   0: 3 0x8000a7c4 (0xf4d88893) x17 0x8001570d
core   0: 0x8000a7c8 (0xfc044283) lbu     t0, -64(s0)
core   0: 3 0x8000a7c8 (0xfc044283) x 5 0x00000001 mem 0x80025bd3
core   0: 0x8000a7cc (0x01e44a83) lbu     s5, 30(s0)
core   0: 3 0x8000a7cc (0x01e44a83) x21 0x0000004b mem 0x80025c31
core   0: 0x8000a7d0 (0x00840183) lb      gp, 8(s0)
core   0: 3 0x8000a7d0 (0x00840183) x 3 0xffffffc2 mem 0x80025c1b
core   0: 0x8000a7d4 (0xff388983) lb      s3, -13(a7)
core   0: 3 0x8000a7d4 (0xff388983) x19 0xfffffff7 mem 0x80015700
core   0: 0x8000a7d8 (0x00a8c783) lbu     a5, 10(a7)
core   0: 3 0x8000a7d8 (0x00a8c783) x15 0x0000000d mem 0x80015717
core   0: 0x8000a7dc (0xfcc40823) sb      a2, -48(s0)
core   0: 3 0x8000a7dc (0xfcc40823) mem 0x80025be3 0xde
core   0: 0x8000a7e0 (0x002888a3) sb      sp, 17(a7)
core   0: 3 0x8000a7e0 (0x002888a3) mem 0x8001571e 0x64
core   0: 0x8000a7e4 (0x01f45d03) lhu     s10, 31(s0)
core   0: 3 0x8000a7e4 (0x01f45d03) x26 0x000088d6 mem 0x80025c32
core   0: 0x8000a7e8 (0x01a88303) lb      t1, 26(a7)
core   0: 3 0x8000a7e8 (0x01a88303) x 6 0xffffffaa mem 0x80015727
core   0: 0x8000a7ec (0xffc8c003) lbu     zero, -4(a7)
core   0: 3 0x8000a7ec (0xffc8c003) mem 0x80015709
core   0: 0x8000a7f0 (0x03e8ce03) lbu     t3, 62(a7)
core   0: 3 0x8000a7f0 (0x03e8ce03) x28 0x00000056 mem 0x8001574b
core   0: 0x8000a7f4 (0x01d411a3) sh      t4, 3(s0)
core   0: 3 0x8000a7f4 (0x01d411a3) mem 0x80025c16 0x0000
core   0: 0x8000a7f8 (0xff745b83) lhu     s7, -9(s0)
core   0: 3 0x8000a7f8 (0xff745b83) x23 0x00008f55 mem 0x80025c0a
core   0: 0x8000a7fc (0x0098d603) lhu     a2, 9(a7)
core   0: 3 0x8000a7fc (0x0098d603) x12 0x00000d8b mem 0x80015716
core   0: 0x8000a800 (0x00018097) auipc   ra, 0x18
core   0: 3 0x8000a800 (0x00018097) x 1 0x80022800
core   0: 0x8000a804 (0x5fa08093) addi    ra, ra, 1530
core   0: 3 0x8000a804 (0x5fa08093) x 1 0x80022dfa
core   0: 0x8000a808 (0xf848ba93) sltiu   s5, a7, -124
core   0: 3 0x8000a808 (0xf848ba93) x21 0x00000001
core   0: 0x8000a80c (0x0210a523) sw      ra, 42(ra)
core   0: 3 0x8000a80c (0x0210a523) mem 0x80022e24 0x80022dfa
core   0: 0x8000a810 (0xff508d83) lb      s11, -11(ra)
core   0: 3 0x8000a810 (0xff508d83) x27 0x0000007a mem 0x80022def
core   0: 0x8000a814 (0x014d5e33) srl     t3, s10, s4
core   0: 3 0x8000a814 (0x014d5e33) x28 0x00000088
core   0: 0x8000a818 (0x00167533) and     a0, a2, ra
core   0: 3 0x8000a818 (0x00167533) x10 0x00000d8a
core   0: 0x8000a81c (0x008b1413) slli    s0, s6, 8
core   0: 3 0x8000a81c (0x008b1413) x 8 0x61bb5c00
core   0: 0x8000a820 (0xfe70cb83) lbu     s7, -25(ra)
core   0: 3 0x8000a820 (0xfe70cb83) x23 0x00000020 mem 0x80022de1
core   0: 0x8000a824 (0x015e0eb3) add     t4, t3, s5
core   0: 3 0x8000a824 (0x015e0eb3) x29 0x00000089
core   0: 0x8000a828 (0x38b5a437) lui     s0, 0x38b5a
core   0: 3 0x8000a828 (0x38b5a437) x 8 0x38b5a000
core   0: 0x8000a82c (0x00000013) nop
core   0: 3 0x8000a82c (0x00000013)
core   0: 0x8000a830 (0x004e6233) or      tp, t3, tp
core   0: 3 0x8000a830 (0x004e6233) x 4 0x0000009f
core   0: 0x8000a834 (0xfdf0cb83) lbu     s7, -33(ra)
core   0: 3 0x8000a834 (0xfdf0cb83) x23 0x00000019 mem 0x80022dd9
core   0: 0x8000a838 (0x029081a3) sb      s1, 35(ra)
core   0: 3 0x8000a838 (0x029081a3) mem 0x80022e1d 0x0
core   0: 0x8000a83c (0x01cb4933) xor     s2, s6, t3
core   0: 3 0x8000a83c (0x01cb4933) x18 0xfe61bbd4
core   0: 0x8000a840 (0xe9240393) addi    t2, s0, -366
core   0: 3 0x8000a840 (0xe9240393) x 7 0x38b59e92
core   0: 0x8000a844 (0x82a2c213) xori    tp, t0, -2006
core   0: 3 0x8000a844 (0x82a2c213) x 4 0xfffff82b
core   0: 0x8000a848 (0x00f81a93) slli    s5, a6, 15
core   0: 3 0x8000a848 (0x00f81a93) x21 0x00008000
core   0: 0x8000a84c (0xfe609903) lh      s2, -26(ra)
core   0: 3 0x8000a84c (0xfe609903) x18 0x000020b4 mem 0x80022de0
core   0: 0x8000a850 (0x0000100f) fence.i
core   0: 3 0x8000a850 (0x0000100f)
core   0: 0x8000a854 (0x0000100f) fence.i
core   0: 3 0x8000a854 (0x0000100f)
core   0: 0x8000a858 (0xf8536893) ori     a7, t1, -123
core   0: 3 0x8000a858 (0xf8536893) x17 0xffffffaf
core   0: 0x8000a85c (0x41ad03b3) sub     t2, s10, s10
core   0: 3 0x8000a85c (0x41ad03b3) x 7 0x00000000
core   0: 0x8000a860 (0xff70c283) lbu     t0, -9(ra)
core   0: 3 0x8000a860 (0xff70c283) x 5 0x00000042 mem 0x80022df1
core   0: 0x8000a864 (0x03b08c23) sb      s11, 56(ra)
core   0: 3 0x8000a864 (0x03b08c23) mem 0x80022e32 0x7a
core   0: 0x8000a868 (0xcc087d93) andi    s11, a6, -832
core   0: 3 0x8000a868 (0xcc087d93) x27 0x00000000
core   0: 0x8000a86c (0x96f77a13) andi    s4, a4, -1681
core   0: 3 0x8000a86c (0x96f77a13) x20 0x00000001
core   0: 0x8000a870 (0x0000100f) fence.i
core   0: 3 0x8000a870 (0x0000100f)
core   0: 0x8000a874 (0x402ad533) sra     a0, s5, sp
core   0: 3 0x8000a874 (0x402ad533) x10 0x00000800
core   0: 0x8000a878 (0x00803f33) snez    t5, s0
core   0: 3 0x8000a878 (0x00803f33) x30 0x00000001
core   0: 0x8000a87c (0x407bd4b3) sra     s1, s7, t2
core   0: 3 0x8000a87c (0x407bd4b3) x 9 0x00000019
core   0: 0x8000a880 (0x00f09923) sh      a5, 18(ra)
core   0: 3 0x8000a880 (0x00f09923) mem 0x80022e0c 0x000d
core   0: 0x8000a884 (0xfe90cc03) lbu     s8, -23(ra)
core   0: 3 0x8000a884 (0xfe90cc03) x24 0x00000086 mem 0x80022de3
core   0: 0x8000a888 (0x00f0c983) lbu     s3, 15(ra)
core   0: 3 0x8000a888 (0x00f0c983) x19 0x0000000e mem 0x80022e09
core   0: 0x8000a88c (0x0060bf33) sltu    t5, ra, t1
core   0: 3 0x8000a88c (0x0060bf33) x30 0x00000001
core   0: 0x8000a890 (0xfe00d403) lhu     s0, -32(ra)
core   0: 3 0x8000a890 (0xfe00d403) x 8 0x0000df3d mem 0x80022dda
core   0: 0x8000a894 (0xeacb0913) addi    s2, s6, -340
core   0: 3 0x8000a894 (0xeacb0913) x18 0xfe61ba08
core   0: 0x8000a898 (0x0110c983) lbu     s3, 17(ra)
core   0: 3 0x8000a898 (0x0110c983) x19 0x000000c0 mem 0x80022e0b
core   0: 0x8000a89c (0x0000e097) auipc   ra, 0xe
core   0: 3 0x8000a89c (0x0000e097) x 1 0x8001889c
core   0: 0x8000a8a0 (0xe3808093) addi    ra, ra, -456
core   0: 3 0x8000a8a0 (0xe3808093) x 1 0x800186d4
core   0: 0x8000a8a4 (0x0160d303) lhu     t1, 22(ra)
core   0: 3 0x8000a8a4 (0x0160d303) x 6 0x00000b22 mem 0x800186ea
core   0: 0x8000a8a8 (0x03308f83) lb      t6, 51(ra)
core   0: 3 0x8000a8a8 (0x03308f83) x31 0x00000012 mem 0x80018707
core   0: 0x8000a8ac (0x00a41933) sll     s2, s0, a0
core   0: 3 0x8000a8ac (0x00a41933) x18 0x0000df3d
core   0: 0x8000a8b0 (0x01ac9eb3) sll     t4, s9, s10
core   0: 3 0x8000a8b0 (0x01ac9eb3) x29 0xa3000000
core   0: 0x8000a8b4 (0x0160a823) sw      s6, 16(ra)
core   0: 3 0x8000a8b4 (0x0160a823) mem 0x800186e4 0xfe61bb5c
core   0: 0x8000a8b8 (0xe2a86c13) ori     s8, a6, -470
core   0: 3 0x8000a8b8 (0xe2a86c13) x24 0xfffffe2b
core   0: 0x8000a8bc (0x0310c703) lbu     a4, 49(ra)
core   0: 3 0x8000a8bc (0x0310c703) x14 0x00000060 mem 0x80018705
core   0: 0x8000a8c0 (0xff80d003) lhu     zero, -8(ra)
core   0: 3 0x8000a8c0 (0xff80d003) mem 0x800186cc
core   0: 0x8000a8c4 (0x03d088a3) sb      t4, 49(ra)
core   0: 3 0x8000a8c4 (0x03d088a3) mem 0x80018705 0x0
core   0: 0x8000a8c8 (0xfe409503) lh      a0, -28(ra)
core   0: 3 0x8000a8c8 (0xfe409503) x10 0xffff9c44 mem 0x800186b8
core   0: 0x8000a8cc (0x01e89913) slli    s2, a7, 30
core   0: 3 0x8000a8cc (0x01e89913) x18 0xc0000000
core   0: 0x8000a8d0 (0x01c0ab83) lw      s7, 28(ra)
core   0: 3 0x8000a8d0 (0x01c0ab83) x23 0x0d8dba81 mem 0x800186f0
core   0: 0x8000a8d4 (0x00000013) nop
core   0: 3 0x8000a8d4 (0x00000013)
core   0: 0x8000a8d8 (0xae076d93) ori     s11, a4, -1312
core   0: 3 0x8000a8d8 (0xae076d93) x27 0xfffffae0
core   0: 0x8000a8dc (0xfed08883) lb      a7, -19(ra)
core   0: 3 0x8000a8dc (0xfed08883) x17 0xffffffe4 mem 0x800186c1
core   0: 0x8000a8e0 (0x0080d503) lhu     a0, 8(ra)
core   0: 3 0x8000a8e0 (0x0080d503) x10 0x00002f90 mem 0x800186dc
core   0: 0x8000a8e4 (0xcbdfb893) sltiu   a7, t6, -835
core   0: 3 0x8000a8e4 (0xcbdfb893) x17 0x00000001
core   0: 0x8000a8e8 (0xfd90cd83) lbu     s11, -39(ra)
core   0: 3 0x8000a8e8 (0xfd90cd83) x27 0x000000c3 mem 0x800186ad
core   0: 0x8000a8ec (0x000d17b3) sll     a5, s10, zero
core   0: 3 0x8000a8ec (0x000d17b3) x15 0x000088d6
core   0: 0x8000a8f0 (0x01ce63b3) or      t2, t3, t3
core   0: 3 0x8000a8f0 (0x01ce63b3) x 7 0x00000088
core   0: 0x8000a8f4 (0xfd109b23) sh      a7, -42(ra)
core   0: 3 0x8000a8f4 (0xfd109b23) mem 0x800186aa 0x0001
core   0: 0x8000a8f8 (0xffb0c703) lbu     a4, -5(ra)
core   0: 3 0x8000a8f8 (0xffb0c703) x14 0x000000a8 mem 0x800186cf
core   0: 0x8000a8fc (0x01361313) slli    t1, a2, 19
core   0: 3 0x8000a8fc (0x01361313) x 6 0x6c580000
core   0: 0x8000a900 (0x6136f913) andi    s2, a3, 1555
core   0: 3 0x8000a900 (0x6136f913) x18 0x00000003
core   0: 0x8000a904 (0x00e9feb3) and     t4, s3, a4
core   0: 3 0x8000a904 (0x00e9feb3) x29 0x00000080
core   0: 0x8000a908 (0x002114b3) sll     s1, sp, sp
core   0: 3 0x8000a908 (0x002114b3) x 9 0x002ae640
core   0: 0x8000a90c (0xfe3084a3) sb      gp, -23(ra)
core   0: 3 0x8000a90c (0xfe3084a3) mem 0x800186bd 0xc2
core   0: 0x8000a910 (0x0000b697) auipc   a3, 0xb
core   0: 3 0x8000a910 (0x0000b697) x13 0x80015910
core   0: 0x8000a914 (0x63a68693) addi    a3, a3, 1594
core   0: 3 0x8000a914 (0x63a68693) x13 0x80015f4a
core   0: 0x8000a918 (0x9916c283) lbu     t0, -1647(a3)
core   0: 3 0x8000a918 (0x9916c283) x 5 0x00000005 mem 0x800158db
core   0: 0x8000a91c (0x01b33733) sltu    a4, t1, s11
core   0: 3 0x8000a91c (0x01b33733) x14 0x00000000
core   0: 0x8000a920 (0x4c9bfd13) andi    s10, s7, 1225
core   0: 3 0x8000a920 (0x4c9bfd13) x26 0x00000081
core   0: 0x8000a924 (0x5d470e13) addi    t3, a4, 1492
core   0: 3 0x8000a924 (0x5d470e13) x28 0x000005d4
core   0: 0x8000a928 (0x0ff0000f) fence   iorw,iorw
core   0: 3 0x8000a928 (0x0ff0000f)
core   0: 0x8000a92c (0x00cb30b3) sltu    ra, s6, a2
core   0: 3 0x8000a92c (0x00cb30b3) x 1 0x00000000
core   0: 0x8000a930 (0x00ef1c13) slli    s8, t5, 14
core   0: 3 0x8000a930 (0x00ef1c13) x24 0x00004000
core   0: 0x8000a934 (0x01911e93) slli    t4, sp, 25
core   0: 3 0x8000a934 (0x01911e93) x29 0xc8000000
core   0: 0x8000a938 (0xe396c283) lbu     t0, -455(a3)
core   0: 3 0x8000a938 (0xe396c283) x 5 0x00000041 mem 0x80015d83
core   0: 0x8000a93c (0xe9f688a3) sb      t6, -367(a3)
core   0: 3 0x8000a93c (0xe9f688a3) mem 0x80015ddb 0x12
core   0: 0x8000a940 (0xa2244e13) xori    t3, s0, -1502
core   0: 3 0x8000a940 (0xa2244e13) x28 0xffff251f
core   0: 0x8000a944 (0x0ff0000f) fence   iorw,iorw
core   0: 3 0x8000a944 (0x0ff0000f)
core   0: 0x8000a948 (0xd3f68b83) lb      s7, -705(a3)
core   0: 3 0x8000a948 (0xd3f68b83) x23 0xffffffe9 mem 0x80015c89
core   0: 0x8000a94c (0x8e352c93) slti    s9, a0, -1821
core   0: 3 0x8000a94c (0x8e352c93) x25 0x00000000
core   0: 0x8000a950 (0xc85688a3) sb      t0, -879(a3)
core   0: 3 0x8000a950 (0xc85688a3) mem 0x80015bdb 0x41
core   0: 0x8000a954 (0x40fe01b3) sub     gp, t3, a5
core   0: 3 0x8000a954 (0x40fe01b3) x 3 0xfffe9c49
core   0: 0x8000a958 (0xf6c6d503) lhu     a0, -148(a3)
core   0: 3 0x8000a958 (0xf6c6d503) x10 0x00000dd3 mem 0x80015eb6
core   0: 0x8000a95c (0xa04def93) ori     t6, s11, -1532
core   0: 3 0x8000a95c (0xa04def93) x31 0xfffffac7
core   0: 0x8000a960 (0x884685a3) sb      tp, -1909(a3)
core   0: 3 0x8000a960 (0x884685a3) mem 0x800157d5 0x2b
core   0: 0x8000a964 (0x4079de33) sra     t3, s3, t2
core   0: 3 0x8000a964 (0x4079de33) x28 0x00000000
core   0: 0x8000a968 (0x00000013) nop
core   0: 3 0x8000a968 (0x00000013)
core   0: 0x8000a96c (0xddc69d03) lh      s10, -548(a3)
core   0: 3 0x8000a96c (0xddc69d03) x26 0xffff99db mem 0x80015d26
core   0: 0x8000a970 (0x000f9c33) sll     s8, t6, zero
core   0: 3 0x8000a970 (0x000f9c33) x24 0xfffffac7
core   0: 0x8000a974 (0x00a0a513) slti    a0, ra, 10
core   0: 3 0x8000a974 (0x00a0a513) x10 0x00000001
core   0: 0x8000a978 (0x41fe89b3) sub     s3, t4, t6
core   0: 3 0x8000a978 (0x41fe89b3) x19 0xc8000539
core   0: 0x8000a97c (0x08e84793) xori    a5, a6, 142
core   0: 3 0x8000a97c (0x08e84793) x15 0x0000008f
core   0: 0x8000a980 (0x0191d193) srli    gp, gp, 25
core   0: 3 0x8000a980 (0x0191d193) x 3 0x0000007f
core   0: 0x8000a984 (0x0306c003) lbu     zero, 48(a3)
core   0: 3 0x8000a984 (0x0306c003) mem 0x80015f7a
core   0: 0x8000a988 (0xda668aa3) sb      t1, -587(a3)
core   0: 3 0x8000a988 (0xda668aa3) mem 0x80015cff 0x0
core   0: 0x8000a98c (0xe756af23) sw      s5, -386(a3)
core   0: 3 0x8000a98c (0xe756af23) mem 0x80015dc8 0x00008000
core   0: 0x8000a990 (0x406f0db3) sub     s11, t5, t1
core   0: 3 0x8000a990 (0x406f0db3) x27 0x93a80001
core   0: 0x8000a994 (0x09d6c183) lbu     gp, 157(a3)
core   0: 3 0x8000a994 (0x09d6c183) x 3 0x00000059 mem 0x80015fe7
core   0: 0x8000a998 (0x887687a3) sb      t2, -1905(a3)
core   0: 3 0x8000a998 (0x887687a3) mem 0x800157d9 0x88
core   0: 0x8000a99c (0x0000ba17) auipc   s4, 0xb
core   0: 3 0x8000a99c (0x0000ba17) x20 0x8001599c
core   0: 0x8000a9a0 (0xf8ba0a13) addi    s4, s4, -117
core   0: 3 0x8000a9a0 (0xf8ba0a13) x20 0x80015927
core   0: 0x8000a9a4 (0x01bf1813) slli    a6, t5, 27
core   0: 3 0x8000a9a4 (0x01bf1813) x16 0x08000000
core   0: 0x8000a9a8 (0x00b680b3) add     ra, a3, a1
core   0: 3 0x8000a9a8 (0x00b680b3) x 1 0x00044c2e
core   0: 0x8000a9ac (0xfafa09a3) sb      a5, -77(s4)
core   0: 3 0x8000a9ac (0xfafa09a3) mem 0x800158da 0x8f
core   0: 0x8000a9b0 (0x65ef96b7) lui     a3, 0x65ef9
core   0: 3 0x8000a9b0 (0x65ef96b7) x13 0x65ef9000
core   0: 0x8000a9b4 (0x017e1813) slli    a6, t3, 23
core   0: 3 0x8000a9b4 (0x017e1813) x16 0x00000000
core   0: 0x8000a9b8 (0x00ccaab3) slt     s5, s9, a2
core   0: 3 0x8000a9b8 (0x00ccaab3) x21 0x00000001
core   0: 0x8000a9bc (0x01c98eb3) add     t4, s3, t3
core   0: 3 0x8000a9bc (0x01c98eb3) x29 0xc8000539
core   0: 0x8000a9c0 (0xf61dc493) xori    s1, s11, -159
core   0: 3 0x8000a9c0 (0xf61dc493) x 9 0x6c57ff60
core   0: 0x8000a9c4 (0x41b05913) srai    s2, zero, 27
core   0: 3 0x8000a9c4 (0x41b05913) x18 0x00000000
core   0: 0x8000a9c8 (0x1f7a04a3) sb      s7, 489(s4)
core   0: 3 0x8000a9c8 (0x1f7a04a3) mem 0x80015b10 0xe9
core   0: 0x8000a9cc (0x90912993) slti    s3, sp, -1783
core   0: 3 0x8000a9cc (0x90912993) x19 0x00000001
core   0: 0x8000a9d0 (0x26be7793) andi    a5, t3, 619
core   0: 3 0x8000a9d0 (0x26be7793) x15 0x00000000
core   0: 0x8000a9d4 (0x61ca0283) lb      t0, 1564(s4)
core   0: 3 0x8000a9d4 (0x61ca0283) x 5 0x0000004e mem 0x80015f43
core   0: 0x8000a9d8 (0x2faa0ca3) sb      s10, 761(s4)
core   0: 3 0x8000a9d8 (0x2faa0ca3) mem 0x80015c20 0xdb
core   0: 0x8000a9dc (0x5a383913) sltiu   s2, a6, 1443
core   0: 3 0x8000a9dc (0x5a383913) x18 0x00000001
core   0: 0x8000a9e0 (0x203a4f83) lbu     t6, 515(s4)
core   0: 3 0x8000a9e0 (0x203a4f83) x31 0x0000009a mem 0x80015b2a
core   0: 0x8000a9e4 (0x009a5903) lhu     s2, 9(s4)
core   0: 3 0x8000a9e4 (0x009a5903) x18 0x000091f8 mem 0x80015930
core   0: 0x8000a9e8 (0xfcca4303) lbu     t1, -52(s4)
core   0: 3 0x8000a9e8 (0xfcca4303) x 6 0x00000058 mem 0x800158f3
core   0: 0x8000a9ec (0x00e7b0b3) sltu    ra, a5, a4
core   0: 3 0x8000a9ec (0x00e7b0b3) x 1 0x00000000
core   0: 0x8000a9f0 (0xe13a12a3) sh      s3, -507(s4)
core   0: 3 0x8000a9f0 (0xe13a12a3) mem 0x8001572c 0x0001
core   0: 0x8000a9f4 (0xad2a4603) lbu     a2, -1326(s4)
core   0: 3 0x8000a9f4 (0xad2a4603) x12 0x000000eb mem 0x800153f9
core   0: 0x8000a9f8 (0x259d6e93) ori     t4, s10, 601
core   0: 3 0x8000a9f8 (0x259d6e93) x29 0xffff9bdb
core   0: 0x8000a9fc (0x00e0fab3) and     s5, ra, a4
core   0: 3 0x8000a9fc (0x00e0fab3) x21 0x00000000
core   0: 0x8000aa00 (0x01a02e33) slt     t3, zero, s10
core   0: 3 0x8000aa00 (0x01a02e33) x28 0x00000000
core   0: 0x8000aa04 (0x2e0a4503) lbu     a0, 736(s4)
core   0: 3 0x8000aa04 (0x2e0a4503) x10 0x00000085 mem 0x80015c07
core   0: 0x8000aa08 (0x20e0a813) slti    a6, ra, 526
core   0: 3 0x8000aa08 (0x20e0a813) x16 0x00000001
core   0: 0x8000aa0c (0xeff8be13) sltiu   t3, a7, -257
core   0: 3 0x8000aa0c (0xeff8be13) x28 0x00000001
core   0: 0x8000aa10 (0xe3773997) auipc   s3, 0xe3773
core   0: 3 0x8000aa10 (0xe3773997) x19 0x6377da10
core   0: 0x8000aa14 (0xd76a01a3) sb      s6, -669(s4)
core   0: 3 0x8000aa14 (0xd76a01a3) mem 0x8001568a 0x5c
core   0: 0x8000aa18 (0x00c15693) srli    a3, sp, 12
core   0: 3 0x8000aa18 (0x00c15693) x13 0x0008002a
core   0: 0x8000aa1c (0x322a0223) sb      sp, 804(s4)
core   0: 3 0x8000aa1c (0x322a0223) mem 0x80015c4b 0x64
core   0: 0x8000aa20 (0x00017e97) auipc   t4, 0x17
core   0: 3 0x8000aa20 (0x00017e97) x29 0x80021a20
core   0: 0x8000aa24 (0xafee8e93) addi    t4, t4, -1282
core   0: 3 0x8000aa24 (0xafee8e93) x29 0x8002151e
core   0: 0x8000aa28 (0x00c51c13) slli    s8, a0, 12
core   0: 3 0x8000aa28 (0x00c51c13) x24 0x00085000
core   0: 0x8000aa2c (0x03be86a3) sb      s11, 45(t4)
core   0: 3 0x8000aa2c (0x03be86a3) mem 0x8002154b 0x1
core   0: 0x8000aa30 (0x5c520b93) addi    s7, tp, 1477
core   0: 3 0x8000aa30 (0x5c520b93) x23 0xfffffdf0
core   0: 0x8000aa34 (0x50f1c493) xori    s1, gp, 1295
core   0: 3 0x8000aa34 (0x50f1c493) x 9 0x00000556
core   0: 0x8000aa38 (0x038e86a3) sb      s8, 45(t4)
core   0: 3 0x8000aa38 (0x038e86a3) mem 0x8002154b 0x0
core   0: 0x8000aa3c (0x030e84a3) sb      a6, 41(t4)
core   0: 3 0x8000aa3c (0x030e84a3) mem 0x80021547 0x1
core   0: 0x8000aa40 (0xfe6ec483) lbu     s1, -26(t4)
core   0: 3 0x8000aa40 (0xfe6ec483) x 9 0x0000004f mem 0x80021504
core   0: 0x8000aa44 (0xfdcec903) lbu     s2, -36(t4)
core   0: 3 0x8000aa44 (0xfdcec903) x18 0x00000011 mem 0x800214fa
core   0: 0x8000aa48 (0x013210b3) sll     ra, tp, s3
core   0: 3 0x8000aa48 (0x013210b3) x 1 0xf82b0000
core   0: 0x8000aa4c (0x023ea523) sw      gp, 42(t4)
core   0: 3 0x8000aa4c (0x023ea523) mem 0x80021548 0x00000059
core   0: 0x8000aa50 (0x0ff0000f) fence   iorw,iorw
core   0: 3 0x8000aa50 (0x0ff0000f)
core   0: 0x8000aa54 (0xfcfec683) lbu     a3, -49(t4)
core   0: 3 0x8000aa54 (0xfcfec683) x13 0x000000d4 mem 0x800214ed
core   0: 0x8000aa58 (0x01c79793) slli    a5, a5, 28
core   0: 3 0x8000aa58 (0x01c79793) x15 0x00000000
core   0: 0x8000aa5c (0x0ff0000f) fence   iorw,iorw
core   0: 3 0x8000aa5c (0x0ff0000f)
core   0: 0x8000aa60 (0x026e8ea3) sb      t1, 61(t4)
core   0: 3 0x8000aa60 (0x026e8ea3) mem 0x8002155b 0x58
core   0: 0x8000aa64 (0x01dc1993) slli    s3, s8, 29
core   0: 3 0x8000aa64 (0x01dc1993) x19 0x00000000
core   0: 0x8000aa68 (0x024ed503) lhu     a0, 36(t4)
core   0: 3 0x8000aa68 (0x024ed503) x10 0x000045bf mem 0x80021542
core   0: 0x8000aa6c (0xfd0e8223) sb      a6, -60(t4)
core   0: 3 0x8000aa6c (0xfd0e8223) mem 0x800214e2 0x1
core   0: 0x8000aa70 (0x40310533) sub     a0, sp, gp
core   0: 3 0x8000aa70 (0x40310533) x10 0x8002ae0b
core   0: 0x8000aa74 (0x40d6d533) sra     a0, a3, a3
core   0: 3 0x8000aa74 (0x40d6d533) x10 0x00000000
core   0: 0x8000aa78 (0x59b82d13) slti    s10, a6, 1435
core   0: 3 0x8000aa78 (0x59b82d13) x26 0x00000001
core   0: 0x8000aa7c (0xa529dd97) auipc   s11, 0xa529d
core   0: 3 0x8000aa7c (0xa529dd97) x27 0x252a7a7c
core   0: 0x8000aa80 (0x029e8783) lb      a5, 41(t4)
core   0: 3 0x8000aa80 (0x029e8783) x15 0x00000001 mem 0x80021547
core   0: 0x8000aa84 (0x001e83a3) sb      ra, 7(t4)
core   0: 3 0x8000aa84 (0x001e83a3) mem 0x80021525 0x0
core   0: 0x8000aa88 (0x021e8e03) lb      t3, 33(t4)
core   0: 3 0x8000aa88 (0x021e8e03) x28 0xffffff84 mem 0x8002153f
core   0: 0x8000aa8c (0x88f8e493) ori     s1, a7, -1905
core   0: 3 0x8000aa8c (0x88f8e493) x 9 0xfffff88f
core   0: 0x8000aa90 (0xfeee8303) lb      t1, -18(t4)
core   0: 3 0x8000aa90 (0xfeee8303) x 6 0x00000001 mem 0x8002150c
core   0: 0x8000aa94 (0x00000013) nop
core   0: 3 0x8000aa94 (0x00000013)
core   0: 0x8000aa98 (0x01e310b3) sll     ra, t1, t5
core   0: 3 0x8000aa98 (0x01e310b3) x 1 0x00000002
core   0: 0x8000aa9c (0x1c222e13) slti    t3, tp, 450
core   0: 3 0x8000aa9c (0x1c222e13) x28 0x00000001
core   0: 0x8000aaa0 (0x00000013) nop
core   0: 3 0x8000aaa0 (0x00000013)
core   0: 0x8000aaa4 (0x828f7913) andi    s2, t5, -2008
core   0: 3 0x8000aaa4 (0x828f7913) x18 0x00000000
core   0: 0x8000aaa8 (0x03ee9003) lh      zero, 62(t4)
core   0: 3 0x8000aaa8 (0x03ee9003) mem 0x8002155c
core   0: 0x8000aaac (0x00ae84a3) sb      a0, 9(t4)
core   0: 3 0x8000aaac (0x00ae84a3) mem 0x80021527 0x0
core   0: 0x8000aab0 (0x99e58a93) addi    s5, a1, -1634
core   0: 3 0x8000aab0 (0x99e58a93) x21 0x8002e682
core   0: 0x8000aab4 (0x02bec303) lbu     t1, 43(t4)
core   0: 3 0x8000aab4 (0x02bec303) x 6 0x00000000 mem 0x80021549
core   0: 0x8000aab8 (0x005bd793) srli    a5, s7, 5
core   0: 3 0x8000aab8 (0x005bd793) x15 0x07ffffef
core   0: 0x8000aabc (0xff5e8603) lb      a2, -11(t4)
core   0: 3 0x8000aabc (0xff5e8603) x12 0x00000024 mem 0x80021513
core   0: 0x8000aac0 (0xfcfec903) lbu     s2, -49(t4)
core   0: 3 0x8000aac0 (0xfcfec903) x18 0x000000d4 mem 0x800214ed
core   0: 0x8000aac4 (0x002e8a23) sb      sp, 20(t4)
core   0: 3 0x8000aac4 (0x002e8a23) mem 0x80021532 0x64
core   0: 0x8000aac8 (0x023e8b83) lb      s7, 35(t4)
core   0: 3 0x8000aac8 (0x023e8b83) x23 0xffffffff mem 0x80021541
core   0: 0x8000aacc (0x02fec503) lbu     a0, 47(t4)
core   0: 3 0x8000aacc (0x02fec503) x10 0x000000ee mem 0x8002154d
core   0: 0x8000aad0 (0x001be233) or      tp, s7, ra
core   0: 3 0x8000aad0 (0x001be233) x 4 0xffffffff
core   0: 0x8000aad4 (0x9ab4f313) andi    t1, s1, -1621
core   0: 3 0x8000aad4 (0x9ab4f313) x 6 0xfffff88b
core   0: 0x8000aad8 (0xfc6edb83) lhu     s7, -58(t4)
core   0: 3 0x8000aad8 (0xfc6edb83) x23 0x0000c335 mem 0x800214e4
core   0: 0x8000aadc (0x00e609b3) add     s3, a2, a4
core   0: 3 0x8000aadc (0x00e609b3) x19 0x00000024
core   0: 0x8000aae0 (0xac6db093) sltiu   ra, s11, -1338
core   0: 3 0x8000aae0 (0xac6db093) x 1 0x00000001
core   0: 0x8000aae4 (0x00914233) xor     tp, sp, s1
core   0: 3 0x8000aae4 (0x00914233) x 4 0x7ffd56eb
core   0: 0x8000aae8 (0x57872293) slti    t0, a4, 1400
core   0: 3 0x8000aae8 (0x57872293) x 5 0x00000001
core   0: 0x8000aaec (0x40c1d933) sra     s2, gp, a2
core   0: 3 0x8000aaec (0x40c1d933) x18 0x00000005
core   0: 0x8000aaf0 (0xffced883) lhu     a7, -4(t4)
core   0: 3 0x8000aaf0 (0xffced883) x17 0x00009ee3 mem 0x8002151a
core   0: 0x8000aaf4 (0xfe3e8f03) lb      t5, -29(t4)
core   0: 3 0x8000aaf4 (0xfe3e8f03) x30 0x0000001f mem 0x80021501
core   0: 0x8000aaf8 (0x008e9303) lh      t1, 8(t4)
core   0: 3 0x8000aaf8 (0x008e9303) x 6 0x000000da mem 0x80021526
core   0: 0x8000aafc (0x01aeab83) lw      s7, 26(t4)
core   0: 3 0x8000aafc (0x01aeab83) x23 0x22910e61 mem 0x80021538
core   0: 0x8000ab00 (0x01d96833) or      a6, s2, t4
core   0: 3 0x8000ab00 (0x01d96833) x16 0x8002151f
core   0: 0x8000ab04 (0x03fe8e03) lb      t3, 63(t4)
core   0: 3 0x8000ab04 (0x03fe8e03) x28 0x00000000 mem 0x8002155d
core   0: 0x8000ab08 (0x0000b197) auipc   gp, 0xb
core   0: 3 0x8000ab08 (0x0000b197) x 3 0x80015b08
core   0: 0x8000ab0c (0x51418193) addi    gp, gp, 1300
core   0: 3 0x8000ab0c (0x51418193) x 3 0x8001601c
core   0: 0x8000ab10 (0x00d181a3) sb      a3, 3(gp)
core   0: 3 0x8000ab10 (0x00d181a3) mem 0x8001601f 0xd4
core   0: 0x8000ab14 (0x00016c17) auipc   s8, 0x16
core   0: 3 0x8000ab14 (0x00016c17) x24 0x80020b14
core   0: 0x8000ab18 (0xfd0c0c13) addi    s8, s8, -48
core   0: 3 0x8000ab18 (0xfd0c0c13) x24 0x80020ae4
core   0: 0x8000ab1c (0xf4ec2023) sw      a4, -192(s8)
core   0: 3 0x8000ab1c (0xf4ec2023) mem 0x80020a24 0x00000000
core   0: 0x8000ab20 (0x0a8c4303) lbu     t1, 168(s8)
core   0: 3 0x8000ab20 (0x0a8c4303) x 6 0x00000046 mem 0x80020b8c
core   0: 0x8000ab24 (0xfb4c0b83) lb      s7, -76(s8)
core   0: 3 0x8000ab24 (0xfb4c0b83) x23 0xffffffc0 mem 0x80020a98
core   0: 0x8000ab28 (0x0021c303) lbu     t1, 2(gp)
core   0: 3 0x8000ab28 (0x0021c303) x 6 0x000000d8 mem 0x8001601e
core   0: 0x8000ab2c (0xfc8c4683) lbu     a3, -56(s8)
core   0: 3 0x8000ab2c (0xfc8c4683) x13 0x000000f9 mem 0x80020aac
core   0: 0x8000ab30 (0xf9f19d23) sh      t6, -102(gp)
core   0: 3 0x8000ab30 (0xf9f19d23) mem 0x80015fb6 0x009a
core   0: 0x8000ab34 (0xf7b18983) lb      s3, -133(gp)
core   0: 3 0x8000ab34 (0xf7b18983) x19 0xffffffc1 mem 0x80015f97
core   0: 0x8000ab38 (0xfdac0e03) lb      t3, -38(s8)
core   0: 3 0x8000ab38 (0xfdac0e03) x28 0xffffffec mem 0x80020abe
core   0: 0x8000ab3c (0xf8a19803) lh      a6, -118(gp)
core   0: 3 0x8000ab3c (0xf8a19803) x16 0xfffffa00 mem 0x80015fa6
core   0: 0x8000ab40 (0x0000dc17) auipc   s8, 0xd
core   0: 3 0x8000ab40 (0x0000dc17) x24 0x80017b40
core   0: 0x8000ab44 (0xb2ac0c13) addi    s8, s8, -1238
core   0: 3 0x8000ab44 (0xb2ac0c13) x24 0x8001766a
core   0: 0x8000ab48 (0x006c4003) lbu     zero, 6(s8)
core   0: 3 0x8000ab48 (0x006c4003) mem 0x80017670
core   0: 0x8000ab4c (0x00015a97) auipc   s5, 0x15
core   0: 3 0x8000ab4c (0x00015a97) x21 0x8001fb4c
core   0: 0x8000ab50 (0x310a8a93) addi    s5, s5, 784
core   0: 3 0x8000ab50 (0x310a8a93) x21 0x8001fe5c
core   0: 0x8000ab54 (0x00015917) auipc   s2, 0x15
core   0: 3 0x8000ab54 (0x00015917) x18 0x8001fb54
core   0: 0x8000ab58 (0x08190913) addi    s2, s2, 129
core   0: 3 0x8000ab58 (0x08190913) x18 0x8001fbd5
core   0: 0x8000ab5c (0xff3c4183) lbu     gp, -13(s8)
core   0: 3 0x8000ab5c (0xff3c4183) x 3 0x000000db mem 0x8001765d
core   0: 0x8000ab60 (0xfe7901a3) sb      t2, -29(s2)
core   0: 3 0x8000ab60 (0xfe7901a3) mem 0x8001fbb8 0x88
core   0: 0x8000ab64 (0xfffc0f83) lb      t6, -1(s8)
core   0: 3 0x8000ab64 (0xfffc0f83) x31 0xfffffff6 mem 0x80017669
core   0: 0x8000ab68 (0xf40ac003) lbu     zero, -192(s5)
core   0: 3 0x8000ab68 (0xf40ac003) mem 0x8001fd9c
core   0: 0x8000ab6c (0x925ac503) lbu     a0, -1755(s5)
core   0: 3 0x8000ab6c (0x925ac503) x10 0x0000000a mem 0x8001f781
core   0: 0x8000ab70 (0x02790f23) sb      t2, 62(s2)
core   0: 3 0x8000ab70 (0x02790f23) mem 0x8001fc13 0x88
core   0: 0x8000ab74 (0x7c0aa683) lw      a3, 1984(s5)
core   0: 3 0x8000ab74 (0x7c0aa683) x13 0x03c2dc47 mem 0x8002061c
core   0: 0x8000ab78 (0xff390f03) lb      t5, -13(s2)
core   0: 3 0x8000ab78 (0xff390f03) x30 0xfffffff7 mem 0x8001fbc8
core   0: 0x8000ab7c (0x29baca03) lbu     s4, 667(s5)
core   0: 3 0x8000ab7c (0x29baca03) x20 0x0000003f mem 0x800200f7
core   0: 0x8000ab80 (0xff2c2e03) lw      t3, -14(s8)
core   0: 3 0x8000ab80 (0xff2c2e03) x28 0x32ebdb44 mem 0x8001765c
core   0: 0x8000ab84 (0xff7c0003) lb      zero, -9(s8)
core   0: 3 0x8000ab84 (0xff7c0003) mem 0x80017661
core   0: 0x8000ab88 (0xdf2a8923) sb      s2, -526(s5)
core   0: 3 0x8000ab88 (0xdf2a8923) mem 0x8001fc4e 0xd5
core   0: 0x8000ab8c (0x003c4403) lbu     s0, 3(s8)
core   0: 3 0x8000ab8c (0x003c4403) x 8 0x0000008e mem 0x8001766d
core   0: 0x8000ab90 (0x01c90723) sb      t3, 14(s2)
core   0: 3 0x8000ab90 (0x01c90723) mem 0x8001fbe3 0x44
core   0: 0x8000ab94 (0x008c0e83) lb      t4, 8(s8)
core   0: 3 0x8000ab94 (0x008c0e83) x29 0xffffffc1 mem 0x80017672
core   0: 0x8000ab98 (0xfc094603) lbu     a2, -64(s2)
core   0: 3 0x8000ab98 (0xfc094603) x12 0x0000006b mem 0x8001fb95
core   0: 0x8000ab9c (0xffcc08a3) sb      t3, -15(s8)
core   0: 3 0x8000ab9c (0xffcc08a3) mem 0x8001765b 0x44
core   0: 0x8000aba0 (0x01cc1723) sh      t3, 14(s8)
core   0: 3 0x8000aba0 (0x01cc1723) mem 0x80017678 0xdb44
core   0: 0x8000aba4 (0x01595d03) lhu     s10, 21(s2)
core   0: 3 0x8000aba4 (0x01595d03) x26 0x0000930e mem 0x8001fbea
core   0: 0x8000aba8 (0xff2c5883) lhu     a7, -14(s8)
core   0: 3 0x8000aba8 (0xff2c5883) x17 0x0000db44 mem 0x8001765c
core   0: 0x8000abac (0xff390aa3) sb      s3, -11(s2)
core   0: 3 0x8000abac (0xff390aa3) mem 0x8001fbca 0xc1
core   0: 0x8000abb0 (0x7aca80a3) sb      a2, 1953(s5)
core   0: 3 0x8000abb0 (0x7aca80a3) mem 0x800205fd 0x6b
core   0: 0x8000abb4 (0x00019217) auipc   tp, 0x19
core   0: 3 0x8000abb4 (0x00019217) x 4 0x80023bb4
core   0: 0x8000abb8 (0xf3420213) addi    tp, tp, -204
core   0: 3 0x8000abb8 (0xf3420213) x 4 0x80023ae8
core   0: 0x8000abbc (0x0000bf97) auipc   t6, 0xb
core   0: 3 0x8000abbc (0x0000bf97) x31 0x80015bbc
core   0: 0x8000abc0 (0x3eff8f93) addi    t6, t6, 1007
core   0: 3 0x8000abc0 (0x3eff8f93) x31 0x80015fab
core   0: 0x8000abc4 (0xffdfdb83) lhu     s7, -3(t6)
core   0: 3 0x8000abc4 (0xffdfdb83) x23 0x0000fe9c mem 0x80015fa8
core   0: 0x8000abc8 (0xfd424b83) lbu     s7, -44(tp)
core   0: 3 0x8000abc8 (0xfd424b83) x23 0x00000043 mem 0x80023abc
core   0: 0x8000abcc (0x02320303) lb      t1, 35(tp)
core   0: 3 0x8000abcc (0x02320303) x 6 0xffffff8d mem 0x80023b0b
core   0: 0x8000abd0 (0xfe9f98a3) sh      s1, -15(t6)
core   0: 3 0x8000abd0 (0xfe9f98a3) mem 0x80015f9c 0xf88f
core   0: 0x8000abd4 (0x01022183) lw      gp, 16(tp)
core   0: 3 0x8000abd4 (0x01022183) x 3 0x2ed16ce4 mem 0x80023af8
core   0: 0x8000abd8 (0x02f24183) lbu     gp, 47(tp)
core   0: 3 0x8000abd8 (0x02f24183) x 3 0x0000000e mem 0x80023b17
core   0: 0x8000abdc (0xfea20503) lb      a0, -22(tp)
core   0: 3 0x8000abdc (0xfea20503) x10 0x00000059 mem 0x80023ad2
core   0: 0x8000abe0 (0x02c21403) lh      s0, 44(tp)
core   0: 3 0x8000abe0 (0x02c21403) x 8 0xffff8b13 mem 0x80023b14
core   0: 0x8000abe4 (0x008f8903) lb      s2, 8(t6)
core   0: 3 0x8000abe4 (0x008f8903) x18 0x0000001f mem 0x80015fb3
core   0: 0x8000abe8 (0x00bf86a3) sb      a1, 13(t6)
core   0: 3 0x8000abe8 (0x00bf86a3) mem 0x80015fb8 0xe4
core   0: 0x8000abec (0x00af8a03) lb      s4, 10(t6)
core   0: 3 0x8000abec (0x00af8a03) x20 0x00000067 mem 0x80015fb5
core   0: 0x8000abf0 (0xfcc21483) lh      s1, -52(tp)
core   0: 3 0x8000abf0 (0xfcc21483) x 9 0x00006adf mem 0x80023ab4
core   0: 0x8000abf4 (0x035205a3) sb      s5, 43(tp)
core   0: 3 0x8000abf4 (0x035205a3) mem 0x80023b13 0x5c
core   0: 0x8000abf8 (0x00cf8d83) lb      s11, 12(t6)
core   0: 3 0x8000abf8 (0x00cf8d83) x27 0x00000000 mem 0x80015fb7
core   0: 0x8000abfc (0x0000b617) auipc   a2, 0xb
core   0: 3 0x8000abfc (0x0000b617) x12 0x80015bfc
core   0: 0x8000ac00 (0x9cc60613) addi    a2, a2, -1588
core   0: 3 0x8000ac00 (0x9cc60613) x12 0x800155c8
core   0: 0x8000ac04 (0x0000b797) auipc   a5, 0xb
core   0: 3 0x8000ac04 (0x0000b797) x15 0x80015c04
core   0: 0x8000ac08 (0x93a78793) addi    a5, a5, -1734
core   0: 3 0x8000ac08 (0x93a78793) x15 0x8001553e
core   0: 0x8000ac0c (0x69e604a3) sb      t5, 1673(a2)
core   0: 3 0x8000ac0c (0x69e604a3) mem 0x80015c51 0xf7
core   0: 0x8000ac10 (0x0000a817) auipc   a6, 0xa
core   0: 3 0x8000ac10 (0x0000a817) x16 0x80014c10
core   0: 0x8000ac14 (0x72880813) addi    a6, a6, 1832
core   0: 3 0x8000ac14 (0x72880813) x16 0x80015338
core   0: 0x8000ac18 (0x0000bb97) auipc   s7, 0xb
core   0: 3 0x8000ac18 (0x0000bb97) x23 0x80015c18
core   0: 0x8000ac1c (0x2f0b8b93) addi    s7, s7, 752
core   0: 3 0x8000ac1c (0x2f0b8b93) x23 0x80015f08
core   0: 0x8000ac20 (0xff2bdc03) lhu     s8, -14(s7)
core   0: 3 0x8000ac20 (0xff2bdc03) x24 0x0000cb74 mem 0x80015efa
core   0: 0x8000ac24 (0x01a78423) sb      s10, 8(a5)
core   0: 3 0x8000ac24 (0x01a78423) mem 0x80015546 0xe
core   0: 0x8000ac28 (0x004b8303) lb      t1, 4(s7)
core   0: 3 0x8000ac28 (0x004b8303) x 6 0xfffffff1 mem 0x80015f0c
core   0: 0x8000ac2c (0x7ac61003) lh      zero, 1964(a2)
core   0: 3 0x8000ac2c (0x7ac61003) mem 0x80015d74
core   0: 0x8000ac30 (0xfcb800a3) sb      a1, -63(a6)
core   0: 3 0x8000ac30 (0xfcb800a3) mem 0x800152f9 0xe4
core   0: 0x8000ac34 (0xff7bc203) lbu     tp, -9(s7)
core   0: 3 0x8000ac34 (0xff7bc203) x 4 0x00000069 mem 0x80015eff
core   0: 0x8000ac38 (0x60a60403) lb      s0, 1546(a2)
core   0: 3 0x8000ac38 (0x60a60403) x 8 0x00000002 mem 0x80015bd2
core   0: 0x8000ac3c (0xf77609a3) sb      s7, -141(a2)
core   0: 3 0x8000ac3c (0xf77609a3) mem 0x8001553b 0x8
core   0: 0x8000ac40 (0x09564303) lbu     t1, 149(a2)
core   0: 3 0x8000ac40 (0x09564303) x 6 0x000000fc mem 0x8001565d
core   0: 0x8000ac44 (0x00578183) lb      gp, 5(a5)
core   0: 3 0x8000ac44 (0x00578183) x 3 0xffffffb5 mem 0x80015543
core   0: 0x8000ac48 (0x000b9203) lh      tp, 0(s7)
core   0: 3 0x8000ac48 (0x000b9203) x 4 0xffffd152 mem 0x80015f08
core   0: 0x8000ac4c (0x00b7cd83) lbu     s11, 11(a5)
core   0: 3 0x8000ac4c (0x00b7cd83) x27 0x000000eb mem 0x80015549
core   0: 0x8000ac50 (0x006bd283) lhu     t0, 6(s7)
core   0: 3 0x8000ac50 (0x006bd283) x 5 0x0000ad7e mem 0x80015f0e
core   0: 0x8000ac54 (0xfff84f03) lbu     t5, -1(a6)
core   0: 3 0x8000ac54 (0xfff84f03) x30 0x0000003d mem 0x80015337
core   0: 0x8000ac58 (0xffe79183) lh      gp, -2(a5)
core   0: 3 0x8000ac58 (0xffe79183) x 3 0xffff9dea mem 0x8001553c
core   0: 0x8000ac5c (0xff4b8383) lb      t2, -12(s7)
core   0: 3 0x8000ac5c (0xff4b8383) x 7 0x00000038 mem 0x80015efc
core   0: 0x8000ac60 (0x001bcc03) lbu     s8, 1(s7)
core   0: 3 0x8000ac60 (0x001bcc03) x24 0x000000d1 mem 0x80015f09
core   0: 0x8000ac64 (0x10261223) sh      sp, 260(a2)
core   0: 3 0x8000ac64 (0x10261223) mem 0x800156cc 0xae64
core   0: 0x8000ac68 (0xfdb80ea3) sb      s11, -35(a6)
core   0: 3 0x8000ac68 (0xfdb80ea3) mem 0x80015315 0xeb
core   0: 0x8000ac6c (0xff879c23) sh      s8, -8(a5)
core   0: 3 0x8000ac6c (0xff879c23) mem 0x80015536 0x00d1
core   0: 0x8000ac70 (0x01a80983) lb      s3, 26(a6)
core   0: 3 0x8000ac70 (0x01a80983) x19 0x0000003b mem 0x80015352
core   0: 0x8000ac74 (0x38265983) lhu     s3, 898(a2)
core   0: 3 0x8000ac74 (0x38265983) x19 0x00007b25 mem 0x8001594a
core   0: 0x8000ac78 (0x00bb8e03) lb      t3, 11(s7)
core   0: 3 0x8000ac78 (0x00bb8e03) x28 0x00000023 mem 0x80015f13
core   0: 0x8000ac7c (0xfe079e23) sh      zero, -4(a5)
core   0: 3 0x8000ac7c (0xfe079e23) mem 0x8001553a 0x0000
core   0: 0x8000ac80 (0x01db81a3) sb      t4, 3(s7)
core   0: 3 0x8000ac80 (0x01db81a3) mem 0x80015f0b 0xc1
core   0: 0x8000ac84 (0x00b80483) lb      s1, 11(a6)
core   0: 3 0x8000ac84 (0x00b80483) x 9 0x00000010 mem 0x80015343
core   0: 0x8000ac88 (0xff77c303) lbu     t1, -9(a5)
core   0: 3 0x8000ac88 (0xff77c303) x 6 0x00000091 mem 0x80015535
core   0: 0x8000ac8c (0x020803a3) sb      zero, 39(a6)
core   0: 3 0x8000ac8c (0x020803a3) mem 0x8001535f 0x0
core   0: 0x8000ac90 (0x0000ba97) auipc   s5, 0xb
core   0: 3 0x8000ac90 (0x0000ba97) x21 0x80015c90
core   0: 0x8000ac94 (0xe35a8a93) addi    s5, s5, -459
core   0: 3 0x8000ac94 (0xe35a8a93) x21 0x80015ac5
core   0: 0x8000ac98 (0xfe8a8b23) sb      s0, -10(s5)
core   0: 3 0x8000ac98 (0xfe8a8b23) mem 0x80015abb 0x2
core   0: 0x8000ac9c (0x00dad483) lhu     s1, 13(s5)
core   0: 3 0x8000ac9c (0x00dad483) x 9 0x0000d4c7 mem 0x80015ad2
core   0: 0x8000aca0 (0x008a68b3) or      a7, s4, s0
core   0: 3 0x8000aca0 (0x008a68b3) x17 0x00000067
core   0: 0x8000aca4 (0xfe1a8d23) sb      ra, -6(s5)
core   0: 3 0x8000aca4 (0xfe1a8d23) mem 0x80015abf 0x1
core   0: 0x8000aca8 (0x0000100f) fence.i
core   0: 3 0x8000aca8 (0x0000100f)
core   0: 0x8000acac (0xff3a8823) sb      s3, -16(s5)
core   0: 3 0x8000acac (0xff3a8823) mem 0x80015ab5 0x25
core   0: 0x8000acb0 (0x00865233) srl     tp, a2, s0
core   0: 3 0x8000acb0 (0x00865233) x 4 0x20005572
core   0: 0x8000acb4 (0x01ca80a3) sb      t3, 1(s5)
core   0: 3 0x8000acb4 (0x01ca80a3) mem 0x80015ac6 0x23
core   0: 0x8000acb8 (0x00aa8223) sb      a0, 4(s5)
core   0: 3 0x8000acb8 (0x00aa8223) mem 0x80015ac9 0x59
core   0: 0x8000acbc (0x010a8283) lb      t0, 16(s5)
core   0: 3 0x8000acbc (0x010a8283) x 5 0xffffffdf mem 0x80015ad5
core   0: 0x8000acc0 (0x01fa92a3) sh      t6, 5(s5)
core   0: 3 0x8000acc0 (0x01fa92a3) mem 0x80015aca 0x5fab
core   0: 0x8000acc4 (0x019a81a3) sb      s9, 3(s5)
core   0: 3 0x8000acc4 (0x019a81a3) mem 0x80015ac8 0x0
core   0: 0x8000acc8 (0x44bd3913) sltiu   s2, s10, 1099
core   0: 3 0x8000acc8 (0x44bd3913) x18 0x00000000
core   0: 0x8000accc (0x008714b3) sll     s1, a4, s0
core   0: 3 0x8000accc (0x008714b3) x 9 0x00000000
core   0: 0x8000acd0 (0x00aa8c03) lb      s8, 10(s5)
core   0: 3 0x8000acd0 (0x00aa8c03) x24 0xffffffd0 mem 0x80015acf
core   0: 0x8000acd4 (0xfe6a8aa3) sb      t1, -11(s5)
core   0: 3 0x8000acd4 (0xfe6a8aa3) mem 0x80015aba 0x91
core   0: 0x8000acd8 (0x4df24093) xori    ra, tp, 1247
core   0: 3 0x8000acd8 (0x4df24093) x 1 0x200051ad
core   0: 0x8000acdc (0x001a8523) sb      ra, 10(s5)
core   0: 3 0x8000acdc (0x001a8523) mem 0x80015acf 0xad
core   0: 0x8000ace0 (0xff9ac403) lbu     s0, -7(s5)
core   0: 3 0x8000ace0 (0xff9ac403) x 8 0x00000009 mem 0x80015abe
core   0: 0x8000ace4 (0x00644033) xor     zero, s0, t1
core   0: 3 0x8000ace4 (0x00644033)
core   0: 0x8000ace8 (0x13f06917) auipc   s2, 0x13f06
core   0: 3 0x8000ace8 (0x13f06917) x18 0x93f10ce8
core   0: 0x8000acec (0x008a22b3) slt     t0, s4, s0
core   0: 3 0x8000acec (0x008a22b3) x 5 0x00000000
core   0: 0x8000acf0 (0x009ad083) lhu     ra, 9(s5)
core   0: 3 0x8000acf0 (0x009ad083) x 1 0x0000ad79 mem 0x80015ace
core   0: 0x8000acf4 (0x0082a8b3) slt     a7, t0, s0
core   0: 3 0x8000acf4 (0x0082a8b3) x17 0x00000001
core   0: 0x8000acf8 (0x00fa9203) lh      tp, 15(s5)
core   0: 3 0x8000acf8 (0x00fa9203) x 4 0xffffdf8b mem 0x80015ad4
core   0: 0x8000acfc (0x007ac003) lbu     zero, 7(s5)
core   0: 3 0x8000acfc (0x007ac003) mem 0x80015acc
core   0: 0x8000ad00 (0xc5b04e13) xori    t3, zero, -933
core   0: 3 0x8000ad00 (0xc5b04e13) x28 0xfffffc5b
core   0: 0x8000ad04 (0xff7aa883) lw      a7, -9(s5)
core   0: 3 0x8000ad04 (0xff7aa883) x17 0x0109d815 mem 0x80015abc
core   0: 0x8000ad08 (0x012a8323) sb      s2, 6(s5)
core   0: 3 0x8000ad08 (0x012a8323) mem 0x80015acb 0xe8
core   0: 0x8000ad0c (0x009da433) slt     s0, s11, s1
core   0: 3 0x8000ad0c (0x009da433) x 8 0x00000000
core   0: 0x8000ad10 (0x006ac083) lbu     ra, 6(s5)
core   0: 3 0x8000ad10 (0x006ac083) x 1 0x000000e8 mem 0x80015acb
core   0: 0x8000ad14 (0x41a2d833) sra     a6, t0, s10
core   0: 3 0x8000ad14 (0x41a2d833) x16 0x00000000
core   0: 0x8000ad18 (0x001b4733) xor     a4, s6, ra
core   0: 3 0x8000ad18 (0x001b4733) x14 0xfe61bbb4
core   0: 0x8000ad1c (0x8da21717) auipc   a4, 0x8da21
core   0: 3 0x8000ad1c (0x8da21717) x14 0x0da2bd1c
core   0: 0x8000ad20 (0xe64ff793) andi    a5, t6, -412
core   0: 3 0x8000ad20 (0xe64ff793) x15 0x80015e20
core   0: 0x8000ad24 (0x00895e93) srli    t4, s2, 8
core   0: 3 0x8000ad24 (0x00895e93) x29 0x0093f10c
core   0: 0x8000ad28 (0x00caf2b3) and     t0, s5, a2
core   0: 3 0x8000ad28 (0x00caf2b3) x 5 0x800150c0
core   0: 0x8000ad2c (0x01382bb3) slt     s7, a6, s3
core   0: 3 0x8000ad2c (0x01382bb3) x23 0x00000001
core   0: 0x8000ad30 (0xff9a9c83) lh      s9, -7(s5)
core   0: 3 0x8000ad30 (0xff9a9c83) x25 0x00000109 mem 0x80015abe
core   0: 0x8000ad34 (0x01c2bc33) sltu    s8, t0, t3
core   0: 3 0x8000ad34 (0x01c2bc33) x24 0x00000001
core   0: 0x8000ad38 (0x013f5313) srli    t1, t5, 19
core   0: 3 0x8000ad38 (0x013f5313) x 6 0x00000000
core   0: 0x8000ad3c (0x000ac303) lbu     t1, 0(s5)
core   0: 3 0x8000ad3c (0x000ac303) x 6 0x000000ff mem 0x80015ac5
core   0: 0x8000ad40 (0x013cd313) srli    t1, s9, 19
core   0: 3 0x8000ad40 (0x013cd313) x 6 0x00000000
core   0: 0x8000ad44 (0xff8acd03) lbu     s10, -8(s5)
core   0: 3 0x8000ad44 (0xff8acd03) x26 0x000000d8 mem 0x80015abd
core   0: 0x8000ad48 (0x0000b917) auipc   s2, 0xb
core   0: 3 0x8000ad48 (0x0000b917) x18 0x80015d48
core   0: 0x8000ad4c (0xac690913) addi    s2, s2, -1338
core   0: 3 0x8000ad4c (0xac690913) x18 0x8001580e
core   0: 0x8000ad50 (0xa9ad3a37) lui     s4, 0xa9ad3
core   0: 3 0x8000ad50 (0xa9ad3a37) x20 0xa9ad3000
core   0: 0x8000ad54 (0x19191d23) sh      a7, 410(s2)
core   0: 3 0x8000ad54 (0x19191d23) mem 0x800159a8 0xd815
core   0: 0x8000ad58 (0xc7794083) lbu     ra, -905(s2)
core   0: 3 0x8000ad58 (0xc7794083) x 1 0x000000f1 mem 0x80015485
core   0: 0x8000ad5c (0x38f13797) auipc   a5, 0x38f13
core   0: 3 0x8000ad5c (0x38f13797) x15 0xb8f1dd5c
core   0: 0x8000ad60 (0xf1494783) lbu     a5, -236(s2)
core   0: 3 0x8000ad60 (0xf1494783) x15 0x00000010 mem 0x80015722
core   0: 0x8000ad64 (0x56d909a3) sb      a3, 1395(s2)
core   0: 3 0x8000ad64 (0x56d909a3) mem 0x80015d81 0x47
core   0: 0x8000ad68 (0xecd94703) lbu     a4, -307(s2)
core   0: 3 0x8000ad68 (0xecd94703) x14 0x00000086 mem 0x800156db
core   0: 0x8000ad6c (0x41228f33) sub     t5, t0, s2
core   0: 3 0x8000ad6c (0x41228f33) x30 0xfffff8b2
core   0: 0x8000ad70 (0x00001993) slli    s3, zero, 0
core   0: 3 0x8000ad70 (0x00001993) x19 0x00000000
core   0: 0x8000ad74 (0x3ff90003) lb      zero, 1023(s2)
core   0: 3 0x8000ad74 (0x3ff90003) mem 0x80015c0d
core   0: 0x8000ad78 (0x018a76b3) and     a3, s4, s8
core   0: 3 0x8000ad78 (0x018a76b3) x13 0x00000000
core   0: 0x8000ad7c (0x40cc0333) sub     t1, s8, a2
core   0: 3 0x8000ad7c (0x40cc0333) x 6 0x7ffeaa39
core   0: 0x8000ad80 (0x73838497) auipc   s1, 0x73838
core   0: 3 0x8000ad80 (0x73838497) x 9 0xf3842d80
core   0: 0x8000ad84 (0xfc390003) lb      zero, -61(s2)
core   0: 3 0x8000ad84 (0xfc390003) mem 0x800157d1
core   0: 0x8000ad88 (0xb8495383) lhu     t2, -1148(s2)
core   0: 3 0x8000ad88 (0xb8495383) x 7 0x00002e85 mem 0x80015392
core   0: 0x8000ad8c (0x8a43e493) ori     s1, t2, -1884
core   0: 3 0x8000ad8c (0x8a43e493) x 9 0xfffffea5
core   0: 0x8000ad90 (0x012b5513) srli    a0, s6, 18
core   0: 3 0x8000ad90 (0x012b5513) x10 0x00003f98
core   0: 0x8000ad94 (0x40185013) srai    zero, a6, 1
core   0: 3 0x8000ad94 (0x40185013)
core   0: 0x8000ad98 (0x4aa0b613) sltiu   a2, ra, 1194
core   0: 3 0x8000ad98 (0x4aa0b613) x12 0x00000001
core   0: 0x8000ad9c (0x93e92003) lw      zero, -1730(s2)
core   0: 3 0x8000ad9c (0x93e92003) mem 0x8001514c
core   0: 0x8000ada0 (0x94292783) lw      a5, -1726(s2)
core   0: 3 0x8000ada0 (0x94292783) x15 0x5b9a3426 mem 0x80015150
core   0: 0x8000ada4 (0xf5891d23) sh      s8, -166(s2)
core   0: 3 0x8000ada4 (0xf5891d23) mem 0x80015768 0x0001
core   0: 0x8000ada8 (0x84590b83) lb      s7, -1979(s2)
core   0: 3 0x8000ada8 (0x84590b83) x23 0xffffffdd mem 0x80015053
core   0: 0x8000adac (0x83d90da3) sb      t4, -1989(s2)
core   0: 3 0x8000adac (0x83d90da3) mem 0x80015049 0xc
core   0: 0x8000adb0 (0x8b690523) sb      s6, -1878(s2)
core   0: 3 0x8000adb0 (0x8b690523) mem 0x800150b8 0x5c
core   0: 0x8000adb4 (0x6ec90803) lb      a6, 1772(s2)
core   0: 3 0x8000adb4 (0x6ec90803) x16 0x00000074 mem 0x80015efa
core   0: 0x8000adb8 (0x41ca8db3) sub     s11, s5, t3
core   0: 3 0x8000adb8 (0x41ca8db3) x27 0x80015e6a
core   0: 0x8000adbc (0x00bf1313) slli    t1, t5, 11
core   0: 3 0x8000adbc (0x00bf1313) x 6 0xffc59000
core   0: 0x8000adc0 (0x5ec91183) lh      gp, 1516(s2)
core   0: 3 0x8000adc0 (0x5ec91183) x 3 0xfffffffd mem 0x80015dfa
core   0: 0x8000adc4 (0x17991923) sh      s9, 370(s2)
core   0: 3 0x8000adc4 (0x17991923) mem 0x80015980 0x0109
core   0: 0x8000adc8 (0xd1594203) lbu     tp, -747(s2)
core   0: 3 0x8000adc8 (0xd1594203) x 4 0x000000e8 mem 0x80015523
core   0: 0x8000adcc (0x01f0fdb3) and     s11, ra, t6
core   0: 3 0x8000adcc (0x01f0fdb3) x27 0x000000a1
core   0: 0x8000add0 (0xb5790083) lb      ra, -1193(s2)
core   0: 3 0x8000add0 (0xb5790083) x 1 0xffffffa3 mem 0x80015365
core   0: 0x8000add4 (0x40e4d7b3) sra     a5, s1, a4
core   0: 3 0x8000add4 (0x40e4d7b3) x15 0xfffffffa
core   0: 0x8000add8 (0xf7291923) sh      s2, -142(s2)
core   0: 3 0x8000add8 (0xf7291923) mem 0x80015780 0x580e
core   0: 0x8000addc (0x0000a717) auipc   a4, 0xa
core   0: 3 0x8000addc (0x0000a717) x14 0x80014ddc
core   0: 0x8000ade0 (0x40670713) addi    a4, a4, 1030
core   0: 3 0x8000ade0 (0x40670713) x14 0x800151e2
core   0: 0x8000ade4 (0x08370503) lb      a0, 131(a4)
core   0: 3 0x8000ade4 (0x08370503) x10 0xffffffbc mem 0x80015265
core   0: 0x8000ade8 (0xf0d70603) lb      a2, -243(a4)
core   0: 3 0x8000ade8 (0xf0d70603) x12 0x00000058 mem 0x800150ef
core   0: 0x8000adec (0x0ff0000f) fence   iorw,iorw
core   0: 3 0x8000adec (0x0ff0000f)
core   0: 0x8000adf0 (0xf19706a3) sb      s9, -243(a4)
core   0: 3 0x8000adf0 (0xf19706a3) mem 0x800150ef 0x9
core   0: 0x8000adf4 (0xfbc75903) lhu     s2, -68(a4)
core   0: 3 0x8000adf4 (0xfbc75903) x18 0x0000ffe4 mem 0x8001519e
core   0: 0x8000adf8 (0xfbc75403) lhu     s0, -68(a4)
core   0: 3 0x8000adf8 (0xfbc75403) x 8 0x0000ffe4 mem 0x8001519e
core   0: 0x8000adfc (0xf3271c83) lh      s9, -206(a4)
core   0: 3 0x8000adfc (0xf3271c83) x25 0xffffeb4c mem 0x80015114
core   0: 0x8000ae00 (0xf3271903) lh      s2, -206(a4)
core   0: 3 0x8000ae00 (0xf3271903) x18 0xffffeb4c mem 0x80015114
core   0: 0x8000ae04 (0x0c475603) lhu     a2, 196(a4)
core   0: 3 0x8000ae04 (0x0c475603) x12 0x0000d09c mem 0x800152a6
core   0: 0x8000ae08 (0xfce71183) lh      gp, -50(a4)
core   0: 3 0x8000ae08 (0xfce71183) x 3 0xffffb624 mem 0x800151b0
core   0: 0x8000ae0c (0xfe672303) lw      t1, -26(a4)
core   0: 3 0x8000ae0c (0xfe672303) x 6 0x2ae5f56d mem 0x800151c8
core   0: 0x8000ae10 (0x09475503) lhu     a0, 148(a4)
core   0: 3 0x8000ae10 (0x09475503) x10 0x0000b348 mem 0x80015276
core   0: 0x8000ae14 (0x0d574c83) lbu     s9, 213(a4)
core   0: 3 0x8000ae14 (0x0d574c83) x25 0x000000d2 mem 0x800152b7
core   0: 0x8000ae18 (0x0d570c83) lb      s9, 213(a4)
core   0: 3 0x8000ae18 (0x0d570c83) x25 0xffffffd2 mem 0x800152b7
core   0: 0x8000ae1c (0x046702a3) sb      t1, 69(a4)
core   0: 3 0x8000ae1c (0x046702a3) mem 0x80015227 0x6d
core   0: 0x8000ae20 (0x04574783) lbu     a5, 69(a4)
core   0: 3 0x8000ae20 (0x04574783) x15 0x0000006d mem 0x80015227
core   0: 0x8000ae24 (0x013dfcb3) and     s9, s11, s3
core   0: 3 0x8000ae24 (0x013dfcb3) x25 0x00000000
core   0: 0x8000ae28 (0x011b6533) or      a0, s6, a7
core   0: 3 0x8000ae28 (0x011b6533) x10 0xff69fb5d
core   0: 0x8000ae2c (0x04570683) lb      a3, 69(a4)
core   0: 3 0x8000ae2c (0x04570683) x13 0x0000006d mem 0x80015227
core   0: 0x8000ae30 (0x06874f03) lbu     t5, 104(a4)
core   0: 3 0x8000ae30 (0x06874f03) x30 0x0000007f mem 0x8001524a
core   0: 0x8000ae34 (0x0001a997) auipc   s3, 0x1a
core   0: 3 0x8000ae34 (0x0001a997) x19 0x80024e34
core   0: 0x8000ae38 (0x36498993) addi    s3, s3, 868
core   0: 3 0x8000ae38 (0x36498993) x19 0x80025198
core   0: 0x8000ae3c (0xfe29d783) lhu     a5, -30(s3)
core   0: 3 0x8000ae3c (0xfe29d783) x15 0x0000ed47 mem 0x8002517a
core   0: 0x8000ae40 (0xfd29c503) lbu     a0, -46(s3)
core   0: 3 0x8000ae40 (0xfd29c503) x10 0x000000aa mem 0x8002516a
core   0: 0x8000ae44 (0xfd29d903) lhu     s2, -46(s3)
core   0: 3 0x8000ae44 (0xfd29d903) x18 0x000019aa mem 0x8002516a
core   0: 0x8000ae48 (0x01ee6ab3) or      s5, t3, t5
core   0: 3 0x8000ae48 (0x01ee6ab3) x21 0xfffffc7f
core   0: 0x8000ae4c (0x0ff0000f) fence   iorw,iorw
core   0: 3 0x8000ae4c (0x0ff0000f)
core   0: 0x8000ae50 (0xfd29c503) lbu     a0, -46(s3)
core   0: 3 0x8000ae50 (0xfd29c503) x10 0x000000aa mem 0x8002516a
core   0: 0x8000ae54 (0xffd9c783) lbu     a5, -3(s3)
core   0: 3 0x8000ae54 (0xffd9c783) x15 0x000000b4 mem 0x80025195
core   0: 0x8000ae58 (0xfd2986a3) sb      s2, -51(s3)
core   0: 3 0x8000ae58 (0xfd2986a3) mem 0x80025165 0xaa
core   0: 0x8000ae5c (0xfcd98803) lb      a6, -51(s3)
core   0: 3 0x8000ae5c (0xfcd98803) x16 0xffffffaa mem 0x80025165
core   0: 0x8000ae60 (0xfcd98d83) lb      s11, -51(s3)
core   0: 3 0x8000ae60 (0xfcd98d83) x27 0xffffffaa mem 0x80025165
core   0: 0x8000ae64 (0xfcc9d283) lhu     t0, -52(s3)
core   0: 3 0x8000ae64 (0xfcc9d283) x 5 0x0000aa8d mem 0x80025164
core   0: 0x8000ae68 (0xb928a393) slti    t2, a7, -1134
core   0: 3 0x8000ae68 (0xb928a393) x 7 0x00000000
core   0: 0x8000ae6c (0x41e801b3) sub     gp, a6, t5
core   0: 3 0x8000ae6c (0x41e801b3) x 3 0xffffff2b
core   0: 0x8000ae70 (0x01852d33) slt     s10, a0, s8
core   0: 3 0x8000ae70 (0x01852d33) x26 0x00000000
core   0: 0x8000ae74 (0x0379a223) sw      s7, 36(s3)
core   0: 3 0x8000ae74 (0x0379a223) mem 0x800251bc 0xffffffdd
core   0: 0x8000ae78 (0x0219a223) sw      ra, 36(s3)
core   0: 3 0x8000ae78 (0x0219a223) mem 0x800251bc 0xffffffa3
core   0: 0x8000ae7c (0xfd998303) lb      t1, -39(s3)
core   0: 3 0x8000ae7c (0xfd998303) x 6 0x0000003d mem 0x80025171
core   0: 0x8000ae80 (0xfd998a83) lb      s5, -39(s3)
core   0: 3 0x8000ae80 (0xfd998a83) x21 0x0000003d mem 0x80025171
core   0: 0x8000ae84 (0xfdf982a3) sb      t6, -59(s3)
core   0: 3 0x8000ae84 (0xfdf982a3) mem 0x8002515d 0xab
core   0: 0x8000ae88 (0xfe298a03) lb      s4, -30(s3)
core   0: 3 0x8000ae88 (0xfe298a03) x20 0x00000047 mem 0x8002517a
core   0: 0x8000ae8c (0xfff98403) lb      s0, -1(s3)
core   0: 3 0x8000ae8c (0xfff98403) x 8 0xffffff8b mem 0x80025197
core   0: 0x8000ae90 (0x00015417) auipc   s0, 0x15
core   0: 3 0x8000ae90 (0x00015417) x 8 0x8001fe90
core   0: 0x8000ae94 (0x6fc40413) addi    s0, s0, 1788
core   0: 3 0x8000ae94 (0x6fc40413) x 8 0x8002058c
core   0: 0x8000ae98 (0x0000100f) fence.i
core   0: 3 0x8000ae98 (0x0000100f)
core   0: 0x8000ae9c (0x014401a3) sb      s4, 3(s0)
core   0: 3 0x8000ae9c (0x014401a3) mem 0x8002058f 0x47
core   0: 0x8000aea0 (0x00144d03) lbu     s10, 1(s0)
core   0: 3 0x8000aea0 (0x00144d03) x26 0x0000003e mem 0x8002058d
core   0: 0x8000aea4 (0x00140603) lb      a2, 1(s0)
core   0: 3 0x8000aea4 (0x00140603) x12 0x0000003e mem 0x8002058d
core   0: 0x8000aea8 (0x00140183) lb      gp, 1(s0)
core   0: 3 0x8000aea8 (0x00140183) x 3 0x0000003e mem 0x8002058d
core   0: 0x8000aeac (0x00144d03) lbu     s10, 1(s0)
core   0: 3 0x8000aeac (0x00144d03) x26 0x0000003e mem 0x8002058d
core   0: 0x8000aeb0 (0x011405a3) sb      a7, 11(s0)
core   0: 3 0x8000aeb0 (0x011405a3) mem 0x80020597 0x15
core   0: 0x8000aeb4 (0x00094233) xor     tp, s2, zero
core   0: 3 0x8000aeb4 (0x00094233) x 4 0x000019aa
core   0: 0x8000aeb8 (0x003407a3) sb      gp, 15(s0)
core   0: 3 0x8000aeb8 (0x003407a3) mem 0x8002059b 0x3e
core   0: 0x8000aebc (0x83882b93) slti    s7, a6, -1992
core   0: 3 0x8000aebc (0x83882b93) x23 0x00000000
core   0: 0x8000aec0 (0x00741123) sh      t2, 2(s0)
core   0: 3 0x8000aec0 (0x00741123) mem 0x8002058e 0x0000
core   0: 0x8000aec4 (0x00140623) sb      ra, 12(s0)
core   0: 3 0x8000aec4 (0x00140623) mem 0x80020598 0xa3
core   0: 0x8000aec8 (0x00944603) lbu     a2, 9(s0)
core   0: 3 0x8000aec8 (0x00944603) x12 0x000000f8 mem 0x80020595
core   0: 0x8000aecc (0xff444183) lbu     gp, -12(s0)
core   0: 3 0x8000aecc (0xff444183) x 3 0x00000027 mem 0x80020580
core   0: 0x8000aed0 (0x0000e497) auipc   s1, 0xe
core   0: 3 0x8000aed0 (0x0000e497) x 9 0x80018ed0
core   0: 0x8000aed4 (0x42248493) addi    s1, s1, 1058
core   0: 3 0x8000aed4 (0x42248493) x 9 0x800192f2
core   0: 0x8000aed8 (0x0000bc97) auipc   s9, 0xb
core   0: 3 0x8000aed8 (0x0000bc97) x25 0x80015ed8
core   0: 0x8000aedc (0x7d9c8c93) addi    s9, s9, 2009
core   0: 3 0x8000aedc (0x7d9c8c93) x25 0x800166b1
core   0: 0x8000aee0 (0x0a6c8303) lb      t1, 166(s9)
core   0: 3 0x8000aee0 (0x0a6c8303) x 6 0xffffffe7 mem 0x80016757
core   0: 0x8000aee4 (0x0000c617) auipc   a2, 0xc
core   0: 3 0x8000aee4 (0x0000c617) x12 0x80016ee4
core   0: 0x8000aee8 (0xdf660613) addi    a2, a2, -522
core   0: 3 0x8000aee8 (0xdf660613) x12 0x80016cda
core   0: 0x8000aeec (0x0b0c8f03) lb      t5, 176(s9)
core   0: 3 0x8000aeec (0x0b0c8f03) x30 0x0000000a mem 0x80016761
core   0: 0x8000aef0 (0xffe49b83) lh      s7, -2(s1)
core   0: 3 0x8000aef0 (0xffe49b83) x23 0xfffff37b mem 0x800192f0
core   0: 0x8000aef4 (0xff7c8803) lb      a6, -9(s9)
core   0: 3 0x8000aef4 (0xff7c8803) x16 0xffffffbf mem 0x800166a8
core   0: 0x8000aef8 (0xf2360503) lb      a0, -221(a2)
core   0: 3 0x8000aef8 (0xf2360503) x10 0xffffffc7 mem 0x80016bfd
core   0: 0x8000aefc (0x0000f917) auipc   s2, 0xf
core   0: 3 0x8000aefc (0x0000f917) x18 0x80019efc
core   0: 0x8000af00 (0xa7090913) addi    s2, s2, -1424
core   0: 3 0x8000af00 (0xa7090913) x18 0x8001996c
core   0: 0x8000af04 (0x03262c03) lw      s8, 50(a2)
core   0: 3 0x8000af04 (0x03262c03) x24 0xb3a31ed2 mem 0x80016d0c
core   0: 0x8000af08 (0xff095b83) lhu     s7, -16(s2)
core   0: 3 0x8000af08 (0xff095b83) x23 0x00005607 mem 0x8001995c
core   0: 0x8000af0c (0xfec48aa3) sb      a2, -11(s1)
core   0: 3 0x8000af0c (0xfec48aa3) mem 0x800192e7 0xda
core   0: 0x8000af10 (0xfa260083) lb      ra, -94(a2)
core   0: 3 0x8000af10 (0xfa260083) x 1 0xffffffb0 mem 0x80016c7c
core   0: 0x8000af14 (0xff948e03) lb      t3, -7(s1)
core   0: 3 0x8000af14 (0xff948e03) x28 0xffffff90 mem 0x800192eb
core   0: 0x8000af18 (0x024ccd03) lbu     s10, 36(s9)
core   0: 3 0x8000af18 (0x024ccd03) x26 0x00000091 mem 0x800166d5
core   0: 0x8000af1c (0xf54c8c23) sb      s4, -168(s9)
core   0: 3 0x8000af1c (0xf54c8c23) mem 0x80016609 0x47
core   0: 0x8000af20 (0x00b94683) lbu     a3, 11(s2)
core   0: 3 0x8000af20 (0x00b94683) x13 0x000000e2 mem 0x80019977
core   0: 0x8000af24 (0x00e4af83) lw      t6, 14(s1)
core   0: 3 0x8000af24 (0x00e4af83) x31 0x9075ee70 mem 0x80019300
core   0: 0x8000af28 (0x02cc8683) lb      a3, 44(s9)
core   0: 3 0x8000af28 (0x02cc8683) x13 0x0000003b mem 0x800166dd
core   0: 0x8000af2c (0x00148983) lb      s3, 1(s1)
core   0: 3 0x8000af2c (0x00148983) x19 0xffffffd9 mem 0x800192f3
core   0: 0x8000af30 (0xff148403) lb      s0, -15(s1)
core   0: 3 0x8000af30 (0xff148403) x 8 0x00000065 mem 0x800192e3
core   0: 0x8000af34 (0xff495283) lhu     t0, -12(s2)
core   0: 3 0x8000af34 (0xff495283) x 5 0x0000db12 mem 0x80019960
core   0: 0x8000af38 (0xff748403) lb      s0, -9(s1)
core   0: 3 0x8000af38 (0xff748403) x 8 0x0000002b mem 0x800192e9
core   0: 0x8000af3c (0x04b60183) lb      gp, 75(a2)
core   0: 3 0x8000af3c (0x04b60183) x 3 0xffffffb2 mem 0x80016d25
core   0: 0x8000af40 (0x098cc503) lbu     a0, 152(s9)
core   0: 3 0x8000af40 (0x098cc503) x10 0x00000006 mem 0x80016749
core   0: 0x8000af44 (0xfee90f23) sb      a4, -2(s2)
core   0: 3 0x8000af44 (0xfee90f23) mem 0x8001996a 0xe2
core   0: 0x8000af48 (0xf44ccc03) lbu     s8, -188(s9)
core   0: 3 0x8000af48 (0xf44ccc03) x24 0x000000a6 mem 0x800165f5
core   0: 0x8000af4c (0xff248c23) sb      s2, -8(s1)
core   0: 3 0x8000af4c (0xff248c23) mem 0x800192ea 0x6c
core   0: 0x8000af50 (0x0cfc8003) lb      zero, 207(s9)
core   0: 3 0x8000af50 (0x0cfc8003) mem 0x80016780
core   0: 0x8000af54 (0xf9860003) lb      zero, -104(a2)
core   0: 3 0x8000af54 (0xf9860003) mem 0x80016c72
core   0: 0x8000af58 (0xfff48d83) lb      s11, -1(s1)
core   0: 3 0x8000af58 (0xfff48d83) x27 0xfffffff3 mem 0x800192f1
core   0: 0x8000af5c (0xfed49a23) sh      a3, -12(s1)
core   0: 3 0x8000af5c (0xfed49a23) mem 0x800192e6 0x003b
core   0: 0x8000af60 (0x04dc9283) lh      t0, 77(s9)
core   0: 3 0x8000af60 (0x04dc9283) x 5 0x00001a9d mem 0x800166fe
core   0: 0x8000af64 (0x01792823) sw      s7, 16(s2)
core   0: 3 0x8000af64 (0x01792823) mem 0x8001997c 0x00005607
core   0: 0x8000af68 (0x0001ae17) auipc   t3, 0x1a
core   0: 3 0x8000af68 (0x0001ae17) x28 0x80024f68
core   0: 0x8000af6c (0x6e4e0e13) addi    t3, t3, 1764
core   0: 3 0x8000af6c (0x6e4e0e13) x28 0x8002564c
core   0: 0x8000af70 (0x010e2d83) lw      s11, 16(t3)
core   0: 3 0x8000af70 (0x010e2d83) x27 0x125528bd mem 0x8002565c
core   0: 0x8000af74 (0xfffe4683) lbu     a3, -1(t3)
core   0: 3 0x8000af74 (0xfffe4683) x13 0x000000e9 mem 0x8002564b
core   0: 0x8000af78 (0xfffe4203) lbu     tp, -1(t3)
core   0: 3 0x8000af78 (0xfffe4203) x 4 0x000000e9 mem 0x8002564b
core   0: 0x8000af7c (0xffae0203) lb      tp, -6(t3)
core   0: 3 0x8000af7c (0xffae0203) x 4 0xffffffb9 mem 0x80025646
core   0: 0x8000af80 (0x41404517) auipc   a0, 0x41404
core   0: 3 0x8000af80 (0x41404517) x10 0xc140ef80
core   0: 0x8000af84 (0xffae1303) lh      t1, -6(t3)
core   0: 3 0x8000af84 (0xffae1303) x 6 0x000022b9 mem 0x80025646
core   0: 0x8000af88 (0x008e0123) sb      s0, 2(t3)
core   0: 3 0x8000af88 (0x008e0123) mem 0x8002564e 0x2b
core   0: 0x8000af8c (0x00ee4c03) lbu     s8, 14(t3)
core   0: 3 0x8000af8c (0x00ee4c03) x24 0x0000009d mem 0x8002565a
core   0: 0x8000af90 (0xff3e0703) lb      a4, -13(t3)
core   0: 3 0x8000af90 (0xff3e0703) x14 0xffffffac mem 0x8002563f
core   0: 0x8000af94 (0xff3e4803) lbu     a6, -13(t3)
core   0: 3 0x8000af94 (0xff3e4803) x16 0x000000ac mem 0x8002563f
core   0: 0x8000af98 (0xff3e4c03) lbu     s8, -13(t3)
core   0: 3 0x8000af98 (0xff3e4c03) x24 0x000000ac mem 0x8002563f
core   0: 0x8000af9c (0xff3e4603) lbu     a2, -13(t3)
core   0: 3 0x8000af9c (0xff3e4603) x12 0x000000ac mem 0x8002563f
core   0: 0x8000afa0 (0xff3e0183) lb      gp, -13(t3)
core   0: 3 0x8000afa0 (0xff3e0183) x 3 0xffffffac mem 0x8002563f
core   0: 0x8000afa4 (0xff3e4983) lbu     s3, -13(t3)
core   0: 3 0x8000afa4 (0xff3e4983) x19 0x000000ac mem 0x8002563f
core   0: 0x8000afa8 (0xff3e0503) lb      a0, -13(t3)
core   0: 3 0x8000afa8 (0xff3e0503) x10 0xffffffac mem 0x8002563f
core   0: 0x8000afac (0xff0e1a23) sh      a6, -12(t3)
core   0: 3 0x8000afac (0xff0e1a23) mem 0x80025640 0x00ac
core   0: 0x8000afb0 (0xff3e08a3) sb      s3, -15(t3)
core   0: 3 0x8000afb0 (0xff3e08a3) mem 0x8002563d 0xac
core   0: 0x8000afb4 (0xff1e4183) lbu     gp, -15(t3)
core   0: 3 0x8000afb4 (0xff1e4183) x 3 0x000000ac mem 0x8002563d
core   0: 0x8000afb8 (0x013e3733) sltu    a4, t3, s3
core   0: 3 0x8000afb8 (0x013e3733) x14 0x00000000
core   0: 0x8000afbc (0xff1e4f03) lbu     t5, -15(t3)
core   0: 3 0x8000afbc (0xff1e4f03) x30 0x000000ac mem 0x8002563d
core   0: 0x8000afc0 (0xff1e4903) lbu     s2, -15(t3)
core   0: 3 0x8000afc0 (0xff1e4903) x18 0x000000ac mem 0x8002563d
core   0: 0x8000afc4 (0xff1e0403) lb      s0, -15(t3)
core   0: 3 0x8000afc4 (0xff1e0403) x 8 0xffffffac mem 0x8002563d
core   0: 0x8000afc8 (0x0000ad97) auipc   s11, 0xa
core   0: 3 0x8000afc8 (0x0000ad97) x27 0x80014fc8
core   0: 0x8000afcc (0x35ad8d93) addi    s11, s11, 858
core   0: 3 0x8000afcc (0x35ad8d93) x27 0x80015322
core   0: 0x8000afd0 (0x036d9403) lh      s0, 54(s11)
core   0: 3 0x8000afd0 (0x036d9403) x 8 0x00005386 mem 0x80015358
core   0: 0x8000afd4 (0x402b09b3) sub     s3, s6, sp
core   0: 3 0x8000afd4 (0x402b09b3) x19 0x7e5f0cf8
core   0: 0x8000afd8 (0x0f5d8a23) sb      s5, 244(s11)
core   0: 3 0x8000afd8 (0x0f5d8a23) mem 0x80015416 0x3d
core   0: 0x8000afdc (0x00165733) srl     a4, a2, ra
core   0: 3 0x8000afdc (0x00165733) x14 0x00000000
core   0: 0x8000afe0 (0x41855fb3) sra     t6, a0, s8
core   0: 3 0x8000afe0 (0x41855fb3) x31 0xffffffff
core   0: 0x8000afe4 (0xf4bd8aa3) sb      a1, -171(s11)
core   0: 3 0x8000afe4 (0xf4bd8aa3) mem 0x80015277 0xe4
core   0: 0x8000afe8 (0xa00f3a93) sltiu   s5, t5, -1536
core   0: 3 0x8000afe8 (0xa00f3a93) x21 0x00000001
core   0: 0x8000afec (0x01182e33) slt     t3, a6, a7
core   0: 3 0x8000afec (0x01182e33) x28 0x00000001
core   0: 0x8000aff0 (0x00000013) nop
core   0: 3 0x8000aff0 (0x00000013)
core   0: 0x8000aff4 (0x018dd883) lhu     a7, 24(s11)
core   0: 3 0x8000aff4 (0x018dd883) x17 0x0000ee33 mem 0x8001533a
core   0: 0x8000aff8 (0x01a84f33) xor     t5, a6, s10
core   0: 3 0x8000aff8 (0x01a84f33) x30 0x0000003d
core   0: 0x8000affc (0x0252b413) sltiu   s0, t0, 37
core   0: 3 0x8000affc (0x0252b413) x 8 0x00000000
core   0: 0x8000b000 (0x001dc483) lbu     s1, 1(s11)
core   0: 3 0x8000b000 (0x001dc483) x 9 0x00000000 mem 0x80015323
core   0: 0x8000b004 (0x073d8803) lb      a6, 115(s11)
core   0: 3 0x8000b004 (0x073d8803) x16 0xffffffbc mem 0x80015395
core   0: 0x8000b008 (0x01055713) srli    a4, a0, 16
core   0: 3 0x8000b008 (0x01055713) x14 0x0000ffff
core   0: 0x8000b00c (0x00000013) nop
core   0: 3 0x8000b00c (0x00000013)
core   0: 0x8000b010 (0x014dca03) lbu     s4, 20(s11)
core   0: 3 0x8000b010 (0x014dca03) x20 0x0000009d mem 0x80015336
core   0: 0x8000b014 (0xfffd8d03) lb      s10, -1(s11)
core   0: 3 0x8000b014 (0xfffd8d03) x26 0x00000000 mem 0x80015321
core   0: 0x8000b018 (0xed372513) slti    a0, a4, -301
core   0: 3 0x8000b018 (0xed372513) x10 0x00000000
core   0: 0x8000b01c (0x95a984b7) lui     s1, 0x95a98
core   0: 3 0x8000b01c (0x95a984b7) x 9 0x95a98000
core   0: 0x8000b020 (0x9ad4ba13) sltiu   s4, s1, -1619
core   0: 3 0x8000b020 (0x9ad4ba13) x20 0x00000001
core   0: 0x8000b024 (0x40c2d8b3) sra     a7, t0, a2
core   0: 3 0x8000b024 (0x40c2d8b3) x17 0x00000001
core   0: 0x8000b028 (0x01633d33) sltu    s10, t1, s6
core   0: 3 0x8000b028 (0x01633d33) x26 0x00000001
core   0: 0x8000b02c (0x046da183) lw      gp, 70(s11)
core   0: 3 0x8000b02c (0x046da183) x 3 0xb420fd1f mem 0x80015368
core   0: 0x8000b030 (0x54ea3f93) sltiu   t6, s4, 1358
core   0: 3 0x8000b030 (0x54ea3f93) x31 0x00000001
core   0: 0x8000b034 (0x0000100f) fence.i
core   0: 3 0x8000b034 (0x0000100f)
core   0: 0x8000b038 (0xfcfd8203) lb      tp, -49(s11)
core   0: 3 0x8000b038 (0xfcfd8203) x 4 0x00000000 mem 0x800152f1
core   0: 0x8000b03c (0x03ad80a3) sb      s10, 33(s11)
core   0: 3 0x8000b03c (0x03ad80a3) mem 0x80015343 0x1
core   0: 0x8000b040 (0x0c7d8403) lb      s0, 199(s11)
core   0: 3 0x8000b040 (0x0c7d8403) x 8 0x00000049 mem 0x800153e9
core   0: 0x8000b044 (0x00e1a833) slt     a6, gp, a4
core   0: 3 0x8000b044 (0x00e1a833) x16 0x00000001
core   0: 0x8000b048 (0xf87d84a3) sb      t2, -119(s11)
core   0: 3 0x8000b048 (0xf87d84a3) mem 0x800152ab 0x0
core   0: 0x8000b04c (0xfdcdc303) lbu     t1, -36(s11)
core   0: 3 0x8000b04c (0xfdcdc303) x 6 0x000000cc mem 0x800152fe
core   0: 0x8000b050 (0xffadca83) lbu     s5, -6(s11)
core   0: 3 0x8000b050 (0xffadca83) x21 0x00000000 mem 0x8001531c
core   0: 0x8000b054 (0x00729433) sll     s0, t0, t2
core   0: 3 0x8000b054 (0x00729433) x 8 0x00001a9d
core   0: 0x8000b058 (0x02bd81a3) sb      a1, 35(s11)
core   0: 3 0x8000b058 (0x02bd81a3) mem 0x80015345 0xe4
core   0: 0x8000b05c (0x0a4d9f83) lh      t6, 164(s11)
core   0: 3 0x8000b05c (0x0a4d9f83) x31 0xffffe56f mem 0x800153c6
core   0: 0x8000b060 (0x0f8d8e83) lb      t4, 248(s11)
core   0: 3 0x8000b060 (0x0f8d8e83) x29 0xffffff84 mem 0x8001541a
core   0: 0x8000b064 (0x089dc703) lbu     a4, 137(s11)
core   0: 3 0x8000b064 (0x089dc703) x14 0x000000a5 mem 0x800153ab
core   0: 0x8000b068 (0x4024d0b3) sra     ra, s1, sp
core   0: 3 0x8000b068 (0x4024d0b3) x 1 0xf95a9800
core   0: 0x8000b06c (0x2d2fc393) xori    t2, t6, 722
core   0: 3 0x8000b06c (0x2d2fc393) x 7 0xffffe7bd
core   0: 0x8000b070 (0xab012513) slti    a0, sp, -1360
core   0: 3 0x8000b070 (0xab012513) x10 0x00000001
core   0: 0x8000b074 (0x41885413) srai    s0, a6, 24
core   0: 3 0x8000b074 (0x41885413) x 8 0x00000000
core   0: 0x8000b078 (0x00833ab3) sltu    s5, t1, s0
core   0: 3 0x8000b078 (0x00833ab3) x21 0x00000000
core   0: 0x8000b07c (0x00000013) nop
core   0: 3 0x8000b07c (0x00000013)
core   0: 0x8000b080 (0x01adcf03) lbu     t5, 26(s11)
core   0: 3 0x8000b080 (0x01adcf03) x30 0x000000d8 mem 0x8001533c
core   0: 0x8000b084 (0x0000b317) auipc   t1, 0xb
core   0: 3 0x8000b084 (0x0000b317) x 6 0x80016084
core   0: 0x8000b088 (0xeb130313) addi    t1, t1, -335
core   0: 3 0x8000b088 (0xeb130313) x 6 0x80015f35
core   0: 0x8000b08c (0x02731203) lh      tp, 39(t1)
core   0: 3 0x8000b08c (0x02731203) x 4 0x00004eb3 mem 0x80015f5c
core   0: 0x8000b090 (0xcdc30723) sb      t3, -818(t1)
core   0: 3 0x8000b090 (0xcdc30723) mem 0x80015c03 0x1
core   0: 0x8000b094 (0xe3b31b83) lh      s7, -453(t1)
core   0: 3 0x8000b094 (0xe3b31b83) x23 0x00006613 mem 0x80015d70
core   0: 0x8000b098 (0x01d2ddb3) srl     s11, t0, t4
core   0: 3 0x8000b098 (0x01d2ddb3) x27 0x000001a9
core   0: 0x8000b09c (0xa0630703) lb      a4, -1530(t1)
core   0: 3 0x8000b09c (0xa0630703) x14 0x0000002a mem 0x8001593b
core   0: 0x8000b0a0 (0x009e1a33) sll     s4, t3, s1
core   0: 3 0x8000b0a0 (0x009e1a33) x20 0x00000001
core   0: 0x8000b0a4 (0xf1d46e93) ori     t4, s0, -227
core   0: 3 0x8000b0a4 (0xf1d46e93) x29 0xffffff1d
core   0: 0x8000b0a8 (0x80330a03) lb      s4, -2045(t1)
core   0: 3 0x8000b0a8 (0x80330a03) x20 0xfffffffd mem 0x80015738
core   0: 0x8000b0ac (0x00d5e733) or      a4, a1, a3
core   0: 3 0x8000b0ac (0x00d5e733) x14 0x8002eced
core   0: 0x8000b0b0 (0x00000013) nop
core   0: 3 0x8000b0b0 (0x00000013)
core   0: 0x8000b0b4 (0xf3e22a93) slti    s5, tp, -194
core   0: 3 0x8000b0b4 (0xf3e22a93) x21 0x00000000
core   0: 0x8000b0b8 (0x8b9303a3) sb      s9, -1881(t1)
core   0: 3 0x8000b0b8 (0x8b9303a3) mem 0x800157dc 0xb1
core   0: 0x8000b0bc (0x0ff0000f) fence   iorw,iorw
core   0: 3 0x8000b0bc (0x0ff0000f)
core   0: 0x8000b0c0 (0xbf030a23) sb      a6, -1036(t1)
core   0: 3 0x8000b0c0 (0xbf030a23) mem 0x80015b29 0x1
core   0: 0x8000b0c4 (0x0ff0000f) fence   iorw,iorw
core   0: 3 0x8000b0c4 (0x0ff0000f)
core   0: 0x8000b0c8 (0x50763493) sltiu   s1, a2, 1287
core   0: 3 0x8000b0c8 (0x50763493) x 9 0x00000001
core   0: 0x8000b0cc (0xd17f0013) addi    zero, t5, -745
core   0: 3 0x8000b0cc (0xd17f0013)
core   0: 0x8000b0d0 (0x84734283) lbu     t0, -1977(t1)
core   0: 3 0x8000b0d0 (0x84734283) x 5 0x00000065 mem 0x8001577c
core   0: 0x8000b0d4 (0x0ff0000f) fence   iorw,iorw
core   0: 3 0x8000b0d4 (0x0ff0000f)
core   0: 0x8000b0d8 (0xdbf30323) sb      t6, -602(t1)
core   0: 3 0x8000b0d8 (0xdbf30323) mem 0x80015cdb 0x6f
core   0: 0x8000b0dc (0x00f60d33) add     s10, a2, a5
core   0: 3 0x8000b0dc (0x00f60d33) x26 0x00000160
core   0: 0x8000b0e0 (0x0000100f) fence.i
core   0: 3 0x8000b0e0 (0x0000100f)
core   0: 0x8000b0e4 (0x41128433) sub     s0, t0, a7
core   0: 3 0x8000b0e4 (0x41128433) x 8 0x00000064
core   0: 0x8000b0e8 (0xfe27fb97) auipc   s7, 0xfe27f
core   0: 3 0x8000b0e8 (0xfe27fb97) x23 0x7e28a0e8
core   0: 0x8000b0ec (0xd6434003) lbu     zero, -668(t1)
core   0: 3 0x8000b0ec (0xd6434003) mem 0x80015c99
core   0: 0x8000b0f0 (0x0187fcb3) and     s9, a5, s8
core   0: 3 0x8000b0f0 (0x0187fcb3) x25 0x000000a4
core   0: 0x8000b0f4 (0xd9bb8ab7) lui     s5, 0xd9bb8
core   0: 3 0x8000b0f4 (0xd9bb8ab7) x21 0xd9bb8000
core   0: 0x8000b0f8 (0x00c0d913) srli    s2, ra, 12
core   0: 3 0x8000b0f8 (0x00c0d913) x18 0x000f95a9
core   0: 0x8000b0fc (0xc0530d03) lb      s10, -1019(t1)
core   0: 3 0x8000b0fc (0xc0530d03) x26 0xffffffff mem 0x80015b3a
core   0: 0x8000b100 (0xeccee6b7) lui     a3, 0xeccee
core   0: 3 0x8000b100 (0xeccee6b7) x13 0xeccee000
core   0: 0x8000b104 (0x405dda33) sra     s4, s11, t0
core   0: 3 0x8000b104 (0x405dda33) x20 0x0000000d
core   0: 0x8000b108 (0x012e6933) or      s2, t3, s2
core   0: 3 0x8000b108 (0x012e6933) x18 0x000f95a9
core   0: 0x8000b10c (0xb0b32983) lw      s3, -1269(t1)
core   0: 3 0x8000b10c (0xb0b32983) x19 0x5c8e5e5f mem 0x80015a40
core   0: 0x8000b110 (0x01e91293) slli    t0, s2, 30
core   0: 3 0x8000b110 (0x01e91293) x 5 0x40000000
core   0: 0x8000b114 (0xdb531d03) lh      s10, -587(t1)
core   0: 3 0x8000b114 (0xdb531d03) x26 0x00005558 mem 0x80015cea
core   0: 0x8000b118 (0x44ac2793) slti    a5, s8, 1098
core   0: 3 0x8000b118 (0x44ac2793) x15 0x00000001
core   0: 0x8000b11c (0x40ecd013) srai    zero, s9, 14
core   0: 3 0x8000b11c (0x40ecd013)
core   0: 0x8000b120 (0x007b0db3) add     s11, s6, t2
core   0: 3 0x8000b120 (0x007b0db3) x27 0xfe61a319
core   0: 0x8000b124 (0xbc531b83) lh      s7, -1083(t1)
core   0: 3 0x8000b124 (0xbc531b83) x23 0xffffece4 mem 0x80015afa
core   0: 0x8000b128 (0x468e0097) auipc   ra, 0x468e0
core   0: 3 0x8000b128 (0x468e0097) x 1 0xc68eb128
core   0: 0x8000b12c (0x88307793) andi    a5, zero, -1917
core   0: 3 0x8000b12c (0x88307793) x15 0x00000000
core   0: 0x8000b130 (0x04030b83) lb      s7, 64(t1)
core   0: 3 0x8000b130 (0x04030b83) x23 0xffffff84 mem 0x80015f75
core   0: 0x8000b134 (0x00019217) auipc   tp, 0x19
core   0: 3 0x8000b134 (0x00019217) x 4 0x80024134
core   0: 0x8000b138 (0xeb520213) addi    tp, tp, -331
core   0: 3 0x8000b138 (0xeb520213) x 4 0x80023fe9
core   0: 0x8000b13c (0xc1f7e313) ori     t1, a5, -993
core   0: 3 0x8000b13c (0xc1f7e313) x 6 0xfffffc1f
core   0: 0x8000b140 (0xaf020703) lb      a4, -1296(tp)
core   0: 3 0x8000b140 (0xaf020703) x14 0xffffff84 mem 0x80023ad9
core   0: 0x8000b144 (0xae320823) sb      gp, -1296(tp)
core   0: 3 0x8000b144 (0xae320823) mem 0x80023ad9 0x1f
core   0: 0x8000b148 (0xaf024703) lbu     a4, -1296(tp)
core   0: 3 0x8000b148 (0xaf024703) x14 0x0000001f mem 0x80023ad9
core   0: 0x8000b14c (0xaf024183) lbu     gp, -1296(tp)
core   0: 3 0x8000b14c (0xaf024183) x 3 0x0000001f mem 0x80023ad9
core   0: 0x8000b150 (0xaf024503) lbu     a0, -1296(tp)
core   0: 3 0x8000b150 (0xaf024503) x10 0x0000001f mem 0x80023ad9
core   0: 0x8000b154 (0xbf524483) lbu     s1, -1035(tp)
core   0: 3 0x8000b154 (0xbf524483) x 9 0x0000000b mem 0x80023bde
core   0: 0x8000b158 (0xc8c8c293) xori    t0, a7, -884
core   0: 3 0x8000b158 (0xc8c8c293) x 5 0xfffffc8d
core   0: 0x8000b15c (0xbf621aa3) sh      s6, -1035(tp)
core   0: 3 0x8000b15c (0xbf621aa3) mem 0x80023bde 0xbb5c
core   0: 0x8000b160 (0xbf525303) lhu     t1, -1035(tp)
core   0: 3 0x8000b160 (0xbf525303) x 6 0x0000bb5c mem 0x80023bde
core   0: 0x8000b164 (0x41360933) sub     s2, a2, s3
core   0: 3 0x8000b164 (0x41360933) x18 0xa371a24d
core   0: 0x8000b168 (0xbf520aa3) sb      s5, -1035(tp)
core   0: 3 0x8000b168 (0xbf520aa3) mem 0x80023bde 0x0
core   0: 0x8000b16c (0x4b820723) sb      s8, 1198(tp)
core   0: 3 0x8000b16c (0x4b820723) mem 0x80024497 0xac
core   0: 0x8000b170 (0x4ae24a03) lbu     s4, 1198(tp)
core   0: 3 0x8000b170 (0x4ae24a03) x20 0x000000ac mem 0x80024497
core   0: 0x8000b174 (0x4a520723) sb      t0, 1198(tp)
core   0: 3 0x8000b174 (0x4a520723) mem 0x80024497 0x8d
core   0: 0x8000b178 (0x0148b933) sltu    s2, a7, s4
core   0: 3 0x8000b178 (0x0148b933) x18 0x00000001
core   0: 0x8000b17c (0x4ae24603) lbu     a2, 1198(tp)
core   0: 3 0x8000b17c (0x4ae24603) x12 0x0000008d mem 0x80024497
core   0: 0x8000b180 (0x00016f97) auipc   t6, 0x16
core   0: 3 0x8000b180 (0x00016f97) x31 0x80021180
core   0: 0x8000b184 (0xe3ff8f93) addi    t6, t6, -449
core   0: 3 0x8000b184 (0xe3ff8f93) x31 0x80020fbf
core   0: 0x8000b188 (0x015db933) sltu    s2, s11, s5
core   0: 3 0x8000b188 (0x015db933) x18 0x00000000
core   0: 0x8000b18c (0x97b37193) andi    gp, t1, -1669
core   0: 3 0x8000b18c (0x97b37193) x 3 0x0000b958
core   0: 0x8000b190 (0x770fc983) lbu     s3, 1904(t6)
core   0: 3 0x8000b190 (0x770fc983) x19 0x000000d4 mem 0x8002172f
core   0: 0x8000b194 (0x0000100f) fence.i
core   0: 3 0x8000b194 (0x0000100f)
core   0: 0x8000b198 (0x726fc483) lbu     s1, 1830(t6)
core   0: 3 0x8000b198 (0x726fc483) x 9 0x000000eb mem 0x800216e5
core   0: 0x8000b19c (0x26efaaa3) sw      a4, 629(t6)
core   0: 3 0x8000b19c (0x26efaaa3) mem 0x80021234 0x0000001f
core   0: 0x8000b1a0 (0x0000100f) fence.i
core   0: 3 0x8000b1a0 (0x0000100f)
core   0: 0x8000b1a4 (0xa75fca03) lbu     s4, -1419(t6)
core   0: 3 0x8000b1a4 (0xa75fca03) x20 0x000000df mem 0x80020a34
core   0: 0x8000b1a8 (0x11550613) addi    a2, a0, 277
core   0: 3 0x8000b1a8 (0x11550613) x12 0x00000134
core   0: 0x8000b1ac (0x01da7cb3) and     s9, s4, t4
core   0: 3 0x8000b1ac (0x01da7cb3) x25 0x0000001d
core   0: 0x8000b1b0 (0x413506b3) sub     a3, a0, s3
core   0: 3 0x8000b1b0 (0x413506b3) x13 0xffffff4b
core   0: 0x8000b1b4 (0x8b3bfe13) andi    t3, s7, -1869
core   0: 3 0x8000b1b4 (0x8b3bfe13) x28 0xfffff880
core   0: 0x8000b1b8 (0x0090fbb3) and     s7, ra, s1
core   0: 3 0x8000b1b8 (0x0090fbb3) x23 0x00000028
core   0: 0x8000b1bc (0x05db3717) auipc   a4, 0x5db3
core   0: 3 0x8000b1bc (0x05db3717) x14 0x85dbe1bc
core   0: 0x8000b1c0 (0xc70c0813) addi    a6, s8, -912
core   0: 3 0x8000b1c0 (0xc70c0813) x16 0xfffffd1c
core   0: 0x8000b1c4 (0xc3cf8023) sb      t3, -992(t6)
core   0: 3 0x8000b1c4 (0xc3cf8023) mem 0x80020bdf 0x80
core   0: 0x8000b1c8 (0x00e05633) srl     a2, zero, a4
core   0: 3 0x8000b1c8 (0x00e05633) x12 0x00000000
core   0: 0x8000b1cc (0x4032cc93) xori    s9, t0, 1027
core   0: 3 0x8000b1cc (0x4032cc93) x25 0xfffff88e
core   0: 0x8000b1d0 (0x01e9da33) srl     s4, s3, t5
core   0: 3 0x8000b1d0 (0x01e9da33) x20 0x00000000
core   0: 0x8000b1d4 (0x011eb633) sltu    a2, t4, a7
core   0: 3 0x8000b1d4 (0x011eb633) x12 0x00000000
core   0: 0x8000b1d8 (0x676fc083) lbu     ra, 1654(t6)
core   0: 3 0x8000b1d8 (0x676fc083) x 1 0x000000b8 mem 0x80021635
core   0: 0x8000b1dc (0x646f8f23) sb      t1, 1630(t6)
core   0: 3 0x8000b1dc (0x646f8f23) mem 0x8002161d 0x5c
core   0: 0x8000b1e0 (0x2e2a2513) slti    a0, s4, 738
core   0: 3 0x8000b1e0 (0x2e2a2513) x10 0x00000001
core   0: 0x8000b1e4 (0x3e172e13) slti    t3, a4, 993
core   0: 3 0x8000b1e4 (0x3e172e13) x28 0x00000001
core   0: 0x8000b1e8 (0xa3b46a97) auipc   s5, 0xa3b46
core   0: 3 0x8000b1e8 (0xa3b46a97) x21 0x23b511e8
core   0: 0x8000b1ec (0x00849533) sll     a0, s1, s0
core   0: 3 0x8000b1ec (0x00849533) x10 0x00000eb0
core   0: 0x8000b1f0 (0x860f1ab7) lui     s5, 0x860f1
core   0: 3 0x8000b1f0 (0x860f1ab7) x21 0x860f1000
core   0: 0x8000b1f4 (0x764f8c23) sb      tp, 1912(t6)
core   0: 3 0x8000b1f4 (0x764f8c23) mem 0x80021737 0xe9
core   0: 0x8000b1f8 (0x00000013) nop
core   0: 3 0x8000b1f8 (0x00000013)
core   0: 0x8000b1fc (0xc2a7d937) lui     s2, 0xc2a7d
core   0: 3 0x8000b1fc (0xc2a7d937) x18 0xc2a7d000
core   0: 0x8000b200 (0x00a85833) srl     a6, a6, a0
core   0: 3 0x8000b200 (0x00a85833) x16 0x0000ffff
core   0: 0x8000b204 (0x0cef8203) lb      tp, 206(t6)
core   0: 3 0x8000b204 (0x0cef8203) x 4 0x00000048 mem 0x8002108d
core   0: 0x8000b208 (0xaa0f8403) lb      s0, -1376(t6)
core   0: 3 0x8000b208 (0xaa0f8403) x 8 0x0000003d mem 0x80020a5f
core   0: 0x8000b20c (0x2ebfd983) lhu     s3, 747(t6)
core   0: 3 0x8000b20c (0x2ebfd983) x19 0x000012be mem 0x800212aa
core   0: 0x8000b210 (0x45ffd703) lhu     a4, 1119(t6)
core   0: 3 0x8000b210 (0x45ffd703) x14 0x0000e79c mem 0x8002141e
core   0: 0x8000b214 (0x0000100f) fence.i
core   0: 3 0x8000b214 (0x0000100f)
core   0: 0x8000b218 (0x010a0c33) add     s8, s4, a6
core   0: 3 0x8000b218 (0x010a0c33) x24 0x0000ffff
core   0: 0x8000b21c (0x00995c33) srl     s8, s2, s1
core   0: 3 0x8000b21c (0x00995c33) x24 0x001854fa
core   0: 0x8000b220 (0x0030fa33) and     s4, ra, gp
core   0: 3 0x8000b220 (0x0030fa33) x20 0x00000018
core   0: 0x8000b224 (0x0382e663) bltu    t0, s8, pc + 44
core   0: 3 0x8000b224 (0x0382e663)
core   0: 0x8000b228 (0x41715eb3) sra     t4, sp, s7
core   0: 3 0x8000b228 (0x41715eb3) x29 0xff8002ae
core   0: 0x8000b22c (0x0026c733) xor     a4, a3, sp
core   0: 3 0x8000b22c (0x0026c733) x14 0x7ffd512f
core   0: 0x8000b230 (0x017f1a93) slli    s5, t5, 23
core   0: 3 0x8000b230 (0x017f1a93) x21 0x6c000000
core   0: 0x8000b234 (0x10c3e013) ori     zero, t2, 268
core   0: 3 0x8000b234 (0x10c3e013)
core   0: 0x8000b238 (0x30a82893) slti    a7, a6, 778
core   0: 3 0x8000b238 (0x30a82893) x17 0x00000000
core   0: 0x8000b23c (0x01e500b3) add     ra, a0, t5
core   0: 3 0x8000b23c (0x01e500b3) x 1 0x00000f88
core   0: 0x8000b240 (0x00c35db3) srl     s11, t1, a2
core   0: 3 0x8000b240 (0x00c35db3) x27 0x0000bb5c
core   0: 0x8000b244 (0xe771a393) slti    t2, gp, -393
core   0: 3 0x8000b244 (0xe771a393) x 7 0x00000000
core   0: 0x8000b248 (0xd241ef13) ori     t5, gp, -732
core   0: 3 0x8000b248 (0xd241ef13) x30 0xfffffd7c
core   0: 0x8000b24c (0x00564bb3) xor     s7, a2, t0
core   0: 3 0x8000b24c (0x00564bb3) x23 0xfffffc8d
core   0: 0x8000b250 (0x01039493) slli    s1, t2, 16
core   0: 3 0x8000b250 (0x01039493) x 9 0x00000000
core   0: 0x8000b254 (0x00000013) nop
core   0: 3 0x8000b254 (0x00000013)
core   0: 0x8000b258 (0x1c987793) andi    a5, a6, 457
core   0: 3 0x8000b258 (0x1c987793) x15 0x000001c9
core   0: 0x8000b25c (0x00d26233) or      tp, tp, a3
core   0: 3 0x8000b25c (0x00d26233) x 4 0xffffff4b
core   0: 0x8000b260 (0x0000100f) fence.i
core   0: 3 0x8000b260 (0x0000100f)
core   0: 0x8000b264 (0x0ff0000f) fence   iorw,iorw
core   0: 3 0x8000b264 (0x0ff0000f)
core   0: 0x8000b268 (0x418386b3) sub     a3, t2, s8
core   0: 3 0x8000b268 (0x418386b3) x13 0xffe7ab06
core   0: 0x8000b26c (0x01555db3) srl     s11, a0, s5
core   0: 3 0x8000b26c (0x01555db3) x27 0x00000eb0
core   0: 0x8000b270 (0x41dcdc13) srai    s8, s9, 29
core   0: 3 0x8000b270 (0x41dcdc13) x24 0xffffffff
core   0: 0x8000b274 (0x00c89393) slli    t2, a7, 12
core   0: 3 0x8000b274 (0x00c89393) x 7 0x00000000
core   0: 0x8000b278 (0x82544437) lui     s0, 0x82544
core   0: 3 0x8000b278 (0x82544437) x 8 0x82544000
core   0: 0x8000b27c (0x409edfb3) sra     t6, t4, s1
core   0: 3 0x8000b27c (0x409edfb3) x31 0xff8002ae
core   0: 0x8000b280 (0x053b2493) slti    s1, s6, 83
core   0: 3 0x8000b280 (0x053b2493) x 9 0x00000001
core   0: 0x8000b284 (0x00e1ca33) xor     s4, gp, a4
core   0: 3 0x8000b284 (0x00e1ca33) x20 0x7ffde877
core   0: 0x8000b288 (0x010c0f33) add     t5, s8, a6
core   0: 3 0x8000b288 (0x010c0f33) x30 0x0000fffe
core   0: 0x8000b28c (0x4171dc33) sra     s8, gp, s7
core   0: 3 0x8000b28c (0x4171dc33) x24 0x00000005
core   0: 0x8000b290 (0x01def2b3) and     t0, t4, t4
core   0: 3 0x8000b290 (0x01def2b3) x 5 0xff8002ae
core   0: 0x8000b294 (0x03cfec63) bltu    t6, t3, pc + 56
core   0: 3 0x8000b294 (0x03cfec63)
core   0: 0x8000b298 (0x00c78bb3) add     s7, a5, a2
core   0: 3 0x8000b298 (0x00c78bb3) x23 0x000001c9
core   0: 0x8000b29c (0x1d8896b7) lui     a3, 0x1d889
core   0: 3 0x8000b29c (0x1d8896b7) x13 0x1d889000
core   0: 0x8000b2a0 (0xb7297f93) andi    t6, s2, -1166
core   0: 3 0x8000b2a0 (0xb7297f93) x31 0xc2a7d000
core   0: 0x8000b2a4 (0x3ec2c913) xori    s2, t0, 1004
core   0: 3 0x8000b2a4 (0x3ec2c913) x18 0xff800142
core   0: 0x8000b2a8 (0x19e53013) sltiu   zero, a0, 414
core   0: 3 0x8000b2a8 (0x19e53013)
core   0: 0x8000b2ac (0x28330313) addi    t1, t1, 643
core   0: 3 0x8000b2ac (0x28330313) x 6 0x0000bddf
core   0: 0x8000b2b0 (0x017c8e63) beq     s9, s7, pc + 28
core   0: 3 0x8000b2b0 (0x017c8e63)
core   0: 0x8000b2b4 (0x01e550b3) srl     ra, a0, t5
core   0: 3 0x8000b2b4 (0x01e550b3) x 1 0x00000000
core   0: 0x8000b2b8 (0x0118de33) srl     t3, a7, a7
core   0: 3 0x8000b2b8 (0x0118de33) x28 0x00000000
core   0: 0x8000b2bc (0x4074da93) srai    s5, s1, 7
core   0: 3 0x8000b2bc (0x4074da93) x21 0x00000000
core   0: 0x8000b2c0 (0x0000100f) fence.i
core   0: 3 0x8000b2c0 (0x0000100f)
core   0: 0x8000b2c4 (0x02f17e63) bgeu    sp, a5, pc + 60
core   0: 3 0x8000b2c4 (0x02f17e63)
core   0: 0x8000b300 (0x0000100f) fence.i
core   0: 3 0x8000b300 (0x0000100f)
core   0: 0x8000b304 (0x01875693) srli    a3, a4, 24
core   0: 3 0x8000b304 (0x01875693) x13 0x0000007f
core   0: 0x8000b308 (0x0000100f) fence.i
core   0: 3 0x8000b308 (0x0000100f)
core   0: 0x8000b30c (0x24f6ff93) andi    t6, a3, 591
core   0: 3 0x8000b30c (0x24f6ff93) x31 0x0000004f
core   0: 0x8000b310 (0x010ac033) xor     zero, s5, a6
core   0: 3 0x8000b310 (0x010ac033)
core   0: 0x8000b314 (0x69d36793) ori     a5, t1, 1693
core   0: 3 0x8000b314 (0x69d36793) x15 0x0000bfdf
core   0: 0x8000b318 (0x40df5413) srai    s0, t5, 13
core   0: 3 0x8000b318 (0x40df5413) x 8 0x00000007
core   0: 0x8000b31c (0x00bef3b3) and     t2, t4, a1
core   0: 3 0x8000b31c (0x00bef3b3) x 7 0x800000a4
core   0: 0x8000b320 (0x410f59b3) sra     s3, t5, a6
core   0: 3 0x8000b320 (0x410f59b3) x19 0x00000000
core   0: 0x8000b324 (0x0084d433) srl     s0, s1, s0
core   0: 3 0x8000b324 (0x0084d433) x 8 0x00000000
core   0: 0x8000b328 (0x01e71013) slli    zero, a4, 30
core   0: 3 0x8000b328 (0x01e71013)
core   0: 0x8000b32c (0x02b6c263) blt     a3, a1, pc + 36
core   0: 3 0x8000b32c (0x02b6c263)
core   0: 0x8000b330 (0x00f89713) slli    a4, a7, 15
core   0: 3 0x8000b330 (0x00f89713) x14 0x00000000
core   0: 0x8000b334 (0x01490333) add     t1, s2, s4
core   0: 3 0x8000b334 (0x01490333) x 6 0x7f7de9b9
core   0: 0x8000b338 (0x04ccd663) bge     s9, a2, pc + 76
core   0: 3 0x8000b338 (0x04ccd663)
core   0: 0x8000b33c (0x0000100f) fence.i
core   0: 3 0x8000b33c (0x0000100f)
core   0: 0x8000b340 (0x4032dbb3) sra     s7, t0, gp
core   0: 3 0x8000b340 (0x4032dbb3) x23 0xffffffff
core   0: 0x8000b344 (0x0032fbb3) and     s7, t0, gp
core   0: 3 0x8000b344 (0x0032fbb3) x23 0x00000008
core   0: 0x8000b348 (0x0ff0000f) fence   iorw,iorw
core   0: 3 0x8000b348 (0x0ff0000f)
core   0: 0x8000b34c (0x1f2b3493) sltiu   s1, s6, 498
core   0: 3 0x8000b34c (0x1f2b3493) x 9 0x00000000
core   0: 0x8000b350 (0x01bb6a63) bltu    s6, s11, pc + 20
core   0: 3 0x8000b350 (0x01bb6a63)
core   0: 0x8000b354 (0x00629433) sll     s0, t0, t1
core   0: 3 0x8000b354 (0x00629433) x 8 0x5c000000
core   0: 0x8000b358 (0x03b65663) bge     a2, s11, pc + 44
core   0: 3 0x8000b358 (0x03b65663)
core   0: 0x8000b35c (0x4107dc93) srai    s9, a5, 16
core   0: 3 0x8000b35c (0x4107dc93) x25 0x00000000
core   0: 0x8000b360 (0x017adbb3) srl     s7, s5, s7
core   0: 3 0x8000b360 (0x017adbb3) x23 0x00000000
core   0: 0x8000b364 (0x3e47fe93) andi    t4, a5, 996
core   0: 3 0x8000b364 (0x3e47fe93) x29 0x000003c4
core   0: 0x8000b368 (0x00000013) nop
core   0: 3 0x8000b368 (0x00000013)
core   0: 0x8000b36c (0x00000013) nop
core   0: 3 0x8000b36c (0x00000013)
core   0: 0x8000b370 (0x03456063) bltu    a0, s4, pc + 32
core   0: 3 0x8000b370 (0x03456063)
core   0: 0x8000b390 (0x046e0063) beq     t3, t1, pc + 64
core   0: 3 0x8000b390 (0x046e0063)
core   0: 0x8000b394 (0x58903493) sltiu   s1, zero, 1417
core   0: 3 0x8000b394 (0x58903493) x 9 0x00000001
core   0: 0x8000b398 (0xc04ae797) auipc   a5, 0xc04ae
core   0: 3 0x8000b398 (0xc04ae797) x15 0x404b9398
core   0: 0x8000b39c (0x0000100f) fence.i
core   0: 3 0x8000b39c (0x0000100f)
core   0: 0x8000b3a0 (0x0037c2b3) xor     t0, a5, gp
core   0: 3 0x8000b3a0 (0x0037c2b3) x 5 0x404b2ac0
core   0: 0x8000b3a4 (0xba92f013) andi    zero, t0, -1111
core   0: 3 0x8000b3a4 (0xba92f013)
core   0: 0x8000b3a8 (0x414cda13) srai    s4, s9, 20
core   0: 3 0x8000b3a8 (0x414cda13) x20 0x00000000
core   0: 0x8000b3ac (0xda1be993) ori     s3, s7, -607
core   0: 3 0x8000b3ac (0xda1be993) x19 0xfffffda1
core   0: 0x8000b3b0 (0x0000100f) fence.i
core   0: 3 0x8000b3b0 (0x0000100f)
core   0: 0x8000b3b4 (0x05330863) beq     t1, s3, pc + 80
core   0: 3 0x8000b3b4 (0x05330863)
core   0: 0x8000b3b8 (0xa3920913) addi    s2, tp, -1479
core   0: 3 0x8000b3b8 (0xa3920913) x18 0xfffff984
core   0: 0x8000b3bc (0x000e41b3) xor     gp, t3, zero
core   0: 3 0x8000b3bc (0x000e41b3) x 3 0x00000000
core   0: 0x8000b3c0 (0x014f1e63) bne     t5, s4, pc + 28
core   0: 3 0x8000b3c0 (0x014f1e63)
core   0: 0x8000b3dc (0x00d25233) srl     tp, tp, a3
core   0: 3 0x8000b3dc (0x00d25233) x 4 0x00000001
core   0: 0x8000b3e0 (0xa476e2b7) lui     t0, 0xa476e
core   0: 3 0x8000b3e0 (0xa476e2b7) x 5 0xa476e000
core   0: 0x8000b3e4 (0x4039da93) srai    s5, s3, 3
core   0: 3 0x8000b3e4 (0x4039da93) x21 0xffffffb4
core   0: 0x8000b3e8 (0x01bc1633) sll     a2, s8, s11
core   0: 3 0x8000b3e8 (0x01bc1633) x12 0x00050000
core   0: 0x8000b3ec (0x414a8633) sub     a2, s5, s4
core   0: 3 0x8000b3ec (0x414a8633) x12 0xffffffb4
core   0: 0x8000b3f0 (0x01f83413) sltiu   s0, a6, 31
core   0: 3 0x8000b3f0 (0x01f83413) x 8 0x00000000
core   0: 0x8000b3f4 (0x0ee83737) lui     a4, 0xee83
core   0: 3 0x8000b3f4 (0x0ee83737) x14 0x0ee83000
core   0: 0x8000b3f8 (0xbf563e93) sltiu   t4, a2, -1035
core   0: 3 0x8000b3f8 (0xbf563e93) x29 0x00000000
core   0: 0x8000b3fc (0x05348063) beq     s1, s3, pc + 64
core   0: 3 0x8000b3fc (0x05348063)
core   0: 0x8000b400 (0x92aa6693) ori     a3, s4, -1750
core   0: 3 0x8000b400 (0x92aa6693) x13 0xfffff92a
core   0: 0x8000b404 (0x62644897) auipc   a7, 0x62644
core   0: 3 0x8000b404 (0x62644897) x17 0xe264f404
core   0: 0x8000b408 (0x6595b693) sltiu   a3, a1, 1625
core   0: 3 0x8000b408 (0x6595b693) x13 0x00000000
core   0: 0x8000b40c (0x00d62f33) slt     t5, a2, a3
core   0: 3 0x8000b40c (0x00d62f33) x30 0x00000001
core   0: 0x8000b410 (0xfea10c13) addi    s8, sp, -22
core   0: 3 0x8000b410 (0xfea10c13) x24 0x8002ae4e
core   0: 0x8000b414 (0x2a4da193) slti    gp, s11, 676
core   0: 3 0x8000b414 (0x2a4da193) x 3 0x00000000
core   0: 0x8000b418 (0x05d58063) beq     a1, t4, pc + 64
core   0: 3 0x8000b418 (0x05d58063)
core   0: 0x8000b41c (0x4092d4b3) sra     s1, t0, s1
core   0: 3 0x8000b41c (0x4092d4b3) x 9 0xd23b7000
core   0: 0x8000b420 (0x00ceceb3) xor     t4, t4, a2
core   0: 3 0x8000b420 (0x00ceceb3) x29 0xffffffb4
core   0: 0x8000b424 (0x9789ac93) slti    s9, s3, -1672
core   0: 3 0x8000b424 (0x9789ac93) x25 0x00000000
core   0: 0x8000b428 (0x00a124b3) slt     s1, sp, a0
core   0: 3 0x8000b428 (0x00a124b3) x 9 0x00000001
core   0: 0x8000b42c (0x00007a33) and     s4, zero, zero
core   0: 3 0x8000b42c (0x00007a33) x20 0x00000000
core   0: 0x8000b430 (0x4025da13) srai    s4, a1, 2
core   0: 3 0x8000b430 (0x4025da13) x20 0xe000bb39
core   0: 0x8000b434 (0xc0d5f193) andi    gp, a1, -1011
core   0: 3 0x8000b434 (0xc0d5f193) x 3 0x8002ec04
core   0: 0x8000b438 (0x0ff0000f) fence   iorw,iorw
core   0: 3 0x8000b438 (0x0ff0000f)
core   0: 0x8000b43c (0x0199ed33) or      s10, s3, s9
core   0: 3 0x8000b43c (0x0199ed33) x26 0xfffffda1
core   0: 0x8000b440 (0x0071d3b3) srl     t2, gp, t2
core   0: 3 0x8000b440 (0x0071d3b3) x 7 0x08002ec0
core   0: 0x8000b444 (0x0000100f) fence.i
core   0: 3 0x8000b444 (0x0000100f)
core   0: 0x8000b448 (0x415f5ab3) sra     s5, t5, s5
core   0: 3 0x8000b448 (0x415f5ab3) x21 0x00000000
core   0: 0x8000b44c (0xbe90ca13) xori    s4, ra, -1047
core   0: 3 0x8000b44c (0xbe90ca13) x20 0xfffffbe9
core   0: 0x8000b450 (0xc5b70013) addi    zero, a4, -933
core   0: 3 0x8000b450 (0xc5b70013)
core   0: 0x8000b454 (0x01ef5b93) srli    s7, t5, 30
core   0: 3 0x8000b454 (0x01ef5b93) x23 0x00000000
core   0: 0x8000b458 (0x00649e93) slli    t4, s1, 6
core   0: 3 0x8000b458 (0x00649e93) x29 0x00000040
core   0: 0x8000b45c (0x401603b3) sub     t2, a2, ra
core   0: 3 0x8000b45c (0x401603b3) x 7 0xffffffb4
core   0: 0x8000b460 (0x418e5b93) srai    s7, t3, 24
core   0: 3 0x8000b460 (0x418e5b93) x23 0x00000000
core   0: 0x8000b464 (0xfe5e4613) xori    a2, t3, -27
core   0: 3 0x8000b464 (0xfe5e4613) x12 0xffffffe5
core   0: 0x8000b468 (0x0086ae33) slt     t3, a3, s0
core   0: 3 0x8000b468 (0x0086ae33) x28 0x00000000
core   0: 0x8000b46c (0x021c6863) bltu    s8, ra, pc + 48
core   0: 3 0x8000b46c (0x021c6863)
core   0: 0x8000b470 (0x014f9d93) slli    s11, t6, 20
core   0: 3 0x8000b470 (0x014f9d93) x27 0x04f00000
core   0: 0x8000b474 (0x40795693) srai    a3, s2, 7
core   0: 3 0x8000b474 (0x40795693) x13 0xfffffff3
core   0: 0x8000b478 (0xbb6d3397) auipc   t2, 0xbb6d3
core   0: 3 0x8000b478 (0xbb6d3397) x 7 0x3b6de478
core   0: 0x8000b47c (0x007a3e33) sltu    t3, s4, t2
core   0: 3 0x8000b47c (0x007a3e33) x28 0x00000000
core   0: 0x8000b480 (0x018f4933) xor     s2, t5, s8
core   0: 3 0x8000b480 (0x018f4933) x18 0x8002ae4f
core   0: 0x8000b484 (0x0323ea63) bltu    t2, s2, pc + 52
core   0: 3 0x8000b484 (0x0323ea63)
core   0: 0x8000b4b8 (0x00131033) sll     zero, t1, ra
core   0: 3 0x8000b4b8 (0x00131033)
core   0: 0x8000b4bc (0x01b6fa13) andi    s4, a3, 27
core   0: 3 0x8000b4bc (0x01b6fa13) x20 0x00000013
core   0: 0x8000b4c0 (0x6aba4193) xori    gp, s4, 1707
core   0: 3 0x8000b4c0 (0x6aba4193) x 3 0x000006b8
core   0: 0x8000b4c4 (0x01fe00b3) add     ra, t3, t6
core   0: 3 0x8000b4c4 (0x01fe00b3) x 1 0x0000004f
core   0: 0x8000b4c8 (0x010ec3b3) xor     t2, t4, a6
core   0: 3 0x8000b4c8 (0x010ec3b3) x 7 0x0000ffbf
core   0: 0x8000b4cc (0x03594063) blt     s2, s5, pc + 32
core   0: 3 0x8000b4cc (0x03594063)
core   0: 0x8000b4ec (0x40758cb3) sub     s9, a1, t2
core   0: 3 0x8000b4ec (0x40758cb3) x25 0x8001ed25
core   0: 0x8000b4f0 (0x0065ce63) blt     a1, t1, pc + 28
core   0: 3 0x8000b4f0 (0x0065ce63)
core   0: 0x8000b50c (0x015d7663) bgeu    s10, s5, pc + 12
core   0: 3 0x8000b50c (0x015d7663)
core   0: 0x8000b518 (0x00105533) srl     a0, zero, ra
core   0: 3 0x8000b518 (0x00105533) x10 0x00000000
core   0: 0x8000b51c (0x0149fcb3) and     s9, s3, s4
core   0: 3 0x8000b51c (0x0149fcb3) x25 0x00000001
core   0: 0x8000b520 (0x000112b3) sll     t0, sp, zero
core   0: 3 0x8000b520 (0x000112b3) x 5 0x8002ae64
core   0: 0x8000b524 (0x004f57b3) srl     a5, t5, tp
core   0: 3 0x8000b524 (0x004f57b3) x15 0x00000000
core   0: 0x8000b528 (0x3e817d37) lui     s10, 0x3e817
core   0: 3 0x8000b528 (0x3e817d37) x26 0x3e817000
core   0: 0x8000b52c (0x01d5e263) bltu    a1, t4, pc + 4
core   0: 3 0x8000b52c (0x01d5e263)
core   0: 0x8000b530 (0x40acdfb3) sra     t6, s9, a0
core   0: 3 0x8000b530 (0x40acdfb3) x31 0x00000001
core   0: 0x8000b534 (0x41325bb3) sra     s7, tp, s3
core   0: 3 0x8000b534 (0x41325bb3) x23 0x00000000
core   0: 0x8000b538 (0x02b7e813) ori     a6, a5, 43
core   0: 3 0x8000b538 (0x02b7e813) x16 0x0000002b
core   0: 0x8000b53c (0x02870e63) beq     a4, s0, pc + 60
core   0: 3 0x8000b53c (0x02870e63)
core   0: 0x8000b540 (0x009992b3) sll     t0, s3, s1
core   0: 3 0x8000b540 (0x009992b3) x 5 0xfffffb42
core   0: 0x8000b544 (0x59883a13) sltiu   s4, a6, 1432
core   0: 3 0x8000b544 (0x59883a13) x20 0x00000001
core   0: 0x8000b548 (0x004e5bb3) srl     s7, t3, tp
core   0: 3 0x8000b548 (0x004e5bb3) x23 0x00000000
core   0: 0x8000b54c (0x00806033) or      zero, zero, s0
core   0: 3 0x8000b54c (0x00806033)
core   0: 0x8000b550 (0x01b17333) and     t1, sp, s11
core   0: 3 0x8000b550 (0x01b17333) x 6 0x00000000
core   0: 0x8000b554 (0x04d97063) bgeu    s2, a3, pc + 64
core   0: 3 0x8000b554 (0x04d97063)
core   0: 0x8000b558 (0xa6b5b913) sltiu   s2, a1, -1429
core   0: 3 0x8000b558 (0xa6b5b913) x18 0x00000001
core   0: 0x8000b55c (0x799f7d13) andi    s10, t5, 1945
core   0: 3 0x8000b55c (0x799f7d13) x26 0x00000001
core   0: 0x8000b560 (0x24f88c93) addi    s9, a7, 591
core   0: 3 0x8000b560 (0x24f88c93) x25 0xe264f653
core   0: 0x8000b564 (0x0000100f) fence.i
core   0: 3 0x8000b564 (0x0000100f)
core   0: 0x8000b568 (0x64a8cc93) xori    s9, a7, 1610
core   0: 3 0x8000b568 (0x64a8cc93) x25 0xe264f24e
core   0: 0x8000b56c (0x00d112b3) sll     t0, sp, a3
core   0: 3 0x8000b56c (0x00d112b3) x 5 0x73200000
core   0: 0x8000b570 (0x03eff863) bgeu    t6, t5, pc + 48
core   0: 3 0x8000b570 (0x03eff863)
core   0: 0x8000b5a0 (0x00eefa63) bgeu    t4, a4, pc + 20
core   0: 3 0x8000b5a0 (0x00eefa63)
core   0: 0x8000b5a4 (0x0000100f) fence.i
core   0: 3 0x8000b5a4 (0x0000100f)
core   0: 0x8000b5a8 (0x2dc90293) addi    t0, s2, 732
core   0: 3 0x8000b5a8 (0x2dc90293) x 5 0x000002dd
core   0: 0x8000b5ac (0x00217933) and     s2, sp, sp
core   0: 3 0x8000b5ac (0x00217933) x18 0x8002ae64
core   0: 0x8000b5b0 (0x405d5793) srai    a5, s10, 5
core   0: 3 0x8000b5b0 (0x405d5793) x15 0x00000000
core   0: 0x8000b5b4 (0x403f01b3) sub     gp, t5, gp
core   0: 3 0x8000b5b4 (0x403f01b3) x 3 0xfffff949
core   0: 0x8000b5b8 (0x00000013) nop
core   0: 3 0x8000b5b8 (0x00000013)
core   0: 0x8000b5bc (0x31fcf993) andi    s3, s9, 799
core   0: 3 0x8000b5bc (0x31fcf993) x19 0x0000020e
core   0: 0x8000b5c0 (0x01a3de13) srli    t3, t2, 26
core   0: 3 0x8000b5c0 (0x01a3de13) x28 0x00000000
core   0: 0x8000b5c4 (0x0026a4b3) slt     s1, a3, sp
core   0: 3 0x8000b5c4 (0x0026a4b3) x 9 0x00000000
core   0: 0x8000b5c8 (0x007486b3) add     a3, s1, t2
core   0: 3 0x8000b5c8 (0x007486b3) x13 0x0000ffbf
core   0: 0x8000b5cc (0x0189aa33) slt     s4, s3, s8
core   0: 3 0x8000b5cc (0x0189aa33) x20 0x00000000
core   0: 0x8000b5d0 (0x01ba5c63) bge     s4, s11, pc + 24
core   0: 3 0x8000b5d0 (0x01ba5c63)
core   0: 0x8000b5d4 (0x09d08663) beq     ra, t4, pc + 140
core   0: 3 0x8000b5d4 (0x09d08663)
core   0: 0x8000b5d8 (0xf9de0093) addi    ra, t3, -99
core   0: 3 0x8000b5d8 (0xf9de0093) x 1 0xffffff9d
core   0: 0x8000b5dc (0x008c3433) sltu    s0, s8, s0
core   0: 3 0x8000b5dc (0x008c3433) x 8 0x00000000
core   0: 0x8000b5e0 (0x0115e4b3) or      s1, a1, a7
core   0: 3 0x8000b5e0 (0x0115e4b3) x 9 0xe266fce4
core   0: 0x8000b5e4 (0x024c0063) beq     s8, tp, pc + 32
core   0: 3 0x8000b5e4 (0x024c0063)
core   0: 0x8000b5e8 (0x04c27497) auipc   s1, 0x4c27
core   0: 3 0x8000b5e8 (0x04c27497) x 9 0x84c325e8
core   0: 0x8000b5ec (0x00bf62b3) or      t0, t5, a1
core   0: 3 0x8000b5ec (0x00bf62b3) x 5 0x8002ece5
core   0: 0x8000b5f0 (0x400d8733) sub     a4, s11, zero
core   0: 3 0x8000b5f0 (0x400d8733) x14 0x04f00000
core   0: 0x8000b5f4 (0x000e0663) beqz    t3, pc + 12
core   0: 3 0x8000b5f4 (0x000e0663)
core   0: 0x8000b600 (0x407d5a13) srai    s4, s10, 7
core   0: 3 0x8000b600 (0x407d5a13) x20 0x00000000
core   0: 0x8000b604 (0x41460ab3) sub     s5, a2, s4
core   0: 3 0x8000b604 (0x41460ab3) x21 0xffffffe5
core   0: 0x8000b608 (0x0ff0000f) fence   iorw,iorw
core   0: 3 0x8000b608 (0x0ff0000f)
core   0: 0x8000b60c (0x00c6d933) srl     s2, a3, a2
core   0: 3 0x8000b60c (0x00c6d933) x18 0x000007fd
core   0: 0x8000b610 (0x00018c97) auipc   s9, 0x18
core   0: 3 0x8000b610 (0x00018c97) x25 0x80023610
core   0: 0x8000b614 (0x590c8c93) addi    s9, s9, 1424
core   0: 3 0x8000b614 (0x590c8c93) x25 0x80023ba0
core   0: 0x8000b618 (0x33b03993) sltiu   s3, zero, 827
core   0: 3 0x8000b618 (0x33b03993) x19 0x00000001
core   0: 0x8000b61c (0x081c8a03) lb      s4, 129(s9)
core   0: 3 0x8000b61c (0x081c8a03) x20 0x00000000 mem 0x80023c21
core   0: 0x8000b620 (0x038c8683) lb      a3, 56(s9)
core   0: 3 0x8000b620 (0x038c8683) x13 0x00000042 mem 0x80023bd8
core   0: 0x8000b624 (0x0c4c8ea3) sb      tp, 221(s9)
core   0: 3 0x8000b624 (0x0c4c8ea3) mem 0x80023c7d 0x1
core   0: 0x8000b628 (0x00000013) nop
core   0: 3 0x8000b628 (0x00000013)
core   0: 0x8000b62c (0xff4c8203) lb      tp, -12(s9)
core   0: 3 0x8000b62c (0xff4c8203) x 4 0x0000000a mem 0x80023b94
core   0: 0x8000b630 (0x06accf83) lbu     t6, 106(s9)
core   0: 3 0x8000b630 (0x06accf83) x31 0x00000014 mem 0x80023c0a
core   0: 0x8000b634 (0x0e4c83a3) sb      tp, 231(s9)
core   0: 3 0x8000b634 (0x0e4c83a3) mem 0x80023c87 0xa
core   0: 0x8000b638 (0xf45c9623) sh      t0, -180(s9)
core   0: 3 0x8000b638 (0xf45c9623) mem 0x80023aec 0xece5
core   0: 0x8000b63c (0xfb9c9023) sh      s9, -96(s9)
core   0: 3 0x8000b63c (0xfb9c9023) mem 0x80023b40 0x3ba0
core   0: 0x8000b640 (0xf7acc983) lbu     s3, -134(s9)
core   0: 3 0x8000b640 (0xf7acc983) x19 0x00000014 mem 0x80023b1a
core   0: 0x8000b644 (0x030c8e03) lb      t3, 48(s9)
core   0: 3 0x8000b644 (0x030c8e03) x28 0x00000029 mem 0x80023bd0
core   0: 0x8000b648 (0x080c82a3) sb      zero, 133(s9)
core   0: 3 0x8000b648 (0x080c82a3) mem 0x80023c25 0x0
core   0: 0x8000b64c (0x406656b3) sra     a3, a2, t1
core   0: 3 0x8000b64c (0x406656b3) x13 0xffffffe5
core   0: 0x8000b650 (0xdf528093) addi    ra, t0, -523
core   0: 3 0x8000b650 (0xdf528093) x 1 0x8002eada
core   0: 0x8000b654 (0x41ae8e33) sub     t3, t4, s10
core   0: 3 0x8000b654 (0x41ae8e33) x28 0x0000003f
core   0: 0x8000b658 (0x00bf1c13) slli    s8, t5, 11
core   0: 3 0x8000b658 (0x00bf1c13) x24 0x00000800
core   0: 0x8000b65c (0x41645533) sra     a0, s0, s6
core   0: 3 0x8000b65c (0x41645533) x10 0x00000000
core   0: 0x8000b660 (0x3de43193) sltiu   gp, s0, 990
core   0: 3 0x8000b660 (0x3de43193) x 3 0x00000001
core   0: 0x8000b664 (0x0295ec63) bltu    a1, s1, pc + 56
core   0: 3 0x8000b664 (0x0295ec63)
core   0: 0x8000b69c (0x41315bb3) sra     s7, sp, s3
core   0: 3 0x8000b69c (0x41315bb3) x23 0xfffff800
core   0: 0x8000b6a0 (0x00055793) srli    a5, a0, 0
core   0: 3 0x8000b6a0 (0x00055793) x15 0x00000000
core   0: 0x8000b6a4 (0x40938f33) sub     t5, t2, s1
core   0: 3 0x8000b6a4 (0x40938f33) x30 0x7b3dd9d7
core   0: 0x8000b6a8 (0x013ef663) bgeu    t4, s3, pc + 12
core   0: 3 0x8000b6a8 (0x013ef663)
core   0: 0x8000b6b4 (0x41e78833) sub     a6, a5, t5
core   0: 3 0x8000b6b4 (0x41e78833) x16 0x84c22629
core   0: 0x8000b6b8 (0x01ac1d93) slli    s11, s8, 26
core   0: 3 0x8000b6b8 (0x01ac1d93) x27 0x00000000
core   0: 0x8000b6bc (0x03abb837) lui     a6, 0x3abb
core   0: 3 0x8000b6bc (0x03abb837) x16 0x03abb000
core   0: 0x8000b6c0 (0x02a48663) beq     s1, a0, pc + 44
core   0: 3 0x8000b6c0 (0x02a48663)
core   0: 0x8000b6c4 (0x0000100f) fence.i
core   0: 3 0x8000b6c4 (0x0000100f)
core   0: 0x8000b6c8 (0x00bbfcb3) and     s9, s7, a1
core   0: 3 0x8000b6c8 (0x00bbfcb3) x25 0x8002e800
core   0: 0x8000b6cc (0x01d4ca63) blt     s1, t4, pc + 20
core   0: 3 0x8000b6cc (0x01d4ca63)
core   0: 0x8000b6e0 (0x3e77e893) ori     a7, a5, 999
core   0: 3 0x8000b6e0 (0x3e77e893) x17 0x000003e7
core   0: 0x8000b6e4 (0x06f66c13) ori     s8, a2, 111
core   0: 3 0x8000b6e4 (0x06f66c13) x24 0xffffffef
core   0: 0x8000b6e8 (0x004511b3) sll     gp, a0, tp
core   0: 3 0x8000b6e8 (0x004511b3) x 3 0x00000000
core   0: 0x8000b6ec (0x02f16c63) bltu    sp, a5, pc + 56
core   0: 3 0x8000b6ec (0x02f16c63)
core   0: 0x8000b6f0 (0x00168bb3) add     s7, a3, ra
core   0: 3 0x8000b6f0 (0x00168bb3) x23 0x8002eabf
core   0: 0x8000b6f4 (0x41408497) auipc   s1, 0x41408
core   0: 3 0x8000b6f4 (0x41408497) x 9 0xc14136f4
core   0: 0x8000b6f8 (0x0ff0000f) fence   iorw,iorw
core   0: 3 0x8000b6f8 (0x0ff0000f)
core   0: 0x8000b6fc (0x414c5833) sra     a6, s8, s4
core   0: 3 0x8000b6fc (0x414c5833) x16 0xffffffef
core   0: 0x8000b700 (0xb9e10993) addi    s3, sp, -1122
core   0: 3 0x8000b700 (0xb9e10993) x19 0x8002aa02
core   0: 0x8000b704 (0x02f61663) bne     a2, a5, pc + 44
core   0: 3 0x8000b704 (0x02f61663)
core   0: 0x8000b730 (0xe8bedf97) auipc   t6, 0xe8bed
core   0: 3 0x8000b730 (0xe8bedf97) x31 0x68bf8730
core   0: 0x8000b734 (0x74f0a713) slti    a4, ra, 1871
core   0: 3 0x8000b734 (0x74f0a713) x14 0x00000001
core   0: 0x8000b738 (0x012a4e33) xor     t3, s4, s2
core   0: 3 0x8000b738 (0x012a4e33) x28 0x000007fd
core   0: 0x8000b73c (0x02971663) bne     a4, s1, pc + 44
core   0: 3 0x8000b73c (0x02971663)
core   0: 0x8000b768 (0x00339733) sll     a4, t2, gp
core   0: 3 0x8000b768 (0x00339733) x14 0x0000ffbf
core   0: 0x8000b76c (0xacb62a13) slti    s4, a2, -1333
core   0: 3 0x8000b76c (0xacb62a13) x20 0x00000000
core   0: 0x8000b770 (0x01be01b3) add     gp, t3, s11
core   0: 3 0x8000b770 (0x01be01b3) x 3 0x000007fd
core   0: 0x8000b774 (0x41cddd13) srai    s10, s11, 28
core   0: 3 0x8000b774 (0x41cddd13) x26 0x00000000
core   0: 0x8000b778 (0x0000100f) fence.i
core   0: 3 0x8000b778 (0x0000100f)
core   0: 0x8000b77c (0x404c8a33) sub     s4, s9, tp
core   0: 3 0x8000b77c (0x404c8a33) x20 0x8002e7f6
core   0: 0x8000b780 (0x00000013) nop
core   0: 3 0x8000b780 (0x00000013)
core   0: 0x8000b784 (0x0ff0000f) fence   iorw,iorw
core   0: 3 0x8000b784 (0x0ff0000f)
core   0: 0x8000b788 (0x01847ab3) and     s5, s0, s8
core   0: 3 0x8000b788 (0x01847ab3) x21 0x00000000
core   0: 0x8000b78c (0x5e754f93) xori    t6, a0, 1511
core   0: 3 0x8000b78c (0x5e754f93) x31 0x000005e7
core   0: 0x8000b790 (0x016ed333) srl     t1, t4, s6
core   0: 3 0x8000b790 (0x016ed333) x 6 0x00000000
core   0: 0x8000b794 (0x01bc3833) sltu    a6, s8, s11
core   0: 3 0x8000b794 (0x01bc3833) x16 0x00000000
core   0: 0x8000b798 (0xd160f493) andi    s1, ra, -746
core   0: 3 0x8000b798 (0xd160f493) x 9 0x8002e812
core   0: 0x8000b79c (0x76ebc313) xori    t1, s7, 1902
core   0: 3 0x8000b79c (0x76ebc313) x 6 0x8002edd1
core   0: 0x8000b7a0 (0x010a5fb3) srl     t6, s4, a6
core   0: 3 0x8000b7a0 (0x010a5fb3) x31 0x8002e7f6
core   0: 0x8000b7a4 (0x007930b3) sltu    ra, s2, t2
core   0: 3 0x8000b7a4 (0x007930b3) x 1 0x00000001
core   0: 0x8000b7a8 (0x0004b633) sltu    a2, s1, zero
core   0: 3 0x8000b7a8 (0x0004b633) x12 0x00000000
core   0: 0x8000b7ac (0x036e1263) bne     t3, s6, pc + 36
core   0: 3 0x8000b7ac (0x036e1263)
core   0: 0x8000b7d0 (0x00946db3) or      s11, s0, s1
core   0: 3 0x8000b7d0 (0x00946db3) x27 0x8002e812
core   0: 0x8000b7d4 (0x01a5df93) srli    t6, a1, 26
core   0: 3 0x8000b7d4 (0x01a5df93) x31 0x00000020
core   0: 0x8000b7d8 (0x0188f833) and     a6, a7, s8
core   0: 3 0x8000b7d8 (0x0188f833) x16 0x000003e7
core   0: 0x8000b7dc (0x007d5793) srli    a5, s10, 7
core   0: 3 0x8000b7dc (0x007d5793) x15 0x00000000
core   0: 0x8000b7e0 (0x00bd5033) srl     zero, s10, a1
core   0: 3 0x8000b7e0 (0x00bd5033)
core   0: 0x8000b7e4 (0x00000013) nop
core   0: 3 0x8000b7e4 (0x00000013)
core   0: 0x8000b7e8 (0x0168de63) bge     a7, s6, pc + 28
core   0: 3 0x8000b7e8 (0x0168de63)
core   0: 0x8000b804 (0xfa112c13) slti    s8, sp, -95
core   0: 3 0x8000b804 (0xfa112c13) x24 0x00000001
core   0: 0x8000b808 (0x01bc6633) or      a2, s8, s11
core   0: 3 0x8000b808 (0x01bc6633) x12 0x8002e813
core   0: 0x8000b80c (0x00d91e63) bne     s2, a3, pc + 28
core   0: 3 0x8000b80c (0x00d91e63)
core   0: 0x8000b828 (0x02156c63) bltu    a0, ra, pc + 56
core   0: 3 0x8000b828 (0x02156c63)
core   0: 0x8000b860 (0x014f4933) xor     s2, t5, s4
core   0: 3 0x8000b860 (0x014f4933) x18 0xfb3f3e21
core   0: 0x8000b864 (0x00635933) srl     s2, t1, t1
core   0: 3 0x8000b864 (0x00635933) x18 0x00004001
core   0: 0x8000b868 (0x03bf7663) bgeu    t5, s11, pc + 44
core   0: 3 0x8000b868 (0x03bf7663)
core   0: 0x8000b86c (0x21f6c193) xori    gp, a3, 543
core   0: 3 0x8000b86c (0x21f6c193) x 3 0xfffffdfa
core   0: 0x8000b870 (0x01279bb3) sll     s7, a5, s2
core   0: 3 0x8000b870 (0x01279bb3) x23 0x00000000
core   0: 0x8000b874 (0x013dcfb3) xor     t6, s11, s3
core   0: 3 0x8000b874 (0x013dcfb3) x31 0x00004210
core   0: 0x8000b878 (0x0ff0000f) fence   iorw,iorw
core   0: 3 0x8000b878 (0x0ff0000f)
core   0: 0x8000b87c (0x02986663) bltu    a6, s1, pc + 44
core   0: 3 0x8000b87c (0x02986663)
core   0: 0x8000b8a8 (0xef7d3fb7) lui     t6, 0xef7d3
core   0: 3 0x8000b8a8 (0xef7d3fb7) x31 0xef7d3000
core   0: 0x8000b8ac (0x67fa6db7) lui     s11, 0x67fa6
core   0: 3 0x8000b8ac (0x67fa6db7) x27 0x67fa6000
core   0: 0x8000b8b0 (0x02eb7e63) bgeu    s6, a4, pc + 60
core   0: 3 0x8000b8b0 (0x02eb7e63)
core   0: 0x8000b8ec (0x00955393) srli    t2, a0, 9
core   0: 3 0x8000b8ec (0x00955393) x 7 0x00000000
core   0: 0x8000b8f0 (0x0291c063) blt     gp, s1, pc + 32
core   0: 3 0x8000b8f0 (0x0291c063)
core   0: 0x8000b8f4 (0x3649c993) xori    s3, s3, 868
core   0: 3 0x8000b8f4 (0x3649c993) x19 0x8002a966
core   0: 0x8000b8f8 (0xbcd1b513) sltiu   a0, gp, -1075
core   0: 3 0x8000b8f8 (0xbcd1b513) x10 0x00000000
core   0: 0x8000b8fc (0x6cfae093) ori     ra, s5, 1743
core   0: 3 0x8000b8fc (0x6cfae093) x 1 0x000006cf
core   0: 0x8000b900 (0x03a79863) bne     a5, s10, pc + 48
core   0: 3 0x8000b900 (0x03a79863)
core   0: 0x8000b904 (0x41fc56b3) sra     a3, s8, t6
core   0: 3 0x8000b904 (0x41fc56b3) x13 0x00000001
core   0: 0x8000b908 (0x4175d1b3) sra     gp, a1, s7
core   0: 3 0x8000b908 (0x4175d1b3) x 3 0x8002ece4
core   0: 0x8000b90c (0x019fefb3) or      t6, t6, s9
core   0: 3 0x8000b90c (0x019fefb3) x31 0xef7ff800
core   0: 0x8000b910 (0x03f87c63) bgeu    a6, t6, pc + 56
core   0: 3 0x8000b910 (0x03f87c63)
core   0: 0x8000b914 (0x40cc8d33) sub     s10, s9, a2
core   0: 3 0x8000b914 (0x40cc8d33) x26 0xffffffed
core   0: 0x8000b918 (0x5030fd97) auipc   s11, 0x5030f
core   0: 3 0x8000b918 (0x5030fd97) x27 0xd031a918
core   0: 0x8000b91c (0x0ff0000f) fence   iorw,iorw
core   0: 3 0x8000b91c (0x0ff0000f)
core   0: 0x8000b920 (0x01cd8ab3) add     s5, s11, t3
core   0: 3 0x8000b920 (0x01cd8ab3) x21 0xd031b115
core   0: 0x8000b924 (0x813a8e13) addi    t3, s5, -2029
core   0: 3 0x8000b924 (0x813a8e13) x28 0xd031a928
core   0: 0x8000b928 (0x02b07863) bgeu    zero, a1, pc + 48
core   0: 3 0x8000b928 (0x02b07863)
core   0: 0x8000b92c (0x01239493) slli    s1, t2, 18
core   0: 3 0x8000b92c (0x01239493) x 9 0x00000000
core   0: 0x8000b930 (0x0ff0000f) fence   iorw,iorw
core   0: 3 0x8000b930 (0x0ff0000f)
core   0: 0x8000b934 (0x0004a033) slt     zero, s1, zero
core   0: 3 0x8000b934 (0x0004a033)
core   0: 0x8000b938 (0x01400333) add     t1, zero, s4
core   0: 3 0x8000b938 (0x01400333) x 6 0x8002e7f6
core   0: 0x8000b93c (0x046be063) bltu    s7, t1, pc + 64
core   0: 3 0x8000b93c (0x046be063)
core   0: 0x8000b97c (0xa303ed13) ori     s10, t2, -1488
core   0: 3 0x8000b97c (0xa303ed13) x26 0xfffffa30
core   0: 0x8000b980 (0x0000100f) fence.i
core   0: 3 0x8000b980 (0x0000100f)
core   0: 0x8000b984 (0x55e77293) andi    t0, a4, 1374
core   0: 3 0x8000b984 (0x55e77293) x 5 0x0000051e
core   0: 0x8000b988 (0xa6b24293) xori    t0, tp, -1429
core   0: 3 0x8000b988 (0xa6b24293) x 5 0xfffffa61
core   0: 0x8000b98c (0x406d5313) srai    t1, s10, 6
core   0: 3 0x8000b98c (0x406d5313) x 6 0xffffffe8
core   0: 0x8000b990 (0x8e8c6f13) ori     t5, s8, -1816
core   0: 3 0x8000b990 (0x8e8c6f13) x30 0xfffff8e9
core   0: 0x8000b994 (0x0146c1b3) xor     gp, a3, s4
core   0: 3 0x8000b994 (0x0146c1b3) x 3 0x8002e7f7
core   0: 0x8000b998 (0x0ff0000f) fence   iorw,iorw
core   0: 3 0x8000b998 (0x0ff0000f)
core   0: 0x8000b99c (0x01029933) sll     s2, t0, a6
core   0: 3 0x8000b99c (0x01029933) x18 0xfffd3080
core   0: 0x8000b9a0 (0x01ac8e63) beq     s9, s10, pc + 28
core   0: 3 0x8000b9a0 (0x01ac8e63)
core   0: 0x8000b9a4 (0x005ad263) bge     s5, t0, pc + 4
core   0: 3 0x8000b9a4 (0x005ad263)
core   0: 0x8000b9a8 (0xe6e80e13) addi    t3, a6, -402
core   0: 3 0x8000b9a8 (0xe6e80e13) x28 0x00000255
core   0: 0x8000b9ac (0xf2a14813) xori    a6, sp, -214
core   0: 3 0x8000b9ac (0xf2a14813) x16 0x7ffd514e
core   0: 0x8000b9b0 (0x00cae0b3) or      ra, s5, a2
core   0: 3 0x8000b9b0 (0x00cae0b3) x 1 0xd033f917
core   0: 0x8000b9b4 (0x006f8663) beq     t6, t1, pc + 12
core   0: 3 0x8000b9b4 (0x006f8663)
core   0: 0x8000b9b8 (0x38dab813) sltiu   a6, s5, 909
core   0: 3 0x8000b9b8 (0x38dab813) x16 0x00000000
core   0: 0x8000b9bc (0x016f5a63) bge     t5, s6, pc + 20
core   0: 3 0x8000b9bc (0x016f5a63)
core   0: 0x8000b9d0 (0x03c60063) beq     a2, t3, pc + 32
core   0: 3 0x8000b9d0 (0x03c60063)
core   0: 0x8000b9d4 (0x7df6c793) xori    a5, a3, 2015
core   0: 3 0x8000b9d4 (0x7df6c793) x15 0x000007de
core   0: 0x8000b9d8 (0x1a556013) ori     zero, a0, 421
core   0: 3 0x8000b9d8 (0x1a556013)
core   0: 0x8000b9dc (0x0099f033) and     zero, s3, s1
core   0: 3 0x8000b9dc (0x0099f033)
core   0: 0x8000b9e0 (0x00000013) nop
core   0: 3 0x8000b9e0 (0x00000013)
core   0: 0x8000b9e4 (0x01a70833) add     a6, a4, s10
core   0: 3 0x8000b9e4 (0x01a70833) x16 0x0000f9ef
core   0: 0x8000b9e8 (0x005ff9b3) and     s3, t6, t0
core   0: 3 0x8000b9e8 (0x005ff9b3) x19 0xef7ff800
core   0: 0x8000b9ec (0x0000100f) fence.i
core   0: 3 0x8000b9ec (0x0000100f)
core   0: 0x8000b9f0 (0x04569063) bne     a3, t0, pc + 64
core   0: 3 0x8000b9f0 (0x04569063)
core   0: 0x8000ba30 (0x00e04a33) xor     s4, zero, a4
core   0: 3 0x8000ba30 (0x00e04a33) x20 0x0000ffbf
core   0: 0x8000ba34 (0x41780733) sub     a4, a6, s7
core   0: 3 0x8000ba34 (0x41780733) x14 0x0000f9ef
core   0: 0x8000ba38 (0xc032a713) slti    a4, t0, -1021
core   0: 3 0x8000ba38 (0xc032a713) x14 0x00000001
core   0: 0x8000ba3c (0x01627a63) bgeu    tp, s6, pc + 20
core   0: 3 0x8000ba3c (0x01627a63)
core   0: 0x8000ba40 (0x01ea1263) bne     s4, t5, pc + 4
core   0: 3 0x8000ba40 (0x01ea1263)
core   0: 0x8000ba44 (0x413204b3) sub     s1, tp, s3
core   0: 3 0x8000ba44 (0x413204b3) x 9 0x1080080a
core   0: 0x8000ba48 (0x012d6663) bltu    s10, s2, pc + 12
core   0: 3 0x8000ba48 (0x012d6663)
core   0: 0x8000ba4c (0x01a82333) slt     t1, a6, s10
core   0: 3 0x8000ba4c (0x01a82333) x 6 0x00000000
core   0: 0x8000ba50 (0x00000013) nop
core   0: 3 0x8000ba50 (0x00000013)
core   0: 0x8000ba54 (0x41bf5693) srai    a3, t5, 27
core   0: 3 0x8000ba54 (0x41bf5693) x13 0xffffffff
core   0: 0x8000ba58 (0x01af3bb3) sltu    s7, t5, s10
core   0: 3 0x8000ba58 (0x01af3bb3) x23 0x00000001
core   0: 0x8000ba5c (0x00c6c933) xor     s2, a3, a2
core   0: 3 0x8000ba5c (0x00c6c933) x18 0x7ffd17ec
core   0: 0x8000ba60 (0x02b76063) bltu    a4, a1, pc + 32
core   0: 3 0x8000ba60 (0x02b76063)
core   0: 0x8000ba80 (0x01aa8033) add     zero, s5, s10
core   0: 3 0x8000ba80 (0x01aa8033)
core   0: 0x8000ba84 (0x03974c63) blt     a4, s9, pc + 56
core   0: 3 0x8000ba84 (0x03974c63)
core   0: 0x8000ba88 (0x6de68e93) addi    t4, a3, 1758
core   0: 3 0x8000ba88 (0x6de68e93) x29 0x000006dd
core   0: 0x8000ba8c (0x00000013) nop
core   0: 3 0x8000ba8c (0x00000013)
core   0: 0x8000ba90 (0xd18c2797) auipc   a5, 0xd18c2
core   0: 3 0x8000ba90 (0xd18c2797) x15 0x518cda90
core   0: 0x8000ba94 (0x03759863) bne     a1, s7, pc + 48
core   0: 3 0x8000ba94 (0x03759863)
core   0: 0x8000bac4 (0x00a3bab3) sltu    s5, t2, a0
core   0: 3 0x8000bac4 (0x00a3bab3) x21 0x00000000
core   0: 0x8000bac8 (0x41fdd793) srai    a5, s11, 31
core   0: 3 0x8000bac8 (0x41fdd793) x15 0xffffffff
core   0: 0x8000bacc (0x01bd69b3) or      s3, s10, s11
core   0: 3 0x8000bacc (0x01bd69b3) x19 0xfffffb38
core   0: 0x8000bad0 (0x0162d8b3) srl     a7, t0, s6
core   0: 3 0x8000bad0 (0x0162d8b3) x17 0x0000000f
core   0: 0x8000bad4 (0x00e62db3) slt     s11, a2, a4
core   0: 3 0x8000bad4 (0x00e62db3) x27 0x00000001
core   0: 0x8000bad8 (0xa2246c13) ori     s8, s0, -1502
core   0: 3 0x8000bad8 (0xa2246c13) x24 0xfffffa22
core   0: 0x8000badc (0xd905ed17) auipc   s10, 0xd905e
core   0: 3 0x8000badc (0xd905ed17) x26 0x59069adc
core   0: 0x8000bae0 (0x00ced4b3) srl     s1, t4, a2
core   0: 3 0x8000bae0 (0x00ced4b3) x 9 0x00000000
core   0: 0x8000bae4 (0x1238e717) auipc   a4, 0x1238e
core   0: 3 0x8000bae4 (0x1238e717) x14 0x92399ae4
core   0: 0x8000bae8 (0x00000013) nop
core   0: 3 0x8000bae8 (0x00000013)
core   0: 0x8000baec (0x9cb74c93) xori    s9, a4, -1589
core   0: 3 0x8000baec (0x9cb74c93) x25 0x6dc6632f
core   0: 0x8000baf0 (0x00000013) nop
core   0: 3 0x8000baf0 (0x00000013)
core   0: 0x8000baf4 (0x00dddc33) srl     s8, s11, a3
core   0: 3 0x8000baf4 (0x00dddc33) x24 0x00000000
core   0: 0x8000baf8 (0x0136e1b3) or      gp, a3, s3
core   0: 3 0x8000baf8 (0x0136e1b3) x 3 0xffffffff
core   0: 0x8000bafc (0x2e41cd93) xori    s11, gp, 740
core   0: 3 0x8000bafc (0x2e41cd93) x27 0xfffffd1b
core   0: 0x8000bb00 (0x03c56c63) bltu    a0, t3, pc + 56
core   0: 3 0x8000bb00 (0x03c56c63)
core   0: 0x8000bb38 (0xe2d7ff13) andi    t5, a5, -467
core   0: 3 0x8000bb38 (0xe2d7ff13) x30 0xfffffe2d
core   0: 0x8000bb3c (0x00e78333) add     t1, a5, a4
core   0: 3 0x8000bb3c (0x00e78333) x 6 0x92399ae3
core   0: 0x8000bb40 (0xf903a493) slti    s1, t2, -112
core   0: 3 0x8000bb40 (0xf903a493) x 9 0x00000000
core   0: 0x8000bb44 (0x019e3c33) sltu    s8, t3, s9
core   0: 3 0x8000bb44 (0x019e3c33) x24 0x00000001
core   0: 0x8000bb48 (0xaa3d0a13) addi    s4, s10, -1373
core   0: 3 0x8000bb48 (0xaa3d0a13) x20 0x5906957f
core   0: 0x8000bb4c (0x00000013) nop
core   0: 3 0x8000bb4c (0x00000013)
core   0: 0x8000bb50 (0x1d496893) ori     a7, s2, 468
core   0: 3 0x8000bb50 (0x1d496893) x17 0x7ffd17fc
core   0: 0x8000bb54 (0xafff0393) addi    t2, t5, -1281
core   0: 3 0x8000bb54 (0xafff0393) x 7 0xfffff92c
core   0: 0x8000bb58 (0x0000100f) fence.i
core   0: 3 0x8000bb58 (0x0000100f)
core   0: 0x8000bb5c (0x01fe76b3) and     a3, t3, t6
core   0: 3 0x8000bb5c (0x01fe76b3) x13 0x00000000
core   0: 0x8000bb60 (0x40f05613) srai    a2, zero, 15
core   0: 3 0x8000bb60 (0x40f05613) x12 0x00000000
core   0: 0x8000bb64 (0x01e75013) srli    zero, a4, 30
core   0: 3 0x8000bb64 (0x01e75013)
core   0: 0x8000bb68 (0x40f05a33) sra     s4, zero, a5
core   0: 3 0x8000bb68 (0x40f05a33) x20 0x00000000
core   0: 0x8000bb6c (0x7bd8c693) xori    a3, a7, 1981
core   0: 3 0x8000bb6c (0x7bd8c693) x13 0x7ffd1041
core   0: 0x8000bb70 (0x26823993) sltiu   s3, tp, 616
core   0: 3 0x8000bb70 (0x26823993) x19 0x00000001
core   0: 0x8000bb74 (0x0f7c2a13) slti    s4, s8, 247
core   0: 3 0x8000bb74 (0x0f7c2a13) x20 0x00000001
core   0: 0x8000bb78 (0x001d5d33) srl     s10, s10, ra
core   0: 3 0x8000bb78 (0x001d5d33) x26 0x000000b2
core   0: 0x8000bb7c (0x1a4d78b7) lui     a7, 0x1a4d7
core   0: 3 0x8000bb7c (0x1a4d78b7) x17 0x1a4d7000
core   0: 0x8000bb80 (0x40b85633) sra     a2, a6, a1
core   0: 3 0x8000bb80 (0x40b85633) x12 0x00000f9e
core   0: 0x8000bb84 (0x017099b3) sll     s3, ra, s7
core   0: 3 0x8000bb84 (0x017099b3) x19 0xa067f22e
core   0: 0x8000bb88 (0x04431863) bne     t1, tp, pc + 80
core   0: 3 0x8000bb88 (0x04431863)
core   0: 0x8000bbd8 (0x0256f663) bgeu    a3, t0, pc + 44
core   0: 3 0x8000bbd8 (0x0256f663)
core   0: 0x8000bbdc (0xd203e937) lui     s2, 0xd203e
core   0: 3 0x8000bbdc (0xd203e937) x18 0xd203e000
core   0: 0x8000bbe0 (0x023f5663) bge     t5, gp, pc + 44
core   0: 3 0x8000bbe0 (0x023f5663)
core   0: 0x8000bbe4 (0x0565e063) bltu    a1, s6, pc + 64
core   0: 3 0x8000bbe4 (0x0565e063)
core   0: 0x8000bc24 (0x2c40e013) ori     zero, ra, 708
core   0: 3 0x8000bc24 (0x2c40e013)
core   0: 0x8000bc28 (0x01e6e733) or      a4, a3, t5
core   0: 3 0x8000bc28 (0x01e6e733) x14 0xfffffe6d
core   0: 0x8000bc2c (0x00eb5fb3) srl     t6, s6, a4
core   0: 3 0x8000bc2c (0x00eb5fb3) x31 0x0007f30d
core   0: 0x8000bc30 (0x0217f663) bgeu    a5, ra, pc + 44
core   0: 3 0x8000bc30 (0x0217f663)
core   0: 0x8000bc5c (0x018bf3b3) and     t2, s7, s8
core   0: 3 0x8000bc5c (0x018bf3b3) x 7 0x00000001
core   0: 0x8000bc60 (0x01ed9d33) sll     s10, s11, t5
core   0: 3 0x8000bc60 (0x01ed9d33) x26 0xffa36000
core   0: 0x8000bc64 (0x007f7333) and     t1, t5, t2
core   0: 3 0x8000bc64 (0x007f7333) x 6 0x00000001
core   0: 0x8000bc68 (0x01c15fb3) srl     t6, sp, t3
core   0: 3 0x8000bc68 (0x01c15fb3) x31 0x00000400
core   0: 0x8000bc6c (0x014a8c33) add     s8, s5, s4
core   0: 3 0x8000bc6c (0x014a8c33) x24 0x00000001
core   0: 0x8000bc70 (0x01888263) beq     a7, s8, pc + 4
core   0: 3 0x8000bc70 (0x01888263)
core   0: 0x8000bc74 (0x02704e63) blt     zero, t2, pc + 60
core   0: 3 0x8000bc74 (0x02704e63)
core   0: 0x8000bcb0 (0x05a71063) bne     a4, s10, pc + 64
core   0: 3 0x8000bcb0 (0x05a71063)
core   0: 0x8000bcf0 (0x0000100f) fence.i
core   0: 3 0x8000bcf0 (0x0000100f)
core   0: 0x8000bcf4 (0x00773cb3) sltu    s9, a4, t2
core   0: 3 0x8000bcf4 (0x00773cb3) x25 0x00000000
core   0: 0x8000bcf8 (0x41e00933) sub     s2, zero, t5
core   0: 3 0x8000bcf8 (0x41e00933) x18 0x000001d3
core   0: 0x8000bcfc (0xb6efb713) sltiu   a4, t6, -1170
core   0: 3 0x8000bcfc (0xb6efb713) x14 0x00000001
core   0: 0x8000bd00 (0x0159d093) srli    ra, s3, 21
core   0: 3 0x8000bd00 (0x0159d093) x 1 0x00000503
core   0: 0x8000bd04 (0x015d0e63) beq     s10, s5, pc + 28
core   0: 3 0x8000bd04 (0x015d0e63)
core   0: 0x8000bd08 (0x05d21517) auipc   a0, 0x5d21
core   0: 3 0x8000bd08 (0x05d21517) x10 0x85d2cd08
core   0: 0x8000bd0c (0x009e06b3) add     a3, t3, s1
core   0: 3 0x8000bd0c (0x009e06b3) x13 0x00000255
core   0: 0x8000bd10 (0x00d59393) slli    t2, a1, 13
core   0: 3 0x8000bd10 (0x00d59393) x 7 0x5d9c8000
core   0: 0x8000bd14 (0x01b983b3) add     t2, s3, s11
core   0: 3 0x8000bd14 (0x01b983b3) x 7 0xa067ef49
core   0: 0x8000bd18 (0x00a11c13) slli    s8, sp, 10
core   0: 3 0x8000bd18 (0x00a11c13) x24 0x0ab99000
core   0: 0x8000bd1c (0xcb660c93) addi    s9, a2, -842
core   0: 3 0x8000bd1c (0xcb660c93) x25 0x00000c54
core   0: 0x8000bd20 (0x5fd69337) lui     t1, 0x5fd69
core   0: 3 0x8000bd20 (0x5fd69337) x 6 0x5fd69000
core   0: 0x8000bd24 (0x46357013) andi    zero, a0, 1123
core   0: 3 0x8000bd24 (0x46357013)
core   0: 0x8000bd28 (0x5b366d13) ori     s10, a2, 1459
core   0: 3 0x8000bd28 (0x5b366d13) x26 0x00000fbf
core   0: 0x8000bd2c (0x01217f33) and     t5, sp, s2
core   0: 3 0x8000bd2c (0x01217f33) x30 0x00000040
core   0: 0x8000bd30 (0x50fcb913) sltiu   s2, s9, 1295
core   0: 3 0x8000bd30 (0x50fcb913) x18 0x00000000
core   0: 0x8000bd34 (0x024ee063) bltu    t4, tp, pc + 32
core   0: 3 0x8000bd34 (0x024ee063)
core   0: 0x8000bd38 (0x403c5693) srai    a3, s8, 3
core   0: 3 0x8000bd38 (0x403c5693) x13 0x01573200
core   0: 0x8000bd3c (0xa4b2a193) slti    gp, t0, -1461
core   0: 3 0x8000bd3c (0xa4b2a193) x 3 0x00000000
core   0: 0x8000bd40 (0x01cdcdb3) xor     s11, s11, t3
core   0: 3 0x8000bd40 (0x01cdcdb3) x27 0xffffff4e
core   0: 0x8000bd44 (0x64f43793) sltiu   a5, s0, 1615
core   0: 3 0x8000bd44 (0x64f43793) x15 0x00000001
core   0: 0x8000bd48 (0x00483ab3) sltu    s5, a6, tp
core   0: 3 0x8000bd48 (0x00483ab3) x21 0x00000000
core   0: 0x8000bd4c (0x405a8833) sub     a6, s5, t0
core   0: 3 0x8000bd4c (0x405a8833) x16 0x0000059f
core   0: 0x8000bd50 (0x0ff0000f) fence   iorw,iorw
core   0: 3 0x8000bd50 (0x0ff0000f)
core   0: 0x8000bd54 (0x00b3de63) bge     t2, a1, pc + 28
core   0: 3 0x8000bd54 (0x00b3de63)
core   0: 0x8000bd70 (0x001f1833) sll     a6, t5, ra
core   0: 3 0x8000bd70 (0x001f1833) x16 0x00000200
core   0: 0x8000bd74 (0x011e2633) slt     a2, t3, a7
core   0: 3 0x8000bd74 (0x011e2633) x12 0x00000001
core   0: 0x8000bd78 (0x03936663) bltu    t1, s9, pc + 44
core   0: 3 0x8000bd78 (0x03936663)
core   0: 0x8000bd7c (0x1b633b93) sltiu   s7, t1, 438
core   0: 3 0x8000bd7c (0x1b633b93) x23 0x00000000
core   0: 0x8000bd80 (0x418d0533) sub     a0, s10, s8
core   0: 3 0x8000bd80 (0x418d0533) x10 0xf5467fbf
core   0: 0x8000bd84 (0x02d2d663) bge     t0, a3, pc + 44
core   0: 3 0x8000bd84 (0x02d2d663)
core   0: 0x8000bd88 (0xe9a08a13) addi    s4, ra, -358
core   0: 3 0x8000bd88 (0xe9a08a13) x20 0x0000039d
core   0: 0x8000bd8c (0x00ce7f33) and     t5, t3, a2
core   0: 3 0x8000bd8c (0x00ce7f33) x30 0x00000001
core   0: 0x8000bd90 (0x402bd413) srai    s0, s7, 2
core   0: 3 0x8000bd90 (0x402bd413) x 8 0x00000000
core   0: 0x8000bd94 (0x003c6a63) bltu    s8, gp, pc + 20
core   0: 3 0x8000bd94 (0x003c6a63)
core   0: 0x8000bd98 (0x04925063) bge     tp, s1, pc + 64
core   0: 3 0x8000bd98 (0x04925063)
core   0: 0x8000bdd8 (0x00e09993) slli    s3, ra, 14
core   0: 3 0x8000bdd8 (0x00e09993) x19 0x0140c000
core   0: 0x8000bddc (0x01ac5d13) srli    s10, s8, 26
core   0: 3 0x8000bddc (0x01ac5d13) x26 0x00000002
core   0: 0x8000bde0 (0xe88e0297) auipc   t0, 0xe88e0
core   0: 3 0x8000bde0 (0xe88e0297) x 5 0x688ebde0
core   0: 0x8000bde4 (0x005b1293) slli    t0, s6, 5
core   0: 3 0x8000bde4 (0x005b1293) x 5 0xcc376b80
core   0: 0x8000bde8 (0x0095e733) or      a4, a1, s1
core   0: 3 0x8000bde8 (0x0095e733) x14 0x8002ece4
core   0: 0x8000bdec (0x019433b3) sltu    t2, s0, s9
core   0: 3 0x8000bdec (0x019433b3) x 7 0x00000001
core   0: 0x8000bdf0 (0x02c56663) bltu    a0, a2, pc + 44
core   0: 3 0x8000bdf0 (0x02c56663)
core   0: 0x8000bdf4 (0x01f41033) sll     zero, s0, t6
core   0: 3 0x8000bdf4 (0x01f41033)
core   0: 0x8000bdf8 (0x9573fb93) andi    s7, t2, -1705
core   0: 3 0x8000bdf8 (0x9573fb93) x23 0x00000001
core   0: 0x8000bdfc (0x00000013) nop
core   0: 3 0x8000bdfc (0x00000013)
core   0: 0x8000be00 (0x009dcdb3) xor     s11, s11, s1
core   0: 3 0x8000be00 (0x009dcdb3) x27 0xffffff4e
core   0: 0x8000be04 (0x01686863) bltu    a6, s6, pc + 16
core   0: 3 0x8000be04 (0x01686863)
core   0: 0x8000be14 (0xb3a4fc13) andi    s8, s1, -1222
core   0: 3 0x8000be14 (0xb3a4fc13) x24 0x00000000
core   0: 0x8000be18 (0x00ed7433) and     s0, s10, a4
core   0: 3 0x8000be18 (0x00ed7433) x 8 0x00000000
core   0: 0x8000be1c (0xb561cc13) xori    s8, gp, -1194
core   0: 3 0x8000be1c (0xb561cc13) x24 0xfffffb56
core   0: 0x8000be20 (0x9f9a0f93) addi    t6, s4, -1543
core   0: 3 0x8000be20 (0x9f9a0f93) x31 0xfffffd96
core   0: 0x8000be24 (0x0000100f) fence.i
core   0: 3 0x8000be24 (0x0000100f)
core   0: 0x8000be28 (0xda18be93) sltiu   t4, a7, -607
core   0: 3 0x8000be28 (0xda18be93) x29 0x00000001
core   0: 0x8000be2c (0x00c211b3) sll     gp, tp, a2
core   0: 3 0x8000be2c (0x00c211b3) x 3 0x00000014
core   0: 0x8000be30 (0x02668263) beq     a3, t1, pc + 36
core   0: 3 0x8000be30 (0x02668263)
core   0: 0x8000be34 (0x002f10b3) sll     ra, t5, sp
core   0: 3 0x8000be34 (0x002f10b3) x 1 0x00000010
core   0: 0x8000be38 (0x01747a33) and     s4, s0, s7
core   0: 3 0x8000be38 (0x01747a33) x20 0x00000000
core   0: 0x8000be3c (0x0066feb3) and     t4, a3, t1
core   0: 3 0x8000be3c (0x0066feb3) x29 0x01561000
core   0: 0x8000be40 (0x0314fc63) bgeu    s1, a7, pc + 56
core   0: 3 0x8000be40 (0x0314fc63)
core   0: 0x8000be44 (0x0ff0000f) fence   iorw,iorw
core   0: 3 0x8000be44 (0x0ff0000f)
core   0: 0x8000be48 (0x0168f6b3) and     a3, a7, s6
core   0: 3 0x8000be48 (0x0168f6b3) x13 0x1a413000
core   0: 0x8000be4c (0x4dbc19b7) lui     s3, 0x4dbc1
core   0: 3 0x8000be4c (0x4dbc19b7) x19 0x4dbc1000
core   0: 0x8000be50 (0x74e3c513) xori    a0, t2, 1870
core   0: 3 0x8000be50 (0x74e3c513) x10 0x0000074f
core   0: 0x8000be54 (0x400158b3) sra     a7, sp, zero
core   0: 3 0x8000be54 (0x400158b3) x17 0x8002ae64
core   0: 0x8000be58 (0x05316a13) ori     s4, sp, 83
core   0: 3 0x8000be58 (0x05316a13) x20 0x8002ae77
core   0: 0x8000be5c (0x30725317) auipc   t1, 0x30725
core   0: 3 0x8000be5c (0x30725317) x 6 0xb0730e5c
core   0: 0x8000be60 (0x0083b633) sltu    a2, t2, s0
core   0: 3 0x8000be60 (0x0083b633) x12 0x00000000
core   0: 0x8000be64 (0x236a6f93) ori     t6, s4, 566
core   0: 3 0x8000be64 (0x236a6f93) x31 0x8002ae77
core   0: 0x8000be68 (0x385c0813) addi    a6, s8, 901
core   0: 3 0x8000be68 (0x385c0813) x16 0xfffffedb
core   0: 0x8000be6c (0x8e464993) xori    s3, a2, -1820
core   0: 3 0x8000be6c (0x8e464993) x19 0xfffff8e4
core   0: 0x8000be70 (0x406b0933) sub     s2, s6, t1
core   0: 3 0x8000be70 (0x406b0933) x18 0x4deead00
core   0: 0x8000be74 (0x0ff0000f) fence   iorw,iorw
core   0: 3 0x8000be74 (0x0ff0000f)
core   0: 0x8000be78 (0x024c5e63) bge     s8, tp, pc + 60
core   0: 3 0x8000be78 (0x024c5e63)
core   0: 0x8000be7c (0x005871b3) and     gp, a6, t0
core   0: 3 0x8000be7c (0x005871b3) x 3 0xcc376a80
core   0: 0x8000be80 (0x415bd613) srai    a2, s7, 21
core   0: 3 0x8000be80 (0x415bd613) x12 0x00000000
core   0: 0x8000be84 (0x0285d663) bge     a1, s0, pc + 44
core   0: 3 0x8000be84 (0x0285d663)
core   0: 0x8000be88 (0x412289b3) sub     s3, t0, s2
core   0: 3 0x8000be88 (0x412289b3) x19 0x7e48be80
core   0: 0x8000be8c (0x01e03eb3) snez    t4, t5
core   0: 3 0x8000be8c (0x01e03eb3) x29 0x00000001
core   0: 0x8000be90 (0x00cfd293) srli    t0, t6, 12
core   0: 3 0x8000be90 (0x00cfd293) x 5 0x0008002a
core   0: 0x8000be94 (0x01485813) srli    a6, a6, 20
core   0: 3 0x8000be94 (0x01485813) x16 0x00000fff
core   0: 0x8000be98 (0x08a28a63) beq     t0, a0, pc + 148
core   0: 3 0x8000be98 (0x08a28a63)
core   0: 0x8000be9c (0x00000013) nop
core   0: 3 0x8000be9c (0x00000013)
core   0: 0x8000bea0 (0x40078233) sub     tp, a5, zero
core   0: 3 0x8000bea0 (0x40078233) x 4 0x00000001
core   0: 0x8000bea4 (0x00420e33) add     t3, tp, tp
core   0: 3 0x8000bea4 (0x00420e33) x28 0x00000002
core   0: 0x8000bea8 (0x01a6d513) srli    a0, a3, 26
core   0: 3 0x8000bea8 (0x01a6d513) x10 0x00000006
core   0: 0x8000beac (0x002debb3) or      s7, s11, sp
core   0: 3 0x8000beac (0x002debb3) x23 0xffffff6e
core   0: 0x8000beb0 (0x01c11c33) sll     s8, sp, t3
core   0: 3 0x8000beb0 (0x01c11c33) x24 0x000ab990
core   0: 0x8000beb4 (0xe947c913) xori    s2, a5, -364
core   0: 3 0x8000beb4 (0xe947c913) x18 0xfffffe95
core   0: 0x8000beb8 (0x40920f33) sub     t5, tp, s1
core   0: 3 0x8000beb8 (0x40920f33) x30 0x00000001
core   0: 0x8000bebc (0x09bc0663) beq     s8, s11, pc + 140
core   0: 3 0x8000bebc (0x09bc0663)
core   0: 0x8000bec0 (0x07fe4463) blt     t3, t6, pc + 104
core   0: 3 0x8000bec0 (0x07fe4463)
core   0: 0x8000bec4 (0x44d2f793) andi    a5, t0, 1101
core   0: 3 0x8000bec4 (0x44d2f793) x15 0x00000008
core   0: 0x8000bec8 (0x00012a97) auipc   s5, 0x12
core   0: 3 0x8000bec8 (0x00012a97) x21 0x8001dec8
core   0: 0x8000becc (0x2c4a8a93) addi    s5, s5, 708
core   0: 3 0x8000becc (0x2c4a8a93) x21 0x8001e18c
core   0: 0x8000bed0 (0x02aad783) lhu     a5, 42(s5)
core   0: 3 0x8000bed0 (0x02aad783) x15 0x00005e03 mem 0x8001e1b6
core   0: 0x8000bed4 (0x02aac883) lbu     a7, 42(s5)
core   0: 3 0x8000bed4 (0x02aac883) x17 0x00000003 mem 0x8001e1b6
core   0: 0x8000bed8 (0x033a8523) sb      s3, 42(s5)
core   0: 3 0x8000bed8 (0x033a8523) mem 0x8001e1b6 0x80
core   0: 0x8000bedc (0x02aa9703) lh      a4, 42(s5)
core   0: 3 0x8000bedc (0x02aa9703) x14 0x00005e80 mem 0x8001e1b6
core   0: 0x8000bee0 (0x02aac803) lbu     a6, 42(s5)
core   0: 3 0x8000bee0 (0x02aac803) x16 0x00000080 mem 0x8001e1b6
core   0: 0x8000bee4 (0x03da8523) sb      t4, 42(s5)
core   0: 3 0x8000bee4 (0x03da8523) mem 0x8001e1b6 0x1
core   0: 0x8000bee8 (0x01a29913) slli    s2, t0, 26
core   0: 3 0x8000bee8 (0x01a29913) x18 0xa8000000
core   0: 0x8000beec (0x02aac503) lbu     a0, 42(s5)
core   0: 3 0x8000beec (0x02aac503) x10 0x00000001 mem 0x8001e1b6
core   0: 0x8000bef0 (0x030a8523) sb      a6, 42(s5)
core   0: 3 0x8000bef0 (0x030a8523) mem 0x8001e1b6 0x80
core   0: 0x8000bef4 (0x02aa9c83) lh      s9, 42(s5)
core   0: 3 0x8000bef4 (0x02aa9c83) x25 0x00005e80 mem 0x8001e1b6
core   0: 0x8000bef8 (0x02aa9f83) lh      t6, 42(s5)
core   0: 3 0x8000bef8 (0x02aa9f83) x31 0x00005e80 mem 0x8001e1b6
core   0: 0x8000befc (0x02aa9483) lh      s1, 42(s5)
core   0: 3 0x8000befc (0x02aa9483) x 9 0x00005e80 mem 0x8001e1b6
core   0: 0x8000bf00 (0x02aa9d03) lh      s10, 42(s5)
core   0: 3 0x8000bf00 (0x02aa9d03) x26 0x00005e80 mem 0x8001e1b6
core   0: 0x8000bf04 (0x02aad903) lhu     s2, 42(s5)
core   0: 3 0x8000bf04 (0x02aad903) x18 0x00005e80 mem 0x8001e1b6
core   0: 0x8000bf08 (0x02aad683) lhu     a3, 42(s5)
core   0: 3 0x8000bf08 (0x02aad683) x13 0x00005e80 mem 0x8001e1b6
core   0: 0x8000bf0c (0x02fa8523) sb      a5, 42(s5)
core   0: 3 0x8000bf0c (0x02fa8523) mem 0x8001e1b6 0x3
core   0: 0x8000bf10 (0x039a8523) sb      s9, 42(s5)
core   0: 3 0x8000bf10 (0x039a8523) mem 0x8001e1b6 0x80
core   0: 0x8000bf14 (0x02aa8b83) lb      s7, 42(s5)
core   0: 3 0x8000bf14 (0x02aa8b83) x23 0xffffff80 mem 0x8001e1b6
core   0: 0x8000bf18 (0x02aac983) lbu     s3, 42(s5)
core   0: 3 0x8000bf18 (0x02aac983) x19 0x00000080 mem 0x8001e1b6
core   0: 0x8000bf1c (0x00b50633) add     a2, a0, a1
core   0: 3 0x8000bf1c (0x00b50633) x12 0x8002ece5
core   0: 0x8000bf20 (0x000b3533) sltu    a0, s6, zero
core   0: 3 0x8000bf20 (0x000b3533) x10 0x00000000
core   0: 0x8000bf24 (0x1b0eb713) sltiu   a4, t4, 432
core   0: 3 0x8000bf24 (0x1b0eb713) x14 0x00000001
core   0: 0x8000bf28 (0xc10b7e13) andi    t3, s6, -1008
core   0: 3 0x8000bf28 (0xc10b7e13) x28 0xfe61b810
core   0: 0x8000bf2c (0x00017863) bgeu    sp, zero, pc + 16
core   0: 3 0x8000bf2c (0x00017863)
core   0: 0x8000bf3c (0x01ac7e33) and     t3, s8, s10
core   0: 3 0x8000bf3c (0x01ac7e33) x28 0x00001880
core   0: 0x8000bf40 (0x0022e333) or      t1, t0, sp
core   0: 3 0x8000bf40 (0x0022e333) x 6 0x800aae6e
core   0: 0x8000bf44 (0x027e5a63) bge     t3, t2, pc + 52
core   0: 3 0x8000bf44 (0x027e5a63)
core   0: 0x8000bf78 (0x41d383b3) sub     t2, t2, t4
core   0: 3 0x8000bf78 (0x41d383b3) x 7 0x00000000
core   0: 0x8000bf7c (0x005e7a63) bgeu    t3, t0, pc + 20
core   0: 3 0x8000bf7c (0x005e7a63)
core   0: 0x8000bf80 (0x5464e013) ori     zero, s1, 1350
core   0: 3 0x8000bf80 (0x5464e013)
core   0: 0x8000bf84 (0x01daad33) slt     s10, s5, t4
core   0: 3 0x8000bf84 (0x01daad33) x26 0x00000001
core   0: 0x8000bf88 (0x0586c063) blt     a3, s8, pc + 64
core   0: 3 0x8000bf88 (0x0586c063)
core   0: 0x8000bfc8 (0xa6756693) ori     a3, a0, -1433
core   0: 3 0x8000bfc8 (0xa6756693) x13 0xfffffa67
core   0: 0x8000bfcc (0x00ec40b3) xor     ra, s8, a4
core   0: 3 0x8000bfcc (0x00ec40b3) x 1 0x000ab991
core   0: 0x8000bfd0 (0x4e604413) xori    s0, zero, 1254
core   0: 3 0x8000bfd0 (0x4e604413) x 8 0x000004e6
core   0: 0x8000bfd4 (0x0041e263) bltu    gp, tp, pc + 4
core   0: 3 0x8000bfd4 (0x0041e263)
core   0: 0x8000bfd8 (0x5f968893) addi    a7, a3, 1529
core   0: 3 0x8000bfd8 (0x5f968893) x17 0x00000060
core   0: 0x8000bfdc (0xe17d2713) slti    a4, s10, -489
core   0: 3 0x8000bfdc (0xe17d2713) x14 0x00000000
core   0: 0x8000bfe0 (0x04531063) bne     t1, t0, pc + 64
core   0: 3 0x8000bfe0 (0x04531063)
core   0: 0x8000c020 (0x5ece2293) slti    t0, t3, 1516
core   0: 3 0x8000c020 (0x5ece2293) x 5 0x00000000
core   0: 0x8000c024 (0x401958b3) sra     a7, s2, ra
core   0: 3 0x8000c024 (0x401958b3) x17 0x00000000
core   0: 0x8000c028 (0x01601e33) sll     t3, zero, s6
core   0: 3 0x8000c028 (0x01601e33) x28 0x00000000
core   0: 0x8000c02c (0x02c46263) bltu    s0, a2, pc + 36
core   0: 3 0x8000c02c (0x02c46263)
core   0: 0x8000c050 (0x0ff0000f) fence   iorw,iorw
core   0: 3 0x8000c050 (0x0ff0000f)
core   0: 0x8000c054 (0x006b64b3) or      s1, s6, t1
core   0: 3 0x8000c054 (0x006b64b3) x 9 0xfe6bbf7e
core   0: 0x8000c058 (0x017804b3) add     s1, a6, s7
core   0: 3 0x8000c058 (0x017804b3) x 9 0x00000000
core   0: 0x8000c05c (0x00a31f13) slli    t5, t1, 10
core   0: 3 0x8000c05c (0x00a31f13) x30 0x2ab9b800
core   0: 0x8000c060 (0x41d93d13) sltiu   s10, s2, 1053
core   0: 3 0x8000c060 (0x41d93d13) x26 0x00000000
core   0: 0x8000c064 (0x0ff0000f) fence   iorw,iorw
core   0: 3 0x8000c064 (0x0ff0000f)
core   0: 0x8000c068 (0xdb126893) ori     a7, tp, -591
core   0: 3 0x8000c068 (0xdb126893) x17 0xfffffdb1
core   0: 0x8000c06c (0x95ef2a13) slti    s4, t5, -1698
core   0: 3 0x8000c06c (0x95ef2a13) x20 0x00000000
core   0: 0x8000c070 (0x65b8bd13) sltiu   s10, a7, 1627
core   0: 3 0x8000c070 (0x65b8bd13) x26 0x00000000
core   0: 0x8000c074 (0x00113bb3) sltu    s7, sp, ra
core   0: 3 0x8000c074 (0x00113bb3) x23 0x00000000
core   0: 0x8000c078 (0x03d56863) bltu    a0, t4, pc + 48
core   0: 3 0x8000c078 (0x03d56863)
core   0: 0x8000c0a8 (0xb780ba17) auipc   s4, 0xb780b
core   0: 3 0x8000c0a8 (0xb780ba17) x20 0x378170a8
core   0: 0x8000c0ac (0x008e6cb3) or      s9, t3, s0
core   0: 3 0x8000c0ac (0x008e6cb3) x25 0x000004e6
core   0: 0x8000c0b0 (0x00be9db3) sll     s11, t4, a1
core   0: 3 0x8000c0b0 (0x00be9db3) x27 0x00000010
core   0: 0x8000c0b4 (0x9ea5c493) xori    s1, a1, -1558
core   0: 3 0x8000c0b4 (0x9ea5c493) x 9 0x7ffd150e
core   0: 0x8000c0b8 (0x01f7f033) and     zero, a5, t6
core   0: 3 0x8000c0b8 (0x01f7f033)
core   0: 0x8000c0bc (0x011bac33) slt     s8, s7, a7
core   0: 3 0x8000c0bc (0x011bac33) x24 0x00000000
core   0: 0x8000c0c0 (0x0000100f) fence.i
core   0: 3 0x8000c0c0 (0x0000100f)
core   0: 0x8000c0c4 (0x40aed913) srai    s2, t4, 10
core   0: 3 0x8000c0c4 (0x40aed913) x18 0x00000000
core   0: 0x8000c0c8 (0x00b4ad33) slt     s10, s1, a1
core   0: 3 0x8000c0c8 (0x00b4ad33) x26 0x00000000
core   0: 0x8000c0cc (0x0ff0000f) fence   iorw,iorw
core   0: 3 0x8000c0cc (0x0ff0000f)
core   0: 0x8000c0d0 (0x015014b3) sll     s1, zero, s5
core   0: 3 0x8000c0d0 (0x015014b3) x 9 0x00000000
core   0: 0x8000c0d4 (0x0040f9b3) and     s3, ra, tp
core   0: 3 0x8000c0d4 (0x0040f9b3) x19 0x00000001
core   0: 0x8000c0d8 (0x03741e63) bne     s0, s7, pc + 60
core   0: 3 0x8000c0d8 (0x03741e63)
core   0: 0x8000c114 (0x40be51b3) sra     gp, t3, a1
core   0: 3 0x8000c114 (0x40be51b3) x 3 0x00000000
core   0: 0x8000c118 (0x1786b893) sltiu   a7, a3, 376
core   0: 3 0x8000c118 (0x1786b893) x17 0x00000000
core   0: 0x8000c11c (0xc4937617) auipc   a2, 0xc4937
core   0: 3 0x8000c11c (0xc4937617) x12 0x4494311c
core   0: 0x8000c120 (0x00009d17) auipc   s10, 0x9
core   0: 3 0x8000c120 (0x00009d17) x26 0x80015120
core   0: 0x8000c124 (0xfafd0d13) addi    s10, s10, -81
core   0: 3 0x8000c124 (0xfafd0d13) x26 0x800150cf
core   0: 0x8000c128 (0xfc2d0383) lb      t2, -62(s10)
core   0: 3 0x8000c128 (0xfc2d0383) x 7 0x00000063 mem 0x80015091
core   0: 0x8000c12c (0xfc2d0c83) lb      s9, -62(s10)
core   0: 3 0x8000c12c (0xfc2d0c83) x25 0x00000063 mem 0x80015091
core   0: 0x8000c130 (0xfc5d0123) sb      t0, -62(s10)
core   0: 3 0x8000c130 (0xfc5d0123) mem 0x80015091 0x0
core   0: 0x8000c134 (0xfc2d0b83) lb      s7, -62(s10)
core   0: 3 0x8000c134 (0xfc2d0b83) x23 0x00000000 mem 0x80015091
core   0: 0x8000c138 (0xfd7d0123) sb      s7, -62(s10)
core   0: 3 0x8000c138 (0xfd7d0123) mem 0x80015091 0x0
core   0: 0x8000c13c (0xfc2d4083) lbu     ra, -62(s10)
core   0: 3 0x8000c13c (0xfc2d4083) x 1 0x00000000 mem 0x80015091
core   0: 0x8000c140 (0xfc2d0b83) lb      s7, -62(s10)
core   0: 3 0x8000c140 (0xfc2d0b83) x23 0x00000000 mem 0x80015091
core   0: 0x8000c144 (0xfc2d0d83) lb      s11, -62(s10)
core   0: 3 0x8000c144 (0xfc2d0d83) x27 0x00000000 mem 0x80015091
core   0: 0x8000c148 (0xfc2d0c83) lb      s9, -62(s10)
core   0: 3 0x8000c148 (0xfc2d0c83) x25 0x00000000 mem 0x80015091
core   0: 0x8000c14c (0xfc2d0503) lb      a0, -62(s10)
core   0: 3 0x8000c14c (0xfc2d0503) x10 0x00000000 mem 0x80015091
core   0: 0x8000c150 (0xfc3d0123) sb      gp, -62(s10)
core   0: 3 0x8000c150 (0xfc3d0123) mem 0x80015091 0x0
core   0: 0x8000c154 (0xfc2d4183) lbu     gp, -62(s10)
core   0: 3 0x8000c154 (0xfc2d4183) x 3 0x00000000 mem 0x80015091
core   0: 0x8000c158 (0xfc2d4c83) lbu     s9, -62(s10)
core   0: 3 0x8000c158 (0xfc2d4c83) x25 0x00000000 mem 0x80015091
core   0: 0x8000c15c (0xfc2d4e03) lbu     t3, -62(s10)
core   0: 3 0x8000c15c (0xfc2d4e03) x28 0x00000000 mem 0x80015091
core   0: 0x8000c160 (0xfc2d0f03) lb      t5, -62(s10)
core   0: 3 0x8000c160 (0xfc2d0f03) x30 0x00000000 mem 0x80015091
core   0: 0x8000c164 (0xfc2d4e03) lbu     t3, -62(s10)
core   0: 3 0x8000c164 (0xfc2d4e03) x28 0x00000000 mem 0x80015091
core   0: 0x8000c168 (0xfc2d4483) lbu     s1, -62(s10)
core   0: 3 0x8000c168 (0xfc2d4483) x 9 0x00000000 mem 0x80015091
core   0: 0x8000c16c (0x406950b3) sra     ra, s2, t1
core   0: 3 0x8000c16c (0x406950b3) x 1 0x00000000
core   0: 0x8000c170 (0xfc2d4903) lbu     s2, -62(s10)
core   0: 3 0x8000c170 (0xfc2d4903) x18 0x00000000 mem 0x80015091
core   0: 0x8000c174 (0xfc2d0a03) lb      s4, -62(s10)
core   0: 3 0x8000c174 (0xfc2d0a03) x20 0x00000000 mem 0x80015091
core   0: 0x8000c178 (0x00bc4d33) xor     s10, s8, a1
core   0: 3 0x8000c178 (0x00bc4d33) x26 0x8002ece4
core   0: 0x8000c17c (0x39672693) slti    a3, a4, 918
core   0: 3 0x8000c17c (0x39672693) x13 0x00000001
core   0: 0x8000c180 (0x08c1e463) bltu    gp, a2, pc + 136
core   0: 3 0x8000c180 (0x08c1e463)
core   0: 0x8000c208 (0x00203bb3) snez    s7, sp
core   0: 3 0x8000c208 (0x00203bb3) x23 0x00000001
core   0: 0x8000c20c (0x021b1e63) bne     s6, ra, pc + 60
core   0: 3 0x8000c20c (0x021b1e63)
core   0: 0x8000c248 (0x00000013) nop
core   0: 3 0x8000c248 (0x00000013)
core   0: 0x8000c24c (0x01b86233) or      tp, a6, s11
core   0: 3 0x8000c24c (0x01b86233) x 4 0x00000080
core   0: 0x8000c250 (0x249eae93) slti    t4, t4, 585
core   0: 3 0x8000c250 (0x249eae93) x29 0x00000001
core   0: 0x8000c254 (0x00bd0f33) add     t5, s10, a1
core   0: 3 0x8000c254 (0x00bd0f33) x30 0x0005d9c8
core   0: 0x8000c258 (0xb2af4c93) xori    s9, t5, -1238
core   0: 3 0x8000c258 (0xb2af4c93) x25 0xfffa22e2
core   0: 0x8000c25c (0x0bc2f893) andi    a7, t0, 188
core   0: 3 0x8000c25c (0x0bc2f893) x17 0x00000000
core   0: 0x8000c260 (0x0ff0000f) fence   iorw,iorw
core   0: 3 0x8000c260 (0x0ff0000f)
core   0: 0x8000c264 (0xe5d85a37) lui     s4, 0xe5d85
core   0: 3 0x8000c264 (0xe5d85a37) x20 0xe5d85000
core   0: 0x8000c268 (0x01e87bb3) and     s7, a6, t5
core   0: 3 0x8000c268 (0x01e87bb3) x23 0x00000080
core   0: 0x8000c26c (0x39860793) addi    a5, a2, 920
core   0: 3 0x8000c26c (0x39860793) x15 0x449434b4
core   0: 0x8000c270 (0x58957413) andi    s0, a0, 1417
core   0: 3 0x8000c270 (0x58957413) x 8 0x00000000
core   0: 0x8000c274 (0x00641a33) sll     s4, s0, t1
core   0: 3 0x8000c274 (0x00641a33) x20 0x00000000
core   0: 0x8000c278 (0x410dd933) sra     s2, s11, a6
core   0: 3 0x8000c278 (0x410dd933) x18 0x00000000
core   0: 0x8000c27c (0xe9391017) auipc   zero, 0xe9391
core   0: 3 0x8000c27c (0xe9391017)
core   0: 0x8000c280 (0x00950e33) add     t3, a0, s1
core   0: 3 0x8000c280 (0x00950e33) x28 0x00000000
core   0: 0x8000c284 (0x033ef063) bgeu    t4, s3, pc + 32
core   0: 3 0x8000c284 (0x033ef063)
core   0: 0x8000c2a4 (0x0ff0000f) fence   iorw,iorw
core   0: 3 0x8000c2a4 (0x0ff0000f)
core   0: 0x8000c2a8 (0x00000013) nop
core   0: 3 0x8000c2a8 (0x00000013)
core   0: 0x8000c2ac (0x0000100f) fence.i
core   0: 3 0x8000c2ac (0x0000100f)
core   0: 0x8000c2b0 (0x028e9063) bne     t4, s0, pc + 32
core   0: 3 0x8000c2b0 (0x028e9063)
core   0: 0x8000c2d0 (0x02eb6c63) bltu    s6, a4, pc + 56
core   0: 3 0x8000c2d0 (0x02eb6c63)
core   0: 0x8000c2d4 (0x9c3da913) slti    s2, s11, -1597
core   0: 3 0x8000c2d4 (0x9c3da913) x18 0x00000000
core   0: 0x8000c2d8 (0x00000013) nop
core   0: 3 0x8000c2d8 (0x00000013)
core   0: 0x8000c2dc (0xf7d7af93) slti    t6, a5, -131
core   0: 3 0x8000c2dc (0xf7d7af93) x31 0x00000000
core   0: 0x8000c2e0 (0x3e034e93) xori    t4, t1, 992
core   0: 3 0x8000c2e0 (0x3e034e93) x29 0x800aad8e
core   0: 0x8000c2e4 (0x00000013) nop
core   0: 3 0x8000c2e4 (0x00000013)
core   0: 0x8000c2e8 (0x01f889b3) add     s3, a7, t6
core   0: 3 0x8000c2e8 (0x01f889b3) x19 0x00000000
core   0: 0x8000c2ec (0x00da6a63) bltu    s4, a3, pc + 20
core   0: 3 0x8000c2ec (0x00da6a63)
core   0: 0x8000c300 (0x01f7b9b3) sltu    s3, a5, t6
core   0: 3 0x8000c300 (0x01f7b9b3) x19 0x00000000
core   0: 0x8000c304 (0x0036b7b3) sltu    a5, a3, gp
core   0: 3 0x8000c304 (0x0036b7b3) x15 0x00000000
core   0: 0x8000c308 (0x00769e63) bne     a3, t2, pc + 28
core   0: 3 0x8000c308 (0x00769e63)
core   0: 0x8000c324 (0x00a82eb3) slt     t4, a6, a0
core   0: 3 0x8000c324 (0x00a82eb3) x29 0x00000000
core   0: 0x8000c328 (0x00e89933) sll     s2, a7, a4
core   0: 3 0x8000c328 (0x00e89933) x18 0x00000000
core   0: 0x8000c32c (0x05ac0863) beq     s8, s10, pc + 80
core   0: 3 0x8000c32c (0x05ac0863)
core   0: 0x8000c330 (0x214ac913) xori    s2, s5, 532
core   0: 3 0x8000c330 (0x214ac913) x18 0x8001e398
core   0: 0x8000c334 (0x7e4e8493) addi    s1, t4, 2020
core   0: 3 0x8000c334 (0x7e4e8493) x 9 0x000007e4
core   0: 0x8000c338 (0xc4413913) sltiu   s2, sp, -956
core   0: 3 0x8000c338 (0xc4413913) x18 0x00000001
core   0: 0x8000c33c (0x41067837) lui     a6, 0x41067
core   0: 3 0x8000c33c (0x41067837) x16 0x41067000
core   0: 0x8000c340 (0x41b95213) srai    tp, s2, 27
core   0: 3 0x8000c340 (0x41b95213) x 4 0x00000000
core   0: 0x8000c344 (0x00d664b3) or      s1, a2, a3
core   0: 3 0x8000c344 (0x00d664b3) x 9 0x4494311d
core   0: 0x8000c348 (0xac466813) ori     a6, a2, -1340
core   0: 3 0x8000c348 (0xac466813) x16 0xfffffbdc
core   0: 0x8000c34c (0x00fba333) slt     t1, s7, a5
core   0: 3 0x8000c34c (0x00fba333) x 6 0x00000000
core   0: 0x8000c350 (0x0006f663) bgeu    a3, zero, pc + 12
core   0: 3 0x8000c350 (0x0006f663)
core   0: 0x8000c35c (0x409a84b3) sub     s1, s5, s1
core   0: 3 0x8000c35c (0x409a84b3) x 9 0x3b6db06f
core   0: 0x8000c360 (0x95d7f017) auipc   zero, 0x95d7f
core   0: 3 0x8000c360 (0x95d7f017)
core   0: 0x8000c364 (0x015a5e33) srl     t3, s4, s5
core   0: 3 0x8000c364 (0x015a5e33) x28 0x00000000
core   0: 0x8000c368 (0x02039663) bnez    t2, pc + 44
core   0: 3 0x8000c368 (0x02039663)
core   0: 0x8000c394 (0x0000100f) fence.i
core   0: 3 0x8000c394 (0x0000100f)
core   0: 0x8000c398 (0x4234bd13) sltiu   s10, s1, 1059
core   0: 3 0x8000c398 (0x4234bd13) x26 0x00000000
core   0: 0x8000c39c (0x2a7acd13) xori    s10, s5, 679
core   0: 3 0x8000c39c (0x2a7acd13) x26 0x8001e32b
core   0: 0x8000c3a0 (0x00e82db3) slt     s11, a6, a4
core   0: 3 0x8000c3a0 (0x00e82db3) x27 0x00000001
core   0: 0x8000c3a4 (0x00c601b3) add     gp, a2, a2
core   0: 3 0x8000c3a4 (0x00c601b3) x 3 0x89286238
core   0: 0x8000c3a8 (0x021a7e63) bgeu    s4, ra, pc + 60
core   0: 3 0x8000c3a8 (0x021a7e63)
core   0: 0x8000c3e4 (0xefd644b7) lui     s1, 0xefd64
core   0: 3 0x8000c3e4 (0xefd644b7) x 9 0xefd64000
core   0: 0x8000c3e8 (0x0ff0000f) fence   iorw,iorw
core   0: 3 0x8000c3e8 (0x0ff0000f)
core   0: 0x8000c3ec (0xcf31c713) xori    a4, gp, -781
core   0: 3 0x8000c3ec (0xcf31c713) x14 0x76d79ecb
core   0: 0x8000c3f0 (0x04c32013) slti    zero, t1, 76
core   0: 3 0x8000c3f0 (0x04c32013)
core   0: 0x8000c3f4 (0x03e90263) beq     s2, t5, pc + 36
core   0: 3 0x8000c3f4 (0x03e90263)
core   0: 0x8000c3f8 (0x10568c37) lui     s8, 0x10568
core   0: 3 0x8000c3f8 (0x10568c37) x24 0x10568000
core   0: 0x8000c3fc (0x41c45c33) sra     s8, s0, t3
core   0: 3 0x8000c3fc (0x41c45c33) x24 0x00000000
core   0: 0x8000c400 (0x025e0c63) beq     t3, t0, pc + 56
core   0: 3 0x8000c400 (0x025e0c63)
core   0: 0x8000c438 (0x322eb713) sltiu   a4, t4, 802
core   0: 3 0x8000c438 (0x322eb713) x14 0x00000001
core   0: 0x8000c43c (0x005c7333) and     t1, s8, t0
core   0: 3 0x8000c43c (0x005c7333) x 6 0x00000000
core   0: 0x8000c440 (0x01b410b3) sll     ra, s0, s11
core   0: 3 0x8000c440 (0x01b410b3) x 1 0x00000000
core   0: 0x8000c444 (0x0ff0000f) fence   iorw,iorw
core   0: 3 0x8000c444 (0x0ff0000f)
core   0: 0x8000c448 (0x01c65e63) bge     a2, t3, pc + 28
core   0: 3 0x8000c448 (0x01c65e63)
core   0: 0x8000c464 (0x0191b7b3) sltu    a5, gp, s9
core   0: 3 0x8000c464 (0x0191b7b3) x15 0x00000001
core   0: 0x8000c468 (0x400e5633) sra     a2, t3, zero
core   0: 3 0x8000c468 (0x400e5633) x12 0x00000000
core   0: 0x8000c46c (0x03f2fe63) bgeu    t0, t6, pc + 60
core   0: 3 0x8000c46c (0x03f2fe63)
core   0: 0x8000c4a8 (0x0070d933) srl     s2, ra, t2
core   0: 3 0x8000c4a8 (0x0070d933) x18 0x00000000
core   0: 0x8000c4ac (0x00fd0c63) beq     s10, a5, pc + 24
core   0: 3 0x8000c4ac (0x00fd0c63)
core   0: 0x8000c4b0 (0x01adf7b3) and     a5, s11, s10
core   0: 3 0x8000c4b0 (0x01adf7b3) x15 0x00000001
core   0: 0x8000c4b4 (0x414c0c33) sub     s8, s8, s4
core   0: 3 0x8000c4b4 (0x414c0c33) x24 0x00000000
core   0: 0x8000c4b8 (0x00000013) nop
core   0: 3 0x8000c4b8 (0x00000013)
core   0: 0x8000c4bc (0xabdf1a37) lui     s4, 0xabdf1
core   0: 3 0x8000c4bc (0xabdf1a37) x20 0xabdf1000
core   0: 0x8000c4c0 (0x05784063) blt     a6, s7, pc + 64
core   0: 3 0x8000c4c0 (0x05784063)
core   0: 0x8000c500 (0x01553033) sltu    zero, a0, s5
core   0: 3 0x8000c500 (0x01553033)
core   0: 0x8000c504 (0x5733bf13) sltiu   t5, t2, 1395
core   0: 3 0x8000c504 (0x5733bf13) x30 0x00000001
core   0: 0x8000c508 (0x007c2833) slt     a6, s8, t2
core   0: 3 0x8000c508 (0x007c2833) x16 0x00000001
core   0: 0x8000c50c (0x025af863) bgeu    s5, t0, pc + 48
core   0: 3 0x8000c50c (0x025af863)
core   0: 0x8000c53c (0x0000100f) fence.i
core   0: 3 0x8000c53c (0x0000100f)
core   0: 0x8000c540 (0xc90c7893) andi    a7, s8, -880
core   0: 3 0x8000c540 (0xc90c7893) x17 0x00000000
core   0: 0x8000c544 (0x00de7db3) and     s11, t3, a3
core   0: 3 0x8000c544 (0x00de7db3) x27 0x00000000
core   0: 0x8000c548 (0x00099333) sll     t1, s3, zero
core   0: 3 0x8000c548 (0x00099333) x 6 0x00000000
core   0: 0x8000c54c (0xa2a673b7) lui     t2, 0xa2a67
core   0: 3 0x8000c54c (0xa2a673b7) x 7 0xa2a67000
core   0: 0x8000c550 (0x01f41e93) slli    t4, s0, 31
core   0: 3 0x8000c550 (0x01f41e93) x29 0x00000000
core   0: 0x8000c554 (0x03710c63) beq     sp, s7, pc + 56
core   0: 3 0x8000c554 (0x03710c63)
core   0: 0x8000c558 (0x72d6bf93) sltiu   t6, a3, 1837
core   0: 3 0x8000c558 (0x72d6bf93) x31 0x00000001
core   0: 0x8000c55c (0xb333c313) xori    t1, t2, -1229
core   0: 3 0x8000c55c (0xb333c313) x 6 0x5d598b33
core   0: 0x8000c560 (0x005d9193) slli    gp, s11, 5
core   0: 3 0x8000c560 (0x005d9193) x 3 0x00000000
core   0: 0x8000c564 (0x03587a63) bgeu    a6, s5, pc + 52
core   0: 3 0x8000c564 (0x03587a63)
core   0: 0x8000c568 (0x02f95063) bge     s2, a5, pc + 32
core   0: 3 0x8000c568 (0x02f95063)
core   0: 0x8000c56c (0x4e686693) ori     a3, a6, 1254
core   0: 3 0x8000c56c (0x4e686693) x13 0x000004e7
core   0: 0x8000c570 (0x6c5c2893) slti    a7, s8, 1733
core   0: 3 0x8000c570 (0x6c5c2893) x17 0x00000001
core   0: 0x8000c574 (0x011a3bb3) sltu    s7, s4, a7
core   0: 3 0x8000c574 (0x011a3bb3) x23 0x00000000
core   0: 0x8000c578 (0x00566eb3) or      t4, a2, t0
core   0: 3 0x8000c578 (0x00566eb3) x29 0x00000000
core   0: 0x8000c57c (0x03f1ec63) bltu    gp, t6, pc + 56
core   0: 3 0x8000c57c (0x03f1ec63)
core   0: 0x8000c5b4 (0x40ec5ab3) sra     s5, s8, a4
core   0: 3 0x8000c5b4 (0x40ec5ab3) x21 0x00000000
core   0: 0x8000c5b8 (0x019326b3) slt     a3, t1, s9
core   0: 3 0x8000c5b8 (0x019326b3) x13 0x00000000
core   0: 0x8000c5bc (0x0fe7bd13) sltiu   s10, a5, 254
core   0: 3 0x8000c5bc (0x0fe7bd13) x26 0x00000001
core   0: 0x8000c5c0 (0x2a7e8413) addi    s0, t4, 679
core   0: 3 0x8000c5c0 (0x2a7e8413) x 8 0x000002a7
core   0: 0x8000c5c4 (0x006dd013) srli    zero, s11, 6
core   0: 3 0x8000c5c4 (0x006dd013)
core   0: 0x8000c5c8 (0x00be5393) srli    t2, t3, 11
core   0: 3 0x8000c5c8 (0x00be5393) x 7 0x00000000
core   0: 0x8000c5cc (0x3d1e3813) sltiu   a6, t3, 977
core   0: 3 0x8000c5cc (0x3d1e3813) x16 0x00000001
core   0: 0x8000c5d0 (0x031e5663) bge     t3, a7, pc + 44
core   0: 3 0x8000c5d0 (0x031e5663)
core   0: 0x8000c5d4 (0x00002933) slt     s2, zero, zero
core   0: 3 0x8000c5d4 (0x00002933) x18 0x00000000
core   0: 0x8000c5d8 (0x01aa0233) add     tp, s4, s10
core   0: 3 0x8000c5d8 (0x01aa0233) x 4 0xabdf1001
core   0: 0x8000c5dc (0x09c60097) auipc   ra, 0x9c60
core   0: 3 0x8000c5dc (0x09c60097) x 1 0x89c6c5dc
core   0: 0x8000c5e0 (0x00000013) nop
core   0: 3 0x8000c5e0 (0x00000013)
core   0: 0x8000c5e4 (0x09ecf9b7) lui     s3, 0x9ecf
core   0: 3 0x8000c5e4 (0x09ecf9b7) x19 0x09ecf000
core   0: 0x8000c5e8 (0x00f4a0b3) slt     ra, s1, a5
core   0: 3 0x8000c5e8 (0x00f4a0b3) x 1 0x00000001
core   0: 0x8000c5ec (0x02d7f263) bgeu    a5, a3, pc + 36
core   0: 3 0x8000c5ec (0x02d7f263)
core   0: 0x8000c610 (0x035d4663) blt     s10, s5, pc + 44
core   0: 3 0x8000c610 (0x035d4663)
core   0: 0x8000c614 (0xa3204493) xori    s1, zero, -1486
core   0: 3 0x8000c614 (0xa3204493) x 9 0xfffffa32
core   0: 0x8000c618 (0x04920063) beq     tp, s1, pc + 64
core   0: 3 0x8000c618 (0x04920063)
core   0: 0x8000c61c (0x00f8e233) or      tp, a7, a5
core   0: 3 0x8000c61c (0x00f8e233) x 4 0x00000001
core   0: 0x8000c620 (0x0ff0000f) fence   iorw,iorw
core   0: 3 0x8000c620 (0x0ff0000f)
core   0: 0x8000c624 (0x005e8a33) add     s4, t4, t0
core   0: 3 0x8000c624 (0x005e8a33) x20 0x00000000
core   0: 0x8000c628 (0x31684a93) xori    s5, a6, 790
core   0: 3 0x8000c628 (0x31684a93) x21 0x00000317
core   0: 0x8000c62c (0x17b06193) ori     gp, zero, 379
core   0: 3 0x8000c62c (0x17b06193) x 3 0x0000017b
core   0: 0x8000c630 (0x3c427417) auipc   s0, 0x3c427
core   0: 3 0x8000c630 (0x3c427417) x 8 0xbc433630
core   0: 0x8000c634 (0x4089dfb3) sra     t6, s3, s0
core   0: 3 0x8000c634 (0x4089dfb3) x31 0x000009ec
core   0: 0x8000c638 (0x789f7913) andi    s2, t5, 1929
core   0: 3 0x8000c638 (0x789f7913) x18 0x00000001
core   0: 0x8000c63c (0x0163c8b3) xor     a7, t2, s6
core   0: 3 0x8000c63c (0x0163c8b3) x17 0xfe61bb5c
core   0: 0x8000c640 (0x0ff0000f) fence   iorw,iorw
core   0: 3 0x8000c640 (0x0ff0000f)
core   0: 0x8000c644 (0x0c023237) lui     tp, 0xc023
core   0: 3 0x8000c644 (0x0c023237) x 4 0x0c023000
core   0: 0x8000c648 (0x0ff0000f) fence   iorw,iorw
core   0: 3 0x8000c648 (0x0ff0000f)
core   0: 0x8000c64c (0xb1a24813) xori    a6, tp, -1254
core   0: 3 0x8000c64c (0xb1a24813) x16 0xf3fdcb1a
core   0: 0x8000c650 (0x03119c63) bne     gp, a7, pc + 56
core   0: 3 0x8000c650 (0x03119c63)
core   0: 0x8000c688 (0x01b458b3) srl     a7, s0, s11
core   0: 3 0x8000c688 (0x01b458b3) x17 0xbc433630
core   0: 0x8000c68c (0xf7fab893) sltiu   a7, s5, -129
core   0: 3 0x8000c68c (0xf7fab893) x17 0x00000001
core   0: 0x8000c690 (0x4058dc33) sra     s8, a7, t0
core   0: 3 0x8000c690 (0x4058dc33) x24 0x00000001
core   0: 0x8000c694 (0xff554d93) xori    s11, a0, -11
core   0: 3 0x8000c694 (0xff554d93) x27 0xfffffff5
core   0: 0x8000c698 (0x41c0de93) srai    t4, ra, 28
core   0: 3 0x8000c698 (0x41c0de93) x29 0x00000000
core   0: 0x8000c69c (0x01868cb3) add     s9, a3, s8
core   0: 3 0x8000c69c (0x01868cb3) x25 0x00000001
core   0: 0x8000c6a0 (0xc9f0c513) xori    a0, ra, -865
core   0: 3 0x8000c6a0 (0xc9f0c513) x10 0xfffffc9e
core   0: 0x8000c6a4 (0x01501313) slli    t1, zero, 21
core   0: 3 0x8000c6a4 (0x01501313) x 6 0x00000000
core   0: 0x8000c6a8 (0x0394f913) andi    s2, s1, 57
core   0: 3 0x8000c6a8 (0x0394f913) x18 0x00000030
core   0: 0x8000c6ac (0x01e51a13) slli    s4, a0, 30
core   0: 3 0x8000c6ac (0x01e51a13) x20 0x80000000
core   0: 0x8000c6b0 (0x00858f33) add     t5, a1, s0
core   0: 3 0x8000c6b0 (0x00858f33) x30 0x3c462314
core   0: 0x8000c6b4 (0x05bb5663) bge     s6, s11, pc + 76
core   0: 3 0x8000c6b4 (0x05bb5663)
core   0: 0x8000c6b8 (0x81ea6c93) ori     s9, s4, -2018
core   0: 3 0x8000c6b8 (0x81ea6c93) x25 0xfffff81e
core   0: 0x8000c6bc (0x990c0813) addi    a6, s8, -1648
core   0: 3 0x8000c6bc (0x990c0813) x16 0xfffff991
core   0: 0x8000c6c0 (0x00000013) nop
core   0: 3 0x8000c6c0 (0x00000013)
core   0: 0x8000c6c4 (0x00358d33) add     s10, a1, gp
core   0: 3 0x8000c6c4 (0x00358d33) x26 0x8002ee5f
core   0: 0x8000c6c8 (0x6d1b2493) slti    s1, s6, 1745
core   0: 3 0x8000c6c8 (0x6d1b2493) x 9 0x00000001
core   0: 0x8000c6cc (0x01628233) add     tp, t0, s6
core   0: 3 0x8000c6cc (0x01628233) x 4 0xfe61bb5c
core   0: 0x8000c6d0 (0x0118d693) srli    a3, a7, 17
core   0: 3 0x8000c6d0 (0x0118d693) x13 0x00000000
core   0: 0x8000c6d4 (0x014fd193) srli    gp, t6, 20
core   0: 3 0x8000c6d4 (0x014fd193) x 3 0x00000000
core   0: 0x8000c6d8 (0x41b683b3) sub     t2, a3, s11
core   0: 3 0x8000c6d8 (0x41b683b3) x 7 0x0000000b
core   0: 0x8000c6dc (0x03ff9863) bne     t6, t6, pc + 48
core   0: 3 0x8000c6dc (0x03ff9863)
core   0: 0x8000c6e0 (0x0022d493) srli    s1, t0, 2
core   0: 3 0x8000c6e0 (0x0022d493) x 9 0x00000000
core   0: 0x8000c6e4 (0x03919c63) bne     gp, s9, pc + 56
core   0: 3 0x8000c6e4 (0x03919c63)
core   0: 0x8000c71c (0x003e7863) bgeu    t3, gp, pc + 16
core   0: 3 0x8000c71c (0x003e7863)
core   0: 0x8000c72c (0x052b6063) bltu    s6, s2, pc + 64
core   0: 3 0x8000c72c (0x052b6063)
core   0: 0x8000c730 (0x02e56063) bltu    a0, a4, pc + 32
core   0: 3 0x8000c730 (0x02e56063)
core   0: 0x8000c734 (0x00a9c6b3) xor     a3, s3, a0
core   0: 3 0x8000c734 (0x00a9c6b3) x13 0xf6130c9e
core   0: 0x8000c738 (0x0ff0000f) fence   iorw,iorw
core   0: 3 0x8000c738 (0x0ff0000f)
core   0: 0x8000c73c (0xbe462713) slti    a4, a2, -1052
core   0: 3 0x8000c73c (0xbe462713) x14 0x00000000
core   0: 0x8000c740 (0x02531e63) bne     t1, t0, pc + 60
core   0: 3 0x8000c740 (0x02531e63)
core   0: 0x8000c744 (0x30e18d13) addi    s10, gp, 782
core   0: 3 0x8000c744 (0x30e18d13) x26 0x0000030e
core   0: 0x8000c748 (0x01e85b93) srli    s7, a6, 30
core   0: 3 0x8000c748 (0x01e85b93) x23 0x00000003
core   0: 0x8000c74c (0x07e93613) sltiu   a2, s2, 126
core   0: 3 0x8000c74c (0x07e93613) x12 0x00000001
core   0: 0x8000c750 (0x03de7663) bgeu    t3, t4, pc + 44
core   0: 3 0x8000c750 (0x03de7663)
core   0: 0x8000c77c (0x00d7aeb3) slt     t4, a5, a3
core   0: 3 0x8000c77c (0x00d7aeb3) x29 0x00000000
core   0: 0x8000c780 (0x0191d193) srli    gp, gp, 25
core   0: 3 0x8000c780 (0x0191d193) x 3 0x00000000
core   0: 0x8000c784 (0x014f4a63) blt     t5, s4, pc + 20
core   0: 3 0x8000c784 (0x014f4a63)
core   0: 0x8000c788 (0x00147a63) bgeu    s0, ra, pc + 20
core   0: 3 0x8000c788 (0x00147a63)
core   0: 0x8000c79c (0x01a57333) and     t1, a0, s10
core   0: 3 0x8000c79c (0x01a57333) x 6 0x0000000e
core   0: 0x8000c7a0 (0x010acfb3) xor     t6, s5, a6
core   0: 3 0x8000c7a0 (0x010acfb3) x31 0xfffffa86
core   0: 0x8000c7a4 (0xaf13c713) xori    a4, t2, -1295
core   0: 3 0x8000c7a4 (0xaf13c713) x14 0xfffffafa
core   0: 0x8000c7a8 (0x4057de13) srai    t3, a5, 5
core   0: 3 0x8000c7a8 (0x4057de13) x28 0x00000000
core   0: 0x8000c7ac (0x04264063) blt     a2, sp, pc + 64
core   0: 3 0x8000c7ac (0x04264063)
core   0: 0x8000c7b0 (0x007e9e63) bne     t4, t2, pc + 28
core   0: 3 0x8000c7b0 (0x007e9e63)
core   0: 0x8000c7cc (0xfefd0813) addi    a6, s10, -17
core   0: 3 0x8000c7cc (0xfefd0813) x16 0x000002fd
core   0: 0x8000c7d0 (0x3c3f8713) addi    a4, t6, 963
core   0: 3 0x8000c7d0 (0x3c3f8713) x14 0xfffffe49
core   0: 0x8000c7d4 (0x02137e63) bgeu    t1, ra, pc + 60
core   0: 3 0x8000c7d4 (0x02137e63)
core   0: 0x8000c810 (0x00987db3) and     s11, a6, s1
core   0: 3 0x8000c810 (0x00987db3) x27 0x00000000
core   0: 0x8000c814 (0x41c453b3) sra     t2, s0, t3
core   0: 3 0x8000c814 (0x41c453b3) x 7 0xbc433630
core   0: 0x8000c818 (0x0067fdb3) and     s11, a5, t1
core   0: 3 0x8000c818 (0x0067fdb3) x27 0x00000000
core   0: 0x8000c81c (0xdfb9f337) lui     t1, 0xdfb9f
core   0: 3 0x8000c81c (0xdfb9f337) x 6 0xdfb9f000
core   0: 0x8000c820 (0x01200263) beq     zero, s2, pc + 4
core   0: 3 0x8000c820 (0x01200263)
core   0: 0x8000c824 (0x01986663) bltu    a6, s9, pc + 12
core   0: 3 0x8000c824 (0x01986663)
core   0: 0x8000c830 (0xaa4b6a93) ori     s5, s6, -1372
core   0: 3 0x8000c830 (0xaa4b6a93) x21 0xfffffbfc
core   0: 0x8000c834 (0xf6bdc813) xori    a6, s11, -149
core   0: 3 0x8000c834 (0xf6bdc813) x16 0xffffff6b
core   0: 0x8000c838 (0x03517c63) bgeu    sp, s5, pc + 56
core   0: 3 0x8000c838 (0x03517c63)
core   0: 0x8000c83c (0xcb387813) andi    a6, a6, -845
core   0: 3 0x8000c83c (0xcb387813) x16 0xfffffc23
core   0: 0x8000c840 (0x00f38cb3) add     s9, t2, a5
core   0: 3 0x8000c840 (0x00f38cb3) x25 0xbc433631
core   0: 0x8000c844 (0x0357f663) bgeu    a5, s5, pc + 44
core   0: 3 0x8000c844 (0x0357f663)
core   0: 0x8000c848 (0xba76a413) slti    s0, a3, -1113
core   0: 3 0x8000c848 (0xba76a413) x 8 0x00000001
core   0: 0x8000c84c (0xda1ac393) xori    t2, s5, -607
core   0: 3 0x8000c84c (0xda1ac393) x 7 0x0000065d
core   0: 0x8000c850 (0x0ff0000f) fence   iorw,iorw
core   0: 3 0x8000c850 (0x0ff0000f)
core   0: 0x8000c854 (0x013a73b3) and     t2, s4, s3
core   0: 3 0x8000c854 (0x013a73b3) x 7 0x00000000
core   0: 0x8000c858 (0xdb86ff37) lui     t5, 0xdb86f
core   0: 3 0x8000c858 (0xdb86ff37) x30 0xdb86f000
core   0: 0x8000c85c (0x01388a63) beq     a7, s3, pc + 20
core   0: 3 0x8000c85c (0x01388a63)
core   0: 0x8000c860 (0x015c0ab3) add     s5, s8, s5
core   0: 3 0x8000c860 (0x015c0ab3) x21 0xfffffbfd
core   0: 0x8000c864 (0x53ffa337) lui     t1, 0x53ffa
core   0: 3 0x8000c864 (0x53ffa337) x 6 0x53ffa000
core   0: 0x8000c868 (0x98363c37) lui     s8, 0x98363
core   0: 3 0x8000c868 (0x98363c37) x24 0x98363000
core   0: 0x8000c86c (0x01f149b3) xor     s3, sp, t6
core   0: 3 0x8000c86c (0x01f149b3) x19 0x7ffd54e2
core   0: 0x8000c870 (0x00000013) nop
core   0: 3 0x8000c870 (0x00000013)
core   0: 0x8000c874 (0x00000013) nop
core   0: 3 0x8000c874 (0x00000013)
core   0: 0x8000c878 (0x3b9df437) lui     s0, 0x3b9df
core   0: 3 0x8000c878 (0x3b9df437) x 8 0x3b9df000
core   0: 0x8000c87c (0x0212e063) bltu    t0, ra, pc + 32
core   0: 3 0x8000c87c (0x0212e063)
core   0: 0x8000c89c (0x00f2e433) or      s0, t0, a5
core   0: 3 0x8000c89c (0x00f2e433) x 8 0x00000001
core   0: 0x8000c8a0 (0x002dc9b3) xor     s3, s11, sp
core   0: 3 0x8000c8a0 (0x002dc9b3) x19 0x8002ae64
core   0: 0x8000c8a4 (0x01ff9c63) bne     t6, t6, pc + 24
core   0: 3 0x8000c8a4 (0x01ff9c63)
core   0: 0x8000c8a8 (0x41675533) sra     a0, a4, s6
core   0: 3 0x8000c8a8 (0x41675533) x10 0xffffffff
core   0: 0x8000c8ac (0x405906b3) sub     a3, s2, t0
core   0: 3 0x8000c8ac (0x405906b3) x13 0x00000030
core   0: 0x8000c8b0 (0xf773c093) xori    ra, t2, -137
core   0: 3 0x8000c8b0 (0xf773c093) x 1 0xffffff77
core   0: 0x8000c8b4 (0x03ba7263) bgeu    s4, s11, pc + 36
core   0: 3 0x8000c8b4 (0x03ba7263)
core   0: 0x8000c8d8 (0x013831b3) sltu    gp, a6, s3
core   0: 3 0x8000c8d8 (0x013831b3) x 3 0x00000000
core   0: 0x8000c8dc (0x007f0db3) add     s11, t5, t2
core   0: 3 0x8000c8dc (0x007f0db3) x27 0xdb86f000
core   0: 0x8000c8e0 (0x01f40633) add     a2, s0, t6
core   0: 3 0x8000c8e0 (0x01f40633) x12 0xfffffa87
core   0: 0x8000c8e4 (0x0ff0000f) fence   iorw,iorw
core   0: 3 0x8000c8e4 (0x0ff0000f)
core   0: 0x8000c8e8 (0xb7f40193) addi    gp, s0, -1153
core   0: 3 0x8000c8e8 (0xb7f40193) x 3 0xfffffb80
core   0: 0x8000c8ec (0x00255f13) srli    t5, a0, 2
core   0: 3 0x8000c8ec (0x00255f13) x30 0x3fffffff
core   0: 0x8000c8f0 (0x40daddb3) sra     s11, s5, a3
core   0: 3 0x8000c8f0 (0x40daddb3) x27 0xffffffff
core   0: 0x8000c8f4 (0x00000013) nop
core   0: 3 0x8000c8f4 (0x00000013)
core   0: 0x8000c8f8 (0x01c09413) slli    s0, ra, 28
core   0: 3 0x8000c8f8 (0x01c09413) x 8 0x70000000
core   0: 0x8000c8fc (0x03b35c63) bge     t1, s11, pc + 56
core   0: 3 0x8000c8fc (0x03b35c63)
core   0: 0x8000c934 (0x4aeec1b7) lui     gp, 0x4aeec
core   0: 3 0x8000c934 (0x4aeec1b7) x 3 0x4aeec000
core   0: 0x8000c938 (0x8df9a793) slti    a5, s3, -1825
core   0: 3 0x8000c938 (0x8df9a793) x15 0x00000001
core   0: 0x8000c93c (0x05b40063) beq     s0, s11, pc + 64
core   0: 3 0x8000c93c (0x05b40063)
core   0: 0x8000c940 (0x00000013) nop
core   0: 3 0x8000c940 (0x00000013)
core   0: 0x8000c944 (0x03e91063) bne     s2, t5, pc + 32
core   0: 3 0x8000c944 (0x03e91063)
core   0: 0x8000c964 (0x40165a93) srai    s5, a2, 1
core   0: 3 0x8000c964 (0x40165a93) x21 0xfffffd43
core   0: 0x8000c968 (0x3265f993) andi    s3, a1, 806
core   0: 3 0x8000c968 (0x3265f993) x19 0x00000024
core   0: 0x8000c96c (0x0b6bba13) sltiu   s4, s7, 182
core   0: 3 0x8000c96c (0x0b6bba13) x20 0x00000001
core   0: 0x8000c970 (0x060924b7) lui     s1, 0x6092
core   0: 3 0x8000c970 (0x060924b7) x 9 0x06092000
core   0: 0x8000c974 (0x31b0e693) ori     a3, ra, 795
core   0: 3 0x8000c974 (0x31b0e693) x13 0xffffff7f
core   0: 0x8000c978 (0xafe50313) addi    t1, a0, -1282
core   0: 3 0x8000c978 (0xafe50313) x 6 0xfffffafd
core   0: 0x8000c97c (0x40555513) srai    a0, a0, 5
core   0: 3 0x8000c97c (0x40555513) x10 0xffffffff
core   0: 0x8000c980 (0x00609233) sll     tp, ra, t1
core   0: 3 0x8000c980 (0x00609233) x 4 0xe0000000
core   0: 0x8000c984 (0x00669013) slli    zero, a3, 6
core   0: 3 0x8000c984 (0x00669013)
core   0: 0x8000c988 (0x00d8a733) slt     a4, a7, a3
core   0: 3 0x8000c988 (0x00d8a733) x14 0x00000000
core   0: 0x8000c98c (0x3f2c7c13) andi    s8, s8, 1010
core   0: 3 0x8000c98c (0x3f2c7c13) x24 0x00000000
core   0: 0x8000c990 (0x01000ab3) add     s5, zero, a6
core   0: 3 0x8000c990 (0x01000ab3) x21 0xfffffc23
core   0: 0x8000c994 (0x013500b3) add     ra, a0, s3
core   0: 3 0x8000c994 (0x013500b3) x 1 0x00000023
core   0: 0x8000c998 (0x014080b3) add     ra, ra, s4
core   0: 3 0x8000c998 (0x014080b3) x 1 0x00000024
core   0: 0x8000c99c (0x00e6abb3) slt     s7, a3, a4
core   0: 3 0x8000c99c (0x00e6abb3) x23 0x00000001
core   0: 0x8000c9a0 (0x013db4b3) sltu    s1, s11, s3
core   0: 3 0x8000c9a0 (0x013db4b3) x 9 0x00000000
core   0: 0x8000c9a4 (0x010cd6b3) srl     a3, s9, a6
core   0: 3 0x8000c9a4 (0x010cd6b3) x13 0x178866c6
core   0: 0x8000c9a8 (0x013f1fb3) sll     t6, t5, s3
core   0: 3 0x8000c9a8 (0x013f1fb3) x31 0xfffffff0
core   0: 0x8000c9ac (0x73cec093) xori    ra, t4, 1852
core   0: 3 0x8000c9ac (0x73cec093) x 1 0x0000073c
core   0: 0x8000c9b0 (0x402e5933) sra     s2, t3, sp
core   0: 3 0x8000c9b0 (0x402e5933) x18 0x00000000
core   0: 0x8000c9b4 (0x01abaa33) slt     s4, s7, s10
core   0: 3 0x8000c9b4 (0x01abaa33) x20 0x00000001
core   0: 0x8000c9b8 (0x9c3f3713) sltiu   a4, t5, -1597
core   0: 3 0x8000c9b8 (0x9c3f3713) x14 0x00000001
core   0: 0x8000c9bc (0x00dfa033) slt     zero, t6, a3
core   0: 3 0x8000c9bc (0x00dfa033)
core   0: 0x8000c9c0 (0xa0b3a713) slti    a4, t2, -1525
core   0: 3 0x8000c9c0 (0xa0b3a713) x14 0x00000000
core   0: 0x8000c9c4 (0x04607663) bgeu    zero, t1, pc + 76
core   0: 3 0x8000c9c4 (0x04607663)
core   0: 0x8000c9c8 (0xfae14f93) xori    t6, sp, -82
core   0: 3 0x8000c9c8 (0xfae14f93) x31 0x7ffd51ca
core   0: 0x8000c9cc (0x0198a733) slt     a4, a7, s9
core   0: 3 0x8000c9cc (0x0198a733) x14 0x00000000
core   0: 0x8000c9d0 (0x2f8f2513) slti    a0, t5, 760
core   0: 3 0x8000c9d0 (0x2f8f2513) x10 0x00000000
core   0: 0x8000c9d4 (0x01019093) slli    ra, gp, 16
core   0: 3 0x8000c9d4 (0x01019093) x 1 0xc0000000
core   0: 0x8000c9d8 (0x3ece6793) ori     a5, t3, 1004
core   0: 3 0x8000c9d8 (0x3ece6793) x15 0x000003ec
core   0: 0x8000c9dc (0x34802513) slti    a0, zero, 840
core   0: 3 0x8000c9dc (0x34802513) x10 0x00000001
core   0: 0x8000c9e0 (0xaaa84417) auipc   s0, 0xaaa84
core   0: 3 0x8000c9e0 (0xaaa84417) x 8 0x2aa909e0
core   0: 0x8000c9e4 (0xab892913) slti    s2, s2, -1352
core   0: 3 0x8000c9e4 (0xab892913) x18 0x00000000
core   0: 0x8000c9e8 (0x0000100f) fence.i
core   0: 3 0x8000c9e8 (0x0000100f)
core   0: 0x8000c9ec (0x0395dc63) bge     a1, s9, pc + 56
core   0: 3 0x8000c9ec (0x0395dc63)
core   0: 0x8000c9f0 (0x0000100f) fence.i
core   0: 3 0x8000c9f0 (0x0000100f)
core   0: 0x8000c9f4 (0x00dca333) slt     t1, s9, a3
core   0: 3 0x8000c9f4 (0x00dca333) x 6 0x00000001
core   0: 0x8000c9f8 (0xad22b093) sltiu   ra, t0, -1326
core   0: 3 0x8000c9f8 (0xad22b093) x 1 0x00000001
core   0: 0x8000c9fc (0x75e574b7) lui     s1, 0x75e57
core   0: 3 0x8000c9fc (0x75e574b7) x 9 0x75e57000
core   0: 0x8000ca00 (0x02cd0e63) beq     s10, a2, pc + 60
core   0: 3 0x8000ca00 (0x02cd0e63)
core   0: 0x8000ca04 (0x02a56c63) bltu    a0, a0, pc + 56
core   0: 3 0x8000ca04 (0x02a56c63)
core   0: 0x8000ca08 (0x006ed033) srl     zero, t4, t1
core   0: 3 0x8000ca08 (0x006ed033)
core   0: 0x8000ca0c (0x01649793) slli    a5, s1, 22
core   0: 3 0x8000ca0c (0x01649793) x15 0x00000000
core   0: 0x8000ca10 (0x51498317) auipc   t1, 0x51498
core   0: 3 0x8000ca10 (0x51498317) x 6 0xd14a4a10
core   0: 0x8000ca14 (0xcfc1b993) sltiu   s3, gp, -772
core   0: 3 0x8000ca14 (0xcfc1b993) x19 0x00000001
core   0: 0x8000ca18 (0x92faa913) slti    s2, s5, -1745
core   0: 3 0x8000ca18 (0x92faa913) x18 0x00000000
core   0: 0x8000ca1c (0x40170fb3) sub     t6, a4, ra
core   0: 3 0x8000ca1c (0x40170fb3) x31 0xffffffff
core   0: 0x8000ca20 (0x03ef8863) beq     t6, t5, pc + 48
core   0: 3 0x8000ca20 (0x03ef8863)
core   0: 0x8000ca24 (0x0026e663) bltu    a3, sp, pc + 12
core   0: 3 0x8000ca24 (0x0026e663)
core   0: 0x8000ca30 (0x00c4f533) and     a0, s1, a2
core   0: 3 0x8000ca30 (0x00c4f533) x10 0x75e57000
core   0: 0x8000ca34 (0x20933613) sltiu   a2, t1, 521
core   0: 3 0x8000ca34 (0x20933613) x12 0x00000000
core   0: 0x8000ca38 (0x05ef6063) bltu    t5, t5, pc + 64
core   0: 3 0x8000ca38 (0x05ef6063)
core   0: 0x8000ca3c (0xd537bf97) auipc   t6, 0xd537b
core   0: 3 0x8000ca3c (0xd537bf97) x31 0x55387a3c
core   0: 0x8000ca40 (0x279bbc97) auipc   s9, 0x279bb
core   0: 3 0x8000ca40 (0x279bbc97) x25 0xa79c7a40
core   0: 0x8000ca44 (0xf6943613) sltiu   a2, s0, -151
core   0: 3 0x8000ca44 (0xf6943613) x12 0x00000001
core   0: 0x8000ca48 (0x014fbe33) sltu    t3, t6, s4
core   0: 3 0x8000ca48 (0x014fbe33) x28 0x00000000
core   0: 0x8000ca4c (0x5d53b513) sltiu   a0, t2, 1493
core   0: 3 0x8000ca4c (0x5d53b513) x10 0x00000001
core   0: 0x8000ca50 (0x00536e63) bltu    t1, t0, pc + 28
core   0: 3 0x8000ca50 (0x00536e63)
core   0: 0x8000ca54 (0x4174d893) srai    a7, s1, 23
core   0: 3 0x8000ca54 (0x4174d893) x17 0x000000eb
core   0: 0x8000ca58 (0x009e6663) bltu    t3, s1, pc + 12
core   0: 3 0x8000ca58 (0x009e6663)
core   0: 0x8000ca64 (0xd8cd1217) auipc   tp, 0xd8cd1
core   0: 3 0x8000ca64 (0xd8cd1217) x 4 0x58cdda64
core   0: 0x8000ca68 (0x0000100f) fence.i
core   0: 3 0x8000ca68 (0x0000100f)
core   0: 0x8000ca6c (0x00b52793) slti    a5, a0, 11
core   0: 3 0x8000ca6c (0x00b52793) x15 0x00000001
core   0: 0x8000ca70 (0x008e29b3) slt     s3, t3, s0
core   0: 3 0x8000ca70 (0x008e29b3) x19 0x00000001
core   0: 0x8000ca74 (0x016b4633) xor     a2, s6, s6
core   0: 3 0x8000ca74 (0x016b4633) x12 0x00000000
core   0: 0x8000ca78 (0x96604db7) lui     s11, 0x96604
core   0: 3 0x8000ca78 (0x96604db7) x27 0x96604000
core   0: 0x8000ca7c (0x00a6da63) bge     a3, a0, pc + 20
core   0: 3 0x8000ca7c (0x00a6da63)
core   0: 0x8000ca90 (0x0ff0000f) fence   iorw,iorw
core   0: 3 0x8000ca90 (0x0ff0000f)
core   0: 0x8000ca94 (0x018c7a33) and     s4, s8, s8
core   0: 3 0x8000ca94 (0x018c7a33) x20 0x00000000
core   0: 0x8000ca98 (0x0961ea93) ori     s5, gp, 150
core   0: 3 0x8000ca98 (0x0961ea93) x21 0x4aeec096
core   0: 0x8000ca9c (0x001b5263) bge     s6, ra, pc + 4
core   0: 3 0x8000ca9c (0x001b5263)
core   0: 0x8000caa0 (0x40325533) sra     a0, tp, gp
core   0: 3 0x8000caa0 (0x40325533) x10 0x58cdda64
core   0: 0x8000caa4 (0x1c8d2d93) slti    s11, s10, 456
core   0: 3 0x8000caa4 (0x1c8d2d93) x27 0x00000000
core   0: 0x8000caa8 (0x019c3bb3) sltu    s7, s8, s9
core   0: 3 0x8000caa8 (0x019c3bb3) x23 0x00000001
core   0: 0x8000caac (0xada46513) ori     a0, s0, -1318
core   0: 3 0x8000caac (0xada46513) x10 0xfffffbfa
core   0: 0x8000cab0 (0x03748663) beq     s1, s7, pc + 44
core   0: 3 0x8000cab0 (0x03748663)
core   0: 0x8000cab4 (0x009c7933) and     s2, s8, s1
core   0: 3 0x8000cab4 (0x009c7933) x18 0x00000000
core   0: 0x8000cab8 (0x01b87863) bgeu    a6, s11, pc + 16
core   0: 3 0x8000cab8 (0x01b87863)
core   0: 0x8000cac8 (0x00000013) nop
core   0: 3 0x8000cac8 (0x00000013)
core   0: 0x8000cacc (0x010d5bb3) srl     s7, s10, a6
core   0: 3 0x8000cacc (0x010d5bb3) x23 0x00000061
core   0: 0x8000cad0 (0x006e7863) bgeu    t3, t1, pc + 16
core   0: 3 0x8000cad0 (0x006e7863)
core   0: 0x8000cad4 (0x41f78eb3) sub     t4, a5, t6
core   0: 3 0x8000cad4 (0x41f78eb3) x29 0xaac785c5
core   0: 0x8000cad8 (0xe8ad8813) addi    a6, s11, -374
core   0: 3 0x8000cad8 (0xe8ad8813) x16 0xfffffe8a
core   0: 0x8000cadc (0x0ff0000f) fence   iorw,iorw
core   0: 3 0x8000cadc (0x0ff0000f)
core   0: 0x8000cae0 (0xac706b97) auipc   s7, 0xac706
core   0: 3 0x8000cae0 (0xac706b97) x23 0x2c712ae0
core   0: 0x8000cae4 (0x0ff0000f) fence   iorw,iorw
core   0: 3 0x8000cae4 (0x0ff0000f)
core   0: 0x8000cae8 (0xe2e68313) addi    t1, a3, -466
core   0: 3 0x8000cae8 (0xe2e68313) x 6 0x178864f4
core   0: 0x8000caec (0x53be6893) ori     a7, t3, 1339
core   0: 3 0x8000caec (0x53be6893) x17 0x0000053b
core   0: 0x8000caf0 (0x005b9093) slli    ra, s7, 5
core   0: 3 0x8000caf0 (0x005b9093) x 1 0x8e255c00
core   0: 0x8000caf4 (0x01f64d33) xor     s10, a2, t6
core   0: 3 0x8000caf4 (0x01f64d33) x26 0x55387a3c
core   0: 0x8000caf8 (0x005b6533) or      a0, s6, t0
core   0: 3 0x8000caf8 (0x005b6533) x10 0xfe61bb5c
core   0: 0x8000cafc (0x03e87863) bgeu    a6, t5, pc + 48
core   0: 3 0x8000cafc (0x03e87863)
core   0: 0x8000cb2c (0x01cf6e63) bltu    t5, t3, pc + 28
core   0: 3 0x8000cb2c (0x01cf6e63)
core   0: 0x8000cb30 (0x0ff0000f) fence   iorw,iorw
core   0: 3 0x8000cb30 (0x0ff0000f)
core   0: 0x8000cb34 (0x01824e63) blt     tp, s8, pc + 28
core   0: 3 0x8000cb34 (0x01824e63)
core   0: 0x8000cb38 (0x01fd2f33) slt     t5, s10, t6
core   0: 3 0x8000cb38 (0x01fd2f33) x30 0x00000000
core   0: 0x8000cb3c (0x87b4bf93) sltiu   t6, s1, -1925
core   0: 3 0x8000cb3c (0x87b4bf93) x31 0x00000001
core   0: 0x8000cb40 (0xee5fd497) auipc   s1, 0xee5fd
core   0: 3 0x8000cb40 (0xee5fd497) x 9 0x6e609b40
core   0: 0x8000cb44 (0x0ff0000f) fence   iorw,iorw
core   0: 3 0x8000cb44 (0x0ff0000f)
core   0: 0x8000cb48 (0x6bbe2193) slti    gp, t3, 1723
core   0: 3 0x8000cb48 (0x6bbe2193) x 3 0x00000001
core   0: 0x8000cb4c (0xa3e36393) ori     t2, t1, -1474
core   0: 3 0x8000cb4c (0xa3e36393) x 7 0xfffffefe
core   0: 0x8000cb50 (0x40fd0c33) sub     s8, s10, a5
core   0: 3 0x8000cb50 (0x40fd0c33) x24 0x55387a3b
core   0: 0x8000cb54 (0x69c4bc13) sltiu   s8, s1, 1692
core   0: 3 0x8000cb54 (0x69c4bc13) x24 0x00000000
core   0: 0x8000cb58 (0x0199da13) srli    s4, s3, 25
core   0: 3 0x8000cb58 (0x0199da13) x20 0x00000000
core   0: 0x8000cb5c (0x413f5d33) sra     s10, t5, s3
core   0: 3 0x8000cb5c (0x413f5d33) x26 0x00000000
core   0: 0x8000cb60 (0x4e7e9817) auipc   a6, 0x4e7e9
core   0: 3 0x8000cb60 (0x4e7e9817) x16 0xce7f5b60
core   0: 0x8000cb64 (0x04616063) bltu    sp, t1, pc + 64
core   0: 3 0x8000cb64 (0x04616063)
core   0: 0x8000cb68 (0x00b29d93) slli    s11, t0, 11
core   0: 3 0x8000cb68 (0x00b29d93) x27 0x00000000
core   0: 0x8000cb6c (0x00e360b3) or      ra, t1, a4
core   0: 3 0x8000cb6c (0x00e360b3) x 1 0x178864f4
core   0: 0x8000cb70 (0xc4442013) slti    zero, s0, -956
core   0: 3 0x8000cb70 (0xc4442013)
core   0: 0x8000cb74 (0x048e9863) bne     t4, s0, pc + 80
core   0: 3 0x8000cb74 (0x048e9863)
core   0: 0x8000cbc4 (0x022d8e63) beq     s11, sp, pc + 60
core   0: 3 0x8000cbc4 (0x022d8e63)
core   0: 0x8000cbc8 (0x0b5f0693) addi    a3, t5, 181
core   0: 3 0x8000cbc8 (0x0b5f0693) x13 0x000000b5
core   0: 0x8000cbcc (0x01271033) sll     zero, a4, s2
core   0: 3 0x8000cbcc (0x01271033)
core   0: 0x8000cbd0 (0x009b98b3) sll     a7, s7, s1
core   0: 3 0x8000cbd0 (0x009b98b3) x17 0x2c712ae0
core   0: 0x8000cbd4 (0x0ff0000f) fence   iorw,iorw
core   0: 3 0x8000cbd4 (0x0ff0000f)
core   0: 0x8000cbd8 (0x418486b3) sub     a3, s1, s8
core   0: 3 0x8000cbd8 (0x418486b3) x13 0x6e609b40
core   0: 0x8000cbdc (0x27a73793) sltiu   a5, a4, 634
core   0: 3 0x8000cbdc (0x27a73793) x15 0x00000001
core   0: 0x8000cbe0 (0x0ff0000f) fence   iorw,iorw
core   0: 3 0x8000cbe0 (0x0ff0000f)
core   0: 0x8000cbe4 (0x0ff0000f) fence   iorw,iorw
core   0: 3 0x8000cbe4 (0x0ff0000f)
core   0: 0x8000cbe8 (0x0ff0000f) fence   iorw,iorw
core   0: 3 0x8000cbe8 (0x0ff0000f)
core   0: 0x8000cbec (0x00444533) xor     a0, s0, tp
core   0: 3 0x8000cbec (0x00444533) x10 0x7264d384
core   0: 0x8000cbf0 (0x05fa0663) beq     s4, t6, pc + 76
core   0: 3 0x8000cbf0 (0x05fa0663)
core   0: 0x8000cbf4 (0xa6178893) addi    a7, a5, -1439
core   0: 3 0x8000cbf4 (0xa6178893) x17 0xfffffa62
core   0: 0x8000cbf8 (0x01e48a63) beq     s1, t5, pc + 20
core   0: 3 0x8000cbf8 (0x01e48a63)
core   0: 0x8000cbfc (0x93091097) auipc   ra, 0x93091
core   0: 3 0x8000cbfc (0x93091097) x 1 0x1309dbfc
core   0: 0x8000cc00 (0x012f9333) sll     t1, t6, s2
core   0: 3 0x8000cc00 (0x012f9333) x 6 0x00000001
core   0: 0x8000cc04 (0x126b7497) auipc   s1, 0x126b7
core   0: 3 0x8000cc04 (0x126b7497) x 9 0x926c3c04
core   0: 0x8000cc08 (0x542c21b7) lui     gp, 0x542c2
core   0: 3 0x8000cc08 (0x542c21b7) x 3 0x542c2000
core   0: 0x8000cc0c (0x8529c613) xori    a2, s3, -1966
core   0: 3 0x8000cc0c (0x8529c613) x12 0xfffff853
core   0: 0x8000cc10 (0x00ebef33) or      t5, s7, a4
core   0: 3 0x8000cc10 (0x00ebef33) x30 0x2c712ae0
core   0: 0x8000cc14 (0x0000100f) fence.i
core   0: 3 0x8000cc14 (0x0000100f)
core   0: 0x8000cc18 (0x0ff0000f) fence   iorw,iorw
core   0: 3 0x8000cc18 (0x0ff0000f)
core   0: 0x8000cc1c (0x1bba8493) addi    s1, s5, 443
core   0: 3 0x8000cc1c (0x1bba8493) x 9 0x4aeec251
core   0: 0x8000cc20 (0x00000013) nop
core   0: 3 0x8000cc20 (0x00000013)
core   0: 0x8000cc24 (0x39a73037) lui     zero, 0x39a73
core   0: 3 0x8000cc24 (0x39a73037)
core   0: 0x8000cc28 (0x72b14f13) xori    t5, sp, 1835
core   0: 3 0x8000cc28 (0x72b14f13) x30 0x8002a94f
core   0: 0x8000cc2c (0x01339d13) slli    s10, t2, 19
core   0: 3 0x8000cc2c (0x01339d13) x26 0xf7f00000
core   0: 0x8000cc30 (0xae0eff93) andi    t6, t4, -1312
core   0: 3 0x8000cc30 (0xae0eff93) x31 0xaac780c0
core   0: 0x8000cc34 (0x003c8533) add     a0, s9, gp
core   0: 3 0x8000cc34 (0x003c8533) x10 0xfbc89a40
core   0: 0x8000cc38 (0x0190d193) srli    gp, ra, 25
core   0: 3 0x8000cc38 (0x0190d193) x 3 0x00000009
core   0: 0x8000cc3c (0x0202d663) bgez    t0, pc + 44
core   0: 3 0x8000cc3c (0x0202d663)
core   0: 0x8000cc68 (0x80bdf413) andi    s0, s11, -2037
core   0: 3 0x8000cc68 (0x80bdf413) x 8 0x00000000
core   0: 0x8000cc6c (0x02af0663) beq     t5, a0, pc + 44
core   0: 3 0x8000cc6c (0x02af0663)
core   0: 0x8000cc70 (0x05b6d063) bge     a3, s11, pc + 64
core   0: 3 0x8000cc70 (0x05b6d063)
core   0: 0x8000ccb0 (0x41395893) srai    a7, s2, 19
core   0: 3 0x8000ccb0 (0x41395893) x17 0x00000000
core   0: 0x8000ccb4 (0x01c1d533) srl     a0, gp, t3
core   0: 3 0x8000ccb4 (0x01c1d533) x10 0x00000009
core   0: 0x8000ccb8 (0x020f9863) bnez    t6, pc + 48
core   0: 3 0x8000ccb8 (0x020f9863)
core   0: 0x8000cce8 (0x407708b3) sub     a7, a4, t2
core   0: 3 0x8000cce8 (0x407708b3) x17 0x00000102
core   0: 0x8000ccec (0x01231263) bne     t1, s2, pc + 4
core   0: 3 0x8000ccec (0x01231263)
core   0: 0x8000ccf0 (0x01731093) slli    ra, t1, 23
core   0: 3 0x8000ccf0 (0x01731093) x 1 0x00800000
core   0: 0x8000ccf4 (0x412901b3) sub     gp, s2, s2
core   0: 3 0x8000ccf4 (0x412901b3) x 3 0x00000000
core   0: 0x8000ccf8 (0x05f17063) bgeu    sp, t6, pc + 64
core   0: 3 0x8000ccf8 (0x05f17063)
core   0: 0x8000ccfc (0x015e9833) sll     a6, t4, s5
core   0: 3 0x8000ccfc (0x015e9833) x16 0x71400000
core   0: 0x8000cd00 (0x0084cd33) xor     s10, s1, s0
core   0: 3 0x8000cd00 (0x0084cd33) x26 0x4aeec251
core   0: 0x8000cd04 (0x0301c263) blt     gp, a6, pc + 36
core   0: 3 0x8000cd04 (0x0301c263)
core   0: 0x8000cd28 (0xcfcb2a93) slti    s5, s6, -772
core   0: 3 0x8000cd28 (0xcfcb2a93) x21 0x00000001
core   0: 0x8000cd2c (0x0498c663) blt     a7, s1, pc + 76
core   0: 3 0x8000cd2c (0x0498c663)
core   0: 0x8000cd78 (0x014411b3) sll     gp, s0, s4
core   0: 3 0x8000cd78 (0x014411b3) x 3 0x00000000
core   0: 0x8000cd7c (0x031d1c63) bne     s10, a7, pc + 56
core   0: 3 0x8000cd7c (0x031d1c63)
core   0: 0x8000cdb4 (0x0ff0000f) fence   iorw,iorw
core   0: 3 0x8000cdb4 (0x0ff0000f)
core   0: 0x8000cdb8 (0x41e182b3) sub     t0, gp, t5
core   0: 3 0x8000cdb8 (0x41e182b3) x 5 0x7ffd56b1
core   0: 0x8000cdbc (0x01df4d33) xor     s10, t5, t4
core   0: 3 0x8000cdbc (0x01df4d33) x26 0x2ac52c8a
core   0: 0x8000cdc0 (0x67f54f93) xori    t6, a0, 1663
core   0: 3 0x8000cdc0 (0x67f54f93) x31 0x00000676
core   0: 0x8000cdc4 (0x00a01663) bne     zero, a0, pc + 12
core   0: 3 0x8000cdc4 (0x00a01663)
core   0: 0x8000cdd0 (0x9e274313) xori    t1, a4, -1566
core   0: 3 0x8000cdd0 (0x9e274313) x 6 0xfffff9e2
core   0: 0x8000cdd4 (0x0ff0000f) fence   iorw,iorw
core   0: 3 0x8000cdd4 (0x0ff0000f)
core   0: 0x8000cdd8 (0x004a8333) add     t1, s5, tp
core   0: 3 0x8000cdd8 (0x004a8333) x 6 0x58cdda65
core   0: 0x8000cddc (0xcdd61317) auipc   t1, 0xcdd61
core   0: 3 0x8000cddc (0xcdd61317) x 6 0x4dd6dddc
core   0: 0x8000cde0 (0x29084d37) lui     s10, 0x29084
core   0: 3 0x8000cde0 (0x29084d37) x26 0x29084000
core   0: 0x8000cde4 (0x005130b3) sltu    ra, sp, t0
core   0: 3 0x8000cde4 (0x005130b3) x 1 0x00000000
core   0: 0x8000cde8 (0x0144d8b3) srl     a7, s1, s4
core   0: 3 0x8000cde8 (0x0144d8b3) x17 0x4aeec251
core   0: 0x8000cdec (0x46197993) andi    s3, s2, 1121
core   0: 3 0x8000cdec (0x46197993) x19 0x00000000
core   0: 0x8000cdf0 (0x9e6da613) slti    a2, s11, -1562
core   0: 3 0x8000cdf0 (0x9e6da613) x12 0x00000000
core   0: 0x8000cdf4 (0xe328fa13) andi    s4, a7, -462
core   0: 3 0x8000cdf4 (0xe328fa13) x20 0x4aeec210
core   0: 0x8000cdf8 (0x311f6a13) ori     s4, t5, 785
core   0: 3 0x8000cdf8 (0x311f6a13) x20 0x8002ab5f
core   0: 0x8000cdfc (0x4170d993) srai    s3, ra, 23
core   0: 3 0x8000cdfc (0x4170d993) x19 0x00000000
core   0: 0x8000ce00 (0x0000100f) fence.i
core   0: 3 0x8000ce00 (0x0000100f)
core   0: 0x8000ce04 (0x84593893) sltiu   a7, s2, -1979
core   0: 3 0x8000ce04 (0x84593893) x17 0x00000001
core   0: 0x8000ce08 (0x40d507b3) sub     a5, a0, a3
core   0: 3 0x8000ce08 (0x40d507b3) x15 0x919f64c9
core   0: 0x8000ce0c (0x0427c863) blt     a5, sp, pc + 80
core   0: 3 0x8000ce0c (0x0427c863)
core   0: 0x8000ce10 (0x01d19db3) sll     s11, gp, t4
core   0: 3 0x8000ce10 (0x01d19db3) x27 0x00000000
core   0: 0x8000ce14 (0xfdf1dc97) auipc   s9, 0xfdf1d
core   0: 3 0x8000ce14 (0xfdf1dc97) x25 0x7df29e14
core   0: 0x8000ce18 (0x41ba5e93) srai    t4, s4, 27
core   0: 3 0x8000ce18 (0x41ba5e93) x29 0xfffffff0
core   0: 0x8000ce1c (0xae9d8193) addi    gp, s11, -1303
core   0: 3 0x8000ce1c (0xae9d8193) x 3 0xfffffae9
core   0: 0x8000ce20 (0x0000100f) fence.i
core   0: 3 0x8000ce20 (0x0000100f)
core   0: 0x8000ce24 (0x0010ac33) slt     s8, ra, ra
core   0: 3 0x8000ce24 (0x0010ac33) x24 0x00000000
core   0: 0x8000ce28 (0x017eabb3) slt     s7, t4, s7
core   0: 3 0x8000ce28 (0x017eabb3) x23 0x00000001
core   0: 0x8000ce2c (0x43bea2b7) lui     t0, 0x43bea
core   0: 3 0x8000ce2c (0x43bea2b7) x 5 0x43bea000
core   0: 0x8000ce30 (0x41e8dc33) sra     s8, a7, t5
core   0: 3 0x8000ce30 (0x41e8dc33) x24 0x00000000
core   0: 0x8000ce34 (0x01f15eb3) srl     t4, sp, t6
core   0: 3 0x8000ce34 (0x01f15eb3) x29 0x00000200
core   0: 0x8000ce38 (0x029a0863) beq     s4, s1, pc + 48
core   0: 3 0x8000ce38 (0x029a0863)
core   0: 0x8000ce3c (0x804c1017) auipc   zero, 0x804c1
core   0: 3 0x8000ce3c (0x804c1017)
core   0: 0x8000ce40 (0x00563833) sltu    a6, a2, t0
core   0: 3 0x8000ce40 (0x00563833) x16 0x00000001
core   0: 0x8000ce44 (0x03474063) blt     a4, s4, pc + 32
core   0: 3 0x8000ce44 (0x03474063)
core   0: 0x8000ce48 (0x01d79913) slli    s2, a5, 29
core   0: 3 0x8000ce48 (0x01d79913) x18 0x20000000
core   0: 0x8000ce4c (0xee0ca413) slti    s0, s9, -288
core   0: 3 0x8000ce4c (0xee0ca413) x 8 0x00000000
core   0: 0x8000ce50 (0x0d2ee193) ori     gp, t4, 210
core   0: 3 0x8000ce50 (0x0d2ee193) x 3 0x000002d2
core   0: 0x8000ce54 (0x00000013) nop
core   0: 3 0x8000ce54 (0x00000013)
core   0: 0x8000ce58 (0x41f500b3) sub     ra, a0, t6
core   0: 3 0x8000ce58 (0x41f500b3) x 1 0xfffff993
core   0: 0x8000ce5c (0x01d98e63) beq     s3, t4, pc + 28
core   0: 3 0x8000ce5c (0x01d98e63)
core   0: 0x8000ce60 (0x0194d2b3) srl     t0, s1, s9
core   0: 3 0x8000ce60 (0x0194d2b3) x 5 0x000004ae
core   0: 0x8000ce64 (0xb0f7b793) sltiu   a5, a5, -1265
core   0: 3 0x8000ce64 (0xb0f7b793) x15 0x00000001
core   0: 0x8000ce68 (0x0ff0000f) fence   iorw,iorw
core   0: 3 0x8000ce68 (0x0ff0000f)
core   0: 0x8000ce6c (0x0ff0000f) fence   iorw,iorw
core   0: 3 0x8000ce6c (0x0ff0000f)
core   0: 0x8000ce70 (0xe85d0213) addi    tp, s10, -379
core   0: 3 0x8000ce70 (0xe85d0213) x 4 0x29083e85
core   0: 0x8000ce74 (0x00570f33) add     t5, a4, t0
core   0: 3 0x8000ce74 (0x00570f33) x30 0x000004ae
core   0: 0x8000ce78 (0x5d0dd517) auipc   a0, 0x5d0dd
core   0: 3 0x8000ce78 (0x5d0dd517) x10 0xdd0e9e78
core   0: 0x8000ce7c (0x006a51b3) srl     gp, s4, t1
core   0: 3 0x8000ce7c (0x006a51b3) x 3 0x00000008
core   0: 0x8000ce80 (0x011cf7b3) and     a5, s9, a7
core   0: 3 0x8000ce80 (0x011cf7b3) x15 0x00000000
core   0: 0x8000ce84 (0x40ba5f33) sra     t5, s4, a1
core   0: 3 0x8000ce84 (0x40ba5f33) x30 0xf8002ab5
core   0: 0x8000ce88 (0x015d59b3) srl     s3, s10, s5
core   0: 3 0x8000ce88 (0x015d59b3) x19 0x14842000
core   0: 0x8000ce8c (0xae23e393) ori     t2, t2, -1310
core   0: 3 0x8000ce8c (0xae23e393) x 7 0xfffffefe
core   0: 0x8000ce90 (0x01b11db3) sll     s11, sp, s11
core   0: 3 0x8000ce90 (0x01b11db3) x27 0x8002ae64
core   0: 0x8000ce94 (0x01935693) srli    a3, t1, 25
core   0: 3 0x8000ce94 (0x01935693) x13 0x00000026
core   0: 0x8000ce98 (0x004953b3) srl     t2, s2, tp
core   0: 3 0x8000ce98 (0x004953b3) x 7 0x01000000
core   0: 0x8000ce9c (0x0ff0000f) fence   iorw,iorw
core   0: 3 0x8000ce9c (0x0ff0000f)
core   0: 0x8000cea0 (0x00d04333) xor     t1, zero, a3
core   0: 3 0x8000cea0 (0x00d04333) x 6 0x00000026
core   0: 0x8000cea4 (0x019ab1b3) sltu    gp, s5, s9
core   0: 3 0x8000cea4 (0x019ab1b3) x 3 0x00000001
core   0: 0x8000cea8 (0xb4c2a693) slti    a3, t0, -1204
core   0: 3 0x8000cea8 (0xb4c2a693) x13 0x00000000
core   0: 0x8000ceac (0x01091933) sll     s2, s2, a6
core   0: 3 0x8000ceac (0x01091933) x18 0x40000000
core   0: 0x8000ceb0 (0xa9fba493) slti    s1, s7, -1377
core   0: 3 0x8000ceb0 (0xa9fba493) x 9 0x00000000
core   0: 0x8000ceb4 (0x0000100f) fence.i
core   0: 3 0x8000ceb4 (0x0000100f)
core   0: 0x8000ceb8 (0x5810ae93) slti    t4, ra, 1409
core   0: 3 0x8000ceb8 (0x5810ae93) x29 0x00000001
core   0: 0x8000cebc (0x004bd433) srl     s0, s7, tp
core   0: 3 0x8000cebc (0x004bd433) x 8 0x00000000
core   0: 0x8000cec0 (0x0000100f) fence.i
core   0: 3 0x8000cec0 (0x0000100f)
core   0: 0x8000cec4 (0x05fc4063) blt     s8, t6, pc + 64
core   0: 3 0x8000cec4 (0x05fc4063)
core   0: 0x8000cf04 (0x00718a63) beq     gp, t2, pc + 20
core   0: 3 0x8000cf04 (0x00718a63)
core   0: 0x8000cf08 (0x401bd693) srai    a3, s7, 1
core   0: 3 0x8000cf08 (0x401bd693) x13 0x00000000
core   0: 0x8000cf0c (0x014b59b3) srl     s3, s6, s4
core   0: 3 0x8000cf0c (0x014b59b3) x19 0x00000001
core   0: 0x8000cf10 (0x01e45863) bge     s0, t5, pc + 16
core   0: 3 0x8000cf10 (0x01e45863)
core   0: 0x8000cf20 (0x018b1433) sll     s0, s6, s8
core   0: 3 0x8000cf20 (0x018b1433) x 8 0xfe61bb5c
core   0: 0x8000cf24 (0x016b7393) andi    t2, s6, 22
core   0: 3 0x8000cf24 (0x016b7393) x 7 0x00000014
core   0: 0x8000cf28 (0x0000100f) fence.i
core   0: 3 0x8000cf28 (0x0000100f)
core   0: 0x8000cf2c (0x312a2493) slti    s1, s4, 786
core   0: 3 0x8000cf2c (0x312a2493) x 9 0x00000001
core   0: 0x8000cf30 (0x4057ddb3) sra     s11, a5, t0
core   0: 3 0x8000cf30 (0x4057ddb3) x27 0x00000000
core   0: 0x8000cf34 (0x6b3f8193) addi    gp, t6, 1715
core   0: 3 0x8000cf34 (0x6b3f8193) x 3 0x00000d29
core   0: 0x8000cf38 (0x015adbb3) srl     s7, s5, s5
core   0: 3 0x8000cf38 (0x015adbb3) x23 0x00000000
core   0: 0x8000cf3c (0x2cf63993) sltiu   s3, a2, 719
core   0: 3 0x8000cf3c (0x2cf63993) x19 0x00000001
core   0: 0x8000cf40 (0x01ac5db3) srl     s11, s8, s10
core   0: 3 0x8000cf40 (0x01ac5db3) x27 0x00000000
core   0: 0x8000cf44 (0x02564063) blt     a2, t0, pc + 32
core   0: 3 0x8000cf44 (0x02564063)
core   0: 0x8000cf64 (0x411b59b3) sra     s3, s6, a7
core   0: 3 0x8000cf64 (0x411b59b3) x19 0xff30ddae
core   0: 0x8000cf68 (0x002cca63) blt     s9, sp, pc + 20
core   0: 3 0x8000cf68 (0x002cca63)
core   0: 0x8000cf6c (0x2bcb4993) xori    s3, s6, 700
core   0: 3 0x8000cf6c (0x2bcb4993) x19 0xfe61b9e0
core   0: 0x8000cf70 (0x02bb0e63) beq     s6, a1, pc + 60
core   0: 3 0x8000cf70 (0x02bb0e63)
core   0: 0x8000cf74 (0x016dba33) sltu    s4, s11, s6
core   0: 3 0x8000cf74 (0x016dba33) x20 0x00000001
core   0: 0x8000cf78 (0x010f5633) srl     a2, t5, a6
core   0: 3 0x8000cf78 (0x010f5633) x12 0x7c00155a
core   0: 0x8000cf7c (0x995be493) ori     s1, s7, -1643
core   0: 3 0x8000cf7c (0x995be493) x 9 0xfffff995
core   0: 0x8000cf80 (0x41fcd9b3) sra     s3, s9, t6
core   0: 3 0x8000cf80 (0x41fcd9b3) x19 0x000001f7
core   0: 0x8000cf84 (0x814ead93) slti    s11, t4, -2028
core   0: 3 0x8000cf84 (0x814ead93) x27 0x00000000
core   0: 0x8000cf88 (0x00c31c33) sll     s8, t1, a2
core   0: 3 0x8000cf88 (0x00c31c33) x24 0x98000000
core   0: 0x8000cf8c (0x6a6ff093) andi    ra, t6, 1702
core   0: 3 0x8000cf8c (0x6a6ff093) x 1 0x00000626
core   0: 0x8000cf90 (0x01ef2a33) slt     s4, t5, t5
core   0: 3 0x8000cf90 (0x01ef2a33) x20 0x00000000
core   0: 0x8000cf94 (0x0019a1b3) slt     gp, s3, ra
core   0: 3 0x8000cf94 (0x0019a1b3) x 3 0x00000001
core   0: 0x8000cf98 (0x0ff0000f) fence   iorw,iorw
core   0: 3 0x8000cf98 (0x0ff0000f)
core   0: 0x8000cf9c (0x40f05eb3) sra     t4, zero, a5
core   0: 3 0x8000cf9c (0x40f05eb3) x29 0x00000000
core   0: 0x8000cfa0 (0x0145b033) sltu    zero, a1, s4
core   0: 3 0x8000cfa0 (0x0145b033)
core   0: 0x8000cfa4 (0x047a0c13) addi    s8, s4, 71
core   0: 3 0x8000cfa4 (0x047a0c13) x24 0x00000047
core   0: 0x8000cfa8 (0x0017ec63) bltu    a5, ra, pc + 24
core   0: 3 0x8000cfa8 (0x0017ec63)
core   0: 0x8000cfc0 (0x36fb3213) sltiu   tp, s6, 879
core   0: 3 0x8000cfc0 (0x36fb3213) x 4 0x00000000
core   0: 0x8000cfc4 (0x01c66733) or      a4, a2, t3
core   0: 3 0x8000cfc4 (0x01c66733) x14 0x7c00155a
core   0: 0x8000cfc8 (0x00364ab3) xor     s5, a2, gp
core   0: 3 0x8000cfc8 (0x00364ab3) x21 0x7c00155b
core   0: 0x8000cfcc (0x20f978b7) lui     a7, 0x20f97
core   0: 3 0x8000cfcc (0x20f978b7) x17 0x20f97000
core   0: 0x8000cfd0 (0x00e83db3) sltu    s11, a6, a4
core   0: 3 0x8000cfd0 (0x00e83db3) x27 0x00000001
core   0: 0x8000cfd4 (0x0000100f) fence.i
core   0: 3 0x8000cfd4 (0x0000100f)
core   0: 0x8000cfd8 (0xcae67393) andi    t2, a2, -850
core   0: 3 0x8000cfd8 (0xcae67393) x 7 0x7c00140a
core   0: 0x8000cfdc (0x00c65e63) bge     a2, a2, pc + 28
core   0: 3 0x8000cfdc (0x00c65e63)
core   0: 0x8000cff8 (0x0170b1b3) sltu    gp, ra, s7
core   0: 3 0x8000cff8 (0x0170b1b3) x 3 0x00000000
core   0: 0x8000cffc (0x4235cb93) xori    s7, a1, 1059
core   0: 3 0x8000cffc (0x4235cb93) x23 0x8002e8c7
core   0: 0x8000d000 (0x0bc35e97) auipc   t4, 0xbc35
core   0: 3 0x8000d000 (0x0bc35e97) x29 0x8bc42000
core   0: 0x8000d004 (0x00000013) nop
core   0: 3 0x8000d004 (0x00000013)
core   0: 0x8000d008 (0x001c0c33) add     s8, s8, ra
core   0: 3 0x8000d008 (0x001c0c33) x24 0x0000066d
core   0: 0x8000d00c (0x008176b3) and     a3, sp, s0
core   0: 3 0x8000d00c (0x008176b3) x13 0x8000aa44
core   0: 0x8000d010 (0x34040997) auipc   s3, 0x34040
core   0: 3 0x8000d010 (0x34040997) x19 0xb404d010
core   0: 0x8000d014 (0xcb823313) sltiu   t1, tp, -840
core   0: 3 0x8000d014 (0xcb823313) x 6 0x00000001
core   0: 0x8000d018 (0x02d37663) bgeu    t1, a3, pc + 44
core   0: 3 0x8000d018 (0x02d37663)
core   0: 0x8000d01c (0x0311f863) bgeu    gp, a7, pc + 48
core   0: 3 0x8000d01c (0x0311f863)
core   0: 0x8000d020 (0x050fd063) bge     t6, a6, pc + 64
core   0: 3 0x8000d020 (0x050fd063)
core   0: 0x8000d060 (0x02b36663) bltu    t1, a1, pc + 44
core   0: 3 0x8000d060 (0x02b36663)
core   0: 0x8000d08c (0x00011393) slli    t2, sp, 0
core   0: 3 0x8000d08c (0x00011393) x 7 0x8002ae64
core   0: 0x8000d090 (0x98696337) lui     t1, 0x98696
core   0: 3 0x8000d090 (0x98696337) x 6 0x98696000
core   0: 0x8000d094 (0x01f7b1b3) sltu    gp, a5, t6
core   0: 3 0x8000d094 (0x01f7b1b3) x 3 0x00000001
core   0: 0x8000d098 (0x01adb733) sltu    a4, s11, s10
core   0: 3 0x8000d098 (0x01adb733) x14 0x00000001
core   0: 0x8000d09c (0x5e606613) ori     a2, zero, 1510
core   0: 3 0x8000d09c (0x5e606613) x12 0x000005e6
core   0: 0x8000d0a0 (0x0ff0000f) fence   iorw,iorw
core   0: 3 0x8000d0a0 (0x0ff0000f)
core   0: 0x8000d0a4 (0x001a0e63) beq     s4, ra, pc + 28
core   0: 3 0x8000d0a4 (0x001a0e63)
core   0: 0x8000d0a8 (0x00d5d663) bge     a1, a3, pc + 12
core   0: 3 0x8000d0a8 (0x00d5d663)
core   0: 0x8000d0b4 (0x01c7d533) srl     a0, a5, t3
core   0: 3 0x8000d0b4 (0x01c7d533) x10 0x00000000
core   0: 0x8000d0b8 (0x409680b3) sub     ra, a3, s1
core   0: 3 0x8000d0b8 (0x409680b3) x 1 0x8000b0af
core   0: 0x8000d0bc (0xce29ae93) slti    t4, s3, -798
core   0: 3 0x8000d0bc (0xce29ae93) x29 0x00000001
core   0: 0x8000d0c0 (0x00b50863) beq     a0, a1, pc + 16
core   0: 3 0x8000d0c0 (0x00b50863)
core   0: 0x8000d0c4 (0x016eee33) or      t3, t4, s6
core   0: 3 0x8000d0c4 (0x016eee33) x28 0xfe61bb5d
core   0: 0x8000d0c8 (0x0346e663) bltu    a3, s4, pc + 44
core   0: 3 0x8000d0c8 (0x0346e663)
core   0: 0x8000d0cc (0x00701413) slli    s0, zero, 7
core   0: 3 0x8000d0cc (0x00701413) x 8 0x00000000
core   0: 0x8000d0d0 (0x400b8d33) sub     s10, s7, zero
core   0: 3 0x8000d0d0 (0x400b8d33) x26 0x8002e8c7
core   0: 0x8000d0d4 (0x00257233) and     tp, a0, sp
core   0: 3 0x8000d0d4 (0x00257233) x 4 0x00000000
core   0: 0x8000d0d8 (0x894e3d13) sltiu   s10, t3, -1900
core   0: 3 0x8000d0d8 (0x894e3d13) x26 0x00000001
core   0: 0x8000d0dc (0xc9302b97) auipc   s7, 0xc9302
core   0: 3 0x8000d0dc (0xc9302b97) x23 0x4930f0dc
core   0: 0x8000d0e0 (0x85c7ab93) slti    s7, a5, -1956
core   0: 3 0x8000d0e0 (0x85c7ab93) x23 0x00000000
core   0: 0x8000d0e4 (0x414003b3) sub     t2, zero, s4
core   0: 3 0x8000d0e4 (0x414003b3) x 7 0x00000000
core   0: 0x8000d0e8 (0x8222f393) andi    t2, t0, -2014
core   0: 3 0x8000d0e8 (0x8222f393) x 7 0x00000022
core   0: 0x8000d0ec (0x8613f913) andi    s2, t2, -1951
core   0: 3 0x8000d0ec (0x8613f913) x18 0x00000020
core   0: 0x8000d0f0 (0x01417633) and     a2, sp, s4
core   0: 3 0x8000d0f0 (0x01417633) x12 0x00000000
core   0: 0x8000d0f4 (0x402988b3) sub     a7, s3, sp
core   0: 3 0x8000d0f4 (0x402988b3) x17 0x340221ac
core   0: 0x8000d0f8 (0x014f6533) or      a0, t5, s4
core   0: 3 0x8000d0f8 (0x014f6533) x10 0xf8002ab5
core   0: 0x8000d0fc (0x00856cb3) or      s9, a0, s0
core   0: 3 0x8000d0fc (0x00856cb3) x25 0xf8002ab5
core   0: 0x8000d100 (0x01e01093) slli    ra, zero, 30
core   0: 3 0x8000d100 (0x01e01093) x 1 0x00000000
core   0: 0x8000d104 (0x78840e93) addi    t4, s0, 1928
core   0: 3 0x8000d104 (0x78840e93) x29 0x00000788
core   0: 0x8000d108 (0x0ff0000f) fence   iorw,iorw
core   0: 3 0x8000d108 (0x0ff0000f)
core   0: 0x8000d10c (0x93d8ef93) ori     t6, a7, -1731
core   0: 3 0x8000d10c (0x93d8ef93) x31 0xfffff9bd
core   0: 0x8000d110 (0x01d63f33) sltu    t5, a2, t4
core   0: 3 0x8000d110 (0x01d63f33) x30 0x00000001
core   0: 0x8000d114 (0x0016ef13) ori     t5, a3, 1
core   0: 3 0x8000d114 (0x0016ef13) x30 0x8000aa45
core   0: 0x8000d118 (0xd1497913) andi    s2, s2, -748
core   0: 3 0x8000d118 (0xd1497913) x18 0x00000000
core   0: 0x8000d11c (0x011a21b3) slt     gp, s4, a7
core   0: 3 0x8000d11c (0x011a21b3) x 3 0x00000001
core   0: 0x8000d120 (0x0044aa33) slt     s4, s1, tp
core   0: 3 0x8000d120 (0x0044aa33) x20 0x00000001
core   0: 0x8000d124 (0x02715063) bge     sp, t2, pc + 32
core   0: 3 0x8000d124 (0x02715063)
core   0: 0x8000d128 (0x40c8d833) sra     a6, a7, a2
core   0: 3 0x8000d128 (0x40c8d833) x16 0x340221ac
core   0: 0x8000d12c (0x010f64b3) or      s1, t5, a6
core   0: 3 0x8000d12c (0x010f64b3) x 9 0xb402abed
core   0: 0x8000d130 (0x026dec63) bltu    s11, t1, pc + 56
core   0: 3 0x8000d130 (0x026dec63)
core   0: 0x8000d168 (0x415c8033) sub     zero, s9, s5
core   0: 3 0x8000d168 (0x415c8033)
core   0: 0x8000d16c (0x0286ec63) bltu    a3, s0, pc + 56
core   0: 3 0x8000d16c (0x0286ec63)
core   0: 0x8000d170 (0x0199ceb3) xor     t4, s3, s9
core   0: 3 0x8000d170 (0x0199ceb3) x29 0x4c04faa5
core   0: 0x8000d174 (0x0ff0000f) fence   iorw,iorw
core   0: 3 0x8000d174 (0x0ff0000f)
core   0: 0x8000d178 (0x003f1493) slli    s1, t5, 3
core   0: 3 0x8000d178 (0x003f1493) x 9 0x00055228
core   0: 0x8000d17c (0x0ff0000f) fence   iorw,iorw
core   0: 3 0x8000d17c (0x0ff0000f)
core   0: 0x8000d180 (0x01839293) slli    t0, t2, 24
core   0: 3 0x8000d180 (0x01839293) x 5 0x22000000
core   0: 0x8000d184 (0x04eda093) slti    ra, s11, 78
core   0: 3 0x8000d184 (0x04eda093) x 1 0x00000001
core   0: 0x8000d188 (0x8deae237) lui     tp, 0x8deae
core   0: 3 0x8000d188 (0x8deae237) x 4 0x8deae000
core   0: 0x8000d18c (0x01b2c433) xor     s0, t0, s11
core   0: 3 0x8000d18c (0x01b2c433) x 8 0x22000001
core   0: 0x8000d190 (0x0651c263) blt     gp, t0, pc + 100
core   0: 3 0x8000d190 (0x0651c263)
core   0: 0x8000d1f4 (0xea992793) slti    a5, s2, -343
core   0: 3 0x8000d1f4 (0xea992793) x15 0x00000000
core   0: 0x8000d1f8 (0x011a9d93) slli    s11, s5, 17
core   0: 3 0x8000d1f8 (0x011a9d93) x27 0x2ab60000
core   0: 0x8000d1fc (0x95f52213) slti    tp, a0, -1697
core   0: 3 0x8000d1fc (0x95f52213) x 4 0x00000001
core   0: 0x8000d200 (0x00bd2833) slt     a6, s10, a1
core   0: 3 0x8000d200 (0x00bd2833) x16 0x00000000
core   0: 0x8000d204 (0x0fcce913) ori     s2, s9, 252
core   0: 3 0x8000d204 (0x0fcce913) x18 0xf8002afd
core   0: 0x8000d208 (0x02fd7063) bgeu    s10, a5, pc + 32
core   0: 3 0x8000d208 (0x02fd7063)
core   0: 0x8000d228 (0x9b315f97) auipc   t6, 0x9b315
core   0: 3 0x8000d228 (0x9b315f97) x31 0x1b322228
core   0: 0x8000d22c (0x00044833) xor     a6, s0, zero
core   0: 3 0x8000d22c (0x00044833) x16 0x22000001
core   0: 0x8000d230 (0x01ff1a63) bne     t5, t6, pc + 20
core   0: 3 0x8000d230 (0x01ff1a63)
core   0: 0x8000d244 (0x9b0ee093) ori     ra, t4, -1616
core   0: 3 0x8000d244 (0x9b0ee093) x 1 0xfffffbb5
core   0: 0x8000d248 (0x0371f863) bgeu    gp, s7, pc + 48
core   0: 3 0x8000d248 (0x0371f863)
core   0: 0x8000d278 (0x0403c063) bltz    t2, pc + 64
core   0: 3 0x8000d278 (0x0403c063)
core   0: 0x8000d27c (0x008739b3) sltu    s3, a4, s0
core   0: 3 0x8000d27c (0x008739b3) x19 0x00000001
core   0: 0x8000d280 (0x412ed333) sra     t1, t4, s2
core   0: 3 0x8000d280 (0x412ed333) x 6 0x00000002
core   0: 0x8000d284 (0xe3aebeb7) lui     t4, 0xe3aeb
core   0: 3 0x8000d284 (0xe3aebeb7) x29 0xe3aeb000
core   0: 0x8000d288 (0x23877413) andi    s0, a4, 568
core   0: 3 0x8000d288 (0x23877413) x 8 0x00000000
core   0: 0x8000d28c (0x00bbe9b3) or      s3, s7, a1
core   0: 3 0x8000d28c (0x00bbe9b3) x19 0x8002ece4
core   0: 0x8000d290 (0x0178e533) or      a0, a7, s7
core   0: 3 0x8000d290 (0x0178e533) x10 0x340221ac
core   0: 0x8000d294 (0x6dfba313) slti    t1, s7, 1759
core   0: 3 0x8000d294 (0x6dfba313) x 6 0x00000001
core   0: 0x8000d298 (0x58508417) auipc   s0, 0x58508
core   0: 3 0x8000d298 (0x58508417) x 8 0xd8515298
core   0: 0x8000d29c (0x54704d93) xori    s11, zero, 1351
core   0: 3 0x8000d29c (0x54704d93) x27 0x00000547
core   0: 0x8000d2a0 (0x41d58333) sub     t1, a1, t4
core   0: 3 0x8000d2a0 (0x41d58333) x 6 0x9c543ce4
core   0: 0x8000d2a4 (0x00ca8a63) beq     s5, a2, pc + 20
core   0: 3 0x8000d2a4 (0x00ca8a63)
core   0: 0x8000d2a8 (0xd5cb2313) slti    t1, s6, -676
core   0: 3 0x8000d2a8 (0xd5cb2313) x 6 0x00000001
core   0: 0x8000d2ac (0x1f8a3ab7) lui     s5, 0x1f8a3
core   0: 3 0x8000d2ac (0x1f8a3ab7) x21 0x1f8a3000
core   0: 0x8000d2b0 (0x00c44533) xor     a0, s0, a2
core   0: 3 0x8000d2b0 (0x00c44533) x10 0xd8515298
core   0: 0x8000d2b4 (0x0167ca33) xor     s4, a5, s6
core   0: 3 0x8000d2b4 (0x0167ca33) x20 0xfe61bb5c
core   0: 0x8000d2b8 (0x3a3ff213) andi    tp, t6, 931
core   0: 3 0x8000d2b8 (0x3a3ff213) x 4 0x00000220
core   0: 0x8000d2bc (0x0090b033) sltu    zero, ra, s1
core   0: 3 0x8000d2bc (0x0090b033)
core   0: 0x8000d2c0 (0x01964e63) blt     a2, s9, pc + 28
core   0: 3 0x8000d2c0 (0x01964e63)
core   0: 0x8000d2c4 (0x015e8eb3) add     t4, t4, s5
core   0: 3 0x8000d2c4 (0x015e8eb3) x29 0x0338e000
core   0: 0x8000d2c8 (0xadbbfa37) lui     s4, 0xadbbf
core   0: 3 0x8000d2c8 (0xadbbfa37) x20 0xadbbf000
core   0: 0x8000d2cc (0x00184663) blt     a6, ra, pc + 12
core   0: 3 0x8000d2cc (0x00184663)
core   0: 0x8000d2d0 (0xa9990793) addi    a5, s2, -1383
core   0: 3 0x8000d2d0 (0xa9990793) x15 0xf8002596
core   0: 0x8000d2d4 (0x00ded913) srli    s2, t4, 13
core   0: 3 0x8000d2d4 (0x00ded913) x18 0x000019c7
core   0: 0x8000d2d8 (0x414f57b3) sra     a5, t5, s4
core   0: 3 0x8000d2d8 (0x414f57b3) x15 0x8000aa45
core   0: 0x8000d2dc (0x01deabb3) slt     s7, t4, t4
core   0: 3 0x8000d2dc (0x01deabb3) x23 0x00000000
core   0: 0x8000d2e0 (0x3fb90c13) addi    s8, s2, 1019
core   0: 3 0x8000d2e0 (0x3fb90c13) x24 0x00001dc2
core   0: 0x8000d2e4 (0x01c09513) slli    a0, ra, 28
core   0: 3 0x8000d2e4 (0x01c09513) x10 0x50000000
core   0: 0x8000d2e8 (0x0810f863) bgeu    ra, ra, pc + 144
core   0: 3 0x8000d2e8 (0x0810f863)
core   0: 0x8000d378 (0x02285e63) bge     a6, sp, pc + 60
core   0: 3 0x8000d378 (0x02285e63)
core   0: 0x8000d3b4 (0x00b71213) slli    tp, a4, 11
core   0: 3 0x8000d3b4 (0x00b71213) x 4 0x00000800
core   0: 0x8000d3b8 (0x0000100f) fence.i
core   0: 3 0x8000d3b8 (0x0000100f)
core   0: 0x8000d3bc (0x00b038b3) snez    a7, a1
core   0: 3 0x8000d3bc (0x00b038b3) x17 0x00000001
core   0: 0x8000d3c0 (0x01ebabb3) slt     s7, s7, t5
core   0: 3 0x8000d3c0 (0x01ebabb3) x23 0x00000000
core   0: 0x8000d3c4 (0x05578063) beq     a5, s5, pc + 64
core   0: 3 0x8000d3c4 (0x05578063)
core   0: 0x8000d3c8 (0x0566e063) bltu    a3, s6, pc + 64
core   0: 3 0x8000d3c8 (0x0566e063)
core   0: 0x8000d408 (0x015d30b3) sltu    ra, s10, s5
core   0: 3 0x8000d408 (0x015d30b3) x 1 0x00000001
core   0: 0x8000d40c (0x00534433) xor     s0, t1, t0
core   0: 3 0x8000d40c (0x00534433) x 8 0x22000001
core   0: 0x8000d410 (0x00217c33) and     s8, sp, sp
core   0: 3 0x8000d410 (0x00217c33) x24 0x8002ae64
core   0: 0x8000d414 (0x00739933) sll     s2, t2, t2
core   0: 3 0x8000d414 (0x00739933) x18 0x00000088
core   0: 0x8000d418 (0x0ff0000f) fence   iorw,iorw
core   0: 3 0x8000d418 (0x0ff0000f)
core   0: 0x8000d41c (0x00bdd8b3) srl     a7, s11, a1
core   0: 3 0x8000d41c (0x00bdd8b3) x17 0x00000054
core   0: 0x8000d420 (0x0272c063) blt     t0, t2, pc + 32
core   0: 3 0x8000d420 (0x0272c063)
core   0: 0x8000d424 (0x00d6dd93) srli    s11, a3, 13
core   0: 3 0x8000d424 (0x00d6dd93) x27 0x00040005
core   0: 0x8000d428 (0xf5433f93) sltiu   t6, t1, -172
core   0: 3 0x8000d428 (0xf5433f93) x31 0x00000001
core   0: 0x8000d42c (0x6ad3fb93) andi    s7, t2, 1709
core   0: 3 0x8000d42c (0x6ad3fb93) x23 0x00000020
core   0: 0x8000d430 (0x01849733) sll     a4, s1, s8
core   0: 3 0x8000d430 (0x01849733) x14 0x00552280
core   0: 0x8000d434 (0x002926b3) slt     a3, s2, sp
core   0: 3 0x8000d434 (0x002926b3) x13 0x00000000
core   0: 0x8000d438 (0x0000100f) fence.i
core   0: 3 0x8000d438 (0x0000100f)
core   0: 0x8000d43c (0x007c1533) sll     a0, s8, t2
core   0: 3 0x8000d43c (0x007c1533) x10 0x000ab990
core   0: 0x8000d440 (0x00000013) nop
core   0: 3 0x8000d440 (0x00000013)
core   0: 0x8000d444 (0x41708db3) sub     s11, ra, s7
core   0: 3 0x8000d444 (0x41708db3) x27 0xffffffe1
core   0: 0x8000d448 (0x6b1d6f13) ori     t5, s10, 1713
core   0: 3 0x8000d448 (0x6b1d6f13) x30 0x000006b1
core   0: 0x8000d44c (0x03bf4c63) blt     t5, s11, pc + 56
core   0: 3 0x8000d44c (0x03bf4c63)
core   0: 0x8000d450 (0x679fbd93) sltiu   s11, t6, 1657
core   0: 3 0x8000d450 (0x679fbd93) x27 0x00000001
core   0: 0x8000d454 (0x01699663) bne     s3, s6, pc + 12
core   0: 3 0x8000d454 (0x01699663)
core   0: 0x8000d460 (0x00de9933) sll     s2, t4, a3
core   0: 3 0x8000d460 (0x00de9933) x18 0x0338e000
core   0: 0x8000d464 (0x019eea33) or      s4, t4, s9
core   0: 3 0x8000d464 (0x019eea33) x20 0xfb38eab5
core   0: 0x8000d468 (0x7accc413) xori    s0, s9, 1964
core   0: 3 0x8000d468 (0x7accc413) x 8 0xf8002d19
core   0: 0x8000d46c (0x00d9f9b3) and     s3, s3, a3
core   0: 3 0x8000d46c (0x00d9f9b3) x19 0x00000000
core   0: 0x8000d470 (0x01920bb3) add     s7, tp, s9
core   0: 3 0x8000d470 (0x01920bb3) x23 0xf80032b5
core   0: 0x8000d474 (0xca5e6493) ori     s1, t3, -859
core   0: 3 0x8000d474 (0xca5e6493) x 9 0xfffffffd
core   0: 0x8000d478 (0x9fbd3913) sltiu   s2, s10, -1541
core   0: 3 0x8000d478 (0x9fbd3913) x18 0x00000001
core   0: 0x8000d47c (0x057c1063) bne     s8, s7, pc + 64
core   0: 3 0x8000d47c (0x057c1063)
core   0: 0x8000d4bc (0x011d1333) sll     t1, s10, a7
core   0: 3 0x8000d4bc (0x011d1333) x 6 0x00100000
core   0: 0x8000d4c0 (0x008cafb3) slt     t6, s9, s0
core   0: 3 0x8000d4c0 (0x008cafb3) x31 0x00000001
core   0: 0x8000d4c4 (0x413f8ab3) sub     s5, t6, s3
core   0: 3 0x8000d4c4 (0x413f8ab3) x21 0x00000001
core   0: 0x8000d4c8 (0x04d47663) bgeu    s0, a3, pc + 76
core   0: 3 0x8000d4c8 (0x04d47663)
core   0: 0x8000d514 (0x403589b3) sub     s3, a1, gp
core   0: 3 0x8000d514 (0x403589b3) x19 0x8002ece3
core   0: 0x8000d518 (0x400bd4b3) sra     s1, s7, zero
core   0: 3 0x8000d518 (0x400bd4b3) x 9 0xf80032b5
core   0: 0x8000d51c (0x64c97f93) andi    t6, s2, 1612
core   0: 3 0x8000d51c (0x64c97f93) x31 0x00000000
core   0: 0x8000d520 (0xfa55c793) xori    a5, a1, -91
core   0: 3 0x8000d520 (0xfa55c793) x15 0x7ffd1341
core   0: 0x8000d524 (0x00b05e33) srl     t3, zero, a1
core   0: 3 0x8000d524 (0x00b05e33) x28 0x00000000
core   0: 0x8000d528 (0x01f357b3) srl     a5, t1, t6
core   0: 3 0x8000d528 (0x01f357b3) x15 0x00100000
core   0: 0x8000d52c (0x023b8663) beq     s7, gp, pc + 44
core   0: 3 0x8000d52c (0x023b8663)
core   0: 0x8000d530 (0x8aa309b7) lui     s3, 0x8aa30
core   0: 3 0x8000d530 (0x8aa309b7) x19 0x8aa30000
core   0: 0x8000d534 (0x0ff0000f) fence   iorw,iorw
core   0: 3 0x8000d534 (0x0ff0000f)
core   0: 0x8000d538 (0x00b3b333) sltu    t1, t2, a1
core   0: 3 0x8000d538 (0x00b3b333) x 6 0x00000001
core   0: 0x8000d53c (0x01fbdc93) srli    s9, s7, 31
core   0: 3 0x8000d53c (0x01fbdc93) x25 0x00000001
core   0: 0x8000d540 (0x01b41293) slli    t0, s0, 27
core   0: 3 0x8000d540 (0x01b41293) x 5 0xc8000000
core   0: 0x8000d544 (0xb606fc93) andi    s9, a3, -1184
core   0: 3 0x8000d544 (0xb606fc93) x25 0x00000000
core   0: 0x8000d548 (0x0a7fbf93) sltiu   t6, t6, 167
core   0: 3 0x8000d548 (0x0a7fbf93) x31 0x00000001
core   0: 0x8000d54c (0x012e37b3) sltu    a5, t3, s2
core   0: 3 0x8000d54c (0x012e37b3) x15 0x00000001
core   0: 0x8000d550 (0x000cdbb3) srl     s7, s9, zero
core   0: 3 0x8000d550 (0x000cdbb3) x23 0x00000000
core   0: 0x8000d554 (0x01fba633) slt     a2, s7, t6
core   0: 3 0x8000d554 (0x01fba633) x12 0x00000001
core   0: 0x8000d558 (0x0399fc63) bgeu    s3, s9, pc + 56
core   0: 3 0x8000d558 (0x0399fc63)
core   0: 0x8000d590 (0x0ff0000f) fence   iorw,iorw
core   0: 3 0x8000d590 (0x0ff0000f)
core   0: 0x8000d594 (0x48f9fc17) auipc   s8, 0x48f9f
core   0: 3 0x8000d594 (0x48f9fc17) x24 0xc8fac594
core   0: 0x8000d598 (0x00a77633) and     a2, a4, a0
core   0: 3 0x8000d598 (0x00a77633) x12 0x00002080
core   0: 0x8000d59c (0xab6f2613) slti    a2, t5, -1354
core   0: 3 0x8000d59c (0xab6f2613) x12 0x00000000
core   0: 0x8000d5a0 (0x010ba2b3) slt     t0, s7, a6
core   0: 3 0x8000d5a0 (0x010ba2b3) x 5 0x00000001
core   0: 0x8000d5a4 (0x0000100f) fence.i
core   0: 3 0x8000d5a4 (0x0000100f)
core   0: 0x8000d5a8 (0xde1e8293) addi    t0, t4, -543
core   0: 3 0x8000d5a8 (0xde1e8293) x 5 0x0338dde1
core   0: 0x8000d5ac (0x41afd233) sra     tp, t6, s10
core   0: 3 0x8000d5ac (0x41afd233) x 4 0x00000000
core   0: 0x8000d5b0 (0x0134de33) srl     t3, s1, s3
core   0: 3 0x8000d5b0 (0x0134de33) x28 0xf80032b5
core   0: 0x8000d5b4 (0x0147d393) srli    t2, a5, 20
core   0: 3 0x8000d5b4 (0x0147d393) x 7 0x00000000
core   0: 0x8000d5b8 (0x00000013) nop
core   0: 3 0x8000d5b8 (0x00000013)
core   0: 0x8000d5bc (0xca6f4cb7) lui     s9, 0xca6f4
core   0: 3 0x8000d5bc (0xca6f4cb7) x25 0xca6f4000
core   0: 0x8000d5c0 (0x0000100f) fence.i
core   0: 3 0x8000d5c0 (0x0000100f)
core   0: 0x8000d5c4 (0x0000100f) fence.i
core   0: 3 0x8000d5c4 (0x0000100f)
core   0: 0x8000d5c8 (0x00000013) nop
core   0: 3 0x8000d5c8 (0x00000013)
core   0: 0x8000d5cc (0x02e9c663) blt     s3, a4, pc + 44
core   0: 3 0x8000d5cc (0x02e9c663)
core   0: 0x8000d5f8 (0x01ba9733) sll     a4, s5, s11
core   0: 3 0x8000d5f8 (0x01ba9733) x14 0x00000002
core   0: 0x8000d5fc (0x00b99713) slli    a4, s3, 11
core   0: 3 0x8000d5fc (0x00b99713) x14 0x18000000
core   0: 0x8000d600 (0x009859b3) srl     s3, a6, s1
core   0: 3 0x8000d600 (0x009859b3) x19 0x00000110
core   0: 0x8000d604 (0xa3c43813) sltiu   a6, s0, -1476
core   0: 3 0x8000d604 (0xa3c43813) x16 0x00000001
core   0: 0x8000d608 (0x00831cb3) sll     s9, t1, s0
core   0: 3 0x8000d608 (0x00831cb3) x25 0x02000000
core   0: 0x8000d60c (0x0000100f) fence.i
core   0: 3 0x8000d60c (0x0000100f)
core   0: 0x8000d610 (0x00627ab3) and     s5, tp, t1
core   0: 3 0x8000d610 (0x00627ab3) x21 0x00000000
core   0: 0x8000d614 (0xa486c213) xori    tp, a3, -1464
core   0: 3 0x8000d614 (0xa486c213) x 4 0xfffffa48
core   0: 0x8000d618 (0x00811e63) bne     sp, s0, pc + 28
core   0: 3 0x8000d618 (0x00811e63)
core   0: 0x8000d634 (0x00629d33) sll     s10, t0, t1
core   0: 3 0x8000d634 (0x00629d33) x26 0x0671bbc2
core   0: 0x8000d638 (0x8a21b293) sltiu   t0, gp, -1886
core   0: 3 0x8000d638 (0x8a21b293) x 5 0x00000001
core   0: 0x8000d63c (0x01ce2833) slt     a6, t3, t3
core   0: 3 0x8000d63c (0x01ce2833) x16 0x00000000
core   0: 0x8000d640 (0x64aa36b7) lui     a3, 0x64aa3
core   0: 3 0x8000d640 (0x64aa36b7) x13 0x64aa3000
core   0: 0x8000d644 (0xe4334b93) xori    s7, t1, -445
core   0: 3 0x8000d644 (0xe4334b93) x23 0xfffffe42
core   0: 0x8000d648 (0x002ebf33) sltu    t5, t4, sp
core   0: 3 0x8000d648 (0x002ebf33) x30 0x00000001
core   0: 0x8000d64c (0x40a8d933) sra     s2, a7, a0
core   0: 3 0x8000d64c (0x40a8d933) x18 0x00000000
core   0: 0x8000d650 (0x9df53293) sltiu   t0, a0, -1569
core   0: 3 0x8000d650 (0x9df53293) x 5 0x00000001
core   0: 0x8000d654 (0x00008697) auipc   a3, 0x8
core   0: 3 0x8000d654 (0x00008697) x13 0x80015654
core   0: 0x8000d658 (0x11068693) addi    a3, a3, 272
core   0: 3 0x8000d658 (0x11068693) x13 0x80015764
core   0: 0x8000d65c (0x530b9a17) auipc   s4, 0x530b9
core   0: 3 0x8000d65c (0x530b9a17) x20 0xd30c665c
core   0: 0x8000d660 (0x0124aab3) slt     s5, s1, s2
core   0: 3 0x8000d660 (0x0124aab3) x21 0x00000001
core   0: 0x8000d664 (0x001687a3) sb      ra, 15(a3)
core   0: 3 0x8000d664 (0x001687a3) mem 0x80015773 0x1
core   0: 0x8000d668 (0x0006a803) lw      a6, 0(a3)
core   0: 3 0x8000d668 (0x0006a803) x16 0xd282ad70 mem 0x80015764
core   0: 0x8000d66c (0x0056c703) lbu     a4, 5(a3)
core   0: 3 0x8000d66c (0x0056c703) x14 0x00000000 mem 0x80015769
core   0: 0x8000d670 (0x0056c903) lbu     s2, 5(a3)
core   0: 3 0x8000d670 (0x0056c903) x18 0x00000000 mem 0x80015769
core   0: 0x8000d674 (0x6cd97f13) andi    t5, s2, 1741
core   0: 3 0x8000d674 (0x6cd97f13) x30 0x00000000
core   0: 0x8000d678 (0x76630a93) addi    s5, t1, 1894
core   0: 3 0x8000d678 (0x76630a93) x21 0x00000767
core   0: 0x8000d67c (0x0056c003) lbu     zero, 5(a3)
core   0: 3 0x8000d67c (0x0056c003) mem 0x80015769
core   0: 0x8000d680 (0x00b77433) and     s0, a4, a1
core   0: 3 0x8000d680 (0x00b77433) x 8 0x00000000
core   0: 0x8000d684 (0x0056c483) lbu     s1, 5(a3)
core   0: 3 0x8000d684 (0x0056c483) x 9 0x00000000 mem 0x80015769
core   0: 0x8000d688 (0x00568f83) lb      t6, 5(a3)
core   0: 3 0x8000d688 (0x00568f83) x31 0x00000000 mem 0x80015769
core   0: 0x8000d68c (0x00568983) lb      s3, 5(a3)
core   0: 3 0x8000d68c (0x00568983) x19 0x00000000 mem 0x80015769
core   0: 0x8000d690 (0x002ea7b3) slt     a5, t4, sp
core   0: 3 0x8000d690 (0x002ea7b3) x15 0x00000000
core   0: 0x8000d694 (0x00a682a3) sb      a0, 5(a3)
core   0: 3 0x8000d694 (0x00a682a3) mem 0x80015769 0x90
core   0: 0x8000d698 (0x0ff0000f) fence   iorw,iorw
core   0: 3 0x8000d698 (0x0ff0000f)
core   0: 0x8000d69c (0x00568803) lb      a6, 5(a3)
core   0: 3 0x8000d69c (0x00568803) x16 0xffffff90 mem 0x80015769
core   0: 0x8000d6a0 (0x002ed633) srl     a2, t4, sp
core   0: 3 0x8000d6a0 (0x002ed633) x12 0x00338e00
core   0: 0x8000d6a4 (0x41728933) sub     s2, t0, s7
core   0: 3 0x8000d6a4 (0x41728933) x18 0x000001bf
core   0: 0x8000d6a8 (0x00000013) nop
core   0: 3 0x8000d6a8 (0x00000013)
core   0: 0x8000d6ac (0x003bf933) and     s2, s7, gp
core   0: 3 0x8000d6ac (0x003bf933) x18 0x00000000
core   0: 0x8000d6b0 (0x002a0c63) beq     s4, sp, pc + 24
core   0: 3 0x8000d6b0 (0x002a0c63)
core   0: 0x8000d6b4 (0x015b20b3) slt     ra, s6, s5
core   0: 3 0x8000d6b4 (0x015b20b3) x 1 0x00000001
core   0: 0x8000d6b8 (0x00880e63) beq     a6, s0, pc + 28
core   0: 3 0x8000d6b8 (0x00880e63)
core   0: 0x8000d6bc (0x0ff0000f) fence   iorw,iorw
core   0: 3 0x8000d6bc (0x0ff0000f)
core   0: 0x8000d6c0 (0x0000100f) fence.i
core   0: 3 0x8000d6c0 (0x0000100f)
core   0: 0x8000d6c4 (0x000d92b3) sll     t0, s11, zero
core   0: 3 0x8000d6c4 (0x000d92b3) x 5 0x00000001
core   0: 0x8000d6c8 (0x00575a33) srl     s4, a4, t0
core   0: 3 0x8000d6c8 (0x00575a33) x20 0x00000000
core   0: 0x8000d6cc (0x01d2feb3) and     t4, t0, t4
core   0: 3 0x8000d6cc (0x01d2feb3) x29 0x00000000
core   0: 0x8000d6d0 (0x0000100f) fence.i
core   0: 3 0x8000d6d0 (0x0000100f)
core   0: 0x8000d6d4 (0x0000100f) fence.i
core   0: 3 0x8000d6d4 (0x0000100f)
core   0: 0x8000d6d8 (0x03a48e63) beq     s1, s10, pc + 60
core   0: 3 0x8000d6d8 (0x03a48e63)
core   0: 0x8000d6dc (0x40110db3) sub     s11, sp, ra
core   0: 3 0x8000d6dc (0x40110db3) x27 0x8002ae63
core   0: 0x8000d6e0 (0x45ba7937) lui     s2, 0x45ba7
core   0: 3 0x8000d6e0 (0x45ba7937) x18 0x45ba7000
core   0: 0x8000d6e4 (0x031d4a63) blt     s10, a7, pc + 52
core   0: 3 0x8000d6e4 (0x031d4a63)
core   0: 0x8000d6e8 (0x00259e63) bne     a1, sp, pc + 28
core   0: 3 0x8000d6e8 (0x00259e63)
core   0: 0x8000d704 (0x005c1bb3) sll     s7, s8, t0
core   0: 3 0x8000d704 (0x005c1bb3) x23 0x91f58b28
core   0: 0x8000d708 (0x02919063) bne     gp, s1, pc + 32
core   0: 3 0x8000d708 (0x02919063)
core   0: 0x8000d728 (0x02904663) blt     zero, s1, pc + 44
core   0: 3 0x8000d728 (0x02904663)
core   0: 0x8000d72c (0x8ad7eab7) lui     s5, 0x8ad7e
core   0: 3 0x8000d72c (0x8ad7eab7) x21 0x8ad7e000
core   0: 0x8000d730 (0x01519b93) slli    s7, gp, 21
core   0: 3 0x8000d730 (0x01519b93) x23 0x00200000
core   0: 0x8000d734 (0x01af0333) add     t1, t5, s10
core   0: 3 0x8000d734 (0x01af0333) x 6 0x0671bbc2
core   0: 0x8000d738 (0x71327213) andi    tp, tp, 1811
core   0: 3 0x8000d738 (0x71327213) x 4 0x00000200
core   0: 0x8000d73c (0x43350213) addi    tp, a0, 1075
core   0: 3 0x8000d73c (0x43350213) x 4 0x000abdc3
core   0: 0x8000d740 (0x015b86b3) add     a3, s7, s5
core   0: 3 0x8000d740 (0x015b86b3) x13 0x8af7e000
core   0: 0x8000d744 (0xa53c5197) auipc   gp, 0xa53c5
core   0: 3 0x8000d744 (0xa53c5197) x 3 0x253d2744
core   0: 0x8000d748 (0x4160dcb3) sra     s9, ra, s6
core   0: 3 0x8000d748 (0x4160dcb3) x25 0x00000000
core   0: 0x8000d74c (0x00ec0db3) add     s11, s8, a4
core   0: 3 0x8000d74c (0x00ec0db3) x27 0xc8fac594
core   0: 0x8000d750 (0x01070293) addi    t0, a4, 16
core   0: 3 0x8000d750 (0x01070293) x 5 0x00000010
core   0: 0x8000d754 (0x09f25c63) bge     tp, t6, pc + 152
core   0: 3 0x8000d754 (0x09f25c63)
core   0: 0x8000d7ec (0x00000013) nop
core   0: 3 0x8000d7ec (0x00000013)
core   0: 0x8000d7f0 (0x00000013) nop
core   0: 3 0x8000d7f0 (0x00000013)
core   0: 0x8000d7f4 (0x7936aab7) lui     s5, 0x7936a
core   0: 3 0x8000d7f4 (0x7936aab7) x21 0x7936a000
core   0: 0x8000d7f8 (0x8afcc337) lui     t1, 0x8afcc
core   0: 3 0x8000d7f8 (0x8afcc337) x 6 0x8afcc000
core   0: 0x8000d7fc (0x8cf52c93) slti    s9, a0, -1841
core   0: 3 0x8000d7fc (0x8cf52c93) x25 0x00000000
core   0: 0x8000d800 (0x002486b3) add     a3, s1, sp
core   0: 3 0x8000d800 (0x002486b3) x13 0x8002ae64
core   0: 0x8000d804 (0x01d6e633) or      a2, a3, t4
core   0: 3 0x8000d804 (0x01d6e633) x12 0x8002ae64
core   0: 0x8000d808 (0x03cacc63) blt     s5, t3, pc + 56
core   0: 3 0x8000d808 (0x03cacc63)
core   0: 0x8000d80c (0x02230a63) beq     t1, sp, pc + 52
core   0: 3 0x8000d80c (0x02230a63)
core   0: 0x8000d810 (0x021c7c63) bgeu    s8, ra, pc + 56
core   0: 3 0x8000d810 (0x021c7c63)
core   0: 0x8000d848 (0x00911693) slli    a3, sp, 9
core   0: 3 0x8000d848 (0x00911693) x13 0x055cc800
core   0: 0x8000d84c (0x01b38f33) add     t5, t2, s11
core   0: 3 0x8000d84c (0x01b38f33) x30 0xc8fac594
core   0: 0x8000d850 (0x41f18db3) sub     s11, gp, t6
core   0: 3 0x8000d850 (0x41f18db3) x27 0x253d2744
core   0: 0x8000d854 (0x01001693) slli    a3, zero, 16
core   0: 3 0x8000d854 (0x01001693) x13 0x00000000
core   0: 0x8000d858 (0x903bab93) slti    s7, s7, -1789
core   0: 3 0x8000d858 (0x903bab93) x23 0x00000000
core   0: 0x8000d85c (0xd3f73697) auipc   a3, 0xd3f73
core   0: 3 0x8000d85c (0xd3f73697) x13 0x53f8085c
core   0: 0x8000d860 (0x282ab717) auipc   a4, 0x282ab
core   0: 3 0x8000d860 (0x282ab717) x14 0xa82b8860
core   0: 0x8000d864 (0x00e75ab3) srl     s5, a4, a4
core   0: 3 0x8000d864 (0x00e75ab3) x21 0xa82b8860
core   0: 0x8000d868 (0x0080c6b3) xor     a3, ra, s0
core   0: 3 0x8000d868 (0x0080c6b3) x13 0x00000001
core   0: 0x8000d86c (0x01268a63) beq     a3, s2, pc + 20
core   0: 3 0x8000d86c (0x01268a63)
core   0: 0x8000d870 (0xb2654417) auipc   s0, 0xb2654
core   0: 3 0x8000d870 (0xb2654417) x 8 0x32661870
core   0: 0x8000d874 (0x00ad1093) slli    ra, s10, 10
core   0: 3 0x8000d874 (0x00ad1093) x 1 0xc6ef0800
core   0: 0x8000d878 (0x00494a63) blt     s2, tp, pc + 20
core   0: 3 0x8000d878 (0x00494a63)
core   0: 0x8000d87c (0x03094863) blt     s2, a6, pc + 48
core   0: 3 0x8000d87c (0x03094863)
core   0: 0x8000d880 (0x0000100f) fence.i
core   0: 3 0x8000d880 (0x0000100f)
core   0: 0x8000d884 (0x01cdf433) and     s0, s11, t3
core   0: 3 0x8000d884 (0x01cdf433) x 8 0x20002204
core   0: 0x8000d888 (0x0020ddb3) srl     s11, ra, sp
core   0: 3 0x8000d888 (0x0020ddb3) x27 0x0c6ef080
core   0: 0x8000d88c (0x050f5063) bge     t5, a6, pc + 64
core   0: 3 0x8000d88c (0x050f5063)
core   0: 0x8000d890 (0x361b9317) auipc   t1, 0x361b9
core   0: 3 0x8000d890 (0x361b9317) x 6 0xb61c6890
core   0: 0x8000d894 (0x000896b3) sll     a3, a7, zero
core   0: 3 0x8000d894 (0x000896b3) x13 0x00000054
core   0: 0x8000d898 (0x00843733) sltu    a4, s0, s0
core   0: 3 0x8000d898 (0x00843733) x14 0x00000000
core   0: 0x8000d89c (0x01d049b3) xor     s3, zero, t4
core   0: 3 0x8000d89c (0x01d049b3) x19 0x00000000
core   0: 0x8000d8a0 (0x0ff0000f) fence   iorw,iorw
core   0: 3 0x8000d8a0 (0x0ff0000f)
core   0: 0x8000d8a4 (0x001cc833) xor     a6, s9, ra
core   0: 3 0x8000d8a4 (0x001cc833) x16 0xc6ef0800
core   0: 0x8000d8a8 (0x019a1393) slli    t2, s4, 25
core   0: 3 0x8000d8a8 (0x019a1393) x 7 0x00000000
core   0: 0x8000d8ac (0x04fa8863) beq     s5, a5, pc + 80
core   0: 3 0x8000d8ac (0x04fa8863)
core   0: 0x8000d8b0 (0x004e2033) slt     zero, t3, tp
core   0: 3 0x8000d8b0 (0x004e2033)
core   0: 0x8000d8b4 (0x04494663) blt     s2, tp, pc + 76
core   0: 3 0x8000d8b4 (0x04494663)
core   0: 0x8000d8b8 (0x01151f13) slli    t5, a0, 17
core   0: 3 0x8000d8b8 (0x01151f13) x30 0x73200000
core   0: 0x8000d8bc (0x036b9263) bne     s7, s6, pc + 36
core   0: 3 0x8000d8bc (0x036b9263)
core   0: 0x8000d8e0 (0x41f0ddb3) sra     s11, ra, t6
core   0: 3 0x8000d8e0 (0x41f0ddb3) x27 0xc6ef0800
core   0: 0x8000d8e4 (0x01b79b93) slli    s7, a5, 27
core   0: 3 0x8000d8e4 (0x01b79b93) x23 0x00000000
core   0: 0x8000d8e8 (0x031dc063) blt     s11, a7, pc + 32
core   0: 3 0x8000d8e8 (0x031dc063)
core   0: 0x8000d908 (0x00000013) nop
core   0: 3 0x8000d908 (0x00000013)
core   0: 0x8000d90c (0x00f320b3) slt     ra, t1, a5
core   0: 3 0x8000d90c (0x00f320b3) x 1 0x00000001
core   0: 0x8000d910 (0x012a3bb3) sltu    s7, s4, s2
core   0: 3 0x8000d910 (0x012a3bb3) x23 0x00000001
core   0: 0x8000d914 (0x0000100f) fence.i
core   0: 3 0x8000d914 (0x0000100f)
core   0: 0x8000d918 (0x012d1c13) slli    s8, s10, 18
core   0: 3 0x8000d918 (0x012d1c13) x24 0xef080000
core   0: 0x8000d91c (0x041fd063) bge     t6, ra, pc + 64
core   0: 3 0x8000d91c (0x041fd063)
core   0: 0x8000d920 (0x0000100f) fence.i
core   0: 3 0x8000d920 (0x0000100f)
core   0: 0x8000d924 (0x42d89837) lui     a6, 0x42d89
core   0: 3 0x8000d924 (0x42d89837) x16 0x42d89000
core   0: 0x8000d928 (0x00f2c263) blt     t0, a5, pc + 4
core   0: 3 0x8000d928 (0x00f2c263)
core   0: 0x8000d92c (0x4786e393) ori     t2, a3, 1144
core   0: 3 0x8000d92c (0x4786e393) x 7 0x0000047c
core   0: 0x8000d930 (0x019bfe63) bgeu    s7, s9, pc + 28
core   0: 3 0x8000d930 (0x019bfe63)
core   0: 0x8000d94c (0x40f85893) srai    a7, a6, 15
core   0: 3 0x8000d94c (0x40f85893) x17 0x000085b1
core   0: 0x8000d950 (0x00fd1193) slli    gp, s10, 15
core   0: 3 0x8000d950 (0x00fd1193) x 3 0xdde10000
core   0: 0x8000d954 (0x04c0e197) auipc   gp, 0x4c0e
core   0: 3 0x8000d954 (0x04c0e197) x 3 0x84c1b954
core   0: 0x8000d958 (0x00c81c63) bne     a6, a2, pc + 24
core   0: 3 0x8000d958 (0x00c81c63)
core   0: 0x8000d970 (0x00344633) xor     a2, s0, gp
core   0: 3 0x8000d970 (0x00344633) x12 0xa4c19b50
core   0: 0x8000d974 (0x4044d233) sra     tp, s1, tp
core   0: 3 0x8000d974 (0x4044d233) x 4 0x00000000
core   0: 0x8000d978 (0x01ecdb93) srli    s7, s9, 30
core   0: 3 0x8000d978 (0x01ecdb93) x23 0x00000000
core   0: 0x8000d97c (0x00008897) auipc   a7, 0x8
core   0: 3 0x8000d97c (0x00008897) x17 0x8001597c
core   0: 0x8000d980 (0xeec88893) addi    a7, a7, -276
core   0: 3 0x8000d980 (0xeec88893) x17 0x80015868
core   0: 0x8000d984 (0x00008f17) auipc   t5, 0x8
core   0: 3 0x8000d984 (0x00008f17) x30 0x80015984
core   0: 0x8000d988 (0x6b5f0f13) addi    t5, t5, 1717
core   0: 3 0x8000d988 (0x6b5f0f13) x30 0x80016039
core   0: 0x8000d98c (0x81789423) sh      s7, -2040(a7)
core   0: 3 0x8000d98c (0x81789423) mem 0x80015070 0x0000
core   0: 0x8000d990 (0xf26f4083) lbu     ra, -218(t5)
core   0: 3 0x8000d990 (0xf26f4083) x 1 0x000000fd mem 0x80015f5f
core   0: 0x8000d994 (0xff4f0183) lb      gp, -12(t5)
core   0: 3 0x8000d994 (0xff4f0183) x 3 0xffffff83 mem 0x8001602d
core   0: 0x8000d998 (0xa578cd03) lbu     s10, -1449(a7)
core   0: 3 0x8000d998 (0xa578cd03) x26 0x00000001 mem 0x800152bf
core   0: 0x8000d99c (0xf6df0803) lb      a6, -147(t5)
core   0: 3 0x8000d99c (0xf6df0803) x16 0x00000000 mem 0x80015fa6
core   0: 0x8000d9a0 (0xcdc881a3) sb      t3, -829(a7)
core   0: 3 0x8000d9a0 (0xcdc881a3) mem 0x8001552b 0xb5
core   0: 0x8000d9a4 (0xdcc8d183) lhu     gp, -564(a7)
core   0: 3 0x8000d9a4 (0xdcc8d183) x 3 0x0000b5df mem 0x80015634
core   0: 0x8000d9a8 (0xf75f0003) lb      zero, -139(t5)
core   0: 3 0x8000d9a8 (0xf75f0003) mem 0x80015fae
core   0: 0x8000d9ac (0xf8df10a3) sh      a3, -127(t5)
core   0: 3 0x8000d9ac (0xf8df10a3) mem 0x80015fba 0x0054
core   0: 0x8000d9b0 (0xa4f89f23) sh      a5, -1442(a7)
core   0: 3 0x8000d9b0 (0xa4f89f23) mem 0x800152c6 0x0000
core   0: 0x8000d9b4 (0xfe3882a3) sb      gp, -27(a7)
core   0: 3 0x8000d9b4 (0xfe3882a3) mem 0x8001584d 0xdf
core   0: 0x8000d9b8 (0xf86f0503) lb      a0, -122(t5)
core   0: 3 0x8000d9b8 (0xf86f0503) x10 0xfffffff6 mem 0x80015fbf
core   0: 0x8000d9bc (0xcd88a183) lw      gp, -808(a7)
core   0: 3 0x8000d9bc (0xcd88a183) x 3 0xb518b32f mem 0x80015540
core   0: 0x8000d9c0 (0xfc8f0e03) lb      t3, -56(t5)
core   0: 3 0x8000d9c0 (0xfc8f0e03) x28 0x0000007f mem 0x80016001
core   0: 0x8000d9c4 (0xf0df03a3) sb      a3, -249(t5)
core   0: 3 0x8000d9c4 (0xf0df03a3) mem 0x80015f40 0x54
core   0: 0x8000d9c8 (0xde688623) sb      t1, -532(a7)
core   0: 3 0x8000d9c8 (0xde688623) mem 0x80015654 0x90
core   0: 0x8000d9cc (0xff6f0283) lb      t0, -10(t5)
core   0: 3 0x8000d9cc (0xff6f0283) x 5 0x00000009 mem 0x8001602f
core   0: 0x8000d9d0 (0x472884a3) sb      s2, 1129(a7)
core   0: 3 0x8000d9d0 (0x472884a3) mem 0x80015cd1 0x0
core   0: 0x8000d9d4 (0xfbef0e23) sb      t5, -68(t5)
core   0: 3 0x8000d9d4 (0xfbef0e23) mem 0x80015ff5 0x39
core   0: 0x8000d9d8 (0x80e96b93) ori     s7, s2, -2034
core   0: 3 0x8000d9d8 (0x80e96b93) x23 0xfffff80e
core   0: 0x8000d9dc (0x67abff97) auipc   t6, 0x67abf
core   0: 3 0x8000d9dc (0x67abff97) x31 0xe7acc9dc
core   0: 0x8000d9e0 (0x03898063) beq     s3, s8, pc + 32
core   0: 3 0x8000d9e0 (0x03898063)
core   0: 0x8000d9e4 (0xa6ab7a13) andi    s4, s6, -1430
core   0: 3 0x8000d9e4 (0xa6ab7a13) x20 0xfe61ba48
core   0: 0x8000d9e8 (0x018b07b3) add     a5, s6, s8
core   0: 3 0x8000d9e8 (0x018b07b3) x15 0xed69bb5c
core   0: 0x8000d9ec (0x8d2e8293) addi    t0, t4, -1838
core   0: 3 0x8000d9ec (0x8d2e8293) x 5 0xfffff8d2
core   0: 0x8000d9f0 (0x00a79193) slli    gp, a5, 10
core   0: 3 0x8000d9f0 (0x00a79193) x 3 0xa6ed7000
core   0: 0x8000d9f4 (0x579caf93) slti    t6, s9, 1401
core   0: 3 0x8000d9f4 (0x579caf93) x31 0x00000001
core   0: 0x8000d9f8 (0x00000013) nop
core   0: 3 0x8000d9f8 (0x00000013)
core   0: 0x8000d9fc (0x001a3933) sltu    s2, s4, ra
core   0: 3 0x8000d9fc (0x001a3933) x18 0x00000000
core   0: 0x8000da00 (0x0000100f) fence.i
core   0: 3 0x8000da00 (0x0000100f)
core   0: 0x8000da04 (0x41896013) ori     zero, s2, 1048
core   0: 3 0x8000da04 (0x41896013)
core   0: 0x8000da08 (0x0132f1b3) and     gp, t0, s3
core   0: 3 0x8000da08 (0x0132f1b3) x 3 0x00000000
core   0: 0x8000da0c (0x03eed863) bge     t4, t5, pc + 48
core   0: 3 0x8000da0c (0x03eed863)
core   0: 0x8000da3c (0x00000013) nop
core   0: 3 0x8000da3c (0x00000013)
core   0: 0x8000da40 (0x49d5b793) sltiu   a5, a1, 1181
core   0: 3 0x8000da40 (0x49d5b793) x15 0x00000000
core   0: 0x8000da44 (0x01f15ab3) srl     s5, sp, t6
core   0: 3 0x8000da44 (0x01f15ab3) x21 0x40015732
core   0: 0x8000da48 (0x013b44b3) xor     s1, s6, s3
core   0: 3 0x8000da48 (0x013b44b3) x 9 0xfe61bb5c
core   0: 0x8000da4c (0xd9843a13) sltiu   s4, s0, -616
core   0: 3 0x8000da4c (0xd9843a13) x20 0x00000001
core   0: 0x8000da50 (0x0000100f) fence.i
core   0: 3 0x8000da50 (0x0000100f)
core   0: 0x8000da54 (0x03f6cc63) blt     a3, t6, pc + 56
core   0: 3 0x8000da54 (0x03f6cc63)
core   0: 0x8000da58 (0xe5e16913) ori     s2, sp, -418
core   0: 3 0x8000da58 (0xe5e16913) x18 0xfffffe7e
core   0: 0x8000da5c (0x74546413) ori     s0, s0, 1861
core   0: 3 0x8000da5c (0x74546413) x 8 0x20002745
core   0: 0x8000da60 (0x00e9ec63) bltu    s3, a4, pc + 24
core   0: 3 0x8000da60 (0x00e9ec63)
core   0: 0x8000da64 (0x821cab93) slti    s7, s9, -2015
core   0: 3 0x8000da64 (0x821cab93) x23 0x00000000
core   0: 0x8000da68 (0x781fcf13) xori    t5, t6, 1921
core   0: 3 0x8000da68 (0x781fcf13) x30 0x00000780
core   0: 0x8000da6c (0x019d7fb3) and     t6, s10, s9
core   0: 3 0x8000da6c (0x019d7fb3) x31 0x00000000
core   0: 0x8000da70 (0x008abab3) sltu    s5, s5, s0
core   0: 3 0x8000da70 (0x008abab3) x21 0x00000000
core   0: 0x8000da74 (0x040ccf93) xori    t6, s9, 64
core   0: 3 0x8000da74 (0x040ccf93) x31 0x00000040
core   0: 0x8000da78 (0x04c70863) beq     a4, a2, pc + 80
core   0: 3 0x8000da78 (0x04c70863)
core   0: 0x8000da7c (0x4bb7f213) andi    tp, a5, 1211
core   0: 3 0x8000da7c (0x4bb7f213) x 4 0x00000000
core   0: 0x8000da80 (0x406d84b3) sub     s1, s11, t1
core   0: 3 0x8000da80 (0x406d84b3) x 9 0x10d29f70
core   0: 0x8000da84 (0x00115213) srli    tp, sp, 1
core   0: 3 0x8000da84 (0x00115213) x 4 0x40015732
core   0: 0x8000da88 (0x00b6ad33) slt     s10, a3, a1
core   0: 3 0x8000da88 (0x00b6ad33) x26 0x00000000
core   0: 0x8000da8c (0x00033533) sltu    a0, t1, zero
core   0: 3 0x8000da8c (0x00033533) x10 0x00000000
core   0: 0x8000da90 (0x01b791b3) sll     gp, a5, s11
core   0: 3 0x8000da90 (0x01b791b3) x 3 0x00000000
core   0: 0x8000da94 (0x412059b3) sra     s3, zero, s2
core   0: 3 0x8000da94 (0x412059b3) x19 0x00000000
core   0: 0x8000da98 (0x011eafb3) slt     t6, t4, a7
core   0: 3 0x8000da98 (0x011eafb3) x31 0x00000000
core   0: 0x8000da9c (0x01235c93) srli    s9, t1, 18
core   0: 3 0x8000da9c (0x01235c93) x25 0x00002d87
core   0: 0x8000daa0 (0x0341ca63) blt     gp, s4, pc + 52
core   0: 3 0x8000daa0 (0x0341ca63)
core   0: 0x8000dad4 (0x565c6913) ori     s2, s8, 1381
core   0: 3 0x8000dad4 (0x565c6913) x18 0xef080565
core   0: 0x8000dad8 (0x9a103193) sltiu   gp, zero, -1631
core   0: 3 0x8000dad8 (0x9a103193) x 3 0x00000001
core   0: 0x8000dadc (0xd490e313) ori     t1, ra, -695
core   0: 3 0x8000dadc (0xd490e313) x 6 0xfffffdfd
core   0: 0x8000dae0 (0x38a12893) slti    a7, sp, 906
core   0: 3 0x8000dae0 (0x38a12893) x17 0x00000001
core   0: 0x8000dae4 (0x034b8c63) beq     s7, s4, pc + 56
core   0: 3 0x8000dae4 (0x034b8c63)
core   0: 0x8000dae8 (0x00ad52b3) srl     t0, s10, a0
core   0: 3 0x8000dae8 (0x00ad52b3) x 5 0x00000000
core   0: 0x8000daec (0x0000100f) fence.i
core   0: 3 0x8000daec (0x0000100f)
core   0: 0x8000daf0 (0x00566333) or      t1, a2, t0
core   0: 3 0x8000daf0 (0x00566333) x 6 0xa4c19b50
core   0: 0x8000daf4 (0x46c4f093) andi    ra, s1, 1132
core   0: 3 0x8000daf4 (0x46c4f093) x 1 0x00000460
core   0: 0x8000daf8 (0x6f559cb7) lui     s9, 0x6f559
core   0: 3 0x8000daf8 (0x6f559cb7) x25 0x6f559000
core   0: 0x8000dafc (0xbb9e3097) auipc   ra, 0xbb9e3
core   0: 3 0x8000dafc (0xbb9e3097) x 1 0x3b9f0afc
core   0: 0x8000db00 (0x014a6033) or      zero, s4, s4
core   0: 3 0x8000db00 (0x014a6033)
core   0: 0x8000db04 (0x02786663) bltu    a6, t2, pc + 44
core   0: 3 0x8000db04 (0x02786663)
core   0: 0x8000db30 (0x0d636a63) bltu    t1, s6, pc + 212
core   0: 3 0x8000db30 (0x0d636a63)
core   0: 0x8000dc04 (0x0000100f) fence.i
core   0: 3 0x8000dc04 (0x0000100f)
core   0: 0x8000dc08 (0x0ff0000f) fence   iorw,iorw
core   0: 3 0x8000dc08 (0x0ff0000f)
core   0: 0x8000dc0c (0xd9dc3c13) sltiu   s8, s8, -611
core   0: 3 0x8000dc0c (0xd9dc3c13) x24 0x00000001
core   0: 0x8000dc10 (0x00525663) bge     tp, t0, pc + 12
core   0: 3 0x8000dc10 (0x00525663)
core   0: 0x8000dc1c (0x00771413) slli    s0, a4, 7
core   0: 3 0x8000dc1c (0x00771413) x 8 0x00000000
core   0: 0x8000dc20 (0x026dd063) bge     s11, t1, pc + 32
core   0: 3 0x8000dc20 (0x026dd063)
core   0: 0x8000dc40 (0x01f04bb3) xor     s7, zero, t6
core   0: 3 0x8000dc40 (0x01f04bb3) x23 0x00000000
core   0: 0x8000dc44 (0x40d05fb3) sra     t6, zero, a3
core   0: 3 0x8000dc44 (0x40d05fb3) x31 0x00000000
core   0: 0x8000dc48 (0x563ccf13) xori    t5, s9, 1379
core   0: 3 0x8000dc48 (0x563ccf13) x30 0x6f559563
core   0: 0x8000dc4c (0x0000100f) fence.i
core   0: 3 0x8000dc4c (0x0000100f)
core   0: 0x8000dc50 (0x02a55863) bge     a0, a0, pc + 48
core   0: 3 0x8000dc50 (0x02a55863)
core   0: 0x8000dc80 (0x0ff0000f) fence   iorw,iorw
core   0: 3 0x8000dc80 (0x0ff0000f)
core   0: 0x8000dc84 (0x02b5e663) bltu    a1, a1, pc + 44
core   0: 3 0x8000dc84 (0x02b5e663)
core   0: 0x8000dc88 (0x40bad3b3) sra     t2, s5, a1
core   0: 3 0x8000dc88 (0x40bad3b3) x 7 0x00000000
core   0: 0x8000dc8c (0xa52b3a13) sltiu   s4, s6, -1454
core   0: 3 0x8000dc8c (0xa52b3a13) x20 0x00000001
core   0: 0x8000dc90 (0x0000100f) fence.i
core   0: 3 0x8000dc90 (0x0000100f)
core   0: 0x8000dc94 (0x4136da33) sra     s4, a3, s3
core   0: 3 0x8000dc94 (0x4136da33) x20 0x00000054
core   0: 0x8000dc98 (0x01798eb3) add     t4, s3, s7
core   0: 3 0x8000dc98 (0x01798eb3) x29 0x00000000
core   0: 0x8000dc9c (0x00f9bc33) sltu    s8, s3, a5
core   0: 3 0x8000dc9c (0x00f9bc33) x24 0x00000000
core   0: 0x8000dca0 (0x014003b3) add     t2, zero, s4
core   0: 3 0x8000dca0 (0x014003b3) x 7 0x00000054
core   0: 0x8000dca4 (0x2d6bb093) sltiu   ra, s7, 726
core   0: 3 0x8000dca4 (0x2d6bb093) x 1 0x00000001
core   0: 0x8000dca8 (0x012e0263) beq     t3, s2, pc + 4
core   0: 3 0x8000dca8 (0x012e0263)
core   0: 0x8000dcac (0xbf149517) auipc   a0, 0xbf149
core   0: 3 0x8000dcac (0xbf149517) x10 0x3f156cac
core   0: 0x8000dcb0 (0x0025ee63) bltu    a1, sp, pc + 28
core   0: 3 0x8000dcb0 (0x0025ee63)
core   0: 0x8000dcb4 (0x6686e493) ori     s1, a3, 1640
core   0: 3 0x8000dcb4 (0x6686e493) x 9 0x0000067c
core   0: 0x8000dcb8 (0x1ba82f13) slti    t5, a6, 442
core   0: 3 0x8000dcb8 (0x1ba82f13) x30 0x00000001
core   0: 0x8000dcbc (0x006c6bb3) or      s7, s8, t1
core   0: 3 0x8000dcbc (0x006c6bb3) x23 0xa4c19b50
core   0: 0x8000dcc0 (0x00c790b3) sll     ra, a5, a2
core   0: 3 0x8000dcc0 (0x00c790b3) x 1 0x00000000
core   0: 0x8000dcc4 (0x41d6d033) sra     zero, a3, t4
core   0: 3 0x8000dcc4 (0x41d6d033)
core   0: 0x8000dcc8 (0x02595063) bge     s2, t0, pc + 32
core   0: 3 0x8000dcc8 (0x02595063)
core   0: 0x8000dccc (0x01c71793) slli    a5, a4, 28
core   0: 3 0x8000dccc (0x01c71793) x15 0x00000000
core   0: 0x8000dcd0 (0xe93c6213) ori     tp, s8, -365
core   0: 3 0x8000dcd0 (0xe93c6213) x 4 0xfffffe93
core   0: 0x8000dcd4 (0x020d9e63) bnez    s11, pc + 60
core   0: 3 0x8000dcd4 (0x020d9e63)
core   0: 0x8000dd10 (0x0050fab3) and     s5, ra, t0
core   0: 3 0x8000dd10 (0x0050fab3) x21 0x00000000
core   0: 0x8000dd14 (0x5a62e793) ori     a5, t0, 1446
core   0: 3 0x8000dd14 (0x5a62e793) x15 0x000005a6
core   0: 0x8000dd18 (0x0000100f) fence.i
core   0: 3 0x8000dd18 (0x0000100f)
core   0: 0x8000dd1c (0x00ad1013) slli    zero, s10, 10
core   0: 3 0x8000dd1c (0x00ad1013)
core   0: 0x8000dd20 (0x01d66e63) bltu    a2, t4, pc + 28
core   0: 3 0x8000dd20 (0x01d66e63)
core   0: 0x8000dd24 (0x0146c4b3) xor     s1, a3, s4
core   0: 3 0x8000dd24 (0x0146c4b3) x 9 0x00000000
core   0: 0x8000dd28 (0x01cd3433) sltu    s0, s10, t3
core   0: 3 0x8000dd28 (0x01cd3433) x 8 0x00000001
core   0: 0x8000dd2c (0x01564033) xor     zero, a2, s5
core   0: 3 0x8000dd2c (0x01564033)
core   0: 0x8000dd30 (0x9fb281b7) lui     gp, 0x9fb28
core   0: 3 0x8000dd30 (0x9fb281b7) x 3 0x9fb28000
core   0: 0x8000dd34 (0x400083b3) sub     t2, ra, zero
core   0: 3 0x8000dd34 (0x400083b3) x 7 0x00000000
core   0: 0x8000dd38 (0x015d1e63) bne     s10, s5, pc + 28
core   0: 3 0x8000dd38 (0x015d1e63)
core   0: 0x8000dd3c (0x05a81663) bne     a6, s10, pc + 76
core   0: 3 0x8000dd3c (0x05a81663)
core   0: 0x8000dd40 (0x04e01863) bne     zero, a4, pc + 80
core   0: 3 0x8000dd40 (0x04e01863)
core   0: 0x8000dd44 (0x038c0663) beq     s8, s8, pc + 44
core   0: 3 0x8000dd44 (0x038c0663)
core   0: 0x8000dd70 (0x0000100f) fence.i
core   0: 3 0x8000dd70 (0x0000100f)
core   0: 0x8000dd74 (0x14cb6193) ori     gp, s6, 332
core   0: 3 0x8000dd74 (0x14cb6193) x 3 0xfe61bb5c
core   0: 0x8000dd78 (0x6d57b013) sltiu   zero, a5, 1749
core   0: 3 0x8000dd78 (0x6d57b013)
core   0: 0x8000dd7c (0x43973697) auipc   a3, 0x43973
core   0: 3 0x8000dd7c (0x43973697) x13 0xc3980d7c
core   0: 0x8000dd80 (0x416604b3) sub     s1, a2, s6
core   0: 3 0x8000dd80 (0x416604b3) x 9 0xa65fdff4
core   0: 0x8000dd84 (0x01688f33) add     t5, a7, s6
core   0: 3 0x8000dd84 (0x01688f33) x30 0xfe61bb5d
core   0: 0x8000dd88 (0x00b9d693) srli    a3, s3, 11
core   0: 3 0x8000dd88 (0x00b9d693) x13 0x00000000
core   0: 0x8000dd8c (0x00520a63) beq     tp, t0, pc + 20
core   0: 3 0x8000dd8c (0x00520a63)
core   0: 0x8000dd90 (0x0109c863) blt     s3, a6, pc + 16
core   0: 3 0x8000dd90 (0x0109c863)
core   0: 0x8000dd94 (0x00943e33) sltu    t3, s0, s1
core   0: 3 0x8000dd94 (0x00943e33) x28 0x00000001
core   0: 0x8000dd98 (0x03431c63) bne     t1, s4, pc + 56
core   0: 3 0x8000dd98 (0x03431c63)
core   0: 0x8000ddd0 (0x41875693) srai    a3, a4, 24
core   0: 3 0x8000ddd0 (0x41875693) x13 0x00000000
core   0: 0x8000ddd4 (0x016059b3) srl     s3, zero, s6
core   0: 3 0x8000ddd4 (0x016059b3) x19 0x00000000
core   0: 0x8000ddd8 (0x03c37e63) bgeu    t1, t3, pc + 60
core   0: 3 0x8000ddd8 (0x03c37e63)
core   0: 0x8000de14 (0x05317063) bgeu    sp, s3, pc + 64
core   0: 3 0x8000de14 (0x05317063)
core   0: 0x8000de54 (0x033dc263) blt     s11, s3, pc + 36
core   0: 3 0x8000de54 (0x033dc263)
core   0: 0x8000de78 (0xccd83713) sltiu   a4, a6, -819
core   0: 3 0x8000de78 (0xccd83713) x14 0x00000001
core   0: 0x8000de7c (0x2ec80493) addi    s1, a6, 748
core   0: 3 0x8000de7c (0x2ec80493) x 9 0x000002ec
core   0: 0x8000de80 (0x4ebd3197) auipc   gp, 0x4ebd3
core   0: 3 0x8000de80 (0x4ebd3197) x 3 0xcebe0e80
core   0: 0x8000de84 (0x41255613) srai    a2, a0, 18
core   0: 3 0x8000de84 (0x41255613) x12 0x00000fc5
core   0: 0x8000de88 (0x00eecc33) xor     s8, t4, a4
core   0: 3 0x8000de88 (0x00eecc33) x24 0x00000001
core   0: 0x8000de8c (0x010dc833) xor     a6, s11, a6
core   0: 3 0x8000de8c (0x010dc833) x16 0xc6ef0800
core   0: 0x8000de90 (0xa871b313) sltiu   t1, gp, -1401
core   0: 3 0x8000de90 (0xa871b313) x 6 0x00000001
core   0: 0x8000de94 (0x0083df13) srli    t5, t2, 8
core   0: 3 0x8000de94 (0x0083df13) x30 0x00000000
core   0: 0x8000de98 (0x00ecfbb3) and     s7, s9, a4
core   0: 3 0x8000de98 (0x00ecfbb3) x23 0x00000000
core   0: 0x8000de9c (0x01e902b3) add     t0, s2, t5
core   0: 3 0x8000de9c (0x01e902b3) x 5 0xef080565
core   0: 0x8000dea0 (0x03009a63) bne     ra, a6, pc + 52
core   0: 3 0x8000dea0 (0x03009a63)
core   0: 0x8000ded4 (0x01d81e33) sll     t3, a6, t4
core   0: 3 0x8000ded4 (0x01d81e33) x28 0xc6ef0800
core   0: 0x8000ded8 (0xbc296897) auipc   a7, 0xbc296
core   0: 3 0x8000ded8 (0xbc296897) x17 0x3c2a3ed8
core   0: 0x8000dedc (0x008d1bb3) sll     s7, s10, s0
core   0: 3 0x8000dedc (0x008d1bb3) x23 0x00000000
core   0: 0x8000dee0 (0x11dd7f37) lui     t5, 0x11dd7
core   0: 3 0x8000dee0 (0x11dd7f37) x30 0x11dd7000
core   0: 0x8000dee4 (0x014ebf33) sltu    t5, t4, s4
core   0: 3 0x8000dee4 (0x014ebf33) x30 0x00000001
core   0: 0x8000dee8 (0xf88ab193) sltiu   gp, s5, -120
core   0: 3 0x8000dee8 (0xf88ab193) x 3 0x00000001
core   0: 0x8000deec (0x00394d33) xor     s10, s2, gp
core   0: 3 0x8000deec (0x00394d33) x26 0xef080564
core   0: 0x8000def0 (0x297a7613) andi    a2, s4, 663
core   0: 3 0x8000def0 (0x297a7613) x12 0x00000014
core   0: 0x8000def4 (0x009cd663) bge     s9, s1, pc + 12
core   0: 3 0x8000def4 (0x009cd663)
core   0: 0x8000df00 (0x04966063) bltu    a2, s1, pc + 64
core   0: 3 0x8000df00 (0x04966063)
core   0: 0x8000df40 (0x17158c93) addi    s9, a1, 369
core   0: 3 0x8000df40 (0x17158c93) x25 0x8002ee55
core   0: 0x8000df44 (0x00894733) xor     a4, s2, s0
core   0: 3 0x8000df44 (0x00894733) x14 0xef080564
core   0: 0x8000df48 (0x5bda8b93) addi    s7, s5, 1469
core   0: 3 0x8000df48 (0x5bda8b93) x23 0x000005bd
core   0: 0x8000df4c (0x012ede63) bge     t4, s2, pc + 28
core   0: 3 0x8000df4c (0x012ede63)
core   0: 0x8000df68 (0x00437663) bgeu    t1, tp, pc + 12
core   0: 3 0x8000df68 (0x00437663)
core   0: 0x8000df6c (0x43858f13) addi    t5, a1, 1080
core   0: 3 0x8000df6c (0x43858f13) x30 0x8002f11c
core   0: 0x8000df70 (0x02ced663) bge     t4, a2, pc + 44
core   0: 3 0x8000df70 (0x02ced663)
core   0: 0x8000df74 (0x1af37913) andi    s2, t1, 431
core   0: 3 0x8000df74 (0x1af37913) x18 0x00000001
core   0: 0x8000df78 (0x0000100f) fence.i
core   0: 3 0x8000df78 (0x0000100f)
core   0: 0x8000df7c (0x01916a63) bltu    sp, s9, pc + 20
core   0: 3 0x8000df7c (0x01916a63)
core   0: 0x8000df90 (0x00a32833) slt     a6, t1, a0
core   0: 3 0x8000df90 (0x00a32833) x16 0x00000001
core   0: 0x8000df94 (0x004d9013) slli    zero, s11, 4
core   0: 3 0x8000df94 (0x004d9013)
core   0: 0x8000df98 (0x055e9663) bne     t4, s5, pc + 76
core   0: 3 0x8000df98 (0x055e9663)
core   0: 0x8000df9c (0x013f90b3) sll     ra, t6, s3
core   0: 3 0x8000df9c (0x013f90b3) x 1 0x00000000
core   0: 0x8000dfa0 (0xb0648f13) addi    t5, s1, -1274
core   0: 3 0x8000dfa0 (0xb0648f13) x30 0xfffffdf2
core   0: 0x8000dfa4 (0x015356b3) srl     a3, t1, s5
core   0: 3 0x8000dfa4 (0x015356b3) x13 0x00000001
core   0: 0x8000dfa8 (0xcdb54437) lui     s0, 0xcdb54
core   0: 3 0x8000dfa8 (0xcdb54437) x 8 0xcdb54000
core   0: 0x8000dfac (0x02bcf063) bgeu    s9, a1, pc + 32
core   0: 3 0x8000dfac (0x02bcf063)
core   0: 0x8000dfcc (0x040b8063) beqz    s7, pc + 64
core   0: 3 0x8000dfcc (0x040b8063)
core   0: 0x8000dfd0 (0x00000013) nop
core   0: 3 0x8000dfd0 (0x00000013)
core   0: 0x8000dfd4 (0x01cd74b3) and     s1, s10, t3
core   0: 3 0x8000dfd4 (0x01cd74b3) x 9 0xc6080000
core   0: 0x8000dfd8 (0x006ab433) sltu    s0, s5, t1
core   0: 3 0x8000dfd8 (0x006ab433) x 8 0x00000001
core   0: 0x8000dfdc (0x41b70db3) sub     s11, a4, s11
core   0: 3 0x8000dfdc (0x41b70db3) x27 0x2818fd64
core   0: 0x8000dfe0 (0x003bd193) srli    gp, s7, 3
core   0: 3 0x8000dfe0 (0x003bd193) x 3 0x000000b7
core   0: 0x8000dfe4 (0x00cbec63) bltu    s7, a2, pc + 24
core   0: 3 0x8000dfe4 (0x00cbec63)
core   0: 0x8000dfe8 (0x026ff663) bgeu    t6, t1, pc + 44
core   0: 3 0x8000dfe8 (0x026ff663)
core   0: 0x8000dfec (0x01116533) or      a0, sp, a7
core   0: 3 0x8000dfec (0x01116533) x10 0xbc2abefc
core   0: 0x8000dff0 (0x01aff7b3) and     a5, t6, s10
core   0: 3 0x8000dff0 (0x01aff7b3) x15 0x00000000
core   0: 0x8000dff4 (0x006d5c33) srl     s8, s10, t1
core   0: 3 0x8000dff4 (0x006d5c33) x24 0x778402b2
core   0: 0x8000dff8 (0x41d803b3) sub     t2, a6, t4
core   0: 3 0x8000dff8 (0x41d803b3) x 7 0x00000001
core   0: 0x8000dffc (0x6a2f7717) auipc   a4, 0x6a2f7
core   0: 3 0x8000dffc (0x6a2f7717) x14 0xea304ffc
core   0: 0x8000e000 (0x01fadeb3) srl     t4, s5, t6
core   0: 3 0x8000e000 (0x01fadeb3) x29 0x00000000
core   0: 0x8000e004 (0x00cab4b3) sltu    s1, s5, a2
core   0: 3 0x8000e004 (0x00cab4b3) x 9 0x00000001
core   0: 0x8000e008 (0x0ff0000f) fence   iorw,iorw
core   0: 3 0x8000e008 (0x0ff0000f)
core   0: 0x8000e00c (0x408fdcb3) sra     s9, t6, s0
core   0: 3 0x8000e00c (0x408fdcb3) x25 0x00000000
core   0: 0x8000e010 (0x410e5f93) srai    t6, t3, 16
core   0: 3 0x8000e010 (0x410e5f93) x31 0xffffc6ef
core   0: 0x8000e014 (0x01d6e333) or      t1, a3, t4
core   0: 3 0x8000e014 (0x01d6e333) x 6 0x00000001
core   0: 0x8000e018 (0x844d3c97) auipc   s9, 0x844d3
core   0: 3 0x8000e018 (0x844d3c97) x25 0x044e1018
core   0: 0x8000e01c (0x0ff0000f) fence   iorw,iorw
core   0: 3 0x8000e01c (0x0ff0000f)
core   0: 0x8000e020 (0x01117cb3) and     s9, sp, a7
core   0: 3 0x8000e020 (0x01117cb3) x25 0x00022e40
core   0: 0x8000e024 (0x0099bcb3) sltu    s9, s3, s1
core   0: 3 0x8000e024 (0x0099bcb3) x25 0x00000001
core   0: 0x8000e028 (0x01eda733) slt     a4, s11, t5
core   0: 3 0x8000e028 (0x01eda733) x14 0x00000000
core   0: 0x8000e02c (0x33c5b193) sltiu   gp, a1, 828
core   0: 3 0x8000e02c (0x33c5b193) x 3 0x00000000
core   0: 0x8000e030 (0x0032f293) andi    t0, t0, 3
core   0: 3 0x8000e030 (0x0032f293) x 5 0x00000001
core   0: 0x8000e034 (0xe91ee213) ori     tp, t4, -367
core   0: 3 0x8000e034 (0xe91ee213) x 4 0xfffffe91
core   0: 0x8000e038 (0x02c11c63) bne     sp, a2, pc + 56
core   0: 3 0x8000e038 (0x02c11c63)
core   0: 0x8000e070 (0x3ac86793) ori     a5, a6, 940
core   0: 3 0x8000e070 (0x3ac86793) x15 0x000003ad
core   0: 0x8000e074 (0x0296d063) bge     a3, s1, pc + 32
core   0: 3 0x8000e074 (0x0296d063)
core   0: 0x8000e094 (0x013747b3) xor     a5, a4, s3
core   0: 3 0x8000e094 (0x013747b3) x15 0x00000000
core   0: 0x8000e098 (0x41d60f33) sub     t5, a2, t4
core   0: 3 0x8000e098 (0x41d60f33) x30 0x00000014
core   0: 0x8000e09c (0x40728bb3) sub     s7, t0, t2
core   0: 3 0x8000e09c (0x40728bb3) x23 0x00000000
core   0: 0x8000e0a0 (0x0000100f) fence.i
core   0: 3 0x8000e0a0 (0x0000100f)
core   0: 0x8000e0a4 (0x00000013) nop
core   0: 3 0x8000e0a4 (0x00000013)
core   0: 0x8000e0a8 (0x7a29c013) xori    zero, s3, 1954
core   0: 3 0x8000e0a8 (0x7a29c013)
core   0: 0x8000e0ac (0x006d5713) srli    a4, s10, 6
core   0: 3 0x8000e0ac (0x006d5713) x14 0x03bc2015
core   0: 0x8000e0b0 (0x00330033) add     zero, t1, gp
core   0: 3 0x8000e0b0 (0x00330033)
core   0: 0x8000e0b4 (0x018a9733) sll     a4, s5, s8
core   0: 3 0x8000e0b4 (0x018a9733) x14 0x00000000
core   0: 0x8000e0b8 (0x004e3fb3) sltu    t6, t3, tp
core   0: 3 0x8000e0b8 (0x004e3fb3) x31 0x00000001
core   0: 0x8000e0bc (0x38ab0793) addi    a5, s6, 906
core   0: 3 0x8000e0bc (0x38ab0793) x15 0xfe61bee6
core   0: 0x8000e0c0 (0x03624a63) blt     tp, s6, pc + 52
core   0: 3 0x8000e0c0 (0x03624a63)
core   0: 0x8000e0c4 (0x00c9d663) bge     s3, a2, pc + 12
core   0: 3 0x8000e0c4 (0x00c9d663)
core   0: 0x8000e0c8 (0x5354ed93) ori     s11, s1, 1333
core   0: 3 0x8000e0c8 (0x5354ed93) x27 0x00000535
core   0: 0x8000e0cc (0x019a6e33) or      t3, s4, s9
core   0: 3 0x8000e0cc (0x019a6e33) x28 0x00000055
core   0: 0x8000e0d0 (0xb8742a93) slti    s5, s0, -1145
core   0: 3 0x8000e0d0 (0xb8742a93) x21 0x00000000
core   0: 0x8000e0d4 (0x00e731b3) sltu    gp, a4, a4
core   0: 3 0x8000e0d4 (0x00e731b3) x 3 0x00000000
core   0: 0x8000e0d8 (0x01559093) slli    ra, a1, 21
core   0: 3 0x8000e0d8 (0x01559093) x 1 0x9c800000
core   0: 0x8000e0dc (0xf00c7213) andi    tp, s8, -256
core   0: 3 0x8000e0dc (0xf00c7213) x 4 0x77840200
core   0: 0x8000e0e0 (0x02b35e63) bge     t1, a1, pc + 60
core   0: 3 0x8000e0e0 (0x02b35e63)
core   0: 0x8000e11c (0x9b8af793) andi    a5, s5, -1608
core   0: 3 0x8000e11c (0x9b8af793) x15 0x00000000
core   0: 0x8000e120 (0x40ab0cb3) sub     s9, s6, a0
core   0: 3 0x8000e120 (0x40ab0cb3) x25 0x4236fc60
core   0: 0x8000e124 (0xf25a2993) slti    s3, s4, -219
core   0: 3 0x8000e124 (0xf25a2993) x19 0x00000000
core   0: 0x8000e128 (0x10605397) auipc   t2, 0x10605
core   0: 3 0x8000e128 (0x10605397) x 7 0x90613128
core   0: 0x8000e12c (0x00af1e63) bne     t5, a0, pc + 28
core   0: 3 0x8000e12c (0x00af1e63)
core   0: 0x8000e148 (0x8d92ff93) andi    t6, t0, -1831
core   0: 3 0x8000e148 (0x8d92ff93) x31 0x00000001
core   0: 0x8000e14c (0x01f38033) add     zero, t2, t6
core   0: 3 0x8000e14c (0x01f38033)
core   0: 0x8000e150 (0xe6438437) lui     s0, 0xe6438
core   0: 3 0x8000e150 (0xe6438437) x 8 0xe6438000
core   0: 0x8000e154 (0x40dd5e13) srai    t3, s10, 13
core   0: 3 0x8000e154 (0x40dd5e13) x28 0xffff7840
core   0: 0x8000e158 (0x41e15a13) srai    s4, sp, 30
core   0: 3 0x8000e158 (0x41e15a13) x20 0xfffffffe
core   0: 0x8000e15c (0xcf8aaf13) slti    t5, s5, -776
core   0: 3 0x8000e15c (0xcf8aaf13) x30 0x00000000
core   0: 0x8000e160 (0x4113d193) srai    gp, t2, 17
core   0: 3 0x8000e160 (0x4113d193) x 3 0xffffc830
core   0: 0x8000e164 (0x0000100f) fence.i
core   0: 3 0x8000e164 (0x0000100f)
core   0: 0x8000e168 (0x00000013) nop
core   0: 3 0x8000e168 (0x00000013)
core   0: 0x8000e16c (0xb1456793) ori     a5, a0, -1260
core   0: 3 0x8000e16c (0xb1456793) x15 0xfffffffc
core   0: 0x8000e170 (0x01810933) add     s2, sp, s8
core   0: 3 0x8000e170 (0x01810933) x18 0xf786b116
core   0: 0x8000e174 (0x019114b3) sll     s1, sp, s9
core   0: 3 0x8000e174 (0x019114b3) x 9 0x8002ae64
core   0: 0x8000e178 (0x89d3b093) sltiu   ra, t2, -1891
core   0: 3 0x8000e178 (0x89d3b093) x 1 0x00000001
core   0: 0x8000e17c (0x0054d6b3) srl     a3, s1, t0
core   0: 3 0x8000e17c (0x0054d6b3) x13 0x40015732
core   0: 0x8000e180 (0x7edd9037) lui     zero, 0x7edd9
core   0: 3 0x8000e180 (0x7edd9037)
core   0: 0x8000e184 (0x01cad933) srl     s2, s5, t3
core   0: 3 0x8000e184 (0x01cad933) x18 0x00000000
core   0: 0x8000e188 (0x1d2bfd13) andi    s10, s7, 466
core   0: 3 0x8000e188 (0x1d2bfd13) x26 0x00000000
core   0: 0x8000e18c (0x0096bd33) sltu    s10, a3, s1
core   0: 3 0x8000e18c (0x0096bd33) x26 0x00000001
core   0: 0x8000e190 (0x41ea0933) sub     s2, s4, t5
core   0: 3 0x8000e190 (0x41ea0933) x18 0xfffffffe
core   0: 0x8000e194 (0x00940233) add     tp, s0, s1
core   0: 3 0x8000e194 (0x00940233) x 4 0x66462e64
core   0: 0x8000e198 (0x677a7613) andi    a2, s4, 1655
core   0: 3 0x8000e198 (0x677a7613) x12 0x00000676
core   0: 0x8000e19c (0x04ca5063) bge     s4, a2, pc + 64
core   0: 3 0x8000e19c (0x04ca5063)
core   0: 0x8000e1a0 (0xb0582337) lui     t1, 0xb0582
core   0: 3 0x8000e1a0 (0xb0582337) x 6 0xb0582000
core   0: 0x8000e1a4 (0x410c8db3) sub     s11, s9, a6
core   0: 3 0x8000e1a4 (0x410c8db3) x27 0x4236fc5f
core   0: 0x8000e1a8 (0x81490313) addi    t1, s2, -2028
core   0: 3 0x8000e1a8 (0x81490313) x 6 0xfffff812
core   0: 0x8000e1ac (0x01e99713) slli    a4, s3, 30
core   0: 3 0x8000e1ac (0x01e99713) x14 0x00000000
core   0: 0x8000e1b0 (0x9c814c93) xori    s9, sp, -1592
core   0: 3 0x8000e1b0 (0x9c814c93) x25 0x7ffd57ac
core   0: 0x8000e1b4 (0x025f5863) bge     t5, t0, pc + 48
core   0: 3 0x8000e1b4 (0x025f5863)
core   0: 0x8000e1b8 (0x01a65033) srl     zero, a2, s10
core   0: 3 0x8000e1b8 (0x01a65033)
core   0: 0x8000e1bc (0x01dd9263) bne     s11, t4, pc + 4
core   0: 3 0x8000e1bc (0x01dd9263)
core   0: 0x8000e1c0 (0x0076a233) slt     tp, a3, t2
core   0: 3 0x8000e1c0 (0x0076a233) x 4 0x00000000
core   0: 0x8000e1c4 (0x46cffe93) andi    t4, t6, 1132
core   0: 3 0x8000e1c4 (0x46cffe93) x29 0x00000000
core   0: 0x8000e1c8 (0x03797c63) bgeu    s2, s7, pc + 56
core   0: 3 0x8000e1c8 (0x03797c63)
core   0: 0x8000e200 (0x003d1033) sll     zero, s10, gp
core   0: 3 0x8000e200 (0x003d1033)
core   0: 0x8000e204 (0x84506e93) ori     t4, zero, -1979
core   0: 3 0x8000e204 (0x84506e93) x29 0xfffff845
core   0: 0x8000e208 (0x0007fdb3) and     s11, a5, zero
core   0: 3 0x8000e208 (0x0007fdb3) x27 0x00000000
core   0: 0x8000e20c (0x01d87d33) and     s10, a6, t4
core   0: 3 0x8000e20c (0x01d87d33) x26 0x00000001
core   0: 0x8000e210 (0x6fcae1b7) lui     gp, 0x6fcae
core   0: 3 0x8000e210 (0x6fcae1b7) x 3 0x6fcae000
core   0: 0x8000e214 (0x0ff0000f) fence   iorw,iorw
core   0: 3 0x8000e214 (0x0ff0000f)
core   0: 0x8000e218 (0x00827733) and     a4, tp, s0
core   0: 3 0x8000e218 (0x00827733) x14 0x00000000
core   0: 0x8000e21c (0x0019ea63) bltu    s3, ra, pc + 20
core   0: 3 0x8000e21c (0x0019ea63)
core   0: 0x8000e230 (0x06b44793) xori    a5, s0, 107
core   0: 3 0x8000e230 (0x06b44793) x15 0xe643806b
core   0: 0x8000e234 (0x0144da63) bge     s1, s4, pc + 20
core   0: 3 0x8000e234 (0x0144da63)
core   0: 0x8000e238 (0x014d9633) sll     a2, s11, s4
core   0: 3 0x8000e238 (0x014d9633) x12 0x00000000
core   0: 0x8000e23c (0x00000013) nop
core   0: 3 0x8000e23c (0x00000013)
core   0: 0x8000e240 (0x41d3f713) andi    a4, t2, 1053
core   0: 3 0x8000e240 (0x41d3f713) x14 0x00000008
core   0: 0x8000e244 (0x00a314b3) sll     s1, t1, a0
core   0: 3 0x8000e244 (0x00a314b3) x 9 0x20000000
core   0: 0x8000e248 (0x01ffee63) bltu    t6, t6, pc + 28
core   0: 3 0x8000e248 (0x01ffee63)
core   0: 0x8000e24c (0x02d96c63) bltu    s2, a3, pc + 56
core   0: 3 0x8000e24c (0x02d96c63)
core   0: 0x8000e250 (0x00000013) nop
core   0: 3 0x8000e250 (0x00000013)
core   0: 0x8000e254 (0x0346d663) bge     a3, s4, pc + 44
core   0: 3 0x8000e254 (0x0346d663)
core   0: 0x8000e280 (0x47d94417) auipc   s0, 0x47d94
core   0: 3 0x8000e280 (0x47d94417) x 8 0xc7da2280
core   0: 0x8000e284 (0x02038e63) beqz    t2, pc + 60
core   0: 3 0x8000e284 (0x02038e63)
core   0: 0x8000e288 (0x02a97c63) bgeu    s2, a0, pc + 56
core   0: 3 0x8000e288 (0x02a97c63)
core   0: 0x8000e2c0 (0x004b7663) bgeu    s6, tp, pc + 12
core   0: 3 0x8000e2c0 (0x004b7663)
core   0: 0x8000e2cc (0x0ff0000f) fence   iorw,iorw
core   0: 3 0x8000e2cc (0x0ff0000f)
core   0: 0x8000e2d0 (0x0157d933) srl     s2, a5, s5
core   0: 3 0x8000e2d0 (0x0157d933) x18 0xe643806b
core   0: 0x8000e2d4 (0x0000100f) fence.i
core   0: 3 0x8000e2d4 (0x0000100f)
core   0: 0x8000e2d8 (0x01dd9f33) sll     t5, s11, t4
core   0: 3 0x8000e2d8 (0x01dd9f33) x30 0x00000000
core   0: 0x8000e2dc (0x3e37e313) ori     t1, a5, 995
core   0: 3 0x8000e2dc (0x3e37e313) x 6 0xe64383eb
core   0: 0x8000e2e0 (0x3675b313) sltiu   t1, a1, 871
core   0: 3 0x8000e2e0 (0x3675b313) x 6 0x00000000
core   0: 0x8000e2e4 (0xe0767193) andi    gp, a2, -505
core   0: 3 0x8000e2e4 (0xe0767193) x 3 0x00000000
core   0: 0x8000e2e8 (0x6ea16793) ori     a5, sp, 1770
core   0: 3 0x8000e2e8 (0x6ea16793) x15 0x8002aeee
core   0: 0x8000e2ec (0x21448393) addi    t2, s1, 532
core   0: 3 0x8000e2ec (0x21448393) x 7 0x20000214
core   0: 0x8000e2f0 (0x00e6b533) sltu    a0, a3, a4
core   0: 3 0x8000e2f0 (0x00e6b533) x10 0x00000000
core   0: 0x8000e2f4 (0x03fbd063) bge     s7, t6, pc + 32
core   0: 3 0x8000e2f4 (0x03fbd063)
core   0: 0x8000e2f8 (0x414cdcb3) sra     s9, s9, s4
core   0: 3 0x8000e2f8 (0x414cdcb3) x25 0x00000001
core   0: 0x8000e2fc (0x4163d093) srai    ra, t2, 22
core   0: 3 0x8000e2fc (0x4163d093) x 1 0x00000080
core   0: 0x8000e300 (0x01c41a13) slli    s4, s0, 28
core   0: 3 0x8000e300 (0x01c41a13) x20 0x00000000
core   0: 0x8000e304 (0x0ff0000f) fence   iorw,iorw
core   0: 3 0x8000e304 (0x0ff0000f)
core   0: 0x8000e308 (0xe20bc513) xori    a0, s7, -480
core   0: 3 0x8000e308 (0xe20bc513) x10 0xfffffe20
core   0: 0x8000e30c (0x02b3e663) bltu    t2, a1, pc + 44
core   0: 3 0x8000e30c (0x02b3e663)
core   0: 0x8000e338 (0x013b5913) srli    s2, s6, 19
core   0: 3 0x8000e338 (0x013b5913) x18 0x00001fcc
core   0: 0x8000e33c (0x09ccf913) andi    s2, s9, 156
core   0: 3 0x8000e33c (0x09ccf913) x18 0x00000000
core   0: 0x8000e340 (0x020e8a63) beqz    t4, pc + 52
core   0: 3 0x8000e340 (0x020e8a63)
core   0: 0x8000e344 (0x4a38f193) andi    gp, a7, 1187
core   0: 3 0x8000e344 (0x4a38f193) x 3 0x00000480
core   0: 0x8000e348 (0x9edcc213) xori    tp, s9, -1555
core   0: 3 0x8000e348 (0x9edcc213) x 4 0xfffff9ec
core   0: 0x8000e34c (0x411a5933) sra     s2, s4, a7
core   0: 3 0x8000e34c (0x411a5933) x18 0x00000000
core   0: 0x8000e350 (0xa4df0793) addi    a5, t5, -1459
core   0: 3 0x8000e350 (0xa4df0793) x15 0xfffffa4d
core   0: 0x8000e354 (0x41dcd893) srai    a7, s9, 29
core   0: 3 0x8000e354 (0x41dcd893) x17 0x00000000
core   0: 0x8000e358 (0xe4abfc13) andi    s8, s7, -438
core   0: 3 0x8000e358 (0xe4abfc13) x24 0x00000000
core   0: 0x8000e35c (0xfb94b293) sltiu   t0, s1, -71
core   0: 3 0x8000e35c (0xfb94b293) x 5 0x00000001
core   0: 0x8000e360 (0x00000013) nop
core   0: 3 0x8000e360 (0x00000013)
core   0: 0x8000e364 (0x65d5af13) slti    t5, a1, 1629
core   0: 3 0x8000e364 (0x65d5af13) x30 0x00000001
core   0: 0x8000e368 (0x00cf5f33) srl     t5, t5, a2
core   0: 3 0x8000e368 (0x00cf5f33) x30 0x00000001
core   0: 0x8000e36c (0x0096f6b3) and     a3, a3, s1
core   0: 3 0x8000e36c (0x0096f6b3) x13 0x00000000
core   0: 0x8000e370 (0x04536663) bltu    t1, t0, pc + 76
core   0: 3 0x8000e370 (0x04536663)
core   0: 0x8000e3bc (0x00a842b3) xor     t0, a6, a0
core   0: 3 0x8000e3bc (0x00a842b3) x 5 0xfffffe21
core   0: 0x8000e3c0 (0x406b0cb3) sub     s9, s6, t1
core   0: 3 0x8000e3c0 (0x406b0cb3) x25 0xfe61bb5c
core   0: 0x8000e3c4 (0x28662f13) slti    t5, a2, 646
core   0: 3 0x8000e3c4 (0x28662f13) x30 0x00000001
core   0: 0x8000e3c8 (0x02f96663) bltu    s2, a5, pc + 44
core   0: 3 0x8000e3c8 (0x02f96663)
core   0: 0x8000e3f4 (0x01c85f33) srl     t5, a6, t3
core   0: 3 0x8000e3f4 (0x01c85f33) x30 0x00000001
core   0: 0x8000e3f8 (0x41f88193) addi    gp, a7, 1055
core   0: 3 0x8000e3f8 (0x41f88193) x 3 0x0000041f
core   0: 0x8000e3fc (0x01890733) add     a4, s2, s8
core   0: 3 0x8000e3fc (0x01890733) x14 0x00000000
core   0: 0x8000e400 (0x00808c33) add     s8, ra, s0
core   0: 3 0x8000e400 (0x00808c33) x24 0xc7da2300
core   0: 0x8000e404 (0x03c74063) blt     a4, t3, pc + 32
core   0: 3 0x8000e404 (0x03c74063)
core   0: 0x8000e408 (0x0000100f) fence.i
core   0: 3 0x8000e408 (0x0000100f)
core   0: 0x8000e40c (0x41f5df13) srai    t5, a1, 31
core   0: 3 0x8000e40c (0x41f5df13) x30 0xffffffff
core   0: 0x8000e410 (0x5a34b013) sltiu   zero, s1, 1443
core   0: 3 0x8000e410 (0x5a34b013)
core   0: 0x8000e414 (0x46ebea13) ori     s4, s7, 1134
core   0: 3 0x8000e414 (0x46ebea13) x20 0x0000046e
core   0: 0x8000e418 (0x01428663) beq     t0, s4, pc + 12
core   0: 3 0x8000e418 (0x01428663)
core   0: 0x8000e41c (0x00fe9cb3) sll     s9, t4, a5
core   0: 3 0x8000e41c (0x00fe9cb3) x25 0xff08a000
core   0: 0x8000e420 (0x3f24aa13) slti    s4, s1, 1010
core   0: 3 0x8000e420 (0x3f24aa13) x20 0x00000000
core   0: 0x8000e424 (0xa5b93e13) sltiu   t3, s2, -1445
core   0: 3 0x8000e424 (0xa5b93e13) x28 0x00000001
core   0: 0x8000e428 (0x015ea533) slt     a0, t4, s5
core   0: 3 0x8000e428 (0x015ea533) x10 0x00000001
core   0: 0x8000e42c (0x00fa0c63) beq     s4, a5, pc + 24
core   0: 3 0x8000e42c (0x00fa0c63)
core   0: 0x8000e430 (0x015dcdb3) xor     s11, s11, s5
core   0: 3 0x8000e430 (0x015dcdb3) x27 0x00000000
core   0: 0x8000e434 (0x66db8e93) addi    t4, s7, 1645
core   0: 3 0x8000e434 (0x66db8e93) x29 0x0000066d
core   0: 0x8000e438 (0x4586dd97) auipc   s11, 0x4586d
core   0: 3 0x8000e438 (0x4586dd97) x27 0xc587b438
core   0: 0x8000e43c (0x03fe4c63) blt     t3, t6, pc + 56
core   0: 3 0x8000e43c (0x03fe4c63)
core   0: 0x8000e440 (0x4168d013) srai    zero, a7, 22
core   0: 3 0x8000e440 (0x4168d013)
core   0: 0x8000e444 (0x0150da13) srli    s4, ra, 21
core   0: 3 0x8000e444 (0x0150da13) x20 0x00000000
core   0: 0x8000e448 (0x00000013) nop
core   0: 3 0x8000e448 (0x00000013)
core   0: 0x8000e44c (0x01740733) add     a4, s0, s7
core   0: 3 0x8000e44c (0x01740733) x14 0xc7da2280
core   0: 0x8000e450 (0x0312f863) bgeu    t0, a7, pc + 48
core   0: 3 0x8000e450 (0x0312f863)
core   0: 0x8000e480 (0x017b5813) srli    a6, s6, 23
core   0: 3 0x8000e480 (0x017b5813) x16 0x000001fc
core   0: 0x8000e484 (0x016909b3) add     s3, s2, s6
core   0: 3 0x8000e484 (0x016909b3) x19 0xfe61bb5c
core   0: 0x8000e488 (0x0ff0000f) fence   iorw,iorw
core   0: 3 0x8000e488 (0x0ff0000f)
core   0: 0x8000e48c (0xfc2a8913) addi    s2, s5, -62
core   0: 3 0x8000e48c (0xfc2a8913) x18 0xffffffc2
core   0: 0x8000e490 (0x80ae18b7) lui     a7, 0x80ae1
core   0: 3 0x8000e490 (0x80ae18b7) x17 0x80ae1000
core   0: 0x8000e494 (0x06f8e717) auipc   a4, 0x6f8e
core   0: 3 0x8000e494 (0x06f8e717) x14 0x86f9c494
core   0: 0x8000e498 (0xd7127313) andi    t1, tp, -655
core   0: 3 0x8000e498 (0xd7127313) x 6 0xfffff960
core   0: 0x8000e49c (0x0119ca33) xor     s4, s3, a7
core   0: 3 0x8000e49c (0x0119ca33) x20 0x7ecfab5c
core   0: 0x8000e4a0 (0x018c9f33) sll     t5, s9, s8
core   0: 3 0x8000e4a0 (0x018c9f33) x30 0xff08a000
core   0: 0x8000e4a4 (0x05da4063) blt     s4, t4, pc + 64
core   0: 3 0x8000e4a4 (0x05da4063)
core   0: 0x8000e4a8 (0x017e5db3) srl     s11, t3, s7
core   0: 3 0x8000e4a8 (0x017e5db3) x27 0x00000001
core   0: 0x8000e4ac (0x016d1493) slli    s1, s10, 22
core   0: 3 0x8000e4ac (0x016d1493) x 9 0x00400000
core   0: 0x8000e4b0 (0x0f5ef813) andi    a6, t4, 245
core   0: 3 0x8000e4b0 (0x0f5ef813) x16 0x00000065
core   0: 0x8000e4b4 (0x00e35633) srl     a2, t1, a4
core   0: 3 0x8000e4b4 (0x00e35633) x12 0x00000fff
core   0: 0x8000e4b8 (0x04879063) bne     a5, s0, pc + 64
core   0: 3 0x8000e4b8 (0x04879063)
core   0: 0x8000e4f8 (0x00acea63) bltu    s9, a0, pc + 20
core   0: 3 0x8000e4f8 (0x00acea63)
core   0: 0x8000e4fc (0x41a75193) srai    gp, a4, 26
core   0: 3 0x8000e4fc (0x41a75193) x 3 0xffffffe1
core   0: 0x8000e500 (0x003c00b3) add     ra, s8, gp
core   0: 3 0x8000e500 (0x003c00b3) x 1 0xc7da22e1
core   0: 0x8000e504 (0x019edf33) srl     t5, t4, s9
core   0: 3 0x8000e504 (0x019edf33) x30 0x0000066d
core   0: 0x8000e508 (0x0000100f) fence.i
core   0: 3 0x8000e508 (0x0000100f)
core   0: 0x8000e50c (0x382ab993) sltiu   s3, s5, 898
core   0: 3 0x8000e50c (0x382ab993) x19 0x00000001
core   0: 0x8000e510 (0x010f2933) slt     s2, t5, a6
core   0: 3 0x8000e510 (0x010f2933) x18 0x00000000
core   0: 0x8000e514 (0x0ff0000f) fence   iorw,iorw
core   0: 3 0x8000e514 (0x0ff0000f)
core   0: 0x8000e518 (0xae4cd337) lui     t1, 0xae4cd
core   0: 3 0x8000e518 (0xae4cd337) x 6 0xae4cd000
core   0: 0x8000e51c (0x63397913) andi    s2, s2, 1587
core   0: 3 0x8000e51c (0x63397913) x18 0x00000000
core   0: 0x8000e520 (0x028dd663) bge     s11, s0, pc + 44
core   0: 3 0x8000e520 (0x028dd663)
core   0: 0x8000e54c (0xaf8e4937) lui     s2, 0xaf8e4
core   0: 3 0x8000e54c (0xaf8e4937) x18 0xaf8e4000
core   0: 0x8000e550 (0x93953897) auipc   a7, 0x93953
core   0: 3 0x8000e550 (0x93953897) x17 0x13961550
core   0: 0x8000e554 (0x405d5e93) srai    t4, s10, 5
core   0: 3 0x8000e554 (0x405d5e93) x29 0x00000000
core   0: 0x8000e558 (0x406601b3) sub     gp, a2, t1
core   0: 3 0x8000e558 (0x406601b3) x 3 0x51b33fff
core   0: 0x8000e55c (0x412d8533) sub     a0, s11, s2
core   0: 3 0x8000e55c (0x412d8533) x10 0x5071c001
core   0: 0x8000e560 (0x71028013) addi    zero, t0, 1808
core   0: 3 0x8000e560 (0x71028013)
core   0: 0x8000e564 (0x03090a63) beq     s2, a6, pc + 52
core   0: 3 0x8000e564 (0x03090a63)
core   0: 0x8000e568 (0xfbebb193) sltiu   gp, s7, -66
core   0: 3 0x8000e568 (0xfbebb193) x 3 0x00000001
core   0: 0x8000e56c (0x00c4d733) srl     a4, s1, a2
core   0: 3 0x8000e56c (0x00c4d733) x14 0x00000000
core   0: 0x8000e570 (0x0056cf33) xor     t5, a3, t0
core   0: 3 0x8000e570 (0x0056cf33) x30 0xfffffe21
core   0: 0x8000e574 (0x00b4de63) bge     s1, a1, pc + 28
core   0: 3 0x8000e574 (0x00b4de63)
core   0: 0x8000e590 (0x41b0d733) sra     a4, ra, s11
core   0: 3 0x8000e590 (0x41b0d733) x14 0xe3ed1170
core   0: 0x8000e594 (0x000c50b3) srl     ra, s8, zero
core   0: 3 0x8000e594 (0x000c50b3) x 1 0xc7da2300
core   0: 0x8000e598 (0x057d7663) bgeu    s10, s7, pc + 76
core   0: 3 0x8000e598 (0x057d7663)
core   0: 0x8000e5e4 (0xbd288013) addi    zero, a7, -1070
core   0: 3 0x8000e5e4 (0xbd288013)
core   0: 0x8000e5e8 (0x00000013) nop
core   0: 3 0x8000e5e8 (0x00000013)
core   0: 0x8000e5ec (0x00949933) sll     s2, s1, s1
core   0: 3 0x8000e5ec (0x00949933) x18 0x00400000
core   0: 0x8000e5f0 (0x0081d663) bge     gp, s0, pc + 12
core   0: 3 0x8000e5f0 (0x0081d663)
core   0: 0x8000e5fc (0x02300663) beq     zero, gp, pc + 44
core   0: 3 0x8000e5fc (0x02300663)
core   0: 0x8000e600 (0x411cd2b3) sra     t0, s9, a7
core   0: 3 0x8000e600 (0x411cd2b3) x 5 0xffffff08
core   0: 0x8000e604 (0xf505f293) andi    t0, a1, -176
core   0: 3 0x8000e604 (0xf505f293) x 5 0x8002ec40
core   0: 0x8000e608 (0x88282437) lui     s0, 0x88282
core   0: 3 0x8000e608 (0x88282437) x 8 0x88282000
core   0: 0x8000e60c (0x40e7d193) srai    gp, a5, 14
core   0: 3 0x8000e60c (0x40e7d193) x 3 0xffffffff
core   0: 0x8000e610 (0x7adfff93) andi    t6, t6, 1965
core   0: 3 0x8000e610 (0x7adfff93) x31 0x00000001
core   0: 0x8000e614 (0xda6be093) ori     ra, s7, -602
core   0: 3 0x8000e614 (0xda6be093) x 1 0xfffffda6
core   0: 0x8000e618 (0x40b15fb3) sra     t6, sp, a1
core   0: 3 0x8000e618 (0x40b15fb3) x31 0xf8002ae6
core   0: 0x8000e61c (0x01081db3) sll     s11, a6, a6
core   0: 3 0x8000e61c (0x01081db3) x27 0x00000ca0
core   0: 0x8000e620 (0x03a7de63) bge     a5, s10, pc + 60
core   0: 3 0x8000e620 (0x03a7de63)
core   0: 0x8000e624 (0x0000100f) fence.i
core   0: 3 0x8000e624 (0x0000100f)
core   0: 0x8000e628 (0xf2786f93) ori     t6, a6, -217
core   0: 3 0x8000e628 (0xf2786f93) x31 0xffffff67
core   0: 0x8000e62c (0x00000013) nop
core   0: 3 0x8000e62c (0x00000013)
core   0: 0x8000e630 (0x01e0a1b3) slt     gp, ra, t5
core   0: 3 0x8000e630 (0x01e0a1b3) x 3 0x00000001
core   0: 0x8000e634 (0x356d2493) slti    s1, s10, 854
core   0: 3 0x8000e634 (0x356d2493) x 9 0x00000001
core   0: 0x8000e638 (0x005f0633) add     a2, t5, t0
core   0: 3 0x8000e638 (0x005f0633) x12 0x8002ea61
core   0: 0x8000e63c (0x03d38c63) beq     t2, t4, pc + 56
core   0: 3 0x8000e63c (0x03d38c63)
core   0: 0x8000e640 (0x41f35913) srai    s2, t1, 31
core   0: 3 0x8000e640 (0x41f35913) x18 0xffffffff
core   0: 0x8000e644 (0x013e6e33) or      t3, t3, s3
core   0: 3 0x8000e644 (0x013e6e33) x28 0x00000001
core   0: 0x8000e648 (0x408d5cb3) sra     s9, s10, s0
core   0: 3 0x8000e648 (0x408d5cb3) x25 0x00000001
core   0: 0x8000e64c (0x031b1c63) bne     s6, a7, pc + 56
core   0: 3 0x8000e64c (0x031b1c63)
core   0: 0x8000e684 (0x400606b3) sub     a3, a2, zero
core   0: 3 0x8000e684 (0x400606b3) x13 0x8002ea61
core   0: 0x8000e688 (0x00000013) nop
core   0: 3 0x8000e688 (0x00000013)
core   0: 0x8000e68c (0x0ec0b213) sltiu   tp, ra, 236
core   0: 3 0x8000e68c (0x0ec0b213) x 4 0x00000000
core   0: 0x8000e690 (0x01ebb533) sltu    a0, s7, t5
core   0: 3 0x8000e690 (0x01ebb533) x10 0x00000001
core   0: 0x8000e694 (0x059e4063) blt     t3, s9, pc + 64
core   0: 3 0x8000e694 (0x059e4063)
core   0: 0x8000e698 (0x019d5f13) srli    t5, s10, 25
core   0: 3 0x8000e698 (0x019d5f13) x30 0x00000000
core   0: 0x8000e69c (0x00000013) nop
core   0: 3 0x8000e69c (0x00000013)
core   0: 0x8000e6a0 (0x012a5893) srli    a7, s4, 18
core   0: 3 0x8000e6a0 (0x012a5893) x17 0x00001fb3
core   0: 0x8000e6a4 (0x00f2ba33) sltu    s4, t0, a5
core   0: 3 0x8000e6a4 (0x00f2ba33) x20 0x00000001
core   0: 0x8000e6a8 (0x0000100f) fence.i
core   0: 3 0x8000e6a8 (0x0000100f)
core   0: 0x8000e6ac (0x01ebb3b3) sltu    t2, s7, t5
core   0: 3 0x8000e6ac (0x01ebb3b3) x 7 0x00000000
core   0: 0x8000e6b0 (0x41545093) srai    ra, s0, 21
core   0: 3 0x8000e6b0 (0x41545093) x 1 0xfffffc41
core   0: 0x8000e6b4 (0x0000100f) fence.i
core   0: 3 0x8000e6b4 (0x0000100f)
core   0: 0x8000e6b8 (0x000f4c63) bltz    t5, pc + 24
core   0: 3 0x8000e6b8 (0x000f4c63)
core   0: 0x8000e6bc (0x009a9d33) sll     s10, s5, s1
core   0: 3 0x8000e6bc (0x009a9d33) x26 0x00000000
core   0: 0x8000e6c0 (0x0ff0000f) fence   iorw,iorw
core   0: 3 0x8000e6c0 (0x0ff0000f)
core   0: 0x8000e6c4 (0x31f0e797) auipc   a5, 0x31f0e
core   0: 3 0x8000e6c4 (0x31f0e797) x15 0xb1f1c6c4
core   0: 0x8000e6c8 (0x410582b3) sub     t0, a1, a6
core   0: 3 0x8000e6c8 (0x410582b3) x 5 0x8002ec7f
core   0: 0x8000e6cc (0x2d5dba93) sltiu   s5, s11, 725
core   0: 3 0x8000e6cc (0x2d5dba93) x21 0x00000000
core   0: 0x8000e6d0 (0x5ef2ed13) ori     s10, t0, 1519
core   0: 3 0x8000e6d0 (0x5ef2ed13) x26 0x8002edff
core   0: 0x8000e6d4 (0x086a1263) bne     s4, t1, pc + 132
core   0: 3 0x8000e6d4 (0x086a1263)
core   0: 0x8000e758 (0x01893333) sltu    t1, s2, s8
core   0: 3 0x8000e758 (0x01893333) x 6 0x00000000
core   0: 0x8000e75c (0x40cf8fb3) sub     t6, t6, a2
core   0: 3 0x8000e75c (0x40cf8fb3) x31 0x7ffd1506
core   0: 0x8000e760 (0x01c8db93) srli    s7, a7, 28
core   0: 3 0x8000e760 (0x01c8db93) x23 0x00000000
core   0: 0x8000e764 (0xce783313) sltiu   t1, a6, -793
core   0: 3 0x8000e764 (0xce783313) x 6 0x00000001
core   0: 0x8000e768 (0x035af863) bgeu    s5, s5, pc + 48
core   0: 3 0x8000e768 (0x035af863)
core   0: 0x8000e798 (0x05cf7063) bgeu    t5, t3, pc + 64
core   0: 3 0x8000e798 (0x05cf7063)
core   0: 0x8000e79c (0x40cd0c33) sub     s8, s10, a2
core   0: 3 0x8000e79c (0x40cd0c33) x24 0x0000039e
core   0: 0x8000e7a0 (0x6ea58313) addi    t1, a1, 1770
core   0: 3 0x8000e7a0 (0x6ea58313) x 6 0x8002f3ce
core   0: 0x8000e7a4 (0x00c05a13) srli    s4, zero, 12
core   0: 3 0x8000e7a4 (0x00c05a13) x20 0x00000000
core   0: 0x8000e7a8 (0x00e8e833) or      a6, a7, a4
core   0: 3 0x8000e7a8 (0x00e8e833) x16 0xe3ed1ff3
core   0: 0x8000e7ac (0xc2feac13) slti    s8, t4, -977
core   0: 3 0x8000e7ac (0xc2feac13) x24 0x00000000
core   0: 0x8000e7b0 (0x01278c63) beq     a5, s2, pc + 24
core   0: 3 0x8000e7b0 (0x01278c63)
core   0: 0x8000e7b4 (0xbc6f0793) addi    a5, t5, -1082
core   0: 3 0x8000e7b4 (0xbc6f0793) x15 0xfffffbc6
core   0: 0x8000e7b8 (0x05a24663) blt     tp, s10, pc + 76
core   0: 3 0x8000e7b8 (0x05a24663)
core   0: 0x8000e7bc (0xdc757f37) lui     t5, 0xdc757
core   0: 3 0x8000e7bc (0xdc757f37) x30 0xdc757000
core   0: 0x8000e7c0 (0x41925613) srai    a2, tp, 25
core   0: 3 0x8000e7c0 (0x41925613) x12 0x00000000
core   0: 0x8000e7c4 (0x0ff0000f) fence   iorw,iorw
core   0: 3 0x8000e7c4 (0x0ff0000f)
core   0: 0x8000e7c8 (0x01ae7263) bgeu    t3, s10, pc + 4
core   0: 3 0x8000e7c8 (0x01ae7263)
core   0: 0x8000e7cc (0x409d5033) sra     zero, s10, s1
core   0: 3 0x8000e7cc (0x409d5033)
core   0: 0x8000e7d0 (0x02cb5263) bge     s6, a2, pc + 36
core   0: 3 0x8000e7d0 (0x02cb5263)
core   0: 0x8000e7d4 (0x40885fb3) sra     t6, a6, s0
core   0: 3 0x8000e7d4 (0x40885fb3) x31 0xe3ed1ff3
core   0: 0x8000e7d8 (0x00c109b3) add     s3, sp, a2
core   0: 3 0x8000e7d8 (0x00c109b3) x19 0x8002ae64
core   0: 0x8000e7dc (0x01e55c13) srli    s8, a0, 30
core   0: 3 0x8000e7dc (0x01e55c13) x24 0x00000000
core   0: 0x8000e7e0 (0x40690033) sub     zero, s2, t1
core   0: 3 0x8000e7e0 (0x40690033)
core   0: 0x8000e7e4 (0x01955393) srli    t2, a0, 25
core   0: 3 0x8000e7e4 (0x01955393) x 7 0x00000000
core   0: 0x8000e7e8 (0xd1e0ea93) ori     s5, ra, -738
core   0: 3 0x8000e7e8 (0xd1e0ea93) x21 0xfffffd5f
core   0: 0x8000e7ec (0x02041663) bnez    s0, pc + 44
core   0: 3 0x8000e7ec (0x02041663)
core   0: 0x8000e818 (0x031f8663) beq     t6, a7, pc + 44
core   0: 3 0x8000e818 (0x031f8663)
core   0: 0x8000e81c (0x016c5393) srli    t2, s8, 22
core   0: 3 0x8000e81c (0x016c5393) x 7 0x00000000
core   0: 0x8000e820 (0x72817c13) andi    s8, sp, 1832
core   0: 3 0x8000e820 (0x72817c13) x24 0x00000620
core   0: 0x8000e824 (0x00000013) nop
core   0: 3 0x8000e824 (0x00000013)
core   0: 0x8000e828 (0x00a3b033) sltu    zero, t2, a0
core   0: 3 0x8000e828 (0x00a3b033)
core   0: 0x8000e82c (0x0ff0000f) fence   iorw,iorw
core   0: 3 0x8000e82c (0x0ff0000f)
core   0: 0x8000e830 (0x0110ecb3) or      s9, ra, a7
core   0: 3 0x8000e830 (0x0110ecb3) x25 0xfffffff3
core   0: 0x8000e834 (0x37125197) auipc   gp, 0x37125
core   0: 3 0x8000e834 (0x37125197) x 3 0xb7133834
core   0: 0x8000e838 (0x9e26b713) sltiu   a4, a3, -1566
core   0: 3 0x8000e838 (0x9e26b713) x14 0x00000001
core   0: 0x8000e83c (0x01f88a63) beq     a7, t6, pc + 20
core   0: 3 0x8000e83c (0x01f88a63)
core   0: 0x8000e840 (0xdabb0793) addi    a5, s6, -597
core   0: 3 0x8000e840 (0xdabb0793) x15 0xfe61b907
core   0: 0x8000e844 (0x00852e33) slt     t3, a0, s0
core   0: 3 0x8000e844 (0x00852e33) x28 0x00000000
core   0: 0x8000e848 (0x415fd433) sra     s0, t6, s5
core   0: 3 0x8000e848 (0x415fd433) x 8 0xffffffff
core   0: 0x8000e84c (0x017a5913) srli    s2, s4, 23
core   0: 3 0x8000e84c (0x017a5913) x18 0x00000000
core   0: 0x8000e850 (0x00a06033) or      zero, zero, a0
core   0: 3 0x8000e850 (0x00a06033)
core   0: 0x8000e854 (0x002d0e63) beq     s10, sp, pc + 28
core   0: 3 0x8000e854 (0x002d0e63)
core   0: 0x8000e858 (0x40f68cb3) sub     s9, a3, a5
core   0: 3 0x8000e858 (0x40f68cb3) x25 0x81a1315a
core   0: 0x8000e85c (0x410f5fb3) sra     t6, t5, a6
core   0: 3 0x8000e85c (0x410f5fb3) x31 0xfffffb8e
core   0: 0x8000e860 (0x01b96e33) or      t3, s2, s11
core   0: 3 0x8000e860 (0x01b96e33) x28 0x00000ca0
core   0: 0x8000e864 (0x00e90fb3) add     t6, s2, a4
core   0: 3 0x8000e864 (0x00e90fb3) x31 0x00000001
core   0: 0x8000e868 (0x40950db3) sub     s11, a0, s1
core   0: 3 0x8000e868 (0x40950db3) x27 0x00000000
core   0: 0x8000e86c (0x0064feb3) and     t4, s1, t1
core   0: 3 0x8000e86c (0x0064feb3) x29 0x00000000
core   0: 0x8000e870 (0x01565633) srl     a2, a2, s5
core   0: 3 0x8000e870 (0x01565633) x12 0x00000000
core   0: 0x8000e874 (0xa10d7313) andi    t1, s10, -1520
core   0: 3 0x8000e874 (0xa10d7313) x 6 0x8002e810
core   0: 0x8000e878 (0x0ff0000f) fence   iorw,iorw
core   0: 3 0x8000e878 (0x0ff0000f)
core   0: 0x8000e87c (0x00fb23b3) slt     t2, s6, a5
core   0: 3 0x8000e87c (0x00fb23b3) x 7 0x00000000
core   0: 0x8000e880 (0x0000100f) fence.i
core   0: 3 0x8000e880 (0x0000100f)
core   0: 0x8000e884 (0x03e27c63) bgeu    tp, t5, pc + 56
core   0: 3 0x8000e884 (0x03e27c63)
core   0: 0x8000e888 (0x547d7893) andi    a7, s10, 1351
core   0: 3 0x8000e888 (0x547d7893) x17 0x00000547
core   0: 0x8000e88c (0x405eda93) srai    s5, t4, 5
core   0: 3 0x8000e88c (0x405eda93) x21 0x00000000
core   0: 0x8000e890 (0x01e8a933) slt     s2, a7, t5
core   0: 3 0x8000e890 (0x01e8a933) x18 0x00000000
core   0: 0x8000e894 (0x018a9513) slli    a0, s5, 24
core   0: 3 0x8000e894 (0x018a9513) x10 0x00000000
core   0: 0x8000e898 (0x00000013) nop
core   0: 3 0x8000e898 (0x00000013)
core   0: 0x8000e89c (0x007366b3) or      a3, t1, t2
core   0: 3 0x8000e89c (0x007366b3) x13 0x8002e810
core   0: 0x8000e8a0 (0x004f6a63) bltu    t5, tp, pc + 20
core   0: 3 0x8000e8a0 (0x004f6a63)
core   0: 0x8000e8a4 (0xa6087c13) andi    s8, a6, -1440
core   0: 3 0x8000e8a4 (0xa6087c13) x24 0xe3ed1a60
core   0: 0x8000e8a8 (0xa7070193) addi    gp, a4, -1424
core   0: 3 0x8000e8a8 (0xa7070193) x 3 0xfffffa71
core   0: 0x8000e8ac (0x0d527893) andi    a7, tp, 213
core   0: 3 0x8000e8ac (0x0d527893) x17 0x00000000
core   0: 0x8000e8b0 (0x007c29b3) slt     s3, s8, t2
core   0: 3 0x8000e8b0 (0x007c29b3) x19 0x00000001
core   0: 0x8000e8b4 (0xfc80e313) ori     t1, ra, -56
core   0: 3 0x8000e8b4 (0xfc80e313) x 6 0xffffffc9
core   0: 0x8000e8b8 (0x005c87b3) add     a5, s9, t0
core   0: 3 0x8000e8b8 (0x005c87b3) x15 0x01a41dd9
core   0: 0x8000e8bc (0x0000100f) fence.i
core   0: 3 0x8000e8bc (0x0000100f)
core   0: 0x8000e8c0 (0x011eac33) slt     s8, t4, a7
core   0: 3 0x8000e8c0 (0x011eac33) x24 0x00000000
core   0: 0x8000e8c4 (0x9cbe3f13) sltiu   t5, t3, -1589
core   0: 3 0x8000e8c4 (0x9cbe3f13) x30 0x00000001
core   0: 0x8000e8c8 (0x413fd633) sra     a2, t6, s3
core   0: 3 0x8000e8c8 (0x413fd633) x12 0x00000000
core   0: 0x8000e8cc (0x01281913) slli    s2, a6, 18
core   0: 3 0x8000e8cc (0x01281913) x18 0x7fcc0000
core   0: 0x8000e8d0 (0x6e218f97) auipc   t6, 0x6e218
core   0: 3 0x8000e8d0 (0x6e218f97) x31 0xee2268d0
core   0: 0x8000e8d4 (0x01c879b3) and     s3, a6, t3
core   0: 3 0x8000e8d4 (0x01c879b3) x19 0x00000ca0
core   0: 0x8000e8d8 (0x40ca5913) srai    s2, s4, 12
core   0: 3 0x8000e8d8 (0x40ca5913) x18 0x00000000
core   0: 0x8000e8dc (0x6f12fd97) auipc   s11, 0x6f12f
core   0: 3 0x8000e8dc (0x6f12fd97) x27 0xef13d8dc
core   0: 0x8000e8e0 (0x01746863) bltu    s0, s7, pc + 16
core   0: 3 0x8000e8e0 (0x01746863)
core   0: 0x8000e8e4 (0x00ad0233) add     tp, s10, a0
core   0: 3 0x8000e8e4 (0x00ad0233) x 4 0x8002edff
core   0: 0x8000e8e8 (0x015ef933) and     s2, t4, s5
core   0: 3 0x8000e8e8 (0x015ef933) x18 0x00000000
core   0: 0x8000e8ec (0x05219063) bne     gp, s2, pc + 64
core   0: 3 0x8000e8ec (0x05219063)
core   0: 0x8000e92c (0x01b7dfb3) srl     t6, a5, s11
core   0: 3 0x8000e92c (0x01b7dfb3) x31 0x00000000
core   0: 0x8000e930 (0x033bc663) blt     s7, s3, pc + 44
core   0: 3 0x8000e930 (0x033bc663)
core   0: 0x8000e95c (0x0ff0000f) fence   iorw,iorw
core   0: 3 0x8000e95c (0x0ff0000f)
core   0: 0x8000e960 (0x0ff0000f) fence   iorw,iorw
core   0: 3 0x8000e960 (0x0ff0000f)
core   0: 0x8000e964 (0x0000100f) fence.i
core   0: 3 0x8000e964 (0x0000100f)
core   0: 0x8000e968 (0x0302d863) bge     t0, a6, pc + 48
core   0: 3 0x8000e968 (0x0302d863)
core   0: 0x8000e96c (0x00000013) nop
core   0: 3 0x8000e96c (0x00000013)
core   0: 0x8000e970 (0x40875f93) srai    t6, a4, 8
core   0: 3 0x8000e970 (0x40875f93) x31 0x00000000
core   0: 0x8000e974 (0x02acca63) blt     s9, a0, pc + 52
core   0: 3 0x8000e974 (0x02acca63)
core   0: 0x8000e9a8 (0x6650dc17) auipc   s8, 0x6650d
core   0: 3 0x8000e9a8 (0x6650dc17) x24 0xe651b9a8
core   0: 0x8000e9ac (0x0131f8b3) and     a7, gp, s3
core   0: 3 0x8000e9ac (0x0131f8b3) x17 0x00000820
core   0: 0x8000e9b0 (0x01eb5e13) srli    t3, s6, 30
core   0: 3 0x8000e9b0 (0x01eb5e13) x28 0x00000003
core   0: 0x8000e9b4 (0x0067edb3) or      s11, a5, t1
core   0: 3 0x8000e9b4 (0x0067edb3) x27 0xffffffd9
core   0: 0x8000e9b8 (0x4190df93) srai    t6, ra, 25
core   0: 3 0x8000e9b8 (0x4190df93) x31 0xffffffff
core   0: 0x8000e9bc (0x022af063) bgeu    s5, sp, pc + 32
core   0: 3 0x8000e9bc (0x022af063)
core   0: 0x8000e9c0 (0xce0e56b7) lui     a3, 0xce0e5
core   0: 3 0x8000e9c0 (0xce0e56b7) x13 0xce0e5000
core   0: 0x8000e9c4 (0x0420f863) bgeu    ra, sp, pc + 80
core   0: 3 0x8000e9c4 (0x0420f863)
core   0: 0x8000ea14 (0x2565a713) slti    a4, a1, 598
core   0: 3 0x8000ea14 (0x2565a713) x14 0x00000001
core   0: 0x8000ea18 (0x0145adb3) slt     s11, a1, s4
core   0: 3 0x8000ea18 (0x0145adb3) x27 0x00000001
core   0: 0x8000ea1c (0x40ffdab3) sra     s5, t6, a5
core   0: 3 0x8000ea1c (0x40ffdab3) x21 0xffffffff
core   0: 0x8000ea20 (0x00756633) or      a2, a0, t2
core   0: 3 0x8000ea20 (0x00756633) x12 0x00000000
core   0: 0x8000ea24 (0x0000100f) fence.i
core   0: 3 0x8000ea24 (0x0000100f)
core   0: 0x8000ea28 (0x01236433) or      s0, t1, s2
core   0: 3 0x8000ea28 (0x01236433) x 8 0xffffffc9
core   0: 0x8000ea2c (0x00007f17) auipc   t5, 0x7
core   0: 3 0x8000ea2c (0x00007f17) x30 0x80015a2c
core   0: 0x8000ea30 (0xa23f0f13) addi    t5, t5, -1501
core   0: 3 0x8000ea30 (0xa23f0f13) x30 0x8001544f
core   0: 0x8000ea34 (0x00010d17) auipc   s10, 0x10
core   0: 3 0x8000ea34 (0x00010d17) x26 0x8001ea34
core   0: 0x8000ea38 (0x929d0d13) addi    s10, s10, -1751
core   0: 3 0x8000ea38 (0x929d0d13) x26 0x8001e35d
core   0: 0x8000ea3c (0xc67d16a3) sh      t2, -915(s10)
core   0: 3 0x8000ea3c (0xc67d16a3) mem 0x8001dfca 0x0000
core   0: 0x8000ea40 (0xb52d4003) lbu     zero, -1198(s10)
core   0: 3 0x8000ea40 (0xb52d4003) mem 0x8001deaf
core   0: 0x8000ea44 (0x027f0c23) sb      t2, 56(t5)
core   0: 3 0x8000ea44 (0x027f0c23) mem 0x80015487 0x0
core   0: 0x8000ea48 (0x0d9d0403) lb      s0, 217(s10)
core   0: 3 0x8000ea48 (0x0d9d0403) x 8 0xffffffee mem 0x8001e436
core   0: 0x8000ea4c (0xde1d12a3) sh      ra, -539(s10)
core   0: 3 0x8000ea4c (0xde1d12a3) mem 0x8001e142 0xfc41
core   0: 0x8000ea50 (0xfc0f4603) lbu     a2, -64(t5)
core   0: 3 0x8000ea50 (0xfc0f4603) x12 0x0000004a mem 0x8001540f
core   0: 0x8000ea54 (0x29cd0203) lb      tp, 668(s10)
core   0: 3 0x8000ea54 (0x29cd0203) x 4 0xffffff89 mem 0x8001e5f9
core   0: 0x8000ea58 (0xfc4f0983) lb      s3, -60(t5)
core   0: 3 0x8000ea58 (0xfc4f0983) x19 0x0000001c mem 0x80015413
core   0: 0x8000ea5c (0xff3f0b23) sb      s3, -10(t5)
core   0: 3 0x8000ea5c (0xff3f0b23) mem 0x80015445 0x1c
core   0: 0x8000ea60 (0x0efd2483) lw      s1, 239(s10)
core   0: 3 0x8000ea60 (0x0efd2483) x 9 0xf6706d59 mem 0x8001e44c
core   0: 0x8000ea64 (0x006f10a3) sh      t1, 1(t5)
core   0: 3 0x8000ea64 (0x006f10a3) mem 0x80015450 0xffc9
core   0: 0x8000ea68 (0x1b9ef213) andi    tp, t4, 441
core   0: 3 0x8000ea68 (0x1b9ef213) x 4 0x00000000
core   0: 0x8000ea6c (0x00c05a33) srl     s4, zero, a2
core   0: 3 0x8000ea6c (0x00c05a33) x20 0x00000000
core   0: 0x8000ea70 (0x416bd993) srai    s3, s7, 22
core   0: 3 0x8000ea70 (0x416bd993) x19 0x00000000
core   0: 0x8000ea74 (0x00ecabb3) slt     s7, s9, a4
core   0: 3 0x8000ea74 (0x00ecabb3) x23 0x00000001
core   0: 0x8000ea78 (0x40b85513) srai    a0, a6, 11
core   0: 3 0x8000ea78 (0x40b85513) x10 0xfffc7da3
core   0: 0x8000ea7c (0x02291e63) bne     s2, sp, pc + 60
core   0: 3 0x8000ea7c (0x02291e63)
core   0: 0x8000eab8 (0x0ff0000f) fence   iorw,iorw
core   0: 3 0x8000eab8 (0x0ff0000f)
core   0: 0x8000eabc (0x0452c663) blt     t0, t0, pc + 76
core   0: 3 0x8000eabc (0x0452c663)
core   0: 0x8000eac0 (0x05845063) bge     s0, s8, pc + 64
core   0: 3 0x8000eac0 (0x05845063)
core   0: 0x8000eb00 (0x01ebd933) srl     s2, s7, t5
core   0: 3 0x8000eb00 (0x01ebd933) x18 0x00000000
core   0: 0x8000eb04 (0x01d19833) sll     a6, gp, t4
core   0: 3 0x8000eb04 (0x01d19833) x16 0xfffffa71
core   0: 0x8000eb08 (0x02dd9c63) bne     s11, a3, pc + 56
core   0: 3 0x8000eb08 (0x02dd9c63)
core   0: 0x8000eb40 (0x00312333) slt     t1, sp, gp
core   0: 3 0x8000eb40 (0x00312333) x 6 0x00000001
core   0: 0x8000eb44 (0x03717263) bgeu    sp, s7, pc + 36
core   0: 3 0x8000eb44 (0x03717263)
core   0: 0x8000eb68 (0x007ffe63) bgeu    t6, t2, pc + 28
core   0: 3 0x8000eb68 (0x007ffe63)
core   0: 0x8000eb84 (0x011abcb3) sltu    s9, s5, a7
core   0: 3 0x8000eb84 (0x011abcb3) x25 0x00000000
core   0: 0x8000eb88 (0x049eb793) sltiu   a5, t4, 73
core   0: 3 0x8000eb88 (0x049eb793) x15 0x00000001
core   0: 0x8000eb8c (0x013f62b3) or      t0, t5, s3
core   0: 3 0x8000eb8c (0x013f62b3) x 5 0x8001544f
core   0: 0x8000eb90 (0x03916863) bltu    sp, s9, pc + 48
core   0: 3 0x8000eb90 (0x03916863)
core   0: 0x8000eb94 (0xb7202813) slti    a6, zero, -1166
core   0: 3 0x8000eb94 (0xb7202813) x16 0x00000000
core   0: 0x8000eb98 (0xf6b24393) xori    t2, tp, -149
core   0: 3 0x8000eb98 (0xf6b24393) x 7 0xffffff6b
core   0: 0x8000eb9c (0x4182d793) srai    a5, t0, 24
core   0: 3 0x8000eb9c (0x4182d793) x15 0xffffff80
core   0: 0x8000eba0 (0xc097bb97) auipc   s7, 0xc097b
core   0: 3 0x8000eba0 (0xc097bb97) x23 0x40989ba0
core   0: 0x8000eba4 (0x02590a63) beq     s2, t0, pc + 52
core   0: 3 0x8000eba4 (0x02590a63)
core   0: 0x8000eba8 (0x41185393) srai    t2, a6, 17
core   0: 3 0x8000eba8 (0x41185393) x 7 0x00000000
core   0: 0x8000ebac (0x03db1c63) bne     s6, t4, pc + 56
core   0: 3 0x8000ebac (0x03db1c63)
core   0: 0x8000ebe4 (0x00338a33) add     s4, t2, gp
core   0: 3 0x8000ebe4 (0x00338a33) x20 0xfffffa71
core   0: 0x8000ebe8 (0x925a7913) andi    s2, s4, -1755
core   0: 3 0x8000ebe8 (0x925a7913) x18 0xfffff821
core   0: 0x8000ebec (0x01401233) sll     tp, zero, s4
core   0: 3 0x8000ebec (0x01401233) x 4 0x00000000
core   0: 0x8000ebf0 (0x72d2a313) slti    t1, t0, 1837
core   0: 3 0x8000ebf0 (0x72d2a313) x 6 0x00000001
core   0: 0x8000ebf4 (0x95a96437) lui     s0, 0x95a96
core   0: 3 0x8000ebf4 (0x95a96437) x 8 0x95a96000
core   0: 0x8000ebf8 (0x402edeb3) sra     t4, t4, sp
core   0: 3 0x8000ebf8 (0x402edeb3) x29 0x00000000
core   0: 0x8000ebfc (0xc7352693) slti    a3, a0, -909
core   0: 3 0x8000ebfc (0xc7352693) x13 0x00000001
core   0: 0x8000ec00 (0xf21a7213) andi    tp, s4, -223
core   0: 3 0x8000ec00 (0xf21a7213) x 4 0xfffffa21
core   0: 0x8000ec04 (0x006ffc33) and     s8, t6, t1
core   0: 3 0x8000ec04 (0x006ffc33) x24 0x00000001
core   0: 0x8000ec08 (0x76c20693) addi    a3, tp, 1900
core   0: 3 0x8000ec08 (0x76c20693) x13 0x0000018d
core   0: 0x8000ec0c (0x5a2d2a13) slti    s4, s10, 1442
core   0: 3 0x8000ec0c (0x5a2d2a13) x20 0x00000001
core   0: 0x8000ec10 (0x00971c63) bne     a4, s1, pc + 24
core   0: 3 0x8000ec10 (0x00971c63)
core   0: 0x8000ec28 (0xba040f37) lui     t5, 0xba040
core   0: 3 0x8000ec28 (0xba040f37) x30 0xba040000
core   0: 0x8000ec2c (0x05ecf863) bgeu    s9, t5, pc + 80
core   0: 3 0x8000ec2c (0x05ecf863)
core   0: 0x8000ec30 (0x059f2e93) slti    t4, t5, 89
core   0: 3 0x8000ec30 (0x059f2e93) x29 0x00000001
core   0: 0x8000ec34 (0x01b03bb3) snez    s7, s11
core   0: 3 0x8000ec34 (0x01b03bb3) x23 0x00000001
core   0: 0x8000ec38 (0x03bd5663) bge     s10, s11, pc + 44
core   0: 3 0x8000ec38 (0x03bd5663)
core   0: 0x8000ec3c (0x022eee63) bltu    t4, sp, pc + 60
core   0: 3 0x8000ec3c (0x022eee63)
core   0: 0x8000ec78 (0x00b8e433) or      s0, a7, a1
core   0: 3 0x8000ec78 (0x00b8e433) x 8 0x8002ece4
core   0: 0x8000ec7c (0x0118eab3) or      s5, a7, a7
core   0: 3 0x8000ec7c (0x0118eab3) x21 0x00000820
core   0: 0x8000ec80 (0x003f9013) slli    zero, t6, 3
core   0: 3 0x8000ec80 (0x003f9013)
core   0: 0x8000ec84 (0x04dae063) bltu    s5, a3, pc + 64
core   0: 3 0x8000ec84 (0x04dae063)
core   0: 0x8000ec88 (0x009b6633) or      a2, s6, s1
core   0: 3 0x8000ec88 (0x009b6633) x12 0xfe71ff5d
core   0: 0x8000ec8c (0x4b3c6893) ori     a7, s8, 1203
core   0: 3 0x8000ec8c (0x4b3c6893) x17 0x000004b3
core   0: 0x8000ec90 (0xcababa93) sltiu   s5, s5, -853
core   0: 3 0x8000ec90 (0xcababa93) x21 0x00000001
core   0: 0x8000ec94 (0x006b1313) slli    t1, s6, 6
core   0: 3 0x8000ec94 (0x006b1313) x 6 0x986ed700
core   0: 0x8000ec98 (0x62c7c793) xori    a5, a5, 1580
core   0: 3 0x8000ec98 (0x62c7c793) x15 0xfffff9ac
core   0: 0x8000ec9c (0x242d40b7) lui     ra, 0x242d4
core   0: 3 0x8000ec9c (0x242d40b7) x 1 0x242d4000
core   0: 0x8000eca0 (0x0003d093) srli    ra, t2, 0
core   0: 3 0x8000eca0 (0x0003d093) x 1 0x00000000
core   0: 0x8000eca4 (0x1d816e93) ori     t4, sp, 472
core   0: 3 0x8000eca4 (0x1d816e93) x29 0x8002affc
core   0: 0x8000eca8 (0x01d01833) sll     a6, zero, t4
core   0: 3 0x8000eca8 (0x01d01833) x16 0x00000000
core   0: 0x8000ecac (0x5eb89f37) lui     t5, 0x5eb89
core   0: 3 0x8000ecac (0x5eb89f37) x30 0x5eb89000
core   0: 0x8000ecb0 (0x0ff0000f) fence   iorw,iorw
core   0: 3 0x8000ecb0 (0x0ff0000f)
core   0: 0x8000ecb4 (0x019a1013) slli    zero, s4, 25
core   0: 3 0x8000ecb4 (0x019a1013)
core   0: 0x8000ecb8 (0x00715e63) bge     sp, t2, pc + 28
core   0: 3 0x8000ecb8 (0x00715e63)
core   0: 0x8000ecbc (0x01406033) or      zero, zero, s4
core   0: 3 0x8000ecbc (0x01406033)
core   0: 0x8000ecc0 (0x0000100f) fence.i
core   0: 3 0x8000ecc0 (0x0000100f)
core   0: 0x8000ecc4 (0x011e7933) and     s2, t3, a7
core   0: 3 0x8000ecc4 (0x011e7933) x18 0x00000003
core   0: 0x8000ecc8 (0x00000013) nop
core   0: 3 0x8000ecc8 (0x00000013)
core   0: 0x8000eccc (0x03125c63) bge     tp, a7, pc + 56
core   0: 3 0x8000eccc (0x03125c63)
core   0: 0x8000ecd0 (0x00bdce33) xor     t3, s11, a1
core   0: 3 0x8000ecd0 (0x00bdce33) x28 0x8002ece5
core   0: 0x8000ecd4 (0x00d75e13) srli    t3, a4, 13
core   0: 3 0x8000ecd4 (0x00d75e13) x28 0x00000000
core   0: 0x8000ecd8 (0x001fcc33) xor     s8, t6, ra
core   0: 3 0x8000ecd8 (0x001fcc33) x24 0xffffffff
core   0: 0x8000ecdc (0x006cbfb3) sltu    t6, s9, t1
core   0: 3 0x8000ecdc (0x006cbfb3) x31 0x00000001
core   0: 0x8000ece0 (0x00ae8233) add     tp, t4, a0
core   0: 3 0x8000ece0 (0x00ae8233) x 4 0x7fff2d9f
core   0: 0x8000ece4 (0x01d45a63) bge     s0, t4, pc + 20
core   0: 3 0x8000ece4 (0x01d45a63)
core   0: 0x8000ecf8 (0x00b3bfb3) sltu    t6, t2, a1
core   0: 3 0x8000ecf8 (0x00b3bfb3) x31 0x00000001
core   0: 0x8000ecfc (0x017e6fb3) or      t6, t3, s7
core   0: 3 0x8000ecfc (0x017e6fb3) x31 0x00000001
core   0: 0x8000ed00 (0x02056663) bltu    a0, zero, pc + 44
core   0: 3 0x8000ed00 (0x02056663)
core   0: 0x8000ed04 (0x98b12993) slti    s3, sp, -1653
core   0: 3 0x8000ed04 (0x98b12993) x19 0x00000001
core   0: 0x8000ed08 (0x1c57e197) auipc   gp, 0x1c57e
core   0: 3 0x8000ed08 (0x1c57e197) x 3 0x9c58cd08
core   0: 0x8000ed0c (0x922368b7) lui     a7, 0x92236
core   0: 3 0x8000ed0c (0x922368b7) x17 0x92236000
core   0: 0x8000ed10 (0x04731663) bne     t1, t2, pc + 76
core   0: 3 0x8000ed10 (0x04731663)
core   0: 0x8000ed5c (0x00948c33) add     s8, s1, s1
core   0: 3 0x8000ed5c (0x00948c33) x24 0xece0dab2
core   0: 0x8000ed60 (0x002aabb3) slt     s7, s5, sp
core   0: 3 0x8000ed60 (0x002aabb3) x23 0x00000000
core   0: 0x8000ed64 (0x55dc0913) addi    s2, s8, 1373
core   0: 3 0x8000ed64 (0x55dc0913) x18 0xece0e00f
core   0: 0x8000ed68 (0x4620cd13) xori    s10, ra, 1122
core   0: 3 0x8000ed68 (0x4620cd13) x26 0x00000462
core   0: 0x8000ed6c (0x41e35f33) sra     t5, t1, t5
core   0: 3 0x8000ed6c (0x41e35f33) x30 0x986ed700
core   0: 0x8000ed70 (0x656a8c13) addi    s8, s5, 1622
core   0: 3 0x8000ed70 (0x656a8c13) x24 0x00000657
core   0: 0x8000ed74 (0x1b1f6313) ori     t1, t5, 433
core   0: 3 0x8000ed74 (0x1b1f6313) x 6 0x986ed7b1
core   0: 0x8000ed78 (0x00000013) nop
core   0: 3 0x8000ed78 (0x00000013)
core   0: 0x8000ed7c (0x001c3a33) sltu    s4, s8, ra
core   0: 3 0x8000ed7c (0x001c3a33) x20 0x00000000
core   0: 0x8000ed80 (0x007e7eb3) and     t4, t3, t2
core   0: 3 0x8000ed80 (0x007e7eb3) x29 0x00000000
core   0: 0x8000ed84 (0x03d39863) bne     t2, t4, pc + 48
core   0: 3 0x8000ed84 (0x03d39863)
core   0: 0x8000ed88 (0x015aa8b3) slt     a7, s5, s5
core   0: 3 0x8000ed88 (0x015aa8b3) x17 0x00000000
core   0: 0x8000ed8c (0x0587e863) bltu    a5, s8, pc + 80
core   0: 3 0x8000ed8c (0x0587e863)
core   0: 0x8000ed90 (0xdb1f3293) sltiu   t0, t5, -591
core   0: 3 0x8000ed90 (0xdb1f3293) x 5 0x00000001
core   0: 0x8000ed94 (0x02487063) bgeu    a6, tp, pc + 32
core   0: 3 0x8000ed94 (0x02487063)
core   0: 0x8000ed98 (0x019a97b3) sll     a5, s5, s9
core   0: 3 0x8000ed98 (0x019a97b3) x15 0x00000001
core   0: 0x8000ed9c (0xe2b86513) ori     a0, a6, -469
core   0: 3 0x8000ed9c (0xe2b86513) x10 0xfffffe2b
core   0: 0x8000eda0 (0x01de5913) srli    s2, t3, 29
core   0: 3 0x8000eda0 (0x01de5913) x18 0x00000000
core   0: 0x8000eda4 (0x02d69263) bne     a3, a3, pc + 36
core   0: 3 0x8000eda4 (0x02d69263)
core   0: 0x8000eda8 (0x00d69393) slli    t2, a3, 13
core   0: 3 0x8000eda8 (0x00d69393) x 7 0x0031a000
core   0: 0x8000edac (0x013b2e33) slt     t3, s6, s3
core   0: 3 0x8000edac (0x013b2e33) x28 0x00000001
core   0: 0x8000edb0 (0x03264a63) blt     a2, s2, pc + 52
core   0: 3 0x8000edb0 (0x03264a63)
core   0: 0x8000ede4 (0x03310e63) beq     sp, s3, pc + 60
core   0: 3 0x8000ede4 (0x03310e63)
core   0: 0x8000ede8 (0x02627663) bgeu    tp, t1, pc + 44
core   0: 3 0x8000ede8 (0x02627663)
core   0: 0x8000edec (0x002f1263) bne     t5, sp, pc + 4
core   0: 3 0x8000edec (0x002f1263)
core   0: 0x8000edf0 (0x970e2c93) slti    s9, t3, -1680
core   0: 3 0x8000edf0 (0x970e2c93) x25 0x00000000
core   0: 0x8000edf4 (0xcff97213) andi    tp, s2, -769
core   0: 3 0x8000edf4 (0xcff97213) x 4 0x00000000
core   0: 0x8000edf8 (0x00f68533) add     a0, a3, a5
core   0: 3 0x8000edf8 (0x00f68533) x10 0x0000018e
core   0: 0x8000edfc (0x2d1e2617) auipc   a2, 0x2d1e2
core   0: 3 0x8000edfc (0x2d1e2617) x12 0xad1f0dfc
core   0: 0x8000ee00 (0x40525c93) srai    s9, tp, 5
core   0: 3 0x8000ee00 (0x40525c93) x25 0x00000000
core   0: 0x8000ee04 (0x01b19413) slli    s0, gp, 27
core   0: 3 0x8000ee04 (0x01b19413) x 8 0x40000000
core   0: 0x8000ee08 (0x0000100f) fence.i
core   0: 3 0x8000ee08 (0x0000100f)
core   0: 0x8000ee0c (0x00000013) nop
core   0: 3 0x8000ee0c (0x00000013)
core   0: 0x8000ee10 (0x013af633) and     a2, s5, s3
core   0: 3 0x8000ee10 (0x013af633) x12 0x00000001
core   0: 0x8000ee14 (0x01607533) and     a0, zero, s6
core   0: 3 0x8000ee14 (0x01607533) x10 0x00000000
core   0: 0x8000ee18 (0x00000013) nop
core   0: 3 0x8000ee18 (0x00000013)
core   0: 0x8000ee1c (0x015f1b93) slli    s7, t5, 21
core   0: 3 0x8000ee1c (0x015f1b93) x23 0xe0000000
core   0: 0x8000ee20 (0x01ff6ab3) or      s5, t5, t6
core   0: 3 0x8000ee20 (0x01ff6ab3) x21 0x986ed701
core   0: 0x8000ee24 (0x3d254537) lui     a0, 0x3d254
core   0: 3 0x8000ee24 (0x3d254537) x10 0x3d254000
core   0: 0x8000ee28 (0x02af5663) bge     t5, a0, pc + 44
core   0: 3 0x8000ee28 (0x02af5663)
core   0: 0x8000ee2c (0x41d70933) sub     s2, a4, t4
core   0: 3 0x8000ee2c (0x41d70933) x18 0x00000001
core   0: 0x8000ee30 (0x65c4c913) xori    s2, s1, 1628
core   0: 3 0x8000ee30 (0x65c4c913) x18 0xf6706b05
core   0: 0x8000ee34 (0x01d6ea63) bltu    a3, t4, pc + 20
core   0: 3 0x8000ee34 (0x01d6ea63)
core   0: 0x8000ee38 (0x00809c33) sll     s8, ra, s0
core   0: 3 0x8000ee38 (0x00809c33) x24 0x00000000
core   0: 0x8000ee3c (0x01671ab3) sll     s5, a4, s6
core   0: 3 0x8000ee3c (0x01671ab3) x21 0x10000000
core   0: 0x8000ee40 (0x30ad3e93) sltiu   t4, s10, 778
core   0: 3 0x8000ee40 (0x30ad3e93) x29 0x00000000
core   0: 0x8000ee44 (0x41e607b3) sub     a5, a2, t5
core   0: 3 0x8000ee44 (0x41e607b3) x15 0x67912901
core   0: 0x8000ee48 (0x0ff0000f) fence   iorw,iorw
core   0: 3 0x8000ee48 (0x0ff0000f)
core   0: 0x8000ee4c (0x1e54f293) andi    t0, s1, 485
core   0: 3 0x8000ee4c (0x1e54f293) x 5 0x00000141
core   0: 0x8000ee50 (0x00af1c63) bne     t5, a0, pc + 24
core   0: 3 0x8000ee50 (0x00af1c63)
core   0: 0x8000ee68 (0x000c4663) bltz    s8, pc + 12
core   0: 3 0x8000ee68 (0x000c4663)
core   0: 0x8000ee6c (0x033dee63) bltu    s11, s3, pc + 60
core   0: 3 0x8000ee6c (0x033dee63)
core   0: 0x8000ee70 (0x00f44333) xor     t1, s0, a5
core   0: 3 0x8000ee70 (0x00f44333) x 6 0x27912901
core   0: 0x8000ee74 (0x02630c63) beq     t1, t1, pc + 56
core   0: 3 0x8000ee74 (0x02630c63)
core   0: 0x8000eeac (0x00000013) nop
core   0: 3 0x8000eeac (0x00000013)
core   0: 0x8000eeb0 (0x01c05fb3) srl     t6, zero, t3
core   0: 3 0x8000eeb0 (0x01c05fb3) x31 0x00000000
core   0: 0x8000eeb4 (0x03b31e63) bne     t1, s11, pc + 60
core   0: 3 0x8000eeb4 (0x03b31e63)
core   0: 0x8000eef0 (0x010ffab3) and     s5, t6, a6
core   0: 3 0x8000eef0 (0x010ffab3) x21 0x00000000
core   0: 0x8000eef4 (0x00ccbc33) sltu    s8, s9, a2
core   0: 3 0x8000eef4 (0x00ccbc33) x24 0x00000001
core   0: 0x8000eef8 (0x018e9693) slli    a3, t4, 24
core   0: 3 0x8000eef8 (0x018e9693) x13 0x00000000
core   0: 0x8000eefc (0x05c31063) bne     t1, t3, pc + 64
core   0: 3 0x8000eefc (0x05c31063)
core   0: 0x8000ef3c (0x04e89663) bne     a7, a4, pc + 76
core   0: 3 0x8000ef3c (0x04e89663)
core   0: 0x8000ef88 (0x01d7a433) slt     s0, a5, t4
core   0: 3 0x8000ef88 (0x01d7a433) x 8 0x00000000
core   0: 0x8000ef8c (0x0044af33) slt     t5, s1, tp
core   0: 3 0x8000ef8c (0x0044af33) x30 0x00000001
core   0: 0x8000ef90 (0x0000100f) fence.i
core   0: 3 0x8000ef90 (0x0000100f)
core   0: 0x8000ef94 (0xb3812913) slti    s2, sp, -1224
core   0: 3 0x8000ef94 (0xb3812913) x18 0x00000001
core   0: 0x8000ef98 (0x023f9863) bne     t6, gp, pc + 48
core   0: 3 0x8000ef98 (0x023f9863)
core   0: 0x8000efc8 (0x00754033) xor     zero, a0, t2
core   0: 3 0x8000efc8 (0x00754033)
core   0: 0x8000efcc (0x017ee2b3) or      t0, t4, s7
core   0: 3 0x8000efcc (0x017ee2b3) x 5 0xe0000000
core   0: 0x8000efd0 (0xd25a7537) lui     a0, 0xd25a7
core   0: 3 0x8000efd0 (0xd25a7537) x10 0xd25a7000
core   0: 0x8000efd4 (0x00eb7633) and     a2, s6, a4
core   0: 3 0x8000efd4 (0x00eb7633) x12 0x00000000
core   0: 0x8000efd8 (0x40a5d2b3) sra     t0, a1, a0
core   0: 3 0x8000efd8 (0x40a5d2b3) x 5 0x8002ece4
core   0: 0x8000efdc (0x04fdd063) bge     s11, a5, pc + 64
core   0: 3 0x8000efdc (0x04fdd063)
core   0: 0x8000efe0 (0x3dc198b7) lui     a7, 0x3dc19
core   0: 3 0x8000efe0 (0x3dc198b7) x17 0x3dc19000
core   0: 0x8000efe4 (0x12430293) addi    t0, t1, 292
core   0: 3 0x8000efe4 (0x12430293) x 5 0x27912a25
core   0: 0x8000efe8 (0x406981b3) sub     gp, s3, t1
core   0: 3 0x8000efe8 (0x406981b3) x 3 0xd86ed700
core   0: 0x8000efec (0x02891663) bne     s2, s0, pc + 44
core   0: 3 0x8000efec (0x02891663)
core   0: 0x8000f018 (0x00566db3) or      s11, a2, t0
core   0: 3 0x8000f018 (0x00566db3) x27 0x27912a25
core   0: 0x8000f01c (0x01e5f333) and     t1, a1, t5
core   0: 3 0x8000f01c (0x01e5f333) x 6 0x00000000
core   0: 0x8000f020 (0xce6e7d13) andi    s10, t3, -794
core   0: 3 0x8000f020 (0xce6e7d13) x26 0x00000000
core   0: 0x8000f024 (0x01431793) slli    a5, t1, 20
core   0: 3 0x8000f024 (0x01431793) x15 0x00000000
core   0: 0x8000f028 (0x485dc393) xori    t2, s11, 1157
core   0: 3 0x8000f028 (0x485dc393) x 7 0x27912ea0
core   0: 0x8000f02c (0x01991663) bne     s2, s9, pc + 12
core   0: 3 0x8000f02c (0x01991663)
core   0: 0x8000f038 (0x41efe813) ori     a6, t6, 1054
core   0: 3 0x8000f038 (0x41efe813) x16 0x0000041e
core   0: 0x8000f03c (0xd176e893) ori     a7, a3, -745
core   0: 3 0x8000f03c (0xd176e893) x17 0xfffffd17
core   0: 0x8000f040 (0x019b1993) slli    s3, s6, 25
core   0: 3 0x8000f040 (0x019b1993) x19 0xb8000000
core   0: 0x8000f044 (0x010cabb3) slt     s7, s9, a6
core   0: 3 0x8000f044 (0x010cabb3) x23 0x00000001
core   0: 0x8000f048 (0xe8087b93) andi    s7, a6, -384
core   0: 3 0x8000f048 (0xe8087b93) x23 0x00000400
core   0: 0x8000f04c (0x00e60c33) add     s8, a2, a4
core   0: 3 0x8000f04c (0x00e60c33) x24 0x00000001
core   0: 0x8000f050 (0x0000100f) fence.i
core   0: 3 0x8000f050 (0x0000100f)
core   0: 0x8000f054 (0x018851b3) srl     gp, a6, s8
core   0: 3 0x8000f054 (0x018851b3) x 3 0x0000020f
core   0: 0x8000f058 (0x4ca38a93) addi    s5, t2, 1226
core   0: 3 0x8000f058 (0x4ca38a93) x21 0x2791336a
core   0: 0x8000f05c (0x0000100f) fence.i
core   0: 3 0x8000f05c (0x0000100f)
core   0: 0x8000f060 (0x0ff0000f) fence   iorw,iorw
core   0: 3 0x8000f060 (0x0ff0000f)
core   0: 0x8000f064 (0x7497b913) sltiu   s2, a5, 1865
core   0: 3 0x8000f064 (0x7497b913) x18 0x00000001
core   0: 0x8000f068 (0x02926c63) bltu    tp, s1, pc + 56
core   0: 3 0x8000f068 (0x02926c63)
core   0: 0x8000f0a0 (0x71e14413) xori    s0, sp, 1822
core   0: 3 0x8000f0a0 (0x71e14413) x 8 0x8002a97a
core   0: 0x8000f0a4 (0x0000100f) fence.i
core   0: 3 0x8000f0a4 (0x0000100f)
core   0: 0x8000f0a8 (0x05c21863) bne     tp, t3, pc + 80
core   0: 3 0x8000f0a8 (0x05c21863)
core   0: 0x8000f0f8 (0x015dc1b3) xor     gp, s11, s5
core   0: 3 0x8000f0f8 (0x015dc1b3) x 3 0x0000194f
core   0: 0x8000f0fc (0x00000013) nop
core   0: 3 0x8000f0fc (0x00000013)
core   0: 0x8000f100 (0x01ae8633) add     a2, t4, s10
core   0: 3 0x8000f100 (0x01ae8633) x12 0x00000000
core   0: 0x8000f104 (0x01c2d913) srli    s2, t0, 28
core   0: 3 0x8000f104 (0x01c2d913) x18 0x00000002
core   0: 0x8000f108 (0x015714b3) sll     s1, a4, s5
core   0: 3 0x8000f108 (0x015714b3) x 9 0x00000400
core   0: 0x8000f10c (0x01d64a33) xor     s4, a2, t4
core   0: 3 0x8000f10c (0x01d64a33) x20 0x00000000
core   0: 0x8000f110 (0x00131bb3) sll     s7, t1, ra
core   0: 3 0x8000f110 (0x00131bb3) x23 0x00000000
core   0: 0x8000f114 (0x01a0f033) and     zero, ra, s10
core   0: 3 0x8000f114 (0x01a0f033)
core   0: 0x8000f118 (0x9e9bf413) andi    s0, s7, -1559
core   0: 3 0x8000f118 (0x9e9bf413) x 8 0x00000000
core   0: 0x8000f11c (0xaea80613) addi    a2, a6, -1302
core   0: 3 0x8000f11c (0xaea80613) x12 0xffffff08
core   0: 0x8000f120 (0xa75b0a97) auipc   s5, 0xa75b0
core   0: 3 0x8000f120 (0xa75b0a97) x21 0x275bf120
core   0: 0x8000f124 (0x011a84b3) add     s1, s5, a7
core   0: 3 0x8000f124 (0x011a84b3) x 9 0x275bee37
core   0: 0x8000f128 (0x00da18b3) sll     a7, s4, a3
core   0: 3 0x8000f128 (0x00da18b3) x17 0x00000000
core   0: 0x8000f12c (0x00cb0eb3) add     t4, s6, a2
core   0: 3 0x8000f12c (0x00cb0eb3) x29 0xfe61ba64
core   0: 0x8000f130 (0x00842eb3) slt     t4, s0, s0
core   0: 3 0x8000f130 (0x00842eb3) x29 0x00000000
core   0: 0x8000f134 (0x010f0863) beq     t5, a6, pc + 16
core   0: 3 0x8000f134 (0x010f0863)
core   0: 0x8000f138 (0x03e0fc63) bgeu    ra, t5, pc + 56
core   0: 3 0x8000f138 (0x03e0fc63)
core   0: 0x8000f13c (0x0024da33) srl     s4, s1, sp
core   0: 3 0x8000f13c (0x0024da33) x20 0x0275bee3
core   0: 0x8000f140 (0x0073c033) xor     zero, t2, t2
core   0: 3 0x8000f140 (0x0073c033)
core   0: 0x8000f144 (0x0ff0000f) fence   iorw,iorw
core   0: 3 0x8000f144 (0x0ff0000f)
core   0: 0x8000f148 (0x0030e4b3) or      s1, ra, gp
core   0: 3 0x8000f148 (0x0030e4b3) x 9 0x0000194f
core   0: 0x8000f14c (0x00f71833) sll     a6, a4, a5
core   0: 3 0x8000f14c (0x00f71833) x16 0x00000001
core   0: 0x8000f150 (0x003fb233) sltu    tp, t6, gp
core   0: 3 0x8000f150 (0x003fb233) x 4 0x00000001
core   0: 0x8000f154 (0x41b782b3) sub     t0, a5, s11
core   0: 3 0x8000f154 (0x41b782b3) x 5 0xd86ed5db
core   0: 0x8000f158 (0x00000013) nop
core   0: 3 0x8000f158 (0x00000013)
core   0: 0x8000f15c (0x9747b213) sltiu   tp, a5, -1676
core   0: 3 0x8000f15c (0x9747b213) x 4 0x00000001
core   0: 0x8000f160 (0x00f46f33) or      t5, s0, a5
core   0: 3 0x8000f160 (0x00f46f33) x30 0x00000000
core   0: 0x8000f164 (0x40da8db3) sub     s11, s5, a3
core   0: 3 0x8000f164 (0x40da8db3) x27 0x275bf120
core   0: 0x8000f168 (0x1f4ba393) slti    t2, s7, 500
core   0: 3 0x8000f168 (0x1f4ba393) x 7 0x00000001
core   0: 0x8000f16c (0x00f07e33) and     t3, zero, a5
core   0: 3 0x8000f16c (0x00f07e33) x28 0x00000000
core   0: 0x8000f170 (0x0cce0a93) addi    s5, t3, 204
core   0: 3 0x8000f170 (0x0cce0a93) x21 0x000000cc
core   0: 0x8000f174 (0x01ccbfb3) sltu    t6, s9, t3
core   0: 3 0x8000f174 (0x01ccbfb3) x31 0x00000000
core   0: 0x8000f178 (0x0280d063) bge     ra, s0, pc + 32
core   0: 3 0x8000f178 (0x0280d063)
core   0: 0x8000f198 (0x030d1a63) bne     s10, a6, pc + 52
core   0: 3 0x8000f198 (0x030d1a63)
core   0: 0x8000f1cc (0x005c3433) sltu    s0, s8, t0
core   0: 3 0x8000f1cc (0x005c3433) x 8 0x00000001
core   0: 0x8000f1d0 (0x0152fe63) bgeu    t0, s5, pc + 28
core   0: 3 0x8000f1d0 (0x0152fe63)
core   0: 0x8000f1ec (0x0ff0000f) fence   iorw,iorw
core   0: 3 0x8000f1ec (0x0ff0000f)
core   0: 0x8000f1f0 (0x019e3733) sltu    a4, t3, s9
core   0: 3 0x8000f1f0 (0x019e3733) x14 0x00000000
core   0: 0x8000f1f4 (0x00401513) slli    a0, zero, 4
core   0: 3 0x8000f1f4 (0x00401513) x10 0x00000000
core   0: 0x8000f1f8 (0xe8cc2413) slti    s0, s8, -372
core   0: 3 0x8000f1f8 (0xe8cc2413) x 8 0x00000000
core   0: 0x8000f1fc (0x01179413) slli    s0, a5, 17
core   0: 3 0x8000f1fc (0x01179413) x 8 0x00000000
core   0: 0x8000f200 (0x03995663) bge     s2, s9, pc + 44
core   0: 3 0x8000f200 (0x03995663)
core   0: 0x8000f22c (0x02129063) bne     t0, ra, pc + 32
core   0: 3 0x8000f22c (0x02129063)
core   0: 0x8000f24c (0x00913433) sltu    s0, sp, s1
core   0: 3 0x8000f24c (0x00913433) x 8 0x00000000
core   0: 0x8000f250 (0x8a6b3c13) sltiu   s8, s6, -1882
core   0: 3 0x8000f250 (0x8a6b3c13) x24 0x00000001
core   0: 0x8000f254 (0x008df333) and     t1, s11, s0
core   0: 3 0x8000f254 (0x008df333) x 6 0x00000000
core   0: 0x8000f258 (0x00751b93) slli    s7, a0, 7
core   0: 3 0x8000f258 (0x00751b93) x23 0x00000000
core   0: 0x8000f25c (0x4d76cf93) xori    t6, a3, 1239
core   0: 3 0x8000f25c (0x4d76cf93) x31 0x000004d7
core   0: 0x8000f260 (0x4066d813) srai    a6, a3, 6
core   0: 3 0x8000f260 (0x4066d813) x16 0x00000000
core   0: 0x8000f264 (0x011fe263) bltu    t6, a7, pc + 4
core   0: 3 0x8000f264 (0x011fe263)
core   0: 0x8000f268 (0x00675db3) srl     s11, a4, t1
core   0: 3 0x8000f268 (0x00675db3) x27 0x00000000
core   0: 0x8000f26c (0x00000b17) auipc   s6, 0x0
core   0: 3 0x8000f26c (0x00000b17) x22 0x8000f26c
core   0: 0x8000f270 (0x00cb0b13) addi    s6, s6, 12
core   0: 3 0x8000f270 (0x00cb0b13) x22 0x8000f278
core   0: 0x8000f274 (0x000b0067) jr      s6
core   0: 3 0x8000f274 (0x000b0067)
core   0: 0x8000f278 (0x00100193) li      gp, 1
core   0: 3 0x8000f278 (0x00100193) x 3 0x00000001
core   0: 0x8000f27c (0x00000073) ecall
core   0: exception trap_machine_ecall, epc 0x8000f27c
core   0: >>>>  mtvec_handler
core   0: 0x80014270 (0x0400006f) j       pc + 0x40
core   0: 3 0x80014270 (0x0400006f)
core   0: 0x800142b0 (0xffc58593) addi    a1, a1, -4
core   0: 3 0x800142b0 (0xffc58593) x11 0x8002ece0
core   0: 0x800142b4 (0x0025a023) sw      sp, 0(a1)
core   0: 3 0x800142b4 (0x0025a023) mem 0x8002ece0 0x8002ae64
core   0: 0x800142b8 (0x00058133) add     sp, a1, zero
core   0: 3 0x800142b8 (0x00058133) x 2 0x8002ece0
core   0: 0x800142bc (0xf8010113) addi    sp, sp, -128
core   0: 3 0x800142bc (0xf8010113) x 2 0x8002ec60
core   0: 0x800142c0 (0x00112223) sw      ra, 4(sp)
core   0: 3 0x800142c0 (0x00112223) mem 0x8002ec64 0x00000000
core   0: 0x800142c4 (0x00212423) sw      sp, 8(sp)
core   0: 3 0x800142c4 (0x00212423) mem 0x8002ec68 0x8002ec60
core   0: 0x800142c8 (0x00312623) sw      gp, 12(sp)
core   0: 3 0x800142c8 (0x00312623) mem 0x8002ec6c 0x00000001
core   0: 0x800142cc (0x00412823) sw      tp, 16(sp)
core   0: 3 0x800142cc (0x00412823) mem 0x8002ec70 0x00000001
core   0: 0x800142d0 (0x00512a23) sw      t0, 20(sp)
core   0: 3 0x800142d0 (0x00512a23) mem 0x8002ec74 0xd86ed5db
core   0: 0x800142d4 (0x00612c23) sw      t1, 24(sp)
core   0: 3 0x800142d4 (0x00612c23) mem 0x8002ec78 0x00000000
core   0: 0x800142d8 (0x00712e23) sw      t2, 28(sp)
core   0: 3 0x800142d8 (0x00712e23) mem 0x8002ec7c 0x00000001
core   0: 0x800142dc (0x02812023) sw      s0, 32(sp)
core   0: 3 0x800142dc (0x02812023) mem 0x8002ec80 0x00000000
core   0: 0x800142e0 (0x02912223) sw      s1, 36(sp)
core   0: 3 0x800142e0 (0x02912223) mem 0x8002ec84 0x0000194f
core   0: 0x800142e4 (0x02a12423) sw      a0, 40(sp)
core   0: 3 0x800142e4 (0x02a12423) mem 0x8002ec88 0x00000000
core   0: 0x800142e8 (0x02b12623) sw      a1, 44(sp)
core   0: 3 0x800142e8 (0x02b12623) mem 0x8002ec8c 0x8002ece0
core   0: 0x800142ec (0x02c12823) sw      a2, 48(sp)
core   0: 3 0x800142ec (0x02c12823) mem 0x8002ec90 0xffffff08
core   0: 0x800142f0 (0x02d12a23) sw      a3, 52(sp)
core   0: 3 0x800142f0 (0x02d12a23) mem 0x8002ec94 0x00000000
core   0: 0x800142f4 (0x02e12c23) sw      a4, 56(sp)
core   0: 3 0x800142f4 (0x02e12c23) mem 0x8002ec98 0x00000000
core   0: 0x800142f8 (0x02f12e23) sw      a5, 60(sp)
core   0: 3 0x800142f8 (0x02f12e23) mem 0x8002ec9c 0x00000000
core   0: 0x800142fc (0x05012023) sw      a6, 64(sp)
core   0: 3 0x800142fc (0x05012023) mem 0x8002eca0 0x00000000
core   0: 0x80014300 (0x05112223) sw      a7, 68(sp)
core   0: 3 0x80014300 (0x05112223) mem 0x8002eca4 0x00000000
core   0: 0x80014304 (0x05212423) sw      s2, 72(sp)
core   0: 3 0x80014304 (0x05212423) mem 0x8002eca8 0x00000002
core   0: 0x80014308 (0x05312623) sw      s3, 76(sp)
core   0: 3 0x80014308 (0x05312623) mem 0x8002ecac 0xb8000000
core   0: 0x8001430c (0x05412823) sw      s4, 80(sp)
core   0: 3 0x8001430c (0x05412823) mem 0x8002ecb0 0x0275bee3
core   0: 0x80014310 (0x05512a23) sw      s5, 84(sp)
core   0: 3 0x80014310 (0x05512a23) mem 0x8002ecb4 0x000000cc
core   0: 0x80014314 (0x05612c23) sw      s6, 88(sp)
core   0: 3 0x80014314 (0x05612c23) mem 0x8002ecb8 0x8000f278
core   0: 0x80014318 (0x05712e23) sw      s7, 92(sp)
core   0: 3 0x80014318 (0x05712e23) mem 0x8002ecbc 0x00000000
core   0: 0x8001431c (0x07812023) sw      s8, 96(sp)
core   0: 3 0x8001431c (0x07812023) mem 0x8002ecc0 0x00000001
core   0: 0x80014320 (0x07912223) sw      s9, 100(sp)
core   0: 3 0x80014320 (0x07912223) mem 0x8002ecc4 0x00000000
core   0: 0x80014324 (0x07a12423) sw      s10, 104(sp)
core   0: 3 0x80014324 (0x07a12423) mem 0x8002ecc8 0x00000000
core   0: 0x80014328 (0x07b12623) sw      s11, 108(sp)
core   0: 3 0x80014328 (0x07b12623) mem 0x8002eccc 0x00000000
core   0: 0x8001432c (0x07c12823) sw      t3, 112(sp)
core   0: 3 0x8001432c (0x07c12823) mem 0x8002ecd0 0x00000000
core   0: 0x80014330 (0x07d12a23) sw      t4, 116(sp)
core   0: 3 0x80014330 (0x07d12a23) mem 0x8002ecd4 0x00000000
core   0: 0x80014334 (0x07e12c23) sw      t5, 120(sp)
core   0: 3 0x80014334 (0x07e12c23) mem 0x8002ecd8 0x00000000
core   0: 0x80014338 (0x07f12e23) sw      t6, 124(sp)
core   0: 3 0x80014338 (0x07f12e23) mem 0x8002ecdc 0x000004d7
core   0: 0x8001433c (0x000105b3) add     a1, sp, zero
core   0: 3 0x8001433c (0x000105b3) x11 0x8002ec60
core   0: 0x80014340 (0x341022f3) csrr    t0, mepc
core   0: 3 0x80014340 (0x341022f3) x 5 0x8000f27c
core   0: 0x80014344 (0x342022f3) csrr    t0, mcause
core   0: 3 0x80014344 (0x342022f3) x 5 0x0000000b
core   0: 0x80014348 (0x00300b93) li      s7, 3
core   0: 3 0x80014348 (0x00300b93) x23 0x00000003
core   0: 0x8001434c (0x2b728a63) beq     t0, s7, pc + 692
core   0: 3 0x8001434c (0x2b728a63)
core   0: 0x80014350 (0x00800b93) li      s7, 8
core   0: 3 0x80014350 (0x00800b93) x23 0x00000008
core   0: 0x80014354 (0x05728e63) beq     t0, s7, pc + 92
core   0: 3 0x80014354 (0x05728e63)
core   0: 0x80014358 (0x00900b93) li      s7, 9
core   0: 3 0x80014358 (0x00900b93) x23 0x00000009
core   0: 0x8001435c (0x05728a63) beq     t0, s7, pc + 84
core   0: 3 0x8001435c (0x05728a63)
core   0: 0x80014360 (0x00b00b93) li      s7, 11
core   0: 3 0x80014360 (0x00b00b93) x23 0x0000000b
core   0: 0x80014364 (0x05728663) beq     t0, s7, pc + 76
core   0: 3 0x80014364 (0x05728663)
core   0: 0x800143b0 (0xfffec297) auipc   t0, 0xfffec
core   0: 3 0x800143b0 (0xfffec297) x 5 0x800003b0
core   0: 0x800143b4 (0xc5028293) addi    t0, t0, -944
core   0: 3 0x800143b4 (0xc5028293) x 5 0x80000000
core   0: 0x800143b8 (0x0002a023) sw      zero, 0(t0)
core   0: 3 0x800143b8 (0x0002a023) mem 0x80000000 0x00000000
core   0: 0x800143bc (0x0012a223) sw      ra, 4(t0)
core   0: 3 0x800143bc (0x0012a223) mem 0x80000004 0x00000000
core   0: 0x800143c0 (0x0022a423) sw      sp, 8(t0)
core   0: 3 0x800143c0 (0x0022a423) mem 0x80000008 0x8002ec60
core   0: 0x800143c4 (0x0032a623) sw      gp, 12(t0)
core   0: 3 0x800143c4 (0x0032a623) mem 0x8000000c 0x00000001
core   0: 0x800143c8 (0x0042a823) sw      tp, 16(t0)
core   0: 3 0x800143c8 (0x0042a823) mem 0x80000010 0x00000001
core   0: 0x800143cc (0x0052aa23) sw      t0, 20(t0)
core   0: 3 0x800143cc (0x0052aa23) mem 0x80000014 0x80000000
core   0: 0x800143d0 (0x0062ac23) sw      t1, 24(t0)
core   0: 3 0x800143d0 (0x0062ac23) mem 0x80000018 0x00000000
core   0: 0x800143d4 (0x0072ae23) sw      t2, 28(t0)
core   0: 3 0x800143d4 (0x0072ae23) mem 0x8000001c 0x00000001
core   0: 0x800143d8 (0x0282a023) sw      s0, 32(t0)
core   0: 3 0x800143d8 (0x0282a023) mem 0x80000020 0x00000000
core   0: 0x800143dc (0x0292a223) sw      s1, 36(t0)
core   0: 3 0x800143dc (0x0292a223) mem 0x80000024 0x0000194f
core   0: 0x800143e0 (0x02a2a423) sw      a0, 40(t0)
core   0: 3 0x800143e0 (0x02a2a423) mem 0x80000028 0x00000000
core   0: 0x800143e4 (0x02b2a623) sw      a1, 44(t0)
core   0: 3 0x800143e4 (0x02b2a623) mem 0x8000002c 0x8002ec60
core   0: 0x800143e8 (0x02c2a823) sw      a2, 48(t0)
core   0: 3 0x800143e8 (0x02c2a823) mem 0x80000030 0xffffff08
core   0: 0x800143ec (0x02d2aa23) sw      a3, 52(t0)
core   0: 3 0x800143ec (0x02d2aa23) mem 0x80000034 0x00000000
core   0: 0x800143f0 (0x02e2ac23) sw      a4, 56(t0)
core   0: 3 0x800143f0 (0x02e2ac23) mem 0x80000038 0x00000000
core   0: 0x800143f4 (0x02f2ae23) sw      a5, 60(t0)
core   0: 3 0x800143f4 (0x02f2ae23) mem 0x8000003c 0x00000000
core   0: 0x800143f8 (0x0502a023) sw      a6, 64(t0)
core   0: 3 0x800143f8 (0x0502a023) mem 0x80000040 0x00000000
core   0: 0x800143fc (0x0512a223) sw      a7, 68(t0)
core   0: 3 0x800143fc (0x0512a223) mem 0x80000044 0x00000000
core   0: 0x80014400 (0x0522a423) sw      s2, 72(t0)
core   0: 3 0x80014400 (0x0522a423) mem 0x80000048 0x00000002
core   0: 0x80014404 (0x0532a623) sw      s3, 76(t0)
core   0: 3 0x80014404 (0x0532a623) mem 0x8000004c 0xb8000000
core   0: 0x80014408 (0x0542a823) sw      s4, 80(t0)
core   0: 3 0x80014408 (0x0542a823) mem 0x80000050 0x0275bee3
core   0: 0x8001440c (0x0552aa23) sw      s5, 84(t0)
core   0: 3 0x8001440c (0x0552aa23) mem 0x80000054 0x000000cc
core   0: 0x80014410 (0x0562ac23) sw      s6, 88(t0)
core   0: 3 0x80014410 (0x0562ac23) mem 0x80000058 0x8000f278
core   0: 0x80014414 (0x0572ae23) sw      s7, 92(t0)
core   0: 3 0x80014414 (0x0572ae23) mem 0x8000005c 0x0000000b
core   0: 0x80014418 (0x0782a023) sw      s8, 96(t0)
core   0: 3 0x80014418 (0x0782a023) mem 0x80000060 0x00000001
core   0: 0x8001441c (0x0792a223) sw      s9, 100(t0)
core   0: 3 0x8001441c (0x0792a223) mem 0x80000064 0x00000000
core   0: 0x80014420 (0x07a2a423) sw      s10, 104(t0)
core   0: 3 0x80014420 (0x07a2a423) mem 0x80000068 0x00000000
core   0: 0x80014424 (0x07b2a623) sw      s11, 108(t0)
core   0: 3 0x80014424 (0x07b2a623) mem 0x8000006c 0x00000000
core   0: 0x80014428 (0x07c2a823) sw      t3, 112(t0)
core   0: 3 0x80014428 (0x07c2a823) mem 0x80000070 0x00000000
core   0: 0x8001442c (0x07d2aa23) sw      t4, 116(t0)
core   0: 3 0x8001442c (0x07d2aa23) mem 0x80000074 0x00000000
core   0: 0x80014430 (0x07e2ac23) sw      t5, 120(t0)
core   0: 3 0x80014430 (0x07e2ac23) mem 0x80000078 0x00000000
core   0: 0x80014434 (0x07f2ae23) sw      t6, 124(t0)
core   0: 3 0x80014434 (0x07f2ae23) mem 0x8000007c 0x000004d7
core   0: 0x80014438 (0xfffffb17) auipc   s6, 0xfffff
core   0: 3 0x80014438 (0xfffffb17) x22 0x80013438
core   0: 0x8001443c (0x414b0b13) addi    s6, s6, 1044
core   0: 3 0x8001443c (0x414b0b13) x22 0x8001384c
core   0: 0x80014440 (0x000b0067) jr      s6
core   0: 3 0x80014440 (0x000b0067)
core   0: 0x8001384c (0x00001f17) auipc   t5, 0x1
core   0: 3 0x8001384c (0x00001f17) x30 0x8001484c
core   0: 0x80013850 (0x7a3f2a23) sw      gp, 1972(t5)
core   0: 3 0x80013850 (0x7a3f2a23) mem 0x80015000 0x00000001
core   0: 0x80013854 (0xff9ff06f) j       pc - 0x8
core   0: 3 0x80013854 (0xff9ff06f)
core   0: 0x8001384c (0x00001f17) auipc   t5, 0x1
core   0: 3 0x8001384c (0x00001f17) x30 0x8001484c
core   0: 0x80013850 (0x7a3f2a23) sw      gp, 1972(t5)
core   0: 3 0x80013850 (0x7a3f2a23) mem 0x80015000 0x00000001
core   0: 0x80013854 (0xff9ff06f) j       pc - 0x8
core   0: 3 0x80013854 (0xff9ff06f)
core   0: 0x8001384c (0x00001f17) auipc   t5, 0x1
core   0: 3 0x8001384c (0x00001f17) x30 0x8001484c
core   0: 0x80013850 (0x7a3f2a23) sw      gp, 1972(t5)
core   0: 3 0x80013850 (0x7a3f2a23) mem 0x80015000 0x00000001
core   0: 0x80013854 (0xff9ff06f) j       pc - 0x8
core   0: 3 0x80013854 (0xff9ff06f)
core   0: 0x8001384c (0x00001f17) auipc   t5, 0x1
core   0: 3 0x8001384c (0x00001f17) x30 0x8001484c
core   0: 0x80013850 (0x7a3f2a23) sw      gp, 1972(t5)
core   0: 3 0x80013850 (0x7a3f2a23) mem 0x80015000 0x00000001
core   0: 0x80013854 (0xff9ff06f) j       pc - 0x8
core   0: 3 0x80013854 (0xff9ff06f)
core   0: 0x8001384c (0x00001f17) auipc   t5, 0x1
core   0: 3 0x8001384c (0x00001f17) x30 0x8001484c
core   0: 0x80013850 (0x7a3f2a23) sw      gp, 1972(t5)
core   0: 3 0x80013850 (0x7a3f2a23) mem 0x80015000 0x00000001
core   0: 0x80013854 (0xff9ff06f) j       pc - 0x8
core   0: 3 0x80013854 (0xff9ff06f)
core   0: 0x8001384c (0x00001f17) auipc   t5, 0x1
core   0: 3 0x8001384c (0x00001f17) x30 0x8001484c
core   0: 0x80013850 (0x7a3f2a23) sw      gp, 1972(t5)
core   0: 3 0x80013850 (0x7a3f2a23) mem 0x80015000 0x00000001
core   0: 0x80013854 (0xff9ff06f) j       pc - 0x8
core   0: 3 0x80013854 (0xff9ff06f)
core   0: 0x8001384c (0x00001f17) auipc   t5, 0x1
core   0: 3 0x8001384c (0x00001f17) x30 0x8001484c
core   0: 0x80013850 (0x7a3f2a23) sw      gp, 1972(t5)
core   0: 3 0x80013850 (0x7a3f2a23) mem 0x80015000 0x00000001
core   0: 0x80013854 (0xff9ff06f) j       pc - 0x8
core   0: 3 0x80013854 (0xff9ff06f)
core   0: 0x8001384c (0x00001f17) auipc   t5, 0x1
core   0: 3 0x8001384c (0x00001f17) x30 0x8001484c
core   0: 0x80013850 (0x7a3f2a23) sw      gp, 1972(t5)
core   0: 3 0x80013850 (0x7a3f2a23) mem 0x80015000 0x00000001
core   0: 0x80013854 (0xff9ff06f) j       pc - 0x8
core   0: 3 0x80013854 (0xff9ff06f)
core   0: 0x8001384c (0x00001f17) auipc   t5, 0x1
core   0: 3 0x8001384c (0x00001f17) x30 0x8001484c
core   0: 0x80013850 (0x7a3f2a23) sw      gp, 1972(t5)
core   0: 3 0x80013850 (0x7a3f2a23) mem 0x80015000 0x00000001
core   0: 0x80013854 (0xff9ff06f) j       pc - 0x8
core   0: 3 0x80013854 (0xff9ff06f)
core   0: 0x8001384c (0x00001f17) auipc   t5, 0x1
core   0: 3 0x8001384c (0x00001f17) x30 0x8001484c
core   0: 0x80013850 (0x7a3f2a23) sw      gp, 1972(t5)
core   0: 3 0x80013850 (0x7a3f2a23) mem 0x80015000 0x00000001
core   0: 0x80013854 (0xff9ff06f) j       pc - 0x8
core   0: 3 0x80013854 (0xff9ff06f)
core   0: 0x8001384c (0x00001f17) auipc   t5, 0x1
core   0: 3 0x8001384c (0x00001f17) x30 0x8001484c
core   0: 0x80013850 (0x7a3f2a23) sw      gp, 1972(t5)
core   0: 3 0x80013850 (0x7a3f2a23) mem 0x80015000 0x00000001
core   0: 0x80013854 (0xff9ff06f) j       pc - 0x8
core   0: 3 0x80013854 (0xff9ff06f)
core   0: 0x8001384c (0x00001f17) auipc   t5, 0x1
core   0: 3 0x8001384c (0x00001f17) x30 0x8001484c
core   0: 0x80013850 (0x7a3f2a23) sw      gp, 1972(t5)
core   0: 3 0x80013850 (0x7a3f2a23) mem 0x80015000 0x00000001
core   0: 0x80013854 (0xff9ff06f) j       pc - 0x8
core   0: 3 0x80013854 (0xff9ff06f)
core   0: 0x8001384c (0x00001f17) auipc   t5, 0x1
core   0: 3 0x8001384c (0x00001f17) x30 0x8001484c
core   0: 0x80013850 (0x7a3f2a23) sw      gp, 1972(t5)
core   0: 3 0x80013850 (0x7a3f2a23) mem 0x80015000 0x00000001
core   0: 0x80013854 (0xff9ff06f) j       pc - 0x8
core   0: 3 0x80013854 (0xff9ff06f)
core   0: 0x8001384c (0x00001f17) auipc   t5, 0x1
core   0: 3 0x8001384c (0x00001f17) x30 0x8001484c
core   0: 0x80013850 (0x7a3f2a23) sw      gp, 1972(t5)
core   0: 3 0x80013850 (0x7a3f2a23) mem 0x80015000 0x00000001
core   0: 0x80013854 (0xff9ff06f) j       pc - 0x8
core   0: 3 0x80013854 (0xff9ff06f)
core   0: 0x8001384c (0x00001f17) auipc   t5, 0x1
core   0: 3 0x8001384c (0x00001f17) x30 0x8001484c
core   0: 0x80013850 (0x7a3f2a23) sw      gp, 1972(t5)
core   0: 3 0x80013850 (0x7a3f2a23) mem 0x80015000 0x00000001
core   0: 0x80013854 (0xff9ff06f) j       pc - 0x8
core   0: 3 0x80013854 (0xff9ff06f)
core   0: 0x8001384c (0x00001f17) auipc   t5, 0x1
core   0: 3 0x8001384c (0x00001f17) x30 0x8001484c
core   0: 0x80013850 (0x7a3f2a23) sw      gp, 1972(t5)
core   0: 3 0x80013850 (0x7a3f2a23) mem 0x80015000 0x00000001
core   0: 0x80013854 (0xff9ff06f) j       pc - 0x8
core   0: 3 0x80013854 (0xff9ff06f)
core   0: 0x8001384c (0x00001f17) auipc   t5, 0x1
core   0: 3 0x8001384c (0x00001f17) x30 0x8001484c
core   0: 0x80013850 (0x7a3f2a23) sw      gp, 1972(t5)
core   0: 3 0x80013850 (0x7a3f2a23) mem 0x80015000 0x00000001
core   0: 0x80013854 (0xff9ff06f) j       pc - 0x8
core   0: 3 0x80013854 (0xff9ff06f)
core   0: 0x8001384c (0x00001f17) auipc   t5, 0x1
core   0: 3 0x8001384c (0x00001f17) x30 0x8001484c
core   0: 0x80013850 (0x7a3f2a23) sw      gp, 1972(t5)
core   0: 3 0x80013850 (0x7a3f2a23) mem 0x80015000 0x00000001
core   0: 0x80013854 (0xff9ff06f) j       pc - 0x8
core   0: 3 0x80013854 (0xff9ff06f)
core   0: 0x8001384c (0x00001f17) auipc   t5, 0x1
core   0: 3 0x8001384c (0x00001f17) x30 0x8001484c
core   0: 0x80013850 (0x7a3f2a23) sw      gp, 1972(t5)
core   0: 3 0x80013850 (0x7a3f2a23) mem 0x80015000 0x00000001
core   0: 0x80013854 (0xff9ff06f) j       pc - 0x8
core   0: 3 0x80013854 (0xff9ff06f)
core   0: 0x8001384c (0x00001f17) auipc   t5, 0x1
core   0: 3 0x8001384c (0x00001f17) x30 0x8001484c
core   0: 0x80013850 (0x7a3f2a23) sw      gp, 1972(t5)
core   0: 3 0x80013850 (0x7a3f2a23) mem 0x80015000 0x00000001
core   0: 0x80013854 (0xff9ff06f) j       pc - 0x8
core   0: 3 0x80013854 (0xff9ff06f)
core   0: 0x8001384c (0x00001f17) auipc   t5, 0x1
core   0: 3 0x8001384c (0x00001f17) x30 0x8001484c
core   0: 0x80013850 (0x7a3f2a23) sw      gp, 1972(t5)
core   0: 3 0x80013850 (0x7a3f2a23) mem 0x80015000 0x00000001
core   0: 0x80013854 (0xff9ff06f) j       pc - 0x8
core   0: 3 0x80013854 (0xff9ff06f)
core   0: 0x8001384c (0x00001f17) auipc   t5, 0x1
core   0: 3 0x8001384c (0x00001f17) x30 0x8001484c
core   0: 0x80013850 (0x7a3f2a23) sw      gp, 1972(t5)
core   0: 3 0x80013850 (0x7a3f2a23) mem 0x80015000 0x00000001
core   0: 0x80013854 (0xff9ff06f) j       pc - 0x8
core   0: 3 0x80013854 (0xff9ff06f)
core   0: 0x8001384c (0x00001f17) auipc   t5, 0x1
core   0: 3 0x8001384c (0x00001f17) x30 0x8001484c
core   0: 0x80013850 (0x7a3f2a23) sw      gp, 1972(t5)
core   0: 3 0x80013850 (0x7a3f2a23) mem 0x80015000 0x00000001
core   0: 0x80013854 (0xff9ff06f) j       pc - 0x8
core   0: 3 0x80013854 (0xff9ff06f)
core   0: 0x8001384c (0x00001f17) auipc   t5, 0x1
core   0: 3 0x8001384c (0x00001f17) x30 0x8001484c
core   0: 0x80013850 (0x7a3f2a23) sw      gp, 1972(t5)
core   0: 3 0x80013850 (0x7a3f2a23) mem 0x80015000 0x00000001
core   0: 0x80013854 (0xff9ff06f) j       pc - 0x8
core   0: 3 0x80013854 (0xff9ff06f)
core   0: 0x8001384c (0x00001f17) auipc   t5, 0x1
core   0: 3 0x8001384c (0x00001f17) x30 0x8001484c
core   0: 0x80013850 (0x7a3f2a23) sw      gp, 1972(t5)
core   0: 3 0x80013850 (0x7a3f2a23) mem 0x80015000 0x00000001
core   0: 0x80013854 (0xff9ff06f) j       pc - 0x8
core   0: 3 0x80013854 (0xff9ff06f)
core   0: 0x8001384c (0x00001f17) auipc   t5, 0x1
core   0: 3 0x8001384c (0x00001f17) x30 0x8001484c
core   0: 0x80013850 (0x7a3f2a23) sw      gp, 1972(t5)
core   0: 3 0x80013850 (0x7a3f2a23) mem 0x80015000 0x00000001
core   0: 0x80013854 (0xff9ff06f) j       pc - 0x8
core   0: 3 0x80013854 (0xff9ff06f)
core   0: 0x8001384c (0x00001f17) auipc   t5, 0x1
core   0: 3 0x8001384c (0x00001f17) x30 0x8001484c
core   0: 0x80013850 (0x7a3f2a23) sw      gp, 1972(t5)
core   0: 3 0x80013850 (0x7a3f2a23) mem 0x80015000 0x00000001
core   0: 0x80013854 (0xff9ff06f) j       pc - 0x8
core   0: 3 0x80013854 (0xff9ff06f)
core   0: 0x8001384c (0x00001f17) auipc   t5, 0x1
core   0: 3 0x8001384c (0x00001f17) x30 0x8001484c
core   0: 0x80013850 (0x7a3f2a23) sw      gp, 1972(t5)
core   0: 3 0x80013850 (0x7a3f2a23) mem 0x80015000 0x00000001
core   0: 0x80013854 (0xff9ff06f) j       pc - 0x8
core   0: 3 0x80013854 (0xff9ff06f)
core   0: 0x8001384c (0x00001f17) auipc   t5, 0x1
core   0: 3 0x8001384c (0x00001f17) x30 0x8001484c
core   0: 0x80013850 (0x7a3f2a23) sw      gp, 1972(t5)
core   0: 3 0x80013850 (0x7a3f2a23) mem 0x80015000 0x00000001
core   0: 0x80013854 (0xff9ff06f) j       pc - 0x8
core   0: 3 0x80013854 (0xff9ff06f)
core   0: 0x8001384c (0x00001f17) auipc   t5, 0x1
core   0: 3 0x8001384c (0x00001f17) x30 0x8001484c
core   0: 0x80013850 (0x7a3f2a23) sw      gp, 1972(t5)
core   0: 3 0x80013850 (0x7a3f2a23) mem 0x80015000 0x00000001
core   0: 0x80013854 (0xff9ff06f) j       pc - 0x8
core   0: 3 0x80013854 (0xff9ff06f)
core   0: 0x8001384c (0x00001f17) auipc   t5, 0x1
core   0: 3 0x8001384c (0x00001f17) x30 0x8001484c
core   0: 0x80013850 (0x7a3f2a23) sw      gp, 1972(t5)
core   0: 3 0x80013850 (0x7a3f2a23) mem 0x80015000 0x00000001
core   0: 0x80013854 (0xff9ff06f) j       pc - 0x8
core   0: 3 0x80013854 (0xff9ff06f)
core   0: 0x8001384c (0x00001f17) auipc   t5, 0x1
core   0: 3 0x8001384c (0x00001f17) x30 0x8001484c
core   0: 0x80013850 (0x7a3f2a23) sw      gp, 1972(t5)
core   0: 3 0x80013850 (0x7a3f2a23) mem 0x80015000 0x00000001
core   0: 0x80013854 (0xff9ff06f) j       pc - 0x8
core   0: 3 0x80013854 (0xff9ff06f)
core   0: 0x8001384c (0x00001f17) auipc   t5, 0x1
core   0: 3 0x8001384c (0x00001f17) x30 0x8001484c
core   0: 0x80013850 (0x7a3f2a23) sw      gp, 1972(t5)
core   0: 3 0x80013850 (0x7a3f2a23) mem 0x80015000 0x00000001
core   0: 0x80013854 (0xff9ff06f) j       pc - 0x8
core   0: 3 0x80013854 (0xff9ff06f)
core   0: 0x8001384c (0x00001f17) auipc   t5, 0x1
core   0: 3 0x8001384c (0x00001f17) x30 0x8001484c
core   0: 0x80013850 (0x7a3f2a23) sw      gp, 1972(t5)
core   0: 3 0x80013850 (0x7a3f2a23) mem 0x80015000 0x00000001
core   0: 0x80013854 (0xff9ff06f) j       pc - 0x8
core   0: 3 0x80013854 (0xff9ff06f)
core   0: 0x8001384c (0x00001f17) auipc   t5, 0x1
core   0: 3 0x8001384c (0x00001f17) x30 0x8001484c
core   0: 0x80013850 (0x7a3f2a23) sw      gp, 1972(t5)
core   0: 3 0x80013850 (0x7a3f2a23) mem 0x80015000 0x00000001
core   0: 0x80013854 (0xff9ff06f) j       pc - 0x8
core   0: 3 0x80013854 (0xff9ff06f)
core   0: 0x8001384c (0x00001f17) auipc   t5, 0x1
core   0: 3 0x8001384c (0x00001f17) x30 0x8001484c
core   0: 0x80013850 (0x7a3f2a23) sw      gp, 1972(t5)
core   0: 3 0x80013850 (0x7a3f2a23) mem 0x80015000 0x00000001
core   0: 0x80013854 (0xff9ff06f) j       pc - 0x8
core   0: 3 0x80013854 (0xff9ff06f)
core   0: 0x8001384c (0x00001f17) auipc   t5, 0x1
core   0: 3 0x8001384c (0x00001f17) x30 0x8001484c
core   0: 0x80013850 (0x7a3f2a23) sw      gp, 1972(t5)
core   0: 3 0x80013850 (0x7a3f2a23) mem 0x80015000 0x00000001
core   0: 0x80013854 (0xff9ff06f) j       pc - 0x8
core   0: 3 0x80013854 (0xff9ff06f)
core   0: 0x8001384c (0x00001f17) auipc   t5, 0x1
core   0: 3 0x8001384c (0x00001f17) x30 0x8001484c
core   0: 0x80013850 (0x7a3f2a23) sw      gp, 1972(t5)
core   0: 3 0x80013850 (0x7a3f2a23) mem 0x80015000 0x00000001
core   0: 0x80013854 (0xff9ff06f) j       pc - 0x8
core   0: 3 0x80013854 (0xff9ff06f)
core   0: 0x8001384c (0x00001f17) auipc   t5, 0x1
core   0: 3 0x8001384c (0x00001f17) x30 0x8001484c
core   0: 0x80013850 (0x7a3f2a23) sw      gp, 1972(t5)
core   0: 3 0x80013850 (0x7a3f2a23) mem 0x80015000 0x00000001
core   0: 0x80013854 (0xff9ff06f) j       pc - 0x8
core   0: 3 0x80013854 (0xff9ff06f)
core   0: 0x8001384c (0x00001f17) auipc   t5, 0x1
core   0: 3 0x8001384c (0x00001f17) x30 0x8001484c
core   0: 0x80013850 (0x7a3f2a23) sw      gp, 1972(t5)
core   0: 3 0x80013850 (0x7a3f2a23) mem 0x80015000 0x00000001
core   0: 0x80013854 (0xff9ff06f) j       pc - 0x8
core   0: 3 0x80013854 (0xff9ff06f)
core   0: 0x8001384c (0x00001f17) auipc   t5, 0x1
core   0: 3 0x8001384c (0x00001f17) x30 0x8001484c
core   0: 0x80013850 (0x7a3f2a23) sw      gp, 1972(t5)
core   0: 3 0x80013850 (0x7a3f2a23) mem 0x80015000 0x00000001
core   0: 0x80013854 (0xff9ff06f) j       pc - 0x8
core   0: 3 0x80013854 (0xff9ff06f)
core   0: 0x8001384c (0x00001f17) auipc   t5, 0x1
core   0: 3 0x8001384c (0x00001f17) x30 0x8001484c
core   0: 0x80013850 (0x7a3f2a23) sw      gp, 1972(t5)
core   0: 3 0x80013850 (0x7a3f2a23) mem 0x80015000 0x00000001
core   0: 0x80013854 (0xff9ff06f) j       pc - 0x8
core   0: 3 0x80013854 (0xff9ff06f)
core   0: 0x8001384c (0x00001f17) auipc   t5, 0x1
core   0: 3 0x8001384c (0x00001f17) x30 0x8001484c
core   0: 0x80013850 (0x7a3f2a23) sw      gp, 1972(t5)
core   0: 3 0x80013850 (0x7a3f2a23) mem 0x80015000 0x00000001
core   0: 0x80013854 (0xff9ff06f) j       pc - 0x8
core   0: 3 0x80013854 (0xff9ff06f)
core   0: 0x8001384c (0x00001f17) auipc   t5, 0x1
core   0: 3 0x8001384c (0x00001f17) x30 0x8001484c
core   0: 0x80013850 (0x7a3f2a23) sw      gp, 1972(t5)
core   0: 3 0x80013850 (0x7a3f2a23) mem 0x80015000 0x00000001
core   0: 0x80013854 (0xff9ff06f) j       pc - 0x8
core   0: 3 0x80013854 (0xff9ff06f)
core   0: 0x8001384c (0x00001f17) auipc   t5, 0x1
core   0: 3 0x8001384c (0x00001f17) x30 0x8001484c
core   0: 0x80013850 (0x7a3f2a23) sw      gp, 1972(t5)
core   0: 3 0x80013850 (0x7a3f2a23) mem 0x80015000 0x00000001
core   0: 0x80013854 (0xff9ff06f) j       pc - 0x8
core   0: 3 0x80013854 (0xff9ff06f)
core   0: 0x8001384c (0x00001f17) auipc   t5, 0x1
core   0: 3 0x8001384c (0x00001f17) x30 0x8001484c
core   0: 0x80013850 (0x7a3f2a23) sw      gp, 1972(t5)
core   0: 3 0x80013850 (0x7a3f2a23) mem 0x80015000 0x00000001
core   0: 0x80013854 (0xff9ff06f) j       pc - 0x8
core   0: 3 0x80013854 (0xff9ff06f)
core   0: 0x8001384c (0x00001f17) auipc   t5, 0x1
core   0: 3 0x8001384c (0x00001f17) x30 0x8001484c
core   0: 0x80013850 (0x7a3f2a23) sw      gp, 1972(t5)
core   0: 3 0x80013850 (0x7a3f2a23) mem 0x80015000 0x00000001
core   0: 0x80013854 (0xff9ff06f) j       pc - 0x8
core   0: 3 0x80013854 (0xff9ff06f)
core   0: 0x8001384c (0x00001f17) auipc   t5, 0x1
core   0: 3 0x8001384c (0x00001f17) x30 0x8001484c
core   0: 0x80013850 (0x7a3f2a23) sw      gp, 1972(t5)
core   0: 3 0x80013850 (0x7a3f2a23) mem 0x80015000 0x00000001
core   0: 0x80013854 (0xff9ff06f) j       pc - 0x8
core   0: 3 0x80013854 (0xff9ff06f)
core   0: 0x8001384c (0x00001f17) auipc   t5, 0x1
core   0: 3 0x8001384c (0x00001f17) x30 0x8001484c
core   0: 0x80013850 (0x7a3f2a23) sw      gp, 1972(t5)
core   0: 3 0x80013850 (0x7a3f2a23) mem 0x80015000 0x00000001
core   0: 0x80013854 (0xff9ff06f) j       pc - 0x8
core   0: 3 0x80013854 (0xff9ff06f)
core   0: 0x8001384c (0x00001f17) auipc   t5, 0x1
core   0: 3 0x8001384c (0x00001f17) x30 0x8001484c
core   0: 0x80013850 (0x7a3f2a23) sw      gp, 1972(t5)
core   0: 3 0x80013850 (0x7a3f2a23) mem 0x80015000 0x00000001
core   0: 0x80013854 (0xff9ff06f) j       pc - 0x8
core   0: 3 0x80013854 (0xff9ff06f)
core   0: 0x8001384c (0x00001f17) auipc   t5, 0x1
core   0: 3 0x8001384c (0x00001f17) x30 0x8001484c
core   0: 0x80013850 (0x7a3f2a23) sw      gp, 1972(t5)
core   0: 3 0x80013850 (0x7a3f2a23) mem 0x80015000 0x00000001
core   0: 0x80013854 (0xff9ff06f) j       pc - 0x8
core   0: 3 0x80013854 (0xff9ff06f)
core   0: 0x8001384c (0x00001f17) auipc   t5, 0x1
core   0: 3 0x8001384c (0x00001f17) x30 0x8001484c
core   0: 0x80013850 (0x7a3f2a23) sw      gp, 1972(t5)
core   0: 3 0x80013850 (0x7a3f2a23) mem 0x80015000 0x00000001
core   0: 0x80013854 (0xff9ff06f) j       pc - 0x8
core   0: 3 0x80013854 (0xff9ff06f)
core   0: 0x8001384c (0x00001f17) auipc   t5, 0x1
core   0: 3 0x8001384c (0x00001f17) x30 0x8001484c
core   0: 0x80013850 (0x7a3f2a23) sw      gp, 1972(t5)
core   0: 3 0x80013850 (0x7a3f2a23) mem 0x80015000 0x00000001
core   0: 0x80013854 (0xff9ff06f) j       pc - 0x8
core   0: 3 0x80013854 (0xff9ff06f)
core   0: 0x8001384c (0x00001f17) auipc   t5, 0x1
core   0: 3 0x8001384c (0x00001f17) x30 0x8001484c
core   0: 0x80013850 (0x7a3f2a23) sw      gp, 1972(t5)
core   0: 3 0x80013850 (0x7a3f2a23) mem 0x80015000 0x00000001
core   0: 0x80013854 (0xff9ff06f) j       pc - 0x8
core   0: 3 0x80013854 (0xff9ff06f)
core   0: 0x8001384c (0x00001f17) auipc   t5, 0x1
core   0: 3 0x8001384c (0x00001f17) x30 0x8001484c
core   0: 0x80013850 (0x7a3f2a23) sw      gp, 1972(t5)
core   0: 3 0x80013850 (0x7a3f2a23) mem 0x80015000 0x00000001
core   0: 0x80013854 (0xff9ff06f) j       pc - 0x8
core   0: 3 0x80013854 (0xff9ff06f)
core   0: 0x8001384c (0x00001f17) auipc   t5, 0x1
core   0: 3 0x8001384c (0x00001f17) x30 0x8001484c
core   0: 0x80013850 (0x7a3f2a23) sw      gp, 1972(t5)
core   0: 3 0x80013850 (0x7a3f2a23) mem 0x80015000 0x00000001
core   0: 0x80013854 (0xff9ff06f) j       pc - 0x8
core   0: 3 0x80013854 (0xff9ff06f)
core   0: 0x8001384c (0x00001f17) auipc   t5, 0x1
core   0: 3 0x8001384c (0x00001f17) x30 0x8001484c
core   0: 0x80013850 (0x7a3f2a23) sw      gp, 1972(t5)
core   0: 3 0x80013850 (0x7a3f2a23) mem 0x80015000 0x00000001
core   0: 0x80013854 (0xff9ff06f) j       pc - 0x8
core   0: 3 0x80013854 (0xff9ff06f)
core   0: 0x8001384c (0x00001f17) auipc   t5, 0x1
core   0: 3 0x8001384c (0x00001f17) x30 0x8001484c
core   0: 0x80013850 (0x7a3f2a23) sw      gp, 1972(t5)
core   0: 3 0x80013850 (0x7a3f2a23) mem 0x80015000 0x00000001
core   0: 0x80013854 (0xff9ff06f) j       pc - 0x8
core   0: 3 0x80013854 (0xff9ff06f)
core   0: 0x8001384c (0x00001f17) auipc   t5, 0x1
core   0: 3 0x8001384c (0x00001f17) x30 0x8001484c
core   0: 0x80013850 (0x7a3f2a23) sw      gp, 1972(t5)
core   0: 3 0x80013850 (0x7a3f2a23) mem 0x80015000 0x00000001
core   0: 0x80013854 (0xff9ff06f) j       pc - 0x8
core   0: 3 0x80013854 (0xff9ff06f)
core   0: 0x8001384c (0x00001f17) auipc   t5, 0x1
core   0: 3 0x8001384c (0x00001f17) x30 0x8001484c
core   0: 0x80013850 (0x7a3f2a23) sw      gp, 1972(t5)
core   0: 3 0x80013850 (0x7a3f2a23) mem 0x80015000 0x00000001
core   0: 0x80013854 (0xff9ff06f) j       pc - 0x8
core   0: 3 0x80013854 (0xff9ff06f)
core   0: 0x8001384c (0x00001f17) auipc   t5, 0x1
core   0: 3 0x8001384c (0x00001f17) x30 0x8001484c
core   0: 0x80013850 (0x7a3f2a23) sw      gp, 1972(t5)
core   0: 3 0x80013850 (0x7a3f2a23) mem 0x80015000 0x00000001
core   0: 0x80013854 (0xff9ff06f) j       pc - 0x8
core   0: 3 0x80013854 (0xff9ff06f)
core   0: 0x8001384c (0x00001f17) auipc   t5, 0x1
core   0: 3 0x8001384c (0x00001f17) x30 0x8001484c
core   0: 0x80013850 (0x7a3f2a23) sw      gp, 1972(t5)
core   0: 3 0x80013850 (0x7a3f2a23) mem 0x80015000 0x00000001
core   0: 0x80013854 (0xff9ff06f) j       pc - 0x8
core   0: 3 0x80013854 (0xff9ff06f)
core   0: 0x8001384c (0x00001f17) auipc   t5, 0x1
core   0: 3 0x8001384c (0x00001f17) x30 0x8001484c
core   0: 0x80013850 (0x7a3f2a23) sw      gp, 1972(t5)
core   0: 3 0x80013850 (0x7a3f2a23) mem 0x80015000 0x00000001
core   0: 0x80013854 (0xff9ff06f) j       pc - 0x8
core   0: 3 0x80013854 (0xff9ff06f)
core   0: 0x8001384c (0x00001f17) auipc   t5, 0x1
core   0: 3 0x8001384c (0x00001f17) x30 0x8001484c
core   0: 0x80013850 (0x7a3f2a23) sw      gp, 1972(t5)
core   0: 3 0x80013850 (0x7a3f2a23) mem 0x80015000 0x00000001
core   0: 0x80013854 (0xff9ff06f) j       pc - 0x8
core   0: 3 0x80013854 (0xff9ff06f)
core   0: 0x8001384c (0x00001f17) auipc   t5, 0x1
core   0: 3 0x8001384c (0x00001f17) x30 0x8001484c
core   0: 0x80013850 (0x7a3f2a23) sw      gp, 1972(t5)
core   0: 3 0x80013850 (0x7a3f2a23) mem 0x80015000 0x00000001
core   0: 0x80013854 (0xff9ff06f) j       pc - 0x8
core   0: 3 0x80013854 (0xff9ff06f)
core   0: 0x8001384c (0x00001f17) auipc   t5, 0x1
core   0: 3 0x8001384c (0x00001f17) x30 0x8001484c
core   0: 0x80013850 (0x7a3f2a23) sw      gp, 1972(t5)
core   0: 3 0x80013850 (0x7a3f2a23) mem 0x80015000 0x00000001
core   0: 0x80013854 (0xff9ff06f) j       pc - 0x8
core   0: 3 0x80013854 (0xff9ff06f)
core   0: 0x8001384c (0x00001f17) auipc   t5, 0x1
core   0: 3 0x8001384c (0x00001f17) x30 0x8001484c
core   0: 0x80013850 (0x7a3f2a23) sw      gp, 1972(t5)
core   0: 3 0x80013850 (0x7a3f2a23) mem 0x80015000 0x00000001
core   0: 0x80013854 (0xff9ff06f) j       pc - 0x8
core   0: 3 0x80013854 (0xff9ff06f)
core   0: 0x8001384c (0x00001f17) auipc   t5, 0x1
core   0: 3 0x8001384c (0x00001f17) x30 0x8001484c
core   0: 0x80013850 (0x7a3f2a23) sw      gp, 1972(t5)
core   0: 3 0x80013850 (0x7a3f2a23) mem 0x80015000 0x00000001
core   0: 0x80013854 (0xff9ff06f) j       pc - 0x8
core   0: 3 0x80013854 (0xff9ff06f)
core   0: 0x8001384c (0x00001f17) auipc   t5, 0x1
core   0: 3 0x8001384c (0x00001f17) x30 0x8001484c
core   0: 0x80013850 (0x7a3f2a23) sw      gp, 1972(t5)
core   0: 3 0x80013850 (0x7a3f2a23) mem 0x80015000 0x00000001
core   0: 0x80013854 (0xff9ff06f) j       pc - 0x8
core   0: 3 0x80013854 (0xff9ff06f)
core   0: 0x8001384c (0x00001f17) auipc   t5, 0x1
core   0: 3 0x8001384c (0x00001f17) x30 0x8001484c
core   0: 0x80013850 (0x7a3f2a23) sw      gp, 1972(t5)
core   0: 3 0x80013850 (0x7a3f2a23) mem 0x80015000 0x00000001
core   0: 0x80013854 (0xff9ff06f) j       pc - 0x8
core   0: 3 0x80013854 (0xff9ff06f)
core   0: 0x8001384c (0x00001f17) auipc   t5, 0x1
core   0: 3 0x8001384c (0x00001f17) x30 0x8001484c
core   0: 0x80013850 (0x7a3f2a23) sw      gp, 1972(t5)
core   0: 3 0x80013850 (0x7a3f2a23) mem 0x80015000 0x00000001
core   0: 0x80013854 (0xff9ff06f) j       pc - 0x8
core   0: 3 0x80013854 (0xff9ff06f)
core   0: 0x8001384c (0x00001f17) auipc   t5, 0x1
core   0: 3 0x8001384c (0x00001f17) x30 0x8001484c
core   0: 0x80013850 (0x7a3f2a23) sw      gp, 1972(t5)
core   0: 3 0x80013850 (0x7a3f2a23) mem 0x80015000 0x00000001
core   0: 0x80013854 (0xff9ff06f) j       pc - 0x8
core   0: 3 0x80013854 (0xff9ff06f)
core   0: 0x8001384c (0x00001f17) auipc   t5, 0x1
core   0: 3 0x8001384c (0x00001f17) x30 0x8001484c
core   0: 0x80013850 (0x7a3f2a23) sw      gp, 1972(t5)
core   0: 3 0x80013850 (0x7a3f2a23) mem 0x80015000 0x00000001
core   0: 0x80013854 (0xff9ff06f) j       pc - 0x8
core   0: 3 0x80013854 (0xff9ff06f)
core   0: 0x8001384c (0x00001f17) auipc   t5, 0x1
core   0: 3 0x8001384c (0x00001f17) x30 0x8001484c
core   0: 0x80013850 (0x7a3f2a23) sw      gp, 1972(t5)
core   0: 3 0x80013850 (0x7a3f2a23) mem 0x80015000 0x00000001
core   0: 0x80013854 (0xff9ff06f) j       pc - 0x8
core   0: 3 0x80013854 (0xff9ff06f)
core   0: 0x8001384c (0x00001f17) auipc   t5, 0x1
core   0: 3 0x8001384c (0x00001f17) x30 0x8001484c
core   0: 0x80013850 (0x7a3f2a23) sw      gp, 1972(t5)
core   0: 3 0x80013850 (0x7a3f2a23) mem 0x80015000 0x00000001
core   0: 0x80013854 (0xff9ff06f) j       pc - 0x8
core   0: 3 0x80013854 (0xff9ff06f)
core   0: 0x8001384c (0x00001f17) auipc   t5, 0x1
core   0: 3 0x8001384c (0x00001f17) x30 0x8001484c
core   0: 0x80013850 (0x7a3f2a23) sw      gp, 1972(t5)
core   0: 3 0x80013850 (0x7a3f2a23) mem 0x80015000 0x00000001
core   0: 0x80013854 (0xff9ff06f) j       pc - 0x8
core   0: 3 0x80013854 (0xff9ff06f)
core   0: 0x8001384c (0x00001f17) auipc   t5, 0x1
core   0: 3 0x8001384c (0x00001f17) x30 0x8001484c
core   0: 0x80013850 (0x7a3f2a23) sw      gp, 1972(t5)
core   0: 3 0x80013850 (0x7a3f2a23) mem 0x80015000 0x00000001
core   0: 0x80013854 (0xff9ff06f) j       pc - 0x8
core   0: 3 0x80013854 (0xff9ff06f)
core   0: 0x8001384c (0x00001f17) auipc   t5, 0x1
core   0: 3 0x8001384c (0x00001f17) x30 0x8001484c
core   0: 0x80013850 (0x7a3f2a23) sw      gp, 1972(t5)
core   0: 3 0x80013850 (0x7a3f2a23) mem 0x80015000 0x00000001
core   0: 0x80013854 (0xff9ff06f) j       pc - 0x8
core   0: 3 0x80013854 (0xff9ff06f)
core   0: 0x8001384c (0x00001f17) auipc   t5, 0x1
core   0: 3 0x8001384c (0x00001f17) x30 0x8001484c
core   0: 0x80013850 (0x7a3f2a23) sw      gp, 1972(t5)
core   0: 3 0x80013850 (0x7a3f2a23) mem 0x80015000 0x00000001
core   0: 0x80013854 (0xff9ff06f) j       pc - 0x8
core   0: 3 0x80013854 (0xff9ff06f)
core   0: 0x8001384c (0x00001f17) auipc   t5, 0x1
core   0: 3 0x8001384c (0x00001f17) x30 0x8001484c
core   0: 0x80013850 (0x7a3f2a23) sw      gp, 1972(t5)
core   0: 3 0x80013850 (0x7a3f2a23) mem 0x80015000 0x00000001
core   0: 0x80013854 (0xff9ff06f) j       pc - 0x8
core   0: 3 0x80013854 (0xff9ff06f)
core   0: 0x8001384c (0x00001f17) auipc   t5, 0x1
core   0: 3 0x8001384c (0x00001f17) x30 0x8001484c
core   0: 0x80013850 (0x7a3f2a23) sw      gp, 1972(t5)
core   0: 3 0x80013850 (0x7a3f2a23) mem 0x80015000 0x00000001
core   0: 0x80013854 (0xff9ff06f) j       pc - 0x8
core   0: 3 0x80013854 (0xff9ff06f)
core   0: 0x8001384c (0x00001f17) auipc   t5, 0x1
core   0: 3 0x8001384c (0x00001f17) x30 0x8001484c
core   0: 0x80013850 (0x7a3f2a23) sw      gp, 1972(t5)
core   0: 3 0x80013850 (0x7a3f2a23) mem 0x80015000 0x00000001
core   0: 0x80013854 (0xff9ff06f) j       pc - 0x8
core   0: 3 0x80013854 (0xff9ff06f)
core   0: 0x8001384c (0x00001f17) auipc   t5, 0x1
core   0: 3 0x8001384c (0x00001f17) x30 0x8001484c
core   0: 0x80013850 (0x7a3f2a23) sw      gp, 1972(t5)
core   0: 3 0x80013850 (0x7a3f2a23) mem 0x80015000 0x00000001
core   0: 0x80013854 (0xff9ff06f) j       pc - 0x8
core   0: 3 0x80013854 (0xff9ff06f)
core   0: 0x8001384c (0x00001f17) auipc   t5, 0x1
core   0: 3 0x8001384c (0x00001f17) x30 0x8001484c
core   0: 0x80013850 (0x7a3f2a23) sw      gp, 1972(t5)
core   0: 3 0x80013850 (0x7a3f2a23) mem 0x80015000 0x00000001
core   0: 0x80013854 (0xff9ff06f) j       pc - 0x8
core   0: 3 0x80013854 (0xff9ff06f)
core   0: 0x8001384c (0x00001f17) auipc   t5, 0x1
core   0: 3 0x8001384c (0x00001f17) x30 0x8001484c
core   0: 0x80013850 (0x7a3f2a23) sw      gp, 1972(t5)
core   0: 3 0x80013850 (0x7a3f2a23) mem 0x80015000 0x00000001
core   0: 0x80013854 (0xff9ff06f) j       pc - 0x8
core   0: 3 0x80013854 (0xff9ff06f)
core   0: 0x8001384c (0x00001f17) auipc   t5, 0x1
core   0: 3 0x8001384c (0x00001f17) x30 0x8001484c
core   0: 0x80013850 (0x7a3f2a23) sw      gp, 1972(t5)
core   0: 3 0x80013850 (0x7a3f2a23) mem 0x80015000 0x00000001
core   0: 0x80013854 (0xff9ff06f) j       pc - 0x8
core   0: 3 0x80013854 (0xff9ff06f)
core   0: 0x8001384c (0x00001f17) auipc   t5, 0x1
core   0: 3 0x8001384c (0x00001f17) x30 0x8001484c
core   0: 0x80013850 (0x7a3f2a23) sw      gp, 1972(t5)
core   0: 3 0x80013850 (0x7a3f2a23) mem 0x80015000 0x00000001
core   0: 0x80013854 (0xff9ff06f) j       pc - 0x8
core   0: 3 0x80013854 (0xff9ff06f)
core   0: 0x8001384c (0x00001f17) auipc   t5, 0x1
core   0: 3 0x8001384c (0x00001f17) x30 0x8001484c
core   0: 0x80013850 (0x7a3f2a23) sw      gp, 1972(t5)
core   0: 3 0x80013850 (0x7a3f2a23) mem 0x80015000 0x00000001
core   0: 0x80013854 (0xff9ff06f) j       pc - 0x8
core   0: 3 0x80013854 (0xff9ff06f)
core   0: 0x8001384c (0x00001f17) auipc   t5, 0x1
core   0: 3 0x8001384c (0x00001f17) x30 0x8001484c
core   0: 0x80013850 (0x7a3f2a23) sw      gp, 1972(t5)
core   0: 3 0x80013850 (0x7a3f2a23) mem 0x80015000 0x00000001
core   0: 0x80013854 (0xff9ff06f) j       pc - 0x8
core   0: 3 0x80013854 (0xff9ff06f)
core   0: 0x8001384c (0x00001f17) auipc   t5, 0x1
core   0: 3 0x8001384c (0x00001f17) x30 0x8001484c
core   0: 0x80013850 (0x7a3f2a23) sw      gp, 1972(t5)
core   0: 3 0x80013850 (0x7a3f2a23) mem 0x80015000 0x00000001
core   0: 0x80013854 (0xff9ff06f) j       pc - 0x8
core   0: 3 0x80013854 (0xff9ff06f)
core   0: 0x8001384c (0x00001f17) auipc   t5, 0x1
core   0: 3 0x8001384c (0x00001f17) x30 0x8001484c
core   0: 0x80013850 (0x7a3f2a23) sw      gp, 1972(t5)
core   0: 3 0x80013850 (0x7a3f2a23) mem 0x80015000 0x00000001
core   0: 0x80013854 (0xff9ff06f) j       pc - 0x8
core   0: 3 0x80013854 (0xff9ff06f)
core   0: 0x8001384c (0x00001f17) auipc   t5, 0x1
core   0: 3 0x8001384c (0x00001f17) x30 0x8001484c
core   0: 0x80013850 (0x7a3f2a23) sw      gp, 1972(t5)
core   0: 3 0x80013850 (0x7a3f2a23) mem 0x80015000 0x00000001
core   0: 0x80013854 (0xff9ff06f) j       pc - 0x8
core   0: 3 0x80013854 (0xff9ff06f)
core   0: 0x8001384c (0x00001f17) auipc   t5, 0x1
core   0: 3 0x8001384c (0x00001f17) x30 0x8001484c
core   0: 0x80013850 (0x7a3f2a23) sw      gp, 1972(t5)
core   0: 3 0x80013850 (0x7a3f2a23) mem 0x80015000 0x00000001
core   0: 0x80013854 (0xff9ff06f) j       pc - 0x8
core   0: 3 0x80013854 (0xff9ff06f)
core   0: 0x8001384c (0x00001f17) auipc   t5, 0x1
core   0: 3 0x8001384c (0x00001f17) x30 0x8001484c
core   0: 0x80013850 (0x7a3f2a23) sw      gp, 1972(t5)
core   0: 3 0x80013850 (0x7a3f2a23) mem 0x80015000 0x00000001
core   0: 0x80013854 (0xff9ff06f) j       pc - 0x8
core   0: 3 0x80013854 (0xff9ff06f)
core   0: 0x8001384c (0x00001f17) auipc   t5, 0x1
core   0: 3 0x8001384c (0x00001f17) x30 0x8001484c
core   0: 0x80013850 (0x7a3f2a23) sw      gp, 1972(t5)
core   0: 3 0x80013850 (0x7a3f2a23) mem 0x80015000 0x00000001
core   0: 0x80013854 (0xff9ff06f) j       pc - 0x8
core   0: 3 0x80013854 (0xff9ff06f)
core   0: 0x8001384c (0x00001f17) auipc   t5, 0x1
core   0: 3 0x8001384c (0x00001f17) x30 0x8001484c
core   0: 0x80013850 (0x7a3f2a23) sw      gp, 1972(t5)
core   0: 3 0x80013850 (0x7a3f2a23) mem 0x80015000 0x00000001
core   0: 0x80013854 (0xff9ff06f) j       pc - 0x8
core   0: 3 0x80013854 (0xff9ff06f)
core   0: 0x8001384c (0x00001f17) auipc   t5, 0x1
core   0: 3 0x8001384c (0x00001f17) x30 0x8001484c
core   0: 0x80013850 (0x7a3f2a23) sw      gp, 1972(t5)
core   0: 3 0x80013850 (0x7a3f2a23) mem 0x80015000 0x00000001
core   0: 0x80013854 (0xff9ff06f) j       pc - 0x8
core   0: 3 0x80013854 (0xff9ff06f)
core   0: 0x8001384c (0x00001f17) auipc   t5, 0x1
core   0: 3 0x8001384c (0x00001f17) x30 0x8001484c
core   0: 0x80013850 (0x7a3f2a23) sw      gp, 1972(t5)
core   0: 3 0x80013850 (0x7a3f2a23) mem 0x80015000 0x00000001
core   0: 0x80013854 (0xff9ff06f) j       pc - 0x8
core   0: 3 0x80013854 (0xff9ff06f)
core   0: 0x8001384c (0x00001f17) auipc   t5, 0x1
core   0: 3 0x8001384c (0x00001f17) x30 0x8001484c
core   0: 0x80013850 (0x7a3f2a23) sw      gp, 1972(t5)
core   0: 3 0x80013850 (0x7a3f2a23) mem 0x80015000 0x00000001
core   0: 0x80013854 (0xff9ff06f) j       pc - 0x8
core   0: 3 0x80013854 (0xff9ff06f)
core   0: 0x8001384c (0x00001f17) auipc   t5, 0x1
core   0: 3 0x8001384c (0x00001f17) x30 0x8001484c
core   0: 0x80013850 (0x7a3f2a23) sw      gp, 1972(t5)
core   0: 3 0x80013850 (0x7a3f2a23) mem 0x80015000 0x00000001
core   0: 0x80013854 (0xff9ff06f) j       pc - 0x8
core   0: 3 0x80013854 (0xff9ff06f)
core   0: 0x8001384c (0x00001f17) auipc   t5, 0x1
core   0: 3 0x8001384c (0x00001f17) x30 0x8001484c
core   0: 0x80013850 (0x7a3f2a23) sw      gp, 1972(t5)
core   0: 3 0x80013850 (0x7a3f2a23) mem 0x80015000 0x00000001
core   0: 0x80013854 (0xff9ff06f) j       pc - 0x8
core   0: 3 0x80013854 (0xff9ff06f)
core   0: 0x8001384c (0x00001f17) auipc   t5, 0x1
core   0: 3 0x8001384c (0x00001f17) x30 0x8001484c
core   0: 0x80013850 (0x7a3f2a23) sw      gp, 1972(t5)
core   0: 3 0x80013850 (0x7a3f2a23) mem 0x80015000 0x00000001
core   0: 0x80013854 (0xff9ff06f) j       pc - 0x8
core   0: 3 0x80013854 (0xff9ff06f)
core   0: 0x8001384c (0x00001f17) auipc   t5, 0x1
core   0: 3 0x8001384c (0x00001f17) x30 0x8001484c
core   0: 0x80013850 (0x7a3f2a23) sw      gp, 1972(t5)
core   0: 3 0x80013850 (0x7a3f2a23) mem 0x80015000 0x00000001
core   0: 0x80013854 (0xff9ff06f) j       pc - 0x8
core   0: 3 0x80013854 (0xff9ff06f)
core   0: 0x8001384c (0x00001f17) auipc   t5, 0x1
core   0: 3 0x8001384c (0x00001f17) x30 0x8001484c
core   0: 0x80013850 (0x7a3f2a23) sw      gp, 1972(t5)
core   0: 3 0x80013850 (0x7a3f2a23) mem 0x80015000 0x00000001
core   0: 0x80013854 (0xff9ff06f) j       pc - 0x8
core   0: 3 0x80013854 (0xff9ff06f)
core   0: 0x8001384c (0x00001f17) auipc   t5, 0x1
core   0: 3 0x8001384c (0x00001f17) x30 0x8001484c
core   0: 0x80013850 (0x7a3f2a23) sw      gp, 1972(t5)
core   0: 3 0x80013850 (0x7a3f2a23) mem 0x80015000 0x00000001
core   0: 0x80013854 (0xff9ff06f) j       pc - 0x8
core   0: 3 0x80013854 (0xff9ff06f)
core   0: 0x8001384c (0x00001f17) auipc   t5, 0x1
core   0: 3 0x8001384c (0x00001f17) x30 0x8001484c
core   0: 0x80013850 (0x7a3f2a23) sw      gp, 1972(t5)
core   0: 3 0x80013850 (0x7a3f2a23) mem 0x80015000 0x00000001
core   0: 0x80013854 (0xff9ff06f) j       pc - 0x8
core   0: 3 0x80013854 (0xff9ff06f)
core   0: 0x8001384c (0x00001f17) auipc   t5, 0x1
core   0: 3 0x8001384c (0x00001f17) x30 0x8001484c
core   0: 0x80013850 (0x7a3f2a23) sw      gp, 1972(t5)
core   0: 3 0x80013850 (0x7a3f2a23) mem 0x80015000 0x00000001
core   0: 0x80013854 (0xff9ff06f) j       pc - 0x8
core   0: 3 0x80013854 (0xff9ff06f)
core   0: 0x8001384c (0x00001f17) auipc   t5, 0x1
core   0: 3 0x8001384c (0x00001f17) x30 0x8001484c
core   0: 0x80013850 (0x7a3f2a23) sw      gp, 1972(t5)
core   0: 3 0x80013850 (0x7a3f2a23) mem 0x80015000 0x00000001
core   0: 0x80013854 (0xff9ff06f) j       pc - 0x8
core   0: 3 0x80013854 (0xff9ff06f)
core   0: 0x8001384c (0x00001f17) auipc   t5, 0x1
core   0: 3 0x8001384c (0x00001f17) x30 0x8001484c
core   0: 0x80013850 (0x7a3f2a23) sw      gp, 1972(t5)
core   0: 3 0x80013850 (0x7a3f2a23) mem 0x80015000 0x00000001
core   0: 0x80013854 (0xff9ff06f) j       pc - 0x8
core   0: 3 0x80013854 (0xff9ff06f)
core   0: 0x8001384c (0x00001f17) auipc   t5, 0x1
core   0: 3 0x8001384c (0x00001f17) x30 0x8001484c
core   0: 0x80013850 (0x7a3f2a23) sw      gp, 1972(t5)
core   0: 3 0x80013850 (0x7a3f2a23) mem 0x80015000 0x00000001
core   0: 0x80013854 (0xff9ff06f) j       pc - 0x8
core   0: 3 0x80013854 (0xff9ff06f)
core   0: 0x8001384c (0x00001f17) auipc   t5, 0x1
core   0: 3 0x8001384c (0x00001f17) x30 0x8001484c
core   0: 0x80013850 (0x7a3f2a23) sw      gp, 1972(t5)
core   0: 3 0x80013850 (0x7a3f2a23) mem 0x80015000 0x00000001
core   0: 0x80013854 (0xff9ff06f) j       pc - 0x8
core   0: 3 0x80013854 (0xff9ff06f)
core   0: 0x8001384c (0x00001f17) auipc   t5, 0x1
core   0: 3 0x8001384c (0x00001f17) x30 0x8001484c
core   0: 0x80013850 (0x7a3f2a23) sw      gp, 1972(t5)
core   0: 3 0x80013850 (0x7a3f2a23) mem 0x80015000 0x00000001
core   0: 0x80013854 (0xff9ff06f) j       pc - 0x8
core   0: 3 0x80013854 (0xff9ff06f)
core   0: 0x8001384c (0x00001f17) auipc   t5, 0x1
core   0: 3 0x8001384c (0x00001f17) x30 0x8001484c
core   0: 0x80013850 (0x7a3f2a23) sw      gp, 1972(t5)
core   0: 3 0x80013850 (0x7a3f2a23) mem 0x80015000 0x00000001
core   0: 0x80013854 (0xff9ff06f) j       pc - 0x8
core   0: 3 0x80013854 (0xff9ff06f)
core   0: 0x8001384c (0x00001f17) auipc   t5, 0x1
core   0: 3 0x8001384c (0x00001f17) x30 0x8001484c
core   0: 0x80013850 (0x7a3f2a23) sw      gp, 1972(t5)
core   0: 3 0x80013850 (0x7a3f2a23) mem 0x80015000 0x00000001
core   0: 0x80013854 (0xff9ff06f) j       pc - 0x8
core   0: 3 0x80013854 (0xff9ff06f)
core   0: 0x8001384c (0x00001f17) auipc   t5, 0x1
core   0: 3 0x8001384c (0x00001f17) x30 0x8001484c
core   0: 0x80013850 (0x7a3f2a23) sw      gp, 1972(t5)
core   0: 3 0x80013850 (0x7a3f2a23) mem 0x80015000 0x00000001
core   0: 0x80013854 (0xff9ff06f) j       pc - 0x8
core   0: 3 0x80013854 (0xff9ff06f)
core   0: 0x8001384c (0x00001f17) auipc   t5, 0x1
core   0: 3 0x8001384c (0x00001f17) x30 0x8001484c
core   0: 0x80013850 (0x7a3f2a23) sw      gp, 1972(t5)
core   0: 3 0x80013850 (0x7a3f2a23) mem 0x80015000 0x00000001
core   0: 0x80013854 (0xff9ff06f) j       pc - 0x8
core   0: 3 0x80013854 (0xff9ff06f)
core   0: 0x8001384c (0x00001f17) auipc   t5, 0x1
core   0: 3 0x8001384c (0x00001f17) x30 0x8001484c
core   0: 0x80013850 (0x7a3f2a23) sw      gp, 1972(t5)
core   0: 3 0x80013850 (0x7a3f2a23) mem 0x80015000 0x00000001
core   0: 0x80013854 (0xff9ff06f) j       pc - 0x8
core   0: 3 0x80013854 (0xff9ff06f)
core   0: 0x8001384c (0x00001f17) auipc   t5, 0x1
core   0: 3 0x8001384c (0x00001f17) x30 0x8001484c
core   0: 0x80013850 (0x7a3f2a23) sw      gp, 1972(t5)
core   0: 3 0x80013850 (0x7a3f2a23) mem 0x80015000 0x00000001
core   0: 0x80013854 (0xff9ff06f) j       pc - 0x8
core   0: 3 0x80013854 (0xff9ff06f)
core   0: 0x8001384c (0x00001f17) auipc   t5, 0x1
core   0: 3 0x8001384c (0x00001f17) x30 0x8001484c
core   0: 0x80013850 (0x7a3f2a23) sw      gp, 1972(t5)
core   0: 3 0x80013850 (0x7a3f2a23) mem 0x80015000 0x00000001
core   0: 0x80013854 (0xff9ff06f) j       pc - 0x8
core   0: 3 0x80013854 (0xff9ff06f)
core   0: 0x8001384c (0x00001f17) auipc   t5, 0x1
core   0: 3 0x8001384c (0x00001f17) x30 0x8001484c
core   0: 0x80013850 (0x7a3f2a23) sw      gp, 1972(t5)
core   0: 3 0x80013850 (0x7a3f2a23) mem 0x80015000 0x00000001
core   0: 0x80013854 (0xff9ff06f) j       pc - 0x8
core   0: 3 0x80013854 (0xff9ff06f)
core   0: 0x8001384c (0x00001f17) auipc   t5, 0x1
core   0: 3 0x8001384c (0x00001f17) x30 0x8001484c
core   0: 0x80013850 (0x7a3f2a23) sw      gp, 1972(t5)
core   0: 3 0x80013850 (0x7a3f2a23) mem 0x80015000 0x00000001
core   0: 0x80013854 (0xff9ff06f) j       pc - 0x8
core   0: 3 0x80013854 (0xff9ff06f)
core   0: 0x8001384c (0x00001f17) auipc   t5, 0x1
core   0: 3 0x8001384c (0x00001f17) x30 0x8001484c
core   0: 0x80013850 (0x7a3f2a23) sw      gp, 1972(t5)
core   0: 3 0x80013850 (0x7a3f2a23) mem 0x80015000 0x00000001
core   0: 0x80013854 (0xff9ff06f) j       pc - 0x8
core   0: 3 0x80013854 (0xff9ff06f)
core   0: 0x8001384c (0x00001f17) auipc   t5, 0x1
core   0: 3 0x8001384c (0x00001f17) x30 0x8001484c
core   0: 0x80013850 (0x7a3f2a23) sw      gp, 1972(t5)
core   0: 3 0x80013850 (0x7a3f2a23) mem 0x80015000 0x00000001
core   0: 0x80013854 (0xff9ff06f) j       pc - 0x8
core   0: 3 0x80013854 (0xff9ff06f)
core   0: 0x8001384c (0x00001f17) auipc   t5, 0x1
core   0: 3 0x8001384c (0x00001f17) x30 0x8001484c
core   0: 0x80013850 (0x7a3f2a23) sw      gp, 1972(t5)
core   0: 3 0x80013850 (0x7a3f2a23) mem 0x80015000 0x00000001
core   0: 0x80013854 (0xff9ff06f) j       pc - 0x8
core   0: 3 0x80013854 (0xff9ff06f)
core   0: 0x8001384c (0x00001f17) auipc   t5, 0x1
core   0: 3 0x8001384c (0x00001f17) x30 0x8001484c
core   0: 0x80013850 (0x7a3f2a23) sw      gp, 1972(t5)
core   0: 3 0x80013850 (0x7a3f2a23) mem 0x80015000 0x00000001
core   0: 0x80013854 (0xff9ff06f) j       pc - 0x8
core   0: 3 0x80013854 (0xff9ff06f)
core   0: 0x8001384c (0x00001f17) auipc   t5, 0x1
core   0: 3 0x8001384c (0x00001f17) x30 0x8001484c
core   0: 0x80013850 (0x7a3f2a23) sw      gp, 1972(t5)
core   0: 3 0x80013850 (0x7a3f2a23) mem 0x80015000 0x00000001
core   0: 0x80013854 (0xff9ff06f) j       pc - 0x8
core   0: 3 0x80013854 (0xff9ff06f)
core   0: 0x8001384c (0x00001f17) auipc   t5, 0x1
core   0: 3 0x8001384c (0x00001f17) x30 0x8001484c
core   0: 0x80013850 (0x7a3f2a23) sw      gp, 1972(t5)
core   0: 3 0x80013850 (0x7a3f2a23) mem 0x80015000 0x00000001
core   0: 0x80013854 (0xff9ff06f) j       pc - 0x8
core   0: 3 0x80013854 (0xff9ff06f)
core   0: 0x8001384c (0x00001f17) auipc   t5, 0x1
core   0: 3 0x8001384c (0x00001f17) x30 0x8001484c
core   0: 0x80013850 (0x7a3f2a23) sw      gp, 1972(t5)
core   0: 3 0x80013850 (0x7a3f2a23) mem 0x80015000 0x00000001
core   0: 0x80013854 (0xff9ff06f) j       pc - 0x8
core   0: 3 0x80013854 (0xff9ff06f)
core   0: 0x8001384c (0x00001f17) auipc   t5, 0x1
core   0: 3 0x8001384c (0x00001f17) x30 0x8001484c
core   0: 0x80013850 (0x7a3f2a23) sw      gp, 1972(t5)
core   0: 3 0x80013850 (0x7a3f2a23) mem 0x80015000 0x00000001
core   0: 0x80013854 (0xff9ff06f) j       pc - 0x8
core   0: 3 0x80013854 (0xff9ff06f)
core   0: 0x8001384c (0x00001f17) auipc   t5, 0x1
core   0: 3 0x8001384c (0x00001f17) x30 0x8001484c
core   0: 0x80013850 (0x7a3f2a23) sw      gp, 1972(t5)
core   0: 3 0x80013850 (0x7a3f2a23) mem 0x80015000 0x00000001
core   0: 0x80013854 (0xff9ff06f) j       pc - 0x8
core   0: 3 0x80013854 (0xff9ff06f)
core   0: 0x8001384c (0x00001f17) auipc   t5, 0x1
core   0: 3 0x8001384c (0x00001f17) x30 0x8001484c
core   0: 0x80013850 (0x7a3f2a23) sw      gp, 1972(t5)
core   0: 3 0x80013850 (0x7a3f2a23) mem 0x80015000 0x00000001
core   0: 0x80013854 (0xff9ff06f) j       pc - 0x8
core   0: 3 0x80013854 (0xff9ff06f)
core   0: 0x8001384c (0x00001f17) auipc   t5, 0x1
core   0: 3 0x8001384c (0x00001f17) x30 0x8001484c
core   0: 0x80013850 (0x7a3f2a23) sw      gp, 1972(t5)
core   0: 3 0x80013850 (0x7a3f2a23) mem 0x80015000 0x00000001
core   0: 0x80013854 (0xff9ff06f) j       pc - 0x8
core   0: 3 0x80013854 (0xff9ff06f)
core   0: 0x8001384c (0x00001f17) auipc   t5, 0x1
core   0: 3 0x8001384c (0x00001f17) x30 0x8001484c
core   0: 0x80013850 (0x7a3f2a23) sw      gp, 1972(t5)
core   0: 3 0x80013850 (0x7a3f2a23) mem 0x80015000 0x00000001
core   0: 0x80013854 (0xff9ff06f) j       pc - 0x8
core   0: 3 0x80013854 (0xff9ff06f)
core   0: 0x8001384c (0x00001f17) auipc   t5, 0x1
core   0: 3 0x8001384c (0x00001f17) x30 0x8001484c
core   0: 0x80013850 (0x7a3f2a23) sw      gp, 1972(t5)
core   0: 3 0x80013850 (0x7a3f2a23) mem 0x80015000 0x00000001
core   0: 0x80013854 (0xff9ff06f) j       pc - 0x8
core   0: 3 0x80013854 (0xff9ff06f)
core   0: 0x8001384c (0x00001f17) auipc   t5, 0x1
core   0: 3 0x8001384c (0x00001f17) x30 0x8001484c
core   0: 0x80013850 (0x7a3f2a23) sw      gp, 1972(t5)
core   0: 3 0x80013850 (0x7a3f2a23) mem 0x80015000 0x00000001
core   0: 0x80013854 (0xff9ff06f) j       pc - 0x8
core   0: 3 0x80013854 (0xff9ff06f)
core   0: 0x8001384c (0x00001f17) auipc   t5, 0x1
core   0: 3 0x8001384c (0x00001f17) x30 0x8001484c
core   0: 0x80013850 (0x7a3f2a23) sw      gp, 1972(t5)
core   0: 3 0x80013850 (0x7a3f2a23) mem 0x80015000 0x00000001
core   0: 0x80013854 (0xff9ff06f) j       pc - 0x8
core   0: 3 0x80013854 (0xff9ff06f)
core   0: 0x8001384c (0x00001f17) auipc   t5, 0x1
core   0: 3 0x8001384c (0x00001f17) x30 0x8001484c
core   0: 0x80013850 (0x7a3f2a23) sw      gp, 1972(t5)
core   0: 3 0x80013850 (0x7a3f2a23) mem 0x80015000 0x00000001
core   0: 0x80013854 (0xff9ff06f) j       pc - 0x8
core   0: 3 0x80013854 (0xff9ff06f)
core   0: 0x8001384c (0x00001f17) auipc   t5, 0x1
core   0: 3 0x8001384c (0x00001f17) x30 0x8001484c
core   0: 0x80013850 (0x7a3f2a23) sw      gp, 1972(t5)
core   0: 3 0x80013850 (0x7a3f2a23) mem 0x80015000 0x00000001
core   0: 0x80013854 (0xff9ff06f) j       pc - 0x8
core   0: 3 0x80013854 (0xff9ff06f)
core   0: 0x8001384c (0x00001f17) auipc   t5, 0x1
core   0: 3 0x8001384c (0x00001f17) x30 0x8001484c
core   0: 0x80013850 (0x7a3f2a23) sw      gp, 1972(t5)
core   0: 3 0x80013850 (0x7a3f2a23) mem 0x80015000 0x00000001
core   0: 0x80013854 (0xff9ff06f) j       pc - 0x8
core   0: 3 0x80013854 (0xff9ff06f)
core   0: 0x8001384c (0x00001f17) auipc   t5, 0x1
core   0: 3 0x8001384c (0x00001f17) x30 0x8001484c
core   0: 0x80013850 (0x7a3f2a23) sw      gp, 1972(t5)
core   0: 3 0x80013850 (0x7a3f2a23) mem 0x80015000 0x00000001
core   0: 0x80013854 (0xff9ff06f) j       pc - 0x8
core   0: 3 0x80013854 (0xff9ff06f)
core   0: 0x8001384c (0x00001f17) auipc   t5, 0x1
core   0: 3 0x8001384c (0x00001f17) x30 0x8001484c
core   0: 0x80013850 (0x7a3f2a23) sw      gp, 1972(t5)
core   0: 3 0x80013850 (0x7a3f2a23) mem 0x80015000 0x00000001
core   0: 0x80013854 (0xff9ff06f) j       pc - 0x8
core   0: 3 0x80013854 (0xff9ff06f)
core   0: 0x8001384c (0x00001f17) auipc   t5, 0x1
core   0: 3 0x8001384c (0x00001f17) x30 0x8001484c
core   0: 0x80013850 (0x7a3f2a23) sw      gp, 1972(t5)
core   0: 3 0x80013850 (0x7a3f2a23) mem 0x80015000 0x00000001
core   0: 0x80013854 (0xff9ff06f) j       pc - 0x8
core   0: 3 0x80013854 (0xff9ff06f)
core   0: 0x8001384c (0x00001f17) auipc   t5, 0x1
core   0: 3 0x8001384c (0x00001f17) x30 0x8001484c
core   0: 0x80013850 (0x7a3f2a23) sw      gp, 1972(t5)
core   0: 3 0x80013850 (0x7a3f2a23) mem 0x80015000 0x00000001
core   0: 0x80013854 (0xff9ff06f) j       pc - 0x8
core   0: 3 0x80013854 (0xff9ff06f)
core   0: 0x8001384c (0x00001f17) auipc   t5, 0x1
core   0: 3 0x8001384c (0x00001f17) x30 0x8001484c
core   0: 0x80013850 (0x7a3f2a23) sw      gp, 1972(t5)
core   0: 3 0x80013850 (0x7a3f2a23) mem 0x80015000 0x00000001
core   0: 0x80013854 (0xff9ff06f) j       pc - 0x8
core   0: 3 0x80013854 (0xff9ff06f)
core   0: 0x8001384c (0x00001f17) auipc   t5, 0x1
core   0: 3 0x8001384c (0x00001f17) x30 0x8001484c
core   0: 0x80013850 (0x7a3f2a23) sw      gp, 1972(t5)
core   0: 3 0x80013850 (0x7a3f2a23) mem 0x80015000 0x00000001
core   0: 0x80013854 (0xff9ff06f) j       pc - 0x8
core   0: 3 0x80013854 (0xff9ff06f)
core   0: 0x8001384c (0x00001f17) auipc   t5, 0x1
core   0: 3 0x8001384c (0x00001f17) x30 0x8001484c
core   0: 0x80013850 (0x7a3f2a23) sw      gp, 1972(t5)
core   0: 3 0x80013850 (0x7a3f2a23) mem 0x80015000 0x00000001
core   0: 0x80013854 (0xff9ff06f) j       pc - 0x8
core   0: 3 0x80013854 (0xff9ff06f)
core   0: 0x8001384c (0x00001f17) auipc   t5, 0x1
core   0: 3 0x8001384c (0x00001f17) x30 0x8001484c
core   0: 0x80013850 (0x7a3f2a23) sw      gp, 1972(t5)
core   0: 3 0x80013850 (0x7a3f2a23) mem 0x80015000 0x00000001
core   0: 0x80013854 (0xff9ff06f) j       pc - 0x8
core   0: 3 0x80013854 (0xff9ff06f)
core   0: 0x8001384c (0x00001f17) auipc   t5, 0x1
core   0: 3 0x8001384c (0x00001f17) x30 0x8001484c
core   0: 0x80013850 (0x7a3f2a23) sw      gp, 1972(t5)
core   0: 3 0x80013850 (0x7a3f2a23) mem 0x80015000 0x00000001
core   0: 0x80013854 (0xff9ff06f) j       pc - 0x8
core   0: 3 0x80013854 (0xff9ff06f)
core   0: 0x8001384c (0x00001f17) auipc   t5, 0x1
core   0: 3 0x8001384c (0x00001f17) x30 0x8001484c
core   0: 0x80013850 (0x7a3f2a23) sw      gp, 1972(t5)
core   0: 3 0x80013850 (0x7a3f2a23) mem 0x80015000 0x00000001
core   0: 0x80013854 (0xff9ff06f) j       pc - 0x8
core   0: 3 0x80013854 (0xff9ff06f)
core   0: 0x8001384c (0x00001f17) auipc   t5, 0x1
core   0: 3 0x8001384c (0x00001f17) x30 0x8001484c
core   0: 0x80013850 (0x7a3f2a23) sw      gp, 1972(t5)
core   0: 3 0x80013850 (0x7a3f2a23) mem 0x80015000 0x00000001
core   0: 0x80013854 (0xff9ff06f) j       pc - 0x8
core   0: 3 0x80013854 (0xff9ff06f)
core   0: 0x8001384c (0x00001f17) auipc   t5, 0x1
core   0: 3 0x8001384c (0x00001f17) x30 0x8001484c
core   0: 0x80013850 (0x7a3f2a23) sw      gp, 1972(t5)
core   0: 3 0x80013850 (0x7a3f2a23) mem 0x80015000 0x00000001
core   0: 0x80013854 (0xff9ff06f) j       pc - 0x8
core   0: 3 0x80013854 (0xff9ff06f)
core   0: 0x8001384c (0x00001f17) auipc   t5, 0x1
core   0: 3 0x8001384c (0x00001f17) x30 0x8001484c
core   0: 0x80013850 (0x7a3f2a23) sw      gp, 1972(t5)
core   0: 3 0x80013850 (0x7a3f2a23) mem 0x80015000 0x00000001
core   0: 0x80013854 (0xff9ff06f) j       pc - 0x8
core   0: 3 0x80013854 (0xff9ff06f)
core   0: 0x8001384c (0x00001f17) auipc   t5, 0x1
core   0: 3 0x8001384c (0x00001f17) x30 0x8001484c
core   0: 0x80013850 (0x7a3f2a23) sw      gp, 1972(t5)
core   0: 3 0x80013850 (0x7a3f2a23) mem 0x80015000 0x00000001
core   0: 0x80013854 (0xff9ff06f) j       pc - 0x8
core   0: 3 0x80013854 (0xff9ff06f)
core   0: 0x8001384c (0x00001f17) auipc   t5, 0x1
core   0: 3 0x8001384c (0x00001f17) x30 0x8001484c
core   0: 0x80013850 (0x7a3f2a23) sw      gp, 1972(t5)
core   0: 3 0x80013850 (0x7a3f2a23) mem 0x80015000 0x00000001
core   0: 0x80013854 (0xff9ff06f) j       pc - 0x8
core   0: 3 0x80013854 (0xff9ff06f)
core   0: 0x8001384c (0x00001f17) auipc   t5, 0x1
core   0: 3 0x8001384c (0x00001f17) x30 0x8001484c
core   0: 0x80013850 (0x7a3f2a23) sw      gp, 1972(t5)
core   0: 3 0x80013850 (0x7a3f2a23) mem 0x80015000 0x00000001
core   0: 0x80013854 (0xff9ff06f) j       pc - 0x8
core   0: 3 0x80013854 (0xff9ff06f)
core   0: 0x8001384c (0x00001f17) auipc   t5, 0x1
core   0: 3 0x8001384c (0x00001f17) x30 0x8001484c
core   0: 0x80013850 (0x7a3f2a23) sw      gp, 1972(t5)
core   0: 3 0x80013850 (0x7a3f2a23) mem 0x80015000 0x00000001
core   0: 0x80013854 (0xff9ff06f) j       pc - 0x8
core   0: 3 0x80013854 (0xff9ff06f)
core   0: 0x8001384c (0x00001f17) auipc   t5, 0x1
core   0: 3 0x8001384c (0x00001f17) x30 0x8001484c
core   0: 0x80013850 (0x7a3f2a23) sw      gp, 1972(t5)
core   0: 3 0x80013850 (0x7a3f2a23) mem 0x80015000 0x00000001
core   0: 0x80013854 (0xff9ff06f) j       pc - 0x8
core   0: 3 0x80013854 (0xff9ff06f)
core   0: 0x8001384c (0x00001f17) auipc   t5, 0x1
core   0: 3 0x8001384c (0x00001f17) x30 0x8001484c
core   0: 0x80013850 (0x7a3f2a23) sw      gp, 1972(t5)
core   0: 3 0x80013850 (0x7a3f2a23) mem 0x80015000 0x00000001
core   0: 0x80013854 (0xff9ff06f) j       pc - 0x8
core   0: 3 0x80013854 (0xff9ff06f)
core   0: 0x8001384c (0x00001f17) auipc   t5, 0x1
core   0: 3 0x8001384c (0x00001f17) x30 0x8001484c
core   0: 0x80013850 (0x7a3f2a23) sw      gp, 1972(t5)
core   0: 3 0x80013850 (0x7a3f2a23) mem 0x80015000 0x00000001
core   0: 0x80013854 (0xff9ff06f) j       pc - 0x8
core   0: 3 0x80013854 (0xff9ff06f)
core   0: 0x8001384c (0x00001f17) auipc   t5, 0x1
core   0: 3 0x8001384c (0x00001f17) x30 0x8001484c
core   0: 0x80013850 (0x7a3f2a23) sw      gp, 1972(t5)
core   0: 3 0x80013850 (0x7a3f2a23) mem 0x80015000 0x00000001
core   0: 0x80013854 (0xff9ff06f) j       pc - 0x8
core   0: 3 0x80013854 (0xff9ff06f)
core   0: 0x8001384c (0x00001f17) auipc   t5, 0x1
core   0: 3 0x8001384c (0x00001f17) x30 0x8001484c
core   0: 0x80013850 (0x7a3f2a23) sw      gp, 1972(t5)
core   0: 3 0x80013850 (0x7a3f2a23) mem 0x80015000 0x00000001
core   0: 0x80013854 (0xff9ff06f) j       pc - 0x8
core   0: 3 0x80013854 (0xff9ff06f)
core   0: 0x8001384c (0x00001f17) auipc   t5, 0x1
core   0: 3 0x8001384c (0x00001f17) x30 0x8001484c
core   0: 0x80013850 (0x7a3f2a23) sw      gp, 1972(t5)
core   0: 3 0x80013850 (0x7a3f2a23) mem 0x80015000 0x00000001
core   0: 0x80013854 (0xff9ff06f) j       pc - 0x8
core   0: 3 0x80013854 (0xff9ff06f)
core   0: 0x8001384c (0x00001f17) auipc   t5, 0x1
core   0: 3 0x8001384c (0x00001f17) x30 0x8001484c
core   0: 0x80013850 (0x7a3f2a23) sw      gp, 1972(t5)
core   0: 3 0x80013850 (0x7a3f2a23) mem 0x80015000 0x00000001
core   0: 0x80013854 (0xff9ff06f) j       pc - 0x8
core   0: 3 0x80013854 (0xff9ff06f)
core   0: 0x8001384c (0x00001f17) auipc   t5, 0x1
core   0: 3 0x8001384c (0x00001f17) x30 0x8001484c
core   0: 0x80013850 (0x7a3f2a23) sw      gp, 1972(t5)
core   0: 3 0x80013850 (0x7a3f2a23) mem 0x80015000 0x00000001
core   0: 0x80013854 (0xff9ff06f) j       pc - 0x8
core   0: 3 0x80013854 (0xff9ff06f)
core   0: 0x8001384c (0x00001f17) auipc   t5, 0x1
core   0: 3 0x8001384c (0x00001f17) x30 0x8001484c
core   0: 0x80013850 (0x7a3f2a23) sw      gp, 1972(t5)
core   0: 3 0x80013850 (0x7a3f2a23) mem 0x80015000 0x00000001
core   0: 0x80013854 (0xff9ff06f) j       pc - 0x8
core   0: 3 0x80013854 (0xff9ff06f)
core   0: 0x8001384c (0x00001f17) auipc   t5, 0x1
core   0: 3 0x8001384c (0x00001f17) x30 0x8001484c
core   0: 0x80013850 (0x7a3f2a23) sw      gp, 1972(t5)
core   0: 3 0x80013850 (0x7a3f2a23) mem 0x80015000 0x00000001
core   0: 0x80013854 (0xff9ff06f) j       pc - 0x8
core   0: 3 0x80013854 (0xff9ff06f)
core   0: 0x8001384c (0x00001f17) auipc   t5, 0x1
core   0: 3 0x8001384c (0x00001f17) x30 0x8001484c
core   0: 0x80013850 (0x7a3f2a23) sw      gp, 1972(t5)
core   0: 3 0x80013850 (0x7a3f2a23) mem 0x80015000 0x00000001
core   0: 0x80013854 (0xff9ff06f) j       pc - 0x8
core   0: 3 0x80013854 (0xff9ff06f)
core   0: 0x8001384c (0x00001f17) auipc   t5, 0x1
core   0: 3 0x8001384c (0x00001f17) x30 0x8001484c
core   0: 0x80013850 (0x7a3f2a23) sw      gp, 1972(t5)
core   0: 3 0x80013850 (0x7a3f2a23) mem 0x80015000 0x00000001
core   0: 0x80013854 (0xff9ff06f) j       pc - 0x8
core   0: 3 0x80013854 (0xff9ff06f)
core   0: 0x8001384c (0x00001f17) auipc   t5, 0x1
core   0: 3 0x8001384c (0x00001f17) x30 0x8001484c
core   0: 0x80013850 (0x7a3f2a23) sw      gp, 1972(t5)
core   0: 3 0x80013850 (0x7a3f2a23) mem 0x80015000 0x00000001
core   0: 0x80013854 (0xff9ff06f) j       pc - 0x8
core   0: 3 0x80013854 (0xff9ff06f)
core   0: 0x8001384c (0x00001f17) auipc   t5, 0x1
core   0: 3 0x8001384c (0x00001f17) x30 0x8001484c
core   0: 0x80013850 (0x7a3f2a23) sw      gp, 1972(t5)
core   0: 3 0x80013850 (0x7a3f2a23) mem 0x80015000 0x00000001
core   0: 0x80013854 (0xff9ff06f) j       pc - 0x8
core   0: 3 0x80013854 (0xff9ff06f)
core   0: 0x8001384c (0x00001f17) auipc   t5, 0x1
core   0: 3 0x8001384c (0x00001f17) x30 0x8001484c
core   0: 0x80013850 (0x7a3f2a23) sw      gp, 1972(t5)
core   0: 3 0x80013850 (0x7a3f2a23) mem 0x80015000 0x00000001
core   0: 0x80013854 (0xff9ff06f) j       pc - 0x8
core   0: 3 0x80013854 (0xff9ff06f)
core   0: 0x8001384c (0x00001f17) auipc   t5, 0x1
core   0: 3 0x8001384c (0x00001f17) x30 0x8001484c
core   0: 0x80013850 (0x7a3f2a23) sw      gp, 1972(t5)
core   0: 3 0x80013850 (0x7a3f2a23) mem 0x80015000 0x00000001
core   0: 0x80013854 (0xff9ff06f) j       pc - 0x8
core   0: 3 0x80013854 (0xff9ff06f)
core   0: 0x8001384c (0x00001f17) auipc   t5, 0x1
core   0: 3 0x8001384c (0x00001f17) x30 0x8001484c
core   0: 0x80013850 (0x7a3f2a23) sw      gp, 1972(t5)
core   0: 3 0x80013850 (0x7a3f2a23) mem 0x80015000 0x00000001
core   0: 0x80013854 (0xff9ff06f) j       pc - 0x8
core   0: 3 0x80013854 (0xff9ff06f)
core   0: 0x8001384c (0x00001f17) auipc   t5, 0x1
core   0: 3 0x8001384c (0x00001f17) x30 0x8001484c
core   0: 0x80013850 (0x7a3f2a23) sw      gp, 1972(t5)
core   0: 3 0x80013850 (0x7a3f2a23) mem 0x80015000 0x00000001
core   0: 0x80013854 (0xff9ff06f) j       pc - 0x8
core   0: 3 0x80013854 (0xff9ff06f)
core   0: 0x8001384c (0x00001f17) auipc   t5, 0x1
core   0: 3 0x8001384c (0x00001f17) x30 0x8001484c
core   0: 0x80013850 (0x7a3f2a23) sw      gp, 1972(t5)
core   0: 3 0x80013850 (0x7a3f2a23) mem 0x80015000 0x00000001
core   0: 0x80013854 (0xff9ff06f) j       pc - 0x8
core   0: 3 0x80013854 (0xff9ff06f)
core   0: 0x8001384c (0x00001f17) auipc   t5, 0x1
core   0: 3 0x8001384c (0x00001f17) x30 0x8001484c
core   0: 0x80013850 (0x7a3f2a23) sw      gp, 1972(t5)
core   0: 3 0x80013850 (0x7a3f2a23) mem 0x80015000 0x00000001
core   0: 0x80013854 (0xff9ff06f) j       pc - 0x8
core   0: 3 0x80013854 (0xff9ff06f)
core   0: 0x8001384c (0x00001f17) auipc   t5, 0x1
core   0: 3 0x8001384c (0x00001f17) x30 0x8001484c
core   0: 0x80013850 (0x7a3f2a23) sw      gp, 1972(t5)
core   0: 3 0x80013850 (0x7a3f2a23) mem 0x80015000 0x00000001
core   0: 0x80013854 (0xff9ff06f) j       pc - 0x8
core   0: 3 0x80013854 (0xff9ff06f)
core   0: 0x8001384c (0x00001f17) auipc   t5, 0x1
core   0: 3 0x8001384c (0x00001f17) x30 0x8001484c
core   0: 0x80013850 (0x7a3f2a23) sw      gp, 1972(t5)
core   0: 3 0x80013850 (0x7a3f2a23) mem 0x80015000 0x00000001
core   0: 0x80013854 (0xff9ff06f) j       pc - 0x8
core   0: 3 0x80013854 (0xff9ff06f)
core   0: 0x8001384c (0x00001f17) auipc   t5, 0x1
core   0: 3 0x8001384c (0x00001f17) x30 0x8001484c
core   0: 0x80013850 (0x7a3f2a23) sw      gp, 1972(t5)
core   0: 3 0x80013850 (0x7a3f2a23) mem 0x80015000 0x00000001
core   0: 0x80013854 (0xff9ff06f) j       pc - 0x8
core   0: 3 0x80013854 (0xff9ff06f)
core   0: 0x8001384c (0x00001f17) auipc   t5, 0x1
core   0: 3 0x8001384c (0x00001f17) x30 0x8001484c
core   0: 0x80013850 (0x7a3f2a23) sw      gp, 1972(t5)
core   0: 3 0x80013850 (0x7a3f2a23) mem 0x80015000 0x00000001
core   0: 0x80013854 (0xff9ff06f) j       pc - 0x8
core   0: 3 0x80013854 (0xff9ff06f)
core   0: 0x8001384c (0x00001f17) auipc   t5, 0x1
core   0: 3 0x8001384c (0x00001f17) x30 0x8001484c
core   0: 0x80013850 (0x7a3f2a23) sw      gp, 1972(t5)
core   0: 3 0x80013850 (0x7a3f2a23) mem 0x80015000 0x00000001
core   0: 0x80013854 (0xff9ff06f) j       pc - 0x8
core   0: 3 0x80013854 (0xff9ff06f)
core   0: 0x8001384c (0x00001f17) auipc   t5, 0x1
core   0: 3 0x8001384c (0x00001f17) x30 0x8001484c
core   0: 0x80013850 (0x7a3f2a23) sw      gp, 1972(t5)
core   0: 3 0x80013850 (0x7a3f2a23) mem 0x80015000 0x00000001
core   0: 0x80013854 (0xff9ff06f) j       pc - 0x8
core   0: 3 0x80013854 (0xff9ff06f)
core   0: 0x8001384c (0x00001f17) auipc   t5, 0x1
core   0: 3 0x8001384c (0x00001f17) x30 0x8001484c
core   0: 0x80013850 (0x7a3f2a23) sw      gp, 1972(t5)
core   0: 3 0x80013850 (0x7a3f2a23) mem 0x80015000 0x00000001
core   0: 0x80013854 (0xff9ff06f) j       pc - 0x8
core   0: 3 0x80013854 (0xff9ff06f)
core   0: 0x8001384c (0x00001f17) auipc   t5, 0x1
core   0: 3 0x8001384c (0x00001f17) x30 0x8001484c
core   0: 0x80013850 (0x7a3f2a23) sw      gp, 1972(t5)
core   0: 3 0x80013850 (0x7a3f2a23) mem 0x80015000 0x00000001
core   0: 0x80013854 (0xff9ff06f) j       pc - 0x8
core   0: 3 0x80013854 (0xff9ff06f)
core   0: 0x8001384c (0x00001f17) auipc   t5, 0x1
core   0: 3 0x8001384c (0x00001f17) x30 0x8001484c
core   0: 0x80013850 (0x7a3f2a23) sw      gp, 1972(t5)
core   0: 3 0x80013850 (0x7a3f2a23) mem 0x80015000 0x00000001
core   0: 0x80013854 (0xff9ff06f) j       pc - 0x8
core   0: 3 0x80013854 (0xff9ff06f)
core   0: 0x8001384c (0x00001f17) auipc   t5, 0x1
core   0: 3 0x8001384c (0x00001f17) x30 0x8001484c
core   0: 0x80013850 (0x7a3f2a23) sw      gp, 1972(t5)
core   0: 3 0x80013850 (0x7a3f2a23) mem 0x80015000 0x00000001
core   0: 0x80013854 (0xff9ff06f) j       pc - 0x8
core   0: 3 0x80013854 (0xff9ff06f)
core   0: 0x8001384c (0x00001f17) auipc   t5, 0x1
core   0: 3 0x8001384c (0x00001f17) x30 0x8001484c
core   0: 0x80013850 (0x7a3f2a23) sw      gp, 1972(t5)
core   0: 3 0x80013850 (0x7a3f2a23) mem 0x80015000 0x00000001
core   0: 0x80013854 (0xff9ff06f) j       pc - 0x8
core   0: 3 0x80013854 (0xff9ff06f)
core   0: 0x8001384c (0x00001f17) auipc   t5, 0x1
core   0: 3 0x8001384c (0x00001f17) x30 0x8001484c
core   0: 0x80013850 (0x7a3f2a23) sw      gp, 1972(t5)
core   0: 3 0x80013850 (0x7a3f2a23) mem 0x80015000 0x00000001
core   0: 0x80013854 (0xff9ff06f) j       pc - 0x8
core   0: 3 0x80013854 (0xff9ff06f)
core   0: 0x8001384c (0x00001f17) auipc   t5, 0x1
core   0: 3 0x8001384c (0x00001f17) x30 0x8001484c
core   0: 0x80013850 (0x7a3f2a23) sw      gp, 1972(t5)
core   0: 3 0x80013850 (0x7a3f2a23) mem 0x80015000 0x00000001
core   0: 0x80013854 (0xff9ff06f) j       pc - 0x8
core   0: 3 0x80013854 (0xff9ff06f)
core   0: 0x8001384c (0x00001f17) auipc   t5, 0x1
core   0: 3 0x8001384c (0x00001f17) x30 0x8001484c
core   0: 0x80013850 (0x7a3f2a23) sw      gp, 1972(t5)
core   0: 3 0x80013850 (0x7a3f2a23) mem 0x80015000 0x00000001
core   0: 0x80013854 (0xff9ff06f) j       pc - 0x8
core   0: 3 0x80013854 (0xff9ff06f)
core   0: 0x8001384c (0x00001f17) auipc   t5, 0x1
core   0: 3 0x8001384c (0x00001f17) x30 0x8001484c
core   0: 0x80013850 (0x7a3f2a23) sw      gp, 1972(t5)
core   0: 3 0x80013850 (0x7a3f2a23) mem 0x80015000 0x00000001
core   0: 0x80013854 (0xff9ff06f) j       pc - 0x8
core   0: 3 0x80013854 (0xff9ff06f)
core   0: 0x8001384c (0x00001f17) auipc   t5, 0x1
core   0: 3 0x8001384c (0x00001f17) x30 0x8001484c
core   0: 0x80013850 (0x7a3f2a23) sw      gp, 1972(t5)
core   0: 3 0x80013850 (0x7a3f2a23) mem 0x80015000 0x00000001
core   0: 0x80013854 (0xff9ff06f) j       pc - 0x8
core   0: 3 0x80013854 (0xff9ff06f)
core   0: 0x8001384c (0x00001f17) auipc   t5, 0x1
core   0: 3 0x8001384c (0x00001f17) x30 0x8001484c
core   0: 0x80013850 (0x7a3f2a23) sw      gp, 1972(t5)
core   0: 3 0x80013850 (0x7a3f2a23) mem 0x80015000 0x00000001
core   0: 0x80013854 (0xff9ff06f) j       pc - 0x8
core   0: 3 0x80013854 (0xff9ff06f)
core   0: 0x8001384c (0x00001f17) auipc   t5, 0x1
core   0: 3 0x8001384c (0x00001f17) x30 0x8001484c
core   0: 0x80013850 (0x7a3f2a23) sw      gp, 1972(t5)
core   0: 3 0x80013850 (0x7a3f2a23) mem 0x80015000 0x00000001
core   0: 0x80013854 (0xff9ff06f) j       pc - 0x8
core   0: 3 0x80013854 (0xff9ff06f)
core   0: 0x8001384c (0x00001f17) auipc   t5, 0x1
core   0: 3 0x8001384c (0x00001f17) x30 0x8001484c
core   0: 0x80013850 (0x7a3f2a23) sw      gp, 1972(t5)
core   0: 3 0x80013850 (0x7a3f2a23) mem 0x80015000 0x00000001
core   0: 0x80013854 (0xff9ff06f) j       pc - 0x8
core   0: 3 0x80013854 (0xff9ff06f)
core   0: 0x8001384c (0x00001f17) auipc   t5, 0x1
core   0: 3 0x8001384c (0x00001f17) x30 0x8001484c
core   0: 0x80013850 (0x7a3f2a23) sw      gp, 1972(t5)
core   0: 3 0x80013850 (0x7a3f2a23) mem 0x80015000 0x00000001
core   0: 0x80013854 (0xff9ff06f) j       pc - 0x8
core   0: 3 0x80013854 (0xff9ff06f)
core   0: 0x8001384c (0x00001f17) auipc   t5, 0x1
core   0: 3 0x8001384c (0x00001f17) x30 0x8001484c
core   0: 0x80013850 (0x7a3f2a23) sw      gp, 1972(t5)
core   0: 3 0x80013850 (0x7a3f2a23) mem 0x80015000 0x00000001
core   0: 0x80013854 (0xff9ff06f) j       pc - 0x8
core   0: 3 0x80013854 (0xff9ff06f)
core   0: 0x8001384c (0x00001f17) auipc   t5, 0x1
core   0: 3 0x8001384c (0x00001f17) x30 0x8001484c
core   0: 0x80013850 (0x7a3f2a23) sw      gp, 1972(t5)
core   0: 3 0x80013850 (0x7a3f2a23) mem 0x80015000 0x00000001
core   0: 0x80013854 (0xff9ff06f) j       pc - 0x8
core   0: 3 0x80013854 (0xff9ff06f)
core   0: 0x8001384c (0x00001f17) auipc   t5, 0x1
core   0: 3 0x8001384c (0x00001f17) x30 0x8001484c
core   0: 0x80013850 (0x7a3f2a23) sw      gp, 1972(t5)
core   0: 3 0x80013850 (0x7a3f2a23) mem 0x80015000 0x00000001
core   0: 0x80013854 (0xff9ff06f) j       pc - 0x8
core   0: 3 0x80013854 (0xff9ff06f)
core   0: 0x8001384c (0x00001f17) auipc   t5, 0x1
core   0: 3 0x8001384c (0x00001f17) x30 0x8001484c
core   0: 0x80013850 (0x7a3f2a23) sw      gp, 1972(t5)
core   0: 3 0x80013850 (0x7a3f2a23) mem 0x80015000 0x00000001
core   0: 0x80013854 (0xff9ff06f) j       pc - 0x8
core   0: 3 0x80013854 (0xff9ff06f)
core   0: 0x8001384c (0x00001f17) auipc   t5, 0x1
core   0: 3 0x8001384c (0x00001f17) x30 0x8001484c
core   0: 0x80013850 (0x7a3f2a23) sw      gp, 1972(t5)
core   0: 3 0x80013850 (0x7a3f2a23) mem 0x80015000 0x00000001
core   0: 0x80013854 (0xff9ff06f) j       pc - 0x8
core   0: 3 0x80013854 (0xff9ff06f)
core   0: 0x8001384c (0x00001f17) auipc   t5, 0x1
core   0: 3 0x8001384c (0x00001f17) x30 0x8001484c
core   0: 0x80013850 (0x7a3f2a23) sw      gp, 1972(t5)
core   0: 3 0x80013850 (0x7a3f2a23) mem 0x80015000 0x00000001
core   0: 0x80013854 (0xff9ff06f) j       pc - 0x8
core   0: 3 0x80013854 (0xff9ff06f)
core   0: 0x8001384c (0x00001f17) auipc   t5, 0x1
core   0: 3 0x8001384c (0x00001f17) x30 0x8001484c
core   0: 0x80013850 (0x7a3f2a23) sw      gp, 1972(t5)
core   0: 3 0x80013850 (0x7a3f2a23) mem 0x80015000 0x00000001
core   0: 0x80013854 (0xff9ff06f) j       pc - 0x8
core   0: 3 0x80013854 (0xff9ff06f)
core   0: 0x8001384c (0x00001f17) auipc   t5, 0x1
core   0: 3 0x8001384c (0x00001f17) x30 0x8001484c
core   0: 0x80013850 (0x7a3f2a23) sw      gp, 1972(t5)
core   0: 3 0x80013850 (0x7a3f2a23) mem 0x80015000 0x00000001
core   0: 0x80013854 (0xff9ff06f) j       pc - 0x8
core   0: 3 0x80013854 (0xff9ff06f)
core   0: 0x8001384c (0x00001f17) auipc   t5, 0x1
core   0: 3 0x8001384c (0x00001f17) x30 0x8001484c
core   0: 0x80013850 (0x7a3f2a23) sw      gp, 1972(t5)
core   0: 3 0x80013850 (0x7a3f2a23) mem 0x80015000 0x00000001
core   0: 0x80013854 (0xff9ff06f) j       pc - 0x8
core   0: 3 0x80013854 (0xff9ff06f)
core   0: 0x8001384c (0x00001f17) auipc   t5, 0x1
core   0: 3 0x8001384c (0x00001f17) x30 0x8001484c
core   0: 0x80013850 (0x7a3f2a23) sw      gp, 1972(t5)
core   0: 3 0x80013850 (0x7a3f2a23) mem 0x80015000 0x00000001
core   0: 0x80013854 (0xff9ff06f) j       pc - 0x8
core   0: 3 0x80013854 (0xff9ff06f)
core   0: 0x8001384c (0x00001f17) auipc   t5, 0x1
core   0: 3 0x8001384c (0x00001f17) x30 0x8001484c
core   0: 0x80013850 (0x7a3f2a23) sw      gp, 1972(t5)
core   0: 3 0x80013850 (0x7a3f2a23) mem 0x80015000 0x00000001
core   0: 0x80013854 (0xff9ff06f) j       pc - 0x8
core   0: 3 0x80013854 (0xff9ff06f)
core   0: 0x8001384c (0x00001f17) auipc   t5, 0x1
core   0: 3 0x8001384c (0x00001f17) x30 0x8001484c
core   0: 0x80013850 (0x7a3f2a23) sw      gp, 1972(t5)
core   0: 3 0x80013850 (0x7a3f2a23) mem 0x80015000 0x00000001
core   0: 0x80013854 (0xff9ff06f) j       pc - 0x8
core   0: 3 0x80013854 (0xff9ff06f)
core   0: 0x8001384c (0x00001f17) auipc   t5, 0x1
core   0: 3 0x8001384c (0x00001f17) x30 0x8001484c
core   0: 0x80013850 (0x7a3f2a23) sw      gp, 1972(t5)
core   0: 3 0x80013850 (0x7a3f2a23) mem 0x80015000 0x00000001
core   0: 0x80013854 (0xff9ff06f) j       pc - 0x8
core   0: 3 0x80013854 (0xff9ff06f)
core   0: 0x8001384c (0x00001f17) auipc   t5, 0x1
core   0: 3 0x8001384c (0x00001f17) x30 0x8001484c
core   0: 0x80013850 (0x7a3f2a23) sw      gp, 1972(t5)
core   0: 3 0x80013850 (0x7a3f2a23) mem 0x80015000 0x00000001
core   0: 0x80013854 (0xff9ff06f) j       pc - 0x8
core   0: 3 0x80013854 (0xff9ff06f)
core   0: 0x8001384c (0x00001f17) auipc   t5, 0x1
core   0: 3 0x8001384c (0x00001f17) x30 0x8001484c
core   0: 0x80013850 (0x7a3f2a23) sw      gp, 1972(t5)
core   0: 3 0x80013850 (0x7a3f2a23) mem 0x80015000 0x00000001
core   0: 0x80013854 (0xff9ff06f) j       pc - 0x8
core   0: 3 0x80013854 (0xff9ff06f)
core   0: 0x8001384c (0x00001f17) auipc   t5, 0x1
core   0: 3 0x8001384c (0x00001f17) x30 0x8001484c
core   0: 0x80013850 (0x7a3f2a23) sw      gp, 1972(t5)
core   0: 3 0x80013850 (0x7a3f2a23) mem 0x80015000 0x00000001
core   0: 0x80013854 (0xff9ff06f) j       pc - 0x8
core   0: 3 0x80013854 (0xff9ff06f)
core   0: 0x8001384c (0x00001f17) auipc   t5, 0x1
core   0: 3 0x8001384c (0x00001f17) x30 0x8001484c
core   0: 0x80013850 (0x7a3f2a23) sw      gp, 1972(t5)
core   0: 3 0x80013850 (0x7a3f2a23) mem 0x80015000 0x00000001
core   0: 0x80013854 (0xff9ff06f) j       pc - 0x8
core   0: 3 0x80013854 (0xff9ff06f)
core   0: 0x8001384c (0x00001f17) auipc   t5, 0x1
core   0: 3 0x8001384c (0x00001f17) x30 0x8001484c
core   0: 0x80013850 (0x7a3f2a23) sw      gp, 1972(t5)
core   0: 3 0x80013850 (0x7a3f2a23) mem 0x80015000 0x00000001
core   0: 0x80013854 (0xff9ff06f) j       pc - 0x8
core   0: 3 0x80013854 (0xff9ff06f)
core   0: 0x8001384c (0x00001f17) auipc   t5, 0x1
core   0: 3 0x8001384c (0x00001f17) x30 0x8001484c
core   0: 0x80013850 (0x7a3f2a23) sw      gp, 1972(t5)
core   0: 3 0x80013850 (0x7a3f2a23) mem 0x80015000 0x00000001
core   0: 0x80013854 (0xff9ff06f) j       pc - 0x8
core   0: 3 0x80013854 (0xff9ff06f)
core   0: 0x8001384c (0x00001f17) auipc   t5, 0x1
core   0: 3 0x8001384c (0x00001f17) x30 0x8001484c
core   0: 0x80013850 (0x7a3f2a23) sw      gp, 1972(t5)
core   0: 3 0x80013850 (0x7a3f2a23) mem 0x80015000 0x00000001
core   0: 0x80013854 (0xff9ff06f) j       pc - 0x8
core   0: 3 0x80013854 (0xff9ff06f)
core   0: 0x8001384c (0x00001f17) auipc   t5, 0x1
core   0: 3 0x8001384c (0x00001f17) x30 0x8001484c
core   0: 0x80013850 (0x7a3f2a23) sw      gp, 1972(t5)
core   0: 3 0x80013850 (0x7a3f2a23) mem 0x80015000 0x00000001
core   0: 0x80013854 (0xff9ff06f) j       pc - 0x8
core   0: 3 0x80013854 (0xff9ff06f)
core   0: 0x8001384c (0x00001f17) auipc   t5, 0x1
core   0: 3 0x8001384c (0x00001f17) x30 0x8001484c
core   0: 0x80013850 (0x7a3f2a23) sw      gp, 1972(t5)
core   0: 3 0x80013850 (0x7a3f2a23) mem 0x80015000 0x00000001
core   0: 0x80013854 (0xff9ff06f) j       pc - 0x8
core   0: 3 0x80013854 (0xff9ff06f)
core   0: 0x8001384c (0x00001f17) auipc   t5, 0x1
core   0: 3 0x8001384c (0x00001f17) x30 0x8001484c
core   0: 0x80013850 (0x7a3f2a23) sw      gp, 1972(t5)
core   0: 3 0x80013850 (0x7a3f2a23) mem 0x80015000 0x00000001
core   0: 0x80013854 (0xff9ff06f) j       pc - 0x8
core   0: 3 0x80013854 (0xff9ff06f)
core   0: 0x8001384c (0x00001f17) auipc   t5, 0x1
core   0: 3 0x8001384c (0x00001f17) x30 0x8001484c
core   0: 0x80013850 (0x7a3f2a23) sw      gp, 1972(t5)
core   0: 3 0x80013850 (0x7a3f2a23) mem 0x80015000 0x00000001
core   0: 0x80013854 (0xff9ff06f) j       pc - 0x8
core   0: 3 0x80013854 (0xff9ff06f)
core   0: 0x8001384c (0x00001f17) auipc   t5, 0x1
core   0: 3 0x8001384c (0x00001f17) x30 0x8001484c
core   0: 0x80013850 (0x7a3f2a23) sw      gp, 1972(t5)
core   0: 3 0x80013850 (0x7a3f2a23) mem 0x80015000 0x00000001
core   0: 0x80013854 (0xff9ff06f) j       pc - 0x8
core   0: 3 0x80013854 (0xff9ff06f)
core   0: 0x8001384c (0x00001f17) auipc   t5, 0x1
core   0: 3 0x8001384c (0x00001f17) x30 0x8001484c
core   0: 0x80013850 (0x7a3f2a23) sw      gp, 1972(t5)
core   0: 3 0x80013850 (0x7a3f2a23) mem 0x80015000 0x00000001
core   0: 0x80013854 (0xff9ff06f) j       pc - 0x8
core   0: 3 0x80013854 (0xff9ff06f)
core   0: 0x8001384c (0x00001f17) auipc   t5, 0x1
core   0: 3 0x8001384c (0x00001f17) x30 0x8001484c
core   0: 0x80013850 (0x7a3f2a23) sw      gp, 1972(t5)
core   0: 3 0x80013850 (0x7a3f2a23) mem 0x80015000 0x00000001
core   0: 0x80013854 (0xff9ff06f) j       pc - 0x8
core   0: 3 0x80013854 (0xff9ff06f)
core   0: 0x8001384c (0x00001f17) auipc   t5, 0x1
core   0: 3 0x8001384c (0x00001f17) x30 0x8001484c
core   0: 0x80013850 (0x7a3f2a23) sw      gp, 1972(t5)
core   0: 3 0x80013850 (0x7a3f2a23) mem 0x80015000 0x00000001
core   0: 0x80013854 (0xff9ff06f) j       pc - 0x8
core   0: 3 0x80013854 (0xff9ff06f)
core   0: 0x8001384c (0x00001f17) auipc   t5, 0x1
core   0: 3 0x8001384c (0x00001f17) x30 0x8001484c
core   0: 0x80013850 (0x7a3f2a23) sw      gp, 1972(t5)
core   0: 3 0x80013850 (0x7a3f2a23) mem 0x80015000 0x00000001
core   0: 0x80013854 (0xff9ff06f) j       pc - 0x8
core   0: 3 0x80013854 (0xff9ff06f)
core   0: 0x8001384c (0x00001f17) auipc   t5, 0x1
core   0: 3 0x8001384c (0x00001f17) x30 0x8001484c
core   0: 0x80013850 (0x7a3f2a23) sw      gp, 1972(t5)
core   0: 3 0x80013850 (0x7a3f2a23) mem 0x80015000 0x00000001
core   0: 0x80013854 (0xff9ff06f) j       pc - 0x8
core   0: 3 0x80013854 (0xff9ff06f)
core   0: 0x8001384c (0x00001f17) auipc   t5, 0x1
core   0: 3 0x8001384c (0x00001f17) x30 0x8001484c
core   0: 0x80013850 (0x7a3f2a23) sw      gp, 1972(t5)
core   0: 3 0x80013850 (0x7a3f2a23) mem 0x80015000 0x00000001
core   0: 0x80013854 (0xff9ff06f) j       pc - 0x8
core   0: 3 0x80013854 (0xff9ff06f)
core   0: 0x8001384c (0x00001f17) auipc   t5, 0x1
core   0: 3 0x8001384c (0x00001f17) x30 0x8001484c
core   0: 0x80013850 (0x7a3f2a23) sw      gp, 1972(t5)
core   0: 3 0x80013850 (0x7a3f2a23) mem 0x80015000 0x00000001
core   0: 0x80013854 (0xff9ff06f) j       pc - 0x8
core   0: 3 0x80013854 (0xff9ff06f)
core   0: 0x8001384c (0x00001f17) auipc   t5, 0x1
core   0: 3 0x8001384c (0x00001f17) x30 0x8001484c
core   0: 0x80013850 (0x7a3f2a23) sw      gp, 1972(t5)
core   0: 3 0x80013850 (0x7a3f2a23) mem 0x80015000 0x00000001
core   0: 0x80013854 (0xff9ff06f) j       pc - 0x8
core   0: 3 0x80013854 (0xff9ff06f)
core   0: 0x8001384c (0x00001f17) auipc   t5, 0x1
core   0: 3 0x8001384c (0x00001f17) x30 0x8001484c
core   0: 0x80013850 (0x7a3f2a23) sw      gp, 1972(t5)
core   0: 3 0x80013850 (0x7a3f2a23) mem 0x80015000 0x00000001
core   0: 0x80013854 (0xff9ff06f) j       pc - 0x8
core   0: 3 0x80013854 (0xff9ff06f)
core   0: 0x8001384c (0x00001f17) auipc   t5, 0x1
core   0: 3 0x8001384c (0x00001f17) x30 0x8001484c
core   0: 0x80013850 (0x7a3f2a23) sw      gp, 1972(t5)
core   0: 3 0x80013850 (0x7a3f2a23) mem 0x80015000 0x00000001
core   0: 0x80013854 (0xff9ff06f) j       pc - 0x8
core   0: 3 0x80013854 (0xff9ff06f)
core   0: 0x8001384c (0x00001f17) auipc   t5, 0x1
core   0: 3 0x8001384c (0x00001f17) x30 0x8001484c
core   0: 0x80013850 (0x7a3f2a23) sw      gp, 1972(t5)
core   0: 3 0x80013850 (0x7a3f2a23) mem 0x80015000 0x00000001
core   0: 0x80013854 (0xff9ff06f) j       pc - 0x8
core   0: 3 0x80013854 (0xff9ff06f)
core   0: 0x8001384c (0x00001f17) auipc   t5, 0x1
core   0: 3 0x8001384c (0x00001f17) x30 0x8001484c
core   0: 0x80013850 (0x7a3f2a23) sw      gp, 1972(t5)
core   0: 3 0x80013850 (0x7a3f2a23) mem 0x80015000 0x00000001
core   0: 0x80013854 (0xff9ff06f) j       pc - 0x8
core   0: 3 0x80013854 (0xff9ff06f)
core   0: 0x8001384c (0x00001f17) auipc   t5, 0x1
core   0: 3 0x8001384c (0x00001f17) x30 0x8001484c
core   0: 0x80013850 (0x7a3f2a23) sw      gp, 1972(t5)
core   0: 3 0x80013850 (0x7a3f2a23) mem 0x80015000 0x00000001
core   0: 0x80013854 (0xff9ff06f) j       pc - 0x8
core   0: 3 0x80013854 (0xff9ff06f)
core   0: 0x8001384c (0x00001f17) auipc   t5, 0x1
core   0: 3 0x8001384c (0x00001f17) x30 0x8001484c
core   0: 0x80013850 (0x7a3f2a23) sw      gp, 1972(t5)
core   0: 3 0x80013850 (0x7a3f2a23) mem 0x80015000 0x00000001
core   0: 0x80013854 (0xff9ff06f) j       pc - 0x8
core   0: 3 0x80013854 (0xff9ff06f)
core   0: 0x8001384c (0x00001f17) auipc   t5, 0x1
core   0: 3 0x8001384c (0x00001f17) x30 0x8001484c
core   0: 0x80013850 (0x7a3f2a23) sw      gp, 1972(t5)
core   0: 3 0x80013850 (0x7a3f2a23) mem 0x80015000 0x00000001
core   0: 0x80013854 (0xff9ff06f) j       pc - 0x8
core   0: 3 0x80013854 (0xff9ff06f)
core   0: 0x8001384c (0x00001f17) auipc   t5, 0x1
core   0: 3 0x8001384c (0x00001f17) x30 0x8001484c
core   0: 0x80013850 (0x7a3f2a23) sw      gp, 1972(t5)
core   0: 3 0x80013850 (0x7a3f2a23) mem 0x80015000 0x00000001
core   0: 0x80013854 (0xff9ff06f) j       pc - 0x8
core   0: 3 0x80013854 (0xff9ff06f)
core   0: 0x8001384c (0x00001f17) auipc   t5, 0x1
core   0: 3 0x8001384c (0x00001f17) x30 0x8001484c
core   0: 0x80013850 (0x7a3f2a23) sw      gp, 1972(t5)
core   0: 3 0x80013850 (0x7a3f2a23) mem 0x80015000 0x00000001
core   0: 0x80013854 (0xff9ff06f) j       pc - 0x8
core   0: 3 0x80013854 (0xff9ff06f)
core   0: 0x8001384c (0x00001f17) auipc   t5, 0x1
core   0: 3 0x8001384c (0x00001f17) x30 0x8001484c
core   0: 0x80013850 (0x7a3f2a23) sw      gp, 1972(t5)
core   0: 3 0x80013850 (0x7a3f2a23) mem 0x80015000 0x00000001
core   0: 0x80013854 (0xff9ff06f) j       pc - 0x8
core   0: 3 0x80013854 (0xff9ff06f)
core   0: 0x8001384c (0x00001f17) auipc   t5, 0x1
core   0: 3 0x8001384c (0x00001f17) x30 0x8001484c
core   0: 0x80013850 (0x7a3f2a23) sw      gp, 1972(t5)
core   0: 3 0x80013850 (0x7a3f2a23) mem 0x80015000 0x00000001
core   0: 0x80013854 (0xff9ff06f) j       pc - 0x8
core   0: 3 0x80013854 (0xff9ff06f)
core   0: 0x8001384c (0x00001f17) auipc   t5, 0x1
core   0: 3 0x8001384c (0x00001f17) x30 0x8001484c
core   0: 0x80013850 (0x7a3f2a23) sw      gp, 1972(t5)
core   0: 3 0x80013850 (0x7a3f2a23) mem 0x80015000 0x00000001
core   0: 0x80013854 (0xff9ff06f) j       pc - 0x8
core   0: 3 0x80013854 (0xff9ff06f)
core   0: 0x8001384c (0x00001f17) auipc   t5, 0x1
core   0: 3 0x8001384c (0x00001f17) x30 0x8001484c
core   0: 0x80013850 (0x7a3f2a23) sw      gp, 1972(t5)
core   0: 3 0x80013850 (0x7a3f2a23) mem 0x80015000 0x00000001
core   0: 0x80013854 (0xff9ff06f) j       pc - 0x8
core   0: 3 0x80013854 (0xff9ff06f)
core   0: 0x8001384c (0x00001f17) auipc   t5, 0x1
core   0: 3 0x8001384c (0x00001f17) x30 0x8001484c
core   0: 0x80013850 (0x7a3f2a23) sw      gp, 1972(t5)
core   0: 3 0x80013850 (0x7a3f2a23) mem 0x80015000 0x00000001
core   0: 0x80013854 (0xff9ff06f) j       pc - 0x8
core   0: 3 0x80013854 (0xff9ff06f)
core   0: 0x8001384c (0x00001f17) auipc   t5, 0x1
core   0: 3 0x8001384c (0x00001f17) x30 0x8001484c
core   0: 0x80013850 (0x7a3f2a23) sw      gp, 1972(t5)
core   0: 3 0x80013850 (0x7a3f2a23) mem 0x80015000 0x00000001
core   0: 0x80013854 (0xff9ff06f) j       pc - 0x8
core   0: 3 0x80013854 (0xff9ff06f)
core   0: 0x8001384c (0x00001f17) auipc   t5, 0x1
core   0: 3 0x8001384c (0x00001f17) x30 0x8001484c
core   0: 0x80013850 (0x7a3f2a23) sw      gp, 1972(t5)
core   0: 3 0x80013850 (0x7a3f2a23) mem 0x80015000 0x00000001
core   0: 0x80013854 (0xff9ff06f) j       pc - 0x8
core   0: 3 0x80013854 (0xff9ff06f)
core   0: 0x8001384c (0x00001f17) auipc   t5, 0x1
core   0: 3 0x8001384c (0x00001f17) x30 0x8001484c
core   0: 0x80013850 (0x7a3f2a23) sw      gp, 1972(t5)
core   0: 3 0x80013850 (0x7a3f2a23) mem 0x80015000 0x00000001
core   0: 0x80013854 (0xff9ff06f) j       pc - 0x8
core   0: 3 0x80013854 (0xff9ff06f)
core   0: 0x8001384c (0x00001f17) auipc   t5, 0x1
core   0: 3 0x8001384c (0x00001f17) x30 0x8001484c
core   0: 0x80013850 (0x7a3f2a23) sw      gp, 1972(t5)
core   0: 3 0x80013850 (0x7a3f2a23) mem 0x80015000 0x00000001
core   0: 0x80013854 (0xff9ff06f) j       pc - 0x8
core   0: 3 0x80013854 (0xff9ff06f)
core   0: 0x8001384c (0x00001f17) auipc   t5, 0x1
core   0: 3 0x8001384c (0x00001f17) x30 0x8001484c
core   0: 0x80013850 (0x7a3f2a23) sw      gp, 1972(t5)
core   0: 3 0x80013850 (0x7a3f2a23) mem 0x80015000 0x00000001
core   0: 0x80013854 (0xff9ff06f) j       pc - 0x8
core   0: 3 0x80013854 (0xff9ff06f)
core   0: 0x8001384c (0x00001f17) auipc   t5, 0x1
core   0: 3 0x8001384c (0x00001f17) x30 0x8001484c
core   0: 0x80013850 (0x7a3f2a23) sw      gp, 1972(t5)
core   0: 3 0x80013850 (0x7a3f2a23) mem 0x80015000 0x00000001
core   0: 0x80013854 (0xff9ff06f) j       pc - 0x8
core   0: 3 0x80013854 (0xff9ff06f)
core   0: 0x8001384c (0x00001f17) auipc   t5, 0x1
core   0: 3 0x8001384c (0x00001f17) x30 0x8001484c
core   0: 0x80013850 (0x7a3f2a23) sw      gp, 1972(t5)
core   0: 3 0x80013850 (0x7a3f2a23) mem 0x80015000 0x00000001
core   0: 0x80013854 (0xff9ff06f) j       pc - 0x8
core   0: 3 0x80013854 (0xff9ff06f)
core   0: 0x8001384c (0x00001f17) auipc   t5, 0x1
core   0: 3 0x8001384c (0x00001f17) x30 0x8001484c
core   0: 0x80013850 (0x7a3f2a23) sw      gp, 1972(t5)
core   0: 3 0x80013850 (0x7a3f2a23) mem 0x80015000 0x00000001
core   0: 0x80013854 (0xff9ff06f) j       pc - 0x8
core   0: 3 0x80013854 (0xff9ff06f)
core   0: 0x8001384c (0x00001f17) auipc   t5, 0x1
core   0: 3 0x8001384c (0x00001f17) x30 0x8001484c
core   0: 0x80013850 (0x7a3f2a23) sw      gp, 1972(t5)
core   0: 3 0x80013850 (0x7a3f2a23) mem 0x80015000 0x00000001
core   0: 0x80013854 (0xff9ff06f) j       pc - 0x8
core   0: 3 0x80013854 (0xff9ff06f)
core   0: 0x8001384c (0x00001f17) auipc   t5, 0x1
core   0: 3 0x8001384c (0x00001f17) x30 0x8001484c
core   0: 0x80013850 (0x7a3f2a23) sw      gp, 1972(t5)
core   0: 3 0x80013850 (0x7a3f2a23) mem 0x80015000 0x00000001
core   0: 0x80013854 (0xff9ff06f) j       pc - 0x8
core   0: 3 0x80013854 (0xff9ff06f)
core   0: 0x8001384c (0x00001f17) auipc   t5, 0x1
core   0: 3 0x8001384c (0x00001f17) x30 0x8001484c
core   0: 0x80013850 (0x7a3f2a23) sw      gp, 1972(t5)
core   0: 3 0x80013850 (0x7a3f2a23) mem 0x80015000 0x00000001
core   0: 0x80013854 (0xff9ff06f) j       pc - 0x8
core   0: 3 0x80013854 (0xff9ff06f)
core   0: 0x8001384c (0x00001f17) auipc   t5, 0x1
core   0: 3 0x8001384c (0x00001f17) x30 0x8001484c
core   0: 0x80013850 (0x7a3f2a23) sw      gp, 1972(t5)
core   0: 3 0x80013850 (0x7a3f2a23) mem 0x80015000 0x00000001
core   0: 0x80013854 (0xff9ff06f) j       pc - 0x8
core   0: 3 0x80013854 (0xff9ff06f)
core   0: 0x8001384c (0x00001f17) auipc   t5, 0x1
core   0: 3 0x8001384c (0x00001f17) x30 0x8001484c
core   0: 0x80013850 (0x7a3f2a23) sw      gp, 1972(t5)
core   0: 3 0x80013850 (0x7a3f2a23) mem 0x80015000 0x00000001
core   0: 0x80013854 (0xff9ff06f) j       pc - 0x8
core   0: 3 0x80013854 (0xff9ff06f)
core   0: 0x8001384c (0x00001f17) auipc   t5, 0x1
core   0: 3 0x8001384c (0x00001f17) x30 0x8001484c
core   0: 0x80013850 (0x7a3f2a23) sw      gp, 1972(t5)
core   0: 3 0x80013850 (0x7a3f2a23) mem 0x80015000 0x00000001
core   0: 0x80013854 (0xff9ff06f) j       pc - 0x8
core   0: 3 0x80013854 (0xff9ff06f)
core   0: 0x8001384c (0x00001f17) auipc   t5, 0x1
core   0: 3 0x8001384c (0x00001f17) x30 0x8001484c
core   0: 0x80013850 (0x7a3f2a23) sw      gp, 1972(t5)
core   0: 3 0x80013850 (0x7a3f2a23) mem 0x80015000 0x00000001
core   0: 0x80013854 (0xff9ff06f) j       pc - 0x8
core   0: 3 0x80013854 (0xff9ff06f)
core   0: 0x8001384c (0x00001f17) auipc   t5, 0x1
core   0: 3 0x8001384c (0x00001f17) x30 0x8001484c
core   0: 0x80013850 (0x7a3f2a23) sw      gp, 1972(t5)
core   0: 3 0x80013850 (0x7a3f2a23) mem 0x80015000 0x00000001
core   0: 0x80013854 (0xff9ff06f) j       pc - 0x8
core   0: 3 0x80013854 (0xff9ff06f)
core   0: 0x8001384c (0x00001f17) auipc   t5, 0x1
core   0: 3 0x8001384c (0x00001f17) x30 0x8001484c
core   0: 0x80013850 (0x7a3f2a23) sw      gp, 1972(t5)
core   0: 3 0x80013850 (0x7a3f2a23) mem 0x80015000 0x00000001
core   0: 0x80013854 (0xff9ff06f) j       pc - 0x8
core   0: 3 0x80013854 (0xff9ff06f)
core   0: 0x8001384c (0x00001f17) auipc   t5, 0x1
core   0: 3 0x8001384c (0x00001f17) x30 0x8001484c
core   0: 0x80013850 (0x7a3f2a23) sw      gp, 1972(t5)
core   0: 3 0x80013850 (0x7a3f2a23) mem 0x80015000 0x00000001
core   0: 0x80013854 (0xff9ff06f) j       pc - 0x8
core   0: 3 0x80013854 (0xff9ff06f)
core   0: 0x8001384c (0x00001f17) auipc   t5, 0x1
core   0: 3 0x8001384c (0x00001f17) x30 0x8001484c
core   0: 0x80013850 (0x7a3f2a23) sw      gp, 1972(t5)
core   0: 3 0x80013850 (0x7a3f2a23) mem 0x80015000 0x00000001
core   0: 0x80013854 (0xff9ff06f) j       pc - 0x8
core   0: 3 0x80013854 (0xff9ff06f)
core   0: 0x8001384c (0x00001f17) auipc   t5, 0x1
core   0: 3 0x8001384c (0x00001f17) x30 0x8001484c
core   0: 0x80013850 (0x7a3f2a23) sw      gp, 1972(t5)
core   0: 3 0x80013850 (0x7a3f2a23) mem 0x80015000 0x00000001
core   0: 0x80013854 (0xff9ff06f) j       pc - 0x8
core   0: 3 0x80013854 (0xff9ff06f)
core   0: 0x8001384c (0x00001f17) auipc   t5, 0x1
core   0: 3 0x8001384c (0x00001f17) x30 0x8001484c
core   0: 0x80013850 (0x7a3f2a23) sw      gp, 1972(t5)
core   0: 3 0x80013850 (0x7a3f2a23) mem 0x80015000 0x00000001
core   0: 0x80013854 (0xff9ff06f) j       pc - 0x8
core   0: 3 0x80013854 (0xff9ff06f)
core   0: 0x8001384c (0x00001f17) auipc   t5, 0x1
core   0: 3 0x8001384c (0x00001f17) x30 0x8001484c
core   0: 0x80013850 (0x7a3f2a23) sw      gp, 1972(t5)
core   0: 3 0x80013850 (0x7a3f2a23) mem 0x80015000 0x00000001
core   0: 0x80013854 (0xff9ff06f) j       pc - 0x8
core   0: 3 0x80013854 (0xff9ff06f)
core   0: 0x8001384c (0x00001f17) auipc   t5, 0x1
core   0: 3 0x8001384c (0x00001f17) x30 0x8001484c
core   0: 0x80013850 (0x7a3f2a23) sw      gp, 1972(t5)
core   0: 3 0x80013850 (0x7a3f2a23) mem 0x80015000 0x00000001
core   0: 0x80013854 (0xff9ff06f) j       pc - 0x8
core   0: 3 0x80013854 (0xff9ff06f)
core   0: 0x8001384c (0x00001f17) auipc   t5, 0x1
core   0: 3 0x8001384c (0x00001f17) x30 0x8001484c
core   0: 0x80013850 (0x7a3f2a23) sw      gp, 1972(t5)
core   0: 3 0x80013850 (0x7a3f2a23) mem 0x80015000 0x00000001
core   0: 0x80013854 (0xff9ff06f) j       pc - 0x8
core   0: 3 0x80013854 (0xff9ff06f)
core   0: 0x8001384c (0x00001f17) auipc   t5, 0x1
core   0: 3 0x8001384c (0x00001f17) x30 0x8001484c
core   0: 0x80013850 (0x7a3f2a23) sw      gp, 1972(t5)
core   0: 3 0x80013850 (0x7a3f2a23) mem 0x80015000 0x00000001
core   0: 0x80013854 (0xff9ff06f) j       pc - 0x8
core   0: 3 0x80013854 (0xff9ff06f)
core   0: 0x8001384c (0x00001f17) auipc   t5, 0x1
core   0: 3 0x8001384c (0x00001f17) x30 0x8001484c
core   0: 0x80013850 (0x7a3f2a23) sw      gp, 1972(t5)
core   0: 3 0x80013850 (0x7a3f2a23) mem 0x80015000 0x00000001
core   0: 0x80013854 (0xff9ff06f) j       pc - 0x8
core   0: 3 0x80013854 (0xff9ff06f)
core   0: 0x8001384c (0x00001f17) auipc   t5, 0x1
core   0: 3 0x8001384c (0x00001f17) x30 0x8001484c
core   0: 0x80013850 (0x7a3f2a23) sw      gp, 1972(t5)
core   0: 3 0x80013850 (0x7a3f2a23) mem 0x80015000 0x00000001
core   0: 0x80013854 (0xff9ff06f) j       pc - 0x8
core   0: 3 0x80013854 (0xff9ff06f)
core   0: 0x8001384c (0x00001f17) auipc   t5, 0x1
core   0: 3 0x8001384c (0x00001f17) x30 0x8001484c
core   0: 0x80013850 (0x7a3f2a23) sw      gp, 1972(t5)
core   0: 3 0x80013850 (0x7a3f2a23) mem 0x80015000 0x00000001
core   0: 0x80013854 (0xff9ff06f) j       pc - 0x8
core   0: 3 0x80013854 (0xff9ff06f)
core   0: 0x8001384c (0x00001f17) auipc   t5, 0x1
core   0: 3 0x8001384c (0x00001f17) x30 0x8001484c
core   0: 0x80013850 (0x7a3f2a23) sw      gp, 1972(t5)
core   0: 3 0x80013850 (0x7a3f2a23) mem 0x80015000 0x00000001
core   0: 0x80013854 (0xff9ff06f) j       pc - 0x8
core   0: 3 0x80013854 (0xff9ff06f)
core   0: 0x8001384c (0x00001f17) auipc   t5, 0x1
core   0: 3 0x8001384c (0x00001f17) x30 0x8001484c
core   0: 0x80013850 (0x7a3f2a23) sw      gp, 1972(t5)
core   0: 3 0x80013850 (0x7a3f2a23) mem 0x80015000 0x00000001
core   0: 0x80013854 (0xff9ff06f) j       pc - 0x8
core   0: 3 0x80013854 (0xff9ff06f)
core   0: 0x8001384c (0x00001f17) auipc   t5, 0x1
core   0: 3 0x8001384c (0x00001f17) x30 0x8001484c
core   0: 0x80013850 (0x7a3f2a23) sw      gp, 1972(t5)
core   0: 3 0x80013850 (0x7a3f2a23) mem 0x80015000 0x00000001
core   0: 0x80013854 (0xff9ff06f) j       pc - 0x8
core   0: 3 0x80013854 (0xff9ff06f)
core   0: 0x8001384c (0x00001f17) auipc   t5, 0x1
core   0: 3 0x8001384c (0x00001f17) x30 0x8001484c
core   0: 0x80013850 (0x7a3f2a23) sw      gp, 1972(t5)
core   0: 3 0x80013850 (0x7a3f2a23) mem 0x80015000 0x00000001
core   0: 0x80013854 (0xff9ff06f) j       pc - 0x8
core   0: 3 0x80013854 (0xff9ff06f)
core   0: 0x8001384c (0x00001f17) auipc   t5, 0x1
core   0: 3 0x8001384c (0x00001f17) x30 0x8001484c
core   0: 0x80013850 (0x7a3f2a23) sw      gp, 1972(t5)
core   0: 3 0x80013850 (0x7a3f2a23) mem 0x80015000 0x00000001
core   0: 0x80013854 (0xff9ff06f) j       pc - 0x8
core   0: 3 0x80013854 (0xff9ff06f)
core   0: 0x8001384c (0x00001f17) auipc   t5, 0x1
core   0: 3 0x8001384c (0x00001f17) x30 0x8001484c
core   0: 0x80013850 (0x7a3f2a23) sw      gp, 1972(t5)
core   0: 3 0x80013850 (0x7a3f2a23) mem 0x80015000 0x00000001
core   0: 0x80013854 (0xff9ff06f) j       pc - 0x8
core   0: 3 0x80013854 (0xff9ff06f)
core   0: 0x8001384c (0x00001f17) auipc   t5, 0x1
core   0: 3 0x8001384c (0x00001f17) x30 0x8001484c
core   0: 0x80013850 (0x7a3f2a23) sw      gp, 1972(t5)
core   0: 3 0x80013850 (0x7a3f2a23) mem 0x80015000 0x00000001
core   0: 0x80013854 (0xff9ff06f) j       pc - 0x8
core   0: 3 0x80013854 (0xff9ff06f)
core   0: 0x8001384c (0x00001f17) auipc   t5, 0x1
core   0: 3 0x8001384c (0x00001f17) x30 0x8001484c
core   0: 0x80013850 (0x7a3f2a23) sw      gp, 1972(t5)
core   0: 3 0x80013850 (0x7a3f2a23) mem 0x80015000 0x00000001
core   0: 0x80013854 (0xff9ff06f) j       pc - 0x8
core   0: 3 0x80013854 (0xff9ff06f)
core   0: 0x8001384c (0x00001f17) auipc   t5, 0x1
core   0: 3 0x8001384c (0x00001f17) x30 0x8001484c
core   0: 0x80013850 (0x7a3f2a23) sw      gp, 1972(t5)
core   0: 3 0x80013850 (0x7a3f2a23) mem 0x80015000 0x00000001
core   0: 0x80013854 (0xff9ff06f) j       pc - 0x8
core   0: 3 0x80013854 (0xff9ff06f)
core   0: 0x8001384c (0x00001f17) auipc   t5, 0x1
core   0: 3 0x8001384c (0x00001f17) x30 0x8001484c
core   0: 0x80013850 (0x7a3f2a23) sw      gp, 1972(t5)
core   0: 3 0x80013850 (0x7a3f2a23) mem 0x80015000 0x00000001
core   0: 0x80013854 (0xff9ff06f) j       pc - 0x8
core   0: 3 0x80013854 (0xff9ff06f)
core   0: 0x8001384c (0x00001f17) auipc   t5, 0x1
core   0: 3 0x8001384c (0x00001f17) x30 0x8001484c
core   0: 0x80013850 (0x7a3f2a23) sw      gp, 1972(t5)
core   0: 3 0x80013850 (0x7a3f2a23) mem 0x80015000 0x00000001
core   0: 0x80013854 (0xff9ff06f) j       pc - 0x8
core   0: 3 0x80013854 (0xff9ff06f)
core   0: 0x8001384c (0x00001f17) auipc   t5, 0x1
core   0: 3 0x8001384c (0x00001f17) x30 0x8001484c
core   0: 0x80013850 (0x7a3f2a23) sw      gp, 1972(t5)
core   0: 3 0x80013850 (0x7a3f2a23) mem 0x80015000 0x00000001
core   0: 0x80013854 (0xff9ff06f) j       pc - 0x8
core   0: 3 0x80013854 (0xff9ff06f)
core   0: 0x8001384c (0x00001f17) auipc   t5, 0x1
core   0: 3 0x8001384c (0x00001f17) x30 0x8001484c
core   0: 0x80013850 (0x7a3f2a23) sw      gp, 1972(t5)
core   0: 3 0x80013850 (0x7a3f2a23) mem 0x80015000 0x00000001
core   0: 0x80013854 (0xff9ff06f) j       pc - 0x8
core   0: 3 0x80013854 (0xff9ff06f)
core   0: 0x8001384c (0x00001f17) auipc   t5, 0x1
core   0: 3 0x8001384c (0x00001f17) x30 0x8001484c
core   0: 0x80013850 (0x7a3f2a23) sw      gp, 1972(t5)
core   0: 3 0x80013850 (0x7a3f2a23) mem 0x80015000 0x00000001
core   0: 0x80013854 (0xff9ff06f) j       pc - 0x8
core   0: 3 0x80013854 (0xff9ff06f)
core   0: 0x8001384c (0x00001f17) auipc   t5, 0x1
core   0: 3 0x8001384c (0x00001f17) x30 0x8001484c
core   0: 0x80013850 (0x7a3f2a23) sw      gp, 1972(t5)
core   0: 3 0x80013850 (0x7a3f2a23) mem 0x80015000 0x00000001
core   0: 0x80013854 (0xff9ff06f) j       pc - 0x8
core   0: 3 0x80013854 (0xff9ff06f)
core   0: 0x8001384c (0x00001f17) auipc   t5, 0x1
core   0: 3 0x8001384c (0x00001f17) x30 0x8001484c
core   0: 0x80013850 (0x7a3f2a23) sw      gp, 1972(t5)
core   0: 3 0x80013850 (0x7a3f2a23) mem 0x80015000 0x00000001
core   0: 0x80013854 (0xff9ff06f) j       pc - 0x8
core   0: 3 0x80013854 (0xff9ff06f)
core   0: 0x8001384c (0x00001f17) auipc   t5, 0x1
core   0: 3 0x8001384c (0x00001f17) x30 0x8001484c
core   0: 0x80013850 (0x7a3f2a23) sw      gp, 1972(t5)
core   0: 3 0x80013850 (0x7a3f2a23) mem 0x80015000 0x00000001
core   0: 0x80013854 (0xff9ff06f) j       pc - 0x8
core   0: 3 0x80013854 (0xff9ff06f)
core   0: 0x8001384c (0x00001f17) auipc   t5, 0x1
core   0: 3 0x8001384c (0x00001f17) x30 0x8001484c
core   0: 0x80013850 (0x7a3f2a23) sw      gp, 1972(t5)
core   0: 3 0x80013850 (0x7a3f2a23) mem 0x80015000 0x00000001
core   0: 0x80013854 (0xff9ff06f) j       pc - 0x8
core   0: 3 0x80013854 (0xff9ff06f)
core   0: 0x8001384c (0x00001f17) auipc   t5, 0x1
core   0: 3 0x8001384c (0x00001f17) x30 0x8001484c
core   0: 0x80013850 (0x7a3f2a23) sw      gp, 1972(t5)
core   0: 3 0x80013850 (0x7a3f2a23) mem 0x80015000 0x00000001
core   0: 0x80013854 (0xff9ff06f) j       pc - 0x8
core   0: 3 0x80013854 (0xff9ff06f)
core   0: 0x8001384c (0x00001f17) auipc   t5, 0x1
core   0: 3 0x8001384c (0x00001f17) x30 0x8001484c
core   0: 0x80013850 (0x7a3f2a23) sw      gp, 1972(t5)
core   0: 3 0x80013850 (0x7a3f2a23) mem 0x80015000 0x00000001
core   0: 0x80013854 (0xff9ff06f) j       pc - 0x8
core   0: 3 0x80013854 (0xff9ff06f)
core   0: 0x8001384c (0x00001f17) auipc   t5, 0x1
core   0: 3 0x8001384c (0x00001f17) x30 0x8001484c
core   0: 0x80013850 (0x7a3f2a23) sw      gp, 1972(t5)
core   0: 3 0x80013850 (0x7a3f2a23) mem 0x80015000 0x00000001
core   0: 0x80013854 (0xff9ff06f) j       pc - 0x8
core   0: 3 0x80013854 (0xff9ff06f)
core   0: 0x8001384c (0x00001f17) auipc   t5, 0x1
core   0: 3 0x8001384c (0x00001f17) x30 0x8001484c
core   0: 0x80013850 (0x7a3f2a23) sw      gp, 1972(t5)
core   0: 3 0x80013850 (0x7a3f2a23) mem 0x80015000 0x00000001
core   0: 0x80013854 (0xff9ff06f) j       pc - 0x8
core   0: 3 0x80013854 (0xff9ff06f)
core   0: 0x8001384c (0x00001f17) auipc   t5, 0x1
core   0: 3 0x8001384c (0x00001f17) x30 0x8001484c
core   0: 0x80013850 (0x7a3f2a23) sw      gp, 1972(t5)
core   0: 3 0x80013850 (0x7a3f2a23) mem 0x80015000 0x00000001
core   0: 0x80013854 (0xff9ff06f) j       pc - 0x8
core   0: 3 0x80013854 (0xff9ff06f)
core   0: 0x8001384c (0x00001f17) auipc   t5, 0x1
core   0: 3 0x8001384c (0x00001f17) x30 0x8001484c
core   0: 0x80013850 (0x7a3f2a23) sw      gp, 1972(t5)
core   0: 3 0x80013850 (0x7a3f2a23) mem 0x80015000 0x00000001
core   0: 0x80013854 (0xff9ff06f) j       pc - 0x8
core   0: 3 0x80013854 (0xff9ff06f)
core   0: 0x8001384c (0x00001f17) auipc   t5, 0x1
core   0: 3 0x8001384c (0x00001f17) x30 0x8001484c
core   0: 0x80013850 (0x7a3f2a23) sw      gp, 1972(t5)
core   0: 3 0x80013850 (0x7a3f2a23) mem 0x80015000 0x00000001
core   0: 0x80013854 (0xff9ff06f) j       pc - 0x8
core   0: 3 0x80013854 (0xff9ff06f)
core   0: 0x8001384c (0x00001f17) auipc   t5, 0x1
core   0: 3 0x8001384c (0x00001f17) x30 0x8001484c
core   0: 0x80013850 (0x7a3f2a23) sw      gp, 1972(t5)
core   0: 3 0x80013850 (0x7a3f2a23) mem 0x80015000 0x00000001
core   0: 0x80013854 (0xff9ff06f) j       pc - 0x8
core   0: 3 0x80013854 (0xff9ff06f)
core   0: 0x8001384c (0x00001f17) auipc   t5, 0x1
core   0: 3 0x8001384c (0x00001f17) x30 0x8001484c
core   0: 0x80013850 (0x7a3f2a23) sw      gp, 1972(t5)
core   0: 3 0x80013850 (0x7a3f2a23) mem 0x80015000 0x00000001
core   0: 0x80013854 (0xff9ff06f) j       pc - 0x8
core   0: 3 0x80013854 (0xff9ff06f)
core   0: 0x8001384c (0x00001f17) auipc   t5, 0x1
core   0: 3 0x8001384c (0x00001f17) x30 0x8001484c
core   0: 0x80013850 (0x7a3f2a23) sw      gp, 1972(t5)
core   0: 3 0x80013850 (0x7a3f2a23) mem 0x80015000 0x00000001
core   0: 0x80013854 (0xff9ff06f) j       pc - 0x8
core   0: 3 0x80013854 (0xff9ff06f)
core   0: 0x8001384c (0x00001f17) auipc   t5, 0x1
core   0: 3 0x8001384c (0x00001f17) x30 0x8001484c
core   0: 0x80013850 (0x7a3f2a23) sw      gp, 1972(t5)
core   0: 3 0x80013850 (0x7a3f2a23) mem 0x80015000 0x00000001
core   0: 0x80013854 (0xff9ff06f) j       pc - 0x8
core   0: 3 0x80013854 (0xff9ff06f)
core   0: 0x8001384c (0x00001f17) auipc   t5, 0x1
core   0: 3 0x8001384c (0x00001f17) x30 0x8001484c
core   0: 0x80013850 (0x7a3f2a23) sw      gp, 1972(t5)
core   0: 3 0x80013850 (0x7a3f2a23) mem 0x80015000 0x00000001
core   0: 0x80013854 (0xff9ff06f) j       pc - 0x8
core   0: 3 0x80013854 (0xff9ff06f)
core   0: 0x8001384c (0x00001f17) auipc   t5, 0x1
core   0: 3 0x8001384c (0x00001f17) x30 0x8001484c
core   0: 0x80013850 (0x7a3f2a23) sw      gp, 1972(t5)
core   0: 3 0x80013850 (0x7a3f2a23) mem 0x80015000 0x00000001
core   0: 0x80013854 (0xff9ff06f) j       pc - 0x8
core   0: 3 0x80013854 (0xff9ff06f)
core   0: 0x8001384c (0x00001f17) auipc   t5, 0x1
core   0: 3 0x8001384c (0x00001f17) x30 0x8001484c
core   0: 0x80013850 (0x7a3f2a23) sw      gp, 1972(t5)
core   0: 3 0x80013850 (0x7a3f2a23) mem 0x80015000 0x00000001
core   0: 0x80013854 (0xff9ff06f) j       pc - 0x8
core   0: 3 0x80013854 (0xff9ff06f)
core   0: 0x8001384c (0x00001f17) auipc   t5, 0x1
core   0: 3 0x8001384c (0x00001f17) x30 0x8001484c
core   0: 0x80013850 (0x7a3f2a23) sw      gp, 1972(t5)
core   0: 3 0x80013850 (0x7a3f2a23) mem 0x80015000 0x00000001
core   0: 0x80013854 (0xff9ff06f) j       pc - 0x8
core   0: 3 0x80013854 (0xff9ff06f)
core   0: 0x8001384c (0x00001f17) auipc   t5, 0x1
core   0: 3 0x8001384c (0x00001f17) x30 0x8001484c
core   0: 0x80013850 (0x7a3f2a23) sw      gp, 1972(t5)
core   0: 3 0x80013850 (0x7a3f2a23) mem 0x80015000 0x00000001
core   0: 0x80013854 (0xff9ff06f) j       pc - 0x8
core   0: 3 0x80013854 (0xff9ff06f)
core   0: 0x8001384c (0x00001f17) auipc   t5, 0x1
core   0: 3 0x8001384c (0x00001f17) x30 0x8001484c
core   0: 0x80013850 (0x7a3f2a23) sw      gp, 1972(t5)
core   0: 3 0x80013850 (0x7a3f2a23) mem 0x80015000 0x00000001
core   0: 0x80013854 (0xff9ff06f) j       pc - 0x8
core   0: 3 0x80013854 (0xff9ff06f)
core   0: 0x8001384c (0x00001f17) auipc   t5, 0x1
core   0: 3 0x8001384c (0x00001f17) x30 0x8001484c
core   0: 0x80013850 (0x7a3f2a23) sw      gp, 1972(t5)
core   0: 3 0x80013850 (0x7a3f2a23) mem 0x80015000 0x00000001
core   0: 0x80013854 (0xff9ff06f) j       pc - 0x8
core   0: 3 0x80013854 (0xff9ff06f)
core   0: 0x8001384c (0x00001f17) auipc   t5, 0x1
core   0: 3 0x8001384c (0x00001f17) x30 0x8001484c
core   0: 0x80013850 (0x7a3f2a23) sw      gp, 1972(t5)
core   0: 3 0x80013850 (0x7a3f2a23) mem 0x80015000 0x00000001
core   0: 0x80013854 (0xff9ff06f) j       pc - 0x8
core   0: 3 0x80013854 (0xff9ff06f)
core   0: 0x8001384c (0x00001f17) auipc   t5, 0x1
core   0: 3 0x8001384c (0x00001f17) x30 0x8001484c
core   0: 0x80013850 (0x7a3f2a23) sw      gp, 1972(t5)
core   0: 3 0x80013850 (0x7a3f2a23) mem 0x80015000 0x00000001
core   0: 0x80013854 (0xff9ff06f) j       pc - 0x8
core   0: 3 0x80013854 (0xff9ff06f)
core   0: 0x8001384c (0x00001f17) auipc   t5, 0x1
core   0: 3 0x8001384c (0x00001f17) x30 0x8001484c
core   0: 0x80013850 (0x7a3f2a23) sw      gp, 1972(t5)
core   0: 3 0x80013850 (0x7a3f2a23) mem 0x80015000 0x00000001
core   0: 0x80013854 (0xff9ff06f) j       pc - 0x8
core   0: 3 0x80013854 (0xff9ff06f)
core   0: 0x8001384c (0x00001f17) auipc   t5, 0x1
core   0: 3 0x8001384c (0x00001f17) x30 0x8001484c
core   0: 0x80013850 (0x7a3f2a23) sw      gp, 1972(t5)
core   0: 3 0x80013850 (0x7a3f2a23) mem 0x80015000 0x00000001
core   0: 0x80013854 (0xff9ff06f) j       pc - 0x8
core   0: 3 0x80013854 (0xff9ff06f)
core   0: 0x8001384c (0x00001f17) auipc   t5, 0x1
core   0: 3 0x8001384c (0x00001f17) x30 0x8001484c
core   0: 0x80013850 (0x7a3f2a23) sw      gp, 1972(t5)
core   0: 3 0x80013850 (0x7a3f2a23) mem 0x80015000 0x00000001
core   0: 0x80013854 (0xff9ff06f) j       pc - 0x8
core   0: 3 0x80013854 (0xff9ff06f)
core   0: 0x8001384c (0x00001f17) auipc   t5, 0x1
core   0: 3 0x8001384c (0x00001f17) x30 0x8001484c
core   0: 0x80013850 (0x7a3f2a23) sw      gp, 1972(t5)
core   0: 3 0x80013850 (0x7a3f2a23) mem 0x80015000 0x00000001
core   0: 0x80013854 (0xff9ff06f) j       pc - 0x8
core   0: 3 0x80013854 (0xff9ff06f)
core   0: 0x8001384c (0x00001f17) auipc   t5, 0x1
core   0: 3 0x8001384c (0x00001f17) x30 0x8001484c
core   0: 0x80013850 (0x7a3f2a23) sw      gp, 1972(t5)
core   0: 3 0x80013850 (0x7a3f2a23) mem 0x80015000 0x00000001
core   0: 0x80013854 (0xff9ff06f) j       pc - 0x8
core   0: 3 0x80013854 (0xff9ff06f)
core   0: 0x8001384c (0x00001f17) auipc   t5, 0x1
core   0: 3 0x8001384c (0x00001f17) x30 0x8001484c
core   0: 0x80013850 (0x7a3f2a23) sw      gp, 1972(t5)
core   0: 3 0x80013850 (0x7a3f2a23) mem 0x80015000 0x00000001
core   0: 0x80013854 (0xff9ff06f) j       pc - 0x8
core   0: 3 0x80013854 (0xff9ff06f)
core   0: 0x8001384c (0x00001f17) auipc   t5, 0x1
core   0: 3 0x8001384c (0x00001f17) x30 0x8001484c
core   0: 0x80013850 (0x7a3f2a23) sw      gp, 1972(t5)
core   0: 3 0x80013850 (0x7a3f2a23) mem 0x80015000 0x00000001
core   0: 0x80013854 (0xff9ff06f) j       pc - 0x8
core   0: 3 0x80013854 (0xff9ff06f)
core   0: 0x8001384c (0x00001f17) auipc   t5, 0x1
core   0: 3 0x8001384c (0x00001f17) x30 0x8001484c
core   0: 0x80013850 (0x7a3f2a23) sw      gp, 1972(t5)
core   0: 3 0x80013850 (0x7a3f2a23) mem 0x80015000 0x00000001
core   0: 0x80013854 (0xff9ff06f) j       pc - 0x8
core   0: 3 0x80013854 (0xff9ff06f)
core   0: 0x8001384c (0x00001f17) auipc   t5, 0x1
core   0: 3 0x8001384c (0x00001f17) x30 0x8001484c
core   0: 0x80013850 (0x7a3f2a23) sw      gp, 1972(t5)
core   0: 3 0x80013850 (0x7a3f2a23) mem 0x80015000 0x00000001
core   0: 0x80013854 (0xff9ff06f) j       pc - 0x8
core   0: 3 0x80013854 (0xff9ff06f)
core   0: 0x8001384c (0x00001f17) auipc   t5, 0x1
core   0: 3 0x8001384c (0x00001f17) x30 0x8001484c
core   0: 0x80013850 (0x7a3f2a23) sw      gp, 1972(t5)
core   0: 3 0x80013850 (0x7a3f2a23) mem 0x80015000 0x00000001
core   0: 0x80013854 (0xff9ff06f) j       pc - 0x8
core   0: 3 0x80013854 (0xff9ff06f)
core   0: 0x8001384c (0x00001f17) auipc   t5, 0x1
core   0: 3 0x8001384c (0x00001f17) x30 0x8001484c
core   0: 0x80013850 (0x7a3f2a23) sw      gp, 1972(t5)
core   0: 3 0x80013850 (0x7a3f2a23) mem 0x80015000 0x00000001
core   0: 0x80013854 (0xff9ff06f) j       pc - 0x8
core   0: 3 0x80013854 (0xff9ff06f)
core   0: 0x8001384c (0x00001f17) auipc   t5, 0x1
core   0: 3 0x8001384c (0x00001f17) x30 0x8001484c
core   0: 0x80013850 (0x7a3f2a23) sw      gp, 1972(t5)
core   0: 3 0x80013850 (0x7a3f2a23) mem 0x80015000 0x00000001
core   0: 0x80013854 (0xff9ff06f) j       pc - 0x8
core   0: 3 0x80013854 (0xff9ff06f)
core   0: 0x8001384c (0x00001f17) auipc   t5, 0x1
core   0: 3 0x8001384c (0x00001f17) x30 0x8001484c
core   0: 0x80013850 (0x7a3f2a23) sw      gp, 1972(t5)
core   0: 3 0x80013850 (0x7a3f2a23) mem 0x80015000 0x00000001
core   0: 0x80013854 (0xff9ff06f) j       pc - 0x8
core   0: 3 0x80013854 (0xff9ff06f)
core   0: 0x8001384c (0x00001f17) auipc   t5, 0x1
core   0: 3 0x8001384c (0x00001f17) x30 0x8001484c
core   0: 0x80013850 (0x7a3f2a23) sw      gp, 1972(t5)
core   0: 3 0x80013850 (0x7a3f2a23) mem 0x80015000 0x00000001
core   0: 0x80013854 (0xff9ff06f) j       pc - 0x8
core   0: 3 0x80013854 (0xff9ff06f)
core   0: 0x8001384c (0x00001f17) auipc   t5, 0x1
core   0: 3 0x8001384c (0x00001f17) x30 0x8001484c
core   0: 0x80013850 (0x7a3f2a23) sw      gp, 1972(t5)
core   0: 3 0x80013850 (0x7a3f2a23) mem 0x80015000 0x00000001
core   0: 0x80013854 (0xff9ff06f) j       pc - 0x8
core   0: 3 0x80013854 (0xff9ff06f)
core   0: 0x8001384c (0x00001f17) auipc   t5, 0x1
core   0: 3 0x8001384c (0x00001f17) x30 0x8001484c
core   0: 0x80013850 (0x7a3f2a23) sw      gp, 1972(t5)
core   0: 3 0x80013850 (0x7a3f2a23) mem 0x80015000 0x00000001
core   0: 0x80013854 (0xff9ff06f) j       pc - 0x8
core   0: 3 0x80013854 (0xff9ff06f)
core   0: 0x8001384c (0x00001f17) auipc   t5, 0x1
core   0: 3 0x8001384c (0x00001f17) x30 0x8001484c
core   0: 0x80013850 (0x7a3f2a23) sw      gp, 1972(t5)
core   0: 3 0x80013850 (0x7a3f2a23) mem 0x80015000 0x00000001
core   0: 0x80013854 (0xff9ff06f) j       pc - 0x8
core   0: 3 0x80013854 (0xff9ff06f)
core   0: 0x8001384c (0x00001f17) auipc   t5, 0x1
core   0: 3 0x8001384c (0x00001f17) x30 0x8001484c
core   0: 0x80013850 (0x7a3f2a23) sw      gp, 1972(t5)
core   0: 3 0x80013850 (0x7a3f2a23) mem 0x80015000 0x00000001
core   0: 0x80013854 (0xff9ff06f) j       pc - 0x8
core   0: 3 0x80013854 (0xff9ff06f)
core   0: 0x8001384c (0x00001f17) auipc   t5, 0x1
core   0: 3 0x8001384c (0x00001f17) x30 0x8001484c
core   0: 0x80013850 (0x7a3f2a23) sw      gp, 1972(t5)
core   0: 3 0x80013850 (0x7a3f2a23) mem 0x80015000 0x00000001
core   0: 0x80013854 (0xff9ff06f) j       pc - 0x8
core   0: 3 0x80013854 (0xff9ff06f)
core   0: 0x8001384c (0x00001f17) auipc   t5, 0x1
core   0: 3 0x8001384c (0x00001f17) x30 0x8001484c
core   0: 0x80013850 (0x7a3f2a23) sw      gp, 1972(t5)
core   0: 3 0x80013850 (0x7a3f2a23) mem 0x80015000 0x00000001
core   0: 0x80013854 (0xff9ff06f) j       pc - 0x8
core   0: 3 0x80013854 (0xff9ff06f)
core   0: 0x8001384c (0x00001f17) auipc   t5, 0x1
core   0: 3 0x8001384c (0x00001f17) x30 0x8001484c
core   0: 0x80013850 (0x7a3f2a23) sw      gp, 1972(t5)
core   0: 3 0x80013850 (0x7a3f2a23) mem 0x80015000 0x00000001
core   0: 0x80013854 (0xff9ff06f) j       pc - 0x8
core   0: 3 0x80013854 (0xff9ff06f)
core   0: 0x8001384c (0x00001f17) auipc   t5, 0x1
core   0: 3 0x8001384c (0x00001f17) x30 0x8001484c
core   0: 0x80013850 (0x7a3f2a23) sw      gp, 1972(t5)
core   0: 3 0x80013850 (0x7a3f2a23) mem 0x80015000 0x00000001
core   0: 0x80013854 (0xff9ff06f) j       pc - 0x8
core   0: 3 0x80013854 (0xff9ff06f)
core   0: 0x8001384c (0x00001f17) auipc   t5, 0x1
core   0: 3 0x8001384c (0x00001f17) x30 0x8001484c
core   0: 0x80013850 (0x7a3f2a23) sw      gp, 1972(t5)
core   0: 3 0x80013850 (0x7a3f2a23) mem 0x80015000 0x00000001
core   0: 0x80013854 (0xff9ff06f) j       pc - 0x8
core   0: 3 0x80013854 (0xff9ff06f)
core   0: 0x8001384c (0x00001f17) auipc   t5, 0x1
core   0: 3 0x8001384c (0x00001f17) x30 0x8001484c
core   0: 0x80013850 (0x7a3f2a23) sw      gp, 1972(t5)
core   0: 3 0x80013850 (0x7a3f2a23) mem 0x80015000 0x00000001
core   0: 0x80013854 (0xff9ff06f) j       pc - 0x8
core   0: 3 0x80013854 (0xff9ff06f)
core   0: 0x8001384c (0x00001f17) auipc   t5, 0x1
core   0: 3 0x8001384c (0x00001f17) x30 0x8001484c
core   0: 0x80013850 (0x7a3f2a23) sw      gp, 1972(t5)
core   0: 3 0x80013850 (0x7a3f2a23) mem 0x80015000 0x00000001
core   0: 0x80013854 (0xff9ff06f) j       pc - 0x8
core   0: 3 0x80013854 (0xff9ff06f)
core   0: 0x8001384c (0x00001f17) auipc   t5, 0x1
core   0: 3 0x8001384c (0x00001f17) x30 0x8001484c
core   0: 0x80013850 (0x7a3f2a23) sw      gp, 1972(t5)
core   0: 3 0x80013850 (0x7a3f2a23) mem 0x80015000 0x00000001
core   0: 0x80013854 (0xff9ff06f) j       pc - 0x8
core   0: 3 0x80013854 (0xff9ff06f)
core   0: 0x8001384c (0x00001f17) auipc   t5, 0x1
core   0: 3 0x8001384c (0x00001f17) x30 0x8001484c
core   0: 0x80013850 (0x7a3f2a23) sw      gp, 1972(t5)
core   0: 3 0x80013850 (0x7a3f2a23) mem 0x80015000 0x00000001
core   0: 0x80013854 (0xff9ff06f) j       pc - 0x8
core   0: 3 0x80013854 (0xff9ff06f)
core   0: 0x8001384c (0x00001f17) auipc   t5, 0x1
core   0: 3 0x8001384c (0x00001f17) x30 0x8001484c
core   0: 0x80013850 (0x7a3f2a23) sw      gp, 1972(t5)
core   0: 3 0x80013850 (0x7a3f2a23) mem 0x80015000 0x00000001
core   0: 0x80013854 (0xff9ff06f) j       pc - 0x8
core   0: 3 0x80013854 (0xff9ff06f)
core   0: 0x8001384c (0x00001f17) auipc   t5, 0x1
core   0: 3 0x8001384c (0x00001f17) x30 0x8001484c
core   0: 0x80013850 (0x7a3f2a23) sw      gp, 1972(t5)
core   0: 3 0x80013850 (0x7a3f2a23) mem 0x80015000 0x00000001
core   0: 0x80013854 (0xff9ff06f) j       pc - 0x8
core   0: 3 0x80013854 (0xff9ff06f)
core   0: 0x8001384c (0x00001f17) auipc   t5, 0x1
core   0: 3 0x8001384c (0x00001f17) x30 0x8001484c
core   0: 0x80013850 (0x7a3f2a23) sw      gp, 1972(t5)
core   0: 3 0x80013850 (0x7a3f2a23) mem 0x80015000 0x00000001
core   0: 0x80013854 (0xff9ff06f) j       pc - 0x8
core   0: 3 0x80013854 (0xff9ff06f)
core   0: 0x8001384c (0x00001f17) auipc   t5, 0x1
core   0: 3 0x8001384c (0x00001f17) x30 0x8001484c
core   0: 0x80013850 (0x7a3f2a23) sw      gp, 1972(t5)
core   0: 3 0x80013850 (0x7a3f2a23) mem 0x80015000 0x00000001
core   0: 0x80013854 (0xff9ff06f) j       pc - 0x8
core   0: 3 0x80013854 (0xff9ff06f)
core   0: 0x8001384c (0x00001f17) auipc   t5, 0x1
core   0: 3 0x8001384c (0x00001f17) x30 0x8001484c
core   0: 0x80013850 (0x7a3f2a23) sw      gp, 1972(t5)
core   0: 3 0x80013850 (0x7a3f2a23) mem 0x80015000 0x00000001
core   0: 0x80013854 (0xff9ff06f) j       pc - 0x8
core   0: 3 0x80013854 (0xff9ff06f)
core   0: 0x8001384c (0x00001f17) auipc   t5, 0x1
core   0: 3 0x8001384c (0x00001f17) x30 0x8001484c
core   0: 0x80013850 (0x7a3f2a23) sw      gp, 1972(t5)
core   0: 3 0x80013850 (0x7a3f2a23) mem 0x80015000 0x00000001
core   0: 0x80013854 (0xff9ff06f) j       pc - 0x8
core   0: 3 0x80013854 (0xff9ff06f)
core   0: 0x8001384c (0x00001f17) auipc   t5, 0x1
core   0: 3 0x8001384c (0x00001f17) x30 0x8001484c
core   0: 0x80013850 (0x7a3f2a23) sw      gp, 1972(t5)
core   0: 3 0x80013850 (0x7a3f2a23) mem 0x80015000 0x00000001
core   0: 0x80013854 (0xff9ff06f) j       pc - 0x8
core   0: 3 0x80013854 (0xff9ff06f)
core   0: 0x8001384c (0x00001f17) auipc   t5, 0x1
core   0: 3 0x8001384c (0x00001f17) x30 0x8001484c
core   0: 0x80013850 (0x7a3f2a23) sw      gp, 1972(t5)
core   0: 3 0x80013850 (0x7a3f2a23) mem 0x80015000 0x00000001
core   0: 0x80013854 (0xff9ff06f) j       pc - 0x8
core   0: 3 0x80013854 (0xff9ff06f)
core   0: 0x8001384c (0x00001f17) auipc   t5, 0x1
core   0: 3 0x8001384c (0x00001f17) x30 0x8001484c
core   0: 0x80013850 (0x7a3f2a23) sw      gp, 1972(t5)
core   0: 3 0x80013850 (0x7a3f2a23) mem 0x80015000 0x00000001
core   0: 0x80013854 (0xff9ff06f) j       pc - 0x8
core   0: 3 0x80013854 (0xff9ff06f)
core   0: 0x8001384c (0x00001f17) auipc   t5, 0x1
core   0: 3 0x8001384c (0x00001f17) x30 0x8001484c
core   0: 0x80013850 (0x7a3f2a23) sw      gp, 1972(t5)
core   0: 3 0x80013850 (0x7a3f2a23) mem 0x80015000 0x00000001
core   0: 0x80013854 (0xff9ff06f) j       pc - 0x8
core   0: 3 0x80013854 (0xff9ff06f)
core   0: 0x8001384c (0x00001f17) auipc   t5, 0x1
core   0: 3 0x8001384c (0x00001f17) x30 0x8001484c
core   0: 0x80013850 (0x7a3f2a23) sw      gp, 1972(t5)
core   0: 3 0x80013850 (0x7a3f2a23) mem 0x80015000 0x00000001
core   0: 0x80013854 (0xff9ff06f) j       pc - 0x8
core   0: 3 0x80013854 (0xff9ff06f)
core   0: 0x8001384c (0x00001f17) auipc   t5, 0x1
core   0: 3 0x8001384c (0x00001f17) x30 0x8001484c
core   0: 0x80013850 (0x7a3f2a23) sw      gp, 1972(t5)
core   0: 3 0x80013850 (0x7a3f2a23) mem 0x80015000 0x00000001
core   0: 0x80013854 (0xff9ff06f) j       pc - 0x8
core   0: 3 0x80013854 (0xff9ff06f)
core   0: 0x8001384c (0x00001f17) auipc   t5, 0x1
core   0: 3 0x8001384c (0x00001f17) x30 0x8001484c
core   0: 0x80013850 (0x7a3f2a23) sw      gp, 1972(t5)
core   0: 3 0x80013850 (0x7a3f2a23) mem 0x80015000 0x00000001
core   0: 0x80013854 (0xff9ff06f) j       pc - 0x8
core   0: 3 0x80013854 (0xff9ff06f)
core   0: 0x8001384c (0x00001f17) auipc   t5, 0x1
core   0: 3 0x8001384c (0x00001f17) x30 0x8001484c
core   0: 0x80013850 (0x7a3f2a23) sw      gp, 1972(t5)
core   0: 3 0x80013850 (0x7a3f2a23) mem 0x80015000 0x00000001
core   0: 0x80013854 (0xff9ff06f) j       pc - 0x8
core   0: 3 0x80013854 (0xff9ff06f)
core   0: 0x8001384c (0x00001f17) auipc   t5, 0x1
core   0: 3 0x8001384c (0x00001f17) x30 0x8001484c
core   0: 0x80013850 (0x7a3f2a23) sw      gp, 1972(t5)
core   0: 3 0x80013850 (0x7a3f2a23) mem 0x80015000 0x00000001
core   0: 0x80013854 (0xff9ff06f) j       pc - 0x8
core   0: 3 0x80013854 (0xff9ff06f)
core   0: 0x8001384c (0x00001f17) auipc   t5, 0x1
core   0: 3 0x8001384c (0x00001f17) x30 0x8001484c
core   0: 0x80013850 (0x7a3f2a23) sw      gp, 1972(t5)
core   0: 3 0x80013850 (0x7a3f2a23) mem 0x80015000 0x00000001
core   0: 0x80013854 (0xff9ff06f) j       pc - 0x8
core   0: 3 0x80013854 (0xff9ff06f)
core   0: 0x8001384c (0x00001f17) auipc   t5, 0x1
core   0: 3 0x8001384c (0x00001f17) x30 0x8001484c
core   0: 0x80013850 (0x7a3f2a23) sw      gp, 1972(t5)
core   0: 3 0x80013850 (0x7a3f2a23) mem 0x80015000 0x00000001
core   0: 0x80013854 (0xff9ff06f) j       pc - 0x8
core   0: 3 0x80013854 (0xff9ff06f)
core   0: 0x8001384c (0x00001f17) auipc   t5, 0x1
core   0: 3 0x8001384c (0x00001f17) x30 0x8001484c
core   0: 0x80013850 (0x7a3f2a23) sw      gp, 1972(t5)
core   0: 3 0x80013850 (0x7a3f2a23) mem 0x80015000 0x00000001
core   0: 0x80013854 (0xff9ff06f) j       pc - 0x8
core   0: 3 0x80013854 (0xff9ff06f)
core   0: 0x8001384c (0x00001f17) auipc   t5, 0x1
core   0: 3 0x8001384c (0x00001f17) x30 0x8001484c
core   0: 0x80013850 (0x7a3f2a23) sw      gp, 1972(t5)
core   0: 3 0x80013850 (0x7a3f2a23) mem 0x80015000 0x00000001
core   0: 0x80013854 (0xff9ff06f) j       pc - 0x8
core   0: 3 0x80013854 (0xff9ff06f)
core   0: 0x8001384c (0x00001f17) auipc   t5, 0x1
core   0: 3 0x8001384c (0x00001f17) x30 0x8001484c
core   0: 0x80013850 (0x7a3f2a23) sw      gp, 1972(t5)
core   0: 3 0x80013850 (0x7a3f2a23) mem 0x80015000 0x00000001
core   0: 0x80013854 (0xff9ff06f) j       pc - 0x8
core   0: 3 0x80013854 (0xff9ff06f)
core   0: 0x8001384c (0x00001f17) auipc   t5, 0x1
core   0: 3 0x8001384c (0x00001f17) x30 0x8001484c
core   0: 0x80013850 (0x7a3f2a23) sw      gp, 1972(t5)
core   0: 3 0x80013850 (0x7a3f2a23) mem 0x80015000 0x00000001
core   0: 0x80013854 (0xff9ff06f) j       pc - 0x8
core   0: 3 0x80013854 (0xff9ff06f)
core   0: 0x8001384c (0x00001f17) auipc   t5, 0x1
core   0: 3 0x8001384c (0x00001f17) x30 0x8001484c
core   0: 0x80013850 (0x7a3f2a23) sw      gp, 1972(t5)
core   0: 3 0x80013850 (0x7a3f2a23) mem 0x80015000 0x00000001
core   0: 0x80013854 (0xff9ff06f) j       pc - 0x8
core   0: 3 0x80013854 (0xff9ff06f)
core   0: 0x8001384c (0x00001f17) auipc   t5, 0x1
core   0: 3 0x8001384c (0x00001f17) x30 0x8001484c
core   0: 0x80013850 (0x7a3f2a23) sw      gp, 1972(t5)
core   0: 3 0x80013850 (0x7a3f2a23) mem 0x80015000 0x00000001
core   0: 0x80013854 (0xff9ff06f) j       pc - 0x8
core   0: 3 0x80013854 (0xff9ff06f)
core   0: 0x8001384c (0x00001f17) auipc   t5, 0x1
core   0: 3 0x8001384c (0x00001f17) x30 0x8001484c
core   0: 0x80013850 (0x7a3f2a23) sw      gp, 1972(t5)
core   0: 3 0x80013850 (0x7a3f2a23) mem 0x80015000 0x00000001
core   0: 0x80013854 (0xff9ff06f) j       pc - 0x8
core   0: 3 0x80013854 (0xff9ff06f)
core   0: 0x8001384c (0x00001f17) auipc   t5, 0x1
core   0: 3 0x8001384c (0x00001f17) x30 0x8001484c
core   0: 0x80013850 (0x7a3f2a23) sw      gp, 1972(t5)
core   0: 3 0x80013850 (0x7a3f2a23) mem 0x80015000 0x00000001
core   0: 0x80013854 (0xff9ff06f) j       pc - 0x8
core   0: 3 0x80013854 (0xff9ff06f)
core   0: 0x8001384c (0x00001f17) auipc   t5, 0x1
core   0: 3 0x8001384c (0x00001f17) x30 0x8001484c
core   0: 0x80013850 (0x7a3f2a23) sw      gp, 1972(t5)
core   0: 3 0x80013850 (0x7a3f2a23) mem 0x80015000 0x00000001
core   0: 0x80013854 (0xff9ff06f) j       pc - 0x8
core   0: 3 0x80013854 (0xff9ff06f)
core   0: 0x8001384c (0x00001f17) auipc   t5, 0x1
core   0: 3 0x8001384c (0x00001f17) x30 0x8001484c
core   0: 0x80013850 (0x7a3f2a23) sw      gp, 1972(t5)
core   0: 3 0x80013850 (0x7a3f2a23) mem 0x80015000 0x00000001
core   0: 0x80013854 (0xff9ff06f) j       pc - 0x8
core   0: 3 0x80013854 (0xff9ff06f)
core   0: 0x8001384c (0x00001f17) auipc   t5, 0x1
core   0: 3 0x8001384c (0x00001f17) x30 0x8001484c
core   0: 0x80013850 (0x7a3f2a23) sw      gp, 1972(t5)
core   0: 3 0x80013850 (0x7a3f2a23) mem 0x80015000 0x00000001
core   0: 0x80013854 (0xff9ff06f) j       pc - 0x8
core   0: 3 0x80013854 (0xff9ff06f)
core   0: 0x8001384c (0x00001f17) auipc   t5, 0x1
core   0: 3 0x8001384c (0x00001f17) x30 0x8001484c
core   0: 0x80013850 (0x7a3f2a23) sw      gp, 1972(t5)
core   0: 3 0x80013850 (0x7a3f2a23) mem 0x80015000 0x00000001
core   0: 0x80013854 (0xff9ff06f) j       pc - 0x8
core   0: 3 0x80013854 (0xff9ff06f)
core   0: 0x8001384c (0x00001f17) auipc   t5, 0x1
core   0: 3 0x8001384c (0x00001f17) x30 0x8001484c
core   0: 0x80013850 (0x7a3f2a23) sw      gp, 1972(t5)
core   0: 3 0x80013850 (0x7a3f2a23) mem 0x80015000 0x00000001
core   0: 0x80013854 (0xff9ff06f) j       pc - 0x8
core   0: 3 0x80013854 (0xff9ff06f)
core   0: 0x8001384c (0x00001f17) auipc   t5, 0x1
core   0: 3 0x8001384c (0x00001f17) x30 0x8001484c
core   0: 0x80013850 (0x7a3f2a23) sw      gp, 1972(t5)
core   0: 3 0x80013850 (0x7a3f2a23) mem 0x80015000 0x00000001
core   0: 0x80013854 (0xff9ff06f) j       pc - 0x8
core   0: 3 0x80013854 (0xff9ff06f)
core   0: 0x8001384c (0x00001f17) auipc   t5, 0x1
core   0: 3 0x8001384c (0x00001f17) x30 0x8001484c
core   0: 0x80013850 (0x7a3f2a23) sw      gp, 1972(t5)
core   0: 3 0x80013850 (0x7a3f2a23) mem 0x80015000 0x00000001
core   0: 0x80013854 (0xff9ff06f) j       pc - 0x8
core   0: 3 0x80013854 (0xff9ff06f)
core   0: 0x8001384c (0x00001f17) auipc   t5, 0x1
core   0: 3 0x8001384c (0x00001f17) x30 0x8001484c
core   0: 0x80013850 (0x7a3f2a23) sw      gp, 1972(t5)
core   0: 3 0x80013850 (0x7a3f2a23) mem 0x80015000 0x00000001
core   0: 0x80013854 (0xff9ff06f) j       pc - 0x8
core   0: 3 0x80013854 (0xff9ff06f)
core   0: 0x8001384c (0x00001f17) auipc   t5, 0x1
core   0: 3 0x8001384c (0x00001f17) x30 0x8001484c
core   0: 0x80013850 (0x7a3f2a23) sw      gp, 1972(t5)
core   0: 3 0x80013850 (0x7a3f2a23) mem 0x80015000 0x00000001
core   0: 0x80013854 (0xff9ff06f) j       pc - 0x8
core   0: 3 0x80013854 (0xff9ff06f)
core   0: 0x8001384c (0x00001f17) auipc   t5, 0x1
core   0: 3 0x8001384c (0x00001f17) x30 0x8001484c
core   0: 0x80013850 (0x7a3f2a23) sw      gp, 1972(t5)
core   0: 3 0x80013850 (0x7a3f2a23) mem 0x80015000 0x00000001
core   0: 0x80013854 (0xff9ff06f) j       pc - 0x8
core   0: 3 0x80013854 (0xff9ff06f)
core   0: 0x8001384c (0x00001f17) auipc   t5, 0x1
core   0: 3 0x8001384c (0x00001f17) x30 0x8001484c
core   0: 0x80013850 (0x7a3f2a23) sw      gp, 1972(t5)
core   0: 3 0x80013850 (0x7a3f2a23) mem 0x80015000 0x00000001
core   0: 0x80013854 (0xff9ff06f) j       pc - 0x8
core   0: 3 0x80013854 (0xff9ff06f)
core   0: 0x8001384c (0x00001f17) auipc   t5, 0x1
core   0: 3 0x8001384c (0x00001f17) x30 0x8001484c
core   0: 0x80013850 (0x7a3f2a23) sw      gp, 1972(t5)
core   0: 3 0x80013850 (0x7a3f2a23) mem 0x80015000 0x00000001
core   0: 0x80013854 (0xff9ff06f) j       pc - 0x8
core   0: 3 0x80013854 (0xff9ff06f)
core   0: 0x8001384c (0x00001f17) auipc   t5, 0x1
core   0: 3 0x8001384c (0x00001f17) x30 0x8001484c
core   0: 0x80013850 (0x7a3f2a23) sw      gp, 1972(t5)
core   0: 3 0x80013850 (0x7a3f2a23) mem 0x80015000 0x00000001
core   0: 0x80013854 (0xff9ff06f) j       pc - 0x8
core   0: 3 0x80013854 (0xff9ff06f)
core   0: 0x8001384c (0x00001f17) auipc   t5, 0x1
core   0: 3 0x8001384c (0x00001f17) x30 0x8001484c
core   0: 0x80013850 (0x7a3f2a23) sw      gp, 1972(t5)
core   0: 3 0x80013850 (0x7a3f2a23) mem 0x80015000 0x00000001
core   0: 0x80013854 (0xff9ff06f) j       pc - 0x8
core   0: 3 0x80013854 (0xff9ff06f)
core   0: 0x8001384c (0x00001f17) auipc   t5, 0x1
core   0: 3 0x8001384c (0x00001f17) x30 0x8001484c
core   0: 0x80013850 (0x7a3f2a23) sw      gp, 1972(t5)
core   0: 3 0x80013850 (0x7a3f2a23) mem 0x80015000 0x00000001
core   0: 0x80013854 (0xff9ff06f) j       pc - 0x8
core   0: 3 0x80013854 (0xff9ff06f)
core   0: 0x8001384c (0x00001f17) auipc   t5, 0x1
core   0: 3 0x8001384c (0x00001f17) x30 0x8001484c
core   0: 0x80013850 (0x7a3f2a23) sw      gp, 1972(t5)
core   0: 3 0x80013850 (0x7a3f2a23) mem 0x80015000 0x00000001
core   0: 0x80013854 (0xff9ff06f) j       pc - 0x8
core   0: 3 0x80013854 (0xff9ff06f)
core   0: 0x8001384c (0x00001f17) auipc   t5, 0x1
core   0: 3 0x8001384c (0x00001f17) x30 0x8001484c
core   0: 0x80013850 (0x7a3f2a23) sw      gp, 1972(t5)
core   0: 3 0x80013850 (0x7a3f2a23) mem 0x80015000 0x00000001
core   0: 0x80013854 (0xff9ff06f) j       pc - 0x8
core   0: 3 0x80013854 (0xff9ff06f)
core   0: 0x8001384c (0x00001f17) auipc   t5, 0x1
core   0: 3 0x8001384c (0x00001f17) x30 0x8001484c
core   0: 0x80013850 (0x7a3f2a23) sw      gp, 1972(t5)
core   0: 3 0x80013850 (0x7a3f2a23) mem 0x80015000 0x00000001
core   0: 0x80013854 (0xff9ff06f) j       pc - 0x8
core   0: 3 0x80013854 (0xff9ff06f)
core   0: 0x8001384c (0x00001f17) auipc   t5, 0x1
core   0: 3 0x8001384c (0x00001f17) x30 0x8001484c
core   0: 0x80013850 (0x7a3f2a23) sw      gp, 1972(t5)
core   0: 3 0x80013850 (0x7a3f2a23) mem 0x80015000 0x00000001
core   0: 0x80013854 (0xff9ff06f) j       pc - 0x8
core   0: 3 0x80013854 (0xff9ff06f)
core   0: 0x8001384c (0x00001f17) auipc   t5, 0x1
core   0: 3 0x8001384c (0x00001f17) x30 0x8001484c
core   0: 0x80013850 (0x7a3f2a23) sw      gp, 1972(t5)
core   0: 3 0x80013850 (0x7a3f2a23) mem 0x80015000 0x00000001
core   0: 0x80013854 (0xff9ff06f) j       pc - 0x8
core   0: 3 0x80013854 (0xff9ff06f)
core   0: 0x8001384c (0x00001f17) auipc   t5, 0x1
core   0: 3 0x8001384c (0x00001f17) x30 0x8001484c
core   0: 0x80013850 (0x7a3f2a23) sw      gp, 1972(t5)
core   0: 3 0x80013850 (0x7a3f2a23) mem 0x80015000 0x00000001
core   0: 0x80013854 (0xff9ff06f) j       pc - 0x8
core   0: 3 0x80013854 (0xff9ff06f)
core   0: 0x8001384c (0x00001f17) auipc   t5, 0x1
core   0: 3 0x8001384c (0x00001f17) x30 0x8001484c
core   0: 0x80013850 (0x7a3f2a23) sw      gp, 1972(t5)
core   0: 3 0x80013850 (0x7a3f2a23) mem 0x80015000 0x00000001
core   0: 0x80013854 (0xff9ff06f) j       pc - 0x8
core   0: 3 0x80013854 (0xff9ff06f)
core   0: 0x8001384c (0x00001f17) auipc   t5, 0x1
core   0: 3 0x8001384c (0x00001f17) x30 0x8001484c
core   0: 0x80013850 (0x7a3f2a23) sw      gp, 1972(t5)
core   0: 3 0x80013850 (0x7a3f2a23) mem 0x80015000 0x00000001
core   0: 0x80013854 (0xff9ff06f) j       pc - 0x8
core   0: 3 0x80013854 (0xff9ff06f)
core   0: 0x8001384c (0x00001f17) auipc   t5, 0x1
core   0: 3 0x8001384c (0x00001f17) x30 0x8001484c
core   0: 0x80013850 (0x7a3f2a23) sw      gp, 1972(t5)
core   0: 3 0x80013850 (0x7a3f2a23) mem 0x80015000 0x00000001
core   0: 0x80013854 (0xff9ff06f) j       pc - 0x8
core   0: 3 0x80013854 (0xff9ff06f)
core   0: 0x8001384c (0x00001f17) auipc   t5, 0x1
core   0: 3 0x8001384c (0x00001f17) x30 0x8001484c
core   0: 0x80013850 (0x7a3f2a23) sw      gp, 1972(t5)
core   0: 3 0x80013850 (0x7a3f2a23) mem 0x80015000 0x00000001
core   0: 0x80013854 (0xff9ff06f) j       pc - 0x8
core   0: 3 0x80013854 (0xff9ff06f)
core   0: 0x8001384c (0x00001f17) auipc   t5, 0x1
core   0: 3 0x8001384c (0x00001f17) x30 0x8001484c
core   0: 0x80013850 (0x7a3f2a23) sw      gp, 1972(t5)
core   0: 3 0x80013850 (0x7a3f2a23) mem 0x80015000 0x00000001
core   0: 0x80013854 (0xff9ff06f) j       pc - 0x8
core   0: 3 0x80013854 (0xff9ff06f)
core   0: 0x8001384c (0x00001f17) auipc   t5, 0x1
core   0: 3 0x8001384c (0x00001f17) x30 0x8001484c
core   0: 0x80013850 (0x7a3f2a23) sw      gp, 1972(t5)
core   0: 3 0x80013850 (0x7a3f2a23) mem 0x80015000 0x00000001
core   0: 0x80013854 (0xff9ff06f) j       pc - 0x8
core   0: 3 0x80013854 (0xff9ff06f)
core   0: 0x8001384c (0x00001f17) auipc   t5, 0x1
core   0: 3 0x8001384c (0x00001f17) x30 0x8001484c
core   0: 0x80013850 (0x7a3f2a23) sw      gp, 1972(t5)
core   0: 3 0x80013850 (0x7a3f2a23) mem 0x80015000 0x00000001
core   0: 0x80013854 (0xff9ff06f) j       pc - 0x8
core   0: 3 0x80013854 (0xff9ff06f)
core   0: 0x8001384c (0x00001f17) auipc   t5, 0x1
core   0: 3 0x8001384c (0x00001f17) x30 0x8001484c
core   0: 0x80013850 (0x7a3f2a23) sw      gp, 1972(t5)
core   0: 3 0x80013850 (0x7a3f2a23) mem 0x80015000 0x00000001
core   0: 0x80013854 (0xff9ff06f) j       pc - 0x8
core   0: 3 0x80013854 (0xff9ff06f)
core   0: 0x8001384c (0x00001f17) auipc   t5, 0x1
core   0: 3 0x8001384c (0x00001f17) x30 0x8001484c
core   0: 0x80013850 (0x7a3f2a23) sw      gp, 1972(t5)
core   0: 3 0x80013850 (0x7a3f2a23) mem 0x80015000 0x00000001
core   0: 0x80013854 (0xff9ff06f) j       pc - 0x8
core   0: 3 0x80013854 (0xff9ff06f)
core   0: 0x8001384c (0x00001f17) auipc   t5, 0x1
core   0: 3 0x8001384c (0x00001f17) x30 0x8001484c
core   0: 0x80013850 (0x7a3f2a23) sw      gp, 1972(t5)
core   0: 3 0x80013850 (0x7a3f2a23) mem 0x80015000 0x00000001
core   0: 0x80013854 (0xff9ff06f) j       pc - 0x8
core   0: 3 0x80013854 (0xff9ff06f)
core   0: 0x8001384c (0x00001f17) auipc   t5, 0x1
core   0: 3 0x8001384c (0x00001f17) x30 0x8001484c
core   0: 0x80013850 (0x7a3f2a23) sw      gp, 1972(t5)
core   0: 3 0x80013850 (0x7a3f2a23) mem 0x80015000 0x00000001
core   0: 0x80013854 (0xff9ff06f) j       pc - 0x8
core   0: 3 0x80013854 (0xff9ff06f)
core   0: 0x8001384c (0x00001f17) auipc   t5, 0x1
core   0: 3 0x8001384c (0x00001f17) x30 0x8001484c
core   0: 0x80013850 (0x7a3f2a23) sw      gp, 1972(t5)
core   0: 3 0x80013850 (0x7a3f2a23) mem 0x80015000 0x00000001
core   0: 0x80013854 (0xff9ff06f) j       pc - 0x8
core   0: 3 0x80013854 (0xff9ff06f)
core   0: 0x8001384c (0x00001f17) auipc   t5, 0x1
core   0: 3 0x8001384c (0x00001f17) x30 0x8001484c
core   0: 0x80013850 (0x7a3f2a23) sw      gp, 1972(t5)
core   0: 3 0x80013850 (0x7a3f2a23) mem 0x80015000 0x00000001
core   0: 0x80013854 (0xff9ff06f) j       pc - 0x8
core   0: 3 0x80013854 (0xff9ff06f)
core   0: 0x8001384c (0x00001f17) auipc   t5, 0x1
core   0: 3 0x8001384c (0x00001f17) x30 0x8001484c
core   0: 0x80013850 (0x7a3f2a23) sw      gp, 1972(t5)
core   0: 3 0x80013850 (0x7a3f2a23) mem 0x80015000 0x00000001
core   0: 0x80013854 (0xff9ff06f) j       pc - 0x8
core   0: 3 0x80013854 (0xff9ff06f)
core   0: 0x8001384c (0x00001f17) auipc   t5, 0x1
core   0: 3 0x8001384c (0x00001f17) x30 0x8001484c
core   0: 0x80013850 (0x7a3f2a23) sw      gp, 1972(t5)
core   0: 3 0x80013850 (0x7a3f2a23) mem 0x80015000 0x00000001
core   0: 0x80013854 (0xff9ff06f) j       pc - 0x8
core   0: 3 0x80013854 (0xff9ff06f)
core   0: 0x8001384c (0x00001f17) auipc   t5, 0x1
core   0: 3 0x8001384c (0x00001f17) x30 0x8001484c
core   0: 0x80013850 (0x7a3f2a23) sw      gp, 1972(t5)
core   0: 3 0x80013850 (0x7a3f2a23) mem 0x80015000 0x00000001
core   0: 0x80013854 (0xff9ff06f) j       pc - 0x8
core   0: 3 0x80013854 (0xff9ff06f)
core   0: 0x8001384c (0x00001f17) auipc   t5, 0x1
core   0: 3 0x8001384c (0x00001f17) x30 0x8001484c
core   0: 0x80013850 (0x7a3f2a23) sw      gp, 1972(t5)
core   0: 3 0x80013850 (0x7a3f2a23) mem 0x80015000 0x00000001
core   0: 0x80013854 (0xff9ff06f) j       pc - 0x8
core   0: 3 0x80013854 (0xff9ff06f)
core   0: 0x8001384c (0x00001f17) auipc   t5, 0x1
core   0: 3 0x8001384c (0x00001f17) x30 0x8001484c
core   0: 0x80013850 (0x7a3f2a23) sw      gp, 1972(t5)
core   0: 3 0x80013850 (0x7a3f2a23) mem 0x80015000 0x00000001
core   0: 0x80013854 (0xff9ff06f) j       pc - 0x8
core   0: 3 0x80013854 (0xff9ff06f)
core   0: 0x8001384c (0x00001f17) auipc   t5, 0x1
core   0: 3 0x8001384c (0x00001f17) x30 0x8001484c
core   0: 0x80013850 (0x7a3f2a23) sw      gp, 1972(t5)
core   0: 3 0x80013850 (0x7a3f2a23) mem 0x80015000 0x00000001
core   0: 0x80013854 (0xff9ff06f) j       pc - 0x8
core   0: 3 0x80013854 (0xff9ff06f)
core   0: 0x8001384c (0x00001f17) auipc   t5, 0x1
core   0: 3 0x8001384c (0x00001f17) x30 0x8001484c
core   0: 0x80013850 (0x7a3f2a23) sw      gp, 1972(t5)
core   0: 3 0x80013850 (0x7a3f2a23) mem 0x80015000 0x00000001
core   0: 0x80013854 (0xff9ff06f) j       pc - 0x8
core   0: 3 0x80013854 (0xff9ff06f)
core   0: 0x8001384c (0x00001f17) auipc   t5, 0x1
core   0: 3 0x8001384c (0x00001f17) x30 0x8001484c
core   0: 0x80013850 (0x7a3f2a23) sw      gp, 1972(t5)
core   0: 3 0x80013850 (0x7a3f2a23) mem 0x80015000 0x00000001
core   0: 0x80013854 (0xff9ff06f) j       pc - 0x8
core   0: 3 0x80013854 (0xff9ff06f)
core   0: 0x8001384c (0x00001f17) auipc   t5, 0x1
core   0: 3 0x8001384c (0x00001f17) x30 0x8001484c
core   0: 0x80013850 (0x7a3f2a23) sw      gp, 1972(t5)
core   0: 3 0x80013850 (0x7a3f2a23) mem 0x80015000 0x00000001
core   0: 0x80013854 (0xff9ff06f) j       pc - 0x8
core   0: 3 0x80013854 (0xff9ff06f)
core   0: 0x8001384c (0x00001f17) auipc   t5, 0x1
core   0: 3 0x8001384c (0x00001f17) x30 0x8001484c
core   0: 0x80013850 (0x7a3f2a23) sw      gp, 1972(t5)
core   0: 3 0x80013850 (0x7a3f2a23) mem 0x80015000 0x00000001
core   0: 0x80013854 (0xff9ff06f) j       pc - 0x8
core   0: 3 0x80013854 (0xff9ff06f)
core   0: 0x8001384c (0x00001f17) auipc   t5, 0x1
core   0: 3 0x8001384c (0x00001f17) x30 0x8001484c
core   0: 0x80013850 (0x7a3f2a23) sw      gp, 1972(t5)
core   0: 3 0x80013850 (0x7a3f2a23) mem 0x80015000 0x00000001
core   0: 0x80013854 (0xff9ff06f) j       pc - 0x8
core   0: 3 0x80013854 (0xff9ff06f)
core   0: 0x8001384c (0x00001f17) auipc   t5, 0x1
core   0: 3 0x8001384c (0x00001f17) x30 0x8001484c
core   0: 0x80013850 (0x7a3f2a23) sw      gp, 1972(t5)
core   0: 3 0x80013850 (0x7a3f2a23) mem 0x80015000 0x00000001
core   0: 0x80013854 (0xff9ff06f) j       pc - 0x8
core   0: 3 0x80013854 (0xff9ff06f)
core   0: 0x8001384c (0x00001f17) auipc   t5, 0x1
core   0: 3 0x8001384c (0x00001f17) x30 0x8001484c
core   0: 0x80013850 (0x7a3f2a23) sw      gp, 1972(t5)
core   0: 3 0x80013850 (0x7a3f2a23) mem 0x80015000 0x00000001
core   0: 0x80013854 (0xff9ff06f) j       pc - 0x8
core   0: 3 0x80013854 (0xff9ff06f)
core   0: 0x8001384c (0x00001f17) auipc   t5, 0x1
core   0: 3 0x8001384c (0x00001f17) x30 0x8001484c
core   0: 0x80013850 (0x7a3f2a23) sw      gp, 1972(t5)
core   0: 3 0x80013850 (0x7a3f2a23) mem 0x80015000 0x00000001
core   0: 0x80013854 (0xff9ff06f) j       pc - 0x8
core   0: 3 0x80013854 (0xff9ff06f)
core   0: 0x8001384c (0x00001f17) auipc   t5, 0x1
core   0: 3 0x8001384c (0x00001f17) x30 0x8001484c
core   0: 0x80013850 (0x7a3f2a23) sw      gp, 1972(t5)
core   0: 3 0x80013850 (0x7a3f2a23) mem 0x80015000 0x00000001
core   0: 0x80013854 (0xff9ff06f) j       pc - 0x8
core   0: 3 0x80013854 (0xff9ff06f)
core   0: 0x8001384c (0x00001f17) auipc   t5, 0x1
core   0: 3 0x8001384c (0x00001f17) x30 0x8001484c
core   0: 0x80013850 (0x7a3f2a23) sw      gp, 1972(t5)
core   0: 3 0x80013850 (0x7a3f2a23) mem 0x80015000 0x00000001
core   0: 0x80013854 (0xff9ff06f) j       pc - 0x8
core   0: 3 0x80013854 (0xff9ff06f)
core   0: 0x8001384c (0x00001f17) auipc   t5, 0x1
core   0: 3 0x8001384c (0x00001f17) x30 0x8001484c
core   0: 0x80013850 (0x7a3f2a23) sw      gp, 1972(t5)
core   0: 3 0x80013850 (0x7a3f2a23) mem 0x80015000 0x00000001
core   0: 0x80013854 (0xff9ff06f) j       pc - 0x8
core   0: 3 0x80013854 (0xff9ff06f)
core   0: 0x8001384c (0x00001f17) auipc   t5, 0x1
core   0: 3 0x8001384c (0x00001f17) x30 0x8001484c
core   0: 0x80013850 (0x7a3f2a23) sw      gp, 1972(t5)
core   0: 3 0x80013850 (0x7a3f2a23) mem 0x80015000 0x00000001
core   0: 0x80013854 (0xff9ff06f) j       pc - 0x8
core   0: 3 0x80013854 (0xff9ff06f)
core   0: 0x8001384c (0x00001f17) auipc   t5, 0x1
core   0: 3 0x8001384c (0x00001f17) x30 0x8001484c
core   0: 0x80013850 (0x7a3f2a23) sw      gp, 1972(t5)
core   0: 3 0x80013850 (0x7a3f2a23) mem 0x80015000 0x00000001
core   0: 0x80013854 (0xff9ff06f) j       pc - 0x8
core   0: 3 0x80013854 (0xff9ff06f)
core   0: 0x8001384c (0x00001f17) auipc   t5, 0x1
core   0: 3 0x8001384c (0x00001f17) x30 0x8001484c
core   0: 0x80013850 (0x7a3f2a23) sw      gp, 1972(t5)
core   0: 3 0x80013850 (0x7a3f2a23) mem 0x80015000 0x00000001
core   0: 0x80013854 (0xff9ff06f) j       pc - 0x8
core   0: 3 0x80013854 (0xff9ff06f)
core   0: 0x8001384c (0x00001f17) auipc   t5, 0x1
core   0: 3 0x8001384c (0x00001f17) x30 0x8001484c
core   0: 0x80013850 (0x7a3f2a23) sw      gp, 1972(t5)
core   0: 3 0x80013850 (0x7a3f2a23) mem 0x80015000 0x00000001
core   0: 0x80013854 (0xff9ff06f) j       pc - 0x8
core   0: 3 0x80013854 (0xff9ff06f)
core   0: 0x8001384c (0x00001f17) auipc   t5, 0x1
core   0: 3 0x8001384c (0x00001f17) x30 0x8001484c
core   0: 0x80013850 (0x7a3f2a23) sw      gp, 1972(t5)
core   0: 3 0x80013850 (0x7a3f2a23) mem 0x80015000 0x00000001
core   0: 0x80013854 (0xff9ff06f) j       pc - 0x8
core   0: 3 0x80013854 (0xff9ff06f)
core   0: 0x8001384c (0x00001f17) auipc   t5, 0x1
core   0: 3 0x8001384c (0x00001f17) x30 0x8001484c
core   0: 0x80013850 (0x7a3f2a23) sw      gp, 1972(t5)
core   0: 3 0x80013850 (0x7a3f2a23) mem 0x80015000 0x00000001
core   0: 0x80013854 (0xff9ff06f) j       pc - 0x8
core   0: 3 0x80013854 (0xff9ff06f)
core   0: 0x8001384c (0x00001f17) auipc   t5, 0x1
core   0: 3 0x8001384c (0x00001f17) x30 0x8001484c
core   0: 0x80013850 (0x7a3f2a23) sw      gp, 1972(t5)
core   0: 3 0x80013850 (0x7a3f2a23) mem 0x80015000 0x00000001
core   0: 0x80013854 (0xff9ff06f) j       pc - 0x8
core   0: 3 0x80013854 (0xff9ff06f)
core   0: 0x8001384c (0x00001f17) auipc   t5, 0x1
core   0: 3 0x8001384c (0x00001f17) x30 0x8001484c
core   0: 0x80013850 (0x7a3f2a23) sw      gp, 1972(t5)
core   0: 3 0x80013850 (0x7a3f2a23) mem 0x80015000 0x00000001
core   0: 0x80013854 (0xff9ff06f) j       pc - 0x8
core   0: 3 0x80013854 (0xff9ff06f)
core   0: 0x8001384c (0x00001f17) auipc   t5, 0x1
core   0: 3 0x8001384c (0x00001f17) x30 0x8001484c
core   0: 0x80013850 (0x7a3f2a23) sw      gp, 1972(t5)
core   0: 3 0x80013850 (0x7a3f2a23) mem 0x80015000 0x00000001
core   0: 0x80013854 (0xff9ff06f) j       pc - 0x8
core   0: 3 0x80013854 (0xff9ff06f)
core   0: 0x8001384c (0x00001f17) auipc   t5, 0x1
core   0: 3 0x8001384c (0x00001f17) x30 0x8001484c
core   0: 0x80013850 (0x7a3f2a23) sw      gp, 1972(t5)
core   0: 3 0x80013850 (0x7a3f2a23) mem 0x80015000 0x00000001
core   0: 0x80013854 (0xff9ff06f) j       pc - 0x8
core   0: 3 0x80013854 (0xff9ff06f)
core   0: 0x8001384c (0x00001f17) auipc   t5, 0x1
core   0: 3 0x8001384c (0x00001f17) x30 0x8001484c
core   0: 0x80013850 (0x7a3f2a23) sw      gp, 1972(t5)
core   0: 3 0x80013850 (0x7a3f2a23) mem 0x80015000 0x00000001
core   0: 0x80013854 (0xff9ff06f) j       pc - 0x8
core   0: 3 0x80013854 (0xff9ff06f)
core   0: 0x8001384c (0x00001f17) auipc   t5, 0x1
core   0: 3 0x8001384c (0x00001f17) x30 0x8001484c
core   0: 0x80013850 (0x7a3f2a23) sw      gp, 1972(t5)
core   0: 3 0x80013850 (0x7a3f2a23) mem 0x80015000 0x00000001
core   0: 0x80013854 (0xff9ff06f) j       pc - 0x8
core   0: 3 0x80013854 (0xff9ff06f)
core   0: 0x8001384c (0x00001f17) auipc   t5, 0x1
core   0: 3 0x8001384c (0x00001f17) x30 0x8001484c
core   0: 0x80013850 (0x7a3f2a23) sw      gp, 1972(t5)
core   0: 3 0x80013850 (0x7a3f2a23) mem 0x80015000 0x00000001
core   0: 0x80013854 (0xff9ff06f) j       pc - 0x8
core   0: 3 0x80013854 (0xff9ff06f)
core   0: 0x8001384c (0x00001f17) auipc   t5, 0x1
core   0: 3 0x8001384c (0x00001f17) x30 0x8001484c
core   0: 0x80013850 (0x7a3f2a23) sw      gp, 1972(t5)
core   0: 3 0x80013850 (0x7a3f2a23) mem 0x80015000 0x00000001
core   0: 0x80013854 (0xff9ff06f) j       pc - 0x8
core   0: 3 0x80013854 (0xff9ff06f)
core   0: 0x8001384c (0x00001f17) auipc   t5, 0x1
core   0: 3 0x8001384c (0x00001f17) x30 0x8001484c
core   0: 0x80013850 (0x7a3f2a23) sw      gp, 1972(t5)
core   0: 3 0x80013850 (0x7a3f2a23) mem 0x80015000 0x00000001
core   0: 0x80013854 (0xff9ff06f) j       pc - 0x8
core   0: 3 0x80013854 (0xff9ff06f)
core   0: 0x8001384c (0x00001f17) auipc   t5, 0x1
core   0: 3 0x8001384c (0x00001f17) x30 0x8001484c
core   0: 0x80013850 (0x7a3f2a23) sw      gp, 1972(t5)
core   0: 3 0x80013850 (0x7a3f2a23) mem 0x80015000 0x00000001
core   0: 0x80013854 (0xff9ff06f) j       pc - 0x8
core   0: 3 0x80013854 (0xff9ff06f)
core   0: 0x8001384c (0x00001f17) auipc   t5, 0x1
core   0: 3 0x8001384c (0x00001f17) x30 0x8001484c
core   0: 0x80013850 (0x7a3f2a23) sw      gp, 1972(t5)
core   0: 3 0x80013850 (0x7a3f2a23) mem 0x80015000 0x00000001
core   0: 0x80013854 (0xff9ff06f) j       pc - 0x8
core   0: 3 0x80013854 (0xff9ff06f)
core   0: 0x8001384c (0x00001f17) auipc   t5, 0x1
core   0: 3 0x8001384c (0x00001f17) x30 0x8001484c
core   0: 0x80013850 (0x7a3f2a23) sw      gp, 1972(t5)
core   0: 3 0x80013850 (0x7a3f2a23) mem 0x80015000 0x00000001
core   0: 0x80013854 (0xff9ff06f) j       pc - 0x8
core   0: 3 0x80013854 (0xff9ff06f)
core   0: 0x8001384c (0x00001f17) auipc   t5, 0x1
core   0: 3 0x8001384c (0x00001f17) x30 0x8001484c
core   0: 0x80013850 (0x7a3f2a23) sw      gp, 1972(t5)
core   0: 3 0x80013850 (0x7a3f2a23) mem 0x80015000 0x00000001
core   0: 0x80013854 (0xff9ff06f) j       pc - 0x8
core   0: 3 0x80013854 (0xff9ff06f)
core   0: 0x8001384c (0x00001f17) auipc   t5, 0x1
core   0: 3 0x8001384c (0x00001f17) x30 0x8001484c
core   0: 0x80013850 (0x7a3f2a23) sw      gp, 1972(t5)
core   0: 3 0x80013850 (0x7a3f2a23) mem 0x80015000 0x00000001
core   0: 0x80013854 (0xff9ff06f) j       pc - 0x8
core   0: 3 0x80013854 (0xff9ff06f)
core   0: 0x8001384c (0x00001f17) auipc   t5, 0x1
core   0: 3 0x8001384c (0x00001f17) x30 0x8001484c
core   0: 0x80013850 (0x7a3f2a23) sw      gp, 1972(t5)
core   0: 3 0x80013850 (0x7a3f2a23) mem 0x80015000 0x00000001
core   0: 0x80013854 (0xff9ff06f) j       pc - 0x8
core   0: 3 0x80013854 (0xff9ff06f)
core   0: 0x8001384c (0x00001f17) auipc   t5, 0x1
core   0: 3 0x8001384c (0x00001f17) x30 0x8001484c
core   0: 0x80013850 (0x7a3f2a23) sw      gp, 1972(t5)
core   0: 3 0x80013850 (0x7a3f2a23) mem 0x80015000 0x00000001
core   0: 0x80013854 (0xff9ff06f) j       pc - 0x8
core   0: 3 0x80013854 (0xff9ff06f)
core   0: 0x8001384c (0x00001f17) auipc   t5, 0x1
core   0: 3 0x8001384c (0x00001f17) x30 0x8001484c
core   0: 0x80013850 (0x7a3f2a23) sw      gp, 1972(t5)
core   0: 3 0x80013850 (0x7a3f2a23) mem 0x80015000 0x00000001
core   0: 0x80013854 (0xff9ff06f) j       pc - 0x8
core   0: 3 0x80013854 (0xff9ff06f)
core   0: 0x8001384c (0x00001f17) auipc   t5, 0x1
core   0: 3 0x8001384c (0x00001f17) x30 0x8001484c
core   0: 0x80013850 (0x7a3f2a23) sw      gp, 1972(t5)
core   0: 3 0x80013850 (0x7a3f2a23) mem 0x80015000 0x00000001
core   0: 0x80013854 (0xff9ff06f) j       pc - 0x8
core   0: 3 0x80013854 (0xff9ff06f)
core   0: 0x8001384c (0x00001f17) auipc   t5, 0x1
core   0: 3 0x8001384c (0x00001f17) x30 0x8001484c
core   0: 0x80013850 (0x7a3f2a23) sw      gp, 1972(t5)
core   0: 3 0x80013850 (0x7a3f2a23) mem 0x80015000 0x00000001
core   0: 0x80013854 (0xff9ff06f) j       pc - 0x8
core   0: 3 0x80013854 (0xff9ff06f)
core   0: 0x8001384c (0x00001f17) auipc   t5, 0x1
core   0: 3 0x8001384c (0x00001f17) x30 0x8001484c
core   0: 0x80013850 (0x7a3f2a23) sw      gp, 1972(t5)
core   0: 3 0x80013850 (0x7a3f2a23) mem 0x80015000 0x00000001
core   0: 0x80013854 (0xff9ff06f) j       pc - 0x8
core   0: 3 0x80013854 (0xff9ff06f)
core   0: 0x8001384c (0x00001f17) auipc   t5, 0x1
core   0: 3 0x8001384c (0x00001f17) x30 0x8001484c
core   0: 0x80013850 (0x7a3f2a23) sw      gp, 1972(t5)
core   0: 3 0x80013850 (0x7a3f2a23) mem 0x80015000 0x00000001
core   0: 0x80013854 (0xff9ff06f) j       pc - 0x8
core   0: 3 0x80013854 (0xff9ff06f)
core   0: 0x8001384c (0x00001f17) auipc   t5, 0x1
core   0: 3 0x8001384c (0x00001f17) x30 0x8001484c
core   0: 0x80013850 (0x7a3f2a23) sw      gp, 1972(t5)
core   0: 3 0x80013850 (0x7a3f2a23) mem 0x80015000 0x00000001
core   0: 0x80013854 (0xff9ff06f) j       pc - 0x8
core   0: 3 0x80013854 (0xff9ff06f)
core   0: 0x8001384c (0x00001f17) auipc   t5, 0x1
core   0: 3 0x8001384c (0x00001f17) x30 0x8001484c
core   0: 0x80013850 (0x7a3f2a23) sw      gp, 1972(t5)
core   0: 3 0x80013850 (0x7a3f2a23) mem 0x80015000 0x00000001
core   0: 0x80013854 (0xff9ff06f) j       pc - 0x8
core   0: 3 0x80013854 (0xff9ff06f)
core   0: 0x8001384c (0x00001f17) auipc   t5, 0x1
core   0: 3 0x8001384c (0x00001f17) x30 0x8001484c
core   0: 0x80013850 (0x7a3f2a23) sw      gp, 1972(t5)
core   0: 3 0x80013850 (0x7a3f2a23) mem 0x80015000 0x00000001
core   0: 0x80013854 (0xff9ff06f) j       pc - 0x8
core   0: 3 0x80013854 (0xff9ff06f)
core   0: 0x8001384c (0x00001f17) auipc   t5, 0x1
core   0: 3 0x8001384c (0x00001f17) x30 0x8001484c
core   0: 0x80013850 (0x7a3f2a23) sw      gp, 1972(t5)
core   0: 3 0x80013850 (0x7a3f2a23) mem 0x80015000 0x00000001
core   0: 0x80013854 (0xff9ff06f) j       pc - 0x8
core   0: 3 0x80013854 (0xff9ff06f)
core   0: 0x8001384c (0x00001f17) auipc   t5, 0x1
core   0: 3 0x8001384c (0x00001f17) x30 0x8001484c
core   0: 0x80013850 (0x7a3f2a23) sw      gp, 1972(t5)
core   0: 3 0x80013850 (0x7a3f2a23) mem 0x80015000 0x00000001
core   0: 0x80013854 (0xff9ff06f) j       pc - 0x8
core   0: 3 0x80013854 (0xff9ff06f)
core   0: 0x8001384c (0x00001f17) auipc   t5, 0x1
core   0: 3 0x8001384c (0x00001f17) x30 0x8001484c
core   0: 0x80013850 (0x7a3f2a23) sw      gp, 1972(t5)
core   0: 3 0x80013850 (0x7a3f2a23) mem 0x80015000 0x00000001
core   0: 0x80013854 (0xff9ff06f) j       pc - 0x8
core   0: 3 0x80013854 (0xff9ff06f)
core   0: 0x8001384c (0x00001f17) auipc   t5, 0x1
core   0: 3 0x8001384c (0x00001f17) x30 0x8001484c
core   0: 0x80013850 (0x7a3f2a23) sw      gp, 1972(t5)
core   0: 3 0x80013850 (0x7a3f2a23) mem 0x80015000 0x00000001
core   0: 0x80013854 (0xff9ff06f) j       pc - 0x8
core   0: 3 0x80013854 (0xff9ff06f)
core   0: 0x8001384c (0x00001f17) auipc   t5, 0x1
core   0: 3 0x8001384c (0x00001f17) x30 0x8001484c
core   0: 0x80013850 (0x7a3f2a23) sw      gp, 1972(t5)
core   0: 3 0x80013850 (0x7a3f2a23) mem 0x80015000 0x00000001
core   0: 0x80013854 (0xff9ff06f) j       pc - 0x8
core   0: 3 0x80013854 (0xff9ff06f)
core   0: 0x8001384c (0x00001f17) auipc   t5, 0x1
core   0: 3 0x8001384c (0x00001f17) x30 0x8001484c
core   0: 0x80013850 (0x7a3f2a23) sw      gp, 1972(t5)
core   0: 3 0x80013850 (0x7a3f2a23) mem 0x80015000 0x00000001
core   0: 0x80013854 (0xff9ff06f) j       pc - 0x8
core   0: 3 0x80013854 (0xff9ff06f)
core   0: 0x8001384c (0x00001f17) auipc   t5, 0x1
core   0: 3 0x8001384c (0x00001f17) x30 0x8001484c
core   0: 0x80013850 (0x7a3f2a23) sw      gp, 1972(t5)
core   0: 3 0x80013850 (0x7a3f2a23) mem 0x80015000 0x00000001
core   0: 0x80013854 (0xff9ff06f) j       pc - 0x8
core   0: 3 0x80013854 (0xff9ff06f)
core   0: 0x8001384c (0x00001f17) auipc   t5, 0x1
core   0: 3 0x8001384c (0x00001f17) x30 0x8001484c
core   0: 0x80013850 (0x7a3f2a23) sw      gp, 1972(t5)
core   0: 3 0x80013850 (0x7a3f2a23) mem 0x80015000 0x00000001
core   0: 0x80013854 (0xff9ff06f) j       pc - 0x8
core   0: 3 0x80013854 (0xff9ff06f)
core   0: 0x8001384c (0x00001f17) auipc   t5, 0x1
core   0: 3 0x8001384c (0x00001f17) x30 0x8001484c
core   0: 0x80013850 (0x7a3f2a23) sw      gp, 1972(t5)
core   0: 3 0x80013850 (0x7a3f2a23) mem 0x80015000 0x00000001
core   0: 0x80013854 (0xff9ff06f) j       pc - 0x8
core   0: 3 0x80013854 (0xff9ff06f)
core   0: 0x8001384c (0x00001f17) auipc   t5, 0x1
core   0: 3 0x8001384c (0x00001f17) x30 0x8001484c
core   0: 0x80013850 (0x7a3f2a23) sw      gp, 1972(t5)
core   0: 3 0x80013850 (0x7a3f2a23) mem 0x80015000 0x00000001
core   0: 0x80013854 (0xff9ff06f) j       pc - 0x8
core   0: 3 0x80013854 (0xff9ff06f)
core   0: 0x8001384c (0x00001f17) auipc   t5, 0x1
core   0: 3 0x8001384c (0x00001f17) x30 0x8001484c
core   0: 0x80013850 (0x7a3f2a23) sw      gp, 1972(t5)
core   0: 3 0x80013850 (0x7a3f2a23) mem 0x80015000 0x00000001
core   0: 0x80013854 (0xff9ff06f) j       pc - 0x8
core   0: 3 0x80013854 (0xff9ff06f)
core   0: 0x8001384c (0x00001f17) auipc   t5, 0x1
core   0: 3 0x8001384c (0x00001f17) x30 0x8001484c
core   0: 0x80013850 (0x7a3f2a23) sw      gp, 1972(t5)
core   0: 3 0x80013850 (0x7a3f2a23) mem 0x80015000 0x00000001
core   0: 0x80013854 (0xff9ff06f) j       pc - 0x8
core   0: 3 0x80013854 (0xff9ff06f)
core   0: 0x8001384c (0x00001f17) auipc   t5, 0x1
core   0: 3 0x8001384c (0x00001f17) x30 0x8001484c
core   0: 0x80013850 (0x7a3f2a23) sw      gp, 1972(t5)
core   0: 3 0x80013850 (0x7a3f2a23) mem 0x80015000 0x00000001
core   0: 0x80013854 (0xff9ff06f) j       pc - 0x8
core   0: 3 0x80013854 (0xff9ff06f)
core   0: 0x8001384c (0x00001f17) auipc   t5, 0x1
core   0: 3 0x8001384c (0x00001f17) x30 0x8001484c
core   0: 0x80013850 (0x7a3f2a23) sw      gp, 1972(t5)
core   0: 3 0x80013850 (0x7a3f2a23) mem 0x80015000 0x00000001
core   0: 0x80013854 (0xff9ff06f) j       pc - 0x8
core   0: 3 0x80013854 (0xff9ff06f)
core   0: 0x8001384c (0x00001f17) auipc   t5, 0x1
core   0: 3 0x8001384c (0x00001f17) x30 0x8001484c
core   0: 0x80013850 (0x7a3f2a23) sw      gp, 1972(t5)
core   0: 3 0x80013850 (0x7a3f2a23) mem 0x80015000 0x00000001
core   0: 0x80013854 (0xff9ff06f) j       pc - 0x8
core   0: 3 0x80013854 (0xff9ff06f)
core   0: 0x8001384c (0x00001f17) auipc   t5, 0x1
core   0: 3 0x8001384c (0x00001f17) x30 0x8001484c
core   0: 0x80013850 (0x7a3f2a23) sw      gp, 1972(t5)
core   0: 3 0x80013850 (0x7a3f2a23) mem 0x80015000 0x00000001
core   0: 0x80013854 (0xff9ff06f) j       pc - 0x8
core   0: 3 0x80013854 (0xff9ff06f)
core   0: 0x8001384c (0x00001f17) auipc   t5, 0x1
core   0: 3 0x8001384c (0x00001f17) x30 0x8001484c
core   0: 0x80013850 (0x7a3f2a23) sw      gp, 1972(t5)
core   0: 3 0x80013850 (0x7a3f2a23) mem 0x80015000 0x00000001
core   0: 0x80013854 (0xff9ff06f) j       pc - 0x8
core   0: 3 0x80013854 (0xff9ff06f)
core   0: 0x8001384c (0x00001f17) auipc   t5, 0x1
core   0: 3 0x8001384c (0x00001f17) x30 0x8001484c
core   0: 0x80013850 (0x7a3f2a23) sw      gp, 1972(t5)
core   0: 3 0x80013850 (0x7a3f2a23) mem 0x80015000 0x00000001
core   0: 0x80013854 (0xff9ff06f) j       pc - 0x8
core   0: 3 0x80013854 (0xff9ff06f)
core   0: 0x8001384c (0x00001f17) auipc   t5, 0x1
core   0: 3 0x8001384c (0x00001f17) x30 0x8001484c
core   0: 0x80013850 (0x7a3f2a23) sw      gp, 1972(t5)
core   0: 3 0x80013850 (0x7a3f2a23) mem 0x80015000 0x00000001
core   0: 0x80013854 (0xff9ff06f) j       pc - 0x8
core   0: 3 0x80013854 (0xff9ff06f)
core   0: 0x8001384c (0x00001f17) auipc   t5, 0x1
core   0: 3 0x8001384c (0x00001f17) x30 0x8001484c
core   0: 0x80013850 (0x7a3f2a23) sw      gp, 1972(t5)
core   0: 3 0x80013850 (0x7a3f2a23) mem 0x80015000 0x00000001
core   0: 0x80013854 (0xff9ff06f) j       pc - 0x8
core   0: 3 0x80013854 (0xff9ff06f)
core   0: 0x8001384c (0x00001f17) auipc   t5, 0x1
core   0: 3 0x8001384c (0x00001f17) x30 0x8001484c
core   0: 0x80013850 (0x7a3f2a23) sw      gp, 1972(t5)
core   0: 3 0x80013850 (0x7a3f2a23) mem 0x80015000 0x00000001
core   0: 0x80013854 (0xff9ff06f) j       pc - 0x8
core   0: 3 0x80013854 (0xff9ff06f)
core   0: 0x8001384c (0x00001f17) auipc   t5, 0x1
core   0: 3 0x8001384c (0x00001f17) x30 0x8001484c
core   0: 0x80013850 (0x7a3f2a23) sw      gp, 1972(t5)
core   0: 3 0x80013850 (0x7a3f2a23) mem 0x80015000 0x00000001
core   0: 0x80013854 (0xff9ff06f) j       pc - 0x8
core   0: 3 0x80013854 (0xff9ff06f)
core   0: 0x8001384c (0x00001f17) auipc   t5, 0x1
core   0: 3 0x8001384c (0x00001f17) x30 0x8001484c
core   0: 0x80013850 (0x7a3f2a23) sw      gp, 1972(t5)
core   0: 3 0x80013850 (0x7a3f2a23) mem 0x80015000 0x00000001
core   0: 0x80013854 (0xff9ff06f) j       pc - 0x8
core   0: 3 0x80013854 (0xff9ff06f)
core   0: 0x8001384c (0x00001f17) auipc   t5, 0x1
core   0: 3 0x8001384c (0x00001f17) x30 0x8001484c
core   0: 0x80013850 (0x7a3f2a23) sw      gp, 1972(t5)
core   0: 3 0x80013850 (0x7a3f2a23) mem 0x80015000 0x00000001
core   0: 0x80013854 (0xff9ff06f) j       pc - 0x8
core   0: 3 0x80013854 (0xff9ff06f)
core   0: 0x8001384c (0x00001f17) auipc   t5, 0x1
core   0: 3 0x8001384c (0x00001f17) x30 0x8001484c
core   0: 0x80013850 (0x7a3f2a23) sw      gp, 1972(t5)
core   0: 3 0x80013850 (0x7a3f2a23) mem 0x80015000 0x00000001
core   0: 0x80013854 (0xff9ff06f) j       pc - 0x8
core   0: 3 0x80013854 (0xff9ff06f)
core   0: 0x8001384c (0x00001f17) auipc   t5, 0x1
core   0: 3 0x8001384c (0x00001f17) x30 0x8001484c
core   0: 0x80013850 (0x7a3f2a23) sw      gp, 1972(t5)
core   0: 3 0x80013850 (0x7a3f2a23) mem 0x80015000 0x00000001
core   0: 0x80013854 (0xff9ff06f) j       pc - 0x8
core   0: 3 0x80013854 (0xff9ff06f)
core   0: 0x8001384c (0x00001f17) auipc   t5, 0x1
core   0: 3 0x8001384c (0x00001f17) x30 0x8001484c
core   0: 0x80013850 (0x7a3f2a23) sw      gp, 1972(t5)
core   0: 3 0x80013850 (0x7a3f2a23) mem 0x80015000 0x00000001
core   0: 0x80013854 (0xff9ff06f) j       pc - 0x8
core   0: 3 0x80013854 (0xff9ff06f)
core   0: 0x8001384c (0x00001f17) auipc   t5, 0x1
core   0: 3 0x8001384c (0x00001f17) x30 0x8001484c
core   0: 0x80013850 (0x7a3f2a23) sw      gp, 1972(t5)
core   0: 3 0x80013850 (0x7a3f2a23) mem 0x80015000 0x00000001
core   0: 0x80013854 (0xff9ff06f) j       pc - 0x8
core   0: 3 0x80013854 (0xff9ff06f)
core   0: 0x8001384c (0x00001f17) auipc   t5, 0x1
core   0: 3 0x8001384c (0x00001f17) x30 0x8001484c
core   0: 0x80013850 (0x7a3f2a23) sw      gp, 1972(t5)
core   0: 3 0x80013850 (0x7a3f2a23) mem 0x80015000 0x00000001
core   0: 0x80013854 (0xff9ff06f) j       pc - 0x8
core   0: 3 0x80013854 (0xff9ff06f)
core   0: 0x8001384c (0x00001f17) auipc   t5, 0x1
core   0: 3 0x8001384c (0x00001f17) x30 0x8001484c
core   0: 0x80013850 (0x7a3f2a23) sw      gp, 1972(t5)
core   0: 3 0x80013850 (0x7a3f2a23) mem 0x80015000 0x00000001
core   0: 0x80013854 (0xff9ff06f) j       pc - 0x8
core   0: 3 0x80013854 (0xff9ff06f)
core   0: 0x8001384c (0x00001f17) auipc   t5, 0x1
core   0: 3 0x8001384c (0x00001f17) x30 0x8001484c
core   0: 0x80013850 (0x7a3f2a23) sw      gp, 1972(t5)
core   0: 3 0x80013850 (0x7a3f2a23) mem 0x80015000 0x00000001
core   0: 0x80013854 (0xff9ff06f) j       pc - 0x8
core   0: 3 0x80013854 (0xff9ff06f)
core   0: 0x8001384c (0x00001f17) auipc   t5, 0x1
core   0: 3 0x8001384c (0x00001f17) x30 0x8001484c
core   0: 0x80013850 (0x7a3f2a23) sw      gp, 1972(t5)
core   0: 3 0x80013850 (0x7a3f2a23) mem 0x80015000 0x00000001
core   0: 0x80013854 (0xff9ff06f) j       pc - 0x8
core   0: 3 0x80013854 (0xff9ff06f)
core   0: 0x8001384c (0x00001f17) auipc   t5, 0x1
core   0: 3 0x8001384c (0x00001f17) x30 0x8001484c
core   0: 0x80013850 (0x7a3f2a23) sw      gp, 1972(t5)
core   0: 3 0x80013850 (0x7a3f2a23) mem 0x80015000 0x00000001
core   0: 0x80013854 (0xff9ff06f) j       pc - 0x8
core   0: 3 0x80013854 (0xff9ff06f)
core   0: 0x8001384c (0x00001f17) auipc   t5, 0x1
core   0: 3 0x8001384c (0x00001f17) x30 0x8001484c
core   0: 0x80013850 (0x7a3f2a23) sw      gp, 1972(t5)
core   0: 3 0x80013850 (0x7a3f2a23) mem 0x80015000 0x00000001
core   0: 0x80013854 (0xff9ff06f) j       pc - 0x8
core   0: 3 0x80013854 (0xff9ff06f)
core   0: 0x8001384c (0x00001f17) auipc   t5, 0x1
core   0: 3 0x8001384c (0x00001f17) x30 0x8001484c
core   0: 0x80013850 (0x7a3f2a23) sw      gp, 1972(t5)
core   0: 3 0x80013850 (0x7a3f2a23) mem 0x80015000 0x00000001
core   0: 0x80013854 (0xff9ff06f) j       pc - 0x8
core   0: 3 0x80013854 (0xff9ff06f)
core   0: 0x8001384c (0x00001f17) auipc   t5, 0x1
core   0: 3 0x8001384c (0x00001f17) x30 0x8001484c
core   0: 0x80013850 (0x7a3f2a23) sw      gp, 1972(t5)
core   0: 3 0x80013850 (0x7a3f2a23) mem 0x80015000 0x00000001
core   0: 0x80013854 (0xff9ff06f) j       pc - 0x8
core   0: 3 0x80013854 (0xff9ff06f)
core   0: 0x8001384c (0x00001f17) auipc   t5, 0x1
core   0: 3 0x8001384c (0x00001f17) x30 0x8001484c
core   0: 0x80013850 (0x7a3f2a23) sw      gp, 1972(t5)
core   0: 3 0x80013850 (0x7a3f2a23) mem 0x80015000 0x00000001
core   0: 0x80013854 (0xff9ff06f) j       pc - 0x8
core   0: 3 0x80013854 (0xff9ff06f)
core   0: 0x8001384c (0x00001f17) auipc   t5, 0x1
core   0: 3 0x8001384c (0x00001f17) x30 0x8001484c
core   0: 0x80013850 (0x7a3f2a23) sw      gp, 1972(t5)
core   0: 3 0x80013850 (0x7a3f2a23) mem 0x80015000 0x00000001
core   0: 0x80013854 (0xff9ff06f) j       pc - 0x8
core   0: 3 0x80013854 (0xff9ff06f)
core   0: 0x8001384c (0x00001f17) auipc   t5, 0x1
core   0: 3 0x8001384c (0x00001f17) x30 0x8001484c
core   0: 0x80013850 (0x7a3f2a23) sw      gp, 1972(t5)
core   0: 3 0x80013850 (0x7a3f2a23) mem 0x80015000 0x00000001
core   0: 0x80013854 (0xff9ff06f) j       pc - 0x8
core   0: 3 0x80013854 (0xff9ff06f)
core   0: 0x8001384c (0x00001f17) auipc   t5, 0x1
core   0: 3 0x8001384c (0x00001f17) x30 0x8001484c
core   0: 0x80013850 (0x7a3f2a23) sw      gp, 1972(t5)
core   0: 3 0x80013850 (0x7a3f2a23) mem 0x80015000 0x00000001
core   0: 0x80013854 (0xff9ff06f) j       pc - 0x8
core   0: 3 0x80013854 (0xff9ff06f)
core   0: 0x8001384c (0x00001f17) auipc   t5, 0x1
core   0: 3 0x8001384c (0x00001f17) x30 0x8001484c
core   0: 0x80013850 (0x7a3f2a23) sw      gp, 1972(t5)
core   0: 3 0x80013850 (0x7a3f2a23) mem 0x80015000 0x00000001
core   0: 0x80013854 (0xff9ff06f) j       pc - 0x8
core   0: 3 0x80013854 (0xff9ff06f)
core   0: 0x8001384c (0x00001f17) auipc   t5, 0x1
core   0: 3 0x8001384c (0x00001f17) x30 0x8001484c
core   0: 0x80013850 (0x7a3f2a23) sw      gp, 1972(t5)
core   0: 3 0x80013850 (0x7a3f2a23) mem 0x80015000 0x00000001
core   0: 0x80013854 (0xff9ff06f) j       pc - 0x8
core   0: 3 0x80013854 (0xff9ff06f)
core   0: 0x8001384c (0x00001f17) auipc   t5, 0x1
core   0: 3 0x8001384c (0x00001f17) x30 0x8001484c
core   0: 0x80013850 (0x7a3f2a23) sw      gp, 1972(t5)
core   0: 3 0x80013850 (0x7a3f2a23) mem 0x80015000 0x00000001
core   0: 0x80013854 (0xff9ff06f) j       pc - 0x8
core   0: 3 0x80013854 (0xff9ff06f)
core   0: 0x8001384c (0x00001f17) auipc   t5, 0x1
core   0: 3 0x8001384c (0x00001f17) x30 0x8001484c
core   0: 0x80013850 (0x7a3f2a23) sw      gp, 1972(t5)
core   0: 3 0x80013850 (0x7a3f2a23) mem 0x80015000 0x00000001
core   0: 0x80013854 (0xff9ff06f) j       pc - 0x8
core   0: 3 0x80013854 (0xff9ff06f)
core   0: 0x8001384c (0x00001f17) auipc   t5, 0x1
core   0: 3 0x8001384c (0x00001f17) x30 0x8001484c
core   0: 0x80013850 (0x7a3f2a23) sw      gp, 1972(t5)
core   0: 3 0x80013850 (0x7a3f2a23) mem 0x80015000 0x00000001
core   0: 0x80013854 (0xff9ff06f) j       pc - 0x8
core   0: 3 0x80013854 (0xff9ff06f)
core   0: 0x8001384c (0x00001f17) auipc   t5, 0x1
core   0: 3 0x8001384c (0x00001f17) x30 0x8001484c
core   0: 0x80013850 (0x7a3f2a23) sw      gp, 1972(t5)
core   0: 3 0x80013850 (0x7a3f2a23) mem 0x80015000 0x00000001
core   0: 0x80013854 (0xff9ff06f) j       pc - 0x8
core   0: 3 0x80013854 (0xff9ff06f)
core   0: 0x8001384c (0x00001f17) auipc   t5, 0x1
core   0: 3 0x8001384c (0x00001f17) x30 0x8001484c
core   0: 0x80013850 (0x7a3f2a23) sw      gp, 1972(t5)
core   0: 3 0x80013850 (0x7a3f2a23) mem 0x80015000 0x00000001
core   0: 0x80013854 (0xff9ff06f) j       pc - 0x8
core   0: 3 0x80013854 (0xff9ff06f)
core   0: 0x8001384c (0x00001f17) auipc   t5, 0x1
core   0: 3 0x8001384c (0x00001f17) x30 0x8001484c
core   0: 0x80013850 (0x7a3f2a23) sw      gp, 1972(t5)
core   0: 3 0x80013850 (0x7a3f2a23) mem 0x80015000 0x00000001
core   0: 0x80013854 (0xff9ff06f) j       pc - 0x8
core   0: 3 0x80013854 (0xff9ff06f)
core   0: 0x8001384c (0x00001f17) auipc   t5, 0x1
core   0: 3 0x8001384c (0x00001f17) x30 0x8001484c
core   0: 0x80013850 (0x7a3f2a23) sw      gp, 1972(t5)
core   0: 3 0x80013850 (0x7a3f2a23) mem 0x80015000 0x00000001
core   0: 0x80013854 (0xff9ff06f) j       pc - 0x8
core   0: 3 0x80013854 (0xff9ff06f)
core   0: 0x8001384c (0x00001f17) auipc   t5, 0x1
core   0: 3 0x8001384c (0x00001f17) x30 0x8001484c
core   0: 0x80013850 (0x7a3f2a23) sw      gp, 1972(t5)
core   0: 3 0x80013850 (0x7a3f2a23) mem 0x80015000 0x00000001
core   0: 0x80013854 (0xff9ff06f) j       pc - 0x8
core   0: 3 0x80013854 (0xff9ff06f)
core   0: 0x8001384c (0x00001f17) auipc   t5, 0x1
core   0: 3 0x8001384c (0x00001f17) x30 0x8001484c
core   0: 0x80013850 (0x7a3f2a23) sw      gp, 1972(t5)
core   0: 3 0x80013850 (0x7a3f2a23) mem 0x80015000 0x00000001
core   0: 0x80013854 (0xff9ff06f) j       pc - 0x8
core   0: 3 0x80013854 (0xff9ff06f)
core   0: 0x8001384c (0x00001f17) auipc   t5, 0x1
core   0: 3 0x8001384c (0x00001f17) x30 0x8001484c
core   0: 0x80013850 (0x7a3f2a23) sw      gp, 1972(t5)
core   0: 3 0x80013850 (0x7a3f2a23) mem 0x80015000 0x00000001
core   0: 0x80013854 (0xff9ff06f) j       pc - 0x8
core   0: 3 0x80013854 (0xff9ff06f)
core   0: 0x8001384c (0x00001f17) auipc   t5, 0x1
core   0: 3 0x8001384c (0x00001f17) x30 0x8001484c
core   0: 0x80013850 (0x7a3f2a23) sw      gp, 1972(t5)
core   0: 3 0x80013850 (0x7a3f2a23) mem 0x80015000 0x00000001
core   0: 0x80013854 (0xff9ff06f) j       pc - 0x8
core   0: 3 0x80013854 (0xff9ff06f)
core   0: 0x8001384c (0x00001f17) auipc   t5, 0x1
core   0: 3 0x8001384c (0x00001f17) x30 0x8001484c
core   0: 0x80013850 (0x7a3f2a23) sw      gp, 1972(t5)
core   0: 3 0x80013850 (0x7a3f2a23) mem 0x80015000 0x00000001
core   0: 0x80013854 (0xff9ff06f) j       pc - 0x8
core   0: 3 0x80013854 (0xff9ff06f)
core   0: 0x8001384c (0x00001f17) auipc   t5, 0x1
core   0: 3 0x8001384c (0x00001f17) x30 0x8001484c
core   0: 0x80013850 (0x7a3f2a23) sw      gp, 1972(t5)
core   0: 3 0x80013850 (0x7a3f2a23) mem 0x80015000 0x00000001
core   0: 0x80013854 (0xff9ff06f) j       pc - 0x8
core   0: 3 0x80013854 (0xff9ff06f)
core   0: 0x8001384c (0x00001f17) auipc   t5, 0x1
core   0: 3 0x8001384c (0x00001f17) x30 0x8001484c
core   0: 0x80013850 (0x7a3f2a23) sw      gp, 1972(t5)
core   0: 3 0x80013850 (0x7a3f2a23) mem 0x80015000 0x00000001
core   0: 0x80013854 (0xff9ff06f) j       pc - 0x8
core   0: 3 0x80013854 (0xff9ff06f)
core   0: 0x8001384c (0x00001f17) auipc   t5, 0x1
core   0: 3 0x8001384c (0x00001f17) x30 0x8001484c
core   0: 0x80013850 (0x7a3f2a23) sw      gp, 1972(t5)
core   0: 3 0x80013850 (0x7a3f2a23) mem 0x80015000 0x00000001
core   0: 0x80013854 (0xff9ff06f) j       pc - 0x8
core   0: 3 0x80013854 (0xff9ff06f)
core   0: 0x8001384c (0x00001f17) auipc   t5, 0x1
core   0: 3 0x8001384c (0x00001f17) x30 0x8001484c
core   0: 0x80013850 (0x7a3f2a23) sw      gp, 1972(t5)
core   0: 3 0x80013850 (0x7a3f2a23) mem 0x80015000 0x00000001
core   0: 0x80013854 (0xff9ff06f) j       pc - 0x8
core   0: 3 0x80013854 (0xff9ff06f)
core   0: 0x8001384c (0x00001f17) auipc   t5, 0x1
core   0: 3 0x8001384c (0x00001f17) x30 0x8001484c
core   0: 0x80013850 (0x7a3f2a23) sw      gp, 1972(t5)
core   0: 3 0x80013850 (0x7a3f2a23) mem 0x80015000 0x00000001
core   0: 0x80013854 (0xff9ff06f) j       pc - 0x8
core   0: 3 0x80013854 (0xff9ff06f)
core   0: 0x8001384c (0x00001f17) auipc   t5, 0x1
core   0: 3 0x8001384c (0x00001f17) x30 0x8001484c
core   0: 0x80013850 (0x7a3f2a23) sw      gp, 1972(t5)
core   0: 3 0x80013850 (0x7a3f2a23) mem 0x80015000 0x00000001
core   0: 0x80013854 (0xff9ff06f) j       pc - 0x8
core   0: 3 0x80013854 (0xff9ff06f)
core   0: 0x8001384c (0x00001f17) auipc   t5, 0x1
core   0: 3 0x8001384c (0x00001f17) x30 0x8001484c
core   0: 0x80013850 (0x7a3f2a23) sw      gp, 1972(t5)
core   0: 3 0x80013850 (0x7a3f2a23) mem 0x80015000 0x00000001
core   0: 0x80013854 (0xff9ff06f) j       pc - 0x8
core   0: 3 0x80013854 (0xff9ff06f)
core   0: 0x8001384c (0x00001f17) auipc   t5, 0x1
core   0: 3 0x8001384c (0x00001f17) x30 0x8001484c
core   0: 0x80013850 (0x7a3f2a23) sw      gp, 1972(t5)
core   0: 3 0x80013850 (0x7a3f2a23) mem 0x80015000 0x00000001
core   0: 0x80013854 (0xff9ff06f) j       pc - 0x8
core   0: 3 0x80013854 (0xff9ff06f)
core   0: 0x8001384c (0x00001f17) auipc   t5, 0x1
core   0: 3 0x8001384c (0x00001f17) x30 0x8001484c
core   0: 0x80013850 (0x7a3f2a23) sw      gp, 1972(t5)
core   0: 3 0x80013850 (0x7a3f2a23) mem 0x80015000 0x00000001
core   0: 0x80013854 (0xff9ff06f) j       pc - 0x8
core   0: 3 0x80013854 (0xff9ff06f)
core   0: 0x8001384c (0x00001f17) auipc   t5, 0x1
core   0: 3 0x8001384c (0x00001f17) x30 0x8001484c
core   0: 0x80013850 (0x7a3f2a23) sw      gp, 1972(t5)
core   0: 3 0x80013850 (0x7a3f2a23) mem 0x80015000 0x00000001
core   0: 0x80013854 (0xff9ff06f) j       pc - 0x8
core   0: 3 0x80013854 (0xff9ff06f)
core   0: 0x8001384c (0x00001f17) auipc   t5, 0x1
core   0: 3 0x8001384c (0x00001f17) x30 0x8001484c
core   0: 0x80013850 (0x7a3f2a23) sw      gp, 1972(t5)
core   0: 3 0x80013850 (0x7a3f2a23) mem 0x80015000 0x00000001
core   0: 0x80013854 (0xff9ff06f) j       pc - 0x8
core   0: 3 0x80013854 (0xff9ff06f)
core   0: 0x8001384c (0x00001f17) auipc   t5, 0x1
core   0: 3 0x8001384c (0x00001f17) x30 0x8001484c
core   0: 0x80013850 (0x7a3f2a23) sw      gp, 1972(t5)
core   0: 3 0x80013850 (0x7a3f2a23) mem 0x80015000 0x00000001
core   0: 0x80013854 (0xff9ff06f) j       pc - 0x8
core   0: 3 0x80013854 (0xff9ff06f)
core   0: 0x8001384c (0x00001f17) auipc   t5, 0x1
core   0: 3 0x8001384c (0x00001f17) x30 0x8001484c
core   0: 0x80013850 (0x7a3f2a23) sw      gp, 1972(t5)
core   0: 3 0x80013850 (0x7a3f2a23) mem 0x80015000 0x00000001
core   0: 0x80013854 (0xff9ff06f) j       pc - 0x8
core   0: 3 0x80013854 (0xff9ff06f)
core   0: 0x8001384c (0x00001f17) auipc   t5, 0x1
core   0: 3 0x8001384c (0x00001f17) x30 0x8001484c
core   0: 0x80013850 (0x7a3f2a23) sw      gp, 1972(t5)
core   0: 3 0x80013850 (0x7a3f2a23) mem 0x80015000 0x00000001
core   0: 0x80013854 (0xff9ff06f) j       pc - 0x8
core   0: 3 0x80013854 (0xff9ff06f)
core   0: 0x8001384c (0x00001f17) auipc   t5, 0x1
core   0: 3 0x8001384c (0x00001f17) x30 0x8001484c
core   0: 0x80013850 (0x7a3f2a23) sw      gp, 1972(t5)
core   0: 3 0x80013850 (0x7a3f2a23) mem 0x80015000 0x00000001
core   0: 0x80013854 (0xff9ff06f) j       pc - 0x8
core   0: 3 0x80013854 (0xff9ff06f)
core   0: 0x8001384c (0x00001f17) auipc   t5, 0x1
core   0: 3 0x8001384c (0x00001f17) x30 0x8001484c
core   0: 0x80013850 (0x7a3f2a23) sw      gp, 1972(t5)
core   0: 3 0x80013850 (0x7a3f2a23) mem 0x80015000 0x00000001
core   0: 0x80013854 (0xff9ff06f) j       pc - 0x8
core   0: 3 0x80013854 (0xff9ff06f)
core   0: 0x8001384c (0x00001f17) auipc   t5, 0x1
core   0: 3 0x8001384c (0x00001f17) x30 0x8001484c
core   0: 0x80013850 (0x7a3f2a23) sw      gp, 1972(t5)
core   0: 3 0x80013850 (0x7a3f2a23) mem 0x80015000 0x00000001
core   0: 0x80013854 (0xff9ff06f) j       pc - 0x8
core   0: 3 0x80013854 (0xff9ff06f)
core   0: 0x8001384c (0x00001f17) auipc   t5, 0x1
core   0: 3 0x8001384c (0x00001f17) x30 0x8001484c
core   0: 0x80013850 (0x7a3f2a23) sw      gp, 1972(t5)
core   0: 3 0x80013850 (0x7a3f2a23) mem 0x80015000 0x00000001
core   0: 0x80013854 (0xff9ff06f) j       pc - 0x8
core   0: 3 0x80013854 (0xff9ff06f)
core   0: 0x8001384c (0x00001f17) auipc   t5, 0x1
core   0: 3 0x8001384c (0x00001f17) x30 0x8001484c
core   0: 0x80013850 (0x7a3f2a23) sw      gp, 1972(t5)
core   0: 3 0x80013850 (0x7a3f2a23) mem 0x80015000 0x00000001
core   0: 0x80013854 (0xff9ff06f) j       pc - 0x8
core   0: 3 0x80013854 (0xff9ff06f)
core   0: 0x8001384c (0x00001f17) auipc   t5, 0x1
core   0: 3 0x8001384c (0x00001f17) x30 0x8001484c
core   0: 0x80013850 (0x7a3f2a23) sw      gp, 1972(t5)
core   0: 3 0x80013850 (0x7a3f2a23) mem 0x80015000 0x00000001
core   0: 0x80013854 (0xff9ff06f) j       pc - 0x8
core   0: 3 0x80013854 (0xff9ff06f)
core   0: 0x8001384c (0x00001f17) auipc   t5, 0x1
core   0: 3 0x8001384c (0x00001f17) x30 0x8001484c
core   0: 0x80013850 (0x7a3f2a23) sw      gp, 1972(t5)
core   0: 3 0x80013850 (0x7a3f2a23) mem 0x80015000 0x00000001
core   0: 0x80013854 (0xff9ff06f) j       pc - 0x8
core   0: 3 0x80013854 (0xff9ff06f)
core   0: 0x8001384c (0x00001f17) auipc   t5, 0x1
core   0: 3 0x8001384c (0x00001f17) x30 0x8001484c
core   0: 0x80013850 (0x7a3f2a23) sw      gp, 1972(t5)
core   0: 3 0x80013850 (0x7a3f2a23) mem 0x80015000 0x00000001
core   0: 0x80013854 (0xff9ff06f) j       pc - 0x8
core   0: 3 0x80013854 (0xff9ff06f)
core   0: 0x8001384c (0x00001f17) auipc   t5, 0x1
core   0: 3 0x8001384c (0x00001f17) x30 0x8001484c
core   0: 0x80013850 (0x7a3f2a23) sw      gp, 1972(t5)
core   0: 3 0x80013850 (0x7a3f2a23) mem 0x80015000 0x00000001
core   0: 0x80013854 (0xff9ff06f) j       pc - 0x8
core   0: 3 0x80013854 (0xff9ff06f)
core   0: 0x8001384c (0x00001f17) auipc   t5, 0x1
core   0: 3 0x8001384c (0x00001f17) x30 0x8001484c
core   0: 0x80013850 (0x7a3f2a23) sw      gp, 1972(t5)
core   0: 3 0x80013850 (0x7a3f2a23) mem 0x80015000 0x00000001
core   0: 0x80013854 (0xff9ff06f) j       pc - 0x8
core   0: 3 0x80013854 (0xff9ff06f)
core   0: 0x8001384c (0x00001f17) auipc   t5, 0x1
core   0: 3 0x8001384c (0x00001f17) x30 0x8001484c
core   0: 0x80013850 (0x7a3f2a23) sw      gp, 1972(t5)
core   0: 3 0x80013850 (0x7a3f2a23) mem 0x80015000 0x00000001
core   0: 0x80013854 (0xff9ff06f) j       pc - 0x8
core   0: 3 0x80013854 (0xff9ff06f)
core   0: 0x8001384c (0x00001f17) auipc   t5, 0x1
core   0: 3 0x8001384c (0x00001f17) x30 0x8001484c
core   0: 0x80013850 (0x7a3f2a23) sw      gp, 1972(t5)
core   0: 3 0x80013850 (0x7a3f2a23) mem 0x80015000 0x00000001
core   0: 0x80013854 (0xff9ff06f) j       pc - 0x8
core   0: 3 0x80013854 (0xff9ff06f)
core   0: 0x8001384c (0x00001f17) auipc   t5, 0x1
core   0: 3 0x8001384c (0x00001f17) x30 0x8001484c
core   0: 0x80013850 (0x7a3f2a23) sw      gp, 1972(t5)
core   0: 3 0x80013850 (0x7a3f2a23) mem 0x80015000 0x00000001
core   0: 0x80013854 (0xff9ff06f) j       pc - 0x8
core   0: 3 0x80013854 (0xff9ff06f)
core   0: 0x8001384c (0x00001f17) auipc   t5, 0x1
core   0: 3 0x8001384c (0x00001f17) x30 0x8001484c
core   0: 0x80013850 (0x7a3f2a23) sw      gp, 1972(t5)
core   0: 3 0x80013850 (0x7a3f2a23) mem 0x80015000 0x00000001
core   0: 0x80013854 (0xff9ff06f) j       pc - 0x8
core   0: 3 0x80013854 (0xff9ff06f)
core   0: 0x8001384c (0x00001f17) auipc   t5, 0x1
core   0: 3 0x8001384c (0x00001f17) x30 0x8001484c
core   0: 0x80013850 (0x7a3f2a23) sw      gp, 1972(t5)
core   0: 3 0x80013850 (0x7a3f2a23) mem 0x80015000 0x00000001
core   0: 0x80013854 (0xff9ff06f) j       pc - 0x8
core   0: 3 0x80013854 (0xff9ff06f)
core   0: 0x8001384c (0x00001f17) auipc   t5, 0x1
core   0: 3 0x8001384c (0x00001f17) x30 0x8001484c
core   0: 0x80013850 (0x7a3f2a23) sw      gp, 1972(t5)
core   0: 3 0x80013850 (0x7a3f2a23) mem 0x80015000 0x00000001
core   0: 0x80013854 (0xff9ff06f) j       pc - 0x8
core   0: 3 0x80013854 (0xff9ff06f)
core   0: 0x8001384c (0x00001f17) auipc   t5, 0x1
core   0: 3 0x8001384c (0x00001f17) x30 0x8001484c
core   0: 0x80013850 (0x7a3f2a23) sw      gp, 1972(t5)
core   0: 3 0x80013850 (0x7a3f2a23) mem 0x80015000 0x00000001
core   0: 0x80013854 (0xff9ff06f) j       pc - 0x8
core   0: 3 0x80013854 (0xff9ff06f)
core   0: 0x8001384c (0x00001f17) auipc   t5, 0x1
core   0: 3 0x8001384c (0x00001f17) x30 0x8001484c
core   0: 0x80013850 (0x7a3f2a23) sw      gp, 1972(t5)
core   0: 3 0x80013850 (0x7a3f2a23) mem 0x80015000 0x00000001
core   0: 0x80013854 (0xff9ff06f) j       pc - 0x8
core   0: 3 0x80013854 (0xff9ff06f)
core   0: 0x8001384c (0x00001f17) auipc   t5, 0x1
core   0: 3 0x8001384c (0x00001f17) x30 0x8001484c
core   0: 0x80013850 (0x7a3f2a23) sw      gp, 1972(t5)
core   0: 3 0x80013850 (0x7a3f2a23) mem 0x80015000 0x00000001
core   0: 0x80013854 (0xff9ff06f) j       pc - 0x8
core   0: 3 0x80013854 (0xff9ff06f)
core   0: 0x8001384c (0x00001f17) auipc   t5, 0x1
core   0: 3 0x8001384c (0x00001f17) x30 0x8001484c
core   0: 0x80013850 (0x7a3f2a23) sw      gp, 1972(t5)
core   0: 3 0x80013850 (0x7a3f2a23) mem 0x80015000 0x00000001
core   0: 0x80013854 (0xff9ff06f) j       pc - 0x8
core   0: 3 0x80013854 (0xff9ff06f)
core   0: 0x8001384c (0x00001f17) auipc   t5, 0x1
core   0: 3 0x8001384c (0x00001f17) x30 0x8001484c
core   0: 0x80013850 (0x7a3f2a23) sw      gp, 1972(t5)
core   0: 3 0x80013850 (0x7a3f2a23) mem 0x80015000 0x00000001
core   0: 0x80013854 (0xff9ff06f) j       pc - 0x8
core   0: 3 0x80013854 (0xff9ff06f)
core   0: 0x8001384c (0x00001f17) auipc   t5, 0x1
core   0: 3 0x8001384c (0x00001f17) x30 0x8001484c
core   0: 0x80013850 (0x7a3f2a23) sw      gp, 1972(t5)
core   0: 3 0x80013850 (0x7a3f2a23) mem 0x80015000 0x00000001
core   0: 0x80013854 (0xff9ff06f) j       pc - 0x8
core   0: 3 0x80013854 (0xff9ff06f)
core   0: 0x8001384c (0x00001f17) auipc   t5, 0x1
core   0: 3 0x8001384c (0x00001f17) x30 0x8001484c
core   0: 0x80013850 (0x7a3f2a23) sw      gp, 1972(t5)
core   0: 3 0x80013850 (0x7a3f2a23) mem 0x80015000 0x00000001
core   0: 0x80013854 (0xff9ff06f) j       pc - 0x8
core   0: 3 0x80013854 (0xff9ff06f)
core   0: 0x8001384c (0x00001f17) auipc   t5, 0x1
core   0: 3 0x8001384c (0x00001f17) x30 0x8001484c
core   0: 0x80013850 (0x7a3f2a23) sw      gp, 1972(t5)
core   0: 3 0x80013850 (0x7a3f2a23) mem 0x80015000 0x00000001
core   0: 0x80013854 (0xff9ff06f) j       pc - 0x8
core   0: 3 0x80013854 (0xff9ff06f)
core   0: 0x8001384c (0x00001f17) auipc   t5, 0x1
core   0: 3 0x8001384c (0x00001f17) x30 0x8001484c
core   0: 0x80013850 (0x7a3f2a23) sw      gp, 1972(t5)
core   0: 3 0x80013850 (0x7a3f2a23) mem 0x80015000 0x00000001
core   0: 0x80013854 (0xff9ff06f) j       pc - 0x8
core   0: 3 0x80013854 (0xff9ff06f)
core   0: 0x8001384c (0x00001f17) auipc   t5, 0x1
core   0: 3 0x8001384c (0x00001f17) x30 0x8001484c
core   0: 0x80013850 (0x7a3f2a23) sw      gp, 1972(t5)
core   0: 3 0x80013850 (0x7a3f2a23) mem 0x80015000 0x00000001
core   0: 0x80013854 (0xff9ff06f) j       pc - 0x8
core   0: 3 0x80013854 (0xff9ff06f)
core   0: 0x8001384c (0x00001f17) auipc   t5, 0x1
core   0: 3 0x8001384c (0x00001f17) x30 0x8001484c
core   0: 0x80013850 (0x7a3f2a23) sw      gp, 1972(t5)
core   0: 3 0x80013850 (0x7a3f2a23) mem 0x80015000 0x00000001
core   0: 0x80013854 (0xff9ff06f) j       pc - 0x8
core   0: 3 0x80013854 (0xff9ff06f)
core   0: 0x8001384c (0x00001f17) auipc   t5, 0x1
core   0: 3 0x8001384c (0x00001f17) x30 0x8001484c
core   0: 0x80013850 (0x7a3f2a23) sw      gp, 1972(t5)
core   0: 3 0x80013850 (0x7a3f2a23) mem 0x80015000 0x00000001
core   0: 0x80013854 (0xff9ff06f) j       pc - 0x8
core   0: 3 0x80013854 (0xff9ff06f)
core   0: 0x8001384c (0x00001f17) auipc   t5, 0x1
core   0: 3 0x8001384c (0x00001f17) x30 0x8001484c
core   0: 0x80013850 (0x7a3f2a23) sw      gp, 1972(t5)
core   0: 3 0x80013850 (0x7a3f2a23) mem 0x80015000 0x00000001
core   0: 0x80013854 (0xff9ff06f) j       pc - 0x8
core   0: 3 0x80013854 (0xff9ff06f)
core   0: 0x8001384c (0x00001f17) auipc   t5, 0x1
core   0: 3 0x8001384c (0x00001f17) x30 0x8001484c
core   0: 0x80013850 (0x7a3f2a23) sw      gp, 1972(t5)
core   0: 3 0x80013850 (0x7a3f2a23) mem 0x80015000 0x00000001
core   0: 0x80013854 (0xff9ff06f) j       pc - 0x8
core   0: 3 0x80013854 (0xff9ff06f)
core   0: 0x8001384c (0x00001f17) auipc   t5, 0x1
core   0: 3 0x8001384c (0x00001f17) x30 0x8001484c
core   0: 0x80013850 (0x7a3f2a23) sw      gp, 1972(t5)
core   0: 3 0x80013850 (0x7a3f2a23) mem 0x80015000 0x00000001
core   0: 0x80013854 (0xff9ff06f) j       pc - 0x8
core   0: 3 0x80013854 (0xff9ff06f)
core   0: 0x8001384c (0x00001f17) auipc   t5, 0x1
core   0: 3 0x8001384c (0x00001f17) x30 0x8001484c
core   0: 0x80013850 (0x7a3f2a23) sw      gp, 1972(t5)
core   0: 3 0x80013850 (0x7a3f2a23) mem 0x80015000 0x00000001
core   0: 0x80013854 (0xff9ff06f) j       pc - 0x8
core   0: 3 0x80013854 (0xff9ff06f)
core   0: 0x8001384c (0x00001f17) auipc   t5, 0x1
core   0: 3 0x8001384c (0x00001f17) x30 0x8001484c
core   0: 0x80013850 (0x7a3f2a23) sw      gp, 1972(t5)
core   0: 3 0x80013850 (0x7a3f2a23) mem 0x80015000 0x00000001
core   0: 0x80013854 (0xff9ff06f) j       pc - 0x8
core   0: 3 0x80013854 (0xff9ff06f)
core   0: 0x8001384c (0x00001f17) auipc   t5, 0x1
core   0: 3 0x8001384c (0x00001f17) x30 0x8001484c
core   0: 0x80013850 (0x7a3f2a23) sw      gp, 1972(t5)
core   0: 3 0x80013850 (0x7a3f2a23) mem 0x80015000 0x00000001
core   0: 0x80013854 (0xff9ff06f) j       pc - 0x8
core   0: 3 0x80013854 (0xff9ff06f)
core   0: 0x8001384c (0x00001f17) auipc   t5, 0x1
core   0: 3 0x8001384c (0x00001f17) x30 0x8001484c
core   0: 0x80013850 (0x7a3f2a23) sw      gp, 1972(t5)
core   0: 3 0x80013850 (0x7a3f2a23) mem 0x80015000 0x00000001
core   0: 0x80013854 (0xff9ff06f) j       pc - 0x8
core   0: 3 0x80013854 (0xff9ff06f)
core   0: 0x8001384c (0x00001f17) auipc   t5, 0x1
core   0: 3 0x8001384c (0x00001f17) x30 0x8001484c
core   0: 0x80013850 (0x7a3f2a23) sw      gp, 1972(t5)
core   0: 3 0x80013850 (0x7a3f2a23) mem 0x80015000 0x00000001
core   0: 0x80013854 (0xff9ff06f) j       pc - 0x8
core   0: 3 0x80013854 (0xff9ff06f)
core   0: 0x8001384c (0x00001f17) auipc   t5, 0x1
core   0: 3 0x8001384c (0x00001f17) x30 0x8001484c
core   0: 0x80013850 (0x7a3f2a23) sw      gp, 1972(t5)
core   0: 3 0x80013850 (0x7a3f2a23) mem 0x80015000 0x00000001
core   0: 0x80013854 (0xff9ff06f) j       pc - 0x8
core   0: 3 0x80013854 (0xff9ff06f)
core   0: 0x8001384c (0x00001f17) auipc   t5, 0x1
core   0: 3 0x8001384c (0x00001f17) x30 0x8001484c
core   0: 0x80013850 (0x7a3f2a23) sw      gp, 1972(t5)
core   0: 3 0x80013850 (0x7a3f2a23) mem 0x80015000 0x00000001
core   0: 0x80013854 (0xff9ff06f) j       pc - 0x8
core   0: 3 0x80013854 (0xff9ff06f)
core   0: 0x8001384c (0x00001f17) auipc   t5, 0x1
core   0: 3 0x8001384c (0x00001f17) x30 0x8001484c
core   0: 0x80013850 (0x7a3f2a23) sw      gp, 1972(t5)
core   0: 3 0x80013850 (0x7a3f2a23) mem 0x80015000 0x00000001
core   0: 0x80013854 (0xff9ff06f) j       pc - 0x8
core   0: 3 0x80013854 (0xff9ff06f)
core   0: 0x8001384c (0x00001f17) auipc   t5, 0x1
core   0: 3 0x8001384c (0x00001f17) x30 0x8001484c
core   0: 0x80013850 (0x7a3f2a23) sw      gp, 1972(t5)
core   0: 3 0x80013850 (0x7a3f2a23) mem 0x80015000 0x00000001
core   0: 0x80013854 (0xff9ff06f) j       pc - 0x8
core   0: 3 0x80013854 (0xff9ff06f)
core   0: 0x8001384c (0x00001f17) auipc   t5, 0x1
core   0: 3 0x8001384c (0x00001f17) x30 0x8001484c
core   0: 0x80013850 (0x7a3f2a23) sw      gp, 1972(t5)
core   0: 3 0x80013850 (0x7a3f2a23) mem 0x80015000 0x00000001
core   0: 0x80013854 (0xff9ff06f) j       pc - 0x8
core   0: 3 0x80013854 (0xff9ff06f)
core   0: 0x8001384c (0x00001f17) auipc   t5, 0x1
core   0: 3 0x8001384c (0x00001f17) x30 0x8001484c
core   0: 0x80013850 (0x7a3f2a23) sw      gp, 1972(t5)
core   0: 3 0x80013850 (0x7a3f2a23) mem 0x80015000 0x00000001
core   0: 0x80013854 (0xff9ff06f) j       pc - 0x8
core   0: 3 0x80013854 (0xff9ff06f)
core   0: 0x8001384c (0x00001f17) auipc   t5, 0x1
core   0: 3 0x8001384c (0x00001f17) x30 0x8001484c
core   0: 0x80013850 (0x7a3f2a23) sw      gp, 1972(t5)
core   0: 3 0x80013850 (0x7a3f2a23) mem 0x80015000 0x00000001
core   0: 0x80013854 (0xff9ff06f) j       pc - 0x8
core   0: 3 0x80013854 (0xff9ff06f)
core   0: 0x8001384c (0x00001f17) auipc   t5, 0x1
core   0: 3 0x8001384c (0x00001f17) x30 0x8001484c
core   0: 0x80013850 (0x7a3f2a23) sw      gp, 1972(t5)
core   0: 3 0x80013850 (0x7a3f2a23) mem 0x80015000 0x00000001
core   0: 0x80013854 (0xff9ff06f) j       pc - 0x8
core   0: 3 0x80013854 (0xff9ff06f)
core   0: 0x8001384c (0x00001f17) auipc   t5, 0x1
core   0: 3 0x8001384c (0x00001f17) x30 0x8001484c
core   0: 0x80013850 (0x7a3f2a23) sw      gp, 1972(t5)
core   0: 3 0x80013850 (0x7a3f2a23) mem 0x80015000 0x00000001
core   0: 0x80013854 (0xff9ff06f) j       pc - 0x8
core   0: 3 0x80013854 (0xff9ff06f)
core   0: 0x8001384c (0x00001f17) auipc   t5, 0x1
core   0: 3 0x8001384c (0x00001f17) x30 0x8001484c
core   0: 0x80013850 (0x7a3f2a23) sw      gp, 1972(t5)
core   0: 3 0x80013850 (0x7a3f2a23) mem 0x80015000 0x00000001
core   0: 0x80013854 (0xff9ff06f) j       pc - 0x8
core   0: 3 0x80013854 (0xff9ff06f)
core   0: 0x8001384c (0x00001f17) auipc   t5, 0x1
core   0: 3 0x8001384c (0x00001f17) x30 0x8001484c
core   0: 0x80013850 (0x7a3f2a23) sw      gp, 1972(t5)
core   0: 3 0x80013850 (0x7a3f2a23) mem 0x80015000 0x00000001
core   0: 0x80013854 (0xff9ff06f) j       pc - 0x8
core   0: 3 0x80013854 (0xff9ff06f)
core   0: 0x8001384c (0x00001f17) auipc   t5, 0x1
core   0: 3 0x8001384c (0x00001f17) x30 0x8001484c
core   0: 0x80013850 (0x7a3f2a23) sw      gp, 1972(t5)
core   0: 3 0x80013850 (0x7a3f2a23) mem 0x80015000 0x00000001
core   0: 0x80013854 (0xff9ff06f) j       pc - 0x8
core   0: 3 0x80013854 (0xff9ff06f)
core   0: 0x8001384c (0x00001f17) auipc   t5, 0x1
core   0: 3 0x8001384c (0x00001f17) x30 0x8001484c
core   0: 0x80013850 (0x7a3f2a23) sw      gp, 1972(t5)
core   0: 3 0x80013850 (0x7a3f2a23) mem 0x80015000 0x00000001
core   0: 0x80013854 (0xff9ff06f) j       pc - 0x8
core   0: 3 0x80013854 (0xff9ff06f)
core   0: 0x8001384c (0x00001f17) auipc   t5, 0x1
core   0: 3 0x8001384c (0x00001f17) x30 0x8001484c
core   0: 0x80013850 (0x7a3f2a23) sw      gp, 1972(t5)
core   0: 3 0x80013850 (0x7a3f2a23) mem 0x80015000 0x00000001
core   0: 0x80013854 (0xff9ff06f) j       pc - 0x8
core   0: 3 0x80013854 (0xff9ff06f)
core   0: 0x8001384c (0x00001f17) auipc   t5, 0x1
core   0: 3 0x8001384c (0x00001f17) x30 0x8001484c
core   0: 0x80013850 (0x7a3f2a23) sw      gp, 1972(t5)
core   0: 3 0x80013850 (0x7a3f2a23) mem 0x80015000 0x00000001
core   0: 0x80013854 (0xff9ff06f) j       pc - 0x8
core   0: 3 0x80013854 (0xff9ff06f)
core   0: 0x8001384c (0x00001f17) auipc   t5, 0x1
core   0: 3 0x8001384c (0x00001f17) x30 0x8001484c
core   0: 0x80013850 (0x7a3f2a23) sw      gp, 1972(t5)
core   0: 3 0x80013850 (0x7a3f2a23) mem 0x80015000 0x00000001
core   0: 0x80013854 (0xff9ff06f) j       pc - 0x8
core   0: 3 0x80013854 (0xff9ff06f)
core   0: 0x8001384c (0x00001f17) auipc   t5, 0x1
core   0: 3 0x8001384c (0x00001f17) x30 0x8001484c
core   0: 0x80013850 (0x7a3f2a23) sw      gp, 1972(t5)
core   0: 3 0x80013850 (0x7a3f2a23) mem 0x80015000 0x00000001
core   0: 0x80013854 (0xff9ff06f) j       pc - 0x8
core   0: 3 0x80013854 (0xff9ff06f)
core   0: 0x8001384c (0x00001f17) auipc   t5, 0x1
core   0: 3 0x8001384c (0x00001f17) x30 0x8001484c
core   0: 0x80013850 (0x7a3f2a23) sw      gp, 1972(t5)
core   0: 3 0x80013850 (0x7a3f2a23) mem 0x80015000 0x00000001
core   0: 0x80013854 (0xff9ff06f) j       pc - 0x8
core   0: 3 0x80013854 (0xff9ff06f)
core   0: 0x8001384c (0x00001f17) auipc   t5, 0x1
core   0: 3 0x8001384c (0x00001f17) x30 0x8001484c
core   0: 0x80013850 (0x7a3f2a23) sw      gp, 1972(t5)
core   0: 3 0x80013850 (0x7a3f2a23) mem 0x80015000 0x00000001
core   0: 0x80013854 (0xff9ff06f) j       pc - 0x8
core   0: 3 0x80013854 (0xff9ff06f)
core   0: 0x8001384c (0x00001f17) auipc   t5, 0x1
core   0: 3 0x8001384c (0x00001f17) x30 0x8001484c
core   0: 0x80013850 (0x7a3f2a23) sw      gp, 1972(t5)
core   0: 3 0x80013850 (0x7a3f2a23) mem 0x80015000 0x00000001
core   0: 0x80013854 (0xff9ff06f) j       pc - 0x8
core   0: 3 0x80013854 (0xff9ff06f)
core   0: 0x8001384c (0x00001f17) auipc   t5, 0x1
core   0: 3 0x8001384c (0x00001f17) x30 0x8001484c
core   0: 0x80013850 (0x7a3f2a23) sw      gp, 1972(t5)
core   0: 3 0x80013850 (0x7a3f2a23) mem 0x80015000 0x00000001
core   0: 0x80013854 (0xff9ff06f) j       pc - 0x8
core   0: 3 0x80013854 (0xff9ff06f)
core   0: 0x8001384c (0x00001f17) auipc   t5, 0x1
core   0: 3 0x8001384c (0x00001f17) x30 0x8001484c
core   0: 0x80013850 (0x7a3f2a23) sw      gp, 1972(t5)
core   0: 3 0x80013850 (0x7a3f2a23) mem 0x80015000 0x00000001
core   0: 0x80013854 (0xff9ff06f) j       pc - 0x8
core   0: 3 0x80013854 (0xff9ff06f)
core   0: 0x8001384c (0x00001f17) auipc   t5, 0x1
core   0: 3 0x8001384c (0x00001f17) x30 0x8001484c
core   0: 0x80013850 (0x7a3f2a23) sw      gp, 1972(t5)
core   0: 3 0x80013850 (0x7a3f2a23) mem 0x80015000 0x00000001
core   0: 0x80013854 (0xff9ff06f) j       pc - 0x8
core   0: 3 0x80013854 (0xff9ff06f)
core   0: 0x8001384c (0x00001f17) auipc   t5, 0x1
core   0: 3 0x8001384c (0x00001f17) x30 0x8001484c
core   0: 0x80013850 (0x7a3f2a23) sw      gp, 1972(t5)
core   0: 3 0x80013850 (0x7a3f2a23) mem 0x80015000 0x00000001
core   0: 0x80013854 (0xff9ff06f) j       pc - 0x8
core   0: 3 0x80013854 (0xff9ff06f)
core   0: 0x8001384c (0x00001f17) auipc   t5, 0x1
core   0: 3 0x8001384c (0x00001f17) x30 0x8001484c
core   0: 0x80013850 (0x7a3f2a23) sw      gp, 1972(t5)
core   0: 3 0x80013850 (0x7a3f2a23) mem 0x80015000 0x00000001
core   0: 0x80013854 (0xff9ff06f) j       pc - 0x8
core   0: 3 0x80013854 (0xff9ff06f)
core   0: 0x8001384c (0x00001f17) auipc   t5, 0x1
core   0: 3 0x8001384c (0x00001f17) x30 0x8001484c
core   0: 0x80013850 (0x7a3f2a23) sw      gp, 1972(t5)
core   0: 3 0x80013850 (0x7a3f2a23) mem 0x80015000 0x00000001
core   0: 0x80013854 (0xff9ff06f) j       pc - 0x8
core   0: 3 0x80013854 (0xff9ff06f)
core   0: 0x8001384c (0x00001f17) auipc   t5, 0x1
core   0: 3 0x8001384c (0x00001f17) x30 0x8001484c
core   0: 0x80013850 (0x7a3f2a23) sw      gp, 1972(t5)
core   0: 3 0x80013850 (0x7a3f2a23) mem 0x80015000 0x00000001
core   0: 0x80013854 (0xff9ff06f) j       pc - 0x8
core   0: 3 0x80013854 (0xff9ff06f)
core   0: 0x8001384c (0x00001f17) auipc   t5, 0x1
core   0: 3 0x8001384c (0x00001f17) x30 0x8001484c
core   0: 0x80013850 (0x7a3f2a23) sw      gp, 1972(t5)
core   0: 3 0x80013850 (0x7a3f2a23) mem 0x80015000 0x00000001
core   0: 0x80013854 (0xff9ff06f) j       pc - 0x8
core   0: 3 0x80013854 (0xff9ff06f)
core   0: 0x8001384c (0x00001f17) auipc   t5, 0x1
core   0: 3 0x8001384c (0x00001f17) x30 0x8001484c
core   0: 0x80013850 (0x7a3f2a23) sw      gp, 1972(t5)
core   0: 3 0x80013850 (0x7a3f2a23) mem 0x80015000 0x00000001
core   0: 0x80013854 (0xff9ff06f) j       pc - 0x8
core   0: 3 0x80013854 (0xff9ff06f)
core   0: 0x8001384c (0x00001f17) auipc   t5, 0x1
core   0: 3 0x8001384c (0x00001f17) x30 0x8001484c
core   0: 0x80013850 (0x7a3f2a23) sw      gp, 1972(t5)
core   0: 3 0x80013850 (0x7a3f2a23) mem 0x80015000 0x00000001
core   0: 0x80013854 (0xff9ff06f) j       pc - 0x8
core   0: 3 0x80013854 (0xff9ff06f)
core   0: 0x8001384c (0x00001f17) auipc   t5, 0x1
core   0: 3 0x8001384c (0x00001f17) x30 0x8001484c
core   0: 0x80013850 (0x7a3f2a23) sw      gp, 1972(t5)
core   0: 3 0x80013850 (0x7a3f2a23) mem 0x80015000 0x00000001
core   0: 0x80013854 (0xff9ff06f) j       pc - 0x8
core   0: 3 0x80013854 (0xff9ff06f)
core   0: 0x8001384c (0x00001f17) auipc   t5, 0x1
core   0: 3 0x8001384c (0x00001f17) x30 0x8001484c
core   0: 0x80013850 (0x7a3f2a23) sw      gp, 1972(t5)
core   0: 3 0x80013850 (0x7a3f2a23) mem 0x80015000 0x00000001
core   0: 0x80013854 (0xff9ff06f) j       pc - 0x8
core   0: 3 0x80013854 (0xff9ff06f)
core   0: 0x8001384c (0x00001f17) auipc   t5, 0x1
core   0: 3 0x8001384c (0x00001f17) x30 0x8001484c
core   0: 0x80013850 (0x7a3f2a23) sw      gp, 1972(t5)
core   0: 3 0x80013850 (0x7a3f2a23) mem 0x80015000 0x00000001
core   0: 0x80013854 (0xff9ff06f) j       pc - 0x8
core   0: 3 0x80013854 (0xff9ff06f)
core   0: 0x8001384c (0x00001f17) auipc   t5, 0x1
core   0: 3 0x8001384c (0x00001f17) x30 0x8001484c
core   0: 0x80013850 (0x7a3f2a23) sw      gp, 1972(t5)
core   0: 3 0x80013850 (0x7a3f2a23) mem 0x80015000 0x00000001
core   0: 0x80013854 (0xff9ff06f) j       pc - 0x8
core   0: 3 0x80013854 (0xff9ff06f)
core   0: 0x8001384c (0x00001f17) auipc   t5, 0x1
core   0: 3 0x8001384c (0x00001f17) x30 0x8001484c
core   0: 0x80013850 (0x7a3f2a23) sw      gp, 1972(t5)
core   0: 3 0x80013850 (0x7a3f2a23) mem 0x80015000 0x00000001
core   0: 0x80013854 (0xff9ff06f) j       pc - 0x8
core   0: 3 0x80013854 (0xff9ff06f)
core   0: 0x8001384c (0x00001f17) auipc   t5, 0x1
core   0: 3 0x8001384c (0x00001f17) x30 0x8001484c
core   0: 0x80013850 (0x7a3f2a23) sw      gp, 1972(t5)
core   0: 3 0x80013850 (0x7a3f2a23) mem 0x80015000 0x00000001
core   0: 0x80013854 (0xff9ff06f) j       pc - 0x8
core   0: 3 0x80013854 (0xff9ff06f)
core   0: 0x8001384c (0x00001f17) auipc   t5, 0x1
core   0: 3 0x8001384c (0x00001f17) x30 0x8001484c
core   0: 0x80013850 (0x7a3f2a23) sw      gp, 1972(t5)
core   0: 3 0x80013850 (0x7a3f2a23) mem 0x80015000 0x00000001
core   0: 0x80013854 (0xff9ff06f) j       pc - 0x8
core   0: 3 0x80013854 (0xff9ff06f)
core   0: 0x8001384c (0x00001f17) auipc   t5, 0x1
core   0: 3 0x8001384c (0x00001f17) x30 0x8001484c
core   0: 0x80013850 (0x7a3f2a23) sw      gp, 1972(t5)
core   0: 3 0x80013850 (0x7a3f2a23) mem 0x80015000 0x00000001
core   0: 0x80013854 (0xff9ff06f) j       pc - 0x8
core   0: 3 0x80013854 (0xff9ff06f)
core   0: 0x8001384c (0x00001f17) auipc   t5, 0x1
core   0: 3 0x8001384c (0x00001f17) x30 0x8001484c
core   0: 0x80013850 (0x7a3f2a23) sw      gp, 1972(t5)
core   0: 3 0x80013850 (0x7a3f2a23) mem 0x80015000 0x00000001
core   0: 0x80013854 (0xff9ff06f) j       pc - 0x8
core   0: 3 0x80013854 (0xff9ff06f)
core   0: 0x8001384c (0x00001f17) auipc   t5, 0x1
core   0: 3 0x8001384c (0x00001f17) x30 0x8001484c
core   0: 0x80013850 (0x7a3f2a23) sw      gp, 1972(t5)
core   0: 3 0x80013850 (0x7a3f2a23) mem 0x80015000 0x00000001
core   0: 0x80013854 (0xff9ff06f) j       pc - 0x8
core   0: 3 0x80013854 (0xff9ff06f)
core   0: 0x8001384c (0x00001f17) auipc   t5, 0x1
core   0: 3 0x8001384c (0x00001f17) x30 0x8001484c
core   0: 0x80013850 (0x7a3f2a23) sw      gp, 1972(t5)
core   0: 3 0x80013850 (0x7a3f2a23) mem 0x80015000 0x00000001
core   0: 0x80013854 (0xff9ff06f) j       pc - 0x8
core   0: 3 0x80013854 (0xff9ff06f)
core   0: 0x8001384c (0x00001f17) auipc   t5, 0x1
core   0: 3 0x8001384c (0x00001f17) x30 0x8001484c
core   0: 0x80013850 (0x7a3f2a23) sw      gp, 1972(t5)
core   0: 3 0x80013850 (0x7a3f2a23) mem 0x80015000 0x00000001
core   0: 0x80013854 (0xff9ff06f) j       pc - 0x8
core   0: 3 0x80013854 (0xff9ff06f)
core   0: 0x8001384c (0x00001f17) auipc   t5, 0x1
core   0: 3 0x8001384c (0x00001f17) x30 0x8001484c
core   0: 0x80013850 (0x7a3f2a23) sw      gp, 1972(t5)
core   0: 3 0x80013850 (0x7a3f2a23) mem 0x80015000 0x00000001
core   0: 0x80013854 (0xff9ff06f) j       pc - 0x8
core   0: 3 0x80013854 (0xff9ff06f)
core   0: 0x8001384c (0x00001f17) auipc   t5, 0x1
core   0: 3 0x8001384c (0x00001f17) x30 0x8001484c
core   0: 0x80013850 (0x7a3f2a23) sw      gp, 1972(t5)
core   0: 3 0x80013850 (0x7a3f2a23) mem 0x80015000 0x00000001
core   0: 0x80013854 (0xff9ff06f) j       pc - 0x8
core   0: 3 0x80013854 (0xff9ff06f)
core   0: 0x8001384c (0x00001f17) auipc   t5, 0x1
core   0: 3 0x8001384c (0x00001f17) x30 0x8001484c
core   0: 0x80013850 (0x7a3f2a23) sw      gp, 1972(t5)
core   0: 3 0x80013850 (0x7a3f2a23) mem 0x80015000 0x00000001
core   0: 0x80013854 (0xff9ff06f) j       pc - 0x8
core   0: 3 0x80013854 (0xff9ff06f)
core   0: 0x8001384c (0x00001f17) auipc   t5, 0x1
core   0: 3 0x8001384c (0x00001f17) x30 0x8001484c
core   0: 0x80013850 (0x7a3f2a23) sw      gp, 1972(t5)
core   0: 3 0x80013850 (0x7a3f2a23) mem 0x80015000 0x00000001
core   0: 0x80013854 (0xff9ff06f) j       pc - 0x8
core   0: 3 0x80013854 (0xff9ff06f)
core   0: 0x8001384c (0x00001f17) auipc   t5, 0x1
core   0: 3 0x8001384c (0x00001f17) x30 0x8001484c
core   0: 0x80013850 (0x7a3f2a23) sw      gp, 1972(t5)
core   0: 3 0x80013850 (0x7a3f2a23) mem 0x80015000 0x00000001
core   0: 0x80013854 (0xff9ff06f) j       pc - 0x8
core   0: 3 0x80013854 (0xff9ff06f)
core   0: 0x8001384c (0x00001f17) auipc   t5, 0x1
core   0: 3 0x8001384c (0x00001f17) x30 0x8001484c
core   0: 0x80013850 (0x7a3f2a23) sw      gp, 1972(t5)
core   0: 3 0x80013850 (0x7a3f2a23) mem 0x80015000 0x00000001
core   0: 0x80013854 (0xff9ff06f) j       pc - 0x8
core   0: 3 0x80013854 (0xff9ff06f)
core   0: 0x8001384c (0x00001f17) auipc   t5, 0x1
core   0: 3 0x8001384c (0x00001f17) x30 0x8001484c
core   0: 0x80013850 (0x7a3f2a23) sw      gp, 1972(t5)
core   0: 3 0x80013850 (0x7a3f2a23) mem 0x80015000 0x00000001
core   0: 0x80013854 (0xff9ff06f) j       pc - 0x8
core   0: 3 0x80013854 (0xff9ff06f)
core   0: 0x8001384c (0x00001f17) auipc   t5, 0x1
core   0: 3 0x8001384c (0x00001f17) x30 0x8001484c
core   0: 0x80013850 (0x7a3f2a23) sw      gp, 1972(t5)
core   0: 3 0x80013850 (0x7a3f2a23) mem 0x80015000 0x00000001
core   0: 0x80013854 (0xff9ff06f) j       pc - 0x8
core   0: 3 0x80013854 (0xff9ff06f)
core   0: 0x8001384c (0x00001f17) auipc   t5, 0x1
core   0: 3 0x8001384c (0x00001f17) x30 0x8001484c
core   0: 0x80013850 (0x7a3f2a23) sw      gp, 1972(t5)
core   0: 3 0x80013850 (0x7a3f2a23) mem 0x80015000 0x00000001
core   0: 0x80013854 (0xff9ff06f) j       pc - 0x8
core   0: 3 0x80013854 (0xff9ff06f)
core   0: 0x8001384c (0x00001f17) auipc   t5, 0x1
core   0: 3 0x8001384c (0x00001f17) x30 0x8001484c
core   0: 0x80013850 (0x7a3f2a23) sw      gp, 1972(t5)
core   0: 3 0x80013850 (0x7a3f2a23) mem 0x80015000 0x00000001
core   0: 0x80013854 (0xff9ff06f) j       pc - 0x8
core   0: 3 0x80013854 (0xff9ff06f)
core   0: 0x8001384c (0x00001f17) auipc   t5, 0x1
core   0: 3 0x8001384c (0x00001f17) x30 0x8001484c
core   0: 0x80013850 (0x7a3f2a23) sw      gp, 1972(t5)
core   0: 3 0x80013850 (0x7a3f2a23) mem 0x80015000 0x00000001
core   0: 0x80013854 (0xff9ff06f) j       pc - 0x8
core   0: 3 0x80013854 (0xff9ff06f)
core   0: 0x8001384c (0x00001f17) auipc   t5, 0x1
core   0: 3 0x8001384c (0x00001f17) x30 0x8001484c
core   0: 0x80013850 (0x7a3f2a23) sw      gp, 1972(t5)
core   0: 3 0x80013850 (0x7a3f2a23) mem 0x80015000 0x00000001
core   0: 0x80013854 (0xff9ff06f) j       pc - 0x8
core   0: 3 0x80013854 (0xff9ff06f)
core   0: 0x8001384c (0x00001f17) auipc   t5, 0x1
core   0: 3 0x8001384c (0x00001f17) x30 0x8001484c
core   0: 0x80013850 (0x7a3f2a23) sw      gp, 1972(t5)
core   0: 3 0x80013850 (0x7a3f2a23) mem 0x80015000 0x00000001
core   0: 0x80013854 (0xff9ff06f) j       pc - 0x8
core   0: 3 0x80013854 (0xff9ff06f)
core   0: 0x8001384c (0x00001f17) auipc   t5, 0x1
core   0: 3 0x8001384c (0x00001f17) x30 0x8001484c
core   0: 0x80013850 (0x7a3f2a23) sw      gp, 1972(t5)
core   0: 3 0x80013850 (0x7a3f2a23) mem 0x80015000 0x00000001
core   0: 0x80013854 (0xff9ff06f) j       pc - 0x8
core   0: 3 0x80013854 (0xff9ff06f)
core   0: 0x8001384c (0x00001f17) auipc   t5, 0x1
core   0: 3 0x8001384c (0x00001f17) x30 0x8001484c
core   0: 0x80013850 (0x7a3f2a23) sw      gp, 1972(t5)
core   0: 3 0x80013850 (0x7a3f2a23) mem 0x80015000 0x00000001
core   0: 0x80013854 (0xff9ff06f) j       pc - 0x8
core   0: 3 0x80013854 (0xff9ff06f)
core   0: 0x8001384c (0x00001f17) auipc   t5, 0x1
core   0: 3 0x8001384c (0x00001f17) x30 0x8001484c
core   0: 0x80013850 (0x7a3f2a23) sw      gp, 1972(t5)
core   0: 3 0x80013850 (0x7a3f2a23) mem 0x80015000 0x00000001
core   0: 0x80013854 (0xff9ff06f) j       pc - 0x8
core   0: 3 0x80013854 (0xff9ff06f)
core   0: 0x8001384c (0x00001f17) auipc   t5, 0x1
core   0: 3 0x8001384c (0x00001f17) x30 0x8001484c
core   0: 0x80013850 (0x7a3f2a23) sw      gp, 1972(t5)
core   0: 3 0x80013850 (0x7a3f2a23) mem 0x80015000 0x00000001
core   0: 0x80013854 (0xff9ff06f) j       pc - 0x8
core   0: 3 0x80013854 (0xff9ff06f)
core   0: 0x8001384c (0x00001f17) auipc   t5, 0x1
core   0: 3 0x8001384c (0x00001f17) x30 0x8001484c
core   0: 0x80013850 (0x7a3f2a23) sw      gp, 1972(t5)
core   0: 3 0x80013850 (0x7a3f2a23) mem 0x80015000 0x00000001
core   0: 0x80013854 (0xff9ff06f) j       pc - 0x8
core   0: 3 0x80013854 (0xff9ff06f)
core   0: 0x8001384c (0x00001f17) auipc   t5, 0x1
core   0: 3 0x8001384c (0x00001f17) x30 0x8001484c
core   0: 0x80013850 (0x7a3f2a23) sw      gp, 1972(t5)
core   0: 3 0x80013850 (0x7a3f2a23) mem 0x80015000 0x00000001
core   0: 0x80013854 (0xff9ff06f) j       pc - 0x8
core   0: 3 0x80013854 (0xff9ff06f)
core   0: 0x8001384c (0x00001f17) auipc   t5, 0x1
core   0: 3 0x8001384c (0x00001f17) x30 0x8001484c
core   0: 0x80013850 (0x7a3f2a23) sw      gp, 1972(t5)
core   0: 3 0x80013850 (0x7a3f2a23) mem 0x80015000 0x00000001
core   0: 0x80013854 (0xff9ff06f) j       pc - 0x8
core   0: 3 0x80013854 (0xff9ff06f)
core   0: 0x8001384c (0x00001f17) auipc   t5, 0x1
core   0: 3 0x8001384c (0x00001f17) x30 0x8001484c
core   0: 0x80013850 (0x7a3f2a23) sw      gp, 1972(t5)
core   0: 3 0x80013850 (0x7a3f2a23) mem 0x80015000 0x00000001
core   0: 0x80013854 (0xff9ff06f) j       pc - 0x8
core   0: 3 0x80013854 (0xff9ff06f)
core   0: 0x8001384c (0x00001f17) auipc   t5, 0x1
core   0: 3 0x8001384c (0x00001f17) x30 0x8001484c
core   0: 0x80013850 (0x7a3f2a23) sw      gp, 1972(t5)
core   0: 3 0x80013850 (0x7a3f2a23) mem 0x80015000 0x00000001
core   0: 0x80013854 (0xff9ff06f) j       pc - 0x8
core   0: 3 0x80013854 (0xff9ff06f)
core   0: 0x8001384c (0x00001f17) auipc   t5, 0x1
core   0: 3 0x8001384c (0x00001f17) x30 0x8001484c
core   0: 0x80013850 (0x7a3f2a23) sw      gp, 1972(t5)
core   0: 3 0x80013850 (0x7a3f2a23) mem 0x80015000 0x00000001
core   0: 0x80013854 (0xff9ff06f) j       pc - 0x8
core   0: 3 0x80013854 (0xff9ff06f)
core   0: 0x8001384c (0x00001f17) auipc   t5, 0x1
core   0: 3 0x8001384c (0x00001f17) x30 0x8001484c
core   0: 0x80013850 (0x7a3f2a23) sw      gp, 1972(t5)
core   0: 3 0x80013850 (0x7a3f2a23) mem 0x80015000 0x00000001
core   0: 0x80013854 (0xff9ff06f) j       pc - 0x8
core   0: 3 0x80013854 (0xff9ff06f)
core   0: 0x8001384c (0x00001f17) auipc   t5, 0x1
core   0: 3 0x8001384c (0x00001f17) x30 0x8001484c
core   0: 0x80013850 (0x7a3f2a23) sw      gp, 1972(t5)
core   0: 3 0x80013850 (0x7a3f2a23) mem 0x80015000 0x00000001
core   0: 0x80013854 (0xff9ff06f) j       pc - 0x8
core   0: 3 0x80013854 (0xff9ff06f)
core   0: 0x8001384c (0x00001f17) auipc   t5, 0x1
core   0: 3 0x8001384c (0x00001f17) x30 0x8001484c
core   0: 0x80013850 (0x7a3f2a23) sw      gp, 1972(t5)
core   0: 3 0x80013850 (0x7a3f2a23) mem 0x80015000 0x00000001
core   0: 0x80013854 (0xff9ff06f) j       pc - 0x8
core   0: 3 0x80013854 (0xff9ff06f)
core   0: 0x8001384c (0x00001f17) auipc   t5, 0x1
core   0: 3 0x8001384c (0x00001f17) x30 0x8001484c
core   0: 0x80013850 (0x7a3f2a23) sw      gp, 1972(t5)
core   0: 3 0x80013850 (0x7a3f2a23) mem 0x80015000 0x00000001
core   0: 0x80013854 (0xff9ff06f) j       pc - 0x8
core   0: 3 0x80013854 (0xff9ff06f)
core   0: 0x8001384c (0x00001f17) auipc   t5, 0x1
core   0: 3 0x8001384c (0x00001f17) x30 0x8001484c
core   0: 0x80013850 (0x7a3f2a23) sw      gp, 1972(t5)
core   0: 3 0x80013850 (0x7a3f2a23) mem 0x80015000 0x00000001
core   0: 0x80013854 (0xff9ff06f) j       pc - 0x8
core   0: 3 0x80013854 (0xff9ff06f)
core   0: 0x8001384c (0x00001f17) auipc   t5, 0x1
core   0: 3 0x8001384c (0x00001f17) x30 0x8001484c
core   0: 0x80013850 (0x7a3f2a23) sw      gp, 1972(t5)
core   0: 3 0x80013850 (0x7a3f2a23) mem 0x80015000 0x00000001
core   0: 0x80013854 (0xff9ff06f) j       pc - 0x8
core   0: 3 0x80013854 (0xff9ff06f)
core   0: 0x8001384c (0x00001f17) auipc   t5, 0x1
core   0: 3 0x8001384c (0x00001f17) x30 0x8001484c
core   0: 0x80013850 (0x7a3f2a23) sw      gp, 1972(t5)
core   0: 3 0x80013850 (0x7a3f2a23) mem 0x80015000 0x00000001
core   0: 0x80013854 (0xff9ff06f) j       pc - 0x8
core   0: 3 0x80013854 (0xff9ff06f)
core   0: 0x8001384c (0x00001f17) auipc   t5, 0x1
core   0: 3 0x8001384c (0x00001f17) x30 0x8001484c
core   0: 0x80013850 (0x7a3f2a23) sw      gp, 1972(t5)
core   0: 3 0x80013850 (0x7a3f2a23) mem 0x80015000 0x00000001
core   0: 0x80013854 (0xff9ff06f) j       pc - 0x8
core   0: 3 0x80013854 (0xff9ff06f)
core   0: 0x8001384c (0x00001f17) auipc   t5, 0x1
core   0: 3 0x8001384c (0x00001f17) x30 0x8001484c
core   0: 0x80013850 (0x7a3f2a23) sw      gp, 1972(t5)
core   0: 3 0x80013850 (0x7a3f2a23) mem 0x80015000 0x00000001
core   0: 0x80013854 (0xff9ff06f) j       pc - 0x8
core   0: 3 0x80013854 (0xff9ff06f)
core   0: 0x8001384c (0x00001f17) auipc   t5, 0x1
core   0: 3 0x8001384c (0x00001f17) x30 0x8001484c
core   0: 0x80013850 (0x7a3f2a23) sw      gp, 1972(t5)
core   0: 3 0x80013850 (0x7a3f2a23) mem 0x80015000 0x00000001
core   0: 0x80013854 (0xff9ff06f) j       pc - 0x8
core   0: 3 0x80013854 (0xff9ff06f)
core   0: 0x8001384c (0x00001f17) auipc   t5, 0x1
core   0: 3 0x8001384c (0x00001f17) x30 0x8001484c
core   0: 0x80013850 (0x7a3f2a23) sw      gp, 1972(t5)
core   0: 3 0x80013850 (0x7a3f2a23) mem 0x80015000 0x00000001
core   0: 0x80013854 (0xff9ff06f) j       pc - 0x8
core   0: 3 0x80013854 (0xff9ff06f)
core   0: 0x8001384c (0x00001f17) auipc   t5, 0x1
core   0: 3 0x8001384c (0x00001f17) x30 0x8001484c
core   0: 0x80013850 (0x7a3f2a23) sw      gp, 1972(t5)
core   0: 3 0x80013850 (0x7a3f2a23) mem 0x80015000 0x00000001
core   0: 0x80013854 (0xff9ff06f) j       pc - 0x8
core   0: 3 0x80013854 (0xff9ff06f)
core   0: 0x8001384c (0x00001f17) auipc   t5, 0x1
core   0: 3 0x8001384c (0x00001f17) x30 0x8001484c
core   0: 0x80013850 (0x7a3f2a23) sw      gp, 1972(t5)
core   0: 3 0x80013850 (0x7a3f2a23) mem 0x80015000 0x00000001
core   0: 0x80013854 (0xff9ff06f) j       pc - 0x8
core   0: 3 0x80013854 (0xff9ff06f)
core   0: 0x8001384c (0x00001f17) auipc   t5, 0x1
core   0: 3 0x8001384c (0x00001f17) x30 0x8001484c
core   0: 0x80013850 (0x7a3f2a23) sw      gp, 1972(t5)
core   0: 3 0x80013850 (0x7a3f2a23) mem 0x80015000 0x00000001
core   0: 0x80013854 (0xff9ff06f) j       pc - 0x8
core   0: 3 0x80013854 (0xff9ff06f)
core   0: 0x8001384c (0x00001f17) auipc   t5, 0x1
core   0: 3 0x8001384c (0x00001f17) x30 0x8001484c
core   0: 0x80013850 (0x7a3f2a23) sw      gp, 1972(t5)
core   0: 3 0x80013850 (0x7a3f2a23) mem 0x80015000 0x00000001
core   0: 0x80013854 (0xff9ff06f) j       pc - 0x8
core   0: 3 0x80013854 (0xff9ff06f)
core   0: 0x8001384c (0x00001f17) auipc   t5, 0x1
core   0: 3 0x8001384c (0x00001f17) x30 0x8001484c
core   0: 0x80013850 (0x7a3f2a23) sw      gp, 1972(t5)
core   0: 3 0x80013850 (0x7a3f2a23) mem 0x80015000 0x00000001
core   0: 0x80013854 (0xff9ff06f) j       pc - 0x8
core   0: 3 0x80013854 (0xff9ff06f)
core   0: 0x8001384c (0x00001f17) auipc   t5, 0x1
core   0: 3 0x8001384c (0x00001f17) x30 0x8001484c
core   0: 0x80013850 (0x7a3f2a23) sw      gp, 1972(t5)
core   0: 3 0x80013850 (0x7a3f2a23) mem 0x80015000 0x00000001
core   0: 0x80013854 (0xff9ff06f) j       pc - 0x8
core   0: 3 0x80013854 (0xff9ff06f)
core   0: 0x8001384c (0x00001f17) auipc   t5, 0x1
core   0: 3 0x8001384c (0x00001f17) x30 0x8001484c
core   0: 0x80013850 (0x7a3f2a23) sw      gp, 1972(t5)
core   0: 3 0x80013850 (0x7a3f2a23) mem 0x80015000 0x00000001
core   0: 0x80013854 (0xff9ff06f) j       pc - 0x8
core   0: 3 0x80013854 (0xff9ff06f)
core   0: 0x8001384c (0x00001f17) auipc   t5, 0x1
core   0: 3 0x8001384c (0x00001f17) x30 0x8001484c
core   0: 0x80013850 (0x7a3f2a23) sw      gp, 1972(t5)
core   0: 3 0x80013850 (0x7a3f2a23) mem 0x80015000 0x00000001
core   0: 0x80013854 (0xff9ff06f) j       pc - 0x8
core   0: 3 0x80013854 (0xff9ff06f)
core   0: 0x8001384c (0x00001f17) auipc   t5, 0x1
core   0: 3 0x8001384c (0x00001f17) x30 0x8001484c
core   0: 0x80013850 (0x7a3f2a23) sw      gp, 1972(t5)
core   0: 3 0x80013850 (0x7a3f2a23) mem 0x80015000 0x00000001
core   0: 0x80013854 (0xff9ff06f) j       pc - 0x8
core   0: 3 0x80013854 (0xff9ff06f)
core   0: 0x8001384c (0x00001f17) auipc   t5, 0x1
core   0: 3 0x8001384c (0x00001f17) x30 0x8001484c
core   0: 0x80013850 (0x7a3f2a23) sw      gp, 1972(t5)
core   0: 3 0x80013850 (0x7a3f2a23) mem 0x80015000 0x00000001
core   0: 0x80013854 (0xff9ff06f) j       pc - 0x8
core   0: 3 0x80013854 (0xff9ff06f)
core   0: 0x8001384c (0x00001f17) auipc   t5, 0x1
core   0: 3 0x8001384c (0x00001f17) x30 0x8001484c
core   0: 0x80013850 (0x7a3f2a23) sw      gp, 1972(t5)
core   0: 3 0x80013850 (0x7a3f2a23) mem 0x80015000 0x00000001
core   0: 0x80013854 (0xff9ff06f) j       pc - 0x8
core   0: 3 0x80013854 (0xff9ff06f)
core   0: 0x8001384c (0x00001f17) auipc   t5, 0x1
core   0: 3 0x8001384c (0x00001f17) x30 0x8001484c
core   0: 0x80013850 (0x7a3f2a23) sw      gp, 1972(t5)
core   0: 3 0x80013850 (0x7a3f2a23) mem 0x80015000 0x00000001
core   0: 0x80013854 (0xff9ff06f) j       pc - 0x8
core   0: 3 0x80013854 (0xff9ff06f)
core   0: 0x8001384c (0x00001f17) auipc   t5, 0x1
core   0: 3 0x8001384c (0x00001f17) x30 0x8001484c
core   0: 0x80013850 (0x7a3f2a23) sw      gp, 1972(t5)
core   0: 3 0x80013850 (0x7a3f2a23) mem 0x80015000 0x00000001
core   0: 0x80013854 (0xff9ff06f) j       pc - 0x8
core   0: 3 0x80013854 (0xff9ff06f)
core   0: 0x8001384c (0x00001f17) auipc   t5, 0x1
core   0: 3 0x8001384c (0x00001f17) x30 0x8001484c
core   0: 0x80013850 (0x7a3f2a23) sw      gp, 1972(t5)
core   0: 3 0x80013850 (0x7a3f2a23) mem 0x80015000 0x00000001
core   0: 0x80013854 (0xff9ff06f) j       pc - 0x8
core   0: 3 0x80013854 (0xff9ff06f)
core   0: 0x8001384c (0x00001f17) auipc   t5, 0x1
core   0: 3 0x8001384c (0x00001f17) x30 0x8001484c
core   0: 0x80013850 (0x7a3f2a23) sw      gp, 1972(t5)
core   0: 3 0x80013850 (0x7a3f2a23) mem 0x80015000 0x00000001
core   0: 0x80013854 (0xff9ff06f) j       pc - 0x8
core   0: 3 0x80013854 (0xff9ff06f)
core   0: 0x8001384c (0x00001f17) auipc   t5, 0x1
core   0: 3 0x8001384c (0x00001f17) x30 0x8001484c
core   0: 0x80013850 (0x7a3f2a23) sw      gp, 1972(t5)
core   0: 3 0x80013850 (0x7a3f2a23) mem 0x80015000 0x00000001
core   0: 0x80013854 (0xff9ff06f) j       pc - 0x8
core   0: 3 0x80013854 (0xff9ff06f)
core   0: 0x8001384c (0x00001f17) auipc   t5, 0x1
core   0: 3 0x8001384c (0x00001f17) x30 0x8001484c
core   0: 0x80013850 (0x7a3f2a23) sw      gp, 1972(t5)
core   0: 3 0x80013850 (0x7a3f2a23) mem 0x80015000 0x00000001
core   0: 0x80013854 (0xff9ff06f) j       pc - 0x8
core   0: 3 0x80013854 (0xff9ff06f)
core   0: 0x8001384c (0x00001f17) auipc   t5, 0x1
core   0: 3 0x8001384c (0x00001f17) x30 0x8001484c
core   0: 0x80013850 (0x7a3f2a23) sw      gp, 1972(t5)
core   0: 3 0x80013850 (0x7a3f2a23) mem 0x80015000 0x00000001
core   0: 0x80013854 (0xff9ff06f) j       pc - 0x8
core   0: 3 0x80013854 (0xff9ff06f)
core   0: 0x8001384c (0x00001f17) auipc   t5, 0x1
core   0: 3 0x8001384c (0x00001f17) x30 0x8001484c
core   0: 0x80013850 (0x7a3f2a23) sw      gp, 1972(t5)
core   0: 3 0x80013850 (0x7a3f2a23) mem 0x80015000 0x00000001
core   0: 0x80013854 (0xff9ff06f) j       pc - 0x8
core   0: 3 0x80013854 (0xff9ff06f)
core   0: 0x8001384c (0x00001f17) auipc   t5, 0x1
core   0: 3 0x8001384c (0x00001f17) x30 0x8001484c
core   0: 0x80013850 (0x7a3f2a23) sw      gp, 1972(t5)
core   0: 3 0x80013850 (0x7a3f2a23) mem 0x80015000 0x00000001
core   0: 0x80013854 (0xff9ff06f) j       pc - 0x8
core   0: 3 0x80013854 (0xff9ff06f)
core   0: 0x8001384c (0x00001f17) auipc   t5, 0x1
core   0: 3 0x8001384c (0x00001f17) x30 0x8001484c
core   0: 0x80013850 (0x7a3f2a23) sw      gp, 1972(t5)
core   0: 3 0x80013850 (0x7a3f2a23) mem 0x80015000 0x00000001
core   0: 0x80013854 (0xff9ff06f) j       pc - 0x8
core   0: 3 0x80013854 (0xff9ff06f)
core   0: 0x8001384c (0x00001f17) auipc   t5, 0x1
core   0: 3 0x8001384c (0x00001f17) x30 0x8001484c
core   0: 0x80013850 (0x7a3f2a23) sw      gp, 1972(t5)
core   0: 3 0x80013850 (0x7a3f2a23) mem 0x80015000 0x00000001
core   0: 0x80013854 (0xff9ff06f) j       pc - 0x8
core   0: 3 0x80013854 (0xff9ff06f)
core   0: 0x8001384c (0x00001f17) auipc   t5, 0x1
core   0: 3 0x8001384c (0x00001f17) x30 0x8001484c
core   0: 0x80013850 (0x7a3f2a23) sw      gp, 1972(t5)
core   0: 3 0x80013850 (0x7a3f2a23) mem 0x80015000 0x00000001
core   0: 0x80013854 (0xff9ff06f) j       pc - 0x8
core   0: 3 0x80013854 (0xff9ff06f)
core   0: 0x8001384c (0x00001f17) auipc   t5, 0x1
core   0: 3 0x8001384c (0x00001f17) x30 0x8001484c
core   0: 0x80013850 (0x7a3f2a23) sw      gp, 1972(t5)
core   0: 3 0x80013850 (0x7a3f2a23) mem 0x80015000 0x00000001
core   0: 0x80013854 (0xff9ff06f) j       pc - 0x8
core   0: 3 0x80013854 (0xff9ff06f)
core   0: 0x8001384c (0x00001f17) auipc   t5, 0x1
core   0: 3 0x8001384c (0x00001f17) x30 0x8001484c
core   0: 0x80013850 (0x7a3f2a23) sw      gp, 1972(t5)
core   0: 3 0x80013850 (0x7a3f2a23) mem 0x80015000 0x00000001
core   0: 0x80013854 (0xff9ff06f) j       pc - 0x8
core   0: 3 0x80013854 (0xff9ff06f)
core   0: 0x8001384c (0x00001f17) auipc   t5, 0x1
core   0: 3 0x8001384c (0x00001f17) x30 0x8001484c
core   0: 0x80013850 (0x7a3f2a23) sw      gp, 1972(t5)
core   0: 3 0x80013850 (0x7a3f2a23) mem 0x80015000 0x00000001
core   0: 0x80013854 (0xff9ff06f) j       pc - 0x8
core   0: 3 0x80013854 (0xff9ff06f)
core   0: 0x8001384c (0x00001f17) auipc   t5, 0x1
core   0: 3 0x8001384c (0x00001f17) x30 0x8001484c
core   0: 0x80013850 (0x7a3f2a23) sw      gp, 1972(t5)
core   0: 3 0x80013850 (0x7a3f2a23) mem 0x80015000 0x00000001
core   0: 0x80013854 (0xff9ff06f) j       pc - 0x8
core   0: 3 0x80013854 (0xff9ff06f)
core   0: 0x8001384c (0x00001f17) auipc   t5, 0x1
core   0: 3 0x8001384c (0x00001f17) x30 0x8001484c
core   0: 0x80013850 (0x7a3f2a23) sw      gp, 1972(t5)
core   0: 3 0x80013850 (0x7a3f2a23) mem 0x80015000 0x00000001
core   0: 0x80013854 (0xff9ff06f) j       pc - 0x8
core   0: 3 0x80013854 (0xff9ff06f)
core   0: 0x8001384c (0x00001f17) auipc   t5, 0x1
core   0: 3 0x8001384c (0x00001f17) x30 0x8001484c
core   0: 0x80013850 (0x7a3f2a23) sw      gp, 1972(t5)
core   0: 3 0x80013850 (0x7a3f2a23) mem 0x80015000 0x00000001
core   0: 0x80013854 (0xff9ff06f) j       pc - 0x8
core   0: 3 0x80013854 (0xff9ff06f)
core   0: 0x8001384c (0x00001f17) auipc   t5, 0x1
core   0: 3 0x8001384c (0x00001f17) x30 0x8001484c
core   0: 0x80013850 (0x7a3f2a23) sw      gp, 1972(t5)
core   0: 3 0x80013850 (0x7a3f2a23) mem 0x80015000 0x00000001
core   0: 0x80013854 (0xff9ff06f) j       pc - 0x8
core   0: 3 0x80013854 (0xff9ff06f)
core   0: 0x8001384c (0x00001f17) auipc   t5, 0x1
core   0: 3 0x8001384c (0x00001f17) x30 0x8001484c
core   0: 0x80013850 (0x7a3f2a23) sw      gp, 1972(t5)
core   0: 3 0x80013850 (0x7a3f2a23) mem 0x80015000 0x00000001
core   0: 0x80013854 (0xff9ff06f) j       pc - 0x8
core   0: 3 0x80013854 (0xff9ff06f)
core   0: 0x8001384c (0x00001f17) auipc   t5, 0x1
core   0: 3 0x8001384c (0x00001f17) x30 0x8001484c
core   0: 0x80013850 (0x7a3f2a23) sw      gp, 1972(t5)
core   0: 3 0x80013850 (0x7a3f2a23) mem 0x80015000 0x00000001
core   0: 0x80013854 (0xff9ff06f) j       pc - 0x8
core   0: 3 0x80013854 (0xff9ff06f)
core   0: 0x8001384c (0x00001f17) auipc   t5, 0x1
core   0: 3 0x8001384c (0x00001f17) x30 0x8001484c
core   0: 0x80013850 (0x7a3f2a23) sw      gp, 1972(t5)
core   0: 3 0x80013850 (0x7a3f2a23) mem 0x80015000 0x00000001
core   0: 0x80013854 (0xff9ff06f) j       pc - 0x8
core   0: 3 0x80013854 (0xff9ff06f)
core   0: 0x8001384c (0x00001f17) auipc   t5, 0x1
core   0: 3 0x8001384c (0x00001f17) x30 0x8001484c
core   0: 0x80013850 (0x7a3f2a23) sw      gp, 1972(t5)
core   0: 3 0x80013850 (0x7a3f2a23) mem 0x80015000 0x00000001
core   0: 0x80013854 (0xff9ff06f) j       pc - 0x8
core   0: 3 0x80013854 (0xff9ff06f)
core   0: 0x8001384c (0x00001f17) auipc   t5, 0x1
core   0: 3 0x8001384c (0x00001f17) x30 0x8001484c
core   0: 0x80013850 (0x7a3f2a23) sw      gp, 1972(t5)
core   0: 3 0x80013850 (0x7a3f2a23) mem 0x80015000 0x00000001
core   0: 0x80013854 (0xff9ff06f) j       pc - 0x8
core   0: 3 0x80013854 (0xff9ff06f)
core   0: 0x8001384c (0x00001f17) auipc   t5, 0x1
core   0: 3 0x8001384c (0x00001f17) x30 0x8001484c
core   0: 0x80013850 (0x7a3f2a23) sw      gp, 1972(t5)
core   0: 3 0x80013850 (0x7a3f2a23) mem 0x80015000 0x00000001
core   0: 0x80013854 (0xff9ff06f) j       pc - 0x8
core   0: 3 0x80013854 (0xff9ff06f)
core   0: 0x8001384c (0x00001f17) auipc   t5, 0x1
core   0: 3 0x8001384c (0x00001f17) x30 0x8001484c
core   0: 0x80013850 (0x7a3f2a23) sw      gp, 1972(t5)
core   0: 3 0x80013850 (0x7a3f2a23) mem 0x80015000 0x00000001
core   0: 0x80013854 (0xff9ff06f) j       pc - 0x8
core   0: 3 0x80013854 (0xff9ff06f)
core   0: 0x8001384c (0x00001f17) auipc   t5, 0x1
core   0: 3 0x8001384c (0x00001f17) x30 0x8001484c
core   0: 0x80013850 (0x7a3f2a23) sw      gp, 1972(t5)
core   0: 3 0x80013850 (0x7a3f2a23) mem 0x80015000 0x00000001
core   0: 0x80013854 (0xff9ff06f) j       pc - 0x8
core   0: 3 0x80013854 (0xff9ff06f)
core   0: 0x8001384c (0x00001f17) auipc   t5, 0x1
core   0: 3 0x8001384c (0x00001f17) x30 0x8001484c
core   0: 0x80013850 (0x7a3f2a23) sw      gp, 1972(t5)
core   0: 3 0x80013850 (0x7a3f2a23) mem 0x80015000 0x00000001
core   0: 0x80013854 (0xff9ff06f) j       pc - 0x8
core   0: 3 0x80013854 (0xff9ff06f)
core   0: 0x8001384c (0x00001f17) auipc   t5, 0x1
core   0: 3 0x8001384c (0x00001f17) x30 0x8001484c
core   0: 0x80013850 (0x7a3f2a23) sw      gp, 1972(t5)
core   0: 3 0x80013850 (0x7a3f2a23) mem 0x80015000 0x00000001
core   0: 0x80013854 (0xff9ff06f) j       pc - 0x8
core   0: 3 0x80013854 (0xff9ff06f)
core   0: 0x8001384c (0x00001f17) auipc   t5, 0x1
core   0: 3 0x8001384c (0x00001f17) x30 0x8001484c
core   0: 0x80013850 (0x7a3f2a23) sw      gp, 1972(t5)
core   0: 3 0x80013850 (0x7a3f2a23) mem 0x80015000 0x00000001
core   0: 0x80013854 (0xff9ff06f) j       pc - 0x8
core   0: 3 0x80013854 (0xff9ff06f)
core   0: 0x8001384c (0x00001f17) auipc   t5, 0x1
core   0: 3 0x8001384c (0x00001f17) x30 0x8001484c
core   0: 0x80013850 (0x7a3f2a23) sw      gp, 1972(t5)
core   0: 3 0x80013850 (0x7a3f2a23) mem 0x80015000 0x00000001
core   0: 0x80013854 (0xff9ff06f) j       pc - 0x8
core   0: 3 0x80013854 (0xff9ff06f)
core   0: 0x8001384c (0x00001f17) auipc   t5, 0x1
core   0: 3 0x8001384c (0x00001f17) x30 0x8001484c
core   0: 0x80013850 (0x7a3f2a23) sw      gp, 1972(t5)
core   0: 3 0x80013850 (0x7a3f2a23) mem 0x80015000 0x00000001
core   0: 0x80013854 (0xff9ff06f) j       pc - 0x8
core   0: 3 0x80013854 (0xff9ff06f)
core   0: 0x8001384c (0x00001f17) auipc   t5, 0x1
core   0: 3 0x8001384c (0x00001f17) x30 0x8001484c
core   0: 0x80013850 (0x7a3f2a23) sw      gp, 1972(t5)
core   0: 3 0x80013850 (0x7a3f2a23) mem 0x80015000 0x00000001
core   0: 0x80013854 (0xff9ff06f) j       pc - 0x8
core   0: 3 0x80013854 (0xff9ff06f)
core   0: 0x8001384c (0x00001f17) auipc   t5, 0x1
core   0: 3 0x8001384c (0x00001f17) x30 0x8001484c
core   0: 0x80013850 (0x7a3f2a23) sw      gp, 1972(t5)
core   0: 3 0x80013850 (0x7a3f2a23) mem 0x80015000 0x00000001
core   0: 0x80013854 (0xff9ff06f) j       pc - 0x8
core   0: 3 0x80013854 (0xff9ff06f)
core   0: 0x8001384c (0x00001f17) auipc   t5, 0x1
core   0: 3 0x8001384c (0x00001f17) x30 0x8001484c
core   0: 0x80013850 (0x7a3f2a23) sw      gp, 1972(t5)
core   0: 3 0x80013850 (0x7a3f2a23) mem 0x80015000 0x00000001
core   0: 0x80013854 (0xff9ff06f) j       pc - 0x8
core   0: 3 0x80013854 (0xff9ff06f)
core   0: 0x8001384c (0x00001f17) auipc   t5, 0x1
core   0: 3 0x8001384c (0x00001f17) x30 0x8001484c
core   0: 0x80013850 (0x7a3f2a23) sw      gp, 1972(t5)
core   0: 3 0x80013850 (0x7a3f2a23) mem 0x80015000 0x00000001
core   0: 0x80013854 (0xff9ff06f) j       pc - 0x8
core   0: 3 0x80013854 (0xff9ff06f)
core   0: 0x8001384c (0x00001f17) auipc   t5, 0x1
core   0: 3 0x8001384c (0x00001f17) x30 0x8001484c
core   0: 0x80013850 (0x7a3f2a23) sw      gp, 1972(t5)
core   0: 3 0x80013850 (0x7a3f2a23) mem 0x80015000 0x00000001
core   0: 0x80013854 (0xff9ff06f) j       pc - 0x8
core   0: 3 0x80013854 (0xff9ff06f)
core   0: 0x8001384c (0x00001f17) auipc   t5, 0x1
core   0: 3 0x8001384c (0x00001f17) x30 0x8001484c
core   0: 0x80013850 (0x7a3f2a23) sw      gp, 1972(t5)
core   0: 3 0x80013850 (0x7a3f2a23) mem 0x80015000 0x00000001
core   0: 0x80013854 (0xff9ff06f) j       pc - 0x8
core   0: 3 0x80013854 (0xff9ff06f)
core   0: 0x8001384c (0x00001f17) auipc   t5, 0x1
core   0: 3 0x8001384c (0x00001f17) x30 0x8001484c
core   0: 0x80013850 (0x7a3f2a23) sw      gp, 1972(t5)
core   0: 3 0x80013850 (0x7a3f2a23) mem 0x80015000 0x00000001
core   0: 0x80013854 (0xff9ff06f) j       pc - 0x8
core   0: 3 0x80013854 (0xff9ff06f)
core   0: 0x8001384c (0x00001f17) auipc   t5, 0x1
core   0: 3 0x8001384c (0x00001f17) x30 0x8001484c
core   0: 0x80013850 (0x7a3f2a23) sw      gp, 1972(t5)
core   0: 3 0x80013850 (0x7a3f2a23) mem 0x80015000 0x00000001
core   0: 0x80013854 (0xff9ff06f) j       pc - 0x8
core   0: 3 0x80013854 (0xff9ff06f)
core   0: 0x8001384c (0x00001f17) auipc   t5, 0x1
core   0: 3 0x8001384c (0x00001f17) x30 0x8001484c
core   0: 0x80013850 (0x7a3f2a23) sw      gp, 1972(t5)
core   0: 3 0x80013850 (0x7a3f2a23) mem 0x80015000 0x00000001
core   0: 0x80013854 (0xff9ff06f) j       pc - 0x8
core   0: 3 0x80013854 (0xff9ff06f)
core   0: 0x8001384c (0x00001f17) auipc   t5, 0x1
core   0: 3 0x8001384c (0x00001f17) x30 0x8001484c
core   0: 0x80013850 (0x7a3f2a23) sw      gp, 1972(t5)
core   0: 3 0x80013850 (0x7a3f2a23) mem 0x80015000 0x00000001
core   0: 0x80013854 (0xff9ff06f) j       pc - 0x8
core   0: 3 0x80013854 (0xff9ff06f)
core   0: 0x8001384c (0x00001f17) auipc   t5, 0x1
core   0: 3 0x8001384c (0x00001f17) x30 0x8001484c
core   0: 0x80013850 (0x7a3f2a23) sw      gp, 1972(t5)
core   0: 3 0x80013850 (0x7a3f2a23) mem 0x80015000 0x00000001
core   0: 0x80013854 (0xff9ff06f) j       pc - 0x8
core   0: 3 0x80013854 (0xff9ff06f)
core   0: 0x8001384c (0x00001f17) auipc   t5, 0x1
core   0: 3 0x8001384c (0x00001f17) x30 0x8001484c
core   0: 0x80013850 (0x7a3f2a23) sw      gp, 1972(t5)
core   0: 3 0x80013850 (0x7a3f2a23) mem 0x80015000 0x00000001
core   0: 0x80013854 (0xff9ff06f) j       pc - 0x8
core   0: 3 0x80013854 (0xff9ff06f)
core   0: 0x8001384c (0x00001f17) auipc   t5, 0x1
core   0: 3 0x8001384c (0x00001f17) x30 0x8001484c
core   0: 0x80013850 (0x7a3f2a23) sw      gp, 1972(t5)
core   0: 3 0x80013850 (0x7a3f2a23) mem 0x80015000 0x00000001
core   0: 0x80013854 (0xff9ff06f) j       pc - 0x8
core   0: 3 0x80013854 (0xff9ff06f)
core   0: 0x8001384c (0x00001f17) auipc   t5, 0x1
core   0: 3 0x8001384c (0x00001f17) x30 0x8001484c
core   0: 0x80013850 (0x7a3f2a23) sw      gp, 1972(t5)
core   0: 3 0x80013850 (0x7a3f2a23) mem 0x80015000 0x00000001
core   0: 0x80013854 (0xff9ff06f) j       pc - 0x8
core   0: 3 0x80013854 (0xff9ff06f)
core   0: 0x8001384c (0x00001f17) auipc   t5, 0x1
core   0: 3 0x8001384c (0x00001f17) x30 0x8001484c
core   0: 0x80013850 (0x7a3f2a23) sw      gp, 1972(t5)
core   0: 3 0x80013850 (0x7a3f2a23) mem 0x80015000 0x00000001
core   0: 0x80013854 (0xff9ff06f) j       pc - 0x8
core   0: 3 0x80013854 (0xff9ff06f)
core   0: 0x8001384c (0x00001f17) auipc   t5, 0x1
core   0: 3 0x8001384c (0x00001f17) x30 0x8001484c
core   0: 0x80013850 (0x7a3f2a23) sw      gp, 1972(t5)
core   0: 3 0x80013850 (0x7a3f2a23) mem 0x80015000 0x00000001
core   0: 0x80013854 (0xff9ff06f) j       pc - 0x8
core   0: 3 0x80013854 (0xff9ff06f)
core   0: 0x8001384c (0x00001f17) auipc   t5, 0x1
core   0: 3 0x8001384c (0x00001f17) x30 0x8001484c
core   0: 0x80013850 (0x7a3f2a23) sw      gp, 1972(t5)
core   0: 3 0x80013850 (0x7a3f2a23) mem 0x80015000 0x00000001
core   0: 0x80013854 (0xff9ff06f) j       pc - 0x8
core   0: 3 0x80013854 (0xff9ff06f)
core   0: 0x8001384c (0x00001f17) auipc   t5, 0x1
core   0: 3 0x8001384c (0x00001f17) x30 0x8001484c
core   0: 0x80013850 (0x7a3f2a23) sw      gp, 1972(t5)
core   0: 3 0x80013850 (0x7a3f2a23) mem 0x80015000 0x00000001
core   0: 0x80013854 (0xff9ff06f) j       pc - 0x8
core   0: 3 0x80013854 (0xff9ff06f)
core   0: 0x8001384c (0x00001f17) auipc   t5, 0x1
core   0: 3 0x8001384c (0x00001f17) x30 0x8001484c
core   0: 0x80013850 (0x7a3f2a23) sw      gp, 1972(t5)
core   0: 3 0x80013850 (0x7a3f2a23) mem 0x80015000 0x00000001
core   0: 0x80013854 (0xff9ff06f) j       pc - 0x8
core   0: 3 0x80013854 (0xff9ff06f)
core   0: 0x8001384c (0x00001f17) auipc   t5, 0x1
core   0: 3 0x8001384c (0x00001f17) x30 0x8001484c
core   0: 0x80013850 (0x7a3f2a23) sw      gp, 1972(t5)
core   0: 3 0x80013850 (0x7a3f2a23) mem 0x80015000 0x00000001
core   0: 0x80013854 (0xff9ff06f) j       pc - 0x8
core   0: 3 0x80013854 (0xff9ff06f)
core   0: 0x8001384c (0x00001f17) auipc   t5, 0x1
core   0: 3 0x8001384c (0x00001f17) x30 0x8001484c
core   0: 0x80013850 (0x7a3f2a23) sw      gp, 1972(t5)
core   0: 3 0x80013850 (0x7a3f2a23) mem 0x80015000 0x00000001
core   0: 0x80013854 (0xff9ff06f) j       pc - 0x8
core   0: 3 0x80013854 (0xff9ff06f)
core   0: 0x8001384c (0x00001f17) auipc   t5, 0x1
core   0: 3 0x8001384c (0x00001f17) x30 0x8001484c
core   0: 0x80013850 (0x7a3f2a23) sw      gp, 1972(t5)
core   0: 3 0x80013850 (0x7a3f2a23) mem 0x80015000 0x00000001
core   0: 0x80013854 (0xff9ff06f) j       pc - 0x8
core   0: 3 0x80013854 (0xff9ff06f)
core   0: 0x8001384c (0x00001f17) auipc   t5, 0x1
core   0: 3 0x8001384c (0x00001f17) x30 0x8001484c
core   0: 0x80013850 (0x7a3f2a23) sw      gp, 1972(t5)
core   0: 3 0x80013850 (0x7a3f2a23) mem 0x80015000 0x00000001
core   0: 0x80013854 (0xff9ff06f) j       pc - 0x8
core   0: 3 0x80013854 (0xff9ff06f)
core   0: 0x8001384c (0x00001f17) auipc   t5, 0x1
core   0: 3 0x8001384c (0x00001f17) x30 0x8001484c
core   0: 0x80013850 (0x7a3f2a23) sw      gp, 1972(t5)
core   0: 3 0x80013850 (0x7a3f2a23) mem 0x80015000 0x00000001
core   0: 0x80013854 (0xff9ff06f) j       pc - 0x8
core   0: 3 0x80013854 (0xff9ff06f)
core   0: 0x8001384c (0x00001f17) auipc   t5, 0x1
core   0: 3 0x8001384c (0x00001f17) x30 0x8001484c
core   0: 0x80013850 (0x7a3f2a23) sw      gp, 1972(t5)
core   0: 3 0x80013850 (0x7a3f2a23) mem 0x80015000 0x00000001
core   0: 0x80013854 (0xff9ff06f) j       pc - 0x8
core   0: 3 0x80013854 (0xff9ff06f)
core   0: 0x8001384c (0x00001f17) auipc   t5, 0x1
core   0: 3 0x8001384c (0x00001f17) x30 0x8001484c
core   0: 0x80013850 (0x7a3f2a23) sw      gp, 1972(t5)
core   0: 3 0x80013850 (0x7a3f2a23) mem 0x80015000 0x00000001
core   0: 0x80013854 (0xff9ff06f) j       pc - 0x8
core   0: 3 0x80013854 (0xff9ff06f)
core   0: 0x8001384c (0x00001f17) auipc   t5, 0x1
core   0: 3 0x8001384c (0x00001f17) x30 0x8001484c
core   0: 0x80013850 (0x7a3f2a23) sw      gp, 1972(t5)
core   0: 3 0x80013850 (0x7a3f2a23) mem 0x80015000 0x00000001
core   0: 0x80013854 (0xff9ff06f) j       pc - 0x8
core   0: 3 0x80013854 (0xff9ff06f)
core   0: 0x8001384c (0x00001f17) auipc   t5, 0x1
core   0: 3 0x8001384c (0x00001f17) x30 0x8001484c
core   0: 0x80013850 (0x7a3f2a23) sw      gp, 1972(t5)
core   0: 3 0x80013850 (0x7a3f2a23) mem 0x80015000 0x00000001
core   0: 0x80013854 (0xff9ff06f) j       pc - 0x8
core   0: 3 0x80013854 (0xff9ff06f)
core   0: 0x8001384c (0x00001f17) auipc   t5, 0x1
core   0: 3 0x8001384c (0x00001f17) x30 0x8001484c
core   0: 0x80013850 (0x7a3f2a23) sw      gp, 1972(t5)
core   0: 3 0x80013850 (0x7a3f2a23) mem 0x80015000 0x00000001
core   0: 0x80013854 (0xff9ff06f) j       pc - 0x8
core   0: 3 0x80013854 (0xff9ff06f)
core   0: 0x8001384c (0x00001f17) auipc   t5, 0x1
core   0: 3 0x8001384c (0x00001f17) x30 0x8001484c
core   0: 0x80013850 (0x7a3f2a23) sw      gp, 1972(t5)
core   0: 3 0x80013850 (0x7a3f2a23) mem 0x80015000 0x00000001
core   0: 0x80013854 (0xff9ff06f) j       pc - 0x8
core   0: 3 0x80013854 (0xff9ff06f)
core   0: 0x8001384c (0x00001f17) auipc   t5, 0x1
core   0: 3 0x8001384c (0x00001f17) x30 0x8001484c
core   0: 0x80013850 (0x7a3f2a23) sw      gp, 1972(t5)
core   0: 3 0x80013850 (0x7a3f2a23) mem 0x80015000 0x00000001
core   0: 0x80013854 (0xff9ff06f) j       pc - 0x8
core   0: 3 0x80013854 (0xff9ff06f)
core   0: 0x8001384c (0x00001f17) auipc   t5, 0x1
core   0: 3 0x8001384c (0x00001f17) x30 0x8001484c
core   0: 0x80013850 (0x7a3f2a23) sw      gp, 1972(t5)
core   0: 3 0x80013850 (0x7a3f2a23) mem 0x80015000 0x00000001
core   0: 0x80013854 (0xff9ff06f) j       pc - 0x8
core   0: 3 0x80013854 (0xff9ff06f)
core   0: 0x8001384c (0x00001f17) auipc   t5, 0x1
core   0: 3 0x8001384c (0x00001f17) x30 0x8001484c
core   0: 0x80013850 (0x7a3f2a23) sw      gp, 1972(t5)
core   0: 3 0x80013850 (0x7a3f2a23) mem 0x80015000 0x00000001
core   0: 0x80013854 (0xff9ff06f) j       pc - 0x8
core   0: 3 0x80013854 (0xff9ff06f)
core   0: 0x8001384c (0x00001f17) auipc   t5, 0x1
core   0: 3 0x8001384c (0x00001f17) x30 0x8001484c
core   0: 0x80013850 (0x7a3f2a23) sw      gp, 1972(t5)
core   0: 3 0x80013850 (0x7a3f2a23) mem 0x80015000 0x00000001
core   0: 0x80013854 (0xff9ff06f) j       pc - 0x8
core   0: 3 0x80013854 (0xff9ff06f)
core   0: 0x8001384c (0x00001f17) auipc   t5, 0x1
core   0: 3 0x8001384c (0x00001f17) x30 0x8001484c
core   0: 0x80013850 (0x7a3f2a23) sw      gp, 1972(t5)
core   0: 3 0x80013850 (0x7a3f2a23) mem 0x80015000 0x00000001
core   0: 0x80013854 (0xff9ff06f) j       pc - 0x8
core   0: 3 0x80013854 (0xff9ff06f)
core   0: 0x8001384c (0x00001f17) auipc   t5, 0x1
core   0: 3 0x8001384c (0x00001f17) x30 0x8001484c
core   0: 0x80013850 (0x7a3f2a23) sw      gp, 1972(t5)
core   0: 3 0x80013850 (0x7a3f2a23) mem 0x80015000 0x00000001
core   0: 0x80013854 (0xff9ff06f) j       pc - 0x8
core   0: 3 0x80013854 (0xff9ff06f)
core   0: 0x8001384c (0x00001f17) auipc   t5, 0x1
core   0: 3 0x8001384c (0x00001f17) x30 0x8001484c
core   0: 0x80013850 (0x7a3f2a23) sw      gp, 1972(t5)
core   0: 3 0x80013850 (0x7a3f2a23) mem 0x80015000 0x00000001
core   0: 0x80013854 (0xff9ff06f) j       pc - 0x8
core   0: 3 0x80013854 (0xff9ff06f)
core   0: 0x8001384c (0x00001f17) auipc   t5, 0x1
core   0: 3 0x8001384c (0x00001f17) x30 0x8001484c
core   0: 0x80013850 (0x7a3f2a23) sw      gp, 1972(t5)
core   0: 3 0x80013850 (0x7a3f2a23) mem 0x80015000 0x00000001
core   0: 0x80013854 (0xff9ff06f) j       pc - 0x8
core   0: 3 0x80013854 (0xff9ff06f)
core   0: 0x8001384c (0x00001f17) auipc   t5, 0x1
core   0: 3 0x8001384c (0x00001f17) x30 0x8001484c
core   0: 0x80013850 (0x7a3f2a23) sw      gp, 1972(t5)
core   0: 3 0x80013850 (0x7a3f2a23) mem 0x80015000 0x00000001
core   0: 0x80013854 (0xff9ff06f) j       pc - 0x8
core   0: 3 0x80013854 (0xff9ff06f)
core   0: 0x8001384c (0x00001f17) auipc   t5, 0x1
core   0: 3 0x8001384c (0x00001f17) x30 0x8001484c
core   0: 0x80013850 (0x7a3f2a23) sw      gp, 1972(t5)
core   0: 3 0x80013850 (0x7a3f2a23) mem 0x80015000 0x00000001
core   0: 0x80013854 (0xff9ff06f) j       pc - 0x8
core   0: 3 0x80013854 (0xff9ff06f)
core   0: 0x8001384c (0x00001f17) auipc   t5, 0x1
core   0: 3 0x8001384c (0x00001f17) x30 0x8001484c
core   0: 0x80013850 (0x7a3f2a23) sw      gp, 1972(t5)
core   0: 3 0x80013850 (0x7a3f2a23) mem 0x80015000 0x00000001
core   0: 0x80013854 (0xff9ff06f) j       pc - 0x8
core   0: 3 0x80013854 (0xff9ff06f)
core   0: 0x8001384c (0x00001f17) auipc   t5, 0x1
core   0: 3 0x8001384c (0x00001f17) x30 0x8001484c
core   0: 0x80013850 (0x7a3f2a23) sw      gp, 1972(t5)
core   0: 3 0x80013850 (0x7a3f2a23) mem 0x80015000 0x00000001
core   0: 0x80013854 (0xff9ff06f) j       pc - 0x8
core   0: 3 0x80013854 (0xff9ff06f)
core   0: 0x8001384c (0x00001f17) auipc   t5, 0x1
core   0: 3 0x8001384c (0x00001f17) x30 0x8001484c
core   0: 0x80013850 (0x7a3f2a23) sw      gp, 1972(t5)
core   0: 3 0x80013850 (0x7a3f2a23) mem 0x80015000 0x00000001
core   0: 0x80013854 (0xff9ff06f) j       pc - 0x8
core   0: 3 0x80013854 (0xff9ff06f)
core   0: 0x8001384c (0x00001f17) auipc   t5, 0x1
core   0: 3 0x8001384c (0x00001f17) x30 0x8001484c
core   0: 0x80013850 (0x7a3f2a23) sw      gp, 1972(t5)
core   0: 3 0x80013850 (0x7a3f2a23) mem 0x80015000 0x00000001
core   0: 0x80013854 (0xff9ff06f) j       pc - 0x8
core   0: 3 0x80013854 (0xff9ff06f)
core   0: 0x8001384c (0x00001f17) auipc   t5, 0x1
core   0: 3 0x8001384c (0x00001f17) x30 0x8001484c
core   0: 0x80013850 (0x7a3f2a23) sw      gp, 1972(t5)
core   0: 3 0x80013850 (0x7a3f2a23) mem 0x80015000 0x00000001
core   0: 0x80013854 (0xff9ff06f) j       pc - 0x8
core   0: 3 0x80013854 (0xff9ff06f)
core   0: 0x8001384c (0x00001f17) auipc   t5, 0x1
core   0: 3 0x8001384c (0x00001f17) x30 0x8001484c
core   0: 0x80013850 (0x7a3f2a23) sw      gp, 1972(t5)
core   0: 3 0x80013850 (0x7a3f2a23) mem 0x80015000 0x00000001
core   0: 0x80013854 (0xff9ff06f) j       pc - 0x8
core   0: 3 0x80013854 (0xff9ff06f)
core   0: 0x8001384c (0x00001f17) auipc   t5, 0x1
core   0: 3 0x8001384c (0x00001f17) x30 0x8001484c
core   0: 0x80013850 (0x7a3f2a23) sw      gp, 1972(t5)
core   0: 3 0x80013850 (0x7a3f2a23) mem 0x80015000 0x00000001
core   0: 0x80013854 (0xff9ff06f) j       pc - 0x8
core   0: 3 0x80013854 (0xff9ff06f)
core   0: 0x8001384c (0x00001f17) auipc   t5, 0x1
core   0: 3 0x8001384c (0x00001f17) x30 0x8001484c
core   0: 0x80013850 (0x7a3f2a23) sw      gp, 1972(t5)
core   0: 3 0x80013850 (0x7a3f2a23) mem 0x80015000 0x00000001
core   0: 0x80013854 (0xff9ff06f) j       pc - 0x8
core   0: 3 0x80013854 (0xff9ff06f)
core   0: 0x8001384c (0x00001f17) auipc   t5, 0x1
core   0: 3 0x8001384c (0x00001f17) x30 0x8001484c
core   0: 0x80013850 (0x7a3f2a23) sw      gp, 1972(t5)
core   0: 3 0x80013850 (0x7a3f2a23) mem 0x80015000 0x00000001
core   0: 0x80013854 (0xff9ff06f) j       pc - 0x8
core   0: 3 0x80013854 (0xff9ff06f)
core   0: 0x8001384c (0x00001f17) auipc   t5, 0x1
core   0: 3 0x8001384c (0x00001f17) x30 0x8001484c
core   0: 0x80013850 (0x7a3f2a23) sw      gp, 1972(t5)
core   0: 3 0x80013850 (0x7a3f2a23) mem 0x80015000 0x00000001
core   0: 0x80013854 (0xff9ff06f) j       pc - 0x8
core   0: 3 0x80013854 (0xff9ff06f)
core   0: 0x8001384c (0x00001f17) auipc   t5, 0x1
core   0: 3 0x8001384c (0x00001f17) x30 0x8001484c
core   0: 0x80013850 (0x7a3f2a23) sw      gp, 1972(t5)
core   0: 3 0x80013850 (0x7a3f2a23) mem 0x80015000 0x00000001
core   0: 0x80013854 (0xff9ff06f) j       pc - 0x8
core   0: 3 0x80013854 (0xff9ff06f)
core   0: 0x8001384c (0x00001f17) auipc   t5, 0x1
core   0: 3 0x8001384c (0x00001f17) x30 0x8001484c
core   0: 0x80013850 (0x7a3f2a23) sw      gp, 1972(t5)
core   0: 3 0x80013850 (0x7a3f2a23) mem 0x80015000 0x00000001
core   0: 0x80013854 (0xff9ff06f) j       pc - 0x8
core   0: 3 0x80013854 (0xff9ff06f)
core   0: 0x8001384c (0x00001f17) auipc   t5, 0x1
core   0: 3 0x8001384c (0x00001f17) x30 0x8001484c
core   0: 0x80013850 (0x7a3f2a23) sw      gp, 1972(t5)
core   0: 3 0x80013850 (0x7a3f2a23) mem 0x80015000 0x00000001
core   0: 0x80013854 (0xff9ff06f) j       pc - 0x8
core   0: 3 0x80013854 (0xff9ff06f)
core   0: 0x8001384c (0x00001f17) auipc   t5, 0x1
core   0: 3 0x8001384c (0x00001f17) x30 0x8001484c
core   0: 0x80013850 (0x7a3f2a23) sw      gp, 1972(t5)
core   0: 3 0x80013850 (0x7a3f2a23) mem 0x80015000 0x00000001
core   0: 0x80013854 (0xff9ff06f) j       pc - 0x8
core   0: 3 0x80013854 (0xff9ff06f)
core   0: 0x8001384c (0x00001f17) auipc   t5, 0x1
core   0: 3 0x8001384c (0x00001f17) x30 0x8001484c
core   0: 0x80013850 (0x7a3f2a23) sw      gp, 1972(t5)
core   0: 3 0x80013850 (0x7a3f2a23) mem 0x80015000 0x00000001
core   0: 0x80013854 (0xff9ff06f) j       pc - 0x8
core   0: 3 0x80013854 (0xff9ff06f)
core   0: 0x8001384c (0x00001f17) auipc   t5, 0x1
core   0: 3 0x8001384c (0x00001f17) x30 0x8001484c
core   0: 0x80013850 (0x7a3f2a23) sw      gp, 1972(t5)
core   0: 3 0x80013850 (0x7a3f2a23) mem 0x80015000 0x00000001
core   0: 0x80013854 (0xff9ff06f) j       pc - 0x8
core   0: 3 0x80013854 (0xff9ff06f)
core   0: 0x8001384c (0x00001f17) auipc   t5, 0x1
core   0: 3 0x8001384c (0x00001f17) x30 0x8001484c
core   0: 0x80013850 (0x7a3f2a23) sw      gp, 1972(t5)
core   0: 3 0x80013850 (0x7a3f2a23) mem 0x80015000 0x00000001
core   0: 0x80013854 (0xff9ff06f) j       pc - 0x8
core   0: 3 0x80013854 (0xff9ff06f)
core   0: 0x8001384c (0x00001f17) auipc   t5, 0x1
core   0: 3 0x8001384c (0x00001f17) x30 0x8001484c
core   0: 0x80013850 (0x7a3f2a23) sw      gp, 1972(t5)
core   0: 3 0x80013850 (0x7a3f2a23) mem 0x80015000 0x00000001
core   0: 0x80013854 (0xff9ff06f) j       pc - 0x8
core   0: 3 0x80013854 (0xff9ff06f)
core   0: 0x8001384c (0x00001f17) auipc   t5, 0x1
core   0: 3 0x8001384c (0x00001f17) x30 0x8001484c
core   0: 0x80013850 (0x7a3f2a23) sw      gp, 1972(t5)
core   0: 3 0x80013850 (0x7a3f2a23) mem 0x80015000 0x00000001
core   0: 0x80013854 (0xff9ff06f) j       pc - 0x8
core   0: 3 0x80013854 (0xff9ff06f)
core   0: 0x8001384c (0x00001f17) auipc   t5, 0x1
core   0: 3 0x8001384c (0x00001f17) x30 0x8001484c
core   0: 0x80013850 (0x7a3f2a23) sw      gp, 1972(t5)
core   0: 3 0x80013850 (0x7a3f2a23) mem 0x80015000 0x00000001
core   0: 0x80013854 (0xff9ff06f) j       pc - 0x8
core   0: 3 0x80013854 (0xff9ff06f)
core   0: 0x8001384c (0x00001f17) auipc   t5, 0x1
core   0: 3 0x8001384c (0x00001f17) x30 0x8001484c
core   0: 0x80013850 (0x7a3f2a23) sw      gp, 1972(t5)
core   0: 3 0x80013850 (0x7a3f2a23) mem 0x80015000 0x00000001
core   0: 0x80013854 (0xff9ff06f) j       pc - 0x8
core   0: 3 0x80013854 (0xff9ff06f)
core   0: 0x8001384c (0x00001f17) auipc   t5, 0x1
core   0: 3 0x8001384c (0x00001f17) x30 0x8001484c
core   0: 0x80013850 (0x7a3f2a23) sw      gp, 1972(t5)
core   0: 3 0x80013850 (0x7a3f2a23) mem 0x80015000 0x00000001
core   0: 0x80013854 (0xff9ff06f) j       pc - 0x8
core   0: 3 0x80013854 (0xff9ff06f)
core   0: 0x8001384c (0x00001f17) auipc   t5, 0x1
core   0: 3 0x8001384c (0x00001f17) x30 0x8001484c
core   0: 0x80013850 (0x7a3f2a23) sw      gp, 1972(t5)
core   0: 3 0x80013850 (0x7a3f2a23) mem 0x80015000 0x00000001
core   0: 0x80013854 (0xff9ff06f) j       pc - 0x8
core   0: 3 0x80013854 (0xff9ff06f)
core   0: 0x8001384c (0x00001f17) auipc   t5, 0x1
core   0: 3 0x8001384c (0x00001f17) x30 0x8001484c
core   0: 0x80013850 (0x7a3f2a23) sw      gp, 1972(t5)
core   0: 3 0x80013850 (0x7a3f2a23) mem 0x80015000 0x00000001
core   0: 0x80013854 (0xff9ff06f) j       pc - 0x8
core   0: 3 0x80013854 (0xff9ff06f)
core   0: 0x8001384c (0x00001f17) auipc   t5, 0x1
core   0: 3 0x8001384c (0x00001f17) x30 0x8001484c
core   0: 0x80013850 (0x7a3f2a23) sw      gp, 1972(t5)
core   0: 3 0x80013850 (0x7a3f2a23) mem 0x80015000 0x00000001
core   0: 0x80013854 (0xff9ff06f) j       pc - 0x8
core   0: 3 0x80013854 (0xff9ff06f)
core   0: 0x8001384c (0x00001f17) auipc   t5, 0x1
core   0: 3 0x8001384c (0x00001f17) x30 0x8001484c
core   0: 0x80013850 (0x7a3f2a23) sw      gp, 1972(t5)
core   0: 3 0x80013850 (0x7a3f2a23) mem 0x80015000 0x00000001
core   0: 0x80013854 (0xff9ff06f) j       pc - 0x8
core   0: 3 0x80013854 (0xff9ff06f)
core   0: 0x8001384c (0x00001f17) auipc   t5, 0x1
core   0: 3 0x8001384c (0x00001f17) x30 0x8001484c
core   0: 0x80013850 (0x7a3f2a23) sw      gp, 1972(t5)
core   0: 3 0x80013850 (0x7a3f2a23) mem 0x80015000 0x00000001
core   0: 0x80013854 (0xff9ff06f) j       pc - 0x8
core   0: 3 0x80013854 (0xff9ff06f)
core   0: 0x8001384c (0x00001f17) auipc   t5, 0x1
core   0: 3 0x8001384c (0x00001f17) x30 0x8001484c
core   0: 0x80013850 (0x7a3f2a23) sw      gp, 1972(t5)
core   0: 3 0x80013850 (0x7a3f2a23) mem 0x80015000 0x00000001
core   0: 0x80013854 (0xff9ff06f) j       pc - 0x8
core   0: 3 0x80013854 (0xff9ff06f)
core   0: 0x8001384c (0x00001f17) auipc   t5, 0x1
core   0: 3 0x8001384c (0x00001f17) x30 0x8001484c
core   0: 0x80013850 (0x7a3f2a23) sw      gp, 1972(t5)
core   0: 3 0x80013850 (0x7a3f2a23) mem 0x80015000 0x00000001
core   0: 0x80013854 (0xff9ff06f) j       pc - 0x8
core   0: 3 0x80013854 (0xff9ff06f)
core   0: 0x8001384c (0x00001f17) auipc   t5, 0x1
core   0: 3 0x8001384c (0x00001f17) x30 0x8001484c
core   0: 0x80013850 (0x7a3f2a23) sw      gp, 1972(t5)
core   0: 3 0x80013850 (0x7a3f2a23) mem 0x80015000 0x00000001
core   0: 0x80013854 (0xff9ff06f) j       pc - 0x8
core   0: 3 0x80013854 (0xff9ff06f)
core   0: 0x8001384c (0x00001f17) auipc   t5, 0x1
core   0: 3 0x8001384c (0x00001f17) x30 0x8001484c
core   0: 0x80013850 (0x7a3f2a23) sw      gp, 1972(t5)
core   0: 3 0x80013850 (0x7a3f2a23) mem 0x80015000 0x00000001
core   0: 0x80013854 (0xff9ff06f) j       pc - 0x8
core   0: 3 0x80013854 (0xff9ff06f)
core   0: 0x8001384c (0x00001f17) auipc   t5, 0x1
core   0: 3 0x8001384c (0x00001f17) x30 0x8001484c
core   0: 0x80013850 (0x7a3f2a23) sw      gp, 1972(t5)
core   0: 3 0x80013850 (0x7a3f2a23) mem 0x80015000 0x00000001
core   0: 0x80013854 (0xff9ff06f) j       pc - 0x8
core   0: 3 0x80013854 (0xff9ff06f)
core   0: 0x8001384c (0x00001f17) auipc   t5, 0x1
core   0: 3 0x8001384c (0x00001f17) x30 0x8001484c
core   0: 0x80013850 (0x7a3f2a23) sw      gp, 1972(t5)
core   0: 3 0x80013850 (0x7a3f2a23) mem 0x80015000 0x00000001
core   0: 0x80013854 (0xff9ff06f) j       pc - 0x8
core   0: 3 0x80013854 (0xff9ff06f)
core   0: 0x8001384c (0x00001f17) auipc   t5, 0x1
core   0: 3 0x8001384c (0x00001f17) x30 0x8001484c
core   0: 0x80013850 (0x7a3f2a23) sw      gp, 1972(t5)
core   0: 3 0x80013850 (0x7a3f2a23) mem 0x80015000 0x00000001
core   0: 0x80013854 (0xff9ff06f) j       pc - 0x8
core   0: 3 0x80013854 (0xff9ff06f)
core   0: 0x8001384c (0x00001f17) auipc   t5, 0x1
core   0: 3 0x8001384c (0x00001f17) x30 0x8001484c
core   0: 0x80013850 (0x7a3f2a23) sw      gp, 1972(t5)
core   0: 3 0x80013850 (0x7a3f2a23) mem 0x80015000 0x00000001
core   0: 0x80013854 (0xff9ff06f) j       pc - 0x8
core   0: 3 0x80013854 (0xff9ff06f)
core   0: 0x8001384c (0x00001f17) auipc   t5, 0x1
core   0: 3 0x8001384c (0x00001f17) x30 0x8001484c
core   0: 0x80013850 (0x7a3f2a23) sw      gp, 1972(t5)
core   0: 3 0x80013850 (0x7a3f2a23) mem 0x80015000 0x00000001
core   0: 0x80013854 (0xff9ff06f) j       pc - 0x8
core   0: 3 0x80013854 (0xff9ff06f)
core   0: 0x8001384c (0x00001f17) auipc   t5, 0x1
core   0: 3 0x8001384c (0x00001f17) x30 0x8001484c
core   0: 0x80013850 (0x7a3f2a23) sw      gp, 1972(t5)
core   0: 3 0x80013850 (0x7a3f2a23) mem 0x80015000 0x00000001
core   0: 0x80013854 (0xff9ff06f) j       pc - 0x8
core   0: 3 0x80013854 (0xff9ff06f)
core   0: 0x8001384c (0x00001f17) auipc   t5, 0x1
core   0: 3 0x8001384c (0x00001f17) x30 0x8001484c
core   0: 0x80013850 (0x7a3f2a23) sw      gp, 1972(t5)
core   0: 3 0x80013850 (0x7a3f2a23) mem 0x80015000 0x00000001
core   0: 0x80013854 (0xff9ff06f) j       pc - 0x8
core   0: 3 0x80013854 (0xff9ff06f)
core   0: 0x8001384c (0x00001f17) auipc   t5, 0x1
core   0: 3 0x8001384c (0x00001f17) x30 0x8001484c
core   0: 0x80013850 (0x7a3f2a23) sw      gp, 1972(t5)
core   0: 3 0x80013850 (0x7a3f2a23) mem 0x80015000 0x00000001
core   0: 0x80013854 (0xff9ff06f) j       pc - 0x8
core   0: 3 0x80013854 (0xff9ff06f)
core   0: 0x8001384c (0x00001f17) auipc   t5, 0x1
core   0: 3 0x8001384c (0x00001f17) x30 0x8001484c
core   0: 0x80013850 (0x7a3f2a23) sw      gp, 1972(t5)
core   0: 3 0x80013850 (0x7a3f2a23) mem 0x80015000 0x00000001
core   0: 0x80013854 (0xff9ff06f) j       pc - 0x8
core   0: 3 0x80013854 (0xff9ff06f)
core   0: 0x8001384c (0x00001f17) auipc   t5, 0x1
core   0: 3 0x8001384c (0x00001f17) x30 0x8001484c
core   0: 0x80013850 (0x7a3f2a23) sw      gp, 1972(t5)
core   0: 3 0x80013850 (0x7a3f2a23) mem 0x80015000 0x00000001
core   0: 0x80013854 (0xff9ff06f) j       pc - 0x8
core   0: 3 0x80013854 (0xff9ff06f)
core   0: 0x8001384c (0x00001f17) auipc   t5, 0x1
core   0: 3 0x8001384c (0x00001f17) x30 0x8001484c
core   0: 0x80013850 (0x7a3f2a23) sw      gp, 1972(t5)
core   0: 3 0x80013850 (0x7a3f2a23) mem 0x80015000 0x00000001
core   0: 0x80013854 (0xff9ff06f) j       pc - 0x8
core   0: 3 0x80013854 (0xff9ff06f)
core   0: 0x8001384c (0x00001f17) auipc   t5, 0x1
core   0: 3 0x8001384c (0x00001f17) x30 0x8001484c
core   0: 0x80013850 (0x7a3f2a23) sw      gp, 1972(t5)
core   0: 3 0x80013850 (0x7a3f2a23) mem 0x80015000 0x00000001
core   0: 0x80013854 (0xff9ff06f) j       pc - 0x8
core   0: 3 0x80013854 (0xff9ff06f)
core   0: 0x8001384c (0x00001f17) auipc   t5, 0x1
core   0: 3 0x8001384c (0x00001f17) x30 0x8001484c
core   0: 0x80013850 (0x7a3f2a23) sw      gp, 1972(t5)
core   0: 3 0x80013850 (0x7a3f2a23) mem 0x80015000 0x00000001
core   0: 0x80013854 (0xff9ff06f) j       pc - 0x8
core   0: 3 0x80013854 (0xff9ff06f)
core   0: 0x8001384c (0x00001f17) auipc   t5, 0x1
core   0: 3 0x8001384c (0x00001f17) x30 0x8001484c
core   0: 0x80013850 (0x7a3f2a23) sw      gp, 1972(t5)
core   0: 3 0x80013850 (0x7a3f2a23) mem 0x80015000 0x00000001
core   0: 0x80013854 (0xff9ff06f) j       pc - 0x8
core   0: 3 0x80013854 (0xff9ff06f)
core   0: 0x8001384c (0x00001f17) auipc   t5, 0x1
core   0: 3 0x8001384c (0x00001f17) x30 0x8001484c
core   0: 0x80013850 (0x7a3f2a23) sw      gp, 1972(t5)
core   0: 3 0x80013850 (0x7a3f2a23) mem 0x80015000 0x00000001
core   0: 0x80013854 (0xff9ff06f) j       pc - 0x8
core   0: 3 0x80013854 (0xff9ff06f)
core   0: 0x8001384c (0x00001f17) auipc   t5, 0x1
core   0: 3 0x8001384c (0x00001f17) x30 0x8001484c
core   0: 0x80013850 (0x7a3f2a23) sw      gp, 1972(t5)
core   0: 3 0x80013850 (0x7a3f2a23) mem 0x80015000 0x00000001
core   0: 0x80013854 (0xff9ff06f) j       pc - 0x8
core   0: 3 0x80013854 (0xff9ff06f)
core   0: 0x8001384c (0x00001f17) auipc   t5, 0x1
core   0: 3 0x8001384c (0x00001f17) x30 0x8001484c
core   0: 0x80013850 (0x7a3f2a23) sw      gp, 1972(t5)
core   0: 3 0x80013850 (0x7a3f2a23) mem 0x80015000 0x00000001
core   0: 0x80013854 (0xff9ff06f) j       pc - 0x8
core   0: 3 0x80013854 (0xff9ff06f)
core   0: 0x8001384c (0x00001f17) auipc   t5, 0x1
core   0: 3 0x8001384c (0x00001f17) x30 0x8001484c
core   0: 0x80013850 (0x7a3f2a23) sw      gp, 1972(t5)
core   0: 3 0x80013850 (0x7a3f2a23) mem 0x80015000 0x00000001
core   0: 0x80013854 (0xff9ff06f) j       pc - 0x8
core   0: 3 0x80013854 (0xff9ff06f)
core   0: 0x8001384c (0x00001f17) auipc   t5, 0x1
core   0: 3 0x8001384c (0x00001f17) x30 0x8001484c
core   0: 0x80013850 (0x7a3f2a23) sw      gp, 1972(t5)
core   0: 3 0x80013850 (0x7a3f2a23) mem 0x80015000 0x00000001
core   0: 0x80013854 (0xff9ff06f) j       pc - 0x8
core   0: 3 0x80013854 (0xff9ff06f)
core   0: 0x8001384c (0x00001f17) auipc   t5, 0x1
core   0: 3 0x8001384c (0x00001f17) x30 0x8001484c
core   0: 0x80013850 (0x7a3f2a23) sw      gp, 1972(t5)
core   0: 3 0x80013850 (0x7a3f2a23) mem 0x80015000 0x00000001
core   0: 0x80013854 (0xff9ff06f) j       pc - 0x8
core   0: 3 0x80013854 (0xff9ff06f)
core   0: 0x8001384c (0x00001f17) auipc   t5, 0x1
core   0: 3 0x8001384c (0x00001f17) x30 0x8001484c
core   0: 0x80013850 (0x7a3f2a23) sw      gp, 1972(t5)
core   0: 3 0x80013850 (0x7a3f2a23) mem 0x80015000 0x00000001
core   0: 0x80013854 (0xff9ff06f) j       pc - 0x8
core   0: 3 0x80013854 (0xff9ff06f)
core   0: 0x8001384c (0x00001f17) auipc   t5, 0x1
core   0: 3 0x8001384c (0x00001f17) x30 0x8001484c
core   0: 0x80013850 (0x7a3f2a23) sw      gp, 1972(t5)
core   0: 3 0x80013850 (0x7a3f2a23) mem 0x80015000 0x00000001
core   0: 0x80013854 (0xff9ff06f) j       pc - 0x8
core   0: 3 0x80013854 (0xff9ff06f)
core   0: 0x8001384c (0x00001f17) auipc   t5, 0x1
core   0: 3 0x8001384c (0x00001f17) x30 0x8001484c
core   0: 0x80013850 (0x7a3f2a23) sw      gp, 1972(t5)
core   0: 3 0x80013850 (0x7a3f2a23) mem 0x80015000 0x00000001
core   0: 0x80013854 (0xff9ff06f) j       pc - 0x8
core   0: 3 0x80013854 (0xff9ff06f)
core   0: 0x8001384c (0x00001f17) auipc   t5, 0x1
core   0: 3 0x8001384c (0x00001f17) x30 0x8001484c
core   0: 0x80013850 (0x7a3f2a23) sw      gp, 1972(t5)
core   0: 3 0x80013850 (0x7a3f2a23) mem 0x80015000 0x00000001
core   0: 0x80013854 (0xff9ff06f) j       pc - 0x8
core   0: 3 0x80013854 (0xff9ff06f)
core   0: 0x8001384c (0x00001f17) auipc   t5, 0x1
core   0: 3 0x8001384c (0x00001f17) x30 0x8001484c
core   0: 0x80013850 (0x7a3f2a23) sw      gp, 1972(t5)
core   0: 3 0x80013850 (0x7a3f2a23) mem 0x80015000 0x00000001
core   0: 0x80013854 (0xff9ff06f) j       pc - 0x8
core   0: 3 0x80013854 (0xff9ff06f)
core   0: 0x8001384c (0x00001f17) auipc   t5, 0x1
core   0: 3 0x8001384c (0x00001f17) x30 0x8001484c
core   0: 0x80013850 (0x7a3f2a23) sw      gp, 1972(t5)
core   0: 3 0x80013850 (0x7a3f2a23) mem 0x80015000 0x00000001
core   0: 0x80013854 (0xff9ff06f) j       pc - 0x8
core   0: 3 0x80013854 (0xff9ff06f)
core   0: 0x8001384c (0x00001f17) auipc   t5, 0x1
core   0: 3 0x8001384c (0x00001f17) x30 0x8001484c
core   0: 0x80013850 (0x7a3f2a23) sw      gp, 1972(t5)
core   0: 3 0x80013850 (0x7a3f2a23) mem 0x80015000 0x00000001
core   0: 0x80013854 (0xff9ff06f) j       pc - 0x8
core   0: 3 0x80013854 (0xff9ff06f)
core   0: 0x8001384c (0x00001f17) auipc   t5, 0x1
core   0: 3 0x8001384c (0x00001f17) x30 0x8001484c
core   0: 0x80013850 (0x7a3f2a23) sw      gp, 1972(t5)
core   0: 3 0x80013850 (0x7a3f2a23) mem 0x80015000 0x00000001
core   0: 0x80013854 (0xff9ff06f) j       pc - 0x8
core   0: 3 0x80013854 (0xff9ff06f)
core   0: 0x8001384c (0x00001f17) auipc   t5, 0x1
core   0: 3 0x8001384c (0x00001f17) x30 0x8001484c
core   0: 0x80013850 (0x7a3f2a23) sw      gp, 1972(t5)
core   0: 3 0x80013850 (0x7a3f2a23) mem 0x80015000 0x00000001
core   0: 0x80013854 (0xff9ff06f) j       pc - 0x8
core   0: 3 0x80013854 (0xff9ff06f)
core   0: 0x8001384c (0x00001f17) auipc   t5, 0x1
core   0: 3 0x8001384c (0x00001f17) x30 0x8001484c
core   0: 0x80013850 (0x7a3f2a23) sw      gp, 1972(t5)
core   0: 3 0x80013850 (0x7a3f2a23) mem 0x80015000 0x00000001
core   0: 0x80013854 (0xff9ff06f) j       pc - 0x8
core   0: 3 0x80013854 (0xff9ff06f)
core   0: 0x8001384c (0x00001f17) auipc   t5, 0x1
core   0: 3 0x8001384c (0x00001f17) x30 0x8001484c
core   0: 0x80013850 (0x7a3f2a23) sw      gp, 1972(t5)
core   0: 3 0x80013850 (0x7a3f2a23) mem 0x80015000 0x00000001
core   0: 0x80013854 (0xff9ff06f) j       pc - 0x8
core   0: 3 0x80013854 (0xff9ff06f)
core   0: 0x8001384c (0x00001f17) auipc   t5, 0x1
core   0: 3 0x8001384c (0x00001f17) x30 0x8001484c
core   0: 0x80013850 (0x7a3f2a23) sw      gp, 1972(t5)
core   0: 3 0x80013850 (0x7a3f2a23) mem 0x80015000 0x00000001
core   0: 0x80013854 (0xff9ff06f) j       pc - 0x8
core   0: 3 0x80013854 (0xff9ff06f)
core   0: 0x8001384c (0x00001f17) auipc   t5, 0x1
core   0: 3 0x8001384c (0x00001f17) x30 0x8001484c
core   0: 0x80013850 (0x7a3f2a23) sw      gp, 1972(t5)
core   0: 3 0x80013850 (0x7a3f2a23) mem 0x80015000 0x00000001
core   0: 0x80013854 (0xff9ff06f) j       pc - 0x8
core   0: 3 0x80013854 (0xff9ff06f)
core   0: 0x8001384c (0x00001f17) auipc   t5, 0x1
core   0: 3 0x8001384c (0x00001f17) x30 0x8001484c
core   0: 0x80013850 (0x7a3f2a23) sw      gp, 1972(t5)
core   0: 3 0x80013850 (0x7a3f2a23) mem 0x80015000 0x00000001
core   0: 0x80013854 (0xff9ff06f) j       pc - 0x8
core   0: 3 0x80013854 (0xff9ff06f)
core   0: 0x8001384c (0x00001f17) auipc   t5, 0x1
core   0: 3 0x8001384c (0x00001f17) x30 0x8001484c
core   0: 0x80013850 (0x7a3f2a23) sw      gp, 1972(t5)
core   0: 3 0x80013850 (0x7a3f2a23) mem 0x80015000 0x00000001
core   0: 0x80013854 (0xff9ff06f) j       pc - 0x8
core   0: 3 0x80013854 (0xff9ff06f)
core   0: 0x8001384c (0x00001f17) auipc   t5, 0x1
core   0: 3 0x8001384c (0x00001f17) x30 0x8001484c
core   0: 0x80013850 (0x7a3f2a23) sw      gp, 1972(t5)
core   0: 3 0x80013850 (0x7a3f2a23) mem 0x80015000 0x00000001
core   0: 0x80013854 (0xff9ff06f) j       pc - 0x8
core   0: 3 0x80013854 (0xff9ff06f)
core   0: 0x8001384c (0x00001f17) auipc   t5, 0x1
core   0: 3 0x8001384c (0x00001f17) x30 0x8001484c
core   0: 0x80013850 (0x7a3f2a23) sw      gp, 1972(t5)
core   0: 3 0x80013850 (0x7a3f2a23) mem 0x80015000 0x00000001
core   0: 0x80013854 (0xff9ff06f) j       pc - 0x8
core   0: 3 0x80013854 (0xff9ff06f)
core   0: 0x8001384c (0x00001f17) auipc   t5, 0x1
core   0: 3 0x8001384c (0x00001f17) x30 0x8001484c
core   0: 0x80013850 (0x7a3f2a23) sw      gp, 1972(t5)
core   0: 3 0x80013850 (0x7a3f2a23) mem 0x80015000 0x00000001
core   0: 0x80013854 (0xff9ff06f) j       pc - 0x8
core   0: 3 0x80013854 (0xff9ff06f)
core   0: 0x8001384c (0x00001f17) auipc   t5, 0x1
core   0: 3 0x8001384c (0x00001f17) x30 0x8001484c
core   0: 0x80013850 (0x7a3f2a23) sw      gp, 1972(t5)
core   0: 3 0x80013850 (0x7a3f2a23) mem 0x80015000 0x00000001
core   0: 0x80013854 (0xff9ff06f) j       pc - 0x8
core   0: 3 0x80013854 (0xff9ff06f)
core   0: 0x8001384c (0x00001f17) auipc   t5, 0x1
core   0: 3 0x8001384c (0x00001f17) x30 0x8001484c
core   0: 0x80013850 (0x7a3f2a23) sw      gp, 1972(t5)
core   0: 3 0x80013850 (0x7a3f2a23) mem 0x80015000 0x00000001
core   0: 0x80013854 (0xff9ff06f) j       pc - 0x8
core   0: 3 0x80013854 (0xff9ff06f)
core   0: 0x8001384c (0x00001f17) auipc   t5, 0x1
core   0: 3 0x8001384c (0x00001f17) x30 0x8001484c
core   0: 0x80013850 (0x7a3f2a23) sw      gp, 1972(t5)
core   0: 3 0x80013850 (0x7a3f2a23) mem 0x80015000 0x00000001
core   0: 0x80013854 (0xff9ff06f) j       pc - 0x8
core   0: 3 0x80013854 (0xff9ff06f)
core   0: 0x8001384c (0x00001f17) auipc   t5, 0x1
core   0: 3 0x8001384c (0x00001f17) x30 0x8001484c
core   0: 0x80013850 (0x7a3f2a23) sw      gp, 1972(t5)
core   0: 3 0x80013850 (0x7a3f2a23) mem 0x80015000 0x00000001
core   0: 0x80013854 (0xff9ff06f) j       pc - 0x8
core   0: 3 0x80013854 (0xff9ff06f)
core   0: 0x8001384c (0x00001f17) auipc   t5, 0x1
core   0: 3 0x8001384c (0x00001f17) x30 0x8001484c
core   0: 0x80013850 (0x7a3f2a23) sw      gp, 1972(t5)
core   0: 3 0x80013850 (0x7a3f2a23) mem 0x80015000 0x00000001
core   0: 0x80013854 (0xff9ff06f) j       pc - 0x8
core   0: 3 0x80013854 (0xff9ff06f)
core   0: 0x8001384c (0x00001f17) auipc   t5, 0x1
core   0: 3 0x8001384c (0x00001f17) x30 0x8001484c
core   0: 0x80013850 (0x7a3f2a23) sw      gp, 1972(t5)
core   0: 3 0x80013850 (0x7a3f2a23) mem 0x80015000 0x00000001
core   0: 0x80013854 (0xff9ff06f) j       pc - 0x8
core   0: 3 0x80013854 (0xff9ff06f)
core   0: 0x8001384c (0x00001f17) auipc   t5, 0x1
core   0: 3 0x8001384c (0x00001f17) x30 0x8001484c
core   0: 0x80013850 (0x7a3f2a23) sw      gp, 1972(t5)
core   0: 3 0x80013850 (0x7a3f2a23) mem 0x80015000 0x00000001
core   0: 0x80013854 (0xff9ff06f) j       pc - 0x8
core   0: 3 0x80013854 (0xff9ff06f)
core   0: 0x8001384c (0x00001f17) auipc   t5, 0x1
core   0: 3 0x8001384c (0x00001f17) x30 0x8001484c
core   0: 0x80013850 (0x7a3f2a23) sw      gp, 1972(t5)
core   0: 3 0x80013850 (0x7a3f2a23) mem 0x80015000 0x00000001
core   0: 0x80013854 (0xff9ff06f) j       pc - 0x8
core   0: 3 0x80013854 (0xff9ff06f)
core   0: 0x8001384c (0x00001f17) auipc   t5, 0x1
core   0: 3 0x8001384c (0x00001f17) x30 0x8001484c
core   0: 0x80013850 (0x7a3f2a23) sw      gp, 1972(t5)
core   0: 3 0x80013850 (0x7a3f2a23) mem 0x80015000 0x00000001
core   0: 0x80013854 (0xff9ff06f) j       pc - 0x8
core   0: 3 0x80013854 (0xff9ff06f)
core   0: 0x8001384c (0x00001f17) auipc   t5, 0x1
core   0: 3 0x8001384c (0x00001f17) x30 0x8001484c
core   0: 0x80013850 (0x7a3f2a23) sw      gp, 1972(t5)
core   0: 3 0x80013850 (0x7a3f2a23) mem 0x80015000 0x00000001
core   0: 0x80013854 (0xff9ff06f) j       pc - 0x8
core   0: 3 0x80013854 (0xff9ff06f)
core   0: 0x8001384c (0x00001f17) auipc   t5, 0x1
core   0: 3 0x8001384c (0x00001f17) x30 0x8001484c
core   0: 0x80013850 (0x7a3f2a23) sw      gp, 1972(t5)
core   0: 3 0x80013850 (0x7a3f2a23) mem 0x80015000 0x00000001
core   0: 0x80013854 (0xff9ff06f) j       pc - 0x8
core   0: 3 0x80013854 (0xff9ff06f)
core   0: 0x8001384c (0x00001f17) auipc   t5, 0x1
core   0: 3 0x8001384c (0x00001f17) x30 0x8001484c
core   0: 0x80013850 (0x7a3f2a23) sw      gp, 1972(t5)
core   0: 3 0x80013850 (0x7a3f2a23) mem 0x80015000 0x00000001
core   0: 0x80013854 (0xff9ff06f) j       pc - 0x8
core   0: 3 0x80013854 (0xff9ff06f)
core   0: 0x8001384c (0x00001f17) auipc   t5, 0x1
core   0: 3 0x8001384c (0x00001f17) x30 0x8001484c
core   0: 0x80013850 (0x7a3f2a23) sw      gp, 1972(t5)
core   0: 3 0x80013850 (0x7a3f2a23) mem 0x80015000 0x00000001
core   0: 0x80013854 (0xff9ff06f) j       pc - 0x8
core   0: 3 0x80013854 (0xff9ff06f)
core   0: 0x8001384c (0x00001f17) auipc   t5, 0x1
core   0: 3 0x8001384c (0x00001f17) x30 0x8001484c
core   0: 0x80013850 (0x7a3f2a23) sw      gp, 1972(t5)
core   0: 3 0x80013850 (0x7a3f2a23) mem 0x80015000 0x00000001
core   0: 0x80013854 (0xff9ff06f) j       pc - 0x8
core   0: 3 0x80013854 (0xff9ff06f)
core   0: 0x8001384c (0x00001f17) auipc   t5, 0x1
core   0: 3 0x8001384c (0x00001f17) x30 0x8001484c
core   0: 0x80013850 (0x7a3f2a23) sw      gp, 1972(t5)
core   0: 3 0x80013850 (0x7a3f2a23) mem 0x80015000 0x00000001
core   0: 0x80013854 (0xff9ff06f) j       pc - 0x8
core   0: 3 0x80013854 (0xff9ff06f)
core   0: 0x8001384c (0x00001f17) auipc   t5, 0x1
core   0: 3 0x8001384c (0x00001f17) x30 0x8001484c
core   0: 0x80013850 (0x7a3f2a23) sw      gp, 1972(t5)
core   0: 3 0x80013850 (0x7a3f2a23) mem 0x80015000 0x00000001
core   0: 0x80013854 (0xff9ff06f) j       pc - 0x8
core   0: 3 0x80013854 (0xff9ff06f)
core   0: 0x8001384c (0x00001f17) auipc   t5, 0x1
core   0: 3 0x8001384c (0x00001f17) x30 0x8001484c
core   0: 0x80013850 (0x7a3f2a23) sw      gp, 1972(t5)
core   0: 3 0x80013850 (0x7a3f2a23) mem 0x80015000 0x00000001
core   0: 0x80013854 (0xff9ff06f) j       pc - 0x8
core   0: 3 0x80013854 (0xff9ff06f)
core   0: 0x8001384c (0x00001f17) auipc   t5, 0x1
core   0: 3 0x8001384c (0x00001f17) x30 0x8001484c
core   0: 0x80013850 (0x7a3f2a23) sw      gp, 1972(t5)
core   0: 3 0x80013850 (0x7a3f2a23) mem 0x80015000 0x00000001
core   0: 0x80013854 (0xff9ff06f) j       pc - 0x8
core   0: 3 0x80013854 (0xff9ff06f)
core   0: 0x8001384c (0x00001f17) auipc   t5, 0x1
core   0: 3 0x8001384c (0x00001f17) x30 0x8001484c
core   0: 0x80013850 (0x7a3f2a23) sw      gp, 1972(t5)
core   0: 3 0x80013850 (0x7a3f2a23) mem 0x80015000 0x00000001
core   0: 0x80013854 (0xff9ff06f) j       pc - 0x8
core   0: 3 0x80013854 (0xff9ff06f)
core   0: 0x8001384c (0x00001f17) auipc   t5, 0x1
core   0: 3 0x8001384c (0x00001f17) x30 0x8001484c
core   0: 0x80013850 (0x7a3f2a23) sw      gp, 1972(t5)
core   0: 3 0x80013850 (0x7a3f2a23) mem 0x80015000 0x00000001
core   0: 0x80013854 (0xff9ff06f) j       pc - 0x8
core   0: 3 0x80013854 (0xff9ff06f)
core   0: 0x8001384c (0x00001f17) auipc   t5, 0x1
core   0: 3 0x8001384c (0x00001f17) x30 0x8001484c
core   0: 0x80013850 (0x7a3f2a23) sw      gp, 1972(t5)
core   0: 3 0x80013850 (0x7a3f2a23) mem 0x80015000 0x00000001
core   0: 0x80013854 (0xff9ff06f) j       pc - 0x8
core   0: 3 0x80013854 (0xff9ff06f)
core   0: 0x8001384c (0x00001f17) auipc   t5, 0x1
core   0: 3 0x8001384c (0x00001f17) x30 0x8001484c
core   0: 0x80013850 (0x7a3f2a23) sw      gp, 1972(t5)
core   0: 3 0x80013850 (0x7a3f2a23) mem 0x80015000 0x00000001
core   0: 0x80013854 (0xff9ff06f) j       pc - 0x8
core   0: 3 0x80013854 (0xff9ff06f)
core   0: 0x8001384c (0x00001f17) auipc   t5, 0x1
core   0: 3 0x8001384c (0x00001f17) x30 0x8001484c
core   0: 0x80013850 (0x7a3f2a23) sw      gp, 1972(t5)
core   0: 3 0x80013850 (0x7a3f2a23) mem 0x80015000 0x00000001
core   0: 0x80013854 (0xff9ff06f) j       pc - 0x8
core   0: 3 0x80013854 (0xff9ff06f)
core   0: 0x8001384c (0x00001f17) auipc   t5, 0x1
core   0: 3 0x8001384c (0x00001f17) x30 0x8001484c
core   0: 0x80013850 (0x7a3f2a23) sw      gp, 1972(t5)
core   0: 3 0x80013850 (0x7a3f2a23) mem 0x80015000 0x00000001
core   0: 0x80013854 (0xff9ff06f) j       pc - 0x8
core   0: 3 0x80013854 (0xff9ff06f)
core   0: 0x8001384c (0x00001f17) auipc   t5, 0x1
core   0: 3 0x8001384c (0x00001f17) x30 0x8001484c
core   0: 0x80013850 (0x7a3f2a23) sw      gp, 1972(t5)
core   0: 3 0x80013850 (0x7a3f2a23) mem 0x80015000 0x00000001
core   0: 0x80013854 (0xff9ff06f) j       pc - 0x8
core   0: 3 0x80013854 (0xff9ff06f)
core   0: 0x8001384c (0x00001f17) auipc   t5, 0x1
core   0: 3 0x8001384c (0x00001f17) x30 0x8001484c
core   0: 0x80013850 (0x7a3f2a23) sw      gp, 1972(t5)
core   0: 3 0x80013850 (0x7a3f2a23) mem 0x80015000 0x00000001
core   0: 0x80013854 (0xff9ff06f) j       pc - 0x8
core   0: 3 0x80013854 (0xff9ff06f)
core   0: 0x8001384c (0x00001f17) auipc   t5, 0x1
core   0: 3 0x8001384c (0x00001f17) x30 0x8001484c
core   0: 0x80013850 (0x7a3f2a23) sw      gp, 1972(t5)
core   0: 3 0x80013850 (0x7a3f2a23) mem 0x80015000 0x00000001
core   0: 0x80013854 (0xff9ff06f) j       pc - 0x8
core   0: 3 0x80013854 (0xff9ff06f)
core   0: 0x8001384c (0x00001f17) auipc   t5, 0x1
core   0: 3 0x8001384c (0x00001f17) x30 0x8001484c
core   0: 0x80013850 (0x7a3f2a23) sw      gp, 1972(t5)
core   0: 3 0x80013850 (0x7a3f2a23) mem 0x80015000 0x00000001
core   0: 0x80013854 (0xff9ff06f) j       pc - 0x8
core   0: 3 0x80013854 (0xff9ff06f)
core   0: 0x8001384c (0x00001f17) auipc   t5, 0x1
core   0: 3 0x8001384c (0x00001f17) x30 0x8001484c
core   0: 0x80013850 (0x7a3f2a23) sw      gp, 1972(t5)
core   0: 3 0x80013850 (0x7a3f2a23) mem 0x80015000 0x00000001
core   0: 0x80013854 (0xff9ff06f) j       pc - 0x8
core   0: 3 0x80013854 (0xff9ff06f)
core   0: 0x8001384c (0x00001f17) auipc   t5, 0x1
core   0: 3 0x8001384c (0x00001f17) x30 0x8001484c
core   0: 0x80013850 (0x7a3f2a23) sw      gp, 1972(t5)
core   0: 3 0x80013850 (0x7a3f2a23) mem 0x80015000 0x00000001
core   0: 0x80013854 (0xff9ff06f) j       pc - 0x8
core   0: 3 0x80013854 (0xff9ff06f)
core   0: 0x8001384c (0x00001f17) auipc   t5, 0x1
core   0: 3 0x8001384c (0x00001f17) x30 0x8001484c
core   0: 0x80013850 (0x7a3f2a23) sw      gp, 1972(t5)
core   0: 3 0x80013850 (0x7a3f2a23) mem 0x80015000 0x00000001
core   0: 0x80013854 (0xff9ff06f) j       pc - 0x8
core   0: 3 0x80013854 (0xff9ff06f)
core   0: 0x8001384c (0x00001f17) auipc   t5, 0x1
core   0: 3 0x8001384c (0x00001f17) x30 0x8001484c
core   0: 0x80013850 (0x7a3f2a23) sw      gp, 1972(t5)
core   0: 3 0x80013850 (0x7a3f2a23) mem 0x80015000 0x00000001
core   0: 0x80013854 (0xff9ff06f) j       pc - 0x8
core   0: 3 0x80013854 (0xff9ff06f)
core   0: 0x8001384c (0x00001f17) auipc   t5, 0x1
core   0: 3 0x8001384c (0x00001f17) x30 0x8001484c
core   0: 0x80013850 (0x7a3f2a23) sw      gp, 1972(t5)
core   0: 3 0x80013850 (0x7a3f2a23) mem 0x80015000 0x00000001
core   0: 0x80013854 (0xff9ff06f) j       pc - 0x8
core   0: 3 0x80013854 (0xff9ff06f)
core   0: 0x8001384c (0x00001f17) auipc   t5, 0x1
core   0: 3 0x8001384c (0x00001f17) x30 0x8001484c
core   0: 0x80013850 (0x7a3f2a23) sw      gp, 1972(t5)
core   0: 3 0x80013850 (0x7a3f2a23) mem 0x80015000 0x00000001
core   0: 0x80013854 (0xff9ff06f) j       pc - 0x8
core   0: 3 0x80013854 (0xff9ff06f)
core   0: 0x8001384c (0x00001f17) auipc   t5, 0x1
core   0: 3 0x8001384c (0x00001f17) x30 0x8001484c
core   0: 0x80013850 (0x7a3f2a23) sw      gp, 1972(t5)
core   0: 3 0x80013850 (0x7a3f2a23) mem 0x80015000 0x00000001
core   0: 0x80013854 (0xff9ff06f) j       pc - 0x8
core   0: 3 0x80013854 (0xff9ff06f)
core   0: 0x8001384c (0x00001f17) auipc   t5, 0x1
core   0: 3 0x8001384c (0x00001f17) x30 0x8001484c
core   0: 0x80013850 (0x7a3f2a23) sw      gp, 1972(t5)
core   0: 3 0x80013850 (0x7a3f2a23) mem 0x80015000 0x00000001
core   0: 0x80013854 (0xff9ff06f) j       pc - 0x8
core   0: 3 0x80013854 (0xff9ff06f)
core   0: 0x8001384c (0x00001f17) auipc   t5, 0x1
core   0: 3 0x8001384c (0x00001f17) x30 0x8001484c
core   0: 0x80013850 (0x7a3f2a23) sw      gp, 1972(t5)
core   0: 3 0x80013850 (0x7a3f2a23) mem 0x80015000 0x00000001
core   0: 0x80013854 (0xff9ff06f) j       pc - 0x8
core   0: 3 0x80013854 (0xff9ff06f)
core   0: 0x8001384c (0x00001f17) auipc   t5, 0x1
core   0: 3 0x8001384c (0x00001f17) x30 0x8001484c
core   0: 0x80013850 (0x7a3f2a23) sw      gp, 1972(t5)
core   0: 3 0x80013850 (0x7a3f2a23) mem 0x80015000 0x00000001
core   0: 0x80013854 (0xff9ff06f) j       pc - 0x8
core   0: 3 0x80013854 (0xff9ff06f)
core   0: 0x8001384c (0x00001f17) auipc   t5, 0x1
core   0: 3 0x8001384c (0x00001f17) x30 0x8001484c
core   0: 0x80013850 (0x7a3f2a23) sw      gp, 1972(t5)
core   0: 3 0x80013850 (0x7a3f2a23) mem 0x80015000 0x00000001
core   0: 0x80013854 (0xff9ff06f) j       pc - 0x8
core   0: 3 0x80013854 (0xff9ff06f)
core   0: 0x8001384c (0x00001f17) auipc   t5, 0x1
core   0: 3 0x8001384c (0x00001f17) x30 0x8001484c
core   0: 0x80013850 (0x7a3f2a23) sw      gp, 1972(t5)
core   0: 3 0x80013850 (0x7a3f2a23) mem 0x80015000 0x00000001
core   0: 0x80013854 (0xff9ff06f) j       pc - 0x8
core   0: 3 0x80013854 (0xff9ff06f)
core   0: 0x8001384c (0x00001f17) auipc   t5, 0x1
core   0: 3 0x8001384c (0x00001f17) x30 0x8001484c
core   0: 0x80013850 (0x7a3f2a23) sw      gp, 1972(t5)
core   0: 3 0x80013850 (0x7a3f2a23) mem 0x80015000 0x00000001
core   0: 0x80013854 (0xff9ff06f) j       pc - 0x8
core   0: 3 0x80013854 (0xff9ff06f)
core   0: 0x8001384c (0x00001f17) auipc   t5, 0x1
core   0: 3 0x8001384c (0x00001f17) x30 0x8001484c
core   0: 0x80013850 (0x7a3f2a23) sw      gp, 1972(t5)
core   0: 3 0x80013850 (0x7a3f2a23) mem 0x80015000 0x00000001
core   0: 0x80013854 (0xff9ff06f) j       pc - 0x8
core   0: 3 0x80013854 (0xff9ff06f)
core   0: 0x8001384c (0x00001f17) auipc   t5, 0x1
core   0: 3 0x8001384c (0x00001f17) x30 0x8001484c
core   0: 0x80013850 (0x7a3f2a23) sw      gp, 1972(t5)
core   0: 3 0x80013850 (0x7a3f2a23) mem 0x80015000 0x00000001
core   0: 0x80013854 (0xff9ff06f) j       pc - 0x8
core   0: 3 0x80013854 (0xff9ff06f)
core   0: 0x8001384c (0x00001f17) auipc   t5, 0x1
core   0: 3 0x8001384c (0x00001f17) x30 0x8001484c
core   0: 0x80013850 (0x7a3f2a23) sw      gp, 1972(t5)
core   0: 3 0x80013850 (0x7a3f2a23) mem 0x80015000 0x00000001
core   0: 0x80013854 (0xff9ff06f) j       pc - 0x8
core   0: 3 0x80013854 (0xff9ff06f)
core   0: 0x8001384c (0x00001f17) auipc   t5, 0x1
core   0: 3 0x8001384c (0x00001f17) x30 0x8001484c
core   0: 0x80013850 (0x7a3f2a23) sw      gp, 1972(t5)
core   0: 3 0x80013850 (0x7a3f2a23) mem 0x80015000 0x00000001
core   0: 0x80013854 (0xff9ff06f) j       pc - 0x8
core   0: 3 0x80013854 (0xff9ff06f)
core   0: 0x8001384c (0x00001f17) auipc   t5, 0x1
core   0: 3 0x8001384c (0x00001f17) x30 0x8001484c
core   0: 0x80013850 (0x7a3f2a23) sw      gp, 1972(t5)
core   0: 3 0x80013850 (0x7a3f2a23) mem 0x80015000 0x00000001
core   0: 0x80013854 (0xff9ff06f) j       pc - 0x8
core   0: 3 0x80013854 (0xff9ff06f)
core   0: 0x8001384c (0x00001f17) auipc   t5, 0x1
core   0: 3 0x8001384c (0x00001f17) x30 0x8001484c
core   0: 0x80013850 (0x7a3f2a23) sw      gp, 1972(t5)
core   0: 3 0x80013850 (0x7a3f2a23) mem 0x80015000 0x00000001
core   0: 0x80013854 (0xff9ff06f) j       pc - 0x8
core   0: 3 0x80013854 (0xff9ff06f)
core   0: 0x8001384c (0x00001f17) auipc   t5, 0x1
core   0: 3 0x8001384c (0x00001f17) x30 0x8001484c
core   0: 0x80013850 (0x7a3f2a23) sw      gp, 1972(t5)
core   0: 3 0x80013850 (0x7a3f2a23) mem 0x80015000 0x00000001
core   0: 0x80013854 (0xff9ff06f) j       pc - 0x8
core   0: 3 0x80013854 (0xff9ff06f)
core   0: 0x8001384c (0x00001f17) auipc   t5, 0x1
core   0: 3 0x8001384c (0x00001f17) x30 0x8001484c
core   0: 0x80013850 (0x7a3f2a23) sw      gp, 1972(t5)
core   0: 3 0x80013850 (0x7a3f2a23) mem 0x80015000 0x00000001
core   0: 0x80013854 (0xff9ff06f) j       pc - 0x8
core   0: 3 0x80013854 (0xff9ff06f)
core   0: 0x8001384c (0x00001f17) auipc   t5, 0x1
core   0: 3 0x8001384c (0x00001f17) x30 0x8001484c
core   0: 0x80013850 (0x7a3f2a23) sw      gp, 1972(t5)
core   0: 3 0x80013850 (0x7a3f2a23) mem 0x80015000 0x00000001
core   0: 0x80013854 (0xff9ff06f) j       pc - 0x8
core   0: 3 0x80013854 (0xff9ff06f)
core   0: 0x8001384c (0x00001f17) auipc   t5, 0x1
core   0: 3 0x8001384c (0x00001f17) x30 0x8001484c
core   0: 0x80013850 (0x7a3f2a23) sw      gp, 1972(t5)
core   0: 3 0x80013850 (0x7a3f2a23) mem 0x80015000 0x00000001
core   0: 0x80013854 (0xff9ff06f) j       pc - 0x8
core   0: 3 0x80013854 (0xff9ff06f)
core   0: 0x8001384c (0x00001f17) auipc   t5, 0x1
core   0: 3 0x8001384c (0x00001f17) x30 0x8001484c
core   0: 0x80013850 (0x7a3f2a23) sw      gp, 1972(t5)
core   0: 3 0x80013850 (0x7a3f2a23) mem 0x80015000 0x00000001
core   0: 0x80013854 (0xff9ff06f) j       pc - 0x8
core   0: 3 0x80013854 (0xff9ff06f)
core   0: 0x8001384c (0x00001f17) auipc   t5, 0x1
core   0: 3 0x8001384c (0x00001f17) x30 0x8001484c
core   0: 0x80013850 (0x7a3f2a23) sw      gp, 1972(t5)
core   0: 3 0x80013850 (0x7a3f2a23) mem 0x80015000 0x00000001
core   0: 0x80013854 (0xff9ff06f) j       pc - 0x8
core   0: 3 0x80013854 (0xff9ff06f)
core   0: 0x8001384c (0x00001f17) auipc   t5, 0x1
core   0: 3 0x8001384c (0x00001f17) x30 0x8001484c
core   0: 0x80013850 (0x7a3f2a23) sw      gp, 1972(t5)
core   0: 3 0x80013850 (0x7a3f2a23) mem 0x80015000 0x00000001
core   0: 0x80013854 (0xff9ff06f) j       pc - 0x8
core   0: 3 0x80013854 (0xff9ff06f)
core   0: 0x8001384c (0x00001f17) auipc   t5, 0x1
core   0: 3 0x8001384c (0x00001f17) x30 0x8001484c
core   0: 0x80013850 (0x7a3f2a23) sw      gp, 1972(t5)
core   0: 3 0x80013850 (0x7a3f2a23) mem 0x80015000 0x00000001
core   0: 0x80013854 (0xff9ff06f) j       pc - 0x8
core   0: 3 0x80013854 (0xff9ff06f)
core   0: 0x8001384c (0x00001f17) auipc   t5, 0x1
core   0: 3 0x8001384c (0x00001f17) x30 0x8001484c
core   0: 0x80013850 (0x7a3f2a23) sw      gp, 1972(t5)
core   0: 3 0x80013850 (0x7a3f2a23) mem 0x80015000 0x00000001
core   0: 0x80013854 (0xff9ff06f) j       pc - 0x8
core   0: 3 0x80013854 (0xff9ff06f)
core   0: 0x8001384c (0x00001f17) auipc   t5, 0x1
core   0: 3 0x8001384c (0x00001f17) x30 0x8001484c
core   0: 0x80013850 (0x7a3f2a23) sw      gp, 1972(t5)
core   0: 3 0x80013850 (0x7a3f2a23) mem 0x80015000 0x00000001
core   0: 0x80013854 (0xff9ff06f) j       pc - 0x8
core   0: 3 0x80013854 (0xff9ff06f)
core   0: 0x8001384c (0x00001f17) auipc   t5, 0x1
core   0: 3 0x8001384c (0x00001f17) x30 0x8001484c
core   0: 0x80013850 (0x7a3f2a23) sw      gp, 1972(t5)
core   0: 3 0x80013850 (0x7a3f2a23) mem 0x80015000 0x00000001
core   0: 0x80013854 (0xff9ff06f) j       pc - 0x8
core   0: 3 0x80013854 (0xff9ff06f)
core   0: 0x8001384c (0x00001f17) auipc   t5, 0x1
core   0: 3 0x8001384c (0x00001f17) x30 0x8001484c
core   0: 0x80013850 (0x7a3f2a23) sw      gp, 1972(t5)
core   0: 3 0x80013850 (0x7a3f2a23) mem 0x80015000 0x00000001
core   0: 0x80013854 (0xff9ff06f) j       pc - 0x8
core   0: 3 0x80013854 (0xff9ff06f)
core   0: 0x8001384c (0x00001f17) auipc   t5, 0x1
core   0: 3 0x8001384c (0x00001f17) x30 0x8001484c
core   0: 0x80013850 (0x7a3f2a23) sw      gp, 1972(t5)
core   0: 3 0x80013850 (0x7a3f2a23) mem 0x80015000 0x00000001
core   0: 0x80013854 (0xff9ff06f) j       pc - 0x8
core   0: 3 0x80013854 (0xff9ff06f)
core   0: 0x8001384c (0x00001f17) auipc   t5, 0x1
core   0: 3 0x8001384c (0x00001f17) x30 0x8001484c
core   0: 0x80013850 (0x7a3f2a23) sw      gp, 1972(t5)
core   0: 3 0x80013850 (0x7a3f2a23) mem 0x80015000 0x00000001
core   0: 0x80013854 (0xff9ff06f) j       pc - 0x8
core   0: 3 0x80013854 (0xff9ff06f)
core   0: 0x8001384c (0x00001f17) auipc   t5, 0x1
core   0: 3 0x8001384c (0x00001f17) x30 0x8001484c
core   0: 0x80013850 (0x7a3f2a23) sw      gp, 1972(t5)
core   0: 3 0x80013850 (0x7a3f2a23) mem 0x80015000 0x00000001
core   0: 0x80013854 (0xff9ff06f) j       pc - 0x8
core   0: 3 0x80013854 (0xff9ff06f)
core   0: 0x8001384c (0x00001f17) auipc   t5, 0x1
core   0: 3 0x8001384c (0x00001f17) x30 0x8001484c
core   0: 0x80013850 (0x7a3f2a23) sw      gp, 1972(t5)
core   0: 3 0x80013850 (0x7a3f2a23) mem 0x80015000 0x00000001
core   0: 0x80013854 (0xff9ff06f) j       pc - 0x8
core   0: 3 0x80013854 (0xff9ff06f)
core   0: 0x8001384c (0x00001f17) auipc   t5, 0x1
core   0: 3 0x8001384c (0x00001f17) x30 0x8001484c
core   0: 0x80013850 (0x7a3f2a23) sw      gp, 1972(t5)
core   0: 3 0x80013850 (0x7a3f2a23) mem 0x80015000 0x00000001
core   0: 0x80013854 (0xff9ff06f) j       pc - 0x8
core   0: 3 0x80013854 (0xff9ff06f)
core   0: 0x8001384c (0x00001f17) auipc   t5, 0x1
core   0: 3 0x8001384c (0x00001f17) x30 0x8001484c
core   0: 0x80013850 (0x7a3f2a23) sw      gp, 1972(t5)
core   0: 3 0x80013850 (0x7a3f2a23) mem 0x80015000 0x00000001
core   0: 0x80013854 (0xff9ff06f) j       pc - 0x8
core   0: 3 0x80013854 (0xff9ff06f)
core   0: 0x8001384c (0x00001f17) auipc   t5, 0x1
core   0: 3 0x8001384c (0x00001f17) x30 0x8001484c
core   0: 0x80013850 (0x7a3f2a23) sw      gp, 1972(t5)
core   0: 3 0x80013850 (0x7a3f2a23) mem 0x80015000 0x00000001
core   0: 0x80013854 (0xff9ff06f) j       pc - 0x8
core   0: 3 0x80013854 (0xff9ff06f)
core   0: 0x8001384c (0x00001f17) auipc   t5, 0x1
core   0: 3 0x8001384c (0x00001f17) x30 0x8001484c
core   0: 0x80013850 (0x7a3f2a23) sw      gp, 1972(t5)
core   0: 3 0x80013850 (0x7a3f2a23) mem 0x80015000 0x00000001
core   0: 0x80013854 (0xff9ff06f) j       pc - 0x8
core   0: 3 0x80013854 (0xff9ff06f)
core   0: 0x8001384c (0x00001f17) auipc   t5, 0x1
core   0: 3 0x8001384c (0x00001f17) x30 0x8001484c
core   0: 0x80013850 (0x7a3f2a23) sw      gp, 1972(t5)
core   0: 3 0x80013850 (0x7a3f2a23) mem 0x80015000 0x00000001
core   0: 0x80013854 (0xff9ff06f) j       pc - 0x8
core   0: 3 0x80013854 (0xff9ff06f)
core   0: 0x8001384c (0x00001f17) auipc   t5, 0x1
core   0: 3 0x8001384c (0x00001f17) x30 0x8001484c
core   0: 0x80013850 (0x7a3f2a23) sw      gp, 1972(t5)
core   0: 3 0x80013850 (0x7a3f2a23) mem 0x80015000 0x00000001
core   0: 0x80013854 (0xff9ff06f) j       pc - 0x8
core   0: 3 0x80013854 (0xff9ff06f)
core   0: 0x8001384c (0x00001f17) auipc   t5, 0x1
core   0: 3 0x8001384c (0x00001f17) x30 0x8001484c
core   0: 0x80013850 (0x7a3f2a23) sw      gp, 1972(t5)
core   0: 3 0x80013850 (0x7a3f2a23) mem 0x80015000 0x00000001
core   0: 0x80013854 (0xff9ff06f) j       pc - 0x8
core   0: 3 0x80013854 (0xff9ff06f)
core   0: 0x8001384c (0x00001f17) auipc   t5, 0x1
core   0: 3 0x8001384c (0x00001f17) x30 0x8001484c
core   0: 0x80013850 (0x7a3f2a23) sw      gp, 1972(t5)
core   0: 3 0x80013850 (0x7a3f2a23) mem 0x80015000 0x00000001
core   0: 0x80013854 (0xff9ff06f) j       pc - 0x8
core   0: 3 0x80013854 (0xff9ff06f)
core   0: 0x8001384c (0x00001f17) auipc   t5, 0x1
core   0: 3 0x8001384c (0x00001f17) x30 0x8001484c
core   0: 0x80013850 (0x7a3f2a23) sw      gp, 1972(t5)
core   0: 3 0x80013850 (0x7a3f2a23) mem 0x80015000 0x00000001
core   0: 0x80013854 (0xff9ff06f) j       pc - 0x8
core   0: 3 0x80013854 (0xff9ff06f)
core   0: 0x8001384c (0x00001f17) auipc   t5, 0x1
core   0: 3 0x8001384c (0x00001f17) x30 0x8001484c
core   0: 0x80013850 (0x7a3f2a23) sw      gp, 1972(t5)
core   0: 3 0x80013850 (0x7a3f2a23) mem 0x80015000 0x00000001
core   0: 0x80013854 (0xff9ff06f) j       pc - 0x8
core   0: 3 0x80013854 (0xff9ff06f)
core   0: 0x8001384c (0x00001f17) auipc   t5, 0x1
core   0: 3 0x8001384c (0x00001f17) x30 0x8001484c
core   0: 0x80013850 (0x7a3f2a23) sw      gp, 1972(t5)
core   0: 3 0x80013850 (0x7a3f2a23) mem 0x80015000 0x00000001
core   0: 0x80013854 (0xff9ff06f) j       pc - 0x8
core   0: 3 0x80013854 (0xff9ff06f)
core   0: 0x8001384c (0x00001f17) auipc   t5, 0x1
core   0: 3 0x8001384c (0x00001f17) x30 0x8001484c
core   0: 0x80013850 (0x7a3f2a23) sw      gp, 1972(t5)
core   0: 3 0x80013850 (0x7a3f2a23) mem 0x80015000 0x00000001
core   0: 0x80013854 (0xff9ff06f) j       pc - 0x8
core   0: 3 0x80013854 (0xff9ff06f)
core   0: 0x8001384c (0x00001f17) auipc   t5, 0x1
core   0: 3 0x8001384c (0x00001f17) x30 0x8001484c
core   0: 0x80013850 (0x7a3f2a23) sw      gp, 1972(t5)
core   0: 3 0x80013850 (0x7a3f2a23) mem 0x80015000 0x00000001
core   0: 0x80013854 (0xff9ff06f) j       pc - 0x8
core   0: 3 0x80013854 (0xff9ff06f)
core   0: 0x8001384c (0x00001f17) auipc   t5, 0x1
core   0: 3 0x8001384c (0x00001f17) x30 0x8001484c
core   0: 0x80013850 (0x7a3f2a23) sw      gp, 1972(t5)
core   0: 3 0x80013850 (0x7a3f2a23) mem 0x80015000 0x00000001
core   0: 0x80013854 (0xff9ff06f) j       pc - 0x8
core   0: 3 0x80013854 (0xff9ff06f)
core   0: 0x8001384c (0x00001f17) auipc   t5, 0x1
core   0: 3 0x8001384c (0x00001f17) x30 0x8001484c
core   0: 0x80013850 (0x7a3f2a23) sw      gp, 1972(t5)
core   0: 3 0x80013850 (0x7a3f2a23) mem 0x80015000 0x00000001
core   0: 0x80013854 (0xff9ff06f) j       pc - 0x8
core   0: 3 0x80013854 (0xff9ff06f)
core   0: 0x8001384c (0x00001f17) auipc   t5, 0x1
core   0: 3 0x8001384c (0x00001f17) x30 0x8001484c
core   0: 0x80013850 (0x7a3f2a23) sw      gp, 1972(t5)
core   0: 3 0x80013850 (0x7a3f2a23) mem 0x80015000 0x00000001
core   0: 0x80013854 (0xff9ff06f) j       pc - 0x8
core   0: 3 0x80013854 (0xff9ff06f)
core   0: 0x8001384c (0x00001f17) auipc   t5, 0x1
core   0: 3 0x8001384c (0x00001f17) x30 0x8001484c
core   0: 0x80013850 (0x7a3f2a23) sw      gp, 1972(t5)
core   0: 3 0x80013850 (0x7a3f2a23) mem 0x80015000 0x00000001
core   0: 0x80013854 (0xff9ff06f) j       pc - 0x8
core   0: 3 0x80013854 (0xff9ff06f)
core   0: 0x8001384c (0x00001f17) auipc   t5, 0x1
core   0: 3 0x8001384c (0x00001f17) x30 0x8001484c
core   0: 0x80013850 (0x7a3f2a23) sw      gp, 1972(t5)
core   0: 3 0x80013850 (0x7a3f2a23) mem 0x80015000 0x00000001
core   0: 0x80013854 (0xff9ff06f) j       pc - 0x8
core   0: 3 0x80013854 (0xff9ff06f)
core   0: 0x8001384c (0x00001f17) auipc   t5, 0x1
core   0: 3 0x8001384c (0x00001f17) x30 0x8001484c
core   0: 0x80013850 (0x7a3f2a23) sw      gp, 1972(t5)
core   0: 3 0x80013850 (0x7a3f2a23) mem 0x80015000 0x00000001
core   0: 0x80013854 (0xff9ff06f) j       pc - 0x8
core   0: 3 0x80013854 (0xff9ff06f)
core   0: 0x8001384c (0x00001f17) auipc   t5, 0x1
core   0: 3 0x8001384c (0x00001f17) x30 0x8001484c
core   0: 0x80013850 (0x7a3f2a23) sw      gp, 1972(t5)
core   0: 3 0x80013850 (0x7a3f2a23) mem 0x80015000 0x00000001
core   0: 0x80013854 (0xff9ff06f) j       pc - 0x8
core   0: 3 0x80013854 (0xff9ff06f)
core   0: 0x8001384c (0x00001f17) auipc   t5, 0x1
core   0: 3 0x8001384c (0x00001f17) x30 0x8001484c
core   0: 0x80013850 (0x7a3f2a23) sw      gp, 1972(t5)
core   0: 3 0x80013850 (0x7a3f2a23) mem 0x80015000 0x00000001
core   0: 0x80013854 (0xff9ff06f) j       pc - 0x8
core   0: 3 0x80013854 (0xff9ff06f)
core   0: 0x8001384c (0x00001f17) auipc   t5, 0x1
core   0: 3 0x8001384c (0x00001f17) x30 0x8001484c
core   0: 0x80013850 (0x7a3f2a23) sw      gp, 1972(t5)
core   0: 3 0x80013850 (0x7a3f2a23) mem 0x80015000 0x00000001
core   0: 0x80013854 (0xff9ff06f) j       pc - 0x8
core   0: 3 0x80013854 (0xff9ff06f)
core   0: 0x8001384c (0x00001f17) auipc   t5, 0x1
core   0: 3 0x8001384c (0x00001f17) x30 0x8001484c
core   0: 0x80013850 (0x7a3f2a23) sw      gp, 1972(t5)
core   0: 3 0x80013850 (0x7a3f2a23) mem 0x80015000 0x00000001
core   0: 0x80013854 (0xff9ff06f) j       pc - 0x8
core   0: 3 0x80013854 (0xff9ff06f)
core   0: 0x8001384c (0x00001f17) auipc   t5, 0x1
core   0: 3 0x8001384c (0x00001f17) x30 0x8001484c
core   0: 0x80013850 (0x7a3f2a23) sw      gp, 1972(t5)
core   0: 3 0x80013850 (0x7a3f2a23) mem 0x80015000 0x00000001
core   0: 0x80013854 (0xff9ff06f) j       pc - 0x8
core   0: 3 0x80013854 (0xff9ff06f)
core   0: 0x8001384c (0x00001f17) auipc   t5, 0x1
core   0: 3 0x8001384c (0x00001f17) x30 0x8001484c
core   0: 0x80013850 (0x7a3f2a23) sw      gp, 1972(t5)
core   0: 3 0x80013850 (0x7a3f2a23) mem 0x80015000 0x00000001
core   0: 0x80013854 (0xff9ff06f) j       pc - 0x8
core   0: 3 0x80013854 (0xff9ff06f)
core   0: 0x8001384c (0x00001f17) auipc   t5, 0x1
core   0: 3 0x8001384c (0x00001f17) x30 0x8001484c
core   0: 0x80013850 (0x7a3f2a23) sw      gp, 1972(t5)
core   0: 3 0x80013850 (0x7a3f2a23) mem 0x80015000 0x00000001
core   0: 0x80013854 (0xff9ff06f) j       pc - 0x8
core   0: 3 0x80013854 (0xff9ff06f)
core   0: 0x8001384c (0x00001f17) auipc   t5, 0x1
core   0: 3 0x8001384c (0x00001f17) x30 0x8001484c
core   0: 0x80013850 (0x7a3f2a23) sw      gp, 1972(t5)
core   0: 3 0x80013850 (0x7a3f2a23) mem 0x80015000 0x00000001
core   0: 0x80013854 (0xff9ff06f) j       pc - 0x8
core   0: 3 0x80013854 (0xff9ff06f)
core   0: 0x8001384c (0x00001f17) auipc   t5, 0x1
core   0: 3 0x8001384c (0x00001f17) x30 0x8001484c
core   0: 0x80013850 (0x7a3f2a23) sw      gp, 1972(t5)
core   0: 3 0x80013850 (0x7a3f2a23) mem 0x80015000 0x00000001
core   0: 0x80013854 (0xff9ff06f) j       pc - 0x8
core   0: 3 0x80013854 (0xff9ff06f)
core   0: 0x8001384c (0x00001f17) auipc   t5, 0x1
core   0: 3 0x8001384c (0x00001f17) x30 0x8001484c
core   0: 0x80013850 (0x7a3f2a23) sw      gp, 1972(t5)
core   0: 3 0x80013850 (0x7a3f2a23) mem 0x80015000 0x00000001
core   0: 0x80013854 (0xff9ff06f) j       pc - 0x8
core   0: 3 0x80013854 (0xff9ff06f)
core   0: 0x8001384c (0x00001f17) auipc   t5, 0x1
core   0: 3 0x8001384c (0x00001f17) x30 0x8001484c
core   0: 0x80013850 (0x7a3f2a23) sw      gp, 1972(t5)
core   0: 3 0x80013850 (0x7a3f2a23) mem 0x80015000 0x00000001
core   0: 0x80013854 (0xff9ff06f) j       pc - 0x8
core   0: 3 0x80013854 (0xff9ff06f)
core   0: 0x8001384c (0x00001f17) auipc   t5, 0x1
core   0: 3 0x8001384c (0x00001f17) x30 0x8001484c
core   0: 0x80013850 (0x7a3f2a23) sw      gp, 1972(t5)
core   0: 3 0x80013850 (0x7a3f2a23) mem 0x80015000 0x00000001
core   0: 0x80013854 (0xff9ff06f) j       pc - 0x8
core   0: 3 0x80013854 (0xff9ff06f)
core   0: 0x8001384c (0x00001f17) auipc   t5, 0x1
core   0: 3 0x8001384c (0x00001f17) x30 0x8001484c
core   0: 0x80013850 (0x7a3f2a23) sw      gp, 1972(t5)
core   0: 3 0x80013850 (0x7a3f2a23) mem 0x80015000 0x00000001
core   0: 0x80013854 (0xff9ff06f) j       pc - 0x8
core   0: 3 0x80013854 (0xff9ff06f)
core   0: 0x8001384c (0x00001f17) auipc   t5, 0x1
core   0: 3 0x8001384c (0x00001f17) x30 0x8001484c
core   0: 0x80013850 (0x7a3f2a23) sw      gp, 1972(t5)
core   0: 3 0x80013850 (0x7a3f2a23) mem 0x80015000 0x00000001
core   0: 0x80013854 (0xff9ff06f) j       pc - 0x8
core   0: 3 0x80013854 (0xff9ff06f)
core   0: 0x8001384c (0x00001f17) auipc   t5, 0x1
core   0: 3 0x8001384c (0x00001f17) x30 0x8001484c
core   0: 0x80013850 (0x7a3f2a23) sw      gp, 1972(t5)
core   0: 3 0x80013850 (0x7a3f2a23) mem 0x80015000 0x00000001
core   0: 0x80013854 (0xff9ff06f) j       pc - 0x8
core   0: 3 0x80013854 (0xff9ff06f)
core   0: 0x8001384c (0x00001f17) auipc   t5, 0x1
core   0: 3 0x8001384c (0x00001f17) x30 0x8001484c
core   0: 0x80013850 (0x7a3f2a23) sw      gp, 1972(t5)
core   0: 3 0x80013850 (0x7a3f2a23) mem 0x80015000 0x00000001
core   0: 0x80013854 (0xff9ff06f) j       pc - 0x8
core   0: 3 0x80013854 (0xff9ff06f)
core   0: 0x8001384c (0x00001f17) auipc   t5, 0x1
core   0: 3 0x8001384c (0x00001f17) x30 0x8001484c
core   0: 0x80013850 (0x7a3f2a23) sw      gp, 1972(t5)
core   0: 3 0x80013850 (0x7a3f2a23) mem 0x80015000 0x00000001
core   0: 0x80013854 (0xff9ff06f) j       pc - 0x8
core   0: 3 0x80013854 (0xff9ff06f)
core   0: 0x8001384c (0x00001f17) auipc   t5, 0x1
core   0: 3 0x8001384c (0x00001f17) x30 0x8001484c
core   0: 0x80013850 (0x7a3f2a23) sw      gp, 1972(t5)
core   0: 3 0x80013850 (0x7a3f2a23) mem 0x80015000 0x00000001
core   0: 0x80013854 (0xff9ff06f) j       pc - 0x8
core   0: 3 0x80013854 (0xff9ff06f)
core   0: 0x8001384c (0x00001f17) auipc   t5, 0x1
core   0: 3 0x8001384c (0x00001f17) x30 0x8001484c
core   0: 0x80013850 (0x7a3f2a23) sw      gp, 1972(t5)
core   0: 3 0x80013850 (0x7a3f2a23) mem 0x80015000 0x00000001
core   0: 0x80013854 (0xff9ff06f) j       pc - 0x8
core   0: 3 0x80013854 (0xff9ff06f)
core   0: 0x8001384c (0x00001f17) auipc   t5, 0x1
core   0: 3 0x8001384c (0x00001f17) x30 0x8001484c
core   0: 0x80013850 (0x7a3f2a23) sw      gp, 1972(t5)
core   0: 3 0x80013850 (0x7a3f2a23) mem 0x80015000 0x00000001
core   0: 0x80013854 (0xff9ff06f) j       pc - 0x8
core   0: 3 0x80013854 (0xff9ff06f)
core   0: 0x8001384c (0x00001f17) auipc   t5, 0x1
core   0: 3 0x8001384c (0x00001f17) x30 0x8001484c
core   0: 0x80013850 (0x7a3f2a23) sw      gp, 1972(t5)
core   0: 3 0x80013850 (0x7a3f2a23) mem 0x80015000 0x00000001
core   0: 0x80013854 (0xff9ff06f) j       pc - 0x8
core   0: 3 0x80013854 (0xff9ff06f)
core   0: 0x8001384c (0x00001f17) auipc   t5, 0x1
core   0: 3 0x8001384c (0x00001f17) x30 0x8001484c
core   0: 0x80013850 (0x7a3f2a23) sw      gp, 1972(t5)
core   0: 3 0x80013850 (0x7a3f2a23) mem 0x80015000 0x00000001
core   0: 0x80013854 (0xff9ff06f) j       pc - 0x8
core   0: 3 0x80013854 (0xff9ff06f)
core   0: 0x8001384c (0x00001f17) auipc   t5, 0x1
core   0: 3 0x8001384c (0x00001f17) x30 0x8001484c
core   0: 0x80013850 (0x7a3f2a23) sw      gp, 1972(t5)
core   0: 3 0x80013850 (0x7a3f2a23) mem 0x80015000 0x00000001
core   0: 0x80013854 (0xff9ff06f) j       pc - 0x8
core   0: 3 0x80013854 (0xff9ff06f)
core   0: 0x8001384c (0x00001f17) auipc   t5, 0x1
core   0: 3 0x8001384c (0x00001f17) x30 0x8001484c
core   0: 0x80013850 (0x7a3f2a23) sw      gp, 1972(t5)
core   0: 3 0x80013850 (0x7a3f2a23) mem 0x80015000 0x00000001
core   0: 0x80013854 (0xff9ff06f) j       pc - 0x8
core   0: 3 0x80013854 (0xff9ff06f)
core   0: 0x8001384c (0x00001f17) auipc   t5, 0x1
core   0: 3 0x8001384c (0x00001f17) x30 0x8001484c
core   0: 0x80013850 (0x7a3f2a23) sw      gp, 1972(t5)
core   0: 3 0x80013850 (0x7a3f2a23) mem 0x80015000 0x00000001
core   0: 0x80013854 (0xff9ff06f) j       pc - 0x8
core   0: 3 0x80013854 (0xff9ff06f)
core   0: 0x8001384c (0x00001f17) auipc   t5, 0x1
core   0: 3 0x8001384c (0x00001f17) x30 0x8001484c
core   0: 0x80013850 (0x7a3f2a23) sw      gp, 1972(t5)
core   0: 3 0x80013850 (0x7a3f2a23) mem 0x80015000 0x00000001
core   0: 0x80013854 (0xff9ff06f) j       pc - 0x8
core   0: 3 0x80013854 (0xff9ff06f)
core   0: 0x8001384c (0x00001f17) auipc   t5, 0x1
core   0: 3 0x8001384c (0x00001f17) x30 0x8001484c
core   0: 0x80013850 (0x7a3f2a23) sw      gp, 1972(t5)
core   0: 3 0x80013850 (0x7a3f2a23) mem 0x80015000 0x00000001
core   0: 0x80013854 (0xff9ff06f) j       pc - 0x8
core   0: 3 0x80013854 (0xff9ff06f)
core   0: 0x8001384c (0x00001f17) auipc   t5, 0x1
core   0: 3 0x8001384c (0x00001f17) x30 0x8001484c
core   0: 0x80013850 (0x7a3f2a23) sw      gp, 1972(t5)
core   0: 3 0x80013850 (0x7a3f2a23) mem 0x80015000 0x00000001
core   0: 0x80013854 (0xff9ff06f) j       pc - 0x8
core   0: 3 0x80013854 (0xff9ff06f)
core   0: 0x8001384c (0x00001f17) auipc   t5, 0x1
core   0: 3 0x8001384c (0x00001f17) x30 0x8001484c
core   0: 0x80013850 (0x7a3f2a23) sw      gp, 1972(t5)
core   0: 3 0x80013850 (0x7a3f2a23) mem 0x80015000 0x00000001
core   0: 0x80013854 (0xff9ff06f) j       pc - 0x8
core   0: 3 0x80013854 (0xff9ff06f)
core   0: 0x8001384c (0x00001f17) auipc   t5, 0x1
core   0: 3 0x8001384c (0x00001f17) x30 0x8001484c
core   0: 0x80013850 (0x7a3f2a23) sw      gp, 1972(t5)
core   0: 3 0x80013850 (0x7a3f2a23) mem 0x80015000 0x00000001
core   0: 0x80013854 (0xff9ff06f) j       pc - 0x8
core   0: 3 0x80013854 (0xff9ff06f)
core   0: 0x8001384c (0x00001f17) auipc   t5, 0x1
core   0: 3 0x8001384c (0x00001f17) x30 0x8001484c
core   0: 0x80013850 (0x7a3f2a23) sw      gp, 1972(t5)
core   0: 3 0x80013850 (0x7a3f2a23) mem 0x80015000 0x00000001
core   0: 0x80013854 (0xff9ff06f) j       pc - 0x8
core   0: 3 0x80013854 (0xff9ff06f)
core   0: 0x8001384c (0x00001f17) auipc   t5, 0x1
core   0: 3 0x8001384c (0x00001f17) x30 0x8001484c
core   0: 0x80013850 (0x7a3f2a23) sw      gp, 1972(t5)
core   0: 3 0x80013850 (0x7a3f2a23) mem 0x80015000 0x00000001
core   0: 0x80013854 (0xff9ff06f) j       pc - 0x8
core   0: 3 0x80013854 (0xff9ff06f)
core   0: 0x8001384c (0x00001f17) auipc   t5, 0x1
core   0: 3 0x8001384c (0x00001f17) x30 0x8001484c
core   0: 0x80013850 (0x7a3f2a23) sw      gp, 1972(t5)
core   0: 3 0x80013850 (0x7a3f2a23) mem 0x80015000 0x00000001
core   0: 0x80013854 (0xff9ff06f) j       pc - 0x8
core   0: 3 0x80013854 (0xff9ff06f)
core   0: 0x8001384c (0x00001f17) auipc   t5, 0x1
core   0: 3 0x8001384c (0x00001f17) x30 0x8001484c
core   0: 0x80013850 (0x7a3f2a23) sw      gp, 1972(t5)
core   0: 3 0x80013850 (0x7a3f2a23) mem 0x80015000 0x00000001
core   0: 0x80013854 (0xff9ff06f) j       pc - 0x8
core   0: 3 0x80013854 (0xff9ff06f)
core   0: 0x8001384c (0x00001f17) auipc   t5, 0x1
core   0: 3 0x8001384c (0x00001f17) x30 0x8001484c
core   0: 0x80013850 (0x7a3f2a23) sw      gp, 1972(t5)
core   0: 3 0x80013850 (0x7a3f2a23) mem 0x80015000 0x00000001
core   0: 0x80013854 (0xff9ff06f) j       pc - 0x8
core   0: 3 0x80013854 (0xff9ff06f)
core   0: 0x8001384c (0x00001f17) auipc   t5, 0x1
core   0: 3 0x8001384c (0x00001f17) x30 0x8001484c
core   0: 0x80013850 (0x7a3f2a23) sw      gp, 1972(t5)
core   0: 3 0x80013850 (0x7a3f2a23) mem 0x80015000 0x00000001
core   0: 0x80013854 (0xff9ff06f) j       pc - 0x8
core   0: 3 0x80013854 (0xff9ff06f)
core   0: 0x8001384c (0x00001f17) auipc   t5, 0x1
core   0: 3 0x8001384c (0x00001f17) x30 0x8001484c
core   0: 0x80013850 (0x7a3f2a23) sw      gp, 1972(t5)
core   0: 3 0x80013850 (0x7a3f2a23) mem 0x80015000 0x00000001
core   0: 0x80013854 (0xff9ff06f) j       pc - 0x8
core   0: 3 0x80013854 (0xff9ff06f)
core   0: 0x8001384c (0x00001f17) auipc   t5, 0x1
core   0: 3 0x8001384c (0x00001f17) x30 0x8001484c
core   0: 0x80013850 (0x7a3f2a23) sw      gp, 1972(t5)
core   0: 3 0x80013850 (0x7a3f2a23) mem 0x80015000 0x00000001
core   0: 0x80013854 (0xff9ff06f) j       pc - 0x8
core   0: 3 0x80013854 (0xff9ff06f)
core   0: 0x8001384c (0x00001f17) auipc   t5, 0x1
core   0: 3 0x8001384c (0x00001f17) x30 0x8001484c
core   0: 0x80013850 (0x7a3f2a23) sw      gp, 1972(t5)
core   0: 3 0x80013850 (0x7a3f2a23) mem 0x80015000 0x00000001
core   0: 0x80013854 (0xff9ff06f) j       pc - 0x8
core   0: 3 0x80013854 (0xff9ff06f)
core   0: 0x8001384c (0x00001f17) auipc   t5, 0x1
core   0: 3 0x8001384c (0x00001f17) x30 0x8001484c
core   0: 0x80013850 (0x7a3f2a23) sw      gp, 1972(t5)
core   0: 3 0x80013850 (0x7a3f2a23) mem 0x80015000 0x00000001
core   0: 0x80013854 (0xff9ff06f) j       pc - 0x8
core   0: 3 0x80013854 (0xff9ff06f)
core   0: 0x8001384c (0x00001f17) auipc   t5, 0x1
core   0: 3 0x8001384c (0x00001f17) x30 0x8001484c
core   0: 0x80013850 (0x7a3f2a23) sw      gp, 1972(t5)
core   0: 3 0x80013850 (0x7a3f2a23) mem 0x80015000 0x00000001
core   0: 0x80013854 (0xff9ff06f) j       pc - 0x8
core   0: 3 0x80013854 (0xff9ff06f)
core   0: 0x8001384c (0x00001f17) auipc   t5, 0x1
core   0: 3 0x8001384c (0x00001f17) x30 0x8001484c
core   0: 0x80013850 (0x7a3f2a23) sw      gp, 1972(t5)
core   0: 3 0x80013850 (0x7a3f2a23) mem 0x80015000 0x00000001
core   0: 0x80013854 (0xff9ff06f) j       pc - 0x8
core   0: 3 0x80013854 (0xff9ff06f)
core   0: 0x8001384c (0x00001f17) auipc   t5, 0x1
core   0: 3 0x8001384c (0x00001f17) x30 0x8001484c
core   0: 0x80013850 (0x7a3f2a23) sw      gp, 1972(t5)
core   0: 3 0x80013850 (0x7a3f2a23) mem 0x80015000 0x00000001
core   0: 0x80013854 (0xff9ff06f) j       pc - 0x8
core   0: 3 0x80013854 (0xff9ff06f)
core   0: 0x8001384c (0x00001f17) auipc   t5, 0x1
core   0: 3 0x8001384c (0x00001f17) x30 0x8001484c
core   0: 0x80013850 (0x7a3f2a23) sw      gp, 1972(t5)
core   0: 3 0x80013850 (0x7a3f2a23) mem 0x80015000 0x00000001
core   0: 0x80013854 (0xff9ff06f) j       pc - 0x8
core   0: 3 0x80013854 (0xff9ff06f)
core   0: 0x8001384c (0x00001f17) auipc   t5, 0x1
core   0: 3 0x8001384c (0x00001f17) x30 0x8001484c
core   0: 0x80013850 (0x7a3f2a23) sw      gp, 1972(t5)
core   0: 3 0x80013850 (0x7a3f2a23) mem 0x80015000 0x00000001
core   0: 0x80013854 (0xff9ff06f) j       pc - 0x8
core   0: 3 0x80013854 (0xff9ff06f)
core   0: 0x8001384c (0x00001f17) auipc   t5, 0x1
core   0: 3 0x8001384c (0x00001f17) x30 0x8001484c
core   0: 0x80013850 (0x7a3f2a23) sw      gp, 1972(t5)
core   0: 3 0x80013850 (0x7a3f2a23) mem 0x80015000 0x00000001
core   0: 0x80013854 (0xff9ff06f) j       pc - 0x8
core   0: 3 0x80013854 (0xff9ff06f)
core   0: 0x8001384c (0x00001f17) auipc   t5, 0x1
core   0: 3 0x8001384c (0x00001f17) x30 0x8001484c
core   0: 0x80013850 (0x7a3f2a23) sw      gp, 1972(t5)
core   0: 3 0x80013850 (0x7a3f2a23) mem 0x80015000 0x00000001
core   0: 0x80013854 (0xff9ff06f) j       pc - 0x8
core   0: 3 0x80013854 (0xff9ff06f)
core   0: 0x8001384c (0x00001f17) auipc   t5, 0x1
core   0: 3 0x8001384c (0x00001f17) x30 0x8001484c
core   0: 0x80013850 (0x7a3f2a23) sw      gp, 1972(t5)
core   0: 3 0x80013850 (0x7a3f2a23) mem 0x80015000 0x00000001
core   0: 0x80013854 (0xff9ff06f) j       pc - 0x8
core   0: 3 0x80013854 (0xff9ff06f)
core   0: 0x8001384c (0x00001f17) auipc   t5, 0x1
core   0: 3 0x8001384c (0x00001f17) x30 0x8001484c
core   0: 0x80013850 (0x7a3f2a23) sw      gp, 1972(t5)
core   0: 3 0x80013850 (0x7a3f2a23) mem 0x80015000 0x00000001
core   0: 0x80013854 (0xff9ff06f) j       pc - 0x8
core   0: 3 0x80013854 (0xff9ff06f)
core   0: 0x8001384c (0x00001f17) auipc   t5, 0x1
core   0: 3 0x8001384c (0x00001f17) x30 0x8001484c
core   0: 0x80013850 (0x7a3f2a23) sw      gp, 1972(t5)
core   0: 3 0x80013850 (0x7a3f2a23) mem 0x80015000 0x00000001
core   0: 0x80013854 (0xff9ff06f) j       pc - 0x8
core   0: 3 0x80013854 (0xff9ff06f)
core   0: 0x8001384c (0x00001f17) auipc   t5, 0x1
core   0: 3 0x8001384c (0x00001f17) x30 0x8001484c
core   0: 0x80013850 (0x7a3f2a23) sw      gp, 1972(t5)
core   0: 3 0x80013850 (0x7a3f2a23) mem 0x80015000 0x00000001
core   0: 0x80013854 (0xff9ff06f) j       pc - 0x8
core   0: 3 0x80013854 (0xff9ff06f)
core   0: 0x8001384c (0x00001f17) auipc   t5, 0x1
core   0: 3 0x8001384c (0x00001f17) x30 0x8001484c
core   0: 0x80013850 (0x7a3f2a23) sw      gp, 1972(t5)
core   0: 3 0x80013850 (0x7a3f2a23) mem 0x80015000 0x00000001
core   0: 0x80013854 (0xff9ff06f) j       pc - 0x8
core   0: 3 0x80013854 (0xff9ff06f)
core   0: 0x8001384c (0x00001f17) auipc   t5, 0x1
core   0: 3 0x8001384c (0x00001f17) x30 0x8001484c
core   0: 0x80013850 (0x7a3f2a23) sw      gp, 1972(t5)
core   0: 3 0x80013850 (0x7a3f2a23) mem 0x80015000 0x00000001
core   0: 0x80013854 (0xff9ff06f) j       pc - 0x8
core   0: 3 0x80013854 (0xff9ff06f)
core   0: 0x8001384c (0x00001f17) auipc   t5, 0x1
core   0: 3 0x8001384c (0x00001f17) x30 0x8001484c
core   0: 0x80013850 (0x7a3f2a23) sw      gp, 1972(t5)
core   0: 3 0x80013850 (0x7a3f2a23) mem 0x80015000 0x00000001
core   0: 0x80013854 (0xff9ff06f) j       pc - 0x8
core   0: 3 0x80013854 (0xff9ff06f)
core   0: 0x8001384c (0x00001f17) auipc   t5, 0x1
core   0: 3 0x8001384c (0x00001f17) x30 0x8001484c
core   0: 0x80013850 (0x7a3f2a23) sw      gp, 1972(t5)
core   0: 3 0x80013850 (0x7a3f2a23) mem 0x80015000 0x00000001
core   0: 0x80013854 (0xff9ff06f) j       pc - 0x8
core   0: 3 0x80013854 (0xff9ff06f)
core   0: 0x8001384c (0x00001f17) auipc   t5, 0x1
core   0: 3 0x8001384c (0x00001f17) x30 0x8001484c
core   0: 0x80013850 (0x7a3f2a23) sw      gp, 1972(t5)
core   0: 3 0x80013850 (0x7a3f2a23) mem 0x80015000 0x00000001
core   0: 0x80013854 (0xff9ff06f) j       pc - 0x8
core   0: 3 0x80013854 (0xff9ff06f)
core   0: 0x8001384c (0x00001f17) auipc   t5, 0x1
core   0: 3 0x8001384c (0x00001f17) x30 0x8001484c
core   0: 0x80013850 (0x7a3f2a23) sw      gp, 1972(t5)
core   0: 3 0x80013850 (0x7a3f2a23) mem 0x80015000 0x00000001
core   0: 0x80013854 (0xff9ff06f) j       pc - 0x8
core   0: 3 0x80013854 (0xff9ff06f)
core   0: 0x8001384c (0x00001f17) auipc   t5, 0x1
core   0: 3 0x8001384c (0x00001f17) x30 0x8001484c
core   0: 0x80013850 (0x7a3f2a23) sw      gp, 1972(t5)
core   0: 3 0x80013850 (0x7a3f2a23) mem 0x80015000 0x00000001
core   0: 0x80013854 (0xff9ff06f) j       pc - 0x8
core   0: 3 0x80013854 (0xff9ff06f)
core   0: 0x8001384c (0x00001f17) auipc   t5, 0x1
core   0: 3 0x8001384c (0x00001f17) x30 0x8001484c
core   0: 0x80013850 (0x7a3f2a23) sw      gp, 1972(t5)
core   0: 3 0x80013850 (0x7a3f2a23) mem 0x80015000 0x00000001
core   0: 0x80013854 (0xff9ff06f) j       pc - 0x8
core   0: 3 0x80013854 (0xff9ff06f)
core   0: 0x8001384c (0x00001f17) auipc   t5, 0x1
core   0: 3 0x8001384c (0x00001f17) x30 0x8001484c
core   0: 0x80013850 (0x7a3f2a23) sw      gp, 1972(t5)
core   0: 3 0x80013850 (0x7a3f2a23) mem 0x80015000 0x00000001
core   0: 0x80013854 (0xff9ff06f) j       pc - 0x8
core   0: 3 0x80013854 (0xff9ff06f)
core   0: 0x8001384c (0x00001f17) auipc   t5, 0x1
core   0: 3 0x8001384c (0x00001f17) x30 0x8001484c
core   0: 0x80013850 (0x7a3f2a23) sw      gp, 1972(t5)
core   0: 3 0x80013850 (0x7a3f2a23) mem 0x80015000 0x00000001
core   0: 0x80013854 (0xff9ff06f) j       pc - 0x8
core   0: 3 0x80013854 (0xff9ff06f)
core   0: 0x8001384c (0x00001f17) auipc   t5, 0x1
core   0: 3 0x8001384c (0x00001f17) x30 0x8001484c
core   0: 0x80013850 (0x7a3f2a23) sw      gp, 1972(t5)
core   0: 3 0x80013850 (0x7a3f2a23) mem 0x80015000 0x00000001
core   0: 0x80013854 (0xff9ff06f) j       pc - 0x8
core   0: 3 0x80013854 (0xff9ff06f)
core   0: 0x8001384c (0x00001f17) auipc   t5, 0x1
core   0: 3 0x8001384c (0x00001f17) x30 0x8001484c
core   0: 0x80013850 (0x7a3f2a23) sw      gp, 1972(t5)
core   0: 3 0x80013850 (0x7a3f2a23) mem 0x80015000 0x00000001
core   0: 0x80013854 (0xff9ff06f) j       pc - 0x8
core   0: 3 0x80013854 (0xff9ff06f)
core   0: 0x8001384c (0x00001f17) auipc   t5, 0x1
core   0: 3 0x8001384c (0x00001f17) x30 0x8001484c
core   0: 0x80013850 (0x7a3f2a23) sw      gp, 1972(t5)
core   0: 3 0x80013850 (0x7a3f2a23) mem 0x80015000 0x00000001
core   0: 0x80013854 (0xff9ff06f) j       pc - 0x8
core   0: 3 0x80013854 (0xff9ff06f)
core   0: 0x8001384c (0x00001f17) auipc   t5, 0x1
core   0: 3 0x8001384c (0x00001f17) x30 0x8001484c
core   0: 0x80013850 (0x7a3f2a23) sw      gp, 1972(t5)
core   0: 3 0x80013850 (0x7a3f2a23) mem 0x80015000 0x00000001
core   0: 0x80013854 (0xff9ff06f) j       pc - 0x8
core   0: 3 0x80013854 (0xff9ff06f)
core   0: 0x8001384c (0x00001f17) auipc   t5, 0x1
core   0: 3 0x8001384c (0x00001f17) x30 0x8001484c
core   0: 0x80013850 (0x7a3f2a23) sw      gp, 1972(t5)
core   0: 3 0x80013850 (0x7a3f2a23) mem 0x80015000 0x00000001
core   0: 0x80013854 (0xff9ff06f) j       pc - 0x8
core   0: 3 0x80013854 (0xff9ff06f)
core   0: 0x8001384c (0x00001f17) auipc   t5, 0x1
core   0: 3 0x8001384c (0x00001f17) x30 0x8001484c
core   0: 0x80013850 (0x7a3f2a23) sw      gp, 1972(t5)
core   0: 3 0x80013850 (0x7a3f2a23) mem 0x80015000 0x00000001
core   0: 0x80013854 (0xff9ff06f) j       pc - 0x8
core   0: 3 0x80013854 (0xff9ff06f)
core   0: 0x8001384c (0x00001f17) auipc   t5, 0x1
core   0: 3 0x8001384c (0x00001f17) x30 0x8001484c
core   0: 0x80013850 (0x7a3f2a23) sw      gp, 1972(t5)
core   0: 3 0x80013850 (0x7a3f2a23) mem 0x80015000 0x00000001
core   0: 0x80013854 (0xff9ff06f) j       pc - 0x8
core   0: 3 0x80013854 (0xff9ff06f)
core   0: 0x8001384c (0x00001f17) auipc   t5, 0x1
core   0: 3 0x8001384c (0x00001f17) x30 0x8001484c
core   0: 0x80013850 (0x7a3f2a23) sw      gp, 1972(t5)
core   0: 3 0x80013850 (0x7a3f2a23) mem 0x80015000 0x00000001
core   0: 0x80013854 (0xff9ff06f) j       pc - 0x8
core   0: 3 0x80013854 (0xff9ff06f)
core   0: 0x8001384c (0x00001f17) auipc   t5, 0x1
core   0: 3 0x8001384c (0x00001f17) x30 0x8001484c
core   0: 0x80013850 (0x7a3f2a23) sw      gp, 1972(t5)
core   0: 3 0x80013850 (0x7a3f2a23) mem 0x80015000 0x00000001
core   0: 0x80013854 (0xff9ff06f) j       pc - 0x8
core   0: 3 0x80013854 (0xff9ff06f)
core   0: 0x8001384c (0x00001f17) auipc   t5, 0x1
core   0: 3 0x8001384c (0x00001f17) x30 0x8001484c
core   0: 0x80013850 (0x7a3f2a23) sw      gp, 1972(t5)
core   0: 3 0x80013850 (0x7a3f2a23) mem 0x80015000 0x00000001
core   0: 0x80013854 (0xff9ff06f) j       pc - 0x8
core   0: 3 0x80013854 (0xff9ff06f)
core   0: 0x8001384c (0x00001f17) auipc   t5, 0x1
core   0: 3 0x8001384c (0x00001f17) x30 0x8001484c
core   0: 0x80013850 (0x7a3f2a23) sw      gp, 1972(t5)
core   0: 3 0x80013850 (0x7a3f2a23) mem 0x80015000 0x00000001
core   0: 0x80013854 (0xff9ff06f) j       pc - 0x8
core   0: 3 0x80013854 (0xff9ff06f)
core   0: 0x8001384c (0x00001f17) auipc   t5, 0x1
core   0: 3 0x8001384c (0x00001f17) x30 0x8001484c
core   0: 0x80013850 (0x7a3f2a23) sw      gp, 1972(t5)
core   0: 3 0x80013850 (0x7a3f2a23) mem 0x80015000 0x00000001
core   0: 0x80013854 (0xff9ff06f) j       pc - 0x8
core   0: 3 0x80013854 (0xff9ff06f)
core   0: 0x8001384c (0x00001f17) auipc   t5, 0x1
core   0: 3 0x8001384c (0x00001f17) x30 0x8001484c
core   0: 0x80013850 (0x7a3f2a23) sw      gp, 1972(t5)
core   0: 3 0x80013850 (0x7a3f2a23) mem 0x80015000 0x00000001
core   0: 0x80013854 (0xff9ff06f) j       pc - 0x8
core   0: 3 0x80013854 (0xff9ff06f)
core   0: 0x8001384c (0x00001f17) auipc   t5, 0x1
core   0: 3 0x8001384c (0x00001f17) x30 0x8001484c
core   0: 0x80013850 (0x7a3f2a23) sw      gp, 1972(t5)
core   0: 3 0x80013850 (0x7a3f2a23) mem 0x80015000 0x00000001
core   0: 0x80013854 (0xff9ff06f) j       pc - 0x8
core   0: 3 0x80013854 (0xff9ff06f)
core   0: 0x8001384c (0x00001f17) auipc   t5, 0x1
core   0: 3 0x8001384c (0x00001f17) x30 0x8001484c
core   0: 0x80013850 (0x7a3f2a23) sw      gp, 1972(t5)
core   0: 3 0x80013850 (0x7a3f2a23) mem 0x80015000 0x00000001
core   0: 0x80013854 (0xff9ff06f) j       pc - 0x8
core   0: 3 0x80013854 (0xff9ff06f)
core   0: 0x8001384c (0x00001f17) auipc   t5, 0x1
core   0: 3 0x8001384c (0x00001f17) x30 0x8001484c
core   0: 0x80013850 (0x7a3f2a23) sw      gp, 1972(t5)
core   0: 3 0x80013850 (0x7a3f2a23) mem 0x80015000 0x00000001
core   0: 0x80013854 (0xff9ff06f) j       pc - 0x8
core   0: 3 0x80013854 (0xff9ff06f)
core   0: 0x8001384c (0x00001f17) auipc   t5, 0x1
core   0: 3 0x8001384c (0x00001f17) x30 0x8001484c
core   0: 0x80013850 (0x7a3f2a23) sw      gp, 1972(t5)
core   0: 3 0x80013850 (0x7a3f2a23) mem 0x80015000 0x00000001
core   0: 0x80013854 (0xff9ff06f) j       pc - 0x8
core   0: 3 0x80013854 (0xff9ff06f)
core   0: 0x8001384c (0x00001f17) auipc   t5, 0x1
core   0: 3 0x8001384c (0x00001f17) x30 0x8001484c
core   0: 0x80013850 (0x7a3f2a23) sw      gp, 1972(t5)
core   0: 3 0x80013850 (0x7a3f2a23) mem 0x80015000 0x00000001
core   0: 0x80013854 (0xff9ff06f) j       pc - 0x8
core   0: 3 0x80013854 (0xff9ff06f)
core   0: 0x8001384c (0x00001f17) auipc   t5, 0x1
core   0: 3 0x8001384c (0x00001f17) x30 0x8001484c
core   0: 0x80013850 (0x7a3f2a23) sw      gp, 1972(t5)
core   0: 3 0x80013850 (0x7a3f2a23) mem 0x80015000 0x00000001
core   0: 0x80013854 (0xff9ff06f) j       pc - 0x8
core   0: 3 0x80013854 (0xff9ff06f)
core   0: 0x8001384c (0x00001f17) auipc   t5, 0x1
core   0: 3 0x8001384c (0x00001f17) x30 0x8001484c
core   0: 0x80013850 (0x7a3f2a23) sw      gp, 1972(t5)
core   0: 3 0x80013850 (0x7a3f2a23) mem 0x80015000 0x00000001
core   0: 0x80013854 (0xff9ff06f) j       pc - 0x8
core   0: 3 0x80013854 (0xff9ff06f)
core   0: 0x8001384c (0x00001f17) auipc   t5, 0x1
core   0: 3 0x8001384c (0x00001f17) x30 0x8001484c
core   0: 0x80013850 (0x7a3f2a23) sw      gp, 1972(t5)
core   0: 3 0x80013850 (0x7a3f2a23) mem 0x80015000 0x00000001
core   0: 0x80013854 (0xff9ff06f) j       pc - 0x8
core   0: 3 0x80013854 (0xff9ff06f)
core   0: 0x8001384c (0x00001f17) auipc   t5, 0x1
core   0: 3 0x8001384c (0x00001f17) x30 0x8001484c
core   0: 0x80013850 (0x7a3f2a23) sw      gp, 1972(t5)
core   0: 3 0x80013850 (0x7a3f2a23) mem 0x80015000 0x00000001
core   0: 0x80013854 (0xff9ff06f) j       pc - 0x8
core   0: 3 0x80013854 (0xff9ff06f)
core   0: 0x8001384c (0x00001f17) auipc   t5, 0x1
core   0: 3 0x8001384c (0x00001f17) x30 0x8001484c
core   0: 0x80013850 (0x7a3f2a23) sw      gp, 1972(t5)
core   0: 3 0x80013850 (0x7a3f2a23) mem 0x80015000 0x00000001
core   0: 0x80013854 (0xff9ff06f) j       pc - 0x8
core   0: 3 0x80013854 (0xff9ff06f)
core   0: 0x8001384c (0x00001f17) auipc   t5, 0x1
core   0: 3 0x8001384c (0x00001f17) x30 0x8001484c
core   0: 0x80013850 (0x7a3f2a23) sw      gp, 1972(t5)
core   0: 3 0x80013850 (0x7a3f2a23) mem 0x80015000 0x00000001
core   0: 0x80013854 (0xff9ff06f) j       pc - 0x8
core   0: 3 0x80013854 (0xff9ff06f)
core   0: 0x8001384c (0x00001f17) auipc   t5, 0x1
core   0: 3 0x8001384c (0x00001f17) x30 0x8001484c
core   0: 0x80013850 (0x7a3f2a23) sw      gp, 1972(t5)
core   0: 3 0x80013850 (0x7a3f2a23) mem 0x80015000 0x00000001
core   0: 0x80013854 (0xff9ff06f) j       pc - 0x8
core   0: 3 0x80013854 (0xff9ff06f)
core   0: 0x8001384c (0x00001f17) auipc   t5, 0x1
core   0: 3 0x8001384c (0x00001f17) x30 0x8001484c
core   0: 0x80013850 (0x7a3f2a23) sw      gp, 1972(t5)
core   0: 3 0x80013850 (0x7a3f2a23) mem 0x80015000 0x00000001
core   0: 0x80013854 (0xff9ff06f) j       pc - 0x8
core   0: 3 0x80013854 (0xff9ff06f)
core   0: 0x8001384c (0x00001f17) auipc   t5, 0x1
core   0: 3 0x8001384c (0x00001f17) x30 0x8001484c
core   0: 0x80013850 (0x7a3f2a23) sw      gp, 1972(t5)
core   0: 3 0x80013850 (0x7a3f2a23) mem 0x80015000 0x00000001
core   0: 0x80013854 (0xff9ff06f) j       pc - 0x8
core   0: 3 0x80013854 (0xff9ff06f)
core   0: 0x8001384c (0x00001f17) auipc   t5, 0x1
core   0: 3 0x8001384c (0x00001f17) x30 0x8001484c
core   0: 0x80013850 (0x7a3f2a23) sw      gp, 1972(t5)
core   0: 3 0x80013850 (0x7a3f2a23) mem 0x80015000 0x00000001
core   0: 0x80013854 (0xff9ff06f) j       pc - 0x8
core   0: 3 0x80013854 (0xff9ff06f)
core   0: 0x8001384c (0x00001f17) auipc   t5, 0x1
core   0: 3 0x8001384c (0x00001f17) x30 0x8001484c
core   0: 0x80013850 (0x7a3f2a23) sw      gp, 1972(t5)
core   0: 3 0x80013850 (0x7a3f2a23) mem 0x80015000 0x00000001
core   0: 0x80013854 (0xff9ff06f) j       pc - 0x8
core   0: 3 0x80013854 (0xff9ff06f)
core   0: 0x8001384c (0x00001f17) auipc   t5, 0x1
core   0: 3 0x8001384c (0x00001f17) x30 0x8001484c
core   0: 0x80013850 (0x7a3f2a23) sw      gp, 1972(t5)
core   0: 3 0x80013850 (0x7a3f2a23) mem 0x80015000 0x00000001
core   0: 0x80013854 (0xff9ff06f) j       pc - 0x8
core   0: 3 0x80013854 (0xff9ff06f)
core   0: 0x8001384c (0x00001f17) auipc   t5, 0x1
core   0: 3 0x8001384c (0x00001f17) x30 0x8001484c
core   0: 0x80013850 (0x7a3f2a23) sw      gp, 1972(t5)
core   0: 3 0x80013850 (0x7a3f2a23) mem 0x80015000 0x00000001
core   0: 0x80013854 (0xff9ff06f) j       pc - 0x8
core   0: 3 0x80013854 (0xff9ff06f)
core   0: 0x8001384c (0x00001f17) auipc   t5, 0x1
core   0: 3 0x8001384c (0x00001f17) x30 0x8001484c
core   0: 0x80013850 (0x7a3f2a23) sw      gp, 1972(t5)
core   0: 3 0x80013850 (0x7a3f2a23) mem 0x80015000 0x00000001
core   0: 0x80013854 (0xff9ff06f) j       pc - 0x8
core   0: 3 0x80013854 (0xff9ff06f)
core   0: 0x8001384c (0x00001f17) auipc   t5, 0x1
core   0: 3 0x8001384c (0x00001f17) x30 0x8001484c
core   0: 0x80013850 (0x7a3f2a23) sw      gp, 1972(t5)
core   0: 3 0x80013850 (0x7a3f2a23) mem 0x80015000 0x00000001
core   0: 0x80013854 (0xff9ff06f) j       pc - 0x8
core   0: 3 0x80013854 (0xff9ff06f)
core   0: 0x8001384c (0x00001f17) auipc   t5, 0x1
core   0: 3 0x8001384c (0x00001f17) x30 0x8001484c
core   0: 0x80013850 (0x7a3f2a23) sw      gp, 1972(t5)
core   0: 3 0x80013850 (0x7a3f2a23) mem 0x80015000 0x00000001
core   0: 0x80013854 (0xff9ff06f) j       pc - 0x8
core   0: 3 0x80013854 (0xff9ff06f)
core   0: 0x8001384c (0x00001f17) auipc   t5, 0x1
core   0: 3 0x8001384c (0x00001f17) x30 0x8001484c
core   0: 0x80013850 (0x7a3f2a23) sw      gp, 1972(t5)
core   0: 3 0x80013850 (0x7a3f2a23) mem 0x80015000 0x00000001
core   0: 0x80013854 (0xff9ff06f) j       pc - 0x8
core   0: 3 0x80013854 (0xff9ff06f)
core   0: 0x8001384c (0x00001f17) auipc   t5, 0x1
core   0: 3 0x8001384c (0x00001f17) x30 0x8001484c
core   0: 0x80013850 (0x7a3f2a23) sw      gp, 1972(t5)
core   0: 3 0x80013850 (0x7a3f2a23) mem 0x80015000 0x00000001
core   0: 0x80013854 (0xff9ff06f) j       pc - 0x8
core   0: 3 0x80013854 (0xff9ff06f)
core   0: 0x8001384c (0x00001f17) auipc   t5, 0x1
core   0: 3 0x8001384c (0x00001f17) x30 0x8001484c
core   0: 0x80013850 (0x7a3f2a23) sw      gp, 1972(t5)
core   0: 3 0x80013850 (0x7a3f2a23) mem 0x80015000 0x00000001
core   0: 0x80013854 (0xff9ff06f) j       pc - 0x8
core   0: 3 0x80013854 (0xff9ff06f)
core   0: 0x8001384c (0x00001f17) auipc   t5, 0x1
core   0: 3 0x8001384c (0x00001f17) x30 0x8001484c
core   0: 0x80013850 (0x7a3f2a23) sw      gp, 1972(t5)
core   0: 3 0x80013850 (0x7a3f2a23) mem 0x80015000 0x00000001
core   0: 0x80013854 (0xff9ff06f) j       pc - 0x8
core   0: 3 0x80013854 (0xff9ff06f)
core   0: 0x8001384c (0x00001f17) auipc   t5, 0x1
core   0: 3 0x8001384c (0x00001f17) x30 0x8001484c
core   0: 0x80013850 (0x7a3f2a23) sw      gp, 1972(t5)
core   0: 3 0x80013850 (0x7a3f2a23) mem 0x80015000 0x00000001
core   0: 0x80013854 (0xff9ff06f) j       pc - 0x8
core   0: 3 0x80013854 (0xff9ff06f)
core   0: 0x8001384c (0x00001f17) auipc   t5, 0x1
core   0: 3 0x8001384c (0x00001f17) x30 0x8001484c
core   0: 0x80013850 (0x7a3f2a23) sw      gp, 1972(t5)
core   0: 3 0x80013850 (0x7a3f2a23) mem 0x80015000 0x00000001
core   0: 0x80013854 (0xff9ff06f) j       pc - 0x8
core   0: 3 0x80013854 (0xff9ff06f)
core   0: 0x8001384c (0x00001f17) auipc   t5, 0x1
core   0: 3 0x8001384c (0x00001f17) x30 0x8001484c
core   0: 0x80013850 (0x7a3f2a23) sw      gp, 1972(t5)
core   0: 3 0x80013850 (0x7a3f2a23) mem 0x80015000 0x00000001
core   0: 0x80013854 (0xff9ff06f) j       pc - 0x8
core   0: 3 0x80013854 (0xff9ff06f)
core   0: 0x8001384c (0x00001f17) auipc   t5, 0x1
core   0: 3 0x8001384c (0x00001f17) x30 0x8001484c
core   0: 0x80013850 (0x7a3f2a23) sw      gp, 1972(t5)
core   0: 3 0x80013850 (0x7a3f2a23) mem 0x80015000 0x00000001
core   0: 0x80013854 (0xff9ff06f) j       pc - 0x8
core   0: 3 0x80013854 (0xff9ff06f)
core   0: 0x8001384c (0x00001f17) auipc   t5, 0x1
core   0: 3 0x8001384c (0x00001f17) x30 0x8001484c
core   0: 0x80013850 (0x7a3f2a23) sw      gp, 1972(t5)
core   0: 3 0x80013850 (0x7a3f2a23) mem 0x80015000 0x00000001
core   0: 0x80013854 (0xff9ff06f) j       pc - 0x8
core   0: 3 0x80013854 (0xff9ff06f)
core   0: 0x8001384c (0x00001f17) auipc   t5, 0x1
core   0: 3 0x8001384c (0x00001f17) x30 0x8001484c
core   0: 0x80013850 (0x7a3f2a23) sw      gp, 1972(t5)
core   0: 3 0x80013850 (0x7a3f2a23) mem 0x80015000 0x00000001
core   0: 0x80013854 (0xff9ff06f) j       pc - 0x8
core   0: 3 0x80013854 (0xff9ff06f)
core   0: 0x8001384c (0x00001f17) auipc   t5, 0x1
core   0: 3 0x8001384c (0x00001f17) x30 0x8001484c
core   0: 0x80013850 (0x7a3f2a23) sw      gp, 1972(t5)
core   0: 3 0x80013850 (0x7a3f2a23) mem 0x80015000 0x00000001
core   0: 0x80013854 (0xff9ff06f) j       pc - 0x8
core   0: 3 0x80013854 (0xff9ff06f)
core   0: 0x8001384c (0x00001f17) auipc   t5, 0x1
core   0: 3 0x8001384c (0x00001f17) x30 0x8001484c
core   0: 0x80013850 (0x7a3f2a23) sw      gp, 1972(t5)
core   0: 3 0x80013850 (0x7a3f2a23) mem 0x80015000 0x00000001
core   0: 0x80013854 (0xff9ff06f) j       pc - 0x8
core   0: 3 0x80013854 (0xff9ff06f)
core   0: 0x8001384c (0x00001f17) auipc   t5, 0x1
core   0: 3 0x8001384c (0x00001f17) x30 0x8001484c
core   0: 0x80013850 (0x7a3f2a23) sw      gp, 1972(t5)
core   0: 3 0x80013850 (0x7a3f2a23) mem 0x80015000 0x00000001
core   0: 0x80013854 (0xff9ff06f) j       pc - 0x8
core   0: 3 0x80013854 (0xff9ff06f)
core   0: 0x8001384c (0x00001f17) auipc   t5, 0x1
core   0: 3 0x8001384c (0x00001f17) x30 0x8001484c
core   0: 0x80013850 (0x7a3f2a23) sw      gp, 1972(t5)
core   0: 3 0x80013850 (0x7a3f2a23) mem 0x80015000 0x00000001
core   0: 0x80013854 (0xff9ff06f) j       pc - 0x8
core   0: 3 0x80013854 (0xff9ff06f)
core   0: 0x8001384c (0x00001f17) auipc   t5, 0x1
core   0: 3 0x8001384c (0x00001f17) x30 0x8001484c
core   0: 0x80013850 (0x7a3f2a23) sw      gp, 1972(t5)
core   0: 3 0x80013850 (0x7a3f2a23) mem 0x80015000 0x00000001
core   0: 0x80013854 (0xff9ff06f) j       pc - 0x8
core   0: 3 0x80013854 (0xff9ff06f)
core   0: 0x8001384c (0x00001f17) auipc   t5, 0x1
core   0: 3 0x8001384c (0x00001f17) x30 0x8001484c
core   0: 0x80013850 (0x7a3f2a23) sw      gp, 1972(t5)
core   0: 3 0x80013850 (0x7a3f2a23) mem 0x80015000 0x00000001
core   0: 0x80013854 (0xff9ff06f) j       pc - 0x8
core   0: 3 0x80013854 (0xff9ff06f)
core   0: 0x8001384c (0x00001f17) auipc   t5, 0x1
core   0: 3 0x8001384c (0x00001f17) x30 0x8001484c
core   0: 0x80013850 (0x7a3f2a23) sw      gp, 1972(t5)
core   0: 3 0x80013850 (0x7a3f2a23) mem 0x80015000 0x00000001
core   0: 0x80013854 (0xff9ff06f) j       pc - 0x8
core   0: 3 0x80013854 (0xff9ff06f)
core   0: 0x8001384c (0x00001f17) auipc   t5, 0x1
core   0: 3 0x8001384c (0x00001f17) x30 0x8001484c
core   0: 0x80013850 (0x7a3f2a23) sw      gp, 1972(t5)
core   0: 3 0x80013850 (0x7a3f2a23) mem 0x80015000 0x00000001
core   0: 0x80013854 (0xff9ff06f) j       pc - 0x8
core   0: 3 0x80013854 (0xff9ff06f)
core   0: 0x8001384c (0x00001f17) auipc   t5, 0x1
core   0: 3 0x8001384c (0x00001f17) x30 0x8001484c
core   0: 0x80013850 (0x7a3f2a23) sw      gp, 1972(t5)
core   0: 3 0x80013850 (0x7a3f2a23) mem 0x80015000 0x00000001
core   0: 0x80013854 (0xff9ff06f) j       pc - 0x8
core   0: 3 0x80013854 (0xff9ff06f)
core   0: 0x8001384c (0x00001f17) auipc   t5, 0x1
core   0: 3 0x8001384c (0x00001f17) x30 0x8001484c
core   0: 0x80013850 (0x7a3f2a23) sw      gp, 1972(t5)
core   0: 3 0x80013850 (0x7a3f2a23) mem 0x80015000 0x00000001
core   0: 0x80013854 (0xff9ff06f) j       pc - 0x8
core   0: 3 0x80013854 (0xff9ff06f)
core   0: 0x8001384c (0x00001f17) auipc   t5, 0x1
core   0: 3 0x8001384c (0x00001f17) x30 0x8001484c
core   0: 0x80013850 (0x7a3f2a23) sw      gp, 1972(t5)
core   0: 3 0x80013850 (0x7a3f2a23) mem 0x80015000 0x00000001
core   0: 0x80013854 (0xff9ff06f) j       pc - 0x8
core   0: 3 0x80013854 (0xff9ff06f)
core   0: 0x8001384c (0x00001f17) auipc   t5, 0x1
core   0: 3 0x8001384c (0x00001f17) x30 0x8001484c
core   0: 0x80013850 (0x7a3f2a23) sw      gp, 1972(t5)
core   0: 3 0x80013850 (0x7a3f2a23) mem 0x80015000 0x00000001
core   0: 0x80013854 (0xff9ff06f) j       pc - 0x8
core   0: 3 0x80013854 (0xff9ff06f)
core   0: 0x8001384c (0x00001f17) auipc   t5, 0x1
core   0: 3 0x8001384c (0x00001f17) x30 0x8001484c
core   0: 0x80013850 (0x7a3f2a23) sw      gp, 1972(t5)
core   0: 3 0x80013850 (0x7a3f2a23) mem 0x80015000 0x00000001
core   0: 0x80013854 (0xff9ff06f) j       pc - 0x8
core   0: 3 0x80013854 (0xff9ff06f)
core   0: 0x8001384c (0x00001f17) auipc   t5, 0x1
core   0: 3 0x8001384c (0x00001f17) x30 0x8001484c
core   0: 0x80013850 (0x7a3f2a23) sw      gp, 1972(t5)
core   0: 3 0x80013850 (0x7a3f2a23) mem 0x80015000 0x00000001
core   0: 0x80013854 (0xff9ff06f) j       pc - 0x8
core   0: 3 0x80013854 (0xff9ff06f)
core   0: 0x8001384c (0x00001f17) auipc   t5, 0x1
core   0: 3 0x8001384c (0x00001f17) x30 0x8001484c
core   0: 0x80013850 (0x7a3f2a23) sw      gp, 1972(t5)
core   0: 3 0x80013850 (0x7a3f2a23) mem 0x80015000 0x00000001
core   0: 0x80013854 (0xff9ff06f) j       pc - 0x8
core   0: 3 0x80013854 (0xff9ff06f)
core   0: 0x8001384c (0x00001f17) auipc   t5, 0x1
core   0: 3 0x8001384c (0x00001f17) x30 0x8001484c
core   0: 0x80013850 (0x7a3f2a23) sw      gp, 1972(t5)
core   0: 3 0x80013850 (0x7a3f2a23) mem 0x80015000 0x00000001
core   0: 0x80013854 (0xff9ff06f) j       pc - 0x8
core   0: 3 0x80013854 (0xff9ff06f)
core   0: 0x8001384c (0x00001f17) auipc   t5, 0x1
core   0: 3 0x8001384c (0x00001f17) x30 0x8001484c
core   0: 0x80013850 (0x7a3f2a23) sw      gp, 1972(t5)
core   0: 3 0x80013850 (0x7a3f2a23) mem 0x80015000 0x00000001
core   0: 0x80013854 (0xff9ff06f) j       pc - 0x8
core   0: 3 0x80013854 (0xff9ff06f)
core   0: 0x8001384c (0x00001f17) auipc   t5, 0x1
core   0: 3 0x8001384c (0x00001f17) x30 0x8001484c
core   0: 0x80013850 (0x7a3f2a23) sw      gp, 1972(t5)
core   0: 3 0x80013850 (0x7a3f2a23) mem 0x80015000 0x00000001
core   0: 0x80013854 (0xff9ff06f) j       pc - 0x8
core   0: 3 0x80013854 (0xff9ff06f)
core   0: 0x8001384c (0x00001f17) auipc   t5, 0x1
core   0: 3 0x8001384c (0x00001f17) x30 0x8001484c
core   0: 0x80013850 (0x7a3f2a23) sw      gp, 1972(t5)
core   0: 3 0x80013850 (0x7a3f2a23) mem 0x80015000 0x00000001
core   0: 0x80013854 (0xff9ff06f) j       pc - 0x8
core   0: 3 0x80013854 (0xff9ff06f)
core   0: 0x8001384c (0x00001f17) auipc   t5, 0x1
core   0: 3 0x8001384c (0x00001f17) x30 0x8001484c
core   0: 0x80013850 (0x7a3f2a23) sw      gp, 1972(t5)
core   0: 3 0x80013850 (0x7a3f2a23) mem 0x80015000 0x00000001
core   0: 0x80013854 (0xff9ff06f) j       pc - 0x8
core   0: 3 0x80013854 (0xff9ff06f)
core   0: 0x8001384c (0x00001f17) auipc   t5, 0x1
core   0: 3 0x8001384c (0x00001f17) x30 0x8001484c
core   0: 0x80013850 (0x7a3f2a23) sw      gp, 1972(t5)
core   0: 3 0x80013850 (0x7a3f2a23) mem 0x80015000 0x00000001
core   0: 0x80013854 (0xff9ff06f) j       pc - 0x8
core   0: 3 0x80013854 (0xff9ff06f)
core   0: 0x8001384c (0x00001f17) auipc   t5, 0x1
core   0: 3 0x8001384c (0x00001f17) x30 0x8001484c
core   0: 0x80013850 (0x7a3f2a23) sw      gp, 1972(t5)
core   0: 3 0x80013850 (0x7a3f2a23) mem 0x80015000 0x00000001
core   0: 0x80013854 (0xff9ff06f) j       pc - 0x8
core   0: 3 0x80013854 (0xff9ff06f)
core   0: 0x8001384c (0x00001f17) auipc   t5, 0x1
core   0: 3 0x8001384c (0x00001f17) x30 0x8001484c
core   0: 0x80013850 (0x7a3f2a23) sw      gp, 1972(t5)
core   0: 3 0x80013850 (0x7a3f2a23) mem 0x80015000 0x00000001
core   0: 0x80013854 (0xff9ff06f) j       pc - 0x8
core   0: 3 0x80013854 (0xff9ff06f)
core   0: 0x8001384c (0x00001f17) auipc   t5, 0x1
core   0: 3 0x8001384c (0x00001f17) x30 0x8001484c
core   0: 0x80013850 (0x7a3f2a23) sw      gp, 1972(t5)
core   0: 3 0x80013850 (0x7a3f2a23) mem 0x80015000 0x00000001
core   0: 0x80013854 (0xff9ff06f) j       pc - 0x8
core   0: 3 0x80013854 (0xff9ff06f)
core   0: 0x8001384c (0x00001f17) auipc   t5, 0x1
core   0: 3 0x8001384c (0x00001f17) x30 0x8001484c
core   0: 0x80013850 (0x7a3f2a23) sw      gp, 1972(t5)
core   0: 3 0x80013850 (0x7a3f2a23) mem 0x80015000 0x00000001
core   0: 0x80013854 (0xff9ff06f) j       pc - 0x8
core   0: 3 0x80013854 (0xff9ff06f)
core   0: 0x8001384c (0x00001f17) auipc   t5, 0x1
core   0: 3 0x8001384c (0x00001f17) x30 0x8001484c
core   0: 0x80013850 (0x7a3f2a23) sw      gp, 1972(t5)
core   0: 3 0x80013850 (0x7a3f2a23) mem 0x80015000 0x00000001
core   0: 0x80013854 (0xff9ff06f) j       pc - 0x8
core   0: 3 0x80013854 (0xff9ff06f)
core   0: 0x8001384c (0x00001f17) auipc   t5, 0x1
core   0: 3 0x8001384c (0x00001f17) x30 0x8001484c
core   0: 0x80013850 (0x7a3f2a23) sw      gp, 1972(t5)
core   0: 3 0x80013850 (0x7a3f2a23) mem 0x80015000 0x00000001
core   0: 0x80013854 (0xff9ff06f) j       pc - 0x8
core   0: 3 0x80013854 (0xff9ff06f)
core   0: 0x8001384c (0x00001f17) auipc   t5, 0x1
core   0: 3 0x8001384c (0x00001f17) x30 0x8001484c
core   0: 0x80013850 (0x7a3f2a23) sw      gp, 1972(t5)
core   0: 3 0x80013850 (0x7a3f2a23) mem 0x80015000 0x00000001
core   0: 0x80013854 (0xff9ff06f) j       pc - 0x8
core   0: 3 0x80013854 (0xff9ff06f)
core   0: 0x8001384c (0x00001f17) auipc   t5, 0x1
core   0: 3 0x8001384c (0x00001f17) x30 0x8001484c
core   0: 0x80013850 (0x7a3f2a23) sw      gp, 1972(t5)
core   0: 3 0x80013850 (0x7a3f2a23) mem 0x80015000 0x00000001
core   0: 0x80013854 (0xff9ff06f) j       pc - 0x8
core   0: 3 0x80013854 (0xff9ff06f)
core   0: 0x8001384c (0x00001f17) auipc   t5, 0x1
core   0: 3 0x8001384c (0x00001f17) x30 0x8001484c
core   0: 0x80013850 (0x7a3f2a23) sw      gp, 1972(t5)
core   0: 3 0x80013850 (0x7a3f2a23) mem 0x80015000 0x00000001
core   0: 0x80013854 (0xff9ff06f) j       pc - 0x8
core   0: 3 0x80013854 (0xff9ff06f)
core   0: 0x8001384c (0x00001f17) auipc   t5, 0x1
core   0: 3 0x8001384c (0x00001f17) x30 0x8001484c
core   0: 0x80013850 (0x7a3f2a23) sw      gp, 1972(t5)
core   0: 3 0x80013850 (0x7a3f2a23) mem 0x80015000 0x00000001
core   0: 0x80013854 (0xff9ff06f) j       pc - 0x8
core   0: 3 0x80013854 (0xff9ff06f)
core   0: 0x8001384c (0x00001f17) auipc   t5, 0x1
core   0: 3 0x8001384c (0x00001f17) x30 0x8001484c
core   0: 0x80013850 (0x7a3f2a23) sw      gp, 1972(t5)
core   0: 3 0x80013850 (0x7a3f2a23) mem 0x80015000 0x00000001
core   0: 0x80013854 (0xff9ff06f) j       pc - 0x8
core   0: 3 0x80013854 (0xff9ff06f)
core   0: 0x8001384c (0x00001f17) auipc   t5, 0x1
core   0: 3 0x8001384c (0x00001f17) x30 0x8001484c
core   0: 0x80013850 (0x7a3f2a23) sw      gp, 1972(t5)
core   0: 3 0x80013850 (0x7a3f2a23) mem 0x80015000 0x00000001
core   0: 0x80013854 (0xff9ff06f) j       pc - 0x8
core   0: 3 0x80013854 (0xff9ff06f)
core   0: 0x8001384c (0x00001f17) auipc   t5, 0x1
core   0: 3 0x8001384c (0x00001f17) x30 0x8001484c
core   0: 0x80013850 (0x7a3f2a23) sw      gp, 1972(t5)
core   0: 3 0x80013850 (0x7a3f2a23) mem 0x80015000 0x00000001
core   0: 0x80013854 (0xff9ff06f) j       pc - 0x8
core   0: 3 0x80013854 (0xff9ff06f)
core   0: 0x8001384c (0x00001f17) auipc   t5, 0x1
core   0: 3 0x8001384c (0x00001f17) x30 0x8001484c
core   0: 0x80013850 (0x7a3f2a23) sw      gp, 1972(t5)
core   0: 3 0x80013850 (0x7a3f2a23) mem 0x80015000 0x00000001
core   0: 0x80013854 (0xff9ff06f) j       pc - 0x8
core   0: 3 0x80013854 (0xff9ff06f)
core   0: 0x8001384c (0x00001f17) auipc   t5, 0x1
core   0: 3 0x8001384c (0x00001f17) x30 0x8001484c
core   0: 0x80013850 (0x7a3f2a23) sw      gp, 1972(t5)
core   0: 3 0x80013850 (0x7a3f2a23) mem 0x80015000 0x00000001
core   0: 0x80013854 (0xff9ff06f) j       pc - 0x8
core   0: 3 0x80013854 (0xff9ff06f)
core   0: 0x8001384c (0x00001f17) auipc   t5, 0x1
core   0: 3 0x8001384c (0x00001f17) x30 0x8001484c
core   0: 0x80013850 (0x7a3f2a23) sw      gp, 1972(t5)
core   0: 3 0x80013850 (0x7a3f2a23) mem 0x80015000 0x00000001
core   0: 0x80013854 (0xff9ff06f) j       pc - 0x8
core   0: 3 0x80013854 (0xff9ff06f)
core   0: 0x8001384c (0x00001f17) auipc   t5, 0x1
core   0: 3 0x8001384c (0x00001f17) x30 0x8001484c
core   0: 0x80013850 (0x7a3f2a23) sw      gp, 1972(t5)
core   0: 3 0x80013850 (0x7a3f2a23) mem 0x80015000 0x00000001
core   0: 0x80013854 (0xff9ff06f) j       pc - 0x8
core   0: 3 0x80013854 (0xff9ff06f)
core   0: 0x8001384c (0x00001f17) auipc   t5, 0x1
core   0: 3 0x8001384c (0x00001f17) x30 0x8001484c
core   0: 0x80013850 (0x7a3f2a23) sw      gp, 1972(t5)
core   0: 3 0x80013850 (0x7a3f2a23) mem 0x80015000 0x00000001
core   0: 0x80013854 (0xff9ff06f) j       pc - 0x8
core   0: 3 0x80013854 (0xff9ff06f)
core   0: 0x8001384c (0x00001f17) auipc   t5, 0x1
core   0: 3 0x8001384c (0x00001f17) x30 0x8001484c
core   0: 0x80013850 (0x7a3f2a23) sw      gp, 1972(t5)
core   0: 3 0x80013850 (0x7a3f2a23) mem 0x80015000 0x00000001
core   0: 0x80013854 (0xff9ff06f) j       pc - 0x8
core   0: 3 0x80013854 (0xff9ff06f)
core   0: 0x8001384c (0x00001f17) auipc   t5, 0x1
core   0: 3 0x8001384c (0x00001f17) x30 0x8001484c
core   0: 0x80013850 (0x7a3f2a23) sw      gp, 1972(t5)
core   0: 3 0x80013850 (0x7a3f2a23) mem 0x80015000 0x00000001
core   0: 0x80013854 (0xff9ff06f) j       pc - 0x8
core   0: 3 0x80013854 (0xff9ff06f)
core   0: 0x8001384c (0x00001f17) auipc   t5, 0x1
core   0: 3 0x8001384c (0x00001f17) x30 0x8001484c
core   0: 0x80013850 (0x7a3f2a23) sw      gp, 1972(t5)
core   0: 3 0x80013850 (0x7a3f2a23) mem 0x80015000 0x00000001
core   0: 0x80013854 (0xff9ff06f) j       pc - 0x8
core   0: 3 0x80013854 (0xff9ff06f)
core   0: 0x8001384c (0x00001f17) auipc   t5, 0x1
core   0: 3 0x8001384c (0x00001f17) x30 0x8001484c
core   0: 0x80013850 (0x7a3f2a23) sw      gp, 1972(t5)
core   0: 3 0x80013850 (0x7a3f2a23) mem 0x80015000 0x00000001
core   0: 0x80013854 (0xff9ff06f) j       pc - 0x8
core   0: 3 0x80013854 (0xff9ff06f)
core   0: 0x8001384c (0x00001f17) auipc   t5, 0x1
core   0: 3 0x8001384c (0x00001f17) x30 0x8001484c
core   0: 0x80013850 (0x7a3f2a23) sw      gp, 1972(t5)
core   0: 3 0x80013850 (0x7a3f2a23) mem 0x80015000 0x00000001
core   0: 0x80013854 (0xff9ff06f) j       pc - 0x8
core   0: 3 0x80013854 (0xff9ff06f)
core   0: 0x8001384c (0x00001f17) auipc   t5, 0x1
core   0: 3 0x8001384c (0x00001f17) x30 0x8001484c
core   0: 0x80013850 (0x7a3f2a23) sw      gp, 1972(t5)
core   0: 3 0x80013850 (0x7a3f2a23) mem 0x80015000 0x00000001
core   0: 0x80013854 (0xff9ff06f) j       pc - 0x8
core   0: 3 0x80013854 (0xff9ff06f)
core   0: 0x8001384c (0x00001f17) auipc   t5, 0x1
core   0: 3 0x8001384c (0x00001f17) x30 0x8001484c
core   0: 0x80013850 (0x7a3f2a23) sw      gp, 1972(t5)
core   0: 3 0x80013850 (0x7a3f2a23) mem 0x80015000 0x00000001
core   0: 0x80013854 (0xff9ff06f) j       pc - 0x8
core   0: 3 0x80013854 (0xff9ff06f)
core   0: 0x8001384c (0x00001f17) auipc   t5, 0x1
core   0: 3 0x8001384c (0x00001f17) x30 0x8001484c
core   0: 0x80013850 (0x7a3f2a23) sw      gp, 1972(t5)
core   0: 3 0x80013850 (0x7a3f2a23) mem 0x80015000 0x00000001
core   0: 0x80013854 (0xff9ff06f) j       pc - 0x8
core   0: 3 0x80013854 (0xff9ff06f)
core   0: 0x8001384c (0x00001f17) auipc   t5, 0x1
core   0: 3 0x8001384c (0x00001f17) x30 0x8001484c
core   0: 0x80013850 (0x7a3f2a23) sw      gp, 1972(t5)
core   0: 3 0x80013850 (0x7a3f2a23) mem 0x80015000 0x00000001
core   0: 0x80013854 (0xff9ff06f) j       pc - 0x8
core   0: 3 0x80013854 (0xff9ff06f)
core   0: 0x8001384c (0x00001f17) auipc   t5, 0x1
core   0: 3 0x8001384c (0x00001f17) x30 0x8001484c
core   0: 0x80013850 (0x7a3f2a23) sw      gp, 1972(t5)
core   0: 3 0x80013850 (0x7a3f2a23) mem 0x80015000 0x00000001
core   0: 0x80013854 (0xff9ff06f) j       pc - 0x8
core   0: 3 0x80013854 (0xff9ff06f)
core   0: 0x8001384c (0x00001f17) auipc   t5, 0x1
core   0: 3 0x8001384c (0x00001f17) x30 0x8001484c
core   0: 0x80013850 (0x7a3f2a23) sw      gp, 1972(t5)
core   0: 3 0x80013850 (0x7a3f2a23) mem 0x80015000 0x00000001
core   0: 0x80013854 (0xff9ff06f) j       pc - 0x8
core   0: 3 0x80013854 (0xff9ff06f)
core   0: 0x8001384c (0x00001f17) auipc   t5, 0x1
core   0: 3 0x8001384c (0x00001f17) x30 0x8001484c
core   0: 0x80013850 (0x7a3f2a23) sw      gp, 1972(t5)
core   0: 3 0x80013850 (0x7a3f2a23) mem 0x80015000 0x00000001
core   0: 0x80013854 (0xff9ff06f) j       pc - 0x8
core   0: 3 0x80013854 (0xff9ff06f)
core   0: 0x8001384c (0x00001f17) auipc   t5, 0x1
core   0: 3 0x8001384c (0x00001f17) x30 0x8001484c
core   0: 0x80013850 (0x7a3f2a23) sw      gp, 1972(t5)
core   0: 3 0x80013850 (0x7a3f2a23) mem 0x80015000 0x00000001
core   0: 0x80013854 (0xff9ff06f) j       pc - 0x8
core   0: 3 0x80013854 (0xff9ff06f)
core   0: 0x8001384c (0x00001f17) auipc   t5, 0x1
core   0: 3 0x8001384c (0x00001f17) x30 0x8001484c
core   0: 0x80013850 (0x7a3f2a23) sw      gp, 1972(t5)
core   0: 3 0x80013850 (0x7a3f2a23) mem 0x80015000 0x00000001
core   0: 0x80013854 (0xff9ff06f) j       pc - 0x8
core   0: 3 0x80013854 (0xff9ff06f)
core   0: 0x8001384c (0x00001f17) auipc   t5, 0x1
core   0: 3 0x8001384c (0x00001f17) x30 0x8001484c
core   0: 0x80013850 (0x7a3f2a23) sw      gp, 1972(t5)
core   0: 3 0x80013850 (0x7a3f2a23) mem 0x80015000 0x00000001
core   0: 0x80013854 (0xff9ff06f) j       pc - 0x8
core   0: 3 0x80013854 (0xff9ff06f)
core   0: 0x8001384c (0x00001f17) auipc   t5, 0x1
core   0: 3 0x8001384c (0x00001f17) x30 0x8001484c
core   0: 0x80013850 (0x7a3f2a23) sw      gp, 1972(t5)
core   0: 3 0x80013850 (0x7a3f2a23) mem 0x80015000 0x00000001
core   0: 0x80013854 (0xff9ff06f) j       pc - 0x8
core   0: 3 0x80013854 (0xff9ff06f)
core   0: 0x8001384c (0x00001f17) auipc   t5, 0x1
core   0: 3 0x8001384c (0x00001f17) x30 0x8001484c
core   0: 0x80013850 (0x7a3f2a23) sw      gp, 1972(t5)
core   0: 3 0x80013850 (0x7a3f2a23) mem 0x80015000 0x00000001
core   0: 0x80013854 (0xff9ff06f) j       pc - 0x8
core   0: 3 0x80013854 (0xff9ff06f)
core   0: 0x8001384c (0x00001f17) auipc   t5, 0x1
core   0: 3 0x8001384c (0x00001f17) x30 0x8001484c
core   0: 0x80013850 (0x7a3f2a23) sw      gp, 1972(t5)
core   0: 3 0x80013850 (0x7a3f2a23) mem 0x80015000 0x00000001
core   0: 0x80013854 (0xff9ff06f) j       pc - 0x8
core   0: 3 0x80013854 (0xff9ff06f)
core   0: 0x8001384c (0x00001f17) auipc   t5, 0x1
core   0: 3 0x8001384c (0x00001f17) x30 0x8001484c
core   0: 0x80013850 (0x7a3f2a23) sw      gp, 1972(t5)
core   0: 3 0x80013850 (0x7a3f2a23) mem 0x80015000 0x00000001
core   0: 0x80013854 (0xff9ff06f) j       pc - 0x8
core   0: 3 0x80013854 (0xff9ff06f)
core   0: 0x8001384c (0x00001f17) auipc   t5, 0x1
core   0: 3 0x8001384c (0x00001f17) x30 0x8001484c
core   0: 0x80013850 (0x7a3f2a23) sw      gp, 1972(t5)
core   0: 3 0x80013850 (0x7a3f2a23) mem 0x80015000 0x00000001
core   0: 0x80013854 (0xff9ff06f) j       pc - 0x8
core   0: 3 0x80013854 (0xff9ff06f)
core   0: 0x8001384c (0x00001f17) auipc   t5, 0x1
core   0: 3 0x8001384c (0x00001f17) x30 0x8001484c
core   0: 0x80013850 (0x7a3f2a23) sw      gp, 1972(t5)
core   0: 3 0x80013850 (0x7a3f2a23) mem 0x80015000 0x00000001
core   0: 0x80013854 (0xff9ff06f) j       pc - 0x8
core   0: 3 0x80013854 (0xff9ff06f)
core   0: 0x8001384c (0x00001f17) auipc   t5, 0x1
core   0: 3 0x8001384c (0x00001f17) x30 0x8001484c
core   0: 0x80013850 (0x7a3f2a23) sw      gp, 1972(t5)
core   0: 3 0x80013850 (0x7a3f2a23) mem 0x80015000 0x00000001
core   0: 0x80013854 (0xff9ff06f) j       pc - 0x8
core   0: 3 0x80013854 (0xff9ff06f)
core   0: 0x8001384c (0x00001f17) auipc   t5, 0x1
core   0: 3 0x8001384c (0x00001f17) x30 0x8001484c
core   0: 0x80013850 (0x7a3f2a23) sw      gp, 1972(t5)
core   0: 3 0x80013850 (0x7a3f2a23) mem 0x80015000 0x00000001
core   0: 0x80013854 (0xff9ff06f) j       pc - 0x8
core   0: 3 0x80013854 (0xff9ff06f)
core   0: 0x8001384c (0x00001f17) auipc   t5, 0x1
core   0: 3 0x8001384c (0x00001f17) x30 0x8001484c
core   0: 0x80013850 (0x7a3f2a23) sw      gp, 1972(t5)
core   0: 3 0x80013850 (0x7a3f2a23) mem 0x80015000 0x00000001
core   0: 0x80013854 (0xff9ff06f) j       pc - 0x8
core   0: 3 0x80013854 (0xff9ff06f)
core   0: 0x8001384c (0x00001f17) auipc   t5, 0x1
core   0: 3 0x8001384c (0x00001f17) x30 0x8001484c
core   0: 0x80013850 (0x7a3f2a23) sw      gp, 1972(t5)
core   0: 3 0x80013850 (0x7a3f2a23) mem 0x80015000 0x00000001
core   0: 0x80013854 (0xff9ff06f) j       pc - 0x8
core   0: 3 0x80013854 (0xff9ff06f)
core   0: 0x8001384c (0x00001f17) auipc   t5, 0x1
core   0: 3 0x8001384c (0x00001f17) x30 0x8001484c
core   0: 0x80013850 (0x7a3f2a23) sw      gp, 1972(t5)
core   0: 3 0x80013850 (0x7a3f2a23) mem 0x80015000 0x00000001
core   0: 0x80013854 (0xff9ff06f) j       pc - 0x8
core   0: 3 0x80013854 (0xff9ff06f)
core   0: 0x8001384c (0x00001f17) auipc   t5, 0x1
core   0: 3 0x8001384c (0x00001f17) x30 0x8001484c
core   0: 0x80013850 (0x7a3f2a23) sw      gp, 1972(t5)
core   0: 3 0x80013850 (0x7a3f2a23) mem 0x80015000 0x00000001
core   0: 0x80013854 (0xff9ff06f) j       pc - 0x8
core   0: 3 0x80013854 (0xff9ff06f)
core   0: 0x8001384c (0x00001f17) auipc   t5, 0x1
core   0: 3 0x8001384c (0x00001f17) x30 0x8001484c
core   0: 0x80013850 (0x7a3f2a23) sw      gp, 1972(t5)
core   0: 3 0x80013850 (0x7a3f2a23) mem 0x80015000 0x00000001
core   0: 0x80013854 (0xff9ff06f) j       pc - 0x8
core   0: 3 0x80013854 (0xff9ff06f)
core   0: 0x8001384c (0x00001f17) auipc   t5, 0x1
core   0: 3 0x8001384c (0x00001f17) x30 0x8001484c
core   0: 0x80013850 (0x7a3f2a23) sw      gp, 1972(t5)
core   0: 3 0x80013850 (0x7a3f2a23) mem 0x80015000 0x00000001
core   0: 0x80013854 (0xff9ff06f) j       pc - 0x8
core   0: 3 0x80013854 (0xff9ff06f)
core   0: 0x8001384c (0x00001f17) auipc   t5, 0x1
core   0: 3 0x8001384c (0x00001f17) x30 0x8001484c
core   0: 0x80013850 (0x7a3f2a23) sw      gp, 1972(t5)
core   0: 3 0x80013850 (0x7a3f2a23) mem 0x80015000 0x00000001
core   0: 0x80013854 (0xff9ff06f) j       pc - 0x8
core   0: 3 0x80013854 (0xff9ff06f)
core   0: 0x8001384c (0x00001f17) auipc   t5, 0x1
core   0: 3 0x8001384c (0x00001f17) x30 0x8001484c
core   0: 0x80013850 (0x7a3f2a23) sw      gp, 1972(t5)
core   0: 3 0x80013850 (0x7a3f2a23) mem 0x80015000 0x00000001
core   0: 0x80013854 (0xff9ff06f) j       pc - 0x8
core   0: 3 0x80013854 (0xff9ff06f)
core   0: 0x8001384c (0x00001f17) auipc   t5, 0x1
core   0: 3 0x8001384c (0x00001f17) x30 0x8001484c
core   0: 0x80013850 (0x7a3f2a23) sw      gp, 1972(t5)
core   0: 3 0x80013850 (0x7a3f2a23) mem 0x80015000 0x00000001
core   0: 0x80013854 (0xff9ff06f) j       pc - 0x8
core   0: 3 0x80013854 (0xff9ff06f)
core   0: 0x8001384c (0x00001f17) auipc   t5, 0x1
core   0: 3 0x8001384c (0x00001f17) x30 0x8001484c
core   0: 0x80013850 (0x7a3f2a23) sw      gp, 1972(t5)
core   0: 3 0x80013850 (0x7a3f2a23) mem 0x80015000 0x00000001
core   0: 0x80013854 (0xff9ff06f) j       pc - 0x8
core   0: 3 0x80013854 (0xff9ff06f)
core   0: 0x8001384c (0x00001f17) auipc   t5, 0x1
core   0: 3 0x8001384c (0x00001f17) x30 0x8001484c
core   0: 0x80013850 (0x7a3f2a23) sw      gp, 1972(t5)
core   0: 3 0x80013850 (0x7a3f2a23) mem 0x80015000 0x00000001
core   0: 0x80013854 (0xff9ff06f) j       pc - 0x8
core   0: 3 0x80013854 (0xff9ff06f)
core   0: 0x8001384c (0x00001f17) auipc   t5, 0x1
core   0: 3 0x8001384c (0x00001f17) x30 0x8001484c
core   0: 0x80013850 (0x7a3f2a23) sw      gp, 1972(t5)
core   0: 3 0x80013850 (0x7a3f2a23) mem 0x80015000 0x00000001
core   0: 0x80013854 (0xff9ff06f) j       pc - 0x8
core   0: 3 0x80013854 (0xff9ff06f)
core   0: 0x8001384c (0x00001f17) auipc   t5, 0x1
core   0: 3 0x8001384c (0x00001f17) x30 0x8001484c
core   0: 0x80013850 (0x7a3f2a23) sw      gp, 1972(t5)
core   0: 3 0x80013850 (0x7a3f2a23) mem 0x80015000 0x00000001
core   0: 0x80013854 (0xff9ff06f) j       pc - 0x8
core   0: 3 0x80013854 (0xff9ff06f)
core   0: 0x8001384c (0x00001f17) auipc   t5, 0x1
core   0: 3 0x8001384c (0x00001f17) x30 0x8001484c
core   0: 0x80013850 (0x7a3f2a23) sw      gp, 1972(t5)
core   0: 3 0x80013850 (0x7a3f2a23) mem 0x80015000 0x00000001
core   0: 0x80013854 (0xff9ff06f) j       pc - 0x8
core   0: 3 0x80013854 (0xff9ff06f)
core   0: 0x8001384c (0x00001f17) auipc   t5, 0x1
core   0: 3 0x8001384c (0x00001f17) x30 0x8001484c
core   0: 0x80013850 (0x7a3f2a23) sw      gp, 1972(t5)
core   0: 3 0x80013850 (0x7a3f2a23) mem 0x80015000 0x00000001
core   0: 0x80013854 (0xff9ff06f) j       pc - 0x8
core   0: 3 0x80013854 (0xff9ff06f)
core   0: 0x8001384c (0x00001f17) auipc   t5, 0x1
core   0: 3 0x8001384c (0x00001f17) x30 0x8001484c
core   0: 0x80013850 (0x7a3f2a23) sw      gp, 1972(t5)
core   0: 3 0x80013850 (0x7a3f2a23) mem 0x80015000 0x00000001
core   0: 0x80013854 (0xff9ff06f) j       pc - 0x8
core   0: 3 0x80013854 (0xff9ff06f)
core   0: 0x8001384c (0x00001f17) auipc   t5, 0x1
core   0: 3 0x8001384c (0x00001f17) x30 0x8001484c
core   0: 0x80013850 (0x7a3f2a23) sw      gp, 1972(t5)
core   0: 3 0x80013850 (0x7a3f2a23) mem 0x80015000 0x00000001
core   0: 0x80013854 (0xff9ff06f) j       pc - 0x8
core   0: 3 0x80013854 (0xff9ff06f)
core   0: 0x8001384c (0x00001f17) auipc   t5, 0x1
core   0: 3 0x8001384c (0x00001f17) x30 0x8001484c
core   0: 0x80013850 (0x7a3f2a23) sw      gp, 1972(t5)
core   0: 3 0x80013850 (0x7a3f2a23) mem 0x80015000 0x00000001
core   0: 0x80013854 (0xff9ff06f) j       pc - 0x8
core   0: 3 0x80013854 (0xff9ff06f)
core   0: 0x8001384c (0x00001f17) auipc   t5, 0x1
core   0: 3 0x8001384c (0x00001f17) x30 0x8001484c
core   0: 0x80013850 (0x7a3f2a23) sw      gp, 1972(t5)
core   0: 3 0x80013850 (0x7a3f2a23) mem 0x80015000 0x00000001
core   0: 0x80013854 (0xff9ff06f) j       pc - 0x8
core   0: 3 0x80013854 (0xff9ff06f)
core   0: 0x8001384c (0x00001f17) auipc   t5, 0x1
core   0: 3 0x8001384c (0x00001f17) x30 0x8001484c
core   0: 0x80013850 (0x7a3f2a23) sw      gp, 1972(t5)
core   0: 3 0x80013850 (0x7a3f2a23) mem 0x80015000 0x00000001
core   0: 0x80013854 (0xff9ff06f) j       pc - 0x8
core   0: 3 0x80013854 (0xff9ff06f)
core   0: 0x8001384c (0x00001f17) auipc   t5, 0x1
core   0: 3 0x8001384c (0x00001f17) x30 0x8001484c
core   0: 0x80013850 (0x7a3f2a23) sw      gp, 1972(t5)
core   0: 3 0x80013850 (0x7a3f2a23) mem 0x80015000 0x00000001
core   0: 0x80013854 (0xff9ff06f) j       pc - 0x8
core   0: 3 0x80013854 (0xff9ff06f)
core   0: 0x8001384c (0x00001f17) auipc   t5, 0x1
core   0: 3 0x8001384c (0x00001f17) x30 0x8001484c
core   0: 0x80013850 (0x7a3f2a23) sw      gp, 1972(t5)
core   0: 3 0x80013850 (0x7a3f2a23) mem 0x80015000 0x00000001
core   0: 0x80013854 (0xff9ff06f) j       pc - 0x8
core   0: 3 0x80013854 (0xff9ff06f)
core   0: 0x8001384c (0x00001f17) auipc   t5, 0x1
core   0: 3 0x8001384c (0x00001f17) x30 0x8001484c
core   0: 0x80013850 (0x7a3f2a23) sw      gp, 1972(t5)
core   0: 3 0x80013850 (0x7a3f2a23) mem 0x80015000 0x00000001
core   0: 0x80013854 (0xff9ff06f) j       pc - 0x8
core   0: 3 0x80013854 (0xff9ff06f)
core   0: 0x8001384c (0x00001f17) auipc   t5, 0x1
core   0: 3 0x8001384c (0x00001f17) x30 0x8001484c
core   0: 0x80013850 (0x7a3f2a23) sw      gp, 1972(t5)
core   0: 3 0x80013850 (0x7a3f2a23) mem 0x80015000 0x00000001
core   0: 0x80013854 (0xff9ff06f) j       pc - 0x8
core   0: 3 0x80013854 (0xff9ff06f)
core   0: 0x8001384c (0x00001f17) auipc   t5, 0x1
core   0: 3 0x8001384c (0x00001f17) x30 0x8001484c
core   0: 0x80013850 (0x7a3f2a23) sw      gp, 1972(t5)
core   0: 3 0x80013850 (0x7a3f2a23) mem 0x80015000 0x00000001
core   0: 0x80013854 (0xff9ff06f) j       pc - 0x8
core   0: 3 0x80013854 (0xff9ff06f)
core   0: 0x8001384c (0x00001f17) auipc   t5, 0x1
core   0: 3 0x8001384c (0x00001f17) x30 0x8001484c
core   0: 0x80013850 (0x7a3f2a23) sw      gp, 1972(t5)
core   0: 3 0x80013850 (0x7a3f2a23) mem 0x80015000 0x00000001
core   0: 0x80013854 (0xff9ff06f) j       pc - 0x8
core   0: 3 0x80013854 (0xff9ff06f)
core   0: 0x8001384c (0x00001f17) auipc   t5, 0x1
core   0: 3 0x8001384c (0x00001f17) x30 0x8001484c
core   0: 0x80013850 (0x7a3f2a23) sw      gp, 1972(t5)
core   0: 3 0x80013850 (0x7a3f2a23) mem 0x80015000 0x00000001
core   0: 0x80013854 (0xff9ff06f) j       pc - 0x8
core   0: 3 0x80013854 (0xff9ff06f)
core   0: 0x8001384c (0x00001f17) auipc   t5, 0x1
core   0: 3 0x8001384c (0x00001f17) x30 0x8001484c
core   0: 0x80013850 (0x7a3f2a23) sw      gp, 1972(t5)
core   0: 3 0x80013850 (0x7a3f2a23) mem 0x80015000 0x00000001
core   0: 0x80013854 (0xff9ff06f) j       pc - 0x8
core   0: 3 0x80013854 (0xff9ff06f)
core   0: 0x8001384c (0x00001f17) auipc   t5, 0x1
core   0: 3 0x8001384c (0x00001f17) x30 0x8001484c
core   0: 0x80013850 (0x7a3f2a23) sw      gp, 1972(t5)
core   0: 3 0x80013850 (0x7a3f2a23) mem 0x80015000 0x00000001
core   0: 0x80013854 (0xff9ff06f) j       pc - 0x8
core   0: 3 0x80013854 (0xff9ff06f)
core   0: 0x8001384c (0x00001f17) auipc   t5, 0x1
core   0: 3 0x8001384c (0x00001f17) x30 0x8001484c
core   0: 0x80013850 (0x7a3f2a23) sw      gp, 1972(t5)
core   0: 3 0x80013850 (0x7a3f2a23) mem 0x80015000 0x00000001
core   0: 0x80013854 (0xff9ff06f) j       pc - 0x8
core   0: 3 0x80013854 (0xff9ff06f)
core   0: 0x8001384c (0x00001f17) auipc   t5, 0x1
core   0: 3 0x8001384c (0x00001f17) x30 0x8001484c
core   0: 0x80013850 (0x7a3f2a23) sw      gp, 1972(t5)
core   0: 3 0x80013850 (0x7a3f2a23) mem 0x80015000 0x00000001
core   0: 0x80013854 (0xff9ff06f) j       pc - 0x8
core   0: 3 0x80013854 (0xff9ff06f)
core   0: 0x8001384c (0x00001f17) auipc   t5, 0x1
core   0: 3 0x8001384c (0x00001f17) x30 0x8001484c
core   0: 0x80013850 (0x7a3f2a23) sw      gp, 1972(t5)
core   0: 3 0x80013850 (0x7a3f2a23) mem 0x80015000 0x00000001
core   0: 0x80013854 (0xff9ff06f) j       pc - 0x8
core   0: 3 0x80013854 (0xff9ff06f)
core   0: 0x8001384c (0x00001f17) auipc   t5, 0x1
core   0: 3 0x8001384c (0x00001f17) x30 0x8001484c
core   0: 0x80013850 (0x7a3f2a23) sw      gp, 1972(t5)
core   0: 3 0x80013850 (0x7a3f2a23) mem 0x80015000 0x00000001
core   0: 0x80013854 (0xff9ff06f) j       pc - 0x8
core   0: 3 0x80013854 (0xff9ff06f)
core   0: 0x8001384c (0x00001f17) auipc   t5, 0x1
core   0: 3 0x8001384c (0x00001f17) x30 0x8001484c
core   0: 0x80013850 (0x7a3f2a23) sw      gp, 1972(t5)
core   0: 3 0x80013850 (0x7a3f2a23) mem 0x80015000 0x00000001
core   0: 0x80013854 (0xff9ff06f) j       pc - 0x8
core   0: 3 0x80013854 (0xff9ff06f)
core   0: 0x8001384c (0x00001f17) auipc   t5, 0x1
core   0: 3 0x8001384c (0x00001f17) x30 0x8001484c
core   0: 0x80013850 (0x7a3f2a23) sw      gp, 1972(t5)
core   0: 3 0x80013850 (0x7a3f2a23) mem 0x80015000 0x00000001
core   0: 0x80013854 (0xff9ff06f) j       pc - 0x8
core   0: 3 0x80013854 (0xff9ff06f)
core   0: 0x8001384c (0x00001f17) auipc   t5, 0x1
core   0: 3 0x8001384c (0x00001f17) x30 0x8001484c
core   0: 0x80013850 (0x7a3f2a23) sw      gp, 1972(t5)
core   0: 3 0x80013850 (0x7a3f2a23) mem 0x80015000 0x00000001
core   0: 0x80013854 (0xff9ff06f) j       pc - 0x8
core   0: 3 0x80013854 (0xff9ff06f)
core   0: 0x8001384c (0x00001f17) auipc   t5, 0x1
core   0: 3 0x8001384c (0x00001f17) x30 0x8001484c
core   0: 0x80013850 (0x7a3f2a23) sw      gp, 1972(t5)
core   0: 3 0x80013850 (0x7a3f2a23) mem 0x80015000 0x00000001
core   0: 0x80013854 (0xff9ff06f) j       pc - 0x8
core   0: 3 0x80013854 (0xff9ff06f)
core   0: 0x8001384c (0x00001f17) auipc   t5, 0x1
core   0: 3 0x8001384c (0x00001f17) x30 0x8001484c
core   0: 0x80013850 (0x7a3f2a23) sw      gp, 1972(t5)
core   0: 3 0x80013850 (0x7a3f2a23) mem 0x80015000 0x00000001
core   0: 0x80013854 (0xff9ff06f) j       pc - 0x8
core   0: 3 0x80013854 (0xff9ff06f)
core   0: 0x8001384c (0x00001f17) auipc   t5, 0x1
core   0: 3 0x8001384c (0x00001f17) x30 0x8001484c
core   0: 0x80013850 (0x7a3f2a23) sw      gp, 1972(t5)
core   0: 3 0x80013850 (0x7a3f2a23) mem 0x80015000 0x00000001
core   0: 0x80013854 (0xff9ff06f) j       pc - 0x8
core   0: 3 0x80013854 (0xff9ff06f)
core   0: 0x8001384c (0x00001f17) auipc   t5, 0x1
core   0: 3 0x8001384c (0x00001f17) x30 0x8001484c
core   0: 0x80013850 (0x7a3f2a23) sw      gp, 1972(t5)
core   0: 3 0x80013850 (0x7a3f2a23) mem 0x80015000 0x00000001
core   0: 0x80013854 (0xff9ff06f) j       pc - 0x8
core   0: 3 0x80013854 (0xff9ff06f)
core   0: 0x8001384c (0x00001f17) auipc   t5, 0x1
core   0: 3 0x8001384c (0x00001f17) x30 0x8001484c
core   0: 0x80013850 (0x7a3f2a23) sw      gp, 1972(t5)
core   0: 3 0x80013850 (0x7a3f2a23) mem 0x80015000 0x00000001
core   0: 0x80013854 (0xff9ff06f) j       pc - 0x8
core   0: 3 0x80013854 (0xff9ff06f)
core   0: 0x8001384c (0x00001f17) auipc   t5, 0x1
core   0: 3 0x8001384c (0x00001f17) x30 0x8001484c
core   0: 0x80013850 (0x7a3f2a23) sw      gp, 1972(t5)
core   0: 3 0x80013850 (0x7a3f2a23) mem 0x80015000 0x00000001
core   0: 0x80013854 (0xff9ff06f) j       pc - 0x8
core   0: 3 0x80013854 (0xff9ff06f)
core   0: 0x8001384c (0x00001f17) auipc   t5, 0x1
core   0: 3 0x8001384c (0x00001f17) x30 0x8001484c
core   0: 0x80013850 (0x7a3f2a23) sw      gp, 1972(t5)
core   0: 3 0x80013850 (0x7a3f2a23) mem 0x80015000 0x00000001
core   0: 0x80013854 (0xff9ff06f) j       pc - 0x8
core   0: 3 0x80013854 (0xff9ff06f)
core   0: 0x8001384c (0x00001f17) auipc   t5, 0x1
core   0: 3 0x8001384c (0x00001f17) x30 0x8001484c
core   0: 0x80013850 (0x7a3f2a23) sw      gp, 1972(t5)
core   0: 3 0x80013850 (0x7a3f2a23) mem 0x80015000 0x00000001
core   0: 0x80013854 (0xff9ff06f) j       pc - 0x8
core   0: 3 0x80013854 (0xff9ff06f)
core   0: 0x8001384c (0x00001f17) auipc   t5, 0x1
core   0: 3 0x8001384c (0x00001f17) x30 0x8001484c
core   0: 0x80013850 (0x7a3f2a23) sw      gp, 1972(t5)
core   0: 3 0x80013850 (0x7a3f2a23) mem 0x80015000 0x00000001
core   0: 0x80013854 (0xff9ff06f) j       pc - 0x8
core   0: 3 0x80013854 (0xff9ff06f)
core   0: 0x8001384c (0x00001f17) auipc   t5, 0x1
core   0: 3 0x8001384c (0x00001f17) x30 0x8001484c
core   0: 0x80013850 (0x7a3f2a23) sw      gp, 1972(t5)
core   0: 3 0x80013850 (0x7a3f2a23) mem 0x80015000 0x00000001
core   0: 0x80013854 (0xff9ff06f) j       pc - 0x8
core   0: 3 0x80013854 (0xff9ff06f)
core   0: 0x8001384c (0x00001f17) auipc   t5, 0x1
core   0: 3 0x8001384c (0x00001f17) x30 0x8001484c
core   0: 0x80013850 (0x7a3f2a23) sw      gp, 1972(t5)
core   0: 3 0x80013850 (0x7a3f2a23) mem 0x80015000 0x00000001
core   0: 0x80013854 (0xff9ff06f) j       pc - 0x8
core   0: 3 0x80013854 (0xff9ff06f)
core   0: 0x8001384c (0x00001f17) auipc   t5, 0x1
core   0: 3 0x8001384c (0x00001f17) x30 0x8001484c
core   0: 0x80013850 (0x7a3f2a23) sw      gp, 1972(t5)
core   0: 3 0x80013850 (0x7a3f2a23) mem 0x80015000 0x00000001
core   0: 0x80013854 (0xff9ff06f) j       pc - 0x8
core   0: 3 0x80013854 (0xff9ff06f)
core   0: 0x8001384c (0x00001f17) auipc   t5, 0x1
core   0: 3 0x8001384c (0x00001f17) x30 0x8001484c
core   0: 0x80013850 (0x7a3f2a23) sw      gp, 1972(t5)
core   0: 3 0x80013850 (0x7a3f2a23) mem 0x80015000 0x00000001
core   0: 0x80013854 (0xff9ff06f) j       pc - 0x8
core   0: 3 0x80013854 (0xff9ff06f)
core   0: 0x8001384c (0x00001f17) auipc   t5, 0x1
core   0: 3 0x8001384c (0x00001f17) x30 0x8001484c
core   0: 0x80013850 (0x7a3f2a23) sw      gp, 1972(t5)
core   0: 3 0x80013850 (0x7a3f2a23) mem 0x80015000 0x00000001
core   0: 0x80013854 (0xff9ff06f) j       pc - 0x8
core   0: 3 0x80013854 (0xff9ff06f)
core   0: 0x8001384c (0x00001f17) auipc   t5, 0x1
core   0: 3 0x8001384c (0x00001f17) x30 0x8001484c
core   0: 0x80013850 (0x7a3f2a23) sw      gp, 1972(t5)
core   0: 3 0x80013850 (0x7a3f2a23) mem 0x80015000 0x00000001
core   0: 0x80013854 (0xff9ff06f) j       pc - 0x8
core   0: 3 0x80013854 (0xff9ff06f)
core   0: 0x8001384c (0x00001f17) auipc   t5, 0x1
core   0: 3 0x8001384c (0x00001f17) x30 0x8001484c
core   0: 0x80013850 (0x7a3f2a23) sw      gp, 1972(t5)
core   0: 3 0x80013850 (0x7a3f2a23) mem 0x80015000 0x00000001
core   0: 0x80013854 (0xff9ff06f) j       pc - 0x8
core   0: 3 0x80013854 (0xff9ff06f)
core   0: 0x8001384c (0x00001f17) auipc   t5, 0x1
core   0: 3 0x8001384c (0x00001f17) x30 0x8001484c
core   0: 0x80013850 (0x7a3f2a23) sw      gp, 1972(t5)
core   0: 3 0x80013850 (0x7a3f2a23) mem 0x80015000 0x00000001
core   0: 0x80013854 (0xff9ff06f) j       pc - 0x8
core   0: 3 0x80013854 (0xff9ff06f)
core   0: 0x8001384c (0x00001f17) auipc   t5, 0x1
core   0: 3 0x8001384c (0x00001f17) x30 0x8001484c
core   0: 0x80013850 (0x7a3f2a23) sw      gp, 1972(t5)
core   0: 3 0x80013850 (0x7a3f2a23) mem 0x80015000 0x00000001
core   0: 0x80013854 (0xff9ff06f) j       pc - 0x8
core   0: 3 0x80013854 (0xff9ff06f)
core   0: 0x8001384c (0x00001f17) auipc   t5, 0x1
core   0: 3 0x8001384c (0x00001f17) x30 0x8001484c
core   0: 0x80013850 (0x7a3f2a23) sw      gp, 1972(t5)
core   0: 3 0x80013850 (0x7a3f2a23) mem 0x80015000 0x00000001
core   0: 0x80013854 (0xff9ff06f) j       pc - 0x8
core   0: 3 0x80013854 (0xff9ff06f)
core   0: 0x8001384c (0x00001f17) auipc   t5, 0x1
core   0: 3 0x8001384c (0x00001f17) x30 0x8001484c
core   0: 0x80013850 (0x7a3f2a23) sw      gp, 1972(t5)
core   0: 3 0x80013850 (0x7a3f2a23) mem 0x80015000 0x00000001
core   0: 0x80013854 (0xff9ff06f) j       pc - 0x8
core   0: 3 0x80013854 (0xff9ff06f)
core   0: 0x8001384c (0x00001f17) auipc   t5, 0x1
core   0: 3 0x8001384c (0x00001f17) x30 0x8001484c
core   0: 0x80013850 (0x7a3f2a23) sw      gp, 1972(t5)
core   0: 3 0x80013850 (0x7a3f2a23) mem 0x80015000 0x00000001
core   0: 0x80013854 (0xff9ff06f) j       pc - 0x8
core   0: 3 0x80013854 (0xff9ff06f)
core   0: 0x8001384c (0x00001f17) auipc   t5, 0x1
core   0: 3 0x8001384c (0x00001f17) x30 0x8001484c
core   0: 0x80013850 (0x7a3f2a23) sw      gp, 1972(t5)
core   0: 3 0x80013850 (0x7a3f2a23) mem 0x80015000 0x00000001
core   0: 0x80013854 (0xff9ff06f) j       pc - 0x8
core   0: 3 0x80013854 (0xff9ff06f)
core   0: 0x8001384c (0x00001f17) auipc   t5, 0x1
core   0: 3 0x8001384c (0x00001f17) x30 0x8001484c
core   0: 0x80013850 (0x7a3f2a23) sw      gp, 1972(t5)
core   0: 3 0x80013850 (0x7a3f2a23) mem 0x80015000 0x00000001
core   0: 0x80013854 (0xff9ff06f) j       pc - 0x8
core   0: 3 0x80013854 (0xff9ff06f)
core   0: 0x8001384c (0x00001f17) auipc   t5, 0x1
core   0: 3 0x8001384c (0x00001f17) x30 0x8001484c
core   0: 0x80013850 (0x7a3f2a23) sw      gp, 1972(t5)
core   0: 3 0x80013850 (0x7a3f2a23) mem 0x80015000 0x00000001
core   0: 0x80013854 (0xff9ff06f) j       pc - 0x8
core   0: 3 0x80013854 (0xff9ff06f)
core   0: 0x8001384c (0x00001f17) auipc   t5, 0x1
core   0: 3 0x8001384c (0x00001f17) x30 0x8001484c
core   0: 0x80013850 (0x7a3f2a23) sw      gp, 1972(t5)
core   0: 3 0x80013850 (0x7a3f2a23) mem 0x80015000 0x00000001
core   0: 0x80013854 (0xff9ff06f) j       pc - 0x8
core   0: 3 0x80013854 (0xff9ff06f)
core   0: 0x8001384c (0x00001f17) auipc   t5, 0x1
core   0: 3 0x8001384c (0x00001f17) x30 0x8001484c
core   0: 0x80013850 (0x7a3f2a23) sw      gp, 1972(t5)
core   0: 3 0x80013850 (0x7a3f2a23) mem 0x80015000 0x00000001
core   0: 0x80013854 (0xff9ff06f) j       pc - 0x8
core   0: 3 0x80013854 (0xff9ff06f)
core   0: 0x8001384c (0x00001f17) auipc   t5, 0x1
core   0: 3 0x8001384c (0x00001f17) x30 0x8001484c
core   0: 0x80013850 (0x7a3f2a23) sw      gp, 1972(t5)
core   0: 3 0x80013850 (0x7a3f2a23) mem 0x80015000 0x00000001
core   0: 0x80013854 (0xff9ff06f) j       pc - 0x8
core   0: 3 0x80013854 (0xff9ff06f)
core   0: 0x8001384c (0x00001f17) auipc   t5, 0x1
core   0: 3 0x8001384c (0x00001f17) x30 0x8001484c
core   0: 0x80013850 (0x7a3f2a23) sw      gp, 1972(t5)
core   0: 3 0x80013850 (0x7a3f2a23) mem 0x80015000 0x00000001
core   0: 0x80013854 (0xff9ff06f) j       pc - 0x8
core   0: 3 0x80013854 (0xff9ff06f)
core   0: 0x8001384c (0x00001f17) auipc   t5, 0x1
core   0: 3 0x8001384c (0x00001f17) x30 0x8001484c
core   0: 0x80013850 (0x7a3f2a23) sw      gp, 1972(t5)
core   0: 3 0x80013850 (0x7a3f2a23) mem 0x80015000 0x00000001
core   0: 0x80013854 (0xff9ff06f) j       pc - 0x8
core   0: 3 0x80013854 (0xff9ff06f)
core   0: 0x8001384c (0x00001f17) auipc   t5, 0x1
core   0: 3 0x8001384c (0x00001f17) x30 0x8001484c
core   0: 0x80013850 (0x7a3f2a23) sw      gp, 1972(t5)
core   0: 3 0x80013850 (0x7a3f2a23) mem 0x80015000 0x00000001
core   0: 0x80013854 (0xff9ff06f) j       pc - 0x8
core   0: 3 0x80013854 (0xff9ff06f)
core   0: 0x8001384c (0x00001f17) auipc   t5, 0x1
core   0: 3 0x8001384c (0x00001f17) x30 0x8001484c
core   0: 0x80013850 (0x7a3f2a23) sw      gp, 1972(t5)
core   0: 3 0x80013850 (0x7a3f2a23) mem 0x80015000 0x00000001
core   0: 0x80013854 (0xff9ff06f) j       pc - 0x8
core   0: 3 0x80013854 (0xff9ff06f)
core   0: 0x8001384c (0x00001f17) auipc   t5, 0x1
core   0: 3 0x8001384c (0x00001f17) x30 0x8001484c
core   0: 0x80013850 (0x7a3f2a23) sw      gp, 1972(t5)
core   0: 3 0x80013850 (0x7a3f2a23) mem 0x80015000 0x00000001
core   0: 0x80013854 (0xff9ff06f) j       pc - 0x8
core   0: 3 0x80013854 (0xff9ff06f)
core   0: 0x8001384c (0x00001f17) auipc   t5, 0x1
core   0: 3 0x8001384c (0x00001f17) x30 0x8001484c
core   0: 0x80013850 (0x7a3f2a23) sw      gp, 1972(t5)
core   0: 3 0x80013850 (0x7a3f2a23) mem 0x80015000 0x00000001
core   0: 0x80013854 (0xff9ff06f) j       pc - 0x8
core   0: 3 0x80013854 (0xff9ff06f)
core   0: 0x8001384c (0x00001f17) auipc   t5, 0x1
core   0: 3 0x8001384c (0x00001f17) x30 0x8001484c
core   0: 0x80013850 (0x7a3f2a23) sw      gp, 1972(t5)
core   0: 3 0x80013850 (0x7a3f2a23) mem 0x80015000 0x00000001
core   0: 0x80013854 (0xff9ff06f) j       pc - 0x8
core   0: 3 0x80013854 (0xff9ff06f)
core   0: 0x8001384c (0x00001f17) auipc   t5, 0x1
core   0: 3 0x8001384c (0x00001f17) x30 0x8001484c
core   0: 0x80013850 (0x7a3f2a23) sw      gp, 1972(t5)
core   0: 3 0x80013850 (0x7a3f2a23) mem 0x80015000 0x00000001
core   0: 0x80013854 (0xff9ff06f) j       pc - 0x8
core   0: 3 0x80013854 (0xff9ff06f)
core   0: 0x8001384c (0x00001f17) auipc   t5, 0x1
core   0: 3 0x8001384c (0x00001f17) x30 0x8001484c
core   0: 0x80013850 (0x7a3f2a23) sw      gp, 1972(t5)
core   0: 3 0x80013850 (0x7a3f2a23) mem 0x80015000 0x00000001
core   0: 0x80013854 (0xff9ff06f) j       pc - 0x8
core   0: 3 0x80013854 (0xff9ff06f)
core   0: 0x8001384c (0x00001f17) auipc   t5, 0x1
core   0: 3 0x8001384c (0x00001f17) x30 0x8001484c
core   0: 0x80013850 (0x7a3f2a23) sw      gp, 1972(t5)
core   0: 3 0x80013850 (0x7a3f2a23) mem 0x80015000 0x00000001
core   0: 0x80013854 (0xff9ff06f) j       pc - 0x8
core   0: 3 0x80013854 (0xff9ff06f)
core   0: 0x8001384c (0x00001f17) auipc   t5, 0x1
core   0: 3 0x8001384c (0x00001f17) x30 0x8001484c
core   0: 0x80013850 (0x7a3f2a23) sw      gp, 1972(t5)
core   0: 3 0x80013850 (0x7a3f2a23) mem 0x80015000 0x00000001
core   0: 0x80013854 (0xff9ff06f) j       pc - 0x8
core   0: 3 0x80013854 (0xff9ff06f)
core   0: 0x8001384c (0x00001f17) auipc   t5, 0x1
core   0: 3 0x8001384c (0x00001f17) x30 0x8001484c
core   0: 0x80013850 (0x7a3f2a23) sw      gp, 1972(t5)
core   0: 3 0x80013850 (0x7a3f2a23) mem 0x80015000 0x00000001
core   0: 0x80013854 (0xff9ff06f) j       pc - 0x8
core   0: 3 0x80013854 (0xff9ff06f)
core   0: 0x8001384c (0x00001f17) auipc   t5, 0x1
core   0: 3 0x8001384c (0x00001f17) x30 0x8001484c
core   0: 0x80013850 (0x7a3f2a23) sw      gp, 1972(t5)
core   0: 3 0x80013850 (0x7a3f2a23) mem 0x80015000 0x00000001
core   0: 0x80013854 (0xff9ff06f) j       pc - 0x8
core   0: 3 0x80013854 (0xff9ff06f)
core   0: 0x8001384c (0x00001f17) auipc   t5, 0x1
core   0: 3 0x8001384c (0x00001f17) x30 0x8001484c
core   0: 0x80013850 (0x7a3f2a23) sw      gp, 1972(t5)
core   0: 3 0x80013850 (0x7a3f2a23) mem 0x80015000 0x00000001
core   0: 0x80013854 (0xff9ff06f) j       pc - 0x8
core   0: 3 0x80013854 (0xff9ff06f)
core   0: 0x8001384c (0x00001f17) auipc   t5, 0x1
core   0: 3 0x8001384c (0x00001f17) x30 0x8001484c
core   0: 0x80013850 (0x7a3f2a23) sw      gp, 1972(t5)
core   0: 3 0x80013850 (0x7a3f2a23) mem 0x80015000 0x00000001
core   0: 0x80013854 (0xff9ff06f) j       pc - 0x8
core   0: 3 0x80013854 (0xff9ff06f)
core   0: 0x8001384c (0x00001f17) auipc   t5, 0x1
core   0: 3 0x8001384c (0x00001f17) x30 0x8001484c
core   0: 0x80013850 (0x7a3f2a23) sw      gp, 1972(t5)
core   0: 3 0x80013850 (0x7a3f2a23) mem 0x80015000 0x00000001
core   0: 0x80013854 (0xff9ff06f) j       pc - 0x8
core   0: 3 0x80013854 (0xff9ff06f)
core   0: 0x8001384c (0x00001f17) auipc   t5, 0x1
core   0: 3 0x8001384c (0x00001f17) x30 0x8001484c
core   0: 0x80013850 (0x7a3f2a23) sw      gp, 1972(t5)
core   0: 3 0x80013850 (0x7a3f2a23) mem 0x80015000 0x00000001
core   0: 0x80013854 (0xff9ff06f) j       pc - 0x8
core   0: 3 0x80013854 (0xff9ff06f)
core   0: 0x8001384c (0x00001f17) auipc   t5, 0x1
core   0: 3 0x8001384c (0x00001f17) x30 0x8001484c
core   0: 0x80013850 (0x7a3f2a23) sw      gp, 1972(t5)
core   0: 3 0x80013850 (0x7a3f2a23) mem 0x80015000 0x00000001
core   0: 0x80013854 (0xff9ff06f) j       pc - 0x8
core   0: 3 0x80013854 (0xff9ff06f)
core   0: 0x8001384c (0x00001f17) auipc   t5, 0x1
core   0: 3 0x8001384c (0x00001f17) x30 0x8001484c
core   0: 0x80013850 (0x7a3f2a23) sw      gp, 1972(t5)
core   0: 3 0x80013850 (0x7a3f2a23) mem 0x80015000 0x00000001
core   0: 0x80013854 (0xff9ff06f) j       pc - 0x8
core   0: 3 0x80013854 (0xff9ff06f)
core   0: 0x8001384c (0x00001f17) auipc   t5, 0x1
core   0: 3 0x8001384c (0x00001f17) x30 0x8001484c
core   0: 0x80013850 (0x7a3f2a23) sw      gp, 1972(t5)
core   0: 3 0x80013850 (0x7a3f2a23) mem 0x80015000 0x00000001
core   0: 0x80013854 (0xff9ff06f) j       pc - 0x8
core   0: 3 0x80013854 (0xff9ff06f)
core   0: 0x8001384c (0x00001f17) auipc   t5, 0x1
core   0: 3 0x8001384c (0x00001f17) x30 0x8001484c
core   0: 0x80013850 (0x7a3f2a23) sw      gp, 1972(t5)
core   0: 3 0x80013850 (0x7a3f2a23) mem 0x80015000 0x00000001
core   0: 0x80013854 (0xff9ff06f) j       pc - 0x8
core   0: 3 0x80013854 (0xff9ff06f)
core   0: 0x8001384c (0x00001f17) auipc   t5, 0x1
core   0: 3 0x8001384c (0x00001f17) x30 0x8001484c
core   0: 0x80013850 (0x7a3f2a23) sw      gp, 1972(t5)
core   0: 3 0x80013850 (0x7a3f2a23) mem 0x80015000 0x00000001
core   0: 0x80013854 (0xff9ff06f) j       pc - 0x8
core   0: 3 0x80013854 (0xff9ff06f)
core   0: 0x8001384c (0x00001f17) auipc   t5, 0x1
core   0: 3 0x8001384c (0x00001f17) x30 0x8001484c
core   0: 0x80013850 (0x7a3f2a23) sw      gp, 1972(t5)
core   0: 3 0x80013850 (0x7a3f2a23) mem 0x80015000 0x00000001
core   0: 0x80013854 (0xff9ff06f) j       pc - 0x8
core   0: 3 0x80013854 (0xff9ff06f)
core   0: 0x8001384c (0x00001f17) auipc   t5, 0x1
core   0: 3 0x8001384c (0x00001f17) x30 0x8001484c
core   0: 0x80013850 (0x7a3f2a23) sw      gp, 1972(t5)
core   0: 3 0x80013850 (0x7a3f2a23) mem 0x80015000 0x00000001
core   0: 0x80013854 (0xff9ff06f) j       pc - 0x8
core   0: 3 0x80013854 (0xff9ff06f)
core   0: 0x8001384c (0x00001f17) auipc   t5, 0x1
core   0: 3 0x8001384c (0x00001f17) x30 0x8001484c
core   0: 0x80013850 (0x7a3f2a23) sw      gp, 1972(t5)
core   0: 3 0x80013850 (0x7a3f2a23) mem 0x80015000 0x00000001
core   0: 0x80013854 (0xff9ff06f) j       pc - 0x8
core   0: 3 0x80013854 (0xff9ff06f)
core   0: 0x8001384c (0x00001f17) auipc   t5, 0x1
core   0: 3 0x8001384c (0x00001f17) x30 0x8001484c
core   0: 0x80013850 (0x7a3f2a23) sw      gp, 1972(t5)
core   0: 3 0x80013850 (0x7a3f2a23) mem 0x80015000 0x00000001
core   0: 0x80013854 (0xff9ff06f) j       pc - 0x8
core   0: 3 0x80013854 (0xff9ff06f)
core   0: 0x8001384c (0x00001f17) auipc   t5, 0x1
core   0: 3 0x8001384c (0x00001f17) x30 0x8001484c
core   0: 0x80013850 (0x7a3f2a23) sw      gp, 1972(t5)
core   0: 3 0x80013850 (0x7a3f2a23) mem 0x80015000 0x00000001
core   0: 0x80013854 (0xff9ff06f) j       pc - 0x8
core   0: 3 0x80013854 (0xff9ff06f)
core   0: 0x8001384c (0x00001f17) auipc   t5, 0x1
core   0: 3 0x8001384c (0x00001f17) x30 0x8001484c
core   0: 0x80013850 (0x7a3f2a23) sw      gp, 1972(t5)
core   0: 3 0x80013850 (0x7a3f2a23) mem 0x80015000 0x00000001
core   0: 0x80013854 (0xff9ff06f) j       pc - 0x8
core   0: 3 0x80013854 (0xff9ff06f)
core   0: 0x8001384c (0x00001f17) auipc   t5, 0x1
core   0: 3 0x8001384c (0x00001f17) x30 0x8001484c
core   0: 0x80013850 (0x7a3f2a23) sw      gp, 1972(t5)
core   0: 3 0x80013850 (0x7a3f2a23) mem 0x80015000 0x00000001
core   0: 0x80013854 (0xff9ff06f) j       pc - 0x8
core   0: 3 0x80013854 (0xff9ff06f)
core   0: 0x8001384c (0x00001f17) auipc   t5, 0x1
core   0: 3 0x8001384c (0x00001f17) x30 0x8001484c
core   0: 0x80013850 (0x7a3f2a23) sw      gp, 1972(t5)
core   0: 3 0x80013850 (0x7a3f2a23) mem 0x80015000 0x00000001
core   0: 0x80013854 (0xff9ff06f) j       pc - 0x8
core   0: 3 0x80013854 (0xff9ff06f)
core   0: 0x8001384c (0x00001f17) auipc   t5, 0x1
core   0: 3 0x8001384c (0x00001f17) x30 0x8001484c
core   0: 0x80013850 (0x7a3f2a23) sw      gp, 1972(t5)
core   0: 3 0x80013850 (0x7a3f2a23) mem 0x80015000 0x00000001
core   0: 0x80013854 (0xff9ff06f) j       pc - 0x8
core   0: 3 0x80013854 (0xff9ff06f)
core   0: 0x8001384c (0x00001f17) auipc   t5, 0x1
core   0: 3 0x8001384c (0x00001f17) x30 0x8001484c
core   0: 0x80013850 (0x7a3f2a23) sw      gp, 1972(t5)
core   0: 3 0x80013850 (0x7a3f2a23) mem 0x80015000 0x00000001
core   0: 0x80013854 (0xff9ff06f) j       pc - 0x8
core   0: 3 0x80013854 (0xff9ff06f)
core   0: 0x8001384c (0x00001f17) auipc   t5, 0x1
core   0: 3 0x8001384c (0x00001f17) x30 0x8001484c
core   0: 0x80013850 (0x7a3f2a23) sw      gp, 1972(t5)
core   0: 3 0x80013850 (0x7a3f2a23) mem 0x80015000 0x00000001
core   0: 0x80013854 (0xff9ff06f) j       pc - 0x8
core   0: 3 0x80013854 (0xff9ff06f)
core   0: 0x8001384c (0x00001f17) auipc   t5, 0x1
core   0: 3 0x8001384c (0x00001f17) x30 0x8001484c
core   0: 0x80013850 (0x7a3f2a23) sw      gp, 1972(t5)
core   0: 3 0x80013850 (0x7a3f2a23) mem 0x80015000 0x00000001
core   0: 0x80013854 (0xff9ff06f) j       pc - 0x8
core   0: 3 0x80013854 (0xff9ff06f)
core   0: 0x8001384c (0x00001f17) auipc   t5, 0x1
core   0: 3 0x8001384c (0x00001f17) x30 0x8001484c
core   0: 0x80013850 (0x7a3f2a23) sw      gp, 1972(t5)
core   0: 3 0x80013850 (0x7a3f2a23) mem 0x80015000 0x00000001
core   0: 0x80013854 (0xff9ff06f) j       pc - 0x8
core   0: 3 0x80013854 (0xff9ff06f)
core   0: 0x8001384c (0x00001f17) auipc   t5, 0x1
core   0: 3 0x8001384c (0x00001f17) x30 0x8001484c
core   0: 0x80013850 (0x7a3f2a23) sw      gp, 1972(t5)
core   0: 3 0x80013850 (0x7a3f2a23) mem 0x80015000 0x00000001
core   0: 0x80013854 (0xff9ff06f) j       pc - 0x8
core   0: 3 0x80013854 (0xff9ff06f)
core   0: 0x8001384c (0x00001f17) auipc   t5, 0x1
core   0: 3 0x8001384c (0x00001f17) x30 0x8001484c
core   0: 0x80013850 (0x7a3f2a23) sw      gp, 1972(t5)
core   0: 3 0x80013850 (0x7a3f2a23) mem 0x80015000 0x00000001
core   0: 0x80013854 (0xff9ff06f) j       pc - 0x8
core   0: 3 0x80013854 (0xff9ff06f)
core   0: 0x8001384c (0x00001f17) auipc   t5, 0x1
core   0: 3 0x8001384c (0x00001f17) x30 0x8001484c
core   0: 0x80013850 (0x7a3f2a23) sw      gp, 1972(t5)
core   0: 3 0x80013850 (0x7a3f2a23) mem 0x80015000 0x00000001
core   0: 0x80013854 (0xff9ff06f) j       pc - 0x8
core   0: 3 0x80013854 (0xff9ff06f)
core   0: 0x8001384c (0x00001f17) auipc   t5, 0x1
core   0: 3 0x8001384c (0x00001f17) x30 0x8001484c
core   0: 0x80013850 (0x7a3f2a23) sw      gp, 1972(t5)
core   0: 3 0x80013850 (0x7a3f2a23) mem 0x80015000 0x00000001
core   0: 0x80013854 (0xff9ff06f) j       pc - 0x8
core   0: 3 0x80013854 (0xff9ff06f)
core   0: 0x8001384c (0x00001f17) auipc   t5, 0x1
core   0: 3 0x8001384c (0x00001f17) x30 0x8001484c
core   0: 0x80013850 (0x7a3f2a23) sw      gp, 1972(t5)
core   0: 3 0x80013850 (0x7a3f2a23) mem 0x80015000 0x00000001
core   0: 0x80013854 (0xff9ff06f) j       pc - 0x8
core   0: 3 0x80013854 (0xff9ff06f)
core   0: 0x8001384c (0x00001f17) auipc   t5, 0x1
core   0: 3 0x8001384c (0x00001f17) x30 0x8001484c
core   0: 0x80013850 (0x7a3f2a23) sw      gp, 1972(t5)
core   0: 3 0x80013850 (0x7a3f2a23) mem 0x80015000 0x00000001
core   0: 0x80013854 (0xff9ff06f) j       pc - 0x8
core   0: 3 0x80013854 (0xff9ff06f)
core   0: 0x8001384c (0x00001f17) auipc   t5, 0x1
core   0: 3 0x8001384c (0x00001f17) x30 0x8001484c
core   0: 0x80013850 (0x7a3f2a23) sw      gp, 1972(t5)
core   0: 3 0x80013850 (0x7a3f2a23) mem 0x80015000 0x00000001
core   0: 0x80013854 (0xff9ff06f) j       pc - 0x8
core   0: 3 0x80013854 (0xff9ff06f)
core   0: 0x8001384c (0x00001f17) auipc   t5, 0x1
core   0: 3 0x8001384c (0x00001f17) x30 0x8001484c
core   0: 0x80013850 (0x7a3f2a23) sw      gp, 1972(t5)
core   0: 3 0x80013850 (0x7a3f2a23) mem 0x80015000 0x00000001
core   0: 0x80013854 (0xff9ff06f) j       pc - 0x8
core   0: 3 0x80013854 (0xff9ff06f)
core   0: 0x8001384c (0x00001f17) auipc   t5, 0x1
core   0: 3 0x8001384c (0x00001f17) x30 0x8001484c
core   0: 0x80013850 (0x7a3f2a23) sw      gp, 1972(t5)
core   0: 3 0x80013850 (0x7a3f2a23) mem 0x80015000 0x00000001
core   0: 0x80013854 (0xff9ff06f) j       pc - 0x8
core   0: 3 0x80013854 (0xff9ff06f)
core   0: 0x8001384c (0x00001f17) auipc   t5, 0x1
core   0: 3 0x8001384c (0x00001f17) x30 0x8001484c
core   0: 0x80013850 (0x7a3f2a23) sw      gp, 1972(t5)
core   0: 3 0x80013850 (0x7a3f2a23) mem 0x80015000 0x00000001
core   0: 0x80013854 (0xff9ff06f) j       pc - 0x8
core   0: 3 0x80013854 (0xff9ff06f)
core   0: 0x8001384c (0x00001f17) auipc   t5, 0x1
core   0: 3 0x8001384c (0x00001f17) x30 0x8001484c
core   0: 0x80013850 (0x7a3f2a23) sw      gp, 1972(t5)
core   0: 3 0x80013850 (0x7a3f2a23) mem 0x80015000 0x00000001
core   0: 0x80013854 (0xff9ff06f) j       pc - 0x8
core   0: 3 0x80013854 (0xff9ff06f)
core   0: 0x8001384c (0x00001f17) auipc   t5, 0x1
core   0: 3 0x8001384c (0x00001f17) x30 0x8001484c
core   0: 0x80013850 (0x7a3f2a23) sw      gp, 1972(t5)
core   0: 3 0x80013850 (0x7a3f2a23) mem 0x80015000 0x00000001
core   0: 0x80013854 (0xff9ff06f) j       pc - 0x8
core   0: 3 0x80013854 (0xff9ff06f)
core   0: 0x8001384c (0x00001f17) auipc   t5, 0x1
core   0: 3 0x8001384c (0x00001f17) x30 0x8001484c
core   0: 0x80013850 (0x7a3f2a23) sw      gp, 1972(t5)
core   0: 3 0x80013850 (0x7a3f2a23) mem 0x80015000 0x00000001
core   0: 0x80013854 (0xff9ff06f) j       pc - 0x8
core   0: 3 0x80013854 (0xff9ff06f)
core   0: 0x8001384c (0x00001f17) auipc   t5, 0x1
core   0: 3 0x8001384c (0x00001f17) x30 0x8001484c
core   0: 0x80013850 (0x7a3f2a23) sw      gp, 1972(t5)
core   0: 3 0x80013850 (0x7a3f2a23) mem 0x80015000 0x00000001
core   0: 0x80013854 (0xff9ff06f) j       pc - 0x8
core   0: 3 0x80013854 (0xff9ff06f)
core   0: 0x8001384c (0x00001f17) auipc   t5, 0x1
core   0: 3 0x8001384c (0x00001f17) x30 0x8001484c
core   0: 0x80013850 (0x7a3f2a23) sw      gp, 1972(t5)
core   0: 3 0x80013850 (0x7a3f2a23) mem 0x80015000 0x00000001
core   0: 0x80013854 (0xff9ff06f) j       pc - 0x8
core   0: 3 0x80013854 (0xff9ff06f)
core   0: 0x8001384c (0x00001f17) auipc   t5, 0x1
core   0: 3 0x8001384c (0x00001f17) x30 0x8001484c
core   0: 0x80013850 (0x7a3f2a23) sw      gp, 1972(t5)
core   0: 3 0x80013850 (0x7a3f2a23) mem 0x80015000 0x00000001
core   0: 0x80013854 (0xff9ff06f) j       pc - 0x8
core   0: 3 0x80013854 (0xff9ff06f)
core   0: 0x8001384c (0x00001f17) auipc   t5, 0x1
core   0: 3 0x8001384c (0x00001f17) x30 0x8001484c
core   0: 0x80013850 (0x7a3f2a23) sw      gp, 1972(t5)
core   0: 3 0x80013850 (0x7a3f2a23) mem 0x80015000 0x00000001
core   0: 0x80013854 (0xff9ff06f) j       pc - 0x8
core   0: 3 0x80013854 (0xff9ff06f)
core   0: 0x8001384c (0x00001f17) auipc   t5, 0x1
core   0: 3 0x8001384c (0x00001f17) x30 0x8001484c
core   0: 0x80013850 (0x7a3f2a23) sw      gp, 1972(t5)
core   0: 3 0x80013850 (0x7a3f2a23) mem 0x80015000 0x00000001
core   0: 0x80013854 (0xff9ff06f) j       pc - 0x8
core   0: 3 0x80013854 (0xff9ff06f)
core   0: 0x8001384c (0x00001f17) auipc   t5, 0x1
core   0: 3 0x8001384c (0x00001f17) x30 0x8001484c
core   0: 0x80013850 (0x7a3f2a23) sw      gp, 1972(t5)
core   0: 3 0x80013850 (0x7a3f2a23) mem 0x80015000 0x00000001
core   0: 0x80013854 (0xff9ff06f) j       pc - 0x8
core   0: 3 0x80013854 (0xff9ff06f)
core   0: 0x8001384c (0x00001f17) auipc   t5, 0x1
core   0: 3 0x8001384c (0x00001f17) x30 0x8001484c
core   0: 0x80013850 (0x7a3f2a23) sw      gp, 1972(t5)
core   0: 3 0x80013850 (0x7a3f2a23) mem 0x80015000 0x00000001
core   0: 0x80013854 (0xff9ff06f) j       pc - 0x8
core   0: 3 0x80013854 (0xff9ff06f)
core   0: 0x8001384c (0x00001f17) auipc   t5, 0x1
core   0: 3 0x8001384c (0x00001f17) x30 0x8001484c
core   0: 0x80013850 (0x7a3f2a23) sw      gp, 1972(t5)
core   0: 3 0x80013850 (0x7a3f2a23) mem 0x80015000 0x00000001
core   0: 0x80013854 (0xff9ff06f) j       pc - 0x8
core   0: 3 0x80013854 (0xff9ff06f)
core   0: 0x8001384c (0x00001f17) auipc   t5, 0x1
core   0: 3 0x8001384c (0x00001f17) x30 0x8001484c
core   0: 0x80013850 (0x7a3f2a23) sw      gp, 1972(t5)
core   0: 3 0x80013850 (0x7a3f2a23) mem 0x80015000 0x00000001
core   0: 0x80013854 (0xff9ff06f) j       pc - 0x8
core   0: 3 0x80013854 (0xff9ff06f)
core   0: 0x8001384c (0x00001f17) auipc   t5, 0x1
core   0: 3 0x8001384c (0x00001f17) x30 0x8001484c
core   0: 0x80013850 (0x7a3f2a23) sw      gp, 1972(t5)
core   0: 3 0x80013850 (0x7a3f2a23) mem 0x80015000 0x00000001
core   0: 0x80013854 (0xff9ff06f) j       pc - 0x8
core   0: 3 0x80013854 (0xff9ff06f)
core   0: 0x8001384c (0x00001f17) auipc   t5, 0x1
core   0: 3 0x8001384c (0x00001f17) x30 0x8001484c
core   0: 0x80013850 (0x7a3f2a23) sw      gp, 1972(t5)
core   0: 3 0x80013850 (0x7a3f2a23) mem 0x80015000 0x00000001
core   0: 0x80013854 (0xff9ff06f) j       pc - 0x8
core   0: 3 0x80013854 (0xff9ff06f)
core   0: 0x8001384c (0x00001f17) auipc   t5, 0x1
core   0: 3 0x8001384c (0x00001f17) x30 0x8001484c
core   0: 0x80013850 (0x7a3f2a23) sw      gp, 1972(t5)
core   0: 3 0x80013850 (0x7a3f2a23) mem 0x80015000 0x00000001
core   0: 0x80013854 (0xff9ff06f) j       pc - 0x8
core   0: 3 0x80013854 (0xff9ff06f)
core   0: 0x8001384c (0x00001f17) auipc   t5, 0x1
core   0: 3 0x8001384c (0x00001f17) x30 0x8001484c
core   0: 0x80013850 (0x7a3f2a23) sw      gp, 1972(t5)
core   0: 3 0x80013850 (0x7a3f2a23) mem 0x80015000 0x00000001
core   0: 0x80013854 (0xff9ff06f) j       pc - 0x8
core   0: 3 0x80013854 (0xff9ff06f)
core   0: 0x8001384c (0x00001f17) auipc   t5, 0x1
core   0: 3 0x8001384c (0x00001f17) x30 0x8001484c
core   0: 0x80013850 (0x7a3f2a23) sw      gp, 1972(t5)
core   0: 3 0x80013850 (0x7a3f2a23) mem 0x80015000 0x00000001
core   0: 0x80013854 (0xff9ff06f) j       pc - 0x8
core   0: 3 0x80013854 (0xff9ff06f)
core   0: 0x8001384c (0x00001f17) auipc   t5, 0x1
core   0: 3 0x8001384c (0x00001f17) x30 0x8001484c
core   0: 0x80013850 (0x7a3f2a23) sw      gp, 1972(t5)
core   0: 3 0x80013850 (0x7a3f2a23) mem 0x80015000 0x00000001
core   0: 0x80013854 (0xff9ff06f) j       pc - 0x8
core   0: 3 0x80013854 (0xff9ff06f)
core   0: 0x8001384c (0x00001f17) auipc   t5, 0x1
core   0: 3 0x8001384c (0x00001f17) x30 0x8001484c
core   0: 0x80013850 (0x7a3f2a23) sw      gp, 1972(t5)
core   0: 3 0x80013850 (0x7a3f2a23) mem 0x80015000 0x00000001
core   0: 0x80013854 (0xff9ff06f) j       pc - 0x8
core   0: 3 0x80013854 (0xff9ff06f)
core   0: 0x8001384c (0x00001f17) auipc   t5, 0x1
core   0: 3 0x8001384c (0x00001f17) x30 0x8001484c
core   0: 0x80013850 (0x7a3f2a23) sw      gp, 1972(t5)
core   0: 3 0x80013850 (0x7a3f2a23) mem 0x80015000 0x00000001
core   0: 0x80013854 (0xff9ff06f) j       pc - 0x8
core   0: 3 0x80013854 (0xff9ff06f)
core   0: 0x8001384c (0x00001f17) auipc   t5, 0x1
core   0: 3 0x8001384c (0x00001f17) x30 0x8001484c
core   0: 0x80013850 (0x7a3f2a23) sw      gp, 1972(t5)
core   0: 3 0x80013850 (0x7a3f2a23) mem 0x80015000 0x00000001
core   0: 0x80013854 (0xff9ff06f) j       pc - 0x8
core   0: 3 0x80013854 (0xff9ff06f)
core   0: 0x8001384c (0x00001f17) auipc   t5, 0x1
core   0: 3 0x8001384c (0x00001f17) x30 0x8001484c
core   0: 0x80013850 (0x7a3f2a23) sw      gp, 1972(t5)
core   0: 3 0x80013850 (0x7a3f2a23) mem 0x80015000 0x00000001
core   0: 0x80013854 (0xff9ff06f) j       pc - 0x8
core   0: 3 0x80013854 (0xff9ff06f)
core   0: 0x8001384c (0x00001f17) auipc   t5, 0x1
core   0: 3 0x8001384c (0x00001f17) x30 0x8001484c
core   0: 0x80013850 (0x7a3f2a23) sw      gp, 1972(t5)
core   0: 3 0x80013850 (0x7a3f2a23) mem 0x80015000 0x00000001
core   0: 0x80013854 (0xff9ff06f) j       pc - 0x8
core   0: 3 0x80013854 (0xff9ff06f)
core   0: 0x8001384c (0x00001f17) auipc   t5, 0x1
core   0: 3 0x8001384c (0x00001f17) x30 0x8001484c
core   0: 0x80013850 (0x7a3f2a23) sw      gp, 1972(t5)
core   0: 3 0x80013850 (0x7a3f2a23) mem 0x80015000 0x00000001
core   0: 0x80013854 (0xff9ff06f) j       pc - 0x8
core   0: 3 0x80013854 (0xff9ff06f)
core   0: 0x8001384c (0x00001f17) auipc   t5, 0x1
core   0: 3 0x8001384c (0x00001f17) x30 0x8001484c
core   0: 0x80013850 (0x7a3f2a23) sw      gp, 1972(t5)
core   0: 3 0x80013850 (0x7a3f2a23) mem 0x80015000 0x00000001
core   0: 0x80013854 (0xff9ff06f) j       pc - 0x8
core   0: 3 0x80013854 (0xff9ff06f)
core   0: 0x8001384c (0x00001f17) auipc   t5, 0x1
core   0: 3 0x8001384c (0x00001f17) x30 0x8001484c
core   0: 0x80013850 (0x7a3f2a23) sw      gp, 1972(t5)
core   0: 3 0x80013850 (0x7a3f2a23) mem 0x80015000 0x00000001
core   0: 0x80013854 (0xff9ff06f) j       pc - 0x8
core   0: 3 0x80013854 (0xff9ff06f)
core   0: 0x8001384c (0x00001f17) auipc   t5, 0x1
core   0: 3 0x8001384c (0x00001f17) x30 0x8001484c
core   0: 0x80013850 (0x7a3f2a23) sw      gp, 1972(t5)
core   0: 3 0x80013850 (0x7a3f2a23) mem 0x80015000 0x00000001
core   0: 0x80013854 (0xff9ff06f) j       pc - 0x8
core   0: 3 0x80013854 (0xff9ff06f)
core   0: 0x8001384c (0x00001f17) auipc   t5, 0x1
core   0: 3 0x8001384c (0x00001f17) x30 0x8001484c
core   0: 0x80013850 (0x7a3f2a23) sw      gp, 1972(t5)
core   0: 3 0x80013850 (0x7a3f2a23) mem 0x80015000 0x00000001
core   0: 0x80013854 (0xff9ff06f) j       pc - 0x8
core   0: 3 0x80013854 (0xff9ff06f)
core   0: 0x8001384c (0x00001f17) auipc   t5, 0x1
core   0: 3 0x8001384c (0x00001f17) x30 0x8001484c
core   0: 0x80013850 (0x7a3f2a23) sw      gp, 1972(t5)
core   0: 3 0x80013850 (0x7a3f2a23) mem 0x80015000 0x00000001
core   0: 0x80013854 (0xff9ff06f) j       pc - 0x8
core   0: 3 0x80013854 (0xff9ff06f)
core   0: 0x8001384c (0x00001f17) auipc   t5, 0x1
core   0: 3 0x8001384c (0x00001f17) x30 0x8001484c
core   0: 0x80013850 (0x7a3f2a23) sw      gp, 1972(t5)
core   0: 3 0x80013850 (0x7a3f2a23) mem 0x80015000 0x00000001
core   0: 0x80013854 (0xff9ff06f) j       pc - 0x8
core   0: 3 0x80013854 (0xff9ff06f)
core   0: 0x8001384c (0x00001f17) auipc   t5, 0x1
core   0: 3 0x8001384c (0x00001f17) x30 0x8001484c
core   0: 0x80013850 (0x7a3f2a23) sw      gp, 1972(t5)
core   0: 3 0x80013850 (0x7a3f2a23) mem 0x80015000 0x00000001
core   0: 0x80013854 (0xff9ff06f) j       pc - 0x8
core   0: 3 0x80013854 (0xff9ff06f)
core   0: 0x8001384c (0x00001f17) auipc   t5, 0x1
core   0: 3 0x8001384c (0x00001f17) x30 0x8001484c
core   0: 0x80013850 (0x7a3f2a23) sw      gp, 1972(t5)
core   0: 3 0x80013850 (0x7a3f2a23) mem 0x80015000 0x00000001
core   0: 0x80013854 (0xff9ff06f) j       pc - 0x8
core   0: 3 0x80013854 (0xff9ff06f)
core   0: 0x8001384c (0x00001f17) auipc   t5, 0x1
core   0: 3 0x8001384c (0x00001f17) x30 0x8001484c
core   0: 0x80013850 (0x7a3f2a23) sw      gp, 1972(t5)
core   0: 3 0x80013850 (0x7a3f2a23) mem 0x80015000 0x00000001
core   0: 0x80013854 (0xff9ff06f) j       pc - 0x8
core   0: 3 0x80013854 (0xff9ff06f)
core   0: 0x8001384c (0x00001f17) auipc   t5, 0x1
core   0: 3 0x8001384c (0x00001f17) x30 0x8001484c
core   0: 0x80013850 (0x7a3f2a23) sw      gp, 1972(t5)
core   0: 3 0x80013850 (0x7a3f2a23) mem 0x80015000 0x00000001
core   0: 0x80013854 (0xff9ff06f) j       pc - 0x8
core   0: 3 0x80013854 (0xff9ff06f)
core   0: 0x8001384c (0x00001f17) auipc   t5, 0x1
core   0: 3 0x8001384c (0x00001f17) x30 0x8001484c
core   0: 0x80013850 (0x7a3f2a23) sw      gp, 1972(t5)
core   0: 3 0x80013850 (0x7a3f2a23) mem 0x80015000 0x00000001
core   0: 0x80013854 (0xff9ff06f) j       pc - 0x8
core   0: 3 0x80013854 (0xff9ff06f)
core   0: 0x8001384c (0x00001f17) auipc   t5, 0x1
core   0: 3 0x8001384c (0x00001f17) x30 0x8001484c
core   0: 0x80013850 (0x7a3f2a23) sw      gp, 1972(t5)
core   0: 3 0x80013850 (0x7a3f2a23) mem 0x80015000 0x00000001
core   0: 0x80013854 (0xff9ff06f) j       pc - 0x8
core   0: 3 0x80013854 (0xff9ff06f)
core   0: 0x8001384c (0x00001f17) auipc   t5, 0x1
core   0: 3 0x8001384c (0x00001f17) x30 0x8001484c
core   0: 0x80013850 (0x7a3f2a23) sw      gp, 1972(t5)
core   0: 3 0x80013850 (0x7a3f2a23) mem 0x80015000 0x00000001
core   0: 0x80013854 (0xff9ff06f) j       pc - 0x8
core   0: 3 0x80013854 (0xff9ff06f)
core   0: 0x8001384c (0x00001f17) auipc   t5, 0x1
core   0: 3 0x8001384c (0x00001f17) x30 0x8001484c
core   0: 0x80013850 (0x7a3f2a23) sw      gp, 1972(t5)
core   0: 3 0x80013850 (0x7a3f2a23) mem 0x80015000 0x00000001
core   0: 0x80013854 (0xff9ff06f) j       pc - 0x8
core   0: 3 0x80013854 (0xff9ff06f)
core   0: 0x8001384c (0x00001f17) auipc   t5, 0x1
core   0: 3 0x8001384c (0x00001f17) x30 0x8001484c
core   0: 0x80013850 (0x7a3f2a23) sw      gp, 1972(t5)
core   0: 3 0x80013850 (0x7a3f2a23) mem 0x80015000 0x00000001
core   0: 0x80013854 (0xff9ff06f) j       pc - 0x8
core   0: 3 0x80013854 (0xff9ff06f)
core   0: 0x8001384c (0x00001f17) auipc   t5, 0x1
core   0: 3 0x8001384c (0x00001f17) x30 0x8001484c
core   0: 0x80013850 (0x7a3f2a23) sw      gp, 1972(t5)
core   0: 3 0x80013850 (0x7a3f2a23) mem 0x80015000 0x00000001
core   0: 0x80013854 (0xff9ff06f) j       pc - 0x8
core   0: 3 0x80013854 (0xff9ff06f)
core   0: 0x8001384c (0x00001f17) auipc   t5, 0x1
core   0: 3 0x8001384c (0x00001f17) x30 0x8001484c
core   0: 0x80013850 (0x7a3f2a23) sw      gp, 1972(t5)
core   0: 3 0x80013850 (0x7a3f2a23) mem 0x80015000 0x00000001
core   0: 0x80013854 (0xff9ff06f) j       pc - 0x8
core   0: 3 0x80013854 (0xff9ff06f)
core   0: 0x8001384c (0x00001f17) auipc   t5, 0x1
core   0: 3 0x8001384c (0x00001f17) x30 0x8001484c
core   0: 0x80013850 (0x7a3f2a23) sw      gp, 1972(t5)
core   0: 3 0x80013850 (0x7a3f2a23) mem 0x80015000 0x00000001
core   0: 0x80013854 (0xff9ff06f) j       pc - 0x8
core   0: 3 0x80013854 (0xff9ff06f)
core   0: 0x8001384c (0x00001f17) auipc   t5, 0x1
core   0: 3 0x8001384c (0x00001f17) x30 0x8001484c
core   0: 0x80013850 (0x7a3f2a23) sw      gp, 1972(t5)
core   0: 3 0x80013850 (0x7a3f2a23) mem 0x80015000 0x00000001
core   0: 0x80013854 (0xff9ff06f) j       pc - 0x8
core   0: 3 0x80013854 (0xff9ff06f)
core   0: 0x8001384c (0x00001f17) auipc   t5, 0x1
core   0: 3 0x8001384c (0x00001f17) x30 0x8001484c
core   0: 0x80013850 (0x7a3f2a23) sw      gp, 1972(t5)
core   0: 3 0x80013850 (0x7a3f2a23) mem 0x80015000 0x00000001
core   0: 0x80013854 (0xff9ff06f) j       pc - 0x8
core   0: 3 0x80013854 (0xff9ff06f)
core   0: 0x8001384c (0x00001f17) auipc   t5, 0x1
core   0: 3 0x8001384c (0x00001f17) x30 0x8001484c
core   0: 0x80013850 (0x7a3f2a23) sw      gp, 1972(t5)
core   0: 3 0x80013850 (0x7a3f2a23) mem 0x80015000 0x00000001
core   0: 0x80013854 (0xff9ff06f) j       pc - 0x8
core   0: 3 0x80013854 (0xff9ff06f)
core   0: 0x8001384c (0x00001f17) auipc   t5, 0x1
core   0: 3 0x8001384c (0x00001f17) x30 0x8001484c
core   0: 0x80013850 (0x7a3f2a23) sw      gp, 1972(t5)
core   0: 3 0x80013850 (0x7a3f2a23) mem 0x80015000 0x00000001
core   0: 0x80013854 (0xff9ff06f) j       pc - 0x8
core   0: 3 0x80013854 (0xff9ff06f)
core   0: 0x8001384c (0x00001f17) auipc   t5, 0x1
core   0: 3 0x8001384c (0x00001f17) x30 0x8001484c
core   0: 0x80013850 (0x7a3f2a23) sw      gp, 1972(t5)
core   0: 3 0x80013850 (0x7a3f2a23) mem 0x80015000 0x00000001
core   0: 0x80013854 (0xff9ff06f) j       pc - 0x8
core   0: 3 0x80013854 (0xff9ff06f)
core   0: 0x8001384c (0x00001f17) auipc   t5, 0x1
core   0: 3 0x8001384c (0x00001f17) x30 0x8001484c
core   0: 0x80013850 (0x7a3f2a23) sw      gp, 1972(t5)
core   0: 3 0x80013850 (0x7a3f2a23) mem 0x80015000 0x00000001
core   0: 0x80013854 (0xff9ff06f) j       pc - 0x8
core   0: 3 0x80013854 (0xff9ff06f)
core   0: 0x8001384c (0x00001f17) auipc   t5, 0x1
core   0: 3 0x8001384c (0x00001f17) x30 0x8001484c
core   0: 0x80013850 (0x7a3f2a23) sw      gp, 1972(t5)
core   0: 3 0x80013850 (0x7a3f2a23) mem 0x80015000 0x00000001
core   0: 0x80013854 (0xff9ff06f) j       pc - 0x8
core   0: 3 0x80013854 (0xff9ff06f)
core   0: 0x8001384c (0x00001f17) auipc   t5, 0x1
core   0: 3 0x8001384c (0x00001f17) x30 0x8001484c
core   0: 0x80013850 (0x7a3f2a23) sw      gp, 1972(t5)
core   0: 3 0x80013850 (0x7a3f2a23) mem 0x80015000 0x00000001
core   0: 0x80013854 (0xff9ff06f) j       pc - 0x8
core   0: 3 0x80013854 (0xff9ff06f)
core   0: 0x8001384c (0x00001f17) auipc   t5, 0x1
core   0: 3 0x8001384c (0x00001f17) x30 0x8001484c
core   0: 0x80013850 (0x7a3f2a23) sw      gp, 1972(t5)
core   0: 3 0x80013850 (0x7a3f2a23) mem 0x80015000 0x00000001
core   0: 0x80013854 (0xff9ff06f) j       pc - 0x8
core   0: 3 0x80013854 (0xff9ff06f)
core   0: 0x8001384c (0x00001f17) auipc   t5, 0x1
core   0: 3 0x8001384c (0x00001f17) x30 0x8001484c
core   0: 0x80013850 (0x7a3f2a23) sw      gp, 1972(t5)
core   0: 3 0x80013850 (0x7a3f2a23) mem 0x80015000 0x00000001
core   0: 0x80013854 (0xff9ff06f) j       pc - 0x8
core   0: 3 0x80013854 (0xff9ff06f)
core   0: 0x8001384c (0x00001f17) auipc   t5, 0x1
core   0: 3 0x8001384c (0x00001f17) x30 0x8001484c
core   0: 0x80013850 (0x7a3f2a23) sw      gp, 1972(t5)
core   0: 3 0x80013850 (0x7a3f2a23) mem 0x80015000 0x00000001
core   0: 0x80013854 (0xff9ff06f) j       pc - 0x8
core   0: 3 0x80013854 (0xff9ff06f)
core   0: 0x8001384c (0x00001f17) auipc   t5, 0x1
core   0: 3 0x8001384c (0x00001f17) x30 0x8001484c
core   0: 0x80013850 (0x7a3f2a23) sw      gp, 1972(t5)
core   0: 3 0x80013850 (0x7a3f2a23) mem 0x80015000 0x00000001
core   0: 0x80013854 (0xff9ff06f) j       pc - 0x8
core   0: 3 0x80013854 (0xff9ff06f)
core   0: 0x8001384c (0x00001f17) auipc   t5, 0x1
core   0: 3 0x8001384c (0x00001f17) x30 0x8001484c
core   0: 0x80013850 (0x7a3f2a23) sw      gp, 1972(t5)
core   0: 3 0x80013850 (0x7a3f2a23) mem 0x80015000 0x00000001
core   0: 0x80013854 (0xff9ff06f) j       pc - 0x8
core   0: 3 0x80013854 (0xff9ff06f)
core   0: 0x8001384c (0x00001f17) auipc   t5, 0x1
core   0: 3 0x8001384c (0x00001f17) x30 0x8001484c
core   0: 0x80013850 (0x7a3f2a23) sw      gp, 1972(t5)
core   0: 3 0x80013850 (0x7a3f2a23) mem 0x80015000 0x00000001
core   0: 0x80013854 (0xff9ff06f) j       pc - 0x8
core   0: 3 0x80013854 (0xff9ff06f)
core   0: 0x8001384c (0x00001f17) auipc   t5, 0x1
core   0: 3 0x8001384c (0x00001f17) x30 0x8001484c
core   0: 0x80013850 (0x7a3f2a23) sw      gp, 1972(t5)
core   0: 3 0x80013850 (0x7a3f2a23) mem 0x80015000 0x00000001
core   0: 0x80013854 (0xff9ff06f) j       pc - 0x8
core   0: 3 0x80013854 (0xff9ff06f)
core   0: 0x8001384c (0x00001f17) auipc   t5, 0x1
core   0: 3 0x8001384c (0x00001f17) x30 0x8001484c
core   0: 0x80013850 (0x7a3f2a23) sw      gp, 1972(t5)
core   0: 3 0x80013850 (0x7a3f2a23) mem 0x80015000 0x00000001
core   0: 0x80013854 (0xff9ff06f) j       pc - 0x8
core   0: 3 0x80013854 (0xff9ff06f)
core   0: 0x8001384c (0x00001f17) auipc   t5, 0x1
core   0: 3 0x8001384c (0x00001f17) x30 0x8001484c
core   0: 0x80013850 (0x7a3f2a23) sw      gp, 1972(t5)
core   0: 3 0x80013850 (0x7a3f2a23) mem 0x80015000 0x00000001
core   0: 0x80013854 (0xff9ff06f) j       pc - 0x8
core   0: 3 0x80013854 (0xff9ff06f)
core   0: 0x8001384c (0x00001f17) auipc   t5, 0x1
core   0: 3 0x8001384c (0x00001f17) x30 0x8001484c
core   0: 0x80013850 (0x7a3f2a23) sw      gp, 1972(t5)
core   0: 3 0x80013850 (0x7a3f2a23) mem 0x80015000 0x00000001
core   0: 0x80013854 (0xff9ff06f) j       pc - 0x8
core   0: 3 0x80013854 (0xff9ff06f)
core   0: 0x8001384c (0x00001f17) auipc   t5, 0x1
core   0: 3 0x8001384c (0x00001f17) x30 0x8001484c
core   0: 0x80013850 (0x7a3f2a23) sw      gp, 1972(t5)
core   0: 3 0x80013850 (0x7a3f2a23) mem 0x80015000 0x00000001
core   0: 0x80013854 (0xff9ff06f) j       pc - 0x8
core   0: 3 0x80013854 (0xff9ff06f)
core   0: 0x8001384c (0x00001f17) auipc   t5, 0x1
core   0: 3 0x8001384c (0x00001f17) x30 0x8001484c
core   0: 0x80013850 (0x7a3f2a23) sw      gp, 1972(t5)
core   0: 3 0x80013850 (0x7a3f2a23) mem 0x80015000 0x00000001
core   0: 0x80013854 (0xff9ff06f) j       pc - 0x8
core   0: 3 0x80013854 (0xff9ff06f)
core   0: 0x8001384c (0x00001f17) auipc   t5, 0x1
core   0: 3 0x8001384c (0x00001f17) x30 0x8001484c
core   0: 0x80013850 (0x7a3f2a23) sw      gp, 1972(t5)
core   0: 3 0x80013850 (0x7a3f2a23) mem 0x80015000 0x00000001
core   0: 0x80013854 (0xff9ff06f) j       pc - 0x8
core   0: 3 0x80013854 (0xff9ff06f)
core   0: 0x8001384c (0x00001f17) auipc   t5, 0x1
core   0: 3 0x8001384c (0x00001f17) x30 0x8001484c
core   0: 0x80013850 (0x7a3f2a23) sw      gp, 1972(t5)
core   0: 3 0x80013850 (0x7a3f2a23) mem 0x80015000 0x00000001
core   0: 0x80013854 (0xff9ff06f) j       pc - 0x8
core   0: 3 0x80013854 (0xff9ff06f)
core   0: 0x8001384c (0x00001f17) auipc   t5, 0x1
core   0: 3 0x8001384c (0x00001f17) x30 0x8001484c
core   0: 0x80013850 (0x7a3f2a23) sw      gp, 1972(t5)
core   0: 3 0x80013850 (0x7a3f2a23) mem 0x80015000 0x00000001
core   0: 0x80013854 (0xff9ff06f) j       pc - 0x8
core   0: 3 0x80013854 (0xff9ff06f)
core   0: 0x8001384c (0x00001f17) auipc   t5, 0x1
core   0: 3 0x8001384c (0x00001f17) x30 0x8001484c
core   0: 0x80013850 (0x7a3f2a23) sw      gp, 1972(t5)
core   0: 3 0x80013850 (0x7a3f2a23) mem 0x80015000 0x00000001
core   0: 0x80013854 (0xff9ff06f) j       pc - 0x8
core   0: 3 0x80013854 (0xff9ff06f)
core   0: 0x8001384c (0x00001f17) auipc   t5, 0x1
core   0: 3 0x8001384c (0x00001f17) x30 0x8001484c
core   0: 0x80013850 (0x7a3f2a23) sw      gp, 1972(t5)
core   0: 3 0x80013850 (0x7a3f2a23) mem 0x80015000 0x00000001
core   0: 0x80013854 (0xff9ff06f) j       pc - 0x8
core   0: 3 0x80013854 (0xff9ff06f)
core   0: 0x8001384c (0x00001f17) auipc   t5, 0x1
core   0: 3 0x8001384c (0x00001f17) x30 0x8001484c
core   0: 0x80013850 (0x7a3f2a23) sw      gp, 1972(t5)
core   0: 3 0x80013850 (0x7a3f2a23) mem 0x80015000 0x00000001
core   0: 0x80013854 (0xff9ff06f) j       pc - 0x8
core   0: 3 0x80013854 (0xff9ff06f)
core   0: 0x8001384c (0x00001f17) auipc   t5, 0x1
core   0: 3 0x8001384c (0x00001f17) x30 0x8001484c
core   0: 0x80013850 (0x7a3f2a23) sw      gp, 1972(t5)
core   0: 3 0x80013850 (0x7a3f2a23) mem 0x80015000 0x00000001
core   0: 0x80013854 (0xff9ff06f) j       pc - 0x8
core   0: 3 0x80013854 (0xff9ff06f)
core   0: 0x8001384c (0x00001f17) auipc   t5, 0x1
core   0: 3 0x8001384c (0x00001f17) x30 0x8001484c
core   0: 0x80013850 (0x7a3f2a23) sw      gp, 1972(t5)
core   0: 3 0x80013850 (0x7a3f2a23) mem 0x80015000 0x00000001
core   0: 0x80013854 (0xff9ff06f) j       pc - 0x8
core   0: 3 0x80013854 (0xff9ff06f)
core   0: 0x8001384c (0x00001f17) auipc   t5, 0x1
core   0: 3 0x8001384c (0x00001f17) x30 0x8001484c
core   0: 0x80013850 (0x7a3f2a23) sw      gp, 1972(t5)
core   0: 3 0x80013850 (0x7a3f2a23) mem 0x80015000 0x00000001
core   0: 0x80013854 (0xff9ff06f) j       pc - 0x8
core   0: 3 0x80013854 (0xff9ff06f)
core   0: 0x8001384c (0x00001f17) auipc   t5, 0x1
core   0: 3 0x8001384c (0x00001f17) x30 0x8001484c
core   0: 0x80013850 (0x7a3f2a23) sw      gp, 1972(t5)
core   0: 3 0x80013850 (0x7a3f2a23) mem 0x80015000 0x00000001
core   0: 0x80013854 (0xff9ff06f) j       pc - 0x8
core   0: 3 0x80013854 (0xff9ff06f)
core   0: 0x8001384c (0x00001f17) auipc   t5, 0x1
core   0: 3 0x8001384c (0x00001f17) x30 0x8001484c
core   0: 0x80013850 (0x7a3f2a23) sw      gp, 1972(t5)
core   0: 3 0x80013850 (0x7a3f2a23) mem 0x80015000 0x00000001
core   0: 0x80013854 (0xff9ff06f) j       pc - 0x8
core   0: 3 0x80013854 (0xff9ff06f)
core   0: 0x8001384c (0x00001f17) auipc   t5, 0x1
core   0: 3 0x8001384c (0x00001f17) x30 0x8001484c
core   0: 0x80013850 (0x7a3f2a23) sw      gp, 1972(t5)
core   0: 3 0x80013850 (0x7a3f2a23) mem 0x80015000 0x00000001
core   0: 0x80013854 (0xff9ff06f) j       pc - 0x8
core   0: 3 0x80013854 (0xff9ff06f)
core   0: 0x8001384c (0x00001f17) auipc   t5, 0x1
core   0: 3 0x8001384c (0x00001f17) x30 0x8001484c
core   0: 0x80013850 (0x7a3f2a23) sw      gp, 1972(t5)
core   0: 3 0x80013850 (0x7a3f2a23) mem 0x80015000 0x00000001
core   0: 0x80013854 (0xff9ff06f) j       pc - 0x8
core   0: 3 0x80013854 (0xff9ff06f)
core   0: 0x8001384c (0x00001f17) auipc   t5, 0x1
core   0: 3 0x8001384c (0x00001f17) x30 0x8001484c
core   0: 0x80013850 (0x7a3f2a23) sw      gp, 1972(t5)
core   0: 3 0x80013850 (0x7a3f2a23) mem 0x80015000 0x00000001
core   0: 0x80013854 (0xff9ff06f) j       pc - 0x8
core   0: 3 0x80013854 (0xff9ff06f)
core   0: 0x8001384c (0x00001f17) auipc   t5, 0x1
core   0: 3 0x8001384c (0x00001f17) x30 0x8001484c
core   0: 0x80013850 (0x7a3f2a23) sw      gp, 1972(t5)
core   0: 3 0x80013850 (0x7a3f2a23) mem 0x80015000 0x00000001
core   0: 0x80013854 (0xff9ff06f) j       pc - 0x8
core   0: 3 0x80013854 (0xff9ff06f)
core   0: 0x8001384c (0x00001f17) auipc   t5, 0x1
core   0: 3 0x8001384c (0x00001f17) x30 0x8001484c
core   0: 0x80013850 (0x7a3f2a23) sw      gp, 1972(t5)
core   0: 3 0x80013850 (0x7a3f2a23) mem 0x80015000 0x00000001
core   0: 0x80013854 (0xff9ff06f) j       pc - 0x8
core   0: 3 0x80013854 (0xff9ff06f)
core   0: 0x8001384c (0x00001f17) auipc   t5, 0x1
core   0: 3 0x8001384c (0x00001f17) x30 0x8001484c
core   0: 0x80013850 (0x7a3f2a23) sw      gp, 1972(t5)
core   0: 3 0x80013850 (0x7a3f2a23) mem 0x80015000 0x00000001
core   0: 0x80013854 (0xff9ff06f) j       pc - 0x8
core   0: 3 0x80013854 (0xff9ff06f)
core   0: 0x8001384c (0x00001f17) auipc   t5, 0x1
core   0: 3 0x8001384c (0x00001f17) x30 0x8001484c
core   0: 0x80013850 (0x7a3f2a23) sw      gp, 1972(t5)
core   0: 3 0x80013850 (0x7a3f2a23) mem 0x80015000 0x00000001
core   0: 0x80013854 (0xff9ff06f) j       pc - 0x8
core   0: 3 0x80013854 (0xff9ff06f)
core   0: 0x8001384c (0x00001f17) auipc   t5, 0x1
core   0: 3 0x8001384c (0x00001f17) x30 0x8001484c
core   0: 0x80013850 (0x7a3f2a23) sw      gp, 1972(t5)
core   0: 3 0x80013850 (0x7a3f2a23) mem 0x80015000 0x00000001
core   0: 0x80013854 (0xff9ff06f) j       pc - 0x8
core   0: 3 0x80013854 (0xff9ff06f)
core   0: 0x8001384c (0x00001f17) auipc   t5, 0x1
core   0: 3 0x8001384c (0x00001f17) x30 0x8001484c
core   0: 0x80013850 (0x7a3f2a23) sw      gp, 1972(t5)
core   0: 3 0x80013850 (0x7a3f2a23) mem 0x80015000 0x00000001
core   0: 0x80013854 (0xff9ff06f) j       pc - 0x8
core   0: 3 0x80013854 (0xff9ff06f)
core   0: 0x8001384c (0x00001f17) auipc   t5, 0x1
core   0: 3 0x8001384c (0x00001f17) x30 0x8001484c
core   0: 0x80013850 (0x7a3f2a23) sw      gp, 1972(t5)
core   0: 3 0x80013850 (0x7a3f2a23) mem 0x80015000 0x00000001
core   0: 0x80013854 (0xff9ff06f) j       pc - 0x8
core   0: 3 0x80013854 (0xff9ff06f)
core   0: 0x8001384c (0x00001f17) auipc   t5, 0x1
core   0: 3 0x8001384c (0x00001f17) x30 0x8001484c
core   0: 0x80013850 (0x7a3f2a23) sw      gp, 1972(t5)
core   0: 3 0x80013850 (0x7a3f2a23) mem 0x80015000 0x00000001
core   0: 0x80013854 (0xff9ff06f) j       pc - 0x8
core   0: 3 0x80013854 (0xff9ff06f)
core   0: 0x8001384c (0x00001f17) auipc   t5, 0x1
core   0: 3 0x8001384c (0x00001f17) x30 0x8001484c
core   0: 0x80013850 (0x7a3f2a23) sw      gp, 1972(t5)
core   0: 3 0x80013850 (0x7a3f2a23) mem 0x80015000 0x00000001
core   0: 0x80013854 (0xff9ff06f) j       pc - 0x8
core   0: 3 0x80013854 (0xff9ff06f)
core   0: 0x8001384c (0x00001f17) auipc   t5, 0x1
core   0: 3 0x8001384c (0x00001f17) x30 0x8001484c
core   0: 0x80013850 (0x7a3f2a23) sw      gp, 1972(t5)
core   0: 3 0x80013850 (0x7a3f2a23) mem 0x80015000 0x00000001
core   0: 0x80013854 (0xff9ff06f) j       pc - 0x8
core   0: 3 0x80013854 (0xff9ff06f)
core   0: 0x8001384c (0x00001f17) auipc   t5, 0x1
core   0: 3 0x8001384c (0x00001f17) x30 0x8001484c
core   0: 0x80013850 (0x7a3f2a23) sw      gp, 1972(t5)
core   0: 3 0x80013850 (0x7a3f2a23) mem 0x80015000 0x00000001
core   0: 0x80013854 (0xff9ff06f) j       pc - 0x8
core   0: 3 0x80013854 (0xff9ff06f)
core   0: 0x8001384c (0x00001f17) auipc   t5, 0x1
core   0: 3 0x8001384c (0x00001f17) x30 0x8001484c
core   0: 0x80013850 (0x7a3f2a23) sw      gp, 1972(t5)
core   0: 3 0x80013850 (0x7a3f2a23) mem 0x80015000 0x00000001
core   0: 0x80013854 (0xff9ff06f) j       pc - 0x8
core   0: 3 0x80013854 (0xff9ff06f)
core   0: 0x8001384c (0x00001f17) auipc   t5, 0x1
core   0: 3 0x8001384c (0x00001f17) x30 0x8001484c
core   0: 0x80013850 (0x7a3f2a23) sw      gp, 1972(t5)
core   0: 3 0x80013850 (0x7a3f2a23) mem 0x80015000 0x00000001
core   0: 0x80013854 (0xff9ff06f) j       pc - 0x8
core   0: 3 0x80013854 (0xff9ff06f)
core   0: 0x8001384c (0x00001f17) auipc   t5, 0x1
core   0: 3 0x8001384c (0x00001f17) x30 0x8001484c
core   0: 0x80013850 (0x7a3f2a23) sw      gp, 1972(t5)
core   0: 3 0x80013850 (0x7a3f2a23) mem 0x80015000 0x00000001
core   0: 0x80013854 (0xff9ff06f) j       pc - 0x8
core   0: 3 0x80013854 (0xff9ff06f)
core   0: 0x8001384c (0x00001f17) auipc   t5, 0x1
core   0: 3 0x8001384c (0x00001f17) x30 0x8001484c
core   0: 0x80013850 (0x7a3f2a23) sw      gp, 1972(t5)
core   0: 3 0x80013850 (0x7a3f2a23) mem 0x80015000 0x00000001
core   0: 0x80013854 (0xff9ff06f) j       pc - 0x8
core   0: 3 0x80013854 (0xff9ff06f)
core   0: 0x8001384c (0x00001f17) auipc   t5, 0x1
core   0: 3 0x8001384c (0x00001f17) x30 0x8001484c
core   0: 0x80013850 (0x7a3f2a23) sw      gp, 1972(t5)
core   0: 3 0x80013850 (0x7a3f2a23) mem 0x80015000 0x00000001
core   0: 0x80013854 (0xff9ff06f) j       pc - 0x8
core   0: 3 0x80013854 (0xff9ff06f)
core   0: 0x8001384c (0x00001f17) auipc   t5, 0x1
core   0: 3 0x8001384c (0x00001f17) x30 0x8001484c
core   0: 0x80013850 (0x7a3f2a23) sw      gp, 1972(t5)
core   0: 3 0x80013850 (0x7a3f2a23) mem 0x80015000 0x00000001
core   0: 0x80013854 (0xff9ff06f) j       pc - 0x8
core   0: 3 0x80013854 (0xff9ff06f)
core   0: 0x8001384c (0x00001f17) auipc   t5, 0x1
core   0: 3 0x8001384c (0x00001f17) x30 0x8001484c
core   0: 0x80013850 (0x7a3f2a23) sw      gp, 1972(t5)
core   0: 3 0x80013850 (0x7a3f2a23) mem 0x80015000 0x00000001
core   0: 0x80013854 (0xff9ff06f) j       pc - 0x8
core   0: 3 0x80013854 (0xff9ff06f)
core   0: 0x8001384c (0x00001f17) auipc   t5, 0x1
core   0: 3 0x8001384c (0x00001f17) x30 0x8001484c
core   0: 0x80013850 (0x7a3f2a23) sw      gp, 1972(t5)
core   0: 3 0x80013850 (0x7a3f2a23) mem 0x80015000 0x00000001
core   0: 0x80013854 (0xff9ff06f) j       pc - 0x8
core   0: 3 0x80013854 (0xff9ff06f)
core   0: 0x8001384c (0x00001f17) auipc   t5, 0x1
core   0: 3 0x8001384c (0x00001f17) x30 0x8001484c
core   0: 0x80013850 (0x7a3f2a23) sw      gp, 1972(t5)
core   0: 3 0x80013850 (0x7a3f2a23) mem 0x80015000 0x00000001
core   0: 0x80013854 (0xff9ff06f) j       pc - 0x8
core   0: 3 0x80013854 (0xff9ff06f)
core   0: 0x8001384c (0x00001f17) auipc   t5, 0x1
core   0: 3 0x8001384c (0x00001f17) x30 0x8001484c
core   0: 0x80013850 (0x7a3f2a23) sw      gp, 1972(t5)
core   0: 3 0x80013850 (0x7a3f2a23) mem 0x80015000 0x00000001
core   0: 0x80013854 (0xff9ff06f) j       pc - 0x8
core   0: 3 0x80013854 (0xff9ff06f)
core   0: 0x8001384c (0x00001f17) auipc   t5, 0x1
core   0: 3 0x8001384c (0x00001f17) x30 0x8001484c
core   0: 0x80013850 (0x7a3f2a23) sw      gp, 1972(t5)
core   0: 3 0x80013850 (0x7a3f2a23) mem 0x80015000 0x00000001
core   0: 0x80013854 (0xff9ff06f) j       pc - 0x8
core   0: 3 0x80013854 (0xff9ff06f)
core   0: 0x8001384c (0x00001f17) auipc   t5, 0x1
core   0: 3 0x8001384c (0x00001f17) x30 0x8001484c
core   0: 0x80013850 (0x7a3f2a23) sw      gp, 1972(t5)
core   0: 3 0x80013850 (0x7a3f2a23) mem 0x80015000 0x00000001
core   0: 0x80013854 (0xff9ff06f) j       pc - 0x8
core   0: 3 0x80013854 (0xff9ff06f)
core   0: 0x8001384c (0x00001f17) auipc   t5, 0x1
core   0: 3 0x8001384c (0x00001f17) x30 0x8001484c
core   0: 0x80013850 (0x7a3f2a23) sw      gp, 1972(t5)
core   0: 3 0x80013850 (0x7a3f2a23) mem 0x80015000 0x00000001
core   0: 0x80013854 (0xff9ff06f) j       pc - 0x8
core   0: 3 0x80013854 (0xff9ff06f)
core   0: 0x8001384c (0x00001f17) auipc   t5, 0x1
core   0: 3 0x8001384c (0x00001f17) x30 0x8001484c
core   0: 0x80013850 (0x7a3f2a23) sw      gp, 1972(t5)
core   0: 3 0x80013850 (0x7a3f2a23) mem 0x80015000 0x00000001
core   0: 0x80013854 (0xff9ff06f) j       pc - 0x8
core   0: 3 0x80013854 (0xff9ff06f)
core   0: 0x8001384c (0x00001f17) auipc   t5, 0x1
core   0: 3 0x8001384c (0x00001f17) x30 0x8001484c
core   0: 0x80013850 (0x7a3f2a23) sw      gp, 1972(t5)
core   0: 3 0x80013850 (0x7a3f2a23) mem 0x80015000 0x00000001
core   0: 0x80013854 (0xff9ff06f) j       pc - 0x8
core   0: 3 0x80013854 (0xff9ff06f)
core   0: 0x8001384c (0x00001f17) auipc   t5, 0x1
core   0: 3 0x8001384c (0x00001f17) x30 0x8001484c
core   0: 0x80013850 (0x7a3f2a23) sw      gp, 1972(t5)
core   0: 3 0x80013850 (0x7a3f2a23) mem 0x80015000 0x00000001
core   0: 0x80013854 (0xff9ff06f) j       pc - 0x8
core   0: 3 0x80013854 (0xff9ff06f)
core   0: 0x8001384c (0x00001f17) auipc   t5, 0x1
core   0: 3 0x8001384c (0x00001f17) x30 0x8001484c
core   0: 0x80013850 (0x7a3f2a23) sw      gp, 1972(t5)
core   0: 3 0x80013850 (0x7a3f2a23) mem 0x80015000 0x00000001
core   0: 0x80013854 (0xff9ff06f) j       pc - 0x8
core   0: 3 0x80013854 (0xff9ff06f)
core   0: 0x8001384c (0x00001f17) auipc   t5, 0x1
core   0: 3 0x8001384c (0x00001f17) x30 0x8001484c
core   0: 0x80013850 (0x7a3f2a23) sw      gp, 1972(t5)
core   0: 3 0x80013850 (0x7a3f2a23) mem 0x80015000 0x00000001
core   0: 0x80013854 (0xff9ff06f) j       pc - 0x8
core   0: 3 0x80013854 (0xff9ff06f)
core   0: 0x8001384c (0x00001f17) auipc   t5, 0x1
core   0: 3 0x8001384c (0x00001f17) x30 0x8001484c
core   0: 0x80013850 (0x7a3f2a23) sw      gp, 1972(t5)
core   0: 3 0x80013850 (0x7a3f2a23) mem 0x80015000 0x00000001
core   0: 0x80013854 (0xff9ff06f) j       pc - 0x8
core   0: 3 0x80013854 (0xff9ff06f)
core   0: 0x8001384c (0x00001f17) auipc   t5, 0x1
core   0: 3 0x8001384c (0x00001f17) x30 0x8001484c
core   0: 0x80013850 (0x7a3f2a23) sw      gp, 1972(t5)
core   0: 3 0x80013850 (0x7a3f2a23) mem 0x80015000 0x00000001
core   0: 0x80013854 (0xff9ff06f) j       pc - 0x8
core   0: 3 0x80013854 (0xff9ff06f)
core   0: 0x8001384c (0x00001f17) auipc   t5, 0x1
core   0: 3 0x8001384c (0x00001f17) x30 0x8001484c
core   0: 0x80013850 (0x7a3f2a23) sw      gp, 1972(t5)
core   0: 3 0x80013850 (0x7a3f2a23) mem 0x80015000 0x00000001
core   0: 0x80013854 (0xff9ff06f) j       pc - 0x8
core   0: 3 0x80013854 (0xff9ff06f)
core   0: 0x8001384c (0x00001f17) auipc   t5, 0x1
core   0: 3 0x8001384c (0x00001f17) x30 0x8001484c
core   0: 0x80013850 (0x7a3f2a23) sw      gp, 1972(t5)
core   0: 3 0x80013850 (0x7a3f2a23) mem 0x80015000 0x00000001
core   0: 0x80013854 (0xff9ff06f) j       pc - 0x8
core   0: 3 0x80013854 (0xff9ff06f)
core   0: 0x8001384c (0x00001f17) auipc   t5, 0x1
core   0: 3 0x8001384c (0x00001f17) x30 0x8001484c
core   0: 0x80013850 (0x7a3f2a23) sw      gp, 1972(t5)
core   0: 3 0x80013850 (0x7a3f2a23) mem 0x80015000 0x00000001
core   0: 0x80013854 (0xff9ff06f) j       pc - 0x8
core   0: 3 0x80013854 (0xff9ff06f)
core   0: 0x8001384c (0x00001f17) auipc   t5, 0x1
core   0: 3 0x8001384c (0x00001f17) x30 0x8001484c
core   0: 0x80013850 (0x7a3f2a23) sw      gp, 1972(t5)
core   0: 3 0x80013850 (0x7a3f2a23) mem 0x80015000 0x00000001
core   0: 0x80013854 (0xff9ff06f) j       pc - 0x8
core   0: 3 0x80013854 (0xff9ff06f)
core   0: 0x8001384c (0x00001f17) auipc   t5, 0x1
core   0: 3 0x8001384c (0x00001f17) x30 0x8001484c
core   0: 0x80013850 (0x7a3f2a23) sw      gp, 1972(t5)
core   0: 3 0x80013850 (0x7a3f2a23) mem 0x80015000 0x00000001
core   0: 0x80013854 (0xff9ff06f) j       pc - 0x8
core   0: 3 0x80013854 (0xff9ff06f)
core   0: 0x8001384c (0x00001f17) auipc   t5, 0x1
core   0: 3 0x8001384c (0x00001f17) x30 0x8001484c
core   0: 0x80013850 (0x7a3f2a23) sw      gp, 1972(t5)
core   0: 3 0x80013850 (0x7a3f2a23) mem 0x80015000 0x00000001
core   0: 0x80013854 (0xff9ff06f) j       pc - 0x8
core   0: 3 0x80013854 (0xff9ff06f)
core   0: 0x8001384c (0x00001f17) auipc   t5, 0x1
core   0: 3 0x8001384c (0x00001f17) x30 0x8001484c
core   0: 0x80013850 (0x7a3f2a23) sw      gp, 1972(t5)
core   0: 3 0x80013850 (0x7a3f2a23) mem 0x80015000 0x00000001
core   0: 0x80013854 (0xff9ff06f) j       pc - 0x8
core   0: 3 0x80013854 (0xff9ff06f)
core   0: 0x8001384c (0x00001f17) auipc   t5, 0x1
core   0: 3 0x8001384c (0x00001f17) x30 0x8001484c
core   0: 0x80013850 (0x7a3f2a23) sw      gp, 1972(t5)
core   0: 3 0x80013850 (0x7a3f2a23) mem 0x80015000 0x00000001
core   0: 0x80013854 (0xff9ff06f) j       pc - 0x8
core   0: 3 0x80013854 (0xff9ff06f)
core   0: 0x8001384c (0x00001f17) auipc   t5, 0x1
core   0: 3 0x8001384c (0x00001f17) x30 0x8001484c
core   0: 0x80013850 (0x7a3f2a23) sw      gp, 1972(t5)
core   0: 3 0x80013850 (0x7a3f2a23) mem 0x80015000 0x00000001
core   0: 0x80013854 (0xff9ff06f) j       pc - 0x8
core   0: 3 0x80013854 (0xff9ff06f)
core   0: 0x8001384c (0x00001f17) auipc   t5, 0x1
core   0: 3 0x8001384c (0x00001f17) x30 0x8001484c
core   0: 0x80013850 (0x7a3f2a23) sw      gp, 1972(t5)
core   0: 3 0x80013850 (0x7a3f2a23) mem 0x80015000 0x00000001
core   0: 0x80013854 (0xff9ff06f) j       pc - 0x8
core   0: 3 0x80013854 (0xff9ff06f)
core   0: 0x8001384c (0x00001f17) auipc   t5, 0x1
core   0: 3 0x8001384c (0x00001f17) x30 0x8001484c
core   0: 0x80013850 (0x7a3f2a23) sw      gp, 1972(t5)
core   0: 3 0x80013850 (0x7a3f2a23) mem 0x80015000 0x00000001
core   0: 0x80013854 (0xff9ff06f) j       pc - 0x8
core   0: 3 0x80013854 (0xff9ff06f)
core   0: 0x8001384c (0x00001f17) auipc   t5, 0x1
core   0: 3 0x8001384c (0x00001f17) x30 0x8001484c
core   0: 0x80013850 (0x7a3f2a23) sw      gp, 1972(t5)
core   0: 3 0x80013850 (0x7a3f2a23) mem 0x80015000 0x00000001
core   0: 0x80013854 (0xff9ff06f) j       pc - 0x8
core   0: 3 0x80013854 (0xff9ff06f)
core   0: 0x8001384c (0x00001f17) auipc   t5, 0x1
core   0: 3 0x8001384c (0x00001f17) x30 0x8001484c
core   0: 0x80013850 (0x7a3f2a23) sw      gp, 1972(t5)
core   0: 3 0x80013850 (0x7a3f2a23) mem 0x80015000 0x00000001
core   0: 0x80013854 (0xff9ff06f) j       pc - 0x8
core   0: 3 0x80013854 (0xff9ff06f)
core   0: 0x8001384c (0x00001f17) auipc   t5, 0x1
core   0: 3 0x8001384c (0x00001f17) x30 0x8001484c
core   0: 0x80013850 (0x7a3f2a23) sw      gp, 1972(t5)
core   0: 3 0x80013850 (0x7a3f2a23) mem 0x80015000 0x00000001
core   0: 0x80013854 (0xff9ff06f) j       pc - 0x8
core   0: 3 0x80013854 (0xff9ff06f)
core   0: 0x8001384c (0x00001f17) auipc   t5, 0x1
core   0: 3 0x8001384c (0x00001f17) x30 0x8001484c
core   0: 0x80013850 (0x7a3f2a23) sw      gp, 1972(t5)
core   0: 3 0x80013850 (0x7a3f2a23) mem 0x80015000 0x00000001
core   0: 0x80013854 (0xff9ff06f) j       pc - 0x8
core   0: 3 0x80013854 (0xff9ff06f)
core   0: 0x8001384c (0x00001f17) auipc   t5, 0x1
core   0: 3 0x8001384c (0x00001f17) x30 0x8001484c
core   0: 0x80013850 (0x7a3f2a23) sw      gp, 1972(t5)
core   0: 3 0x80013850 (0x7a3f2a23) mem 0x80015000 0x00000001
core   0: 0x80013854 (0xff9ff06f) j       pc - 0x8
core   0: 3 0x80013854 (0xff9ff06f)
core   0: 0x8001384c (0x00001f17) auipc   t5, 0x1
core   0: 3 0x8001384c (0x00001f17) x30 0x8001484c
core   0: 0x80013850 (0x7a3f2a23) sw      gp, 1972(t5)
core   0: 3 0x80013850 (0x7a3f2a23) mem 0x80015000 0x00000001
core   0: 0x80013854 (0xff9ff06f) j       pc - 0x8
core   0: 3 0x80013854 (0xff9ff06f)
core   0: 0x8001384c (0x00001f17) auipc   t5, 0x1
core   0: 3 0x8001384c (0x00001f17) x30 0x8001484c
core   0: 0x80013850 (0x7a3f2a23) sw      gp, 1972(t5)
core   0: 3 0x80013850 (0x7a3f2a23) mem 0x80015000 0x00000001
core   0: 0x80013854 (0xff9ff06f) j       pc - 0x8
core   0: 3 0x80013854 (0xff9ff06f)
core   0: 0x8001384c (0x00001f17) auipc   t5, 0x1
core   0: 3 0x8001384c (0x00001f17) x30 0x8001484c
core   0: 0x80013850 (0x7a3f2a23) sw      gp, 1972(t5)
core   0: 3 0x80013850 (0x7a3f2a23) mem 0x80015000 0x00000001
core   0: 0x80013854 (0xff9ff06f) j       pc - 0x8
core   0: 3 0x80013854 (0xff9ff06f)
core   0: 0x8001384c (0x00001f17) auipc   t5, 0x1
core   0: 3 0x8001384c (0x00001f17) x30 0x8001484c
core   0: 0x80013850 (0x7a3f2a23) sw      gp, 1972(t5)
core   0: 3 0x80013850 (0x7a3f2a23) mem 0x80015000 0x00000001
core   0: 0x80013854 (0xff9ff06f) j       pc - 0x8
core   0: 3 0x80013854 (0xff9ff06f)
core   0: 0x8001384c (0x00001f17) auipc   t5, 0x1
core   0: 3 0x8001384c (0x00001f17) x30 0x8001484c
core   0: 0x80013850 (0x7a3f2a23) sw      gp, 1972(t5)
core   0: 3 0x80013850 (0x7a3f2a23) mem 0x80015000 0x00000001
core   0: 0x80013854 (0xff9ff06f) j       pc - 0x8
core   0: 3 0x80013854 (0xff9ff06f)
core   0: 0x8001384c (0x00001f17) auipc   t5, 0x1
core   0: 3 0x8001384c (0x00001f17) x30 0x8001484c
core   0: 0x80013850 (0x7a3f2a23) sw      gp, 1972(t5)
core   0: 3 0x80013850 (0x7a3f2a23) mem 0x80015000 0x00000001
core   0: 0x80013854 (0xff9ff06f) j       pc - 0x8
core   0: 3 0x80013854 (0xff9ff06f)
core   0: 0x8001384c (0x00001f17) auipc   t5, 0x1
core   0: 3 0x8001384c (0x00001f17) x30 0x8001484c
core   0: 0x80013850 (0x7a3f2a23) sw      gp, 1972(t5)
core   0: 3 0x80013850 (0x7a3f2a23) mem 0x80015000 0x00000001
core   0: 0x80013854 (0xff9ff06f) j       pc - 0x8
core   0: 3 0x80013854 (0xff9ff06f)
core   0: 0x8001384c (0x00001f17) auipc   t5, 0x1
core   0: 3 0x8001384c (0x00001f17) x30 0x8001484c
core   0: 0x80013850 (0x7a3f2a23) sw      gp, 1972(t5)
core   0: 3 0x80013850 (0x7a3f2a23) mem 0x80015000 0x00000001
core   0: 0x80013854 (0xff9ff06f) j       pc - 0x8
core   0: 3 0x80013854 (0xff9ff06f)
core   0: 0x8001384c (0x00001f17) auipc   t5, 0x1
core   0: 3 0x8001384c (0x00001f17) x30 0x8001484c
core   0: 0x80013850 (0x7a3f2a23) sw      gp, 1972(t5)
core   0: 3 0x80013850 (0x7a3f2a23) mem 0x80015000 0x00000001
core   0: 0x80013854 (0xff9ff06f) j       pc - 0x8
core   0: 3 0x80013854 (0xff9ff06f)
core   0: 0x8001384c (0x00001f17) auipc   t5, 0x1
core   0: 3 0x8001384c (0x00001f17) x30 0x8001484c
core   0: 0x80013850 (0x7a3f2a23) sw      gp, 1972(t5)
core   0: 3 0x80013850 (0x7a3f2a23) mem 0x80015000 0x00000001
core   0: 0x80013854 (0xff9ff06f) j       pc - 0x8
core   0: 3 0x80013854 (0xff9ff06f)
core   0: 0x8001384c (0x00001f17) auipc   t5, 0x1
core   0: 3 0x8001384c (0x00001f17) x30 0x8001484c
core   0: 0x80013850 (0x7a3f2a23) sw      gp, 1972(t5)
core   0: 3 0x80013850 (0x7a3f2a23) mem 0x80015000 0x00000001
core   0: 0x80013854 (0xff9ff06f) j       pc - 0x8
core   0: 3 0x80013854 (0xff9ff06f)
core   0: 0x8001384c (0x00001f17) auipc   t5, 0x1
core   0: 3 0x8001384c (0x00001f17) x30 0x8001484c
core   0: 0x80013850 (0x7a3f2a23) sw      gp, 1972(t5)
core   0: 3 0x80013850 (0x7a3f2a23) mem 0x80015000 0x00000001
core   0: 0x80013854 (0xff9ff06f) j       pc - 0x8
core   0: 3 0x80013854 (0xff9ff06f)
core   0: 0x8001384c (0x00001f17) auipc   t5, 0x1
core   0: 3 0x8001384c (0x00001f17) x30 0x8001484c
core   0: 0x80013850 (0x7a3f2a23) sw      gp, 1972(t5)
core   0: 3 0x80013850 (0x7a3f2a23) mem 0x80015000 0x00000001
core   0: 0x80013854 (0xff9ff06f) j       pc - 0x8
core   0: 3 0x80013854 (0xff9ff06f)
core   0: 0x8001384c (0x00001f17) auipc   t5, 0x1
core   0: 3 0x8001384c (0x00001f17) x30 0x8001484c
core   0: 0x80013850 (0x7a3f2a23) sw      gp, 1972(t5)
core   0: 3 0x80013850 (0x7a3f2a23) mem 0x80015000 0x00000001
core   0: 0x80013854 (0xff9ff06f) j       pc - 0x8
core   0: 3 0x80013854 (0xff9ff06f)
core   0: 0x8001384c (0x00001f17) auipc   t5, 0x1
core   0: 3 0x8001384c (0x00001f17) x30 0x8001484c
core   0: 0x80013850 (0x7a3f2a23) sw      gp, 1972(t5)
core   0: 3 0x80013850 (0x7a3f2a23) mem 0x80015000 0x00000001
core   0: 0x80013854 (0xff9ff06f) j       pc - 0x8
core   0: 3 0x80013854 (0xff9ff06f)
core   0: 0x8001384c (0x00001f17) auipc   t5, 0x1
core   0: 3 0x8001384c (0x00001f17) x30 0x8001484c
core   0: 0x80013850 (0x7a3f2a23) sw      gp, 1972(t5)
core   0: 3 0x80013850 (0x7a3f2a23) mem 0x80015000 0x00000001
core   0: 0x80013854 (0xff9ff06f) j       pc - 0x8
core   0: 3 0x80013854 (0xff9ff06f)
core   0: 0x8001384c (0x00001f17) auipc   t5, 0x1
core   0: 3 0x8001384c (0x00001f17) x30 0x8001484c
core   0: 0x80013850 (0x7a3f2a23) sw      gp, 1972(t5)
core   0: 3 0x80013850 (0x7a3f2a23) mem 0x80015000 0x00000001
core   0: 0x80013854 (0xff9ff06f) j       pc - 0x8
core   0: 3 0x80013854 (0xff9ff06f)
core   0: 0x8001384c (0x00001f17) auipc   t5, 0x1
core   0: 3 0x8001384c (0x00001f17) x30 0x8001484c
core   0: 0x80013850 (0x7a3f2a23) sw      gp, 1972(t5)
core   0: 3 0x80013850 (0x7a3f2a23) mem 0x80015000 0x00000001
core   0: 0x80013854 (0xff9ff06f) j       pc - 0x8
core   0: 3 0x80013854 (0xff9ff06f)
core   0: 0x8001384c (0x00001f17) auipc   t5, 0x1
core   0: 3 0x8001384c (0x00001f17) x30 0x8001484c
core   0: 0x80013850 (0x7a3f2a23) sw      gp, 1972(t5)
core   0: 3 0x80013850 (0x7a3f2a23) mem 0x80015000 0x00000001
core   0: 0x80013854 (0xff9ff06f) j       pc - 0x8
core   0: 3 0x80013854 (0xff9ff06f)
core   0: 0x8001384c (0x00001f17) auipc   t5, 0x1
core   0: 3 0x8001384c (0x00001f17) x30 0x8001484c
core   0: 0x80013850 (0x7a3f2a23) sw      gp, 1972(t5)
core   0: 3 0x80013850 (0x7a3f2a23) mem 0x80015000 0x00000001
core   0: 0x80013854 (0xff9ff06f) j       pc - 0x8
core   0: 3 0x80013854 (0xff9ff06f)
core   0: 0x8001384c (0x00001f17) auipc   t5, 0x1
core   0: 3 0x8001384c (0x00001f17) x30 0x8001484c
core   0: 0x80013850 (0x7a3f2a23) sw      gp, 1972(t5)
core   0: 3 0x80013850 (0x7a3f2a23) mem 0x80015000 0x00000001
core   0: 0x80013854 (0xff9ff06f) j       pc - 0x8
core   0: 3 0x80013854 (0xff9ff06f)
core   0: 0x8001384c (0x00001f17) auipc   t5, 0x1
core   0: 3 0x8001384c (0x00001f17) x30 0x8001484c
core   0: 0x80013850 (0x7a3f2a23) sw      gp, 1972(t5)
core   0: 3 0x80013850 (0x7a3f2a23) mem 0x80015000 0x00000001
core   0: 0x80013854 (0xff9ff06f) j       pc - 0x8
core   0: 3 0x80013854 (0xff9ff06f)
core   0: 0x8001384c (0x00001f17) auipc   t5, 0x1
core   0: 3 0x8001384c (0x00001f17) x30 0x8001484c
core   0: 0x80013850 (0x7a3f2a23) sw      gp, 1972(t5)
core   0: 3 0x80013850 (0x7a3f2a23) mem 0x80015000 0x00000001
core   0: 0x80013854 (0xff9ff06f) j       pc - 0x8
core   0: 3 0x80013854 (0xff9ff06f)
core   0: 0x8001384c (0x00001f17) auipc   t5, 0x1
core   0: 3 0x8001384c (0x00001f17) x30 0x8001484c
core   0: 0x80013850 (0x7a3f2a23) sw      gp, 1972(t5)
core   0: 3 0x80013850 (0x7a3f2a23) mem 0x80015000 0x00000001
core   0: 0x80013854 (0xff9ff06f) j       pc - 0x8
core   0: 3 0x80013854 (0xff9ff06f)
core   0: 0x8001384c (0x00001f17) auipc   t5, 0x1
core   0: 3 0x8001384c (0x00001f17) x30 0x8001484c
core   0: 0x80013850 (0x7a3f2a23) sw      gp, 1972(t5)
core   0: 3 0x80013850 (0x7a3f2a23) mem 0x80015000 0x00000001
core   0: 0x80013854 (0xff9ff06f) j       pc - 0x8
core   0: 3 0x80013854 (0xff9ff06f)
core   0: 0x8001384c (0x00001f17) auipc   t5, 0x1
core   0: 3 0x8001384c (0x00001f17) x30 0x8001484c
core   0: 0x80013850 (0x7a3f2a23) sw      gp, 1972(t5)
core   0: 3 0x80013850 (0x7a3f2a23) mem 0x80015000 0x00000001
core   0: 0x80013854 (0xff9ff06f) j       pc - 0x8
core   0: 3 0x80013854 (0xff9ff06f)
core   0: 0x8001384c (0x00001f17) auipc   t5, 0x1
core   0: 3 0x8001384c (0x00001f17) x30 0x8001484c
core   0: 0x80013850 (0x7a3f2a23) sw      gp, 1972(t5)
core   0: 3 0x80013850 (0x7a3f2a23) mem 0x80015000 0x00000001
core   0: 0x80013854 (0xff9ff06f) j       pc - 0x8
core   0: 3 0x80013854 (0xff9ff06f)
core   0: 0x8001384c (0x00001f17) auipc   t5, 0x1
core   0: 3 0x8001384c (0x00001f17) x30 0x8001484c
core   0: 0x80013850 (0x7a3f2a23) sw      gp, 1972(t5)
core   0: 3 0x80013850 (0x7a3f2a23) mem 0x80015000 0x00000001
core   0: 0x80013854 (0xff9ff06f) j       pc - 0x8
core   0: 3 0x80013854 (0xff9ff06f)
core   0: 0x8001384c (0x00001f17) auipc   t5, 0x1
core   0: 3 0x8001384c (0x00001f17) x30 0x8001484c
core   0: 0x80013850 (0x7a3f2a23) sw      gp, 1972(t5)
core   0: 3 0x80013850 (0x7a3f2a23) mem 0x80015000 0x00000001
core   0: 0x80013854 (0xff9ff06f) j       pc - 0x8
core   0: 3 0x80013854 (0xff9ff06f)
core   0: 0x8001384c (0x00001f17) auipc   t5, 0x1
core   0: 3 0x8001384c (0x00001f17) x30 0x8001484c
core   0: 0x80013850 (0x7a3f2a23) sw      gp, 1972(t5)
core   0: 3 0x80013850 (0x7a3f2a23) mem 0x80015000 0x00000001
core   0: 0x80013854 (0xff9ff06f) j       pc - 0x8
core   0: 3 0x80013854 (0xff9ff06f)
core   0: 0x8001384c (0x00001f17) auipc   t5, 0x1
core   0: 3 0x8001384c (0x00001f17) x30 0x8001484c
core   0: 0x80013850 (0x7a3f2a23) sw      gp, 1972(t5)
core   0: 3 0x80013850 (0x7a3f2a23) mem 0x80015000 0x00000001
core   0: 0x80013854 (0xff9ff06f) j       pc - 0x8
core   0: 3 0x80013854 (0xff9ff06f)
core   0: 0x8001384c (0x00001f17) auipc   t5, 0x1
core   0: 3 0x8001384c (0x00001f17) x30 0x8001484c
core   0: 0x80013850 (0x7a3f2a23) sw      gp, 1972(t5)
core   0: 3 0x80013850 (0x7a3f2a23) mem 0x80015000 0x00000001
core   0: 0x80013854 (0xff9ff06f) j       pc - 0x8
core   0: 3 0x80013854 (0xff9ff06f)
core   0: 0x8001384c (0x00001f17) auipc   t5, 0x1
core   0: 3 0x8001384c (0x00001f17) x30 0x8001484c
core   0: 0x80013850 (0x7a3f2a23) sw      gp, 1972(t5)
core   0: 3 0x80013850 (0x7a3f2a23) mem 0x80015000 0x00000001
core   0: 0x80013854 (0xff9ff06f) j       pc - 0x8
core   0: 3 0x80013854 (0xff9ff06f)
core   0: 0x8001384c (0x00001f17) auipc   t5, 0x1
core   0: 3 0x8001384c (0x00001f17) x30 0x8001484c
core   0: 0x80013850 (0x7a3f2a23) sw      gp, 1972(t5)
core   0: 3 0x80013850 (0x7a3f2a23) mem 0x80015000 0x00000001
core   0: 0x80013854 (0xff9ff06f) j       pc - 0x8
core   0: 3 0x80013854 (0xff9ff06f)
core   0: 0x8001384c (0x00001f17) auipc   t5, 0x1
core   0: 3 0x8001384c (0x00001f17) x30 0x8001484c
core   0: 0x80013850 (0x7a3f2a23) sw      gp, 1972(t5)
core   0: 3 0x80013850 (0x7a3f2a23) mem 0x80015000 0x00000001
core   0: 0x80013854 (0xff9ff06f) j       pc - 0x8
core   0: 3 0x80013854 (0xff9ff06f)
core   0: 0x8001384c (0x00001f17) auipc   t5, 0x1
core   0: 3 0x8001384c (0x00001f17) x30 0x8001484c
core   0: 0x80013850 (0x7a3f2a23) sw      gp, 1972(t5)
core   0: 3 0x80013850 (0x7a3f2a23) mem 0x80015000 0x00000001
core   0: 0x80013854 (0xff9ff06f) j       pc - 0x8
core   0: 3 0x80013854 (0xff9ff06f)
core   0: 0x8001384c (0x00001f17) auipc   t5, 0x1
core   0: 3 0x8001384c (0x00001f17) x30 0x8001484c
core   0: 0x80013850 (0x7a3f2a23) sw      gp, 1972(t5)
core   0: 3 0x80013850 (0x7a3f2a23) mem 0x80015000 0x00000001
core   0: 0x80013854 (0xff9ff06f) j       pc - 0x8
core   0: 3 0x80013854 (0xff9ff06f)
core   0: 0x8001384c (0x00001f17) auipc   t5, 0x1
core   0: 3 0x8001384c (0x00001f17) x30 0x8001484c
core   0: 0x80013850 (0x7a3f2a23) sw      gp, 1972(t5)
core   0: 3 0x80013850 (0x7a3f2a23) mem 0x80015000 0x00000001
core   0: 0x80013854 (0xff9ff06f) j       pc - 0x8
core   0: 3 0x80013854 (0xff9ff06f)
core   0: 0x8001384c (0x00001f17) auipc   t5, 0x1
core   0: 3 0x8001384c (0x00001f17) x30 0x8001484c
core   0: 0x80013850 (0x7a3f2a23) sw      gp, 1972(t5)
core   0: 3 0x80013850 (0x7a3f2a23) mem 0x80015000 0x00000001
core   0: 0x80013854 (0xff9ff06f) j       pc - 0x8
core   0: 3 0x80013854 (0xff9ff06f)
core   0: 0x8001384c (0x00001f17) auipc   t5, 0x1
core   0: 3 0x8001384c (0x00001f17) x30 0x8001484c
core   0: 0x80013850 (0x7a3f2a23) sw      gp, 1972(t5)
core   0: 3 0x80013850 (0x7a3f2a23) mem 0x80015000 0x00000001
core   0: 0x80013854 (0xff9ff06f) j       pc - 0x8
core   0: 3 0x80013854 (0xff9ff06f)
core   0: 0x8001384c (0x00001f17) auipc   t5, 0x1
core   0: 3 0x8001384c (0x00001f17) x30 0x8001484c
core   0: 0x80013850 (0x7a3f2a23) sw      gp, 1972(t5)
core   0: 3 0x80013850 (0x7a3f2a23) mem 0x80015000 0x00000001
core   0: 0x80013854 (0xff9ff06f) j       pc - 0x8
core   0: 3 0x80013854 (0xff9ff06f)
core   0: 0x8001384c (0x00001f17) auipc   t5, 0x1
core   0: 3 0x8001384c (0x00001f17) x30 0x8001484c
core   0: 0x80013850 (0x7a3f2a23) sw      gp, 1972(t5)
core   0: 3 0x80013850 (0x7a3f2a23) mem 0x80015000 0x00000001
core   0: 0x80013854 (0xff9ff06f) j       pc - 0x8
core   0: 3 0x80013854 (0xff9ff06f)
core   0: 0x8001384c (0x00001f17) auipc   t5, 0x1
core   0: 3 0x8001384c (0x00001f17) x30 0x8001484c
core   0: 0x80013850 (0x7a3f2a23) sw      gp, 1972(t5)
core   0: 3 0x80013850 (0x7a3f2a23) mem 0x80015000 0x00000001
core   0: 0x80013854 (0xff9ff06f) j       pc - 0x8
core   0: 3 0x80013854 (0xff9ff06f)
core   0: 0x8001384c (0x00001f17) auipc   t5, 0x1
core   0: 3 0x8001384c (0x00001f17) x30 0x8001484c
core   0: 0x80013850 (0x7a3f2a23) sw      gp, 1972(t5)
core   0: 3 0x80013850 (0x7a3f2a23) mem 0x80015000 0x00000001
core   0: 0x80013854 (0xff9ff06f) j       pc - 0x8
core   0: 3 0x80013854 (0xff9ff06f)
core   0: 0x8001384c (0x00001f17) auipc   t5, 0x1
core   0: 3 0x8001384c (0x00001f17) x30 0x8001484c
core   0: 0x80013850 (0x7a3f2a23) sw      gp, 1972(t5)
core   0: 3 0x80013850 (0x7a3f2a23) mem 0x80015000 0x00000001
core   0: 0x80013854 (0xff9ff06f) j       pc - 0x8
core   0: 3 0x80013854 (0xff9ff06f)
core   0: 0x8001384c (0x00001f17) auipc   t5, 0x1
core   0: 3 0x8001384c (0x00001f17) x30 0x8001484c
core   0: 0x80013850 (0x7a3f2a23) sw      gp, 1972(t5)
core   0: 3 0x80013850 (0x7a3f2a23) mem 0x80015000 0x00000001
core   0: 0x80013854 (0xff9ff06f) j       pc - 0x8
core   0: 3 0x80013854 (0xff9ff06f)
core   0: 0x8001384c (0x00001f17) auipc   t5, 0x1
core   0: 3 0x8001384c (0x00001f17) x30 0x8001484c
core   0: 0x80013850 (0x7a3f2a23) sw      gp, 1972(t5)
core   0: 3 0x80013850 (0x7a3f2a23) mem 0x80015000 0x00000001
core   0: 0x80013854 (0xff9ff06f) j       pc - 0x8
core   0: 3 0x80013854 (0xff9ff06f)
core   0: 0x8001384c (0x00001f17) auipc   t5, 0x1
core   0: 3 0x8001384c (0x00001f17) x30 0x8001484c
core   0: 0x80013850 (0x7a3f2a23) sw      gp, 1972(t5)
core   0: 3 0x80013850 (0x7a3f2a23) mem 0x80015000 0x00000001
core   0: 0x80013854 (0xff9ff06f) j       pc - 0x8
core   0: 3 0x80013854 (0xff9ff06f)
core   0: 0x8001384c (0x00001f17) auipc   t5, 0x1
core   0: 3 0x8001384c (0x00001f17) x30 0x8001484c
core   0: 0x80013850 (0x7a3f2a23) sw      gp, 1972(t5)
core   0: 3 0x80013850 (0x7a3f2a23) mem 0x80015000 0x00000001
core   0: 0x80013854 (0xff9ff06f) j       pc - 0x8
core   0: 3 0x80013854 (0xff9ff06f)
core   0: 0x8001384c (0x00001f17) auipc   t5, 0x1
core   0: 3 0x8001384c (0x00001f17) x30 0x8001484c
core   0: 0x80013850 (0x7a3f2a23) sw      gp, 1972(t5)
core   0: 3 0x80013850 (0x7a3f2a23) mem 0x80015000 0x00000001
core   0: 0x80013854 (0xff9ff06f) j       pc - 0x8
core   0: 3 0x80013854 (0xff9ff06f)
core   0: 0x8001384c (0x00001f17) auipc   t5, 0x1
core   0: 3 0x8001384c (0x00001f17) x30 0x8001484c
core   0: 0x80013850 (0x7a3f2a23) sw      gp, 1972(t5)
core   0: 3 0x80013850 (0x7a3f2a23) mem 0x80015000 0x00000001
core   0: 0x80013854 (0xff9ff06f) j       pc - 0x8
core   0: 3 0x80013854 (0xff9ff06f)
core   0: 0x8001384c (0x00001f17) auipc   t5, 0x1
core   0: 3 0x8001384c (0x00001f17) x30 0x8001484c
core   0: 0x80013850 (0x7a3f2a23) sw      gp, 1972(t5)
core   0: 3 0x80013850 (0x7a3f2a23) mem 0x80015000 0x00000001
core   0: 0x80013854 (0xff9ff06f) j       pc - 0x8
core   0: 3 0x80013854 (0xff9ff06f)
core   0: 0x8001384c (0x00001f17) auipc   t5, 0x1
core   0: 3 0x8001384c (0x00001f17) x30 0x8001484c
core   0: 0x80013850 (0x7a3f2a23) sw      gp, 1972(t5)
core   0: 3 0x80013850 (0x7a3f2a23) mem 0x80015000 0x00000001
core   0: 0x80013854 (0xff9ff06f) j       pc - 0x8
core   0: 3 0x80013854 (0xff9ff06f)
core   0: 0x8001384c (0x00001f17) auipc   t5, 0x1
core   0: 3 0x8001384c (0x00001f17) x30 0x8001484c
core   0: 0x80013850 (0x7a3f2a23) sw      gp, 1972(t5)
core   0: 3 0x80013850 (0x7a3f2a23) mem 0x80015000 0x00000001
core   0: 0x80013854 (0xff9ff06f) j       pc - 0x8
core   0: 3 0x80013854 (0xff9ff06f)
core   0: 0x8001384c (0x00001f17) auipc   t5, 0x1
core   0: 3 0x8001384c (0x00001f17) x30 0x8001484c
core   0: 0x80013850 (0x7a3f2a23) sw      gp, 1972(t5)
core   0: 3 0x80013850 (0x7a3f2a23) mem 0x80015000 0x00000001
core   0: 0x80013854 (0xff9ff06f) j       pc - 0x8
core   0: 3 0x80013854 (0xff9ff06f)
core   0: 0x8001384c (0x00001f17) auipc   t5, 0x1
core   0: 3 0x8001384c (0x00001f17) x30 0x8001484c
core   0: 0x80013850 (0x7a3f2a23) sw      gp, 1972(t5)
core   0: 3 0x80013850 (0x7a3f2a23) mem 0x80015000 0x00000001
core   0: 0x80013854 (0xff9ff06f) j       pc - 0x8
core   0: 3 0x80013854 (0xff9ff06f)
core   0: 0x8001384c (0x00001f17) auipc   t5, 0x1
core   0: 3 0x8001384c (0x00001f17) x30 0x8001484c
core   0: 0x80013850 (0x7a3f2a23) sw      gp, 1972(t5)
core   0: 3 0x80013850 (0x7a3f2a23) mem 0x80015000 0x00000001
core   0: 0x80013854 (0xff9ff06f) j       pc - 0x8
core   0: 3 0x80013854 (0xff9ff06f)
core   0: 0x8001384c (0x00001f17) auipc   t5, 0x1
core   0: 3 0x8001384c (0x00001f17) x30 0x8001484c
core   0: 0x80013850 (0x7a3f2a23) sw      gp, 1972(t5)
core   0: 3 0x80013850 (0x7a3f2a23) mem 0x80015000 0x00000001
core   0: 0x80013854 (0xff9ff06f) j       pc - 0x8
core   0: 3 0x80013854 (0xff9ff06f)
core   0: 0x8001384c (0x00001f17) auipc   t5, 0x1
core   0: 3 0x8001384c (0x00001f17) x30 0x8001484c
core   0: 0x80013850 (0x7a3f2a23) sw      gp, 1972(t5)
core   0: 3 0x80013850 (0x7a3f2a23) mem 0x80015000 0x00000001
core   0: 0x80013854 (0xff9ff06f) j       pc - 0x8
core   0: 3 0x80013854 (0xff9ff06f)
core   0: 0x8001384c (0x00001f17) auipc   t5, 0x1
core   0: 3 0x8001384c (0x00001f17) x30 0x8001484c
core   0: 0x80013850 (0x7a3f2a23) sw      gp, 1972(t5)
core   0: 3 0x80013850 (0x7a3f2a23) mem 0x80015000 0x00000001
core   0: 0x80013854 (0xff9ff06f) j       pc - 0x8
core   0: 3 0x80013854 (0xff9ff06f)
core   0: 0x8001384c (0x00001f17) auipc   t5, 0x1
core   0: 3 0x8001384c (0x00001f17) x30 0x8001484c
core   0: 0x80013850 (0x7a3f2a23) sw      gp, 1972(t5)
core   0: 3 0x80013850 (0x7a3f2a23) mem 0x80015000 0x00000001
core   0: 0x80013854 (0xff9ff06f) j       pc - 0x8
core   0: 3 0x80013854 (0xff9ff06f)
core   0: 0x8001384c (0x00001f17) auipc   t5, 0x1
core   0: 3 0x8001384c (0x00001f17) x30 0x8001484c
core   0: 0x80013850 (0x7a3f2a23) sw      gp, 1972(t5)
core   0: 3 0x80013850 (0x7a3f2a23) mem 0x80015000 0x00000001
core   0: 0x80013854 (0xff9ff06f) j       pc - 0x8
core   0: 3 0x80013854 (0xff9ff06f)
core   0: 0x8001384c (0x00001f17) auipc   t5, 0x1
core   0: 3 0x8001384c (0x00001f17) x30 0x8001484c
core   0: 0x80013850 (0x7a3f2a23) sw      gp, 1972(t5)
core   0: 3 0x80013850 (0x7a3f2a23) mem 0x80015000 0x00000001
core   0: 0x80013854 (0xff9ff06f) j       pc - 0x8
core   0: 3 0x80013854 (0xff9ff06f)
core   0: 0x8001384c (0x00001f17) auipc   t5, 0x1
core   0: 3 0x8001384c (0x00001f17) x30 0x8001484c
core   0: 0x80013850 (0x7a3f2a23) sw      gp, 1972(t5)
core   0: 3 0x80013850 (0x7a3f2a23) mem 0x80015000 0x00000001
core   0: 0x80013854 (0xff9ff06f) j       pc - 0x8
core   0: 3 0x80013854 (0xff9ff06f)
core   0: 0x8001384c (0x00001f17) auipc   t5, 0x1
core   0: 3 0x8001384c (0x00001f17) x30 0x8001484c
core   0: 0x80013850 (0x7a3f2a23) sw      gp, 1972(t5)
core   0: 3 0x80013850 (0x7a3f2a23) mem 0x80015000 0x00000001
core   0: 0x80013854 (0xff9ff06f) j       pc - 0x8
core   0: 3 0x80013854 (0xff9ff06f)
core   0: 0x8001384c (0x00001f17) auipc   t5, 0x1
core   0: 3 0x8001384c (0x00001f17) x30 0x8001484c
core   0: 0x80013850 (0x7a3f2a23) sw      gp, 1972(t5)
core   0: 3 0x80013850 (0x7a3f2a23) mem 0x80015000 0x00000001
core   0: 0x80013854 (0xff9ff06f) j       pc - 0x8
core   0: 3 0x80013854 (0xff9ff06f)
core   0: 0x8001384c (0x00001f17) auipc   t5, 0x1
core   0: 3 0x8001384c (0x00001f17) x30 0x8001484c
core   0: 0x80013850 (0x7a3f2a23) sw      gp, 1972(t5)
core   0: 3 0x80013850 (0x7a3f2a23) mem 0x80015000 0x00000001
core   0: 0x80013854 (0xff9ff06f) j       pc - 0x8
core   0: 3 0x80013854 (0xff9ff06f)
core   0: 0x8001384c (0x00001f17) auipc   t5, 0x1
core   0: 3 0x8001384c (0x00001f17) x30 0x8001484c
core   0: 0x80013850 (0x7a3f2a23) sw      gp, 1972(t5)
core   0: 3 0x80013850 (0x7a3f2a23) mem 0x80015000 0x00000001
core   0: 0x80013854 (0xff9ff06f) j       pc - 0x8
core   0: 3 0x80013854 (0xff9ff06f)
core   0: 0x8001384c (0x00001f17) auipc   t5, 0x1
core   0: 3 0x8001384c (0x00001f17) x30 0x8001484c
core   0: 0x80013850 (0x7a3f2a23) sw      gp, 1972(t5)
core   0: 3 0x80013850 (0x7a3f2a23) mem 0x80015000 0x00000001
core   0: 0x80013854 (0xff9ff06f) j       pc - 0x8
core   0: 3 0x80013854 (0xff9ff06f)
core   0: 0x8001384c (0x00001f17) auipc   t5, 0x1
core   0: 3 0x8001384c (0x00001f17) x30 0x8001484c
core   0: 0x80013850 (0x7a3f2a23) sw      gp, 1972(t5)
core   0: 3 0x80013850 (0x7a3f2a23) mem 0x80015000 0x00000001
core   0: 0x80013854 (0xff9ff06f) j       pc - 0x8
core   0: 3 0x80013854 (0xff9ff06f)
core   0: 0x8001384c (0x00001f17) auipc   t5, 0x1
core   0: 3 0x8001384c (0x00001f17) x30 0x8001484c
core   0: 0x80013850 (0x7a3f2a23) sw      gp, 1972(t5)
core   0: 3 0x80013850 (0x7a3f2a23) mem 0x80015000 0x00000001
core   0: 0x80013854 (0xff9ff06f) j       pc - 0x8
core   0: 3 0x80013854 (0xff9ff06f)
core   0: 0x8001384c (0x00001f17) auipc   t5, 0x1
core   0: 3 0x8001384c (0x00001f17) x30 0x8001484c
core   0: 0x80013850 (0x7a3f2a23) sw      gp, 1972(t5)
core   0: 3 0x80013850 (0x7a3f2a23) mem 0x80015000 0x00000001
core   0: 0x80013854 (0xff9ff06f) j       pc - 0x8
core   0: 3 0x80013854 (0xff9ff06f)
core   0: 0x8001384c (0x00001f17) auipc   t5, 0x1
core   0: 3 0x8001384c (0x00001f17) x30 0x8001484c
core   0: 0x80013850 (0x7a3f2a23) sw      gp, 1972(t5)
core   0: 3 0x80013850 (0x7a3f2a23) mem 0x80015000 0x00000001
core   0: 0x80013854 (0xff9ff06f) j       pc - 0x8
core   0: 3 0x80013854 (0xff9ff06f)
core   0: 0x8001384c (0x00001f17) auipc   t5, 0x1
core   0: 3 0x8001384c (0x00001f17) x30 0x8001484c
core   0: 0x80013850 (0x7a3f2a23) sw      gp, 1972(t5)
core   0: 3 0x80013850 (0x7a3f2a23) mem 0x80015000 0x00000001
core   0: 0x80013854 (0xff9ff06f) j       pc - 0x8
core   0: 3 0x80013854 (0xff9ff06f)
core   0: 0x8001384c (0x00001f17) auipc   t5, 0x1
core   0: 3 0x8001384c (0x00001f17) x30 0x8001484c
core   0: 0x80013850 (0x7a3f2a23) sw      gp, 1972(t5)
core   0: 3 0x80013850 (0x7a3f2a23) mem 0x80015000 0x00000001
core   0: 0x80013854 (0xff9ff06f) j       pc - 0x8
core   0: 3 0x80013854 (0xff9ff06f)
core   0: 0x8001384c (0x00001f17) auipc   t5, 0x1
core   0: 3 0x8001384c (0x00001f17) x30 0x8001484c
core   0: 0x80013850 (0x7a3f2a23) sw      gp, 1972(t5)
core   0: 3 0x80013850 (0x7a3f2a23) mem 0x80015000 0x00000001
core   0: 0x80013854 (0xff9ff06f) j       pc - 0x8
core   0: 3 0x80013854 (0xff9ff06f)
core   0: 0x8001384c (0x00001f17) auipc   t5, 0x1
core   0: 3 0x8001384c (0x00001f17) x30 0x8001484c
core   0: 0x80013850 (0x7a3f2a23) sw      gp, 1972(t5)
core   0: 3 0x80013850 (0x7a3f2a23) mem 0x80015000 0x00000001
core   0: 0x80013854 (0xff9ff06f) j       pc - 0x8
core   0: 3 0x80013854 (0xff9ff06f)
core   0: 0x8001384c (0x00001f17) auipc   t5, 0x1
core   0: 3 0x8001384c (0x00001f17) x30 0x8001484c
core   0: 0x80013850 (0x7a3f2a23) sw      gp, 1972(t5)
core   0: 3 0x80013850 (0x7a3f2a23) mem 0x80015000 0x00000001
core   0: 0x80013854 (0xff9ff06f) j       pc - 0x8
core   0: 3 0x80013854 (0xff9ff06f)
core   0: 0x8001384c (0x00001f17) auipc   t5, 0x1
core   0: 3 0x8001384c (0x00001f17) x30 0x8001484c
core   0: 0x80013850 (0x7a3f2a23) sw      gp, 1972(t5)
core   0: 3 0x80013850 (0x7a3f2a23) mem 0x80015000 0x00000001
core   0: 0x80013854 (0xff9ff06f) j       pc - 0x8
core   0: 3 0x80013854 (0xff9ff06f)
core   0: 0x8001384c (0x00001f17) auipc   t5, 0x1
core   0: 3 0x8001384c (0x00001f17) x30 0x8001484c
core   0: 0x80013850 (0x7a3f2a23) sw      gp, 1972(t5)
core   0: 3 0x80013850 (0x7a3f2a23) mem 0x80015000 0x00000001
core   0: 0x80013854 (0xff9ff06f) j       pc - 0x8
core   0: 3 0x80013854 (0xff9ff06f)
core   0: 0x8001384c (0x00001f17) auipc   t5, 0x1
core   0: 3 0x8001384c (0x00001f17) x30 0x8001484c
core   0: 0x80013850 (0x7a3f2a23) sw      gp, 1972(t5)
core   0: 3 0x80013850 (0x7a3f2a23) mem 0x80015000 0x00000001
core   0: 0x80013854 (0xff9ff06f) j       pc - 0x8
core   0: 3 0x80013854 (0xff9ff06f)
core   0: 0x8001384c (0x00001f17) auipc   t5, 0x1
core   0: 3 0x8001384c (0x00001f17) x30 0x8001484c
core   0: 0x80013850 (0x7a3f2a23) sw      gp, 1972(t5)
core   0: 3 0x80013850 (0x7a3f2a23) mem 0x80015000 0x00000001
core   0: 0x80013854 (0xff9ff06f) j       pc - 0x8
core   0: 3 0x80013854 (0xff9ff06f)
core   0: 0x8001384c (0x00001f17) auipc   t5, 0x1
core   0: 3 0x8001384c (0x00001f17) x30 0x8001484c
core   0: 0x80013850 (0x7a3f2a23) sw      gp, 1972(t5)
core   0: 3 0x80013850 (0x7a3f2a23) mem 0x80015000 0x00000001
core   0: 0x80013854 (0xff9ff06f) j       pc - 0x8
core   0: 3 0x80013854 (0xff9ff06f)
core   0: 0x8001384c (0x00001f17) auipc   t5, 0x1
core   0: 3 0x8001384c (0x00001f17) x30 0x8001484c
core   0: 0x80013850 (0x7a3f2a23) sw      gp, 1972(t5)
core   0: 3 0x80013850 (0x7a3f2a23) mem 0x80015000 0x00000001
core   0: 0x80013854 (0xff9ff06f) j       pc - 0x8
core   0: 3 0x80013854 (0xff9ff06f)
core   0: 0x8001384c (0x00001f17) auipc   t5, 0x1
core   0: 3 0x8001384c (0x00001f17) x30 0x8001484c
core   0: 0x80013850 (0x7a3f2a23) sw      gp, 1972(t5)
core   0: 3 0x80013850 (0x7a3f2a23) mem 0x80015000 0x00000001
core   0: 0x80013854 (0xff9ff06f) j       pc - 0x8
core   0: 3 0x80013854 (0xff9ff06f)
core   0: 0x8001384c (0x00001f17) auipc   t5, 0x1
core   0: 3 0x8001384c (0x00001f17) x30 0x8001484c
core   0: 0x80013850 (0x7a3f2a23) sw      gp, 1972(t5)
core   0: 3 0x80013850 (0x7a3f2a23) mem 0x80015000 0x00000001
core   0: 0x80013854 (0xff9ff06f) j       pc - 0x8
core   0: 3 0x80013854 (0xff9ff06f)
core   0: 0x8001384c (0x00001f17) auipc   t5, 0x1
core   0: 3 0x8001384c (0x00001f17) x30 0x8001484c
core   0: 0x80013850 (0x7a3f2a23) sw      gp, 1972(t5)
core   0: 3 0x80013850 (0x7a3f2a23) mem 0x80015000 0x00000001
core   0: 0x80013854 (0xff9ff06f) j       pc - 0x8
core   0: 3 0x80013854 (0xff9ff06f)
core   0: 0x8001384c (0x00001f17) auipc   t5, 0x1
core   0: 3 0x8001384c (0x00001f17) x30 0x8001484c
core   0: 0x80013850 (0x7a3f2a23) sw      gp, 1972(t5)
core   0: 3 0x80013850 (0x7a3f2a23) mem 0x80015000 0x00000001
core   0: 0x80013854 (0xff9ff06f) j       pc - 0x8
core   0: 3 0x80013854 (0xff9ff06f)
core   0: 0x8001384c (0x00001f17) auipc   t5, 0x1
core   0: 3 0x8001384c (0x00001f17) x30 0x8001484c
core   0: 0x80013850 (0x7a3f2a23) sw      gp, 1972(t5)
core   0: 3 0x80013850 (0x7a3f2a23) mem 0x80015000 0x00000001
core   0: 0x80013854 (0xff9ff06f) j       pc - 0x8
core   0: 3 0x80013854 (0xff9ff06f)
core   0: 0x8001384c (0x00001f17) auipc   t5, 0x1
core   0: 3 0x8001384c (0x00001f17) x30 0x8001484c
core   0: 0x80013850 (0x7a3f2a23) sw      gp, 1972(t5)
core   0: 3 0x80013850 (0x7a3f2a23) mem 0x80015000 0x00000001
core   0: 0x80013854 (0xff9ff06f) j       pc - 0x8
core   0: 3 0x80013854 (0xff9ff06f)
core   0: 0x8001384c (0x00001f17) auipc   t5, 0x1
core   0: 3 0x8001384c (0x00001f17) x30 0x8001484c
core   0: 0x80013850 (0x7a3f2a23) sw      gp, 1972(t5)
core   0: 3 0x80013850 (0x7a3f2a23) mem 0x80015000 0x00000001
core   0: 0x80013854 (0xff9ff06f) j       pc - 0x8
core   0: 3 0x80013854 (0xff9ff06f)
core   0: 0x8001384c (0x00001f17) auipc   t5, 0x1
core   0: 3 0x8001384c (0x00001f17) x30 0x8001484c
core   0: 0x80013850 (0x7a3f2a23) sw      gp, 1972(t5)
core   0: 3 0x80013850 (0x7a3f2a23) mem 0x80015000 0x00000001
core   0: 0x80013854 (0xff9ff06f) j       pc - 0x8
core   0: 3 0x80013854 (0xff9ff06f)
core   0: 0x8001384c (0x00001f17) auipc   t5, 0x1
core   0: 3 0x8001384c (0x00001f17) x30 0x8001484c
core   0: 0x80013850 (0x7a3f2a23) sw      gp, 1972(t5)
core   0: 3 0x80013850 (0x7a3f2a23) mem 0x80015000 0x00000001
core   0: 0x80013854 (0xff9ff06f) j       pc - 0x8
core   0: 3 0x80013854 (0xff9ff06f)
core   0: 0x8001384c (0x00001f17) auipc   t5, 0x1
core   0: 3 0x8001384c (0x00001f17) x30 0x8001484c
core   0: 0x80013850 (0x7a3f2a23) sw      gp, 1972(t5)
core   0: 3 0x80013850 (0x7a3f2a23) mem 0x80015000 0x00000001
core   0: 0x80013854 (0xff9ff06f) j       pc - 0x8
core   0: 3 0x80013854 (0xff9ff06f)
core   0: 0x8001384c (0x00001f17) auipc   t5, 0x1
core   0: 3 0x8001384c (0x00001f17) x30 0x8001484c
core   0: 0x80013850 (0x7a3f2a23) sw      gp, 1972(t5)
core   0: 3 0x80013850 (0x7a3f2a23) mem 0x80015000 0x00000001
core   0: 0x80013854 (0xff9ff06f) j       pc - 0x8
core   0: 3 0x80013854 (0xff9ff06f)
core   0: 0x8001384c (0x00001f17) auipc   t5, 0x1
core   0: 3 0x8001384c (0x00001f17) x30 0x8001484c
core   0: 0x80013850 (0x7a3f2a23) sw      gp, 1972(t5)
core   0: 3 0x80013850 (0x7a3f2a23) mem 0x80015000 0x00000001
core   0: 0x80013854 (0xff9ff06f) j       pc - 0x8
core   0: 3 0x80013854 (0xff9ff06f)
core   0: 0x8001384c (0x00001f17) auipc   t5, 0x1
core   0: 3 0x8001384c (0x00001f17) x30 0x8001484c
core   0: 0x80013850 (0x7a3f2a23) sw      gp, 1972(t5)
core   0: 3 0x80013850 (0x7a3f2a23) mem 0x80015000 0x00000001
core   0: 0x80013854 (0xff9ff06f) j       pc - 0x8
core   0: 3 0x80013854 (0xff9ff06f)
core   0: 0x8001384c (0x00001f17) auipc   t5, 0x1
core   0: 3 0x8001384c (0x00001f17) x30 0x8001484c
core   0: 0x80013850 (0x7a3f2a23) sw      gp, 1972(t5)
core   0: 3 0x80013850 (0x7a3f2a23) mem 0x80015000 0x00000001
core   0: 0x80013854 (0xff9ff06f) j       pc - 0x8
core   0: 3 0x80013854 (0xff9ff06f)
core   0: 0x8001384c (0x00001f17) auipc   t5, 0x1
core   0: 3 0x8001384c (0x00001f17) x30 0x8001484c
core   0: 0x80013850 (0x7a3f2a23) sw      gp, 1972(t5)
core   0: 3 0x80013850 (0x7a3f2a23) mem 0x80015000 0x00000001
core   0: 0x80013854 (0xff9ff06f) j       pc - 0x8
core   0: 3 0x80013854 (0xff9ff06f)
core   0: 0x8001384c (0x00001f17) auipc   t5, 0x1
core   0: 3 0x8001384c (0x00001f17) x30 0x8001484c
core   0: 0x80013850 (0x7a3f2a23) sw      gp, 1972(t5)
core   0: 3 0x80013850 (0x7a3f2a23) mem 0x80015000 0x00000001
core   0: 0x80013854 (0xff9ff06f) j       pc - 0x8
core   0: 3 0x80013854 (0xff9ff06f)
core   0: 0x8001384c (0x00001f17) auipc   t5, 0x1
core   0: 3 0x8001384c (0x00001f17) x30 0x8001484c
core   0: 0x80013850 (0x7a3f2a23) sw      gp, 1972(t5)
core   0: 3 0x80013850 (0x7a3f2a23) mem 0x80015000 0x00000001
core   0: 0x80013854 (0xff9ff06f) j       pc - 0x8
core   0: 3 0x80013854 (0xff9ff06f)
core   0: 0x8001384c (0x00001f17) auipc   t5, 0x1
core   0: 3 0x8001384c (0x00001f17) x30 0x8001484c
core   0: 0x80013850 (0x7a3f2a23) sw      gp, 1972(t5)
core   0: 3 0x80013850 (0x7a3f2a23) mem 0x80015000 0x00000001
core   0: 0x80013854 (0xff9ff06f) j       pc - 0x8
core   0: 3 0x80013854 (0xff9ff06f)
core   0: 0x8001384c (0x00001f17) auipc   t5, 0x1
core   0: 3 0x8001384c (0x00001f17) x30 0x8001484c
core   0: 0x80013850 (0x7a3f2a23) sw      gp, 1972(t5)
core   0: 3 0x80013850 (0x7a3f2a23) mem 0x80015000 0x00000001
core   0: 0x80013854 (0xff9ff06f) j       pc - 0x8
core   0: 3 0x80013854 (0xff9ff06f)
core   0: 0x8001384c (0x00001f17) auipc   t5, 0x1
core   0: 3 0x8001384c (0x00001f17) x30 0x8001484c
core   0: 0x80013850 (0x7a3f2a23) sw      gp, 1972(t5)
core   0: 3 0x80013850 (0x7a3f2a23) mem 0x80015000 0x00000001
core   0: 0x80013854 (0xff9ff06f) j       pc - 0x8
core   0: 3 0x80013854 (0xff9ff06f)
core   0: 0x8001384c (0x00001f17) auipc   t5, 0x1
core   0: 3 0x8001384c (0x00001f17) x30 0x8001484c
core   0: 0x80013850 (0x7a3f2a23) sw      gp, 1972(t5)
core   0: 3 0x80013850 (0x7a3f2a23) mem 0x80015000 0x00000001
core   0: 0x80013854 (0xff9ff06f) j       pc - 0x8
core   0: 3 0x80013854 (0xff9ff06f)
core   0: 0x8001384c (0x00001f17) auipc   t5, 0x1
core   0: 3 0x8001384c (0x00001f17) x30 0x8001484c
core   0: 0x80013850 (0x7a3f2a23) sw      gp, 1972(t5)
core   0: 3 0x80013850 (0x7a3f2a23) mem 0x80015000 0x00000001
core   0: 0x80013854 (0xff9ff06f) j       pc - 0x8
core   0: 3 0x80013854 (0xff9ff06f)
core   0: 0x8001384c (0x00001f17) auipc   t5, 0x1
core   0: 3 0x8001384c (0x00001f17) x30 0x8001484c
core   0: 0x80013850 (0x7a3f2a23) sw      gp, 1972(t5)
core   0: 3 0x80013850 (0x7a3f2a23) mem 0x80015000 0x00000001
core   0: 0x80013854 (0xff9ff06f) j       pc - 0x8
core   0: 3 0x80013854 (0xff9ff06f)
core   0: 0x8001384c (0x00001f17) auipc   t5, 0x1
core   0: 3 0x8001384c (0x00001f17) x30 0x8001484c
core   0: 0x80013850 (0x7a3f2a23) sw      gp, 1972(t5)
core   0: 3 0x80013850 (0x7a3f2a23) mem 0x80015000 0x00000001
core   0: 0x80013854 (0xff9ff06f) j       pc - 0x8
core   0: 3 0x80013854 (0xff9ff06f)
core   0: 0x8001384c (0x00001f17) auipc   t5, 0x1
core   0: 3 0x8001384c (0x00001f17) x30 0x8001484c
core   0: 0x80013850 (0x7a3f2a23) sw      gp, 1972(t5)
core   0: 3 0x80013850 (0x7a3f2a23) mem 0x80015000 0x00000001
core   0: 0x80013854 (0xff9ff06f) j       pc - 0x8
core   0: 3 0x80013854 (0xff9ff06f)
core   0: 0x8001384c (0x00001f17) auipc   t5, 0x1
core   0: 3 0x8001384c (0x00001f17) x30 0x8001484c
core   0: 0x80013850 (0x7a3f2a23) sw      gp, 1972(t5)
core   0: 3 0x80013850 (0x7a3f2a23) mem 0x80015000 0x00000001
core   0: 0x80013854 (0xff9ff06f) j       pc - 0x8
core   0: 3 0x80013854 (0xff9ff06f)
core   0: 0x8001384c (0x00001f17) auipc   t5, 0x1
core   0: 3 0x8001384c (0x00001f17) x30 0x8001484c
core   0: 0x80013850 (0x7a3f2a23) sw      gp, 1972(t5)
core   0: 3 0x80013850 (0x7a3f2a23) mem 0x80015000 0x00000001
core   0: 0x80013854 (0xff9ff06f) j       pc - 0x8
core   0: 3 0x80013854 (0xff9ff06f)
core   0: 0x8001384c (0x00001f17) auipc   t5, 0x1
core   0: 3 0x8001384c (0x00001f17) x30 0x8001484c
core   0: 0x80013850 (0x7a3f2a23) sw      gp, 1972(t5)
core   0: 3 0x80013850 (0x7a3f2a23) mem 0x80015000 0x00000001
core   0: 0x80013854 (0xff9ff06f) j       pc - 0x8
core   0: 3 0x80013854 (0xff9ff06f)
core   0: 0x8001384c (0x00001f17) auipc   t5, 0x1
core   0: 3 0x8001384c (0x00001f17) x30 0x8001484c
core   0: 0x80013850 (0x7a3f2a23) sw      gp, 1972(t5)
core   0: 3 0x80013850 (0x7a3f2a23) mem 0x80015000 0x00000001
core   0: 0x80013854 (0xff9ff06f) j       pc - 0x8
core   0: 3 0x80013854 (0xff9ff06f)
core   0: 0x8001384c (0x00001f17) auipc   t5, 0x1
core   0: 3 0x8001384c (0x00001f17) x30 0x8001484c
core   0: 0x80013850 (0x7a3f2a23) sw      gp, 1972(t5)
core   0: 3 0x80013850 (0x7a3f2a23) mem 0x80015000 0x00000001
core   0: 0x80013854 (0xff9ff06f) j       pc - 0x8
core   0: 3 0x80013854 (0xff9ff06f)
core   0: 0x8001384c (0x00001f17) auipc   t5, 0x1
core   0: 3 0x8001384c (0x00001f17) x30 0x8001484c
core   0: 0x80013850 (0x7a3f2a23) sw      gp, 1972(t5)
core   0: 3 0x80013850 (0x7a3f2a23) mem 0x80015000 0x00000001
core   0: 0x80013854 (0xff9ff06f) j       pc - 0x8
core   0: 3 0x80013854 (0xff9ff06f)
core   0: 0x8001384c (0x00001f17) auipc   t5, 0x1
core   0: 3 0x8001384c (0x00001f17) x30 0x8001484c
core   0: 0x80013850 (0x7a3f2a23) sw      gp, 1972(t5)
core   0: 3 0x80013850 (0x7a3f2a23) mem 0x80015000 0x00000001
core   0: 0x80013854 (0xff9ff06f) j       pc - 0x8
core   0: 3 0x80013854 (0xff9ff06f)
core   0: 0x8001384c (0x00001f17) auipc   t5, 0x1
core   0: 3 0x8001384c (0x00001f17) x30 0x8001484c
core   0: 0x80013850 (0x7a3f2a23) sw      gp, 1972(t5)
core   0: 3 0x80013850 (0x7a3f2a23) mem 0x80015000 0x00000001
core   0: 0x80013854 (0xff9ff06f) j       pc - 0x8
core   0: 3 0x80013854 (0xff9ff06f)
core   0: 0x8001384c (0x00001f17) auipc   t5, 0x1
core   0: 3 0x8001384c (0x00001f17) x30 0x8001484c
core   0: 0x80013850 (0x7a3f2a23) sw      gp, 1972(t5)
core   0: 3 0x80013850 (0x7a3f2a23) mem 0x80015000 0x00000001
core   0: 0x80013854 (0xff9ff06f) j       pc - 0x8
core   0: 3 0x80013854 (0xff9ff06f)
core   0: 0x8001384c (0x00001f17) auipc   t5, 0x1
core   0: 3 0x8001384c (0x00001f17) x30 0x8001484c
core   0: 0x80013850 (0x7a3f2a23) sw      gp, 1972(t5)
core   0: 3 0x80013850 (0x7a3f2a23) mem 0x80015000 0x00000001
core   0: 0x80013854 (0xff9ff06f) j       pc - 0x8
core   0: 3 0x80013854 (0xff9ff06f)
core   0: 0x8001384c (0x00001f17) auipc   t5, 0x1
core   0: 3 0x8001384c (0x00001f17) x30 0x8001484c
core   0: 0x80013850 (0x7a3f2a23) sw      gp, 1972(t5)
core   0: 3 0x80013850 (0x7a3f2a23) mem 0x80015000 0x00000001
core   0: 0x80013854 (0xff9ff06f) j       pc - 0x8
core   0: 3 0x80013854 (0xff9ff06f)
core   0: 0x8001384c (0x00001f17) auipc   t5, 0x1
core   0: 3 0x8001384c (0x00001f17) x30 0x8001484c
core   0: 0x80013850 (0x7a3f2a23) sw      gp, 1972(t5)
core   0: 3 0x80013850 (0x7a3f2a23) mem 0x80015000 0x00000001
core   0: 0x80013854 (0xff9ff06f) j       pc - 0x8
core   0: 3 0x80013854 (0xff9ff06f)
core   0: 0x8001384c (0x00001f17) auipc   t5, 0x1
core   0: 3 0x8001384c (0x00001f17) x30 0x8001484c
core   0: 0x80013850 (0x7a3f2a23) sw      gp, 1972(t5)
core   0: 3 0x80013850 (0x7a3f2a23) mem 0x80015000 0x00000001
core   0: 0x80013854 (0xff9ff06f) j       pc - 0x8
core   0: 3 0x80013854 (0xff9ff06f)
core   0: 0x8001384c (0x00001f17) auipc   t5, 0x1
core   0: 3 0x8001384c (0x00001f17) x30 0x8001484c
core   0: 0x80013850 (0x7a3f2a23) sw      gp, 1972(t5)
core   0: 3 0x80013850 (0x7a3f2a23) mem 0x80015000 0x00000001
core   0: 0x80013854 (0xff9ff06f) j       pc - 0x8
core   0: 3 0x80013854 (0xff9ff06f)
core   0: 0x8001384c (0x00001f17) auipc   t5, 0x1
core   0: 3 0x8001384c (0x00001f17) x30 0x8001484c
core   0: 0x80013850 (0x7a3f2a23) sw      gp, 1972(t5)
core   0: 3 0x80013850 (0x7a3f2a23) mem 0x80015000 0x00000001
core   0: 0x80013854 (0xff9ff06f) j       pc - 0x8
core   0: 3 0x80013854 (0xff9ff06f)
core   0: 0x8001384c (0x00001f17) auipc   t5, 0x1
core   0: 3 0x8001384c (0x00001f17) x30 0x8001484c
core   0: 0x80013850 (0x7a3f2a23) sw      gp, 1972(t5)
core   0: 3 0x80013850 (0x7a3f2a23) mem 0x80015000 0x00000001
core   0: 0x80013854 (0xff9ff06f) j       pc - 0x8
core   0: 3 0x80013854 (0xff9ff06f)
core   0: 0x8001384c (0x00001f17) auipc   t5, 0x1
core   0: 3 0x8001384c (0x00001f17) x30 0x8001484c
core   0: 0x80013850 (0x7a3f2a23) sw      gp, 1972(t5)
core   0: 3 0x80013850 (0x7a3f2a23) mem 0x80015000 0x00000001
core   0: 0x80013854 (0xff9ff06f) j       pc - 0x8
core   0: 3 0x80013854 (0xff9ff06f)
core   0: 0x8001384c (0x00001f17) auipc   t5, 0x1
core   0: 3 0x8001384c (0x00001f17) x30 0x8001484c
core   0: 0x80013850 (0x7a3f2a23) sw      gp, 1972(t5)
core   0: 3 0x80013850 (0x7a3f2a23) mem 0x80015000 0x00000001
core   0: 0x80013854 (0xff9ff06f) j       pc - 0x8
core   0: 3 0x80013854 (0xff9ff06f)
core   0: 0x8001384c (0x00001f17) auipc   t5, 0x1
core   0: 3 0x8001384c (0x00001f17) x30 0x8001484c
core   0: 0x80013850 (0x7a3f2a23) sw      gp, 1972(t5)
core   0: 3 0x80013850 (0x7a3f2a23) mem 0x80015000 0x00000001
core   0: 0x80013854 (0xff9ff06f) j       pc - 0x8
core   0: 3 0x80013854 (0xff9ff06f)
core   0: 0x8001384c (0x00001f17) auipc   t5, 0x1
core   0: 3 0x8001384c (0x00001f17) x30 0x8001484c
core   0: 0x80013850 (0x7a3f2a23) sw      gp, 1972(t5)
core   0: 3 0x80013850 (0x7a3f2a23) mem 0x80015000 0x00000001
core   0: 0x80013854 (0xff9ff06f) j       pc - 0x8
core   0: 3 0x80013854 (0xff9ff06f)
core   0: 0x8001384c (0x00001f17) auipc   t5, 0x1
core   0: 3 0x8001384c (0x00001f17) x30 0x8001484c
core   0: 0x80013850 (0x7a3f2a23) sw      gp, 1972(t5)
core   0: 3 0x80013850 (0x7a3f2a23) mem 0x80015000 0x00000001
core   0: 0x80013854 (0xff9ff06f) j       pc - 0x8
core   0: 3 0x80013854 (0xff9ff06f)
core   0: 0x8001384c (0x00001f17) auipc   t5, 0x1
core   0: 3 0x8001384c (0x00001f17) x30 0x8001484c
core   0: 0x80013850 (0x7a3f2a23) sw      gp, 1972(t5)
core   0: 3 0x80013850 (0x7a3f2a23) mem 0x80015000 0x00000001
core   0: 0x80013854 (0xff9ff06f) j       pc - 0x8
core   0: 3 0x80013854 (0xff9ff06f)
core   0: 0x8001384c (0x00001f17) auipc   t5, 0x1
core   0: 3 0x8001384c (0x00001f17) x30 0x8001484c
core   0: 0x80013850 (0x7a3f2a23) sw      gp, 1972(t5)
core   0: 3 0x80013850 (0x7a3f2a23) mem 0x80015000 0x00000001
core   0: 0x80013854 (0xff9ff06f) j       pc - 0x8
core   0: 3 0x80013854 (0xff9ff06f)
core   0: 0x8001384c (0x00001f17) auipc   t5, 0x1
core   0: 3 0x8001384c (0x00001f17) x30 0x8001484c
core   0: 0x80013850 (0x7a3f2a23) sw      gp, 1972(t5)
core   0: 3 0x80013850 (0x7a3f2a23) mem 0x80015000 0x00000001
core   0: 0x80013854 (0xff9ff06f) j       pc - 0x8
core   0: 3 0x80013854 (0xff9ff06f)
core   0: 0x8001384c (0x00001f17) auipc   t5, 0x1
core   0: 3 0x8001384c (0x00001f17) x30 0x8001484c
core   0: 0x80013850 (0x7a3f2a23) sw      gp, 1972(t5)
core   0: 3 0x80013850 (0x7a3f2a23) mem 0x80015000 0x00000001
core   0: 0x80013854 (0xff9ff06f) j       pc - 0x8
core   0: 3 0x80013854 (0xff9ff06f)
core   0: 0x8001384c (0x00001f17) auipc   t5, 0x1
core   0: 3 0x8001384c (0x00001f17) x30 0x8001484c
core   0: 0x80013850 (0x7a3f2a23) sw      gp, 1972(t5)
core   0: 3 0x80013850 (0x7a3f2a23) mem 0x80015000 0x00000001
core   0: 0x80013854 (0xff9ff06f) j       pc - 0x8
core   0: 3 0x80013854 (0xff9ff06f)
core   0: 0x8001384c (0x00001f17) auipc   t5, 0x1
core   0: 3 0x8001384c (0x00001f17) x30 0x8001484c
core   0: 0x80013850 (0x7a3f2a23) sw      gp, 1972(t5)
core   0: 3 0x80013850 (0x7a3f2a23) mem 0x80015000 0x00000001
core   0: 0x80013854 (0xff9ff06f) j       pc - 0x8
core   0: 3 0x80013854 (0xff9ff06f)
core   0: 0x8001384c (0x00001f17) auipc   t5, 0x1
core   0: 3 0x8001384c (0x00001f17) x30 0x8001484c
core   0: 0x80013850 (0x7a3f2a23) sw      gp, 1972(t5)
core   0: 3 0x80013850 (0x7a3f2a23) mem 0x80015000 0x00000001
core   0: 0x80013854 (0xff9ff06f) j       pc - 0x8
core   0: 3 0x80013854 (0xff9ff06f)
core   0: 0x8001384c (0x00001f17) auipc   t5, 0x1
core   0: 3 0x8001384c (0x00001f17) x30 0x8001484c
core   0: 0x80013850 (0x7a3f2a23) sw      gp, 1972(t5)
core   0: 3 0x80013850 (0x7a3f2a23) mem 0x80015000 0x00000001
core   0: 0x80013854 (0xff9ff06f) j       pc - 0x8
core   0: 3 0x80013854 (0xff9ff06f)
core   0: 0x8001384c (0x00001f17) auipc   t5, 0x1
core   0: 3 0x8001384c (0x00001f17) x30 0x8001484c
core   0: 0x80013850 (0x7a3f2a23) sw      gp, 1972(t5)
core   0: 3 0x80013850 (0x7a3f2a23) mem 0x80015000 0x00000001
core   0: 0x80013854 (0xff9ff06f) j       pc - 0x8
core   0: 3 0x80013854 (0xff9ff06f)
core   0: 0x8001384c (0x00001f17) auipc   t5, 0x1
core   0: 3 0x8001384c (0x00001f17) x30 0x8001484c
core   0: 0x80013850 (0x7a3f2a23) sw      gp, 1972(t5)
core   0: 3 0x80013850 (0x7a3f2a23) mem 0x80015000 0x00000001
core   0: 0x80013854 (0xff9ff06f) j       pc - 0x8
core   0: 3 0x80013854 (0xff9ff06f)
core   0: 0x8001384c (0x00001f17) auipc   t5, 0x1
core   0: 3 0x8001384c (0x00001f17) x30 0x8001484c
core   0: 0x80013850 (0x7a3f2a23) sw      gp, 1972(t5)
core   0: 3 0x80013850 (0x7a3f2a23) mem 0x80015000 0x00000001
core   0: 0x80013854 (0xff9ff06f) j       pc - 0x8
core   0: 3 0x80013854 (0xff9ff06f)
core   0: 0x8001384c (0x00001f17) auipc   t5, 0x1
core   0: 3 0x8001384c (0x00001f17) x30 0x8001484c
core   0: 0x80013850 (0x7a3f2a23) sw      gp, 1972(t5)
core   0: 3 0x80013850 (0x7a3f2a23) mem 0x80015000 0x00000001
core   0: 0x80013854 (0xff9ff06f) j       pc - 0x8
core   0: 3 0x80013854 (0xff9ff06f)
core   0: 0x8001384c (0x00001f17) auipc   t5, 0x1
core   0: 3 0x8001384c (0x00001f17) x30 0x8001484c
core   0: 0x80013850 (0x7a3f2a23) sw      gp, 1972(t5)
core   0: 3 0x80013850 (0x7a3f2a23) mem 0x80015000 0x00000001
core   0: 0x80013854 (0xff9ff06f) j       pc - 0x8
core   0: 3 0x80013854 (0xff9ff06f)
core   0: 0x8001384c (0x00001f17) auipc   t5, 0x1
core   0: 3 0x8001384c (0x00001f17) x30 0x8001484c
core   0: 0x80013850 (0x7a3f2a23) sw      gp, 1972(t5)
core   0: 3 0x80013850 (0x7a3f2a23) mem 0x80015000 0x00000001
core   0: 0x80013854 (0xff9ff06f) j       pc - 0x8
core   0: 3 0x80013854 (0xff9ff06f)
core   0: 0x8001384c (0x00001f17) auipc   t5, 0x1
core   0: 3 0x8001384c (0x00001f17) x30 0x8001484c
core   0: 0x80013850 (0x7a3f2a23) sw      gp, 1972(t5)
core   0: 3 0x80013850 (0x7a3f2a23) mem 0x80015000 0x00000001
core   0: 0x80013854 (0xff9ff06f) j       pc - 0x8
core   0: 3 0x80013854 (0xff9ff06f)
core   0: 0x8001384c (0x00001f17) auipc   t5, 0x1
core   0: 3 0x8001384c (0x00001f17) x30 0x8001484c
core   0: 0x80013850 (0x7a3f2a23) sw      gp, 1972(t5)
core   0: 3 0x80013850 (0x7a3f2a23) mem 0x80015000 0x00000001
core   0: 0x80013854 (0xff9ff06f) j       pc - 0x8
core   0: 3 0x80013854 (0xff9ff06f)
core   0: 0x8001384c (0x00001f17) auipc   t5, 0x1
core   0: 3 0x8001384c (0x00001f17) x30 0x8001484c
core   0: 0x80013850 (0x7a3f2a23) sw      gp, 1972(t5)
core   0: 3 0x80013850 (0x7a3f2a23) mem 0x80015000 0x00000001
core   0: 0x80013854 (0xff9ff06f) j       pc - 0x8
core   0: 3 0x80013854 (0xff9ff06f)
core   0: 0x8001384c (0x00001f17) auipc   t5, 0x1
core   0: 3 0x8001384c (0x00001f17) x30 0x8001484c
core   0: 0x80013850 (0x7a3f2a23) sw      gp, 1972(t5)
core   0: 3 0x80013850 (0x7a3f2a23) mem 0x80015000 0x00000001
core   0: 0x80013854 (0xff9ff06f) j       pc - 0x8
core   0: 3 0x80013854 (0xff9ff06f)
core   0: 0x8001384c (0x00001f17) auipc   t5, 0x1
core   0: 3 0x8001384c (0x00001f17) x30 0x8001484c
core   0: 0x80013850 (0x7a3f2a23) sw      gp, 1972(t5)
core   0: 3 0x80013850 (0x7a3f2a23) mem 0x80015000 0x00000001
core   0: 0x80013854 (0xff9ff06f) j       pc - 0x8
core   0: 3 0x80013854 (0xff9ff06f)
core   0: 0x8001384c (0x00001f17) auipc   t5, 0x1
core   0: 3 0x8001384c (0x00001f17) x30 0x8001484c
core   0: 0x80013850 (0x7a3f2a23) sw      gp, 1972(t5)
core   0: 3 0x80013850 (0x7a3f2a23) mem 0x80015000 0x00000001
core   0: 0x80013854 (0xff9ff06f) j       pc - 0x8
core   0: 3 0x80013854 (0xff9ff06f)
core   0: 0x8001384c (0x00001f17) auipc   t5, 0x1
core   0: 3 0x8001384c (0x00001f17) x30 0x8001484c
core   0: 0x80013850 (0x7a3f2a23) sw      gp, 1972(t5)
core   0: 3 0x80013850 (0x7a3f2a23) mem 0x80015000 0x00000001
core   0: 0x80013854 (0xff9ff06f) j       pc - 0x8
core   0: 3 0x80013854 (0xff9ff06f)
core   0: 0x8001384c (0x00001f17) auipc   t5, 0x1
core   0: 3 0x8001384c (0x00001f17) x30 0x8001484c
core   0: 0x80013850 (0x7a3f2a23) sw      gp, 1972(t5)
core   0: 3 0x80013850 (0x7a3f2a23) mem 0x80015000 0x00000001
core   0: 0x80013854 (0xff9ff06f) j       pc - 0x8
core   0: 3 0x80013854 (0xff9ff06f)
core   0: 0x8001384c (0x00001f17) auipc   t5, 0x1
core   0: 3 0x8001384c (0x00001f17) x30 0x8001484c
core   0: 0x80013850 (0x7a3f2a23) sw      gp, 1972(t5)
core   0: 3 0x80013850 (0x7a3f2a23) mem 0x80015000 0x00000001
core   0: 0x80013854 (0xff9ff06f) j       pc - 0x8
core   0: 3 0x80013854 (0xff9ff06f)
core   0: 0x8001384c (0x00001f17) auipc   t5, 0x1
core   0: 3 0x8001384c (0x00001f17) x30 0x8001484c
core   0: 0x80013850 (0x7a3f2a23) sw      gp, 1972(t5)
core   0: 3 0x80013850 (0x7a3f2a23) mem 0x80015000 0x00000001
core   0: 0x80013854 (0xff9ff06f) j       pc - 0x8
core   0: 3 0x80013854 (0xff9ff06f)
core   0: 0x8001384c (0x00001f17) auipc   t5, 0x1
core   0: 3 0x8001384c (0x00001f17) x30 0x8001484c
core   0: 0x80013850 (0x7a3f2a23) sw      gp, 1972(t5)
core   0: 3 0x80013850 (0x7a3f2a23) mem 0x80015000 0x00000001
core   0: 0x80013854 (0xff9ff06f) j       pc - 0x8
core   0: 3 0x80013854 (0xff9ff06f)
core   0: 0x8001384c (0x00001f17) auipc   t5, 0x1
core   0: 3 0x8001384c (0x00001f17) x30 0x8001484c
core   0: 0x80013850 (0x7a3f2a23) sw      gp, 1972(t5)
core   0: 3 0x80013850 (0x7a3f2a23) mem 0x80015000 0x00000001
core   0: 0x80013854 (0xff9ff06f) j       pc - 0x8
core   0: 3 0x80013854 (0xff9ff06f)
core   0: 0x8001384c (0x00001f17) auipc   t5, 0x1
core   0: 3 0x8001384c (0x00001f17) x30 0x8001484c
core   0: 0x80013850 (0x7a3f2a23) sw      gp, 1972(t5)
core   0: 3 0x80013850 (0x7a3f2a23) mem 0x80015000 0x00000001
core   0: 0x80013854 (0xff9ff06f) j       pc - 0x8
core   0: 3 0x80013854 (0xff9ff06f)
core   0: 0x8001384c (0x00001f17) auipc   t5, 0x1
core   0: 3 0x8001384c (0x00001f17) x30 0x8001484c
core   0: 0x80013850 (0x7a3f2a23) sw      gp, 1972(t5)
core   0: 3 0x80013850 (0x7a3f2a23) mem 0x80015000 0x00000001
core   0: 0x80013854 (0xff9ff06f) j       pc - 0x8
core   0: 3 0x80013854 (0xff9ff06f)
core   0: 0x8001384c (0x00001f17) auipc   t5, 0x1
core   0: 3 0x8001384c (0x00001f17) x30 0x8001484c
core   0: 0x80013850 (0x7a3f2a23) sw      gp, 1972(t5)
core   0: 3 0x80013850 (0x7a3f2a23) mem 0x80015000 0x00000001
core   0: 0x80013854 (0xff9ff06f) j       pc - 0x8
core   0: 3 0x80013854 (0xff9ff06f)
core   0: 0x8001384c (0x00001f17) auipc   t5, 0x1
core   0: 3 0x8001384c (0x00001f17) x30 0x8001484c
core   0: 0x80013850 (0x7a3f2a23) sw      gp, 1972(t5)
core   0: 3 0x80013850 (0x7a3f2a23) mem 0x80015000 0x00000001
core   0: 0x80013854 (0xff9ff06f) j       pc - 0x8
core   0: 3 0x80013854 (0xff9ff06f)
core   0: 0x8001384c (0x00001f17) auipc   t5, 0x1
core   0: 3 0x8001384c (0x00001f17) x30 0x8001484c
core   0: 0x80013850 (0x7a3f2a23) sw      gp, 1972(t5)
core   0: 3 0x80013850 (0x7a3f2a23) mem 0x80015000 0x00000001
core   0: 0x80013854 (0xff9ff06f) j       pc - 0x8
core   0: 3 0x80013854 (0xff9ff06f)
core   0: 0x8001384c (0x00001f17) auipc   t5, 0x1
core   0: 3 0x8001384c (0x00001f17) x30 0x8001484c
core   0: 0x80013850 (0x7a3f2a23) sw      gp, 1972(t5)
core   0: 3 0x80013850 (0x7a3f2a23) mem 0x80015000 0x00000001
core   0: 0x80013854 (0xff9ff06f) j       pc - 0x8
core   0: 3 0x80013854 (0xff9ff06f)
core   0: 0x8001384c (0x00001f17) auipc   t5, 0x1
core   0: 3 0x8001384c (0x00001f17) x30 0x8001484c
core   0: 0x80013850 (0x7a3f2a23) sw      gp, 1972(t5)
core   0: 3 0x80013850 (0x7a3f2a23) mem 0x80015000 0x00000001
core   0: 0x80013854 (0xff9ff06f) j       pc - 0x8
core   0: 3 0x80013854 (0xff9ff06f)
core   0: 0x8001384c (0x00001f17) auipc   t5, 0x1
core   0: 3 0x8001384c (0x00001f17) x30 0x8001484c
core   0: 0x80013850 (0x7a3f2a23) sw      gp, 1972(t5)
core   0: 3 0x80013850 (0x7a3f2a23) mem 0x80015000 0x00000001
core   0: 0x80013854 (0xff9ff06f) j       pc - 0x8
core   0: 3 0x80013854 (0xff9ff06f)
core   0: 0x8001384c (0x00001f17) auipc   t5, 0x1
core   0: 3 0x8001384c (0x00001f17) x30 0x8001484c
core   0: 0x80013850 (0x7a3f2a23) sw      gp, 1972(t5)
core   0: 3 0x80013850 (0x7a3f2a23) mem 0x80015000 0x00000001
core   0: 0x80013854 (0xff9ff06f) j       pc - 0x8
core   0: 3 0x80013854 (0xff9ff06f)
core   0: 0x8001384c (0x00001f17) auipc   t5, 0x1
core   0: 3 0x8001384c (0x00001f17) x30 0x8001484c
core   0: 0x80013850 (0x7a3f2a23) sw      gp, 1972(t5)
core   0: 3 0x80013850 (0x7a3f2a23) mem 0x80015000 0x00000001
core   0: 0x80013854 (0xff9ff06f) j       pc - 0x8
core   0: 3 0x80013854 (0xff9ff06f)
core   0: 0x8001384c (0x00001f17) auipc   t5, 0x1
core   0: 3 0x8001384c (0x00001f17) x30 0x8001484c
core   0: 0x80013850 (0x7a3f2a23) sw      gp, 1972(t5)
core   0: 3 0x80013850 (0x7a3f2a23) mem 0x80015000 0x00000001
core   0: 0x80013854 (0xff9ff06f) j       pc - 0x8
core   0: 3 0x80013854 (0xff9ff06f)
core   0: 0x8001384c (0x00001f17) auipc   t5, 0x1
core   0: 3 0x8001384c (0x00001f17) x30 0x8001484c
core   0: 0x80013850 (0x7a3f2a23) sw      gp, 1972(t5)
core   0: 3 0x80013850 (0x7a3f2a23) mem 0x80015000 0x00000001
core   0: 0x80013854 (0xff9ff06f) j       pc - 0x8
core   0: 3 0x80013854 (0xff9ff06f)
core   0: 0x8001384c (0x00001f17) auipc   t5, 0x1
core   0: 3 0x8001384c (0x00001f17) x30 0x8001484c
core   0: 0x80013850 (0x7a3f2a23) sw      gp, 1972(t5)
core   0: 3 0x80013850 (0x7a3f2a23) mem 0x80015000 0x00000001
core   0: 0x80013854 (0xff9ff06f) j       pc - 0x8
core   0: 3 0x80013854 (0xff9ff06f)
core   0: 0x8001384c (0x00001f17) auipc   t5, 0x1
core   0: 3 0x8001384c (0x00001f17) x30 0x8001484c
core   0: 0x80013850 (0x7a3f2a23) sw      gp, 1972(t5)
core   0: 3 0x80013850 (0x7a3f2a23) mem 0x80015000 0x00000001
core   0: 0x80013854 (0xff9ff06f) j       pc - 0x8
core   0: 3 0x80013854 (0xff9ff06f)
core   0: 0x8001384c (0x00001f17) auipc   t5, 0x1
core   0: 3 0x8001384c (0x00001f17) x30 0x8001484c
core   0: 0x80013850 (0x7a3f2a23) sw      gp, 1972(t5)
core   0: 3 0x80013850 (0x7a3f2a23) mem 0x80015000 0x00000001
core   0: 0x80013854 (0xff9ff06f) j       pc - 0x8
core   0: 3 0x80013854 (0xff9ff06f)
core   0: 0x8001384c (0x00001f17) auipc   t5, 0x1
core   0: 3 0x8001384c (0x00001f17) x30 0x8001484c
core   0: 0x80013850 (0x7a3f2a23) sw      gp, 1972(t5)
core   0: 3 0x80013850 (0x7a3f2a23) mem 0x80015000 0x00000001
core   0: 0x80013854 (0xff9ff06f) j       pc - 0x8
core   0: 3 0x80013854 (0xff9ff06f)
core   0: 0x8001384c (0x00001f17) auipc   t5, 0x1
core   0: 3 0x8001384c (0x00001f17) x30 0x8001484c
core   0: 0x80013850 (0x7a3f2a23) sw      gp, 1972(t5)
core   0: 3 0x80013850 (0x7a3f2a23) mem 0x80015000 0x00000001
core   0: 0x80013854 (0xff9ff06f) j       pc - 0x8
core   0: 3 0x80013854 (0xff9ff06f)
core   0: 0x8001384c (0x00001f17) auipc   t5, 0x1
core   0: 3 0x8001384c (0x00001f17) x30 0x8001484c
core   0: 0x80013850 (0x7a3f2a23) sw      gp, 1972(t5)
core   0: 3 0x80013850 (0x7a3f2a23) mem 0x80015000 0x00000001
core   0: 0x80013854 (0xff9ff06f) j       pc - 0x8
core   0: 3 0x80013854 (0xff9ff06f)
core   0: 0x8001384c (0x00001f17) auipc   t5, 0x1
core   0: 3 0x8001384c (0x00001f17) x30 0x8001484c
core   0: 0x80013850 (0x7a3f2a23) sw      gp, 1972(t5)
core   0: 3 0x80013850 (0x7a3f2a23) mem 0x80015000 0x00000001
core   0: 0x80013854 (0xff9ff06f) j       pc - 0x8
core   0: 3 0x80013854 (0xff9ff06f)
core   0: 0x8001384c (0x00001f17) auipc   t5, 0x1
core   0: 3 0x8001384c (0x00001f17) x30 0x8001484c
core   0: 0x80013850 (0x7a3f2a23) sw      gp, 1972(t5)
core   0: 3 0x80013850 (0x7a3f2a23) mem 0x80015000 0x00000001
core   0: 0x80013854 (0xff9ff06f) j       pc - 0x8
core   0: 3 0x80013854 (0xff9ff06f)
core   0: 0x8001384c (0x00001f17) auipc   t5, 0x1
core   0: 3 0x8001384c (0x00001f17) x30 0x8001484c
core   0: 0x80013850 (0x7a3f2a23) sw      gp, 1972(t5)
core   0: 3 0x80013850 (0x7a3f2a23) mem 0x80015000 0x00000001
core   0: 0x80013854 (0xff9ff06f) j       pc - 0x8
core   0: 3 0x80013854 (0xff9ff06f)
core   0: 0x8001384c (0x00001f17) auipc   t5, 0x1
core   0: 3 0x8001384c (0x00001f17) x30 0x8001484c
core   0: 0x80013850 (0x7a3f2a23) sw      gp, 1972(t5)
core   0: 3 0x80013850 (0x7a3f2a23) mem 0x80015000 0x00000001
core   0: 0x80013854 (0xff9ff06f) j       pc - 0x8
core   0: 3 0x80013854 (0xff9ff06f)
core   0: 0x8001384c (0x00001f17) auipc   t5, 0x1
core   0: 3 0x8001384c (0x00001f17) x30 0x8001484c
core   0: 0x80013850 (0x7a3f2a23) sw      gp, 1972(t5)
core   0: 3 0x80013850 (0x7a3f2a23) mem 0x80015000 0x00000001
core   0: 0x80013854 (0xff9ff06f) j       pc - 0x8
core   0: 3 0x80013854 (0xff9ff06f)
core   0: 0x8001384c (0x00001f17) auipc   t5, 0x1
core   0: 3 0x8001384c (0x00001f17) x30 0x8001484c
core   0: 0x80013850 (0x7a3f2a23) sw      gp, 1972(t5)
core   0: 3 0x80013850 (0x7a3f2a23) mem 0x80015000 0x00000001
core   0: 0x80013854 (0xff9ff06f) j       pc - 0x8
core   0: 3 0x80013854 (0xff9ff06f)
core   0: 0x8001384c (0x00001f17) auipc   t5, 0x1
core   0: 3 0x8001384c (0x00001f17) x30 0x8001484c
core   0: 0x80013850 (0x7a3f2a23) sw      gp, 1972(t5)
core   0: 3 0x80013850 (0x7a3f2a23) mem 0x80015000 0x00000001
core   0: 0x80013854 (0xff9ff06f) j       pc - 0x8
core   0: 3 0x80013854 (0xff9ff06f)
core   0: 0x8001384c (0x00001f17) auipc   t5, 0x1
core   0: 3 0x8001384c (0x00001f17) x30 0x8001484c
core   0: 0x80013850 (0x7a3f2a23) sw      gp, 1972(t5)
core   0: 3 0x80013850 (0x7a3f2a23) mem 0x80015000 0x00000001
core   0: 0x80013854 (0xff9ff06f) j       pc - 0x8
core   0: 3 0x80013854 (0xff9ff06f)
core   0: 0x8001384c (0x00001f17) auipc   t5, 0x1
core   0: 3 0x8001384c (0x00001f17) x30 0x8001484c
core   0: 0x80013850 (0x7a3f2a23) sw      gp, 1972(t5)
core   0: 3 0x80013850 (0x7a3f2a23) mem 0x80015000 0x00000001
core   0: 0x80013854 (0xff9ff06f) j       pc - 0x8
core   0: 3 0x80013854 (0xff9ff06f)
core   0: 0x8001384c (0x00001f17) auipc   t5, 0x1
core   0: 3 0x8001384c (0x00001f17) x30 0x8001484c
core   0: 0x80013850 (0x7a3f2a23) sw      gp, 1972(t5)
core   0: 3 0x80013850 (0x7a3f2a23) mem 0x80015000 0x00000001
core   0: 0x80013854 (0xff9ff06f) j       pc - 0x8
core   0: 3 0x80013854 (0xff9ff06f)
core   0: 0x8001384c (0x00001f17) auipc   t5, 0x1
core   0: 3 0x8001384c (0x00001f17) x30 0x8001484c
core   0: 0x80013850 (0x7a3f2a23) sw      gp, 1972(t5)
core   0: 3 0x80013850 (0x7a3f2a23) mem 0x80015000 0x00000001
core   0: 0x80013854 (0xff9ff06f) j       pc - 0x8
core   0: 3 0x80013854 (0xff9ff06f)
core   0: 0x8001384c (0x00001f17) auipc   t5, 0x1
core   0: 3 0x8001384c (0x00001f17) x30 0x8001484c
core   0: 0x80013850 (0x7a3f2a23) sw      gp, 1972(t5)
core   0: 3 0x80013850 (0x7a3f2a23) mem 0x80015000 0x00000001
core   0: 0x80013854 (0xff9ff06f) j       pc - 0x8
core   0: 3 0x80013854 (0xff9ff06f)
core   0: 0x8001384c (0x00001f17) auipc   t5, 0x1
core   0: 3 0x8001384c (0x00001f17) x30 0x8001484c
core   0: 0x80013850 (0x7a3f2a23) sw      gp, 1972(t5)
core   0: 3 0x80013850 (0x7a3f2a23) mem 0x80015000 0x00000001
core   0: 0x80013854 (0xff9ff06f) j       pc - 0x8
core   0: 3 0x80013854 (0xff9ff06f)
core   0: 0x8001384c (0x00001f17) auipc   t5, 0x1
core   0: 3 0x8001384c (0x00001f17) x30 0x8001484c
core   0: 0x80013850 (0x7a3f2a23) sw      gp, 1972(t5)
core   0: 3 0x80013850 (0x7a3f2a23) mem 0x80015000 0x00000001
core   0: 0x80013854 (0xff9ff06f) j       pc - 0x8
core   0: 3 0x80013854 (0xff9ff06f)
core   0: 0x8001384c (0x00001f17) auipc   t5, 0x1
core   0: 3 0x8001384c (0x00001f17) x30 0x8001484c
core   0: 0x80013850 (0x7a3f2a23) sw      gp, 1972(t5)
core   0: 3 0x80013850 (0x7a3f2a23) mem 0x80015000 0x00000001
core   0: 0x80013854 (0xff9ff06f) j       pc - 0x8
core   0: 3 0x80013854 (0xff9ff06f)
core   0: 0x8001384c (0x00001f17) auipc   t5, 0x1
core   0: 3 0x8001384c (0x00001f17) x30 0x8001484c
core   0: 0x80013850 (0x7a3f2a23) sw      gp, 1972(t5)
core   0: 3 0x80013850 (0x7a3f2a23) mem 0x80015000 0x00000001
core   0: 0x80013854 (0xff9ff06f) j       pc - 0x8
core   0: 3 0x80013854 (0xff9ff06f)
core   0: 0x8001384c (0x00001f17) auipc   t5, 0x1
core   0: 3 0x8001384c (0x00001f17) x30 0x8001484c
core   0: 0x80013850 (0x7a3f2a23) sw      gp, 1972(t5)
core   0: 3 0x80013850 (0x7a3f2a23) mem 0x80015000 0x00000001
core   0: 0x80013854 (0xff9ff06f) j       pc - 0x8
core   0: 3 0x80013854 (0xff9ff06f)
core   0: 0x8001384c (0x00001f17) auipc   t5, 0x1
core   0: 3 0x8001384c (0x00001f17) x30 0x8001484c
core   0: 0x80013850 (0x7a3f2a23) sw      gp, 1972(t5)
core   0: 3 0x80013850 (0x7a3f2a23) mem 0x80015000 0x00000001
core   0: 0x80013854 (0xff9ff06f) j       pc - 0x8
core   0: 3 0x80013854 (0xff9ff06f)
core   0: 0x8001384c (0x00001f17) auipc   t5, 0x1
core   0: 3 0x8001384c (0x00001f17) x30 0x8001484c
core   0: 0x80013850 (0x7a3f2a23) sw      gp, 1972(t5)
core   0: 3 0x80013850 (0x7a3f2a23) mem 0x80015000 0x00000001
core   0: 0x80013854 (0xff9ff06f) j       pc - 0x8
core   0: 3 0x80013854 (0xff9ff06f)
core   0: 0x8001384c (0x00001f17) auipc   t5, 0x1
core   0: 3 0x8001384c (0x00001f17) x30 0x8001484c
core   0: 0x80013850 (0x7a3f2a23) sw      gp, 1972(t5)
core   0: 3 0x80013850 (0x7a3f2a23) mem 0x80015000 0x00000001
core   0: 0x80013854 (0xff9ff06f) j       pc - 0x8
core   0: 3 0x80013854 (0xff9ff06f)
core   0: 0x8001384c (0x00001f17) auipc   t5, 0x1
core   0: 3 0x8001384c (0x00001f17) x30 0x8001484c
core   0: 0x80013850 (0x7a3f2a23) sw      gp, 1972(t5)
core   0: 3 0x80013850 (0x7a3f2a23) mem 0x80015000 0x00000001
core   0: 0x80013854 (0xff9ff06f) j       pc - 0x8
core   0: 3 0x80013854 (0xff9ff06f)
core   0: 0x8001384c (0x00001f17) auipc   t5, 0x1
core   0: 3 0x8001384c (0x00001f17) x30 0x8001484c
core   0: 0x80013850 (0x7a3f2a23) sw      gp, 1972(t5)
core   0: 3 0x80013850 (0x7a3f2a23) mem 0x80015000 0x00000001
core   0: 0x80013854 (0xff9ff06f) j       pc - 0x8
core   0: 3 0x80013854 (0xff9ff06f)
core   0: 0x8001384c (0x00001f17) auipc   t5, 0x1
core   0: 3 0x8001384c (0x00001f17) x30 0x8001484c
core   0: 0x80013850 (0x7a3f2a23) sw      gp, 1972(t5)
core   0: 3 0x80013850 (0x7a3f2a23) mem 0x80015000 0x00000001
core   0: 0x80013854 (0xff9ff06f) j       pc - 0x8
core   0: 3 0x80013854 (0xff9ff06f)
core   0: 0x8001384c (0x00001f17) auipc   t5, 0x1
core   0: 3 0x8001384c (0x00001f17) x30 0x8001484c
core   0: 0x80013850 (0x7a3f2a23) sw      gp, 1972(t5)
core   0: 3 0x80013850 (0x7a3f2a23) mem 0x80015000 0x00000001
core   0: 0x80013854 (0xff9ff06f) j       pc - 0x8
core   0: 3 0x80013854 (0xff9ff06f)
core   0: 0x8001384c (0x00001f17) auipc   t5, 0x1
core   0: 3 0x8001384c (0x00001f17) x30 0x8001484c
core   0: 0x80013850 (0x7a3f2a23) sw      gp, 1972(t5)
core   0: 3 0x80013850 (0x7a3f2a23) mem 0x80015000 0x00000001
core   0: 0x80013854 (0xff9ff06f) j       pc - 0x8
core   0: 3 0x80013854 (0xff9ff06f)
core   0: 0x8001384c (0x00001f17) auipc   t5, 0x1
core   0: 3 0x8001384c (0x00001f17) x30 0x8001484c
core   0: 0x80013850 (0x7a3f2a23) sw      gp, 1972(t5)
core   0: 3 0x80013850 (0x7a3f2a23) mem 0x80015000 0x00000001
core   0: 0x80013854 (0xff9ff06f) j       pc - 0x8
core   0: 3 0x80013854 (0xff9ff06f)
core   0: 0x8001384c (0x00001f17) auipc   t5, 0x1
core   0: 3 0x8001384c (0x00001f17) x30 0x8001484c
core   0: 0x80013850 (0x7a3f2a23) sw      gp, 1972(t5)
core   0: 3 0x80013850 (0x7a3f2a23) mem 0x80015000 0x00000001
core   0: 0x80013854 (0xff9ff06f) j       pc - 0x8
core   0: 3 0x80013854 (0xff9ff06f)
core   0: 0x8001384c (0x00001f17) auipc   t5, 0x1
core   0: 3 0x8001384c (0x00001f17) x30 0x8001484c
core   0: 0x80013850 (0x7a3f2a23) sw      gp, 1972(t5)
core   0: 3 0x80013850 (0x7a3f2a23) mem 0x80015000 0x00000001
core   0: 0x80013854 (0xff9ff06f) j       pc - 0x8
core   0: 3 0x80013854 (0xff9ff06f)
core   0: 0x8001384c (0x00001f17) auipc   t5, 0x1
core   0: 3 0x8001384c (0x00001f17) x30 0x8001484c
core   0: 0x80013850 (0x7a3f2a23) sw      gp, 1972(t5)
core   0: 3 0x80013850 (0x7a3f2a23) mem 0x80015000 0x00000001
core   0: 0x80013854 (0xff9ff06f) j       pc - 0x8
core   0: 3 0x80013854 (0xff9ff06f)
core   0: 0x8001384c (0x00001f17) auipc   t5, 0x1
core   0: 3 0x8001384c (0x00001f17) x30 0x8001484c
core   0: 0x80013850 (0x7a3f2a23) sw      gp, 1972(t5)
core   0: 3 0x80013850 (0x7a3f2a23) mem 0x80015000 0x00000001
core   0: 0x80013854 (0xff9ff06f) j       pc - 0x8
core   0: 3 0x80013854 (0xff9ff06f)
core   0: 0x8001384c (0x00001f17) auipc   t5, 0x1
core   0: 3 0x8001384c (0x00001f17) x30 0x8001484c
core   0: 0x80013850 (0x7a3f2a23) sw      gp, 1972(t5)
core   0: 3 0x80013850 (0x7a3f2a23) mem 0x80015000 0x00000001
core   0: 0x80013854 (0xff9ff06f) j       pc - 0x8
core   0: 3 0x80013854 (0xff9ff06f)
core   0: 0x8001384c (0x00001f17) auipc   t5, 0x1
core   0: 3 0x8001384c (0x00001f17) x30 0x8001484c
core   0: 0x80013850 (0x7a3f2a23) sw      gp, 1972(t5)
core   0: 3 0x80013850 (0x7a3f2a23) mem 0x80015000 0x00000001
core   0: 0x80013854 (0xff9ff06f) j       pc - 0x8
core   0: 3 0x80013854 (0xff9ff06f)
core   0: 0x8001384c (0x00001f17) auipc   t5, 0x1
core   0: 3 0x8001384c (0x00001f17) x30 0x8001484c
core   0: 0x80013850 (0x7a3f2a23) sw      gp, 1972(t5)
core   0: 3 0x80013850 (0x7a3f2a23) mem 0x80015000 0x00000001
core   0: 0x80013854 (0xff9ff06f) j       pc - 0x8
core   0: 3 0x80013854 (0xff9ff06f)
core   0: 0x8001384c (0x00001f17) auipc   t5, 0x1
core   0: 3 0x8001384c (0x00001f17) x30 0x8001484c
core   0: 0x80013850 (0x7a3f2a23) sw      gp, 1972(t5)
core   0: 3 0x80013850 (0x7a3f2a23) mem 0x80015000 0x00000001
core   0: 0x80013854 (0xff9ff06f) j       pc - 0x8
core   0: 3 0x80013854 (0xff9ff06f)
core   0: 0x8001384c (0x00001f17) auipc   t5, 0x1
core   0: 3 0x8001384c (0x00001f17) x30 0x8001484c
core   0: 0x80013850 (0x7a3f2a23) sw      gp, 1972(t5)
core   0: 3 0x80013850 (0x7a3f2a23) mem 0x80015000 0x00000001
core   0: 0x80013854 (0xff9ff06f) j       pc - 0x8
core   0: 3 0x80013854 (0xff9ff06f)
core   0: 0x8001384c (0x00001f17) auipc   t5, 0x1
core   0: 3 0x8001384c (0x00001f17) x30 0x8001484c
core   0: 0x80013850 (0x7a3f2a23) sw      gp, 1972(t5)
core   0: 3 0x80013850 (0x7a3f2a23) mem 0x80015000 0x00000001
core   0: 0x80013854 (0xff9ff06f) j       pc - 0x8
core   0: 3 0x80013854 (0xff9ff06f)
core   0: 0x8001384c (0x00001f17) auipc   t5, 0x1
core   0: 3 0x8001384c (0x00001f17) x30 0x8001484c
core   0: 0x80013850 (0x7a3f2a23) sw      gp, 1972(t5)
core   0: 3 0x80013850 (0x7a3f2a23) mem 0x80015000 0x00000001
core   0: 0x80013854 (0xff9ff06f) j       pc - 0x8
core   0: 3 0x80013854 (0xff9ff06f)
core   0: 0x8001384c (0x00001f17) auipc   t5, 0x1
core   0: 3 0x8001384c (0x00001f17) x30 0x8001484c
core   0: 0x80013850 (0x7a3f2a23) sw      gp, 1972(t5)
core   0: 3 0x80013850 (0x7a3f2a23) mem 0x80015000 0x00000001
core   0: 0x80013854 (0xff9ff06f) j       pc - 0x8
core   0: 3 0x80013854 (0xff9ff06f)
core   0: 0x8001384c (0x00001f17) auipc   t5, 0x1
core   0: 3 0x8001384c (0x00001f17) x30 0x8001484c
core   0: 0x80013850 (0x7a3f2a23) sw      gp, 1972(t5)
core   0: 3 0x80013850 (0x7a3f2a23) mem 0x80015000 0x00000001
core   0: 0x80013854 (0xff9ff06f) j       pc - 0x8
core   0: 3 0x80013854 (0xff9ff06f)
core   0: 0x8001384c (0x00001f17) auipc   t5, 0x1
core   0: 3 0x8001384c (0x00001f17) x30 0x8001484c
core   0: 0x80013850 (0x7a3f2a23) sw      gp, 1972(t5)
core   0: 3 0x80013850 (0x7a3f2a23) mem 0x80015000 0x00000001
core   0: 0x80013854 (0xff9ff06f) j       pc - 0x8
core   0: 3 0x80013854 (0xff9ff06f)
core   0: 0x8001384c (0x00001f17) auipc   t5, 0x1
core   0: 3 0x8001384c (0x00001f17) x30 0x8001484c
core   0: 0x80013850 (0x7a3f2a23) sw      gp, 1972(t5)
core   0: 3 0x80013850 (0x7a3f2a23) mem 0x80015000 0x00000001
core   0: 0x80013854 (0xff9ff06f) j       pc - 0x8
core   0: 3 0x80013854 (0xff9ff06f)
core   0: 0x8001384c (0x00001f17) auipc   t5, 0x1
core   0: 3 0x8001384c (0x00001f17) x30 0x8001484c
core   0: 0x80013850 (0x7a3f2a23) sw      gp, 1972(t5)
core   0: 3 0x80013850 (0x7a3f2a23) mem 0x80015000 0x00000001
core   0: 0x80013854 (0xff9ff06f) j       pc - 0x8
core   0: 3 0x80013854 (0xff9ff06f)
core   0: 0x8001384c (0x00001f17) auipc   t5, 0x1
core   0: 3 0x8001384c (0x00001f17) x30 0x8001484c
core   0: 0x80013850 (0x7a3f2a23) sw      gp, 1972(t5)
core   0: 3 0x80013850 (0x7a3f2a23) mem 0x80015000 0x00000001
core   0: 0x80013854 (0xff9ff06f) j       pc - 0x8
core   0: 3 0x80013854 (0xff9ff06f)
core   0: 0x8001384c (0x00001f17) auipc   t5, 0x1
core   0: 3 0x8001384c (0x00001f17) x30 0x8001484c
core   0: 0x80013850 (0x7a3f2a23) sw      gp, 1972(t5)
core   0: 3 0x80013850 (0x7a3f2a23) mem 0x80015000 0x00000001
core   0: 0x80013854 (0xff9ff06f) j       pc - 0x8
core   0: 3 0x80013854 (0xff9ff06f)
core   0: 0x8001384c (0x00001f17) auipc   t5, 0x1
core   0: 3 0x8001384c (0x00001f17) x30 0x8001484c
core   0: 0x80013850 (0x7a3f2a23) sw      gp, 1972(t5)
core   0: 3 0x80013850 (0x7a3f2a23) mem 0x80015000 0x00000001
core   0: 0x80013854 (0xff9ff06f) j       pc - 0x8
core   0: 3 0x80013854 (0xff9ff06f)
core   0: 0x8001384c (0x00001f17) auipc   t5, 0x1
core   0: 3 0x8001384c (0x00001f17) x30 0x8001484c
core   0: 0x80013850 (0x7a3f2a23) sw      gp, 1972(t5)
core   0: 3 0x80013850 (0x7a3f2a23) mem 0x80015000 0x00000001
core   0: 0x80013854 (0xff9ff06f) j       pc - 0x8
core   0: 3 0x80013854 (0xff9ff06f)
core   0: 0x8001384c (0x00001f17) auipc   t5, 0x1
core   0: 3 0x8001384c (0x00001f17) x30 0x8001484c
core   0: 0x80013850 (0x7a3f2a23) sw      gp, 1972(t5)
core   0: 3 0x80013850 (0x7a3f2a23) mem 0x80015000 0x00000001
core   0: 0x80013854 (0xff9ff06f) j       pc - 0x8
core   0: 3 0x80013854 (0xff9ff06f)
core   0: 0x8001384c (0x00001f17) auipc   t5, 0x1
core   0: 3 0x8001384c (0x00001f17) x30 0x8001484c
core   0: 0x80013850 (0x7a3f2a23) sw      gp, 1972(t5)
core   0: 3 0x80013850 (0x7a3f2a23) mem 0x80015000 0x00000001
core   0: 0x80013854 (0xff9ff06f) j       pc - 0x8
core   0: 3 0x80013854 (0xff9ff06f)
core   0: 0x8001384c (0x00001f17) auipc   t5, 0x1
core   0: 3 0x8001384c (0x00001f17) x30 0x8001484c
core   0: 0x80013850 (0x7a3f2a23) sw      gp, 1972(t5)
core   0: 3 0x80013850 (0x7a3f2a23) mem 0x80015000 0x00000001
core   0: 0x80013854 (0xff9ff06f) j       pc - 0x8
core   0: 3 0x80013854 (0xff9ff06f)
core   0: 0x8001384c (0x00001f17) auipc   t5, 0x1
core   0: 3 0x8001384c (0x00001f17) x30 0x8001484c
core   0: 0x80013850 (0x7a3f2a23) sw      gp, 1972(t5)
core   0: 3 0x80013850 (0x7a3f2a23) mem 0x80015000 0x00000001
core   0: 0x80013854 (0xff9ff06f) j       pc - 0x8
core   0: 3 0x80013854 (0xff9ff06f)
core   0: 0x8001384c (0x00001f17) auipc   t5, 0x1
core   0: 3 0x8001384c (0x00001f17) x30 0x8001484c
core   0: 0x80013850 (0x7a3f2a23) sw      gp, 1972(t5)
core   0: 3 0x80013850 (0x7a3f2a23) mem 0x80015000 0x00000001
core   0: 0x80013854 (0xff9ff06f) j       pc - 0x8
core   0: 3 0x80013854 (0xff9ff06f)
core   0: 0x8001384c (0x00001f17) auipc   t5, 0x1
core   0: 3 0x8001384c (0x00001f17) x30 0x8001484c
core   0: 0x80013850 (0x7a3f2a23) sw      gp, 1972(t5)
core   0: 3 0x80013850 (0x7a3f2a23) mem 0x80015000 0x00000001
core   0: 0x80013854 (0xff9ff06f) j       pc - 0x8
core   0: 3 0x80013854 (0xff9ff06f)
core   0: 0x8001384c (0x00001f17) auipc   t5, 0x1
core   0: 3 0x8001384c (0x00001f17) x30 0x8001484c
core   0: 0x80013850 (0x7a3f2a23) sw      gp, 1972(t5)
core   0: 3 0x80013850 (0x7a3f2a23) mem 0x80015000 0x00000001
core   0: 0x80013854 (0xff9ff06f) j       pc - 0x8
core   0: 3 0x80013854 (0xff9ff06f)
core   0: 0x8001384c (0x00001f17) auipc   t5, 0x1
core   0: 3 0x8001384c (0x00001f17) x30 0x8001484c
core   0: 0x80013850 (0x7a3f2a23) sw      gp, 1972(t5)
core   0: 3 0x80013850 (0x7a3f2a23) mem 0x80015000 0x00000001
core   0: 0x80013854 (0xff9ff06f) j       pc - 0x8
core   0: 3 0x80013854 (0xff9ff06f)
core   0: 0x8001384c (0x00001f17) auipc   t5, 0x1
core   0: 3 0x8001384c (0x00001f17) x30 0x8001484c
core   0: 0x80013850 (0x7a3f2a23) sw      gp, 1972(t5)
core   0: 3 0x80013850 (0x7a3f2a23) mem 0x80015000 0x00000001
core   0: 0x80013854 (0xff9ff06f) j       pc - 0x8
core   0: 3 0x80013854 (0xff9ff06f)
core   0: 0x8001384c (0x00001f17) auipc   t5, 0x1
core   0: 3 0x8001384c (0x00001f17) x30 0x8001484c
core   0: 0x80013850 (0x7a3f2a23) sw      gp, 1972(t5)
core   0: 3 0x80013850 (0x7a3f2a23) mem 0x80015000 0x00000001
core   0: 0x80013854 (0xff9ff06f) j       pc - 0x8
core   0: 3 0x80013854 (0xff9ff06f)
core   0: 0x8001384c (0x00001f17) auipc   t5, 0x1
core   0: 3 0x8001384c (0x00001f17) x30 0x8001484c
core   0: 0x80013850 (0x7a3f2a23) sw      gp, 1972(t5)
core   0: 3 0x80013850 (0x7a3f2a23) mem 0x80015000 0x00000001
core   0: 0x80013854 (0xff9ff06f) j       pc - 0x8
core   0: 3 0x80013854 (0xff9ff06f)
core   0: 0x8001384c (0x00001f17) auipc   t5, 0x1
core   0: 3 0x8001384c (0x00001f17) x30 0x8001484c
core   0: 0x80013850 (0x7a3f2a23) sw      gp, 1972(t5)
core   0: 3 0x80013850 (0x7a3f2a23) mem 0x80015000 0x00000001
core   0: 0x80013854 (0xff9ff06f) j       pc - 0x8
core   0: 3 0x80013854 (0xff9ff06f)
core   0: 0x8001384c (0x00001f17) auipc   t5, 0x1
core   0: 3 0x8001384c (0x00001f17) x30 0x8001484c
core   0: 0x80013850 (0x7a3f2a23) sw      gp, 1972(t5)
core   0: 3 0x80013850 (0x7a3f2a23) mem 0x80015000 0x00000001
core   0: 0x80013854 (0xff9ff06f) j       pc - 0x8
core   0: 3 0x80013854 (0xff9ff06f)
core   0: 0x8001384c (0x00001f17) auipc   t5, 0x1
core   0: 3 0x8001384c (0x00001f17) x30 0x8001484c
core   0: 0x80013850 (0x7a3f2a23) sw      gp, 1972(t5)
core   0: 3 0x80013850 (0x7a3f2a23) mem 0x80015000 0x00000001
core   0: 0x80013854 (0xff9ff06f) j       pc - 0x8
core   0: 3 0x80013854 (0xff9ff06f)
core   0: 0x8001384c (0x00001f17) auipc   t5, 0x1
core   0: 3 0x8001384c (0x00001f17) x30 0x8001484c
core   0: 0x80013850 (0x7a3f2a23) sw      gp, 1972(t5)
core   0: 3 0x80013850 (0x7a3f2a23) mem 0x80015000 0x00000001
core   0: 0x80013854 (0xff9ff06f) j       pc - 0x8
core   0: 3 0x80013854 (0xff9ff06f)
core   0: 0x8001384c (0x00001f17) auipc   t5, 0x1
core   0: 3 0x8001384c (0x00001f17) x30 0x8001484c
core   0: 0x80013850 (0x7a3f2a23) sw      gp, 1972(t5)
core   0: 3 0x80013850 (0x7a3f2a23) mem 0x80015000 0x00000001
core   0: 0x80013854 (0xff9ff06f) j       pc - 0x8
core   0: 3 0x80013854 (0xff9ff06f)
core   0: 0x8001384c (0x00001f17) auipc   t5, 0x1
core   0: 3 0x8001384c (0x00001f17) x30 0x8001484c
core   0: 0x80013850 (0x7a3f2a23) sw      gp, 1972(t5)
core   0: 3 0x80013850 (0x7a3f2a23) mem 0x80015000 0x00000001
core   0: 0x80013854 (0xff9ff06f) j       pc - 0x8
core   0: 3 0x80013854 (0xff9ff06f)
core   0: 0x8001384c (0x00001f17) auipc   t5, 0x1
core   0: 3 0x8001384c (0x00001f17) x30 0x8001484c
core   0: 0x80013850 (0x7a3f2a23) sw      gp, 1972(t5)
core   0: 3 0x80013850 (0x7a3f2a23) mem 0x80015000 0x00000001
core   0: 0x80013854 (0xff9ff06f) j       pc - 0x8
core   0: 3 0x80013854 (0xff9ff06f)
core   0: 0x8001384c (0x00001f17) auipc   t5, 0x1
core   0: 3 0x8001384c (0x00001f17) x30 0x8001484c
core   0: 0x80013850 (0x7a3f2a23) sw      gp, 1972(t5)
core   0: 3 0x80013850 (0x7a3f2a23) mem 0x80015000 0x00000001
core   0: 0x80013854 (0xff9ff06f) j       pc - 0x8
core   0: 3 0x80013854 (0xff9ff06f)
core   0: 0x8001384c (0x00001f17) auipc   t5, 0x1
core   0: 3 0x8001384c (0x00001f17) x30 0x8001484c
core   0: 0x80013850 (0x7a3f2a23) sw      gp, 1972(t5)
core   0: 3 0x80013850 (0x7a3f2a23) mem 0x80015000 0x00000001
core   0: 0x80013854 (0xff9ff06f) j       pc - 0x8
core   0: 3 0x80013854 (0xff9ff06f)
core   0: 0x8001384c (0x00001f17) auipc   t5, 0x1
core   0: 3 0x8001384c (0x00001f17) x30 0x8001484c
core   0: 0x80013850 (0x7a3f2a23) sw      gp, 1972(t5)
core   0: 3 0x80013850 (0x7a3f2a23) mem 0x80015000 0x00000001
core   0: 0x80013854 (0xff9ff06f) j       pc - 0x8
core   0: 3 0x80013854 (0xff9ff06f)
core   0: 0x8001384c (0x00001f17) auipc   t5, 0x1
core   0: 3 0x8001384c (0x00001f17) x30 0x8001484c
core   0: 0x80013850 (0x7a3f2a23) sw      gp, 1972(t5)
core   0: 3 0x80013850 (0x7a3f2a23) mem 0x80015000 0x00000001
core   0: 0x80013854 (0xff9ff06f) j       pc - 0x8
core   0: 3 0x80013854 (0xff9ff06f)
core   0: 0x8001384c (0x00001f17) auipc   t5, 0x1
core   0: 3 0x8001384c (0x00001f17) x30 0x8001484c
core   0: 0x80013850 (0x7a3f2a23) sw      gp, 1972(t5)
core   0: 3 0x80013850 (0x7a3f2a23) mem 0x80015000 0x00000001
core   0: 0x80013854 (0xff9ff06f) j       pc - 0x8
core   0: 3 0x80013854 (0xff9ff06f)
core   0: 0x8001384c (0x00001f17) auipc   t5, 0x1
core   0: 3 0x8001384c (0x00001f17) x30 0x8001484c
core   0: 0x80013850 (0x7a3f2a23) sw      gp, 1972(t5)
core   0: 3 0x80013850 (0x7a3f2a23) mem 0x80015000 0x00000001
core   0: 0x80013854 (0xff9ff06f) j       pc - 0x8
core   0: 3 0x80013854 (0xff9ff06f)
core   0: 0x8001384c (0x00001f17) auipc   t5, 0x1
core   0: 3 0x8001384c (0x00001f17) x30 0x8001484c
core   0: 0x80013850 (0x7a3f2a23) sw      gp, 1972(t5)
core   0: 3 0x80013850 (0x7a3f2a23) mem 0x80015000 0x00000001
core   0: 0x80013854 (0xff9ff06f) j       pc - 0x8
core   0: 3 0x80013854 (0xff9ff06f)
core   0: 0x8001384c (0x00001f17) auipc   t5, 0x1
core   0: 3 0x8001384c (0x00001f17) x30 0x8001484c
core   0: 0x80013850 (0x7a3f2a23) sw      gp, 1972(t5)
core   0: 3 0x80013850 (0x7a3f2a23) mem 0x80015000 0x00000001
core   0: 0x80013854 (0xff9ff06f) j       pc - 0x8
core   0: 3 0x80013854 (0xff9ff06f)
core   0: 0x8001384c (0x00001f17) auipc   t5, 0x1
core   0: 3 0x8001384c (0x00001f17) x30 0x8001484c
core   0: 0x80013850 (0x7a3f2a23) sw      gp, 1972(t5)
core   0: 3 0x80013850 (0x7a3f2a23) mem 0x80015000 0x00000001
core   0: 0x80013854 (0xff9ff06f) j       pc - 0x8
core   0: 3 0x80013854 (0xff9ff06f)
core   0: 0x8001384c (0x00001f17) auipc   t5, 0x1
core   0: 3 0x8001384c (0x00001f17) x30 0x8001484c
core   0: 0x80013850 (0x7a3f2a23) sw      gp, 1972(t5)
core   0: 3 0x80013850 (0x7a3f2a23) mem 0x80015000 0x00000001
core   0: 0x80013854 (0xff9ff06f) j       pc - 0x8
core   0: 3 0x80013854 (0xff9ff06f)
core   0: 0x8001384c (0x00001f17) auipc   t5, 0x1
core   0: 3 0x8001384c (0x00001f17) x30 0x8001484c
core   0: 0x80013850 (0x7a3f2a23) sw      gp, 1972(t5)
core   0: 3 0x80013850 (0x7a3f2a23) mem 0x80015000 0x00000001
core   0: 0x80013854 (0xff9ff06f) j       pc - 0x8
core   0: 3 0x80013854 (0xff9ff06f)
core   0: 0x8001384c (0x00001f17) auipc   t5, 0x1
core   0: 3 0x8001384c (0x00001f17) x30 0x8001484c
core   0: 0x80013850 (0x7a3f2a23) sw      gp, 1972(t5)
core   0: 3 0x80013850 (0x7a3f2a23) mem 0x80015000 0x00000001
core   0: 0x80013854 (0xff9ff06f) j       pc - 0x8
core   0: 3 0x80013854 (0xff9ff06f)
core   0: 0x8001384c (0x00001f17) auipc   t5, 0x1
core   0: 3 0x8001384c (0x00001f17) x30 0x8001484c
core   0: 0x80013850 (0x7a3f2a23) sw      gp, 1972(t5)
core   0: 3 0x80013850 (0x7a3f2a23) mem 0x80015000 0x00000001
core   0: 0x80013854 (0xff9ff06f) j       pc - 0x8
core   0: 3 0x80013854 (0xff9ff06f)
core   0: 0x8001384c (0x00001f17) auipc   t5, 0x1
core   0: 3 0x8001384c (0x00001f17) x30 0x8001484c
core   0: 0x80013850 (0x7a3f2a23) sw      gp, 1972(t5)
core   0: 3 0x80013850 (0x7a3f2a23) mem 0x80015000 0x00000001
core   0: 0x80013854 (0xff9ff06f) j       pc - 0x8
core   0: 3 0x80013854 (0xff9ff06f)
core   0: 0x8001384c (0x00001f17) auipc   t5, 0x1
core   0: 3 0x8001384c (0x00001f17) x30 0x8001484c
core   0: 0x80013850 (0x7a3f2a23) sw      gp, 1972(t5)
core   0: 3 0x80013850 (0x7a3f2a23) mem 0x80015000 0x00000001
core   0: 0x80013854 (0xff9ff06f) j       pc - 0x8
core   0: 3 0x80013854 (0xff9ff06f)
core   0: 0x8001384c (0x00001f17) auipc   t5, 0x1
core   0: 3 0x8001384c (0x00001f17) x30 0x8001484c
core   0: 0x80013850 (0x7a3f2a23) sw      gp, 1972(t5)
core   0: 3 0x80013850 (0x7a3f2a23) mem 0x80015000 0x00000001
core   0: 0x80013854 (0xff9ff06f) j       pc - 0x8
core   0: 3 0x80013854 (0xff9ff06f)
core   0: 0x8001384c (0x00001f17) auipc   t5, 0x1
core   0: 3 0x8001384c (0x00001f17) x30 0x8001484c
core   0: 0x80013850 (0x7a3f2a23) sw      gp, 1972(t5)
core   0: 3 0x80013850 (0x7a3f2a23) mem 0x80015000 0x00000001
core   0: 0x80013854 (0xff9ff06f) j       pc - 0x8
core   0: 3 0x80013854 (0xff9ff06f)
core   0: 0x8001384c (0x00001f17) auipc   t5, 0x1
core   0: 3 0x8001384c (0x00001f17) x30 0x8001484c
core   0: 0x80013850 (0x7a3f2a23) sw      gp, 1972(t5)
core   0: 3 0x80013850 (0x7a3f2a23) mem 0x80015000 0x00000001
core   0: 0x80013854 (0xff9ff06f) j       pc - 0x8
core   0: 3 0x80013854 (0xff9ff06f)
core   0: 0x8001384c (0x00001f17) auipc   t5, 0x1
core   0: 3 0x8001384c (0x00001f17) x30 0x8001484c
core   0: 0x80013850 (0x7a3f2a23) sw      gp, 1972(t5)
core   0: 3 0x80013850 (0x7a3f2a23) mem 0x80015000 0x00000001
core   0: 0x80013854 (0xff9ff06f) j       pc - 0x8
core   0: 3 0x80013854 (0xff9ff06f)
core   0: 0x8001384c (0x00001f17) auipc   t5, 0x1
core   0: 3 0x8001384c (0x00001f17) x30 0x8001484c
core   0: 0x80013850 (0x7a3f2a23) sw      gp, 1972(t5)
core   0: 3 0x80013850 (0x7a3f2a23) mem 0x80015000 0x00000001
core   0: 0x80013854 (0xff9ff06f) j       pc - 0x8
core   0: 3 0x80013854 (0xff9ff06f)
core   0: 0x8001384c (0x00001f17) auipc   t5, 0x1
core   0: 3 0x8001384c (0x00001f17) x30 0x8001484c
core   0: 0x80013850 (0x7a3f2a23) sw      gp, 1972(t5)
core   0: 3 0x80013850 (0x7a3f2a23) mem 0x80015000 0x00000001
core   0: 0x80013854 (0xff9ff06f) j       pc - 0x8
core   0: 3 0x80013854 (0xff9ff06f)
core   0: 0x8001384c (0x00001f17) auipc   t5, 0x1
core   0: 3 0x8001384c (0x00001f17) x30 0x8001484c
core   0: 0x80013850 (0x7a3f2a23) sw      gp, 1972(t5)
core   0: 3 0x80013850 (0x7a3f2a23) mem 0x80015000 0x00000001
core   0: 0x80013854 (0xff9ff06f) j       pc - 0x8
core   0: 3 0x80013854 (0xff9ff06f)
core   0: 0x8001384c (0x00001f17) auipc   t5, 0x1
core   0: 3 0x8001384c (0x00001f17) x30 0x8001484c
core   0: 0x80013850 (0x7a3f2a23) sw      gp, 1972(t5)
core   0: 3 0x80013850 (0x7a3f2a23) mem 0x80015000 0x00000001
core   0: 0x80013854 (0xff9ff06f) j       pc - 0x8
core   0: 3 0x80013854 (0xff9ff06f)
core   0: 0x8001384c (0x00001f17) auipc   t5, 0x1
core   0: 3 0x8001384c (0x00001f17) x30 0x8001484c
core   0: 0x80013850 (0x7a3f2a23) sw      gp, 1972(t5)
core   0: 3 0x80013850 (0x7a3f2a23) mem 0x80015000 0x00000001
core   0: 0x80013854 (0xff9ff06f) j       pc - 0x8
core   0: 3 0x80013854 (0xff9ff06f)
core   0: 0x8001384c (0x00001f17) auipc   t5, 0x1
core   0: 3 0x8001384c (0x00001f17) x30 0x8001484c
core   0: 0x80013850 (0x7a3f2a23) sw      gp, 1972(t5)
core   0: 3 0x80013850 (0x7a3f2a23) mem 0x80015000 0x00000001
core   0: 0x80013854 (0xff9ff06f) j       pc - 0x8
core   0: 3 0x80013854 (0xff9ff06f)
core   0: 0x8001384c (0x00001f17) auipc   t5, 0x1
core   0: 3 0x8001384c (0x00001f17) x30 0x8001484c
core   0: 0x80013850 (0x7a3f2a23) sw      gp, 1972(t5)
core   0: 3 0x80013850 (0x7a3f2a23) mem 0x80015000 0x00000001
core   0: 0x80013854 (0xff9ff06f) j       pc - 0x8
core   0: 3 0x80013854 (0xff9ff06f)
core   0: 0x8001384c (0x00001f17) auipc   t5, 0x1
core   0: 3 0x8001384c (0x00001f17) x30 0x8001484c
core   0: 0x80013850 (0x7a3f2a23) sw      gp, 1972(t5)
core   0: 3 0x80013850 (0x7a3f2a23) mem 0x80015000 0x00000001
core   0: 0x80013854 (0xff9ff06f) j       pc - 0x8
core   0: 3 0x80013854 (0xff9ff06f)
core   0: 0x8001384c (0x00001f17) auipc   t5, 0x1
core   0: 3 0x8001384c (0x00001f17) x30 0x8001484c
core   0: 0x80013850 (0x7a3f2a23) sw      gp, 1972(t5)
core   0: 3 0x80013850 (0x7a3f2a23) mem 0x80015000 0x00000001
core   0: 0x80013854 (0xff9ff06f) j       pc - 0x8
core   0: 3 0x80013854 (0xff9ff06f)
core   0: 0x8001384c (0x00001f17) auipc   t5, 0x1
core   0: 3 0x8001384c (0x00001f17) x30 0x8001484c
core   0: 0x80013850 (0x7a3f2a23) sw      gp, 1972(t5)
core   0: 3 0x80013850 (0x7a3f2a23) mem 0x80015000 0x00000001
core   0: 0x80013854 (0xff9ff06f) j       pc - 0x8
core   0: 3 0x80013854 (0xff9ff06f)
core   0: 0x8001384c (0x00001f17) auipc   t5, 0x1
core   0: 3 0x8001384c (0x00001f17) x30 0x8001484c
core   0: 0x80013850 (0x7a3f2a23) sw      gp, 1972(t5)
core   0: 3 0x80013850 (0x7a3f2a23) mem 0x80015000 0x00000001
core   0: 0x80013854 (0xff9ff06f) j       pc - 0x8
core   0: 3 0x80013854 (0xff9ff06f)
core   0: 0x8001384c (0x00001f17) auipc   t5, 0x1
core   0: 3 0x8001384c (0x00001f17) x30 0x8001484c
core   0: 0x80013850 (0x7a3f2a23) sw      gp, 1972(t5)
core   0: 3 0x80013850 (0x7a3f2a23) mem 0x80015000 0x00000001
core   0: 0x80013854 (0xff9ff06f) j       pc - 0x8
core   0: 3 0x80013854 (0xff9ff06f)
core   0: 0x8001384c (0x00001f17) auipc   t5, 0x1
core   0: 3 0x8001384c (0x00001f17) x30 0x8001484c
core   0: 0x80013850 (0x7a3f2a23) sw      gp, 1972(t5)
core   0: 3 0x80013850 (0x7a3f2a23) mem 0x80015000 0x00000001
core   0: 0x80013854 (0xff9ff06f) j       pc - 0x8
core   0: 3 0x80013854 (0xff9ff06f)
core   0: 0x8001384c (0x00001f17) auipc   t5, 0x1
core   0: 3 0x8001384c (0x00001f17) x30 0x8001484c
core   0: 0x80013850 (0x7a3f2a23) sw      gp, 1972(t5)
core   0: 3 0x80013850 (0x7a3f2a23) mem 0x80015000 0x00000001
core   0: 0x80013854 (0xff9ff06f) j       pc - 0x8
core   0: 3 0x80013854 (0xff9ff06f)
core   0: 0x8001384c (0x00001f17) auipc   t5, 0x1
core   0: 3 0x8001384c (0x00001f17) x30 0x8001484c
core   0: 0x80013850 (0x7a3f2a23) sw      gp, 1972(t5)
core   0: 3 0x80013850 (0x7a3f2a23) mem 0x80015000 0x00000001
core   0: 0x80013854 (0xff9ff06f) j       pc - 0x8
core   0: 3 0x80013854 (0xff9ff06f)
core   0: 0x8001384c (0x00001f17) auipc   t5, 0x1
core   0: 3 0x8001384c (0x00001f17) x30 0x8001484c
core   0: 0x80013850 (0x7a3f2a23) sw      gp, 1972(t5)
core   0: 3 0x80013850 (0x7a3f2a23) mem 0x80015000 0x00000001
core   0: 0x80013854 (0xff9ff06f) j       pc - 0x8
core   0: 3 0x80013854 (0xff9ff06f)
core   0: 0x8001384c (0x00001f17) auipc   t5, 0x1
core   0: 3 0x8001384c (0x00001f17) x30 0x8001484c
core   0: 0x80013850 (0x7a3f2a23) sw      gp, 1972(t5)
core   0: 3 0x80013850 (0x7a3f2a23) mem 0x80015000 0x00000001
core   0: 0x80013854 (0xff9ff06f) j       pc - 0x8
core   0: 3 0x80013854 (0xff9ff06f)
core   0: 0x8001384c (0x00001f17) auipc   t5, 0x1
core   0: 3 0x8001384c (0x00001f17) x30 0x8001484c
core   0: 0x80013850 (0x7a3f2a23) sw      gp, 1972(t5)
core   0: 3 0x80013850 (0x7a3f2a23) mem 0x80015000 0x00000001
core   0: 0x80013854 (0xff9ff06f) j       pc - 0x8
core   0: 3 0x80013854 (0xff9ff06f)
core   0: 0x8001384c (0x00001f17) auipc   t5, 0x1
core   0: 3 0x8001384c (0x00001f17) x30 0x8001484c
core   0: 0x80013850 (0x7a3f2a23) sw      gp, 1972(t5)
core   0: 3 0x80013850 (0x7a3f2a23) mem 0x80015000 0x00000001
core   0: 0x80013854 (0xff9ff06f) j       pc - 0x8
core   0: 3 0x80013854 (0xff9ff06f)
core   0: 0x8001384c (0x00001f17) auipc   t5, 0x1
core   0: 3 0x8001384c (0x00001f17) x30 0x8001484c
core   0: 0x80013850 (0x7a3f2a23) sw      gp, 1972(t5)
core   0: 3 0x80013850 (0x7a3f2a23) mem 0x80015000 0x00000001
core   0: 0x80013854 (0xff9ff06f) j       pc - 0x8
core   0: 3 0x80013854 (0xff9ff06f)
core   0: 0x8001384c (0x00001f17) auipc   t5, 0x1
core   0: 3 0x8001384c (0x00001f17) x30 0x8001484c
core   0: 0x80013850 (0x7a3f2a23) sw      gp, 1972(t5)
core   0: 3 0x80013850 (0x7a3f2a23) mem 0x80015000 0x00000001
core   0: 0x80013854 (0xff9ff06f) j       pc - 0x8
core   0: 3 0x80013854 (0xff9ff06f)
core   0: 0x8001384c (0x00001f17) auipc   t5, 0x1
core   0: 3 0x8001384c (0x00001f17) x30 0x8001484c
core   0: 0x80013850 (0x7a3f2a23) sw      gp, 1972(t5)
core   0: 3 0x80013850 (0x7a3f2a23) mem 0x80015000 0x00000001
core   0: 0x80013854 (0xff9ff06f) j       pc - 0x8
core   0: 3 0x80013854 (0xff9ff06f)
core   0: 0x8001384c (0x00001f17) auipc   t5, 0x1
core   0: 3 0x8001384c (0x00001f17) x30 0x8001484c
core   0: 0x80013850 (0x7a3f2a23) sw      gp, 1972(t5)
core   0: 3 0x80013850 (0x7a3f2a23) mem 0x80015000 0x00000001
core   0: 0x80013854 (0xff9ff06f) j       pc - 0x8
core   0: 3 0x80013854 (0xff9ff06f)
core   0: 0x8001384c (0x00001f17) auipc   t5, 0x1
core   0: 3 0x8001384c (0x00001f17) x30 0x8001484c
core   0: 0x80013850 (0x7a3f2a23) sw      gp, 1972(t5)
core   0: 3 0x80013850 (0x7a3f2a23) mem 0x80015000 0x00000001
core   0: 0x80013854 (0xff9ff06f) j       pc - 0x8
core   0: 3 0x80013854 (0xff9ff06f)
core   0: 0x8001384c (0x00001f17) auipc   t5, 0x1
core   0: 3 0x8001384c (0x00001f17) x30 0x8001484c
core   0: 0x80013850 (0x7a3f2a23) sw      gp, 1972(t5)
core   0: 3 0x80013850 (0x7a3f2a23) mem 0x80015000 0x00000001
core   0: 0x80013854 (0xff9ff06f) j       pc - 0x8
core   0: 3 0x80013854 (0xff9ff06f)
core   0: 0x8001384c (0x00001f17) auipc   t5, 0x1
core   0: 3 0x8001384c (0x00001f17) x30 0x8001484c
core   0: 0x80013850 (0x7a3f2a23) sw      gp, 1972(t5)
core   0: 3 0x80013850 (0x7a3f2a23) mem 0x80015000 0x00000001
core   0: 0x80013854 (0xff9ff06f) j       pc - 0x8
core   0: 3 0x80013854 (0xff9ff06f)
core   0: 0x8001384c (0x00001f17) auipc   t5, 0x1
core   0: 3 0x8001384c (0x00001f17) x30 0x8001484c
core   0: 0x80013850 (0x7a3f2a23) sw      gp, 1972(t5)
core   0: 3 0x80013850 (0x7a3f2a23) mem 0x80015000 0x00000001
core   0: 0x80013854 (0xff9ff06f) j       pc - 0x8
core   0: 3 0x80013854 (0xff9ff06f)
core   0: 0x8001384c (0x00001f17) auipc   t5, 0x1
core   0: 3 0x8001384c (0x00001f17) x30 0x8001484c
core   0: 0x80013850 (0x7a3f2a23) sw      gp, 1972(t5)
core   0: 3 0x80013850 (0x7a3f2a23) mem 0x80015000 0x00000001
core   0: 0x80013854 (0xff9ff06f) j       pc - 0x8
core   0: 3 0x80013854 (0xff9ff06f)
core   0: 0x8001384c (0x00001f17) auipc   t5, 0x1
core   0: 3 0x8001384c (0x00001f17) x30 0x8001484c
core   0: 0x80013850 (0x7a3f2a23) sw      gp, 1972(t5)
core   0: 3 0x80013850 (0x7a3f2a23) mem 0x80015000 0x00000001
core   0: 0x80013854 (0xff9ff06f) j       pc - 0x8
core   0: 3 0x80013854 (0xff9ff06f)
core   0: 0x8001384c (0x00001f17) auipc   t5, 0x1
core   0: 3 0x8001384c (0x00001f17) x30 0x8001484c
core   0: 0x80013850 (0x7a3f2a23) sw      gp, 1972(t5)
core   0: 3 0x80013850 (0x7a3f2a23) mem 0x80015000 0x00000001
core   0: 0x80013854 (0xff9ff06f) j       pc - 0x8
core   0: 3 0x80013854 (0xff9ff06f)
core   0: 0x8001384c (0x00001f17) auipc   t5, 0x1
core   0: 3 0x8001384c (0x00001f17) x30 0x8001484c
core   0: 0x80013850 (0x7a3f2a23) sw      gp, 1972(t5)
core   0: 3 0x80013850 (0x7a3f2a23) mem 0x80015000 0x00000001
core   0: 0x80013854 (0xff9ff06f) j       pc - 0x8
core   0: 3 0x80013854 (0xff9ff06f)
core   0: 0x8001384c (0x00001f17) auipc   t5, 0x1
core   0: 3 0x8001384c (0x00001f17) x30 0x8001484c
core   0: 0x80013850 (0x7a3f2a23) sw      gp, 1972(t5)
core   0: 3 0x80013850 (0x7a3f2a23) mem 0x80015000 0x00000001
core   0: 0x80013854 (0xff9ff06f) j       pc - 0x8
core   0: 3 0x80013854 (0xff9ff06f)
core   0: 0x8001384c (0x00001f17) auipc   t5, 0x1
core   0: 3 0x8001384c (0x00001f17) x30 0x8001484c
core   0: 0x80013850 (0x7a3f2a23) sw      gp, 1972(t5)
core   0: 3 0x80013850 (0x7a3f2a23) mem 0x80015000 0x00000001
core   0: 0x80013854 (0xff9ff06f) j       pc - 0x8
core   0: 3 0x80013854 (0xff9ff06f)
core   0: 0x8001384c (0x00001f17) auipc   t5, 0x1
core   0: 3 0x8001384c (0x00001f17) x30 0x8001484c
core   0: 0x80013850 (0x7a3f2a23) sw      gp, 1972(t5)
core   0: 3 0x80013850 (0x7a3f2a23) mem 0x80015000 0x00000001
core   0: 0x80013854 (0xff9ff06f) j       pc - 0x8
core   0: 3 0x80013854 (0xff9ff06f)
core   0: 0x8001384c (0x00001f17) auipc   t5, 0x1
core   0: 3 0x8001384c (0x00001f17) x30 0x8001484c
core   0: 0x80013850 (0x7a3f2a23) sw      gp, 1972(t5)
core   0: 3 0x80013850 (0x7a3f2a23) mem 0x80015000 0x00000001
core   0: 0x80013854 (0xff9ff06f) j       pc - 0x8
core   0: 3 0x80013854 (0xff9ff06f)
core   0: 0x8001384c (0x00001f17) auipc   t5, 0x1
core   0: 3 0x8001384c (0x00001f17) x30 0x8001484c
core   0: 0x80013850 (0x7a3f2a23) sw      gp, 1972(t5)
core   0: 3 0x80013850 (0x7a3f2a23) mem 0x80015000 0x00000001
core   0: 0x80013854 (0xff9ff06f) j       pc - 0x8
core   0: 3 0x80013854 (0xff9ff06f)
core   0: 0x8001384c (0x00001f17) auipc   t5, 0x1
core   0: 3 0x8001384c (0x00001f17) x30 0x8001484c
core   0: 0x80013850 (0x7a3f2a23) sw      gp, 1972(t5)
core   0: 3 0x80013850 (0x7a3f2a23) mem 0x80015000 0x00000001
core   0: 0x80013854 (0xff9ff06f) j       pc - 0x8
core   0: 3 0x80013854 (0xff9ff06f)
core   0: 0x8001384c (0x00001f17) auipc   t5, 0x1
core   0: 3 0x8001384c (0x00001f17) x30 0x8001484c
core   0: 0x80013850 (0x7a3f2a23) sw      gp, 1972(t5)
core   0: 3 0x80013850 (0x7a3f2a23) mem 0x80015000 0x00000001
core   0: 0x80013854 (0xff9ff06f) j       pc - 0x8
core   0: 3 0x80013854 (0xff9ff06f)
core   0: 0x8001384c (0x00001f17) auipc   t5, 0x1
core   0: 3 0x8001384c (0x00001f17) x30 0x8001484c
core   0: 0x80013850 (0x7a3f2a23) sw      gp, 1972(t5)
core   0: 3 0x80013850 (0x7a3f2a23) mem 0x80015000 0x00000001
core   0: 0x80013854 (0xff9ff06f) j       pc - 0x8
core   0: 3 0x80013854 (0xff9ff06f)
core   0: 0x8001384c (0x00001f17) auipc   t5, 0x1
core   0: 3 0x8001384c (0x00001f17) x30 0x8001484c
core   0: 0x80013850 (0x7a3f2a23) sw      gp, 1972(t5)
core   0: 3 0x80013850 (0x7a3f2a23) mem 0x80015000 0x00000001
core   0: 0x80013854 (0xff9ff06f) j       pc - 0x8
core   0: 3 0x80013854 (0xff9ff06f)
core   0: 0x8001384c (0x00001f17) auipc   t5, 0x1
core   0: 3 0x8001384c (0x00001f17) x30 0x8001484c
core   0: 0x80013850 (0x7a3f2a23) sw      gp, 1972(t5)
core   0: 3 0x80013850 (0x7a3f2a23) mem 0x80015000 0x00000001
core   0: 0x80013854 (0xff9ff06f) j       pc - 0x8
core   0: 3 0x80013854 (0xff9ff06f)
core   0: 0x8001384c (0x00001f17) auipc   t5, 0x1
core   0: 3 0x8001384c (0x00001f17) x30 0x8001484c
core   0: 0x80013850 (0x7a3f2a23) sw      gp, 1972(t5)
core   0: 3 0x80013850 (0x7a3f2a23) mem 0x80015000 0x00000001
core   0: 0x80013854 (0xff9ff06f) j       pc - 0x8
core   0: 3 0x80013854 (0xff9ff06f)
core   0: 0x8001384c (0x00001f17) auipc   t5, 0x1
core   0: 3 0x8001384c (0x00001f17) x30 0x8001484c
core   0: 0x80013850 (0x7a3f2a23) sw      gp, 1972(t5)
core   0: 3 0x80013850 (0x7a3f2a23) mem 0x80015000 0x00000001
core   0: 0x80013854 (0xff9ff06f) j       pc - 0x8
core   0: 3 0x80013854 (0xff9ff06f)
core   0: 0x8001384c (0x00001f17) auipc   t5, 0x1
core   0: 3 0x8001384c (0x00001f17) x30 0x8001484c
core   0: 0x80013850 (0x7a3f2a23) sw      gp, 1972(t5)
core   0: 3 0x80013850 (0x7a3f2a23) mem 0x80015000 0x00000001
core   0: 0x80013854 (0xff9ff06f) j       pc - 0x8
core   0: 3 0x80013854 (0xff9ff06f)
core   0: 0x8001384c (0x00001f17) auipc   t5, 0x1
core   0: 3 0x8001384c (0x00001f17) x30 0x8001484c
core   0: 0x80013850 (0x7a3f2a23) sw      gp, 1972(t5)
core   0: 3 0x80013850 (0x7a3f2a23) mem 0x80015000 0x00000001
core   0: 0x80013854 (0xff9ff06f) j       pc - 0x8
core   0: 3 0x80013854 (0xff9ff06f)
core   0: 0x8001384c (0x00001f17) auipc   t5, 0x1
core   0: 3 0x8001384c (0x00001f17) x30 0x8001484c
core   0: 0x80013850 (0x7a3f2a23) sw      gp, 1972(t5)
core   0: 3 0x80013850 (0x7a3f2a23) mem 0x80015000 0x00000001
core   0: 0x80013854 (0xff9ff06f) j       pc - 0x8
core   0: 3 0x80013854 (0xff9ff06f)
core   0: 0x8001384c (0x00001f17) auipc   t5, 0x1
core   0: 3 0x8001384c (0x00001f17) x30 0x8001484c
core   0: 0x80013850 (0x7a3f2a23) sw      gp, 1972(t5)
core   0: 3 0x80013850 (0x7a3f2a23) mem 0x80015000 0x00000001
core   0: 0x80013854 (0xff9ff06f) j       pc - 0x8
core   0: 3 0x80013854 (0xff9ff06f)
core   0: 0x8001384c (0x00001f17) auipc   t5, 0x1
core   0: 3 0x8001384c (0x00001f17) x30 0x8001484c
core   0: 0x80013850 (0x7a3f2a23) sw      gp, 1972(t5)
core   0: 3 0x80013850 (0x7a3f2a23) mem 0x80015000 0x00000001
core   0: 0x80013854 (0xff9ff06f) j       pc - 0x8
core   0: 3 0x80013854 (0xff9ff06f)
core   0: 0x8001384c (0x00001f17) auipc   t5, 0x1
core   0: 3 0x8001384c (0x00001f17) x30 0x8001484c
core   0: 0x80013850 (0x7a3f2a23) sw      gp, 1972(t5)
core   0: 3 0x80013850 (0x7a3f2a23) mem 0x80015000 0x00000001
core   0: 0x80013854 (0xff9ff06f) j       pc - 0x8
core   0: 3 0x80013854 (0xff9ff06f)
core   0: 0x8001384c (0x00001f17) auipc   t5, 0x1
core   0: 3 0x8001384c (0x00001f17) x30 0x8001484c
core   0: 0x80013850 (0x7a3f2a23) sw      gp, 1972(t5)
core   0: 3 0x80013850 (0x7a3f2a23) mem 0x80015000 0x00000001
core   0: 0x80013854 (0xff9ff06f) j       pc - 0x8
core   0: 3 0x80013854 (0xff9ff06f)
core   0: 0x8001384c (0x00001f17) auipc   t5, 0x1
core   0: 3 0x8001384c (0x00001f17) x30 0x8001484c
core   0: 0x80013850 (0x7a3f2a23) sw      gp, 1972(t5)
core   0: 3 0x80013850 (0x7a3f2a23) mem 0x80015000 0x00000001
core   0: 0x80013854 (0xff9ff06f) j       pc - 0x8
core   0: 3 0x80013854 (0xff9ff06f)
core   0: 0x8001384c (0x00001f17) auipc   t5, 0x1
core   0: 3 0x8001384c (0x00001f17) x30 0x8001484c
core   0: 0x80013850 (0x7a3f2a23) sw      gp, 1972(t5)
core   0: 3 0x80013850 (0x7a3f2a23) mem 0x80015000 0x00000001
core   0: 0x80013854 (0xff9ff06f) j       pc - 0x8
core   0: 3 0x80013854 (0xff9ff06f)
core   0: 0x8001384c (0x00001f17) auipc   t5, 0x1
core   0: 3 0x8001384c (0x00001f17) x30 0x8001484c
core   0: 0x80013850 (0x7a3f2a23) sw      gp, 1972(t5)
core   0: 3 0x80013850 (0x7a3f2a23) mem 0x80015000 0x00000001
core   0: 0x80013854 (0xff9ff06f) j       pc - 0x8
core   0: 3 0x80013854 (0xff9ff06f)
core   0: 0x8001384c (0x00001f17) auipc   t5, 0x1
core   0: 3 0x8001384c (0x00001f17) x30 0x8001484c
core   0: 0x80013850 (0x7a3f2a23) sw      gp, 1972(t5)
core   0: 3 0x80013850 (0x7a3f2a23) mem 0x80015000 0x00000001
core   0: 0x80013854 (0xff9ff06f) j       pc - 0x8
core   0: 3 0x80013854 (0xff9ff06f)
core   0: 0x8001384c (0x00001f17) auipc   t5, 0x1
core   0: 3 0x8001384c (0x00001f17) x30 0x8001484c
core   0: 0x80013850 (0x7a3f2a23) sw      gp, 1972(t5)
core   0: 3 0x80013850 (0x7a3f2a23) mem 0x80015000 0x00000001
core   0: 0x80013854 (0xff9ff06f) j       pc - 0x8
core   0: 3 0x80013854 (0xff9ff06f)
core   0: 0x8001384c (0x00001f17) auipc   t5, 0x1
core   0: 3 0x8001384c (0x00001f17) x30 0x8001484c
core   0: 0x80013850 (0x7a3f2a23) sw      gp, 1972(t5)
core   0: 3 0x80013850 (0x7a3f2a23) mem 0x80015000 0x00000001
core   0: 0x80013854 (0xff9ff06f) j       pc - 0x8
core   0: 3 0x80013854 (0xff9ff06f)
core   0: 0x8001384c (0x00001f17) auipc   t5, 0x1
core   0: 3 0x8001384c (0x00001f17) x30 0x8001484c
core   0: 0x80013850 (0x7a3f2a23) sw      gp, 1972(t5)
core   0: 3 0x80013850 (0x7a3f2a23) mem 0x80015000 0x00000001
core   0: 0x80013854 (0xff9ff06f) j       pc - 0x8
core   0: 3 0x80013854 (0xff9ff06f)
core   0: 0x8001384c (0x00001f17) auipc   t5, 0x1
core   0: 3 0x8001384c (0x00001f17) x30 0x8001484c
core   0: 0x80013850 (0x7a3f2a23) sw      gp, 1972(t5)
core   0: 3 0x80013850 (0x7a3f2a23) mem 0x80015000 0x00000001
core   0: 0x80013854 (0xff9ff06f) j       pc - 0x8
core   0: 3 0x80013854 (0xff9ff06f)
core   0: 0x8001384c (0x00001f17) auipc   t5, 0x1
core   0: 3 0x8001384c (0x00001f17) x30 0x8001484c
core   0: 0x80013850 (0x7a3f2a23) sw      gp, 1972(t5)
core   0: 3 0x80013850 (0x7a3f2a23) mem 0x80015000 0x00000001
core   0: 0x80013854 (0xff9ff06f) j       pc - 0x8
core   0: 3 0x80013854 (0xff9ff06f)
core   0: 0x8001384c (0x00001f17) auipc   t5, 0x1
core   0: 3 0x8001384c (0x00001f17) x30 0x8001484c
core   0: 0x80013850 (0x7a3f2a23) sw      gp, 1972(t5)
core   0: 3 0x80013850 (0x7a3f2a23) mem 0x80015000 0x00000001
core   0: 0x80013854 (0xff9ff06f) j       pc - 0x8
core   0: 3 0x80013854 (0xff9ff06f)
core   0: 0x8001384c (0x00001f17) auipc   t5, 0x1
core   0: 3 0x8001384c (0x00001f17) x30 0x8001484c
core   0: 0x80013850 (0x7a3f2a23) sw      gp, 1972(t5)
core   0: 3 0x80013850 (0x7a3f2a23) mem 0x80015000 0x00000001
core   0: 0x80013854 (0xff9ff06f) j       pc - 0x8
core   0: 3 0x80013854 (0xff9ff06f)
core   0: 0x8001384c (0x00001f17) auipc   t5, 0x1
core   0: 3 0x8001384c (0x00001f17) x30 0x8001484c
core   0: 0x80013850 (0x7a3f2a23) sw      gp, 1972(t5)
core   0: 3 0x80013850 (0x7a3f2a23) mem 0x80015000 0x00000001
core   0: 0x80013854 (0xff9ff06f) j       pc - 0x8
core   0: 3 0x80013854 (0xff9ff06f)
core   0: 0x8001384c (0x00001f17) auipc   t5, 0x1
core   0: 3 0x8001384c (0x00001f17) x30 0x8001484c
core   0: 0x80013850 (0x7a3f2a23) sw      gp, 1972(t5)
core   0: 3 0x80013850 (0x7a3f2a23) mem 0x80015000 0x00000001
core   0: 0x80013854 (0xff9ff06f) j       pc - 0x8
core   0: 3 0x80013854 (0xff9ff06f)
core   0: 0x8001384c (0x00001f17) auipc   t5, 0x1
core   0: 3 0x8001384c (0x00001f17) x30 0x8001484c
core   0: 0x80013850 (0x7a3f2a23) sw      gp, 1972(t5)
core   0: 3 0x80013850 (0x7a3f2a23) mem 0x80015000 0x00000001
core   0: 0x80013854 (0xff9ff06f) j       pc - 0x8
core   0: 3 0x80013854 (0xff9ff06f)
core   0: 0x8001384c (0x00001f17) auipc   t5, 0x1
core   0: 3 0x8001384c (0x00001f17) x30 0x8001484c
core   0: 0x80013850 (0x7a3f2a23) sw      gp, 1972(t5)
core   0: 3 0x80013850 (0x7a3f2a23) mem 0x80015000 0x00000001
core   0: 0x80013854 (0xff9ff06f) j       pc - 0x8
core   0: 3 0x80013854 (0xff9ff06f)
core   0: 0x8001384c (0x00001f17) auipc   t5, 0x1
core   0: 3 0x8001384c (0x00001f17) x30 0x8001484c
core   0: 0x80013850 (0x7a3f2a23) sw      gp, 1972(t5)
core   0: 3 0x80013850 (0x7a3f2a23) mem 0x80015000 0x00000001
core   0: 0x80013854 (0xff9ff06f) j       pc - 0x8
core   0: 3 0x80013854 (0xff9ff06f)
core   0: 0x8001384c (0x00001f17) auipc   t5, 0x1
core   0: 3 0x8001384c (0x00001f17) x30 0x8001484c
core   0: 0x80013850 (0x7a3f2a23) sw      gp, 1972(t5)
core   0: 3 0x80013850 (0x7a3f2a23) mem 0x80015000 0x00000001
core   0: 0x80013854 (0xff9ff06f) j       pc - 0x8
core   0: 3 0x80013854 (0xff9ff06f)
core   0: 0x8001384c (0x00001f17) auipc   t5, 0x1
core   0: 3 0x8001384c (0x00001f17) x30 0x8001484c
core   0: 0x80013850 (0x7a3f2a23) sw      gp, 1972(t5)
core   0: 3 0x80013850 (0x7a3f2a23) mem 0x80015000 0x00000001
core   0: 0x80013854 (0xff9ff06f) j       pc - 0x8
core   0: 3 0x80013854 (0xff9ff06f)
core   0: 0x8001384c (0x00001f17) auipc   t5, 0x1
core   0: 3 0x8001384c (0x00001f17) x30 0x8001484c
core   0: 0x80013850 (0x7a3f2a23) sw      gp, 1972(t5)
core   0: 3 0x80013850 (0x7a3f2a23) mem 0x80015000 0x00000001
core   0: 0x80013854 (0xff9ff06f) j       pc - 0x8
core   0: 3 0x80013854 (0xff9ff06f)
core   0: 0x8001384c (0x00001f17) auipc   t5, 0x1
core   0: 3 0x8001384c (0x00001f17) x30 0x8001484c
core   0: 0x80013850 (0x7a3f2a23) sw      gp, 1972(t5)
core   0: 3 0x80013850 (0x7a3f2a23) mem 0x80015000 0x00000001
core   0: 0x80013854 (0xff9ff06f) j       pc - 0x8
core   0: 3 0x80013854 (0xff9ff06f)
core   0: 0x8001384c (0x00001f17) auipc   t5, 0x1
core   0: 3 0x8001384c (0x00001f17) x30 0x8001484c
core   0: 0x80013850 (0x7a3f2a23) sw      gp, 1972(t5)
core   0: 3 0x80013850 (0x7a3f2a23) mem 0x80015000 0x00000001
core   0: 0x80013854 (0xff9ff06f) j       pc - 0x8
core   0: 3 0x80013854 (0xff9ff06f)
core   0: 0x8001384c (0x00001f17) auipc   t5, 0x1
core   0: 3 0x8001384c (0x00001f17) x30 0x8001484c
core   0: 0x80013850 (0x7a3f2a23) sw      gp, 1972(t5)
core   0: 3 0x80013850 (0x7a3f2a23) mem 0x80015000 0x00000001
core   0: 0x80013854 (0xff9ff06f) j       pc - 0x8
core   0: 3 0x80013854 (0xff9ff06f)
core   0: 0x8001384c (0x00001f17) auipc   t5, 0x1
core   0: 3 0x8001384c (0x00001f17) x30 0x8001484c
core   0: 0x80013850 (0x7a3f2a23) sw      gp, 1972(t5)
core   0: 3 0x80013850 (0x7a3f2a23) mem 0x80015000 0x00000001
core   0: 0x80013854 (0xff9ff06f) j       pc - 0x8
core   0: 3 0x80013854 (0xff9ff06f)
core   0: 0x8001384c (0x00001f17) auipc   t5, 0x1
core   0: 3 0x8001384c (0x00001f17) x30 0x8001484c
core   0: 0x80013850 (0x7a3f2a23) sw      gp, 1972(t5)
core   0: 3 0x80013850 (0x7a3f2a23) mem 0x80015000 0x00000001
core   0: 0x80013854 (0xff9ff06f) j       pc - 0x8
core   0: 3 0x80013854 (0xff9ff06f)
core   0: 0x8001384c (0x00001f17) auipc   t5, 0x1
core   0: 3 0x8001384c (0x00001f17) x30 0x8001484c
core   0: 0x80013850 (0x7a3f2a23) sw      gp, 1972(t5)
core   0: 3 0x80013850 (0x7a3f2a23) mem 0x80015000 0x00000001
core   0: 0x80013854 (0xff9ff06f) j       pc - 0x8
core   0: 3 0x80013854 (0xff9ff06f)
core   0: 0x8001384c (0x00001f17) auipc   t5, 0x1
core   0: 3 0x8001384c (0x00001f17) x30 0x8001484c
core   0: 0x80013850 (0x7a3f2a23) sw      gp, 1972(t5)
core   0: 3 0x80013850 (0x7a3f2a23) mem 0x80015000 0x00000001
core   0: 0x80013854 (0xff9ff06f) j       pc - 0x8
core   0: 3 0x80013854 (0xff9ff06f)
core   0: 0x8001384c (0x00001f17) auipc   t5, 0x1
core   0: 3 0x8001384c (0x00001f17) x30 0x8001484c
core   0: 0x80013850 (0x7a3f2a23) sw      gp, 1972(t5)
core   0: 3 0x80013850 (0x7a3f2a23) mem 0x80015000 0x00000001
core   0: 0x80013854 (0xff9ff06f) j       pc - 0x8
core   0: 3 0x80013854 (0xff9ff06f)
core   0: 0x8001384c (0x00001f17) auipc   t5, 0x1
core   0: 3 0x8001384c (0x00001f17) x30 0x8001484c
core   0: 0x80013850 (0x7a3f2a23) sw      gp, 1972(t5)
core   0: 3 0x80013850 (0x7a3f2a23) mem 0x80015000 0x00000001
core   0: 0x80013854 (0xff9ff06f) j       pc - 0x8
core   0: 3 0x80013854 (0xff9ff06f)
core   0: 0x8001384c (0x00001f17) auipc   t5, 0x1
core   0: 3 0x8001384c (0x00001f17) x30 0x8001484c
core   0: 0x80013850 (0x7a3f2a23) sw      gp, 1972(t5)
core   0: 3 0x80013850 (0x7a3f2a23) mem 0x80015000 0x00000001
core   0: 0x80013854 (0xff9ff06f) j       pc - 0x8
core   0: 3 0x80013854 (0xff9ff06f)
core   0: 0x8001384c (0x00001f17) auipc   t5, 0x1
core   0: 3 0x8001384c (0x00001f17) x30 0x8001484c
core   0: 0x80013850 (0x7a3f2a23) sw      gp, 1972(t5)
core   0: 3 0x80013850 (0x7a3f2a23) mem 0x80015000 0x00000001
core   0: 0x80013854 (0xff9ff06f) j       pc - 0x8
core   0: 3 0x80013854 (0xff9ff06f)
core   0: 0x8001384c (0x00001f17) auipc   t5, 0x1
core   0: 3 0x8001384c (0x00001f17) x30 0x8001484c
core   0: 0x80013850 (0x7a3f2a23) sw      gp, 1972(t5)
core   0: 3 0x80013850 (0x7a3f2a23) mem 0x80015000 0x00000001
core   0: 0x80013854 (0xff9ff06f) j       pc - 0x8
core   0: 3 0x80013854 (0xff9ff06f)
core   0: 0x8001384c (0x00001f17) auipc   t5, 0x1
core   0: 3 0x8001384c (0x00001f17) x30 0x8001484c
core   0: 0x80013850 (0x7a3f2a23) sw      gp, 1972(t5)
core   0: 3 0x80013850 (0x7a3f2a23) mem 0x80015000 0x00000001
core   0: 0x80013854 (0xff9ff06f) j       pc - 0x8
core   0: 3 0x80013854 (0xff9ff06f)
core   0: 0x8001384c (0x00001f17) auipc   t5, 0x1
core   0: 3 0x8001384c (0x00001f17) x30 0x8001484c
core   0: 0x80013850 (0x7a3f2a23) sw      gp, 1972(t5)
core   0: 3 0x80013850 (0x7a3f2a23) mem 0x80015000 0x00000001
core   0: 0x80013854 (0xff9ff06f) j       pc - 0x8
core   0: 3 0x80013854 (0xff9ff06f)
core   0: 0x8001384c (0x00001f17) auipc   t5, 0x1
core   0: 3 0x8001384c (0x00001f17) x30 0x8001484c
core   0: 0x80013850 (0x7a3f2a23) sw      gp, 1972(t5)
core   0: 3 0x80013850 (0x7a3f2a23) mem 0x80015000 0x00000001
core   0: 0x80013854 (0xff9ff06f) j       pc - 0x8
core   0: 3 0x80013854 (0xff9ff06f)
core   0: 0x8001384c (0x00001f17) auipc   t5, 0x1
core   0: 3 0x8001384c (0x00001f17) x30 0x8001484c
core   0: 0x80013850 (0x7a3f2a23) sw      gp, 1972(t5)
core   0: 3 0x80013850 (0x7a3f2a23) mem 0x80015000 0x00000001
core   0: 0x80013854 (0xff9ff06f) j       pc - 0x8
core   0: 3 0x80013854 (0xff9ff06f)
core   0: 0x8001384c (0x00001f17) auipc   t5, 0x1
core   0: 3 0x8001384c (0x00001f17) x30 0x8001484c
core   0: 0x80013850 (0x7a3f2a23) sw      gp, 1972(t5)
core   0: 3 0x80013850 (0x7a3f2a23) mem 0x80015000 0x00000001
core   0: 0x80013854 (0xff9ff06f) j       pc - 0x8
core   0: 3 0x80013854 (0xff9ff06f)
core   0: 0x8001384c (0x00001f17) auipc   t5, 0x1
core   0: 3 0x8001384c (0x00001f17) x30 0x8001484c
core   0: 0x80013850 (0x7a3f2a23) sw      gp, 1972(t5)
core   0: 3 0x80013850 (0x7a3f2a23) mem 0x80015000 0x00000001
core   0: 0x80013854 (0xff9ff06f) j       pc - 0x8
core   0: 3 0x80013854 (0xff9ff06f)
core   0: 0x8001384c (0x00001f17) auipc   t5, 0x1
core   0: 3 0x8001384c (0x00001f17) x30 0x8001484c
core   0: 0x80013850 (0x7a3f2a23) sw      gp, 1972(t5)
core   0: 3 0x80013850 (0x7a3f2a23) mem 0x80015000 0x00000001
core   0: 0x80013854 (0xff9ff06f) j       pc - 0x8
core   0: 3 0x80013854 (0xff9ff06f)
core   0: 0x8001384c (0x00001f17) auipc   t5, 0x1
core   0: 3 0x8001384c (0x00001f17) x30 0x8001484c
core   0: 0x80013850 (0x7a3f2a23) sw      gp, 1972(t5)
core   0: 3 0x80013850 (0x7a3f2a23) mem 0x80015000 0x00000001
core   0: 0x80013854 (0xff9ff06f) j       pc - 0x8
core   0: 3 0x80013854 (0xff9ff06f)
core   0: 0x8001384c (0x00001f17) auipc   t5, 0x1
core   0: 3 0x8001384c (0x00001f17) x30 0x8001484c
core   0: 0x80013850 (0x7a3f2a23) sw      gp, 1972(t5)
core   0: 3 0x80013850 (0x7a3f2a23) mem 0x80015000 0x00000001
core   0: 0x80013854 (0xff9ff06f) j       pc - 0x8
core   0: 3 0x80013854 (0xff9ff06f)
core   0: 0x8001384c (0x00001f17) auipc   t5, 0x1
core   0: 3 0x8001384c (0x00001f17) x30 0x8001484c
core   0: 0x80013850 (0x7a3f2a23) sw      gp, 1972(t5)
core   0: 3 0x80013850 (0x7a3f2a23) mem 0x80015000 0x00000001
core   0: 0x80013854 (0xff9ff06f) j       pc - 0x8
core   0: 3 0x80013854 (0xff9ff06f)
core   0: 0x8001384c (0x00001f17) auipc   t5, 0x1
core   0: 3 0x8001384c (0x00001f17) x30 0x8001484c
core   0: 0x80013850 (0x7a3f2a23) sw      gp, 1972(t5)
core   0: 3 0x80013850 (0x7a3f2a23) mem 0x80015000 0x00000001
core   0: 0x80013854 (0xff9ff06f) j       pc - 0x8
core   0: 3 0x80013854 (0xff9ff06f)
core   0: 0x8001384c (0x00001f17) auipc   t5, 0x1
core   0: 3 0x8001384c (0x00001f17) x30 0x8001484c
core   0: 0x80013850 (0x7a3f2a23) sw      gp, 1972(t5)
core   0: 3 0x80013850 (0x7a3f2a23) mem 0x80015000 0x00000001
core   0: 0x80013854 (0xff9ff06f) j       pc - 0x8
core   0: 3 0x80013854 (0xff9ff06f)
core   0: 0x8001384c (0x00001f17) auipc   t5, 0x1
core   0: 3 0x8001384c (0x00001f17) x30 0x8001484c
core   0: 0x80013850 (0x7a3f2a23) sw      gp, 1972(t5)
core   0: 3 0x80013850 (0x7a3f2a23) mem 0x80015000 0x00000001
core   0: 0x80013854 (0xff9ff06f) j       pc - 0x8
core   0: 3 0x80013854 (0xff9ff06f)
core   0: 0x8001384c (0x00001f17) auipc   t5, 0x1
core   0: 3 0x8001384c (0x00001f17) x30 0x8001484c
core   0: 0x80013850 (0x7a3f2a23) sw      gp, 1972(t5)
core   0: 3 0x80013850 (0x7a3f2a23) mem 0x80015000 0x00000001
core   0: 0x80013854 (0xff9ff06f) j       pc - 0x8
core   0: 3 0x80013854 (0xff9ff06f)
core   0: 0x8001384c (0x00001f17) auipc   t5, 0x1
core   0: 3 0x8001384c (0x00001f17) x30 0x8001484c
core   0: 0x80013850 (0x7a3f2a23) sw      gp, 1972(t5)
core   0: 3 0x80013850 (0x7a3f2a23) mem 0x80015000 0x00000001
core   0: 0x80013854 (0xff9ff06f) j       pc - 0x8
core   0: 3 0x80013854 (0xff9ff06f)
core   0: 0x8001384c (0x00001f17) auipc   t5, 0x1
core   0: 3 0x8001384c (0x00001f17) x30 0x8001484c
core   0: 0x80013850 (0x7a3f2a23) sw      gp, 1972(t5)
core   0: 3 0x80013850 (0x7a3f2a23) mem 0x80015000 0x00000001
core   0: 0x80013854 (0xff9ff06f) j       pc - 0x8
core   0: 3 0x80013854 (0xff9ff06f)
core   0: 0x8001384c (0x00001f17) auipc   t5, 0x1
core   0: 3 0x8001384c (0x00001f17) x30 0x8001484c
core   0: 0x80013850 (0x7a3f2a23) sw      gp, 1972(t5)
core   0: 3 0x80013850 (0x7a3f2a23) mem 0x80015000 0x00000001
core   0: 0x80013854 (0xff9ff06f) j       pc - 0x8
core   0: 3 0x80013854 (0xff9ff06f)
core   0: 0x8001384c (0x00001f17) auipc   t5, 0x1
core   0: 3 0x8001384c (0x00001f17) x30 0x8001484c
core   0: 0x80013850 (0x7a3f2a23) sw      gp, 1972(t5)
core   0: 3 0x80013850 (0x7a3f2a23) mem 0x80015000 0x00000001
core   0: 0x80013854 (0xff9ff06f) j       pc - 0x8
core   0: 3 0x80013854 (0xff9ff06f)
core   0: 0x8001384c (0x00001f17) auipc   t5, 0x1
core   0: 3 0x8001384c (0x00001f17) x30 0x8001484c
core   0: 0x80013850 (0x7a3f2a23) sw      gp, 1972(t5)
core   0: 3 0x80013850 (0x7a3f2a23) mem 0x80015000 0x00000001
core   0: 0x80013854 (0xff9ff06f) j       pc - 0x8
core   0: 3 0x80013854 (0xff9ff06f)
core   0: 0x8001384c (0x00001f17) auipc   t5, 0x1
core   0: 3 0x8001384c (0x00001f17) x30 0x8001484c
core   0: 0x80013850 (0x7a3f2a23) sw      gp, 1972(t5)
core   0: 3 0x80013850 (0x7a3f2a23) mem 0x80015000 0x00000001
core   0: 0x80013854 (0xff9ff06f) j       pc - 0x8
core   0: 3 0x80013854 (0xff9ff06f)
core   0: 0x8001384c (0x00001f17) auipc   t5, 0x1
core   0: 3 0x8001384c (0x00001f17) x30 0x8001484c
core   0: 0x80013850 (0x7a3f2a23) sw      gp, 1972(t5)
core   0: 3 0x80013850 (0x7a3f2a23) mem 0x80015000 0x00000001
core   0: 0x80013854 (0xff9ff06f) j       pc - 0x8
core   0: 3 0x80013854 (0xff9ff06f)
core   0: 0x8001384c (0x00001f17) auipc   t5, 0x1
core   0: 3 0x8001384c (0x00001f17) x30 0x8001484c
core   0: 0x80013850 (0x7a3f2a23) sw      gp, 1972(t5)
core   0: 3 0x80013850 (0x7a3f2a23) mem 0x80015000 0x00000001
core   0: 0x80013854 (0xff9ff06f) j       pc - 0x8
core   0: 3 0x80013854 (0xff9ff06f)
core   0: 0x8001384c (0x00001f17) auipc   t5, 0x1
core   0: 3 0x8001384c (0x00001f17) x30 0x8001484c
core   0: 0x80013850 (0x7a3f2a23) sw      gp, 1972(t5)
core   0: 3 0x80013850 (0x7a3f2a23) mem 0x80015000 0x00000001
core   0: 0x80013854 (0xff9ff06f) j       pc - 0x8
core   0: 3 0x80013854 (0xff9ff06f)
core   0: 0x8001384c (0x00001f17) auipc   t5, 0x1
core   0: 3 0x8001384c (0x00001f17) x30 0x8001484c
core   0: 0x80013850 (0x7a3f2a23) sw      gp, 1972(t5)
core   0: 3 0x80013850 (0x7a3f2a23) mem 0x80015000 0x00000001
core   0: 0x80013854 (0xff9ff06f) j       pc - 0x8
core   0: 3 0x80013854 (0xff9ff06f)
core   0: 0x8001384c (0x00001f17) auipc   t5, 0x1
core   0: 3 0x8001384c (0x00001f17) x30 0x8001484c
core   0: 0x80013850 (0x7a3f2a23) sw      gp, 1972(t5)
core   0: 3 0x80013850 (0x7a3f2a23) mem 0x80015000 0x00000001
core   0: 0x80013854 (0xff9ff06f) j       pc - 0x8
core   0: 3 0x80013854 (0xff9ff06f)
core   0: 0x8001384c (0x00001f17) auipc   t5, 0x1
core   0: 3 0x8001384c (0x00001f17) x30 0x8001484c
core   0: 0x80013850 (0x7a3f2a23) sw      gp, 1972(t5)
core   0: 3 0x80013850 (0x7a3f2a23) mem 0x80015000 0x00000001
core   0: 0x80013854 (0xff9ff06f) j       pc - 0x8
core   0: 3 0x80013854 (0xff9ff06f)
core   0: 0x8001384c (0x00001f17) auipc   t5, 0x1
core   0: 3 0x8001384c (0x00001f17) x30 0x8001484c
core   0: 0x80013850 (0x7a3f2a23) sw      gp, 1972(t5)
core   0: 3 0x80013850 (0x7a3f2a23) mem 0x80015000 0x00000001
core   0: 0x80013854 (0xff9ff06f) j       pc - 0x8
core   0: 3 0x80013854 (0xff9ff06f)
core   0: 0x8001384c (0x00001f17) auipc   t5, 0x1
core   0: 3 0x8001384c (0x00001f17) x30 0x8001484c
core   0: 0x80013850 (0x7a3f2a23) sw      gp, 1972(t5)
core   0: 3 0x80013850 (0x7a3f2a23) mem 0x80015000 0x00000001
core   0: 0x80013854 (0xff9ff06f) j       pc - 0x8
core   0: 3 0x80013854 (0xff9ff06f)
core   0: 0x8001384c (0x00001f17) auipc   t5, 0x1
core   0: 3 0x8001384c (0x00001f17) x30 0x8001484c
core   0: 0x80013850 (0x7a3f2a23) sw      gp, 1972(t5)
core   0: 3 0x80013850 (0x7a3f2a23) mem 0x80015000 0x00000001
core   0: 0x80013854 (0xff9ff06f) j       pc - 0x8
core   0: 3 0x80013854 (0xff9ff06f)
core   0: 0x8001384c (0x00001f17) auipc   t5, 0x1
core   0: 3 0x8001384c (0x00001f17) x30 0x8001484c
core   0: 0x80013850 (0x7a3f2a23) sw      gp, 1972(t5)
core   0: 3 0x80013850 (0x7a3f2a23) mem 0x80015000 0x00000001
core   0: 0x80013854 (0xff9ff06f) j       pc - 0x8
core   0: 3 0x80013854 (0xff9ff06f)
core   0: 0x8001384c (0x00001f17) auipc   t5, 0x1
core   0: 3 0x8001384c (0x00001f17) x30 0x8001484c
core   0: 0x80013850 (0x7a3f2a23) sw      gp, 1972(t5)
core   0: 3 0x80013850 (0x7a3f2a23) mem 0x80015000 0x00000001
core   0: 0x80013854 (0xff9ff06f) j       pc - 0x8
core   0: 3 0x80013854 (0xff9ff06f)
core   0: 0x8001384c (0x00001f17) auipc   t5, 0x1
core   0: 3 0x8001384c (0x00001f17) x30 0x8001484c
core   0: 0x80013850 (0x7a3f2a23) sw      gp, 1972(t5)
core   0: 3 0x80013850 (0x7a3f2a23) mem 0x80015000 0x00000001
core   0: 0x80013854 (0xff9ff06f) j       pc - 0x8
core   0: 3 0x80013854 (0xff9ff06f)
core   0: 0x8001384c (0x00001f17) auipc   t5, 0x1
core   0: 3 0x8001384c (0x00001f17) x30 0x8001484c
core   0: 0x80013850 (0x7a3f2a23) sw      gp, 1972(t5)
core   0: 3 0x80013850 (0x7a3f2a23) mem 0x80015000 0x00000001
core   0: 0x80013854 (0xff9ff06f) j       pc - 0x8
core   0: 3 0x80013854 (0xff9ff06f)
core   0: 0x8001384c (0x00001f17) auipc   t5, 0x1
core   0: 3 0x8001384c (0x00001f17) x30 0x8001484c
core   0: 0x80013850 (0x7a3f2a23) sw      gp, 1972(t5)
core   0: 3 0x80013850 (0x7a3f2a23) mem 0x80015000 0x00000001
core   0: 0x80013854 (0xff9ff06f) j       pc - 0x8
core   0: 3 0x80013854 (0xff9ff06f)
core   0: 0x8001384c (0x00001f17) auipc   t5, 0x1
core   0: 3 0x8001384c (0x00001f17) x30 0x8001484c
core   0: 0x80013850 (0x7a3f2a23) sw      gp, 1972(t5)
core   0: 3 0x80013850 (0x7a3f2a23) mem 0x80015000 0x00000001
core   0: 0x80013854 (0xff9ff06f) j       pc - 0x8
core   0: 3 0x80013854 (0xff9ff06f)
core   0: 0x8001384c (0x00001f17) auipc   t5, 0x1
core   0: 3 0x8001384c (0x00001f17) x30 0x8001484c
core   0: 0x80013850 (0x7a3f2a23) sw      gp, 1972(t5)
core   0: 3 0x80013850 (0x7a3f2a23) mem 0x80015000 0x00000001
core   0: 0x80013854 (0xff9ff06f) j       pc - 0x8
core   0: 3 0x80013854 (0xff9ff06f)
core   0: 0x8001384c (0x00001f17) auipc   t5, 0x1
core   0: 3 0x8001384c (0x00001f17) x30 0x8001484c
core   0: 0x80013850 (0x7a3f2a23) sw      gp, 1972(t5)
core   0: 3 0x80013850 (0x7a3f2a23) mem 0x80015000 0x00000001
core   0: 0x80013854 (0xff9ff06f) j       pc - 0x8
core   0: 3 0x80013854 (0xff9ff06f)
core   0: 0x8001384c (0x00001f17) auipc   t5, 0x1
core   0: 3 0x8001384c (0x00001f17) x30 0x8001484c
core   0: 0x80013850 (0x7a3f2a23) sw      gp, 1972(t5)
core   0: 3 0x80013850 (0x7a3f2a23) mem 0x80015000 0x00000001
core   0: 0x80013854 (0xff9ff06f) j       pc - 0x8
core   0: 3 0x80013854 (0xff9ff06f)
core   0: 0x8001384c (0x00001f17) auipc   t5, 0x1
core   0: 3 0x8001384c (0x00001f17) x30 0x8001484c
core   0: 0x80013850 (0x7a3f2a23) sw      gp, 1972(t5)
core   0: 3 0x80013850 (0x7a3f2a23) mem 0x80015000 0x00000001
core   0: 0x80013854 (0xff9ff06f) j       pc - 0x8
core   0: 3 0x80013854 (0xff9ff06f)
core   0: 0x8001384c (0x00001f17) auipc   t5, 0x1
core   0: 3 0x8001384c (0x00001f17) x30 0x8001484c
core   0: 0x80013850 (0x7a3f2a23) sw      gp, 1972(t5)
core   0: 3 0x80013850 (0x7a3f2a23) mem 0x80015000 0x00000001
core   0: 0x80013854 (0xff9ff06f) j       pc - 0x8
core   0: 3 0x80013854 (0xff9ff06f)
core   0: 0x8001384c (0x00001f17) auipc   t5, 0x1
core   0: 3 0x8001384c (0x00001f17) x30 0x8001484c
core   0: 0x80013850 (0x7a3f2a23) sw      gp, 1972(t5)
core   0: 3 0x80013850 (0x7a3f2a23) mem 0x80015000 0x00000001
core   0: 0x80013854 (0xff9ff06f) j       pc - 0x8
core   0: 3 0x80013854 (0xff9ff06f)
core   0: 0x8001384c (0x00001f17) auipc   t5, 0x1
core   0: 3 0x8001384c (0x00001f17) x30 0x8001484c
core   0: 0x80013850 (0x7a3f2a23) sw      gp, 1972(t5)
core   0: 3 0x80013850 (0x7a3f2a23) mem 0x80015000 0x00000001
core   0: 0x80013854 (0xff9ff06f) j       pc - 0x8
core   0: 3 0x80013854 (0xff9ff06f)
core   0: 0x8001384c (0x00001f17) auipc   t5, 0x1
core   0: 3 0x8001384c (0x00001f17) x30 0x8001484c
core   0: 0x80013850 (0x7a3f2a23) sw      gp, 1972(t5)
core   0: 3 0x80013850 (0x7a3f2a23) mem 0x80015000 0x00000001
core   0: 0x80013854 (0xff9ff06f) j       pc - 0x8
core   0: 3 0x80013854 (0xff9ff06f)
core   0: 0x8001384c (0x00001f17) auipc   t5, 0x1
core   0: 3 0x8001384c (0x00001f17) x30 0x8001484c
core   0: 0x80013850 (0x7a3f2a23) sw      gp, 1972(t5)
core   0: 3 0x80013850 (0x7a3f2a23) mem 0x80015000 0x00000001
core   0: 0x80013854 (0xff9ff06f) j       pc - 0x8
core   0: 3 0x80013854 (0xff9ff06f)
core   0: 0x8001384c (0x00001f17) auipc   t5, 0x1
core   0: 3 0x8001384c (0x00001f17) x30 0x8001484c
core   0: 0x80013850 (0x7a3f2a23) sw      gp, 1972(t5)
core   0: 3 0x80013850 (0x7a3f2a23) mem 0x80015000 0x00000001
core   0: 0x80013854 (0xff9ff06f) j       pc - 0x8
core   0: 3 0x80013854 (0xff9ff06f)
core   0: 0x8001384c (0x00001f17) auipc   t5, 0x1
core   0: 3 0x8001384c (0x00001f17) x30 0x8001484c
core   0: 0x80013850 (0x7a3f2a23) sw      gp, 1972(t5)
core   0: 3 0x80013850 (0x7a3f2a23) mem 0x80015000 0x00000001
core   0: 0x80013854 (0xff9ff06f) j       pc - 0x8
core   0: 3 0x80013854 (0xff9ff06f)
core   0: 0x8001384c (0x00001f17) auipc   t5, 0x1
core   0: 3 0x8001384c (0x00001f17) x30 0x8001484c
core   0: 0x80013850 (0x7a3f2a23) sw      gp, 1972(t5)
core   0: 3 0x80013850 (0x7a3f2a23) mem 0x80015000 0x00000001
